<?xml version="1.0" encoding="UTF-8"?>
<testsuite xmlns:xsi="http://www.w3.org/2001/XMLSchema-instance" xsi:noNamespaceSchemaLocation="https://maven.apache.org/surefire/maven-surefire-plugin/xsd/surefire-test-report-3.0.xsd" version="3.0" name="org.apache.hadoop.hdds.scm.TestSecretKeysApi" time="179.421" tests="4" errors="0" skipped="0" failures="1">
  <properties>
    <property name="awt.toolkit" value="sun.awt.X11.XToolkit"/>
    <property name="java.specification.version" value="1.8"/>
    <property name="file.encoding.pkg" value="sun.io"/>
    <property name="sun.cpu.isalist" value=""/>
    <property name="sun.jnu.encoding" value="UTF-8"/>
    <property name="gradle.enterprise.listener.surefire.forkId" value="1"/>
    <property name="java.class.path" value="/home/runner/work/ozone/ozone/hadoop-ozone/integration-test/target/test-classes:/home/runner/work/ozone/ozone/hadoop-ozone/integration-test/target/classes:/home/runner/work/ozone/ozone/hadoop-ozone/common/target/classes:/home/runner/.m2/repository/io/grpc/grpc-netty/1.58.0/grpc-netty-1.58.0.jar:/home/runner/.m2/repository/io/grpc/grpc-core/1.58.0/grpc-core-1.58.0.jar:/home/runner/.m2/repository/com/google/android/annotations/4.1.1.4/annotations-4.1.1.4.jar:/home/runner/.m2/repository/org/codehaus/mojo/animal-sniffer-annotations/1.23/animal-sniffer-annotations-1.23.jar:/home/runner/.m2/repository/io/grpc/grpc-context/1.58.0/grpc-context-1.58.0.jar:/home/runner/.m2/repository/io/grpc/grpc-util/1.58.0/grpc-util-1.58.0.jar:/home/runner/.m2/repository/com/google/errorprone/error_prone_annotations/2.2.0/error_prone_annotations-2.2.0.jar:/home/runner/.m2/repository/io/perfmark/perfmark-api/0.26.0/perfmark-api-0.26.0.jar:/home/runner/.m2/repository/io/netty/netty-codec-http2/4.1.100.Final/netty-codec-http2-4.1.100.Final.jar:/home/runner/.m2/repository/io/netty/netty-common/4.1.100.Final/netty-common-4.1.100.Final.jar:/home/runner/.m2/repository/io/netty/netty-buffer/4.1.100.Final/netty-buffer-4.1.100.Final.jar:/home/runner/.m2/repository/io/netty/netty-codec-http/4.1.100.Final/netty-codec-http-4.1.100.Final.jar:/home/runner/.m2/repository/io/netty/netty-handler-proxy/4.1.100.Final/netty-handler-proxy-4.1.100.Final.jar:/home/runner/.m2/repository/io/netty/netty-codec-socks/4.1.100.Final/netty-codec-socks-4.1.100.Final.jar:/home/runner/.m2/repository/io/netty/netty-tcnative-boringssl-static/2.0.61.Final/netty-tcnative-boringssl-static-2.0.61.Final.jar:/home/runner/.m2/repository/io/netty/netty-tcnative-classes/2.0.61.Final/netty-tcnative-classes-2.0.61.Final.jar:/home/runner/.m2/repository/io/netty/netty-tcnative-boringssl-static/2.0.61.Final/netty-tcnative-boringssl-static-2.0.61.Final-linux-x86_64.jar:/home/runner/.m2/repository/io/netty/netty-tcnative-boringssl-static/2.0.61.Final/netty-tcnative-boringssl-static-2.0.61.Final-linux-aarch_64.jar:/home/runner/.m2/repository/io/netty/netty-tcnative-boringssl-static/2.0.61.Final/netty-tcnative-boringssl-static-2.0.61.Final-osx-x86_64.jar:/home/runner/.m2/repository/io/netty/netty-tcnative-boringssl-static/2.0.61.Final/netty-tcnative-boringssl-static-2.0.61.Final-osx-aarch_64.jar:/home/runner/.m2/repository/io/netty/netty-tcnative-boringssl-static/2.0.61.Final/netty-tcnative-boringssl-static-2.0.61.Final-windows-x86_64.jar:/home/runner/.m2/repository/org/apache/commons/commons-compress/1.26.0/commons-compress-1.26.0.jar:/home/runner/work/ozone/ozone/hadoop-hdds/common/target/classes:/home/runner/work/ozone/ozone/hadoop-hdds/client/target/classes:/home/runner/work/ozone/ozone/hadoop-ozone/interface-client/target/classes:/home/runner/.m2/repository/org/apache/hadoop/hadoop-hdfs-client/3.3.6/hadoop-hdfs-client-3.3.6.jar:/home/runner/.m2/repository/com/squareup/okhttp3/okhttp/4.12.0/okhttp-4.12.0.jar:/home/runner/.m2/repository/com/squareup/okio/okio/3.6.0/okio-3.6.0.jar:/home/runner/.m2/repository/com/squareup/okio/okio-jvm/3.6.0/okio-jvm-3.6.0.jar:/home/runner/.m2/repository/org/jetbrains/kotlin/kotlin-stdlib-jdk8/1.9.22/kotlin-stdlib-jdk8-1.9.22.jar:/home/runner/.m2/repository/org/jetbrains/kotlin/kotlin-stdlib-jdk7/1.9.22/kotlin-stdlib-jdk7-1.9.22.jar:/home/runner/.m2/repository/org/jetbrains/kotlin/kotlin-stdlib-common/1.9.22/kotlin-stdlib-common-1.9.22.jar:/home/runner/work/ozone/ozone/hadoop-hdds/test-utils/target/classes:/home/runner/.m2/repository/org/assertj/assertj-core/3.12.2/assertj-core-3.12.2.jar:/home/runner/.m2/repository/com/google/guava/guava/32.0.0-jre/guava-32.0.0-jre.jar:/home/runner/.m2/repository/com/google/guava/failureaccess/1.0.1/failureaccess-1.0.1.jar:/home/runner/.m2/repository/com/google/guava/listenablefuture/9999.0-empty-to-avoid-conflict-with-guava/listenablefuture-9999.0-empty-to-avoid-conflict-with-guava.jar:/home/runner/.m2/repository/org/checkerframework/checker-qual/3.33.0/checker-qual-3.33.0.jar:/home/runner/.m2/repository/com/google/j2objc/j2objc-annotations/2.8/j2objc-annotations-2.8.jar:/home/runner/.m2/repository/commons-io/commons-io/2.16.0/commons-io-2.16.0.jar:/home/runner/.m2/repository/commons-logging/commons-logging/1.2/commons-logging-1.2.jar:/home/runner/.m2/repository/org/junit/jupiter/junit-jupiter-api/5.10.2/junit-jupiter-api-5.10.2.jar:/home/runner/.m2/repository/org/opentest4j/opentest4j/1.3.0/opentest4j-1.3.0.jar:/home/runner/.m2/repository/org/junit/platform/junit-platform-commons/1.10.2/junit-platform-commons-1.10.2.jar:/home/runner/.m2/repository/ch/qos/reload4j/reload4j/1.2.25/reload4j-1.2.25.jar:/home/runner/.m2/repository/jakarta/annotation/jakarta.annotation-api/2.1.1/jakarta.annotation-api-2.1.1.jar:/home/runner/.m2/repository/org/slf4j/slf4j-api/2.0.12/slf4j-api-2.0.12.jar:/home/runner/.m2/repository/org/apache/logging/log4j/log4j-api/2.17.1/log4j-api-2.17.1.jar:/home/runner/work/ozone/ozone/hadoop-hdds/server-scm/target/classes:/home/runner/.m2/repository/com/google/protobuf/protobuf-java/2.5.0/protobuf-java-2.5.0.jar:/home/runner/work/ozone/ozone/hadoop-hdds/container-service/target/classes:/home/runner/work/ozone/ozone/hadoop-hdds/hadoop-dependency-server/target/classes:/home/runner/.m2/repository/com/nimbusds/nimbus-jose-jwt/9.37.2/nimbus-jose-jwt-9.37.2.jar:/home/runner/.m2/repository/com/github/stephenc/jcip/jcip-annotations/1.0-1/jcip-annotations-1.0-1.jar:/home/runner/.m2/repository/org/apache/hadoop/hadoop-hdfs/3.3.6/hadoop-hdfs-3.3.6.jar:/home/runner/.m2/repository/commons-daemon/commons-daemon/1.0.13/commons-daemon-1.0.13.jar:/home/runner/.m2/repository/org/xerial/snappy/snappy-java/1.1.10.5/snappy-java-1.1.10.5.jar:/home/runner/work/ozone/ozone/hadoop-hdds/framework/target/classes:/home/runner/.m2/repository/org/bouncycastle/bcprov-jdk18on/1.77/bcprov-jdk18on-1.77.jar:/home/runner/.m2/repository/io/dropwizard/metrics/metrics-core/3.2.4/metrics-core-3.2.4.jar:/home/runner/.m2/repository/org/apache/commons/commons-text/1.11.0/commons-text-1.11.0.jar:/home/runner/work/ozone/ozone/hadoop-hdds/framework/target/test-classes:/home/runner/work/ozone/ozone/hadoop-hdds/interface-server/target/classes:/home/runner/work/ozone/ozone/hadoop-hdds/interface-admin/target/classes:/home/runner/work/ozone/ozone/hadoop-hdds/managed-rocksdb/target/classes:/home/runner/.m2/repository/org/rocksdb/rocksdbjni/7.7.3/rocksdbjni-7.7.3.jar:/home/runner/.m2/repository/org/slf4j/slf4j-reload4j/2.0.12/slf4j-reload4j-2.0.12.jar:/home/runner/.m2/repository/org/apache/commons/commons-configuration2/2.10.1/commons-configuration2-2.10.1.jar:/home/runner/.m2/repository/commons-fileupload/commons-fileupload/1.5/commons-fileupload-1.5.jar:/home/runner/.m2/repository/org/apache/logging/log4j/log4j-core/2.17.1/log4j-core-2.17.1.jar:/home/runner/.m2/repository/com/lmax/disruptor/3.4.4/disruptor-3.4.4.jar:/home/runner/.m2/repository/org/eclipse/jetty/jetty-util/9.4.53.v20231009/jetty-util-9.4.53.v20231009.jar:/home/runner/.m2/repository/org/eclipse/jetty/jetty-server/9.4.53.v20231009/jetty-server-9.4.53.v20231009.jar:/home/runner/.m2/repository/org/eclipse/jetty/jetty-http/9.4.53.v20231009/jetty-http-9.4.53.v20231009.jar:/home/runner/.m2/repository/org/eclipse/jetty/jetty-io/9.4.53.v20231009/jetty-io-9.4.53.v20231009.jar:/home/runner/.m2/repository/org/eclipse/jetty/jetty-servlet/9.4.53.v20231009/jetty-servlet-9.4.53.v20231009.jar:/home/runner/.m2/repository/org/eclipse/jetty/jetty-security/9.4.53.v20231009/jetty-security-9.4.53.v20231009.jar:/home/runner/.m2/repository/org/eclipse/jetty/jetty-util-ajax/9.4.53.v20231009/jetty-util-ajax-9.4.53.v20231009.jar:/home/runner/.m2/repository/org/eclipse/jetty/jetty-webapp/9.4.53.v20231009/jetty-webapp-9.4.53.v20231009.jar:/home/runner/.m2/repository/org/eclipse/jetty/jetty-xml/9.4.53.v20231009/jetty-xml-9.4.53.v20231009.jar:/home/runner/.m2/repository/org/apache/ratis/ratis-server/3.0.1/ratis-server-3.0.1.jar:/home/runner/.m2/repository/org/apache/ratis/ratis-thirdparty-misc/1.0.5/ratis-thirdparty-misc-1.0.5.jar:/home/runner/.m2/repository/org/apache/ratis/ratis-proto/3.0.1/ratis-proto-3.0.1.jar:/home/runner/.m2/repository/org/apache/ratis/ratis-common/3.0.1/ratis-common-3.0.1.jar:/home/runner/.m2/repository/org/apache/ratis/ratis-client/3.0.1/ratis-client-3.0.1.jar:/home/runner/.m2/repository/org/apache/ratis/ratis-server-api/3.0.1/ratis-server-api-3.0.1.jar:/home/runner/.m2/repository/org/apache/ratis/ratis-metrics-api/3.0.1/ratis-metrics-api-3.0.1.jar:/home/runner/.m2/repository/org/apache/ratis/ratis-metrics-dropwizard3/3.0.1/ratis-metrics-dropwizard3-3.0.1.jar:/home/runner/.m2/repository/io/prometheus/simpleclient_dropwizard/0.16.0/simpleclient_dropwizard-0.16.0.jar:/home/runner/.m2/repository/io/prometheus/simpleclient/0.16.0/simpleclient-0.16.0.jar:/home/runner/.m2/repository/io/prometheus/simpleclient_common/0.16.0/simpleclient_common-0.16.0.jar:/home/runner/.m2/repository/com/fasterxml/jackson/datatype/jackson-datatype-jsr310/2.16.1/jackson-datatype-jsr310-2.16.1.jar:/home/runner/.m2/repository/com/fasterxml/jackson/core/jackson-core/2.16.1/jackson-core-2.16.1.jar:/home/runner/work/ozone/ozone/hadoop-hdds/rocksdb-checkpoint-differ/target/classes:/home/runner/.m2/repository/org/jgrapht/jgrapht-core/1.4.0/jgrapht-core-1.4.0.jar:/home/runner/.m2/repository/org/jheaps/jheaps/0.11/jheaps-0.11.jar:/home/runner/.m2/repository/org/jgrapht/jgrapht-ext/1.4.0/jgrapht-ext-1.4.0.jar:/home/runner/.m2/repository/com/github/vlsi/mxgraph/jgraphx/3.9.8.1/jgraphx-3.9.8.1.jar:/home/runner/work/ozone/ozone/hadoop-ozone/ozone-manager/target/classes:/home/runner/.m2/repository/org/aspectj/aspectjrt/1.9.7/aspectjrt-1.9.7.jar:/home/runner/.m2/repository/org/aspectj/aspectjweaver/1.9.7/aspectjweaver-1.9.7.jar:/home/runner/work/ozone/ozone/hadoop-hdds/interface-client/target/classes:/home/runner/.m2/repository/org/apache/hadoop/thirdparty/hadoop-shaded-protobuf_3_7/1.1.1/hadoop-shaded-protobuf_3_7-1.1.1.jar:/home/runner/work/ozone/ozone/hadoop-ozone/interface-storage/target/classes:/home/runner/.m2/repository/org/reflections/reflections/0.10.2/reflections-0.10.2.jar:/home/runner/.m2/repository/com/sun/jersey/jersey-client/1.19.4/jersey-client-1.19.4.jar:/home/runner/.m2/repository/org/codehaus/jackson/jackson-core-asl/1.9.13/jackson-core-asl-1.9.13.jar:/home/runner/.m2/repository/org/codehaus/jackson/jackson-mapper-asl/1.9.13/jackson-mapper-asl-1.9.13.jar:/home/runner/.m2/repository/org/codehaus/jackson/jackson-jaxrs/1.9.13/jackson-jaxrs-1.9.13.jar:/home/runner/.m2/repository/org/apache/ranger/ranger-intg/2.3.0/ranger-intg-2.3.0.jar:/home/runner/.m2/repository/org/apache/ranger/ranger-plugins-common/2.3.0/ranger-plugins-common-2.3.0.jar:/home/runner/.m2/repository/commons-lang/commons-lang/2.6/commons-lang-2.6.jar:/home/runner/.m2/repository/org/apache/ranger/ranger-plugins-cred/2.3.0/ranger-plugins-cred-2.3.0.jar:/home/runner/.m2/repository/org/apache/ranger/ranger-plugins-audit/2.3.0/ranger-plugins-audit-2.3.0.jar:/home/runner/.m2/repository/org/eclipse/jetty/jetty-client/9.4.53.v20231009/jetty-client-9.4.53.v20231009.jar:/home/runner/.m2/repository/org/apache/httpcomponents/httpmime/4.5.6/httpmime-4.5.6.jar:/home/runner/.m2/repository/org/apache/httpcomponents/httpcore-nio/4.4.16/httpcore-nio-4.4.16.jar:/home/runner/.m2/repository/org/apache/httpcomponents/httpasyncclient/4.1.3/httpasyncclient-4.1.3.jar:/home/runner/.m2/repository/com/carrotsearch/hppc/0.8.0/hppc-0.8.0.jar:/home/runner/.m2/repository/org/apache/orc/orc-core/1.5.8/orc-core-1.5.8.jar:/home/runner/.m2/repository/net/java/dev/jna/jna/5.2.0/jna-5.2.0.jar:/home/runner/.m2/repository/net/java/dev/jna/jna-platform/5.2.0/jna-platform-5.2.0.jar:/home/runner/.m2/repository/com/kstruct/gethostname4j/0.0.2/gethostname4j-0.0.2.jar:/home/runner/.m2/repository/org/apache/ranger/ranger-plugin-classloader/2.3.0/ranger-plugin-classloader-2.3.0.jar:/home/runner/work/ozone/ozone/hadoop-hdds/rocks-native/target/classes:/home/runner/.m2/repository/org/apache/hadoop/hadoop-minikdc/3.3.6/hadoop-minikdc-3.3.6.jar:/home/runner/.m2/repository/org/apache/kerby/kerb-simplekdc/1.0.1/kerb-simplekdc-1.0.1.jar:/home/runner/.m2/repository/org/apache/kerby/kerb-client/1.0.1/kerb-client-1.0.1.jar:/home/runner/.m2/repository/org/apache/kerby/kerby-config/1.0.1/kerby-config-1.0.1.jar:/home/runner/.m2/repository/org/apache/kerby/kerb-common/1.0.1/kerb-common-1.0.1.jar:/home/runner/.m2/repository/org/apache/kerby/kerb-crypto/1.0.1/kerb-crypto-1.0.1.jar:/home/runner/.m2/repository/org/apache/kerby/kerb-util/1.0.1/kerb-util-1.0.1.jar:/home/runner/.m2/repository/org/apache/kerby/token-provider/1.0.1/token-provider-1.0.1.jar:/home/runner/.m2/repository/org/apache/kerby/kerb-admin/1.0.1/kerb-admin-1.0.1.jar:/home/runner/.m2/repository/org/apache/kerby/kerb-server/1.0.1/kerb-server-1.0.1.jar:/home/runner/.m2/repository/org/apache/kerby/kerb-identity/1.0.1/kerb-identity-1.0.1.jar:/home/runner/.m2/repository/org/apache/kerby/kerby-xdr/1.0.1/kerby-xdr-1.0.1.jar:/home/runner/.m2/repository/junit/junit/4.13.2/junit-4.13.2.jar:/home/runner/.m2/repository/org/hamcrest/hamcrest-core/1.3/hamcrest-core-1.3.jar:/home/runner/work/ozone/ozone/hadoop-ozone/s3gateway/target/classes:/home/runner/.m2/repository/org/javassist/javassist/3.21.0-GA/javassist-3.21.0-GA.jar:/home/runner/.m2/repository/org/jboss/weld/servlet/weld-servlet-shaded/3.1.9.Final/weld-servlet-shaded-3.1.9.Final.jar:/home/runner/.m2/repository/org/glassfish/jersey/containers/jersey-container-servlet-core/2.42/jersey-container-servlet-core-2.42.jar:/home/runner/.m2/repository/org/glassfish/hk2/external/jakarta.inject/2.6.1/jakarta.inject-2.6.1.jar:/home/runner/.m2/repository/org/glassfish/jersey/core/jersey-common/2.42/jersey-common-2.42.jar:/home/runner/.m2/repository/jakarta/ws/rs/jakarta.ws.rs-api/2.1.6/jakarta.ws.rs-api-2.1.6.jar:/home/runner/.m2/repository/org/glassfish/jersey/ext/cdi/jersey-cdi1x/2.42/jersey-cdi1x-2.42.jar:/home/runner/.m2/repository/org/glassfish/jersey/inject/jersey-hk2/2.42/jersey-hk2-2.42.jar:/home/runner/.m2/repository/org/glassfish/hk2/hk2-locator/2.6.1/hk2-locator-2.6.1.jar:/home/runner/.m2/repository/org/glassfish/jersey/media/jersey-media-jaxb/2.42/jersey-media-jaxb-2.42.jar:/home/runner/.m2/repository/org/glassfish/hk2/osgi-resource-locator/1.0.3/osgi-resource-locator-1.0.3.jar:/home/runner/.m2/repository/org/glassfish/hk2/hk2-api/2.6.1/hk2-api-2.6.1.jar:/home/runner/.m2/repository/org/glassfish/hk2/hk2-utils/2.6.1/hk2-utils-2.6.1.jar:/home/runner/.m2/repository/org/glassfish/hk2/external/aopalliance-repackaged/2.6.1/aopalliance-repackaged-2.6.1.jar:/home/runner/.m2/repository/com/fasterxml/jackson/dataformat/jackson-dataformat-xml/2.16.1/jackson-dataformat-xml-2.16.1.jar:/home/runner/.m2/repository/org/codehaus/woodstox/stax2-api/4.2.2/stax2-api-4.2.2.jar:/home/runner/.m2/repository/com/fasterxml/woodstox/woodstox-core/5.4.0/woodstox-core-5.4.0.jar:/home/runner/.m2/repository/com/fasterxml/jackson/module/jackson-module-jaxb-annotations/2.16.1/jackson-module-jaxb-annotations-2.16.1.jar:/home/runner/.m2/repository/javax/enterprise/cdi-api/2.0/cdi-api-2.0.jar:/home/runner/.m2/repository/javax/el/javax.el-api/3.0.0/javax.el-api-3.0.0.jar:/home/runner/.m2/repository/javax/interceptor/javax.interceptor-api/1.2/javax.interceptor-api-1.2.jar:/home/runner/.m2/repository/javax/inject/javax.inject/1/javax.inject-1.jar:/home/runner/.m2/repository/jakarta/xml/bind/jakarta.xml.bind-api/2.3.3/jakarta.xml.bind-api-2.3.3.jar:/home/runner/.m2/repository/org/glassfish/jaxb/jaxb-runtime/2.3.9/jaxb-runtime-2.3.9.jar:/home/runner/.m2/repository/org/glassfish/jaxb/txw2/2.3.9/txw2-2.3.9.jar:/home/runner/.m2/repository/com/sun/istack/istack-commons-runtime/3.0.12/istack-commons-runtime-3.0.12.jar:/home/runner/.m2/repository/com/sun/activation/jakarta.activation/1.2.2/jakarta.activation-1.2.2.jar:/home/runner/.m2/repository/jakarta/activation/jakarta.activation-api/1.2.2/jakarta.activation-api-1.2.2.jar:/home/runner/.m2/repository/io/grpc/grpc-protobuf/1.58.0/grpc-protobuf-1.58.0.jar:/home/runner/.m2/repository/com/google/api/grpc/proto-google-common-protos/2.22.0/proto-google-common-protos-2.22.0.jar:/home/runner/.m2/repository/io/grpc/grpc-protobuf-lite/1.58.0/grpc-protobuf-lite-1.58.0.jar:/home/runner/.m2/repository/io/grpc/grpc-stub/1.58.0/grpc-stub-1.58.0.jar:/home/runner/.m2/repository/io/netty/netty-transport/4.1.100.Final/netty-transport-4.1.100.Final.jar:/home/runner/.m2/repository/io/netty/netty-resolver/4.1.100.Final/netty-resolver-4.1.100.Final.jar:/home/runner/work/ozone/ozone/hadoop-ozone/csi/target/classes:/home/runner/.m2/repository/com/google/protobuf/protobuf-java-util/3.19.6/protobuf-java-util-3.19.6.jar:/home/runner/.m2/repository/com/google/code/gson/gson/2.10.1/gson-2.10.1.jar:/home/runner/work/ozone/ozone/hadoop-hdds/config/target/classes:/home/runner/.m2/repository/io/netty/netty-transport-native-epoll/4.1.100.Final/netty-transport-native-epoll-4.1.100.Final-linux-x86_64.jar:/home/runner/.m2/repository/io/netty/netty-transport-classes-epoll/4.1.100.Final/netty-transport-classes-epoll-4.1.100.Final.jar:/home/runner/.m2/repository/io/netty/netty-transport-native-unix-common/4.1.100.Final/netty-transport-native-unix-common-4.1.100.Final.jar:/home/runner/work/ozone/ozone/hadoop-ozone/recon/target/classes:/home/runner/work/ozone/ozone/hadoop-ozone/recon-codegen/target/classes:/home/runner/.m2/repository/com/google/inject/guice/6.0.0/guice-6.0.0.jar:/home/runner/.m2/repository/jakarta/inject/jakarta.inject-api/2.0.1/jakarta.inject-api-2.0.1.jar:/home/runner/.m2/repository/aopalliance/aopalliance/1.0/aopalliance-1.0.jar:/home/runner/.m2/repository/com/google/inject/extensions/guice-assistedinject/6.0.0/guice-assistedinject-6.0.0.jar:/home/runner/.m2/repository/com/google/inject/extensions/guice-servlet/6.0.0/guice-servlet-6.0.0.jar:/home/runner/.m2/repository/org/glassfish/jersey/containers/jersey-container-servlet/2.42/jersey-container-servlet-2.42.jar:/home/runner/.m2/repository/org/glassfish/hk2/guice-bridge/2.6.1/guice-bridge-2.6.1.jar:/home/runner/.m2/repository/org/glassfish/jersey/core/jersey-server/2.42/jersey-server-2.42.jar:/home/runner/.m2/repository/org/glassfish/jersey/core/jersey-client/2.42/jersey-client-2.42.jar:/home/runner/.m2/repository/jakarta/validation/jakarta.validation-api/2.0.2/jakarta.validation-api-2.0.2.jar:/home/runner/.m2/repository/org/glassfish/jersey/media/jersey-media-json-jackson/2.42/jersey-media-json-jackson-2.42.jar:/home/runner/.m2/repository/org/glassfish/jersey/ext/jersey-entity-filtering/2.42/jersey-entity-filtering-2.42.jar:/home/runner/.m2/repository/org/jooq/jooq/3.11.10/jooq-3.11.10.jar:/home/runner/.m2/repository/org/jooq/jooq-meta/3.11.10/jooq-meta-3.11.10.jar:/home/runner/.m2/repository/org/jooq/jooq-codegen/3.11.10/jooq-codegen-3.11.10.jar:/home/runner/.m2/repository/com/jolbox/bonecp/0.8.0.RELEASE/bonecp-0.8.0.RELEASE.jar:/home/runner/.m2/repository/org/apache/derby/derby/10.14.2.0/derby-10.14.2.0.jar:/home/runner/.m2/repository/org/xerial/sqlite-jdbc/3.44.1.0/sqlite-jdbc-3.44.1.0.jar:/home/runner/.m2/repository/org/springframework/spring-jdbc/5.3.27/spring-jdbc-5.3.27.jar:/home/runner/.m2/repository/org/springframework/spring-beans/5.3.27/spring-beans-5.3.27.jar:/home/runner/.m2/repository/org/springframework/spring-core/5.3.27/spring-core-5.3.27.jar:/home/runner/.m2/repository/org/springframework/spring-tx/5.3.27/spring-tx-5.3.27.jar:/home/runner/work/ozone/ozone/hadoop-ozone/client/target/classes:/home/runner/work/ozone/ozone/hadoop-hdds/erasurecode/target/classes:/home/runner/work/ozone/ozone/hadoop-ozone/ozonefs/target/classes:/home/runner/work/ozone/ozone/hadoop-ozone/ozonefs-common/target/classes:/home/runner/work/ozone/ozone/hadoop-ozone/tools/target/classes:/home/runner/.m2/repository/com/amazonaws/aws-java-sdk-core/1.12.661/aws-java-sdk-core-1.12.661.jar:/home/runner/.m2/repository/org/apache/httpcomponents/httpclient/4.5.14/httpclient-4.5.14.jar:/home/runner/.m2/repository/org/apache/httpcomponents/httpcore/4.4.16/httpcore-4.4.16.jar:/home/runner/.m2/repository/com/fasterxml/jackson/dataformat/jackson-dataformat-cbor/2.16.1/jackson-dataformat-cbor-2.16.1.jar:/home/runner/.m2/repository/joda-time/joda-time/2.12.7/joda-time-2.12.7.jar:/home/runner/.m2/repository/com/amazonaws/aws-java-sdk-s3/1.12.661/aws-java-sdk-s3-1.12.661.jar:/home/runner/.m2/repository/com/amazonaws/aws-java-sdk-kms/1.12.661/aws-java-sdk-kms-1.12.661.jar:/home/runner/.m2/repository/com/amazonaws/jmespath-java/1.12.661/jmespath-java-1.12.661.jar:/home/runner/.m2/repository/org/kohsuke/metainf-services/metainf-services/1.11/metainf-services-1.11.jar:/home/runner/work/ozone/ozone/hadoop-hdds/tools/target/classes:/home/runner/.m2/repository/org/apache/ratis/ratis-tools/3.0.1/ratis-tools-3.0.1.jar:/home/runner/.m2/repository/commons-cli/commons-cli/1.6.0/commons-cli-1.6.0.jar:/home/runner/.m2/repository/org/apache/commons/commons-lang3/3.14.0/commons-lang3-3.14.0.jar:/home/runner/work/ozone/ozone/hadoop-ozone/ozone-manager/target/test-classes:/home/runner/work/ozone/ozone/hadoop-hdds/common/target/test-classes:/home/runner/work/ozone/ozone/hadoop-hdds/hadoop-dependency-client/target/classes:/home/runner/.m2/repository/info/picocli/picocli/4.7.5/picocli-4.7.5.jar:/home/runner/.m2/repository/com/fasterxml/jackson/core/jackson-annotations/2.16.1/jackson-annotations-2.16.1.jar:/home/runner/work/ozone/ozone/hadoop-hdds/annotations/target/classes:/home/runner/.m2/repository/javax/annotation/javax.annotation-api/1.3.2/javax.annotation-api-1.3.2.jar:/home/runner/.m2/repository/org/apache/ratis/ratis-netty/3.0.1/ratis-netty-3.0.1.jar:/home/runner/.m2/repository/org/apache/ratis/ratis-grpc/3.0.1/ratis-grpc-3.0.1.jar:/home/runner/.m2/repository/org/bouncycastle/bcpkix-jdk18on/1.77/bcpkix-jdk18on-1.77.jar:/home/runner/.m2/repository/org/bouncycastle/bcutil-jdk18on/1.77/bcutil-jdk18on-1.77.jar:/home/runner/.m2/repository/commons-validator/commons-validator/1.6/commons-validator-1.6.jar:/home/runner/.m2/repository/commons-beanutils/commons-beanutils/1.9.4/commons-beanutils-1.9.4.jar:/home/runner/.m2/repository/commons-digester/commons-digester/1.8.1/commons-digester-1.8.1.jar:/home/runner/.m2/repository/commons-collections/commons-collections/3.2.2/commons-collections-3.2.2.jar:/home/runner/.m2/repository/io/jaegertracing/jaeger-client/1.8.1/jaeger-client-1.8.1.jar:/home/runner/.m2/repository/io/jaegertracing/jaeger-thrift/1.8.1/jaeger-thrift-1.8.1.jar:/home/runner/.m2/repository/org/apache/thrift/libthrift/0.15.0/libthrift-0.15.0.jar:/home/runner/.m2/repository/io/jaegertracing/jaeger-core/1.8.1/jaeger-core-1.8.1.jar:/home/runner/.m2/repository/io/jaegertracing/jaeger-tracerresolver/1.8.1/jaeger-tracerresolver-1.8.1.jar:/home/runner/.m2/repository/io/opentracing/contrib/opentracing-tracerresolver/0.1.8/opentracing-tracerresolver-0.1.8.jar:/home/runner/.m2/repository/org/jetbrains/kotlin/kotlin-stdlib/1.9.22/kotlin-stdlib-1.9.22.jar:/home/runner/.m2/repository/org/jetbrains/annotations/13.0/annotations-13.0.jar:/home/runner/.m2/repository/io/opentracing/opentracing-util/0.33.0/opentracing-util-0.33.0.jar:/home/runner/.m2/repository/io/opentracing/opentracing-api/0.33.0/opentracing-api-0.33.0.jar:/home/runner/.m2/repository/io/opentracing/opentracing-noop/0.33.0/opentracing-noop-0.33.0.jar:/home/runner/.m2/repository/org/yaml/snakeyaml/2.0/snakeyaml-2.0.jar:/home/runner/.m2/repository/io/grpc/grpc-api/1.58.0/grpc-api-1.58.0.jar:/home/runner/.m2/repository/org/junit/platform/junit-platform-launcher/1.10.2/junit-platform-launcher-1.10.2.jar:/home/runner/.m2/repository/org/junit/platform/junit-platform-engine/1.10.2/junit-platform-engine-1.10.2.jar:/home/runner/.m2/repository/org/apiguardian/apiguardian-api/1.1.2/apiguardian-api-1.1.2.jar:/home/runner/.m2/repository/org/apache/hadoop/hadoop-kms/3.3.6/hadoop-kms-3.3.6.jar:/home/runner/.m2/repository/org/apache/hadoop/hadoop-auth/3.3.6/hadoop-auth-3.3.6.jar:/home/runner/.m2/repository/org/apache/zookeeper/zookeeper/3.8.4/zookeeper-3.8.4.jar:/home/runner/.m2/repository/org/apache/zookeeper/zookeeper-jute/3.8.4/zookeeper-jute-3.8.4.jar:/home/runner/.m2/repository/org/apache/yetus/audience-annotations/0.12.0/audience-annotations-0.12.0.jar:/home/runner/.m2/repository/org/apache/curator/curator-framework/4.2.0/curator-framework-4.2.0.jar:/home/runner/.m2/repository/org/apache/hadoop/thirdparty/hadoop-shaded-guava/1.2.0/hadoop-shaded-guava-1.2.0.jar:/home/runner/.m2/repository/com/sun/jersey/jersey-core/1.19.4/jersey-core-1.19.4.jar:/home/runner/.m2/repository/javax/ws/rs/jsr311-api/1.1.1/jsr311-api-1.1.1.jar:/home/runner/.m2/repository/com/sun/jersey/jersey-server/1.19.4/jersey-server-1.19.4.jar:/home/runner/.m2/repository/javax/servlet/javax.servlet-api/3.1.0/javax.servlet-api-3.1.0.jar:/home/runner/.m2/repository/org/apache/hadoop/hadoop-common/3.3.6/hadoop-common-3.3.6.jar:/home/runner/.m2/repository/org/apache/commons/commons-math3/3.6.1/commons-math3-3.6.1.jar:/home/runner/.m2/repository/commons-net/commons-net/3.10.0/commons-net-3.10.0.jar:/home/runner/.m2/repository/com/sun/jersey/jersey-servlet/1.19.4/jersey-servlet-1.19.4.jar:/home/runner/.m2/repository/com/github/pjfanning/jersey-json/1.20/jersey-json-1.20.jar:/home/runner/.m2/repository/org/codehaus/jettison/jettison/1.1/jettison-1.1.jar:/home/runner/.m2/repository/com/sun/xml/bind/jaxb-impl/2.2.3-1/jaxb-impl-2.2.3-1.jar:/home/runner/.m2/repository/com/google/re2j/re2j/1.7/re2j-1.7.jar:/home/runner/.m2/repository/com/jcraft/jsch/0.1.54/jsch-0.1.54.jar:/home/runner/.m2/repository/org/apache/curator/curator-client/4.2.0/curator-client-4.2.0.jar:/home/runner/.m2/repository/org/apache/curator/curator-recipes/5.2.0/curator-recipes-5.2.0.jar:/home/runner/.m2/repository/com/google/code/findbugs/jsr305/3.0.2/jsr305-3.0.2.jar:/home/runner/.m2/repository/org/apache/kerby/kerb-core/1.0.1/kerb-core-1.0.1.jar:/home/runner/.m2/repository/org/apache/kerby/kerby-pkix/1.0.1/kerby-pkix-1.0.1.jar:/home/runner/.m2/repository/org/apache/kerby/kerby-asn1/1.0.1/kerby-asn1-1.0.1.jar:/home/runner/.m2/repository/org/apache/kerby/kerby-util/1.0.1/kerby-util-1.0.1.jar:/home/runner/.m2/repository/dnsjava/dnsjava/2.1.7/dnsjava-2.1.7.jar:/home/runner/.m2/repository/com/fasterxml/jackson/core/jackson-databind/2.16.1/jackson-databind-2.16.1.jar:/home/runner/.m2/repository/org/apache/hadoop/hadoop-kms/3.3.6/hadoop-kms-3.3.6-tests.jar:/home/runner/work/ozone/ozone/hadoop-hdds/server-scm/target/test-classes:/home/runner/work/ozone/ozone/hadoop-hdds/container-service/target/test-classes:/home/runner/.m2/repository/com/github/luben/zstd-jni/1.5.6-2/zstd-jni-1.5.6-2.jar:/home/runner/.m2/repository/commons-codec/commons-codec/1.15/commons-codec-1.15.jar:/home/runner/.m2/repository/io/netty/netty-codec/4.1.100.Final/netty-codec-4.1.100.Final.jar:/home/runner/.m2/repository/io/netty/netty-handler/4.1.100.Final/netty-handler-4.1.100.Final.jar:/home/runner/work/ozone/ozone/hadoop-hdds/hadoop-dependency-test/target/classes:/home/runner/.m2/repository/org/apache/hadoop/hadoop-common/3.3.6/hadoop-common-3.3.6-tests.jar:/home/runner/.m2/repository/org/apache/hadoop/hadoop-hdfs/3.3.6/hadoop-hdfs-3.3.6-tests.jar:/home/runner/.m2/repository/org/junit/jupiter/junit-jupiter-engine/5.10.2/junit-jupiter-engine-5.10.2.jar:/home/runner/.m2/repository/org/junit/jupiter/junit-jupiter-params/5.10.2/junit-jupiter-params-5.10.2.jar:/home/runner/.m2/repository/org/mockito/mockito-core/4.11.0/mockito-core-4.11.0.jar:/home/runner/.m2/repository/net/bytebuddy/byte-buddy/1.12.19/byte-buddy-1.12.19.jar:/home/runner/.m2/repository/net/bytebuddy/byte-buddy-agent/1.12.19/byte-buddy-agent-1.12.19.jar:/home/runner/.m2/repository/org/objenesis/objenesis/3.3/objenesis-3.3.jar:/home/runner/.m2/repository/org/mockito/mockito-junit-jupiter/4.11.0/mockito-junit-jupiter-4.11.0.jar:/home/runner/.m2/repository/org/apache/hadoop/hadoop-distcp/3.3.6/hadoop-distcp-3.3.6.jar:/home/runner/.m2/repository/org/apache/hadoop/hadoop-mapreduce-client-jobclient/3.3.6/hadoop-mapreduce-client-jobclient-3.3.6.jar:/home/runner/.m2/repository/org/apache/hadoop/hadoop-mapreduce-client-common/3.3.6/hadoop-mapreduce-client-common-3.3.6.jar:/home/runner/.m2/repository/org/apache/hadoop/hadoop-yarn-common/3.3.6/hadoop-yarn-common-3.3.6.jar:/home/runner/.m2/repository/org/apache/hadoop/hadoop-yarn-api/3.3.6/hadoop-yarn-api-3.3.6.jar:/home/runner/.m2/repository/javax/xml/bind/jaxb-api/2.2.11/jaxb-api-2.2.11.jar:/home/runner/.m2/repository/com/sun/jersey/contribs/jersey-guice/1.19.4/jersey-guice-1.19.4.jar:/home/runner/.m2/repository/com/fasterxml/jackson/jaxrs/jackson-jaxrs-json-provider/2.16.1/jackson-jaxrs-json-provider-2.16.1.jar:/home/runner/.m2/repository/com/fasterxml/jackson/jaxrs/jackson-jaxrs-base/2.16.1/jackson-jaxrs-base-2.16.1.jar:/home/runner/.m2/repository/org/apache/hadoop/hadoop-yarn-client/3.3.6/hadoop-yarn-client-3.3.6.jar:/home/runner/.m2/repository/org/eclipse/jetty/websocket/websocket-client/9.4.51.v20230217/websocket-client-9.4.51.v20230217.jar:/home/runner/.m2/repository/org/eclipse/jetty/websocket/websocket-common/9.4.51.v20230217/websocket-common-9.4.51.v20230217.jar:/home/runner/.m2/repository/org/eclipse/jetty/websocket/websocket-api/9.4.51.v20230217/websocket-api-9.4.51.v20230217.jar:/home/runner/.m2/repository/org/jline/jline/3.9.0/jline-3.9.0.jar:/home/runner/.m2/repository/org/apache/hadoop/hadoop-mapreduce-client-core/3.3.6/hadoop-mapreduce-client-core-3.3.6.jar:/home/runner/.m2/repository/org/apache/avro/avro/1.7.7/avro-1.7.7.jar:/home/runner/.m2/repository/com/thoughtworks/paranamer/paranamer/2.3/paranamer-2.3.jar:/home/runner/.m2/repository/org/apache/hadoop/hadoop-annotations/3.3.6/hadoop-annotations-3.3.6.jar:/usr/lib/jvm/temurin-8-jdk-amd64/jre/../lib/tools.jar:/home/runner/.m2/repository/io/netty/netty/3.10.6.Final/netty-3.10.6.Final.jar:/home/runner/.m2/repository/org/apache/hadoop/hadoop-distcp/3.3.6/hadoop-distcp-3.3.6-tests.jar:/home/runner/.m2/repository/org/hamcrest/hamcrest/2.2/hamcrest-2.2.jar:/home/runner/.m2/repository/org/slf4j/jul-to-slf4j/2.0.12/jul-to-slf4j-2.0.12.jar:/home/runner/work/ozone/ozone/hadoop-ozone/integration-test/target/gradle-enterprise/test-listeners.jar:"/>
    <property name="java.vm.vendor" value="Temurin"/>
    <property name="sun.arch.data.model" value="64"/>
    <property name="test.build.dir" value="/home/runner/work/ozone/ozone/hadoop-ozone/integration-test/target/test-dir"/>
    <property name="sun.security.krb5.debug" value="false"/>
    <property name="test.cache.data" value=""/>
    <property name="java.vendor.url" value="https://adoptium.net/"/>
    <property name="user.timezone" value="Etc/UTC"/>
    <property name="maven-surefire-plugin.argLineAccessArgs" value=""/>
    <property name="os.name" value="Linux"/>
    <property name="java.vm.specification.version" value="1.8"/>
    <property name="test.build.data" value="/home/runner/work/ozone/ozone/hadoop-ozone/integration-test/target/test-dir"/>
    <property name="sun.java.launcher" value="SUN_STANDARD"/>
    <property name="sun.boot.library.path" value="/usr/lib/jvm/temurin-8-jdk-amd64/jre/lib/amd64"/>
    <property name="sun.java.command" value="/home/runner/work/ozone/ozone/hadoop-ozone/integration-test/target/surefire/surefirebooter9212588429472289457.jar /home/runner/work/ozone/ozone/hadoop-ozone/integration-test/target/surefire 2024-04-16T13-16-57_137-jvmRun1 surefire1843535379930831722tmp surefire_261043761302818558838tmp"/>
    <property name="native.lib.tmp.dir" value="/tmp"/>
    <property name="surefire.test.class.path" value="/home/runner/work/ozone/ozone/hadoop-ozone/integration-test/target/test-classes:/home/runner/work/ozone/ozone/hadoop-ozone/integration-test/target/classes:/home/runner/work/ozone/ozone/hadoop-ozone/common/target/classes:/home/runner/.m2/repository/io/grpc/grpc-netty/1.58.0/grpc-netty-1.58.0.jar:/home/runner/.m2/repository/io/grpc/grpc-core/1.58.0/grpc-core-1.58.0.jar:/home/runner/.m2/repository/com/google/android/annotations/4.1.1.4/annotations-4.1.1.4.jar:/home/runner/.m2/repository/org/codehaus/mojo/animal-sniffer-annotations/1.23/animal-sniffer-annotations-1.23.jar:/home/runner/.m2/repository/io/grpc/grpc-context/1.58.0/grpc-context-1.58.0.jar:/home/runner/.m2/repository/io/grpc/grpc-util/1.58.0/grpc-util-1.58.0.jar:/home/runner/.m2/repository/com/google/errorprone/error_prone_annotations/2.2.0/error_prone_annotations-2.2.0.jar:/home/runner/.m2/repository/io/perfmark/perfmark-api/0.26.0/perfmark-api-0.26.0.jar:/home/runner/.m2/repository/io/netty/netty-codec-http2/4.1.100.Final/netty-codec-http2-4.1.100.Final.jar:/home/runner/.m2/repository/io/netty/netty-common/4.1.100.Final/netty-common-4.1.100.Final.jar:/home/runner/.m2/repository/io/netty/netty-buffer/4.1.100.Final/netty-buffer-4.1.100.Final.jar:/home/runner/.m2/repository/io/netty/netty-codec-http/4.1.100.Final/netty-codec-http-4.1.100.Final.jar:/home/runner/.m2/repository/io/netty/netty-handler-proxy/4.1.100.Final/netty-handler-proxy-4.1.100.Final.jar:/home/runner/.m2/repository/io/netty/netty-codec-socks/4.1.100.Final/netty-codec-socks-4.1.100.Final.jar:/home/runner/.m2/repository/io/netty/netty-tcnative-boringssl-static/2.0.61.Final/netty-tcnative-boringssl-static-2.0.61.Final.jar:/home/runner/.m2/repository/io/netty/netty-tcnative-classes/2.0.61.Final/netty-tcnative-classes-2.0.61.Final.jar:/home/runner/.m2/repository/io/netty/netty-tcnative-boringssl-static/2.0.61.Final/netty-tcnative-boringssl-static-2.0.61.Final-linux-x86_64.jar:/home/runner/.m2/repository/io/netty/netty-tcnative-boringssl-static/2.0.61.Final/netty-tcnative-boringssl-static-2.0.61.Final-linux-aarch_64.jar:/home/runner/.m2/repository/io/netty/netty-tcnative-boringssl-static/2.0.61.Final/netty-tcnative-boringssl-static-2.0.61.Final-osx-x86_64.jar:/home/runner/.m2/repository/io/netty/netty-tcnative-boringssl-static/2.0.61.Final/netty-tcnative-boringssl-static-2.0.61.Final-osx-aarch_64.jar:/home/runner/.m2/repository/io/netty/netty-tcnative-boringssl-static/2.0.61.Final/netty-tcnative-boringssl-static-2.0.61.Final-windows-x86_64.jar:/home/runner/.m2/repository/org/apache/commons/commons-compress/1.26.0/commons-compress-1.26.0.jar:/home/runner/work/ozone/ozone/hadoop-hdds/common/target/classes:/home/runner/work/ozone/ozone/hadoop-hdds/client/target/classes:/home/runner/work/ozone/ozone/hadoop-ozone/interface-client/target/classes:/home/runner/.m2/repository/org/apache/hadoop/hadoop-hdfs-client/3.3.6/hadoop-hdfs-client-3.3.6.jar:/home/runner/.m2/repository/com/squareup/okhttp3/okhttp/4.12.0/okhttp-4.12.0.jar:/home/runner/.m2/repository/com/squareup/okio/okio/3.6.0/okio-3.6.0.jar:/home/runner/.m2/repository/com/squareup/okio/okio-jvm/3.6.0/okio-jvm-3.6.0.jar:/home/runner/.m2/repository/org/jetbrains/kotlin/kotlin-stdlib-jdk8/1.9.22/kotlin-stdlib-jdk8-1.9.22.jar:/home/runner/.m2/repository/org/jetbrains/kotlin/kotlin-stdlib-jdk7/1.9.22/kotlin-stdlib-jdk7-1.9.22.jar:/home/runner/.m2/repository/org/jetbrains/kotlin/kotlin-stdlib-common/1.9.22/kotlin-stdlib-common-1.9.22.jar:/home/runner/work/ozone/ozone/hadoop-hdds/test-utils/target/classes:/home/runner/.m2/repository/org/assertj/assertj-core/3.12.2/assertj-core-3.12.2.jar:/home/runner/.m2/repository/com/google/guava/guava/32.0.0-jre/guava-32.0.0-jre.jar:/home/runner/.m2/repository/com/google/guava/failureaccess/1.0.1/failureaccess-1.0.1.jar:/home/runner/.m2/repository/com/google/guava/listenablefuture/9999.0-empty-to-avoid-conflict-with-guava/listenablefuture-9999.0-empty-to-avoid-conflict-with-guava.jar:/home/runner/.m2/repository/org/checkerframework/checker-qual/3.33.0/checker-qual-3.33.0.jar:/home/runner/.m2/repository/com/google/j2objc/j2objc-annotations/2.8/j2objc-annotations-2.8.jar:/home/runner/.m2/repository/commons-io/commons-io/2.16.0/commons-io-2.16.0.jar:/home/runner/.m2/repository/commons-logging/commons-logging/1.2/commons-logging-1.2.jar:/home/runner/.m2/repository/org/junit/jupiter/junit-jupiter-api/5.10.2/junit-jupiter-api-5.10.2.jar:/home/runner/.m2/repository/org/opentest4j/opentest4j/1.3.0/opentest4j-1.3.0.jar:/home/runner/.m2/repository/org/junit/platform/junit-platform-commons/1.10.2/junit-platform-commons-1.10.2.jar:/home/runner/.m2/repository/ch/qos/reload4j/reload4j/1.2.25/reload4j-1.2.25.jar:/home/runner/.m2/repository/jakarta/annotation/jakarta.annotation-api/2.1.1/jakarta.annotation-api-2.1.1.jar:/home/runner/.m2/repository/org/slf4j/slf4j-api/2.0.12/slf4j-api-2.0.12.jar:/home/runner/.m2/repository/org/apache/logging/log4j/log4j-api/2.17.1/log4j-api-2.17.1.jar:/home/runner/work/ozone/ozone/hadoop-hdds/server-scm/target/classes:/home/runner/.m2/repository/com/google/protobuf/protobuf-java/2.5.0/protobuf-java-2.5.0.jar:/home/runner/work/ozone/ozone/hadoop-hdds/container-service/target/classes:/home/runner/work/ozone/ozone/hadoop-hdds/hadoop-dependency-server/target/classes:/home/runner/.m2/repository/com/nimbusds/nimbus-jose-jwt/9.37.2/nimbus-jose-jwt-9.37.2.jar:/home/runner/.m2/repository/com/github/stephenc/jcip/jcip-annotations/1.0-1/jcip-annotations-1.0-1.jar:/home/runner/.m2/repository/org/apache/hadoop/hadoop-hdfs/3.3.6/hadoop-hdfs-3.3.6.jar:/home/runner/.m2/repository/commons-daemon/commons-daemon/1.0.13/commons-daemon-1.0.13.jar:/home/runner/.m2/repository/org/xerial/snappy/snappy-java/1.1.10.5/snappy-java-1.1.10.5.jar:/home/runner/work/ozone/ozone/hadoop-hdds/framework/target/classes:/home/runner/.m2/repository/org/bouncycastle/bcprov-jdk18on/1.77/bcprov-jdk18on-1.77.jar:/home/runner/.m2/repository/io/dropwizard/metrics/metrics-core/3.2.4/metrics-core-3.2.4.jar:/home/runner/.m2/repository/org/apache/commons/commons-text/1.11.0/commons-text-1.11.0.jar:/home/runner/work/ozone/ozone/hadoop-hdds/framework/target/test-classes:/home/runner/work/ozone/ozone/hadoop-hdds/interface-server/target/classes:/home/runner/work/ozone/ozone/hadoop-hdds/interface-admin/target/classes:/home/runner/work/ozone/ozone/hadoop-hdds/managed-rocksdb/target/classes:/home/runner/.m2/repository/org/rocksdb/rocksdbjni/7.7.3/rocksdbjni-7.7.3.jar:/home/runner/.m2/repository/org/slf4j/slf4j-reload4j/2.0.12/slf4j-reload4j-2.0.12.jar:/home/runner/.m2/repository/org/apache/commons/commons-configuration2/2.10.1/commons-configuration2-2.10.1.jar:/home/runner/.m2/repository/commons-fileupload/commons-fileupload/1.5/commons-fileupload-1.5.jar:/home/runner/.m2/repository/org/apache/logging/log4j/log4j-core/2.17.1/log4j-core-2.17.1.jar:/home/runner/.m2/repository/com/lmax/disruptor/3.4.4/disruptor-3.4.4.jar:/home/runner/.m2/repository/org/eclipse/jetty/jetty-util/9.4.53.v20231009/jetty-util-9.4.53.v20231009.jar:/home/runner/.m2/repository/org/eclipse/jetty/jetty-server/9.4.53.v20231009/jetty-server-9.4.53.v20231009.jar:/home/runner/.m2/repository/org/eclipse/jetty/jetty-http/9.4.53.v20231009/jetty-http-9.4.53.v20231009.jar:/home/runner/.m2/repository/org/eclipse/jetty/jetty-io/9.4.53.v20231009/jetty-io-9.4.53.v20231009.jar:/home/runner/.m2/repository/org/eclipse/jetty/jetty-servlet/9.4.53.v20231009/jetty-servlet-9.4.53.v20231009.jar:/home/runner/.m2/repository/org/eclipse/jetty/jetty-security/9.4.53.v20231009/jetty-security-9.4.53.v20231009.jar:/home/runner/.m2/repository/org/eclipse/jetty/jetty-util-ajax/9.4.53.v20231009/jetty-util-ajax-9.4.53.v20231009.jar:/home/runner/.m2/repository/org/eclipse/jetty/jetty-webapp/9.4.53.v20231009/jetty-webapp-9.4.53.v20231009.jar:/home/runner/.m2/repository/org/eclipse/jetty/jetty-xml/9.4.53.v20231009/jetty-xml-9.4.53.v20231009.jar:/home/runner/.m2/repository/org/apache/ratis/ratis-server/3.0.1/ratis-server-3.0.1.jar:/home/runner/.m2/repository/org/apache/ratis/ratis-thirdparty-misc/1.0.5/ratis-thirdparty-misc-1.0.5.jar:/home/runner/.m2/repository/org/apache/ratis/ratis-proto/3.0.1/ratis-proto-3.0.1.jar:/home/runner/.m2/repository/org/apache/ratis/ratis-common/3.0.1/ratis-common-3.0.1.jar:/home/runner/.m2/repository/org/apache/ratis/ratis-client/3.0.1/ratis-client-3.0.1.jar:/home/runner/.m2/repository/org/apache/ratis/ratis-server-api/3.0.1/ratis-server-api-3.0.1.jar:/home/runner/.m2/repository/org/apache/ratis/ratis-metrics-api/3.0.1/ratis-metrics-api-3.0.1.jar:/home/runner/.m2/repository/org/apache/ratis/ratis-metrics-dropwizard3/3.0.1/ratis-metrics-dropwizard3-3.0.1.jar:/home/runner/.m2/repository/io/prometheus/simpleclient_dropwizard/0.16.0/simpleclient_dropwizard-0.16.0.jar:/home/runner/.m2/repository/io/prometheus/simpleclient/0.16.0/simpleclient-0.16.0.jar:/home/runner/.m2/repository/io/prometheus/simpleclient_common/0.16.0/simpleclient_common-0.16.0.jar:/home/runner/.m2/repository/com/fasterxml/jackson/datatype/jackson-datatype-jsr310/2.16.1/jackson-datatype-jsr310-2.16.1.jar:/home/runner/.m2/repository/com/fasterxml/jackson/core/jackson-core/2.16.1/jackson-core-2.16.1.jar:/home/runner/work/ozone/ozone/hadoop-hdds/rocksdb-checkpoint-differ/target/classes:/home/runner/.m2/repository/org/jgrapht/jgrapht-core/1.4.0/jgrapht-core-1.4.0.jar:/home/runner/.m2/repository/org/jheaps/jheaps/0.11/jheaps-0.11.jar:/home/runner/.m2/repository/org/jgrapht/jgrapht-ext/1.4.0/jgrapht-ext-1.4.0.jar:/home/runner/.m2/repository/com/github/vlsi/mxgraph/jgraphx/3.9.8.1/jgraphx-3.9.8.1.jar:/home/runner/work/ozone/ozone/hadoop-ozone/ozone-manager/target/classes:/home/runner/.m2/repository/org/aspectj/aspectjrt/1.9.7/aspectjrt-1.9.7.jar:/home/runner/.m2/repository/org/aspectj/aspectjweaver/1.9.7/aspectjweaver-1.9.7.jar:/home/runner/work/ozone/ozone/hadoop-hdds/interface-client/target/classes:/home/runner/.m2/repository/org/apache/hadoop/thirdparty/hadoop-shaded-protobuf_3_7/1.1.1/hadoop-shaded-protobuf_3_7-1.1.1.jar:/home/runner/work/ozone/ozone/hadoop-ozone/interface-storage/target/classes:/home/runner/.m2/repository/org/reflections/reflections/0.10.2/reflections-0.10.2.jar:/home/runner/.m2/repository/com/sun/jersey/jersey-client/1.19.4/jersey-client-1.19.4.jar:/home/runner/.m2/repository/org/codehaus/jackson/jackson-core-asl/1.9.13/jackson-core-asl-1.9.13.jar:/home/runner/.m2/repository/org/codehaus/jackson/jackson-mapper-asl/1.9.13/jackson-mapper-asl-1.9.13.jar:/home/runner/.m2/repository/org/codehaus/jackson/jackson-jaxrs/1.9.13/jackson-jaxrs-1.9.13.jar:/home/runner/.m2/repository/org/apache/ranger/ranger-intg/2.3.0/ranger-intg-2.3.0.jar:/home/runner/.m2/repository/org/apache/ranger/ranger-plugins-common/2.3.0/ranger-plugins-common-2.3.0.jar:/home/runner/.m2/repository/commons-lang/commons-lang/2.6/commons-lang-2.6.jar:/home/runner/.m2/repository/org/apache/ranger/ranger-plugins-cred/2.3.0/ranger-plugins-cred-2.3.0.jar:/home/runner/.m2/repository/org/apache/ranger/ranger-plugins-audit/2.3.0/ranger-plugins-audit-2.3.0.jar:/home/runner/.m2/repository/org/eclipse/jetty/jetty-client/9.4.53.v20231009/jetty-client-9.4.53.v20231009.jar:/home/runner/.m2/repository/org/apache/httpcomponents/httpmime/4.5.6/httpmime-4.5.6.jar:/home/runner/.m2/repository/org/apache/httpcomponents/httpcore-nio/4.4.16/httpcore-nio-4.4.16.jar:/home/runner/.m2/repository/org/apache/httpcomponents/httpasyncclient/4.1.3/httpasyncclient-4.1.3.jar:/home/runner/.m2/repository/com/carrotsearch/hppc/0.8.0/hppc-0.8.0.jar:/home/runner/.m2/repository/org/apache/orc/orc-core/1.5.8/orc-core-1.5.8.jar:/home/runner/.m2/repository/net/java/dev/jna/jna/5.2.0/jna-5.2.0.jar:/home/runner/.m2/repository/net/java/dev/jna/jna-platform/5.2.0/jna-platform-5.2.0.jar:/home/runner/.m2/repository/com/kstruct/gethostname4j/0.0.2/gethostname4j-0.0.2.jar:/home/runner/.m2/repository/org/apache/ranger/ranger-plugin-classloader/2.3.0/ranger-plugin-classloader-2.3.0.jar:/home/runner/work/ozone/ozone/hadoop-hdds/rocks-native/target/classes:/home/runner/.m2/repository/org/apache/hadoop/hadoop-minikdc/3.3.6/hadoop-minikdc-3.3.6.jar:/home/runner/.m2/repository/org/apache/kerby/kerb-simplekdc/1.0.1/kerb-simplekdc-1.0.1.jar:/home/runner/.m2/repository/org/apache/kerby/kerb-client/1.0.1/kerb-client-1.0.1.jar:/home/runner/.m2/repository/org/apache/kerby/kerby-config/1.0.1/kerby-config-1.0.1.jar:/home/runner/.m2/repository/org/apache/kerby/kerb-common/1.0.1/kerb-common-1.0.1.jar:/home/runner/.m2/repository/org/apache/kerby/kerb-crypto/1.0.1/kerb-crypto-1.0.1.jar:/home/runner/.m2/repository/org/apache/kerby/kerb-util/1.0.1/kerb-util-1.0.1.jar:/home/runner/.m2/repository/org/apache/kerby/token-provider/1.0.1/token-provider-1.0.1.jar:/home/runner/.m2/repository/org/apache/kerby/kerb-admin/1.0.1/kerb-admin-1.0.1.jar:/home/runner/.m2/repository/org/apache/kerby/kerb-server/1.0.1/kerb-server-1.0.1.jar:/home/runner/.m2/repository/org/apache/kerby/kerb-identity/1.0.1/kerb-identity-1.0.1.jar:/home/runner/.m2/repository/org/apache/kerby/kerby-xdr/1.0.1/kerby-xdr-1.0.1.jar:/home/runner/.m2/repository/junit/junit/4.13.2/junit-4.13.2.jar:/home/runner/.m2/repository/org/hamcrest/hamcrest-core/1.3/hamcrest-core-1.3.jar:/home/runner/work/ozone/ozone/hadoop-ozone/s3gateway/target/classes:/home/runner/.m2/repository/org/javassist/javassist/3.21.0-GA/javassist-3.21.0-GA.jar:/home/runner/.m2/repository/org/jboss/weld/servlet/weld-servlet-shaded/3.1.9.Final/weld-servlet-shaded-3.1.9.Final.jar:/home/runner/.m2/repository/org/glassfish/jersey/containers/jersey-container-servlet-core/2.42/jersey-container-servlet-core-2.42.jar:/home/runner/.m2/repository/org/glassfish/hk2/external/jakarta.inject/2.6.1/jakarta.inject-2.6.1.jar:/home/runner/.m2/repository/org/glassfish/jersey/core/jersey-common/2.42/jersey-common-2.42.jar:/home/runner/.m2/repository/jakarta/ws/rs/jakarta.ws.rs-api/2.1.6/jakarta.ws.rs-api-2.1.6.jar:/home/runner/.m2/repository/org/glassfish/jersey/ext/cdi/jersey-cdi1x/2.42/jersey-cdi1x-2.42.jar:/home/runner/.m2/repository/org/glassfish/jersey/inject/jersey-hk2/2.42/jersey-hk2-2.42.jar:/home/runner/.m2/repository/org/glassfish/hk2/hk2-locator/2.6.1/hk2-locator-2.6.1.jar:/home/runner/.m2/repository/org/glassfish/jersey/media/jersey-media-jaxb/2.42/jersey-media-jaxb-2.42.jar:/home/runner/.m2/repository/org/glassfish/hk2/osgi-resource-locator/1.0.3/osgi-resource-locator-1.0.3.jar:/home/runner/.m2/repository/org/glassfish/hk2/hk2-api/2.6.1/hk2-api-2.6.1.jar:/home/runner/.m2/repository/org/glassfish/hk2/hk2-utils/2.6.1/hk2-utils-2.6.1.jar:/home/runner/.m2/repository/org/glassfish/hk2/external/aopalliance-repackaged/2.6.1/aopalliance-repackaged-2.6.1.jar:/home/runner/.m2/repository/com/fasterxml/jackson/dataformat/jackson-dataformat-xml/2.16.1/jackson-dataformat-xml-2.16.1.jar:/home/runner/.m2/repository/org/codehaus/woodstox/stax2-api/4.2.2/stax2-api-4.2.2.jar:/home/runner/.m2/repository/com/fasterxml/woodstox/woodstox-core/5.4.0/woodstox-core-5.4.0.jar:/home/runner/.m2/repository/com/fasterxml/jackson/module/jackson-module-jaxb-annotations/2.16.1/jackson-module-jaxb-annotations-2.16.1.jar:/home/runner/.m2/repository/javax/enterprise/cdi-api/2.0/cdi-api-2.0.jar:/home/runner/.m2/repository/javax/el/javax.el-api/3.0.0/javax.el-api-3.0.0.jar:/home/runner/.m2/repository/javax/interceptor/javax.interceptor-api/1.2/javax.interceptor-api-1.2.jar:/home/runner/.m2/repository/javax/inject/javax.inject/1/javax.inject-1.jar:/home/runner/.m2/repository/jakarta/xml/bind/jakarta.xml.bind-api/2.3.3/jakarta.xml.bind-api-2.3.3.jar:/home/runner/.m2/repository/org/glassfish/jaxb/jaxb-runtime/2.3.9/jaxb-runtime-2.3.9.jar:/home/runner/.m2/repository/org/glassfish/jaxb/txw2/2.3.9/txw2-2.3.9.jar:/home/runner/.m2/repository/com/sun/istack/istack-commons-runtime/3.0.12/istack-commons-runtime-3.0.12.jar:/home/runner/.m2/repository/com/sun/activation/jakarta.activation/1.2.2/jakarta.activation-1.2.2.jar:/home/runner/.m2/repository/jakarta/activation/jakarta.activation-api/1.2.2/jakarta.activation-api-1.2.2.jar:/home/runner/.m2/repository/io/grpc/grpc-protobuf/1.58.0/grpc-protobuf-1.58.0.jar:/home/runner/.m2/repository/com/google/api/grpc/proto-google-common-protos/2.22.0/proto-google-common-protos-2.22.0.jar:/home/runner/.m2/repository/io/grpc/grpc-protobuf-lite/1.58.0/grpc-protobuf-lite-1.58.0.jar:/home/runner/.m2/repository/io/grpc/grpc-stub/1.58.0/grpc-stub-1.58.0.jar:/home/runner/.m2/repository/io/netty/netty-transport/4.1.100.Final/netty-transport-4.1.100.Final.jar:/home/runner/.m2/repository/io/netty/netty-resolver/4.1.100.Final/netty-resolver-4.1.100.Final.jar:/home/runner/work/ozone/ozone/hadoop-ozone/csi/target/classes:/home/runner/.m2/repository/com/google/protobuf/protobuf-java-util/3.19.6/protobuf-java-util-3.19.6.jar:/home/runner/.m2/repository/com/google/code/gson/gson/2.10.1/gson-2.10.1.jar:/home/runner/work/ozone/ozone/hadoop-hdds/config/target/classes:/home/runner/.m2/repository/io/netty/netty-transport-native-epoll/4.1.100.Final/netty-transport-native-epoll-4.1.100.Final-linux-x86_64.jar:/home/runner/.m2/repository/io/netty/netty-transport-classes-epoll/4.1.100.Final/netty-transport-classes-epoll-4.1.100.Final.jar:/home/runner/.m2/repository/io/netty/netty-transport-native-unix-common/4.1.100.Final/netty-transport-native-unix-common-4.1.100.Final.jar:/home/runner/work/ozone/ozone/hadoop-ozone/recon/target/classes:/home/runner/work/ozone/ozone/hadoop-ozone/recon-codegen/target/classes:/home/runner/.m2/repository/com/google/inject/guice/6.0.0/guice-6.0.0.jar:/home/runner/.m2/repository/jakarta/inject/jakarta.inject-api/2.0.1/jakarta.inject-api-2.0.1.jar:/home/runner/.m2/repository/aopalliance/aopalliance/1.0/aopalliance-1.0.jar:/home/runner/.m2/repository/com/google/inject/extensions/guice-assistedinject/6.0.0/guice-assistedinject-6.0.0.jar:/home/runner/.m2/repository/com/google/inject/extensions/guice-servlet/6.0.0/guice-servlet-6.0.0.jar:/home/runner/.m2/repository/org/glassfish/jersey/containers/jersey-container-servlet/2.42/jersey-container-servlet-2.42.jar:/home/runner/.m2/repository/org/glassfish/hk2/guice-bridge/2.6.1/guice-bridge-2.6.1.jar:/home/runner/.m2/repository/org/glassfish/jersey/core/jersey-server/2.42/jersey-server-2.42.jar:/home/runner/.m2/repository/org/glassfish/jersey/core/jersey-client/2.42/jersey-client-2.42.jar:/home/runner/.m2/repository/jakarta/validation/jakarta.validation-api/2.0.2/jakarta.validation-api-2.0.2.jar:/home/runner/.m2/repository/org/glassfish/jersey/media/jersey-media-json-jackson/2.42/jersey-media-json-jackson-2.42.jar:/home/runner/.m2/repository/org/glassfish/jersey/ext/jersey-entity-filtering/2.42/jersey-entity-filtering-2.42.jar:/home/runner/.m2/repository/org/jooq/jooq/3.11.10/jooq-3.11.10.jar:/home/runner/.m2/repository/org/jooq/jooq-meta/3.11.10/jooq-meta-3.11.10.jar:/home/runner/.m2/repository/org/jooq/jooq-codegen/3.11.10/jooq-codegen-3.11.10.jar:/home/runner/.m2/repository/com/jolbox/bonecp/0.8.0.RELEASE/bonecp-0.8.0.RELEASE.jar:/home/runner/.m2/repository/org/apache/derby/derby/10.14.2.0/derby-10.14.2.0.jar:/home/runner/.m2/repository/org/xerial/sqlite-jdbc/3.44.1.0/sqlite-jdbc-3.44.1.0.jar:/home/runner/.m2/repository/org/springframework/spring-jdbc/5.3.27/spring-jdbc-5.3.27.jar:/home/runner/.m2/repository/org/springframework/spring-beans/5.3.27/spring-beans-5.3.27.jar:/home/runner/.m2/repository/org/springframework/spring-core/5.3.27/spring-core-5.3.27.jar:/home/runner/.m2/repository/org/springframework/spring-tx/5.3.27/spring-tx-5.3.27.jar:/home/runner/work/ozone/ozone/hadoop-ozone/client/target/classes:/home/runner/work/ozone/ozone/hadoop-hdds/erasurecode/target/classes:/home/runner/work/ozone/ozone/hadoop-ozone/ozonefs/target/classes:/home/runner/work/ozone/ozone/hadoop-ozone/ozonefs-common/target/classes:/home/runner/work/ozone/ozone/hadoop-ozone/tools/target/classes:/home/runner/.m2/repository/com/amazonaws/aws-java-sdk-core/1.12.661/aws-java-sdk-core-1.12.661.jar:/home/runner/.m2/repository/org/apache/httpcomponents/httpclient/4.5.14/httpclient-4.5.14.jar:/home/runner/.m2/repository/org/apache/httpcomponents/httpcore/4.4.16/httpcore-4.4.16.jar:/home/runner/.m2/repository/com/fasterxml/jackson/dataformat/jackson-dataformat-cbor/2.16.1/jackson-dataformat-cbor-2.16.1.jar:/home/runner/.m2/repository/joda-time/joda-time/2.12.7/joda-time-2.12.7.jar:/home/runner/.m2/repository/com/amazonaws/aws-java-sdk-s3/1.12.661/aws-java-sdk-s3-1.12.661.jar:/home/runner/.m2/repository/com/amazonaws/aws-java-sdk-kms/1.12.661/aws-java-sdk-kms-1.12.661.jar:/home/runner/.m2/repository/com/amazonaws/jmespath-java/1.12.661/jmespath-java-1.12.661.jar:/home/runner/.m2/repository/org/kohsuke/metainf-services/metainf-services/1.11/metainf-services-1.11.jar:/home/runner/work/ozone/ozone/hadoop-hdds/tools/target/classes:/home/runner/.m2/repository/org/apache/ratis/ratis-tools/3.0.1/ratis-tools-3.0.1.jar:/home/runner/.m2/repository/commons-cli/commons-cli/1.6.0/commons-cli-1.6.0.jar:/home/runner/.m2/repository/org/apache/commons/commons-lang3/3.14.0/commons-lang3-3.14.0.jar:/home/runner/work/ozone/ozone/hadoop-ozone/ozone-manager/target/test-classes:/home/runner/work/ozone/ozone/hadoop-hdds/common/target/test-classes:/home/runner/work/ozone/ozone/hadoop-hdds/hadoop-dependency-client/target/classes:/home/runner/.m2/repository/info/picocli/picocli/4.7.5/picocli-4.7.5.jar:/home/runner/.m2/repository/com/fasterxml/jackson/core/jackson-annotations/2.16.1/jackson-annotations-2.16.1.jar:/home/runner/work/ozone/ozone/hadoop-hdds/annotations/target/classes:/home/runner/.m2/repository/javax/annotation/javax.annotation-api/1.3.2/javax.annotation-api-1.3.2.jar:/home/runner/.m2/repository/org/apache/ratis/ratis-netty/3.0.1/ratis-netty-3.0.1.jar:/home/runner/.m2/repository/org/apache/ratis/ratis-grpc/3.0.1/ratis-grpc-3.0.1.jar:/home/runner/.m2/repository/org/bouncycastle/bcpkix-jdk18on/1.77/bcpkix-jdk18on-1.77.jar:/home/runner/.m2/repository/org/bouncycastle/bcutil-jdk18on/1.77/bcutil-jdk18on-1.77.jar:/home/runner/.m2/repository/commons-validator/commons-validator/1.6/commons-validator-1.6.jar:/home/runner/.m2/repository/commons-beanutils/commons-beanutils/1.9.4/commons-beanutils-1.9.4.jar:/home/runner/.m2/repository/commons-digester/commons-digester/1.8.1/commons-digester-1.8.1.jar:/home/runner/.m2/repository/commons-collections/commons-collections/3.2.2/commons-collections-3.2.2.jar:/home/runner/.m2/repository/io/jaegertracing/jaeger-client/1.8.1/jaeger-client-1.8.1.jar:/home/runner/.m2/repository/io/jaegertracing/jaeger-thrift/1.8.1/jaeger-thrift-1.8.1.jar:/home/runner/.m2/repository/org/apache/thrift/libthrift/0.15.0/libthrift-0.15.0.jar:/home/runner/.m2/repository/io/jaegertracing/jaeger-core/1.8.1/jaeger-core-1.8.1.jar:/home/runner/.m2/repository/io/jaegertracing/jaeger-tracerresolver/1.8.1/jaeger-tracerresolver-1.8.1.jar:/home/runner/.m2/repository/io/opentracing/contrib/opentracing-tracerresolver/0.1.8/opentracing-tracerresolver-0.1.8.jar:/home/runner/.m2/repository/org/jetbrains/kotlin/kotlin-stdlib/1.9.22/kotlin-stdlib-1.9.22.jar:/home/runner/.m2/repository/org/jetbrains/annotations/13.0/annotations-13.0.jar:/home/runner/.m2/repository/io/opentracing/opentracing-util/0.33.0/opentracing-util-0.33.0.jar:/home/runner/.m2/repository/io/opentracing/opentracing-api/0.33.0/opentracing-api-0.33.0.jar:/home/runner/.m2/repository/io/opentracing/opentracing-noop/0.33.0/opentracing-noop-0.33.0.jar:/home/runner/.m2/repository/org/yaml/snakeyaml/2.0/snakeyaml-2.0.jar:/home/runner/.m2/repository/io/grpc/grpc-api/1.58.0/grpc-api-1.58.0.jar:/home/runner/.m2/repository/org/junit/platform/junit-platform-launcher/1.10.2/junit-platform-launcher-1.10.2.jar:/home/runner/.m2/repository/org/junit/platform/junit-platform-engine/1.10.2/junit-platform-engine-1.10.2.jar:/home/runner/.m2/repository/org/apiguardian/apiguardian-api/1.1.2/apiguardian-api-1.1.2.jar:/home/runner/.m2/repository/org/apache/hadoop/hadoop-kms/3.3.6/hadoop-kms-3.3.6.jar:/home/runner/.m2/repository/org/apache/hadoop/hadoop-auth/3.3.6/hadoop-auth-3.3.6.jar:/home/runner/.m2/repository/org/apache/zookeeper/zookeeper/3.8.4/zookeeper-3.8.4.jar:/home/runner/.m2/repository/org/apache/zookeeper/zookeeper-jute/3.8.4/zookeeper-jute-3.8.4.jar:/home/runner/.m2/repository/org/apache/yetus/audience-annotations/0.12.0/audience-annotations-0.12.0.jar:/home/runner/.m2/repository/org/apache/curator/curator-framework/4.2.0/curator-framework-4.2.0.jar:/home/runner/.m2/repository/org/apache/hadoop/thirdparty/hadoop-shaded-guava/1.2.0/hadoop-shaded-guava-1.2.0.jar:/home/runner/.m2/repository/com/sun/jersey/jersey-core/1.19.4/jersey-core-1.19.4.jar:/home/runner/.m2/repository/javax/ws/rs/jsr311-api/1.1.1/jsr311-api-1.1.1.jar:/home/runner/.m2/repository/com/sun/jersey/jersey-server/1.19.4/jersey-server-1.19.4.jar:/home/runner/.m2/repository/javax/servlet/javax.servlet-api/3.1.0/javax.servlet-api-3.1.0.jar:/home/runner/.m2/repository/org/apache/hadoop/hadoop-common/3.3.6/hadoop-common-3.3.6.jar:/home/runner/.m2/repository/org/apache/commons/commons-math3/3.6.1/commons-math3-3.6.1.jar:/home/runner/.m2/repository/commons-net/commons-net/3.10.0/commons-net-3.10.0.jar:/home/runner/.m2/repository/com/sun/jersey/jersey-servlet/1.19.4/jersey-servlet-1.19.4.jar:/home/runner/.m2/repository/com/github/pjfanning/jersey-json/1.20/jersey-json-1.20.jar:/home/runner/.m2/repository/org/codehaus/jettison/jettison/1.1/jettison-1.1.jar:/home/runner/.m2/repository/com/sun/xml/bind/jaxb-impl/2.2.3-1/jaxb-impl-2.2.3-1.jar:/home/runner/.m2/repository/com/google/re2j/re2j/1.7/re2j-1.7.jar:/home/runner/.m2/repository/com/jcraft/jsch/0.1.54/jsch-0.1.54.jar:/home/runner/.m2/repository/org/apache/curator/curator-client/4.2.0/curator-client-4.2.0.jar:/home/runner/.m2/repository/org/apache/curator/curator-recipes/5.2.0/curator-recipes-5.2.0.jar:/home/runner/.m2/repository/com/google/code/findbugs/jsr305/3.0.2/jsr305-3.0.2.jar:/home/runner/.m2/repository/org/apache/kerby/kerb-core/1.0.1/kerb-core-1.0.1.jar:/home/runner/.m2/repository/org/apache/kerby/kerby-pkix/1.0.1/kerby-pkix-1.0.1.jar:/home/runner/.m2/repository/org/apache/kerby/kerby-asn1/1.0.1/kerby-asn1-1.0.1.jar:/home/runner/.m2/repository/org/apache/kerby/kerby-util/1.0.1/kerby-util-1.0.1.jar:/home/runner/.m2/repository/dnsjava/dnsjava/2.1.7/dnsjava-2.1.7.jar:/home/runner/.m2/repository/com/fasterxml/jackson/core/jackson-databind/2.16.1/jackson-databind-2.16.1.jar:/home/runner/.m2/repository/org/apache/hadoop/hadoop-kms/3.3.6/hadoop-kms-3.3.6-tests.jar:/home/runner/work/ozone/ozone/hadoop-hdds/server-scm/target/test-classes:/home/runner/work/ozone/ozone/hadoop-hdds/container-service/target/test-classes:/home/runner/.m2/repository/com/github/luben/zstd-jni/1.5.6-2/zstd-jni-1.5.6-2.jar:/home/runner/.m2/repository/commons-codec/commons-codec/1.15/commons-codec-1.15.jar:/home/runner/.m2/repository/io/netty/netty-codec/4.1.100.Final/netty-codec-4.1.100.Final.jar:/home/runner/.m2/repository/io/netty/netty-handler/4.1.100.Final/netty-handler-4.1.100.Final.jar:/home/runner/work/ozone/ozone/hadoop-hdds/hadoop-dependency-test/target/classes:/home/runner/.m2/repository/org/apache/hadoop/hadoop-common/3.3.6/hadoop-common-3.3.6-tests.jar:/home/runner/.m2/repository/org/apache/hadoop/hadoop-hdfs/3.3.6/hadoop-hdfs-3.3.6-tests.jar:/home/runner/.m2/repository/org/junit/jupiter/junit-jupiter-engine/5.10.2/junit-jupiter-engine-5.10.2.jar:/home/runner/.m2/repository/org/junit/jupiter/junit-jupiter-params/5.10.2/junit-jupiter-params-5.10.2.jar:/home/runner/.m2/repository/org/mockito/mockito-core/4.11.0/mockito-core-4.11.0.jar:/home/runner/.m2/repository/net/bytebuddy/byte-buddy/1.12.19/byte-buddy-1.12.19.jar:/home/runner/.m2/repository/net/bytebuddy/byte-buddy-agent/1.12.19/byte-buddy-agent-1.12.19.jar:/home/runner/.m2/repository/org/objenesis/objenesis/3.3/objenesis-3.3.jar:/home/runner/.m2/repository/org/mockito/mockito-junit-jupiter/4.11.0/mockito-junit-jupiter-4.11.0.jar:/home/runner/.m2/repository/org/apache/hadoop/hadoop-distcp/3.3.6/hadoop-distcp-3.3.6.jar:/home/runner/.m2/repository/org/apache/hadoop/hadoop-mapreduce-client-jobclient/3.3.6/hadoop-mapreduce-client-jobclient-3.3.6.jar:/home/runner/.m2/repository/org/apache/hadoop/hadoop-mapreduce-client-common/3.3.6/hadoop-mapreduce-client-common-3.3.6.jar:/home/runner/.m2/repository/org/apache/hadoop/hadoop-yarn-common/3.3.6/hadoop-yarn-common-3.3.6.jar:/home/runner/.m2/repository/org/apache/hadoop/hadoop-yarn-api/3.3.6/hadoop-yarn-api-3.3.6.jar:/home/runner/.m2/repository/javax/xml/bind/jaxb-api/2.2.11/jaxb-api-2.2.11.jar:/home/runner/.m2/repository/com/sun/jersey/contribs/jersey-guice/1.19.4/jersey-guice-1.19.4.jar:/home/runner/.m2/repository/com/fasterxml/jackson/jaxrs/jackson-jaxrs-json-provider/2.16.1/jackson-jaxrs-json-provider-2.16.1.jar:/home/runner/.m2/repository/com/fasterxml/jackson/jaxrs/jackson-jaxrs-base/2.16.1/jackson-jaxrs-base-2.16.1.jar:/home/runner/.m2/repository/org/apache/hadoop/hadoop-yarn-client/3.3.6/hadoop-yarn-client-3.3.6.jar:/home/runner/.m2/repository/org/eclipse/jetty/websocket/websocket-client/9.4.51.v20230217/websocket-client-9.4.51.v20230217.jar:/home/runner/.m2/repository/org/eclipse/jetty/websocket/websocket-common/9.4.51.v20230217/websocket-common-9.4.51.v20230217.jar:/home/runner/.m2/repository/org/eclipse/jetty/websocket/websocket-api/9.4.51.v20230217/websocket-api-9.4.51.v20230217.jar:/home/runner/.m2/repository/org/jline/jline/3.9.0/jline-3.9.0.jar:/home/runner/.m2/repository/org/apache/hadoop/hadoop-mapreduce-client-core/3.3.6/hadoop-mapreduce-client-core-3.3.6.jar:/home/runner/.m2/repository/org/apache/avro/avro/1.7.7/avro-1.7.7.jar:/home/runner/.m2/repository/com/thoughtworks/paranamer/paranamer/2.3/paranamer-2.3.jar:/home/runner/.m2/repository/org/apache/hadoop/hadoop-annotations/3.3.6/hadoop-annotations-3.3.6.jar:/usr/lib/jvm/temurin-8-jdk-amd64/jre/../lib/tools.jar:/home/runner/.m2/repository/io/netty/netty/3.10.6.Final/netty-3.10.6.Final.jar:/home/runner/.m2/repository/org/apache/hadoop/hadoop-distcp/3.3.6/hadoop-distcp-3.3.6-tests.jar:/home/runner/.m2/repository/org/hamcrest/hamcrest/2.2/hamcrest-2.2.jar:/home/runner/.m2/repository/org/slf4j/jul-to-slf4j/2.0.12/jul-to-slf4j-2.0.12.jar:/home/runner/work/ozone/ozone/hadoop-ozone/integration-test/target/gradle-enterprise/test-listeners.jar:"/>
    <property name="sun.cpu.endian" value="little"/>
    <property name="user.home" value="/home/runner"/>
    <property name="user.language" value="en"/>
    <property name="java.specification.vendor" value="Oracle Corporation"/>
    <property name="java.home" value="/usr/lib/jvm/temurin-8-jdk-amd64/jre"/>
    <property name="java.security.krb5.conf" value="/tmp/junit4510398256493977438/1713275340064/krb5.conf"/>
    <property name="file.separator" value="/"/>
    <property name="basedir" value="/home/runner/work/ozone/ozone/hadoop-ozone/integration-test"/>
    <property name="line.separator" value="&#10;"/>
    <property name="java.vm.specification.vendor" value="Oracle Corporation"/>
    <property name="java.specification.name" value="Java Platform API Specification"/>
    <property name="skip.installnpx" value="true"/>
    <property name="java.awt.graphicsenv" value="sun.awt.X11GraphicsEnvironment"/>
    <property name="surefire.real.class.path" value="/home/runner/work/ozone/ozone/hadoop-ozone/integration-test/target/surefire/surefirebooter9212588429472289457.jar:/home/runner/.m2/repository/org/jacoco/org.jacoco.agent/0.8.12/org.jacoco.agent-0.8.12-runtime.jar"/>
    <property name="sun.boot.class.path" value="/usr/lib/jvm/temurin-8-jdk-amd64/jre/lib/resources.jar:/usr/lib/jvm/temurin-8-jdk-amd64/jre/lib/rt.jar:/usr/lib/jvm/temurin-8-jdk-amd64/jre/lib/sunrsasign.jar:/usr/lib/jvm/temurin-8-jdk-amd64/jre/lib/jsse.jar:/usr/lib/jvm/temurin-8-jdk-amd64/jre/lib/jce.jar:/usr/lib/jvm/temurin-8-jdk-amd64/jre/lib/charsets.jar:/usr/lib/jvm/temurin-8-jdk-amd64/jre/lib/jfr.jar:/usr/lib/jvm/temurin-8-jdk-amd64/jre/classes"/>
    <property name="hadoop.log.dir" value="/home/runner/work/ozone/ozone/hadoop-ozone/integration-test/target/log"/>
    <property name="sun.management.compiler" value="HotSpot 64-Bit Tiered Compilers"/>
    <property name="java.runtime.version" value="1.8.0_402-b06"/>
    <property name="skip.npx" value="true"/>
    <property name="user.name" value="runner"/>
    <property name="java.net.preferIPv4Stack" value="true"/>
    <property name="path.separator" value=":"/>
    <property name="java.security.egd" value="file:///dev/urandom"/>
    <property name="os.version" value="5.15.0-1059-azure"/>
    <property name="java.endorsed.dirs" value="/usr/lib/jvm/temurin-8-jdk-amd64/jre/lib/endorsed"/>
    <property name="java.runtime.name" value="OpenJDK Runtime Environment"/>
    <property name="com.gradle.maven.scan.extension.test.listener.junitplatform.NestedExecutionSafeDelegatingTestExecutionListener" value="12468a38"/>
    <property name="file.encoding" value="UTF-8"/>
    <property name="java.vm.name" value="OpenJDK 64-Bit Server VM"/>
    <property name="test.build.webapps" value=""/>
    <property name="localRepository" value="/home/runner/.m2/repository"/>
    <property name="gradle.enterprise.listener.port" value="42975"/>
    <property name="jetty.git.hash" value="27bde00a0b95a1d5bbee0eae7984f891d2d0f8c9"/>
    <property name="java.vendor.url.bug" value="https://github.com/adoptium/adoptium-support/issues"/>
    <property name="require.test.libhadoop" value=""/>
    <property name="java.io.tmpdir" value="/tmp"/>
    <property name="java.version" value="1.8.0_402"/>
    <property name="user.dir" value="/home/runner/work/ozone/ozone/hadoop-ozone/integration-test"/>
    <property name="os.arch" value="amd64"/>
    <property name="test.build.classes" value="/home/runner/work/ozone/ozone/hadoop-ozone/integration-test/target/test-classes"/>
    <property name="java.vm.specification.name" value="Java Virtual Machine Specification"/>
    <property name="java.awt.printerjob" value="sun.print.PSPrinterJob"/>
    <property name="sun.os.patch.level" value="unknown"/>
    <property name="org.apache.ratis.thirdparty.io.netty.allocator.useCacheForAllThreads" value="false"/>
    <property name="hadoop.tmp.dir" value="/home/runner/work/ozone/ozone/hadoop-ozone/integration-test/target/tmp"/>
    <property name="java.library.path" value="/usr/java/packages/lib/amd64:/usr/lib64:/lib64:/lib:/usr/lib"/>
    <property name="java.vendor" value="Temurin"/>
    <property name="java.vm.info" value="mixed mode"/>
    <property name="java.vm.version" value="25.402-b06"/>
    <property name="java.specification.maintenance.version" value="5"/>
    <property name="sun.io.unicode.encoding" value="UnicodeLittle"/>
    <property name="java.ext.dirs" value="/usr/lib/jvm/temurin-8-jdk-amd64/jre/lib/ext:/usr/java/packages/lib/ext"/>
    <property name="java.class.version" value="52.0"/>
  </properties>
  <testcase name="testSecretKeyApiSuccess" classname="org.apache.hadoop.hdds.scm.TestSecretKeysApi" time="72.116">
    <failure type="org.opentest4j.AssertionFailedError"><![CDATA[org.opentest4j.AssertionFailedError: expected: <SecretKey(id = 82afe7e5-2fb1-4675-be72-572d902ff3be, creation at: 2024-04-16T13:47:21.815Z, expire at: 2024-04-16T13:47:24.815Z)> but was: <SecretKey(id = b075509b-09b9-44bf-8347-f5fdcd9b9560, creation at: 2024-04-16T13:47:22.815Z, expire at: 2024-04-16T13:47:25.815Z)>
	at org.junit.jupiter.api.AssertionFailureBuilder.build(AssertionFailureBuilder.java:151)
	at org.junit.jupiter.api.AssertionFailureBuilder.buildAndThrow(AssertionFailureBuilder.java:132)
	at org.junit.jupiter.api.AssertEquals.failNotEqual(AssertEquals.java:197)
	at org.junit.jupiter.api.AssertEquals.assertEquals(AssertEquals.java:182)
	at org.junit.jupiter.api.AssertEquals.assertEquals(AssertEquals.java:177)
	at org.junit.jupiter.api.Assertions.assertEquals(Assertions.java:1145)
	at org.apache.hadoop.hdds.scm.TestSecretKeysApi.testSecretKeyApiSuccess(TestSecretKeysApi.java:210)
	at java.lang.reflect.Method.invoke(Method.java:498)
	at java.util.ArrayList.forEach(ArrayList.java:1259)
	at java.util.ArrayList.forEach(ArrayList.java:1259)
]]></failure>
    <system-out><![CDATA[2024-04-16 13:46:45,037 [main] INFO  minikdc.MiniKdc (MiniKdc.java:<init>(225)) - Configuration:
2024-04-16 13:46:45,039 [main] INFO  minikdc.MiniKdc (MiniKdc.java:<init>(226)) - ---------------------------------------------------------------
2024-04-16 13:46:45,040 [main] INFO  minikdc.MiniKdc (MiniKdc.java:<init>(228)) -   debug: false
2024-04-16 13:46:45,040 [main] INFO  minikdc.MiniKdc (MiniKdc.java:<init>(228)) -   transport: TCP
2024-04-16 13:46:45,040 [main] INFO  minikdc.MiniKdc (MiniKdc.java:<init>(228)) -   max.ticket.lifetime: 86400000
2024-04-16 13:46:45,041 [main] INFO  minikdc.MiniKdc (MiniKdc.java:<init>(228)) -   org.name: EXAMPLE
2024-04-16 13:46:45,041 [main] INFO  minikdc.MiniKdc (MiniKdc.java:<init>(228)) -   kdc.port: 0
2024-04-16 13:46:45,041 [main] INFO  minikdc.MiniKdc (MiniKdc.java:<init>(228)) -   org.domain: COM
2024-04-16 13:46:45,042 [main] INFO  minikdc.MiniKdc (MiniKdc.java:<init>(228)) -   max.renewable.lifetime: 604800000
2024-04-16 13:46:45,042 [main] INFO  minikdc.MiniKdc (MiniKdc.java:<init>(228)) -   instance: DefaultKrbServer
2024-04-16 13:46:45,042 [main] INFO  minikdc.MiniKdc (MiniKdc.java:<init>(228)) -   kdc.bind.address: localhost
2024-04-16 13:46:45,042 [main] INFO  minikdc.MiniKdc (MiniKdc.java:<init>(230)) - ---------------------------------------------------------------
2024-04-16 13:46:45,117 [main] INFO  minikdc.MiniKdc (MiniKdc.java:start(285)) - MiniKdc started.
2024-04-16 13:46:45,664 [main] INFO  audit.AuditLogger (AuditLogger.java:refreshDebugCmdSet(135)) - Refresh DebugCmdSet for OMAudit to [].
2024-04-16 13:46:45,966 [main] WARN  server.ServerUtils (ServerUtils.java:getScmDbDir(143)) - ozone.scm.db.dirs is not configured. We recommend adding this setting. Falling back to ozone.metadata.dirs instead.
2024-04-16 13:46:46,146 [main] INFO  reflections.Reflections (Reflections.java:scan(219)) - Reflections took 155 ms to scan 7 urls, producing 158 keys and 372 values
2024-04-16 13:46:46,244 [main] INFO  ha.SCMHANodeDetails (SCMHANodeDetails.java:loadSCMHAConfig(207)) - ServiceID for StorageContainerManager is TestSecretKey
2024-04-16 13:46:46,251 [main] INFO  ha.SCMHANodeDetails (SCMHANodeDetails.java:loadSCMHAConfig(218)) - ServiceID for StorageContainerManager is TestSecretKey
2024-04-16 13:46:46,275 [main] WARN  scm.ScmUtils (ScmUtils.java:logWarn(192)) - ConfigKey ozone.scm.block.client.address is deprecated, For configuring different ports for each SCM use PortConfigKey ozone.scm.block.client.port appended with serviceId and nodeId. If want to configure same port configure ozone.scm.block.client.port
2024-04-16 13:46:46,276 [main] WARN  scm.ScmUtils (ScmUtils.java:logWarn(192)) - ConfigKey ozone.scm.client.address is deprecated, For configuring different ports for each SCM use PortConfigKey ozone.scm.client.port appended with serviceId and nodeId. If want to configure same port configure ozone.scm.client.port
2024-04-16 13:46:46,276 [main] WARN  scm.ScmUtils (ScmUtils.java:logWarn(192)) - ConfigKey ozone.scm.datanode.address is deprecated, For configuring different ports for each SCM use PortConfigKey ozone.scm.datanode.port appended with serviceId and nodeId. If want to configure same port configure ozone.scm.datanode.port
2024-04-16 13:46:46,278 [main] WARN  scm.ScmUtils (ScmUtils.java:logWarn(192)) - ConfigKey ozone.scm.block.client.address is deprecated, For configuring different ports for each SCM use PortConfigKey ozone.scm.block.client.port appended with serviceId and nodeId. If want to configure same port configure ozone.scm.block.client.port
2024-04-16 13:46:46,279 [main] WARN  scm.ScmUtils (ScmUtils.java:logWarn(192)) - ConfigKey ozone.scm.client.address is deprecated, For configuring different ports for each SCM use PortConfigKey ozone.scm.client.port appended with serviceId and nodeId. If want to configure same port configure ozone.scm.client.port
2024-04-16 13:46:46,279 [main] WARN  scm.ScmUtils (ScmUtils.java:logWarn(192)) - ConfigKey ozone.scm.datanode.address is deprecated, For configuring different ports for each SCM use PortConfigKey ozone.scm.datanode.port appended with serviceId and nodeId. If want to configure same port configure ozone.scm.datanode.port
2024-04-16 13:46:46,280 [main] INFO  ha.SCMHANodeDetails (SCMHANodeDetails.java:loadSCMHAConfig(305)) - Found matching SCM address with SCMServiceId: TestSecretKey, SCMNodeId: scmNode-1, RPC Address: localhost:15003 and Ratis port: 15003
2024-04-16 13:46:46,280 [main] INFO  ha.SCMHANodeDetails (ConfUtils.java:setNodeSpecificConfigs(97)) - Setting configuration key ozone.scm.datanode.address with value of key ozone.scm.datanode.address.TestSecretKey.scmNode-1: 127.0.0.1:15004
2024-04-16 13:46:46,281 [main] INFO  ha.SCMHANodeDetails (ConfUtils.java:setNodeSpecificConfigs(97)) - Setting configuration key ozone.scm.block.client.address with value of key ozone.scm.block.client.address.TestSecretKey.scmNode-1: 127.0.0.1:15007
2024-04-16 13:46:46,281 [main] INFO  ha.SCMHANodeDetails (ConfUtils.java:setNodeSpecificConfigs(97)) - Setting configuration key ozone.scm.client.address with value of key ozone.scm.client.address.TestSecretKey.scmNode-1: 127.0.0.1:15005
2024-04-16 13:46:46,281 [main] INFO  ha.SCMHANodeDetails (ConfUtils.java:setNodeSpecificConfigs(97)) - Setting configuration key ozone.scm.security.service.address with value of key ozone.scm.security.service.address.TestSecretKey.scmNode-1: 127.0.0.1:15002
2024-04-16 13:46:46,282 [main] INFO  ha.SCMHANodeDetails (ConfUtils.java:setNodeSpecificConfigs(97)) - Setting configuration key ozone.scm.ratis.port with value of key ozone.scm.ratis.port.TestSecretKey.scmNode-1: 15003
2024-04-16 13:46:46,282 [main] INFO  ha.SCMHANodeDetails (ConfUtils.java:setNodeSpecificConfigs(97)) - Setting configuration key ozone.scm.grpc.port with value of key ozone.scm.grpc.port.TestSecretKey.scmNode-1: 15006
2024-04-16 13:46:46,282 [main] INFO  ha.SCMHANodeDetails (ConfUtils.java:setNodeSpecificConfigs(97)) - Setting configuration key ozone.scm.http-address with value of key ozone.scm.http-address.TestSecretKey.scmNode-1: 127.0.0.1:15000
2024-04-16 13:46:46,283 [main] INFO  ha.SCMHANodeDetails (ConfUtils.java:setNodeSpecificConfigs(97)) - Setting configuration key ozone.scm.https-address with value of key ozone.scm.https-address.TestSecretKey.scmNode-1: 127.0.0.1:15001
2024-04-16 13:46:46,283 [main] INFO  ha.SCMHANodeDetails (ConfUtils.java:setNodeSpecificConfigs(97)) - Setting configuration key ozone.scm.address with value of key ozone.scm.address.TestSecretKey.scmNode-1: 127.0.0.1
2024-04-16 13:46:46,283 [main] WARN  scm.ScmUtils (ScmUtils.java:logWarn(192)) - ConfigKey ozone.scm.block.client.address is deprecated, For configuring different ports for each SCM use PortConfigKey ozone.scm.block.client.port appended with serviceId and nodeId. If want to configure same port configure ozone.scm.block.client.port
2024-04-16 13:46:46,284 [main] WARN  scm.ScmUtils (ScmUtils.java:logWarn(192)) - ConfigKey ozone.scm.client.address is deprecated, For configuring different ports for each SCM use PortConfigKey ozone.scm.client.port appended with serviceId and nodeId. If want to configure same port configure ozone.scm.client.port
2024-04-16 13:46:46,284 [main] WARN  scm.ScmUtils (ScmUtils.java:logWarn(192)) - ConfigKey ozone.scm.datanode.address is deprecated, For configuring different ports for each SCM use PortConfigKey ozone.scm.datanode.port appended with serviceId and nodeId. If want to configure same port configure ozone.scm.datanode.port
2024-04-16 13:46:46,287 [main] INFO  ha.SCMNodeInfo (SCMNodeInfo.java:getPort(197)) - ConfigKey ozone.scm.client.address is deprecated, For configuring different ports for each SCM use PortConfigKey ozone.scm.client.port appended with serviceId and nodeId
2024-04-16 13:46:46,287 [main] INFO  ha.SCMNodeInfo (SCMNodeInfo.java:getPort(197)) - ConfigKey ozone.scm.block.client.address is deprecated, For configuring different ports for each SCM use PortConfigKey ozone.scm.block.client.port appended with serviceId and nodeId
2024-04-16 13:46:46,288 [main] INFO  ha.SCMNodeInfo (SCMNodeInfo.java:getPort(197)) - ConfigKey ozone.scm.security.service.address is deprecated, For configuring different ports for each SCM use PortConfigKey ozone.scm.security.service.port appended with serviceId and nodeId
2024-04-16 13:46:46,288 [main] INFO  ha.SCMNodeInfo (SCMNodeInfo.java:getPort(197)) - ConfigKey ozone.scm.datanode.address is deprecated, For configuring different ports for each SCM use PortConfigKey ozone.scm.datanode.port appended with serviceId and nodeId
2024-04-16 13:46:46,289 [main] INFO  ha.SCMNodeInfo (SCMNodeInfo.java:getPort(197)) - ConfigKey ozone.scm.client.address is deprecated, For configuring different ports for each SCM use PortConfigKey ozone.scm.client.port appended with serviceId and nodeId
2024-04-16 13:46:46,289 [main] INFO  ha.SCMNodeInfo (SCMNodeInfo.java:getPort(197)) - ConfigKey ozone.scm.block.client.address is deprecated, For configuring different ports for each SCM use PortConfigKey ozone.scm.block.client.port appended with serviceId and nodeId
2024-04-16 13:46:46,289 [main] INFO  ha.SCMNodeInfo (SCMNodeInfo.java:getPort(197)) - ConfigKey ozone.scm.security.service.address is deprecated, For configuring different ports for each SCM use PortConfigKey ozone.scm.security.service.port appended with serviceId and nodeId
2024-04-16 13:46:46,290 [main] INFO  ha.SCMNodeInfo (SCMNodeInfo.java:getPort(197)) - ConfigKey ozone.scm.datanode.address is deprecated, For configuring different ports for each SCM use PortConfigKey ozone.scm.datanode.port appended with serviceId and nodeId
2024-04-16 13:46:46,290 [main] INFO  ha.SCMNodeInfo (SCMNodeInfo.java:getPort(197)) - ConfigKey ozone.scm.client.address is deprecated, For configuring different ports for each SCM use PortConfigKey ozone.scm.client.port appended with serviceId and nodeId
2024-04-16 13:46:46,290 [main] INFO  ha.SCMNodeInfo (SCMNodeInfo.java:getPort(197)) - ConfigKey ozone.scm.block.client.address is deprecated, For configuring different ports for each SCM use PortConfigKey ozone.scm.block.client.port appended with serviceId and nodeId
2024-04-16 13:46:46,291 [main] INFO  ha.SCMNodeInfo (SCMNodeInfo.java:getPort(197)) - ConfigKey ozone.scm.security.service.address is deprecated, For configuring different ports for each SCM use PortConfigKey ozone.scm.security.service.port appended with serviceId and nodeId
2024-04-16 13:46:46,291 [main] INFO  ha.SCMNodeInfo (SCMNodeInfo.java:getPort(197)) - ConfigKey ozone.scm.datanode.address is deprecated, For configuring different ports for each SCM use PortConfigKey ozone.scm.datanode.port appended with serviceId and nodeId
2024-04-16 13:46:46,294 [main] INFO  ha.HASecurityUtils (HASecurityUtils.java:initializeSecurity(81)) - Initializing secure StorageContainerManager.
2024-04-16 13:46:46,589 [main] INFO  ha.SCMNodeInfo (SCMNodeInfo.java:getPort(197)) - ConfigKey ozone.scm.client.address is deprecated, For configuring different ports for each SCM use PortConfigKey ozone.scm.client.port appended with serviceId and nodeId
2024-04-16 13:46:46,590 [main] INFO  ha.SCMNodeInfo (SCMNodeInfo.java:getPort(197)) - ConfigKey ozone.scm.block.client.address is deprecated, For configuring different ports for each SCM use PortConfigKey ozone.scm.block.client.port appended with serviceId and nodeId
2024-04-16 13:46:46,591 [main] INFO  ha.SCMNodeInfo (SCMNodeInfo.java:getPort(197)) - ConfigKey ozone.scm.security.service.address is deprecated, For configuring different ports for each SCM use PortConfigKey ozone.scm.security.service.port appended with serviceId and nodeId
2024-04-16 13:46:46,592 [main] INFO  ha.SCMNodeInfo (SCMNodeInfo.java:getPort(197)) - ConfigKey ozone.scm.datanode.address is deprecated, For configuring different ports for each SCM use PortConfigKey ozone.scm.datanode.port appended with serviceId and nodeId
2024-04-16 13:46:46,592 [main] INFO  ha.SCMNodeInfo (SCMNodeInfo.java:getPort(197)) - ConfigKey ozone.scm.client.address is deprecated, For configuring different ports for each SCM use PortConfigKey ozone.scm.client.port appended with serviceId and nodeId
2024-04-16 13:46:46,593 [main] INFO  ha.SCMNodeInfo (SCMNodeInfo.java:getPort(197)) - ConfigKey ozone.scm.block.client.address is deprecated, For configuring different ports for each SCM use PortConfigKey ozone.scm.block.client.port appended with serviceId and nodeId
2024-04-16 13:46:46,594 [main] INFO  ha.SCMNodeInfo (SCMNodeInfo.java:getPort(197)) - ConfigKey ozone.scm.security.service.address is deprecated, For configuring different ports for each SCM use PortConfigKey ozone.scm.security.service.port appended with serviceId and nodeId
2024-04-16 13:46:46,594 [main] INFO  ha.SCMNodeInfo (SCMNodeInfo.java:getPort(197)) - ConfigKey ozone.scm.datanode.address is deprecated, For configuring different ports for each SCM use PortConfigKey ozone.scm.datanode.port appended with serviceId and nodeId
2024-04-16 13:46:46,595 [main] INFO  ha.SCMNodeInfo (SCMNodeInfo.java:getPort(197)) - ConfigKey ozone.scm.client.address is deprecated, For configuring different ports for each SCM use PortConfigKey ozone.scm.client.port appended with serviceId and nodeId
2024-04-16 13:46:46,596 [main] INFO  ha.SCMNodeInfo (SCMNodeInfo.java:getPort(197)) - ConfigKey ozone.scm.block.client.address is deprecated, For configuring different ports for each SCM use PortConfigKey ozone.scm.block.client.port appended with serviceId and nodeId
2024-04-16 13:46:46,596 [main] INFO  ha.SCMNodeInfo (SCMNodeInfo.java:getPort(197)) - ConfigKey ozone.scm.security.service.address is deprecated, For configuring different ports for each SCM use PortConfigKey ozone.scm.security.service.port appended with serviceId and nodeId
2024-04-16 13:46:46,597 [main] INFO  ha.SCMNodeInfo (SCMNodeInfo.java:getPort(197)) - ConfigKey ozone.scm.datanode.address is deprecated, For configuring different ports for each SCM use PortConfigKey ozone.scm.datanode.port appended with serviceId and nodeId
2024-04-16 13:46:46,684 [main] INFO  client.SCMCertificateClient (DefaultCertificateClient.java:updateCertSerialId(1313)) - Certificate serial ID set to null
2024-04-16 13:46:46,684 [main] ERROR client.SCMCertificateClient (DefaultCertificateClient.java:getCertPath(376)) - Default certificate serial id is not set. Can't locate the default certificate for this client.
2024-04-16 13:46:46,685 [main] INFO  client.SCMCertificateClient (DefaultCertificateClient.java:init(720)) - Certificate client init case: 0
2024-04-16 13:46:46,687 [main] INFO  client.SCMCertificateClient (DefaultCertificateClient.java:handleCase(738)) - Creating keypair for client as keypair and certificate not found.
2024-04-16 13:46:46,963 [main] INFO  client.SCMCertificateClient (SCMCertificateClient.java:recoverStateIfNeeded(285)) - Init response: GETCERT
2024-04-16 13:46:47,226 [main] INFO  ozone.OzoneSecurityUtil (OzoneSecurityUtil.java:getValidInetsForCurrentHost(119)) - ip:fe80:0:0:0:20d:3aff:fed3:5b6b%eth0 not returned.
2024-04-16 13:46:47,227 [main] INFO  ozone.OzoneSecurityUtil (OzoneSecurityUtil.java:getValidInetsForCurrentHost(116)) - Adding ip:10.1.0.24,host:fv-az1428-817.utppd1leec2uvmgjoennxb5ynh.ex.internal.cloudapp.net
2024-04-16 13:46:47,228 [main] INFO  ozone.OzoneSecurityUtil (OzoneSecurityUtil.java:getValidInetsForCurrentHost(119)) - ip:0:0:0:0:0:0:0:1%lo not returned.
2024-04-16 13:46:47,228 [main] INFO  ozone.OzoneSecurityUtil (OzoneSecurityUtil.java:getValidInetsForCurrentHost(119)) - ip:127.0.0.1 not returned.
2024-04-16 13:46:47,297 [main] INFO  utils.SelfSignedCertificate (SelfSignedCertificate.java:generateCertificate(157)) - Certificate 1 is issued by CN=scm@fv-az1428-817,OU=8dded7e3-77f4-42cf-91f8-4014f88a5819,O=f0f26617-5c27-4371-b446-298ac6c8687b,SERIALNUMBER=1 to CN=scm@fv-az1428-817,OU=8dded7e3-77f4-42cf-91f8-4014f88a5819,O=f0f26617-5c27-4371-b446-298ac6c8687b,SERIALNUMBER=1, valid from Tue Apr 16 13:46:47 UTC 2024 to Fri May 25 13:46:47 UTC 2029
2024-04-16 13:46:47,309 [main] INFO  utils.CertificateCodec (CertificateCodec.java:writeCertificate(299)) - Save certificate to /home/runner/work/ozone/ozone/hadoop-ozone/integration-test/target/test-dir/MiniOzoneClusterImpl-f0f26617-5c27-4371-b446-298ac6c8687b/scmNode-1/scm/ca/certs/certificate.crt
2024-04-16 13:46:47,309 [main] INFO  utils.CertificateCodec (CertificateCodec.java:writeCertificate(300)) - Certificate -----BEGIN CERTIFICATE-----
MIIEADCCAuigAwIBAgIBATANBgkqhkiG9w0BAQsFADCBhjEaMBgGA1UEAwwRc2Nt
QGZ2LWF6MTQyOC04MTcxLTArBgNVBAsMJDhkZGVkN2UzLTc3ZjQtNDJjZi05MWY4
LTQwMTRmODhhNTgxOTEtMCsGA1UECgwkZjBmMjY2MTctNWMyNy00MzcxLWI0NDYt
Mjk4YWM2Yzg2ODdiMQowCAYDVQQFEwExMB4XDTI0MDQxNjEzNDY0N1oXDTI5MDUy
NTEzNDY0N1owgYYxGjAYBgNVBAMMEXNjbUBmdi1hejE0MjgtODE3MS0wKwYDVQQL
DCQ4ZGRlZDdlMy03N2Y0LTQyY2YtOTFmOC00MDE0Zjg4YTU4MTkxLTArBgNVBAoM
JGYwZjI2NjE3LTVjMjctNDM3MS1iNDQ2LTI5OGFjNmM4Njg3YjEKMAgGA1UEBRMB
MTCCASIwDQYJKoZIhvcNAQEBBQADggEPADCCAQoCggEBAMdtp7i7wP+lZLzZlPEE
4ziTdvjbCpGrdZCLChtSQLrdxV06GLmEabfobsvIMsZju2cUyDma9RiOA8urazjr
T0XTQxsX5BabB78z/T+NgoWRlUczqIHSvVsksGtE8jP1agbenXJsc36dgYwP2OrA
YNuB5W7gX4iDyfKvYYm0rMkCiiphA6H6b+3I0ClnzGY10hEpVJofQUBylhoECsgY
lDuq146wIl7tvx2SxLlonnuYJ390L+N4gLYbeynYK7dPFxflao+2lo3vrHohnh6L
ybpQEBDNGMHusj8xERdMNn+tF+KcZxPjaIXZF6JyLwh3tDmxaC39HljYjTDurvF6
JwUCAwEAAaN3MHUwDwYDVR0TAQH/BAUwAwEB/zAOBgNVHQ8BAf8EBAMCAQYwUgYD
VR0RBEswSYcECgEAGIJBZnYtYXoxNDI4LTgxNy51dHBwZDFsZWVjMnV2bWdqb2Vu
bnhiNXluaC5leC5pbnRlcm5hbC5jbG91ZGFwcC5uZXQwDQYJKoZIhvcNAQELBQAD
ggEBAFi/vd/JLFd80EHBkMWQiD/wOJF1uwJBiLVL0XjS+CHo9XKIvvVxlUbJKNLr
zNXby38x4g0M7eoVEhITlw3yuv3B/pv315rYWtagwSvKLJKElQwT75qQ5v47W1RA
oSHk50lTe9Hmf2ndT+JFGcvhTS495C5jP2eIXKKxZPA8CDZbT+/HNa0Q5/LB0ATk
MZTG1TfQ8e/B+vvXO7D6PNBvTOlb77jSmjPCF7NKUq0Q7lDf40auSUc4AnjkxUSg
MbqkVs+mMULzy7c5doSHogjqsYMXWJQkcQmZttuADrLD7ebFVoTA8PRw59oRULJ1
YRwiVFPoWUDsL88+Dl3P1mWZdYs=
-----END CERTIFICATE-----

2024-04-16 13:46:47,337 [main] INFO  client.SCMCertificateClient (SCMCertificateClient.java:getCSRBuilder(145)) - Creating csr for SCM->hostName:localhost,scmId:8dded7e3-77f4-42cf-91f8-4014f88a5819,clusterId:f0f26617-5c27-4371-b446-298ac6c8687b,subject:scm-sub@localhost
2024-04-16 13:46:47,339 [main] INFO  ozone.OzoneSecurityUtil (OzoneSecurityUtil.java:getValidInetsForCurrentHost(119)) - ip:fe80:0:0:0:20d:3aff:fed3:5b6b%eth0 not returned.
2024-04-16 13:46:47,340 [main] INFO  ozone.OzoneSecurityUtil (OzoneSecurityUtil.java:getValidInetsForCurrentHost(116)) - Adding ip:10.1.0.24,host:fv-az1428-817.utppd1leec2uvmgjoennxb5ynh.ex.internal.cloudapp.net
2024-04-16 13:46:47,340 [main] INFO  ozone.OzoneSecurityUtil (OzoneSecurityUtil.java:getValidInetsForCurrentHost(119)) - ip:0:0:0:0:0:0:0:1%lo not returned.
2024-04-16 13:46:47,341 [main] INFO  ozone.OzoneSecurityUtil (OzoneSecurityUtil.java:getValidInetsForCurrentHost(119)) - ip:127.0.0.1 not returned.
2024-04-16 13:46:47,397 [main] INFO  authority.DefaultApprover (DefaultApprover.java:sign(157)) - Extensions in CSR: 2.5.29.19, 2.5.29.15, 2.5.29.17
2024-04-16 13:46:47,398 [main] INFO  authority.DefaultApprover (DefaultApprover.java:sign(161)) - Extensions to add to the certificate if they present in CSR: 2.5.29.17, 2.5.29.19, 1.3.6.1.5.5.7.1.12, 2.5.29.35, 2.5.29.37, 2.5.29.15
2024-04-16 13:46:47,423 [main] INFO  utils.CertificateCodec (CertificateCodec.java:writeCertificate(299)) - Save certificate to /home/runner/work/ozone/ozone/hadoop-ozone/integration-test/target/test-dir/MiniOzoneClusterImpl-f0f26617-5c27-4371-b446-298ac6c8687b/scmNode-1/scm/sub-ca/certs/CA-1.crt
2024-04-16 13:46:47,424 [main] INFO  utils.CertificateCodec (CertificateCodec.java:writeCertificate(300)) - Certificate -----BEGIN CERTIFICATE-----
MIIEADCCAuigAwIBAgIBATANBgkqhkiG9w0BAQsFADCBhjEaMBgGA1UEAwwRc2Nt
QGZ2LWF6MTQyOC04MTcxLTArBgNVBAsMJDhkZGVkN2UzLTc3ZjQtNDJjZi05MWY4
LTQwMTRmODhhNTgxOTEtMCsGA1UECgwkZjBmMjY2MTctNWMyNy00MzcxLWI0NDYt
Mjk4YWM2Yzg2ODdiMQowCAYDVQQFEwExMB4XDTI0MDQxNjEzNDY0N1oXDTI5MDUy
NTEzNDY0N1owgYYxGjAYBgNVBAMMEXNjbUBmdi1hejE0MjgtODE3MS0wKwYDVQQL
DCQ4ZGRlZDdlMy03N2Y0LTQyY2YtOTFmOC00MDE0Zjg4YTU4MTkxLTArBgNVBAoM
JGYwZjI2NjE3LTVjMjctNDM3MS1iNDQ2LTI5OGFjNmM4Njg3YjEKMAgGA1UEBRMB
MTCCASIwDQYJKoZIhvcNAQEBBQADggEPADCCAQoCggEBAMdtp7i7wP+lZLzZlPEE
4ziTdvjbCpGrdZCLChtSQLrdxV06GLmEabfobsvIMsZju2cUyDma9RiOA8urazjr
T0XTQxsX5BabB78z/T+NgoWRlUczqIHSvVsksGtE8jP1agbenXJsc36dgYwP2OrA
YNuB5W7gX4iDyfKvYYm0rMkCiiphA6H6b+3I0ClnzGY10hEpVJofQUBylhoECsgY
lDuq146wIl7tvx2SxLlonnuYJ390L+N4gLYbeynYK7dPFxflao+2lo3vrHohnh6L
ybpQEBDNGMHusj8xERdMNn+tF+KcZxPjaIXZF6JyLwh3tDmxaC39HljYjTDurvF6
JwUCAwEAAaN3MHUwDwYDVR0TAQH/BAUwAwEB/zAOBgNVHQ8BAf8EBAMCAQYwUgYD
VR0RBEswSYcECgEAGIJBZnYtYXoxNDI4LTgxNy51dHBwZDFsZWVjMnV2bWdqb2Vu
bnhiNXluaC5leC5pbnRlcm5hbC5jbG91ZGFwcC5uZXQwDQYJKoZIhvcNAQELBQAD
ggEBAFi/vd/JLFd80EHBkMWQiD/wOJF1uwJBiLVL0XjS+CHo9XKIvvVxlUbJKNLr
zNXby38x4g0M7eoVEhITlw3yuv3B/pv315rYWtagwSvKLJKElQwT75qQ5v47W1RA
oSHk50lTe9Hmf2ndT+JFGcvhTS495C5jP2eIXKKxZPA8CDZbT+/HNa0Q5/LB0ATk
MZTG1TfQ8e/B+vvXO7D6PNBvTOlb77jSmjPCF7NKUq0Q7lDf40auSUc4AnjkxUSg
MbqkVs+mMULzy7c5doSHogjqsYMXWJQkcQmZttuADrLD7ebFVoTA8PRw59oRULJ1
YRwiVFPoWUDsL88+Dl3P1mWZdYs=
-----END CERTIFICATE-----

2024-04-16 13:46:47,427 [main] INFO  utils.CertificateCodec (CertificateCodec.java:writeCertificate(299)) - Save certificate to /home/runner/work/ozone/ozone/hadoop-ozone/integration-test/target/test-dir/MiniOzoneClusterImpl-f0f26617-5c27-4371-b446-298ac6c8687b/scmNode-1/scm/sub-ca/certs/2.crt
2024-04-16 13:46:47,428 [main] INFO  utils.CertificateCodec (CertificateCodec.java:writeCertificate(300)) - Certificate -----BEGIN CERTIFICATE-----
MIIEADCCAuigAwIBAgIBAjANBgkqhkiG9w0BAQsFADCBhjEaMBgGA1UEAwwRc2Nt
QGZ2LWF6MTQyOC04MTcxLTArBgNVBAsMJDhkZGVkN2UzLTc3ZjQtNDJjZi05MWY4
LTQwMTRmODhhNTgxOTEtMCsGA1UECgwkZjBmMjY2MTctNWMyNy00MzcxLWI0NDYt
Mjk4YWM2Yzg2ODdiMQowCAYDVQQFEwExMB4XDTI0MDQxNjEzNDY0N1oXDTI5MDUy
NTEzNDY0N1owgYYxGjAYBgNVBAMMEXNjbS1zdWJAbG9jYWxob3N0MS0wKwYDVQQL
DCQ4ZGRlZDdlMy03N2Y0LTQyY2YtOTFmOC00MDE0Zjg4YTU4MTkxLTArBgNVBAoM
JGYwZjI2NjE3LTVjMjctNDM3MS1iNDQ2LTI5OGFjNmM4Njg3YjEKMAgGA1UEBRMB
MjCCASIwDQYJKoZIhvcNAQEBBQADggEPADCCAQoCggEBANjK/P+mL7p/u+YqC04x
JXmPB1dsWFp4EF57J5ivqFJRwh/Bg2et8qas7mEQFm8U6j0ccBRafon2235E18u9
+NfYaKHLS+nDjvNSCoN/FjHLJZWraFNx+xfjFeL/k1qIG2zajLlA9QvW8fS+0r3c
A+ayKor3ATWDYmV7Ob+hsjKxluUDgcuiSq15XKuxoTjH72DH0rQfnnMlrMCxMvtu
dji0xGpaC5ez0jeLGUyNBsLUIUei3V7SAy/ZN4AwkLti5ZsCKmgouYBm90Y6S9HZ
DHWhqL51SwQ2IOXzH5AFuGzyh+mJptEWH45tg88hTOKumH1Ie1E3TVaO7pdJuYPj
xysCAwEAAaN3MHUwUgYDVR0RBEswSYcECgEAGIJBZnYtYXoxNDI4LTgxNy51dHBw
ZDFsZWVjMnV2bWdqb2VubnhiNXluaC5leC5pbnRlcm5hbC5jbG91ZGFwcC5uZXQw
DwYDVR0TAQH/BAUwAwEB/zAOBgNVHQ8BAf8EBAMCAb4wDQYJKoZIhvcNAQELBQAD
ggEBACEtgKPf7lI4xY5m6Nc/Uvnaz+1nMnweOVF+spvhToSuCwQFJQkZXTm6C+NL
IXISjf8UkNCQOjglwn6SVo5qSL4hV+R6TJb4KYGZnv3HkzXZOX6adUAntMCz/Eyb
K2e+9VX98G7BdgCC9zw9ay+G6dDhWgReJGId2FvKdNvHvnu1Lb5QMcGSvPgk3wy5
UM8JmsmlJyKmO5e7bL77eaBki9UiVO/AuyQKn6nKHSe3xU0k4077lfI3X+6BpyC/
CXBsA9cwqx+whSdXN4v6TiADtVtGyNu/JcNIIpOLjNaqHTNl8lrQJxkurmBtazuT
728SGx7oeDF0blooC6rZBTRfDO4=
-----END CERTIFICATE-----

-----BEGIN CERTIFICATE-----
MIIEADCCAuigAwIBAgIBATANBgkqhkiG9w0BAQsFADCBhjEaMBgGA1UEAwwRc2Nt
QGZ2LWF6MTQyOC04MTcxLTArBgNVBAsMJDhkZGVkN2UzLTc3ZjQtNDJjZi05MWY4
LTQwMTRmODhhNTgxOTEtMCsGA1UECgwkZjBmMjY2MTctNWMyNy00MzcxLWI0NDYt
Mjk4YWM2Yzg2ODdiMQowCAYDVQQFEwExMB4XDTI0MDQxNjEzNDY0N1oXDTI5MDUy
NTEzNDY0N1owgYYxGjAYBgNVBAMMEXNjbUBmdi1hejE0MjgtODE3MS0wKwYDVQQL
DCQ4ZGRlZDdlMy03N2Y0LTQyY2YtOTFmOC00MDE0Zjg4YTU4MTkxLTArBgNVBAoM
JGYwZjI2NjE3LTVjMjctNDM3MS1iNDQ2LTI5OGFjNmM4Njg3YjEKMAgGA1UEBRMB
MTCCASIwDQYJKoZIhvcNAQEBBQADggEPADCCAQoCggEBAMdtp7i7wP+lZLzZlPEE
4ziTdvjbCpGrdZCLChtSQLrdxV06GLmEabfobsvIMsZju2cUyDma9RiOA8urazjr
T0XTQxsX5BabB78z/T+NgoWRlUczqIHSvVsksGtE8jP1agbenXJsc36dgYwP2OrA
YNuB5W7gX4iDyfKvYYm0rMkCiiphA6H6b+3I0ClnzGY10hEpVJofQUBylhoECsgY
lDuq146wIl7tvx2SxLlonnuYJ390L+N4gLYbeynYK7dPFxflao+2lo3vrHohnh6L
ybpQEBDNGMHusj8xERdMNn+tF+KcZxPjaIXZF6JyLwh3tDmxaC39HljYjTDurvF6
JwUCAwEAAaN3MHUwDwYDVR0TAQH/BAUwAwEB/zAOBgNVHQ8BAf8EBAMCAQYwUgYD
VR0RBEswSYcECgEAGIJBZnYtYXoxNDI4LTgxNy51dHBwZDFsZWVjMnV2bWdqb2Vu
bnhiNXluaC5leC5pbnRlcm5hbC5jbG91ZGFwcC5uZXQwDQYJKoZIhvcNAQELBQAD
ggEBAFi/vd/JLFd80EHBkMWQiD/wOJF1uwJBiLVL0XjS+CHo9XKIvvVxlUbJKNLr
zNXby38x4g0M7eoVEhITlw3yuv3B/pv315rYWtagwSvKLJKElQwT75qQ5v47W1RA
oSHk50lTe9Hmf2ndT+JFGcvhTS495C5jP2eIXKKxZPA8CDZbT+/HNa0Q5/LB0ATk
MZTG1TfQ8e/B+vvXO7D6PNBvTOlb77jSmjPCF7NKUq0Q7lDf40auSUc4AnjkxUSg
MbqkVs+mMULzy7c5doSHogjqsYMXWJQkcQmZttuADrLD7ebFVoTA8PRw59oRULJ1
YRwiVFPoWUDsL88+Dl3P1mWZdYs=
-----END CERTIFICATE-----

2024-04-16 13:46:47,429 [main] INFO  utils.CertificateCodec (CertificateCodec.java:writeCertificate(299)) - Save certificate to /home/runner/work/ozone/ozone/hadoop-ozone/integration-test/target/test-dir/MiniOzoneClusterImpl-f0f26617-5c27-4371-b446-298ac6c8687b/scmNode-1/scm/sub-ca/certs/certificate.crt
2024-04-16 13:46:47,430 [main] INFO  utils.CertificateCodec (CertificateCodec.java:writeCertificate(300)) - Certificate -----BEGIN CERTIFICATE-----
MIIEADCCAuigAwIBAgIBAjANBgkqhkiG9w0BAQsFADCBhjEaMBgGA1UEAwwRc2Nt
QGZ2LWF6MTQyOC04MTcxLTArBgNVBAsMJDhkZGVkN2UzLTc3ZjQtNDJjZi05MWY4
LTQwMTRmODhhNTgxOTEtMCsGA1UECgwkZjBmMjY2MTctNWMyNy00MzcxLWI0NDYt
Mjk4YWM2Yzg2ODdiMQowCAYDVQQFEwExMB4XDTI0MDQxNjEzNDY0N1oXDTI5MDUy
NTEzNDY0N1owgYYxGjAYBgNVBAMMEXNjbS1zdWJAbG9jYWxob3N0MS0wKwYDVQQL
DCQ4ZGRlZDdlMy03N2Y0LTQyY2YtOTFmOC00MDE0Zjg4YTU4MTkxLTArBgNVBAoM
JGYwZjI2NjE3LTVjMjctNDM3MS1iNDQ2LTI5OGFjNmM4Njg3YjEKMAgGA1UEBRMB
MjCCASIwDQYJKoZIhvcNAQEBBQADggEPADCCAQoCggEBANjK/P+mL7p/u+YqC04x
JXmPB1dsWFp4EF57J5ivqFJRwh/Bg2et8qas7mEQFm8U6j0ccBRafon2235E18u9
+NfYaKHLS+nDjvNSCoN/FjHLJZWraFNx+xfjFeL/k1qIG2zajLlA9QvW8fS+0r3c
A+ayKor3ATWDYmV7Ob+hsjKxluUDgcuiSq15XKuxoTjH72DH0rQfnnMlrMCxMvtu
dji0xGpaC5ez0jeLGUyNBsLUIUei3V7SAy/ZN4AwkLti5ZsCKmgouYBm90Y6S9HZ
DHWhqL51SwQ2IOXzH5AFuGzyh+mJptEWH45tg88hTOKumH1Ie1E3TVaO7pdJuYPj
xysCAwEAAaN3MHUwUgYDVR0RBEswSYcECgEAGIJBZnYtYXoxNDI4LTgxNy51dHBw
ZDFsZWVjMnV2bWdqb2VubnhiNXluaC5leC5pbnRlcm5hbC5jbG91ZGFwcC5uZXQw
DwYDVR0TAQH/BAUwAwEB/zAOBgNVHQ8BAf8EBAMCAb4wDQYJKoZIhvcNAQELBQAD
ggEBACEtgKPf7lI4xY5m6Nc/Uvnaz+1nMnweOVF+spvhToSuCwQFJQkZXTm6C+NL
IXISjf8UkNCQOjglwn6SVo5qSL4hV+R6TJb4KYGZnv3HkzXZOX6adUAntMCz/Eyb
K2e+9VX98G7BdgCC9zw9ay+G6dDhWgReJGId2FvKdNvHvnu1Lb5QMcGSvPgk3wy5
UM8JmsmlJyKmO5e7bL77eaBki9UiVO/AuyQKn6nKHSe3xU0k4077lfI3X+6BpyC/
CXBsA9cwqx+whSdXN4v6TiADtVtGyNu/JcNIIpOLjNaqHTNl8lrQJxkurmBtazuT
728SGx7oeDF0blooC6rZBTRfDO4=
-----END CERTIFICATE-----

-----BEGIN CERTIFICATE-----
MIIEADCCAuigAwIBAgIBATANBgkqhkiG9w0BAQsFADCBhjEaMBgGA1UEAwwRc2Nt
QGZ2LWF6MTQyOC04MTcxLTArBgNVBAsMJDhkZGVkN2UzLTc3ZjQtNDJjZi05MWY4
LTQwMTRmODhhNTgxOTEtMCsGA1UECgwkZjBmMjY2MTctNWMyNy00MzcxLWI0NDYt
Mjk4YWM2Yzg2ODdiMQowCAYDVQQFEwExMB4XDTI0MDQxNjEzNDY0N1oXDTI5MDUy
NTEzNDY0N1owgYYxGjAYBgNVBAMMEXNjbUBmdi1hejE0MjgtODE3MS0wKwYDVQQL
DCQ4ZGRlZDdlMy03N2Y0LTQyY2YtOTFmOC00MDE0Zjg4YTU4MTkxLTArBgNVBAoM
JGYwZjI2NjE3LTVjMjctNDM3MS1iNDQ2LTI5OGFjNmM4Njg3YjEKMAgGA1UEBRMB
MTCCASIwDQYJKoZIhvcNAQEBBQADggEPADCCAQoCggEBAMdtp7i7wP+lZLzZlPEE
4ziTdvjbCpGrdZCLChtSQLrdxV06GLmEabfobsvIMsZju2cUyDma9RiOA8urazjr
T0XTQxsX5BabB78z/T+NgoWRlUczqIHSvVsksGtE8jP1agbenXJsc36dgYwP2OrA
YNuB5W7gX4iDyfKvYYm0rMkCiiphA6H6b+3I0ClnzGY10hEpVJofQUBylhoECsgY
lDuq146wIl7tvx2SxLlonnuYJ390L+N4gLYbeynYK7dPFxflao+2lo3vrHohnh6L
ybpQEBDNGMHusj8xERdMNn+tF+KcZxPjaIXZF6JyLwh3tDmxaC39HljYjTDurvF6
JwUCAwEAAaN3MHUwDwYDVR0TAQH/BAUwAwEB/zAOBgNVHQ8BAf8EBAMCAQYwUgYD
VR0RBEswSYcECgEAGIJBZnYtYXoxNDI4LTgxNy51dHBwZDFsZWVjMnV2bWdqb2Vu
bnhiNXluaC5leC5pbnRlcm5hbC5jbG91ZGFwcC5uZXQwDQYJKoZIhvcNAQELBQAD
ggEBAFi/vd/JLFd80EHBkMWQiD/wOJF1uwJBiLVL0XjS+CHo9XKIvvVxlUbJKNLr
zNXby38x4g0M7eoVEhITlw3yuv3B/pv315rYWtagwSvKLJKElQwT75qQ5v47W1RA
oSHk50lTe9Hmf2ndT+JFGcvhTS495C5jP2eIXKKxZPA8CDZbT+/HNa0Q5/LB0ATk
MZTG1TfQ8e/B+vvXO7D6PNBvTOlb77jSmjPCF7NKUq0Q7lDf40auSUc4AnjkxUSg
MbqkVs+mMULzy7c5doSHogjqsYMXWJQkcQmZttuADrLD7ebFVoTA8PRw59oRULJ1
YRwiVFPoWUDsL88+Dl3P1mWZdYs=
-----END CERTIFICATE-----

2024-04-16 13:46:47,431 [main] INFO  client.SCMCertificateClient (SCMCertificateClient.java:recoverStateIfNeeded(296)) - Successfully stored SCM signed certificate.
2024-04-16 13:46:47,532 [main] INFO  server.RaftServer (ConfUtils.java:logGet(46)) - raft.rpc.type = GRPC (default)
2024-04-16 13:46:47,589 [main] INFO  grpc.GrpcConfigKeys (ConfUtils.java:logFallback(53)) - raft.grpc.admin.host = null (fallback to raft.grpc.server.host)
2024-04-16 13:46:47,590 [main] INFO  grpc.GrpcConfigKeys (ConfUtils.java:logFallback(53)) - raft.grpc.admin.port = 15003 (fallback to raft.grpc.server.port)
2024-04-16 13:46:47,591 [main] INFO  grpc.GrpcConfigKeys (ConfUtils.java:logFallback(53)) - raft.grpc.client.host = null (fallback to raft.grpc.server.host)
2024-04-16 13:46:47,591 [main] INFO  grpc.GrpcConfigKeys (ConfUtils.java:logFallback(53)) - raft.grpc.client.port = 15003 (fallback to raft.grpc.server.port)
2024-04-16 13:46:47,592 [main] INFO  grpc.GrpcConfigKeys (ConfUtils.java:logGet(46)) - raft.grpc.server.host = null (default)
2024-04-16 13:46:47,592 [main] INFO  grpc.GrpcConfigKeys (ConfUtils.java:logGet(46)) - raft.grpc.server.port = 15003 (custom)
2024-04-16 13:46:47,593 [main] INFO  server.GrpcService (ConfUtils.java:logGet(46)) - raft.grpc.message.size.max = 32m (=33554432) (custom)
2024-04-16 13:46:47,594 [main] INFO  server.RaftServerConfigKeys (ConfUtils.java:logGet(46)) - raft.server.log.appender.buffer.byte-limit = 4194304 (custom)
2024-04-16 13:46:47,595 [main] INFO  server.GrpcService (ConfUtils.java:logGet(46)) - raft.grpc.flow.control.window = 1MB (=1048576) (default)
2024-04-16 13:46:47,595 [main] INFO  server.RaftServerConfigKeys (ConfUtils.java:logGet(46)) - raft.server.rpc.request.timeout = 30000ms (custom)
2024-04-16 13:46:47,608 [main] INFO  grpc.GrpcConfigKeys (ConfUtils.java:logGet(46)) - raft.grpc.server.heartbeat.channel = true (default)
2024-04-16 13:46:47,611 [main] INFO  grpc.GrpcConfigKeys (ConfUtils.java:logGet(46)) - raft.grpc.server.async.request.thread.pool.cached = true (default)
2024-04-16 13:46:47,611 [main] INFO  grpc.GrpcConfigKeys (ConfUtils.java:logGet(46)) - raft.grpc.server.async.request.thread.pool.size = 32 (default)
2024-04-16 13:46:47,849 [main] INFO  impl.DataStreamServerImpl (ConfUtils.java:logGet(46)) - raft.datastream.type = DISABLED (default)
2024-04-16 13:46:47,852 [main] INFO  server.RaftServerConfigKeys (ConfUtils.java:logGet(46)) - raft.server.sleep.deviation.threshold = 300ms (default)
2024-04-16 13:46:47,853 [main] INFO  server.RaftServerConfigKeys (ConfUtils.java:logGet(46)) - raft.server.close.threshold = 60s (default)
2024-04-16 13:46:47,853 [main] INFO  server.RaftServerConfigKeys (ConfUtils.java:logGet(46)) - raft.server.leaderelection.leader.step-down.wait-time = 10s (default)
2024-04-16 13:46:47,858 [main] INFO  server.RaftServerConfigKeys (ConfUtils.java:logGet(46)) - raft.server.storage.dir = [/home/runner/work/ozone/ozone/hadoop-ozone/integration-test/target/test-dir/MiniOzoneClusterImpl-f0f26617-5c27-4371-b446-298ac6c8687b/scmNode-1/scm-ha] (custom)
2024-04-16 13:46:47,859 [main] INFO  server.RaftServerConfigKeys (ConfUtils.java:logGet(46)) - raft.server.threadpool.proxy.cached = true (default)
2024-04-16 13:46:47,860 [main] INFO  server.RaftServerConfigKeys (ConfUtils.java:logGet(46)) - raft.server.threadpool.proxy.size = 0 (default)
2024-04-16 13:46:47,882 [main] INFO  server.RaftServer (RaftServerProxy.java:addNew(100)) - 8dded7e3-77f4-42cf-91f8-4014f88a5819: addNew group-298AC6C8687B:[8dded7e3-77f4-42cf-91f8-4014f88a5819|localhost:15003] returns group-298AC6C8687B:java.util.concurrent.CompletableFuture@43d6262c[Not completed]
2024-04-16 13:46:47,899 [8dded7e3-77f4-42cf-91f8-4014f88a5819-groupManagement] INFO  server.RaftServer$Division (RaftServerImpl.java:<init>(256)) - 8dded7e3-77f4-42cf-91f8-4014f88a5819: new RaftServerImpl for group-298AC6C8687B:[8dded7e3-77f4-42cf-91f8-4014f88a5819|localhost:15003] with SCMStateMachine:uninitialized
2024-04-16 13:46:47,901 [8dded7e3-77f4-42cf-91f8-4014f88a5819-groupManagement] INFO  server.RaftServerConfigKeys (ConfUtils.java:logGet(46)) - raft.server.rpc.timeout.min = 5000ms (custom)
2024-04-16 13:46:47,901 [8dded7e3-77f4-42cf-91f8-4014f88a5819-groupManagement] INFO  server.RaftServerConfigKeys (ConfUtils.java:logGet(46)) - raft.server.rpc.timeout.max = 5200ms (custom)
2024-04-16 13:46:47,901 [8dded7e3-77f4-42cf-91f8-4014f88a5819-groupManagement] INFO  server.RaftServerConfigKeys (ConfUtils.java:logGet(46)) - raft.server.rpc.sleep.time = 25ms (default)
2024-04-16 13:46:47,901 [8dded7e3-77f4-42cf-91f8-4014f88a5819-groupManagement] INFO  server.RaftServerConfigKeys (ConfUtils.java:logGet(46)) - raft.server.rpc.slowness.timeout = 120000ms (custom)
2024-04-16 13:46:47,902 [8dded7e3-77f4-42cf-91f8-4014f88a5819-groupManagement] INFO  server.RaftServerConfigKeys (ConfUtils.java:logGet(46)) - raft.server.leaderelection.leader.step-down.wait-time = 10s (default)
2024-04-16 13:46:47,902 [8dded7e3-77f4-42cf-91f8-4014f88a5819-groupManagement] INFO  server.RaftServerConfigKeys (ConfUtils.java:logGet(46)) - raft.server.leaderelection.member.majority-add = false (default)
2024-04-16 13:46:47,902 [8dded7e3-77f4-42cf-91f8-4014f88a5819-groupManagement] INFO  server.RaftServerConfigKeys (ConfUtils.java:logGet(46)) - raft.server.sleep.deviation.threshold = 300ms (default)
2024-04-16 13:46:47,907 [8dded7e3-77f4-42cf-91f8-4014f88a5819-groupManagement] INFO  server.RaftServer$Division (ServerState.java:<init>(113)) - 8dded7e3-77f4-42cf-91f8-4014f88a5819@group-298AC6C8687B: ConfigurationManager, init=-1: peers:[8dded7e3-77f4-42cf-91f8-4014f88a5819|localhost:15003]|listeners:[], old=null, confs=<EMPTY_MAP>
2024-04-16 13:46:47,912 [8dded7e3-77f4-42cf-91f8-4014f88a5819-groupManagement] INFO  server.RaftServerConfigKeys (ConfUtils.java:logGet(46)) - raft.server.notification.no-leader.timeout = 60s (default)
2024-04-16 13:46:47,915 [8dded7e3-77f4-42cf-91f8-4014f88a5819-groupManagement] INFO  server.RaftServerConfigKeys (ConfUtils.java:logGet(46)) - raft.server.read.timeout = 10s (default)
2024-04-16 13:46:47,919 [8dded7e3-77f4-42cf-91f8-4014f88a5819-groupManagement] INFO  server.RaftServerConfigKeys (ConfUtils.java:logGet(46)) - raft.server.retrycache.expirytime = 60000ms (default)
2024-04-16 13:46:47,919 [8dded7e3-77f4-42cf-91f8-4014f88a5819-groupManagement] INFO  server.RaftServerConfigKeys (ConfUtils.java:logGet(46)) - raft.server.retrycache.statistics.expirytime = 100ms (default)
2024-04-16 13:46:47,922 [8dded7e3-77f4-42cf-91f8-4014f88a5819-groupManagement] INFO  server.RaftServerConfigKeys (ConfUtils.java:logGet(46)) - raft.server.read.option = DEFAULT (default)
2024-04-16 13:46:47,924 [8dded7e3-77f4-42cf-91f8-4014f88a5819-groupManagement] INFO  server.RaftServerConfigKeys (ConfUtils.java:logGet(46)) - raft.server.read.read-after-write-consistent.write-index-cache.expiry-time = 60s (default)
2024-04-16 13:46:47,930 [8dded7e3-77f4-42cf-91f8-4014f88a5819-groupManagement] INFO  metrics.MetricRegistries (MetricRegistriesLoader.java:load(64)) - Loaded MetricRegistries class org.apache.ratis.metrics.dropwizard3.Dm3MetricRegistriesImpl
2024-04-16 13:46:47,957 [8dded7e3-77f4-42cf-91f8-4014f88a5819-groupManagement] INFO  server.RaftServerConfigKeys (ConfUtils.java:logGet(46)) - raft.server.rpc.request.timeout = 30000ms (custom)
2024-04-16 13:46:47,960 [8dded7e3-77f4-42cf-91f8-4014f88a5819-groupManagement] INFO  server.RaftServerConfigKeys (ConfUtils.java:logGet(46)) - raft.server.log.appender.install.snapshot.enabled = false (custom)
2024-04-16 13:46:47,962 [8dded7e3-77f4-42cf-91f8-4014f88a5819-groupManagement] INFO  server.RaftServerConfigKeys (ConfUtils.java:logGet(46)) - raft.server.threadpool.server.cached = true (default)
2024-04-16 13:46:47,962 [8dded7e3-77f4-42cf-91f8-4014f88a5819-groupManagement] INFO  server.RaftServerConfigKeys (ConfUtils.java:logGet(46)) - raft.server.threadpool.server.size = 0 (default)
2024-04-16 13:46:47,962 [8dded7e3-77f4-42cf-91f8-4014f88a5819-groupManagement] INFO  server.RaftServerConfigKeys (ConfUtils.java:logGet(46)) - raft.server.threadpool.client.cached = true (default)
2024-04-16 13:46:47,963 [8dded7e3-77f4-42cf-91f8-4014f88a5819-groupManagement] INFO  server.RaftServerConfigKeys (ConfUtils.java:logGet(46)) - raft.server.threadpool.client.size = 0 (default)
2024-04-16 13:46:47,965 [8dded7e3-77f4-42cf-91f8-4014f88a5819-impl-thread1] INFO  server.RaftServerConfigKeys (ConfUtils.java:logGet(46)) - raft.server.storage.free-space.min = 0MB (=0) (default)
2024-04-16 13:46:47,966 [8dded7e3-77f4-42cf-91f8-4014f88a5819-impl-thread1] INFO  server.RaftServerConfigKeys (ConfUtils.java:logGet(46)) - raft.server.log.corruption.policy = EXCEPTION (default)
2024-04-16 13:46:47,966 [8dded7e3-77f4-42cf-91f8-4014f88a5819-impl-thread1] INFO  server.RaftServerConfigKeys (ConfUtils.java:logGet(46)) - raft.server.storage.dir = [/home/runner/work/ozone/ozone/hadoop-ozone/integration-test/target/test-dir/MiniOzoneClusterImpl-f0f26617-5c27-4371-b446-298ac6c8687b/scmNode-1/scm-ha] (custom)
2024-04-16 13:46:47,970 [8dded7e3-77f4-42cf-91f8-4014f88a5819-impl-thread1] INFO  storage.RaftStorageDirectory (RaftStorageDirectoryImpl.java:analyzeStorage(138)) - The storage directory /home/runner/work/ozone/ozone/hadoop-ozone/integration-test/target/test-dir/MiniOzoneClusterImpl-f0f26617-5c27-4371-b446-298ac6c8687b/scmNode-1/scm-ha/f0f26617-5c27-4371-b446-298ac6c8687b does not exist. Creating ...
2024-04-16 13:46:47,974 [8dded7e3-77f4-42cf-91f8-4014f88a5819-impl-thread1] INFO  storage.RaftStorageDirectory (RaftStorageDirectoryImpl.java:tryLock(228)) - Lock on /home/runner/work/ozone/ozone/hadoop-ozone/integration-test/target/test-dir/MiniOzoneClusterImpl-f0f26617-5c27-4371-b446-298ac6c8687b/scmNode-1/scm-ha/f0f26617-5c27-4371-b446-298ac6c8687b/in_use.lock acquired by nodename 102701@fv-az1428-817
2024-04-16 13:46:47,980 [8dded7e3-77f4-42cf-91f8-4014f88a5819-impl-thread1] INFO  storage.RaftStorage (RaftStorageImpl.java:format(99)) - Storage directory /home/runner/work/ozone/ozone/hadoop-ozone/integration-test/target/test-dir/MiniOzoneClusterImpl-f0f26617-5c27-4371-b446-298ac6c8687b/scmNode-1/scm-ha/f0f26617-5c27-4371-b446-298ac6c8687b has been successfully formatted.
2024-04-16 13:46:47,981 [8dded7e3-77f4-42cf-91f8-4014f88a5819-impl-thread1] WARN  util.FileUtils (LogUtils.java:supplyAndLog(63)) - Failed to Files.newInputStream /home/runner/work/ozone/ozone/hadoop-ozone/integration-test/target/test-dir/MiniOzoneClusterImpl-f0f26617-5c27-4371-b446-298ac6c8687b/scmNode-1/scm-ha/f0f26617-5c27-4371-b446-298ac6c8687b/current/raft-meta.conf with options []: java.nio.file.NoSuchFileException: /home/runner/work/ozone/ozone/hadoop-ozone/integration-test/target/test-dir/MiniOzoneClusterImpl-f0f26617-5c27-4371-b446-298ac6c8687b/scmNode-1/scm-ha/f0f26617-5c27-4371-b446-298ac6c8687b/current/raft-meta.conf
2024-04-16 13:46:47,984 [8dded7e3-77f4-42cf-91f8-4014f88a5819-impl-thread1] INFO  server.RaftServerConfigKeys (ConfUtils.java:logGet(46)) - raft.server.log.use.memory = false (default)
2024-04-16 13:46:47,990 [8dded7e3-77f4-42cf-91f8-4014f88a5819-impl-thread1] INFO  server.RaftServerConfigKeys (ConfUtils.java:logGet(46)) - raft.server.log.purge.gap = 1000000 (custom)
2024-04-16 13:46:47,990 [8dded7e3-77f4-42cf-91f8-4014f88a5819-impl-thread1] INFO  server.RaftServerConfigKeys (ConfUtils.java:logGet(46)) - raft.server.log.appender.buffer.byte-limit = 4194304 (custom)
2024-04-16 13:46:47,991 [8dded7e3-77f4-42cf-91f8-4014f88a5819-impl-thread1] INFO  server.RaftServerConfigKeys (ConfUtils.java:logGet(46)) - raft.server.log.statemachine.data.read.timeout = 1000ms (default)
2024-04-16 13:46:47,992 [8dded7e3-77f4-42cf-91f8-4014f88a5819-impl-thread1] INFO  server.RaftServerConfigKeys (ConfUtils.java:logGet(46)) - raft.server.log.purge.preservation.log.num = 0 (default)
2024-04-16 13:46:47,995 [8dded7e3-77f4-42cf-91f8-4014f88a5819-impl-thread1] INFO  server.RaftServerConfigKeys (ConfUtils.java:logGet(46)) - raft.server.log.segment.size.max = 4194304 (custom)
2024-04-16 13:46:47,999 [8dded7e3-77f4-42cf-91f8-4014f88a5819-impl-thread1] INFO  server.RaftServerConfigKeys (ConfUtils.java:logGet(46)) - raft.server.log.segment.cache.num.max = 2 (custom)
2024-04-16 13:46:47,999 [8dded7e3-77f4-42cf-91f8-4014f88a5819-impl-thread1] INFO  server.RaftServerConfigKeys (ConfUtils.java:logGet(46)) - raft.server.log.segment.cache.size.max = 200MB (=209715200) (default)
2024-04-16 13:46:48,000 [8dded7e3-77f4-42cf-91f8-4014f88a5819-impl-thread1] INFO  server.RaftServerConfigKeys (ConfUtils.java:logGet(46)) - raft.server.log.appender.buffer.byte-limit = 4194304 (custom)
2024-04-16 13:46:48,001 [8dded7e3-77f4-42cf-91f8-4014f88a5819-impl-thread1] INFO  util.AwaitToRun (AwaitToRun.java:start(81)) - Thread[8dded7e3-77f4-42cf-91f8-4014f88a5819@group-298AC6C8687B-cacheEviction-AwaitToRun,5,main] started
2024-04-16 13:46:48,005 [8dded7e3-77f4-42cf-91f8-4014f88a5819-impl-thread1] INFO  segmented.SegmentedRaftLogWorker (SegmentedRaftLogWorker.java:<init>(182)) - new 8dded7e3-77f4-42cf-91f8-4014f88a5819@group-298AC6C8687B-SegmentedRaftLogWorker for RaftStorageImpl:Storage Directory /home/runner/work/ozone/ozone/hadoop-ozone/integration-test/target/test-dir/MiniOzoneClusterImpl-f0f26617-5c27-4371-b446-298ac6c8687b/scmNode-1/scm-ha/f0f26617-5c27-4371-b446-298ac6c8687b
2024-04-16 13:46:48,005 [8dded7e3-77f4-42cf-91f8-4014f88a5819-impl-thread1] INFO  server.RaftServerConfigKeys (ConfUtils.java:logGet(46)) - raft.server.log.queue.byte-limit = 64MB (=67108864) (default)
2024-04-16 13:46:48,006 [8dded7e3-77f4-42cf-91f8-4014f88a5819-impl-thread1] INFO  server.RaftServerConfigKeys (ConfUtils.java:logGet(46)) - raft.server.log.queue.element-limit = 4096 (default)
2024-04-16 13:46:48,007 [8dded7e3-77f4-42cf-91f8-4014f88a5819-impl-thread1] INFO  server.RaftServerConfigKeys (ConfUtils.java:logGet(46)) - raft.server.log.segment.size.max = 4194304 (custom)
2024-04-16 13:46:48,007 [8dded7e3-77f4-42cf-91f8-4014f88a5819-impl-thread1] INFO  server.RaftServerConfigKeys (ConfUtils.java:logGet(46)) - raft.server.log.preallocated.size = 4194304 (custom)
2024-04-16 13:46:48,008 [8dded7e3-77f4-42cf-91f8-4014f88a5819-impl-thread1] INFO  server.RaftServerConfigKeys (ConfUtils.java:logGet(46)) - raft.server.log.force.sync.num = 128 (default)
2024-04-16 13:46:48,008 [8dded7e3-77f4-42cf-91f8-4014f88a5819-impl-thread1] INFO  server.RaftServerConfigKeys (ConfUtils.java:logGet(46)) - raft.server.log.statemachine.data.sync = true (default)
2024-04-16 13:46:48,009 [8dded7e3-77f4-42cf-91f8-4014f88a5819-impl-thread1] INFO  server.RaftServerConfigKeys (ConfUtils.java:logGet(46)) - raft.server.log.statemachine.data.sync.timeout = 10s (default)
2024-04-16 13:46:48,009 [8dded7e3-77f4-42cf-91f8-4014f88a5819-impl-thread1] INFO  server.RaftServerConfigKeys (ConfUtils.java:logGet(46)) - raft.server.log.statemachine.data.sync.timeout.retry = -1 (default)
2024-04-16 13:46:48,010 [8dded7e3-77f4-42cf-91f8-4014f88a5819-impl-thread1] INFO  server.RaftServerConfigKeys (ConfUtils.java:logGet(46)) - raft.server.log.write.buffer.size = 4194312 (custom)
2024-04-16 13:46:48,011 [8dded7e3-77f4-42cf-91f8-4014f88a5819-impl-thread1] INFO  server.RaftServerConfigKeys (ConfUtils.java:logGet(46)) - raft.server.log.appender.buffer.byte-limit = 4194304 (custom)
2024-04-16 13:46:48,011 [8dded7e3-77f4-42cf-91f8-4014f88a5819-impl-thread1] INFO  server.RaftServerConfigKeys (ConfUtils.java:logGet(46)) - raft.server.log.unsafe-flush.enabled = false (default)
2024-04-16 13:46:48,012 [8dded7e3-77f4-42cf-91f8-4014f88a5819-impl-thread1] INFO  server.RaftServerConfigKeys (ConfUtils.java:logGet(46)) - raft.server.log.async-flush.enabled = false (default)
2024-04-16 13:46:48,012 [8dded7e3-77f4-42cf-91f8-4014f88a5819-impl-thread1] INFO  server.RaftServerConfigKeys (ConfUtils.java:logGet(46)) - raft.server.log.statemachine.data.caching.enabled = false (default)
2024-04-16 13:46:48,016 [8dded7e3-77f4-42cf-91f8-4014f88a5819-impl-thread1] INFO  segmented.SegmentedRaftLogWorker (SegmentedRaftLogWorker.java:lambda$new$0(134)) - 8dded7e3-77f4-42cf-91f8-4014f88a5819@group-298AC6C8687B-SegmentedRaftLogWorker: flushIndex: setUnconditionally 0 -> -1
2024-04-16 13:46:48,016 [8dded7e3-77f4-42cf-91f8-4014f88a5819-impl-thread1] INFO  segmented.SegmentedRaftLogWorker (SegmentedRaftLogWorker.java:lambda$new$0(134)) - 8dded7e3-77f4-42cf-91f8-4014f88a5819@group-298AC6C8687B-SegmentedRaftLogWorker: safeCacheEvictIndex: setUnconditionally 0 -> -1
2024-04-16 13:46:48,018 [8dded7e3-77f4-42cf-91f8-4014f88a5819-impl-thread1] INFO  server.RaftServer$Division (RaftServerImpl.java:start(396)) - 8dded7e3-77f4-42cf-91f8-4014f88a5819@group-298AC6C8687B: start as a follower, conf=-1: peers:[8dded7e3-77f4-42cf-91f8-4014f88a5819|localhost:15003]|listeners:[], old=null
2024-04-16 13:46:48,018 [8dded7e3-77f4-42cf-91f8-4014f88a5819-impl-thread1] INFO  server.RaftServer$Division (RaftServerImpl.java:setRole(383)) - 8dded7e3-77f4-42cf-91f8-4014f88a5819@group-298AC6C8687B: changes role from      null to FOLLOWER at term 0 for startAsFollower
2024-04-16 13:46:48,019 [8dded7e3-77f4-42cf-91f8-4014f88a5819-impl-thread1] INFO  impl.RoleInfo (RoleInfo.java:updateAndGet(139)) - 8dded7e3-77f4-42cf-91f8-4014f88a5819: start 8dded7e3-77f4-42cf-91f8-4014f88a5819@group-298AC6C8687B-FollowerState
2024-04-16 13:46:48,019 [8dded7e3-77f4-42cf-91f8-4014f88a5819@group-298AC6C8687B-FollowerState] INFO  server.RaftServerConfigKeys (ConfUtils.java:logFallback(53)) - raft.server.rpc.first-election.timeout.min = 5000ms (fallback to raft.server.rpc.timeout.min)
2024-04-16 13:46:48,020 [8dded7e3-77f4-42cf-91f8-4014f88a5819@group-298AC6C8687B-FollowerState] INFO  server.RaftServerConfigKeys (ConfUtils.java:logFallback(53)) - raft.server.rpc.first-election.timeout.max = 5200ms (fallback to raft.server.rpc.timeout.max)
2024-04-16 13:46:48,020 [8dded7e3-77f4-42cf-91f8-4014f88a5819-impl-thread1] INFO  util.JmxRegister (JmxRegister.java:tryRegister(44)) - Successfully registered JMX Bean with object name Ratis:service=RaftServer,group=group-298AC6C8687B,id=8dded7e3-77f4-42cf-91f8-4014f88a5819
2024-04-16 13:46:48,022 [8dded7e3-77f4-42cf-91f8-4014f88a5819-impl-thread1] INFO  server.RaftServerConfigKeys (ConfUtils.java:logGet(46)) - raft.server.snapshot.trigger-when-stop.enabled = true (default)
2024-04-16 13:46:48,023 [8dded7e3-77f4-42cf-91f8-4014f88a5819-impl-thread1] INFO  server.RaftServerConfigKeys (ConfUtils.java:logGet(46)) - raft.server.snapshot.auto.trigger.enabled = true (custom)
2024-04-16 13:46:48,023 [8dded7e3-77f4-42cf-91f8-4014f88a5819-impl-thread1] INFO  server.RaftServerConfigKeys (ConfUtils.java:logGet(46)) - raft.server.snapshot.auto.trigger.threshold = 1000 (custom)
2024-04-16 13:46:48,023 [8dded7e3-77f4-42cf-91f8-4014f88a5819-impl-thread1] INFO  server.RaftServerConfigKeys (ConfUtils.java:logGet(46)) - raft.server.snapshot.retention.file.num = -1 (default)
2024-04-16 13:46:48,024 [8dded7e3-77f4-42cf-91f8-4014f88a5819-impl-thread1] INFO  server.RaftServerConfigKeys (ConfUtils.java:logGet(46)) - raft.server.log.purge.upto.snapshot.index = false (default)
2024-04-16 13:46:48,027 [main] INFO  server.RaftServer (RaftServerProxy.java:startImpl(406)) - 8dded7e3-77f4-42cf-91f8-4014f88a5819: start RPC server
2024-04-16 13:46:48,063 [main] INFO  server.GrpcService (GrpcService.java:startImpl(302)) - 8dded7e3-77f4-42cf-91f8-4014f88a5819: GrpcService started, listening on 15003
2024-04-16 13:46:48,065 [JvmPauseMonitor0] INFO  util.JvmPauseMonitor (JvmPauseMonitor.java:run(146)) - JvmPauseMonitor-8dded7e3-77f4-42cf-91f8-4014f88a5819: Started
2024-04-16 13:46:53,032 [8dded7e3-77f4-42cf-91f8-4014f88a5819@group-298AC6C8687B-FollowerState] INFO  impl.FollowerState (FollowerState.java:run(143)) - 8dded7e3-77f4-42cf-91f8-4014f88a5819@group-298AC6C8687B-FollowerState: change to CANDIDATE, lastRpcElapsedTime:5013079448ns, electionTimeout:5011ms
2024-04-16 13:46:53,032 [8dded7e3-77f4-42cf-91f8-4014f88a5819@group-298AC6C8687B-FollowerState] INFO  impl.RoleInfo (RoleInfo.java:shutdownFollowerState(110)) - 8dded7e3-77f4-42cf-91f8-4014f88a5819: shutdown 8dded7e3-77f4-42cf-91f8-4014f88a5819@group-298AC6C8687B-FollowerState
2024-04-16 13:46:53,033 [8dded7e3-77f4-42cf-91f8-4014f88a5819@group-298AC6C8687B-FollowerState] INFO  server.RaftServer$Division (RaftServerImpl.java:setRole(383)) - 8dded7e3-77f4-42cf-91f8-4014f88a5819@group-298AC6C8687B: changes role from  FOLLOWER to CANDIDATE at term 0 for changeToCandidate
2024-04-16 13:46:53,035 [8dded7e3-77f4-42cf-91f8-4014f88a5819@group-298AC6C8687B-FollowerState] INFO  server.RaftServerConfigKeys (ConfUtils.java:logGet(46)) - raft.server.leaderelection.pre-vote = true (default)
2024-04-16 13:46:53,035 [8dded7e3-77f4-42cf-91f8-4014f88a5819@group-298AC6C8687B-FollowerState] INFO  impl.RoleInfo (RoleInfo.java:updateAndGet(139)) - 8dded7e3-77f4-42cf-91f8-4014f88a5819: start 8dded7e3-77f4-42cf-91f8-4014f88a5819@group-298AC6C8687B-LeaderElection1
2024-04-16 13:46:53,037 [8dded7e3-77f4-42cf-91f8-4014f88a5819@group-298AC6C8687B-LeaderElection1] INFO  impl.LeaderElection (LeaderElection.java:askForVotes(321)) - 8dded7e3-77f4-42cf-91f8-4014f88a5819@group-298AC6C8687B-LeaderElection1 PRE_VOTE round 0: submit vote requests at term 0 for -1: peers:[8dded7e3-77f4-42cf-91f8-4014f88a5819|localhost:15003]|listeners:[], old=null
2024-04-16 13:46:53,038 [8dded7e3-77f4-42cf-91f8-4014f88a5819@group-298AC6C8687B-LeaderElection1] INFO  impl.LeaderElection (LeaderElection.java:askForVotes(323)) - 8dded7e3-77f4-42cf-91f8-4014f88a5819@group-298AC6C8687B-LeaderElection1 PRE_VOTE round 0: result PASSED (term=0)
2024-04-16 13:46:53,040 [8dded7e3-77f4-42cf-91f8-4014f88a5819@group-298AC6C8687B-LeaderElection1] INFO  impl.LeaderElection (LeaderElection.java:askForVotes(321)) - 8dded7e3-77f4-42cf-91f8-4014f88a5819@group-298AC6C8687B-LeaderElection1 ELECTION round 0: submit vote requests at term 1 for -1: peers:[8dded7e3-77f4-42cf-91f8-4014f88a5819|localhost:15003]|listeners:[], old=null
2024-04-16 13:46:53,040 [8dded7e3-77f4-42cf-91f8-4014f88a5819@group-298AC6C8687B-LeaderElection1] INFO  impl.LeaderElection (LeaderElection.java:askForVotes(323)) - 8dded7e3-77f4-42cf-91f8-4014f88a5819@group-298AC6C8687B-LeaderElection1 ELECTION round 0: result PASSED (term=1)
2024-04-16 13:46:53,040 [8dded7e3-77f4-42cf-91f8-4014f88a5819@group-298AC6C8687B-LeaderElection1] INFO  impl.RoleInfo (RoleInfo.java:shutdownLeaderElection(130)) - 8dded7e3-77f4-42cf-91f8-4014f88a5819: shutdown 8dded7e3-77f4-42cf-91f8-4014f88a5819@group-298AC6C8687B-LeaderElection1
2024-04-16 13:46:53,041 [8dded7e3-77f4-42cf-91f8-4014f88a5819@group-298AC6C8687B-LeaderElection1] INFO  server.RaftServer$Division (RaftServerImpl.java:setRole(383)) - 8dded7e3-77f4-42cf-91f8-4014f88a5819@group-298AC6C8687B: changes role from CANDIDATE to LEADER at term 1 for changeToLeader
2024-04-16 13:46:53,045 [8dded7e3-77f4-42cf-91f8-4014f88a5819@group-298AC6C8687B-LeaderElection1] INFO  server.RaftServerConfigKeys (ConfUtils.java:logGet(46)) - raft.server.staging.catchup.gap = 1000 (default)
2024-04-16 13:46:53,048 [8dded7e3-77f4-42cf-91f8-4014f88a5819@group-298AC6C8687B-LeaderElection1] INFO  server.RaftServerConfigKeys (ConfUtils.java:logGet(46)) - raft.server.write.element-limit = 4096 (default)
2024-04-16 13:46:53,049 [8dded7e3-77f4-42cf-91f8-4014f88a5819@group-298AC6C8687B-LeaderElection1] INFO  server.RaftServerConfigKeys (ConfUtils.java:logGet(46)) - raft.server.write.byte-limit = 64MB (=67108864) (default)
2024-04-16 13:46:53,051 [8dded7e3-77f4-42cf-91f8-4014f88a5819@group-298AC6C8687B-LeaderElection1] INFO  server.RaftServerConfigKeys (ConfUtils.java:logGet(46)) - raft.server.watch.timeout = 10s (default)
2024-04-16 13:46:53,051 [8dded7e3-77f4-42cf-91f8-4014f88a5819@group-298AC6C8687B-LeaderElection1] INFO  server.RaftServerConfigKeys (ConfUtils.java:logGet(46)) - raft.server.watch.timeout.denomination = 1s (default)
2024-04-16 13:46:53,052 [8dded7e3-77f4-42cf-91f8-4014f88a5819@group-298AC6C8687B-LeaderElection1] INFO  server.RaftServerConfigKeys (ConfUtils.java:logGet(46)) - raft.server.watch.element-limit = 65536 (default)
2024-04-16 13:46:53,056 [8dded7e3-77f4-42cf-91f8-4014f88a5819@group-298AC6C8687B-LeaderElection1] INFO  server.RaftServerConfigKeys (ConfUtils.java:logGet(46)) - raft.server.read.leader.lease.enabled = false (default)
2024-04-16 13:46:53,058 [8dded7e3-77f4-42cf-91f8-4014f88a5819@group-298AC6C8687B-LeaderElection1] INFO  server.RaftServerConfigKeys (ConfUtils.java:logGet(46)) - raft.server.read.leader.lease.timeout.ratio = 0.9 (default)
2024-04-16 13:46:53,058 [8dded7e3-77f4-42cf-91f8-4014f88a5819@group-298AC6C8687B-LeaderElection1] INFO  server.RaftServerConfigKeys (ConfUtils.java:logGet(46)) - raft.server.rpc.timeout.min = 5000ms (custom)
2024-04-16 13:46:53,058 [8dded7e3-77f4-42cf-91f8-4014f88a5819@group-298AC6C8687B-LeaderElection1] INFO  server.RaftServerConfigKeys (ConfUtils.java:logGet(46)) - raft.server.write.element-limit = 4096 (default)
2024-04-16 13:46:53,059 [8dded7e3-77f4-42cf-91f8-4014f88a5819@group-298AC6C8687B-LeaderElection1] INFO  server.RaftServerConfigKeys (ConfUtils.java:logGet(46)) - raft.server.write.follower.gap.ratio.max = -1.0 (default)
2024-04-16 13:46:53,060 [8dded7e3-77f4-42cf-91f8-4014f88a5819@group-298AC6C8687B-LeaderElection1] INFO  impl.RoleInfo (RoleInfo.java:updateAndGet(139)) - 8dded7e3-77f4-42cf-91f8-4014f88a5819: start 8dded7e3-77f4-42cf-91f8-4014f88a5819@group-298AC6C8687B-LeaderStateImpl
2024-04-16 13:46:53,060 [8dded7e3-77f4-42cf-91f8-4014f88a5819@group-298AC6C8687B-LeaderElection1] INFO  server.RaftServer$Division (RaftServerImpl.java:setFirstElection(574)) - 8dded7e3-77f4-42cf-91f8-4014f88a5819@group-298AC6C8687B: set firstElectionSinceStartup to false for becomeLeader
2024-04-16 13:46:53,061 [8dded7e3-77f4-42cf-91f8-4014f88a5819@group-298AC6C8687B-LeaderElection1] INFO  server.RaftServer$Division (ServerState.java:setLeader(269)) - 8dded7e3-77f4-42cf-91f8-4014f88a5819@group-298AC6C8687B: change Leader from null to 8dded7e3-77f4-42cf-91f8-4014f88a5819 at term 1 for becomeLeader, leader elected after 5148ms
2024-04-16 13:46:53,077 [8dded7e3-77f4-42cf-91f8-4014f88a5819@group-298AC6C8687B-LeaderElection1] INFO  segmented.SegmentedRaftLogWorker (SegmentedRaftLogWorker.java:startLogSegment(430)) - 8dded7e3-77f4-42cf-91f8-4014f88a5819@group-298AC6C8687B-SegmentedRaftLogWorker: Starting segment from index:0
2024-04-16 13:46:53,088 [8dded7e3-77f4-42cf-91f8-4014f88a5819@group-298AC6C8687B-SegmentedRaftLogWorker] INFO  segmented.BufferedWriteChannel (BufferedWriteChannel.java:open(62)) - open log_inprogress_0 at position 0
2024-04-16 13:46:53,097 [8dded7e3-77f4-42cf-91f8-4014f88a5819@group-298AC6C8687B-LeaderElection1] INFO  server.RaftServer$Division (ServerState.java:setRaftConf(386)) - 8dded7e3-77f4-42cf-91f8-4014f88a5819@group-298AC6C8687B: set configuration 0: peers:[8dded7e3-77f4-42cf-91f8-4014f88a5819|localhost:15003]|listeners:[], old=null
2024-04-16 13:46:53,097 [8dded7e3-77f4-42cf-91f8-4014f88a5819@group-298AC6C8687B-SegmentedRaftLogWorker] INFO  segmented.SegmentedRaftLogWorker (SegmentedRaftLogWorker.java:execute(634)) - 8dded7e3-77f4-42cf-91f8-4014f88a5819@group-298AC6C8687B-SegmentedRaftLogWorker: created new log segment /home/runner/work/ozone/ozone/hadoop-ozone/integration-test/target/test-dir/MiniOzoneClusterImpl-f0f26617-5c27-4371-b446-298ac6c8687b/scmNode-1/scm-ha/f0f26617-5c27-4371-b446-298ac6c8687b/current/log_inprogress_0
2024-04-16 13:46:53,106 [8dded7e3-77f4-42cf-91f8-4014f88a5819@group-298AC6C8687B-StateMachineUpdater] INFO  server.RaftServer$Division (LeaderStateImpl.java:isApplied(320)) - leader is ready since appliedIndex == 0 >= startIndex == 0
2024-04-16 13:46:54,066 [main] INFO  server.RaftServer (RaftServerProxy.java:lambda$close$9(416)) - 8dded7e3-77f4-42cf-91f8-4014f88a5819: close
2024-04-16 13:46:54,068 [8dded7e3-77f4-42cf-91f8-4014f88a5819-impl-thread1] INFO  server.RaftServer$Division (RaftServerImpl.java:lambda$close$3(526)) - 8dded7e3-77f4-42cf-91f8-4014f88a5819@group-298AC6C8687B: shutdown
2024-04-16 13:46:54,068 [8dded7e3-77f4-42cf-91f8-4014f88a5819-impl-thread1] INFO  util.JmxRegister (JmxRegister.java:unregister(73)) - Successfully un-registered JMX Bean with object name Ratis:service=RaftServer,group=group-298AC6C8687B,id=8dded7e3-77f4-42cf-91f8-4014f88a5819
2024-04-16 13:46:54,068 [8dded7e3-77f4-42cf-91f8-4014f88a5819-impl-thread1] INFO  impl.RoleInfo (RoleInfo.java:shutdownLeaderState(94)) - 8dded7e3-77f4-42cf-91f8-4014f88a5819: shutdown 8dded7e3-77f4-42cf-91f8-4014f88a5819@group-298AC6C8687B-LeaderStateImpl
2024-04-16 13:46:54,068 [main] INFO  server.GrpcService (GrpcService.java:closeImpl(311)) - 8dded7e3-77f4-42cf-91f8-4014f88a5819: shutdown server GrpcServerProtocolService now
2024-04-16 13:46:54,072 [8dded7e3-77f4-42cf-91f8-4014f88a5819-impl-thread1] INFO  impl.PendingRequests (PendingRequests.java:sendNotLeaderResponses(289)) - 8dded7e3-77f4-42cf-91f8-4014f88a5819@group-298AC6C8687B-PendingRequests: sendNotLeaderResponses
2024-04-16 13:46:54,075 [8dded7e3-77f4-42cf-91f8-4014f88a5819-impl-thread1] INFO  impl.StateMachineUpdater (StateMachineUpdater.java:stopAndJoin(157)) - 8dded7e3-77f4-42cf-91f8-4014f88a5819@group-298AC6C8687B-StateMachineUpdater: set stopIndex = 0
2024-04-16 13:46:54,075 [8dded7e3-77f4-42cf-91f8-4014f88a5819@group-298AC6C8687B-StateMachineUpdater] INFO  impl.StateMachineUpdater (StateMachineUpdater.java:takeSnapshot(295)) - 8dded7e3-77f4-42cf-91f8-4014f88a5819@group-298AC6C8687B-StateMachineUpdater: Took a snapshot at index 0
2024-04-16 13:46:54,075 [8dded7e3-77f4-42cf-91f8-4014f88a5819@group-298AC6C8687B-StateMachineUpdater] INFO  impl.StateMachineUpdater (StateMachineUpdater.java:lambda$new$0(98)) - 8dded7e3-77f4-42cf-91f8-4014f88a5819@group-298AC6C8687B-StateMachineUpdater: snapshotIndex: updateIncreasingly -1 -> 0
2024-04-16 13:46:54,076 [main] INFO  server.GrpcService (GrpcService.java:closeImpl(320)) - 8dded7e3-77f4-42cf-91f8-4014f88a5819: shutdown server GrpcServerProtocolService successfully
2024-04-16 13:46:54,077 [8dded7e3-77f4-42cf-91f8-4014f88a5819-impl-thread1] INFO  server.RaftServer$Division (ServerState.java:close(427)) - 8dded7e3-77f4-42cf-91f8-4014f88a5819@group-298AC6C8687B: applyIndex: 0
2024-04-16 13:46:54,078 [8dded7e3-77f4-42cf-91f8-4014f88a5819@group-298AC6C8687B-cacheEviction-AwaitToRun] INFO  util.AwaitToRun (AwaitToRun.java:run(49)) - 8dded7e3-77f4-42cf-91f8-4014f88a5819@group-298AC6C8687B-cacheEviction-AwaitToRun-AwaitForSignal is interrupted
2024-04-16 13:46:54,103 [8dded7e3-77f4-42cf-91f8-4014f88a5819-impl-thread1] INFO  segmented.SegmentedRaftLogWorker (SegmentedRaftLogWorker.java:close(245)) - 8dded7e3-77f4-42cf-91f8-4014f88a5819@group-298AC6C8687B-SegmentedRaftLogWorker close()
2024-04-16 13:46:54,104 [JvmPauseMonitor0] INFO  util.JvmPauseMonitor (JvmPauseMonitor.java:run(152)) - JvmPauseMonitor-8dded7e3-77f4-42cf-91f8-4014f88a5819: Stopped
2024-04-16 13:46:54,104 [main] WARN  server.ServerUtils (ServerUtils.java:getScmDbDir(143)) - ozone.scm.db.dirs is not configured. We recommend adding this setting. Falling back to ozone.metadata.dirs instead.
2024-04-16 13:46:54,107 [main] INFO  server.StorageContainerManager (StorageContainerManager.java:scmInit(1319)) - SCM initialization succeeded. Current cluster id for sd=/home/runner/work/ozone/ozone/hadoop-ozone/integration-test/target/test-dir/MiniOzoneClusterImpl-f0f26617-5c27-4371-b446-298ac6c8687b/scmNode-1/scm; cid=f0f26617-5c27-4371-b446-298ac6c8687b; layoutVersion=7; scmId=8dded7e3-77f4-42cf-91f8-4014f88a5819
2024-04-16 13:46:54,119 [main] WARN  server.ServerUtils (ServerUtils.java:getScmDbDir(143)) - ozone.scm.db.dirs is not configured. We recommend adding this setting. Falling back to ozone.metadata.dirs instead.
2024-04-16 13:46:54,119 [main] INFO  ha.SCMHANodeDetails (SCMHANodeDetails.java:loadSCMHAConfig(207)) - ServiceID for StorageContainerManager is TestSecretKey
2024-04-16 13:46:54,120 [main] INFO  ha.SCMHANodeDetails (SCMHANodeDetails.java:loadSCMHAConfig(218)) - ServiceID for StorageContainerManager is TestSecretKey
2024-04-16 13:46:54,120 [main] WARN  scm.ScmUtils (ScmUtils.java:logWarn(192)) - ConfigKey ozone.scm.block.client.address is deprecated, For configuring different ports for each SCM use PortConfigKey ozone.scm.block.client.port appended with serviceId and nodeId. If want to configure same port configure ozone.scm.block.client.port
2024-04-16 13:46:54,120 [main] WARN  scm.ScmUtils (ScmUtils.java:logWarn(192)) - ConfigKey ozone.scm.client.address is deprecated, For configuring different ports for each SCM use PortConfigKey ozone.scm.client.port appended with serviceId and nodeId. If want to configure same port configure ozone.scm.client.port
2024-04-16 13:46:54,121 [main] WARN  scm.ScmUtils (ScmUtils.java:logWarn(192)) - ConfigKey ozone.scm.datanode.address is deprecated, For configuring different ports for each SCM use PortConfigKey ozone.scm.datanode.port appended with serviceId and nodeId. If want to configure same port configure ozone.scm.datanode.port
2024-04-16 13:46:54,121 [main] WARN  scm.ScmUtils (ScmUtils.java:logWarn(192)) - ConfigKey ozone.scm.block.client.address is deprecated, For configuring different ports for each SCM use PortConfigKey ozone.scm.block.client.port appended with serviceId and nodeId. If want to configure same port configure ozone.scm.block.client.port
2024-04-16 13:46:54,122 [main] WARN  scm.ScmUtils (ScmUtils.java:logWarn(192)) - ConfigKey ozone.scm.client.address is deprecated, For configuring different ports for each SCM use PortConfigKey ozone.scm.client.port appended with serviceId and nodeId. If want to configure same port configure ozone.scm.client.port
2024-04-16 13:46:54,122 [main] WARN  scm.ScmUtils (ScmUtils.java:logWarn(192)) - ConfigKey ozone.scm.datanode.address is deprecated, For configuring different ports for each SCM use PortConfigKey ozone.scm.datanode.port appended with serviceId and nodeId. If want to configure same port configure ozone.scm.datanode.port
2024-04-16 13:46:54,122 [main] INFO  ha.SCMHANodeDetails (SCMHANodeDetails.java:loadSCMHAConfig(305)) - Found matching SCM address with SCMServiceId: TestSecretKey, SCMNodeId: scmNode-1, RPC Address: localhost:15003 and Ratis port: 15003
2024-04-16 13:46:54,122 [main] INFO  ha.SCMHANodeDetails (ConfUtils.java:setNodeSpecificConfigs(97)) - Setting configuration key ozone.scm.datanode.address with value of key ozone.scm.datanode.address.TestSecretKey.scmNode-1: 127.0.0.1:15004
2024-04-16 13:46:54,123 [main] INFO  ha.SCMHANodeDetails (ConfUtils.java:setNodeSpecificConfigs(97)) - Setting configuration key ozone.scm.block.client.address with value of key ozone.scm.block.client.address.TestSecretKey.scmNode-1: 127.0.0.1:15007
2024-04-16 13:46:54,123 [main] INFO  ha.SCMHANodeDetails (ConfUtils.java:setNodeSpecificConfigs(97)) - Setting configuration key ozone.scm.client.address with value of key ozone.scm.client.address.TestSecretKey.scmNode-1: 127.0.0.1:15005
2024-04-16 13:46:54,123 [main] INFO  ha.SCMHANodeDetails (ConfUtils.java:setNodeSpecificConfigs(97)) - Setting configuration key ozone.scm.security.service.address with value of key ozone.scm.security.service.address.TestSecretKey.scmNode-1: 127.0.0.1:15002
2024-04-16 13:46:54,123 [main] INFO  ha.SCMHANodeDetails (ConfUtils.java:setNodeSpecificConfigs(97)) - Setting configuration key ozone.scm.ratis.port with value of key ozone.scm.ratis.port.TestSecretKey.scmNode-1: 15003
2024-04-16 13:46:54,124 [main] INFO  ha.SCMHANodeDetails (ConfUtils.java:setNodeSpecificConfigs(97)) - Setting configuration key ozone.scm.grpc.port with value of key ozone.scm.grpc.port.TestSecretKey.scmNode-1: 15006
2024-04-16 13:46:54,124 [main] INFO  ha.SCMHANodeDetails (ConfUtils.java:setNodeSpecificConfigs(97)) - Setting configuration key ozone.scm.http-address with value of key ozone.scm.http-address.TestSecretKey.scmNode-1: 127.0.0.1:15000
2024-04-16 13:46:54,124 [main] INFO  ha.SCMHANodeDetails (ConfUtils.java:setNodeSpecificConfigs(97)) - Setting configuration key ozone.scm.https-address with value of key ozone.scm.https-address.TestSecretKey.scmNode-1: 127.0.0.1:15001
2024-04-16 13:46:54,124 [main] INFO  ha.SCMHANodeDetails (ConfUtils.java:setNodeSpecificConfigs(97)) - Setting configuration key ozone.scm.address with value of key ozone.scm.address.TestSecretKey.scmNode-1: 127.0.0.1
2024-04-16 13:46:54,125 [main] WARN  scm.ScmUtils (ScmUtils.java:logWarn(192)) - ConfigKey ozone.scm.block.client.address is deprecated, For configuring different ports for each SCM use PortConfigKey ozone.scm.block.client.port appended with serviceId and nodeId. If want to configure same port configure ozone.scm.block.client.port
2024-04-16 13:46:54,125 [main] WARN  scm.ScmUtils (ScmUtils.java:logWarn(192)) - ConfigKey ozone.scm.client.address is deprecated, For configuring different ports for each SCM use PortConfigKey ozone.scm.client.port appended with serviceId and nodeId. If want to configure same port configure ozone.scm.client.port
2024-04-16 13:46:54,125 [main] WARN  scm.ScmUtils (ScmUtils.java:logWarn(192)) - ConfigKey ozone.scm.datanode.address is deprecated, For configuring different ports for each SCM use PortConfigKey ozone.scm.datanode.port appended with serviceId and nodeId. If want to configure same port configure ozone.scm.datanode.port
2024-04-16 13:46:54,133 [main] INFO  ha.SCMNodeInfo (SCMNodeInfo.java:getPort(197)) - ConfigKey ozone.scm.client.address is deprecated, For configuring different ports for each SCM use PortConfigKey ozone.scm.client.port appended with serviceId and nodeId
2024-04-16 13:46:54,133 [main] INFO  ha.SCMNodeInfo (SCMNodeInfo.java:getPort(197)) - ConfigKey ozone.scm.block.client.address is deprecated, For configuring different ports for each SCM use PortConfigKey ozone.scm.block.client.port appended with serviceId and nodeId
2024-04-16 13:46:54,133 [main] INFO  ha.SCMNodeInfo (SCMNodeInfo.java:getPort(197)) - ConfigKey ozone.scm.security.service.address is deprecated, For configuring different ports for each SCM use PortConfigKey ozone.scm.security.service.port appended with serviceId and nodeId
2024-04-16 13:46:54,134 [main] INFO  ha.SCMNodeInfo (SCMNodeInfo.java:getPort(197)) - ConfigKey ozone.scm.datanode.address is deprecated, For configuring different ports for each SCM use PortConfigKey ozone.scm.datanode.port appended with serviceId and nodeId
2024-04-16 13:46:54,134 [main] INFO  ha.SCMNodeInfo (SCMNodeInfo.java:getPort(197)) - ConfigKey ozone.scm.client.address is deprecated, For configuring different ports for each SCM use PortConfigKey ozone.scm.client.port appended with serviceId and nodeId
2024-04-16 13:46:54,134 [main] INFO  ha.SCMNodeInfo (SCMNodeInfo.java:getPort(197)) - ConfigKey ozone.scm.block.client.address is deprecated, For configuring different ports for each SCM use PortConfigKey ozone.scm.block.client.port appended with serviceId and nodeId
2024-04-16 13:46:54,134 [main] INFO  ha.SCMNodeInfo (SCMNodeInfo.java:getPort(197)) - ConfigKey ozone.scm.security.service.address is deprecated, For configuring different ports for each SCM use PortConfigKey ozone.scm.security.service.port appended with serviceId and nodeId
2024-04-16 13:46:54,135 [main] INFO  ha.SCMNodeInfo (SCMNodeInfo.java:getPort(197)) - ConfigKey ozone.scm.datanode.address is deprecated, For configuring different ports for each SCM use PortConfigKey ozone.scm.datanode.port appended with serviceId and nodeId
2024-04-16 13:46:54,135 [main] INFO  ha.SCMNodeInfo (SCMNodeInfo.java:getPort(197)) - ConfigKey ozone.scm.client.address is deprecated, For configuring different ports for each SCM use PortConfigKey ozone.scm.client.port appended with serviceId and nodeId
2024-04-16 13:46:54,135 [main] INFO  ha.SCMNodeInfo (SCMNodeInfo.java:getPort(197)) - ConfigKey ozone.scm.block.client.address is deprecated, For configuring different ports for each SCM use PortConfigKey ozone.scm.block.client.port appended with serviceId and nodeId
2024-04-16 13:46:54,135 [main] INFO  ha.SCMNodeInfo (SCMNodeInfo.java:getPort(197)) - ConfigKey ozone.scm.security.service.address is deprecated, For configuring different ports for each SCM use PortConfigKey ozone.scm.security.service.port appended with serviceId and nodeId
2024-04-16 13:46:54,136 [main] INFO  ha.SCMNodeInfo (SCMNodeInfo.java:getPort(197)) - ConfigKey ozone.scm.datanode.address is deprecated, For configuring different ports for each SCM use PortConfigKey ozone.scm.datanode.port appended with serviceId and nodeId
2024-04-16 13:46:54,170 [pool-1-thread-1] INFO  request.KdcRequest (KdcRequest.java:preauth(651)) - The preauth data is empty.
2024-04-16 13:46:54,175 [pool-1-thread-1] INFO  server.KdcHandler (KdcHandler.java:handleRecoverableException(177)) - KRB error occurred while processing request:Additional pre-authentication required
2024-04-16 13:46:54,205 [pool-1-thread-1] INFO  request.AsRequest (AsRequest.java:issueTicket(112)) - AS_REQ ISSUE: authtime 1713275214203,scm/fv-az1428-817.utppd1leec2uvmgjoennxb5ynh.ex.internal.cloudapp.net@EXAMPLE.COM for krbtgt/EXAMPLE.COM@EXAMPLE.COM
2024-04-16 13:46:54,213 [main] INFO  security.UserGroupInformation (UserGroupInformation.java:loginUserFromKeytab(1132)) - Login successful for user scm/fv-az1428-817.utppd1leec2uvmgjoennxb5ynh.ex.internal.cloudapp.net@EXAMPLE.COM using keytab file scm.keytab. Keytab auto renewal enabled : false
2024-04-16 13:46:54,213 [main] INFO  server.StorageContainerManager (StorageContainerManager.java:loginAsSCMUserIfSecurityEnabled(1075)) - SCM login successful.
2024-04-16 13:46:54,221 [main] INFO  ha.SCMNodeInfo (SCMNodeInfo.java:getPort(197)) - ConfigKey ozone.scm.client.address is deprecated, For configuring different ports for each SCM use PortConfigKey ozone.scm.client.port appended with serviceId and nodeId
2024-04-16 13:46:54,221 [main] INFO  ha.SCMNodeInfo (SCMNodeInfo.java:getPort(197)) - ConfigKey ozone.scm.block.client.address is deprecated, For configuring different ports for each SCM use PortConfigKey ozone.scm.block.client.port appended with serviceId and nodeId
2024-04-16 13:46:54,222 [main] INFO  ha.SCMNodeInfo (SCMNodeInfo.java:getPort(197)) - ConfigKey ozone.scm.security.service.address is deprecated, For configuring different ports for each SCM use PortConfigKey ozone.scm.security.service.port appended with serviceId and nodeId
2024-04-16 13:46:54,222 [main] INFO  ha.SCMNodeInfo (SCMNodeInfo.java:getPort(197)) - ConfigKey ozone.scm.datanode.address is deprecated, For configuring different ports for each SCM use PortConfigKey ozone.scm.datanode.port appended with serviceId and nodeId
2024-04-16 13:46:54,222 [main] INFO  ha.SCMNodeInfo (SCMNodeInfo.java:getPort(197)) - ConfigKey ozone.scm.client.address is deprecated, For configuring different ports for each SCM use PortConfigKey ozone.scm.client.port appended with serviceId and nodeId
2024-04-16 13:46:54,223 [main] INFO  ha.SCMNodeInfo (SCMNodeInfo.java:getPort(197)) - ConfigKey ozone.scm.block.client.address is deprecated, For configuring different ports for each SCM use PortConfigKey ozone.scm.block.client.port appended with serviceId and nodeId
2024-04-16 13:46:54,223 [main] INFO  ha.SCMNodeInfo (SCMNodeInfo.java:getPort(197)) - ConfigKey ozone.scm.security.service.address is deprecated, For configuring different ports for each SCM use PortConfigKey ozone.scm.security.service.port appended with serviceId and nodeId
2024-04-16 13:46:54,223 [main] INFO  ha.SCMNodeInfo (SCMNodeInfo.java:getPort(197)) - ConfigKey ozone.scm.datanode.address is deprecated, For configuring different ports for each SCM use PortConfigKey ozone.scm.datanode.port appended with serviceId and nodeId
2024-04-16 13:46:54,223 [main] INFO  ha.SCMNodeInfo (SCMNodeInfo.java:getPort(197)) - ConfigKey ozone.scm.client.address is deprecated, For configuring different ports for each SCM use PortConfigKey ozone.scm.client.port appended with serviceId and nodeId
2024-04-16 13:46:54,224 [main] INFO  ha.SCMNodeInfo (SCMNodeInfo.java:getPort(197)) - ConfigKey ozone.scm.block.client.address is deprecated, For configuring different ports for each SCM use PortConfigKey ozone.scm.block.client.port appended with serviceId and nodeId
2024-04-16 13:46:54,224 [main] INFO  ha.SCMNodeInfo (SCMNodeInfo.java:getPort(197)) - ConfigKey ozone.scm.security.service.address is deprecated, For configuring different ports for each SCM use PortConfigKey ozone.scm.security.service.port appended with serviceId and nodeId
2024-04-16 13:46:54,224 [main] INFO  ha.SCMNodeInfo (SCMNodeInfo.java:getPort(197)) - ConfigKey ozone.scm.datanode.address is deprecated, For configuring different ports for each SCM use PortConfigKey ozone.scm.datanode.port appended with serviceId and nodeId
2024-04-16 13:46:54,231 [main] INFO  ha.SCMNodeInfo (SCMNodeInfo.java:getPort(197)) - ConfigKey ozone.scm.client.address is deprecated, For configuring different ports for each SCM use PortConfigKey ozone.scm.client.port appended with serviceId and nodeId
2024-04-16 13:46:54,231 [main] INFO  ha.SCMNodeInfo (SCMNodeInfo.java:getPort(197)) - ConfigKey ozone.scm.block.client.address is deprecated, For configuring different ports for each SCM use PortConfigKey ozone.scm.block.client.port appended with serviceId and nodeId
2024-04-16 13:46:54,232 [main] INFO  ha.SCMNodeInfo (SCMNodeInfo.java:getPort(197)) - ConfigKey ozone.scm.security.service.address is deprecated, For configuring different ports for each SCM use PortConfigKey ozone.scm.security.service.port appended with serviceId and nodeId
2024-04-16 13:46:54,232 [main] INFO  ha.SCMNodeInfo (SCMNodeInfo.java:getPort(197)) - ConfigKey ozone.scm.datanode.address is deprecated, For configuring different ports for each SCM use PortConfigKey ozone.scm.datanode.port appended with serviceId and nodeId
2024-04-16 13:46:54,232 [main] INFO  ha.SCMNodeInfo (SCMNodeInfo.java:getPort(197)) - ConfigKey ozone.scm.client.address is deprecated, For configuring different ports for each SCM use PortConfigKey ozone.scm.client.port appended with serviceId and nodeId
2024-04-16 13:46:54,232 [main] INFO  ha.SCMNodeInfo (SCMNodeInfo.java:getPort(197)) - ConfigKey ozone.scm.block.client.address is deprecated, For configuring different ports for each SCM use PortConfigKey ozone.scm.block.client.port appended with serviceId and nodeId
2024-04-16 13:46:54,233 [main] INFO  ha.SCMNodeInfo (SCMNodeInfo.java:getPort(197)) - ConfigKey ozone.scm.security.service.address is deprecated, For configuring different ports for each SCM use PortConfigKey ozone.scm.security.service.port appended with serviceId and nodeId
2024-04-16 13:46:54,233 [main] INFO  ha.SCMNodeInfo (SCMNodeInfo.java:getPort(197)) - ConfigKey ozone.scm.datanode.address is deprecated, For configuring different ports for each SCM use PortConfigKey ozone.scm.datanode.port appended with serviceId and nodeId
2024-04-16 13:46:54,233 [main] INFO  ha.SCMNodeInfo (SCMNodeInfo.java:getPort(197)) - ConfigKey ozone.scm.client.address is deprecated, For configuring different ports for each SCM use PortConfigKey ozone.scm.client.port appended with serviceId and nodeId
2024-04-16 13:46:54,233 [main] INFO  ha.SCMNodeInfo (SCMNodeInfo.java:getPort(197)) - ConfigKey ozone.scm.block.client.address is deprecated, For configuring different ports for each SCM use PortConfigKey ozone.scm.block.client.port appended with serviceId and nodeId
2024-04-16 13:46:54,234 [main] INFO  ha.SCMNodeInfo (SCMNodeInfo.java:getPort(197)) - ConfigKey ozone.scm.security.service.address is deprecated, For configuring different ports for each SCM use PortConfigKey ozone.scm.security.service.port appended with serviceId and nodeId
2024-04-16 13:46:54,234 [main] INFO  ha.SCMNodeInfo (SCMNodeInfo.java:getPort(197)) - ConfigKey ozone.scm.datanode.address is deprecated, For configuring different ports for each SCM use PortConfigKey ozone.scm.datanode.port appended with serviceId and nodeId
2024-04-16 13:46:54,234 [main] INFO  client.SCMCertificateClient (DefaultCertificateClient.java:updateCertSerialId(1313)) - Certificate serial ID set to 2
2024-04-16 13:46:54,237 [main] INFO  client.SCMCertificateClient (DefaultCertificateClient.java:readCertificateFile(248)) - Added certificate 2 from file: /home/runner/work/ozone/ozone/hadoop-ozone/integration-test/target/test-dir/MiniOzoneClusterImpl-f0f26617-5c27-4371-b446-298ac6c8687b/scmNode-1/scm/sub-ca/certs/certificate.crt.
2024-04-16 13:46:54,238 [main] INFO  client.SCMCertificateClient (DefaultCertificateClient.java:readCertificateFile(248)) - Added certificate 1 from file: /home/runner/work/ozone/ozone/hadoop-ozone/integration-test/target/test-dir/MiniOzoneClusterImpl-f0f26617-5c27-4371-b446-298ac6c8687b/scmNode-1/scm/sub-ca/certs/CA-1.crt.
2024-04-16 13:46:54,240 [main] INFO  client.SCMCertificateClient (DefaultCertificateClient.java:readCertificateFile(248)) - Added certificate 2 from file: /home/runner/work/ozone/ozone/hadoop-ozone/integration-test/target/test-dir/MiniOzoneClusterImpl-f0f26617-5c27-4371-b446-298ac6c8687b/scmNode-1/scm/sub-ca/certs/2.crt.
2024-04-16 13:46:54,240 [main] INFO  client.SCMCertificateClient (DefaultCertificateClient.java:loadAllCertificates(197)) - CertificateRenewerService and root ca rotation polling is disabled for scm/sub-ca
2024-04-16 13:46:54,296 [main] WARN  utils.HAUtils (HAUtils.java:getMetaDir(339)) - ozone.scm.db.dirs is not configured. We recommend adding this setting. Falling back to ozone.metadata.dirs instead.
2024-04-16 13:46:54,399 [main] WARN  db.DBStoreBuilder (DBStoreBuilder.java:applyDBDefinition(171)) - ozone.scm.db.dirs is not configured. We recommend adding this setting. Falling back to ozone.metadata.dirs instead.
2024-04-16 13:46:54,410 [main] INFO  utils.LeakDetector (LeakDetector.java:start(73)) - Starting leak detector thread ManagedRocksObject0.
2024-04-16 13:46:54,640 [main] INFO  net.NodeSchemaLoader (NodeSchemaLoader.java:loadSchemaFromFile(129)) - Loading schema from [file:/home/runner/work/ozone/ozone/hadoop-hdds/common/target/classes/network-topology-default.xml]
2024-04-16 13:46:54,642 [main] INFO  net.NodeSchemaLoader (NodeSchemaLoader.java:loadSchema(176)) - Loading network topology layer schema file
2024-04-16 13:46:54,743 [main] INFO  ha.SCMRatisServerImpl (SCMRatisServerImpl.java:<init>(99)) - starting Raft server for scm:8dded7e3-77f4-42cf-91f8-4014f88a5819
2024-04-16 13:46:54,747 [main] INFO  server.RaftServer (ConfUtils.java:logGet(46)) - raft.rpc.type = GRPC (default)
2024-04-16 13:46:54,747 [main] INFO  grpc.GrpcConfigKeys (ConfUtils.java:logFallback(53)) - raft.grpc.admin.host = null (fallback to raft.grpc.server.host)
2024-04-16 13:46:54,748 [main] INFO  grpc.GrpcConfigKeys (ConfUtils.java:logFallback(53)) - raft.grpc.admin.port = 15003 (fallback to raft.grpc.server.port)
2024-04-16 13:46:54,748 [main] INFO  grpc.GrpcConfigKeys (ConfUtils.java:logFallback(53)) - raft.grpc.client.host = null (fallback to raft.grpc.server.host)
2024-04-16 13:46:54,748 [main] INFO  grpc.GrpcConfigKeys (ConfUtils.java:logFallback(53)) - raft.grpc.client.port = 15003 (fallback to raft.grpc.server.port)
2024-04-16 13:46:54,749 [main] INFO  grpc.GrpcConfigKeys (ConfUtils.java:logGet(46)) - raft.grpc.server.host = null (default)
2024-04-16 13:46:54,749 [main] INFO  grpc.GrpcConfigKeys (ConfUtils.java:logGet(46)) - raft.grpc.server.port = 15003 (custom)
2024-04-16 13:46:54,749 [main] INFO  server.GrpcService (ConfUtils.java:logGet(46)) - raft.grpc.message.size.max = 32m (=33554432) (custom)
2024-04-16 13:46:54,749 [main] INFO  server.RaftServerConfigKeys (ConfUtils.java:logGet(46)) - raft.server.log.appender.buffer.byte-limit = 4194304 (custom)
2024-04-16 13:46:54,750 [main] INFO  server.GrpcService (ConfUtils.java:logGet(46)) - raft.grpc.flow.control.window = 1MB (=1048576) (default)
2024-04-16 13:46:54,750 [main] INFO  server.RaftServerConfigKeys (ConfUtils.java:logGet(46)) - raft.server.rpc.request.timeout = 30000ms (custom)
2024-04-16 13:46:54,750 [main] INFO  grpc.GrpcConfigKeys (ConfUtils.java:logGet(46)) - raft.grpc.server.heartbeat.channel = true (default)
2024-04-16 13:46:54,751 [main] INFO  grpc.GrpcConfigKeys (ConfUtils.java:logGet(46)) - raft.grpc.server.async.request.thread.pool.cached = true (default)
2024-04-16 13:46:54,751 [main] INFO  grpc.GrpcConfigKeys (ConfUtils.java:logGet(46)) - raft.grpc.server.async.request.thread.pool.size = 32 (default)
2024-04-16 13:46:54,753 [main] INFO  impl.DataStreamServerImpl (ConfUtils.java:logGet(46)) - raft.datastream.type = DISABLED (default)
2024-04-16 13:46:54,753 [main] INFO  server.RaftServerConfigKeys (ConfUtils.java:logGet(46)) - raft.server.sleep.deviation.threshold = 300ms (default)
2024-04-16 13:46:54,753 [main] INFO  server.RaftServerConfigKeys (ConfUtils.java:logGet(46)) - raft.server.close.threshold = 60s (default)
2024-04-16 13:46:54,754 [main] INFO  server.RaftServerConfigKeys (ConfUtils.java:logGet(46)) - raft.server.leaderelection.leader.step-down.wait-time = 10s (default)
2024-04-16 13:46:54,754 [main] INFO  server.RaftServerConfigKeys (ConfUtils.java:logGet(46)) - raft.server.storage.dir = [/home/runner/work/ozone/ozone/hadoop-ozone/integration-test/target/test-dir/MiniOzoneClusterImpl-f0f26617-5c27-4371-b446-298ac6c8687b/scmNode-1/scm-ha] (custom)
2024-04-16 13:46:54,754 [main] INFO  server.RaftServerConfigKeys (ConfUtils.java:logGet(46)) - raft.server.threadpool.proxy.cached = true (default)
2024-04-16 13:46:54,755 [main] INFO  server.RaftServerConfigKeys (ConfUtils.java:logGet(46)) - raft.server.threadpool.proxy.size = 0 (default)
2024-04-16 13:46:54,756 [8dded7e3-77f4-42cf-91f8-4014f88a5819-impl-thread1] INFO  server.RaftServer (RaftServerProxy.java:initGroupDir(264)) - 8dded7e3-77f4-42cf-91f8-4014f88a5819: found a subdirectory /home/runner/work/ozone/ozone/hadoop-ozone/integration-test/target/test-dir/MiniOzoneClusterImpl-f0f26617-5c27-4371-b446-298ac6c8687b/scmNode-1/scm-ha/f0f26617-5c27-4371-b446-298ac6c8687b
2024-04-16 13:46:54,757 [main] INFO  server.RaftServer (RaftServerProxy.java:addNew(100)) - 8dded7e3-77f4-42cf-91f8-4014f88a5819: addNew group-298AC6C8687B:[] returns group-298AC6C8687B:java.util.concurrent.CompletableFuture@8dc3019[Not completed]
2024-04-16 13:46:54,761 [8dded7e3-77f4-42cf-91f8-4014f88a5819-groupManagement] INFO  server.RaftServer$Division (RaftServerImpl.java:<init>(256)) - 8dded7e3-77f4-42cf-91f8-4014f88a5819: new RaftServerImpl for group-298AC6C8687B:[] with SCMStateMachine:uninitialized
2024-04-16 13:46:54,761 [8dded7e3-77f4-42cf-91f8-4014f88a5819-groupManagement] INFO  server.RaftServerConfigKeys (ConfUtils.java:logGet(46)) - raft.server.rpc.timeout.min = 5000ms (custom)
2024-04-16 13:46:54,762 [8dded7e3-77f4-42cf-91f8-4014f88a5819-groupManagement] INFO  server.RaftServerConfigKeys (ConfUtils.java:logGet(46)) - raft.server.rpc.timeout.max = 5200ms (custom)
2024-04-16 13:46:54,763 [8dded7e3-77f4-42cf-91f8-4014f88a5819-groupManagement] INFO  server.RaftServerConfigKeys (ConfUtils.java:logGet(46)) - raft.server.rpc.sleep.time = 25ms (default)
2024-04-16 13:46:54,763 [8dded7e3-77f4-42cf-91f8-4014f88a5819-groupManagement] INFO  server.RaftServerConfigKeys (ConfUtils.java:logGet(46)) - raft.server.rpc.slowness.timeout = 120000ms (custom)
2024-04-16 13:46:54,763 [8dded7e3-77f4-42cf-91f8-4014f88a5819-groupManagement] INFO  server.RaftServerConfigKeys (ConfUtils.java:logGet(46)) - raft.server.leaderelection.leader.step-down.wait-time = 10s (default)
2024-04-16 13:46:54,764 [8dded7e3-77f4-42cf-91f8-4014f88a5819-groupManagement] INFO  server.RaftServerConfigKeys (ConfUtils.java:logGet(46)) - raft.server.leaderelection.member.majority-add = false (default)
2024-04-16 13:46:54,764 [8dded7e3-77f4-42cf-91f8-4014f88a5819-groupManagement] INFO  server.RaftServerConfigKeys (ConfUtils.java:logGet(46)) - raft.server.sleep.deviation.threshold = 300ms (default)
2024-04-16 13:46:54,765 [8dded7e3-77f4-42cf-91f8-4014f88a5819-groupManagement] INFO  server.RaftServer$Division (ServerState.java:<init>(113)) - 8dded7e3-77f4-42cf-91f8-4014f88a5819@group-298AC6C8687B: ConfigurationManager, init=-1: peers:[]|listeners:[], old=null, confs=<EMPTY_MAP>
2024-04-16 13:46:54,766 [8dded7e3-77f4-42cf-91f8-4014f88a5819-groupManagement] INFO  server.RaftServerConfigKeys (ConfUtils.java:logGet(46)) - raft.server.notification.no-leader.timeout = 60s (default)
2024-04-16 13:46:54,767 [8dded7e3-77f4-42cf-91f8-4014f88a5819-groupManagement] INFO  server.RaftServerConfigKeys (ConfUtils.java:logGet(46)) - raft.server.read.timeout = 10s (default)
2024-04-16 13:46:54,767 [8dded7e3-77f4-42cf-91f8-4014f88a5819-groupManagement] INFO  server.RaftServerConfigKeys (ConfUtils.java:logGet(46)) - raft.server.retrycache.expirytime = 60000ms (default)
2024-04-16 13:46:54,768 [8dded7e3-77f4-42cf-91f8-4014f88a5819-groupManagement] INFO  server.RaftServerConfigKeys (ConfUtils.java:logGet(46)) - raft.server.retrycache.statistics.expirytime = 100ms (default)
2024-04-16 13:46:54,769 [8dded7e3-77f4-42cf-91f8-4014f88a5819-groupManagement] INFO  server.RaftServerConfigKeys (ConfUtils.java:logGet(46)) - raft.server.read.option = DEFAULT (default)
2024-04-16 13:46:54,769 [8dded7e3-77f4-42cf-91f8-4014f88a5819-groupManagement] INFO  server.RaftServerConfigKeys (ConfUtils.java:logGet(46)) - raft.server.read.read-after-write-consistent.write-index-cache.expiry-time = 60s (default)
2024-04-16 13:46:54,778 [8dded7e3-77f4-42cf-91f8-4014f88a5819-groupManagement] INFO  server.RaftServerConfigKeys (ConfUtils.java:logGet(46)) - raft.server.rpc.request.timeout = 30000ms (custom)
2024-04-16 13:46:54,778 [8dded7e3-77f4-42cf-91f8-4014f88a5819-groupManagement] INFO  server.RaftServerConfigKeys (ConfUtils.java:logGet(46)) - raft.server.log.appender.install.snapshot.enabled = false (custom)
2024-04-16 13:46:54,778 [8dded7e3-77f4-42cf-91f8-4014f88a5819-groupManagement] INFO  server.RaftServerConfigKeys (ConfUtils.java:logGet(46)) - raft.server.threadpool.server.cached = true (default)
2024-04-16 13:46:54,778 [8dded7e3-77f4-42cf-91f8-4014f88a5819-groupManagement] INFO  server.RaftServerConfigKeys (ConfUtils.java:logGet(46)) - raft.server.threadpool.server.size = 0 (default)
2024-04-16 13:46:54,779 [8dded7e3-77f4-42cf-91f8-4014f88a5819-groupManagement] INFO  server.RaftServerConfigKeys (ConfUtils.java:logGet(46)) - raft.server.threadpool.client.cached = true (default)
2024-04-16 13:46:54,779 [8dded7e3-77f4-42cf-91f8-4014f88a5819-groupManagement] INFO  server.RaftServerConfigKeys (ConfUtils.java:logGet(46)) - raft.server.threadpool.client.size = 0 (default)
2024-04-16 13:46:54,781 [main] INFO  ha.SCMSnapshotProvider (SCMSnapshotProvider.java:<init>(66)) - Initializing SCM Snapshot Provider
2024-04-16 13:46:54,781 [main] WARN  server.ServerUtils (ServerUtils.java:getDefaultRatisDirectory(311)) - Storage directory for Ratis is not configured. It is a good idea to map this to an SSD disk. Falling back to ozone.metadata.dirs
2024-04-16 13:46:54,782 [main] WARN  ha.SCMHAUtils (SCMHAUtils.java:getSCMRatisSnapshotDirectory(158)) - SCM snapshot dir is not configured. Falling back to ozone.metadata.dirs config
2024-04-16 13:46:54,806 [main] INFO  upgrade.AbstractLayoutVersionManager (AbstractLayoutVersionManager.java:init(83)) - Initializing Layout version manager with metadata layout = HADOOP_PRC_PORTS_IN_DATANODEDETAILS (version = 7), software layout = HADOOP_PRC_PORTS_IN_DATANODEDETAILS (version = 7)
2024-04-16 13:46:54,829 [main] INFO  ha.SequenceIdGenerator (SequenceIdGenerator.java:upgradeToSequenceId(370)) - upgrade localId to 113750153625600000
2024-04-16 13:46:54,831 [main] INFO  ha.SequenceIdGenerator (SequenceIdGenerator.java:upgradeToSequenceId(380)) - upgrade delTxnId to 0
2024-04-16 13:46:54,836 [main] INFO  ha.SequenceIdGenerator (SequenceIdGenerator.java:upgradeToSequenceId(397)) - upgrade containerId to 0
2024-04-16 13:46:54,838 [main] INFO  ha.SequenceIdGenerator (SequenceIdGenerator.java:upgradeToCertificateSequenceId(444)) - upgrade CertificateId to 2
2024-04-16 13:46:54,840 [main] INFO  ha.SequenceIdGenerator (SequenceIdGenerator.java:<init>(241)) - Init the HA SequenceIdGenerator.
2024-04-16 13:46:54,883 [main] WARN  server.ServerUtils (ServerUtils.java:sanitizeUserArgs(79)) - ozone.scm.stale.node.interval value = 300000 is larger than max = 100000 based on the key value of ozone.scm.heartbeat.thread.interval, reset to the max value 100000.
2024-04-16 13:46:54,883 [main] WARN  server.ServerUtils (ServerUtils.java:sanitizeUserArgs(79)) - ozone.scm.stale.node.interval value = 300000 is larger than max = 100000 based on the key value of ozone.scm.heartbeat.thread.interval, reset to the max value 100000.
2024-04-16 13:46:54,887 [main] INFO  node.SCMNodeManager (SCMNodeManager.java:<init>(177)) - Entering startup safe mode.
2024-04-16 13:46:54,896 [main] INFO  algorithms.ContainerPlacementPolicyFactory (ContainerPlacementPolicyFactory.java:getPolicyInternal(86)) - Create container placement policy of type org.apache.hadoop.hdds.scm.container.placement.algorithms.SCMContainerPlacementRackAware
2024-04-16 13:46:54,898 [main] INFO  algorithms.ContainerPlacementPolicyFactory (ContainerPlacementPolicyFactory.java:getPolicyInternal(86)) - Create container placement policy of type org.apache.hadoop.hdds.scm.container.placement.algorithms.SCMContainerPlacementRackScatter
2024-04-16 13:46:54,904 [main] INFO  pipeline.PipelineStateManagerImpl (PipelineStateManagerImpl.java:initialize(78)) - No pipeline exists in current db
2024-04-16 13:46:54,915 [main] INFO  algorithms.LeaderChoosePolicyFactory (LeaderChoosePolicyFactory.java:getPolicy(57)) - Create leader choose policy of type org.apache.hadoop.hdds.scm.pipeline.leader.choose.algorithms.MinLeaderCountChoosePolicy
2024-04-16 13:46:54,916 [main] INFO  algorithms.ContainerPlacementPolicyFactory (ContainerPlacementPolicyFactory.java:getPolicyInternal(86)) - Create container placement policy of type org.apache.hadoop.hdds.scm.container.placement.algorithms.SCMContainerPlacementRackScatter
2024-04-16 13:46:54,921 [main] INFO  ha.SCMServiceManager (SCMServiceManager.java:register(42)) - Registering service BackgroundPipelineCreator.
2024-04-16 13:46:54,921 [main] INFO  pipeline.BackgroundPipelineCreator (BackgroundPipelineCreator.java:start(127)) - Starting scmNode-1-RatisPipelineUtilsThread.
2024-04-16 13:46:54,923 [main] INFO  BackgroundPipelineScrubber (BackgroundSCMService.java:start(65)) - Starting BackgroundPipelineScrubber Service.
2024-04-16 13:46:54,924 [main] INFO  ha.SCMServiceManager (SCMServiceManager.java:register(42)) - Registering service BackgroundPipelineScrubber.
2024-04-16 13:46:54,933 [main] INFO  ExpiredContainerReplicaOpScrubber (BackgroundSCMService.java:start(65)) - Starting ExpiredContainerReplicaOpScrubber Service.
2024-04-16 13:46:54,933 [main] INFO  ha.SCMServiceManager (SCMServiceManager.java:register(42)) - Registering service ExpiredContainerReplicaOpScrubber.
2024-04-16 13:46:54,953 [main] INFO  algorithms.PipelineChoosePolicyFactory (PipelineChoosePolicyFactory.java:createPipelineChoosePolicyFromClass(80)) - Create pipeline choose policy of type org.apache.hadoop.hdds.scm.pipeline.choose.algorithms.RandomPipelineChoosePolicy
2024-04-16 13:46:54,953 [main] INFO  algorithms.PipelineChoosePolicyFactory (PipelineChoosePolicyFactory.java:createPipelineChoosePolicyFromClass(80)) - Create pipeline choose policy of type org.apache.hadoop.hdds.scm.pipeline.choose.algorithms.RandomPipelineChoosePolicy
2024-04-16 13:46:54,991 [main] INFO  ha.SCMServiceManager (SCMServiceManager.java:register(42)) - Registering service SCMBlockDeletingService.
2024-04-16 13:46:55,050 [main] INFO  replication.ReplicationManager (ReplicationManager.java:start(295)) - Starting Replication Monitor Thread.
2024-04-16 13:46:55,052 [scmNode-1-ReplicationMonitor] INFO  replication.ReplicationManager (ReplicationManager.java:processAll(371)) - Replication Manager is not ready to run until 300000ms after safemode exit
2024-04-16 13:46:55,052 [main] INFO  ha.SCMServiceManager (SCMServiceManager.java:register(42)) - Registering service ReplicationManager.
2024-04-16 13:46:55,062 [main] INFO  safemode.ContainerSafeModeRule (ContainerSafeModeRule.java:<init>(91)) - containers with one replica threshold count 0
2024-04-16 13:46:55,065 [main] INFO  safemode.HealthyPipelineSafeModeRule (HealthyPipelineSafeModeRule.java:initializeRule(176)) - Total pipeline count is 0, healthy pipeline threshold count is 1
2024-04-16 13:46:55,066 [main] INFO  safemode.OneReplicaPipelineSafeModeRule (OneReplicaPipelineSafeModeRule.java:initializeRule(193)) - Total pipeline count is 0, pipeline's with at least one datanode reported threshold count is 0
2024-04-16 13:46:55,114 [main] INFO  security.SecretKeyManagerService (SecretKeyManagerService.java:start(144)) - Scheduling rotation checker with interval PT0.1S
2024-04-16 13:46:55,115 [main] INFO  ha.SCMServiceManager (SCMServiceManager.java:register(42)) - Registering service SecretKeyManagerService.
2024-04-16 13:46:55,120 [main] INFO  authority.DefaultCAServer (DefaultCAServer.java:lambda$processVerificationStatus$0(467)) - CertificateServer validation is successful
2024-04-16 13:46:55,122 [main] INFO  authority.DefaultCAServer (DefaultCAServer.java:lambda$processVerificationStatus$0(467)) - CertificateServer validation is successful
2024-04-16 13:46:55,123 [main] INFO  server.StorageContainerManager (StorageContainerManager.java:persistPrimarySCMCerts(962)) - Storing sub-ca certificate serialId 2 on primary SCM
2024-04-16 13:46:55,132 [main] INFO  server.SCMCertStore (SCMCertStore.java:storeValidScmCertificate(122)) - Scm certificate 2 for CN=scm-sub@localhost,OU=8dded7e3-77f4-42cf-91f8-4014f88a5819,O=f0f26617-5c27-4371-b446-298ac6c8687b,SERIALNUMBER=2 is stored
2024-04-16 13:46:55,133 [main] INFO  server.StorageContainerManager (StorageContainerManager.java:persistPrimarySCMCerts(970)) - Storing root certificate serialId 1
2024-04-16 13:46:55,135 [main] INFO  server.SCMCertStore (SCMCertStore.java:storeValidScmCertificate(122)) - Scm certificate 1 for CN=scm@fv-az1428-817,OU=8dded7e3-77f4-42cf-91f8-4014f88a5819,O=f0f26617-5c27-4371-b446-298ac6c8687b,SERIALNUMBER=1 is stored
2024-04-16 13:46:55,140 [main] INFO  ha.SequenceIdGenerator (SequenceIdGenerator.java:upgradeToCertificateSequenceId(444)) - upgrade CertificateId to 2
2024-04-16 13:46:55,157 [main] INFO  ipc.CallQueueManager (CallQueueManager.java:<init>(90)) - Using callQueue: class java.util.concurrent.LinkedBlockingQueue, queueCapacity: 200, scheduler: class org.apache.hadoop.ipc.DefaultRpcScheduler, ipcBackoff: false.
2024-04-16 13:46:55,267 [main] INFO  ipc.Server (Server.java:<init>(1287)) - Listener at 0.0.0.0:15002
2024-04-16 13:46:55,268 [Socket Reader #1 for port 15002] INFO  ipc.Server (Server.java:run(1323)) - Starting Socket Reader #1 for port 15002
2024-04-16 13:46:55,306 [main] INFO  server.StorageContainerManager (StorageContainerManager.java:<init>(440)) - SCM start with adminUsers: [runner, scm]
2024-04-16 13:46:55,325 [main] INFO  audit.AuditLogger (AuditLogger.java:refreshDebugCmdSet(135)) - Refresh DebugCmdSet for SCMAudit to [].
2024-04-16 13:46:55,330 [main] INFO  ipc.CallQueueManager (CallQueueManager.java:<init>(90)) - Using callQueue: class java.util.concurrent.LinkedBlockingQueue, queueCapacity: 10000, scheduler: class org.apache.hadoop.ipc.DefaultRpcScheduler, ipcBackoff: false.
2024-04-16 13:46:55,330 [main] INFO  ipc.Server (Server.java:<init>(1287)) - Listener at 0.0.0.0:15004
2024-04-16 13:46:55,331 [Socket Reader #1 for port 15004] INFO  ipc.Server (Server.java:run(1323)) - Starting Socket Reader #1 for port 15004
2024-04-16 13:46:55,356 [main] INFO  audit.AuditLogger (AuditLogger.java:refreshDebugCmdSet(135)) - Refresh DebugCmdSet for SCMAudit to [].
2024-04-16 13:46:55,362 [main] INFO  ipc.CallQueueManager (CallQueueManager.java:<init>(90)) - Using callQueue: class java.util.concurrent.LinkedBlockingQueue, queueCapacity: 10000, scheduler: class org.apache.hadoop.ipc.DefaultRpcScheduler, ipcBackoff: false.
2024-04-16 13:46:55,362 [main] INFO  ipc.Server (Server.java:<init>(1287)) - Listener at 0.0.0.0:15007
2024-04-16 13:46:55,364 [Socket Reader #1 for port 15007] INFO  ipc.Server (Server.java:run(1323)) - Starting Socket Reader #1 for port 15007
2024-04-16 13:46:55,394 [main] INFO  audit.AuditLogger (AuditLogger.java:refreshDebugCmdSet(135)) - Refresh DebugCmdSet for SCMAudit to [].
2024-04-16 13:46:55,407 [main] INFO  ipc.CallQueueManager (CallQueueManager.java:<init>(90)) - Using callQueue: class java.util.concurrent.LinkedBlockingQueue, queueCapacity: 10000, scheduler: class org.apache.hadoop.ipc.DefaultRpcScheduler, ipcBackoff: false.
2024-04-16 13:46:55,407 [main] INFO  ipc.Server (Server.java:<init>(1287)) - Listener at 0.0.0.0:15005
2024-04-16 13:46:55,408 [Socket Reader #1 for port 15005] INFO  ipc.Server (Server.java:run(1323)) - Starting Socket Reader #1 for port 15005
2024-04-16 13:46:55,453 [main] INFO  ha.SCMServiceManager (SCMServiceManager.java:register(42)) - Registering service ContainerBalancer.
2024-04-16 13:46:55,453 [main] INFO  ha.SCMContext (SCMContext.java:updateSafeModeStatus(225)) - Update SafeModeStatus from SafeModeStatus{safeModeStatus=true, preCheckPassed=false} to SafeModeStatus{safeModeStatus=true, preCheckPassed=false}.
2024-04-16 13:46:55,455 [main] INFO  server.StorageContainerManager (StorageContainerManager.java:start(1545)) - StorageContainerLocationProtocol RPC server is listening at /0.0.0.0:15005
2024-04-16 13:46:55,456 [main] INFO  ha.SCMRatisServerImpl (SCMRatisServerImpl.java:start(192)) - starting ratis server 0.0.0.0:15003
2024-04-16 13:46:55,456 [8dded7e3-77f4-42cf-91f8-4014f88a5819-impl-thread1] INFO  server.RaftServerConfigKeys (ConfUtils.java:logGet(46)) - raft.server.storage.free-space.min = 0MB (=0) (default)
2024-04-16 13:46:55,457 [8dded7e3-77f4-42cf-91f8-4014f88a5819-impl-thread1] INFO  server.RaftServerConfigKeys (ConfUtils.java:logGet(46)) - raft.server.log.corruption.policy = EXCEPTION (default)
2024-04-16 13:46:55,457 [8dded7e3-77f4-42cf-91f8-4014f88a5819-impl-thread1] INFO  server.RaftServerConfigKeys (ConfUtils.java:logGet(46)) - raft.server.storage.dir = [/home/runner/work/ozone/ozone/hadoop-ozone/integration-test/target/test-dir/MiniOzoneClusterImpl-f0f26617-5c27-4371-b446-298ac6c8687b/scmNode-1/scm-ha] (custom)
2024-04-16 13:46:55,458 [8dded7e3-77f4-42cf-91f8-4014f88a5819-impl-thread1] INFO  storage.RaftStorageDirectory (RaftStorageDirectoryImpl.java:tryLock(228)) - Lock on /home/runner/work/ozone/ozone/hadoop-ozone/integration-test/target/test-dir/MiniOzoneClusterImpl-f0f26617-5c27-4371-b446-298ac6c8687b/scmNode-1/scm-ha/f0f26617-5c27-4371-b446-298ac6c8687b/in_use.lock acquired by nodename 102701@fv-az1428-817
2024-04-16 13:46:55,459 [8dded7e3-77f4-42cf-91f8-4014f88a5819-impl-thread1] INFO  storage.RaftStorage (RaftStorageImpl.java:analyzeAndRecoverStorage(119)) - Read RaftStorageMetadata{term=1, votedFor=8dded7e3-77f4-42cf-91f8-4014f88a5819} from /home/runner/work/ozone/ozone/hadoop-ozone/integration-test/target/test-dir/MiniOzoneClusterImpl-f0f26617-5c27-4371-b446-298ac6c8687b/scmNode-1/scm-ha/f0f26617-5c27-4371-b446-298ac6c8687b/current/raft-meta
2024-04-16 13:46:55,462 [8dded7e3-77f4-42cf-91f8-4014f88a5819-impl-thread1] INFO  server.RaftServer$Division (ServerState.java:setRaftConf(386)) - 8dded7e3-77f4-42cf-91f8-4014f88a5819@group-298AC6C8687B: set configuration 0: peers:[8dded7e3-77f4-42cf-91f8-4014f88a5819|localhost:15003]|listeners:[], old=null
2024-04-16 13:46:55,462 [8dded7e3-77f4-42cf-91f8-4014f88a5819-impl-thread1] INFO  server.RaftServerConfigKeys (ConfUtils.java:logGet(46)) - raft.server.log.use.memory = false (default)
2024-04-16 13:46:55,462 [8dded7e3-77f4-42cf-91f8-4014f88a5819-impl-thread1] INFO  server.RaftServerConfigKeys (ConfUtils.java:logGet(46)) - raft.server.log.purge.gap = 1000000 (custom)
2024-04-16 13:46:55,462 [8dded7e3-77f4-42cf-91f8-4014f88a5819-impl-thread1] INFO  server.RaftServerConfigKeys (ConfUtils.java:logGet(46)) - raft.server.log.appender.buffer.byte-limit = 4194304 (custom)
2024-04-16 13:46:55,463 [8dded7e3-77f4-42cf-91f8-4014f88a5819-impl-thread1] INFO  server.RaftServerConfigKeys (ConfUtils.java:logGet(46)) - raft.server.log.statemachine.data.read.timeout = 1000ms (default)
2024-04-16 13:46:55,463 [8dded7e3-77f4-42cf-91f8-4014f88a5819-impl-thread1] INFO  server.RaftServerConfigKeys (ConfUtils.java:logGet(46)) - raft.server.log.purge.preservation.log.num = 0 (default)
2024-04-16 13:46:55,465 [8dded7e3-77f4-42cf-91f8-4014f88a5819-impl-thread1] INFO  server.RaftServerConfigKeys (ConfUtils.java:logGet(46)) - raft.server.log.segment.size.max = 4194304 (custom)
2024-04-16 13:46:55,465 [8dded7e3-77f4-42cf-91f8-4014f88a5819-impl-thread1] INFO  server.RaftServerConfigKeys (ConfUtils.java:logGet(46)) - raft.server.log.segment.cache.num.max = 2 (custom)
2024-04-16 13:46:55,465 [8dded7e3-77f4-42cf-91f8-4014f88a5819-impl-thread1] INFO  server.RaftServerConfigKeys (ConfUtils.java:logGet(46)) - raft.server.log.segment.cache.size.max = 200MB (=209715200) (default)
2024-04-16 13:46:55,466 [8dded7e3-77f4-42cf-91f8-4014f88a5819-impl-thread1] INFO  server.RaftServerConfigKeys (ConfUtils.java:logGet(46)) - raft.server.log.appender.buffer.byte-limit = 4194304 (custom)
2024-04-16 13:46:55,466 [8dded7e3-77f4-42cf-91f8-4014f88a5819-impl-thread1] INFO  util.AwaitToRun (AwaitToRun.java:start(81)) - Thread[8dded7e3-77f4-42cf-91f8-4014f88a5819@group-298AC6C8687B-cacheEviction-AwaitToRun,5,main] started
2024-04-16 13:46:55,466 [8dded7e3-77f4-42cf-91f8-4014f88a5819-impl-thread1] INFO  segmented.SegmentedRaftLogWorker (SegmentedRaftLogWorker.java:<init>(182)) - new 8dded7e3-77f4-42cf-91f8-4014f88a5819@group-298AC6C8687B-SegmentedRaftLogWorker for RaftStorageImpl:Storage Directory /home/runner/work/ozone/ozone/hadoop-ozone/integration-test/target/test-dir/MiniOzoneClusterImpl-f0f26617-5c27-4371-b446-298ac6c8687b/scmNode-1/scm-ha/f0f26617-5c27-4371-b446-298ac6c8687b
2024-04-16 13:46:55,466 [8dded7e3-77f4-42cf-91f8-4014f88a5819-impl-thread1] INFO  server.RaftServerConfigKeys (ConfUtils.java:logGet(46)) - raft.server.log.queue.byte-limit = 64MB (=67108864) (default)
2024-04-16 13:46:55,466 [8dded7e3-77f4-42cf-91f8-4014f88a5819-impl-thread1] INFO  server.RaftServerConfigKeys (ConfUtils.java:logGet(46)) - raft.server.log.queue.element-limit = 4096 (default)
2024-04-16 13:46:55,467 [8dded7e3-77f4-42cf-91f8-4014f88a5819-impl-thread1] INFO  server.RaftServerConfigKeys (ConfUtils.java:logGet(46)) - raft.server.log.segment.size.max = 4194304 (custom)
2024-04-16 13:46:55,467 [8dded7e3-77f4-42cf-91f8-4014f88a5819-impl-thread1] INFO  server.RaftServerConfigKeys (ConfUtils.java:logGet(46)) - raft.server.log.preallocated.size = 4194304 (custom)
2024-04-16 13:46:55,467 [8dded7e3-77f4-42cf-91f8-4014f88a5819-impl-thread1] INFO  server.RaftServerConfigKeys (ConfUtils.java:logGet(46)) - raft.server.log.force.sync.num = 128 (default)
2024-04-16 13:46:55,467 [8dded7e3-77f4-42cf-91f8-4014f88a5819-impl-thread1] INFO  server.RaftServerConfigKeys (ConfUtils.java:logGet(46)) - raft.server.log.statemachine.data.sync = true (default)
2024-04-16 13:46:55,468 [8dded7e3-77f4-42cf-91f8-4014f88a5819-impl-thread1] INFO  server.RaftServerConfigKeys (ConfUtils.java:logGet(46)) - raft.server.log.statemachine.data.sync.timeout = 10s (default)
2024-04-16 13:46:55,468 [8dded7e3-77f4-42cf-91f8-4014f88a5819-impl-thread1] INFO  server.RaftServerConfigKeys (ConfUtils.java:logGet(46)) - raft.server.log.statemachine.data.sync.timeout.retry = -1 (default)
2024-04-16 13:46:55,468 [8dded7e3-77f4-42cf-91f8-4014f88a5819-impl-thread1] INFO  server.RaftServerConfigKeys (ConfUtils.java:logGet(46)) - raft.server.log.write.buffer.size = 4194312 (custom)
2024-04-16 13:46:55,469 [8dded7e3-77f4-42cf-91f8-4014f88a5819-impl-thread1] INFO  server.RaftServerConfigKeys (ConfUtils.java:logGet(46)) - raft.server.log.appender.buffer.byte-limit = 4194304 (custom)
2024-04-16 13:46:55,470 [8dded7e3-77f4-42cf-91f8-4014f88a5819-impl-thread1] INFO  server.RaftServerConfigKeys (ConfUtils.java:logGet(46)) - raft.server.log.unsafe-flush.enabled = false (default)
2024-04-16 13:46:55,470 [8dded7e3-77f4-42cf-91f8-4014f88a5819-impl-thread1] INFO  server.RaftServerConfigKeys (ConfUtils.java:logGet(46)) - raft.server.log.async-flush.enabled = false (default)
2024-04-16 13:46:55,470 [8dded7e3-77f4-42cf-91f8-4014f88a5819-impl-thread1] INFO  server.RaftServerConfigKeys (ConfUtils.java:logGet(46)) - raft.server.log.statemachine.data.caching.enabled = false (default)
2024-04-16 13:46:55,475 [8dded7e3-77f4-42cf-91f8-4014f88a5819-impl-thread1] INFO  server.RaftServer$Division (ServerState.java:setRaftConf(386)) - 8dded7e3-77f4-42cf-91f8-4014f88a5819@group-298AC6C8687B: set configuration 0: peers:[8dded7e3-77f4-42cf-91f8-4014f88a5819|localhost:15003]|listeners:[], old=null
2024-04-16 13:46:55,475 [8dded7e3-77f4-42cf-91f8-4014f88a5819-impl-thread1] INFO  segmented.LogSegment (LogSegment.java:loadSegment(170)) - Successfully read 1 entries from segment file /home/runner/work/ozone/ozone/hadoop-ozone/integration-test/target/test-dir/MiniOzoneClusterImpl-f0f26617-5c27-4371-b446-298ac6c8687b/scmNode-1/scm-ha/f0f26617-5c27-4371-b446-298ac6c8687b/current/log_inprogress_0
2024-04-16 13:46:55,476 [8dded7e3-77f4-42cf-91f8-4014f88a5819-impl-thread1] INFO  segmented.SegmentedRaftLogWorker (SegmentedRaftLogWorker.java:lambda$new$0(134)) - 8dded7e3-77f4-42cf-91f8-4014f88a5819@group-298AC6C8687B-SegmentedRaftLogWorker: safeCacheEvictIndex: setUnconditionally 0 -> -1
2024-04-16 13:46:55,476 [8dded7e3-77f4-42cf-91f8-4014f88a5819-impl-thread1] INFO  segmented.BufferedWriteChannel (BufferedWriteChannel.java:open(62)) - open log_inprogress_0 (append) at position 76
2024-04-16 13:46:55,477 [8dded7e3-77f4-42cf-91f8-4014f88a5819-impl-thread1] INFO  server.RaftServer$Division (RaftServerImpl.java:start(396)) - 8dded7e3-77f4-42cf-91f8-4014f88a5819@group-298AC6C8687B: start as a follower, conf=0: peers:[8dded7e3-77f4-42cf-91f8-4014f88a5819|localhost:15003]|listeners:[], old=null
2024-04-16 13:46:55,477 [8dded7e3-77f4-42cf-91f8-4014f88a5819-impl-thread1] INFO  server.RaftServer$Division (RaftServerImpl.java:setRole(383)) - 8dded7e3-77f4-42cf-91f8-4014f88a5819@group-298AC6C8687B: changes role from      null to FOLLOWER at term 1 for startAsFollower
2024-04-16 13:46:55,478 [8dded7e3-77f4-42cf-91f8-4014f88a5819-impl-thread1] INFO  impl.RoleInfo (RoleInfo.java:updateAndGet(139)) - 8dded7e3-77f4-42cf-91f8-4014f88a5819: start 8dded7e3-77f4-42cf-91f8-4014f88a5819@group-298AC6C8687B-FollowerState
2024-04-16 13:46:55,478 [8dded7e3-77f4-42cf-91f8-4014f88a5819@group-298AC6C8687B-FollowerState] INFO  server.RaftServerConfigKeys (ConfUtils.java:logFallback(53)) - raft.server.rpc.first-election.timeout.min = 5000ms (fallback to raft.server.rpc.timeout.min)
2024-04-16 13:46:55,479 [8dded7e3-77f4-42cf-91f8-4014f88a5819@group-298AC6C8687B-FollowerState] INFO  server.RaftServerConfigKeys (ConfUtils.java:logFallback(53)) - raft.server.rpc.first-election.timeout.max = 5200ms (fallback to raft.server.rpc.timeout.max)
2024-04-16 13:46:55,479 [8dded7e3-77f4-42cf-91f8-4014f88a5819-impl-thread1] INFO  util.JmxRegister (JmxRegister.java:tryRegister(44)) - Successfully registered JMX Bean with object name Ratis:service=RaftServer,group=group-298AC6C8687B,id=8dded7e3-77f4-42cf-91f8-4014f88a5819
2024-04-16 13:46:55,479 [8dded7e3-77f4-42cf-91f8-4014f88a5819-impl-thread1] INFO  server.RaftServerConfigKeys (ConfUtils.java:logGet(46)) - raft.server.snapshot.trigger-when-stop.enabled = true (default)
2024-04-16 13:46:55,479 [8dded7e3-77f4-42cf-91f8-4014f88a5819-impl-thread1] INFO  server.RaftServerConfigKeys (ConfUtils.java:logGet(46)) - raft.server.snapshot.auto.trigger.enabled = true (custom)
2024-04-16 13:46:55,479 [8dded7e3-77f4-42cf-91f8-4014f88a5819-impl-thread1] INFO  server.RaftServerConfigKeys (ConfUtils.java:logGet(46)) - raft.server.snapshot.auto.trigger.threshold = 1000 (custom)
2024-04-16 13:46:55,479 [8dded7e3-77f4-42cf-91f8-4014f88a5819-impl-thread1] INFO  server.RaftServerConfigKeys (ConfUtils.java:logGet(46)) - raft.server.snapshot.retention.file.num = -1 (default)
2024-04-16 13:46:55,480 [8dded7e3-77f4-42cf-91f8-4014f88a5819-impl-thread1] INFO  server.RaftServerConfigKeys (ConfUtils.java:logGet(46)) - raft.server.log.purge.upto.snapshot.index = false (default)
2024-04-16 13:46:55,480 [main] INFO  server.RaftServer (RaftServerProxy.java:startImpl(406)) - 8dded7e3-77f4-42cf-91f8-4014f88a5819: start RPC server
2024-04-16 13:46:55,482 [main] INFO  server.GrpcService (GrpcService.java:startImpl(302)) - 8dded7e3-77f4-42cf-91f8-4014f88a5819: GrpcService started, listening on 15003
2024-04-16 13:46:55,482 [JvmPauseMonitor1] INFO  util.JvmPauseMonitor (JvmPauseMonitor.java:run(146)) - JvmPauseMonitor-8dded7e3-77f4-42cf-91f8-4014f88a5819: Started
2024-04-16 13:46:55,490 [main] INFO  ha.SCMHAManagerImpl (SCMHAManagerImpl.java:start(139)) -  scm role is FOLLOWER peers [8dded7e3-77f4-42cf-91f8-4014f88a5819|localhost:15003]
2024-04-16 13:46:55,490 [main] INFO  ha.InterSCMGrpcService (InterSCMGrpcProtocolService.java:start(101)) - Starting SCM Grpc Service at port 15006
2024-04-16 13:46:55,491 [main] INFO  SCMHATransactionMonitor (BackgroundSCMService.java:start(65)) - Starting SCMHATransactionMonitor Service.
2024-04-16 13:46:55,492 [main] INFO  ha.SCMServiceManager (SCMServiceManager.java:register(42)) - Registering service SCMHATransactionMonitor.
2024-04-16 13:46:55,492 [main] INFO  SCMHATransactionMonitor (BackgroundSCMService.java:start(62)) - SCMHATransactionMonitor Service is already running, skip start.
2024-04-16 13:46:55,549 [main] WARN  impl.MetricsConfig (MetricsConfig.java:loadFirst(136)) - Cannot locate configuration: tried hadoop-metrics2-storagecontainermanager.properties,hadoop-metrics2.properties
2024-04-16 13:46:55,559 [main] INFO  impl.MetricsSystemImpl (MetricsSystemImpl.java:startTimer(378)) - Scheduled Metric snapshot period at 10 second(s).
2024-04-16 13:46:55,559 [main] INFO  impl.MetricsSystemImpl (MetricsSystemImpl.java:start(191)) - StorageContainerManager metrics system started
2024-04-16 13:46:55,612 [main] INFO  server.SCMClientProtocolServer (SCMClientProtocolServer.java:start(204)) - RPC server for Client  is listening at /0.0.0.0:15005
2024-04-16 13:46:55,613 [IPC Server Responder] INFO  ipc.Server (Server.java:run(1562)) - IPC Server Responder: starting
2024-04-16 13:46:55,613 [IPC Server listener on 15005] INFO  ipc.Server (Server.java:run(1402)) - IPC Server listener on 15005: starting
2024-04-16 13:46:55,623 [main] INFO  server.StorageContainerManager (StorageContainerManager.java:start(1558)) - ScmBlockLocationProtocol RPC server is listening at /0.0.0.0:15007
2024-04-16 13:46:55,624 [main] INFO  server.SCMBlockProtocolServer (SCMBlockProtocolServer.java:start(162)) - RPC server for Block Protocol is listening at /0.0.0.0:15007
2024-04-16 13:46:55,625 [IPC Server Responder] INFO  ipc.Server (Server.java:run(1562)) - IPC Server Responder: starting
2024-04-16 13:46:55,625 [IPC Server listener on 15007] INFO  ipc.Server (Server.java:run(1402)) - IPC Server listener on 15007: starting
2024-04-16 13:46:55,640 [main] INFO  server.SCMSecurityProtocolServer (SCMSecurityProtocolServer.java:start(558)) - Starting RPC server for SCMSecurityProtocolServer. is listening at /0.0.0.0:15002
2024-04-16 13:46:55,641 [IPC Server Responder] INFO  ipc.Server (Server.java:run(1562)) - IPC Server Responder: starting
2024-04-16 13:46:55,641 [main] INFO  server.SCMUpdateServiceGrpcServer (SCMUpdateServiceGrpcServer.java:start(58)) - SCMUpdateService starting
2024-04-16 13:46:55,641 [IPC Server listener on 15002] INFO  ipc.Server (Server.java:run(1402)) - IPC Server listener on 15002: starting
2024-04-16 13:46:55,677 [main] INFO  http.BaseHttpServer (BaseHttpServer.java:newHttpServer2BuilderForOzone(223)) - Starting Web-server for scm at: http://0.0.0.0:15000
2024-04-16 13:46:55,677 [main] INFO  http.BaseHttpServer (BaseHttpServer.java:<init>(110)) - Hadoop Security Enabled: true Ozone Security Enabled: true Ozone HTTP Security Enabled: false 
2024-04-16 13:46:55,697 [main] INFO  util.log (Log.java:initialized(170)) - Logging initialized @12026ms to org.eclipse.jetty.util.log.Slf4jLog
2024-04-16 13:46:55,792 [main] WARN  server.AuthenticationFilter (AuthenticationFilter.java:constructSecretProvider(240)) - Unable to initialize FileSignerSecretProvider, falling back to use random secrets. Reason: Could not read signature secret file: /home/runner/hadoop-http-auth-signature-secret
2024-04-16 13:46:55,796 [main] INFO  http.HttpRequestLog (HttpRequestLog.java:getRequestLog(86)) - Http request log for http.requests.scm is not defined
2024-04-16 13:46:55,800 [main] INFO  http.HttpServer2 (HttpServer2.java:addGlobalFilter(1036)) - Added global filter 'safety' (class=org.apache.hadoop.hdds.server.http.HttpServer2$QuotingInputFilter)
2024-04-16 13:46:55,802 [main] INFO  http.HttpServer2 (HttpServer2.java:addFilter(1012)) - Added filter static_user_filter (class=org.apache.hadoop.http.lib.StaticUserWebFilter$StaticUserFilter) to context scm
2024-04-16 13:46:55,802 [main] INFO  http.HttpServer2 (HttpServer2.java:addFilter(1020)) - Added filter static_user_filter (class=org.apache.hadoop.http.lib.StaticUserWebFilter$StaticUserFilter) to context static
2024-04-16 13:46:55,803 [main] INFO  http.HttpServer2 (HttpServer2.java:addFilter(1020)) - Added filter static_user_filter (class=org.apache.hadoop.http.lib.StaticUserWebFilter$StaticUserFilter) to context logs
2024-04-16 13:46:55,834 [main] INFO  http.BaseHttpServer (BaseHttpServer.java:<init>(189)) - HTTP server of scm uses base directory /home/runner/work/ozone/ozone/hadoop-ozone/integration-test/target/test-dir/MiniOzoneClusterImpl-f0f26617-5c27-4371-b446-298ac6c8687b/scmNode-1/webserver
2024-04-16 13:46:55,835 [main] INFO  http.HttpServer2 (HttpServer2.java:bindListener(1236)) - Jetty bound to port 15000
2024-04-16 13:46:55,836 [main] INFO  server.Server (Server.java:doStart(375)) - jetty-9.4.53.v20231009; built: 2023-10-09T12:29:09.265Z; git: 27bde00a0b95a1d5bbee0eae7984f891d2d0f8c9; jvm 1.8.0_402-b06
2024-04-16 13:46:55,855 [main] INFO  server.session (DefaultSessionIdManager.java:doStart(334)) - DefaultSessionIdManager workerName=node0
2024-04-16 13:46:55,856 [main] INFO  server.session (DefaultSessionIdManager.java:doStart(339)) - No SessionScavenger set, using defaults
2024-04-16 13:46:55,857 [main] INFO  server.session (HouseKeeper.java:startScavenging(132)) - node0 Scavenging every 660000ms
2024-04-16 13:46:55,866 [main] INFO  handler.ContextHandler (ContextHandler.java:doStart(921)) - Started o.e.j.s.ServletContextHandler@72e76649{logs,/logs,file:///home/runner/work/ozone/ozone/hadoop-ozone/integration-test/target/log,AVAILABLE}
2024-04-16 13:46:55,866 [main] INFO  handler.ContextHandler (ContextHandler.java:doStart(921)) - Started o.e.j.s.ServletContextHandler@334c80be{static,/static,file:///home/runner/work/ozone/ozone/hadoop-ozone/integration-test/target/test-classes/webapps/static,AVAILABLE}
2024-04-16 13:46:55,894 [main] INFO  handler.ContextHandler (ContextHandler.java:doStart(921)) - Started o.e.j.w.WebAppContext@7d8fcde8{scm,/,file:///home/runner/work/ozone/ozone/hadoop-ozone/integration-test/target/test-classes/webapps/scm/,AVAILABLE}{file:/home/runner/work/ozone/ozone/hadoop-ozone/integration-test/target/test-classes/webapps/scm}
2024-04-16 13:46:55,900 [main] INFO  server.AbstractConnector (AbstractConnector.java:doStart(333)) - Started ServerConnector@3f44295{HTTP/1.1, (http/1.1)}{0.0.0.0:15000}
2024-04-16 13:46:55,901 [main] INFO  server.Server (Server.java:doStart(415)) - Started @12230ms
2024-04-16 13:46:55,903 [main] INFO  impl.MetricsSinkAdapter (MetricsSinkAdapter.java:start(204)) - Sink prometheus started
2024-04-16 13:46:55,903 [main] INFO  impl.MetricsSystemImpl (MetricsSystemImpl.java:registerSink(305)) - Registered sink prometheus
2024-04-16 13:46:55,904 [main] INFO  http.BaseHttpServer (BaseHttpServer.java:updateConnectorAddress(354)) - HTTP server of scm listening at http://0.0.0.0:15000
2024-04-16 13:46:55,908 [main] INFO  db.CodecBuffer (CodecBuffer.java:set(63)) - Successfully set constructor to org.apache.hadoop.hdds.utils.db.CodecBuffer$$Lambda$1177/359266470@70bc684b
2024-04-16 13:46:55,909 [main] INFO  ozone.MiniOzoneHAClusterImpl (MiniOzoneHAClusterImpl.java:createSCMService(590)) - Started SCM RPC server at /0.0.0.0:15005
2024-04-16 13:46:55,909 [main] WARN  server.ServerUtils (ServerUtils.java:getScmDbDir(143)) - ozone.scm.db.dirs is not configured. We recommend adding this setting. Falling back to ozone.metadata.dirs instead.
2024-04-16 13:46:55,910 [main] INFO  ha.SCMHANodeDetails (SCMHANodeDetails.java:loadSCMHAConfig(207)) - ServiceID for StorageContainerManager is TestSecretKey
2024-04-16 13:46:55,910 [main] INFO  ha.SCMHANodeDetails (SCMHANodeDetails.java:loadSCMHAConfig(218)) - ServiceID for StorageContainerManager is TestSecretKey
2024-04-16 13:46:55,910 [main] WARN  scm.ScmUtils (ScmUtils.java:logWarn(192)) - ConfigKey ozone.scm.block.client.address is deprecated, For configuring different ports for each SCM use PortConfigKey ozone.scm.block.client.port appended with serviceId and nodeId. If want to configure same port configure ozone.scm.block.client.port
2024-04-16 13:46:55,911 [main] WARN  scm.ScmUtils (ScmUtils.java:logWarn(192)) - ConfigKey ozone.scm.client.address is deprecated, For configuring different ports for each SCM use PortConfigKey ozone.scm.client.port appended with serviceId and nodeId. If want to configure same port configure ozone.scm.client.port
2024-04-16 13:46:55,911 [main] WARN  scm.ScmUtils (ScmUtils.java:logWarn(192)) - ConfigKey ozone.scm.datanode.address is deprecated, For configuring different ports for each SCM use PortConfigKey ozone.scm.datanode.port appended with serviceId and nodeId. If want to configure same port configure ozone.scm.datanode.port
2024-04-16 13:46:55,911 [main] WARN  scm.ScmUtils (ScmUtils.java:logWarn(192)) - ConfigKey ozone.scm.block.client.address is deprecated, For configuring different ports for each SCM use PortConfigKey ozone.scm.block.client.port appended with serviceId and nodeId. If want to configure same port configure ozone.scm.block.client.port
2024-04-16 13:46:55,912 [main] WARN  scm.ScmUtils (ScmUtils.java:logWarn(192)) - ConfigKey ozone.scm.client.address is deprecated, For configuring different ports for each SCM use PortConfigKey ozone.scm.client.port appended with serviceId and nodeId. If want to configure same port configure ozone.scm.client.port
2024-04-16 13:46:55,912 [main] WARN  scm.ScmUtils (ScmUtils.java:logWarn(192)) - ConfigKey ozone.scm.datanode.address is deprecated, For configuring different ports for each SCM use PortConfigKey ozone.scm.datanode.port appended with serviceId and nodeId. If want to configure same port configure ozone.scm.datanode.port
2024-04-16 13:46:55,912 [main] INFO  ha.SCMHANodeDetails (SCMHANodeDetails.java:loadSCMHAConfig(305)) - Found matching SCM address with SCMServiceId: TestSecretKey, SCMNodeId: scmNode-2, RPC Address: localhost:15011 and Ratis port: 15011
2024-04-16 13:46:55,912 [main] INFO  ha.SCMHANodeDetails (ConfUtils.java:setNodeSpecificConfigs(97)) - Setting configuration key ozone.scm.datanode.address with value of key ozone.scm.datanode.address.TestSecretKey.scmNode-2: 127.0.0.1:15012
2024-04-16 13:46:55,913 [main] INFO  ha.SCMHANodeDetails (ConfUtils.java:setNodeSpecificConfigs(97)) - Setting configuration key ozone.scm.block.client.address with value of key ozone.scm.block.client.address.TestSecretKey.scmNode-2: 127.0.0.1:15015
2024-04-16 13:46:55,913 [main] INFO  ha.SCMHANodeDetails (ConfUtils.java:setNodeSpecificConfigs(97)) - Setting configuration key ozone.scm.client.address with value of key ozone.scm.client.address.TestSecretKey.scmNode-2: 127.0.0.1:15013
2024-04-16 13:46:55,913 [main] INFO  ha.SCMHANodeDetails (ConfUtils.java:setNodeSpecificConfigs(97)) - Setting configuration key ozone.scm.security.service.address with value of key ozone.scm.security.service.address.TestSecretKey.scmNode-2: 127.0.0.1:15010
2024-04-16 13:46:55,914 [main] INFO  ha.SCMHANodeDetails (ConfUtils.java:setNodeSpecificConfigs(97)) - Setting configuration key ozone.scm.ratis.port with value of key ozone.scm.ratis.port.TestSecretKey.scmNode-2: 15011
2024-04-16 13:46:55,914 [main] INFO  ha.SCMHANodeDetails (ConfUtils.java:setNodeSpecificConfigs(97)) - Setting configuration key ozone.scm.grpc.port with value of key ozone.scm.grpc.port.TestSecretKey.scmNode-2: 15014
2024-04-16 13:46:55,914 [main] INFO  ha.SCMHANodeDetails (ConfUtils.java:setNodeSpecificConfigs(97)) - Setting configuration key ozone.scm.http-address with value of key ozone.scm.http-address.TestSecretKey.scmNode-2: 127.0.0.1:15008
2024-04-16 13:46:55,914 [main] INFO  ha.SCMHANodeDetails (ConfUtils.java:setNodeSpecificConfigs(97)) - Setting configuration key ozone.scm.https-address with value of key ozone.scm.https-address.TestSecretKey.scmNode-2: 127.0.0.1:15009
2024-04-16 13:46:55,915 [main] INFO  ha.SCMHANodeDetails (ConfUtils.java:setNodeSpecificConfigs(97)) - Setting configuration key ozone.scm.address with value of key ozone.scm.address.TestSecretKey.scmNode-2: 127.0.0.1
2024-04-16 13:46:55,915 [main] WARN  scm.ScmUtils (ScmUtils.java:logWarn(192)) - ConfigKey ozone.scm.block.client.address is deprecated, For configuring different ports for each SCM use PortConfigKey ozone.scm.block.client.port appended with serviceId and nodeId. If want to configure same port configure ozone.scm.block.client.port
2024-04-16 13:46:55,915 [main] WARN  scm.ScmUtils (ScmUtils.java:logWarn(192)) - ConfigKey ozone.scm.client.address is deprecated, For configuring different ports for each SCM use PortConfigKey ozone.scm.client.port appended with serviceId and nodeId. If want to configure same port configure ozone.scm.client.port
2024-04-16 13:46:55,915 [main] WARN  scm.ScmUtils (ScmUtils.java:logWarn(192)) - ConfigKey ozone.scm.datanode.address is deprecated, For configuring different ports for each SCM use PortConfigKey ozone.scm.datanode.port appended with serviceId and nodeId. If want to configure same port configure ozone.scm.datanode.port
2024-04-16 13:46:55,916 [main] INFO  ha.SCMNodeInfo (SCMNodeInfo.java:getPort(197)) - ConfigKey ozone.scm.client.address is deprecated, For configuring different ports for each SCM use PortConfigKey ozone.scm.client.port appended with serviceId and nodeId
2024-04-16 13:46:55,916 [main] INFO  ha.SCMNodeInfo (SCMNodeInfo.java:getPort(197)) - ConfigKey ozone.scm.block.client.address is deprecated, For configuring different ports for each SCM use PortConfigKey ozone.scm.block.client.port appended with serviceId and nodeId
2024-04-16 13:46:55,916 [main] INFO  ha.SCMNodeInfo (SCMNodeInfo.java:getPort(197)) - ConfigKey ozone.scm.security.service.address is deprecated, For configuring different ports for each SCM use PortConfigKey ozone.scm.security.service.port appended with serviceId and nodeId
2024-04-16 13:46:55,917 [main] INFO  ha.SCMNodeInfo (SCMNodeInfo.java:getPort(197)) - ConfigKey ozone.scm.datanode.address is deprecated, For configuring different ports for each SCM use PortConfigKey ozone.scm.datanode.port appended with serviceId and nodeId
2024-04-16 13:46:55,917 [main] INFO  ha.SCMNodeInfo (SCMNodeInfo.java:getPort(197)) - ConfigKey ozone.scm.client.address is deprecated, For configuring different ports for each SCM use PortConfigKey ozone.scm.client.port appended with serviceId and nodeId
2024-04-16 13:46:55,917 [main] INFO  ha.SCMNodeInfo (SCMNodeInfo.java:getPort(197)) - ConfigKey ozone.scm.block.client.address is deprecated, For configuring different ports for each SCM use PortConfigKey ozone.scm.block.client.port appended with serviceId and nodeId
2024-04-16 13:46:55,917 [main] INFO  ha.SCMNodeInfo (SCMNodeInfo.java:getPort(197)) - ConfigKey ozone.scm.security.service.address is deprecated, For configuring different ports for each SCM use PortConfigKey ozone.scm.security.service.port appended with serviceId and nodeId
2024-04-16 13:46:55,917 [main] INFO  ha.SCMNodeInfo (SCMNodeInfo.java:getPort(197)) - ConfigKey ozone.scm.datanode.address is deprecated, For configuring different ports for each SCM use PortConfigKey ozone.scm.datanode.port appended with serviceId and nodeId
2024-04-16 13:46:55,918 [main] INFO  ha.SCMNodeInfo (SCMNodeInfo.java:getPort(197)) - ConfigKey ozone.scm.client.address is deprecated, For configuring different ports for each SCM use PortConfigKey ozone.scm.client.port appended with serviceId and nodeId
2024-04-16 13:46:55,918 [main] INFO  ha.SCMNodeInfo (SCMNodeInfo.java:getPort(197)) - ConfigKey ozone.scm.block.client.address is deprecated, For configuring different ports for each SCM use PortConfigKey ozone.scm.block.client.port appended with serviceId and nodeId
2024-04-16 13:46:55,918 [main] INFO  ha.SCMNodeInfo (SCMNodeInfo.java:getPort(197)) - ConfigKey ozone.scm.security.service.address is deprecated, For configuring different ports for each SCM use PortConfigKey ozone.scm.security.service.port appended with serviceId and nodeId
2024-04-16 13:46:55,918 [main] INFO  ha.SCMNodeInfo (SCMNodeInfo.java:getPort(197)) - ConfigKey ozone.scm.datanode.address is deprecated, For configuring different ports for each SCM use PortConfigKey ozone.scm.datanode.port appended with serviceId and nodeId
2024-04-16 13:46:55,920 [pool-1-thread-1] INFO  request.KdcRequest (KdcRequest.java:preauth(651)) - The preauth data is empty.
2024-04-16 13:46:55,921 [pool-1-thread-1] INFO  server.KdcHandler (KdcHandler.java:handleRecoverableException(177)) - KRB error occurred while processing request:Additional pre-authentication required
2024-04-16 13:46:55,926 [pool-1-thread-1] INFO  request.AsRequest (AsRequest.java:issueTicket(112)) - AS_REQ ISSUE: authtime 1713275215925,scm/fv-az1428-817.utppd1leec2uvmgjoennxb5ynh.ex.internal.cloudapp.net@EXAMPLE.COM for krbtgt/EXAMPLE.COM@EXAMPLE.COM
2024-04-16 13:46:55,930 [main] INFO  security.UserGroupInformation (UserGroupInformation.java:loginUserFromKeytab(1132)) - Login successful for user scm/fv-az1428-817.utppd1leec2uvmgjoennxb5ynh.ex.internal.cloudapp.net@EXAMPLE.COM using keytab file scm.keytab. Keytab auto renewal enabled : false
2024-04-16 13:46:55,930 [main] INFO  server.StorageContainerManager (StorageContainerManager.java:loginAsSCMUserIfSecurityEnabled(1075)) - SCM login successful.
2024-04-16 13:46:55,934 [main] INFO  ha.SCMNodeInfo (SCMNodeInfo.java:getPort(197)) - ConfigKey ozone.scm.client.address is deprecated, For configuring different ports for each SCM use PortConfigKey ozone.scm.client.port appended with serviceId and nodeId
2024-04-16 13:46:55,935 [main] INFO  ha.SCMNodeInfo (SCMNodeInfo.java:getPort(197)) - ConfigKey ozone.scm.block.client.address is deprecated, For configuring different ports for each SCM use PortConfigKey ozone.scm.block.client.port appended with serviceId and nodeId
2024-04-16 13:46:55,935 [main] INFO  ha.SCMNodeInfo (SCMNodeInfo.java:getPort(197)) - ConfigKey ozone.scm.security.service.address is deprecated, For configuring different ports for each SCM use PortConfigKey ozone.scm.security.service.port appended with serviceId and nodeId
2024-04-16 13:46:55,935 [main] INFO  ha.SCMNodeInfo (SCMNodeInfo.java:getPort(197)) - ConfigKey ozone.scm.datanode.address is deprecated, For configuring different ports for each SCM use PortConfigKey ozone.scm.datanode.port appended with serviceId and nodeId
2024-04-16 13:46:55,935 [main] INFO  ha.SCMNodeInfo (SCMNodeInfo.java:getPort(197)) - ConfigKey ozone.scm.client.address is deprecated, For configuring different ports for each SCM use PortConfigKey ozone.scm.client.port appended with serviceId and nodeId
2024-04-16 13:46:55,935 [main] INFO  ha.SCMNodeInfo (SCMNodeInfo.java:getPort(197)) - ConfigKey ozone.scm.block.client.address is deprecated, For configuring different ports for each SCM use PortConfigKey ozone.scm.block.client.port appended with serviceId and nodeId
2024-04-16 13:46:55,936 [main] INFO  ha.SCMNodeInfo (SCMNodeInfo.java:getPort(197)) - ConfigKey ozone.scm.security.service.address is deprecated, For configuring different ports for each SCM use PortConfigKey ozone.scm.security.service.port appended with serviceId and nodeId
2024-04-16 13:46:55,936 [main] INFO  ha.SCMNodeInfo (SCMNodeInfo.java:getPort(197)) - ConfigKey ozone.scm.datanode.address is deprecated, For configuring different ports for each SCM use PortConfigKey ozone.scm.datanode.port appended with serviceId and nodeId
2024-04-16 13:46:55,936 [main] INFO  proxy.SCMBlockLocationFailoverProxyProvider (SCMBlockLocationFailoverProxyProvider.java:<init>(115)) - Created block location fail-over proxy with 2 nodes: [nodeId=scmNode-3,nodeAddress=/127.0.0.1:15023, nodeId=scmNode-1,nodeAddress=/127.0.0.1:15007]
2024-04-16 13:46:56,024 [pool-1-thread-2] INFO  request.TgsRequest (TgsRequest.java:issueTicket(115)) - TGS_REQ ISSUE: authtime 1713275216023,scm/fv-az1428-817.utppd1leec2uvmgjoennxb5ynh.ex.internal.cloudapp.net for scm/fv-az1428-817.utppd1leec2uvmgjoennxb5ynh.ex.internal.cloudapp.net@EXAMPLE.COM
2024-04-16 13:46:56,024 [pool-1-thread-1] INFO  request.TgsRequest (TgsRequest.java:issueTicket(115)) - TGS_REQ ISSUE: authtime 1713275216023,scm/fv-az1428-817.utppd1leec2uvmgjoennxb5ynh.ex.internal.cloudapp.net for scm/fv-az1428-817.utppd1leec2uvmgjoennxb5ynh.ex.internal.cloudapp.net@EXAMPLE.COM
2024-04-16 13:46:56,048 [Socket Reader #1 for port 15007] INFO  ipc.Server (Server.java:saslProcess(2139)) - Auth successful for scm/fv-az1428-817.utppd1leec2uvmgjoennxb5ynh.ex.internal.cloudapp.net@EXAMPLE.COM (auth:KERBEROS) from fv-az1428-817.utppd1leec2uvmgjoennxb5ynh.ex.internal.cloudapp.net:45975 / 10.1.0.24:45975
2024-04-16 13:46:56,049 [Socket Reader #1 for port 15002] INFO  ipc.Server (Server.java:saslProcess(2139)) - Auth successful for scm/fv-az1428-817.utppd1leec2uvmgjoennxb5ynh.ex.internal.cloudapp.net@EXAMPLE.COM (auth:KERBEROS) from fv-az1428-817.utppd1leec2uvmgjoennxb5ynh.ex.internal.cloudapp.net:35543 / 10.1.0.24:35543
2024-04-16 13:46:56,066 [Socket Reader #1 for port 15002] INFO  authorize.ServiceAuthorizationManager (ServiceAuthorizationManager.java:authorize(137)) - Authorization successful for scm/fv-az1428-817.utppd1leec2uvmgjoennxb5ynh.ex.internal.cloudapp.net@EXAMPLE.COM (auth:KERBEROS) for protocol=interface org.apache.hadoop.hdds.protocol.SCMSecurityProtocol
2024-04-16 13:46:56,070 [Socket Reader #1 for port 15007] INFO  authorize.ServiceAuthorizationManager (ServiceAuthorizationManager.java:authorize(137)) - Authorization successful for scm/fv-az1428-817.utppd1leec2uvmgjoennxb5ynh.ex.internal.cloudapp.net@EXAMPLE.COM (auth:KERBEROS) for protocol=interface org.apache.hadoop.hdds.scm.protocol.ScmBlockLocationProtocol
2024-04-16 13:46:56,139 [IPC Server handler 0 on default port 15002] INFO  ipc.Server (Server.java:logException(3109)) - IPC Server handler 0 on default port 15002, call Call#0 Retry#0 org.apache.hadoop.hdds.protocol.SCMSecurityProtocol.submitRequest from fv-az1428-817.utppd1leec2uvmgjoennxb5ynh.ex.internal.cloudapp.net:35543 / 10.1.0.24:35543
org.apache.hadoop.hdds.ratis.ServerNotLeaderException: Server:8dded7e3-77f4-42cf-91f8-4014f88a5819 is not the leader. Could not determine the leader node.
	at org.apache.hadoop.hdds.ratis.ServerNotLeaderException.convertToNotLeaderException(ServerNotLeaderException.java:105)
	at org.apache.hadoop.hdds.scm.ha.RatisUtil.checkRatisException(RatisUtil.java:246)
	at org.apache.hadoop.hdds.scm.protocol.SCMSecurityProtocolServerSideTranslatorPB.submitRequest(SCMSecurityProtocolServerSideTranslatorPB.java:90)
	at org.apache.hadoop.hdds.protocol.proto.SCMSecurityProtocolProtos$SCMSecurityProtocolService$2.callBlockingMethod(SCMSecurityProtocolProtos.java:18732)
	at org.apache.hadoop.ipc.ProtobufRpcEngine$Server.processCall(ProtobufRpcEngine.java:484)
	at org.apache.hadoop.ipc.ProtobufRpcEngine2$Server$ProtoBufRpcInvoker.call(ProtobufRpcEngine2.java:595)
	at org.apache.hadoop.ipc.ProtobufRpcEngine2$Server$ProtoBufRpcInvoker.call(ProtobufRpcEngine2.java:573)
	at org.apache.hadoop.ipc.RPC$Server.call(RPC.java:1227)
	at org.apache.hadoop.ipc.Server$RpcCall.run(Server.java:1094)
	at org.apache.hadoop.ipc.Server$RpcCall.run(Server.java:1017)
	at java.security.AccessController.doPrivileged(Native Method)
	at javax.security.auth.Subject.doAs(Subject.java:422)
	at org.apache.hadoop.security.UserGroupInformation.doAs(UserGroupInformation.java:1899)
	at org.apache.hadoop.ipc.Server$Handler.run(Server.java:3048)
2024-04-16 13:47:00,151 [main] INFO  retry.RetryInvocationHandler (RetryInvocationHandler.java:log(422)) - com.google.protobuf.ServiceException: org.apache.hadoop.ipc.RemoteException(org.apache.hadoop.hdds.ratis.ServerNotLeaderException): Server:8dded7e3-77f4-42cf-91f8-4014f88a5819 is not the leader. Could not determine the leader node.
	at org.apache.hadoop.hdds.ratis.ServerNotLeaderException.convertToNotLeaderException(ServerNotLeaderException.java:105)
	at org.apache.hadoop.hdds.scm.ha.RatisUtil.checkRatisException(RatisUtil.java:246)
	at org.apache.hadoop.hdds.scm.protocol.ScmBlockLocationProtocolServerSideTranslatorPB.send(ScmBlockLocationProtocolServerSideTranslatorPB.java:111)
	at org.apache.hadoop.hdds.protocol.proto.ScmBlockLocationProtocolProtos$ScmBlockLocationProtocolService$2.callBlockingMethod(ScmBlockLocationProtocolProtos.java:15752)
	at org.apache.hadoop.ipc.ProtobufRpcEngine$Server.processCall(ProtobufRpcEngine.java:484)
	at org.apache.hadoop.ipc.ProtobufRpcEngine2$Server$ProtoBufRpcInvoker.call(ProtobufRpcEngine2.java:595)
	at org.apache.hadoop.ipc.ProtobufRpcEngine2$Server$ProtoBufRpcInvoker.call(ProtobufRpcEngine2.java:573)
	at org.apache.hadoop.ipc.RPC$Server.call(RPC.java:1227)
	at org.apache.hadoop.ipc.Server$RpcCall.run(Server.java:1094)
	at org.apache.hadoop.ipc.Server$RpcCall.run(Server.java:1017)
	at java.security.AccessController.doPrivileged(Native Method)
	at javax.security.auth.Subject.doAs(Subject.java:422)
	at org.apache.hadoop.security.UserGroupInformation.doAs(UserGroupInformation.java:1899)
	at org.apache.hadoop.ipc.Server$Handler.run(Server.java:3048)
, while invoking $Proxy54.send over nodeId=scmNode-1,nodeAddress=/127.0.0.1:15007 after 2 failover attempts. Trying to failover after sleeping for 2000ms. Current retry count: 2.
2024-04-16 13:47:00,559 [8dded7e3-77f4-42cf-91f8-4014f88a5819@group-298AC6C8687B-FollowerState] INFO  impl.FollowerState (FollowerState.java:run(143)) - 8dded7e3-77f4-42cf-91f8-4014f88a5819@group-298AC6C8687B-FollowerState: change to CANDIDATE, lastRpcElapsedTime:5081261765ns, electionTimeout:5080ms
2024-04-16 13:47:00,559 [8dded7e3-77f4-42cf-91f8-4014f88a5819@group-298AC6C8687B-FollowerState] INFO  impl.RoleInfo (RoleInfo.java:shutdownFollowerState(110)) - 8dded7e3-77f4-42cf-91f8-4014f88a5819: shutdown 8dded7e3-77f4-42cf-91f8-4014f88a5819@group-298AC6C8687B-FollowerState
2024-04-16 13:47:00,559 [8dded7e3-77f4-42cf-91f8-4014f88a5819@group-298AC6C8687B-FollowerState] INFO  server.RaftServer$Division (RaftServerImpl.java:setRole(383)) - 8dded7e3-77f4-42cf-91f8-4014f88a5819@group-298AC6C8687B: changes role from  FOLLOWER to CANDIDATE at term 1 for changeToCandidate
2024-04-16 13:47:00,559 [8dded7e3-77f4-42cf-91f8-4014f88a5819@group-298AC6C8687B-FollowerState] INFO  server.RaftServerConfigKeys (ConfUtils.java:logGet(46)) - raft.server.leaderelection.pre-vote = true (default)
2024-04-16 13:47:00,560 [8dded7e3-77f4-42cf-91f8-4014f88a5819@group-298AC6C8687B-FollowerState] INFO  impl.RoleInfo (RoleInfo.java:updateAndGet(139)) - 8dded7e3-77f4-42cf-91f8-4014f88a5819: start 8dded7e3-77f4-42cf-91f8-4014f88a5819@group-298AC6C8687B-LeaderElection2
2024-04-16 13:47:00,560 [8dded7e3-77f4-42cf-91f8-4014f88a5819@group-298AC6C8687B-LeaderElection2] INFO  impl.LeaderElection (LeaderElection.java:askForVotes(321)) - 8dded7e3-77f4-42cf-91f8-4014f88a5819@group-298AC6C8687B-LeaderElection2 PRE_VOTE round 0: submit vote requests at term 1 for 0: peers:[8dded7e3-77f4-42cf-91f8-4014f88a5819|localhost:15003]|listeners:[], old=null
2024-04-16 13:47:00,561 [8dded7e3-77f4-42cf-91f8-4014f88a5819@group-298AC6C8687B-LeaderElection2] INFO  impl.LeaderElection (LeaderElection.java:askForVotes(323)) - 8dded7e3-77f4-42cf-91f8-4014f88a5819@group-298AC6C8687B-LeaderElection2 PRE_VOTE round 0: result PASSED (term=1)
2024-04-16 13:47:00,562 [8dded7e3-77f4-42cf-91f8-4014f88a5819@group-298AC6C8687B-LeaderElection2] INFO  impl.LeaderElection (LeaderElection.java:askForVotes(321)) - 8dded7e3-77f4-42cf-91f8-4014f88a5819@group-298AC6C8687B-LeaderElection2 ELECTION round 0: submit vote requests at term 2 for 0: peers:[8dded7e3-77f4-42cf-91f8-4014f88a5819|localhost:15003]|listeners:[], old=null
2024-04-16 13:47:00,563 [8dded7e3-77f4-42cf-91f8-4014f88a5819@group-298AC6C8687B-LeaderElection2] INFO  impl.LeaderElection (LeaderElection.java:askForVotes(323)) - 8dded7e3-77f4-42cf-91f8-4014f88a5819@group-298AC6C8687B-LeaderElection2 ELECTION round 0: result PASSED (term=2)
2024-04-16 13:47:00,563 [8dded7e3-77f4-42cf-91f8-4014f88a5819@group-298AC6C8687B-LeaderElection2] INFO  impl.RoleInfo (RoleInfo.java:shutdownLeaderElection(130)) - 8dded7e3-77f4-42cf-91f8-4014f88a5819: shutdown 8dded7e3-77f4-42cf-91f8-4014f88a5819@group-298AC6C8687B-LeaderElection2
2024-04-16 13:47:00,563 [8dded7e3-77f4-42cf-91f8-4014f88a5819@group-298AC6C8687B-LeaderElection2] INFO  server.RaftServer$Division (RaftServerImpl.java:setRole(383)) - 8dded7e3-77f4-42cf-91f8-4014f88a5819@group-298AC6C8687B: changes role from CANDIDATE to LEADER at term 2 for changeToLeader
2024-04-16 13:47:00,563 [8dded7e3-77f4-42cf-91f8-4014f88a5819@group-298AC6C8687B-LeaderElection2] INFO  server.RaftServerConfigKeys (ConfUtils.java:logGet(46)) - raft.server.staging.catchup.gap = 1000 (default)
2024-04-16 13:47:00,563 [8dded7e3-77f4-42cf-91f8-4014f88a5819@group-298AC6C8687B-LeaderElection2] INFO  server.RaftServerConfigKeys (ConfUtils.java:logGet(46)) - raft.server.write.element-limit = 4096 (default)
2024-04-16 13:47:00,563 [8dded7e3-77f4-42cf-91f8-4014f88a5819@group-298AC6C8687B-LeaderElection2] INFO  server.RaftServerConfigKeys (ConfUtils.java:logGet(46)) - raft.server.write.byte-limit = 64MB (=67108864) (default)
2024-04-16 13:47:00,564 [8dded7e3-77f4-42cf-91f8-4014f88a5819@group-298AC6C8687B-LeaderElection2] INFO  server.RaftServerConfigKeys (ConfUtils.java:logGet(46)) - raft.server.watch.timeout = 10s (default)
2024-04-16 13:47:00,564 [8dded7e3-77f4-42cf-91f8-4014f88a5819@group-298AC6C8687B-LeaderElection2] INFO  server.RaftServerConfigKeys (ConfUtils.java:logGet(46)) - raft.server.watch.timeout.denomination = 1s (default)
2024-04-16 13:47:00,564 [8dded7e3-77f4-42cf-91f8-4014f88a5819@group-298AC6C8687B-LeaderElection2] INFO  server.RaftServerConfigKeys (ConfUtils.java:logGet(46)) - raft.server.watch.element-limit = 65536 (default)
2024-04-16 13:47:00,564 [8dded7e3-77f4-42cf-91f8-4014f88a5819@group-298AC6C8687B-LeaderElection2] INFO  server.RaftServerConfigKeys (ConfUtils.java:logGet(46)) - raft.server.read.leader.lease.enabled = false (default)
2024-04-16 13:47:00,564 [8dded7e3-77f4-42cf-91f8-4014f88a5819@group-298AC6C8687B-LeaderElection2] INFO  server.RaftServerConfigKeys (ConfUtils.java:logGet(46)) - raft.server.read.leader.lease.timeout.ratio = 0.9 (default)
2024-04-16 13:47:00,564 [8dded7e3-77f4-42cf-91f8-4014f88a5819@group-298AC6C8687B-LeaderElection2] INFO  server.RaftServerConfigKeys (ConfUtils.java:logGet(46)) - raft.server.rpc.timeout.min = 5000ms (custom)
2024-04-16 13:47:00,564 [8dded7e3-77f4-42cf-91f8-4014f88a5819@group-298AC6C8687B-LeaderElection2] INFO  server.RaftServerConfigKeys (ConfUtils.java:logGet(46)) - raft.server.write.element-limit = 4096 (default)
2024-04-16 13:47:00,565 [8dded7e3-77f4-42cf-91f8-4014f88a5819@group-298AC6C8687B-LeaderElection2] INFO  server.RaftServerConfigKeys (ConfUtils.java:logGet(46)) - raft.server.write.follower.gap.ratio.max = -1.0 (default)
2024-04-16 13:47:00,565 [8dded7e3-77f4-42cf-91f8-4014f88a5819@group-298AC6C8687B-LeaderElection2] INFO  impl.RoleInfo (RoleInfo.java:updateAndGet(139)) - 8dded7e3-77f4-42cf-91f8-4014f88a5819: start 8dded7e3-77f4-42cf-91f8-4014f88a5819@group-298AC6C8687B-LeaderStateImpl
2024-04-16 13:47:00,565 [8dded7e3-77f4-42cf-91f8-4014f88a5819@group-298AC6C8687B-LeaderElection2] INFO  server.RaftServer$Division (RaftServerImpl.java:setFirstElection(574)) - 8dded7e3-77f4-42cf-91f8-4014f88a5819@group-298AC6C8687B: set firstElectionSinceStartup to false for becomeLeader
2024-04-16 13:47:00,565 [8dded7e3-77f4-42cf-91f8-4014f88a5819@group-298AC6C8687B-LeaderElection2] INFO  ha.SCMStateMachine (SCMStateMachine.java:notifyLeaderChanged(292)) - current SCM becomes leader of term 2.
2024-04-16 13:47:00,565 [8dded7e3-77f4-42cf-91f8-4014f88a5819@group-298AC6C8687B-LeaderElection2] INFO  ha.SCMContext (SCMContext.java:updateLeaderAndTerm(96)) - update <isLeader,term> from <false,0> to <true,2>
2024-04-16 13:47:00,567 [8dded7e3-77f4-42cf-91f8-4014f88a5819@group-298AC6C8687B-LeaderElection2] INFO  server.RaftServer$Division (ServerState.java:setLeader(269)) - 8dded7e3-77f4-42cf-91f8-4014f88a5819@group-298AC6C8687B: change Leader from null to 8dded7e3-77f4-42cf-91f8-4014f88a5819 at term 2 for becomeLeader, leader elected after 5799ms
2024-04-16 13:47:00,568 [8dded7e3-77f4-42cf-91f8-4014f88a5819@group-298AC6C8687B-LeaderElection2] INFO  segmented.SegmentedRaftLogWorker (SegmentedRaftLogWorker.java:rollLogSegment(435)) - 8dded7e3-77f4-42cf-91f8-4014f88a5819@group-298AC6C8687B-SegmentedRaftLogWorker: Rolling segment log-0_0 to index:0
2024-04-16 13:47:00,569 [8dded7e3-77f4-42cf-91f8-4014f88a5819@group-298AC6C8687B-LeaderElection2] INFO  server.RaftServer$Division (ServerState.java:setRaftConf(386)) - 8dded7e3-77f4-42cf-91f8-4014f88a5819@group-298AC6C8687B: set configuration 1: peers:[8dded7e3-77f4-42cf-91f8-4014f88a5819|localhost:15003]|listeners:[], old=null
2024-04-16 13:47:00,570 [8dded7e3-77f4-42cf-91f8-4014f88a5819@group-298AC6C8687B-SegmentedRaftLogWorker] INFO  segmented.SegmentedRaftLogWorker (SegmentedRaftLogWorker.java:execute(591)) - 8dded7e3-77f4-42cf-91f8-4014f88a5819@group-298AC6C8687B-SegmentedRaftLogWorker: Rolled log segment from /home/runner/work/ozone/ozone/hadoop-ozone/integration-test/target/test-dir/MiniOzoneClusterImpl-f0f26617-5c27-4371-b446-298ac6c8687b/scmNode-1/scm-ha/f0f26617-5c27-4371-b446-298ac6c8687b/current/log_inprogress_0 to /home/runner/work/ozone/ozone/hadoop-ozone/integration-test/target/test-dir/MiniOzoneClusterImpl-f0f26617-5c27-4371-b446-298ac6c8687b/scmNode-1/scm-ha/f0f26617-5c27-4371-b446-298ac6c8687b/current/log_0-0
2024-04-16 13:47:00,571 [8dded7e3-77f4-42cf-91f8-4014f88a5819@group-298AC6C8687B-SegmentedRaftLogWorker] INFO  segmented.BufferedWriteChannel (BufferedWriteChannel.java:open(62)) - open log_inprogress_1 at position 0
2024-04-16 13:47:00,579 [8dded7e3-77f4-42cf-91f8-4014f88a5819@group-298AC6C8687B-SegmentedRaftLogWorker] INFO  segmented.SegmentedRaftLogWorker (SegmentedRaftLogWorker.java:execute(634)) - 8dded7e3-77f4-42cf-91f8-4014f88a5819@group-298AC6C8687B-SegmentedRaftLogWorker: created new log segment /home/runner/work/ozone/ozone/hadoop-ozone/integration-test/target/test-dir/MiniOzoneClusterImpl-f0f26617-5c27-4371-b446-298ac6c8687b/scmNode-1/scm-ha/f0f26617-5c27-4371-b446-298ac6c8687b/current/log_inprogress_1
2024-04-16 13:47:00,582 [8dded7e3-77f4-42cf-91f8-4014f88a5819@group-298AC6C8687B-StateMachineUpdater] INFO  safemode.HealthyPipelineSafeModeRule (HealthyPipelineSafeModeRule.java:initializeRule(172)) - Refreshed total pipeline count is 0, healthy pipeline threshold count is 1
2024-04-16 13:47:00,583 [8dded7e3-77f4-42cf-91f8-4014f88a5819@group-298AC6C8687B-StateMachineUpdater] INFO  safemode.ContainerSafeModeRule (ContainerSafeModeRule.java:reInitializeRule(191)) - Refreshed one replica container threshold 0, currentThreshold 0
2024-04-16 13:47:00,584 [8dded7e3-77f4-42cf-91f8-4014f88a5819@group-298AC6C8687B-StateMachineUpdater] INFO  safemode.OneReplicaPipelineSafeModeRule (OneReplicaPipelineSafeModeRule.java:initializeRule(189)) - Refreshed Total pipeline count is 0, pipeline's with at least one datanode reported threshold count is 0
2024-04-16 13:47:00,584 [8dded7e3-77f4-42cf-91f8-4014f88a5819@group-298AC6C8687B-StateMachineUpdater] INFO  server.SCMDatanodeProtocolServer (SCMDatanodeProtocolServer.java:start(194)) - ScmDatanodeProtocol RPC server for DataNodes is listening at /0.0.0.0:15004
2024-04-16 13:47:00,585 [IPC Server listener on 15004] INFO  ipc.Server (Server.java:run(1402)) - IPC Server listener on 15004: starting
2024-04-16 13:47:00,586 [IPC Server Responder] INFO  ipc.Server (Server.java:run(1562)) - IPC Server Responder: starting
2024-04-16 13:47:00,595 [8dded7e3-77f4-42cf-91f8-4014f88a5819@group-298AC6C8687B-StateMachineUpdater] INFO  server.RaftServer$Division (LeaderStateImpl.java:isApplied(320)) - leader is ready since appliedIndex == 1 >= startIndex == 1
2024-04-16 13:47:00,595 [8dded7e3-77f4-42cf-91f8-4014f88a5819@group-298AC6C8687B-StateMachineUpdater] INFO  ha.SCMContext (SCMContext.java:setLeaderReady(123)) - update <isLeaderReady> from <false> to <true>
2024-04-16 13:47:00,596 [8dded7e3-77f4-42cf-91f8-4014f88a5819@group-298AC6C8687B-StateMachineUpdater] INFO  pipeline.BackgroundPipelineCreator (BackgroundPipelineCreator.java:notifyStatusChanged(258)) - Service BackgroundPipelineCreator transitions to RUNNING.
2024-04-16 13:47:00,596 [scmNode-1-SecretKeyManagerService] INFO  symmetric.SecretKeyManager (SecretKeyManager.java:checkAndInitialize(80)) - Initializing SecretKeys.
2024-04-16 13:47:00,598 [scmNode-1-SecretKeyManagerService] INFO  symmetric.SecretKeyManager (SecretKeyManager.java:checkAndInitialize(94)) - No valid key has been loaded. A new key is generated: SecretKey(id = 68b50028-7613-4173-8bde-23d17e3dabf2, creation at: 2024-04-16T13:47:00.597Z, expire at: 2024-04-16T13:47:03.597Z)
2024-04-16 13:47:00,656 [8dded7e3-77f4-42cf-91f8-4014f88a5819@group-298AC6C8687B-StateMachineUpdater] INFO  symmetric.SecretKeyStateImpl (SecretKeyStateImpl.java:updateKeysInternal(113)) - Updating keys with [SecretKey(id = 68b50028-7613-4173-8bde-23d17e3dabf2, creation at: 2024-04-16T13:47:00.597Z, expire at: 2024-04-16T13:47:03.597Z)]
2024-04-16 13:47:00,657 [8dded7e3-77f4-42cf-91f8-4014f88a5819@group-298AC6C8687B-StateMachineUpdater] INFO  symmetric.SecretKeyStateImpl (SecretKeyStateImpl.java:updateKeysInternal(128)) - Current key updated SecretKey(id = 68b50028-7613-4173-8bde-23d17e3dabf2, creation at: 2024-04-16T13:47:00.597Z, expire at: 2024-04-16T13:47:03.597Z)
2024-04-16 13:47:00,683 [8dded7e3-77f4-42cf-91f8-4014f88a5819@group-298AC6C8687B-StateMachineUpdater] INFO  symmetric.LocalSecretKeyStore (LocalSecretKeyStore.java:save(109)) - Saved [SecretKey(id = 68b50028-7613-4173-8bde-23d17e3dabf2, creation at: 2024-04-16T13:47:00.597Z, expire at: 2024-04-16T13:47:03.597Z)] to file /home/runner/work/ozone/ozone/hadoop-ozone/integration-test/target/test-dir/MiniOzoneClusterImpl-f0f26617-5c27-4371-b446-298ac6c8687b/scmNode-1/scm/keys/secret_keys.json
2024-04-16 13:47:00,684 [8dded7e3-77f4-42cf-91f8-4014f88a5819@group-298AC6C8687B-StateMachineUpdater] INFO  safemode.HealthyPipelineSafeModeRule (HealthyPipelineSafeModeRule.java:initializeRule(172)) - Refreshed total pipeline count is 0, healthy pipeline threshold count is 1
2024-04-16 13:47:00,684 [8dded7e3-77f4-42cf-91f8-4014f88a5819@group-298AC6C8687B-StateMachineUpdater] INFO  safemode.SCMSafeModeManager (SCMSafeModeManager.java:validateSafeModeExitRules(200)) - ContainerSafeModeRule rule is successfully validated
2024-04-16 13:47:00,684 [8dded7e3-77f4-42cf-91f8-4014f88a5819@group-298AC6C8687B-StateMachineUpdater] INFO  safemode.SCMSafeModeManager (SCMSafeModeManager.java:validateSafeModeExitRules(200)) - AtleastOneDatanodeReportedRule rule is successfully validated
2024-04-16 13:47:01,615 [scmNode-1-SecretKeyManagerService] INFO  symmetric.SecretKeyManager (SecretKeyManager.java:checkAndRotate(125)) - SecretKey rotation is happening, new key generated SecretKey(id = 2069e43e-eaff-4449-b65e-0238d1856071, creation at: 2024-04-16T13:47:01.615Z, expire at: 2024-04-16T13:47:04.615Z)
2024-04-16 13:47:01,617 [8dded7e3-77f4-42cf-91f8-4014f88a5819@group-298AC6C8687B-StateMachineUpdater] INFO  symmetric.SecretKeyStateImpl (SecretKeyStateImpl.java:updateKeysInternal(113)) - Updating keys with [SecretKey(id = 68b50028-7613-4173-8bde-23d17e3dabf2, creation at: 2024-04-16T13:47:00.597Z, expire at: 2024-04-16T13:47:03.597Z), SecretKey(id = 2069e43e-eaff-4449-b65e-0238d1856071, creation at: 2024-04-16T13:47:01.615Z, expire at: 2024-04-16T13:47:04.615Z)]
2024-04-16 13:47:01,617 [8dded7e3-77f4-42cf-91f8-4014f88a5819@group-298AC6C8687B-StateMachineUpdater] INFO  symmetric.SecretKeyStateImpl (SecretKeyStateImpl.java:updateKeysInternal(128)) - Current key updated SecretKey(id = 2069e43e-eaff-4449-b65e-0238d1856071, creation at: 2024-04-16T13:47:01.615Z, expire at: 2024-04-16T13:47:04.615Z)
2024-04-16 13:47:01,620 [8dded7e3-77f4-42cf-91f8-4014f88a5819@group-298AC6C8687B-StateMachineUpdater] INFO  symmetric.LocalSecretKeyStore (LocalSecretKeyStore.java:save(109)) - Saved [SecretKey(id = 2069e43e-eaff-4449-b65e-0238d1856071, creation at: 2024-04-16T13:47:01.615Z, expire at: 2024-04-16T13:47:04.615Z), SecretKey(id = 68b50028-7613-4173-8bde-23d17e3dabf2, creation at: 2024-04-16T13:47:00.597Z, expire at: 2024-04-16T13:47:03.597Z)] to file /home/runner/work/ozone/ozone/hadoop-ozone/integration-test/target/test-dir/MiniOzoneClusterImpl-f0f26617-5c27-4371-b446-298ac6c8687b/scmNode-1/scm/keys/secret_keys.json
2024-04-16 13:47:01,620 [8dded7e3-77f4-42cf-91f8-4014f88a5819@group-298AC6C8687B-StateMachineUpdater] INFO  safemode.HealthyPipelineSafeModeRule (HealthyPipelineSafeModeRule.java:initializeRule(172)) - Refreshed total pipeline count is 0, healthy pipeline threshold count is 1
2024-04-16 13:47:02,153 [main] INFO  retry.RetryInvocationHandler (RetryInvocationHandler.java:log(422)) - com.google.protobuf.ServiceException: java.net.ConnectException: Call From fv-az1428-817/10.1.0.24 to localhost:15023 failed on connection exception: java.net.ConnectException: Connection refused; For more details see:  http://wiki.apache.org/hadoop/ConnectionRefused, while invoking $Proxy54.send over nodeId=scmNode-3,nodeAddress=/127.0.0.1:15023 after 3 failover attempts. Trying to failover after sleeping for 2000ms. Current retry count: 3.
2024-04-16 13:47:02,173 [IPC Server handler 1 on default port 15002] INFO  client.SCMCertificateClient (DefaultCertificateClient.java:getAllRootCaCerts(973)) - scm/sub-ca has 0 Root CA certificates
2024-04-16 13:47:02,173 [IPC Server handler 1 on default port 15002] INFO  client.SCMCertificateClient (DefaultCertificateClient.java:getAllCaCerts(981)) - scm/sub-ca has 1 CA certificates
2024-04-16 13:47:02,175 [8dded7e3-77f4-42cf-91f8-4014f88a5819-scm/sub-ca-refreshCACertificates] INFO  client.SCMCertificateClient (DefaultCertificateClient.java:getAllRootCaCerts(973)) - scm/sub-ca has 0 Root CA certificates
2024-04-16 13:47:02,175 [8dded7e3-77f4-42cf-91f8-4014f88a5819-scm/sub-ca-refreshCACertificates] INFO  client.SCMCertificateClient (DefaultCertificateClient.java:getAllCaCerts(981)) - scm/sub-ca has 1 CA certificates
2024-04-16 13:47:02,177 [8dded7e3-77f4-42cf-91f8-4014f88a5819-scm/sub-ca-refreshCACertificates] INFO  client.SCMCertificateClient (SCMCertificateClient.java:run(256)) - CA certificates are not changed.
2024-04-16 13:47:02,615 [scmNode-1-SecretKeyManagerService] INFO  symmetric.SecretKeyManager (SecretKeyManager.java:checkAndRotate(125)) - SecretKey rotation is happening, new key generated SecretKey(id = 06cd2af1-f0ea-4b52-b418-8de4bdeaee63, creation at: 2024-04-16T13:47:02.615Z, expire at: 2024-04-16T13:47:05.615Z)
2024-04-16 13:47:02,617 [8dded7e3-77f4-42cf-91f8-4014f88a5819@group-298AC6C8687B-StateMachineUpdater] INFO  symmetric.SecretKeyStateImpl (SecretKeyStateImpl.java:updateKeysInternal(113)) - Updating keys with [SecretKey(id = 2069e43e-eaff-4449-b65e-0238d1856071, creation at: 2024-04-16T13:47:01.615Z, expire at: 2024-04-16T13:47:04.615Z), SecretKey(id = 68b50028-7613-4173-8bde-23d17e3dabf2, creation at: 2024-04-16T13:47:00.597Z, expire at: 2024-04-16T13:47:03.597Z), SecretKey(id = 06cd2af1-f0ea-4b52-b418-8de4bdeaee63, creation at: 2024-04-16T13:47:02.615Z, expire at: 2024-04-16T13:47:05.615Z)]
2024-04-16 13:47:02,618 [8dded7e3-77f4-42cf-91f8-4014f88a5819@group-298AC6C8687B-StateMachineUpdater] INFO  symmetric.SecretKeyStateImpl (SecretKeyStateImpl.java:updateKeysInternal(128)) - Current key updated SecretKey(id = 06cd2af1-f0ea-4b52-b418-8de4bdeaee63, creation at: 2024-04-16T13:47:02.615Z, expire at: 2024-04-16T13:47:05.615Z)
2024-04-16 13:47:02,618 [8dded7e3-77f4-42cf-91f8-4014f88a5819@group-298AC6C8687B-StateMachineUpdater] INFO  symmetric.LocalSecretKeyStore (LocalSecretKeyStore.java:save(109)) - Saved [SecretKey(id = 06cd2af1-f0ea-4b52-b418-8de4bdeaee63, creation at: 2024-04-16T13:47:02.615Z, expire at: 2024-04-16T13:47:05.615Z), SecretKey(id = 2069e43e-eaff-4449-b65e-0238d1856071, creation at: 2024-04-16T13:47:01.615Z, expire at: 2024-04-16T13:47:04.615Z), SecretKey(id = 68b50028-7613-4173-8bde-23d17e3dabf2, creation at: 2024-04-16T13:47:00.597Z, expire at: 2024-04-16T13:47:03.597Z)] to file /home/runner/work/ozone/ozone/hadoop-ozone/integration-test/target/test-dir/MiniOzoneClusterImpl-f0f26617-5c27-4371-b446-298ac6c8687b/scmNode-1/scm/keys/secret_keys.json
2024-04-16 13:47:02,618 [8dded7e3-77f4-42cf-91f8-4014f88a5819@group-298AC6C8687B-StateMachineUpdater] INFO  safemode.HealthyPipelineSafeModeRule (HealthyPipelineSafeModeRule.java:initializeRule(172)) - Refreshed total pipeline count is 0, healthy pipeline threshold count is 1
2024-04-16 13:47:03,615 [scmNode-1-SecretKeyManagerService] INFO  symmetric.SecretKeyManager (SecretKeyManager.java:checkAndRotate(125)) - SecretKey rotation is happening, new key generated SecretKey(id = 5e930dc6-7b6c-4a52-96a8-e1bb1ff945e8, creation at: 2024-04-16T13:47:03.615Z, expire at: 2024-04-16T13:47:06.615Z)
2024-04-16 13:47:03,617 [8dded7e3-77f4-42cf-91f8-4014f88a5819@group-298AC6C8687B-StateMachineUpdater] INFO  symmetric.SecretKeyStateImpl (SecretKeyStateImpl.java:updateKeysInternal(113)) - Updating keys with [SecretKey(id = 06cd2af1-f0ea-4b52-b418-8de4bdeaee63, creation at: 2024-04-16T13:47:02.615Z, expire at: 2024-04-16T13:47:05.615Z), SecretKey(id = 2069e43e-eaff-4449-b65e-0238d1856071, creation at: 2024-04-16T13:47:01.615Z, expire at: 2024-04-16T13:47:04.615Z), SecretKey(id = 5e930dc6-7b6c-4a52-96a8-e1bb1ff945e8, creation at: 2024-04-16T13:47:03.615Z, expire at: 2024-04-16T13:47:06.615Z)]
2024-04-16 13:47:03,618 [8dded7e3-77f4-42cf-91f8-4014f88a5819@group-298AC6C8687B-StateMachineUpdater] INFO  symmetric.SecretKeyStateImpl (SecretKeyStateImpl.java:updateKeysInternal(128)) - Current key updated SecretKey(id = 5e930dc6-7b6c-4a52-96a8-e1bb1ff945e8, creation at: 2024-04-16T13:47:03.615Z, expire at: 2024-04-16T13:47:06.615Z)
2024-04-16 13:47:03,619 [8dded7e3-77f4-42cf-91f8-4014f88a5819@group-298AC6C8687B-StateMachineUpdater] INFO  symmetric.LocalSecretKeyStore (LocalSecretKeyStore.java:save(109)) - Saved [SecretKey(id = 5e930dc6-7b6c-4a52-96a8-e1bb1ff945e8, creation at: 2024-04-16T13:47:03.615Z, expire at: 2024-04-16T13:47:06.615Z), SecretKey(id = 06cd2af1-f0ea-4b52-b418-8de4bdeaee63, creation at: 2024-04-16T13:47:02.615Z, expire at: 2024-04-16T13:47:05.615Z), SecretKey(id = 2069e43e-eaff-4449-b65e-0238d1856071, creation at: 2024-04-16T13:47:01.615Z, expire at: 2024-04-16T13:47:04.615Z)] to file /home/runner/work/ozone/ozone/hadoop-ozone/integration-test/target/test-dir/MiniOzoneClusterImpl-f0f26617-5c27-4371-b446-298ac6c8687b/scmNode-1/scm/keys/secret_keys.json
2024-04-16 13:47:03,619 [8dded7e3-77f4-42cf-91f8-4014f88a5819@group-298AC6C8687B-StateMachineUpdater] INFO  safemode.HealthyPipelineSafeModeRule (HealthyPipelineSafeModeRule.java:initializeRule(172)) - Refreshed total pipeline count is 0, healthy pipeline threshold count is 1
2024-04-16 13:47:04,179 [main] INFO  ha.HASecurityUtils (HASecurityUtils.java:initializeSecurity(81)) - Initializing secure StorageContainerManager.
2024-04-16 13:47:04,180 [main] INFO  ha.SCMNodeInfo (SCMNodeInfo.java:getPort(197)) - ConfigKey ozone.scm.client.address is deprecated, For configuring different ports for each SCM use PortConfigKey ozone.scm.client.port appended with serviceId and nodeId
2024-04-16 13:47:04,180 [main] INFO  ha.SCMNodeInfo (SCMNodeInfo.java:getPort(197)) - ConfigKey ozone.scm.block.client.address is deprecated, For configuring different ports for each SCM use PortConfigKey ozone.scm.block.client.port appended with serviceId and nodeId
2024-04-16 13:47:04,180 [main] INFO  ha.SCMNodeInfo (SCMNodeInfo.java:getPort(197)) - ConfigKey ozone.scm.security.service.address is deprecated, For configuring different ports for each SCM use PortConfigKey ozone.scm.security.service.port appended with serviceId and nodeId
2024-04-16 13:47:04,180 [main] INFO  ha.SCMNodeInfo (SCMNodeInfo.java:getPort(197)) - ConfigKey ozone.scm.datanode.address is deprecated, For configuring different ports for each SCM use PortConfigKey ozone.scm.datanode.port appended with serviceId and nodeId
2024-04-16 13:47:04,181 [main] INFO  ha.SCMNodeInfo (SCMNodeInfo.java:getPort(197)) - ConfigKey ozone.scm.client.address is deprecated, For configuring different ports for each SCM use PortConfigKey ozone.scm.client.port appended with serviceId and nodeId
2024-04-16 13:47:04,181 [main] INFO  ha.SCMNodeInfo (SCMNodeInfo.java:getPort(197)) - ConfigKey ozone.scm.block.client.address is deprecated, For configuring different ports for each SCM use PortConfigKey ozone.scm.block.client.port appended with serviceId and nodeId
2024-04-16 13:47:04,181 [main] INFO  ha.SCMNodeInfo (SCMNodeInfo.java:getPort(197)) - ConfigKey ozone.scm.security.service.address is deprecated, For configuring different ports for each SCM use PortConfigKey ozone.scm.security.service.port appended with serviceId and nodeId
2024-04-16 13:47:04,181 [main] INFO  ha.SCMNodeInfo (SCMNodeInfo.java:getPort(197)) - ConfigKey ozone.scm.datanode.address is deprecated, For configuring different ports for each SCM use PortConfigKey ozone.scm.datanode.port appended with serviceId and nodeId
2024-04-16 13:47:04,182 [main] INFO  client.SCMCertificateClient (DefaultCertificateClient.java:updateCertSerialId(1313)) - Certificate serial ID set to null
2024-04-16 13:47:04,182 [main] ERROR client.SCMCertificateClient (DefaultCertificateClient.java:getCertPath(376)) - Default certificate serial id is not set. Can't locate the default certificate for this client.
2024-04-16 13:47:04,182 [main] INFO  client.SCMCertificateClient (DefaultCertificateClient.java:init(720)) - Certificate client init case: 0
2024-04-16 13:47:04,182 [main] INFO  client.SCMCertificateClient (DefaultCertificateClient.java:handleCase(738)) - Creating keypair for client as keypair and certificate not found.
2024-04-16 13:47:04,521 [main] INFO  client.SCMCertificateClient (SCMCertificateClient.java:recoverStateIfNeeded(285)) - Init response: GETCERT
2024-04-16 13:47:04,521 [main] INFO  client.SCMCertificateClient (SCMCertificateClient.java:getCSRBuilder(145)) - Creating csr for SCM->hostName:localhost,scmId:e74c9e3a-193e-4dbb-b5f5-b6805398d140,clusterId:f0f26617-5c27-4371-b446-298ac6c8687b,subject:scm-sub@localhost
2024-04-16 13:47:04,522 [main] INFO  ozone.OzoneSecurityUtil (OzoneSecurityUtil.java:getValidInetsForCurrentHost(119)) - ip:fe80:0:0:0:20d:3aff:fed3:5b6b%eth0 not returned.
2024-04-16 13:47:04,522 [main] INFO  ozone.OzoneSecurityUtil (OzoneSecurityUtil.java:getValidInetsForCurrentHost(116)) - Adding ip:10.1.0.24,host:fv-az1428-817.utppd1leec2uvmgjoennxb5ynh.ex.internal.cloudapp.net
2024-04-16 13:47:04,522 [main] INFO  ozone.OzoneSecurityUtil (OzoneSecurityUtil.java:getValidInetsForCurrentHost(119)) - ip:0:0:0:0:0:0:0:1%lo not returned.
2024-04-16 13:47:04,523 [main] INFO  ozone.OzoneSecurityUtil (OzoneSecurityUtil.java:getValidInetsForCurrentHost(119)) - ip:127.0.0.1 not returned.
2024-04-16 13:47:04,550 [Socket Reader #1 for port 15002] INFO  ipc.Server (Server.java:saslProcess(2139)) - Auth successful for scm/fv-az1428-817.utppd1leec2uvmgjoennxb5ynh.ex.internal.cloudapp.net@EXAMPLE.COM (auth:KERBEROS) from fv-az1428-817.utppd1leec2uvmgjoennxb5ynh.ex.internal.cloudapp.net:33665 / 10.1.0.24:33665
2024-04-16 13:47:04,554 [Socket Reader #1 for port 15002] INFO  authorize.ServiceAuthorizationManager (ServiceAuthorizationManager.java:authorize(137)) - Authorization successful for scm/fv-az1428-817.utppd1leec2uvmgjoennxb5ynh.ex.internal.cloudapp.net@EXAMPLE.COM (auth:KERBEROS) for protocol=interface org.apache.hadoop.hdds.protocol.SCMSecurityProtocol
2024-04-16 13:47:04,554 [IPC Server handler 0 on default port 15002] INFO  server.SCMSecurityProtocolServer (SCMSecurityProtocolServer.java:getSCMCertificate(341)) - Processing CSR for scm localhost, nodeId: e74c9e3a-193e-4dbb-b5f5-b6805398d140
2024-04-16 13:47:04,560 [8dded7e3-77f4-42cf-91f8-4014f88a5819@group-298AC6C8687B-StateMachineUpdater] WARN  ha.SequenceIdGenerator (SequenceIdGenerator.java:allocateBatch(258)) - Failed to allocate a batch for CertificateId, expected lastId is 0, actual lastId is 2.
2024-04-16 13:47:04,564 [8dded7e3-77f4-42cf-91f8-4014f88a5819@group-298AC6C8687B-StateMachineUpdater] INFO  safemode.HealthyPipelineSafeModeRule (HealthyPipelineSafeModeRule.java:initializeRule(172)) - Refreshed total pipeline count is 0, healthy pipeline threshold count is 1
2024-04-16 13:47:04,567 [8dded7e3-77f4-42cf-91f8-4014f88a5819@group-298AC6C8687B-StateMachineUpdater] INFO  safemode.HealthyPipelineSafeModeRule (HealthyPipelineSafeModeRule.java:initializeRule(172)) - Refreshed total pipeline count is 0, healthy pipeline threshold count is 1
2024-04-16 13:47:04,568 [IPC Server handler 0 on default port 15002] INFO  ha.SequenceIdGenerator (SequenceIdGenerator.java:getNextId(145)) - Allocate a batch for CertificateId, change lastId from 2 to 3.
2024-04-16 13:47:04,572 [IPC Server handler 0 on default port 15002] INFO  authority.DefaultApprover (DefaultApprover.java:sign(157)) - Extensions in CSR: 2.5.29.19, 2.5.29.15, 2.5.29.17
2024-04-16 13:47:04,572 [IPC Server handler 0 on default port 15002] INFO  authority.DefaultApprover (DefaultApprover.java:sign(161)) - Extensions to add to the certificate if they present in CSR: 2.5.29.17, 2.5.29.19, 1.3.6.1.5.5.7.1.12, 2.5.29.35, 2.5.29.37, 2.5.29.15
2024-04-16 13:47:04,615 [scmNode-1-SecretKeyManagerService] INFO  symmetric.SecretKeyManager (SecretKeyManager.java:checkAndRotate(125)) - SecretKey rotation is happening, new key generated SecretKey(id = ac41737f-2f04-4cbf-86c9-541d82fcba77, creation at: 2024-04-16T13:47:04.615Z, expire at: 2024-04-16T13:47:07.615Z)
2024-04-16 13:47:04,617 [8dded7e3-77f4-42cf-91f8-4014f88a5819@group-298AC6C8687B-StateMachineUpdater] INFO  symmetric.SecretKeyStateImpl (SecretKeyStateImpl.java:updateKeysInternal(113)) - Updating keys with [SecretKey(id = 5e930dc6-7b6c-4a52-96a8-e1bb1ff945e8, creation at: 2024-04-16T13:47:03.615Z, expire at: 2024-04-16T13:47:06.615Z), SecretKey(id = 06cd2af1-f0ea-4b52-b418-8de4bdeaee63, creation at: 2024-04-16T13:47:02.615Z, expire at: 2024-04-16T13:47:05.615Z), SecretKey(id = 2069e43e-eaff-4449-b65e-0238d1856071, creation at: 2024-04-16T13:47:01.615Z, expire at: 2024-04-16T13:47:04.615Z), SecretKey(id = ac41737f-2f04-4cbf-86c9-541d82fcba77, creation at: 2024-04-16T13:47:04.615Z, expire at: 2024-04-16T13:47:07.615Z)]
2024-04-16 13:47:04,618 [8dded7e3-77f4-42cf-91f8-4014f88a5819@group-298AC6C8687B-StateMachineUpdater] INFO  symmetric.SecretKeyStateImpl (SecretKeyStateImpl.java:updateKeysInternal(128)) - Current key updated SecretKey(id = ac41737f-2f04-4cbf-86c9-541d82fcba77, creation at: 2024-04-16T13:47:04.615Z, expire at: 2024-04-16T13:47:07.615Z)
2024-04-16 13:47:04,618 [8dded7e3-77f4-42cf-91f8-4014f88a5819@group-298AC6C8687B-StateMachineUpdater] INFO  symmetric.LocalSecretKeyStore (LocalSecretKeyStore.java:save(109)) - Saved [SecretKey(id = ac41737f-2f04-4cbf-86c9-541d82fcba77, creation at: 2024-04-16T13:47:04.615Z, expire at: 2024-04-16T13:47:07.615Z), SecretKey(id = 5e930dc6-7b6c-4a52-96a8-e1bb1ff945e8, creation at: 2024-04-16T13:47:03.615Z, expire at: 2024-04-16T13:47:06.615Z), SecretKey(id = 06cd2af1-f0ea-4b52-b418-8de4bdeaee63, creation at: 2024-04-16T13:47:02.615Z, expire at: 2024-04-16T13:47:05.615Z), SecretKey(id = 2069e43e-eaff-4449-b65e-0238d1856071, creation at: 2024-04-16T13:47:01.615Z, expire at: 2024-04-16T13:47:04.615Z)] to file /home/runner/work/ozone/ozone/hadoop-ozone/integration-test/target/test-dir/MiniOzoneClusterImpl-f0f26617-5c27-4371-b446-298ac6c8687b/scmNode-1/scm/keys/secret_keys.json
2024-04-16 13:47:04,619 [8dded7e3-77f4-42cf-91f8-4014f88a5819@group-298AC6C8687B-StateMachineUpdater] INFO  safemode.HealthyPipelineSafeModeRule (HealthyPipelineSafeModeRule.java:initializeRule(172)) - Refreshed total pipeline count is 0, healthy pipeline threshold count is 1
2024-04-16 13:47:04,872 [8dded7e3-77f4-42cf-91f8-4014f88a5819@group-298AC6C8687B-StateMachineUpdater] INFO  server.SCMCertStore (SCMCertStore.java:storeValidScmCertificate(122)) - Scm certificate 3 for CN=scm-sub@localhost,OU=e74c9e3a-193e-4dbb-b5f5-b6805398d140,O=f0f26617-5c27-4371-b446-298ac6c8687b,SERIALNUMBER=3 is stored
2024-04-16 13:47:04,873 [8dded7e3-77f4-42cf-91f8-4014f88a5819@group-298AC6C8687B-StateMachineUpdater] INFO  safemode.HealthyPipelineSafeModeRule (HealthyPipelineSafeModeRule.java:initializeRule(172)) - Refreshed total pipeline count is 0, healthy pipeline threshold count is 1
2024-04-16 13:47:04,893 [main] INFO  utils.CertificateCodec (CertificateCodec.java:writeCertificate(299)) - Save certificate to /home/runner/work/ozone/ozone/hadoop-ozone/integration-test/target/test-dir/MiniOzoneClusterImpl-f0f26617-5c27-4371-b446-298ac6c8687b/scmNode-2/scm/sub-ca/certs/CA-1.crt
2024-04-16 13:47:04,894 [main] INFO  utils.CertificateCodec (CertificateCodec.java:writeCertificate(300)) - Certificate -----BEGIN CERTIFICATE-----
MIIEADCCAuigAwIBAgIBATANBgkqhkiG9w0BAQsFADCBhjEaMBgGA1UEAwwRc2Nt
QGZ2LWF6MTQyOC04MTcxLTArBgNVBAsMJDhkZGVkN2UzLTc3ZjQtNDJjZi05MWY4
LTQwMTRmODhhNTgxOTEtMCsGA1UECgwkZjBmMjY2MTctNWMyNy00MzcxLWI0NDYt
Mjk4YWM2Yzg2ODdiMQowCAYDVQQFEwExMB4XDTI0MDQxNjEzNDY0N1oXDTI5MDUy
NTEzNDY0N1owgYYxGjAYBgNVBAMMEXNjbUBmdi1hejE0MjgtODE3MS0wKwYDVQQL
DCQ4ZGRlZDdlMy03N2Y0LTQyY2YtOTFmOC00MDE0Zjg4YTU4MTkxLTArBgNVBAoM
JGYwZjI2NjE3LTVjMjctNDM3MS1iNDQ2LTI5OGFjNmM4Njg3YjEKMAgGA1UEBRMB
MTCCASIwDQYJKoZIhvcNAQEBBQADggEPADCCAQoCggEBAMdtp7i7wP+lZLzZlPEE
4ziTdvjbCpGrdZCLChtSQLrdxV06GLmEabfobsvIMsZju2cUyDma9RiOA8urazjr
T0XTQxsX5BabB78z/T+NgoWRlUczqIHSvVsksGtE8jP1agbenXJsc36dgYwP2OrA
YNuB5W7gX4iDyfKvYYm0rMkCiiphA6H6b+3I0ClnzGY10hEpVJofQUBylhoECsgY
lDuq146wIl7tvx2SxLlonnuYJ390L+N4gLYbeynYK7dPFxflao+2lo3vrHohnh6L
ybpQEBDNGMHusj8xERdMNn+tF+KcZxPjaIXZF6JyLwh3tDmxaC39HljYjTDurvF6
JwUCAwEAAaN3MHUwDwYDVR0TAQH/BAUwAwEB/zAOBgNVHQ8BAf8EBAMCAQYwUgYD
VR0RBEswSYcECgEAGIJBZnYtYXoxNDI4LTgxNy51dHBwZDFsZWVjMnV2bWdqb2Vu
bnhiNXluaC5leC5pbnRlcm5hbC5jbG91ZGFwcC5uZXQwDQYJKoZIhvcNAQELBQAD
ggEBAFi/vd/JLFd80EHBkMWQiD/wOJF1uwJBiLVL0XjS+CHo9XKIvvVxlUbJKNLr
zNXby38x4g0M7eoVEhITlw3yuv3B/pv315rYWtagwSvKLJKElQwT75qQ5v47W1RA
oSHk50lTe9Hmf2ndT+JFGcvhTS495C5jP2eIXKKxZPA8CDZbT+/HNa0Q5/LB0ATk
MZTG1TfQ8e/B+vvXO7D6PNBvTOlb77jSmjPCF7NKUq0Q7lDf40auSUc4AnjkxUSg
MbqkVs+mMULzy7c5doSHogjqsYMXWJQkcQmZttuADrLD7ebFVoTA8PRw59oRULJ1
YRwiVFPoWUDsL88+Dl3P1mWZdYs=
-----END CERTIFICATE-----

2024-04-16 13:47:04,895 [main] INFO  utils.CertificateCodec (CertificateCodec.java:writeCertificate(299)) - Save certificate to /home/runner/work/ozone/ozone/hadoop-ozone/integration-test/target/test-dir/MiniOzoneClusterImpl-f0f26617-5c27-4371-b446-298ac6c8687b/scmNode-2/scm/sub-ca/certs/3.crt
2024-04-16 13:47:04,895 [main] INFO  utils.CertificateCodec (CertificateCodec.java:writeCertificate(300)) - Certificate -----BEGIN CERTIFICATE-----
MIIEADCCAuigAwIBAgIBAzANBgkqhkiG9w0BAQsFADCBhjEaMBgGA1UEAwwRc2Nt
QGZ2LWF6MTQyOC04MTcxLTArBgNVBAsMJDhkZGVkN2UzLTc3ZjQtNDJjZi05MWY4
LTQwMTRmODhhNTgxOTEtMCsGA1UECgwkZjBmMjY2MTctNWMyNy00MzcxLWI0NDYt
Mjk4YWM2Yzg2ODdiMQowCAYDVQQFEwExMB4XDTI0MDQxNjEzNDcwNFoXDTI5MDUy
NTEzNDcwNFowgYYxGjAYBgNVBAMMEXNjbS1zdWJAbG9jYWxob3N0MS0wKwYDVQQL
DCRlNzRjOWUzYS0xOTNlLTRkYmItYjVmNS1iNjgwNTM5OGQxNDAxLTArBgNVBAoM
JGYwZjI2NjE3LTVjMjctNDM3MS1iNDQ2LTI5OGFjNmM4Njg3YjEKMAgGA1UEBRMB
MzCCASIwDQYJKoZIhvcNAQEBBQADggEPADCCAQoCggEBAOVmwvp4eJHtzOFltqtP
0VgM5LTIzpDB8NiQw4EJZ4jvFRiOKeeZPp02Zw4JRsWxqF551JtqHxX/tgi48LF0
X92ab8X/+699vUgVf1rirN+NaPgqucgXq4mXobXKgXAccaMm4WQi0vz9znvkGQNs
UESpEtfcls2E4thwtXfJaGG2wJrKabpy1JMSyKCq/UQ4H0pTGpnUG9sRR6z0fqc3
Kfm9xxbFnP6eiMRK5ZNI33crEOeBzI0x+BXjqO0h5fDUbFLdZpBv35qahQRjqm8L
2OFE8L0PWvPNudz5PCd34FSuomQJ9saVJKVWoMX2Z8mS80p+4EIw2vhRn7xRubvw
VuUCAwEAAaN3MHUwUgYDVR0RBEswSYcECgEAGIJBZnYtYXoxNDI4LTgxNy51dHBw
ZDFsZWVjMnV2bWdqb2VubnhiNXluaC5leC5pbnRlcm5hbC5jbG91ZGFwcC5uZXQw
DwYDVR0TAQH/BAUwAwEB/zAOBgNVHQ8BAf8EBAMCAb4wDQYJKoZIhvcNAQELBQAD
ggEBAAfxY2OYIz8vFPS2oSd4A6cUYCyTHX8yd4nGu03MHIvat39upZr/bSi0F3QH
gajA01pbs4pAh+Q14I3I2vDSVs/LxELlOeM+x22Ohz6wv9UyInR+ZmAsf8a96vA5
b3yauLtDkyVUBF4xfHjLhmwQ5jAcr8rxBMWVmaJXlNPgmwSQ1c4EANQR+MGT14T/
CHY3LAVuOdagivDMTaydWwKAxrdQX9g7nyj2xjWY/e9MIDhlFJdIETrwuFDbWZML
FJZES26+A+nyaf8GdUYlkUrVit3mywhd+9SatburKS+ShoFyEobPtrGQ993nOhpf
V1u+b10prcuYOUZQL3Z6yLnuW4Y=
-----END CERTIFICATE-----

-----BEGIN CERTIFICATE-----
MIIEADCCAuigAwIBAgIBATANBgkqhkiG9w0BAQsFADCBhjEaMBgGA1UEAwwRc2Nt
QGZ2LWF6MTQyOC04MTcxLTArBgNVBAsMJDhkZGVkN2UzLTc3ZjQtNDJjZi05MWY4
LTQwMTRmODhhNTgxOTEtMCsGA1UECgwkZjBmMjY2MTctNWMyNy00MzcxLWI0NDYt
Mjk4YWM2Yzg2ODdiMQowCAYDVQQFEwExMB4XDTI0MDQxNjEzNDY0N1oXDTI5MDUy
NTEzNDY0N1owgYYxGjAYBgNVBAMMEXNjbUBmdi1hejE0MjgtODE3MS0wKwYDVQQL
DCQ4ZGRlZDdlMy03N2Y0LTQyY2YtOTFmOC00MDE0Zjg4YTU4MTkxLTArBgNVBAoM
JGYwZjI2NjE3LTVjMjctNDM3MS1iNDQ2LTI5OGFjNmM4Njg3YjEKMAgGA1UEBRMB
MTCCASIwDQYJKoZIhvcNAQEBBQADggEPADCCAQoCggEBAMdtp7i7wP+lZLzZlPEE
4ziTdvjbCpGrdZCLChtSQLrdxV06GLmEabfobsvIMsZju2cUyDma9RiOA8urazjr
T0XTQxsX5BabB78z/T+NgoWRlUczqIHSvVsksGtE8jP1agbenXJsc36dgYwP2OrA
YNuB5W7gX4iDyfKvYYm0rMkCiiphA6H6b+3I0ClnzGY10hEpVJofQUBylhoECsgY
lDuq146wIl7tvx2SxLlonnuYJ390L+N4gLYbeynYK7dPFxflao+2lo3vrHohnh6L
ybpQEBDNGMHusj8xERdMNn+tF+KcZxPjaIXZF6JyLwh3tDmxaC39HljYjTDurvF6
JwUCAwEAAaN3MHUwDwYDVR0TAQH/BAUwAwEB/zAOBgNVHQ8BAf8EBAMCAQYwUgYD
VR0RBEswSYcECgEAGIJBZnYtYXoxNDI4LTgxNy51dHBwZDFsZWVjMnV2bWdqb2Vu
bnhiNXluaC5leC5pbnRlcm5hbC5jbG91ZGFwcC5uZXQwDQYJKoZIhvcNAQELBQAD
ggEBAFi/vd/JLFd80EHBkMWQiD/wOJF1uwJBiLVL0XjS+CHo9XKIvvVxlUbJKNLr
zNXby38x4g0M7eoVEhITlw3yuv3B/pv315rYWtagwSvKLJKElQwT75qQ5v47W1RA
oSHk50lTe9Hmf2ndT+JFGcvhTS495C5jP2eIXKKxZPA8CDZbT+/HNa0Q5/LB0ATk
MZTG1TfQ8e/B+vvXO7D6PNBvTOlb77jSmjPCF7NKUq0Q7lDf40auSUc4AnjkxUSg
MbqkVs+mMULzy7c5doSHogjqsYMXWJQkcQmZttuADrLD7ebFVoTA8PRw59oRULJ1
YRwiVFPoWUDsL88+Dl3P1mWZdYs=
-----END CERTIFICATE-----

2024-04-16 13:47:04,895 [main] INFO  utils.CertificateCodec (CertificateCodec.java:writeCertificate(299)) - Save certificate to /home/runner/work/ozone/ozone/hadoop-ozone/integration-test/target/test-dir/MiniOzoneClusterImpl-f0f26617-5c27-4371-b446-298ac6c8687b/scmNode-2/scm/sub-ca/certs/certificate.crt
2024-04-16 13:47:04,896 [main] INFO  utils.CertificateCodec (CertificateCodec.java:writeCertificate(300)) - Certificate -----BEGIN CERTIFICATE-----
MIIEADCCAuigAwIBAgIBAzANBgkqhkiG9w0BAQsFADCBhjEaMBgGA1UEAwwRc2Nt
QGZ2LWF6MTQyOC04MTcxLTArBgNVBAsMJDhkZGVkN2UzLTc3ZjQtNDJjZi05MWY4
LTQwMTRmODhhNTgxOTEtMCsGA1UECgwkZjBmMjY2MTctNWMyNy00MzcxLWI0NDYt
Mjk4YWM2Yzg2ODdiMQowCAYDVQQFEwExMB4XDTI0MDQxNjEzNDcwNFoXDTI5MDUy
NTEzNDcwNFowgYYxGjAYBgNVBAMMEXNjbS1zdWJAbG9jYWxob3N0MS0wKwYDVQQL
DCRlNzRjOWUzYS0xOTNlLTRkYmItYjVmNS1iNjgwNTM5OGQxNDAxLTArBgNVBAoM
JGYwZjI2NjE3LTVjMjctNDM3MS1iNDQ2LTI5OGFjNmM4Njg3YjEKMAgGA1UEBRMB
MzCCASIwDQYJKoZIhvcNAQEBBQADggEPADCCAQoCggEBAOVmwvp4eJHtzOFltqtP
0VgM5LTIzpDB8NiQw4EJZ4jvFRiOKeeZPp02Zw4JRsWxqF551JtqHxX/tgi48LF0
X92ab8X/+699vUgVf1rirN+NaPgqucgXq4mXobXKgXAccaMm4WQi0vz9znvkGQNs
UESpEtfcls2E4thwtXfJaGG2wJrKabpy1JMSyKCq/UQ4H0pTGpnUG9sRR6z0fqc3
Kfm9xxbFnP6eiMRK5ZNI33crEOeBzI0x+BXjqO0h5fDUbFLdZpBv35qahQRjqm8L
2OFE8L0PWvPNudz5PCd34FSuomQJ9saVJKVWoMX2Z8mS80p+4EIw2vhRn7xRubvw
VuUCAwEAAaN3MHUwUgYDVR0RBEswSYcECgEAGIJBZnYtYXoxNDI4LTgxNy51dHBw
ZDFsZWVjMnV2bWdqb2VubnhiNXluaC5leC5pbnRlcm5hbC5jbG91ZGFwcC5uZXQw
DwYDVR0TAQH/BAUwAwEB/zAOBgNVHQ8BAf8EBAMCAb4wDQYJKoZIhvcNAQELBQAD
ggEBAAfxY2OYIz8vFPS2oSd4A6cUYCyTHX8yd4nGu03MHIvat39upZr/bSi0F3QH
gajA01pbs4pAh+Q14I3I2vDSVs/LxELlOeM+x22Ohz6wv9UyInR+ZmAsf8a96vA5
b3yauLtDkyVUBF4xfHjLhmwQ5jAcr8rxBMWVmaJXlNPgmwSQ1c4EANQR+MGT14T/
CHY3LAVuOdagivDMTaydWwKAxrdQX9g7nyj2xjWY/e9MIDhlFJdIETrwuFDbWZML
FJZES26+A+nyaf8GdUYlkUrVit3mywhd+9SatburKS+ShoFyEobPtrGQ993nOhpf
V1u+b10prcuYOUZQL3Z6yLnuW4Y=
-----END CERTIFICATE-----

-----BEGIN CERTIFICATE-----
MIIEADCCAuigAwIBAgIBATANBgkqhkiG9w0BAQsFADCBhjEaMBgGA1UEAwwRc2Nt
QGZ2LWF6MTQyOC04MTcxLTArBgNVBAsMJDhkZGVkN2UzLTc3ZjQtNDJjZi05MWY4
LTQwMTRmODhhNTgxOTEtMCsGA1UECgwkZjBmMjY2MTctNWMyNy00MzcxLWI0NDYt
Mjk4YWM2Yzg2ODdiMQowCAYDVQQFEwExMB4XDTI0MDQxNjEzNDY0N1oXDTI5MDUy
NTEzNDY0N1owgYYxGjAYBgNVBAMMEXNjbUBmdi1hejE0MjgtODE3MS0wKwYDVQQL
DCQ4ZGRlZDdlMy03N2Y0LTQyY2YtOTFmOC00MDE0Zjg4YTU4MTkxLTArBgNVBAoM
JGYwZjI2NjE3LTVjMjctNDM3MS1iNDQ2LTI5OGFjNmM4Njg3YjEKMAgGA1UEBRMB
MTCCASIwDQYJKoZIhvcNAQEBBQADggEPADCCAQoCggEBAMdtp7i7wP+lZLzZlPEE
4ziTdvjbCpGrdZCLChtSQLrdxV06GLmEabfobsvIMsZju2cUyDma9RiOA8urazjr
T0XTQxsX5BabB78z/T+NgoWRlUczqIHSvVsksGtE8jP1agbenXJsc36dgYwP2OrA
YNuB5W7gX4iDyfKvYYm0rMkCiiphA6H6b+3I0ClnzGY10hEpVJofQUBylhoECsgY
lDuq146wIl7tvx2SxLlonnuYJ390L+N4gLYbeynYK7dPFxflao+2lo3vrHohnh6L
ybpQEBDNGMHusj8xERdMNn+tF+KcZxPjaIXZF6JyLwh3tDmxaC39HljYjTDurvF6
JwUCAwEAAaN3MHUwDwYDVR0TAQH/BAUwAwEB/zAOBgNVHQ8BAf8EBAMCAQYwUgYD
VR0RBEswSYcECgEAGIJBZnYtYXoxNDI4LTgxNy51dHBwZDFsZWVjMnV2bWdqb2Vu
bnhiNXluaC5leC5pbnRlcm5hbC5jbG91ZGFwcC5uZXQwDQYJKoZIhvcNAQELBQAD
ggEBAFi/vd/JLFd80EHBkMWQiD/wOJF1uwJBiLVL0XjS+CHo9XKIvvVxlUbJKNLr
zNXby38x4g0M7eoVEhITlw3yuv3B/pv315rYWtagwSvKLJKElQwT75qQ5v47W1RA
oSHk50lTe9Hmf2ndT+JFGcvhTS495C5jP2eIXKKxZPA8CDZbT+/HNa0Q5/LB0ATk
MZTG1TfQ8e/B+vvXO7D6PNBvTOlb77jSmjPCF7NKUq0Q7lDf40auSUc4AnjkxUSg
MbqkVs+mMULzy7c5doSHogjqsYMXWJQkcQmZttuADrLD7ebFVoTA8PRw59oRULJ1
YRwiVFPoWUDsL88+Dl3P1mWZdYs=
-----END CERTIFICATE-----

2024-04-16 13:47:04,896 [main] INFO  client.SCMCertificateClient (SCMCertificateClient.java:recoverStateIfNeeded(296)) - Successfully stored SCM signed certificate.
2024-04-16 13:47:04,897 [main] INFO  server.StorageContainerManager (StorageContainerManager.java:scmBootstrap(1226)) - SCM BootStrap  is successful for ClusterID f0f26617-5c27-4371-b446-298ac6c8687b, SCMID e74c9e3a-193e-4dbb-b5f5-b6805398d140
2024-04-16 13:47:04,897 [main] INFO  server.StorageContainerManager (StorageContainerManager.java:scmBootstrap(1228)) - Primary SCM Node ID 8dded7e3-77f4-42cf-91f8-4014f88a5819
2024-04-16 13:47:04,898 [main] WARN  server.ServerUtils (ServerUtils.java:getScmDbDir(143)) - ozone.scm.db.dirs is not configured. We recommend adding this setting. Falling back to ozone.metadata.dirs instead.
2024-04-16 13:47:04,898 [main] INFO  ha.SCMHANodeDetails (SCMHANodeDetails.java:loadSCMHAConfig(207)) - ServiceID for StorageContainerManager is TestSecretKey
2024-04-16 13:47:04,898 [main] INFO  ha.SCMHANodeDetails (SCMHANodeDetails.java:loadSCMHAConfig(218)) - ServiceID for StorageContainerManager is TestSecretKey
2024-04-16 13:47:04,898 [main] WARN  scm.ScmUtils (ScmUtils.java:logWarn(192)) - ConfigKey ozone.scm.block.client.address is deprecated, For configuring different ports for each SCM use PortConfigKey ozone.scm.block.client.port appended with serviceId and nodeId. If want to configure same port configure ozone.scm.block.client.port
2024-04-16 13:47:04,899 [main] WARN  scm.ScmUtils (ScmUtils.java:logWarn(192)) - ConfigKey ozone.scm.client.address is deprecated, For configuring different ports for each SCM use PortConfigKey ozone.scm.client.port appended with serviceId and nodeId. If want to configure same port configure ozone.scm.client.port
2024-04-16 13:47:04,899 [main] WARN  scm.ScmUtils (ScmUtils.java:logWarn(192)) - ConfigKey ozone.scm.datanode.address is deprecated, For configuring different ports for each SCM use PortConfigKey ozone.scm.datanode.port appended with serviceId and nodeId. If want to configure same port configure ozone.scm.datanode.port
2024-04-16 13:47:04,899 [main] WARN  scm.ScmUtils (ScmUtils.java:logWarn(192)) - ConfigKey ozone.scm.block.client.address is deprecated, For configuring different ports for each SCM use PortConfigKey ozone.scm.block.client.port appended with serviceId and nodeId. If want to configure same port configure ozone.scm.block.client.port
2024-04-16 13:47:04,899 [main] WARN  scm.ScmUtils (ScmUtils.java:logWarn(192)) - ConfigKey ozone.scm.client.address is deprecated, For configuring different ports for each SCM use PortConfigKey ozone.scm.client.port appended with serviceId and nodeId. If want to configure same port configure ozone.scm.client.port
2024-04-16 13:47:04,900 [main] WARN  scm.ScmUtils (ScmUtils.java:logWarn(192)) - ConfigKey ozone.scm.datanode.address is deprecated, For configuring different ports for each SCM use PortConfigKey ozone.scm.datanode.port appended with serviceId and nodeId. If want to configure same port configure ozone.scm.datanode.port
2024-04-16 13:47:04,900 [main] INFO  ha.SCMHANodeDetails (SCMHANodeDetails.java:loadSCMHAConfig(305)) - Found matching SCM address with SCMServiceId: TestSecretKey, SCMNodeId: scmNode-2, RPC Address: localhost:15011 and Ratis port: 15011
2024-04-16 13:47:04,900 [main] INFO  ha.SCMHANodeDetails (ConfUtils.java:setNodeSpecificConfigs(97)) - Setting configuration key ozone.scm.datanode.address with value of key ozone.scm.datanode.address.TestSecretKey.scmNode-2: 127.0.0.1:15012
2024-04-16 13:47:04,900 [main] INFO  ha.SCMHANodeDetails (ConfUtils.java:setNodeSpecificConfigs(97)) - Setting configuration key ozone.scm.block.client.address with value of key ozone.scm.block.client.address.TestSecretKey.scmNode-2: 127.0.0.1:15015
2024-04-16 13:47:04,901 [main] INFO  ha.SCMHANodeDetails (ConfUtils.java:setNodeSpecificConfigs(97)) - Setting configuration key ozone.scm.client.address with value of key ozone.scm.client.address.TestSecretKey.scmNode-2: 127.0.0.1:15013
2024-04-16 13:47:04,901 [main] INFO  ha.SCMHANodeDetails (ConfUtils.java:setNodeSpecificConfigs(97)) - Setting configuration key ozone.scm.security.service.address with value of key ozone.scm.security.service.address.TestSecretKey.scmNode-2: 127.0.0.1:15010
2024-04-16 13:47:04,901 [main] INFO  ha.SCMHANodeDetails (ConfUtils.java:setNodeSpecificConfigs(97)) - Setting configuration key ozone.scm.ratis.port with value of key ozone.scm.ratis.port.TestSecretKey.scmNode-2: 15011
2024-04-16 13:47:04,901 [main] INFO  ha.SCMHANodeDetails (ConfUtils.java:setNodeSpecificConfigs(97)) - Setting configuration key ozone.scm.grpc.port with value of key ozone.scm.grpc.port.TestSecretKey.scmNode-2: 15014
2024-04-16 13:47:04,901 [main] INFO  ha.SCMHANodeDetails (ConfUtils.java:setNodeSpecificConfigs(97)) - Setting configuration key ozone.scm.http-address with value of key ozone.scm.http-address.TestSecretKey.scmNode-2: 127.0.0.1:15008
2024-04-16 13:47:04,902 [main] INFO  ha.SCMHANodeDetails (ConfUtils.java:setNodeSpecificConfigs(97)) - Setting configuration key ozone.scm.https-address with value of key ozone.scm.https-address.TestSecretKey.scmNode-2: 127.0.0.1:15009
2024-04-16 13:47:04,902 [main] INFO  ha.SCMHANodeDetails (ConfUtils.java:setNodeSpecificConfigs(97)) - Setting configuration key ozone.scm.address with value of key ozone.scm.address.TestSecretKey.scmNode-2: 127.0.0.1
2024-04-16 13:47:04,902 [main] WARN  scm.ScmUtils (ScmUtils.java:logWarn(192)) - ConfigKey ozone.scm.block.client.address is deprecated, For configuring different ports for each SCM use PortConfigKey ozone.scm.block.client.port appended with serviceId and nodeId. If want to configure same port configure ozone.scm.block.client.port
2024-04-16 13:47:04,903 [main] WARN  scm.ScmUtils (ScmUtils.java:logWarn(192)) - ConfigKey ozone.scm.client.address is deprecated, For configuring different ports for each SCM use PortConfigKey ozone.scm.client.port appended with serviceId and nodeId. If want to configure same port configure ozone.scm.client.port
2024-04-16 13:47:04,903 [main] WARN  scm.ScmUtils (ScmUtils.java:logWarn(192)) - ConfigKey ozone.scm.datanode.address is deprecated, For configuring different ports for each SCM use PortConfigKey ozone.scm.datanode.port appended with serviceId and nodeId. If want to configure same port configure ozone.scm.datanode.port
2024-04-16 13:47:04,905 [main] INFO  ha.SCMNodeInfo (SCMNodeInfo.java:getPort(197)) - ConfigKey ozone.scm.client.address is deprecated, For configuring different ports for each SCM use PortConfigKey ozone.scm.client.port appended with serviceId and nodeId
2024-04-16 13:47:04,906 [main] INFO  ha.SCMNodeInfo (SCMNodeInfo.java:getPort(197)) - ConfigKey ozone.scm.block.client.address is deprecated, For configuring different ports for each SCM use PortConfigKey ozone.scm.block.client.port appended with serviceId and nodeId
2024-04-16 13:47:04,906 [main] INFO  ha.SCMNodeInfo (SCMNodeInfo.java:getPort(197)) - ConfigKey ozone.scm.security.service.address is deprecated, For configuring different ports for each SCM use PortConfigKey ozone.scm.security.service.port appended with serviceId and nodeId
2024-04-16 13:47:04,906 [main] INFO  ha.SCMNodeInfo (SCMNodeInfo.java:getPort(197)) - ConfigKey ozone.scm.datanode.address is deprecated, For configuring different ports for each SCM use PortConfigKey ozone.scm.datanode.port appended with serviceId and nodeId
2024-04-16 13:47:04,906 [main] INFO  ha.SCMNodeInfo (SCMNodeInfo.java:getPort(197)) - ConfigKey ozone.scm.client.address is deprecated, For configuring different ports for each SCM use PortConfigKey ozone.scm.client.port appended with serviceId and nodeId
2024-04-16 13:47:04,907 [main] INFO  ha.SCMNodeInfo (SCMNodeInfo.java:getPort(197)) - ConfigKey ozone.scm.block.client.address is deprecated, For configuring different ports for each SCM use PortConfigKey ozone.scm.block.client.port appended with serviceId and nodeId
2024-04-16 13:47:04,907 [main] INFO  ha.SCMNodeInfo (SCMNodeInfo.java:getPort(197)) - ConfigKey ozone.scm.security.service.address is deprecated, For configuring different ports for each SCM use PortConfigKey ozone.scm.security.service.port appended with serviceId and nodeId
2024-04-16 13:47:04,907 [main] INFO  ha.SCMNodeInfo (SCMNodeInfo.java:getPort(197)) - ConfigKey ozone.scm.datanode.address is deprecated, For configuring different ports for each SCM use PortConfigKey ozone.scm.datanode.port appended with serviceId and nodeId
2024-04-16 13:47:04,907 [main] INFO  ha.SCMNodeInfo (SCMNodeInfo.java:getPort(197)) - ConfigKey ozone.scm.client.address is deprecated, For configuring different ports for each SCM use PortConfigKey ozone.scm.client.port appended with serviceId and nodeId
2024-04-16 13:47:04,908 [main] INFO  ha.SCMNodeInfo (SCMNodeInfo.java:getPort(197)) - ConfigKey ozone.scm.block.client.address is deprecated, For configuring different ports for each SCM use PortConfigKey ozone.scm.block.client.port appended with serviceId and nodeId
2024-04-16 13:47:04,908 [main] INFO  ha.SCMNodeInfo (SCMNodeInfo.java:getPort(197)) - ConfigKey ozone.scm.security.service.address is deprecated, For configuring different ports for each SCM use PortConfigKey ozone.scm.security.service.port appended with serviceId and nodeId
2024-04-16 13:47:04,908 [main] INFO  ha.SCMNodeInfo (SCMNodeInfo.java:getPort(197)) - ConfigKey ozone.scm.datanode.address is deprecated, For configuring different ports for each SCM use PortConfigKey ozone.scm.datanode.port appended with serviceId and nodeId
2024-04-16 13:47:04,910 [pool-1-thread-1] INFO  request.KdcRequest (KdcRequest.java:preauth(651)) - The preauth data is empty.
2024-04-16 13:47:04,911 [pool-1-thread-1] INFO  server.KdcHandler (KdcHandler.java:handleRecoverableException(177)) - KRB error occurred while processing request:Additional pre-authentication required
2024-04-16 13:47:04,916 [pool-1-thread-1] INFO  request.AsRequest (AsRequest.java:issueTicket(112)) - AS_REQ ISSUE: authtime 1713275224915,scm/fv-az1428-817.utppd1leec2uvmgjoennxb5ynh.ex.internal.cloudapp.net@EXAMPLE.COM for krbtgt/EXAMPLE.COM@EXAMPLE.COM
2024-04-16 13:47:04,918 [main] INFO  security.UserGroupInformation (UserGroupInformation.java:loginUserFromKeytab(1132)) - Login successful for user scm/fv-az1428-817.utppd1leec2uvmgjoennxb5ynh.ex.internal.cloudapp.net@EXAMPLE.COM using keytab file scm.keytab. Keytab auto renewal enabled : false
2024-04-16 13:47:04,918 [main] INFO  server.StorageContainerManager (StorageContainerManager.java:loginAsSCMUserIfSecurityEnabled(1075)) - SCM login successful.
2024-04-16 13:47:04,920 [main] INFO  ha.SCMNodeInfo (SCMNodeInfo.java:getPort(197)) - ConfigKey ozone.scm.client.address is deprecated, For configuring different ports for each SCM use PortConfigKey ozone.scm.client.port appended with serviceId and nodeId
2024-04-16 13:47:04,920 [main] INFO  ha.SCMNodeInfo (SCMNodeInfo.java:getPort(197)) - ConfigKey ozone.scm.block.client.address is deprecated, For configuring different ports for each SCM use PortConfigKey ozone.scm.block.client.port appended with serviceId and nodeId
2024-04-16 13:47:04,921 [main] INFO  ha.SCMNodeInfo (SCMNodeInfo.java:getPort(197)) - ConfigKey ozone.scm.security.service.address is deprecated, For configuring different ports for each SCM use PortConfigKey ozone.scm.security.service.port appended with serviceId and nodeId
2024-04-16 13:47:04,921 [main] INFO  ha.SCMNodeInfo (SCMNodeInfo.java:getPort(197)) - ConfigKey ozone.scm.datanode.address is deprecated, For configuring different ports for each SCM use PortConfigKey ozone.scm.datanode.port appended with serviceId and nodeId
2024-04-16 13:47:04,921 [main] INFO  ha.SCMNodeInfo (SCMNodeInfo.java:getPort(197)) - ConfigKey ozone.scm.client.address is deprecated, For configuring different ports for each SCM use PortConfigKey ozone.scm.client.port appended with serviceId and nodeId
2024-04-16 13:47:04,921 [main] INFO  ha.SCMNodeInfo (SCMNodeInfo.java:getPort(197)) - ConfigKey ozone.scm.block.client.address is deprecated, For configuring different ports for each SCM use PortConfigKey ozone.scm.block.client.port appended with serviceId and nodeId
2024-04-16 13:47:04,922 [main] INFO  ha.SCMNodeInfo (SCMNodeInfo.java:getPort(197)) - ConfigKey ozone.scm.security.service.address is deprecated, For configuring different ports for each SCM use PortConfigKey ozone.scm.security.service.port appended with serviceId and nodeId
2024-04-16 13:47:04,922 [main] INFO  ha.SCMNodeInfo (SCMNodeInfo.java:getPort(197)) - ConfigKey ozone.scm.datanode.address is deprecated, For configuring different ports for each SCM use PortConfigKey ozone.scm.datanode.port appended with serviceId and nodeId
2024-04-16 13:47:04,922 [main] INFO  ha.SCMNodeInfo (SCMNodeInfo.java:getPort(197)) - ConfigKey ozone.scm.client.address is deprecated, For configuring different ports for each SCM use PortConfigKey ozone.scm.client.port appended with serviceId and nodeId
2024-04-16 13:47:04,922 [main] INFO  ha.SCMNodeInfo (SCMNodeInfo.java:getPort(197)) - ConfigKey ozone.scm.block.client.address is deprecated, For configuring different ports for each SCM use PortConfigKey ozone.scm.block.client.port appended with serviceId and nodeId
2024-04-16 13:47:04,922 [main] INFO  ha.SCMNodeInfo (SCMNodeInfo.java:getPort(197)) - ConfigKey ozone.scm.security.service.address is deprecated, For configuring different ports for each SCM use PortConfigKey ozone.scm.security.service.port appended with serviceId and nodeId
2024-04-16 13:47:04,923 [main] INFO  ha.SCMNodeInfo (SCMNodeInfo.java:getPort(197)) - ConfigKey ozone.scm.datanode.address is deprecated, For configuring different ports for each SCM use PortConfigKey ozone.scm.datanode.port appended with serviceId and nodeId
2024-04-16 13:47:04,923 [main] INFO  ha.SCMNodeInfo (SCMNodeInfo.java:getPort(197)) - ConfigKey ozone.scm.client.address is deprecated, For configuring different ports for each SCM use PortConfigKey ozone.scm.client.port appended with serviceId and nodeId
2024-04-16 13:47:04,924 [main] INFO  ha.SCMNodeInfo (SCMNodeInfo.java:getPort(197)) - ConfigKey ozone.scm.block.client.address is deprecated, For configuring different ports for each SCM use PortConfigKey ozone.scm.block.client.port appended with serviceId and nodeId
2024-04-16 13:47:04,924 [main] INFO  ha.SCMNodeInfo (SCMNodeInfo.java:getPort(197)) - ConfigKey ozone.scm.security.service.address is deprecated, For configuring different ports for each SCM use PortConfigKey ozone.scm.security.service.port appended with serviceId and nodeId
2024-04-16 13:47:04,924 [main] INFO  ha.SCMNodeInfo (SCMNodeInfo.java:getPort(197)) - ConfigKey ozone.scm.datanode.address is deprecated, For configuring different ports for each SCM use PortConfigKey ozone.scm.datanode.port appended with serviceId and nodeId
2024-04-16 13:47:04,924 [main] INFO  ha.SCMNodeInfo (SCMNodeInfo.java:getPort(197)) - ConfigKey ozone.scm.client.address is deprecated, For configuring different ports for each SCM use PortConfigKey ozone.scm.client.port appended with serviceId and nodeId
2024-04-16 13:47:04,924 [main] INFO  ha.SCMNodeInfo (SCMNodeInfo.java:getPort(197)) - ConfigKey ozone.scm.block.client.address is deprecated, For configuring different ports for each SCM use PortConfigKey ozone.scm.block.client.port appended with serviceId and nodeId
2024-04-16 13:47:04,925 [main] INFO  ha.SCMNodeInfo (SCMNodeInfo.java:getPort(197)) - ConfigKey ozone.scm.security.service.address is deprecated, For configuring different ports for each SCM use PortConfigKey ozone.scm.security.service.port appended with serviceId and nodeId
2024-04-16 13:47:04,925 [main] INFO  ha.SCMNodeInfo (SCMNodeInfo.java:getPort(197)) - ConfigKey ozone.scm.datanode.address is deprecated, For configuring different ports for each SCM use PortConfigKey ozone.scm.datanode.port appended with serviceId and nodeId
2024-04-16 13:47:04,925 [main] INFO  ha.SCMNodeInfo (SCMNodeInfo.java:getPort(197)) - ConfigKey ozone.scm.client.address is deprecated, For configuring different ports for each SCM use PortConfigKey ozone.scm.client.port appended with serviceId and nodeId
2024-04-16 13:47:04,925 [main] INFO  ha.SCMNodeInfo (SCMNodeInfo.java:getPort(197)) - ConfigKey ozone.scm.block.client.address is deprecated, For configuring different ports for each SCM use PortConfigKey ozone.scm.block.client.port appended with serviceId and nodeId
2024-04-16 13:47:04,926 [main] INFO  ha.SCMNodeInfo (SCMNodeInfo.java:getPort(197)) - ConfigKey ozone.scm.security.service.address is deprecated, For configuring different ports for each SCM use PortConfigKey ozone.scm.security.service.port appended with serviceId and nodeId
2024-04-16 13:47:04,926 [main] INFO  ha.SCMNodeInfo (SCMNodeInfo.java:getPort(197)) - ConfigKey ozone.scm.datanode.address is deprecated, For configuring different ports for each SCM use PortConfigKey ozone.scm.datanode.port appended with serviceId and nodeId
2024-04-16 13:47:04,926 [main] INFO  client.SCMCertificateClient (DefaultCertificateClient.java:updateCertSerialId(1313)) - Certificate serial ID set to 3
2024-04-16 13:47:04,928 [main] INFO  client.SCMCertificateClient (DefaultCertificateClient.java:readCertificateFile(248)) - Added certificate 3 from file: /home/runner/work/ozone/ozone/hadoop-ozone/integration-test/target/test-dir/MiniOzoneClusterImpl-f0f26617-5c27-4371-b446-298ac6c8687b/scmNode-2/scm/sub-ca/certs/certificate.crt.
2024-04-16 13:47:04,929 [main] INFO  client.SCMCertificateClient (DefaultCertificateClient.java:readCertificateFile(248)) - Added certificate 1 from file: /home/runner/work/ozone/ozone/hadoop-ozone/integration-test/target/test-dir/MiniOzoneClusterImpl-f0f26617-5c27-4371-b446-298ac6c8687b/scmNode-2/scm/sub-ca/certs/CA-1.crt.
2024-04-16 13:47:04,930 [main] INFO  client.SCMCertificateClient (DefaultCertificateClient.java:readCertificateFile(248)) - Added certificate 3 from file: /home/runner/work/ozone/ozone/hadoop-ozone/integration-test/target/test-dir/MiniOzoneClusterImpl-f0f26617-5c27-4371-b446-298ac6c8687b/scmNode-2/scm/sub-ca/certs/3.crt.
2024-04-16 13:47:04,931 [main] INFO  client.SCMCertificateClient (DefaultCertificateClient.java:loadAllCertificates(197)) - CertificateRenewerService and root ca rotation polling is disabled for scm/sub-ca
2024-04-16 13:47:04,931 [main] WARN  utils.HAUtils (HAUtils.java:getMetaDir(339)) - ozone.scm.db.dirs is not configured. We recommend adding this setting. Falling back to ozone.metadata.dirs instead.
2024-04-16 13:47:04,932 [main] WARN  db.DBStoreBuilder (DBStoreBuilder.java:applyDBDefinition(171)) - ozone.scm.db.dirs is not configured. We recommend adding this setting. Falling back to ozone.metadata.dirs instead.
2024-04-16 13:47:05,050 [main] INFO  net.NodeSchemaLoader (NodeSchemaLoader.java:loadSchemaFromFile(129)) - Loading schema from [file:/home/runner/work/ozone/ozone/hadoop-hdds/common/target/classes/network-topology-default.xml]
2024-04-16 13:47:05,050 [main] INFO  net.NodeSchemaLoader (NodeSchemaLoader.java:loadSchema(176)) - Loading network topology layer schema file
2024-04-16 13:47:05,053 [main] WARN  dropwizard3.Dm3MetricRegistriesImpl (Dm3MetricRegistriesImpl.java:addReporterRegistration(113)) - New reporters are added after registries were created. Some metrics will be missing from the reporter. Please add reporter before adding any new registry.
2024-04-16 13:47:05,053 [main] WARN  dropwizard3.Dm3MetricRegistriesImpl (Dm3MetricRegistriesImpl.java:addReporterRegistration(113)) - New reporters are added after registries were created. Some metrics will be missing from the reporter. Please add reporter before adding any new registry.
2024-04-16 13:47:05,072 [main] INFO  ha.SCMRatisServerImpl (SCMRatisServerImpl.java:<init>(99)) - starting Raft server for scm:e74c9e3a-193e-4dbb-b5f5-b6805398d140
2024-04-16 13:47:05,074 [main] INFO  server.RaftServer (ConfUtils.java:logGet(46)) - raft.rpc.type = GRPC (default)
2024-04-16 13:47:05,075 [main] INFO  grpc.GrpcConfigKeys (ConfUtils.java:logFallback(53)) - raft.grpc.admin.host = null (fallback to raft.grpc.server.host)
2024-04-16 13:47:05,075 [main] INFO  grpc.GrpcConfigKeys (ConfUtils.java:logFallback(53)) - raft.grpc.admin.port = 15011 (fallback to raft.grpc.server.port)
2024-04-16 13:47:05,075 [main] INFO  grpc.GrpcConfigKeys (ConfUtils.java:logFallback(53)) - raft.grpc.client.host = null (fallback to raft.grpc.server.host)
2024-04-16 13:47:05,076 [main] INFO  grpc.GrpcConfigKeys (ConfUtils.java:logFallback(53)) - raft.grpc.client.port = 15011 (fallback to raft.grpc.server.port)
2024-04-16 13:47:05,076 [main] INFO  grpc.GrpcConfigKeys (ConfUtils.java:logGet(46)) - raft.grpc.server.host = null (default)
2024-04-16 13:47:05,076 [main] INFO  grpc.GrpcConfigKeys (ConfUtils.java:logGet(46)) - raft.grpc.server.port = 15011 (custom)
2024-04-16 13:47:05,076 [main] INFO  server.GrpcService (ConfUtils.java:logGet(46)) - raft.grpc.message.size.max = 32m (=33554432) (custom)
2024-04-16 13:47:05,077 [main] INFO  server.RaftServerConfigKeys (ConfUtils.java:logGet(46)) - raft.server.log.appender.buffer.byte-limit = 4194304 (custom)
2024-04-16 13:47:05,077 [main] INFO  server.GrpcService (ConfUtils.java:logGet(46)) - raft.grpc.flow.control.window = 1MB (=1048576) (default)
2024-04-16 13:47:05,077 [main] INFO  server.RaftServerConfigKeys (ConfUtils.java:logGet(46)) - raft.server.rpc.request.timeout = 30000ms (custom)
2024-04-16 13:47:05,077 [main] INFO  grpc.GrpcConfigKeys (ConfUtils.java:logGet(46)) - raft.grpc.server.heartbeat.channel = true (default)
2024-04-16 13:47:05,078 [main] INFO  grpc.GrpcConfigKeys (ConfUtils.java:logGet(46)) - raft.grpc.server.async.request.thread.pool.cached = true (default)
2024-04-16 13:47:05,078 [main] INFO  grpc.GrpcConfigKeys (ConfUtils.java:logGet(46)) - raft.grpc.server.async.request.thread.pool.size = 32 (default)
2024-04-16 13:47:05,080 [main] INFO  impl.DataStreamServerImpl (ConfUtils.java:logGet(46)) - raft.datastream.type = DISABLED (default)
2024-04-16 13:47:05,080 [main] INFO  server.RaftServerConfigKeys (ConfUtils.java:logGet(46)) - raft.server.sleep.deviation.threshold = 300ms (default)
2024-04-16 13:47:05,081 [main] INFO  server.RaftServerConfigKeys (ConfUtils.java:logGet(46)) - raft.server.close.threshold = 60s (default)
2024-04-16 13:47:05,081 [main] INFO  server.RaftServerConfigKeys (ConfUtils.java:logGet(46)) - raft.server.leaderelection.leader.step-down.wait-time = 10s (default)
2024-04-16 13:47:05,081 [main] INFO  server.RaftServerConfigKeys (ConfUtils.java:logGet(46)) - raft.server.storage.dir = [/home/runner/work/ozone/ozone/hadoop-ozone/integration-test/target/test-dir/MiniOzoneClusterImpl-f0f26617-5c27-4371-b446-298ac6c8687b/scmNode-2/scm-ha] (custom)
2024-04-16 13:47:05,082 [main] INFO  server.RaftServerConfigKeys (ConfUtils.java:logGet(46)) - raft.server.threadpool.proxy.cached = true (default)
2024-04-16 13:47:05,082 [main] INFO  server.RaftServerConfigKeys (ConfUtils.java:logGet(46)) - raft.server.threadpool.proxy.size = 0 (default)
2024-04-16 13:47:05,083 [main] INFO  server.RaftServer (RaftServerProxy.java:addNew(100)) - e74c9e3a-193e-4dbb-b5f5-b6805398d140: addNew group-298AC6C8687B:[] returns group-298AC6C8687B:java.util.concurrent.CompletableFuture@70b716a8[Not completed]
2024-04-16 13:47:05,083 [e74c9e3a-193e-4dbb-b5f5-b6805398d140-groupManagement] INFO  server.RaftServer$Division (RaftServerImpl.java:<init>(256)) - e74c9e3a-193e-4dbb-b5f5-b6805398d140: new RaftServerImpl for group-298AC6C8687B:[] with SCMStateMachine:uninitialized
2024-04-16 13:47:05,083 [e74c9e3a-193e-4dbb-b5f5-b6805398d140-groupManagement] INFO  server.RaftServerConfigKeys (ConfUtils.java:logGet(46)) - raft.server.rpc.timeout.min = 5000ms (custom)
2024-04-16 13:47:05,083 [e74c9e3a-193e-4dbb-b5f5-b6805398d140-groupManagement] INFO  server.RaftServerConfigKeys (ConfUtils.java:logGet(46)) - raft.server.rpc.timeout.max = 5200ms (custom)
2024-04-16 13:47:05,083 [e74c9e3a-193e-4dbb-b5f5-b6805398d140-groupManagement] INFO  server.RaftServerConfigKeys (ConfUtils.java:logGet(46)) - raft.server.rpc.sleep.time = 25ms (default)
2024-04-16 13:47:05,083 [e74c9e3a-193e-4dbb-b5f5-b6805398d140-groupManagement] INFO  server.RaftServerConfigKeys (ConfUtils.java:logGet(46)) - raft.server.rpc.slowness.timeout = 120000ms (custom)
2024-04-16 13:47:05,088 [e74c9e3a-193e-4dbb-b5f5-b6805398d140-groupManagement] INFO  server.RaftServerConfigKeys (ConfUtils.java:logGet(46)) - raft.server.leaderelection.leader.step-down.wait-time = 10s (default)
2024-04-16 13:47:05,089 [e74c9e3a-193e-4dbb-b5f5-b6805398d140-groupManagement] INFO  server.RaftServerConfigKeys (ConfUtils.java:logGet(46)) - raft.server.leaderelection.member.majority-add = false (default)
2024-04-16 13:47:05,089 [e74c9e3a-193e-4dbb-b5f5-b6805398d140-groupManagement] INFO  server.RaftServerConfigKeys (ConfUtils.java:logGet(46)) - raft.server.sleep.deviation.threshold = 300ms (default)
2024-04-16 13:47:05,090 [e74c9e3a-193e-4dbb-b5f5-b6805398d140-groupManagement] INFO  server.RaftServer$Division (ServerState.java:<init>(113)) - e74c9e3a-193e-4dbb-b5f5-b6805398d140@group-298AC6C8687B: ConfigurationManager, init=-1: peers:[]|listeners:[], old=null, confs=<EMPTY_MAP>
2024-04-16 13:47:05,090 [e74c9e3a-193e-4dbb-b5f5-b6805398d140-groupManagement] INFO  server.RaftServerConfigKeys (ConfUtils.java:logGet(46)) - raft.server.notification.no-leader.timeout = 60s (default)
2024-04-16 13:47:05,090 [e74c9e3a-193e-4dbb-b5f5-b6805398d140-groupManagement] INFO  server.RaftServerConfigKeys (ConfUtils.java:logGet(46)) - raft.server.read.timeout = 10s (default)
2024-04-16 13:47:05,091 [e74c9e3a-193e-4dbb-b5f5-b6805398d140-groupManagement] INFO  server.RaftServerConfigKeys (ConfUtils.java:logGet(46)) - raft.server.retrycache.expirytime = 60000ms (default)
2024-04-16 13:47:05,091 [e74c9e3a-193e-4dbb-b5f5-b6805398d140-groupManagement] INFO  server.RaftServerConfigKeys (ConfUtils.java:logGet(46)) - raft.server.retrycache.statistics.expirytime = 100ms (default)
2024-04-16 13:47:05,092 [e74c9e3a-193e-4dbb-b5f5-b6805398d140-groupManagement] INFO  server.RaftServerConfigKeys (ConfUtils.java:logGet(46)) - raft.server.read.option = DEFAULT (default)
2024-04-16 13:47:05,092 [e74c9e3a-193e-4dbb-b5f5-b6805398d140-groupManagement] INFO  server.RaftServerConfigKeys (ConfUtils.java:logGet(46)) - raft.server.read.read-after-write-consistent.write-index-cache.expiry-time = 60s (default)
2024-04-16 13:47:05,097 [e74c9e3a-193e-4dbb-b5f5-b6805398d140-groupManagement] INFO  server.RaftServerConfigKeys (ConfUtils.java:logGet(46)) - raft.server.rpc.request.timeout = 30000ms (custom)
2024-04-16 13:47:05,098 [e74c9e3a-193e-4dbb-b5f5-b6805398d140-groupManagement] INFO  server.RaftServerConfigKeys (ConfUtils.java:logGet(46)) - raft.server.log.appender.install.snapshot.enabled = false (custom)
2024-04-16 13:47:05,098 [e74c9e3a-193e-4dbb-b5f5-b6805398d140-groupManagement] INFO  server.RaftServerConfigKeys (ConfUtils.java:logGet(46)) - raft.server.threadpool.server.cached = true (default)
2024-04-16 13:47:05,098 [e74c9e3a-193e-4dbb-b5f5-b6805398d140-groupManagement] INFO  server.RaftServerConfigKeys (ConfUtils.java:logGet(46)) - raft.server.threadpool.server.size = 0 (default)
2024-04-16 13:47:05,099 [e74c9e3a-193e-4dbb-b5f5-b6805398d140-groupManagement] INFO  server.RaftServerConfigKeys (ConfUtils.java:logGet(46)) - raft.server.threadpool.client.cached = true (default)
2024-04-16 13:47:05,099 [e74c9e3a-193e-4dbb-b5f5-b6805398d140-groupManagement] INFO  server.RaftServerConfigKeys (ConfUtils.java:logGet(46)) - raft.server.threadpool.client.size = 0 (default)
2024-04-16 13:47:05,100 [main] INFO  ha.SCMSnapshotProvider (SCMSnapshotProvider.java:<init>(66)) - Initializing SCM Snapshot Provider
2024-04-16 13:47:05,100 [main] WARN  server.ServerUtils (ServerUtils.java:getDefaultRatisDirectory(311)) - Storage directory for Ratis is not configured. It is a good idea to map this to an SSD disk. Falling back to ozone.metadata.dirs
2024-04-16 13:47:05,100 [main] WARN  ha.SCMHAUtils (SCMHAUtils.java:getSCMRatisSnapshotDirectory(158)) - SCM snapshot dir is not configured. Falling back to ozone.metadata.dirs config
2024-04-16 13:47:05,102 [main] INFO  upgrade.AbstractLayoutVersionManager (AbstractLayoutVersionManager.java:init(83)) - Initializing Layout version manager with metadata layout = HADOOP_PRC_PORTS_IN_DATANODEDETAILS (version = 7), software layout = HADOOP_PRC_PORTS_IN_DATANODEDETAILS (version = 7)
2024-04-16 13:47:05,106 [main] INFO  ha.SequenceIdGenerator (SequenceIdGenerator.java:upgradeToSequenceId(370)) - upgrade localId to 113750153625600000
2024-04-16 13:47:05,108 [main] INFO  ha.SequenceIdGenerator (SequenceIdGenerator.java:upgradeToSequenceId(380)) - upgrade delTxnId to 0
2024-04-16 13:47:05,110 [main] INFO  ha.SequenceIdGenerator (SequenceIdGenerator.java:upgradeToSequenceId(397)) - upgrade containerId to 0
2024-04-16 13:47:05,112 [main] INFO  ha.SequenceIdGenerator (SequenceIdGenerator.java:upgradeToCertificateSequenceId(444)) - upgrade CertificateId to 2
2024-04-16 13:47:05,113 [main] INFO  ha.SequenceIdGenerator (SequenceIdGenerator.java:<init>(241)) - Init the HA SequenceIdGenerator.
2024-04-16 13:47:05,113 [main] WARN  server.ServerUtils (ServerUtils.java:sanitizeUserArgs(79)) - ozone.scm.stale.node.interval value = 300000 is larger than max = 100000 based on the key value of ozone.scm.heartbeat.thread.interval, reset to the max value 100000.
2024-04-16 13:47:05,114 [main] WARN  server.ServerUtils (ServerUtils.java:sanitizeUserArgs(79)) - ozone.scm.stale.node.interval value = 300000 is larger than max = 100000 based on the key value of ozone.scm.heartbeat.thread.interval, reset to the max value 100000.
2024-04-16 13:47:05,116 [main] INFO  node.SCMNodeManager (SCMNodeManager.java:<init>(177)) - Entering startup safe mode.
2024-04-16 13:47:05,117 [main] INFO  algorithms.ContainerPlacementPolicyFactory (ContainerPlacementPolicyFactory.java:getPolicyInternal(86)) - Create container placement policy of type org.apache.hadoop.hdds.scm.container.placement.algorithms.SCMContainerPlacementRackAware
2024-04-16 13:47:05,117 [main] INFO  algorithms.ContainerPlacementPolicyFactory (ContainerPlacementPolicyFactory.java:getPolicyInternal(86)) - Create container placement policy of type org.apache.hadoop.hdds.scm.container.placement.algorithms.SCMContainerPlacementRackScatter
2024-04-16 13:47:05,120 [main] INFO  pipeline.PipelineStateManagerImpl (PipelineStateManagerImpl.java:initialize(78)) - No pipeline exists in current db
2024-04-16 13:47:05,121 [main] INFO  algorithms.LeaderChoosePolicyFactory (LeaderChoosePolicyFactory.java:getPolicy(57)) - Create leader choose policy of type org.apache.hadoop.hdds.scm.pipeline.leader.choose.algorithms.MinLeaderCountChoosePolicy
2024-04-16 13:47:05,121 [main] INFO  algorithms.ContainerPlacementPolicyFactory (ContainerPlacementPolicyFactory.java:getPolicyInternal(86)) - Create container placement policy of type org.apache.hadoop.hdds.scm.container.placement.algorithms.SCMContainerPlacementRackScatter
2024-04-16 13:47:05,122 [main] INFO  ha.SCMServiceManager (SCMServiceManager.java:register(42)) - Registering service BackgroundPipelineCreator.
2024-04-16 13:47:05,123 [main] INFO  pipeline.BackgroundPipelineCreator (BackgroundPipelineCreator.java:start(127)) - Starting scmNode-2-RatisPipelineUtilsThread.
2024-04-16 13:47:05,123 [main] INFO  BackgroundPipelineScrubber (BackgroundSCMService.java:start(65)) - Starting BackgroundPipelineScrubber Service.
2024-04-16 13:47:05,128 [main] INFO  ha.SCMServiceManager (SCMServiceManager.java:register(42)) - Registering service BackgroundPipelineScrubber.
2024-04-16 13:47:05,128 [main] INFO  ExpiredContainerReplicaOpScrubber (BackgroundSCMService.java:start(65)) - Starting ExpiredContainerReplicaOpScrubber Service.
2024-04-16 13:47:05,129 [main] INFO  ha.SCMServiceManager (SCMServiceManager.java:register(42)) - Registering service ExpiredContainerReplicaOpScrubber.
2024-04-16 13:47:05,130 [main] INFO  algorithms.PipelineChoosePolicyFactory (PipelineChoosePolicyFactory.java:createPipelineChoosePolicyFromClass(80)) - Create pipeline choose policy of type org.apache.hadoop.hdds.scm.pipeline.choose.algorithms.RandomPipelineChoosePolicy
2024-04-16 13:47:05,131 [main] INFO  algorithms.PipelineChoosePolicyFactory (PipelineChoosePolicyFactory.java:createPipelineChoosePolicyFromClass(80)) - Create pipeline choose policy of type org.apache.hadoop.hdds.scm.pipeline.choose.algorithms.RandomPipelineChoosePolicy
2024-04-16 13:47:05,132 [main] INFO  ha.SCMServiceManager (SCMServiceManager.java:register(42)) - Registering service SCMBlockDeletingService.
2024-04-16 13:47:05,133 [main] INFO  replication.ReplicationManager (ReplicationManager.java:start(295)) - Starting Replication Monitor Thread.
2024-04-16 13:47:05,154 [scmNode-2-ReplicationMonitor] INFO  replication.ReplicationManager (ReplicationManager.java:processAll(371)) - Replication Manager is not ready to run until 3000ms after safemode exit
2024-04-16 13:47:05,155 [main] INFO  ha.SCMServiceManager (SCMServiceManager.java:register(42)) - Registering service ReplicationManager.
2024-04-16 13:47:05,157 [main] INFO  safemode.ContainerSafeModeRule (ContainerSafeModeRule.java:<init>(91)) - containers with one replica threshold count 0
2024-04-16 13:47:05,158 [main] INFO  safemode.HealthyPipelineSafeModeRule (HealthyPipelineSafeModeRule.java:initializeRule(176)) - Total pipeline count is 0, healthy pipeline threshold count is 1
2024-04-16 13:47:05,159 [main] INFO  safemode.OneReplicaPipelineSafeModeRule (OneReplicaPipelineSafeModeRule.java:initializeRule(193)) - Total pipeline count is 0, pipeline's with at least one datanode reported threshold count is 0
2024-04-16 13:47:05,161 [main] INFO  security.SecretKeyManagerService (SecretKeyManagerService.java:start(144)) - Scheduling rotation checker with interval PT0.1S
2024-04-16 13:47:05,162 [main] INFO  ha.SCMServiceManager (SCMServiceManager.java:register(42)) - Registering service SecretKeyManagerService.
2024-04-16 13:47:05,164 [main] INFO  authority.DefaultCAServer (DefaultCAServer.java:lambda$processVerificationStatus$0(467)) - CertificateServer validation is successful
2024-04-16 13:47:05,166 [main] INFO  ipc.CallQueueManager (CallQueueManager.java:<init>(90)) - Using callQueue: class java.util.concurrent.LinkedBlockingQueue, queueCapacity: 200, scheduler: class org.apache.hadoop.ipc.DefaultRpcScheduler, ipcBackoff: false.
2024-04-16 13:47:05,167 [main] INFO  ipc.Server (Server.java:<init>(1287)) - Listener at 0.0.0.0:15010
2024-04-16 13:47:05,167 [Socket Reader #1 for port 15010] INFO  ipc.Server (Server.java:run(1323)) - Starting Socket Reader #1 for port 15010
2024-04-16 13:47:05,176 [main] INFO  server.StorageContainerManager (StorageContainerManager.java:<init>(440)) - SCM start with adminUsers: [runner, scm]
2024-04-16 13:47:05,176 [main] INFO  ipc.CallQueueManager (CallQueueManager.java:<init>(90)) - Using callQueue: class java.util.concurrent.LinkedBlockingQueue, queueCapacity: 10000, scheduler: class org.apache.hadoop.ipc.DefaultRpcScheduler, ipcBackoff: false.
2024-04-16 13:47:05,177 [main] INFO  ipc.Server (Server.java:<init>(1287)) - Listener at 0.0.0.0:15012
2024-04-16 13:47:05,178 [Socket Reader #1 for port 15012] INFO  ipc.Server (Server.java:run(1323)) - Starting Socket Reader #1 for port 15012
2024-04-16 13:47:05,182 [main] INFO  ipc.CallQueueManager (CallQueueManager.java:<init>(90)) - Using callQueue: class java.util.concurrent.LinkedBlockingQueue, queueCapacity: 10000, scheduler: class org.apache.hadoop.ipc.DefaultRpcScheduler, ipcBackoff: false.
2024-04-16 13:47:05,183 [main] INFO  ipc.Server (Server.java:<init>(1287)) - Listener at 0.0.0.0:15015
2024-04-16 13:47:05,184 [Socket Reader #1 for port 15015] INFO  ipc.Server (Server.java:run(1323)) - Starting Socket Reader #1 for port 15015
2024-04-16 13:47:05,193 [main] INFO  ipc.CallQueueManager (CallQueueManager.java:<init>(90)) - Using callQueue: class java.util.concurrent.LinkedBlockingQueue, queueCapacity: 10000, scheduler: class org.apache.hadoop.ipc.DefaultRpcScheduler, ipcBackoff: false.
2024-04-16 13:47:05,193 [main] INFO  ipc.Server (Server.java:<init>(1287)) - Listener at 0.0.0.0:15013
2024-04-16 13:47:05,194 [Socket Reader #1 for port 15013] INFO  ipc.Server (Server.java:run(1323)) - Starting Socket Reader #1 for port 15013
2024-04-16 13:47:05,218 [main] INFO  ha.SCMServiceManager (SCMServiceManager.java:register(42)) - Registering service ContainerBalancer.
2024-04-16 13:47:05,218 [main] INFO  ha.SCMContext (SCMContext.java:updateSafeModeStatus(225)) - Update SafeModeStatus from SafeModeStatus{safeModeStatus=true, preCheckPassed=false} to SafeModeStatus{safeModeStatus=true, preCheckPassed=false}.
2024-04-16 13:47:05,219 [main] INFO  server.StorageContainerManager (StorageContainerManager.java:start(1545)) - StorageContainerLocationProtocol RPC server is listening at /0.0.0.0:15013
2024-04-16 13:47:05,219 [main] INFO  ha.SCMRatisServerImpl (SCMRatisServerImpl.java:start(192)) - starting ratis server 0.0.0.0:15011
2024-04-16 13:47:05,219 [e74c9e3a-193e-4dbb-b5f5-b6805398d140-impl-thread1] INFO  server.RaftServerConfigKeys (ConfUtils.java:logGet(46)) - raft.server.storage.free-space.min = 0MB (=0) (default)
2024-04-16 13:47:05,220 [e74c9e3a-193e-4dbb-b5f5-b6805398d140-impl-thread1] INFO  server.RaftServerConfigKeys (ConfUtils.java:logGet(46)) - raft.server.log.corruption.policy = EXCEPTION (default)
2024-04-16 13:47:05,220 [e74c9e3a-193e-4dbb-b5f5-b6805398d140-impl-thread1] INFO  server.RaftServerConfigKeys (ConfUtils.java:logGet(46)) - raft.server.storage.dir = [/home/runner/work/ozone/ozone/hadoop-ozone/integration-test/target/test-dir/MiniOzoneClusterImpl-f0f26617-5c27-4371-b446-298ac6c8687b/scmNode-2/scm-ha] (custom)
2024-04-16 13:47:05,220 [e74c9e3a-193e-4dbb-b5f5-b6805398d140-impl-thread1] INFO  storage.RaftStorageDirectory (RaftStorageDirectoryImpl.java:analyzeStorage(138)) - The storage directory /home/runner/work/ozone/ozone/hadoop-ozone/integration-test/target/test-dir/MiniOzoneClusterImpl-f0f26617-5c27-4371-b446-298ac6c8687b/scmNode-2/scm-ha/f0f26617-5c27-4371-b446-298ac6c8687b does not exist. Creating ...
2024-04-16 13:47:05,221 [e74c9e3a-193e-4dbb-b5f5-b6805398d140-impl-thread1] INFO  storage.RaftStorageDirectory (RaftStorageDirectoryImpl.java:tryLock(228)) - Lock on /home/runner/work/ozone/ozone/hadoop-ozone/integration-test/target/test-dir/MiniOzoneClusterImpl-f0f26617-5c27-4371-b446-298ac6c8687b/scmNode-2/scm-ha/f0f26617-5c27-4371-b446-298ac6c8687b/in_use.lock acquired by nodename 102701@fv-az1428-817
2024-04-16 13:47:05,222 [e74c9e3a-193e-4dbb-b5f5-b6805398d140-impl-thread1] INFO  storage.RaftStorage (RaftStorageImpl.java:format(99)) - Storage directory /home/runner/work/ozone/ozone/hadoop-ozone/integration-test/target/test-dir/MiniOzoneClusterImpl-f0f26617-5c27-4371-b446-298ac6c8687b/scmNode-2/scm-ha/f0f26617-5c27-4371-b446-298ac6c8687b has been successfully formatted.
2024-04-16 13:47:05,223 [e74c9e3a-193e-4dbb-b5f5-b6805398d140-impl-thread1] WARN  util.FileUtils (LogUtils.java:supplyAndLog(63)) - Failed to Files.newInputStream /home/runner/work/ozone/ozone/hadoop-ozone/integration-test/target/test-dir/MiniOzoneClusterImpl-f0f26617-5c27-4371-b446-298ac6c8687b/scmNode-2/scm-ha/f0f26617-5c27-4371-b446-298ac6c8687b/current/raft-meta.conf with options []: java.nio.file.NoSuchFileException: /home/runner/work/ozone/ozone/hadoop-ozone/integration-test/target/test-dir/MiniOzoneClusterImpl-f0f26617-5c27-4371-b446-298ac6c8687b/scmNode-2/scm-ha/f0f26617-5c27-4371-b446-298ac6c8687b/current/raft-meta.conf
2024-04-16 13:47:05,223 [e74c9e3a-193e-4dbb-b5f5-b6805398d140-impl-thread1] INFO  server.RaftServerConfigKeys (ConfUtils.java:logGet(46)) - raft.server.log.use.memory = false (default)
2024-04-16 13:47:05,223 [e74c9e3a-193e-4dbb-b5f5-b6805398d140-impl-thread1] INFO  server.RaftServerConfigKeys (ConfUtils.java:logGet(46)) - raft.server.log.purge.gap = 1000000 (custom)
2024-04-16 13:47:05,223 [e74c9e3a-193e-4dbb-b5f5-b6805398d140-impl-thread1] INFO  server.RaftServerConfigKeys (ConfUtils.java:logGet(46)) - raft.server.log.appender.buffer.byte-limit = 4194304 (custom)
2024-04-16 13:47:05,223 [e74c9e3a-193e-4dbb-b5f5-b6805398d140-impl-thread1] INFO  server.RaftServerConfigKeys (ConfUtils.java:logGet(46)) - raft.server.log.statemachine.data.read.timeout = 1000ms (default)
2024-04-16 13:47:05,223 [e74c9e3a-193e-4dbb-b5f5-b6805398d140-impl-thread1] INFO  server.RaftServerConfigKeys (ConfUtils.java:logGet(46)) - raft.server.log.purge.preservation.log.num = 0 (default)
2024-04-16 13:47:05,225 [e74c9e3a-193e-4dbb-b5f5-b6805398d140-impl-thread1] INFO  server.RaftServerConfigKeys (ConfUtils.java:logGet(46)) - raft.server.log.segment.size.max = 4194304 (custom)
2024-04-16 13:47:05,226 [e74c9e3a-193e-4dbb-b5f5-b6805398d140-impl-thread1] INFO  server.RaftServerConfigKeys (ConfUtils.java:logGet(46)) - raft.server.log.segment.cache.num.max = 2 (custom)
2024-04-16 13:47:05,226 [e74c9e3a-193e-4dbb-b5f5-b6805398d140-impl-thread1] INFO  server.RaftServerConfigKeys (ConfUtils.java:logGet(46)) - raft.server.log.segment.cache.size.max = 200MB (=209715200) (default)
2024-04-16 13:47:05,226 [e74c9e3a-193e-4dbb-b5f5-b6805398d140-impl-thread1] INFO  server.RaftServerConfigKeys (ConfUtils.java:logGet(46)) - raft.server.log.appender.buffer.byte-limit = 4194304 (custom)
2024-04-16 13:47:05,226 [e74c9e3a-193e-4dbb-b5f5-b6805398d140-impl-thread1] INFO  util.AwaitToRun (AwaitToRun.java:start(81)) - Thread[e74c9e3a-193e-4dbb-b5f5-b6805398d140@group-298AC6C8687B-cacheEviction-AwaitToRun,5,main] started
2024-04-16 13:47:05,227 [e74c9e3a-193e-4dbb-b5f5-b6805398d140-impl-thread1] INFO  segmented.SegmentedRaftLogWorker (SegmentedRaftLogWorker.java:<init>(182)) - new e74c9e3a-193e-4dbb-b5f5-b6805398d140@group-298AC6C8687B-SegmentedRaftLogWorker for RaftStorageImpl:Storage Directory /home/runner/work/ozone/ozone/hadoop-ozone/integration-test/target/test-dir/MiniOzoneClusterImpl-f0f26617-5c27-4371-b446-298ac6c8687b/scmNode-2/scm-ha/f0f26617-5c27-4371-b446-298ac6c8687b
2024-04-16 13:47:05,227 [e74c9e3a-193e-4dbb-b5f5-b6805398d140-impl-thread1] INFO  server.RaftServerConfigKeys (ConfUtils.java:logGet(46)) - raft.server.log.queue.byte-limit = 64MB (=67108864) (default)
2024-04-16 13:47:05,228 [e74c9e3a-193e-4dbb-b5f5-b6805398d140-impl-thread1] INFO  server.RaftServerConfigKeys (ConfUtils.java:logGet(46)) - raft.server.log.queue.element-limit = 4096 (default)
2024-04-16 13:47:05,228 [e74c9e3a-193e-4dbb-b5f5-b6805398d140-impl-thread1] INFO  server.RaftServerConfigKeys (ConfUtils.java:logGet(46)) - raft.server.log.segment.size.max = 4194304 (custom)
2024-04-16 13:47:05,228 [e74c9e3a-193e-4dbb-b5f5-b6805398d140-impl-thread1] INFO  server.RaftServerConfigKeys (ConfUtils.java:logGet(46)) - raft.server.log.preallocated.size = 4194304 (custom)
2024-04-16 13:47:05,229 [e74c9e3a-193e-4dbb-b5f5-b6805398d140-impl-thread1] INFO  server.RaftServerConfigKeys (ConfUtils.java:logGet(46)) - raft.server.log.force.sync.num = 128 (default)
2024-04-16 13:47:05,229 [e74c9e3a-193e-4dbb-b5f5-b6805398d140-impl-thread1] INFO  server.RaftServerConfigKeys (ConfUtils.java:logGet(46)) - raft.server.log.statemachine.data.sync = true (default)
2024-04-16 13:47:05,229 [e74c9e3a-193e-4dbb-b5f5-b6805398d140-impl-thread1] INFO  server.RaftServerConfigKeys (ConfUtils.java:logGet(46)) - raft.server.log.statemachine.data.sync.timeout = 10s (default)
2024-04-16 13:47:05,230 [e74c9e3a-193e-4dbb-b5f5-b6805398d140-impl-thread1] INFO  server.RaftServerConfigKeys (ConfUtils.java:logGet(46)) - raft.server.log.statemachine.data.sync.timeout.retry = -1 (default)
2024-04-16 13:47:05,230 [e74c9e3a-193e-4dbb-b5f5-b6805398d140-impl-thread1] INFO  server.RaftServerConfigKeys (ConfUtils.java:logGet(46)) - raft.server.log.write.buffer.size = 4194312 (custom)
2024-04-16 13:47:05,231 [e74c9e3a-193e-4dbb-b5f5-b6805398d140-impl-thread1] INFO  server.RaftServerConfigKeys (ConfUtils.java:logGet(46)) - raft.server.log.appender.buffer.byte-limit = 4194304 (custom)
2024-04-16 13:47:05,232 [e74c9e3a-193e-4dbb-b5f5-b6805398d140-impl-thread1] INFO  server.RaftServerConfigKeys (ConfUtils.java:logGet(46)) - raft.server.log.unsafe-flush.enabled = false (default)
2024-04-16 13:47:05,232 [e74c9e3a-193e-4dbb-b5f5-b6805398d140-impl-thread1] INFO  server.RaftServerConfigKeys (ConfUtils.java:logGet(46)) - raft.server.log.async-flush.enabled = false (default)
2024-04-16 13:47:05,232 [e74c9e3a-193e-4dbb-b5f5-b6805398d140-impl-thread1] INFO  server.RaftServerConfigKeys (ConfUtils.java:logGet(46)) - raft.server.log.statemachine.data.caching.enabled = false (default)
2024-04-16 13:47:05,232 [e74c9e3a-193e-4dbb-b5f5-b6805398d140-impl-thread1] INFO  segmented.SegmentedRaftLogWorker (SegmentedRaftLogWorker.java:lambda$new$0(134)) - e74c9e3a-193e-4dbb-b5f5-b6805398d140@group-298AC6C8687B-SegmentedRaftLogWorker: flushIndex: setUnconditionally 0 -> -1
2024-04-16 13:47:05,232 [e74c9e3a-193e-4dbb-b5f5-b6805398d140-impl-thread1] INFO  segmented.SegmentedRaftLogWorker (SegmentedRaftLogWorker.java:lambda$new$0(134)) - e74c9e3a-193e-4dbb-b5f5-b6805398d140@group-298AC6C8687B-SegmentedRaftLogWorker: safeCacheEvictIndex: setUnconditionally 0 -> -1
2024-04-16 13:47:05,233 [e74c9e3a-193e-4dbb-b5f5-b6805398d140-impl-thread1] INFO  server.RaftServer$Division (RaftServerImpl.java:start(402)) - e74c9e3a-193e-4dbb-b5f5-b6805398d140@group-298AC6C8687B: start with initializing state, conf=-1: peers:[]|listeners:[], old=null
2024-04-16 13:47:05,233 [e74c9e3a-193e-4dbb-b5f5-b6805398d140-impl-thread1] INFO  server.RaftServer$Division (RaftServerImpl.java:setRole(383)) - e74c9e3a-193e-4dbb-b5f5-b6805398d140@group-298AC6C8687B: changes role from      null to FOLLOWER at term 0 for startInitializing
2024-04-16 13:47:05,233 [e74c9e3a-193e-4dbb-b5f5-b6805398d140-impl-thread1] INFO  util.JmxRegister (JmxRegister.java:tryRegister(44)) - Successfully registered JMX Bean with object name Ratis:service=RaftServer,group=group-298AC6C8687B,id=e74c9e3a-193e-4dbb-b5f5-b6805398d140
2024-04-16 13:47:05,233 [e74c9e3a-193e-4dbb-b5f5-b6805398d140-impl-thread1] INFO  server.RaftServerConfigKeys (ConfUtils.java:logGet(46)) - raft.server.snapshot.trigger-when-stop.enabled = true (default)
2024-04-16 13:47:05,233 [e74c9e3a-193e-4dbb-b5f5-b6805398d140-impl-thread1] INFO  server.RaftServerConfigKeys (ConfUtils.java:logGet(46)) - raft.server.snapshot.auto.trigger.enabled = true (custom)
2024-04-16 13:47:05,233 [e74c9e3a-193e-4dbb-b5f5-b6805398d140-impl-thread1] INFO  server.RaftServerConfigKeys (ConfUtils.java:logGet(46)) - raft.server.snapshot.auto.trigger.threshold = 1000 (custom)
2024-04-16 13:47:05,233 [e74c9e3a-193e-4dbb-b5f5-b6805398d140-impl-thread1] INFO  server.RaftServerConfigKeys (ConfUtils.java:logGet(46)) - raft.server.snapshot.retention.file.num = -1 (default)
2024-04-16 13:47:05,234 [e74c9e3a-193e-4dbb-b5f5-b6805398d140-impl-thread1] INFO  server.RaftServerConfigKeys (ConfUtils.java:logGet(46)) - raft.server.log.purge.upto.snapshot.index = false (default)
2024-04-16 13:47:05,238 [main] INFO  server.RaftServer (RaftServerProxy.java:startImpl(406)) - e74c9e3a-193e-4dbb-b5f5-b6805398d140: start RPC server
2024-04-16 13:47:05,240 [main] INFO  server.GrpcService (GrpcService.java:startImpl(302)) - e74c9e3a-193e-4dbb-b5f5-b6805398d140: GrpcService started, listening on 15011
2024-04-16 13:47:05,242 [main] INFO  ha.SCMNodeInfo (SCMNodeInfo.java:getPort(197)) - ConfigKey ozone.scm.client.address is deprecated, For configuring different ports for each SCM use PortConfigKey ozone.scm.client.port appended with serviceId and nodeId
2024-04-16 13:47:05,242 [main] INFO  ha.SCMNodeInfo (SCMNodeInfo.java:getPort(197)) - ConfigKey ozone.scm.block.client.address is deprecated, For configuring different ports for each SCM use PortConfigKey ozone.scm.block.client.port appended with serviceId and nodeId
2024-04-16 13:47:05,242 [main] INFO  ha.SCMNodeInfo (SCMNodeInfo.java:getPort(197)) - ConfigKey ozone.scm.security.service.address is deprecated, For configuring different ports for each SCM use PortConfigKey ozone.scm.security.service.port appended with serviceId and nodeId
2024-04-16 13:47:05,243 [main] INFO  ha.SCMNodeInfo (SCMNodeInfo.java:getPort(197)) - ConfigKey ozone.scm.datanode.address is deprecated, For configuring different ports for each SCM use PortConfigKey ozone.scm.datanode.port appended with serviceId and nodeId
2024-04-16 13:47:05,243 [main] INFO  ha.SCMNodeInfo (SCMNodeInfo.java:getPort(197)) - ConfigKey ozone.scm.client.address is deprecated, For configuring different ports for each SCM use PortConfigKey ozone.scm.client.port appended with serviceId and nodeId
2024-04-16 13:47:05,243 [main] INFO  ha.SCMNodeInfo (SCMNodeInfo.java:getPort(197)) - ConfigKey ozone.scm.block.client.address is deprecated, For configuring different ports for each SCM use PortConfigKey ozone.scm.block.client.port appended with serviceId and nodeId
2024-04-16 13:47:05,243 [main] INFO  ha.SCMNodeInfo (SCMNodeInfo.java:getPort(197)) - ConfigKey ozone.scm.security.service.address is deprecated, For configuring different ports for each SCM use PortConfigKey ozone.scm.security.service.port appended with serviceId and nodeId
2024-04-16 13:47:05,243 [main] INFO  ha.SCMNodeInfo (SCMNodeInfo.java:getPort(197)) - ConfigKey ozone.scm.datanode.address is deprecated, For configuring different ports for each SCM use PortConfigKey ozone.scm.datanode.port appended with serviceId and nodeId
2024-04-16 13:47:05,244 [main] INFO  proxy.SCMBlockLocationFailoverProxyProvider (SCMBlockLocationFailoverProxyProvider.java:<init>(115)) - Created block location fail-over proxy with 2 nodes: [nodeId=scmNode-3,nodeAddress=/127.0.0.1:15023, nodeId=scmNode-1,nodeAddress=/127.0.0.1:15007]
2024-04-16 13:47:05,246 [JvmPauseMonitor2] INFO  util.JvmPauseMonitor (JvmPauseMonitor.java:run(146)) - JvmPauseMonitor-e74c9e3a-193e-4dbb-b5f5-b6805398d140: Started
2024-04-16 13:47:05,252 [pool-1-thread-1] INFO  request.TgsRequest (TgsRequest.java:issueTicket(115)) - TGS_REQ ISSUE: authtime 1713275225252,scm/fv-az1428-817.utppd1leec2uvmgjoennxb5ynh.ex.internal.cloudapp.net for scm/fv-az1428-817.utppd1leec2uvmgjoennxb5ynh.ex.internal.cloudapp.net@EXAMPLE.COM
2024-04-16 13:47:05,262 [Socket Reader #1 for port 15007] INFO  ipc.Server (Server.java:saslProcess(2139)) - Auth successful for scm/fv-az1428-817.utppd1leec2uvmgjoennxb5ynh.ex.internal.cloudapp.net@EXAMPLE.COM (auth:KERBEROS) from fv-az1428-817.utppd1leec2uvmgjoennxb5ynh.ex.internal.cloudapp.net:38971 / 10.1.0.24:38971
2024-04-16 13:47:05,270 [Socket Reader #1 for port 15007] INFO  authorize.ServiceAuthorizationManager (ServiceAuthorizationManager.java:authorize(137)) - Authorization successful for scm/fv-az1428-817.utppd1leec2uvmgjoennxb5ynh.ex.internal.cloudapp.net@EXAMPLE.COM (auth:KERBEROS) for protocol=interface org.apache.hadoop.hdds.scm.protocol.ScmBlockLocationProtocol
2024-04-16 13:47:05,271 [IPC Server handler 3 on default port 15007] INFO  ha.SCMRatisServerImpl (SCMRatisServerImpl.java:addSCM(319)) - 8dded7e3-77f4-42cf-91f8-4014f88a5819: Submitting SetConfiguration request to Ratis server with new SCM peers list: [8dded7e3-77f4-42cf-91f8-4014f88a5819|localhost:15003, e74c9e3a-193e-4dbb-b5f5-b6805398d140|localhost:15011]
2024-04-16 13:47:05,274 [IPC Server handler 3 on default port 15007] INFO  server.RaftServer$Division (RaftServerImpl.java:setConfigurationAsync(1276)) - 8dded7e3-77f4-42cf-91f8-4014f88a5819@group-298AC6C8687B: receive setConfiguration SetConfigurationRequest:client-3532AF0C23E9->8dded7e3-77f4-42cf-91f8-4014f88a5819@group-298AC6C8687B, cid=7, seq=null, RW, null, SET_UNCONDITIONALLY, servers:[8dded7e3-77f4-42cf-91f8-4014f88a5819|localhost:15003, e74c9e3a-193e-4dbb-b5f5-b6805398d140|localhost:15011], listeners:[]
2024-04-16 13:47:05,275 [IPC Server handler 3 on default port 15007] INFO  server.RaftServer$Division (LeaderStateImpl.java:startSetConfiguration(488)) - 8dded7e3-77f4-42cf-91f8-4014f88a5819@group-298AC6C8687B-LeaderStateImpl: startSetConfiguration SetConfigurationRequest:client-3532AF0C23E9->8dded7e3-77f4-42cf-91f8-4014f88a5819@group-298AC6C8687B, cid=7, seq=null, RW, null, SET_UNCONDITIONALLY, servers:[8dded7e3-77f4-42cf-91f8-4014f88a5819|localhost:15003, e74c9e3a-193e-4dbb-b5f5-b6805398d140|localhost:15011], listeners:[]
2024-04-16 13:47:05,284 [IPC Server handler 3 on default port 15007] INFO  server.RaftServerConfigKeys (ConfUtils.java:logGet(46)) - raft.server.log.appender.snapshot.chunk.size.max = 16MB (=16777216) (default)
2024-04-16 13:47:05,285 [IPC Server handler 3 on default port 15007] INFO  server.RaftServerConfigKeys (ConfUtils.java:logGet(46)) - raft.server.log.appender.buffer.byte-limit = 4194304 (custom)
2024-04-16 13:47:05,285 [IPC Server handler 3 on default port 15007] INFO  server.RaftServerConfigKeys (ConfUtils.java:logGet(46)) - raft.server.log.appender.buffer.element-limit = 1024 (custom)
2024-04-16 13:47:05,288 [IPC Server handler 3 on default port 15007] INFO  server.RaftServerConfigKeys (ConfUtils.java:logGet(46)) - raft.server.log.appender.wait-time.min = 0ms (custom)
2024-04-16 13:47:05,289 [IPC Server handler 3 on default port 15007] INFO  grpc.GrpcConfigKeys (ConfUtils.java:logGet(46)) - raft.grpc.server.leader.outstanding.appends.max = 8 (default)
2024-04-16 13:47:05,290 [IPC Server handler 3 on default port 15007] INFO  server.RaftServerConfigKeys (ConfUtils.java:logGet(46)) - raft.server.rpc.request.timeout = 30000ms (custom)
2024-04-16 13:47:05,290 [IPC Server handler 3 on default port 15007] INFO  grpc.GrpcConfigKeys (ConfUtils.java:logGet(46)) - raft.grpc.server.install_snapshot.request.element-limit = 8 (default)
2024-04-16 13:47:05,290 [IPC Server handler 3 on default port 15007] INFO  grpc.GrpcConfigKeys (ConfUtils.java:logGet(46)) - raft.grpc.server.install_snapshot.request.timeout = 3000ms (default)
2024-04-16 13:47:05,290 [IPC Server handler 3 on default port 15007] INFO  grpc.GrpcConfigKeys (ConfUtils.java:logGet(46)) - raft.grpc.server.log-message.batch.duration = 5s (default)
2024-04-16 13:47:05,291 [IPC Server handler 3 on default port 15007] INFO  server.RaftServerConfigKeys (ConfUtils.java:logGet(46)) - raft.server.log.appender.install.snapshot.enabled = false (custom)
2024-04-16 13:47:05,291 [IPC Server handler 3 on default port 15007] INFO  grpc.GrpcConfigKeys (ConfUtils.java:logGet(46)) - raft.grpc.server.heartbeat.channel = true (default)
2024-04-16 13:47:05,296 [8dded7e3-77f4-42cf-91f8-4014f88a5819@group-298AC6C8687B->e74c9e3a-193e-4dbb-b5f5-b6805398d140-GrpcLogAppender-LogAppenderDaemon] INFO  server.GrpcLogAppender (GrpcLogAppender.java:notifyInstallSnapshot(766)) - 8dded7e3-77f4-42cf-91f8-4014f88a5819@group-298AC6C8687B->e74c9e3a-193e-4dbb-b5f5-b6805398d140-GrpcLogAppender: notifyInstallSnapshot with firstAvailable=(t:1, i:0), followerNextIndex=0
2024-04-16 13:47:05,305 [8dded7e3-77f4-42cf-91f8-4014f88a5819@group-298AC6C8687B->e74c9e3a-193e-4dbb-b5f5-b6805398d140-GrpcLogAppender-LogAppenderDaemon] INFO  server.GrpcLogAppender (GrpcLogAppender.java:notifyInstallSnapshot(774)) - 8dded7e3-77f4-42cf-91f8-4014f88a5819@group-298AC6C8687B->e74c9e3a-193e-4dbb-b5f5-b6805398d140-GrpcLogAppender: send 8dded7e3-77f4-42cf-91f8-4014f88a5819->e74c9e3a-193e-4dbb-b5f5-b6805398d140#0-t2,notify:(t:1, i:0)
2024-04-16 13:47:05,305 [8dded7e3-77f4-42cf-91f8-4014f88a5819@group-298AC6C8687B->e74c9e3a-193e-4dbb-b5f5-b6805398d140-GrpcLogAppender-LogAppenderDaemon] INFO  server.GrpcServerProtocolClient (GrpcServerProtocolClient.java:<init>(65)) - Build channel for e74c9e3a-193e-4dbb-b5f5-b6805398d140|localhost:15011
2024-04-16 13:47:05,324 [grpc-default-executor-0] INFO  impl.SnapshotInstallationHandler (SnapshotInstallationHandler.java:installSnapshot(89)) - e74c9e3a-193e-4dbb-b5f5-b6805398d140@group-298AC6C8687B: receive installSnapshot: 8dded7e3-77f4-42cf-91f8-4014f88a5819->e74c9e3a-193e-4dbb-b5f5-b6805398d140#0-t2,notify:(t:1, i:0)
2024-04-16 13:47:05,326 [grpc-default-executor-0] INFO  server.RaftServer$Division (RaftServerImpl.java:setFirstElection(574)) - e74c9e3a-193e-4dbb-b5f5-b6805398d140@group-298AC6C8687B: set firstElectionSinceStartup to false for installSnapshot
2024-04-16 13:47:05,326 [grpc-default-executor-0] INFO  ha.SCMStateMachine (SCMStateMachine.java:notifyLeaderChanged(288)) - leader changed, yet current SCM is still follower.
2024-04-16 13:47:05,326 [grpc-default-executor-0] INFO  server.RaftServer$Division (ServerState.java:setLeader(269)) - e74c9e3a-193e-4dbb-b5f5-b6805398d140@group-298AC6C8687B: change Leader from null to 8dded7e3-77f4-42cf-91f8-4014f88a5819 at term 2 for installSnapshot, leader elected after 235ms
2024-04-16 13:47:05,327 [grpc-default-executor-0] INFO  impl.SnapshotInstallationHandler (SnapshotInstallationHandler.java:notifyStateMachineToInstallSnapshot(221)) - e74c9e3a-193e-4dbb-b5f5-b6805398d140@group-298AC6C8687B: Received notification to install snapshot at index 0
2024-04-16 13:47:05,328 [grpc-default-executor-0] INFO  impl.SnapshotInstallationHandler (SnapshotInstallationHandler.java:notifyStateMachineToInstallSnapshot(230)) - e74c9e3a-193e-4dbb-b5f5-b6805398d140@group-298AC6C8687B: InstallSnapshot notification result: ALREADY_INSTALLED, current snapshot index: -1
2024-04-16 13:47:05,407 [grpc-default-executor-0] INFO  impl.SnapshotInstallationHandler (SnapshotInstallationHandler.java:installSnapshotImpl(134)) - e74c9e3a-193e-4dbb-b5f5-b6805398d140@group-298AC6C8687B: set new configuration index: 1
configurationEntry {
  peers {
    id: "8dded7e3-77f4-42cf-91f8-4014f88a5819"
    address: "localhost:15003"
    startupRole: FOLLOWER
  }
}
 from snapshot
2024-04-16 13:47:05,408 [grpc-default-executor-0] INFO  server.RaftServer$Division (ServerState.java:setRaftConf(386)) - e74c9e3a-193e-4dbb-b5f5-b6805398d140@group-298AC6C8687B: set configuration 1: peers:[8dded7e3-77f4-42cf-91f8-4014f88a5819|localhost:15003]|listeners:[], old=null
2024-04-16 13:47:05,409 [grpc-default-executor-0] INFO  impl.SnapshotInstallationHandler (SnapshotInstallationHandler.java:installSnapshot(100)) - e74c9e3a-193e-4dbb-b5f5-b6805398d140@group-298AC6C8687B: reply installSnapshot: 8dded7e3-77f4-42cf-91f8-4014f88a5819<-e74c9e3a-193e-4dbb-b5f5-b6805398d140#0:OK-t0,ALREADY_INSTALLED,snapshotIndex=0
2024-04-16 13:47:05,412 [grpc-default-executor-0] INFO  server.GrpcServerProtocolService (GrpcServerProtocolService.java:onCompleted(157)) - e74c9e3a-193e-4dbb-b5f5-b6805398d140: Completed INSTALL_SNAPSHOT, lastRequest: 8dded7e3-77f4-42cf-91f8-4014f88a5819->e74c9e3a-193e-4dbb-b5f5-b6805398d140#0-t2,notify:(t:1, i:0)
2024-04-16 13:47:05,413 [grpc-default-executor-2] INFO  server.GrpcLogAppender (GrpcLogAppender.java:onNext(625)) - 8dded7e3-77f4-42cf-91f8-4014f88a5819@group-298AC6C8687B->e74c9e3a-193e-4dbb-b5f5-b6805398d140-InstallSnapshotResponseHandler: received the first reply 8dded7e3-77f4-42cf-91f8-4014f88a5819<-e74c9e3a-193e-4dbb-b5f5-b6805398d140#0:OK-t0,ALREADY_INSTALLED,snapshotIndex=0
2024-04-16 13:47:05,415 [grpc-default-executor-2] INFO  server.GrpcLogAppender (GrpcLogAppender.java:onNext(646)) - 8dded7e3-77f4-42cf-91f8-4014f88a5819@group-298AC6C8687B->e74c9e3a-193e-4dbb-b5f5-b6805398d140-InstallSnapshotResponseHandler: Follower snapshot is already at index 0.
2024-04-16 13:47:05,413 [grpc-default-executor-0] INFO  server.GrpcServerProtocolService (GrpcServerProtocolService.java:lambda$onCompleted$5(159)) - e74c9e3a-193e-4dbb-b5f5-b6805398d140: Completed INSTALL_SNAPSHOT, lastReply: null
2024-04-16 13:47:05,417 [grpc-default-executor-2] INFO  leader.FollowerInfo (FollowerInfoImpl.java:info(64)) - 8dded7e3-77f4-42cf-91f8-4014f88a5819@group-298AC6C8687B->e74c9e3a-193e-4dbb-b5f5-b6805398d140: matchIndex: setUnconditionally -1 -> 0
2024-04-16 13:47:05,418 [grpc-default-executor-2] INFO  leader.FollowerInfo (FollowerInfoImpl.java:info(64)) - 8dded7e3-77f4-42cf-91f8-4014f88a5819@group-298AC6C8687B->e74c9e3a-193e-4dbb-b5f5-b6805398d140: nextIndex: setUnconditionally 0 -> 1
2024-04-16 13:47:05,418 [grpc-default-executor-2] INFO  leader.FollowerInfo (FollowerInfoImpl.java:setAttemptedToInstallSnapshot(154)) - Follower 8dded7e3-77f4-42cf-91f8-4014f88a5819@group-298AC6C8687B->e74c9e3a-193e-4dbb-b5f5-b6805398d140 acknowledged installing snapshot
2024-04-16 13:47:05,419 [grpc-default-executor-2] INFO  server.GrpcLogAppender (GrpcLogAppender.java:increaseNextIndex(453)) - 8dded7e3-77f4-42cf-91f8-4014f88a5819@group-298AC6C8687B->e74c9e3a-193e-4dbb-b5f5-b6805398d140-GrpcLogAppender: updateNextIndex 1 for ALREADY_INSTALLED
2024-04-16 13:47:05,451 [e74c9e3a-193e-4dbb-b5f5-b6805398d140-server-thread1] INFO  server.RaftServer$Division (RaftServerImpl.java:checkInconsistentAppendEntries(1700)) - e74c9e3a-193e-4dbb-b5f5-b6805398d140@group-298AC6C8687B: Failed appendEntries as previous log entry ((t:1, i:0)) is not found
2024-04-16 13:47:05,453 [e74c9e3a-193e-4dbb-b5f5-b6805398d140-server-thread1] INFO  server.RaftServer$Division (RaftServerImpl.java:checkInconsistentAppendEntries(1670)) - e74c9e3a-193e-4dbb-b5f5-b6805398d140@group-298AC6C8687B: inconsistency entries. Reply:8dded7e3-77f4-42cf-91f8-4014f88a5819<-e74c9e3a-193e-4dbb-b5f5-b6805398d140#0:FAIL-t2,INCONSISTENCY,nextIndex=0,followerCommit=-1,matchIndex=-1
2024-04-16 13:47:05,456 [grpc-default-executor-4] WARN  server.GrpcLogAppender (GrpcLogAppender.java:onNextImpl(515)) - 8dded7e3-77f4-42cf-91f8-4014f88a5819@group-298AC6C8687B->e74c9e3a-193e-4dbb-b5f5-b6805398d140-AppendLogResponseHandler: received INCONSISTENCY reply with nextIndex 0, errorCount=1, request=AppendEntriesRequest:cid=0,entriesCount=0
2024-04-16 13:47:05,457 [grpc-default-executor-4] INFO  leader.FollowerInfo (FollowerInfoImpl.java:info(70)) - 8dded7e3-77f4-42cf-91f8-4014f88a5819@group-298AC6C8687B->e74c9e3a-193e-4dbb-b5f5-b6805398d140: setNextIndex nextIndex: updateUnconditionally 19 -> 1
2024-04-16 13:47:05,457 [e74c9e3a-193e-4dbb-b5f5-b6805398d140-server-thread1] INFO  server.RaftServer$Division (RaftServerImpl.java:checkInconsistentAppendEntries(1700)) - e74c9e3a-193e-4dbb-b5f5-b6805398d140@group-298AC6C8687B: Failed appendEntries as previous log entry ((t:1, i:0)) is not found
2024-04-16 13:47:05,457 [e74c9e3a-193e-4dbb-b5f5-b6805398d140-server-thread1] INFO  server.RaftServer$Division (RaftServerImpl.java:checkInconsistentAppendEntries(1670)) - e74c9e3a-193e-4dbb-b5f5-b6805398d140@group-298AC6C8687B: inconsistency entries. Reply:8dded7e3-77f4-42cf-91f8-4014f88a5819<-e74c9e3a-193e-4dbb-b5f5-b6805398d140#1:FAIL-t2,INCONSISTENCY,nextIndex=0,followerCommit=-1,matchIndex=-1
2024-04-16 13:47:05,459 [grpc-default-executor-3] WARN  server.GrpcLogAppender (GrpcLogAppender.java:onNextImpl(515)) - 8dded7e3-77f4-42cf-91f8-4014f88a5819@group-298AC6C8687B->e74c9e3a-193e-4dbb-b5f5-b6805398d140-AppendLogResponseHandler: received INCONSISTENCY reply with nextIndex 0, errorCount=2, request=null
2024-04-16 13:47:05,459 [grpc-default-executor-3] INFO  leader.FollowerInfo (FollowerInfoImpl.java:info(70)) - 8dded7e3-77f4-42cf-91f8-4014f88a5819@group-298AC6C8687B->e74c9e3a-193e-4dbb-b5f5-b6805398d140: setNextIndex nextIndex: updateUnconditionally 19 -> 1
2024-04-16 13:47:05,460 [e74c9e3a-193e-4dbb-b5f5-b6805398d140-server-thread1] INFO  server.RaftServer$Division (RaftServerImpl.java:checkInconsistentAppendEntries(1700)) - e74c9e3a-193e-4dbb-b5f5-b6805398d140@group-298AC6C8687B: Failed appendEntries as previous log entry ((t:1, i:0)) is not found
2024-04-16 13:47:05,460 [e74c9e3a-193e-4dbb-b5f5-b6805398d140-server-thread1] INFO  server.RaftServer$Division (RaftServerImpl.java:checkInconsistentAppendEntries(1670)) - e74c9e3a-193e-4dbb-b5f5-b6805398d140@group-298AC6C8687B: inconsistency entries. Reply:8dded7e3-77f4-42cf-91f8-4014f88a5819<-e74c9e3a-193e-4dbb-b5f5-b6805398d140#2:FAIL-t2,INCONSISTENCY,nextIndex=0,followerCommit=-1,matchIndex=-1
2024-04-16 13:47:05,461 [grpc-default-executor-4] WARN  server.GrpcLogAppender (GrpcLogAppender.java:onNextImpl(515)) - 8dded7e3-77f4-42cf-91f8-4014f88a5819@group-298AC6C8687B->e74c9e3a-193e-4dbb-b5f5-b6805398d140-AppendLogResponseHandler: received INCONSISTENCY reply with nextIndex 0, errorCount=3, request=null
2024-04-16 13:47:05,461 [grpc-default-executor-4] INFO  leader.FollowerInfo (FollowerInfoImpl.java:info(70)) - 8dded7e3-77f4-42cf-91f8-4014f88a5819@group-298AC6C8687B->e74c9e3a-193e-4dbb-b5f5-b6805398d140: setNextIndex nextIndex: updateUnconditionally 19 -> 1
2024-04-16 13:47:05,465 [e74c9e3a-193e-4dbb-b5f5-b6805398d140-server-thread1] INFO  server.RaftServer$Division (RaftServerImpl.java:checkInconsistentAppendEntries(1700)) - e74c9e3a-193e-4dbb-b5f5-b6805398d140@group-298AC6C8687B: Failed appendEntries as previous log entry ((t:1, i:0)) is not found
2024-04-16 13:47:05,465 [e74c9e3a-193e-4dbb-b5f5-b6805398d140-server-thread1] INFO  server.RaftServer$Division (RaftServerImpl.java:checkInconsistentAppendEntries(1670)) - e74c9e3a-193e-4dbb-b5f5-b6805398d140@group-298AC6C8687B: inconsistency entries. Reply:8dded7e3-77f4-42cf-91f8-4014f88a5819<-e74c9e3a-193e-4dbb-b5f5-b6805398d140#3:FAIL-t2,INCONSISTENCY,nextIndex=0,followerCommit=-1,matchIndex=-1
2024-04-16 13:47:05,466 [grpc-default-executor-4] WARN  server.GrpcLogAppender (GrpcLogAppender.java:onNextImpl(515)) - 8dded7e3-77f4-42cf-91f8-4014f88a5819@group-298AC6C8687B->e74c9e3a-193e-4dbb-b5f5-b6805398d140-AppendLogResponseHandler: received INCONSISTENCY reply with nextIndex 0, errorCount=4, request=null
2024-04-16 13:47:05,466 [grpc-default-executor-4] INFO  leader.FollowerInfo (FollowerInfoImpl.java:info(70)) - 8dded7e3-77f4-42cf-91f8-4014f88a5819@group-298AC6C8687B->e74c9e3a-193e-4dbb-b5f5-b6805398d140: setNextIndex nextIndex: updateUnconditionally 19 -> 1
2024-04-16 13:47:05,468 [e74c9e3a-193e-4dbb-b5f5-b6805398d140-server-thread1] INFO  server.RaftServer$Division (RaftServerImpl.java:checkInconsistentAppendEntries(1700)) - e74c9e3a-193e-4dbb-b5f5-b6805398d140@group-298AC6C8687B: Failed appendEntries as previous log entry ((t:1, i:0)) is not found
2024-04-16 13:47:05,468 [e74c9e3a-193e-4dbb-b5f5-b6805398d140-server-thread1] INFO  server.RaftServer$Division (RaftServerImpl.java:checkInconsistentAppendEntries(1670)) - e74c9e3a-193e-4dbb-b5f5-b6805398d140@group-298AC6C8687B: inconsistency entries. Reply:8dded7e3-77f4-42cf-91f8-4014f88a5819<-e74c9e3a-193e-4dbb-b5f5-b6805398d140#4:FAIL-t2,INCONSISTENCY,nextIndex=0,followerCommit=-1,matchIndex=-1
2024-04-16 13:47:05,469 [grpc-default-executor-4] WARN  server.GrpcLogAppender (GrpcLogAppender.java:onNextImpl(515)) - 8dded7e3-77f4-42cf-91f8-4014f88a5819@group-298AC6C8687B->e74c9e3a-193e-4dbb-b5f5-b6805398d140-AppendLogResponseHandler: received INCONSISTENCY reply with nextIndex 0, errorCount=5, request=null
2024-04-16 13:47:05,469 [grpc-default-executor-4] INFO  leader.FollowerInfo (FollowerInfoImpl.java:info(70)) - 8dded7e3-77f4-42cf-91f8-4014f88a5819@group-298AC6C8687B->e74c9e3a-193e-4dbb-b5f5-b6805398d140: setNextIndex nextIndex: updateUnconditionally 19 -> 1
2024-04-16 13:47:05,471 [e74c9e3a-193e-4dbb-b5f5-b6805398d140-server-thread1] INFO  server.RaftServer$Division (RaftServerImpl.java:checkInconsistentAppendEntries(1700)) - e74c9e3a-193e-4dbb-b5f5-b6805398d140@group-298AC6C8687B: Failed appendEntries as previous log entry ((t:1, i:0)) is not found
2024-04-16 13:47:05,471 [e74c9e3a-193e-4dbb-b5f5-b6805398d140-server-thread1] INFO  server.RaftServer$Division (RaftServerImpl.java:checkInconsistentAppendEntries(1670)) - e74c9e3a-193e-4dbb-b5f5-b6805398d140@group-298AC6C8687B: inconsistency entries. Reply:8dded7e3-77f4-42cf-91f8-4014f88a5819<-e74c9e3a-193e-4dbb-b5f5-b6805398d140#5:FAIL-t2,INCONSISTENCY,nextIndex=0,followerCommit=-1,matchIndex=-1
2024-04-16 13:47:05,472 [grpc-default-executor-3] WARN  server.GrpcLogAppender (GrpcLogAppender.java:onNextImpl(515)) - 8dded7e3-77f4-42cf-91f8-4014f88a5819@group-298AC6C8687B->e74c9e3a-193e-4dbb-b5f5-b6805398d140-AppendLogResponseHandler: received INCONSISTENCY reply with nextIndex 0, errorCount=6, request=null
2024-04-16 13:47:05,472 [grpc-default-executor-3] INFO  leader.FollowerInfo (FollowerInfoImpl.java:info(70)) - 8dded7e3-77f4-42cf-91f8-4014f88a5819@group-298AC6C8687B->e74c9e3a-193e-4dbb-b5f5-b6805398d140: setNextIndex nextIndex: updateUnconditionally 19 -> 1
2024-04-16 13:47:05,472 [e74c9e3a-193e-4dbb-b5f5-b6805398d140-server-thread1] INFO  server.RaftServer$Division (RaftServerImpl.java:checkInconsistentAppendEntries(1700)) - e74c9e3a-193e-4dbb-b5f5-b6805398d140@group-298AC6C8687B: Failed appendEntries as previous log entry ((t:1, i:0)) is not found
2024-04-16 13:47:05,472 [e74c9e3a-193e-4dbb-b5f5-b6805398d140-server-thread1] INFO  server.RaftServer$Division (RaftServerImpl.java:checkInconsistentAppendEntries(1670)) - e74c9e3a-193e-4dbb-b5f5-b6805398d140@group-298AC6C8687B: inconsistency entries. Reply:8dded7e3-77f4-42cf-91f8-4014f88a5819<-e74c9e3a-193e-4dbb-b5f5-b6805398d140#6:FAIL-t2,INCONSISTENCY,nextIndex=0,followerCommit=-1,matchIndex=-1
2024-04-16 13:47:05,473 [grpc-default-executor-4] WARN  server.GrpcLogAppender (GrpcLogAppender.java:onNextImpl(515)) - 8dded7e3-77f4-42cf-91f8-4014f88a5819@group-298AC6C8687B->e74c9e3a-193e-4dbb-b5f5-b6805398d140-AppendLogResponseHandler: received INCONSISTENCY reply with nextIndex 0, errorCount=7, request=null
2024-04-16 13:47:05,474 [grpc-default-executor-4] INFO  leader.FollowerInfo (FollowerInfoImpl.java:info(70)) - 8dded7e3-77f4-42cf-91f8-4014f88a5819@group-298AC6C8687B->e74c9e3a-193e-4dbb-b5f5-b6805398d140: setNextIndex nextIndex: updateUnconditionally 19 -> 1
2024-04-16 13:47:05,475 [e74c9e3a-193e-4dbb-b5f5-b6805398d140-server-thread1] INFO  server.RaftServer$Division (RaftServerImpl.java:checkInconsistentAppendEntries(1700)) - e74c9e3a-193e-4dbb-b5f5-b6805398d140@group-298AC6C8687B: Failed appendEntries as previous log entry ((t:1, i:0)) is not found
2024-04-16 13:47:05,475 [e74c9e3a-193e-4dbb-b5f5-b6805398d140-server-thread1] INFO  server.RaftServer$Division (RaftServerImpl.java:checkInconsistentAppendEntries(1670)) - e74c9e3a-193e-4dbb-b5f5-b6805398d140@group-298AC6C8687B: inconsistency entries. Reply:8dded7e3-77f4-42cf-91f8-4014f88a5819<-e74c9e3a-193e-4dbb-b5f5-b6805398d140#7:FAIL-t2,INCONSISTENCY,nextIndex=0,followerCommit=-1,matchIndex=-1
2024-04-16 13:47:05,476 [grpc-default-executor-4] WARN  server.GrpcLogAppender (GrpcLogAppender.java:onNextImpl(515)) - 8dded7e3-77f4-42cf-91f8-4014f88a5819@group-298AC6C8687B->e74c9e3a-193e-4dbb-b5f5-b6805398d140-AppendLogResponseHandler: received INCONSISTENCY reply with nextIndex 0, errorCount=8, request=null
2024-04-16 13:47:05,477 [grpc-default-executor-4] INFO  leader.FollowerInfo (FollowerInfoImpl.java:info(70)) - 8dded7e3-77f4-42cf-91f8-4014f88a5819@group-298AC6C8687B->e74c9e3a-193e-4dbb-b5f5-b6805398d140: setNextIndex nextIndex: updateUnconditionally 19 -> 1
2024-04-16 13:47:05,478 [e74c9e3a-193e-4dbb-b5f5-b6805398d140-server-thread1] INFO  server.RaftServer$Division (RaftServerImpl.java:checkInconsistentAppendEntries(1700)) - e74c9e3a-193e-4dbb-b5f5-b6805398d140@group-298AC6C8687B: Failed appendEntries as previous log entry ((t:1, i:0)) is not found
2024-04-16 13:47:05,478 [e74c9e3a-193e-4dbb-b5f5-b6805398d140-server-thread1] INFO  server.RaftServer$Division (RaftServerImpl.java:checkInconsistentAppendEntries(1670)) - e74c9e3a-193e-4dbb-b5f5-b6805398d140@group-298AC6C8687B: inconsistency entries. Reply:8dded7e3-77f4-42cf-91f8-4014f88a5819<-e74c9e3a-193e-4dbb-b5f5-b6805398d140#8:FAIL-t2,INCONSISTENCY,nextIndex=0,followerCommit=-1,matchIndex=-1
2024-04-16 13:47:05,480 [grpc-default-executor-4] WARN  server.GrpcLogAppender (GrpcLogAppender.java:onNextImpl(515)) - 8dded7e3-77f4-42cf-91f8-4014f88a5819@group-298AC6C8687B->e74c9e3a-193e-4dbb-b5f5-b6805398d140-AppendLogResponseHandler: received INCONSISTENCY reply with nextIndex 0, errorCount=9, request=null
2024-04-16 13:47:05,480 [grpc-default-executor-4] INFO  leader.FollowerInfo (FollowerInfoImpl.java:info(70)) - 8dded7e3-77f4-42cf-91f8-4014f88a5819@group-298AC6C8687B->e74c9e3a-193e-4dbb-b5f5-b6805398d140: setNextIndex nextIndex: updateUnconditionally 19 -> 1
2024-04-16 13:47:05,480 [e74c9e3a-193e-4dbb-b5f5-b6805398d140-server-thread1] INFO  server.RaftServer$Division (RaftServerImpl.java:checkInconsistentAppendEntries(1700)) - e74c9e3a-193e-4dbb-b5f5-b6805398d140@group-298AC6C8687B: Failed appendEntries as previous log entry ((t:1, i:0)) is not found
2024-04-16 13:47:05,481 [e74c9e3a-193e-4dbb-b5f5-b6805398d140-server-thread1] INFO  server.RaftServer$Division (RaftServerImpl.java:checkInconsistentAppendEntries(1670)) - e74c9e3a-193e-4dbb-b5f5-b6805398d140@group-298AC6C8687B: inconsistency entries. Reply:8dded7e3-77f4-42cf-91f8-4014f88a5819<-e74c9e3a-193e-4dbb-b5f5-b6805398d140#9:FAIL-t2,INCONSISTENCY,nextIndex=0,followerCommit=-1,matchIndex=-1
2024-04-16 13:47:05,487 [grpc-default-executor-3] WARN  server.GrpcLogAppender (GrpcLogAppender.java:onNextImpl(515)) - 8dded7e3-77f4-42cf-91f8-4014f88a5819@group-298AC6C8687B->e74c9e3a-193e-4dbb-b5f5-b6805398d140-AppendLogResponseHandler: received INCONSISTENCY reply with nextIndex 0, errorCount=10, request=null
2024-04-16 13:47:05,487 [grpc-default-executor-3] INFO  leader.FollowerInfo (FollowerInfoImpl.java:info(70)) - 8dded7e3-77f4-42cf-91f8-4014f88a5819@group-298AC6C8687B->e74c9e3a-193e-4dbb-b5f5-b6805398d140: setNextIndex nextIndex: updateUnconditionally 19 -> 1
2024-04-16 13:47:05,488 [e74c9e3a-193e-4dbb-b5f5-b6805398d140-server-thread1] INFO  server.RaftServer$Division (RaftServerImpl.java:checkInconsistentAppendEntries(1700)) - e74c9e3a-193e-4dbb-b5f5-b6805398d140@group-298AC6C8687B: Failed appendEntries as previous log entry ((t:1, i:0)) is not found
2024-04-16 13:47:05,489 [e74c9e3a-193e-4dbb-b5f5-b6805398d140-server-thread1] INFO  server.RaftServer$Division (RaftServerImpl.java:checkInconsistentAppendEntries(1670)) - e74c9e3a-193e-4dbb-b5f5-b6805398d140@group-298AC6C8687B: inconsistency entries. Reply:8dded7e3-77f4-42cf-91f8-4014f88a5819<-e74c9e3a-193e-4dbb-b5f5-b6805398d140#10:FAIL-t2,INCONSISTENCY,nextIndex=0,followerCommit=-1,matchIndex=-1
2024-04-16 13:47:05,490 [grpc-default-executor-4] WARN  server.GrpcLogAppender (GrpcLogAppender.java:onNextImpl(515)) - 8dded7e3-77f4-42cf-91f8-4014f88a5819@group-298AC6C8687B->e74c9e3a-193e-4dbb-b5f5-b6805398d140-AppendLogResponseHandler: received INCONSISTENCY reply with nextIndex 0, errorCount=11, request=null
2024-04-16 13:47:05,490 [grpc-default-executor-4] INFO  leader.FollowerInfo (FollowerInfoImpl.java:info(70)) - 8dded7e3-77f4-42cf-91f8-4014f88a5819@group-298AC6C8687B->e74c9e3a-193e-4dbb-b5f5-b6805398d140: setNextIndex nextIndex: updateUnconditionally 19 -> 1
2024-04-16 13:47:05,490 [e74c9e3a-193e-4dbb-b5f5-b6805398d140-server-thread1] INFO  server.RaftServer$Division (RaftServerImpl.java:checkInconsistentAppendEntries(1700)) - e74c9e3a-193e-4dbb-b5f5-b6805398d140@group-298AC6C8687B: Failed appendEntries as previous log entry ((t:1, i:0)) is not found
2024-04-16 13:47:05,490 [e74c9e3a-193e-4dbb-b5f5-b6805398d140-server-thread1] INFO  server.RaftServer$Division (RaftServerImpl.java:checkInconsistentAppendEntries(1670)) - e74c9e3a-193e-4dbb-b5f5-b6805398d140@group-298AC6C8687B: inconsistency entries. Reply:8dded7e3-77f4-42cf-91f8-4014f88a5819<-e74c9e3a-193e-4dbb-b5f5-b6805398d140#11:FAIL-t2,INCONSISTENCY,nextIndex=0,followerCommit=-1,matchIndex=-1
2024-04-16 13:47:05,493 [grpc-default-executor-3] WARN  server.GrpcLogAppender (GrpcLogAppender.java:onNextImpl(515)) - 8dded7e3-77f4-42cf-91f8-4014f88a5819@group-298AC6C8687B->e74c9e3a-193e-4dbb-b5f5-b6805398d140-AppendLogResponseHandler: received INCONSISTENCY reply with nextIndex 0, errorCount=12, request=null
2024-04-16 13:47:05,493 [grpc-default-executor-3] INFO  leader.FollowerInfo (FollowerInfoImpl.java:info(70)) - 8dded7e3-77f4-42cf-91f8-4014f88a5819@group-298AC6C8687B->e74c9e3a-193e-4dbb-b5f5-b6805398d140: setNextIndex nextIndex: updateUnconditionally 19 -> 1
2024-04-16 13:47:05,493 [e74c9e3a-193e-4dbb-b5f5-b6805398d140-server-thread1] INFO  server.RaftServer$Division (RaftServerImpl.java:checkInconsistentAppendEntries(1700)) - e74c9e3a-193e-4dbb-b5f5-b6805398d140@group-298AC6C8687B: Failed appendEntries as previous log entry ((t:1, i:0)) is not found
2024-04-16 13:47:05,493 [e74c9e3a-193e-4dbb-b5f5-b6805398d140-server-thread1] INFO  server.RaftServer$Division (RaftServerImpl.java:checkInconsistentAppendEntries(1670)) - e74c9e3a-193e-4dbb-b5f5-b6805398d140@group-298AC6C8687B: inconsistency entries. Reply:8dded7e3-77f4-42cf-91f8-4014f88a5819<-e74c9e3a-193e-4dbb-b5f5-b6805398d140#12:FAIL-t2,INCONSISTENCY,nextIndex=0,followerCommit=-1,matchIndex=-1
2024-04-16 13:47:05,494 [grpc-default-executor-4] WARN  server.GrpcLogAppender (GrpcLogAppender.java:onNextImpl(515)) - 8dded7e3-77f4-42cf-91f8-4014f88a5819@group-298AC6C8687B->e74c9e3a-193e-4dbb-b5f5-b6805398d140-AppendLogResponseHandler: received INCONSISTENCY reply with nextIndex 0, errorCount=13, request=null
2024-04-16 13:47:05,495 [grpc-default-executor-4] INFO  leader.FollowerInfo (FollowerInfoImpl.java:info(70)) - 8dded7e3-77f4-42cf-91f8-4014f88a5819@group-298AC6C8687B->e74c9e3a-193e-4dbb-b5f5-b6805398d140: setNextIndex nextIndex: updateUnconditionally 19 -> 1
2024-04-16 13:47:05,497 [e74c9e3a-193e-4dbb-b5f5-b6805398d140-server-thread1] INFO  server.RaftServer$Division (RaftServerImpl.java:checkInconsistentAppendEntries(1700)) - e74c9e3a-193e-4dbb-b5f5-b6805398d140@group-298AC6C8687B: Failed appendEntries as previous log entry ((t:1, i:0)) is not found
2024-04-16 13:47:05,497 [e74c9e3a-193e-4dbb-b5f5-b6805398d140-server-thread1] INFO  server.RaftServer$Division (RaftServerImpl.java:checkInconsistentAppendEntries(1670)) - e74c9e3a-193e-4dbb-b5f5-b6805398d140@group-298AC6C8687B: inconsistency entries. Reply:8dded7e3-77f4-42cf-91f8-4014f88a5819<-e74c9e3a-193e-4dbb-b5f5-b6805398d140#13:FAIL-t2,INCONSISTENCY,nextIndex=0,followerCommit=-1,matchIndex=-1
2024-04-16 13:47:05,498 [grpc-default-executor-3] WARN  server.GrpcLogAppender (GrpcLogAppender.java:onNextImpl(515)) - 8dded7e3-77f4-42cf-91f8-4014f88a5819@group-298AC6C8687B->e74c9e3a-193e-4dbb-b5f5-b6805398d140-AppendLogResponseHandler: received INCONSISTENCY reply with nextIndex 0, errorCount=14, request=null
2024-04-16 13:47:05,498 [grpc-default-executor-3] INFO  leader.FollowerInfo (FollowerInfoImpl.java:info(70)) - 8dded7e3-77f4-42cf-91f8-4014f88a5819@group-298AC6C8687B->e74c9e3a-193e-4dbb-b5f5-b6805398d140: setNextIndex nextIndex: updateUnconditionally 19 -> 1
2024-04-16 13:47:05,498 [e74c9e3a-193e-4dbb-b5f5-b6805398d140-server-thread1] INFO  server.RaftServer$Division (RaftServerImpl.java:checkInconsistentAppendEntries(1700)) - e74c9e3a-193e-4dbb-b5f5-b6805398d140@group-298AC6C8687B: Failed appendEntries as previous log entry ((t:1, i:0)) is not found
2024-04-16 13:47:05,498 [e74c9e3a-193e-4dbb-b5f5-b6805398d140-server-thread1] INFO  server.RaftServer$Division (RaftServerImpl.java:checkInconsistentAppendEntries(1670)) - e74c9e3a-193e-4dbb-b5f5-b6805398d140@group-298AC6C8687B: inconsistency entries. Reply:8dded7e3-77f4-42cf-91f8-4014f88a5819<-e74c9e3a-193e-4dbb-b5f5-b6805398d140#14:FAIL-t2,INCONSISTENCY,nextIndex=0,followerCommit=-1,matchIndex=-1
2024-04-16 13:47:05,499 [grpc-default-executor-4] WARN  server.GrpcLogAppender (GrpcLogAppender.java:onNextImpl(515)) - 8dded7e3-77f4-42cf-91f8-4014f88a5819@group-298AC6C8687B->e74c9e3a-193e-4dbb-b5f5-b6805398d140-AppendLogResponseHandler: received INCONSISTENCY reply with nextIndex 0, errorCount=15, request=null
2024-04-16 13:47:05,500 [e74c9e3a-193e-4dbb-b5f5-b6805398d140-server-thread1] INFO  server.RaftServer$Division (RaftServerImpl.java:checkInconsistentAppendEntries(1700)) - e74c9e3a-193e-4dbb-b5f5-b6805398d140@group-298AC6C8687B: Failed appendEntries as previous log entry ((t:1, i:0)) is not found
2024-04-16 13:47:05,501 [e74c9e3a-193e-4dbb-b5f5-b6805398d140-server-thread1] INFO  server.RaftServer$Division (RaftServerImpl.java:checkInconsistentAppendEntries(1670)) - e74c9e3a-193e-4dbb-b5f5-b6805398d140@group-298AC6C8687B: inconsistency entries. Reply:8dded7e3-77f4-42cf-91f8-4014f88a5819<-e74c9e3a-193e-4dbb-b5f5-b6805398d140#15:FAIL-t2,INCONSISTENCY,nextIndex=0,followerCommit=-1,matchIndex=-1
2024-04-16 13:47:05,501 [grpc-default-executor-4] WARN  server.GrpcLogAppender (GrpcLogAppender.java:onNextImpl(515)) - 8dded7e3-77f4-42cf-91f8-4014f88a5819@group-298AC6C8687B->e74c9e3a-193e-4dbb-b5f5-b6805398d140-AppendLogResponseHandler: received INCONSISTENCY reply with nextIndex 0, errorCount=16, request=AppendEntriesRequest:cid=15,entriesCount=18,entries=(t:2, i:1)...(t:2, i:18)
2024-04-16 13:47:05,501 [grpc-default-executor-4] INFO  leader.FollowerInfo (FollowerInfoImpl.java:info(70)) - 8dded7e3-77f4-42cf-91f8-4014f88a5819@group-298AC6C8687B->e74c9e3a-193e-4dbb-b5f5-b6805398d140: setNextIndex nextIndex: updateUnconditionally 19 -> 0
2024-04-16 13:47:05,503 [e74c9e3a-193e-4dbb-b5f5-b6805398d140-server-thread1] INFO  server.RaftServer$Division (ServerState.java:setRaftConf(386)) - e74c9e3a-193e-4dbb-b5f5-b6805398d140@group-298AC6C8687B: set configuration 0: peers:[8dded7e3-77f4-42cf-91f8-4014f88a5819|localhost:15003]|listeners:[], old=null
2024-04-16 13:47:05,503 [e74c9e3a-193e-4dbb-b5f5-b6805398d140-server-thread1] INFO  server.RaftServer$Division (ServerState.java:setRaftConf(386)) - e74c9e3a-193e-4dbb-b5f5-b6805398d140@group-298AC6C8687B: set configuration 1: peers:[8dded7e3-77f4-42cf-91f8-4014f88a5819|localhost:15003]|listeners:[], old=null
2024-04-16 13:47:05,505 [e74c9e3a-193e-4dbb-b5f5-b6805398d140-server-thread1] INFO  segmented.SegmentedRaftLogWorker (SegmentedRaftLogWorker.java:startLogSegment(430)) - e74c9e3a-193e-4dbb-b5f5-b6805398d140@group-298AC6C8687B-SegmentedRaftLogWorker: Starting segment from index:0
2024-04-16 13:47:05,505 [e74c9e3a-193e-4dbb-b5f5-b6805398d140-server-thread1] INFO  segmented.SegmentedRaftLogWorker (SegmentedRaftLogWorker.java:rollLogSegment(435)) - e74c9e3a-193e-4dbb-b5f5-b6805398d140@group-298AC6C8687B-SegmentedRaftLogWorker: Rolling segment log-0_0 to index:0
2024-04-16 13:47:05,505 [e74c9e3a-193e-4dbb-b5f5-b6805398d140@group-298AC6C8687B-SegmentedRaftLogWorker] INFO  segmented.BufferedWriteChannel (BufferedWriteChannel.java:open(62)) - open log_inprogress_0 at position 0
2024-04-16 13:47:05,515 [e74c9e3a-193e-4dbb-b5f5-b6805398d140@group-298AC6C8687B-SegmentedRaftLogWorker] INFO  segmented.SegmentedRaftLogWorker (SegmentedRaftLogWorker.java:execute(634)) - e74c9e3a-193e-4dbb-b5f5-b6805398d140@group-298AC6C8687B-SegmentedRaftLogWorker: created new log segment /home/runner/work/ozone/ozone/hadoop-ozone/integration-test/target/test-dir/MiniOzoneClusterImpl-f0f26617-5c27-4371-b446-298ac6c8687b/scmNode-2/scm-ha/f0f26617-5c27-4371-b446-298ac6c8687b/current/log_inprogress_0
2024-04-16 13:47:05,516 [e74c9e3a-193e-4dbb-b5f5-b6805398d140@group-298AC6C8687B-SegmentedRaftLogWorker] INFO  segmented.SegmentedRaftLogWorker (SegmentedRaftLogWorker.java:execute(591)) - e74c9e3a-193e-4dbb-b5f5-b6805398d140@group-298AC6C8687B-SegmentedRaftLogWorker: Rolled log segment from /home/runner/work/ozone/ozone/hadoop-ozone/integration-test/target/test-dir/MiniOzoneClusterImpl-f0f26617-5c27-4371-b446-298ac6c8687b/scmNode-2/scm-ha/f0f26617-5c27-4371-b446-298ac6c8687b/current/log_inprogress_0 to /home/runner/work/ozone/ozone/hadoop-ozone/integration-test/target/test-dir/MiniOzoneClusterImpl-f0f26617-5c27-4371-b446-298ac6c8687b/scmNode-2/scm-ha/f0f26617-5c27-4371-b446-298ac6c8687b/current/log_0-0
2024-04-16 13:47:05,516 [e74c9e3a-193e-4dbb-b5f5-b6805398d140@group-298AC6C8687B-SegmentedRaftLogWorker] INFO  segmented.BufferedWriteChannel (BufferedWriteChannel.java:open(62)) - open log_inprogress_1 at position 0
2024-04-16 13:47:05,523 [e74c9e3a-193e-4dbb-b5f5-b6805398d140@group-298AC6C8687B-SegmentedRaftLogWorker] INFO  segmented.SegmentedRaftLogWorker (SegmentedRaftLogWorker.java:execute(634)) - e74c9e3a-193e-4dbb-b5f5-b6805398d140@group-298AC6C8687B-SegmentedRaftLogWorker: created new log segment /home/runner/work/ozone/ozone/hadoop-ozone/integration-test/target/test-dir/MiniOzoneClusterImpl-f0f26617-5c27-4371-b446-298ac6c8687b/scmNode-2/scm-ha/f0f26617-5c27-4371-b446-298ac6c8687b/current/log_inprogress_1
2024-04-16 13:47:05,527 [e74c9e3a-193e-4dbb-b5f5-b6805398d140@group-298AC6C8687B-StateMachineUpdater] INFO  safemode.HealthyPipelineSafeModeRule (HealthyPipelineSafeModeRule.java:initializeRule(172)) - Refreshed total pipeline count is 0, healthy pipeline threshold count is 1
2024-04-16 13:47:05,527 [e74c9e3a-193e-4dbb-b5f5-b6805398d140@group-298AC6C8687B-StateMachineUpdater] INFO  safemode.ContainerSafeModeRule (ContainerSafeModeRule.java:reInitializeRule(191)) - Refreshed one replica container threshold 0, currentThreshold 0
2024-04-16 13:47:05,528 [e74c9e3a-193e-4dbb-b5f5-b6805398d140@group-298AC6C8687B-StateMachineUpdater] INFO  safemode.OneReplicaPipelineSafeModeRule (OneReplicaPipelineSafeModeRule.java:initializeRule(189)) - Refreshed Total pipeline count is 0, pipeline's with at least one datanode reported threshold count is 0
2024-04-16 13:47:05,528 [e74c9e3a-193e-4dbb-b5f5-b6805398d140@group-298AC6C8687B-StateMachineUpdater] INFO  server.SCMDatanodeProtocolServer (SCMDatanodeProtocolServer.java:start(194)) - ScmDatanodeProtocol RPC server for DataNodes is listening at /0.0.0.0:15012
2024-04-16 13:47:05,532 [IPC Server Responder] INFO  ipc.Server (Server.java:run(1562)) - IPC Server Responder: starting
2024-04-16 13:47:05,536 [IPC Server listener on 15012] INFO  ipc.Server (Server.java:run(1402)) - IPC Server listener on 15012: starting
2024-04-16 13:47:05,538 [8dded7e3-77f4-42cf-91f8-4014f88a5819@group-298AC6C8687B-LeaderStateImpl] INFO  server.RaftServer$Division (ServerState.java:setRaftConf(386)) - 8dded7e3-77f4-42cf-91f8-4014f88a5819@group-298AC6C8687B: set configuration 19: peers:[8dded7e3-77f4-42cf-91f8-4014f88a5819|localhost:15003, e74c9e3a-193e-4dbb-b5f5-b6805398d140|localhost:15011]|listeners:[], old=peers:[8dded7e3-77f4-42cf-91f8-4014f88a5819|localhost:15003]|listeners:[]
2024-04-16 13:47:05,545 [e74c9e3a-193e-4dbb-b5f5-b6805398d140-server-thread1] INFO  impl.RoleInfo (RoleInfo.java:updateAndGet(139)) - e74c9e3a-193e-4dbb-b5f5-b6805398d140: start e74c9e3a-193e-4dbb-b5f5-b6805398d140@group-298AC6C8687B-FollowerState
2024-04-16 13:47:05,546 [e74c9e3a-193e-4dbb-b5f5-b6805398d140-server-thread1] INFO  server.RaftServer$Division (ServerState.java:setRaftConf(386)) - e74c9e3a-193e-4dbb-b5f5-b6805398d140@group-298AC6C8687B: set configuration 19: peers:[8dded7e3-77f4-42cf-91f8-4014f88a5819|localhost:15003, e74c9e3a-193e-4dbb-b5f5-b6805398d140|localhost:15011]|listeners:[], old=peers:[8dded7e3-77f4-42cf-91f8-4014f88a5819|localhost:15003]|listeners:[]
2024-04-16 13:47:05,550 [8dded7e3-77f4-42cf-91f8-4014f88a5819@group-298AC6C8687B-LeaderStateImpl] INFO  server.RaftServer$Division (ServerState.java:setRaftConf(386)) - 8dded7e3-77f4-42cf-91f8-4014f88a5819@group-298AC6C8687B: set configuration 21: peers:[8dded7e3-77f4-42cf-91f8-4014f88a5819|localhost:15003, e74c9e3a-193e-4dbb-b5f5-b6805398d140|localhost:15011]|listeners:[], old=null
2024-04-16 13:47:05,551 [8dded7e3-77f4-42cf-91f8-4014f88a5819@group-298AC6C8687B-StateMachineUpdater] INFO  ha.SCMContext (SCMContext.java:setLeaderReady(123)) - update <isLeaderReady> from <true> to <true>
2024-04-16 13:47:05,552 [e74c9e3a-193e-4dbb-b5f5-b6805398d140-server-thread1] INFO  server.RaftServer$Division (ServerState.java:setRaftConf(386)) - e74c9e3a-193e-4dbb-b5f5-b6805398d140@group-298AC6C8687B: set configuration 21: peers:[8dded7e3-77f4-42cf-91f8-4014f88a5819|localhost:15003, e74c9e3a-193e-4dbb-b5f5-b6805398d140|localhost:15011]|listeners:[], old=null
2024-04-16 13:47:05,557 [IPC Server handler 3 on default port 15007] INFO  ha.SCMRatisServerImpl (SCMRatisServerImpl.java:addSCM(330)) - Successfully added new SCM: e74c9e3a-193e-4dbb-b5f5-b6805398d140.
2024-04-16 13:47:05,560 [8dded7e3-77f4-42cf-91f8-4014f88a5819@group-298AC6C8687B-StateMachineUpdater] INFO  ha.SCMContext (SCMContext.java:setLeaderReady(123)) - update <isLeaderReady> from <true> to <true>
2024-04-16 13:47:05,561 [main] INFO  ha.SCMHAManagerImpl (SCMHAManagerImpl.java:start(135)) - Successfully added SCM scmNode-2 to group group-298AC6C8687B:[8dded7e3-77f4-42cf-91f8-4014f88a5819|localhost:15003, e74c9e3a-193e-4dbb-b5f5-b6805398d140|localhost:15011]
2024-04-16 13:47:05,561 [main] INFO  ha.InterSCMGrpcService (InterSCMGrpcProtocolService.java:start(101)) - Starting SCM Grpc Service at port 15014
2024-04-16 13:47:05,576 [e74c9e3a-193e-4dbb-b5f5-b6805398d140@group-298AC6C8687B-StateMachineUpdater] INFO  symmetric.SecretKeyStateImpl (SecretKeyStateImpl.java:updateKeysInternal(113)) - Updating keys with [SecretKey(id = 68b50028-7613-4173-8bde-23d17e3dabf2, creation at: 2024-04-16T13:47:00.597Z, expire at: 2024-04-16T13:47:03.597Z)]
2024-04-16 13:47:05,577 [e74c9e3a-193e-4dbb-b5f5-b6805398d140@group-298AC6C8687B-StateMachineUpdater] INFO  symmetric.SecretKeyStateImpl (SecretKeyStateImpl.java:updateKeysInternal(128)) - Current key updated SecretKey(id = 68b50028-7613-4173-8bde-23d17e3dabf2, creation at: 2024-04-16T13:47:00.597Z, expire at: 2024-04-16T13:47:03.597Z)
2024-04-16 13:47:05,579 [e74c9e3a-193e-4dbb-b5f5-b6805398d140@group-298AC6C8687B-StateMachineUpdater] INFO  symmetric.LocalSecretKeyStore (LocalSecretKeyStore.java:save(109)) - Saved [SecretKey(id = 68b50028-7613-4173-8bde-23d17e3dabf2, creation at: 2024-04-16T13:47:00.597Z, expire at: 2024-04-16T13:47:03.597Z)] to file /home/runner/work/ozone/ozone/hadoop-ozone/integration-test/target/test-dir/MiniOzoneClusterImpl-f0f26617-5c27-4371-b446-298ac6c8687b/scmNode-2/scm/keys/secret_keys.json
2024-04-16 13:47:05,580 [e74c9e3a-193e-4dbb-b5f5-b6805398d140@group-298AC6C8687B-StateMachineUpdater] INFO  safemode.HealthyPipelineSafeModeRule (HealthyPipelineSafeModeRule.java:initializeRule(172)) - Refreshed total pipeline count is 0, healthy pipeline threshold count is 1
2024-04-16 13:47:05,581 [main] INFO  SCMHATransactionMonitor (BackgroundSCMService.java:start(65)) - Starting SCMHATransactionMonitor Service.
2024-04-16 13:47:05,580 [e74c9e3a-193e-4dbb-b5f5-b6805398d140@group-298AC6C8687B-StateMachineUpdater] INFO  safemode.SCMSafeModeManager (SCMSafeModeManager.java:validateSafeModeExitRules(200)) - ContainerSafeModeRule rule is successfully validated
2024-04-16 13:47:05,581 [e74c9e3a-193e-4dbb-b5f5-b6805398d140@group-298AC6C8687B-StateMachineUpdater] INFO  safemode.SCMSafeModeManager (SCMSafeModeManager.java:validateSafeModeExitRules(200)) - AtleastOneDatanodeReportedRule rule is successfully validated
2024-04-16 13:47:05,581 [main] INFO  ha.SCMServiceManager (SCMServiceManager.java:register(42)) - Registering service SCMHATransactionMonitor.
2024-04-16 13:47:05,582 [main] INFO  SCMHATransactionMonitor (BackgroundSCMService.java:start(62)) - SCMHATransactionMonitor Service is already running, skip start.
2024-04-16 13:47:05,583 [e74c9e3a-193e-4dbb-b5f5-b6805398d140@group-298AC6C8687B-StateMachineUpdater] INFO  symmetric.SecretKeyStateImpl (SecretKeyStateImpl.java:updateKeysInternal(113)) - Updating keys with [SecretKey(id = 68b50028-7613-4173-8bde-23d17e3dabf2, creation at: 2024-04-16T13:47:00.597Z, expire at: 2024-04-16T13:47:03.597Z), SecretKey(id = 2069e43e-eaff-4449-b65e-0238d1856071, creation at: 2024-04-16T13:47:01.615Z, expire at: 2024-04-16T13:47:04.615Z)]
2024-04-16 13:47:05,583 [e74c9e3a-193e-4dbb-b5f5-b6805398d140@group-298AC6C8687B-StateMachineUpdater] INFO  symmetric.SecretKeyStateImpl (SecretKeyStateImpl.java:updateKeysInternal(128)) - Current key updated SecretKey(id = 2069e43e-eaff-4449-b65e-0238d1856071, creation at: 2024-04-16T13:47:01.615Z, expire at: 2024-04-16T13:47:04.615Z)
2024-04-16 13:47:05,585 [e74c9e3a-193e-4dbb-b5f5-b6805398d140@group-298AC6C8687B-StateMachineUpdater] INFO  symmetric.LocalSecretKeyStore (LocalSecretKeyStore.java:save(109)) - Saved [SecretKey(id = 2069e43e-eaff-4449-b65e-0238d1856071, creation at: 2024-04-16T13:47:01.615Z, expire at: 2024-04-16T13:47:04.615Z), SecretKey(id = 68b50028-7613-4173-8bde-23d17e3dabf2, creation at: 2024-04-16T13:47:00.597Z, expire at: 2024-04-16T13:47:03.597Z)] to file /home/runner/work/ozone/ozone/hadoop-ozone/integration-test/target/test-dir/MiniOzoneClusterImpl-f0f26617-5c27-4371-b446-298ac6c8687b/scmNode-2/scm/keys/secret_keys.json
2024-04-16 13:47:05,585 [e74c9e3a-193e-4dbb-b5f5-b6805398d140@group-298AC6C8687B-StateMachineUpdater] INFO  safemode.HealthyPipelineSafeModeRule (HealthyPipelineSafeModeRule.java:initializeRule(172)) - Refreshed total pipeline count is 0, healthy pipeline threshold count is 1
2024-04-16 13:47:05,591 [e74c9e3a-193e-4dbb-b5f5-b6805398d140@group-298AC6C8687B-StateMachineUpdater] INFO  symmetric.SecretKeyStateImpl (SecretKeyStateImpl.java:updateKeysInternal(113)) - Updating keys with [SecretKey(id = 2069e43e-eaff-4449-b65e-0238d1856071, creation at: 2024-04-16T13:47:01.615Z, expire at: 2024-04-16T13:47:04.615Z), SecretKey(id = 68b50028-7613-4173-8bde-23d17e3dabf2, creation at: 2024-04-16T13:47:00.597Z, expire at: 2024-04-16T13:47:03.597Z), SecretKey(id = 06cd2af1-f0ea-4b52-b418-8de4bdeaee63, creation at: 2024-04-16T13:47:02.615Z, expire at: 2024-04-16T13:47:05.615Z)]
2024-04-16 13:47:05,593 [e74c9e3a-193e-4dbb-b5f5-b6805398d140@group-298AC6C8687B-StateMachineUpdater] INFO  symmetric.SecretKeyStateImpl (SecretKeyStateImpl.java:updateKeysInternal(128)) - Current key updated SecretKey(id = 06cd2af1-f0ea-4b52-b418-8de4bdeaee63, creation at: 2024-04-16T13:47:02.615Z, expire at: 2024-04-16T13:47:05.615Z)
2024-04-16 13:47:05,594 [e74c9e3a-193e-4dbb-b5f5-b6805398d140@group-298AC6C8687B-StateMachineUpdater] INFO  symmetric.LocalSecretKeyStore (LocalSecretKeyStore.java:save(109)) - Saved [SecretKey(id = 06cd2af1-f0ea-4b52-b418-8de4bdeaee63, creation at: 2024-04-16T13:47:02.615Z, expire at: 2024-04-16T13:47:05.615Z), SecretKey(id = 2069e43e-eaff-4449-b65e-0238d1856071, creation at: 2024-04-16T13:47:01.615Z, expire at: 2024-04-16T13:47:04.615Z), SecretKey(id = 68b50028-7613-4173-8bde-23d17e3dabf2, creation at: 2024-04-16T13:47:00.597Z, expire at: 2024-04-16T13:47:03.597Z)] to file /home/runner/work/ozone/ozone/hadoop-ozone/integration-test/target/test-dir/MiniOzoneClusterImpl-f0f26617-5c27-4371-b446-298ac6c8687b/scmNode-2/scm/keys/secret_keys.json
2024-04-16 13:47:05,595 [e74c9e3a-193e-4dbb-b5f5-b6805398d140@group-298AC6C8687B-StateMachineUpdater] INFO  safemode.HealthyPipelineSafeModeRule (HealthyPipelineSafeModeRule.java:initializeRule(172)) - Refreshed total pipeline count is 0, healthy pipeline threshold count is 1
2024-04-16 13:47:05,601 [e74c9e3a-193e-4dbb-b5f5-b6805398d140@group-298AC6C8687B-StateMachineUpdater] INFO  symmetric.SecretKeyStateImpl (SecretKeyStateImpl.java:updateKeysInternal(113)) - Updating keys with [SecretKey(id = 06cd2af1-f0ea-4b52-b418-8de4bdeaee63, creation at: 2024-04-16T13:47:02.615Z, expire at: 2024-04-16T13:47:05.615Z), SecretKey(id = 2069e43e-eaff-4449-b65e-0238d1856071, creation at: 2024-04-16T13:47:01.615Z, expire at: 2024-04-16T13:47:04.615Z), SecretKey(id = 5e930dc6-7b6c-4a52-96a8-e1bb1ff945e8, creation at: 2024-04-16T13:47:03.615Z, expire at: 2024-04-16T13:47:06.615Z)]
2024-04-16 13:47:05,601 [e74c9e3a-193e-4dbb-b5f5-b6805398d140@group-298AC6C8687B-StateMachineUpdater] INFO  symmetric.SecretKeyStateImpl (SecretKeyStateImpl.java:updateKeysInternal(128)) - Current key updated SecretKey(id = 5e930dc6-7b6c-4a52-96a8-e1bb1ff945e8, creation at: 2024-04-16T13:47:03.615Z, expire at: 2024-04-16T13:47:06.615Z)
2024-04-16 13:47:05,602 [e74c9e3a-193e-4dbb-b5f5-b6805398d140@group-298AC6C8687B-StateMachineUpdater] INFO  symmetric.LocalSecretKeyStore (LocalSecretKeyStore.java:save(109)) - Saved [SecretKey(id = 5e930dc6-7b6c-4a52-96a8-e1bb1ff945e8, creation at: 2024-04-16T13:47:03.615Z, expire at: 2024-04-16T13:47:06.615Z), SecretKey(id = 06cd2af1-f0ea-4b52-b418-8de4bdeaee63, creation at: 2024-04-16T13:47:02.615Z, expire at: 2024-04-16T13:47:05.615Z), SecretKey(id = 2069e43e-eaff-4449-b65e-0238d1856071, creation at: 2024-04-16T13:47:01.615Z, expire at: 2024-04-16T13:47:04.615Z)] to file /home/runner/work/ozone/ozone/hadoop-ozone/integration-test/target/test-dir/MiniOzoneClusterImpl-f0f26617-5c27-4371-b446-298ac6c8687b/scmNode-2/scm/keys/secret_keys.json
2024-04-16 13:47:05,602 [e74c9e3a-193e-4dbb-b5f5-b6805398d140@group-298AC6C8687B-StateMachineUpdater] INFO  safemode.HealthyPipelineSafeModeRule (HealthyPipelineSafeModeRule.java:initializeRule(172)) - Refreshed total pipeline count is 0, healthy pipeline threshold count is 1
2024-04-16 13:47:05,609 [e74c9e3a-193e-4dbb-b5f5-b6805398d140@group-298AC6C8687B-StateMachineUpdater] WARN  ha.SequenceIdGenerator (SequenceIdGenerator.java:allocateBatch(258)) - Failed to allocate a batch for CertificateId, expected lastId is 0, actual lastId is 2.
2024-04-16 13:47:05,611 [e74c9e3a-193e-4dbb-b5f5-b6805398d140@group-298AC6C8687B-StateMachineUpdater] INFO  safemode.HealthyPipelineSafeModeRule (HealthyPipelineSafeModeRule.java:initializeRule(172)) - Refreshed total pipeline count is 0, healthy pipeline threshold count is 1
2024-04-16 13:47:05,611 [e74c9e3a-193e-4dbb-b5f5-b6805398d140@group-298AC6C8687B-StateMachineUpdater] INFO  safemode.HealthyPipelineSafeModeRule (HealthyPipelineSafeModeRule.java:initializeRule(172)) - Refreshed total pipeline count is 0, healthy pipeline threshold count is 1
2024-04-16 13:47:05,615 [scmNode-1-SecretKeyManagerService] INFO  symmetric.SecretKeyManager (SecretKeyManager.java:checkAndRotate(125)) - SecretKey rotation is happening, new key generated SecretKey(id = 999d0564-4666-4184-92cb-e2e87c177889, creation at: 2024-04-16T13:47:05.615Z, expire at: 2024-04-16T13:47:08.615Z)
2024-04-16 13:47:05,615 [e74c9e3a-193e-4dbb-b5f5-b6805398d140@group-298AC6C8687B-StateMachineUpdater] INFO  symmetric.SecretKeyStateImpl (SecretKeyStateImpl.java:updateKeysInternal(113)) - Updating keys with [SecretKey(id = 5e930dc6-7b6c-4a52-96a8-e1bb1ff945e8, creation at: 2024-04-16T13:47:03.615Z, expire at: 2024-04-16T13:47:06.615Z), SecretKey(id = 06cd2af1-f0ea-4b52-b418-8de4bdeaee63, creation at: 2024-04-16T13:47:02.615Z, expire at: 2024-04-16T13:47:05.615Z), SecretKey(id = 2069e43e-eaff-4449-b65e-0238d1856071, creation at: 2024-04-16T13:47:01.615Z, expire at: 2024-04-16T13:47:04.615Z), SecretKey(id = ac41737f-2f04-4cbf-86c9-541d82fcba77, creation at: 2024-04-16T13:47:04.615Z, expire at: 2024-04-16T13:47:07.615Z)]
2024-04-16 13:47:05,619 [e74c9e3a-193e-4dbb-b5f5-b6805398d140@group-298AC6C8687B-StateMachineUpdater] INFO  symmetric.SecretKeyStateImpl (SecretKeyStateImpl.java:updateKeysInternal(128)) - Current key updated SecretKey(id = ac41737f-2f04-4cbf-86c9-541d82fcba77, creation at: 2024-04-16T13:47:04.615Z, expire at: 2024-04-16T13:47:07.615Z)
2024-04-16 13:47:05,624 [main] INFO  impl.MetricsSystemImpl (MetricsSystemImpl.java:init(158)) - StorageContainerManager metrics system started (again)
2024-04-16 13:47:05,625 [e74c9e3a-193e-4dbb-b5f5-b6805398d140@group-298AC6C8687B-StateMachineUpdater] INFO  symmetric.LocalSecretKeyStore (LocalSecretKeyStore.java:save(109)) - Saved [SecretKey(id = ac41737f-2f04-4cbf-86c9-541d82fcba77, creation at: 2024-04-16T13:47:04.615Z, expire at: 2024-04-16T13:47:07.615Z), SecretKey(id = 5e930dc6-7b6c-4a52-96a8-e1bb1ff945e8, creation at: 2024-04-16T13:47:03.615Z, expire at: 2024-04-16T13:47:06.615Z), SecretKey(id = 06cd2af1-f0ea-4b52-b418-8de4bdeaee63, creation at: 2024-04-16T13:47:02.615Z, expire at: 2024-04-16T13:47:05.615Z), SecretKey(id = 2069e43e-eaff-4449-b65e-0238d1856071, creation at: 2024-04-16T13:47:01.615Z, expire at: 2024-04-16T13:47:04.615Z)] to file /home/runner/work/ozone/ozone/hadoop-ozone/integration-test/target/test-dir/MiniOzoneClusterImpl-f0f26617-5c27-4371-b446-298ac6c8687b/scmNode-2/scm/keys/secret_keys.json
2024-04-16 13:47:05,625 [8dded7e3-77f4-42cf-91f8-4014f88a5819@group-298AC6C8687B-StateMachineUpdater] INFO  symmetric.SecretKeyStateImpl (SecretKeyStateImpl.java:updateKeysInternal(113)) - Updating keys with [SecretKey(id = ac41737f-2f04-4cbf-86c9-541d82fcba77, creation at: 2024-04-16T13:47:04.615Z, expire at: 2024-04-16T13:47:07.615Z), SecretKey(id = 5e930dc6-7b6c-4a52-96a8-e1bb1ff945e8, creation at: 2024-04-16T13:47:03.615Z, expire at: 2024-04-16T13:47:06.615Z), SecretKey(id = 06cd2af1-f0ea-4b52-b418-8de4bdeaee63, creation at: 2024-04-16T13:47:02.615Z, expire at: 2024-04-16T13:47:05.615Z), SecretKey(id = 999d0564-4666-4184-92cb-e2e87c177889, creation at: 2024-04-16T13:47:05.615Z, expire at: 2024-04-16T13:47:08.615Z)]
2024-04-16 13:47:05,628 [8dded7e3-77f4-42cf-91f8-4014f88a5819@group-298AC6C8687B-StateMachineUpdater] INFO  symmetric.SecretKeyStateImpl (SecretKeyStateImpl.java:updateKeysInternal(128)) - Current key updated SecretKey(id = 999d0564-4666-4184-92cb-e2e87c177889, creation at: 2024-04-16T13:47:05.615Z, expire at: 2024-04-16T13:47:08.615Z)
2024-04-16 13:47:05,629 [8dded7e3-77f4-42cf-91f8-4014f88a5819@group-298AC6C8687B-StateMachineUpdater] INFO  symmetric.LocalSecretKeyStore (LocalSecretKeyStore.java:save(109)) - Saved [SecretKey(id = 999d0564-4666-4184-92cb-e2e87c177889, creation at: 2024-04-16T13:47:05.615Z, expire at: 2024-04-16T13:47:08.615Z), SecretKey(id = ac41737f-2f04-4cbf-86c9-541d82fcba77, creation at: 2024-04-16T13:47:04.615Z, expire at: 2024-04-16T13:47:07.615Z), SecretKey(id = 5e930dc6-7b6c-4a52-96a8-e1bb1ff945e8, creation at: 2024-04-16T13:47:03.615Z, expire at: 2024-04-16T13:47:06.615Z), SecretKey(id = 06cd2af1-f0ea-4b52-b418-8de4bdeaee63, creation at: 2024-04-16T13:47:02.615Z, expire at: 2024-04-16T13:47:05.615Z)] to file /home/runner/work/ozone/ozone/hadoop-ozone/integration-test/target/test-dir/MiniOzoneClusterImpl-f0f26617-5c27-4371-b446-298ac6c8687b/scmNode-1/scm/keys/secret_keys.json
2024-04-16 13:47:05,629 [8dded7e3-77f4-42cf-91f8-4014f88a5819@group-298AC6C8687B-StateMachineUpdater] INFO  safemode.HealthyPipelineSafeModeRule (HealthyPipelineSafeModeRule.java:initializeRule(172)) - Refreshed total pipeline count is 0, healthy pipeline threshold count is 1
2024-04-16 13:47:05,630 [e74c9e3a-193e-4dbb-b5f5-b6805398d140@group-298AC6C8687B-StateMachineUpdater] INFO  safemode.HealthyPipelineSafeModeRule (HealthyPipelineSafeModeRule.java:initializeRule(172)) - Refreshed total pipeline count is 0, healthy pipeline threshold count is 1
2024-04-16 13:47:05,633 [e74c9e3a-193e-4dbb-b5f5-b6805398d140@group-298AC6C8687B-StateMachineUpdater] INFO  server.SCMCertStore (SCMCertStore.java:storeValidScmCertificate(122)) - Scm certificate 3 for CN=scm-sub@localhost,OU=e74c9e3a-193e-4dbb-b5f5-b6805398d140,O=f0f26617-5c27-4371-b446-298ac6c8687b,SERIALNUMBER=3 is stored
2024-04-16 13:47:05,633 [e74c9e3a-193e-4dbb-b5f5-b6805398d140@group-298AC6C8687B-StateMachineUpdater] INFO  safemode.HealthyPipelineSafeModeRule (HealthyPipelineSafeModeRule.java:initializeRule(172)) - Refreshed total pipeline count is 0, healthy pipeline threshold count is 1
2024-04-16 13:47:05,647 [e74c9e3a-193e-4dbb-b5f5-b6805398d140@group-298AC6C8687B-StateMachineUpdater] INFO  symmetric.SecretKeyStateImpl (SecretKeyStateImpl.java:updateKeysInternal(113)) - Updating keys with [SecretKey(id = ac41737f-2f04-4cbf-86c9-541d82fcba77, creation at: 2024-04-16T13:47:04.615Z, expire at: 2024-04-16T13:47:07.615Z), SecretKey(id = 5e930dc6-7b6c-4a52-96a8-e1bb1ff945e8, creation at: 2024-04-16T13:47:03.615Z, expire at: 2024-04-16T13:47:06.615Z), SecretKey(id = 06cd2af1-f0ea-4b52-b418-8de4bdeaee63, creation at: 2024-04-16T13:47:02.615Z, expire at: 2024-04-16T13:47:05.615Z), SecretKey(id = 999d0564-4666-4184-92cb-e2e87c177889, creation at: 2024-04-16T13:47:05.615Z, expire at: 2024-04-16T13:47:08.615Z)]
2024-04-16 13:47:05,648 [e74c9e3a-193e-4dbb-b5f5-b6805398d140@group-298AC6C8687B-StateMachineUpdater] INFO  symmetric.SecretKeyStateImpl (SecretKeyStateImpl.java:updateKeysInternal(128)) - Current key updated SecretKey(id = 999d0564-4666-4184-92cb-e2e87c177889, creation at: 2024-04-16T13:47:05.615Z, expire at: 2024-04-16T13:47:08.615Z)
2024-04-16 13:47:05,649 [e74c9e3a-193e-4dbb-b5f5-b6805398d140@group-298AC6C8687B-StateMachineUpdater] INFO  symmetric.LocalSecretKeyStore (LocalSecretKeyStore.java:save(109)) - Saved [SecretKey(id = 999d0564-4666-4184-92cb-e2e87c177889, creation at: 2024-04-16T13:47:05.615Z, expire at: 2024-04-16T13:47:08.615Z), SecretKey(id = ac41737f-2f04-4cbf-86c9-541d82fcba77, creation at: 2024-04-16T13:47:04.615Z, expire at: 2024-04-16T13:47:07.615Z), SecretKey(id = 5e930dc6-7b6c-4a52-96a8-e1bb1ff945e8, creation at: 2024-04-16T13:47:03.615Z, expire at: 2024-04-16T13:47:06.615Z), SecretKey(id = 06cd2af1-f0ea-4b52-b418-8de4bdeaee63, creation at: 2024-04-16T13:47:02.615Z, expire at: 2024-04-16T13:47:05.615Z)] to file /home/runner/work/ozone/ozone/hadoop-ozone/integration-test/target/test-dir/MiniOzoneClusterImpl-f0f26617-5c27-4371-b446-298ac6c8687b/scmNode-2/scm/keys/secret_keys.json
2024-04-16 13:47:05,650 [e74c9e3a-193e-4dbb-b5f5-b6805398d140@group-298AC6C8687B-StateMachineUpdater] INFO  safemode.HealthyPipelineSafeModeRule (HealthyPipelineSafeModeRule.java:initializeRule(172)) - Refreshed total pipeline count is 0, healthy pipeline threshold count is 1
2024-04-16 13:47:05,652 [main] INFO  server.SCMClientProtocolServer (SCMClientProtocolServer.java:start(204)) - RPC server for Client  is listening at /0.0.0.0:15013
2024-04-16 13:47:05,657 [IPC Server Responder] INFO  ipc.Server (Server.java:run(1562)) - IPC Server Responder: starting
2024-04-16 13:47:05,657 [IPC Server listener on 15013] INFO  ipc.Server (Server.java:run(1402)) - IPC Server listener on 15013: starting
2024-04-16 13:47:05,684 [main] INFO  server.StorageContainerManager (StorageContainerManager.java:start(1558)) - ScmBlockLocationProtocol RPC server is listening at /0.0.0.0:15015
2024-04-16 13:47:05,685 [main] INFO  server.SCMBlockProtocolServer (SCMBlockProtocolServer.java:start(162)) - RPC server for Block Protocol is listening at /0.0.0.0:15015
2024-04-16 13:47:05,688 [IPC Server Responder] INFO  ipc.Server (Server.java:run(1562)) - IPC Server Responder: starting
2024-04-16 13:47:05,688 [IPC Server listener on 15015] INFO  ipc.Server (Server.java:run(1402)) - IPC Server listener on 15015: starting
2024-04-16 13:47:05,703 [main] INFO  server.SCMSecurityProtocolServer (SCMSecurityProtocolServer.java:start(558)) - Starting RPC server for SCMSecurityProtocolServer. is listening at /0.0.0.0:15010
2024-04-16 13:47:05,704 [IPC Server Responder] INFO  ipc.Server (Server.java:run(1562)) - IPC Server Responder: starting
2024-04-16 13:47:05,704 [IPC Server listener on 15010] INFO  ipc.Server (Server.java:run(1402)) - IPC Server listener on 15010: starting
2024-04-16 13:47:05,704 [main] INFO  server.SCMUpdateServiceGrpcServer (SCMUpdateServiceGrpcServer.java:start(58)) - SCMUpdateService starting
2024-04-16 13:47:05,715 [Socket Reader #1 for port 15002] INFO  ipc.Server (Server.java:saslProcess(2139)) - Auth successful for scm/fv-az1428-817.utppd1leec2uvmgjoennxb5ynh.ex.internal.cloudapp.net@EXAMPLE.COM (auth:KERBEROS) from fv-az1428-817.utppd1leec2uvmgjoennxb5ynh.ex.internal.cloudapp.net:35891 / 10.1.0.24:35891
2024-04-16 13:47:05,718 [Socket Reader #1 for port 15002] INFO  authorize.ServiceAuthorizationManager (ServiceAuthorizationManager.java:authorize(137)) - Authorization successful for scm/fv-az1428-817.utppd1leec2uvmgjoennxb5ynh.ex.internal.cloudapp.net@EXAMPLE.COM (auth:KERBEROS) for protocol=interface org.apache.hadoop.hdds.protocol.SCMSecurityProtocol
2024-04-16 13:47:05,725 [main] INFO  server.StorageContainerManager (StorageContainerManager.java:persistSCMCertificates(1626)) - Persist certificate serialId 1 on Scm Bootstrap Node e74c9e3a-193e-4dbb-b5f5-b6805398d140
2024-04-16 13:47:05,730 [main] INFO  server.SCMCertStore (SCMCertStore.java:storeValidScmCertificate(122)) - Scm certificate 1 for CN=scm@fv-az1428-817,OU=8dded7e3-77f4-42cf-91f8-4014f88a5819,O=f0f26617-5c27-4371-b446-298ac6c8687b,SERIALNUMBER=1 is stored
2024-04-16 13:47:05,731 [main] INFO  server.StorageContainerManager (StorageContainerManager.java:persistSCMCertificates(1626)) - Persist certificate serialId 2 on Scm Bootstrap Node e74c9e3a-193e-4dbb-b5f5-b6805398d140
2024-04-16 13:47:05,732 [main] INFO  server.SCMCertStore (SCMCertStore.java:storeValidScmCertificate(122)) - Scm certificate 2 for CN=scm-sub@localhost,OU=8dded7e3-77f4-42cf-91f8-4014f88a5819,O=f0f26617-5c27-4371-b446-298ac6c8687b,SERIALNUMBER=2 is stored
2024-04-16 13:47:05,735 [main] INFO  http.BaseHttpServer (BaseHttpServer.java:newHttpServer2BuilderForOzone(223)) - Starting Web-server for scm at: http://0.0.0.0:15008
2024-04-16 13:47:05,735 [main] INFO  http.BaseHttpServer (BaseHttpServer.java:<init>(110)) - Hadoop Security Enabled: true Ozone Security Enabled: true Ozone HTTP Security Enabled: false 
2024-04-16 13:47:05,737 [main] WARN  server.AuthenticationFilter (AuthenticationFilter.java:constructSecretProvider(240)) - Unable to initialize FileSignerSecretProvider, falling back to use random secrets. Reason: Could not read signature secret file: /home/runner/hadoop-http-auth-signature-secret
2024-04-16 13:47:05,738 [main] INFO  http.HttpRequestLog (HttpRequestLog.java:getRequestLog(86)) - Http request log for http.requests.scm is not defined
2024-04-16 13:47:05,740 [main] INFO  http.HttpServer2 (HttpServer2.java:addGlobalFilter(1036)) - Added global filter 'safety' (class=org.apache.hadoop.hdds.server.http.HttpServer2$QuotingInputFilter)
2024-04-16 13:47:05,741 [main] INFO  http.HttpServer2 (HttpServer2.java:addFilter(1012)) - Added filter static_user_filter (class=org.apache.hadoop.http.lib.StaticUserWebFilter$StaticUserFilter) to context scm
2024-04-16 13:47:05,741 [main] INFO  http.HttpServer2 (HttpServer2.java:addFilter(1020)) - Added filter static_user_filter (class=org.apache.hadoop.http.lib.StaticUserWebFilter$StaticUserFilter) to context logs
2024-04-16 13:47:05,741 [main] INFO  http.HttpServer2 (HttpServer2.java:addFilter(1020)) - Added filter static_user_filter (class=org.apache.hadoop.http.lib.StaticUserWebFilter$StaticUserFilter) to context static
2024-04-16 13:47:05,742 [main] INFO  http.BaseHttpServer (BaseHttpServer.java:<init>(189)) - HTTP server of scm uses base directory /home/runner/work/ozone/ozone/hadoop-ozone/integration-test/target/test-dir/MiniOzoneClusterImpl-f0f26617-5c27-4371-b446-298ac6c8687b/scmNode-2/webserver
2024-04-16 13:47:05,743 [main] INFO  http.HttpServer2 (HttpServer2.java:bindListener(1236)) - Jetty bound to port 15008
2024-04-16 13:47:05,743 [main] INFO  server.Server (Server.java:doStart(375)) - jetty-9.4.53.v20231009; built: 2023-10-09T12:29:09.265Z; git: 27bde00a0b95a1d5bbee0eae7984f891d2d0f8c9; jvm 1.8.0_402-b06
2024-04-16 13:47:05,745 [main] INFO  server.session (DefaultSessionIdManager.java:doStart(334)) - DefaultSessionIdManager workerName=node0
2024-04-16 13:47:05,745 [main] INFO  server.session (DefaultSessionIdManager.java:doStart(339)) - No SessionScavenger set, using defaults
2024-04-16 13:47:05,745 [main] INFO  server.session (HouseKeeper.java:startScavenging(132)) - node0 Scavenging every 600000ms
2024-04-16 13:47:05,746 [main] INFO  handler.ContextHandler (ContextHandler.java:doStart(921)) - Started o.e.j.s.ServletContextHandler@61be2a65{logs,/logs,file:///home/runner/work/ozone/ozone/hadoop-ozone/integration-test/target/log,AVAILABLE}
2024-04-16 13:47:05,747 [main] INFO  handler.ContextHandler (ContextHandler.java:doStart(921)) - Started o.e.j.s.ServletContextHandler@68ae86a2{static,/static,file:///home/runner/work/ozone/ozone/hadoop-ozone/integration-test/target/test-classes/webapps/static,AVAILABLE}
2024-04-16 13:47:05,750 [main] INFO  handler.ContextHandler (ContextHandler.java:doStart(921)) - Started o.e.j.w.WebAppContext@31a65ddd{scm,/,file:///home/runner/work/ozone/ozone/hadoop-ozone/integration-test/target/test-classes/webapps/scm/,AVAILABLE}{file:/home/runner/work/ozone/ozone/hadoop-ozone/integration-test/target/test-classes/webapps/scm}
2024-04-16 13:47:05,752 [main] INFO  server.AbstractConnector (AbstractConnector.java:doStart(333)) - Started ServerConnector@28a4ac78{HTTP/1.1, (http/1.1)}{0.0.0.0:15008}
2024-04-16 13:47:05,753 [main] INFO  server.Server (Server.java:doStart(415)) - Started @22082ms
2024-04-16 13:47:05,753 [main] WARN  impl.MetricsSystemImpl (MetricsSystemImpl.java:register(279)) - Sink prometheus already exists!
2024-04-16 13:47:05,754 [main] INFO  http.BaseHttpServer (BaseHttpServer.java:updateConnectorAddress(354)) - HTTP server of scm listening at http://0.0.0.0:15008
2024-04-16 13:47:05,755 [main] INFO  ozone.MiniOzoneHAClusterImpl (MiniOzoneHAClusterImpl.java:createSCMService(590)) - Started SCM RPC server at /0.0.0.0:15013
2024-04-16 13:47:05,757 [main] WARN  server.ServerUtils (ServerUtils.java:getScmDbDir(143)) - ozone.scm.db.dirs is not configured. We recommend adding this setting. Falling back to ozone.metadata.dirs instead.
2024-04-16 13:47:05,758 [main] INFO  ha.SCMHANodeDetails (SCMHANodeDetails.java:loadSCMHAConfig(207)) - ServiceID for StorageContainerManager is TestSecretKey
2024-04-16 13:47:05,758 [main] INFO  ha.SCMHANodeDetails (SCMHANodeDetails.java:loadSCMHAConfig(218)) - ServiceID for StorageContainerManager is TestSecretKey
2024-04-16 13:47:05,759 [main] WARN  scm.ScmUtils (ScmUtils.java:logWarn(192)) - ConfigKey ozone.scm.block.client.address is deprecated, For configuring different ports for each SCM use PortConfigKey ozone.scm.block.client.port appended with serviceId and nodeId. If want to configure same port configure ozone.scm.block.client.port
2024-04-16 13:47:05,758 [IPC Server handler 1 on default port 15002] INFO  client.SCMCertificateClient (DefaultCertificateClient.java:getAllRootCaCerts(973)) - scm/sub-ca has 0 Root CA certificates
2024-04-16 13:47:05,759 [main] WARN  scm.ScmUtils (ScmUtils.java:logWarn(192)) - ConfigKey ozone.scm.client.address is deprecated, For configuring different ports for each SCM use PortConfigKey ozone.scm.client.port appended with serviceId and nodeId. If want to configure same port configure ozone.scm.client.port
2024-04-16 13:47:05,759 [main] WARN  scm.ScmUtils (ScmUtils.java:logWarn(192)) - ConfigKey ozone.scm.datanode.address is deprecated, For configuring different ports for each SCM use PortConfigKey ozone.scm.datanode.port appended with serviceId and nodeId. If want to configure same port configure ozone.scm.datanode.port
2024-04-16 13:47:05,760 [main] WARN  scm.ScmUtils (ScmUtils.java:logWarn(192)) - ConfigKey ozone.scm.block.client.address is deprecated, For configuring different ports for each SCM use PortConfigKey ozone.scm.block.client.port appended with serviceId and nodeId. If want to configure same port configure ozone.scm.block.client.port
2024-04-16 13:47:05,760 [main] WARN  scm.ScmUtils (ScmUtils.java:logWarn(192)) - ConfigKey ozone.scm.client.address is deprecated, For configuring different ports for each SCM use PortConfigKey ozone.scm.client.port appended with serviceId and nodeId. If want to configure same port configure ozone.scm.client.port
2024-04-16 13:47:05,760 [main] WARN  scm.ScmUtils (ScmUtils.java:logWarn(192)) - ConfigKey ozone.scm.datanode.address is deprecated, For configuring different ports for each SCM use PortConfigKey ozone.scm.datanode.port appended with serviceId and nodeId. If want to configure same port configure ozone.scm.datanode.port
2024-04-16 13:47:05,760 [main] INFO  ha.SCMHANodeDetails (SCMHANodeDetails.java:loadSCMHAConfig(305)) - Found matching SCM address with SCMServiceId: TestSecretKey, SCMNodeId: scmNode-3, RPC Address: localhost:15019 and Ratis port: 15019
2024-04-16 13:47:05,761 [main] INFO  ha.SCMHANodeDetails (ConfUtils.java:setNodeSpecificConfigs(97)) - Setting configuration key ozone.scm.datanode.address with value of key ozone.scm.datanode.address.TestSecretKey.scmNode-3: 127.0.0.1:15020
2024-04-16 13:47:05,761 [main] INFO  ha.SCMHANodeDetails (ConfUtils.java:setNodeSpecificConfigs(97)) - Setting configuration key ozone.scm.block.client.address with value of key ozone.scm.block.client.address.TestSecretKey.scmNode-3: 127.0.0.1:15023
2024-04-16 13:47:05,761 [main] INFO  ha.SCMHANodeDetails (ConfUtils.java:setNodeSpecificConfigs(97)) - Setting configuration key ozone.scm.client.address with value of key ozone.scm.client.address.TestSecretKey.scmNode-3: 127.0.0.1:15021
2024-04-16 13:47:05,761 [main] INFO  ha.SCMHANodeDetails (ConfUtils.java:setNodeSpecificConfigs(97)) - Setting configuration key ozone.scm.security.service.address with value of key ozone.scm.security.service.address.TestSecretKey.scmNode-3: 127.0.0.1:15018
2024-04-16 13:47:05,761 [main] INFO  ha.SCMHANodeDetails (ConfUtils.java:setNodeSpecificConfigs(97)) - Setting configuration key ozone.scm.ratis.port with value of key ozone.scm.ratis.port.TestSecretKey.scmNode-3: 15019
2024-04-16 13:47:05,762 [main] INFO  ha.SCMHANodeDetails (ConfUtils.java:setNodeSpecificConfigs(97)) - Setting configuration key ozone.scm.grpc.port with value of key ozone.scm.grpc.port.TestSecretKey.scmNode-3: 15022
2024-04-16 13:47:05,762 [main] INFO  ha.SCMHANodeDetails (ConfUtils.java:setNodeSpecificConfigs(97)) - Setting configuration key ozone.scm.http-address with value of key ozone.scm.http-address.TestSecretKey.scmNode-3: 127.0.0.1:15016
2024-04-16 13:47:05,759 [IPC Server handler 1 on default port 15002] INFO  client.SCMCertificateClient (DefaultCertificateClient.java:getAllCaCerts(981)) - scm/sub-ca has 1 CA certificates
2024-04-16 13:47:05,762 [main] INFO  ha.SCMHANodeDetails (ConfUtils.java:setNodeSpecificConfigs(97)) - Setting configuration key ozone.scm.https-address with value of key ozone.scm.https-address.TestSecretKey.scmNode-3: 127.0.0.1:15017
2024-04-16 13:47:05,762 [main] INFO  ha.SCMHANodeDetails (ConfUtils.java:setNodeSpecificConfigs(97)) - Setting configuration key ozone.scm.address with value of key ozone.scm.address.TestSecretKey.scmNode-3: 127.0.0.1
2024-04-16 13:47:05,762 [main] WARN  scm.ScmUtils (ScmUtils.java:logWarn(192)) - ConfigKey ozone.scm.block.client.address is deprecated, For configuring different ports for each SCM use PortConfigKey ozone.scm.block.client.port appended with serviceId and nodeId. If want to configure same port configure ozone.scm.block.client.port
2024-04-16 13:47:05,763 [main] WARN  scm.ScmUtils (ScmUtils.java:logWarn(192)) - ConfigKey ozone.scm.client.address is deprecated, For configuring different ports for each SCM use PortConfigKey ozone.scm.client.port appended with serviceId and nodeId. If want to configure same port configure ozone.scm.client.port
2024-04-16 13:47:05,763 [main] WARN  scm.ScmUtils (ScmUtils.java:logWarn(192)) - ConfigKey ozone.scm.datanode.address is deprecated, For configuring different ports for each SCM use PortConfigKey ozone.scm.datanode.port appended with serviceId and nodeId. If want to configure same port configure ozone.scm.datanode.port
2024-04-16 13:47:05,763 [e74c9e3a-193e-4dbb-b5f5-b6805398d140-scm/sub-ca-refreshCACertificates] INFO  client.SCMCertificateClient (DefaultCertificateClient.java:getAllRootCaCerts(973)) - scm/sub-ca has 0 Root CA certificates
2024-04-16 13:47:05,763 [e74c9e3a-193e-4dbb-b5f5-b6805398d140-scm/sub-ca-refreshCACertificates] INFO  client.SCMCertificateClient (DefaultCertificateClient.java:getAllCaCerts(981)) - scm/sub-ca has 1 CA certificates
2024-04-16 13:47:05,763 [main] INFO  ha.SCMNodeInfo (SCMNodeInfo.java:getPort(197)) - ConfigKey ozone.scm.client.address is deprecated, For configuring different ports for each SCM use PortConfigKey ozone.scm.client.port appended with serviceId and nodeId
2024-04-16 13:47:05,764 [main] INFO  ha.SCMNodeInfo (SCMNodeInfo.java:getPort(197)) - ConfigKey ozone.scm.block.client.address is deprecated, For configuring different ports for each SCM use PortConfigKey ozone.scm.block.client.port appended with serviceId and nodeId
2024-04-16 13:47:05,764 [e74c9e3a-193e-4dbb-b5f5-b6805398d140-scm/sub-ca-refreshCACertificates] INFO  client.SCMCertificateClient (SCMCertificateClient.java:run(256)) - CA certificates are not changed.
2024-04-16 13:47:05,764 [main] INFO  ha.SCMNodeInfo (SCMNodeInfo.java:getPort(197)) - ConfigKey ozone.scm.security.service.address is deprecated, For configuring different ports for each SCM use PortConfigKey ozone.scm.security.service.port appended with serviceId and nodeId
2024-04-16 13:47:05,764 [main] INFO  ha.SCMNodeInfo (SCMNodeInfo.java:getPort(197)) - ConfigKey ozone.scm.datanode.address is deprecated, For configuring different ports for each SCM use PortConfigKey ozone.scm.datanode.port appended with serviceId and nodeId
2024-04-16 13:47:05,764 [main] INFO  ha.SCMNodeInfo (SCMNodeInfo.java:getPort(197)) - ConfigKey ozone.scm.client.address is deprecated, For configuring different ports for each SCM use PortConfigKey ozone.scm.client.port appended with serviceId and nodeId
2024-04-16 13:47:05,764 [main] INFO  ha.SCMNodeInfo (SCMNodeInfo.java:getPort(197)) - ConfigKey ozone.scm.block.client.address is deprecated, For configuring different ports for each SCM use PortConfigKey ozone.scm.block.client.port appended with serviceId and nodeId
2024-04-16 13:47:05,765 [main] INFO  ha.SCMNodeInfo (SCMNodeInfo.java:getPort(197)) - ConfigKey ozone.scm.security.service.address is deprecated, For configuring different ports for each SCM use PortConfigKey ozone.scm.security.service.port appended with serviceId and nodeId
2024-04-16 13:47:05,765 [main] INFO  ha.SCMNodeInfo (SCMNodeInfo.java:getPort(197)) - ConfigKey ozone.scm.datanode.address is deprecated, For configuring different ports for each SCM use PortConfigKey ozone.scm.datanode.port appended with serviceId and nodeId
2024-04-16 13:47:05,765 [main] INFO  ha.SCMNodeInfo (SCMNodeInfo.java:getPort(197)) - ConfigKey ozone.scm.client.address is deprecated, For configuring different ports for each SCM use PortConfigKey ozone.scm.client.port appended with serviceId and nodeId
2024-04-16 13:47:05,765 [main] INFO  ha.SCMNodeInfo (SCMNodeInfo.java:getPort(197)) - ConfigKey ozone.scm.block.client.address is deprecated, For configuring different ports for each SCM use PortConfigKey ozone.scm.block.client.port appended with serviceId and nodeId
2024-04-16 13:47:05,765 [main] INFO  ha.SCMNodeInfo (SCMNodeInfo.java:getPort(197)) - ConfigKey ozone.scm.security.service.address is deprecated, For configuring different ports for each SCM use PortConfigKey ozone.scm.security.service.port appended with serviceId and nodeId
2024-04-16 13:47:05,766 [main] INFO  ha.SCMNodeInfo (SCMNodeInfo.java:getPort(197)) - ConfigKey ozone.scm.datanode.address is deprecated, For configuring different ports for each SCM use PortConfigKey ozone.scm.datanode.port appended with serviceId and nodeId
2024-04-16 13:47:05,768 [pool-1-thread-1] INFO  request.KdcRequest (KdcRequest.java:preauth(651)) - The preauth data is empty.
2024-04-16 13:47:05,768 [pool-1-thread-1] INFO  server.KdcHandler (KdcHandler.java:handleRecoverableException(177)) - KRB error occurred while processing request:Additional pre-authentication required
2024-04-16 13:47:05,772 [pool-1-thread-1] INFO  request.AsRequest (AsRequest.java:issueTicket(112)) - AS_REQ ISSUE: authtime 1713275225772,scm/fv-az1428-817.utppd1leec2uvmgjoennxb5ynh.ex.internal.cloudapp.net@EXAMPLE.COM for krbtgt/EXAMPLE.COM@EXAMPLE.COM
2024-04-16 13:47:05,775 [main] INFO  security.UserGroupInformation (UserGroupInformation.java:loginUserFromKeytab(1132)) - Login successful for user scm/fv-az1428-817.utppd1leec2uvmgjoennxb5ynh.ex.internal.cloudapp.net@EXAMPLE.COM using keytab file scm.keytab. Keytab auto renewal enabled : false
2024-04-16 13:47:05,779 [main] INFO  server.StorageContainerManager (StorageContainerManager.java:loginAsSCMUserIfSecurityEnabled(1075)) - SCM login successful.
2024-04-16 13:47:05,780 [main] INFO  ha.SCMNodeInfo (SCMNodeInfo.java:getPort(197)) - ConfigKey ozone.scm.client.address is deprecated, For configuring different ports for each SCM use PortConfigKey ozone.scm.client.port appended with serviceId and nodeId
2024-04-16 13:47:05,780 [main] INFO  ha.SCMNodeInfo (SCMNodeInfo.java:getPort(197)) - ConfigKey ozone.scm.block.client.address is deprecated, For configuring different ports for each SCM use PortConfigKey ozone.scm.block.client.port appended with serviceId and nodeId
2024-04-16 13:47:05,781 [main] INFO  ha.SCMNodeInfo (SCMNodeInfo.java:getPort(197)) - ConfigKey ozone.scm.security.service.address is deprecated, For configuring different ports for each SCM use PortConfigKey ozone.scm.security.service.port appended with serviceId and nodeId
2024-04-16 13:47:05,781 [main] INFO  ha.SCMNodeInfo (SCMNodeInfo.java:getPort(197)) - ConfigKey ozone.scm.datanode.address is deprecated, For configuring different ports for each SCM use PortConfigKey ozone.scm.datanode.port appended with serviceId and nodeId
2024-04-16 13:47:05,781 [main] INFO  ha.SCMNodeInfo (SCMNodeInfo.java:getPort(197)) - ConfigKey ozone.scm.client.address is deprecated, For configuring different ports for each SCM use PortConfigKey ozone.scm.client.port appended with serviceId and nodeId
2024-04-16 13:47:05,781 [main] INFO  ha.SCMNodeInfo (SCMNodeInfo.java:getPort(197)) - ConfigKey ozone.scm.block.client.address is deprecated, For configuring different ports for each SCM use PortConfigKey ozone.scm.block.client.port appended with serviceId and nodeId
2024-04-16 13:47:05,781 [main] INFO  ha.SCMNodeInfo (SCMNodeInfo.java:getPort(197)) - ConfigKey ozone.scm.security.service.address is deprecated, For configuring different ports for each SCM use PortConfigKey ozone.scm.security.service.port appended with serviceId and nodeId
2024-04-16 13:47:05,782 [main] INFO  ha.SCMNodeInfo (SCMNodeInfo.java:getPort(197)) - ConfigKey ozone.scm.datanode.address is deprecated, For configuring different ports for each SCM use PortConfigKey ozone.scm.datanode.port appended with serviceId and nodeId
2024-04-16 13:47:05,782 [main] INFO  proxy.SCMBlockLocationFailoverProxyProvider (SCMBlockLocationFailoverProxyProvider.java:<init>(115)) - Created block location fail-over proxy with 2 nodes: [nodeId=scmNode-2,nodeAddress=/127.0.0.1:15015, nodeId=scmNode-1,nodeAddress=/127.0.0.1:15007]
2024-04-16 13:47:05,789 [pool-1-thread-1] INFO  request.TgsRequest (TgsRequest.java:issueTicket(115)) - TGS_REQ ISSUE: authtime 1713275225788,scm/fv-az1428-817.utppd1leec2uvmgjoennxb5ynh.ex.internal.cloudapp.net for scm/fv-az1428-817.utppd1leec2uvmgjoennxb5ynh.ex.internal.cloudapp.net@EXAMPLE.COM
2024-04-16 13:47:05,801 [Socket Reader #1 for port 15007] INFO  ipc.Server (Server.java:saslProcess(2139)) - Auth successful for scm/fv-az1428-817.utppd1leec2uvmgjoennxb5ynh.ex.internal.cloudapp.net@EXAMPLE.COM (auth:KERBEROS) from fv-az1428-817.utppd1leec2uvmgjoennxb5ynh.ex.internal.cloudapp.net:43255 / 10.1.0.24:43255
2024-04-16 13:47:05,807 [Socket Reader #1 for port 15007] INFO  authorize.ServiceAuthorizationManager (ServiceAuthorizationManager.java:authorize(137)) - Authorization successful for scm/fv-az1428-817.utppd1leec2uvmgjoennxb5ynh.ex.internal.cloudapp.net@EXAMPLE.COM (auth:KERBEROS) for protocol=interface org.apache.hadoop.hdds.scm.protocol.ScmBlockLocationProtocol
2024-04-16 13:47:05,808 [main] INFO  ha.HASecurityUtils (HASecurityUtils.java:initializeSecurity(81)) - Initializing secure StorageContainerManager.
2024-04-16 13:47:05,809 [main] INFO  ha.SCMNodeInfo (SCMNodeInfo.java:getPort(197)) - ConfigKey ozone.scm.client.address is deprecated, For configuring different ports for each SCM use PortConfigKey ozone.scm.client.port appended with serviceId and nodeId
2024-04-16 13:47:05,810 [main] INFO  ha.SCMNodeInfo (SCMNodeInfo.java:getPort(197)) - ConfigKey ozone.scm.block.client.address is deprecated, For configuring different ports for each SCM use PortConfigKey ozone.scm.block.client.port appended with serviceId and nodeId
2024-04-16 13:47:05,810 [main] INFO  ha.SCMNodeInfo (SCMNodeInfo.java:getPort(197)) - ConfigKey ozone.scm.security.service.address is deprecated, For configuring different ports for each SCM use PortConfigKey ozone.scm.security.service.port appended with serviceId and nodeId
2024-04-16 13:47:05,811 [main] INFO  ha.SCMNodeInfo (SCMNodeInfo.java:getPort(197)) - ConfigKey ozone.scm.datanode.address is deprecated, For configuring different ports for each SCM use PortConfigKey ozone.scm.datanode.port appended with serviceId and nodeId
2024-04-16 13:47:05,811 [main] INFO  ha.SCMNodeInfo (SCMNodeInfo.java:getPort(197)) - ConfigKey ozone.scm.client.address is deprecated, For configuring different ports for each SCM use PortConfigKey ozone.scm.client.port appended with serviceId and nodeId
2024-04-16 13:47:05,811 [main] INFO  ha.SCMNodeInfo (SCMNodeInfo.java:getPort(197)) - ConfigKey ozone.scm.block.client.address is deprecated, For configuring different ports for each SCM use PortConfigKey ozone.scm.block.client.port appended with serviceId and nodeId
2024-04-16 13:47:05,812 [main] INFO  ha.SCMNodeInfo (SCMNodeInfo.java:getPort(197)) - ConfigKey ozone.scm.security.service.address is deprecated, For configuring different ports for each SCM use PortConfigKey ozone.scm.security.service.port appended with serviceId and nodeId
2024-04-16 13:47:05,812 [main] INFO  ha.SCMNodeInfo (SCMNodeInfo.java:getPort(197)) - ConfigKey ozone.scm.datanode.address is deprecated, For configuring different ports for each SCM use PortConfigKey ozone.scm.datanode.port appended with serviceId and nodeId
2024-04-16 13:47:05,813 [main] INFO  client.SCMCertificateClient (DefaultCertificateClient.java:updateCertSerialId(1313)) - Certificate serial ID set to null
2024-04-16 13:47:05,813 [main] ERROR client.SCMCertificateClient (DefaultCertificateClient.java:getCertPath(376)) - Default certificate serial id is not set. Can't locate the default certificate for this client.
2024-04-16 13:47:05,814 [main] INFO  client.SCMCertificateClient (DefaultCertificateClient.java:init(720)) - Certificate client init case: 0
2024-04-16 13:47:05,814 [main] INFO  client.SCMCertificateClient (DefaultCertificateClient.java:handleCase(738)) - Creating keypair for client as keypair and certificate not found.
2024-04-16 13:47:06,009 [main] INFO  client.SCMCertificateClient (SCMCertificateClient.java:recoverStateIfNeeded(285)) - Init response: GETCERT
2024-04-16 13:47:06,009 [main] INFO  client.SCMCertificateClient (SCMCertificateClient.java:getCSRBuilder(145)) - Creating csr for SCM->hostName:localhost,scmId:692eadad-ad12-4257-a6c9-255a711e16c4,clusterId:f0f26617-5c27-4371-b446-298ac6c8687b,subject:scm-sub@localhost
2024-04-16 13:47:06,009 [main] INFO  ozone.OzoneSecurityUtil (OzoneSecurityUtil.java:getValidInetsForCurrentHost(119)) - ip:fe80:0:0:0:20d:3aff:fed3:5b6b%eth0 not returned.
2024-04-16 13:47:06,009 [main] INFO  ozone.OzoneSecurityUtil (OzoneSecurityUtil.java:getValidInetsForCurrentHost(116)) - Adding ip:10.1.0.24,host:fv-az1428-817.utppd1leec2uvmgjoennxb5ynh.ex.internal.cloudapp.net
2024-04-16 13:47:06,010 [main] INFO  ozone.OzoneSecurityUtil (OzoneSecurityUtil.java:getValidInetsForCurrentHost(119)) - ip:0:0:0:0:0:0:0:1%lo not returned.
2024-04-16 13:47:06,010 [main] INFO  ozone.OzoneSecurityUtil (OzoneSecurityUtil.java:getValidInetsForCurrentHost(119)) - ip:127.0.0.1 not returned.
2024-04-16 13:47:06,019 [Socket Reader #1 for port 15002] INFO  ipc.Server (Server.java:saslProcess(2139)) - Auth successful for scm/fv-az1428-817.utppd1leec2uvmgjoennxb5ynh.ex.internal.cloudapp.net@EXAMPLE.COM (auth:KERBEROS) from fv-az1428-817.utppd1leec2uvmgjoennxb5ynh.ex.internal.cloudapp.net:40011 / 10.1.0.24:40011
2024-04-16 13:47:06,031 [Socket Reader #1 for port 15002] INFO  authorize.ServiceAuthorizationManager (ServiceAuthorizationManager.java:authorize(137)) - Authorization successful for scm/fv-az1428-817.utppd1leec2uvmgjoennxb5ynh.ex.internal.cloudapp.net@EXAMPLE.COM (auth:KERBEROS) for protocol=interface org.apache.hadoop.hdds.protocol.SCMSecurityProtocol
2024-04-16 13:47:06,032 [IPC Server handler 0 on default port 15002] INFO  server.SCMSecurityProtocolServer (SCMSecurityProtocolServer.java:getSCMCertificate(341)) - Processing CSR for scm localhost, nodeId: 692eadad-ad12-4257-a6c9-255a711e16c4
2024-04-16 13:47:06,039 [8dded7e3-77f4-42cf-91f8-4014f88a5819@group-298AC6C8687B-StateMachineUpdater] INFO  safemode.HealthyPipelineSafeModeRule (HealthyPipelineSafeModeRule.java:initializeRule(172)) - Refreshed total pipeline count is 0, healthy pipeline threshold count is 1
2024-04-16 13:47:06,041 [e74c9e3a-193e-4dbb-b5f5-b6805398d140@group-298AC6C8687B-StateMachineUpdater] INFO  safemode.HealthyPipelineSafeModeRule (HealthyPipelineSafeModeRule.java:initializeRule(172)) - Refreshed total pipeline count is 0, healthy pipeline threshold count is 1
2024-04-16 13:47:06,041 [IPC Server handler 0 on default port 15002] INFO  ha.SequenceIdGenerator (SequenceIdGenerator.java:getNextId(145)) - Allocate a batch for CertificateId, change lastId from 3 to 4.
2024-04-16 13:47:06,044 [IPC Server handler 0 on default port 15002] INFO  authority.DefaultApprover (DefaultApprover.java:sign(157)) - Extensions in CSR: 2.5.29.19, 2.5.29.15, 2.5.29.17
2024-04-16 13:47:06,044 [IPC Server handler 0 on default port 15002] INFO  authority.DefaultApprover (DefaultApprover.java:sign(161)) - Extensions to add to the certificate if they present in CSR: 2.5.29.17, 2.5.29.19, 1.3.6.1.5.5.7.1.12, 2.5.29.35, 2.5.29.37, 2.5.29.15
2024-04-16 13:47:06,067 [8dded7e3-77f4-42cf-91f8-4014f88a5819@group-298AC6C8687B-StateMachineUpdater] INFO  server.SCMCertStore (SCMCertStore.java:storeValidScmCertificate(122)) - Scm certificate 4 for CN=scm-sub@localhost,OU=692eadad-ad12-4257-a6c9-255a711e16c4,O=f0f26617-5c27-4371-b446-298ac6c8687b,SERIALNUMBER=4 is stored
2024-04-16 13:47:06,068 [8dded7e3-77f4-42cf-91f8-4014f88a5819@group-298AC6C8687B-StateMachineUpdater] INFO  safemode.HealthyPipelineSafeModeRule (HealthyPipelineSafeModeRule.java:initializeRule(172)) - Refreshed total pipeline count is 0, healthy pipeline threshold count is 1
2024-04-16 13:47:06,072 [e74c9e3a-193e-4dbb-b5f5-b6805398d140@group-298AC6C8687B-StateMachineUpdater] INFO  server.SCMCertStore (SCMCertStore.java:storeValidScmCertificate(122)) - Scm certificate 4 for CN=scm-sub@localhost,OU=692eadad-ad12-4257-a6c9-255a711e16c4,O=f0f26617-5c27-4371-b446-298ac6c8687b,SERIALNUMBER=4 is stored
2024-04-16 13:47:06,072 [e74c9e3a-193e-4dbb-b5f5-b6805398d140@group-298AC6C8687B-StateMachineUpdater] INFO  safemode.HealthyPipelineSafeModeRule (HealthyPipelineSafeModeRule.java:initializeRule(172)) - Refreshed total pipeline count is 0, healthy pipeline threshold count is 1
2024-04-16 13:47:06,081 [main] INFO  utils.CertificateCodec (CertificateCodec.java:writeCertificate(299)) - Save certificate to /home/runner/work/ozone/ozone/hadoop-ozone/integration-test/target/test-dir/MiniOzoneClusterImpl-f0f26617-5c27-4371-b446-298ac6c8687b/scmNode-3/scm/sub-ca/certs/CA-1.crt
2024-04-16 13:47:06,082 [main] INFO  utils.CertificateCodec (CertificateCodec.java:writeCertificate(300)) - Certificate -----BEGIN CERTIFICATE-----
MIIEADCCAuigAwIBAgIBATANBgkqhkiG9w0BAQsFADCBhjEaMBgGA1UEAwwRc2Nt
QGZ2LWF6MTQyOC04MTcxLTArBgNVBAsMJDhkZGVkN2UzLTc3ZjQtNDJjZi05MWY4
LTQwMTRmODhhNTgxOTEtMCsGA1UECgwkZjBmMjY2MTctNWMyNy00MzcxLWI0NDYt
Mjk4YWM2Yzg2ODdiMQowCAYDVQQFEwExMB4XDTI0MDQxNjEzNDY0N1oXDTI5MDUy
NTEzNDY0N1owgYYxGjAYBgNVBAMMEXNjbUBmdi1hejE0MjgtODE3MS0wKwYDVQQL
DCQ4ZGRlZDdlMy03N2Y0LTQyY2YtOTFmOC00MDE0Zjg4YTU4MTkxLTArBgNVBAoM
JGYwZjI2NjE3LTVjMjctNDM3MS1iNDQ2LTI5OGFjNmM4Njg3YjEKMAgGA1UEBRMB
MTCCASIwDQYJKoZIhvcNAQEBBQADggEPADCCAQoCggEBAMdtp7i7wP+lZLzZlPEE
4ziTdvjbCpGrdZCLChtSQLrdxV06GLmEabfobsvIMsZju2cUyDma9RiOA8urazjr
T0XTQxsX5BabB78z/T+NgoWRlUczqIHSvVsksGtE8jP1agbenXJsc36dgYwP2OrA
YNuB5W7gX4iDyfKvYYm0rMkCiiphA6H6b+3I0ClnzGY10hEpVJofQUBylhoECsgY
lDuq146wIl7tvx2SxLlonnuYJ390L+N4gLYbeynYK7dPFxflao+2lo3vrHohnh6L
ybpQEBDNGMHusj8xERdMNn+tF+KcZxPjaIXZF6JyLwh3tDmxaC39HljYjTDurvF6
JwUCAwEAAaN3MHUwDwYDVR0TAQH/BAUwAwEB/zAOBgNVHQ8BAf8EBAMCAQYwUgYD
VR0RBEswSYcECgEAGIJBZnYtYXoxNDI4LTgxNy51dHBwZDFsZWVjMnV2bWdqb2Vu
bnhiNXluaC5leC5pbnRlcm5hbC5jbG91ZGFwcC5uZXQwDQYJKoZIhvcNAQELBQAD
ggEBAFi/vd/JLFd80EHBkMWQiD/wOJF1uwJBiLVL0XjS+CHo9XKIvvVxlUbJKNLr
zNXby38x4g0M7eoVEhITlw3yuv3B/pv315rYWtagwSvKLJKElQwT75qQ5v47W1RA
oSHk50lTe9Hmf2ndT+JFGcvhTS495C5jP2eIXKKxZPA8CDZbT+/HNa0Q5/LB0ATk
MZTG1TfQ8e/B+vvXO7D6PNBvTOlb77jSmjPCF7NKUq0Q7lDf40auSUc4AnjkxUSg
MbqkVs+mMULzy7c5doSHogjqsYMXWJQkcQmZttuADrLD7ebFVoTA8PRw59oRULJ1
YRwiVFPoWUDsL88+Dl3P1mWZdYs=
-----END CERTIFICATE-----

2024-04-16 13:47:06,083 [main] INFO  utils.CertificateCodec (CertificateCodec.java:writeCertificate(299)) - Save certificate to /home/runner/work/ozone/ozone/hadoop-ozone/integration-test/target/test-dir/MiniOzoneClusterImpl-f0f26617-5c27-4371-b446-298ac6c8687b/scmNode-3/scm/sub-ca/certs/4.crt
2024-04-16 13:47:06,083 [main] INFO  utils.CertificateCodec (CertificateCodec.java:writeCertificate(300)) - Certificate -----BEGIN CERTIFICATE-----
MIIEADCCAuigAwIBAgIBBDANBgkqhkiG9w0BAQsFADCBhjEaMBgGA1UEAwwRc2Nt
QGZ2LWF6MTQyOC04MTcxLTArBgNVBAsMJDhkZGVkN2UzLTc3ZjQtNDJjZi05MWY4
LTQwMTRmODhhNTgxOTEtMCsGA1UECgwkZjBmMjY2MTctNWMyNy00MzcxLWI0NDYt
Mjk4YWM2Yzg2ODdiMQowCAYDVQQFEwExMB4XDTI0MDQxNjEzNDcwNloXDTI5MDUy
NTEzNDcwNlowgYYxGjAYBgNVBAMMEXNjbS1zdWJAbG9jYWxob3N0MS0wKwYDVQQL
DCQ2OTJlYWRhZC1hZDEyLTQyNTctYTZjOS0yNTVhNzExZTE2YzQxLTArBgNVBAoM
JGYwZjI2NjE3LTVjMjctNDM3MS1iNDQ2LTI5OGFjNmM4Njg3YjEKMAgGA1UEBRMB
NDCCASIwDQYJKoZIhvcNAQEBBQADggEPADCCAQoCggEBAMTXG6FgVQ7T2QijbSUr
VjBx1kCcKEIT/KC+RUi6MagBlbMLrrcurlIaqSiI2pJxcl9bfe6EndbKyrMrLHEl
Ley1c1c2WvGcfbfPivZxtCqKmC4NbpeaEgSjlip95geBlZnrMDdHQ36TI7fJMLQS
RSNFUaRY07RT0u2QPs1xFu0xFUME4guaVmsgfSmsQOAZPXPFLKxxTcdTZszHvegS
tL4idPJdx3KvEwjDvQaXL5xfkxGVA1v0Evto7W7CMtuU0TjBLCLUbfE//1L5uRVa
cjri7eoMwwfSP1Poq2a2ieVQ1YufnTCS0pJXXfubDmwgYQ3zT//4mzqBghpeANSx
N5cCAwEAAaN3MHUwUgYDVR0RBEswSYcECgEAGIJBZnYtYXoxNDI4LTgxNy51dHBw
ZDFsZWVjMnV2bWdqb2VubnhiNXluaC5leC5pbnRlcm5hbC5jbG91ZGFwcC5uZXQw
DwYDVR0TAQH/BAUwAwEB/zAOBgNVHQ8BAf8EBAMCAb4wDQYJKoZIhvcNAQELBQAD
ggEBAJDVDIsdTCzZh1Zi86DlgsVMwaJOniIi28Z9feyZPonCDC/F1hmg7ZUdSNty
c8BE05M6XNw9l7zztlcxeS84Mg88AyFt6dIJayemeTuDAVvEynMJxqmfAeScCRGy
RzGP0J2ctL7vhx/tYtgsTw+e1+mM/Ofsg6uSYAQu1Ydv7AKN9Euk2xN1Pv5PbeRO
e32QVD1Xsa1JLWxWczS6bCXqYic6Cu0/fPSDircPDW88vTUjIVMoGeV2AREWMDQp
ZWekFbGtUXgok8MS7g1muubua+BWbam96/MAbZc+GHDtWhfUzevhSkkdVzVpxtL8
fttoPuDulMNlD5gnacC4wsmDal0=
-----END CERTIFICATE-----

-----BEGIN CERTIFICATE-----
MIIEADCCAuigAwIBAgIBATANBgkqhkiG9w0BAQsFADCBhjEaMBgGA1UEAwwRc2Nt
QGZ2LWF6MTQyOC04MTcxLTArBgNVBAsMJDhkZGVkN2UzLTc3ZjQtNDJjZi05MWY4
LTQwMTRmODhhNTgxOTEtMCsGA1UECgwkZjBmMjY2MTctNWMyNy00MzcxLWI0NDYt
Mjk4YWM2Yzg2ODdiMQowCAYDVQQFEwExMB4XDTI0MDQxNjEzNDY0N1oXDTI5MDUy
NTEzNDY0N1owgYYxGjAYBgNVBAMMEXNjbUBmdi1hejE0MjgtODE3MS0wKwYDVQQL
DCQ4ZGRlZDdlMy03N2Y0LTQyY2YtOTFmOC00MDE0Zjg4YTU4MTkxLTArBgNVBAoM
JGYwZjI2NjE3LTVjMjctNDM3MS1iNDQ2LTI5OGFjNmM4Njg3YjEKMAgGA1UEBRMB
MTCCASIwDQYJKoZIhvcNAQEBBQADggEPADCCAQoCggEBAMdtp7i7wP+lZLzZlPEE
4ziTdvjbCpGrdZCLChtSQLrdxV06GLmEabfobsvIMsZju2cUyDma9RiOA8urazjr
T0XTQxsX5BabB78z/T+NgoWRlUczqIHSvVsksGtE8jP1agbenXJsc36dgYwP2OrA
YNuB5W7gX4iDyfKvYYm0rMkCiiphA6H6b+3I0ClnzGY10hEpVJofQUBylhoECsgY
lDuq146wIl7tvx2SxLlonnuYJ390L+N4gLYbeynYK7dPFxflao+2lo3vrHohnh6L
ybpQEBDNGMHusj8xERdMNn+tF+KcZxPjaIXZF6JyLwh3tDmxaC39HljYjTDurvF6
JwUCAwEAAaN3MHUwDwYDVR0TAQH/BAUwAwEB/zAOBgNVHQ8BAf8EBAMCAQYwUgYD
VR0RBEswSYcECgEAGIJBZnYtYXoxNDI4LTgxNy51dHBwZDFsZWVjMnV2bWdqb2Vu
bnhiNXluaC5leC5pbnRlcm5hbC5jbG91ZGFwcC5uZXQwDQYJKoZIhvcNAQELBQAD
ggEBAFi/vd/JLFd80EHBkMWQiD/wOJF1uwJBiLVL0XjS+CHo9XKIvvVxlUbJKNLr
zNXby38x4g0M7eoVEhITlw3yuv3B/pv315rYWtagwSvKLJKElQwT75qQ5v47W1RA
oSHk50lTe9Hmf2ndT+JFGcvhTS495C5jP2eIXKKxZPA8CDZbT+/HNa0Q5/LB0ATk
MZTG1TfQ8e/B+vvXO7D6PNBvTOlb77jSmjPCF7NKUq0Q7lDf40auSUc4AnjkxUSg
MbqkVs+mMULzy7c5doSHogjqsYMXWJQkcQmZttuADrLD7ebFVoTA8PRw59oRULJ1
YRwiVFPoWUDsL88+Dl3P1mWZdYs=
-----END CERTIFICATE-----

2024-04-16 13:47:06,083 [main] INFO  utils.CertificateCodec (CertificateCodec.java:writeCertificate(299)) - Save certificate to /home/runner/work/ozone/ozone/hadoop-ozone/integration-test/target/test-dir/MiniOzoneClusterImpl-f0f26617-5c27-4371-b446-298ac6c8687b/scmNode-3/scm/sub-ca/certs/certificate.crt
2024-04-16 13:47:06,083 [main] INFO  utils.CertificateCodec (CertificateCodec.java:writeCertificate(300)) - Certificate -----BEGIN CERTIFICATE-----
MIIEADCCAuigAwIBAgIBBDANBgkqhkiG9w0BAQsFADCBhjEaMBgGA1UEAwwRc2Nt
QGZ2LWF6MTQyOC04MTcxLTArBgNVBAsMJDhkZGVkN2UzLTc3ZjQtNDJjZi05MWY4
LTQwMTRmODhhNTgxOTEtMCsGA1UECgwkZjBmMjY2MTctNWMyNy00MzcxLWI0NDYt
Mjk4YWM2Yzg2ODdiMQowCAYDVQQFEwExMB4XDTI0MDQxNjEzNDcwNloXDTI5MDUy
NTEzNDcwNlowgYYxGjAYBgNVBAMMEXNjbS1zdWJAbG9jYWxob3N0MS0wKwYDVQQL
DCQ2OTJlYWRhZC1hZDEyLTQyNTctYTZjOS0yNTVhNzExZTE2YzQxLTArBgNVBAoM
JGYwZjI2NjE3LTVjMjctNDM3MS1iNDQ2LTI5OGFjNmM4Njg3YjEKMAgGA1UEBRMB
NDCCASIwDQYJKoZIhvcNAQEBBQADggEPADCCAQoCggEBAMTXG6FgVQ7T2QijbSUr
VjBx1kCcKEIT/KC+RUi6MagBlbMLrrcurlIaqSiI2pJxcl9bfe6EndbKyrMrLHEl
Ley1c1c2WvGcfbfPivZxtCqKmC4NbpeaEgSjlip95geBlZnrMDdHQ36TI7fJMLQS
RSNFUaRY07RT0u2QPs1xFu0xFUME4guaVmsgfSmsQOAZPXPFLKxxTcdTZszHvegS
tL4idPJdx3KvEwjDvQaXL5xfkxGVA1v0Evto7W7CMtuU0TjBLCLUbfE//1L5uRVa
cjri7eoMwwfSP1Poq2a2ieVQ1YufnTCS0pJXXfubDmwgYQ3zT//4mzqBghpeANSx
N5cCAwEAAaN3MHUwUgYDVR0RBEswSYcECgEAGIJBZnYtYXoxNDI4LTgxNy51dHBw
ZDFsZWVjMnV2bWdqb2VubnhiNXluaC5leC5pbnRlcm5hbC5jbG91ZGFwcC5uZXQw
DwYDVR0TAQH/BAUwAwEB/zAOBgNVHQ8BAf8EBAMCAb4wDQYJKoZIhvcNAQELBQAD
ggEBAJDVDIsdTCzZh1Zi86DlgsVMwaJOniIi28Z9feyZPonCDC/F1hmg7ZUdSNty
c8BE05M6XNw9l7zztlcxeS84Mg88AyFt6dIJayemeTuDAVvEynMJxqmfAeScCRGy
RzGP0J2ctL7vhx/tYtgsTw+e1+mM/Ofsg6uSYAQu1Ydv7AKN9Euk2xN1Pv5PbeRO
e32QVD1Xsa1JLWxWczS6bCXqYic6Cu0/fPSDircPDW88vTUjIVMoGeV2AREWMDQp
ZWekFbGtUXgok8MS7g1muubua+BWbam96/MAbZc+GHDtWhfUzevhSkkdVzVpxtL8
fttoPuDulMNlD5gnacC4wsmDal0=
-----END CERTIFICATE-----

-----BEGIN CERTIFICATE-----
MIIEADCCAuigAwIBAgIBATANBgkqhkiG9w0BAQsFADCBhjEaMBgGA1UEAwwRc2Nt
QGZ2LWF6MTQyOC04MTcxLTArBgNVBAsMJDhkZGVkN2UzLTc3ZjQtNDJjZi05MWY4
LTQwMTRmODhhNTgxOTEtMCsGA1UECgwkZjBmMjY2MTctNWMyNy00MzcxLWI0NDYt
Mjk4YWM2Yzg2ODdiMQowCAYDVQQFEwExMB4XDTI0MDQxNjEzNDY0N1oXDTI5MDUy
NTEzNDY0N1owgYYxGjAYBgNVBAMMEXNjbUBmdi1hejE0MjgtODE3MS0wKwYDVQQL
DCQ4ZGRlZDdlMy03N2Y0LTQyY2YtOTFmOC00MDE0Zjg4YTU4MTkxLTArBgNVBAoM
JGYwZjI2NjE3LTVjMjctNDM3MS1iNDQ2LTI5OGFjNmM4Njg3YjEKMAgGA1UEBRMB
MTCCASIwDQYJKoZIhvcNAQEBBQADggEPADCCAQoCggEBAMdtp7i7wP+lZLzZlPEE
4ziTdvjbCpGrdZCLChtSQLrdxV06GLmEabfobsvIMsZju2cUyDma9RiOA8urazjr
T0XTQxsX5BabB78z/T+NgoWRlUczqIHSvVsksGtE8jP1agbenXJsc36dgYwP2OrA
YNuB5W7gX4iDyfKvYYm0rMkCiiphA6H6b+3I0ClnzGY10hEpVJofQUBylhoECsgY
lDuq146wIl7tvx2SxLlonnuYJ390L+N4gLYbeynYK7dPFxflao+2lo3vrHohnh6L
ybpQEBDNGMHusj8xERdMNn+tF+KcZxPjaIXZF6JyLwh3tDmxaC39HljYjTDurvF6
JwUCAwEAAaN3MHUwDwYDVR0TAQH/BAUwAwEB/zAOBgNVHQ8BAf8EBAMCAQYwUgYD
VR0RBEswSYcECgEAGIJBZnYtYXoxNDI4LTgxNy51dHBwZDFsZWVjMnV2bWdqb2Vu
bnhiNXluaC5leC5pbnRlcm5hbC5jbG91ZGFwcC5uZXQwDQYJKoZIhvcNAQELBQAD
ggEBAFi/vd/JLFd80EHBkMWQiD/wOJF1uwJBiLVL0XjS+CHo9XKIvvVxlUbJKNLr
zNXby38x4g0M7eoVEhITlw3yuv3B/pv315rYWtagwSvKLJKElQwT75qQ5v47W1RA
oSHk50lTe9Hmf2ndT+JFGcvhTS495C5jP2eIXKKxZPA8CDZbT+/HNa0Q5/LB0ATk
MZTG1TfQ8e/B+vvXO7D6PNBvTOlb77jSmjPCF7NKUq0Q7lDf40auSUc4AnjkxUSg
MbqkVs+mMULzy7c5doSHogjqsYMXWJQkcQmZttuADrLD7ebFVoTA8PRw59oRULJ1
YRwiVFPoWUDsL88+Dl3P1mWZdYs=
-----END CERTIFICATE-----

2024-04-16 13:47:06,084 [main] INFO  client.SCMCertificateClient (SCMCertificateClient.java:recoverStateIfNeeded(296)) - Successfully stored SCM signed certificate.
2024-04-16 13:47:06,085 [main] INFO  server.StorageContainerManager (StorageContainerManager.java:scmBootstrap(1226)) - SCM BootStrap  is successful for ClusterID f0f26617-5c27-4371-b446-298ac6c8687b, SCMID 692eadad-ad12-4257-a6c9-255a711e16c4
2024-04-16 13:47:06,085 [main] INFO  server.StorageContainerManager (StorageContainerManager.java:scmBootstrap(1228)) - Primary SCM Node ID 8dded7e3-77f4-42cf-91f8-4014f88a5819
2024-04-16 13:47:06,085 [main] WARN  server.ServerUtils (ServerUtils.java:getScmDbDir(143)) - ozone.scm.db.dirs is not configured. We recommend adding this setting. Falling back to ozone.metadata.dirs instead.
2024-04-16 13:47:06,085 [main] INFO  ha.SCMHANodeDetails (SCMHANodeDetails.java:loadSCMHAConfig(207)) - ServiceID for StorageContainerManager is TestSecretKey
2024-04-16 13:47:06,085 [main] INFO  ha.SCMHANodeDetails (SCMHANodeDetails.java:loadSCMHAConfig(218)) - ServiceID for StorageContainerManager is TestSecretKey
2024-04-16 13:47:06,086 [main] WARN  scm.ScmUtils (ScmUtils.java:logWarn(192)) - ConfigKey ozone.scm.block.client.address is deprecated, For configuring different ports for each SCM use PortConfigKey ozone.scm.block.client.port appended with serviceId and nodeId. If want to configure same port configure ozone.scm.block.client.port
2024-04-16 13:47:06,086 [main] WARN  scm.ScmUtils (ScmUtils.java:logWarn(192)) - ConfigKey ozone.scm.client.address is deprecated, For configuring different ports for each SCM use PortConfigKey ozone.scm.client.port appended with serviceId and nodeId. If want to configure same port configure ozone.scm.client.port
2024-04-16 13:47:06,086 [main] WARN  scm.ScmUtils (ScmUtils.java:logWarn(192)) - ConfigKey ozone.scm.datanode.address is deprecated, For configuring different ports for each SCM use PortConfigKey ozone.scm.datanode.port appended with serviceId and nodeId. If want to configure same port configure ozone.scm.datanode.port
2024-04-16 13:47:06,086 [main] WARN  scm.ScmUtils (ScmUtils.java:logWarn(192)) - ConfigKey ozone.scm.block.client.address is deprecated, For configuring different ports for each SCM use PortConfigKey ozone.scm.block.client.port appended with serviceId and nodeId. If want to configure same port configure ozone.scm.block.client.port
2024-04-16 13:47:06,086 [main] WARN  scm.ScmUtils (ScmUtils.java:logWarn(192)) - ConfigKey ozone.scm.client.address is deprecated, For configuring different ports for each SCM use PortConfigKey ozone.scm.client.port appended with serviceId and nodeId. If want to configure same port configure ozone.scm.client.port
2024-04-16 13:47:06,087 [main] WARN  scm.ScmUtils (ScmUtils.java:logWarn(192)) - ConfigKey ozone.scm.datanode.address is deprecated, For configuring different ports for each SCM use PortConfigKey ozone.scm.datanode.port appended with serviceId and nodeId. If want to configure same port configure ozone.scm.datanode.port
2024-04-16 13:47:06,087 [main] INFO  ha.SCMHANodeDetails (SCMHANodeDetails.java:loadSCMHAConfig(305)) - Found matching SCM address with SCMServiceId: TestSecretKey, SCMNodeId: scmNode-3, RPC Address: localhost:15019 and Ratis port: 15019
2024-04-16 13:47:06,087 [main] INFO  ha.SCMHANodeDetails (ConfUtils.java:setNodeSpecificConfigs(97)) - Setting configuration key ozone.scm.datanode.address with value of key ozone.scm.datanode.address.TestSecretKey.scmNode-3: 127.0.0.1:15020
2024-04-16 13:47:06,087 [main] INFO  ha.SCMHANodeDetails (ConfUtils.java:setNodeSpecificConfigs(97)) - Setting configuration key ozone.scm.block.client.address with value of key ozone.scm.block.client.address.TestSecretKey.scmNode-3: 127.0.0.1:15023
2024-04-16 13:47:06,087 [main] INFO  ha.SCMHANodeDetails (ConfUtils.java:setNodeSpecificConfigs(97)) - Setting configuration key ozone.scm.client.address with value of key ozone.scm.client.address.TestSecretKey.scmNode-3: 127.0.0.1:15021
2024-04-16 13:47:06,087 [main] INFO  ha.SCMHANodeDetails (ConfUtils.java:setNodeSpecificConfigs(97)) - Setting configuration key ozone.scm.security.service.address with value of key ozone.scm.security.service.address.TestSecretKey.scmNode-3: 127.0.0.1:15018
2024-04-16 13:47:06,088 [main] INFO  ha.SCMHANodeDetails (ConfUtils.java:setNodeSpecificConfigs(97)) - Setting configuration key ozone.scm.ratis.port with value of key ozone.scm.ratis.port.TestSecretKey.scmNode-3: 15019
2024-04-16 13:47:06,088 [main] INFO  ha.SCMHANodeDetails (ConfUtils.java:setNodeSpecificConfigs(97)) - Setting configuration key ozone.scm.grpc.port with value of key ozone.scm.grpc.port.TestSecretKey.scmNode-3: 15022
2024-04-16 13:47:06,088 [main] INFO  ha.SCMHANodeDetails (ConfUtils.java:setNodeSpecificConfigs(97)) - Setting configuration key ozone.scm.http-address with value of key ozone.scm.http-address.TestSecretKey.scmNode-3: 127.0.0.1:15016
2024-04-16 13:47:06,088 [main] INFO  ha.SCMHANodeDetails (ConfUtils.java:setNodeSpecificConfigs(97)) - Setting configuration key ozone.scm.https-address with value of key ozone.scm.https-address.TestSecretKey.scmNode-3: 127.0.0.1:15017
2024-04-16 13:47:06,089 [main] INFO  ha.SCMHANodeDetails (ConfUtils.java:setNodeSpecificConfigs(97)) - Setting configuration key ozone.scm.address with value of key ozone.scm.address.TestSecretKey.scmNode-3: 127.0.0.1
2024-04-16 13:47:06,089 [main] WARN  scm.ScmUtils (ScmUtils.java:logWarn(192)) - ConfigKey ozone.scm.block.client.address is deprecated, For configuring different ports for each SCM use PortConfigKey ozone.scm.block.client.port appended with serviceId and nodeId. If want to configure same port configure ozone.scm.block.client.port
2024-04-16 13:47:06,089 [main] WARN  scm.ScmUtils (ScmUtils.java:logWarn(192)) - ConfigKey ozone.scm.client.address is deprecated, For configuring different ports for each SCM use PortConfigKey ozone.scm.client.port appended with serviceId and nodeId. If want to configure same port configure ozone.scm.client.port
2024-04-16 13:47:06,089 [main] WARN  scm.ScmUtils (ScmUtils.java:logWarn(192)) - ConfigKey ozone.scm.datanode.address is deprecated, For configuring different ports for each SCM use PortConfigKey ozone.scm.datanode.port appended with serviceId and nodeId. If want to configure same port configure ozone.scm.datanode.port
2024-04-16 13:47:06,090 [main] INFO  ha.SCMNodeInfo (SCMNodeInfo.java:getPort(197)) - ConfigKey ozone.scm.client.address is deprecated, For configuring different ports for each SCM use PortConfigKey ozone.scm.client.port appended with serviceId and nodeId
2024-04-16 13:47:06,091 [main] INFO  ha.SCMNodeInfo (SCMNodeInfo.java:getPort(197)) - ConfigKey ozone.scm.block.client.address is deprecated, For configuring different ports for each SCM use PortConfigKey ozone.scm.block.client.port appended with serviceId and nodeId
2024-04-16 13:47:06,091 [main] INFO  ha.SCMNodeInfo (SCMNodeInfo.java:getPort(197)) - ConfigKey ozone.scm.security.service.address is deprecated, For configuring different ports for each SCM use PortConfigKey ozone.scm.security.service.port appended with serviceId and nodeId
2024-04-16 13:47:06,091 [main] INFO  ha.SCMNodeInfo (SCMNodeInfo.java:getPort(197)) - ConfigKey ozone.scm.datanode.address is deprecated, For configuring different ports for each SCM use PortConfigKey ozone.scm.datanode.port appended with serviceId and nodeId
2024-04-16 13:47:06,091 [main] INFO  ha.SCMNodeInfo (SCMNodeInfo.java:getPort(197)) - ConfigKey ozone.scm.client.address is deprecated, For configuring different ports for each SCM use PortConfigKey ozone.scm.client.port appended with serviceId and nodeId
2024-04-16 13:47:06,091 [main] INFO  ha.SCMNodeInfo (SCMNodeInfo.java:getPort(197)) - ConfigKey ozone.scm.block.client.address is deprecated, For configuring different ports for each SCM use PortConfigKey ozone.scm.block.client.port appended with serviceId and nodeId
2024-04-16 13:47:06,091 [main] INFO  ha.SCMNodeInfo (SCMNodeInfo.java:getPort(197)) - ConfigKey ozone.scm.security.service.address is deprecated, For configuring different ports for each SCM use PortConfigKey ozone.scm.security.service.port appended with serviceId and nodeId
2024-04-16 13:47:06,092 [main] INFO  ha.SCMNodeInfo (SCMNodeInfo.java:getPort(197)) - ConfigKey ozone.scm.datanode.address is deprecated, For configuring different ports for each SCM use PortConfigKey ozone.scm.datanode.port appended with serviceId and nodeId
2024-04-16 13:47:06,092 [main] INFO  ha.SCMNodeInfo (SCMNodeInfo.java:getPort(197)) - ConfigKey ozone.scm.client.address is deprecated, For configuring different ports for each SCM use PortConfigKey ozone.scm.client.port appended with serviceId and nodeId
2024-04-16 13:47:06,092 [main] INFO  ha.SCMNodeInfo (SCMNodeInfo.java:getPort(197)) - ConfigKey ozone.scm.block.client.address is deprecated, For configuring different ports for each SCM use PortConfigKey ozone.scm.block.client.port appended with serviceId and nodeId
2024-04-16 13:47:06,092 [main] INFO  ha.SCMNodeInfo (SCMNodeInfo.java:getPort(197)) - ConfigKey ozone.scm.security.service.address is deprecated, For configuring different ports for each SCM use PortConfigKey ozone.scm.security.service.port appended with serviceId and nodeId
2024-04-16 13:47:06,092 [main] INFO  ha.SCMNodeInfo (SCMNodeInfo.java:getPort(197)) - ConfigKey ozone.scm.datanode.address is deprecated, For configuring different ports for each SCM use PortConfigKey ozone.scm.datanode.port appended with serviceId and nodeId
2024-04-16 13:47:06,095 [pool-1-thread-1] INFO  request.KdcRequest (KdcRequest.java:preauth(651)) - The preauth data is empty.
2024-04-16 13:47:06,096 [pool-1-thread-1] INFO  server.KdcHandler (KdcHandler.java:handleRecoverableException(177)) - KRB error occurred while processing request:Additional pre-authentication required
2024-04-16 13:47:06,100 [pool-1-thread-1] INFO  request.AsRequest (AsRequest.java:issueTicket(112)) - AS_REQ ISSUE: authtime 1713275226100,scm/fv-az1428-817.utppd1leec2uvmgjoennxb5ynh.ex.internal.cloudapp.net@EXAMPLE.COM for krbtgt/EXAMPLE.COM@EXAMPLE.COM
2024-04-16 13:47:06,102 [main] INFO  security.UserGroupInformation (UserGroupInformation.java:loginUserFromKeytab(1132)) - Login successful for user scm/fv-az1428-817.utppd1leec2uvmgjoennxb5ynh.ex.internal.cloudapp.net@EXAMPLE.COM using keytab file scm.keytab. Keytab auto renewal enabled : false
2024-04-16 13:47:06,102 [main] INFO  server.StorageContainerManager (StorageContainerManager.java:loginAsSCMUserIfSecurityEnabled(1075)) - SCM login successful.
2024-04-16 13:47:06,104 [main] INFO  ha.SCMNodeInfo (SCMNodeInfo.java:getPort(197)) - ConfigKey ozone.scm.client.address is deprecated, For configuring different ports for each SCM use PortConfigKey ozone.scm.client.port appended with serviceId and nodeId
2024-04-16 13:47:06,104 [main] INFO  ha.SCMNodeInfo (SCMNodeInfo.java:getPort(197)) - ConfigKey ozone.scm.block.client.address is deprecated, For configuring different ports for each SCM use PortConfigKey ozone.scm.block.client.port appended with serviceId and nodeId
2024-04-16 13:47:06,104 [main] INFO  ha.SCMNodeInfo (SCMNodeInfo.java:getPort(197)) - ConfigKey ozone.scm.security.service.address is deprecated, For configuring different ports for each SCM use PortConfigKey ozone.scm.security.service.port appended with serviceId and nodeId
2024-04-16 13:47:06,104 [main] INFO  ha.SCMNodeInfo (SCMNodeInfo.java:getPort(197)) - ConfigKey ozone.scm.datanode.address is deprecated, For configuring different ports for each SCM use PortConfigKey ozone.scm.datanode.port appended with serviceId and nodeId
2024-04-16 13:47:06,105 [main] INFO  ha.SCMNodeInfo (SCMNodeInfo.java:getPort(197)) - ConfigKey ozone.scm.client.address is deprecated, For configuring different ports for each SCM use PortConfigKey ozone.scm.client.port appended with serviceId and nodeId
2024-04-16 13:47:06,105 [main] INFO  ha.SCMNodeInfo (SCMNodeInfo.java:getPort(197)) - ConfigKey ozone.scm.block.client.address is deprecated, For configuring different ports for each SCM use PortConfigKey ozone.scm.block.client.port appended with serviceId and nodeId
2024-04-16 13:47:06,105 [main] INFO  ha.SCMNodeInfo (SCMNodeInfo.java:getPort(197)) - ConfigKey ozone.scm.security.service.address is deprecated, For configuring different ports for each SCM use PortConfigKey ozone.scm.security.service.port appended with serviceId and nodeId
2024-04-16 13:47:06,105 [main] INFO  ha.SCMNodeInfo (SCMNodeInfo.java:getPort(197)) - ConfigKey ozone.scm.datanode.address is deprecated, For configuring different ports for each SCM use PortConfigKey ozone.scm.datanode.port appended with serviceId and nodeId
2024-04-16 13:47:06,105 [main] INFO  ha.SCMNodeInfo (SCMNodeInfo.java:getPort(197)) - ConfigKey ozone.scm.client.address is deprecated, For configuring different ports for each SCM use PortConfigKey ozone.scm.client.port appended with serviceId and nodeId
2024-04-16 13:47:06,106 [main] INFO  ha.SCMNodeInfo (SCMNodeInfo.java:getPort(197)) - ConfigKey ozone.scm.block.client.address is deprecated, For configuring different ports for each SCM use PortConfigKey ozone.scm.block.client.port appended with serviceId and nodeId
2024-04-16 13:47:06,106 [main] INFO  ha.SCMNodeInfo (SCMNodeInfo.java:getPort(197)) - ConfigKey ozone.scm.security.service.address is deprecated, For configuring different ports for each SCM use PortConfigKey ozone.scm.security.service.port appended with serviceId and nodeId
2024-04-16 13:47:06,106 [main] INFO  ha.SCMNodeInfo (SCMNodeInfo.java:getPort(197)) - ConfigKey ozone.scm.datanode.address is deprecated, For configuring different ports for each SCM use PortConfigKey ozone.scm.datanode.port appended with serviceId and nodeId
2024-04-16 13:47:06,106 [main] INFO  ha.SCMNodeInfo (SCMNodeInfo.java:getPort(197)) - ConfigKey ozone.scm.client.address is deprecated, For configuring different ports for each SCM use PortConfigKey ozone.scm.client.port appended with serviceId and nodeId
2024-04-16 13:47:06,106 [main] INFO  ha.SCMNodeInfo (SCMNodeInfo.java:getPort(197)) - ConfigKey ozone.scm.block.client.address is deprecated, For configuring different ports for each SCM use PortConfigKey ozone.scm.block.client.port appended with serviceId and nodeId
2024-04-16 13:47:06,107 [main] INFO  ha.SCMNodeInfo (SCMNodeInfo.java:getPort(197)) - ConfigKey ozone.scm.security.service.address is deprecated, For configuring different ports for each SCM use PortConfigKey ozone.scm.security.service.port appended with serviceId and nodeId
2024-04-16 13:47:06,107 [main] INFO  ha.SCMNodeInfo (SCMNodeInfo.java:getPort(197)) - ConfigKey ozone.scm.datanode.address is deprecated, For configuring different ports for each SCM use PortConfigKey ozone.scm.datanode.port appended with serviceId and nodeId
2024-04-16 13:47:06,107 [main] INFO  ha.SCMNodeInfo (SCMNodeInfo.java:getPort(197)) - ConfigKey ozone.scm.client.address is deprecated, For configuring different ports for each SCM use PortConfigKey ozone.scm.client.port appended with serviceId and nodeId
2024-04-16 13:47:06,107 [main] INFO  ha.SCMNodeInfo (SCMNodeInfo.java:getPort(197)) - ConfigKey ozone.scm.block.client.address is deprecated, For configuring different ports for each SCM use PortConfigKey ozone.scm.block.client.port appended with serviceId and nodeId
2024-04-16 13:47:06,107 [main] INFO  ha.SCMNodeInfo (SCMNodeInfo.java:getPort(197)) - ConfigKey ozone.scm.security.service.address is deprecated, For configuring different ports for each SCM use PortConfigKey ozone.scm.security.service.port appended with serviceId and nodeId
2024-04-16 13:47:06,107 [main] INFO  ha.SCMNodeInfo (SCMNodeInfo.java:getPort(197)) - ConfigKey ozone.scm.datanode.address is deprecated, For configuring different ports for each SCM use PortConfigKey ozone.scm.datanode.port appended with serviceId and nodeId
2024-04-16 13:47:06,107 [main] INFO  ha.SCMNodeInfo (SCMNodeInfo.java:getPort(197)) - ConfigKey ozone.scm.client.address is deprecated, For configuring different ports for each SCM use PortConfigKey ozone.scm.client.port appended with serviceId and nodeId
2024-04-16 13:47:06,107 [main] INFO  ha.SCMNodeInfo (SCMNodeInfo.java:getPort(197)) - ConfigKey ozone.scm.block.client.address is deprecated, For configuring different ports for each SCM use PortConfigKey ozone.scm.block.client.port appended with serviceId and nodeId
2024-04-16 13:47:06,108 [main] INFO  ha.SCMNodeInfo (SCMNodeInfo.java:getPort(197)) - ConfigKey ozone.scm.security.service.address is deprecated, For configuring different ports for each SCM use PortConfigKey ozone.scm.security.service.port appended with serviceId and nodeId
2024-04-16 13:47:06,108 [main] INFO  ha.SCMNodeInfo (SCMNodeInfo.java:getPort(197)) - ConfigKey ozone.scm.datanode.address is deprecated, For configuring different ports for each SCM use PortConfigKey ozone.scm.datanode.port appended with serviceId and nodeId
2024-04-16 13:47:06,108 [main] INFO  client.SCMCertificateClient (DefaultCertificateClient.java:updateCertSerialId(1313)) - Certificate serial ID set to 4
2024-04-16 13:47:06,109 [main] INFO  client.SCMCertificateClient (DefaultCertificateClient.java:readCertificateFile(248)) - Added certificate 4 from file: /home/runner/work/ozone/ozone/hadoop-ozone/integration-test/target/test-dir/MiniOzoneClusterImpl-f0f26617-5c27-4371-b446-298ac6c8687b/scmNode-3/scm/sub-ca/certs/certificate.crt.
2024-04-16 13:47:06,110 [main] INFO  client.SCMCertificateClient (DefaultCertificateClient.java:readCertificateFile(248)) - Added certificate 4 from file: /home/runner/work/ozone/ozone/hadoop-ozone/integration-test/target/test-dir/MiniOzoneClusterImpl-f0f26617-5c27-4371-b446-298ac6c8687b/scmNode-3/scm/sub-ca/certs/4.crt.
2024-04-16 13:47:06,110 [main] INFO  client.SCMCertificateClient (DefaultCertificateClient.java:readCertificateFile(248)) - Added certificate 1 from file: /home/runner/work/ozone/ozone/hadoop-ozone/integration-test/target/test-dir/MiniOzoneClusterImpl-f0f26617-5c27-4371-b446-298ac6c8687b/scmNode-3/scm/sub-ca/certs/CA-1.crt.
2024-04-16 13:47:06,111 [main] INFO  client.SCMCertificateClient (DefaultCertificateClient.java:loadAllCertificates(197)) - CertificateRenewerService and root ca rotation polling is disabled for scm/sub-ca
2024-04-16 13:47:06,111 [main] WARN  utils.HAUtils (HAUtils.java:getMetaDir(339)) - ozone.scm.db.dirs is not configured. We recommend adding this setting. Falling back to ozone.metadata.dirs instead.
2024-04-16 13:47:06,111 [main] WARN  db.DBStoreBuilder (DBStoreBuilder.java:applyDBDefinition(171)) - ozone.scm.db.dirs is not configured. We recommend adding this setting. Falling back to ozone.metadata.dirs instead.
2024-04-16 13:47:06,210 [main] INFO  net.NodeSchemaLoader (NodeSchemaLoader.java:loadSchemaFromFile(129)) - Loading schema from [file:/home/runner/work/ozone/ozone/hadoop-hdds/common/target/classes/network-topology-default.xml]
2024-04-16 13:47:06,210 [main] INFO  net.NodeSchemaLoader (NodeSchemaLoader.java:loadSchema(176)) - Loading network topology layer schema file
2024-04-16 13:47:06,213 [main] WARN  dropwizard3.Dm3MetricRegistriesImpl (Dm3MetricRegistriesImpl.java:addReporterRegistration(113)) - New reporters are added after registries were created. Some metrics will be missing from the reporter. Please add reporter before adding any new registry.
2024-04-16 13:47:06,213 [main] WARN  dropwizard3.Dm3MetricRegistriesImpl (Dm3MetricRegistriesImpl.java:addReporterRegistration(113)) - New reporters are added after registries were created. Some metrics will be missing from the reporter. Please add reporter before adding any new registry.
2024-04-16 13:47:06,246 [main] INFO  ha.SCMRatisServerImpl (SCMRatisServerImpl.java:<init>(99)) - starting Raft server for scm:692eadad-ad12-4257-a6c9-255a711e16c4
2024-04-16 13:47:06,248 [main] INFO  server.RaftServer (ConfUtils.java:logGet(46)) - raft.rpc.type = GRPC (default)
2024-04-16 13:47:06,248 [main] INFO  grpc.GrpcConfigKeys (ConfUtils.java:logFallback(53)) - raft.grpc.admin.host = null (fallback to raft.grpc.server.host)
2024-04-16 13:47:06,248 [main] INFO  grpc.GrpcConfigKeys (ConfUtils.java:logFallback(53)) - raft.grpc.admin.port = 15019 (fallback to raft.grpc.server.port)
2024-04-16 13:47:06,249 [main] INFO  grpc.GrpcConfigKeys (ConfUtils.java:logFallback(53)) - raft.grpc.client.host = null (fallback to raft.grpc.server.host)
2024-04-16 13:47:06,249 [main] INFO  grpc.GrpcConfigKeys (ConfUtils.java:logFallback(53)) - raft.grpc.client.port = 15019 (fallback to raft.grpc.server.port)
2024-04-16 13:47:06,249 [main] INFO  grpc.GrpcConfigKeys (ConfUtils.java:logGet(46)) - raft.grpc.server.host = null (default)
2024-04-16 13:47:06,249 [main] INFO  grpc.GrpcConfigKeys (ConfUtils.java:logGet(46)) - raft.grpc.server.port = 15019 (custom)
2024-04-16 13:47:06,249 [main] INFO  server.GrpcService (ConfUtils.java:logGet(46)) - raft.grpc.message.size.max = 32m (=33554432) (custom)
2024-04-16 13:47:06,249 [main] INFO  server.RaftServerConfigKeys (ConfUtils.java:logGet(46)) - raft.server.log.appender.buffer.byte-limit = 4194304 (custom)
2024-04-16 13:47:06,250 [main] INFO  server.GrpcService (ConfUtils.java:logGet(46)) - raft.grpc.flow.control.window = 1MB (=1048576) (default)
2024-04-16 13:47:06,250 [main] INFO  server.RaftServerConfigKeys (ConfUtils.java:logGet(46)) - raft.server.rpc.request.timeout = 30000ms (custom)
2024-04-16 13:47:06,250 [main] INFO  grpc.GrpcConfigKeys (ConfUtils.java:logGet(46)) - raft.grpc.server.heartbeat.channel = true (default)
2024-04-16 13:47:06,250 [main] INFO  grpc.GrpcConfigKeys (ConfUtils.java:logGet(46)) - raft.grpc.server.async.request.thread.pool.cached = true (default)
2024-04-16 13:47:06,251 [main] INFO  grpc.GrpcConfigKeys (ConfUtils.java:logGet(46)) - raft.grpc.server.async.request.thread.pool.size = 32 (default)
2024-04-16 13:47:06,252 [main] INFO  impl.DataStreamServerImpl (ConfUtils.java:logGet(46)) - raft.datastream.type = DISABLED (default)
2024-04-16 13:47:06,252 [main] INFO  server.RaftServerConfigKeys (ConfUtils.java:logGet(46)) - raft.server.sleep.deviation.threshold = 300ms (default)
2024-04-16 13:47:06,253 [main] INFO  server.RaftServerConfigKeys (ConfUtils.java:logGet(46)) - raft.server.close.threshold = 60s (default)
2024-04-16 13:47:06,253 [main] INFO  server.RaftServerConfigKeys (ConfUtils.java:logGet(46)) - raft.server.leaderelection.leader.step-down.wait-time = 10s (default)
2024-04-16 13:47:06,253 [main] INFO  server.RaftServerConfigKeys (ConfUtils.java:logGet(46)) - raft.server.storage.dir = [/home/runner/work/ozone/ozone/hadoop-ozone/integration-test/target/test-dir/MiniOzoneClusterImpl-f0f26617-5c27-4371-b446-298ac6c8687b/scmNode-3/scm-ha] (custom)
2024-04-16 13:47:06,253 [main] INFO  server.RaftServerConfigKeys (ConfUtils.java:logGet(46)) - raft.server.threadpool.proxy.cached = true (default)
2024-04-16 13:47:06,253 [main] INFO  server.RaftServerConfigKeys (ConfUtils.java:logGet(46)) - raft.server.threadpool.proxy.size = 0 (default)
2024-04-16 13:47:06,254 [main] INFO  server.RaftServer (RaftServerProxy.java:addNew(100)) - 692eadad-ad12-4257-a6c9-255a711e16c4: addNew group-298AC6C8687B:[] returns group-298AC6C8687B:java.util.concurrent.CompletableFuture@53872179[Not completed]
2024-04-16 13:47:06,254 [692eadad-ad12-4257-a6c9-255a711e16c4-groupManagement] INFO  server.RaftServer$Division (RaftServerImpl.java:<init>(256)) - 692eadad-ad12-4257-a6c9-255a711e16c4: new RaftServerImpl for group-298AC6C8687B:[] with SCMStateMachine:uninitialized
2024-04-16 13:47:06,255 [692eadad-ad12-4257-a6c9-255a711e16c4-groupManagement] INFO  server.RaftServerConfigKeys (ConfUtils.java:logGet(46)) - raft.server.rpc.timeout.min = 5000ms (custom)
2024-04-16 13:47:06,255 [692eadad-ad12-4257-a6c9-255a711e16c4-groupManagement] INFO  server.RaftServerConfigKeys (ConfUtils.java:logGet(46)) - raft.server.rpc.timeout.max = 5200ms (custom)
2024-04-16 13:47:06,255 [692eadad-ad12-4257-a6c9-255a711e16c4-groupManagement] INFO  server.RaftServerConfigKeys (ConfUtils.java:logGet(46)) - raft.server.rpc.sleep.time = 25ms (default)
2024-04-16 13:47:06,255 [692eadad-ad12-4257-a6c9-255a711e16c4-groupManagement] INFO  server.RaftServerConfigKeys (ConfUtils.java:logGet(46)) - raft.server.rpc.slowness.timeout = 120000ms (custom)
2024-04-16 13:47:06,255 [692eadad-ad12-4257-a6c9-255a711e16c4-groupManagement] INFO  server.RaftServerConfigKeys (ConfUtils.java:logGet(46)) - raft.server.leaderelection.leader.step-down.wait-time = 10s (default)
2024-04-16 13:47:06,255 [692eadad-ad12-4257-a6c9-255a711e16c4-groupManagement] INFO  server.RaftServerConfigKeys (ConfUtils.java:logGet(46)) - raft.server.leaderelection.member.majority-add = false (default)
2024-04-16 13:47:06,255 [692eadad-ad12-4257-a6c9-255a711e16c4-groupManagement] INFO  server.RaftServerConfigKeys (ConfUtils.java:logGet(46)) - raft.server.sleep.deviation.threshold = 300ms (default)
2024-04-16 13:47:06,255 [692eadad-ad12-4257-a6c9-255a711e16c4-groupManagement] INFO  server.RaftServer$Division (ServerState.java:<init>(113)) - 692eadad-ad12-4257-a6c9-255a711e16c4@group-298AC6C8687B: ConfigurationManager, init=-1: peers:[]|listeners:[], old=null, confs=<EMPTY_MAP>
2024-04-16 13:47:06,255 [692eadad-ad12-4257-a6c9-255a711e16c4-groupManagement] INFO  server.RaftServerConfigKeys (ConfUtils.java:logGet(46)) - raft.server.notification.no-leader.timeout = 60s (default)
2024-04-16 13:47:06,256 [692eadad-ad12-4257-a6c9-255a711e16c4-groupManagement] INFO  server.RaftServerConfigKeys (ConfUtils.java:logGet(46)) - raft.server.read.timeout = 10s (default)
2024-04-16 13:47:06,256 [692eadad-ad12-4257-a6c9-255a711e16c4-groupManagement] INFO  server.RaftServerConfigKeys (ConfUtils.java:logGet(46)) - raft.server.retrycache.expirytime = 60000ms (default)
2024-04-16 13:47:06,256 [692eadad-ad12-4257-a6c9-255a711e16c4-groupManagement] INFO  server.RaftServerConfigKeys (ConfUtils.java:logGet(46)) - raft.server.retrycache.statistics.expirytime = 100ms (default)
2024-04-16 13:47:06,256 [692eadad-ad12-4257-a6c9-255a711e16c4-groupManagement] INFO  server.RaftServerConfigKeys (ConfUtils.java:logGet(46)) - raft.server.read.option = DEFAULT (default)
2024-04-16 13:47:06,256 [692eadad-ad12-4257-a6c9-255a711e16c4-groupManagement] INFO  server.RaftServerConfigKeys (ConfUtils.java:logGet(46)) - raft.server.read.read-after-write-consistent.write-index-cache.expiry-time = 60s (default)
2024-04-16 13:47:06,262 [692eadad-ad12-4257-a6c9-255a711e16c4-groupManagement] INFO  server.RaftServerConfigKeys (ConfUtils.java:logGet(46)) - raft.server.rpc.request.timeout = 30000ms (custom)
2024-04-16 13:47:06,262 [692eadad-ad12-4257-a6c9-255a711e16c4-groupManagement] INFO  server.RaftServerConfigKeys (ConfUtils.java:logGet(46)) - raft.server.log.appender.install.snapshot.enabled = false (custom)
2024-04-16 13:47:06,263 [692eadad-ad12-4257-a6c9-255a711e16c4-groupManagement] INFO  server.RaftServerConfigKeys (ConfUtils.java:logGet(46)) - raft.server.threadpool.server.cached = true (default)
2024-04-16 13:47:06,263 [692eadad-ad12-4257-a6c9-255a711e16c4-groupManagement] INFO  server.RaftServerConfigKeys (ConfUtils.java:logGet(46)) - raft.server.threadpool.server.size = 0 (default)
2024-04-16 13:47:06,264 [692eadad-ad12-4257-a6c9-255a711e16c4-groupManagement] INFO  server.RaftServerConfigKeys (ConfUtils.java:logGet(46)) - raft.server.threadpool.client.cached = true (default)
2024-04-16 13:47:06,264 [692eadad-ad12-4257-a6c9-255a711e16c4-groupManagement] INFO  server.RaftServerConfigKeys (ConfUtils.java:logGet(46)) - raft.server.threadpool.client.size = 0 (default)
2024-04-16 13:47:06,264 [main] INFO  ha.SCMSnapshotProvider (SCMSnapshotProvider.java:<init>(66)) - Initializing SCM Snapshot Provider
2024-04-16 13:47:06,265 [main] WARN  server.ServerUtils (ServerUtils.java:getDefaultRatisDirectory(311)) - Storage directory for Ratis is not configured. It is a good idea to map this to an SSD disk. Falling back to ozone.metadata.dirs
2024-04-16 13:47:06,265 [main] WARN  ha.SCMHAUtils (SCMHAUtils.java:getSCMRatisSnapshotDirectory(158)) - SCM snapshot dir is not configured. Falling back to ozone.metadata.dirs config
2024-04-16 13:47:06,267 [main] INFO  upgrade.AbstractLayoutVersionManager (AbstractLayoutVersionManager.java:init(83)) - Initializing Layout version manager with metadata layout = HADOOP_PRC_PORTS_IN_DATANODEDETAILS (version = 7), software layout = HADOOP_PRC_PORTS_IN_DATANODEDETAILS (version = 7)
2024-04-16 13:47:06,269 [main] INFO  ha.SequenceIdGenerator (SequenceIdGenerator.java:upgradeToSequenceId(370)) - upgrade localId to 113750153625600000
2024-04-16 13:47:06,270 [main] INFO  ha.SequenceIdGenerator (SequenceIdGenerator.java:upgradeToSequenceId(380)) - upgrade delTxnId to 0
2024-04-16 13:47:06,271 [main] INFO  ha.SequenceIdGenerator (SequenceIdGenerator.java:upgradeToSequenceId(397)) - upgrade containerId to 0
2024-04-16 13:47:06,273 [main] INFO  ha.SequenceIdGenerator (SequenceIdGenerator.java:upgradeToCertificateSequenceId(444)) - upgrade CertificateId to 2
2024-04-16 13:47:06,274 [main] INFO  ha.SequenceIdGenerator (SequenceIdGenerator.java:<init>(241)) - Init the HA SequenceIdGenerator.
2024-04-16 13:47:06,274 [main] WARN  server.ServerUtils (ServerUtils.java:sanitizeUserArgs(79)) - ozone.scm.stale.node.interval value = 300000 is larger than max = 100000 based on the key value of ozone.scm.heartbeat.thread.interval, reset to the max value 100000.
2024-04-16 13:47:06,274 [main] WARN  server.ServerUtils (ServerUtils.java:sanitizeUserArgs(79)) - ozone.scm.stale.node.interval value = 300000 is larger than max = 100000 based on the key value of ozone.scm.heartbeat.thread.interval, reset to the max value 100000.
2024-04-16 13:47:06,276 [main] INFO  node.SCMNodeManager (SCMNodeManager.java:<init>(177)) - Entering startup safe mode.
2024-04-16 13:47:06,277 [main] INFO  algorithms.ContainerPlacementPolicyFactory (ContainerPlacementPolicyFactory.java:getPolicyInternal(86)) - Create container placement policy of type org.apache.hadoop.hdds.scm.container.placement.algorithms.SCMContainerPlacementRackAware
2024-04-16 13:47:06,277 [main] INFO  algorithms.ContainerPlacementPolicyFactory (ContainerPlacementPolicyFactory.java:getPolicyInternal(86)) - Create container placement policy of type org.apache.hadoop.hdds.scm.container.placement.algorithms.SCMContainerPlacementRackScatter
2024-04-16 13:47:06,277 [main] INFO  pipeline.PipelineStateManagerImpl (PipelineStateManagerImpl.java:initialize(78)) - No pipeline exists in current db
2024-04-16 13:47:06,278 [main] INFO  algorithms.LeaderChoosePolicyFactory (LeaderChoosePolicyFactory.java:getPolicy(57)) - Create leader choose policy of type org.apache.hadoop.hdds.scm.pipeline.leader.choose.algorithms.MinLeaderCountChoosePolicy
2024-04-16 13:47:06,278 [main] INFO  algorithms.ContainerPlacementPolicyFactory (ContainerPlacementPolicyFactory.java:getPolicyInternal(86)) - Create container placement policy of type org.apache.hadoop.hdds.scm.container.placement.algorithms.SCMContainerPlacementRackScatter
2024-04-16 13:47:06,278 [main] INFO  ha.SCMServiceManager (SCMServiceManager.java:register(42)) - Registering service BackgroundPipelineCreator.
2024-04-16 13:47:06,278 [main] INFO  pipeline.BackgroundPipelineCreator (BackgroundPipelineCreator.java:start(127)) - Starting scmNode-3-RatisPipelineUtilsThread.
2024-04-16 13:47:06,278 [main] INFO  BackgroundPipelineScrubber (BackgroundSCMService.java:start(65)) - Starting BackgroundPipelineScrubber Service.
2024-04-16 13:47:06,279 [main] INFO  ha.SCMServiceManager (SCMServiceManager.java:register(42)) - Registering service BackgroundPipelineScrubber.
2024-04-16 13:47:06,279 [main] INFO  ExpiredContainerReplicaOpScrubber (BackgroundSCMService.java:start(65)) - Starting ExpiredContainerReplicaOpScrubber Service.
2024-04-16 13:47:06,283 [main] INFO  ha.SCMServiceManager (SCMServiceManager.java:register(42)) - Registering service ExpiredContainerReplicaOpScrubber.
2024-04-16 13:47:06,285 [main] INFO  algorithms.PipelineChoosePolicyFactory (PipelineChoosePolicyFactory.java:createPipelineChoosePolicyFromClass(80)) - Create pipeline choose policy of type org.apache.hadoop.hdds.scm.pipeline.choose.algorithms.RandomPipelineChoosePolicy
2024-04-16 13:47:06,285 [main] INFO  algorithms.PipelineChoosePolicyFactory (PipelineChoosePolicyFactory.java:createPipelineChoosePolicyFromClass(80)) - Create pipeline choose policy of type org.apache.hadoop.hdds.scm.pipeline.choose.algorithms.RandomPipelineChoosePolicy
2024-04-16 13:47:06,286 [main] INFO  ha.SCMServiceManager (SCMServiceManager.java:register(42)) - Registering service SCMBlockDeletingService.
2024-04-16 13:47:06,287 [main] INFO  replication.ReplicationManager (ReplicationManager.java:start(295)) - Starting Replication Monitor Thread.
2024-04-16 13:47:06,295 [scmNode-3-ReplicationMonitor] INFO  replication.ReplicationManager (ReplicationManager.java:processAll(371)) - Replication Manager is not ready to run until 3000ms after safemode exit
2024-04-16 13:47:06,295 [main] INFO  ha.SCMServiceManager (SCMServiceManager.java:register(42)) - Registering service ReplicationManager.
2024-04-16 13:47:06,297 [main] INFO  safemode.ContainerSafeModeRule (ContainerSafeModeRule.java:<init>(91)) - containers with one replica threshold count 0
2024-04-16 13:47:06,297 [main] INFO  safemode.HealthyPipelineSafeModeRule (HealthyPipelineSafeModeRule.java:initializeRule(176)) - Total pipeline count is 0, healthy pipeline threshold count is 1
2024-04-16 13:47:06,298 [main] INFO  safemode.OneReplicaPipelineSafeModeRule (OneReplicaPipelineSafeModeRule.java:initializeRule(193)) - Total pipeline count is 0, pipeline's with at least one datanode reported threshold count is 0
2024-04-16 13:47:06,299 [main] INFO  security.SecretKeyManagerService (SecretKeyManagerService.java:start(144)) - Scheduling rotation checker with interval PT0.1S
2024-04-16 13:47:06,299 [main] INFO  ha.SCMServiceManager (SCMServiceManager.java:register(42)) - Registering service SecretKeyManagerService.
2024-04-16 13:47:06,300 [main] INFO  authority.DefaultCAServer (DefaultCAServer.java:lambda$processVerificationStatus$0(467)) - CertificateServer validation is successful
2024-04-16 13:47:06,304 [main] INFO  ipc.CallQueueManager (CallQueueManager.java:<init>(90)) - Using callQueue: class java.util.concurrent.LinkedBlockingQueue, queueCapacity: 200, scheduler: class org.apache.hadoop.ipc.DefaultRpcScheduler, ipcBackoff: false.
2024-04-16 13:47:06,304 [main] INFO  ipc.Server (Server.java:<init>(1287)) - Listener at 0.0.0.0:15018
2024-04-16 13:47:06,304 [Socket Reader #1 for port 15018] INFO  ipc.Server (Server.java:run(1323)) - Starting Socket Reader #1 for port 15018
2024-04-16 13:47:06,313 [main] INFO  server.StorageContainerManager (StorageContainerManager.java:<init>(440)) - SCM start with adminUsers: [runner, scm]
2024-04-16 13:47:06,313 [main] INFO  ipc.CallQueueManager (CallQueueManager.java:<init>(90)) - Using callQueue: class java.util.concurrent.LinkedBlockingQueue, queueCapacity: 10000, scheduler: class org.apache.hadoop.ipc.DefaultRpcScheduler, ipcBackoff: false.
2024-04-16 13:47:06,313 [main] INFO  ipc.Server (Server.java:<init>(1287)) - Listener at 0.0.0.0:15020
2024-04-16 13:47:06,314 [Socket Reader #1 for port 15020] INFO  ipc.Server (Server.java:run(1323)) - Starting Socket Reader #1 for port 15020
2024-04-16 13:47:06,317 [main] INFO  ipc.CallQueueManager (CallQueueManager.java:<init>(90)) - Using callQueue: class java.util.concurrent.LinkedBlockingQueue, queueCapacity: 10000, scheduler: class org.apache.hadoop.ipc.DefaultRpcScheduler, ipcBackoff: false.
2024-04-16 13:47:06,318 [main] INFO  ipc.Server (Server.java:<init>(1287)) - Listener at 0.0.0.0:15023
2024-04-16 13:47:06,320 [Socket Reader #1 for port 15023] INFO  ipc.Server (Server.java:run(1323)) - Starting Socket Reader #1 for port 15023
2024-04-16 13:47:06,327 [main] INFO  ipc.CallQueueManager (CallQueueManager.java:<init>(90)) - Using callQueue: class java.util.concurrent.LinkedBlockingQueue, queueCapacity: 10000, scheduler: class org.apache.hadoop.ipc.DefaultRpcScheduler, ipcBackoff: false.
2024-04-16 13:47:06,327 [main] INFO  ipc.Server (Server.java:<init>(1287)) - Listener at 0.0.0.0:15021
2024-04-16 13:47:06,331 [Socket Reader #1 for port 15021] INFO  ipc.Server (Server.java:run(1323)) - Starting Socket Reader #1 for port 15021
2024-04-16 13:47:06,344 [main] INFO  ha.SCMServiceManager (SCMServiceManager.java:register(42)) - Registering service ContainerBalancer.
2024-04-16 13:47:06,344 [main] INFO  ha.SCMContext (SCMContext.java:updateSafeModeStatus(225)) - Update SafeModeStatus from SafeModeStatus{safeModeStatus=true, preCheckPassed=false} to SafeModeStatus{safeModeStatus=true, preCheckPassed=false}.
2024-04-16 13:47:06,350 [main] INFO  server.StorageContainerManager (StorageContainerManager.java:start(1545)) - StorageContainerLocationProtocol RPC server is listening at /0.0.0.0:15021
2024-04-16 13:47:06,351 [main] INFO  ha.SCMRatisServerImpl (SCMRatisServerImpl.java:start(192)) - starting ratis server 0.0.0.0:15019
2024-04-16 13:47:06,352 [692eadad-ad12-4257-a6c9-255a711e16c4-impl-thread1] INFO  server.RaftServerConfigKeys (ConfUtils.java:logGet(46)) - raft.server.storage.free-space.min = 0MB (=0) (default)
2024-04-16 13:47:06,352 [692eadad-ad12-4257-a6c9-255a711e16c4-impl-thread1] INFO  server.RaftServerConfigKeys (ConfUtils.java:logGet(46)) - raft.server.log.corruption.policy = EXCEPTION (default)
2024-04-16 13:47:06,352 [692eadad-ad12-4257-a6c9-255a711e16c4-impl-thread1] INFO  server.RaftServerConfigKeys (ConfUtils.java:logGet(46)) - raft.server.storage.dir = [/home/runner/work/ozone/ozone/hadoop-ozone/integration-test/target/test-dir/MiniOzoneClusterImpl-f0f26617-5c27-4371-b446-298ac6c8687b/scmNode-3/scm-ha] (custom)
2024-04-16 13:47:06,352 [692eadad-ad12-4257-a6c9-255a711e16c4-impl-thread1] INFO  storage.RaftStorageDirectory (RaftStorageDirectoryImpl.java:analyzeStorage(138)) - The storage directory /home/runner/work/ozone/ozone/hadoop-ozone/integration-test/target/test-dir/MiniOzoneClusterImpl-f0f26617-5c27-4371-b446-298ac6c8687b/scmNode-3/scm-ha/f0f26617-5c27-4371-b446-298ac6c8687b does not exist. Creating ...
2024-04-16 13:47:06,353 [692eadad-ad12-4257-a6c9-255a711e16c4-impl-thread1] INFO  storage.RaftStorageDirectory (RaftStorageDirectoryImpl.java:tryLock(228)) - Lock on /home/runner/work/ozone/ozone/hadoop-ozone/integration-test/target/test-dir/MiniOzoneClusterImpl-f0f26617-5c27-4371-b446-298ac6c8687b/scmNode-3/scm-ha/f0f26617-5c27-4371-b446-298ac6c8687b/in_use.lock acquired by nodename 102701@fv-az1428-817
2024-04-16 13:47:06,354 [692eadad-ad12-4257-a6c9-255a711e16c4-impl-thread1] INFO  storage.RaftStorage (RaftStorageImpl.java:format(99)) - Storage directory /home/runner/work/ozone/ozone/hadoop-ozone/integration-test/target/test-dir/MiniOzoneClusterImpl-f0f26617-5c27-4371-b446-298ac6c8687b/scmNode-3/scm-ha/f0f26617-5c27-4371-b446-298ac6c8687b has been successfully formatted.
2024-04-16 13:47:06,355 [692eadad-ad12-4257-a6c9-255a711e16c4-impl-thread1] WARN  util.FileUtils (LogUtils.java:supplyAndLog(63)) - Failed to Files.newInputStream /home/runner/work/ozone/ozone/hadoop-ozone/integration-test/target/test-dir/MiniOzoneClusterImpl-f0f26617-5c27-4371-b446-298ac6c8687b/scmNode-3/scm-ha/f0f26617-5c27-4371-b446-298ac6c8687b/current/raft-meta.conf with options []: java.nio.file.NoSuchFileException: /home/runner/work/ozone/ozone/hadoop-ozone/integration-test/target/test-dir/MiniOzoneClusterImpl-f0f26617-5c27-4371-b446-298ac6c8687b/scmNode-3/scm-ha/f0f26617-5c27-4371-b446-298ac6c8687b/current/raft-meta.conf
2024-04-16 13:47:06,355 [692eadad-ad12-4257-a6c9-255a711e16c4-impl-thread1] INFO  server.RaftServerConfigKeys (ConfUtils.java:logGet(46)) - raft.server.log.use.memory = false (default)
2024-04-16 13:47:06,355 [692eadad-ad12-4257-a6c9-255a711e16c4-impl-thread1] INFO  server.RaftServerConfigKeys (ConfUtils.java:logGet(46)) - raft.server.log.purge.gap = 1000000 (custom)
2024-04-16 13:47:06,355 [692eadad-ad12-4257-a6c9-255a711e16c4-impl-thread1] INFO  server.RaftServerConfigKeys (ConfUtils.java:logGet(46)) - raft.server.log.appender.buffer.byte-limit = 4194304 (custom)
2024-04-16 13:47:06,355 [692eadad-ad12-4257-a6c9-255a711e16c4-impl-thread1] INFO  server.RaftServerConfigKeys (ConfUtils.java:logGet(46)) - raft.server.log.statemachine.data.read.timeout = 1000ms (default)
2024-04-16 13:47:06,355 [692eadad-ad12-4257-a6c9-255a711e16c4-impl-thread1] INFO  server.RaftServerConfigKeys (ConfUtils.java:logGet(46)) - raft.server.log.purge.preservation.log.num = 0 (default)
2024-04-16 13:47:06,357 [692eadad-ad12-4257-a6c9-255a711e16c4-impl-thread1] INFO  server.RaftServerConfigKeys (ConfUtils.java:logGet(46)) - raft.server.log.segment.size.max = 4194304 (custom)
2024-04-16 13:47:06,357 [692eadad-ad12-4257-a6c9-255a711e16c4-impl-thread1] INFO  server.RaftServerConfigKeys (ConfUtils.java:logGet(46)) - raft.server.log.segment.cache.num.max = 2 (custom)
2024-04-16 13:47:06,357 [692eadad-ad12-4257-a6c9-255a711e16c4-impl-thread1] INFO  server.RaftServerConfigKeys (ConfUtils.java:logGet(46)) - raft.server.log.segment.cache.size.max = 200MB (=209715200) (default)
2024-04-16 13:47:06,358 [692eadad-ad12-4257-a6c9-255a711e16c4-impl-thread1] INFO  server.RaftServerConfigKeys (ConfUtils.java:logGet(46)) - raft.server.log.appender.buffer.byte-limit = 4194304 (custom)
2024-04-16 13:47:06,358 [692eadad-ad12-4257-a6c9-255a711e16c4-impl-thread1] INFO  util.AwaitToRun (AwaitToRun.java:start(81)) - Thread[692eadad-ad12-4257-a6c9-255a711e16c4@group-298AC6C8687B-cacheEviction-AwaitToRun,5,main] started
2024-04-16 13:47:06,358 [692eadad-ad12-4257-a6c9-255a711e16c4-impl-thread1] INFO  segmented.SegmentedRaftLogWorker (SegmentedRaftLogWorker.java:<init>(182)) - new 692eadad-ad12-4257-a6c9-255a711e16c4@group-298AC6C8687B-SegmentedRaftLogWorker for RaftStorageImpl:Storage Directory /home/runner/work/ozone/ozone/hadoop-ozone/integration-test/target/test-dir/MiniOzoneClusterImpl-f0f26617-5c27-4371-b446-298ac6c8687b/scmNode-3/scm-ha/f0f26617-5c27-4371-b446-298ac6c8687b
2024-04-16 13:47:06,358 [692eadad-ad12-4257-a6c9-255a711e16c4-impl-thread1] INFO  server.RaftServerConfigKeys (ConfUtils.java:logGet(46)) - raft.server.log.queue.byte-limit = 64MB (=67108864) (default)
2024-04-16 13:47:06,358 [692eadad-ad12-4257-a6c9-255a711e16c4-impl-thread1] INFO  server.RaftServerConfigKeys (ConfUtils.java:logGet(46)) - raft.server.log.queue.element-limit = 4096 (default)
2024-04-16 13:47:06,358 [692eadad-ad12-4257-a6c9-255a711e16c4-impl-thread1] INFO  server.RaftServerConfigKeys (ConfUtils.java:logGet(46)) - raft.server.log.segment.size.max = 4194304 (custom)
2024-04-16 13:47:06,358 [692eadad-ad12-4257-a6c9-255a711e16c4-impl-thread1] INFO  server.RaftServerConfigKeys (ConfUtils.java:logGet(46)) - raft.server.log.preallocated.size = 4194304 (custom)
2024-04-16 13:47:06,358 [692eadad-ad12-4257-a6c9-255a711e16c4-impl-thread1] INFO  server.RaftServerConfigKeys (ConfUtils.java:logGet(46)) - raft.server.log.force.sync.num = 128 (default)
2024-04-16 13:47:06,358 [692eadad-ad12-4257-a6c9-255a711e16c4-impl-thread1] INFO  server.RaftServerConfigKeys (ConfUtils.java:logGet(46)) - raft.server.log.statemachine.data.sync = true (default)
2024-04-16 13:47:06,358 [692eadad-ad12-4257-a6c9-255a711e16c4-impl-thread1] INFO  server.RaftServerConfigKeys (ConfUtils.java:logGet(46)) - raft.server.log.statemachine.data.sync.timeout = 10s (default)
2024-04-16 13:47:06,358 [692eadad-ad12-4257-a6c9-255a711e16c4-impl-thread1] INFO  server.RaftServerConfigKeys (ConfUtils.java:logGet(46)) - raft.server.log.statemachine.data.sync.timeout.retry = -1 (default)
2024-04-16 13:47:06,359 [692eadad-ad12-4257-a6c9-255a711e16c4-impl-thread1] INFO  server.RaftServerConfigKeys (ConfUtils.java:logGet(46)) - raft.server.log.write.buffer.size = 4194312 (custom)
2024-04-16 13:47:06,359 [692eadad-ad12-4257-a6c9-255a711e16c4-impl-thread1] INFO  server.RaftServerConfigKeys (ConfUtils.java:logGet(46)) - raft.server.log.appender.buffer.byte-limit = 4194304 (custom)
2024-04-16 13:47:06,359 [692eadad-ad12-4257-a6c9-255a711e16c4-impl-thread1] INFO  server.RaftServerConfigKeys (ConfUtils.java:logGet(46)) - raft.server.log.unsafe-flush.enabled = false (default)
2024-04-16 13:47:06,359 [692eadad-ad12-4257-a6c9-255a711e16c4-impl-thread1] INFO  server.RaftServerConfigKeys (ConfUtils.java:logGet(46)) - raft.server.log.async-flush.enabled = false (default)
2024-04-16 13:47:06,360 [692eadad-ad12-4257-a6c9-255a711e16c4-impl-thread1] INFO  server.RaftServerConfigKeys (ConfUtils.java:logGet(46)) - raft.server.log.statemachine.data.caching.enabled = false (default)
2024-04-16 13:47:06,360 [692eadad-ad12-4257-a6c9-255a711e16c4-impl-thread1] INFO  segmented.SegmentedRaftLogWorker (SegmentedRaftLogWorker.java:lambda$new$0(134)) - 692eadad-ad12-4257-a6c9-255a711e16c4@group-298AC6C8687B-SegmentedRaftLogWorker: flushIndex: setUnconditionally 0 -> -1
2024-04-16 13:47:06,360 [692eadad-ad12-4257-a6c9-255a711e16c4-impl-thread1] INFO  segmented.SegmentedRaftLogWorker (SegmentedRaftLogWorker.java:lambda$new$0(134)) - 692eadad-ad12-4257-a6c9-255a711e16c4@group-298AC6C8687B-SegmentedRaftLogWorker: safeCacheEvictIndex: setUnconditionally 0 -> -1
2024-04-16 13:47:06,360 [692eadad-ad12-4257-a6c9-255a711e16c4-impl-thread1] INFO  server.RaftServer$Division (RaftServerImpl.java:start(402)) - 692eadad-ad12-4257-a6c9-255a711e16c4@group-298AC6C8687B: start with initializing state, conf=-1: peers:[]|listeners:[], old=null
2024-04-16 13:47:06,360 [692eadad-ad12-4257-a6c9-255a711e16c4-impl-thread1] INFO  server.RaftServer$Division (RaftServerImpl.java:setRole(383)) - 692eadad-ad12-4257-a6c9-255a711e16c4@group-298AC6C8687B: changes role from      null to FOLLOWER at term 0 for startInitializing
2024-04-16 13:47:06,360 [692eadad-ad12-4257-a6c9-255a711e16c4-impl-thread1] INFO  util.JmxRegister (JmxRegister.java:tryRegister(44)) - Successfully registered JMX Bean with object name Ratis:service=RaftServer,group=group-298AC6C8687B,id=692eadad-ad12-4257-a6c9-255a711e16c4
2024-04-16 13:47:06,360 [692eadad-ad12-4257-a6c9-255a711e16c4-impl-thread1] INFO  server.RaftServerConfigKeys (ConfUtils.java:logGet(46)) - raft.server.snapshot.trigger-when-stop.enabled = true (default)
2024-04-16 13:47:06,360 [692eadad-ad12-4257-a6c9-255a711e16c4-impl-thread1] INFO  server.RaftServerConfigKeys (ConfUtils.java:logGet(46)) - raft.server.snapshot.auto.trigger.enabled = true (custom)
2024-04-16 13:47:06,360 [692eadad-ad12-4257-a6c9-255a711e16c4-impl-thread1] INFO  server.RaftServerConfigKeys (ConfUtils.java:logGet(46)) - raft.server.snapshot.auto.trigger.threshold = 1000 (custom)
2024-04-16 13:47:06,360 [692eadad-ad12-4257-a6c9-255a711e16c4-impl-thread1] INFO  server.RaftServerConfigKeys (ConfUtils.java:logGet(46)) - raft.server.snapshot.retention.file.num = -1 (default)
2024-04-16 13:47:06,360 [692eadad-ad12-4257-a6c9-255a711e16c4-impl-thread1] INFO  server.RaftServerConfigKeys (ConfUtils.java:logGet(46)) - raft.server.log.purge.upto.snapshot.index = false (default)
2024-04-16 13:47:06,361 [main] INFO  server.RaftServer (RaftServerProxy.java:startImpl(406)) - 692eadad-ad12-4257-a6c9-255a711e16c4: start RPC server
2024-04-16 13:47:06,364 [main] INFO  server.GrpcService (GrpcService.java:startImpl(302)) - 692eadad-ad12-4257-a6c9-255a711e16c4: GrpcService started, listening on 15019
2024-04-16 13:47:06,364 [JvmPauseMonitor3] INFO  util.JvmPauseMonitor (JvmPauseMonitor.java:run(146)) - JvmPauseMonitor-692eadad-ad12-4257-a6c9-255a711e16c4: Started
2024-04-16 13:47:06,365 [main] INFO  ha.SCMNodeInfo (SCMNodeInfo.java:getPort(197)) - ConfigKey ozone.scm.client.address is deprecated, For configuring different ports for each SCM use PortConfigKey ozone.scm.client.port appended with serviceId and nodeId
2024-04-16 13:47:06,365 [main] INFO  ha.SCMNodeInfo (SCMNodeInfo.java:getPort(197)) - ConfigKey ozone.scm.block.client.address is deprecated, For configuring different ports for each SCM use PortConfigKey ozone.scm.block.client.port appended with serviceId and nodeId
2024-04-16 13:47:06,365 [main] INFO  ha.SCMNodeInfo (SCMNodeInfo.java:getPort(197)) - ConfigKey ozone.scm.security.service.address is deprecated, For configuring different ports for each SCM use PortConfigKey ozone.scm.security.service.port appended with serviceId and nodeId
2024-04-16 13:47:06,365 [main] INFO  ha.SCMNodeInfo (SCMNodeInfo.java:getPort(197)) - ConfigKey ozone.scm.datanode.address is deprecated, For configuring different ports for each SCM use PortConfigKey ozone.scm.datanode.port appended with serviceId and nodeId
2024-04-16 13:47:06,365 [main] INFO  ha.SCMNodeInfo (SCMNodeInfo.java:getPort(197)) - ConfigKey ozone.scm.client.address is deprecated, For configuring different ports for each SCM use PortConfigKey ozone.scm.client.port appended with serviceId and nodeId
2024-04-16 13:47:06,365 [main] INFO  ha.SCMNodeInfo (SCMNodeInfo.java:getPort(197)) - ConfigKey ozone.scm.block.client.address is deprecated, For configuring different ports for each SCM use PortConfigKey ozone.scm.block.client.port appended with serviceId and nodeId
2024-04-16 13:47:06,365 [main] INFO  ha.SCMNodeInfo (SCMNodeInfo.java:getPort(197)) - ConfigKey ozone.scm.security.service.address is deprecated, For configuring different ports for each SCM use PortConfigKey ozone.scm.security.service.port appended with serviceId and nodeId
2024-04-16 13:47:06,365 [main] INFO  ha.SCMNodeInfo (SCMNodeInfo.java:getPort(197)) - ConfigKey ozone.scm.datanode.address is deprecated, For configuring different ports for each SCM use PortConfigKey ozone.scm.datanode.port appended with serviceId and nodeId
2024-04-16 13:47:06,366 [main] INFO  proxy.SCMBlockLocationFailoverProxyProvider (SCMBlockLocationFailoverProxyProvider.java:<init>(115)) - Created block location fail-over proxy with 2 nodes: [nodeId=scmNode-2,nodeAddress=/127.0.0.1:15015, nodeId=scmNode-1,nodeAddress=/127.0.0.1:15007]
2024-04-16 13:47:06,371 [pool-1-thread-1] INFO  request.TgsRequest (TgsRequest.java:issueTicket(115)) - TGS_REQ ISSUE: authtime 1713275226371,scm/fv-az1428-817.utppd1leec2uvmgjoennxb5ynh.ex.internal.cloudapp.net for scm/fv-az1428-817.utppd1leec2uvmgjoennxb5ynh.ex.internal.cloudapp.net@EXAMPLE.COM
2024-04-16 13:47:06,379 [Socket Reader #1 for port 15007] INFO  ipc.Server (Server.java:saslProcess(2139)) - Auth successful for scm/fv-az1428-817.utppd1leec2uvmgjoennxb5ynh.ex.internal.cloudapp.net@EXAMPLE.COM (auth:KERBEROS) from fv-az1428-817.utppd1leec2uvmgjoennxb5ynh.ex.internal.cloudapp.net:40767 / 10.1.0.24:40767
2024-04-16 13:47:06,386 [Socket Reader #1 for port 15007] INFO  authorize.ServiceAuthorizationManager (ServiceAuthorizationManager.java:authorize(137)) - Authorization successful for scm/fv-az1428-817.utppd1leec2uvmgjoennxb5ynh.ex.internal.cloudapp.net@EXAMPLE.COM (auth:KERBEROS) for protocol=interface org.apache.hadoop.hdds.scm.protocol.ScmBlockLocationProtocol
2024-04-16 13:47:06,387 [IPC Server handler 3 on default port 15007] INFO  ha.SCMRatisServerImpl (SCMRatisServerImpl.java:addSCM(319)) - 8dded7e3-77f4-42cf-91f8-4014f88a5819: Submitting SetConfiguration request to Ratis server with new SCM peers list: [8dded7e3-77f4-42cf-91f8-4014f88a5819|localhost:15003, e74c9e3a-193e-4dbb-b5f5-b6805398d140|localhost:15011, 692eadad-ad12-4257-a6c9-255a711e16c4|localhost:15019]
2024-04-16 13:47:06,387 [IPC Server handler 3 on default port 15007] INFO  server.RaftServer$Division (RaftServerImpl.java:setConfigurationAsync(1276)) - 8dded7e3-77f4-42cf-91f8-4014f88a5819@group-298AC6C8687B: receive setConfiguration SetConfigurationRequest:client-3532AF0C23E9->8dded7e3-77f4-42cf-91f8-4014f88a5819@group-298AC6C8687B, cid=10, seq=null, RW, null, SET_UNCONDITIONALLY, servers:[8dded7e3-77f4-42cf-91f8-4014f88a5819|localhost:15003, e74c9e3a-193e-4dbb-b5f5-b6805398d140|localhost:15011, 692eadad-ad12-4257-a6c9-255a711e16c4|localhost:15019], listeners:[]
2024-04-16 13:47:06,387 [IPC Server handler 3 on default port 15007] INFO  server.RaftServer$Division (LeaderStateImpl.java:startSetConfiguration(488)) - 8dded7e3-77f4-42cf-91f8-4014f88a5819@group-298AC6C8687B-LeaderStateImpl: startSetConfiguration SetConfigurationRequest:client-3532AF0C23E9->8dded7e3-77f4-42cf-91f8-4014f88a5819@group-298AC6C8687B, cid=10, seq=null, RW, null, SET_UNCONDITIONALLY, servers:[8dded7e3-77f4-42cf-91f8-4014f88a5819|localhost:15003, e74c9e3a-193e-4dbb-b5f5-b6805398d140|localhost:15011, 692eadad-ad12-4257-a6c9-255a711e16c4|localhost:15019], listeners:[]
2024-04-16 13:47:06,388 [IPC Server handler 3 on default port 15007] INFO  server.RaftServerConfigKeys (ConfUtils.java:logGet(46)) - raft.server.log.appender.snapshot.chunk.size.max = 16MB (=16777216) (default)
2024-04-16 13:47:06,388 [IPC Server handler 3 on default port 15007] INFO  server.RaftServerConfigKeys (ConfUtils.java:logGet(46)) - raft.server.log.appender.buffer.byte-limit = 4194304 (custom)
2024-04-16 13:47:06,388 [IPC Server handler 3 on default port 15007] INFO  server.RaftServerConfigKeys (ConfUtils.java:logGet(46)) - raft.server.log.appender.buffer.element-limit = 1024 (custom)
2024-04-16 13:47:06,389 [IPC Server handler 3 on default port 15007] INFO  server.RaftServerConfigKeys (ConfUtils.java:logGet(46)) - raft.server.log.appender.wait-time.min = 0ms (custom)
2024-04-16 13:47:06,390 [IPC Server handler 3 on default port 15007] INFO  grpc.GrpcConfigKeys (ConfUtils.java:logGet(46)) - raft.grpc.server.leader.outstanding.appends.max = 8 (default)
2024-04-16 13:47:06,390 [IPC Server handler 3 on default port 15007] INFO  server.RaftServerConfigKeys (ConfUtils.java:logGet(46)) - raft.server.rpc.request.timeout = 30000ms (custom)
2024-04-16 13:47:06,390 [IPC Server handler 3 on default port 15007] INFO  grpc.GrpcConfigKeys (ConfUtils.java:logGet(46)) - raft.grpc.server.install_snapshot.request.element-limit = 8 (default)
2024-04-16 13:47:06,390 [IPC Server handler 3 on default port 15007] INFO  grpc.GrpcConfigKeys (ConfUtils.java:logGet(46)) - raft.grpc.server.install_snapshot.request.timeout = 3000ms (default)
2024-04-16 13:47:06,390 [IPC Server handler 3 on default port 15007] INFO  grpc.GrpcConfigKeys (ConfUtils.java:logGet(46)) - raft.grpc.server.log-message.batch.duration = 5s (default)
2024-04-16 13:47:06,390 [IPC Server handler 3 on default port 15007] INFO  server.RaftServerConfigKeys (ConfUtils.java:logGet(46)) - raft.server.log.appender.install.snapshot.enabled = false (custom)
2024-04-16 13:47:06,390 [IPC Server handler 3 on default port 15007] INFO  grpc.GrpcConfigKeys (ConfUtils.java:logGet(46)) - raft.grpc.server.heartbeat.channel = true (default)
2024-04-16 13:47:06,392 [8dded7e3-77f4-42cf-91f8-4014f88a5819@group-298AC6C8687B->692eadad-ad12-4257-a6c9-255a711e16c4-GrpcLogAppender-LogAppenderDaemon] INFO  server.GrpcLogAppender (GrpcLogAppender.java:notifyInstallSnapshot(766)) - 8dded7e3-77f4-42cf-91f8-4014f88a5819@group-298AC6C8687B->692eadad-ad12-4257-a6c9-255a711e16c4-GrpcLogAppender: notifyInstallSnapshot with firstAvailable=(t:1, i:0), followerNextIndex=0
2024-04-16 13:47:06,393 [8dded7e3-77f4-42cf-91f8-4014f88a5819@group-298AC6C8687B->692eadad-ad12-4257-a6c9-255a711e16c4-GrpcLogAppender-LogAppenderDaemon] INFO  server.GrpcLogAppender (GrpcLogAppender.java:notifyInstallSnapshot(774)) - 8dded7e3-77f4-42cf-91f8-4014f88a5819@group-298AC6C8687B->692eadad-ad12-4257-a6c9-255a711e16c4-GrpcLogAppender: send 8dded7e3-77f4-42cf-91f8-4014f88a5819->692eadad-ad12-4257-a6c9-255a711e16c4#0-t2,notify:(t:1, i:0)
2024-04-16 13:47:06,393 [8dded7e3-77f4-42cf-91f8-4014f88a5819@group-298AC6C8687B->692eadad-ad12-4257-a6c9-255a711e16c4-GrpcLogAppender-LogAppenderDaemon] INFO  server.GrpcServerProtocolClient (GrpcServerProtocolClient.java:<init>(65)) - Build channel for 692eadad-ad12-4257-a6c9-255a711e16c4|localhost:15019
2024-04-16 13:47:06,404 [grpc-default-executor-1] INFO  impl.SnapshotInstallationHandler (SnapshotInstallationHandler.java:installSnapshot(89)) - 692eadad-ad12-4257-a6c9-255a711e16c4@group-298AC6C8687B: receive installSnapshot: 8dded7e3-77f4-42cf-91f8-4014f88a5819->692eadad-ad12-4257-a6c9-255a711e16c4#0-t2,notify:(t:1, i:0)
2024-04-16 13:47:06,405 [grpc-default-executor-1] INFO  server.RaftServer$Division (RaftServerImpl.java:setFirstElection(574)) - 692eadad-ad12-4257-a6c9-255a711e16c4@group-298AC6C8687B: set firstElectionSinceStartup to false for installSnapshot
2024-04-16 13:47:06,405 [grpc-default-executor-1] INFO  ha.SCMStateMachine (SCMStateMachine.java:notifyLeaderChanged(288)) - leader changed, yet current SCM is still follower.
2024-04-16 13:47:06,405 [grpc-default-executor-1] INFO  server.RaftServer$Division (ServerState.java:setLeader(269)) - 692eadad-ad12-4257-a6c9-255a711e16c4@group-298AC6C8687B: change Leader from null to 8dded7e3-77f4-42cf-91f8-4014f88a5819 at term 2 for installSnapshot, leader elected after 149ms
2024-04-16 13:47:06,405 [grpc-default-executor-1] INFO  impl.SnapshotInstallationHandler (SnapshotInstallationHandler.java:notifyStateMachineToInstallSnapshot(221)) - 692eadad-ad12-4257-a6c9-255a711e16c4@group-298AC6C8687B: Received notification to install snapshot at index 0
2024-04-16 13:47:06,405 [grpc-default-executor-1] INFO  impl.SnapshotInstallationHandler (SnapshotInstallationHandler.java:notifyStateMachineToInstallSnapshot(230)) - 692eadad-ad12-4257-a6c9-255a711e16c4@group-298AC6C8687B: InstallSnapshot notification result: ALREADY_INSTALLED, current snapshot index: -1
2024-04-16 13:47:06,406 [grpc-default-executor-1] INFO  impl.SnapshotInstallationHandler (SnapshotInstallationHandler.java:installSnapshotImpl(134)) - 692eadad-ad12-4257-a6c9-255a711e16c4@group-298AC6C8687B: set new configuration index: 21
configurationEntry {
  peers {
    id: "8dded7e3-77f4-42cf-91f8-4014f88a5819"
    address: "localhost:15003"
    startupRole: FOLLOWER
  }
  peers {
    id: "e74c9e3a-193e-4dbb-b5f5-b6805398d140"
    address: "localhost:15011"
    startupRole: FOLLOWER
  }
}
 from snapshot
2024-04-16 13:47:06,406 [grpc-default-executor-1] INFO  server.RaftServer$Division (ServerState.java:setRaftConf(386)) - 692eadad-ad12-4257-a6c9-255a711e16c4@group-298AC6C8687B: set configuration 21: peers:[8dded7e3-77f4-42cf-91f8-4014f88a5819|localhost:15003, e74c9e3a-193e-4dbb-b5f5-b6805398d140|localhost:15011]|listeners:[], old=null
2024-04-16 13:47:06,407 [grpc-default-executor-1] INFO  impl.SnapshotInstallationHandler (SnapshotInstallationHandler.java:installSnapshot(100)) - 692eadad-ad12-4257-a6c9-255a711e16c4@group-298AC6C8687B: reply installSnapshot: 8dded7e3-77f4-42cf-91f8-4014f88a5819<-692eadad-ad12-4257-a6c9-255a711e16c4#0:OK-t0,ALREADY_INSTALLED,snapshotIndex=0
2024-04-16 13:47:06,408 [grpc-default-executor-1] INFO  server.GrpcServerProtocolService (GrpcServerProtocolService.java:onCompleted(157)) - 692eadad-ad12-4257-a6c9-255a711e16c4: Completed INSTALL_SNAPSHOT, lastRequest: 8dded7e3-77f4-42cf-91f8-4014f88a5819->692eadad-ad12-4257-a6c9-255a711e16c4#0-t2,notify:(t:1, i:0)
2024-04-16 13:47:06,408 [grpc-default-executor-1] INFO  server.GrpcServerProtocolService (GrpcServerProtocolService.java:lambda$onCompleted$5(159)) - 692eadad-ad12-4257-a6c9-255a711e16c4: Completed INSTALL_SNAPSHOT, lastReply: null
2024-04-16 13:47:06,409 [grpc-default-executor-1] INFO  server.GrpcLogAppender (GrpcLogAppender.java:onNext(625)) - 8dded7e3-77f4-42cf-91f8-4014f88a5819@group-298AC6C8687B->692eadad-ad12-4257-a6c9-255a711e16c4-InstallSnapshotResponseHandler: received the first reply 8dded7e3-77f4-42cf-91f8-4014f88a5819<-692eadad-ad12-4257-a6c9-255a711e16c4#0:OK-t0,ALREADY_INSTALLED,snapshotIndex=0
2024-04-16 13:47:06,409 [grpc-default-executor-1] INFO  server.GrpcLogAppender (GrpcLogAppender.java:onNext(646)) - 8dded7e3-77f4-42cf-91f8-4014f88a5819@group-298AC6C8687B->692eadad-ad12-4257-a6c9-255a711e16c4-InstallSnapshotResponseHandler: Follower snapshot is already at index 0.
2024-04-16 13:47:06,409 [grpc-default-executor-1] INFO  leader.FollowerInfo (FollowerInfoImpl.java:info(64)) - 8dded7e3-77f4-42cf-91f8-4014f88a5819@group-298AC6C8687B->692eadad-ad12-4257-a6c9-255a711e16c4: matchIndex: setUnconditionally -1 -> 0
2024-04-16 13:47:06,409 [grpc-default-executor-1] INFO  leader.FollowerInfo (FollowerInfoImpl.java:info(64)) - 8dded7e3-77f4-42cf-91f8-4014f88a5819@group-298AC6C8687B->692eadad-ad12-4257-a6c9-255a711e16c4: nextIndex: setUnconditionally 0 -> 1
2024-04-16 13:47:06,409 [grpc-default-executor-1] INFO  leader.FollowerInfo (FollowerInfoImpl.java:setAttemptedToInstallSnapshot(154)) - Follower 8dded7e3-77f4-42cf-91f8-4014f88a5819@group-298AC6C8687B->692eadad-ad12-4257-a6c9-255a711e16c4 acknowledged installing snapshot
2024-04-16 13:47:06,410 [grpc-default-executor-1] INFO  server.GrpcLogAppender (GrpcLogAppender.java:increaseNextIndex(453)) - 8dded7e3-77f4-42cf-91f8-4014f88a5819@group-298AC6C8687B->692eadad-ad12-4257-a6c9-255a711e16c4-GrpcLogAppender: updateNextIndex 1 for ALREADY_INSTALLED
2024-04-16 13:47:06,420 [692eadad-ad12-4257-a6c9-255a711e16c4-server-thread1] INFO  server.RaftServer$Division (RaftServerImpl.java:checkInconsistentAppendEntries(1700)) - 692eadad-ad12-4257-a6c9-255a711e16c4@group-298AC6C8687B: Failed appendEntries as previous log entry ((t:1, i:0)) is not found
2024-04-16 13:47:06,420 [692eadad-ad12-4257-a6c9-255a711e16c4-server-thread1] INFO  server.RaftServer$Division (RaftServerImpl.java:checkInconsistentAppendEntries(1670)) - 692eadad-ad12-4257-a6c9-255a711e16c4@group-298AC6C8687B: inconsistency entries. Reply:8dded7e3-77f4-42cf-91f8-4014f88a5819<-692eadad-ad12-4257-a6c9-255a711e16c4#0:FAIL-t2,INCONSISTENCY,nextIndex=0,followerCommit=-1,matchIndex=-1
2024-04-16 13:47:06,422 [692eadad-ad12-4257-a6c9-255a711e16c4-server-thread2] INFO  server.RaftServer$Division (RaftServerImpl.java:checkInconsistentAppendEntries(1700)) - 692eadad-ad12-4257-a6c9-255a711e16c4@group-298AC6C8687B: Failed appendEntries as previous log entry ((t:1, i:0)) is not found
2024-04-16 13:47:06,422 [692eadad-ad12-4257-a6c9-255a711e16c4-server-thread2] INFO  server.RaftServer$Division (RaftServerImpl.java:checkInconsistentAppendEntries(1670)) - 692eadad-ad12-4257-a6c9-255a711e16c4@group-298AC6C8687B: inconsistency entries. Reply:8dded7e3-77f4-42cf-91f8-4014f88a5819<-692eadad-ad12-4257-a6c9-255a711e16c4#1:FAIL-t2,INCONSISTENCY,nextIndex=0,followerCommit=-1,matchIndex=-1
2024-04-16 13:47:06,422 [grpc-default-executor-4] WARN  server.GrpcLogAppender (GrpcLogAppender.java:onNextImpl(515)) - 8dded7e3-77f4-42cf-91f8-4014f88a5819@group-298AC6C8687B->692eadad-ad12-4257-a6c9-255a711e16c4-AppendLogResponseHandler: received INCONSISTENCY reply with nextIndex 0, errorCount=1, request=AppendEntriesRequest:cid=0,entriesCount=0
2024-04-16 13:47:06,422 [grpc-default-executor-4] INFO  leader.FollowerInfo (FollowerInfoImpl.java:info(70)) - 8dded7e3-77f4-42cf-91f8-4014f88a5819@group-298AC6C8687B->692eadad-ad12-4257-a6c9-255a711e16c4: setNextIndex nextIndex: updateUnconditionally 29 -> 1
2024-04-16 13:47:06,423 [grpc-default-executor-4] WARN  server.GrpcLogAppender (GrpcLogAppender.java:onNextImpl(515)) - 8dded7e3-77f4-42cf-91f8-4014f88a5819@group-298AC6C8687B->692eadad-ad12-4257-a6c9-255a711e16c4-AppendLogResponseHandler: received INCONSISTENCY reply with nextIndex 0, errorCount=2, request=null
2024-04-16 13:47:06,423 [grpc-default-executor-4] INFO  leader.FollowerInfo (FollowerInfoImpl.java:info(70)) - 8dded7e3-77f4-42cf-91f8-4014f88a5819@group-298AC6C8687B->692eadad-ad12-4257-a6c9-255a711e16c4: setNextIndex nextIndex: updateUnconditionally 29 -> 1
2024-04-16 13:47:06,425 [692eadad-ad12-4257-a6c9-255a711e16c4-server-thread2] INFO  server.RaftServer$Division (RaftServerImpl.java:checkInconsistentAppendEntries(1700)) - 692eadad-ad12-4257-a6c9-255a711e16c4@group-298AC6C8687B: Failed appendEntries as previous log entry ((t:1, i:0)) is not found
2024-04-16 13:47:06,427 [692eadad-ad12-4257-a6c9-255a711e16c4-server-thread2] INFO  server.RaftServer$Division (RaftServerImpl.java:checkInconsistentAppendEntries(1670)) - 692eadad-ad12-4257-a6c9-255a711e16c4@group-298AC6C8687B: inconsistency entries. Reply:8dded7e3-77f4-42cf-91f8-4014f88a5819<-692eadad-ad12-4257-a6c9-255a711e16c4#2:FAIL-t2,INCONSISTENCY,nextIndex=0,followerCommit=-1,matchIndex=-1
2024-04-16 13:47:06,428 [grpc-default-executor-1] WARN  server.GrpcLogAppender (GrpcLogAppender.java:onNextImpl(515)) - 8dded7e3-77f4-42cf-91f8-4014f88a5819@group-298AC6C8687B->692eadad-ad12-4257-a6c9-255a711e16c4-AppendLogResponseHandler: received INCONSISTENCY reply with nextIndex 0, errorCount=3, request=null
2024-04-16 13:47:06,429 [grpc-default-executor-1] INFO  leader.FollowerInfo (FollowerInfoImpl.java:info(70)) - 8dded7e3-77f4-42cf-91f8-4014f88a5819@group-298AC6C8687B->692eadad-ad12-4257-a6c9-255a711e16c4: setNextIndex nextIndex: updateUnconditionally 29 -> 1
2024-04-16 13:47:06,429 [692eadad-ad12-4257-a6c9-255a711e16c4-server-thread2] INFO  server.RaftServer$Division (RaftServerImpl.java:checkInconsistentAppendEntries(1700)) - 692eadad-ad12-4257-a6c9-255a711e16c4@group-298AC6C8687B: Failed appendEntries as previous log entry ((t:1, i:0)) is not found
2024-04-16 13:47:06,429 [692eadad-ad12-4257-a6c9-255a711e16c4-server-thread2] INFO  server.RaftServer$Division (RaftServerImpl.java:checkInconsistentAppendEntries(1670)) - 692eadad-ad12-4257-a6c9-255a711e16c4@group-298AC6C8687B: inconsistency entries. Reply:8dded7e3-77f4-42cf-91f8-4014f88a5819<-692eadad-ad12-4257-a6c9-255a711e16c4#3:FAIL-t2,INCONSISTENCY,nextIndex=0,followerCommit=-1,matchIndex=-1
2024-04-16 13:47:06,430 [grpc-default-executor-4] WARN  server.GrpcLogAppender (GrpcLogAppender.java:onNextImpl(515)) - 8dded7e3-77f4-42cf-91f8-4014f88a5819@group-298AC6C8687B->692eadad-ad12-4257-a6c9-255a711e16c4-AppendLogResponseHandler: received INCONSISTENCY reply with nextIndex 0, errorCount=4, request=null
2024-04-16 13:47:06,430 [grpc-default-executor-4] INFO  leader.FollowerInfo (FollowerInfoImpl.java:info(70)) - 8dded7e3-77f4-42cf-91f8-4014f88a5819@group-298AC6C8687B->692eadad-ad12-4257-a6c9-255a711e16c4: setNextIndex nextIndex: updateUnconditionally 29 -> 1
2024-04-16 13:47:06,431 [692eadad-ad12-4257-a6c9-255a711e16c4-server-thread2] INFO  server.RaftServer$Division (RaftServerImpl.java:checkInconsistentAppendEntries(1700)) - 692eadad-ad12-4257-a6c9-255a711e16c4@group-298AC6C8687B: Failed appendEntries as previous log entry ((t:1, i:0)) is not found
2024-04-16 13:47:06,431 [692eadad-ad12-4257-a6c9-255a711e16c4-server-thread2] INFO  server.RaftServer$Division (RaftServerImpl.java:checkInconsistentAppendEntries(1670)) - 692eadad-ad12-4257-a6c9-255a711e16c4@group-298AC6C8687B: inconsistency entries. Reply:8dded7e3-77f4-42cf-91f8-4014f88a5819<-692eadad-ad12-4257-a6c9-255a711e16c4#4:FAIL-t2,INCONSISTENCY,nextIndex=0,followerCommit=-1,matchIndex=-1
2024-04-16 13:47:06,432 [grpc-default-executor-4] WARN  server.GrpcLogAppender (GrpcLogAppender.java:onNextImpl(515)) - 8dded7e3-77f4-42cf-91f8-4014f88a5819@group-298AC6C8687B->692eadad-ad12-4257-a6c9-255a711e16c4-AppendLogResponseHandler: received INCONSISTENCY reply with nextIndex 0, errorCount=5, request=null
2024-04-16 13:47:06,432 [grpc-default-executor-4] INFO  leader.FollowerInfo (FollowerInfoImpl.java:info(70)) - 8dded7e3-77f4-42cf-91f8-4014f88a5819@group-298AC6C8687B->692eadad-ad12-4257-a6c9-255a711e16c4: setNextIndex nextIndex: updateUnconditionally 29 -> 1
2024-04-16 13:47:06,432 [692eadad-ad12-4257-a6c9-255a711e16c4-server-thread2] INFO  server.RaftServer$Division (RaftServerImpl.java:checkInconsistentAppendEntries(1700)) - 692eadad-ad12-4257-a6c9-255a711e16c4@group-298AC6C8687B: Failed appendEntries as previous log entry ((t:1, i:0)) is not found
2024-04-16 13:47:06,433 [692eadad-ad12-4257-a6c9-255a711e16c4-server-thread2] INFO  server.RaftServer$Division (RaftServerImpl.java:checkInconsistentAppendEntries(1670)) - 692eadad-ad12-4257-a6c9-255a711e16c4@group-298AC6C8687B: inconsistency entries. Reply:8dded7e3-77f4-42cf-91f8-4014f88a5819<-692eadad-ad12-4257-a6c9-255a711e16c4#5:FAIL-t2,INCONSISTENCY,nextIndex=0,followerCommit=-1,matchIndex=-1
2024-04-16 13:47:06,433 [grpc-default-executor-4] WARN  server.GrpcLogAppender (GrpcLogAppender.java:onNextImpl(515)) - 8dded7e3-77f4-42cf-91f8-4014f88a5819@group-298AC6C8687B->692eadad-ad12-4257-a6c9-255a711e16c4-AppendLogResponseHandler: received INCONSISTENCY reply with nextIndex 0, errorCount=6, request=null
2024-04-16 13:47:06,433 [grpc-default-executor-4] INFO  leader.FollowerInfo (FollowerInfoImpl.java:info(70)) - 8dded7e3-77f4-42cf-91f8-4014f88a5819@group-298AC6C8687B->692eadad-ad12-4257-a6c9-255a711e16c4: setNextIndex nextIndex: updateUnconditionally 29 -> 1
2024-04-16 13:47:06,434 [692eadad-ad12-4257-a6c9-255a711e16c4-server-thread1] INFO  server.RaftServer$Division (RaftServerImpl.java:checkInconsistentAppendEntries(1700)) - 692eadad-ad12-4257-a6c9-255a711e16c4@group-298AC6C8687B: Failed appendEntries as previous log entry ((t:1, i:0)) is not found
2024-04-16 13:47:06,435 [692eadad-ad12-4257-a6c9-255a711e16c4-server-thread1] INFO  server.RaftServer$Division (RaftServerImpl.java:checkInconsistentAppendEntries(1670)) - 692eadad-ad12-4257-a6c9-255a711e16c4@group-298AC6C8687B: inconsistency entries. Reply:8dded7e3-77f4-42cf-91f8-4014f88a5819<-692eadad-ad12-4257-a6c9-255a711e16c4#6:FAIL-t2,INCONSISTENCY,nextIndex=0,followerCommit=-1,matchIndex=-1
2024-04-16 13:47:06,435 [grpc-default-executor-4] WARN  server.GrpcLogAppender (GrpcLogAppender.java:onNextImpl(515)) - 8dded7e3-77f4-42cf-91f8-4014f88a5819@group-298AC6C8687B->692eadad-ad12-4257-a6c9-255a711e16c4-AppendLogResponseHandler: received INCONSISTENCY reply with nextIndex 0, errorCount=7, request=null
2024-04-16 13:47:06,435 [grpc-default-executor-4] INFO  leader.FollowerInfo (FollowerInfoImpl.java:info(70)) - 8dded7e3-77f4-42cf-91f8-4014f88a5819@group-298AC6C8687B->692eadad-ad12-4257-a6c9-255a711e16c4: setNextIndex nextIndex: updateUnconditionally 29 -> 1
2024-04-16 13:47:06,436 [692eadad-ad12-4257-a6c9-255a711e16c4-server-thread1] INFO  server.RaftServer$Division (RaftServerImpl.java:checkInconsistentAppendEntries(1700)) - 692eadad-ad12-4257-a6c9-255a711e16c4@group-298AC6C8687B: Failed appendEntries as previous log entry ((t:1, i:0)) is not found
2024-04-16 13:47:06,436 [692eadad-ad12-4257-a6c9-255a711e16c4-server-thread1] INFO  server.RaftServer$Division (RaftServerImpl.java:checkInconsistentAppendEntries(1670)) - 692eadad-ad12-4257-a6c9-255a711e16c4@group-298AC6C8687B: inconsistency entries. Reply:8dded7e3-77f4-42cf-91f8-4014f88a5819<-692eadad-ad12-4257-a6c9-255a711e16c4#7:FAIL-t2,INCONSISTENCY,nextIndex=0,followerCommit=-1,matchIndex=-1
2024-04-16 13:47:06,437 [grpc-default-executor-4] WARN  server.GrpcLogAppender (GrpcLogAppender.java:onNextImpl(515)) - 8dded7e3-77f4-42cf-91f8-4014f88a5819@group-298AC6C8687B->692eadad-ad12-4257-a6c9-255a711e16c4-AppendLogResponseHandler: received INCONSISTENCY reply with nextIndex 0, errorCount=8, request=null
2024-04-16 13:47:06,437 [grpc-default-executor-4] INFO  leader.FollowerInfo (FollowerInfoImpl.java:info(70)) - 8dded7e3-77f4-42cf-91f8-4014f88a5819@group-298AC6C8687B->692eadad-ad12-4257-a6c9-255a711e16c4: setNextIndex nextIndex: updateUnconditionally 29 -> 1
2024-04-16 13:47:06,437 [692eadad-ad12-4257-a6c9-255a711e16c4-server-thread1] INFO  server.RaftServer$Division (RaftServerImpl.java:checkInconsistentAppendEntries(1700)) - 692eadad-ad12-4257-a6c9-255a711e16c4@group-298AC6C8687B: Failed appendEntries as previous log entry ((t:1, i:0)) is not found
2024-04-16 13:47:06,438 [692eadad-ad12-4257-a6c9-255a711e16c4-server-thread1] INFO  server.RaftServer$Division (RaftServerImpl.java:checkInconsistentAppendEntries(1670)) - 692eadad-ad12-4257-a6c9-255a711e16c4@group-298AC6C8687B: inconsistency entries. Reply:8dded7e3-77f4-42cf-91f8-4014f88a5819<-692eadad-ad12-4257-a6c9-255a711e16c4#8:FAIL-t2,INCONSISTENCY,nextIndex=0,followerCommit=-1,matchIndex=-1
2024-04-16 13:47:06,439 [grpc-default-executor-4] WARN  server.GrpcLogAppender (GrpcLogAppender.java:onNextImpl(515)) - 8dded7e3-77f4-42cf-91f8-4014f88a5819@group-298AC6C8687B->692eadad-ad12-4257-a6c9-255a711e16c4-AppendLogResponseHandler: received INCONSISTENCY reply with nextIndex 0, errorCount=9, request=null
2024-04-16 13:47:06,439 [grpc-default-executor-4] INFO  leader.FollowerInfo (FollowerInfoImpl.java:info(70)) - 8dded7e3-77f4-42cf-91f8-4014f88a5819@group-298AC6C8687B->692eadad-ad12-4257-a6c9-255a711e16c4: setNextIndex nextIndex: updateUnconditionally 29 -> 1
2024-04-16 13:47:06,440 [692eadad-ad12-4257-a6c9-255a711e16c4-server-thread1] INFO  server.RaftServer$Division (RaftServerImpl.java:checkInconsistentAppendEntries(1700)) - 692eadad-ad12-4257-a6c9-255a711e16c4@group-298AC6C8687B: Failed appendEntries as previous log entry ((t:1, i:0)) is not found
2024-04-16 13:47:06,440 [692eadad-ad12-4257-a6c9-255a711e16c4-server-thread1] INFO  server.RaftServer$Division (RaftServerImpl.java:checkInconsistentAppendEntries(1670)) - 692eadad-ad12-4257-a6c9-255a711e16c4@group-298AC6C8687B: inconsistency entries. Reply:8dded7e3-77f4-42cf-91f8-4014f88a5819<-692eadad-ad12-4257-a6c9-255a711e16c4#9:FAIL-t2,INCONSISTENCY,nextIndex=0,followerCommit=-1,matchIndex=-1
2024-04-16 13:47:06,441 [grpc-default-executor-4] WARN  server.GrpcLogAppender (GrpcLogAppender.java:onNextImpl(515)) - 8dded7e3-77f4-42cf-91f8-4014f88a5819@group-298AC6C8687B->692eadad-ad12-4257-a6c9-255a711e16c4-AppendLogResponseHandler: received INCONSISTENCY reply with nextIndex 0, errorCount=10, request=null
2024-04-16 13:47:06,441 [grpc-default-executor-4] INFO  leader.FollowerInfo (FollowerInfoImpl.java:info(70)) - 8dded7e3-77f4-42cf-91f8-4014f88a5819@group-298AC6C8687B->692eadad-ad12-4257-a6c9-255a711e16c4: setNextIndex nextIndex: updateUnconditionally 29 -> 1
2024-04-16 13:47:06,442 [692eadad-ad12-4257-a6c9-255a711e16c4-server-thread1] INFO  server.RaftServer$Division (RaftServerImpl.java:checkInconsistentAppendEntries(1700)) - 692eadad-ad12-4257-a6c9-255a711e16c4@group-298AC6C8687B: Failed appendEntries as previous log entry ((t:1, i:0)) is not found
2024-04-16 13:47:06,442 [692eadad-ad12-4257-a6c9-255a711e16c4-server-thread1] INFO  server.RaftServer$Division (RaftServerImpl.java:checkInconsistentAppendEntries(1670)) - 692eadad-ad12-4257-a6c9-255a711e16c4@group-298AC6C8687B: inconsistency entries. Reply:8dded7e3-77f4-42cf-91f8-4014f88a5819<-692eadad-ad12-4257-a6c9-255a711e16c4#10:FAIL-t2,INCONSISTENCY,nextIndex=0,followerCommit=-1,matchIndex=-1
2024-04-16 13:47:06,443 [grpc-default-executor-4] WARN  server.GrpcLogAppender (GrpcLogAppender.java:onNextImpl(515)) - 8dded7e3-77f4-42cf-91f8-4014f88a5819@group-298AC6C8687B->692eadad-ad12-4257-a6c9-255a711e16c4-AppendLogResponseHandler: received INCONSISTENCY reply with nextIndex 0, errorCount=11, request=null
2024-04-16 13:47:06,443 [grpc-default-executor-4] INFO  leader.FollowerInfo (FollowerInfoImpl.java:info(70)) - 8dded7e3-77f4-42cf-91f8-4014f88a5819@group-298AC6C8687B->692eadad-ad12-4257-a6c9-255a711e16c4: setNextIndex nextIndex: updateUnconditionally 29 -> 1
2024-04-16 13:47:06,443 [692eadad-ad12-4257-a6c9-255a711e16c4-server-thread1] INFO  server.RaftServer$Division (RaftServerImpl.java:checkInconsistentAppendEntries(1700)) - 692eadad-ad12-4257-a6c9-255a711e16c4@group-298AC6C8687B: Failed appendEntries as previous log entry ((t:1, i:0)) is not found
2024-04-16 13:47:06,444 [692eadad-ad12-4257-a6c9-255a711e16c4-server-thread1] INFO  server.RaftServer$Division (RaftServerImpl.java:checkInconsistentAppendEntries(1670)) - 692eadad-ad12-4257-a6c9-255a711e16c4@group-298AC6C8687B: inconsistency entries. Reply:8dded7e3-77f4-42cf-91f8-4014f88a5819<-692eadad-ad12-4257-a6c9-255a711e16c4#11:FAIL-t2,INCONSISTENCY,nextIndex=0,followerCommit=-1,matchIndex=-1
2024-04-16 13:47:06,445 [grpc-default-executor-4] WARN  server.GrpcLogAppender (GrpcLogAppender.java:onNextImpl(515)) - 8dded7e3-77f4-42cf-91f8-4014f88a5819@group-298AC6C8687B->692eadad-ad12-4257-a6c9-255a711e16c4-AppendLogResponseHandler: received INCONSISTENCY reply with nextIndex 0, errorCount=12, request=null
2024-04-16 13:47:06,445 [grpc-default-executor-4] INFO  leader.FollowerInfo (FollowerInfoImpl.java:info(70)) - 8dded7e3-77f4-42cf-91f8-4014f88a5819@group-298AC6C8687B->692eadad-ad12-4257-a6c9-255a711e16c4: setNextIndex nextIndex: updateUnconditionally 29 -> 1
2024-04-16 13:47:06,446 [692eadad-ad12-4257-a6c9-255a711e16c4-server-thread1] INFO  server.RaftServer$Division (RaftServerImpl.java:checkInconsistentAppendEntries(1700)) - 692eadad-ad12-4257-a6c9-255a711e16c4@group-298AC6C8687B: Failed appendEntries as previous log entry ((t:1, i:0)) is not found
2024-04-16 13:47:06,446 [692eadad-ad12-4257-a6c9-255a711e16c4-server-thread1] INFO  server.RaftServer$Division (RaftServerImpl.java:checkInconsistentAppendEntries(1670)) - 692eadad-ad12-4257-a6c9-255a711e16c4@group-298AC6C8687B: inconsistency entries. Reply:8dded7e3-77f4-42cf-91f8-4014f88a5819<-692eadad-ad12-4257-a6c9-255a711e16c4#12:FAIL-t2,INCONSISTENCY,nextIndex=0,followerCommit=-1,matchIndex=-1
2024-04-16 13:47:06,447 [grpc-default-executor-4] WARN  server.GrpcLogAppender (GrpcLogAppender.java:onNextImpl(515)) - 8dded7e3-77f4-42cf-91f8-4014f88a5819@group-298AC6C8687B->692eadad-ad12-4257-a6c9-255a711e16c4-AppendLogResponseHandler: received INCONSISTENCY reply with nextIndex 0, errorCount=13, request=null
2024-04-16 13:47:06,447 [grpc-default-executor-4] INFO  leader.FollowerInfo (FollowerInfoImpl.java:info(70)) - 8dded7e3-77f4-42cf-91f8-4014f88a5819@group-298AC6C8687B->692eadad-ad12-4257-a6c9-255a711e16c4: setNextIndex nextIndex: updateUnconditionally 29 -> 1
2024-04-16 13:47:06,448 [692eadad-ad12-4257-a6c9-255a711e16c4-server-thread1] INFO  server.RaftServer$Division (RaftServerImpl.java:checkInconsistentAppendEntries(1700)) - 692eadad-ad12-4257-a6c9-255a711e16c4@group-298AC6C8687B: Failed appendEntries as previous log entry ((t:1, i:0)) is not found
2024-04-16 13:47:06,448 [692eadad-ad12-4257-a6c9-255a711e16c4-server-thread1] INFO  server.RaftServer$Division (RaftServerImpl.java:checkInconsistentAppendEntries(1670)) - 692eadad-ad12-4257-a6c9-255a711e16c4@group-298AC6C8687B: inconsistency entries. Reply:8dded7e3-77f4-42cf-91f8-4014f88a5819<-692eadad-ad12-4257-a6c9-255a711e16c4#13:FAIL-t2,INCONSISTENCY,nextIndex=0,followerCommit=-1,matchIndex=-1
2024-04-16 13:47:06,449 [grpc-default-executor-4] WARN  server.GrpcLogAppender (GrpcLogAppender.java:onNextImpl(515)) - 8dded7e3-77f4-42cf-91f8-4014f88a5819@group-298AC6C8687B->692eadad-ad12-4257-a6c9-255a711e16c4-AppendLogResponseHandler: received INCONSISTENCY reply with nextIndex 0, errorCount=14, request=null
2024-04-16 13:47:06,449 [grpc-default-executor-4] INFO  leader.FollowerInfo (FollowerInfoImpl.java:info(70)) - 8dded7e3-77f4-42cf-91f8-4014f88a5819@group-298AC6C8687B->692eadad-ad12-4257-a6c9-255a711e16c4: setNextIndex nextIndex: updateUnconditionally 29 -> 1
2024-04-16 13:47:06,450 [692eadad-ad12-4257-a6c9-255a711e16c4-server-thread1] INFO  server.RaftServer$Division (RaftServerImpl.java:checkInconsistentAppendEntries(1700)) - 692eadad-ad12-4257-a6c9-255a711e16c4@group-298AC6C8687B: Failed appendEntries as previous log entry ((t:1, i:0)) is not found
2024-04-16 13:47:06,450 [692eadad-ad12-4257-a6c9-255a711e16c4-server-thread1] INFO  server.RaftServer$Division (RaftServerImpl.java:checkInconsistentAppendEntries(1670)) - 692eadad-ad12-4257-a6c9-255a711e16c4@group-298AC6C8687B: inconsistency entries. Reply:8dded7e3-77f4-42cf-91f8-4014f88a5819<-692eadad-ad12-4257-a6c9-255a711e16c4#14:FAIL-t2,INCONSISTENCY,nextIndex=0,followerCommit=-1,matchIndex=-1
2024-04-16 13:47:06,451 [grpc-default-executor-4] WARN  server.GrpcLogAppender (GrpcLogAppender.java:onNextImpl(515)) - 8dded7e3-77f4-42cf-91f8-4014f88a5819@group-298AC6C8687B->692eadad-ad12-4257-a6c9-255a711e16c4-AppendLogResponseHandler: received INCONSISTENCY reply with nextIndex 0, errorCount=15, request=null
2024-04-16 13:47:06,451 [grpc-default-executor-4] INFO  leader.FollowerInfo (FollowerInfoImpl.java:info(70)) - 8dded7e3-77f4-42cf-91f8-4014f88a5819@group-298AC6C8687B->692eadad-ad12-4257-a6c9-255a711e16c4: setNextIndex nextIndex: updateUnconditionally 29 -> 1
2024-04-16 13:47:06,452 [692eadad-ad12-4257-a6c9-255a711e16c4-server-thread1] INFO  server.RaftServer$Division (RaftServerImpl.java:checkInconsistentAppendEntries(1700)) - 692eadad-ad12-4257-a6c9-255a711e16c4@group-298AC6C8687B: Failed appendEntries as previous log entry ((t:1, i:0)) is not found
2024-04-16 13:47:06,452 [692eadad-ad12-4257-a6c9-255a711e16c4-server-thread1] INFO  server.RaftServer$Division (RaftServerImpl.java:checkInconsistentAppendEntries(1670)) - 692eadad-ad12-4257-a6c9-255a711e16c4@group-298AC6C8687B: inconsistency entries. Reply:8dded7e3-77f4-42cf-91f8-4014f88a5819<-692eadad-ad12-4257-a6c9-255a711e16c4#15:FAIL-t2,INCONSISTENCY,nextIndex=0,followerCommit=-1,matchIndex=-1
2024-04-16 13:47:06,453 [grpc-default-executor-4] WARN  server.GrpcLogAppender (GrpcLogAppender.java:onNextImpl(515)) - 8dded7e3-77f4-42cf-91f8-4014f88a5819@group-298AC6C8687B->692eadad-ad12-4257-a6c9-255a711e16c4-AppendLogResponseHandler: received INCONSISTENCY reply with nextIndex 0, errorCount=16, request=null
2024-04-16 13:47:06,454 [grpc-default-executor-4] INFO  leader.FollowerInfo (FollowerInfoImpl.java:info(70)) - 8dded7e3-77f4-42cf-91f8-4014f88a5819@group-298AC6C8687B->692eadad-ad12-4257-a6c9-255a711e16c4: setNextIndex nextIndex: updateUnconditionally 29 -> 1
2024-04-16 13:47:06,454 [692eadad-ad12-4257-a6c9-255a711e16c4-server-thread1] INFO  server.RaftServer$Division (RaftServerImpl.java:checkInconsistentAppendEntries(1700)) - 692eadad-ad12-4257-a6c9-255a711e16c4@group-298AC6C8687B: Failed appendEntries as previous log entry ((t:1, i:0)) is not found
2024-04-16 13:47:06,454 [692eadad-ad12-4257-a6c9-255a711e16c4-server-thread1] INFO  server.RaftServer$Division (RaftServerImpl.java:checkInconsistentAppendEntries(1670)) - 692eadad-ad12-4257-a6c9-255a711e16c4@group-298AC6C8687B: inconsistency entries. Reply:8dded7e3-77f4-42cf-91f8-4014f88a5819<-692eadad-ad12-4257-a6c9-255a711e16c4#16:FAIL-t2,INCONSISTENCY,nextIndex=0,followerCommit=-1,matchIndex=-1
2024-04-16 13:47:06,454 [grpc-default-executor-1] WARN  server.GrpcLogAppender (GrpcLogAppender.java:onNextImpl(515)) - 8dded7e3-77f4-42cf-91f8-4014f88a5819@group-298AC6C8687B->692eadad-ad12-4257-a6c9-255a711e16c4-AppendLogResponseHandler: received INCONSISTENCY reply with nextIndex 0, errorCount=17, request=null
2024-04-16 13:47:06,455 [grpc-default-executor-1] INFO  leader.FollowerInfo (FollowerInfoImpl.java:info(70)) - 8dded7e3-77f4-42cf-91f8-4014f88a5819@group-298AC6C8687B->692eadad-ad12-4257-a6c9-255a711e16c4: setNextIndex nextIndex: updateUnconditionally 29 -> 1
2024-04-16 13:47:06,455 [692eadad-ad12-4257-a6c9-255a711e16c4-server-thread1] INFO  server.RaftServer$Division (RaftServerImpl.java:checkInconsistentAppendEntries(1700)) - 692eadad-ad12-4257-a6c9-255a711e16c4@group-298AC6C8687B: Failed appendEntries as previous log entry ((t:1, i:0)) is not found
2024-04-16 13:47:06,455 [692eadad-ad12-4257-a6c9-255a711e16c4-server-thread1] INFO  server.RaftServer$Division (RaftServerImpl.java:checkInconsistentAppendEntries(1670)) - 692eadad-ad12-4257-a6c9-255a711e16c4@group-298AC6C8687B: inconsistency entries. Reply:8dded7e3-77f4-42cf-91f8-4014f88a5819<-692eadad-ad12-4257-a6c9-255a711e16c4#17:FAIL-t2,INCONSISTENCY,nextIndex=0,followerCommit=-1,matchIndex=-1
2024-04-16 13:47:06,456 [grpc-default-executor-4] WARN  server.GrpcLogAppender (GrpcLogAppender.java:onNextImpl(515)) - 8dded7e3-77f4-42cf-91f8-4014f88a5819@group-298AC6C8687B->692eadad-ad12-4257-a6c9-255a711e16c4-AppendLogResponseHandler: received INCONSISTENCY reply with nextIndex 0, errorCount=18, request=null
2024-04-16 13:47:06,456 [grpc-default-executor-4] INFO  leader.FollowerInfo (FollowerInfoImpl.java:info(70)) - 8dded7e3-77f4-42cf-91f8-4014f88a5819@group-298AC6C8687B->692eadad-ad12-4257-a6c9-255a711e16c4: setNextIndex nextIndex: updateUnconditionally 29 -> 1
2024-04-16 13:47:06,457 [692eadad-ad12-4257-a6c9-255a711e16c4-server-thread1] INFO  server.RaftServer$Division (RaftServerImpl.java:checkInconsistentAppendEntries(1700)) - 692eadad-ad12-4257-a6c9-255a711e16c4@group-298AC6C8687B: Failed appendEntries as previous log entry ((t:1, i:0)) is not found
2024-04-16 13:47:06,457 [692eadad-ad12-4257-a6c9-255a711e16c4-server-thread1] INFO  server.RaftServer$Division (RaftServerImpl.java:checkInconsistentAppendEntries(1670)) - 692eadad-ad12-4257-a6c9-255a711e16c4@group-298AC6C8687B: inconsistency entries. Reply:8dded7e3-77f4-42cf-91f8-4014f88a5819<-692eadad-ad12-4257-a6c9-255a711e16c4#18:FAIL-t2,INCONSISTENCY,nextIndex=0,followerCommit=-1,matchIndex=-1
2024-04-16 13:47:06,458 [grpc-default-executor-4] WARN  server.GrpcLogAppender (GrpcLogAppender.java:onNextImpl(515)) - 8dded7e3-77f4-42cf-91f8-4014f88a5819@group-298AC6C8687B->692eadad-ad12-4257-a6c9-255a711e16c4-AppendLogResponseHandler: received INCONSISTENCY reply with nextIndex 0, errorCount=19, request=null
2024-04-16 13:47:06,458 [grpc-default-executor-4] INFO  leader.FollowerInfo (FollowerInfoImpl.java:info(70)) - 8dded7e3-77f4-42cf-91f8-4014f88a5819@group-298AC6C8687B->692eadad-ad12-4257-a6c9-255a711e16c4: setNextIndex nextIndex: updateUnconditionally 29 -> 1
2024-04-16 13:47:06,458 [692eadad-ad12-4257-a6c9-255a711e16c4-server-thread1] INFO  server.RaftServer$Division (RaftServerImpl.java:checkInconsistentAppendEntries(1700)) - 692eadad-ad12-4257-a6c9-255a711e16c4@group-298AC6C8687B: Failed appendEntries as previous log entry ((t:1, i:0)) is not found
2024-04-16 13:47:06,458 [692eadad-ad12-4257-a6c9-255a711e16c4-server-thread1] INFO  server.RaftServer$Division (RaftServerImpl.java:checkInconsistentAppendEntries(1670)) - 692eadad-ad12-4257-a6c9-255a711e16c4@group-298AC6C8687B: inconsistency entries. Reply:8dded7e3-77f4-42cf-91f8-4014f88a5819<-692eadad-ad12-4257-a6c9-255a711e16c4#19:FAIL-t2,INCONSISTENCY,nextIndex=0,followerCommit=-1,matchIndex=-1
2024-04-16 13:47:06,459 [grpc-default-executor-1] WARN  server.GrpcLogAppender (GrpcLogAppender.java:onNextImpl(515)) - 8dded7e3-77f4-42cf-91f8-4014f88a5819@group-298AC6C8687B->692eadad-ad12-4257-a6c9-255a711e16c4-AppendLogResponseHandler: received INCONSISTENCY reply with nextIndex 0, errorCount=20, request=null
2024-04-16 13:47:06,459 [grpc-default-executor-1] INFO  leader.FollowerInfo (FollowerInfoImpl.java:info(70)) - 8dded7e3-77f4-42cf-91f8-4014f88a5819@group-298AC6C8687B->692eadad-ad12-4257-a6c9-255a711e16c4: setNextIndex nextIndex: updateUnconditionally 29 -> 1
2024-04-16 13:47:06,460 [692eadad-ad12-4257-a6c9-255a711e16c4-server-thread1] INFO  server.RaftServer$Division (RaftServerImpl.java:checkInconsistentAppendEntries(1700)) - 692eadad-ad12-4257-a6c9-255a711e16c4@group-298AC6C8687B: Failed appendEntries as previous log entry ((t:1, i:0)) is not found
2024-04-16 13:47:06,460 [692eadad-ad12-4257-a6c9-255a711e16c4-server-thread1] INFO  server.RaftServer$Division (RaftServerImpl.java:checkInconsistentAppendEntries(1670)) - 692eadad-ad12-4257-a6c9-255a711e16c4@group-298AC6C8687B: inconsistency entries. Reply:8dded7e3-77f4-42cf-91f8-4014f88a5819<-692eadad-ad12-4257-a6c9-255a711e16c4#20:FAIL-t2,INCONSISTENCY,nextIndex=0,followerCommit=-1,matchIndex=-1
2024-04-16 13:47:06,460 [grpc-default-executor-4] WARN  server.GrpcLogAppender (GrpcLogAppender.java:onNextImpl(515)) - 8dded7e3-77f4-42cf-91f8-4014f88a5819@group-298AC6C8687B->692eadad-ad12-4257-a6c9-255a711e16c4-AppendLogResponseHandler: received INCONSISTENCY reply with nextIndex 0, errorCount=21, request=null
2024-04-16 13:47:06,462 [692eadad-ad12-4257-a6c9-255a711e16c4-server-thread1] INFO  server.RaftServer$Division (RaftServerImpl.java:checkInconsistentAppendEntries(1700)) - 692eadad-ad12-4257-a6c9-255a711e16c4@group-298AC6C8687B: Failed appendEntries as previous log entry ((t:1, i:0)) is not found
2024-04-16 13:47:06,462 [692eadad-ad12-4257-a6c9-255a711e16c4-server-thread1] INFO  server.RaftServer$Division (RaftServerImpl.java:checkInconsistentAppendEntries(1670)) - 692eadad-ad12-4257-a6c9-255a711e16c4@group-298AC6C8687B: inconsistency entries. Reply:8dded7e3-77f4-42cf-91f8-4014f88a5819<-692eadad-ad12-4257-a6c9-255a711e16c4#21:FAIL-t2,INCONSISTENCY,nextIndex=0,followerCommit=-1,matchIndex=-1
2024-04-16 13:47:06,463 [grpc-default-executor-4] WARN  server.GrpcLogAppender (GrpcLogAppender.java:onNextImpl(515)) - 8dded7e3-77f4-42cf-91f8-4014f88a5819@group-298AC6C8687B->692eadad-ad12-4257-a6c9-255a711e16c4-AppendLogResponseHandler: received INCONSISTENCY reply with nextIndex 0, errorCount=22, request=AppendEntriesRequest:cid=21,entriesCount=28,entries=(t:2, i:1)...(t:2, i:28)
2024-04-16 13:47:06,463 [grpc-default-executor-4] INFO  leader.FollowerInfo (FollowerInfoImpl.java:info(70)) - 8dded7e3-77f4-42cf-91f8-4014f88a5819@group-298AC6C8687B->692eadad-ad12-4257-a6c9-255a711e16c4: setNextIndex nextIndex: updateUnconditionally 29 -> 0
2024-04-16 13:47:06,464 [692eadad-ad12-4257-a6c9-255a711e16c4-server-thread1] INFO  server.RaftServer$Division (ServerState.java:setRaftConf(386)) - 692eadad-ad12-4257-a6c9-255a711e16c4@group-298AC6C8687B: set configuration 0: peers:[8dded7e3-77f4-42cf-91f8-4014f88a5819|localhost:15003]|listeners:[], old=null
2024-04-16 13:47:06,465 [692eadad-ad12-4257-a6c9-255a711e16c4-server-thread1] INFO  server.RaftServer$Division (ServerState.java:setRaftConf(386)) - 692eadad-ad12-4257-a6c9-255a711e16c4@group-298AC6C8687B: set configuration 1: peers:[8dded7e3-77f4-42cf-91f8-4014f88a5819|localhost:15003]|listeners:[], old=null
2024-04-16 13:47:06,465 [692eadad-ad12-4257-a6c9-255a711e16c4-server-thread1] INFO  server.RaftServer$Division (ServerState.java:setRaftConf(386)) - 692eadad-ad12-4257-a6c9-255a711e16c4@group-298AC6C8687B: set configuration 19: peers:[8dded7e3-77f4-42cf-91f8-4014f88a5819|localhost:15003, e74c9e3a-193e-4dbb-b5f5-b6805398d140|localhost:15011]|listeners:[], old=peers:[8dded7e3-77f4-42cf-91f8-4014f88a5819|localhost:15003]|listeners:[]
2024-04-16 13:47:06,465 [692eadad-ad12-4257-a6c9-255a711e16c4-server-thread1] INFO  server.RaftServer$Division (ServerState.java:setRaftConf(386)) - 692eadad-ad12-4257-a6c9-255a711e16c4@group-298AC6C8687B: set configuration 21: peers:[8dded7e3-77f4-42cf-91f8-4014f88a5819|localhost:15003, e74c9e3a-193e-4dbb-b5f5-b6805398d140|localhost:15011]|listeners:[], old=null
2024-04-16 13:47:06,465 [692eadad-ad12-4257-a6c9-255a711e16c4-server-thread1] INFO  segmented.SegmentedRaftLogWorker (SegmentedRaftLogWorker.java:startLogSegment(430)) - 692eadad-ad12-4257-a6c9-255a711e16c4@group-298AC6C8687B-SegmentedRaftLogWorker: Starting segment from index:0
2024-04-16 13:47:06,465 [692eadad-ad12-4257-a6c9-255a711e16c4-server-thread1] INFO  segmented.SegmentedRaftLogWorker (SegmentedRaftLogWorker.java:rollLogSegment(435)) - 692eadad-ad12-4257-a6c9-255a711e16c4@group-298AC6C8687B-SegmentedRaftLogWorker: Rolling segment log-0_0 to index:0
2024-04-16 13:47:06,466 [692eadad-ad12-4257-a6c9-255a711e16c4@group-298AC6C8687B-SegmentedRaftLogWorker] INFO  segmented.BufferedWriteChannel (BufferedWriteChannel.java:open(62)) - open log_inprogress_0 at position 0
2024-04-16 13:47:06,473 [692eadad-ad12-4257-a6c9-255a711e16c4@group-298AC6C8687B-SegmentedRaftLogWorker] INFO  segmented.SegmentedRaftLogWorker (SegmentedRaftLogWorker.java:execute(634)) - 692eadad-ad12-4257-a6c9-255a711e16c4@group-298AC6C8687B-SegmentedRaftLogWorker: created new log segment /home/runner/work/ozone/ozone/hadoop-ozone/integration-test/target/test-dir/MiniOzoneClusterImpl-f0f26617-5c27-4371-b446-298ac6c8687b/scmNode-3/scm-ha/f0f26617-5c27-4371-b446-298ac6c8687b/current/log_inprogress_0
2024-04-16 13:47:06,474 [692eadad-ad12-4257-a6c9-255a711e16c4@group-298AC6C8687B-SegmentedRaftLogWorker] INFO  segmented.SegmentedRaftLogWorker (SegmentedRaftLogWorker.java:execute(591)) - 692eadad-ad12-4257-a6c9-255a711e16c4@group-298AC6C8687B-SegmentedRaftLogWorker: Rolled log segment from /home/runner/work/ozone/ozone/hadoop-ozone/integration-test/target/test-dir/MiniOzoneClusterImpl-f0f26617-5c27-4371-b446-298ac6c8687b/scmNode-3/scm-ha/f0f26617-5c27-4371-b446-298ac6c8687b/current/log_inprogress_0 to /home/runner/work/ozone/ozone/hadoop-ozone/integration-test/target/test-dir/MiniOzoneClusterImpl-f0f26617-5c27-4371-b446-298ac6c8687b/scmNode-3/scm-ha/f0f26617-5c27-4371-b446-298ac6c8687b/current/log_0-0
2024-04-16 13:47:06,474 [692eadad-ad12-4257-a6c9-255a711e16c4@group-298AC6C8687B-SegmentedRaftLogWorker] INFO  segmented.BufferedWriteChannel (BufferedWriteChannel.java:open(62)) - open log_inprogress_1 at position 0
2024-04-16 13:47:06,482 [692eadad-ad12-4257-a6c9-255a711e16c4@group-298AC6C8687B-SegmentedRaftLogWorker] INFO  segmented.SegmentedRaftLogWorker (SegmentedRaftLogWorker.java:execute(634)) - 692eadad-ad12-4257-a6c9-255a711e16c4@group-298AC6C8687B-SegmentedRaftLogWorker: created new log segment /home/runner/work/ozone/ozone/hadoop-ozone/integration-test/target/test-dir/MiniOzoneClusterImpl-f0f26617-5c27-4371-b446-298ac6c8687b/scmNode-3/scm-ha/f0f26617-5c27-4371-b446-298ac6c8687b/current/log_inprogress_1
2024-04-16 13:47:06,489 [692eadad-ad12-4257-a6c9-255a711e16c4@group-298AC6C8687B-StateMachineUpdater] INFO  safemode.HealthyPipelineSafeModeRule (HealthyPipelineSafeModeRule.java:initializeRule(172)) - Refreshed total pipeline count is 0, healthy pipeline threshold count is 1
2024-04-16 13:47:06,492 [692eadad-ad12-4257-a6c9-255a711e16c4@group-298AC6C8687B-StateMachineUpdater] INFO  safemode.ContainerSafeModeRule (ContainerSafeModeRule.java:reInitializeRule(191)) - Refreshed one replica container threshold 0, currentThreshold 0
2024-04-16 13:47:06,492 [692eadad-ad12-4257-a6c9-255a711e16c4@group-298AC6C8687B-StateMachineUpdater] INFO  safemode.OneReplicaPipelineSafeModeRule (OneReplicaPipelineSafeModeRule.java:initializeRule(189)) - Refreshed Total pipeline count is 0, pipeline's with at least one datanode reported threshold count is 0
2024-04-16 13:47:06,492 [692eadad-ad12-4257-a6c9-255a711e16c4@group-298AC6C8687B-StateMachineUpdater] INFO  server.SCMDatanodeProtocolServer (SCMDatanodeProtocolServer.java:start(194)) - ScmDatanodeProtocol RPC server for DataNodes is listening at /0.0.0.0:15020
2024-04-16 13:47:06,498 [IPC Server listener on 15020] INFO  ipc.Server (Server.java:run(1402)) - IPC Server listener on 15020: starting
2024-04-16 13:47:06,498 [IPC Server Responder] INFO  ipc.Server (Server.java:run(1562)) - IPC Server Responder: starting
2024-04-16 13:47:06,502 [8dded7e3-77f4-42cf-91f8-4014f88a5819@group-298AC6C8687B-LeaderStateImpl] INFO  server.RaftServer$Division (ServerState.java:setRaftConf(386)) - 8dded7e3-77f4-42cf-91f8-4014f88a5819@group-298AC6C8687B: set configuration 29: peers:[8dded7e3-77f4-42cf-91f8-4014f88a5819|localhost:15003, 692eadad-ad12-4257-a6c9-255a711e16c4|localhost:15019, e74c9e3a-193e-4dbb-b5f5-b6805398d140|localhost:15011]|listeners:[], old=peers:[8dded7e3-77f4-42cf-91f8-4014f88a5819|localhost:15003, e74c9e3a-193e-4dbb-b5f5-b6805398d140|localhost:15011]|listeners:[]
2024-04-16 13:47:06,504 [e74c9e3a-193e-4dbb-b5f5-b6805398d140-server-thread1] INFO  server.RaftServer$Division (ServerState.java:setRaftConf(386)) - e74c9e3a-193e-4dbb-b5f5-b6805398d140@group-298AC6C8687B: set configuration 29: peers:[8dded7e3-77f4-42cf-91f8-4014f88a5819|localhost:15003, 692eadad-ad12-4257-a6c9-255a711e16c4|localhost:15019, e74c9e3a-193e-4dbb-b5f5-b6805398d140|localhost:15011]|listeners:[], old=peers:[8dded7e3-77f4-42cf-91f8-4014f88a5819|localhost:15003, e74c9e3a-193e-4dbb-b5f5-b6805398d140|localhost:15011]|listeners:[]
2024-04-16 13:47:06,506 [8dded7e3-77f4-42cf-91f8-4014f88a5819@group-298AC6C8687B-LeaderStateImpl] INFO  server.RaftServer$Division (ServerState.java:setRaftConf(386)) - 8dded7e3-77f4-42cf-91f8-4014f88a5819@group-298AC6C8687B: set configuration 31: peers:[8dded7e3-77f4-42cf-91f8-4014f88a5819|localhost:15003, 692eadad-ad12-4257-a6c9-255a711e16c4|localhost:15019, e74c9e3a-193e-4dbb-b5f5-b6805398d140|localhost:15011]|listeners:[], old=null
2024-04-16 13:47:06,516 [692eadad-ad12-4257-a6c9-255a711e16c4-server-thread1] INFO  impl.RoleInfo (RoleInfo.java:updateAndGet(139)) - 692eadad-ad12-4257-a6c9-255a711e16c4: start 692eadad-ad12-4257-a6c9-255a711e16c4@group-298AC6C8687B-FollowerState
2024-04-16 13:47:06,508 [e74c9e3a-193e-4dbb-b5f5-b6805398d140-server-thread1] INFO  server.RaftServer$Division (ServerState.java:setRaftConf(386)) - e74c9e3a-193e-4dbb-b5f5-b6805398d140@group-298AC6C8687B: set configuration 31: peers:[8dded7e3-77f4-42cf-91f8-4014f88a5819|localhost:15003, 692eadad-ad12-4257-a6c9-255a711e16c4|localhost:15019, e74c9e3a-193e-4dbb-b5f5-b6805398d140|localhost:15011]|listeners:[], old=null
2024-04-16 13:47:06,524 [692eadad-ad12-4257-a6c9-255a711e16c4@group-298AC6C8687B-StateMachineUpdater] INFO  symmetric.SecretKeyStateImpl (SecretKeyStateImpl.java:updateKeysInternal(113)) - Updating keys with [SecretKey(id = 68b50028-7613-4173-8bde-23d17e3dabf2, creation at: 2024-04-16T13:47:00.597Z, expire at: 2024-04-16T13:47:03.597Z)]
2024-04-16 13:47:06,524 [692eadad-ad12-4257-a6c9-255a711e16c4@group-298AC6C8687B-StateMachineUpdater] INFO  symmetric.SecretKeyStateImpl (SecretKeyStateImpl.java:updateKeysInternal(128)) - Current key updated SecretKey(id = 68b50028-7613-4173-8bde-23d17e3dabf2, creation at: 2024-04-16T13:47:00.597Z, expire at: 2024-04-16T13:47:03.597Z)
2024-04-16 13:47:06,508 [8dded7e3-77f4-42cf-91f8-4014f88a5819@group-298AC6C8687B-StateMachineUpdater] INFO  ha.SCMContext (SCMContext.java:setLeaderReady(123)) - update <isLeaderReady> from <true> to <true>
2024-04-16 13:47:06,527 [692eadad-ad12-4257-a6c9-255a711e16c4@group-298AC6C8687B-StateMachineUpdater] INFO  symmetric.LocalSecretKeyStore (LocalSecretKeyStore.java:save(109)) - Saved [SecretKey(id = 68b50028-7613-4173-8bde-23d17e3dabf2, creation at: 2024-04-16T13:47:00.597Z, expire at: 2024-04-16T13:47:03.597Z)] to file /home/runner/work/ozone/ozone/hadoop-ozone/integration-test/target/test-dir/MiniOzoneClusterImpl-f0f26617-5c27-4371-b446-298ac6c8687b/scmNode-3/scm/keys/secret_keys.json
2024-04-16 13:47:06,527 [692eadad-ad12-4257-a6c9-255a711e16c4@group-298AC6C8687B-StateMachineUpdater] INFO  safemode.HealthyPipelineSafeModeRule (HealthyPipelineSafeModeRule.java:initializeRule(172)) - Refreshed total pipeline count is 0, healthy pipeline threshold count is 1
2024-04-16 13:47:06,527 [692eadad-ad12-4257-a6c9-255a711e16c4@group-298AC6C8687B-StateMachineUpdater] INFO  safemode.SCMSafeModeManager (SCMSafeModeManager.java:validateSafeModeExitRules(200)) - ContainerSafeModeRule rule is successfully validated
2024-04-16 13:47:06,527 [692eadad-ad12-4257-a6c9-255a711e16c4@group-298AC6C8687B-StateMachineUpdater] INFO  safemode.SCMSafeModeManager (SCMSafeModeManager.java:validateSafeModeExitRules(200)) - AtleastOneDatanodeReportedRule rule is successfully validated
2024-04-16 13:47:06,528 [692eadad-ad12-4257-a6c9-255a711e16c4@group-298AC6C8687B-StateMachineUpdater] INFO  symmetric.SecretKeyStateImpl (SecretKeyStateImpl.java:updateKeysInternal(113)) - Updating keys with [SecretKey(id = 68b50028-7613-4173-8bde-23d17e3dabf2, creation at: 2024-04-16T13:47:00.597Z, expire at: 2024-04-16T13:47:03.597Z), SecretKey(id = 2069e43e-eaff-4449-b65e-0238d1856071, creation at: 2024-04-16T13:47:01.615Z, expire at: 2024-04-16T13:47:04.615Z)]
2024-04-16 13:47:06,528 [692eadad-ad12-4257-a6c9-255a711e16c4@group-298AC6C8687B-StateMachineUpdater] INFO  symmetric.SecretKeyStateImpl (SecretKeyStateImpl.java:updateKeysInternal(128)) - Current key updated SecretKey(id = 2069e43e-eaff-4449-b65e-0238d1856071, creation at: 2024-04-16T13:47:01.615Z, expire at: 2024-04-16T13:47:04.615Z)
2024-04-16 13:47:06,529 [692eadad-ad12-4257-a6c9-255a711e16c4@group-298AC6C8687B-StateMachineUpdater] INFO  symmetric.LocalSecretKeyStore (LocalSecretKeyStore.java:save(109)) - Saved [SecretKey(id = 2069e43e-eaff-4449-b65e-0238d1856071, creation at: 2024-04-16T13:47:01.615Z, expire at: 2024-04-16T13:47:04.615Z), SecretKey(id = 68b50028-7613-4173-8bde-23d17e3dabf2, creation at: 2024-04-16T13:47:00.597Z, expire at: 2024-04-16T13:47:03.597Z)] to file /home/runner/work/ozone/ozone/hadoop-ozone/integration-test/target/test-dir/MiniOzoneClusterImpl-f0f26617-5c27-4371-b446-298ac6c8687b/scmNode-3/scm/keys/secret_keys.json
2024-04-16 13:47:06,529 [692eadad-ad12-4257-a6c9-255a711e16c4@group-298AC6C8687B-StateMachineUpdater] INFO  safemode.HealthyPipelineSafeModeRule (HealthyPipelineSafeModeRule.java:initializeRule(172)) - Refreshed total pipeline count is 0, healthy pipeline threshold count is 1
2024-04-16 13:47:06,529 [IPC Server handler 3 on default port 15007] INFO  ha.SCMRatisServerImpl (SCMRatisServerImpl.java:addSCM(330)) - Successfully added new SCM: 692eadad-ad12-4257-a6c9-255a711e16c4.
2024-04-16 13:47:06,532 [692eadad-ad12-4257-a6c9-255a711e16c4-server-thread1] INFO  server.RaftServer$Division (ServerState.java:setRaftConf(386)) - 692eadad-ad12-4257-a6c9-255a711e16c4@group-298AC6C8687B: set configuration 29: peers:[8dded7e3-77f4-42cf-91f8-4014f88a5819|localhost:15003, 692eadad-ad12-4257-a6c9-255a711e16c4|localhost:15019, e74c9e3a-193e-4dbb-b5f5-b6805398d140|localhost:15011]|listeners:[], old=peers:[8dded7e3-77f4-42cf-91f8-4014f88a5819|localhost:15003, e74c9e3a-193e-4dbb-b5f5-b6805398d140|localhost:15011]|listeners:[]
2024-04-16 13:47:06,529 [692eadad-ad12-4257-a6c9-255a711e16c4@group-298AC6C8687B-StateMachineUpdater] INFO  symmetric.SecretKeyStateImpl (SecretKeyStateImpl.java:updateKeysInternal(113)) - Updating keys with [SecretKey(id = 2069e43e-eaff-4449-b65e-0238d1856071, creation at: 2024-04-16T13:47:01.615Z, expire at: 2024-04-16T13:47:04.615Z), SecretKey(id = 68b50028-7613-4173-8bde-23d17e3dabf2, creation at: 2024-04-16T13:47:00.597Z, expire at: 2024-04-16T13:47:03.597Z), SecretKey(id = 06cd2af1-f0ea-4b52-b418-8de4bdeaee63, creation at: 2024-04-16T13:47:02.615Z, expire at: 2024-04-16T13:47:05.615Z)]
2024-04-16 13:47:06,538 [main] INFO  ha.SCMHAManagerImpl (SCMHAManagerImpl.java:start(135)) - Successfully added SCM scmNode-3 to group group-298AC6C8687B:[8dded7e3-77f4-42cf-91f8-4014f88a5819|localhost:15003, 692eadad-ad12-4257-a6c9-255a711e16c4|localhost:15019, e74c9e3a-193e-4dbb-b5f5-b6805398d140|localhost:15011]
2024-04-16 13:47:06,540 [main] INFO  ha.InterSCMGrpcService (InterSCMGrpcProtocolService.java:start(101)) - Starting SCM Grpc Service at port 15022
2024-04-16 13:47:06,541 [8dded7e3-77f4-42cf-91f8-4014f88a5819@group-298AC6C8687B-StateMachineUpdater] INFO  ha.SCMContext (SCMContext.java:setLeaderReady(123)) - update <isLeaderReady> from <true> to <true>
2024-04-16 13:47:06,542 [692eadad-ad12-4257-a6c9-255a711e16c4@group-298AC6C8687B-StateMachineUpdater] INFO  symmetric.SecretKeyStateImpl (SecretKeyStateImpl.java:updateKeysInternal(128)) - Current key updated SecretKey(id = 06cd2af1-f0ea-4b52-b418-8de4bdeaee63, creation at: 2024-04-16T13:47:02.615Z, expire at: 2024-04-16T13:47:05.615Z)
2024-04-16 13:47:06,543 [692eadad-ad12-4257-a6c9-255a711e16c4@group-298AC6C8687B-StateMachineUpdater] INFO  symmetric.LocalSecretKeyStore (LocalSecretKeyStore.java:save(109)) - Saved [SecretKey(id = 06cd2af1-f0ea-4b52-b418-8de4bdeaee63, creation at: 2024-04-16T13:47:02.615Z, expire at: 2024-04-16T13:47:05.615Z), SecretKey(id = 2069e43e-eaff-4449-b65e-0238d1856071, creation at: 2024-04-16T13:47:01.615Z, expire at: 2024-04-16T13:47:04.615Z), SecretKey(id = 68b50028-7613-4173-8bde-23d17e3dabf2, creation at: 2024-04-16T13:47:00.597Z, expire at: 2024-04-16T13:47:03.597Z)] to file /home/runner/work/ozone/ozone/hadoop-ozone/integration-test/target/test-dir/MiniOzoneClusterImpl-f0f26617-5c27-4371-b446-298ac6c8687b/scmNode-3/scm/keys/secret_keys.json
2024-04-16 13:47:06,543 [692eadad-ad12-4257-a6c9-255a711e16c4@group-298AC6C8687B-StateMachineUpdater] INFO  safemode.HealthyPipelineSafeModeRule (HealthyPipelineSafeModeRule.java:initializeRule(172)) - Refreshed total pipeline count is 0, healthy pipeline threshold count is 1
2024-04-16 13:47:06,543 [692eadad-ad12-4257-a6c9-255a711e16c4-server-thread1] INFO  server.RaftServer$Division (ServerState.java:setRaftConf(386)) - 692eadad-ad12-4257-a6c9-255a711e16c4@group-298AC6C8687B: set configuration 31: peers:[8dded7e3-77f4-42cf-91f8-4014f88a5819|localhost:15003, 692eadad-ad12-4257-a6c9-255a711e16c4|localhost:15019, e74c9e3a-193e-4dbb-b5f5-b6805398d140|localhost:15011]|listeners:[], old=null
2024-04-16 13:47:06,546 [main] INFO  SCMHATransactionMonitor (BackgroundSCMService.java:start(65)) - Starting SCMHATransactionMonitor Service.
2024-04-16 13:47:06,546 [main] INFO  ha.SCMServiceManager (SCMServiceManager.java:register(42)) - Registering service SCMHATransactionMonitor.
2024-04-16 13:47:06,546 [main] INFO  SCMHATransactionMonitor (BackgroundSCMService.java:start(62)) - SCMHATransactionMonitor Service is already running, skip start.
2024-04-16 13:47:06,546 [main] INFO  impl.MetricsSystemImpl (MetricsSystemImpl.java:init(158)) - StorageContainerManager metrics system started (again)
2024-04-16 13:47:06,563 [692eadad-ad12-4257-a6c9-255a711e16c4@group-298AC6C8687B-StateMachineUpdater] INFO  symmetric.SecretKeyStateImpl (SecretKeyStateImpl.java:updateKeysInternal(113)) - Updating keys with [SecretKey(id = 06cd2af1-f0ea-4b52-b418-8de4bdeaee63, creation at: 2024-04-16T13:47:02.615Z, expire at: 2024-04-16T13:47:05.615Z), SecretKey(id = 2069e43e-eaff-4449-b65e-0238d1856071, creation at: 2024-04-16T13:47:01.615Z, expire at: 2024-04-16T13:47:04.615Z), SecretKey(id = 5e930dc6-7b6c-4a52-96a8-e1bb1ff945e8, creation at: 2024-04-16T13:47:03.615Z, expire at: 2024-04-16T13:47:06.615Z)]
2024-04-16 13:47:06,563 [692eadad-ad12-4257-a6c9-255a711e16c4@group-298AC6C8687B-StateMachineUpdater] INFO  symmetric.SecretKeyStateImpl (SecretKeyStateImpl.java:updateKeysInternal(128)) - Current key updated SecretKey(id = 5e930dc6-7b6c-4a52-96a8-e1bb1ff945e8, creation at: 2024-04-16T13:47:03.615Z, expire at: 2024-04-16T13:47:06.615Z)
2024-04-16 13:47:06,565 [692eadad-ad12-4257-a6c9-255a711e16c4@group-298AC6C8687B-StateMachineUpdater] INFO  symmetric.LocalSecretKeyStore (LocalSecretKeyStore.java:save(109)) - Saved [SecretKey(id = 5e930dc6-7b6c-4a52-96a8-e1bb1ff945e8, creation at: 2024-04-16T13:47:03.615Z, expire at: 2024-04-16T13:47:06.615Z), SecretKey(id = 06cd2af1-f0ea-4b52-b418-8de4bdeaee63, creation at: 2024-04-16T13:47:02.615Z, expire at: 2024-04-16T13:47:05.615Z), SecretKey(id = 2069e43e-eaff-4449-b65e-0238d1856071, creation at: 2024-04-16T13:47:01.615Z, expire at: 2024-04-16T13:47:04.615Z)] to file /home/runner/work/ozone/ozone/hadoop-ozone/integration-test/target/test-dir/MiniOzoneClusterImpl-f0f26617-5c27-4371-b446-298ac6c8687b/scmNode-3/scm/keys/secret_keys.json
2024-04-16 13:47:06,568 [692eadad-ad12-4257-a6c9-255a711e16c4@group-298AC6C8687B-StateMachineUpdater] INFO  safemode.HealthyPipelineSafeModeRule (HealthyPipelineSafeModeRule.java:initializeRule(172)) - Refreshed total pipeline count is 0, healthy pipeline threshold count is 1
2024-04-16 13:47:06,569 [692eadad-ad12-4257-a6c9-255a711e16c4@group-298AC6C8687B-StateMachineUpdater] WARN  ha.SequenceIdGenerator (SequenceIdGenerator.java:allocateBatch(258)) - Failed to allocate a batch for CertificateId, expected lastId is 0, actual lastId is 2.
2024-04-16 13:47:06,569 [692eadad-ad12-4257-a6c9-255a711e16c4@group-298AC6C8687B-StateMachineUpdater] INFO  safemode.HealthyPipelineSafeModeRule (HealthyPipelineSafeModeRule.java:initializeRule(172)) - Refreshed total pipeline count is 0, healthy pipeline threshold count is 1
2024-04-16 13:47:06,570 [692eadad-ad12-4257-a6c9-255a711e16c4@group-298AC6C8687B-StateMachineUpdater] INFO  safemode.HealthyPipelineSafeModeRule (HealthyPipelineSafeModeRule.java:initializeRule(172)) - Refreshed total pipeline count is 0, healthy pipeline threshold count is 1
2024-04-16 13:47:06,571 [692eadad-ad12-4257-a6c9-255a711e16c4@group-298AC6C8687B-StateMachineUpdater] INFO  symmetric.SecretKeyStateImpl (SecretKeyStateImpl.java:updateKeysInternal(113)) - Updating keys with [SecretKey(id = 5e930dc6-7b6c-4a52-96a8-e1bb1ff945e8, creation at: 2024-04-16T13:47:03.615Z, expire at: 2024-04-16T13:47:06.615Z), SecretKey(id = 06cd2af1-f0ea-4b52-b418-8de4bdeaee63, creation at: 2024-04-16T13:47:02.615Z, expire at: 2024-04-16T13:47:05.615Z), SecretKey(id = 2069e43e-eaff-4449-b65e-0238d1856071, creation at: 2024-04-16T13:47:01.615Z, expire at: 2024-04-16T13:47:04.615Z), SecretKey(id = ac41737f-2f04-4cbf-86c9-541d82fcba77, creation at: 2024-04-16T13:47:04.615Z, expire at: 2024-04-16T13:47:07.615Z)]
2024-04-16 13:47:06,571 [692eadad-ad12-4257-a6c9-255a711e16c4@group-298AC6C8687B-StateMachineUpdater] INFO  symmetric.SecretKeyStateImpl (SecretKeyStateImpl.java:updateKeysInternal(128)) - Current key updated SecretKey(id = ac41737f-2f04-4cbf-86c9-541d82fcba77, creation at: 2024-04-16T13:47:04.615Z, expire at: 2024-04-16T13:47:07.615Z)
2024-04-16 13:47:06,572 [692eadad-ad12-4257-a6c9-255a711e16c4@group-298AC6C8687B-StateMachineUpdater] INFO  symmetric.LocalSecretKeyStore (LocalSecretKeyStore.java:save(109)) - Saved [SecretKey(id = ac41737f-2f04-4cbf-86c9-541d82fcba77, creation at: 2024-04-16T13:47:04.615Z, expire at: 2024-04-16T13:47:07.615Z), SecretKey(id = 5e930dc6-7b6c-4a52-96a8-e1bb1ff945e8, creation at: 2024-04-16T13:47:03.615Z, expire at: 2024-04-16T13:47:06.615Z), SecretKey(id = 06cd2af1-f0ea-4b52-b418-8de4bdeaee63, creation at: 2024-04-16T13:47:02.615Z, expire at: 2024-04-16T13:47:05.615Z), SecretKey(id = 2069e43e-eaff-4449-b65e-0238d1856071, creation at: 2024-04-16T13:47:01.615Z, expire at: 2024-04-16T13:47:04.615Z)] to file /home/runner/work/ozone/ozone/hadoop-ozone/integration-test/target/test-dir/MiniOzoneClusterImpl-f0f26617-5c27-4371-b446-298ac6c8687b/scmNode-3/scm/keys/secret_keys.json
2024-04-16 13:47:06,572 [692eadad-ad12-4257-a6c9-255a711e16c4@group-298AC6C8687B-StateMachineUpdater] INFO  safemode.HealthyPipelineSafeModeRule (HealthyPipelineSafeModeRule.java:initializeRule(172)) - Refreshed total pipeline count is 0, healthy pipeline threshold count is 1
2024-04-16 13:47:06,565 [main] INFO  server.SCMClientProtocolServer (SCMClientProtocolServer.java:start(204)) - RPC server for Client  is listening at /0.0.0.0:15021
2024-04-16 13:47:06,576 [692eadad-ad12-4257-a6c9-255a711e16c4@group-298AC6C8687B-StateMachineUpdater] INFO  server.SCMCertStore (SCMCertStore.java:storeValidScmCertificate(122)) - Scm certificate 3 for CN=scm-sub@localhost,OU=e74c9e3a-193e-4dbb-b5f5-b6805398d140,O=f0f26617-5c27-4371-b446-298ac6c8687b,SERIALNUMBER=3 is stored
2024-04-16 13:47:06,576 [692eadad-ad12-4257-a6c9-255a711e16c4@group-298AC6C8687B-StateMachineUpdater] INFO  safemode.HealthyPipelineSafeModeRule (HealthyPipelineSafeModeRule.java:initializeRule(172)) - Refreshed total pipeline count is 0, healthy pipeline threshold count is 1
2024-04-16 13:47:06,577 [IPC Server Responder] INFO  ipc.Server (Server.java:run(1562)) - IPC Server Responder: starting
2024-04-16 13:47:06,582 [692eadad-ad12-4257-a6c9-255a711e16c4@group-298AC6C8687B-StateMachineUpdater] INFO  symmetric.SecretKeyStateImpl (SecretKeyStateImpl.java:updateKeysInternal(113)) - Updating keys with [SecretKey(id = ac41737f-2f04-4cbf-86c9-541d82fcba77, creation at: 2024-04-16T13:47:04.615Z, expire at: 2024-04-16T13:47:07.615Z), SecretKey(id = 5e930dc6-7b6c-4a52-96a8-e1bb1ff945e8, creation at: 2024-04-16T13:47:03.615Z, expire at: 2024-04-16T13:47:06.615Z), SecretKey(id = 06cd2af1-f0ea-4b52-b418-8de4bdeaee63, creation at: 2024-04-16T13:47:02.615Z, expire at: 2024-04-16T13:47:05.615Z), SecretKey(id = 999d0564-4666-4184-92cb-e2e87c177889, creation at: 2024-04-16T13:47:05.615Z, expire at: 2024-04-16T13:47:08.615Z)]
2024-04-16 13:47:06,582 [692eadad-ad12-4257-a6c9-255a711e16c4@group-298AC6C8687B-StateMachineUpdater] INFO  symmetric.SecretKeyStateImpl (SecretKeyStateImpl.java:updateKeysInternal(128)) - Current key updated SecretKey(id = 999d0564-4666-4184-92cb-e2e87c177889, creation at: 2024-04-16T13:47:05.615Z, expire at: 2024-04-16T13:47:08.615Z)
2024-04-16 13:47:06,583 [692eadad-ad12-4257-a6c9-255a711e16c4@group-298AC6C8687B-StateMachineUpdater] INFO  symmetric.LocalSecretKeyStore (LocalSecretKeyStore.java:save(109)) - Saved [SecretKey(id = 999d0564-4666-4184-92cb-e2e87c177889, creation at: 2024-04-16T13:47:05.615Z, expire at: 2024-04-16T13:47:08.615Z), SecretKey(id = ac41737f-2f04-4cbf-86c9-541d82fcba77, creation at: 2024-04-16T13:47:04.615Z, expire at: 2024-04-16T13:47:07.615Z), SecretKey(id = 5e930dc6-7b6c-4a52-96a8-e1bb1ff945e8, creation at: 2024-04-16T13:47:03.615Z, expire at: 2024-04-16T13:47:06.615Z), SecretKey(id = 06cd2af1-f0ea-4b52-b418-8de4bdeaee63, creation at: 2024-04-16T13:47:02.615Z, expire at: 2024-04-16T13:47:05.615Z)] to file /home/runner/work/ozone/ozone/hadoop-ozone/integration-test/target/test-dir/MiniOzoneClusterImpl-f0f26617-5c27-4371-b446-298ac6c8687b/scmNode-3/scm/keys/secret_keys.json
2024-04-16 13:47:06,583 [692eadad-ad12-4257-a6c9-255a711e16c4@group-298AC6C8687B-StateMachineUpdater] INFO  safemode.HealthyPipelineSafeModeRule (HealthyPipelineSafeModeRule.java:initializeRule(172)) - Refreshed total pipeline count is 0, healthy pipeline threshold count is 1
2024-04-16 13:47:06,584 [692eadad-ad12-4257-a6c9-255a711e16c4@group-298AC6C8687B-StateMachineUpdater] INFO  safemode.HealthyPipelineSafeModeRule (HealthyPipelineSafeModeRule.java:initializeRule(172)) - Refreshed total pipeline count is 0, healthy pipeline threshold count is 1
2024-04-16 13:47:06,588 [IPC Server listener on 15021] INFO  ipc.Server (Server.java:run(1402)) - IPC Server listener on 15021: starting
2024-04-16 13:47:06,592 [692eadad-ad12-4257-a6c9-255a711e16c4@group-298AC6C8687B-StateMachineUpdater] INFO  server.SCMCertStore (SCMCertStore.java:storeValidScmCertificate(122)) - Scm certificate 4 for CN=scm-sub@localhost,OU=692eadad-ad12-4257-a6c9-255a711e16c4,O=f0f26617-5c27-4371-b446-298ac6c8687b,SERIALNUMBER=4 is stored
2024-04-16 13:47:06,592 [692eadad-ad12-4257-a6c9-255a711e16c4@group-298AC6C8687B-StateMachineUpdater] INFO  safemode.HealthyPipelineSafeModeRule (HealthyPipelineSafeModeRule.java:initializeRule(172)) - Refreshed total pipeline count is 0, healthy pipeline threshold count is 1
2024-04-16 13:47:06,603 [main] INFO  server.StorageContainerManager (StorageContainerManager.java:start(1558)) - ScmBlockLocationProtocol RPC server is listening at /0.0.0.0:15023
2024-04-16 13:47:06,606 [main] INFO  server.SCMBlockProtocolServer (SCMBlockProtocolServer.java:start(162)) - RPC server for Block Protocol is listening at /0.0.0.0:15023
2024-04-16 13:47:06,606 [IPC Server Responder] INFO  ipc.Server (Server.java:run(1562)) - IPC Server Responder: starting
2024-04-16 13:47:06,606 [IPC Server listener on 15023] INFO  ipc.Server (Server.java:run(1402)) - IPC Server listener on 15023: starting
2024-04-16 13:47:06,614 [main] INFO  server.SCMSecurityProtocolServer (SCMSecurityProtocolServer.java:start(558)) - Starting RPC server for SCMSecurityProtocolServer. is listening at /0.0.0.0:15018
2024-04-16 13:47:06,615 [scmNode-1-SecretKeyManagerService] INFO  symmetric.SecretKeyManager (SecretKeyManager.java:checkAndRotate(125)) - SecretKey rotation is happening, new key generated SecretKey(id = d24d658c-3892-4bcd-9198-1d00c5c4e56c, creation at: 2024-04-16T13:47:06.615Z, expire at: 2024-04-16T13:47:09.615Z)
2024-04-16 13:47:06,616 [IPC Server Responder] INFO  ipc.Server (Server.java:run(1562)) - IPC Server Responder: starting
2024-04-16 13:47:06,619 [main] INFO  server.SCMUpdateServiceGrpcServer (SCMUpdateServiceGrpcServer.java:start(58)) - SCMUpdateService starting
2024-04-16 13:47:06,620 [IPC Server listener on 15018] INFO  ipc.Server (Server.java:run(1402)) - IPC Server listener on 15018: starting
2024-04-16 13:47:06,624 [8dded7e3-77f4-42cf-91f8-4014f88a5819@group-298AC6C8687B-StateMachineUpdater] INFO  symmetric.SecretKeyStateImpl (SecretKeyStateImpl.java:updateKeysInternal(113)) - Updating keys with [SecretKey(id = 999d0564-4666-4184-92cb-e2e87c177889, creation at: 2024-04-16T13:47:05.615Z, expire at: 2024-04-16T13:47:08.615Z), SecretKey(id = ac41737f-2f04-4cbf-86c9-541d82fcba77, creation at: 2024-04-16T13:47:04.615Z, expire at: 2024-04-16T13:47:07.615Z), SecretKey(id = 5e930dc6-7b6c-4a52-96a8-e1bb1ff945e8, creation at: 2024-04-16T13:47:03.615Z, expire at: 2024-04-16T13:47:06.615Z), SecretKey(id = d24d658c-3892-4bcd-9198-1d00c5c4e56c, creation at: 2024-04-16T13:47:06.615Z, expire at: 2024-04-16T13:47:09.615Z)]
2024-04-16 13:47:06,625 [8dded7e3-77f4-42cf-91f8-4014f88a5819@group-298AC6C8687B-StateMachineUpdater] INFO  symmetric.SecretKeyStateImpl (SecretKeyStateImpl.java:updateKeysInternal(128)) - Current key updated SecretKey(id = d24d658c-3892-4bcd-9198-1d00c5c4e56c, creation at: 2024-04-16T13:47:06.615Z, expire at: 2024-04-16T13:47:09.615Z)
2024-04-16 13:47:06,625 [8dded7e3-77f4-42cf-91f8-4014f88a5819@group-298AC6C8687B-StateMachineUpdater] INFO  symmetric.LocalSecretKeyStore (LocalSecretKeyStore.java:save(109)) - Saved [SecretKey(id = d24d658c-3892-4bcd-9198-1d00c5c4e56c, creation at: 2024-04-16T13:47:06.615Z, expire at: 2024-04-16T13:47:09.615Z), SecretKey(id = 999d0564-4666-4184-92cb-e2e87c177889, creation at: 2024-04-16T13:47:05.615Z, expire at: 2024-04-16T13:47:08.615Z), SecretKey(id = ac41737f-2f04-4cbf-86c9-541d82fcba77, creation at: 2024-04-16T13:47:04.615Z, expire at: 2024-04-16T13:47:07.615Z), SecretKey(id = 5e930dc6-7b6c-4a52-96a8-e1bb1ff945e8, creation at: 2024-04-16T13:47:03.615Z, expire at: 2024-04-16T13:47:06.615Z)] to file /home/runner/work/ozone/ozone/hadoop-ozone/integration-test/target/test-dir/MiniOzoneClusterImpl-f0f26617-5c27-4371-b446-298ac6c8687b/scmNode-1/scm/keys/secret_keys.json
2024-04-16 13:47:06,626 [8dded7e3-77f4-42cf-91f8-4014f88a5819@group-298AC6C8687B-StateMachineUpdater] INFO  safemode.HealthyPipelineSafeModeRule (HealthyPipelineSafeModeRule.java:initializeRule(172)) - Refreshed total pipeline count is 0, healthy pipeline threshold count is 1
2024-04-16 13:47:06,627 [692eadad-ad12-4257-a6c9-255a711e16c4@group-298AC6C8687B-StateMachineUpdater] INFO  symmetric.SecretKeyStateImpl (SecretKeyStateImpl.java:updateKeysInternal(113)) - Updating keys with [SecretKey(id = 999d0564-4666-4184-92cb-e2e87c177889, creation at: 2024-04-16T13:47:05.615Z, expire at: 2024-04-16T13:47:08.615Z), SecretKey(id = ac41737f-2f04-4cbf-86c9-541d82fcba77, creation at: 2024-04-16T13:47:04.615Z, expire at: 2024-04-16T13:47:07.615Z), SecretKey(id = 5e930dc6-7b6c-4a52-96a8-e1bb1ff945e8, creation at: 2024-04-16T13:47:03.615Z, expire at: 2024-04-16T13:47:06.615Z), SecretKey(id = d24d658c-3892-4bcd-9198-1d00c5c4e56c, creation at: 2024-04-16T13:47:06.615Z, expire at: 2024-04-16T13:47:09.615Z)]
2024-04-16 13:47:06,628 [692eadad-ad12-4257-a6c9-255a711e16c4@group-298AC6C8687B-StateMachineUpdater] INFO  symmetric.SecretKeyStateImpl (SecretKeyStateImpl.java:updateKeysInternal(128)) - Current key updated SecretKey(id = d24d658c-3892-4bcd-9198-1d00c5c4e56c, creation at: 2024-04-16T13:47:06.615Z, expire at: 2024-04-16T13:47:09.615Z)
2024-04-16 13:47:06,630 [e74c9e3a-193e-4dbb-b5f5-b6805398d140@group-298AC6C8687B-StateMachineUpdater] INFO  symmetric.SecretKeyStateImpl (SecretKeyStateImpl.java:updateKeysInternal(113)) - Updating keys with [SecretKey(id = 999d0564-4666-4184-92cb-e2e87c177889, creation at: 2024-04-16T13:47:05.615Z, expire at: 2024-04-16T13:47:08.615Z), SecretKey(id = ac41737f-2f04-4cbf-86c9-541d82fcba77, creation at: 2024-04-16T13:47:04.615Z, expire at: 2024-04-16T13:47:07.615Z), SecretKey(id = 5e930dc6-7b6c-4a52-96a8-e1bb1ff945e8, creation at: 2024-04-16T13:47:03.615Z, expire at: 2024-04-16T13:47:06.615Z), SecretKey(id = d24d658c-3892-4bcd-9198-1d00c5c4e56c, creation at: 2024-04-16T13:47:06.615Z, expire at: 2024-04-16T13:47:09.615Z)]
2024-04-16 13:47:06,633 [e74c9e3a-193e-4dbb-b5f5-b6805398d140@group-298AC6C8687B-StateMachineUpdater] INFO  symmetric.SecretKeyStateImpl (SecretKeyStateImpl.java:updateKeysInternal(128)) - Current key updated SecretKey(id = d24d658c-3892-4bcd-9198-1d00c5c4e56c, creation at: 2024-04-16T13:47:06.615Z, expire at: 2024-04-16T13:47:09.615Z)
2024-04-16 13:47:06,634 [e74c9e3a-193e-4dbb-b5f5-b6805398d140@group-298AC6C8687B-StateMachineUpdater] INFO  symmetric.LocalSecretKeyStore (LocalSecretKeyStore.java:save(109)) - Saved [SecretKey(id = d24d658c-3892-4bcd-9198-1d00c5c4e56c, creation at: 2024-04-16T13:47:06.615Z, expire at: 2024-04-16T13:47:09.615Z), SecretKey(id = 999d0564-4666-4184-92cb-e2e87c177889, creation at: 2024-04-16T13:47:05.615Z, expire at: 2024-04-16T13:47:08.615Z), SecretKey(id = ac41737f-2f04-4cbf-86c9-541d82fcba77, creation at: 2024-04-16T13:47:04.615Z, expire at: 2024-04-16T13:47:07.615Z), SecretKey(id = 5e930dc6-7b6c-4a52-96a8-e1bb1ff945e8, creation at: 2024-04-16T13:47:03.615Z, expire at: 2024-04-16T13:47:06.615Z)] to file /home/runner/work/ozone/ozone/hadoop-ozone/integration-test/target/test-dir/MiniOzoneClusterImpl-f0f26617-5c27-4371-b446-298ac6c8687b/scmNode-2/scm/keys/secret_keys.json
2024-04-16 13:47:06,634 [e74c9e3a-193e-4dbb-b5f5-b6805398d140@group-298AC6C8687B-StateMachineUpdater] INFO  safemode.HealthyPipelineSafeModeRule (HealthyPipelineSafeModeRule.java:initializeRule(172)) - Refreshed total pipeline count is 0, healthy pipeline threshold count is 1
2024-04-16 13:47:06,635 [692eadad-ad12-4257-a6c9-255a711e16c4@group-298AC6C8687B-StateMachineUpdater] INFO  symmetric.LocalSecretKeyStore (LocalSecretKeyStore.java:save(109)) - Saved [SecretKey(id = d24d658c-3892-4bcd-9198-1d00c5c4e56c, creation at: 2024-04-16T13:47:06.615Z, expire at: 2024-04-16T13:47:09.615Z), SecretKey(id = 999d0564-4666-4184-92cb-e2e87c177889, creation at: 2024-04-16T13:47:05.615Z, expire at: 2024-04-16T13:47:08.615Z), SecretKey(id = ac41737f-2f04-4cbf-86c9-541d82fcba77, creation at: 2024-04-16T13:47:04.615Z, expire at: 2024-04-16T13:47:07.615Z), SecretKey(id = 5e930dc6-7b6c-4a52-96a8-e1bb1ff945e8, creation at: 2024-04-16T13:47:03.615Z, expire at: 2024-04-16T13:47:06.615Z)] to file /home/runner/work/ozone/ozone/hadoop-ozone/integration-test/target/test-dir/MiniOzoneClusterImpl-f0f26617-5c27-4371-b446-298ac6c8687b/scmNode-3/scm/keys/secret_keys.json
2024-04-16 13:47:06,637 [692eadad-ad12-4257-a6c9-255a711e16c4@group-298AC6C8687B-StateMachineUpdater] INFO  safemode.HealthyPipelineSafeModeRule (HealthyPipelineSafeModeRule.java:initializeRule(172)) - Refreshed total pipeline count is 0, healthy pipeline threshold count is 1
2024-04-16 13:47:06,641 [Socket Reader #1 for port 15002] INFO  ipc.Server (Server.java:saslProcess(2139)) - Auth successful for scm/fv-az1428-817.utppd1leec2uvmgjoennxb5ynh.ex.internal.cloudapp.net@EXAMPLE.COM (auth:KERBEROS) from fv-az1428-817.utppd1leec2uvmgjoennxb5ynh.ex.internal.cloudapp.net:33979 / 10.1.0.24:33979
2024-04-16 13:47:06,655 [Socket Reader #1 for port 15002] INFO  authorize.ServiceAuthorizationManager (ServiceAuthorizationManager.java:authorize(137)) - Authorization successful for scm/fv-az1428-817.utppd1leec2uvmgjoennxb5ynh.ex.internal.cloudapp.net@EXAMPLE.COM (auth:KERBEROS) for protocol=interface org.apache.hadoop.hdds.protocol.SCMSecurityProtocol
2024-04-16 13:47:06,660 [main] INFO  server.StorageContainerManager (StorageContainerManager.java:persistSCMCertificates(1626)) - Persist certificate serialId 1 on Scm Bootstrap Node 692eadad-ad12-4257-a6c9-255a711e16c4
2024-04-16 13:47:06,661 [main] INFO  server.SCMCertStore (SCMCertStore.java:storeValidScmCertificate(122)) - Scm certificate 1 for CN=scm@fv-az1428-817,OU=8dded7e3-77f4-42cf-91f8-4014f88a5819,O=f0f26617-5c27-4371-b446-298ac6c8687b,SERIALNUMBER=1 is stored
2024-04-16 13:47:06,662 [main] INFO  server.StorageContainerManager (StorageContainerManager.java:persistSCMCertificates(1626)) - Persist certificate serialId 2 on Scm Bootstrap Node 692eadad-ad12-4257-a6c9-255a711e16c4
2024-04-16 13:47:06,663 [main] INFO  server.SCMCertStore (SCMCertStore.java:storeValidScmCertificate(122)) - Scm certificate 2 for CN=scm-sub@localhost,OU=8dded7e3-77f4-42cf-91f8-4014f88a5819,O=f0f26617-5c27-4371-b446-298ac6c8687b,SERIALNUMBER=2 is stored
2024-04-16 13:47:06,666 [main] INFO  http.BaseHttpServer (BaseHttpServer.java:newHttpServer2BuilderForOzone(223)) - Starting Web-server for scm at: http://0.0.0.0:15016
2024-04-16 13:47:06,666 [main] INFO  http.BaseHttpServer (BaseHttpServer.java:<init>(110)) - Hadoop Security Enabled: true Ozone Security Enabled: true Ozone HTTP Security Enabled: false 
2024-04-16 13:47:06,668 [main] WARN  server.AuthenticationFilter (AuthenticationFilter.java:constructSecretProvider(240)) - Unable to initialize FileSignerSecretProvider, falling back to use random secrets. Reason: Could not read signature secret file: /home/runner/hadoop-http-auth-signature-secret
2024-04-16 13:47:06,669 [main] INFO  http.HttpRequestLog (HttpRequestLog.java:getRequestLog(86)) - Http request log for http.requests.scm is not defined
2024-04-16 13:47:06,671 [main] INFO  http.HttpServer2 (HttpServer2.java:addGlobalFilter(1036)) - Added global filter 'safety' (class=org.apache.hadoop.hdds.server.http.HttpServer2$QuotingInputFilter)
2024-04-16 13:47:06,673 [main] INFO  http.HttpServer2 (HttpServer2.java:addFilter(1012)) - Added filter static_user_filter (class=org.apache.hadoop.http.lib.StaticUserWebFilter$StaticUserFilter) to context scm
2024-04-16 13:47:06,674 [main] INFO  http.HttpServer2 (HttpServer2.java:addFilter(1020)) - Added filter static_user_filter (class=org.apache.hadoop.http.lib.StaticUserWebFilter$StaticUserFilter) to context static
2024-04-16 13:47:06,674 [main] INFO  http.HttpServer2 (HttpServer2.java:addFilter(1020)) - Added filter static_user_filter (class=org.apache.hadoop.http.lib.StaticUserWebFilter$StaticUserFilter) to context logs
2024-04-16 13:47:06,675 [main] INFO  http.BaseHttpServer (BaseHttpServer.java:<init>(189)) - HTTP server of scm uses base directory /home/runner/work/ozone/ozone/hadoop-ozone/integration-test/target/test-dir/MiniOzoneClusterImpl-f0f26617-5c27-4371-b446-298ac6c8687b/scmNode-3/webserver
2024-04-16 13:47:06,676 [main] INFO  http.HttpServer2 (HttpServer2.java:bindListener(1236)) - Jetty bound to port 15016
2024-04-16 13:47:06,676 [main] INFO  server.Server (Server.java:doStart(375)) - jetty-9.4.53.v20231009; built: 2023-10-09T12:29:09.265Z; git: 27bde00a0b95a1d5bbee0eae7984f891d2d0f8c9; jvm 1.8.0_402-b06
2024-04-16 13:47:06,678 [main] INFO  server.session (DefaultSessionIdManager.java:doStart(334)) - DefaultSessionIdManager workerName=node0
2024-04-16 13:47:06,678 [main] INFO  server.session (DefaultSessionIdManager.java:doStart(339)) - No SessionScavenger set, using defaults
2024-04-16 13:47:06,678 [main] INFO  server.session (HouseKeeper.java:startScavenging(132)) - node0 Scavenging every 660000ms
2024-04-16 13:47:06,679 [main] INFO  handler.ContextHandler (ContextHandler.java:doStart(921)) - Started o.e.j.s.ServletContextHandler@27153ba2{logs,/logs,file:///home/runner/work/ozone/ozone/hadoop-ozone/integration-test/target/log,AVAILABLE}
2024-04-16 13:47:06,680 [main] INFO  handler.ContextHandler (ContextHandler.java:doStart(921)) - Started o.e.j.s.ServletContextHandler@24209520{static,/static,file:///home/runner/work/ozone/ozone/hadoop-ozone/integration-test/target/test-classes/webapps/static,AVAILABLE}
2024-04-16 13:47:06,684 [main] INFO  handler.ContextHandler (ContextHandler.java:doStart(921)) - Started o.e.j.w.WebAppContext@1b404a21{scm,/,file:///home/runner/work/ozone/ozone/hadoop-ozone/integration-test/target/test-classes/webapps/scm/,AVAILABLE}{file:/home/runner/work/ozone/ozone/hadoop-ozone/integration-test/target/test-classes/webapps/scm}
2024-04-16 13:47:06,693 [main] INFO  server.AbstractConnector (AbstractConnector.java:doStart(333)) - Started ServerConnector@749aa36f{HTTP/1.1, (http/1.1)}{0.0.0.0:15016}
2024-04-16 13:47:06,693 [main] INFO  server.Server (Server.java:doStart(415)) - Started @23022ms
2024-04-16 13:47:06,693 [main] WARN  impl.MetricsSystemImpl (MetricsSystemImpl.java:register(279)) - Sink prometheus already exists!
2024-04-16 13:47:06,694 [main] INFO  http.BaseHttpServer (BaseHttpServer.java:updateConnectorAddress(354)) - HTTP server of scm listening at http://0.0.0.0:15016
2024-04-16 13:47:06,695 [main] INFO  ozone.MiniOzoneHAClusterImpl (MiniOzoneHAClusterImpl.java:createSCMService(590)) - Started SCM RPC server at /0.0.0.0:15021
2024-04-16 13:47:06,698 [IPC Server handler 0 on default port 15002] INFO  client.SCMCertificateClient (DefaultCertificateClient.java:getAllRootCaCerts(973)) - scm/sub-ca has 0 Root CA certificates
2024-04-16 13:47:06,698 [IPC Server handler 0 on default port 15002] INFO  client.SCMCertificateClient (DefaultCertificateClient.java:getAllCaCerts(981)) - scm/sub-ca has 1 CA certificates
2024-04-16 13:47:06,702 [692eadad-ad12-4257-a6c9-255a711e16c4-scm/sub-ca-refreshCACertificates] INFO  client.SCMCertificateClient (DefaultCertificateClient.java:getAllRootCaCerts(973)) - scm/sub-ca has 0 Root CA certificates
2024-04-16 13:47:06,703 [692eadad-ad12-4257-a6c9-255a711e16c4-scm/sub-ca-refreshCACertificates] INFO  client.SCMCertificateClient (DefaultCertificateClient.java:getAllCaCerts(981)) - scm/sub-ca has 1 CA certificates
2024-04-16 13:47:06,703 [692eadad-ad12-4257-a6c9-255a711e16c4-scm/sub-ca-refreshCACertificates] INFO  client.SCMCertificateClient (SCMCertificateClient.java:run(256)) - CA certificates are not changed.
2024-04-16 13:47:06,705 [main] WARN  server.ServerUtils (ServerUtils.java:getDBPath(299)) - ozone.om.db.dirs is not configured. We recommend adding this setting. Falling back to ozone.metadata.dirs instead.
2024-04-16 13:47:06,707 [main] INFO  om.OzoneManager (OzoneManager.java:initializeSecurity(1420)) - Initializing secure OzoneManager.
2024-04-16 13:47:06,717 [main] INFO  om.OzoneManager (OzoneManager.java:getOmDetailsProto(4731)) - OzoneManager ports added:[name: "RPC"
value: 15036
]
2024-04-16 13:47:06,718 [main] INFO  ha.SCMNodeInfo (SCMNodeInfo.java:getPort(197)) - ConfigKey ozone.scm.client.address is deprecated, For configuring different ports for each SCM use PortConfigKey ozone.scm.client.port appended with serviceId and nodeId
2024-04-16 13:47:06,718 [main] INFO  ha.SCMNodeInfo (SCMNodeInfo.java:getPort(197)) - ConfigKey ozone.scm.block.client.address is deprecated, For configuring different ports for each SCM use PortConfigKey ozone.scm.block.client.port appended with serviceId and nodeId
2024-04-16 13:47:06,718 [main] INFO  ha.SCMNodeInfo (SCMNodeInfo.java:getPort(197)) - ConfigKey ozone.scm.security.service.address is deprecated, For configuring different ports for each SCM use PortConfigKey ozone.scm.security.service.port appended with serviceId and nodeId
2024-04-16 13:47:06,718 [main] INFO  ha.SCMNodeInfo (SCMNodeInfo.java:getPort(197)) - ConfigKey ozone.scm.datanode.address is deprecated, For configuring different ports for each SCM use PortConfigKey ozone.scm.datanode.port appended with serviceId and nodeId
2024-04-16 13:47:06,718 [main] INFO  ha.SCMNodeInfo (SCMNodeInfo.java:getPort(197)) - ConfigKey ozone.scm.client.address is deprecated, For configuring different ports for each SCM use PortConfigKey ozone.scm.client.port appended with serviceId and nodeId
2024-04-16 13:47:06,719 [main] INFO  ha.SCMNodeInfo (SCMNodeInfo.java:getPort(197)) - ConfigKey ozone.scm.block.client.address is deprecated, For configuring different ports for each SCM use PortConfigKey ozone.scm.block.client.port appended with serviceId and nodeId
2024-04-16 13:47:06,719 [main] INFO  ha.SCMNodeInfo (SCMNodeInfo.java:getPort(197)) - ConfigKey ozone.scm.security.service.address is deprecated, For configuring different ports for each SCM use PortConfigKey ozone.scm.security.service.port appended with serviceId and nodeId
2024-04-16 13:47:06,719 [main] INFO  ha.SCMNodeInfo (SCMNodeInfo.java:getPort(197)) - ConfigKey ozone.scm.datanode.address is deprecated, For configuring different ports for each SCM use PortConfigKey ozone.scm.datanode.port appended with serviceId and nodeId
2024-04-16 13:47:06,719 [main] INFO  ha.SCMNodeInfo (SCMNodeInfo.java:getPort(197)) - ConfigKey ozone.scm.client.address is deprecated, For configuring different ports for each SCM use PortConfigKey ozone.scm.client.port appended with serviceId and nodeId
2024-04-16 13:47:06,719 [main] INFO  ha.SCMNodeInfo (SCMNodeInfo.java:getPort(197)) - ConfigKey ozone.scm.block.client.address is deprecated, For configuring different ports for each SCM use PortConfigKey ozone.scm.block.client.port appended with serviceId and nodeId
2024-04-16 13:47:06,720 [main] INFO  ha.SCMNodeInfo (SCMNodeInfo.java:getPort(197)) - ConfigKey ozone.scm.security.service.address is deprecated, For configuring different ports for each SCM use PortConfigKey ozone.scm.security.service.port appended with serviceId and nodeId
2024-04-16 13:47:06,720 [main] INFO  ha.SCMNodeInfo (SCMNodeInfo.java:getPort(197)) - ConfigKey ozone.scm.datanode.address is deprecated, For configuring different ports for each SCM use PortConfigKey ozone.scm.datanode.port appended with serviceId and nodeId
2024-04-16 13:47:06,722 [main] INFO  security.OMCertificateClient (DefaultCertificateClient.java:updateCertSerialId(1313)) - Certificate serial ID set to null
2024-04-16 13:47:06,722 [main] ERROR security.OMCertificateClient (DefaultCertificateClient.java:getCertPath(376)) - Default certificate serial id is not set. Can't locate the default certificate for this client.
2024-04-16 13:47:06,722 [main] INFO  security.OMCertificateClient (DefaultCertificateClient.java:init(720)) - Certificate client init case: 0
2024-04-16 13:47:06,722 [main] INFO  security.OMCertificateClient (DefaultCertificateClient.java:handleCase(738)) - Creating keypair for client as keypair and certificate not found.
2024-04-16 13:47:06,784 [main] INFO  security.OMCertificateClient (DefaultCertificateClient.java:recoverStateIfNeeded(800)) - Init response: GETCERT
2024-04-16 13:47:06,784 [main] INFO  ozone.OzoneSecurityUtil (OzoneSecurityUtil.java:getValidInetsForCurrentHost(119)) - ip:fe80:0:0:0:20d:3aff:fed3:5b6b%eth0 not returned.
2024-04-16 13:47:06,785 [main] INFO  ozone.OzoneSecurityUtil (OzoneSecurityUtil.java:getValidInetsForCurrentHost(116)) - Adding ip:10.1.0.24,host:fv-az1428-817.utppd1leec2uvmgjoennxb5ynh.ex.internal.cloudapp.net
2024-04-16 13:47:06,785 [main] INFO  ozone.OzoneSecurityUtil (OzoneSecurityUtil.java:getValidInetsForCurrentHost(119)) - ip:0:0:0:0:0:0:0:1%lo not returned.
2024-04-16 13:47:06,785 [main] INFO  ozone.OzoneSecurityUtil (OzoneSecurityUtil.java:getValidInetsForCurrentHost(119)) - ip:127.0.0.1 not returned.
2024-04-16 13:47:06,785 [main] INFO  security.OMCertificateClient (OMCertificateClient.java:getCSRBuilder(114)) - Creating csr for OM->dns:localhost,ip:127.0.0.1,scmId:1737045c-f40b-4954-bb47-2a8ef8124590,clusterId:f0f26617-5c27-4371-b446-298ac6c8687b,subject:scm@localhost
2024-04-16 13:47:06,796 [Socket Reader #1 for port 15002] INFO  ipc.Server (Server.java:saslProcess(2139)) - Auth successful for scm/fv-az1428-817.utppd1leec2uvmgjoennxb5ynh.ex.internal.cloudapp.net@EXAMPLE.COM (auth:KERBEROS) from fv-az1428-817.utppd1leec2uvmgjoennxb5ynh.ex.internal.cloudapp.net:45495 / 10.1.0.24:45495
2024-04-16 13:47:06,804 [Socket Reader #1 for port 15002] INFO  authorize.ServiceAuthorizationManager (ServiceAuthorizationManager.java:authorize(137)) - Authorization successful for scm/fv-az1428-817.utppd1leec2uvmgjoennxb5ynh.ex.internal.cloudapp.net@EXAMPLE.COM (auth:KERBEROS) for protocol=interface org.apache.hadoop.hdds.protocol.SCMSecurityProtocol
2024-04-16 13:47:06,805 [IPC Server handler 1 on default port 15002] INFO  server.SCMSecurityProtocolServer (SCMSecurityProtocolServer.java:getOMCertificate(293)) - Processing CSR for om localhost, UUID: 1db82f5f-ca00-47ec-8923-6db0502ae688
2024-04-16 13:47:06,810 [8dded7e3-77f4-42cf-91f8-4014f88a5819@group-298AC6C8687B-StateMachineUpdater] INFO  safemode.HealthyPipelineSafeModeRule (HealthyPipelineSafeModeRule.java:initializeRule(172)) - Refreshed total pipeline count is 0, healthy pipeline threshold count is 1
2024-04-16 13:47:06,812 [e74c9e3a-193e-4dbb-b5f5-b6805398d140@group-298AC6C8687B-StateMachineUpdater] INFO  safemode.HealthyPipelineSafeModeRule (HealthyPipelineSafeModeRule.java:initializeRule(172)) - Refreshed total pipeline count is 0, healthy pipeline threshold count is 1
2024-04-16 13:47:06,812 [692eadad-ad12-4257-a6c9-255a711e16c4@group-298AC6C8687B-StateMachineUpdater] INFO  safemode.HealthyPipelineSafeModeRule (HealthyPipelineSafeModeRule.java:initializeRule(172)) - Refreshed total pipeline count is 0, healthy pipeline threshold count is 1
2024-04-16 13:47:06,813 [IPC Server handler 1 on default port 15002] INFO  ha.SequenceIdGenerator (SequenceIdGenerator.java:getNextId(145)) - Allocate a batch for CertificateId, change lastId from 4 to 5.
2024-04-16 13:47:06,816 [IPC Server handler 1 on default port 15002] INFO  authority.DefaultApprover (DefaultApprover.java:sign(157)) - Extensions in CSR: 2.5.29.15, 2.5.29.17
2024-04-16 13:47:06,817 [IPC Server handler 1 on default port 15002] INFO  authority.DefaultApprover (DefaultApprover.java:sign(161)) - Extensions to add to the certificate if they present in CSR: 2.5.29.17, 2.5.29.19, 1.3.6.1.5.5.7.1.12, 2.5.29.35, 2.5.29.37, 2.5.29.15
2024-04-16 13:47:06,837 [8dded7e3-77f4-42cf-91f8-4014f88a5819@group-298AC6C8687B-StateMachineUpdater] INFO  safemode.HealthyPipelineSafeModeRule (HealthyPipelineSafeModeRule.java:initializeRule(172)) - Refreshed total pipeline count is 0, healthy pipeline threshold count is 1
2024-04-16 13:47:06,841 [e74c9e3a-193e-4dbb-b5f5-b6805398d140@group-298AC6C8687B-StateMachineUpdater] INFO  safemode.HealthyPipelineSafeModeRule (HealthyPipelineSafeModeRule.java:initializeRule(172)) - Refreshed total pipeline count is 0, healthy pipeline threshold count is 1
2024-04-16 13:47:06,848 [692eadad-ad12-4257-a6c9-255a711e16c4@group-298AC6C8687B-StateMachineUpdater] INFO  safemode.HealthyPipelineSafeModeRule (HealthyPipelineSafeModeRule.java:initializeRule(172)) - Refreshed total pipeline count is 0, healthy pipeline threshold count is 1
2024-04-16 13:47:06,855 [main] INFO  utils.CertificateCodec (CertificateCodec.java:writeCertificate(299)) - Save certificate to /home/runner/work/ozone/ozone/hadoop-ozone/integration-test/target/test-dir/MiniOzoneClusterImpl-f0f26617-5c27-4371-b446-298ac6c8687b/ozone-meta/om/certs/5.crt
2024-04-16 13:47:06,855 [main] INFO  utils.CertificateCodec (CertificateCodec.java:writeCertificate(300)) - Certificate -----BEGIN CERTIFICATE-----
MIID6zCCAtOgAwIBAgIBBTANBgkqhkiG9w0BAQsFADCBhjEaMBgGA1UEAwwRc2Nt
LXN1YkBsb2NhbGhvc3QxLTArBgNVBAsMJDhkZGVkN2UzLTc3ZjQtNDJjZi05MWY4
LTQwMTRmODhhNTgxOTEtMCsGA1UECgwkZjBmMjY2MTctNWMyNy00MzcxLWI0NDYt
Mjk4YWM2Yzg2ODdiMQowCAYDVQQFEwEyMB4XDTI0MDQxNjEzNDcwNloXDTI1MDQx
NjEzNDcwNlowgYIxFjAUBgNVBAMMDXNjbUBsb2NhbGhvc3QxLTArBgNVBAsMJDE3
MzcwNDVjLWY0MGItNDk1NC1iYjQ3LTJhOGVmODEyNDU5MDEtMCsGA1UECgwkZjBm
MjY2MTctNWMyNy00MzcxLWI0NDYtMjk4YWM2Yzg2ODdiMQowCAYDVQQFEwE1MIIB
IjANBgkqhkiG9w0BAQEFAAOCAQ8AMIIBCgKCAQEA5J7Q2DM/ROhE61bJYkTQuU9I
HS7oy3S1iLNDtOyehyH1AvxOxhnLaKWHoAOPLNjoAdZM9t86huzBvTJCI3J5VyNm
CaYpZj4XRftKiXKJPPRX646ukfEQc/WYwczGV19cL9L0lhorkDwdGjvie7H6pmaa
qbFWGDacWjpUxwgbAkVLxu49WkJHtUFB7/sR68z9+VjvKUR9Nv7QbaeMnH8i2KVr
w9SaGEcqx0t8XWPTcYoc8jj4L/i3i+kxPeACfP5Ut4DJsmCq1bx9GJoLHGk1knME
N61T6824vADRPB9+Ngmo4u/fAH5MO+2B4V/gURZ31DXxc/ehnnoOox6O+KDfDwID
AQABo2YwZDBSBgNVHREESzBJhwQKAQAYgkFmdi1hejE0MjgtODE3LnV0cHBkMWxl
ZWMydXZtZ2pvZW5ueGI1eW5oLmV4LmludGVybmFsLmNsb3VkYXBwLm5ldDAOBgNV
HQ8BAf8EBAMCA7gwDQYJKoZIhvcNAQELBQADggEBADmb02hCn8g/wQXfJ2xN2F/U
OXDEaxvVZ3o/PK8zUnrCN5GkIBaOKukbB7CNsSmDeUSNw8Nwo34Qr9I9aDgkE6VB
uxHDUNyqSjxmJpskXQEneP+04uxF6tRmRjfCcb6nIT7zWonzlq8Db5RHNmIbOY2y
NPbnTLZxkUnMdX1u5QXML0HPDoezbYavCuCYDyEfs1pjShwmxDeyUCiKnY+vR/N0
eQDjp78eiC7aZ/F+WhpFxY6iiVgpB7lPlz2HhdUMFg8mg4CrbbDtUOWPsRqfUyDJ
3D5ZhZiq7yhJIq3TRQpPh5h8AlyoBCg255Lce1Z3sVmiF6X6+VTCX/GcYZpVfmk=
-----END CERTIFICATE-----

-----BEGIN CERTIFICATE-----
MIIEADCCAuigAwIBAgIBAjANBgkqhkiG9w0BAQsFADCBhjEaMBgGA1UEAwwRc2Nt
QGZ2LWF6MTQyOC04MTcxLTArBgNVBAsMJDhkZGVkN2UzLTc3ZjQtNDJjZi05MWY4
LTQwMTRmODhhNTgxOTEtMCsGA1UECgwkZjBmMjY2MTctNWMyNy00MzcxLWI0NDYt
Mjk4YWM2Yzg2ODdiMQowCAYDVQQFEwExMB4XDTI0MDQxNjEzNDY0N1oXDTI5MDUy
NTEzNDY0N1owgYYxGjAYBgNVBAMMEXNjbS1zdWJAbG9jYWxob3N0MS0wKwYDVQQL
DCQ4ZGRlZDdlMy03N2Y0LTQyY2YtOTFmOC00MDE0Zjg4YTU4MTkxLTArBgNVBAoM
JGYwZjI2NjE3LTVjMjctNDM3MS1iNDQ2LTI5OGFjNmM4Njg3YjEKMAgGA1UEBRMB
MjCCASIwDQYJKoZIhvcNAQEBBQADggEPADCCAQoCggEBANjK/P+mL7p/u+YqC04x
JXmPB1dsWFp4EF57J5ivqFJRwh/Bg2et8qas7mEQFm8U6j0ccBRafon2235E18u9
+NfYaKHLS+nDjvNSCoN/FjHLJZWraFNx+xfjFeL/k1qIG2zajLlA9QvW8fS+0r3c
A+ayKor3ATWDYmV7Ob+hsjKxluUDgcuiSq15XKuxoTjH72DH0rQfnnMlrMCxMvtu
dji0xGpaC5ez0jeLGUyNBsLUIUei3V7SAy/ZN4AwkLti5ZsCKmgouYBm90Y6S9HZ
DHWhqL51SwQ2IOXzH5AFuGzyh+mJptEWH45tg88hTOKumH1Ie1E3TVaO7pdJuYPj
xysCAwEAAaN3MHUwUgYDVR0RBEswSYcECgEAGIJBZnYtYXoxNDI4LTgxNy51dHBw
ZDFsZWVjMnV2bWdqb2VubnhiNXluaC5leC5pbnRlcm5hbC5jbG91ZGFwcC5uZXQw
DwYDVR0TAQH/BAUwAwEB/zAOBgNVHQ8BAf8EBAMCAb4wDQYJKoZIhvcNAQELBQAD
ggEBACEtgKPf7lI4xY5m6Nc/Uvnaz+1nMnweOVF+spvhToSuCwQFJQkZXTm6C+NL
IXISjf8UkNCQOjglwn6SVo5qSL4hV+R6TJb4KYGZnv3HkzXZOX6adUAntMCz/Eyb
K2e+9VX98G7BdgCC9zw9ay+G6dDhWgReJGId2FvKdNvHvnu1Lb5QMcGSvPgk3wy5
UM8JmsmlJyKmO5e7bL77eaBki9UiVO/AuyQKn6nKHSe3xU0k4077lfI3X+6BpyC/
CXBsA9cwqx+whSdXN4v6TiADtVtGyNu/JcNIIpOLjNaqHTNl8lrQJxkurmBtazuT
728SGx7oeDF0blooC6rZBTRfDO4=
-----END CERTIFICATE-----

-----BEGIN CERTIFICATE-----
MIIEADCCAuigAwIBAgIBATANBgkqhkiG9w0BAQsFADCBhjEaMBgGA1UEAwwRc2Nt
QGZ2LWF6MTQyOC04MTcxLTArBgNVBAsMJDhkZGVkN2UzLTc3ZjQtNDJjZi05MWY4
LTQwMTRmODhhNTgxOTEtMCsGA1UECgwkZjBmMjY2MTctNWMyNy00MzcxLWI0NDYt
Mjk4YWM2Yzg2ODdiMQowCAYDVQQFEwExMB4XDTI0MDQxNjEzNDY0N1oXDTI5MDUy
NTEzNDY0N1owgYYxGjAYBgNVBAMMEXNjbUBmdi1hejE0MjgtODE3MS0wKwYDVQQL
DCQ4ZGRlZDdlMy03N2Y0LTQyY2YtOTFmOC00MDE0Zjg4YTU4MTkxLTArBgNVBAoM
JGYwZjI2NjE3LTVjMjctNDM3MS1iNDQ2LTI5OGFjNmM4Njg3YjEKMAgGA1UEBRMB
MTCCASIwDQYJKoZIhvcNAQEBBQADggEPADCCAQoCggEBAMdtp7i7wP+lZLzZlPEE
4ziTdvjbCpGrdZCLChtSQLrdxV06GLmEabfobsvIMsZju2cUyDma9RiOA8urazjr
T0XTQxsX5BabB78z/T+NgoWRlUczqIHSvVsksGtE8jP1agbenXJsc36dgYwP2OrA
YNuB5W7gX4iDyfKvYYm0rMkCiiphA6H6b+3I0ClnzGY10hEpVJofQUBylhoECsgY
lDuq146wIl7tvx2SxLlonnuYJ390L+N4gLYbeynYK7dPFxflao+2lo3vrHohnh6L
ybpQEBDNGMHusj8xERdMNn+tF+KcZxPjaIXZF6JyLwh3tDmxaC39HljYjTDurvF6
JwUCAwEAAaN3MHUwDwYDVR0TAQH/BAUwAwEB/zAOBgNVHQ8BAf8EBAMCAQYwUgYD
VR0RBEswSYcECgEAGIJBZnYtYXoxNDI4LTgxNy51dHBwZDFsZWVjMnV2bWdqb2Vu
bnhiNXluaC5leC5pbnRlcm5hbC5jbG91ZGFwcC5uZXQwDQYJKoZIhvcNAQELBQAD
ggEBAFi/vd/JLFd80EHBkMWQiD/wOJF1uwJBiLVL0XjS+CHo9XKIvvVxlUbJKNLr
zNXby38x4g0M7eoVEhITlw3yuv3B/pv315rYWtagwSvKLJKElQwT75qQ5v47W1RA
oSHk50lTe9Hmf2ndT+JFGcvhTS495C5jP2eIXKKxZPA8CDZbT+/HNa0Q5/LB0ATk
MZTG1TfQ8e/B+vvXO7D6PNBvTOlb77jSmjPCF7NKUq0Q7lDf40auSUc4AnjkxUSg
MbqkVs+mMULzy7c5doSHogjqsYMXWJQkcQmZttuADrLD7ebFVoTA8PRw59oRULJ1
YRwiVFPoWUDsL88+Dl3P1mWZdYs=
-----END CERTIFICATE-----

2024-04-16 13:47:06,856 [main] INFO  utils.CertificateCodec (CertificateCodec.java:writeCertificate(299)) - Save certificate to /home/runner/work/ozone/ozone/hadoop-ozone/integration-test/target/test-dir/MiniOzoneClusterImpl-f0f26617-5c27-4371-b446-298ac6c8687b/ozone-meta/om/certs/CA-2.crt
2024-04-16 13:47:06,856 [main] INFO  utils.CertificateCodec (CertificateCodec.java:writeCertificate(300)) - Certificate -----BEGIN CERTIFICATE-----
MIIEADCCAuigAwIBAgIBAjANBgkqhkiG9w0BAQsFADCBhjEaMBgGA1UEAwwRc2Nt
QGZ2LWF6MTQyOC04MTcxLTArBgNVBAsMJDhkZGVkN2UzLTc3ZjQtNDJjZi05MWY4
LTQwMTRmODhhNTgxOTEtMCsGA1UECgwkZjBmMjY2MTctNWMyNy00MzcxLWI0NDYt
Mjk4YWM2Yzg2ODdiMQowCAYDVQQFEwExMB4XDTI0MDQxNjEzNDY0N1oXDTI5MDUy
NTEzNDY0N1owgYYxGjAYBgNVBAMMEXNjbS1zdWJAbG9jYWxob3N0MS0wKwYDVQQL
DCQ4ZGRlZDdlMy03N2Y0LTQyY2YtOTFmOC00MDE0Zjg4YTU4MTkxLTArBgNVBAoM
JGYwZjI2NjE3LTVjMjctNDM3MS1iNDQ2LTI5OGFjNmM4Njg3YjEKMAgGA1UEBRMB
MjCCASIwDQYJKoZIhvcNAQEBBQADggEPADCCAQoCggEBANjK/P+mL7p/u+YqC04x
JXmPB1dsWFp4EF57J5ivqFJRwh/Bg2et8qas7mEQFm8U6j0ccBRafon2235E18u9
+NfYaKHLS+nDjvNSCoN/FjHLJZWraFNx+xfjFeL/k1qIG2zajLlA9QvW8fS+0r3c
A+ayKor3ATWDYmV7Ob+hsjKxluUDgcuiSq15XKuxoTjH72DH0rQfnnMlrMCxMvtu
dji0xGpaC5ez0jeLGUyNBsLUIUei3V7SAy/ZN4AwkLti5ZsCKmgouYBm90Y6S9HZ
DHWhqL51SwQ2IOXzH5AFuGzyh+mJptEWH45tg88hTOKumH1Ie1E3TVaO7pdJuYPj
xysCAwEAAaN3MHUwUgYDVR0RBEswSYcECgEAGIJBZnYtYXoxNDI4LTgxNy51dHBw
ZDFsZWVjMnV2bWdqb2VubnhiNXluaC5leC5pbnRlcm5hbC5jbG91ZGFwcC5uZXQw
DwYDVR0TAQH/BAUwAwEB/zAOBgNVHQ8BAf8EBAMCAb4wDQYJKoZIhvcNAQELBQAD
ggEBACEtgKPf7lI4xY5m6Nc/Uvnaz+1nMnweOVF+spvhToSuCwQFJQkZXTm6C+NL
IXISjf8UkNCQOjglwn6SVo5qSL4hV+R6TJb4KYGZnv3HkzXZOX6adUAntMCz/Eyb
K2e+9VX98G7BdgCC9zw9ay+G6dDhWgReJGId2FvKdNvHvnu1Lb5QMcGSvPgk3wy5
UM8JmsmlJyKmO5e7bL77eaBki9UiVO/AuyQKn6nKHSe3xU0k4077lfI3X+6BpyC/
CXBsA9cwqx+whSdXN4v6TiADtVtGyNu/JcNIIpOLjNaqHTNl8lrQJxkurmBtazuT
728SGx7oeDF0blooC6rZBTRfDO4=
-----END CERTIFICATE-----

-----BEGIN CERTIFICATE-----
MIIEADCCAuigAwIBAgIBATANBgkqhkiG9w0BAQsFADCBhjEaMBgGA1UEAwwRc2Nt
QGZ2LWF6MTQyOC04MTcxLTArBgNVBAsMJDhkZGVkN2UzLTc3ZjQtNDJjZi05MWY4
LTQwMTRmODhhNTgxOTEtMCsGA1UECgwkZjBmMjY2MTctNWMyNy00MzcxLWI0NDYt
Mjk4YWM2Yzg2ODdiMQowCAYDVQQFEwExMB4XDTI0MDQxNjEzNDY0N1oXDTI5MDUy
NTEzNDY0N1owgYYxGjAYBgNVBAMMEXNjbUBmdi1hejE0MjgtODE3MS0wKwYDVQQL
DCQ4ZGRlZDdlMy03N2Y0LTQyY2YtOTFmOC00MDE0Zjg4YTU4MTkxLTArBgNVBAoM
JGYwZjI2NjE3LTVjMjctNDM3MS1iNDQ2LTI5OGFjNmM4Njg3YjEKMAgGA1UEBRMB
MTCCASIwDQYJKoZIhvcNAQEBBQADggEPADCCAQoCggEBAMdtp7i7wP+lZLzZlPEE
4ziTdvjbCpGrdZCLChtSQLrdxV06GLmEabfobsvIMsZju2cUyDma9RiOA8urazjr
T0XTQxsX5BabB78z/T+NgoWRlUczqIHSvVsksGtE8jP1agbenXJsc36dgYwP2OrA
YNuB5W7gX4iDyfKvYYm0rMkCiiphA6H6b+3I0ClnzGY10hEpVJofQUBylhoECsgY
lDuq146wIl7tvx2SxLlonnuYJ390L+N4gLYbeynYK7dPFxflao+2lo3vrHohnh6L
ybpQEBDNGMHusj8xERdMNn+tF+KcZxPjaIXZF6JyLwh3tDmxaC39HljYjTDurvF6
JwUCAwEAAaN3MHUwDwYDVR0TAQH/BAUwAwEB/zAOBgNVHQ8BAf8EBAMCAQYwUgYD
VR0RBEswSYcECgEAGIJBZnYtYXoxNDI4LTgxNy51dHBwZDFsZWVjMnV2bWdqb2Vu
bnhiNXluaC5leC5pbnRlcm5hbC5jbG91ZGFwcC5uZXQwDQYJKoZIhvcNAQELBQAD
ggEBAFi/vd/JLFd80EHBkMWQiD/wOJF1uwJBiLVL0XjS+CHo9XKIvvVxlUbJKNLr
zNXby38x4g0M7eoVEhITlw3yuv3B/pv315rYWtagwSvKLJKElQwT75qQ5v47W1RA
oSHk50lTe9Hmf2ndT+JFGcvhTS495C5jP2eIXKKxZPA8CDZbT+/HNa0Q5/LB0ATk
MZTG1TfQ8e/B+vvXO7D6PNBvTOlb77jSmjPCF7NKUq0Q7lDf40auSUc4AnjkxUSg
MbqkVs+mMULzy7c5doSHogjqsYMXWJQkcQmZttuADrLD7ebFVoTA8PRw59oRULJ1
YRwiVFPoWUDsL88+Dl3P1mWZdYs=
-----END CERTIFICATE-----

2024-04-16 13:47:06,861 [IPC Server handler 0 on default port 15002] INFO  client.SCMCertificateClient (DefaultCertificateClient.java:getAllRootCaCerts(973)) - scm/sub-ca has 0 Root CA certificates
2024-04-16 13:47:06,862 [IPC Server handler 0 on default port 15002] INFO  client.SCMCertificateClient (DefaultCertificateClient.java:getAllCaCerts(981)) - scm/sub-ca has 1 CA certificates
2024-04-16 13:47:06,863 [main] INFO  utils.CertificateCodec (CertificateCodec.java:writeCertificate(299)) - Save certificate to /home/runner/work/ozone/ozone/hadoop-ozone/integration-test/target/test-dir/MiniOzoneClusterImpl-f0f26617-5c27-4371-b446-298ac6c8687b/ozone-meta/om/certs/ROOTCA-1.crt
2024-04-16 13:47:06,864 [main] INFO  utils.CertificateCodec (CertificateCodec.java:writeCertificate(300)) - Certificate -----BEGIN CERTIFICATE-----
MIIEADCCAuigAwIBAgIBATANBgkqhkiG9w0BAQsFADCBhjEaMBgGA1UEAwwRc2Nt
QGZ2LWF6MTQyOC04MTcxLTArBgNVBAsMJDhkZGVkN2UzLTc3ZjQtNDJjZi05MWY4
LTQwMTRmODhhNTgxOTEtMCsGA1UECgwkZjBmMjY2MTctNWMyNy00MzcxLWI0NDYt
Mjk4YWM2Yzg2ODdiMQowCAYDVQQFEwExMB4XDTI0MDQxNjEzNDY0N1oXDTI5MDUy
NTEzNDY0N1owgYYxGjAYBgNVBAMMEXNjbUBmdi1hejE0MjgtODE3MS0wKwYDVQQL
DCQ4ZGRlZDdlMy03N2Y0LTQyY2YtOTFmOC00MDE0Zjg4YTU4MTkxLTArBgNVBAoM
JGYwZjI2NjE3LTVjMjctNDM3MS1iNDQ2LTI5OGFjNmM4Njg3YjEKMAgGA1UEBRMB
MTCCASIwDQYJKoZIhvcNAQEBBQADggEPADCCAQoCggEBAMdtp7i7wP+lZLzZlPEE
4ziTdvjbCpGrdZCLChtSQLrdxV06GLmEabfobsvIMsZju2cUyDma9RiOA8urazjr
T0XTQxsX5BabB78z/T+NgoWRlUczqIHSvVsksGtE8jP1agbenXJsc36dgYwP2OrA
YNuB5W7gX4iDyfKvYYm0rMkCiiphA6H6b+3I0ClnzGY10hEpVJofQUBylhoECsgY
lDuq146wIl7tvx2SxLlonnuYJ390L+N4gLYbeynYK7dPFxflao+2lo3vrHohnh6L
ybpQEBDNGMHusj8xERdMNn+tF+KcZxPjaIXZF6JyLwh3tDmxaC39HljYjTDurvF6
JwUCAwEAAaN3MHUwDwYDVR0TAQH/BAUwAwEB/zAOBgNVHQ8BAf8EBAMCAQYwUgYD
VR0RBEswSYcECgEAGIJBZnYtYXoxNDI4LTgxNy51dHBwZDFsZWVjMnV2bWdqb2Vu
bnhiNXluaC5leC5pbnRlcm5hbC5jbG91ZGFwcC5uZXQwDQYJKoZIhvcNAQELBQAD
ggEBAFi/vd/JLFd80EHBkMWQiD/wOJF1uwJBiLVL0XjS+CHo9XKIvvVxlUbJKNLr
zNXby38x4g0M7eoVEhITlw3yuv3B/pv315rYWtagwSvKLJKElQwT75qQ5v47W1RA
oSHk50lTe9Hmf2ndT+JFGcvhTS495C5jP2eIXKKxZPA8CDZbT+/HNa0Q5/LB0ATk
MZTG1TfQ8e/B+vvXO7D6PNBvTOlb77jSmjPCF7NKUq0Q7lDf40auSUc4AnjkxUSg
MbqkVs+mMULzy7c5doSHogjqsYMXWJQkcQmZttuADrLD7ebFVoTA8PRw59oRULJ1
YRwiVFPoWUDsL88+Dl3P1mWZdYs=
-----END CERTIFICATE-----

2024-04-16 13:47:06,865 [main] INFO  security.OMCertificateClient (DefaultCertificateClient.java:updateCertSerialId(1313)) - Certificate serial ID set to 5
2024-04-16 13:47:06,866 [main] INFO  security.OMCertificateClient (DefaultCertificateClient.java:readCertificateFile(248)) - Added certificate 2 from file: /home/runner/work/ozone/ozone/hadoop-ozone/integration-test/target/test-dir/MiniOzoneClusterImpl-f0f26617-5c27-4371-b446-298ac6c8687b/ozone-meta/om/certs/CA-2.crt.
2024-04-16 13:47:06,867 [main] INFO  security.OMCertificateClient (DefaultCertificateClient.java:readCertificateFile(248)) - Added certificate 1 from file: /home/runner/work/ozone/ozone/hadoop-ozone/integration-test/target/test-dir/MiniOzoneClusterImpl-f0f26617-5c27-4371-b446-298ac6c8687b/ozone-meta/om/certs/ROOTCA-1.crt.
2024-04-16 13:47:06,868 [main] INFO  security.OMCertificateClient (DefaultCertificateClient.java:readCertificateFile(248)) - Added certificate 5 from file: /home/runner/work/ozone/ozone/hadoop-ozone/integration-test/target/test-dir/MiniOzoneClusterImpl-f0f26617-5c27-4371-b446-298ac6c8687b/ozone-meta/om/certs/5.crt.
2024-04-16 13:47:06,869 [main] INFO  security.OMCertificateClient (DefaultCertificateClient.java:startCertificateRenewerService(1418)) - CertificateRenewerService for om is started with first delay 29116799132 ms and interval 86400000 ms.
2024-04-16 13:47:06,870 [main] INFO  security.OMCertificateClient (DefaultCertificateClient.java:updateCertSerialId(1313)) - Certificate serial ID set to 5
2024-04-16 13:47:06,871 [main] INFO  security.OMCertificateClient (DefaultCertificateClient.java:readCertificateFile(248)) - Added certificate 2 from file: /home/runner/work/ozone/ozone/hadoop-ozone/integration-test/target/test-dir/MiniOzoneClusterImpl-f0f26617-5c27-4371-b446-298ac6c8687b/ozone-meta/om/certs/CA-2.crt.
2024-04-16 13:47:06,871 [main] INFO  security.OMCertificateClient (DefaultCertificateClient.java:readCertificateFile(248)) - Added certificate 1 from file: /home/runner/work/ozone/ozone/hadoop-ozone/integration-test/target/test-dir/MiniOzoneClusterImpl-f0f26617-5c27-4371-b446-298ac6c8687b/ozone-meta/om/certs/ROOTCA-1.crt.
2024-04-16 13:47:06,872 [main] INFO  security.OMCertificateClient (DefaultCertificateClient.java:readCertificateFile(248)) - Added certificate 5 from file: /home/runner/work/ozone/ozone/hadoop-ozone/integration-test/target/test-dir/MiniOzoneClusterImpl-f0f26617-5c27-4371-b446-298ac6c8687b/ozone-meta/om/certs/5.crt.
2024-04-16 13:47:06,872 [main] INFO  security.OMCertificateClient (DefaultCertificateClient.java:recoverStateIfNeeded(815)) - Successfully stored OM signed certificate, case:GETCERT.
2024-04-16 13:47:06,877 [main] INFO  ha.OMHANodeDetails (OMHANodeDetails.java:loadOMHAConfig(115)) - ozone.om.internal.service.id is not defined, falling back to ozone.om.service.ids to find serviceID for OzoneManager if it is HA enabled cluster
2024-04-16 13:47:06,877 [main] INFO  ha.OMHANodeDetails (OMHANodeDetails.java:loadOMHAConfig(226)) - Configuration does not have ozone.om.address set. Falling back to the default OM address /127.0.0.1:15036
2024-04-16 13:47:06,877 [main] INFO  ha.OMHANodeDetails (OMHANodeDetails.java:getOMNodeDetailsForNonHA(254)) - OM Service ID is not set. Setting it to the default ID: omServiceIdDefault
2024-04-16 13:47:06,877 [main] INFO  ha.OMHANodeDetails (OMHANodeDetails.java:getOMNodeDetailsForNonHA(261)) - OM Node ID is not set. Setting it to the default ID: om1
2024-04-16 13:47:06,879 [main] WARN  server.ServerUtils (ServerUtils.java:getDBPath(299)) - ozone.om.db.dirs is not configured. We recommend adding this setting. Falling back to ozone.metadata.dirs instead.
2024-04-16 13:47:06,883 [main] INFO  upgrade.AbstractLayoutVersionManager (AbstractLayoutVersionManager.java:init(83)) - Initializing Layout version manager with metadata layout = QUOTA (version = 6), software layout = QUOTA (version = 6)
2024-04-16 13:47:06,948 [main] INFO  reflections.Reflections (Reflections.java:scan(219)) - Reflections took 63 ms to scan 2 urls, producing 187 keys and 543 values
2024-04-16 13:47:06,952 [main] INFO  upgrade.OMLayoutVersionManager (OMLayoutVersionManager.java:lambda$0(113)) - Skipping Upgrade Action QuotaRepairUpgradeAction since it has been finalized.
2024-04-16 13:47:06,953 [main] INFO  upgrade.OMLayoutVersionManager (OMLayoutVersionManager.java:lambda$0(113)) - Skipping Upgrade Action MockOmUpgradeAction since it has been finalized.
2024-04-16 13:47:06,957 [pool-1-thread-1] INFO  request.KdcRequest (KdcRequest.java:preauth(651)) - The preauth data is empty.
2024-04-16 13:47:06,959 [pool-1-thread-1] INFO  server.KdcHandler (KdcHandler.java:handleRecoverableException(177)) - KRB error occurred while processing request:Additional pre-authentication required
2024-04-16 13:47:06,964 [pool-1-thread-1] INFO  request.AsRequest (AsRequest.java:issueTicket(112)) - AS_REQ ISSUE: authtime 1713275226963,scm/fv-az1428-817.utppd1leec2uvmgjoennxb5ynh.ex.internal.cloudapp.net@EXAMPLE.COM for krbtgt/EXAMPLE.COM@EXAMPLE.COM
2024-04-16 13:47:06,966 [main] INFO  security.UserGroupInformation (UserGroupInformation.java:loginUserFromKeytab(1132)) - Login successful for user scm/fv-az1428-817.utppd1leec2uvmgjoennxb5ynh.ex.internal.cloudapp.net@EXAMPLE.COM using keytab file scm.keytab. Keytab auto renewal enabled : false
2024-04-16 13:47:06,966 [main] INFO  om.OzoneManager (OzoneManager.java:loginOMUser(1195)) - Ozone Manager login successful.
2024-04-16 13:47:06,967 [main] WARN  server.ServerUtils (ServerUtils.java:getDBPath(299)) - ozone.om.db.dirs is not configured. We recommend adding this setting. Falling back to ozone.metadata.dirs instead.
2024-04-16 13:47:06,974 [main] INFO  ha.SCMNodeInfo (SCMNodeInfo.java:getPort(197)) - ConfigKey ozone.scm.client.address is deprecated, For configuring different ports for each SCM use PortConfigKey ozone.scm.client.port appended with serviceId and nodeId
2024-04-16 13:47:06,974 [main] INFO  ha.SCMNodeInfo (SCMNodeInfo.java:getPort(197)) - ConfigKey ozone.scm.block.client.address is deprecated, For configuring different ports for each SCM use PortConfigKey ozone.scm.block.client.port appended with serviceId and nodeId
2024-04-16 13:47:06,974 [main] INFO  ha.SCMNodeInfo (SCMNodeInfo.java:getPort(197)) - ConfigKey ozone.scm.security.service.address is deprecated, For configuring different ports for each SCM use PortConfigKey ozone.scm.security.service.port appended with serviceId and nodeId
2024-04-16 13:47:06,974 [main] INFO  ha.SCMNodeInfo (SCMNodeInfo.java:getPort(197)) - ConfigKey ozone.scm.datanode.address is deprecated, For configuring different ports for each SCM use PortConfigKey ozone.scm.datanode.port appended with serviceId and nodeId
2024-04-16 13:47:06,974 [main] INFO  ha.SCMNodeInfo (SCMNodeInfo.java:getPort(197)) - ConfigKey ozone.scm.client.address is deprecated, For configuring different ports for each SCM use PortConfigKey ozone.scm.client.port appended with serviceId and nodeId
2024-04-16 13:47:06,975 [main] INFO  ha.SCMNodeInfo (SCMNodeInfo.java:getPort(197)) - ConfigKey ozone.scm.block.client.address is deprecated, For configuring different ports for each SCM use PortConfigKey ozone.scm.block.client.port appended with serviceId and nodeId
2024-04-16 13:47:06,975 [main] INFO  ha.SCMNodeInfo (SCMNodeInfo.java:getPort(197)) - ConfigKey ozone.scm.security.service.address is deprecated, For configuring different ports for each SCM use PortConfigKey ozone.scm.security.service.port appended with serviceId and nodeId
2024-04-16 13:47:06,975 [main] INFO  ha.SCMNodeInfo (SCMNodeInfo.java:getPort(197)) - ConfigKey ozone.scm.datanode.address is deprecated, For configuring different ports for each SCM use PortConfigKey ozone.scm.datanode.port appended with serviceId and nodeId
2024-04-16 13:47:06,975 [main] INFO  ha.SCMNodeInfo (SCMNodeInfo.java:getPort(197)) - ConfigKey ozone.scm.client.address is deprecated, For configuring different ports for each SCM use PortConfigKey ozone.scm.client.port appended with serviceId and nodeId
2024-04-16 13:47:06,975 [main] INFO  ha.SCMNodeInfo (SCMNodeInfo.java:getPort(197)) - ConfigKey ozone.scm.block.client.address is deprecated, For configuring different ports for each SCM use PortConfigKey ozone.scm.block.client.port appended with serviceId and nodeId
2024-04-16 13:47:06,975 [main] INFO  ha.SCMNodeInfo (SCMNodeInfo.java:getPort(197)) - ConfigKey ozone.scm.security.service.address is deprecated, For configuring different ports for each SCM use PortConfigKey ozone.scm.security.service.port appended with serviceId and nodeId
2024-04-16 13:47:06,975 [main] INFO  ha.SCMNodeInfo (SCMNodeInfo.java:getPort(197)) - ConfigKey ozone.scm.datanode.address is deprecated, For configuring different ports for each SCM use PortConfigKey ozone.scm.datanode.port appended with serviceId and nodeId
2024-04-16 13:47:07,069 [main] INFO  ha.SCMNodeInfo (SCMNodeInfo.java:getPort(197)) - ConfigKey ozone.scm.client.address is deprecated, For configuring different ports for each SCM use PortConfigKey ozone.scm.client.port appended with serviceId and nodeId
2024-04-16 13:47:07,069 [main] INFO  ha.SCMNodeInfo (SCMNodeInfo.java:getPort(197)) - ConfigKey ozone.scm.block.client.address is deprecated, For configuring different ports for each SCM use PortConfigKey ozone.scm.block.client.port appended with serviceId and nodeId
2024-04-16 13:47:07,069 [main] INFO  ha.SCMNodeInfo (SCMNodeInfo.java:getPort(197)) - ConfigKey ozone.scm.security.service.address is deprecated, For configuring different ports for each SCM use PortConfigKey ozone.scm.security.service.port appended with serviceId and nodeId
2024-04-16 13:47:07,069 [main] INFO  ha.SCMNodeInfo (SCMNodeInfo.java:getPort(197)) - ConfigKey ozone.scm.datanode.address is deprecated, For configuring different ports for each SCM use PortConfigKey ozone.scm.datanode.port appended with serviceId and nodeId
2024-04-16 13:47:07,070 [main] INFO  ha.SCMNodeInfo (SCMNodeInfo.java:getPort(197)) - ConfigKey ozone.scm.client.address is deprecated, For configuring different ports for each SCM use PortConfigKey ozone.scm.client.port appended with serviceId and nodeId
2024-04-16 13:47:07,070 [main] INFO  ha.SCMNodeInfo (SCMNodeInfo.java:getPort(197)) - ConfigKey ozone.scm.block.client.address is deprecated, For configuring different ports for each SCM use PortConfigKey ozone.scm.block.client.port appended with serviceId and nodeId
2024-04-16 13:47:07,070 [main] INFO  ha.SCMNodeInfo (SCMNodeInfo.java:getPort(197)) - ConfigKey ozone.scm.security.service.address is deprecated, For configuring different ports for each SCM use PortConfigKey ozone.scm.security.service.port appended with serviceId and nodeId
2024-04-16 13:47:07,070 [main] INFO  ha.SCMNodeInfo (SCMNodeInfo.java:getPort(197)) - ConfigKey ozone.scm.datanode.address is deprecated, For configuring different ports for each SCM use PortConfigKey ozone.scm.datanode.port appended with serviceId and nodeId
2024-04-16 13:47:07,070 [main] INFO  ha.SCMNodeInfo (SCMNodeInfo.java:getPort(197)) - ConfigKey ozone.scm.client.address is deprecated, For configuring different ports for each SCM use PortConfigKey ozone.scm.client.port appended with serviceId and nodeId
2024-04-16 13:47:07,070 [main] INFO  ha.SCMNodeInfo (SCMNodeInfo.java:getPort(197)) - ConfigKey ozone.scm.block.client.address is deprecated, For configuring different ports for each SCM use PortConfigKey ozone.scm.block.client.port appended with serviceId and nodeId
2024-04-16 13:47:07,070 [main] INFO  ha.SCMNodeInfo (SCMNodeInfo.java:getPort(197)) - ConfigKey ozone.scm.security.service.address is deprecated, For configuring different ports for each SCM use PortConfigKey ozone.scm.security.service.port appended with serviceId and nodeId
2024-04-16 13:47:07,070 [main] INFO  ha.SCMNodeInfo (SCMNodeInfo.java:getPort(197)) - ConfigKey ozone.scm.datanode.address is deprecated, For configuring different ports for each SCM use PortConfigKey ozone.scm.datanode.port appended with serviceId and nodeId
2024-04-16 13:47:07,071 [main] INFO  proxy.SCMBlockLocationFailoverProxyProvider (SCMBlockLocationFailoverProxyProvider.java:<init>(115)) - Created block location fail-over proxy with 3 nodes: [nodeId=scmNode-2,nodeAddress=/127.0.0.1:15015, nodeId=scmNode-3,nodeAddress=/127.0.0.1:15023, nodeId=scmNode-1,nodeAddress=/127.0.0.1:15007]
2024-04-16 13:47:07,083 [main] INFO  om.OzoneManager (OzoneManager.java:getOmDetailsProto(4731)) - OzoneManager ports added:[name: "RPC"
value: 15036
]
2024-04-16 13:47:07,084 [main] INFO  ha.SCMNodeInfo (SCMNodeInfo.java:getPort(197)) - ConfigKey ozone.scm.client.address is deprecated, For configuring different ports for each SCM use PortConfigKey ozone.scm.client.port appended with serviceId and nodeId
2024-04-16 13:47:07,084 [main] INFO  ha.SCMNodeInfo (SCMNodeInfo.java:getPort(197)) - ConfigKey ozone.scm.block.client.address is deprecated, For configuring different ports for each SCM use PortConfigKey ozone.scm.block.client.port appended with serviceId and nodeId
2024-04-16 13:47:07,084 [main] INFO  ha.SCMNodeInfo (SCMNodeInfo.java:getPort(197)) - ConfigKey ozone.scm.security.service.address is deprecated, For configuring different ports for each SCM use PortConfigKey ozone.scm.security.service.port appended with serviceId and nodeId
2024-04-16 13:47:07,084 [main] INFO  ha.SCMNodeInfo (SCMNodeInfo.java:getPort(197)) - ConfigKey ozone.scm.datanode.address is deprecated, For configuring different ports for each SCM use PortConfigKey ozone.scm.datanode.port appended with serviceId and nodeId
2024-04-16 13:47:07,084 [main] INFO  ha.SCMNodeInfo (SCMNodeInfo.java:getPort(197)) - ConfigKey ozone.scm.client.address is deprecated, For configuring different ports for each SCM use PortConfigKey ozone.scm.client.port appended with serviceId and nodeId
2024-04-16 13:47:07,085 [main] INFO  ha.SCMNodeInfo (SCMNodeInfo.java:getPort(197)) - ConfigKey ozone.scm.block.client.address is deprecated, For configuring different ports for each SCM use PortConfigKey ozone.scm.block.client.port appended with serviceId and nodeId
2024-04-16 13:47:07,085 [main] INFO  ha.SCMNodeInfo (SCMNodeInfo.java:getPort(197)) - ConfigKey ozone.scm.security.service.address is deprecated, For configuring different ports for each SCM use PortConfigKey ozone.scm.security.service.port appended with serviceId and nodeId
2024-04-16 13:47:07,085 [main] INFO  ha.SCMNodeInfo (SCMNodeInfo.java:getPort(197)) - ConfigKey ozone.scm.datanode.address is deprecated, For configuring different ports for each SCM use PortConfigKey ozone.scm.datanode.port appended with serviceId and nodeId
2024-04-16 13:47:07,085 [main] INFO  ha.SCMNodeInfo (SCMNodeInfo.java:getPort(197)) - ConfigKey ozone.scm.client.address is deprecated, For configuring different ports for each SCM use PortConfigKey ozone.scm.client.port appended with serviceId and nodeId
2024-04-16 13:47:07,085 [main] INFO  ha.SCMNodeInfo (SCMNodeInfo.java:getPort(197)) - ConfigKey ozone.scm.block.client.address is deprecated, For configuring different ports for each SCM use PortConfigKey ozone.scm.block.client.port appended with serviceId and nodeId
2024-04-16 13:47:07,085 [main] INFO  ha.SCMNodeInfo (SCMNodeInfo.java:getPort(197)) - ConfigKey ozone.scm.security.service.address is deprecated, For configuring different ports for each SCM use PortConfigKey ozone.scm.security.service.port appended with serviceId and nodeId
2024-04-16 13:47:07,086 [main] INFO  ha.SCMNodeInfo (SCMNodeInfo.java:getPort(197)) - ConfigKey ozone.scm.datanode.address is deprecated, For configuring different ports for each SCM use PortConfigKey ozone.scm.datanode.port appended with serviceId and nodeId
2024-04-16 13:47:07,086 [main] INFO  security.OMCertificateClient (DefaultCertificateClient.java:updateCertSerialId(1313)) - Certificate serial ID set to 5
2024-04-16 13:47:07,088 [main] INFO  security.OMCertificateClient (DefaultCertificateClient.java:readCertificateFile(248)) - Added certificate 2 from file: /home/runner/work/ozone/ozone/hadoop-ozone/integration-test/target/test-dir/MiniOzoneClusterImpl-f0f26617-5c27-4371-b446-298ac6c8687b/ozone-meta/om/certs/CA-2.crt.
2024-04-16 13:47:07,088 [main] INFO  security.OMCertificateClient (DefaultCertificateClient.java:readCertificateFile(248)) - Added certificate 1 from file: /home/runner/work/ozone/ozone/hadoop-ozone/integration-test/target/test-dir/MiniOzoneClusterImpl-f0f26617-5c27-4371-b446-298ac6c8687b/ozone-meta/om/certs/ROOTCA-1.crt.
2024-04-16 13:47:07,089 [main] INFO  security.OMCertificateClient (DefaultCertificateClient.java:readCertificateFile(248)) - Added certificate 5 from file: /home/runner/work/ozone/ozone/hadoop-ozone/integration-test/target/test-dir/MiniOzoneClusterImpl-f0f26617-5c27-4371-b446-298ac6c8687b/ozone-meta/om/certs/5.crt.
2024-04-16 13:47:07,090 [main] INFO  security.OMCertificateClient (DefaultCertificateClient.java:startCertificateRenewerService(1418)) - CertificateRenewerService for om is started with first delay 29116798910 ms and interval 86400000 ms.
2024-04-16 13:47:07,092 [main] INFO  ha.SCMNodeInfo (SCMNodeInfo.java:getPort(197)) - ConfigKey ozone.scm.client.address is deprecated, For configuring different ports for each SCM use PortConfigKey ozone.scm.client.port appended with serviceId and nodeId
2024-04-16 13:47:07,092 [main] INFO  ha.SCMNodeInfo (SCMNodeInfo.java:getPort(197)) - ConfigKey ozone.scm.block.client.address is deprecated, For configuring different ports for each SCM use PortConfigKey ozone.scm.block.client.port appended with serviceId and nodeId
2024-04-16 13:47:07,092 [main] INFO  ha.SCMNodeInfo (SCMNodeInfo.java:getPort(197)) - ConfigKey ozone.scm.security.service.address is deprecated, For configuring different ports for each SCM use PortConfigKey ozone.scm.security.service.port appended with serviceId and nodeId
2024-04-16 13:47:07,092 [main] INFO  ha.SCMNodeInfo (SCMNodeInfo.java:getPort(197)) - ConfigKey ozone.scm.datanode.address is deprecated, For configuring different ports for each SCM use PortConfigKey ozone.scm.datanode.port appended with serviceId and nodeId
2024-04-16 13:47:07,092 [main] INFO  ha.SCMNodeInfo (SCMNodeInfo.java:getPort(197)) - ConfigKey ozone.scm.client.address is deprecated, For configuring different ports for each SCM use PortConfigKey ozone.scm.client.port appended with serviceId and nodeId
2024-04-16 13:47:07,092 [main] INFO  ha.SCMNodeInfo (SCMNodeInfo.java:getPort(197)) - ConfigKey ozone.scm.block.client.address is deprecated, For configuring different ports for each SCM use PortConfigKey ozone.scm.block.client.port appended with serviceId and nodeId
2024-04-16 13:47:07,093 [main] INFO  ha.SCMNodeInfo (SCMNodeInfo.java:getPort(197)) - ConfigKey ozone.scm.security.service.address is deprecated, For configuring different ports for each SCM use PortConfigKey ozone.scm.security.service.port appended with serviceId and nodeId
2024-04-16 13:47:07,093 [main] INFO  ha.SCMNodeInfo (SCMNodeInfo.java:getPort(197)) - ConfigKey ozone.scm.datanode.address is deprecated, For configuring different ports for each SCM use PortConfigKey ozone.scm.datanode.port appended with serviceId and nodeId
2024-04-16 13:47:07,093 [main] INFO  ha.SCMNodeInfo (SCMNodeInfo.java:getPort(197)) - ConfigKey ozone.scm.client.address is deprecated, For configuring different ports for each SCM use PortConfigKey ozone.scm.client.port appended with serviceId and nodeId
2024-04-16 13:47:07,093 [main] INFO  ha.SCMNodeInfo (SCMNodeInfo.java:getPort(197)) - ConfigKey ozone.scm.block.client.address is deprecated, For configuring different ports for each SCM use PortConfigKey ozone.scm.block.client.port appended with serviceId and nodeId
2024-04-16 13:47:07,093 [main] INFO  ha.SCMNodeInfo (SCMNodeInfo.java:getPort(197)) - ConfigKey ozone.scm.security.service.address is deprecated, For configuring different ports for each SCM use PortConfigKey ozone.scm.security.service.port appended with serviceId and nodeId
2024-04-16 13:47:07,094 [main] INFO  ha.SCMNodeInfo (SCMNodeInfo.java:getPort(197)) - ConfigKey ozone.scm.datanode.address is deprecated, For configuring different ports for each SCM use PortConfigKey ozone.scm.datanode.port appended with serviceId and nodeId
2024-04-16 13:47:07,117 [main] INFO  om.OzoneManager (OzoneManager.java:<init>(677)) - OM start with adminUsers: [runner, scm]
2024-04-16 13:47:07,131 [main] WARN  server.ServerUtils (ServerUtils.java:getDBPath(299)) - ozone.om.db.dirs is not configured. We recommend adding this setting. Falling back to ozone.metadata.dirs instead.
2024-04-16 13:47:07,153 [main] INFO  helpers.OmKeyInfo (OmKeyInfo.java:getCodec(71)) - OmKeyInfo.getCodec ignorePipeline = true
2024-04-16 13:47:07,377 [main] INFO  om.OzoneManager (OzoneManager.java:instantiateServices(811)) - S3 Multi-Tenancy is disabled
2024-04-16 13:47:07,386 [main] INFO  security.OzoneSecretStore (OzoneSecretStore.java:loadState(69)) - Loaded 0 tokens
2024-04-16 13:47:07,386 [main] INFO  security.OzoneDelegationTokenSecretManager (OzoneDelegationTokenSecretManager.java:loadTokenSecretState(514)) - Loading token state into token manager.
2024-04-16 13:47:07,407 [main] INFO  om.OmSnapshotManager (OmSnapshotManager.java:<init>(177)) - Ozone filesystem snapshot feature is enabled.
2024-04-16 13:47:07,413 [main] WARN  server.ServerUtils (ServerUtils.java:getDBPath(299)) - ozone.om.snapshot.diff.db.dir is not configured. We recommend adding this setting. Falling back to ozone.metadata.dirs instead.
2024-04-16 13:47:07,445 [main] INFO  utils.NativeLibraryLoader (NativeLibraryLoader.java:loadLibrary(111)) - Loading Library: ozone_rocksdb_tools
2024-04-16 13:47:07,447 [main] ERROR snapshot.SnapshotDiffManager (SnapshotDiffManager.java:initNativeLibraryForEfficientDiff(287)) - Native Library for raw sst file reading loading failed.
org.apache.hadoop.hdds.utils.NativeLibraryNotLoadedException: Unable to load library ozone_rocksdb_tools from both java.library.path & resource file libozone_rocksdb_tools.so from jar.
	at org.apache.hadoop.hdds.utils.db.managed.ManagedRawSSTFileReader.loadLibrary(ManagedRawSSTFileReader.java:40)
	at org.apache.hadoop.ozone.om.snapshot.SnapshotDiffManager.initNativeLibraryForEfficientDiff(SnapshotDiffManager.java:285)
	at org.apache.hadoop.ozone.om.snapshot.SnapshotDiffManager.<init>(SnapshotDiffManager.java:259)
	at org.apache.hadoop.ozone.om.OmSnapshotManager.<init>(OmSnapshotManager.java:279)
	at org.apache.hadoop.ozone.om.OzoneManager.instantiateServices(OzoneManager.java:863)
	at org.apache.hadoop.ozone.om.OzoneManager.<init>(OzoneManager.java:687)
	at org.apache.hadoop.ozone.om.OzoneManager.createOm(OzoneManager.java:774)
	at org.apache.hadoop.ozone.MiniOzoneClusterImpl$Builder.createOM(MiniOzoneClusterImpl.java:689)
	at org.apache.hadoop.ozone.MiniOzoneClusterImpl$Builder.createAndStartSingleOM(MiniOzoneClusterImpl.java:673)
	at org.apache.hadoop.ozone.MiniOzoneHAClusterImpl$Builder.createOMService(MiniOzoneHAClusterImpl.java:483)
	at org.apache.hadoop.ozone.MiniOzoneHAClusterImpl$Builder.build(MiniOzoneHAClusterImpl.java:425)
	at org.apache.hadoop.hdds.scm.TestSecretKeysApi.startCluster(TestSecretKeysApi.java:334)
	at org.apache.hadoop.hdds.scm.TestSecretKeysApi.testSecretKeyApiSuccess(TestSecretKeysApi.java:195)
	at sun.reflect.NativeMethodAccessorImpl.invoke0(Native Method)
	at sun.reflect.NativeMethodAccessorImpl.invoke(NativeMethodAccessorImpl.java:62)
	at sun.reflect.DelegatingMethodAccessorImpl.invoke(DelegatingMethodAccessorImpl.java:43)
	at java.lang.reflect.Method.invoke(Method.java:498)
	at org.junit.platform.commons.util.ReflectionUtils.invokeMethod(ReflectionUtils.java:728)
	at org.junit.jupiter.engine.execution.MethodInvocation.proceed(MethodInvocation.java:60)
	at org.junit.jupiter.engine.execution.InvocationInterceptorChain$ValidatingInvocation.proceed(InvocationInterceptorChain.java:131)
	at org.junit.jupiter.engine.extension.SameThreadTimeoutInvocation.proceed(SameThreadTimeoutInvocation.java:45)
	at org.junit.jupiter.engine.extension.TimeoutExtension.intercept(TimeoutExtension.java:156)
	at org.junit.jupiter.engine.extension.TimeoutExtension.interceptTestableMethod(TimeoutExtension.java:147)
	at org.junit.jupiter.engine.extension.TimeoutExtension.interceptTestMethod(TimeoutExtension.java:86)
	at org.junit.jupiter.engine.execution.InterceptingExecutableInvoker$ReflectiveInterceptorCall.lambda$ofVoidMethod$0(InterceptingExecutableInvoker.java:103)
	at org.junit.jupiter.engine.execution.InterceptingExecutableInvoker.lambda$invoke$0(InterceptingExecutableInvoker.java:93)
	at org.junit.jupiter.engine.execution.InvocationInterceptorChain$InterceptedInvocation.proceed(InvocationInterceptorChain.java:106)
	at org.junit.jupiter.engine.execution.InvocationInterceptorChain.proceed(InvocationInterceptorChain.java:64)
	at org.junit.jupiter.engine.execution.InvocationInterceptorChain.chainAndInvoke(InvocationInterceptorChain.java:45)
	at org.junit.jupiter.engine.execution.InvocationInterceptorChain.invoke(InvocationInterceptorChain.java:37)
	at org.junit.jupiter.engine.execution.InterceptingExecutableInvoker.invoke(InterceptingExecutableInvoker.java:92)
	at org.junit.jupiter.engine.execution.InterceptingExecutableInvoker.invoke(InterceptingExecutableInvoker.java:86)
	at org.junit.jupiter.engine.descriptor.TestMethodTestDescriptor.lambda$invokeTestMethod$7(TestMethodTestDescriptor.java:218)
	at org.junit.platform.engine.support.hierarchical.ThrowableCollector.execute(ThrowableCollector.java:73)
	at org.junit.jupiter.engine.descriptor.TestMethodTestDescriptor.invokeTestMethod(TestMethodTestDescriptor.java:214)
	at org.junit.jupiter.engine.descriptor.TestMethodTestDescriptor.execute(TestMethodTestDescriptor.java:139)
	at org.junit.jupiter.engine.descriptor.TestMethodTestDescriptor.execute(TestMethodTestDescriptor.java:69)
	at org.junit.platform.engine.support.hierarchical.NodeTestTask.lambda$executeRecursively$6(NodeTestTask.java:151)
	at org.junit.platform.engine.support.hierarchical.ThrowableCollector.execute(ThrowableCollector.java:73)
	at org.junit.platform.engine.support.hierarchical.NodeTestTask.lambda$executeRecursively$8(NodeTestTask.java:141)
	at org.junit.platform.engine.support.hierarchical.Node.around(Node.java:137)
	at org.junit.platform.engine.support.hierarchical.NodeTestTask.lambda$executeRecursively$9(NodeTestTask.java:139)
	at org.junit.platform.engine.support.hierarchical.ThrowableCollector.execute(ThrowableCollector.java:73)
	at org.junit.platform.engine.support.hierarchical.NodeTestTask.executeRecursively(NodeTestTask.java:138)
	at org.junit.platform.engine.support.hierarchical.NodeTestTask.execute(NodeTestTask.java:95)
	at java.util.ArrayList.forEach(ArrayList.java:1259)
	at org.junit.platform.engine.support.hierarchical.SameThreadHierarchicalTestExecutorService.invokeAll(SameThreadHierarchicalTestExecutorService.java:41)
	at org.junit.platform.engine.support.hierarchical.NodeTestTask.lambda$executeRecursively$6(NodeTestTask.java:155)
	at org.junit.platform.engine.support.hierarchical.ThrowableCollector.execute(ThrowableCollector.java:73)
	at org.junit.platform.engine.support.hierarchical.NodeTestTask.lambda$executeRecursively$8(NodeTestTask.java:141)
	at org.junit.platform.engine.support.hierarchical.Node.around(Node.java:137)
	at org.junit.platform.engine.support.hierarchical.NodeTestTask.lambda$executeRecursively$9(NodeTestTask.java:139)
	at org.junit.platform.engine.support.hierarchical.ThrowableCollector.execute(ThrowableCollector.java:73)
	at org.junit.platform.engine.support.hierarchical.NodeTestTask.executeRecursively(NodeTestTask.java:138)
	at org.junit.platform.engine.support.hierarchical.NodeTestTask.execute(NodeTestTask.java:95)
	at java.util.ArrayList.forEach(ArrayList.java:1259)
	at org.junit.platform.engine.support.hierarchical.SameThreadHierarchicalTestExecutorService.invokeAll(SameThreadHierarchicalTestExecutorService.java:41)
	at org.junit.platform.engine.support.hierarchical.NodeTestTask.lambda$executeRecursively$6(NodeTestTask.java:155)
	at org.junit.platform.engine.support.hierarchical.ThrowableCollector.execute(ThrowableCollector.java:73)
	at org.junit.platform.engine.support.hierarchical.NodeTestTask.lambda$executeRecursively$8(NodeTestTask.java:141)
	at org.junit.platform.engine.support.hierarchical.Node.around(Node.java:137)
	at org.junit.platform.engine.support.hierarchical.NodeTestTask.lambda$executeRecursively$9(NodeTestTask.java:139)
	at org.junit.platform.engine.support.hierarchical.ThrowableCollector.execute(ThrowableCollector.java:73)
	at org.junit.platform.engine.support.hierarchical.NodeTestTask.executeRecursively(NodeTestTask.java:138)
	at org.junit.platform.engine.support.hierarchical.NodeTestTask.execute(NodeTestTask.java:95)
	at org.junit.platform.engine.support.hierarchical.SameThreadHierarchicalTestExecutorService.submit(SameThreadHierarchicalTestExecutorService.java:35)
	at org.junit.platform.engine.support.hierarchical.HierarchicalTestExecutor.execute(HierarchicalTestExecutor.java:57)
	at org.junit.platform.engine.support.hierarchical.HierarchicalTestEngine.execute(HierarchicalTestEngine.java:54)
	at org.junit.platform.launcher.core.EngineExecutionOrchestrator.execute(EngineExecutionOrchestrator.java:198)
	at org.junit.platform.launcher.core.EngineExecutionOrchestrator.execute(EngineExecutionOrchestrator.java:169)
	at org.junit.platform.launcher.core.EngineExecutionOrchestrator.execute(EngineExecutionOrchestrator.java:93)
	at org.junit.platform.launcher.core.EngineExecutionOrchestrator.lambda$execute$0(EngineExecutionOrchestrator.java:58)
	at org.junit.platform.launcher.core.EngineExecutionOrchestrator.withInterceptedStreams(EngineExecutionOrchestrator.java:141)
	at org.junit.platform.launcher.core.EngineExecutionOrchestrator.execute(EngineExecutionOrchestrator.java:57)
	at org.junit.platform.launcher.core.DefaultLauncher.execute(DefaultLauncher.java:103)
	at org.junit.platform.launcher.core.DefaultLauncher.execute(DefaultLauncher.java:85)
	at org.junit.platform.launcher.core.DelegatingLauncher.execute(DelegatingLauncher.java:47)
	at org.junit.platform.launcher.core.SessionPerRequestLauncher.execute(SessionPerRequestLauncher.java:63)
	at org.apache.maven.surefire.junitplatform.JUnitPlatformProvider.invokeAllTests(JUnitPlatformProvider.java:154)
	at org.apache.maven.surefire.junitplatform.JUnitPlatformProvider.invoke(JUnitPlatformProvider.java:123)
	at org.apache.maven.surefire.booter.ForkedBooter.runSuitesInProcess(ForkedBooter.java:377)
	at org.apache.maven.surefire.booter.ForkedBooter.execute(ForkedBooter.java:138)
	at org.apache.maven.surefire.booter.ForkedBooter.run(ForkedBooter.java:465)
	at org.apache.maven.surefire.booter.ForkedBooter.main(ForkedBooter.java:451)
2024-04-16 13:47:07,501 [main] INFO  om.OzoneManager (OzoneManager.java:addS3GVolumeToDB(4463)) - Created Volume s3v With Owner scm required for S3Gateway operations.
2024-04-16 13:47:07,550 [main] WARN  server.ServerUtils (ServerUtils.java:getDefaultRatisDirectory(311)) - Storage directory for Ratis is not configured. It is a good idea to map this to an SSD disk. Falling back to ozone.metadata.dirs
2024-04-16 13:47:07,551 [main] WARN  utils.OzoneManagerRatisUtils (OzoneManagerRatisUtils.java:getOMRatisSnapshotDirectory(476)) - ozone.om.ratis.snapshot.dir is not configured. Falling back to ozone.metadata.dirs config
2024-04-16 13:47:07,554 [main] WARN  dropwizard3.Dm3MetricRegistriesImpl (Dm3MetricRegistriesImpl.java:addReporterRegistration(113)) - New reporters are added after registries were created. Some metrics will be missing from the reporter. Please add reporter before adding any new registry.
2024-04-16 13:47:07,555 [main] WARN  dropwizard3.Dm3MetricRegistriesImpl (Dm3MetricRegistriesImpl.java:addReporterRegistration(113)) - New reporters are added after registries were created. Some metrics will be missing from the reporter. Please add reporter before adding any new registry.
2024-04-16 13:47:07,555 [main] WARN  server.ServerUtils (ServerUtils.java:getDefaultRatisDirectory(311)) - Storage directory for Ratis is not configured. It is a good idea to map this to an SSD disk. Falling back to ozone.metadata.dirs
2024-04-16 13:47:07,557 [main] INFO  ratis.OzoneManagerRatisServer (OzoneManagerRatisServer.java:<init>(167)) - Instantiating OM Ratis server with groupID: omServiceIdDefault and peers: localhost:15039
2024-04-16 13:47:07,562 [main] INFO  ratis.OzoneManagerStateMachine (OzoneManagerStateMachine.java:loadSnapshotInfoFromDB(589)) - TransactionInfo not found in OM DB.
2024-04-16 13:47:07,600 [main] INFO  server.RaftServer (ConfUtils.java:logGet(46)) - raft.rpc.type = GRPC (default)
2024-04-16 13:47:07,600 [main] INFO  grpc.GrpcConfigKeys (ConfUtils.java:logFallback(53)) - raft.grpc.admin.host = null (fallback to raft.grpc.server.host)
2024-04-16 13:47:07,601 [main] INFO  grpc.GrpcConfigKeys (ConfUtils.java:logFallback(53)) - raft.grpc.admin.port = 15039 (fallback to raft.grpc.server.port)
2024-04-16 13:47:07,601 [main] INFO  grpc.GrpcConfigKeys (ConfUtils.java:logFallback(53)) - raft.grpc.client.host = null (fallback to raft.grpc.server.host)
2024-04-16 13:47:07,601 [main] INFO  grpc.GrpcConfigKeys (ConfUtils.java:logFallback(53)) - raft.grpc.client.port = 15039 (fallback to raft.grpc.server.port)
2024-04-16 13:47:07,601 [main] INFO  grpc.GrpcConfigKeys (ConfUtils.java:logGet(46)) - raft.grpc.server.host = null (default)
2024-04-16 13:47:07,601 [main] INFO  grpc.GrpcConfigKeys (ConfUtils.java:logGet(46)) - raft.grpc.server.port = 15039 (custom)
2024-04-16 13:47:07,602 [main] INFO  server.GrpcService (ConfUtils.java:logGet(46)) - raft.grpc.message.size.max = 4194304 (custom)
2024-04-16 13:47:07,602 [main] INFO  server.RaftServerConfigKeys (ConfUtils.java:logGet(46)) - raft.server.log.appender.buffer.byte-limit = 4194304 (custom)
2024-04-16 13:47:07,602 [main] INFO  server.GrpcService (ConfUtils.java:logGet(46)) - raft.grpc.flow.control.window = 1MB (=1048576) (default)
2024-04-16 13:47:07,602 [main] INFO  server.RaftServerConfigKeys (ConfUtils.java:logGet(46)) - raft.server.rpc.request.timeout = 3000ms (default)
2024-04-16 13:47:07,602 [main] INFO  grpc.GrpcConfigKeys (ConfUtils.java:logGet(46)) - raft.grpc.server.heartbeat.channel = true (default)
2024-04-16 13:47:07,603 [main] INFO  grpc.GrpcConfigKeys (ConfUtils.java:logGet(46)) - raft.grpc.server.async.request.thread.pool.cached = true (default)
2024-04-16 13:47:07,603 [main] INFO  grpc.GrpcConfigKeys (ConfUtils.java:logGet(46)) - raft.grpc.server.async.request.thread.pool.size = 32 (default)
2024-04-16 13:47:07,604 [main] INFO  impl.DataStreamServerImpl (ConfUtils.java:logGet(46)) - raft.datastream.type = DISABLED (default)
2024-04-16 13:47:07,604 [main] INFO  server.RaftServerConfigKeys (ConfUtils.java:logGet(46)) - raft.server.sleep.deviation.threshold = 300ms (default)
2024-04-16 13:47:07,605 [main] INFO  server.RaftServerConfigKeys (ConfUtils.java:logGet(46)) - raft.server.close.threshold = 60s (default)
2024-04-16 13:47:07,605 [main] INFO  server.RaftServerConfigKeys (ConfUtils.java:logGet(46)) - raft.server.leaderelection.leader.step-down.wait-time = 10s (default)
2024-04-16 13:47:07,605 [main] INFO  server.RaftServerConfigKeys (ConfUtils.java:logGet(46)) - raft.server.storage.dir = [/home/runner/work/ozone/ozone/hadoop-ozone/integration-test/target/test-dir/MiniOzoneClusterImpl-f0f26617-5c27-4371-b446-298ac6c8687b/ozone-meta/ratis] (custom)
2024-04-16 13:47:07,605 [main] INFO  server.RaftServerConfigKeys (ConfUtils.java:logGet(46)) - raft.server.threadpool.proxy.cached = true (default)
2024-04-16 13:47:07,605 [main] INFO  server.RaftServerConfigKeys (ConfUtils.java:logGet(46)) - raft.server.threadpool.proxy.size = 0 (default)
2024-04-16 13:47:07,623 [scmNode-1-SecretKeyManagerService] INFO  symmetric.SecretKeyManager (SecretKeyManager.java:checkAndRotate(125)) - SecretKey rotation is happening, new key generated SecretKey(id = ab1eaf46-2db9-4af3-a697-3205f7c66f16, creation at: 2024-04-16T13:47:07.623Z, expire at: 2024-04-16T13:47:10.623Z)
2024-04-16 13:47:07,627 [8dded7e3-77f4-42cf-91f8-4014f88a5819@group-298AC6C8687B-StateMachineUpdater] INFO  symmetric.SecretKeyStateImpl (SecretKeyStateImpl.java:updateKeysInternal(113)) - Updating keys with [SecretKey(id = d24d658c-3892-4bcd-9198-1d00c5c4e56c, creation at: 2024-04-16T13:47:06.615Z, expire at: 2024-04-16T13:47:09.615Z), SecretKey(id = 999d0564-4666-4184-92cb-e2e87c177889, creation at: 2024-04-16T13:47:05.615Z, expire at: 2024-04-16T13:47:08.615Z), SecretKey(id = ab1eaf46-2db9-4af3-a697-3205f7c66f16, creation at: 2024-04-16T13:47:07.623Z, expire at: 2024-04-16T13:47:10.623Z)]
2024-04-16 13:47:07,627 [8dded7e3-77f4-42cf-91f8-4014f88a5819@group-298AC6C8687B-StateMachineUpdater] INFO  symmetric.SecretKeyStateImpl (SecretKeyStateImpl.java:updateKeysInternal(128)) - Current key updated SecretKey(id = ab1eaf46-2db9-4af3-a697-3205f7c66f16, creation at: 2024-04-16T13:47:07.623Z, expire at: 2024-04-16T13:47:10.623Z)
2024-04-16 13:47:07,628 [8dded7e3-77f4-42cf-91f8-4014f88a5819@group-298AC6C8687B-StateMachineUpdater] INFO  symmetric.LocalSecretKeyStore (LocalSecretKeyStore.java:save(109)) - Saved [SecretKey(id = ab1eaf46-2db9-4af3-a697-3205f7c66f16, creation at: 2024-04-16T13:47:07.623Z, expire at: 2024-04-16T13:47:10.623Z), SecretKey(id = d24d658c-3892-4bcd-9198-1d00c5c4e56c, creation at: 2024-04-16T13:47:06.615Z, expire at: 2024-04-16T13:47:09.615Z), SecretKey(id = 999d0564-4666-4184-92cb-e2e87c177889, creation at: 2024-04-16T13:47:05.615Z, expire at: 2024-04-16T13:47:08.615Z)] to file /home/runner/work/ozone/ozone/hadoop-ozone/integration-test/target/test-dir/MiniOzoneClusterImpl-f0f26617-5c27-4371-b446-298ac6c8687b/scmNode-1/scm/keys/secret_keys.json
2024-04-16 13:47:07,628 [8dded7e3-77f4-42cf-91f8-4014f88a5819@group-298AC6C8687B-StateMachineUpdater] INFO  safemode.HealthyPipelineSafeModeRule (HealthyPipelineSafeModeRule.java:initializeRule(172)) - Refreshed total pipeline count is 0, healthy pipeline threshold count is 1
2024-04-16 13:47:07,630 [e74c9e3a-193e-4dbb-b5f5-b6805398d140@group-298AC6C8687B-StateMachineUpdater] INFO  symmetric.SecretKeyStateImpl (SecretKeyStateImpl.java:updateKeysInternal(113)) - Updating keys with [SecretKey(id = d24d658c-3892-4bcd-9198-1d00c5c4e56c, creation at: 2024-04-16T13:47:06.615Z, expire at: 2024-04-16T13:47:09.615Z), SecretKey(id = 999d0564-4666-4184-92cb-e2e87c177889, creation at: 2024-04-16T13:47:05.615Z, expire at: 2024-04-16T13:47:08.615Z), SecretKey(id = ab1eaf46-2db9-4af3-a697-3205f7c66f16, creation at: 2024-04-16T13:47:07.623Z, expire at: 2024-04-16T13:47:10.623Z)]
2024-04-16 13:47:07,631 [e74c9e3a-193e-4dbb-b5f5-b6805398d140@group-298AC6C8687B-StateMachineUpdater] INFO  symmetric.SecretKeyStateImpl (SecretKeyStateImpl.java:updateKeysInternal(128)) - Current key updated SecretKey(id = ab1eaf46-2db9-4af3-a697-3205f7c66f16, creation at: 2024-04-16T13:47:07.623Z, expire at: 2024-04-16T13:47:10.623Z)
2024-04-16 13:47:07,632 [e74c9e3a-193e-4dbb-b5f5-b6805398d140@group-298AC6C8687B-StateMachineUpdater] INFO  symmetric.LocalSecretKeyStore (LocalSecretKeyStore.java:save(109)) - Saved [SecretKey(id = ab1eaf46-2db9-4af3-a697-3205f7c66f16, creation at: 2024-04-16T13:47:07.623Z, expire at: 2024-04-16T13:47:10.623Z), SecretKey(id = d24d658c-3892-4bcd-9198-1d00c5c4e56c, creation at: 2024-04-16T13:47:06.615Z, expire at: 2024-04-16T13:47:09.615Z), SecretKey(id = 999d0564-4666-4184-92cb-e2e87c177889, creation at: 2024-04-16T13:47:05.615Z, expire at: 2024-04-16T13:47:08.615Z)] to file /home/runner/work/ozone/ozone/hadoop-ozone/integration-test/target/test-dir/MiniOzoneClusterImpl-f0f26617-5c27-4371-b446-298ac6c8687b/scmNode-2/scm/keys/secret_keys.json
2024-04-16 13:47:07,632 [e74c9e3a-193e-4dbb-b5f5-b6805398d140@group-298AC6C8687B-StateMachineUpdater] INFO  safemode.HealthyPipelineSafeModeRule (HealthyPipelineSafeModeRule.java:initializeRule(172)) - Refreshed total pipeline count is 0, healthy pipeline threshold count is 1
2024-04-16 13:47:07,633 [692eadad-ad12-4257-a6c9-255a711e16c4@group-298AC6C8687B-StateMachineUpdater] INFO  symmetric.SecretKeyStateImpl (SecretKeyStateImpl.java:updateKeysInternal(113)) - Updating keys with [SecretKey(id = d24d658c-3892-4bcd-9198-1d00c5c4e56c, creation at: 2024-04-16T13:47:06.615Z, expire at: 2024-04-16T13:47:09.615Z), SecretKey(id = 999d0564-4666-4184-92cb-e2e87c177889, creation at: 2024-04-16T13:47:05.615Z, expire at: 2024-04-16T13:47:08.615Z), SecretKey(id = ab1eaf46-2db9-4af3-a697-3205f7c66f16, creation at: 2024-04-16T13:47:07.623Z, expire at: 2024-04-16T13:47:10.623Z)]
2024-04-16 13:47:07,639 [692eadad-ad12-4257-a6c9-255a711e16c4@group-298AC6C8687B-StateMachineUpdater] INFO  symmetric.SecretKeyStateImpl (SecretKeyStateImpl.java:updateKeysInternal(128)) - Current key updated SecretKey(id = ab1eaf46-2db9-4af3-a697-3205f7c66f16, creation at: 2024-04-16T13:47:07.623Z, expire at: 2024-04-16T13:47:10.623Z)
2024-04-16 13:47:07,645 [main] INFO  server.RaftServer (RaftServerProxy.java:addNew(100)) - om1: addNew group-C5BA1605619E:[om1|localhost:15039] returns group-C5BA1605619E:java.util.concurrent.CompletableFuture@1421a9cc[Not completed]
2024-04-16 13:47:07,648 [om1-groupManagement] INFO  server.RaftServer$Division (RaftServerImpl.java:<init>(256)) - om1: new RaftServerImpl for group-C5BA1605619E:[om1|localhost:15039] with OzoneManagerStateMachine:uninitialized
2024-04-16 13:47:07,648 [692eadad-ad12-4257-a6c9-255a711e16c4@group-298AC6C8687B-StateMachineUpdater] INFO  symmetric.LocalSecretKeyStore (LocalSecretKeyStore.java:save(109)) - Saved [SecretKey(id = ab1eaf46-2db9-4af3-a697-3205f7c66f16, creation at: 2024-04-16T13:47:07.623Z, expire at: 2024-04-16T13:47:10.623Z), SecretKey(id = d24d658c-3892-4bcd-9198-1d00c5c4e56c, creation at: 2024-04-16T13:47:06.615Z, expire at: 2024-04-16T13:47:09.615Z), SecretKey(id = 999d0564-4666-4184-92cb-e2e87c177889, creation at: 2024-04-16T13:47:05.615Z, expire at: 2024-04-16T13:47:08.615Z)] to file /home/runner/work/ozone/ozone/hadoop-ozone/integration-test/target/test-dir/MiniOzoneClusterImpl-f0f26617-5c27-4371-b446-298ac6c8687b/scmNode-3/scm/keys/secret_keys.json
2024-04-16 13:47:07,649 [main] INFO  om.OzoneManager (OzoneManager.java:initializeRatisServer(2168)) - OzoneManager Ratis server initialized at port 15039
2024-04-16 13:47:07,649 [692eadad-ad12-4257-a6c9-255a711e16c4@group-298AC6C8687B-StateMachineUpdater] INFO  safemode.HealthyPipelineSafeModeRule (HealthyPipelineSafeModeRule.java:initializeRule(172)) - Refreshed total pipeline count is 0, healthy pipeline threshold count is 1
2024-04-16 13:47:07,651 [om1-groupManagement] INFO  server.RaftServerConfigKeys (ConfUtils.java:logGet(46)) - raft.server.rpc.timeout.min = 1s (custom)
2024-04-16 13:47:07,651 [om1-groupManagement] INFO  server.RaftServerConfigKeys (ConfUtils.java:logGet(46)) - raft.server.rpc.timeout.max = 1200ms (custom)
2024-04-16 13:47:07,651 [om1-groupManagement] INFO  server.RaftServerConfigKeys (ConfUtils.java:logGet(46)) - raft.server.rpc.sleep.time = 25ms (default)
2024-04-16 13:47:07,651 [om1-groupManagement] INFO  server.RaftServerConfigKeys (ConfUtils.java:logGet(46)) - raft.server.rpc.slowness.timeout = 2s (custom)
2024-04-16 13:47:07,652 [om1-groupManagement] INFO  server.RaftServerConfigKeys (ConfUtils.java:logGet(46)) - raft.server.leaderelection.leader.step-down.wait-time = 10s (default)
2024-04-16 13:47:07,652 [om1-groupManagement] INFO  server.RaftServerConfigKeys (ConfUtils.java:logGet(46)) - raft.server.leaderelection.member.majority-add = false (default)
2024-04-16 13:47:07,652 [om1-groupManagement] INFO  server.RaftServerConfigKeys (ConfUtils.java:logGet(46)) - raft.server.sleep.deviation.threshold = 300ms (default)
2024-04-16 13:47:07,652 [om1-groupManagement] INFO  server.RaftServer$Division (ServerState.java:<init>(113)) - om1@group-C5BA1605619E: ConfigurationManager, init=-1: peers:[om1|localhost:15039]|listeners:[], old=null, confs=<EMPTY_MAP>
2024-04-16 13:47:07,652 [om1-groupManagement] INFO  server.RaftServerConfigKeys (ConfUtils.java:logGet(46)) - raft.server.notification.no-leader.timeout = 2s (custom)
2024-04-16 13:47:07,652 [om1-groupManagement] INFO  server.RaftServerConfigKeys (ConfUtils.java:logGet(46)) - raft.server.read.timeout = 10s (default)
2024-04-16 13:47:07,653 [om1-groupManagement] INFO  server.RaftServerConfigKeys (ConfUtils.java:logGet(46)) - raft.server.retrycache.expirytime = 300s (custom)
2024-04-16 13:47:07,653 [om1-groupManagement] INFO  server.RaftServerConfigKeys (ConfUtils.java:logGet(46)) - raft.server.retrycache.statistics.expirytime = 100ms (default)
2024-04-16 13:47:07,653 [om1-groupManagement] INFO  server.RaftServerConfigKeys (ConfUtils.java:logGet(46)) - raft.server.read.option = DEFAULT (default)
2024-04-16 13:47:07,653 [om1-groupManagement] INFO  server.RaftServerConfigKeys (ConfUtils.java:logGet(46)) - raft.server.read.read-after-write-consistent.write-index-cache.expiry-time = 60s (default)
2024-04-16 13:47:07,654 [main] INFO  om.OzoneManager (OzoneManager.java:getRpcServer(1227)) - Creating RPC Server
2024-04-16 13:47:07,658 [om1-groupManagement] INFO  server.RaftServerConfigKeys (ConfUtils.java:logGet(46)) - raft.server.rpc.request.timeout = 3000ms (default)
2024-04-16 13:47:07,658 [om1-groupManagement] INFO  server.RaftServerConfigKeys (ConfUtils.java:logGet(46)) - raft.server.log.appender.install.snapshot.enabled = false (custom)
2024-04-16 13:47:07,658 [om1-groupManagement] INFO  server.RaftServerConfigKeys (ConfUtils.java:logGet(46)) - raft.server.threadpool.server.cached = true (default)
2024-04-16 13:47:07,658 [om1-groupManagement] INFO  server.RaftServerConfigKeys (ConfUtils.java:logGet(46)) - raft.server.threadpool.server.size = 0 (default)
2024-04-16 13:47:07,658 [om1-groupManagement] INFO  server.RaftServerConfigKeys (ConfUtils.java:logGet(46)) - raft.server.threadpool.client.cached = true (default)
2024-04-16 13:47:07,659 [om1-groupManagement] INFO  server.RaftServerConfigKeys (ConfUtils.java:logGet(46)) - raft.server.threadpool.client.size = 0 (default)
2024-04-16 13:47:08,566 [main] INFO  reflections.Reflections (Reflections.java:scan(219)) - Reflections took 877 ms to scan 20 urls, producing 58 keys and 6530 values
2024-04-16 13:47:08,715 [scmNode-1-SecretKeyManagerService] INFO  symmetric.SecretKeyManager (SecretKeyManager.java:checkAndRotate(125)) - SecretKey rotation is happening, new key generated SecretKey(id = fed14fde-48eb-4fff-9e24-80ce46d28ed6, creation at: 2024-04-16T13:47:08.715Z, expire at: 2024-04-16T13:47:11.715Z)
2024-04-16 13:47:08,720 [8dded7e3-77f4-42cf-91f8-4014f88a5819@group-298AC6C8687B-StateMachineUpdater] INFO  symmetric.SecretKeyStateImpl (SecretKeyStateImpl.java:updateKeysInternal(113)) - Updating keys with [SecretKey(id = ab1eaf46-2db9-4af3-a697-3205f7c66f16, creation at: 2024-04-16T13:47:07.623Z, expire at: 2024-04-16T13:47:10.623Z), SecretKey(id = d24d658c-3892-4bcd-9198-1d00c5c4e56c, creation at: 2024-04-16T13:47:06.615Z, expire at: 2024-04-16T13:47:09.615Z), SecretKey(id = fed14fde-48eb-4fff-9e24-80ce46d28ed6, creation at: 2024-04-16T13:47:08.715Z, expire at: 2024-04-16T13:47:11.715Z)]
2024-04-16 13:47:08,720 [8dded7e3-77f4-42cf-91f8-4014f88a5819@group-298AC6C8687B-StateMachineUpdater] INFO  symmetric.SecretKeyStateImpl (SecretKeyStateImpl.java:updateKeysInternal(128)) - Current key updated SecretKey(id = fed14fde-48eb-4fff-9e24-80ce46d28ed6, creation at: 2024-04-16T13:47:08.715Z, expire at: 2024-04-16T13:47:11.715Z)
2024-04-16 13:47:08,721 [8dded7e3-77f4-42cf-91f8-4014f88a5819@group-298AC6C8687B-StateMachineUpdater] INFO  symmetric.LocalSecretKeyStore (LocalSecretKeyStore.java:save(109)) - Saved [SecretKey(id = fed14fde-48eb-4fff-9e24-80ce46d28ed6, creation at: 2024-04-16T13:47:08.715Z, expire at: 2024-04-16T13:47:11.715Z), SecretKey(id = ab1eaf46-2db9-4af3-a697-3205f7c66f16, creation at: 2024-04-16T13:47:07.623Z, expire at: 2024-04-16T13:47:10.623Z), SecretKey(id = d24d658c-3892-4bcd-9198-1d00c5c4e56c, creation at: 2024-04-16T13:47:06.615Z, expire at: 2024-04-16T13:47:09.615Z)] to file /home/runner/work/ozone/ozone/hadoop-ozone/integration-test/target/test-dir/MiniOzoneClusterImpl-f0f26617-5c27-4371-b446-298ac6c8687b/scmNode-1/scm/keys/secret_keys.json
2024-04-16 13:47:08,721 [8dded7e3-77f4-42cf-91f8-4014f88a5819@group-298AC6C8687B-StateMachineUpdater] INFO  safemode.HealthyPipelineSafeModeRule (HealthyPipelineSafeModeRule.java:initializeRule(172)) - Refreshed total pipeline count is 0, healthy pipeline threshold count is 1
2024-04-16 13:47:08,724 [e74c9e3a-193e-4dbb-b5f5-b6805398d140@group-298AC6C8687B-StateMachineUpdater] INFO  symmetric.SecretKeyStateImpl (SecretKeyStateImpl.java:updateKeysInternal(113)) - Updating keys with [SecretKey(id = ab1eaf46-2db9-4af3-a697-3205f7c66f16, creation at: 2024-04-16T13:47:07.623Z, expire at: 2024-04-16T13:47:10.623Z), SecretKey(id = d24d658c-3892-4bcd-9198-1d00c5c4e56c, creation at: 2024-04-16T13:47:06.615Z, expire at: 2024-04-16T13:47:09.615Z), SecretKey(id = fed14fde-48eb-4fff-9e24-80ce46d28ed6, creation at: 2024-04-16T13:47:08.715Z, expire at: 2024-04-16T13:47:11.715Z)]
2024-04-16 13:47:08,724 [692eadad-ad12-4257-a6c9-255a711e16c4@group-298AC6C8687B-StateMachineUpdater] INFO  symmetric.SecretKeyStateImpl (SecretKeyStateImpl.java:updateKeysInternal(113)) - Updating keys with [SecretKey(id = ab1eaf46-2db9-4af3-a697-3205f7c66f16, creation at: 2024-04-16T13:47:07.623Z, expire at: 2024-04-16T13:47:10.623Z), SecretKey(id = d24d658c-3892-4bcd-9198-1d00c5c4e56c, creation at: 2024-04-16T13:47:06.615Z, expire at: 2024-04-16T13:47:09.615Z), SecretKey(id = fed14fde-48eb-4fff-9e24-80ce46d28ed6, creation at: 2024-04-16T13:47:08.715Z, expire at: 2024-04-16T13:47:11.715Z)]
2024-04-16 13:47:08,725 [692eadad-ad12-4257-a6c9-255a711e16c4@group-298AC6C8687B-StateMachineUpdater] INFO  symmetric.SecretKeyStateImpl (SecretKeyStateImpl.java:updateKeysInternal(128)) - Current key updated SecretKey(id = fed14fde-48eb-4fff-9e24-80ce46d28ed6, creation at: 2024-04-16T13:47:08.715Z, expire at: 2024-04-16T13:47:11.715Z)
2024-04-16 13:47:08,725 [692eadad-ad12-4257-a6c9-255a711e16c4@group-298AC6C8687B-StateMachineUpdater] INFO  symmetric.LocalSecretKeyStore (LocalSecretKeyStore.java:save(109)) - Saved [SecretKey(id = fed14fde-48eb-4fff-9e24-80ce46d28ed6, creation at: 2024-04-16T13:47:08.715Z, expire at: 2024-04-16T13:47:11.715Z), SecretKey(id = ab1eaf46-2db9-4af3-a697-3205f7c66f16, creation at: 2024-04-16T13:47:07.623Z, expire at: 2024-04-16T13:47:10.623Z), SecretKey(id = d24d658c-3892-4bcd-9198-1d00c5c4e56c, creation at: 2024-04-16T13:47:06.615Z, expire at: 2024-04-16T13:47:09.615Z)] to file /home/runner/work/ozone/ozone/hadoop-ozone/integration-test/target/test-dir/MiniOzoneClusterImpl-f0f26617-5c27-4371-b446-298ac6c8687b/scmNode-3/scm/keys/secret_keys.json
2024-04-16 13:47:08,725 [692eadad-ad12-4257-a6c9-255a711e16c4@group-298AC6C8687B-StateMachineUpdater] INFO  safemode.HealthyPipelineSafeModeRule (HealthyPipelineSafeModeRule.java:initializeRule(172)) - Refreshed total pipeline count is 0, healthy pipeline threshold count is 1
2024-04-16 13:47:08,724 [e74c9e3a-193e-4dbb-b5f5-b6805398d140@group-298AC6C8687B-StateMachineUpdater] INFO  symmetric.SecretKeyStateImpl (SecretKeyStateImpl.java:updateKeysInternal(128)) - Current key updated SecretKey(id = fed14fde-48eb-4fff-9e24-80ce46d28ed6, creation at: 2024-04-16T13:47:08.715Z, expire at: 2024-04-16T13:47:11.715Z)
2024-04-16 13:47:08,726 [e74c9e3a-193e-4dbb-b5f5-b6805398d140@group-298AC6C8687B-StateMachineUpdater] INFO  symmetric.LocalSecretKeyStore (LocalSecretKeyStore.java:save(109)) - Saved [SecretKey(id = fed14fde-48eb-4fff-9e24-80ce46d28ed6, creation at: 2024-04-16T13:47:08.715Z, expire at: 2024-04-16T13:47:11.715Z), SecretKey(id = ab1eaf46-2db9-4af3-a697-3205f7c66f16, creation at: 2024-04-16T13:47:07.623Z, expire at: 2024-04-16T13:47:10.623Z), SecretKey(id = d24d658c-3892-4bcd-9198-1d00c5c4e56c, creation at: 2024-04-16T13:47:06.615Z, expire at: 2024-04-16T13:47:09.615Z)] to file /home/runner/work/ozone/ozone/hadoop-ozone/integration-test/target/test-dir/MiniOzoneClusterImpl-f0f26617-5c27-4371-b446-298ac6c8687b/scmNode-2/scm/keys/secret_keys.json
2024-04-16 13:47:08,726 [e74c9e3a-193e-4dbb-b5f5-b6805398d140@group-298AC6C8687B-StateMachineUpdater] INFO  safemode.HealthyPipelineSafeModeRule (HealthyPipelineSafeModeRule.java:initializeRule(172)) - Refreshed total pipeline count is 0, healthy pipeline threshold count is 1
2024-04-16 13:47:08,743 [main] INFO  ipc.CallQueueManager (CallQueueManager.java:<init>(90)) - Using callQueue: class java.util.concurrent.LinkedBlockingQueue, queueCapacity: 2000, scheduler: class org.apache.hadoop.ipc.DefaultRpcScheduler, ipcBackoff: false.
2024-04-16 13:47:08,744 [main] INFO  ipc.Server (Server.java:<init>(1287)) - Listener at 127.0.0.1:15036
2024-04-16 13:47:08,744 [Socket Reader #1 for port 15036] INFO  ipc.Server (Server.java:run(1323)) - Starting Socket Reader #1 for port 15036
2024-04-16 13:47:08,770 [main] INFO  impl.MetricsSystemImpl (MetricsSystemImpl.java:init(158)) - OzoneManager metrics system started (again)
2024-04-16 13:47:08,781 [main] INFO  om.OzoneManager (OzoneManager.java:start(1649)) - OzoneManager RPC server is listening at localhost/127.0.0.1:15036
2024-04-16 13:47:08,782 [main] INFO  ratis.OzoneManagerRatisServer (OzoneManagerRatisServer.java:start(588)) - Starting OzoneManagerRatisServer om1 at port 15039
2024-04-16 13:47:08,782 [om1-impl-thread1] INFO  server.RaftServerConfigKeys (ConfUtils.java:logGet(46)) - raft.server.storage.free-space.min = 0MB (=0) (default)
2024-04-16 13:47:08,783 [om1-impl-thread1] INFO  server.RaftServerConfigKeys (ConfUtils.java:logGet(46)) - raft.server.log.corruption.policy = EXCEPTION (default)
2024-04-16 13:47:08,783 [om1-impl-thread1] INFO  server.RaftServerConfigKeys (ConfUtils.java:logGet(46)) - raft.server.storage.dir = [/home/runner/work/ozone/ozone/hadoop-ozone/integration-test/target/test-dir/MiniOzoneClusterImpl-f0f26617-5c27-4371-b446-298ac6c8687b/ozone-meta/ratis] (custom)
2024-04-16 13:47:08,783 [om1-impl-thread1] INFO  storage.RaftStorageDirectory (RaftStorageDirectoryImpl.java:analyzeStorage(138)) - The storage directory /home/runner/work/ozone/ozone/hadoop-ozone/integration-test/target/test-dir/MiniOzoneClusterImpl-f0f26617-5c27-4371-b446-298ac6c8687b/ozone-meta/ratis/bf265839-605b-3f16-9796-c5ba1605619e does not exist. Creating ...
2024-04-16 13:47:08,784 [om1-impl-thread1] INFO  storage.RaftStorageDirectory (RaftStorageDirectoryImpl.java:tryLock(228)) - Lock on /home/runner/work/ozone/ozone/hadoop-ozone/integration-test/target/test-dir/MiniOzoneClusterImpl-f0f26617-5c27-4371-b446-298ac6c8687b/ozone-meta/ratis/bf265839-605b-3f16-9796-c5ba1605619e/in_use.lock acquired by nodename 102701@fv-az1428-817
2024-04-16 13:47:08,785 [om1-impl-thread1] INFO  storage.RaftStorage (RaftStorageImpl.java:format(99)) - Storage directory /home/runner/work/ozone/ozone/hadoop-ozone/integration-test/target/test-dir/MiniOzoneClusterImpl-f0f26617-5c27-4371-b446-298ac6c8687b/ozone-meta/ratis/bf265839-605b-3f16-9796-c5ba1605619e has been successfully formatted.
2024-04-16 13:47:08,785 [om1-impl-thread1] WARN  util.FileUtils (LogUtils.java:supplyAndLog(63)) - Failed to Files.newInputStream /home/runner/work/ozone/ozone/hadoop-ozone/integration-test/target/test-dir/MiniOzoneClusterImpl-f0f26617-5c27-4371-b446-298ac6c8687b/ozone-meta/ratis/bf265839-605b-3f16-9796-c5ba1605619e/current/raft-meta.conf with options []: java.nio.file.NoSuchFileException: /home/runner/work/ozone/ozone/hadoop-ozone/integration-test/target/test-dir/MiniOzoneClusterImpl-f0f26617-5c27-4371-b446-298ac6c8687b/ozone-meta/ratis/bf265839-605b-3f16-9796-c5ba1605619e/current/raft-meta.conf
2024-04-16 13:47:08,786 [om1-impl-thread1] INFO  server.RaftServerConfigKeys (ConfUtils.java:logGet(46)) - raft.server.log.use.memory = false (default)
2024-04-16 13:47:08,786 [om1-impl-thread1] INFO  server.RaftServerConfigKeys (ConfUtils.java:logGet(46)) - raft.server.log.purge.gap = 1000000 (custom)
2024-04-16 13:47:08,786 [om1-impl-thread1] INFO  server.RaftServerConfigKeys (ConfUtils.java:logGet(46)) - raft.server.log.appender.buffer.byte-limit = 4194304 (custom)
2024-04-16 13:47:08,786 [om1-impl-thread1] INFO  server.RaftServerConfigKeys (ConfUtils.java:logGet(46)) - raft.server.log.statemachine.data.read.timeout = 1000ms (default)
2024-04-16 13:47:08,786 [om1-impl-thread1] INFO  server.RaftServerConfigKeys (ConfUtils.java:logGet(46)) - raft.server.log.purge.preservation.log.num = 0 (default)
2024-04-16 13:47:08,788 [om1-impl-thread1] INFO  server.RaftServerConfigKeys (ConfUtils.java:logGet(46)) - raft.server.log.segment.size.max = 4194304 (custom)
2024-04-16 13:47:08,788 [om1-impl-thread1] INFO  server.RaftServerConfigKeys (ConfUtils.java:logGet(46)) - raft.server.log.segment.cache.num.max = 2 (custom)
2024-04-16 13:47:08,788 [om1-impl-thread1] INFO  server.RaftServerConfigKeys (ConfUtils.java:logGet(46)) - raft.server.log.segment.cache.size.max = 200MB (=209715200) (default)
2024-04-16 13:47:08,788 [om1-impl-thread1] INFO  server.RaftServerConfigKeys (ConfUtils.java:logGet(46)) - raft.server.log.appender.buffer.byte-limit = 4194304 (custom)
2024-04-16 13:47:08,789 [om1-impl-thread1] INFO  util.AwaitToRun (AwaitToRun.java:start(81)) - Thread[om1@group-C5BA1605619E-cacheEviction-AwaitToRun,5,main] started
2024-04-16 13:47:08,789 [om1-impl-thread1] INFO  segmented.SegmentedRaftLogWorker (SegmentedRaftLogWorker.java:<init>(182)) - new om1@group-C5BA1605619E-SegmentedRaftLogWorker for RaftStorageImpl:Storage Directory /home/runner/work/ozone/ozone/hadoop-ozone/integration-test/target/test-dir/MiniOzoneClusterImpl-f0f26617-5c27-4371-b446-298ac6c8687b/ozone-meta/ratis/bf265839-605b-3f16-9796-c5ba1605619e
2024-04-16 13:47:08,789 [om1-impl-thread1] INFO  server.RaftServerConfigKeys (ConfUtils.java:logGet(46)) - raft.server.log.queue.byte-limit = 64MB (=67108864) (default)
2024-04-16 13:47:08,789 [om1-impl-thread1] INFO  server.RaftServerConfigKeys (ConfUtils.java:logGet(46)) - raft.server.log.queue.element-limit = 4096 (default)
2024-04-16 13:47:08,789 [om1-impl-thread1] INFO  server.RaftServerConfigKeys (ConfUtils.java:logGet(46)) - raft.server.log.segment.size.max = 4194304 (custom)
2024-04-16 13:47:08,789 [om1-impl-thread1] INFO  server.RaftServerConfigKeys (ConfUtils.java:logGet(46)) - raft.server.log.preallocated.size = 4194304 (custom)
2024-04-16 13:47:08,789 [om1-impl-thread1] INFO  server.RaftServerConfigKeys (ConfUtils.java:logGet(46)) - raft.server.log.force.sync.num = 128 (default)
2024-04-16 13:47:08,789 [om1-impl-thread1] INFO  server.RaftServerConfigKeys (ConfUtils.java:logGet(46)) - raft.server.log.statemachine.data.sync = true (default)
2024-04-16 13:47:08,789 [om1-impl-thread1] INFO  server.RaftServerConfigKeys (ConfUtils.java:logGet(46)) - raft.server.log.statemachine.data.sync.timeout = 10s (default)
2024-04-16 13:47:08,789 [om1-impl-thread1] INFO  server.RaftServerConfigKeys (ConfUtils.java:logGet(46)) - raft.server.log.statemachine.data.sync.timeout.retry = -1 (default)
2024-04-16 13:47:08,790 [om1-impl-thread1] INFO  server.RaftServerConfigKeys (ConfUtils.java:logGet(46)) - raft.server.log.write.buffer.size = 4194312 (custom)
2024-04-16 13:47:08,791 [om1-impl-thread1] INFO  server.RaftServerConfigKeys (ConfUtils.java:logGet(46)) - raft.server.log.appender.buffer.byte-limit = 4194304 (custom)
2024-04-16 13:47:08,791 [om1-impl-thread1] INFO  server.RaftServerConfigKeys (ConfUtils.java:logGet(46)) - raft.server.log.unsafe-flush.enabled = false (default)
2024-04-16 13:47:08,791 [om1-impl-thread1] INFO  server.RaftServerConfigKeys (ConfUtils.java:logGet(46)) - raft.server.log.async-flush.enabled = false (default)
2024-04-16 13:47:08,791 [om1-impl-thread1] INFO  server.RaftServerConfigKeys (ConfUtils.java:logGet(46)) - raft.server.log.statemachine.data.caching.enabled = false (default)
2024-04-16 13:47:08,791 [om1-impl-thread1] INFO  segmented.SegmentedRaftLogWorker (SegmentedRaftLogWorker.java:lambda$new$0(134)) - om1@group-C5BA1605619E-SegmentedRaftLogWorker: flushIndex: setUnconditionally 0 -> -1
2024-04-16 13:47:08,791 [om1-impl-thread1] INFO  segmented.SegmentedRaftLogWorker (SegmentedRaftLogWorker.java:lambda$new$0(134)) - om1@group-C5BA1605619E-SegmentedRaftLogWorker: safeCacheEvictIndex: setUnconditionally 0 -> -1
2024-04-16 13:47:08,791 [om1-impl-thread1] INFO  server.RaftServer$Division (RaftServerImpl.java:start(396)) - om1@group-C5BA1605619E: start as a follower, conf=-1: peers:[om1|localhost:15039]|listeners:[], old=null
2024-04-16 13:47:08,791 [om1-impl-thread1] INFO  server.RaftServer$Division (RaftServerImpl.java:setRole(383)) - om1@group-C5BA1605619E: changes role from      null to FOLLOWER at term 0 for startAsFollower
2024-04-16 13:47:08,793 [om1-impl-thread1] INFO  impl.RoleInfo (RoleInfo.java:updateAndGet(139)) - om1: start om1@group-C5BA1605619E-FollowerState
2024-04-16 13:47:08,793 [om1-impl-thread1] INFO  util.JmxRegister (JmxRegister.java:tryRegister(44)) - Successfully registered JMX Bean with object name Ratis:service=RaftServer,group=group-C5BA1605619E,id=om1
2024-04-16 13:47:08,793 [om1-impl-thread1] INFO  server.RaftServerConfigKeys (ConfUtils.java:logGet(46)) - raft.server.snapshot.trigger-when-stop.enabled = true (default)
2024-04-16 13:47:08,793 [om1-impl-thread1] INFO  server.RaftServerConfigKeys (ConfUtils.java:logGet(46)) - raft.server.snapshot.auto.trigger.enabled = true (custom)
2024-04-16 13:47:08,794 [om1-impl-thread1] INFO  server.RaftServerConfigKeys (ConfUtils.java:logGet(46)) - raft.server.snapshot.auto.trigger.threshold = 400000 (default)
2024-04-16 13:47:08,794 [om1-impl-thread1] INFO  server.RaftServerConfigKeys (ConfUtils.java:logGet(46)) - raft.server.snapshot.retention.file.num = -1 (default)
2024-04-16 13:47:08,794 [om1-impl-thread1] INFO  server.RaftServerConfigKeys (ConfUtils.java:logGet(46)) - raft.server.log.purge.upto.snapshot.index = true (custom)
2024-04-16 13:47:08,795 [main] INFO  server.RaftServer (RaftServerProxy.java:startImpl(406)) - om1: start RPC server
2024-04-16 13:47:08,800 [om1@group-C5BA1605619E-FollowerState] INFO  server.RaftServerConfigKeys (ConfUtils.java:logFallback(53)) - raft.server.rpc.first-election.timeout.min = 1s (fallback to raft.server.rpc.timeout.min)
2024-04-16 13:47:08,800 [main] INFO  server.GrpcService (GrpcService.java:startImpl(302)) - om1: GrpcService started, listening on 15039
2024-04-16 13:47:08,801 [om1@group-C5BA1605619E-FollowerState] INFO  server.RaftServerConfigKeys (ConfUtils.java:logFallback(53)) - raft.server.rpc.first-election.timeout.max = 1200ms (fallback to raft.server.rpc.timeout.max)
2024-04-16 13:47:08,801 [JvmPauseMonitor4] INFO  util.JvmPauseMonitor (JvmPauseMonitor.java:run(146)) - JvmPauseMonitor-om1: Started
2024-04-16 13:47:08,802 [main] INFO  om.OzoneManager (OzoneManager.java:startSecretManager(1112)) - Starting secret key client.
2024-04-16 13:47:08,828 [pool-1-thread-1] INFO  request.TgsRequest (TgsRequest.java:issueTicket(115)) - TGS_REQ ISSUE: authtime 1713275228827,scm/fv-az1428-817.utppd1leec2uvmgjoennxb5ynh.ex.internal.cloudapp.net for scm/fv-az1428-817.utppd1leec2uvmgjoennxb5ynh.ex.internal.cloudapp.net@EXAMPLE.COM
2024-04-16 13:47:08,841 [Socket Reader #1 for port 15002] INFO  ipc.Server (Server.java:saslProcess(2139)) - Auth successful for scm/fv-az1428-817.utppd1leec2uvmgjoennxb5ynh.ex.internal.cloudapp.net@EXAMPLE.COM (auth:KERBEROS) from fv-az1428-817.utppd1leec2uvmgjoennxb5ynh.ex.internal.cloudapp.net:38209 / 10.1.0.24:38209
2024-04-16 13:47:08,846 [Socket Reader #1 for port 15002] INFO  authorize.ServiceAuthorizationManager (ServiceAuthorizationManager.java:authorize(137)) - Authorization successful for scm/fv-az1428-817.utppd1leec2uvmgjoennxb5ynh.ex.internal.cloudapp.net@EXAMPLE.COM (auth:KERBEROS) for protocol=interface org.apache.hadoop.hdds.protocol.SecretKeyProtocolOm
2024-04-16 13:47:08,865 [main] INFO  symmetric.DefaultSecretKeySignerClient (DefaultSecretKeySignerClient.java:start(84)) - Initial secret key fetched from SCM: SecretKey(id = fed14fde-48eb-4fff-9e24-80ce46d28ed6, creation at: 2024-04-16T13:47:08.715Z, expire at: 2024-04-16T13:47:11.715Z).
2024-04-16 13:47:08,866 [main] INFO  symmetric.DefaultSecretKeySignerClient (DefaultSecretKeySignerClient.java:scheduleSecretKeyPoller(150)) - Scheduling SecretKeyPoller with initial delay of PT0.849S and interval of PT0.1S
2024-04-16 13:47:08,867 [main] INFO  om.OzoneManager (OzoneManager.java:startSecretManager(1123)) - Starting OM delegation token secret manager
2024-04-16 13:47:08,867 [main] INFO  security.OzoneDelegationTokenSecretManager (OzoneSecretManager.java:updateCurrentKey(175)) - Updating current master key for generating tokens. Cert id 5
2024-04-16 13:47:08,869 [om1-ExpiredTokenRemover] INFO  security.OzoneDelegationTokenSecretManager (OzoneDelegationTokenSecretManager.java:run(621)) - Starting expired delegation token remover thread, tokenRemoverScanInterval=60 min(s)
2024-04-16 13:47:08,871 [main] INFO  om.OzoneManager (OzoneManager.java:start(1665)) - Version File has different layout version (6) than OM DB (null). That is expected if this OM has never been finalized to a newer layout version.
2024-04-16 13:47:08,881 [Socket Reader #1 for port 15007] INFO  ipc.Server (Server.java:saslProcess(2139)) - Auth successful for scm/fv-az1428-817.utppd1leec2uvmgjoennxb5ynh.ex.internal.cloudapp.net@EXAMPLE.COM (auth:KERBEROS) from fv-az1428-817.utppd1leec2uvmgjoennxb5ynh.ex.internal.cloudapp.net:41787 / 10.1.0.24:41787
2024-04-16 13:47:08,892 [Socket Reader #1 for port 15007] INFO  authorize.ServiceAuthorizationManager (ServiceAuthorizationManager.java:authorize(137)) - Authorization successful for scm/fv-az1428-817.utppd1leec2uvmgjoennxb5ynh.ex.internal.cloudapp.net@EXAMPLE.COM (auth:KERBEROS) for protocol=interface org.apache.hadoop.hdds.scm.protocol.ScmBlockLocationProtocol
2024-04-16 13:47:08,906 [main] INFO  client.ScmTopologyClient (ScmTopologyClient.java:start(72)) - Initial network topology fetched from SCM: /.
2024-04-16 13:47:08,906 [main] INFO  net.NodeSchemaLoader (NodeSchemaLoader.java:loadSchemaFromFile(129)) - Loading schema from [file:/home/runner/work/ozone/ozone/hadoop-hdds/common/target/classes/network-topology-default.xml]
2024-04-16 13:47:08,907 [main] INFO  net.NodeSchemaLoader (NodeSchemaLoader.java:loadSchema(176)) - Loading network topology layer schema file
2024-04-16 13:47:08,923 [main] INFO  http.BaseHttpServer (BaseHttpServer.java:newHttpServer2BuilderForOzone(223)) - Starting Web-server for ozoneManager at: http://0.0.0.0:15037
2024-04-16 13:47:08,923 [main] INFO  http.BaseHttpServer (BaseHttpServer.java:<init>(110)) - Hadoop Security Enabled: true Ozone Security Enabled: true Ozone HTTP Security Enabled: false 
2024-04-16 13:47:08,925 [main] WARN  server.AuthenticationFilter (AuthenticationFilter.java:constructSecretProvider(240)) - Unable to initialize FileSignerSecretProvider, falling back to use random secrets. Reason: Could not read signature secret file: /home/runner/hadoop-http-auth-signature-secret
2024-04-16 13:47:08,925 [main] INFO  http.HttpRequestLog (HttpRequestLog.java:getRequestLog(86)) - Http request log for http.requests.ozoneManager is not defined
2024-04-16 13:47:08,927 [main] INFO  http.HttpServer2 (HttpServer2.java:addGlobalFilter(1036)) - Added global filter 'safety' (class=org.apache.hadoop.hdds.server.http.HttpServer2$QuotingInputFilter)
2024-04-16 13:47:08,928 [main] INFO  http.HttpServer2 (HttpServer2.java:addFilter(1012)) - Added filter static_user_filter (class=org.apache.hadoop.http.lib.StaticUserWebFilter$StaticUserFilter) to context ozoneManager
2024-04-16 13:47:08,928 [main] INFO  http.HttpServer2 (HttpServer2.java:addFilter(1020)) - Added filter static_user_filter (class=org.apache.hadoop.http.lib.StaticUserWebFilter$StaticUserFilter) to context logs
2024-04-16 13:47:08,928 [main] INFO  http.HttpServer2 (HttpServer2.java:addFilter(1020)) - Added filter static_user_filter (class=org.apache.hadoop.http.lib.StaticUserWebFilter$StaticUserFilter) to context static
2024-04-16 13:47:08,929 [main] INFO  http.BaseHttpServer (BaseHttpServer.java:<init>(189)) - HTTP server of ozoneManager uses base directory /home/runner/work/ozone/ozone/hadoop-ozone/integration-test/target/test-dir/MiniOzoneClusterImpl-f0f26617-5c27-4371-b446-298ac6c8687b/ozone-meta/webserver
2024-04-16 13:47:08,932 [main] INFO  http.HttpServer2 (HttpServer2.java:bindListener(1236)) - Jetty bound to port 15037
2024-04-16 13:47:08,932 [main] INFO  server.Server (Server.java:doStart(375)) - jetty-9.4.53.v20231009; built: 2023-10-09T12:29:09.265Z; git: 27bde00a0b95a1d5bbee0eae7984f891d2d0f8c9; jvm 1.8.0_402-b06
2024-04-16 13:47:08,937 [main] INFO  server.session (DefaultSessionIdManager.java:doStart(334)) - DefaultSessionIdManager workerName=node0
2024-04-16 13:47:08,937 [main] INFO  server.session (DefaultSessionIdManager.java:doStart(339)) - No SessionScavenger set, using defaults
2024-04-16 13:47:08,937 [main] INFO  server.session (HouseKeeper.java:startScavenging(132)) - node0 Scavenging every 600000ms
2024-04-16 13:47:08,938 [main] INFO  handler.ContextHandler (ContextHandler.java:doStart(921)) - Started o.e.j.s.ServletContextHandler@223d3190{logs,/logs,file:///home/runner/work/ozone/ozone/hadoop-ozone/integration-test/target/log,AVAILABLE}
2024-04-16 13:47:08,938 [main] INFO  handler.ContextHandler (ContextHandler.java:doStart(921)) - Started o.e.j.s.ServletContextHandler@5c1a0714{static,/static,file:///home/runner/work/ozone/ozone/hadoop-ozone/integration-test/target/test-classes/webapps/static,AVAILABLE}
2024-04-16 13:47:08,943 [main] INFO  handler.ContextHandler (ContextHandler.java:doStart(921)) - Started o.e.j.w.WebAppContext@6eae675d{ozoneManager,/,file:///home/runner/work/ozone/ozone/hadoop-ozone/integration-test/target/test-classes/webapps/ozoneManager/,AVAILABLE}{file:/home/runner/work/ozone/ozone/hadoop-ozone/integration-test/target/test-classes/webapps/ozoneManager}
2024-04-16 13:47:08,945 [main] INFO  server.AbstractConnector (AbstractConnector.java:doStart(333)) - Started ServerConnector@5b36d706{HTTP/1.1, (http/1.1)}{0.0.0.0:15037}
2024-04-16 13:47:08,946 [main] INFO  server.Server (Server.java:doStart(415)) - Started @25275ms
2024-04-16 13:47:08,946 [main] WARN  impl.MetricsSystemImpl (MetricsSystemImpl.java:register(279)) - Sink prometheus already exists!
2024-04-16 13:47:08,946 [main] INFO  http.BaseHttpServer (BaseHttpServer.java:updateConnectorAddress(354)) - HTTP server of ozoneManager listening at http://0.0.0.0:15037
2024-04-16 13:47:08,947 [IPC Server Responder] INFO  ipc.Server (Server.java:run(1562)) - IPC Server Responder: starting
2024-04-16 13:47:08,947 [IPC Server listener on 15036] INFO  ipc.Server (Server.java:run(1402)) - IPC Server listener on 15036: starting
2024-04-16 13:47:08,953 [main] INFO  om.OzoneManager (OzoneManager.java:startTrashEmptier(2121)) - Trash Interval set to 0. Files deleted won't move to trash
2024-04-16 13:47:09,083 [main] WARN  dropwizard3.Dm3MetricRegistriesImpl (Dm3MetricRegistriesImpl.java:addReporterRegistration(113)) - New reporters are added after registries were created. Some metrics will be missing from the reporter. Please add reporter before adding any new registry.
2024-04-16 13:47:09,083 [main] WARN  dropwizard3.Dm3MetricRegistriesImpl (Dm3MetricRegistriesImpl.java:addReporterRegistration(113)) - New reporters are added after registries were created. Some metrics will be missing from the reporter. Please add reporter before adding any new registry.
2024-04-16 13:47:09,083 [main] INFO  impl.MetricsSystemImpl (MetricsSystemImpl.java:init(158)) - HddsDatanode metrics system started (again)
2024-04-16 13:47:09,100 [main] INFO  ozone.HddsDatanodeService (HddsDatanodeService.java:start(240)) - HddsDatanodeService host:fv-az1428-817.utppd1leec2uvmgjoennxb5ynh.ex.internal.cloudapp.net ip:10.1.0.24
2024-04-16 13:47:09,100 [main] INFO  ozone.HddsDatanodeService (HddsDatanodeService.java:start(248)) - Ozone security is enabled. Attempting login for Hdds Datanode user. Principal: scm/fv-az1428-817.utppd1leec2uvmgjoennxb5ynh.ex.internal.cloudapp.net@EXAMPLE.COM,keytab: /tmp/junit7181330858034172137/scm.keytab
2024-04-16 13:47:09,102 [pool-1-thread-1] INFO  request.KdcRequest (KdcRequest.java:preauth(651)) - The preauth data is empty.
2024-04-16 13:47:09,102 [pool-1-thread-1] INFO  server.KdcHandler (KdcHandler.java:handleRecoverableException(177)) - KRB error occurred while processing request:Additional pre-authentication required
2024-04-16 13:47:09,106 [pool-1-thread-1] INFO  request.AsRequest (AsRequest.java:issueTicket(112)) - AS_REQ ISSUE: authtime 1713275229105,scm/fv-az1428-817.utppd1leec2uvmgjoennxb5ynh.ex.internal.cloudapp.net@EXAMPLE.COM for krbtgt/EXAMPLE.COM@EXAMPLE.COM
2024-04-16 13:47:09,111 [main] INFO  security.UserGroupInformation (UserGroupInformation.java:loginUserFromKeytab(1132)) - Login successful for user scm/fv-az1428-817.utppd1leec2uvmgjoennxb5ynh.ex.internal.cloudapp.net@EXAMPLE.COM using keytab file scm.keytab. Keytab auto renewal enabled : false
2024-04-16 13:47:09,112 [main] INFO  ozone.HddsDatanodeService (HddsDatanodeService.java:start(266)) - Hdds Datanode login successful.
2024-04-16 13:47:09,135 [main] INFO  ozone.HddsDatanodeService (HddsDatanodeService.java:initializeCertificateClient(388)) - Initializing secure Datanode.
2024-04-16 13:47:09,137 [main] INFO  ha.SCMNodeInfo (SCMNodeInfo.java:getPort(197)) - ConfigKey ozone.scm.client.address is deprecated, For configuring different ports for each SCM use PortConfigKey ozone.scm.client.port appended with serviceId and nodeId
2024-04-16 13:47:09,138 [main] INFO  ha.SCMNodeInfo (SCMNodeInfo.java:getPort(197)) - ConfigKey ozone.scm.block.client.address is deprecated, For configuring different ports for each SCM use PortConfigKey ozone.scm.block.client.port appended with serviceId and nodeId
2024-04-16 13:47:09,138 [main] INFO  ha.SCMNodeInfo (SCMNodeInfo.java:getPort(197)) - ConfigKey ozone.scm.security.service.address is deprecated, For configuring different ports for each SCM use PortConfigKey ozone.scm.security.service.port appended with serviceId and nodeId
2024-04-16 13:47:09,138 [main] INFO  ha.SCMNodeInfo (SCMNodeInfo.java:getPort(197)) - ConfigKey ozone.scm.datanode.address is deprecated, For configuring different ports for each SCM use PortConfigKey ozone.scm.datanode.port appended with serviceId and nodeId
2024-04-16 13:47:09,138 [main] INFO  ha.SCMNodeInfo (SCMNodeInfo.java:getPort(197)) - ConfigKey ozone.scm.client.address is deprecated, For configuring different ports for each SCM use PortConfigKey ozone.scm.client.port appended with serviceId and nodeId
2024-04-16 13:47:09,138 [main] INFO  ha.SCMNodeInfo (SCMNodeInfo.java:getPort(197)) - ConfigKey ozone.scm.block.client.address is deprecated, For configuring different ports for each SCM use PortConfigKey ozone.scm.block.client.port appended with serviceId and nodeId
2024-04-16 13:47:09,139 [main] INFO  ha.SCMNodeInfo (SCMNodeInfo.java:getPort(197)) - ConfigKey ozone.scm.security.service.address is deprecated, For configuring different ports for each SCM use PortConfigKey ozone.scm.security.service.port appended with serviceId and nodeId
2024-04-16 13:47:09,139 [main] INFO  ha.SCMNodeInfo (SCMNodeInfo.java:getPort(197)) - ConfigKey ozone.scm.datanode.address is deprecated, For configuring different ports for each SCM use PortConfigKey ozone.scm.datanode.port appended with serviceId and nodeId
2024-04-16 13:47:09,139 [main] INFO  ha.SCMNodeInfo (SCMNodeInfo.java:getPort(197)) - ConfigKey ozone.scm.client.address is deprecated, For configuring different ports for each SCM use PortConfigKey ozone.scm.client.port appended with serviceId and nodeId
2024-04-16 13:47:09,139 [main] INFO  ha.SCMNodeInfo (SCMNodeInfo.java:getPort(197)) - ConfigKey ozone.scm.block.client.address is deprecated, For configuring different ports for each SCM use PortConfigKey ozone.scm.block.client.port appended with serviceId and nodeId
2024-04-16 13:47:09,139 [main] INFO  ha.SCMNodeInfo (SCMNodeInfo.java:getPort(197)) - ConfigKey ozone.scm.security.service.address is deprecated, For configuring different ports for each SCM use PortConfigKey ozone.scm.security.service.port appended with serviceId and nodeId
2024-04-16 13:47:09,139 [main] INFO  ha.SCMNodeInfo (SCMNodeInfo.java:getPort(197)) - ConfigKey ozone.scm.datanode.address is deprecated, For configuring different ports for each SCM use PortConfigKey ozone.scm.datanode.port appended with serviceId and nodeId
2024-04-16 13:47:09,140 [main] INFO  client.DNCertificateClient (DefaultCertificateClient.java:updateCertSerialId(1313)) - Certificate serial ID set to null
2024-04-16 13:47:09,141 [main] ERROR client.DNCertificateClient (DefaultCertificateClient.java:getCertPath(376)) - Default certificate serial id is not set. Can't locate the default certificate for this client.
2024-04-16 13:47:09,141 [main] INFO  client.DNCertificateClient (DefaultCertificateClient.java:init(720)) - Certificate client init case: 0
2024-04-16 13:47:09,141 [main] INFO  client.DNCertificateClient (DefaultCertificateClient.java:handleCase(738)) - Creating keypair for client as keypair and certificate not found.
2024-04-16 13:47:09,253 [main] INFO  client.DNCertificateClient (DefaultCertificateClient.java:recoverStateIfNeeded(800)) - Init response: GETCERT
2024-04-16 13:47:09,254 [main] INFO  ozone.OzoneSecurityUtil (OzoneSecurityUtil.java:getValidInetsForCurrentHost(119)) - ip:fe80:0:0:0:20d:3aff:fed3:5b6b%eth0 not returned.
2024-04-16 13:47:09,254 [main] INFO  ozone.OzoneSecurityUtil (OzoneSecurityUtil.java:getValidInetsForCurrentHost(116)) - Adding ip:10.1.0.24,host:fv-az1428-817.utppd1leec2uvmgjoennxb5ynh.ex.internal.cloudapp.net
2024-04-16 13:47:09,254 [main] INFO  ozone.OzoneSecurityUtil (OzoneSecurityUtil.java:getValidInetsForCurrentHost(119)) - ip:0:0:0:0:0:0:0:1%lo not returned.
2024-04-16 13:47:09,254 [main] INFO  ozone.OzoneSecurityUtil (OzoneSecurityUtil.java:getValidInetsForCurrentHost(119)) - ip:127.0.0.1 not returned.
2024-04-16 13:47:09,255 [main] INFO  client.DNCertificateClient (DNCertificateClient.java:getCSRBuilder(86)) - Created csr for DN-> subject:scm@fv-az1428-817.utppd1leec2uvmgjoennxb5ynh.ex.internal.cloudapp.net
2024-04-16 13:47:09,269 [pool-1-thread-1] INFO  request.TgsRequest (TgsRequest.java:issueTicket(115)) - TGS_REQ ISSUE: authtime 1713275229268,scm/fv-az1428-817.utppd1leec2uvmgjoennxb5ynh.ex.internal.cloudapp.net for scm/fv-az1428-817.utppd1leec2uvmgjoennxb5ynh.ex.internal.cloudapp.net@EXAMPLE.COM
2024-04-16 13:47:09,279 [Socket Reader #1 for port 15002] INFO  ipc.Server (Server.java:saslProcess(2139)) - Auth successful for scm/fv-az1428-817.utppd1leec2uvmgjoennxb5ynh.ex.internal.cloudapp.net@EXAMPLE.COM (auth:KERBEROS) from fv-az1428-817.utppd1leec2uvmgjoennxb5ynh.ex.internal.cloudapp.net:43911 / 10.1.0.24:43911
2024-04-16 13:47:09,284 [Socket Reader #1 for port 15002] INFO  authorize.ServiceAuthorizationManager (ServiceAuthorizationManager.java:authorize(137)) - Authorization successful for scm/fv-az1428-817.utppd1leec2uvmgjoennxb5ynh.ex.internal.cloudapp.net@EXAMPLE.COM (auth:KERBEROS) for protocol=interface org.apache.hadoop.hdds.protocol.SCMSecurityProtocol
2024-04-16 13:47:09,285 [IPC Server handler 0 on default port 15002] INFO  server.SCMSecurityProtocolServer (SCMSecurityProtocolServer.java:getDataNodeCertificate(198)) - Processing CSR for dn fv-az1428-817.utppd1leec2uvmgjoennxb5ynh.ex.internal.cloudapp.net, UUID: db959189-86db-424f-9228-dcd46ac5d3ef
2024-04-16 13:47:09,289 [8dded7e3-77f4-42cf-91f8-4014f88a5819@group-298AC6C8687B-StateMachineUpdater] INFO  safemode.HealthyPipelineSafeModeRule (HealthyPipelineSafeModeRule.java:initializeRule(172)) - Refreshed total pipeline count is 0, healthy pipeline threshold count is 1
2024-04-16 13:47:09,292 [IPC Server handler 0 on default port 15002] INFO  ha.SequenceIdGenerator (SequenceIdGenerator.java:getNextId(145)) - Allocate a batch for CertificateId, change lastId from 5 to 6.
2024-04-16 13:47:09,294 [IPC Server handler 0 on default port 15002] INFO  authority.DefaultApprover (DefaultApprover.java:sign(157)) - Extensions in CSR: 2.5.29.15, 2.5.29.17
2024-04-16 13:47:09,294 [IPC Server handler 0 on default port 15002] INFO  authority.DefaultApprover (DefaultApprover.java:sign(161)) - Extensions to add to the certificate if they present in CSR: 2.5.29.17, 2.5.29.19, 1.3.6.1.5.5.7.1.12, 2.5.29.35, 2.5.29.37, 2.5.29.15
2024-04-16 13:47:09,297 [692eadad-ad12-4257-a6c9-255a711e16c4@group-298AC6C8687B-StateMachineUpdater] INFO  safemode.HealthyPipelineSafeModeRule (HealthyPipelineSafeModeRule.java:initializeRule(172)) - Refreshed total pipeline count is 0, healthy pipeline threshold count is 1
2024-04-16 13:47:09,297 [e74c9e3a-193e-4dbb-b5f5-b6805398d140@group-298AC6C8687B-StateMachineUpdater] INFO  safemode.HealthyPipelineSafeModeRule (HealthyPipelineSafeModeRule.java:initializeRule(172)) - Refreshed total pipeline count is 0, healthy pipeline threshold count is 1
2024-04-16 13:47:09,319 [8dded7e3-77f4-42cf-91f8-4014f88a5819@group-298AC6C8687B-StateMachineUpdater] INFO  safemode.HealthyPipelineSafeModeRule (HealthyPipelineSafeModeRule.java:initializeRule(172)) - Refreshed total pipeline count is 0, healthy pipeline threshold count is 1
2024-04-16 13:47:09,321 [e74c9e3a-193e-4dbb-b5f5-b6805398d140@group-298AC6C8687B-StateMachineUpdater] INFO  safemode.HealthyPipelineSafeModeRule (HealthyPipelineSafeModeRule.java:initializeRule(172)) - Refreshed total pipeline count is 0, healthy pipeline threshold count is 1
2024-04-16 13:47:09,325 [692eadad-ad12-4257-a6c9-255a711e16c4@group-298AC6C8687B-StateMachineUpdater] INFO  safemode.HealthyPipelineSafeModeRule (HealthyPipelineSafeModeRule.java:initializeRule(172)) - Refreshed total pipeline count is 0, healthy pipeline threshold count is 1
2024-04-16 13:47:09,335 [main] INFO  utils.CertificateCodec (CertificateCodec.java:writeCertificate(299)) - Save certificate to /home/runner/work/ozone/ozone/hadoop-ozone/integration-test/target/test-dir/MiniOzoneClusterImpl-f0f26617-5c27-4371-b446-298ac6c8687b/ozone-meta/datanode-1/meta/dn/certs/6.crt
2024-04-16 13:47:09,336 [main] INFO  utils.CertificateCodec (CertificateCodec.java:writeCertificate(300)) - Certificate -----BEGIN CERTIFICATE-----
MIIEIzCCAwugAwIBAgIBBjANBgkqhkiG9w0BAQsFADCBhjEaMBgGA1UEAwwRc2Nt
LXN1YkBsb2NhbGhvc3QxLTArBgNVBAsMJDhkZGVkN2UzLTc3ZjQtNDJjZi05MWY4
LTQwMTRmODhhNTgxOTEtMCsGA1UECgwkZjBmMjY2MTctNWMyNy00MzcxLWI0NDYt
Mjk4YWM2Yzg2ODdiMQowCAYDVQQFEwEyMB4XDTI0MDQxNjEzNDcwOVoXDTI1MDQx
NjEzNDcwOVowgboxTjBMBgNVBAMMRXNjbUBmdi1hejE0MjgtODE3LnV0cHBkMWxl
ZWMydXZtZ2pvZW5ueGI1eW5oLmV4LmludGVybmFsLmNsb3VkYXBwLm5ldDEtMCsG
A1UECwwkOGRkZWQ3ZTMtNzdmNC00MmNmLTkxZjgtNDAxNGY4OGE1ODE5MS0wKwYD
VQQKDCRmMGYyNjYxNy01YzI3LTQzNzEtYjQ0Ni0yOThhYzZjODY4N2IxCjAIBgNV
BAUTATYwggEiMA0GCSqGSIb3DQEBAQUAA4IBDwAwggEKAoIBAQDOBX3CrDd99Vxx
sTCs2cIjCkUEnpu5KTAXeatjjSUEHLc7IC+IX4NzRX47Yrr8VXqJMrxyDvR89Gp3
62cryr5fa17z1pplSP3AibwreQjBeuHAl7YTZZinYlaeRTf04EdzNuH9WRE0IYIa
z4ZuMGSNeWv5KxzQZ8QjHw59L/fHMZJXmabnKIltUb/hs2Jekm7vY/h73nKOT7j2
xyaZsuXkDPLJCKnFEviDoqahhCuherzCtUai3YpLsDpN82EiX6CiI9WUgNAm63oc
cBBOkfZ/RuCMf+wIQI9lEofgk5ioWh4Bl+5KXBd4a4X/AJ6BtdXgFB8pD7Z/CHvE
9eGT+bSXAgMBAAGjZjBkMFIGA1UdEQRLMEmHBAoBABiCQWZ2LWF6MTQyOC04MTcu
dXRwcGQxbGVlYzJ1dm1nam9lbm54YjV5bmguZXguaW50ZXJuYWwuY2xvdWRhcHAu
bmV0MA4GA1UdDwEB/wQEAwIDuDANBgkqhkiG9w0BAQsFAAOCAQEAgTsgibqlAIjM
2Por/3WUlrOj2FkXpKMw0JeYmPUNxgcTGyy9hDZzq+tf36vYVj9G2LwbtgWFLh4J
XEO4bpCY2LEgnu95cJ56ltY9TcnJDgmBDSoK+FWVLXT/k+7uSF3wYrzHaVV2OrtU
f7y+zgEbrlg0hgYy+KHOn0xZH5mG15rtvKusPMDQJaWRiRjq7RMqpjxQXbLppmYt
PWnuopwMZjoIfIeWCqk+WxfboKruZFIRU6PyHxRcyW0zFtXpqvbxCK1gLLx9VYGr
3qL+NyQWxMQcOkKdgzB4/Sk76+wrOti9hO6QkjxsgOTke4xH2bQsIXOEsn5JSwxA
alECaf1GrQ==
-----END CERTIFICATE-----

-----BEGIN CERTIFICATE-----
MIIEADCCAuigAwIBAgIBAjANBgkqhkiG9w0BAQsFADCBhjEaMBgGA1UEAwwRc2Nt
QGZ2LWF6MTQyOC04MTcxLTArBgNVBAsMJDhkZGVkN2UzLTc3ZjQtNDJjZi05MWY4
LTQwMTRmODhhNTgxOTEtMCsGA1UECgwkZjBmMjY2MTctNWMyNy00MzcxLWI0NDYt
Mjk4YWM2Yzg2ODdiMQowCAYDVQQFEwExMB4XDTI0MDQxNjEzNDY0N1oXDTI5MDUy
NTEzNDY0N1owgYYxGjAYBgNVBAMMEXNjbS1zdWJAbG9jYWxob3N0MS0wKwYDVQQL
DCQ4ZGRlZDdlMy03N2Y0LTQyY2YtOTFmOC00MDE0Zjg4YTU4MTkxLTArBgNVBAoM
JGYwZjI2NjE3LTVjMjctNDM3MS1iNDQ2LTI5OGFjNmM4Njg3YjEKMAgGA1UEBRMB
MjCCASIwDQYJKoZIhvcNAQEBBQADggEPADCCAQoCggEBANjK/P+mL7p/u+YqC04x
JXmPB1dsWFp4EF57J5ivqFJRwh/Bg2et8qas7mEQFm8U6j0ccBRafon2235E18u9
+NfYaKHLS+nDjvNSCoN/FjHLJZWraFNx+xfjFeL/k1qIG2zajLlA9QvW8fS+0r3c
A+ayKor3ATWDYmV7Ob+hsjKxluUDgcuiSq15XKuxoTjH72DH0rQfnnMlrMCxMvtu
dji0xGpaC5ez0jeLGUyNBsLUIUei3V7SAy/ZN4AwkLti5ZsCKmgouYBm90Y6S9HZ
DHWhqL51SwQ2IOXzH5AFuGzyh+mJptEWH45tg88hTOKumH1Ie1E3TVaO7pdJuYPj
xysCAwEAAaN3MHUwUgYDVR0RBEswSYcECgEAGIJBZnYtYXoxNDI4LTgxNy51dHBw
ZDFsZWVjMnV2bWdqb2VubnhiNXluaC5leC5pbnRlcm5hbC5jbG91ZGFwcC5uZXQw
DwYDVR0TAQH/BAUwAwEB/zAOBgNVHQ8BAf8EBAMCAb4wDQYJKoZIhvcNAQELBQAD
ggEBACEtgKPf7lI4xY5m6Nc/Uvnaz+1nMnweOVF+spvhToSuCwQFJQkZXTm6C+NL
IXISjf8UkNCQOjglwn6SVo5qSL4hV+R6TJb4KYGZnv3HkzXZOX6adUAntMCz/Eyb
K2e+9VX98G7BdgCC9zw9ay+G6dDhWgReJGId2FvKdNvHvnu1Lb5QMcGSvPgk3wy5
UM8JmsmlJyKmO5e7bL77eaBki9UiVO/AuyQKn6nKHSe3xU0k4077lfI3X+6BpyC/
CXBsA9cwqx+whSdXN4v6TiADtVtGyNu/JcNIIpOLjNaqHTNl8lrQJxkurmBtazuT
728SGx7oeDF0blooC6rZBTRfDO4=
-----END CERTIFICATE-----

-----BEGIN CERTIFICATE-----
MIIEADCCAuigAwIBAgIBATANBgkqhkiG9w0BAQsFADCBhjEaMBgGA1UEAwwRc2Nt
QGZ2LWF6MTQyOC04MTcxLTArBgNVBAsMJDhkZGVkN2UzLTc3ZjQtNDJjZi05MWY4
LTQwMTRmODhhNTgxOTEtMCsGA1UECgwkZjBmMjY2MTctNWMyNy00MzcxLWI0NDYt
Mjk4YWM2Yzg2ODdiMQowCAYDVQQFEwExMB4XDTI0MDQxNjEzNDY0N1oXDTI5MDUy
NTEzNDY0N1owgYYxGjAYBgNVBAMMEXNjbUBmdi1hejE0MjgtODE3MS0wKwYDVQQL
DCQ4ZGRlZDdlMy03N2Y0LTQyY2YtOTFmOC00MDE0Zjg4YTU4MTkxLTArBgNVBAoM
JGYwZjI2NjE3LTVjMjctNDM3MS1iNDQ2LTI5OGFjNmM4Njg3YjEKMAgGA1UEBRMB
MTCCASIwDQYJKoZIhvcNAQEBBQADggEPADCCAQoCggEBAMdtp7i7wP+lZLzZlPEE
4ziTdvjbCpGrdZCLChtSQLrdxV06GLmEabfobsvIMsZju2cUyDma9RiOA8urazjr
T0XTQxsX5BabB78z/T+NgoWRlUczqIHSvVsksGtE8jP1agbenXJsc36dgYwP2OrA
YNuB5W7gX4iDyfKvYYm0rMkCiiphA6H6b+3I0ClnzGY10hEpVJofQUBylhoECsgY
lDuq146wIl7tvx2SxLlonnuYJ390L+N4gLYbeynYK7dPFxflao+2lo3vrHohnh6L
ybpQEBDNGMHusj8xERdMNn+tF+KcZxPjaIXZF6JyLwh3tDmxaC39HljYjTDurvF6
JwUCAwEAAaN3MHUwDwYDVR0TAQH/BAUwAwEB/zAOBgNVHQ8BAf8EBAMCAQYwUgYD
VR0RBEswSYcECgEAGIJBZnYtYXoxNDI4LTgxNy51dHBwZDFsZWVjMnV2bWdqb2Vu
bnhiNXluaC5leC5pbnRlcm5hbC5jbG91ZGFwcC5uZXQwDQYJKoZIhvcNAQELBQAD
ggEBAFi/vd/JLFd80EHBkMWQiD/wOJF1uwJBiLVL0XjS+CHo9XKIvvVxlUbJKNLr
zNXby38x4g0M7eoVEhITlw3yuv3B/pv315rYWtagwSvKLJKElQwT75qQ5v47W1RA
oSHk50lTe9Hmf2ndT+JFGcvhTS495C5jP2eIXKKxZPA8CDZbT+/HNa0Q5/LB0ATk
MZTG1TfQ8e/B+vvXO7D6PNBvTOlb77jSmjPCF7NKUq0Q7lDf40auSUc4AnjkxUSg
MbqkVs+mMULzy7c5doSHogjqsYMXWJQkcQmZttuADrLD7ebFVoTA8PRw59oRULJ1
YRwiVFPoWUDsL88+Dl3P1mWZdYs=
-----END CERTIFICATE-----

2024-04-16 13:47:09,336 [main] INFO  utils.CertificateCodec (CertificateCodec.java:writeCertificate(299)) - Save certificate to /home/runner/work/ozone/ozone/hadoop-ozone/integration-test/target/test-dir/MiniOzoneClusterImpl-f0f26617-5c27-4371-b446-298ac6c8687b/ozone-meta/datanode-1/meta/dn/certs/CA-2.crt
2024-04-16 13:47:09,337 [main] INFO  utils.CertificateCodec (CertificateCodec.java:writeCertificate(300)) - Certificate -----BEGIN CERTIFICATE-----
MIIEADCCAuigAwIBAgIBAjANBgkqhkiG9w0BAQsFADCBhjEaMBgGA1UEAwwRc2Nt
QGZ2LWF6MTQyOC04MTcxLTArBgNVBAsMJDhkZGVkN2UzLTc3ZjQtNDJjZi05MWY4
LTQwMTRmODhhNTgxOTEtMCsGA1UECgwkZjBmMjY2MTctNWMyNy00MzcxLWI0NDYt
Mjk4YWM2Yzg2ODdiMQowCAYDVQQFEwExMB4XDTI0MDQxNjEzNDY0N1oXDTI5MDUy
NTEzNDY0N1owgYYxGjAYBgNVBAMMEXNjbS1zdWJAbG9jYWxob3N0MS0wKwYDVQQL
DCQ4ZGRlZDdlMy03N2Y0LTQyY2YtOTFmOC00MDE0Zjg4YTU4MTkxLTArBgNVBAoM
JGYwZjI2NjE3LTVjMjctNDM3MS1iNDQ2LTI5OGFjNmM4Njg3YjEKMAgGA1UEBRMB
MjCCASIwDQYJKoZIhvcNAQEBBQADggEPADCCAQoCggEBANjK/P+mL7p/u+YqC04x
JXmPB1dsWFp4EF57J5ivqFJRwh/Bg2et8qas7mEQFm8U6j0ccBRafon2235E18u9
+NfYaKHLS+nDjvNSCoN/FjHLJZWraFNx+xfjFeL/k1qIG2zajLlA9QvW8fS+0r3c
A+ayKor3ATWDYmV7Ob+hsjKxluUDgcuiSq15XKuxoTjH72DH0rQfnnMlrMCxMvtu
dji0xGpaC5ez0jeLGUyNBsLUIUei3V7SAy/ZN4AwkLti5ZsCKmgouYBm90Y6S9HZ
DHWhqL51SwQ2IOXzH5AFuGzyh+mJptEWH45tg88hTOKumH1Ie1E3TVaO7pdJuYPj
xysCAwEAAaN3MHUwUgYDVR0RBEswSYcECgEAGIJBZnYtYXoxNDI4LTgxNy51dHBw
ZDFsZWVjMnV2bWdqb2VubnhiNXluaC5leC5pbnRlcm5hbC5jbG91ZGFwcC5uZXQw
DwYDVR0TAQH/BAUwAwEB/zAOBgNVHQ8BAf8EBAMCAb4wDQYJKoZIhvcNAQELBQAD
ggEBACEtgKPf7lI4xY5m6Nc/Uvnaz+1nMnweOVF+spvhToSuCwQFJQkZXTm6C+NL
IXISjf8UkNCQOjglwn6SVo5qSL4hV+R6TJb4KYGZnv3HkzXZOX6adUAntMCz/Eyb
K2e+9VX98G7BdgCC9zw9ay+G6dDhWgReJGId2FvKdNvHvnu1Lb5QMcGSvPgk3wy5
UM8JmsmlJyKmO5e7bL77eaBki9UiVO/AuyQKn6nKHSe3xU0k4077lfI3X+6BpyC/
CXBsA9cwqx+whSdXN4v6TiADtVtGyNu/JcNIIpOLjNaqHTNl8lrQJxkurmBtazuT
728SGx7oeDF0blooC6rZBTRfDO4=
-----END CERTIFICATE-----

-----BEGIN CERTIFICATE-----
MIIEADCCAuigAwIBAgIBATANBgkqhkiG9w0BAQsFADCBhjEaMBgGA1UEAwwRc2Nt
QGZ2LWF6MTQyOC04MTcxLTArBgNVBAsMJDhkZGVkN2UzLTc3ZjQtNDJjZi05MWY4
LTQwMTRmODhhNTgxOTEtMCsGA1UECgwkZjBmMjY2MTctNWMyNy00MzcxLWI0NDYt
Mjk4YWM2Yzg2ODdiMQowCAYDVQQFEwExMB4XDTI0MDQxNjEzNDY0N1oXDTI5MDUy
NTEzNDY0N1owgYYxGjAYBgNVBAMMEXNjbUBmdi1hejE0MjgtODE3MS0wKwYDVQQL
DCQ4ZGRlZDdlMy03N2Y0LTQyY2YtOTFmOC00MDE0Zjg4YTU4MTkxLTArBgNVBAoM
JGYwZjI2NjE3LTVjMjctNDM3MS1iNDQ2LTI5OGFjNmM4Njg3YjEKMAgGA1UEBRMB
MTCCASIwDQYJKoZIhvcNAQEBBQADggEPADCCAQoCggEBAMdtp7i7wP+lZLzZlPEE
4ziTdvjbCpGrdZCLChtSQLrdxV06GLmEabfobsvIMsZju2cUyDma9RiOA8urazjr
T0XTQxsX5BabB78z/T+NgoWRlUczqIHSvVsksGtE8jP1agbenXJsc36dgYwP2OrA
YNuB5W7gX4iDyfKvYYm0rMkCiiphA6H6b+3I0ClnzGY10hEpVJofQUBylhoECsgY
lDuq146wIl7tvx2SxLlonnuYJ390L+N4gLYbeynYK7dPFxflao+2lo3vrHohnh6L
ybpQEBDNGMHusj8xERdMNn+tF+KcZxPjaIXZF6JyLwh3tDmxaC39HljYjTDurvF6
JwUCAwEAAaN3MHUwDwYDVR0TAQH/BAUwAwEB/zAOBgNVHQ8BAf8EBAMCAQYwUgYD
VR0RBEswSYcECgEAGIJBZnYtYXoxNDI4LTgxNy51dHBwZDFsZWVjMnV2bWdqb2Vu
bnhiNXluaC5leC5pbnRlcm5hbC5jbG91ZGFwcC5uZXQwDQYJKoZIhvcNAQELBQAD
ggEBAFi/vd/JLFd80EHBkMWQiD/wOJF1uwJBiLVL0XjS+CHo9XKIvvVxlUbJKNLr
zNXby38x4g0M7eoVEhITlw3yuv3B/pv315rYWtagwSvKLJKElQwT75qQ5v47W1RA
oSHk50lTe9Hmf2ndT+JFGcvhTS495C5jP2eIXKKxZPA8CDZbT+/HNa0Q5/LB0ATk
MZTG1TfQ8e/B+vvXO7D6PNBvTOlb77jSmjPCF7NKUq0Q7lDf40auSUc4AnjkxUSg
MbqkVs+mMULzy7c5doSHogjqsYMXWJQkcQmZttuADrLD7ebFVoTA8PRw59oRULJ1
YRwiVFPoWUDsL88+Dl3P1mWZdYs=
-----END CERTIFICATE-----

2024-04-16 13:47:09,342 [IPC Server handler 1 on default port 15002] INFO  client.SCMCertificateClient (DefaultCertificateClient.java:getAllRootCaCerts(973)) - scm/sub-ca has 0 Root CA certificates
2024-04-16 13:47:09,342 [IPC Server handler 1 on default port 15002] INFO  client.SCMCertificateClient (DefaultCertificateClient.java:getAllCaCerts(981)) - scm/sub-ca has 1 CA certificates
2024-04-16 13:47:09,343 [main] INFO  utils.CertificateCodec (CertificateCodec.java:writeCertificate(299)) - Save certificate to /home/runner/work/ozone/ozone/hadoop-ozone/integration-test/target/test-dir/MiniOzoneClusterImpl-f0f26617-5c27-4371-b446-298ac6c8687b/ozone-meta/datanode-1/meta/dn/certs/ROOTCA-1.crt
2024-04-16 13:47:09,343 [main] INFO  utils.CertificateCodec (CertificateCodec.java:writeCertificate(300)) - Certificate -----BEGIN CERTIFICATE-----
MIIEADCCAuigAwIBAgIBATANBgkqhkiG9w0BAQsFADCBhjEaMBgGA1UEAwwRc2Nt
QGZ2LWF6MTQyOC04MTcxLTArBgNVBAsMJDhkZGVkN2UzLTc3ZjQtNDJjZi05MWY4
LTQwMTRmODhhNTgxOTEtMCsGA1UECgwkZjBmMjY2MTctNWMyNy00MzcxLWI0NDYt
Mjk4YWM2Yzg2ODdiMQowCAYDVQQFEwExMB4XDTI0MDQxNjEzNDY0N1oXDTI5MDUy
NTEzNDY0N1owgYYxGjAYBgNVBAMMEXNjbUBmdi1hejE0MjgtODE3MS0wKwYDVQQL
DCQ4ZGRlZDdlMy03N2Y0LTQyY2YtOTFmOC00MDE0Zjg4YTU4MTkxLTArBgNVBAoM
JGYwZjI2NjE3LTVjMjctNDM3MS1iNDQ2LTI5OGFjNmM4Njg3YjEKMAgGA1UEBRMB
MTCCASIwDQYJKoZIhvcNAQEBBQADggEPADCCAQoCggEBAMdtp7i7wP+lZLzZlPEE
4ziTdvjbCpGrdZCLChtSQLrdxV06GLmEabfobsvIMsZju2cUyDma9RiOA8urazjr
T0XTQxsX5BabB78z/T+NgoWRlUczqIHSvVsksGtE8jP1agbenXJsc36dgYwP2OrA
YNuB5W7gX4iDyfKvYYm0rMkCiiphA6H6b+3I0ClnzGY10hEpVJofQUBylhoECsgY
lDuq146wIl7tvx2SxLlonnuYJ390L+N4gLYbeynYK7dPFxflao+2lo3vrHohnh6L
ybpQEBDNGMHusj8xERdMNn+tF+KcZxPjaIXZF6JyLwh3tDmxaC39HljYjTDurvF6
JwUCAwEAAaN3MHUwDwYDVR0TAQH/BAUwAwEB/zAOBgNVHQ8BAf8EBAMCAQYwUgYD
VR0RBEswSYcECgEAGIJBZnYtYXoxNDI4LTgxNy51dHBwZDFsZWVjMnV2bWdqb2Vu
bnhiNXluaC5leC5pbnRlcm5hbC5jbG91ZGFwcC5uZXQwDQYJKoZIhvcNAQELBQAD
ggEBAFi/vd/JLFd80EHBkMWQiD/wOJF1uwJBiLVL0XjS+CHo9XKIvvVxlUbJKNLr
zNXby38x4g0M7eoVEhITlw3yuv3B/pv315rYWtagwSvKLJKElQwT75qQ5v47W1RA
oSHk50lTe9Hmf2ndT+JFGcvhTS495C5jP2eIXKKxZPA8CDZbT+/HNa0Q5/LB0ATk
MZTG1TfQ8e/B+vvXO7D6PNBvTOlb77jSmjPCF7NKUq0Q7lDf40auSUc4AnjkxUSg
MbqkVs+mMULzy7c5doSHogjqsYMXWJQkcQmZttuADrLD7ebFVoTA8PRw59oRULJ1
YRwiVFPoWUDsL88+Dl3P1mWZdYs=
-----END CERTIFICATE-----

2024-04-16 13:47:09,344 [main] INFO  client.DNCertificateClient (DefaultCertificateClient.java:updateCertSerialId(1313)) - Certificate serial ID set to 6
2024-04-16 13:47:09,344 [main] INFO  client.DNCertificateClient (DefaultCertificateClient.java:readCertificateFile(248)) - Added certificate 2 from file: /home/runner/work/ozone/ozone/hadoop-ozone/integration-test/target/test-dir/MiniOzoneClusterImpl-f0f26617-5c27-4371-b446-298ac6c8687b/ozone-meta/datanode-1/meta/dn/certs/CA-2.crt.
2024-04-16 13:47:09,345 [main] INFO  client.DNCertificateClient (DefaultCertificateClient.java:readCertificateFile(248)) - Added certificate 1 from file: /home/runner/work/ozone/ozone/hadoop-ozone/integration-test/target/test-dir/MiniOzoneClusterImpl-f0f26617-5c27-4371-b446-298ac6c8687b/ozone-meta/datanode-1/meta/dn/certs/ROOTCA-1.crt.
2024-04-16 13:47:09,346 [main] INFO  client.DNCertificateClient (DefaultCertificateClient.java:readCertificateFile(248)) - Added certificate 6 from file: /home/runner/work/ozone/ozone/hadoop-ozone/integration-test/target/test-dir/MiniOzoneClusterImpl-f0f26617-5c27-4371-b446-298ac6c8687b/ozone-meta/datanode-1/meta/dn/certs/6.crt.
2024-04-16 13:47:09,347 [main] INFO  client.DNCertificateClient (DefaultCertificateClient.java:startCertificateRenewerService(1418)) - CertificateRenewerService for dn is started with first delay 29116799654 ms and interval 86400000 ms.
2024-04-16 13:47:09,347 [main] INFO  client.DNCertificateClient (DefaultCertificateClient.java:updateCertSerialId(1313)) - Certificate serial ID set to 6
2024-04-16 13:47:09,348 [main] INFO  client.DNCertificateClient (DefaultCertificateClient.java:readCertificateFile(248)) - Added certificate 2 from file: /home/runner/work/ozone/ozone/hadoop-ozone/integration-test/target/test-dir/MiniOzoneClusterImpl-f0f26617-5c27-4371-b446-298ac6c8687b/ozone-meta/datanode-1/meta/dn/certs/CA-2.crt.
2024-04-16 13:47:09,349 [main] INFO  client.DNCertificateClient (DefaultCertificateClient.java:readCertificateFile(248)) - Added certificate 1 from file: /home/runner/work/ozone/ozone/hadoop-ozone/integration-test/target/test-dir/MiniOzoneClusterImpl-f0f26617-5c27-4371-b446-298ac6c8687b/ozone-meta/datanode-1/meta/dn/certs/ROOTCA-1.crt.
2024-04-16 13:47:09,349 [main] INFO  client.DNCertificateClient (DefaultCertificateClient.java:readCertificateFile(248)) - Added certificate 6 from file: /home/runner/work/ozone/ozone/hadoop-ozone/integration-test/target/test-dir/MiniOzoneClusterImpl-f0f26617-5c27-4371-b446-298ac6c8687b/ozone-meta/datanode-1/meta/dn/certs/6.crt.
2024-04-16 13:47:09,418 [main] INFO  client.DNCertificateClient (DefaultCertificateClient.java:recoverStateIfNeeded(815)) - Successfully stored DN signed certificate, case:GETCERT.
2024-04-16 13:47:09,419 [main] INFO  ha.SCMNodeInfo (SCMNodeInfo.java:getPort(197)) - ConfigKey ozone.scm.client.address is deprecated, For configuring different ports for each SCM use PortConfigKey ozone.scm.client.port appended with serviceId and nodeId
2024-04-16 13:47:09,419 [main] INFO  ha.SCMNodeInfo (SCMNodeInfo.java:getPort(197)) - ConfigKey ozone.scm.block.client.address is deprecated, For configuring different ports for each SCM use PortConfigKey ozone.scm.block.client.port appended with serviceId and nodeId
2024-04-16 13:47:09,419 [main] INFO  ha.SCMNodeInfo (SCMNodeInfo.java:getPort(197)) - ConfigKey ozone.scm.security.service.address is deprecated, For configuring different ports for each SCM use PortConfigKey ozone.scm.security.service.port appended with serviceId and nodeId
2024-04-16 13:47:09,419 [main] INFO  ha.SCMNodeInfo (SCMNodeInfo.java:getPort(197)) - ConfigKey ozone.scm.datanode.address is deprecated, For configuring different ports for each SCM use PortConfigKey ozone.scm.datanode.port appended with serviceId and nodeId
2024-04-16 13:47:09,419 [main] INFO  ha.SCMNodeInfo (SCMNodeInfo.java:getPort(197)) - ConfigKey ozone.scm.client.address is deprecated, For configuring different ports for each SCM use PortConfigKey ozone.scm.client.port appended with serviceId and nodeId
2024-04-16 13:47:09,420 [main] INFO  ha.SCMNodeInfo (SCMNodeInfo.java:getPort(197)) - ConfigKey ozone.scm.block.client.address is deprecated, For configuring different ports for each SCM use PortConfigKey ozone.scm.block.client.port appended with serviceId and nodeId
2024-04-16 13:47:09,420 [main] INFO  ha.SCMNodeInfo (SCMNodeInfo.java:getPort(197)) - ConfigKey ozone.scm.security.service.address is deprecated, For configuring different ports for each SCM use PortConfigKey ozone.scm.security.service.port appended with serviceId and nodeId
2024-04-16 13:47:09,420 [main] INFO  ha.SCMNodeInfo (SCMNodeInfo.java:getPort(197)) - ConfigKey ozone.scm.datanode.address is deprecated, For configuring different ports for each SCM use PortConfigKey ozone.scm.datanode.port appended with serviceId and nodeId
2024-04-16 13:47:09,420 [main] INFO  ha.SCMNodeInfo (SCMNodeInfo.java:getPort(197)) - ConfigKey ozone.scm.client.address is deprecated, For configuring different ports for each SCM use PortConfigKey ozone.scm.client.port appended with serviceId and nodeId
2024-04-16 13:47:09,420 [main] INFO  ha.SCMNodeInfo (SCMNodeInfo.java:getPort(197)) - ConfigKey ozone.scm.block.client.address is deprecated, For configuring different ports for each SCM use PortConfigKey ozone.scm.block.client.port appended with serviceId and nodeId
2024-04-16 13:47:09,420 [main] INFO  ha.SCMNodeInfo (SCMNodeInfo.java:getPort(197)) - ConfigKey ozone.scm.security.service.address is deprecated, For configuring different ports for each SCM use PortConfigKey ozone.scm.security.service.port appended with serviceId and nodeId
2024-04-16 13:47:09,420 [main] INFO  ha.SCMNodeInfo (SCMNodeInfo.java:getPort(197)) - ConfigKey ozone.scm.datanode.address is deprecated, For configuring different ports for each SCM use PortConfigKey ozone.scm.datanode.port appended with serviceId and nodeId
2024-04-16 13:47:09,423 [main] INFO  symmetric.DefaultSecretKeyVerifierClient (DefaultSecretKeyVerifierClient.java:<init>(77)) - Initializing secret key cache with size 8, TTL PT3S
2024-04-16 13:47:09,429 [Socket Reader #1 for port 15002] INFO  ipc.Server (Server.java:saslProcess(2139)) - Auth successful for scm/fv-az1428-817.utppd1leec2uvmgjoennxb5ynh.ex.internal.cloudapp.net@EXAMPLE.COM (auth:KERBEROS) from fv-az1428-817.utppd1leec2uvmgjoennxb5ynh.ex.internal.cloudapp.net:36009 / 10.1.0.24:36009
2024-04-16 13:47:09,434 [Socket Reader #1 for port 15002] INFO  authorize.ServiceAuthorizationManager (ServiceAuthorizationManager.java:authorize(137)) - Authorization successful for scm/fv-az1428-817.utppd1leec2uvmgjoennxb5ynh.ex.internal.cloudapp.net@EXAMPLE.COM (auth:KERBEROS) for protocol=interface org.apache.hadoop.hdds.protocol.SecretKeyProtocolDatanode
2024-04-16 13:47:09,436 [main] INFO  symmetric.DefaultSecretKeySignerClient (DefaultSecretKeySignerClient.java:start(84)) - Initial secret key fetched from SCM: SecretKey(id = fed14fde-48eb-4fff-9e24-80ce46d28ed6, creation at: 2024-04-16T13:47:08.715Z, expire at: 2024-04-16T13:47:11.715Z).
2024-04-16 13:47:09,436 [main] INFO  symmetric.DefaultSecretKeySignerClient (DefaultSecretKeySignerClient.java:scheduleSecretKeyPoller(150)) - Scheduling SecretKeyPoller with initial delay of PT0.279S and interval of PT0.1S
2024-04-16 13:47:09,440 [main] INFO  upgrade.AbstractLayoutVersionManager (AbstractLayoutVersionManager.java:init(83)) - Initializing Layout version manager with metadata layout = HADOOP_PRC_PORTS_IN_DATANODEDETAILS (version = 7), software layout = HADOOP_PRC_PORTS_IN_DATANODEDETAILS (version = 7)
2024-04-16 13:47:09,442 [main] INFO  ha.SCMNodeInfo (SCMNodeInfo.java:getPort(197)) - ConfigKey ozone.scm.client.address is deprecated, For configuring different ports for each SCM use PortConfigKey ozone.scm.client.port appended with serviceId and nodeId
2024-04-16 13:47:09,442 [main] INFO  ha.SCMNodeInfo (SCMNodeInfo.java:getPort(197)) - ConfigKey ozone.scm.block.client.address is deprecated, For configuring different ports for each SCM use PortConfigKey ozone.scm.block.client.port appended with serviceId and nodeId
2024-04-16 13:47:09,442 [main] INFO  ha.SCMNodeInfo (SCMNodeInfo.java:getPort(197)) - ConfigKey ozone.scm.security.service.address is deprecated, For configuring different ports for each SCM use PortConfigKey ozone.scm.security.service.port appended with serviceId and nodeId
2024-04-16 13:47:09,442 [main] INFO  ha.SCMNodeInfo (SCMNodeInfo.java:getPort(197)) - ConfigKey ozone.scm.datanode.address is deprecated, For configuring different ports for each SCM use PortConfigKey ozone.scm.datanode.port appended with serviceId and nodeId
2024-04-16 13:47:09,443 [main] INFO  ha.SCMNodeInfo (SCMNodeInfo.java:getPort(197)) - ConfigKey ozone.scm.client.address is deprecated, For configuring different ports for each SCM use PortConfigKey ozone.scm.client.port appended with serviceId and nodeId
2024-04-16 13:47:09,443 [main] INFO  ha.SCMNodeInfo (SCMNodeInfo.java:getPort(197)) - ConfigKey ozone.scm.block.client.address is deprecated, For configuring different ports for each SCM use PortConfigKey ozone.scm.block.client.port appended with serviceId and nodeId
2024-04-16 13:47:09,443 [main] INFO  ha.SCMNodeInfo (SCMNodeInfo.java:getPort(197)) - ConfigKey ozone.scm.security.service.address is deprecated, For configuring different ports for each SCM use PortConfigKey ozone.scm.security.service.port appended with serviceId and nodeId
2024-04-16 13:47:09,443 [main] INFO  ha.SCMNodeInfo (SCMNodeInfo.java:getPort(197)) - ConfigKey ozone.scm.datanode.address is deprecated, For configuring different ports for each SCM use PortConfigKey ozone.scm.datanode.port appended with serviceId and nodeId
2024-04-16 13:47:09,443 [main] INFO  ha.SCMNodeInfo (SCMNodeInfo.java:getPort(197)) - ConfigKey ozone.scm.client.address is deprecated, For configuring different ports for each SCM use PortConfigKey ozone.scm.client.port appended with serviceId and nodeId
2024-04-16 13:47:09,443 [main] INFO  ha.SCMNodeInfo (SCMNodeInfo.java:getPort(197)) - ConfigKey ozone.scm.block.client.address is deprecated, For configuring different ports for each SCM use PortConfigKey ozone.scm.block.client.port appended with serviceId and nodeId
2024-04-16 13:47:09,444 [main] INFO  ha.SCMNodeInfo (SCMNodeInfo.java:getPort(197)) - ConfigKey ozone.scm.security.service.address is deprecated, For configuring different ports for each SCM use PortConfigKey ozone.scm.security.service.port appended with serviceId and nodeId
2024-04-16 13:47:09,444 [main] INFO  ha.SCMNodeInfo (SCMNodeInfo.java:getPort(197)) - ConfigKey ozone.scm.datanode.address is deprecated, For configuring different ports for each SCM use PortConfigKey ozone.scm.datanode.port appended with serviceId and nodeId
2024-04-16 13:47:09,444 [main] INFO  statemachine.DatanodeStateMachine (DatanodeStateMachine.java:getEndPointTaskThreadPoolSize(299)) - Datanode State Machine Task Thread Pool size 4
2024-04-16 13:47:09,491 [main] INFO  volume.HddsVolume (HddsVolume.java:<init>(126)) - Creating HddsVolume: /home/runner/work/ozone/ozone/hadoop-ozone/integration-test/target/test-dir/MiniOzoneClusterImpl-f0f26617-5c27-4371-b446-298ac6c8687b/ozone-meta/datanode-1/data-0/hdds of storage type : DISK capacity : 9223372036854775807
2024-04-16 13:47:09,493 [main] INFO  volume.MutableVolumeSet (MutableVolumeSet.java:initializeVolumeSet(173)) - Added Volume : /home/runner/work/ozone/ozone/hadoop-ozone/integration-test/target/test-dir/MiniOzoneClusterImpl-f0f26617-5c27-4371-b446-298ac6c8687b/ozone-meta/datanode-1/data-0/hdds to VolumeSet
2024-04-16 13:47:09,496 [main] INFO  volume.MutableVolumeSet (MutableVolumeSet.java:initializeVolumeSet(173)) - Added Volume : /home/runner/work/ozone/ozone/hadoop-ozone/integration-test/target/test-dir/MiniOzoneClusterImpl-f0f26617-5c27-4371-b446-298ac6c8687b/ozone-meta/datanode-1/ratis to VolumeSet
2024-04-16 13:47:09,500 [main] INFO  ozoneimpl.OzoneContainer (HddsVolumeUtil.java:loadAllHddsVolumeDbStore(103)) - Load 1 volumes DbStore cost: 0ms
2024-04-16 13:47:09,541 [main] INFO  audit.AuditLogger (AuditLogger.java:refreshDebugCmdSet(135)) - Refresh DebugCmdSet for DNAudit to [].
2024-04-16 13:47:09,567 [main] INFO  server.RaftServer (ConfUtils.java:logGet(46)) - raft.rpc.type = GRPC (default)
2024-04-16 13:47:09,567 [main] INFO  grpc.GrpcConfigKeys (ConfUtils.java:logFallback(53)) - raft.grpc.admin.host = null (fallback to raft.grpc.server.host)
2024-04-16 13:47:09,567 [main] INFO  grpc.GrpcConfigKeys (ConfUtils.java:logGet(46)) - raft.grpc.admin.port = 15045 (custom)
2024-04-16 13:47:09,567 [main] INFO  grpc.GrpcConfigKeys (ConfUtils.java:logFallback(53)) - raft.grpc.client.host = null (fallback to raft.grpc.server.host)
2024-04-16 13:47:09,568 [main] INFO  grpc.GrpcConfigKeys (ConfUtils.java:logGet(46)) - raft.grpc.client.port = 15044 (custom)
2024-04-16 13:47:09,568 [main] INFO  grpc.GrpcConfigKeys (ConfUtils.java:logGet(46)) - raft.grpc.server.host = null (default)
2024-04-16 13:47:09,568 [main] INFO  grpc.GrpcConfigKeys (ConfUtils.java:logGet(46)) - raft.grpc.server.port = 15046 (custom)
2024-04-16 13:47:09,568 [main] INFO  server.GrpcService (ConfUtils.java:logGet(46)) - raft.grpc.message.size.max = 32MB (=33554432) (custom)
2024-04-16 13:47:09,568 [main] INFO  server.RaftServerConfigKeys (ConfUtils.java:logGet(46)) - raft.server.log.appender.buffer.byte-limit = 8388608 (custom)
2024-04-16 13:47:09,569 [main] INFO  server.GrpcService (ConfUtils.java:logGet(46)) - raft.grpc.flow.control.window = 5MB (=5242880) (custom)
2024-04-16 13:47:09,569 [main] INFO  server.RaftServerConfigKeys (ConfUtils.java:logGet(46)) - raft.server.rpc.request.timeout = 60s (custom)
2024-04-16 13:47:09,569 [main] INFO  grpc.GrpcConfigKeys (ConfUtils.java:logGet(46)) - raft.grpc.server.heartbeat.channel = true (default)
2024-04-16 13:47:09,569 [main] INFO  grpc.GrpcConfigKeys (ConfUtils.java:logGet(46)) - raft.grpc.server.async.request.thread.pool.cached = true (default)
2024-04-16 13:47:09,569 [main] INFO  grpc.GrpcConfigKeys (ConfUtils.java:logGet(46)) - raft.grpc.server.async.request.thread.pool.size = 32 (default)
2024-04-16 13:47:09,572 [main] INFO  impl.DataStreamServerImpl (ConfUtils.java:logGet(46)) - raft.datastream.type = NETTY (custom)
2024-04-16 13:47:09,584 [main] INFO  server.RaftServerConfigKeys (ConfUtils.java:logGet(46)) - raft.server.data-stream.async.request.thread.pool.cached = false (default)
2024-04-16 13:47:09,584 [main] INFO  server.RaftServerConfigKeys (ConfUtils.java:logGet(46)) - raft.server.data-stream.async.request.thread.pool.size = 20 (custom)
2024-04-16 13:47:09,585 [main] INFO  server.RaftServerConfigKeys (ConfUtils.java:logGet(46)) - raft.server.data-stream.async.write.thread.pool.size = 16 (default)
2024-04-16 13:47:09,586 [main] INFO  netty.NettyConfigKeys$DataStream (ConfUtils.java:logGet(46)) - raft.netty.dataStream.server.channel.inactive.grace-period = 10min (default)
2024-04-16 13:47:09,587 [main] INFO  server.RaftServerConfigKeys (ConfUtils.java:logGet(46)) - raft.server.data-stream.client.pool.size = 10 (default)
2024-04-16 13:47:09,588 [main] INFO  netty.NettyConfigKeys$DataStream (ConfUtils.java:logGet(46)) - raft.netty.dataStream.server.use-epoll = true (default)
2024-04-16 13:47:09,588 [main] INFO  netty.NettyConfigKeys$DataStream (ConfUtils.java:logGet(46)) - raft.netty.dataStream.server.boss-group.size = 0 (default)
2024-04-16 13:47:09,589 [main] INFO  netty.NettyUtils (NettyUtils.java:newEventLoopGroup(69)) - Create EpollEventLoopGroup for db959189-86db-424f-9228-dcd46ac5d3ef-NettyServerStreamRpc-bossGroup; Thread size is 0.
2024-04-16 13:47:09,590 [main] INFO  netty.NettyConfigKeys$DataStream (ConfUtils.java:logGet(46)) - raft.netty.dataStream.server.worker-group.size = 0 (default)
2024-04-16 13:47:09,590 [main] INFO  netty.NettyUtils (NettyUtils.java:newEventLoopGroup(69)) - Create EpollEventLoopGroup for db959189-86db-424f-9228-dcd46ac5d3ef-NettyServerStreamRpc-workerGroup; Thread size is 0.
2024-04-16 13:47:09,591 [main] INFO  netty.NettyConfigKeys$DataStream (ConfUtils.java:logGet(46)) - raft.netty.dataStream.server.tls.conf = null (default)
2024-04-16 13:47:09,592 [main] INFO  netty.NettyConfigKeys$DataStream (ConfUtils.java:logGet(46)) - raft.netty.dataStream.host = null (default)
2024-04-16 13:47:09,593 [main] INFO  netty.NettyConfigKeys$DataStream (ConfUtils.java:logGet(46)) - raft.netty.dataStream.port = 15047 (custom)
2024-04-16 13:47:09,604 [main] INFO  server.RaftServerConfigKeys (ConfUtils.java:logGet(46)) - raft.server.sleep.deviation.threshold = 300ms (default)
2024-04-16 13:47:09,604 [main] INFO  server.RaftServerConfigKeys (ConfUtils.java:logGet(46)) - raft.server.close.threshold = 60s (default)
2024-04-16 13:47:09,605 [main] INFO  server.RaftServerConfigKeys (ConfUtils.java:logGet(46)) - raft.server.leaderelection.leader.step-down.wait-time = 10s (default)
2024-04-16 13:47:09,605 [main] INFO  server.RaftServerConfigKeys (ConfUtils.java:logGet(46)) - raft.server.storage.dir = [/home/runner/work/ozone/ozone/hadoop-ozone/integration-test/target/test-dir/MiniOzoneClusterImpl-f0f26617-5c27-4371-b446-298ac6c8687b/ozone-meta/datanode-1/ratis] (custom)
2024-04-16 13:47:09,606 [main] INFO  server.RaftServerConfigKeys (ConfUtils.java:logGet(46)) - raft.server.threadpool.proxy.cached = true (default)
2024-04-16 13:47:09,606 [main] INFO  server.RaftServerConfigKeys (ConfUtils.java:logGet(46)) - raft.server.threadpool.proxy.size = 0 (default)
2024-04-16 13:47:09,608 [db959189-86db-424f-9228-dcd46ac5d3ef-impl-thread1] INFO  server.RaftServer (RaftServerProxy.java:initGroupDir(264)) - db959189-86db-424f-9228-dcd46ac5d3ef: found a subdirectory /home/runner/work/ozone/ozone/hadoop-ozone/integration-test/target/test-dir/MiniOzoneClusterImpl-f0f26617-5c27-4371-b446-298ac6c8687b/ozone-meta/datanode-1/ratis/tmp
2024-04-16 13:47:09,608 [db959189-86db-424f-9228-dcd46ac5d3ef-impl-thread1] INFO  server.RaftServer (RaftServerProxy.java:initGroupDir(269)) - db959189-86db-424f-9228-dcd46ac5d3ef: The directory /home/runner/work/ozone/ozone/hadoop-ozone/integration-test/target/test-dir/MiniOzoneClusterImpl-f0f26617-5c27-4371-b446-298ac6c8687b/ozone-meta/datanode-1/ratis/tmp is not a group directory; ignoring it. 
2024-04-16 13:47:09,611 [main] INFO  replication.ReplicationServer (ReplicationServer.java:<init>(86)) - Initializing replication server with thread count = 10 queue length = 4096
2024-04-16 13:47:09,612 [db959189-86db-424f-9228-dcd46ac5d3ef-NettyServerStreamRpc-bossGroup--thread1] INFO  logging.LoggingHandler (AbstractInternalLogger.java:log(148)) - [id: 0x645a2570] REGISTERED
2024-04-16 13:47:09,612 [db959189-86db-424f-9228-dcd46ac5d3ef-NettyServerStreamRpc-bossGroup--thread1] INFO  logging.LoggingHandler (AbstractInternalLogger.java:log(148)) - [id: 0x645a2570] BIND: 0.0.0.0/0.0.0.0:15047
2024-04-16 13:47:09,612 [db959189-86db-424f-9228-dcd46ac5d3ef-NettyServerStreamRpc-bossGroup--thread1] INFO  logging.LoggingHandler (AbstractInternalLogger.java:log(148)) - [id: 0x645a2570, L:/0.0.0.0:15047] ACTIVE
2024-04-16 13:47:09,634 [main] INFO  server.XceiverServerGrpc (XceiverServerGrpc.java:<init>(141)) - GrpcServer channel type EpollServerSocketChannel
2024-04-16 13:47:09,715 [scmNode-1-SecretKeyManagerService] INFO  symmetric.SecretKeyManager (SecretKeyManager.java:checkAndRotate(125)) - SecretKey rotation is happening, new key generated SecretKey(id = ccef31cf-7d11-406b-9d50-7c63dd610370, creation at: 2024-04-16T13:47:09.715Z, expire at: 2024-04-16T13:47:12.715Z)
2024-04-16 13:47:09,715 [main] INFO  replication.ReplicationSupervisor (ReplicationSupervisor.java:build(157)) - Initializing replication supervisor with thread count = 10
2024-04-16 13:47:09,718 [main] INFO  replication.ReplicationSupervisor (ReplicationSupervisor.java:nodeStateUpdated(312)) - Node state updated to IN_SERVICE, scaling executor pool size to 10
2024-04-16 13:47:09,725 [8dded7e3-77f4-42cf-91f8-4014f88a5819@group-298AC6C8687B-StateMachineUpdater] INFO  symmetric.SecretKeyStateImpl (SecretKeyStateImpl.java:updateKeysInternal(113)) - Updating keys with [SecretKey(id = fed14fde-48eb-4fff-9e24-80ce46d28ed6, creation at: 2024-04-16T13:47:08.715Z, expire at: 2024-04-16T13:47:11.715Z), SecretKey(id = ab1eaf46-2db9-4af3-a697-3205f7c66f16, creation at: 2024-04-16T13:47:07.623Z, expire at: 2024-04-16T13:47:10.623Z), SecretKey(id = ccef31cf-7d11-406b-9d50-7c63dd610370, creation at: 2024-04-16T13:47:09.715Z, expire at: 2024-04-16T13:47:12.715Z)]
2024-04-16 13:47:09,725 [8dded7e3-77f4-42cf-91f8-4014f88a5819@group-298AC6C8687B-StateMachineUpdater] INFO  symmetric.SecretKeyStateImpl (SecretKeyStateImpl.java:updateKeysInternal(128)) - Current key updated SecretKey(id = ccef31cf-7d11-406b-9d50-7c63dd610370, creation at: 2024-04-16T13:47:09.715Z, expire at: 2024-04-16T13:47:12.715Z)
2024-04-16 13:47:09,725 [8dded7e3-77f4-42cf-91f8-4014f88a5819@group-298AC6C8687B-StateMachineUpdater] INFO  symmetric.LocalSecretKeyStore (LocalSecretKeyStore.java:save(109)) - Saved [SecretKey(id = ccef31cf-7d11-406b-9d50-7c63dd610370, creation at: 2024-04-16T13:47:09.715Z, expire at: 2024-04-16T13:47:12.715Z), SecretKey(id = fed14fde-48eb-4fff-9e24-80ce46d28ed6, creation at: 2024-04-16T13:47:08.715Z, expire at: 2024-04-16T13:47:11.715Z), SecretKey(id = ab1eaf46-2db9-4af3-a697-3205f7c66f16, creation at: 2024-04-16T13:47:07.623Z, expire at: 2024-04-16T13:47:10.623Z)] to file /home/runner/work/ozone/ozone/hadoop-ozone/integration-test/target/test-dir/MiniOzoneClusterImpl-f0f26617-5c27-4371-b446-298ac6c8687b/scmNode-1/scm/keys/secret_keys.json
2024-04-16 13:47:09,726 [8dded7e3-77f4-42cf-91f8-4014f88a5819@group-298AC6C8687B-StateMachineUpdater] INFO  safemode.HealthyPipelineSafeModeRule (HealthyPipelineSafeModeRule.java:initializeRule(172)) - Refreshed total pipeline count is 0, healthy pipeline threshold count is 1
2024-04-16 13:47:09,729 [692eadad-ad12-4257-a6c9-255a711e16c4@group-298AC6C8687B-StateMachineUpdater] INFO  symmetric.SecretKeyStateImpl (SecretKeyStateImpl.java:updateKeysInternal(113)) - Updating keys with [SecretKey(id = fed14fde-48eb-4fff-9e24-80ce46d28ed6, creation at: 2024-04-16T13:47:08.715Z, expire at: 2024-04-16T13:47:11.715Z), SecretKey(id = ab1eaf46-2db9-4af3-a697-3205f7c66f16, creation at: 2024-04-16T13:47:07.623Z, expire at: 2024-04-16T13:47:10.623Z), SecretKey(id = ccef31cf-7d11-406b-9d50-7c63dd610370, creation at: 2024-04-16T13:47:09.715Z, expire at: 2024-04-16T13:47:12.715Z)]
2024-04-16 13:47:09,729 [e74c9e3a-193e-4dbb-b5f5-b6805398d140@group-298AC6C8687B-StateMachineUpdater] INFO  symmetric.SecretKeyStateImpl (SecretKeyStateImpl.java:updateKeysInternal(113)) - Updating keys with [SecretKey(id = fed14fde-48eb-4fff-9e24-80ce46d28ed6, creation at: 2024-04-16T13:47:08.715Z, expire at: 2024-04-16T13:47:11.715Z), SecretKey(id = ab1eaf46-2db9-4af3-a697-3205f7c66f16, creation at: 2024-04-16T13:47:07.623Z, expire at: 2024-04-16T13:47:10.623Z), SecretKey(id = ccef31cf-7d11-406b-9d50-7c63dd610370, creation at: 2024-04-16T13:47:09.715Z, expire at: 2024-04-16T13:47:12.715Z)]
2024-04-16 13:47:09,729 [e74c9e3a-193e-4dbb-b5f5-b6805398d140@group-298AC6C8687B-StateMachineUpdater] INFO  symmetric.SecretKeyStateImpl (SecretKeyStateImpl.java:updateKeysInternal(128)) - Current key updated SecretKey(id = ccef31cf-7d11-406b-9d50-7c63dd610370, creation at: 2024-04-16T13:47:09.715Z, expire at: 2024-04-16T13:47:12.715Z)
2024-04-16 13:47:09,730 [e74c9e3a-193e-4dbb-b5f5-b6805398d140@group-298AC6C8687B-StateMachineUpdater] INFO  symmetric.LocalSecretKeyStore (LocalSecretKeyStore.java:save(109)) - Saved [SecretKey(id = ccef31cf-7d11-406b-9d50-7c63dd610370, creation at: 2024-04-16T13:47:09.715Z, expire at: 2024-04-16T13:47:12.715Z), SecretKey(id = fed14fde-48eb-4fff-9e24-80ce46d28ed6, creation at: 2024-04-16T13:47:08.715Z, expire at: 2024-04-16T13:47:11.715Z), SecretKey(id = ab1eaf46-2db9-4af3-a697-3205f7c66f16, creation at: 2024-04-16T13:47:07.623Z, expire at: 2024-04-16T13:47:10.623Z)] to file /home/runner/work/ozone/ozone/hadoop-ozone/integration-test/target/test-dir/MiniOzoneClusterImpl-f0f26617-5c27-4371-b446-298ac6c8687b/scmNode-2/scm/keys/secret_keys.json
2024-04-16 13:47:09,730 [e74c9e3a-193e-4dbb-b5f5-b6805398d140@group-298AC6C8687B-StateMachineUpdater] INFO  safemode.HealthyPipelineSafeModeRule (HealthyPipelineSafeModeRule.java:initializeRule(172)) - Refreshed total pipeline count is 0, healthy pipeline threshold count is 1
2024-04-16 13:47:09,729 [692eadad-ad12-4257-a6c9-255a711e16c4@group-298AC6C8687B-StateMachineUpdater] INFO  symmetric.SecretKeyStateImpl (SecretKeyStateImpl.java:updateKeysInternal(128)) - Current key updated SecretKey(id = ccef31cf-7d11-406b-9d50-7c63dd610370, creation at: 2024-04-16T13:47:09.715Z, expire at: 2024-04-16T13:47:12.715Z)
2024-04-16 13:47:09,730 [692eadad-ad12-4257-a6c9-255a711e16c4@group-298AC6C8687B-StateMachineUpdater] INFO  symmetric.LocalSecretKeyStore (LocalSecretKeyStore.java:save(109)) - Saved [SecretKey(id = ccef31cf-7d11-406b-9d50-7c63dd610370, creation at: 2024-04-16T13:47:09.715Z, expire at: 2024-04-16T13:47:12.715Z), SecretKey(id = fed14fde-48eb-4fff-9e24-80ce46d28ed6, creation at: 2024-04-16T13:47:08.715Z, expire at: 2024-04-16T13:47:11.715Z), SecretKey(id = ab1eaf46-2db9-4af3-a697-3205f7c66f16, creation at: 2024-04-16T13:47:07.623Z, expire at: 2024-04-16T13:47:10.623Z)] to file /home/runner/work/ozone/ozone/hadoop-ozone/integration-test/target/test-dir/MiniOzoneClusterImpl-f0f26617-5c27-4371-b446-298ac6c8687b/scmNode-3/scm/keys/secret_keys.json
2024-04-16 13:47:09,730 [692eadad-ad12-4257-a6c9-255a711e16c4@group-298AC6C8687B-StateMachineUpdater] INFO  safemode.HealthyPipelineSafeModeRule (HealthyPipelineSafeModeRule.java:initializeRule(172)) - Refreshed total pipeline count is 0, healthy pipeline threshold count is 1
2024-04-16 13:47:09,736 [main] INFO  client.ClientTrustManager (ClientTrustManager.java:loadCerts(148)) - Loading certificates for client.
2024-04-16 13:47:09,798 [main] INFO  http.BaseHttpServer (BaseHttpServer.java:newHttpServer2BuilderForOzone(223)) - Starting Web-server for hddsDatanode at: http://0.0.0.0:15041
2024-04-16 13:47:09,799 [main] INFO  http.BaseHttpServer (BaseHttpServer.java:<init>(110)) - Hadoop Security Enabled: true Ozone Security Enabled: true Ozone HTTP Security Enabled: false 
2024-04-16 13:47:09,800 [main] WARN  server.AuthenticationFilter (AuthenticationFilter.java:constructSecretProvider(240)) - Unable to initialize FileSignerSecretProvider, falling back to use random secrets. Reason: Could not read signature secret file: /home/runner/hadoop-http-auth-signature-secret
2024-04-16 13:47:09,801 [main] INFO  http.HttpRequestLog (HttpRequestLog.java:getRequestLog(86)) - Http request log for http.requests.hddsDatanode is not defined
2024-04-16 13:47:09,803 [main] INFO  http.HttpServer2 (HttpServer2.java:addGlobalFilter(1036)) - Added global filter 'safety' (class=org.apache.hadoop.hdds.server.http.HttpServer2$QuotingInputFilter)
2024-04-16 13:47:09,803 [main] INFO  http.HttpServer2 (HttpServer2.java:addFilter(1012)) - Added filter static_user_filter (class=org.apache.hadoop.http.lib.StaticUserWebFilter$StaticUserFilter) to context hddsDatanode
2024-04-16 13:47:09,804 [main] INFO  http.HttpServer2 (HttpServer2.java:addFilter(1020)) - Added filter static_user_filter (class=org.apache.hadoop.http.lib.StaticUserWebFilter$StaticUserFilter) to context logs
2024-04-16 13:47:09,804 [main] INFO  http.HttpServer2 (HttpServer2.java:addFilter(1020)) - Added filter static_user_filter (class=org.apache.hadoop.http.lib.StaticUserWebFilter$StaticUserFilter) to context static
2024-04-16 13:47:09,805 [main] INFO  http.BaseHttpServer (BaseHttpServer.java:<init>(189)) - HTTP server of hddsDatanode uses base directory /home/runner/work/ozone/ozone/hadoop-ozone/integration-test/target/test-dir/MiniOzoneClusterImpl-f0f26617-5c27-4371-b446-298ac6c8687b/ozone-meta/datanode-1/meta/webserver
2024-04-16 13:47:09,805 [main] INFO  http.HttpServer2 (HttpServer2.java:bindListener(1236)) - Jetty bound to port 15041
2024-04-16 13:47:09,805 [main] INFO  server.Server (Server.java:doStart(375)) - jetty-9.4.53.v20231009; built: 2023-10-09T12:29:09.265Z; git: 27bde00a0b95a1d5bbee0eae7984f891d2d0f8c9; jvm 1.8.0_402-b06
2024-04-16 13:47:09,805 [om1@group-C5BA1605619E-FollowerState] INFO  impl.FollowerState (FollowerState.java:run(143)) - om1@group-C5BA1605619E-FollowerState: change to CANDIDATE, lastRpcElapsedTime:1012348589ns, electionTimeout:1004ms
2024-04-16 13:47:09,805 [om1@group-C5BA1605619E-FollowerState] INFO  impl.RoleInfo (RoleInfo.java:shutdownFollowerState(110)) - om1: shutdown om1@group-C5BA1605619E-FollowerState
2024-04-16 13:47:09,805 [om1@group-C5BA1605619E-FollowerState] INFO  server.RaftServer$Division (RaftServerImpl.java:setRole(383)) - om1@group-C5BA1605619E: changes role from  FOLLOWER to CANDIDATE at term 0 for changeToCandidate
2024-04-16 13:47:09,812 [om1@group-C5BA1605619E-FollowerState] INFO  server.RaftServerConfigKeys (ConfUtils.java:logGet(46)) - raft.server.leaderelection.pre-vote = true (default)
2024-04-16 13:47:09,812 [om1@group-C5BA1605619E-FollowerState] INFO  impl.RoleInfo (RoleInfo.java:updateAndGet(139)) - om1: start om1@group-C5BA1605619E-LeaderElection3
2024-04-16 13:47:09,822 [main] INFO  server.session (DefaultSessionIdManager.java:doStart(334)) - DefaultSessionIdManager workerName=node0
2024-04-16 13:47:09,822 [main] INFO  server.session (DefaultSessionIdManager.java:doStart(339)) - No SessionScavenger set, using defaults
2024-04-16 13:47:09,822 [main] INFO  server.session (HouseKeeper.java:startScavenging(132)) - node0 Scavenging every 660000ms
2024-04-16 13:47:09,823 [main] INFO  handler.ContextHandler (ContextHandler.java:doStart(921)) - Started o.e.j.s.ServletContextHandler@6c171b61{logs,/logs,file:///home/runner/work/ozone/ozone/hadoop-ozone/integration-test/target/log,AVAILABLE}
2024-04-16 13:47:09,824 [main] INFO  handler.ContextHandler (ContextHandler.java:doStart(921)) - Started o.e.j.s.ServletContextHandler@13fda4b0{static,/static,file:///home/runner/work/ozone/ozone/hadoop-hdds/container-service/target/classes/webapps/static,AVAILABLE}
2024-04-16 13:47:09,827 [om1@group-C5BA1605619E-LeaderElection3] INFO  impl.LeaderElection (LeaderElection.java:askForVotes(321)) - om1@group-C5BA1605619E-LeaderElection3 PRE_VOTE round 0: submit vote requests at term 0 for -1: peers:[om1|localhost:15039]|listeners:[], old=null
2024-04-16 13:47:09,827 [om1@group-C5BA1605619E-LeaderElection3] INFO  impl.LeaderElection (LeaderElection.java:askForVotes(323)) - om1@group-C5BA1605619E-LeaderElection3 PRE_VOTE round 0: result PASSED (term=0)
2024-04-16 13:47:09,829 [om1@group-C5BA1605619E-LeaderElection3] INFO  impl.LeaderElection (LeaderElection.java:askForVotes(321)) - om1@group-C5BA1605619E-LeaderElection3 ELECTION round 0: submit vote requests at term 1 for -1: peers:[om1|localhost:15039]|listeners:[], old=null
2024-04-16 13:47:09,829 [om1@group-C5BA1605619E-LeaderElection3] INFO  impl.LeaderElection (LeaderElection.java:askForVotes(323)) - om1@group-C5BA1605619E-LeaderElection3 ELECTION round 0: result PASSED (term=1)
2024-04-16 13:47:09,829 [om1@group-C5BA1605619E-LeaderElection3] INFO  impl.RoleInfo (RoleInfo.java:shutdownLeaderElection(130)) - om1: shutdown om1@group-C5BA1605619E-LeaderElection3
2024-04-16 13:47:09,829 [om1@group-C5BA1605619E-LeaderElection3] INFO  server.RaftServer$Division (RaftServerImpl.java:setRole(383)) - om1@group-C5BA1605619E: changes role from CANDIDATE to LEADER at term 1 for changeToLeader
2024-04-16 13:47:09,829 [om1@group-C5BA1605619E-LeaderElection3] INFO  server.RaftServerConfigKeys (ConfUtils.java:logGet(46)) - raft.server.staging.catchup.gap = 1000 (default)
2024-04-16 13:47:09,823 [SecretKeyPoller] INFO  symmetric.DefaultSecretKeySignerClient (DefaultSecretKeySignerClient.java:checkAndRefresh(167)) - New secret key fetched from SCM: SecretKey(id = ccef31cf-7d11-406b-9d50-7c63dd610370, creation at: 2024-04-16T13:47:09.715Z, expire at: 2024-04-16T13:47:12.715Z).
2024-04-16 13:47:09,822 [om1-SecretKeyPoller] INFO  symmetric.DefaultSecretKeySignerClient (DefaultSecretKeySignerClient.java:checkAndRefresh(167)) - New secret key fetched from SCM: SecretKey(id = ccef31cf-7d11-406b-9d50-7c63dd610370, creation at: 2024-04-16T13:47:09.715Z, expire at: 2024-04-16T13:47:12.715Z).
2024-04-16 13:47:09,829 [om1@group-C5BA1605619E-LeaderElection3] INFO  server.RaftServerConfigKeys (ConfUtils.java:logGet(46)) - raft.server.write.element-limit = 4096 (default)
2024-04-16 13:47:09,830 [om1@group-C5BA1605619E-LeaderElection3] INFO  server.RaftServerConfigKeys (ConfUtils.java:logGet(46)) - raft.server.write.byte-limit = 64MB (=67108864) (default)
2024-04-16 13:47:09,830 [om1@group-C5BA1605619E-LeaderElection3] INFO  server.RaftServerConfigKeys (ConfUtils.java:logGet(46)) - raft.server.watch.timeout = 10s (default)
2024-04-16 13:47:09,830 [om1@group-C5BA1605619E-LeaderElection3] INFO  server.RaftServerConfigKeys (ConfUtils.java:logGet(46)) - raft.server.watch.timeout.denomination = 1s (default)
2024-04-16 13:47:09,830 [om1@group-C5BA1605619E-LeaderElection3] INFO  server.RaftServerConfigKeys (ConfUtils.java:logGet(46)) - raft.server.watch.element-limit = 65536 (default)
2024-04-16 13:47:09,830 [om1@group-C5BA1605619E-LeaderElection3] INFO  server.RaftServerConfigKeys (ConfUtils.java:logGet(46)) - raft.server.read.leader.lease.enabled = false (default)
2024-04-16 13:47:09,830 [om1@group-C5BA1605619E-LeaderElection3] INFO  server.RaftServerConfigKeys (ConfUtils.java:logGet(46)) - raft.server.read.leader.lease.timeout.ratio = 0.9 (default)
2024-04-16 13:47:09,830 [om1@group-C5BA1605619E-LeaderElection3] INFO  server.RaftServerConfigKeys (ConfUtils.java:logGet(46)) - raft.server.rpc.timeout.min = 1s (custom)
2024-04-16 13:47:09,830 [om1@group-C5BA1605619E-LeaderElection3] INFO  server.RaftServerConfigKeys (ConfUtils.java:logGet(46)) - raft.server.write.element-limit = 4096 (default)
2024-04-16 13:47:09,830 [om1@group-C5BA1605619E-LeaderElection3] INFO  server.RaftServerConfigKeys (ConfUtils.java:logGet(46)) - raft.server.write.follower.gap.ratio.max = -1.0 (default)
2024-04-16 13:47:09,830 [om1@group-C5BA1605619E-LeaderElection3] INFO  impl.RoleInfo (RoleInfo.java:updateAndGet(139)) - om1: start om1@group-C5BA1605619E-LeaderStateImpl
2024-04-16 13:47:09,830 [om1@group-C5BA1605619E-LeaderElection3] INFO  server.RaftServer$Division (RaftServerImpl.java:setFirstElection(574)) - om1@group-C5BA1605619E: set firstElectionSinceStartup to false for becomeLeader
2024-04-16 13:47:09,831 [main] INFO  handler.ContextHandler (ContextHandler.java:doStart(921)) - Started o.e.j.w.WebAppContext@177cc9c5{hddsDatanode,/,file:///home/runner/work/ozone/ozone/hadoop-hdds/container-service/target/classes/webapps/hddsDatanode/,AVAILABLE}{file:/home/runner/work/ozone/ozone/hadoop-hdds/container-service/target/classes/webapps/hddsDatanode}
2024-04-16 13:47:09,838 [main] INFO  server.AbstractConnector (AbstractConnector.java:doStart(333)) - Started ServerConnector@376a03f9{HTTP/1.1, (http/1.1)}{0.0.0.0:15041}
2024-04-16 13:47:09,838 [main] INFO  server.Server (Server.java:doStart(415)) - Started @26168ms
2024-04-16 13:47:09,839 [main] WARN  impl.MetricsSystemImpl (MetricsSystemImpl.java:register(279)) - Sink prometheus already exists!
2024-04-16 13:47:09,838 [om1@group-C5BA1605619E-LeaderElection3] INFO  server.RaftServer$Division (ServerState.java:setLeader(269)) - om1@group-C5BA1605619E: change Leader from null to om1 at term 1 for becomeLeader, leader elected after 2178ms
2024-04-16 13:47:09,839 [om1@group-C5BA1605619E-LeaderElection3] INFO  segmented.SegmentedRaftLogWorker (SegmentedRaftLogWorker.java:startLogSegment(430)) - om1@group-C5BA1605619E-SegmentedRaftLogWorker: Starting segment from index:0
2024-04-16 13:47:09,839 [main] INFO  http.BaseHttpServer (BaseHttpServer.java:updateConnectorAddress(354)) - HTTP server of hddsDatanode listening at http://0.0.0.0:15041
2024-04-16 13:47:09,841 [om1@group-C5BA1605619E-LeaderElection3] INFO  server.RaftServer$Division (ServerState.java:setRaftConf(386)) - om1@group-C5BA1605619E: set configuration 0: peers:[om1|localhost:15039]|listeners:[], old=null
2024-04-16 13:47:09,841 [om1@group-C5BA1605619E-SegmentedRaftLogWorker] INFO  segmented.BufferedWriteChannel (BufferedWriteChannel.java:open(62)) - open log_inprogress_0 at position 0
2024-04-16 13:47:09,844 [main] INFO  ipc.CallQueueManager (CallQueueManager.java:<init>(90)) - Using callQueue: class java.util.concurrent.LinkedBlockingQueue, queueCapacity: 100, scheduler: class org.apache.hadoop.ipc.DefaultRpcScheduler, ipcBackoff: false.
2024-04-16 13:47:09,847 [main] INFO  ipc.Server (Server.java:<init>(1287)) - Listener at 0.0.0.0:15042
2024-04-16 13:47:09,849 [Socket Reader #1 for port 15042] INFO  ipc.Server (Server.java:run(1323)) - Starting Socket Reader #1 for port 15042
2024-04-16 13:47:09,851 [om1@group-C5BA1605619E-SegmentedRaftLogWorker] INFO  segmented.SegmentedRaftLogWorker (SegmentedRaftLogWorker.java:execute(634)) - om1@group-C5BA1605619E-SegmentedRaftLogWorker: created new log segment /home/runner/work/ozone/ozone/hadoop-ozone/integration-test/target/test-dir/MiniOzoneClusterImpl-f0f26617-5c27-4371-b446-298ac6c8687b/ozone-meta/ratis/bf265839-605b-3f16-9796-c5ba1605619e/current/log_inprogress_0
2024-04-16 13:47:09,855 [main] INFO  ozone.HddsDatanodeService (HddsDatanodeService.java:start(327)) - Datanode start with admins: [runner, scm]
2024-04-16 13:47:09,855 [main] INFO  ozone.HddsDatanodeClientProtocolServer (HddsDatanodeClientProtocolServer.java:start(77)) - RPC server for Client /0.0.0.0:15042
2024-04-16 13:47:09,856 [IPC Server Responder] INFO  ipc.Server (Server.java:run(1562)) - IPC Server Responder: starting
2024-04-16 13:47:09,853 [om1@group-C5BA1605619E-StateMachineUpdater] INFO  ratis.OzoneManagerStateMachine (OzoneManagerStateMachine.java:notifyConfigurationChanged(212)) - Received Configuration change notification from Ratis. New Peer list:
[id: "om1"
address: "localhost:15039"
startupRole: FOLLOWER
]
2024-04-16 13:47:09,861 [om1@group-C5BA1605619E-StateMachineUpdater] INFO  server.RaftServer$Division (LeaderStateImpl.java:isApplied(320)) - leader is ready since appliedIndex == 0 >= startIndex == 0
2024-04-16 13:47:09,861 [IPC Server listener on 15042] INFO  ipc.Server (Server.java:run(1402)) - IPC Server listener on 15042: starting
2024-04-16 13:47:09,865 [db959189-86db-424f-9228-dcd46ac5d3ef-DatanodeStateMachineDaemonThread] INFO  statemachine.DatanodeStateMachine (DatanodeStateMachine.java:lambda$startDaemon$1(555)) - Ozone container server started.
2024-04-16 13:47:09,866 [main] WARN  dropwizard3.Dm3MetricRegistriesImpl (Dm3MetricRegistriesImpl.java:addReporterRegistration(113)) - New reporters are added after registries were created. Some metrics will be missing from the reporter. Please add reporter before adding any new registry.
2024-04-16 13:47:09,868 [main] WARN  dropwizard3.Dm3MetricRegistriesImpl (Dm3MetricRegistriesImpl.java:addReporterRegistration(113)) - New reporters are added after registries were created. Some metrics will be missing from the reporter. Please add reporter before adding any new registry.
2024-04-16 13:47:09,868 [main] INFO  impl.MetricsSystemImpl (MetricsSystemImpl.java:init(158)) - HddsDatanode metrics system started (again)
2024-04-16 13:47:09,872 [db959189-86db-424f-9228-dcd46ac5d3ef-DatanodeStateMachineTaskThread-0] INFO  ha.SCMNodeInfo (SCMNodeInfo.java:getPort(197)) - ConfigKey ozone.scm.client.address is deprecated, For configuring different ports for each SCM use PortConfigKey ozone.scm.client.port appended with serviceId and nodeId
2024-04-16 13:47:09,872 [db959189-86db-424f-9228-dcd46ac5d3ef-DatanodeStateMachineTaskThread-0] INFO  ha.SCMNodeInfo (SCMNodeInfo.java:getPort(197)) - ConfigKey ozone.scm.block.client.address is deprecated, For configuring different ports for each SCM use PortConfigKey ozone.scm.block.client.port appended with serviceId and nodeId
2024-04-16 13:47:09,873 [db959189-86db-424f-9228-dcd46ac5d3ef-DatanodeStateMachineTaskThread-0] INFO  ha.SCMNodeInfo (SCMNodeInfo.java:getPort(197)) - ConfigKey ozone.scm.security.service.address is deprecated, For configuring different ports for each SCM use PortConfigKey ozone.scm.security.service.port appended with serviceId and nodeId
2024-04-16 13:47:09,873 [db959189-86db-424f-9228-dcd46ac5d3ef-DatanodeStateMachineTaskThread-0] INFO  ha.SCMNodeInfo (SCMNodeInfo.java:getPort(197)) - ConfigKey ozone.scm.datanode.address is deprecated, For configuring different ports for each SCM use PortConfigKey ozone.scm.datanode.port appended with serviceId and nodeId
2024-04-16 13:47:09,873 [db959189-86db-424f-9228-dcd46ac5d3ef-DatanodeStateMachineTaskThread-0] INFO  ha.SCMNodeInfo (SCMNodeInfo.java:getPort(197)) - ConfigKey ozone.scm.client.address is deprecated, For configuring different ports for each SCM use PortConfigKey ozone.scm.client.port appended with serviceId and nodeId
2024-04-16 13:47:09,873 [db959189-86db-424f-9228-dcd46ac5d3ef-DatanodeStateMachineTaskThread-0] INFO  ha.SCMNodeInfo (SCMNodeInfo.java:getPort(197)) - ConfigKey ozone.scm.block.client.address is deprecated, For configuring different ports for each SCM use PortConfigKey ozone.scm.block.client.port appended with serviceId and nodeId
2024-04-16 13:47:09,873 [db959189-86db-424f-9228-dcd46ac5d3ef-DatanodeStateMachineTaskThread-0] INFO  ha.SCMNodeInfo (SCMNodeInfo.java:getPort(197)) - ConfigKey ozone.scm.security.service.address is deprecated, For configuring different ports for each SCM use PortConfigKey ozone.scm.security.service.port appended with serviceId and nodeId
2024-04-16 13:47:09,873 [db959189-86db-424f-9228-dcd46ac5d3ef-DatanodeStateMachineTaskThread-0] INFO  ha.SCMNodeInfo (SCMNodeInfo.java:getPort(197)) - ConfigKey ozone.scm.datanode.address is deprecated, For configuring different ports for each SCM use PortConfigKey ozone.scm.datanode.port appended with serviceId and nodeId
2024-04-16 13:47:09,873 [db959189-86db-424f-9228-dcd46ac5d3ef-DatanodeStateMachineTaskThread-0] INFO  ha.SCMNodeInfo (SCMNodeInfo.java:getPort(197)) - ConfigKey ozone.scm.client.address is deprecated, For configuring different ports for each SCM use PortConfigKey ozone.scm.client.port appended with serviceId and nodeId
2024-04-16 13:47:09,873 [db959189-86db-424f-9228-dcd46ac5d3ef-DatanodeStateMachineTaskThread-0] INFO  ha.SCMNodeInfo (SCMNodeInfo.java:getPort(197)) - ConfigKey ozone.scm.block.client.address is deprecated, For configuring different ports for each SCM use PortConfigKey ozone.scm.block.client.port appended with serviceId and nodeId
2024-04-16 13:47:09,873 [db959189-86db-424f-9228-dcd46ac5d3ef-DatanodeStateMachineTaskThread-0] INFO  ha.SCMNodeInfo (SCMNodeInfo.java:getPort(197)) - ConfigKey ozone.scm.security.service.address is deprecated, For configuring different ports for each SCM use PortConfigKey ozone.scm.security.service.port appended with serviceId and nodeId
2024-04-16 13:47:09,873 [db959189-86db-424f-9228-dcd46ac5d3ef-DatanodeStateMachineTaskThread-0] INFO  ha.SCMNodeInfo (SCMNodeInfo.java:getPort(197)) - ConfigKey ozone.scm.datanode.address is deprecated, For configuring different ports for each SCM use PortConfigKey ozone.scm.datanode.port appended with serviceId and nodeId
2024-04-16 13:47:09,885 [main] INFO  ozone.HddsDatanodeService (HddsDatanodeService.java:start(240)) - HddsDatanodeService host:fv-az1428-817.utppd1leec2uvmgjoennxb5ynh.ex.internal.cloudapp.net ip:10.1.0.24
2024-04-16 13:47:09,886 [main] INFO  ozone.HddsDatanodeService (HddsDatanodeService.java:start(248)) - Ozone security is enabled. Attempting login for Hdds Datanode user. Principal: scm/fv-az1428-817.utppd1leec2uvmgjoennxb5ynh.ex.internal.cloudapp.net@EXAMPLE.COM,keytab: /tmp/junit7181330858034172137/scm.keytab
2024-04-16 13:47:09,888 [pool-1-thread-1] INFO  request.KdcRequest (KdcRequest.java:preauth(651)) - The preauth data is empty.
2024-04-16 13:47:09,888 [pool-1-thread-1] INFO  server.KdcHandler (KdcHandler.java:handleRecoverableException(177)) - KRB error occurred while processing request:Additional pre-authentication required
2024-04-16 13:47:09,895 [pool-1-thread-1] INFO  request.AsRequest (AsRequest.java:issueTicket(112)) - AS_REQ ISSUE: authtime 1713275229895,scm/fv-az1428-817.utppd1leec2uvmgjoennxb5ynh.ex.internal.cloudapp.net@EXAMPLE.COM for krbtgt/EXAMPLE.COM@EXAMPLE.COM
2024-04-16 13:47:09,899 [main] INFO  security.UserGroupInformation (UserGroupInformation.java:loginUserFromKeytab(1132)) - Login successful for user scm/fv-az1428-817.utppd1leec2uvmgjoennxb5ynh.ex.internal.cloudapp.net@EXAMPLE.COM using keytab file scm.keytab. Keytab auto renewal enabled : false
2024-04-16 13:47:09,899 [main] INFO  ozone.HddsDatanodeService (HddsDatanodeService.java:start(266)) - Hdds Datanode login successful.
2024-04-16 13:47:09,919 [main] INFO  ozone.HddsDatanodeService (HddsDatanodeService.java:initializeCertificateClient(388)) - Initializing secure Datanode.
2024-04-16 13:47:09,921 [main] INFO  ha.SCMNodeInfo (SCMNodeInfo.java:getPort(197)) - ConfigKey ozone.scm.client.address is deprecated, For configuring different ports for each SCM use PortConfigKey ozone.scm.client.port appended with serviceId and nodeId
2024-04-16 13:47:09,921 [main] INFO  ha.SCMNodeInfo (SCMNodeInfo.java:getPort(197)) - ConfigKey ozone.scm.block.client.address is deprecated, For configuring different ports for each SCM use PortConfigKey ozone.scm.block.client.port appended with serviceId and nodeId
2024-04-16 13:47:09,922 [main] INFO  ha.SCMNodeInfo (SCMNodeInfo.java:getPort(197)) - ConfigKey ozone.scm.security.service.address is deprecated, For configuring different ports for each SCM use PortConfigKey ozone.scm.security.service.port appended with serviceId and nodeId
2024-04-16 13:47:09,922 [main] INFO  ha.SCMNodeInfo (SCMNodeInfo.java:getPort(197)) - ConfigKey ozone.scm.datanode.address is deprecated, For configuring different ports for each SCM use PortConfigKey ozone.scm.datanode.port appended with serviceId and nodeId
2024-04-16 13:47:09,922 [main] INFO  ha.SCMNodeInfo (SCMNodeInfo.java:getPort(197)) - ConfigKey ozone.scm.client.address is deprecated, For configuring different ports for each SCM use PortConfigKey ozone.scm.client.port appended with serviceId and nodeId
2024-04-16 13:47:09,922 [main] INFO  ha.SCMNodeInfo (SCMNodeInfo.java:getPort(197)) - ConfigKey ozone.scm.block.client.address is deprecated, For configuring different ports for each SCM use PortConfigKey ozone.scm.block.client.port appended with serviceId and nodeId
2024-04-16 13:47:09,930 [main] INFO  ha.SCMNodeInfo (SCMNodeInfo.java:getPort(197)) - ConfigKey ozone.scm.security.service.address is deprecated, For configuring different ports for each SCM use PortConfigKey ozone.scm.security.service.port appended with serviceId and nodeId
2024-04-16 13:47:09,931 [main] INFO  ha.SCMNodeInfo (SCMNodeInfo.java:getPort(197)) - ConfigKey ozone.scm.datanode.address is deprecated, For configuring different ports for each SCM use PortConfigKey ozone.scm.datanode.port appended with serviceId and nodeId
2024-04-16 13:47:09,931 [main] INFO  ha.SCMNodeInfo (SCMNodeInfo.java:getPort(197)) - ConfigKey ozone.scm.client.address is deprecated, For configuring different ports for each SCM use PortConfigKey ozone.scm.client.port appended with serviceId and nodeId
2024-04-16 13:47:09,931 [main] INFO  ha.SCMNodeInfo (SCMNodeInfo.java:getPort(197)) - ConfigKey ozone.scm.block.client.address is deprecated, For configuring different ports for each SCM use PortConfigKey ozone.scm.block.client.port appended with serviceId and nodeId
2024-04-16 13:47:09,931 [main] INFO  ha.SCMNodeInfo (SCMNodeInfo.java:getPort(197)) - ConfigKey ozone.scm.security.service.address is deprecated, For configuring different ports for each SCM use PortConfigKey ozone.scm.security.service.port appended with serviceId and nodeId
2024-04-16 13:47:09,931 [db959189-86db-424f-9228-dcd46ac5d3ef-DatanodeStateMachineTaskThread-0] INFO  datanode.InitDatanodeState (InitDatanodeState.java:persistContainerDatanodeDetails(139)) - DatanodeDetails is persisted to /home/runner/work/ozone/ozone/hadoop-ozone/integration-test/target/test-dir/MiniOzoneClusterImpl-f0f26617-5c27-4371-b446-298ac6c8687b/ozone-meta/datanode-1/meta/datanode.id
2024-04-16 13:47:09,932 [main] INFO  ha.SCMNodeInfo (SCMNodeInfo.java:getPort(197)) - ConfigKey ozone.scm.datanode.address is deprecated, For configuring different ports for each SCM use PortConfigKey ozone.scm.datanode.port appended with serviceId and nodeId
2024-04-16 13:47:09,932 [main] INFO  client.DNCertificateClient (DefaultCertificateClient.java:updateCertSerialId(1313)) - Certificate serial ID set to null
2024-04-16 13:47:09,932 [main] ERROR client.DNCertificateClient (DefaultCertificateClient.java:getCertPath(376)) - Default certificate serial id is not set. Can't locate the default certificate for this client.
2024-04-16 13:47:09,932 [main] INFO  client.DNCertificateClient (DefaultCertificateClient.java:init(720)) - Certificate client init case: 0
2024-04-16 13:47:09,933 [main] INFO  client.DNCertificateClient (DefaultCertificateClient.java:handleCase(738)) - Creating keypair for client as keypair and certificate not found.
2024-04-16 13:47:10,064 [main] INFO  client.DNCertificateClient (DefaultCertificateClient.java:recoverStateIfNeeded(800)) - Init response: GETCERT
2024-04-16 13:47:10,064 [main] INFO  ozone.OzoneSecurityUtil (OzoneSecurityUtil.java:getValidInetsForCurrentHost(119)) - ip:fe80:0:0:0:20d:3aff:fed3:5b6b%eth0 not returned.
2024-04-16 13:47:10,064 [main] INFO  ozone.OzoneSecurityUtil (OzoneSecurityUtil.java:getValidInetsForCurrentHost(116)) - Adding ip:10.1.0.24,host:fv-az1428-817.utppd1leec2uvmgjoennxb5ynh.ex.internal.cloudapp.net
2024-04-16 13:47:10,065 [main] INFO  ozone.OzoneSecurityUtil (OzoneSecurityUtil.java:getValidInetsForCurrentHost(119)) - ip:0:0:0:0:0:0:0:1%lo not returned.
2024-04-16 13:47:10,065 [main] INFO  ozone.OzoneSecurityUtil (OzoneSecurityUtil.java:getValidInetsForCurrentHost(119)) - ip:127.0.0.1 not returned.
2024-04-16 13:47:10,065 [main] INFO  client.DNCertificateClient (DNCertificateClient.java:getCSRBuilder(86)) - Created csr for DN-> subject:scm@fv-az1428-817.utppd1leec2uvmgjoennxb5ynh.ex.internal.cloudapp.net
2024-04-16 13:47:10,073 [pool-1-thread-1] INFO  request.TgsRequest (TgsRequest.java:issueTicket(115)) - TGS_REQ ISSUE: authtime 1713275230072,scm/fv-az1428-817.utppd1leec2uvmgjoennxb5ynh.ex.internal.cloudapp.net for scm/fv-az1428-817.utppd1leec2uvmgjoennxb5ynh.ex.internal.cloudapp.net@EXAMPLE.COM
2024-04-16 13:47:10,082 [Socket Reader #1 for port 15002] INFO  ipc.Server (Server.java:saslProcess(2139)) - Auth successful for scm/fv-az1428-817.utppd1leec2uvmgjoennxb5ynh.ex.internal.cloudapp.net@EXAMPLE.COM (auth:KERBEROS) from fv-az1428-817.utppd1leec2uvmgjoennxb5ynh.ex.internal.cloudapp.net:42281 / 10.1.0.24:42281
2024-04-16 13:47:10,087 [Socket Reader #1 for port 15002] INFO  authorize.ServiceAuthorizationManager (ServiceAuthorizationManager.java:authorize(137)) - Authorization successful for scm/fv-az1428-817.utppd1leec2uvmgjoennxb5ynh.ex.internal.cloudapp.net@EXAMPLE.COM (auth:KERBEROS) for protocol=interface org.apache.hadoop.hdds.protocol.SCMSecurityProtocol
2024-04-16 13:47:10,088 [IPC Server handler 0 on default port 15002] INFO  server.SCMSecurityProtocolServer (SCMSecurityProtocolServer.java:getDataNodeCertificate(198)) - Processing CSR for dn fv-az1428-817.utppd1leec2uvmgjoennxb5ynh.ex.internal.cloudapp.net, UUID: 88d255ec-0e94-4950-ab45-ac807e327f1f
2024-04-16 13:47:10,093 [8dded7e3-77f4-42cf-91f8-4014f88a5819@group-298AC6C8687B-StateMachineUpdater] INFO  safemode.HealthyPipelineSafeModeRule (HealthyPipelineSafeModeRule.java:initializeRule(172)) - Refreshed total pipeline count is 0, healthy pipeline threshold count is 1
2024-04-16 13:47:10,093 [IPC Server handler 0 on default port 15002] INFO  ha.SequenceIdGenerator (SequenceIdGenerator.java:getNextId(145)) - Allocate a batch for CertificateId, change lastId from 6 to 7.
2024-04-16 13:47:10,094 [e74c9e3a-193e-4dbb-b5f5-b6805398d140@group-298AC6C8687B-StateMachineUpdater] INFO  safemode.HealthyPipelineSafeModeRule (HealthyPipelineSafeModeRule.java:initializeRule(172)) - Refreshed total pipeline count is 0, healthy pipeline threshold count is 1
2024-04-16 13:47:10,096 [IPC Server handler 0 on default port 15002] INFO  authority.DefaultApprover (DefaultApprover.java:sign(157)) - Extensions in CSR: 2.5.29.15, 2.5.29.17
2024-04-16 13:47:10,096 [IPC Server handler 0 on default port 15002] INFO  authority.DefaultApprover (DefaultApprover.java:sign(161)) - Extensions to add to the certificate if they present in CSR: 2.5.29.17, 2.5.29.19, 1.3.6.1.5.5.7.1.12, 2.5.29.35, 2.5.29.37, 2.5.29.15
2024-04-16 13:47:10,096 [692eadad-ad12-4257-a6c9-255a711e16c4@group-298AC6C8687B-StateMachineUpdater] INFO  safemode.HealthyPipelineSafeModeRule (HealthyPipelineSafeModeRule.java:initializeRule(172)) - Refreshed total pipeline count is 0, healthy pipeline threshold count is 1
2024-04-16 13:47:10,119 [8dded7e3-77f4-42cf-91f8-4014f88a5819@group-298AC6C8687B-StateMachineUpdater] INFO  safemode.HealthyPipelineSafeModeRule (HealthyPipelineSafeModeRule.java:initializeRule(172)) - Refreshed total pipeline count is 0, healthy pipeline threshold count is 1
2024-04-16 13:47:10,123 [692eadad-ad12-4257-a6c9-255a711e16c4@group-298AC6C8687B-StateMachineUpdater] INFO  safemode.HealthyPipelineSafeModeRule (HealthyPipelineSafeModeRule.java:initializeRule(172)) - Refreshed total pipeline count is 0, healthy pipeline threshold count is 1
2024-04-16 13:47:10,133 [e74c9e3a-193e-4dbb-b5f5-b6805398d140@group-298AC6C8687B-StateMachineUpdater] INFO  safemode.HealthyPipelineSafeModeRule (HealthyPipelineSafeModeRule.java:initializeRule(172)) - Refreshed total pipeline count is 0, healthy pipeline threshold count is 1
2024-04-16 13:47:10,141 [main] INFO  utils.CertificateCodec (CertificateCodec.java:writeCertificate(299)) - Save certificate to /home/runner/work/ozone/ozone/hadoop-ozone/integration-test/target/test-dir/MiniOzoneClusterImpl-f0f26617-5c27-4371-b446-298ac6c8687b/ozone-meta/datanode-2/meta/dn/certs/7.crt
2024-04-16 13:47:10,141 [main] INFO  utils.CertificateCodec (CertificateCodec.java:writeCertificate(300)) - Certificate -----BEGIN CERTIFICATE-----
MIIEIzCCAwugAwIBAgIBBzANBgkqhkiG9w0BAQsFADCBhjEaMBgGA1UEAwwRc2Nt
LXN1YkBsb2NhbGhvc3QxLTArBgNVBAsMJDhkZGVkN2UzLTc3ZjQtNDJjZi05MWY4
LTQwMTRmODhhNTgxOTEtMCsGA1UECgwkZjBmMjY2MTctNWMyNy00MzcxLWI0NDYt
Mjk4YWM2Yzg2ODdiMQowCAYDVQQFEwEyMB4XDTI0MDQxNjEzNDcxMFoXDTI1MDQx
NjEzNDcxMFowgboxTjBMBgNVBAMMRXNjbUBmdi1hejE0MjgtODE3LnV0cHBkMWxl
ZWMydXZtZ2pvZW5ueGI1eW5oLmV4LmludGVybmFsLmNsb3VkYXBwLm5ldDEtMCsG
A1UECwwkOGRkZWQ3ZTMtNzdmNC00MmNmLTkxZjgtNDAxNGY4OGE1ODE5MS0wKwYD
VQQKDCRmMGYyNjYxNy01YzI3LTQzNzEtYjQ0Ni0yOThhYzZjODY4N2IxCjAIBgNV
BAUTATcwggEiMA0GCSqGSIb3DQEBAQUAA4IBDwAwggEKAoIBAQCKkocXrdsWG8z1
Sm6tfqIXnq1XOlDPiAwL5RhNUVo/H8VTp85xAx/zbBXu4KMpaZpHECf64MW7My8N
dBQY/PHCKf4qGFzUbfYiEbMcf+S02pl5fjJELRFVdCBYCQMdanmgRlC6Ob0xnQUE
DKZgE/nzNsOfsDM3zwY7EpZdxvYxgkvy9pyS/+2gK/thxeMWP2m4pqhj4u/BvuFO
ItvFdJ2V3cf7dZrC79LEPyeREJfBpj6r1Zq4xTuwW/kCuTtd1rIq2ClurqNCEIoN
ncht7cjuwXN09pupdgr7hTIS+H0BjHGK5t0jL98wDmFPuuIy4ylDgkPmNEim24UF
zVtfSVqTAgMBAAGjZjBkMFIGA1UdEQRLMEmHBAoBABiCQWZ2LWF6MTQyOC04MTcu
dXRwcGQxbGVlYzJ1dm1nam9lbm54YjV5bmguZXguaW50ZXJuYWwuY2xvdWRhcHAu
bmV0MA4GA1UdDwEB/wQEAwIDuDANBgkqhkiG9w0BAQsFAAOCAQEAQ/b/M4oK+Bhj
GljNOp6yz5SAgoR3TPjciSKtpXJKjUx8M7LnRJy5mv6q2FEAUBz0RBCxKg1H9Rmj
bmVWk8j1ykllVDhH+QmXmmRT/uIq/smq0IAyG2fUCgfgt73YFcSUJ7S34Au9tSqG
1oVFf1iOB1P+kvefOG76jdmoSlfVUF430GruhnNgdS/NeeT8VlYJRkqQqKJzvtDF
8NYbRzGejjtLZbiqVJxM8Nr/Idv2zd8j4nxMTZ2fGFAMJXuOUD27rCxn52Bs1zKd
9Rr1NfOVGqjrWXR3yaD7dJ9Ne95ki9goP3dncNe4QcKj6tOfz+olt0Veq2aU3iiC
V+GD9+ZZ0g==
-----END CERTIFICATE-----

-----BEGIN CERTIFICATE-----
MIIEADCCAuigAwIBAgIBAjANBgkqhkiG9w0BAQsFADCBhjEaMBgGA1UEAwwRc2Nt
QGZ2LWF6MTQyOC04MTcxLTArBgNVBAsMJDhkZGVkN2UzLTc3ZjQtNDJjZi05MWY4
LTQwMTRmODhhNTgxOTEtMCsGA1UECgwkZjBmMjY2MTctNWMyNy00MzcxLWI0NDYt
Mjk4YWM2Yzg2ODdiMQowCAYDVQQFEwExMB4XDTI0MDQxNjEzNDY0N1oXDTI5MDUy
NTEzNDY0N1owgYYxGjAYBgNVBAMMEXNjbS1zdWJAbG9jYWxob3N0MS0wKwYDVQQL
DCQ4ZGRlZDdlMy03N2Y0LTQyY2YtOTFmOC00MDE0Zjg4YTU4MTkxLTArBgNVBAoM
JGYwZjI2NjE3LTVjMjctNDM3MS1iNDQ2LTI5OGFjNmM4Njg3YjEKMAgGA1UEBRMB
MjCCASIwDQYJKoZIhvcNAQEBBQADggEPADCCAQoCggEBANjK/P+mL7p/u+YqC04x
JXmPB1dsWFp4EF57J5ivqFJRwh/Bg2et8qas7mEQFm8U6j0ccBRafon2235E18u9
+NfYaKHLS+nDjvNSCoN/FjHLJZWraFNx+xfjFeL/k1qIG2zajLlA9QvW8fS+0r3c
A+ayKor3ATWDYmV7Ob+hsjKxluUDgcuiSq15XKuxoTjH72DH0rQfnnMlrMCxMvtu
dji0xGpaC5ez0jeLGUyNBsLUIUei3V7SAy/ZN4AwkLti5ZsCKmgouYBm90Y6S9HZ
DHWhqL51SwQ2IOXzH5AFuGzyh+mJptEWH45tg88hTOKumH1Ie1E3TVaO7pdJuYPj
xysCAwEAAaN3MHUwUgYDVR0RBEswSYcECgEAGIJBZnYtYXoxNDI4LTgxNy51dHBw
ZDFsZWVjMnV2bWdqb2VubnhiNXluaC5leC5pbnRlcm5hbC5jbG91ZGFwcC5uZXQw
DwYDVR0TAQH/BAUwAwEB/zAOBgNVHQ8BAf8EBAMCAb4wDQYJKoZIhvcNAQELBQAD
ggEBACEtgKPf7lI4xY5m6Nc/Uvnaz+1nMnweOVF+spvhToSuCwQFJQkZXTm6C+NL
IXISjf8UkNCQOjglwn6SVo5qSL4hV+R6TJb4KYGZnv3HkzXZOX6adUAntMCz/Eyb
K2e+9VX98G7BdgCC9zw9ay+G6dDhWgReJGId2FvKdNvHvnu1Lb5QMcGSvPgk3wy5
UM8JmsmlJyKmO5e7bL77eaBki9UiVO/AuyQKn6nKHSe3xU0k4077lfI3X+6BpyC/
CXBsA9cwqx+whSdXN4v6TiADtVtGyNu/JcNIIpOLjNaqHTNl8lrQJxkurmBtazuT
728SGx7oeDF0blooC6rZBTRfDO4=
-----END CERTIFICATE-----

-----BEGIN CERTIFICATE-----
MIIEADCCAuigAwIBAgIBATANBgkqhkiG9w0BAQsFADCBhjEaMBgGA1UEAwwRc2Nt
QGZ2LWF6MTQyOC04MTcxLTArBgNVBAsMJDhkZGVkN2UzLTc3ZjQtNDJjZi05MWY4
LTQwMTRmODhhNTgxOTEtMCsGA1UECgwkZjBmMjY2MTctNWMyNy00MzcxLWI0NDYt
Mjk4YWM2Yzg2ODdiMQowCAYDVQQFEwExMB4XDTI0MDQxNjEzNDY0N1oXDTI5MDUy
NTEzNDY0N1owgYYxGjAYBgNVBAMMEXNjbUBmdi1hejE0MjgtODE3MS0wKwYDVQQL
DCQ4ZGRlZDdlMy03N2Y0LTQyY2YtOTFmOC00MDE0Zjg4YTU4MTkxLTArBgNVBAoM
JGYwZjI2NjE3LTVjMjctNDM3MS1iNDQ2LTI5OGFjNmM4Njg3YjEKMAgGA1UEBRMB
MTCCASIwDQYJKoZIhvcNAQEBBQADggEPADCCAQoCggEBAMdtp7i7wP+lZLzZlPEE
4ziTdvjbCpGrdZCLChtSQLrdxV06GLmEabfobsvIMsZju2cUyDma9RiOA8urazjr
T0XTQxsX5BabB78z/T+NgoWRlUczqIHSvVsksGtE8jP1agbenXJsc36dgYwP2OrA
YNuB5W7gX4iDyfKvYYm0rMkCiiphA6H6b+3I0ClnzGY10hEpVJofQUBylhoECsgY
lDuq146wIl7tvx2SxLlonnuYJ390L+N4gLYbeynYK7dPFxflao+2lo3vrHohnh6L
ybpQEBDNGMHusj8xERdMNn+tF+KcZxPjaIXZF6JyLwh3tDmxaC39HljYjTDurvF6
JwUCAwEAAaN3MHUwDwYDVR0TAQH/BAUwAwEB/zAOBgNVHQ8BAf8EBAMCAQYwUgYD
VR0RBEswSYcECgEAGIJBZnYtYXoxNDI4LTgxNy51dHBwZDFsZWVjMnV2bWdqb2Vu
bnhiNXluaC5leC5pbnRlcm5hbC5jbG91ZGFwcC5uZXQwDQYJKoZIhvcNAQELBQAD
ggEBAFi/vd/JLFd80EHBkMWQiD/wOJF1uwJBiLVL0XjS+CHo9XKIvvVxlUbJKNLr
zNXby38x4g0M7eoVEhITlw3yuv3B/pv315rYWtagwSvKLJKElQwT75qQ5v47W1RA
oSHk50lTe9Hmf2ndT+JFGcvhTS495C5jP2eIXKKxZPA8CDZbT+/HNa0Q5/LB0ATk
MZTG1TfQ8e/B+vvXO7D6PNBvTOlb77jSmjPCF7NKUq0Q7lDf40auSUc4AnjkxUSg
MbqkVs+mMULzy7c5doSHogjqsYMXWJQkcQmZttuADrLD7ebFVoTA8PRw59oRULJ1
YRwiVFPoWUDsL88+Dl3P1mWZdYs=
-----END CERTIFICATE-----

2024-04-16 13:47:10,142 [main] INFO  utils.CertificateCodec (CertificateCodec.java:writeCertificate(299)) - Save certificate to /home/runner/work/ozone/ozone/hadoop-ozone/integration-test/target/test-dir/MiniOzoneClusterImpl-f0f26617-5c27-4371-b446-298ac6c8687b/ozone-meta/datanode-2/meta/dn/certs/CA-2.crt
2024-04-16 13:47:10,142 [main] INFO  utils.CertificateCodec (CertificateCodec.java:writeCertificate(300)) - Certificate -----BEGIN CERTIFICATE-----
MIIEADCCAuigAwIBAgIBAjANBgkqhkiG9w0BAQsFADCBhjEaMBgGA1UEAwwRc2Nt
QGZ2LWF6MTQyOC04MTcxLTArBgNVBAsMJDhkZGVkN2UzLTc3ZjQtNDJjZi05MWY4
LTQwMTRmODhhNTgxOTEtMCsGA1UECgwkZjBmMjY2MTctNWMyNy00MzcxLWI0NDYt
Mjk4YWM2Yzg2ODdiMQowCAYDVQQFEwExMB4XDTI0MDQxNjEzNDY0N1oXDTI5MDUy
NTEzNDY0N1owgYYxGjAYBgNVBAMMEXNjbS1zdWJAbG9jYWxob3N0MS0wKwYDVQQL
DCQ4ZGRlZDdlMy03N2Y0LTQyY2YtOTFmOC00MDE0Zjg4YTU4MTkxLTArBgNVBAoM
JGYwZjI2NjE3LTVjMjctNDM3MS1iNDQ2LTI5OGFjNmM4Njg3YjEKMAgGA1UEBRMB
MjCCASIwDQYJKoZIhvcNAQEBBQADggEPADCCAQoCggEBANjK/P+mL7p/u+YqC04x
JXmPB1dsWFp4EF57J5ivqFJRwh/Bg2et8qas7mEQFm8U6j0ccBRafon2235E18u9
+NfYaKHLS+nDjvNSCoN/FjHLJZWraFNx+xfjFeL/k1qIG2zajLlA9QvW8fS+0r3c
A+ayKor3ATWDYmV7Ob+hsjKxluUDgcuiSq15XKuxoTjH72DH0rQfnnMlrMCxMvtu
dji0xGpaC5ez0jeLGUyNBsLUIUei3V7SAy/ZN4AwkLti5ZsCKmgouYBm90Y6S9HZ
DHWhqL51SwQ2IOXzH5AFuGzyh+mJptEWH45tg88hTOKumH1Ie1E3TVaO7pdJuYPj
xysCAwEAAaN3MHUwUgYDVR0RBEswSYcECgEAGIJBZnYtYXoxNDI4LTgxNy51dHBw
ZDFsZWVjMnV2bWdqb2VubnhiNXluaC5leC5pbnRlcm5hbC5jbG91ZGFwcC5uZXQw
DwYDVR0TAQH/BAUwAwEB/zAOBgNVHQ8BAf8EBAMCAb4wDQYJKoZIhvcNAQELBQAD
ggEBACEtgKPf7lI4xY5m6Nc/Uvnaz+1nMnweOVF+spvhToSuCwQFJQkZXTm6C+NL
IXISjf8UkNCQOjglwn6SVo5qSL4hV+R6TJb4KYGZnv3HkzXZOX6adUAntMCz/Eyb
K2e+9VX98G7BdgCC9zw9ay+G6dDhWgReJGId2FvKdNvHvnu1Lb5QMcGSvPgk3wy5
UM8JmsmlJyKmO5e7bL77eaBki9UiVO/AuyQKn6nKHSe3xU0k4077lfI3X+6BpyC/
CXBsA9cwqx+whSdXN4v6TiADtVtGyNu/JcNIIpOLjNaqHTNl8lrQJxkurmBtazuT
728SGx7oeDF0blooC6rZBTRfDO4=
-----END CERTIFICATE-----

-----BEGIN CERTIFICATE-----
MIIEADCCAuigAwIBAgIBATANBgkqhkiG9w0BAQsFADCBhjEaMBgGA1UEAwwRc2Nt
QGZ2LWF6MTQyOC04MTcxLTArBgNVBAsMJDhkZGVkN2UzLTc3ZjQtNDJjZi05MWY4
LTQwMTRmODhhNTgxOTEtMCsGA1UECgwkZjBmMjY2MTctNWMyNy00MzcxLWI0NDYt
Mjk4YWM2Yzg2ODdiMQowCAYDVQQFEwExMB4XDTI0MDQxNjEzNDY0N1oXDTI5MDUy
NTEzNDY0N1owgYYxGjAYBgNVBAMMEXNjbUBmdi1hejE0MjgtODE3MS0wKwYDVQQL
DCQ4ZGRlZDdlMy03N2Y0LTQyY2YtOTFmOC00MDE0Zjg4YTU4MTkxLTArBgNVBAoM
JGYwZjI2NjE3LTVjMjctNDM3MS1iNDQ2LTI5OGFjNmM4Njg3YjEKMAgGA1UEBRMB
MTCCASIwDQYJKoZIhvcNAQEBBQADggEPADCCAQoCggEBAMdtp7i7wP+lZLzZlPEE
4ziTdvjbCpGrdZCLChtSQLrdxV06GLmEabfobsvIMsZju2cUyDma9RiOA8urazjr
T0XTQxsX5BabB78z/T+NgoWRlUczqIHSvVsksGtE8jP1agbenXJsc36dgYwP2OrA
YNuB5W7gX4iDyfKvYYm0rMkCiiphA6H6b+3I0ClnzGY10hEpVJofQUBylhoECsgY
lDuq146wIl7tvx2SxLlonnuYJ390L+N4gLYbeynYK7dPFxflao+2lo3vrHohnh6L
ybpQEBDNGMHusj8xERdMNn+tF+KcZxPjaIXZF6JyLwh3tDmxaC39HljYjTDurvF6
JwUCAwEAAaN3MHUwDwYDVR0TAQH/BAUwAwEB/zAOBgNVHQ8BAf8EBAMCAQYwUgYD
VR0RBEswSYcECgEAGIJBZnYtYXoxNDI4LTgxNy51dHBwZDFsZWVjMnV2bWdqb2Vu
bnhiNXluaC5leC5pbnRlcm5hbC5jbG91ZGFwcC5uZXQwDQYJKoZIhvcNAQELBQAD
ggEBAFi/vd/JLFd80EHBkMWQiD/wOJF1uwJBiLVL0XjS+CHo9XKIvvVxlUbJKNLr
zNXby38x4g0M7eoVEhITlw3yuv3B/pv315rYWtagwSvKLJKElQwT75qQ5v47W1RA
oSHk50lTe9Hmf2ndT+JFGcvhTS495C5jP2eIXKKxZPA8CDZbT+/HNa0Q5/LB0ATk
MZTG1TfQ8e/B+vvXO7D6PNBvTOlb77jSmjPCF7NKUq0Q7lDf40auSUc4AnjkxUSg
MbqkVs+mMULzy7c5doSHogjqsYMXWJQkcQmZttuADrLD7ebFVoTA8PRw59oRULJ1
YRwiVFPoWUDsL88+Dl3P1mWZdYs=
-----END CERTIFICATE-----

2024-04-16 13:47:10,144 [IPC Server handler 1 on default port 15002] INFO  client.SCMCertificateClient (DefaultCertificateClient.java:getAllRootCaCerts(973)) - scm/sub-ca has 0 Root CA certificates
2024-04-16 13:47:10,144 [IPC Server handler 1 on default port 15002] INFO  client.SCMCertificateClient (DefaultCertificateClient.java:getAllCaCerts(981)) - scm/sub-ca has 1 CA certificates
2024-04-16 13:47:10,145 [main] INFO  utils.CertificateCodec (CertificateCodec.java:writeCertificate(299)) - Save certificate to /home/runner/work/ozone/ozone/hadoop-ozone/integration-test/target/test-dir/MiniOzoneClusterImpl-f0f26617-5c27-4371-b446-298ac6c8687b/ozone-meta/datanode-2/meta/dn/certs/ROOTCA-1.crt
2024-04-16 13:47:10,145 [main] INFO  utils.CertificateCodec (CertificateCodec.java:writeCertificate(300)) - Certificate -----BEGIN CERTIFICATE-----
MIIEADCCAuigAwIBAgIBATANBgkqhkiG9w0BAQsFADCBhjEaMBgGA1UEAwwRc2Nt
QGZ2LWF6MTQyOC04MTcxLTArBgNVBAsMJDhkZGVkN2UzLTc3ZjQtNDJjZi05MWY4
LTQwMTRmODhhNTgxOTEtMCsGA1UECgwkZjBmMjY2MTctNWMyNy00MzcxLWI0NDYt
Mjk4YWM2Yzg2ODdiMQowCAYDVQQFEwExMB4XDTI0MDQxNjEzNDY0N1oXDTI5MDUy
NTEzNDY0N1owgYYxGjAYBgNVBAMMEXNjbUBmdi1hejE0MjgtODE3MS0wKwYDVQQL
DCQ4ZGRlZDdlMy03N2Y0LTQyY2YtOTFmOC00MDE0Zjg4YTU4MTkxLTArBgNVBAoM
JGYwZjI2NjE3LTVjMjctNDM3MS1iNDQ2LTI5OGFjNmM4Njg3YjEKMAgGA1UEBRMB
MTCCASIwDQYJKoZIhvcNAQEBBQADggEPADCCAQoCggEBAMdtp7i7wP+lZLzZlPEE
4ziTdvjbCpGrdZCLChtSQLrdxV06GLmEabfobsvIMsZju2cUyDma9RiOA8urazjr
T0XTQxsX5BabB78z/T+NgoWRlUczqIHSvVsksGtE8jP1agbenXJsc36dgYwP2OrA
YNuB5W7gX4iDyfKvYYm0rMkCiiphA6H6b+3I0ClnzGY10hEpVJofQUBylhoECsgY
lDuq146wIl7tvx2SxLlonnuYJ390L+N4gLYbeynYK7dPFxflao+2lo3vrHohnh6L
ybpQEBDNGMHusj8xERdMNn+tF+KcZxPjaIXZF6JyLwh3tDmxaC39HljYjTDurvF6
JwUCAwEAAaN3MHUwDwYDVR0TAQH/BAUwAwEB/zAOBgNVHQ8BAf8EBAMCAQYwUgYD
VR0RBEswSYcECgEAGIJBZnYtYXoxNDI4LTgxNy51dHBwZDFsZWVjMnV2bWdqb2Vu
bnhiNXluaC5leC5pbnRlcm5hbC5jbG91ZGFwcC5uZXQwDQYJKoZIhvcNAQELBQAD
ggEBAFi/vd/JLFd80EHBkMWQiD/wOJF1uwJBiLVL0XjS+CHo9XKIvvVxlUbJKNLr
zNXby38x4g0M7eoVEhITlw3yuv3B/pv315rYWtagwSvKLJKElQwT75qQ5v47W1RA
oSHk50lTe9Hmf2ndT+JFGcvhTS495C5jP2eIXKKxZPA8CDZbT+/HNa0Q5/LB0ATk
MZTG1TfQ8e/B+vvXO7D6PNBvTOlb77jSmjPCF7NKUq0Q7lDf40auSUc4AnjkxUSg
MbqkVs+mMULzy7c5doSHogjqsYMXWJQkcQmZttuADrLD7ebFVoTA8PRw59oRULJ1
YRwiVFPoWUDsL88+Dl3P1mWZdYs=
-----END CERTIFICATE-----

2024-04-16 13:47:10,146 [main] INFO  client.DNCertificateClient (DefaultCertificateClient.java:updateCertSerialId(1313)) - Certificate serial ID set to 7
2024-04-16 13:47:10,147 [main] INFO  client.DNCertificateClient (DefaultCertificateClient.java:readCertificateFile(248)) - Added certificate 2 from file: /home/runner/work/ozone/ozone/hadoop-ozone/integration-test/target/test-dir/MiniOzoneClusterImpl-f0f26617-5c27-4371-b446-298ac6c8687b/ozone-meta/datanode-2/meta/dn/certs/CA-2.crt.
2024-04-16 13:47:10,147 [main] INFO  client.DNCertificateClient (DefaultCertificateClient.java:readCertificateFile(248)) - Added certificate 1 from file: /home/runner/work/ozone/ozone/hadoop-ozone/integration-test/target/test-dir/MiniOzoneClusterImpl-f0f26617-5c27-4371-b446-298ac6c8687b/ozone-meta/datanode-2/meta/dn/certs/ROOTCA-1.crt.
2024-04-16 13:47:10,149 [main] INFO  client.DNCertificateClient (DefaultCertificateClient.java:readCertificateFile(248)) - Added certificate 7 from file: /home/runner/work/ozone/ozone/hadoop-ozone/integration-test/target/test-dir/MiniOzoneClusterImpl-f0f26617-5c27-4371-b446-298ac6c8687b/ozone-meta/datanode-2/meta/dn/certs/7.crt.
2024-04-16 13:47:10,149 [main] INFO  client.DNCertificateClient (DefaultCertificateClient.java:startCertificateRenewerService(1418)) - CertificateRenewerService for dn is started with first delay 29116799851 ms and interval 86400000 ms.
2024-04-16 13:47:10,150 [main] INFO  client.DNCertificateClient (DefaultCertificateClient.java:updateCertSerialId(1313)) - Certificate serial ID set to 7
2024-04-16 13:47:10,150 [main] INFO  client.DNCertificateClient (DefaultCertificateClient.java:readCertificateFile(248)) - Added certificate 2 from file: /home/runner/work/ozone/ozone/hadoop-ozone/integration-test/target/test-dir/MiniOzoneClusterImpl-f0f26617-5c27-4371-b446-298ac6c8687b/ozone-meta/datanode-2/meta/dn/certs/CA-2.crt.
2024-04-16 13:47:10,151 [main] INFO  client.DNCertificateClient (DefaultCertificateClient.java:readCertificateFile(248)) - Added certificate 1 from file: /home/runner/work/ozone/ozone/hadoop-ozone/integration-test/target/test-dir/MiniOzoneClusterImpl-f0f26617-5c27-4371-b446-298ac6c8687b/ozone-meta/datanode-2/meta/dn/certs/ROOTCA-1.crt.
2024-04-16 13:47:10,152 [main] INFO  client.DNCertificateClient (DefaultCertificateClient.java:readCertificateFile(248)) - Added certificate 7 from file: /home/runner/work/ozone/ozone/hadoop-ozone/integration-test/target/test-dir/MiniOzoneClusterImpl-f0f26617-5c27-4371-b446-298ac6c8687b/ozone-meta/datanode-2/meta/dn/certs/7.crt.
2024-04-16 13:47:10,155 [main] INFO  client.DNCertificateClient (DefaultCertificateClient.java:recoverStateIfNeeded(815)) - Successfully stored DN signed certificate, case:GETCERT.
2024-04-16 13:47:10,155 [main] INFO  ha.SCMNodeInfo (SCMNodeInfo.java:getPort(197)) - ConfigKey ozone.scm.client.address is deprecated, For configuring different ports for each SCM use PortConfigKey ozone.scm.client.port appended with serviceId and nodeId
2024-04-16 13:47:10,155 [main] INFO  ha.SCMNodeInfo (SCMNodeInfo.java:getPort(197)) - ConfigKey ozone.scm.block.client.address is deprecated, For configuring different ports for each SCM use PortConfigKey ozone.scm.block.client.port appended with serviceId and nodeId
2024-04-16 13:47:10,155 [main] INFO  ha.SCMNodeInfo (SCMNodeInfo.java:getPort(197)) - ConfigKey ozone.scm.security.service.address is deprecated, For configuring different ports for each SCM use PortConfigKey ozone.scm.security.service.port appended with serviceId and nodeId
2024-04-16 13:47:10,155 [main] INFO  ha.SCMNodeInfo (SCMNodeInfo.java:getPort(197)) - ConfigKey ozone.scm.datanode.address is deprecated, For configuring different ports for each SCM use PortConfigKey ozone.scm.datanode.port appended with serviceId and nodeId
2024-04-16 13:47:10,156 [main] INFO  ha.SCMNodeInfo (SCMNodeInfo.java:getPort(197)) - ConfigKey ozone.scm.client.address is deprecated, For configuring different ports for each SCM use PortConfigKey ozone.scm.client.port appended with serviceId and nodeId
2024-04-16 13:47:10,156 [main] INFO  ha.SCMNodeInfo (SCMNodeInfo.java:getPort(197)) - ConfigKey ozone.scm.block.client.address is deprecated, For configuring different ports for each SCM use PortConfigKey ozone.scm.block.client.port appended with serviceId and nodeId
2024-04-16 13:47:10,156 [main] INFO  ha.SCMNodeInfo (SCMNodeInfo.java:getPort(197)) - ConfigKey ozone.scm.security.service.address is deprecated, For configuring different ports for each SCM use PortConfigKey ozone.scm.security.service.port appended with serviceId and nodeId
2024-04-16 13:47:10,156 [main] INFO  ha.SCMNodeInfo (SCMNodeInfo.java:getPort(197)) - ConfigKey ozone.scm.datanode.address is deprecated, For configuring different ports for each SCM use PortConfigKey ozone.scm.datanode.port appended with serviceId and nodeId
2024-04-16 13:47:10,156 [main] INFO  ha.SCMNodeInfo (SCMNodeInfo.java:getPort(197)) - ConfigKey ozone.scm.client.address is deprecated, For configuring different ports for each SCM use PortConfigKey ozone.scm.client.port appended with serviceId and nodeId
2024-04-16 13:47:10,156 [main] INFO  ha.SCMNodeInfo (SCMNodeInfo.java:getPort(197)) - ConfigKey ozone.scm.block.client.address is deprecated, For configuring different ports for each SCM use PortConfigKey ozone.scm.block.client.port appended with serviceId and nodeId
2024-04-16 13:47:10,156 [main] INFO  ha.SCMNodeInfo (SCMNodeInfo.java:getPort(197)) - ConfigKey ozone.scm.security.service.address is deprecated, For configuring different ports for each SCM use PortConfigKey ozone.scm.security.service.port appended with serviceId and nodeId
2024-04-16 13:47:10,156 [main] INFO  ha.SCMNodeInfo (SCMNodeInfo.java:getPort(197)) - ConfigKey ozone.scm.datanode.address is deprecated, For configuring different ports for each SCM use PortConfigKey ozone.scm.datanode.port appended with serviceId and nodeId
2024-04-16 13:47:10,157 [main] INFO  symmetric.DefaultSecretKeyVerifierClient (DefaultSecretKeyVerifierClient.java:<init>(77)) - Initializing secret key cache with size 8, TTL PT3S
2024-04-16 13:47:10,166 [Socket Reader #1 for port 15002] INFO  ipc.Server (Server.java:saslProcess(2139)) - Auth successful for scm/fv-az1428-817.utppd1leec2uvmgjoennxb5ynh.ex.internal.cloudapp.net@EXAMPLE.COM (auth:KERBEROS) from fv-az1428-817.utppd1leec2uvmgjoennxb5ynh.ex.internal.cloudapp.net:39597 / 10.1.0.24:39597
2024-04-16 13:47:10,177 [Socket Reader #1 for port 15002] INFO  authorize.ServiceAuthorizationManager (ServiceAuthorizationManager.java:authorize(137)) - Authorization successful for scm/fv-az1428-817.utppd1leec2uvmgjoennxb5ynh.ex.internal.cloudapp.net@EXAMPLE.COM (auth:KERBEROS) for protocol=interface org.apache.hadoop.hdds.protocol.SecretKeyProtocolDatanode
2024-04-16 13:47:10,179 [main] INFO  symmetric.DefaultSecretKeySignerClient (DefaultSecretKeySignerClient.java:start(84)) - Initial secret key fetched from SCM: SecretKey(id = ccef31cf-7d11-406b-9d50-7c63dd610370, creation at: 2024-04-16T13:47:09.715Z, expire at: 2024-04-16T13:47:12.715Z).
2024-04-16 13:47:10,179 [main] INFO  symmetric.DefaultSecretKeySignerClient (DefaultSecretKeySignerClient.java:scheduleSecretKeyPoller(150)) - Scheduling SecretKeyPoller with initial delay of PT0.536S and interval of PT0.1S
2024-04-16 13:47:10,180 [main] INFO  upgrade.AbstractLayoutVersionManager (AbstractLayoutVersionManager.java:init(83)) - Initializing Layout version manager with metadata layout = HADOOP_PRC_PORTS_IN_DATANODEDETAILS (version = 7), software layout = HADOOP_PRC_PORTS_IN_DATANODEDETAILS (version = 7)
2024-04-16 13:47:10,181 [main] INFO  ha.SCMNodeInfo (SCMNodeInfo.java:getPort(197)) - ConfigKey ozone.scm.client.address is deprecated, For configuring different ports for each SCM use PortConfigKey ozone.scm.client.port appended with serviceId and nodeId
2024-04-16 13:47:10,181 [main] INFO  ha.SCMNodeInfo (SCMNodeInfo.java:getPort(197)) - ConfigKey ozone.scm.block.client.address is deprecated, For configuring different ports for each SCM use PortConfigKey ozone.scm.block.client.port appended with serviceId and nodeId
2024-04-16 13:47:10,182 [main] INFO  ha.SCMNodeInfo (SCMNodeInfo.java:getPort(197)) - ConfigKey ozone.scm.security.service.address is deprecated, For configuring different ports for each SCM use PortConfigKey ozone.scm.security.service.port appended with serviceId and nodeId
2024-04-16 13:47:10,182 [main] INFO  ha.SCMNodeInfo (SCMNodeInfo.java:getPort(197)) - ConfigKey ozone.scm.datanode.address is deprecated, For configuring different ports for each SCM use PortConfigKey ozone.scm.datanode.port appended with serviceId and nodeId
2024-04-16 13:47:10,182 [main] INFO  ha.SCMNodeInfo (SCMNodeInfo.java:getPort(197)) - ConfigKey ozone.scm.client.address is deprecated, For configuring different ports for each SCM use PortConfigKey ozone.scm.client.port appended with serviceId and nodeId
2024-04-16 13:47:10,182 [main] INFO  ha.SCMNodeInfo (SCMNodeInfo.java:getPort(197)) - ConfigKey ozone.scm.block.client.address is deprecated, For configuring different ports for each SCM use PortConfigKey ozone.scm.block.client.port appended with serviceId and nodeId
2024-04-16 13:47:10,182 [main] INFO  ha.SCMNodeInfo (SCMNodeInfo.java:getPort(197)) - ConfigKey ozone.scm.security.service.address is deprecated, For configuring different ports for each SCM use PortConfigKey ozone.scm.security.service.port appended with serviceId and nodeId
2024-04-16 13:47:10,183 [main] INFO  ha.SCMNodeInfo (SCMNodeInfo.java:getPort(197)) - ConfigKey ozone.scm.datanode.address is deprecated, For configuring different ports for each SCM use PortConfigKey ozone.scm.datanode.port appended with serviceId and nodeId
2024-04-16 13:47:10,183 [main] INFO  ha.SCMNodeInfo (SCMNodeInfo.java:getPort(197)) - ConfigKey ozone.scm.client.address is deprecated, For configuring different ports for each SCM use PortConfigKey ozone.scm.client.port appended with serviceId and nodeId
2024-04-16 13:47:10,188 [main] INFO  ha.SCMNodeInfo (SCMNodeInfo.java:getPort(197)) - ConfigKey ozone.scm.block.client.address is deprecated, For configuring different ports for each SCM use PortConfigKey ozone.scm.block.client.port appended with serviceId and nodeId
2024-04-16 13:47:10,188 [main] INFO  ha.SCMNodeInfo (SCMNodeInfo.java:getPort(197)) - ConfigKey ozone.scm.security.service.address is deprecated, For configuring different ports for each SCM use PortConfigKey ozone.scm.security.service.port appended with serviceId and nodeId
2024-04-16 13:47:10,188 [main] INFO  ha.SCMNodeInfo (SCMNodeInfo.java:getPort(197)) - ConfigKey ozone.scm.datanode.address is deprecated, For configuring different ports for each SCM use PortConfigKey ozone.scm.datanode.port appended with serviceId and nodeId
2024-04-16 13:47:10,189 [main] INFO  statemachine.DatanodeStateMachine (DatanodeStateMachine.java:getEndPointTaskThreadPoolSize(299)) - Datanode State Machine Task Thread Pool size 4
2024-04-16 13:47:10,192 [main] INFO  volume.HddsVolume (HddsVolume.java:<init>(126)) - Creating HddsVolume: /home/runner/work/ozone/ozone/hadoop-ozone/integration-test/target/test-dir/MiniOzoneClusterImpl-f0f26617-5c27-4371-b446-298ac6c8687b/ozone-meta/datanode-2/data-0/hdds of storage type : DISK capacity : 9223372036854775807
2024-04-16 13:47:10,193 [main] INFO  volume.MutableVolumeSet (MutableVolumeSet.java:initializeVolumeSet(173)) - Added Volume : /home/runner/work/ozone/ozone/hadoop-ozone/integration-test/target/test-dir/MiniOzoneClusterImpl-f0f26617-5c27-4371-b446-298ac6c8687b/ozone-meta/datanode-2/data-0/hdds to VolumeSet
2024-04-16 13:47:10,194 [main] INFO  volume.MutableVolumeSet (MutableVolumeSet.java:initializeVolumeSet(173)) - Added Volume : /home/runner/work/ozone/ozone/hadoop-ozone/integration-test/target/test-dir/MiniOzoneClusterImpl-f0f26617-5c27-4371-b446-298ac6c8687b/ozone-meta/datanode-2/ratis to VolumeSet
2024-04-16 13:47:10,195 [main] INFO  ozoneimpl.OzoneContainer (HddsVolumeUtil.java:loadAllHddsVolumeDbStore(103)) - Load 1 volumes DbStore cost: 0ms
2024-04-16 13:47:10,199 [main] INFO  server.RaftServer (ConfUtils.java:logGet(46)) - raft.rpc.type = GRPC (default)
2024-04-16 13:47:10,199 [main] INFO  grpc.GrpcConfigKeys (ConfUtils.java:logFallback(53)) - raft.grpc.admin.host = null (fallback to raft.grpc.server.host)
2024-04-16 13:47:10,199 [main] INFO  grpc.GrpcConfigKeys (ConfUtils.java:logGet(46)) - raft.grpc.admin.port = 15054 (custom)
2024-04-16 13:47:10,200 [main] INFO  grpc.GrpcConfigKeys (ConfUtils.java:logFallback(53)) - raft.grpc.client.host = null (fallback to raft.grpc.server.host)
2024-04-16 13:47:10,200 [main] INFO  grpc.GrpcConfigKeys (ConfUtils.java:logGet(46)) - raft.grpc.client.port = 15053 (custom)
2024-04-16 13:47:10,200 [main] INFO  grpc.GrpcConfigKeys (ConfUtils.java:logGet(46)) - raft.grpc.server.host = null (default)
2024-04-16 13:47:10,200 [main] INFO  grpc.GrpcConfigKeys (ConfUtils.java:logGet(46)) - raft.grpc.server.port = 15055 (custom)
2024-04-16 13:47:10,201 [main] INFO  server.GrpcService (ConfUtils.java:logGet(46)) - raft.grpc.message.size.max = 32MB (=33554432) (custom)
2024-04-16 13:47:10,201 [main] INFO  server.RaftServerConfigKeys (ConfUtils.java:logGet(46)) - raft.server.log.appender.buffer.byte-limit = 8388608 (custom)
2024-04-16 13:47:10,201 [main] INFO  server.GrpcService (ConfUtils.java:logGet(46)) - raft.grpc.flow.control.window = 5MB (=5242880) (custom)
2024-04-16 13:47:10,201 [main] INFO  server.RaftServerConfigKeys (ConfUtils.java:logGet(46)) - raft.server.rpc.request.timeout = 60s (custom)
2024-04-16 13:47:10,202 [main] INFO  grpc.GrpcConfigKeys (ConfUtils.java:logGet(46)) - raft.grpc.server.heartbeat.channel = true (default)
2024-04-16 13:47:10,202 [main] INFO  grpc.GrpcConfigKeys (ConfUtils.java:logGet(46)) - raft.grpc.server.async.request.thread.pool.cached = true (default)
2024-04-16 13:47:10,202 [main] INFO  grpc.GrpcConfigKeys (ConfUtils.java:logGet(46)) - raft.grpc.server.async.request.thread.pool.size = 32 (default)
2024-04-16 13:47:10,205 [main] INFO  impl.DataStreamServerImpl (ConfUtils.java:logGet(46)) - raft.datastream.type = NETTY (custom)
2024-04-16 13:47:10,206 [main] INFO  server.RaftServerConfigKeys (ConfUtils.java:logGet(46)) - raft.server.data-stream.async.request.thread.pool.cached = false (default)
2024-04-16 13:47:10,206 [main] INFO  server.RaftServerConfigKeys (ConfUtils.java:logGet(46)) - raft.server.data-stream.async.request.thread.pool.size = 20 (custom)
2024-04-16 13:47:10,206 [main] INFO  server.RaftServerConfigKeys (ConfUtils.java:logGet(46)) - raft.server.data-stream.async.write.thread.pool.size = 16 (default)
2024-04-16 13:47:10,207 [main] INFO  netty.NettyConfigKeys$DataStream (ConfUtils.java:logGet(46)) - raft.netty.dataStream.server.channel.inactive.grace-period = 10min (default)
2024-04-16 13:47:10,207 [main] INFO  server.RaftServerConfigKeys (ConfUtils.java:logGet(46)) - raft.server.data-stream.client.pool.size = 10 (default)
2024-04-16 13:47:10,207 [main] INFO  netty.NettyConfigKeys$DataStream (ConfUtils.java:logGet(46)) - raft.netty.dataStream.server.use-epoll = true (default)
2024-04-16 13:47:10,207 [main] INFO  netty.NettyConfigKeys$DataStream (ConfUtils.java:logGet(46)) - raft.netty.dataStream.server.boss-group.size = 0 (default)
2024-04-16 13:47:10,208 [main] INFO  netty.NettyUtils (NettyUtils.java:newEventLoopGroup(69)) - Create EpollEventLoopGroup for 88d255ec-0e94-4950-ab45-ac807e327f1f-NettyServerStreamRpc-bossGroup; Thread size is 0.
2024-04-16 13:47:10,208 [main] INFO  netty.NettyConfigKeys$DataStream (ConfUtils.java:logGet(46)) - raft.netty.dataStream.server.worker-group.size = 0 (default)
2024-04-16 13:47:10,208 [main] INFO  netty.NettyUtils (NettyUtils.java:newEventLoopGroup(69)) - Create EpollEventLoopGroup for 88d255ec-0e94-4950-ab45-ac807e327f1f-NettyServerStreamRpc-workerGroup; Thread size is 0.
2024-04-16 13:47:10,209 [main] INFO  netty.NettyConfigKeys$DataStream (ConfUtils.java:logGet(46)) - raft.netty.dataStream.server.tls.conf = null (default)
2024-04-16 13:47:10,209 [main] INFO  netty.NettyConfigKeys$DataStream (ConfUtils.java:logGet(46)) - raft.netty.dataStream.host = null (default)
2024-04-16 13:47:10,210 [main] INFO  netty.NettyConfigKeys$DataStream (ConfUtils.java:logGet(46)) - raft.netty.dataStream.port = 15056 (custom)
2024-04-16 13:47:10,210 [main] INFO  server.RaftServerConfigKeys (ConfUtils.java:logGet(46)) - raft.server.sleep.deviation.threshold = 300ms (default)
2024-04-16 13:47:10,215 [main] INFO  server.RaftServerConfigKeys (ConfUtils.java:logGet(46)) - raft.server.close.threshold = 60s (default)
2024-04-16 13:47:10,215 [main] INFO  server.RaftServerConfigKeys (ConfUtils.java:logGet(46)) - raft.server.leaderelection.leader.step-down.wait-time = 10s (default)
2024-04-16 13:47:10,215 [main] INFO  server.RaftServerConfigKeys (ConfUtils.java:logGet(46)) - raft.server.storage.dir = [/home/runner/work/ozone/ozone/hadoop-ozone/integration-test/target/test-dir/MiniOzoneClusterImpl-f0f26617-5c27-4371-b446-298ac6c8687b/ozone-meta/datanode-2/ratis] (custom)
2024-04-16 13:47:10,216 [main] INFO  server.RaftServerConfigKeys (ConfUtils.java:logGet(46)) - raft.server.threadpool.proxy.cached = true (default)
2024-04-16 13:47:10,216 [main] INFO  server.RaftServerConfigKeys (ConfUtils.java:logGet(46)) - raft.server.threadpool.proxy.size = 0 (default)
2024-04-16 13:47:10,216 [88d255ec-0e94-4950-ab45-ac807e327f1f-NettyServerStreamRpc-bossGroup--thread1] INFO  logging.LoggingHandler (AbstractInternalLogger.java:log(148)) - [id: 0x442b12e1] REGISTERED
2024-04-16 13:47:10,218 [88d255ec-0e94-4950-ab45-ac807e327f1f-NettyServerStreamRpc-bossGroup--thread1] INFO  logging.LoggingHandler (AbstractInternalLogger.java:log(148)) - [id: 0x442b12e1] BIND: 0.0.0.0/0.0.0.0:15056
2024-04-16 13:47:10,218 [88d255ec-0e94-4950-ab45-ac807e327f1f-NettyServerStreamRpc-bossGroup--thread1] INFO  logging.LoggingHandler (AbstractInternalLogger.java:log(148)) - [id: 0x442b12e1, L:/0.0.0.0:15056] ACTIVE
2024-04-16 13:47:10,220 [88d255ec-0e94-4950-ab45-ac807e327f1f-impl-thread1] INFO  server.RaftServer (RaftServerProxy.java:initGroupDir(264)) - 88d255ec-0e94-4950-ab45-ac807e327f1f: found a subdirectory /home/runner/work/ozone/ozone/hadoop-ozone/integration-test/target/test-dir/MiniOzoneClusterImpl-f0f26617-5c27-4371-b446-298ac6c8687b/ozone-meta/datanode-2/ratis/tmp
2024-04-16 13:47:10,220 [88d255ec-0e94-4950-ab45-ac807e327f1f-impl-thread1] INFO  server.RaftServer (RaftServerProxy.java:initGroupDir(269)) - 88d255ec-0e94-4950-ab45-ac807e327f1f: The directory /home/runner/work/ozone/ozone/hadoop-ozone/integration-test/target/test-dir/MiniOzoneClusterImpl-f0f26617-5c27-4371-b446-298ac6c8687b/ozone-meta/datanode-2/ratis/tmp is not a group directory; ignoring it. 
2024-04-16 13:47:10,221 [main] INFO  replication.ReplicationServer (ReplicationServer.java:<init>(86)) - Initializing replication server with thread count = 10 queue length = 4096
2024-04-16 13:47:10,223 [main] INFO  server.XceiverServerGrpc (XceiverServerGrpc.java:<init>(141)) - GrpcServer channel type EpollServerSocketChannel
2024-04-16 13:47:10,227 [main] INFO  replication.ReplicationSupervisor (ReplicationSupervisor.java:build(157)) - Initializing replication supervisor with thread count = 10
2024-04-16 13:47:10,227 [main] INFO  replication.ReplicationSupervisor (ReplicationSupervisor.java:nodeStateUpdated(312)) - Node state updated to IN_SERVICE, scaling executor pool size to 10
2024-04-16 13:47:10,228 [main] INFO  client.ClientTrustManager (ClientTrustManager.java:loadCerts(148)) - Loading certificates for client.
2024-04-16 13:47:10,242 [main] INFO  http.BaseHttpServer (BaseHttpServer.java:newHttpServer2BuilderForOzone(223)) - Starting Web-server for hddsDatanode at: http://0.0.0.0:15050
2024-04-16 13:47:10,243 [main] INFO  http.BaseHttpServer (BaseHttpServer.java:<init>(110)) - Hadoop Security Enabled: true Ozone Security Enabled: true Ozone HTTP Security Enabled: false 
2024-04-16 13:47:10,244 [main] WARN  server.AuthenticationFilter (AuthenticationFilter.java:constructSecretProvider(240)) - Unable to initialize FileSignerSecretProvider, falling back to use random secrets. Reason: Could not read signature secret file: /home/runner/hadoop-http-auth-signature-secret
2024-04-16 13:47:10,245 [main] INFO  http.HttpRequestLog (HttpRequestLog.java:getRequestLog(86)) - Http request log for http.requests.hddsDatanode is not defined
2024-04-16 13:47:10,246 [main] INFO  http.HttpServer2 (HttpServer2.java:addGlobalFilter(1036)) - Added global filter 'safety' (class=org.apache.hadoop.hdds.server.http.HttpServer2$QuotingInputFilter)
2024-04-16 13:47:10,247 [main] INFO  http.HttpServer2 (HttpServer2.java:addFilter(1012)) - Added filter static_user_filter (class=org.apache.hadoop.http.lib.StaticUserWebFilter$StaticUserFilter) to context hddsDatanode
2024-04-16 13:47:10,247 [main] INFO  http.HttpServer2 (HttpServer2.java:addFilter(1020)) - Added filter static_user_filter (class=org.apache.hadoop.http.lib.StaticUserWebFilter$StaticUserFilter) to context static
2024-04-16 13:47:10,247 [main] INFO  http.HttpServer2 (HttpServer2.java:addFilter(1020)) - Added filter static_user_filter (class=org.apache.hadoop.http.lib.StaticUserWebFilter$StaticUserFilter) to context logs
2024-04-16 13:47:10,248 [main] INFO  http.BaseHttpServer (BaseHttpServer.java:<init>(189)) - HTTP server of hddsDatanode uses base directory /home/runner/work/ozone/ozone/hadoop-ozone/integration-test/target/test-dir/MiniOzoneClusterImpl-f0f26617-5c27-4371-b446-298ac6c8687b/ozone-meta/datanode-2/meta/webserver
2024-04-16 13:47:10,248 [main] INFO  http.HttpServer2 (HttpServer2.java:bindListener(1236)) - Jetty bound to port 15050
2024-04-16 13:47:10,248 [main] INFO  server.Server (Server.java:doStart(375)) - jetty-9.4.53.v20231009; built: 2023-10-09T12:29:09.265Z; git: 27bde00a0b95a1d5bbee0eae7984f891d2d0f8c9; jvm 1.8.0_402-b06
2024-04-16 13:47:10,249 [main] INFO  server.session (DefaultSessionIdManager.java:doStart(334)) - DefaultSessionIdManager workerName=node0
2024-04-16 13:47:10,250 [main] INFO  server.session (DefaultSessionIdManager.java:doStart(339)) - No SessionScavenger set, using defaults
2024-04-16 13:47:10,250 [main] INFO  server.session (HouseKeeper.java:startScavenging(132)) - node0 Scavenging every 660000ms
2024-04-16 13:47:10,251 [main] INFO  handler.ContextHandler (ContextHandler.java:doStart(921)) - Started o.e.j.s.ServletContextHandler@31e6ac68{logs,/logs,file:///home/runner/work/ozone/ozone/hadoop-ozone/integration-test/target/log,AVAILABLE}
2024-04-16 13:47:10,251 [main] INFO  handler.ContextHandler (ContextHandler.java:doStart(921)) - Started o.e.j.s.ServletContextHandler@5699b770{static,/static,file:///home/runner/work/ozone/ozone/hadoop-hdds/container-service/target/classes/webapps/static,AVAILABLE}
2024-04-16 13:47:10,254 [main] INFO  handler.ContextHandler (ContextHandler.java:doStart(921)) - Started o.e.j.w.WebAppContext@4e692416{hddsDatanode,/,file:///home/runner/work/ozone/ozone/hadoop-hdds/container-service/target/classes/webapps/hddsDatanode/,AVAILABLE}{file:/home/runner/work/ozone/ozone/hadoop-hdds/container-service/target/classes/webapps/hddsDatanode}
2024-04-16 13:47:10,257 [main] INFO  server.AbstractConnector (AbstractConnector.java:doStart(333)) - Started ServerConnector@b10dd8d{HTTP/1.1, (http/1.1)}{0.0.0.0:15050}
2024-04-16 13:47:10,257 [main] INFO  server.Server (Server.java:doStart(415)) - Started @26586ms
2024-04-16 13:47:10,257 [main] WARN  impl.MetricsSystemImpl (MetricsSystemImpl.java:register(279)) - Sink prometheus already exists!
2024-04-16 13:47:10,258 [main] INFO  http.BaseHttpServer (BaseHttpServer.java:updateConnectorAddress(354)) - HTTP server of hddsDatanode listening at http://0.0.0.0:15050
2024-04-16 13:47:10,258 [main] INFO  ipc.CallQueueManager (CallQueueManager.java:<init>(90)) - Using callQueue: class java.util.concurrent.LinkedBlockingQueue, queueCapacity: 100, scheduler: class org.apache.hadoop.ipc.DefaultRpcScheduler, ipcBackoff: false.
2024-04-16 13:47:10,258 [main] INFO  ipc.Server (Server.java:<init>(1287)) - Listener at 0.0.0.0:15051
2024-04-16 13:47:10,259 [Socket Reader #1 for port 15051] INFO  ipc.Server (Server.java:run(1323)) - Starting Socket Reader #1 for port 15051
2024-04-16 13:47:10,262 [main] INFO  ozone.HddsDatanodeService (HddsDatanodeService.java:start(327)) - Datanode start with admins: [runner, scm]
2024-04-16 13:47:10,266 [main] INFO  ozone.HddsDatanodeClientProtocolServer (HddsDatanodeClientProtocolServer.java:start(77)) - RPC server for Client /0.0.0.0:15051
2024-04-16 13:47:10,266 [IPC Server Responder] INFO  ipc.Server (Server.java:run(1562)) - IPC Server Responder: starting
2024-04-16 13:47:10,266 [IPC Server listener on 15051] INFO  ipc.Server (Server.java:run(1402)) - IPC Server listener on 15051: starting
2024-04-16 13:47:10,269 [88d255ec-0e94-4950-ab45-ac807e327f1f-DatanodeStateMachineDaemonThread] INFO  statemachine.DatanodeStateMachine (DatanodeStateMachine.java:lambda$startDaemon$1(555)) - Ozone container server started.
2024-04-16 13:47:10,270 [main] WARN  dropwizard3.Dm3MetricRegistriesImpl (Dm3MetricRegistriesImpl.java:addReporterRegistration(113)) - New reporters are added after registries were created. Some metrics will be missing from the reporter. Please add reporter before adding any new registry.
2024-04-16 13:47:10,270 [main] WARN  dropwizard3.Dm3MetricRegistriesImpl (Dm3MetricRegistriesImpl.java:addReporterRegistration(113)) - New reporters are added after registries were created. Some metrics will be missing from the reporter. Please add reporter before adding any new registry.
2024-04-16 13:47:10,271 [main] INFO  impl.MetricsSystemImpl (MetricsSystemImpl.java:init(158)) - HddsDatanode metrics system started (again)
2024-04-16 13:47:10,271 [88d255ec-0e94-4950-ab45-ac807e327f1f-DatanodeStateMachineTaskThread-0] INFO  ha.SCMNodeInfo (SCMNodeInfo.java:getPort(197)) - ConfigKey ozone.scm.client.address is deprecated, For configuring different ports for each SCM use PortConfigKey ozone.scm.client.port appended with serviceId and nodeId
2024-04-16 13:47:10,271 [88d255ec-0e94-4950-ab45-ac807e327f1f-DatanodeStateMachineTaskThread-0] INFO  ha.SCMNodeInfo (SCMNodeInfo.java:getPort(197)) - ConfigKey ozone.scm.block.client.address is deprecated, For configuring different ports for each SCM use PortConfigKey ozone.scm.block.client.port appended with serviceId and nodeId
2024-04-16 13:47:10,271 [88d255ec-0e94-4950-ab45-ac807e327f1f-DatanodeStateMachineTaskThread-0] INFO  ha.SCMNodeInfo (SCMNodeInfo.java:getPort(197)) - ConfigKey ozone.scm.security.service.address is deprecated, For configuring different ports for each SCM use PortConfigKey ozone.scm.security.service.port appended with serviceId and nodeId
2024-04-16 13:47:10,271 [88d255ec-0e94-4950-ab45-ac807e327f1f-DatanodeStateMachineTaskThread-0] INFO  ha.SCMNodeInfo (SCMNodeInfo.java:getPort(197)) - ConfigKey ozone.scm.datanode.address is deprecated, For configuring different ports for each SCM use PortConfigKey ozone.scm.datanode.port appended with serviceId and nodeId
2024-04-16 13:47:10,271 [88d255ec-0e94-4950-ab45-ac807e327f1f-DatanodeStateMachineTaskThread-0] INFO  ha.SCMNodeInfo (SCMNodeInfo.java:getPort(197)) - ConfigKey ozone.scm.client.address is deprecated, For configuring different ports for each SCM use PortConfigKey ozone.scm.client.port appended with serviceId and nodeId
2024-04-16 13:47:10,272 [88d255ec-0e94-4950-ab45-ac807e327f1f-DatanodeStateMachineTaskThread-0] INFO  ha.SCMNodeInfo (SCMNodeInfo.java:getPort(197)) - ConfigKey ozone.scm.block.client.address is deprecated, For configuring different ports for each SCM use PortConfigKey ozone.scm.block.client.port appended with serviceId and nodeId
2024-04-16 13:47:10,272 [88d255ec-0e94-4950-ab45-ac807e327f1f-DatanodeStateMachineTaskThread-0] INFO  ha.SCMNodeInfo (SCMNodeInfo.java:getPort(197)) - ConfigKey ozone.scm.security.service.address is deprecated, For configuring different ports for each SCM use PortConfigKey ozone.scm.security.service.port appended with serviceId and nodeId
2024-04-16 13:47:10,272 [88d255ec-0e94-4950-ab45-ac807e327f1f-DatanodeStateMachineTaskThread-0] INFO  ha.SCMNodeInfo (SCMNodeInfo.java:getPort(197)) - ConfigKey ozone.scm.datanode.address is deprecated, For configuring different ports for each SCM use PortConfigKey ozone.scm.datanode.port appended with serviceId and nodeId
2024-04-16 13:47:10,272 [88d255ec-0e94-4950-ab45-ac807e327f1f-DatanodeStateMachineTaskThread-0] INFO  ha.SCMNodeInfo (SCMNodeInfo.java:getPort(197)) - ConfigKey ozone.scm.client.address is deprecated, For configuring different ports for each SCM use PortConfigKey ozone.scm.client.port appended with serviceId and nodeId
2024-04-16 13:47:10,272 [88d255ec-0e94-4950-ab45-ac807e327f1f-DatanodeStateMachineTaskThread-0] INFO  ha.SCMNodeInfo (SCMNodeInfo.java:getPort(197)) - ConfigKey ozone.scm.block.client.address is deprecated, For configuring different ports for each SCM use PortConfigKey ozone.scm.block.client.port appended with serviceId and nodeId
2024-04-16 13:47:10,272 [88d255ec-0e94-4950-ab45-ac807e327f1f-DatanodeStateMachineTaskThread-0] INFO  ha.SCMNodeInfo (SCMNodeInfo.java:getPort(197)) - ConfigKey ozone.scm.security.service.address is deprecated, For configuring different ports for each SCM use PortConfigKey ozone.scm.security.service.port appended with serviceId and nodeId
2024-04-16 13:47:10,272 [88d255ec-0e94-4950-ab45-ac807e327f1f-DatanodeStateMachineTaskThread-0] INFO  ha.SCMNodeInfo (SCMNodeInfo.java:getPort(197)) - ConfigKey ozone.scm.datanode.address is deprecated, For configuring different ports for each SCM use PortConfigKey ozone.scm.datanode.port appended with serviceId and nodeId
2024-04-16 13:47:10,275 [88d255ec-0e94-4950-ab45-ac807e327f1f-DatanodeStateMachineTaskThread-0] INFO  datanode.InitDatanodeState (InitDatanodeState.java:persistContainerDatanodeDetails(139)) - DatanodeDetails is persisted to /home/runner/work/ozone/ozone/hadoop-ozone/integration-test/target/test-dir/MiniOzoneClusterImpl-f0f26617-5c27-4371-b446-298ac6c8687b/ozone-meta/datanode-2/meta/datanode.id
2024-04-16 13:47:10,284 [main] INFO  ozone.HddsDatanodeService (HddsDatanodeService.java:start(240)) - HddsDatanodeService host:fv-az1428-817.utppd1leec2uvmgjoennxb5ynh.ex.internal.cloudapp.net ip:10.1.0.24
2024-04-16 13:47:10,284 [main] INFO  ozone.HddsDatanodeService (HddsDatanodeService.java:start(248)) - Ozone security is enabled. Attempting login for Hdds Datanode user. Principal: scm/fv-az1428-817.utppd1leec2uvmgjoennxb5ynh.ex.internal.cloudapp.net@EXAMPLE.COM,keytab: /tmp/junit7181330858034172137/scm.keytab
2024-04-16 13:47:10,286 [pool-1-thread-1] INFO  request.KdcRequest (KdcRequest.java:preauth(651)) - The preauth data is empty.
2024-04-16 13:47:10,286 [pool-1-thread-1] INFO  server.KdcHandler (KdcHandler.java:handleRecoverableException(177)) - KRB error occurred while processing request:Additional pre-authentication required
2024-04-16 13:47:10,290 [pool-1-thread-2] INFO  request.AsRequest (AsRequest.java:issueTicket(112)) - AS_REQ ISSUE: authtime 1713275230289,scm/fv-az1428-817.utppd1leec2uvmgjoennxb5ynh.ex.internal.cloudapp.net@EXAMPLE.COM for krbtgt/EXAMPLE.COM@EXAMPLE.COM
2024-04-16 13:47:10,297 [main] INFO  security.UserGroupInformation (UserGroupInformation.java:loginUserFromKeytab(1132)) - Login successful for user scm/fv-az1428-817.utppd1leec2uvmgjoennxb5ynh.ex.internal.cloudapp.net@EXAMPLE.COM using keytab file scm.keytab. Keytab auto renewal enabled : false
2024-04-16 13:47:10,297 [main] INFO  ozone.HddsDatanodeService (HddsDatanodeService.java:start(266)) - Hdds Datanode login successful.
2024-04-16 13:47:10,315 [main] INFO  ozone.HddsDatanodeService (HddsDatanodeService.java:initializeCertificateClient(388)) - Initializing secure Datanode.
2024-04-16 13:47:10,316 [main] INFO  ha.SCMNodeInfo (SCMNodeInfo.java:getPort(197)) - ConfigKey ozone.scm.client.address is deprecated, For configuring different ports for each SCM use PortConfigKey ozone.scm.client.port appended with serviceId and nodeId
2024-04-16 13:47:10,316 [main] INFO  ha.SCMNodeInfo (SCMNodeInfo.java:getPort(197)) - ConfigKey ozone.scm.block.client.address is deprecated, For configuring different ports for each SCM use PortConfigKey ozone.scm.block.client.port appended with serviceId and nodeId
2024-04-16 13:47:10,316 [main] INFO  ha.SCMNodeInfo (SCMNodeInfo.java:getPort(197)) - ConfigKey ozone.scm.security.service.address is deprecated, For configuring different ports for each SCM use PortConfigKey ozone.scm.security.service.port appended with serviceId and nodeId
2024-04-16 13:47:10,317 [main] INFO  ha.SCMNodeInfo (SCMNodeInfo.java:getPort(197)) - ConfigKey ozone.scm.datanode.address is deprecated, For configuring different ports for each SCM use PortConfigKey ozone.scm.datanode.port appended with serviceId and nodeId
2024-04-16 13:47:10,317 [main] INFO  ha.SCMNodeInfo (SCMNodeInfo.java:getPort(197)) - ConfigKey ozone.scm.client.address is deprecated, For configuring different ports for each SCM use PortConfigKey ozone.scm.client.port appended with serviceId and nodeId
2024-04-16 13:47:10,317 [main] INFO  ha.SCMNodeInfo (SCMNodeInfo.java:getPort(197)) - ConfigKey ozone.scm.block.client.address is deprecated, For configuring different ports for each SCM use PortConfigKey ozone.scm.block.client.port appended with serviceId and nodeId
2024-04-16 13:47:10,317 [main] INFO  ha.SCMNodeInfo (SCMNodeInfo.java:getPort(197)) - ConfigKey ozone.scm.security.service.address is deprecated, For configuring different ports for each SCM use PortConfigKey ozone.scm.security.service.port appended with serviceId and nodeId
2024-04-16 13:47:10,318 [main] INFO  ha.SCMNodeInfo (SCMNodeInfo.java:getPort(197)) - ConfigKey ozone.scm.datanode.address is deprecated, For configuring different ports for each SCM use PortConfigKey ozone.scm.datanode.port appended with serviceId and nodeId
2024-04-16 13:47:10,318 [main] INFO  ha.SCMNodeInfo (SCMNodeInfo.java:getPort(197)) - ConfigKey ozone.scm.client.address is deprecated, For configuring different ports for each SCM use PortConfigKey ozone.scm.client.port appended with serviceId and nodeId
2024-04-16 13:47:10,318 [main] INFO  ha.SCMNodeInfo (SCMNodeInfo.java:getPort(197)) - ConfigKey ozone.scm.block.client.address is deprecated, For configuring different ports for each SCM use PortConfigKey ozone.scm.block.client.port appended with serviceId and nodeId
2024-04-16 13:47:10,318 [main] INFO  ha.SCMNodeInfo (SCMNodeInfo.java:getPort(197)) - ConfigKey ozone.scm.security.service.address is deprecated, For configuring different ports for each SCM use PortConfigKey ozone.scm.security.service.port appended with serviceId and nodeId
2024-04-16 13:47:10,319 [main] INFO  ha.SCMNodeInfo (SCMNodeInfo.java:getPort(197)) - ConfigKey ozone.scm.datanode.address is deprecated, For configuring different ports for each SCM use PortConfigKey ozone.scm.datanode.port appended with serviceId and nodeId
2024-04-16 13:47:10,319 [main] INFO  client.DNCertificateClient (DefaultCertificateClient.java:updateCertSerialId(1313)) - Certificate serial ID set to null
2024-04-16 13:47:10,319 [main] ERROR client.DNCertificateClient (DefaultCertificateClient.java:getCertPath(376)) - Default certificate serial id is not set. Can't locate the default certificate for this client.
2024-04-16 13:47:10,320 [main] INFO  client.DNCertificateClient (DefaultCertificateClient.java:init(720)) - Certificate client init case: 0
2024-04-16 13:47:10,320 [main] INFO  client.DNCertificateClient (DefaultCertificateClient.java:handleCase(738)) - Creating keypair for client as keypair and certificate not found.
2024-04-16 13:47:10,493 [main] INFO  client.DNCertificateClient (DefaultCertificateClient.java:recoverStateIfNeeded(800)) - Init response: GETCERT
2024-04-16 13:47:10,493 [main] INFO  ozone.OzoneSecurityUtil (OzoneSecurityUtil.java:getValidInetsForCurrentHost(119)) - ip:fe80:0:0:0:20d:3aff:fed3:5b6b%eth0 not returned.
2024-04-16 13:47:10,493 [main] INFO  ozone.OzoneSecurityUtil (OzoneSecurityUtil.java:getValidInetsForCurrentHost(116)) - Adding ip:10.1.0.24,host:fv-az1428-817.utppd1leec2uvmgjoennxb5ynh.ex.internal.cloudapp.net
2024-04-16 13:47:10,493 [main] INFO  ozone.OzoneSecurityUtil (OzoneSecurityUtil.java:getValidInetsForCurrentHost(119)) - ip:0:0:0:0:0:0:0:1%lo not returned.
2024-04-16 13:47:10,494 [main] INFO  ozone.OzoneSecurityUtil (OzoneSecurityUtil.java:getValidInetsForCurrentHost(119)) - ip:127.0.0.1 not returned.
2024-04-16 13:47:10,494 [main] INFO  client.DNCertificateClient (DNCertificateClient.java:getCSRBuilder(86)) - Created csr for DN-> subject:scm@fv-az1428-817.utppd1leec2uvmgjoennxb5ynh.ex.internal.cloudapp.net
2024-04-16 13:47:10,500 [pool-1-thread-2] INFO  request.TgsRequest (TgsRequest.java:issueTicket(115)) - TGS_REQ ISSUE: authtime 1713275230500,scm/fv-az1428-817.utppd1leec2uvmgjoennxb5ynh.ex.internal.cloudapp.net for scm/fv-az1428-817.utppd1leec2uvmgjoennxb5ynh.ex.internal.cloudapp.net@EXAMPLE.COM
2024-04-16 13:47:10,511 [Socket Reader #1 for port 15002] INFO  ipc.Server (Server.java:saslProcess(2139)) - Auth successful for scm/fv-az1428-817.utppd1leec2uvmgjoennxb5ynh.ex.internal.cloudapp.net@EXAMPLE.COM (auth:KERBEROS) from fv-az1428-817.utppd1leec2uvmgjoennxb5ynh.ex.internal.cloudapp.net:46303 / 10.1.0.24:46303
2024-04-16 13:47:10,518 [Socket Reader #1 for port 15002] INFO  authorize.ServiceAuthorizationManager (ServiceAuthorizationManager.java:authorize(137)) - Authorization successful for scm/fv-az1428-817.utppd1leec2uvmgjoennxb5ynh.ex.internal.cloudapp.net@EXAMPLE.COM (auth:KERBEROS) for protocol=interface org.apache.hadoop.hdds.protocol.SCMSecurityProtocol
2024-04-16 13:47:10,518 [IPC Server handler 0 on default port 15002] INFO  server.SCMSecurityProtocolServer (SCMSecurityProtocolServer.java:getDataNodeCertificate(198)) - Processing CSR for dn fv-az1428-817.utppd1leec2uvmgjoennxb5ynh.ex.internal.cloudapp.net, UUID: 590e72f5-e0a8-4a6b-9708-265ca50c2b50
2024-04-16 13:47:10,522 [8dded7e3-77f4-42cf-91f8-4014f88a5819@group-298AC6C8687B-StateMachineUpdater] INFO  safemode.HealthyPipelineSafeModeRule (HealthyPipelineSafeModeRule.java:initializeRule(172)) - Refreshed total pipeline count is 0, healthy pipeline threshold count is 1
2024-04-16 13:47:10,523 [IPC Server handler 0 on default port 15002] INFO  ha.SequenceIdGenerator (SequenceIdGenerator.java:getNextId(145)) - Allocate a batch for CertificateId, change lastId from 7 to 8.
2024-04-16 13:47:10,525 [IPC Server handler 0 on default port 15002] INFO  authority.DefaultApprover (DefaultApprover.java:sign(157)) - Extensions in CSR: 2.5.29.15, 2.5.29.17
2024-04-16 13:47:10,526 [IPC Server handler 0 on default port 15002] INFO  authority.DefaultApprover (DefaultApprover.java:sign(161)) - Extensions to add to the certificate if they present in CSR: 2.5.29.17, 2.5.29.19, 1.3.6.1.5.5.7.1.12, 2.5.29.35, 2.5.29.37, 2.5.29.15
2024-04-16 13:47:10,528 [e74c9e3a-193e-4dbb-b5f5-b6805398d140@group-298AC6C8687B-StateMachineUpdater] INFO  safemode.HealthyPipelineSafeModeRule (HealthyPipelineSafeModeRule.java:initializeRule(172)) - Refreshed total pipeline count is 0, healthy pipeline threshold count is 1
2024-04-16 13:47:10,530 [692eadad-ad12-4257-a6c9-255a711e16c4@group-298AC6C8687B-StateMachineUpdater] INFO  safemode.HealthyPipelineSafeModeRule (HealthyPipelineSafeModeRule.java:initializeRule(172)) - Refreshed total pipeline count is 0, healthy pipeline threshold count is 1
2024-04-16 13:47:10,550 [8dded7e3-77f4-42cf-91f8-4014f88a5819@group-298AC6C8687B-StateMachineUpdater] INFO  safemode.HealthyPipelineSafeModeRule (HealthyPipelineSafeModeRule.java:initializeRule(172)) - Refreshed total pipeline count is 0, healthy pipeline threshold count is 1
2024-04-16 13:47:10,557 [e74c9e3a-193e-4dbb-b5f5-b6805398d140@group-298AC6C8687B-StateMachineUpdater] INFO  safemode.HealthyPipelineSafeModeRule (HealthyPipelineSafeModeRule.java:initializeRule(172)) - Refreshed total pipeline count is 0, healthy pipeline threshold count is 1
2024-04-16 13:47:10,559 [692eadad-ad12-4257-a6c9-255a711e16c4@group-298AC6C8687B-StateMachineUpdater] INFO  safemode.HealthyPipelineSafeModeRule (HealthyPipelineSafeModeRule.java:initializeRule(172)) - Refreshed total pipeline count is 0, healthy pipeline threshold count is 1
2024-04-16 13:47:10,569 [main] INFO  utils.CertificateCodec (CertificateCodec.java:writeCertificate(299)) - Save certificate to /home/runner/work/ozone/ozone/hadoop-ozone/integration-test/target/test-dir/MiniOzoneClusterImpl-f0f26617-5c27-4371-b446-298ac6c8687b/ozone-meta/datanode-3/meta/dn/certs/8.crt
2024-04-16 13:47:10,569 [main] INFO  utils.CertificateCodec (CertificateCodec.java:writeCertificate(300)) - Certificate -----BEGIN CERTIFICATE-----
MIIEIzCCAwugAwIBAgIBCDANBgkqhkiG9w0BAQsFADCBhjEaMBgGA1UEAwwRc2Nt
LXN1YkBsb2NhbGhvc3QxLTArBgNVBAsMJDhkZGVkN2UzLTc3ZjQtNDJjZi05MWY4
LTQwMTRmODhhNTgxOTEtMCsGA1UECgwkZjBmMjY2MTctNWMyNy00MzcxLWI0NDYt
Mjk4YWM2Yzg2ODdiMQowCAYDVQQFEwEyMB4XDTI0MDQxNjEzNDcxMFoXDTI1MDQx
NjEzNDcxMFowgboxTjBMBgNVBAMMRXNjbUBmdi1hejE0MjgtODE3LnV0cHBkMWxl
ZWMydXZtZ2pvZW5ueGI1eW5oLmV4LmludGVybmFsLmNsb3VkYXBwLm5ldDEtMCsG
A1UECwwkOGRkZWQ3ZTMtNzdmNC00MmNmLTkxZjgtNDAxNGY4OGE1ODE5MS0wKwYD
VQQKDCRmMGYyNjYxNy01YzI3LTQzNzEtYjQ0Ni0yOThhYzZjODY4N2IxCjAIBgNV
BAUTATgwggEiMA0GCSqGSIb3DQEBAQUAA4IBDwAwggEKAoIBAQCpyCoS5PlrOGky
o0KEbw5dSy6k4zVWWWHGOP346cUQlTR1hERR/NWBajt7YkTuPJWd58TLjRzREJg+
6L3w2Dhd86EkdLMo5vWpF6DLMA/yxQ2qnD/1K62R11y7+ZlxQ9Ea1Qss/ci8l0z+
iA8zFD6CDFqz+5XCA5UoOktIs/KdMRF4DCD35Jvf6WqBicoWv9k56QPFBJAMzUjm
LXQod9UfwV7IfX3r6P+ZSAR6kZGqbAdxu27XGEG0bBBgQihX1UH1KeokEK8GaEys
l0JPPMcjPg8UFSxJBSXJyTWuieVi84/sS8lloR+ZtkhLDGljCXw1FXADCevLfKPl
0hXfq2bDAgMBAAGjZjBkMFIGA1UdEQRLMEmHBAoBABiCQWZ2LWF6MTQyOC04MTcu
dXRwcGQxbGVlYzJ1dm1nam9lbm54YjV5bmguZXguaW50ZXJuYWwuY2xvdWRhcHAu
bmV0MA4GA1UdDwEB/wQEAwIDuDANBgkqhkiG9w0BAQsFAAOCAQEAc56Jcwzy7Ama
UM4DVOG2j8n9LMeGh38nlN/oD+cLudO1EmwYRO2RzXKaQ/dkb5ZkuvjcMH7XYrVM
CyQRb2UBDCjpYTJbvZpwyDh8wE4LnOfw2MnBSVO8clqVwQuYX4gtdDjUKVwjh2jJ
kyaW4WPA5hk2QhTi5bIM9obfR3svQ4RQjTh4uAqbAHipmx7ECymFoxLggKQ+g/Cp
lrNs1QeT+q6zwpE1CiepWc3tlNmxd5cnbQMMV11I2lerfI5EjYtuEIaugISNPwpY
ErmhpEV/xzInWPaWi7uapySyyVqG6gyq12gfO1vYHRxL1NaB4MMmgZqWI0orlgqW
naM3XuGTew==
-----END CERTIFICATE-----

-----BEGIN CERTIFICATE-----
MIIEADCCAuigAwIBAgIBAjANBgkqhkiG9w0BAQsFADCBhjEaMBgGA1UEAwwRc2Nt
QGZ2LWF6MTQyOC04MTcxLTArBgNVBAsMJDhkZGVkN2UzLTc3ZjQtNDJjZi05MWY4
LTQwMTRmODhhNTgxOTEtMCsGA1UECgwkZjBmMjY2MTctNWMyNy00MzcxLWI0NDYt
Mjk4YWM2Yzg2ODdiMQowCAYDVQQFEwExMB4XDTI0MDQxNjEzNDY0N1oXDTI5MDUy
NTEzNDY0N1owgYYxGjAYBgNVBAMMEXNjbS1zdWJAbG9jYWxob3N0MS0wKwYDVQQL
DCQ4ZGRlZDdlMy03N2Y0LTQyY2YtOTFmOC00MDE0Zjg4YTU4MTkxLTArBgNVBAoM
JGYwZjI2NjE3LTVjMjctNDM3MS1iNDQ2LTI5OGFjNmM4Njg3YjEKMAgGA1UEBRMB
MjCCASIwDQYJKoZIhvcNAQEBBQADggEPADCCAQoCggEBANjK/P+mL7p/u+YqC04x
JXmPB1dsWFp4EF57J5ivqFJRwh/Bg2et8qas7mEQFm8U6j0ccBRafon2235E18u9
+NfYaKHLS+nDjvNSCoN/FjHLJZWraFNx+xfjFeL/k1qIG2zajLlA9QvW8fS+0r3c
A+ayKor3ATWDYmV7Ob+hsjKxluUDgcuiSq15XKuxoTjH72DH0rQfnnMlrMCxMvtu
dji0xGpaC5ez0jeLGUyNBsLUIUei3V7SAy/ZN4AwkLti5ZsCKmgouYBm90Y6S9HZ
DHWhqL51SwQ2IOXzH5AFuGzyh+mJptEWH45tg88hTOKumH1Ie1E3TVaO7pdJuYPj
xysCAwEAAaN3MHUwUgYDVR0RBEswSYcECgEAGIJBZnYtYXoxNDI4LTgxNy51dHBw
ZDFsZWVjMnV2bWdqb2VubnhiNXluaC5leC5pbnRlcm5hbC5jbG91ZGFwcC5uZXQw
DwYDVR0TAQH/BAUwAwEB/zAOBgNVHQ8BAf8EBAMCAb4wDQYJKoZIhvcNAQELBQAD
ggEBACEtgKPf7lI4xY5m6Nc/Uvnaz+1nMnweOVF+spvhToSuCwQFJQkZXTm6C+NL
IXISjf8UkNCQOjglwn6SVo5qSL4hV+R6TJb4KYGZnv3HkzXZOX6adUAntMCz/Eyb
K2e+9VX98G7BdgCC9zw9ay+G6dDhWgReJGId2FvKdNvHvnu1Lb5QMcGSvPgk3wy5
UM8JmsmlJyKmO5e7bL77eaBki9UiVO/AuyQKn6nKHSe3xU0k4077lfI3X+6BpyC/
CXBsA9cwqx+whSdXN4v6TiADtVtGyNu/JcNIIpOLjNaqHTNl8lrQJxkurmBtazuT
728SGx7oeDF0blooC6rZBTRfDO4=
-----END CERTIFICATE-----

-----BEGIN CERTIFICATE-----
MIIEADCCAuigAwIBAgIBATANBgkqhkiG9w0BAQsFADCBhjEaMBgGA1UEAwwRc2Nt
QGZ2LWF6MTQyOC04MTcxLTArBgNVBAsMJDhkZGVkN2UzLTc3ZjQtNDJjZi05MWY4
LTQwMTRmODhhNTgxOTEtMCsGA1UECgwkZjBmMjY2MTctNWMyNy00MzcxLWI0NDYt
Mjk4YWM2Yzg2ODdiMQowCAYDVQQFEwExMB4XDTI0MDQxNjEzNDY0N1oXDTI5MDUy
NTEzNDY0N1owgYYxGjAYBgNVBAMMEXNjbUBmdi1hejE0MjgtODE3MS0wKwYDVQQL
DCQ4ZGRlZDdlMy03N2Y0LTQyY2YtOTFmOC00MDE0Zjg4YTU4MTkxLTArBgNVBAoM
JGYwZjI2NjE3LTVjMjctNDM3MS1iNDQ2LTI5OGFjNmM4Njg3YjEKMAgGA1UEBRMB
MTCCASIwDQYJKoZIhvcNAQEBBQADggEPADCCAQoCggEBAMdtp7i7wP+lZLzZlPEE
4ziTdvjbCpGrdZCLChtSQLrdxV06GLmEabfobsvIMsZju2cUyDma9RiOA8urazjr
T0XTQxsX5BabB78z/T+NgoWRlUczqIHSvVsksGtE8jP1agbenXJsc36dgYwP2OrA
YNuB5W7gX4iDyfKvYYm0rMkCiiphA6H6b+3I0ClnzGY10hEpVJofQUBylhoECsgY
lDuq146wIl7tvx2SxLlonnuYJ390L+N4gLYbeynYK7dPFxflao+2lo3vrHohnh6L
ybpQEBDNGMHusj8xERdMNn+tF+KcZxPjaIXZF6JyLwh3tDmxaC39HljYjTDurvF6
JwUCAwEAAaN3MHUwDwYDVR0TAQH/BAUwAwEB/zAOBgNVHQ8BAf8EBAMCAQYwUgYD
VR0RBEswSYcECgEAGIJBZnYtYXoxNDI4LTgxNy51dHBwZDFsZWVjMnV2bWdqb2Vu
bnhiNXluaC5leC5pbnRlcm5hbC5jbG91ZGFwcC5uZXQwDQYJKoZIhvcNAQELBQAD
ggEBAFi/vd/JLFd80EHBkMWQiD/wOJF1uwJBiLVL0XjS+CHo9XKIvvVxlUbJKNLr
zNXby38x4g0M7eoVEhITlw3yuv3B/pv315rYWtagwSvKLJKElQwT75qQ5v47W1RA
oSHk50lTe9Hmf2ndT+JFGcvhTS495C5jP2eIXKKxZPA8CDZbT+/HNa0Q5/LB0ATk
MZTG1TfQ8e/B+vvXO7D6PNBvTOlb77jSmjPCF7NKUq0Q7lDf40auSUc4AnjkxUSg
MbqkVs+mMULzy7c5doSHogjqsYMXWJQkcQmZttuADrLD7ebFVoTA8PRw59oRULJ1
YRwiVFPoWUDsL88+Dl3P1mWZdYs=
-----END CERTIFICATE-----

2024-04-16 13:47:10,570 [main] INFO  utils.CertificateCodec (CertificateCodec.java:writeCertificate(299)) - Save certificate to /home/runner/work/ozone/ozone/hadoop-ozone/integration-test/target/test-dir/MiniOzoneClusterImpl-f0f26617-5c27-4371-b446-298ac6c8687b/ozone-meta/datanode-3/meta/dn/certs/CA-2.crt
2024-04-16 13:47:10,570 [main] INFO  utils.CertificateCodec (CertificateCodec.java:writeCertificate(300)) - Certificate -----BEGIN CERTIFICATE-----
MIIEADCCAuigAwIBAgIBAjANBgkqhkiG9w0BAQsFADCBhjEaMBgGA1UEAwwRc2Nt
QGZ2LWF6MTQyOC04MTcxLTArBgNVBAsMJDhkZGVkN2UzLTc3ZjQtNDJjZi05MWY4
LTQwMTRmODhhNTgxOTEtMCsGA1UECgwkZjBmMjY2MTctNWMyNy00MzcxLWI0NDYt
Mjk4YWM2Yzg2ODdiMQowCAYDVQQFEwExMB4XDTI0MDQxNjEzNDY0N1oXDTI5MDUy
NTEzNDY0N1owgYYxGjAYBgNVBAMMEXNjbS1zdWJAbG9jYWxob3N0MS0wKwYDVQQL
DCQ4ZGRlZDdlMy03N2Y0LTQyY2YtOTFmOC00MDE0Zjg4YTU4MTkxLTArBgNVBAoM
JGYwZjI2NjE3LTVjMjctNDM3MS1iNDQ2LTI5OGFjNmM4Njg3YjEKMAgGA1UEBRMB
MjCCASIwDQYJKoZIhvcNAQEBBQADggEPADCCAQoCggEBANjK/P+mL7p/u+YqC04x
JXmPB1dsWFp4EF57J5ivqFJRwh/Bg2et8qas7mEQFm8U6j0ccBRafon2235E18u9
+NfYaKHLS+nDjvNSCoN/FjHLJZWraFNx+xfjFeL/k1qIG2zajLlA9QvW8fS+0r3c
A+ayKor3ATWDYmV7Ob+hsjKxluUDgcuiSq15XKuxoTjH72DH0rQfnnMlrMCxMvtu
dji0xGpaC5ez0jeLGUyNBsLUIUei3V7SAy/ZN4AwkLti5ZsCKmgouYBm90Y6S9HZ
DHWhqL51SwQ2IOXzH5AFuGzyh+mJptEWH45tg88hTOKumH1Ie1E3TVaO7pdJuYPj
xysCAwEAAaN3MHUwUgYDVR0RBEswSYcECgEAGIJBZnYtYXoxNDI4LTgxNy51dHBw
ZDFsZWVjMnV2bWdqb2VubnhiNXluaC5leC5pbnRlcm5hbC5jbG91ZGFwcC5uZXQw
DwYDVR0TAQH/BAUwAwEB/zAOBgNVHQ8BAf8EBAMCAb4wDQYJKoZIhvcNAQELBQAD
ggEBACEtgKPf7lI4xY5m6Nc/Uvnaz+1nMnweOVF+spvhToSuCwQFJQkZXTm6C+NL
IXISjf8UkNCQOjglwn6SVo5qSL4hV+R6TJb4KYGZnv3HkzXZOX6adUAntMCz/Eyb
K2e+9VX98G7BdgCC9zw9ay+G6dDhWgReJGId2FvKdNvHvnu1Lb5QMcGSvPgk3wy5
UM8JmsmlJyKmO5e7bL77eaBki9UiVO/AuyQKn6nKHSe3xU0k4077lfI3X+6BpyC/
CXBsA9cwqx+whSdXN4v6TiADtVtGyNu/JcNIIpOLjNaqHTNl8lrQJxkurmBtazuT
728SGx7oeDF0blooC6rZBTRfDO4=
-----END CERTIFICATE-----

-----BEGIN CERTIFICATE-----
MIIEADCCAuigAwIBAgIBATANBgkqhkiG9w0BAQsFADCBhjEaMBgGA1UEAwwRc2Nt
QGZ2LWF6MTQyOC04MTcxLTArBgNVBAsMJDhkZGVkN2UzLTc3ZjQtNDJjZi05MWY4
LTQwMTRmODhhNTgxOTEtMCsGA1UECgwkZjBmMjY2MTctNWMyNy00MzcxLWI0NDYt
Mjk4YWM2Yzg2ODdiMQowCAYDVQQFEwExMB4XDTI0MDQxNjEzNDY0N1oXDTI5MDUy
NTEzNDY0N1owgYYxGjAYBgNVBAMMEXNjbUBmdi1hejE0MjgtODE3MS0wKwYDVQQL
DCQ4ZGRlZDdlMy03N2Y0LTQyY2YtOTFmOC00MDE0Zjg4YTU4MTkxLTArBgNVBAoM
JGYwZjI2NjE3LTVjMjctNDM3MS1iNDQ2LTI5OGFjNmM4Njg3YjEKMAgGA1UEBRMB
MTCCASIwDQYJKoZIhvcNAQEBBQADggEPADCCAQoCggEBAMdtp7i7wP+lZLzZlPEE
4ziTdvjbCpGrdZCLChtSQLrdxV06GLmEabfobsvIMsZju2cUyDma9RiOA8urazjr
T0XTQxsX5BabB78z/T+NgoWRlUczqIHSvVsksGtE8jP1agbenXJsc36dgYwP2OrA
YNuB5W7gX4iDyfKvYYm0rMkCiiphA6H6b+3I0ClnzGY10hEpVJofQUBylhoECsgY
lDuq146wIl7tvx2SxLlonnuYJ390L+N4gLYbeynYK7dPFxflao+2lo3vrHohnh6L
ybpQEBDNGMHusj8xERdMNn+tF+KcZxPjaIXZF6JyLwh3tDmxaC39HljYjTDurvF6
JwUCAwEAAaN3MHUwDwYDVR0TAQH/BAUwAwEB/zAOBgNVHQ8BAf8EBAMCAQYwUgYD
VR0RBEswSYcECgEAGIJBZnYtYXoxNDI4LTgxNy51dHBwZDFsZWVjMnV2bWdqb2Vu
bnhiNXluaC5leC5pbnRlcm5hbC5jbG91ZGFwcC5uZXQwDQYJKoZIhvcNAQELBQAD
ggEBAFi/vd/JLFd80EHBkMWQiD/wOJF1uwJBiLVL0XjS+CHo9XKIvvVxlUbJKNLr
zNXby38x4g0M7eoVEhITlw3yuv3B/pv315rYWtagwSvKLJKElQwT75qQ5v47W1RA
oSHk50lTe9Hmf2ndT+JFGcvhTS495C5jP2eIXKKxZPA8CDZbT+/HNa0Q5/LB0ATk
MZTG1TfQ8e/B+vvXO7D6PNBvTOlb77jSmjPCF7NKUq0Q7lDf40auSUc4AnjkxUSg
MbqkVs+mMULzy7c5doSHogjqsYMXWJQkcQmZttuADrLD7ebFVoTA8PRw59oRULJ1
YRwiVFPoWUDsL88+Dl3P1mWZdYs=
-----END CERTIFICATE-----

2024-04-16 13:47:10,572 [IPC Server handler 1 on default port 15002] INFO  client.SCMCertificateClient (DefaultCertificateClient.java:getAllRootCaCerts(973)) - scm/sub-ca has 0 Root CA certificates
2024-04-16 13:47:10,572 [IPC Server handler 1 on default port 15002] INFO  client.SCMCertificateClient (DefaultCertificateClient.java:getAllCaCerts(981)) - scm/sub-ca has 1 CA certificates
2024-04-16 13:47:10,574 [main] INFO  utils.CertificateCodec (CertificateCodec.java:writeCertificate(299)) - Save certificate to /home/runner/work/ozone/ozone/hadoop-ozone/integration-test/target/test-dir/MiniOzoneClusterImpl-f0f26617-5c27-4371-b446-298ac6c8687b/ozone-meta/datanode-3/meta/dn/certs/ROOTCA-1.crt
2024-04-16 13:47:10,574 [main] INFO  utils.CertificateCodec (CertificateCodec.java:writeCertificate(300)) - Certificate -----BEGIN CERTIFICATE-----
MIIEADCCAuigAwIBAgIBATANBgkqhkiG9w0BAQsFADCBhjEaMBgGA1UEAwwRc2Nt
QGZ2LWF6MTQyOC04MTcxLTArBgNVBAsMJDhkZGVkN2UzLTc3ZjQtNDJjZi05MWY4
LTQwMTRmODhhNTgxOTEtMCsGA1UECgwkZjBmMjY2MTctNWMyNy00MzcxLWI0NDYt
Mjk4YWM2Yzg2ODdiMQowCAYDVQQFEwExMB4XDTI0MDQxNjEzNDY0N1oXDTI5MDUy
NTEzNDY0N1owgYYxGjAYBgNVBAMMEXNjbUBmdi1hejE0MjgtODE3MS0wKwYDVQQL
DCQ4ZGRlZDdlMy03N2Y0LTQyY2YtOTFmOC00MDE0Zjg4YTU4MTkxLTArBgNVBAoM
JGYwZjI2NjE3LTVjMjctNDM3MS1iNDQ2LTI5OGFjNmM4Njg3YjEKMAgGA1UEBRMB
MTCCASIwDQYJKoZIhvcNAQEBBQADggEPADCCAQoCggEBAMdtp7i7wP+lZLzZlPEE
4ziTdvjbCpGrdZCLChtSQLrdxV06GLmEabfobsvIMsZju2cUyDma9RiOA8urazjr
T0XTQxsX5BabB78z/T+NgoWRlUczqIHSvVsksGtE8jP1agbenXJsc36dgYwP2OrA
YNuB5W7gX4iDyfKvYYm0rMkCiiphA6H6b+3I0ClnzGY10hEpVJofQUBylhoECsgY
lDuq146wIl7tvx2SxLlonnuYJ390L+N4gLYbeynYK7dPFxflao+2lo3vrHohnh6L
ybpQEBDNGMHusj8xERdMNn+tF+KcZxPjaIXZF6JyLwh3tDmxaC39HljYjTDurvF6
JwUCAwEAAaN3MHUwDwYDVR0TAQH/BAUwAwEB/zAOBgNVHQ8BAf8EBAMCAQYwUgYD
VR0RBEswSYcECgEAGIJBZnYtYXoxNDI4LTgxNy51dHBwZDFsZWVjMnV2bWdqb2Vu
bnhiNXluaC5leC5pbnRlcm5hbC5jbG91ZGFwcC5uZXQwDQYJKoZIhvcNAQELBQAD
ggEBAFi/vd/JLFd80EHBkMWQiD/wOJF1uwJBiLVL0XjS+CHo9XKIvvVxlUbJKNLr
zNXby38x4g0M7eoVEhITlw3yuv3B/pv315rYWtagwSvKLJKElQwT75qQ5v47W1RA
oSHk50lTe9Hmf2ndT+JFGcvhTS495C5jP2eIXKKxZPA8CDZbT+/HNa0Q5/LB0ATk
MZTG1TfQ8e/B+vvXO7D6PNBvTOlb77jSmjPCF7NKUq0Q7lDf40auSUc4AnjkxUSg
MbqkVs+mMULzy7c5doSHogjqsYMXWJQkcQmZttuADrLD7ebFVoTA8PRw59oRULJ1
YRwiVFPoWUDsL88+Dl3P1mWZdYs=
-----END CERTIFICATE-----

2024-04-16 13:47:10,574 [main] INFO  client.DNCertificateClient (DefaultCertificateClient.java:updateCertSerialId(1313)) - Certificate serial ID set to 8
2024-04-16 13:47:10,575 [main] INFO  client.DNCertificateClient (DefaultCertificateClient.java:readCertificateFile(248)) - Added certificate 2 from file: /home/runner/work/ozone/ozone/hadoop-ozone/integration-test/target/test-dir/MiniOzoneClusterImpl-f0f26617-5c27-4371-b446-298ac6c8687b/ozone-meta/datanode-3/meta/dn/certs/CA-2.crt.
2024-04-16 13:47:10,576 [main] INFO  client.DNCertificateClient (DefaultCertificateClient.java:readCertificateFile(248)) - Added certificate 1 from file: /home/runner/work/ozone/ozone/hadoop-ozone/integration-test/target/test-dir/MiniOzoneClusterImpl-f0f26617-5c27-4371-b446-298ac6c8687b/ozone-meta/datanode-3/meta/dn/certs/ROOTCA-1.crt.
2024-04-16 13:47:10,576 [main] INFO  client.DNCertificateClient (DefaultCertificateClient.java:readCertificateFile(248)) - Added certificate 8 from file: /home/runner/work/ozone/ozone/hadoop-ozone/integration-test/target/test-dir/MiniOzoneClusterImpl-f0f26617-5c27-4371-b446-298ac6c8687b/ozone-meta/datanode-3/meta/dn/certs/8.crt.
2024-04-16 13:47:10,577 [main] INFO  client.DNCertificateClient (DefaultCertificateClient.java:startCertificateRenewerService(1418)) - CertificateRenewerService for dn is started with first delay 29116799423 ms and interval 86400000 ms.
2024-04-16 13:47:10,577 [main] INFO  client.DNCertificateClient (DefaultCertificateClient.java:updateCertSerialId(1313)) - Certificate serial ID set to 8
2024-04-16 13:47:10,578 [main] INFO  client.DNCertificateClient (DefaultCertificateClient.java:readCertificateFile(248)) - Added certificate 2 from file: /home/runner/work/ozone/ozone/hadoop-ozone/integration-test/target/test-dir/MiniOzoneClusterImpl-f0f26617-5c27-4371-b446-298ac6c8687b/ozone-meta/datanode-3/meta/dn/certs/CA-2.crt.
2024-04-16 13:47:10,578 [main] INFO  client.DNCertificateClient (DefaultCertificateClient.java:readCertificateFile(248)) - Added certificate 1 from file: /home/runner/work/ozone/ozone/hadoop-ozone/integration-test/target/test-dir/MiniOzoneClusterImpl-f0f26617-5c27-4371-b446-298ac6c8687b/ozone-meta/datanode-3/meta/dn/certs/ROOTCA-1.crt.
2024-04-16 13:47:10,579 [main] INFO  client.DNCertificateClient (DefaultCertificateClient.java:readCertificateFile(248)) - Added certificate 8 from file: /home/runner/work/ozone/ozone/hadoop-ozone/integration-test/target/test-dir/MiniOzoneClusterImpl-f0f26617-5c27-4371-b446-298ac6c8687b/ozone-meta/datanode-3/meta/dn/certs/8.crt.
2024-04-16 13:47:10,581 [main] INFO  client.DNCertificateClient (DefaultCertificateClient.java:recoverStateIfNeeded(815)) - Successfully stored DN signed certificate, case:GETCERT.
2024-04-16 13:47:10,582 [main] INFO  ha.SCMNodeInfo (SCMNodeInfo.java:getPort(197)) - ConfigKey ozone.scm.client.address is deprecated, For configuring different ports for each SCM use PortConfigKey ozone.scm.client.port appended with serviceId and nodeId
2024-04-16 13:47:10,582 [main] INFO  ha.SCMNodeInfo (SCMNodeInfo.java:getPort(197)) - ConfigKey ozone.scm.block.client.address is deprecated, For configuring different ports for each SCM use PortConfigKey ozone.scm.block.client.port appended with serviceId and nodeId
2024-04-16 13:47:10,582 [main] INFO  ha.SCMNodeInfo (SCMNodeInfo.java:getPort(197)) - ConfigKey ozone.scm.security.service.address is deprecated, For configuring different ports for each SCM use PortConfigKey ozone.scm.security.service.port appended with serviceId and nodeId
2024-04-16 13:47:10,583 [main] INFO  ha.SCMNodeInfo (SCMNodeInfo.java:getPort(197)) - ConfigKey ozone.scm.datanode.address is deprecated, For configuring different ports for each SCM use PortConfigKey ozone.scm.datanode.port appended with serviceId and nodeId
2024-04-16 13:47:10,583 [main] INFO  ha.SCMNodeInfo (SCMNodeInfo.java:getPort(197)) - ConfigKey ozone.scm.client.address is deprecated, For configuring different ports for each SCM use PortConfigKey ozone.scm.client.port appended with serviceId and nodeId
2024-04-16 13:47:10,583 [main] INFO  ha.SCMNodeInfo (SCMNodeInfo.java:getPort(197)) - ConfigKey ozone.scm.block.client.address is deprecated, For configuring different ports for each SCM use PortConfigKey ozone.scm.block.client.port appended with serviceId and nodeId
2024-04-16 13:47:10,583 [main] INFO  ha.SCMNodeInfo (SCMNodeInfo.java:getPort(197)) - ConfigKey ozone.scm.security.service.address is deprecated, For configuring different ports for each SCM use PortConfigKey ozone.scm.security.service.port appended with serviceId and nodeId
2024-04-16 13:47:10,584 [main] INFO  ha.SCMNodeInfo (SCMNodeInfo.java:getPort(197)) - ConfigKey ozone.scm.datanode.address is deprecated, For configuring different ports for each SCM use PortConfigKey ozone.scm.datanode.port appended with serviceId and nodeId
2024-04-16 13:47:10,584 [main] INFO  ha.SCMNodeInfo (SCMNodeInfo.java:getPort(197)) - ConfigKey ozone.scm.client.address is deprecated, For configuring different ports for each SCM use PortConfigKey ozone.scm.client.port appended with serviceId and nodeId
2024-04-16 13:47:10,584 [main] INFO  ha.SCMNodeInfo (SCMNodeInfo.java:getPort(197)) - ConfigKey ozone.scm.block.client.address is deprecated, For configuring different ports for each SCM use PortConfigKey ozone.scm.block.client.port appended with serviceId and nodeId
2024-04-16 13:47:10,585 [main] INFO  ha.SCMNodeInfo (SCMNodeInfo.java:getPort(197)) - ConfigKey ozone.scm.security.service.address is deprecated, For configuring different ports for each SCM use PortConfigKey ozone.scm.security.service.port appended with serviceId and nodeId
2024-04-16 13:47:10,585 [main] INFO  ha.SCMNodeInfo (SCMNodeInfo.java:getPort(197)) - ConfigKey ozone.scm.datanode.address is deprecated, For configuring different ports for each SCM use PortConfigKey ozone.scm.datanode.port appended with serviceId and nodeId
2024-04-16 13:47:10,586 [main] INFO  symmetric.DefaultSecretKeyVerifierClient (DefaultSecretKeyVerifierClient.java:<init>(77)) - Initializing secret key cache with size 8, TTL PT3S
2024-04-16 13:47:10,593 [Socket Reader #1 for port 15002] INFO  ipc.Server (Server.java:saslProcess(2139)) - Auth successful for scm/fv-az1428-817.utppd1leec2uvmgjoennxb5ynh.ex.internal.cloudapp.net@EXAMPLE.COM (auth:KERBEROS) from fv-az1428-817.utppd1leec2uvmgjoennxb5ynh.ex.internal.cloudapp.net:38051 / 10.1.0.24:38051
2024-04-16 13:47:10,601 [Socket Reader #1 for port 15002] INFO  authorize.ServiceAuthorizationManager (ServiceAuthorizationManager.java:authorize(137)) - Authorization successful for scm/fv-az1428-817.utppd1leec2uvmgjoennxb5ynh.ex.internal.cloudapp.net@EXAMPLE.COM (auth:KERBEROS) for protocol=interface org.apache.hadoop.hdds.protocol.SecretKeyProtocolDatanode
2024-04-16 13:47:10,603 [main] INFO  symmetric.DefaultSecretKeySignerClient (DefaultSecretKeySignerClient.java:start(84)) - Initial secret key fetched from SCM: SecretKey(id = ccef31cf-7d11-406b-9d50-7c63dd610370, creation at: 2024-04-16T13:47:09.715Z, expire at: 2024-04-16T13:47:12.715Z).
2024-04-16 13:47:10,604 [main] INFO  symmetric.DefaultSecretKeySignerClient (DefaultSecretKeySignerClient.java:scheduleSecretKeyPoller(150)) - Scheduling SecretKeyPoller with initial delay of PT0.111S and interval of PT0.1S
2024-04-16 13:47:10,605 [main] INFO  upgrade.AbstractLayoutVersionManager (AbstractLayoutVersionManager.java:init(83)) - Initializing Layout version manager with metadata layout = HADOOP_PRC_PORTS_IN_DATANODEDETAILS (version = 7), software layout = HADOOP_PRC_PORTS_IN_DATANODEDETAILS (version = 7)
2024-04-16 13:47:10,606 [main] INFO  ha.SCMNodeInfo (SCMNodeInfo.java:getPort(197)) - ConfigKey ozone.scm.client.address is deprecated, For configuring different ports for each SCM use PortConfigKey ozone.scm.client.port appended with serviceId and nodeId
2024-04-16 13:47:10,606 [main] INFO  ha.SCMNodeInfo (SCMNodeInfo.java:getPort(197)) - ConfigKey ozone.scm.block.client.address is deprecated, For configuring different ports for each SCM use PortConfigKey ozone.scm.block.client.port appended with serviceId and nodeId
2024-04-16 13:47:10,606 [main] INFO  ha.SCMNodeInfo (SCMNodeInfo.java:getPort(197)) - ConfigKey ozone.scm.security.service.address is deprecated, For configuring different ports for each SCM use PortConfigKey ozone.scm.security.service.port appended with serviceId and nodeId
2024-04-16 13:47:10,606 [main] INFO  ha.SCMNodeInfo (SCMNodeInfo.java:getPort(197)) - ConfigKey ozone.scm.datanode.address is deprecated, For configuring different ports for each SCM use PortConfigKey ozone.scm.datanode.port appended with serviceId and nodeId
2024-04-16 13:47:10,606 [main] INFO  ha.SCMNodeInfo (SCMNodeInfo.java:getPort(197)) - ConfigKey ozone.scm.client.address is deprecated, For configuring different ports for each SCM use PortConfigKey ozone.scm.client.port appended with serviceId and nodeId
2024-04-16 13:47:10,606 [main] INFO  ha.SCMNodeInfo (SCMNodeInfo.java:getPort(197)) - ConfigKey ozone.scm.block.client.address is deprecated, For configuring different ports for each SCM use PortConfigKey ozone.scm.block.client.port appended with serviceId and nodeId
2024-04-16 13:47:10,607 [main] INFO  ha.SCMNodeInfo (SCMNodeInfo.java:getPort(197)) - ConfigKey ozone.scm.security.service.address is deprecated, For configuring different ports for each SCM use PortConfigKey ozone.scm.security.service.port appended with serviceId and nodeId
2024-04-16 13:47:10,607 [main] INFO  ha.SCMNodeInfo (SCMNodeInfo.java:getPort(197)) - ConfigKey ozone.scm.datanode.address is deprecated, For configuring different ports for each SCM use PortConfigKey ozone.scm.datanode.port appended with serviceId and nodeId
2024-04-16 13:47:10,607 [main] INFO  ha.SCMNodeInfo (SCMNodeInfo.java:getPort(197)) - ConfigKey ozone.scm.client.address is deprecated, For configuring different ports for each SCM use PortConfigKey ozone.scm.client.port appended with serviceId and nodeId
2024-04-16 13:47:10,607 [main] INFO  ha.SCMNodeInfo (SCMNodeInfo.java:getPort(197)) - ConfigKey ozone.scm.block.client.address is deprecated, For configuring different ports for each SCM use PortConfigKey ozone.scm.block.client.port appended with serviceId and nodeId
2024-04-16 13:47:10,607 [main] INFO  ha.SCMNodeInfo (SCMNodeInfo.java:getPort(197)) - ConfigKey ozone.scm.security.service.address is deprecated, For configuring different ports for each SCM use PortConfigKey ozone.scm.security.service.port appended with serviceId and nodeId
2024-04-16 13:47:10,607 [main] INFO  ha.SCMNodeInfo (SCMNodeInfo.java:getPort(197)) - ConfigKey ozone.scm.datanode.address is deprecated, For configuring different ports for each SCM use PortConfigKey ozone.scm.datanode.port appended with serviceId and nodeId
2024-04-16 13:47:10,607 [main] INFO  statemachine.DatanodeStateMachine (DatanodeStateMachine.java:getEndPointTaskThreadPoolSize(299)) - Datanode State Machine Task Thread Pool size 4
2024-04-16 13:47:10,611 [main] INFO  volume.HddsVolume (HddsVolume.java:<init>(126)) - Creating HddsVolume: /home/runner/work/ozone/ozone/hadoop-ozone/integration-test/target/test-dir/MiniOzoneClusterImpl-f0f26617-5c27-4371-b446-298ac6c8687b/ozone-meta/datanode-3/data-0/hdds of storage type : DISK capacity : 9223372036854775807
2024-04-16 13:47:10,612 [main] INFO  volume.MutableVolumeSet (MutableVolumeSet.java:initializeVolumeSet(173)) - Added Volume : /home/runner/work/ozone/ozone/hadoop-ozone/integration-test/target/test-dir/MiniOzoneClusterImpl-f0f26617-5c27-4371-b446-298ac6c8687b/ozone-meta/datanode-3/data-0/hdds to VolumeSet
2024-04-16 13:47:10,616 [main] INFO  volume.MutableVolumeSet (MutableVolumeSet.java:initializeVolumeSet(173)) - Added Volume : /home/runner/work/ozone/ozone/hadoop-ozone/integration-test/target/test-dir/MiniOzoneClusterImpl-f0f26617-5c27-4371-b446-298ac6c8687b/ozone-meta/datanode-3/ratis to VolumeSet
2024-04-16 13:47:10,617 [main] INFO  ozoneimpl.OzoneContainer (HddsVolumeUtil.java:loadAllHddsVolumeDbStore(103)) - Load 1 volumes DbStore cost: 0ms
2024-04-16 13:47:10,627 [main] INFO  server.RaftServer (ConfUtils.java:logGet(46)) - raft.rpc.type = GRPC (default)
2024-04-16 13:47:10,628 [main] INFO  grpc.GrpcConfigKeys (ConfUtils.java:logFallback(53)) - raft.grpc.admin.host = null (fallback to raft.grpc.server.host)
2024-04-16 13:47:10,628 [main] INFO  grpc.GrpcConfigKeys (ConfUtils.java:logGet(46)) - raft.grpc.admin.port = 15063 (custom)
2024-04-16 13:47:10,629 [main] INFO  grpc.GrpcConfigKeys (ConfUtils.java:logFallback(53)) - raft.grpc.client.host = null (fallback to raft.grpc.server.host)
2024-04-16 13:47:10,630 [main] INFO  grpc.GrpcConfigKeys (ConfUtils.java:logGet(46)) - raft.grpc.client.port = 15062 (custom)
2024-04-16 13:47:10,630 [main] INFO  grpc.GrpcConfigKeys (ConfUtils.java:logGet(46)) - raft.grpc.server.host = null (default)
2024-04-16 13:47:10,630 [main] INFO  grpc.GrpcConfigKeys (ConfUtils.java:logGet(46)) - raft.grpc.server.port = 15064 (custom)
2024-04-16 13:47:10,632 [main] INFO  server.GrpcService (ConfUtils.java:logGet(46)) - raft.grpc.message.size.max = 32MB (=33554432) (custom)
2024-04-16 13:47:10,632 [main] INFO  server.RaftServerConfigKeys (ConfUtils.java:logGet(46)) - raft.server.log.appender.buffer.byte-limit = 8388608 (custom)
2024-04-16 13:47:10,632 [main] INFO  server.GrpcService (ConfUtils.java:logGet(46)) - raft.grpc.flow.control.window = 5MB (=5242880) (custom)
2024-04-16 13:47:10,632 [main] INFO  server.RaftServerConfigKeys (ConfUtils.java:logGet(46)) - raft.server.rpc.request.timeout = 60s (custom)
2024-04-16 13:47:10,634 [main] INFO  grpc.GrpcConfigKeys (ConfUtils.java:logGet(46)) - raft.grpc.server.heartbeat.channel = true (default)
2024-04-16 13:47:10,634 [main] INFO  grpc.GrpcConfigKeys (ConfUtils.java:logGet(46)) - raft.grpc.server.async.request.thread.pool.cached = true (default)
2024-04-16 13:47:10,634 [main] INFO  grpc.GrpcConfigKeys (ConfUtils.java:logGet(46)) - raft.grpc.server.async.request.thread.pool.size = 32 (default)
2024-04-16 13:47:10,644 [main] INFO  impl.DataStreamServerImpl (ConfUtils.java:logGet(46)) - raft.datastream.type = NETTY (custom)
2024-04-16 13:47:10,644 [main] INFO  server.RaftServerConfigKeys (ConfUtils.java:logGet(46)) - raft.server.data-stream.async.request.thread.pool.cached = false (default)
2024-04-16 13:47:10,644 [main] INFO  server.RaftServerConfigKeys (ConfUtils.java:logGet(46)) - raft.server.data-stream.async.request.thread.pool.size = 20 (custom)
2024-04-16 13:47:10,645 [main] INFO  server.RaftServerConfigKeys (ConfUtils.java:logGet(46)) - raft.server.data-stream.async.write.thread.pool.size = 16 (default)
2024-04-16 13:47:10,645 [main] INFO  netty.NettyConfigKeys$DataStream (ConfUtils.java:logGet(46)) - raft.netty.dataStream.server.channel.inactive.grace-period = 10min (default)
2024-04-16 13:47:10,645 [main] INFO  server.RaftServerConfigKeys (ConfUtils.java:logGet(46)) - raft.server.data-stream.client.pool.size = 10 (default)
2024-04-16 13:47:10,645 [main] INFO  netty.NettyConfigKeys$DataStream (ConfUtils.java:logGet(46)) - raft.netty.dataStream.server.use-epoll = true (default)
2024-04-16 13:47:10,646 [main] INFO  netty.NettyConfigKeys$DataStream (ConfUtils.java:logGet(46)) - raft.netty.dataStream.server.boss-group.size = 0 (default)
2024-04-16 13:47:10,646 [main] INFO  netty.NettyUtils (NettyUtils.java:newEventLoopGroup(69)) - Create EpollEventLoopGroup for 590e72f5-e0a8-4a6b-9708-265ca50c2b50-NettyServerStreamRpc-bossGroup; Thread size is 0.
2024-04-16 13:47:10,646 [main] INFO  netty.NettyConfigKeys$DataStream (ConfUtils.java:logGet(46)) - raft.netty.dataStream.server.worker-group.size = 0 (default)
2024-04-16 13:47:10,647 [main] INFO  netty.NettyUtils (NettyUtils.java:newEventLoopGroup(69)) - Create EpollEventLoopGroup for 590e72f5-e0a8-4a6b-9708-265ca50c2b50-NettyServerStreamRpc-workerGroup; Thread size is 0.
2024-04-16 13:47:10,647 [main] INFO  netty.NettyConfigKeys$DataStream (ConfUtils.java:logGet(46)) - raft.netty.dataStream.server.tls.conf = null (default)
2024-04-16 13:47:10,647 [main] INFO  netty.NettyConfigKeys$DataStream (ConfUtils.java:logGet(46)) - raft.netty.dataStream.host = null (default)
2024-04-16 13:47:10,648 [main] INFO  netty.NettyConfigKeys$DataStream (ConfUtils.java:logGet(46)) - raft.netty.dataStream.port = 15065 (custom)
2024-04-16 13:47:10,648 [main] INFO  server.RaftServerConfigKeys (ConfUtils.java:logGet(46)) - raft.server.sleep.deviation.threshold = 300ms (default)
2024-04-16 13:47:10,650 [main] INFO  server.RaftServerConfigKeys (ConfUtils.java:logGet(46)) - raft.server.close.threshold = 60s (default)
2024-04-16 13:47:10,650 [590e72f5-e0a8-4a6b-9708-265ca50c2b50-NettyServerStreamRpc-bossGroup--thread1] INFO  logging.LoggingHandler (AbstractInternalLogger.java:log(148)) - [id: 0x231c2f31] REGISTERED
2024-04-16 13:47:10,650 [main] INFO  server.RaftServerConfigKeys (ConfUtils.java:logGet(46)) - raft.server.leaderelection.leader.step-down.wait-time = 10s (default)
2024-04-16 13:47:10,650 [590e72f5-e0a8-4a6b-9708-265ca50c2b50-NettyServerStreamRpc-bossGroup--thread1] INFO  logging.LoggingHandler (AbstractInternalLogger.java:log(148)) - [id: 0x231c2f31] BIND: 0.0.0.0/0.0.0.0:15065
2024-04-16 13:47:10,651 [main] INFO  server.RaftServerConfigKeys (ConfUtils.java:logGet(46)) - raft.server.storage.dir = [/home/runner/work/ozone/ozone/hadoop-ozone/integration-test/target/test-dir/MiniOzoneClusterImpl-f0f26617-5c27-4371-b446-298ac6c8687b/ozone-meta/datanode-3/ratis] (custom)
2024-04-16 13:47:10,651 [590e72f5-e0a8-4a6b-9708-265ca50c2b50-NettyServerStreamRpc-bossGroup--thread1] INFO  logging.LoggingHandler (AbstractInternalLogger.java:log(148)) - [id: 0x231c2f31, L:/0.0.0.0:15065] ACTIVE
2024-04-16 13:47:10,651 [main] INFO  server.RaftServerConfigKeys (ConfUtils.java:logGet(46)) - raft.server.threadpool.proxy.cached = true (default)
2024-04-16 13:47:10,651 [main] INFO  server.RaftServerConfigKeys (ConfUtils.java:logGet(46)) - raft.server.threadpool.proxy.size = 0 (default)
2024-04-16 13:47:10,652 [590e72f5-e0a8-4a6b-9708-265ca50c2b50-impl-thread1] INFO  server.RaftServer (RaftServerProxy.java:initGroupDir(264)) - 590e72f5-e0a8-4a6b-9708-265ca50c2b50: found a subdirectory /home/runner/work/ozone/ozone/hadoop-ozone/integration-test/target/test-dir/MiniOzoneClusterImpl-f0f26617-5c27-4371-b446-298ac6c8687b/ozone-meta/datanode-3/ratis/tmp
2024-04-16 13:47:10,652 [590e72f5-e0a8-4a6b-9708-265ca50c2b50-impl-thread1] INFO  server.RaftServer (RaftServerProxy.java:initGroupDir(269)) - 590e72f5-e0a8-4a6b-9708-265ca50c2b50: The directory /home/runner/work/ozone/ozone/hadoop-ozone/integration-test/target/test-dir/MiniOzoneClusterImpl-f0f26617-5c27-4371-b446-298ac6c8687b/ozone-meta/datanode-3/ratis/tmp is not a group directory; ignoring it. 
2024-04-16 13:47:10,652 [main] INFO  replication.ReplicationServer (ReplicationServer.java:<init>(86)) - Initializing replication server with thread count = 10 queue length = 4096
2024-04-16 13:47:10,654 [main] INFO  server.XceiverServerGrpc (XceiverServerGrpc.java:<init>(141)) - GrpcServer channel type EpollServerSocketChannel
2024-04-16 13:47:10,657 [main] INFO  replication.ReplicationSupervisor (ReplicationSupervisor.java:build(157)) - Initializing replication supervisor with thread count = 10
2024-04-16 13:47:10,657 [main] INFO  replication.ReplicationSupervisor (ReplicationSupervisor.java:nodeStateUpdated(312)) - Node state updated to IN_SERVICE, scaling executor pool size to 10
2024-04-16 13:47:10,657 [main] INFO  client.ClientTrustManager (ClientTrustManager.java:loadCerts(148)) - Loading certificates for client.
2024-04-16 13:47:10,664 [main] INFO  http.BaseHttpServer (BaseHttpServer.java:newHttpServer2BuilderForOzone(223)) - Starting Web-server for hddsDatanode at: http://0.0.0.0:15059
2024-04-16 13:47:10,665 [main] INFO  http.BaseHttpServer (BaseHttpServer.java:<init>(110)) - Hadoop Security Enabled: true Ozone Security Enabled: true Ozone HTTP Security Enabled: false 
2024-04-16 13:47:10,667 [main] WARN  server.AuthenticationFilter (AuthenticationFilter.java:constructSecretProvider(240)) - Unable to initialize FileSignerSecretProvider, falling back to use random secrets. Reason: Could not read signature secret file: /home/runner/hadoop-http-auth-signature-secret
2024-04-16 13:47:10,668 [main] INFO  http.HttpRequestLog (HttpRequestLog.java:getRequestLog(86)) - Http request log for http.requests.hddsDatanode is not defined
2024-04-16 13:47:10,670 [main] INFO  http.HttpServer2 (HttpServer2.java:addGlobalFilter(1036)) - Added global filter 'safety' (class=org.apache.hadoop.hdds.server.http.HttpServer2$QuotingInputFilter)
2024-04-16 13:47:10,671 [main] INFO  http.HttpServer2 (HttpServer2.java:addFilter(1012)) - Added filter static_user_filter (class=org.apache.hadoop.http.lib.StaticUserWebFilter$StaticUserFilter) to context hddsDatanode
2024-04-16 13:47:10,671 [main] INFO  http.HttpServer2 (HttpServer2.java:addFilter(1020)) - Added filter static_user_filter (class=org.apache.hadoop.http.lib.StaticUserWebFilter$StaticUserFilter) to context logs
2024-04-16 13:47:10,671 [main] INFO  http.HttpServer2 (HttpServer2.java:addFilter(1020)) - Added filter static_user_filter (class=org.apache.hadoop.http.lib.StaticUserWebFilter$StaticUserFilter) to context static
2024-04-16 13:47:10,672 [main] INFO  http.BaseHttpServer (BaseHttpServer.java:<init>(189)) - HTTP server of hddsDatanode uses base directory /home/runner/work/ozone/ozone/hadoop-ozone/integration-test/target/test-dir/MiniOzoneClusterImpl-f0f26617-5c27-4371-b446-298ac6c8687b/ozone-meta/datanode-3/meta/webserver
2024-04-16 13:47:10,672 [main] INFO  http.HttpServer2 (HttpServer2.java:bindListener(1236)) - Jetty bound to port 15059
2024-04-16 13:47:10,672 [main] INFO  server.Server (Server.java:doStart(375)) - jetty-9.4.53.v20231009; built: 2023-10-09T12:29:09.265Z; git: 27bde00a0b95a1d5bbee0eae7984f891d2d0f8c9; jvm 1.8.0_402-b06
2024-04-16 13:47:10,673 [main] INFO  server.session (DefaultSessionIdManager.java:doStart(334)) - DefaultSessionIdManager workerName=node0
2024-04-16 13:47:10,674 [main] INFO  server.session (DefaultSessionIdManager.java:doStart(339)) - No SessionScavenger set, using defaults
2024-04-16 13:47:10,674 [main] INFO  server.session (HouseKeeper.java:startScavenging(132)) - node0 Scavenging every 660000ms
2024-04-16 13:47:10,675 [main] INFO  handler.ContextHandler (ContextHandler.java:doStart(921)) - Started o.e.j.s.ServletContextHandler@28229b68{logs,/logs,file:///home/runner/work/ozone/ozone/hadoop-ozone/integration-test/target/log,AVAILABLE}
2024-04-16 13:47:10,675 [main] INFO  handler.ContextHandler (ContextHandler.java:doStart(921)) - Started o.e.j.s.ServletContextHandler@5900307b{static,/static,file:///home/runner/work/ozone/ozone/hadoop-hdds/container-service/target/classes/webapps/static,AVAILABLE}
2024-04-16 13:47:10,679 [main] INFO  handler.ContextHandler (ContextHandler.java:doStart(921)) - Started o.e.j.w.WebAppContext@5bbc263e{hddsDatanode,/,file:///home/runner/work/ozone/ozone/hadoop-hdds/container-service/target/classes/webapps/hddsDatanode/,AVAILABLE}{file:/home/runner/work/ozone/ozone/hadoop-hdds/container-service/target/classes/webapps/hddsDatanode}
2024-04-16 13:47:10,682 [main] INFO  server.AbstractConnector (AbstractConnector.java:doStart(333)) - Started ServerConnector@6535cc87{HTTP/1.1, (http/1.1)}{0.0.0.0:15059}
2024-04-16 13:47:10,682 [main] INFO  server.Server (Server.java:doStart(415)) - Started @27012ms
2024-04-16 13:47:10,683 [main] WARN  impl.MetricsSystemImpl (MetricsSystemImpl.java:register(279)) - Sink prometheus already exists!
2024-04-16 13:47:10,683 [main] INFO  http.BaseHttpServer (BaseHttpServer.java:updateConnectorAddress(354)) - HTTP server of hddsDatanode listening at http://0.0.0.0:15059
2024-04-16 13:47:10,684 [main] INFO  ipc.CallQueueManager (CallQueueManager.java:<init>(90)) - Using callQueue: class java.util.concurrent.LinkedBlockingQueue, queueCapacity: 100, scheduler: class org.apache.hadoop.ipc.DefaultRpcScheduler, ipcBackoff: false.
2024-04-16 13:47:10,685 [main] INFO  ipc.Server (Server.java:<init>(1287)) - Listener at 0.0.0.0:15060
2024-04-16 13:47:10,685 [Socket Reader #1 for port 15060] INFO  ipc.Server (Server.java:run(1323)) - Starting Socket Reader #1 for port 15060
2024-04-16 13:47:10,691 [main] INFO  ozone.HddsDatanodeService (HddsDatanodeService.java:start(327)) - Datanode start with admins: [runner, scm]
2024-04-16 13:47:10,692 [main] INFO  ozone.HddsDatanodeClientProtocolServer (HddsDatanodeClientProtocolServer.java:start(77)) - RPC server for Client /0.0.0.0:15060
2024-04-16 13:47:10,692 [IPC Server Responder] INFO  ipc.Server (Server.java:run(1562)) - IPC Server Responder: starting
2024-04-16 13:47:10,692 [IPC Server listener on 15060] INFO  ipc.Server (Server.java:run(1402)) - IPC Server listener on 15060: starting
2024-04-16 13:47:10,695 [590e72f5-e0a8-4a6b-9708-265ca50c2b50-DatanodeStateMachineDaemonThread] INFO  statemachine.DatanodeStateMachine (DatanodeStateMachine.java:lambda$startDaemon$1(555)) - Ozone container server started.
2024-04-16 13:47:10,699 [main] INFO  ozone.MiniOzoneClusterImpl (MiniOzoneClusterImpl.java:lambda$waitForClusterToBeReady$0(194)) - Waiting for nodes to be ready. Got 0 of 3 DN Heartbeats.
2024-04-16 13:47:10,699 [main] INFO  ozone.MiniOzoneClusterImpl (MiniOzoneClusterImpl.java:lambda$waitForClusterToBeReady$0(197)) - Waiting for cluster to exit safe mode
2024-04-16 13:47:10,700 [main] INFO  ozone.MiniOzoneClusterImpl (MiniOzoneClusterImpl.java:lambda$waitForClusterToBeReady$0(199)) - SCM became leader
2024-04-16 13:47:10,702 [590e72f5-e0a8-4a6b-9708-265ca50c2b50-DatanodeStateMachineTaskThread-0] INFO  ha.SCMNodeInfo (SCMNodeInfo.java:getPort(197)) - ConfigKey ozone.scm.client.address is deprecated, For configuring different ports for each SCM use PortConfigKey ozone.scm.client.port appended with serviceId and nodeId
2024-04-16 13:47:10,702 [590e72f5-e0a8-4a6b-9708-265ca50c2b50-DatanodeStateMachineTaskThread-0] INFO  ha.SCMNodeInfo (SCMNodeInfo.java:getPort(197)) - ConfigKey ozone.scm.block.client.address is deprecated, For configuring different ports for each SCM use PortConfigKey ozone.scm.block.client.port appended with serviceId and nodeId
2024-04-16 13:47:10,702 [590e72f5-e0a8-4a6b-9708-265ca50c2b50-DatanodeStateMachineTaskThread-0] INFO  ha.SCMNodeInfo (SCMNodeInfo.java:getPort(197)) - ConfigKey ozone.scm.security.service.address is deprecated, For configuring different ports for each SCM use PortConfigKey ozone.scm.security.service.port appended with serviceId and nodeId
2024-04-16 13:47:10,702 [590e72f5-e0a8-4a6b-9708-265ca50c2b50-DatanodeStateMachineTaskThread-0] INFO  ha.SCMNodeInfo (SCMNodeInfo.java:getPort(197)) - ConfigKey ozone.scm.datanode.address is deprecated, For configuring different ports for each SCM use PortConfigKey ozone.scm.datanode.port appended with serviceId and nodeId
2024-04-16 13:47:10,702 [590e72f5-e0a8-4a6b-9708-265ca50c2b50-DatanodeStateMachineTaskThread-0] INFO  ha.SCMNodeInfo (SCMNodeInfo.java:getPort(197)) - ConfigKey ozone.scm.client.address is deprecated, For configuring different ports for each SCM use PortConfigKey ozone.scm.client.port appended with serviceId and nodeId
2024-04-16 13:47:10,702 [590e72f5-e0a8-4a6b-9708-265ca50c2b50-DatanodeStateMachineTaskThread-0] INFO  ha.SCMNodeInfo (SCMNodeInfo.java:getPort(197)) - ConfigKey ozone.scm.block.client.address is deprecated, For configuring different ports for each SCM use PortConfigKey ozone.scm.block.client.port appended with serviceId and nodeId
2024-04-16 13:47:10,702 [590e72f5-e0a8-4a6b-9708-265ca50c2b50-DatanodeStateMachineTaskThread-0] INFO  ha.SCMNodeInfo (SCMNodeInfo.java:getPort(197)) - ConfigKey ozone.scm.security.service.address is deprecated, For configuring different ports for each SCM use PortConfigKey ozone.scm.security.service.port appended with serviceId and nodeId
2024-04-16 13:47:10,702 [590e72f5-e0a8-4a6b-9708-265ca50c2b50-DatanodeStateMachineTaskThread-0] INFO  ha.SCMNodeInfo (SCMNodeInfo.java:getPort(197)) - ConfigKey ozone.scm.datanode.address is deprecated, For configuring different ports for each SCM use PortConfigKey ozone.scm.datanode.port appended with serviceId and nodeId
2024-04-16 13:47:10,702 [590e72f5-e0a8-4a6b-9708-265ca50c2b50-DatanodeStateMachineTaskThread-0] INFO  ha.SCMNodeInfo (SCMNodeInfo.java:getPort(197)) - ConfigKey ozone.scm.client.address is deprecated, For configuring different ports for each SCM use PortConfigKey ozone.scm.client.port appended with serviceId and nodeId
2024-04-16 13:47:10,702 [590e72f5-e0a8-4a6b-9708-265ca50c2b50-DatanodeStateMachineTaskThread-0] INFO  ha.SCMNodeInfo (SCMNodeInfo.java:getPort(197)) - ConfigKey ozone.scm.block.client.address is deprecated, For configuring different ports for each SCM use PortConfigKey ozone.scm.block.client.port appended with serviceId and nodeId
2024-04-16 13:47:10,702 [590e72f5-e0a8-4a6b-9708-265ca50c2b50-DatanodeStateMachineTaskThread-0] INFO  ha.SCMNodeInfo (SCMNodeInfo.java:getPort(197)) - ConfigKey ozone.scm.security.service.address is deprecated, For configuring different ports for each SCM use PortConfigKey ozone.scm.security.service.port appended with serviceId and nodeId
2024-04-16 13:47:10,702 [590e72f5-e0a8-4a6b-9708-265ca50c2b50-DatanodeStateMachineTaskThread-0] INFO  ha.SCMNodeInfo (SCMNodeInfo.java:getPort(197)) - ConfigKey ozone.scm.datanode.address is deprecated, For configuring different ports for each SCM use PortConfigKey ozone.scm.datanode.port appended with serviceId and nodeId
2024-04-16 13:47:10,709 [590e72f5-e0a8-4a6b-9708-265ca50c2b50-DatanodeStateMachineTaskThread-0] INFO  datanode.InitDatanodeState (InitDatanodeState.java:persistContainerDatanodeDetails(139)) - DatanodeDetails is persisted to /home/runner/work/ozone/ozone/hadoop-ozone/integration-test/target/test-dir/MiniOzoneClusterImpl-f0f26617-5c27-4371-b446-298ac6c8687b/ozone-meta/datanode-3/meta/datanode.id
2024-04-16 13:47:10,715 [scmNode-1-SecretKeyManagerService] INFO  symmetric.SecretKeyManager (SecretKeyManager.java:checkAndRotate(125)) - SecretKey rotation is happening, new key generated SecretKey(id = 5aea11ba-1bf7-4719-b7a1-93e295c1e1a5, creation at: 2024-04-16T13:47:10.715Z, expire at: 2024-04-16T13:47:13.715Z)
2024-04-16 13:47:10,721 [8dded7e3-77f4-42cf-91f8-4014f88a5819@group-298AC6C8687B-StateMachineUpdater] INFO  symmetric.SecretKeyStateImpl (SecretKeyStateImpl.java:updateKeysInternal(113)) - Updating keys with [SecretKey(id = ccef31cf-7d11-406b-9d50-7c63dd610370, creation at: 2024-04-16T13:47:09.715Z, expire at: 2024-04-16T13:47:12.715Z), SecretKey(id = fed14fde-48eb-4fff-9e24-80ce46d28ed6, creation at: 2024-04-16T13:47:08.715Z, expire at: 2024-04-16T13:47:11.715Z), SecretKey(id = 5aea11ba-1bf7-4719-b7a1-93e295c1e1a5, creation at: 2024-04-16T13:47:10.715Z, expire at: 2024-04-16T13:47:13.715Z)]
2024-04-16 13:47:10,721 [8dded7e3-77f4-42cf-91f8-4014f88a5819@group-298AC6C8687B-StateMachineUpdater] INFO  symmetric.SecretKeyStateImpl (SecretKeyStateImpl.java:updateKeysInternal(128)) - Current key updated SecretKey(id = 5aea11ba-1bf7-4719-b7a1-93e295c1e1a5, creation at: 2024-04-16T13:47:10.715Z, expire at: 2024-04-16T13:47:13.715Z)
2024-04-16 13:47:10,721 [8dded7e3-77f4-42cf-91f8-4014f88a5819@group-298AC6C8687B-StateMachineUpdater] INFO  symmetric.LocalSecretKeyStore (LocalSecretKeyStore.java:save(109)) - Saved [SecretKey(id = 5aea11ba-1bf7-4719-b7a1-93e295c1e1a5, creation at: 2024-04-16T13:47:10.715Z, expire at: 2024-04-16T13:47:13.715Z), SecretKey(id = ccef31cf-7d11-406b-9d50-7c63dd610370, creation at: 2024-04-16T13:47:09.715Z, expire at: 2024-04-16T13:47:12.715Z), SecretKey(id = fed14fde-48eb-4fff-9e24-80ce46d28ed6, creation at: 2024-04-16T13:47:08.715Z, expire at: 2024-04-16T13:47:11.715Z)] to file /home/runner/work/ozone/ozone/hadoop-ozone/integration-test/target/test-dir/MiniOzoneClusterImpl-f0f26617-5c27-4371-b446-298ac6c8687b/scmNode-1/scm/keys/secret_keys.json
2024-04-16 13:47:10,722 [8dded7e3-77f4-42cf-91f8-4014f88a5819@group-298AC6C8687B-StateMachineUpdater] INFO  safemode.HealthyPipelineSafeModeRule (HealthyPipelineSafeModeRule.java:initializeRule(172)) - Refreshed total pipeline count is 0, healthy pipeline threshold count is 1
2024-04-16 13:47:10,724 [692eadad-ad12-4257-a6c9-255a711e16c4@group-298AC6C8687B-StateMachineUpdater] INFO  symmetric.SecretKeyStateImpl (SecretKeyStateImpl.java:updateKeysInternal(113)) - Updating keys with [SecretKey(id = ccef31cf-7d11-406b-9d50-7c63dd610370, creation at: 2024-04-16T13:47:09.715Z, expire at: 2024-04-16T13:47:12.715Z), SecretKey(id = fed14fde-48eb-4fff-9e24-80ce46d28ed6, creation at: 2024-04-16T13:47:08.715Z, expire at: 2024-04-16T13:47:11.715Z), SecretKey(id = 5aea11ba-1bf7-4719-b7a1-93e295c1e1a5, creation at: 2024-04-16T13:47:10.715Z, expire at: 2024-04-16T13:47:13.715Z)]
2024-04-16 13:47:10,724 [692eadad-ad12-4257-a6c9-255a711e16c4@group-298AC6C8687B-StateMachineUpdater] INFO  symmetric.SecretKeyStateImpl (SecretKeyStateImpl.java:updateKeysInternal(128)) - Current key updated SecretKey(id = 5aea11ba-1bf7-4719-b7a1-93e295c1e1a5, creation at: 2024-04-16T13:47:10.715Z, expire at: 2024-04-16T13:47:13.715Z)
2024-04-16 13:47:10,724 [e74c9e3a-193e-4dbb-b5f5-b6805398d140@group-298AC6C8687B-StateMachineUpdater] INFO  symmetric.SecretKeyStateImpl (SecretKeyStateImpl.java:updateKeysInternal(113)) - Updating keys with [SecretKey(id = ccef31cf-7d11-406b-9d50-7c63dd610370, creation at: 2024-04-16T13:47:09.715Z, expire at: 2024-04-16T13:47:12.715Z), SecretKey(id = fed14fde-48eb-4fff-9e24-80ce46d28ed6, creation at: 2024-04-16T13:47:08.715Z, expire at: 2024-04-16T13:47:11.715Z), SecretKey(id = 5aea11ba-1bf7-4719-b7a1-93e295c1e1a5, creation at: 2024-04-16T13:47:10.715Z, expire at: 2024-04-16T13:47:13.715Z)]
2024-04-16 13:47:10,724 [e74c9e3a-193e-4dbb-b5f5-b6805398d140@group-298AC6C8687B-StateMachineUpdater] INFO  symmetric.SecretKeyStateImpl (SecretKeyStateImpl.java:updateKeysInternal(128)) - Current key updated SecretKey(id = 5aea11ba-1bf7-4719-b7a1-93e295c1e1a5, creation at: 2024-04-16T13:47:10.715Z, expire at: 2024-04-16T13:47:13.715Z)
2024-04-16 13:47:10,725 [e74c9e3a-193e-4dbb-b5f5-b6805398d140@group-298AC6C8687B-StateMachineUpdater] INFO  symmetric.LocalSecretKeyStore (LocalSecretKeyStore.java:save(109)) - Saved [SecretKey(id = 5aea11ba-1bf7-4719-b7a1-93e295c1e1a5, creation at: 2024-04-16T13:47:10.715Z, expire at: 2024-04-16T13:47:13.715Z), SecretKey(id = ccef31cf-7d11-406b-9d50-7c63dd610370, creation at: 2024-04-16T13:47:09.715Z, expire at: 2024-04-16T13:47:12.715Z), SecretKey(id = fed14fde-48eb-4fff-9e24-80ce46d28ed6, creation at: 2024-04-16T13:47:08.715Z, expire at: 2024-04-16T13:47:11.715Z)] to file /home/runner/work/ozone/ozone/hadoop-ozone/integration-test/target/test-dir/MiniOzoneClusterImpl-f0f26617-5c27-4371-b446-298ac6c8687b/scmNode-2/scm/keys/secret_keys.json
2024-04-16 13:47:10,725 [e74c9e3a-193e-4dbb-b5f5-b6805398d140@group-298AC6C8687B-StateMachineUpdater] INFO  safemode.HealthyPipelineSafeModeRule (HealthyPipelineSafeModeRule.java:initializeRule(172)) - Refreshed total pipeline count is 0, healthy pipeline threshold count is 1
2024-04-16 13:47:10,725 [692eadad-ad12-4257-a6c9-255a711e16c4@group-298AC6C8687B-StateMachineUpdater] INFO  symmetric.LocalSecretKeyStore (LocalSecretKeyStore.java:save(109)) - Saved [SecretKey(id = 5aea11ba-1bf7-4719-b7a1-93e295c1e1a5, creation at: 2024-04-16T13:47:10.715Z, expire at: 2024-04-16T13:47:13.715Z), SecretKey(id = ccef31cf-7d11-406b-9d50-7c63dd610370, creation at: 2024-04-16T13:47:09.715Z, expire at: 2024-04-16T13:47:12.715Z), SecretKey(id = fed14fde-48eb-4fff-9e24-80ce46d28ed6, creation at: 2024-04-16T13:47:08.715Z, expire at: 2024-04-16T13:47:11.715Z)] to file /home/runner/work/ozone/ozone/hadoop-ozone/integration-test/target/test-dir/MiniOzoneClusterImpl-f0f26617-5c27-4371-b446-298ac6c8687b/scmNode-3/scm/keys/secret_keys.json
2024-04-16 13:47:10,725 [692eadad-ad12-4257-a6c9-255a711e16c4@group-298AC6C8687B-StateMachineUpdater] INFO  safemode.HealthyPipelineSafeModeRule (HealthyPipelineSafeModeRule.java:initializeRule(172)) - Refreshed total pipeline count is 0, healthy pipeline threshold count is 1
2024-04-16 13:47:10,824 [SecretKeyPoller] INFO  symmetric.DefaultSecretKeySignerClient (DefaultSecretKeySignerClient.java:checkAndRefresh(167)) - New secret key fetched from SCM: SecretKey(id = 5aea11ba-1bf7-4719-b7a1-93e295c1e1a5, creation at: 2024-04-16T13:47:10.715Z, expire at: 2024-04-16T13:47:13.715Z).
2024-04-16 13:47:10,824 [SecretKeyPoller] INFO  symmetric.DefaultSecretKeySignerClient (DefaultSecretKeySignerClient.java:checkAndRefresh(167)) - New secret key fetched from SCM: SecretKey(id = 5aea11ba-1bf7-4719-b7a1-93e295c1e1a5, creation at: 2024-04-16T13:47:10.715Z, expire at: 2024-04-16T13:47:13.715Z).
2024-04-16 13:47:10,825 [SecretKeyPoller] INFO  symmetric.DefaultSecretKeySignerClient (DefaultSecretKeySignerClient.java:checkAndRefresh(167)) - New secret key fetched from SCM: SecretKey(id = 5aea11ba-1bf7-4719-b7a1-93e295c1e1a5, creation at: 2024-04-16T13:47:10.715Z, expire at: 2024-04-16T13:47:13.715Z).
2024-04-16 13:47:10,825 [om1-SecretKeyPoller] INFO  symmetric.DefaultSecretKeySignerClient (DefaultSecretKeySignerClient.java:checkAndRefresh(167)) - New secret key fetched from SCM: SecretKey(id = 5aea11ba-1bf7-4719-b7a1-93e295c1e1a5, creation at: 2024-04-16T13:47:10.715Z, expire at: 2024-04-16T13:47:13.715Z).
2024-04-16 13:47:11,700 [main] INFO  ozone.MiniOzoneClusterImpl (MiniOzoneClusterImpl.java:lambda$waitForClusterToBeReady$0(194)) - Waiting for nodes to be ready. Got 0 of 3 DN Heartbeats.
2024-04-16 13:47:11,700 [main] INFO  ozone.MiniOzoneClusterImpl (MiniOzoneClusterImpl.java:lambda$waitForClusterToBeReady$0(197)) - Waiting for cluster to exit safe mode
2024-04-16 13:47:11,701 [main] INFO  ozone.MiniOzoneClusterImpl (MiniOzoneClusterImpl.java:lambda$waitForClusterToBeReady$0(199)) - SCM became leader
2024-04-16 13:47:11,715 [scmNode-1-SecretKeyManagerService] INFO  symmetric.SecretKeyManager (SecretKeyManager.java:checkAndRotate(125)) - SecretKey rotation is happening, new key generated SecretKey(id = 91f4e930-5362-49eb-9c88-203d0a3cc725, creation at: 2024-04-16T13:47:11.715Z, expire at: 2024-04-16T13:47:14.715Z)
2024-04-16 13:47:11,733 [8dded7e3-77f4-42cf-91f8-4014f88a5819@group-298AC6C8687B-StateMachineUpdater] INFO  symmetric.SecretKeyStateImpl (SecretKeyStateImpl.java:updateKeysInternal(113)) - Updating keys with [SecretKey(id = 5aea11ba-1bf7-4719-b7a1-93e295c1e1a5, creation at: 2024-04-16T13:47:10.715Z, expire at: 2024-04-16T13:47:13.715Z), SecretKey(id = ccef31cf-7d11-406b-9d50-7c63dd610370, creation at: 2024-04-16T13:47:09.715Z, expire at: 2024-04-16T13:47:12.715Z), SecretKey(id = fed14fde-48eb-4fff-9e24-80ce46d28ed6, creation at: 2024-04-16T13:47:08.715Z, expire at: 2024-04-16T13:47:11.715Z), SecretKey(id = 91f4e930-5362-49eb-9c88-203d0a3cc725, creation at: 2024-04-16T13:47:11.715Z, expire at: 2024-04-16T13:47:14.715Z)]
2024-04-16 13:47:11,735 [8dded7e3-77f4-42cf-91f8-4014f88a5819@group-298AC6C8687B-StateMachineUpdater] INFO  symmetric.SecretKeyStateImpl (SecretKeyStateImpl.java:updateKeysInternal(128)) - Current key updated SecretKey(id = 91f4e930-5362-49eb-9c88-203d0a3cc725, creation at: 2024-04-16T13:47:11.715Z, expire at: 2024-04-16T13:47:14.715Z)
2024-04-16 13:47:11,735 [e74c9e3a-193e-4dbb-b5f5-b6805398d140@group-298AC6C8687B-StateMachineUpdater] INFO  symmetric.SecretKeyStateImpl (SecretKeyStateImpl.java:updateKeysInternal(113)) - Updating keys with [SecretKey(id = 5aea11ba-1bf7-4719-b7a1-93e295c1e1a5, creation at: 2024-04-16T13:47:10.715Z, expire at: 2024-04-16T13:47:13.715Z), SecretKey(id = ccef31cf-7d11-406b-9d50-7c63dd610370, creation at: 2024-04-16T13:47:09.715Z, expire at: 2024-04-16T13:47:12.715Z), SecretKey(id = fed14fde-48eb-4fff-9e24-80ce46d28ed6, creation at: 2024-04-16T13:47:08.715Z, expire at: 2024-04-16T13:47:11.715Z), SecretKey(id = 91f4e930-5362-49eb-9c88-203d0a3cc725, creation at: 2024-04-16T13:47:11.715Z, expire at: 2024-04-16T13:47:14.715Z)]
2024-04-16 13:47:11,735 [e74c9e3a-193e-4dbb-b5f5-b6805398d140@group-298AC6C8687B-StateMachineUpdater] INFO  symmetric.SecretKeyStateImpl (SecretKeyStateImpl.java:updateKeysInternal(128)) - Current key updated SecretKey(id = 91f4e930-5362-49eb-9c88-203d0a3cc725, creation at: 2024-04-16T13:47:11.715Z, expire at: 2024-04-16T13:47:14.715Z)
2024-04-16 13:47:11,736 [8dded7e3-77f4-42cf-91f8-4014f88a5819@group-298AC6C8687B-StateMachineUpdater] INFO  symmetric.LocalSecretKeyStore (LocalSecretKeyStore.java:save(109)) - Saved [SecretKey(id = 91f4e930-5362-49eb-9c88-203d0a3cc725, creation at: 2024-04-16T13:47:11.715Z, expire at: 2024-04-16T13:47:14.715Z), SecretKey(id = 5aea11ba-1bf7-4719-b7a1-93e295c1e1a5, creation at: 2024-04-16T13:47:10.715Z, expire at: 2024-04-16T13:47:13.715Z), SecretKey(id = ccef31cf-7d11-406b-9d50-7c63dd610370, creation at: 2024-04-16T13:47:09.715Z, expire at: 2024-04-16T13:47:12.715Z), SecretKey(id = fed14fde-48eb-4fff-9e24-80ce46d28ed6, creation at: 2024-04-16T13:47:08.715Z, expire at: 2024-04-16T13:47:11.715Z)] to file /home/runner/work/ozone/ozone/hadoop-ozone/integration-test/target/test-dir/MiniOzoneClusterImpl-f0f26617-5c27-4371-b446-298ac6c8687b/scmNode-1/scm/keys/secret_keys.json
2024-04-16 13:47:11,736 [8dded7e3-77f4-42cf-91f8-4014f88a5819@group-298AC6C8687B-StateMachineUpdater] INFO  safemode.HealthyPipelineSafeModeRule (HealthyPipelineSafeModeRule.java:initializeRule(172)) - Refreshed total pipeline count is 0, healthy pipeline threshold count is 1
2024-04-16 13:47:11,736 [e74c9e3a-193e-4dbb-b5f5-b6805398d140@group-298AC6C8687B-StateMachineUpdater] INFO  symmetric.LocalSecretKeyStore (LocalSecretKeyStore.java:save(109)) - Saved [SecretKey(id = 91f4e930-5362-49eb-9c88-203d0a3cc725, creation at: 2024-04-16T13:47:11.715Z, expire at: 2024-04-16T13:47:14.715Z), SecretKey(id = 5aea11ba-1bf7-4719-b7a1-93e295c1e1a5, creation at: 2024-04-16T13:47:10.715Z, expire at: 2024-04-16T13:47:13.715Z), SecretKey(id = ccef31cf-7d11-406b-9d50-7c63dd610370, creation at: 2024-04-16T13:47:09.715Z, expire at: 2024-04-16T13:47:12.715Z), SecretKey(id = fed14fde-48eb-4fff-9e24-80ce46d28ed6, creation at: 2024-04-16T13:47:08.715Z, expire at: 2024-04-16T13:47:11.715Z)] to file /home/runner/work/ozone/ozone/hadoop-ozone/integration-test/target/test-dir/MiniOzoneClusterImpl-f0f26617-5c27-4371-b446-298ac6c8687b/scmNode-2/scm/keys/secret_keys.json
2024-04-16 13:47:11,736 [e74c9e3a-193e-4dbb-b5f5-b6805398d140@group-298AC6C8687B-StateMachineUpdater] INFO  safemode.HealthyPipelineSafeModeRule (HealthyPipelineSafeModeRule.java:initializeRule(172)) - Refreshed total pipeline count is 0, healthy pipeline threshold count is 1
2024-04-16 13:47:11,737 [692eadad-ad12-4257-a6c9-255a711e16c4@group-298AC6C8687B-StateMachineUpdater] INFO  symmetric.SecretKeyStateImpl (SecretKeyStateImpl.java:updateKeysInternal(113)) - Updating keys with [SecretKey(id = 5aea11ba-1bf7-4719-b7a1-93e295c1e1a5, creation at: 2024-04-16T13:47:10.715Z, expire at: 2024-04-16T13:47:13.715Z), SecretKey(id = ccef31cf-7d11-406b-9d50-7c63dd610370, creation at: 2024-04-16T13:47:09.715Z, expire at: 2024-04-16T13:47:12.715Z), SecretKey(id = fed14fde-48eb-4fff-9e24-80ce46d28ed6, creation at: 2024-04-16T13:47:08.715Z, expire at: 2024-04-16T13:47:11.715Z), SecretKey(id = 91f4e930-5362-49eb-9c88-203d0a3cc725, creation at: 2024-04-16T13:47:11.715Z, expire at: 2024-04-16T13:47:14.715Z)]
2024-04-16 13:47:11,737 [692eadad-ad12-4257-a6c9-255a711e16c4@group-298AC6C8687B-StateMachineUpdater] INFO  symmetric.SecretKeyStateImpl (SecretKeyStateImpl.java:updateKeysInternal(128)) - Current key updated SecretKey(id = 91f4e930-5362-49eb-9c88-203d0a3cc725, creation at: 2024-04-16T13:47:11.715Z, expire at: 2024-04-16T13:47:14.715Z)
2024-04-16 13:47:11,738 [692eadad-ad12-4257-a6c9-255a711e16c4@group-298AC6C8687B-StateMachineUpdater] INFO  symmetric.LocalSecretKeyStore (LocalSecretKeyStore.java:save(109)) - Saved [SecretKey(id = 91f4e930-5362-49eb-9c88-203d0a3cc725, creation at: 2024-04-16T13:47:11.715Z, expire at: 2024-04-16T13:47:14.715Z), SecretKey(id = 5aea11ba-1bf7-4719-b7a1-93e295c1e1a5, creation at: 2024-04-16T13:47:10.715Z, expire at: 2024-04-16T13:47:13.715Z), SecretKey(id = ccef31cf-7d11-406b-9d50-7c63dd610370, creation at: 2024-04-16T13:47:09.715Z, expire at: 2024-04-16T13:47:12.715Z), SecretKey(id = fed14fde-48eb-4fff-9e24-80ce46d28ed6, creation at: 2024-04-16T13:47:08.715Z, expire at: 2024-04-16T13:47:11.715Z)] to file /home/runner/work/ozone/ozone/hadoop-ozone/integration-test/target/test-dir/MiniOzoneClusterImpl-f0f26617-5c27-4371-b446-298ac6c8687b/scmNode-3/scm/keys/secret_keys.json
2024-04-16 13:47:11,738 [692eadad-ad12-4257-a6c9-255a711e16c4@group-298AC6C8687B-StateMachineUpdater] INFO  safemode.HealthyPipelineSafeModeRule (HealthyPipelineSafeModeRule.java:initializeRule(172)) - Refreshed total pipeline count is 0, healthy pipeline threshold count is 1
2024-04-16 13:47:11,817 [SecretKeyPoller] INFO  symmetric.DefaultSecretKeySignerClient (DefaultSecretKeySignerClient.java:checkAndRefresh(167)) - New secret key fetched from SCM: SecretKey(id = 91f4e930-5362-49eb-9c88-203d0a3cc725, creation at: 2024-04-16T13:47:11.715Z, expire at: 2024-04-16T13:47:14.715Z).
2024-04-16 13:47:11,817 [om1-SecretKeyPoller] INFO  symmetric.DefaultSecretKeySignerClient (DefaultSecretKeySignerClient.java:checkAndRefresh(167)) - New secret key fetched from SCM: SecretKey(id = 91f4e930-5362-49eb-9c88-203d0a3cc725, creation at: 2024-04-16T13:47:11.715Z, expire at: 2024-04-16T13:47:14.715Z).
2024-04-16 13:47:11,817 [SecretKeyPoller] INFO  symmetric.DefaultSecretKeySignerClient (DefaultSecretKeySignerClient.java:checkAndRefresh(167)) - New secret key fetched from SCM: SecretKey(id = 91f4e930-5362-49eb-9c88-203d0a3cc725, creation at: 2024-04-16T13:47:11.715Z, expire at: 2024-04-16T13:47:14.715Z).
2024-04-16 13:47:11,817 [SecretKeyPoller] INFO  symmetric.DefaultSecretKeySignerClient (DefaultSecretKeySignerClient.java:checkAndRefresh(167)) - New secret key fetched from SCM: SecretKey(id = 91f4e930-5362-49eb-9c88-203d0a3cc725, creation at: 2024-04-16T13:47:11.715Z, expire at: 2024-04-16T13:47:14.715Z).
2024-04-16 13:47:11,896 [Socket Reader #1 for port 15020] INFO  ipc.Server (Server.java:saslProcess(2139)) - Auth successful for scm/fv-az1428-817.utppd1leec2uvmgjoennxb5ynh.ex.internal.cloudapp.net@EXAMPLE.COM (auth:KERBEROS) from fv-az1428-817.utppd1leec2uvmgjoennxb5ynh.ex.internal.cloudapp.net:34311 / 10.1.0.24:34311
2024-04-16 13:47:11,896 [Socket Reader #1 for port 15004] INFO  ipc.Server (Server.java:saslProcess(2139)) - Auth successful for scm/fv-az1428-817.utppd1leec2uvmgjoennxb5ynh.ex.internal.cloudapp.net@EXAMPLE.COM (auth:KERBEROS) from fv-az1428-817.utppd1leec2uvmgjoennxb5ynh.ex.internal.cloudapp.net:38063 / 10.1.0.24:38063
2024-04-16 13:47:11,901 [Socket Reader #1 for port 15012] INFO  ipc.Server (Server.java:saslProcess(2139)) - Auth successful for scm/fv-az1428-817.utppd1leec2uvmgjoennxb5ynh.ex.internal.cloudapp.net@EXAMPLE.COM (auth:KERBEROS) from fv-az1428-817.utppd1leec2uvmgjoennxb5ynh.ex.internal.cloudapp.net:38015 / 10.1.0.24:38015
2024-04-16 13:47:11,935 [Socket Reader #1 for port 15004] INFO  authorize.ServiceAuthorizationManager (ServiceAuthorizationManager.java:authorize(137)) - Authorization successful for scm/fv-az1428-817.utppd1leec2uvmgjoennxb5ynh.ex.internal.cloudapp.net@EXAMPLE.COM (auth:KERBEROS) for protocol=interface org.apache.hadoop.ozone.protocol.StorageContainerDatanodeProtocol
2024-04-16 13:47:11,935 [Socket Reader #1 for port 15012] INFO  authorize.ServiceAuthorizationManager (ServiceAuthorizationManager.java:authorize(137)) - Authorization successful for scm/fv-az1428-817.utppd1leec2uvmgjoennxb5ynh.ex.internal.cloudapp.net@EXAMPLE.COM (auth:KERBEROS) for protocol=interface org.apache.hadoop.ozone.protocol.StorageContainerDatanodeProtocol
2024-04-16 13:47:11,935 [Socket Reader #1 for port 15020] INFO  authorize.ServiceAuthorizationManager (ServiceAuthorizationManager.java:authorize(137)) - Authorization successful for scm/fv-az1428-817.utppd1leec2uvmgjoennxb5ynh.ex.internal.cloudapp.net@EXAMPLE.COM (auth:KERBEROS) for protocol=interface org.apache.hadoop.ozone.protocol.StorageContainerDatanodeProtocol
2024-04-16 13:47:12,004 [db959189-86db-424f-9228-dcd46ac5d3ef-EndpointStateMachineTaskThread-/127.0.0.1:15020-0 ] INFO  utils.DatanodeStoreCache (DatanodeStoreCache.java:addDB(72)) - Added db /home/runner/work/ozone/ozone/hadoop-ozone/integration-test/target/test-dir/MiniOzoneClusterImpl-f0f26617-5c27-4371-b446-298ac6c8687b/ozone-meta/datanode-1/data-0/hdds/f0f26617-5c27-4371-b446-298ac6c8687b/DS-a28aeab0-32e1-4fdc-8c1a-34e5df6328ed/container.db to cache
2024-04-16 13:47:12,004 [db959189-86db-424f-9228-dcd46ac5d3ef-EndpointStateMachineTaskThread-/127.0.0.1:15020-0 ] INFO  volume.HddsVolume (HddsVolume.java:createDbStore(437)) - SchemaV3 db is created and loaded at /home/runner/work/ozone/ozone/hadoop-ozone/integration-test/target/test-dir/MiniOzoneClusterImpl-f0f26617-5c27-4371-b446-298ac6c8687b/ozone-meta/datanode-1/data-0/hdds/f0f26617-5c27-4371-b446-298ac6c8687b/DS-a28aeab0-32e1-4fdc-8c1a-34e5df6328ed/container.db for volume DS-a28aeab0-32e1-4fdc-8c1a-34e5df6328ed
2024-04-16 13:47:12,014 [db959189-86db-424f-9228-dcd46ac5d3ef-ContainerReader-0] INFO  ozoneimpl.ContainerReader (ContainerReader.java:readVolume(148)) - Start to verify containers on volume /home/runner/work/ozone/ozone/hadoop-ozone/integration-test/target/test-dir/MiniOzoneClusterImpl-f0f26617-5c27-4371-b446-298ac6c8687b/ozone-meta/datanode-1/data-0/hdds
2024-04-16 13:47:12,014 [db959189-86db-424f-9228-dcd46ac5d3ef-ContainerReader-0] INFO  ozoneimpl.ContainerReader (ContainerReader.java:readVolume(178)) - Finish verifying containers on volume /home/runner/work/ozone/ozone/hadoop-ozone/integration-test/target/test-dir/MiniOzoneClusterImpl-f0f26617-5c27-4371-b446-298ac6c8687b/ozone-meta/datanode-1/data-0/hdds
2024-04-16 13:47:12,014 [db959189-86db-424f-9228-dcd46ac5d3ef-EndpointStateMachineTaskThread-/127.0.0.1:15020-0 ] INFO  ozoneimpl.OzoneContainer (OzoneContainer.java:buildContainerSet(328)) - Build ContainerSet costs 0s
2024-04-16 13:47:12,016 [db959189-86db-424f-9228-dcd46ac5d3ef-EndpointStateMachineTaskThread-/127.0.0.1:15020-0 ] INFO  volume.ThrottledAsyncChecker (ThrottledAsyncChecker.java:schedule(141)) - Scheduling a check for /home/runner/work/ozone/ozone/hadoop-ozone/integration-test/target/test-dir/MiniOzoneClusterImpl-f0f26617-5c27-4371-b446-298ac6c8687b/ozone-meta/datanode-1/data-0/hdds
2024-04-16 13:47:12,023 [db959189-86db-424f-9228-dcd46ac5d3ef-EndpointStateMachineTaskThread-/127.0.0.1:15020-0 ] INFO  volume.StorageVolumeChecker (StorageVolumeChecker.java:checkAllVolumes(218)) - Scheduled health check for volume /home/runner/work/ozone/ozone/hadoop-ozone/integration-test/target/test-dir/MiniOzoneClusterImpl-f0f26617-5c27-4371-b446-298ac6c8687b/ozone-meta/datanode-1/data-0/hdds
2024-04-16 13:47:12,026 [db959189-86db-424f-9228-dcd46ac5d3ef-EndpointStateMachineTaskThread-/127.0.0.1:15020-0 ] INFO  volume.ThrottledAsyncChecker (ThrottledAsyncChecker.java:schedule(141)) - Scheduling a check for /home/runner/work/ozone/ozone/hadoop-ozone/integration-test/target/test-dir/MiniOzoneClusterImpl-f0f26617-5c27-4371-b446-298ac6c8687b/ozone-meta/datanode-1/ratis
2024-04-16 13:47:12,027 [db959189-86db-424f-9228-dcd46ac5d3ef-EndpointStateMachineTaskThread-/127.0.0.1:15020-0 ] INFO  volume.StorageVolumeChecker (StorageVolumeChecker.java:checkAllVolumes(218)) - Scheduled health check for volume /home/runner/work/ozone/ozone/hadoop-ozone/integration-test/target/test-dir/MiniOzoneClusterImpl-f0f26617-5c27-4371-b446-298ac6c8687b/ozone-meta/datanode-1/ratis
2024-04-16 13:47:12,028 [db959189-86db-424f-9228-dcd46ac5d3ef-EndpointStateMachineTaskThread-/127.0.0.1:15020-0 ] INFO  ozoneimpl.OzoneContainer (OzoneContainer.java:start(459)) - Attempting to start container services.
2024-04-16 13:47:12,034 [ContainerMetadataScanner] INFO  ozoneimpl.AbstractBackgroundContainerScanner (AbstractBackgroundContainerScanner.java:runIteration(87)) - Completed an iteration in 0 minutes. Number of iterations (since the data-node restart) : 1, Number of containers scanned in this iteration : 0, Number of unhealthy containers found in this iteration : 0
2024-04-16 13:47:12,040 [db959189-86db-424f-9228-dcd46ac5d3ef-EndpointStateMachineTaskThread-/127.0.0.1:15020-0 ] INFO  replication.ReplicationServer (ReplicationServer.java:start(142)) - ReplicationServer is started using port 15048
2024-04-16 13:47:12,041 [db959189-86db-424f-9228-dcd46ac5d3ef-EndpointStateMachineTaskThread-/127.0.0.1:15020-0 ] INFO  ratis.XceiverServerRatis (XceiverServerRatis.java:start(566)) - Starting XceiverServerRatis db959189-86db-424f-9228-dcd46ac5d3ef
2024-04-16 13:47:12,042 [ContainerDataScanner(/home/runner/work/ozone/ozone/hadoop-ozone/integration-test/target/test-dir/MiniOzoneClusterImpl-f0f26617-5c27-4371-b446-298ac6c8687b/ozone-meta/datanode-1/data-0/hdds)] INFO  ozoneimpl.AbstractBackgroundContainerScanner (AbstractBackgroundContainerScanner.java:runIteration(87)) - Completed an iteration in 0 minutes. Number of iterations (since the data-node restart) : 1, Number of containers scanned in this iteration : 0, Number of unhealthy containers found in this iteration : 0
2024-04-16 13:47:12,048 [db959189-86db-424f-9228-dcd46ac5d3ef-EndpointStateMachineTaskThread-/127.0.0.1:15020-0 ] INFO  server.RaftServer (RaftServerProxy.java:startImpl(406)) - db959189-86db-424f-9228-dcd46ac5d3ef: start RPC server
2024-04-16 13:47:12,052 [db959189-86db-424f-9228-dcd46ac5d3ef-EndpointStateMachineTaskThread-/127.0.0.1:15020-0 ] INFO  server.GrpcService (GrpcService.java:startImpl(302)) - db959189-86db-424f-9228-dcd46ac5d3ef: GrpcService started, listening on 15044
2024-04-16 13:47:12,055 [db959189-86db-424f-9228-dcd46ac5d3ef-EndpointStateMachineTaskThread-/127.0.0.1:15020-0 ] INFO  server.GrpcService (GrpcService.java:startImpl(302)) - db959189-86db-424f-9228-dcd46ac5d3ef: GrpcService started, listening on 15046
2024-04-16 13:47:12,058 [db959189-86db-424f-9228-dcd46ac5d3ef-EndpointStateMachineTaskThread-/127.0.0.1:15020-0 ] INFO  server.GrpcService (GrpcService.java:startImpl(302)) - db959189-86db-424f-9228-dcd46ac5d3ef: GrpcService started, listening on 15045
2024-04-16 13:47:12,059 [JvmPauseMonitor5] INFO  util.JvmPauseMonitor (JvmPauseMonitor.java:run(146)) - JvmPauseMonitor-db959189-86db-424f-9228-dcd46ac5d3ef: Started
2024-04-16 13:47:12,059 [db959189-86db-424f-9228-dcd46ac5d3ef-EndpointStateMachineTaskThread-/127.0.0.1:15020-0 ] INFO  ratis.XceiverServerRatis (XceiverServerRatis.java:getRealPort(592)) - XceiverServerRatis db959189-86db-424f-9228-dcd46ac5d3ef is started using port 15044 for RATIS
2024-04-16 13:47:12,059 [db959189-86db-424f-9228-dcd46ac5d3ef-EndpointStateMachineTaskThread-/127.0.0.1:15020-0 ] INFO  ratis.XceiverServerRatis (XceiverServerRatis.java:getRealPort(592)) - XceiverServerRatis db959189-86db-424f-9228-dcd46ac5d3ef is started using port 15045 for RATIS_ADMIN
2024-04-16 13:47:12,059 [db959189-86db-424f-9228-dcd46ac5d3ef-EndpointStateMachineTaskThread-/127.0.0.1:15020-0 ] INFO  ratis.XceiverServerRatis (XceiverServerRatis.java:getRealPort(592)) - XceiverServerRatis db959189-86db-424f-9228-dcd46ac5d3ef is started using port 15046 for RATIS_SERVER
2024-04-16 13:47:12,059 [db959189-86db-424f-9228-dcd46ac5d3ef-EndpointStateMachineTaskThread-/127.0.0.1:15020-0 ] INFO  ratis.XceiverServerRatis (XceiverServerRatis.java:getRealPort(592)) - XceiverServerRatis db959189-86db-424f-9228-dcd46ac5d3ef is started using port 15047 for RATIS_DATASTREAM
2024-04-16 13:47:12,064 [db959189-86db-424f-9228-dcd46ac5d3ef-EndpointStateMachineTaskThread-/127.0.0.1:15012-0 ] INFO  ozoneimpl.OzoneContainer (OzoneContainer.java:start(441)) - Ignore. OzoneContainer already started.
2024-04-16 13:47:12,064 [db959189-86db-424f-9228-dcd46ac5d3ef-EndpointStateMachineTaskThread-/127.0.0.1:15004-0 ] INFO  ozoneimpl.OzoneContainer (OzoneContainer.java:start(441)) - Ignore. OzoneContainer already started.
2024-04-16 13:47:12,067 [db959189-86db-424f-9228-dcd46ac5d3ef-BlockDeletingService#0] INFO  interfaces.ContainerDeletionChoosingPolicyTemplate (ContainerDeletionChoosingPolicyTemplate.java:chooseContainerForBlockDeletion(85)) - Chosen 0/5000 blocks from 0 candidate containers.
2024-04-16 13:47:12,278 [Socket Reader #1 for port 15004] INFO  ipc.Server (Server.java:saslProcess(2139)) - Auth successful for scm/fv-az1428-817.utppd1leec2uvmgjoennxb5ynh.ex.internal.cloudapp.net@EXAMPLE.COM (auth:KERBEROS) from fv-az1428-817.utppd1leec2uvmgjoennxb5ynh.ex.internal.cloudapp.net:43379 / 10.1.0.24:43379
2024-04-16 13:47:12,283 [Socket Reader #1 for port 15004] INFO  authorize.ServiceAuthorizationManager (ServiceAuthorizationManager.java:authorize(137)) - Authorization successful for scm/fv-az1428-817.utppd1leec2uvmgjoennxb5ynh.ex.internal.cloudapp.net@EXAMPLE.COM (auth:KERBEROS) for protocol=interface org.apache.hadoop.ozone.protocol.StorageContainerDatanodeProtocol
2024-04-16 13:47:12,294 [88d255ec-0e94-4950-ab45-ac807e327f1f-EndpointStateMachineTaskThread-/127.0.0.1:15020-0 ] INFO  utils.DatanodeStoreCache (DatanodeStoreCache.java:addDB(72)) - Added db /home/runner/work/ozone/ozone/hadoop-ozone/integration-test/target/test-dir/MiniOzoneClusterImpl-f0f26617-5c27-4371-b446-298ac6c8687b/ozone-meta/datanode-2/data-0/hdds/f0f26617-5c27-4371-b446-298ac6c8687b/DS-7c1766fd-4e72-410d-8898-7c713097e538/container.db to cache
2024-04-16 13:47:12,294 [88d255ec-0e94-4950-ab45-ac807e327f1f-EndpointStateMachineTaskThread-/127.0.0.1:15020-0 ] INFO  volume.HddsVolume (HddsVolume.java:createDbStore(437)) - SchemaV3 db is created and loaded at /home/runner/work/ozone/ozone/hadoop-ozone/integration-test/target/test-dir/MiniOzoneClusterImpl-f0f26617-5c27-4371-b446-298ac6c8687b/ozone-meta/datanode-2/data-0/hdds/f0f26617-5c27-4371-b446-298ac6c8687b/DS-7c1766fd-4e72-410d-8898-7c713097e538/container.db for volume DS-7c1766fd-4e72-410d-8898-7c713097e538
2024-04-16 13:47:12,297 [88d255ec-0e94-4950-ab45-ac807e327f1f-ContainerReader-0] INFO  ozoneimpl.ContainerReader (ContainerReader.java:readVolume(148)) - Start to verify containers on volume /home/runner/work/ozone/ozone/hadoop-ozone/integration-test/target/test-dir/MiniOzoneClusterImpl-f0f26617-5c27-4371-b446-298ac6c8687b/ozone-meta/datanode-2/data-0/hdds
2024-04-16 13:47:12,298 [88d255ec-0e94-4950-ab45-ac807e327f1f-ContainerReader-0] INFO  ozoneimpl.ContainerReader (ContainerReader.java:readVolume(178)) - Finish verifying containers on volume /home/runner/work/ozone/ozone/hadoop-ozone/integration-test/target/test-dir/MiniOzoneClusterImpl-f0f26617-5c27-4371-b446-298ac6c8687b/ozone-meta/datanode-2/data-0/hdds
2024-04-16 13:47:12,298 [88d255ec-0e94-4950-ab45-ac807e327f1f-EndpointStateMachineTaskThread-/127.0.0.1:15020-0 ] INFO  ozoneimpl.OzoneContainer (OzoneContainer.java:buildContainerSet(328)) - Build ContainerSet costs 0s
2024-04-16 13:47:12,299 [88d255ec-0e94-4950-ab45-ac807e327f1f-EndpointStateMachineTaskThread-/127.0.0.1:15020-0 ] INFO  volume.ThrottledAsyncChecker (ThrottledAsyncChecker.java:schedule(141)) - Scheduling a check for /home/runner/work/ozone/ozone/hadoop-ozone/integration-test/target/test-dir/MiniOzoneClusterImpl-f0f26617-5c27-4371-b446-298ac6c8687b/ozone-meta/datanode-2/data-0/hdds
2024-04-16 13:47:12,300 [88d255ec-0e94-4950-ab45-ac807e327f1f-EndpointStateMachineTaskThread-/127.0.0.1:15020-0 ] INFO  volume.StorageVolumeChecker (StorageVolumeChecker.java:checkAllVolumes(218)) - Scheduled health check for volume /home/runner/work/ozone/ozone/hadoop-ozone/integration-test/target/test-dir/MiniOzoneClusterImpl-f0f26617-5c27-4371-b446-298ac6c8687b/ozone-meta/datanode-2/data-0/hdds
2024-04-16 13:47:12,303 [88d255ec-0e94-4950-ab45-ac807e327f1f-EndpointStateMachineTaskThread-/127.0.0.1:15020-0 ] INFO  volume.ThrottledAsyncChecker (ThrottledAsyncChecker.java:schedule(141)) - Scheduling a check for /home/runner/work/ozone/ozone/hadoop-ozone/integration-test/target/test-dir/MiniOzoneClusterImpl-f0f26617-5c27-4371-b446-298ac6c8687b/ozone-meta/datanode-2/ratis
2024-04-16 13:47:12,303 [88d255ec-0e94-4950-ab45-ac807e327f1f-EndpointStateMachineTaskThread-/127.0.0.1:15020-0 ] INFO  volume.StorageVolumeChecker (StorageVolumeChecker.java:checkAllVolumes(218)) - Scheduled health check for volume /home/runner/work/ozone/ozone/hadoop-ozone/integration-test/target/test-dir/MiniOzoneClusterImpl-f0f26617-5c27-4371-b446-298ac6c8687b/ozone-meta/datanode-2/ratis
2024-04-16 13:47:12,305 [88d255ec-0e94-4950-ab45-ac807e327f1f-EndpointStateMachineTaskThread-/127.0.0.1:15020-0 ] INFO  ozoneimpl.OzoneContainer (OzoneContainer.java:start(459)) - Attempting to start container services.
2024-04-16 13:47:12,305 [88d255ec-0e94-4950-ab45-ac807e327f1f-EndpointStateMachineTaskThread-/127.0.0.1:15020-0 ] WARN  ozoneimpl.OnDemandContainerDataScanner (OnDemandContainerDataScanner.java:init(75)) - Trying to initialize on demand scanner a second time on a datanode.
2024-04-16 13:47:12,306 [ContainerMetadataScanner] INFO  ozoneimpl.AbstractBackgroundContainerScanner (AbstractBackgroundContainerScanner.java:runIteration(87)) - Completed an iteration in 0 minutes. Number of iterations (since the data-node restart) : 1, Number of containers scanned in this iteration : 0, Number of unhealthy containers found in this iteration : 0
2024-04-16 13:47:12,306 [ContainerDataScanner(/home/runner/work/ozone/ozone/hadoop-ozone/integration-test/target/test-dir/MiniOzoneClusterImpl-f0f26617-5c27-4371-b446-298ac6c8687b/ozone-meta/datanode-2/data-0/hdds)] INFO  ozoneimpl.AbstractBackgroundContainerScanner (AbstractBackgroundContainerScanner.java:runIteration(87)) - Completed an iteration in 0 minutes. Number of iterations (since the data-node restart) : 1, Number of containers scanned in this iteration : 0, Number of unhealthy containers found in this iteration : 0
2024-04-16 13:47:12,309 [88d255ec-0e94-4950-ab45-ac807e327f1f-EndpointStateMachineTaskThread-/127.0.0.1:15020-0 ] INFO  replication.ReplicationServer (ReplicationServer.java:start(142)) - ReplicationServer is started using port 15057
2024-04-16 13:47:12,309 [88d255ec-0e94-4950-ab45-ac807e327f1f-EndpointStateMachineTaskThread-/127.0.0.1:15020-0 ] INFO  ratis.XceiverServerRatis (XceiverServerRatis.java:start(566)) - Starting XceiverServerRatis 88d255ec-0e94-4950-ab45-ac807e327f1f
2024-04-16 13:47:12,310 [88d255ec-0e94-4950-ab45-ac807e327f1f-EndpointStateMachineTaskThread-/127.0.0.1:15020-0 ] INFO  server.RaftServer (RaftServerProxy.java:startImpl(406)) - 88d255ec-0e94-4950-ab45-ac807e327f1f: start RPC server
2024-04-16 13:47:12,313 [88d255ec-0e94-4950-ab45-ac807e327f1f-EndpointStateMachineTaskThread-/127.0.0.1:15020-0 ] INFO  server.GrpcService (GrpcService.java:startImpl(302)) - 88d255ec-0e94-4950-ab45-ac807e327f1f: GrpcService started, listening on 15053
2024-04-16 13:47:12,315 [88d255ec-0e94-4950-ab45-ac807e327f1f-EndpointStateMachineTaskThread-/127.0.0.1:15020-0 ] INFO  server.GrpcService (GrpcService.java:startImpl(302)) - 88d255ec-0e94-4950-ab45-ac807e327f1f: GrpcService started, listening on 15055
2024-04-16 13:47:12,318 [88d255ec-0e94-4950-ab45-ac807e327f1f-EndpointStateMachineTaskThread-/127.0.0.1:15020-0 ] INFO  server.GrpcService (GrpcService.java:startImpl(302)) - 88d255ec-0e94-4950-ab45-ac807e327f1f: GrpcService started, listening on 15054
2024-04-16 13:47:12,318 [88d255ec-0e94-4950-ab45-ac807e327f1f-EndpointStateMachineTaskThread-/127.0.0.1:15020-0 ] INFO  ratis.XceiverServerRatis (XceiverServerRatis.java:getRealPort(592)) - XceiverServerRatis 88d255ec-0e94-4950-ab45-ac807e327f1f is started using port 15053 for RATIS
2024-04-16 13:47:12,318 [88d255ec-0e94-4950-ab45-ac807e327f1f-EndpointStateMachineTaskThread-/127.0.0.1:15020-0 ] INFO  ratis.XceiverServerRatis (XceiverServerRatis.java:getRealPort(592)) - XceiverServerRatis 88d255ec-0e94-4950-ab45-ac807e327f1f is started using port 15054 for RATIS_ADMIN
2024-04-16 13:47:12,318 [88d255ec-0e94-4950-ab45-ac807e327f1f-EndpointStateMachineTaskThread-/127.0.0.1:15020-0 ] INFO  ratis.XceiverServerRatis (XceiverServerRatis.java:getRealPort(592)) - XceiverServerRatis 88d255ec-0e94-4950-ab45-ac807e327f1f is started using port 15055 for RATIS_SERVER
2024-04-16 13:47:12,319 [88d255ec-0e94-4950-ab45-ac807e327f1f-EndpointStateMachineTaskThread-/127.0.0.1:15020-0 ] INFO  ratis.XceiverServerRatis (XceiverServerRatis.java:getRealPort(592)) - XceiverServerRatis 88d255ec-0e94-4950-ab45-ac807e327f1f is started using port 15056 for RATIS_DATASTREAM
2024-04-16 13:47:12,318 [JvmPauseMonitor6] INFO  util.JvmPauseMonitor (JvmPauseMonitor.java:run(146)) - JvmPauseMonitor-88d255ec-0e94-4950-ab45-ac807e327f1f: Started
2024-04-16 13:47:12,335 [88d255ec-0e94-4950-ab45-ac807e327f1f-BlockDeletingService#0] INFO  interfaces.ContainerDeletionChoosingPolicyTemplate (ContainerDeletionChoosingPolicyTemplate.java:chooseContainerForBlockDeletion(85)) - Chosen 0/5000 blocks from 0 candidate containers.
2024-04-16 13:47:12,341 [88d255ec-0e94-4950-ab45-ac807e327f1f-EndpointStateMachineTaskThread-/127.0.0.1:15004-0 ] INFO  ozoneimpl.OzoneContainer (OzoneContainer.java:start(441)) - Ignore. OzoneContainer already started.
2024-04-16 13:47:12,341 [88d255ec-0e94-4950-ab45-ac807e327f1f-EndpointStateMachineTaskThread-/127.0.0.1:15012-0 ] INFO  ozoneimpl.OzoneContainer (OzoneContainer.java:start(441)) - Ignore. OzoneContainer already started.
2024-04-16 13:47:12,701 [main] INFO  ozone.MiniOzoneClusterImpl (MiniOzoneClusterImpl.java:lambda$waitForClusterToBeReady$0(194)) - Waiting for nodes to be ready. Got 0 of 3 DN Heartbeats.
2024-04-16 13:47:12,701 [main] INFO  ozone.MiniOzoneClusterImpl (MiniOzoneClusterImpl.java:lambda$waitForClusterToBeReady$0(197)) - Waiting for cluster to exit safe mode
2024-04-16 13:47:12,701 [main] INFO  ozone.MiniOzoneClusterImpl (MiniOzoneClusterImpl.java:lambda$waitForClusterToBeReady$0(199)) - SCM became leader
2024-04-16 13:47:12,709 [Socket Reader #1 for port 15012] INFO  ipc.Server (Server.java:saslProcess(2139)) - Auth successful for scm/fv-az1428-817.utppd1leec2uvmgjoennxb5ynh.ex.internal.cloudapp.net@EXAMPLE.COM (auth:KERBEROS) from fv-az1428-817.utppd1leec2uvmgjoennxb5ynh.ex.internal.cloudapp.net:45221 / 10.1.0.24:45221
2024-04-16 13:47:12,709 [Socket Reader #1 for port 15004] INFO  ipc.Server (Server.java:saslProcess(2139)) - Auth successful for scm/fv-az1428-817.utppd1leec2uvmgjoennxb5ynh.ex.internal.cloudapp.net@EXAMPLE.COM (auth:KERBEROS) from fv-az1428-817.utppd1leec2uvmgjoennxb5ynh.ex.internal.cloudapp.net:33101 / 10.1.0.24:33101
2024-04-16 13:47:12,713 [Socket Reader #1 for port 15020] INFO  ipc.Server (Server.java:saslProcess(2139)) - Auth successful for scm/fv-az1428-817.utppd1leec2uvmgjoennxb5ynh.ex.internal.cloudapp.net@EXAMPLE.COM (auth:KERBEROS) from fv-az1428-817.utppd1leec2uvmgjoennxb5ynh.ex.internal.cloudapp.net:39497 / 10.1.0.24:39497
2024-04-16 13:47:12,715 [scmNode-1-SecretKeyManagerService] INFO  symmetric.SecretKeyManager (SecretKeyManager.java:checkAndRotate(125)) - SecretKey rotation is happening, new key generated SecretKey(id = db7db4a2-8c74-41fc-9feb-66e25f1e1302, creation at: 2024-04-16T13:47:12.715Z, expire at: 2024-04-16T13:47:15.715Z)
2024-04-16 13:47:12,719 [8dded7e3-77f4-42cf-91f8-4014f88a5819@group-298AC6C8687B-StateMachineUpdater] INFO  symmetric.SecretKeyStateImpl (SecretKeyStateImpl.java:updateKeysInternal(113)) - Updating keys with [SecretKey(id = 91f4e930-5362-49eb-9c88-203d0a3cc725, creation at: 2024-04-16T13:47:11.715Z, expire at: 2024-04-16T13:47:14.715Z), SecretKey(id = 5aea11ba-1bf7-4719-b7a1-93e295c1e1a5, creation at: 2024-04-16T13:47:10.715Z, expire at: 2024-04-16T13:47:13.715Z), SecretKey(id = ccef31cf-7d11-406b-9d50-7c63dd610370, creation at: 2024-04-16T13:47:09.715Z, expire at: 2024-04-16T13:47:12.715Z), SecretKey(id = db7db4a2-8c74-41fc-9feb-66e25f1e1302, creation at: 2024-04-16T13:47:12.715Z, expire at: 2024-04-16T13:47:15.715Z)]
2024-04-16 13:47:12,719 [8dded7e3-77f4-42cf-91f8-4014f88a5819@group-298AC6C8687B-StateMachineUpdater] INFO  symmetric.SecretKeyStateImpl (SecretKeyStateImpl.java:updateKeysInternal(128)) - Current key updated SecretKey(id = db7db4a2-8c74-41fc-9feb-66e25f1e1302, creation at: 2024-04-16T13:47:12.715Z, expire at: 2024-04-16T13:47:15.715Z)
2024-04-16 13:47:12,720 [8dded7e3-77f4-42cf-91f8-4014f88a5819@group-298AC6C8687B-StateMachineUpdater] INFO  symmetric.LocalSecretKeyStore (LocalSecretKeyStore.java:save(109)) - Saved [SecretKey(id = db7db4a2-8c74-41fc-9feb-66e25f1e1302, creation at: 2024-04-16T13:47:12.715Z, expire at: 2024-04-16T13:47:15.715Z), SecretKey(id = 91f4e930-5362-49eb-9c88-203d0a3cc725, creation at: 2024-04-16T13:47:11.715Z, expire at: 2024-04-16T13:47:14.715Z), SecretKey(id = 5aea11ba-1bf7-4719-b7a1-93e295c1e1a5, creation at: 2024-04-16T13:47:10.715Z, expire at: 2024-04-16T13:47:13.715Z), SecretKey(id = ccef31cf-7d11-406b-9d50-7c63dd610370, creation at: 2024-04-16T13:47:09.715Z, expire at: 2024-04-16T13:47:12.715Z)] to file /home/runner/work/ozone/ozone/hadoop-ozone/integration-test/target/test-dir/MiniOzoneClusterImpl-f0f26617-5c27-4371-b446-298ac6c8687b/scmNode-1/scm/keys/secret_keys.json
2024-04-16 13:47:12,720 [8dded7e3-77f4-42cf-91f8-4014f88a5819@group-298AC6C8687B-StateMachineUpdater] INFO  safemode.HealthyPipelineSafeModeRule (HealthyPipelineSafeModeRule.java:initializeRule(172)) - Refreshed total pipeline count is 0, healthy pipeline threshold count is 1
2024-04-16 13:47:12,720 [692eadad-ad12-4257-a6c9-255a711e16c4@group-298AC6C8687B-StateMachineUpdater] INFO  symmetric.SecretKeyStateImpl (SecretKeyStateImpl.java:updateKeysInternal(113)) - Updating keys with [SecretKey(id = 91f4e930-5362-49eb-9c88-203d0a3cc725, creation at: 2024-04-16T13:47:11.715Z, expire at: 2024-04-16T13:47:14.715Z), SecretKey(id = 5aea11ba-1bf7-4719-b7a1-93e295c1e1a5, creation at: 2024-04-16T13:47:10.715Z, expire at: 2024-04-16T13:47:13.715Z), SecretKey(id = ccef31cf-7d11-406b-9d50-7c63dd610370, creation at: 2024-04-16T13:47:09.715Z, expire at: 2024-04-16T13:47:12.715Z), SecretKey(id = db7db4a2-8c74-41fc-9feb-66e25f1e1302, creation at: 2024-04-16T13:47:12.715Z, expire at: 2024-04-16T13:47:15.715Z)]
2024-04-16 13:47:12,720 [692eadad-ad12-4257-a6c9-255a711e16c4@group-298AC6C8687B-StateMachineUpdater] INFO  symmetric.SecretKeyStateImpl (SecretKeyStateImpl.java:updateKeysInternal(128)) - Current key updated SecretKey(id = db7db4a2-8c74-41fc-9feb-66e25f1e1302, creation at: 2024-04-16T13:47:12.715Z, expire at: 2024-04-16T13:47:15.715Z)
2024-04-16 13:47:12,721 [692eadad-ad12-4257-a6c9-255a711e16c4@group-298AC6C8687B-StateMachineUpdater] INFO  symmetric.LocalSecretKeyStore (LocalSecretKeyStore.java:save(109)) - Saved [SecretKey(id = db7db4a2-8c74-41fc-9feb-66e25f1e1302, creation at: 2024-04-16T13:47:12.715Z, expire at: 2024-04-16T13:47:15.715Z), SecretKey(id = 91f4e930-5362-49eb-9c88-203d0a3cc725, creation at: 2024-04-16T13:47:11.715Z, expire at: 2024-04-16T13:47:14.715Z), SecretKey(id = 5aea11ba-1bf7-4719-b7a1-93e295c1e1a5, creation at: 2024-04-16T13:47:10.715Z, expire at: 2024-04-16T13:47:13.715Z), SecretKey(id = ccef31cf-7d11-406b-9d50-7c63dd610370, creation at: 2024-04-16T13:47:09.715Z, expire at: 2024-04-16T13:47:12.715Z)] to file /home/runner/work/ozone/ozone/hadoop-ozone/integration-test/target/test-dir/MiniOzoneClusterImpl-f0f26617-5c27-4371-b446-298ac6c8687b/scmNode-3/scm/keys/secret_keys.json
2024-04-16 13:47:12,721 [692eadad-ad12-4257-a6c9-255a711e16c4@group-298AC6C8687B-StateMachineUpdater] INFO  safemode.HealthyPipelineSafeModeRule (HealthyPipelineSafeModeRule.java:initializeRule(172)) - Refreshed total pipeline count is 0, healthy pipeline threshold count is 1
2024-04-16 13:47:12,722 [e74c9e3a-193e-4dbb-b5f5-b6805398d140@group-298AC6C8687B-StateMachineUpdater] INFO  symmetric.SecretKeyStateImpl (SecretKeyStateImpl.java:updateKeysInternal(113)) - Updating keys with [SecretKey(id = 91f4e930-5362-49eb-9c88-203d0a3cc725, creation at: 2024-04-16T13:47:11.715Z, expire at: 2024-04-16T13:47:14.715Z), SecretKey(id = 5aea11ba-1bf7-4719-b7a1-93e295c1e1a5, creation at: 2024-04-16T13:47:10.715Z, expire at: 2024-04-16T13:47:13.715Z), SecretKey(id = ccef31cf-7d11-406b-9d50-7c63dd610370, creation at: 2024-04-16T13:47:09.715Z, expire at: 2024-04-16T13:47:12.715Z), SecretKey(id = db7db4a2-8c74-41fc-9feb-66e25f1e1302, creation at: 2024-04-16T13:47:12.715Z, expire at: 2024-04-16T13:47:15.715Z)]
2024-04-16 13:47:12,722 [e74c9e3a-193e-4dbb-b5f5-b6805398d140@group-298AC6C8687B-StateMachineUpdater] INFO  symmetric.SecretKeyStateImpl (SecretKeyStateImpl.java:updateKeysInternal(128)) - Current key updated SecretKey(id = db7db4a2-8c74-41fc-9feb-66e25f1e1302, creation at: 2024-04-16T13:47:12.715Z, expire at: 2024-04-16T13:47:15.715Z)
2024-04-16 13:47:12,722 [e74c9e3a-193e-4dbb-b5f5-b6805398d140@group-298AC6C8687B-StateMachineUpdater] INFO  symmetric.LocalSecretKeyStore (LocalSecretKeyStore.java:save(109)) - Saved [SecretKey(id = db7db4a2-8c74-41fc-9feb-66e25f1e1302, creation at: 2024-04-16T13:47:12.715Z, expire at: 2024-04-16T13:47:15.715Z), SecretKey(id = 91f4e930-5362-49eb-9c88-203d0a3cc725, creation at: 2024-04-16T13:47:11.715Z, expire at: 2024-04-16T13:47:14.715Z), SecretKey(id = 5aea11ba-1bf7-4719-b7a1-93e295c1e1a5, creation at: 2024-04-16T13:47:10.715Z, expire at: 2024-04-16T13:47:13.715Z), SecretKey(id = ccef31cf-7d11-406b-9d50-7c63dd610370, creation at: 2024-04-16T13:47:09.715Z, expire at: 2024-04-16T13:47:12.715Z)] to file /home/runner/work/ozone/ozone/hadoop-ozone/integration-test/target/test-dir/MiniOzoneClusterImpl-f0f26617-5c27-4371-b446-298ac6c8687b/scmNode-2/scm/keys/secret_keys.json
2024-04-16 13:47:12,723 [e74c9e3a-193e-4dbb-b5f5-b6805398d140@group-298AC6C8687B-StateMachineUpdater] INFO  safemode.HealthyPipelineSafeModeRule (HealthyPipelineSafeModeRule.java:initializeRule(172)) - Refreshed total pipeline count is 0, healthy pipeline threshold count is 1
2024-04-16 13:47:12,731 [Socket Reader #1 for port 15020] INFO  authorize.ServiceAuthorizationManager (ServiceAuthorizationManager.java:authorize(137)) - Authorization successful for scm/fv-az1428-817.utppd1leec2uvmgjoennxb5ynh.ex.internal.cloudapp.net@EXAMPLE.COM (auth:KERBEROS) for protocol=interface org.apache.hadoop.ozone.protocol.StorageContainerDatanodeProtocol
2024-04-16 13:47:12,731 [Socket Reader #1 for port 15012] INFO  authorize.ServiceAuthorizationManager (ServiceAuthorizationManager.java:authorize(137)) - Authorization successful for scm/fv-az1428-817.utppd1leec2uvmgjoennxb5ynh.ex.internal.cloudapp.net@EXAMPLE.COM (auth:KERBEROS) for protocol=interface org.apache.hadoop.ozone.protocol.StorageContainerDatanodeProtocol
2024-04-16 13:47:12,733 [Socket Reader #1 for port 15004] INFO  authorize.ServiceAuthorizationManager (ServiceAuthorizationManager.java:authorize(137)) - Authorization successful for scm/fv-az1428-817.utppd1leec2uvmgjoennxb5ynh.ex.internal.cloudapp.net@EXAMPLE.COM (auth:KERBEROS) for protocol=interface org.apache.hadoop.ozone.protocol.StorageContainerDatanodeProtocol
2024-04-16 13:47:12,752 [590e72f5-e0a8-4a6b-9708-265ca50c2b50-EndpointStateMachineTaskThread-/127.0.0.1:15012-0 ] INFO  utils.DatanodeStoreCache (DatanodeStoreCache.java:addDB(72)) - Added db /home/runner/work/ozone/ozone/hadoop-ozone/integration-test/target/test-dir/MiniOzoneClusterImpl-f0f26617-5c27-4371-b446-298ac6c8687b/ozone-meta/datanode-3/data-0/hdds/f0f26617-5c27-4371-b446-298ac6c8687b/DS-fa91451e-aab1-4393-a001-b1b5b418f783/container.db to cache
2024-04-16 13:47:12,752 [590e72f5-e0a8-4a6b-9708-265ca50c2b50-EndpointStateMachineTaskThread-/127.0.0.1:15012-0 ] INFO  volume.HddsVolume (HddsVolume.java:createDbStore(437)) - SchemaV3 db is created and loaded at /home/runner/work/ozone/ozone/hadoop-ozone/integration-test/target/test-dir/MiniOzoneClusterImpl-f0f26617-5c27-4371-b446-298ac6c8687b/ozone-meta/datanode-3/data-0/hdds/f0f26617-5c27-4371-b446-298ac6c8687b/DS-fa91451e-aab1-4393-a001-b1b5b418f783/container.db for volume DS-fa91451e-aab1-4393-a001-b1b5b418f783
2024-04-16 13:47:12,754 [590e72f5-e0a8-4a6b-9708-265ca50c2b50-ContainerReader-0] INFO  ozoneimpl.ContainerReader (ContainerReader.java:readVolume(148)) - Start to verify containers on volume /home/runner/work/ozone/ozone/hadoop-ozone/integration-test/target/test-dir/MiniOzoneClusterImpl-f0f26617-5c27-4371-b446-298ac6c8687b/ozone-meta/datanode-3/data-0/hdds
2024-04-16 13:47:12,755 [590e72f5-e0a8-4a6b-9708-265ca50c2b50-ContainerReader-0] INFO  ozoneimpl.ContainerReader (ContainerReader.java:readVolume(178)) - Finish verifying containers on volume /home/runner/work/ozone/ozone/hadoop-ozone/integration-test/target/test-dir/MiniOzoneClusterImpl-f0f26617-5c27-4371-b446-298ac6c8687b/ozone-meta/datanode-3/data-0/hdds
2024-04-16 13:47:12,755 [590e72f5-e0a8-4a6b-9708-265ca50c2b50-EndpointStateMachineTaskThread-/127.0.0.1:15012-0 ] INFO  ozoneimpl.OzoneContainer (OzoneContainer.java:buildContainerSet(328)) - Build ContainerSet costs 0s
2024-04-16 13:47:12,755 [590e72f5-e0a8-4a6b-9708-265ca50c2b50-EndpointStateMachineTaskThread-/127.0.0.1:15012-0 ] INFO  volume.ThrottledAsyncChecker (ThrottledAsyncChecker.java:schedule(141)) - Scheduling a check for /home/runner/work/ozone/ozone/hadoop-ozone/integration-test/target/test-dir/MiniOzoneClusterImpl-f0f26617-5c27-4371-b446-298ac6c8687b/ozone-meta/datanode-3/data-0/hdds
2024-04-16 13:47:12,760 [590e72f5-e0a8-4a6b-9708-265ca50c2b50-EndpointStateMachineTaskThread-/127.0.0.1:15012-0 ] INFO  volume.StorageVolumeChecker (StorageVolumeChecker.java:checkAllVolumes(218)) - Scheduled health check for volume /home/runner/work/ozone/ozone/hadoop-ozone/integration-test/target/test-dir/MiniOzoneClusterImpl-f0f26617-5c27-4371-b446-298ac6c8687b/ozone-meta/datanode-3/data-0/hdds
2024-04-16 13:47:12,761 [590e72f5-e0a8-4a6b-9708-265ca50c2b50-EndpointStateMachineTaskThread-/127.0.0.1:15012-0 ] INFO  volume.ThrottledAsyncChecker (ThrottledAsyncChecker.java:schedule(141)) - Scheduling a check for /home/runner/work/ozone/ozone/hadoop-ozone/integration-test/target/test-dir/MiniOzoneClusterImpl-f0f26617-5c27-4371-b446-298ac6c8687b/ozone-meta/datanode-3/ratis
2024-04-16 13:47:12,762 [590e72f5-e0a8-4a6b-9708-265ca50c2b50-EndpointStateMachineTaskThread-/127.0.0.1:15012-0 ] INFO  volume.StorageVolumeChecker (StorageVolumeChecker.java:checkAllVolumes(218)) - Scheduled health check for volume /home/runner/work/ozone/ozone/hadoop-ozone/integration-test/target/test-dir/MiniOzoneClusterImpl-f0f26617-5c27-4371-b446-298ac6c8687b/ozone-meta/datanode-3/ratis
2024-04-16 13:47:12,763 [590e72f5-e0a8-4a6b-9708-265ca50c2b50-EndpointStateMachineTaskThread-/127.0.0.1:15012-0 ] INFO  ozoneimpl.OzoneContainer (OzoneContainer.java:start(459)) - Attempting to start container services.
2024-04-16 13:47:12,763 [590e72f5-e0a8-4a6b-9708-265ca50c2b50-EndpointStateMachineTaskThread-/127.0.0.1:15012-0 ] WARN  ozoneimpl.OnDemandContainerDataScanner (OnDemandContainerDataScanner.java:init(75)) - Trying to initialize on demand scanner a second time on a datanode.
2024-04-16 13:47:12,764 [ContainerMetadataScanner] INFO  ozoneimpl.AbstractBackgroundContainerScanner (AbstractBackgroundContainerScanner.java:runIteration(87)) - Completed an iteration in 0 minutes. Number of iterations (since the data-node restart) : 1, Number of containers scanned in this iteration : 0, Number of unhealthy containers found in this iteration : 0
2024-04-16 13:47:12,765 [ContainerDataScanner(/home/runner/work/ozone/ozone/hadoop-ozone/integration-test/target/test-dir/MiniOzoneClusterImpl-f0f26617-5c27-4371-b446-298ac6c8687b/ozone-meta/datanode-3/data-0/hdds)] INFO  ozoneimpl.AbstractBackgroundContainerScanner (AbstractBackgroundContainerScanner.java:runIteration(87)) - Completed an iteration in 0 minutes. Number of iterations (since the data-node restart) : 1, Number of containers scanned in this iteration : 0, Number of unhealthy containers found in this iteration : 0
2024-04-16 13:47:12,766 [590e72f5-e0a8-4a6b-9708-265ca50c2b50-EndpointStateMachineTaskThread-/127.0.0.1:15012-0 ] INFO  replication.ReplicationServer (ReplicationServer.java:start(142)) - ReplicationServer is started using port 15066
2024-04-16 13:47:12,766 [590e72f5-e0a8-4a6b-9708-265ca50c2b50-EndpointStateMachineTaskThread-/127.0.0.1:15012-0 ] INFO  ratis.XceiverServerRatis (XceiverServerRatis.java:start(566)) - Starting XceiverServerRatis 590e72f5-e0a8-4a6b-9708-265ca50c2b50
2024-04-16 13:47:12,767 [590e72f5-e0a8-4a6b-9708-265ca50c2b50-EndpointStateMachineTaskThread-/127.0.0.1:15012-0 ] INFO  server.RaftServer (RaftServerProxy.java:startImpl(406)) - 590e72f5-e0a8-4a6b-9708-265ca50c2b50: start RPC server
2024-04-16 13:47:12,768 [590e72f5-e0a8-4a6b-9708-265ca50c2b50-EndpointStateMachineTaskThread-/127.0.0.1:15012-0 ] INFO  server.GrpcService (GrpcService.java:startImpl(302)) - 590e72f5-e0a8-4a6b-9708-265ca50c2b50: GrpcService started, listening on 15062
2024-04-16 13:47:12,769 [590e72f5-e0a8-4a6b-9708-265ca50c2b50-EndpointStateMachineTaskThread-/127.0.0.1:15012-0 ] INFO  server.GrpcService (GrpcService.java:startImpl(302)) - 590e72f5-e0a8-4a6b-9708-265ca50c2b50: GrpcService started, listening on 15064
2024-04-16 13:47:12,770 [590e72f5-e0a8-4a6b-9708-265ca50c2b50-EndpointStateMachineTaskThread-/127.0.0.1:15012-0 ] INFO  server.GrpcService (GrpcService.java:startImpl(302)) - 590e72f5-e0a8-4a6b-9708-265ca50c2b50: GrpcService started, listening on 15063
2024-04-16 13:47:12,772 [590e72f5-e0a8-4a6b-9708-265ca50c2b50-EndpointStateMachineTaskThread-/127.0.0.1:15012-0 ] INFO  ratis.XceiverServerRatis (XceiverServerRatis.java:getRealPort(592)) - XceiverServerRatis 590e72f5-e0a8-4a6b-9708-265ca50c2b50 is started using port 15062 for RATIS
2024-04-16 13:47:12,772 [JvmPauseMonitor7] INFO  util.JvmPauseMonitor (JvmPauseMonitor.java:run(146)) - JvmPauseMonitor-590e72f5-e0a8-4a6b-9708-265ca50c2b50: Started
2024-04-16 13:47:12,772 [590e72f5-e0a8-4a6b-9708-265ca50c2b50-EndpointStateMachineTaskThread-/127.0.0.1:15012-0 ] INFO  ratis.XceiverServerRatis (XceiverServerRatis.java:getRealPort(592)) - XceiverServerRatis 590e72f5-e0a8-4a6b-9708-265ca50c2b50 is started using port 15063 for RATIS_ADMIN
2024-04-16 13:47:12,772 [590e72f5-e0a8-4a6b-9708-265ca50c2b50-EndpointStateMachineTaskThread-/127.0.0.1:15012-0 ] INFO  ratis.XceiverServerRatis (XceiverServerRatis.java:getRealPort(592)) - XceiverServerRatis 590e72f5-e0a8-4a6b-9708-265ca50c2b50 is started using port 15064 for RATIS_SERVER
2024-04-16 13:47:12,772 [590e72f5-e0a8-4a6b-9708-265ca50c2b50-EndpointStateMachineTaskThread-/127.0.0.1:15012-0 ] INFO  ratis.XceiverServerRatis (XceiverServerRatis.java:getRealPort(592)) - XceiverServerRatis 590e72f5-e0a8-4a6b-9708-265ca50c2b50 is started using port 15065 for RATIS_DATASTREAM
2024-04-16 13:47:12,774 [590e72f5-e0a8-4a6b-9708-265ca50c2b50-BlockDeletingService#0] INFO  interfaces.ContainerDeletionChoosingPolicyTemplate (ContainerDeletionChoosingPolicyTemplate.java:chooseContainerForBlockDeletion(85)) - Chosen 0/5000 blocks from 0 candidate containers.
2024-04-16 13:47:12,780 [590e72f5-e0a8-4a6b-9708-265ca50c2b50-EndpointStateMachineTaskThread-/127.0.0.1:15020-0 ] INFO  ozoneimpl.OzoneContainer (OzoneContainer.java:start(441)) - Ignore. OzoneContainer already started.
2024-04-16 13:47:12,780 [590e72f5-e0a8-4a6b-9708-265ca50c2b50-EndpointStateMachineTaskThread-/127.0.0.1:15004-0 ] INFO  ozoneimpl.OzoneContainer (OzoneContainer.java:start(441)) - Ignore. OzoneContainer already started.
2024-04-16 13:47:12,817 [SecretKeyPoller] INFO  symmetric.DefaultSecretKeySignerClient (DefaultSecretKeySignerClient.java:checkAndRefresh(167)) - New secret key fetched from SCM: SecretKey(id = db7db4a2-8c74-41fc-9feb-66e25f1e1302, creation at: 2024-04-16T13:47:12.715Z, expire at: 2024-04-16T13:47:15.715Z).
2024-04-16 13:47:12,817 [SecretKeyPoller] INFO  symmetric.DefaultSecretKeySignerClient (DefaultSecretKeySignerClient.java:checkAndRefresh(167)) - New secret key fetched from SCM: SecretKey(id = db7db4a2-8c74-41fc-9feb-66e25f1e1302, creation at: 2024-04-16T13:47:12.715Z, expire at: 2024-04-16T13:47:15.715Z).
2024-04-16 13:47:12,817 [om1-SecretKeyPoller] INFO  symmetric.DefaultSecretKeySignerClient (DefaultSecretKeySignerClient.java:checkAndRefresh(167)) - New secret key fetched from SCM: SecretKey(id = db7db4a2-8c74-41fc-9feb-66e25f1e1302, creation at: 2024-04-16T13:47:12.715Z, expire at: 2024-04-16T13:47:15.715Z).
2024-04-16 13:47:12,818 [SecretKeyPoller] INFO  symmetric.DefaultSecretKeySignerClient (DefaultSecretKeySignerClient.java:checkAndRefresh(167)) - New secret key fetched from SCM: SecretKey(id = db7db4a2-8c74-41fc-9feb-66e25f1e1302, creation at: 2024-04-16T13:47:12.715Z, expire at: 2024-04-16T13:47:15.715Z).
2024-04-16 13:47:13,702 [main] INFO  ozone.MiniOzoneClusterImpl (MiniOzoneClusterImpl.java:lambda$waitForClusterToBeReady$0(194)) - Waiting for nodes to be ready. Got 0 of 3 DN Heartbeats.
2024-04-16 13:47:13,702 [main] INFO  ozone.MiniOzoneClusterImpl (MiniOzoneClusterImpl.java:lambda$waitForClusterToBeReady$0(197)) - Waiting for cluster to exit safe mode
2024-04-16 13:47:13,702 [main] INFO  ozone.MiniOzoneClusterImpl (MiniOzoneClusterImpl.java:lambda$waitForClusterToBeReady$0(199)) - SCM became leader
2024-04-16 13:47:13,715 [scmNode-1-SecretKeyManagerService] INFO  symmetric.SecretKeyManager (SecretKeyManager.java:checkAndRotate(125)) - SecretKey rotation is happening, new key generated SecretKey(id = f55bc8a7-f77f-4905-9015-ab111d6f7ca5, creation at: 2024-04-16T13:47:13.715Z, expire at: 2024-04-16T13:47:16.715Z)
2024-04-16 13:47:13,719 [8dded7e3-77f4-42cf-91f8-4014f88a5819@group-298AC6C8687B-StateMachineUpdater] INFO  symmetric.SecretKeyStateImpl (SecretKeyStateImpl.java:updateKeysInternal(113)) - Updating keys with [SecretKey(id = db7db4a2-8c74-41fc-9feb-66e25f1e1302, creation at: 2024-04-16T13:47:12.715Z, expire at: 2024-04-16T13:47:15.715Z), SecretKey(id = 91f4e930-5362-49eb-9c88-203d0a3cc725, creation at: 2024-04-16T13:47:11.715Z, expire at: 2024-04-16T13:47:14.715Z), SecretKey(id = 5aea11ba-1bf7-4719-b7a1-93e295c1e1a5, creation at: 2024-04-16T13:47:10.715Z, expire at: 2024-04-16T13:47:13.715Z), SecretKey(id = f55bc8a7-f77f-4905-9015-ab111d6f7ca5, creation at: 2024-04-16T13:47:13.715Z, expire at: 2024-04-16T13:47:16.715Z)]
2024-04-16 13:47:13,719 [8dded7e3-77f4-42cf-91f8-4014f88a5819@group-298AC6C8687B-StateMachineUpdater] INFO  symmetric.SecretKeyStateImpl (SecretKeyStateImpl.java:updateKeysInternal(128)) - Current key updated SecretKey(id = f55bc8a7-f77f-4905-9015-ab111d6f7ca5, creation at: 2024-04-16T13:47:13.715Z, expire at: 2024-04-16T13:47:16.715Z)
2024-04-16 13:47:13,720 [8dded7e3-77f4-42cf-91f8-4014f88a5819@group-298AC6C8687B-StateMachineUpdater] INFO  symmetric.LocalSecretKeyStore (LocalSecretKeyStore.java:save(109)) - Saved [SecretKey(id = f55bc8a7-f77f-4905-9015-ab111d6f7ca5, creation at: 2024-04-16T13:47:13.715Z, expire at: 2024-04-16T13:47:16.715Z), SecretKey(id = db7db4a2-8c74-41fc-9feb-66e25f1e1302, creation at: 2024-04-16T13:47:12.715Z, expire at: 2024-04-16T13:47:15.715Z), SecretKey(id = 91f4e930-5362-49eb-9c88-203d0a3cc725, creation at: 2024-04-16T13:47:11.715Z, expire at: 2024-04-16T13:47:14.715Z), SecretKey(id = 5aea11ba-1bf7-4719-b7a1-93e295c1e1a5, creation at: 2024-04-16T13:47:10.715Z, expire at: 2024-04-16T13:47:13.715Z)] to file /home/runner/work/ozone/ozone/hadoop-ozone/integration-test/target/test-dir/MiniOzoneClusterImpl-f0f26617-5c27-4371-b446-298ac6c8687b/scmNode-1/scm/keys/secret_keys.json
2024-04-16 13:47:13,720 [8dded7e3-77f4-42cf-91f8-4014f88a5819@group-298AC6C8687B-StateMachineUpdater] INFO  safemode.HealthyPipelineSafeModeRule (HealthyPipelineSafeModeRule.java:initializeRule(172)) - Refreshed total pipeline count is 0, healthy pipeline threshold count is 1
2024-04-16 13:47:13,720 [SecretKeyPoller] INFO  symmetric.DefaultSecretKeySignerClient (DefaultSecretKeySignerClient.java:checkAndRefresh(167)) - New secret key fetched from SCM: SecretKey(id = f55bc8a7-f77f-4905-9015-ab111d6f7ca5, creation at: 2024-04-16T13:47:13.715Z, expire at: 2024-04-16T13:47:16.715Z).
2024-04-16 13:47:13,721 [e74c9e3a-193e-4dbb-b5f5-b6805398d140@group-298AC6C8687B-StateMachineUpdater] INFO  symmetric.SecretKeyStateImpl (SecretKeyStateImpl.java:updateKeysInternal(113)) - Updating keys with [SecretKey(id = db7db4a2-8c74-41fc-9feb-66e25f1e1302, creation at: 2024-04-16T13:47:12.715Z, expire at: 2024-04-16T13:47:15.715Z), SecretKey(id = 91f4e930-5362-49eb-9c88-203d0a3cc725, creation at: 2024-04-16T13:47:11.715Z, expire at: 2024-04-16T13:47:14.715Z), SecretKey(id = 5aea11ba-1bf7-4719-b7a1-93e295c1e1a5, creation at: 2024-04-16T13:47:10.715Z, expire at: 2024-04-16T13:47:13.715Z), SecretKey(id = f55bc8a7-f77f-4905-9015-ab111d6f7ca5, creation at: 2024-04-16T13:47:13.715Z, expire at: 2024-04-16T13:47:16.715Z)]
2024-04-16 13:47:13,721 [e74c9e3a-193e-4dbb-b5f5-b6805398d140@group-298AC6C8687B-StateMachineUpdater] INFO  symmetric.SecretKeyStateImpl (SecretKeyStateImpl.java:updateKeysInternal(128)) - Current key updated SecretKey(id = f55bc8a7-f77f-4905-9015-ab111d6f7ca5, creation at: 2024-04-16T13:47:13.715Z, expire at: 2024-04-16T13:47:16.715Z)
2024-04-16 13:47:13,721 [692eadad-ad12-4257-a6c9-255a711e16c4@group-298AC6C8687B-StateMachineUpdater] INFO  symmetric.SecretKeyStateImpl (SecretKeyStateImpl.java:updateKeysInternal(113)) - Updating keys with [SecretKey(id = db7db4a2-8c74-41fc-9feb-66e25f1e1302, creation at: 2024-04-16T13:47:12.715Z, expire at: 2024-04-16T13:47:15.715Z), SecretKey(id = 91f4e930-5362-49eb-9c88-203d0a3cc725, creation at: 2024-04-16T13:47:11.715Z, expire at: 2024-04-16T13:47:14.715Z), SecretKey(id = 5aea11ba-1bf7-4719-b7a1-93e295c1e1a5, creation at: 2024-04-16T13:47:10.715Z, expire at: 2024-04-16T13:47:13.715Z), SecretKey(id = f55bc8a7-f77f-4905-9015-ab111d6f7ca5, creation at: 2024-04-16T13:47:13.715Z, expire at: 2024-04-16T13:47:16.715Z)]
2024-04-16 13:47:13,722 [692eadad-ad12-4257-a6c9-255a711e16c4@group-298AC6C8687B-StateMachineUpdater] INFO  symmetric.SecretKeyStateImpl (SecretKeyStateImpl.java:updateKeysInternal(128)) - Current key updated SecretKey(id = f55bc8a7-f77f-4905-9015-ab111d6f7ca5, creation at: 2024-04-16T13:47:13.715Z, expire at: 2024-04-16T13:47:16.715Z)
2024-04-16 13:47:13,722 [e74c9e3a-193e-4dbb-b5f5-b6805398d140@group-298AC6C8687B-StateMachineUpdater] INFO  symmetric.LocalSecretKeyStore (LocalSecretKeyStore.java:save(109)) - Saved [SecretKey(id = f55bc8a7-f77f-4905-9015-ab111d6f7ca5, creation at: 2024-04-16T13:47:13.715Z, expire at: 2024-04-16T13:47:16.715Z), SecretKey(id = db7db4a2-8c74-41fc-9feb-66e25f1e1302, creation at: 2024-04-16T13:47:12.715Z, expire at: 2024-04-16T13:47:15.715Z), SecretKey(id = 91f4e930-5362-49eb-9c88-203d0a3cc725, creation at: 2024-04-16T13:47:11.715Z, expire at: 2024-04-16T13:47:14.715Z), SecretKey(id = 5aea11ba-1bf7-4719-b7a1-93e295c1e1a5, creation at: 2024-04-16T13:47:10.715Z, expire at: 2024-04-16T13:47:13.715Z)] to file /home/runner/work/ozone/ozone/hadoop-ozone/integration-test/target/test-dir/MiniOzoneClusterImpl-f0f26617-5c27-4371-b446-298ac6c8687b/scmNode-2/scm/keys/secret_keys.json
2024-04-16 13:47:13,722 [e74c9e3a-193e-4dbb-b5f5-b6805398d140@group-298AC6C8687B-StateMachineUpdater] INFO  safemode.HealthyPipelineSafeModeRule (HealthyPipelineSafeModeRule.java:initializeRule(172)) - Refreshed total pipeline count is 0, healthy pipeline threshold count is 1
2024-04-16 13:47:13,722 [692eadad-ad12-4257-a6c9-255a711e16c4@group-298AC6C8687B-StateMachineUpdater] INFO  symmetric.LocalSecretKeyStore (LocalSecretKeyStore.java:save(109)) - Saved [SecretKey(id = f55bc8a7-f77f-4905-9015-ab111d6f7ca5, creation at: 2024-04-16T13:47:13.715Z, expire at: 2024-04-16T13:47:16.715Z), SecretKey(id = db7db4a2-8c74-41fc-9feb-66e25f1e1302, creation at: 2024-04-16T13:47:12.715Z, expire at: 2024-04-16T13:47:15.715Z), SecretKey(id = 91f4e930-5362-49eb-9c88-203d0a3cc725, creation at: 2024-04-16T13:47:11.715Z, expire at: 2024-04-16T13:47:14.715Z), SecretKey(id = 5aea11ba-1bf7-4719-b7a1-93e295c1e1a5, creation at: 2024-04-16T13:47:10.715Z, expire at: 2024-04-16T13:47:13.715Z)] to file /home/runner/work/ozone/ozone/hadoop-ozone/integration-test/target/test-dir/MiniOzoneClusterImpl-f0f26617-5c27-4371-b446-298ac6c8687b/scmNode-3/scm/keys/secret_keys.json
2024-04-16 13:47:13,722 [692eadad-ad12-4257-a6c9-255a711e16c4@group-298AC6C8687B-StateMachineUpdater] INFO  safemode.HealthyPipelineSafeModeRule (HealthyPipelineSafeModeRule.java:initializeRule(172)) - Refreshed total pipeline count is 0, healthy pipeline threshold count is 1
2024-04-16 13:47:13,816 [SecretKeyPoller] INFO  symmetric.DefaultSecretKeySignerClient (DefaultSecretKeySignerClient.java:checkAndRefresh(167)) - New secret key fetched from SCM: SecretKey(id = f55bc8a7-f77f-4905-9015-ab111d6f7ca5, creation at: 2024-04-16T13:47:13.715Z, expire at: 2024-04-16T13:47:16.715Z).
2024-04-16 13:47:13,816 [SecretKeyPoller] INFO  symmetric.DefaultSecretKeySignerClient (DefaultSecretKeySignerClient.java:checkAndRefresh(167)) - New secret key fetched from SCM: SecretKey(id = f55bc8a7-f77f-4905-9015-ab111d6f7ca5, creation at: 2024-04-16T13:47:13.715Z, expire at: 2024-04-16T13:47:16.715Z).
2024-04-16 13:47:13,816 [om1-SecretKeyPoller] INFO  symmetric.DefaultSecretKeySignerClient (DefaultSecretKeySignerClient.java:checkAndRefresh(167)) - New secret key fetched from SCM: SecretKey(id = f55bc8a7-f77f-4905-9015-ab111d6f7ca5, creation at: 2024-04-16T13:47:13.715Z, expire at: 2024-04-16T13:47:16.715Z).
2024-04-16 13:47:13,901 [IPC Server handler 26 on default port 15004] INFO  net.NetworkTopologyImpl (NetworkTopologyImpl.java:add(134)) - Added a new node: /default-rack/db959189-86db-424f-9228-dcd46ac5d3ef
2024-04-16 13:47:13,904 [IPC Server handler 4 on default port 15012] INFO  net.NetworkTopologyImpl (NetworkTopologyImpl.java:add(134)) - Added a new node: /default-rack/db959189-86db-424f-9228-dcd46ac5d3ef
2024-04-16 13:47:13,905 [IPC Server handler 1 on default port 15020] INFO  net.NetworkTopologyImpl (NetworkTopologyImpl.java:add(134)) - Added a new node: /default-rack/db959189-86db-424f-9228-dcd46ac5d3ef
2024-04-16 13:47:13,906 [IPC Server handler 4 on default port 15012] INFO  node.SCMNodeManager (SCMNodeManager.java:register(421)) - Registered datanode: db959189-86db-424f-9228-dcd46ac5d3ef{ip: 10.1.0.24, host: fv-az1428-817.utppd1leec2uvmgjoennxb5ynh.ex.internal.cloudapp.net, ports: [HTTP=15041, CLIENT_RPC=15042, REPLICATION=15048, RATIS=15044, RATIS_ADMIN=15045, RATIS_SERVER=15046, RATIS_DATASTREAM=15047, STANDALONE=15043], networkLocation: /default-rack, certSerialId: 6, persistedOpState: null, persistedOpStateExpiryEpochSec: 0}
2024-04-16 13:47:13,908 [IPC Server handler 26 on default port 15004] INFO  node.SCMNodeManager (SCMNodeManager.java:register(421)) - Registered datanode: db959189-86db-424f-9228-dcd46ac5d3ef{ip: 10.1.0.24, host: fv-az1428-817.utppd1leec2uvmgjoennxb5ynh.ex.internal.cloudapp.net, ports: [HTTP=15041, CLIENT_RPC=15042, REPLICATION=15048, RATIS=15044, RATIS_ADMIN=15045, RATIS_SERVER=15046, RATIS_DATASTREAM=15047, STANDALONE=15043], networkLocation: /default-rack, certSerialId: 6, persistedOpState: null, persistedOpStateExpiryEpochSec: 0}
2024-04-16 13:47:13,908 [IPC Server handler 1 on default port 15020] INFO  node.SCMNodeManager (SCMNodeManager.java:register(421)) - Registered datanode: db959189-86db-424f-9228-dcd46ac5d3ef{ip: 10.1.0.24, host: fv-az1428-817.utppd1leec2uvmgjoennxb5ynh.ex.internal.cloudapp.net, ports: [HTTP=15041, CLIENT_RPC=15042, REPLICATION=15048, RATIS=15044, RATIS_ADMIN=15045, RATIS_SERVER=15046, RATIS_DATASTREAM=15047, STANDALONE=15043], networkLocation: /default-rack, certSerialId: 6, persistedOpState: null, persistedOpStateExpiryEpochSec: 0}
2024-04-16 13:47:13,920 [scmNode-1-EventQueue-NewNodeForNewNodeHandler] INFO  pipeline.BackgroundPipelineCreator (BackgroundPipelineCreator.java:notifyEventTriggered(280)) - trigger a one-shot run on scmNode-1-RatisPipelineUtilsThread.
2024-04-16 13:47:13,921 [scmNode-2-EventQueue-NewNodeForNewNodeHandler] INFO  pipeline.BackgroundPipelineCreator (BackgroundPipelineCreator.java:notifyEventTriggered(273)) - ignore, not leader SCM.
2024-04-16 13:47:13,923 [scmNode-3-EventQueue-NodeRegistrationContainerReportForDataNodeSafeModeRule] INFO  safemode.SCMSafeModeManager (DataNodeSafeModeRule.java:process(71)) - SCM in safe mode. 1 DataNodes registered, 3 required.
2024-04-16 13:47:13,921 [scmNode-3-EventQueue-NewNodeForNewNodeHandler] INFO  pipeline.BackgroundPipelineCreator (BackgroundPipelineCreator.java:notifyEventTriggered(273)) - ignore, not leader SCM.
2024-04-16 13:47:13,923 [scmNode-2-EventQueue-NodeRegistrationContainerReportForDataNodeSafeModeRule] INFO  safemode.SCMSafeModeManager (DataNodeSafeModeRule.java:process(71)) - SCM in safe mode. 1 DataNodes registered, 3 required.
2024-04-16 13:47:13,932 [scmNode-1-EventQueue-NodeRegistrationContainerReportForDataNodeSafeModeRule] INFO  safemode.SCMSafeModeManager (DataNodeSafeModeRule.java:process(71)) - SCM in safe mode. 1 DataNodes registered, 3 required.
2024-04-16 13:47:13,941 [scmNode-1-RatisPipelineUtilsThread-0] INFO  pipeline.RatisPipelineProvider (RatisPipelineProvider.java:lambda$create$0(205)) - Sending CreatePipelineCommand for pipeline:PipelineID=0c6e1245-9286-4869-9b35-97a64e7f1044 to datanode:db959189-86db-424f-9228-dcd46ac5d3ef
2024-04-16 13:47:13,952 [8dded7e3-77f4-42cf-91f8-4014f88a5819@group-298AC6C8687B-StateMachineUpdater] INFO  safemode.HealthyPipelineSafeModeRule (HealthyPipelineSafeModeRule.java:initializeRule(172)) - Refreshed total pipeline count is 0, healthy pipeline threshold count is 1
2024-04-16 13:47:13,952 [e74c9e3a-193e-4dbb-b5f5-b6805398d140@group-298AC6C8687B-StateMachineUpdater] INFO  safemode.HealthyPipelineSafeModeRule (HealthyPipelineSafeModeRule.java:initializeRule(172)) - Refreshed total pipeline count is 0, healthy pipeline threshold count is 1
2024-04-16 13:47:13,954 [692eadad-ad12-4257-a6c9-255a711e16c4@group-298AC6C8687B-StateMachineUpdater] INFO  safemode.HealthyPipelineSafeModeRule (HealthyPipelineSafeModeRule.java:initializeRule(172)) - Refreshed total pipeline count is 0, healthy pipeline threshold count is 1
2024-04-16 13:47:13,957 [scmNode-1-RatisPipelineUtilsThread-0] INFO  pipeline.BackgroundPipelineCreator (BackgroundPipelineCreator.java:createPipelines(236)) - Created new pipeline Pipeline[ Id: 0c6e1245-9286-4869-9b35-97a64e7f1044, Nodes: db959189-86db-424f-9228-dcd46ac5d3ef(fv-az1428-817.utppd1leec2uvmgjoennxb5ynh.ex.internal.cloudapp.net/10.1.0.24), ReplicationConfig: RATIS/ONE, State:ALLOCATED, leaderId:, CreationTimestamp2024-04-16T13:47:13.940Z[Etc/UTC]]
2024-04-16 13:47:14,276 [IPC Server handler 9 on default port 15012] INFO  net.NetworkTopologyImpl (NetworkTopologyImpl.java:add(134)) - Added a new node: /default-rack/88d255ec-0e94-4950-ab45-ac807e327f1f
2024-04-16 13:47:14,276 [IPC Server handler 3 on default port 15020] INFO  net.NetworkTopologyImpl (NetworkTopologyImpl.java:add(134)) - Added a new node: /default-rack/88d255ec-0e94-4950-ab45-ac807e327f1f
2024-04-16 13:47:14,276 [IPC Server handler 27 on default port 15004] INFO  net.NetworkTopologyImpl (NetworkTopologyImpl.java:add(134)) - Added a new node: /default-rack/88d255ec-0e94-4950-ab45-ac807e327f1f
2024-04-16 13:47:14,277 [IPC Server handler 3 on default port 15020] INFO  node.SCMNodeManager (SCMNodeManager.java:register(421)) - Registered datanode: 88d255ec-0e94-4950-ab45-ac807e327f1f{ip: 10.1.0.24, host: fv-az1428-817.utppd1leec2uvmgjoennxb5ynh.ex.internal.cloudapp.net, ports: [HTTP=15050, CLIENT_RPC=15051, REPLICATION=15057, RATIS=15053, RATIS_ADMIN=15054, RATIS_SERVER=15055, RATIS_DATASTREAM=15056, STANDALONE=15052], networkLocation: /default-rack, certSerialId: 7, persistedOpState: null, persistedOpStateExpiryEpochSec: 0}
2024-04-16 13:47:14,277 [IPC Server handler 9 on default port 15012] INFO  node.SCMNodeManager (SCMNodeManager.java:register(421)) - Registered datanode: 88d255ec-0e94-4950-ab45-ac807e327f1f{ip: 10.1.0.24, host: fv-az1428-817.utppd1leec2uvmgjoennxb5ynh.ex.internal.cloudapp.net, ports: [HTTP=15050, CLIENT_RPC=15051, REPLICATION=15057, RATIS=15053, RATIS_ADMIN=15054, RATIS_SERVER=15055, RATIS_DATASTREAM=15056, STANDALONE=15052], networkLocation: /default-rack, certSerialId: 7, persistedOpState: null, persistedOpStateExpiryEpochSec: 0}
2024-04-16 13:47:14,278 [scmNode-3-EventQueue-NodeRegistrationContainerReportForDataNodeSafeModeRule] INFO  safemode.SCMSafeModeManager (DataNodeSafeModeRule.java:process(71)) - SCM in safe mode. 2 DataNodes registered, 3 required.
2024-04-16 13:47:14,277 [IPC Server handler 27 on default port 15004] INFO  node.SCMNodeManager (SCMNodeManager.java:register(421)) - Registered datanode: 88d255ec-0e94-4950-ab45-ac807e327f1f{ip: 10.1.0.24, host: fv-az1428-817.utppd1leec2uvmgjoennxb5ynh.ex.internal.cloudapp.net, ports: [HTTP=15050, CLIENT_RPC=15051, REPLICATION=15057, RATIS=15053, RATIS_ADMIN=15054, RATIS_SERVER=15055, RATIS_DATASTREAM=15056, STANDALONE=15052], networkLocation: /default-rack, certSerialId: 7, persistedOpState: null, persistedOpStateExpiryEpochSec: 0}
2024-04-16 13:47:14,280 [scmNode-2-EventQueue-NodeRegistrationContainerReportForDataNodeSafeModeRule] INFO  safemode.SCMSafeModeManager (DataNodeSafeModeRule.java:process(71)) - SCM in safe mode. 2 DataNodes registered, 3 required.
2024-04-16 13:47:14,283 [scmNode-1-EventQueue-NewNodeForNewNodeHandler] INFO  pipeline.BackgroundPipelineCreator (BackgroundPipelineCreator.java:notifyEventTriggered(280)) - trigger a one-shot run on scmNode-1-RatisPipelineUtilsThread.
2024-04-16 13:47:14,282 [scmNode-2-EventQueue-NewNodeForNewNodeHandler] INFO  pipeline.BackgroundPipelineCreator (BackgroundPipelineCreator.java:notifyEventTriggered(273)) - ignore, not leader SCM.
2024-04-16 13:47:14,283 [scmNode-1-RatisPipelineUtilsThread-0] INFO  pipeline.RatisPipelineProvider (RatisPipelineProvider.java:lambda$create$0(205)) - Sending CreatePipelineCommand for pipeline:PipelineID=64026b80-5b47-4e57-bd68-e0749f99cae6 to datanode:88d255ec-0e94-4950-ab45-ac807e327f1f
2024-04-16 13:47:14,283 [scmNode-3-EventQueue-NewNodeForNewNodeHandler] INFO  pipeline.BackgroundPipelineCreator (BackgroundPipelineCreator.java:notifyEventTriggered(273)) - ignore, not leader SCM.
2024-04-16 13:47:14,282 [scmNode-1-EventQueue-NodeRegistrationContainerReportForDataNodeSafeModeRule] INFO  safemode.SCMSafeModeManager (DataNodeSafeModeRule.java:process(71)) - SCM in safe mode. 2 DataNodes registered, 3 required.
2024-04-16 13:47:14,288 [8dded7e3-77f4-42cf-91f8-4014f88a5819@group-298AC6C8687B-StateMachineUpdater] INFO  safemode.HealthyPipelineSafeModeRule (HealthyPipelineSafeModeRule.java:initializeRule(172)) - Refreshed total pipeline count is 0, healthy pipeline threshold count is 1
2024-04-16 13:47:14,289 [692eadad-ad12-4257-a6c9-255a711e16c4@group-298AC6C8687B-StateMachineUpdater] INFO  safemode.HealthyPipelineSafeModeRule (HealthyPipelineSafeModeRule.java:initializeRule(172)) - Refreshed total pipeline count is 0, healthy pipeline threshold count is 1
2024-04-16 13:47:14,291 [scmNode-1-RatisPipelineUtilsThread-0] INFO  pipeline.BackgroundPipelineCreator (BackgroundPipelineCreator.java:createPipelines(236)) - Created new pipeline Pipeline[ Id: 64026b80-5b47-4e57-bd68-e0749f99cae6, Nodes: 88d255ec-0e94-4950-ab45-ac807e327f1f(fv-az1428-817.utppd1leec2uvmgjoennxb5ynh.ex.internal.cloudapp.net/10.1.0.24), ReplicationConfig: RATIS/ONE, State:ALLOCATED, leaderId:, CreationTimestamp2024-04-16T13:47:14.283Z[Etc/UTC]]
2024-04-16 13:47:14,293 [e74c9e3a-193e-4dbb-b5f5-b6805398d140@group-298AC6C8687B-StateMachineUpdater] INFO  safemode.HealthyPipelineSafeModeRule (HealthyPipelineSafeModeRule.java:initializeRule(172)) - Refreshed total pipeline count is 0, healthy pipeline threshold count is 1
2024-04-16 13:47:14,705 [main] INFO  ozone.MiniOzoneClusterImpl (MiniOzoneClusterImpl.java:lambda$waitForClusterToBeReady$0(194)) - Waiting for nodes to be ready. Got 2 of 3 DN Heartbeats.
2024-04-16 13:47:14,705 [main] INFO  ozone.MiniOzoneClusterImpl (MiniOzoneClusterImpl.java:lambda$waitForClusterToBeReady$0(197)) - Waiting for cluster to exit safe mode
2024-04-16 13:47:14,705 [IPC Server handler 28 on default port 15004] INFO  net.NetworkTopologyImpl (NetworkTopologyImpl.java:add(134)) - Added a new node: /default-rack/590e72f5-e0a8-4a6b-9708-265ca50c2b50
2024-04-16 13:47:14,706 [IPC Server handler 28 on default port 15004] INFO  node.SCMNodeManager (SCMNodeManager.java:register(421)) - Registered datanode: 590e72f5-e0a8-4a6b-9708-265ca50c2b50{ip: 10.1.0.24, host: fv-az1428-817.utppd1leec2uvmgjoennxb5ynh.ex.internal.cloudapp.net, ports: [HTTP=15059, CLIENT_RPC=15060, REPLICATION=15066, RATIS=15062, RATIS_ADMIN=15063, RATIS_SERVER=15064, RATIS_DATASTREAM=15065, STANDALONE=15061], networkLocation: /default-rack, certSerialId: 8, persistedOpState: null, persistedOpStateExpiryEpochSec: 0}
2024-04-16 13:47:14,706 [scmNode-1-EventQueue-NewNodeForNewNodeHandler] INFO  pipeline.BackgroundPipelineCreator (BackgroundPipelineCreator.java:notifyEventTriggered(280)) - trigger a one-shot run on scmNode-1-RatisPipelineUtilsThread.
2024-04-16 13:47:14,705 [IPC Server handler 0 on default port 15020] INFO  net.NetworkTopologyImpl (NetworkTopologyImpl.java:add(134)) - Added a new node: /default-rack/590e72f5-e0a8-4a6b-9708-265ca50c2b50
2024-04-16 13:47:14,708 [scmNode-1-RatisPipelineUtilsThread-0] INFO  pipeline.RatisPipelineProvider (RatisPipelineProvider.java:lambda$create$0(205)) - Sending CreatePipelineCommand for pipeline:PipelineID=169aeb86-d283-4a13-b667-0e048453a2bf to datanode:590e72f5-e0a8-4a6b-9708-265ca50c2b50
2024-04-16 13:47:14,708 [IPC Server handler 0 on default port 15020] INFO  node.SCMNodeManager (SCMNodeManager.java:register(421)) - Registered datanode: 590e72f5-e0a8-4a6b-9708-265ca50c2b50{ip: 10.1.0.24, host: fv-az1428-817.utppd1leec2uvmgjoennxb5ynh.ex.internal.cloudapp.net, ports: [HTTP=15059, CLIENT_RPC=15060, REPLICATION=15066, RATIS=15062, RATIS_ADMIN=15063, RATIS_SERVER=15064, RATIS_DATASTREAM=15065, STANDALONE=15061], networkLocation: /default-rack, certSerialId: 8, persistedOpState: null, persistedOpStateExpiryEpochSec: 0}
2024-04-16 13:47:14,708 [scmNode-3-EventQueue-NewNodeForNewNodeHandler] INFO  pipeline.BackgroundPipelineCreator (BackgroundPipelineCreator.java:notifyEventTriggered(273)) - ignore, not leader SCM.
2024-04-16 13:47:14,705 [main] INFO  ozone.MiniOzoneClusterImpl (MiniOzoneClusterImpl.java:lambda$waitForClusterToBeReady$0(199)) - SCM became leader
2024-04-16 13:47:14,709 [scmNode-3-EventQueue-NodeRegistrationContainerReportForDataNodeSafeModeRule] INFO  safemode.SCMSafeModeManager (DataNodeSafeModeRule.java:process(71)) - SCM in safe mode. 3 DataNodes registered, 3 required.
2024-04-16 13:47:14,710 [scmNode-3-EventQueue-NodeRegistrationContainerReportForDataNodeSafeModeRule] INFO  safemode.SCMSafeModeManager (SCMSafeModeManager.java:validateSafeModeExitRules(200)) - DataNodeSafeModeRule rule is successfully validated
2024-04-16 13:47:14,710 [scmNode-3-EventQueue-NodeRegistrationContainerReportForDataNodeSafeModeRule] INFO  safemode.SCMSafeModeManager (SCMSafeModeManager.java:completePreCheck(229)) - All SCM safe mode pre check rules have passed
2024-04-16 13:47:14,710 [scmNode-3-EventQueue-NodeRegistrationContainerReportForDataNodeSafeModeRule] INFO  ha.SCMContext (SCMContext.java:updateSafeModeStatus(225)) - Update SafeModeStatus from SafeModeStatus{safeModeStatus=true, preCheckPassed=false} to SafeModeStatus{safeModeStatus=true, preCheckPassed=true}.
2024-04-16 13:47:14,711 [scmNode-3-EventQueue-NodeRegistrationContainerReportForDataNodeSafeModeRule] INFO  pipeline.BackgroundPipelineCreator (BackgroundPipelineCreator.java:notifyEventTriggered(273)) - ignore, not leader SCM.
2024-04-16 13:47:14,707 [scmNode-1-EventQueue-NodeRegistrationContainerReportForDataNodeSafeModeRule] INFO  safemode.SCMSafeModeManager (DataNodeSafeModeRule.java:process(71)) - SCM in safe mode. 3 DataNodes registered, 3 required.
2024-04-16 13:47:14,711 [scmNode-1-EventQueue-NodeRegistrationContainerReportForDataNodeSafeModeRule] INFO  safemode.SCMSafeModeManager (SCMSafeModeManager.java:validateSafeModeExitRules(200)) - DataNodeSafeModeRule rule is successfully validated
2024-04-16 13:47:14,711 [scmNode-1-EventQueue-NodeRegistrationContainerReportForDataNodeSafeModeRule] INFO  safemode.SCMSafeModeManager (SCMSafeModeManager.java:completePreCheck(229)) - All SCM safe mode pre check rules have passed
2024-04-16 13:47:14,711 [scmNode-1-EventQueue-NodeRegistrationContainerReportForDataNodeSafeModeRule] INFO  ha.SCMContext (SCMContext.java:updateSafeModeStatus(225)) - Update SafeModeStatus from SafeModeStatus{safeModeStatus=true, preCheckPassed=false} to SafeModeStatus{safeModeStatus=true, preCheckPassed=true}.
2024-04-16 13:47:14,711 [scmNode-1-EventQueue-NodeRegistrationContainerReportForDataNodeSafeModeRule] INFO  pipeline.BackgroundPipelineCreator (BackgroundPipelineCreator.java:notifyEventTriggered(280)) - trigger a one-shot run on scmNode-1-RatisPipelineUtilsThread.
2024-04-16 13:47:14,706 [IPC Server handler 2 on default port 15012] INFO  net.NetworkTopologyImpl (NetworkTopologyImpl.java:add(134)) - Added a new node: /default-rack/590e72f5-e0a8-4a6b-9708-265ca50c2b50
2024-04-16 13:47:14,711 [IPC Server handler 2 on default port 15012] INFO  node.SCMNodeManager (SCMNodeManager.java:register(421)) - Registered datanode: 590e72f5-e0a8-4a6b-9708-265ca50c2b50{ip: 10.1.0.24, host: fv-az1428-817.utppd1leec2uvmgjoennxb5ynh.ex.internal.cloudapp.net, ports: [HTTP=15059, CLIENT_RPC=15060, REPLICATION=15066, RATIS=15062, RATIS_ADMIN=15063, RATIS_SERVER=15064, RATIS_DATASTREAM=15065, STANDALONE=15061], networkLocation: /default-rack, certSerialId: 8, persistedOpState: null, persistedOpStateExpiryEpochSec: 0}
2024-04-16 13:47:14,712 [scmNode-2-EventQueue-NewNodeForNewNodeHandler] INFO  pipeline.BackgroundPipelineCreator (BackgroundPipelineCreator.java:notifyEventTriggered(273)) - ignore, not leader SCM.
2024-04-16 13:47:14,714 [scmNode-2-EventQueue-NodeRegistrationContainerReportForDataNodeSafeModeRule] INFO  safemode.SCMSafeModeManager (DataNodeSafeModeRule.java:process(71)) - SCM in safe mode. 3 DataNodes registered, 3 required.
2024-04-16 13:47:14,714 [scmNode-2-EventQueue-NodeRegistrationContainerReportForDataNodeSafeModeRule] INFO  safemode.SCMSafeModeManager (SCMSafeModeManager.java:validateSafeModeExitRules(200)) - DataNodeSafeModeRule rule is successfully validated
2024-04-16 13:47:14,715 [scmNode-2-EventQueue-NodeRegistrationContainerReportForDataNodeSafeModeRule] INFO  safemode.SCMSafeModeManager (SCMSafeModeManager.java:completePreCheck(229)) - All SCM safe mode pre check rules have passed
2024-04-16 13:47:14,715 [scmNode-2-EventQueue-NodeRegistrationContainerReportForDataNodeSafeModeRule] INFO  ha.SCMContext (SCMContext.java:updateSafeModeStatus(225)) - Update SafeModeStatus from SafeModeStatus{safeModeStatus=true, preCheckPassed=false} to SafeModeStatus{safeModeStatus=true, preCheckPassed=true}.
2024-04-16 13:47:14,715 [scmNode-2-EventQueue-NodeRegistrationContainerReportForDataNodeSafeModeRule] INFO  pipeline.BackgroundPipelineCreator (BackgroundPipelineCreator.java:notifyEventTriggered(273)) - ignore, not leader SCM.
2024-04-16 13:47:14,715 [scmNode-1-SecretKeyManagerService] INFO  symmetric.SecretKeyManager (SecretKeyManager.java:checkAndRotate(125)) - SecretKey rotation is happening, new key generated SecretKey(id = 3171056e-4853-4c0c-b040-9e1fa0b74bc3, creation at: 2024-04-16T13:47:14.715Z, expire at: 2024-04-16T13:47:17.715Z)
2024-04-16 13:47:14,719 [8dded7e3-77f4-42cf-91f8-4014f88a5819@group-298AC6C8687B-StateMachineUpdater] INFO  safemode.HealthyPipelineSafeModeRule (HealthyPipelineSafeModeRule.java:initializeRule(172)) - Refreshed total pipeline count is 0, healthy pipeline threshold count is 1
2024-04-16 13:47:14,719 [scmNode-1-RatisPipelineUtilsThread-0] INFO  pipeline.BackgroundPipelineCreator (BackgroundPipelineCreator.java:createPipelines(236)) - Created new pipeline Pipeline[ Id: 169aeb86-d283-4a13-b667-0e048453a2bf, Nodes: 590e72f5-e0a8-4a6b-9708-265ca50c2b50(fv-az1428-817.utppd1leec2uvmgjoennxb5ynh.ex.internal.cloudapp.net/10.1.0.24), ReplicationConfig: RATIS/ONE, State:ALLOCATED, leaderId:, CreationTimestamp2024-04-16T13:47:14.708Z[Etc/UTC]]
2024-04-16 13:47:14,720 [8dded7e3-77f4-42cf-91f8-4014f88a5819@group-298AC6C8687B-StateMachineUpdater] INFO  symmetric.SecretKeyStateImpl (SecretKeyStateImpl.java:updateKeysInternal(113)) - Updating keys with [SecretKey(id = f55bc8a7-f77f-4905-9015-ab111d6f7ca5, creation at: 2024-04-16T13:47:13.715Z, expire at: 2024-04-16T13:47:16.715Z), SecretKey(id = db7db4a2-8c74-41fc-9feb-66e25f1e1302, creation at: 2024-04-16T13:47:12.715Z, expire at: 2024-04-16T13:47:15.715Z), SecretKey(id = 91f4e930-5362-49eb-9c88-203d0a3cc725, creation at: 2024-04-16T13:47:11.715Z, expire at: 2024-04-16T13:47:14.715Z), SecretKey(id = 3171056e-4853-4c0c-b040-9e1fa0b74bc3, creation at: 2024-04-16T13:47:14.715Z, expire at: 2024-04-16T13:47:17.715Z)]
2024-04-16 13:47:14,720 [8dded7e3-77f4-42cf-91f8-4014f88a5819@group-298AC6C8687B-StateMachineUpdater] INFO  symmetric.SecretKeyStateImpl (SecretKeyStateImpl.java:updateKeysInternal(128)) - Current key updated SecretKey(id = 3171056e-4853-4c0c-b040-9e1fa0b74bc3, creation at: 2024-04-16T13:47:14.715Z, expire at: 2024-04-16T13:47:17.715Z)
2024-04-16 13:47:14,721 [8dded7e3-77f4-42cf-91f8-4014f88a5819@group-298AC6C8687B-StateMachineUpdater] INFO  symmetric.LocalSecretKeyStore (LocalSecretKeyStore.java:save(109)) - Saved [SecretKey(id = 3171056e-4853-4c0c-b040-9e1fa0b74bc3, creation at: 2024-04-16T13:47:14.715Z, expire at: 2024-04-16T13:47:17.715Z), SecretKey(id = f55bc8a7-f77f-4905-9015-ab111d6f7ca5, creation at: 2024-04-16T13:47:13.715Z, expire at: 2024-04-16T13:47:16.715Z), SecretKey(id = db7db4a2-8c74-41fc-9feb-66e25f1e1302, creation at: 2024-04-16T13:47:12.715Z, expire at: 2024-04-16T13:47:15.715Z), SecretKey(id = 91f4e930-5362-49eb-9c88-203d0a3cc725, creation at: 2024-04-16T13:47:11.715Z, expire at: 2024-04-16T13:47:14.715Z)] to file /home/runner/work/ozone/ozone/hadoop-ozone/integration-test/target/test-dir/MiniOzoneClusterImpl-f0f26617-5c27-4371-b446-298ac6c8687b/scmNode-1/scm/keys/secret_keys.json
2024-04-16 13:47:14,721 [8dded7e3-77f4-42cf-91f8-4014f88a5819@group-298AC6C8687B-StateMachineUpdater] INFO  safemode.HealthyPipelineSafeModeRule (HealthyPipelineSafeModeRule.java:initializeRule(172)) - Refreshed total pipeline count is 0, healthy pipeline threshold count is 1
2024-04-16 13:47:14,723 [e74c9e3a-193e-4dbb-b5f5-b6805398d140@group-298AC6C8687B-StateMachineUpdater] INFO  safemode.HealthyPipelineSafeModeRule (HealthyPipelineSafeModeRule.java:initializeRule(172)) - Refreshed total pipeline count is 0, healthy pipeline threshold count is 1
2024-04-16 13:47:14,725 [692eadad-ad12-4257-a6c9-255a711e16c4@group-298AC6C8687B-StateMachineUpdater] INFO  safemode.HealthyPipelineSafeModeRule (HealthyPipelineSafeModeRule.java:initializeRule(172)) - Refreshed total pipeline count is 0, healthy pipeline threshold count is 1
2024-04-16 13:47:14,726 [e74c9e3a-193e-4dbb-b5f5-b6805398d140@group-298AC6C8687B-StateMachineUpdater] INFO  symmetric.SecretKeyStateImpl (SecretKeyStateImpl.java:updateKeysInternal(113)) - Updating keys with [SecretKey(id = f55bc8a7-f77f-4905-9015-ab111d6f7ca5, creation at: 2024-04-16T13:47:13.715Z, expire at: 2024-04-16T13:47:16.715Z), SecretKey(id = db7db4a2-8c74-41fc-9feb-66e25f1e1302, creation at: 2024-04-16T13:47:12.715Z, expire at: 2024-04-16T13:47:15.715Z), SecretKey(id = 91f4e930-5362-49eb-9c88-203d0a3cc725, creation at: 2024-04-16T13:47:11.715Z, expire at: 2024-04-16T13:47:14.715Z), SecretKey(id = 3171056e-4853-4c0c-b040-9e1fa0b74bc3, creation at: 2024-04-16T13:47:14.715Z, expire at: 2024-04-16T13:47:17.715Z)]
2024-04-16 13:47:14,726 [e74c9e3a-193e-4dbb-b5f5-b6805398d140@group-298AC6C8687B-StateMachineUpdater] INFO  symmetric.SecretKeyStateImpl (SecretKeyStateImpl.java:updateKeysInternal(128)) - Current key updated SecretKey(id = 3171056e-4853-4c0c-b040-9e1fa0b74bc3, creation at: 2024-04-16T13:47:14.715Z, expire at: 2024-04-16T13:47:17.715Z)
2024-04-16 13:47:14,726 [692eadad-ad12-4257-a6c9-255a711e16c4@group-298AC6C8687B-StateMachineUpdater] INFO  symmetric.SecretKeyStateImpl (SecretKeyStateImpl.java:updateKeysInternal(113)) - Updating keys with [SecretKey(id = f55bc8a7-f77f-4905-9015-ab111d6f7ca5, creation at: 2024-04-16T13:47:13.715Z, expire at: 2024-04-16T13:47:16.715Z), SecretKey(id = db7db4a2-8c74-41fc-9feb-66e25f1e1302, creation at: 2024-04-16T13:47:12.715Z, expire at: 2024-04-16T13:47:15.715Z), SecretKey(id = 91f4e930-5362-49eb-9c88-203d0a3cc725, creation at: 2024-04-16T13:47:11.715Z, expire at: 2024-04-16T13:47:14.715Z), SecretKey(id = 3171056e-4853-4c0c-b040-9e1fa0b74bc3, creation at: 2024-04-16T13:47:14.715Z, expire at: 2024-04-16T13:47:17.715Z)]
2024-04-16 13:47:14,726 [692eadad-ad12-4257-a6c9-255a711e16c4@group-298AC6C8687B-StateMachineUpdater] INFO  symmetric.SecretKeyStateImpl (SecretKeyStateImpl.java:updateKeysInternal(128)) - Current key updated SecretKey(id = 3171056e-4853-4c0c-b040-9e1fa0b74bc3, creation at: 2024-04-16T13:47:14.715Z, expire at: 2024-04-16T13:47:17.715Z)
2024-04-16 13:47:14,726 [e74c9e3a-193e-4dbb-b5f5-b6805398d140@group-298AC6C8687B-StateMachineUpdater] INFO  symmetric.LocalSecretKeyStore (LocalSecretKeyStore.java:save(109)) - Saved [SecretKey(id = 3171056e-4853-4c0c-b040-9e1fa0b74bc3, creation at: 2024-04-16T13:47:14.715Z, expire at: 2024-04-16T13:47:17.715Z), SecretKey(id = f55bc8a7-f77f-4905-9015-ab111d6f7ca5, creation at: 2024-04-16T13:47:13.715Z, expire at: 2024-04-16T13:47:16.715Z), SecretKey(id = db7db4a2-8c74-41fc-9feb-66e25f1e1302, creation at: 2024-04-16T13:47:12.715Z, expire at: 2024-04-16T13:47:15.715Z), SecretKey(id = 91f4e930-5362-49eb-9c88-203d0a3cc725, creation at: 2024-04-16T13:47:11.715Z, expire at: 2024-04-16T13:47:14.715Z)] to file /home/runner/work/ozone/ozone/hadoop-ozone/integration-test/target/test-dir/MiniOzoneClusterImpl-f0f26617-5c27-4371-b446-298ac6c8687b/scmNode-2/scm/keys/secret_keys.json
2024-04-16 13:47:14,726 [692eadad-ad12-4257-a6c9-255a711e16c4@group-298AC6C8687B-StateMachineUpdater] INFO  symmetric.LocalSecretKeyStore (LocalSecretKeyStore.java:save(109)) - Saved [SecretKey(id = 3171056e-4853-4c0c-b040-9e1fa0b74bc3, creation at: 2024-04-16T13:47:14.715Z, expire at: 2024-04-16T13:47:17.715Z), SecretKey(id = f55bc8a7-f77f-4905-9015-ab111d6f7ca5, creation at: 2024-04-16T13:47:13.715Z, expire at: 2024-04-16T13:47:16.715Z), SecretKey(id = db7db4a2-8c74-41fc-9feb-66e25f1e1302, creation at: 2024-04-16T13:47:12.715Z, expire at: 2024-04-16T13:47:15.715Z), SecretKey(id = 91f4e930-5362-49eb-9c88-203d0a3cc725, creation at: 2024-04-16T13:47:11.715Z, expire at: 2024-04-16T13:47:14.715Z)] to file /home/runner/work/ozone/ozone/hadoop-ozone/integration-test/target/test-dir/MiniOzoneClusterImpl-f0f26617-5c27-4371-b446-298ac6c8687b/scmNode-3/scm/keys/secret_keys.json
2024-04-16 13:47:14,727 [692eadad-ad12-4257-a6c9-255a711e16c4@group-298AC6C8687B-StateMachineUpdater] INFO  safemode.HealthyPipelineSafeModeRule (HealthyPipelineSafeModeRule.java:initializeRule(172)) - Refreshed total pipeline count is 0, healthy pipeline threshold count is 1
2024-04-16 13:47:14,726 [e74c9e3a-193e-4dbb-b5f5-b6805398d140@group-298AC6C8687B-StateMachineUpdater] INFO  safemode.HealthyPipelineSafeModeRule (HealthyPipelineSafeModeRule.java:initializeRule(172)) - Refreshed total pipeline count is 0, healthy pipeline threshold count is 1
2024-04-16 13:47:14,731 [scmNode-1-RatisPipelineUtilsThread-0] INFO  pipeline.RatisPipelineProvider (RatisPipelineProvider.java:lambda$create$0(205)) - Sending CreatePipelineCommand for pipeline:PipelineID=b82ac6a9-29ab-4c38-a941-181ad1325c26 to datanode:db959189-86db-424f-9228-dcd46ac5d3ef
2024-04-16 13:47:14,731 [scmNode-1-RatisPipelineUtilsThread-0] INFO  pipeline.RatisPipelineProvider (RatisPipelineProvider.java:lambda$create$0(205)) - Sending CreatePipelineCommand for pipeline:PipelineID=b82ac6a9-29ab-4c38-a941-181ad1325c26 to datanode:88d255ec-0e94-4950-ab45-ac807e327f1f
2024-04-16 13:47:14,731 [scmNode-1-RatisPipelineUtilsThread-0] INFO  pipeline.RatisPipelineProvider (RatisPipelineProvider.java:lambda$create$0(205)) - Sending CreatePipelineCommand for pipeline:PipelineID=b82ac6a9-29ab-4c38-a941-181ad1325c26 to datanode:590e72f5-e0a8-4a6b-9708-265ca50c2b50
2024-04-16 13:47:14,738 [8dded7e3-77f4-42cf-91f8-4014f88a5819@group-298AC6C8687B-StateMachineUpdater] INFO  safemode.HealthyPipelineSafeModeRule (HealthyPipelineSafeModeRule.java:initializeRule(172)) - Refreshed total pipeline count is 0, healthy pipeline threshold count is 1
2024-04-16 13:47:14,739 [scmNode-1-RatisPipelineUtilsThread-0] INFO  pipeline.BackgroundPipelineCreator (BackgroundPipelineCreator.java:createPipelines(236)) - Created new pipeline Pipeline[ Id: b82ac6a9-29ab-4c38-a941-181ad1325c26, Nodes: db959189-86db-424f-9228-dcd46ac5d3ef(fv-az1428-817.utppd1leec2uvmgjoennxb5ynh.ex.internal.cloudapp.net/10.1.0.24)88d255ec-0e94-4950-ab45-ac807e327f1f(fv-az1428-817.utppd1leec2uvmgjoennxb5ynh.ex.internal.cloudapp.net/10.1.0.24)590e72f5-e0a8-4a6b-9708-265ca50c2b50(fv-az1428-817.utppd1leec2uvmgjoennxb5ynh.ex.internal.cloudapp.net/10.1.0.24), ReplicationConfig: RATIS/THREE, State:ALLOCATED, leaderId:, CreationTimestamp2024-04-16T13:47:14.731Z[Etc/UTC]]
2024-04-16 13:47:14,739 [e74c9e3a-193e-4dbb-b5f5-b6805398d140@group-298AC6C8687B-StateMachineUpdater] INFO  safemode.HealthyPipelineSafeModeRule (HealthyPipelineSafeModeRule.java:initializeRule(172)) - Refreshed total pipeline count is 0, healthy pipeline threshold count is 1
2024-04-16 13:47:14,740 [scmNode-1-RatisPipelineUtilsThread-0] INFO  pipeline.RatisPipelineProvider (RatisPipelineProvider.java:lambda$create$0(205)) - Sending CreatePipelineCommand for pipeline:PipelineID=1a146aba-1d5e-4ce9-9ab1-d6eba2fac503 to datanode:db959189-86db-424f-9228-dcd46ac5d3ef
2024-04-16 13:47:14,740 [scmNode-1-RatisPipelineUtilsThread-0] INFO  pipeline.RatisPipelineProvider (RatisPipelineProvider.java:lambda$create$0(205)) - Sending CreatePipelineCommand for pipeline:PipelineID=1a146aba-1d5e-4ce9-9ab1-d6eba2fac503 to datanode:590e72f5-e0a8-4a6b-9708-265ca50c2b50
2024-04-16 13:47:14,740 [scmNode-1-RatisPipelineUtilsThread-0] INFO  pipeline.RatisPipelineProvider (RatisPipelineProvider.java:lambda$create$0(205)) - Sending CreatePipelineCommand for pipeline:PipelineID=1a146aba-1d5e-4ce9-9ab1-d6eba2fac503 to datanode:88d255ec-0e94-4950-ab45-ac807e327f1f
2024-04-16 13:47:14,740 [692eadad-ad12-4257-a6c9-255a711e16c4@group-298AC6C8687B-StateMachineUpdater] INFO  safemode.HealthyPipelineSafeModeRule (HealthyPipelineSafeModeRule.java:initializeRule(172)) - Refreshed total pipeline count is 0, healthy pipeline threshold count is 1
2024-04-16 13:47:14,746 [8dded7e3-77f4-42cf-91f8-4014f88a5819@group-298AC6C8687B-StateMachineUpdater] INFO  safemode.HealthyPipelineSafeModeRule (HealthyPipelineSafeModeRule.java:initializeRule(172)) - Refreshed total pipeline count is 0, healthy pipeline threshold count is 1
2024-04-16 13:47:14,746 [692eadad-ad12-4257-a6c9-255a711e16c4@group-298AC6C8687B-StateMachineUpdater] INFO  safemode.HealthyPipelineSafeModeRule (HealthyPipelineSafeModeRule.java:initializeRule(172)) - Refreshed total pipeline count is 0, healthy pipeline threshold count is 1
2024-04-16 13:47:14,747 [e74c9e3a-193e-4dbb-b5f5-b6805398d140@group-298AC6C8687B-StateMachineUpdater] INFO  safemode.HealthyPipelineSafeModeRule (HealthyPipelineSafeModeRule.java:initializeRule(172)) - Refreshed total pipeline count is 0, healthy pipeline threshold count is 1
2024-04-16 13:47:14,747 [scmNode-1-RatisPipelineUtilsThread-0] INFO  pipeline.PipelineManagerImpl (PipelineManagerImpl.java:recordMetricsForPipeline(916)) - Pipeline: PipelineID=1a146aba-1d5e-4ce9-9ab1-d6eba2fac503 contains same datanodes as previous pipelines: PipelineID=b82ac6a9-29ab-4c38-a941-181ad1325c26 nodeIds: db959189-86db-424f-9228-dcd46ac5d3ef, 590e72f5-e0a8-4a6b-9708-265ca50c2b50, 88d255ec-0e94-4950-ab45-ac807e327f1f
2024-04-16 13:47:14,748 [scmNode-1-RatisPipelineUtilsThread-0] INFO  pipeline.BackgroundPipelineCreator (BackgroundPipelineCreator.java:createPipelines(236)) - Created new pipeline Pipeline[ Id: 1a146aba-1d5e-4ce9-9ab1-d6eba2fac503, Nodes: db959189-86db-424f-9228-dcd46ac5d3ef(fv-az1428-817.utppd1leec2uvmgjoennxb5ynh.ex.internal.cloudapp.net/10.1.0.24)590e72f5-e0a8-4a6b-9708-265ca50c2b50(fv-az1428-817.utppd1leec2uvmgjoennxb5ynh.ex.internal.cloudapp.net/10.1.0.24)88d255ec-0e94-4950-ab45-ac807e327f1f(fv-az1428-817.utppd1leec2uvmgjoennxb5ynh.ex.internal.cloudapp.net/10.1.0.24), ReplicationConfig: RATIS/THREE, State:ALLOCATED, leaderId:, CreationTimestamp2024-04-16T13:47:14.740Z[Etc/UTC]]
2024-04-16 13:47:14,816 [SecretKeyPoller] INFO  symmetric.DefaultSecretKeySignerClient (DefaultSecretKeySignerClient.java:checkAndRefresh(167)) - New secret key fetched from SCM: SecretKey(id = 3171056e-4853-4c0c-b040-9e1fa0b74bc3, creation at: 2024-04-16T13:47:14.715Z, expire at: 2024-04-16T13:47:17.715Z).
2024-04-16 13:47:14,817 [SecretKeyPoller] INFO  symmetric.DefaultSecretKeySignerClient (DefaultSecretKeySignerClient.java:checkAndRefresh(167)) - New secret key fetched from SCM: SecretKey(id = 3171056e-4853-4c0c-b040-9e1fa0b74bc3, creation at: 2024-04-16T13:47:14.715Z, expire at: 2024-04-16T13:47:17.715Z).
2024-04-16 13:47:14,816 [SecretKeyPoller] INFO  symmetric.DefaultSecretKeySignerClient (DefaultSecretKeySignerClient.java:checkAndRefresh(167)) - New secret key fetched from SCM: SecretKey(id = 3171056e-4853-4c0c-b040-9e1fa0b74bc3, creation at: 2024-04-16T13:47:14.715Z, expire at: 2024-04-16T13:47:17.715Z).
2024-04-16 13:47:14,817 [om1-SecretKeyPoller] INFO  symmetric.DefaultSecretKeySignerClient (DefaultSecretKeySignerClient.java:checkAndRefresh(167)) - New secret key fetched from SCM: SecretKey(id = 3171056e-4853-4c0c-b040-9e1fa0b74bc3, creation at: 2024-04-16T13:47:14.715Z, expire at: 2024-04-16T13:47:17.715Z).
2024-04-16 13:47:15,773 [scmNode-1-SecretKeyManagerService] INFO  symmetric.SecretKeyManager (SecretKeyManager.java:checkAndRotate(125)) - SecretKey rotation is happening, new key generated SecretKey(id = 4eea6bb9-dbfa-4e06-88cc-5768b6fd017e, creation at: 2024-04-16T13:47:15.772Z, expire at: 2024-04-16T13:47:18.772Z)
2024-04-16 13:47:15,773 [main] INFO  ozone.MiniOzoneClusterImpl (MiniOzoneClusterImpl.java:lambda$waitForClusterToBeReady$0(194)) - Nodes are ready. Got 3 of 3 DN Heartbeats.
2024-04-16 13:47:15,773 [main] INFO  ozone.MiniOzoneClusterImpl (MiniOzoneClusterImpl.java:lambda$waitForClusterToBeReady$0(197)) - Waiting for cluster to exit safe mode
2024-04-16 13:47:15,773 [main] INFO  ozone.MiniOzoneClusterImpl (MiniOzoneClusterImpl.java:lambda$waitForClusterToBeReady$0(199)) - SCM became leader
2024-04-16 13:47:15,782 [e74c9e3a-193e-4dbb-b5f5-b6805398d140@group-298AC6C8687B-StateMachineUpdater] INFO  symmetric.SecretKeyStateImpl (SecretKeyStateImpl.java:updateKeysInternal(113)) - Updating keys with [SecretKey(id = 3171056e-4853-4c0c-b040-9e1fa0b74bc3, creation at: 2024-04-16T13:47:14.715Z, expire at: 2024-04-16T13:47:17.715Z), SecretKey(id = f55bc8a7-f77f-4905-9015-ab111d6f7ca5, creation at: 2024-04-16T13:47:13.715Z, expire at: 2024-04-16T13:47:16.715Z), SecretKey(id = 4eea6bb9-dbfa-4e06-88cc-5768b6fd017e, creation at: 2024-04-16T13:47:15.772Z, expire at: 2024-04-16T13:47:18.772Z)]
2024-04-16 13:47:15,783 [e74c9e3a-193e-4dbb-b5f5-b6805398d140@group-298AC6C8687B-StateMachineUpdater] INFO  symmetric.SecretKeyStateImpl (SecretKeyStateImpl.java:updateKeysInternal(128)) - Current key updated SecretKey(id = 4eea6bb9-dbfa-4e06-88cc-5768b6fd017e, creation at: 2024-04-16T13:47:15.772Z, expire at: 2024-04-16T13:47:18.772Z)
2024-04-16 13:47:15,783 [e74c9e3a-193e-4dbb-b5f5-b6805398d140@group-298AC6C8687B-StateMachineUpdater] INFO  symmetric.LocalSecretKeyStore (LocalSecretKeyStore.java:save(109)) - Saved [SecretKey(id = 4eea6bb9-dbfa-4e06-88cc-5768b6fd017e, creation at: 2024-04-16T13:47:15.772Z, expire at: 2024-04-16T13:47:18.772Z), SecretKey(id = 3171056e-4853-4c0c-b040-9e1fa0b74bc3, creation at: 2024-04-16T13:47:14.715Z, expire at: 2024-04-16T13:47:17.715Z), SecretKey(id = f55bc8a7-f77f-4905-9015-ab111d6f7ca5, creation at: 2024-04-16T13:47:13.715Z, expire at: 2024-04-16T13:47:16.715Z)] to file /home/runner/work/ozone/ozone/hadoop-ozone/integration-test/target/test-dir/MiniOzoneClusterImpl-f0f26617-5c27-4371-b446-298ac6c8687b/scmNode-2/scm/keys/secret_keys.json
2024-04-16 13:47:15,783 [e74c9e3a-193e-4dbb-b5f5-b6805398d140@group-298AC6C8687B-StateMachineUpdater] INFO  safemode.HealthyPipelineSafeModeRule (HealthyPipelineSafeModeRule.java:initializeRule(172)) - Refreshed total pipeline count is 0, healthy pipeline threshold count is 1
2024-04-16 13:47:15,784 [692eadad-ad12-4257-a6c9-255a711e16c4@group-298AC6C8687B-StateMachineUpdater] INFO  symmetric.SecretKeyStateImpl (SecretKeyStateImpl.java:updateKeysInternal(113)) - Updating keys with [SecretKey(id = 3171056e-4853-4c0c-b040-9e1fa0b74bc3, creation at: 2024-04-16T13:47:14.715Z, expire at: 2024-04-16T13:47:17.715Z), SecretKey(id = f55bc8a7-f77f-4905-9015-ab111d6f7ca5, creation at: 2024-04-16T13:47:13.715Z, expire at: 2024-04-16T13:47:16.715Z), SecretKey(id = 4eea6bb9-dbfa-4e06-88cc-5768b6fd017e, creation at: 2024-04-16T13:47:15.772Z, expire at: 2024-04-16T13:47:18.772Z)]
2024-04-16 13:47:15,784 [692eadad-ad12-4257-a6c9-255a711e16c4@group-298AC6C8687B-StateMachineUpdater] INFO  symmetric.SecretKeyStateImpl (SecretKeyStateImpl.java:updateKeysInternal(128)) - Current key updated SecretKey(id = 4eea6bb9-dbfa-4e06-88cc-5768b6fd017e, creation at: 2024-04-16T13:47:15.772Z, expire at: 2024-04-16T13:47:18.772Z)
2024-04-16 13:47:15,784 [8dded7e3-77f4-42cf-91f8-4014f88a5819@group-298AC6C8687B-StateMachineUpdater] INFO  symmetric.SecretKeyStateImpl (SecretKeyStateImpl.java:updateKeysInternal(113)) - Updating keys with [SecretKey(id = 3171056e-4853-4c0c-b040-9e1fa0b74bc3, creation at: 2024-04-16T13:47:14.715Z, expire at: 2024-04-16T13:47:17.715Z), SecretKey(id = f55bc8a7-f77f-4905-9015-ab111d6f7ca5, creation at: 2024-04-16T13:47:13.715Z, expire at: 2024-04-16T13:47:16.715Z), SecretKey(id = 4eea6bb9-dbfa-4e06-88cc-5768b6fd017e, creation at: 2024-04-16T13:47:15.772Z, expire at: 2024-04-16T13:47:18.772Z)]
2024-04-16 13:47:15,784 [692eadad-ad12-4257-a6c9-255a711e16c4@group-298AC6C8687B-StateMachineUpdater] INFO  symmetric.LocalSecretKeyStore (LocalSecretKeyStore.java:save(109)) - Saved [SecretKey(id = 4eea6bb9-dbfa-4e06-88cc-5768b6fd017e, creation at: 2024-04-16T13:47:15.772Z, expire at: 2024-04-16T13:47:18.772Z), SecretKey(id = 3171056e-4853-4c0c-b040-9e1fa0b74bc3, creation at: 2024-04-16T13:47:14.715Z, expire at: 2024-04-16T13:47:17.715Z), SecretKey(id = f55bc8a7-f77f-4905-9015-ab111d6f7ca5, creation at: 2024-04-16T13:47:13.715Z, expire at: 2024-04-16T13:47:16.715Z)] to file /home/runner/work/ozone/ozone/hadoop-ozone/integration-test/target/test-dir/MiniOzoneClusterImpl-f0f26617-5c27-4371-b446-298ac6c8687b/scmNode-3/scm/keys/secret_keys.json
2024-04-16 13:47:15,784 [692eadad-ad12-4257-a6c9-255a711e16c4@group-298AC6C8687B-StateMachineUpdater] INFO  safemode.HealthyPipelineSafeModeRule (HealthyPipelineSafeModeRule.java:initializeRule(172)) - Refreshed total pipeline count is 0, healthy pipeline threshold count is 1
2024-04-16 13:47:15,784 [8dded7e3-77f4-42cf-91f8-4014f88a5819@group-298AC6C8687B-StateMachineUpdater] INFO  symmetric.SecretKeyStateImpl (SecretKeyStateImpl.java:updateKeysInternal(128)) - Current key updated SecretKey(id = 4eea6bb9-dbfa-4e06-88cc-5768b6fd017e, creation at: 2024-04-16T13:47:15.772Z, expire at: 2024-04-16T13:47:18.772Z)
2024-04-16 13:47:15,785 [8dded7e3-77f4-42cf-91f8-4014f88a5819@group-298AC6C8687B-StateMachineUpdater] INFO  symmetric.LocalSecretKeyStore (LocalSecretKeyStore.java:save(109)) - Saved [SecretKey(id = 4eea6bb9-dbfa-4e06-88cc-5768b6fd017e, creation at: 2024-04-16T13:47:15.772Z, expire at: 2024-04-16T13:47:18.772Z), SecretKey(id = 3171056e-4853-4c0c-b040-9e1fa0b74bc3, creation at: 2024-04-16T13:47:14.715Z, expire at: 2024-04-16T13:47:17.715Z), SecretKey(id = f55bc8a7-f77f-4905-9015-ab111d6f7ca5, creation at: 2024-04-16T13:47:13.715Z, expire at: 2024-04-16T13:47:16.715Z)] to file /home/runner/work/ozone/ozone/hadoop-ozone/integration-test/target/test-dir/MiniOzoneClusterImpl-f0f26617-5c27-4371-b446-298ac6c8687b/scmNode-1/scm/keys/secret_keys.json
2024-04-16 13:47:15,785 [8dded7e3-77f4-42cf-91f8-4014f88a5819@group-298AC6C8687B-StateMachineUpdater] INFO  safemode.HealthyPipelineSafeModeRule (HealthyPipelineSafeModeRule.java:initializeRule(172)) - Refreshed total pipeline count is 0, healthy pipeline threshold count is 1
2024-04-16 13:47:15,816 [SecretKeyPoller] INFO  symmetric.DefaultSecretKeySignerClient (DefaultSecretKeySignerClient.java:checkAndRefresh(167)) - New secret key fetched from SCM: SecretKey(id = 4eea6bb9-dbfa-4e06-88cc-5768b6fd017e, creation at: 2024-04-16T13:47:15.772Z, expire at: 2024-04-16T13:47:18.772Z).
2024-04-16 13:47:15,817 [om1-SecretKeyPoller] INFO  symmetric.DefaultSecretKeySignerClient (DefaultSecretKeySignerClient.java:checkAndRefresh(167)) - New secret key fetched from SCM: SecretKey(id = 4eea6bb9-dbfa-4e06-88cc-5768b6fd017e, creation at: 2024-04-16T13:47:15.772Z, expire at: 2024-04-16T13:47:18.772Z).
2024-04-16 13:47:15,817 [SecretKeyPoller] INFO  symmetric.DefaultSecretKeySignerClient (DefaultSecretKeySignerClient.java:checkAndRefresh(167)) - New secret key fetched from SCM: SecretKey(id = 4eea6bb9-dbfa-4e06-88cc-5768b6fd017e, creation at: 2024-04-16T13:47:15.772Z, expire at: 2024-04-16T13:47:18.772Z).
2024-04-16 13:47:15,817 [SecretKeyPoller] INFO  symmetric.DefaultSecretKeySignerClient (DefaultSecretKeySignerClient.java:checkAndRefresh(167)) - New secret key fetched from SCM: SecretKey(id = 4eea6bb9-dbfa-4e06-88cc-5768b6fd017e, creation at: 2024-04-16T13:47:15.772Z, expire at: 2024-04-16T13:47:18.772Z).
2024-04-16 13:47:16,774 [main] INFO  ozone.MiniOzoneClusterImpl (MiniOzoneClusterImpl.java:lambda$waitForClusterToBeReady$0(194)) - Nodes are ready. Got 3 of 3 DN Heartbeats.
2024-04-16 13:47:16,774 [main] INFO  ozone.MiniOzoneClusterImpl (MiniOzoneClusterImpl.java:lambda$waitForClusterToBeReady$0(197)) - Waiting for cluster to exit safe mode
2024-04-16 13:47:16,774 [main] INFO  ozone.MiniOzoneClusterImpl (MiniOzoneClusterImpl.java:lambda$waitForClusterToBeReady$0(199)) - SCM became leader
2024-04-16 13:47:16,815 [scmNode-1-SecretKeyManagerService] INFO  symmetric.SecretKeyManager (SecretKeyManager.java:checkAndRotate(125)) - SecretKey rotation is happening, new key generated SecretKey(id = 86787598-7ab5-438a-93b9-7cb77472953d, creation at: 2024-04-16T13:47:16.815Z, expire at: 2024-04-16T13:47:19.815Z)
2024-04-16 13:47:16,820 [8dded7e3-77f4-42cf-91f8-4014f88a5819@group-298AC6C8687B-StateMachineUpdater] INFO  symmetric.SecretKeyStateImpl (SecretKeyStateImpl.java:updateKeysInternal(113)) - Updating keys with [SecretKey(id = 4eea6bb9-dbfa-4e06-88cc-5768b6fd017e, creation at: 2024-04-16T13:47:15.772Z, expire at: 2024-04-16T13:47:18.772Z), SecretKey(id = 3171056e-4853-4c0c-b040-9e1fa0b74bc3, creation at: 2024-04-16T13:47:14.715Z, expire at: 2024-04-16T13:47:17.715Z), SecretKey(id = 86787598-7ab5-438a-93b9-7cb77472953d, creation at: 2024-04-16T13:47:16.815Z, expire at: 2024-04-16T13:47:19.815Z)]
2024-04-16 13:47:16,820 [8dded7e3-77f4-42cf-91f8-4014f88a5819@group-298AC6C8687B-StateMachineUpdater] INFO  symmetric.SecretKeyStateImpl (SecretKeyStateImpl.java:updateKeysInternal(128)) - Current key updated SecretKey(id = 86787598-7ab5-438a-93b9-7cb77472953d, creation at: 2024-04-16T13:47:16.815Z, expire at: 2024-04-16T13:47:19.815Z)
2024-04-16 13:47:16,821 [8dded7e3-77f4-42cf-91f8-4014f88a5819@group-298AC6C8687B-StateMachineUpdater] INFO  symmetric.LocalSecretKeyStore (LocalSecretKeyStore.java:save(109)) - Saved [SecretKey(id = 86787598-7ab5-438a-93b9-7cb77472953d, creation at: 2024-04-16T13:47:16.815Z, expire at: 2024-04-16T13:47:19.815Z), SecretKey(id = 4eea6bb9-dbfa-4e06-88cc-5768b6fd017e, creation at: 2024-04-16T13:47:15.772Z, expire at: 2024-04-16T13:47:18.772Z), SecretKey(id = 3171056e-4853-4c0c-b040-9e1fa0b74bc3, creation at: 2024-04-16T13:47:14.715Z, expire at: 2024-04-16T13:47:17.715Z)] to file /home/runner/work/ozone/ozone/hadoop-ozone/integration-test/target/test-dir/MiniOzoneClusterImpl-f0f26617-5c27-4371-b446-298ac6c8687b/scmNode-1/scm/keys/secret_keys.json
2024-04-16 13:47:16,821 [8dded7e3-77f4-42cf-91f8-4014f88a5819@group-298AC6C8687B-StateMachineUpdater] INFO  safemode.HealthyPipelineSafeModeRule (HealthyPipelineSafeModeRule.java:initializeRule(172)) - Refreshed total pipeline count is 0, healthy pipeline threshold count is 1
2024-04-16 13:47:16,823 [692eadad-ad12-4257-a6c9-255a711e16c4@group-298AC6C8687B-StateMachineUpdater] INFO  symmetric.SecretKeyStateImpl (SecretKeyStateImpl.java:updateKeysInternal(113)) - Updating keys with [SecretKey(id = 4eea6bb9-dbfa-4e06-88cc-5768b6fd017e, creation at: 2024-04-16T13:47:15.772Z, expire at: 2024-04-16T13:47:18.772Z), SecretKey(id = 3171056e-4853-4c0c-b040-9e1fa0b74bc3, creation at: 2024-04-16T13:47:14.715Z, expire at: 2024-04-16T13:47:17.715Z), SecretKey(id = 86787598-7ab5-438a-93b9-7cb77472953d, creation at: 2024-04-16T13:47:16.815Z, expire at: 2024-04-16T13:47:19.815Z)]
2024-04-16 13:47:16,823 [692eadad-ad12-4257-a6c9-255a711e16c4@group-298AC6C8687B-StateMachineUpdater] INFO  symmetric.SecretKeyStateImpl (SecretKeyStateImpl.java:updateKeysInternal(128)) - Current key updated SecretKey(id = 86787598-7ab5-438a-93b9-7cb77472953d, creation at: 2024-04-16T13:47:16.815Z, expire at: 2024-04-16T13:47:19.815Z)
2024-04-16 13:47:16,823 [e74c9e3a-193e-4dbb-b5f5-b6805398d140@group-298AC6C8687B-StateMachineUpdater] INFO  symmetric.SecretKeyStateImpl (SecretKeyStateImpl.java:updateKeysInternal(113)) - Updating keys with [SecretKey(id = 4eea6bb9-dbfa-4e06-88cc-5768b6fd017e, creation at: 2024-04-16T13:47:15.772Z, expire at: 2024-04-16T13:47:18.772Z), SecretKey(id = 3171056e-4853-4c0c-b040-9e1fa0b74bc3, creation at: 2024-04-16T13:47:14.715Z, expire at: 2024-04-16T13:47:17.715Z), SecretKey(id = 86787598-7ab5-438a-93b9-7cb77472953d, creation at: 2024-04-16T13:47:16.815Z, expire at: 2024-04-16T13:47:19.815Z)]
2024-04-16 13:47:16,823 [e74c9e3a-193e-4dbb-b5f5-b6805398d140@group-298AC6C8687B-StateMachineUpdater] INFO  symmetric.SecretKeyStateImpl (SecretKeyStateImpl.java:updateKeysInternal(128)) - Current key updated SecretKey(id = 86787598-7ab5-438a-93b9-7cb77472953d, creation at: 2024-04-16T13:47:16.815Z, expire at: 2024-04-16T13:47:19.815Z)
2024-04-16 13:47:16,823 [692eadad-ad12-4257-a6c9-255a711e16c4@group-298AC6C8687B-StateMachineUpdater] INFO  symmetric.LocalSecretKeyStore (LocalSecretKeyStore.java:save(109)) - Saved [SecretKey(id = 86787598-7ab5-438a-93b9-7cb77472953d, creation at: 2024-04-16T13:47:16.815Z, expire at: 2024-04-16T13:47:19.815Z), SecretKey(id = 4eea6bb9-dbfa-4e06-88cc-5768b6fd017e, creation at: 2024-04-16T13:47:15.772Z, expire at: 2024-04-16T13:47:18.772Z), SecretKey(id = 3171056e-4853-4c0c-b040-9e1fa0b74bc3, creation at: 2024-04-16T13:47:14.715Z, expire at: 2024-04-16T13:47:17.715Z)] to file /home/runner/work/ozone/ozone/hadoop-ozone/integration-test/target/test-dir/MiniOzoneClusterImpl-f0f26617-5c27-4371-b446-298ac6c8687b/scmNode-3/scm/keys/secret_keys.json
2024-04-16 13:47:16,823 [692eadad-ad12-4257-a6c9-255a711e16c4@group-298AC6C8687B-StateMachineUpdater] INFO  safemode.HealthyPipelineSafeModeRule (HealthyPipelineSafeModeRule.java:initializeRule(172)) - Refreshed total pipeline count is 0, healthy pipeline threshold count is 1
2024-04-16 13:47:16,823 [e74c9e3a-193e-4dbb-b5f5-b6805398d140@group-298AC6C8687B-StateMachineUpdater] INFO  symmetric.LocalSecretKeyStore (LocalSecretKeyStore.java:save(109)) - Saved [SecretKey(id = 86787598-7ab5-438a-93b9-7cb77472953d, creation at: 2024-04-16T13:47:16.815Z, expire at: 2024-04-16T13:47:19.815Z), SecretKey(id = 4eea6bb9-dbfa-4e06-88cc-5768b6fd017e, creation at: 2024-04-16T13:47:15.772Z, expire at: 2024-04-16T13:47:18.772Z), SecretKey(id = 3171056e-4853-4c0c-b040-9e1fa0b74bc3, creation at: 2024-04-16T13:47:14.715Z, expire at: 2024-04-16T13:47:17.715Z)] to file /home/runner/work/ozone/ozone/hadoop-ozone/integration-test/target/test-dir/MiniOzoneClusterImpl-f0f26617-5c27-4371-b446-298ac6c8687b/scmNode-2/scm/keys/secret_keys.json
2024-04-16 13:47:16,824 [e74c9e3a-193e-4dbb-b5f5-b6805398d140@group-298AC6C8687B-StateMachineUpdater] INFO  safemode.HealthyPipelineSafeModeRule (HealthyPipelineSafeModeRule.java:initializeRule(172)) - Refreshed total pipeline count is 0, healthy pipeline threshold count is 1
2024-04-16 13:47:16,888 [db959189-86db-424f-9228-dcd46ac5d3ef-PipelineCommandHandlerThread-0] INFO  server.RaftServer (RaftServerProxy.java:addNew(100)) - db959189-86db-424f-9228-dcd46ac5d3ef: addNew group-97A64E7F1044:[db959189-86db-424f-9228-dcd46ac5d3ef|10.1.0.24:15046] returns group-97A64E7F1044:java.util.concurrent.CompletableFuture@47ebc794[Not completed]
2024-04-16 13:47:16,896 [db959189-86db-424f-9228-dcd46ac5d3ef-groupManagement] INFO  lib.Interns (Interns.java:removeEldestEntry(50)) - Metrics intern cache overflow at 2011 for MetricsSystem={MetricsSystem=MetricsInfoImpl{name=MetricsSystem, description=MetricsSystem}, MetricsSystem record=MetricsInfoImpl{name=MetricsSystem, description=MetricsSystem record}}
2024-04-16 13:47:16,899 [db959189-86db-424f-9228-dcd46ac5d3ef-groupManagement] INFO  server.RaftServer$Division (RaftServerImpl.java:<init>(256)) - db959189-86db-424f-9228-dcd46ac5d3ef: new RaftServerImpl for group-97A64E7F1044:[db959189-86db-424f-9228-dcd46ac5d3ef|10.1.0.24:15046] with ContainerStateMachine:uninitialized
2024-04-16 13:47:16,899 [db959189-86db-424f-9228-dcd46ac5d3ef-groupManagement] INFO  server.RaftServerConfigKeys (ConfUtils.java:logGet(46)) - raft.server.rpc.timeout.min = 5s (custom)
2024-04-16 13:47:16,899 [db959189-86db-424f-9228-dcd46ac5d3ef-groupManagement] INFO  server.RaftServerConfigKeys (ConfUtils.java:logGet(46)) - raft.server.rpc.timeout.max = 5200ms (custom)
2024-04-16 13:47:16,899 [db959189-86db-424f-9228-dcd46ac5d3ef-groupManagement] INFO  server.RaftServerConfigKeys (ConfUtils.java:logGet(46)) - raft.server.rpc.sleep.time = 25ms (default)
2024-04-16 13:47:16,899 [db959189-86db-424f-9228-dcd46ac5d3ef-groupManagement] INFO  server.RaftServerConfigKeys (ConfUtils.java:logGet(46)) - raft.server.rpc.slowness.timeout = 300s (custom)
2024-04-16 13:47:16,899 [db959189-86db-424f-9228-dcd46ac5d3ef-groupManagement] INFO  server.RaftServerConfigKeys (ConfUtils.java:logGet(46)) - raft.server.leaderelection.leader.step-down.wait-time = 10s (default)
2024-04-16 13:47:16,900 [db959189-86db-424f-9228-dcd46ac5d3ef-groupManagement] INFO  server.RaftServerConfigKeys (ConfUtils.java:logGet(46)) - raft.server.leaderelection.member.majority-add = false (default)
2024-04-16 13:47:16,900 [db959189-86db-424f-9228-dcd46ac5d3ef-groupManagement] INFO  server.RaftServerConfigKeys (ConfUtils.java:logGet(46)) - raft.server.sleep.deviation.threshold = 300ms (default)
2024-04-16 13:47:16,900 [db959189-86db-424f-9228-dcd46ac5d3ef-groupManagement] INFO  server.RaftServer$Division (ServerState.java:<init>(113)) - db959189-86db-424f-9228-dcd46ac5d3ef@group-97A64E7F1044: ConfigurationManager, init=-1: peers:[db959189-86db-424f-9228-dcd46ac5d3ef|10.1.0.24:15046]|listeners:[], old=null, confs=<EMPTY_MAP>
2024-04-16 13:47:16,900 [db959189-86db-424f-9228-dcd46ac5d3ef-groupManagement] INFO  server.RaftServerConfigKeys (ConfUtils.java:logGet(46)) - raft.server.notification.no-leader.timeout = 300s (custom)
2024-04-16 13:47:16,900 [db959189-86db-424f-9228-dcd46ac5d3ef-groupManagement] INFO  server.RaftServerConfigKeys (ConfUtils.java:logGet(46)) - raft.server.read.timeout = 10s (default)
2024-04-16 13:47:16,900 [db959189-86db-424f-9228-dcd46ac5d3ef-groupManagement] INFO  server.RaftServerConfigKeys (ConfUtils.java:logGet(46)) - raft.server.retrycache.expirytime = 600000ms (custom)
2024-04-16 13:47:16,900 [db959189-86db-424f-9228-dcd46ac5d3ef-groupManagement] INFO  server.RaftServerConfigKeys (ConfUtils.java:logGet(46)) - raft.server.retrycache.statistics.expirytime = 100ms (default)
2024-04-16 13:47:16,900 [db959189-86db-424f-9228-dcd46ac5d3ef-groupManagement] INFO  server.RaftServerConfigKeys (ConfUtils.java:logGet(46)) - raft.server.read.option = DEFAULT (default)
2024-04-16 13:47:16,900 [db959189-86db-424f-9228-dcd46ac5d3ef-groupManagement] INFO  server.RaftServerConfigKeys (ConfUtils.java:logGet(46)) - raft.server.read.read-after-write-consistent.write-index-cache.expiry-time = 60s (default)
2024-04-16 13:47:16,906 [db959189-86db-424f-9228-dcd46ac5d3ef-groupManagement] INFO  server.RaftServerConfigKeys (ConfUtils.java:logGet(46)) - raft.server.rpc.request.timeout = 60s (custom)
2024-04-16 13:47:16,907 [db959189-86db-424f-9228-dcd46ac5d3ef-groupManagement] INFO  server.RaftServerConfigKeys (ConfUtils.java:logGet(46)) - raft.server.log.appender.install.snapshot.enabled = false (custom)
2024-04-16 13:47:16,907 [db959189-86db-424f-9228-dcd46ac5d3ef-groupManagement] INFO  server.RaftServerConfigKeys (ConfUtils.java:logGet(46)) - raft.server.threadpool.server.cached = true (default)
2024-04-16 13:47:16,907 [db959189-86db-424f-9228-dcd46ac5d3ef-groupManagement] INFO  server.RaftServerConfigKeys (ConfUtils.java:logGet(46)) - raft.server.threadpool.server.size = 0 (default)
2024-04-16 13:47:16,907 [db959189-86db-424f-9228-dcd46ac5d3ef-groupManagement] INFO  server.RaftServerConfigKeys (ConfUtils.java:logGet(46)) - raft.server.threadpool.client.cached = true (default)
2024-04-16 13:47:16,907 [db959189-86db-424f-9228-dcd46ac5d3ef-groupManagement] INFO  server.RaftServerConfigKeys (ConfUtils.java:logGet(46)) - raft.server.threadpool.client.size = 0 (default)
2024-04-16 13:47:16,907 [db959189-86db-424f-9228-dcd46ac5d3ef-groupManagement] INFO  server.RaftServerConfigKeys (ConfUtils.java:logGet(46)) - raft.server.storage.free-space.min = 0MB (=0) (default)
2024-04-16 13:47:16,907 [db959189-86db-424f-9228-dcd46ac5d3ef-groupManagement] INFO  server.RaftServerConfigKeys (ConfUtils.java:logGet(46)) - raft.server.log.corruption.policy = EXCEPTION (default)
2024-04-16 13:47:16,907 [db959189-86db-424f-9228-dcd46ac5d3ef-groupManagement] INFO  server.RaftServerConfigKeys (ConfUtils.java:logGet(46)) - raft.server.storage.dir = [/home/runner/work/ozone/ozone/hadoop-ozone/integration-test/target/test-dir/MiniOzoneClusterImpl-f0f26617-5c27-4371-b446-298ac6c8687b/ozone-meta/datanode-1/ratis] (custom)
2024-04-16 13:47:16,908 [db959189-86db-424f-9228-dcd46ac5d3ef-groupManagement] INFO  storage.RaftStorageDirectory (RaftStorageDirectoryImpl.java:analyzeStorage(138)) - The storage directory /home/runner/work/ozone/ozone/hadoop-ozone/integration-test/target/test-dir/MiniOzoneClusterImpl-f0f26617-5c27-4371-b446-298ac6c8687b/ozone-meta/datanode-1/ratis/0c6e1245-9286-4869-9b35-97a64e7f1044 does not exist. Creating ...
2024-04-16 13:47:16,909 [db959189-86db-424f-9228-dcd46ac5d3ef-groupManagement] INFO  storage.RaftStorageDirectory (RaftStorageDirectoryImpl.java:tryLock(228)) - Lock on /home/runner/work/ozone/ozone/hadoop-ozone/integration-test/target/test-dir/MiniOzoneClusterImpl-f0f26617-5c27-4371-b446-298ac6c8687b/ozone-meta/datanode-1/ratis/0c6e1245-9286-4869-9b35-97a64e7f1044/in_use.lock acquired by nodename 102701@fv-az1428-817
2024-04-16 13:47:16,910 [db959189-86db-424f-9228-dcd46ac5d3ef-groupManagement] INFO  storage.RaftStorage (RaftStorageImpl.java:format(99)) - Storage directory /home/runner/work/ozone/ozone/hadoop-ozone/integration-test/target/test-dir/MiniOzoneClusterImpl-f0f26617-5c27-4371-b446-298ac6c8687b/ozone-meta/datanode-1/ratis/0c6e1245-9286-4869-9b35-97a64e7f1044 has been successfully formatted.
2024-04-16 13:47:16,910 [db959189-86db-424f-9228-dcd46ac5d3ef-groupManagement] WARN  util.FileUtils (LogUtils.java:supplyAndLog(63)) - Failed to Files.newInputStream /home/runner/work/ozone/ozone/hadoop-ozone/integration-test/target/test-dir/MiniOzoneClusterImpl-f0f26617-5c27-4371-b446-298ac6c8687b/ozone-meta/datanode-1/ratis/0c6e1245-9286-4869-9b35-97a64e7f1044/current/raft-meta.conf with options []: java.nio.file.NoSuchFileException: /home/runner/work/ozone/ozone/hadoop-ozone/integration-test/target/test-dir/MiniOzoneClusterImpl-f0f26617-5c27-4371-b446-298ac6c8687b/ozone-meta/datanode-1/ratis/0c6e1245-9286-4869-9b35-97a64e7f1044/current/raft-meta.conf
2024-04-16 13:47:16,913 [db959189-86db-424f-9228-dcd46ac5d3ef-groupManagement] INFO  ratis.ContainerStateMachine (ContainerStateMachine.java:loadSnapshot(287)) - group-97A64E7F1044: The snapshot info is null. Setting the last applied index to:(t:0, i:~)
2024-04-16 13:47:16,914 [db959189-86db-424f-9228-dcd46ac5d3ef-groupManagement] INFO  server.RaftServerConfigKeys (ConfUtils.java:logGet(46)) - raft.server.log.use.memory = false (default)
2024-04-16 13:47:16,916 [db959189-86db-424f-9228-dcd46ac5d3ef-groupManagement] INFO  server.RaftServerConfigKeys (ConfUtils.java:logGet(46)) - raft.server.log.purge.gap = 1000000 (custom)
2024-04-16 13:47:16,916 [db959189-86db-424f-9228-dcd46ac5d3ef-groupManagement] INFO  server.RaftServerConfigKeys (ConfUtils.java:logGet(46)) - raft.server.log.appender.buffer.byte-limit = 8388608 (custom)
2024-04-16 13:47:16,916 [db959189-86db-424f-9228-dcd46ac5d3ef-groupManagement] INFO  server.RaftServerConfigKeys (ConfUtils.java:logGet(46)) - raft.server.log.statemachine.data.read.timeout = 1000ms (default)
2024-04-16 13:47:16,916 [db959189-86db-424f-9228-dcd46ac5d3ef-groupManagement] INFO  server.RaftServerConfigKeys (ConfUtils.java:logGet(46)) - raft.server.log.purge.preservation.log.num = 0 (default)
2024-04-16 13:47:16,916 [SecretKeyPoller] INFO  symmetric.DefaultSecretKeySignerClient (DefaultSecretKeySignerClient.java:checkAndRefresh(167)) - New secret key fetched from SCM: SecretKey(id = 86787598-7ab5-438a-93b9-7cb77472953d, creation at: 2024-04-16T13:47:16.815Z, expire at: 2024-04-16T13:47:19.815Z).
2024-04-16 13:47:16,916 [om1-SecretKeyPoller] INFO  symmetric.DefaultSecretKeySignerClient (DefaultSecretKeySignerClient.java:checkAndRefresh(167)) - New secret key fetched from SCM: SecretKey(id = 86787598-7ab5-438a-93b9-7cb77472953d, creation at: 2024-04-16T13:47:16.815Z, expire at: 2024-04-16T13:47:19.815Z).
2024-04-16 13:47:16,917 [SecretKeyPoller] INFO  symmetric.DefaultSecretKeySignerClient (DefaultSecretKeySignerClient.java:checkAndRefresh(167)) - New secret key fetched from SCM: SecretKey(id = 86787598-7ab5-438a-93b9-7cb77472953d, creation at: 2024-04-16T13:47:16.815Z, expire at: 2024-04-16T13:47:19.815Z).
2024-04-16 13:47:16,918 [db959189-86db-424f-9228-dcd46ac5d3ef-groupManagement] INFO  server.RaftServerConfigKeys (ConfUtils.java:logGet(46)) - raft.server.log.segment.size.max = 67108864 (custom)
2024-04-16 13:47:16,919 [db959189-86db-424f-9228-dcd46ac5d3ef-groupManagement] INFO  server.RaftServerConfigKeys (ConfUtils.java:logGet(46)) - raft.server.log.segment.cache.num.max = 2 (custom)
2024-04-16 13:47:16,919 [db959189-86db-424f-9228-dcd46ac5d3ef-groupManagement] INFO  server.RaftServerConfigKeys (ConfUtils.java:logGet(46)) - raft.server.log.segment.cache.size.max = 200MB (=209715200) (default)
2024-04-16 13:47:16,919 [db959189-86db-424f-9228-dcd46ac5d3ef-groupManagement] INFO  server.RaftServerConfigKeys (ConfUtils.java:logGet(46)) - raft.server.log.appender.buffer.byte-limit = 8388608 (custom)
2024-04-16 13:47:16,919 [db959189-86db-424f-9228-dcd46ac5d3ef-groupManagement] INFO  util.AwaitToRun (AwaitToRun.java:start(81)) - Thread[db959189-86db-424f-9228-dcd46ac5d3ef@group-97A64E7F1044-cacheEviction-AwaitToRun,5,main] started
2024-04-16 13:47:16,919 [db959189-86db-424f-9228-dcd46ac5d3ef-groupManagement] INFO  segmented.SegmentedRaftLogWorker (SegmentedRaftLogWorker.java:<init>(182)) - new db959189-86db-424f-9228-dcd46ac5d3ef@group-97A64E7F1044-SegmentedRaftLogWorker for RaftStorageImpl:Storage Directory /home/runner/work/ozone/ozone/hadoop-ozone/integration-test/target/test-dir/MiniOzoneClusterImpl-f0f26617-5c27-4371-b446-298ac6c8687b/ozone-meta/datanode-1/ratis/0c6e1245-9286-4869-9b35-97a64e7f1044
2024-04-16 13:47:16,919 [db959189-86db-424f-9228-dcd46ac5d3ef-groupManagement] INFO  server.RaftServerConfigKeys (ConfUtils.java:logGet(46)) - raft.server.log.queue.byte-limit = 4294967296 (custom)
2024-04-16 13:47:16,919 [db959189-86db-424f-9228-dcd46ac5d3ef-groupManagement] INFO  server.RaftServerConfigKeys (ConfUtils.java:logGet(46)) - raft.server.log.queue.element-limit = 1024 (custom)
2024-04-16 13:47:16,919 [db959189-86db-424f-9228-dcd46ac5d3ef-groupManagement] INFO  server.RaftServerConfigKeys (ConfUtils.java:logGet(46)) - raft.server.log.segment.size.max = 67108864 (custom)
2024-04-16 13:47:16,919 [db959189-86db-424f-9228-dcd46ac5d3ef-groupManagement] INFO  server.RaftServerConfigKeys (ConfUtils.java:logGet(46)) - raft.server.log.preallocated.size = 4194304 (custom)
2024-04-16 13:47:16,919 [db959189-86db-424f-9228-dcd46ac5d3ef-groupManagement] INFO  server.RaftServerConfigKeys (ConfUtils.java:logGet(46)) - raft.server.log.force.sync.num = 128 (default)
2024-04-16 13:47:16,919 [db959189-86db-424f-9228-dcd46ac5d3ef-groupManagement] INFO  server.RaftServerConfigKeys (ConfUtils.java:logGet(46)) - raft.server.log.statemachine.data.sync = true (default)
2024-04-16 13:47:16,919 [db959189-86db-424f-9228-dcd46ac5d3ef-groupManagement] INFO  server.RaftServerConfigKeys (ConfUtils.java:logGet(46)) - raft.server.log.statemachine.data.sync.timeout = 10s (default)
2024-04-16 13:47:16,919 [db959189-86db-424f-9228-dcd46ac5d3ef-groupManagement] INFO  server.RaftServerConfigKeys (ConfUtils.java:logGet(46)) - raft.server.log.statemachine.data.sync.timeout.retry = 0 (custom)
2024-04-16 13:47:16,920 [db959189-86db-424f-9228-dcd46ac5d3ef-groupManagement] INFO  server.RaftServerConfigKeys (ConfUtils.java:logGet(46)) - raft.server.log.write.buffer.size = 8388616 (custom)
2024-04-16 13:47:16,921 [SecretKeyPoller] INFO  symmetric.DefaultSecretKeySignerClient (DefaultSecretKeySignerClient.java:checkAndRefresh(167)) - New secret key fetched from SCM: SecretKey(id = 86787598-7ab5-438a-93b9-7cb77472953d, creation at: 2024-04-16T13:47:16.815Z, expire at: 2024-04-16T13:47:19.815Z).
2024-04-16 13:47:16,921 [db959189-86db-424f-9228-dcd46ac5d3ef-groupManagement] INFO  server.RaftServerConfigKeys (ConfUtils.java:logGet(46)) - raft.server.log.appender.buffer.byte-limit = 8388608 (custom)
2024-04-16 13:47:16,921 [db959189-86db-424f-9228-dcd46ac5d3ef-groupManagement] INFO  server.RaftServerConfigKeys (ConfUtils.java:logGet(46)) - raft.server.log.unsafe-flush.enabled = false (default)
2024-04-16 13:47:16,921 [db959189-86db-424f-9228-dcd46ac5d3ef-groupManagement] INFO  server.RaftServerConfigKeys (ConfUtils.java:logGet(46)) - raft.server.log.async-flush.enabled = false (default)
2024-04-16 13:47:16,922 [db959189-86db-424f-9228-dcd46ac5d3ef-groupManagement] INFO  server.RaftServerConfigKeys (ConfUtils.java:logGet(46)) - raft.server.log.statemachine.data.caching.enabled = true (custom)
2024-04-16 13:47:16,922 [db959189-86db-424f-9228-dcd46ac5d3ef-groupManagement] INFO  segmented.SegmentedRaftLogWorker (SegmentedRaftLogWorker.java:lambda$new$0(134)) - db959189-86db-424f-9228-dcd46ac5d3ef@group-97A64E7F1044-SegmentedRaftLogWorker: flushIndex: setUnconditionally 0 -> -1
2024-04-16 13:47:16,922 [db959189-86db-424f-9228-dcd46ac5d3ef-groupManagement] INFO  segmented.SegmentedRaftLogWorker (SegmentedRaftLogWorker.java:lambda$new$0(134)) - db959189-86db-424f-9228-dcd46ac5d3ef@group-97A64E7F1044-SegmentedRaftLogWorker: safeCacheEvictIndex: setUnconditionally 0 -> -1
2024-04-16 13:47:16,927 [db959189-86db-424f-9228-dcd46ac5d3ef-groupManagement] INFO  server.RaftServer$Division (RaftServerImpl.java:start(396)) - db959189-86db-424f-9228-dcd46ac5d3ef@group-97A64E7F1044: start as a follower, conf=-1: peers:[db959189-86db-424f-9228-dcd46ac5d3ef|10.1.0.24:15046]|listeners:[], old=null
2024-04-16 13:47:16,928 [db959189-86db-424f-9228-dcd46ac5d3ef-groupManagement] INFO  server.RaftServer$Division (RaftServerImpl.java:setRole(383)) - db959189-86db-424f-9228-dcd46ac5d3ef@group-97A64E7F1044: changes role from      null to FOLLOWER at term 0 for startAsFollower
2024-04-16 13:47:16,928 [db959189-86db-424f-9228-dcd46ac5d3ef-groupManagement] INFO  impl.RoleInfo (RoleInfo.java:updateAndGet(139)) - db959189-86db-424f-9228-dcd46ac5d3ef: start db959189-86db-424f-9228-dcd46ac5d3ef@group-97A64E7F1044-FollowerState
2024-04-16 13:47:16,928 [db959189-86db-424f-9228-dcd46ac5d3ef@group-97A64E7F1044-FollowerState] INFO  server.RaftServerConfigKeys (ConfUtils.java:logFallback(53)) - raft.server.rpc.first-election.timeout.min = 5s (fallback to raft.server.rpc.timeout.min)
2024-04-16 13:47:16,929 [db959189-86db-424f-9228-dcd46ac5d3ef@group-97A64E7F1044-FollowerState] INFO  server.RaftServerConfigKeys (ConfUtils.java:logFallback(53)) - raft.server.rpc.first-election.timeout.max = 5200ms (fallback to raft.server.rpc.timeout.max)
2024-04-16 13:47:16,928 [db959189-86db-424f-9228-dcd46ac5d3ef-groupManagement] INFO  util.JmxRegister (JmxRegister.java:tryRegister(44)) - Successfully registered JMX Bean with object name Ratis:service=RaftServer,group=group-97A64E7F1044,id=db959189-86db-424f-9228-dcd46ac5d3ef
2024-04-16 13:47:16,929 [db959189-86db-424f-9228-dcd46ac5d3ef-groupManagement] INFO  server.RaftServerConfigKeys (ConfUtils.java:logGet(46)) - raft.server.snapshot.trigger-when-stop.enabled = true (default)
2024-04-16 13:47:16,929 [db959189-86db-424f-9228-dcd46ac5d3ef-groupManagement] INFO  server.RaftServerConfigKeys (ConfUtils.java:logGet(46)) - raft.server.snapshot.auto.trigger.enabled = true (custom)
2024-04-16 13:47:16,930 [db959189-86db-424f-9228-dcd46ac5d3ef-groupManagement] INFO  server.RaftServerConfigKeys (ConfUtils.java:logGet(46)) - raft.server.snapshot.auto.trigger.threshold = 10000 (custom)
2024-04-16 13:47:16,930 [db959189-86db-424f-9228-dcd46ac5d3ef-groupManagement] INFO  server.RaftServerConfigKeys (ConfUtils.java:logGet(46)) - raft.server.snapshot.retention.file.num = 5 (custom)
2024-04-16 13:47:16,930 [db959189-86db-424f-9228-dcd46ac5d3ef-groupManagement] INFO  server.RaftServerConfigKeys (ConfUtils.java:logGet(46)) - raft.server.log.purge.upto.snapshot.index = false (default)
2024-04-16 13:47:16,933 [db959189-86db-424f-9228-dcd46ac5d3ef-PipelineCommandHandlerThread-0] INFO  ratis.XceiverServerRatis (XceiverServerRatis.java:addGroup(864)) - Created group PipelineID=0c6e1245-9286-4869-9b35-97a64e7f1044
2024-04-16 13:47:16,937 [scmNode-2-EventQueue-PipelineReportForPipelineReportHandler] ERROR pipeline.PipelineReportHandler (PipelineReportHandler.java:onMessage(100)) - Could not process pipeline report=pipelineID {
  id: "0c6e1245-9286-4869-9b35-97a64e7f1044"
  uuid128 {
    mostSigBits: 895673465913624681
    leastSigBits: -7262732083527741372
  }
}
isLeader: false
bytesWritten: 0
 from dn=db959189-86db-424f-9228-dcd46ac5d3ef(fv-az1428-817.utppd1leec2uvmgjoennxb5ynh.ex.internal.cloudapp.net/10.1.0.24).
org.apache.hadoop.hdds.scm.exceptions.SCMException: org.apache.ratis.protocol.exceptions.NotLeaderException: Server e74c9e3a-193e-4dbb-b5f5-b6805398d140@group-298AC6C8687B is not the leader 8dded7e3-77f4-42cf-91f8-4014f88a5819|localhost:15003
	at org.apache.hadoop.hdds.scm.ha.SCMHAInvocationHandler.translateException(SCMHAInvocationHandler.java:165)
	at org.apache.hadoop.hdds.scm.ha.SCMHAInvocationHandler.invokeRatis(SCMHAInvocationHandler.java:115)
	at org.apache.hadoop.hdds.scm.ha.SCMHAInvocationHandler.invoke(SCMHAInvocationHandler.java:74)
	at com.sun.proxy.$Proxy45.updatePipelineState(Unknown Source)
	at org.apache.hadoop.hdds.scm.pipeline.PipelineManagerImpl.openPipeline(PipelineManagerImpl.java:430)
	at org.apache.hadoop.hdds.scm.pipeline.PipelineReportHandler.processPipelineReport(PipelineReportHandler.java:135)
	at org.apache.hadoop.hdds.scm.pipeline.PipelineReportHandler.onMessage(PipelineReportHandler.java:93)
	at org.apache.hadoop.hdds.scm.pipeline.PipelineReportHandler.onMessage(PipelineReportHandler.java:52)
	at org.apache.hadoop.hdds.server.events.SingleThreadExecutor.lambda$onMessage$1(SingleThreadExecutor.java:86)
	at java.util.concurrent.ThreadPoolExecutor.runWorker(ThreadPoolExecutor.java:1149)
	at java.util.concurrent.ThreadPoolExecutor$Worker.run(ThreadPoolExecutor.java:624)
	at java.lang.Thread.run(Thread.java:750)
Caused by: org.apache.ratis.protocol.exceptions.NotLeaderException: Server e74c9e3a-193e-4dbb-b5f5-b6805398d140@group-298AC6C8687B is not the leader 8dded7e3-77f4-42cf-91f8-4014f88a5819|localhost:15003
	at org.apache.ratis.server.impl.RaftServerImpl.generateNotLeaderException(RaftServerImpl.java:807)
	at org.apache.ratis.server.impl.RaftServerImpl.checkLeaderState(RaftServerImpl.java:772)
	at org.apache.ratis.server.impl.RaftServerImpl.checkLeaderState(RaftServerImpl.java:758)
	at org.apache.ratis.server.impl.RaftServerImpl.writeAsync(RaftServerImpl.java:938)
	at org.apache.ratis.server.impl.RaftServerImpl.replyFuture(RaftServerImpl.java:931)
	at org.apache.ratis.server.impl.RaftServerImpl.submitClientRequestAsync(RaftServerImpl.java:908)
	at org.apache.ratis.server.impl.RaftServerImpl.lambda$null$13(RaftServerImpl.java:897)
	at org.apache.ratis.util.JavaUtils.callAsUnchecked(JavaUtils.java:118)
	at org.apache.ratis.server.impl.RaftServerImpl.lambda$executeSubmitClientRequestAsync$14(RaftServerImpl.java:897)
	at java.util.concurrent.CompletableFuture$AsyncSupply.run(CompletableFuture.java:1604)
	... 3 more
2024-04-16 13:47:16,938 [db959189-86db-424f-9228-dcd46ac5d3ef-PipelineCommandHandlerThread-0] INFO  commandhandler.CreatePipelineCommandHandler (CreatePipelineCommandHandler.java:lambda$handle$2(124)) - Created Pipeline RATIS ONE PipelineID=0c6e1245-9286-4869-9b35-97a64e7f1044.
2024-04-16 13:47:16,938 [scmNode-3-EventQueue-PipelineReportForPipelineReportHandler] ERROR pipeline.PipelineReportHandler (PipelineReportHandler.java:onMessage(100)) - Could not process pipeline report=pipelineID {
  id: "0c6e1245-9286-4869-9b35-97a64e7f1044"
  uuid128 {
    mostSigBits: 895673465913624681
    leastSigBits: -7262732083527741372
  }
}
isLeader: false
bytesWritten: 0
 from dn=db959189-86db-424f-9228-dcd46ac5d3ef(fv-az1428-817.utppd1leec2uvmgjoennxb5ynh.ex.internal.cloudapp.net/10.1.0.24).
org.apache.hadoop.hdds.scm.exceptions.SCMException: org.apache.ratis.protocol.exceptions.NotLeaderException: Server 692eadad-ad12-4257-a6c9-255a711e16c4@group-298AC6C8687B is not the leader 8dded7e3-77f4-42cf-91f8-4014f88a5819|localhost:15003
	at org.apache.hadoop.hdds.scm.ha.SCMHAInvocationHandler.translateException(SCMHAInvocationHandler.java:165)
	at org.apache.hadoop.hdds.scm.ha.SCMHAInvocationHandler.invokeRatis(SCMHAInvocationHandler.java:115)
	at org.apache.hadoop.hdds.scm.ha.SCMHAInvocationHandler.invoke(SCMHAInvocationHandler.java:74)
	at com.sun.proxy.$Proxy45.updatePipelineState(Unknown Source)
	at org.apache.hadoop.hdds.scm.pipeline.PipelineManagerImpl.openPipeline(PipelineManagerImpl.java:430)
	at org.apache.hadoop.hdds.scm.pipeline.PipelineReportHandler.processPipelineReport(PipelineReportHandler.java:135)
	at org.apache.hadoop.hdds.scm.pipeline.PipelineReportHandler.onMessage(PipelineReportHandler.java:93)
	at org.apache.hadoop.hdds.scm.pipeline.PipelineReportHandler.onMessage(PipelineReportHandler.java:52)
	at org.apache.hadoop.hdds.server.events.SingleThreadExecutor.lambda$onMessage$1(SingleThreadExecutor.java:86)
	at java.util.concurrent.ThreadPoolExecutor.runWorker(ThreadPoolExecutor.java:1149)
	at java.util.concurrent.ThreadPoolExecutor$Worker.run(ThreadPoolExecutor.java:624)
	at java.lang.Thread.run(Thread.java:750)
Caused by: org.apache.ratis.protocol.exceptions.NotLeaderException: Server 692eadad-ad12-4257-a6c9-255a711e16c4@group-298AC6C8687B is not the leader 8dded7e3-77f4-42cf-91f8-4014f88a5819|localhost:15003
	at org.apache.ratis.server.impl.RaftServerImpl.generateNotLeaderException(RaftServerImpl.java:807)
	at org.apache.ratis.server.impl.RaftServerImpl.checkLeaderState(RaftServerImpl.java:772)
	at org.apache.ratis.server.impl.RaftServerImpl.checkLeaderState(RaftServerImpl.java:758)
	at org.apache.ratis.server.impl.RaftServerImpl.writeAsync(RaftServerImpl.java:938)
	at org.apache.ratis.server.impl.RaftServerImpl.replyFuture(RaftServerImpl.java:931)
	at org.apache.ratis.server.impl.RaftServerImpl.submitClientRequestAsync(RaftServerImpl.java:908)
	at org.apache.ratis.server.impl.RaftServerImpl.lambda$null$13(RaftServerImpl.java:897)
	at org.apache.ratis.util.JavaUtils.callAsUnchecked(JavaUtils.java:118)
	at org.apache.ratis.server.impl.RaftServerImpl.lambda$executeSubmitClientRequestAsync$14(RaftServerImpl.java:897)
	at java.util.concurrent.CompletableFuture$AsyncSupply.run(CompletableFuture.java:1604)
	... 3 more
2024-04-16 13:47:16,940 [db959189-86db-424f-9228-dcd46ac5d3ef-PipelineCommandHandlerThread-0] INFO  server.RaftServer (RaftServerProxy.java:addNew(100)) - db959189-86db-424f-9228-dcd46ac5d3ef: addNew group-181AD1325C26:[db959189-86db-424f-9228-dcd46ac5d3ef|10.1.0.24:15046, 590e72f5-e0a8-4a6b-9708-265ca50c2b50|10.1.0.24:15064, 88d255ec-0e94-4950-ab45-ac807e327f1f|10.1.0.24:15055] returns group-181AD1325C26:java.util.concurrent.CompletableFuture@3e3abceb[Not completed]
2024-04-16 13:47:16,942 [db959189-86db-424f-9228-dcd46ac5d3ef-groupManagement] INFO  server.RaftServer$Division (RaftServerImpl.java:<init>(256)) - db959189-86db-424f-9228-dcd46ac5d3ef: new RaftServerImpl for group-181AD1325C26:[db959189-86db-424f-9228-dcd46ac5d3ef|10.1.0.24:15046, 590e72f5-e0a8-4a6b-9708-265ca50c2b50|10.1.0.24:15064, 88d255ec-0e94-4950-ab45-ac807e327f1f|10.1.0.24:15055] with ContainerStateMachine:uninitialized
2024-04-16 13:47:16,942 [db959189-86db-424f-9228-dcd46ac5d3ef-groupManagement] INFO  server.RaftServerConfigKeys (ConfUtils.java:logGet(46)) - raft.server.rpc.timeout.min = 5s (custom)
2024-04-16 13:47:16,942 [db959189-86db-424f-9228-dcd46ac5d3ef-groupManagement] INFO  server.RaftServerConfigKeys (ConfUtils.java:logGet(46)) - raft.server.rpc.timeout.max = 5200ms (custom)
2024-04-16 13:47:16,942 [db959189-86db-424f-9228-dcd46ac5d3ef-groupManagement] INFO  server.RaftServerConfigKeys (ConfUtils.java:logGet(46)) - raft.server.rpc.sleep.time = 25ms (default)
2024-04-16 13:47:16,943 [db959189-86db-424f-9228-dcd46ac5d3ef-groupManagement] INFO  server.RaftServerConfigKeys (ConfUtils.java:logGet(46)) - raft.server.rpc.slowness.timeout = 300s (custom)
2024-04-16 13:47:16,943 [db959189-86db-424f-9228-dcd46ac5d3ef-groupManagement] INFO  server.RaftServerConfigKeys (ConfUtils.java:logGet(46)) - raft.server.leaderelection.leader.step-down.wait-time = 10s (default)
2024-04-16 13:47:16,943 [db959189-86db-424f-9228-dcd46ac5d3ef-groupManagement] INFO  server.RaftServerConfigKeys (ConfUtils.java:logGet(46)) - raft.server.leaderelection.member.majority-add = false (default)
2024-04-16 13:47:16,943 [db959189-86db-424f-9228-dcd46ac5d3ef-groupManagement] INFO  server.RaftServerConfigKeys (ConfUtils.java:logGet(46)) - raft.server.sleep.deviation.threshold = 300ms (default)
2024-04-16 13:47:16,943 [db959189-86db-424f-9228-dcd46ac5d3ef-groupManagement] INFO  server.RaftServer$Division (ServerState.java:<init>(113)) - db959189-86db-424f-9228-dcd46ac5d3ef@group-181AD1325C26: ConfigurationManager, init=-1: peers:[db959189-86db-424f-9228-dcd46ac5d3ef|10.1.0.24:15046, 590e72f5-e0a8-4a6b-9708-265ca50c2b50|10.1.0.24:15064, 88d255ec-0e94-4950-ab45-ac807e327f1f|10.1.0.24:15055]|listeners:[], old=null, confs=<EMPTY_MAP>
2024-04-16 13:47:16,943 [db959189-86db-424f-9228-dcd46ac5d3ef-groupManagement] INFO  server.RaftServerConfigKeys (ConfUtils.java:logGet(46)) - raft.server.notification.no-leader.timeout = 300s (custom)
2024-04-16 13:47:16,943 [db959189-86db-424f-9228-dcd46ac5d3ef-groupManagement] INFO  server.RaftServerConfigKeys (ConfUtils.java:logGet(46)) - raft.server.read.timeout = 10s (default)
2024-04-16 13:47:16,943 [db959189-86db-424f-9228-dcd46ac5d3ef-groupManagement] INFO  server.RaftServerConfigKeys (ConfUtils.java:logGet(46)) - raft.server.retrycache.expirytime = 600000ms (custom)
2024-04-16 13:47:16,944 [db959189-86db-424f-9228-dcd46ac5d3ef-groupManagement] INFO  server.RaftServerConfigKeys (ConfUtils.java:logGet(46)) - raft.server.retrycache.statistics.expirytime = 100ms (default)
2024-04-16 13:47:16,944 [db959189-86db-424f-9228-dcd46ac5d3ef-groupManagement] INFO  server.RaftServerConfigKeys (ConfUtils.java:logGet(46)) - raft.server.read.option = DEFAULT (default)
2024-04-16 13:47:16,944 [db959189-86db-424f-9228-dcd46ac5d3ef-groupManagement] INFO  server.RaftServerConfigKeys (ConfUtils.java:logGet(46)) - raft.server.read.read-after-write-consistent.write-index-cache.expiry-time = 60s (default)
2024-04-16 13:47:16,945 [8dded7e3-77f4-42cf-91f8-4014f88a5819@group-298AC6C8687B-StateMachineUpdater] INFO  safemode.HealthyPipelineSafeModeRule (HealthyPipelineSafeModeRule.java:initializeRule(172)) - Refreshed total pipeline count is 0, healthy pipeline threshold count is 1
2024-04-16 13:47:16,946 [692eadad-ad12-4257-a6c9-255a711e16c4@group-298AC6C8687B-StateMachineUpdater] INFO  safemode.HealthyPipelineSafeModeRule (HealthyPipelineSafeModeRule.java:initializeRule(172)) - Refreshed total pipeline count is 0, healthy pipeline threshold count is 1
2024-04-16 13:47:16,946 [e74c9e3a-193e-4dbb-b5f5-b6805398d140@group-298AC6C8687B-StateMachineUpdater] INFO  safemode.HealthyPipelineSafeModeRule (HealthyPipelineSafeModeRule.java:initializeRule(172)) - Refreshed total pipeline count is 0, healthy pipeline threshold count is 1
2024-04-16 13:47:16,946 [scmNode-1-EventQueue-PipelineReportForPipelineReportHandler] INFO  pipeline.PipelineReportHandler (PipelineReportHandler.java:processPipelineReport(136)) - Opened pipeline PipelineID=0c6e1245-9286-4869-9b35-97a64e7f1044
2024-04-16 13:47:16,948 [scmNode-1-EventQueue-OpenPipelineForHealthyPipelineSafeModeRule] INFO  safemode.SCMSafeModeManager (HealthyPipelineSafeModeRule.java:process(140)) - SCM in safe mode. Healthy pipelines reported count is 0, required healthy pipeline reported count is 1
2024-04-16 13:47:16,949 [db959189-86db-424f-9228-dcd46ac5d3ef-groupManagement] INFO  server.RaftServerConfigKeys (ConfUtils.java:logGet(46)) - raft.server.rpc.request.timeout = 60s (custom)
2024-04-16 13:47:16,949 [db959189-86db-424f-9228-dcd46ac5d3ef-groupManagement] INFO  server.RaftServerConfigKeys (ConfUtils.java:logGet(46)) - raft.server.log.appender.install.snapshot.enabled = false (custom)
2024-04-16 13:47:16,949 [db959189-86db-424f-9228-dcd46ac5d3ef-groupManagement] INFO  server.RaftServerConfigKeys (ConfUtils.java:logGet(46)) - raft.server.threadpool.server.cached = true (default)
2024-04-16 13:47:16,949 [db959189-86db-424f-9228-dcd46ac5d3ef-groupManagement] INFO  server.RaftServerConfigKeys (ConfUtils.java:logGet(46)) - raft.server.threadpool.server.size = 0 (default)
2024-04-16 13:47:16,949 [db959189-86db-424f-9228-dcd46ac5d3ef-groupManagement] INFO  server.RaftServerConfigKeys (ConfUtils.java:logGet(46)) - raft.server.threadpool.client.cached = true (default)
2024-04-16 13:47:16,949 [db959189-86db-424f-9228-dcd46ac5d3ef-groupManagement] INFO  server.RaftServerConfigKeys (ConfUtils.java:logGet(46)) - raft.server.threadpool.client.size = 0 (default)
2024-04-16 13:47:16,950 [db959189-86db-424f-9228-dcd46ac5d3ef-groupManagement] INFO  server.RaftServerConfigKeys (ConfUtils.java:logGet(46)) - raft.server.storage.free-space.min = 0MB (=0) (default)
2024-04-16 13:47:16,950 [db959189-86db-424f-9228-dcd46ac5d3ef-groupManagement] INFO  server.RaftServerConfigKeys (ConfUtils.java:logGet(46)) - raft.server.log.corruption.policy = EXCEPTION (default)
2024-04-16 13:47:16,950 [db959189-86db-424f-9228-dcd46ac5d3ef-groupManagement] INFO  server.RaftServerConfigKeys (ConfUtils.java:logGet(46)) - raft.server.storage.dir = [/home/runner/work/ozone/ozone/hadoop-ozone/integration-test/target/test-dir/MiniOzoneClusterImpl-f0f26617-5c27-4371-b446-298ac6c8687b/ozone-meta/datanode-1/ratis] (custom)
2024-04-16 13:47:16,950 [db959189-86db-424f-9228-dcd46ac5d3ef-groupManagement] INFO  storage.RaftStorageDirectory (RaftStorageDirectoryImpl.java:analyzeStorage(138)) - The storage directory /home/runner/work/ozone/ozone/hadoop-ozone/integration-test/target/test-dir/MiniOzoneClusterImpl-f0f26617-5c27-4371-b446-298ac6c8687b/ozone-meta/datanode-1/ratis/b82ac6a9-29ab-4c38-a941-181ad1325c26 does not exist. Creating ...
2024-04-16 13:47:16,951 [db959189-86db-424f-9228-dcd46ac5d3ef-groupManagement] INFO  storage.RaftStorageDirectory (RaftStorageDirectoryImpl.java:tryLock(228)) - Lock on /home/runner/work/ozone/ozone/hadoop-ozone/integration-test/target/test-dir/MiniOzoneClusterImpl-f0f26617-5c27-4371-b446-298ac6c8687b/ozone-meta/datanode-1/ratis/b82ac6a9-29ab-4c38-a941-181ad1325c26/in_use.lock acquired by nodename 102701@fv-az1428-817
2024-04-16 13:47:16,952 [db959189-86db-424f-9228-dcd46ac5d3ef-groupManagement] INFO  storage.RaftStorage (RaftStorageImpl.java:format(99)) - Storage directory /home/runner/work/ozone/ozone/hadoop-ozone/integration-test/target/test-dir/MiniOzoneClusterImpl-f0f26617-5c27-4371-b446-298ac6c8687b/ozone-meta/datanode-1/ratis/b82ac6a9-29ab-4c38-a941-181ad1325c26 has been successfully formatted.
2024-04-16 13:47:16,952 [db959189-86db-424f-9228-dcd46ac5d3ef-groupManagement] WARN  util.FileUtils (LogUtils.java:supplyAndLog(63)) - Failed to Files.newInputStream /home/runner/work/ozone/ozone/hadoop-ozone/integration-test/target/test-dir/MiniOzoneClusterImpl-f0f26617-5c27-4371-b446-298ac6c8687b/ozone-meta/datanode-1/ratis/b82ac6a9-29ab-4c38-a941-181ad1325c26/current/raft-meta.conf with options []: java.nio.file.NoSuchFileException: /home/runner/work/ozone/ozone/hadoop-ozone/integration-test/target/test-dir/MiniOzoneClusterImpl-f0f26617-5c27-4371-b446-298ac6c8687b/ozone-meta/datanode-1/ratis/b82ac6a9-29ab-4c38-a941-181ad1325c26/current/raft-meta.conf
2024-04-16 13:47:16,953 [db959189-86db-424f-9228-dcd46ac5d3ef-groupManagement] INFO  ratis.ContainerStateMachine (ContainerStateMachine.java:loadSnapshot(287)) - group-181AD1325C26: The snapshot info is null. Setting the last applied index to:(t:0, i:~)
2024-04-16 13:47:16,953 [db959189-86db-424f-9228-dcd46ac5d3ef-groupManagement] INFO  server.RaftServerConfigKeys (ConfUtils.java:logGet(46)) - raft.server.log.use.memory = false (default)
2024-04-16 13:47:16,953 [db959189-86db-424f-9228-dcd46ac5d3ef-groupManagement] INFO  server.RaftServerConfigKeys (ConfUtils.java:logGet(46)) - raft.server.log.purge.gap = 1000000 (custom)
2024-04-16 13:47:16,953 [db959189-86db-424f-9228-dcd46ac5d3ef-groupManagement] INFO  server.RaftServerConfigKeys (ConfUtils.java:logGet(46)) - raft.server.log.appender.buffer.byte-limit = 8388608 (custom)
2024-04-16 13:47:16,954 [db959189-86db-424f-9228-dcd46ac5d3ef-groupManagement] INFO  server.RaftServerConfigKeys (ConfUtils.java:logGet(46)) - raft.server.log.statemachine.data.read.timeout = 1000ms (default)
2024-04-16 13:47:16,954 [db959189-86db-424f-9228-dcd46ac5d3ef-groupManagement] INFO  server.RaftServerConfigKeys (ConfUtils.java:logGet(46)) - raft.server.log.purge.preservation.log.num = 0 (default)
2024-04-16 13:47:16,955 [scmNode-1-EventQueue-OpenPipelineForHealthyPipelineSafeModeRule] INFO  safemode.SCMSafeModeManager (HealthyPipelineSafeModeRule.java:process(140)) - SCM in safe mode. Healthy pipelines reported count is 0, required healthy pipeline reported count is 1
2024-04-16 13:47:16,956 [scmNode-3-EventQueue-OpenPipelineForHealthyPipelineSafeModeRule] INFO  safemode.SCMSafeModeManager (HealthyPipelineSafeModeRule.java:process(140)) - SCM in safe mode. Healthy pipelines reported count is 0, required healthy pipeline reported count is 1
2024-04-16 13:47:16,956 [scmNode-2-EventQueue-OpenPipelineForHealthyPipelineSafeModeRule] INFO  safemode.SCMSafeModeManager (HealthyPipelineSafeModeRule.java:process(140)) - SCM in safe mode. Healthy pipelines reported count is 0, required healthy pipeline reported count is 1
2024-04-16 13:47:16,956 [db959189-86db-424f-9228-dcd46ac5d3ef-groupManagement] INFO  server.RaftServerConfigKeys (ConfUtils.java:logGet(46)) - raft.server.log.segment.size.max = 67108864 (custom)
2024-04-16 13:47:16,957 [db959189-86db-424f-9228-dcd46ac5d3ef-groupManagement] INFO  server.RaftServerConfigKeys (ConfUtils.java:logGet(46)) - raft.server.log.segment.cache.num.max = 2 (custom)
2024-04-16 13:47:16,957 [db959189-86db-424f-9228-dcd46ac5d3ef-groupManagement] INFO  server.RaftServerConfigKeys (ConfUtils.java:logGet(46)) - raft.server.log.segment.cache.size.max = 200MB (=209715200) (default)
2024-04-16 13:47:16,957 [db959189-86db-424f-9228-dcd46ac5d3ef-groupManagement] INFO  server.RaftServerConfigKeys (ConfUtils.java:logGet(46)) - raft.server.log.appender.buffer.byte-limit = 8388608 (custom)
2024-04-16 13:47:16,957 [db959189-86db-424f-9228-dcd46ac5d3ef-groupManagement] INFO  util.AwaitToRun (AwaitToRun.java:start(81)) - Thread[db959189-86db-424f-9228-dcd46ac5d3ef@group-181AD1325C26-cacheEviction-AwaitToRun,5,main] started
2024-04-16 13:47:16,957 [db959189-86db-424f-9228-dcd46ac5d3ef-groupManagement] INFO  segmented.SegmentedRaftLogWorker (SegmentedRaftLogWorker.java:<init>(182)) - new db959189-86db-424f-9228-dcd46ac5d3ef@group-181AD1325C26-SegmentedRaftLogWorker for RaftStorageImpl:Storage Directory /home/runner/work/ozone/ozone/hadoop-ozone/integration-test/target/test-dir/MiniOzoneClusterImpl-f0f26617-5c27-4371-b446-298ac6c8687b/ozone-meta/datanode-1/ratis/b82ac6a9-29ab-4c38-a941-181ad1325c26
2024-04-16 13:47:16,957 [db959189-86db-424f-9228-dcd46ac5d3ef-groupManagement] INFO  server.RaftServerConfigKeys (ConfUtils.java:logGet(46)) - raft.server.log.queue.byte-limit = 4294967296 (custom)
2024-04-16 13:47:16,957 [db959189-86db-424f-9228-dcd46ac5d3ef-groupManagement] INFO  server.RaftServerConfigKeys (ConfUtils.java:logGet(46)) - raft.server.log.queue.element-limit = 1024 (custom)
2024-04-16 13:47:16,957 [db959189-86db-424f-9228-dcd46ac5d3ef-groupManagement] INFO  server.RaftServerConfigKeys (ConfUtils.java:logGet(46)) - raft.server.log.segment.size.max = 67108864 (custom)
2024-04-16 13:47:16,957 [db959189-86db-424f-9228-dcd46ac5d3ef-groupManagement] INFO  server.RaftServerConfigKeys (ConfUtils.java:logGet(46)) - raft.server.log.preallocated.size = 4194304 (custom)
2024-04-16 13:47:16,958 [db959189-86db-424f-9228-dcd46ac5d3ef-groupManagement] INFO  server.RaftServerConfigKeys (ConfUtils.java:logGet(46)) - raft.server.log.force.sync.num = 128 (default)
2024-04-16 13:47:16,958 [db959189-86db-424f-9228-dcd46ac5d3ef-groupManagement] INFO  server.RaftServerConfigKeys (ConfUtils.java:logGet(46)) - raft.server.log.statemachine.data.sync = true (default)
2024-04-16 13:47:16,958 [db959189-86db-424f-9228-dcd46ac5d3ef-groupManagement] INFO  server.RaftServerConfigKeys (ConfUtils.java:logGet(46)) - raft.server.log.statemachine.data.sync.timeout = 10s (default)
2024-04-16 13:47:16,958 [db959189-86db-424f-9228-dcd46ac5d3ef-groupManagement] INFO  server.RaftServerConfigKeys (ConfUtils.java:logGet(46)) - raft.server.log.statemachine.data.sync.timeout.retry = 0 (custom)
2024-04-16 13:47:16,958 [db959189-86db-424f-9228-dcd46ac5d3ef-groupManagement] INFO  server.RaftServerConfigKeys (ConfUtils.java:logGet(46)) - raft.server.log.write.buffer.size = 8388616 (custom)
2024-04-16 13:47:16,960 [db959189-86db-424f-9228-dcd46ac5d3ef-groupManagement] INFO  server.RaftServerConfigKeys (ConfUtils.java:logGet(46)) - raft.server.log.appender.buffer.byte-limit = 8388608 (custom)
2024-04-16 13:47:16,960 [db959189-86db-424f-9228-dcd46ac5d3ef-groupManagement] INFO  server.RaftServerConfigKeys (ConfUtils.java:logGet(46)) - raft.server.log.unsafe-flush.enabled = false (default)
2024-04-16 13:47:16,960 [db959189-86db-424f-9228-dcd46ac5d3ef-groupManagement] INFO  server.RaftServerConfigKeys (ConfUtils.java:logGet(46)) - raft.server.log.async-flush.enabled = false (default)
2024-04-16 13:47:16,960 [db959189-86db-424f-9228-dcd46ac5d3ef-groupManagement] INFO  server.RaftServerConfigKeys (ConfUtils.java:logGet(46)) - raft.server.log.statemachine.data.caching.enabled = true (custom)
2024-04-16 13:47:16,960 [db959189-86db-424f-9228-dcd46ac5d3ef-groupManagement] INFO  segmented.SegmentedRaftLogWorker (SegmentedRaftLogWorker.java:lambda$new$0(134)) - db959189-86db-424f-9228-dcd46ac5d3ef@group-181AD1325C26-SegmentedRaftLogWorker: flushIndex: setUnconditionally 0 -> -1
2024-04-16 13:47:16,960 [db959189-86db-424f-9228-dcd46ac5d3ef-groupManagement] INFO  segmented.SegmentedRaftLogWorker (SegmentedRaftLogWorker.java:lambda$new$0(134)) - db959189-86db-424f-9228-dcd46ac5d3ef@group-181AD1325C26-SegmentedRaftLogWorker: safeCacheEvictIndex: setUnconditionally 0 -> -1
2024-04-16 13:47:16,960 [db959189-86db-424f-9228-dcd46ac5d3ef-groupManagement] INFO  server.RaftServer$Division (RaftServerImpl.java:start(396)) - db959189-86db-424f-9228-dcd46ac5d3ef@group-181AD1325C26: start as a follower, conf=-1: peers:[db959189-86db-424f-9228-dcd46ac5d3ef|10.1.0.24:15046, 590e72f5-e0a8-4a6b-9708-265ca50c2b50|10.1.0.24:15064, 88d255ec-0e94-4950-ab45-ac807e327f1f|10.1.0.24:15055]|listeners:[], old=null
2024-04-16 13:47:16,961 [db959189-86db-424f-9228-dcd46ac5d3ef-groupManagement] INFO  server.RaftServer$Division (RaftServerImpl.java:setRole(383)) - db959189-86db-424f-9228-dcd46ac5d3ef@group-181AD1325C26: changes role from      null to FOLLOWER at term 0 for startAsFollower
2024-04-16 13:47:16,961 [db959189-86db-424f-9228-dcd46ac5d3ef-groupManagement] INFO  impl.RoleInfo (RoleInfo.java:updateAndGet(139)) - db959189-86db-424f-9228-dcd46ac5d3ef: start db959189-86db-424f-9228-dcd46ac5d3ef@group-181AD1325C26-FollowerState
2024-04-16 13:47:16,961 [db959189-86db-424f-9228-dcd46ac5d3ef@group-181AD1325C26-FollowerState] INFO  server.RaftServerConfigKeys (ConfUtils.java:logFallback(53)) - raft.server.rpc.first-election.timeout.min = 5s (fallback to raft.server.rpc.timeout.min)
2024-04-16 13:47:16,961 [db959189-86db-424f-9228-dcd46ac5d3ef-groupManagement] INFO  util.JmxRegister (JmxRegister.java:tryRegister(44)) - Successfully registered JMX Bean with object name Ratis:service=RaftServer,group=group-181AD1325C26,id=db959189-86db-424f-9228-dcd46ac5d3ef
2024-04-16 13:47:16,961 [db959189-86db-424f-9228-dcd46ac5d3ef@group-181AD1325C26-FollowerState] INFO  server.RaftServerConfigKeys (ConfUtils.java:logFallback(53)) - raft.server.rpc.first-election.timeout.max = 5200ms (fallback to raft.server.rpc.timeout.max)
2024-04-16 13:47:16,961 [db959189-86db-424f-9228-dcd46ac5d3ef-groupManagement] INFO  server.RaftServerConfigKeys (ConfUtils.java:logGet(46)) - raft.server.snapshot.trigger-when-stop.enabled = true (default)
2024-04-16 13:47:16,961 [db959189-86db-424f-9228-dcd46ac5d3ef-groupManagement] INFO  server.RaftServerConfigKeys (ConfUtils.java:logGet(46)) - raft.server.snapshot.auto.trigger.enabled = true (custom)
2024-04-16 13:47:16,961 [db959189-86db-424f-9228-dcd46ac5d3ef-groupManagement] INFO  server.RaftServerConfigKeys (ConfUtils.java:logGet(46)) - raft.server.snapshot.auto.trigger.threshold = 10000 (custom)
2024-04-16 13:47:16,961 [db959189-86db-424f-9228-dcd46ac5d3ef-groupManagement] INFO  server.RaftServerConfigKeys (ConfUtils.java:logGet(46)) - raft.server.snapshot.retention.file.num = 5 (custom)
2024-04-16 13:47:16,962 [db959189-86db-424f-9228-dcd46ac5d3ef-groupManagement] INFO  server.RaftServerConfigKeys (ConfUtils.java:logGet(46)) - raft.server.log.purge.upto.snapshot.index = false (default)
2024-04-16 13:47:16,962 [db959189-86db-424f-9228-dcd46ac5d3ef-PipelineCommandHandlerThread-0] INFO  ratis.XceiverServerRatis (XceiverServerRatis.java:addGroup(864)) - Created group PipelineID=b82ac6a9-29ab-4c38-a941-181ad1325c26
2024-04-16 13:47:16,995 [grpc-default-executor-3] INFO  server.RaftServer (RaftServerProxy.java:addNew(100)) - 88d255ec-0e94-4950-ab45-ac807e327f1f: addNew group-181AD1325C26:[db959189-86db-424f-9228-dcd46ac5d3ef|10.1.0.24:15046, 590e72f5-e0a8-4a6b-9708-265ca50c2b50|10.1.0.24:15064, 88d255ec-0e94-4950-ab45-ac807e327f1f|10.1.0.24:15055] returns group-181AD1325C26:java.util.concurrent.CompletableFuture@4389ca6a[Not completed]
2024-04-16 13:47:16,996 [88d255ec-0e94-4950-ab45-ac807e327f1f-groupManagement] INFO  server.RaftServer$Division (RaftServerImpl.java:<init>(256)) - 88d255ec-0e94-4950-ab45-ac807e327f1f: new RaftServerImpl for group-181AD1325C26:[db959189-86db-424f-9228-dcd46ac5d3ef|10.1.0.24:15046, 590e72f5-e0a8-4a6b-9708-265ca50c2b50|10.1.0.24:15064, 88d255ec-0e94-4950-ab45-ac807e327f1f|10.1.0.24:15055] with ContainerStateMachine:uninitialized
2024-04-16 13:47:16,996 [88d255ec-0e94-4950-ab45-ac807e327f1f-groupManagement] INFO  server.RaftServerConfigKeys (ConfUtils.java:logGet(46)) - raft.server.rpc.timeout.min = 5s (custom)
2024-04-16 13:47:16,996 [88d255ec-0e94-4950-ab45-ac807e327f1f-groupManagement] INFO  server.RaftServerConfigKeys (ConfUtils.java:logGet(46)) - raft.server.rpc.timeout.max = 5200ms (custom)
2024-04-16 13:47:16,996 [88d255ec-0e94-4950-ab45-ac807e327f1f-groupManagement] INFO  server.RaftServerConfigKeys (ConfUtils.java:logGet(46)) - raft.server.rpc.sleep.time = 25ms (default)
2024-04-16 13:47:16,996 [88d255ec-0e94-4950-ab45-ac807e327f1f-groupManagement] INFO  server.RaftServerConfigKeys (ConfUtils.java:logGet(46)) - raft.server.rpc.slowness.timeout = 300s (custom)
2024-04-16 13:47:16,997 [88d255ec-0e94-4950-ab45-ac807e327f1f-groupManagement] INFO  server.RaftServerConfigKeys (ConfUtils.java:logGet(46)) - raft.server.leaderelection.leader.step-down.wait-time = 10s (default)
2024-04-16 13:47:16,997 [88d255ec-0e94-4950-ab45-ac807e327f1f-groupManagement] INFO  server.RaftServerConfigKeys (ConfUtils.java:logGet(46)) - raft.server.leaderelection.member.majority-add = false (default)
2024-04-16 13:47:16,997 [88d255ec-0e94-4950-ab45-ac807e327f1f-groupManagement] INFO  server.RaftServerConfigKeys (ConfUtils.java:logGet(46)) - raft.server.sleep.deviation.threshold = 300ms (default)
2024-04-16 13:47:16,997 [88d255ec-0e94-4950-ab45-ac807e327f1f-groupManagement] INFO  server.RaftServer$Division (ServerState.java:<init>(113)) - 88d255ec-0e94-4950-ab45-ac807e327f1f@group-181AD1325C26: ConfigurationManager, init=-1: peers:[db959189-86db-424f-9228-dcd46ac5d3ef|10.1.0.24:15046, 590e72f5-e0a8-4a6b-9708-265ca50c2b50|10.1.0.24:15064, 88d255ec-0e94-4950-ab45-ac807e327f1f|10.1.0.24:15055]|listeners:[], old=null, confs=<EMPTY_MAP>
2024-04-16 13:47:16,997 [88d255ec-0e94-4950-ab45-ac807e327f1f-groupManagement] INFO  server.RaftServerConfigKeys (ConfUtils.java:logGet(46)) - raft.server.notification.no-leader.timeout = 300s (custom)
2024-04-16 13:47:16,997 [88d255ec-0e94-4950-ab45-ac807e327f1f-groupManagement] INFO  server.RaftServerConfigKeys (ConfUtils.java:logGet(46)) - raft.server.read.timeout = 10s (default)
2024-04-16 13:47:16,997 [88d255ec-0e94-4950-ab45-ac807e327f1f-groupManagement] INFO  server.RaftServerConfigKeys (ConfUtils.java:logGet(46)) - raft.server.retrycache.expirytime = 600000ms (custom)
2024-04-16 13:47:16,997 [88d255ec-0e94-4950-ab45-ac807e327f1f-groupManagement] INFO  server.RaftServerConfigKeys (ConfUtils.java:logGet(46)) - raft.server.retrycache.statistics.expirytime = 100ms (default)
2024-04-16 13:47:16,997 [88d255ec-0e94-4950-ab45-ac807e327f1f-groupManagement] INFO  server.RaftServerConfigKeys (ConfUtils.java:logGet(46)) - raft.server.read.option = DEFAULT (default)
2024-04-16 13:47:16,997 [88d255ec-0e94-4950-ab45-ac807e327f1f-groupManagement] INFO  server.RaftServerConfigKeys (ConfUtils.java:logGet(46)) - raft.server.read.read-after-write-consistent.write-index-cache.expiry-time = 60s (default)
2024-04-16 13:47:17,002 [88d255ec-0e94-4950-ab45-ac807e327f1f-groupManagement] INFO  server.RaftServerConfigKeys (ConfUtils.java:logGet(46)) - raft.server.rpc.request.timeout = 60s (custom)
2024-04-16 13:47:17,002 [88d255ec-0e94-4950-ab45-ac807e327f1f-groupManagement] INFO  server.RaftServerConfigKeys (ConfUtils.java:logGet(46)) - raft.server.log.appender.install.snapshot.enabled = false (custom)
2024-04-16 13:47:17,002 [88d255ec-0e94-4950-ab45-ac807e327f1f-groupManagement] INFO  server.RaftServerConfigKeys (ConfUtils.java:logGet(46)) - raft.server.threadpool.server.cached = true (default)
2024-04-16 13:47:17,002 [88d255ec-0e94-4950-ab45-ac807e327f1f-groupManagement] INFO  server.RaftServerConfigKeys (ConfUtils.java:logGet(46)) - raft.server.threadpool.server.size = 0 (default)
2024-04-16 13:47:17,002 [88d255ec-0e94-4950-ab45-ac807e327f1f-groupManagement] INFO  server.RaftServerConfigKeys (ConfUtils.java:logGet(46)) - raft.server.threadpool.client.cached = true (default)
2024-04-16 13:47:17,002 [88d255ec-0e94-4950-ab45-ac807e327f1f-groupManagement] INFO  server.RaftServerConfigKeys (ConfUtils.java:logGet(46)) - raft.server.threadpool.client.size = 0 (default)
2024-04-16 13:47:17,003 [88d255ec-0e94-4950-ab45-ac807e327f1f-groupManagement] INFO  server.RaftServerConfigKeys (ConfUtils.java:logGet(46)) - raft.server.storage.free-space.min = 0MB (=0) (default)
2024-04-16 13:47:17,003 [88d255ec-0e94-4950-ab45-ac807e327f1f-groupManagement] INFO  server.RaftServerConfigKeys (ConfUtils.java:logGet(46)) - raft.server.log.corruption.policy = EXCEPTION (default)
2024-04-16 13:47:17,003 [88d255ec-0e94-4950-ab45-ac807e327f1f-groupManagement] INFO  server.RaftServerConfigKeys (ConfUtils.java:logGet(46)) - raft.server.storage.dir = [/home/runner/work/ozone/ozone/hadoop-ozone/integration-test/target/test-dir/MiniOzoneClusterImpl-f0f26617-5c27-4371-b446-298ac6c8687b/ozone-meta/datanode-2/ratis] (custom)
2024-04-16 13:47:17,003 [88d255ec-0e94-4950-ab45-ac807e327f1f-groupManagement] INFO  storage.RaftStorageDirectory (RaftStorageDirectoryImpl.java:analyzeStorage(138)) - The storage directory /home/runner/work/ozone/ozone/hadoop-ozone/integration-test/target/test-dir/MiniOzoneClusterImpl-f0f26617-5c27-4371-b446-298ac6c8687b/ozone-meta/datanode-2/ratis/b82ac6a9-29ab-4c38-a941-181ad1325c26 does not exist. Creating ...
2024-04-16 13:47:17,004 [88d255ec-0e94-4950-ab45-ac807e327f1f-groupManagement] INFO  storage.RaftStorageDirectory (RaftStorageDirectoryImpl.java:tryLock(228)) - Lock on /home/runner/work/ozone/ozone/hadoop-ozone/integration-test/target/test-dir/MiniOzoneClusterImpl-f0f26617-5c27-4371-b446-298ac6c8687b/ozone-meta/datanode-2/ratis/b82ac6a9-29ab-4c38-a941-181ad1325c26/in_use.lock acquired by nodename 102701@fv-az1428-817
2024-04-16 13:47:17,005 [88d255ec-0e94-4950-ab45-ac807e327f1f-groupManagement] INFO  storage.RaftStorage (RaftStorageImpl.java:format(99)) - Storage directory /home/runner/work/ozone/ozone/hadoop-ozone/integration-test/target/test-dir/MiniOzoneClusterImpl-f0f26617-5c27-4371-b446-298ac6c8687b/ozone-meta/datanode-2/ratis/b82ac6a9-29ab-4c38-a941-181ad1325c26 has been successfully formatted.
2024-04-16 13:47:17,005 [88d255ec-0e94-4950-ab45-ac807e327f1f-groupManagement] WARN  util.FileUtils (LogUtils.java:supplyAndLog(63)) - Failed to Files.newInputStream /home/runner/work/ozone/ozone/hadoop-ozone/integration-test/target/test-dir/MiniOzoneClusterImpl-f0f26617-5c27-4371-b446-298ac6c8687b/ozone-meta/datanode-2/ratis/b82ac6a9-29ab-4c38-a941-181ad1325c26/current/raft-meta.conf with options []: java.nio.file.NoSuchFileException: /home/runner/work/ozone/ozone/hadoop-ozone/integration-test/target/test-dir/MiniOzoneClusterImpl-f0f26617-5c27-4371-b446-298ac6c8687b/ozone-meta/datanode-2/ratis/b82ac6a9-29ab-4c38-a941-181ad1325c26/current/raft-meta.conf
2024-04-16 13:47:17,005 [88d255ec-0e94-4950-ab45-ac807e327f1f-groupManagement] INFO  ratis.ContainerStateMachine (ContainerStateMachine.java:loadSnapshot(287)) - group-181AD1325C26: The snapshot info is null. Setting the last applied index to:(t:0, i:~)
2024-04-16 13:47:17,005 [88d255ec-0e94-4950-ab45-ac807e327f1f-groupManagement] INFO  server.RaftServerConfigKeys (ConfUtils.java:logGet(46)) - raft.server.log.use.memory = false (default)
2024-04-16 13:47:17,006 [88d255ec-0e94-4950-ab45-ac807e327f1f-groupManagement] INFO  server.RaftServerConfigKeys (ConfUtils.java:logGet(46)) - raft.server.log.purge.gap = 1000000 (custom)
2024-04-16 13:47:17,006 [88d255ec-0e94-4950-ab45-ac807e327f1f-groupManagement] INFO  server.RaftServerConfigKeys (ConfUtils.java:logGet(46)) - raft.server.log.appender.buffer.byte-limit = 8388608 (custom)
2024-04-16 13:47:17,006 [88d255ec-0e94-4950-ab45-ac807e327f1f-groupManagement] INFO  server.RaftServerConfigKeys (ConfUtils.java:logGet(46)) - raft.server.log.statemachine.data.read.timeout = 1000ms (default)
2024-04-16 13:47:17,006 [88d255ec-0e94-4950-ab45-ac807e327f1f-groupManagement] INFO  server.RaftServerConfigKeys (ConfUtils.java:logGet(46)) - raft.server.log.purge.preservation.log.num = 0 (default)
2024-04-16 13:47:17,008 [88d255ec-0e94-4950-ab45-ac807e327f1f-groupManagement] INFO  server.RaftServerConfigKeys (ConfUtils.java:logGet(46)) - raft.server.log.segment.size.max = 67108864 (custom)
2024-04-16 13:47:17,008 [88d255ec-0e94-4950-ab45-ac807e327f1f-groupManagement] INFO  server.RaftServerConfigKeys (ConfUtils.java:logGet(46)) - raft.server.log.segment.cache.num.max = 2 (custom)
2024-04-16 13:47:17,009 [88d255ec-0e94-4950-ab45-ac807e327f1f-groupManagement] INFO  server.RaftServerConfigKeys (ConfUtils.java:logGet(46)) - raft.server.log.segment.cache.size.max = 200MB (=209715200) (default)
2024-04-16 13:47:17,009 [88d255ec-0e94-4950-ab45-ac807e327f1f-groupManagement] INFO  server.RaftServerConfigKeys (ConfUtils.java:logGet(46)) - raft.server.log.appender.buffer.byte-limit = 8388608 (custom)
2024-04-16 13:47:17,009 [88d255ec-0e94-4950-ab45-ac807e327f1f-groupManagement] INFO  util.AwaitToRun (AwaitToRun.java:start(81)) - Thread[88d255ec-0e94-4950-ab45-ac807e327f1f@group-181AD1325C26-cacheEviction-AwaitToRun,5,main] started
2024-04-16 13:47:17,009 [88d255ec-0e94-4950-ab45-ac807e327f1f-groupManagement] INFO  segmented.SegmentedRaftLogWorker (SegmentedRaftLogWorker.java:<init>(182)) - new 88d255ec-0e94-4950-ab45-ac807e327f1f@group-181AD1325C26-SegmentedRaftLogWorker for RaftStorageImpl:Storage Directory /home/runner/work/ozone/ozone/hadoop-ozone/integration-test/target/test-dir/MiniOzoneClusterImpl-f0f26617-5c27-4371-b446-298ac6c8687b/ozone-meta/datanode-2/ratis/b82ac6a9-29ab-4c38-a941-181ad1325c26
2024-04-16 13:47:17,009 [88d255ec-0e94-4950-ab45-ac807e327f1f-groupManagement] INFO  server.RaftServerConfigKeys (ConfUtils.java:logGet(46)) - raft.server.log.queue.byte-limit = 4294967296 (custom)
2024-04-16 13:47:17,009 [88d255ec-0e94-4950-ab45-ac807e327f1f-groupManagement] INFO  server.RaftServerConfigKeys (ConfUtils.java:logGet(46)) - raft.server.log.queue.element-limit = 1024 (custom)
2024-04-16 13:47:17,009 [88d255ec-0e94-4950-ab45-ac807e327f1f-groupManagement] INFO  server.RaftServerConfigKeys (ConfUtils.java:logGet(46)) - raft.server.log.segment.size.max = 67108864 (custom)
2024-04-16 13:47:17,010 [88d255ec-0e94-4950-ab45-ac807e327f1f-groupManagement] INFO  server.RaftServerConfigKeys (ConfUtils.java:logGet(46)) - raft.server.log.preallocated.size = 4194304 (custom)
2024-04-16 13:47:17,010 [88d255ec-0e94-4950-ab45-ac807e327f1f-groupManagement] INFO  server.RaftServerConfigKeys (ConfUtils.java:logGet(46)) - raft.server.log.force.sync.num = 128 (default)
2024-04-16 13:47:17,010 [88d255ec-0e94-4950-ab45-ac807e327f1f-groupManagement] INFO  server.RaftServerConfigKeys (ConfUtils.java:logGet(46)) - raft.server.log.statemachine.data.sync = true (default)
2024-04-16 13:47:17,010 [88d255ec-0e94-4950-ab45-ac807e327f1f-groupManagement] INFO  server.RaftServerConfigKeys (ConfUtils.java:logGet(46)) - raft.server.log.statemachine.data.sync.timeout = 10s (default)
2024-04-16 13:47:17,010 [88d255ec-0e94-4950-ab45-ac807e327f1f-groupManagement] INFO  server.RaftServerConfigKeys (ConfUtils.java:logGet(46)) - raft.server.log.statemachine.data.sync.timeout.retry = 0 (custom)
2024-04-16 13:47:17,010 [88d255ec-0e94-4950-ab45-ac807e327f1f-groupManagement] INFO  server.RaftServerConfigKeys (ConfUtils.java:logGet(46)) - raft.server.log.write.buffer.size = 8388616 (custom)
2024-04-16 13:47:17,012 [88d255ec-0e94-4950-ab45-ac807e327f1f-groupManagement] INFO  server.RaftServerConfigKeys (ConfUtils.java:logGet(46)) - raft.server.log.appender.buffer.byte-limit = 8388608 (custom)
2024-04-16 13:47:17,012 [88d255ec-0e94-4950-ab45-ac807e327f1f-groupManagement] INFO  server.RaftServerConfigKeys (ConfUtils.java:logGet(46)) - raft.server.log.unsafe-flush.enabled = false (default)
2024-04-16 13:47:17,012 [88d255ec-0e94-4950-ab45-ac807e327f1f-groupManagement] INFO  server.RaftServerConfigKeys (ConfUtils.java:logGet(46)) - raft.server.log.async-flush.enabled = false (default)
2024-04-16 13:47:17,012 [88d255ec-0e94-4950-ab45-ac807e327f1f-groupManagement] INFO  server.RaftServerConfigKeys (ConfUtils.java:logGet(46)) - raft.server.log.statemachine.data.caching.enabled = true (custom)
2024-04-16 13:47:17,012 [88d255ec-0e94-4950-ab45-ac807e327f1f-groupManagement] INFO  segmented.SegmentedRaftLogWorker (SegmentedRaftLogWorker.java:lambda$new$0(134)) - 88d255ec-0e94-4950-ab45-ac807e327f1f@group-181AD1325C26-SegmentedRaftLogWorker: flushIndex: setUnconditionally 0 -> -1
2024-04-16 13:47:17,012 [88d255ec-0e94-4950-ab45-ac807e327f1f-groupManagement] INFO  segmented.SegmentedRaftLogWorker (SegmentedRaftLogWorker.java:lambda$new$0(134)) - 88d255ec-0e94-4950-ab45-ac807e327f1f@group-181AD1325C26-SegmentedRaftLogWorker: safeCacheEvictIndex: setUnconditionally 0 -> -1
2024-04-16 13:47:17,013 [88d255ec-0e94-4950-ab45-ac807e327f1f-groupManagement] INFO  server.RaftServer$Division (RaftServerImpl.java:start(396)) - 88d255ec-0e94-4950-ab45-ac807e327f1f@group-181AD1325C26: start as a follower, conf=-1: peers:[db959189-86db-424f-9228-dcd46ac5d3ef|10.1.0.24:15046, 590e72f5-e0a8-4a6b-9708-265ca50c2b50|10.1.0.24:15064, 88d255ec-0e94-4950-ab45-ac807e327f1f|10.1.0.24:15055]|listeners:[], old=null
2024-04-16 13:47:17,013 [88d255ec-0e94-4950-ab45-ac807e327f1f-groupManagement] INFO  server.RaftServer$Division (RaftServerImpl.java:setRole(383)) - 88d255ec-0e94-4950-ab45-ac807e327f1f@group-181AD1325C26: changes role from      null to FOLLOWER at term 0 for startAsFollower
2024-04-16 13:47:17,013 [88d255ec-0e94-4950-ab45-ac807e327f1f-groupManagement] INFO  impl.RoleInfo (RoleInfo.java:updateAndGet(139)) - 88d255ec-0e94-4950-ab45-ac807e327f1f: start 88d255ec-0e94-4950-ab45-ac807e327f1f@group-181AD1325C26-FollowerState
2024-04-16 13:47:17,013 [88d255ec-0e94-4950-ab45-ac807e327f1f@group-181AD1325C26-FollowerState] INFO  server.RaftServerConfigKeys (ConfUtils.java:logFallback(53)) - raft.server.rpc.first-election.timeout.min = 5s (fallback to raft.server.rpc.timeout.min)
2024-04-16 13:47:17,013 [88d255ec-0e94-4950-ab45-ac807e327f1f@group-181AD1325C26-FollowerState] INFO  server.RaftServerConfigKeys (ConfUtils.java:logFallback(53)) - raft.server.rpc.first-election.timeout.max = 5200ms (fallback to raft.server.rpc.timeout.max)
2024-04-16 13:47:17,013 [88d255ec-0e94-4950-ab45-ac807e327f1f-groupManagement] INFO  util.JmxRegister (JmxRegister.java:tryRegister(44)) - Successfully registered JMX Bean with object name Ratis:service=RaftServer,group=group-181AD1325C26,id=88d255ec-0e94-4950-ab45-ac807e327f1f
2024-04-16 13:47:17,014 [88d255ec-0e94-4950-ab45-ac807e327f1f-groupManagement] INFO  server.RaftServerConfigKeys (ConfUtils.java:logGet(46)) - raft.server.snapshot.trigger-when-stop.enabled = true (default)
2024-04-16 13:47:17,014 [88d255ec-0e94-4950-ab45-ac807e327f1f-groupManagement] INFO  server.RaftServerConfigKeys (ConfUtils.java:logGet(46)) - raft.server.snapshot.auto.trigger.enabled = true (custom)
2024-04-16 13:47:17,014 [88d255ec-0e94-4950-ab45-ac807e327f1f-groupManagement] INFO  server.RaftServerConfigKeys (ConfUtils.java:logGet(46)) - raft.server.snapshot.auto.trigger.threshold = 10000 (custom)
2024-04-16 13:47:17,014 [88d255ec-0e94-4950-ab45-ac807e327f1f-groupManagement] INFO  server.RaftServerConfigKeys (ConfUtils.java:logGet(46)) - raft.server.snapshot.retention.file.num = 5 (custom)
2024-04-16 13:47:17,014 [88d255ec-0e94-4950-ab45-ac807e327f1f-groupManagement] INFO  server.RaftServerConfigKeys (ConfUtils.java:logGet(46)) - raft.server.log.purge.upto.snapshot.index = false (default)
2024-04-16 13:47:17,040 [grpc-default-executor-3] INFO  server.RaftServer (RaftServerProxy.java:addNew(100)) - 590e72f5-e0a8-4a6b-9708-265ca50c2b50: addNew group-181AD1325C26:[db959189-86db-424f-9228-dcd46ac5d3ef|10.1.0.24:15046, 590e72f5-e0a8-4a6b-9708-265ca50c2b50|10.1.0.24:15064, 88d255ec-0e94-4950-ab45-ac807e327f1f|10.1.0.24:15055] returns group-181AD1325C26:java.util.concurrent.CompletableFuture@1fe912ba[Not completed]
2024-04-16 13:47:17,041 [590e72f5-e0a8-4a6b-9708-265ca50c2b50-groupManagement] INFO  server.RaftServer$Division (RaftServerImpl.java:<init>(256)) - 590e72f5-e0a8-4a6b-9708-265ca50c2b50: new RaftServerImpl for group-181AD1325C26:[db959189-86db-424f-9228-dcd46ac5d3ef|10.1.0.24:15046, 590e72f5-e0a8-4a6b-9708-265ca50c2b50|10.1.0.24:15064, 88d255ec-0e94-4950-ab45-ac807e327f1f|10.1.0.24:15055] with ContainerStateMachine:uninitialized
2024-04-16 13:47:17,041 [590e72f5-e0a8-4a6b-9708-265ca50c2b50-groupManagement] INFO  server.RaftServerConfigKeys (ConfUtils.java:logGet(46)) - raft.server.rpc.timeout.min = 5s (custom)
2024-04-16 13:47:17,041 [590e72f5-e0a8-4a6b-9708-265ca50c2b50-groupManagement] INFO  server.RaftServerConfigKeys (ConfUtils.java:logGet(46)) - raft.server.rpc.timeout.max = 5200ms (custom)
2024-04-16 13:47:17,041 [590e72f5-e0a8-4a6b-9708-265ca50c2b50-groupManagement] INFO  server.RaftServerConfigKeys (ConfUtils.java:logGet(46)) - raft.server.rpc.sleep.time = 25ms (default)
2024-04-16 13:47:17,041 [590e72f5-e0a8-4a6b-9708-265ca50c2b50-groupManagement] INFO  server.RaftServerConfigKeys (ConfUtils.java:logGet(46)) - raft.server.rpc.slowness.timeout = 300s (custom)
2024-04-16 13:47:17,042 [590e72f5-e0a8-4a6b-9708-265ca50c2b50-groupManagement] INFO  server.RaftServerConfigKeys (ConfUtils.java:logGet(46)) - raft.server.leaderelection.leader.step-down.wait-time = 10s (default)
2024-04-16 13:47:17,042 [590e72f5-e0a8-4a6b-9708-265ca50c2b50-groupManagement] INFO  server.RaftServerConfigKeys (ConfUtils.java:logGet(46)) - raft.server.leaderelection.member.majority-add = false (default)
2024-04-16 13:47:17,042 [590e72f5-e0a8-4a6b-9708-265ca50c2b50-groupManagement] INFO  server.RaftServerConfigKeys (ConfUtils.java:logGet(46)) - raft.server.sleep.deviation.threshold = 300ms (default)
2024-04-16 13:47:17,042 [590e72f5-e0a8-4a6b-9708-265ca50c2b50-groupManagement] INFO  server.RaftServer$Division (ServerState.java:<init>(113)) - 590e72f5-e0a8-4a6b-9708-265ca50c2b50@group-181AD1325C26: ConfigurationManager, init=-1: peers:[db959189-86db-424f-9228-dcd46ac5d3ef|10.1.0.24:15046, 590e72f5-e0a8-4a6b-9708-265ca50c2b50|10.1.0.24:15064, 88d255ec-0e94-4950-ab45-ac807e327f1f|10.1.0.24:15055]|listeners:[], old=null, confs=<EMPTY_MAP>
2024-04-16 13:47:17,042 [590e72f5-e0a8-4a6b-9708-265ca50c2b50-groupManagement] INFO  server.RaftServerConfigKeys (ConfUtils.java:logGet(46)) - raft.server.notification.no-leader.timeout = 300s (custom)
2024-04-16 13:47:17,042 [590e72f5-e0a8-4a6b-9708-265ca50c2b50-groupManagement] INFO  server.RaftServerConfigKeys (ConfUtils.java:logGet(46)) - raft.server.read.timeout = 10s (default)
2024-04-16 13:47:17,042 [590e72f5-e0a8-4a6b-9708-265ca50c2b50-groupManagement] INFO  server.RaftServerConfigKeys (ConfUtils.java:logGet(46)) - raft.server.retrycache.expirytime = 600000ms (custom)
2024-04-16 13:47:17,042 [590e72f5-e0a8-4a6b-9708-265ca50c2b50-groupManagement] INFO  server.RaftServerConfigKeys (ConfUtils.java:logGet(46)) - raft.server.retrycache.statistics.expirytime = 100ms (default)
2024-04-16 13:47:17,042 [590e72f5-e0a8-4a6b-9708-265ca50c2b50-groupManagement] INFO  server.RaftServerConfigKeys (ConfUtils.java:logGet(46)) - raft.server.read.option = DEFAULT (default)
2024-04-16 13:47:17,042 [590e72f5-e0a8-4a6b-9708-265ca50c2b50-groupManagement] INFO  server.RaftServerConfigKeys (ConfUtils.java:logGet(46)) - raft.server.read.read-after-write-consistent.write-index-cache.expiry-time = 60s (default)
2024-04-16 13:47:17,046 [590e72f5-e0a8-4a6b-9708-265ca50c2b50-groupManagement] INFO  server.RaftServerConfigKeys (ConfUtils.java:logGet(46)) - raft.server.rpc.request.timeout = 60s (custom)
2024-04-16 13:47:17,046 [590e72f5-e0a8-4a6b-9708-265ca50c2b50-groupManagement] INFO  server.RaftServerConfigKeys (ConfUtils.java:logGet(46)) - raft.server.log.appender.install.snapshot.enabled = false (custom)
2024-04-16 13:47:17,046 [590e72f5-e0a8-4a6b-9708-265ca50c2b50-groupManagement] INFO  server.RaftServerConfigKeys (ConfUtils.java:logGet(46)) - raft.server.threadpool.server.cached = true (default)
2024-04-16 13:47:17,046 [590e72f5-e0a8-4a6b-9708-265ca50c2b50-groupManagement] INFO  server.RaftServerConfigKeys (ConfUtils.java:logGet(46)) - raft.server.threadpool.server.size = 0 (default)
2024-04-16 13:47:17,046 [590e72f5-e0a8-4a6b-9708-265ca50c2b50-groupManagement] INFO  server.RaftServerConfigKeys (ConfUtils.java:logGet(46)) - raft.server.threadpool.client.cached = true (default)
2024-04-16 13:47:17,046 [590e72f5-e0a8-4a6b-9708-265ca50c2b50-groupManagement] INFO  server.RaftServerConfigKeys (ConfUtils.java:logGet(46)) - raft.server.threadpool.client.size = 0 (default)
2024-04-16 13:47:17,046 [590e72f5-e0a8-4a6b-9708-265ca50c2b50-groupManagement] INFO  server.RaftServerConfigKeys (ConfUtils.java:logGet(46)) - raft.server.storage.free-space.min = 0MB (=0) (default)
2024-04-16 13:47:17,047 [590e72f5-e0a8-4a6b-9708-265ca50c2b50-groupManagement] INFO  server.RaftServerConfigKeys (ConfUtils.java:logGet(46)) - raft.server.log.corruption.policy = EXCEPTION (default)
2024-04-16 13:47:17,047 [590e72f5-e0a8-4a6b-9708-265ca50c2b50-groupManagement] INFO  server.RaftServerConfigKeys (ConfUtils.java:logGet(46)) - raft.server.storage.dir = [/home/runner/work/ozone/ozone/hadoop-ozone/integration-test/target/test-dir/MiniOzoneClusterImpl-f0f26617-5c27-4371-b446-298ac6c8687b/ozone-meta/datanode-3/ratis] (custom)
2024-04-16 13:47:17,047 [590e72f5-e0a8-4a6b-9708-265ca50c2b50-groupManagement] INFO  storage.RaftStorageDirectory (RaftStorageDirectoryImpl.java:analyzeStorage(138)) - The storage directory /home/runner/work/ozone/ozone/hadoop-ozone/integration-test/target/test-dir/MiniOzoneClusterImpl-f0f26617-5c27-4371-b446-298ac6c8687b/ozone-meta/datanode-3/ratis/b82ac6a9-29ab-4c38-a941-181ad1325c26 does not exist. Creating ...
2024-04-16 13:47:17,048 [590e72f5-e0a8-4a6b-9708-265ca50c2b50-groupManagement] INFO  storage.RaftStorageDirectory (RaftStorageDirectoryImpl.java:tryLock(228)) - Lock on /home/runner/work/ozone/ozone/hadoop-ozone/integration-test/target/test-dir/MiniOzoneClusterImpl-f0f26617-5c27-4371-b446-298ac6c8687b/ozone-meta/datanode-3/ratis/b82ac6a9-29ab-4c38-a941-181ad1325c26/in_use.lock acquired by nodename 102701@fv-az1428-817
2024-04-16 13:47:17,049 [590e72f5-e0a8-4a6b-9708-265ca50c2b50-groupManagement] INFO  storage.RaftStorage (RaftStorageImpl.java:format(99)) - Storage directory /home/runner/work/ozone/ozone/hadoop-ozone/integration-test/target/test-dir/MiniOzoneClusterImpl-f0f26617-5c27-4371-b446-298ac6c8687b/ozone-meta/datanode-3/ratis/b82ac6a9-29ab-4c38-a941-181ad1325c26 has been successfully formatted.
2024-04-16 13:47:17,049 [590e72f5-e0a8-4a6b-9708-265ca50c2b50-groupManagement] WARN  util.FileUtils (LogUtils.java:supplyAndLog(63)) - Failed to Files.newInputStream /home/runner/work/ozone/ozone/hadoop-ozone/integration-test/target/test-dir/MiniOzoneClusterImpl-f0f26617-5c27-4371-b446-298ac6c8687b/ozone-meta/datanode-3/ratis/b82ac6a9-29ab-4c38-a941-181ad1325c26/current/raft-meta.conf with options []: java.nio.file.NoSuchFileException: /home/runner/work/ozone/ozone/hadoop-ozone/integration-test/target/test-dir/MiniOzoneClusterImpl-f0f26617-5c27-4371-b446-298ac6c8687b/ozone-meta/datanode-3/ratis/b82ac6a9-29ab-4c38-a941-181ad1325c26/current/raft-meta.conf
2024-04-16 13:47:17,049 [590e72f5-e0a8-4a6b-9708-265ca50c2b50-groupManagement] INFO  ratis.ContainerStateMachine (ContainerStateMachine.java:loadSnapshot(287)) - group-181AD1325C26: The snapshot info is null. Setting the last applied index to:(t:0, i:~)
2024-04-16 13:47:17,049 [590e72f5-e0a8-4a6b-9708-265ca50c2b50-groupManagement] INFO  server.RaftServerConfigKeys (ConfUtils.java:logGet(46)) - raft.server.log.use.memory = false (default)
2024-04-16 13:47:17,050 [590e72f5-e0a8-4a6b-9708-265ca50c2b50-groupManagement] INFO  server.RaftServerConfigKeys (ConfUtils.java:logGet(46)) - raft.server.log.purge.gap = 1000000 (custom)
2024-04-16 13:47:17,050 [590e72f5-e0a8-4a6b-9708-265ca50c2b50-groupManagement] INFO  server.RaftServerConfigKeys (ConfUtils.java:logGet(46)) - raft.server.log.appender.buffer.byte-limit = 8388608 (custom)
2024-04-16 13:47:17,050 [590e72f5-e0a8-4a6b-9708-265ca50c2b50-groupManagement] INFO  server.RaftServerConfigKeys (ConfUtils.java:logGet(46)) - raft.server.log.statemachine.data.read.timeout = 1000ms (default)
2024-04-16 13:47:17,050 [590e72f5-e0a8-4a6b-9708-265ca50c2b50-groupManagement] INFO  server.RaftServerConfigKeys (ConfUtils.java:logGet(46)) - raft.server.log.purge.preservation.log.num = 0 (default)
2024-04-16 13:47:17,053 [590e72f5-e0a8-4a6b-9708-265ca50c2b50-groupManagement] INFO  server.RaftServerConfigKeys (ConfUtils.java:logGet(46)) - raft.server.log.segment.size.max = 67108864 (custom)
2024-04-16 13:47:17,053 [590e72f5-e0a8-4a6b-9708-265ca50c2b50-groupManagement] INFO  server.RaftServerConfigKeys (ConfUtils.java:logGet(46)) - raft.server.log.segment.cache.num.max = 2 (custom)
2024-04-16 13:47:17,053 [590e72f5-e0a8-4a6b-9708-265ca50c2b50-groupManagement] INFO  server.RaftServerConfigKeys (ConfUtils.java:logGet(46)) - raft.server.log.segment.cache.size.max = 200MB (=209715200) (default)
2024-04-16 13:47:17,053 [590e72f5-e0a8-4a6b-9708-265ca50c2b50-groupManagement] INFO  server.RaftServerConfigKeys (ConfUtils.java:logGet(46)) - raft.server.log.appender.buffer.byte-limit = 8388608 (custom)
2024-04-16 13:47:17,054 [590e72f5-e0a8-4a6b-9708-265ca50c2b50-groupManagement] INFO  util.AwaitToRun (AwaitToRun.java:start(81)) - Thread[590e72f5-e0a8-4a6b-9708-265ca50c2b50@group-181AD1325C26-cacheEviction-AwaitToRun,5,main] started
2024-04-16 13:47:17,054 [590e72f5-e0a8-4a6b-9708-265ca50c2b50-groupManagement] INFO  segmented.SegmentedRaftLogWorker (SegmentedRaftLogWorker.java:<init>(182)) - new 590e72f5-e0a8-4a6b-9708-265ca50c2b50@group-181AD1325C26-SegmentedRaftLogWorker for RaftStorageImpl:Storage Directory /home/runner/work/ozone/ozone/hadoop-ozone/integration-test/target/test-dir/MiniOzoneClusterImpl-f0f26617-5c27-4371-b446-298ac6c8687b/ozone-meta/datanode-3/ratis/b82ac6a9-29ab-4c38-a941-181ad1325c26
2024-04-16 13:47:17,054 [590e72f5-e0a8-4a6b-9708-265ca50c2b50-groupManagement] INFO  server.RaftServerConfigKeys (ConfUtils.java:logGet(46)) - raft.server.log.queue.byte-limit = 4294967296 (custom)
2024-04-16 13:47:17,054 [590e72f5-e0a8-4a6b-9708-265ca50c2b50-groupManagement] INFO  server.RaftServerConfigKeys (ConfUtils.java:logGet(46)) - raft.server.log.queue.element-limit = 1024 (custom)
2024-04-16 13:47:17,054 [590e72f5-e0a8-4a6b-9708-265ca50c2b50-groupManagement] INFO  server.RaftServerConfigKeys (ConfUtils.java:logGet(46)) - raft.server.log.segment.size.max = 67108864 (custom)
2024-04-16 13:47:17,054 [590e72f5-e0a8-4a6b-9708-265ca50c2b50-groupManagement] INFO  server.RaftServerConfigKeys (ConfUtils.java:logGet(46)) - raft.server.log.preallocated.size = 4194304 (custom)
2024-04-16 13:47:17,054 [590e72f5-e0a8-4a6b-9708-265ca50c2b50-groupManagement] INFO  server.RaftServerConfigKeys (ConfUtils.java:logGet(46)) - raft.server.log.force.sync.num = 128 (default)
2024-04-16 13:47:17,054 [590e72f5-e0a8-4a6b-9708-265ca50c2b50-groupManagement] INFO  server.RaftServerConfigKeys (ConfUtils.java:logGet(46)) - raft.server.log.statemachine.data.sync = true (default)
2024-04-16 13:47:17,055 [590e72f5-e0a8-4a6b-9708-265ca50c2b50-groupManagement] INFO  server.RaftServerConfigKeys (ConfUtils.java:logGet(46)) - raft.server.log.statemachine.data.sync.timeout = 10s (default)
2024-04-16 13:47:17,055 [590e72f5-e0a8-4a6b-9708-265ca50c2b50-groupManagement] INFO  server.RaftServerConfigKeys (ConfUtils.java:logGet(46)) - raft.server.log.statemachine.data.sync.timeout.retry = 0 (custom)
2024-04-16 13:47:17,055 [590e72f5-e0a8-4a6b-9708-265ca50c2b50-groupManagement] INFO  server.RaftServerConfigKeys (ConfUtils.java:logGet(46)) - raft.server.log.write.buffer.size = 8388616 (custom)
2024-04-16 13:47:17,057 [590e72f5-e0a8-4a6b-9708-265ca50c2b50-groupManagement] INFO  server.RaftServerConfigKeys (ConfUtils.java:logGet(46)) - raft.server.log.appender.buffer.byte-limit = 8388608 (custom)
2024-04-16 13:47:17,057 [590e72f5-e0a8-4a6b-9708-265ca50c2b50-groupManagement] INFO  server.RaftServerConfigKeys (ConfUtils.java:logGet(46)) - raft.server.log.unsafe-flush.enabled = false (default)
2024-04-16 13:47:17,057 [590e72f5-e0a8-4a6b-9708-265ca50c2b50-groupManagement] INFO  server.RaftServerConfigKeys (ConfUtils.java:logGet(46)) - raft.server.log.async-flush.enabled = false (default)
2024-04-16 13:47:17,057 [590e72f5-e0a8-4a6b-9708-265ca50c2b50-groupManagement] INFO  server.RaftServerConfigKeys (ConfUtils.java:logGet(46)) - raft.server.log.statemachine.data.caching.enabled = true (custom)
2024-04-16 13:47:17,057 [590e72f5-e0a8-4a6b-9708-265ca50c2b50-groupManagement] INFO  segmented.SegmentedRaftLogWorker (SegmentedRaftLogWorker.java:lambda$new$0(134)) - 590e72f5-e0a8-4a6b-9708-265ca50c2b50@group-181AD1325C26-SegmentedRaftLogWorker: flushIndex: setUnconditionally 0 -> -1
2024-04-16 13:47:17,058 [590e72f5-e0a8-4a6b-9708-265ca50c2b50-groupManagement] INFO  segmented.SegmentedRaftLogWorker (SegmentedRaftLogWorker.java:lambda$new$0(134)) - 590e72f5-e0a8-4a6b-9708-265ca50c2b50@group-181AD1325C26-SegmentedRaftLogWorker: safeCacheEvictIndex: setUnconditionally 0 -> -1
2024-04-16 13:47:17,058 [590e72f5-e0a8-4a6b-9708-265ca50c2b50-groupManagement] INFO  server.RaftServer$Division (RaftServerImpl.java:start(396)) - 590e72f5-e0a8-4a6b-9708-265ca50c2b50@group-181AD1325C26: start as a follower, conf=-1: peers:[db959189-86db-424f-9228-dcd46ac5d3ef|10.1.0.24:15046, 590e72f5-e0a8-4a6b-9708-265ca50c2b50|10.1.0.24:15064, 88d255ec-0e94-4950-ab45-ac807e327f1f|10.1.0.24:15055]|listeners:[], old=null
2024-04-16 13:47:17,058 [590e72f5-e0a8-4a6b-9708-265ca50c2b50-groupManagement] INFO  server.RaftServer$Division (RaftServerImpl.java:setRole(383)) - 590e72f5-e0a8-4a6b-9708-265ca50c2b50@group-181AD1325C26: changes role from      null to FOLLOWER at term 0 for startAsFollower
2024-04-16 13:47:17,058 [590e72f5-e0a8-4a6b-9708-265ca50c2b50-groupManagement] INFO  impl.RoleInfo (RoleInfo.java:updateAndGet(139)) - 590e72f5-e0a8-4a6b-9708-265ca50c2b50: start 590e72f5-e0a8-4a6b-9708-265ca50c2b50@group-181AD1325C26-FollowerState
2024-04-16 13:47:17,058 [590e72f5-e0a8-4a6b-9708-265ca50c2b50@group-181AD1325C26-FollowerState] INFO  server.RaftServerConfigKeys (ConfUtils.java:logFallback(53)) - raft.server.rpc.first-election.timeout.min = 5s (fallback to raft.server.rpc.timeout.min)
2024-04-16 13:47:17,059 [590e72f5-e0a8-4a6b-9708-265ca50c2b50@group-181AD1325C26-FollowerState] INFO  server.RaftServerConfigKeys (ConfUtils.java:logFallback(53)) - raft.server.rpc.first-election.timeout.max = 5200ms (fallback to raft.server.rpc.timeout.max)
2024-04-16 13:47:17,058 [590e72f5-e0a8-4a6b-9708-265ca50c2b50-groupManagement] INFO  util.JmxRegister (JmxRegister.java:tryRegister(44)) - Successfully registered JMX Bean with object name Ratis:service=RaftServer,group=group-181AD1325C26,id=590e72f5-e0a8-4a6b-9708-265ca50c2b50
2024-04-16 13:47:17,059 [590e72f5-e0a8-4a6b-9708-265ca50c2b50-groupManagement] INFO  server.RaftServerConfigKeys (ConfUtils.java:logGet(46)) - raft.server.snapshot.trigger-when-stop.enabled = true (default)
2024-04-16 13:47:17,059 [590e72f5-e0a8-4a6b-9708-265ca50c2b50-groupManagement] INFO  server.RaftServerConfigKeys (ConfUtils.java:logGet(46)) - raft.server.snapshot.auto.trigger.enabled = true (custom)
2024-04-16 13:47:17,059 [590e72f5-e0a8-4a6b-9708-265ca50c2b50-groupManagement] INFO  server.RaftServerConfigKeys (ConfUtils.java:logGet(46)) - raft.server.snapshot.auto.trigger.threshold = 10000 (custom)
2024-04-16 13:47:17,059 [590e72f5-e0a8-4a6b-9708-265ca50c2b50-groupManagement] INFO  server.RaftServerConfigKeys (ConfUtils.java:logGet(46)) - raft.server.snapshot.retention.file.num = 5 (custom)
2024-04-16 13:47:17,059 [590e72f5-e0a8-4a6b-9708-265ca50c2b50-groupManagement] INFO  server.RaftServerConfigKeys (ConfUtils.java:logGet(46)) - raft.server.log.purge.upto.snapshot.index = false (default)
2024-04-16 13:47:17,067 [db959189-86db-424f-9228-dcd46ac5d3ef-PipelineCommandHandlerThread-0] INFO  commandhandler.CreatePipelineCommandHandler (CreatePipelineCommandHandler.java:lambda$handle$2(124)) - Created Pipeline RATIS THREE PipelineID=b82ac6a9-29ab-4c38-a941-181ad1325c26.
2024-04-16 13:47:17,067 [db959189-86db-424f-9228-dcd46ac5d3ef-PipelineCommandHandlerThread-0] INFO  server.RaftServer (RaftServerProxy.java:addNew(100)) - db959189-86db-424f-9228-dcd46ac5d3ef: addNew group-D6EBA2FAC503:[db959189-86db-424f-9228-dcd46ac5d3ef|10.1.0.24:15046, 590e72f5-e0a8-4a6b-9708-265ca50c2b50|10.1.0.24:15064, 88d255ec-0e94-4950-ab45-ac807e327f1f|10.1.0.24:15055] returns group-D6EBA2FAC503:java.util.concurrent.CompletableFuture@4812c66a[Not completed]
2024-04-16 13:47:17,068 [db959189-86db-424f-9228-dcd46ac5d3ef-groupManagement] INFO  server.RaftServer$Division (RaftServerImpl.java:<init>(256)) - db959189-86db-424f-9228-dcd46ac5d3ef: new RaftServerImpl for group-D6EBA2FAC503:[db959189-86db-424f-9228-dcd46ac5d3ef|10.1.0.24:15046, 590e72f5-e0a8-4a6b-9708-265ca50c2b50|10.1.0.24:15064, 88d255ec-0e94-4950-ab45-ac807e327f1f|10.1.0.24:15055] with ContainerStateMachine:uninitialized
2024-04-16 13:47:17,069 [db959189-86db-424f-9228-dcd46ac5d3ef-groupManagement] INFO  server.RaftServerConfigKeys (ConfUtils.java:logGet(46)) - raft.server.rpc.timeout.min = 5s (custom)
2024-04-16 13:47:17,069 [db959189-86db-424f-9228-dcd46ac5d3ef-groupManagement] INFO  server.RaftServerConfigKeys (ConfUtils.java:logGet(46)) - raft.server.rpc.timeout.max = 5200ms (custom)
2024-04-16 13:47:17,069 [db959189-86db-424f-9228-dcd46ac5d3ef-groupManagement] INFO  server.RaftServerConfigKeys (ConfUtils.java:logGet(46)) - raft.server.rpc.sleep.time = 25ms (default)
2024-04-16 13:47:17,069 [db959189-86db-424f-9228-dcd46ac5d3ef-groupManagement] INFO  server.RaftServerConfigKeys (ConfUtils.java:logGet(46)) - raft.server.rpc.slowness.timeout = 300s (custom)
2024-04-16 13:47:17,069 [db959189-86db-424f-9228-dcd46ac5d3ef-groupManagement] INFO  server.RaftServerConfigKeys (ConfUtils.java:logGet(46)) - raft.server.leaderelection.leader.step-down.wait-time = 10s (default)
2024-04-16 13:47:17,069 [db959189-86db-424f-9228-dcd46ac5d3ef-groupManagement] INFO  server.RaftServerConfigKeys (ConfUtils.java:logGet(46)) - raft.server.leaderelection.member.majority-add = false (default)
2024-04-16 13:47:17,069 [db959189-86db-424f-9228-dcd46ac5d3ef-groupManagement] INFO  server.RaftServerConfigKeys (ConfUtils.java:logGet(46)) - raft.server.sleep.deviation.threshold = 300ms (default)
2024-04-16 13:47:17,069 [db959189-86db-424f-9228-dcd46ac5d3ef-groupManagement] INFO  server.RaftServer$Division (ServerState.java:<init>(113)) - db959189-86db-424f-9228-dcd46ac5d3ef@group-D6EBA2FAC503: ConfigurationManager, init=-1: peers:[db959189-86db-424f-9228-dcd46ac5d3ef|10.1.0.24:15046, 590e72f5-e0a8-4a6b-9708-265ca50c2b50|10.1.0.24:15064, 88d255ec-0e94-4950-ab45-ac807e327f1f|10.1.0.24:15055]|listeners:[], old=null, confs=<EMPTY_MAP>
2024-04-16 13:47:17,069 [db959189-86db-424f-9228-dcd46ac5d3ef-groupManagement] INFO  server.RaftServerConfigKeys (ConfUtils.java:logGet(46)) - raft.server.notification.no-leader.timeout = 300s (custom)
2024-04-16 13:47:17,069 [db959189-86db-424f-9228-dcd46ac5d3ef-groupManagement] INFO  server.RaftServerConfigKeys (ConfUtils.java:logGet(46)) - raft.server.read.timeout = 10s (default)
2024-04-16 13:47:17,069 [db959189-86db-424f-9228-dcd46ac5d3ef-groupManagement] INFO  server.RaftServerConfigKeys (ConfUtils.java:logGet(46)) - raft.server.retrycache.expirytime = 600000ms (custom)
2024-04-16 13:47:17,069 [db959189-86db-424f-9228-dcd46ac5d3ef-groupManagement] INFO  server.RaftServerConfigKeys (ConfUtils.java:logGet(46)) - raft.server.retrycache.statistics.expirytime = 100ms (default)
2024-04-16 13:47:17,070 [db959189-86db-424f-9228-dcd46ac5d3ef-groupManagement] INFO  server.RaftServerConfigKeys (ConfUtils.java:logGet(46)) - raft.server.read.option = DEFAULT (default)
2024-04-16 13:47:17,070 [db959189-86db-424f-9228-dcd46ac5d3ef-groupManagement] INFO  server.RaftServerConfigKeys (ConfUtils.java:logGet(46)) - raft.server.read.read-after-write-consistent.write-index-cache.expiry-time = 60s (default)
2024-04-16 13:47:17,072 [db959189-86db-424f-9228-dcd46ac5d3ef-groupManagement] INFO  server.RaftServerConfigKeys (ConfUtils.java:logGet(46)) - raft.server.rpc.request.timeout = 60s (custom)
2024-04-16 13:47:17,072 [db959189-86db-424f-9228-dcd46ac5d3ef-groupManagement] INFO  server.RaftServerConfigKeys (ConfUtils.java:logGet(46)) - raft.server.log.appender.install.snapshot.enabled = false (custom)
2024-04-16 13:47:17,072 [db959189-86db-424f-9228-dcd46ac5d3ef-groupManagement] INFO  server.RaftServerConfigKeys (ConfUtils.java:logGet(46)) - raft.server.threadpool.server.cached = true (default)
2024-04-16 13:47:17,073 [db959189-86db-424f-9228-dcd46ac5d3ef-groupManagement] INFO  server.RaftServerConfigKeys (ConfUtils.java:logGet(46)) - raft.server.threadpool.server.size = 0 (default)
2024-04-16 13:47:17,073 [db959189-86db-424f-9228-dcd46ac5d3ef-groupManagement] INFO  server.RaftServerConfigKeys (ConfUtils.java:logGet(46)) - raft.server.threadpool.client.cached = true (default)
2024-04-16 13:47:17,073 [db959189-86db-424f-9228-dcd46ac5d3ef-groupManagement] INFO  server.RaftServerConfigKeys (ConfUtils.java:logGet(46)) - raft.server.threadpool.client.size = 0 (default)
2024-04-16 13:47:17,073 [db959189-86db-424f-9228-dcd46ac5d3ef-groupManagement] INFO  server.RaftServerConfigKeys (ConfUtils.java:logGet(46)) - raft.server.storage.free-space.min = 0MB (=0) (default)
2024-04-16 13:47:17,073 [db959189-86db-424f-9228-dcd46ac5d3ef-groupManagement] INFO  server.RaftServerConfigKeys (ConfUtils.java:logGet(46)) - raft.server.log.corruption.policy = EXCEPTION (default)
2024-04-16 13:47:17,073 [db959189-86db-424f-9228-dcd46ac5d3ef-groupManagement] INFO  server.RaftServerConfigKeys (ConfUtils.java:logGet(46)) - raft.server.storage.dir = [/home/runner/work/ozone/ozone/hadoop-ozone/integration-test/target/test-dir/MiniOzoneClusterImpl-f0f26617-5c27-4371-b446-298ac6c8687b/ozone-meta/datanode-1/ratis] (custom)
2024-04-16 13:47:17,073 [db959189-86db-424f-9228-dcd46ac5d3ef-groupManagement] INFO  storage.RaftStorageDirectory (RaftStorageDirectoryImpl.java:analyzeStorage(138)) - The storage directory /home/runner/work/ozone/ozone/hadoop-ozone/integration-test/target/test-dir/MiniOzoneClusterImpl-f0f26617-5c27-4371-b446-298ac6c8687b/ozone-meta/datanode-1/ratis/1a146aba-1d5e-4ce9-9ab1-d6eba2fac503 does not exist. Creating ...
2024-04-16 13:47:17,074 [db959189-86db-424f-9228-dcd46ac5d3ef-groupManagement] INFO  storage.RaftStorageDirectory (RaftStorageDirectoryImpl.java:tryLock(228)) - Lock on /home/runner/work/ozone/ozone/hadoop-ozone/integration-test/target/test-dir/MiniOzoneClusterImpl-f0f26617-5c27-4371-b446-298ac6c8687b/ozone-meta/datanode-1/ratis/1a146aba-1d5e-4ce9-9ab1-d6eba2fac503/in_use.lock acquired by nodename 102701@fv-az1428-817
2024-04-16 13:47:17,075 [db959189-86db-424f-9228-dcd46ac5d3ef-groupManagement] INFO  storage.RaftStorage (RaftStorageImpl.java:format(99)) - Storage directory /home/runner/work/ozone/ozone/hadoop-ozone/integration-test/target/test-dir/MiniOzoneClusterImpl-f0f26617-5c27-4371-b446-298ac6c8687b/ozone-meta/datanode-1/ratis/1a146aba-1d5e-4ce9-9ab1-d6eba2fac503 has been successfully formatted.
2024-04-16 13:47:17,076 [db959189-86db-424f-9228-dcd46ac5d3ef-groupManagement] WARN  util.FileUtils (LogUtils.java:supplyAndLog(63)) - Failed to Files.newInputStream /home/runner/work/ozone/ozone/hadoop-ozone/integration-test/target/test-dir/MiniOzoneClusterImpl-f0f26617-5c27-4371-b446-298ac6c8687b/ozone-meta/datanode-1/ratis/1a146aba-1d5e-4ce9-9ab1-d6eba2fac503/current/raft-meta.conf with options []: java.nio.file.NoSuchFileException: /home/runner/work/ozone/ozone/hadoop-ozone/integration-test/target/test-dir/MiniOzoneClusterImpl-f0f26617-5c27-4371-b446-298ac6c8687b/ozone-meta/datanode-1/ratis/1a146aba-1d5e-4ce9-9ab1-d6eba2fac503/current/raft-meta.conf
2024-04-16 13:47:17,076 [db959189-86db-424f-9228-dcd46ac5d3ef-groupManagement] INFO  ratis.ContainerStateMachine (ContainerStateMachine.java:loadSnapshot(287)) - group-D6EBA2FAC503: The snapshot info is null. Setting the last applied index to:(t:0, i:~)
2024-04-16 13:47:17,076 [db959189-86db-424f-9228-dcd46ac5d3ef-groupManagement] INFO  server.RaftServerConfigKeys (ConfUtils.java:logGet(46)) - raft.server.log.use.memory = false (default)
2024-04-16 13:47:17,077 [db959189-86db-424f-9228-dcd46ac5d3ef-groupManagement] INFO  server.RaftServerConfigKeys (ConfUtils.java:logGet(46)) - raft.server.log.purge.gap = 1000000 (custom)
2024-04-16 13:47:17,077 [db959189-86db-424f-9228-dcd46ac5d3ef-groupManagement] INFO  server.RaftServerConfigKeys (ConfUtils.java:logGet(46)) - raft.server.log.appender.buffer.byte-limit = 8388608 (custom)
2024-04-16 13:47:17,078 [db959189-86db-424f-9228-dcd46ac5d3ef-groupManagement] INFO  server.RaftServerConfigKeys (ConfUtils.java:logGet(46)) - raft.server.log.statemachine.data.read.timeout = 1000ms (default)
2024-04-16 13:47:17,078 [scmNode-2-EventQueue-OpenPipelineForHealthyPipelineSafeModeRule] INFO  safemode.SCMSafeModeManager (HealthyPipelineSafeModeRule.java:process(140)) - SCM in safe mode. Healthy pipelines reported count is 0, required healthy pipeline reported count is 1
2024-04-16 13:47:17,078 [db959189-86db-424f-9228-dcd46ac5d3ef-groupManagement] INFO  server.RaftServerConfigKeys (ConfUtils.java:logGet(46)) - raft.server.log.purge.preservation.log.num = 0 (default)
2024-04-16 13:47:17,078 [scmNode-3-EventQueue-OpenPipelineForHealthyPipelineSafeModeRule] INFO  safemode.SCMSafeModeManager (HealthyPipelineSafeModeRule.java:process(140)) - SCM in safe mode. Healthy pipelines reported count is 0, required healthy pipeline reported count is 1
2024-04-16 13:47:17,079 [scmNode-1-EventQueue-OpenPipelineForHealthyPipelineSafeModeRule] INFO  safemode.SCMSafeModeManager (HealthyPipelineSafeModeRule.java:process(140)) - SCM in safe mode. Healthy pipelines reported count is 0, required healthy pipeline reported count is 1
2024-04-16 13:47:17,080 [db959189-86db-424f-9228-dcd46ac5d3ef-groupManagement] INFO  server.RaftServerConfigKeys (ConfUtils.java:logGet(46)) - raft.server.log.segment.size.max = 67108864 (custom)
2024-04-16 13:47:17,080 [db959189-86db-424f-9228-dcd46ac5d3ef-groupManagement] INFO  server.RaftServerConfigKeys (ConfUtils.java:logGet(46)) - raft.server.log.segment.cache.num.max = 2 (custom)
2024-04-16 13:47:17,080 [db959189-86db-424f-9228-dcd46ac5d3ef-groupManagement] INFO  server.RaftServerConfigKeys (ConfUtils.java:logGet(46)) - raft.server.log.segment.cache.size.max = 200MB (=209715200) (default)
2024-04-16 13:47:17,080 [db959189-86db-424f-9228-dcd46ac5d3ef-groupManagement] INFO  server.RaftServerConfigKeys (ConfUtils.java:logGet(46)) - raft.server.log.appender.buffer.byte-limit = 8388608 (custom)
2024-04-16 13:47:17,081 [db959189-86db-424f-9228-dcd46ac5d3ef-groupManagement] INFO  util.AwaitToRun (AwaitToRun.java:start(81)) - Thread[db959189-86db-424f-9228-dcd46ac5d3ef@group-D6EBA2FAC503-cacheEviction-AwaitToRun,5,main] started
2024-04-16 13:47:17,081 [db959189-86db-424f-9228-dcd46ac5d3ef-groupManagement] INFO  segmented.SegmentedRaftLogWorker (SegmentedRaftLogWorker.java:<init>(182)) - new db959189-86db-424f-9228-dcd46ac5d3ef@group-D6EBA2FAC503-SegmentedRaftLogWorker for RaftStorageImpl:Storage Directory /home/runner/work/ozone/ozone/hadoop-ozone/integration-test/target/test-dir/MiniOzoneClusterImpl-f0f26617-5c27-4371-b446-298ac6c8687b/ozone-meta/datanode-1/ratis/1a146aba-1d5e-4ce9-9ab1-d6eba2fac503
2024-04-16 13:47:17,081 [db959189-86db-424f-9228-dcd46ac5d3ef-groupManagement] INFO  server.RaftServerConfigKeys (ConfUtils.java:logGet(46)) - raft.server.log.queue.byte-limit = 4294967296 (custom)
2024-04-16 13:47:17,081 [db959189-86db-424f-9228-dcd46ac5d3ef-groupManagement] INFO  server.RaftServerConfigKeys (ConfUtils.java:logGet(46)) - raft.server.log.queue.element-limit = 1024 (custom)
2024-04-16 13:47:17,081 [db959189-86db-424f-9228-dcd46ac5d3ef-groupManagement] INFO  server.RaftServerConfigKeys (ConfUtils.java:logGet(46)) - raft.server.log.segment.size.max = 67108864 (custom)
2024-04-16 13:47:17,081 [db959189-86db-424f-9228-dcd46ac5d3ef-groupManagement] INFO  server.RaftServerConfigKeys (ConfUtils.java:logGet(46)) - raft.server.log.preallocated.size = 4194304 (custom)
2024-04-16 13:47:17,081 [db959189-86db-424f-9228-dcd46ac5d3ef-groupManagement] INFO  server.RaftServerConfigKeys (ConfUtils.java:logGet(46)) - raft.server.log.force.sync.num = 128 (default)
2024-04-16 13:47:17,081 [db959189-86db-424f-9228-dcd46ac5d3ef-groupManagement] INFO  server.RaftServerConfigKeys (ConfUtils.java:logGet(46)) - raft.server.log.statemachine.data.sync = true (default)
2024-04-16 13:47:17,082 [db959189-86db-424f-9228-dcd46ac5d3ef-groupManagement] INFO  server.RaftServerConfigKeys (ConfUtils.java:logGet(46)) - raft.server.log.statemachine.data.sync.timeout = 10s (default)
2024-04-16 13:47:17,082 [db959189-86db-424f-9228-dcd46ac5d3ef-groupManagement] INFO  server.RaftServerConfigKeys (ConfUtils.java:logGet(46)) - raft.server.log.statemachine.data.sync.timeout.retry = 0 (custom)
2024-04-16 13:47:17,082 [db959189-86db-424f-9228-dcd46ac5d3ef-groupManagement] INFO  server.RaftServerConfigKeys (ConfUtils.java:logGet(46)) - raft.server.log.write.buffer.size = 8388616 (custom)
2024-04-16 13:47:17,084 [db959189-86db-424f-9228-dcd46ac5d3ef-groupManagement] INFO  server.RaftServerConfigKeys (ConfUtils.java:logGet(46)) - raft.server.log.appender.buffer.byte-limit = 8388608 (custom)
2024-04-16 13:47:17,084 [db959189-86db-424f-9228-dcd46ac5d3ef-groupManagement] INFO  server.RaftServerConfigKeys (ConfUtils.java:logGet(46)) - raft.server.log.unsafe-flush.enabled = false (default)
2024-04-16 13:47:17,084 [db959189-86db-424f-9228-dcd46ac5d3ef-groupManagement] INFO  server.RaftServerConfigKeys (ConfUtils.java:logGet(46)) - raft.server.log.async-flush.enabled = false (default)
2024-04-16 13:47:17,084 [db959189-86db-424f-9228-dcd46ac5d3ef-groupManagement] INFO  server.RaftServerConfigKeys (ConfUtils.java:logGet(46)) - raft.server.log.statemachine.data.caching.enabled = true (custom)
2024-04-16 13:47:17,084 [db959189-86db-424f-9228-dcd46ac5d3ef-groupManagement] INFO  segmented.SegmentedRaftLogWorker (SegmentedRaftLogWorker.java:lambda$new$0(134)) - db959189-86db-424f-9228-dcd46ac5d3ef@group-D6EBA2FAC503-SegmentedRaftLogWorker: flushIndex: setUnconditionally 0 -> -1
2024-04-16 13:47:17,084 [db959189-86db-424f-9228-dcd46ac5d3ef-groupManagement] INFO  segmented.SegmentedRaftLogWorker (SegmentedRaftLogWorker.java:lambda$new$0(134)) - db959189-86db-424f-9228-dcd46ac5d3ef@group-D6EBA2FAC503-SegmentedRaftLogWorker: safeCacheEvictIndex: setUnconditionally 0 -> -1
2024-04-16 13:47:17,088 [db959189-86db-424f-9228-dcd46ac5d3ef-groupManagement] INFO  server.RaftServer$Division (RaftServerImpl.java:start(396)) - db959189-86db-424f-9228-dcd46ac5d3ef@group-D6EBA2FAC503: start as a follower, conf=-1: peers:[db959189-86db-424f-9228-dcd46ac5d3ef|10.1.0.24:15046, 590e72f5-e0a8-4a6b-9708-265ca50c2b50|10.1.0.24:15064, 88d255ec-0e94-4950-ab45-ac807e327f1f|10.1.0.24:15055]|listeners:[], old=null
2024-04-16 13:47:17,088 [db959189-86db-424f-9228-dcd46ac5d3ef-groupManagement] INFO  server.RaftServer$Division (RaftServerImpl.java:setRole(383)) - db959189-86db-424f-9228-dcd46ac5d3ef@group-D6EBA2FAC503: changes role from      null to FOLLOWER at term 0 for startAsFollower
2024-04-16 13:47:17,088 [db959189-86db-424f-9228-dcd46ac5d3ef-groupManagement] INFO  impl.RoleInfo (RoleInfo.java:updateAndGet(139)) - db959189-86db-424f-9228-dcd46ac5d3ef: start db959189-86db-424f-9228-dcd46ac5d3ef@group-D6EBA2FAC503-FollowerState
2024-04-16 13:47:17,088 [db959189-86db-424f-9228-dcd46ac5d3ef@group-D6EBA2FAC503-FollowerState] INFO  server.RaftServerConfigKeys (ConfUtils.java:logFallback(53)) - raft.server.rpc.first-election.timeout.min = 5s (fallback to raft.server.rpc.timeout.min)
2024-04-16 13:47:17,088 [db959189-86db-424f-9228-dcd46ac5d3ef-groupManagement] INFO  util.JmxRegister (JmxRegister.java:tryRegister(44)) - Successfully registered JMX Bean with object name Ratis:service=RaftServer,group=group-D6EBA2FAC503,id=db959189-86db-424f-9228-dcd46ac5d3ef
2024-04-16 13:47:17,089 [db959189-86db-424f-9228-dcd46ac5d3ef-groupManagement] INFO  server.RaftServerConfigKeys (ConfUtils.java:logGet(46)) - raft.server.snapshot.trigger-when-stop.enabled = true (default)
2024-04-16 13:47:17,089 [db959189-86db-424f-9228-dcd46ac5d3ef-groupManagement] INFO  server.RaftServerConfigKeys (ConfUtils.java:logGet(46)) - raft.server.snapshot.auto.trigger.enabled = true (custom)
2024-04-16 13:47:17,089 [db959189-86db-424f-9228-dcd46ac5d3ef-groupManagement] INFO  server.RaftServerConfigKeys (ConfUtils.java:logGet(46)) - raft.server.snapshot.auto.trigger.threshold = 10000 (custom)
2024-04-16 13:47:17,089 [db959189-86db-424f-9228-dcd46ac5d3ef-groupManagement] INFO  server.RaftServerConfigKeys (ConfUtils.java:logGet(46)) - raft.server.snapshot.retention.file.num = 5 (custom)
2024-04-16 13:47:17,089 [db959189-86db-424f-9228-dcd46ac5d3ef-groupManagement] INFO  server.RaftServerConfigKeys (ConfUtils.java:logGet(46)) - raft.server.log.purge.upto.snapshot.index = false (default)
2024-04-16 13:47:17,088 [db959189-86db-424f-9228-dcd46ac5d3ef@group-D6EBA2FAC503-FollowerState] INFO  server.RaftServerConfigKeys (ConfUtils.java:logFallback(53)) - raft.server.rpc.first-election.timeout.max = 5200ms (fallback to raft.server.rpc.timeout.max)
2024-04-16 13:47:17,090 [db959189-86db-424f-9228-dcd46ac5d3ef-PipelineCommandHandlerThread-0] INFO  ratis.XceiverServerRatis (XceiverServerRatis.java:addGroup(864)) - Created group PipelineID=1a146aba-1d5e-4ce9-9ab1-d6eba2fac503
2024-04-16 13:47:17,107 [grpc-default-executor-3] INFO  server.RaftServer (RaftServerProxy.java:addNew(100)) - 590e72f5-e0a8-4a6b-9708-265ca50c2b50: addNew group-D6EBA2FAC503:[db959189-86db-424f-9228-dcd46ac5d3ef|10.1.0.24:15046, 590e72f5-e0a8-4a6b-9708-265ca50c2b50|10.1.0.24:15064, 88d255ec-0e94-4950-ab45-ac807e327f1f|10.1.0.24:15055] returns group-D6EBA2FAC503:java.util.concurrent.CompletableFuture@4b2b3358[Not completed]
2024-04-16 13:47:17,108 [590e72f5-e0a8-4a6b-9708-265ca50c2b50-groupManagement] INFO  server.RaftServer$Division (RaftServerImpl.java:<init>(256)) - 590e72f5-e0a8-4a6b-9708-265ca50c2b50: new RaftServerImpl for group-D6EBA2FAC503:[db959189-86db-424f-9228-dcd46ac5d3ef|10.1.0.24:15046, 590e72f5-e0a8-4a6b-9708-265ca50c2b50|10.1.0.24:15064, 88d255ec-0e94-4950-ab45-ac807e327f1f|10.1.0.24:15055] with ContainerStateMachine:uninitialized
2024-04-16 13:47:17,108 [590e72f5-e0a8-4a6b-9708-265ca50c2b50-groupManagement] INFO  server.RaftServerConfigKeys (ConfUtils.java:logGet(46)) - raft.server.rpc.timeout.min = 5s (custom)
2024-04-16 13:47:17,108 [590e72f5-e0a8-4a6b-9708-265ca50c2b50-groupManagement] INFO  server.RaftServerConfigKeys (ConfUtils.java:logGet(46)) - raft.server.rpc.timeout.max = 5200ms (custom)
2024-04-16 13:47:17,108 [590e72f5-e0a8-4a6b-9708-265ca50c2b50-groupManagement] INFO  server.RaftServerConfigKeys (ConfUtils.java:logGet(46)) - raft.server.rpc.sleep.time = 25ms (default)
2024-04-16 13:47:17,109 [590e72f5-e0a8-4a6b-9708-265ca50c2b50-groupManagement] INFO  server.RaftServerConfigKeys (ConfUtils.java:logGet(46)) - raft.server.rpc.slowness.timeout = 300s (custom)
2024-04-16 13:47:17,109 [590e72f5-e0a8-4a6b-9708-265ca50c2b50-groupManagement] INFO  server.RaftServerConfigKeys (ConfUtils.java:logGet(46)) - raft.server.leaderelection.leader.step-down.wait-time = 10s (default)
2024-04-16 13:47:17,109 [590e72f5-e0a8-4a6b-9708-265ca50c2b50-groupManagement] INFO  server.RaftServerConfigKeys (ConfUtils.java:logGet(46)) - raft.server.leaderelection.member.majority-add = false (default)
2024-04-16 13:47:17,109 [590e72f5-e0a8-4a6b-9708-265ca50c2b50-groupManagement] INFO  server.RaftServerConfigKeys (ConfUtils.java:logGet(46)) - raft.server.sleep.deviation.threshold = 300ms (default)
2024-04-16 13:47:17,109 [590e72f5-e0a8-4a6b-9708-265ca50c2b50-groupManagement] INFO  server.RaftServer$Division (ServerState.java:<init>(113)) - 590e72f5-e0a8-4a6b-9708-265ca50c2b50@group-D6EBA2FAC503: ConfigurationManager, init=-1: peers:[db959189-86db-424f-9228-dcd46ac5d3ef|10.1.0.24:15046, 590e72f5-e0a8-4a6b-9708-265ca50c2b50|10.1.0.24:15064, 88d255ec-0e94-4950-ab45-ac807e327f1f|10.1.0.24:15055]|listeners:[], old=null, confs=<EMPTY_MAP>
2024-04-16 13:47:17,109 [590e72f5-e0a8-4a6b-9708-265ca50c2b50-groupManagement] INFO  server.RaftServerConfigKeys (ConfUtils.java:logGet(46)) - raft.server.notification.no-leader.timeout = 300s (custom)
2024-04-16 13:47:17,109 [590e72f5-e0a8-4a6b-9708-265ca50c2b50-groupManagement] INFO  server.RaftServerConfigKeys (ConfUtils.java:logGet(46)) - raft.server.read.timeout = 10s (default)
2024-04-16 13:47:17,109 [590e72f5-e0a8-4a6b-9708-265ca50c2b50-groupManagement] INFO  server.RaftServerConfigKeys (ConfUtils.java:logGet(46)) - raft.server.retrycache.expirytime = 600000ms (custom)
2024-04-16 13:47:17,109 [590e72f5-e0a8-4a6b-9708-265ca50c2b50-groupManagement] INFO  server.RaftServerConfigKeys (ConfUtils.java:logGet(46)) - raft.server.retrycache.statistics.expirytime = 100ms (default)
2024-04-16 13:47:17,109 [590e72f5-e0a8-4a6b-9708-265ca50c2b50-groupManagement] INFO  server.RaftServerConfigKeys (ConfUtils.java:logGet(46)) - raft.server.read.option = DEFAULT (default)
2024-04-16 13:47:17,109 [590e72f5-e0a8-4a6b-9708-265ca50c2b50-groupManagement] INFO  server.RaftServerConfigKeys (ConfUtils.java:logGet(46)) - raft.server.read.read-after-write-consistent.write-index-cache.expiry-time = 60s (default)
2024-04-16 13:47:17,113 [590e72f5-e0a8-4a6b-9708-265ca50c2b50-groupManagement] INFO  server.RaftServerConfigKeys (ConfUtils.java:logGet(46)) - raft.server.rpc.request.timeout = 60s (custom)
2024-04-16 13:47:17,113 [590e72f5-e0a8-4a6b-9708-265ca50c2b50-groupManagement] INFO  server.RaftServerConfigKeys (ConfUtils.java:logGet(46)) - raft.server.log.appender.install.snapshot.enabled = false (custom)
2024-04-16 13:47:17,113 [590e72f5-e0a8-4a6b-9708-265ca50c2b50-groupManagement] INFO  server.RaftServerConfigKeys (ConfUtils.java:logGet(46)) - raft.server.threadpool.server.cached = true (default)
2024-04-16 13:47:17,113 [590e72f5-e0a8-4a6b-9708-265ca50c2b50-groupManagement] INFO  server.RaftServerConfigKeys (ConfUtils.java:logGet(46)) - raft.server.threadpool.server.size = 0 (default)
2024-04-16 13:47:17,114 [590e72f5-e0a8-4a6b-9708-265ca50c2b50-groupManagement] INFO  server.RaftServerConfigKeys (ConfUtils.java:logGet(46)) - raft.server.threadpool.client.cached = true (default)
2024-04-16 13:47:17,114 [590e72f5-e0a8-4a6b-9708-265ca50c2b50-groupManagement] INFO  server.RaftServerConfigKeys (ConfUtils.java:logGet(46)) - raft.server.threadpool.client.size = 0 (default)
2024-04-16 13:47:17,114 [590e72f5-e0a8-4a6b-9708-265ca50c2b50-groupManagement] INFO  server.RaftServerConfigKeys (ConfUtils.java:logGet(46)) - raft.server.storage.free-space.min = 0MB (=0) (default)
2024-04-16 13:47:17,114 [590e72f5-e0a8-4a6b-9708-265ca50c2b50-groupManagement] INFO  server.RaftServerConfigKeys (ConfUtils.java:logGet(46)) - raft.server.log.corruption.policy = EXCEPTION (default)
2024-04-16 13:47:17,114 [590e72f5-e0a8-4a6b-9708-265ca50c2b50-groupManagement] INFO  server.RaftServerConfigKeys (ConfUtils.java:logGet(46)) - raft.server.storage.dir = [/home/runner/work/ozone/ozone/hadoop-ozone/integration-test/target/test-dir/MiniOzoneClusterImpl-f0f26617-5c27-4371-b446-298ac6c8687b/ozone-meta/datanode-3/ratis] (custom)
2024-04-16 13:47:17,115 [590e72f5-e0a8-4a6b-9708-265ca50c2b50-groupManagement] INFO  storage.RaftStorageDirectory (RaftStorageDirectoryImpl.java:analyzeStorage(138)) - The storage directory /home/runner/work/ozone/ozone/hadoop-ozone/integration-test/target/test-dir/MiniOzoneClusterImpl-f0f26617-5c27-4371-b446-298ac6c8687b/ozone-meta/datanode-3/ratis/1a146aba-1d5e-4ce9-9ab1-d6eba2fac503 does not exist. Creating ...
2024-04-16 13:47:17,116 [590e72f5-e0a8-4a6b-9708-265ca50c2b50-groupManagement] INFO  storage.RaftStorageDirectory (RaftStorageDirectoryImpl.java:tryLock(228)) - Lock on /home/runner/work/ozone/ozone/hadoop-ozone/integration-test/target/test-dir/MiniOzoneClusterImpl-f0f26617-5c27-4371-b446-298ac6c8687b/ozone-meta/datanode-3/ratis/1a146aba-1d5e-4ce9-9ab1-d6eba2fac503/in_use.lock acquired by nodename 102701@fv-az1428-817
2024-04-16 13:47:17,117 [590e72f5-e0a8-4a6b-9708-265ca50c2b50-groupManagement] INFO  storage.RaftStorage (RaftStorageImpl.java:format(99)) - Storage directory /home/runner/work/ozone/ozone/hadoop-ozone/integration-test/target/test-dir/MiniOzoneClusterImpl-f0f26617-5c27-4371-b446-298ac6c8687b/ozone-meta/datanode-3/ratis/1a146aba-1d5e-4ce9-9ab1-d6eba2fac503 has been successfully formatted.
2024-04-16 13:47:17,117 [590e72f5-e0a8-4a6b-9708-265ca50c2b50-groupManagement] WARN  util.FileUtils (LogUtils.java:supplyAndLog(63)) - Failed to Files.newInputStream /home/runner/work/ozone/ozone/hadoop-ozone/integration-test/target/test-dir/MiniOzoneClusterImpl-f0f26617-5c27-4371-b446-298ac6c8687b/ozone-meta/datanode-3/ratis/1a146aba-1d5e-4ce9-9ab1-d6eba2fac503/current/raft-meta.conf with options []: java.nio.file.NoSuchFileException: /home/runner/work/ozone/ozone/hadoop-ozone/integration-test/target/test-dir/MiniOzoneClusterImpl-f0f26617-5c27-4371-b446-298ac6c8687b/ozone-meta/datanode-3/ratis/1a146aba-1d5e-4ce9-9ab1-d6eba2fac503/current/raft-meta.conf
2024-04-16 13:47:17,118 [590e72f5-e0a8-4a6b-9708-265ca50c2b50-groupManagement] INFO  ratis.ContainerStateMachine (ContainerStateMachine.java:loadSnapshot(287)) - group-D6EBA2FAC503: The snapshot info is null. Setting the last applied index to:(t:0, i:~)
2024-04-16 13:47:17,118 [590e72f5-e0a8-4a6b-9708-265ca50c2b50-groupManagement] INFO  server.RaftServerConfigKeys (ConfUtils.java:logGet(46)) - raft.server.log.use.memory = false (default)
2024-04-16 13:47:17,118 [590e72f5-e0a8-4a6b-9708-265ca50c2b50-groupManagement] INFO  server.RaftServerConfigKeys (ConfUtils.java:logGet(46)) - raft.server.log.purge.gap = 1000000 (custom)
2024-04-16 13:47:17,118 [590e72f5-e0a8-4a6b-9708-265ca50c2b50-groupManagement] INFO  server.RaftServerConfigKeys (ConfUtils.java:logGet(46)) - raft.server.log.appender.buffer.byte-limit = 8388608 (custom)
2024-04-16 13:47:17,119 [590e72f5-e0a8-4a6b-9708-265ca50c2b50-groupManagement] INFO  server.RaftServerConfigKeys (ConfUtils.java:logGet(46)) - raft.server.log.statemachine.data.read.timeout = 1000ms (default)
2024-04-16 13:47:17,119 [590e72f5-e0a8-4a6b-9708-265ca50c2b50-groupManagement] INFO  server.RaftServerConfigKeys (ConfUtils.java:logGet(46)) - raft.server.log.purge.preservation.log.num = 0 (default)
2024-04-16 13:47:17,122 [590e72f5-e0a8-4a6b-9708-265ca50c2b50-groupManagement] INFO  server.RaftServerConfigKeys (ConfUtils.java:logGet(46)) - raft.server.log.segment.size.max = 67108864 (custom)
2024-04-16 13:47:17,122 [590e72f5-e0a8-4a6b-9708-265ca50c2b50-groupManagement] INFO  server.RaftServerConfigKeys (ConfUtils.java:logGet(46)) - raft.server.log.segment.cache.num.max = 2 (custom)
2024-04-16 13:47:17,123 [590e72f5-e0a8-4a6b-9708-265ca50c2b50-groupManagement] INFO  server.RaftServerConfigKeys (ConfUtils.java:logGet(46)) - raft.server.log.segment.cache.size.max = 200MB (=209715200) (default)
2024-04-16 13:47:17,123 [590e72f5-e0a8-4a6b-9708-265ca50c2b50-groupManagement] INFO  server.RaftServerConfigKeys (ConfUtils.java:logGet(46)) - raft.server.log.appender.buffer.byte-limit = 8388608 (custom)
2024-04-16 13:47:17,123 [590e72f5-e0a8-4a6b-9708-265ca50c2b50-groupManagement] INFO  util.AwaitToRun (AwaitToRun.java:start(81)) - Thread[590e72f5-e0a8-4a6b-9708-265ca50c2b50@group-D6EBA2FAC503-cacheEviction-AwaitToRun,5,main] started
2024-04-16 13:47:17,123 [590e72f5-e0a8-4a6b-9708-265ca50c2b50-groupManagement] INFO  segmented.SegmentedRaftLogWorker (SegmentedRaftLogWorker.java:<init>(182)) - new 590e72f5-e0a8-4a6b-9708-265ca50c2b50@group-D6EBA2FAC503-SegmentedRaftLogWorker for RaftStorageImpl:Storage Directory /home/runner/work/ozone/ozone/hadoop-ozone/integration-test/target/test-dir/MiniOzoneClusterImpl-f0f26617-5c27-4371-b446-298ac6c8687b/ozone-meta/datanode-3/ratis/1a146aba-1d5e-4ce9-9ab1-d6eba2fac503
2024-04-16 13:47:17,124 [590e72f5-e0a8-4a6b-9708-265ca50c2b50-groupManagement] INFO  server.RaftServerConfigKeys (ConfUtils.java:logGet(46)) - raft.server.log.queue.byte-limit = 4294967296 (custom)
2024-04-16 13:47:17,124 [590e72f5-e0a8-4a6b-9708-265ca50c2b50-groupManagement] INFO  server.RaftServerConfigKeys (ConfUtils.java:logGet(46)) - raft.server.log.queue.element-limit = 1024 (custom)
2024-04-16 13:47:17,124 [590e72f5-e0a8-4a6b-9708-265ca50c2b50-groupManagement] INFO  server.RaftServerConfigKeys (ConfUtils.java:logGet(46)) - raft.server.log.segment.size.max = 67108864 (custom)
2024-04-16 13:47:17,124 [590e72f5-e0a8-4a6b-9708-265ca50c2b50-groupManagement] INFO  server.RaftServerConfigKeys (ConfUtils.java:logGet(46)) - raft.server.log.preallocated.size = 4194304 (custom)
2024-04-16 13:47:17,124 [590e72f5-e0a8-4a6b-9708-265ca50c2b50-groupManagement] INFO  server.RaftServerConfigKeys (ConfUtils.java:logGet(46)) - raft.server.log.force.sync.num = 128 (default)
2024-04-16 13:47:17,124 [590e72f5-e0a8-4a6b-9708-265ca50c2b50-groupManagement] INFO  server.RaftServerConfigKeys (ConfUtils.java:logGet(46)) - raft.server.log.statemachine.data.sync = true (default)
2024-04-16 13:47:17,124 [590e72f5-e0a8-4a6b-9708-265ca50c2b50-groupManagement] INFO  server.RaftServerConfigKeys (ConfUtils.java:logGet(46)) - raft.server.log.statemachine.data.sync.timeout = 10s (default)
2024-04-16 13:47:17,124 [590e72f5-e0a8-4a6b-9708-265ca50c2b50-groupManagement] INFO  server.RaftServerConfigKeys (ConfUtils.java:logGet(46)) - raft.server.log.statemachine.data.sync.timeout.retry = 0 (custom)
2024-04-16 13:47:17,125 [590e72f5-e0a8-4a6b-9708-265ca50c2b50-groupManagement] INFO  server.RaftServerConfigKeys (ConfUtils.java:logGet(46)) - raft.server.log.write.buffer.size = 8388616 (custom)
2024-04-16 13:47:17,126 [590e72f5-e0a8-4a6b-9708-265ca50c2b50-groupManagement] INFO  server.RaftServerConfigKeys (ConfUtils.java:logGet(46)) - raft.server.log.appender.buffer.byte-limit = 8388608 (custom)
2024-04-16 13:47:17,126 [590e72f5-e0a8-4a6b-9708-265ca50c2b50-groupManagement] INFO  server.RaftServerConfigKeys (ConfUtils.java:logGet(46)) - raft.server.log.unsafe-flush.enabled = false (default)
2024-04-16 13:47:17,126 [590e72f5-e0a8-4a6b-9708-265ca50c2b50-groupManagement] INFO  server.RaftServerConfigKeys (ConfUtils.java:logGet(46)) - raft.server.log.async-flush.enabled = false (default)
2024-04-16 13:47:17,126 [590e72f5-e0a8-4a6b-9708-265ca50c2b50-groupManagement] INFO  server.RaftServerConfigKeys (ConfUtils.java:logGet(46)) - raft.server.log.statemachine.data.caching.enabled = true (custom)
2024-04-16 13:47:17,127 [590e72f5-e0a8-4a6b-9708-265ca50c2b50-groupManagement] INFO  segmented.SegmentedRaftLogWorker (SegmentedRaftLogWorker.java:lambda$new$0(134)) - 590e72f5-e0a8-4a6b-9708-265ca50c2b50@group-D6EBA2FAC503-SegmentedRaftLogWorker: flushIndex: setUnconditionally 0 -> -1
2024-04-16 13:47:17,127 [590e72f5-e0a8-4a6b-9708-265ca50c2b50-groupManagement] INFO  segmented.SegmentedRaftLogWorker (SegmentedRaftLogWorker.java:lambda$new$0(134)) - 590e72f5-e0a8-4a6b-9708-265ca50c2b50@group-D6EBA2FAC503-SegmentedRaftLogWorker: safeCacheEvictIndex: setUnconditionally 0 -> -1
2024-04-16 13:47:17,127 [590e72f5-e0a8-4a6b-9708-265ca50c2b50-groupManagement] INFO  server.RaftServer$Division (RaftServerImpl.java:start(396)) - 590e72f5-e0a8-4a6b-9708-265ca50c2b50@group-D6EBA2FAC503: start as a follower, conf=-1: peers:[db959189-86db-424f-9228-dcd46ac5d3ef|10.1.0.24:15046, 590e72f5-e0a8-4a6b-9708-265ca50c2b50|10.1.0.24:15064, 88d255ec-0e94-4950-ab45-ac807e327f1f|10.1.0.24:15055]|listeners:[], old=null
2024-04-16 13:47:17,127 [590e72f5-e0a8-4a6b-9708-265ca50c2b50-groupManagement] INFO  server.RaftServer$Division (RaftServerImpl.java:setRole(383)) - 590e72f5-e0a8-4a6b-9708-265ca50c2b50@group-D6EBA2FAC503: changes role from      null to FOLLOWER at term 0 for startAsFollower
2024-04-16 13:47:17,127 [590e72f5-e0a8-4a6b-9708-265ca50c2b50-groupManagement] INFO  impl.RoleInfo (RoleInfo.java:updateAndGet(139)) - 590e72f5-e0a8-4a6b-9708-265ca50c2b50: start 590e72f5-e0a8-4a6b-9708-265ca50c2b50@group-D6EBA2FAC503-FollowerState
2024-04-16 13:47:17,128 [590e72f5-e0a8-4a6b-9708-265ca50c2b50-groupManagement] INFO  util.JmxRegister (JmxRegister.java:tryRegister(44)) - Successfully registered JMX Bean with object name Ratis:service=RaftServer,group=group-D6EBA2FAC503,id=590e72f5-e0a8-4a6b-9708-265ca50c2b50
2024-04-16 13:47:17,128 [590e72f5-e0a8-4a6b-9708-265ca50c2b50-groupManagement] INFO  server.RaftServerConfigKeys (ConfUtils.java:logGet(46)) - raft.server.snapshot.trigger-when-stop.enabled = true (default)
2024-04-16 13:47:17,128 [590e72f5-e0a8-4a6b-9708-265ca50c2b50-groupManagement] INFO  server.RaftServerConfigKeys (ConfUtils.java:logGet(46)) - raft.server.snapshot.auto.trigger.enabled = true (custom)
2024-04-16 13:47:17,128 [590e72f5-e0a8-4a6b-9708-265ca50c2b50-groupManagement] INFO  server.RaftServerConfigKeys (ConfUtils.java:logGet(46)) - raft.server.snapshot.auto.trigger.threshold = 10000 (custom)
2024-04-16 13:47:17,128 [590e72f5-e0a8-4a6b-9708-265ca50c2b50-groupManagement] INFO  server.RaftServerConfigKeys (ConfUtils.java:logGet(46)) - raft.server.snapshot.retention.file.num = 5 (custom)
2024-04-16 13:47:17,128 [590e72f5-e0a8-4a6b-9708-265ca50c2b50-groupManagement] INFO  server.RaftServerConfigKeys (ConfUtils.java:logGet(46)) - raft.server.log.purge.upto.snapshot.index = false (default)
2024-04-16 13:47:17,129 [590e72f5-e0a8-4a6b-9708-265ca50c2b50@group-D6EBA2FAC503-FollowerState] INFO  server.RaftServerConfigKeys (ConfUtils.java:logFallback(53)) - raft.server.rpc.first-election.timeout.min = 5s (fallback to raft.server.rpc.timeout.min)
2024-04-16 13:47:17,129 [590e72f5-e0a8-4a6b-9708-265ca50c2b50@group-D6EBA2FAC503-FollowerState] INFO  server.RaftServerConfigKeys (ConfUtils.java:logFallback(53)) - raft.server.rpc.first-election.timeout.max = 5200ms (fallback to raft.server.rpc.timeout.max)
2024-04-16 13:47:17,147 [grpc-default-executor-3] INFO  server.RaftServer (RaftServerProxy.java:addNew(100)) - 88d255ec-0e94-4950-ab45-ac807e327f1f: addNew group-D6EBA2FAC503:[db959189-86db-424f-9228-dcd46ac5d3ef|10.1.0.24:15046, 590e72f5-e0a8-4a6b-9708-265ca50c2b50|10.1.0.24:15064, 88d255ec-0e94-4950-ab45-ac807e327f1f|10.1.0.24:15055] returns group-D6EBA2FAC503:java.util.concurrent.CompletableFuture@2c53fa49[Not completed]
2024-04-16 13:47:17,148 [88d255ec-0e94-4950-ab45-ac807e327f1f-groupManagement] INFO  server.RaftServer$Division (RaftServerImpl.java:<init>(256)) - 88d255ec-0e94-4950-ab45-ac807e327f1f: new RaftServerImpl for group-D6EBA2FAC503:[db959189-86db-424f-9228-dcd46ac5d3ef|10.1.0.24:15046, 590e72f5-e0a8-4a6b-9708-265ca50c2b50|10.1.0.24:15064, 88d255ec-0e94-4950-ab45-ac807e327f1f|10.1.0.24:15055] with ContainerStateMachine:uninitialized
2024-04-16 13:47:17,148 [88d255ec-0e94-4950-ab45-ac807e327f1f-groupManagement] INFO  server.RaftServerConfigKeys (ConfUtils.java:logGet(46)) - raft.server.rpc.timeout.min = 5s (custom)
2024-04-16 13:47:17,148 [88d255ec-0e94-4950-ab45-ac807e327f1f-groupManagement] INFO  server.RaftServerConfigKeys (ConfUtils.java:logGet(46)) - raft.server.rpc.timeout.max = 5200ms (custom)
2024-04-16 13:47:17,148 [88d255ec-0e94-4950-ab45-ac807e327f1f-groupManagement] INFO  server.RaftServerConfigKeys (ConfUtils.java:logGet(46)) - raft.server.rpc.sleep.time = 25ms (default)
2024-04-16 13:47:17,149 [88d255ec-0e94-4950-ab45-ac807e327f1f-groupManagement] INFO  server.RaftServerConfigKeys (ConfUtils.java:logGet(46)) - raft.server.rpc.slowness.timeout = 300s (custom)
2024-04-16 13:47:17,149 [88d255ec-0e94-4950-ab45-ac807e327f1f-groupManagement] INFO  server.RaftServerConfigKeys (ConfUtils.java:logGet(46)) - raft.server.leaderelection.leader.step-down.wait-time = 10s (default)
2024-04-16 13:47:17,149 [88d255ec-0e94-4950-ab45-ac807e327f1f-groupManagement] INFO  server.RaftServerConfigKeys (ConfUtils.java:logGet(46)) - raft.server.leaderelection.member.majority-add = false (default)
2024-04-16 13:47:17,149 [88d255ec-0e94-4950-ab45-ac807e327f1f-groupManagement] INFO  server.RaftServerConfigKeys (ConfUtils.java:logGet(46)) - raft.server.sleep.deviation.threshold = 300ms (default)
2024-04-16 13:47:17,149 [88d255ec-0e94-4950-ab45-ac807e327f1f-groupManagement] INFO  server.RaftServer$Division (ServerState.java:<init>(113)) - 88d255ec-0e94-4950-ab45-ac807e327f1f@group-D6EBA2FAC503: ConfigurationManager, init=-1: peers:[db959189-86db-424f-9228-dcd46ac5d3ef|10.1.0.24:15046, 590e72f5-e0a8-4a6b-9708-265ca50c2b50|10.1.0.24:15064, 88d255ec-0e94-4950-ab45-ac807e327f1f|10.1.0.24:15055]|listeners:[], old=null, confs=<EMPTY_MAP>
2024-04-16 13:47:17,149 [88d255ec-0e94-4950-ab45-ac807e327f1f-groupManagement] INFO  server.RaftServerConfigKeys (ConfUtils.java:logGet(46)) - raft.server.notification.no-leader.timeout = 300s (custom)
2024-04-16 13:47:17,149 [88d255ec-0e94-4950-ab45-ac807e327f1f-groupManagement] INFO  server.RaftServerConfigKeys (ConfUtils.java:logGet(46)) - raft.server.read.timeout = 10s (default)
2024-04-16 13:47:17,149 [88d255ec-0e94-4950-ab45-ac807e327f1f-groupManagement] INFO  server.RaftServerConfigKeys (ConfUtils.java:logGet(46)) - raft.server.retrycache.expirytime = 600000ms (custom)
2024-04-16 13:47:17,149 [88d255ec-0e94-4950-ab45-ac807e327f1f-groupManagement] INFO  server.RaftServerConfigKeys (ConfUtils.java:logGet(46)) - raft.server.retrycache.statistics.expirytime = 100ms (default)
2024-04-16 13:47:17,149 [88d255ec-0e94-4950-ab45-ac807e327f1f-groupManagement] INFO  server.RaftServerConfigKeys (ConfUtils.java:logGet(46)) - raft.server.read.option = DEFAULT (default)
2024-04-16 13:47:17,149 [88d255ec-0e94-4950-ab45-ac807e327f1f-groupManagement] INFO  server.RaftServerConfigKeys (ConfUtils.java:logGet(46)) - raft.server.read.read-after-write-consistent.write-index-cache.expiry-time = 60s (default)
2024-04-16 13:47:17,151 [88d255ec-0e94-4950-ab45-ac807e327f1f-groupManagement] INFO  server.RaftServerConfigKeys (ConfUtils.java:logGet(46)) - raft.server.rpc.request.timeout = 60s (custom)
2024-04-16 13:47:17,151 [88d255ec-0e94-4950-ab45-ac807e327f1f-groupManagement] INFO  server.RaftServerConfigKeys (ConfUtils.java:logGet(46)) - raft.server.log.appender.install.snapshot.enabled = false (custom)
2024-04-16 13:47:17,152 [88d255ec-0e94-4950-ab45-ac807e327f1f-groupManagement] INFO  server.RaftServerConfigKeys (ConfUtils.java:logGet(46)) - raft.server.threadpool.server.cached = true (default)
2024-04-16 13:47:17,152 [88d255ec-0e94-4950-ab45-ac807e327f1f-groupManagement] INFO  server.RaftServerConfigKeys (ConfUtils.java:logGet(46)) - raft.server.threadpool.server.size = 0 (default)
2024-04-16 13:47:17,152 [88d255ec-0e94-4950-ab45-ac807e327f1f-groupManagement] INFO  server.RaftServerConfigKeys (ConfUtils.java:logGet(46)) - raft.server.threadpool.client.cached = true (default)
2024-04-16 13:47:17,152 [88d255ec-0e94-4950-ab45-ac807e327f1f-groupManagement] INFO  server.RaftServerConfigKeys (ConfUtils.java:logGet(46)) - raft.server.threadpool.client.size = 0 (default)
2024-04-16 13:47:17,152 [88d255ec-0e94-4950-ab45-ac807e327f1f-groupManagement] INFO  server.RaftServerConfigKeys (ConfUtils.java:logGet(46)) - raft.server.storage.free-space.min = 0MB (=0) (default)
2024-04-16 13:47:17,153 [88d255ec-0e94-4950-ab45-ac807e327f1f-groupManagement] INFO  server.RaftServerConfigKeys (ConfUtils.java:logGet(46)) - raft.server.log.corruption.policy = EXCEPTION (default)
2024-04-16 13:47:17,153 [88d255ec-0e94-4950-ab45-ac807e327f1f-groupManagement] INFO  server.RaftServerConfigKeys (ConfUtils.java:logGet(46)) - raft.server.storage.dir = [/home/runner/work/ozone/ozone/hadoop-ozone/integration-test/target/test-dir/MiniOzoneClusterImpl-f0f26617-5c27-4371-b446-298ac6c8687b/ozone-meta/datanode-2/ratis] (custom)
2024-04-16 13:47:17,153 [88d255ec-0e94-4950-ab45-ac807e327f1f-groupManagement] INFO  storage.RaftStorageDirectory (RaftStorageDirectoryImpl.java:analyzeStorage(138)) - The storage directory /home/runner/work/ozone/ozone/hadoop-ozone/integration-test/target/test-dir/MiniOzoneClusterImpl-f0f26617-5c27-4371-b446-298ac6c8687b/ozone-meta/datanode-2/ratis/1a146aba-1d5e-4ce9-9ab1-d6eba2fac503 does not exist. Creating ...
2024-04-16 13:47:17,154 [88d255ec-0e94-4950-ab45-ac807e327f1f-groupManagement] INFO  storage.RaftStorageDirectory (RaftStorageDirectoryImpl.java:tryLock(228)) - Lock on /home/runner/work/ozone/ozone/hadoop-ozone/integration-test/target/test-dir/MiniOzoneClusterImpl-f0f26617-5c27-4371-b446-298ac6c8687b/ozone-meta/datanode-2/ratis/1a146aba-1d5e-4ce9-9ab1-d6eba2fac503/in_use.lock acquired by nodename 102701@fv-az1428-817
2024-04-16 13:47:17,155 [88d255ec-0e94-4950-ab45-ac807e327f1f-groupManagement] INFO  storage.RaftStorage (RaftStorageImpl.java:format(99)) - Storage directory /home/runner/work/ozone/ozone/hadoop-ozone/integration-test/target/test-dir/MiniOzoneClusterImpl-f0f26617-5c27-4371-b446-298ac6c8687b/ozone-meta/datanode-2/ratis/1a146aba-1d5e-4ce9-9ab1-d6eba2fac503 has been successfully formatted.
2024-04-16 13:47:17,155 [88d255ec-0e94-4950-ab45-ac807e327f1f-groupManagement] WARN  util.FileUtils (LogUtils.java:supplyAndLog(63)) - Failed to Files.newInputStream /home/runner/work/ozone/ozone/hadoop-ozone/integration-test/target/test-dir/MiniOzoneClusterImpl-f0f26617-5c27-4371-b446-298ac6c8687b/ozone-meta/datanode-2/ratis/1a146aba-1d5e-4ce9-9ab1-d6eba2fac503/current/raft-meta.conf with options []: java.nio.file.NoSuchFileException: /home/runner/work/ozone/ozone/hadoop-ozone/integration-test/target/test-dir/MiniOzoneClusterImpl-f0f26617-5c27-4371-b446-298ac6c8687b/ozone-meta/datanode-2/ratis/1a146aba-1d5e-4ce9-9ab1-d6eba2fac503/current/raft-meta.conf
2024-04-16 13:47:17,155 [88d255ec-0e94-4950-ab45-ac807e327f1f-groupManagement] INFO  ratis.ContainerStateMachine (ContainerStateMachine.java:loadSnapshot(287)) - group-D6EBA2FAC503: The snapshot info is null. Setting the last applied index to:(t:0, i:~)
2024-04-16 13:47:17,155 [88d255ec-0e94-4950-ab45-ac807e327f1f-groupManagement] INFO  server.RaftServerConfigKeys (ConfUtils.java:logGet(46)) - raft.server.log.use.memory = false (default)
2024-04-16 13:47:17,155 [88d255ec-0e94-4950-ab45-ac807e327f1f-groupManagement] INFO  server.RaftServerConfigKeys (ConfUtils.java:logGet(46)) - raft.server.log.purge.gap = 1000000 (custom)
2024-04-16 13:47:17,156 [88d255ec-0e94-4950-ab45-ac807e327f1f-groupManagement] INFO  server.RaftServerConfigKeys (ConfUtils.java:logGet(46)) - raft.server.log.appender.buffer.byte-limit = 8388608 (custom)
2024-04-16 13:47:17,156 [88d255ec-0e94-4950-ab45-ac807e327f1f-groupManagement] INFO  server.RaftServerConfigKeys (ConfUtils.java:logGet(46)) - raft.server.log.statemachine.data.read.timeout = 1000ms (default)
2024-04-16 13:47:17,156 [88d255ec-0e94-4950-ab45-ac807e327f1f-groupManagement] INFO  server.RaftServerConfigKeys (ConfUtils.java:logGet(46)) - raft.server.log.purge.preservation.log.num = 0 (default)
2024-04-16 13:47:17,158 [88d255ec-0e94-4950-ab45-ac807e327f1f-groupManagement] INFO  server.RaftServerConfigKeys (ConfUtils.java:logGet(46)) - raft.server.log.segment.size.max = 67108864 (custom)
2024-04-16 13:47:17,158 [88d255ec-0e94-4950-ab45-ac807e327f1f-groupManagement] INFO  server.RaftServerConfigKeys (ConfUtils.java:logGet(46)) - raft.server.log.segment.cache.num.max = 2 (custom)
2024-04-16 13:47:17,158 [88d255ec-0e94-4950-ab45-ac807e327f1f-groupManagement] INFO  server.RaftServerConfigKeys (ConfUtils.java:logGet(46)) - raft.server.log.segment.cache.size.max = 200MB (=209715200) (default)
2024-04-16 13:47:17,159 [88d255ec-0e94-4950-ab45-ac807e327f1f-groupManagement] INFO  server.RaftServerConfigKeys (ConfUtils.java:logGet(46)) - raft.server.log.appender.buffer.byte-limit = 8388608 (custom)
2024-04-16 13:47:17,159 [88d255ec-0e94-4950-ab45-ac807e327f1f-groupManagement] INFO  util.AwaitToRun (AwaitToRun.java:start(81)) - Thread[88d255ec-0e94-4950-ab45-ac807e327f1f@group-D6EBA2FAC503-cacheEviction-AwaitToRun,5,main] started
2024-04-16 13:47:17,159 [88d255ec-0e94-4950-ab45-ac807e327f1f-groupManagement] INFO  segmented.SegmentedRaftLogWorker (SegmentedRaftLogWorker.java:<init>(182)) - new 88d255ec-0e94-4950-ab45-ac807e327f1f@group-D6EBA2FAC503-SegmentedRaftLogWorker for RaftStorageImpl:Storage Directory /home/runner/work/ozone/ozone/hadoop-ozone/integration-test/target/test-dir/MiniOzoneClusterImpl-f0f26617-5c27-4371-b446-298ac6c8687b/ozone-meta/datanode-2/ratis/1a146aba-1d5e-4ce9-9ab1-d6eba2fac503
2024-04-16 13:47:17,159 [88d255ec-0e94-4950-ab45-ac807e327f1f-groupManagement] INFO  server.RaftServerConfigKeys (ConfUtils.java:logGet(46)) - raft.server.log.queue.byte-limit = 4294967296 (custom)
2024-04-16 13:47:17,159 [88d255ec-0e94-4950-ab45-ac807e327f1f-groupManagement] INFO  server.RaftServerConfigKeys (ConfUtils.java:logGet(46)) - raft.server.log.queue.element-limit = 1024 (custom)
2024-04-16 13:47:17,159 [88d255ec-0e94-4950-ab45-ac807e327f1f-groupManagement] INFO  server.RaftServerConfigKeys (ConfUtils.java:logGet(46)) - raft.server.log.segment.size.max = 67108864 (custom)
2024-04-16 13:47:17,159 [88d255ec-0e94-4950-ab45-ac807e327f1f-groupManagement] INFO  server.RaftServerConfigKeys (ConfUtils.java:logGet(46)) - raft.server.log.preallocated.size = 4194304 (custom)
2024-04-16 13:47:17,159 [88d255ec-0e94-4950-ab45-ac807e327f1f-groupManagement] INFO  server.RaftServerConfigKeys (ConfUtils.java:logGet(46)) - raft.server.log.force.sync.num = 128 (default)
2024-04-16 13:47:17,159 [88d255ec-0e94-4950-ab45-ac807e327f1f-groupManagement] INFO  server.RaftServerConfigKeys (ConfUtils.java:logGet(46)) - raft.server.log.statemachine.data.sync = true (default)
2024-04-16 13:47:17,159 [88d255ec-0e94-4950-ab45-ac807e327f1f-groupManagement] INFO  server.RaftServerConfigKeys (ConfUtils.java:logGet(46)) - raft.server.log.statemachine.data.sync.timeout = 10s (default)
2024-04-16 13:47:17,159 [88d255ec-0e94-4950-ab45-ac807e327f1f-groupManagement] INFO  server.RaftServerConfigKeys (ConfUtils.java:logGet(46)) - raft.server.log.statemachine.data.sync.timeout.retry = 0 (custom)
2024-04-16 13:47:17,160 [88d255ec-0e94-4950-ab45-ac807e327f1f-groupManagement] INFO  server.RaftServerConfigKeys (ConfUtils.java:logGet(46)) - raft.server.log.write.buffer.size = 8388616 (custom)
2024-04-16 13:47:17,161 [88d255ec-0e94-4950-ab45-ac807e327f1f-groupManagement] INFO  server.RaftServerConfigKeys (ConfUtils.java:logGet(46)) - raft.server.log.appender.buffer.byte-limit = 8388608 (custom)
2024-04-16 13:47:17,161 [88d255ec-0e94-4950-ab45-ac807e327f1f-groupManagement] INFO  server.RaftServerConfigKeys (ConfUtils.java:logGet(46)) - raft.server.log.unsafe-flush.enabled = false (default)
2024-04-16 13:47:17,161 [88d255ec-0e94-4950-ab45-ac807e327f1f-groupManagement] INFO  server.RaftServerConfigKeys (ConfUtils.java:logGet(46)) - raft.server.log.async-flush.enabled = false (default)
2024-04-16 13:47:17,161 [88d255ec-0e94-4950-ab45-ac807e327f1f-groupManagement] INFO  server.RaftServerConfigKeys (ConfUtils.java:logGet(46)) - raft.server.log.statemachine.data.caching.enabled = true (custom)
2024-04-16 13:47:17,162 [88d255ec-0e94-4950-ab45-ac807e327f1f-groupManagement] INFO  segmented.SegmentedRaftLogWorker (SegmentedRaftLogWorker.java:lambda$new$0(134)) - 88d255ec-0e94-4950-ab45-ac807e327f1f@group-D6EBA2FAC503-SegmentedRaftLogWorker: flushIndex: setUnconditionally 0 -> -1
2024-04-16 13:47:17,162 [88d255ec-0e94-4950-ab45-ac807e327f1f-groupManagement] INFO  segmented.SegmentedRaftLogWorker (SegmentedRaftLogWorker.java:lambda$new$0(134)) - 88d255ec-0e94-4950-ab45-ac807e327f1f@group-D6EBA2FAC503-SegmentedRaftLogWorker: safeCacheEvictIndex: setUnconditionally 0 -> -1
2024-04-16 13:47:17,162 [88d255ec-0e94-4950-ab45-ac807e327f1f-groupManagement] INFO  server.RaftServer$Division (RaftServerImpl.java:start(396)) - 88d255ec-0e94-4950-ab45-ac807e327f1f@group-D6EBA2FAC503: start as a follower, conf=-1: peers:[db959189-86db-424f-9228-dcd46ac5d3ef|10.1.0.24:15046, 590e72f5-e0a8-4a6b-9708-265ca50c2b50|10.1.0.24:15064, 88d255ec-0e94-4950-ab45-ac807e327f1f|10.1.0.24:15055]|listeners:[], old=null
2024-04-16 13:47:17,162 [88d255ec-0e94-4950-ab45-ac807e327f1f-groupManagement] INFO  server.RaftServer$Division (RaftServerImpl.java:setRole(383)) - 88d255ec-0e94-4950-ab45-ac807e327f1f@group-D6EBA2FAC503: changes role from      null to FOLLOWER at term 0 for startAsFollower
2024-04-16 13:47:17,162 [88d255ec-0e94-4950-ab45-ac807e327f1f-groupManagement] INFO  impl.RoleInfo (RoleInfo.java:updateAndGet(139)) - 88d255ec-0e94-4950-ab45-ac807e327f1f: start 88d255ec-0e94-4950-ab45-ac807e327f1f@group-D6EBA2FAC503-FollowerState
2024-04-16 13:47:17,162 [88d255ec-0e94-4950-ab45-ac807e327f1f@group-D6EBA2FAC503-FollowerState] INFO  server.RaftServerConfigKeys (ConfUtils.java:logFallback(53)) - raft.server.rpc.first-election.timeout.min = 5s (fallback to raft.server.rpc.timeout.min)
2024-04-16 13:47:17,162 [88d255ec-0e94-4950-ab45-ac807e327f1f-groupManagement] INFO  util.JmxRegister (JmxRegister.java:tryRegister(44)) - Successfully registered JMX Bean with object name Ratis:service=RaftServer,group=group-D6EBA2FAC503,id=88d255ec-0e94-4950-ab45-ac807e327f1f
2024-04-16 13:47:17,162 [88d255ec-0e94-4950-ab45-ac807e327f1f@group-D6EBA2FAC503-FollowerState] INFO  server.RaftServerConfigKeys (ConfUtils.java:logFallback(53)) - raft.server.rpc.first-election.timeout.max = 5200ms (fallback to raft.server.rpc.timeout.max)
2024-04-16 13:47:17,162 [88d255ec-0e94-4950-ab45-ac807e327f1f-groupManagement] INFO  server.RaftServerConfigKeys (ConfUtils.java:logGet(46)) - raft.server.snapshot.trigger-when-stop.enabled = true (default)
2024-04-16 13:47:17,163 [88d255ec-0e94-4950-ab45-ac807e327f1f-groupManagement] INFO  server.RaftServerConfigKeys (ConfUtils.java:logGet(46)) - raft.server.snapshot.auto.trigger.enabled = true (custom)
2024-04-16 13:47:17,163 [88d255ec-0e94-4950-ab45-ac807e327f1f-groupManagement] INFO  server.RaftServerConfigKeys (ConfUtils.java:logGet(46)) - raft.server.snapshot.auto.trigger.threshold = 10000 (custom)
2024-04-16 13:47:17,163 [88d255ec-0e94-4950-ab45-ac807e327f1f-groupManagement] INFO  server.RaftServerConfigKeys (ConfUtils.java:logGet(46)) - raft.server.snapshot.retention.file.num = 5 (custom)
2024-04-16 13:47:17,163 [88d255ec-0e94-4950-ab45-ac807e327f1f-groupManagement] INFO  server.RaftServerConfigKeys (ConfUtils.java:logGet(46)) - raft.server.log.purge.upto.snapshot.index = false (default)
2024-04-16 13:47:17,171 [db959189-86db-424f-9228-dcd46ac5d3ef-PipelineCommandHandlerThread-0] INFO  commandhandler.CreatePipelineCommandHandler (CreatePipelineCommandHandler.java:lambda$handle$2(124)) - Created Pipeline RATIS THREE PipelineID=1a146aba-1d5e-4ce9-9ab1-d6eba2fac503.
2024-04-16 13:47:17,274 [88d255ec-0e94-4950-ab45-ac807e327f1f-PipelineCommandHandlerThread-0] INFO  server.RaftServer (RaftServerProxy.java:addNew(100)) - 88d255ec-0e94-4950-ab45-ac807e327f1f: addNew group-E0749F99CAE6:[88d255ec-0e94-4950-ab45-ac807e327f1f|10.1.0.24:15055] returns group-E0749F99CAE6:java.util.concurrent.CompletableFuture@7e774e43[Not completed]
2024-04-16 13:47:17,275 [88d255ec-0e94-4950-ab45-ac807e327f1f-groupManagement] INFO  server.RaftServer$Division (RaftServerImpl.java:<init>(256)) - 88d255ec-0e94-4950-ab45-ac807e327f1f: new RaftServerImpl for group-E0749F99CAE6:[88d255ec-0e94-4950-ab45-ac807e327f1f|10.1.0.24:15055] with ContainerStateMachine:uninitialized
2024-04-16 13:47:17,275 [88d255ec-0e94-4950-ab45-ac807e327f1f-groupManagement] INFO  server.RaftServerConfigKeys (ConfUtils.java:logGet(46)) - raft.server.rpc.timeout.min = 5s (custom)
2024-04-16 13:47:17,275 [88d255ec-0e94-4950-ab45-ac807e327f1f-groupManagement] INFO  server.RaftServerConfigKeys (ConfUtils.java:logGet(46)) - raft.server.rpc.timeout.max = 5200ms (custom)
2024-04-16 13:47:17,275 [88d255ec-0e94-4950-ab45-ac807e327f1f-groupManagement] INFO  server.RaftServerConfigKeys (ConfUtils.java:logGet(46)) - raft.server.rpc.sleep.time = 25ms (default)
2024-04-16 13:47:17,275 [88d255ec-0e94-4950-ab45-ac807e327f1f-groupManagement] INFO  server.RaftServerConfigKeys (ConfUtils.java:logGet(46)) - raft.server.rpc.slowness.timeout = 300s (custom)
2024-04-16 13:47:17,276 [88d255ec-0e94-4950-ab45-ac807e327f1f-groupManagement] INFO  server.RaftServerConfigKeys (ConfUtils.java:logGet(46)) - raft.server.leaderelection.leader.step-down.wait-time = 10s (default)
2024-04-16 13:47:17,276 [88d255ec-0e94-4950-ab45-ac807e327f1f-groupManagement] INFO  server.RaftServerConfigKeys (ConfUtils.java:logGet(46)) - raft.server.leaderelection.member.majority-add = false (default)
2024-04-16 13:47:17,276 [88d255ec-0e94-4950-ab45-ac807e327f1f-groupManagement] INFO  server.RaftServerConfigKeys (ConfUtils.java:logGet(46)) - raft.server.sleep.deviation.threshold = 300ms (default)
2024-04-16 13:47:17,276 [88d255ec-0e94-4950-ab45-ac807e327f1f-groupManagement] INFO  server.RaftServer$Division (ServerState.java:<init>(113)) - 88d255ec-0e94-4950-ab45-ac807e327f1f@group-E0749F99CAE6: ConfigurationManager, init=-1: peers:[88d255ec-0e94-4950-ab45-ac807e327f1f|10.1.0.24:15055]|listeners:[], old=null, confs=<EMPTY_MAP>
2024-04-16 13:47:17,276 [88d255ec-0e94-4950-ab45-ac807e327f1f-groupManagement] INFO  server.RaftServerConfigKeys (ConfUtils.java:logGet(46)) - raft.server.notification.no-leader.timeout = 300s (custom)
2024-04-16 13:47:17,276 [88d255ec-0e94-4950-ab45-ac807e327f1f-groupManagement] INFO  server.RaftServerConfigKeys (ConfUtils.java:logGet(46)) - raft.server.read.timeout = 10s (default)
2024-04-16 13:47:17,276 [88d255ec-0e94-4950-ab45-ac807e327f1f-groupManagement] INFO  server.RaftServerConfigKeys (ConfUtils.java:logGet(46)) - raft.server.retrycache.expirytime = 600000ms (custom)
2024-04-16 13:47:17,276 [88d255ec-0e94-4950-ab45-ac807e327f1f-groupManagement] INFO  server.RaftServerConfigKeys (ConfUtils.java:logGet(46)) - raft.server.retrycache.statistics.expirytime = 100ms (default)
2024-04-16 13:47:17,276 [88d255ec-0e94-4950-ab45-ac807e327f1f-groupManagement] INFO  server.RaftServerConfigKeys (ConfUtils.java:logGet(46)) - raft.server.read.option = DEFAULT (default)
2024-04-16 13:47:17,276 [88d255ec-0e94-4950-ab45-ac807e327f1f-groupManagement] INFO  server.RaftServerConfigKeys (ConfUtils.java:logGet(46)) - raft.server.read.read-after-write-consistent.write-index-cache.expiry-time = 60s (default)
2024-04-16 13:47:17,279 [88d255ec-0e94-4950-ab45-ac807e327f1f-groupManagement] INFO  server.RaftServerConfigKeys (ConfUtils.java:logGet(46)) - raft.server.rpc.request.timeout = 60s (custom)
2024-04-16 13:47:17,279 [88d255ec-0e94-4950-ab45-ac807e327f1f-groupManagement] INFO  server.RaftServerConfigKeys (ConfUtils.java:logGet(46)) - raft.server.log.appender.install.snapshot.enabled = false (custom)
2024-04-16 13:47:17,279 [88d255ec-0e94-4950-ab45-ac807e327f1f-groupManagement] INFO  server.RaftServerConfigKeys (ConfUtils.java:logGet(46)) - raft.server.threadpool.server.cached = true (default)
2024-04-16 13:47:17,279 [88d255ec-0e94-4950-ab45-ac807e327f1f-groupManagement] INFO  server.RaftServerConfigKeys (ConfUtils.java:logGet(46)) - raft.server.threadpool.server.size = 0 (default)
2024-04-16 13:47:17,279 [88d255ec-0e94-4950-ab45-ac807e327f1f-groupManagement] INFO  server.RaftServerConfigKeys (ConfUtils.java:logGet(46)) - raft.server.threadpool.client.cached = true (default)
2024-04-16 13:47:17,279 [88d255ec-0e94-4950-ab45-ac807e327f1f-groupManagement] INFO  server.RaftServerConfigKeys (ConfUtils.java:logGet(46)) - raft.server.threadpool.client.size = 0 (default)
2024-04-16 13:47:17,279 [88d255ec-0e94-4950-ab45-ac807e327f1f-groupManagement] INFO  server.RaftServerConfigKeys (ConfUtils.java:logGet(46)) - raft.server.storage.free-space.min = 0MB (=0) (default)
2024-04-16 13:47:17,279 [88d255ec-0e94-4950-ab45-ac807e327f1f-groupManagement] INFO  server.RaftServerConfigKeys (ConfUtils.java:logGet(46)) - raft.server.log.corruption.policy = EXCEPTION (default)
2024-04-16 13:47:17,279 [88d255ec-0e94-4950-ab45-ac807e327f1f-groupManagement] INFO  server.RaftServerConfigKeys (ConfUtils.java:logGet(46)) - raft.server.storage.dir = [/home/runner/work/ozone/ozone/hadoop-ozone/integration-test/target/test-dir/MiniOzoneClusterImpl-f0f26617-5c27-4371-b446-298ac6c8687b/ozone-meta/datanode-2/ratis] (custom)
2024-04-16 13:47:17,280 [88d255ec-0e94-4950-ab45-ac807e327f1f-groupManagement] INFO  storage.RaftStorageDirectory (RaftStorageDirectoryImpl.java:analyzeStorage(138)) - The storage directory /home/runner/work/ozone/ozone/hadoop-ozone/integration-test/target/test-dir/MiniOzoneClusterImpl-f0f26617-5c27-4371-b446-298ac6c8687b/ozone-meta/datanode-2/ratis/64026b80-5b47-4e57-bd68-e0749f99cae6 does not exist. Creating ...
2024-04-16 13:47:17,280 [88d255ec-0e94-4950-ab45-ac807e327f1f-groupManagement] INFO  storage.RaftStorageDirectory (RaftStorageDirectoryImpl.java:tryLock(228)) - Lock on /home/runner/work/ozone/ozone/hadoop-ozone/integration-test/target/test-dir/MiniOzoneClusterImpl-f0f26617-5c27-4371-b446-298ac6c8687b/ozone-meta/datanode-2/ratis/64026b80-5b47-4e57-bd68-e0749f99cae6/in_use.lock acquired by nodename 102701@fv-az1428-817
2024-04-16 13:47:17,281 [88d255ec-0e94-4950-ab45-ac807e327f1f-groupManagement] INFO  storage.RaftStorage (RaftStorageImpl.java:format(99)) - Storage directory /home/runner/work/ozone/ozone/hadoop-ozone/integration-test/target/test-dir/MiniOzoneClusterImpl-f0f26617-5c27-4371-b446-298ac6c8687b/ozone-meta/datanode-2/ratis/64026b80-5b47-4e57-bd68-e0749f99cae6 has been successfully formatted.
2024-04-16 13:47:17,282 [88d255ec-0e94-4950-ab45-ac807e327f1f-groupManagement] WARN  util.FileUtils (LogUtils.java:supplyAndLog(63)) - Failed to Files.newInputStream /home/runner/work/ozone/ozone/hadoop-ozone/integration-test/target/test-dir/MiniOzoneClusterImpl-f0f26617-5c27-4371-b446-298ac6c8687b/ozone-meta/datanode-2/ratis/64026b80-5b47-4e57-bd68-e0749f99cae6/current/raft-meta.conf with options []: java.nio.file.NoSuchFileException: /home/runner/work/ozone/ozone/hadoop-ozone/integration-test/target/test-dir/MiniOzoneClusterImpl-f0f26617-5c27-4371-b446-298ac6c8687b/ozone-meta/datanode-2/ratis/64026b80-5b47-4e57-bd68-e0749f99cae6/current/raft-meta.conf
2024-04-16 13:47:17,282 [88d255ec-0e94-4950-ab45-ac807e327f1f-groupManagement] INFO  ratis.ContainerStateMachine (ContainerStateMachine.java:loadSnapshot(287)) - group-E0749F99CAE6: The snapshot info is null. Setting the last applied index to:(t:0, i:~)
2024-04-16 13:47:17,282 [88d255ec-0e94-4950-ab45-ac807e327f1f-groupManagement] INFO  server.RaftServerConfigKeys (ConfUtils.java:logGet(46)) - raft.server.log.use.memory = false (default)
2024-04-16 13:47:17,282 [88d255ec-0e94-4950-ab45-ac807e327f1f-groupManagement] INFO  server.RaftServerConfigKeys (ConfUtils.java:logGet(46)) - raft.server.log.purge.gap = 1000000 (custom)
2024-04-16 13:47:17,282 [88d255ec-0e94-4950-ab45-ac807e327f1f-groupManagement] INFO  server.RaftServerConfigKeys (ConfUtils.java:logGet(46)) - raft.server.log.appender.buffer.byte-limit = 8388608 (custom)
2024-04-16 13:47:17,282 [88d255ec-0e94-4950-ab45-ac807e327f1f-groupManagement] INFO  server.RaftServerConfigKeys (ConfUtils.java:logGet(46)) - raft.server.log.statemachine.data.read.timeout = 1000ms (default)
2024-04-16 13:47:17,283 [88d255ec-0e94-4950-ab45-ac807e327f1f-groupManagement] INFO  server.RaftServerConfigKeys (ConfUtils.java:logGet(46)) - raft.server.log.purge.preservation.log.num = 0 (default)
2024-04-16 13:47:17,285 [88d255ec-0e94-4950-ab45-ac807e327f1f-groupManagement] INFO  server.RaftServerConfigKeys (ConfUtils.java:logGet(46)) - raft.server.log.segment.size.max = 67108864 (custom)
2024-04-16 13:47:17,285 [88d255ec-0e94-4950-ab45-ac807e327f1f-groupManagement] INFO  server.RaftServerConfigKeys (ConfUtils.java:logGet(46)) - raft.server.log.segment.cache.num.max = 2 (custom)
2024-04-16 13:47:17,285 [88d255ec-0e94-4950-ab45-ac807e327f1f-groupManagement] INFO  server.RaftServerConfigKeys (ConfUtils.java:logGet(46)) - raft.server.log.segment.cache.size.max = 200MB (=209715200) (default)
2024-04-16 13:47:17,286 [88d255ec-0e94-4950-ab45-ac807e327f1f-groupManagement] INFO  server.RaftServerConfigKeys (ConfUtils.java:logGet(46)) - raft.server.log.appender.buffer.byte-limit = 8388608 (custom)
2024-04-16 13:47:17,286 [88d255ec-0e94-4950-ab45-ac807e327f1f-groupManagement] INFO  util.AwaitToRun (AwaitToRun.java:start(81)) - Thread[88d255ec-0e94-4950-ab45-ac807e327f1f@group-E0749F99CAE6-cacheEviction-AwaitToRun,5,main] started
2024-04-16 13:47:17,286 [88d255ec-0e94-4950-ab45-ac807e327f1f-groupManagement] INFO  segmented.SegmentedRaftLogWorker (SegmentedRaftLogWorker.java:<init>(182)) - new 88d255ec-0e94-4950-ab45-ac807e327f1f@group-E0749F99CAE6-SegmentedRaftLogWorker for RaftStorageImpl:Storage Directory /home/runner/work/ozone/ozone/hadoop-ozone/integration-test/target/test-dir/MiniOzoneClusterImpl-f0f26617-5c27-4371-b446-298ac6c8687b/ozone-meta/datanode-2/ratis/64026b80-5b47-4e57-bd68-e0749f99cae6
2024-04-16 13:47:17,286 [88d255ec-0e94-4950-ab45-ac807e327f1f-groupManagement] INFO  server.RaftServerConfigKeys (ConfUtils.java:logGet(46)) - raft.server.log.queue.byte-limit = 4294967296 (custom)
2024-04-16 13:47:17,286 [88d255ec-0e94-4950-ab45-ac807e327f1f-groupManagement] INFO  server.RaftServerConfigKeys (ConfUtils.java:logGet(46)) - raft.server.log.queue.element-limit = 1024 (custom)
2024-04-16 13:47:17,286 [88d255ec-0e94-4950-ab45-ac807e327f1f-groupManagement] INFO  server.RaftServerConfigKeys (ConfUtils.java:logGet(46)) - raft.server.log.segment.size.max = 67108864 (custom)
2024-04-16 13:47:17,286 [88d255ec-0e94-4950-ab45-ac807e327f1f-groupManagement] INFO  server.RaftServerConfigKeys (ConfUtils.java:logGet(46)) - raft.server.log.preallocated.size = 4194304 (custom)
2024-04-16 13:47:17,286 [88d255ec-0e94-4950-ab45-ac807e327f1f-groupManagement] INFO  server.RaftServerConfigKeys (ConfUtils.java:logGet(46)) - raft.server.log.force.sync.num = 128 (default)
2024-04-16 13:47:17,286 [88d255ec-0e94-4950-ab45-ac807e327f1f-groupManagement] INFO  server.RaftServerConfigKeys (ConfUtils.java:logGet(46)) - raft.server.log.statemachine.data.sync = true (default)
2024-04-16 13:47:17,287 [88d255ec-0e94-4950-ab45-ac807e327f1f-groupManagement] INFO  server.RaftServerConfigKeys (ConfUtils.java:logGet(46)) - raft.server.log.statemachine.data.sync.timeout = 10s (default)
2024-04-16 13:47:17,287 [88d255ec-0e94-4950-ab45-ac807e327f1f-groupManagement] INFO  server.RaftServerConfigKeys (ConfUtils.java:logGet(46)) - raft.server.log.statemachine.data.sync.timeout.retry = 0 (custom)
2024-04-16 13:47:17,287 [88d255ec-0e94-4950-ab45-ac807e327f1f-groupManagement] INFO  server.RaftServerConfigKeys (ConfUtils.java:logGet(46)) - raft.server.log.write.buffer.size = 8388616 (custom)
2024-04-16 13:47:17,287 [scmNode-3-EventQueue-PipelineReportForPipelineReportHandler] ERROR pipeline.PipelineReportHandler (PipelineReportHandler.java:onMessage(100)) - Could not process pipeline report=pipelineID {
  id: "64026b80-5b47-4e57-bd68-e0749f99cae6"
  uuid128 {
    mostSigBits: 7206440552777600599
    leastSigBits: -4798338611464779034
  }
}
isLeader: false
bytesWritten: 0
 from dn=88d255ec-0e94-4950-ab45-ac807e327f1f(fv-az1428-817.utppd1leec2uvmgjoennxb5ynh.ex.internal.cloudapp.net/10.1.0.24).
org.apache.hadoop.hdds.scm.exceptions.SCMException: org.apache.ratis.protocol.exceptions.NotLeaderException: Server 692eadad-ad12-4257-a6c9-255a711e16c4@group-298AC6C8687B is not the leader 8dded7e3-77f4-42cf-91f8-4014f88a5819|localhost:15003
	at org.apache.hadoop.hdds.scm.ha.SCMHAInvocationHandler.translateException(SCMHAInvocationHandler.java:165)
	at org.apache.hadoop.hdds.scm.ha.SCMHAInvocationHandler.invokeRatis(SCMHAInvocationHandler.java:115)
	at org.apache.hadoop.hdds.scm.ha.SCMHAInvocationHandler.invoke(SCMHAInvocationHandler.java:74)
	at com.sun.proxy.$Proxy45.updatePipelineState(Unknown Source)
	at org.apache.hadoop.hdds.scm.pipeline.PipelineManagerImpl.openPipeline(PipelineManagerImpl.java:430)
	at org.apache.hadoop.hdds.scm.pipeline.PipelineReportHandler.processPipelineReport(PipelineReportHandler.java:135)
	at org.apache.hadoop.hdds.scm.pipeline.PipelineReportHandler.onMessage(PipelineReportHandler.java:93)
	at org.apache.hadoop.hdds.scm.pipeline.PipelineReportHandler.onMessage(PipelineReportHandler.java:52)
	at org.apache.hadoop.hdds.server.events.SingleThreadExecutor.lambda$onMessage$1(SingleThreadExecutor.java:86)
	at java.util.concurrent.ThreadPoolExecutor.runWorker(ThreadPoolExecutor.java:1149)
	at java.util.concurrent.ThreadPoolExecutor$Worker.run(ThreadPoolExecutor.java:624)
	at java.lang.Thread.run(Thread.java:750)
Caused by: org.apache.ratis.protocol.exceptions.NotLeaderException: Server 692eadad-ad12-4257-a6c9-255a711e16c4@group-298AC6C8687B is not the leader 8dded7e3-77f4-42cf-91f8-4014f88a5819|localhost:15003
	at org.apache.ratis.server.impl.RaftServerImpl.generateNotLeaderException(RaftServerImpl.java:807)
	at org.apache.ratis.server.impl.RaftServerImpl.checkLeaderState(RaftServerImpl.java:772)
	at org.apache.ratis.server.impl.RaftServerImpl.checkLeaderState(RaftServerImpl.java:758)
	at org.apache.ratis.server.impl.RaftServerImpl.writeAsync(RaftServerImpl.java:938)
	at org.apache.ratis.server.impl.RaftServerImpl.replyFuture(RaftServerImpl.java:931)
	at org.apache.ratis.server.impl.RaftServerImpl.submitClientRequestAsync(RaftServerImpl.java:908)
	at org.apache.ratis.server.impl.RaftServerImpl.lambda$null$13(RaftServerImpl.java:897)
	at org.apache.ratis.util.JavaUtils.callAsUnchecked(JavaUtils.java:118)
	at org.apache.ratis.server.impl.RaftServerImpl.lambda$executeSubmitClientRequestAsync$14(RaftServerImpl.java:897)
	at java.util.concurrent.CompletableFuture$AsyncSupply.run(CompletableFuture.java:1604)
	... 3 more
2024-04-16 13:47:17,290 [88d255ec-0e94-4950-ab45-ac807e327f1f-groupManagement] INFO  server.RaftServerConfigKeys (ConfUtils.java:logGet(46)) - raft.server.log.appender.buffer.byte-limit = 8388608 (custom)
2024-04-16 13:47:17,290 [88d255ec-0e94-4950-ab45-ac807e327f1f-groupManagement] INFO  server.RaftServerConfigKeys (ConfUtils.java:logGet(46)) - raft.server.log.unsafe-flush.enabled = false (default)
2024-04-16 13:47:17,290 [88d255ec-0e94-4950-ab45-ac807e327f1f-groupManagement] INFO  server.RaftServerConfigKeys (ConfUtils.java:logGet(46)) - raft.server.log.async-flush.enabled = false (default)
2024-04-16 13:47:17,290 [88d255ec-0e94-4950-ab45-ac807e327f1f-groupManagement] INFO  server.RaftServerConfigKeys (ConfUtils.java:logGet(46)) - raft.server.log.statemachine.data.caching.enabled = true (custom)
2024-04-16 13:47:17,290 [scmNode-2-EventQueue-PipelineReportForPipelineReportHandler] ERROR pipeline.PipelineReportHandler (PipelineReportHandler.java:onMessage(100)) - Could not process pipeline report=pipelineID {
  id: "64026b80-5b47-4e57-bd68-e0749f99cae6"
  uuid128 {
    mostSigBits: 7206440552777600599
    leastSigBits: -4798338611464779034
  }
}
isLeader: false
bytesWritten: 0
 from dn=88d255ec-0e94-4950-ab45-ac807e327f1f(fv-az1428-817.utppd1leec2uvmgjoennxb5ynh.ex.internal.cloudapp.net/10.1.0.24).
org.apache.hadoop.hdds.scm.exceptions.SCMException: org.apache.ratis.protocol.exceptions.NotLeaderException: Server e74c9e3a-193e-4dbb-b5f5-b6805398d140@group-298AC6C8687B is not the leader 8dded7e3-77f4-42cf-91f8-4014f88a5819|localhost:15003
	at org.apache.hadoop.hdds.scm.ha.SCMHAInvocationHandler.translateException(SCMHAInvocationHandler.java:165)
	at org.apache.hadoop.hdds.scm.ha.SCMHAInvocationHandler.invokeRatis(SCMHAInvocationHandler.java:115)
	at org.apache.hadoop.hdds.scm.ha.SCMHAInvocationHandler.invoke(SCMHAInvocationHandler.java:74)
	at com.sun.proxy.$Proxy45.updatePipelineState(Unknown Source)
	at org.apache.hadoop.hdds.scm.pipeline.PipelineManagerImpl.openPipeline(PipelineManagerImpl.java:430)
	at org.apache.hadoop.hdds.scm.pipeline.PipelineReportHandler.processPipelineReport(PipelineReportHandler.java:135)
	at org.apache.hadoop.hdds.scm.pipeline.PipelineReportHandler.onMessage(PipelineReportHandler.java:93)
	at org.apache.hadoop.hdds.scm.pipeline.PipelineReportHandler.onMessage(PipelineReportHandler.java:52)
	at org.apache.hadoop.hdds.server.events.SingleThreadExecutor.lambda$onMessage$1(SingleThreadExecutor.java:86)
	at java.util.concurrent.ThreadPoolExecutor.runWorker(ThreadPoolExecutor.java:1149)
	at java.util.concurrent.ThreadPoolExecutor$Worker.run(ThreadPoolExecutor.java:624)
	at java.lang.Thread.run(Thread.java:750)
Caused by: org.apache.ratis.protocol.exceptions.NotLeaderException: Server e74c9e3a-193e-4dbb-b5f5-b6805398d140@group-298AC6C8687B is not the leader 8dded7e3-77f4-42cf-91f8-4014f88a5819|localhost:15003
	at org.apache.ratis.server.impl.RaftServerImpl.generateNotLeaderException(RaftServerImpl.java:807)
	at org.apache.ratis.server.impl.RaftServerImpl.checkLeaderState(RaftServerImpl.java:772)
	at org.apache.ratis.server.impl.RaftServerImpl.checkLeaderState(RaftServerImpl.java:758)
	at org.apache.ratis.server.impl.RaftServerImpl.writeAsync(RaftServerImpl.java:938)
	at org.apache.ratis.server.impl.RaftServerImpl.replyFuture(RaftServerImpl.java:931)
	at org.apache.ratis.server.impl.RaftServerImpl.submitClientRequestAsync(RaftServerImpl.java:908)
	at org.apache.ratis.server.impl.RaftServerImpl.lambda$null$13(RaftServerImpl.java:897)
	at org.apache.ratis.util.JavaUtils.callAsUnchecked(JavaUtils.java:118)
	at org.apache.ratis.server.impl.RaftServerImpl.lambda$executeSubmitClientRequestAsync$14(RaftServerImpl.java:897)
	at java.util.concurrent.CompletableFuture$AsyncSupply.run(CompletableFuture.java:1604)
	... 3 more
2024-04-16 13:47:17,291 [88d255ec-0e94-4950-ab45-ac807e327f1f-groupManagement] INFO  segmented.SegmentedRaftLogWorker (SegmentedRaftLogWorker.java:lambda$new$0(134)) - 88d255ec-0e94-4950-ab45-ac807e327f1f@group-E0749F99CAE6-SegmentedRaftLogWorker: flushIndex: setUnconditionally 0 -> -1
2024-04-16 13:47:17,293 [88d255ec-0e94-4950-ab45-ac807e327f1f-groupManagement] INFO  segmented.SegmentedRaftLogWorker (SegmentedRaftLogWorker.java:lambda$new$0(134)) - 88d255ec-0e94-4950-ab45-ac807e327f1f@group-E0749F99CAE6-SegmentedRaftLogWorker: safeCacheEvictIndex: setUnconditionally 0 -> -1
2024-04-16 13:47:17,294 [88d255ec-0e94-4950-ab45-ac807e327f1f-groupManagement] INFO  server.RaftServer$Division (RaftServerImpl.java:start(396)) - 88d255ec-0e94-4950-ab45-ac807e327f1f@group-E0749F99CAE6: start as a follower, conf=-1: peers:[88d255ec-0e94-4950-ab45-ac807e327f1f|10.1.0.24:15055]|listeners:[], old=null
2024-04-16 13:47:17,294 [88d255ec-0e94-4950-ab45-ac807e327f1f-groupManagement] INFO  server.RaftServer$Division (RaftServerImpl.java:setRole(383)) - 88d255ec-0e94-4950-ab45-ac807e327f1f@group-E0749F99CAE6: changes role from      null to FOLLOWER at term 0 for startAsFollower
2024-04-16 13:47:17,294 [88d255ec-0e94-4950-ab45-ac807e327f1f-groupManagement] INFO  impl.RoleInfo (RoleInfo.java:updateAndGet(139)) - 88d255ec-0e94-4950-ab45-ac807e327f1f: start 88d255ec-0e94-4950-ab45-ac807e327f1f@group-E0749F99CAE6-FollowerState
2024-04-16 13:47:17,294 [8dded7e3-77f4-42cf-91f8-4014f88a5819@group-298AC6C8687B-StateMachineUpdater] INFO  safemode.HealthyPipelineSafeModeRule (HealthyPipelineSafeModeRule.java:initializeRule(172)) - Refreshed total pipeline count is 0, healthy pipeline threshold count is 1
2024-04-16 13:47:17,295 [scmNode-1-EventQueue-PipelineReportForPipelineReportHandler] INFO  pipeline.PipelineReportHandler (PipelineReportHandler.java:processPipelineReport(136)) - Opened pipeline PipelineID=64026b80-5b47-4e57-bd68-e0749f99cae6
2024-04-16 13:47:17,295 [scmNode-1-EventQueue-OpenPipelineForHealthyPipelineSafeModeRule] INFO  safemode.SCMSafeModeManager (HealthyPipelineSafeModeRule.java:process(140)) - SCM in safe mode. Healthy pipelines reported count is 0, required healthy pipeline reported count is 1
2024-04-16 13:47:17,297 [692eadad-ad12-4257-a6c9-255a711e16c4@group-298AC6C8687B-StateMachineUpdater] INFO  safemode.HealthyPipelineSafeModeRule (HealthyPipelineSafeModeRule.java:initializeRule(172)) - Refreshed total pipeline count is 0, healthy pipeline threshold count is 1
2024-04-16 13:47:17,297 [e74c9e3a-193e-4dbb-b5f5-b6805398d140@group-298AC6C8687B-StateMachineUpdater] INFO  safemode.HealthyPipelineSafeModeRule (HealthyPipelineSafeModeRule.java:initializeRule(172)) - Refreshed total pipeline count is 0, healthy pipeline threshold count is 1
2024-04-16 13:47:17,298 [88d255ec-0e94-4950-ab45-ac807e327f1f-groupManagement] INFO  util.JmxRegister (JmxRegister.java:tryRegister(44)) - Successfully registered JMX Bean with object name Ratis:service=RaftServer,group=group-E0749F99CAE6,id=88d255ec-0e94-4950-ab45-ac807e327f1f
2024-04-16 13:47:17,298 [88d255ec-0e94-4950-ab45-ac807e327f1f-groupManagement] INFO  server.RaftServerConfigKeys (ConfUtils.java:logGet(46)) - raft.server.snapshot.trigger-when-stop.enabled = true (default)
2024-04-16 13:47:17,298 [88d255ec-0e94-4950-ab45-ac807e327f1f-groupManagement] INFO  server.RaftServerConfigKeys (ConfUtils.java:logGet(46)) - raft.server.snapshot.auto.trigger.enabled = true (custom)
2024-04-16 13:47:17,298 [88d255ec-0e94-4950-ab45-ac807e327f1f-groupManagement] INFO  server.RaftServerConfigKeys (ConfUtils.java:logGet(46)) - raft.server.snapshot.auto.trigger.threshold = 10000 (custom)
2024-04-16 13:47:17,298 [88d255ec-0e94-4950-ab45-ac807e327f1f-groupManagement] INFO  server.RaftServerConfigKeys (ConfUtils.java:logGet(46)) - raft.server.snapshot.retention.file.num = 5 (custom)
2024-04-16 13:47:17,298 [88d255ec-0e94-4950-ab45-ac807e327f1f-groupManagement] INFO  server.RaftServerConfigKeys (ConfUtils.java:logGet(46)) - raft.server.log.purge.upto.snapshot.index = false (default)
2024-04-16 13:47:17,299 [88d255ec-0e94-4950-ab45-ac807e327f1f@group-E0749F99CAE6-FollowerState] INFO  server.RaftServerConfigKeys (ConfUtils.java:logFallback(53)) - raft.server.rpc.first-election.timeout.min = 5s (fallback to raft.server.rpc.timeout.min)
2024-04-16 13:47:17,299 [88d255ec-0e94-4950-ab45-ac807e327f1f@group-E0749F99CAE6-FollowerState] INFO  server.RaftServerConfigKeys (ConfUtils.java:logFallback(53)) - raft.server.rpc.first-election.timeout.max = 5200ms (fallback to raft.server.rpc.timeout.max)
2024-04-16 13:47:17,300 [88d255ec-0e94-4950-ab45-ac807e327f1f-PipelineCommandHandlerThread-0] INFO  ratis.XceiverServerRatis (XceiverServerRatis.java:addGroup(864)) - Created group PipelineID=64026b80-5b47-4e57-bd68-e0749f99cae6
2024-04-16 13:47:17,300 [88d255ec-0e94-4950-ab45-ac807e327f1f-PipelineCommandHandlerThread-0] INFO  commandhandler.CreatePipelineCommandHandler (CreatePipelineCommandHandler.java:lambda$handle$2(124)) - Created Pipeline RATIS ONE PipelineID=64026b80-5b47-4e57-bd68-e0749f99cae6.
2024-04-16 13:47:17,702 [590e72f5-e0a8-4a6b-9708-265ca50c2b50-PipelineCommandHandlerThread-0] INFO  server.RaftServer (RaftServerProxy.java:addNew(100)) - 590e72f5-e0a8-4a6b-9708-265ca50c2b50: addNew group-0E048453A2BF:[590e72f5-e0a8-4a6b-9708-265ca50c2b50|10.1.0.24:15064] returns group-0E048453A2BF:java.util.concurrent.CompletableFuture@628fef2b[Not completed]
2024-04-16 13:47:17,703 [590e72f5-e0a8-4a6b-9708-265ca50c2b50-groupManagement] INFO  server.RaftServer$Division (RaftServerImpl.java:<init>(256)) - 590e72f5-e0a8-4a6b-9708-265ca50c2b50: new RaftServerImpl for group-0E048453A2BF:[590e72f5-e0a8-4a6b-9708-265ca50c2b50|10.1.0.24:15064] with ContainerStateMachine:uninitialized
2024-04-16 13:47:17,703 [590e72f5-e0a8-4a6b-9708-265ca50c2b50-groupManagement] INFO  server.RaftServerConfigKeys (ConfUtils.java:logGet(46)) - raft.server.rpc.timeout.min = 5s (custom)
2024-04-16 13:47:17,703 [590e72f5-e0a8-4a6b-9708-265ca50c2b50-groupManagement] INFO  server.RaftServerConfigKeys (ConfUtils.java:logGet(46)) - raft.server.rpc.timeout.max = 5200ms (custom)
2024-04-16 13:47:17,703 [590e72f5-e0a8-4a6b-9708-265ca50c2b50-groupManagement] INFO  server.RaftServerConfigKeys (ConfUtils.java:logGet(46)) - raft.server.rpc.sleep.time = 25ms (default)
2024-04-16 13:47:17,703 [590e72f5-e0a8-4a6b-9708-265ca50c2b50-groupManagement] INFO  server.RaftServerConfigKeys (ConfUtils.java:logGet(46)) - raft.server.rpc.slowness.timeout = 300s (custom)
2024-04-16 13:47:17,703 [590e72f5-e0a8-4a6b-9708-265ca50c2b50-groupManagement] INFO  server.RaftServerConfigKeys (ConfUtils.java:logGet(46)) - raft.server.leaderelection.leader.step-down.wait-time = 10s (default)
2024-04-16 13:47:17,704 [590e72f5-e0a8-4a6b-9708-265ca50c2b50-groupManagement] INFO  server.RaftServerConfigKeys (ConfUtils.java:logGet(46)) - raft.server.leaderelection.member.majority-add = false (default)
2024-04-16 13:47:17,704 [590e72f5-e0a8-4a6b-9708-265ca50c2b50-groupManagement] INFO  server.RaftServerConfigKeys (ConfUtils.java:logGet(46)) - raft.server.sleep.deviation.threshold = 300ms (default)
2024-04-16 13:47:17,704 [590e72f5-e0a8-4a6b-9708-265ca50c2b50-groupManagement] INFO  server.RaftServer$Division (ServerState.java:<init>(113)) - 590e72f5-e0a8-4a6b-9708-265ca50c2b50@group-0E048453A2BF: ConfigurationManager, init=-1: peers:[590e72f5-e0a8-4a6b-9708-265ca50c2b50|10.1.0.24:15064]|listeners:[], old=null, confs=<EMPTY_MAP>
2024-04-16 13:47:17,704 [590e72f5-e0a8-4a6b-9708-265ca50c2b50-groupManagement] INFO  server.RaftServerConfigKeys (ConfUtils.java:logGet(46)) - raft.server.notification.no-leader.timeout = 300s (custom)
2024-04-16 13:47:17,704 [590e72f5-e0a8-4a6b-9708-265ca50c2b50-groupManagement] INFO  server.RaftServerConfigKeys (ConfUtils.java:logGet(46)) - raft.server.read.timeout = 10s (default)
2024-04-16 13:47:17,704 [590e72f5-e0a8-4a6b-9708-265ca50c2b50-groupManagement] INFO  server.RaftServerConfigKeys (ConfUtils.java:logGet(46)) - raft.server.retrycache.expirytime = 600000ms (custom)
2024-04-16 13:47:17,704 [590e72f5-e0a8-4a6b-9708-265ca50c2b50-groupManagement] INFO  server.RaftServerConfigKeys (ConfUtils.java:logGet(46)) - raft.server.retrycache.statistics.expirytime = 100ms (default)
2024-04-16 13:47:17,704 [590e72f5-e0a8-4a6b-9708-265ca50c2b50-groupManagement] INFO  server.RaftServerConfigKeys (ConfUtils.java:logGet(46)) - raft.server.read.option = DEFAULT (default)
2024-04-16 13:47:17,704 [590e72f5-e0a8-4a6b-9708-265ca50c2b50-groupManagement] INFO  server.RaftServerConfigKeys (ConfUtils.java:logGet(46)) - raft.server.read.read-after-write-consistent.write-index-cache.expiry-time = 60s (default)
2024-04-16 13:47:17,707 [590e72f5-e0a8-4a6b-9708-265ca50c2b50-groupManagement] INFO  server.RaftServerConfigKeys (ConfUtils.java:logGet(46)) - raft.server.rpc.request.timeout = 60s (custom)
2024-04-16 13:47:17,707 [590e72f5-e0a8-4a6b-9708-265ca50c2b50-groupManagement] INFO  server.RaftServerConfigKeys (ConfUtils.java:logGet(46)) - raft.server.log.appender.install.snapshot.enabled = false (custom)
2024-04-16 13:47:17,707 [590e72f5-e0a8-4a6b-9708-265ca50c2b50-groupManagement] INFO  server.RaftServerConfigKeys (ConfUtils.java:logGet(46)) - raft.server.threadpool.server.cached = true (default)
2024-04-16 13:47:17,707 [590e72f5-e0a8-4a6b-9708-265ca50c2b50-groupManagement] INFO  server.RaftServerConfigKeys (ConfUtils.java:logGet(46)) - raft.server.threadpool.server.size = 0 (default)
2024-04-16 13:47:17,707 [590e72f5-e0a8-4a6b-9708-265ca50c2b50-groupManagement] INFO  server.RaftServerConfigKeys (ConfUtils.java:logGet(46)) - raft.server.threadpool.client.cached = true (default)
2024-04-16 13:47:17,707 [590e72f5-e0a8-4a6b-9708-265ca50c2b50-groupManagement] INFO  server.RaftServerConfigKeys (ConfUtils.java:logGet(46)) - raft.server.threadpool.client.size = 0 (default)
2024-04-16 13:47:17,707 [590e72f5-e0a8-4a6b-9708-265ca50c2b50-groupManagement] INFO  server.RaftServerConfigKeys (ConfUtils.java:logGet(46)) - raft.server.storage.free-space.min = 0MB (=0) (default)
2024-04-16 13:47:17,707 [590e72f5-e0a8-4a6b-9708-265ca50c2b50-groupManagement] INFO  server.RaftServerConfigKeys (ConfUtils.java:logGet(46)) - raft.server.log.corruption.policy = EXCEPTION (default)
2024-04-16 13:47:17,707 [590e72f5-e0a8-4a6b-9708-265ca50c2b50-groupManagement] INFO  server.RaftServerConfigKeys (ConfUtils.java:logGet(46)) - raft.server.storage.dir = [/home/runner/work/ozone/ozone/hadoop-ozone/integration-test/target/test-dir/MiniOzoneClusterImpl-f0f26617-5c27-4371-b446-298ac6c8687b/ozone-meta/datanode-3/ratis] (custom)
2024-04-16 13:47:17,707 [590e72f5-e0a8-4a6b-9708-265ca50c2b50-groupManagement] INFO  storage.RaftStorageDirectory (RaftStorageDirectoryImpl.java:analyzeStorage(138)) - The storage directory /home/runner/work/ozone/ozone/hadoop-ozone/integration-test/target/test-dir/MiniOzoneClusterImpl-f0f26617-5c27-4371-b446-298ac6c8687b/ozone-meta/datanode-3/ratis/169aeb86-d283-4a13-b667-0e048453a2bf does not exist. Creating ...
2024-04-16 13:47:17,708 [590e72f5-e0a8-4a6b-9708-265ca50c2b50-groupManagement] INFO  storage.RaftStorageDirectory (RaftStorageDirectoryImpl.java:tryLock(228)) - Lock on /home/runner/work/ozone/ozone/hadoop-ozone/integration-test/target/test-dir/MiniOzoneClusterImpl-f0f26617-5c27-4371-b446-298ac6c8687b/ozone-meta/datanode-3/ratis/169aeb86-d283-4a13-b667-0e048453a2bf/in_use.lock acquired by nodename 102701@fv-az1428-817
2024-04-16 13:47:17,710 [590e72f5-e0a8-4a6b-9708-265ca50c2b50-groupManagement] INFO  storage.RaftStorage (RaftStorageImpl.java:format(99)) - Storage directory /home/runner/work/ozone/ozone/hadoop-ozone/integration-test/target/test-dir/MiniOzoneClusterImpl-f0f26617-5c27-4371-b446-298ac6c8687b/ozone-meta/datanode-3/ratis/169aeb86-d283-4a13-b667-0e048453a2bf has been successfully formatted.
2024-04-16 13:47:17,710 [590e72f5-e0a8-4a6b-9708-265ca50c2b50-groupManagement] WARN  util.FileUtils (LogUtils.java:supplyAndLog(63)) - Failed to Files.newInputStream /home/runner/work/ozone/ozone/hadoop-ozone/integration-test/target/test-dir/MiniOzoneClusterImpl-f0f26617-5c27-4371-b446-298ac6c8687b/ozone-meta/datanode-3/ratis/169aeb86-d283-4a13-b667-0e048453a2bf/current/raft-meta.conf with options []: java.nio.file.NoSuchFileException: /home/runner/work/ozone/ozone/hadoop-ozone/integration-test/target/test-dir/MiniOzoneClusterImpl-f0f26617-5c27-4371-b446-298ac6c8687b/ozone-meta/datanode-3/ratis/169aeb86-d283-4a13-b667-0e048453a2bf/current/raft-meta.conf
2024-04-16 13:47:17,710 [590e72f5-e0a8-4a6b-9708-265ca50c2b50-groupManagement] INFO  ratis.ContainerStateMachine (ContainerStateMachine.java:loadSnapshot(287)) - group-0E048453A2BF: The snapshot info is null. Setting the last applied index to:(t:0, i:~)
2024-04-16 13:47:17,710 [590e72f5-e0a8-4a6b-9708-265ca50c2b50-groupManagement] INFO  server.RaftServerConfigKeys (ConfUtils.java:logGet(46)) - raft.server.log.use.memory = false (default)
2024-04-16 13:47:17,711 [590e72f5-e0a8-4a6b-9708-265ca50c2b50-groupManagement] INFO  server.RaftServerConfigKeys (ConfUtils.java:logGet(46)) - raft.server.log.purge.gap = 1000000 (custom)
2024-04-16 13:47:17,711 [590e72f5-e0a8-4a6b-9708-265ca50c2b50-groupManagement] INFO  server.RaftServerConfigKeys (ConfUtils.java:logGet(46)) - raft.server.log.appender.buffer.byte-limit = 8388608 (custom)
2024-04-16 13:47:17,711 [590e72f5-e0a8-4a6b-9708-265ca50c2b50-groupManagement] INFO  server.RaftServerConfigKeys (ConfUtils.java:logGet(46)) - raft.server.log.statemachine.data.read.timeout = 1000ms (default)
2024-04-16 13:47:17,711 [590e72f5-e0a8-4a6b-9708-265ca50c2b50-groupManagement] INFO  server.RaftServerConfigKeys (ConfUtils.java:logGet(46)) - raft.server.log.purge.preservation.log.num = 0 (default)
2024-04-16 13:47:17,713 [scmNode-3-EventQueue-PipelineReportForPipelineReportHandler] ERROR pipeline.PipelineReportHandler (PipelineReportHandler.java:onMessage(100)) - Could not process pipeline report=pipelineID {
  id: "169aeb86-d283-4a13-b667-0e048453a2bf"
  uuid128 {
    mostSigBits: 1628873179537820179
    leastSigBits: -5303254623642737985
  }
}
isLeader: false
bytesWritten: 0
 from dn=590e72f5-e0a8-4a6b-9708-265ca50c2b50(fv-az1428-817.utppd1leec2uvmgjoennxb5ynh.ex.internal.cloudapp.net/10.1.0.24).
org.apache.hadoop.hdds.scm.exceptions.SCMException: org.apache.ratis.protocol.exceptions.NotLeaderException: Server 692eadad-ad12-4257-a6c9-255a711e16c4@group-298AC6C8687B is not the leader 8dded7e3-77f4-42cf-91f8-4014f88a5819|localhost:15003
	at org.apache.hadoop.hdds.scm.ha.SCMHAInvocationHandler.translateException(SCMHAInvocationHandler.java:165)
	at org.apache.hadoop.hdds.scm.ha.SCMHAInvocationHandler.invokeRatis(SCMHAInvocationHandler.java:115)
	at org.apache.hadoop.hdds.scm.ha.SCMHAInvocationHandler.invoke(SCMHAInvocationHandler.java:74)
	at com.sun.proxy.$Proxy45.updatePipelineState(Unknown Source)
	at org.apache.hadoop.hdds.scm.pipeline.PipelineManagerImpl.openPipeline(PipelineManagerImpl.java:430)
	at org.apache.hadoop.hdds.scm.pipeline.PipelineReportHandler.processPipelineReport(PipelineReportHandler.java:135)
	at org.apache.hadoop.hdds.scm.pipeline.PipelineReportHandler.onMessage(PipelineReportHandler.java:93)
	at org.apache.hadoop.hdds.scm.pipeline.PipelineReportHandler.onMessage(PipelineReportHandler.java:52)
	at org.apache.hadoop.hdds.server.events.SingleThreadExecutor.lambda$onMessage$1(SingleThreadExecutor.java:86)
	at java.util.concurrent.ThreadPoolExecutor.runWorker(ThreadPoolExecutor.java:1149)
	at java.util.concurrent.ThreadPoolExecutor$Worker.run(ThreadPoolExecutor.java:624)
	at java.lang.Thread.run(Thread.java:750)
Caused by: org.apache.ratis.protocol.exceptions.NotLeaderException: Server 692eadad-ad12-4257-a6c9-255a711e16c4@group-298AC6C8687B is not the leader 8dded7e3-77f4-42cf-91f8-4014f88a5819|localhost:15003
	at org.apache.ratis.server.impl.RaftServerImpl.generateNotLeaderException(RaftServerImpl.java:807)
	at org.apache.ratis.server.impl.RaftServerImpl.checkLeaderState(RaftServerImpl.java:772)
	at org.apache.ratis.server.impl.RaftServerImpl.checkLeaderState(RaftServerImpl.java:758)
	at org.apache.ratis.server.impl.RaftServerImpl.writeAsync(RaftServerImpl.java:938)
	at org.apache.ratis.server.impl.RaftServerImpl.replyFuture(RaftServerImpl.java:931)
	at org.apache.ratis.server.impl.RaftServerImpl.submitClientRequestAsync(RaftServerImpl.java:908)
	at org.apache.ratis.server.impl.RaftServerImpl.lambda$null$13(RaftServerImpl.java:897)
	at org.apache.ratis.util.JavaUtils.callAsUnchecked(JavaUtils.java:118)
	at org.apache.ratis.server.impl.RaftServerImpl.lambda$executeSubmitClientRequestAsync$14(RaftServerImpl.java:897)
	at java.util.concurrent.CompletableFuture$AsyncSupply.run(CompletableFuture.java:1604)
	... 3 more
2024-04-16 13:47:17,713 [scmNode-2-EventQueue-PipelineReportForPipelineReportHandler] ERROR pipeline.PipelineReportHandler (PipelineReportHandler.java:onMessage(100)) - Could not process pipeline report=pipelineID {
  id: "169aeb86-d283-4a13-b667-0e048453a2bf"
  uuid128 {
    mostSigBits: 1628873179537820179
    leastSigBits: -5303254623642737985
  }
}
isLeader: false
bytesWritten: 0
 from dn=590e72f5-e0a8-4a6b-9708-265ca50c2b50(fv-az1428-817.utppd1leec2uvmgjoennxb5ynh.ex.internal.cloudapp.net/10.1.0.24).
org.apache.hadoop.hdds.scm.exceptions.SCMException: org.apache.ratis.protocol.exceptions.NotLeaderException: Server e74c9e3a-193e-4dbb-b5f5-b6805398d140@group-298AC6C8687B is not the leader 8dded7e3-77f4-42cf-91f8-4014f88a5819|localhost:15003
	at org.apache.hadoop.hdds.scm.ha.SCMHAInvocationHandler.translateException(SCMHAInvocationHandler.java:165)
	at org.apache.hadoop.hdds.scm.ha.SCMHAInvocationHandler.invokeRatis(SCMHAInvocationHandler.java:115)
	at org.apache.hadoop.hdds.scm.ha.SCMHAInvocationHandler.invoke(SCMHAInvocationHandler.java:74)
	at com.sun.proxy.$Proxy45.updatePipelineState(Unknown Source)
	at org.apache.hadoop.hdds.scm.pipeline.PipelineManagerImpl.openPipeline(PipelineManagerImpl.java:430)
	at org.apache.hadoop.hdds.scm.pipeline.PipelineReportHandler.processPipelineReport(PipelineReportHandler.java:135)
	at org.apache.hadoop.hdds.scm.pipeline.PipelineReportHandler.onMessage(PipelineReportHandler.java:93)
	at org.apache.hadoop.hdds.scm.pipeline.PipelineReportHandler.onMessage(PipelineReportHandler.java:52)
	at org.apache.hadoop.hdds.server.events.SingleThreadExecutor.lambda$onMessage$1(SingleThreadExecutor.java:86)
	at java.util.concurrent.ThreadPoolExecutor.runWorker(ThreadPoolExecutor.java:1149)
	at java.util.concurrent.ThreadPoolExecutor$Worker.run(ThreadPoolExecutor.java:624)
	at java.lang.Thread.run(Thread.java:750)
Caused by: org.apache.ratis.protocol.exceptions.NotLeaderException: Server e74c9e3a-193e-4dbb-b5f5-b6805398d140@group-298AC6C8687B is not the leader 8dded7e3-77f4-42cf-91f8-4014f88a5819|localhost:15003
	at org.apache.ratis.server.impl.RaftServerImpl.generateNotLeaderException(RaftServerImpl.java:807)
	at org.apache.ratis.server.impl.RaftServerImpl.checkLeaderState(RaftServerImpl.java:772)
	at org.apache.ratis.server.impl.RaftServerImpl.checkLeaderState(RaftServerImpl.java:758)
	at org.apache.ratis.server.impl.RaftServerImpl.writeAsync(RaftServerImpl.java:938)
	at org.apache.ratis.server.impl.RaftServerImpl.replyFuture(RaftServerImpl.java:931)
	at org.apache.ratis.server.impl.RaftServerImpl.submitClientRequestAsync(RaftServerImpl.java:908)
	at org.apache.ratis.server.impl.RaftServerImpl.lambda$null$13(RaftServerImpl.java:897)
	at org.apache.ratis.util.JavaUtils.callAsUnchecked(JavaUtils.java:118)
	at org.apache.ratis.server.impl.RaftServerImpl.lambda$executeSubmitClientRequestAsync$14(RaftServerImpl.java:897)
	at java.util.concurrent.CompletableFuture$AsyncSupply.run(CompletableFuture.java:1604)
	... 3 more
2024-04-16 13:47:17,718 [590e72f5-e0a8-4a6b-9708-265ca50c2b50-groupManagement] INFO  server.RaftServerConfigKeys (ConfUtils.java:logGet(46)) - raft.server.log.segment.size.max = 67108864 (custom)
2024-04-16 13:47:17,718 [590e72f5-e0a8-4a6b-9708-265ca50c2b50-groupManagement] INFO  server.RaftServerConfigKeys (ConfUtils.java:logGet(46)) - raft.server.log.segment.cache.num.max = 2 (custom)
2024-04-16 13:47:17,718 [590e72f5-e0a8-4a6b-9708-265ca50c2b50-groupManagement] INFO  server.RaftServerConfigKeys (ConfUtils.java:logGet(46)) - raft.server.log.segment.cache.size.max = 200MB (=209715200) (default)
2024-04-16 13:47:17,718 [590e72f5-e0a8-4a6b-9708-265ca50c2b50-groupManagement] INFO  server.RaftServerConfigKeys (ConfUtils.java:logGet(46)) - raft.server.log.appender.buffer.byte-limit = 8388608 (custom)
2024-04-16 13:47:17,719 [590e72f5-e0a8-4a6b-9708-265ca50c2b50-groupManagement] INFO  util.AwaitToRun (AwaitToRun.java:start(81)) - Thread[590e72f5-e0a8-4a6b-9708-265ca50c2b50@group-0E048453A2BF-cacheEviction-AwaitToRun,5,main] started
2024-04-16 13:47:17,719 [590e72f5-e0a8-4a6b-9708-265ca50c2b50-groupManagement] INFO  segmented.SegmentedRaftLogWorker (SegmentedRaftLogWorker.java:<init>(182)) - new 590e72f5-e0a8-4a6b-9708-265ca50c2b50@group-0E048453A2BF-SegmentedRaftLogWorker for RaftStorageImpl:Storage Directory /home/runner/work/ozone/ozone/hadoop-ozone/integration-test/target/test-dir/MiniOzoneClusterImpl-f0f26617-5c27-4371-b446-298ac6c8687b/ozone-meta/datanode-3/ratis/169aeb86-d283-4a13-b667-0e048453a2bf
2024-04-16 13:47:17,719 [590e72f5-e0a8-4a6b-9708-265ca50c2b50-groupManagement] INFO  server.RaftServerConfigKeys (ConfUtils.java:logGet(46)) - raft.server.log.queue.byte-limit = 4294967296 (custom)
2024-04-16 13:47:17,719 [590e72f5-e0a8-4a6b-9708-265ca50c2b50-groupManagement] INFO  server.RaftServerConfigKeys (ConfUtils.java:logGet(46)) - raft.server.log.queue.element-limit = 1024 (custom)
2024-04-16 13:47:17,720 [590e72f5-e0a8-4a6b-9708-265ca50c2b50-groupManagement] INFO  server.RaftServerConfigKeys (ConfUtils.java:logGet(46)) - raft.server.log.segment.size.max = 67108864 (custom)
2024-04-16 13:47:17,720 [590e72f5-e0a8-4a6b-9708-265ca50c2b50-groupManagement] INFO  server.RaftServerConfigKeys (ConfUtils.java:logGet(46)) - raft.server.log.preallocated.size = 4194304 (custom)
2024-04-16 13:47:17,720 [590e72f5-e0a8-4a6b-9708-265ca50c2b50-groupManagement] INFO  server.RaftServerConfigKeys (ConfUtils.java:logGet(46)) - raft.server.log.force.sync.num = 128 (default)
2024-04-16 13:47:17,720 [590e72f5-e0a8-4a6b-9708-265ca50c2b50-groupManagement] INFO  server.RaftServerConfigKeys (ConfUtils.java:logGet(46)) - raft.server.log.statemachine.data.sync = true (default)
2024-04-16 13:47:17,720 [590e72f5-e0a8-4a6b-9708-265ca50c2b50-groupManagement] INFO  server.RaftServerConfigKeys (ConfUtils.java:logGet(46)) - raft.server.log.statemachine.data.sync.timeout = 10s (default)
2024-04-16 13:47:17,720 [590e72f5-e0a8-4a6b-9708-265ca50c2b50-groupManagement] INFO  server.RaftServerConfigKeys (ConfUtils.java:logGet(46)) - raft.server.log.statemachine.data.sync.timeout.retry = 0 (custom)
2024-04-16 13:47:17,720 [590e72f5-e0a8-4a6b-9708-265ca50c2b50-groupManagement] INFO  server.RaftServerConfigKeys (ConfUtils.java:logGet(46)) - raft.server.log.write.buffer.size = 8388616 (custom)
2024-04-16 13:47:17,722 [590e72f5-e0a8-4a6b-9708-265ca50c2b50-groupManagement] INFO  server.RaftServerConfigKeys (ConfUtils.java:logGet(46)) - raft.server.log.appender.buffer.byte-limit = 8388608 (custom)
2024-04-16 13:47:17,722 [590e72f5-e0a8-4a6b-9708-265ca50c2b50-groupManagement] INFO  server.RaftServerConfigKeys (ConfUtils.java:logGet(46)) - raft.server.log.unsafe-flush.enabled = false (default)
2024-04-16 13:47:17,722 [590e72f5-e0a8-4a6b-9708-265ca50c2b50-groupManagement] INFO  server.RaftServerConfigKeys (ConfUtils.java:logGet(46)) - raft.server.log.async-flush.enabled = false (default)
2024-04-16 13:47:17,723 [590e72f5-e0a8-4a6b-9708-265ca50c2b50-groupManagement] INFO  server.RaftServerConfigKeys (ConfUtils.java:logGet(46)) - raft.server.log.statemachine.data.caching.enabled = true (custom)
2024-04-16 13:47:17,723 [590e72f5-e0a8-4a6b-9708-265ca50c2b50-groupManagement] INFO  segmented.SegmentedRaftLogWorker (SegmentedRaftLogWorker.java:lambda$new$0(134)) - 590e72f5-e0a8-4a6b-9708-265ca50c2b50@group-0E048453A2BF-SegmentedRaftLogWorker: flushIndex: setUnconditionally 0 -> -1
2024-04-16 13:47:17,723 [590e72f5-e0a8-4a6b-9708-265ca50c2b50-groupManagement] INFO  segmented.SegmentedRaftLogWorker (SegmentedRaftLogWorker.java:lambda$new$0(134)) - 590e72f5-e0a8-4a6b-9708-265ca50c2b50@group-0E048453A2BF-SegmentedRaftLogWorker: safeCacheEvictIndex: setUnconditionally 0 -> -1
2024-04-16 13:47:17,723 [8dded7e3-77f4-42cf-91f8-4014f88a5819@group-298AC6C8687B-StateMachineUpdater] INFO  safemode.HealthyPipelineSafeModeRule (HealthyPipelineSafeModeRule.java:initializeRule(172)) - Refreshed total pipeline count is 0, healthy pipeline threshold count is 1
2024-04-16 13:47:17,725 [scmNode-1-EventQueue-PipelineReportForPipelineReportHandler] INFO  pipeline.PipelineReportHandler (PipelineReportHandler.java:processPipelineReport(136)) - Opened pipeline PipelineID=169aeb86-d283-4a13-b667-0e048453a2bf
2024-04-16 13:47:17,725 [scmNode-1-EventQueue-OpenPipelineForHealthyPipelineSafeModeRule] INFO  safemode.SCMSafeModeManager (HealthyPipelineSafeModeRule.java:process(140)) - SCM in safe mode. Healthy pipelines reported count is 0, required healthy pipeline reported count is 1
2024-04-16 13:47:17,727 [e74c9e3a-193e-4dbb-b5f5-b6805398d140@group-298AC6C8687B-StateMachineUpdater] INFO  safemode.HealthyPipelineSafeModeRule (HealthyPipelineSafeModeRule.java:initializeRule(172)) - Refreshed total pipeline count is 0, healthy pipeline threshold count is 1
2024-04-16 13:47:17,728 [692eadad-ad12-4257-a6c9-255a711e16c4@group-298AC6C8687B-StateMachineUpdater] INFO  safemode.HealthyPipelineSafeModeRule (HealthyPipelineSafeModeRule.java:initializeRule(172)) - Refreshed total pipeline count is 0, healthy pipeline threshold count is 1
2024-04-16 13:47:17,736 [590e72f5-e0a8-4a6b-9708-265ca50c2b50-groupManagement] INFO  server.RaftServer$Division (RaftServerImpl.java:start(396)) - 590e72f5-e0a8-4a6b-9708-265ca50c2b50@group-0E048453A2BF: start as a follower, conf=-1: peers:[590e72f5-e0a8-4a6b-9708-265ca50c2b50|10.1.0.24:15064]|listeners:[], old=null
2024-04-16 13:47:17,736 [590e72f5-e0a8-4a6b-9708-265ca50c2b50-groupManagement] INFO  server.RaftServer$Division (RaftServerImpl.java:setRole(383)) - 590e72f5-e0a8-4a6b-9708-265ca50c2b50@group-0E048453A2BF: changes role from      null to FOLLOWER at term 0 for startAsFollower
2024-04-16 13:47:17,736 [590e72f5-e0a8-4a6b-9708-265ca50c2b50-groupManagement] INFO  impl.RoleInfo (RoleInfo.java:updateAndGet(139)) - 590e72f5-e0a8-4a6b-9708-265ca50c2b50: start 590e72f5-e0a8-4a6b-9708-265ca50c2b50@group-0E048453A2BF-FollowerState
2024-04-16 13:47:17,737 [590e72f5-e0a8-4a6b-9708-265ca50c2b50-groupManagement] INFO  util.JmxRegister (JmxRegister.java:tryRegister(44)) - Successfully registered JMX Bean with object name Ratis:service=RaftServer,group=group-0E048453A2BF,id=590e72f5-e0a8-4a6b-9708-265ca50c2b50
2024-04-16 13:47:17,737 [590e72f5-e0a8-4a6b-9708-265ca50c2b50-groupManagement] INFO  server.RaftServerConfigKeys (ConfUtils.java:logGet(46)) - raft.server.snapshot.trigger-when-stop.enabled = true (default)
2024-04-16 13:47:17,737 [590e72f5-e0a8-4a6b-9708-265ca50c2b50-groupManagement] INFO  server.RaftServerConfigKeys (ConfUtils.java:logGet(46)) - raft.server.snapshot.auto.trigger.enabled = true (custom)
2024-04-16 13:47:17,737 [590e72f5-e0a8-4a6b-9708-265ca50c2b50-groupManagement] INFO  server.RaftServerConfigKeys (ConfUtils.java:logGet(46)) - raft.server.snapshot.auto.trigger.threshold = 10000 (custom)
2024-04-16 13:47:17,737 [590e72f5-e0a8-4a6b-9708-265ca50c2b50-groupManagement] INFO  server.RaftServerConfigKeys (ConfUtils.java:logGet(46)) - raft.server.snapshot.retention.file.num = 5 (custom)
2024-04-16 13:47:17,737 [590e72f5-e0a8-4a6b-9708-265ca50c2b50-groupManagement] INFO  server.RaftServerConfigKeys (ConfUtils.java:logGet(46)) - raft.server.log.purge.upto.snapshot.index = false (default)
2024-04-16 13:47:17,739 [590e72f5-e0a8-4a6b-9708-265ca50c2b50@group-0E048453A2BF-FollowerState] INFO  server.RaftServerConfigKeys (ConfUtils.java:logFallback(53)) - raft.server.rpc.first-election.timeout.min = 5s (fallback to raft.server.rpc.timeout.min)
2024-04-16 13:47:17,740 [590e72f5-e0a8-4a6b-9708-265ca50c2b50@group-0E048453A2BF-FollowerState] INFO  server.RaftServerConfigKeys (ConfUtils.java:logFallback(53)) - raft.server.rpc.first-election.timeout.max = 5200ms (fallback to raft.server.rpc.timeout.max)
2024-04-16 13:47:17,740 [590e72f5-e0a8-4a6b-9708-265ca50c2b50-PipelineCommandHandlerThread-0] INFO  ratis.XceiverServerRatis (XceiverServerRatis.java:addGroup(864)) - Created group PipelineID=169aeb86-d283-4a13-b667-0e048453a2bf
2024-04-16 13:47:17,740 [590e72f5-e0a8-4a6b-9708-265ca50c2b50-PipelineCommandHandlerThread-0] INFO  commandhandler.CreatePipelineCommandHandler (CreatePipelineCommandHandler.java:lambda$handle$2(124)) - Created Pipeline RATIS ONE PipelineID=169aeb86-d283-4a13-b667-0e048453a2bf.
2024-04-16 13:47:17,774 [main] INFO  ozone.MiniOzoneClusterImpl (MiniOzoneClusterImpl.java:lambda$waitForClusterToBeReady$0(194)) - Nodes are ready. Got 3 of 3 DN Heartbeats.
2024-04-16 13:47:17,775 [main] INFO  ozone.MiniOzoneClusterImpl (MiniOzoneClusterImpl.java:lambda$waitForClusterToBeReady$0(197)) - Waiting for cluster to exit safe mode
2024-04-16 13:47:17,775 [main] INFO  ozone.MiniOzoneClusterImpl (MiniOzoneClusterImpl.java:lambda$waitForClusterToBeReady$0(199)) - SCM became leader
2024-04-16 13:47:17,815 [scmNode-1-SecretKeyManagerService] INFO  symmetric.SecretKeyManager (SecretKeyManager.java:checkAndRotate(125)) - SecretKey rotation is happening, new key generated SecretKey(id = da34a47c-27eb-4d7d-8d4d-5e9019e695c7, creation at: 2024-04-16T13:47:17.815Z, expire at: 2024-04-16T13:47:20.815Z)
2024-04-16 13:47:17,822 [8dded7e3-77f4-42cf-91f8-4014f88a5819@group-298AC6C8687B-StateMachineUpdater] INFO  symmetric.SecretKeyStateImpl (SecretKeyStateImpl.java:updateKeysInternal(113)) - Updating keys with [SecretKey(id = 86787598-7ab5-438a-93b9-7cb77472953d, creation at: 2024-04-16T13:47:16.815Z, expire at: 2024-04-16T13:47:19.815Z), SecretKey(id = 4eea6bb9-dbfa-4e06-88cc-5768b6fd017e, creation at: 2024-04-16T13:47:15.772Z, expire at: 2024-04-16T13:47:18.772Z), SecretKey(id = da34a47c-27eb-4d7d-8d4d-5e9019e695c7, creation at: 2024-04-16T13:47:17.815Z, expire at: 2024-04-16T13:47:20.815Z)]
2024-04-16 13:47:17,822 [8dded7e3-77f4-42cf-91f8-4014f88a5819@group-298AC6C8687B-StateMachineUpdater] INFO  symmetric.SecretKeyStateImpl (SecretKeyStateImpl.java:updateKeysInternal(128)) - Current key updated SecretKey(id = da34a47c-27eb-4d7d-8d4d-5e9019e695c7, creation at: 2024-04-16T13:47:17.815Z, expire at: 2024-04-16T13:47:20.815Z)
2024-04-16 13:47:17,823 [8dded7e3-77f4-42cf-91f8-4014f88a5819@group-298AC6C8687B-StateMachineUpdater] INFO  symmetric.LocalSecretKeyStore (LocalSecretKeyStore.java:save(109)) - Saved [SecretKey(id = da34a47c-27eb-4d7d-8d4d-5e9019e695c7, creation at: 2024-04-16T13:47:17.815Z, expire at: 2024-04-16T13:47:20.815Z), SecretKey(id = 86787598-7ab5-438a-93b9-7cb77472953d, creation at: 2024-04-16T13:47:16.815Z, expire at: 2024-04-16T13:47:19.815Z), SecretKey(id = 4eea6bb9-dbfa-4e06-88cc-5768b6fd017e, creation at: 2024-04-16T13:47:15.772Z, expire at: 2024-04-16T13:47:18.772Z)] to file /home/runner/work/ozone/ozone/hadoop-ozone/integration-test/target/test-dir/MiniOzoneClusterImpl-f0f26617-5c27-4371-b446-298ac6c8687b/scmNode-1/scm/keys/secret_keys.json
2024-04-16 13:47:17,823 [8dded7e3-77f4-42cf-91f8-4014f88a5819@group-298AC6C8687B-StateMachineUpdater] INFO  safemode.HealthyPipelineSafeModeRule (HealthyPipelineSafeModeRule.java:initializeRule(172)) - Refreshed total pipeline count is 0, healthy pipeline threshold count is 1
2024-04-16 13:47:17,826 [692eadad-ad12-4257-a6c9-255a711e16c4@group-298AC6C8687B-StateMachineUpdater] INFO  symmetric.SecretKeyStateImpl (SecretKeyStateImpl.java:updateKeysInternal(113)) - Updating keys with [SecretKey(id = 86787598-7ab5-438a-93b9-7cb77472953d, creation at: 2024-04-16T13:47:16.815Z, expire at: 2024-04-16T13:47:19.815Z), SecretKey(id = 4eea6bb9-dbfa-4e06-88cc-5768b6fd017e, creation at: 2024-04-16T13:47:15.772Z, expire at: 2024-04-16T13:47:18.772Z), SecretKey(id = da34a47c-27eb-4d7d-8d4d-5e9019e695c7, creation at: 2024-04-16T13:47:17.815Z, expire at: 2024-04-16T13:47:20.815Z)]
2024-04-16 13:47:17,826 [692eadad-ad12-4257-a6c9-255a711e16c4@group-298AC6C8687B-StateMachineUpdater] INFO  symmetric.SecretKeyStateImpl (SecretKeyStateImpl.java:updateKeysInternal(128)) - Current key updated SecretKey(id = da34a47c-27eb-4d7d-8d4d-5e9019e695c7, creation at: 2024-04-16T13:47:17.815Z, expire at: 2024-04-16T13:47:20.815Z)
2024-04-16 13:47:17,826 [692eadad-ad12-4257-a6c9-255a711e16c4@group-298AC6C8687B-StateMachineUpdater] INFO  symmetric.LocalSecretKeyStore (LocalSecretKeyStore.java:save(109)) - Saved [SecretKey(id = da34a47c-27eb-4d7d-8d4d-5e9019e695c7, creation at: 2024-04-16T13:47:17.815Z, expire at: 2024-04-16T13:47:20.815Z), SecretKey(id = 86787598-7ab5-438a-93b9-7cb77472953d, creation at: 2024-04-16T13:47:16.815Z, expire at: 2024-04-16T13:47:19.815Z), SecretKey(id = 4eea6bb9-dbfa-4e06-88cc-5768b6fd017e, creation at: 2024-04-16T13:47:15.772Z, expire at: 2024-04-16T13:47:18.772Z)] to file /home/runner/work/ozone/ozone/hadoop-ozone/integration-test/target/test-dir/MiniOzoneClusterImpl-f0f26617-5c27-4371-b446-298ac6c8687b/scmNode-3/scm/keys/secret_keys.json
2024-04-16 13:47:17,826 [692eadad-ad12-4257-a6c9-255a711e16c4@group-298AC6C8687B-StateMachineUpdater] INFO  safemode.HealthyPipelineSafeModeRule (HealthyPipelineSafeModeRule.java:initializeRule(172)) - Refreshed total pipeline count is 0, healthy pipeline threshold count is 1
2024-04-16 13:47:17,828 [e74c9e3a-193e-4dbb-b5f5-b6805398d140@group-298AC6C8687B-StateMachineUpdater] INFO  symmetric.SecretKeyStateImpl (SecretKeyStateImpl.java:updateKeysInternal(113)) - Updating keys with [SecretKey(id = 86787598-7ab5-438a-93b9-7cb77472953d, creation at: 2024-04-16T13:47:16.815Z, expire at: 2024-04-16T13:47:19.815Z), SecretKey(id = 4eea6bb9-dbfa-4e06-88cc-5768b6fd017e, creation at: 2024-04-16T13:47:15.772Z, expire at: 2024-04-16T13:47:18.772Z), SecretKey(id = da34a47c-27eb-4d7d-8d4d-5e9019e695c7, creation at: 2024-04-16T13:47:17.815Z, expire at: 2024-04-16T13:47:20.815Z)]
2024-04-16 13:47:17,828 [e74c9e3a-193e-4dbb-b5f5-b6805398d140@group-298AC6C8687B-StateMachineUpdater] INFO  symmetric.SecretKeyStateImpl (SecretKeyStateImpl.java:updateKeysInternal(128)) - Current key updated SecretKey(id = da34a47c-27eb-4d7d-8d4d-5e9019e695c7, creation at: 2024-04-16T13:47:17.815Z, expire at: 2024-04-16T13:47:20.815Z)
2024-04-16 13:47:17,828 [e74c9e3a-193e-4dbb-b5f5-b6805398d140@group-298AC6C8687B-StateMachineUpdater] INFO  symmetric.LocalSecretKeyStore (LocalSecretKeyStore.java:save(109)) - Saved [SecretKey(id = da34a47c-27eb-4d7d-8d4d-5e9019e695c7, creation at: 2024-04-16T13:47:17.815Z, expire at: 2024-04-16T13:47:20.815Z), SecretKey(id = 86787598-7ab5-438a-93b9-7cb77472953d, creation at: 2024-04-16T13:47:16.815Z, expire at: 2024-04-16T13:47:19.815Z), SecretKey(id = 4eea6bb9-dbfa-4e06-88cc-5768b6fd017e, creation at: 2024-04-16T13:47:15.772Z, expire at: 2024-04-16T13:47:18.772Z)] to file /home/runner/work/ozone/ozone/hadoop-ozone/integration-test/target/test-dir/MiniOzoneClusterImpl-f0f26617-5c27-4371-b446-298ac6c8687b/scmNode-2/scm/keys/secret_keys.json
2024-04-16 13:47:17,828 [e74c9e3a-193e-4dbb-b5f5-b6805398d140@group-298AC6C8687B-StateMachineUpdater] INFO  safemode.HealthyPipelineSafeModeRule (HealthyPipelineSafeModeRule.java:initializeRule(172)) - Refreshed total pipeline count is 0, healthy pipeline threshold count is 1
2024-04-16 13:47:17,917 [om1-SecretKeyPoller] INFO  symmetric.DefaultSecretKeySignerClient (DefaultSecretKeySignerClient.java:checkAndRefresh(167)) - New secret key fetched from SCM: SecretKey(id = da34a47c-27eb-4d7d-8d4d-5e9019e695c7, creation at: 2024-04-16T13:47:17.815Z, expire at: 2024-04-16T13:47:20.815Z).
2024-04-16 13:47:17,917 [SecretKeyPoller] INFO  symmetric.DefaultSecretKeySignerClient (DefaultSecretKeySignerClient.java:checkAndRefresh(167)) - New secret key fetched from SCM: SecretKey(id = da34a47c-27eb-4d7d-8d4d-5e9019e695c7, creation at: 2024-04-16T13:47:17.815Z, expire at: 2024-04-16T13:47:20.815Z).
2024-04-16 13:47:17,917 [SecretKeyPoller] INFO  symmetric.DefaultSecretKeySignerClient (DefaultSecretKeySignerClient.java:checkAndRefresh(167)) - New secret key fetched from SCM: SecretKey(id = da34a47c-27eb-4d7d-8d4d-5e9019e695c7, creation at: 2024-04-16T13:47:17.815Z, expire at: 2024-04-16T13:47:20.815Z).
2024-04-16 13:47:17,918 [SecretKeyPoller] INFO  symmetric.DefaultSecretKeySignerClient (DefaultSecretKeySignerClient.java:checkAndRefresh(167)) - New secret key fetched from SCM: SecretKey(id = da34a47c-27eb-4d7d-8d4d-5e9019e695c7, creation at: 2024-04-16T13:47:17.815Z, expire at: 2024-04-16T13:47:20.815Z).
2024-04-16 13:47:18,776 [main] INFO  ozone.MiniOzoneClusterImpl (MiniOzoneClusterImpl.java:lambda$waitForClusterToBeReady$0(194)) - Nodes are ready. Got 3 of 3 DN Heartbeats.
2024-04-16 13:47:18,776 [main] INFO  ozone.MiniOzoneClusterImpl (MiniOzoneClusterImpl.java:lambda$waitForClusterToBeReady$0(197)) - Waiting for cluster to exit safe mode
2024-04-16 13:47:18,776 [main] INFO  ozone.MiniOzoneClusterImpl (MiniOzoneClusterImpl.java:lambda$waitForClusterToBeReady$0(199)) - SCM became leader
2024-04-16 13:47:18,815 [scmNode-1-SecretKeyManagerService] INFO  symmetric.SecretKeyManager (SecretKeyManager.java:checkAndRotate(125)) - SecretKey rotation is happening, new key generated SecretKey(id = b4a4a165-ec2a-409e-a484-0c0d92c5c369, creation at: 2024-04-16T13:47:18.815Z, expire at: 2024-04-16T13:47:21.815Z)
2024-04-16 13:47:18,822 [8dded7e3-77f4-42cf-91f8-4014f88a5819@group-298AC6C8687B-StateMachineUpdater] INFO  symmetric.SecretKeyStateImpl (SecretKeyStateImpl.java:updateKeysInternal(113)) - Updating keys with [SecretKey(id = da34a47c-27eb-4d7d-8d4d-5e9019e695c7, creation at: 2024-04-16T13:47:17.815Z, expire at: 2024-04-16T13:47:20.815Z), SecretKey(id = 86787598-7ab5-438a-93b9-7cb77472953d, creation at: 2024-04-16T13:47:16.815Z, expire at: 2024-04-16T13:47:19.815Z), SecretKey(id = b4a4a165-ec2a-409e-a484-0c0d92c5c369, creation at: 2024-04-16T13:47:18.815Z, expire at: 2024-04-16T13:47:21.815Z)]
2024-04-16 13:47:18,822 [8dded7e3-77f4-42cf-91f8-4014f88a5819@group-298AC6C8687B-StateMachineUpdater] INFO  symmetric.SecretKeyStateImpl (SecretKeyStateImpl.java:updateKeysInternal(128)) - Current key updated SecretKey(id = b4a4a165-ec2a-409e-a484-0c0d92c5c369, creation at: 2024-04-16T13:47:18.815Z, expire at: 2024-04-16T13:47:21.815Z)
2024-04-16 13:47:18,822 [8dded7e3-77f4-42cf-91f8-4014f88a5819@group-298AC6C8687B-StateMachineUpdater] INFO  symmetric.LocalSecretKeyStore (LocalSecretKeyStore.java:save(109)) - Saved [SecretKey(id = b4a4a165-ec2a-409e-a484-0c0d92c5c369, creation at: 2024-04-16T13:47:18.815Z, expire at: 2024-04-16T13:47:21.815Z), SecretKey(id = da34a47c-27eb-4d7d-8d4d-5e9019e695c7, creation at: 2024-04-16T13:47:17.815Z, expire at: 2024-04-16T13:47:20.815Z), SecretKey(id = 86787598-7ab5-438a-93b9-7cb77472953d, creation at: 2024-04-16T13:47:16.815Z, expire at: 2024-04-16T13:47:19.815Z)] to file /home/runner/work/ozone/ozone/hadoop-ozone/integration-test/target/test-dir/MiniOzoneClusterImpl-f0f26617-5c27-4371-b446-298ac6c8687b/scmNode-1/scm/keys/secret_keys.json
2024-04-16 13:47:18,823 [8dded7e3-77f4-42cf-91f8-4014f88a5819@group-298AC6C8687B-StateMachineUpdater] INFO  safemode.HealthyPipelineSafeModeRule (HealthyPipelineSafeModeRule.java:initializeRule(172)) - Refreshed total pipeline count is 0, healthy pipeline threshold count is 1
2024-04-16 13:47:18,827 [e74c9e3a-193e-4dbb-b5f5-b6805398d140@group-298AC6C8687B-StateMachineUpdater] INFO  symmetric.SecretKeyStateImpl (SecretKeyStateImpl.java:updateKeysInternal(113)) - Updating keys with [SecretKey(id = da34a47c-27eb-4d7d-8d4d-5e9019e695c7, creation at: 2024-04-16T13:47:17.815Z, expire at: 2024-04-16T13:47:20.815Z), SecretKey(id = 86787598-7ab5-438a-93b9-7cb77472953d, creation at: 2024-04-16T13:47:16.815Z, expire at: 2024-04-16T13:47:19.815Z), SecretKey(id = b4a4a165-ec2a-409e-a484-0c0d92c5c369, creation at: 2024-04-16T13:47:18.815Z, expire at: 2024-04-16T13:47:21.815Z)]
2024-04-16 13:47:18,827 [e74c9e3a-193e-4dbb-b5f5-b6805398d140@group-298AC6C8687B-StateMachineUpdater] INFO  symmetric.SecretKeyStateImpl (SecretKeyStateImpl.java:updateKeysInternal(128)) - Current key updated SecretKey(id = b4a4a165-ec2a-409e-a484-0c0d92c5c369, creation at: 2024-04-16T13:47:18.815Z, expire at: 2024-04-16T13:47:21.815Z)
2024-04-16 13:47:18,827 [692eadad-ad12-4257-a6c9-255a711e16c4@group-298AC6C8687B-StateMachineUpdater] INFO  symmetric.SecretKeyStateImpl (SecretKeyStateImpl.java:updateKeysInternal(113)) - Updating keys with [SecretKey(id = da34a47c-27eb-4d7d-8d4d-5e9019e695c7, creation at: 2024-04-16T13:47:17.815Z, expire at: 2024-04-16T13:47:20.815Z), SecretKey(id = 86787598-7ab5-438a-93b9-7cb77472953d, creation at: 2024-04-16T13:47:16.815Z, expire at: 2024-04-16T13:47:19.815Z), SecretKey(id = b4a4a165-ec2a-409e-a484-0c0d92c5c369, creation at: 2024-04-16T13:47:18.815Z, expire at: 2024-04-16T13:47:21.815Z)]
2024-04-16 13:47:18,827 [692eadad-ad12-4257-a6c9-255a711e16c4@group-298AC6C8687B-StateMachineUpdater] INFO  symmetric.SecretKeyStateImpl (SecretKeyStateImpl.java:updateKeysInternal(128)) - Current key updated SecretKey(id = b4a4a165-ec2a-409e-a484-0c0d92c5c369, creation at: 2024-04-16T13:47:18.815Z, expire at: 2024-04-16T13:47:21.815Z)
2024-04-16 13:47:18,827 [692eadad-ad12-4257-a6c9-255a711e16c4@group-298AC6C8687B-StateMachineUpdater] INFO  symmetric.LocalSecretKeyStore (LocalSecretKeyStore.java:save(109)) - Saved [SecretKey(id = b4a4a165-ec2a-409e-a484-0c0d92c5c369, creation at: 2024-04-16T13:47:18.815Z, expire at: 2024-04-16T13:47:21.815Z), SecretKey(id = da34a47c-27eb-4d7d-8d4d-5e9019e695c7, creation at: 2024-04-16T13:47:17.815Z, expire at: 2024-04-16T13:47:20.815Z), SecretKey(id = 86787598-7ab5-438a-93b9-7cb77472953d, creation at: 2024-04-16T13:47:16.815Z, expire at: 2024-04-16T13:47:19.815Z)] to file /home/runner/work/ozone/ozone/hadoop-ozone/integration-test/target/test-dir/MiniOzoneClusterImpl-f0f26617-5c27-4371-b446-298ac6c8687b/scmNode-3/scm/keys/secret_keys.json
2024-04-16 13:47:18,828 [692eadad-ad12-4257-a6c9-255a711e16c4@group-298AC6C8687B-StateMachineUpdater] INFO  safemode.HealthyPipelineSafeModeRule (HealthyPipelineSafeModeRule.java:initializeRule(172)) - Refreshed total pipeline count is 0, healthy pipeline threshold count is 1
2024-04-16 13:47:18,827 [e74c9e3a-193e-4dbb-b5f5-b6805398d140@group-298AC6C8687B-StateMachineUpdater] INFO  symmetric.LocalSecretKeyStore (LocalSecretKeyStore.java:save(109)) - Saved [SecretKey(id = b4a4a165-ec2a-409e-a484-0c0d92c5c369, creation at: 2024-04-16T13:47:18.815Z, expire at: 2024-04-16T13:47:21.815Z), SecretKey(id = da34a47c-27eb-4d7d-8d4d-5e9019e695c7, creation at: 2024-04-16T13:47:17.815Z, expire at: 2024-04-16T13:47:20.815Z), SecretKey(id = 86787598-7ab5-438a-93b9-7cb77472953d, creation at: 2024-04-16T13:47:16.815Z, expire at: 2024-04-16T13:47:19.815Z)] to file /home/runner/work/ozone/ozone/hadoop-ozone/integration-test/target/test-dir/MiniOzoneClusterImpl-f0f26617-5c27-4371-b446-298ac6c8687b/scmNode-2/scm/keys/secret_keys.json
2024-04-16 13:47:18,829 [e74c9e3a-193e-4dbb-b5f5-b6805398d140@group-298AC6C8687B-StateMachineUpdater] INFO  safemode.HealthyPipelineSafeModeRule (HealthyPipelineSafeModeRule.java:initializeRule(172)) - Refreshed total pipeline count is 0, healthy pipeline threshold count is 1
2024-04-16 13:47:18,916 [SecretKeyPoller] INFO  symmetric.DefaultSecretKeySignerClient (DefaultSecretKeySignerClient.java:checkAndRefresh(167)) - New secret key fetched from SCM: SecretKey(id = b4a4a165-ec2a-409e-a484-0c0d92c5c369, creation at: 2024-04-16T13:47:18.815Z, expire at: 2024-04-16T13:47:21.815Z).
2024-04-16 13:47:18,916 [SecretKeyPoller] INFO  symmetric.DefaultSecretKeySignerClient (DefaultSecretKeySignerClient.java:checkAndRefresh(167)) - New secret key fetched from SCM: SecretKey(id = b4a4a165-ec2a-409e-a484-0c0d92c5c369, creation at: 2024-04-16T13:47:18.815Z, expire at: 2024-04-16T13:47:21.815Z).
2024-04-16 13:47:18,917 [SecretKeyPoller] INFO  symmetric.DefaultSecretKeySignerClient (DefaultSecretKeySignerClient.java:checkAndRefresh(167)) - New secret key fetched from SCM: SecretKey(id = b4a4a165-ec2a-409e-a484-0c0d92c5c369, creation at: 2024-04-16T13:47:18.815Z, expire at: 2024-04-16T13:47:21.815Z).
2024-04-16 13:47:18,916 [om1-SecretKeyPoller] INFO  symmetric.DefaultSecretKeySignerClient (DefaultSecretKeySignerClient.java:checkAndRefresh(167)) - New secret key fetched from SCM: SecretKey(id = b4a4a165-ec2a-409e-a484-0c0d92c5c369, creation at: 2024-04-16T13:47:18.815Z, expire at: 2024-04-16T13:47:21.815Z).
2024-04-16 13:47:19,777 [main] INFO  ozone.MiniOzoneClusterImpl (MiniOzoneClusterImpl.java:lambda$waitForClusterToBeReady$0(194)) - Nodes are ready. Got 3 of 3 DN Heartbeats.
2024-04-16 13:47:19,777 [main] INFO  ozone.MiniOzoneClusterImpl (MiniOzoneClusterImpl.java:lambda$waitForClusterToBeReady$0(197)) - Waiting for cluster to exit safe mode
2024-04-16 13:47:19,777 [main] INFO  ozone.MiniOzoneClusterImpl (MiniOzoneClusterImpl.java:lambda$waitForClusterToBeReady$0(199)) - SCM became leader
2024-04-16 13:47:19,815 [scmNode-1-SecretKeyManagerService] INFO  symmetric.SecretKeyManager (SecretKeyManager.java:checkAndRotate(125)) - SecretKey rotation is happening, new key generated SecretKey(id = 8ba88e7c-a4c0-4948-a63b-3e07000639e4, creation at: 2024-04-16T13:47:19.815Z, expire at: 2024-04-16T13:47:22.815Z)
2024-04-16 13:47:19,819 [8dded7e3-77f4-42cf-91f8-4014f88a5819@group-298AC6C8687B-StateMachineUpdater] INFO  symmetric.SecretKeyStateImpl (SecretKeyStateImpl.java:updateKeysInternal(113)) - Updating keys with [SecretKey(id = b4a4a165-ec2a-409e-a484-0c0d92c5c369, creation at: 2024-04-16T13:47:18.815Z, expire at: 2024-04-16T13:47:21.815Z), SecretKey(id = da34a47c-27eb-4d7d-8d4d-5e9019e695c7, creation at: 2024-04-16T13:47:17.815Z, expire at: 2024-04-16T13:47:20.815Z), SecretKey(id = 86787598-7ab5-438a-93b9-7cb77472953d, creation at: 2024-04-16T13:47:16.815Z, expire at: 2024-04-16T13:47:19.815Z), SecretKey(id = 8ba88e7c-a4c0-4948-a63b-3e07000639e4, creation at: 2024-04-16T13:47:19.815Z, expire at: 2024-04-16T13:47:22.815Z)]
2024-04-16 13:47:19,820 [8dded7e3-77f4-42cf-91f8-4014f88a5819@group-298AC6C8687B-StateMachineUpdater] INFO  symmetric.SecretKeyStateImpl (SecretKeyStateImpl.java:updateKeysInternal(128)) - Current key updated SecretKey(id = 8ba88e7c-a4c0-4948-a63b-3e07000639e4, creation at: 2024-04-16T13:47:19.815Z, expire at: 2024-04-16T13:47:22.815Z)
2024-04-16 13:47:19,820 [8dded7e3-77f4-42cf-91f8-4014f88a5819@group-298AC6C8687B-StateMachineUpdater] INFO  symmetric.LocalSecretKeyStore (LocalSecretKeyStore.java:save(109)) - Saved [SecretKey(id = 8ba88e7c-a4c0-4948-a63b-3e07000639e4, creation at: 2024-04-16T13:47:19.815Z, expire at: 2024-04-16T13:47:22.815Z), SecretKey(id = b4a4a165-ec2a-409e-a484-0c0d92c5c369, creation at: 2024-04-16T13:47:18.815Z, expire at: 2024-04-16T13:47:21.815Z), SecretKey(id = da34a47c-27eb-4d7d-8d4d-5e9019e695c7, creation at: 2024-04-16T13:47:17.815Z, expire at: 2024-04-16T13:47:20.815Z), SecretKey(id = 86787598-7ab5-438a-93b9-7cb77472953d, creation at: 2024-04-16T13:47:16.815Z, expire at: 2024-04-16T13:47:19.815Z)] to file /home/runner/work/ozone/ozone/hadoop-ozone/integration-test/target/test-dir/MiniOzoneClusterImpl-f0f26617-5c27-4371-b446-298ac6c8687b/scmNode-1/scm/keys/secret_keys.json
2024-04-16 13:47:19,820 [8dded7e3-77f4-42cf-91f8-4014f88a5819@group-298AC6C8687B-StateMachineUpdater] INFO  safemode.HealthyPipelineSafeModeRule (HealthyPipelineSafeModeRule.java:initializeRule(172)) - Refreshed total pipeline count is 0, healthy pipeline threshold count is 1
2024-04-16 13:47:19,821 [692eadad-ad12-4257-a6c9-255a711e16c4@group-298AC6C8687B-StateMachineUpdater] INFO  symmetric.SecretKeyStateImpl (SecretKeyStateImpl.java:updateKeysInternal(113)) - Updating keys with [SecretKey(id = b4a4a165-ec2a-409e-a484-0c0d92c5c369, creation at: 2024-04-16T13:47:18.815Z, expire at: 2024-04-16T13:47:21.815Z), SecretKey(id = da34a47c-27eb-4d7d-8d4d-5e9019e695c7, creation at: 2024-04-16T13:47:17.815Z, expire at: 2024-04-16T13:47:20.815Z), SecretKey(id = 86787598-7ab5-438a-93b9-7cb77472953d, creation at: 2024-04-16T13:47:16.815Z, expire at: 2024-04-16T13:47:19.815Z), SecretKey(id = 8ba88e7c-a4c0-4948-a63b-3e07000639e4, creation at: 2024-04-16T13:47:19.815Z, expire at: 2024-04-16T13:47:22.815Z)]
2024-04-16 13:47:19,821 [692eadad-ad12-4257-a6c9-255a711e16c4@group-298AC6C8687B-StateMachineUpdater] INFO  symmetric.SecretKeyStateImpl (SecretKeyStateImpl.java:updateKeysInternal(128)) - Current key updated SecretKey(id = 8ba88e7c-a4c0-4948-a63b-3e07000639e4, creation at: 2024-04-16T13:47:19.815Z, expire at: 2024-04-16T13:47:22.815Z)
2024-04-16 13:47:19,821 [692eadad-ad12-4257-a6c9-255a711e16c4@group-298AC6C8687B-StateMachineUpdater] INFO  symmetric.LocalSecretKeyStore (LocalSecretKeyStore.java:save(109)) - Saved [SecretKey(id = 8ba88e7c-a4c0-4948-a63b-3e07000639e4, creation at: 2024-04-16T13:47:19.815Z, expire at: 2024-04-16T13:47:22.815Z), SecretKey(id = b4a4a165-ec2a-409e-a484-0c0d92c5c369, creation at: 2024-04-16T13:47:18.815Z, expire at: 2024-04-16T13:47:21.815Z), SecretKey(id = da34a47c-27eb-4d7d-8d4d-5e9019e695c7, creation at: 2024-04-16T13:47:17.815Z, expire at: 2024-04-16T13:47:20.815Z), SecretKey(id = 86787598-7ab5-438a-93b9-7cb77472953d, creation at: 2024-04-16T13:47:16.815Z, expire at: 2024-04-16T13:47:19.815Z)] to file /home/runner/work/ozone/ozone/hadoop-ozone/integration-test/target/test-dir/MiniOzoneClusterImpl-f0f26617-5c27-4371-b446-298ac6c8687b/scmNode-3/scm/keys/secret_keys.json
2024-04-16 13:47:19,821 [692eadad-ad12-4257-a6c9-255a711e16c4@group-298AC6C8687B-StateMachineUpdater] INFO  safemode.HealthyPipelineSafeModeRule (HealthyPipelineSafeModeRule.java:initializeRule(172)) - Refreshed total pipeline count is 0, healthy pipeline threshold count is 1
2024-04-16 13:47:19,821 [e74c9e3a-193e-4dbb-b5f5-b6805398d140@group-298AC6C8687B-StateMachineUpdater] INFO  symmetric.SecretKeyStateImpl (SecretKeyStateImpl.java:updateKeysInternal(113)) - Updating keys with [SecretKey(id = b4a4a165-ec2a-409e-a484-0c0d92c5c369, creation at: 2024-04-16T13:47:18.815Z, expire at: 2024-04-16T13:47:21.815Z), SecretKey(id = da34a47c-27eb-4d7d-8d4d-5e9019e695c7, creation at: 2024-04-16T13:47:17.815Z, expire at: 2024-04-16T13:47:20.815Z), SecretKey(id = 86787598-7ab5-438a-93b9-7cb77472953d, creation at: 2024-04-16T13:47:16.815Z, expire at: 2024-04-16T13:47:19.815Z), SecretKey(id = 8ba88e7c-a4c0-4948-a63b-3e07000639e4, creation at: 2024-04-16T13:47:19.815Z, expire at: 2024-04-16T13:47:22.815Z)]
2024-04-16 13:47:19,822 [e74c9e3a-193e-4dbb-b5f5-b6805398d140@group-298AC6C8687B-StateMachineUpdater] INFO  symmetric.SecretKeyStateImpl (SecretKeyStateImpl.java:updateKeysInternal(128)) - Current key updated SecretKey(id = 8ba88e7c-a4c0-4948-a63b-3e07000639e4, creation at: 2024-04-16T13:47:19.815Z, expire at: 2024-04-16T13:47:22.815Z)
2024-04-16 13:47:19,822 [e74c9e3a-193e-4dbb-b5f5-b6805398d140@group-298AC6C8687B-StateMachineUpdater] INFO  symmetric.LocalSecretKeyStore (LocalSecretKeyStore.java:save(109)) - Saved [SecretKey(id = 8ba88e7c-a4c0-4948-a63b-3e07000639e4, creation at: 2024-04-16T13:47:19.815Z, expire at: 2024-04-16T13:47:22.815Z), SecretKey(id = b4a4a165-ec2a-409e-a484-0c0d92c5c369, creation at: 2024-04-16T13:47:18.815Z, expire at: 2024-04-16T13:47:21.815Z), SecretKey(id = da34a47c-27eb-4d7d-8d4d-5e9019e695c7, creation at: 2024-04-16T13:47:17.815Z, expire at: 2024-04-16T13:47:20.815Z), SecretKey(id = 86787598-7ab5-438a-93b9-7cb77472953d, creation at: 2024-04-16T13:47:16.815Z, expire at: 2024-04-16T13:47:19.815Z)] to file /home/runner/work/ozone/ozone/hadoop-ozone/integration-test/target/test-dir/MiniOzoneClusterImpl-f0f26617-5c27-4371-b446-298ac6c8687b/scmNode-2/scm/keys/secret_keys.json
2024-04-16 13:47:19,822 [e74c9e3a-193e-4dbb-b5f5-b6805398d140@group-298AC6C8687B-StateMachineUpdater] INFO  safemode.HealthyPipelineSafeModeRule (HealthyPipelineSafeModeRule.java:initializeRule(172)) - Refreshed total pipeline count is 0, healthy pipeline threshold count is 1
2024-04-16 13:47:19,916 [SecretKeyPoller] INFO  symmetric.DefaultSecretKeySignerClient (DefaultSecretKeySignerClient.java:checkAndRefresh(167)) - New secret key fetched from SCM: SecretKey(id = 8ba88e7c-a4c0-4948-a63b-3e07000639e4, creation at: 2024-04-16T13:47:19.815Z, expire at: 2024-04-16T13:47:22.815Z).
2024-04-16 13:47:19,916 [SecretKeyPoller] INFO  symmetric.DefaultSecretKeySignerClient (DefaultSecretKeySignerClient.java:checkAndRefresh(167)) - New secret key fetched from SCM: SecretKey(id = 8ba88e7c-a4c0-4948-a63b-3e07000639e4, creation at: 2024-04-16T13:47:19.815Z, expire at: 2024-04-16T13:47:22.815Z).
2024-04-16 13:47:19,917 [om1-SecretKeyPoller] INFO  symmetric.DefaultSecretKeySignerClient (DefaultSecretKeySignerClient.java:checkAndRefresh(167)) - New secret key fetched from SCM: SecretKey(id = 8ba88e7c-a4c0-4948-a63b-3e07000639e4, creation at: 2024-04-16T13:47:19.815Z, expire at: 2024-04-16T13:47:22.815Z).
2024-04-16 13:47:19,917 [SecretKeyPoller] INFO  symmetric.DefaultSecretKeySignerClient (DefaultSecretKeySignerClient.java:checkAndRefresh(167)) - New secret key fetched from SCM: SecretKey(id = 8ba88e7c-a4c0-4948-a63b-3e07000639e4, creation at: 2024-04-16T13:47:19.815Z, expire at: 2024-04-16T13:47:22.815Z).
2024-04-16 13:47:20,777 [main] INFO  ozone.MiniOzoneClusterImpl (MiniOzoneClusterImpl.java:lambda$waitForClusterToBeReady$0(194)) - Nodes are ready. Got 3 of 3 DN Heartbeats.
2024-04-16 13:47:20,778 [main] INFO  ozone.MiniOzoneClusterImpl (MiniOzoneClusterImpl.java:lambda$waitForClusterToBeReady$0(197)) - Waiting for cluster to exit safe mode
2024-04-16 13:47:20,778 [main] INFO  ozone.MiniOzoneClusterImpl (MiniOzoneClusterImpl.java:lambda$waitForClusterToBeReady$0(199)) - SCM became leader
2024-04-16 13:47:20,815 [scmNode-1-SecretKeyManagerService] INFO  symmetric.SecretKeyManager (SecretKeyManager.java:checkAndRotate(125)) - SecretKey rotation is happening, new key generated SecretKey(id = 162a4aee-bb2a-4266-8410-0db1b6bd06a9, creation at: 2024-04-16T13:47:20.815Z, expire at: 2024-04-16T13:47:23.815Z)
2024-04-16 13:47:20,819 [8dded7e3-77f4-42cf-91f8-4014f88a5819@group-298AC6C8687B-StateMachineUpdater] INFO  symmetric.SecretKeyStateImpl (SecretKeyStateImpl.java:updateKeysInternal(113)) - Updating keys with [SecretKey(id = 8ba88e7c-a4c0-4948-a63b-3e07000639e4, creation at: 2024-04-16T13:47:19.815Z, expire at: 2024-04-16T13:47:22.815Z), SecretKey(id = b4a4a165-ec2a-409e-a484-0c0d92c5c369, creation at: 2024-04-16T13:47:18.815Z, expire at: 2024-04-16T13:47:21.815Z), SecretKey(id = da34a47c-27eb-4d7d-8d4d-5e9019e695c7, creation at: 2024-04-16T13:47:17.815Z, expire at: 2024-04-16T13:47:20.815Z), SecretKey(id = 162a4aee-bb2a-4266-8410-0db1b6bd06a9, creation at: 2024-04-16T13:47:20.815Z, expire at: 2024-04-16T13:47:23.815Z)]
2024-04-16 13:47:20,819 [8dded7e3-77f4-42cf-91f8-4014f88a5819@group-298AC6C8687B-StateMachineUpdater] INFO  symmetric.SecretKeyStateImpl (SecretKeyStateImpl.java:updateKeysInternal(128)) - Current key updated SecretKey(id = 162a4aee-bb2a-4266-8410-0db1b6bd06a9, creation at: 2024-04-16T13:47:20.815Z, expire at: 2024-04-16T13:47:23.815Z)
2024-04-16 13:47:20,820 [8dded7e3-77f4-42cf-91f8-4014f88a5819@group-298AC6C8687B-StateMachineUpdater] INFO  symmetric.LocalSecretKeyStore (LocalSecretKeyStore.java:save(109)) - Saved [SecretKey(id = 162a4aee-bb2a-4266-8410-0db1b6bd06a9, creation at: 2024-04-16T13:47:20.815Z, expire at: 2024-04-16T13:47:23.815Z), SecretKey(id = 8ba88e7c-a4c0-4948-a63b-3e07000639e4, creation at: 2024-04-16T13:47:19.815Z, expire at: 2024-04-16T13:47:22.815Z), SecretKey(id = b4a4a165-ec2a-409e-a484-0c0d92c5c369, creation at: 2024-04-16T13:47:18.815Z, expire at: 2024-04-16T13:47:21.815Z), SecretKey(id = da34a47c-27eb-4d7d-8d4d-5e9019e695c7, creation at: 2024-04-16T13:47:17.815Z, expire at: 2024-04-16T13:47:20.815Z)] to file /home/runner/work/ozone/ozone/hadoop-ozone/integration-test/target/test-dir/MiniOzoneClusterImpl-f0f26617-5c27-4371-b446-298ac6c8687b/scmNode-1/scm/keys/secret_keys.json
2024-04-16 13:47:20,821 [8dded7e3-77f4-42cf-91f8-4014f88a5819@group-298AC6C8687B-StateMachineUpdater] INFO  safemode.HealthyPipelineSafeModeRule (HealthyPipelineSafeModeRule.java:initializeRule(172)) - Refreshed total pipeline count is 0, healthy pipeline threshold count is 1
2024-04-16 13:47:20,821 [e74c9e3a-193e-4dbb-b5f5-b6805398d140@group-298AC6C8687B-StateMachineUpdater] INFO  symmetric.SecretKeyStateImpl (SecretKeyStateImpl.java:updateKeysInternal(113)) - Updating keys with [SecretKey(id = 8ba88e7c-a4c0-4948-a63b-3e07000639e4, creation at: 2024-04-16T13:47:19.815Z, expire at: 2024-04-16T13:47:22.815Z), SecretKey(id = b4a4a165-ec2a-409e-a484-0c0d92c5c369, creation at: 2024-04-16T13:47:18.815Z, expire at: 2024-04-16T13:47:21.815Z), SecretKey(id = da34a47c-27eb-4d7d-8d4d-5e9019e695c7, creation at: 2024-04-16T13:47:17.815Z, expire at: 2024-04-16T13:47:20.815Z), SecretKey(id = 162a4aee-bb2a-4266-8410-0db1b6bd06a9, creation at: 2024-04-16T13:47:20.815Z, expire at: 2024-04-16T13:47:23.815Z)]
2024-04-16 13:47:20,821 [e74c9e3a-193e-4dbb-b5f5-b6805398d140@group-298AC6C8687B-StateMachineUpdater] INFO  symmetric.SecretKeyStateImpl (SecretKeyStateImpl.java:updateKeysInternal(128)) - Current key updated SecretKey(id = 162a4aee-bb2a-4266-8410-0db1b6bd06a9, creation at: 2024-04-16T13:47:20.815Z, expire at: 2024-04-16T13:47:23.815Z)
2024-04-16 13:47:20,821 [e74c9e3a-193e-4dbb-b5f5-b6805398d140@group-298AC6C8687B-StateMachineUpdater] INFO  symmetric.LocalSecretKeyStore (LocalSecretKeyStore.java:save(109)) - Saved [SecretKey(id = 162a4aee-bb2a-4266-8410-0db1b6bd06a9, creation at: 2024-04-16T13:47:20.815Z, expire at: 2024-04-16T13:47:23.815Z), SecretKey(id = 8ba88e7c-a4c0-4948-a63b-3e07000639e4, creation at: 2024-04-16T13:47:19.815Z, expire at: 2024-04-16T13:47:22.815Z), SecretKey(id = b4a4a165-ec2a-409e-a484-0c0d92c5c369, creation at: 2024-04-16T13:47:18.815Z, expire at: 2024-04-16T13:47:21.815Z), SecretKey(id = da34a47c-27eb-4d7d-8d4d-5e9019e695c7, creation at: 2024-04-16T13:47:17.815Z, expire at: 2024-04-16T13:47:20.815Z)] to file /home/runner/work/ozone/ozone/hadoop-ozone/integration-test/target/test-dir/MiniOzoneClusterImpl-f0f26617-5c27-4371-b446-298ac6c8687b/scmNode-2/scm/keys/secret_keys.json
2024-04-16 13:47:20,822 [e74c9e3a-193e-4dbb-b5f5-b6805398d140@group-298AC6C8687B-StateMachineUpdater] INFO  safemode.HealthyPipelineSafeModeRule (HealthyPipelineSafeModeRule.java:initializeRule(172)) - Refreshed total pipeline count is 0, healthy pipeline threshold count is 1
2024-04-16 13:47:20,823 [692eadad-ad12-4257-a6c9-255a711e16c4@group-298AC6C8687B-StateMachineUpdater] INFO  symmetric.SecretKeyStateImpl (SecretKeyStateImpl.java:updateKeysInternal(113)) - Updating keys with [SecretKey(id = 8ba88e7c-a4c0-4948-a63b-3e07000639e4, creation at: 2024-04-16T13:47:19.815Z, expire at: 2024-04-16T13:47:22.815Z), SecretKey(id = b4a4a165-ec2a-409e-a484-0c0d92c5c369, creation at: 2024-04-16T13:47:18.815Z, expire at: 2024-04-16T13:47:21.815Z), SecretKey(id = da34a47c-27eb-4d7d-8d4d-5e9019e695c7, creation at: 2024-04-16T13:47:17.815Z, expire at: 2024-04-16T13:47:20.815Z), SecretKey(id = 162a4aee-bb2a-4266-8410-0db1b6bd06a9, creation at: 2024-04-16T13:47:20.815Z, expire at: 2024-04-16T13:47:23.815Z)]
2024-04-16 13:47:20,823 [692eadad-ad12-4257-a6c9-255a711e16c4@group-298AC6C8687B-StateMachineUpdater] INFO  symmetric.SecretKeyStateImpl (SecretKeyStateImpl.java:updateKeysInternal(128)) - Current key updated SecretKey(id = 162a4aee-bb2a-4266-8410-0db1b6bd06a9, creation at: 2024-04-16T13:47:20.815Z, expire at: 2024-04-16T13:47:23.815Z)
2024-04-16 13:47:20,823 [692eadad-ad12-4257-a6c9-255a711e16c4@group-298AC6C8687B-StateMachineUpdater] INFO  symmetric.LocalSecretKeyStore (LocalSecretKeyStore.java:save(109)) - Saved [SecretKey(id = 162a4aee-bb2a-4266-8410-0db1b6bd06a9, creation at: 2024-04-16T13:47:20.815Z, expire at: 2024-04-16T13:47:23.815Z), SecretKey(id = 8ba88e7c-a4c0-4948-a63b-3e07000639e4, creation at: 2024-04-16T13:47:19.815Z, expire at: 2024-04-16T13:47:22.815Z), SecretKey(id = b4a4a165-ec2a-409e-a484-0c0d92c5c369, creation at: 2024-04-16T13:47:18.815Z, expire at: 2024-04-16T13:47:21.815Z), SecretKey(id = da34a47c-27eb-4d7d-8d4d-5e9019e695c7, creation at: 2024-04-16T13:47:17.815Z, expire at: 2024-04-16T13:47:20.815Z)] to file /home/runner/work/ozone/ozone/hadoop-ozone/integration-test/target/test-dir/MiniOzoneClusterImpl-f0f26617-5c27-4371-b446-298ac6c8687b/scmNode-3/scm/keys/secret_keys.json
2024-04-16 13:47:20,824 [692eadad-ad12-4257-a6c9-255a711e16c4@group-298AC6C8687B-StateMachineUpdater] INFO  safemode.HealthyPipelineSafeModeRule (HealthyPipelineSafeModeRule.java:initializeRule(172)) - Refreshed total pipeline count is 0, healthy pipeline threshold count is 1
2024-04-16 13:47:20,916 [SecretKeyPoller] INFO  symmetric.DefaultSecretKeySignerClient (DefaultSecretKeySignerClient.java:checkAndRefresh(167)) - New secret key fetched from SCM: SecretKey(id = 162a4aee-bb2a-4266-8410-0db1b6bd06a9, creation at: 2024-04-16T13:47:20.815Z, expire at: 2024-04-16T13:47:23.815Z).
2024-04-16 13:47:20,916 [SecretKeyPoller] INFO  symmetric.DefaultSecretKeySignerClient (DefaultSecretKeySignerClient.java:checkAndRefresh(167)) - New secret key fetched from SCM: SecretKey(id = 162a4aee-bb2a-4266-8410-0db1b6bd06a9, creation at: 2024-04-16T13:47:20.815Z, expire at: 2024-04-16T13:47:23.815Z).
2024-04-16 13:47:20,917 [SecretKeyPoller] INFO  symmetric.DefaultSecretKeySignerClient (DefaultSecretKeySignerClient.java:checkAndRefresh(167)) - New secret key fetched from SCM: SecretKey(id = 162a4aee-bb2a-4266-8410-0db1b6bd06a9, creation at: 2024-04-16T13:47:20.815Z, expire at: 2024-04-16T13:47:23.815Z).
2024-04-16 13:47:20,917 [om1-SecretKeyPoller] INFO  symmetric.DefaultSecretKeySignerClient (DefaultSecretKeySignerClient.java:checkAndRefresh(167)) - New secret key fetched from SCM: SecretKey(id = 162a4aee-bb2a-4266-8410-0db1b6bd06a9, creation at: 2024-04-16T13:47:20.815Z, expire at: 2024-04-16T13:47:23.815Z).
2024-04-16 13:47:21,778 [main] INFO  ozone.MiniOzoneClusterImpl (MiniOzoneClusterImpl.java:lambda$waitForClusterToBeReady$0(194)) - Nodes are ready. Got 3 of 3 DN Heartbeats.
2024-04-16 13:47:21,778 [main] INFO  ozone.MiniOzoneClusterImpl (MiniOzoneClusterImpl.java:lambda$waitForClusterToBeReady$0(197)) - Waiting for cluster to exit safe mode
2024-04-16 13:47:21,779 [main] INFO  ozone.MiniOzoneClusterImpl (MiniOzoneClusterImpl.java:lambda$waitForClusterToBeReady$0(199)) - SCM became leader
2024-04-16 13:47:21,815 [scmNode-1-SecretKeyManagerService] INFO  symmetric.SecretKeyManager (SecretKeyManager.java:checkAndRotate(125)) - SecretKey rotation is happening, new key generated SecretKey(id = 82afe7e5-2fb1-4675-be72-572d902ff3be, creation at: 2024-04-16T13:47:21.815Z, expire at: 2024-04-16T13:47:24.815Z)
2024-04-16 13:47:21,819 [8dded7e3-77f4-42cf-91f8-4014f88a5819@group-298AC6C8687B-StateMachineUpdater] INFO  symmetric.SecretKeyStateImpl (SecretKeyStateImpl.java:updateKeysInternal(113)) - Updating keys with [SecretKey(id = 162a4aee-bb2a-4266-8410-0db1b6bd06a9, creation at: 2024-04-16T13:47:20.815Z, expire at: 2024-04-16T13:47:23.815Z), SecretKey(id = 8ba88e7c-a4c0-4948-a63b-3e07000639e4, creation at: 2024-04-16T13:47:19.815Z, expire at: 2024-04-16T13:47:22.815Z), SecretKey(id = b4a4a165-ec2a-409e-a484-0c0d92c5c369, creation at: 2024-04-16T13:47:18.815Z, expire at: 2024-04-16T13:47:21.815Z), SecretKey(id = 82afe7e5-2fb1-4675-be72-572d902ff3be, creation at: 2024-04-16T13:47:21.815Z, expire at: 2024-04-16T13:47:24.815Z)]
2024-04-16 13:47:21,819 [8dded7e3-77f4-42cf-91f8-4014f88a5819@group-298AC6C8687B-StateMachineUpdater] INFO  symmetric.SecretKeyStateImpl (SecretKeyStateImpl.java:updateKeysInternal(128)) - Current key updated SecretKey(id = 82afe7e5-2fb1-4675-be72-572d902ff3be, creation at: 2024-04-16T13:47:21.815Z, expire at: 2024-04-16T13:47:24.815Z)
2024-04-16 13:47:21,820 [8dded7e3-77f4-42cf-91f8-4014f88a5819@group-298AC6C8687B-StateMachineUpdater] INFO  symmetric.LocalSecretKeyStore (LocalSecretKeyStore.java:save(109)) - Saved [SecretKey(id = 82afe7e5-2fb1-4675-be72-572d902ff3be, creation at: 2024-04-16T13:47:21.815Z, expire at: 2024-04-16T13:47:24.815Z), SecretKey(id = 162a4aee-bb2a-4266-8410-0db1b6bd06a9, creation at: 2024-04-16T13:47:20.815Z, expire at: 2024-04-16T13:47:23.815Z), SecretKey(id = 8ba88e7c-a4c0-4948-a63b-3e07000639e4, creation at: 2024-04-16T13:47:19.815Z, expire at: 2024-04-16T13:47:22.815Z), SecretKey(id = b4a4a165-ec2a-409e-a484-0c0d92c5c369, creation at: 2024-04-16T13:47:18.815Z, expire at: 2024-04-16T13:47:21.815Z)] to file /home/runner/work/ozone/ozone/hadoop-ozone/integration-test/target/test-dir/MiniOzoneClusterImpl-f0f26617-5c27-4371-b446-298ac6c8687b/scmNode-1/scm/keys/secret_keys.json
2024-04-16 13:47:21,820 [8dded7e3-77f4-42cf-91f8-4014f88a5819@group-298AC6C8687B-StateMachineUpdater] INFO  safemode.HealthyPipelineSafeModeRule (HealthyPipelineSafeModeRule.java:initializeRule(172)) - Refreshed total pipeline count is 0, healthy pipeline threshold count is 1
2024-04-16 13:47:21,821 [692eadad-ad12-4257-a6c9-255a711e16c4@group-298AC6C8687B-StateMachineUpdater] INFO  symmetric.SecretKeyStateImpl (SecretKeyStateImpl.java:updateKeysInternal(113)) - Updating keys with [SecretKey(id = 162a4aee-bb2a-4266-8410-0db1b6bd06a9, creation at: 2024-04-16T13:47:20.815Z, expire at: 2024-04-16T13:47:23.815Z), SecretKey(id = 8ba88e7c-a4c0-4948-a63b-3e07000639e4, creation at: 2024-04-16T13:47:19.815Z, expire at: 2024-04-16T13:47:22.815Z), SecretKey(id = b4a4a165-ec2a-409e-a484-0c0d92c5c369, creation at: 2024-04-16T13:47:18.815Z, expire at: 2024-04-16T13:47:21.815Z), SecretKey(id = 82afe7e5-2fb1-4675-be72-572d902ff3be, creation at: 2024-04-16T13:47:21.815Z, expire at: 2024-04-16T13:47:24.815Z)]
2024-04-16 13:47:21,821 [692eadad-ad12-4257-a6c9-255a711e16c4@group-298AC6C8687B-StateMachineUpdater] INFO  symmetric.SecretKeyStateImpl (SecretKeyStateImpl.java:updateKeysInternal(128)) - Current key updated SecretKey(id = 82afe7e5-2fb1-4675-be72-572d902ff3be, creation at: 2024-04-16T13:47:21.815Z, expire at: 2024-04-16T13:47:24.815Z)
2024-04-16 13:47:21,821 [692eadad-ad12-4257-a6c9-255a711e16c4@group-298AC6C8687B-StateMachineUpdater] INFO  symmetric.LocalSecretKeyStore (LocalSecretKeyStore.java:save(109)) - Saved [SecretKey(id = 82afe7e5-2fb1-4675-be72-572d902ff3be, creation at: 2024-04-16T13:47:21.815Z, expire at: 2024-04-16T13:47:24.815Z), SecretKey(id = 162a4aee-bb2a-4266-8410-0db1b6bd06a9, creation at: 2024-04-16T13:47:20.815Z, expire at: 2024-04-16T13:47:23.815Z), SecretKey(id = 8ba88e7c-a4c0-4948-a63b-3e07000639e4, creation at: 2024-04-16T13:47:19.815Z, expire at: 2024-04-16T13:47:22.815Z), SecretKey(id = b4a4a165-ec2a-409e-a484-0c0d92c5c369, creation at: 2024-04-16T13:47:18.815Z, expire at: 2024-04-16T13:47:21.815Z)] to file /home/runner/work/ozone/ozone/hadoop-ozone/integration-test/target/test-dir/MiniOzoneClusterImpl-f0f26617-5c27-4371-b446-298ac6c8687b/scmNode-3/scm/keys/secret_keys.json
2024-04-16 13:47:21,821 [692eadad-ad12-4257-a6c9-255a711e16c4@group-298AC6C8687B-StateMachineUpdater] INFO  safemode.HealthyPipelineSafeModeRule (HealthyPipelineSafeModeRule.java:initializeRule(172)) - Refreshed total pipeline count is 0, healthy pipeline threshold count is 1
2024-04-16 13:47:21,822 [e74c9e3a-193e-4dbb-b5f5-b6805398d140@group-298AC6C8687B-StateMachineUpdater] INFO  symmetric.SecretKeyStateImpl (SecretKeyStateImpl.java:updateKeysInternal(113)) - Updating keys with [SecretKey(id = 162a4aee-bb2a-4266-8410-0db1b6bd06a9, creation at: 2024-04-16T13:47:20.815Z, expire at: 2024-04-16T13:47:23.815Z), SecretKey(id = 8ba88e7c-a4c0-4948-a63b-3e07000639e4, creation at: 2024-04-16T13:47:19.815Z, expire at: 2024-04-16T13:47:22.815Z), SecretKey(id = b4a4a165-ec2a-409e-a484-0c0d92c5c369, creation at: 2024-04-16T13:47:18.815Z, expire at: 2024-04-16T13:47:21.815Z), SecretKey(id = 82afe7e5-2fb1-4675-be72-572d902ff3be, creation at: 2024-04-16T13:47:21.815Z, expire at: 2024-04-16T13:47:24.815Z)]
2024-04-16 13:47:21,822 [e74c9e3a-193e-4dbb-b5f5-b6805398d140@group-298AC6C8687B-StateMachineUpdater] INFO  symmetric.SecretKeyStateImpl (SecretKeyStateImpl.java:updateKeysInternal(128)) - Current key updated SecretKey(id = 82afe7e5-2fb1-4675-be72-572d902ff3be, creation at: 2024-04-16T13:47:21.815Z, expire at: 2024-04-16T13:47:24.815Z)
2024-04-16 13:47:21,822 [e74c9e3a-193e-4dbb-b5f5-b6805398d140@group-298AC6C8687B-StateMachineUpdater] INFO  symmetric.LocalSecretKeyStore (LocalSecretKeyStore.java:save(109)) - Saved [SecretKey(id = 82afe7e5-2fb1-4675-be72-572d902ff3be, creation at: 2024-04-16T13:47:21.815Z, expire at: 2024-04-16T13:47:24.815Z), SecretKey(id = 162a4aee-bb2a-4266-8410-0db1b6bd06a9, creation at: 2024-04-16T13:47:20.815Z, expire at: 2024-04-16T13:47:23.815Z), SecretKey(id = 8ba88e7c-a4c0-4948-a63b-3e07000639e4, creation at: 2024-04-16T13:47:19.815Z, expire at: 2024-04-16T13:47:22.815Z), SecretKey(id = b4a4a165-ec2a-409e-a484-0c0d92c5c369, creation at: 2024-04-16T13:47:18.815Z, expire at: 2024-04-16T13:47:21.815Z)] to file /home/runner/work/ozone/ozone/hadoop-ozone/integration-test/target/test-dir/MiniOzoneClusterImpl-f0f26617-5c27-4371-b446-298ac6c8687b/scmNode-2/scm/keys/secret_keys.json
2024-04-16 13:47:21,822 [e74c9e3a-193e-4dbb-b5f5-b6805398d140@group-298AC6C8687B-StateMachineUpdater] INFO  safemode.HealthyPipelineSafeModeRule (HealthyPipelineSafeModeRule.java:initializeRule(172)) - Refreshed total pipeline count is 0, healthy pipeline threshold count is 1
2024-04-16 13:47:21,916 [SecretKeyPoller] INFO  symmetric.DefaultSecretKeySignerClient (DefaultSecretKeySignerClient.java:checkAndRefresh(167)) - New secret key fetched from SCM: SecretKey(id = 82afe7e5-2fb1-4675-be72-572d902ff3be, creation at: 2024-04-16T13:47:21.815Z, expire at: 2024-04-16T13:47:24.815Z).
2024-04-16 13:47:21,917 [SecretKeyPoller] INFO  symmetric.DefaultSecretKeySignerClient (DefaultSecretKeySignerClient.java:checkAndRefresh(167)) - New secret key fetched from SCM: SecretKey(id = 82afe7e5-2fb1-4675-be72-572d902ff3be, creation at: 2024-04-16T13:47:21.815Z, expire at: 2024-04-16T13:47:24.815Z).
2024-04-16 13:47:21,916 [SecretKeyPoller] INFO  symmetric.DefaultSecretKeySignerClient (DefaultSecretKeySignerClient.java:checkAndRefresh(167)) - New secret key fetched from SCM: SecretKey(id = 82afe7e5-2fb1-4675-be72-572d902ff3be, creation at: 2024-04-16T13:47:21.815Z, expire at: 2024-04-16T13:47:24.815Z).
2024-04-16 13:47:21,917 [om1-SecretKeyPoller] INFO  symmetric.DefaultSecretKeySignerClient (DefaultSecretKeySignerClient.java:checkAndRefresh(167)) - New secret key fetched from SCM: SecretKey(id = 82afe7e5-2fb1-4675-be72-572d902ff3be, creation at: 2024-04-16T13:47:21.815Z, expire at: 2024-04-16T13:47:24.815Z).
2024-04-16 13:47:22,007 [db959189-86db-424f-9228-dcd46ac5d3ef@group-181AD1325C26-FollowerState] INFO  impl.FollowerState (FollowerState.java:run(143)) - db959189-86db-424f-9228-dcd46ac5d3ef@group-181AD1325C26-FollowerState: change to CANDIDATE, lastRpcElapsedTime:5046705145ns, electionTimeout:5046ms
2024-04-16 13:47:22,008 [db959189-86db-424f-9228-dcd46ac5d3ef@group-181AD1325C26-FollowerState] INFO  impl.RoleInfo (RoleInfo.java:shutdownFollowerState(110)) - db959189-86db-424f-9228-dcd46ac5d3ef: shutdown db959189-86db-424f-9228-dcd46ac5d3ef@group-181AD1325C26-FollowerState
2024-04-16 13:47:22,008 [db959189-86db-424f-9228-dcd46ac5d3ef@group-181AD1325C26-FollowerState] INFO  server.RaftServer$Division (RaftServerImpl.java:setRole(383)) - db959189-86db-424f-9228-dcd46ac5d3ef@group-181AD1325C26: changes role from  FOLLOWER to CANDIDATE at term 0 for changeToCandidate
2024-04-16 13:47:22,009 [db959189-86db-424f-9228-dcd46ac5d3ef@group-181AD1325C26-FollowerState] INFO  server.RaftServerConfigKeys (ConfUtils.java:logGet(46)) - raft.server.leaderelection.pre-vote = true (default)
2024-04-16 13:47:22,009 [db959189-86db-424f-9228-dcd46ac5d3ef@group-181AD1325C26-FollowerState] INFO  impl.RoleInfo (RoleInfo.java:updateAndGet(139)) - db959189-86db-424f-9228-dcd46ac5d3ef: start db959189-86db-424f-9228-dcd46ac5d3ef@group-181AD1325C26-LeaderElection4
2024-04-16 13:47:22,012 [db959189-86db-424f-9228-dcd46ac5d3ef@group-181AD1325C26-LeaderElection4] INFO  impl.LeaderElection (LeaderElection.java:askForVotes(321)) - db959189-86db-424f-9228-dcd46ac5d3ef@group-181AD1325C26-LeaderElection4 PRE_VOTE round 0: submit vote requests at term 0 for -1: peers:[db959189-86db-424f-9228-dcd46ac5d3ef|10.1.0.24:15046, 590e72f5-e0a8-4a6b-9708-265ca50c2b50|10.1.0.24:15064, 88d255ec-0e94-4950-ab45-ac807e327f1f|10.1.0.24:15055]|listeners:[], old=null
2024-04-16 13:47:22,016 [db959189-86db-424f-9228-dcd46ac5d3ef@group-181AD1325C26-LeaderElection4-1] INFO  server.GrpcServerProtocolClient (GrpcServerProtocolClient.java:<init>(65)) - Build channel for 590e72f5-e0a8-4a6b-9708-265ca50c2b50|10.1.0.24:15064
2024-04-16 13:47:22,016 [db959189-86db-424f-9228-dcd46ac5d3ef@group-181AD1325C26-LeaderElection4-2] INFO  server.GrpcServerProtocolClient (GrpcServerProtocolClient.java:<init>(65)) - Build channel for 88d255ec-0e94-4950-ab45-ac807e327f1f|10.1.0.24:15055
2024-04-16 13:47:22,016 [db959189-86db-424f-9228-dcd46ac5d3ef@group-181AD1325C26-LeaderElection4] INFO  server.RaftServerConfigKeys (ConfUtils.java:logFallback(53)) - raft.server.rpc.first-election.timeout.min = 5s (fallback to raft.server.rpc.timeout.min)
2024-04-16 13:47:22,016 [db959189-86db-424f-9228-dcd46ac5d3ef@group-181AD1325C26-LeaderElection4] INFO  server.RaftServerConfigKeys (ConfUtils.java:logFallback(53)) - raft.server.rpc.first-election.timeout.max = 5200ms (fallback to raft.server.rpc.timeout.max)
2024-04-16 13:47:22,030 [grpc-default-executor-3] INFO  server.RaftServer$Division (RaftServerImpl.java:requestVote(1389)) - 590e72f5-e0a8-4a6b-9708-265ca50c2b50@group-181AD1325C26: receive requestVote(PRE_VOTE, db959189-86db-424f-9228-dcd46ac5d3ef, group-181AD1325C26, 0, (t:0, i:0))
2024-04-16 13:47:22,032 [grpc-default-executor-2] INFO  server.RaftServer$Division (RaftServerImpl.java:requestVote(1389)) - 88d255ec-0e94-4950-ab45-ac807e327f1f@group-181AD1325C26: receive requestVote(PRE_VOTE, db959189-86db-424f-9228-dcd46ac5d3ef, group-181AD1325C26, 0, (t:0, i:0))
2024-04-16 13:47:22,033 [grpc-default-executor-2] INFO  impl.VoteContext (VoteContext.java:log(49)) - 88d255ec-0e94-4950-ab45-ac807e327f1f@group-181AD1325C26-FOLLOWER: accept PRE_VOTE from db959189-86db-424f-9228-dcd46ac5d3ef: our priority 0 <= candidate's priority 0
2024-04-16 13:47:22,033 [grpc-default-executor-3] INFO  impl.VoteContext (VoteContext.java:log(49)) - 590e72f5-e0a8-4a6b-9708-265ca50c2b50@group-181AD1325C26-FOLLOWER: reject PRE_VOTE from db959189-86db-424f-9228-dcd46ac5d3ef: our priority 1 > candidate's priority 0
2024-04-16 13:47:22,035 [grpc-default-executor-3] INFO  server.RaftServer$Division (RaftServerImpl.java:requestVote(1422)) - 590e72f5-e0a8-4a6b-9708-265ca50c2b50@group-181AD1325C26 replies to PRE_VOTE vote request: db959189-86db-424f-9228-dcd46ac5d3ef<-590e72f5-e0a8-4a6b-9708-265ca50c2b50#0:FAIL-t0. Peer's state: 590e72f5-e0a8-4a6b-9708-265ca50c2b50@group-181AD1325C26:t0, leader=null, voted=, raftlog=Memoized:590e72f5-e0a8-4a6b-9708-265ca50c2b50@group-181AD1325C26-SegmentedRaftLog:OPENED:c-1, conf=-1: peers:[db959189-86db-424f-9228-dcd46ac5d3ef|10.1.0.24:15046, 590e72f5-e0a8-4a6b-9708-265ca50c2b50|10.1.0.24:15064, 88d255ec-0e94-4950-ab45-ac807e327f1f|10.1.0.24:15055]|listeners:[], old=null
2024-04-16 13:47:22,036 [grpc-default-executor-2] INFO  server.RaftServer$Division (RaftServerImpl.java:requestVote(1422)) - 88d255ec-0e94-4950-ab45-ac807e327f1f@group-181AD1325C26 replies to PRE_VOTE vote request: db959189-86db-424f-9228-dcd46ac5d3ef<-88d255ec-0e94-4950-ab45-ac807e327f1f#0:OK-t0. Peer's state: 88d255ec-0e94-4950-ab45-ac807e327f1f@group-181AD1325C26:t0, leader=null, voted=, raftlog=Memoized:88d255ec-0e94-4950-ab45-ac807e327f1f@group-181AD1325C26-SegmentedRaftLog:OPENED:c-1, conf=-1: peers:[db959189-86db-424f-9228-dcd46ac5d3ef|10.1.0.24:15046, 590e72f5-e0a8-4a6b-9708-265ca50c2b50|10.1.0.24:15064, 88d255ec-0e94-4950-ab45-ac807e327f1f|10.1.0.24:15055]|listeners:[], old=null
2024-04-16 13:47:22,040 [db959189-86db-424f-9228-dcd46ac5d3ef@group-181AD1325C26-LeaderElection4] INFO  impl.LeaderElection (LeaderElection.java:logAndReturn(89)) - db959189-86db-424f-9228-dcd46ac5d3ef@group-181AD1325C26-LeaderElection4: PRE_VOTE REJECTED received 1 response(s) and 0 exception(s):
2024-04-16 13:47:22,040 [db959189-86db-424f-9228-dcd46ac5d3ef@group-181AD1325C26-LeaderElection4] INFO  impl.LeaderElection (LeaderElection.java:logAndReturn(93)) -   Response 0: db959189-86db-424f-9228-dcd46ac5d3ef<-590e72f5-e0a8-4a6b-9708-265ca50c2b50#0:FAIL-t0
2024-04-16 13:47:22,040 [db959189-86db-424f-9228-dcd46ac5d3ef@group-181AD1325C26-LeaderElection4] INFO  impl.LeaderElection (LeaderElection.java:askForVotes(323)) - db959189-86db-424f-9228-dcd46ac5d3ef@group-181AD1325C26-LeaderElection4 PRE_VOTE round 0: result REJECTED
2024-04-16 13:47:22,040 [db959189-86db-424f-9228-dcd46ac5d3ef@group-181AD1325C26-LeaderElection4] INFO  server.RaftServer$Division (RaftServerImpl.java:setRole(383)) - db959189-86db-424f-9228-dcd46ac5d3ef@group-181AD1325C26: changes role from CANDIDATE to FOLLOWER at term 0 for REJECTED
2024-04-16 13:47:22,040 [db959189-86db-424f-9228-dcd46ac5d3ef@group-181AD1325C26-LeaderElection4] INFO  impl.RoleInfo (RoleInfo.java:shutdownLeaderElection(130)) - db959189-86db-424f-9228-dcd46ac5d3ef: shutdown db959189-86db-424f-9228-dcd46ac5d3ef@group-181AD1325C26-LeaderElection4
2024-04-16 13:47:22,041 [db959189-86db-424f-9228-dcd46ac5d3ef@group-181AD1325C26-LeaderElection4] INFO  impl.RoleInfo (RoleInfo.java:updateAndGet(139)) - db959189-86db-424f-9228-dcd46ac5d3ef: start db959189-86db-424f-9228-dcd46ac5d3ef@group-181AD1325C26-FollowerState
2024-04-16 13:47:22,041 [db959189-86db-424f-9228-dcd46ac5d3ef@group-181AD1325C26-LeaderElection4] INFO  server.RaftServer$Division (RaftServerImpl.java:setFirstElection(574)) - db959189-86db-424f-9228-dcd46ac5d3ef@group-181AD1325C26: set firstElectionSinceStartup to false for REJECTED
2024-04-16 13:47:22,045 [db959189-86db-424f-9228-dcd46ac5d3ef@group-97A64E7F1044-FollowerState] INFO  impl.FollowerState (FollowerState.java:run(143)) - db959189-86db-424f-9228-dcd46ac5d3ef@group-97A64E7F1044-FollowerState: change to CANDIDATE, lastRpcElapsedTime:5116923833ns, electionTimeout:5113ms
2024-04-16 13:47:22,045 [db959189-86db-424f-9228-dcd46ac5d3ef@group-97A64E7F1044-FollowerState] INFO  impl.RoleInfo (RoleInfo.java:shutdownFollowerState(110)) - db959189-86db-424f-9228-dcd46ac5d3ef: shutdown db959189-86db-424f-9228-dcd46ac5d3ef@group-97A64E7F1044-FollowerState
2024-04-16 13:47:22,045 [db959189-86db-424f-9228-dcd46ac5d3ef@group-97A64E7F1044-FollowerState] INFO  server.RaftServer$Division (RaftServerImpl.java:setRole(383)) - db959189-86db-424f-9228-dcd46ac5d3ef@group-97A64E7F1044: changes role from  FOLLOWER to CANDIDATE at term 0 for changeToCandidate
2024-04-16 13:47:22,046 [db959189-86db-424f-9228-dcd46ac5d3ef@group-97A64E7F1044-FollowerState] INFO  server.RaftServerConfigKeys (ConfUtils.java:logGet(46)) - raft.server.leaderelection.pre-vote = true (default)
2024-04-16 13:47:22,046 [db959189-86db-424f-9228-dcd46ac5d3ef@group-97A64E7F1044-FollowerState] INFO  impl.RoleInfo (RoleInfo.java:updateAndGet(139)) - db959189-86db-424f-9228-dcd46ac5d3ef: start db959189-86db-424f-9228-dcd46ac5d3ef@group-97A64E7F1044-LeaderElection5
2024-04-16 13:47:22,048 [db959189-86db-424f-9228-dcd46ac5d3ef@group-97A64E7F1044-LeaderElection5] INFO  impl.LeaderElection (LeaderElection.java:askForVotes(321)) - db959189-86db-424f-9228-dcd46ac5d3ef@group-97A64E7F1044-LeaderElection5 PRE_VOTE round 0: submit vote requests at term 0 for -1: peers:[db959189-86db-424f-9228-dcd46ac5d3ef|10.1.0.24:15046]|listeners:[], old=null
2024-04-16 13:47:22,049 [db959189-86db-424f-9228-dcd46ac5d3ef@group-97A64E7F1044-LeaderElection5] INFO  impl.LeaderElection (LeaderElection.java:askForVotes(323)) - db959189-86db-424f-9228-dcd46ac5d3ef@group-97A64E7F1044-LeaderElection5 PRE_VOTE round 0: result PASSED (term=0)
2024-04-16 13:47:22,050 [db959189-86db-424f-9228-dcd46ac5d3ef@group-97A64E7F1044-LeaderElection5] INFO  impl.LeaderElection (LeaderElection.java:askForVotes(321)) - db959189-86db-424f-9228-dcd46ac5d3ef@group-97A64E7F1044-LeaderElection5 ELECTION round 0: submit vote requests at term 1 for -1: peers:[db959189-86db-424f-9228-dcd46ac5d3ef|10.1.0.24:15046]|listeners:[], old=null
2024-04-16 13:47:22,050 [db959189-86db-424f-9228-dcd46ac5d3ef@group-97A64E7F1044-LeaderElection5] INFO  impl.LeaderElection (LeaderElection.java:askForVotes(323)) - db959189-86db-424f-9228-dcd46ac5d3ef@group-97A64E7F1044-LeaderElection5 ELECTION round 0: result PASSED (term=1)
2024-04-16 13:47:22,050 [db959189-86db-424f-9228-dcd46ac5d3ef@group-97A64E7F1044-LeaderElection5] INFO  impl.RoleInfo (RoleInfo.java:shutdownLeaderElection(130)) - db959189-86db-424f-9228-dcd46ac5d3ef: shutdown db959189-86db-424f-9228-dcd46ac5d3ef@group-97A64E7F1044-LeaderElection5
2024-04-16 13:47:22,050 [db959189-86db-424f-9228-dcd46ac5d3ef@group-97A64E7F1044-LeaderElection5] INFO  server.RaftServer$Division (RaftServerImpl.java:setRole(383)) - db959189-86db-424f-9228-dcd46ac5d3ef@group-97A64E7F1044: changes role from CANDIDATE to LEADER at term 1 for changeToLeader
2024-04-16 13:47:22,050 [db959189-86db-424f-9228-dcd46ac5d3ef@group-97A64E7F1044-LeaderElection5] INFO  server.RaftServerConfigKeys (ConfUtils.java:logGet(46)) - raft.server.staging.catchup.gap = 1000 (default)
2024-04-16 13:47:22,051 [db959189-86db-424f-9228-dcd46ac5d3ef@group-97A64E7F1044-LeaderElection5] INFO  server.RaftServerConfigKeys (ConfUtils.java:logGet(46)) - raft.server.write.element-limit = 1024 (custom)
2024-04-16 13:47:22,051 [db959189-86db-424f-9228-dcd46ac5d3ef@group-97A64E7F1044-LeaderElection5] INFO  server.RaftServerConfigKeys (ConfUtils.java:logGet(46)) - raft.server.write.byte-limit = 1024 M (=1073741824) (custom)
2024-04-16 13:47:22,052 [db959189-86db-424f-9228-dcd46ac5d3ef@group-97A64E7F1044-LeaderElection5] INFO  server.RaftServerConfigKeys (ConfUtils.java:logGet(46)) - raft.server.watch.timeout = 180s (custom)
2024-04-16 13:47:22,052 [db959189-86db-424f-9228-dcd46ac5d3ef@group-97A64E7F1044-LeaderElection5] INFO  server.RaftServerConfigKeys (ConfUtils.java:logGet(46)) - raft.server.watch.timeout.denomination = 1s (default)
2024-04-16 13:47:22,052 [db959189-86db-424f-9228-dcd46ac5d3ef@group-97A64E7F1044-LeaderElection5] INFO  server.RaftServerConfigKeys (ConfUtils.java:logGet(46)) - raft.server.watch.element-limit = 65536 (default)
2024-04-16 13:47:22,052 [db959189-86db-424f-9228-dcd46ac5d3ef@group-97A64E7F1044-LeaderElection5] INFO  server.RaftServerConfigKeys (ConfUtils.java:logGet(46)) - raft.server.read.leader.lease.enabled = false (default)
2024-04-16 13:47:22,052 [db959189-86db-424f-9228-dcd46ac5d3ef@group-97A64E7F1044-LeaderElection5] INFO  server.RaftServerConfigKeys (ConfUtils.java:logGet(46)) - raft.server.read.leader.lease.timeout.ratio = 0.9 (default)
2024-04-16 13:47:22,052 [db959189-86db-424f-9228-dcd46ac5d3ef@group-97A64E7F1044-LeaderElection5] INFO  server.RaftServerConfigKeys (ConfUtils.java:logGet(46)) - raft.server.rpc.timeout.min = 5s (custom)
2024-04-16 13:47:22,052 [db959189-86db-424f-9228-dcd46ac5d3ef@group-97A64E7F1044-LeaderElection5] INFO  server.RaftServerConfigKeys (ConfUtils.java:logGet(46)) - raft.server.write.element-limit = 1024 (custom)
2024-04-16 13:47:22,052 [db959189-86db-424f-9228-dcd46ac5d3ef@group-97A64E7F1044-LeaderElection5] INFO  server.RaftServerConfigKeys (ConfUtils.java:logGet(46)) - raft.server.write.follower.gap.ratio.max = -1.0 (default)
2024-04-16 13:47:22,052 [db959189-86db-424f-9228-dcd46ac5d3ef@group-97A64E7F1044-LeaderElection5] INFO  impl.RoleInfo (RoleInfo.java:updateAndGet(139)) - db959189-86db-424f-9228-dcd46ac5d3ef: start db959189-86db-424f-9228-dcd46ac5d3ef@group-97A64E7F1044-LeaderStateImpl
2024-04-16 13:47:22,053 [db959189-86db-424f-9228-dcd46ac5d3ef@group-97A64E7F1044-LeaderElection5] INFO  server.RaftServer$Division (RaftServerImpl.java:setFirstElection(574)) - db959189-86db-424f-9228-dcd46ac5d3ef@group-97A64E7F1044: set firstElectionSinceStartup to false for becomeLeader
2024-04-16 13:47:22,053 [db959189-86db-424f-9228-dcd46ac5d3ef@group-97A64E7F1044-LeaderElection5] INFO  ratis.XceiverServerRatis (XceiverServerRatis.java:handleLeaderChangedNotification(966)) - Leader change notification received for group: group-97A64E7F1044 with new leaderId: db959189-86db-424f-9228-dcd46ac5d3ef
2024-04-16 13:47:22,053 [db959189-86db-424f-9228-dcd46ac5d3ef@group-97A64E7F1044-LeaderElection5] INFO  server.RaftServer$Division (ServerState.java:setLeader(269)) - db959189-86db-424f-9228-dcd46ac5d3ef@group-97A64E7F1044: change Leader from null to db959189-86db-424f-9228-dcd46ac5d3ef at term 1 for becomeLeader, leader elected after 5152ms
2024-04-16 13:47:22,054 [db959189-86db-424f-9228-dcd46ac5d3ef@group-97A64E7F1044-LeaderElection5] INFO  segmented.SegmentedRaftLogWorker (SegmentedRaftLogWorker.java:startLogSegment(430)) - db959189-86db-424f-9228-dcd46ac5d3ef@group-97A64E7F1044-SegmentedRaftLogWorker: Starting segment from index:0
2024-04-16 13:47:22,055 [db959189-86db-424f-9228-dcd46ac5d3ef@group-97A64E7F1044-SegmentedRaftLogWorker] INFO  segmented.BufferedWriteChannel (BufferedWriteChannel.java:open(62)) - open log_inprogress_0 at position 0
2024-04-16 13:47:22,056 [scmNode-1-EventQueue-OpenPipelineForHealthyPipelineSafeModeRule] INFO  safemode.SCMSafeModeManager (HealthyPipelineSafeModeRule.java:process(140)) - SCM in safe mode. Healthy pipelines reported count is 0, required healthy pipeline reported count is 1
2024-04-16 13:47:22,057 [scmNode-3-EventQueue-OpenPipelineForHealthyPipelineSafeModeRule] INFO  safemode.SCMSafeModeManager (HealthyPipelineSafeModeRule.java:process(140)) - SCM in safe mode. Healthy pipelines reported count is 0, required healthy pipeline reported count is 1
2024-04-16 13:47:22,057 [scmNode-2-EventQueue-OpenPipelineForHealthyPipelineSafeModeRule] INFO  safemode.SCMSafeModeManager (HealthyPipelineSafeModeRule.java:process(140)) - SCM in safe mode. Healthy pipelines reported count is 0, required healthy pipeline reported count is 1
2024-04-16 13:47:22,067 [db959189-86db-424f-9228-dcd46ac5d3ef@group-97A64E7F1044-LeaderElection5] INFO  server.RaftServer$Division (ServerState.java:setRaftConf(386)) - db959189-86db-424f-9228-dcd46ac5d3ef@group-97A64E7F1044: set configuration 0: peers:[db959189-86db-424f-9228-dcd46ac5d3ef|10.1.0.24:15046]|listeners:[], old=null
2024-04-16 13:47:22,070 [db959189-86db-424f-9228-dcd46ac5d3ef@group-97A64E7F1044-SegmentedRaftLogWorker] INFO  segmented.SegmentedRaftLogWorker (SegmentedRaftLogWorker.java:execute(634)) - db959189-86db-424f-9228-dcd46ac5d3ef@group-97A64E7F1044-SegmentedRaftLogWorker: created new log segment /home/runner/work/ozone/ozone/hadoop-ozone/integration-test/target/test-dir/MiniOzoneClusterImpl-f0f26617-5c27-4371-b446-298ac6c8687b/ozone-meta/datanode-1/ratis/0c6e1245-9286-4869-9b35-97a64e7f1044/current/log_inprogress_0
2024-04-16 13:47:22,073 [db959189-86db-424f-9228-dcd46ac5d3ef@group-97A64E7F1044-StateMachineUpdater] INFO  server.RaftServer$Division (LeaderStateImpl.java:isApplied(320)) - leader is ready since appliedIndex == 0 >= startIndex == 0
2024-04-16 13:47:22,113 [590e72f5-e0a8-4a6b-9708-265ca50c2b50@group-181AD1325C26-FollowerState] INFO  impl.FollowerState (FollowerState.java:run(143)) - 590e72f5-e0a8-4a6b-9708-265ca50c2b50@group-181AD1325C26-FollowerState: change to CANDIDATE, lastRpcElapsedTime:5055168714ns, electionTimeout:5053ms
2024-04-16 13:47:22,114 [590e72f5-e0a8-4a6b-9708-265ca50c2b50@group-181AD1325C26-FollowerState] INFO  impl.RoleInfo (RoleInfo.java:shutdownFollowerState(110)) - 590e72f5-e0a8-4a6b-9708-265ca50c2b50: shutdown 590e72f5-e0a8-4a6b-9708-265ca50c2b50@group-181AD1325C26-FollowerState
2024-04-16 13:47:22,114 [590e72f5-e0a8-4a6b-9708-265ca50c2b50@group-181AD1325C26-FollowerState] INFO  server.RaftServer$Division (RaftServerImpl.java:setRole(383)) - 590e72f5-e0a8-4a6b-9708-265ca50c2b50@group-181AD1325C26: changes role from  FOLLOWER to CANDIDATE at term 0 for changeToCandidate
2024-04-16 13:47:22,115 [590e72f5-e0a8-4a6b-9708-265ca50c2b50@group-181AD1325C26-FollowerState] INFO  server.RaftServerConfigKeys (ConfUtils.java:logGet(46)) - raft.server.leaderelection.pre-vote = true (default)
2024-04-16 13:47:22,115 [590e72f5-e0a8-4a6b-9708-265ca50c2b50@group-181AD1325C26-FollowerState] INFO  impl.RoleInfo (RoleInfo.java:updateAndGet(139)) - 590e72f5-e0a8-4a6b-9708-265ca50c2b50: start 590e72f5-e0a8-4a6b-9708-265ca50c2b50@group-181AD1325C26-LeaderElection6
2024-04-16 13:47:22,117 [590e72f5-e0a8-4a6b-9708-265ca50c2b50@group-181AD1325C26-LeaderElection6] INFO  impl.LeaderElection (LeaderElection.java:askForVotes(321)) - 590e72f5-e0a8-4a6b-9708-265ca50c2b50@group-181AD1325C26-LeaderElection6 PRE_VOTE round 0: submit vote requests at term 0 for -1: peers:[db959189-86db-424f-9228-dcd46ac5d3ef|10.1.0.24:15046, 590e72f5-e0a8-4a6b-9708-265ca50c2b50|10.1.0.24:15064, 88d255ec-0e94-4950-ab45-ac807e327f1f|10.1.0.24:15055]|listeners:[], old=null
2024-04-16 13:47:22,118 [590e72f5-e0a8-4a6b-9708-265ca50c2b50@group-181AD1325C26-LeaderElection6-1] INFO  server.GrpcServerProtocolClient (GrpcServerProtocolClient.java:<init>(65)) - Build channel for db959189-86db-424f-9228-dcd46ac5d3ef|10.1.0.24:15046
2024-04-16 13:47:22,118 [590e72f5-e0a8-4a6b-9708-265ca50c2b50@group-181AD1325C26-LeaderElection6-2] INFO  server.GrpcServerProtocolClient (GrpcServerProtocolClient.java:<init>(65)) - Build channel for 88d255ec-0e94-4950-ab45-ac807e327f1f|10.1.0.24:15055
2024-04-16 13:47:22,118 [590e72f5-e0a8-4a6b-9708-265ca50c2b50@group-181AD1325C26-LeaderElection6] INFO  server.RaftServerConfigKeys (ConfUtils.java:logFallback(53)) - raft.server.rpc.first-election.timeout.min = 5s (fallback to raft.server.rpc.timeout.min)
2024-04-16 13:47:22,118 [590e72f5-e0a8-4a6b-9708-265ca50c2b50@group-181AD1325C26-LeaderElection6] INFO  server.RaftServerConfigKeys (ConfUtils.java:logFallback(53)) - raft.server.rpc.first-election.timeout.max = 5200ms (fallback to raft.server.rpc.timeout.max)
2024-04-16 13:47:22,129 [grpc-default-executor-3] INFO  server.RaftServer$Division (RaftServerImpl.java:requestVote(1389)) - 88d255ec-0e94-4950-ab45-ac807e327f1f@group-181AD1325C26: receive requestVote(PRE_VOTE, 590e72f5-e0a8-4a6b-9708-265ca50c2b50, group-181AD1325C26, 0, (t:0, i:0))
2024-04-16 13:47:22,131 [grpc-default-executor-2] INFO  server.RaftServer$Division (RaftServerImpl.java:requestVote(1389)) - db959189-86db-424f-9228-dcd46ac5d3ef@group-181AD1325C26: receive requestVote(PRE_VOTE, 590e72f5-e0a8-4a6b-9708-265ca50c2b50, group-181AD1325C26, 0, (t:0, i:0))
2024-04-16 13:47:22,132 [grpc-default-executor-3] INFO  impl.VoteContext (VoteContext.java:log(49)) - 88d255ec-0e94-4950-ab45-ac807e327f1f@group-181AD1325C26-FOLLOWER: accept PRE_VOTE from 590e72f5-e0a8-4a6b-9708-265ca50c2b50: our priority 0 <= candidate's priority 1
2024-04-16 13:47:22,132 [grpc-default-executor-2] INFO  impl.VoteContext (VoteContext.java:log(49)) - db959189-86db-424f-9228-dcd46ac5d3ef@group-181AD1325C26-FOLLOWER: accept PRE_VOTE from 590e72f5-e0a8-4a6b-9708-265ca50c2b50: our priority 0 <= candidate's priority 1
2024-04-16 13:47:22,132 [grpc-default-executor-2] INFO  server.RaftServer$Division (RaftServerImpl.java:requestVote(1422)) - db959189-86db-424f-9228-dcd46ac5d3ef@group-181AD1325C26 replies to PRE_VOTE vote request: 590e72f5-e0a8-4a6b-9708-265ca50c2b50<-db959189-86db-424f-9228-dcd46ac5d3ef#0:OK-t0. Peer's state: db959189-86db-424f-9228-dcd46ac5d3ef@group-181AD1325C26:t0, leader=null, voted=, raftlog=Memoized:db959189-86db-424f-9228-dcd46ac5d3ef@group-181AD1325C26-SegmentedRaftLog:OPENED:c-1, conf=-1: peers:[db959189-86db-424f-9228-dcd46ac5d3ef|10.1.0.24:15046, 590e72f5-e0a8-4a6b-9708-265ca50c2b50|10.1.0.24:15064, 88d255ec-0e94-4950-ab45-ac807e327f1f|10.1.0.24:15055]|listeners:[], old=null
2024-04-16 13:47:22,132 [grpc-default-executor-3] INFO  server.RaftServer$Division (RaftServerImpl.java:requestVote(1422)) - 88d255ec-0e94-4950-ab45-ac807e327f1f@group-181AD1325C26 replies to PRE_VOTE vote request: 590e72f5-e0a8-4a6b-9708-265ca50c2b50<-88d255ec-0e94-4950-ab45-ac807e327f1f#0:OK-t0. Peer's state: 88d255ec-0e94-4950-ab45-ac807e327f1f@group-181AD1325C26:t0, leader=null, voted=, raftlog=Memoized:88d255ec-0e94-4950-ab45-ac807e327f1f@group-181AD1325C26-SegmentedRaftLog:OPENED:c-1, conf=-1: peers:[db959189-86db-424f-9228-dcd46ac5d3ef|10.1.0.24:15046, 590e72f5-e0a8-4a6b-9708-265ca50c2b50|10.1.0.24:15064, 88d255ec-0e94-4950-ab45-ac807e327f1f|10.1.0.24:15055]|listeners:[], old=null
2024-04-16 13:47:22,134 [590e72f5-e0a8-4a6b-9708-265ca50c2b50@group-181AD1325C26-LeaderElection6] INFO  impl.LeaderElection (LeaderElection.java:logAndReturn(89)) - 590e72f5-e0a8-4a6b-9708-265ca50c2b50@group-181AD1325C26-LeaderElection6: PRE_VOTE PASSED received 1 response(s) and 0 exception(s):
2024-04-16 13:47:22,134 [590e72f5-e0a8-4a6b-9708-265ca50c2b50@group-181AD1325C26-LeaderElection6] INFO  impl.LeaderElection (LeaderElection.java:logAndReturn(93)) -   Response 0: 590e72f5-e0a8-4a6b-9708-265ca50c2b50<-db959189-86db-424f-9228-dcd46ac5d3ef#0:OK-t0
2024-04-16 13:47:22,135 [590e72f5-e0a8-4a6b-9708-265ca50c2b50@group-181AD1325C26-LeaderElection6] INFO  impl.LeaderElection (LeaderElection.java:askForVotes(323)) - 590e72f5-e0a8-4a6b-9708-265ca50c2b50@group-181AD1325C26-LeaderElection6 PRE_VOTE round 0: result PASSED
2024-04-16 13:47:22,138 [590e72f5-e0a8-4a6b-9708-265ca50c2b50@group-181AD1325C26-LeaderElection6] INFO  impl.LeaderElection (LeaderElection.java:askForVotes(321)) - 590e72f5-e0a8-4a6b-9708-265ca50c2b50@group-181AD1325C26-LeaderElection6 ELECTION round 0: submit vote requests at term 1 for -1: peers:[db959189-86db-424f-9228-dcd46ac5d3ef|10.1.0.24:15046, 590e72f5-e0a8-4a6b-9708-265ca50c2b50|10.1.0.24:15064, 88d255ec-0e94-4950-ab45-ac807e327f1f|10.1.0.24:15055]|listeners:[], old=null
2024-04-16 13:47:22,138 [590e72f5-e0a8-4a6b-9708-265ca50c2b50@group-181AD1325C26-LeaderElection6] INFO  server.RaftServerConfigKeys (ConfUtils.java:logFallback(53)) - raft.server.rpc.first-election.timeout.min = 5s (fallback to raft.server.rpc.timeout.min)
2024-04-16 13:47:22,138 [590e72f5-e0a8-4a6b-9708-265ca50c2b50@group-181AD1325C26-LeaderElection6] INFO  server.RaftServerConfigKeys (ConfUtils.java:logFallback(53)) - raft.server.rpc.first-election.timeout.max = 5200ms (fallback to raft.server.rpc.timeout.max)
2024-04-16 13:47:22,141 [grpc-default-executor-2] INFO  server.RaftServer$Division (RaftServerImpl.java:requestVote(1389)) - db959189-86db-424f-9228-dcd46ac5d3ef@group-181AD1325C26: receive requestVote(ELECTION, 590e72f5-e0a8-4a6b-9708-265ca50c2b50, group-181AD1325C26, 1, (t:0, i:0))
2024-04-16 13:47:22,142 [grpc-default-executor-2] INFO  impl.VoteContext (VoteContext.java:log(49)) - db959189-86db-424f-9228-dcd46ac5d3ef@group-181AD1325C26-FOLLOWER: accept ELECTION from 590e72f5-e0a8-4a6b-9708-265ca50c2b50: our priority 0 <= candidate's priority 1
2024-04-16 13:47:22,142 [grpc-default-executor-3] INFO  server.RaftServer$Division (RaftServerImpl.java:requestVote(1389)) - 88d255ec-0e94-4950-ab45-ac807e327f1f@group-181AD1325C26: receive requestVote(ELECTION, 590e72f5-e0a8-4a6b-9708-265ca50c2b50, group-181AD1325C26, 1, (t:0, i:0))
2024-04-16 13:47:22,143 [grpc-default-executor-3] INFO  impl.VoteContext (VoteContext.java:log(49)) - 88d255ec-0e94-4950-ab45-ac807e327f1f@group-181AD1325C26-FOLLOWER: accept ELECTION from 590e72f5-e0a8-4a6b-9708-265ca50c2b50: our priority 0 <= candidate's priority 1
2024-04-16 13:47:22,143 [grpc-default-executor-3] INFO  server.RaftServer$Division (RaftServerImpl.java:setRole(383)) - 88d255ec-0e94-4950-ab45-ac807e327f1f@group-181AD1325C26: changes role from  FOLLOWER to FOLLOWER at term 1 for candidate:590e72f5-e0a8-4a6b-9708-265ca50c2b50
2024-04-16 13:47:22,143 [grpc-default-executor-3] INFO  impl.RoleInfo (RoleInfo.java:shutdownFollowerState(110)) - 88d255ec-0e94-4950-ab45-ac807e327f1f: shutdown 88d255ec-0e94-4950-ab45-ac807e327f1f@group-181AD1325C26-FollowerState
2024-04-16 13:47:22,142 [grpc-default-executor-2] INFO  server.RaftServer$Division (RaftServerImpl.java:setRole(383)) - db959189-86db-424f-9228-dcd46ac5d3ef@group-181AD1325C26: changes role from  FOLLOWER to FOLLOWER at term 1 for candidate:590e72f5-e0a8-4a6b-9708-265ca50c2b50
2024-04-16 13:47:22,143 [88d255ec-0e94-4950-ab45-ac807e327f1f@group-181AD1325C26-FollowerState] INFO  impl.FollowerState (FollowerState.java:run(152)) - 88d255ec-0e94-4950-ab45-ac807e327f1f@group-181AD1325C26-FollowerState was interrupted
2024-04-16 13:47:22,143 [grpc-default-executor-2] INFO  impl.RoleInfo (RoleInfo.java:shutdownFollowerState(110)) - db959189-86db-424f-9228-dcd46ac5d3ef: shutdown db959189-86db-424f-9228-dcd46ac5d3ef@group-181AD1325C26-FollowerState
2024-04-16 13:47:22,143 [db959189-86db-424f-9228-dcd46ac5d3ef@group-181AD1325C26-FollowerState] INFO  impl.FollowerState (FollowerState.java:run(152)) - db959189-86db-424f-9228-dcd46ac5d3ef@group-181AD1325C26-FollowerState was interrupted
2024-04-16 13:47:22,143 [grpc-default-executor-2] INFO  impl.RoleInfo (RoleInfo.java:updateAndGet(139)) - db959189-86db-424f-9228-dcd46ac5d3ef: start db959189-86db-424f-9228-dcd46ac5d3ef@group-181AD1325C26-FollowerState
2024-04-16 13:47:22,146 [grpc-default-executor-3] INFO  impl.RoleInfo (RoleInfo.java:updateAndGet(139)) - 88d255ec-0e94-4950-ab45-ac807e327f1f: start 88d255ec-0e94-4950-ab45-ac807e327f1f@group-181AD1325C26-FollowerState
2024-04-16 13:47:22,146 [grpc-default-executor-3] INFO  server.RaftServer$Division (RaftServerImpl.java:setFirstElection(574)) - 88d255ec-0e94-4950-ab45-ac807e327f1f@group-181AD1325C26: set firstElectionSinceStartup to false for candidate:590e72f5-e0a8-4a6b-9708-265ca50c2b50
2024-04-16 13:47:22,147 [grpc-default-executor-2] INFO  server.RaftServer$Division (RaftServerImpl.java:requestVote(1422)) - db959189-86db-424f-9228-dcd46ac5d3ef@group-181AD1325C26 replies to ELECTION vote request: 590e72f5-e0a8-4a6b-9708-265ca50c2b50<-db959189-86db-424f-9228-dcd46ac5d3ef#0:OK-t1. Peer's state: db959189-86db-424f-9228-dcd46ac5d3ef@group-181AD1325C26:t1, leader=null, voted=590e72f5-e0a8-4a6b-9708-265ca50c2b50, raftlog=Memoized:db959189-86db-424f-9228-dcd46ac5d3ef@group-181AD1325C26-SegmentedRaftLog:OPENED:c-1, conf=-1: peers:[db959189-86db-424f-9228-dcd46ac5d3ef|10.1.0.24:15046, 590e72f5-e0a8-4a6b-9708-265ca50c2b50|10.1.0.24:15064, 88d255ec-0e94-4950-ab45-ac807e327f1f|10.1.0.24:15055]|listeners:[], old=null
2024-04-16 13:47:22,148 [grpc-default-executor-3] INFO  server.RaftServer$Division (RaftServerImpl.java:requestVote(1422)) - 88d255ec-0e94-4950-ab45-ac807e327f1f@group-181AD1325C26 replies to ELECTION vote request: 590e72f5-e0a8-4a6b-9708-265ca50c2b50<-88d255ec-0e94-4950-ab45-ac807e327f1f#0:OK-t1. Peer's state: 88d255ec-0e94-4950-ab45-ac807e327f1f@group-181AD1325C26:t1, leader=null, voted=590e72f5-e0a8-4a6b-9708-265ca50c2b50, raftlog=Memoized:88d255ec-0e94-4950-ab45-ac807e327f1f@group-181AD1325C26-SegmentedRaftLog:OPENED:c-1, conf=-1: peers:[db959189-86db-424f-9228-dcd46ac5d3ef|10.1.0.24:15046, 590e72f5-e0a8-4a6b-9708-265ca50c2b50|10.1.0.24:15064, 88d255ec-0e94-4950-ab45-ac807e327f1f|10.1.0.24:15055]|listeners:[], old=null
2024-04-16 13:47:22,149 [590e72f5-e0a8-4a6b-9708-265ca50c2b50@group-181AD1325C26-LeaderElection6] INFO  impl.LeaderElection (LeaderElection.java:logAndReturn(89)) - 590e72f5-e0a8-4a6b-9708-265ca50c2b50@group-181AD1325C26-LeaderElection6: ELECTION PASSED received 1 response(s) and 0 exception(s):
2024-04-16 13:47:22,149 [590e72f5-e0a8-4a6b-9708-265ca50c2b50@group-181AD1325C26-LeaderElection6] INFO  impl.LeaderElection (LeaderElection.java:logAndReturn(93)) -   Response 0: 590e72f5-e0a8-4a6b-9708-265ca50c2b50<-db959189-86db-424f-9228-dcd46ac5d3ef#0:OK-t1
2024-04-16 13:47:22,149 [590e72f5-e0a8-4a6b-9708-265ca50c2b50@group-181AD1325C26-LeaderElection6] INFO  impl.LeaderElection (LeaderElection.java:askForVotes(323)) - 590e72f5-e0a8-4a6b-9708-265ca50c2b50@group-181AD1325C26-LeaderElection6 ELECTION round 0: result PASSED
2024-04-16 13:47:22,149 [590e72f5-e0a8-4a6b-9708-265ca50c2b50@group-181AD1325C26-LeaderElection6] INFO  impl.RoleInfo (RoleInfo.java:shutdownLeaderElection(130)) - 590e72f5-e0a8-4a6b-9708-265ca50c2b50: shutdown 590e72f5-e0a8-4a6b-9708-265ca50c2b50@group-181AD1325C26-LeaderElection6
2024-04-16 13:47:22,149 [590e72f5-e0a8-4a6b-9708-265ca50c2b50@group-181AD1325C26-LeaderElection6] INFO  server.RaftServer$Division (RaftServerImpl.java:setRole(383)) - 590e72f5-e0a8-4a6b-9708-265ca50c2b50@group-181AD1325C26: changes role from CANDIDATE to LEADER at term 1 for changeToLeader
2024-04-16 13:47:22,149 [590e72f5-e0a8-4a6b-9708-265ca50c2b50@group-181AD1325C26-LeaderElection6] INFO  server.RaftServerConfigKeys (ConfUtils.java:logGet(46)) - raft.server.staging.catchup.gap = 1000 (default)
2024-04-16 13:47:22,151 [590e72f5-e0a8-4a6b-9708-265ca50c2b50@group-181AD1325C26-LeaderElection6] INFO  server.RaftServerConfigKeys (ConfUtils.java:logGet(46)) - raft.server.write.element-limit = 1024 (custom)
2024-04-16 13:47:22,151 [590e72f5-e0a8-4a6b-9708-265ca50c2b50@group-181AD1325C26-LeaderElection6] INFO  server.RaftServerConfigKeys (ConfUtils.java:logGet(46)) - raft.server.write.byte-limit = 1024 M (=1073741824) (custom)
2024-04-16 13:47:22,152 [590e72f5-e0a8-4a6b-9708-265ca50c2b50@group-181AD1325C26-LeaderElection6] INFO  server.RaftServerConfigKeys (ConfUtils.java:logGet(46)) - raft.server.watch.timeout = 180s (custom)
2024-04-16 13:47:22,152 [590e72f5-e0a8-4a6b-9708-265ca50c2b50@group-181AD1325C26-LeaderElection6] INFO  server.RaftServerConfigKeys (ConfUtils.java:logGet(46)) - raft.server.watch.timeout.denomination = 1s (default)
2024-04-16 13:47:22,152 [590e72f5-e0a8-4a6b-9708-265ca50c2b50@group-181AD1325C26-LeaderElection6] INFO  server.RaftServerConfigKeys (ConfUtils.java:logGet(46)) - raft.server.watch.element-limit = 65536 (default)
2024-04-16 13:47:22,152 [590e72f5-e0a8-4a6b-9708-265ca50c2b50@group-181AD1325C26-LeaderElection6] INFO  server.RaftServerConfigKeys (ConfUtils.java:logGet(46)) - raft.server.read.leader.lease.enabled = false (default)
2024-04-16 13:47:22,152 [590e72f5-e0a8-4a6b-9708-265ca50c2b50@group-181AD1325C26-LeaderElection6] INFO  server.RaftServerConfigKeys (ConfUtils.java:logGet(46)) - raft.server.read.leader.lease.timeout.ratio = 0.9 (default)
2024-04-16 13:47:22,152 [590e72f5-e0a8-4a6b-9708-265ca50c2b50@group-181AD1325C26-LeaderElection6] INFO  server.RaftServerConfigKeys (ConfUtils.java:logGet(46)) - raft.server.rpc.timeout.min = 5s (custom)
2024-04-16 13:47:22,152 [590e72f5-e0a8-4a6b-9708-265ca50c2b50@group-181AD1325C26-LeaderElection6] INFO  server.RaftServerConfigKeys (ConfUtils.java:logGet(46)) - raft.server.write.element-limit = 1024 (custom)
2024-04-16 13:47:22,152 [590e72f5-e0a8-4a6b-9708-265ca50c2b50@group-181AD1325C26-LeaderElection6] INFO  server.RaftServerConfigKeys (ConfUtils.java:logGet(46)) - raft.server.write.follower.gap.ratio.max = -1.0 (default)
2024-04-16 13:47:22,153 [590e72f5-e0a8-4a6b-9708-265ca50c2b50@group-181AD1325C26-LeaderElection6] INFO  server.RaftServerConfigKeys (ConfUtils.java:logGet(46)) - raft.server.log.appender.snapshot.chunk.size.max = 16MB (=16777216) (default)
2024-04-16 13:47:22,153 [590e72f5-e0a8-4a6b-9708-265ca50c2b50@group-181AD1325C26-LeaderElection6] INFO  server.RaftServerConfigKeys (ConfUtils.java:logGet(46)) - raft.server.log.appender.buffer.byte-limit = 8388608 (custom)
2024-04-16 13:47:22,153 [590e72f5-e0a8-4a6b-9708-265ca50c2b50@group-181AD1325C26-LeaderElection6] INFO  server.RaftServerConfigKeys (ConfUtils.java:logGet(46)) - raft.server.log.appender.buffer.element-limit = 1 (custom)
2024-04-16 13:47:22,153 [590e72f5-e0a8-4a6b-9708-265ca50c2b50@group-181AD1325C26-LeaderElection6] INFO  server.RaftServerConfigKeys (ConfUtils.java:logGet(46)) - raft.server.log.appender.wait-time.min = 0μs (custom)
2024-04-16 13:47:22,155 [590e72f5-e0a8-4a6b-9708-265ca50c2b50@group-181AD1325C26-LeaderElection6] INFO  grpc.GrpcConfigKeys (ConfUtils.java:logGet(46)) - raft.grpc.server.leader.outstanding.appends.max = 8 (default)
2024-04-16 13:47:22,155 [590e72f5-e0a8-4a6b-9708-265ca50c2b50@group-181AD1325C26-LeaderElection6] INFO  server.RaftServerConfigKeys (ConfUtils.java:logGet(46)) - raft.server.rpc.request.timeout = 60s (custom)
2024-04-16 13:47:22,156 [590e72f5-e0a8-4a6b-9708-265ca50c2b50@group-181AD1325C26-LeaderElection6] INFO  grpc.GrpcConfigKeys (ConfUtils.java:logGet(46)) - raft.grpc.server.install_snapshot.request.element-limit = 8 (default)
2024-04-16 13:47:22,156 [590e72f5-e0a8-4a6b-9708-265ca50c2b50@group-181AD1325C26-LeaderElection6] INFO  grpc.GrpcConfigKeys (ConfUtils.java:logGet(46)) - raft.grpc.server.install_snapshot.request.timeout = 3000ms (default)
2024-04-16 13:47:22,156 [590e72f5-e0a8-4a6b-9708-265ca50c2b50@group-181AD1325C26-LeaderElection6] INFO  grpc.GrpcConfigKeys (ConfUtils.java:logGet(46)) - raft.grpc.server.log-message.batch.duration = 5s (default)
2024-04-16 13:47:22,156 [590e72f5-e0a8-4a6b-9708-265ca50c2b50@group-181AD1325C26-LeaderElection6] INFO  server.RaftServerConfigKeys (ConfUtils.java:logGet(46)) - raft.server.log.appender.install.snapshot.enabled = false (custom)
2024-04-16 13:47:22,156 [590e72f5-e0a8-4a6b-9708-265ca50c2b50@group-181AD1325C26-LeaderElection6] INFO  grpc.GrpcConfigKeys (ConfUtils.java:logGet(46)) - raft.grpc.server.heartbeat.channel = true (default)
2024-04-16 13:47:22,158 [590e72f5-e0a8-4a6b-9708-265ca50c2b50@group-181AD1325C26-LeaderElection6] INFO  server.RaftServerConfigKeys (ConfUtils.java:logGet(46)) - raft.server.log.appender.snapshot.chunk.size.max = 16MB (=16777216) (default)
2024-04-16 13:47:22,158 [590e72f5-e0a8-4a6b-9708-265ca50c2b50@group-181AD1325C26-LeaderElection6] INFO  server.RaftServerConfigKeys (ConfUtils.java:logGet(46)) - raft.server.log.appender.buffer.byte-limit = 8388608 (custom)
2024-04-16 13:47:22,158 [590e72f5-e0a8-4a6b-9708-265ca50c2b50@group-181AD1325C26-LeaderElection6] INFO  server.RaftServerConfigKeys (ConfUtils.java:logGet(46)) - raft.server.log.appender.buffer.element-limit = 1 (custom)
2024-04-16 13:47:22,158 [590e72f5-e0a8-4a6b-9708-265ca50c2b50@group-181AD1325C26-LeaderElection6] INFO  server.RaftServerConfigKeys (ConfUtils.java:logGet(46)) - raft.server.log.appender.wait-time.min = 0μs (custom)
2024-04-16 13:47:22,159 [590e72f5-e0a8-4a6b-9708-265ca50c2b50@group-181AD1325C26-LeaderElection6] INFO  grpc.GrpcConfigKeys (ConfUtils.java:logGet(46)) - raft.grpc.server.leader.outstanding.appends.max = 8 (default)
2024-04-16 13:47:22,159 [590e72f5-e0a8-4a6b-9708-265ca50c2b50@group-181AD1325C26-LeaderElection6] INFO  server.RaftServerConfigKeys (ConfUtils.java:logGet(46)) - raft.server.rpc.request.timeout = 60s (custom)
2024-04-16 13:47:22,159 [590e72f5-e0a8-4a6b-9708-265ca50c2b50@group-181AD1325C26-LeaderElection6] INFO  grpc.GrpcConfigKeys (ConfUtils.java:logGet(46)) - raft.grpc.server.install_snapshot.request.element-limit = 8 (default)
2024-04-16 13:47:22,160 [590e72f5-e0a8-4a6b-9708-265ca50c2b50@group-181AD1325C26-LeaderElection6] INFO  grpc.GrpcConfigKeys (ConfUtils.java:logGet(46)) - raft.grpc.server.install_snapshot.request.timeout = 3000ms (default)
2024-04-16 13:47:22,160 [590e72f5-e0a8-4a6b-9708-265ca50c2b50@group-181AD1325C26-LeaderElection6] INFO  grpc.GrpcConfigKeys (ConfUtils.java:logGet(46)) - raft.grpc.server.log-message.batch.duration = 5s (default)
2024-04-16 13:47:22,160 [590e72f5-e0a8-4a6b-9708-265ca50c2b50@group-181AD1325C26-LeaderElection6] INFO  server.RaftServerConfigKeys (ConfUtils.java:logGet(46)) - raft.server.log.appender.install.snapshot.enabled = false (custom)
2024-04-16 13:47:22,160 [590e72f5-e0a8-4a6b-9708-265ca50c2b50@group-181AD1325C26-LeaderElection6] INFO  grpc.GrpcConfigKeys (ConfUtils.java:logGet(46)) - raft.grpc.server.heartbeat.channel = true (default)
2024-04-16 13:47:22,161 [590e72f5-e0a8-4a6b-9708-265ca50c2b50@group-181AD1325C26-LeaderElection6] INFO  impl.RoleInfo (RoleInfo.java:updateAndGet(139)) - 590e72f5-e0a8-4a6b-9708-265ca50c2b50: start 590e72f5-e0a8-4a6b-9708-265ca50c2b50@group-181AD1325C26-LeaderStateImpl
2024-04-16 13:47:22,161 [590e72f5-e0a8-4a6b-9708-265ca50c2b50@group-181AD1325C26-LeaderElection6] INFO  server.RaftServer$Division (RaftServerImpl.java:setFirstElection(574)) - 590e72f5-e0a8-4a6b-9708-265ca50c2b50@group-181AD1325C26: set firstElectionSinceStartup to false for becomeLeader
2024-04-16 13:47:22,161 [590e72f5-e0a8-4a6b-9708-265ca50c2b50@group-181AD1325C26-LeaderElection6] INFO  ratis.XceiverServerRatis (XceiverServerRatis.java:handleLeaderChangedNotification(966)) - Leader change notification received for group: group-181AD1325C26 with new leaderId: 590e72f5-e0a8-4a6b-9708-265ca50c2b50
2024-04-16 13:47:22,162 [590e72f5-e0a8-4a6b-9708-265ca50c2b50@group-181AD1325C26-LeaderElection6] INFO  server.RaftServer$Division (ServerState.java:setLeader(269)) - 590e72f5-e0a8-4a6b-9708-265ca50c2b50@group-181AD1325C26: change Leader from null to 590e72f5-e0a8-4a6b-9708-265ca50c2b50 at term 1 for becomeLeader, leader elected after 5119ms
2024-04-16 13:47:22,162 [590e72f5-e0a8-4a6b-9708-265ca50c2b50@group-181AD1325C26-LeaderElection6] INFO  segmented.SegmentedRaftLogWorker (SegmentedRaftLogWorker.java:startLogSegment(430)) - 590e72f5-e0a8-4a6b-9708-265ca50c2b50@group-181AD1325C26-SegmentedRaftLogWorker: Starting segment from index:0
2024-04-16 13:47:22,163 [590e72f5-e0a8-4a6b-9708-265ca50c2b50@group-181AD1325C26-SegmentedRaftLogWorker] INFO  segmented.BufferedWriteChannel (BufferedWriteChannel.java:open(62)) - open log_inprogress_0 at position 0
2024-04-16 13:47:22,166 [scmNode-2-EventQueue-OpenPipelineForHealthyPipelineSafeModeRule] INFO  safemode.SCMSafeModeManager (HealthyPipelineSafeModeRule.java:process(140)) - SCM in safe mode. Healthy pipelines reported count is 0, required healthy pipeline reported count is 1
2024-04-16 13:47:22,166 [scmNode-1-EventQueue-OpenPipelineForHealthyPipelineSafeModeRule] INFO  safemode.SCMSafeModeManager (HealthyPipelineSafeModeRule.java:process(140)) - SCM in safe mode. Healthy pipelines reported count is 0, required healthy pipeline reported count is 1
2024-04-16 13:47:22,168 [scmNode-3-EventQueue-OpenPipelineForHealthyPipelineSafeModeRule] INFO  safemode.SCMSafeModeManager (HealthyPipelineSafeModeRule.java:process(140)) - SCM in safe mode. Healthy pipelines reported count is 0, required healthy pipeline reported count is 1
2024-04-16 13:47:22,170 [scmNode-2-EventQueue-PipelineReportForPipelineReportHandler] ERROR pipeline.PipelineReportHandler (PipelineReportHandler.java:onMessage(100)) - Could not process pipeline report=pipelineID {
  id: "b82ac6a9-29ab-4c38-a941-181ad1325c26"
  uuid128 {
    mostSigBits: -5176106391858099144
    leastSigBits: -6250688304355582938
  }
}
isLeader: true
bytesWritten: 0
 from dn=590e72f5-e0a8-4a6b-9708-265ca50c2b50(fv-az1428-817.utppd1leec2uvmgjoennxb5ynh.ex.internal.cloudapp.net/10.1.0.24).
org.apache.hadoop.hdds.scm.exceptions.SCMException: org.apache.ratis.protocol.exceptions.NotLeaderException: Server e74c9e3a-193e-4dbb-b5f5-b6805398d140@group-298AC6C8687B is not the leader 8dded7e3-77f4-42cf-91f8-4014f88a5819|localhost:15003
	at org.apache.hadoop.hdds.scm.ha.SCMHAInvocationHandler.translateException(SCMHAInvocationHandler.java:165)
	at org.apache.hadoop.hdds.scm.ha.SCMHAInvocationHandler.invokeRatis(SCMHAInvocationHandler.java:115)
	at org.apache.hadoop.hdds.scm.ha.SCMHAInvocationHandler.invoke(SCMHAInvocationHandler.java:74)
	at com.sun.proxy.$Proxy45.updatePipelineState(Unknown Source)
	at org.apache.hadoop.hdds.scm.pipeline.PipelineManagerImpl.openPipeline(PipelineManagerImpl.java:430)
	at org.apache.hadoop.hdds.scm.pipeline.PipelineReportHandler.processPipelineReport(PipelineReportHandler.java:135)
	at org.apache.hadoop.hdds.scm.pipeline.PipelineReportHandler.onMessage(PipelineReportHandler.java:93)
	at org.apache.hadoop.hdds.scm.pipeline.PipelineReportHandler.onMessage(PipelineReportHandler.java:52)
	at org.apache.hadoop.hdds.server.events.SingleThreadExecutor.lambda$onMessage$1(SingleThreadExecutor.java:86)
	at java.util.concurrent.ThreadPoolExecutor.runWorker(ThreadPoolExecutor.java:1149)
	at java.util.concurrent.ThreadPoolExecutor$Worker.run(ThreadPoolExecutor.java:624)
	at java.lang.Thread.run(Thread.java:750)
Caused by: org.apache.ratis.protocol.exceptions.NotLeaderException: Server e74c9e3a-193e-4dbb-b5f5-b6805398d140@group-298AC6C8687B is not the leader 8dded7e3-77f4-42cf-91f8-4014f88a5819|localhost:15003
	at org.apache.ratis.server.impl.RaftServerImpl.generateNotLeaderException(RaftServerImpl.java:807)
	at org.apache.ratis.server.impl.RaftServerImpl.checkLeaderState(RaftServerImpl.java:772)
	at org.apache.ratis.server.impl.RaftServerImpl.checkLeaderState(RaftServerImpl.java:758)
	at org.apache.ratis.server.impl.RaftServerImpl.writeAsync(RaftServerImpl.java:938)
	at org.apache.ratis.server.impl.RaftServerImpl.replyFuture(RaftServerImpl.java:931)
	at org.apache.ratis.server.impl.RaftServerImpl.submitClientRequestAsync(RaftServerImpl.java:908)
	at org.apache.ratis.server.impl.RaftServerImpl.lambda$null$13(RaftServerImpl.java:897)
	at org.apache.ratis.util.JavaUtils.callAsUnchecked(JavaUtils.java:118)
	at org.apache.ratis.server.impl.RaftServerImpl.lambda$executeSubmitClientRequestAsync$14(RaftServerImpl.java:897)
	at java.util.concurrent.CompletableFuture$AsyncSupply.run(CompletableFuture.java:1604)
	... 3 more
2024-04-16 13:47:22,170 [scmNode-3-EventQueue-PipelineReportForPipelineReportHandler] ERROR pipeline.PipelineReportHandler (PipelineReportHandler.java:onMessage(100)) - Could not process pipeline report=pipelineID {
  id: "b82ac6a9-29ab-4c38-a941-181ad1325c26"
  uuid128 {
    mostSigBits: -5176106391858099144
    leastSigBits: -6250688304355582938
  }
}
isLeader: true
bytesWritten: 0
 from dn=590e72f5-e0a8-4a6b-9708-265ca50c2b50(fv-az1428-817.utppd1leec2uvmgjoennxb5ynh.ex.internal.cloudapp.net/10.1.0.24).
org.apache.hadoop.hdds.scm.exceptions.SCMException: org.apache.ratis.protocol.exceptions.NotLeaderException: Server 692eadad-ad12-4257-a6c9-255a711e16c4@group-298AC6C8687B is not the leader 8dded7e3-77f4-42cf-91f8-4014f88a5819|localhost:15003
	at org.apache.hadoop.hdds.scm.ha.SCMHAInvocationHandler.translateException(SCMHAInvocationHandler.java:165)
	at org.apache.hadoop.hdds.scm.ha.SCMHAInvocationHandler.invokeRatis(SCMHAInvocationHandler.java:115)
	at org.apache.hadoop.hdds.scm.ha.SCMHAInvocationHandler.invoke(SCMHAInvocationHandler.java:74)
	at com.sun.proxy.$Proxy45.updatePipelineState(Unknown Source)
	at org.apache.hadoop.hdds.scm.pipeline.PipelineManagerImpl.openPipeline(PipelineManagerImpl.java:430)
	at org.apache.hadoop.hdds.scm.pipeline.PipelineReportHandler.processPipelineReport(PipelineReportHandler.java:135)
	at org.apache.hadoop.hdds.scm.pipeline.PipelineReportHandler.onMessage(PipelineReportHandler.java:93)
	at org.apache.hadoop.hdds.scm.pipeline.PipelineReportHandler.onMessage(PipelineReportHandler.java:52)
	at org.apache.hadoop.hdds.server.events.SingleThreadExecutor.lambda$onMessage$1(SingleThreadExecutor.java:86)
	at java.util.concurrent.ThreadPoolExecutor.runWorker(ThreadPoolExecutor.java:1149)
	at java.util.concurrent.ThreadPoolExecutor$Worker.run(ThreadPoolExecutor.java:624)
	at java.lang.Thread.run(Thread.java:750)
Caused by: org.apache.ratis.protocol.exceptions.NotLeaderException: Server 692eadad-ad12-4257-a6c9-255a711e16c4@group-298AC6C8687B is not the leader 8dded7e3-77f4-42cf-91f8-4014f88a5819|localhost:15003
	at org.apache.ratis.server.impl.RaftServerImpl.generateNotLeaderException(RaftServerImpl.java:807)
	at org.apache.ratis.server.impl.RaftServerImpl.checkLeaderState(RaftServerImpl.java:772)
	at org.apache.ratis.server.impl.RaftServerImpl.checkLeaderState(RaftServerImpl.java:758)
	at org.apache.ratis.server.impl.RaftServerImpl.writeAsync(RaftServerImpl.java:938)
	at org.apache.ratis.server.impl.RaftServerImpl.replyFuture(RaftServerImpl.java:931)
	at org.apache.ratis.server.impl.RaftServerImpl.submitClientRequestAsync(RaftServerImpl.java:908)
	at org.apache.ratis.server.impl.RaftServerImpl.lambda$null$13(RaftServerImpl.java:897)
	at org.apache.ratis.util.JavaUtils.callAsUnchecked(JavaUtils.java:118)
	at org.apache.ratis.server.impl.RaftServerImpl.lambda$executeSubmitClientRequestAsync$14(RaftServerImpl.java:897)
	at java.util.concurrent.CompletableFuture$AsyncSupply.run(CompletableFuture.java:1604)
	... 3 more
2024-04-16 13:47:22,172 [590e72f5-e0a8-4a6b-9708-265ca50c2b50@group-181AD1325C26-SegmentedRaftLogWorker] INFO  segmented.SegmentedRaftLogWorker (SegmentedRaftLogWorker.java:execute(634)) - 590e72f5-e0a8-4a6b-9708-265ca50c2b50@group-181AD1325C26-SegmentedRaftLogWorker: created new log segment /home/runner/work/ozone/ozone/hadoop-ozone/integration-test/target/test-dir/MiniOzoneClusterImpl-f0f26617-5c27-4371-b446-298ac6c8687b/ozone-meta/datanode-3/ratis/b82ac6a9-29ab-4c38-a941-181ad1325c26/current/log_inprogress_0
2024-04-16 13:47:22,177 [590e72f5-e0a8-4a6b-9708-265ca50c2b50@group-181AD1325C26-LeaderElection6] INFO  server.RaftServer$Division (ServerState.java:setRaftConf(386)) - 590e72f5-e0a8-4a6b-9708-265ca50c2b50@group-181AD1325C26: set configuration 0: peers:[db959189-86db-424f-9228-dcd46ac5d3ef|10.1.0.24:15046, 590e72f5-e0a8-4a6b-9708-265ca50c2b50|10.1.0.24:15064, 88d255ec-0e94-4950-ab45-ac807e327f1f|10.1.0.24:15055]|listeners:[], old=null
2024-04-16 13:47:22,179 [692eadad-ad12-4257-a6c9-255a711e16c4@group-298AC6C8687B-StateMachineUpdater] INFO  safemode.HealthyPipelineSafeModeRule (HealthyPipelineSafeModeRule.java:initializeRule(172)) - Refreshed total pipeline count is 1, healthy pipeline threshold count is 1
2024-04-16 13:47:22,178 [e74c9e3a-193e-4dbb-b5f5-b6805398d140@group-298AC6C8687B-StateMachineUpdater] INFO  safemode.HealthyPipelineSafeModeRule (HealthyPipelineSafeModeRule.java:initializeRule(172)) - Refreshed total pipeline count is 1, healthy pipeline threshold count is 1
2024-04-16 13:47:22,177 [8dded7e3-77f4-42cf-91f8-4014f88a5819@group-298AC6C8687B-StateMachineUpdater] INFO  safemode.HealthyPipelineSafeModeRule (HealthyPipelineSafeModeRule.java:initializeRule(172)) - Refreshed total pipeline count is 1, healthy pipeline threshold count is 1
2024-04-16 13:47:22,180 [scmNode-1-EventQueue-PipelineReportForPipelineReportHandler] INFO  pipeline.PipelineReportHandler (PipelineReportHandler.java:processPipelineReport(136)) - Opened pipeline PipelineID=b82ac6a9-29ab-4c38-a941-181ad1325c26
2024-04-16 13:47:22,180 [scmNode-1-EventQueue-OpenPipelineForHealthyPipelineSafeModeRule] INFO  safemode.SCMSafeModeManager (HealthyPipelineSafeModeRule.java:process(140)) - SCM in safe mode. Healthy pipelines reported count is 1, required healthy pipeline reported count is 1
2024-04-16 13:47:22,181 [scmNode-1-EventQueue-OpenPipelineForHealthyPipelineSafeModeRule] INFO  safemode.SCMSafeModeManager (SCMSafeModeManager.java:validateSafeModeExitRules(200)) - HealthyPipelineSafeModeRule rule is successfully validated
2024-04-16 13:47:22,181 [scmNode-1-EventQueue-OpenPipelineForHealthyPipelineSafeModeRule] INFO  safemode.SCMSafeModeManager (SCMSafeModeManager.java:validateSafeModeExitRules(215)) - ScmSafeModeManager, all rules are successfully validated
2024-04-16 13:47:22,181 [scmNode-1-EventQueue-OpenPipelineForHealthyPipelineSafeModeRule] INFO  safemode.SCMSafeModeManager (SCMSafeModeManager.java:exitSafeMode(244)) - SCM exiting safe mode.
2024-04-16 13:47:22,182 [scmNode-1-EventQueue-OpenPipelineForHealthyPipelineSafeModeRule] INFO  ha.SCMContext (SCMContext.java:updateSafeModeStatus(225)) - Update SafeModeStatus from SafeModeStatus{safeModeStatus=true, preCheckPassed=true} to SafeModeStatus{safeModeStatus=false, preCheckPassed=true}.
2024-04-16 13:47:22,183 [scmNode-1-EventQueue-OpenPipelineForHealthyPipelineSafeModeRule] INFO  BackgroundPipelineScrubber (BackgroundSCMService.java:notifyStatusChanged(79)) - Service BackgroundPipelineScrubber transitions to RUNNING.
2024-04-16 13:47:22,183 [scmNode-1-EventQueue-OpenPipelineForHealthyPipelineSafeModeRule] INFO  ExpiredContainerReplicaOpScrubber (BackgroundSCMService.java:notifyStatusChanged(79)) - Service ExpiredContainerReplicaOpScrubber transitions to RUNNING.
2024-04-16 13:47:22,183 [scmNode-1-EventQueue-OpenPipelineForHealthyPipelineSafeModeRule] INFO  block.SCMBlockDeletingService (SCMBlockDeletingService.java:notifyStatusChanged(247)) - notifyStatusChanged:RUNNING
2024-04-16 13:47:22,183 [scmNode-1-EventQueue-OpenPipelineForHealthyPipelineSafeModeRule] INFO  replication.ReplicationManager (ReplicationManager.java:notifyStatusChanged(1403)) - Service ReplicationManager transitions to RUNNING.
2024-04-16 13:47:22,194 [scmNode-1-EventQueue-OpenPipelineForHealthyPipelineSafeModeRule] WARN  balancer.ContainerBalancer (ContainerBalancer.java:shouldRun(134)) - Could not find persisted configuration for ContainerBalancer when checking if ContainerBalancer should run. ContainerBalancer should not run now.
2024-04-16 13:47:22,194 [scmNode-1-EventQueue-OpenPipelineForHealthyPipelineSafeModeRule] INFO  SCMHATransactionMonitor (BackgroundSCMService.java:notifyStatusChanged(79)) - Service SCMHATransactionMonitor transitions to RUNNING.
2024-04-16 13:47:22,194 [db959189-86db-424f-9228-dcd46ac5d3ef-server-thread1] INFO  ratis.XceiverServerRatis (XceiverServerRatis.java:handleLeaderChangedNotification(966)) - Leader change notification received for group: group-181AD1325C26 with new leaderId: 590e72f5-e0a8-4a6b-9708-265ca50c2b50
2024-04-16 13:47:22,195 [db959189-86db-424f-9228-dcd46ac5d3ef-server-thread1] INFO  server.RaftServer$Division (ServerState.java:setLeader(269)) - db959189-86db-424f-9228-dcd46ac5d3ef@group-181AD1325C26: change Leader from null to 590e72f5-e0a8-4a6b-9708-265ca50c2b50 at term 1 for appendEntries, leader elected after 5251ms
2024-04-16 13:47:22,196 [590e72f5-e0a8-4a6b-9708-265ca50c2b50@group-D6EBA2FAC503-FollowerState] INFO  impl.FollowerState (FollowerState.java:run(143)) - 590e72f5-e0a8-4a6b-9708-265ca50c2b50@group-D6EBA2FAC503-FollowerState: change to CANDIDATE, lastRpcElapsedTime:5068903027ns, electionTimeout:5066ms
2024-04-16 13:47:22,196 [590e72f5-e0a8-4a6b-9708-265ca50c2b50@group-D6EBA2FAC503-FollowerState] INFO  impl.RoleInfo (RoleInfo.java:shutdownFollowerState(110)) - 590e72f5-e0a8-4a6b-9708-265ca50c2b50: shutdown 590e72f5-e0a8-4a6b-9708-265ca50c2b50@group-D6EBA2FAC503-FollowerState
2024-04-16 13:47:22,196 [590e72f5-e0a8-4a6b-9708-265ca50c2b50@group-D6EBA2FAC503-FollowerState] INFO  server.RaftServer$Division (RaftServerImpl.java:setRole(383)) - 590e72f5-e0a8-4a6b-9708-265ca50c2b50@group-D6EBA2FAC503: changes role from  FOLLOWER to CANDIDATE at term 0 for changeToCandidate
2024-04-16 13:47:22,198 [590e72f5-e0a8-4a6b-9708-265ca50c2b50@group-D6EBA2FAC503-FollowerState] INFO  server.RaftServerConfigKeys (ConfUtils.java:logGet(46)) - raft.server.leaderelection.pre-vote = true (default)
2024-04-16 13:47:22,198 [590e72f5-e0a8-4a6b-9708-265ca50c2b50@group-D6EBA2FAC503-FollowerState] INFO  impl.RoleInfo (RoleInfo.java:updateAndGet(139)) - 590e72f5-e0a8-4a6b-9708-265ca50c2b50: start 590e72f5-e0a8-4a6b-9708-265ca50c2b50@group-D6EBA2FAC503-LeaderElection7
2024-04-16 13:47:22,204 [88d255ec-0e94-4950-ab45-ac807e327f1f-server-thread1] INFO  ratis.XceiverServerRatis (XceiverServerRatis.java:handleLeaderChangedNotification(966)) - Leader change notification received for group: group-181AD1325C26 with new leaderId: 590e72f5-e0a8-4a6b-9708-265ca50c2b50
2024-04-16 13:47:22,204 [88d255ec-0e94-4950-ab45-ac807e327f1f-server-thread1] INFO  server.RaftServer$Division (ServerState.java:setLeader(269)) - 88d255ec-0e94-4950-ab45-ac807e327f1f@group-181AD1325C26: change Leader from null to 590e72f5-e0a8-4a6b-9708-265ca50c2b50 at term 1 for appendEntries, leader elected after 5206ms
2024-04-16 13:47:22,207 [590e72f5-e0a8-4a6b-9708-265ca50c2b50@group-D6EBA2FAC503-LeaderElection7] INFO  impl.LeaderElection (LeaderElection.java:askForVotes(321)) - 590e72f5-e0a8-4a6b-9708-265ca50c2b50@group-D6EBA2FAC503-LeaderElection7 PRE_VOTE round 0: submit vote requests at term 0 for -1: peers:[db959189-86db-424f-9228-dcd46ac5d3ef|10.1.0.24:15046, 590e72f5-e0a8-4a6b-9708-265ca50c2b50|10.1.0.24:15064, 88d255ec-0e94-4950-ab45-ac807e327f1f|10.1.0.24:15055]|listeners:[], old=null
2024-04-16 13:47:22,207 [88d255ec-0e94-4950-ab45-ac807e327f1f-server-thread2] INFO  server.RaftServer$Division (ServerState.java:setRaftConf(386)) - 88d255ec-0e94-4950-ab45-ac807e327f1f@group-181AD1325C26: set configuration 0: peers:[db959189-86db-424f-9228-dcd46ac5d3ef|10.1.0.24:15046, 590e72f5-e0a8-4a6b-9708-265ca50c2b50|10.1.0.24:15064, 88d255ec-0e94-4950-ab45-ac807e327f1f|10.1.0.24:15055]|listeners:[], old=null
2024-04-16 13:47:22,208 [88d255ec-0e94-4950-ab45-ac807e327f1f-server-thread2] INFO  segmented.SegmentedRaftLogWorker (SegmentedRaftLogWorker.java:startLogSegment(430)) - 88d255ec-0e94-4950-ab45-ac807e327f1f@group-181AD1325C26-SegmentedRaftLogWorker: Starting segment from index:0
2024-04-16 13:47:22,210 [590e72f5-e0a8-4a6b-9708-265ca50c2b50@group-D6EBA2FAC503-LeaderElection7] INFO  server.RaftServerConfigKeys (ConfUtils.java:logFallback(53)) - raft.server.rpc.first-election.timeout.min = 5s (fallback to raft.server.rpc.timeout.min)
2024-04-16 13:47:22,210 [590e72f5-e0a8-4a6b-9708-265ca50c2b50@group-D6EBA2FAC503-LeaderElection7] INFO  server.RaftServerConfigKeys (ConfUtils.java:logFallback(53)) - raft.server.rpc.first-election.timeout.max = 5200ms (fallback to raft.server.rpc.timeout.max)
2024-04-16 13:47:22,212 [88d255ec-0e94-4950-ab45-ac807e327f1f@group-181AD1325C26-SegmentedRaftLogWorker] INFO  segmented.BufferedWriteChannel (BufferedWriteChannel.java:open(62)) - open log_inprogress_0 at position 0
2024-04-16 13:47:22,218 [grpc-default-executor-1] INFO  server.RaftServer$Division (RaftServerImpl.java:requestVote(1389)) - db959189-86db-424f-9228-dcd46ac5d3ef@group-D6EBA2FAC503: receive requestVote(PRE_VOTE, 590e72f5-e0a8-4a6b-9708-265ca50c2b50, group-D6EBA2FAC503, 0, (t:0, i:0))
2024-04-16 13:47:22,218 [grpc-default-executor-1] INFO  impl.VoteContext (VoteContext.java:log(49)) - db959189-86db-424f-9228-dcd46ac5d3ef@group-D6EBA2FAC503-FOLLOWER: accept PRE_VOTE from 590e72f5-e0a8-4a6b-9708-265ca50c2b50: our priority 0 <= candidate's priority 0
2024-04-16 13:47:22,220 [grpc-default-executor-1] INFO  server.RaftServer$Division (RaftServerImpl.java:requestVote(1422)) - db959189-86db-424f-9228-dcd46ac5d3ef@group-D6EBA2FAC503 replies to PRE_VOTE vote request: 590e72f5-e0a8-4a6b-9708-265ca50c2b50<-db959189-86db-424f-9228-dcd46ac5d3ef#0:OK-t0. Peer's state: db959189-86db-424f-9228-dcd46ac5d3ef@group-D6EBA2FAC503:t0, leader=null, voted=, raftlog=Memoized:db959189-86db-424f-9228-dcd46ac5d3ef@group-D6EBA2FAC503-SegmentedRaftLog:OPENED:c-1, conf=-1: peers:[db959189-86db-424f-9228-dcd46ac5d3ef|10.1.0.24:15046, 590e72f5-e0a8-4a6b-9708-265ca50c2b50|10.1.0.24:15064, 88d255ec-0e94-4950-ab45-ac807e327f1f|10.1.0.24:15055]|listeners:[], old=null
2024-04-16 13:47:22,222 [db959189-86db-424f-9228-dcd46ac5d3ef-server-thread2] INFO  server.RaftServer$Division (ServerState.java:setRaftConf(386)) - db959189-86db-424f-9228-dcd46ac5d3ef@group-181AD1325C26: set configuration 0: peers:[db959189-86db-424f-9228-dcd46ac5d3ef|10.1.0.24:15046, 590e72f5-e0a8-4a6b-9708-265ca50c2b50|10.1.0.24:15064, 88d255ec-0e94-4950-ab45-ac807e327f1f|10.1.0.24:15055]|listeners:[], old=null
2024-04-16 13:47:22,222 [db959189-86db-424f-9228-dcd46ac5d3ef-server-thread2] INFO  segmented.SegmentedRaftLogWorker (SegmentedRaftLogWorker.java:startLogSegment(430)) - db959189-86db-424f-9228-dcd46ac5d3ef@group-181AD1325C26-SegmentedRaftLogWorker: Starting segment from index:0
2024-04-16 13:47:22,223 [88d255ec-0e94-4950-ab45-ac807e327f1f@group-181AD1325C26-SegmentedRaftLogWorker] INFO  segmented.SegmentedRaftLogWorker (SegmentedRaftLogWorker.java:execute(634)) - 88d255ec-0e94-4950-ab45-ac807e327f1f@group-181AD1325C26-SegmentedRaftLogWorker: created new log segment /home/runner/work/ozone/ozone/hadoop-ozone/integration-test/target/test-dir/MiniOzoneClusterImpl-f0f26617-5c27-4371-b446-298ac6c8687b/ozone-meta/datanode-2/ratis/b82ac6a9-29ab-4c38-a941-181ad1325c26/current/log_inprogress_0
2024-04-16 13:47:22,223 [db959189-86db-424f-9228-dcd46ac5d3ef@group-181AD1325C26-SegmentedRaftLogWorker] INFO  segmented.BufferedWriteChannel (BufferedWriteChannel.java:open(62)) - open log_inprogress_0 at position 0
2024-04-16 13:47:22,229 [grpc-default-executor-1] INFO  server.RaftServer$Division (RaftServerImpl.java:requestVote(1389)) - 88d255ec-0e94-4950-ab45-ac807e327f1f@group-D6EBA2FAC503: receive requestVote(PRE_VOTE, 590e72f5-e0a8-4a6b-9708-265ca50c2b50, group-D6EBA2FAC503, 0, (t:0, i:0))
2024-04-16 13:47:22,229 [grpc-default-executor-1] INFO  impl.VoteContext (VoteContext.java:log(49)) - 88d255ec-0e94-4950-ab45-ac807e327f1f@group-D6EBA2FAC503-FOLLOWER: reject PRE_VOTE from 590e72f5-e0a8-4a6b-9708-265ca50c2b50: our priority 1 > candidate's priority 0
2024-04-16 13:47:22,230 [grpc-default-executor-1] INFO  server.RaftServer$Division (RaftServerImpl.java:requestVote(1422)) - 88d255ec-0e94-4950-ab45-ac807e327f1f@group-D6EBA2FAC503 replies to PRE_VOTE vote request: 590e72f5-e0a8-4a6b-9708-265ca50c2b50<-88d255ec-0e94-4950-ab45-ac807e327f1f#0:FAIL-t0. Peer's state: 88d255ec-0e94-4950-ab45-ac807e327f1f@group-D6EBA2FAC503:t0, leader=null, voted=, raftlog=Memoized:88d255ec-0e94-4950-ab45-ac807e327f1f@group-D6EBA2FAC503-SegmentedRaftLog:OPENED:c-1, conf=-1: peers:[db959189-86db-424f-9228-dcd46ac5d3ef|10.1.0.24:15046, 590e72f5-e0a8-4a6b-9708-265ca50c2b50|10.1.0.24:15064, 88d255ec-0e94-4950-ab45-ac807e327f1f|10.1.0.24:15055]|listeners:[], old=null
2024-04-16 13:47:22,231 [590e72f5-e0a8-4a6b-9708-265ca50c2b50@group-D6EBA2FAC503-LeaderElection7] INFO  impl.LeaderElection (LeaderElection.java:logAndReturn(89)) - 590e72f5-e0a8-4a6b-9708-265ca50c2b50@group-D6EBA2FAC503-LeaderElection7: PRE_VOTE REJECTED received 2 response(s) and 0 exception(s):
2024-04-16 13:47:22,231 [590e72f5-e0a8-4a6b-9708-265ca50c2b50@group-D6EBA2FAC503-LeaderElection7] INFO  impl.LeaderElection (LeaderElection.java:logAndReturn(93)) -   Response 0: 590e72f5-e0a8-4a6b-9708-265ca50c2b50<-db959189-86db-424f-9228-dcd46ac5d3ef#0:OK-t0
2024-04-16 13:47:22,231 [590e72f5-e0a8-4a6b-9708-265ca50c2b50@group-D6EBA2FAC503-LeaderElection7] INFO  impl.LeaderElection (LeaderElection.java:logAndReturn(93)) -   Response 1: 590e72f5-e0a8-4a6b-9708-265ca50c2b50<-88d255ec-0e94-4950-ab45-ac807e327f1f#0:FAIL-t0
2024-04-16 13:47:22,232 [590e72f5-e0a8-4a6b-9708-265ca50c2b50@group-D6EBA2FAC503-LeaderElection7] INFO  impl.LeaderElection (LeaderElection.java:askForVotes(323)) - 590e72f5-e0a8-4a6b-9708-265ca50c2b50@group-D6EBA2FAC503-LeaderElection7 PRE_VOTE round 0: result REJECTED
2024-04-16 13:47:22,233 [590e72f5-e0a8-4a6b-9708-265ca50c2b50@group-D6EBA2FAC503-LeaderElection7] INFO  server.RaftServer$Division (RaftServerImpl.java:setRole(383)) - 590e72f5-e0a8-4a6b-9708-265ca50c2b50@group-D6EBA2FAC503: changes role from CANDIDATE to FOLLOWER at term 0 for REJECTED
2024-04-16 13:47:22,233 [590e72f5-e0a8-4a6b-9708-265ca50c2b50@group-D6EBA2FAC503-LeaderElection7] INFO  impl.RoleInfo (RoleInfo.java:shutdownLeaderElection(130)) - 590e72f5-e0a8-4a6b-9708-265ca50c2b50: shutdown 590e72f5-e0a8-4a6b-9708-265ca50c2b50@group-D6EBA2FAC503-LeaderElection7
2024-04-16 13:47:22,233 [590e72f5-e0a8-4a6b-9708-265ca50c2b50@group-D6EBA2FAC503-LeaderElection7] INFO  impl.RoleInfo (RoleInfo.java:updateAndGet(139)) - 590e72f5-e0a8-4a6b-9708-265ca50c2b50: start 590e72f5-e0a8-4a6b-9708-265ca50c2b50@group-D6EBA2FAC503-FollowerState
2024-04-16 13:47:22,233 [590e72f5-e0a8-4a6b-9708-265ca50c2b50@group-D6EBA2FAC503-LeaderElection7] INFO  server.RaftServer$Division (RaftServerImpl.java:setFirstElection(574)) - 590e72f5-e0a8-4a6b-9708-265ca50c2b50@group-D6EBA2FAC503: set firstElectionSinceStartup to false for REJECTED
2024-04-16 13:47:22,236 [db959189-86db-424f-9228-dcd46ac5d3ef@group-181AD1325C26-SegmentedRaftLogWorker] INFO  segmented.SegmentedRaftLogWorker (SegmentedRaftLogWorker.java:execute(634)) - db959189-86db-424f-9228-dcd46ac5d3ef@group-181AD1325C26-SegmentedRaftLogWorker: created new log segment /home/runner/work/ozone/ozone/hadoop-ozone/integration-test/target/test-dir/MiniOzoneClusterImpl-f0f26617-5c27-4371-b446-298ac6c8687b/ozone-meta/datanode-1/ratis/b82ac6a9-29ab-4c38-a941-181ad1325c26/current/log_inprogress_0
2024-04-16 13:47:22,237 [590e72f5-e0a8-4a6b-9708-265ca50c2b50@group-181AD1325C26-StateMachineUpdater] INFO  server.RaftServer$Division (LeaderStateImpl.java:isApplied(320)) - leader is ready since appliedIndex == 0 >= startIndex == 0
2024-04-16 13:47:22,285 [88d255ec-0e94-4950-ab45-ac807e327f1f@group-D6EBA2FAC503-FollowerState] INFO  impl.FollowerState (FollowerState.java:run(143)) - 88d255ec-0e94-4950-ab45-ac807e327f1f@group-D6EBA2FAC503-FollowerState: change to CANDIDATE, lastRpcElapsedTime:5123070581ns, electionTimeout:5121ms
2024-04-16 13:47:22,285 [88d255ec-0e94-4950-ab45-ac807e327f1f@group-D6EBA2FAC503-FollowerState] INFO  impl.RoleInfo (RoleInfo.java:shutdownFollowerState(110)) - 88d255ec-0e94-4950-ab45-ac807e327f1f: shutdown 88d255ec-0e94-4950-ab45-ac807e327f1f@group-D6EBA2FAC503-FollowerState
2024-04-16 13:47:22,285 [88d255ec-0e94-4950-ab45-ac807e327f1f@group-D6EBA2FAC503-FollowerState] INFO  server.RaftServer$Division (RaftServerImpl.java:setRole(383)) - 88d255ec-0e94-4950-ab45-ac807e327f1f@group-D6EBA2FAC503: changes role from  FOLLOWER to CANDIDATE at term 0 for changeToCandidate
2024-04-16 13:47:22,287 [88d255ec-0e94-4950-ab45-ac807e327f1f@group-D6EBA2FAC503-FollowerState] INFO  server.RaftServerConfigKeys (ConfUtils.java:logGet(46)) - raft.server.leaderelection.pre-vote = true (default)
2024-04-16 13:47:22,287 [88d255ec-0e94-4950-ab45-ac807e327f1f@group-D6EBA2FAC503-FollowerState] INFO  impl.RoleInfo (RoleInfo.java:updateAndGet(139)) - 88d255ec-0e94-4950-ab45-ac807e327f1f: start 88d255ec-0e94-4950-ab45-ac807e327f1f@group-D6EBA2FAC503-LeaderElection8
2024-04-16 13:47:22,294 [db959189-86db-424f-9228-dcd46ac5d3ef@group-D6EBA2FAC503-FollowerState] INFO  server.RaftServerConfigKeys (ConfUtils.java:logFallback(53)) - raft.server.rpc.first-election.timeout.min = 5s (fallback to raft.server.rpc.timeout.min)
2024-04-16 13:47:22,294 [db959189-86db-424f-9228-dcd46ac5d3ef@group-D6EBA2FAC503-FollowerState] INFO  server.RaftServerConfigKeys (ConfUtils.java:logFallback(53)) - raft.server.rpc.first-election.timeout.max = 5200ms (fallback to raft.server.rpc.timeout.max)
2024-04-16 13:47:22,294 [88d255ec-0e94-4950-ab45-ac807e327f1f@group-D6EBA2FAC503-LeaderElection8] INFO  impl.LeaderElection (LeaderElection.java:askForVotes(321)) - 88d255ec-0e94-4950-ab45-ac807e327f1f@group-D6EBA2FAC503-LeaderElection8 PRE_VOTE round 0: submit vote requests at term 0 for -1: peers:[db959189-86db-424f-9228-dcd46ac5d3ef|10.1.0.24:15046, 590e72f5-e0a8-4a6b-9708-265ca50c2b50|10.1.0.24:15064, 88d255ec-0e94-4950-ab45-ac807e327f1f|10.1.0.24:15055]|listeners:[], old=null
2024-04-16 13:47:22,295 [88d255ec-0e94-4950-ab45-ac807e327f1f@group-D6EBA2FAC503-LeaderElection8-1] INFO  server.GrpcServerProtocolClient (GrpcServerProtocolClient.java:<init>(65)) - Build channel for db959189-86db-424f-9228-dcd46ac5d3ef|10.1.0.24:15046
2024-04-16 13:47:22,295 [88d255ec-0e94-4950-ab45-ac807e327f1f@group-D6EBA2FAC503-LeaderElection8] INFO  server.RaftServerConfigKeys (ConfUtils.java:logFallback(53)) - raft.server.rpc.first-election.timeout.min = 5s (fallback to raft.server.rpc.timeout.min)
2024-04-16 13:47:22,295 [88d255ec-0e94-4950-ab45-ac807e327f1f@group-D6EBA2FAC503-LeaderElection8] INFO  server.RaftServerConfigKeys (ConfUtils.java:logFallback(53)) - raft.server.rpc.first-election.timeout.max = 5200ms (fallback to raft.server.rpc.timeout.max)
2024-04-16 13:47:22,295 [88d255ec-0e94-4950-ab45-ac807e327f1f@group-D6EBA2FAC503-LeaderElection8-2] INFO  server.GrpcServerProtocolClient (GrpcServerProtocolClient.java:<init>(65)) - Build channel for 590e72f5-e0a8-4a6b-9708-265ca50c2b50|10.1.0.24:15064
2024-04-16 13:47:22,304 [grpc-default-executor-1] INFO  server.RaftServer$Division (RaftServerImpl.java:requestVote(1389)) - 590e72f5-e0a8-4a6b-9708-265ca50c2b50@group-D6EBA2FAC503: receive requestVote(PRE_VOTE, 88d255ec-0e94-4950-ab45-ac807e327f1f, group-D6EBA2FAC503, 0, (t:0, i:0))
2024-04-16 13:47:22,305 [grpc-default-executor-1] INFO  impl.VoteContext (VoteContext.java:log(49)) - 590e72f5-e0a8-4a6b-9708-265ca50c2b50@group-D6EBA2FAC503-FOLLOWER: accept PRE_VOTE from 88d255ec-0e94-4950-ab45-ac807e327f1f: our priority 0 <= candidate's priority 1
2024-04-16 13:47:22,305 [grpc-default-executor-1] INFO  server.RaftServer$Division (RaftServerImpl.java:requestVote(1422)) - 590e72f5-e0a8-4a6b-9708-265ca50c2b50@group-D6EBA2FAC503 replies to PRE_VOTE vote request: 88d255ec-0e94-4950-ab45-ac807e327f1f<-590e72f5-e0a8-4a6b-9708-265ca50c2b50#0:OK-t0. Peer's state: 590e72f5-e0a8-4a6b-9708-265ca50c2b50@group-D6EBA2FAC503:t0, leader=null, voted=, raftlog=Memoized:590e72f5-e0a8-4a6b-9708-265ca50c2b50@group-D6EBA2FAC503-SegmentedRaftLog:OPENED:c-1, conf=-1: peers:[db959189-86db-424f-9228-dcd46ac5d3ef|10.1.0.24:15046, 590e72f5-e0a8-4a6b-9708-265ca50c2b50|10.1.0.24:15064, 88d255ec-0e94-4950-ab45-ac807e327f1f|10.1.0.24:15055]|listeners:[], old=null
2024-04-16 13:47:22,306 [grpc-default-executor-2] INFO  server.RaftServer$Division (RaftServerImpl.java:requestVote(1389)) - db959189-86db-424f-9228-dcd46ac5d3ef@group-D6EBA2FAC503: receive requestVote(PRE_VOTE, 88d255ec-0e94-4950-ab45-ac807e327f1f, group-D6EBA2FAC503, 0, (t:0, i:0))
2024-04-16 13:47:22,307 [grpc-default-executor-2] INFO  impl.VoteContext (VoteContext.java:log(49)) - db959189-86db-424f-9228-dcd46ac5d3ef@group-D6EBA2FAC503-FOLLOWER: accept PRE_VOTE from 88d255ec-0e94-4950-ab45-ac807e327f1f: our priority 0 <= candidate's priority 1
2024-04-16 13:47:22,308 [88d255ec-0e94-4950-ab45-ac807e327f1f@group-D6EBA2FAC503-LeaderElection8] INFO  impl.LeaderElection (LeaderElection.java:logAndReturn(89)) - 88d255ec-0e94-4950-ab45-ac807e327f1f@group-D6EBA2FAC503-LeaderElection8: PRE_VOTE PASSED received 1 response(s) and 0 exception(s):
2024-04-16 13:47:22,308 [grpc-default-executor-2] INFO  server.RaftServer$Division (RaftServerImpl.java:requestVote(1422)) - db959189-86db-424f-9228-dcd46ac5d3ef@group-D6EBA2FAC503 replies to PRE_VOTE vote request: 88d255ec-0e94-4950-ab45-ac807e327f1f<-db959189-86db-424f-9228-dcd46ac5d3ef#0:OK-t0. Peer's state: db959189-86db-424f-9228-dcd46ac5d3ef@group-D6EBA2FAC503:t0, leader=null, voted=, raftlog=Memoized:db959189-86db-424f-9228-dcd46ac5d3ef@group-D6EBA2FAC503-SegmentedRaftLog:OPENED:c-1, conf=-1: peers:[db959189-86db-424f-9228-dcd46ac5d3ef|10.1.0.24:15046, 590e72f5-e0a8-4a6b-9708-265ca50c2b50|10.1.0.24:15064, 88d255ec-0e94-4950-ab45-ac807e327f1f|10.1.0.24:15055]|listeners:[], old=null
2024-04-16 13:47:22,308 [88d255ec-0e94-4950-ab45-ac807e327f1f@group-D6EBA2FAC503-LeaderElection8] INFO  impl.LeaderElection (LeaderElection.java:logAndReturn(93)) -   Response 0: 88d255ec-0e94-4950-ab45-ac807e327f1f<-590e72f5-e0a8-4a6b-9708-265ca50c2b50#0:OK-t0
2024-04-16 13:47:22,308 [88d255ec-0e94-4950-ab45-ac807e327f1f@group-D6EBA2FAC503-LeaderElection8] INFO  impl.LeaderElection (LeaderElection.java:askForVotes(323)) - 88d255ec-0e94-4950-ab45-ac807e327f1f@group-D6EBA2FAC503-LeaderElection8 PRE_VOTE round 0: result PASSED
2024-04-16 13:47:22,312 [88d255ec-0e94-4950-ab45-ac807e327f1f@group-D6EBA2FAC503-LeaderElection8] INFO  impl.LeaderElection (LeaderElection.java:askForVotes(321)) - 88d255ec-0e94-4950-ab45-ac807e327f1f@group-D6EBA2FAC503-LeaderElection8 ELECTION round 0: submit vote requests at term 1 for -1: peers:[db959189-86db-424f-9228-dcd46ac5d3ef|10.1.0.24:15046, 590e72f5-e0a8-4a6b-9708-265ca50c2b50|10.1.0.24:15064, 88d255ec-0e94-4950-ab45-ac807e327f1f|10.1.0.24:15055]|listeners:[], old=null
2024-04-16 13:47:22,313 [88d255ec-0e94-4950-ab45-ac807e327f1f@group-D6EBA2FAC503-LeaderElection8] INFO  server.RaftServerConfigKeys (ConfUtils.java:logFallback(53)) - raft.server.rpc.first-election.timeout.min = 5s (fallback to raft.server.rpc.timeout.min)
2024-04-16 13:47:22,313 [88d255ec-0e94-4950-ab45-ac807e327f1f@group-D6EBA2FAC503-LeaderElection8] INFO  server.RaftServerConfigKeys (ConfUtils.java:logFallback(53)) - raft.server.rpc.first-election.timeout.max = 5200ms (fallback to raft.server.rpc.timeout.max)
2024-04-16 13:47:22,315 [grpc-default-executor-2] INFO  server.RaftServer$Division (RaftServerImpl.java:requestVote(1389)) - 590e72f5-e0a8-4a6b-9708-265ca50c2b50@group-D6EBA2FAC503: receive requestVote(ELECTION, 88d255ec-0e94-4950-ab45-ac807e327f1f, group-D6EBA2FAC503, 1, (t:0, i:0))
2024-04-16 13:47:22,315 [grpc-default-executor-2] INFO  impl.VoteContext (VoteContext.java:log(49)) - 590e72f5-e0a8-4a6b-9708-265ca50c2b50@group-D6EBA2FAC503-FOLLOWER: accept ELECTION from 88d255ec-0e94-4950-ab45-ac807e327f1f: our priority 0 <= candidate's priority 1
2024-04-16 13:47:22,315 [grpc-default-executor-2] INFO  server.RaftServer$Division (RaftServerImpl.java:setRole(383)) - 590e72f5-e0a8-4a6b-9708-265ca50c2b50@group-D6EBA2FAC503: changes role from  FOLLOWER to FOLLOWER at term 1 for candidate:88d255ec-0e94-4950-ab45-ac807e327f1f
2024-04-16 13:47:22,315 [grpc-default-executor-2] INFO  impl.RoleInfo (RoleInfo.java:shutdownFollowerState(110)) - 590e72f5-e0a8-4a6b-9708-265ca50c2b50: shutdown 590e72f5-e0a8-4a6b-9708-265ca50c2b50@group-D6EBA2FAC503-FollowerState
2024-04-16 13:47:22,315 [590e72f5-e0a8-4a6b-9708-265ca50c2b50@group-D6EBA2FAC503-FollowerState] INFO  impl.FollowerState (FollowerState.java:run(152)) - 590e72f5-e0a8-4a6b-9708-265ca50c2b50@group-D6EBA2FAC503-FollowerState was interrupted
2024-04-16 13:47:22,315 [grpc-default-executor-2] INFO  impl.RoleInfo (RoleInfo.java:updateAndGet(139)) - 590e72f5-e0a8-4a6b-9708-265ca50c2b50: start 590e72f5-e0a8-4a6b-9708-265ca50c2b50@group-D6EBA2FAC503-FollowerState
2024-04-16 13:47:22,321 [grpc-default-executor-1] INFO  server.RaftServer$Division (RaftServerImpl.java:requestVote(1389)) - db959189-86db-424f-9228-dcd46ac5d3ef@group-D6EBA2FAC503: receive requestVote(ELECTION, 88d255ec-0e94-4950-ab45-ac807e327f1f, group-D6EBA2FAC503, 1, (t:0, i:0))
2024-04-16 13:47:22,321 [grpc-default-executor-2] INFO  server.RaftServer$Division (RaftServerImpl.java:requestVote(1422)) - 590e72f5-e0a8-4a6b-9708-265ca50c2b50@group-D6EBA2FAC503 replies to ELECTION vote request: 88d255ec-0e94-4950-ab45-ac807e327f1f<-590e72f5-e0a8-4a6b-9708-265ca50c2b50#0:OK-t1. Peer's state: 590e72f5-e0a8-4a6b-9708-265ca50c2b50@group-D6EBA2FAC503:t1, leader=null, voted=88d255ec-0e94-4950-ab45-ac807e327f1f, raftlog=Memoized:590e72f5-e0a8-4a6b-9708-265ca50c2b50@group-D6EBA2FAC503-SegmentedRaftLog:OPENED:c-1, conf=-1: peers:[db959189-86db-424f-9228-dcd46ac5d3ef|10.1.0.24:15046, 590e72f5-e0a8-4a6b-9708-265ca50c2b50|10.1.0.24:15064, 88d255ec-0e94-4950-ab45-ac807e327f1f|10.1.0.24:15055]|listeners:[], old=null
2024-04-16 13:47:22,321 [grpc-default-executor-1] INFO  impl.VoteContext (VoteContext.java:log(49)) - db959189-86db-424f-9228-dcd46ac5d3ef@group-D6EBA2FAC503-FOLLOWER: accept ELECTION from 88d255ec-0e94-4950-ab45-ac807e327f1f: our priority 0 <= candidate's priority 1
2024-04-16 13:47:22,322 [grpc-default-executor-1] INFO  server.RaftServer$Division (RaftServerImpl.java:setRole(383)) - db959189-86db-424f-9228-dcd46ac5d3ef@group-D6EBA2FAC503: changes role from  FOLLOWER to FOLLOWER at term 1 for candidate:88d255ec-0e94-4950-ab45-ac807e327f1f
2024-04-16 13:47:22,322 [grpc-default-executor-1] INFO  impl.RoleInfo (RoleInfo.java:shutdownFollowerState(110)) - db959189-86db-424f-9228-dcd46ac5d3ef: shutdown db959189-86db-424f-9228-dcd46ac5d3ef@group-D6EBA2FAC503-FollowerState
2024-04-16 13:47:22,322 [db959189-86db-424f-9228-dcd46ac5d3ef@group-D6EBA2FAC503-FollowerState] INFO  impl.FollowerState (FollowerState.java:run(152)) - db959189-86db-424f-9228-dcd46ac5d3ef@group-D6EBA2FAC503-FollowerState was interrupted
2024-04-16 13:47:22,324 [88d255ec-0e94-4950-ab45-ac807e327f1f@group-D6EBA2FAC503-LeaderElection8] INFO  impl.LeaderElection (LeaderElection.java:logAndReturn(89)) - 88d255ec-0e94-4950-ab45-ac807e327f1f@group-D6EBA2FAC503-LeaderElection8: ELECTION PASSED received 1 response(s) and 0 exception(s):
2024-04-16 13:47:22,324 [88d255ec-0e94-4950-ab45-ac807e327f1f@group-D6EBA2FAC503-LeaderElection8] INFO  impl.LeaderElection (LeaderElection.java:logAndReturn(93)) -   Response 0: 88d255ec-0e94-4950-ab45-ac807e327f1f<-590e72f5-e0a8-4a6b-9708-265ca50c2b50#0:OK-t1
2024-04-16 13:47:22,324 [88d255ec-0e94-4950-ab45-ac807e327f1f@group-D6EBA2FAC503-LeaderElection8] INFO  impl.LeaderElection (LeaderElection.java:askForVotes(323)) - 88d255ec-0e94-4950-ab45-ac807e327f1f@group-D6EBA2FAC503-LeaderElection8 ELECTION round 0: result PASSED
2024-04-16 13:47:22,324 [88d255ec-0e94-4950-ab45-ac807e327f1f@group-D6EBA2FAC503-LeaderElection8] INFO  impl.RoleInfo (RoleInfo.java:shutdownLeaderElection(130)) - 88d255ec-0e94-4950-ab45-ac807e327f1f: shutdown 88d255ec-0e94-4950-ab45-ac807e327f1f@group-D6EBA2FAC503-LeaderElection8
2024-04-16 13:47:22,325 [88d255ec-0e94-4950-ab45-ac807e327f1f@group-D6EBA2FAC503-LeaderElection8] INFO  server.RaftServer$Division (RaftServerImpl.java:setRole(383)) - 88d255ec-0e94-4950-ab45-ac807e327f1f@group-D6EBA2FAC503: changes role from CANDIDATE to LEADER at term 1 for changeToLeader
2024-04-16 13:47:22,325 [88d255ec-0e94-4950-ab45-ac807e327f1f@group-D6EBA2FAC503-LeaderElection8] INFO  server.RaftServerConfigKeys (ConfUtils.java:logGet(46)) - raft.server.staging.catchup.gap = 1000 (default)
2024-04-16 13:47:22,328 [grpc-default-executor-1] INFO  impl.RoleInfo (RoleInfo.java:updateAndGet(139)) - db959189-86db-424f-9228-dcd46ac5d3ef: start db959189-86db-424f-9228-dcd46ac5d3ef@group-D6EBA2FAC503-FollowerState
2024-04-16 13:47:22,328 [grpc-default-executor-1] INFO  server.RaftServer$Division (RaftServerImpl.java:setFirstElection(574)) - db959189-86db-424f-9228-dcd46ac5d3ef@group-D6EBA2FAC503: set firstElectionSinceStartup to false for candidate:88d255ec-0e94-4950-ab45-ac807e327f1f
2024-04-16 13:47:22,328 [88d255ec-0e94-4950-ab45-ac807e327f1f@group-D6EBA2FAC503-LeaderElection8] INFO  server.RaftServerConfigKeys (ConfUtils.java:logGet(46)) - raft.server.write.element-limit = 1024 (custom)
2024-04-16 13:47:22,328 [88d255ec-0e94-4950-ab45-ac807e327f1f@group-D6EBA2FAC503-LeaderElection8] INFO  server.RaftServerConfigKeys (ConfUtils.java:logGet(46)) - raft.server.write.byte-limit = 1024 M (=1073741824) (custom)
2024-04-16 13:47:22,329 [88d255ec-0e94-4950-ab45-ac807e327f1f@group-D6EBA2FAC503-LeaderElection8] INFO  server.RaftServerConfigKeys (ConfUtils.java:logGet(46)) - raft.server.watch.timeout = 180s (custom)
2024-04-16 13:47:22,329 [88d255ec-0e94-4950-ab45-ac807e327f1f@group-D6EBA2FAC503-LeaderElection8] INFO  server.RaftServerConfigKeys (ConfUtils.java:logGet(46)) - raft.server.watch.timeout.denomination = 1s (default)
2024-04-16 13:47:22,329 [88d255ec-0e94-4950-ab45-ac807e327f1f@group-D6EBA2FAC503-LeaderElection8] INFO  server.RaftServerConfigKeys (ConfUtils.java:logGet(46)) - raft.server.watch.element-limit = 65536 (default)
2024-04-16 13:47:22,329 [88d255ec-0e94-4950-ab45-ac807e327f1f@group-D6EBA2FAC503-LeaderElection8] INFO  server.RaftServerConfigKeys (ConfUtils.java:logGet(46)) - raft.server.read.leader.lease.enabled = false (default)
2024-04-16 13:47:22,329 [88d255ec-0e94-4950-ab45-ac807e327f1f@group-D6EBA2FAC503-LeaderElection8] INFO  server.RaftServerConfigKeys (ConfUtils.java:logGet(46)) - raft.server.read.leader.lease.timeout.ratio = 0.9 (default)
2024-04-16 13:47:22,329 [88d255ec-0e94-4950-ab45-ac807e327f1f@group-D6EBA2FAC503-LeaderElection8] INFO  server.RaftServerConfigKeys (ConfUtils.java:logGet(46)) - raft.server.rpc.timeout.min = 5s (custom)
2024-04-16 13:47:22,329 [88d255ec-0e94-4950-ab45-ac807e327f1f@group-D6EBA2FAC503-LeaderElection8] INFO  server.RaftServerConfigKeys (ConfUtils.java:logGet(46)) - raft.server.write.element-limit = 1024 (custom)
2024-04-16 13:47:22,329 [grpc-default-executor-1] INFO  server.RaftServer$Division (RaftServerImpl.java:requestVote(1422)) - db959189-86db-424f-9228-dcd46ac5d3ef@group-D6EBA2FAC503 replies to ELECTION vote request: 88d255ec-0e94-4950-ab45-ac807e327f1f<-db959189-86db-424f-9228-dcd46ac5d3ef#0:OK-t1. Peer's state: db959189-86db-424f-9228-dcd46ac5d3ef@group-D6EBA2FAC503:t1, leader=null, voted=88d255ec-0e94-4950-ab45-ac807e327f1f, raftlog=Memoized:db959189-86db-424f-9228-dcd46ac5d3ef@group-D6EBA2FAC503-SegmentedRaftLog:OPENED:c-1, conf=-1: peers:[db959189-86db-424f-9228-dcd46ac5d3ef|10.1.0.24:15046, 590e72f5-e0a8-4a6b-9708-265ca50c2b50|10.1.0.24:15064, 88d255ec-0e94-4950-ab45-ac807e327f1f|10.1.0.24:15055]|listeners:[], old=null
2024-04-16 13:47:22,329 [88d255ec-0e94-4950-ab45-ac807e327f1f@group-D6EBA2FAC503-LeaderElection8] INFO  server.RaftServerConfigKeys (ConfUtils.java:logGet(46)) - raft.server.write.follower.gap.ratio.max = -1.0 (default)
2024-04-16 13:47:22,330 [88d255ec-0e94-4950-ab45-ac807e327f1f@group-D6EBA2FAC503-LeaderElection8] INFO  server.RaftServerConfigKeys (ConfUtils.java:logGet(46)) - raft.server.log.appender.snapshot.chunk.size.max = 16MB (=16777216) (default)
2024-04-16 13:47:22,330 [88d255ec-0e94-4950-ab45-ac807e327f1f@group-D6EBA2FAC503-LeaderElection8] INFO  server.RaftServerConfigKeys (ConfUtils.java:logGet(46)) - raft.server.log.appender.buffer.byte-limit = 8388608 (custom)
2024-04-16 13:47:22,330 [88d255ec-0e94-4950-ab45-ac807e327f1f@group-D6EBA2FAC503-LeaderElection8] INFO  server.RaftServerConfigKeys (ConfUtils.java:logGet(46)) - raft.server.log.appender.buffer.element-limit = 1 (custom)
2024-04-16 13:47:22,331 [88d255ec-0e94-4950-ab45-ac807e327f1f@group-D6EBA2FAC503-LeaderElection8] INFO  server.RaftServerConfigKeys (ConfUtils.java:logGet(46)) - raft.server.log.appender.wait-time.min = 0μs (custom)
2024-04-16 13:47:22,331 [88d255ec-0e94-4950-ab45-ac807e327f1f@group-D6EBA2FAC503-LeaderElection8] INFO  grpc.GrpcConfigKeys (ConfUtils.java:logGet(46)) - raft.grpc.server.leader.outstanding.appends.max = 8 (default)
2024-04-16 13:47:22,331 [88d255ec-0e94-4950-ab45-ac807e327f1f@group-D6EBA2FAC503-LeaderElection8] INFO  server.RaftServerConfigKeys (ConfUtils.java:logGet(46)) - raft.server.rpc.request.timeout = 60s (custom)
2024-04-16 13:47:22,331 [88d255ec-0e94-4950-ab45-ac807e327f1f@group-D6EBA2FAC503-LeaderElection8] INFO  grpc.GrpcConfigKeys (ConfUtils.java:logGet(46)) - raft.grpc.server.install_snapshot.request.element-limit = 8 (default)
2024-04-16 13:47:22,331 [88d255ec-0e94-4950-ab45-ac807e327f1f@group-D6EBA2FAC503-LeaderElection8] INFO  grpc.GrpcConfigKeys (ConfUtils.java:logGet(46)) - raft.grpc.server.install_snapshot.request.timeout = 3000ms (default)
2024-04-16 13:47:22,331 [88d255ec-0e94-4950-ab45-ac807e327f1f@group-D6EBA2FAC503-LeaderElection8] INFO  grpc.GrpcConfigKeys (ConfUtils.java:logGet(46)) - raft.grpc.server.log-message.batch.duration = 5s (default)
2024-04-16 13:47:22,331 [88d255ec-0e94-4950-ab45-ac807e327f1f@group-D6EBA2FAC503-LeaderElection8] INFO  server.RaftServerConfigKeys (ConfUtils.java:logGet(46)) - raft.server.log.appender.install.snapshot.enabled = false (custom)
2024-04-16 13:47:22,331 [88d255ec-0e94-4950-ab45-ac807e327f1f@group-D6EBA2FAC503-LeaderElection8] INFO  grpc.GrpcConfigKeys (ConfUtils.java:logGet(46)) - raft.grpc.server.heartbeat.channel = true (default)
2024-04-16 13:47:22,333 [88d255ec-0e94-4950-ab45-ac807e327f1f@group-D6EBA2FAC503-LeaderElection8] INFO  server.RaftServerConfigKeys (ConfUtils.java:logGet(46)) - raft.server.log.appender.snapshot.chunk.size.max = 16MB (=16777216) (default)
2024-04-16 13:47:22,333 [88d255ec-0e94-4950-ab45-ac807e327f1f@group-D6EBA2FAC503-LeaderElection8] INFO  server.RaftServerConfigKeys (ConfUtils.java:logGet(46)) - raft.server.log.appender.buffer.byte-limit = 8388608 (custom)
2024-04-16 13:47:22,333 [88d255ec-0e94-4950-ab45-ac807e327f1f@group-D6EBA2FAC503-LeaderElection8] INFO  server.RaftServerConfigKeys (ConfUtils.java:logGet(46)) - raft.server.log.appender.buffer.element-limit = 1 (custom)
2024-04-16 13:47:22,333 [88d255ec-0e94-4950-ab45-ac807e327f1f@group-D6EBA2FAC503-LeaderElection8] INFO  server.RaftServerConfigKeys (ConfUtils.java:logGet(46)) - raft.server.log.appender.wait-time.min = 0μs (custom)
2024-04-16 13:47:22,334 [88d255ec-0e94-4950-ab45-ac807e327f1f@group-D6EBA2FAC503-LeaderElection8] INFO  grpc.GrpcConfigKeys (ConfUtils.java:logGet(46)) - raft.grpc.server.leader.outstanding.appends.max = 8 (default)
2024-04-16 13:47:22,334 [88d255ec-0e94-4950-ab45-ac807e327f1f@group-D6EBA2FAC503-LeaderElection8] INFO  server.RaftServerConfigKeys (ConfUtils.java:logGet(46)) - raft.server.rpc.request.timeout = 60s (custom)
2024-04-16 13:47:22,334 [88d255ec-0e94-4950-ab45-ac807e327f1f@group-D6EBA2FAC503-LeaderElection8] INFO  grpc.GrpcConfigKeys (ConfUtils.java:logGet(46)) - raft.grpc.server.install_snapshot.request.element-limit = 8 (default)
2024-04-16 13:47:22,334 [88d255ec-0e94-4950-ab45-ac807e327f1f@group-D6EBA2FAC503-LeaderElection8] INFO  grpc.GrpcConfigKeys (ConfUtils.java:logGet(46)) - raft.grpc.server.install_snapshot.request.timeout = 3000ms (default)
2024-04-16 13:47:22,334 [88d255ec-0e94-4950-ab45-ac807e327f1f@group-D6EBA2FAC503-LeaderElection8] INFO  grpc.GrpcConfigKeys (ConfUtils.java:logGet(46)) - raft.grpc.server.log-message.batch.duration = 5s (default)
2024-04-16 13:47:22,334 [88d255ec-0e94-4950-ab45-ac807e327f1f@group-D6EBA2FAC503-LeaderElection8] INFO  server.RaftServerConfigKeys (ConfUtils.java:logGet(46)) - raft.server.log.appender.install.snapshot.enabled = false (custom)
2024-04-16 13:47:22,334 [88d255ec-0e94-4950-ab45-ac807e327f1f@group-D6EBA2FAC503-LeaderElection8] INFO  grpc.GrpcConfigKeys (ConfUtils.java:logGet(46)) - raft.grpc.server.heartbeat.channel = true (default)
2024-04-16 13:47:22,335 [88d255ec-0e94-4950-ab45-ac807e327f1f@group-D6EBA2FAC503-LeaderElection8] INFO  impl.RoleInfo (RoleInfo.java:updateAndGet(139)) - 88d255ec-0e94-4950-ab45-ac807e327f1f: start 88d255ec-0e94-4950-ab45-ac807e327f1f@group-D6EBA2FAC503-LeaderStateImpl
2024-04-16 13:47:22,335 [88d255ec-0e94-4950-ab45-ac807e327f1f@group-D6EBA2FAC503-LeaderElection8] INFO  server.RaftServer$Division (RaftServerImpl.java:setFirstElection(574)) - 88d255ec-0e94-4950-ab45-ac807e327f1f@group-D6EBA2FAC503: set firstElectionSinceStartup to false for becomeLeader
2024-04-16 13:47:22,335 [88d255ec-0e94-4950-ab45-ac807e327f1f@group-D6EBA2FAC503-LeaderElection8] INFO  ratis.XceiverServerRatis (XceiverServerRatis.java:handleLeaderChangedNotification(966)) - Leader change notification received for group: group-D6EBA2FAC503 with new leaderId: 88d255ec-0e94-4950-ab45-ac807e327f1f
2024-04-16 13:47:22,335 [88d255ec-0e94-4950-ab45-ac807e327f1f@group-D6EBA2FAC503-LeaderElection8] INFO  server.RaftServer$Division (ServerState.java:setLeader(269)) - 88d255ec-0e94-4950-ab45-ac807e327f1f@group-D6EBA2FAC503: change Leader from null to 88d255ec-0e94-4950-ab45-ac807e327f1f at term 1 for becomeLeader, leader elected after 5186ms
2024-04-16 13:47:22,336 [88d255ec-0e94-4950-ab45-ac807e327f1f@group-D6EBA2FAC503-LeaderElection8] INFO  segmented.SegmentedRaftLogWorker (SegmentedRaftLogWorker.java:startLogSegment(430)) - 88d255ec-0e94-4950-ab45-ac807e327f1f@group-D6EBA2FAC503-SegmentedRaftLogWorker: Starting segment from index:0
2024-04-16 13:47:22,336 [88d255ec-0e94-4950-ab45-ac807e327f1f@group-D6EBA2FAC503-SegmentedRaftLogWorker] INFO  segmented.BufferedWriteChannel (BufferedWriteChannel.java:open(62)) - open log_inprogress_0 at position 0
2024-04-16 13:47:22,337 [scmNode-2-EventQueue-OpenPipelineForHealthyPipelineSafeModeRule] INFO  safemode.SCMSafeModeManager (HealthyPipelineSafeModeRule.java:process(140)) - SCM in safe mode. Healthy pipelines reported count is 0, required healthy pipeline reported count is 1
2024-04-16 13:47:22,338 [scmNode-2-EventQueue-PipelineReportForPipelineReportHandler] ERROR pipeline.PipelineReportHandler (PipelineReportHandler.java:onMessage(100)) - Could not process pipeline report=pipelineID {
  id: "1a146aba-1d5e-4ce9-9ab1-d6eba2fac503"
  uuid128 {
    mostSigBits: 1879244292109520105
    leastSigBits: -7299817213450861309
  }
}
isLeader: true
bytesWritten: 0
 from dn=88d255ec-0e94-4950-ab45-ac807e327f1f(fv-az1428-817.utppd1leec2uvmgjoennxb5ynh.ex.internal.cloudapp.net/10.1.0.24).
org.apache.hadoop.hdds.scm.exceptions.SCMException: org.apache.ratis.protocol.exceptions.NotLeaderException: Server e74c9e3a-193e-4dbb-b5f5-b6805398d140@group-298AC6C8687B is not the leader 8dded7e3-77f4-42cf-91f8-4014f88a5819|localhost:15003
	at org.apache.hadoop.hdds.scm.ha.SCMHAInvocationHandler.translateException(SCMHAInvocationHandler.java:165)
	at org.apache.hadoop.hdds.scm.ha.SCMHAInvocationHandler.invokeRatis(SCMHAInvocationHandler.java:115)
	at org.apache.hadoop.hdds.scm.ha.SCMHAInvocationHandler.invoke(SCMHAInvocationHandler.java:74)
	at com.sun.proxy.$Proxy45.updatePipelineState(Unknown Source)
	at org.apache.hadoop.hdds.scm.pipeline.PipelineManagerImpl.openPipeline(PipelineManagerImpl.java:430)
	at org.apache.hadoop.hdds.scm.pipeline.PipelineReportHandler.processPipelineReport(PipelineReportHandler.java:135)
	at org.apache.hadoop.hdds.scm.pipeline.PipelineReportHandler.onMessage(PipelineReportHandler.java:93)
	at org.apache.hadoop.hdds.scm.pipeline.PipelineReportHandler.onMessage(PipelineReportHandler.java:52)
	at org.apache.hadoop.hdds.server.events.SingleThreadExecutor.lambda$onMessage$1(SingleThreadExecutor.java:86)
	at java.util.concurrent.ThreadPoolExecutor.runWorker(ThreadPoolExecutor.java:1149)
	at java.util.concurrent.ThreadPoolExecutor$Worker.run(ThreadPoolExecutor.java:624)
	at java.lang.Thread.run(Thread.java:750)
Caused by: org.apache.ratis.protocol.exceptions.NotLeaderException: Server e74c9e3a-193e-4dbb-b5f5-b6805398d140@group-298AC6C8687B is not the leader 8dded7e3-77f4-42cf-91f8-4014f88a5819|localhost:15003
	at org.apache.ratis.server.impl.RaftServerImpl.generateNotLeaderException(RaftServerImpl.java:807)
	at org.apache.ratis.server.impl.RaftServerImpl.checkLeaderState(RaftServerImpl.java:772)
	at org.apache.ratis.server.impl.RaftServerImpl.checkLeaderState(RaftServerImpl.java:758)
	at org.apache.ratis.server.impl.RaftServerImpl.writeAsync(RaftServerImpl.java:938)
	at org.apache.ratis.server.impl.RaftServerImpl.replyFuture(RaftServerImpl.java:931)
	at org.apache.ratis.server.impl.RaftServerImpl.submitClientRequestAsync(RaftServerImpl.java:908)
	at org.apache.ratis.server.impl.RaftServerImpl.lambda$null$13(RaftServerImpl.java:897)
	at org.apache.ratis.util.JavaUtils.callAsUnchecked(JavaUtils.java:118)
	at org.apache.ratis.server.impl.RaftServerImpl.lambda$executeSubmitClientRequestAsync$14(RaftServerImpl.java:897)
	at java.util.concurrent.CompletableFuture$AsyncSupply.run(CompletableFuture.java:1604)
	... 3 more
2024-04-16 13:47:22,342 [scmNode-2-EventQueue-OpenPipelineForHealthyPipelineSafeModeRule] INFO  safemode.SCMSafeModeManager (HealthyPipelineSafeModeRule.java:process(140)) - SCM in safe mode. Healthy pipelines reported count is 1, required healthy pipeline reported count is 1
2024-04-16 13:47:22,345 [scmNode-2-EventQueue-OpenPipelineForHealthyPipelineSafeModeRule] INFO  safemode.SCMSafeModeManager (SCMSafeModeManager.java:validateSafeModeExitRules(200)) - HealthyPipelineSafeModeRule rule is successfully validated
2024-04-16 13:47:22,345 [scmNode-2-EventQueue-OpenPipelineForHealthyPipelineSafeModeRule] INFO  safemode.SCMSafeModeManager (SCMSafeModeManager.java:validateSafeModeExitRules(215)) - ScmSafeModeManager, all rules are successfully validated
2024-04-16 13:47:22,345 [scmNode-2-EventQueue-OpenPipelineForHealthyPipelineSafeModeRule] INFO  safemode.SCMSafeModeManager (SCMSafeModeManager.java:exitSafeMode(244)) - SCM exiting safe mode.
2024-04-16 13:47:22,345 [scmNode-2-EventQueue-OpenPipelineForHealthyPipelineSafeModeRule] INFO  ha.SCMContext (SCMContext.java:updateSafeModeStatus(225)) - Update SafeModeStatus from SafeModeStatus{safeModeStatus=true, preCheckPassed=true} to SafeModeStatus{safeModeStatus=false, preCheckPassed=true}.
2024-04-16 13:47:22,345 [scmNode-3-EventQueue-PipelineReportForPipelineReportHandler] ERROR pipeline.PipelineReportHandler (PipelineReportHandler.java:onMessage(100)) - Could not process pipeline report=pipelineID {
  id: "1a146aba-1d5e-4ce9-9ab1-d6eba2fac503"
  uuid128 {
    mostSigBits: 1879244292109520105
    leastSigBits: -7299817213450861309
  }
}
isLeader: true
bytesWritten: 0
 from dn=88d255ec-0e94-4950-ab45-ac807e327f1f(fv-az1428-817.utppd1leec2uvmgjoennxb5ynh.ex.internal.cloudapp.net/10.1.0.24).
org.apache.hadoop.hdds.scm.exceptions.SCMException: org.apache.ratis.protocol.exceptions.NotLeaderException: Server 692eadad-ad12-4257-a6c9-255a711e16c4@group-298AC6C8687B is not the leader 8dded7e3-77f4-42cf-91f8-4014f88a5819|localhost:15003
	at org.apache.hadoop.hdds.scm.ha.SCMHAInvocationHandler.translateException(SCMHAInvocationHandler.java:165)
	at org.apache.hadoop.hdds.scm.ha.SCMHAInvocationHandler.invokeRatis(SCMHAInvocationHandler.java:115)
	at org.apache.hadoop.hdds.scm.ha.SCMHAInvocationHandler.invoke(SCMHAInvocationHandler.java:74)
	at com.sun.proxy.$Proxy45.updatePipelineState(Unknown Source)
	at org.apache.hadoop.hdds.scm.pipeline.PipelineManagerImpl.openPipeline(PipelineManagerImpl.java:430)
	at org.apache.hadoop.hdds.scm.pipeline.PipelineReportHandler.processPipelineReport(PipelineReportHandler.java:135)
	at org.apache.hadoop.hdds.scm.pipeline.PipelineReportHandler.onMessage(PipelineReportHandler.java:93)
	at org.apache.hadoop.hdds.scm.pipeline.PipelineReportHandler.onMessage(PipelineReportHandler.java:52)
	at org.apache.hadoop.hdds.server.events.SingleThreadExecutor.lambda$onMessage$1(SingleThreadExecutor.java:86)
	at java.util.concurrent.ThreadPoolExecutor.runWorker(ThreadPoolExecutor.java:1149)
	at java.util.concurrent.ThreadPoolExecutor$Worker.run(ThreadPoolExecutor.java:624)
	at java.lang.Thread.run(Thread.java:750)
Caused by: org.apache.ratis.protocol.exceptions.NotLeaderException: Server 692eadad-ad12-4257-a6c9-255a711e16c4@group-298AC6C8687B is not the leader 8dded7e3-77f4-42cf-91f8-4014f88a5819|localhost:15003
	at org.apache.ratis.server.impl.RaftServerImpl.generateNotLeaderException(RaftServerImpl.java:807)
	at org.apache.ratis.server.impl.RaftServerImpl.checkLeaderState(RaftServerImpl.java:772)
	at org.apache.ratis.server.impl.RaftServerImpl.checkLeaderState(RaftServerImpl.java:758)
	at org.apache.ratis.server.impl.RaftServerImpl.writeAsync(RaftServerImpl.java:938)
	at org.apache.ratis.server.impl.RaftServerImpl.replyFuture(RaftServerImpl.java:931)
	at org.apache.ratis.server.impl.RaftServerImpl.submitClientRequestAsync(RaftServerImpl.java:908)
	at org.apache.ratis.server.impl.RaftServerImpl.lambda$null$13(RaftServerImpl.java:897)
	at org.apache.ratis.util.JavaUtils.callAsUnchecked(JavaUtils.java:118)
	at org.apache.ratis.server.impl.RaftServerImpl.lambda$executeSubmitClientRequestAsync$14(RaftServerImpl.java:897)
	at java.util.concurrent.CompletableFuture$AsyncSupply.run(CompletableFuture.java:1604)
	... 3 more
2024-04-16 13:47:22,345 [scmNode-3-EventQueue-OpenPipelineForHealthyPipelineSafeModeRule] INFO  safemode.SCMSafeModeManager (HealthyPipelineSafeModeRule.java:process(140)) - SCM in safe mode. Healthy pipelines reported count is 0, required healthy pipeline reported count is 1
2024-04-16 13:47:22,343 [88d255ec-0e94-4950-ab45-ac807e327f1f@group-D6EBA2FAC503-LeaderElection8] INFO  server.RaftServer$Division (ServerState.java:setRaftConf(386)) - 88d255ec-0e94-4950-ab45-ac807e327f1f@group-D6EBA2FAC503: set configuration 0: peers:[db959189-86db-424f-9228-dcd46ac5d3ef|10.1.0.24:15046, 590e72f5-e0a8-4a6b-9708-265ca50c2b50|10.1.0.24:15064, 88d255ec-0e94-4950-ab45-ac807e327f1f|10.1.0.24:15055]|listeners:[], old=null
2024-04-16 13:47:22,348 [scmNode-3-EventQueue-OpenPipelineForHealthyPipelineSafeModeRule] INFO  safemode.SCMSafeModeManager (HealthyPipelineSafeModeRule.java:process(140)) - SCM in safe mode. Healthy pipelines reported count is 1, required healthy pipeline reported count is 1
2024-04-16 13:47:22,348 [scmNode-3-EventQueue-OpenPipelineForHealthyPipelineSafeModeRule] INFO  safemode.SCMSafeModeManager (SCMSafeModeManager.java:validateSafeModeExitRules(200)) - HealthyPipelineSafeModeRule rule is successfully validated
2024-04-16 13:47:22,348 [scmNode-3-EventQueue-OpenPipelineForHealthyPipelineSafeModeRule] INFO  safemode.SCMSafeModeManager (SCMSafeModeManager.java:validateSafeModeExitRules(215)) - ScmSafeModeManager, all rules are successfully validated
2024-04-16 13:47:22,349 [scmNode-3-EventQueue-OpenPipelineForHealthyPipelineSafeModeRule] INFO  safemode.SCMSafeModeManager (SCMSafeModeManager.java:exitSafeMode(244)) - SCM exiting safe mode.
2024-04-16 13:47:22,349 [scmNode-3-EventQueue-OpenPipelineForHealthyPipelineSafeModeRule] INFO  ha.SCMContext (SCMContext.java:updateSafeModeStatus(225)) - Update SafeModeStatus from SafeModeStatus{safeModeStatus=true, preCheckPassed=true} to SafeModeStatus{safeModeStatus=false, preCheckPassed=true}.
2024-04-16 13:47:22,351 [scmNode-1-EventQueue-PipelineReportForPipelineReportHandler] INFO  pipeline.PipelineReportHandler (PipelineReportHandler.java:processPipelineReport(136)) - Opened pipeline PipelineID=1a146aba-1d5e-4ce9-9ab1-d6eba2fac503
2024-04-16 13:47:22,347 [88d255ec-0e94-4950-ab45-ac807e327f1f@group-D6EBA2FAC503-SegmentedRaftLogWorker] INFO  segmented.SegmentedRaftLogWorker (SegmentedRaftLogWorker.java:execute(634)) - 88d255ec-0e94-4950-ab45-ac807e327f1f@group-D6EBA2FAC503-SegmentedRaftLogWorker: created new log segment /home/runner/work/ozone/ozone/hadoop-ozone/integration-test/target/test-dir/MiniOzoneClusterImpl-f0f26617-5c27-4371-b446-298ac6c8687b/ozone-meta/datanode-2/ratis/1a146aba-1d5e-4ce9-9ab1-d6eba2fac503/current/log_inprogress_0
2024-04-16 13:47:22,369 [db959189-86db-424f-9228-dcd46ac5d3ef-server-thread1] INFO  ratis.XceiverServerRatis (XceiverServerRatis.java:handleLeaderChangedNotification(966)) - Leader change notification received for group: group-D6EBA2FAC503 with new leaderId: 88d255ec-0e94-4950-ab45-ac807e327f1f
2024-04-16 13:47:22,369 [db959189-86db-424f-9228-dcd46ac5d3ef-server-thread1] INFO  server.RaftServer$Division (ServerState.java:setLeader(269)) - db959189-86db-424f-9228-dcd46ac5d3ef@group-D6EBA2FAC503: change Leader from null to 88d255ec-0e94-4950-ab45-ac807e327f1f at term 1 for appendEntries, leader elected after 5299ms
2024-04-16 13:47:22,371 [db959189-86db-424f-9228-dcd46ac5d3ef-server-thread2] INFO  server.RaftServer$Division (ServerState.java:setRaftConf(386)) - db959189-86db-424f-9228-dcd46ac5d3ef@group-D6EBA2FAC503: set configuration 0: peers:[db959189-86db-424f-9228-dcd46ac5d3ef|10.1.0.24:15046, 590e72f5-e0a8-4a6b-9708-265ca50c2b50|10.1.0.24:15064, 88d255ec-0e94-4950-ab45-ac807e327f1f|10.1.0.24:15055]|listeners:[], old=null
2024-04-16 13:47:22,371 [db959189-86db-424f-9228-dcd46ac5d3ef-server-thread2] INFO  segmented.SegmentedRaftLogWorker (SegmentedRaftLogWorker.java:startLogSegment(430)) - db959189-86db-424f-9228-dcd46ac5d3ef@group-D6EBA2FAC503-SegmentedRaftLogWorker: Starting segment from index:0
2024-04-16 13:47:22,372 [db959189-86db-424f-9228-dcd46ac5d3ef@group-D6EBA2FAC503-SegmentedRaftLogWorker] INFO  segmented.BufferedWriteChannel (BufferedWriteChannel.java:open(62)) - open log_inprogress_0 at position 0
2024-04-16 13:47:22,371 [590e72f5-e0a8-4a6b-9708-265ca50c2b50-server-thread1] INFO  ratis.XceiverServerRatis (XceiverServerRatis.java:handleLeaderChangedNotification(966)) - Leader change notification received for group: group-D6EBA2FAC503 with new leaderId: 88d255ec-0e94-4950-ab45-ac807e327f1f
2024-04-16 13:47:22,376 [590e72f5-e0a8-4a6b-9708-265ca50c2b50-server-thread1] INFO  server.RaftServer$Division (ServerState.java:setLeader(269)) - 590e72f5-e0a8-4a6b-9708-265ca50c2b50@group-D6EBA2FAC503: change Leader from null to 88d255ec-0e94-4950-ab45-ac807e327f1f at term 1 for appendEntries, leader elected after 5262ms
2024-04-16 13:47:22,381 [590e72f5-e0a8-4a6b-9708-265ca50c2b50-server-thread2] INFO  server.RaftServer$Division (ServerState.java:setRaftConf(386)) - 590e72f5-e0a8-4a6b-9708-265ca50c2b50@group-D6EBA2FAC503: set configuration 0: peers:[db959189-86db-424f-9228-dcd46ac5d3ef|10.1.0.24:15046, 590e72f5-e0a8-4a6b-9708-265ca50c2b50|10.1.0.24:15064, 88d255ec-0e94-4950-ab45-ac807e327f1f|10.1.0.24:15055]|listeners:[], old=null
2024-04-16 13:47:22,381 [590e72f5-e0a8-4a6b-9708-265ca50c2b50-server-thread2] INFO  segmented.SegmentedRaftLogWorker (SegmentedRaftLogWorker.java:startLogSegment(430)) - 590e72f5-e0a8-4a6b-9708-265ca50c2b50@group-D6EBA2FAC503-SegmentedRaftLogWorker: Starting segment from index:0
2024-04-16 13:47:22,381 [db959189-86db-424f-9228-dcd46ac5d3ef@group-D6EBA2FAC503-SegmentedRaftLogWorker] INFO  segmented.SegmentedRaftLogWorker (SegmentedRaftLogWorker.java:execute(634)) - db959189-86db-424f-9228-dcd46ac5d3ef@group-D6EBA2FAC503-SegmentedRaftLogWorker: created new log segment /home/runner/work/ozone/ozone/hadoop-ozone/integration-test/target/test-dir/MiniOzoneClusterImpl-f0f26617-5c27-4371-b446-298ac6c8687b/ozone-meta/datanode-1/ratis/1a146aba-1d5e-4ce9-9ab1-d6eba2fac503/current/log_inprogress_0
2024-04-16 13:47:22,382 [590e72f5-e0a8-4a6b-9708-265ca50c2b50@group-D6EBA2FAC503-SegmentedRaftLogWorker] INFO  segmented.BufferedWriteChannel (BufferedWriteChannel.java:open(62)) - open log_inprogress_0 at position 0
2024-04-16 13:47:22,389 [88d255ec-0e94-4950-ab45-ac807e327f1f@group-D6EBA2FAC503-StateMachineUpdater] INFO  server.RaftServer$Division (LeaderStateImpl.java:isApplied(320)) - leader is ready since appliedIndex == 0 >= startIndex == 0
2024-04-16 13:47:22,393 [590e72f5-e0a8-4a6b-9708-265ca50c2b50@group-D6EBA2FAC503-SegmentedRaftLogWorker] INFO  segmented.SegmentedRaftLogWorker (SegmentedRaftLogWorker.java:execute(634)) - 590e72f5-e0a8-4a6b-9708-265ca50c2b50@group-D6EBA2FAC503-SegmentedRaftLogWorker: created new log segment /home/runner/work/ozone/ozone/hadoop-ozone/integration-test/target/test-dir/MiniOzoneClusterImpl-f0f26617-5c27-4371-b446-298ac6c8687b/ozone-meta/datanode-3/ratis/1a146aba-1d5e-4ce9-9ab1-d6eba2fac503/current/log_inprogress_0
2024-04-16 13:47:22,481 [88d255ec-0e94-4950-ab45-ac807e327f1f@group-E0749F99CAE6-FollowerState] INFO  impl.FollowerState (FollowerState.java:run(143)) - 88d255ec-0e94-4950-ab45-ac807e327f1f@group-E0749F99CAE6-FollowerState: change to CANDIDATE, lastRpcElapsedTime:5187338937ns, electionTimeout:5182ms
2024-04-16 13:47:22,481 [88d255ec-0e94-4950-ab45-ac807e327f1f@group-E0749F99CAE6-FollowerState] INFO  impl.RoleInfo (RoleInfo.java:shutdownFollowerState(110)) - 88d255ec-0e94-4950-ab45-ac807e327f1f: shutdown 88d255ec-0e94-4950-ab45-ac807e327f1f@group-E0749F99CAE6-FollowerState
2024-04-16 13:47:22,481 [88d255ec-0e94-4950-ab45-ac807e327f1f@group-E0749F99CAE6-FollowerState] INFO  server.RaftServer$Division (RaftServerImpl.java:setRole(383)) - 88d255ec-0e94-4950-ab45-ac807e327f1f@group-E0749F99CAE6: changes role from  FOLLOWER to CANDIDATE at term 0 for changeToCandidate
2024-04-16 13:47:22,483 [88d255ec-0e94-4950-ab45-ac807e327f1f@group-E0749F99CAE6-FollowerState] INFO  server.RaftServerConfigKeys (ConfUtils.java:logGet(46)) - raft.server.leaderelection.pre-vote = true (default)
2024-04-16 13:47:22,483 [88d255ec-0e94-4950-ab45-ac807e327f1f@group-E0749F99CAE6-FollowerState] INFO  impl.RoleInfo (RoleInfo.java:updateAndGet(139)) - 88d255ec-0e94-4950-ab45-ac807e327f1f: start 88d255ec-0e94-4950-ab45-ac807e327f1f@group-E0749F99CAE6-LeaderElection9
2024-04-16 13:47:22,486 [88d255ec-0e94-4950-ab45-ac807e327f1f@group-E0749F99CAE6-LeaderElection9] INFO  impl.LeaderElection (LeaderElection.java:askForVotes(321)) - 88d255ec-0e94-4950-ab45-ac807e327f1f@group-E0749F99CAE6-LeaderElection9 PRE_VOTE round 0: submit vote requests at term 0 for -1: peers:[88d255ec-0e94-4950-ab45-ac807e327f1f|10.1.0.24:15055]|listeners:[], old=null
2024-04-16 13:47:22,487 [88d255ec-0e94-4950-ab45-ac807e327f1f@group-E0749F99CAE6-LeaderElection9] INFO  impl.LeaderElection (LeaderElection.java:askForVotes(323)) - 88d255ec-0e94-4950-ab45-ac807e327f1f@group-E0749F99CAE6-LeaderElection9 PRE_VOTE round 0: result PASSED (term=0)
2024-04-16 13:47:22,488 [88d255ec-0e94-4950-ab45-ac807e327f1f@group-E0749F99CAE6-LeaderElection9] INFO  impl.LeaderElection (LeaderElection.java:askForVotes(321)) - 88d255ec-0e94-4950-ab45-ac807e327f1f@group-E0749F99CAE6-LeaderElection9 ELECTION round 0: submit vote requests at term 1 for -1: peers:[88d255ec-0e94-4950-ab45-ac807e327f1f|10.1.0.24:15055]|listeners:[], old=null
2024-04-16 13:47:22,488 [88d255ec-0e94-4950-ab45-ac807e327f1f@group-E0749F99CAE6-LeaderElection9] INFO  impl.LeaderElection (LeaderElection.java:askForVotes(323)) - 88d255ec-0e94-4950-ab45-ac807e327f1f@group-E0749F99CAE6-LeaderElection9 ELECTION round 0: result PASSED (term=1)
2024-04-16 13:47:22,489 [88d255ec-0e94-4950-ab45-ac807e327f1f@group-E0749F99CAE6-LeaderElection9] INFO  impl.RoleInfo (RoleInfo.java:shutdownLeaderElection(130)) - 88d255ec-0e94-4950-ab45-ac807e327f1f: shutdown 88d255ec-0e94-4950-ab45-ac807e327f1f@group-E0749F99CAE6-LeaderElection9
2024-04-16 13:47:22,489 [88d255ec-0e94-4950-ab45-ac807e327f1f@group-E0749F99CAE6-LeaderElection9] INFO  server.RaftServer$Division (RaftServerImpl.java:setRole(383)) - 88d255ec-0e94-4950-ab45-ac807e327f1f@group-E0749F99CAE6: changes role from CANDIDATE to LEADER at term 1 for changeToLeader
2024-04-16 13:47:22,489 [88d255ec-0e94-4950-ab45-ac807e327f1f@group-E0749F99CAE6-LeaderElection9] INFO  server.RaftServerConfigKeys (ConfUtils.java:logGet(46)) - raft.server.staging.catchup.gap = 1000 (default)
2024-04-16 13:47:22,489 [88d255ec-0e94-4950-ab45-ac807e327f1f@group-E0749F99CAE6-LeaderElection9] INFO  server.RaftServerConfigKeys (ConfUtils.java:logGet(46)) - raft.server.write.element-limit = 1024 (custom)
2024-04-16 13:47:22,489 [88d255ec-0e94-4950-ab45-ac807e327f1f@group-E0749F99CAE6-LeaderElection9] INFO  server.RaftServerConfigKeys (ConfUtils.java:logGet(46)) - raft.server.write.byte-limit = 1024 M (=1073741824) (custom)
2024-04-16 13:47:22,490 [88d255ec-0e94-4950-ab45-ac807e327f1f@group-E0749F99CAE6-LeaderElection9] INFO  server.RaftServerConfigKeys (ConfUtils.java:logGet(46)) - raft.server.watch.timeout = 180s (custom)
2024-04-16 13:47:22,490 [88d255ec-0e94-4950-ab45-ac807e327f1f@group-E0749F99CAE6-LeaderElection9] INFO  server.RaftServerConfigKeys (ConfUtils.java:logGet(46)) - raft.server.watch.timeout.denomination = 1s (default)
2024-04-16 13:47:22,490 [88d255ec-0e94-4950-ab45-ac807e327f1f@group-E0749F99CAE6-LeaderElection9] INFO  server.RaftServerConfigKeys (ConfUtils.java:logGet(46)) - raft.server.watch.element-limit = 65536 (default)
2024-04-16 13:47:22,491 [88d255ec-0e94-4950-ab45-ac807e327f1f@group-E0749F99CAE6-LeaderElection9] INFO  server.RaftServerConfigKeys (ConfUtils.java:logGet(46)) - raft.server.read.leader.lease.enabled = false (default)
2024-04-16 13:47:22,491 [88d255ec-0e94-4950-ab45-ac807e327f1f@group-E0749F99CAE6-LeaderElection9] INFO  server.RaftServerConfigKeys (ConfUtils.java:logGet(46)) - raft.server.read.leader.lease.timeout.ratio = 0.9 (default)
2024-04-16 13:47:22,491 [88d255ec-0e94-4950-ab45-ac807e327f1f@group-E0749F99CAE6-LeaderElection9] INFO  server.RaftServerConfigKeys (ConfUtils.java:logGet(46)) - raft.server.rpc.timeout.min = 5s (custom)
2024-04-16 13:47:22,491 [88d255ec-0e94-4950-ab45-ac807e327f1f@group-E0749F99CAE6-LeaderElection9] INFO  server.RaftServerConfigKeys (ConfUtils.java:logGet(46)) - raft.server.write.element-limit = 1024 (custom)
2024-04-16 13:47:22,491 [88d255ec-0e94-4950-ab45-ac807e327f1f@group-E0749F99CAE6-LeaderElection9] INFO  server.RaftServerConfigKeys (ConfUtils.java:logGet(46)) - raft.server.write.follower.gap.ratio.max = -1.0 (default)
2024-04-16 13:47:22,491 [88d255ec-0e94-4950-ab45-ac807e327f1f@group-E0749F99CAE6-LeaderElection9] INFO  impl.RoleInfo (RoleInfo.java:updateAndGet(139)) - 88d255ec-0e94-4950-ab45-ac807e327f1f: start 88d255ec-0e94-4950-ab45-ac807e327f1f@group-E0749F99CAE6-LeaderStateImpl
2024-04-16 13:47:22,492 [88d255ec-0e94-4950-ab45-ac807e327f1f@group-E0749F99CAE6-LeaderElection9] INFO  server.RaftServer$Division (RaftServerImpl.java:setFirstElection(574)) - 88d255ec-0e94-4950-ab45-ac807e327f1f@group-E0749F99CAE6: set firstElectionSinceStartup to false for becomeLeader
2024-04-16 13:47:22,492 [88d255ec-0e94-4950-ab45-ac807e327f1f@group-E0749F99CAE6-LeaderElection9] INFO  ratis.XceiverServerRatis (XceiverServerRatis.java:handleLeaderChangedNotification(966)) - Leader change notification received for group: group-E0749F99CAE6 with new leaderId: 88d255ec-0e94-4950-ab45-ac807e327f1f
2024-04-16 13:47:22,492 [88d255ec-0e94-4950-ab45-ac807e327f1f@group-E0749F99CAE6-LeaderElection9] INFO  server.RaftServer$Division (ServerState.java:setLeader(269)) - 88d255ec-0e94-4950-ab45-ac807e327f1f@group-E0749F99CAE6: change Leader from null to 88d255ec-0e94-4950-ab45-ac807e327f1f at term 1 for becomeLeader, leader elected after 5215ms
2024-04-16 13:47:22,492 [88d255ec-0e94-4950-ab45-ac807e327f1f@group-E0749F99CAE6-LeaderElection9] INFO  segmented.SegmentedRaftLogWorker (SegmentedRaftLogWorker.java:startLogSegment(430)) - 88d255ec-0e94-4950-ab45-ac807e327f1f@group-E0749F99CAE6-SegmentedRaftLogWorker: Starting segment from index:0
2024-04-16 13:47:22,493 [88d255ec-0e94-4950-ab45-ac807e327f1f@group-E0749F99CAE6-SegmentedRaftLogWorker] INFO  segmented.BufferedWriteChannel (BufferedWriteChannel.java:open(62)) - open log_inprogress_0 at position 0
2024-04-16 13:47:22,499 [88d255ec-0e94-4950-ab45-ac807e327f1f@group-E0749F99CAE6-LeaderElection9] INFO  server.RaftServer$Division (ServerState.java:setRaftConf(386)) - 88d255ec-0e94-4950-ab45-ac807e327f1f@group-E0749F99CAE6: set configuration 0: peers:[88d255ec-0e94-4950-ab45-ac807e327f1f|10.1.0.24:15055]|listeners:[], old=null
2024-04-16 13:47:22,502 [88d255ec-0e94-4950-ab45-ac807e327f1f@group-E0749F99CAE6-SegmentedRaftLogWorker] INFO  segmented.SegmentedRaftLogWorker (SegmentedRaftLogWorker.java:execute(634)) - 88d255ec-0e94-4950-ab45-ac807e327f1f@group-E0749F99CAE6-SegmentedRaftLogWorker: created new log segment /home/runner/work/ozone/ozone/hadoop-ozone/integration-test/target/test-dir/MiniOzoneClusterImpl-f0f26617-5c27-4371-b446-298ac6c8687b/ozone-meta/datanode-2/ratis/64026b80-5b47-4e57-bd68-e0749f99cae6/current/log_inprogress_0
2024-04-16 13:47:22,504 [88d255ec-0e94-4950-ab45-ac807e327f1f@group-E0749F99CAE6-StateMachineUpdater] INFO  server.RaftServer$Division (LeaderStateImpl.java:isApplied(320)) - leader is ready since appliedIndex == 0 >= startIndex == 0
2024-04-16 13:47:22,779 [main] INFO  ozone.MiniOzoneClusterImpl (MiniOzoneClusterImpl.java:lambda$waitForClusterToBeReady$0(194)) - Nodes are ready. Got 3 of 3 DN Heartbeats.
2024-04-16 13:47:22,779 [main] INFO  ozone.MiniOzoneClusterImpl (MiniOzoneClusterImpl.java:lambda$waitForClusterToBeReady$0(197)) - Cluster exits safe mode
2024-04-16 13:47:22,779 [main] INFO  ozone.MiniOzoneClusterImpl (MiniOzoneClusterImpl.java:lambda$waitForClusterToBeReady$0(199)) - SCM became leader
2024-04-16 13:47:22,782 [pool-1-thread-2] INFO  request.KdcRequest (KdcRequest.java:preauth(651)) - The preauth data is empty.
2024-04-16 13:47:22,782 [pool-1-thread-2] INFO  server.KdcHandler (KdcHandler.java:handleRecoverableException(177)) - KRB error occurred while processing request:Additional pre-authentication required
2024-04-16 13:47:22,787 [pool-1-thread-2] INFO  request.AsRequest (AsRequest.java:issueTicket(112)) - AS_REQ ISSUE: authtime 1713275242787,scm/fv-az1428-817.utppd1leec2uvmgjoennxb5ynh.ex.internal.cloudapp.net@EXAMPLE.COM for krbtgt/EXAMPLE.COM@EXAMPLE.COM
2024-04-16 13:47:22,790 [main] INFO  ha.SCMNodeInfo (SCMNodeInfo.java:getPort(197)) - ConfigKey ozone.scm.client.address is deprecated, For configuring different ports for each SCM use PortConfigKey ozone.scm.client.port appended with serviceId and nodeId
2024-04-16 13:47:22,791 [main] INFO  ha.SCMNodeInfo (SCMNodeInfo.java:getPort(197)) - ConfigKey ozone.scm.block.client.address is deprecated, For configuring different ports for each SCM use PortConfigKey ozone.scm.block.client.port appended with serviceId and nodeId
2024-04-16 13:47:22,791 [main] INFO  ha.SCMNodeInfo (SCMNodeInfo.java:getPort(197)) - ConfigKey ozone.scm.security.service.address is deprecated, For configuring different ports for each SCM use PortConfigKey ozone.scm.security.service.port appended with serviceId and nodeId
2024-04-16 13:47:22,791 [main] INFO  ha.SCMNodeInfo (SCMNodeInfo.java:getPort(197)) - ConfigKey ozone.scm.datanode.address is deprecated, For configuring different ports for each SCM use PortConfigKey ozone.scm.datanode.port appended with serviceId and nodeId
2024-04-16 13:47:22,791 [main] INFO  ha.SCMNodeInfo (SCMNodeInfo.java:getPort(197)) - ConfigKey ozone.scm.client.address is deprecated, For configuring different ports for each SCM use PortConfigKey ozone.scm.client.port appended with serviceId and nodeId
2024-04-16 13:47:22,791 [main] INFO  ha.SCMNodeInfo (SCMNodeInfo.java:getPort(197)) - ConfigKey ozone.scm.block.client.address is deprecated, For configuring different ports for each SCM use PortConfigKey ozone.scm.block.client.port appended with serviceId and nodeId
2024-04-16 13:47:22,792 [main] INFO  ha.SCMNodeInfo (SCMNodeInfo.java:getPort(197)) - ConfigKey ozone.scm.security.service.address is deprecated, For configuring different ports for each SCM use PortConfigKey ozone.scm.security.service.port appended with serviceId and nodeId
2024-04-16 13:47:22,792 [590e72f5-e0a8-4a6b-9708-265ca50c2b50@group-0E048453A2BF-FollowerState] INFO  impl.FollowerState (FollowerState.java:run(143)) - 590e72f5-e0a8-4a6b-9708-265ca50c2b50@group-0E048453A2BF-FollowerState: change to CANDIDATE, lastRpcElapsedTime:5055583809ns, electionTimeout:5052ms
2024-04-16 13:47:22,792 [590e72f5-e0a8-4a6b-9708-265ca50c2b50@group-0E048453A2BF-FollowerState] INFO  impl.RoleInfo (RoleInfo.java:shutdownFollowerState(110)) - 590e72f5-e0a8-4a6b-9708-265ca50c2b50: shutdown 590e72f5-e0a8-4a6b-9708-265ca50c2b50@group-0E048453A2BF-FollowerState
2024-04-16 13:47:22,792 [590e72f5-e0a8-4a6b-9708-265ca50c2b50@group-0E048453A2BF-FollowerState] INFO  server.RaftServer$Division (RaftServerImpl.java:setRole(383)) - 590e72f5-e0a8-4a6b-9708-265ca50c2b50@group-0E048453A2BF: changes role from  FOLLOWER to CANDIDATE at term 0 for changeToCandidate
2024-04-16 13:47:22,792 [main] INFO  ha.SCMNodeInfo (SCMNodeInfo.java:getPort(197)) - ConfigKey ozone.scm.datanode.address is deprecated, For configuring different ports for each SCM use PortConfigKey ozone.scm.datanode.port appended with serviceId and nodeId
2024-04-16 13:47:22,794 [590e72f5-e0a8-4a6b-9708-265ca50c2b50@group-0E048453A2BF-FollowerState] INFO  server.RaftServerConfigKeys (ConfUtils.java:logGet(46)) - raft.server.leaderelection.pre-vote = true (default)
2024-04-16 13:47:22,794 [590e72f5-e0a8-4a6b-9708-265ca50c2b50@group-0E048453A2BF-FollowerState] INFO  impl.RoleInfo (RoleInfo.java:updateAndGet(139)) - 590e72f5-e0a8-4a6b-9708-265ca50c2b50: start 590e72f5-e0a8-4a6b-9708-265ca50c2b50@group-0E048453A2BF-LeaderElection10
2024-04-16 13:47:22,794 [main] INFO  ha.SCMNodeInfo (SCMNodeInfo.java:getPort(197)) - ConfigKey ozone.scm.client.address is deprecated, For configuring different ports for each SCM use PortConfigKey ozone.scm.client.port appended with serviceId and nodeId
2024-04-16 13:47:22,801 [main] INFO  ha.SCMNodeInfo (SCMNodeInfo.java:getPort(197)) - ConfigKey ozone.scm.block.client.address is deprecated, For configuring different ports for each SCM use PortConfigKey ozone.scm.block.client.port appended with serviceId and nodeId
2024-04-16 13:47:22,801 [main] INFO  ha.SCMNodeInfo (SCMNodeInfo.java:getPort(197)) - ConfigKey ozone.scm.security.service.address is deprecated, For configuring different ports for each SCM use PortConfigKey ozone.scm.security.service.port appended with serviceId and nodeId
2024-04-16 13:47:22,801 [main] INFO  ha.SCMNodeInfo (SCMNodeInfo.java:getPort(197)) - ConfigKey ozone.scm.datanode.address is deprecated, For configuring different ports for each SCM use PortConfigKey ozone.scm.datanode.port appended with serviceId and nodeId
2024-04-16 13:47:22,801 [590e72f5-e0a8-4a6b-9708-265ca50c2b50@group-0E048453A2BF-LeaderElection10] INFO  impl.LeaderElection (LeaderElection.java:askForVotes(321)) - 590e72f5-e0a8-4a6b-9708-265ca50c2b50@group-0E048453A2BF-LeaderElection10 PRE_VOTE round 0: submit vote requests at term 0 for -1: peers:[590e72f5-e0a8-4a6b-9708-265ca50c2b50|10.1.0.24:15064]|listeners:[], old=null
2024-04-16 13:47:22,804 [590e72f5-e0a8-4a6b-9708-265ca50c2b50@group-0E048453A2BF-LeaderElection10] INFO  impl.LeaderElection (LeaderElection.java:askForVotes(323)) - 590e72f5-e0a8-4a6b-9708-265ca50c2b50@group-0E048453A2BF-LeaderElection10 PRE_VOTE round 0: result PASSED (term=0)
2024-04-16 13:47:22,806 [590e72f5-e0a8-4a6b-9708-265ca50c2b50@group-0E048453A2BF-LeaderElection10] INFO  impl.LeaderElection (LeaderElection.java:askForVotes(321)) - 590e72f5-e0a8-4a6b-9708-265ca50c2b50@group-0E048453A2BF-LeaderElection10 ELECTION round 0: submit vote requests at term 1 for -1: peers:[590e72f5-e0a8-4a6b-9708-265ca50c2b50|10.1.0.24:15064]|listeners:[], old=null
2024-04-16 13:47:22,807 [590e72f5-e0a8-4a6b-9708-265ca50c2b50@group-0E048453A2BF-LeaderElection10] INFO  impl.LeaderElection (LeaderElection.java:askForVotes(323)) - 590e72f5-e0a8-4a6b-9708-265ca50c2b50@group-0E048453A2BF-LeaderElection10 ELECTION round 0: result PASSED (term=1)
2024-04-16 13:47:22,807 [590e72f5-e0a8-4a6b-9708-265ca50c2b50@group-0E048453A2BF-LeaderElection10] INFO  impl.RoleInfo (RoleInfo.java:shutdownLeaderElection(130)) - 590e72f5-e0a8-4a6b-9708-265ca50c2b50: shutdown 590e72f5-e0a8-4a6b-9708-265ca50c2b50@group-0E048453A2BF-LeaderElection10
2024-04-16 13:47:22,807 [590e72f5-e0a8-4a6b-9708-265ca50c2b50@group-0E048453A2BF-LeaderElection10] INFO  server.RaftServer$Division (RaftServerImpl.java:setRole(383)) - 590e72f5-e0a8-4a6b-9708-265ca50c2b50@group-0E048453A2BF: changes role from CANDIDATE to LEADER at term 1 for changeToLeader
2024-04-16 13:47:22,807 [590e72f5-e0a8-4a6b-9708-265ca50c2b50@group-0E048453A2BF-LeaderElection10] INFO  server.RaftServerConfigKeys (ConfUtils.java:logGet(46)) - raft.server.staging.catchup.gap = 1000 (default)
2024-04-16 13:47:22,807 [pool-1-thread-2] INFO  request.TgsRequest (TgsRequest.java:issueTicket(115)) - TGS_REQ ISSUE: authtime 1713275242807,scm/fv-az1428-817.utppd1leec2uvmgjoennxb5ynh.ex.internal.cloudapp.net for scm/fv-az1428-817.utppd1leec2uvmgjoennxb5ynh.ex.internal.cloudapp.net@EXAMPLE.COM
2024-04-16 13:47:22,807 [590e72f5-e0a8-4a6b-9708-265ca50c2b50@group-0E048453A2BF-LeaderElection10] INFO  server.RaftServerConfigKeys (ConfUtils.java:logGet(46)) - raft.server.write.element-limit = 1024 (custom)
2024-04-16 13:47:22,808 [590e72f5-e0a8-4a6b-9708-265ca50c2b50@group-0E048453A2BF-LeaderElection10] INFO  server.RaftServerConfigKeys (ConfUtils.java:logGet(46)) - raft.server.write.byte-limit = 1024 M (=1073741824) (custom)
2024-04-16 13:47:22,808 [590e72f5-e0a8-4a6b-9708-265ca50c2b50@group-0E048453A2BF-LeaderElection10] INFO  server.RaftServerConfigKeys (ConfUtils.java:logGet(46)) - raft.server.watch.timeout = 180s (custom)
2024-04-16 13:47:22,810 [590e72f5-e0a8-4a6b-9708-265ca50c2b50@group-0E048453A2BF-LeaderElection10] INFO  server.RaftServerConfigKeys (ConfUtils.java:logGet(46)) - raft.server.watch.timeout.denomination = 1s (default)
2024-04-16 13:47:22,810 [590e72f5-e0a8-4a6b-9708-265ca50c2b50@group-0E048453A2BF-LeaderElection10] INFO  server.RaftServerConfigKeys (ConfUtils.java:logGet(46)) - raft.server.watch.element-limit = 65536 (default)
2024-04-16 13:47:22,810 [590e72f5-e0a8-4a6b-9708-265ca50c2b50@group-0E048453A2BF-LeaderElection10] INFO  server.RaftServerConfigKeys (ConfUtils.java:logGet(46)) - raft.server.read.leader.lease.enabled = false (default)
2024-04-16 13:47:22,810 [590e72f5-e0a8-4a6b-9708-265ca50c2b50@group-0E048453A2BF-LeaderElection10] INFO  server.RaftServerConfigKeys (ConfUtils.java:logGet(46)) - raft.server.read.leader.lease.timeout.ratio = 0.9 (default)
2024-04-16 13:47:22,811 [590e72f5-e0a8-4a6b-9708-265ca50c2b50@group-0E048453A2BF-LeaderElection10] INFO  server.RaftServerConfigKeys (ConfUtils.java:logGet(46)) - raft.server.rpc.timeout.min = 5s (custom)
2024-04-16 13:47:22,811 [590e72f5-e0a8-4a6b-9708-265ca50c2b50@group-0E048453A2BF-LeaderElection10] INFO  server.RaftServerConfigKeys (ConfUtils.java:logGet(46)) - raft.server.write.element-limit = 1024 (custom)
2024-04-16 13:47:22,811 [590e72f5-e0a8-4a6b-9708-265ca50c2b50@group-0E048453A2BF-LeaderElection10] INFO  server.RaftServerConfigKeys (ConfUtils.java:logGet(46)) - raft.server.write.follower.gap.ratio.max = -1.0 (default)
2024-04-16 13:47:22,811 [590e72f5-e0a8-4a6b-9708-265ca50c2b50@group-0E048453A2BF-LeaderElection10] INFO  impl.RoleInfo (RoleInfo.java:updateAndGet(139)) - 590e72f5-e0a8-4a6b-9708-265ca50c2b50: start 590e72f5-e0a8-4a6b-9708-265ca50c2b50@group-0E048453A2BF-LeaderStateImpl
2024-04-16 13:47:22,811 [590e72f5-e0a8-4a6b-9708-265ca50c2b50@group-0E048453A2BF-LeaderElection10] INFO  server.RaftServer$Division (RaftServerImpl.java:setFirstElection(574)) - 590e72f5-e0a8-4a6b-9708-265ca50c2b50@group-0E048453A2BF: set firstElectionSinceStartup to false for becomeLeader
2024-04-16 13:47:22,811 [590e72f5-e0a8-4a6b-9708-265ca50c2b50@group-0E048453A2BF-LeaderElection10] INFO  ratis.XceiverServerRatis (XceiverServerRatis.java:handleLeaderChangedNotification(966)) - Leader change notification received for group: group-0E048453A2BF with new leaderId: 590e72f5-e0a8-4a6b-9708-265ca50c2b50
2024-04-16 13:47:22,812 [590e72f5-e0a8-4a6b-9708-265ca50c2b50@group-0E048453A2BF-LeaderElection10] INFO  server.RaftServer$Division (ServerState.java:setLeader(269)) - 590e72f5-e0a8-4a6b-9708-265ca50c2b50@group-0E048453A2BF: change Leader from null to 590e72f5-e0a8-4a6b-9708-265ca50c2b50 at term 1 for becomeLeader, leader elected after 5107ms
2024-04-16 13:47:22,812 [590e72f5-e0a8-4a6b-9708-265ca50c2b50@group-0E048453A2BF-LeaderElection10] INFO  segmented.SegmentedRaftLogWorker (SegmentedRaftLogWorker.java:startLogSegment(430)) - 590e72f5-e0a8-4a6b-9708-265ca50c2b50@group-0E048453A2BF-SegmentedRaftLogWorker: Starting segment from index:0
2024-04-16 13:47:22,812 [590e72f5-e0a8-4a6b-9708-265ca50c2b50@group-0E048453A2BF-SegmentedRaftLogWorker] INFO  segmented.BufferedWriteChannel (BufferedWriteChannel.java:open(62)) - open log_inprogress_0 at position 0
2024-04-16 13:47:22,814 [590e72f5-e0a8-4a6b-9708-265ca50c2b50@group-0E048453A2BF-LeaderElection10] INFO  server.RaftServer$Division (ServerState.java:setRaftConf(386)) - 590e72f5-e0a8-4a6b-9708-265ca50c2b50@group-0E048453A2BF: set configuration 0: peers:[590e72f5-e0a8-4a6b-9708-265ca50c2b50|10.1.0.24:15064]|listeners:[], old=null
2024-04-16 13:47:22,815 [scmNode-1-SecretKeyManagerService] INFO  symmetric.SecretKeyManager (SecretKeyManager.java:checkAndRotate(125)) - SecretKey rotation is happening, new key generated SecretKey(id = b075509b-09b9-44bf-8347-f5fdcd9b9560, creation at: 2024-04-16T13:47:22.815Z, expire at: 2024-04-16T13:47:25.815Z)
2024-04-16 13:47:22,823 [590e72f5-e0a8-4a6b-9708-265ca50c2b50@group-0E048453A2BF-SegmentedRaftLogWorker] INFO  segmented.SegmentedRaftLogWorker (SegmentedRaftLogWorker.java:execute(634)) - 590e72f5-e0a8-4a6b-9708-265ca50c2b50@group-0E048453A2BF-SegmentedRaftLogWorker: created new log segment /home/runner/work/ozone/ozone/hadoop-ozone/integration-test/target/test-dir/MiniOzoneClusterImpl-f0f26617-5c27-4371-b446-298ac6c8687b/ozone-meta/datanode-3/ratis/169aeb86-d283-4a13-b667-0e048453a2bf/current/log_inprogress_0
2024-04-16 13:47:22,824 [590e72f5-e0a8-4a6b-9708-265ca50c2b50@group-0E048453A2BF-StateMachineUpdater] INFO  server.RaftServer$Division (LeaderStateImpl.java:isApplied(320)) - leader is ready since appliedIndex == 0 >= startIndex == 0
2024-04-16 13:47:22,825 [Socket Reader #1 for port 15002] INFO  ipc.Server (Server.java:saslProcess(2139)) - Auth successful for scm/fv-az1428-817.utppd1leec2uvmgjoennxb5ynh.ex.internal.cloudapp.net@EXAMPLE.COM (auth:KERBEROS) from fv-az1428-817.utppd1leec2uvmgjoennxb5ynh.ex.internal.cloudapp.net:36147 / 10.1.0.24:36147
2024-04-16 13:47:22,833 [Socket Reader #1 for port 15002] INFO  authorize.ServiceAuthorizationManager (ServiceAuthorizationManager.java:authorize(137)) - Authorization successful for scm/fv-az1428-817.utppd1leec2uvmgjoennxb5ynh.ex.internal.cloudapp.net@EXAMPLE.COM (auth:KERBEROS) for protocol=interface org.apache.hadoop.hdds.protocol.SecretKeyProtocolDatanode
2024-04-16 13:47:22,837 [8dded7e3-77f4-42cf-91f8-4014f88a5819@group-298AC6C8687B-StateMachineUpdater] INFO  symmetric.SecretKeyStateImpl (SecretKeyStateImpl.java:updateKeysInternal(113)) - Updating keys with [SecretKey(id = 82afe7e5-2fb1-4675-be72-572d902ff3be, creation at: 2024-04-16T13:47:21.815Z, expire at: 2024-04-16T13:47:24.815Z), SecretKey(id = 162a4aee-bb2a-4266-8410-0db1b6bd06a9, creation at: 2024-04-16T13:47:20.815Z, expire at: 2024-04-16T13:47:23.815Z), SecretKey(id = 8ba88e7c-a4c0-4948-a63b-3e07000639e4, creation at: 2024-04-16T13:47:19.815Z, expire at: 2024-04-16T13:47:22.815Z), SecretKey(id = b075509b-09b9-44bf-8347-f5fdcd9b9560, creation at: 2024-04-16T13:47:22.815Z, expire at: 2024-04-16T13:47:25.815Z)]
2024-04-16 13:47:22,841 [8dded7e3-77f4-42cf-91f8-4014f88a5819@group-298AC6C8687B-StateMachineUpdater] INFO  symmetric.SecretKeyStateImpl (SecretKeyStateImpl.java:updateKeysInternal(128)) - Current key updated SecretKey(id = b075509b-09b9-44bf-8347-f5fdcd9b9560, creation at: 2024-04-16T13:47:22.815Z, expire at: 2024-04-16T13:47:25.815Z)
2024-04-16 13:47:22,842 [8dded7e3-77f4-42cf-91f8-4014f88a5819@group-298AC6C8687B-StateMachineUpdater] INFO  symmetric.LocalSecretKeyStore (LocalSecretKeyStore.java:save(109)) - Saved [SecretKey(id = b075509b-09b9-44bf-8347-f5fdcd9b9560, creation at: 2024-04-16T13:47:22.815Z, expire at: 2024-04-16T13:47:25.815Z), SecretKey(id = 82afe7e5-2fb1-4675-be72-572d902ff3be, creation at: 2024-04-16T13:47:21.815Z, expire at: 2024-04-16T13:47:24.815Z), SecretKey(id = 162a4aee-bb2a-4266-8410-0db1b6bd06a9, creation at: 2024-04-16T13:47:20.815Z, expire at: 2024-04-16T13:47:23.815Z), SecretKey(id = 8ba88e7c-a4c0-4948-a63b-3e07000639e4, creation at: 2024-04-16T13:47:19.815Z, expire at: 2024-04-16T13:47:22.815Z)] to file /home/runner/work/ozone/ozone/hadoop-ozone/integration-test/target/test-dir/MiniOzoneClusterImpl-f0f26617-5c27-4371-b446-298ac6c8687b/scmNode-1/scm/keys/secret_keys.json
2024-04-16 13:47:22,843 [e74c9e3a-193e-4dbb-b5f5-b6805398d140@group-298AC6C8687B-StateMachineUpdater] INFO  symmetric.SecretKeyStateImpl (SecretKeyStateImpl.java:updateKeysInternal(113)) - Updating keys with [SecretKey(id = 82afe7e5-2fb1-4675-be72-572d902ff3be, creation at: 2024-04-16T13:47:21.815Z, expire at: 2024-04-16T13:47:24.815Z), SecretKey(id = 162a4aee-bb2a-4266-8410-0db1b6bd06a9, creation at: 2024-04-16T13:47:20.815Z, expire at: 2024-04-16T13:47:23.815Z), SecretKey(id = 8ba88e7c-a4c0-4948-a63b-3e07000639e4, creation at: 2024-04-16T13:47:19.815Z, expire at: 2024-04-16T13:47:22.815Z), SecretKey(id = b075509b-09b9-44bf-8347-f5fdcd9b9560, creation at: 2024-04-16T13:47:22.815Z, expire at: 2024-04-16T13:47:25.815Z)]
2024-04-16 13:47:22,843 [e74c9e3a-193e-4dbb-b5f5-b6805398d140@group-298AC6C8687B-StateMachineUpdater] INFO  symmetric.SecretKeyStateImpl (SecretKeyStateImpl.java:updateKeysInternal(128)) - Current key updated SecretKey(id = b075509b-09b9-44bf-8347-f5fdcd9b9560, creation at: 2024-04-16T13:47:22.815Z, expire at: 2024-04-16T13:47:25.815Z)
2024-04-16 13:47:22,843 [e74c9e3a-193e-4dbb-b5f5-b6805398d140@group-298AC6C8687B-StateMachineUpdater] INFO  symmetric.LocalSecretKeyStore (LocalSecretKeyStore.java:save(109)) - Saved [SecretKey(id = b075509b-09b9-44bf-8347-f5fdcd9b9560, creation at: 2024-04-16T13:47:22.815Z, expire at: 2024-04-16T13:47:25.815Z), SecretKey(id = 82afe7e5-2fb1-4675-be72-572d902ff3be, creation at: 2024-04-16T13:47:21.815Z, expire at: 2024-04-16T13:47:24.815Z), SecretKey(id = 162a4aee-bb2a-4266-8410-0db1b6bd06a9, creation at: 2024-04-16T13:47:20.815Z, expire at: 2024-04-16T13:47:23.815Z), SecretKey(id = 8ba88e7c-a4c0-4948-a63b-3e07000639e4, creation at: 2024-04-16T13:47:19.815Z, expire at: 2024-04-16T13:47:22.815Z)] to file /home/runner/work/ozone/ozone/hadoop-ozone/integration-test/target/test-dir/MiniOzoneClusterImpl-f0f26617-5c27-4371-b446-298ac6c8687b/scmNode-2/scm/keys/secret_keys.json
2024-04-16 13:47:22,844 [692eadad-ad12-4257-a6c9-255a711e16c4@group-298AC6C8687B-StateMachineUpdater] INFO  symmetric.SecretKeyStateImpl (SecretKeyStateImpl.java:updateKeysInternal(113)) - Updating keys with [SecretKey(id = 82afe7e5-2fb1-4675-be72-572d902ff3be, creation at: 2024-04-16T13:47:21.815Z, expire at: 2024-04-16T13:47:24.815Z), SecretKey(id = 162a4aee-bb2a-4266-8410-0db1b6bd06a9, creation at: 2024-04-16T13:47:20.815Z, expire at: 2024-04-16T13:47:23.815Z), SecretKey(id = 8ba88e7c-a4c0-4948-a63b-3e07000639e4, creation at: 2024-04-16T13:47:19.815Z, expire at: 2024-04-16T13:47:22.815Z), SecretKey(id = b075509b-09b9-44bf-8347-f5fdcd9b9560, creation at: 2024-04-16T13:47:22.815Z, expire at: 2024-04-16T13:47:25.815Z)]
2024-04-16 13:47:22,845 [692eadad-ad12-4257-a6c9-255a711e16c4@group-298AC6C8687B-StateMachineUpdater] INFO  symmetric.SecretKeyStateImpl (SecretKeyStateImpl.java:updateKeysInternal(128)) - Current key updated SecretKey(id = b075509b-09b9-44bf-8347-f5fdcd9b9560, creation at: 2024-04-16T13:47:22.815Z, expire at: 2024-04-16T13:47:25.815Z)
2024-04-16 13:47:22,845 [692eadad-ad12-4257-a6c9-255a711e16c4@group-298AC6C8687B-StateMachineUpdater] INFO  symmetric.LocalSecretKeyStore (LocalSecretKeyStore.java:save(109)) - Saved [SecretKey(id = b075509b-09b9-44bf-8347-f5fdcd9b9560, creation at: 2024-04-16T13:47:22.815Z, expire at: 2024-04-16T13:47:25.815Z), SecretKey(id = 82afe7e5-2fb1-4675-be72-572d902ff3be, creation at: 2024-04-16T13:47:21.815Z, expire at: 2024-04-16T13:47:24.815Z), SecretKey(id = 162a4aee-bb2a-4266-8410-0db1b6bd06a9, creation at: 2024-04-16T13:47:20.815Z, expire at: 2024-04-16T13:47:23.815Z), SecretKey(id = 8ba88e7c-a4c0-4948-a63b-3e07000639e4, creation at: 2024-04-16T13:47:19.815Z, expire at: 2024-04-16T13:47:22.815Z)] to file /home/runner/work/ozone/ozone/hadoop-ozone/integration-test/target/test-dir/MiniOzoneClusterImpl-f0f26617-5c27-4371-b446-298ac6c8687b/scmNode-3/scm/keys/secret_keys.json
2024-04-16 13:47:22,854 [main] INFO  impl.DefaultInternalKdcServerImpl (DefaultInternalKdcServerImpl.java:doStop(102)) - Default Internal kdc server stopped.
2024-04-16 13:47:22,921 [SecretKeyPoller] INFO  symmetric.DefaultSecretKeySignerClient (DefaultSecretKeySignerClient.java:checkAndRefresh(167)) - New secret key fetched from SCM: SecretKey(id = b075509b-09b9-44bf-8347-f5fdcd9b9560, creation at: 2024-04-16T13:47:22.815Z, expire at: 2024-04-16T13:47:25.815Z).
2024-04-16 13:47:22,921 [SecretKeyPoller] INFO  symmetric.DefaultSecretKeySignerClient (DefaultSecretKeySignerClient.java:checkAndRefresh(167)) - New secret key fetched from SCM: SecretKey(id = b075509b-09b9-44bf-8347-f5fdcd9b9560, creation at: 2024-04-16T13:47:22.815Z, expire at: 2024-04-16T13:47:25.815Z).
2024-04-16 13:47:22,921 [SecretKeyPoller] INFO  symmetric.DefaultSecretKeySignerClient (DefaultSecretKeySignerClient.java:checkAndRefresh(167)) - New secret key fetched from SCM: SecretKey(id = b075509b-09b9-44bf-8347-f5fdcd9b9560, creation at: 2024-04-16T13:47:22.815Z, expire at: 2024-04-16T13:47:25.815Z).
2024-04-16 13:47:22,921 [om1-SecretKeyPoller] INFO  symmetric.DefaultSecretKeySignerClient (DefaultSecretKeySignerClient.java:checkAndRefresh(167)) - New secret key fetched from SCM: SecretKey(id = b075509b-09b9-44bf-8347-f5fdcd9b9560, creation at: 2024-04-16T13:47:22.815Z, expire at: 2024-04-16T13:47:25.815Z).
2024-04-16 13:47:23,815 [scmNode-1-SecretKeyManagerService] INFO  symmetric.SecretKeyManager (SecretKeyManager.java:checkAndRotate(125)) - SecretKey rotation is happening, new key generated SecretKey(id = e9443547-a7d5-45b6-addb-bf4887da10dd, creation at: 2024-04-16T13:47:23.815Z, expire at: 2024-04-16T13:47:26.815Z)
2024-04-16 13:47:23,819 [8dded7e3-77f4-42cf-91f8-4014f88a5819@group-298AC6C8687B-StateMachineUpdater] INFO  symmetric.SecretKeyStateImpl (SecretKeyStateImpl.java:updateKeysInternal(113)) - Updating keys with [SecretKey(id = b075509b-09b9-44bf-8347-f5fdcd9b9560, creation at: 2024-04-16T13:47:22.815Z, expire at: 2024-04-16T13:47:25.815Z), SecretKey(id = 82afe7e5-2fb1-4675-be72-572d902ff3be, creation at: 2024-04-16T13:47:21.815Z, expire at: 2024-04-16T13:47:24.815Z), SecretKey(id = 162a4aee-bb2a-4266-8410-0db1b6bd06a9, creation at: 2024-04-16T13:47:20.815Z, expire at: 2024-04-16T13:47:23.815Z), SecretKey(id = e9443547-a7d5-45b6-addb-bf4887da10dd, creation at: 2024-04-16T13:47:23.815Z, expire at: 2024-04-16T13:47:26.815Z)]
2024-04-16 13:47:23,819 [8dded7e3-77f4-42cf-91f8-4014f88a5819@group-298AC6C8687B-StateMachineUpdater] INFO  symmetric.SecretKeyStateImpl (SecretKeyStateImpl.java:updateKeysInternal(128)) - Current key updated SecretKey(id = e9443547-a7d5-45b6-addb-bf4887da10dd, creation at: 2024-04-16T13:47:23.815Z, expire at: 2024-04-16T13:47:26.815Z)
2024-04-16 13:47:23,820 [8dded7e3-77f4-42cf-91f8-4014f88a5819@group-298AC6C8687B-StateMachineUpdater] INFO  symmetric.LocalSecretKeyStore (LocalSecretKeyStore.java:save(109)) - Saved [SecretKey(id = e9443547-a7d5-45b6-addb-bf4887da10dd, creation at: 2024-04-16T13:47:23.815Z, expire at: 2024-04-16T13:47:26.815Z), SecretKey(id = b075509b-09b9-44bf-8347-f5fdcd9b9560, creation at: 2024-04-16T13:47:22.815Z, expire at: 2024-04-16T13:47:25.815Z), SecretKey(id = 82afe7e5-2fb1-4675-be72-572d902ff3be, creation at: 2024-04-16T13:47:21.815Z, expire at: 2024-04-16T13:47:24.815Z), SecretKey(id = 162a4aee-bb2a-4266-8410-0db1b6bd06a9, creation at: 2024-04-16T13:47:20.815Z, expire at: 2024-04-16T13:47:23.815Z)] to file /home/runner/work/ozone/ozone/hadoop-ozone/integration-test/target/test-dir/MiniOzoneClusterImpl-f0f26617-5c27-4371-b446-298ac6c8687b/scmNode-1/scm/keys/secret_keys.json
2024-04-16 13:47:23,821 [692eadad-ad12-4257-a6c9-255a711e16c4@group-298AC6C8687B-StateMachineUpdater] INFO  symmetric.SecretKeyStateImpl (SecretKeyStateImpl.java:updateKeysInternal(113)) - Updating keys with [SecretKey(id = b075509b-09b9-44bf-8347-f5fdcd9b9560, creation at: 2024-04-16T13:47:22.815Z, expire at: 2024-04-16T13:47:25.815Z), SecretKey(id = 82afe7e5-2fb1-4675-be72-572d902ff3be, creation at: 2024-04-16T13:47:21.815Z, expire at: 2024-04-16T13:47:24.815Z), SecretKey(id = 162a4aee-bb2a-4266-8410-0db1b6bd06a9, creation at: 2024-04-16T13:47:20.815Z, expire at: 2024-04-16T13:47:23.815Z), SecretKey(id = e9443547-a7d5-45b6-addb-bf4887da10dd, creation at: 2024-04-16T13:47:23.815Z, expire at: 2024-04-16T13:47:26.815Z)]
2024-04-16 13:47:23,821 [692eadad-ad12-4257-a6c9-255a711e16c4@group-298AC6C8687B-StateMachineUpdater] INFO  symmetric.SecretKeyStateImpl (SecretKeyStateImpl.java:updateKeysInternal(128)) - Current key updated SecretKey(id = e9443547-a7d5-45b6-addb-bf4887da10dd, creation at: 2024-04-16T13:47:23.815Z, expire at: 2024-04-16T13:47:26.815Z)
2024-04-16 13:47:23,822 [692eadad-ad12-4257-a6c9-255a711e16c4@group-298AC6C8687B-StateMachineUpdater] INFO  symmetric.LocalSecretKeyStore (LocalSecretKeyStore.java:save(109)) - Saved [SecretKey(id = e9443547-a7d5-45b6-addb-bf4887da10dd, creation at: 2024-04-16T13:47:23.815Z, expire at: 2024-04-16T13:47:26.815Z), SecretKey(id = b075509b-09b9-44bf-8347-f5fdcd9b9560, creation at: 2024-04-16T13:47:22.815Z, expire at: 2024-04-16T13:47:25.815Z), SecretKey(id = 82afe7e5-2fb1-4675-be72-572d902ff3be, creation at: 2024-04-16T13:47:21.815Z, expire at: 2024-04-16T13:47:24.815Z), SecretKey(id = 162a4aee-bb2a-4266-8410-0db1b6bd06a9, creation at: 2024-04-16T13:47:20.815Z, expire at: 2024-04-16T13:47:23.815Z)] to file /home/runner/work/ozone/ozone/hadoop-ozone/integration-test/target/test-dir/MiniOzoneClusterImpl-f0f26617-5c27-4371-b446-298ac6c8687b/scmNode-3/scm/keys/secret_keys.json
2024-04-16 13:47:23,822 [e74c9e3a-193e-4dbb-b5f5-b6805398d140@group-298AC6C8687B-StateMachineUpdater] INFO  symmetric.SecretKeyStateImpl (SecretKeyStateImpl.java:updateKeysInternal(113)) - Updating keys with [SecretKey(id = b075509b-09b9-44bf-8347-f5fdcd9b9560, creation at: 2024-04-16T13:47:22.815Z, expire at: 2024-04-16T13:47:25.815Z), SecretKey(id = 82afe7e5-2fb1-4675-be72-572d902ff3be, creation at: 2024-04-16T13:47:21.815Z, expire at: 2024-04-16T13:47:24.815Z), SecretKey(id = 162a4aee-bb2a-4266-8410-0db1b6bd06a9, creation at: 2024-04-16T13:47:20.815Z, expire at: 2024-04-16T13:47:23.815Z), SecretKey(id = e9443547-a7d5-45b6-addb-bf4887da10dd, creation at: 2024-04-16T13:47:23.815Z, expire at: 2024-04-16T13:47:26.815Z)]
2024-04-16 13:47:23,822 [e74c9e3a-193e-4dbb-b5f5-b6805398d140@group-298AC6C8687B-StateMachineUpdater] INFO  symmetric.SecretKeyStateImpl (SecretKeyStateImpl.java:updateKeysInternal(128)) - Current key updated SecretKey(id = e9443547-a7d5-45b6-addb-bf4887da10dd, creation at: 2024-04-16T13:47:23.815Z, expire at: 2024-04-16T13:47:26.815Z)
2024-04-16 13:47:23,823 [e74c9e3a-193e-4dbb-b5f5-b6805398d140@group-298AC6C8687B-StateMachineUpdater] INFO  symmetric.LocalSecretKeyStore (LocalSecretKeyStore.java:save(109)) - Saved [SecretKey(id = e9443547-a7d5-45b6-addb-bf4887da10dd, creation at: 2024-04-16T13:47:23.815Z, expire at: 2024-04-16T13:47:26.815Z), SecretKey(id = b075509b-09b9-44bf-8347-f5fdcd9b9560, creation at: 2024-04-16T13:47:22.815Z, expire at: 2024-04-16T13:47:25.815Z), SecretKey(id = 82afe7e5-2fb1-4675-be72-572d902ff3be, creation at: 2024-04-16T13:47:21.815Z, expire at: 2024-04-16T13:47:24.815Z), SecretKey(id = 162a4aee-bb2a-4266-8410-0db1b6bd06a9, creation at: 2024-04-16T13:47:20.815Z, expire at: 2024-04-16T13:47:23.815Z)] to file /home/runner/work/ozone/ozone/hadoop-ozone/integration-test/target/test-dir/MiniOzoneClusterImpl-f0f26617-5c27-4371-b446-298ac6c8687b/scmNode-2/scm/keys/secret_keys.json
2024-04-16 13:47:23,854 [main] INFO  minikdc.MiniKdc (MiniKdc.java:stop(359)) - MiniKdc stopped.
2024-04-16 13:47:23,855 [main] INFO  ozone.MiniOzoneHAClusterImpl (MiniOzoneHAClusterImpl.java:stop(288)) - Stopping the OzoneManager om1
2024-04-16 13:47:23,855 [main] INFO  om.OzoneManager (OzoneManager.java:stop(2232)) - om1[localhost:15036]: Stopping Ozone Manager
2024-04-16 13:47:23,855 [main] INFO  ipc.Server (Server.java:stop(3523)) - Stopping server on 15036
2024-04-16 13:47:23,859 [IPC Server listener on 15036] INFO  ipc.Server (Server.java:run(1434)) - Stopping IPC Server listener on 15036
2024-04-16 13:47:23,861 [IPC Server Responder] INFO  ipc.Server (Server.java:run(1567)) - Stopping IPC Server Responder
2024-04-16 13:47:23,861 [main] INFO  ratis.OzoneManagerRatisServer (OzoneManagerRatisServer.java:stop(594)) - Stopping org.apache.hadoop.ozone.om.ratis.OzoneManagerRatisServer@41b9c30 at port 15039
2024-04-16 13:47:23,861 [main] INFO  server.RaftServer (RaftServerProxy.java:lambda$close$9(416)) - om1: close
2024-04-16 13:47:23,866 [om1-impl-thread1] INFO  server.RaftServer$Division (RaftServerImpl.java:lambda$close$3(526)) - om1@group-C5BA1605619E: shutdown
2024-04-16 13:47:23,866 [om1-impl-thread1] INFO  util.JmxRegister (JmxRegister.java:unregister(73)) - Successfully un-registered JMX Bean with object name Ratis:service=RaftServer,group=group-C5BA1605619E,id=om1
2024-04-16 13:47:23,867 [om1-impl-thread1] INFO  impl.RoleInfo (RoleInfo.java:shutdownLeaderState(94)) - om1: shutdown om1@group-C5BA1605619E-LeaderStateImpl
2024-04-16 13:47:23,867 [om1-impl-thread1] INFO  impl.PendingRequests (PendingRequests.java:sendNotLeaderResponses(289)) - om1@group-C5BA1605619E-PendingRequests: sendNotLeaderResponses
2024-04-16 13:47:23,866 [main] INFO  server.GrpcService (GrpcService.java:closeImpl(311)) - om1: shutdown server GrpcServerProtocolService now
2024-04-16 13:47:23,867 [om1-impl-thread1] INFO  impl.StateMachineUpdater (StateMachineUpdater.java:stopAndJoin(157)) - om1@group-C5BA1605619E-StateMachineUpdater: set stopIndex = 0
2024-04-16 13:47:23,867 [om1@group-C5BA1605619E-StateMachineUpdater] INFO  ratis.OzoneManagerStateMachine (OzoneManagerStateMachine.java:takeSnapshotImpl(481)) -  applied = (t:1, i:0)
2024-04-16 13:47:23,873 [om1@group-C5BA1605619E-StateMachineUpdater] INFO  ratis.OzoneManagerStateMachine (OzoneManagerStateMachine.java:takeSnapshotImpl(482)) -  skipped = -1
2024-04-16 13:47:23,873 [om1@group-C5BA1605619E-StateMachineUpdater] INFO  ratis.OzoneManagerStateMachine (OzoneManagerStateMachine.java:takeSnapshotImpl(483)) - notified = (t:1, i:0)
2024-04-16 13:47:23,873 [om1@group-C5BA1605619E-StateMachineUpdater] INFO  ratis.OzoneManagerStateMachine (OzoneManagerStateMachine.java:takeSnapshotImpl(484)) - snapshot = (t:1, i:0)
2024-04-16 13:47:23,876 [main] INFO  server.GrpcService (GrpcService.java:closeImpl(320)) - om1: shutdown server GrpcServerProtocolService successfully
2024-04-16 13:47:23,890 [om1@group-C5BA1605619E-StateMachineUpdater] INFO  impl.StateMachineUpdater (StateMachineUpdater.java:takeSnapshot(295)) - om1@group-C5BA1605619E-StateMachineUpdater: Took a snapshot at index 0
2024-04-16 13:47:23,891 [om1@group-C5BA1605619E-StateMachineUpdater] INFO  impl.StateMachineUpdater (StateMachineUpdater.java:lambda$new$0(98)) - om1@group-C5BA1605619E-StateMachineUpdater: snapshotIndex: updateIncreasingly -1 -> 0
2024-04-16 13:47:23,891 [om1@group-C5BA1605619E-StateMachineUpdater] INFO  ratis.OzoneManagerStateMachine (OzoneManagerStateMachine.java:close(527)) - Stopping OzoneManagerStateMachine:om1:group-C5BA1605619E.
2024-04-16 13:47:23,891 [om1@group-C5BA1605619E-StateMachineUpdater] INFO  ratis.OzoneManagerDoubleBuffer (OzoneManagerDoubleBuffer.java:stopDaemon(517)) - Stopping OMDoubleBuffer flush thread
2024-04-16 13:47:23,891 [om1-OMDoubleBufferFlushThread] INFO  ratis.OzoneManagerDoubleBuffer (OzoneManagerDoubleBuffer.java:canFlush(581)) - OMDoubleBuffer flush thread om1-OMDoubleBufferFlushThread is interrupted and will exit.
2024-04-16 13:47:23,894 [om1-impl-thread1] INFO  server.RaftServer$Division (ServerState.java:close(427)) - om1@group-C5BA1605619E: applyIndex: 0
2024-04-16 13:47:23,894 [om1@group-C5BA1605619E-cacheEviction-AwaitToRun] INFO  util.AwaitToRun (AwaitToRun.java:run(49)) - om1@group-C5BA1605619E-cacheEviction-AwaitToRun-AwaitForSignal is interrupted
2024-04-16 13:47:23,917 [om1-SecretKeyPoller] INFO  symmetric.DefaultSecretKeySignerClient (DefaultSecretKeySignerClient.java:checkAndRefresh(167)) - New secret key fetched from SCM: SecretKey(id = e9443547-a7d5-45b6-addb-bf4887da10dd, creation at: 2024-04-16T13:47:23.815Z, expire at: 2024-04-16T13:47:26.815Z).
2024-04-16 13:47:23,917 [SecretKeyPoller] INFO  symmetric.DefaultSecretKeySignerClient (DefaultSecretKeySignerClient.java:checkAndRefresh(167)) - New secret key fetched from SCM: SecretKey(id = e9443547-a7d5-45b6-addb-bf4887da10dd, creation at: 2024-04-16T13:47:23.815Z, expire at: 2024-04-16T13:47:26.815Z).
2024-04-16 13:47:23,917 [SecretKeyPoller] INFO  symmetric.DefaultSecretKeySignerClient (DefaultSecretKeySignerClient.java:checkAndRefresh(167)) - New secret key fetched from SCM: SecretKey(id = e9443547-a7d5-45b6-addb-bf4887da10dd, creation at: 2024-04-16T13:47:23.815Z, expire at: 2024-04-16T13:47:26.815Z).
2024-04-16 13:47:23,918 [SecretKeyPoller] INFO  symmetric.DefaultSecretKeySignerClient (DefaultSecretKeySignerClient.java:checkAndRefresh(167)) - New secret key fetched from SCM: SecretKey(id = e9443547-a7d5-45b6-addb-bf4887da10dd, creation at: 2024-04-16T13:47:23.815Z, expire at: 2024-04-16T13:47:26.815Z).
2024-04-16 13:47:24,815 [scmNode-1-SecretKeyManagerService] INFO  symmetric.SecretKeyManager (SecretKeyManager.java:checkAndRotate(125)) - SecretKey rotation is happening, new key generated SecretKey(id = 2f3e1d9e-c8cf-4cdd-b9e5-b4d6870ca6d8, creation at: 2024-04-16T13:47:24.815Z, expire at: 2024-04-16T13:47:27.815Z)
2024-04-16 13:47:24,818 [8dded7e3-77f4-42cf-91f8-4014f88a5819@group-298AC6C8687B-StateMachineUpdater] INFO  symmetric.SecretKeyStateImpl (SecretKeyStateImpl.java:updateKeysInternal(113)) - Updating keys with [SecretKey(id = e9443547-a7d5-45b6-addb-bf4887da10dd, creation at: 2024-04-16T13:47:23.815Z, expire at: 2024-04-16T13:47:26.815Z), SecretKey(id = b075509b-09b9-44bf-8347-f5fdcd9b9560, creation at: 2024-04-16T13:47:22.815Z, expire at: 2024-04-16T13:47:25.815Z), SecretKey(id = 82afe7e5-2fb1-4675-be72-572d902ff3be, creation at: 2024-04-16T13:47:21.815Z, expire at: 2024-04-16T13:47:24.815Z), SecretKey(id = 2f3e1d9e-c8cf-4cdd-b9e5-b4d6870ca6d8, creation at: 2024-04-16T13:47:24.815Z, expire at: 2024-04-16T13:47:27.815Z)]
2024-04-16 13:47:24,818 [8dded7e3-77f4-42cf-91f8-4014f88a5819@group-298AC6C8687B-StateMachineUpdater] INFO  symmetric.SecretKeyStateImpl (SecretKeyStateImpl.java:updateKeysInternal(128)) - Current key updated SecretKey(id = 2f3e1d9e-c8cf-4cdd-b9e5-b4d6870ca6d8, creation at: 2024-04-16T13:47:24.815Z, expire at: 2024-04-16T13:47:27.815Z)
2024-04-16 13:47:24,819 [692eadad-ad12-4257-a6c9-255a711e16c4@group-298AC6C8687B-StateMachineUpdater] INFO  symmetric.SecretKeyStateImpl (SecretKeyStateImpl.java:updateKeysInternal(113)) - Updating keys with [SecretKey(id = e9443547-a7d5-45b6-addb-bf4887da10dd, creation at: 2024-04-16T13:47:23.815Z, expire at: 2024-04-16T13:47:26.815Z), SecretKey(id = b075509b-09b9-44bf-8347-f5fdcd9b9560, creation at: 2024-04-16T13:47:22.815Z, expire at: 2024-04-16T13:47:25.815Z), SecretKey(id = 82afe7e5-2fb1-4675-be72-572d902ff3be, creation at: 2024-04-16T13:47:21.815Z, expire at: 2024-04-16T13:47:24.815Z), SecretKey(id = 2f3e1d9e-c8cf-4cdd-b9e5-b4d6870ca6d8, creation at: 2024-04-16T13:47:24.815Z, expire at: 2024-04-16T13:47:27.815Z)]
2024-04-16 13:47:24,819 [692eadad-ad12-4257-a6c9-255a711e16c4@group-298AC6C8687B-StateMachineUpdater] INFO  symmetric.SecretKeyStateImpl (SecretKeyStateImpl.java:updateKeysInternal(128)) - Current key updated SecretKey(id = 2f3e1d9e-c8cf-4cdd-b9e5-b4d6870ca6d8, creation at: 2024-04-16T13:47:24.815Z, expire at: 2024-04-16T13:47:27.815Z)
2024-04-16 13:47:24,820 [692eadad-ad12-4257-a6c9-255a711e16c4@group-298AC6C8687B-StateMachineUpdater] INFO  symmetric.LocalSecretKeyStore (LocalSecretKeyStore.java:save(109)) - Saved [SecretKey(id = 2f3e1d9e-c8cf-4cdd-b9e5-b4d6870ca6d8, creation at: 2024-04-16T13:47:24.815Z, expire at: 2024-04-16T13:47:27.815Z), SecretKey(id = e9443547-a7d5-45b6-addb-bf4887da10dd, creation at: 2024-04-16T13:47:23.815Z, expire at: 2024-04-16T13:47:26.815Z), SecretKey(id = b075509b-09b9-44bf-8347-f5fdcd9b9560, creation at: 2024-04-16T13:47:22.815Z, expire at: 2024-04-16T13:47:25.815Z), SecretKey(id = 82afe7e5-2fb1-4675-be72-572d902ff3be, creation at: 2024-04-16T13:47:21.815Z, expire at: 2024-04-16T13:47:24.815Z)] to file /home/runner/work/ozone/ozone/hadoop-ozone/integration-test/target/test-dir/MiniOzoneClusterImpl-f0f26617-5c27-4371-b446-298ac6c8687b/scmNode-3/scm/keys/secret_keys.json
2024-04-16 13:47:24,820 [e74c9e3a-193e-4dbb-b5f5-b6805398d140@group-298AC6C8687B-StateMachineUpdater] INFO  symmetric.SecretKeyStateImpl (SecretKeyStateImpl.java:updateKeysInternal(113)) - Updating keys with [SecretKey(id = e9443547-a7d5-45b6-addb-bf4887da10dd, creation at: 2024-04-16T13:47:23.815Z, expire at: 2024-04-16T13:47:26.815Z), SecretKey(id = b075509b-09b9-44bf-8347-f5fdcd9b9560, creation at: 2024-04-16T13:47:22.815Z, expire at: 2024-04-16T13:47:25.815Z), SecretKey(id = 82afe7e5-2fb1-4675-be72-572d902ff3be, creation at: 2024-04-16T13:47:21.815Z, expire at: 2024-04-16T13:47:24.815Z), SecretKey(id = 2f3e1d9e-c8cf-4cdd-b9e5-b4d6870ca6d8, creation at: 2024-04-16T13:47:24.815Z, expire at: 2024-04-16T13:47:27.815Z)]
2024-04-16 13:47:24,820 [e74c9e3a-193e-4dbb-b5f5-b6805398d140@group-298AC6C8687B-StateMachineUpdater] INFO  symmetric.SecretKeyStateImpl (SecretKeyStateImpl.java:updateKeysInternal(128)) - Current key updated SecretKey(id = 2f3e1d9e-c8cf-4cdd-b9e5-b4d6870ca6d8, creation at: 2024-04-16T13:47:24.815Z, expire at: 2024-04-16T13:47:27.815Z)
2024-04-16 13:47:24,821 [e74c9e3a-193e-4dbb-b5f5-b6805398d140@group-298AC6C8687B-StateMachineUpdater] INFO  symmetric.LocalSecretKeyStore (LocalSecretKeyStore.java:save(109)) - Saved [SecretKey(id = 2f3e1d9e-c8cf-4cdd-b9e5-b4d6870ca6d8, creation at: 2024-04-16T13:47:24.815Z, expire at: 2024-04-16T13:47:27.815Z), SecretKey(id = e9443547-a7d5-45b6-addb-bf4887da10dd, creation at: 2024-04-16T13:47:23.815Z, expire at: 2024-04-16T13:47:26.815Z), SecretKey(id = b075509b-09b9-44bf-8347-f5fdcd9b9560, creation at: 2024-04-16T13:47:22.815Z, expire at: 2024-04-16T13:47:25.815Z), SecretKey(id = 82afe7e5-2fb1-4675-be72-572d902ff3be, creation at: 2024-04-16T13:47:21.815Z, expire at: 2024-04-16T13:47:24.815Z)] to file /home/runner/work/ozone/ozone/hadoop-ozone/integration-test/target/test-dir/MiniOzoneClusterImpl-f0f26617-5c27-4371-b446-298ac6c8687b/scmNode-2/scm/keys/secret_keys.json
2024-04-16 13:47:24,821 [8dded7e3-77f4-42cf-91f8-4014f88a5819@group-298AC6C8687B-StateMachineUpdater] INFO  symmetric.LocalSecretKeyStore (LocalSecretKeyStore.java:save(109)) - Saved [SecretKey(id = 2f3e1d9e-c8cf-4cdd-b9e5-b4d6870ca6d8, creation at: 2024-04-16T13:47:24.815Z, expire at: 2024-04-16T13:47:27.815Z), SecretKey(id = e9443547-a7d5-45b6-addb-bf4887da10dd, creation at: 2024-04-16T13:47:23.815Z, expire at: 2024-04-16T13:47:26.815Z), SecretKey(id = b075509b-09b9-44bf-8347-f5fdcd9b9560, creation at: 2024-04-16T13:47:22.815Z, expire at: 2024-04-16T13:47:25.815Z), SecretKey(id = 82afe7e5-2fb1-4675-be72-572d902ff3be, creation at: 2024-04-16T13:47:21.815Z, expire at: 2024-04-16T13:47:24.815Z)] to file /home/runner/work/ozone/ozone/hadoop-ozone/integration-test/target/test-dir/MiniOzoneClusterImpl-f0f26617-5c27-4371-b446-298ac6c8687b/scmNode-1/scm/keys/secret_keys.json
2024-04-16 13:47:24,855 [om1-impl-thread1] INFO  segmented.SegmentedRaftLogWorker (SegmentedRaftLogWorker.java:close(245)) - om1@group-C5BA1605619E-SegmentedRaftLogWorker close()
2024-04-16 13:47:24,855 [JvmPauseMonitor4] INFO  util.JvmPauseMonitor (JvmPauseMonitor.java:run(152)) - JvmPauseMonitor-om1: Stopped
2024-04-16 13:47:24,857 [main] INFO  utils.BackgroundService (BackgroundService.java:shutdown(160)) - Shutting down service KeyDeletingService
2024-04-16 13:47:24,857 [main] INFO  utils.BackgroundService (BackgroundService.java:shutdown(160)) - Shutting down service DirectoryDeletingService
2024-04-16 13:47:24,858 [main] INFO  utils.BackgroundService (BackgroundService.java:shutdown(160)) - Shutting down service OpenKeyCleanupService
2024-04-16 13:47:24,859 [main] INFO  utils.BackgroundService (BackgroundService.java:shutdown(160)) - Shutting down service SstFilteringService
2024-04-16 13:47:24,863 [main] INFO  utils.BackgroundService (BackgroundService.java:shutdown(160)) - Shutting down service SnapshotDeletingService
2024-04-16 13:47:24,863 [main] INFO  utils.BackgroundService (BackgroundService.java:shutdown(160)) - Shutting down service MultipartUploadCleanupService
2024-04-16 13:47:24,864 [main] INFO  utils.BackgroundService (BackgroundService.java:shutdown(160)) - Shutting down service SnapshotDirectoryCleaningService
2024-04-16 13:47:24,864 [main] INFO  om.OzoneManager (OzoneManager.java:stopSecretManager(1083)) - Stopping secret key client.
2024-04-16 13:47:24,864 [main] INFO  om.OzoneManager (OzoneManager.java:stopSecretManager(1088)) - Stopping OM delegation token secret manager.
2024-04-16 13:47:24,864 [om1-ExpiredTokenRemover] INFO  security.OzoneDelegationTokenSecretManager (OzoneDelegationTokenSecretManager.java:run(638)) - ExpiredTokenRemover was interrupted.
java.lang.InterruptedException: sleep interrupted
	at java.lang.Thread.sleep(Native Method)
	at org.apache.hadoop.ozone.security.OzoneDelegationTokenSecretManager$ExpiredTokenRemover.run(OzoneDelegationTokenSecretManager.java:634)
	at java.lang.Thread.run(Thread.java:750)
2024-04-16 13:47:24,869 [main] INFO  handler.ContextHandler (ContextHandler.java:doStop(1159)) - Stopped o.e.j.w.WebAppContext@6eae675d{ozoneManager,/,null,STOPPED}{file:/home/runner/work/ozone/ozone/hadoop-ozone/integration-test/target/test-classes/webapps/ozoneManager}
2024-04-16 13:47:24,872 [main] INFO  server.AbstractConnector (AbstractConnector.java:doStop(383)) - Stopped ServerConnector@5b36d706{HTTP/1.1, (http/1.1)}{0.0.0.0:15037}
2024-04-16 13:47:24,872 [main] INFO  server.session (HouseKeeper.java:stopScavenging(149)) - node0 Stopped scavenging
2024-04-16 13:47:24,872 [main] INFO  handler.ContextHandler (ContextHandler.java:doStop(1159)) - Stopped o.e.j.s.ServletContextHandler@5c1a0714{static,/static,file:///home/runner/work/ozone/ozone/hadoop-ozone/integration-test/target/test-classes/webapps/static,STOPPED}
2024-04-16 13:47:24,873 [main] INFO  handler.ContextHandler (ContextHandler.java:doStop(1159)) - Stopped o.e.j.s.ServletContextHandler@223d3190{logs,/logs,file:///home/runner/work/ozone/ozone/hadoop-ozone/integration-test/target/log,STOPPED}
2024-04-16 13:47:24,875 [main] INFO  rocksdiff.RocksDBCheckpointDiffer (RocksDBCheckpointDiffer.java:close(310)) - Shutting down CompactionDagPruningService.
2024-04-16 13:47:24,878 [main] INFO  snapshot.SnapshotDiffManager (SnapshotDiffManager.java:closeExecutorService(1657)) - Shutting down executorService: 'SnapDiffExecutor'
2024-04-16 13:47:24,879 [main] INFO  utils.BackgroundService (BackgroundService.java:shutdown(160)) - Shutting down service SnapshotDiffCleanupService
2024-04-16 13:47:24,880 [main] INFO  ozone.MiniOzoneHAClusterImpl (MiniOzoneHAClusterImpl.java:stop(295)) - Stopping the StorageContainerManager e74c9e3a-193e-4dbb-b5f5-b6805398d140
2024-04-16 13:47:24,880 [main] INFO  server.StorageContainerManager (StorageContainerManager.java:stop(1653)) - Container Balancer is not running.
2024-04-16 13:47:24,881 [main] INFO  server.StorageContainerManager (StorageContainerManager.java:stopReplicationManager(1786)) - Stopping Replication Manager Service.
2024-04-16 13:47:24,881 [main] INFO  replication.ReplicationManager (ReplicationManager.java:stop(328)) - Stopping Replication Monitor Thread.
2024-04-16 13:47:24,881 [main] INFO  server.StorageContainerManager (StorageContainerManager.java:stop(1662)) - Stopping the Datanode Admin Monitor.
2024-04-16 13:47:24,881 [scmNode-2-OverReplicatedProcessor] WARN  replication.UnhealthyReplicationProcessor (UnhealthyReplicationProcessor.java:run(180)) - scmNode-2-OverReplicatedProcessor interrupted. Exiting...
2024-04-16 13:47:24,881 [main] INFO  server.StorageContainerManager (StorageContainerManager.java:stop(1669)) - Stopping datanode service RPC server
2024-04-16 13:47:24,881 [main] INFO  server.SCMDatanodeProtocolServer (SCMDatanodeProtocolServer.java:stop(425)) - Stopping the RPC server for DataNodes
2024-04-16 13:47:24,882 [main] INFO  ipc.Server (Server.java:stop(3523)) - Stopping server on 15012
2024-04-16 13:47:24,881 [scmNode-2-ReplicationMonitor] INFO  replication.ReplicationManager (ReplicationManager.java:run(935)) - Replication Monitor Thread is stopped
2024-04-16 13:47:24,881 [scmNode-2-UnderReplicatedProcessor] WARN  replication.UnhealthyReplicationProcessor (UnhealthyReplicationProcessor.java:run(180)) - scmNode-2-UnderReplicatedProcessor interrupted. Exiting...
2024-04-16 13:47:24,886 [IPC Server listener on 15012] INFO  ipc.Server (Server.java:run(1434)) - Stopping IPC Server listener on 15012
2024-04-16 13:47:24,891 [IPC Server Responder] INFO  ipc.Server (Server.java:run(1567)) - Stopping IPC Server Responder
2024-04-16 13:47:24,916 [SecretKeyPoller] INFO  symmetric.DefaultSecretKeySignerClient (DefaultSecretKeySignerClient.java:checkAndRefresh(167)) - New secret key fetched from SCM: SecretKey(id = 2f3e1d9e-c8cf-4cdd-b9e5-b4d6870ca6d8, creation at: 2024-04-16T13:47:24.815Z, expire at: 2024-04-16T13:47:27.815Z).
2024-04-16 13:47:24,916 [SecretKeyPoller] INFO  symmetric.DefaultSecretKeySignerClient (DefaultSecretKeySignerClient.java:checkAndRefresh(167)) - New secret key fetched from SCM: SecretKey(id = 2f3e1d9e-c8cf-4cdd-b9e5-b4d6870ca6d8, creation at: 2024-04-16T13:47:24.815Z, expire at: 2024-04-16T13:47:27.815Z).
2024-04-16 13:47:24,917 [SecretKeyPoller] INFO  symmetric.DefaultSecretKeySignerClient (DefaultSecretKeySignerClient.java:checkAndRefresh(167)) - New secret key fetched from SCM: SecretKey(id = 2f3e1d9e-c8cf-4cdd-b9e5-b4d6870ca6d8, creation at: 2024-04-16T13:47:24.815Z, expire at: 2024-04-16T13:47:27.815Z).
2024-04-16 13:47:24,990 [scmNode-2-SCMHeartbeatProcessor-0] WARN  node.NodeStateManager (NodeStateManager.java:scheduleNextHealthCheck(878)) - Current Thread is interrupted, shutting down HB processing thread for Node Manager.
2024-04-16 13:47:24,992 [main] INFO  server.StorageContainerManager (StorageContainerManager.java:stop(1677)) - Stopping block service RPC server
2024-04-16 13:47:24,992 [main] INFO  server.SCMBlockProtocolServer (SCMBlockProtocolServer.java:stop(171)) - Stopping the RPC server for Block Protocol
2024-04-16 13:47:24,993 [main] INFO  ipc.Server (Server.java:stop(3523)) - Stopping server on 15015
2024-04-16 13:47:24,995 [IPC Server listener on 15015] INFO  ipc.Server (Server.java:run(1434)) - Stopping IPC Server listener on 15015
2024-04-16 13:47:25,000 [IPC Server Responder] INFO  ipc.Server (Server.java:run(1567)) - Stopping IPC Server Responder
2024-04-16 13:47:25,000 [main] INFO  server.StorageContainerManager (StorageContainerManager.java:stop(1684)) - Stopping the StorageContainerLocationProtocol RPC server
2024-04-16 13:47:25,001 [main] INFO  server.SCMClientProtocolServer (SCMClientProtocolServer.java:stop(213)) - Stopping the RPC server for Client Protocol
2024-04-16 13:47:25,001 [main] INFO  ipc.Server (Server.java:stop(3523)) - Stopping server on 15013
2024-04-16 13:47:25,005 [IPC Server listener on 15013] INFO  ipc.Server (Server.java:run(1434)) - Stopping IPC Server listener on 15013
2024-04-16 13:47:25,007 [IPC Server Responder] INFO  ipc.Server (Server.java:run(1567)) - Stopping IPC Server Responder
2024-04-16 13:47:25,007 [main] INFO  server.StorageContainerManager (StorageContainerManager.java:stop(1691)) - Stopping Storage Container Manager HTTP server.
2024-04-16 13:47:25,008 [main] INFO  handler.ContextHandler (ContextHandler.java:doStop(1159)) - Stopped o.e.j.w.WebAppContext@31a65ddd{scm,/,null,STOPPED}{file:/home/runner/work/ozone/ozone/hadoop-ozone/integration-test/target/test-classes/webapps/scm}
2024-04-16 13:47:25,009 [main] INFO  server.AbstractConnector (AbstractConnector.java:doStop(383)) - Stopped ServerConnector@28a4ac78{HTTP/1.1, (http/1.1)}{0.0.0.0:15008}
2024-04-16 13:47:25,009 [main] INFO  server.session (HouseKeeper.java:stopScavenging(149)) - node0 Stopped scavenging
2024-04-16 13:47:25,010 [main] INFO  handler.ContextHandler (ContextHandler.java:doStop(1159)) - Stopped o.e.j.s.ServletContextHandler@68ae86a2{static,/static,file:///home/runner/work/ozone/ozone/hadoop-ozone/integration-test/target/test-classes/webapps/static,STOPPED}
2024-04-16 13:47:25,011 [main] INFO  handler.ContextHandler (ContextHandler.java:doStop(1159)) - Stopped o.e.j.s.ServletContextHandler@61be2a65{logs,/logs,file:///home/runner/work/ozone/ozone/hadoop-ozone/integration-test/target/log,STOPPED}
2024-04-16 13:47:25,012 [main] INFO  server.StorageContainerManager (StorageContainerManager.java:stop(1699)) - Stopping SCM LayoutVersionManager Service.
2024-04-16 13:47:25,012 [main] INFO  server.SCMSecurityProtocolServer (SCMSecurityProtocolServer.java:stop(566)) - Stopping the SCMSecurityProtocolServer.
2024-04-16 13:47:25,012 [main] INFO  ipc.Server (Server.java:stop(3523)) - Stopping server on 15010
2024-04-16 13:47:25,013 [IPC Server listener on 15010] INFO  ipc.Server (Server.java:run(1434)) - Stopping IPC Server listener on 15010
2024-04-16 13:47:25,013 [IPC Server Responder] INFO  ipc.Server (Server.java:run(1567)) - Stopping IPC Server Responder
2024-04-16 13:47:25,014 [main] INFO  server.SCMUpdateServiceGrpcServer (SCMUpdateServiceGrpcServer.java:stop(73)) - SCMUpdateService stopping
2024-04-16 13:47:25,014 [main] INFO  server.SCMUpdateServiceGrpcServer (SCMUpdateServiceGrpcServer.java:stop(85)) - SCMUpdateService stopped!
2024-04-16 13:47:25,016 [main] INFO  server.StorageContainerManager (StorageContainerManager.java:stop(1711)) - Stopping Block Manager Service.
2024-04-16 13:47:25,016 [main] INFO  utils.BackgroundService (BackgroundService.java:shutdown(160)) - Shutting down service SCMBlockDeletingService
2024-04-16 13:47:25,017 [main] INFO  utils.BackgroundService (BackgroundService.java:shutdown(160)) - Shutting down service SCMBlockDeletingService
2024-04-16 13:47:25,017 [main] INFO  server.StorageContainerManager (StorageContainerManager.java:stop(1731)) - Stopping SCM Event Queue.
2024-04-16 13:47:25,020 [main] INFO  server.StorageContainerManager (StorageContainerManager.java:stop(1742)) - Stopping SCM HA services.
2024-04-16 13:47:25,020 [main] INFO  ha.SCMRatisServerImpl (SCMRatisServerImpl.java:stop(257)) - stopping ratis server 0.0.0.0:15011
2024-04-16 13:47:25,021 [main] INFO  server.RaftServer (RaftServerProxy.java:lambda$close$9(416)) - e74c9e3a-193e-4dbb-b5f5-b6805398d140: close
2024-04-16 13:47:25,021 [main] INFO  server.GrpcService (GrpcService.java:closeImpl(311)) - e74c9e3a-193e-4dbb-b5f5-b6805398d140: shutdown server GrpcServerProtocolService now
2024-04-16 13:47:25,021 [e74c9e3a-193e-4dbb-b5f5-b6805398d140-impl-thread1] INFO  server.RaftServer$Division (RaftServerImpl.java:lambda$close$3(526)) - e74c9e3a-193e-4dbb-b5f5-b6805398d140@group-298AC6C8687B: shutdown
2024-04-16 13:47:25,022 [e74c9e3a-193e-4dbb-b5f5-b6805398d140-impl-thread1] INFO  util.JmxRegister (JmxRegister.java:unregister(73)) - Successfully un-registered JMX Bean with object name Ratis:service=RaftServer,group=group-298AC6C8687B,id=e74c9e3a-193e-4dbb-b5f5-b6805398d140
2024-04-16 13:47:25,022 [e74c9e3a-193e-4dbb-b5f5-b6805398d140-impl-thread1] INFO  impl.RoleInfo (RoleInfo.java:shutdownFollowerState(110)) - e74c9e3a-193e-4dbb-b5f5-b6805398d140: shutdown e74c9e3a-193e-4dbb-b5f5-b6805398d140@group-298AC6C8687B-FollowerState
2024-04-16 13:47:25,024 [e74c9e3a-193e-4dbb-b5f5-b6805398d140-impl-thread1] INFO  impl.StateMachineUpdater (StateMachineUpdater.java:stopAndJoin(157)) - e74c9e3a-193e-4dbb-b5f5-b6805398d140@group-298AC6C8687B-StateMachineUpdater: set stopIndex = 105
2024-04-16 13:47:25,024 [e74c9e3a-193e-4dbb-b5f5-b6805398d140@group-298AC6C8687B-FollowerState] INFO  impl.FollowerState (FollowerState.java:run(152)) - e74c9e3a-193e-4dbb-b5f5-b6805398d140@group-298AC6C8687B-FollowerState was interrupted
2024-04-16 13:47:25,026 [grpc-default-executor-3] WARN  server.GrpcServerProtocolService (LogUtils.java:warn(121)) - e74c9e3a-193e-4dbb-b5f5-b6805398d140: APPEND_ENTRIES onError, lastRequest: null: org.apache.ratis.thirdparty.io.grpc.StatusRuntimeException: CANCELLED: client cancelled
2024-04-16 13:47:25,027 [e74c9e3a-193e-4dbb-b5f5-b6805398d140@group-298AC6C8687B-StateMachineUpdater] INFO  ha.SCMStateMachine (SCMStateMachine.java:takeSnapshot(331)) - Current Snapshot Index 105, takeSnapshot took 0 ms
2024-04-16 13:47:25,027 [e74c9e3a-193e-4dbb-b5f5-b6805398d140@group-298AC6C8687B-StateMachineUpdater] INFO  impl.StateMachineUpdater (StateMachineUpdater.java:takeSnapshot(295)) - e74c9e3a-193e-4dbb-b5f5-b6805398d140@group-298AC6C8687B-StateMachineUpdater: Took a snapshot at index 105
2024-04-16 13:47:25,027 [e74c9e3a-193e-4dbb-b5f5-b6805398d140@group-298AC6C8687B-StateMachineUpdater] INFO  impl.StateMachineUpdater (StateMachineUpdater.java:lambda$new$0(98)) - e74c9e3a-193e-4dbb-b5f5-b6805398d140@group-298AC6C8687B-StateMachineUpdater: snapshotIndex: updateIncreasingly -1 -> 105
2024-04-16 13:47:25,027 [main] INFO  server.GrpcService (GrpcService.java:closeImpl(320)) - e74c9e3a-193e-4dbb-b5f5-b6805398d140: shutdown server GrpcServerProtocolService successfully
2024-04-16 13:47:25,027 [grpc-default-executor-1] WARN  server.GrpcServerProtocolService (LogUtils.java:warn(121)) - e74c9e3a-193e-4dbb-b5f5-b6805398d140: APPEND_ENTRIES onError, lastRequest: 8dded7e3-77f4-42cf-91f8-4014f88a5819->e74c9e3a-193e-4dbb-b5f5-b6805398d140#197-t2,previous=(t:2, i:105),leaderCommit=105,initializing? false,entries: size=1, first=(t:2, i:106), METADATAENTRY(c:105): org.apache.ratis.thirdparty.io.grpc.StatusRuntimeException: CANCELLED: client cancelled
2024-04-16 13:47:25,030 [e74c9e3a-193e-4dbb-b5f5-b6805398d140-impl-thread1] INFO  server.RaftServer$Division (ServerState.java:close(427)) - e74c9e3a-193e-4dbb-b5f5-b6805398d140@group-298AC6C8687B: applyIndex: 104
2024-04-16 13:47:25,030 [e74c9e3a-193e-4dbb-b5f5-b6805398d140@group-298AC6C8687B-cacheEviction-AwaitToRun] INFO  util.AwaitToRun (AwaitToRun.java:run(49)) - e74c9e3a-193e-4dbb-b5f5-b6805398d140@group-298AC6C8687B-cacheEviction-AwaitToRun-AwaitForSignal is interrupted
2024-04-16 13:47:25,034 [grpc-default-executor-4] WARN  server.GrpcLogAppender (LogUtils.java:warn(121)) - 8dded7e3-77f4-42cf-91f8-4014f88a5819@group-298AC6C8687B->e74c9e3a-193e-4dbb-b5f5-b6805398d140-AppendLogResponseHandler: Failed appendEntries: org.apache.ratis.thirdparty.io.grpc.StatusRuntimeException: CANCELLED: RST_STREAM closed stream. HTTP/2 error code: CANCEL
2024-04-16 13:47:25,036 [grpc-default-executor-3] WARN  server.GrpcLogAppender (GrpcLogAppender.java:lambda$resetClient$1(217)) - 8dded7e3-77f4-42cf-91f8-4014f88a5819@group-298AC6C8687B->e74c9e3a-193e-4dbb-b5f5-b6805398d140-GrpcLogAppender: Follower failed (request=null, errorCount=1); keep nextIndex (107) unchanged and retry.
2024-04-16 13:47:25,056 [db959189-86db-424f-9228-dcd46ac5d3ef-EndpointStateMachineTaskThread-/127.0.0.1:15012-0 ] WARN  statemachine.EndpointStateMachine (EndpointStateMachine.java:logIfNeeded(242)) - Unable to communicate to SCM server at localhost:15012 for past 0 seconds.
java.io.EOFException: End of File Exception between local host is: "fv-az1428-817/10.1.0.24"; destination host is: "localhost":15012; : java.io.EOFException; For more details see:  http://wiki.apache.org/hadoop/EOFException
	at sun.reflect.NativeConstructorAccessorImpl.newInstance0(Native Method)
	at sun.reflect.NativeConstructorAccessorImpl.newInstance(NativeConstructorAccessorImpl.java:62)
	at sun.reflect.DelegatingConstructorAccessorImpl.newInstance(DelegatingConstructorAccessorImpl.java:45)
	at java.lang.reflect.Constructor.newInstance(Constructor.java:423)
	at org.apache.hadoop.net.NetUtils.wrapWithMessage(NetUtils.java:930)
	at org.apache.hadoop.net.NetUtils.wrapException(NetUtils.java:879)
	at org.apache.hadoop.ipc.Client.getRpcResponse(Client.java:1571)
	at org.apache.hadoop.ipc.Client.call(Client.java:1513)
	at org.apache.hadoop.ipc.Client.call(Client.java:1410)
	at org.apache.hadoop.ipc.ProtobufRpcEngine$Invoker.invoke(ProtobufRpcEngine.java:250)
	at org.apache.hadoop.ipc.ProtobufRpcEngine$Invoker.invoke(ProtobufRpcEngine.java:132)
	at com.sun.proxy.$Proxy64.submitRequest(Unknown Source)
	at org.apache.hadoop.ozone.protocolPB.StorageContainerDatanodeProtocolClientSideTranslatorPB.submitRequest(StorageContainerDatanodeProtocolClientSideTranslatorPB.java:117)
	at org.apache.hadoop.ozone.protocolPB.StorageContainerDatanodeProtocolClientSideTranslatorPB.sendHeartbeat(StorageContainerDatanodeProtocolClientSideTranslatorPB.java:149)
	at org.apache.hadoop.ozone.container.common.states.endpoint.HeartbeatEndpointTask.call(HeartbeatEndpointTask.java:183)
	at org.apache.hadoop.ozone.container.common.states.endpoint.HeartbeatEndpointTask.call(HeartbeatEndpointTask.java:87)
	at java.util.concurrent.FutureTask.run(FutureTask.java:266)
	at java.util.concurrent.ThreadPoolExecutor.runWorker(ThreadPoolExecutor.java:1149)
	at java.util.concurrent.ThreadPoolExecutor$Worker.run(ThreadPoolExecutor.java:624)
	at java.lang.Thread.run(Thread.java:750)
Caused by: java.io.EOFException
	at java.io.DataInputStream.readInt(DataInputStream.java:392)
	at org.apache.hadoop.ipc.Client$IpcStreams.readResponse(Client.java:1906)
	at org.apache.hadoop.ipc.Client$Connection.receiveRpcResponse(Client.java:1187)
	at org.apache.hadoop.ipc.Client$Connection.run(Client.java:1078)
2024-04-16 13:47:25,813 [590e72f5-e0a8-4a6b-9708-265ca50c2b50-EndpointStateMachineTaskThread-/127.0.0.1:15012-0 ] WARN  statemachine.EndpointStateMachine (EndpointStateMachine.java:logIfNeeded(242)) - Unable to communicate to SCM server at localhost:15012 for past 0 seconds.
java.io.EOFException: End of File Exception between local host is: "fv-az1428-817/10.1.0.24"; destination host is: "localhost":15012; : java.io.EOFException; For more details see:  http://wiki.apache.org/hadoop/EOFException
	at sun.reflect.NativeConstructorAccessorImpl.newInstance0(Native Method)
	at sun.reflect.NativeConstructorAccessorImpl.newInstance(NativeConstructorAccessorImpl.java:62)
	at sun.reflect.DelegatingConstructorAccessorImpl.newInstance(DelegatingConstructorAccessorImpl.java:45)
	at java.lang.reflect.Constructor.newInstance(Constructor.java:423)
	at org.apache.hadoop.net.NetUtils.wrapWithMessage(NetUtils.java:930)
	at org.apache.hadoop.net.NetUtils.wrapException(NetUtils.java:879)
	at org.apache.hadoop.ipc.Client.getRpcResponse(Client.java:1571)
	at org.apache.hadoop.ipc.Client.call(Client.java:1513)
	at org.apache.hadoop.ipc.Client.call(Client.java:1410)
	at org.apache.hadoop.ipc.ProtobufRpcEngine$Invoker.invoke(ProtobufRpcEngine.java:250)
	at org.apache.hadoop.ipc.ProtobufRpcEngine$Invoker.invoke(ProtobufRpcEngine.java:132)
	at com.sun.proxy.$Proxy64.submitRequest(Unknown Source)
	at org.apache.hadoop.ozone.protocolPB.StorageContainerDatanodeProtocolClientSideTranslatorPB.submitRequest(StorageContainerDatanodeProtocolClientSideTranslatorPB.java:117)
	at org.apache.hadoop.ozone.protocolPB.StorageContainerDatanodeProtocolClientSideTranslatorPB.sendHeartbeat(StorageContainerDatanodeProtocolClientSideTranslatorPB.java:149)
	at org.apache.hadoop.ozone.container.common.states.endpoint.HeartbeatEndpointTask.call(HeartbeatEndpointTask.java:183)
	at org.apache.hadoop.ozone.container.common.states.endpoint.HeartbeatEndpointTask.call(HeartbeatEndpointTask.java:87)
	at java.util.concurrent.FutureTask.run(FutureTask.java:266)
	at java.util.concurrent.ThreadPoolExecutor.runWorker(ThreadPoolExecutor.java:1149)
	at java.util.concurrent.ThreadPoolExecutor$Worker.run(ThreadPoolExecutor.java:624)
	at java.lang.Thread.run(Thread.java:750)
Caused by: java.io.EOFException
	at java.io.DataInputStream.readInt(DataInputStream.java:392)
	at org.apache.hadoop.ipc.Client$IpcStreams.readResponse(Client.java:1906)
	at org.apache.hadoop.ipc.Client$Connection.receiveRpcResponse(Client.java:1187)
	at org.apache.hadoop.ipc.Client$Connection.run(Client.java:1078)
2024-04-16 13:47:25,815 [scmNode-1-SecretKeyManagerService] INFO  symmetric.SecretKeyManager (SecretKeyManager.java:checkAndRotate(125)) - SecretKey rotation is happening, new key generated SecretKey(id = 2a50efa1-af55-4572-bfb3-3ca331cbb9ab, creation at: 2024-04-16T13:47:25.815Z, expire at: 2024-04-16T13:47:28.815Z)
2024-04-16 13:47:25,820 [8dded7e3-77f4-42cf-91f8-4014f88a5819@group-298AC6C8687B-StateMachineUpdater] INFO  symmetric.SecretKeyStateImpl (SecretKeyStateImpl.java:updateKeysInternal(113)) - Updating keys with [SecretKey(id = 2f3e1d9e-c8cf-4cdd-b9e5-b4d6870ca6d8, creation at: 2024-04-16T13:47:24.815Z, expire at: 2024-04-16T13:47:27.815Z), SecretKey(id = e9443547-a7d5-45b6-addb-bf4887da10dd, creation at: 2024-04-16T13:47:23.815Z, expire at: 2024-04-16T13:47:26.815Z), SecretKey(id = b075509b-09b9-44bf-8347-f5fdcd9b9560, creation at: 2024-04-16T13:47:22.815Z, expire at: 2024-04-16T13:47:25.815Z), SecretKey(id = 2a50efa1-af55-4572-bfb3-3ca331cbb9ab, creation at: 2024-04-16T13:47:25.815Z, expire at: 2024-04-16T13:47:28.815Z)]
2024-04-16 13:47:25,820 [8dded7e3-77f4-42cf-91f8-4014f88a5819@group-298AC6C8687B-StateMachineUpdater] INFO  symmetric.SecretKeyStateImpl (SecretKeyStateImpl.java:updateKeysInternal(128)) - Current key updated SecretKey(id = 2a50efa1-af55-4572-bfb3-3ca331cbb9ab, creation at: 2024-04-16T13:47:25.815Z, expire at: 2024-04-16T13:47:28.815Z)
2024-04-16 13:47:25,821 [8dded7e3-77f4-42cf-91f8-4014f88a5819@group-298AC6C8687B-StateMachineUpdater] INFO  symmetric.LocalSecretKeyStore (LocalSecretKeyStore.java:save(109)) - Saved [SecretKey(id = 2a50efa1-af55-4572-bfb3-3ca331cbb9ab, creation at: 2024-04-16T13:47:25.815Z, expire at: 2024-04-16T13:47:28.815Z), SecretKey(id = 2f3e1d9e-c8cf-4cdd-b9e5-b4d6870ca6d8, creation at: 2024-04-16T13:47:24.815Z, expire at: 2024-04-16T13:47:27.815Z), SecretKey(id = e9443547-a7d5-45b6-addb-bf4887da10dd, creation at: 2024-04-16T13:47:23.815Z, expire at: 2024-04-16T13:47:26.815Z), SecretKey(id = b075509b-09b9-44bf-8347-f5fdcd9b9560, creation at: 2024-04-16T13:47:22.815Z, expire at: 2024-04-16T13:47:25.815Z)] to file /home/runner/work/ozone/ozone/hadoop-ozone/integration-test/target/test-dir/MiniOzoneClusterImpl-f0f26617-5c27-4371-b446-298ac6c8687b/scmNode-1/scm/keys/secret_keys.json
2024-04-16 13:47:25,822 [692eadad-ad12-4257-a6c9-255a711e16c4@group-298AC6C8687B-StateMachineUpdater] INFO  symmetric.SecretKeyStateImpl (SecretKeyStateImpl.java:updateKeysInternal(113)) - Updating keys with [SecretKey(id = 2f3e1d9e-c8cf-4cdd-b9e5-b4d6870ca6d8, creation at: 2024-04-16T13:47:24.815Z, expire at: 2024-04-16T13:47:27.815Z), SecretKey(id = e9443547-a7d5-45b6-addb-bf4887da10dd, creation at: 2024-04-16T13:47:23.815Z, expire at: 2024-04-16T13:47:26.815Z), SecretKey(id = b075509b-09b9-44bf-8347-f5fdcd9b9560, creation at: 2024-04-16T13:47:22.815Z, expire at: 2024-04-16T13:47:25.815Z), SecretKey(id = 2a50efa1-af55-4572-bfb3-3ca331cbb9ab, creation at: 2024-04-16T13:47:25.815Z, expire at: 2024-04-16T13:47:28.815Z)]
2024-04-16 13:47:25,822 [692eadad-ad12-4257-a6c9-255a711e16c4@group-298AC6C8687B-StateMachineUpdater] INFO  symmetric.SecretKeyStateImpl (SecretKeyStateImpl.java:updateKeysInternal(128)) - Current key updated SecretKey(id = 2a50efa1-af55-4572-bfb3-3ca331cbb9ab, creation at: 2024-04-16T13:47:25.815Z, expire at: 2024-04-16T13:47:28.815Z)
2024-04-16 13:47:25,823 [692eadad-ad12-4257-a6c9-255a711e16c4@group-298AC6C8687B-StateMachineUpdater] INFO  symmetric.LocalSecretKeyStore (LocalSecretKeyStore.java:save(109)) - Saved [SecretKey(id = 2a50efa1-af55-4572-bfb3-3ca331cbb9ab, creation at: 2024-04-16T13:47:25.815Z, expire at: 2024-04-16T13:47:28.815Z), SecretKey(id = 2f3e1d9e-c8cf-4cdd-b9e5-b4d6870ca6d8, creation at: 2024-04-16T13:47:24.815Z, expire at: 2024-04-16T13:47:27.815Z), SecretKey(id = e9443547-a7d5-45b6-addb-bf4887da10dd, creation at: 2024-04-16T13:47:23.815Z, expire at: 2024-04-16T13:47:26.815Z), SecretKey(id = b075509b-09b9-44bf-8347-f5fdcd9b9560, creation at: 2024-04-16T13:47:22.815Z, expire at: 2024-04-16T13:47:25.815Z)] to file /home/runner/work/ozone/ozone/hadoop-ozone/integration-test/target/test-dir/MiniOzoneClusterImpl-f0f26617-5c27-4371-b446-298ac6c8687b/scmNode-3/scm/keys/secret_keys.json
2024-04-16 13:47:25,826 [e74c9e3a-193e-4dbb-b5f5-b6805398d140-impl-thread1] INFO  segmented.SegmentedRaftLogWorker (SegmentedRaftLogWorker.java:close(245)) - e74c9e3a-193e-4dbb-b5f5-b6805398d140@group-298AC6C8687B-SegmentedRaftLogWorker close()
2024-04-16 13:47:25,826 [JvmPauseMonitor2] INFO  util.JvmPauseMonitor (JvmPauseMonitor.java:run(152)) - JvmPauseMonitor-e74c9e3a-193e-4dbb-b5f5-b6805398d140: Stopped
2024-04-16 13:47:25,827 [main] INFO  SCMHATransactionMonitor (BackgroundSCMService.java:stop(128)) - Stopping SCMHATransactionMonitor Service.
2024-04-16 13:47:25,827 [scmNode-2-SCMHATransactionMonitor] WARN  SCMHATransactionMonitor (BackgroundSCMService.java:run(112)) - SCMHATransactionMonitor is interrupted, exit
2024-04-16 13:47:25,827 [main] INFO  pipeline.BackgroundPipelineCreator (BackgroundPipelineCreator.java:stop(152)) - Stopping scmNode-2-RatisPipelineUtilsThread.
2024-04-16 13:47:25,827 [scmNode-2-RatisPipelineUtilsThread-0] WARN  pipeline.BackgroundPipelineCreator (BackgroundPipelineCreator.java:run(183)) - scmNode-2-RatisPipelineUtilsThread is interrupted.
2024-04-16 13:47:25,828 [main] INFO  BackgroundPipelineScrubber (BackgroundSCMService.java:stop(128)) - Stopping BackgroundPipelineScrubber Service.
2024-04-16 13:47:25,829 [main] INFO  impl.MetricsSystemImpl (MetricsSystemImpl.java:stop(210)) - Stopping HddsDatanode metrics system...
2024-04-16 13:47:25,828 [scmNode-2-BackgroundPipelineScrubber] WARN  BackgroundPipelineScrubber (BackgroundSCMService.java:run(112)) - BackgroundPipelineScrubber is interrupted, exit
2024-04-16 13:47:25,830 [grpc-default-executor-2] WARN  server.GrpcLogAppender (GrpcLogAppender.java:lambda$resetClient$1(217)) - 8dded7e3-77f4-42cf-91f8-4014f88a5819@group-298AC6C8687B->e74c9e3a-193e-4dbb-b5f5-b6805398d140-GrpcLogAppender: Follower failed (request=null, errorCount=3); keep nextIndex (108) unchanged and retry.
2024-04-16 13:47:25,833 [grpc-default-executor-3] WARN  server.GrpcLogAppender (GrpcLogAppender.java:lambda$resetClient$1(217)) - 8dded7e3-77f4-42cf-91f8-4014f88a5819@group-298AC6C8687B->e74c9e3a-193e-4dbb-b5f5-b6805398d140-GrpcLogAppender: Follower failed (request=null, errorCount=4); keep nextIndex (109) unchanged and retry.
2024-04-16 13:47:25,850 [prometheus] INFO  impl.MetricsSinkAdapter (MetricsSinkAdapter.java:publishMetricsFromQueue(141)) - prometheus thread interrupted.
2024-04-16 13:47:25,850 [main] INFO  impl.MetricsSystemImpl (MetricsSystemImpl.java:stop(216)) - HddsDatanode metrics system stopped.
2024-04-16 13:47:25,851 [main] WARN  pipeline.BackgroundPipelineCreator (BackgroundPipelineCreator.java:stop(148)) - scmNode-2-RatisPipelineUtilsThread is not running, just ignore.
2024-04-16 13:47:25,851 [main] INFO  BackgroundPipelineScrubber (BackgroundSCMService.java:stop(123)) - BackgroundPipelineScrubber Service is not running, skip stop.
2024-04-16 13:47:25,852 [main] INFO  ExpiredContainerReplicaOpScrubber (BackgroundSCMService.java:stop(128)) - Stopping ExpiredContainerReplicaOpScrubber Service.
2024-04-16 13:47:25,852 [scmNode-2-ExpiredContainerReplicaOpScrubber] WARN  ExpiredContainerReplicaOpScrubber (BackgroundSCMService.java:run(112)) - ExpiredContainerReplicaOpScrubber is interrupted, exit
2024-04-16 13:47:25,852 [main] INFO  utils.BackgroundService (BackgroundService.java:shutdown(160)) - Shutting down service SCMBlockDeletingService
2024-04-16 13:47:25,852 [main] INFO  replication.ReplicationManager (ReplicationManager.java:stop(338)) - Replication Monitor Thread is not running.
2024-04-16 13:47:25,853 [main] WARN  balancer.ContainerBalancer (ContainerBalancer.java:stop(327)) - Cannot stop Container Balancer because it's not running or stopping
2024-04-16 13:47:25,853 [main] INFO  SCMHATransactionMonitor (BackgroundSCMService.java:stop(123)) - SCMHATransactionMonitor Service is not running, skip stop.
2024-04-16 13:47:25,853 [scmNode-2-LeaseManager#LeaseMonitor] WARN  lease.LeaseManager (LeaseManager.java:run(287)) - Lease manager is interrupted. Shutting down...
java.lang.InterruptedException
	at java.util.concurrent.locks.AbstractQueuedSynchronizer.doAcquireSharedNanos(AbstractQueuedSynchronizer.java:1039)
	at java.util.concurrent.locks.AbstractQueuedSynchronizer.tryAcquireSharedNanos(AbstractQueuedSynchronizer.java:1328)
	at java.util.concurrent.Semaphore.tryAcquire(Semaphore.java:409)
	at org.apache.hadoop.ozone.lease.LeaseManager$LeaseMonitor.run(LeaseManager.java:285)
	at java.lang.Thread.run(Thread.java:750)
2024-04-16 13:47:25,854 [main] INFO  server.StorageContainerManager (StorageContainerManager.java:stop(1777)) - Stopping SCM MetadataStore.
2024-04-16 13:47:25,855 [main] INFO  server.SCMSecurityProtocolServer (SCMSecurityProtocolServer.java:join(576)) - Join RPC server for SCMSecurityProtocolServer.
2024-04-16 13:47:25,855 [main] INFO  server.SCMSecurityProtocolServer (SCMSecurityProtocolServer.java:join(578)) - Join gRPC server for SCMSecurityProtocolServer.
2024-04-16 13:47:25,855 [main] INFO  ozone.MiniOzoneHAClusterImpl (MiniOzoneHAClusterImpl.java:stop(295)) - Stopping the StorageContainerManager 692eadad-ad12-4257-a6c9-255a711e16c4
2024-04-16 13:47:25,855 [main] INFO  server.StorageContainerManager (StorageContainerManager.java:stop(1653)) - Container Balancer is not running.
2024-04-16 13:47:25,855 [main] INFO  server.StorageContainerManager (StorageContainerManager.java:stopReplicationManager(1786)) - Stopping Replication Manager Service.
2024-04-16 13:47:25,856 [main] INFO  replication.ReplicationManager (ReplicationManager.java:stop(328)) - Stopping Replication Monitor Thread.
2024-04-16 13:47:25,856 [main] INFO  server.StorageContainerManager (StorageContainerManager.java:stop(1662)) - Stopping the Datanode Admin Monitor.
2024-04-16 13:47:25,856 [scmNode-3-UnderReplicatedProcessor] WARN  replication.UnhealthyReplicationProcessor (UnhealthyReplicationProcessor.java:run(180)) - scmNode-3-UnderReplicatedProcessor interrupted. Exiting...
2024-04-16 13:47:25,856 [scmNode-3-ReplicationMonitor] INFO  replication.ReplicationManager (ReplicationManager.java:run(935)) - Replication Monitor Thread is stopped
2024-04-16 13:47:25,856 [scmNode-3-OverReplicatedProcessor] WARN  replication.UnhealthyReplicationProcessor (UnhealthyReplicationProcessor.java:run(180)) - scmNode-3-OverReplicatedProcessor interrupted. Exiting...
2024-04-16 13:47:25,856 [main] INFO  server.StorageContainerManager (StorageContainerManager.java:stop(1669)) - Stopping datanode service RPC server
2024-04-16 13:47:25,857 [main] INFO  server.SCMDatanodeProtocolServer (SCMDatanodeProtocolServer.java:stop(425)) - Stopping the RPC server for DataNodes
2024-04-16 13:47:25,857 [main] INFO  ipc.Server (Server.java:stop(3523)) - Stopping server on 15020
2024-04-16 13:47:25,860 [IPC Server listener on 15020] INFO  ipc.Server (Server.java:run(1434)) - Stopping IPC Server listener on 15020
2024-04-16 13:47:25,861 [IPC Server Responder] INFO  ipc.Server (Server.java:run(1567)) - Stopping IPC Server Responder
2024-04-16 13:47:25,894 [scmNode-3-SCMHeartbeatProcessor-0] WARN  node.NodeStateManager (NodeStateManager.java:scheduleNextHealthCheck(878)) - Current Thread is interrupted, shutting down HB processing thread for Node Manager.
2024-04-16 13:47:25,894 [main] INFO  server.StorageContainerManager (StorageContainerManager.java:stop(1677)) - Stopping block service RPC server
2024-04-16 13:47:25,894 [main] INFO  server.SCMBlockProtocolServer (SCMBlockProtocolServer.java:stop(171)) - Stopping the RPC server for Block Protocol
2024-04-16 13:47:25,895 [main] INFO  ipc.Server (Server.java:stop(3523)) - Stopping server on 15023
2024-04-16 13:47:25,901 [IPC Server listener on 15023] INFO  ipc.Server (Server.java:run(1434)) - Stopping IPC Server listener on 15023
2024-04-16 13:47:25,902 [IPC Server Responder] INFO  ipc.Server (Server.java:run(1567)) - Stopping IPC Server Responder
2024-04-16 13:47:25,903 [main] INFO  server.StorageContainerManager (StorageContainerManager.java:stop(1684)) - Stopping the StorageContainerLocationProtocol RPC server
2024-04-16 13:47:25,904 [main] INFO  server.SCMClientProtocolServer (SCMClientProtocolServer.java:stop(213)) - Stopping the RPC server for Client Protocol
2024-04-16 13:47:25,904 [main] INFO  ipc.Server (Server.java:stop(3523)) - Stopping server on 15021
2024-04-16 13:47:25,910 [IPC Server listener on 15021] INFO  ipc.Server (Server.java:run(1434)) - Stopping IPC Server listener on 15021
2024-04-16 13:47:25,912 [IPC Server Responder] INFO  ipc.Server (Server.java:run(1567)) - Stopping IPC Server Responder
2024-04-16 13:47:25,912 [main] INFO  server.StorageContainerManager (StorageContainerManager.java:stop(1691)) - Stopping Storage Container Manager HTTP server.
2024-04-16 13:47:25,913 [main] INFO  handler.ContextHandler (ContextHandler.java:doStop(1159)) - Stopped o.e.j.w.WebAppContext@1b404a21{scm,/,null,STOPPED}{file:/home/runner/work/ozone/ozone/hadoop-ozone/integration-test/target/test-classes/webapps/scm}
2024-04-16 13:47:25,916 [main] INFO  server.AbstractConnector (AbstractConnector.java:doStop(383)) - Stopped ServerConnector@749aa36f{HTTP/1.1, (http/1.1)}{0.0.0.0:15016}
2024-04-16 13:47:25,916 [main] INFO  server.session (HouseKeeper.java:stopScavenging(149)) - node0 Stopped scavenging
2024-04-16 13:47:25,916 [SecretKeyPoller] INFO  symmetric.DefaultSecretKeySignerClient (DefaultSecretKeySignerClient.java:checkAndRefresh(167)) - New secret key fetched from SCM: SecretKey(id = 2a50efa1-af55-4572-bfb3-3ca331cbb9ab, creation at: 2024-04-16T13:47:25.815Z, expire at: 2024-04-16T13:47:28.815Z).
2024-04-16 13:47:25,917 [main] INFO  handler.ContextHandler (ContextHandler.java:doStop(1159)) - Stopped o.e.j.s.ServletContextHandler@24209520{static,/static,file:///home/runner/work/ozone/ozone/hadoop-ozone/integration-test/target/test-classes/webapps/static,STOPPED}
2024-04-16 13:47:25,918 [SecretKeyPoller] INFO  symmetric.DefaultSecretKeySignerClient (DefaultSecretKeySignerClient.java:checkAndRefresh(167)) - New secret key fetched from SCM: SecretKey(id = 2a50efa1-af55-4572-bfb3-3ca331cbb9ab, creation at: 2024-04-16T13:47:25.815Z, expire at: 2024-04-16T13:47:28.815Z).
2024-04-16 13:47:25,917 [SecretKeyPoller] INFO  symmetric.DefaultSecretKeySignerClient (DefaultSecretKeySignerClient.java:checkAndRefresh(167)) - New secret key fetched from SCM: SecretKey(id = 2a50efa1-af55-4572-bfb3-3ca331cbb9ab, creation at: 2024-04-16T13:47:25.815Z, expire at: 2024-04-16T13:47:28.815Z).
2024-04-16 13:47:25,918 [main] INFO  handler.ContextHandler (ContextHandler.java:doStop(1159)) - Stopped o.e.j.s.ServletContextHandler@27153ba2{logs,/logs,file:///home/runner/work/ozone/ozone/hadoop-ozone/integration-test/target/log,STOPPED}
2024-04-16 13:47:25,919 [main] INFO  server.StorageContainerManager (StorageContainerManager.java:stop(1699)) - Stopping SCM LayoutVersionManager Service.
2024-04-16 13:47:25,920 [main] INFO  server.SCMSecurityProtocolServer (SCMSecurityProtocolServer.java:stop(566)) - Stopping the SCMSecurityProtocolServer.
2024-04-16 13:47:25,920 [main] INFO  ipc.Server (Server.java:stop(3523)) - Stopping server on 15018
2024-04-16 13:47:25,921 [IPC Server Responder] INFO  ipc.Server (Server.java:run(1567)) - Stopping IPC Server Responder
2024-04-16 13:47:25,921 [main] INFO  server.SCMUpdateServiceGrpcServer (SCMUpdateServiceGrpcServer.java:stop(73)) - SCMUpdateService stopping
2024-04-16 13:47:25,921 [IPC Server listener on 15018] INFO  ipc.Server (Server.java:run(1434)) - Stopping IPC Server listener on 15018
2024-04-16 13:47:25,923 [main] INFO  server.SCMUpdateServiceGrpcServer (SCMUpdateServiceGrpcServer.java:stop(85)) - SCMUpdateService stopped!
2024-04-16 13:47:25,923 [main] INFO  server.StorageContainerManager (StorageContainerManager.java:stop(1711)) - Stopping Block Manager Service.
2024-04-16 13:47:25,923 [main] INFO  utils.BackgroundService (BackgroundService.java:shutdown(160)) - Shutting down service SCMBlockDeletingService
2024-04-16 13:47:25,923 [main] INFO  utils.BackgroundService (BackgroundService.java:shutdown(160)) - Shutting down service SCMBlockDeletingService
2024-04-16 13:47:25,923 [main] INFO  server.StorageContainerManager (StorageContainerManager.java:stop(1731)) - Stopping SCM Event Queue.
2024-04-16 13:47:25,924 [main] INFO  server.StorageContainerManager (StorageContainerManager.java:stop(1742)) - Stopping SCM HA services.
2024-04-16 13:47:25,924 [main] INFO  ha.SCMRatisServerImpl (SCMRatisServerImpl.java:stop(257)) - stopping ratis server 0.0.0.0:15019
2024-04-16 13:47:25,924 [main] INFO  server.RaftServer (RaftServerProxy.java:lambda$close$9(416)) - 692eadad-ad12-4257-a6c9-255a711e16c4: close
2024-04-16 13:47:25,924 [main] INFO  server.GrpcService (GrpcService.java:closeImpl(311)) - 692eadad-ad12-4257-a6c9-255a711e16c4: shutdown server GrpcServerProtocolService now
2024-04-16 13:47:25,924 [692eadad-ad12-4257-a6c9-255a711e16c4-impl-thread1] INFO  server.RaftServer$Division (RaftServerImpl.java:lambda$close$3(526)) - 692eadad-ad12-4257-a6c9-255a711e16c4@group-298AC6C8687B: shutdown
2024-04-16 13:47:25,925 [692eadad-ad12-4257-a6c9-255a711e16c4-impl-thread1] INFO  util.JmxRegister (JmxRegister.java:unregister(73)) - Successfully un-registered JMX Bean with object name Ratis:service=RaftServer,group=group-298AC6C8687B,id=692eadad-ad12-4257-a6c9-255a711e16c4
2024-04-16 13:47:25,925 [692eadad-ad12-4257-a6c9-255a711e16c4-impl-thread1] INFO  impl.RoleInfo (RoleInfo.java:shutdownFollowerState(110)) - 692eadad-ad12-4257-a6c9-255a711e16c4: shutdown 692eadad-ad12-4257-a6c9-255a711e16c4@group-298AC6C8687B-FollowerState
2024-04-16 13:47:25,925 [692eadad-ad12-4257-a6c9-255a711e16c4-impl-thread1] INFO  impl.StateMachineUpdater (StateMachineUpdater.java:stopAndJoin(157)) - 692eadad-ad12-4257-a6c9-255a711e16c4@group-298AC6C8687B-StateMachineUpdater: set stopIndex = 107
2024-04-16 13:47:25,925 [692eadad-ad12-4257-a6c9-255a711e16c4@group-298AC6C8687B-FollowerState] INFO  impl.FollowerState (FollowerState.java:run(152)) - 692eadad-ad12-4257-a6c9-255a711e16c4@group-298AC6C8687B-FollowerState was interrupted
2024-04-16 13:47:25,926 [692eadad-ad12-4257-a6c9-255a711e16c4@group-298AC6C8687B-StateMachineUpdater] INFO  ha.SCMStateMachine (SCMStateMachine.java:takeSnapshot(331)) - Current Snapshot Index 107, takeSnapshot took 1 ms
2024-04-16 13:47:25,927 [692eadad-ad12-4257-a6c9-255a711e16c4@group-298AC6C8687B-StateMachineUpdater] INFO  impl.StateMachineUpdater (StateMachineUpdater.java:takeSnapshot(295)) - 692eadad-ad12-4257-a6c9-255a711e16c4@group-298AC6C8687B-StateMachineUpdater: Took a snapshot at index 107
2024-04-16 13:47:25,927 [692eadad-ad12-4257-a6c9-255a711e16c4@group-298AC6C8687B-StateMachineUpdater] INFO  impl.StateMachineUpdater (StateMachineUpdater.java:lambda$new$0(98)) - 692eadad-ad12-4257-a6c9-255a711e16c4@group-298AC6C8687B-StateMachineUpdater: snapshotIndex: updateIncreasingly -1 -> 107
2024-04-16 13:47:25,927 [692eadad-ad12-4257-a6c9-255a711e16c4-impl-thread1] INFO  server.RaftServer$Division (ServerState.java:close(427)) - 692eadad-ad12-4257-a6c9-255a711e16c4@group-298AC6C8687B: applyIndex: 106
2024-04-16 13:47:25,927 [692eadad-ad12-4257-a6c9-255a711e16c4@group-298AC6C8687B-cacheEviction-AwaitToRun] INFO  util.AwaitToRun (AwaitToRun.java:run(49)) - 692eadad-ad12-4257-a6c9-255a711e16c4@group-298AC6C8687B-cacheEviction-AwaitToRun-AwaitForSignal is interrupted
2024-04-16 13:47:25,929 [grpc-default-executor-2] WARN  server.GrpcServerProtocolService (LogUtils.java:warn(121)) - 692eadad-ad12-4257-a6c9-255a711e16c4: APPEND_ENTRIES onError, lastRequest: null: org.apache.ratis.thirdparty.io.grpc.StatusRuntimeException: CANCELLED: client cancelled
2024-04-16 13:47:25,930 [main] INFO  server.GrpcService (GrpcService.java:closeImpl(320)) - 692eadad-ad12-4257-a6c9-255a711e16c4: shutdown server GrpcServerProtocolService successfully
2024-04-16 13:47:25,931 [grpc-default-executor-4] WARN  server.GrpcLogAppender (LogUtils.java:warn(121)) - 8dded7e3-77f4-42cf-91f8-4014f88a5819@group-298AC6C8687B->692eadad-ad12-4257-a6c9-255a711e16c4-AppendLogResponseHandler: Failed appendEntries: org.apache.ratis.thirdparty.io.grpc.StatusRuntimeException: CANCELLED: RST_STREAM closed stream. HTTP/2 error code: CANCEL
2024-04-16 13:47:25,931 [grpc-default-executor-4] WARN  server.GrpcLogAppender (GrpcLogAppender.java:lambda$resetClient$1(217)) - 8dded7e3-77f4-42cf-91f8-4014f88a5819@group-298AC6C8687B->692eadad-ad12-4257-a6c9-255a711e16c4-GrpcLogAppender: Follower failed (request=null, errorCount=1); keep nextIndex (109) unchanged and retry.
2024-04-16 13:47:25,931 [grpc-default-executor-3] WARN  server.GrpcServerProtocolService (LogUtils.java:warn(121)) - 692eadad-ad12-4257-a6c9-255a711e16c4: APPEND_ENTRIES onError, lastRequest: 8dded7e3-77f4-42cf-91f8-4014f88a5819->692eadad-ad12-4257-a6c9-255a711e16c4#198-t2,previous=(t:2, i:107),leaderCommit=107,initializing? false,entries: size=1, first=(t:2, i:108), METADATAENTRY(c:107): org.apache.ratis.thirdparty.io.grpc.StatusRuntimeException: CANCELLED: client cancelled
2024-04-16 13:47:26,054 [db959189-86db-424f-9228-dcd46ac5d3ef-EndpointStateMachineTaskThread-/127.0.0.1:15020-0 ] WARN  statemachine.EndpointStateMachine (EndpointStateMachine.java:logIfNeeded(242)) - Unable to communicate to SCM server at localhost:15020 for past 0 seconds.
java.io.EOFException: End of File Exception between local host is: "fv-az1428-817/10.1.0.24"; destination host is: "localhost":15020; : java.io.EOFException; For more details see:  http://wiki.apache.org/hadoop/EOFException
	at sun.reflect.NativeConstructorAccessorImpl.newInstance0(Native Method)
	at sun.reflect.NativeConstructorAccessorImpl.newInstance(NativeConstructorAccessorImpl.java:62)
	at sun.reflect.DelegatingConstructorAccessorImpl.newInstance(DelegatingConstructorAccessorImpl.java:45)
	at java.lang.reflect.Constructor.newInstance(Constructor.java:423)
	at org.apache.hadoop.net.NetUtils.wrapWithMessage(NetUtils.java:930)
	at org.apache.hadoop.net.NetUtils.wrapException(NetUtils.java:879)
	at org.apache.hadoop.ipc.Client.getRpcResponse(Client.java:1571)
	at org.apache.hadoop.ipc.Client.call(Client.java:1513)
	at org.apache.hadoop.ipc.Client.call(Client.java:1410)
	at org.apache.hadoop.ipc.ProtobufRpcEngine$Invoker.invoke(ProtobufRpcEngine.java:250)
	at org.apache.hadoop.ipc.ProtobufRpcEngine$Invoker.invoke(ProtobufRpcEngine.java:132)
	at com.sun.proxy.$Proxy64.submitRequest(Unknown Source)
	at org.apache.hadoop.ozone.protocolPB.StorageContainerDatanodeProtocolClientSideTranslatorPB.submitRequest(StorageContainerDatanodeProtocolClientSideTranslatorPB.java:117)
	at org.apache.hadoop.ozone.protocolPB.StorageContainerDatanodeProtocolClientSideTranslatorPB.sendHeartbeat(StorageContainerDatanodeProtocolClientSideTranslatorPB.java:149)
	at org.apache.hadoop.ozone.container.common.states.endpoint.HeartbeatEndpointTask.call(HeartbeatEndpointTask.java:183)
	at org.apache.hadoop.ozone.container.common.states.endpoint.HeartbeatEndpointTask.call(HeartbeatEndpointTask.java:87)
	at java.util.concurrent.FutureTask.run(FutureTask.java:266)
	at java.util.concurrent.ThreadPoolExecutor.runWorker(ThreadPoolExecutor.java:1149)
	at java.util.concurrent.ThreadPoolExecutor$Worker.run(ThreadPoolExecutor.java:624)
	at java.lang.Thread.run(Thread.java:750)
Caused by: java.io.EOFException
	at java.io.DataInputStream.readInt(DataInputStream.java:392)
	at org.apache.hadoop.ipc.Client$IpcStreams.readResponse(Client.java:1906)
	at org.apache.hadoop.ipc.Client$Connection.receiveRpcResponse(Client.java:1187)
	at org.apache.hadoop.ipc.Client$Connection.run(Client.java:1078)
2024-04-16 13:47:26,493 [88d255ec-0e94-4950-ab45-ac807e327f1f-EndpointStateMachineTaskThread-/127.0.0.1:15012-0 ] INFO  ipc.Client (Client.java:handleConnectionFailure(950)) - Retrying connect to server: localhost/127.0.0.1:15012. Already tried 0 time(s); retry policy is RetryUpToMaximumCountWithFixedSleep(maxRetries=15, sleepTime=1000 MILLISECONDS)
2024-04-16 13:47:26,814 [590e72f5-e0a8-4a6b-9708-265ca50c2b50-EndpointStateMachineTaskThread-/127.0.0.1:15020-0 ] WARN  statemachine.EndpointStateMachine (EndpointStateMachine.java:logIfNeeded(242)) - Unable to communicate to SCM server at localhost:15020 for past 0 seconds.
java.io.EOFException: End of File Exception between local host is: "fv-az1428-817/10.1.0.24"; destination host is: "localhost":15020; : java.io.EOFException; For more details see:  http://wiki.apache.org/hadoop/EOFException
	at sun.reflect.NativeConstructorAccessorImpl.newInstance0(Native Method)
	at sun.reflect.NativeConstructorAccessorImpl.newInstance(NativeConstructorAccessorImpl.java:62)
	at sun.reflect.DelegatingConstructorAccessorImpl.newInstance(DelegatingConstructorAccessorImpl.java:45)
	at java.lang.reflect.Constructor.newInstance(Constructor.java:423)
	at org.apache.hadoop.net.NetUtils.wrapWithMessage(NetUtils.java:930)
	at org.apache.hadoop.net.NetUtils.wrapException(NetUtils.java:879)
	at org.apache.hadoop.ipc.Client.getRpcResponse(Client.java:1571)
	at org.apache.hadoop.ipc.Client.call(Client.java:1513)
	at org.apache.hadoop.ipc.Client.call(Client.java:1410)
	at org.apache.hadoop.ipc.ProtobufRpcEngine$Invoker.invoke(ProtobufRpcEngine.java:250)
	at org.apache.hadoop.ipc.ProtobufRpcEngine$Invoker.invoke(ProtobufRpcEngine.java:132)
	at com.sun.proxy.$Proxy64.submitRequest(Unknown Source)
	at org.apache.hadoop.ozone.protocolPB.StorageContainerDatanodeProtocolClientSideTranslatorPB.submitRequest(StorageContainerDatanodeProtocolClientSideTranslatorPB.java:117)
	at org.apache.hadoop.ozone.protocolPB.StorageContainerDatanodeProtocolClientSideTranslatorPB.sendHeartbeat(StorageContainerDatanodeProtocolClientSideTranslatorPB.java:149)
	at org.apache.hadoop.ozone.container.common.states.endpoint.HeartbeatEndpointTask.call(HeartbeatEndpointTask.java:183)
	at org.apache.hadoop.ozone.container.common.states.endpoint.HeartbeatEndpointTask.call(HeartbeatEndpointTask.java:87)
	at java.util.concurrent.FutureTask.run(FutureTask.java:266)
	at java.util.concurrent.ThreadPoolExecutor.runWorker(ThreadPoolExecutor.java:1149)
	at java.util.concurrent.ThreadPoolExecutor$Worker.run(ThreadPoolExecutor.java:624)
	at java.lang.Thread.run(Thread.java:750)
Caused by: java.io.EOFException
	at java.io.DataInputStream.readInt(DataInputStream.java:392)
	at org.apache.hadoop.ipc.Client$IpcStreams.readResponse(Client.java:1906)
	at org.apache.hadoop.ipc.Client$Connection.receiveRpcResponse(Client.java:1187)
	at org.apache.hadoop.ipc.Client$Connection.run(Client.java:1078)
2024-04-16 13:47:26,815 [scmNode-1-SecretKeyManagerService] INFO  symmetric.SecretKeyManager (SecretKeyManager.java:checkAndRotate(125)) - SecretKey rotation is happening, new key generated SecretKey(id = 9b5970d3-8137-4315-85e8-858d697fce4d, creation at: 2024-04-16T13:47:26.815Z, expire at: 2024-04-16T13:47:29.815Z)
2024-04-16 13:47:26,818 [grpc-default-executor-2] WARN  server.GrpcLogAppender (GrpcLogAppender.java:lambda$resetClient$1(217)) - 8dded7e3-77f4-42cf-91f8-4014f88a5819@group-298AC6C8687B->e74c9e3a-193e-4dbb-b5f5-b6805398d140-GrpcLogAppender: Follower failed (request=null, errorCount=7); keep nextIndex (110) unchanged and retry.
2024-04-16 13:47:26,823 [grpc-default-executor-2] WARN  server.GrpcLogAppender (GrpcLogAppender.java:lambda$resetClient$1(217)) - 8dded7e3-77f4-42cf-91f8-4014f88a5819@group-298AC6C8687B->692eadad-ad12-4257-a6c9-255a711e16c4-GrpcLogAppender: Follower failed (request=null, errorCount=3); keep nextIndex (110) unchanged and retry.
2024-04-16 13:47:26,824 [692eadad-ad12-4257-a6c9-255a711e16c4-impl-thread1] INFO  segmented.SegmentedRaftLogWorker (SegmentedRaftLogWorker.java:close(245)) - 692eadad-ad12-4257-a6c9-255a711e16c4@group-298AC6C8687B-SegmentedRaftLogWorker close()
2024-04-16 13:47:26,826 [JvmPauseMonitor3] INFO  util.JvmPauseMonitor (JvmPauseMonitor.java:run(152)) - JvmPauseMonitor-692eadad-ad12-4257-a6c9-255a711e16c4: Stopped
2024-04-16 13:47:26,827 [main] INFO  SCMHATransactionMonitor (BackgroundSCMService.java:stop(128)) - Stopping SCMHATransactionMonitor Service.
2024-04-16 13:47:26,827 [main] INFO  pipeline.BackgroundPipelineCreator (BackgroundPipelineCreator.java:stop(152)) - Stopping scmNode-3-RatisPipelineUtilsThread.
2024-04-16 13:47:26,827 [scmNode-3-SCMHATransactionMonitor] WARN  SCMHATransactionMonitor (BackgroundSCMService.java:run(112)) - SCMHATransactionMonitor is interrupted, exit
2024-04-16 13:47:26,827 [scmNode-3-RatisPipelineUtilsThread-0] WARN  pipeline.BackgroundPipelineCreator (BackgroundPipelineCreator.java:run(183)) - scmNode-3-RatisPipelineUtilsThread is interrupted.
2024-04-16 13:47:26,828 [main] INFO  BackgroundPipelineScrubber (BackgroundSCMService.java:stop(128)) - Stopping BackgroundPipelineScrubber Service.
2024-04-16 13:47:26,828 [main] INFO  impl.MetricsSystemImpl (MetricsSystemImpl.java:stop(205)) - HddsDatanode metrics system stopped (again)
2024-04-16 13:47:26,828 [main] WARN  pipeline.BackgroundPipelineCreator (BackgroundPipelineCreator.java:stop(148)) - scmNode-3-RatisPipelineUtilsThread is not running, just ignore.
2024-04-16 13:47:26,828 [main] INFO  BackgroundPipelineScrubber (BackgroundSCMService.java:stop(123)) - BackgroundPipelineScrubber Service is not running, skip stop.
2024-04-16 13:47:26,829 [main] INFO  ExpiredContainerReplicaOpScrubber (BackgroundSCMService.java:stop(128)) - Stopping ExpiredContainerReplicaOpScrubber Service.
2024-04-16 13:47:26,829 [main] INFO  utils.BackgroundService (BackgroundService.java:shutdown(160)) - Shutting down service SCMBlockDeletingService
2024-04-16 13:47:26,829 [main] INFO  replication.ReplicationManager (ReplicationManager.java:stop(338)) - Replication Monitor Thread is not running.
2024-04-16 13:47:26,829 [main] WARN  balancer.ContainerBalancer (ContainerBalancer.java:stop(327)) - Cannot stop Container Balancer because it's not running or stopping
2024-04-16 13:47:26,829 [main] INFO  SCMHATransactionMonitor (BackgroundSCMService.java:stop(123)) - SCMHATransactionMonitor Service is not running, skip stop.
2024-04-16 13:47:26,830 [main] INFO  server.StorageContainerManager (StorageContainerManager.java:stop(1777)) - Stopping SCM MetadataStore.
2024-04-16 13:47:26,830 [main] INFO  server.SCMSecurityProtocolServer (SCMSecurityProtocolServer.java:join(576)) - Join RPC server for SCMSecurityProtocolServer.
2024-04-16 13:47:26,831 [main] INFO  server.SCMSecurityProtocolServer (SCMSecurityProtocolServer.java:join(578)) - Join gRPC server for SCMSecurityProtocolServer.
2024-04-16 13:47:26,831 [main] INFO  ozone.MiniOzoneHAClusterImpl (MiniOzoneHAClusterImpl.java:stop(295)) - Stopping the StorageContainerManager 8dded7e3-77f4-42cf-91f8-4014f88a5819
2024-04-16 13:47:26,831 [main] INFO  server.StorageContainerManager (StorageContainerManager.java:stop(1653)) - Container Balancer is not running.
2024-04-16 13:47:26,831 [main] INFO  server.StorageContainerManager (StorageContainerManager.java:stopReplicationManager(1786)) - Stopping Replication Manager Service.
2024-04-16 13:47:26,831 [main] INFO  replication.ReplicationManager (ReplicationManager.java:stop(328)) - Stopping Replication Monitor Thread.
2024-04-16 13:47:26,831 [scmNode-3-ExpiredContainerReplicaOpScrubber] WARN  ExpiredContainerReplicaOpScrubber (BackgroundSCMService.java:run(112)) - ExpiredContainerReplicaOpScrubber is interrupted, exit
2024-04-16 13:47:26,831 [scmNode-3-LeaseManager#LeaseMonitor] WARN  lease.LeaseManager (LeaseManager.java:run(287)) - Lease manager is interrupted. Shutting down...
java.lang.InterruptedException
	at java.util.concurrent.locks.AbstractQueuedSynchronizer.doAcquireSharedNanos(AbstractQueuedSynchronizer.java:1039)
	at java.util.concurrent.locks.AbstractQueuedSynchronizer.tryAcquireSharedNanos(AbstractQueuedSynchronizer.java:1328)
	at java.util.concurrent.Semaphore.tryAcquire(Semaphore.java:409)
	at org.apache.hadoop.ozone.lease.LeaseManager$LeaseMonitor.run(LeaseManager.java:285)
	at java.lang.Thread.run(Thread.java:750)
2024-04-16 13:47:26,828 [scmNode-3-BackgroundPipelineScrubber] WARN  BackgroundPipelineScrubber (BackgroundSCMService.java:run(112)) - BackgroundPipelineScrubber is interrupted, exit
2024-04-16 13:47:26,832 [scmNode-1-UnderReplicatedProcessor] WARN  replication.UnhealthyReplicationProcessor (UnhealthyReplicationProcessor.java:run(180)) - scmNode-1-UnderReplicatedProcessor interrupted. Exiting...
2024-04-16 13:47:26,832 [scmNode-1-OverReplicatedProcessor] WARN  replication.UnhealthyReplicationProcessor (UnhealthyReplicationProcessor.java:run(180)) - scmNode-1-OverReplicatedProcessor interrupted. Exiting...
2024-04-16 13:47:26,832 [main] INFO  server.StorageContainerManager (StorageContainerManager.java:stop(1662)) - Stopping the Datanode Admin Monitor.
2024-04-16 13:47:26,832 [scmNode-1-ReplicationMonitor] INFO  replication.ReplicationManager (ReplicationManager.java:run(935)) - Replication Monitor Thread is stopped
2024-04-16 13:47:26,833 [main] INFO  server.StorageContainerManager (StorageContainerManager.java:stop(1669)) - Stopping datanode service RPC server
2024-04-16 13:47:26,833 [main] INFO  server.SCMDatanodeProtocolServer (SCMDatanodeProtocolServer.java:stop(425)) - Stopping the RPC server for DataNodes
2024-04-16 13:47:26,833 [main] INFO  ipc.Server (Server.java:stop(3523)) - Stopping server on 15004
2024-04-16 13:47:26,838 [IPC Server listener on 15004] INFO  ipc.Server (Server.java:run(1434)) - Stopping IPC Server listener on 15004
2024-04-16 13:47:26,839 [IPC Server Responder] INFO  ipc.Server (Server.java:run(1567)) - Stopping IPC Server Responder
2024-04-16 13:47:26,892 [scmNode-1-SCMHeartbeatProcessor-0] WARN  node.NodeStateManager (NodeStateManager.java:scheduleNextHealthCheck(878)) - Current Thread is interrupted, shutting down HB processing thread for Node Manager.
2024-04-16 13:47:26,892 [main] INFO  server.StorageContainerManager (StorageContainerManager.java:stop(1677)) - Stopping block service RPC server
2024-04-16 13:47:26,893 [main] INFO  server.SCMBlockProtocolServer (SCMBlockProtocolServer.java:stop(171)) - Stopping the RPC server for Block Protocol
2024-04-16 13:47:26,893 [main] INFO  ipc.Server (Server.java:stop(3523)) - Stopping server on 15007
2024-04-16 13:47:26,897 [IPC Server listener on 15007] INFO  ipc.Server (Server.java:run(1434)) - Stopping IPC Server listener on 15007
2024-04-16 13:47:26,900 [IPC Server Responder] INFO  ipc.Server (Server.java:run(1567)) - Stopping IPC Server Responder
2024-04-16 13:47:26,901 [main] INFO  server.StorageContainerManager (StorageContainerManager.java:stop(1684)) - Stopping the StorageContainerLocationProtocol RPC server
2024-04-16 13:47:26,901 [main] INFO  server.SCMClientProtocolServer (SCMClientProtocolServer.java:stop(213)) - Stopping the RPC server for Client Protocol
2024-04-16 13:47:26,901 [main] INFO  ipc.Server (Server.java:stop(3523)) - Stopping server on 15005
2024-04-16 13:47:26,904 [IPC Server listener on 15005] INFO  ipc.Server (Server.java:run(1434)) - Stopping IPC Server listener on 15005
2024-04-16 13:47:26,906 [IPC Server Responder] INFO  ipc.Server (Server.java:run(1567)) - Stopping IPC Server Responder
2024-04-16 13:47:26,906 [main] INFO  server.StorageContainerManager (StorageContainerManager.java:stop(1691)) - Stopping Storage Container Manager HTTP server.
2024-04-16 13:47:26,907 [main] INFO  handler.ContextHandler (ContextHandler.java:doStop(1159)) - Stopped o.e.j.w.WebAppContext@7d8fcde8{scm,/,null,STOPPED}{file:/home/runner/work/ozone/ozone/hadoop-ozone/integration-test/target/test-classes/webapps/scm}
2024-04-16 13:47:26,908 [main] INFO  server.AbstractConnector (AbstractConnector.java:doStop(383)) - Stopped ServerConnector@3f44295{HTTP/1.1, (http/1.1)}{0.0.0.0:15000}
2024-04-16 13:47:26,908 [main] INFO  server.session (HouseKeeper.java:stopScavenging(149)) - node0 Stopped scavenging
2024-04-16 13:47:26,909 [main] INFO  handler.ContextHandler (ContextHandler.java:doStop(1159)) - Stopped o.e.j.s.ServletContextHandler@334c80be{static,/static,file:///home/runner/work/ozone/ozone/hadoop-ozone/integration-test/target/test-classes/webapps/static,STOPPED}
2024-04-16 13:47:26,909 [main] INFO  handler.ContextHandler (ContextHandler.java:doStop(1159)) - Stopped o.e.j.s.ServletContextHandler@72e76649{logs,/logs,file:///home/runner/work/ozone/ozone/hadoop-ozone/integration-test/target/log,STOPPED}
2024-04-16 13:47:26,910 [main] INFO  server.StorageContainerManager (StorageContainerManager.java:stop(1699)) - Stopping SCM LayoutVersionManager Service.
2024-04-16 13:47:26,910 [main] INFO  server.SCMSecurityProtocolServer (SCMSecurityProtocolServer.java:stop(566)) - Stopping the SCMSecurityProtocolServer.
2024-04-16 13:47:26,910 [main] INFO  ipc.Server (Server.java:stop(3523)) - Stopping server on 15002
2024-04-16 13:47:26,911 [IPC Server Responder] INFO  ipc.Server (Server.java:run(1567)) - Stopping IPC Server Responder
2024-04-16 13:47:26,911 [IPC Server listener on 15002] INFO  ipc.Server (Server.java:run(1434)) - Stopping IPC Server listener on 15002
2024-04-16 13:47:26,912 [main] INFO  server.SCMUpdateServiceGrpcServer (SCMUpdateServiceGrpcServer.java:stop(73)) - SCMUpdateService stopping
2024-04-16 13:47:26,913 [main] INFO  server.SCMUpdateServiceGrpcServer (SCMUpdateServiceGrpcServer.java:stop(85)) - SCMUpdateService stopped!
2024-04-16 13:47:26,913 [main] INFO  server.StorageContainerManager (StorageContainerManager.java:stop(1711)) - Stopping Block Manager Service.
2024-04-16 13:47:26,914 [main] INFO  utils.BackgroundService (BackgroundService.java:shutdown(160)) - Shutting down service SCMBlockDeletingService
2024-04-16 13:47:26,914 [main] INFO  utils.BackgroundService (BackgroundService.java:shutdown(160)) - Shutting down service SCMBlockDeletingService
2024-04-16 13:47:26,914 [main] INFO  server.StorageContainerManager (StorageContainerManager.java:stop(1731)) - Stopping SCM Event Queue.
2024-04-16 13:47:26,915 [main] INFO  server.StorageContainerManager (StorageContainerManager.java:stop(1742)) - Stopping SCM HA services.
2024-04-16 13:47:26,917 [main] INFO  ha.SCMRatisServerImpl (SCMRatisServerImpl.java:stop(257)) - stopping ratis server 0.0.0.0:15003
2024-04-16 13:47:26,920 [SecretKeyPoller] INFO  retry.RetryInvocationHandler (RetryInvocationHandler.java:log(422)) - com.google.protobuf.ServiceException: java.io.EOFException: End of File Exception between local host is: "fv-az1428-817/10.1.0.24"; destination host is: "localhost":15002; : java.io.EOFException; For more details see:  http://wiki.apache.org/hadoop/EOFException, while invoking $Proxy63.submitRequest over nodeId=scmNode-1,nodeAddress=/127.0.0.1:15002. Trying to failover after sleeping for 2000ms. Current retry count: 0.
2024-04-16 13:47:26,918 [SecretKeyPoller] INFO  retry.RetryInvocationHandler (RetryInvocationHandler.java:log(422)) - com.google.protobuf.ServiceException: java.io.EOFException: End of File Exception between local host is: "fv-az1428-817/10.1.0.24"; destination host is: "localhost":15002; : java.io.EOFException; For more details see:  http://wiki.apache.org/hadoop/EOFException, while invoking $Proxy63.submitRequest over nodeId=scmNode-1,nodeAddress=/127.0.0.1:15002. Trying to failover after sleeping for 2000ms. Current retry count: 0.
2024-04-16 13:47:26,918 [SecretKeyPoller] INFO  retry.RetryInvocationHandler (RetryInvocationHandler.java:log(422)) - com.google.protobuf.ServiceException: java.io.EOFException: End of File Exception between local host is: "fv-az1428-817/10.1.0.24"; destination host is: "localhost":15002; : java.io.EOFException; For more details see:  http://wiki.apache.org/hadoop/EOFException, while invoking $Proxy63.submitRequest over nodeId=scmNode-1,nodeAddress=/127.0.0.1:15002. Trying to failover after sleeping for 2000ms. Current retry count: 0.
2024-04-16 13:47:26,921 [main] INFO  server.RaftServer (RaftServerProxy.java:lambda$close$9(416)) - 8dded7e3-77f4-42cf-91f8-4014f88a5819: close
2024-04-16 13:47:26,921 [8dded7e3-77f4-42cf-91f8-4014f88a5819-impl-thread1] INFO  server.RaftServer$Division (RaftServerImpl.java:lambda$close$3(526)) - 8dded7e3-77f4-42cf-91f8-4014f88a5819@group-298AC6C8687B: shutdown
2024-04-16 13:47:26,921 [main] INFO  server.GrpcService (GrpcService.java:closeImpl(311)) - 8dded7e3-77f4-42cf-91f8-4014f88a5819: shutdown server GrpcServerProtocolService now
2024-04-16 13:47:26,921 [8dded7e3-77f4-42cf-91f8-4014f88a5819-impl-thread1] INFO  util.JmxRegister (JmxRegister.java:unregister(73)) - Successfully un-registered JMX Bean with object name Ratis:service=RaftServer,group=group-298AC6C8687B,id=8dded7e3-77f4-42cf-91f8-4014f88a5819
2024-04-16 13:47:26,923 [8dded7e3-77f4-42cf-91f8-4014f88a5819-impl-thread1] INFO  impl.RoleInfo (RoleInfo.java:shutdownLeaderState(94)) - 8dded7e3-77f4-42cf-91f8-4014f88a5819: shutdown 8dded7e3-77f4-42cf-91f8-4014f88a5819@group-298AC6C8687B-LeaderStateImpl
2024-04-16 13:47:26,923 [8dded7e3-77f4-42cf-91f8-4014f88a5819-impl-thread1] INFO  impl.PendingRequests (PendingRequests.java:sendNotLeaderResponses(289)) - 8dded7e3-77f4-42cf-91f8-4014f88a5819@group-298AC6C8687B-PendingRequests: sendNotLeaderResponses
2024-04-16 13:47:26,923 [8dded7e3-77f4-42cf-91f8-4014f88a5819@group-298AC6C8687B->692eadad-ad12-4257-a6c9-255a711e16c4-GrpcLogAppender-LogAppenderDaemon] WARN  server.GrpcLogAppender (GrpcLogAppender.java:mayWait(289)) - 8dded7e3-77f4-42cf-91f8-4014f88a5819@group-298AC6C8687B->692eadad-ad12-4257-a6c9-255a711e16c4-GrpcLogAppender: Wait interrupted by java.lang.InterruptedException
2024-04-16 13:47:26,923 [8dded7e3-77f4-42cf-91f8-4014f88a5819@group-298AC6C8687B->e74c9e3a-193e-4dbb-b5f5-b6805398d140-GrpcLogAppender-LogAppenderDaemon] WARN  server.GrpcLogAppender (GrpcLogAppender.java:mayWait(289)) - 8dded7e3-77f4-42cf-91f8-4014f88a5819@group-298AC6C8687B->e74c9e3a-193e-4dbb-b5f5-b6805398d140-GrpcLogAppender: Wait interrupted by java.lang.InterruptedException
2024-04-16 13:47:26,924 [Thread-1383] INFO  server.GrpcServerProtocolClient (GrpcServerProtocolClient.java:close(103)) - 692eadad-ad12-4257-a6c9-255a711e16c4 Close channels
2024-04-16 13:47:26,924 [scmNode-1-SecretKeyManagerService] ERROR security.SecretKeyManagerService (SecretKeyManagerService.java:run(133)) - Error occurred when updating SecretKeys.
org.apache.hadoop.hdds.scm.exceptions.SCMException: org.apache.ratis.protocol.exceptions.NotLeaderException: Server 8dded7e3-77f4-42cf-91f8-4014f88a5819@group-298AC6C8687B is not the leader
	at org.apache.hadoop.hdds.scm.ha.SCMHAInvocationHandler.translateException(SCMHAInvocationHandler.java:165)
	at org.apache.hadoop.hdds.scm.ha.SCMHAInvocationHandler.invokeRatis(SCMHAInvocationHandler.java:115)
	at org.apache.hadoop.hdds.scm.ha.SCMHAInvocationHandler.invoke(SCMHAInvocationHandler.java:74)
	at com.sun.proxy.$Proxy51.updateKeys(Unknown Source)
	at org.apache.hadoop.hdds.security.symmetric.SecretKeyManager.checkAndRotate(SecretKeyManager.java:128)
	at org.apache.hadoop.hdds.scm.security.SecretKeyManagerService.run(SecretKeyManagerService.java:131)
	at java.util.concurrent.Executors$RunnableAdapter.call(Executors.java:511)
	at java.util.concurrent.FutureTask.runAndReset(FutureTask.java:308)
	at java.util.concurrent.ScheduledThreadPoolExecutor$ScheduledFutureTask.access$301(ScheduledThreadPoolExecutor.java:180)
	at java.util.concurrent.ScheduledThreadPoolExecutor$ScheduledFutureTask.run(ScheduledThreadPoolExecutor.java:294)
	at java.util.concurrent.ThreadPoolExecutor.runWorker(ThreadPoolExecutor.java:1149)
	at java.util.concurrent.ThreadPoolExecutor$Worker.run(ThreadPoolExecutor.java:624)
	at java.lang.Thread.run(Thread.java:750)
Caused by: org.apache.ratis.protocol.exceptions.NotLeaderException: Server 8dded7e3-77f4-42cf-91f8-4014f88a5819@group-298AC6C8687B is not the leader
	at org.apache.ratis.server.impl.RaftServerImpl.generateNotLeaderException(RaftServerImpl.java:797)
	at org.apache.ratis.server.impl.LeaderStateImpl.stop(LeaderStateImpl.java:441)
	at org.apache.ratis.server.impl.RoleInfo.shutdownLeaderState(RoleInfo.java:95)
	at org.apache.ratis.server.impl.RaftServerImpl.lambda$close$3(RaftServerImpl.java:543)
	at org.apache.ratis.util.LifeCycle.lambda$checkStateAndClose$7(LifeCycle.java:306)
	at org.apache.ratis.util.LifeCycle.checkStateAndClose(LifeCycle.java:326)
	at org.apache.ratis.util.LifeCycle.checkStateAndClose(LifeCycle.java:304)
	at org.apache.ratis.server.impl.RaftServerImpl.close(RaftServerImpl.java:525)
	at org.apache.ratis.server.impl.RaftServerProxy$ImplMap.close(RaftServerProxy.java:136)
	at org.apache.ratis.server.impl.RaftServerProxy$ImplMap.lambda$close$0(RaftServerProxy.java:123)
	at org.apache.ratis.util.ConcurrentUtils.accept(ConcurrentUtils.java:203)
	at org.apache.ratis.util.ConcurrentUtils.lambda$null$4(ConcurrentUtils.java:182)
	... 3 more
2024-04-16 13:47:26,924 [Thread-1384] INFO  server.GrpcServerProtocolClient (GrpcServerProtocolClient.java:close(103)) - e74c9e3a-193e-4dbb-b5f5-b6805398d140 Close channels
2024-04-16 13:47:26,924 [8dded7e3-77f4-42cf-91f8-4014f88a5819-impl-thread1] INFO  ha.SCMStateMachine (SCMStateMachine.java:notifyNotLeader(212)) - current leader SCM steps down.
2024-04-16 13:47:26,928 [8dded7e3-77f4-42cf-91f8-4014f88a5819-impl-thread1] INFO  ha.SCMContext (SCMContext.java:updateLeaderAndTerm(96)) - update <isLeader,term> from <true,2> to <false,0>
2024-04-16 13:47:26,928 [8dded7e3-77f4-42cf-91f8-4014f88a5819-impl-thread1] INFO  ha.SCMContext (SCMContext.java:updateLeaderAndTerm(102)) - update <isLeaderReady> from <true> to <false>
2024-04-16 13:47:26,928 [8dded7e3-77f4-42cf-91f8-4014f88a5819-impl-thread1] INFO  BackgroundPipelineScrubber (BackgroundSCMService.java:notifyStatusChanged(85)) - Service BackgroundPipelineScrubber transitions to PAUSING.
2024-04-16 13:47:26,928 [8dded7e3-77f4-42cf-91f8-4014f88a5819-impl-thread1] INFO  ExpiredContainerReplicaOpScrubber (BackgroundSCMService.java:notifyStatusChanged(85)) - Service ExpiredContainerReplicaOpScrubber transitions to PAUSING.
2024-04-16 13:47:26,928 [8dded7e3-77f4-42cf-91f8-4014f88a5819-impl-thread1] INFO  SCMHATransactionMonitor (BackgroundSCMService.java:notifyStatusChanged(85)) - Service SCMHATransactionMonitor transitions to PAUSING.
2024-04-16 13:47:26,927 [scmNode-1-SecretKeyManagerService] INFO  symmetric.SecretKeyManager (SecretKeyManager.java:checkAndRotate(125)) - SecretKey rotation is happening, new key generated SecretKey(id = 439cccc7-8f2b-4e0a-9b73-8630070e944f, creation at: 2024-04-16T13:47:26.927Z, expire at: 2024-04-16T13:47:29.927Z)
2024-04-16 13:47:26,928 [main] INFO  server.GrpcService (GrpcService.java:closeImpl(320)) - 8dded7e3-77f4-42cf-91f8-4014f88a5819: shutdown server GrpcServerProtocolService successfully
2024-04-16 13:47:26,929 [8dded7e3-77f4-42cf-91f8-4014f88a5819-impl-thread1] INFO  impl.StateMachineUpdater (StateMachineUpdater.java:stopAndJoin(157)) - 8dded7e3-77f4-42cf-91f8-4014f88a5819@group-298AC6C8687B-StateMachineUpdater: set stopIndex = 108
2024-04-16 13:47:26,929 [8dded7e3-77f4-42cf-91f8-4014f88a5819@group-298AC6C8687B-StateMachineUpdater] INFO  ha.SCMStateMachine (SCMStateMachine.java:takeSnapshot(331)) - Current Snapshot Index 108, takeSnapshot took 0 ms
2024-04-16 13:47:26,929 [8dded7e3-77f4-42cf-91f8-4014f88a5819@group-298AC6C8687B-StateMachineUpdater] INFO  impl.StateMachineUpdater (StateMachineUpdater.java:takeSnapshot(295)) - 8dded7e3-77f4-42cf-91f8-4014f88a5819@group-298AC6C8687B-StateMachineUpdater: Took a snapshot at index 108
2024-04-16 13:47:26,929 [8dded7e3-77f4-42cf-91f8-4014f88a5819@group-298AC6C8687B-StateMachineUpdater] INFO  impl.StateMachineUpdater (StateMachineUpdater.java:lambda$new$0(98)) - 8dded7e3-77f4-42cf-91f8-4014f88a5819@group-298AC6C8687B-StateMachineUpdater: snapshotIndex: updateIncreasingly -1 -> 108
2024-04-16 13:47:26,930 [8dded7e3-77f4-42cf-91f8-4014f88a5819-impl-thread1] INFO  server.RaftServer$Division (ServerState.java:close(427)) - 8dded7e3-77f4-42cf-91f8-4014f88a5819@group-298AC6C8687B: applyIndex: 108
2024-04-16 13:47:26,930 [8dded7e3-77f4-42cf-91f8-4014f88a5819@group-298AC6C8687B-cacheEviction-AwaitToRun] INFO  util.AwaitToRun (AwaitToRun.java:run(49)) - 8dded7e3-77f4-42cf-91f8-4014f88a5819@group-298AC6C8687B-cacheEviction-AwaitToRun-AwaitForSignal is interrupted
2024-04-16 13:47:26,930 [scmNode-1-SecretKeyManagerService] ERROR security.SecretKeyManagerService (SecretKeyManagerService.java:run(133)) - Error occurred when updating SecretKeys.
org.apache.hadoop.hdds.scm.exceptions.SCMException: org.apache.ratis.protocol.exceptions.ServerNotReadyException: 8dded7e3-77f4-42cf-91f8-4014f88a5819@group-298AC6C8687B is not in [RUNNING]: current state is CLOSING
	at org.apache.hadoop.hdds.scm.ha.SCMHAInvocationHandler.translateException(SCMHAInvocationHandler.java:165)
	at org.apache.hadoop.hdds.scm.ha.SCMHAInvocationHandler.translateException(SCMHAInvocationHandler.java:151)
	at org.apache.hadoop.hdds.scm.ha.SCMHAInvocationHandler.invokeRatis(SCMHAInvocationHandler.java:115)
	at org.apache.hadoop.hdds.scm.ha.SCMHAInvocationHandler.invoke(SCMHAInvocationHandler.java:74)
	at com.sun.proxy.$Proxy51.updateKeys(Unknown Source)
	at org.apache.hadoop.hdds.security.symmetric.SecretKeyManager.checkAndRotate(SecretKeyManager.java:128)
	at org.apache.hadoop.hdds.scm.security.SecretKeyManagerService.run(SecretKeyManagerService.java:131)
	at java.util.concurrent.Executors$RunnableAdapter.call(Executors.java:511)
	at java.util.concurrent.FutureTask.runAndReset(FutureTask.java:308)
	at java.util.concurrent.ScheduledThreadPoolExecutor$ScheduledFutureTask.access$301(ScheduledThreadPoolExecutor.java:180)
	at java.util.concurrent.ScheduledThreadPoolExecutor$ScheduledFutureTask.run(ScheduledThreadPoolExecutor.java:294)
	at java.util.concurrent.ThreadPoolExecutor.runWorker(ThreadPoolExecutor.java:1149)
	at java.util.concurrent.ThreadPoolExecutor$Worker.run(ThreadPoolExecutor.java:624)
	at java.lang.Thread.run(Thread.java:750)
Caused by: org.apache.ratis.protocol.exceptions.ServerNotReadyException: 8dded7e3-77f4-42cf-91f8-4014f88a5819@group-298AC6C8687B is not in [RUNNING]: current state is CLOSING
	at org.apache.ratis.server.impl.RaftServerImpl.lambda$assertLifeCycleState$10(RaftServerImpl.java:812)
	at org.apache.ratis.util.LifeCycle.assertCurrentState(LifeCycle.java:260)
	at org.apache.ratis.server.impl.RaftServerImpl.assertLifeCycleState(RaftServerImpl.java:811)
	at org.apache.ratis.server.impl.RaftServerImpl.submitClientRequestAsync(RaftServerImpl.java:904)
	at org.apache.ratis.server.impl.RaftServerImpl.lambda$null$13(RaftServerImpl.java:897)
	at org.apache.ratis.util.JavaUtils.callAsUnchecked(JavaUtils.java:118)
	at org.apache.ratis.server.impl.RaftServerImpl.lambda$executeSubmitClientRequestAsync$14(RaftServerImpl.java:897)
	at java.util.concurrent.CompletableFuture$AsyncSupply.run(CompletableFuture.java:1604)
	... 3 more
2024-04-16 13:47:27,053 [db959189-86db-424f-9228-dcd46ac5d3ef-DatanodeStateMachineDaemonThread] ERROR datanode.RunningDatanodeState (RunningDatanodeState.java:computeNextContainerState(207)) - Error in executing end point task.
java.util.concurrent.ExecutionException: java.util.concurrent.TimeoutException
	at java.util.concurrent.FutureTask.report(FutureTask.java:122)
	at java.util.concurrent.FutureTask.get(FutureTask.java:192)
	at org.apache.hadoop.ozone.container.common.states.datanode.RunningDatanodeState.computeNextContainerState(RunningDatanodeState.java:199)
	at org.apache.hadoop.ozone.container.common.states.datanode.RunningDatanodeState.await(RunningDatanodeState.java:239)
	at org.apache.hadoop.ozone.container.common.states.datanode.RunningDatanodeState.await(RunningDatanodeState.java:50)
	at org.apache.hadoop.ozone.container.common.statemachine.StateContext.execute(StateContext.java:682)
	at org.apache.hadoop.ozone.container.common.statemachine.DatanodeStateMachine.startStateMachineThread(DatanodeStateMachine.java:354)
	at org.apache.hadoop.ozone.container.common.statemachine.DatanodeStateMachine.lambda$startDaemon$1(DatanodeStateMachine.java:556)
	at java.lang.Thread.run(Thread.java:750)
Caused by: java.util.concurrent.TimeoutException
	at java.util.concurrent.FutureTask.get(FutureTask.java:205)
	at org.apache.hadoop.ozone.container.common.states.datanode.RunningDatanodeState.lambda$execute$0(RunningDatanodeState.java:157)
	at java.util.concurrent.FutureTask.run(FutureTask.java:266)
	at java.util.concurrent.Executors$RunnableAdapter.call(Executors.java:511)
	at java.util.concurrent.FutureTask.run(FutureTask.java:266)
	at java.util.concurrent.ThreadPoolExecutor.runWorker(ThreadPoolExecutor.java:1149)
	at java.util.concurrent.ThreadPoolExecutor$Worker.run(ThreadPoolExecutor.java:624)
	... 1 more
2024-04-16 13:47:27,055 [db959189-86db-424f-9228-dcd46ac5d3ef-EndpointStateMachineTaskThread-/127.0.0.1:15004-0 ] WARN  statemachine.EndpointStateMachine (EndpointStateMachine.java:logIfNeeded(242)) - Unable to communicate to SCM server at localhost:15004 for past 0 seconds.
java.io.EOFException: End of File Exception between local host is: "fv-az1428-817/10.1.0.24"; destination host is: "localhost":15004; : java.io.EOFException; For more details see:  http://wiki.apache.org/hadoop/EOFException
	at sun.reflect.NativeConstructorAccessorImpl.newInstance0(Native Method)
	at sun.reflect.NativeConstructorAccessorImpl.newInstance(NativeConstructorAccessorImpl.java:62)
	at sun.reflect.DelegatingConstructorAccessorImpl.newInstance(DelegatingConstructorAccessorImpl.java:45)
	at java.lang.reflect.Constructor.newInstance(Constructor.java:423)
	at org.apache.hadoop.net.NetUtils.wrapWithMessage(NetUtils.java:930)
	at org.apache.hadoop.net.NetUtils.wrapException(NetUtils.java:879)
	at org.apache.hadoop.ipc.Client.getRpcResponse(Client.java:1571)
	at org.apache.hadoop.ipc.Client.call(Client.java:1513)
	at org.apache.hadoop.ipc.Client.call(Client.java:1410)
	at org.apache.hadoop.ipc.ProtobufRpcEngine$Invoker.invoke(ProtobufRpcEngine.java:250)
	at org.apache.hadoop.ipc.ProtobufRpcEngine$Invoker.invoke(ProtobufRpcEngine.java:132)
	at com.sun.proxy.$Proxy64.submitRequest(Unknown Source)
	at org.apache.hadoop.ozone.protocolPB.StorageContainerDatanodeProtocolClientSideTranslatorPB.submitRequest(StorageContainerDatanodeProtocolClientSideTranslatorPB.java:117)
	at org.apache.hadoop.ozone.protocolPB.StorageContainerDatanodeProtocolClientSideTranslatorPB.sendHeartbeat(StorageContainerDatanodeProtocolClientSideTranslatorPB.java:149)
	at org.apache.hadoop.ozone.container.common.states.endpoint.HeartbeatEndpointTask.call(HeartbeatEndpointTask.java:183)
	at org.apache.hadoop.ozone.container.common.states.endpoint.HeartbeatEndpointTask.call(HeartbeatEndpointTask.java:87)
	at java.util.concurrent.FutureTask.run(FutureTask.java:266)
	at java.util.concurrent.ThreadPoolExecutor.runWorker(ThreadPoolExecutor.java:1149)
	at java.util.concurrent.ThreadPoolExecutor$Worker.run(ThreadPoolExecutor.java:624)
	at java.lang.Thread.run(Thread.java:750)
Caused by: java.io.EOFException
	at java.io.DataInputStream.readInt(DataInputStream.java:392)
	at org.apache.hadoop.ipc.Client$IpcStreams.readResponse(Client.java:1906)
	at org.apache.hadoop.ipc.Client$Connection.receiveRpcResponse(Client.java:1187)
	at org.apache.hadoop.ipc.Client$Connection.run(Client.java:1078)
2024-04-16 13:47:27,493 [88d255ec-0e94-4950-ab45-ac807e327f1f-EndpointStateMachineTaskThread-/127.0.0.1:15004-0 ] WARN  statemachine.EndpointStateMachine (EndpointStateMachine.java:logIfNeeded(242)) - Unable to communicate to SCM server at localhost:15004 for past 0 seconds.
java.io.EOFException: End of File Exception between local host is: "fv-az1428-817/10.1.0.24"; destination host is: "localhost":15004; : java.io.EOFException; For more details see:  http://wiki.apache.org/hadoop/EOFException
	at sun.reflect.NativeConstructorAccessorImpl.newInstance0(Native Method)
	at sun.reflect.NativeConstructorAccessorImpl.newInstance(NativeConstructorAccessorImpl.java:62)
	at sun.reflect.DelegatingConstructorAccessorImpl.newInstance(DelegatingConstructorAccessorImpl.java:45)
	at java.lang.reflect.Constructor.newInstance(Constructor.java:423)
	at org.apache.hadoop.net.NetUtils.wrapWithMessage(NetUtils.java:930)
	at org.apache.hadoop.net.NetUtils.wrapException(NetUtils.java:879)
	at org.apache.hadoop.ipc.Client.getRpcResponse(Client.java:1571)
	at org.apache.hadoop.ipc.Client.call(Client.java:1513)
	at org.apache.hadoop.ipc.Client.call(Client.java:1410)
	at org.apache.hadoop.ipc.ProtobufRpcEngine$Invoker.invoke(ProtobufRpcEngine.java:250)
	at org.apache.hadoop.ipc.ProtobufRpcEngine$Invoker.invoke(ProtobufRpcEngine.java:132)
	at com.sun.proxy.$Proxy64.submitRequest(Unknown Source)
	at org.apache.hadoop.ozone.protocolPB.StorageContainerDatanodeProtocolClientSideTranslatorPB.submitRequest(StorageContainerDatanodeProtocolClientSideTranslatorPB.java:117)
	at org.apache.hadoop.ozone.protocolPB.StorageContainerDatanodeProtocolClientSideTranslatorPB.sendHeartbeat(StorageContainerDatanodeProtocolClientSideTranslatorPB.java:149)
	at org.apache.hadoop.ozone.container.common.states.endpoint.HeartbeatEndpointTask.call(HeartbeatEndpointTask.java:183)
	at org.apache.hadoop.ozone.container.common.states.endpoint.HeartbeatEndpointTask.call(HeartbeatEndpointTask.java:87)
	at java.util.concurrent.FutureTask.run(FutureTask.java:266)
	at java.util.concurrent.ThreadPoolExecutor.runWorker(ThreadPoolExecutor.java:1149)
	at java.util.concurrent.ThreadPoolExecutor$Worker.run(ThreadPoolExecutor.java:624)
	at java.lang.Thread.run(Thread.java:750)
Caused by: java.io.EOFException
	at java.io.DataInputStream.readInt(DataInputStream.java:392)
	at org.apache.hadoop.ipc.Client$IpcStreams.readResponse(Client.java:1906)
	at org.apache.hadoop.ipc.Client$Connection.receiveRpcResponse(Client.java:1187)
	at org.apache.hadoop.ipc.Client$Connection.run(Client.java:1078)
2024-04-16 13:47:27,493 [88d255ec-0e94-4950-ab45-ac807e327f1f-EndpointStateMachineTaskThread-/127.0.0.1:15020-0 ] INFO  ipc.Client (Client.java:handleConnectionFailure(950)) - Retrying connect to server: localhost/127.0.0.1:15020. Already tried 0 time(s); retry policy is RetryUpToMaximumCountWithFixedSleep(maxRetries=15, sleepTime=1000 MILLISECONDS)
2024-04-16 13:47:27,495 [88d255ec-0e94-4950-ab45-ac807e327f1f-EndpointStateMachineTaskThread-/127.0.0.1:15012-0 ] INFO  ipc.Client (Client.java:handleConnectionFailure(950)) - Retrying connect to server: localhost/127.0.0.1:15012. Already tried 1 time(s); retry policy is RetryUpToMaximumCountWithFixedSleep(maxRetries=15, sleepTime=1000 MILLISECONDS)
2024-04-16 13:47:27,813 [590e72f5-e0a8-4a6b-9708-265ca50c2b50-DatanodeStateMachineDaemonThread] ERROR datanode.RunningDatanodeState (RunningDatanodeState.java:computeNextContainerState(207)) - Error in executing end point task.
java.util.concurrent.ExecutionException: java.util.concurrent.TimeoutException
	at java.util.concurrent.FutureTask.report(FutureTask.java:122)
	at java.util.concurrent.FutureTask.get(FutureTask.java:192)
	at org.apache.hadoop.ozone.container.common.states.datanode.RunningDatanodeState.computeNextContainerState(RunningDatanodeState.java:199)
	at org.apache.hadoop.ozone.container.common.states.datanode.RunningDatanodeState.await(RunningDatanodeState.java:239)
	at org.apache.hadoop.ozone.container.common.states.datanode.RunningDatanodeState.await(RunningDatanodeState.java:50)
	at org.apache.hadoop.ozone.container.common.statemachine.StateContext.execute(StateContext.java:682)
	at org.apache.hadoop.ozone.container.common.statemachine.DatanodeStateMachine.startStateMachineThread(DatanodeStateMachine.java:354)
	at org.apache.hadoop.ozone.container.common.statemachine.DatanodeStateMachine.lambda$startDaemon$1(DatanodeStateMachine.java:556)
	at java.lang.Thread.run(Thread.java:750)
Caused by: java.util.concurrent.TimeoutException
	at java.util.concurrent.FutureTask.get(FutureTask.java:205)
	at org.apache.hadoop.ozone.container.common.states.datanode.RunningDatanodeState.lambda$execute$0(RunningDatanodeState.java:157)
	at java.util.concurrent.FutureTask.run(FutureTask.java:266)
	at java.util.concurrent.Executors$RunnableAdapter.call(Executors.java:511)
	at java.util.concurrent.FutureTask.run(FutureTask.java:266)
	at java.util.concurrent.ThreadPoolExecutor.runWorker(ThreadPoolExecutor.java:1149)
	at java.util.concurrent.ThreadPoolExecutor$Worker.run(ThreadPoolExecutor.java:624)
	... 1 more
2024-04-16 13:47:27,814 [590e72f5-e0a8-4a6b-9708-265ca50c2b50-EndpointStateMachineTaskThread-/127.0.0.1:15012-0 ] INFO  ipc.Client (Client.java:handleConnectionFailure(950)) - Retrying connect to server: localhost/127.0.0.1:15012. Already tried 0 time(s); retry policy is RetryUpToMaximumCountWithFixedSleep(maxRetries=15, sleepTime=1000 MILLISECONDS)
2024-04-16 13:47:27,815 [590e72f5-e0a8-4a6b-9708-265ca50c2b50-EndpointStateMachineTaskThread-/127.0.0.1:15004-0 ] WARN  statemachine.EndpointStateMachine (EndpointStateMachine.java:logIfNeeded(242)) - Unable to communicate to SCM server at localhost:15004 for past 0 seconds.
java.io.EOFException: End of File Exception between local host is: "fv-az1428-817/10.1.0.24"; destination host is: "localhost":15004; : java.io.EOFException; For more details see:  http://wiki.apache.org/hadoop/EOFException
	at sun.reflect.NativeConstructorAccessorImpl.newInstance0(Native Method)
	at sun.reflect.NativeConstructorAccessorImpl.newInstance(NativeConstructorAccessorImpl.java:62)
	at sun.reflect.DelegatingConstructorAccessorImpl.newInstance(DelegatingConstructorAccessorImpl.java:45)
	at java.lang.reflect.Constructor.newInstance(Constructor.java:423)
	at org.apache.hadoop.net.NetUtils.wrapWithMessage(NetUtils.java:930)
	at org.apache.hadoop.net.NetUtils.wrapException(NetUtils.java:879)
	at org.apache.hadoop.ipc.Client.getRpcResponse(Client.java:1571)
	at org.apache.hadoop.ipc.Client.call(Client.java:1513)
	at org.apache.hadoop.ipc.Client.call(Client.java:1410)
	at org.apache.hadoop.ipc.ProtobufRpcEngine$Invoker.invoke(ProtobufRpcEngine.java:250)
	at org.apache.hadoop.ipc.ProtobufRpcEngine$Invoker.invoke(ProtobufRpcEngine.java:132)
	at com.sun.proxy.$Proxy64.submitRequest(Unknown Source)
	at org.apache.hadoop.ozone.protocolPB.StorageContainerDatanodeProtocolClientSideTranslatorPB.submitRequest(StorageContainerDatanodeProtocolClientSideTranslatorPB.java:117)
	at org.apache.hadoop.ozone.protocolPB.StorageContainerDatanodeProtocolClientSideTranslatorPB.sendHeartbeat(StorageContainerDatanodeProtocolClientSideTranslatorPB.java:149)
	at org.apache.hadoop.ozone.container.common.states.endpoint.HeartbeatEndpointTask.call(HeartbeatEndpointTask.java:183)
	at org.apache.hadoop.ozone.container.common.states.endpoint.HeartbeatEndpointTask.call(HeartbeatEndpointTask.java:87)
	at java.util.concurrent.FutureTask.run(FutureTask.java:266)
	at java.util.concurrent.ThreadPoolExecutor.runWorker(ThreadPoolExecutor.java:1149)
	at java.util.concurrent.ThreadPoolExecutor$Worker.run(ThreadPoolExecutor.java:624)
	at java.lang.Thread.run(Thread.java:750)
Caused by: java.io.EOFException
	at java.io.DataInputStream.readInt(DataInputStream.java:392)
	at org.apache.hadoop.ipc.Client$IpcStreams.readResponse(Client.java:1906)
	at org.apache.hadoop.ipc.Client$Connection.receiveRpcResponse(Client.java:1187)
	at org.apache.hadoop.ipc.Client$Connection.run(Client.java:1078)
2024-04-16 13:47:27,818 [8dded7e3-77f4-42cf-91f8-4014f88a5819-impl-thread1] INFO  segmented.SegmentedRaftLogWorker (SegmentedRaftLogWorker.java:close(245)) - 8dded7e3-77f4-42cf-91f8-4014f88a5819@group-298AC6C8687B-SegmentedRaftLogWorker close()
2024-04-16 13:47:27,819 [JvmPauseMonitor1] INFO  util.JvmPauseMonitor (JvmPauseMonitor.java:run(152)) - JvmPauseMonitor-8dded7e3-77f4-42cf-91f8-4014f88a5819: Stopped
2024-04-16 13:47:27,819 [main] INFO  SCMHATransactionMonitor (BackgroundSCMService.java:stop(128)) - Stopping SCMHATransactionMonitor Service.
2024-04-16 13:47:27,819 [scmNode-1-SCMHATransactionMonitor] WARN  SCMHATransactionMonitor (BackgroundSCMService.java:run(112)) - SCMHATransactionMonitor is interrupted, exit
2024-04-16 13:47:27,819 [main] INFO  pipeline.BackgroundPipelineCreator (BackgroundPipelineCreator.java:stop(152)) - Stopping scmNode-1-RatisPipelineUtilsThread.
2024-04-16 13:47:27,820 [scmNode-1-RatisPipelineUtilsThread-0] WARN  pipeline.BackgroundPipelineCreator (BackgroundPipelineCreator.java:run(183)) - scmNode-1-RatisPipelineUtilsThread is interrupted.
2024-04-16 13:47:27,820 [main] INFO  BackgroundPipelineScrubber (BackgroundSCMService.java:stop(128)) - Stopping BackgroundPipelineScrubber Service.
2024-04-16 13:47:27,820 [scmNode-1-BackgroundPipelineScrubber] WARN  BackgroundPipelineScrubber (BackgroundSCMService.java:run(112)) - BackgroundPipelineScrubber is interrupted, exit
2024-04-16 13:47:27,820 [main] INFO  impl.MetricsSystemImpl (MetricsSystemImpl.java:stop(205)) - HddsDatanode metrics system stopped (again)
2024-04-16 13:47:27,820 [main] WARN  pipeline.BackgroundPipelineCreator (BackgroundPipelineCreator.java:stop(148)) - scmNode-1-RatisPipelineUtilsThread is not running, just ignore.
2024-04-16 13:47:27,820 [main] INFO  BackgroundPipelineScrubber (BackgroundSCMService.java:stop(123)) - BackgroundPipelineScrubber Service is not running, skip stop.
2024-04-16 13:47:27,820 [main] INFO  ExpiredContainerReplicaOpScrubber (BackgroundSCMService.java:stop(128)) - Stopping ExpiredContainerReplicaOpScrubber Service.
2024-04-16 13:47:27,821 [main] INFO  utils.BackgroundService (BackgroundService.java:shutdown(160)) - Shutting down service SCMBlockDeletingService
2024-04-16 13:47:27,821 [scmNode-1-ExpiredContainerReplicaOpScrubber] WARN  ExpiredContainerReplicaOpScrubber (BackgroundSCMService.java:run(112)) - ExpiredContainerReplicaOpScrubber is interrupted, exit
2024-04-16 13:47:27,821 [main] INFO  replication.ReplicationManager (ReplicationManager.java:stop(338)) - Replication Monitor Thread is not running.
2024-04-16 13:47:27,821 [main] WARN  balancer.ContainerBalancer (ContainerBalancer.java:stop(327)) - Cannot stop Container Balancer because it's not running or stopping
2024-04-16 13:47:27,821 [main] INFO  SCMHATransactionMonitor (BackgroundSCMService.java:stop(123)) - SCMHATransactionMonitor Service is not running, skip stop.
2024-04-16 13:47:27,821 [main] INFO  server.StorageContainerManager (StorageContainerManager.java:stop(1777)) - Stopping SCM MetadataStore.
2024-04-16 13:47:27,822 [main] INFO  server.SCMSecurityProtocolServer (SCMSecurityProtocolServer.java:join(576)) - Join RPC server for SCMSecurityProtocolServer.
2024-04-16 13:47:27,822 [main] INFO  server.SCMSecurityProtocolServer (SCMSecurityProtocolServer.java:join(578)) - Join gRPC server for SCMSecurityProtocolServer.
2024-04-16 13:47:27,823 [main] INFO  ozone.MiniOzoneClusterImpl (MiniOzoneClusterImpl.java:stop(412)) - Stopping the Mini Ozone Cluster
2024-04-16 13:47:27,823 [main] INFO  ozone.MiniOzoneClusterImpl (MiniOzoneClusterImpl.java:stopDatanodes(471)) - Stopping the HddsDatanodes
2024-04-16 13:47:27,823 [scmNode-1-LeaseManager#LeaseMonitor] WARN  lease.LeaseManager (LeaseManager.java:run(287)) - Lease manager is interrupted. Shutting down...
java.lang.InterruptedException
	at java.util.concurrent.locks.AbstractQueuedSynchronizer.doAcquireSharedNanos(AbstractQueuedSynchronizer.java:1039)
	at java.util.concurrent.locks.AbstractQueuedSynchronizer.tryAcquireSharedNanos(AbstractQueuedSynchronizer.java:1328)
	at java.util.concurrent.Semaphore.tryAcquire(Semaphore.java:409)
	at org.apache.hadoop.ozone.lease.LeaseManager$LeaseMonitor.run(LeaseManager.java:285)
	at java.lang.Thread.run(Thread.java:750)
2024-04-16 13:47:28,056 [ForkJoinPool.commonPool-worker-0] INFO  ozoneimpl.OzoneContainer (OzoneContainer.java:stop(481)) - Attempting to stop container services.
2024-04-16 13:47:28,056 [ContainerMetadataScanner] WARN  ozoneimpl.AbstractBackgroundContainerScanner (AbstractBackgroundContainerScanner.java:handleRemainingSleep(134)) - Background container scan was interrupted.
2024-04-16 13:47:28,056 [ContainerMetadataScanner] INFO  ozoneimpl.AbstractBackgroundContainerScanner (AbstractBackgroundContainerScanner.java:run(61)) - Thread[ContainerMetadataScanner,5,main] exiting.
2024-04-16 13:47:28,057 [ForkJoinPool.commonPool-worker-0] INFO  ozoneimpl.BackgroundContainerDataScanner (BackgroundContainerDataScanner.java:shutdown(141)) - ContainerDataScanner(/home/runner/work/ozone/ozone/hadoop-ozone/integration-test/target/test-dir/MiniOzoneClusterImpl-f0f26617-5c27-4371-b446-298ac6c8687b/ozone-meta/datanode-1/data-0/hdds) is shutting down. 
2024-04-16 13:47:28,057 [ContainerDataScanner(/home/runner/work/ozone/ozone/hadoop-ozone/integration-test/target/test-dir/MiniOzoneClusterImpl-f0f26617-5c27-4371-b446-298ac6c8687b/ozone-meta/datanode-1/data-0/hdds)] WARN  ozoneimpl.AbstractBackgroundContainerScanner (AbstractBackgroundContainerScanner.java:handleRemainingSleep(134)) - Background container scan was interrupted.
2024-04-16 13:47:28,057 [ContainerDataScanner(/home/runner/work/ozone/ozone/hadoop-ozone/integration-test/target/test-dir/MiniOzoneClusterImpl-f0f26617-5c27-4371-b446-298ac6c8687b/ozone-meta/datanode-1/data-0/hdds)] INFO  ozoneimpl.AbstractBackgroundContainerScanner (AbstractBackgroundContainerScanner.java:run(61)) - ContainerDataScanner(/home/runner/work/ozone/ozone/hadoop-ozone/integration-test/target/test-dir/MiniOzoneClusterImpl-f0f26617-5c27-4371-b446-298ac6c8687b/ozone-meta/datanode-1/data-0/hdds, DS-a28aeab0-32e1-4fdc-8c1a-34e5df6328ed) exiting.
2024-04-16 13:47:28,057 [ForkJoinPool.commonPool-worker-0] INFO  ozoneimpl.OnDemandContainerDataScanner (OnDemandContainerDataScanner.java:shutdownScanner(206)) - On-demand container scanner is shutting down.
2024-04-16 13:47:28,058 [ForkJoinPool.commonPool-worker-0] INFO  server.RaftServer (RaftServerProxy.java:lambda$close$9(416)) - db959189-86db-424f-9228-dcd46ac5d3ef: close
2024-04-16 13:47:28,058 [db959189-86db-424f-9228-dcd46ac5d3ef-impl-thread1] INFO  server.RaftServer$Division (RaftServerImpl.java:lambda$close$3(526)) - db959189-86db-424f-9228-dcd46ac5d3ef@group-D6EBA2FAC503: shutdown
2024-04-16 13:47:28,058 [db959189-86db-424f-9228-dcd46ac5d3ef-impl-thread1] INFO  util.JmxRegister (JmxRegister.java:unregister(73)) - Successfully un-registered JMX Bean with object name Ratis:service=RaftServer,group=group-D6EBA2FAC503,id=db959189-86db-424f-9228-dcd46ac5d3ef
2024-04-16 13:47:28,058 [db959189-86db-424f-9228-dcd46ac5d3ef-impl-thread1] INFO  impl.RoleInfo (RoleInfo.java:shutdownFollowerState(110)) - db959189-86db-424f-9228-dcd46ac5d3ef: shutdown db959189-86db-424f-9228-dcd46ac5d3ef@group-D6EBA2FAC503-FollowerState
2024-04-16 13:47:28,058 [db959189-86db-424f-9228-dcd46ac5d3ef-impl-thread2] INFO  server.RaftServer$Division (RaftServerImpl.java:lambda$close$3(526)) - db959189-86db-424f-9228-dcd46ac5d3ef@group-97A64E7F1044: shutdown
2024-04-16 13:47:28,058 [db959189-86db-424f-9228-dcd46ac5d3ef@group-D6EBA2FAC503-FollowerState] INFO  impl.FollowerState (FollowerState.java:run(152)) - db959189-86db-424f-9228-dcd46ac5d3ef@group-D6EBA2FAC503-FollowerState was interrupted
2024-04-16 13:47:28,059 [db959189-86db-424f-9228-dcd46ac5d3ef@group-D6EBA2FAC503-StateMachineUpdater] INFO  ratis.ContainerStateMachine (ContainerStateMachine.java:takeSnapshot(355)) - group-D6EBA2FAC503: Taking a snapshot at:(t:1, i:0) file /home/runner/work/ozone/ozone/hadoop-ozone/integration-test/target/test-dir/MiniOzoneClusterImpl-f0f26617-5c27-4371-b446-298ac6c8687b/ozone-meta/datanode-1/ratis/1a146aba-1d5e-4ce9-9ab1-d6eba2fac503/sm/snapshot.1_0
2024-04-16 13:47:28,058 [db959189-86db-424f-9228-dcd46ac5d3ef-impl-thread3] INFO  server.RaftServer$Division (RaftServerImpl.java:lambda$close$3(526)) - db959189-86db-424f-9228-dcd46ac5d3ef@group-181AD1325C26: shutdown
2024-04-16 13:47:28,058 [ForkJoinPool.commonPool-worker-0] INFO  server.GrpcService (GrpcService.java:closeImpl(311)) - db959189-86db-424f-9228-dcd46ac5d3ef: shutdown server org.apache.ratis.grpc.server.GrpcClientProtocolService now
2024-04-16 13:47:28,059 [db959189-86db-424f-9228-dcd46ac5d3ef-impl-thread3] INFO  util.JmxRegister (JmxRegister.java:unregister(73)) - Successfully un-registered JMX Bean with object name Ratis:service=RaftServer,group=group-181AD1325C26,id=db959189-86db-424f-9228-dcd46ac5d3ef
2024-04-16 13:47:28,059 [db959189-86db-424f-9228-dcd46ac5d3ef-impl-thread3] INFO  impl.RoleInfo (RoleInfo.java:shutdownFollowerState(110)) - db959189-86db-424f-9228-dcd46ac5d3ef: shutdown db959189-86db-424f-9228-dcd46ac5d3ef@group-181AD1325C26-FollowerState
2024-04-16 13:47:28,058 [db959189-86db-424f-9228-dcd46ac5d3ef-impl-thread2] INFO  util.JmxRegister (JmxRegister.java:unregister(73)) - Successfully un-registered JMX Bean with object name Ratis:service=RaftServer,group=group-97A64E7F1044,id=db959189-86db-424f-9228-dcd46ac5d3ef
2024-04-16 13:47:28,060 [db959189-86db-424f-9228-dcd46ac5d3ef-impl-thread2] INFO  impl.RoleInfo (RoleInfo.java:shutdownLeaderState(94)) - db959189-86db-424f-9228-dcd46ac5d3ef: shutdown db959189-86db-424f-9228-dcd46ac5d3ef@group-97A64E7F1044-LeaderStateImpl
2024-04-16 13:47:28,060 [db959189-86db-424f-9228-dcd46ac5d3ef-impl-thread2] INFO  impl.PendingRequests (PendingRequests.java:sendNotLeaderResponses(289)) - db959189-86db-424f-9228-dcd46ac5d3ef@group-97A64E7F1044-PendingRequests: sendNotLeaderResponses
2024-04-16 13:47:28,060 [db959189-86db-424f-9228-dcd46ac5d3ef-impl-thread2] INFO  impl.StateMachineUpdater (StateMachineUpdater.java:stopAndJoin(157)) - db959189-86db-424f-9228-dcd46ac5d3ef@group-97A64E7F1044-StateMachineUpdater: set stopIndex = 0
2024-04-16 13:47:28,060 [db959189-86db-424f-9228-dcd46ac5d3ef@group-181AD1325C26-FollowerState] INFO  impl.FollowerState (FollowerState.java:run(152)) - db959189-86db-424f-9228-dcd46ac5d3ef@group-181AD1325C26-FollowerState was interrupted
2024-04-16 13:47:28,060 [db959189-86db-424f-9228-dcd46ac5d3ef@group-181AD1325C26-StateMachineUpdater] INFO  ratis.ContainerStateMachine (ContainerStateMachine.java:takeSnapshot(355)) - group-181AD1325C26: Taking a snapshot at:(t:1, i:0) file /home/runner/work/ozone/ozone/hadoop-ozone/integration-test/target/test-dir/MiniOzoneClusterImpl-f0f26617-5c27-4371-b446-298ac6c8687b/ozone-meta/datanode-1/ratis/b82ac6a9-29ab-4c38-a941-181ad1325c26/sm/snapshot.1_0
2024-04-16 13:47:28,061 [db959189-86db-424f-9228-dcd46ac5d3ef-impl-thread3] INFO  impl.StateMachineUpdater (StateMachineUpdater.java:stopAndJoin(157)) - db959189-86db-424f-9228-dcd46ac5d3ef@group-181AD1325C26-StateMachineUpdater: set stopIndex = 0
2024-04-16 13:47:28,058 [db959189-86db-424f-9228-dcd46ac5d3ef-impl-thread1] INFO  impl.StateMachineUpdater (StateMachineUpdater.java:stopAndJoin(157)) - db959189-86db-424f-9228-dcd46ac5d3ef@group-D6EBA2FAC503-StateMachineUpdater: set stopIndex = 0
2024-04-16 13:47:28,064 [Thread-1388] INFO  server.GrpcServerProtocolClient (GrpcServerProtocolClient.java:close(103)) - 590e72f5-e0a8-4a6b-9708-265ca50c2b50 Close channels
2024-04-16 13:47:28,060 [db959189-86db-424f-9228-dcd46ac5d3ef@group-97A64E7F1044-StateMachineUpdater] INFO  ratis.ContainerStateMachine (ContainerStateMachine.java:takeSnapshot(355)) - group-97A64E7F1044: Taking a snapshot at:(t:1, i:0) file /home/runner/work/ozone/ozone/hadoop-ozone/integration-test/target/test-dir/MiniOzoneClusterImpl-f0f26617-5c27-4371-b446-298ac6c8687b/ozone-meta/datanode-1/ratis/0c6e1245-9286-4869-9b35-97a64e7f1044/sm/snapshot.1_0
2024-04-16 13:47:28,065 [Thread-1390] INFO  server.GrpcServerProtocolClient (GrpcServerProtocolClient.java:close(103)) - 88d255ec-0e94-4950-ab45-ac807e327f1f Close channels
2024-04-16 13:47:28,067 [ForkJoinPool.commonPool-worker-0] INFO  server.GrpcService (GrpcService.java:closeImpl(320)) - db959189-86db-424f-9228-dcd46ac5d3ef: shutdown server org.apache.ratis.grpc.server.GrpcClientProtocolService successfully
2024-04-16 13:47:28,067 [ForkJoinPool.commonPool-worker-0] INFO  server.GrpcService (GrpcService.java:closeImpl(311)) - db959189-86db-424f-9228-dcd46ac5d3ef: shutdown server GrpcServerProtocolService now
2024-04-16 13:47:28,067 [grpc-default-executor-2] WARN  server.GrpcServerProtocolService (LogUtils.java:warn(121)) - db959189-86db-424f-9228-dcd46ac5d3ef: APPEND_ENTRIES onError, lastRequest: null: org.apache.ratis.thirdparty.io.grpc.StatusRuntimeException: CANCELLED: client cancelled
2024-04-16 13:47:28,069 [grpc-default-executor-3] WARN  server.GrpcServerProtocolService (LogUtils.java:warn(121)) - db959189-86db-424f-9228-dcd46ac5d3ef: APPEND_ENTRIES onError, lastRequest: 88d255ec-0e94-4950-ab45-ac807e327f1f->db959189-86db-424f-9228-dcd46ac5d3ef#1-t1,previous=(t:0, i:0),leaderCommit=-1,initializing? false,entries: size=1, first=(t:1, i:0), CONFIGURATIONENTRY(current:id: "db959189-86db-424f-9228-dcd46ac5d3ef"
address: "10.1.0.24:15046"
dataStreamAddress: "10.1.0.24:15047"
clientAddress: "10.1.0.24:15044"
adminAddress: "10.1.0.24:15045"
startupRole: FOLLOWER
,id: "590e72f5-e0a8-4a6b-9708-265ca50c2b50"
address: "10.1.0.24:15064"
dataStreamAddress: "10.1.0.24:15065"
clientAddress: "10.1.0.24:15062"
adminAddress: "10.1.0.24:15063"
startupRole: FOLLOWER
,id: "88d255ec-0e94-4950-ab45-ac807e327f1f"
address: "10.1.0.24:15055"
priority: 1
dataStreamAddress: "10.1.0.24:15056"
clientAddress: "10.1.0.24:15053"
adminAddress: "10.1.0.24:15054"
startupRole: FOLLOWER
, old:): org.apache.ratis.thirdparty.io.grpc.StatusRuntimeException: CANCELLED: client cancelled
2024-04-16 13:47:28,069 [grpc-default-executor-0] WARN  server.GrpcServerProtocolService (LogUtils.java:warn(121)) - db959189-86db-424f-9228-dcd46ac5d3ef: APPEND_ENTRIES onError, lastRequest: 590e72f5-e0a8-4a6b-9708-265ca50c2b50->db959189-86db-424f-9228-dcd46ac5d3ef#1-t1,previous=(t:0, i:0),leaderCommit=-1,initializing? false,entries: size=1, first=(t:1, i:0), CONFIGURATIONENTRY(current:id: "db959189-86db-424f-9228-dcd46ac5d3ef"
address: "10.1.0.24:15046"
dataStreamAddress: "10.1.0.24:15047"
clientAddress: "10.1.0.24:15044"
adminAddress: "10.1.0.24:15045"
startupRole: FOLLOWER
,id: "590e72f5-e0a8-4a6b-9708-265ca50c2b50"
address: "10.1.0.24:15064"
priority: 1
dataStreamAddress: "10.1.0.24:15065"
clientAddress: "10.1.0.24:15062"
adminAddress: "10.1.0.24:15063"
startupRole: FOLLOWER
,id: "88d255ec-0e94-4950-ab45-ac807e327f1f"
address: "10.1.0.24:15055"
dataStreamAddress: "10.1.0.24:15056"
clientAddress: "10.1.0.24:15053"
adminAddress: "10.1.0.24:15054"
startupRole: FOLLOWER
, old:): org.apache.ratis.thirdparty.io.grpc.StatusRuntimeException: CANCELLED: client cancelled
2024-04-16 13:47:28,069 [grpc-default-executor-1] WARN  server.GrpcLogAppender (LogUtils.java:warn(121)) - 590e72f5-e0a8-4a6b-9708-265ca50c2b50@group-181AD1325C26->db959189-86db-424f-9228-dcd46ac5d3ef-AppendLogResponseHandler: Failed appendEntries: org.apache.ratis.thirdparty.io.grpc.StatusRuntimeException: CANCELLED: RST_STREAM closed stream. HTTP/2 error code: CANCEL
2024-04-16 13:47:28,070 [grpc-default-executor-1] WARN  server.GrpcLogAppender (GrpcLogAppender.java:lambda$resetClient$1(217)) - 590e72f5-e0a8-4a6b-9708-265ca50c2b50@group-181AD1325C26->db959189-86db-424f-9228-dcd46ac5d3ef-GrpcLogAppender: Follower failed (request=null, errorCount=1); keep nextIndex (1) unchanged and retry.
2024-04-16 13:47:28,072 [grpc-default-executor-0] WARN  server.GrpcServerProtocolService (LogUtils.java:warn(121)) - db959189-86db-424f-9228-dcd46ac5d3ef: APPEND_ENTRIES onError, lastRequest: null: org.apache.ratis.thirdparty.io.grpc.StatusRuntimeException: CANCELLED: client cancelled
2024-04-16 13:47:28,072 [ForkJoinPool.commonPool-worker-0] INFO  server.GrpcService (GrpcService.java:closeImpl(320)) - db959189-86db-424f-9228-dcd46ac5d3ef: shutdown server GrpcServerProtocolService successfully
2024-04-16 13:47:28,072 [grpc-default-executor-6] WARN  server.GrpcLogAppender (LogUtils.java:warn(121)) - 88d255ec-0e94-4950-ab45-ac807e327f1f@group-D6EBA2FAC503->db959189-86db-424f-9228-dcd46ac5d3ef-AppendLogResponseHandler: Failed appendEntries: org.apache.ratis.thirdparty.io.grpc.StatusRuntimeException: CANCELLED: RST_STREAM closed stream. HTTP/2 error code: CANCEL
2024-04-16 13:47:28,072 [ForkJoinPool.commonPool-worker-0] INFO  server.GrpcService (GrpcService.java:closeImpl(311)) - db959189-86db-424f-9228-dcd46ac5d3ef: shutdown server org.apache.ratis.grpc.server.GrpcAdminProtocolService now
2024-04-16 13:47:28,079 [ForkJoinPool.commonPool-worker-0] INFO  server.GrpcService (GrpcService.java:closeImpl(320)) - db959189-86db-424f-9228-dcd46ac5d3ef: shutdown server org.apache.ratis.grpc.server.GrpcAdminProtocolService successfully
2024-04-16 13:47:28,083 [db959189-86db-424f-9228-dcd46ac5d3ef-NettyServerStreamRpc-bossGroup--thread1] INFO  logging.LoggingHandler (AbstractInternalLogger.java:log(148)) - [id: 0x645a2570, L:/0.0.0.0:15047] CLOSE
2024-04-16 13:47:28,083 [db959189-86db-424f-9228-dcd46ac5d3ef-NettyServerStreamRpc-bossGroup--thread1] INFO  logging.LoggingHandler (AbstractInternalLogger.java:log(148)) - [id: 0x645a2570, L:/0.0.0.0:15047] INACTIVE
2024-04-16 13:47:28,083 [db959189-86db-424f-9228-dcd46ac5d3ef-NettyServerStreamRpc-bossGroup--thread1] INFO  logging.LoggingHandler (AbstractInternalLogger.java:log(148)) - [id: 0x645a2570, L:/0.0.0.0:15047] UNREGISTERED
2024-04-16 13:47:28,103 [db959189-86db-424f-9228-dcd46ac5d3ef@group-181AD1325C26-StateMachineUpdater] INFO  ratis.ContainerStateMachine (ContainerStateMachine.java:takeSnapshot(366)) - group-181AD1325C26: Finished taking a snapshot at:(t:1, i:0) file:/home/runner/work/ozone/ozone/hadoop-ozone/integration-test/target/test-dir/MiniOzoneClusterImpl-f0f26617-5c27-4371-b446-298ac6c8687b/ozone-meta/datanode-1/ratis/b82ac6a9-29ab-4c38-a941-181ad1325c26/sm/snapshot.1_0 took: 43 ms
2024-04-16 13:47:28,104 [db959189-86db-424f-9228-dcd46ac5d3ef@group-D6EBA2FAC503-StateMachineUpdater] INFO  ratis.ContainerStateMachine (ContainerStateMachine.java:takeSnapshot(366)) - group-D6EBA2FAC503: Finished taking a snapshot at:(t:1, i:0) file:/home/runner/work/ozone/ozone/hadoop-ozone/integration-test/target/test-dir/MiniOzoneClusterImpl-f0f26617-5c27-4371-b446-298ac6c8687b/ozone-meta/datanode-1/ratis/1a146aba-1d5e-4ce9-9ab1-d6eba2fac503/sm/snapshot.1_0 took: 46 ms
2024-04-16 13:47:28,103 [db959189-86db-424f-9228-dcd46ac5d3ef@group-97A64E7F1044-StateMachineUpdater] INFO  ratis.ContainerStateMachine (ContainerStateMachine.java:takeSnapshot(366)) - group-97A64E7F1044: Finished taking a snapshot at:(t:1, i:0) file:/home/runner/work/ozone/ozone/hadoop-ozone/integration-test/target/test-dir/MiniOzoneClusterImpl-f0f26617-5c27-4371-b446-298ac6c8687b/ozone-meta/datanode-1/ratis/0c6e1245-9286-4869-9b35-97a64e7f1044/sm/snapshot.1_0 took: 43 ms
2024-04-16 13:47:28,105 [db959189-86db-424f-9228-dcd46ac5d3ef@group-181AD1325C26-StateMachineUpdater] INFO  impl.StateMachineUpdater (StateMachineUpdater.java:takeSnapshot(295)) - db959189-86db-424f-9228-dcd46ac5d3ef@group-181AD1325C26-StateMachineUpdater: Took a snapshot at index 0
2024-04-16 13:47:28,105 [db959189-86db-424f-9228-dcd46ac5d3ef@group-97A64E7F1044-StateMachineUpdater] INFO  impl.StateMachineUpdater (StateMachineUpdater.java:takeSnapshot(295)) - db959189-86db-424f-9228-dcd46ac5d3ef@group-97A64E7F1044-StateMachineUpdater: Took a snapshot at index 0
2024-04-16 13:47:28,105 [db959189-86db-424f-9228-dcd46ac5d3ef@group-D6EBA2FAC503-StateMachineUpdater] INFO  impl.StateMachineUpdater (StateMachineUpdater.java:takeSnapshot(295)) - db959189-86db-424f-9228-dcd46ac5d3ef@group-D6EBA2FAC503-StateMachineUpdater: Took a snapshot at index 0
2024-04-16 13:47:28,105 [db959189-86db-424f-9228-dcd46ac5d3ef@group-D6EBA2FAC503-StateMachineUpdater] INFO  impl.StateMachineUpdater (StateMachineUpdater.java:lambda$new$0(98)) - db959189-86db-424f-9228-dcd46ac5d3ef@group-D6EBA2FAC503-StateMachineUpdater: snapshotIndex: updateIncreasingly -1 -> 0
2024-04-16 13:47:28,105 [db959189-86db-424f-9228-dcd46ac5d3ef-impl-thread1] INFO  server.RaftServer$Division (ServerState.java:close(427)) - db959189-86db-424f-9228-dcd46ac5d3ef@group-D6EBA2FAC503: applyIndex: 0
2024-04-16 13:47:28,105 [db959189-86db-424f-9228-dcd46ac5d3ef@group-97A64E7F1044-StateMachineUpdater] INFO  impl.StateMachineUpdater (StateMachineUpdater.java:lambda$new$0(98)) - db959189-86db-424f-9228-dcd46ac5d3ef@group-97A64E7F1044-StateMachineUpdater: snapshotIndex: updateIncreasingly -1 -> 0
2024-04-16 13:47:28,106 [db959189-86db-424f-9228-dcd46ac5d3ef-impl-thread2] INFO  server.RaftServer$Division (ServerState.java:close(427)) - db959189-86db-424f-9228-dcd46ac5d3ef@group-97A64E7F1044: applyIndex: 0
2024-04-16 13:47:28,106 [db959189-86db-424f-9228-dcd46ac5d3ef@group-97A64E7F1044-cacheEviction-AwaitToRun] INFO  util.AwaitToRun (AwaitToRun.java:run(49)) - db959189-86db-424f-9228-dcd46ac5d3ef@group-97A64E7F1044-cacheEviction-AwaitToRun-AwaitForSignal is interrupted
2024-04-16 13:47:28,105 [db959189-86db-424f-9228-dcd46ac5d3ef@group-181AD1325C26-StateMachineUpdater] INFO  impl.StateMachineUpdater (StateMachineUpdater.java:lambda$new$0(98)) - db959189-86db-424f-9228-dcd46ac5d3ef@group-181AD1325C26-StateMachineUpdater: snapshotIndex: updateIncreasingly -1 -> 0
2024-04-16 13:47:28,106 [db959189-86db-424f-9228-dcd46ac5d3ef@group-D6EBA2FAC503-cacheEviction-AwaitToRun] INFO  util.AwaitToRun (AwaitToRun.java:run(49)) - db959189-86db-424f-9228-dcd46ac5d3ef@group-D6EBA2FAC503-cacheEviction-AwaitToRun-AwaitForSignal is interrupted
2024-04-16 13:47:28,106 [db959189-86db-424f-9228-dcd46ac5d3ef-impl-thread3] INFO  server.RaftServer$Division (ServerState.java:close(427)) - db959189-86db-424f-9228-dcd46ac5d3ef@group-181AD1325C26: applyIndex: 0
2024-04-16 13:47:28,107 [db959189-86db-424f-9228-dcd46ac5d3ef@group-181AD1325C26-cacheEviction-AwaitToRun] INFO  util.AwaitToRun (AwaitToRun.java:run(49)) - db959189-86db-424f-9228-dcd46ac5d3ef@group-181AD1325C26-cacheEviction-AwaitToRun-AwaitForSignal is interrupted
2024-04-16 13:47:28,238 [db959189-86db-424f-9228-dcd46ac5d3ef-impl-thread3] INFO  segmented.SegmentedRaftLogWorker (SegmentedRaftLogWorker.java:close(245)) - db959189-86db-424f-9228-dcd46ac5d3ef@group-181AD1325C26-SegmentedRaftLogWorker close()
2024-04-16 13:47:28,384 [db959189-86db-424f-9228-dcd46ac5d3ef-impl-thread1] INFO  segmented.SegmentedRaftLogWorker (SegmentedRaftLogWorker.java:close(245)) - db959189-86db-424f-9228-dcd46ac5d3ef@group-D6EBA2FAC503-SegmentedRaftLogWorker close()
2024-04-16 13:47:28,493 [main] INFO  ozoneimpl.OzoneContainer (OzoneContainer.java:stop(481)) - Attempting to stop container services.
2024-04-16 13:47:28,494 [ContainerMetadataScanner] WARN  ozoneimpl.AbstractBackgroundContainerScanner (AbstractBackgroundContainerScanner.java:handleRemainingSleep(134)) - Background container scan was interrupted.
2024-04-16 13:47:28,494 [ContainerMetadataScanner] INFO  ozoneimpl.AbstractBackgroundContainerScanner (AbstractBackgroundContainerScanner.java:run(61)) - Thread[ContainerMetadataScanner,5,main] exiting.
2024-04-16 13:47:28,494 [88d255ec-0e94-4950-ab45-ac807e327f1f-EndpointStateMachineTaskThread-/127.0.0.1:15020-0 ] INFO  ipc.Client (Client.java:handleConnectionFailure(950)) - Retrying connect to server: localhost/127.0.0.1:15020. Already tried 1 time(s); retry policy is RetryUpToMaximumCountWithFixedSleep(maxRetries=15, sleepTime=1000 MILLISECONDS)
2024-04-16 13:47:28,495 [main] INFO  ozoneimpl.BackgroundContainerDataScanner (BackgroundContainerDataScanner.java:shutdown(141)) - ContainerDataScanner(/home/runner/work/ozone/ozone/hadoop-ozone/integration-test/target/test-dir/MiniOzoneClusterImpl-f0f26617-5c27-4371-b446-298ac6c8687b/ozone-meta/datanode-2/data-0/hdds) is shutting down. 
2024-04-16 13:47:28,495 [ContainerDataScanner(/home/runner/work/ozone/ozone/hadoop-ozone/integration-test/target/test-dir/MiniOzoneClusterImpl-f0f26617-5c27-4371-b446-298ac6c8687b/ozone-meta/datanode-2/data-0/hdds)] WARN  ozoneimpl.AbstractBackgroundContainerScanner (AbstractBackgroundContainerScanner.java:handleRemainingSleep(134)) - Background container scan was interrupted.
2024-04-16 13:47:28,495 [ContainerDataScanner(/home/runner/work/ozone/ozone/hadoop-ozone/integration-test/target/test-dir/MiniOzoneClusterImpl-f0f26617-5c27-4371-b446-298ac6c8687b/ozone-meta/datanode-2/data-0/hdds)] INFO  ozoneimpl.AbstractBackgroundContainerScanner (AbstractBackgroundContainerScanner.java:run(61)) - ContainerDataScanner(/home/runner/work/ozone/ozone/hadoop-ozone/integration-test/target/test-dir/MiniOzoneClusterImpl-f0f26617-5c27-4371-b446-298ac6c8687b/ozone-meta/datanode-2/data-0/hdds, DS-7c1766fd-4e72-410d-8898-7c713097e538) exiting.
2024-04-16 13:47:28,495 [88d255ec-0e94-4950-ab45-ac807e327f1f-EndpointStateMachineTaskThread-/127.0.0.1:15012-0 ] INFO  ipc.Client (Client.java:handleConnectionFailure(950)) - Retrying connect to server: localhost/127.0.0.1:15012. Already tried 2 time(s); retry policy is RetryUpToMaximumCountWithFixedSleep(maxRetries=15, sleepTime=1000 MILLISECONDS)
2024-04-16 13:47:28,496 [main] INFO  server.RaftServer (RaftServerProxy.java:lambda$close$9(416)) - 88d255ec-0e94-4950-ab45-ac807e327f1f: close
2024-04-16 13:47:28,496 [88d255ec-0e94-4950-ab45-ac807e327f1f-impl-thread1] INFO  server.RaftServer$Division (RaftServerImpl.java:lambda$close$3(526)) - 88d255ec-0e94-4950-ab45-ac807e327f1f@group-E0749F99CAE6: shutdown
2024-04-16 13:47:28,496 [88d255ec-0e94-4950-ab45-ac807e327f1f-impl-thread1] INFO  util.JmxRegister (JmxRegister.java:unregister(73)) - Successfully un-registered JMX Bean with object name Ratis:service=RaftServer,group=group-E0749F99CAE6,id=88d255ec-0e94-4950-ab45-ac807e327f1f
2024-04-16 13:47:28,496 [88d255ec-0e94-4950-ab45-ac807e327f1f-impl-thread1] INFO  impl.RoleInfo (RoleInfo.java:shutdownLeaderState(94)) - 88d255ec-0e94-4950-ab45-ac807e327f1f: shutdown 88d255ec-0e94-4950-ab45-ac807e327f1f@group-E0749F99CAE6-LeaderStateImpl
2024-04-16 13:47:28,496 [88d255ec-0e94-4950-ab45-ac807e327f1f-impl-thread1] INFO  impl.PendingRequests (PendingRequests.java:sendNotLeaderResponses(289)) - 88d255ec-0e94-4950-ab45-ac807e327f1f@group-E0749F99CAE6-PendingRequests: sendNotLeaderResponses
2024-04-16 13:47:28,497 [88d255ec-0e94-4950-ab45-ac807e327f1f-impl-thread1] INFO  impl.StateMachineUpdater (StateMachineUpdater.java:stopAndJoin(157)) - 88d255ec-0e94-4950-ab45-ac807e327f1f@group-E0749F99CAE6-StateMachineUpdater: set stopIndex = 0
2024-04-16 13:47:28,497 [88d255ec-0e94-4950-ab45-ac807e327f1f@group-E0749F99CAE6-StateMachineUpdater] INFO  ratis.ContainerStateMachine (ContainerStateMachine.java:takeSnapshot(355)) - group-E0749F99CAE6: Taking a snapshot at:(t:1, i:0) file /home/runner/work/ozone/ozone/hadoop-ozone/integration-test/target/test-dir/MiniOzoneClusterImpl-f0f26617-5c27-4371-b446-298ac6c8687b/ozone-meta/datanode-2/ratis/64026b80-5b47-4e57-bd68-e0749f99cae6/sm/snapshot.1_0
2024-04-16 13:47:28,497 [main] INFO  server.GrpcService (GrpcService.java:closeImpl(311)) - 88d255ec-0e94-4950-ab45-ac807e327f1f: shutdown server org.apache.ratis.grpc.server.GrpcClientProtocolService now
2024-04-16 13:47:28,498 [88d255ec-0e94-4950-ab45-ac807e327f1f@group-E0749F99CAE6-StateMachineUpdater] INFO  ratis.ContainerStateMachine (ContainerStateMachine.java:takeSnapshot(366)) - group-E0749F99CAE6: Finished taking a snapshot at:(t:1, i:0) file:/home/runner/work/ozone/ozone/hadoop-ozone/integration-test/target/test-dir/MiniOzoneClusterImpl-f0f26617-5c27-4371-b446-298ac6c8687b/ozone-meta/datanode-2/ratis/64026b80-5b47-4e57-bd68-e0749f99cae6/sm/snapshot.1_0 took: 1 ms
2024-04-16 13:47:28,498 [88d255ec-0e94-4950-ab45-ac807e327f1f@group-E0749F99CAE6-StateMachineUpdater] INFO  impl.StateMachineUpdater (StateMachineUpdater.java:takeSnapshot(295)) - 88d255ec-0e94-4950-ab45-ac807e327f1f@group-E0749F99CAE6-StateMachineUpdater: Took a snapshot at index 0
2024-04-16 13:47:28,498 [88d255ec-0e94-4950-ab45-ac807e327f1f@group-E0749F99CAE6-StateMachineUpdater] INFO  impl.StateMachineUpdater (StateMachineUpdater.java:lambda$new$0(98)) - 88d255ec-0e94-4950-ab45-ac807e327f1f@group-E0749F99CAE6-StateMachineUpdater: snapshotIndex: updateIncreasingly -1 -> 0
2024-04-16 13:47:28,498 [88d255ec-0e94-4950-ab45-ac807e327f1f-impl-thread1] INFO  server.RaftServer$Division (ServerState.java:close(427)) - 88d255ec-0e94-4950-ab45-ac807e327f1f@group-E0749F99CAE6: applyIndex: 0
2024-04-16 13:47:28,498 [88d255ec-0e94-4950-ab45-ac807e327f1f@group-E0749F99CAE6-cacheEviction-AwaitToRun] INFO  util.AwaitToRun (AwaitToRun.java:run(49)) - 88d255ec-0e94-4950-ab45-ac807e327f1f@group-E0749F99CAE6-cacheEviction-AwaitToRun-AwaitForSignal is interrupted
2024-04-16 13:47:28,499 [88d255ec-0e94-4950-ab45-ac807e327f1f-impl-thread2] INFO  server.RaftServer$Division (RaftServerImpl.java:lambda$close$3(526)) - 88d255ec-0e94-4950-ab45-ac807e327f1f@group-D6EBA2FAC503: shutdown
2024-04-16 13:47:28,499 [88d255ec-0e94-4950-ab45-ac807e327f1f-impl-thread2] INFO  util.JmxRegister (JmxRegister.java:unregister(73)) - Successfully un-registered JMX Bean with object name Ratis:service=RaftServer,group=group-D6EBA2FAC503,id=88d255ec-0e94-4950-ab45-ac807e327f1f
2024-04-16 13:47:28,499 [88d255ec-0e94-4950-ab45-ac807e327f1f-impl-thread2] INFO  impl.RoleInfo (RoleInfo.java:shutdownLeaderState(94)) - 88d255ec-0e94-4950-ab45-ac807e327f1f: shutdown 88d255ec-0e94-4950-ab45-ac807e327f1f@group-D6EBA2FAC503-LeaderStateImpl
2024-04-16 13:47:28,500 [88d255ec-0e94-4950-ab45-ac807e327f1f@group-D6EBA2FAC503->db959189-86db-424f-9228-dcd46ac5d3ef-GrpcLogAppender-LogAppenderDaemon] WARN  server.GrpcLogAppender (GrpcLogAppender.java:mayWait(289)) - 88d255ec-0e94-4950-ab45-ac807e327f1f@group-D6EBA2FAC503->db959189-86db-424f-9228-dcd46ac5d3ef-GrpcLogAppender: Wait interrupted by java.lang.InterruptedException
2024-04-16 13:47:28,500 [88d255ec-0e94-4950-ab45-ac807e327f1f@group-D6EBA2FAC503->590e72f5-e0a8-4a6b-9708-265ca50c2b50-GrpcLogAppender-LogAppenderDaemon] WARN  server.GrpcLogAppender (GrpcLogAppender.java:mayWait(289)) - 88d255ec-0e94-4950-ab45-ac807e327f1f@group-D6EBA2FAC503->590e72f5-e0a8-4a6b-9708-265ca50c2b50-GrpcLogAppender: Wait interrupted by java.lang.InterruptedException
2024-04-16 13:47:28,500 [88d255ec-0e94-4950-ab45-ac807e327f1f-impl-thread2] INFO  impl.PendingRequests (PendingRequests.java:sendNotLeaderResponses(289)) - 88d255ec-0e94-4950-ab45-ac807e327f1f@group-D6EBA2FAC503-PendingRequests: sendNotLeaderResponses
2024-04-16 13:47:28,505 [grpc-default-executor-3] INFO  server.GrpcServerProtocolService (GrpcServerProtocolService.java:onCompleted(157)) - 590e72f5-e0a8-4a6b-9708-265ca50c2b50: Completed APPEND_ENTRIES, lastRequest: 88d255ec-0e94-4950-ab45-ac807e327f1f->590e72f5-e0a8-4a6b-9708-265ca50c2b50#1-t1,previous=(t:0, i:0),leaderCommit=-1,initializing? false,entries: size=1, first=(t:1, i:0), CONFIGURATIONENTRY(current:id: "db959189-86db-424f-9228-dcd46ac5d3ef"
address: "10.1.0.24:15046"
dataStreamAddress: "10.1.0.24:15047"
clientAddress: "10.1.0.24:15044"
adminAddress: "10.1.0.24:15045"
startupRole: FOLLOWER
,id: "590e72f5-e0a8-4a6b-9708-265ca50c2b50"
address: "10.1.0.24:15064"
dataStreamAddress: "10.1.0.24:15065"
clientAddress: "10.1.0.24:15062"
adminAddress: "10.1.0.24:15063"
startupRole: FOLLOWER
,id: "88d255ec-0e94-4950-ab45-ac807e327f1f"
address: "10.1.0.24:15055"
priority: 1
dataStreamAddress: "10.1.0.24:15056"
clientAddress: "10.1.0.24:15053"
adminAddress: "10.1.0.24:15054"
startupRole: FOLLOWER
, old:)
2024-04-16 13:47:28,505 [grpc-default-executor-3] INFO  server.GrpcServerProtocolService (GrpcServerProtocolService.java:lambda$onCompleted$5(159)) - 590e72f5-e0a8-4a6b-9708-265ca50c2b50: Completed APPEND_ENTRIES, lastReply: null
2024-04-16 13:47:28,506 [grpc-default-executor-5] INFO  server.GrpcLogAppender (GrpcLogAppender.java:onCompleted(546)) - 88d255ec-0e94-4950-ab45-ac807e327f1f@group-D6EBA2FAC503->590e72f5-e0a8-4a6b-9708-265ca50c2b50-AppendLogResponseHandler: follower responses appendEntries COMPLETED
2024-04-16 13:47:28,504 [88d255ec-0e94-4950-ab45-ac807e327f1f-impl-thread3] INFO  server.RaftServer$Division (RaftServerImpl.java:lambda$close$3(526)) - 88d255ec-0e94-4950-ab45-ac807e327f1f@group-181AD1325C26: shutdown
2024-04-16 13:47:28,508 [88d255ec-0e94-4950-ab45-ac807e327f1f-impl-thread3] INFO  util.JmxRegister (JmxRegister.java:unregister(73)) - Successfully un-registered JMX Bean with object name Ratis:service=RaftServer,group=group-181AD1325C26,id=88d255ec-0e94-4950-ab45-ac807e327f1f
2024-04-16 13:47:28,509 [88d255ec-0e94-4950-ab45-ac807e327f1f-impl-thread3] INFO  impl.RoleInfo (RoleInfo.java:shutdownFollowerState(110)) - 88d255ec-0e94-4950-ab45-ac807e327f1f: shutdown 88d255ec-0e94-4950-ab45-ac807e327f1f@group-181AD1325C26-FollowerState
2024-04-16 13:47:28,510 [88d255ec-0e94-4950-ab45-ac807e327f1f-impl-thread1] INFO  segmented.SegmentedRaftLogWorker (SegmentedRaftLogWorker.java:close(245)) - 88d255ec-0e94-4950-ab45-ac807e327f1f@group-E0749F99CAE6-SegmentedRaftLogWorker close()
2024-04-16 13:47:28,510 [88d255ec-0e94-4950-ab45-ac807e327f1f-impl-thread3] INFO  impl.StateMachineUpdater (StateMachineUpdater.java:stopAndJoin(157)) - 88d255ec-0e94-4950-ab45-ac807e327f1f@group-181AD1325C26-StateMachineUpdater: set stopIndex = 0
2024-04-16 13:47:28,510 [88d255ec-0e94-4950-ab45-ac807e327f1f@group-181AD1325C26-StateMachineUpdater] INFO  ratis.ContainerStateMachine (ContainerStateMachine.java:takeSnapshot(355)) - group-181AD1325C26: Taking a snapshot at:(t:1, i:0) file /home/runner/work/ozone/ozone/hadoop-ozone/integration-test/target/test-dir/MiniOzoneClusterImpl-f0f26617-5c27-4371-b446-298ac6c8687b/ozone-meta/datanode-2/ratis/b82ac6a9-29ab-4c38-a941-181ad1325c26/sm/snapshot.1_0
2024-04-16 13:47:28,509 [Thread-1435] INFO  server.GrpcServerProtocolClient (GrpcServerProtocolClient.java:close(103)) - 590e72f5-e0a8-4a6b-9708-265ca50c2b50 Close channels
2024-04-16 13:47:28,511 [88d255ec-0e94-4950-ab45-ac807e327f1f@group-181AD1325C26-StateMachineUpdater] INFO  ratis.ContainerStateMachine (ContainerStateMachine.java:takeSnapshot(366)) - group-181AD1325C26: Finished taking a snapshot at:(t:1, i:0) file:/home/runner/work/ozone/ozone/hadoop-ozone/integration-test/target/test-dir/MiniOzoneClusterImpl-f0f26617-5c27-4371-b446-298ac6c8687b/ozone-meta/datanode-2/ratis/b82ac6a9-29ab-4c38-a941-181ad1325c26/sm/snapshot.1_0 took: 1 ms
2024-04-16 13:47:28,512 [88d255ec-0e94-4950-ab45-ac807e327f1f@group-181AD1325C26-StateMachineUpdater] INFO  impl.StateMachineUpdater (StateMachineUpdater.java:takeSnapshot(295)) - 88d255ec-0e94-4950-ab45-ac807e327f1f@group-181AD1325C26-StateMachineUpdater: Took a snapshot at index 0
2024-04-16 13:47:28,512 [88d255ec-0e94-4950-ab45-ac807e327f1f@group-181AD1325C26-StateMachineUpdater] INFO  impl.StateMachineUpdater (StateMachineUpdater.java:lambda$new$0(98)) - 88d255ec-0e94-4950-ab45-ac807e327f1f@group-181AD1325C26-StateMachineUpdater: snapshotIndex: updateIncreasingly -1 -> 0
2024-04-16 13:47:28,509 [Thread-1434] INFO  server.GrpcServerProtocolClient (GrpcServerProtocolClient.java:close(103)) - db959189-86db-424f-9228-dcd46ac5d3ef Close channels
2024-04-16 13:47:28,513 [88d255ec-0e94-4950-ab45-ac807e327f1f-impl-thread3] INFO  server.RaftServer$Division (ServerState.java:close(427)) - 88d255ec-0e94-4950-ab45-ac807e327f1f@group-181AD1325C26: applyIndex: 0
2024-04-16 13:47:28,510 [88d255ec-0e94-4950-ab45-ac807e327f1f@group-181AD1325C26-FollowerState] INFO  impl.FollowerState (FollowerState.java:run(152)) - 88d255ec-0e94-4950-ab45-ac807e327f1f@group-181AD1325C26-FollowerState was interrupted
2024-04-16 13:47:28,516 [88d255ec-0e94-4950-ab45-ac807e327f1f@group-D6EBA2FAC503-StateMachineUpdater] INFO  ratis.ContainerStateMachine (ContainerStateMachine.java:takeSnapshot(355)) - group-D6EBA2FAC503: Taking a snapshot at:(t:1, i:0) file /home/runner/work/ozone/ozone/hadoop-ozone/integration-test/target/test-dir/MiniOzoneClusterImpl-f0f26617-5c27-4371-b446-298ac6c8687b/ozone-meta/datanode-2/ratis/1a146aba-1d5e-4ce9-9ab1-d6eba2fac503/sm/snapshot.1_0
2024-04-16 13:47:28,516 [88d255ec-0e94-4950-ab45-ac807e327f1f-impl-thread2] INFO  impl.StateMachineUpdater (StateMachineUpdater.java:stopAndJoin(157)) - 88d255ec-0e94-4950-ab45-ac807e327f1f@group-D6EBA2FAC503-StateMachineUpdater: set stopIndex = 0
2024-04-16 13:47:28,514 [grpc-default-executor-3] INFO  server.GrpcServerProtocolService (GrpcServerProtocolService.java:onCompleted(157)) - 590e72f5-e0a8-4a6b-9708-265ca50c2b50: Completed APPEND_ENTRIES, lastRequest: null
2024-04-16 13:47:28,514 [88d255ec-0e94-4950-ab45-ac807e327f1f@group-181AD1325C26-cacheEviction-AwaitToRun] INFO  util.AwaitToRun (AwaitToRun.java:run(49)) - 88d255ec-0e94-4950-ab45-ac807e327f1f@group-181AD1325C26-cacheEviction-AwaitToRun-AwaitForSignal is interrupted
2024-04-16 13:47:28,517 [88d255ec-0e94-4950-ab45-ac807e327f1f@group-D6EBA2FAC503-StateMachineUpdater] INFO  ratis.ContainerStateMachine (ContainerStateMachine.java:takeSnapshot(366)) - group-D6EBA2FAC503: Finished taking a snapshot at:(t:1, i:0) file:/home/runner/work/ozone/ozone/hadoop-ozone/integration-test/target/test-dir/MiniOzoneClusterImpl-f0f26617-5c27-4371-b446-298ac6c8687b/ozone-meta/datanode-2/ratis/1a146aba-1d5e-4ce9-9ab1-d6eba2fac503/sm/snapshot.1_0 took: 0 ms
2024-04-16 13:47:28,517 [88d255ec-0e94-4950-ab45-ac807e327f1f@group-D6EBA2FAC503-StateMachineUpdater] INFO  impl.StateMachineUpdater (StateMachineUpdater.java:takeSnapshot(295)) - 88d255ec-0e94-4950-ab45-ac807e327f1f@group-D6EBA2FAC503-StateMachineUpdater: Took a snapshot at index 0
2024-04-16 13:47:28,517 [88d255ec-0e94-4950-ab45-ac807e327f1f@group-D6EBA2FAC503-StateMachineUpdater] INFO  impl.StateMachineUpdater (StateMachineUpdater.java:lambda$new$0(98)) - 88d255ec-0e94-4950-ab45-ac807e327f1f@group-D6EBA2FAC503-StateMachineUpdater: snapshotIndex: updateIncreasingly -1 -> 0
2024-04-16 13:47:28,517 [88d255ec-0e94-4950-ab45-ac807e327f1f-impl-thread2] INFO  server.RaftServer$Division (ServerState.java:close(427)) - 88d255ec-0e94-4950-ab45-ac807e327f1f@group-D6EBA2FAC503: applyIndex: 0
2024-04-16 13:47:28,517 [88d255ec-0e94-4950-ab45-ac807e327f1f@group-D6EBA2FAC503-cacheEviction-AwaitToRun] INFO  util.AwaitToRun (AwaitToRun.java:run(49)) - 88d255ec-0e94-4950-ab45-ac807e327f1f@group-D6EBA2FAC503-cacheEviction-AwaitToRun-AwaitForSignal is interrupted
2024-04-16 13:47:28,521 [grpc-default-executor-3] INFO  server.GrpcServerProtocolService (GrpcServerProtocolService.java:lambda$onCompleted$5(159)) - 590e72f5-e0a8-4a6b-9708-265ca50c2b50: Completed APPEND_ENTRIES, lastReply: serverReply {
  requestorId: "88d255ec-0e94-4950-ab45-ac807e327f1f"
  replyId: "590e72f5-e0a8-4a6b-9708-265ca50c2b50"
  raftGroupId {
    id: "\032\024j\272\035^L\351\232\261\326\353\242\372\305\003"
  }
  callId: 8
  success: true
}
term: 1
nextIndex: 1
matchIndex: 18446744073709551615
isHearbeat: true

2024-04-16 13:47:28,528 [grpc-default-executor-3] INFO  server.GrpcLogAppender (GrpcLogAppender.java:onCompleted(546)) - 88d255ec-0e94-4950-ab45-ac807e327f1f@group-D6EBA2FAC503->590e72f5-e0a8-4a6b-9708-265ca50c2b50-AppendLogResponseHandler: follower responses appendEntries COMPLETED
2024-04-16 13:47:28,528 [grpc-default-executor-3] WARN  server.GrpcLogAppender (GrpcLogAppender.java:resetClient(226)) - 88d255ec-0e94-4950-ab45-ac807e327f1f@group-D6EBA2FAC503->590e72f5-e0a8-4a6b-9708-265ca50c2b50-GrpcLogAppender: Failed to getClient for 590e72f5-e0a8-4a6b-9708-265ca50c2b50
org.apache.ratis.protocol.exceptions.AlreadyClosedException: 88d255ec-0e94-4950-ab45-ac807e327f1f is already CLOSED
	at org.apache.ratis.util.PeerProxyMap$PeerAndProxy.getProxy(PeerProxyMap.java:65)
	at org.apache.ratis.util.PeerProxyMap.getProxy(PeerProxyMap.java:114)
	at org.apache.ratis.grpc.server.GrpcLogAppender.getClient(GrpcLogAppender.java:196)
	at org.apache.ratis.grpc.server.GrpcLogAppender.resetClient(GrpcLogAppender.java:201)
	at org.apache.ratis.grpc.server.GrpcLogAppender.access$800(GrpcLogAppender.java:62)
	at org.apache.ratis.grpc.server.GrpcLogAppender$AppendLogResponseHandler.onCompleted(GrpcLogAppender.java:547)
	at org.apache.ratis.thirdparty.io.grpc.stub.ClientCalls$StreamObserverToCallListenerAdapter.onClose(ClientCalls.java:479)
	at org.apache.ratis.thirdparty.io.grpc.internal.DelayedClientCall$DelayedListener$3.run(DelayedClientCall.java:489)
	at org.apache.ratis.thirdparty.io.grpc.internal.DelayedClientCall$DelayedListener.delayOrExecute(DelayedClientCall.java:453)
	at org.apache.ratis.thirdparty.io.grpc.internal.DelayedClientCall$DelayedListener.onClose(DelayedClientCall.java:486)
	at org.apache.ratis.thirdparty.io.grpc.internal.ClientCallImpl.closeObserver(ClientCallImpl.java:567)
	at org.apache.ratis.thirdparty.io.grpc.internal.ClientCallImpl.access$300(ClientCallImpl.java:71)
	at org.apache.ratis.thirdparty.io.grpc.internal.ClientCallImpl$ClientStreamListenerImpl$1StreamClosed.runInternal(ClientCallImpl.java:735)
	at org.apache.ratis.thirdparty.io.grpc.internal.ClientCallImpl$ClientStreamListenerImpl$1StreamClosed.runInContext(ClientCallImpl.java:716)
	at org.apache.ratis.thirdparty.io.grpc.internal.ContextRunnable.run(ContextRunnable.java:37)
	at org.apache.ratis.thirdparty.io.grpc.internal.SerializingExecutor.run(SerializingExecutor.java:133)
	at java.util.concurrent.ThreadPoolExecutor.runWorker(ThreadPoolExecutor.java:1149)
	at java.util.concurrent.ThreadPoolExecutor$Worker.run(ThreadPoolExecutor.java:624)
	at java.lang.Thread.run(Thread.java:750)
2024-04-16 13:47:28,530 [main] INFO  server.GrpcService (GrpcService.java:closeImpl(320)) - 88d255ec-0e94-4950-ab45-ac807e327f1f: shutdown server org.apache.ratis.grpc.server.GrpcClientProtocolService successfully
2024-04-16 13:47:28,530 [main] INFO  server.GrpcService (GrpcService.java:closeImpl(311)) - 88d255ec-0e94-4950-ab45-ac807e327f1f: shutdown server GrpcServerProtocolService now
2024-04-16 13:47:28,532 [grpc-default-executor-6] WARN  server.GrpcLogAppender (LogUtils.java:warn(121)) - 590e72f5-e0a8-4a6b-9708-265ca50c2b50@group-181AD1325C26->88d255ec-0e94-4950-ab45-ac807e327f1f-AppendLogResponseHandler: Failed appendEntries: org.apache.ratis.thirdparty.io.grpc.StatusRuntimeException: CANCELLED: RST_STREAM closed stream. HTTP/2 error code: CANCEL
2024-04-16 13:47:28,532 [grpc-default-executor-6] WARN  server.GrpcLogAppender (GrpcLogAppender.java:lambda$resetClient$1(217)) - 590e72f5-e0a8-4a6b-9708-265ca50c2b50@group-181AD1325C26->88d255ec-0e94-4950-ab45-ac807e327f1f-GrpcLogAppender: Follower failed (request=null, errorCount=1); keep nextIndex (1) unchanged and retry.
2024-04-16 13:47:28,533 [grpc-default-executor-5] WARN  server.GrpcServerProtocolService (LogUtils.java:warn(121)) - 88d255ec-0e94-4950-ab45-ac807e327f1f: APPEND_ENTRIES onError, lastRequest: 590e72f5-e0a8-4a6b-9708-265ca50c2b50->88d255ec-0e94-4950-ab45-ac807e327f1f#1-t1,previous=(t:0, i:0),leaderCommit=-1,initializing? false,entries: size=1, first=(t:1, i:0), CONFIGURATIONENTRY(current:id: "db959189-86db-424f-9228-dcd46ac5d3ef"
address: "10.1.0.24:15046"
dataStreamAddress: "10.1.0.24:15047"
clientAddress: "10.1.0.24:15044"
adminAddress: "10.1.0.24:15045"
startupRole: FOLLOWER
,id: "590e72f5-e0a8-4a6b-9708-265ca50c2b50"
address: "10.1.0.24:15064"
priority: 1
dataStreamAddress: "10.1.0.24:15065"
clientAddress: "10.1.0.24:15062"
adminAddress: "10.1.0.24:15063"
startupRole: FOLLOWER
,id: "88d255ec-0e94-4950-ab45-ac807e327f1f"
address: "10.1.0.24:15055"
dataStreamAddress: "10.1.0.24:15056"
clientAddress: "10.1.0.24:15053"
adminAddress: "10.1.0.24:15054"
startupRole: FOLLOWER
, old:): org.apache.ratis.thirdparty.io.grpc.StatusRuntimeException: CANCELLED: client cancelled
2024-04-16 13:47:28,533 [main] INFO  server.GrpcService (GrpcService.java:closeImpl(320)) - 88d255ec-0e94-4950-ab45-ac807e327f1f: shutdown server GrpcServerProtocolService successfully
2024-04-16 13:47:28,533 [main] INFO  server.GrpcService (GrpcService.java:closeImpl(311)) - 88d255ec-0e94-4950-ab45-ac807e327f1f: shutdown server org.apache.ratis.grpc.server.GrpcAdminProtocolService now
2024-04-16 13:47:28,534 [grpc-default-executor-3] WARN  server.GrpcServerProtocolService (LogUtils.java:warn(121)) - 88d255ec-0e94-4950-ab45-ac807e327f1f: APPEND_ENTRIES onError, lastRequest: null: org.apache.ratis.thirdparty.io.grpc.StatusRuntimeException: CANCELLED: client cancelled
2024-04-16 13:47:28,535 [main] INFO  server.GrpcService (GrpcService.java:closeImpl(320)) - 88d255ec-0e94-4950-ab45-ac807e327f1f: shutdown server org.apache.ratis.grpc.server.GrpcAdminProtocolService successfully
2024-04-16 13:47:28,538 [88d255ec-0e94-4950-ab45-ac807e327f1f-NettyServerStreamRpc-bossGroup--thread1] INFO  logging.LoggingHandler (AbstractInternalLogger.java:log(148)) - [id: 0x442b12e1, L:/0.0.0.0:15056] CLOSE
2024-04-16 13:47:28,538 [88d255ec-0e94-4950-ab45-ac807e327f1f-NettyServerStreamRpc-bossGroup--thread1] INFO  logging.LoggingHandler (AbstractInternalLogger.java:log(148)) - [id: 0x442b12e1, L:/0.0.0.0:15056] INACTIVE
2024-04-16 13:47:28,538 [88d255ec-0e94-4950-ab45-ac807e327f1f-NettyServerStreamRpc-bossGroup--thread1] INFO  logging.LoggingHandler (AbstractInternalLogger.java:log(148)) - [id: 0x442b12e1, L:/0.0.0.0:15056] UNREGISTERED
2024-04-16 13:47:28,815 [ForkJoinPool.commonPool-worker-2] INFO  ozoneimpl.OzoneContainer (OzoneContainer.java:stop(481)) - Attempting to stop container services.
2024-04-16 13:47:28,815 [590e72f5-e0a8-4a6b-9708-265ca50c2b50-EndpointStateMachineTaskThread-/127.0.0.1:15012-0 ] INFO  ipc.Client (Client.java:handleConnectionFailure(950)) - Retrying connect to server: localhost/127.0.0.1:15012. Already tried 1 time(s); retry policy is RetryUpToMaximumCountWithFixedSleep(maxRetries=15, sleepTime=1000 MILLISECONDS)
2024-04-16 13:47:28,815 [ContainerMetadataScanner] WARN  ozoneimpl.AbstractBackgroundContainerScanner (AbstractBackgroundContainerScanner.java:handleRemainingSleep(134)) - Background container scan was interrupted.
2024-04-16 13:47:28,816 [ContainerMetadataScanner] INFO  ozoneimpl.AbstractBackgroundContainerScanner (AbstractBackgroundContainerScanner.java:run(61)) - Thread[ContainerMetadataScanner,5,main] exiting.
2024-04-16 13:47:28,815 [590e72f5-e0a8-4a6b-9708-265ca50c2b50-EndpointStateMachineTaskThread-/127.0.0.1:15020-0 ] INFO  ipc.Client (Client.java:handleConnectionFailure(950)) - Retrying connect to server: localhost/127.0.0.1:15020. Already tried 0 time(s); retry policy is RetryUpToMaximumCountWithFixedSleep(maxRetries=15, sleepTime=1000 MILLISECONDS)
2024-04-16 13:47:28,816 [ForkJoinPool.commonPool-worker-2] INFO  ozoneimpl.BackgroundContainerDataScanner (BackgroundContainerDataScanner.java:shutdown(141)) - ContainerDataScanner(/home/runner/work/ozone/ozone/hadoop-ozone/integration-test/target/test-dir/MiniOzoneClusterImpl-f0f26617-5c27-4371-b446-298ac6c8687b/ozone-meta/datanode-3/data-0/hdds) is shutting down. 
2024-04-16 13:47:28,816 [ContainerDataScanner(/home/runner/work/ozone/ozone/hadoop-ozone/integration-test/target/test-dir/MiniOzoneClusterImpl-f0f26617-5c27-4371-b446-298ac6c8687b/ozone-meta/datanode-3/data-0/hdds)] WARN  ozoneimpl.AbstractBackgroundContainerScanner (AbstractBackgroundContainerScanner.java:handleRemainingSleep(134)) - Background container scan was interrupted.
2024-04-16 13:47:28,817 [ContainerDataScanner(/home/runner/work/ozone/ozone/hadoop-ozone/integration-test/target/test-dir/MiniOzoneClusterImpl-f0f26617-5c27-4371-b446-298ac6c8687b/ozone-meta/datanode-3/data-0/hdds)] INFO  ozoneimpl.AbstractBackgroundContainerScanner (AbstractBackgroundContainerScanner.java:run(61)) - ContainerDataScanner(/home/runner/work/ozone/ozone/hadoop-ozone/integration-test/target/test-dir/MiniOzoneClusterImpl-f0f26617-5c27-4371-b446-298ac6c8687b/ozone-meta/datanode-3/data-0/hdds, DS-fa91451e-aab1-4393-a001-b1b5b418f783) exiting.
2024-04-16 13:47:28,817 [ForkJoinPool.commonPool-worker-2] INFO  server.RaftServer (RaftServerProxy.java:lambda$close$9(416)) - 590e72f5-e0a8-4a6b-9708-265ca50c2b50: close
2024-04-16 13:47:28,817 [590e72f5-e0a8-4a6b-9708-265ca50c2b50-impl-thread1] INFO  server.RaftServer$Division (RaftServerImpl.java:lambda$close$3(526)) - 590e72f5-e0a8-4a6b-9708-265ca50c2b50@group-0E048453A2BF: shutdown
2024-04-16 13:47:28,817 [590e72f5-e0a8-4a6b-9708-265ca50c2b50-impl-thread1] INFO  util.JmxRegister (JmxRegister.java:unregister(73)) - Successfully un-registered JMX Bean with object name Ratis:service=RaftServer,group=group-0E048453A2BF,id=590e72f5-e0a8-4a6b-9708-265ca50c2b50
2024-04-16 13:47:28,817 [590e72f5-e0a8-4a6b-9708-265ca50c2b50-impl-thread1] INFO  impl.RoleInfo (RoleInfo.java:shutdownLeaderState(94)) - 590e72f5-e0a8-4a6b-9708-265ca50c2b50: shutdown 590e72f5-e0a8-4a6b-9708-265ca50c2b50@group-0E048453A2BF-LeaderStateImpl
2024-04-16 13:47:28,817 [ForkJoinPool.commonPool-worker-2] INFO  server.GrpcService (GrpcService.java:closeImpl(311)) - 590e72f5-e0a8-4a6b-9708-265ca50c2b50: shutdown server org.apache.ratis.grpc.server.GrpcClientProtocolService now
2024-04-16 13:47:28,817 [590e72f5-e0a8-4a6b-9708-265ca50c2b50-impl-thread2] INFO  server.RaftServer$Division (RaftServerImpl.java:lambda$close$3(526)) - 590e72f5-e0a8-4a6b-9708-265ca50c2b50@group-D6EBA2FAC503: shutdown
2024-04-16 13:47:28,818 [590e72f5-e0a8-4a6b-9708-265ca50c2b50-impl-thread3] INFO  server.RaftServer$Division (RaftServerImpl.java:lambda$close$3(526)) - 590e72f5-e0a8-4a6b-9708-265ca50c2b50@group-181AD1325C26: shutdown
2024-04-16 13:47:28,817 [590e72f5-e0a8-4a6b-9708-265ca50c2b50-impl-thread1] INFO  impl.PendingRequests (PendingRequests.java:sendNotLeaderResponses(289)) - 590e72f5-e0a8-4a6b-9708-265ca50c2b50@group-0E048453A2BF-PendingRequests: sendNotLeaderResponses
2024-04-16 13:47:28,818 [590e72f5-e0a8-4a6b-9708-265ca50c2b50-impl-thread2] INFO  util.JmxRegister (JmxRegister.java:unregister(73)) - Successfully un-registered JMX Bean with object name Ratis:service=RaftServer,group=group-D6EBA2FAC503,id=590e72f5-e0a8-4a6b-9708-265ca50c2b50
2024-04-16 13:47:28,818 [590e72f5-e0a8-4a6b-9708-265ca50c2b50-impl-thread2] INFO  impl.RoleInfo (RoleInfo.java:shutdownFollowerState(110)) - 590e72f5-e0a8-4a6b-9708-265ca50c2b50: shutdown 590e72f5-e0a8-4a6b-9708-265ca50c2b50@group-D6EBA2FAC503-FollowerState
2024-04-16 13:47:28,818 [590e72f5-e0a8-4a6b-9708-265ca50c2b50@group-D6EBA2FAC503-FollowerState] INFO  impl.FollowerState (FollowerState.java:run(152)) - 590e72f5-e0a8-4a6b-9708-265ca50c2b50@group-D6EBA2FAC503-FollowerState was interrupted
2024-04-16 13:47:28,818 [590e72f5-e0a8-4a6b-9708-265ca50c2b50-impl-thread1] INFO  impl.StateMachineUpdater (StateMachineUpdater.java:stopAndJoin(157)) - 590e72f5-e0a8-4a6b-9708-265ca50c2b50@group-0E048453A2BF-StateMachineUpdater: set stopIndex = 0
2024-04-16 13:47:28,818 [590e72f5-e0a8-4a6b-9708-265ca50c2b50-impl-thread2] INFO  impl.StateMachineUpdater (StateMachineUpdater.java:stopAndJoin(157)) - 590e72f5-e0a8-4a6b-9708-265ca50c2b50@group-D6EBA2FAC503-StateMachineUpdater: set stopIndex = 0
2024-04-16 13:47:28,818 [590e72f5-e0a8-4a6b-9708-265ca50c2b50@group-D6EBA2FAC503-StateMachineUpdater] INFO  ratis.ContainerStateMachine (ContainerStateMachine.java:takeSnapshot(355)) - group-D6EBA2FAC503: Taking a snapshot at:(t:1, i:0) file /home/runner/work/ozone/ozone/hadoop-ozone/integration-test/target/test-dir/MiniOzoneClusterImpl-f0f26617-5c27-4371-b446-298ac6c8687b/ozone-meta/datanode-3/ratis/1a146aba-1d5e-4ce9-9ab1-d6eba2fac503/sm/snapshot.1_0
2024-04-16 13:47:28,818 [590e72f5-e0a8-4a6b-9708-265ca50c2b50-impl-thread3] INFO  util.JmxRegister (JmxRegister.java:unregister(73)) - Successfully un-registered JMX Bean with object name Ratis:service=RaftServer,group=group-181AD1325C26,id=590e72f5-e0a8-4a6b-9708-265ca50c2b50
2024-04-16 13:47:28,819 [590e72f5-e0a8-4a6b-9708-265ca50c2b50-impl-thread3] INFO  impl.RoleInfo (RoleInfo.java:shutdownLeaderState(94)) - 590e72f5-e0a8-4a6b-9708-265ca50c2b50: shutdown 590e72f5-e0a8-4a6b-9708-265ca50c2b50@group-181AD1325C26-LeaderStateImpl
2024-04-16 13:47:28,819 [590e72f5-e0a8-4a6b-9708-265ca50c2b50@group-0E048453A2BF-StateMachineUpdater] INFO  ratis.ContainerStateMachine (ContainerStateMachine.java:takeSnapshot(355)) - group-0E048453A2BF: Taking a snapshot at:(t:1, i:0) file /home/runner/work/ozone/ozone/hadoop-ozone/integration-test/target/test-dir/MiniOzoneClusterImpl-f0f26617-5c27-4371-b446-298ac6c8687b/ozone-meta/datanode-3/ratis/169aeb86-d283-4a13-b667-0e048453a2bf/sm/snapshot.1_0
2024-04-16 13:47:28,819 [590e72f5-e0a8-4a6b-9708-265ca50c2b50@group-181AD1325C26->88d255ec-0e94-4950-ab45-ac807e327f1f-GrpcLogAppender-LogAppenderDaemon] WARN  server.GrpcLogAppender (GrpcLogAppender.java:mayWait(289)) - 590e72f5-e0a8-4a6b-9708-265ca50c2b50@group-181AD1325C26->88d255ec-0e94-4950-ab45-ac807e327f1f-GrpcLogAppender: Wait interrupted by java.lang.InterruptedException
2024-04-16 13:47:28,819 [590e72f5-e0a8-4a6b-9708-265ca50c2b50@group-181AD1325C26->db959189-86db-424f-9228-dcd46ac5d3ef-GrpcLogAppender-LogAppenderDaemon] WARN  server.GrpcLogAppender (GrpcLogAppender.java:mayWait(289)) - 590e72f5-e0a8-4a6b-9708-265ca50c2b50@group-181AD1325C26->db959189-86db-424f-9228-dcd46ac5d3ef-GrpcLogAppender: Wait interrupted by java.lang.InterruptedException
2024-04-16 13:47:28,819 [590e72f5-e0a8-4a6b-9708-265ca50c2b50-impl-thread3] INFO  impl.PendingRequests (PendingRequests.java:sendNotLeaderResponses(289)) - 590e72f5-e0a8-4a6b-9708-265ca50c2b50@group-181AD1325C26-PendingRequests: sendNotLeaderResponses
2024-04-16 13:47:28,819 [590e72f5-e0a8-4a6b-9708-265ca50c2b50@group-D6EBA2FAC503-StateMachineUpdater] INFO  ratis.ContainerStateMachine (ContainerStateMachine.java:takeSnapshot(366)) - group-D6EBA2FAC503: Finished taking a snapshot at:(t:1, i:0) file:/home/runner/work/ozone/ozone/hadoop-ozone/integration-test/target/test-dir/MiniOzoneClusterImpl-f0f26617-5c27-4371-b446-298ac6c8687b/ozone-meta/datanode-3/ratis/1a146aba-1d5e-4ce9-9ab1-d6eba2fac503/sm/snapshot.1_0 took: 1 ms
2024-04-16 13:47:28,819 [590e72f5-e0a8-4a6b-9708-265ca50c2b50@group-0E048453A2BF-StateMachineUpdater] INFO  ratis.ContainerStateMachine (ContainerStateMachine.java:takeSnapshot(366)) - group-0E048453A2BF: Finished taking a snapshot at:(t:1, i:0) file:/home/runner/work/ozone/ozone/hadoop-ozone/integration-test/target/test-dir/MiniOzoneClusterImpl-f0f26617-5c27-4371-b446-298ac6c8687b/ozone-meta/datanode-3/ratis/169aeb86-d283-4a13-b667-0e048453a2bf/sm/snapshot.1_0 took: 0 ms
2024-04-16 13:47:28,820 [590e72f5-e0a8-4a6b-9708-265ca50c2b50-impl-thread3] INFO  impl.StateMachineUpdater (StateMachineUpdater.java:stopAndJoin(157)) - 590e72f5-e0a8-4a6b-9708-265ca50c2b50@group-181AD1325C26-StateMachineUpdater: set stopIndex = 0
2024-04-16 13:47:28,821 [Thread-1480] INFO  server.GrpcServerProtocolClient (GrpcServerProtocolClient.java:close(103)) - db959189-86db-424f-9228-dcd46ac5d3ef Close channels
2024-04-16 13:47:28,820 [590e72f5-e0a8-4a6b-9708-265ca50c2b50@group-D6EBA2FAC503-StateMachineUpdater] INFO  impl.StateMachineUpdater (StateMachineUpdater.java:takeSnapshot(295)) - 590e72f5-e0a8-4a6b-9708-265ca50c2b50@group-D6EBA2FAC503-StateMachineUpdater: Took a snapshot at index 0
2024-04-16 13:47:28,821 [590e72f5-e0a8-4a6b-9708-265ca50c2b50@group-D6EBA2FAC503-StateMachineUpdater] INFO  impl.StateMachineUpdater (StateMachineUpdater.java:lambda$new$0(98)) - 590e72f5-e0a8-4a6b-9708-265ca50c2b50@group-D6EBA2FAC503-StateMachineUpdater: snapshotIndex: updateIncreasingly -1 -> 0
2024-04-16 13:47:28,821 [Thread-1482] INFO  server.GrpcServerProtocolClient (GrpcServerProtocolClient.java:close(103)) - 88d255ec-0e94-4950-ab45-ac807e327f1f Close channels
2024-04-16 13:47:28,821 [590e72f5-e0a8-4a6b-9708-265ca50c2b50-impl-thread2] INFO  server.RaftServer$Division (ServerState.java:close(427)) - 590e72f5-e0a8-4a6b-9708-265ca50c2b50@group-D6EBA2FAC503: applyIndex: 0
2024-04-16 13:47:28,821 [ForkJoinPool.commonPool-worker-2] INFO  server.GrpcService (GrpcService.java:closeImpl(320)) - 590e72f5-e0a8-4a6b-9708-265ca50c2b50: shutdown server org.apache.ratis.grpc.server.GrpcClientProtocolService successfully
2024-04-16 13:47:28,821 [ForkJoinPool.commonPool-worker-2] INFO  server.GrpcService (GrpcService.java:closeImpl(311)) - 590e72f5-e0a8-4a6b-9708-265ca50c2b50: shutdown server GrpcServerProtocolService now
2024-04-16 13:47:28,820 [590e72f5-e0a8-4a6b-9708-265ca50c2b50@group-0E048453A2BF-StateMachineUpdater] INFO  impl.StateMachineUpdater (StateMachineUpdater.java:takeSnapshot(295)) - 590e72f5-e0a8-4a6b-9708-265ca50c2b50@group-0E048453A2BF-StateMachineUpdater: Took a snapshot at index 0
2024-04-16 13:47:28,821 [590e72f5-e0a8-4a6b-9708-265ca50c2b50@group-0E048453A2BF-StateMachineUpdater] INFO  impl.StateMachineUpdater (StateMachineUpdater.java:lambda$new$0(98)) - 590e72f5-e0a8-4a6b-9708-265ca50c2b50@group-0E048453A2BF-StateMachineUpdater: snapshotIndex: updateIncreasingly -1 -> 0
2024-04-16 13:47:28,821 [590e72f5-e0a8-4a6b-9708-265ca50c2b50@group-D6EBA2FAC503-cacheEviction-AwaitToRun] INFO  util.AwaitToRun (AwaitToRun.java:run(49)) - 590e72f5-e0a8-4a6b-9708-265ca50c2b50@group-D6EBA2FAC503-cacheEviction-AwaitToRun-AwaitForSignal is interrupted
2024-04-16 13:47:28,821 [590e72f5-e0a8-4a6b-9708-265ca50c2b50@group-181AD1325C26-StateMachineUpdater] INFO  ratis.ContainerStateMachine (ContainerStateMachine.java:takeSnapshot(355)) - group-181AD1325C26: Taking a snapshot at:(t:1, i:0) file /home/runner/work/ozone/ozone/hadoop-ozone/integration-test/target/test-dir/MiniOzoneClusterImpl-f0f26617-5c27-4371-b446-298ac6c8687b/ozone-meta/datanode-3/ratis/b82ac6a9-29ab-4c38-a941-181ad1325c26/sm/snapshot.1_0
2024-04-16 13:47:28,821 [590e72f5-e0a8-4a6b-9708-265ca50c2b50-impl-thread1] INFO  server.RaftServer$Division (ServerState.java:close(427)) - 590e72f5-e0a8-4a6b-9708-265ca50c2b50@group-0E048453A2BF: applyIndex: 0
2024-04-16 13:47:28,822 [590e72f5-e0a8-4a6b-9708-265ca50c2b50@group-0E048453A2BF-cacheEviction-AwaitToRun] INFO  util.AwaitToRun (AwaitToRun.java:run(49)) - 590e72f5-e0a8-4a6b-9708-265ca50c2b50@group-0E048453A2BF-cacheEviction-AwaitToRun-AwaitForSignal is interrupted
2024-04-16 13:47:28,822 [590e72f5-e0a8-4a6b-9708-265ca50c2b50@group-181AD1325C26-StateMachineUpdater] INFO  ratis.ContainerStateMachine (ContainerStateMachine.java:takeSnapshot(366)) - group-181AD1325C26: Finished taking a snapshot at:(t:1, i:0) file:/home/runner/work/ozone/ozone/hadoop-ozone/integration-test/target/test-dir/MiniOzoneClusterImpl-f0f26617-5c27-4371-b446-298ac6c8687b/ozone-meta/datanode-3/ratis/b82ac6a9-29ab-4c38-a941-181ad1325c26/sm/snapshot.1_0 took: 2 ms
2024-04-16 13:47:28,822 [590e72f5-e0a8-4a6b-9708-265ca50c2b50@group-181AD1325C26-StateMachineUpdater] INFO  impl.StateMachineUpdater (StateMachineUpdater.java:takeSnapshot(295)) - 590e72f5-e0a8-4a6b-9708-265ca50c2b50@group-181AD1325C26-StateMachineUpdater: Took a snapshot at index 0
2024-04-16 13:47:28,822 [590e72f5-e0a8-4a6b-9708-265ca50c2b50@group-181AD1325C26-StateMachineUpdater] INFO  impl.StateMachineUpdater (StateMachineUpdater.java:lambda$new$0(98)) - 590e72f5-e0a8-4a6b-9708-265ca50c2b50@group-181AD1325C26-StateMachineUpdater: snapshotIndex: updateIncreasingly -1 -> 0
2024-04-16 13:47:28,822 [590e72f5-e0a8-4a6b-9708-265ca50c2b50-impl-thread3] INFO  server.RaftServer$Division (ServerState.java:close(427)) - 590e72f5-e0a8-4a6b-9708-265ca50c2b50@group-181AD1325C26: applyIndex: 0
2024-04-16 13:47:28,822 [590e72f5-e0a8-4a6b-9708-265ca50c2b50@group-181AD1325C26-cacheEviction-AwaitToRun] INFO  util.AwaitToRun (AwaitToRun.java:run(49)) - 590e72f5-e0a8-4a6b-9708-265ca50c2b50@group-181AD1325C26-cacheEviction-AwaitToRun-AwaitForSignal is interrupted
2024-04-16 13:47:28,825 [ForkJoinPool.commonPool-worker-2] INFO  server.GrpcService (GrpcService.java:closeImpl(320)) - 590e72f5-e0a8-4a6b-9708-265ca50c2b50: shutdown server GrpcServerProtocolService successfully
2024-04-16 13:47:28,825 [ForkJoinPool.commonPool-worker-2] INFO  server.GrpcService (GrpcService.java:closeImpl(311)) - 590e72f5-e0a8-4a6b-9708-265ca50c2b50: shutdown server org.apache.ratis.grpc.server.GrpcAdminProtocolService now
2024-04-16 13:47:28,826 [ForkJoinPool.commonPool-worker-2] INFO  server.GrpcService (GrpcService.java:closeImpl(320)) - 590e72f5-e0a8-4a6b-9708-265ca50c2b50: shutdown server org.apache.ratis.grpc.server.GrpcAdminProtocolService successfully
2024-04-16 13:47:28,826 [590e72f5-e0a8-4a6b-9708-265ca50c2b50-impl-thread1] INFO  segmented.SegmentedRaftLogWorker (SegmentedRaftLogWorker.java:close(245)) - 590e72f5-e0a8-4a6b-9708-265ca50c2b50@group-0E048453A2BF-SegmentedRaftLogWorker close()
2024-04-16 13:47:28,829 [590e72f5-e0a8-4a6b-9708-265ca50c2b50-NettyServerStreamRpc-bossGroup--thread1] INFO  logging.LoggingHandler (AbstractInternalLogger.java:log(148)) - [id: 0x231c2f31, L:/0.0.0.0:15065] CLOSE
2024-04-16 13:47:28,829 [590e72f5-e0a8-4a6b-9708-265ca50c2b50-NettyServerStreamRpc-bossGroup--thread1] INFO  logging.LoggingHandler (AbstractInternalLogger.java:log(148)) - [id: 0x231c2f31, L:/0.0.0.0:15065] INACTIVE
2024-04-16 13:47:28,829 [590e72f5-e0a8-4a6b-9708-265ca50c2b50-NettyServerStreamRpc-bossGroup--thread1] INFO  logging.LoggingHandler (AbstractInternalLogger.java:log(148)) - [id: 0x231c2f31, L:/0.0.0.0:15065] UNREGISTERED
2024-04-16 13:47:28,922 [SecretKeyPoller] INFO  retry.RetryInvocationHandler (RetryInvocationHandler.java:log(422)) - com.google.protobuf.ServiceException: java.net.ConnectException: Call From fv-az1428-817/10.1.0.24 to localhost:15010 failed on connection exception: java.net.ConnectException: Connection refused; For more details see:  http://wiki.apache.org/hadoop/ConnectionRefused, while invoking $Proxy63.submitRequest over nodeId=scmNode-2,nodeAddress=/127.0.0.1:15010 after 1 failover attempts. Trying to failover after sleeping for 2000ms. Current retry count: 1.
2024-04-16 13:47:28,922 [SecretKeyPoller] INFO  retry.RetryInvocationHandler (RetryInvocationHandler.java:log(422)) - com.google.protobuf.ServiceException: java.net.ConnectException: Call From fv-az1428-817/10.1.0.24 to localhost:15010 failed on connection exception: java.net.ConnectException: Connection refused; For more details see:  http://wiki.apache.org/hadoop/ConnectionRefused, while invoking $Proxy63.submitRequest over nodeId=scmNode-2,nodeAddress=/127.0.0.1:15010 after 1 failover attempts. Trying to failover after sleeping for 2000ms. Current retry count: 1.
2024-04-16 13:47:28,922 [SecretKeyPoller] INFO  retry.RetryInvocationHandler (RetryInvocationHandler.java:log(422)) - com.google.protobuf.ServiceException: java.net.ConnectException: Call From fv-az1428-817/10.1.0.24 to localhost:15010 failed on connection exception: java.net.ConnectException: Connection refused; For more details see:  http://wiki.apache.org/hadoop/ConnectionRefused, while invoking $Proxy63.submitRequest over nodeId=scmNode-2,nodeAddress=/127.0.0.1:15010 after 1 failover attempts. Trying to failover after sleeping for 2000ms. Current retry count: 1.
2024-04-16 13:47:29,075 [db959189-86db-424f-9228-dcd46ac5d3ef-impl-thread2] INFO  segmented.SegmentedRaftLogWorker (SegmentedRaftLogWorker.java:close(245)) - db959189-86db-424f-9228-dcd46ac5d3ef@group-97A64E7F1044-SegmentedRaftLogWorker close()
2024-04-16 13:47:29,076 [JvmPauseMonitor5] INFO  util.JvmPauseMonitor (JvmPauseMonitor.java:run(152)) - JvmPauseMonitor-db959189-86db-424f-9228-dcd46ac5d3ef: Stopped
2024-04-16 13:47:29,180 [590e72f5-e0a8-4a6b-9708-265ca50c2b50-impl-thread3] INFO  segmented.SegmentedRaftLogWorker (SegmentedRaftLogWorker.java:close(245)) - 590e72f5-e0a8-4a6b-9708-265ca50c2b50@group-181AD1325C26-SegmentedRaftLogWorker close()
2024-04-16 13:47:29,225 [88d255ec-0e94-4950-ab45-ac807e327f1f-impl-thread3] INFO  segmented.SegmentedRaftLogWorker (SegmentedRaftLogWorker.java:close(245)) - 88d255ec-0e94-4950-ab45-ac807e327f1f@group-181AD1325C26-SegmentedRaftLogWorker close()
2024-04-16 13:47:29,356 [88d255ec-0e94-4950-ab45-ac807e327f1f-impl-thread2] INFO  segmented.SegmentedRaftLogWorker (SegmentedRaftLogWorker.java:close(245)) - 88d255ec-0e94-4950-ab45-ac807e327f1f@group-D6EBA2FAC503-SegmentedRaftLogWorker close()
2024-04-16 13:47:29,357 [JvmPauseMonitor6] INFO  util.JvmPauseMonitor (JvmPauseMonitor.java:run(152)) - JvmPauseMonitor-88d255ec-0e94-4950-ab45-ac807e327f1f: Stopped
2024-04-16 13:47:29,395 [590e72f5-e0a8-4a6b-9708-265ca50c2b50-impl-thread2] INFO  segmented.SegmentedRaftLogWorker (SegmentedRaftLogWorker.java:close(245)) - 590e72f5-e0a8-4a6b-9708-265ca50c2b50@group-D6EBA2FAC503-SegmentedRaftLogWorker close()
2024-04-16 13:47:29,396 [JvmPauseMonitor7] INFO  util.JvmPauseMonitor (JvmPauseMonitor.java:run(152)) - JvmPauseMonitor-590e72f5-e0a8-4a6b-9708-265ca50c2b50: Stopped
2024-04-16 13:47:29,495 [88d255ec-0e94-4950-ab45-ac807e327f1f-EndpointStateMachineTaskThread-/127.0.0.1:15020-0 ] INFO  ipc.Client (Client.java:handleConnectionFailure(950)) - Retrying connect to server: localhost/127.0.0.1:15020. Already tried 2 time(s); retry policy is RetryUpToMaximumCountWithFixedSleep(maxRetries=15, sleepTime=1000 MILLISECONDS)
2024-04-16 13:47:29,496 [88d255ec-0e94-4950-ab45-ac807e327f1f-EndpointStateMachineTaskThread-/127.0.0.1:15012-0 ] INFO  ipc.Client (Client.java:handleConnectionFailure(950)) - Retrying connect to server: localhost/127.0.0.1:15012. Already tried 3 time(s); retry policy is RetryUpToMaximumCountWithFixedSleep(maxRetries=15, sleepTime=1000 MILLISECONDS)
2024-04-16 13:47:29,816 [590e72f5-e0a8-4a6b-9708-265ca50c2b50-EndpointStateMachineTaskThread-/127.0.0.1:15012-0 ] INFO  ipc.Client (Client.java:handleConnectionFailure(950)) - Retrying connect to server: localhost/127.0.0.1:15012. Already tried 2 time(s); retry policy is RetryUpToMaximumCountWithFixedSleep(maxRetries=15, sleepTime=1000 MILLISECONDS)
2024-04-16 13:47:29,817 [590e72f5-e0a8-4a6b-9708-265ca50c2b50-EndpointStateMachineTaskThread-/127.0.0.1:15020-0 ] INFO  ipc.Client (Client.java:handleConnectionFailure(950)) - Retrying connect to server: localhost/127.0.0.1:15020. Already tried 1 time(s); retry policy is RetryUpToMaximumCountWithFixedSleep(maxRetries=15, sleepTime=1000 MILLISECONDS)
2024-04-16 13:47:30,036 [timer3] WARN  server.GrpcLogAppender (LogUtils.java:warn(121)) - 8dded7e3-77f4-42cf-91f8-4014f88a5819@group-298AC6C8687B->e74c9e3a-193e-4dbb-b5f5-b6805398d140-AppendLogResponseHandler: Failed appendEntries (Repeated 8 times in the last 5.002s): org.apache.ratis.thirdparty.io.grpc.StatusRuntimeException: UNAVAILABLE: io exception
2024-04-16 13:47:30,037 [timer4] WARN  server.GrpcLogAppender (GrpcLogAppender.java:lambda$resetClient$1(217)) - 8dded7e3-77f4-42cf-91f8-4014f88a5819@group-298AC6C8687B->e74c9e3a-193e-4dbb-b5f5-b6805398d140-GrpcLogAppender: Follower failed (request=null, errorCount=2); keep nextIndex (107) unchanged and retry. (Repeated 2 times in the last 5.000s)
2024-04-16 13:47:30,496 [88d255ec-0e94-4950-ab45-ac807e327f1f-EndpointStateMachineTaskThread-/127.0.0.1:15020-0 ] INFO  ipc.Client (Client.java:handleConnectionFailure(950)) - Retrying connect to server: localhost/127.0.0.1:15020. Already tried 3 time(s); retry policy is RetryUpToMaximumCountWithFixedSleep(maxRetries=15, sleepTime=1000 MILLISECONDS)
2024-04-16 13:47:30,496 [88d255ec-0e94-4950-ab45-ac807e327f1f-EndpointStateMachineTaskThread-/127.0.0.1:15012-0 ] INFO  ipc.Client (Client.java:handleConnectionFailure(950)) - Retrying connect to server: localhost/127.0.0.1:15012. Already tried 4 time(s); retry policy is RetryUpToMaximumCountWithFixedSleep(maxRetries=15, sleepTime=1000 MILLISECONDS)
2024-04-16 13:47:30,817 [590e72f5-e0a8-4a6b-9708-265ca50c2b50-EndpointStateMachineTaskThread-/127.0.0.1:15012-0 ] INFO  ipc.Client (Client.java:handleConnectionFailure(950)) - Retrying connect to server: localhost/127.0.0.1:15012. Already tried 3 time(s); retry policy is RetryUpToMaximumCountWithFixedSleep(maxRetries=15, sleepTime=1000 MILLISECONDS)
2024-04-16 13:47:30,817 [590e72f5-e0a8-4a6b-9708-265ca50c2b50-EndpointStateMachineTaskThread-/127.0.0.1:15020-0 ] INFO  ipc.Client (Client.java:handleConnectionFailure(950)) - Retrying connect to server: localhost/127.0.0.1:15020. Already tried 2 time(s); retry policy is RetryUpToMaximumCountWithFixedSleep(maxRetries=15, sleepTime=1000 MILLISECONDS)
2024-04-16 13:47:30,833 [timer1] WARN  server.GrpcLogAppender (GrpcLogAppender.java:lambda$resetClient$1(217)) - 8dded7e3-77f4-42cf-91f8-4014f88a5819@group-298AC6C8687B->e74c9e3a-193e-4dbb-b5f5-b6805398d140-GrpcLogAppender: Follower failed (request=null, errorCount=6); keep nextIndex (109) unchanged and retry. (Repeated 3 times in the last 5.000s)
2024-04-16 13:47:30,924 [SecretKeyPoller] INFO  retry.RetryInvocationHandler (RetryInvocationHandler.java:log(422)) - com.google.protobuf.ServiceException: java.net.ConnectException: Call From fv-az1428-817/10.1.0.24 to localhost:15018 failed on connection exception: java.net.ConnectException: Connection refused; For more details see:  http://wiki.apache.org/hadoop/ConnectionRefused, while invoking $Proxy63.submitRequest over nodeId=scmNode-3,nodeAddress=/127.0.0.1:15018 after 2 failover attempts. Trying to failover after sleeping for 2000ms. Current retry count: 2.
2024-04-16 13:47:30,924 [SecretKeyPoller] INFO  retry.RetryInvocationHandler (RetryInvocationHandler.java:log(422)) - com.google.protobuf.ServiceException: java.net.ConnectException: Call From fv-az1428-817/10.1.0.24 to localhost:15018 failed on connection exception: java.net.ConnectException: Connection refused; For more details see:  http://wiki.apache.org/hadoop/ConnectionRefused, while invoking $Proxy63.submitRequest over nodeId=scmNode-3,nodeAddress=/127.0.0.1:15018 after 2 failover attempts. Trying to failover after sleeping for 2000ms. Current retry count: 2.
2024-04-16 13:47:30,924 [SecretKeyPoller] INFO  retry.RetryInvocationHandler (RetryInvocationHandler.java:log(422)) - com.google.protobuf.ServiceException: java.net.ConnectException: Call From fv-az1428-817/10.1.0.24 to localhost:15018 failed on connection exception: java.net.ConnectException: Connection refused; For more details see:  http://wiki.apache.org/hadoop/ConnectionRefused, while invoking $Proxy63.submitRequest over nodeId=scmNode-3,nodeAddress=/127.0.0.1:15018 after 2 failover attempts. Trying to failover after sleeping for 2000ms. Current retry count: 2.
2024-04-16 13:47:30,931 [timer4] WARN  server.GrpcLogAppender (GrpcLogAppender.java:lambda$resetClient$1(217)) - 8dded7e3-77f4-42cf-91f8-4014f88a5819@group-298AC6C8687B->692eadad-ad12-4257-a6c9-255a711e16c4-GrpcLogAppender: Follower failed (request=null, errorCount=2); keep nextIndex (109) unchanged and retry. (Repeated 2 times in the last 5.000s)
2024-04-16 13:47:30,931 [timer3] WARN  server.GrpcLogAppender (LogUtils.java:warn(121)) - 8dded7e3-77f4-42cf-91f8-4014f88a5819@group-298AC6C8687B->692eadad-ad12-4257-a6c9-255a711e16c4-AppendLogResponseHandler: Failed appendEntries (Repeated 4 times in the last 5.000s): org.apache.ratis.thirdparty.io.grpc.StatusRuntimeException: UNAVAILABLE: io exception
2024-04-16 13:47:31,088 [ForkJoinPool.commonPool-worker-0] INFO  utils.DatanodeStoreCache (DatanodeStoreCache.java:shutdownCache(116)) - Skip clearing cache in mini cluster mode. Entries left: [/home/runner/work/ozone/ozone/hadoop-ozone/integration-test/target/test-dir/MiniOzoneClusterImpl-f0f26617-5c27-4371-b446-298ac6c8687b/ozone-meta/datanode-1/data-0/hdds/f0f26617-5c27-4371-b446-298ac6c8687b/DS-a28aeab0-32e1-4fdc-8c1a-34e5df6328ed/container.db, /home/runner/work/ozone/ozone/hadoop-ozone/integration-test/target/test-dir/MiniOzoneClusterImpl-f0f26617-5c27-4371-b446-298ac6c8687b/ozone-meta/datanode-2/data-0/hdds/f0f26617-5c27-4371-b446-298ac6c8687b/DS-7c1766fd-4e72-410d-8898-7c713097e538/container.db, /home/runner/work/ozone/ozone/hadoop-ozone/integration-test/target/test-dir/MiniOzoneClusterImpl-f0f26617-5c27-4371-b446-298ac6c8687b/ozone-meta/datanode-3/data-0/hdds/f0f26617-5c27-4371-b446-298ac6c8687b/DS-fa91451e-aab1-4393-a001-b1b5b418f783/container.db]
2024-04-16 13:47:31,090 [ForkJoinPool.commonPool-worker-0] INFO  utils.DatanodeStoreCache (DatanodeStoreCache.java:removeDB(110)) - Removed db /home/runner/work/ozone/ozone/hadoop-ozone/integration-test/target/test-dir/MiniOzoneClusterImpl-f0f26617-5c27-4371-b446-298ac6c8687b/ozone-meta/datanode-1/data-0/hdds/f0f26617-5c27-4371-b446-298ac6c8687b/DS-a28aeab0-32e1-4fdc-8c1a-34e5df6328ed/container.db from cache
2024-04-16 13:47:31,090 [ForkJoinPool.commonPool-worker-0] INFO  volume.HddsVolume (HddsVolume.java:closeDbStore(470)) - SchemaV3 db is stopped at /home/runner/work/ozone/ozone/hadoop-ozone/integration-test/target/test-dir/MiniOzoneClusterImpl-f0f26617-5c27-4371-b446-298ac6c8687b/ozone-meta/datanode-1/data-0/hdds/f0f26617-5c27-4371-b446-298ac6c8687b/DS-a28aeab0-32e1-4fdc-8c1a-34e5df6328ed/container.db for volume DS-a28aeab0-32e1-4fdc-8c1a-34e5df6328ed
2024-04-16 13:47:31,090 [ForkJoinPool.commonPool-worker-0] INFO  utils.BackgroundService (BackgroundService.java:shutdown(160)) - Shutting down service BlockDeletingService
2024-04-16 13:47:31,091 [ForkJoinPool.commonPool-worker-0] INFO  utils.BackgroundService (BackgroundService.java:shutdown(160)) - Shutting down service StaleRecoveringContainerScrubbingService
2024-04-16 13:47:31,091 [ForkJoinPool.commonPool-worker-0] INFO  statemachine.DatanodeStateMachine (DatanodeStateMachine.java:stopDaemon(638)) - Ozone container server stopped.
2024-04-16 13:47:31,092 [ForkJoinPool.commonPool-worker-0] INFO  handler.ContextHandler (ContextHandler.java:doStop(1159)) - Stopped o.e.j.w.WebAppContext@177cc9c5{hddsDatanode,/,null,STOPPED}{file:/home/runner/work/ozone/ozone/hadoop-hdds/container-service/target/classes/webapps/hddsDatanode}
2024-04-16 13:47:31,093 [ForkJoinPool.commonPool-worker-0] INFO  server.AbstractConnector (AbstractConnector.java:doStop(383)) - Stopped ServerConnector@376a03f9{HTTP/1.1, (http/1.1)}{0.0.0.0:15041}
2024-04-16 13:47:31,093 [ForkJoinPool.commonPool-worker-0] INFO  server.session (HouseKeeper.java:stopScavenging(149)) - node0 Stopped scavenging
2024-04-16 13:47:31,093 [ForkJoinPool.commonPool-worker-0] INFO  handler.ContextHandler (ContextHandler.java:doStop(1159)) - Stopped o.e.j.s.ServletContextHandler@13fda4b0{static,/static,file:///home/runner/work/ozone/ozone/hadoop-hdds/container-service/target/classes/webapps/static,STOPPED}
2024-04-16 13:47:31,094 [ForkJoinPool.commonPool-worker-0] INFO  handler.ContextHandler (ContextHandler.java:doStop(1159)) - Stopped o.e.j.s.ServletContextHandler@6c171b61{logs,/logs,file:///home/runner/work/ozone/ozone/hadoop-ozone/integration-test/target/log,STOPPED}
2024-04-16 13:47:31,094 [ForkJoinPool.commonPool-worker-0] INFO  ozone.HddsDatanodeClientProtocolServer (HddsDatanodeClientProtocolServer.java:stop(83)) - Stopping the RPC server for Client Protocol
2024-04-16 13:47:31,095 [ForkJoinPool.commonPool-worker-0] INFO  ipc.Server (Server.java:stop(3523)) - Stopping server on 15042
2024-04-16 13:47:31,095 [IPC Server listener on 15042] INFO  ipc.Server (Server.java:run(1434)) - Stopping IPC Server listener on 15042
2024-04-16 13:47:31,095 [IPC Server Responder] INFO  ipc.Server (Server.java:run(1567)) - Stopping IPC Server Responder
2024-04-16 13:47:31,362 [main] INFO  utils.DatanodeStoreCache (DatanodeStoreCache.java:shutdownCache(116)) - Skip clearing cache in mini cluster mode. Entries left: [/home/runner/work/ozone/ozone/hadoop-ozone/integration-test/target/test-dir/MiniOzoneClusterImpl-f0f26617-5c27-4371-b446-298ac6c8687b/ozone-meta/datanode-2/data-0/hdds/f0f26617-5c27-4371-b446-298ac6c8687b/DS-7c1766fd-4e72-410d-8898-7c713097e538/container.db, /home/runner/work/ozone/ozone/hadoop-ozone/integration-test/target/test-dir/MiniOzoneClusterImpl-f0f26617-5c27-4371-b446-298ac6c8687b/ozone-meta/datanode-3/data-0/hdds/f0f26617-5c27-4371-b446-298ac6c8687b/DS-fa91451e-aab1-4393-a001-b1b5b418f783/container.db]
2024-04-16 13:47:31,363 [main] INFO  utils.DatanodeStoreCache (DatanodeStoreCache.java:removeDB(110)) - Removed db /home/runner/work/ozone/ozone/hadoop-ozone/integration-test/target/test-dir/MiniOzoneClusterImpl-f0f26617-5c27-4371-b446-298ac6c8687b/ozone-meta/datanode-2/data-0/hdds/f0f26617-5c27-4371-b446-298ac6c8687b/DS-7c1766fd-4e72-410d-8898-7c713097e538/container.db from cache
2024-04-16 13:47:31,363 [main] INFO  volume.HddsVolume (HddsVolume.java:closeDbStore(470)) - SchemaV3 db is stopped at /home/runner/work/ozone/ozone/hadoop-ozone/integration-test/target/test-dir/MiniOzoneClusterImpl-f0f26617-5c27-4371-b446-298ac6c8687b/ozone-meta/datanode-2/data-0/hdds/f0f26617-5c27-4371-b446-298ac6c8687b/DS-7c1766fd-4e72-410d-8898-7c713097e538/container.db for volume DS-7c1766fd-4e72-410d-8898-7c713097e538
2024-04-16 13:47:31,363 [main] INFO  utils.BackgroundService (BackgroundService.java:shutdown(160)) - Shutting down service BlockDeletingService
2024-04-16 13:47:31,364 [main] INFO  utils.BackgroundService (BackgroundService.java:shutdown(160)) - Shutting down service StaleRecoveringContainerScrubbingService
2024-04-16 13:47:31,364 [main] INFO  statemachine.DatanodeStateMachine (DatanodeStateMachine.java:stopDaemon(638)) - Ozone container server stopped.
2024-04-16 13:47:31,365 [main] INFO  handler.ContextHandler (ContextHandler.java:doStop(1159)) - Stopped o.e.j.w.WebAppContext@4e692416{hddsDatanode,/,null,STOPPED}{file:/home/runner/work/ozone/ozone/hadoop-hdds/container-service/target/classes/webapps/hddsDatanode}
2024-04-16 13:47:31,366 [main] INFO  server.AbstractConnector (AbstractConnector.java:doStop(383)) - Stopped ServerConnector@b10dd8d{HTTP/1.1, (http/1.1)}{0.0.0.0:15050}
2024-04-16 13:47:31,366 [main] INFO  server.session (HouseKeeper.java:stopScavenging(149)) - node0 Stopped scavenging
2024-04-16 13:47:31,366 [main] INFO  handler.ContextHandler (ContextHandler.java:doStop(1159)) - Stopped o.e.j.s.ServletContextHandler@5699b770{static,/static,file:///home/runner/work/ozone/ozone/hadoop-hdds/container-service/target/classes/webapps/static,STOPPED}
2024-04-16 13:47:31,366 [main] INFO  handler.ContextHandler (ContextHandler.java:doStop(1159)) - Stopped o.e.j.s.ServletContextHandler@31e6ac68{logs,/logs,file:///home/runner/work/ozone/ozone/hadoop-ozone/integration-test/target/log,STOPPED}
2024-04-16 13:47:31,367 [main] INFO  ozone.HddsDatanodeClientProtocolServer (HddsDatanodeClientProtocolServer.java:stop(83)) - Stopping the RPC server for Client Protocol
2024-04-16 13:47:31,367 [main] INFO  ipc.Server (Server.java:stop(3523)) - Stopping server on 15051
2024-04-16 13:47:31,367 [IPC Server listener on 15051] INFO  ipc.Server (Server.java:run(1434)) - Stopping IPC Server listener on 15051
2024-04-16 13:47:31,367 [IPC Server Responder] INFO  ipc.Server (Server.java:run(1567)) - Stopping IPC Server Responder
2024-04-16 13:47:31,399 [ForkJoinPool.commonPool-worker-2] INFO  utils.DatanodeStoreCache (DatanodeStoreCache.java:shutdownCache(116)) - Skip clearing cache in mini cluster mode. Entries left: [/home/runner/work/ozone/ozone/hadoop-ozone/integration-test/target/test-dir/MiniOzoneClusterImpl-f0f26617-5c27-4371-b446-298ac6c8687b/ozone-meta/datanode-3/data-0/hdds/f0f26617-5c27-4371-b446-298ac6c8687b/DS-fa91451e-aab1-4393-a001-b1b5b418f783/container.db]
2024-04-16 13:47:31,400 [ForkJoinPool.commonPool-worker-2] INFO  utils.DatanodeStoreCache (DatanodeStoreCache.java:removeDB(110)) - Removed db /home/runner/work/ozone/ozone/hadoop-ozone/integration-test/target/test-dir/MiniOzoneClusterImpl-f0f26617-5c27-4371-b446-298ac6c8687b/ozone-meta/datanode-3/data-0/hdds/f0f26617-5c27-4371-b446-298ac6c8687b/DS-fa91451e-aab1-4393-a001-b1b5b418f783/container.db from cache
2024-04-16 13:47:31,400 [ForkJoinPool.commonPool-worker-2] INFO  volume.HddsVolume (HddsVolume.java:closeDbStore(470)) - SchemaV3 db is stopped at /home/runner/work/ozone/ozone/hadoop-ozone/integration-test/target/test-dir/MiniOzoneClusterImpl-f0f26617-5c27-4371-b446-298ac6c8687b/ozone-meta/datanode-3/data-0/hdds/f0f26617-5c27-4371-b446-298ac6c8687b/DS-fa91451e-aab1-4393-a001-b1b5b418f783/container.db for volume DS-fa91451e-aab1-4393-a001-b1b5b418f783
2024-04-16 13:47:31,401 [ForkJoinPool.commonPool-worker-2] INFO  utils.BackgroundService (BackgroundService.java:shutdown(160)) - Shutting down service BlockDeletingService
2024-04-16 13:47:31,401 [ForkJoinPool.commonPool-worker-2] INFO  utils.BackgroundService (BackgroundService.java:shutdown(160)) - Shutting down service StaleRecoveringContainerScrubbingService
2024-04-16 13:47:31,401 [ForkJoinPool.commonPool-worker-2] INFO  statemachine.DatanodeStateMachine (DatanodeStateMachine.java:stopDaemon(638)) - Ozone container server stopped.
2024-04-16 13:47:31,402 [ForkJoinPool.commonPool-worker-2] INFO  handler.ContextHandler (ContextHandler.java:doStop(1159)) - Stopped o.e.j.w.WebAppContext@5bbc263e{hddsDatanode,/,null,STOPPED}{file:/home/runner/work/ozone/ozone/hadoop-hdds/container-service/target/classes/webapps/hddsDatanode}
2024-04-16 13:47:31,403 [ForkJoinPool.commonPool-worker-2] INFO  server.AbstractConnector (AbstractConnector.java:doStop(383)) - Stopped ServerConnector@6535cc87{HTTP/1.1, (http/1.1)}{0.0.0.0:15059}
2024-04-16 13:47:31,403 [ForkJoinPool.commonPool-worker-2] INFO  server.session (HouseKeeper.java:stopScavenging(149)) - node0 Stopped scavenging
2024-04-16 13:47:31,404 [ForkJoinPool.commonPool-worker-2] INFO  handler.ContextHandler (ContextHandler.java:doStop(1159)) - Stopped o.e.j.s.ServletContextHandler@5900307b{static,/static,file:///home/runner/work/ozone/ozone/hadoop-hdds/container-service/target/classes/webapps/static,STOPPED}
2024-04-16 13:47:31,404 [ForkJoinPool.commonPool-worker-2] INFO  handler.ContextHandler (ContextHandler.java:doStop(1159)) - Stopped o.e.j.s.ServletContextHandler@28229b68{logs,/logs,file:///home/runner/work/ozone/ozone/hadoop-ozone/integration-test/target/log,STOPPED}
2024-04-16 13:47:31,404 [ForkJoinPool.commonPool-worker-2] INFO  ozone.HddsDatanodeClientProtocolServer (HddsDatanodeClientProtocolServer.java:stop(83)) - Stopping the RPC server for Client Protocol
2024-04-16 13:47:31,405 [ForkJoinPool.commonPool-worker-2] INFO  ipc.Server (Server.java:stop(3523)) - Stopping server on 15060
2024-04-16 13:47:31,405 [IPC Server Responder] INFO  ipc.Server (Server.java:run(1567)) - Stopping IPC Server Responder
2024-04-16 13:47:31,406 [IPC Server listener on 15060] INFO  ipc.Server (Server.java:run(1434)) - Stopping IPC Server listener on 15060
2024-04-16 13:47:31,497 [88d255ec-0e94-4950-ab45-ac807e327f1f-EndpointStateMachineTaskThread-/127.0.0.1:15020-0 ] INFO  ipc.Client (Client.java:handleConnectionFailure(950)) - Retrying connect to server: localhost/127.0.0.1:15020. Already tried 4 time(s); retry policy is RetryUpToMaximumCountWithFixedSleep(maxRetries=15, sleepTime=1000 MILLISECONDS)
2024-04-16 13:47:31,497 [88d255ec-0e94-4950-ab45-ac807e327f1f-EndpointStateMachineTaskThread-/127.0.0.1:15012-0 ] INFO  ipc.Client (Client.java:handleConnectionFailure(950)) - Retrying connect to server: localhost/127.0.0.1:15012. Already tried 5 time(s); retry policy is RetryUpToMaximumCountWithFixedSleep(maxRetries=15, sleepTime=1000 MILLISECONDS)
2024-04-16 13:47:31,818 [590e72f5-e0a8-4a6b-9708-265ca50c2b50-EndpointStateMachineTaskThread-/127.0.0.1:15012-0 ] INFO  ipc.Client (Client.java:handleConnectionFailure(950)) - Retrying connect to server: localhost/127.0.0.1:15012. Already tried 4 time(s); retry policy is RetryUpToMaximumCountWithFixedSleep(maxRetries=15, sleepTime=1000 MILLISECONDS)
2024-04-16 13:47:31,818 [590e72f5-e0a8-4a6b-9708-265ca50c2b50-EndpointStateMachineTaskThread-/127.0.0.1:15020-0 ] INFO  ipc.Client (Client.java:handleConnectionFailure(950)) - Retrying connect to server: localhost/127.0.0.1:15020. Already tried 3 time(s); retry policy is RetryUpToMaximumCountWithFixedSleep(maxRetries=15, sleepTime=1000 MILLISECONDS)
2024-04-16 13:47:31,819 [timer5] WARN  server.GrpcLogAppender (GrpcLogAppender.java:lambda$resetClient$1(217)) - 8dded7e3-77f4-42cf-91f8-4014f88a5819@group-298AC6C8687B->e74c9e3a-193e-4dbb-b5f5-b6805398d140-GrpcLogAppender: Follower failed (request=null, errorCount=8); keep nextIndex (110) unchanged and retry. (Repeated 2 times in the last 5.000s)
2024-04-16 13:47:31,824 [timer7] WARN  server.GrpcLogAppender (GrpcLogAppender.java:lambda$resetClient$1(217)) - 8dded7e3-77f4-42cf-91f8-4014f88a5819@group-298AC6C8687B->692eadad-ad12-4257-a6c9-255a711e16c4-GrpcLogAppender: Follower failed (request=null, errorCount=4); keep nextIndex (110) unchanged and retry. (Repeated 2 times in the last 5.000s)
2024-04-16 13:47:32,498 [88d255ec-0e94-4950-ab45-ac807e327f1f-EndpointStateMachineTaskThread-/127.0.0.1:15012-0 ] INFO  ipc.Client (Client.java:handleConnectionFailure(950)) - Retrying connect to server: localhost/127.0.0.1:15012. Already tried 6 time(s); retry policy is RetryUpToMaximumCountWithFixedSleep(maxRetries=15, sleepTime=1000 MILLISECONDS)
2024-04-16 13:47:32,498 [88d255ec-0e94-4950-ab45-ac807e327f1f-EndpointStateMachineTaskThread-/127.0.0.1:15020-0 ] INFO  ipc.Client (Client.java:handleConnectionFailure(950)) - Retrying connect to server: localhost/127.0.0.1:15020. Already tried 5 time(s); retry policy is RetryUpToMaximumCountWithFixedSleep(maxRetries=15, sleepTime=1000 MILLISECONDS)
2024-04-16 13:47:32,819 [590e72f5-e0a8-4a6b-9708-265ca50c2b50-EndpointStateMachineTaskThread-/127.0.0.1:15012-0 ] INFO  ipc.Client (Client.java:handleConnectionFailure(950)) - Retrying connect to server: localhost/127.0.0.1:15012. Already tried 5 time(s); retry policy is RetryUpToMaximumCountWithFixedSleep(maxRetries=15, sleepTime=1000 MILLISECONDS)
2024-04-16 13:47:32,819 [590e72f5-e0a8-4a6b-9708-265ca50c2b50-EndpointStateMachineTaskThread-/127.0.0.1:15020-0 ] INFO  ipc.Client (Client.java:handleConnectionFailure(950)) - Retrying connect to server: localhost/127.0.0.1:15020. Already tried 4 time(s); retry policy is RetryUpToMaximumCountWithFixedSleep(maxRetries=15, sleepTime=1000 MILLISECONDS)
2024-04-16 13:47:32,925 [SecretKeyPoller] INFO  retry.RetryInvocationHandler (RetryInvocationHandler.java:log(422)) - com.google.protobuf.ServiceException: java.net.ConnectException: Call From fv-az1428-817/10.1.0.24 to localhost:15002 failed on connection exception: java.net.ConnectException: Connection refused; For more details see:  http://wiki.apache.org/hadoop/ConnectionRefused, while invoking $Proxy63.submitRequest over nodeId=scmNode-1,nodeAddress=/127.0.0.1:15002 after 3 failover attempts. Trying to failover after sleeping for 2000ms. Current retry count: 3.
2024-04-16 13:47:32,925 [SecretKeyPoller] INFO  retry.RetryInvocationHandler (RetryInvocationHandler.java:log(422)) - com.google.protobuf.ServiceException: java.net.ConnectException: Call From fv-az1428-817/10.1.0.24 to localhost:15002 failed on connection exception: java.net.ConnectException: Connection refused; For more details see:  http://wiki.apache.org/hadoop/ConnectionRefused, while invoking $Proxy63.submitRequest over nodeId=scmNode-1,nodeAddress=/127.0.0.1:15002 after 3 failover attempts. Trying to failover after sleeping for 2000ms. Current retry count: 3.
2024-04-16 13:47:32,925 [SecretKeyPoller] INFO  retry.RetryInvocationHandler (RetryInvocationHandler.java:log(422)) - com.google.protobuf.ServiceException: java.net.ConnectException: Call From fv-az1428-817/10.1.0.24 to localhost:15002 failed on connection exception: java.net.ConnectException: Connection refused; For more details see:  http://wiki.apache.org/hadoop/ConnectionRefused, while invoking $Proxy63.submitRequest over nodeId=scmNode-1,nodeAddress=/127.0.0.1:15002 after 3 failover attempts. Trying to failover after sleeping for 2000ms. Current retry count: 3.
2024-04-16 13:47:33,070 [timer6] WARN  server.GrpcLogAppender (GrpcLogAppender.java:lambda$resetClient$1(217)) - 88d255ec-0e94-4950-ab45-ac807e327f1f@group-D6EBA2FAC503->db959189-86db-424f-9228-dcd46ac5d3ef-GrpcLogAppender: Follower failed (request=null, errorCount=2); keep nextIndex (1) unchanged and retry. (Repeated 4 times in the last 5.000s)
2024-04-16 13:47:33,070 [timer5] WARN  server.GrpcLogAppender (LogUtils.java:warn(121)) - 590e72f5-e0a8-4a6b-9708-265ca50c2b50@group-181AD1325C26->db959189-86db-424f-9228-dcd46ac5d3ef-AppendLogResponseHandler: Failed appendEntries (Repeated 2 times in the last 5.001s): org.apache.ratis.thirdparty.io.grpc.StatusRuntimeException: CANCELLED: RST_STREAM closed stream. HTTP/2 error code: CANCEL
2024-04-16 13:47:33,072 [timer7] WARN  server.GrpcLogAppender (LogUtils.java:warn(121)) - 88d255ec-0e94-4950-ab45-ac807e327f1f@group-D6EBA2FAC503->db959189-86db-424f-9228-dcd46ac5d3ef-AppendLogResponseHandler: Failed appendEntries (Repeated 2 times in the last 5.000s): org.apache.ratis.thirdparty.io.grpc.StatusRuntimeException: CANCELLED: RST_STREAM closed stream. HTTP/2 error code: CANCEL
2024-04-16 13:47:33,499 [88d255ec-0e94-4950-ab45-ac807e327f1f-EndpointStateMachineTaskThread-/127.0.0.1:15012-0 ] INFO  ipc.Client (Client.java:handleConnectionFailure(950)) - Retrying connect to server: localhost/127.0.0.1:15012. Already tried 7 time(s); retry policy is RetryUpToMaximumCountWithFixedSleep(maxRetries=15, sleepTime=1000 MILLISECONDS)
2024-04-16 13:47:33,499 [88d255ec-0e94-4950-ab45-ac807e327f1f-EndpointStateMachineTaskThread-/127.0.0.1:15020-0 ] INFO  ipc.Client (Client.java:handleConnectionFailure(950)) - Retrying connect to server: localhost/127.0.0.1:15020. Already tried 6 time(s); retry policy is RetryUpToMaximumCountWithFixedSleep(maxRetries=15, sleepTime=1000 MILLISECONDS)
2024-04-16 13:47:33,532 [timer0] WARN  server.GrpcLogAppender (LogUtils.java:warn(121)) - 590e72f5-e0a8-4a6b-9708-265ca50c2b50@group-181AD1325C26->88d255ec-0e94-4950-ab45-ac807e327f1f-AppendLogResponseHandler: Failed appendEntries (Repeated 2 times in the last 5.000s): org.apache.ratis.thirdparty.io.grpc.StatusRuntimeException: CANCELLED: RST_STREAM closed stream. HTTP/2 error code: CANCEL
2024-04-16 13:47:33,533 [timer1] WARN  server.GrpcLogAppender (GrpcLogAppender.java:lambda$resetClient$1(217)) - 590e72f5-e0a8-4a6b-9708-265ca50c2b50@group-181AD1325C26->88d255ec-0e94-4950-ab45-ac807e327f1f-GrpcLogAppender: Follower failed (request=null, errorCount=2); keep nextIndex (1) unchanged and retry. (Repeated 2 times in the last 5.000s)
2024-04-16 13:47:33,820 [590e72f5-e0a8-4a6b-9708-265ca50c2b50-EndpointStateMachineTaskThread-/127.0.0.1:15012-0 ] INFO  ipc.Client (Client.java:handleConnectionFailure(950)) - Retrying connect to server: localhost/127.0.0.1:15012. Already tried 6 time(s); retry policy is RetryUpToMaximumCountWithFixedSleep(maxRetries=15, sleepTime=1000 MILLISECONDS)
2024-04-16 13:47:33,820 [590e72f5-e0a8-4a6b-9708-265ca50c2b50-EndpointStateMachineTaskThread-/127.0.0.1:15020-0 ] INFO  ipc.Client (Client.java:handleConnectionFailure(950)) - Retrying connect to server: localhost/127.0.0.1:15020. Already tried 5 time(s); retry policy is RetryUpToMaximumCountWithFixedSleep(maxRetries=15, sleepTime=1000 MILLISECONDS)
2024-04-16 13:47:34,500 [88d255ec-0e94-4950-ab45-ac807e327f1f-EndpointStateMachineTaskThread-/127.0.0.1:15020-0 ] INFO  ipc.Client (Client.java:handleConnectionFailure(950)) - Retrying connect to server: localhost/127.0.0.1:15020. Already tried 7 time(s); retry policy is RetryUpToMaximumCountWithFixedSleep(maxRetries=15, sleepTime=1000 MILLISECONDS)
2024-04-16 13:47:34,500 [88d255ec-0e94-4950-ab45-ac807e327f1f-EndpointStateMachineTaskThread-/127.0.0.1:15012-0 ] INFO  ipc.Client (Client.java:handleConnectionFailure(950)) - Retrying connect to server: localhost/127.0.0.1:15012. Already tried 8 time(s); retry policy is RetryUpToMaximumCountWithFixedSleep(maxRetries=15, sleepTime=1000 MILLISECONDS)
2024-04-16 13:47:34,821 [590e72f5-e0a8-4a6b-9708-265ca50c2b50-EndpointStateMachineTaskThread-/127.0.0.1:15012-0 ] INFO  ipc.Client (Client.java:handleConnectionFailure(950)) - Retrying connect to server: localhost/127.0.0.1:15012. Already tried 7 time(s); retry policy is RetryUpToMaximumCountWithFixedSleep(maxRetries=15, sleepTime=1000 MILLISECONDS)
2024-04-16 13:47:34,821 [590e72f5-e0a8-4a6b-9708-265ca50c2b50-EndpointStateMachineTaskThread-/127.0.0.1:15020-0 ] INFO  ipc.Client (Client.java:handleConnectionFailure(950)) - Retrying connect to server: localhost/127.0.0.1:15020. Already tried 6 time(s); retry policy is RetryUpToMaximumCountWithFixedSleep(maxRetries=15, sleepTime=1000 MILLISECONDS)
2024-04-16 13:47:34,927 [SecretKeyPoller] INFO  retry.RetryInvocationHandler (RetryInvocationHandler.java:log(422)) - com.google.protobuf.ServiceException: java.net.ConnectException: Call From fv-az1428-817/10.1.0.24 to localhost:15010 failed on connection exception: java.net.ConnectException: Connection refused; For more details see:  http://wiki.apache.org/hadoop/ConnectionRefused, while invoking $Proxy63.submitRequest over nodeId=scmNode-2,nodeAddress=/127.0.0.1:15010 after 4 failover attempts. Trying to failover after sleeping for 2000ms. Current retry count: 4.
2024-04-16 13:47:34,927 [SecretKeyPoller] INFO  retry.RetryInvocationHandler (RetryInvocationHandler.java:log(422)) - com.google.protobuf.ServiceException: java.net.ConnectException: Call From fv-az1428-817/10.1.0.24 to localhost:15010 failed on connection exception: java.net.ConnectException: Connection refused; For more details see:  http://wiki.apache.org/hadoop/ConnectionRefused, while invoking $Proxy63.submitRequest over nodeId=scmNode-2,nodeAddress=/127.0.0.1:15010 after 4 failover attempts. Trying to failover after sleeping for 2000ms. Current retry count: 4.
2024-04-16 13:47:34,927 [SecretKeyPoller] INFO  retry.RetryInvocationHandler (RetryInvocationHandler.java:log(422)) - com.google.protobuf.ServiceException: java.net.ConnectException: Call From fv-az1428-817/10.1.0.24 to localhost:15010 failed on connection exception: java.net.ConnectException: Connection refused; For more details see:  http://wiki.apache.org/hadoop/ConnectionRefused, while invoking $Proxy63.submitRequest over nodeId=scmNode-2,nodeAddress=/127.0.0.1:15010 after 4 failover attempts. Trying to failover after sleeping for 2000ms. Current retry count: 4.
2024-04-16 13:47:35,500 [88d255ec-0e94-4950-ab45-ac807e327f1f-EndpointStateMachineTaskThread-/127.0.0.1:15020-0 ] INFO  ipc.Client (Client.java:handleConnectionFailure(950)) - Retrying connect to server: localhost/127.0.0.1:15020. Already tried 8 time(s); retry policy is RetryUpToMaximumCountWithFixedSleep(maxRetries=15, sleepTime=1000 MILLISECONDS)
2024-04-16 13:47:35,500 [88d255ec-0e94-4950-ab45-ac807e327f1f-EndpointStateMachineTaskThread-/127.0.0.1:15012-0 ] INFO  ipc.Client (Client.java:handleConnectionFailure(950)) - Retrying connect to server: localhost/127.0.0.1:15012. Already tried 9 time(s); retry policy is RetryUpToMaximumCountWithFixedSleep(maxRetries=15, sleepTime=1000 MILLISECONDS)
2024-04-16 13:47:35,822 [590e72f5-e0a8-4a6b-9708-265ca50c2b50-EndpointStateMachineTaskThread-/127.0.0.1:15012-0 ] INFO  ipc.Client (Client.java:handleConnectionFailure(950)) - Retrying connect to server: localhost/127.0.0.1:15012. Already tried 8 time(s); retry policy is RetryUpToMaximumCountWithFixedSleep(maxRetries=15, sleepTime=1000 MILLISECONDS)
2024-04-16 13:47:35,822 [590e72f5-e0a8-4a6b-9708-265ca50c2b50-EndpointStateMachineTaskThread-/127.0.0.1:15020-0 ] INFO  ipc.Client (Client.java:handleConnectionFailure(950)) - Retrying connect to server: localhost/127.0.0.1:15020. Already tried 7 time(s); retry policy is RetryUpToMaximumCountWithFixedSleep(maxRetries=15, sleepTime=1000 MILLISECONDS)
2024-04-16 13:47:36,501 [88d255ec-0e94-4950-ab45-ac807e327f1f-EndpointStateMachineTaskThread-/127.0.0.1:15020-0 ] INFO  ipc.Client (Client.java:handleConnectionFailure(950)) - Retrying connect to server: localhost/127.0.0.1:15020. Already tried 9 time(s); retry policy is RetryUpToMaximumCountWithFixedSleep(maxRetries=15, sleepTime=1000 MILLISECONDS)
2024-04-16 13:47:36,501 [88d255ec-0e94-4950-ab45-ac807e327f1f-EndpointStateMachineTaskThread-/127.0.0.1:15012-0 ] INFO  ipc.Client (Client.java:handleConnectionFailure(950)) - Retrying connect to server: localhost/127.0.0.1:15012. Already tried 10 time(s); retry policy is RetryUpToMaximumCountWithFixedSleep(maxRetries=15, sleepTime=1000 MILLISECONDS)
2024-04-16 13:47:36,823 [590e72f5-e0a8-4a6b-9708-265ca50c2b50-EndpointStateMachineTaskThread-/127.0.0.1:15020-0 ] INFO  ipc.Client (Client.java:handleConnectionFailure(950)) - Retrying connect to server: localhost/127.0.0.1:15020. Already tried 8 time(s); retry policy is RetryUpToMaximumCountWithFixedSleep(maxRetries=15, sleepTime=1000 MILLISECONDS)
2024-04-16 13:47:36,823 [590e72f5-e0a8-4a6b-9708-265ca50c2b50-EndpointStateMachineTaskThread-/127.0.0.1:15012-0 ] INFO  ipc.Client (Client.java:handleConnectionFailure(950)) - Retrying connect to server: localhost/127.0.0.1:15012. Already tried 9 time(s); retry policy is RetryUpToMaximumCountWithFixedSleep(maxRetries=15, sleepTime=1000 MILLISECONDS)
2024-04-16 13:47:36,928 [SecretKeyPoller] INFO  retry.RetryInvocationHandler (RetryInvocationHandler.java:log(422)) - com.google.protobuf.ServiceException: java.net.ConnectException: Call From fv-az1428-817/10.1.0.24 to localhost:15018 failed on connection exception: java.net.ConnectException: Connection refused; For more details see:  http://wiki.apache.org/hadoop/ConnectionRefused, while invoking $Proxy63.submitRequest over nodeId=scmNode-3,nodeAddress=/127.0.0.1:15018 after 5 failover attempts. Trying to failover after sleeping for 2000ms. Current retry count: 5.
2024-04-16 13:47:36,928 [SecretKeyPoller] INFO  retry.RetryInvocationHandler (RetryInvocationHandler.java:log(422)) - com.google.protobuf.ServiceException: java.net.ConnectException: Call From fv-az1428-817/10.1.0.24 to localhost:15018 failed on connection exception: java.net.ConnectException: Connection refused; For more details see:  http://wiki.apache.org/hadoop/ConnectionRefused, while invoking $Proxy63.submitRequest over nodeId=scmNode-3,nodeAddress=/127.0.0.1:15018 after 5 failover attempts. Trying to failover after sleeping for 2000ms. Current retry count: 5.
2024-04-16 13:47:36,928 [SecretKeyPoller] INFO  retry.RetryInvocationHandler (RetryInvocationHandler.java:log(422)) - com.google.protobuf.ServiceException: java.net.ConnectException: Call From fv-az1428-817/10.1.0.24 to localhost:15018 failed on connection exception: java.net.ConnectException: Connection refused; For more details see:  http://wiki.apache.org/hadoop/ConnectionRefused, while invoking $Proxy63.submitRequest over nodeId=scmNode-3,nodeAddress=/127.0.0.1:15018 after 5 failover attempts. Trying to failover after sleeping for 2000ms. Current retry count: 5.
2024-04-16 13:47:37,502 [88d255ec-0e94-4950-ab45-ac807e327f1f-EndpointStateMachineTaskThread-/127.0.0.1:15020-0 ] INFO  ipc.Client (Client.java:handleConnectionFailure(950)) - Retrying connect to server: localhost/127.0.0.1:15020. Already tried 10 time(s); retry policy is RetryUpToMaximumCountWithFixedSleep(maxRetries=15, sleepTime=1000 MILLISECONDS)
2024-04-16 13:47:37,502 [88d255ec-0e94-4950-ab45-ac807e327f1f-EndpointStateMachineTaskThread-/127.0.0.1:15012-0 ] INFO  ipc.Client (Client.java:handleConnectionFailure(950)) - Retrying connect to server: localhost/127.0.0.1:15012. Already tried 11 time(s); retry policy is RetryUpToMaximumCountWithFixedSleep(maxRetries=15, sleepTime=1000 MILLISECONDS)
2024-04-16 13:47:37,824 [590e72f5-e0a8-4a6b-9708-265ca50c2b50-EndpointStateMachineTaskThread-/127.0.0.1:15012-0 ] INFO  ipc.Client (Client.java:handleConnectionFailure(950)) - Retrying connect to server: localhost/127.0.0.1:15012. Already tried 10 time(s); retry policy is RetryUpToMaximumCountWithFixedSleep(maxRetries=15, sleepTime=1000 MILLISECONDS)
2024-04-16 13:47:37,824 [590e72f5-e0a8-4a6b-9708-265ca50c2b50-EndpointStateMachineTaskThread-/127.0.0.1:15020-0 ] INFO  ipc.Client (Client.java:handleConnectionFailure(950)) - Retrying connect to server: localhost/127.0.0.1:15020. Already tried 9 time(s); retry policy is RetryUpToMaximumCountWithFixedSleep(maxRetries=15, sleepTime=1000 MILLISECONDS)
2024-04-16 13:47:38,503 [88d255ec-0e94-4950-ab45-ac807e327f1f-EndpointStateMachineTaskThread-/127.0.0.1:15020-0 ] INFO  ipc.Client (Client.java:handleConnectionFailure(950)) - Retrying connect to server: localhost/127.0.0.1:15020. Already tried 11 time(s); retry policy is RetryUpToMaximumCountWithFixedSleep(maxRetries=15, sleepTime=1000 MILLISECONDS)
2024-04-16 13:47:38,503 [88d255ec-0e94-4950-ab45-ac807e327f1f-EndpointStateMachineTaskThread-/127.0.0.1:15012-0 ] INFO  ipc.Client (Client.java:handleConnectionFailure(950)) - Retrying connect to server: localhost/127.0.0.1:15012. Already tried 12 time(s); retry policy is RetryUpToMaximumCountWithFixedSleep(maxRetries=15, sleepTime=1000 MILLISECONDS)
2024-04-16 13:47:38,825 [590e72f5-e0a8-4a6b-9708-265ca50c2b50-EndpointStateMachineTaskThread-/127.0.0.1:15012-0 ] INFO  ipc.Client (Client.java:handleConnectionFailure(950)) - Retrying connect to server: localhost/127.0.0.1:15012. Already tried 11 time(s); retry policy is RetryUpToMaximumCountWithFixedSleep(maxRetries=15, sleepTime=1000 MILLISECONDS)
2024-04-16 13:47:38,825 [590e72f5-e0a8-4a6b-9708-265ca50c2b50-EndpointStateMachineTaskThread-/127.0.0.1:15020-0 ] INFO  ipc.Client (Client.java:handleConnectionFailure(950)) - Retrying connect to server: localhost/127.0.0.1:15020. Already tried 10 time(s); retry policy is RetryUpToMaximumCountWithFixedSleep(maxRetries=15, sleepTime=1000 MILLISECONDS)
2024-04-16 13:47:38,929 [SecretKeyPoller] INFO  retry.RetryInvocationHandler (RetryInvocationHandler.java:log(422)) - com.google.protobuf.ServiceException: java.net.ConnectException: Call From fv-az1428-817/10.1.0.24 to localhost:15002 failed on connection exception: java.net.ConnectException: Connection refused; For more details see:  http://wiki.apache.org/hadoop/ConnectionRefused, while invoking $Proxy63.submitRequest over nodeId=scmNode-1,nodeAddress=/127.0.0.1:15002 after 6 failover attempts. Trying to failover after sleeping for 2000ms. Current retry count: 6.
2024-04-16 13:47:38,929 [SecretKeyPoller] INFO  retry.RetryInvocationHandler (RetryInvocationHandler.java:log(422)) - com.google.protobuf.ServiceException: java.net.ConnectException: Call From fv-az1428-817/10.1.0.24 to localhost:15002 failed on connection exception: java.net.ConnectException: Connection refused; For more details see:  http://wiki.apache.org/hadoop/ConnectionRefused, while invoking $Proxy63.submitRequest over nodeId=scmNode-1,nodeAddress=/127.0.0.1:15002 after 6 failover attempts. Trying to failover after sleeping for 2000ms. Current retry count: 6.
2024-04-16 13:47:38,929 [SecretKeyPoller] INFO  retry.RetryInvocationHandler (RetryInvocationHandler.java:log(422)) - com.google.protobuf.ServiceException: java.net.ConnectException: Call From fv-az1428-817/10.1.0.24 to localhost:15002 failed on connection exception: java.net.ConnectException: Connection refused; For more details see:  http://wiki.apache.org/hadoop/ConnectionRefused, while invoking $Proxy63.submitRequest over nodeId=scmNode-1,nodeAddress=/127.0.0.1:15002 after 6 failover attempts. Trying to failover after sleeping for 2000ms. Current retry count: 6.
2024-04-16 13:47:39,504 [88d255ec-0e94-4950-ab45-ac807e327f1f-EndpointStateMachineTaskThread-/127.0.0.1:15020-0 ] INFO  ipc.Client (Client.java:handleConnectionFailure(950)) - Retrying connect to server: localhost/127.0.0.1:15020. Already tried 12 time(s); retry policy is RetryUpToMaximumCountWithFixedSleep(maxRetries=15, sleepTime=1000 MILLISECONDS)
2024-04-16 13:47:39,504 [88d255ec-0e94-4950-ab45-ac807e327f1f-EndpointStateMachineTaskThread-/127.0.0.1:15012-0 ] INFO  ipc.Client (Client.java:handleConnectionFailure(950)) - Retrying connect to server: localhost/127.0.0.1:15012. Already tried 13 time(s); retry policy is RetryUpToMaximumCountWithFixedSleep(maxRetries=15, sleepTime=1000 MILLISECONDS)
2024-04-16 13:47:39,826 [590e72f5-e0a8-4a6b-9708-265ca50c2b50-EndpointStateMachineTaskThread-/127.0.0.1:15012-0 ] INFO  ipc.Client (Client.java:handleConnectionFailure(950)) - Retrying connect to server: localhost/127.0.0.1:15012. Already tried 12 time(s); retry policy is RetryUpToMaximumCountWithFixedSleep(maxRetries=15, sleepTime=1000 MILLISECONDS)
2024-04-16 13:47:39,826 [590e72f5-e0a8-4a6b-9708-265ca50c2b50-EndpointStateMachineTaskThread-/127.0.0.1:15020-0 ] INFO  ipc.Client (Client.java:handleConnectionFailure(950)) - Retrying connect to server: localhost/127.0.0.1:15020. Already tried 11 time(s); retry policy is RetryUpToMaximumCountWithFixedSleep(maxRetries=15, sleepTime=1000 MILLISECONDS)
2024-04-16 13:47:40,505 [88d255ec-0e94-4950-ab45-ac807e327f1f-EndpointStateMachineTaskThread-/127.0.0.1:15020-0 ] INFO  ipc.Client (Client.java:handleConnectionFailure(950)) - Retrying connect to server: localhost/127.0.0.1:15020. Already tried 13 time(s); retry policy is RetryUpToMaximumCountWithFixedSleep(maxRetries=15, sleepTime=1000 MILLISECONDS)
2024-04-16 13:47:40,505 [88d255ec-0e94-4950-ab45-ac807e327f1f-EndpointStateMachineTaskThread-/127.0.0.1:15012-0 ] INFO  ipc.Client (Client.java:handleConnectionFailure(950)) - Retrying connect to server: localhost/127.0.0.1:15012. Already tried 14 time(s); retry policy is RetryUpToMaximumCountWithFixedSleep(maxRetries=15, sleepTime=1000 MILLISECONDS)
2024-04-16 13:47:40,506 [88d255ec-0e94-4950-ab45-ac807e327f1f-EndpointStateMachineTaskThread-/127.0.0.1:15012-0 ] WARN  statemachine.EndpointStateMachine (EndpointStateMachine.java:logIfNeeded(242)) - Unable to communicate to SCM server at localhost:15012 for past 0 seconds.
java.net.ConnectException: Call From fv-az1428-817/10.1.0.24 to localhost:15012 failed on connection exception: java.net.ConnectException: Connection refused; For more details see:  http://wiki.apache.org/hadoop/ConnectionRefused
	at sun.reflect.NativeConstructorAccessorImpl.newInstance0(Native Method)
	at sun.reflect.NativeConstructorAccessorImpl.newInstance(NativeConstructorAccessorImpl.java:62)
	at sun.reflect.DelegatingConstructorAccessorImpl.newInstance(DelegatingConstructorAccessorImpl.java:45)
	at java.lang.reflect.Constructor.newInstance(Constructor.java:423)
	at org.apache.hadoop.net.NetUtils.wrapWithMessage(NetUtils.java:930)
	at org.apache.hadoop.net.NetUtils.wrapException(NetUtils.java:845)
	at org.apache.hadoop.ipc.Client.getRpcResponse(Client.java:1571)
	at org.apache.hadoop.ipc.Client.call(Client.java:1513)
	at org.apache.hadoop.ipc.Client.call(Client.java:1410)
	at org.apache.hadoop.ipc.ProtobufRpcEngine$Invoker.invoke(ProtobufRpcEngine.java:250)
	at org.apache.hadoop.ipc.ProtobufRpcEngine$Invoker.invoke(ProtobufRpcEngine.java:132)
	at com.sun.proxy.$Proxy64.submitRequest(Unknown Source)
	at org.apache.hadoop.ozone.protocolPB.StorageContainerDatanodeProtocolClientSideTranslatorPB.submitRequest(StorageContainerDatanodeProtocolClientSideTranslatorPB.java:117)
	at org.apache.hadoop.ozone.protocolPB.StorageContainerDatanodeProtocolClientSideTranslatorPB.sendHeartbeat(StorageContainerDatanodeProtocolClientSideTranslatorPB.java:149)
	at org.apache.hadoop.ozone.container.common.states.endpoint.HeartbeatEndpointTask.call(HeartbeatEndpointTask.java:183)
	at org.apache.hadoop.ozone.container.common.states.endpoint.HeartbeatEndpointTask.call(HeartbeatEndpointTask.java:87)
	at java.util.concurrent.FutureTask.run(FutureTask.java:266)
	at java.util.concurrent.ThreadPoolExecutor.runWorker(ThreadPoolExecutor.java:1149)
	at java.util.concurrent.ThreadPoolExecutor$Worker.run(ThreadPoolExecutor.java:624)
	at java.lang.Thread.run(Thread.java:750)
Caused by: java.net.ConnectException: Connection refused
	at sun.nio.ch.SocketChannelImpl.checkConnect(Native Method)
	at sun.nio.ch.SocketChannelImpl.finishConnect(SocketChannelImpl.java:716)
	at org.apache.hadoop.net.SocketIOWithTimeout.connect(SocketIOWithTimeout.java:205)
	at org.apache.hadoop.net.NetUtils.connect(NetUtils.java:600)
	at org.apache.hadoop.ipc.Client$Connection.setupConnection(Client.java:652)
	at org.apache.hadoop.ipc.Client$Connection.setupIOstreams(Client.java:773)
	at org.apache.hadoop.ipc.Client$Connection.access$3800(Client.java:347)
	at org.apache.hadoop.ipc.Client.getConnection(Client.java:1632)
	at org.apache.hadoop.ipc.Client.call(Client.java:1457)
	... 12 more
2024-04-16 13:47:40,827 [590e72f5-e0a8-4a6b-9708-265ca50c2b50-EndpointStateMachineTaskThread-/127.0.0.1:15012-0 ] INFO  ipc.Client (Client.java:handleConnectionFailure(950)) - Retrying connect to server: localhost/127.0.0.1:15012. Already tried 13 time(s); retry policy is RetryUpToMaximumCountWithFixedSleep(maxRetries=15, sleepTime=1000 MILLISECONDS)
2024-04-16 13:47:40,827 [590e72f5-e0a8-4a6b-9708-265ca50c2b50-EndpointStateMachineTaskThread-/127.0.0.1:15020-0 ] INFO  ipc.Client (Client.java:handleConnectionFailure(950)) - Retrying connect to server: localhost/127.0.0.1:15020. Already tried 12 time(s); retry policy is RetryUpToMaximumCountWithFixedSleep(maxRetries=15, sleepTime=1000 MILLISECONDS)
2024-04-16 13:47:40,931 [SecretKeyPoller] INFO  retry.RetryInvocationHandler (RetryInvocationHandler.java:log(422)) - com.google.protobuf.ServiceException: java.net.ConnectException: Call From fv-az1428-817/10.1.0.24 to localhost:15010 failed on connection exception: java.net.ConnectException: Connection refused; For more details see:  http://wiki.apache.org/hadoop/ConnectionRefused, while invoking $Proxy63.submitRequest over nodeId=scmNode-2,nodeAddress=/127.0.0.1:15010 after 7 failover attempts. Trying to failover after sleeping for 2000ms. Current retry count: 7.
2024-04-16 13:47:40,931 [SecretKeyPoller] INFO  retry.RetryInvocationHandler (RetryInvocationHandler.java:log(422)) - com.google.protobuf.ServiceException: java.net.ConnectException: Call From fv-az1428-817/10.1.0.24 to localhost:15010 failed on connection exception: java.net.ConnectException: Connection refused; For more details see:  http://wiki.apache.org/hadoop/ConnectionRefused, while invoking $Proxy63.submitRequest over nodeId=scmNode-2,nodeAddress=/127.0.0.1:15010 after 7 failover attempts. Trying to failover after sleeping for 2000ms. Current retry count: 7.
2024-04-16 13:47:40,931 [SecretKeyPoller] INFO  retry.RetryInvocationHandler (RetryInvocationHandler.java:log(422)) - com.google.protobuf.ServiceException: java.net.ConnectException: Call From fv-az1428-817/10.1.0.24 to localhost:15010 failed on connection exception: java.net.ConnectException: Connection refused; For more details see:  http://wiki.apache.org/hadoop/ConnectionRefused, while invoking $Proxy63.submitRequest over nodeId=scmNode-2,nodeAddress=/127.0.0.1:15010 after 7 failover attempts. Trying to failover after sleeping for 2000ms. Current retry count: 7.
2024-04-16 13:47:41,506 [88d255ec-0e94-4950-ab45-ac807e327f1f-EndpointStateMachineTaskThread-/127.0.0.1:15020-0 ] INFO  ipc.Client (Client.java:handleConnectionFailure(950)) - Retrying connect to server: localhost/127.0.0.1:15020. Already tried 14 time(s); retry policy is RetryUpToMaximumCountWithFixedSleep(maxRetries=15, sleepTime=1000 MILLISECONDS)
2024-04-16 13:47:41,506 [db959189-86db-424f-9228-dcd46ac5d3ef-EndpointStateMachineTaskThread-/127.0.0.1:15012-0 ] INFO  ipc.Client (Client.java:handleConnectionFailure(950)) - Retrying connect to server: localhost/127.0.0.1:15012. Already tried 0 time(s); retry policy is RetryUpToMaximumCountWithFixedSleep(maxRetries=15, sleepTime=1000 MILLISECONDS)
2024-04-16 13:47:41,507 [88d255ec-0e94-4950-ab45-ac807e327f1f-EndpointStateMachineTaskThread-/127.0.0.1:15020-0 ] WARN  statemachine.EndpointStateMachine (EndpointStateMachine.java:logIfNeeded(242)) - Unable to communicate to SCM server at localhost:15020 for past 0 seconds.
java.net.ConnectException: Call From fv-az1428-817/10.1.0.24 to localhost:15020 failed on connection exception: java.net.ConnectException: Connection refused; For more details see:  http://wiki.apache.org/hadoop/ConnectionRefused
	at sun.reflect.GeneratedConstructorAccessor59.newInstance(Unknown Source)
	at sun.reflect.DelegatingConstructorAccessorImpl.newInstance(DelegatingConstructorAccessorImpl.java:45)
	at java.lang.reflect.Constructor.newInstance(Constructor.java:423)
	at org.apache.hadoop.net.NetUtils.wrapWithMessage(NetUtils.java:930)
	at org.apache.hadoop.net.NetUtils.wrapException(NetUtils.java:845)
	at org.apache.hadoop.ipc.Client.getRpcResponse(Client.java:1571)
	at org.apache.hadoop.ipc.Client.call(Client.java:1513)
	at org.apache.hadoop.ipc.Client.call(Client.java:1410)
	at org.apache.hadoop.ipc.ProtobufRpcEngine$Invoker.invoke(ProtobufRpcEngine.java:250)
	at org.apache.hadoop.ipc.ProtobufRpcEngine$Invoker.invoke(ProtobufRpcEngine.java:132)
	at com.sun.proxy.$Proxy64.submitRequest(Unknown Source)
	at org.apache.hadoop.ozone.protocolPB.StorageContainerDatanodeProtocolClientSideTranslatorPB.submitRequest(StorageContainerDatanodeProtocolClientSideTranslatorPB.java:117)
	at org.apache.hadoop.ozone.protocolPB.StorageContainerDatanodeProtocolClientSideTranslatorPB.sendHeartbeat(StorageContainerDatanodeProtocolClientSideTranslatorPB.java:149)
	at org.apache.hadoop.ozone.container.common.states.endpoint.HeartbeatEndpointTask.call(HeartbeatEndpointTask.java:183)
	at org.apache.hadoop.ozone.container.common.states.endpoint.HeartbeatEndpointTask.call(HeartbeatEndpointTask.java:87)
	at java.util.concurrent.FutureTask.run(FutureTask.java:266)
	at java.util.concurrent.ThreadPoolExecutor.runWorker(ThreadPoolExecutor.java:1149)
	at java.util.concurrent.ThreadPoolExecutor$Worker.run(ThreadPoolExecutor.java:624)
	at java.lang.Thread.run(Thread.java:750)
Caused by: java.net.ConnectException: Connection refused
	at sun.nio.ch.SocketChannelImpl.checkConnect(Native Method)
	at sun.nio.ch.SocketChannelImpl.finishConnect(SocketChannelImpl.java:716)
	at org.apache.hadoop.net.SocketIOWithTimeout.connect(SocketIOWithTimeout.java:205)
	at org.apache.hadoop.net.NetUtils.connect(NetUtils.java:600)
	at org.apache.hadoop.ipc.Client$Connection.setupConnection(Client.java:652)
	at org.apache.hadoop.ipc.Client$Connection.setupIOstreams(Client.java:773)
	at org.apache.hadoop.ipc.Client$Connection.access$3800(Client.java:347)
	at org.apache.hadoop.ipc.Client.getConnection(Client.java:1632)
	at org.apache.hadoop.ipc.Client.call(Client.java:1457)
	... 12 more
2024-04-16 13:47:41,827 [590e72f5-e0a8-4a6b-9708-265ca50c2b50-EndpointStateMachineTaskThread-/127.0.0.1:15012-0 ] INFO  ipc.Client (Client.java:handleConnectionFailure(950)) - Retrying connect to server: localhost/127.0.0.1:15012. Already tried 14 time(s); retry policy is RetryUpToMaximumCountWithFixedSleep(maxRetries=15, sleepTime=1000 MILLISECONDS)
2024-04-16 13:47:41,827 [590e72f5-e0a8-4a6b-9708-265ca50c2b50-EndpointStateMachineTaskThread-/127.0.0.1:15020-0 ] INFO  ipc.Client (Client.java:handleConnectionFailure(950)) - Retrying connect to server: localhost/127.0.0.1:15020. Already tried 13 time(s); retry policy is RetryUpToMaximumCountWithFixedSleep(maxRetries=15, sleepTime=1000 MILLISECONDS)
2024-04-16 13:47:42,507 [db959189-86db-424f-9228-dcd46ac5d3ef-EndpointStateMachineTaskThread-/127.0.0.1:15012-0 ] INFO  ipc.Client (Client.java:handleConnectionFailure(950)) - Retrying connect to server: localhost/127.0.0.1:15012. Already tried 1 time(s); retry policy is RetryUpToMaximumCountWithFixedSleep(maxRetries=15, sleepTime=1000 MILLISECONDS)
2024-04-16 13:47:42,507 [db959189-86db-424f-9228-dcd46ac5d3ef-EndpointStateMachineTaskThread-/127.0.0.1:15020-0 ] INFO  ipc.Client (Client.java:handleConnectionFailure(950)) - Retrying connect to server: localhost/127.0.0.1:15020. Already tried 0 time(s); retry policy is RetryUpToMaximumCountWithFixedSleep(maxRetries=15, sleepTime=1000 MILLISECONDS)
2024-04-16 13:47:42,828 [590e72f5-e0a8-4a6b-9708-265ca50c2b50-EndpointStateMachineTaskThread-/127.0.0.1:15020-0 ] INFO  ipc.Client (Client.java:handleConnectionFailure(950)) - Retrying connect to server: localhost/127.0.0.1:15020. Already tried 14 time(s); retry policy is RetryUpToMaximumCountWithFixedSleep(maxRetries=15, sleepTime=1000 MILLISECONDS)
2024-04-16 13:47:42,829 [590e72f5-e0a8-4a6b-9708-265ca50c2b50-EndpointStateMachineTaskThread-/127.0.0.1:15012-0 ] INFO  ipc.Client (Client.java:handleConnectionFailure(950)) - Retrying connect to server: localhost/127.0.0.1:15012. Already tried 0 time(s); retry policy is RetryUpToMaximumCountWithFixedSleep(maxRetries=15, sleepTime=1000 MILLISECONDS)
2024-04-16 13:47:42,932 [SecretKeyPoller] INFO  retry.RetryInvocationHandler (RetryInvocationHandler.java:log(422)) - com.google.protobuf.ServiceException: java.net.ConnectException: Call From fv-az1428-817/10.1.0.24 to localhost:15018 failed on connection exception: java.net.ConnectException: Connection refused; For more details see:  http://wiki.apache.org/hadoop/ConnectionRefused, while invoking $Proxy63.submitRequest over nodeId=scmNode-3,nodeAddress=/127.0.0.1:15018 after 8 failover attempts. Trying to failover after sleeping for 2000ms. Current retry count: 8.
2024-04-16 13:47:42,932 [SecretKeyPoller] INFO  retry.RetryInvocationHandler (RetryInvocationHandler.java:log(422)) - com.google.protobuf.ServiceException: java.net.ConnectException: Call From fv-az1428-817/10.1.0.24 to localhost:15018 failed on connection exception: java.net.ConnectException: Connection refused; For more details see:  http://wiki.apache.org/hadoop/ConnectionRefused, while invoking $Proxy63.submitRequest over nodeId=scmNode-3,nodeAddress=/127.0.0.1:15018 after 8 failover attempts. Trying to failover after sleeping for 2000ms. Current retry count: 8.
2024-04-16 13:47:42,932 [SecretKeyPoller] INFO  retry.RetryInvocationHandler (RetryInvocationHandler.java:log(422)) - com.google.protobuf.ServiceException: java.net.ConnectException: Call From fv-az1428-817/10.1.0.24 to localhost:15018 failed on connection exception: java.net.ConnectException: Connection refused; For more details see:  http://wiki.apache.org/hadoop/ConnectionRefused, while invoking $Proxy63.submitRequest over nodeId=scmNode-3,nodeAddress=/127.0.0.1:15018 after 8 failover attempts. Trying to failover after sleeping for 2000ms. Current retry count: 8.
2024-04-16 13:47:43,507 [db959189-86db-424f-9228-dcd46ac5d3ef-EndpointStateMachineTaskThread-/127.0.0.1:15020-0 ] INFO  ipc.Client (Client.java:handleConnectionFailure(950)) - Retrying connect to server: localhost/127.0.0.1:15020. Already tried 1 time(s); retry policy is RetryUpToMaximumCountWithFixedSleep(maxRetries=15, sleepTime=1000 MILLISECONDS)
2024-04-16 13:47:43,507 [db959189-86db-424f-9228-dcd46ac5d3ef-EndpointStateMachineTaskThread-/127.0.0.1:15012-0 ] INFO  ipc.Client (Client.java:handleConnectionFailure(950)) - Retrying connect to server: localhost/127.0.0.1:15012. Already tried 2 time(s); retry policy is RetryUpToMaximumCountWithFixedSleep(maxRetries=15, sleepTime=1000 MILLISECONDS)
2024-04-16 13:47:43,829 [590e72f5-e0a8-4a6b-9708-265ca50c2b50-EndpointStateMachineTaskThread-/127.0.0.1:15012-0 ] INFO  ipc.Client (Client.java:handleConnectionFailure(950)) - Retrying connect to server: localhost/127.0.0.1:15012. Already tried 1 time(s); retry policy is RetryUpToMaximumCountWithFixedSleep(maxRetries=15, sleepTime=1000 MILLISECONDS)
2024-04-16 13:47:44,508 [db959189-86db-424f-9228-dcd46ac5d3ef-EndpointStateMachineTaskThread-/127.0.0.1:15012-0 ] INFO  ipc.Client (Client.java:handleConnectionFailure(950)) - Retrying connect to server: localhost/127.0.0.1:15012. Already tried 3 time(s); retry policy is RetryUpToMaximumCountWithFixedSleep(maxRetries=15, sleepTime=1000 MILLISECONDS)
2024-04-16 13:47:44,508 [db959189-86db-424f-9228-dcd46ac5d3ef-EndpointStateMachineTaskThread-/127.0.0.1:15020-0 ] INFO  ipc.Client (Client.java:handleConnectionFailure(950)) - Retrying connect to server: localhost/127.0.0.1:15020. Already tried 2 time(s); retry policy is RetryUpToMaximumCountWithFixedSleep(maxRetries=15, sleepTime=1000 MILLISECONDS)
2024-04-16 13:47:44,830 [590e72f5-e0a8-4a6b-9708-265ca50c2b50-EndpointStateMachineTaskThread-/127.0.0.1:15012-0 ] INFO  ipc.Client (Client.java:handleConnectionFailure(950)) - Retrying connect to server: localhost/127.0.0.1:15012. Already tried 2 time(s); retry policy is RetryUpToMaximumCountWithFixedSleep(maxRetries=15, sleepTime=1000 MILLISECONDS)
2024-04-16 13:47:44,933 [SecretKeyPoller] INFO  retry.RetryInvocationHandler (RetryInvocationHandler.java:log(422)) - com.google.protobuf.ServiceException: java.net.ConnectException: Call From fv-az1428-817/10.1.0.24 to localhost:15002 failed on connection exception: java.net.ConnectException: Connection refused; For more details see:  http://wiki.apache.org/hadoop/ConnectionRefused, while invoking $Proxy63.submitRequest over nodeId=scmNode-1,nodeAddress=/127.0.0.1:15002 after 9 failover attempts. Trying to failover after sleeping for 2000ms. Current retry count: 9.
2024-04-16 13:47:44,933 [SecretKeyPoller] INFO  retry.RetryInvocationHandler (RetryInvocationHandler.java:log(422)) - com.google.protobuf.ServiceException: java.net.ConnectException: Call From fv-az1428-817/10.1.0.24 to localhost:15002 failed on connection exception: java.net.ConnectException: Connection refused; For more details see:  http://wiki.apache.org/hadoop/ConnectionRefused, while invoking $Proxy63.submitRequest over nodeId=scmNode-1,nodeAddress=/127.0.0.1:15002 after 9 failover attempts. Trying to failover after sleeping for 2000ms. Current retry count: 9.
2024-04-16 13:47:44,933 [SecretKeyPoller] INFO  retry.RetryInvocationHandler (RetryInvocationHandler.java:log(422)) - com.google.protobuf.ServiceException: java.net.ConnectException: Call From fv-az1428-817/10.1.0.24 to localhost:15002 failed on connection exception: java.net.ConnectException: Connection refused; For more details see:  http://wiki.apache.org/hadoop/ConnectionRefused, while invoking $Proxy63.submitRequest over nodeId=scmNode-1,nodeAddress=/127.0.0.1:15002 after 9 failover attempts. Trying to failover after sleeping for 2000ms. Current retry count: 9.
2024-04-16 13:47:45,509 [db959189-86db-424f-9228-dcd46ac5d3ef-EndpointStateMachineTaskThread-/127.0.0.1:15020-0 ] INFO  ipc.Client (Client.java:handleConnectionFailure(950)) - Retrying connect to server: localhost/127.0.0.1:15020. Already tried 3 time(s); retry policy is RetryUpToMaximumCountWithFixedSleep(maxRetries=15, sleepTime=1000 MILLISECONDS)
2024-04-16 13:47:45,509 [db959189-86db-424f-9228-dcd46ac5d3ef-EndpointStateMachineTaskThread-/127.0.0.1:15012-0 ] INFO  ipc.Client (Client.java:handleConnectionFailure(950)) - Retrying connect to server: localhost/127.0.0.1:15012. Already tried 4 time(s); retry policy is RetryUpToMaximumCountWithFixedSleep(maxRetries=15, sleepTime=1000 MILLISECONDS)
2024-04-16 13:47:45,831 [590e72f5-e0a8-4a6b-9708-265ca50c2b50-EndpointStateMachineTaskThread-/127.0.0.1:15012-0 ] INFO  ipc.Client (Client.java:handleConnectionFailure(950)) - Retrying connect to server: localhost/127.0.0.1:15012. Already tried 3 time(s); retry policy is RetryUpToMaximumCountWithFixedSleep(maxRetries=15, sleepTime=1000 MILLISECONDS)
2024-04-16 13:47:46,510 [db959189-86db-424f-9228-dcd46ac5d3ef-EndpointStateMachineTaskThread-/127.0.0.1:15020-0 ] INFO  ipc.Client (Client.java:handleConnectionFailure(950)) - Retrying connect to server: localhost/127.0.0.1:15020. Already tried 4 time(s); retry policy is RetryUpToMaximumCountWithFixedSleep(maxRetries=15, sleepTime=1000 MILLISECONDS)
2024-04-16 13:47:46,510 [db959189-86db-424f-9228-dcd46ac5d3ef-EndpointStateMachineTaskThread-/127.0.0.1:15012-0 ] INFO  ipc.Client (Client.java:handleConnectionFailure(950)) - Retrying connect to server: localhost/127.0.0.1:15012. Already tried 5 time(s); retry policy is RetryUpToMaximumCountWithFixedSleep(maxRetries=15, sleepTime=1000 MILLISECONDS)
2024-04-16 13:47:46,832 [590e72f5-e0a8-4a6b-9708-265ca50c2b50-EndpointStateMachineTaskThread-/127.0.0.1:15012-0 ] INFO  ipc.Client (Client.java:handleConnectionFailure(950)) - Retrying connect to server: localhost/127.0.0.1:15012. Already tried 4 time(s); retry policy is RetryUpToMaximumCountWithFixedSleep(maxRetries=15, sleepTime=1000 MILLISECONDS)
2024-04-16 13:47:46,934 [SecretKeyPoller] INFO  retry.RetryInvocationHandler (RetryInvocationHandler.java:log(422)) - com.google.protobuf.ServiceException: java.net.ConnectException: Call From fv-az1428-817/10.1.0.24 to localhost:15010 failed on connection exception: java.net.ConnectException: Connection refused; For more details see:  http://wiki.apache.org/hadoop/ConnectionRefused, while invoking $Proxy63.submitRequest over nodeId=scmNode-2,nodeAddress=/127.0.0.1:15010 after 10 failover attempts. Trying to failover after sleeping for 2000ms. Current retry count: 10.
2024-04-16 13:47:46,934 [SecretKeyPoller] INFO  retry.RetryInvocationHandler (RetryInvocationHandler.java:log(422)) - com.google.protobuf.ServiceException: java.net.ConnectException: Call From fv-az1428-817/10.1.0.24 to localhost:15010 failed on connection exception: java.net.ConnectException: Connection refused; For more details see:  http://wiki.apache.org/hadoop/ConnectionRefused, while invoking $Proxy63.submitRequest over nodeId=scmNode-2,nodeAddress=/127.0.0.1:15010 after 10 failover attempts. Trying to failover after sleeping for 2000ms. Current retry count: 10.
2024-04-16 13:47:46,934 [SecretKeyPoller] INFO  retry.RetryInvocationHandler (RetryInvocationHandler.java:log(422)) - com.google.protobuf.ServiceException: java.net.ConnectException: Call From fv-az1428-817/10.1.0.24 to localhost:15010 failed on connection exception: java.net.ConnectException: Connection refused; For more details see:  http://wiki.apache.org/hadoop/ConnectionRefused, while invoking $Proxy63.submitRequest over nodeId=scmNode-2,nodeAddress=/127.0.0.1:15010 after 10 failover attempts. Trying to failover after sleeping for 2000ms. Current retry count: 10.
2024-04-16 13:47:47,511 [db959189-86db-424f-9228-dcd46ac5d3ef-EndpointStateMachineTaskThread-/127.0.0.1:15020-0 ] INFO  ipc.Client (Client.java:handleConnectionFailure(950)) - Retrying connect to server: localhost/127.0.0.1:15020. Already tried 5 time(s); retry policy is RetryUpToMaximumCountWithFixedSleep(maxRetries=15, sleepTime=1000 MILLISECONDS)
2024-04-16 13:47:47,511 [db959189-86db-424f-9228-dcd46ac5d3ef-EndpointStateMachineTaskThread-/127.0.0.1:15012-0 ] INFO  ipc.Client (Client.java:handleConnectionFailure(950)) - Retrying connect to server: localhost/127.0.0.1:15012. Already tried 6 time(s); retry policy is RetryUpToMaximumCountWithFixedSleep(maxRetries=15, sleepTime=1000 MILLISECONDS)
2024-04-16 13:47:47,833 [590e72f5-e0a8-4a6b-9708-265ca50c2b50-EndpointStateMachineTaskThread-/127.0.0.1:15012-0 ] INFO  ipc.Client (Client.java:handleConnectionFailure(950)) - Retrying connect to server: localhost/127.0.0.1:15012. Already tried 5 time(s); retry policy is RetryUpToMaximumCountWithFixedSleep(maxRetries=15, sleepTime=1000 MILLISECONDS)
2024-04-16 13:47:48,512 [db959189-86db-424f-9228-dcd46ac5d3ef-EndpointStateMachineTaskThread-/127.0.0.1:15020-0 ] INFO  ipc.Client (Client.java:handleConnectionFailure(950)) - Retrying connect to server: localhost/127.0.0.1:15020. Already tried 6 time(s); retry policy is RetryUpToMaximumCountWithFixedSleep(maxRetries=15, sleepTime=1000 MILLISECONDS)
2024-04-16 13:47:48,512 [db959189-86db-424f-9228-dcd46ac5d3ef-EndpointStateMachineTaskThread-/127.0.0.1:15012-0 ] INFO  ipc.Client (Client.java:handleConnectionFailure(950)) - Retrying connect to server: localhost/127.0.0.1:15012. Already tried 7 time(s); retry policy is RetryUpToMaximumCountWithFixedSleep(maxRetries=15, sleepTime=1000 MILLISECONDS)
2024-04-16 13:47:48,834 [590e72f5-e0a8-4a6b-9708-265ca50c2b50-EndpointStateMachineTaskThread-/127.0.0.1:15012-0 ] INFO  ipc.Client (Client.java:handleConnectionFailure(950)) - Retrying connect to server: localhost/127.0.0.1:15012. Already tried 6 time(s); retry policy is RetryUpToMaximumCountWithFixedSleep(maxRetries=15, sleepTime=1000 MILLISECONDS)
2024-04-16 13:47:48,936 [SecretKeyPoller] INFO  retry.RetryInvocationHandler (RetryInvocationHandler.java:log(422)) - com.google.protobuf.ServiceException: java.net.ConnectException: Call From fv-az1428-817/10.1.0.24 to localhost:15018 failed on connection exception: java.net.ConnectException: Connection refused; For more details see:  http://wiki.apache.org/hadoop/ConnectionRefused, while invoking $Proxy63.submitRequest over nodeId=scmNode-3,nodeAddress=/127.0.0.1:15018 after 11 failover attempts. Trying to failover after sleeping for 2000ms. Current retry count: 11.
2024-04-16 13:47:48,936 [SecretKeyPoller] INFO  retry.RetryInvocationHandler (RetryInvocationHandler.java:log(422)) - com.google.protobuf.ServiceException: java.net.ConnectException: Call From fv-az1428-817/10.1.0.24 to localhost:15018 failed on connection exception: java.net.ConnectException: Connection refused; For more details see:  http://wiki.apache.org/hadoop/ConnectionRefused, while invoking $Proxy63.submitRequest over nodeId=scmNode-3,nodeAddress=/127.0.0.1:15018 after 11 failover attempts. Trying to failover after sleeping for 2000ms. Current retry count: 11.
2024-04-16 13:47:48,936 [SecretKeyPoller] INFO  retry.RetryInvocationHandler (RetryInvocationHandler.java:log(422)) - com.google.protobuf.ServiceException: java.net.ConnectException: Call From fv-az1428-817/10.1.0.24 to localhost:15018 failed on connection exception: java.net.ConnectException: Connection refused; For more details see:  http://wiki.apache.org/hadoop/ConnectionRefused, while invoking $Proxy63.submitRequest over nodeId=scmNode-3,nodeAddress=/127.0.0.1:15018 after 11 failover attempts. Trying to failover after sleeping for 2000ms. Current retry count: 11.
2024-04-16 13:47:49,513 [db959189-86db-424f-9228-dcd46ac5d3ef-EndpointStateMachineTaskThread-/127.0.0.1:15020-0 ] INFO  ipc.Client (Client.java:handleConnectionFailure(950)) - Retrying connect to server: localhost/127.0.0.1:15020. Already tried 7 time(s); retry policy is RetryUpToMaximumCountWithFixedSleep(maxRetries=15, sleepTime=1000 MILLISECONDS)
2024-04-16 13:47:49,513 [db959189-86db-424f-9228-dcd46ac5d3ef-EndpointStateMachineTaskThread-/127.0.0.1:15012-0 ] INFO  ipc.Client (Client.java:handleConnectionFailure(950)) - Retrying connect to server: localhost/127.0.0.1:15012. Already tried 8 time(s); retry policy is RetryUpToMaximumCountWithFixedSleep(maxRetries=15, sleepTime=1000 MILLISECONDS)
2024-04-16 13:47:49,834 [590e72f5-e0a8-4a6b-9708-265ca50c2b50-EndpointStateMachineTaskThread-/127.0.0.1:15012-0 ] INFO  ipc.Client (Client.java:handleConnectionFailure(950)) - Retrying connect to server: localhost/127.0.0.1:15012. Already tried 7 time(s); retry policy is RetryUpToMaximumCountWithFixedSleep(maxRetries=15, sleepTime=1000 MILLISECONDS)
2024-04-16 13:47:50,513 [db959189-86db-424f-9228-dcd46ac5d3ef-EndpointStateMachineTaskThread-/127.0.0.1:15020-0 ] INFO  ipc.Client (Client.java:handleConnectionFailure(950)) - Retrying connect to server: localhost/127.0.0.1:15020. Already tried 8 time(s); retry policy is RetryUpToMaximumCountWithFixedSleep(maxRetries=15, sleepTime=1000 MILLISECONDS)
2024-04-16 13:47:50,513 [db959189-86db-424f-9228-dcd46ac5d3ef-EndpointStateMachineTaskThread-/127.0.0.1:15012-0 ] INFO  ipc.Client (Client.java:handleConnectionFailure(950)) - Retrying connect to server: localhost/127.0.0.1:15012. Already tried 9 time(s); retry policy is RetryUpToMaximumCountWithFixedSleep(maxRetries=15, sleepTime=1000 MILLISECONDS)
2024-04-16 13:47:50,835 [590e72f5-e0a8-4a6b-9708-265ca50c2b50-EndpointStateMachineTaskThread-/127.0.0.1:15012-0 ] INFO  ipc.Client (Client.java:handleConnectionFailure(950)) - Retrying connect to server: localhost/127.0.0.1:15012. Already tried 8 time(s); retry policy is RetryUpToMaximumCountWithFixedSleep(maxRetries=15, sleepTime=1000 MILLISECONDS)
2024-04-16 13:47:50,937 [SecretKeyPoller] INFO  retry.RetryInvocationHandler (RetryInvocationHandler.java:log(422)) - com.google.protobuf.ServiceException: java.net.ConnectException: Call From fv-az1428-817/10.1.0.24 to localhost:15002 failed on connection exception: java.net.ConnectException: Connection refused; For more details see:  http://wiki.apache.org/hadoop/ConnectionRefused, while invoking $Proxy63.submitRequest over nodeId=scmNode-1,nodeAddress=/127.0.0.1:15002 after 12 failover attempts. Trying to failover after sleeping for 2000ms. Current retry count: 12.
2024-04-16 13:47:50,937 [SecretKeyPoller] INFO  retry.RetryInvocationHandler (RetryInvocationHandler.java:log(422)) - com.google.protobuf.ServiceException: java.net.ConnectException: Call From fv-az1428-817/10.1.0.24 to localhost:15002 failed on connection exception: java.net.ConnectException: Connection refused; For more details see:  http://wiki.apache.org/hadoop/ConnectionRefused, while invoking $Proxy63.submitRequest over nodeId=scmNode-1,nodeAddress=/127.0.0.1:15002 after 12 failover attempts. Trying to failover after sleeping for 2000ms. Current retry count: 12.
2024-04-16 13:47:50,937 [SecretKeyPoller] INFO  retry.RetryInvocationHandler (RetryInvocationHandler.java:log(422)) - com.google.protobuf.ServiceException: java.net.ConnectException: Call From fv-az1428-817/10.1.0.24 to localhost:15002 failed on connection exception: java.net.ConnectException: Connection refused; For more details see:  http://wiki.apache.org/hadoop/ConnectionRefused, while invoking $Proxy63.submitRequest over nodeId=scmNode-1,nodeAddress=/127.0.0.1:15002 after 12 failover attempts. Trying to failover after sleeping for 2000ms. Current retry count: 12.
2024-04-16 13:47:51,514 [db959189-86db-424f-9228-dcd46ac5d3ef-EndpointStateMachineTaskThread-/127.0.0.1:15012-0 ] INFO  ipc.Client (Client.java:handleConnectionFailure(950)) - Retrying connect to server: localhost/127.0.0.1:15012. Already tried 10 time(s); retry policy is RetryUpToMaximumCountWithFixedSleep(maxRetries=15, sleepTime=1000 MILLISECONDS)
2024-04-16 13:47:51,514 [db959189-86db-424f-9228-dcd46ac5d3ef-EndpointStateMachineTaskThread-/127.0.0.1:15020-0 ] INFO  ipc.Client (Client.java:handleConnectionFailure(950)) - Retrying connect to server: localhost/127.0.0.1:15020. Already tried 9 time(s); retry policy is RetryUpToMaximumCountWithFixedSleep(maxRetries=15, sleepTime=1000 MILLISECONDS)
2024-04-16 13:47:51,836 [590e72f5-e0a8-4a6b-9708-265ca50c2b50-EndpointStateMachineTaskThread-/127.0.0.1:15012-0 ] INFO  ipc.Client (Client.java:handleConnectionFailure(950)) - Retrying connect to server: localhost/127.0.0.1:15012. Already tried 9 time(s); retry policy is RetryUpToMaximumCountWithFixedSleep(maxRetries=15, sleepTime=1000 MILLISECONDS)
2024-04-16 13:47:52,515 [db959189-86db-424f-9228-dcd46ac5d3ef-EndpointStateMachineTaskThread-/127.0.0.1:15012-0 ] INFO  ipc.Client (Client.java:handleConnectionFailure(950)) - Retrying connect to server: localhost/127.0.0.1:15012. Already tried 11 time(s); retry policy is RetryUpToMaximumCountWithFixedSleep(maxRetries=15, sleepTime=1000 MILLISECONDS)
2024-04-16 13:47:52,515 [db959189-86db-424f-9228-dcd46ac5d3ef-EndpointStateMachineTaskThread-/127.0.0.1:15020-0 ] INFO  ipc.Client (Client.java:handleConnectionFailure(950)) - Retrying connect to server: localhost/127.0.0.1:15020. Already tried 10 time(s); retry policy is RetryUpToMaximumCountWithFixedSleep(maxRetries=15, sleepTime=1000 MILLISECONDS)
2024-04-16 13:47:52,837 [590e72f5-e0a8-4a6b-9708-265ca50c2b50-EndpointStateMachineTaskThread-/127.0.0.1:15012-0 ] INFO  ipc.Client (Client.java:handleConnectionFailure(950)) - Retrying connect to server: localhost/127.0.0.1:15012. Already tried 10 time(s); retry policy is RetryUpToMaximumCountWithFixedSleep(maxRetries=15, sleepTime=1000 MILLISECONDS)
2024-04-16 13:47:52,938 [SecretKeyPoller] INFO  retry.RetryInvocationHandler (RetryInvocationHandler.java:log(422)) - com.google.protobuf.ServiceException: java.net.ConnectException: Call From fv-az1428-817/10.1.0.24 to localhost:15010 failed on connection exception: java.net.ConnectException: Connection refused; For more details see:  http://wiki.apache.org/hadoop/ConnectionRefused, while invoking $Proxy63.submitRequest over nodeId=scmNode-2,nodeAddress=/127.0.0.1:15010 after 13 failover attempts. Trying to failover after sleeping for 2000ms. Current retry count: 13.
2024-04-16 13:47:52,938 [SecretKeyPoller] INFO  retry.RetryInvocationHandler (RetryInvocationHandler.java:log(422)) - com.google.protobuf.ServiceException: java.net.ConnectException: Call From fv-az1428-817/10.1.0.24 to localhost:15010 failed on connection exception: java.net.ConnectException: Connection refused; For more details see:  http://wiki.apache.org/hadoop/ConnectionRefused, while invoking $Proxy63.submitRequest over nodeId=scmNode-2,nodeAddress=/127.0.0.1:15010 after 13 failover attempts. Trying to failover after sleeping for 2000ms. Current retry count: 13.
2024-04-16 13:47:52,938 [SecretKeyPoller] INFO  retry.RetryInvocationHandler (RetryInvocationHandler.java:log(422)) - com.google.protobuf.ServiceException: java.net.ConnectException: Call From fv-az1428-817/10.1.0.24 to localhost:15010 failed on connection exception: java.net.ConnectException: Connection refused; For more details see:  http://wiki.apache.org/hadoop/ConnectionRefused, while invoking $Proxy63.submitRequest over nodeId=scmNode-2,nodeAddress=/127.0.0.1:15010 after 13 failover attempts. Trying to failover after sleeping for 2000ms. Current retry count: 13.
2024-04-16 13:47:53,516 [db959189-86db-424f-9228-dcd46ac5d3ef-EndpointStateMachineTaskThread-/127.0.0.1:15020-0 ] INFO  ipc.Client (Client.java:handleConnectionFailure(950)) - Retrying connect to server: localhost/127.0.0.1:15020. Already tried 11 time(s); retry policy is RetryUpToMaximumCountWithFixedSleep(maxRetries=15, sleepTime=1000 MILLISECONDS)
2024-04-16 13:47:53,516 [db959189-86db-424f-9228-dcd46ac5d3ef-EndpointStateMachineTaskThread-/127.0.0.1:15012-0 ] INFO  ipc.Client (Client.java:handleConnectionFailure(950)) - Retrying connect to server: localhost/127.0.0.1:15012. Already tried 12 time(s); retry policy is RetryUpToMaximumCountWithFixedSleep(maxRetries=15, sleepTime=1000 MILLISECONDS)
2024-04-16 13:47:53,838 [590e72f5-e0a8-4a6b-9708-265ca50c2b50-EndpointStateMachineTaskThread-/127.0.0.1:15012-0 ] INFO  ipc.Client (Client.java:handleConnectionFailure(950)) - Retrying connect to server: localhost/127.0.0.1:15012. Already tried 11 time(s); retry policy is RetryUpToMaximumCountWithFixedSleep(maxRetries=15, sleepTime=1000 MILLISECONDS)
2024-04-16 13:47:54,517 [db959189-86db-424f-9228-dcd46ac5d3ef-EndpointStateMachineTaskThread-/127.0.0.1:15020-0 ] INFO  ipc.Client (Client.java:handleConnectionFailure(950)) - Retrying connect to server: localhost/127.0.0.1:15020. Already tried 12 time(s); retry policy is RetryUpToMaximumCountWithFixedSleep(maxRetries=15, sleepTime=1000 MILLISECONDS)
2024-04-16 13:47:54,517 [db959189-86db-424f-9228-dcd46ac5d3ef-EndpointStateMachineTaskThread-/127.0.0.1:15012-0 ] INFO  ipc.Client (Client.java:handleConnectionFailure(950)) - Retrying connect to server: localhost/127.0.0.1:15012. Already tried 13 time(s); retry policy is RetryUpToMaximumCountWithFixedSleep(maxRetries=15, sleepTime=1000 MILLISECONDS)
2024-04-16 13:47:54,839 [590e72f5-e0a8-4a6b-9708-265ca50c2b50-EndpointStateMachineTaskThread-/127.0.0.1:15012-0 ] INFO  ipc.Client (Client.java:handleConnectionFailure(950)) - Retrying connect to server: localhost/127.0.0.1:15012. Already tried 12 time(s); retry policy is RetryUpToMaximumCountWithFixedSleep(maxRetries=15, sleepTime=1000 MILLISECONDS)
2024-04-16 13:47:54,940 [SecretKeyPoller] INFO  retry.RetryInvocationHandler (RetryInvocationHandler.java:log(422)) - com.google.protobuf.ServiceException: java.net.ConnectException: Call From fv-az1428-817/10.1.0.24 to localhost:15018 failed on connection exception: java.net.ConnectException: Connection refused; For more details see:  http://wiki.apache.org/hadoop/ConnectionRefused, while invoking $Proxy63.submitRequest over nodeId=scmNode-3,nodeAddress=/127.0.0.1:15018 after 14 failover attempts. Trying to failover after sleeping for 2000ms. Current retry count: 14.
2024-04-16 13:47:54,940 [SecretKeyPoller] INFO  retry.RetryInvocationHandler (RetryInvocationHandler.java:log(422)) - com.google.protobuf.ServiceException: java.net.ConnectException: Call From fv-az1428-817/10.1.0.24 to localhost:15018 failed on connection exception: java.net.ConnectException: Connection refused; For more details see:  http://wiki.apache.org/hadoop/ConnectionRefused, while invoking $Proxy63.submitRequest over nodeId=scmNode-3,nodeAddress=/127.0.0.1:15018 after 14 failover attempts. Trying to failover after sleeping for 2000ms. Current retry count: 14.
2024-04-16 13:47:54,940 [SecretKeyPoller] INFO  retry.RetryInvocationHandler (RetryInvocationHandler.java:log(422)) - com.google.protobuf.ServiceException: java.net.ConnectException: Call From fv-az1428-817/10.1.0.24 to localhost:15018 failed on connection exception: java.net.ConnectException: Connection refused; For more details see:  http://wiki.apache.org/hadoop/ConnectionRefused, while invoking $Proxy63.submitRequest over nodeId=scmNode-3,nodeAddress=/127.0.0.1:15018 after 14 failover attempts. Trying to failover after sleeping for 2000ms. Current retry count: 14.
2024-04-16 13:47:55,518 [db959189-86db-424f-9228-dcd46ac5d3ef-EndpointStateMachineTaskThread-/127.0.0.1:15012-0 ] INFO  ipc.Client (Client.java:handleConnectionFailure(950)) - Retrying connect to server: localhost/127.0.0.1:15012. Already tried 14 time(s); retry policy is RetryUpToMaximumCountWithFixedSleep(maxRetries=15, sleepTime=1000 MILLISECONDS)
2024-04-16 13:47:55,518 [db959189-86db-424f-9228-dcd46ac5d3ef-EndpointStateMachineTaskThread-/127.0.0.1:15020-0 ] INFO  ipc.Client (Client.java:handleConnectionFailure(950)) - Retrying connect to server: localhost/127.0.0.1:15020. Already tried 13 time(s); retry policy is RetryUpToMaximumCountWithFixedSleep(maxRetries=15, sleepTime=1000 MILLISECONDS)
2024-04-16 13:47:55,839 [590e72f5-e0a8-4a6b-9708-265ca50c2b50-EndpointStateMachineTaskThread-/127.0.0.1:15012-0 ] INFO  ipc.Client (Client.java:handleConnectionFailure(950)) - Retrying connect to server: localhost/127.0.0.1:15012. Already tried 13 time(s); retry policy is RetryUpToMaximumCountWithFixedSleep(maxRetries=15, sleepTime=1000 MILLISECONDS)
2024-04-16 13:47:56,518 [db959189-86db-424f-9228-dcd46ac5d3ef-EndpointStateMachineTaskThread-/127.0.0.1:15020-0 ] INFO  ipc.Client (Client.java:handleConnectionFailure(950)) - Retrying connect to server: localhost/127.0.0.1:15020. Already tried 14 time(s); retry policy is RetryUpToMaximumCountWithFixedSleep(maxRetries=15, sleepTime=1000 MILLISECONDS)
2024-04-16 13:47:56,519 [88d255ec-0e94-4950-ab45-ac807e327f1f-EndpointStateMachineTaskThread-/127.0.0.1:15012-0 ] INFO  ipc.Client (Client.java:handleConnectionFailure(950)) - Retrying connect to server: localhost/127.0.0.1:15012. Already tried 0 time(s); retry policy is RetryUpToMaximumCountWithFixedSleep(maxRetries=15, sleepTime=1000 MILLISECONDS)
2024-04-16 13:47:56,840 [590e72f5-e0a8-4a6b-9708-265ca50c2b50-EndpointStateMachineTaskThread-/127.0.0.1:15012-0 ] INFO  ipc.Client (Client.java:handleConnectionFailure(950)) - Retrying connect to server: localhost/127.0.0.1:15012. Already tried 14 time(s); retry policy is RetryUpToMaximumCountWithFixedSleep(maxRetries=15, sleepTime=1000 MILLISECONDS)
]]></system-out>
  </testcase>
  <testcase name="testSecretKeyApiNotEnabled" classname="org.apache.hadoop.hdds.scm.TestSecretKeysApi" time="31.842"/>
  <testcase name="testSecretKeyWithoutAuthorization" classname="org.apache.hadoop.hdds.scm.TestSecretKeysApi" time="31.243"/>
  <testcase name="testSecretKeyAfterSCMFailover" classname="org.apache.hadoop.hdds.scm.TestSecretKeysApi" time="44.153"/>
</testsuite>