<?xml version="1.0" encoding="UTF-8"?>
<testsuite xmlns:xsi="http://www.w3.org/2001/XMLSchema-instance" xsi:noNamespaceSchemaLocation="https://maven.apache.org/surefire/maven-surefire-plugin/xsd/surefire-test-report-3.0.xsd" version="3.0" name="org.apache.hadoop.hdds.scm.container.TestContainerStateManagerIntegration" time="123.728" tests="7" errors="0" skipped="0" failures="1">
  <properties>
    <property name="awt.toolkit" value="sun.awt.X11.XToolkit"/>
    <property name="file.encoding.pkg" value="sun.io"/>
    <property name="java.specification.version" value="1.8"/>
    <property name="sun.cpu.isalist" value=""/>
    <property name="sun.jnu.encoding" value="UTF-8"/>
    <property name="gradle.enterprise.listener.surefire.forkId" value="1"/>
    <property name="java.class.path" value="/home/runner/work/ozone/ozone/hadoop-ozone/integration-test/target/test-classes:/home/runner/work/ozone/ozone/hadoop-ozone/integration-test/target/classes:/home/runner/.m2/repository/org/apache/ozone/ozone-common/1.4.0-SNAPSHOT/ozone-common-1.4.0-SNAPSHOT.jar:/home/runner/.m2/repository/io/grpc/grpc-netty/1.58.0/grpc-netty-1.58.0.jar:/home/runner/.m2/repository/io/grpc/grpc-core/1.58.0/grpc-core-1.58.0.jar:/home/runner/.m2/repository/com/google/android/annotations/4.1.1.4/annotations-4.1.1.4.jar:/home/runner/.m2/repository/org/codehaus/mojo/animal-sniffer-annotations/1.23/animal-sniffer-annotations-1.23.jar:/home/runner/.m2/repository/io/grpc/grpc-context/1.58.0/grpc-context-1.58.0.jar:/home/runner/.m2/repository/io/grpc/grpc-util/1.58.0/grpc-util-1.58.0.jar:/home/runner/.m2/repository/com/google/errorprone/error_prone_annotations/2.2.0/error_prone_annotations-2.2.0.jar:/home/runner/.m2/repository/io/perfmark/perfmark-api/0.26.0/perfmark-api-0.26.0.jar:/home/runner/.m2/repository/io/netty/netty-codec-http2/4.1.100.Final/netty-codec-http2-4.1.100.Final.jar:/home/runner/.m2/repository/io/netty/netty-common/4.1.100.Final/netty-common-4.1.100.Final.jar:/home/runner/.m2/repository/io/netty/netty-buffer/4.1.100.Final/netty-buffer-4.1.100.Final.jar:/home/runner/.m2/repository/io/netty/netty-codec-http/4.1.100.Final/netty-codec-http-4.1.100.Final.jar:/home/runner/.m2/repository/io/netty/netty-handler-proxy/4.1.100.Final/netty-handler-proxy-4.1.100.Final.jar:/home/runner/.m2/repository/io/netty/netty-codec-socks/4.1.100.Final/netty-codec-socks-4.1.100.Final.jar:/home/runner/.m2/repository/io/netty/netty-tcnative-boringssl-static/2.0.61.Final/netty-tcnative-boringssl-static-2.0.61.Final.jar:/home/runner/.m2/repository/io/netty/netty-tcnative-classes/2.0.61.Final/netty-tcnative-classes-2.0.61.Final.jar:/home/runner/.m2/repository/io/netty/netty-tcnative-boringssl-static/2.0.61.Final/netty-tcnative-boringssl-static-2.0.61.Final-linux-x86_64.jar:/home/runner/.m2/repository/io/netty/netty-tcnative-boringssl-static/2.0.61.Final/netty-tcnative-boringssl-static-2.0.61.Final-linux-aarch_64.jar:/home/runner/.m2/repository/io/netty/netty-tcnative-boringssl-static/2.0.61.Final/netty-tcnative-boringssl-static-2.0.61.Final-osx-x86_64.jar:/home/runner/.m2/repository/io/netty/netty-tcnative-boringssl-static/2.0.61.Final/netty-tcnative-boringssl-static-2.0.61.Final-osx-aarch_64.jar:/home/runner/.m2/repository/io/netty/netty-tcnative-boringssl-static/2.0.61.Final/netty-tcnative-boringssl-static-2.0.61.Final-windows-x86_64.jar:/home/runner/.m2/repository/org/apache/commons/commons-compress/1.21/commons-compress-1.21.jar:/home/runner/.m2/repository/org/apache/ozone/hdds-common/1.4.0-SNAPSHOT/hdds-common-1.4.0-SNAPSHOT.jar:/home/runner/.m2/repository/org/apache/ozone/hdds-client/1.4.0-SNAPSHOT/hdds-client-1.4.0-SNAPSHOT.jar:/home/runner/.m2/repository/org/apache/ozone/ozone-interface-client/1.4.0-SNAPSHOT/ozone-interface-client-1.4.0-SNAPSHOT.jar:/home/runner/.m2/repository/org/apache/hadoop/hadoop-hdfs-client/3.3.6/hadoop-hdfs-client-3.3.6.jar:/home/runner/.m2/repository/com/squareup/okhttp3/okhttp/4.9.3/okhttp-4.9.3.jar:/home/runner/.m2/repository/com/squareup/okio/okio/3.4.0/okio-3.4.0.jar:/home/runner/.m2/repository/com/squareup/okio/okio-jvm/3.4.0/okio-jvm-3.4.0.jar:/home/runner/.m2/repository/org/jetbrains/kotlin/kotlin-stdlib-jdk8/1.8.0/kotlin-stdlib-jdk8-1.8.0.jar:/home/runner/.m2/repository/org/jetbrains/kotlin/kotlin-stdlib-jdk7/1.8.0/kotlin-stdlib-jdk7-1.8.0.jar:/home/runner/.m2/repository/org/jetbrains/kotlin/kotlin-stdlib-common/1.6.21/kotlin-stdlib-common-1.6.21.jar:/home/runner/.m2/repository/org/apache/ozone/hdds-test-utils/1.4.0-SNAPSHOT/hdds-test-utils-1.4.0-SNAPSHOT.jar:/home/runner/.m2/repository/com/google/guava/guava/32.0.0-jre/guava-32.0.0-jre.jar:/home/runner/.m2/repository/com/google/guava/failureaccess/1.0.1/failureaccess-1.0.1.jar:/home/runner/.m2/repository/com/google/guava/listenablefuture/9999.0-empty-to-avoid-conflict-with-guava/listenablefuture-9999.0-empty-to-avoid-conflict-with-guava.jar:/home/runner/.m2/repository/com/google/code/findbugs/jsr305/3.0.0/jsr305-3.0.0.jar:/home/runner/.m2/repository/org/checkerframework/checker-qual/3.33.0/checker-qual-3.33.0.jar:/home/runner/.m2/repository/com/google/j2objc/j2objc-annotations/2.8/j2objc-annotations-2.8.jar:/home/runner/.m2/repository/commons-io/commons-io/2.11.0/commons-io-2.11.0.jar:/home/runner/.m2/repository/commons-logging/commons-logging/1.2/commons-logging-1.2.jar:/home/runner/.m2/repository/ch/qos/reload4j/reload4j/1.2.22/reload4j-1.2.22.jar:/home/runner/.m2/repository/org/slf4j/slf4j-api/1.7.36/slf4j-api-1.7.36.jar:/home/runner/.m2/repository/org/apache/logging/log4j/log4j-api/2.17.1/log4j-api-2.17.1.jar:/home/runner/.m2/repository/org/apache/ozone/hdds-server-scm/1.4.0-SNAPSHOT/hdds-server-scm-1.4.0-SNAPSHOT.jar:/home/runner/.m2/repository/org/apache/ozone/hdds-container-service/1.4.0-SNAPSHOT/hdds-container-service-1.4.0-SNAPSHOT.jar:/home/runner/.m2/repository/org/apache/ozone/hdds-hadoop-dependency-server/1.4.0-SNAPSHOT/hdds-hadoop-dependency-server-1.4.0-SNAPSHOT.jar:/home/runner/.m2/repository/org/apache/hadoop/hadoop-hdfs/3.3.6/hadoop-hdfs-3.3.6.jar:/home/runner/.m2/repository/commons-daemon/commons-daemon/1.0.13/commons-daemon-1.0.13.jar:/home/runner/.m2/repository/org/apache/ozone/hdds-server-framework/1.4.0-SNAPSHOT/hdds-server-framework-1.4.0-SNAPSHOT.jar:/home/runner/.m2/repository/io/dropwizard/metrics/metrics-core/3.2.4/metrics-core-3.2.4.jar:/home/runner/.m2/repository/org/apache/commons/commons-text/1.10.0/commons-text-1.10.0.jar:/home/runner/.m2/repository/org/bouncycastle/bcprov-jdk15on/1.67/bcprov-jdk15on-1.67.jar:/home/runner/.m2/repository/com/google/protobuf/protobuf-java/2.5.0/protobuf-java-2.5.0.jar:/home/runner/.m2/repository/org/apache/ozone/hdds-server-framework/1.4.0-SNAPSHOT/hdds-server-framework-1.4.0-SNAPSHOT-tests.jar:/home/runner/.m2/repository/org/apache/ozone/hdds-interface-server/1.4.0-SNAPSHOT/hdds-interface-server-1.4.0-SNAPSHOT.jar:/home/runner/.m2/repository/org/apache/ozone/hdds-interface-admin/1.4.0-SNAPSHOT/hdds-interface-admin-1.4.0-SNAPSHOT.jar:/home/runner/.m2/repository/org/apache/ozone/hdds-managed-rocksdb/1.4.0-SNAPSHOT/hdds-managed-rocksdb-1.4.0-SNAPSHOT.jar:/home/runner/.m2/repository/org/rocksdb/rocksdbjni/7.7.3/rocksdbjni-7.7.3.jar:/home/runner/.m2/repository/org/slf4j/slf4j-reload4j/1.7.36/slf4j-reload4j-1.7.36.jar:/home/runner/.m2/repository/org/apache/commons/commons-configuration2/2.1.1/commons-configuration2-2.1.1.jar:/home/runner/.m2/repository/commons-fileupload/commons-fileupload/1.5/commons-fileupload-1.5.jar:/home/runner/.m2/repository/org/apache/logging/log4j/log4j-core/2.17.1/log4j-core-2.17.1.jar:/home/runner/.m2/repository/com/lmax/disruptor/3.4.2/disruptor-3.4.2.jar:/home/runner/.m2/repository/org/eclipse/jetty/jetty-util/9.4.53.v20231009/jetty-util-9.4.53.v20231009.jar:/home/runner/.m2/repository/org/eclipse/jetty/jetty-server/9.4.53.v20231009/jetty-server-9.4.53.v20231009.jar:/home/runner/.m2/repository/org/eclipse/jetty/jetty-http/9.4.53.v20231009/jetty-http-9.4.53.v20231009.jar:/home/runner/.m2/repository/org/eclipse/jetty/jetty-io/9.4.53.v20231009/jetty-io-9.4.53.v20231009.jar:/home/runner/.m2/repository/org/eclipse/jetty/jetty-servlet/9.4.53.v20231009/jetty-servlet-9.4.53.v20231009.jar:/home/runner/.m2/repository/org/eclipse/jetty/jetty-security/9.4.53.v20231009/jetty-security-9.4.53.v20231009.jar:/home/runner/.m2/repository/org/eclipse/jetty/jetty-util-ajax/9.4.53.v20231009/jetty-util-ajax-9.4.53.v20231009.jar:/home/runner/.m2/repository/org/eclipse/jetty/jetty-webapp/9.4.53.v20231009/jetty-webapp-9.4.53.v20231009.jar:/home/runner/.m2/repository/org/eclipse/jetty/jetty-xml/9.4.53.v20231009/jetty-xml-9.4.53.v20231009.jar:/home/runner/.m2/repository/org/apache/ratis/ratis-server/3.0.0/ratis-server-3.0.0.jar:/home/runner/.m2/repository/org/apache/ratis/ratis-thirdparty-misc/1.0.5/ratis-thirdparty-misc-1.0.5.jar:/home/runner/.m2/repository/org/apache/ratis/ratis-proto/3.0.0/ratis-proto-3.0.0.jar:/home/runner/.m2/repository/org/apache/ratis/ratis-common/3.0.0/ratis-common-3.0.0.jar:/home/runner/.m2/repository/org/apache/ratis/ratis-client/3.0.0/ratis-client-3.0.0.jar:/home/runner/.m2/repository/org/apache/ratis/ratis-server-api/3.0.0/ratis-server-api-3.0.0.jar:/home/runner/.m2/repository/org/apache/ratis/ratis-metrics-api/3.0.0/ratis-metrics-api-3.0.0.jar:/home/runner/.m2/repository/org/apache/ratis/ratis-metrics-dropwizard3/3.0.0/ratis-metrics-dropwizard3-3.0.0.jar:/home/runner/.m2/repository/io/prometheus/simpleclient_dropwizard/0.7.0/simpleclient_dropwizard-0.7.0.jar:/home/runner/.m2/repository/io/prometheus/simpleclient/0.7.0/simpleclient-0.7.0.jar:/home/runner/.m2/repository/io/prometheus/simpleclient_common/0.7.0/simpleclient_common-0.7.0.jar:/home/runner/.m2/repository/com/fasterxml/jackson/datatype/jackson-datatype-jsr310/2.13.4/jackson-datatype-jsr310-2.13.4.jar:/home/runner/.m2/repository/com/fasterxml/jackson/core/jackson-core/2.13.4/jackson-core-2.13.4.jar:/home/runner/.m2/repository/org/apache/ozone/rocksdb-checkpoint-differ/1.4.0-SNAPSHOT/rocksdb-checkpoint-differ-1.4.0-SNAPSHOT.jar:/home/runner/.m2/repository/org/jgrapht/jgrapht-core/1.0.1/jgrapht-core-1.0.1.jar:/home/runner/.m2/repository/org/jgrapht/jgrapht-ext/1.0.1/jgrapht-ext-1.0.1.jar:/home/runner/.m2/repository/org/tinyjee/jgraphx/jgraphx/2.0.0.1/jgraphx-2.0.0.1.jar:/home/runner/.m2/repository/jgraph/jgraph/5.13.0.0/jgraph-5.13.0.0.jar:/home/runner/.m2/repository/org/antlr/antlr4-runtime/4.5.3/antlr4-runtime-4.5.3.jar:/home/runner/.m2/repository/org/awaitility/awaitility/4.2.0/awaitility-4.2.0.jar:/home/runner/.m2/repository/org/hamcrest/hamcrest/2.1/hamcrest-2.1.jar:/home/runner/.m2/repository/org/apache/ozone/ozone-manager/1.4.0-SNAPSHOT/ozone-manager-1.4.0-SNAPSHOT.jar:/home/runner/.m2/repository/org/aspectj/aspectjrt/1.9.7/aspectjrt-1.9.7.jar:/home/runner/.m2/repository/org/aspectj/aspectjweaver/1.9.7/aspectjweaver-1.9.7.jar:/home/runner/.m2/repository/org/apache/ozone/hdds-interface-client/1.4.0-SNAPSHOT/hdds-interface-client-1.4.0-SNAPSHOT.jar:/home/runner/.m2/repository/org/apache/hadoop/thirdparty/hadoop-shaded-protobuf_3_7/1.1.1/hadoop-shaded-protobuf_3_7-1.1.1.jar:/home/runner/.m2/repository/org/apache/ozone/ozone-interface-storage/1.4.0-SNAPSHOT/ozone-interface-storage-1.4.0-SNAPSHOT.jar:/home/runner/.m2/repository/org/reflections/reflections/0.9.11/reflections-0.9.11.jar:/home/runner/.m2/repository/com/sun/jersey/jersey-client/1.19.4/jersey-client-1.19.4.jar:/home/runner/.m2/repository/org/codehaus/jackson/jackson-core-asl/1.9.13/jackson-core-asl-1.9.13.jar:/home/runner/.m2/repository/org/codehaus/jackson/jackson-mapper-asl/1.9.13/jackson-mapper-asl-1.9.13.jar:/home/runner/.m2/repository/org/codehaus/jackson/jackson-jaxrs/1.9.13/jackson-jaxrs-1.9.13.jar:/home/runner/.m2/repository/org/apache/ranger/ranger-intg/2.3.0/ranger-intg-2.3.0.jar:/home/runner/.m2/repository/org/apache/ranger/ranger-plugins-common/2.3.0/ranger-plugins-common-2.3.0.jar:/home/runner/.m2/repository/commons-lang/commons-lang/2.6/commons-lang-2.6.jar:/home/runner/.m2/repository/org/apache/ranger/ranger-plugins-cred/2.3.0/ranger-plugins-cred-2.3.0.jar:/home/runner/.m2/repository/org/apache/ranger/ranger-plugins-audit/2.3.0/ranger-plugins-audit-2.3.0.jar:/home/runner/.m2/repository/org/eclipse/jetty/jetty-client/9.4.53.v20231009/jetty-client-9.4.53.v20231009.jar:/home/runner/.m2/repository/org/apache/httpcomponents/httpmime/4.5.6/httpmime-4.5.6.jar:/home/runner/.m2/repository/org/apache/httpcomponents/httpcore-nio/4.4.16/httpcore-nio-4.4.16.jar:/home/runner/.m2/repository/org/apache/httpcomponents/httpasyncclient/4.1.3/httpasyncclient-4.1.3.jar:/home/runner/.m2/repository/com/carrotsearch/hppc/0.8.0/hppc-0.8.0.jar:/home/runner/.m2/repository/org/apache/orc/orc-core/1.5.8/orc-core-1.5.8.jar:/home/runner/.m2/repository/net/java/dev/jna/jna/5.2.0/jna-5.2.0.jar:/home/runner/.m2/repository/net/java/dev/jna/jna-platform/5.2.0/jna-platform-5.2.0.jar:/home/runner/.m2/repository/com/kstruct/gethostname4j/0.0.2/gethostname4j-0.0.2.jar:/home/runner/.m2/repository/org/apache/ranger/ranger-plugin-classloader/2.3.0/ranger-plugin-classloader-2.3.0.jar:/home/runner/.m2/repository/org/apache/ozone/hdds-rocks-native/1.4.0-SNAPSHOT/hdds-rocks-native-1.4.0-SNAPSHOT.jar:/home/runner/.m2/repository/org/apache/hadoop/hadoop-minikdc/3.3.6/hadoop-minikdc-3.3.6.jar:/home/runner/.m2/repository/org/apache/kerby/kerb-simplekdc/1.0.1/kerb-simplekdc-1.0.1.jar:/home/runner/.m2/repository/org/apache/kerby/kerb-client/1.0.1/kerb-client-1.0.1.jar:/home/runner/.m2/repository/org/apache/kerby/kerby-config/1.0.1/kerby-config-1.0.1.jar:/home/runner/.m2/repository/org/apache/kerby/kerb-common/1.0.1/kerb-common-1.0.1.jar:/home/runner/.m2/repository/org/apache/kerby/kerb-crypto/1.0.1/kerb-crypto-1.0.1.jar:/home/runner/.m2/repository/org/apache/kerby/kerb-util/1.0.1/kerb-util-1.0.1.jar:/home/runner/.m2/repository/org/apache/kerby/token-provider/1.0.1/token-provider-1.0.1.jar:/home/runner/.m2/repository/org/apache/kerby/kerb-admin/1.0.1/kerb-admin-1.0.1.jar:/home/runner/.m2/repository/org/apache/kerby/kerb-server/1.0.1/kerb-server-1.0.1.jar:/home/runner/.m2/repository/org/apache/kerby/kerb-identity/1.0.1/kerb-identity-1.0.1.jar:/home/runner/.m2/repository/org/apache/kerby/kerby-xdr/1.0.1/kerby-xdr-1.0.1.jar:/home/runner/.m2/repository/org/apache/ozone/ozone-s3gateway/1.4.0-SNAPSHOT/ozone-s3gateway-1.4.0-SNAPSHOT.jar:/home/runner/.m2/repository/org/javassist/javassist/3.21.0-GA/javassist-3.21.0-GA.jar:/home/runner/.m2/repository/org/jboss/weld/servlet/weld-servlet-shaded/3.1.9.Final/weld-servlet-shaded-3.1.9.Final.jar:/home/runner/.m2/repository/org/glassfish/jersey/containers/jersey-container-servlet-core/2.41/jersey-container-servlet-core-2.41.jar:/home/runner/.m2/repository/org/glassfish/hk2/external/jakarta.inject/2.6.1/jakarta.inject-2.6.1.jar:/home/runner/.m2/repository/org/glassfish/jersey/core/jersey-common/2.41/jersey-common-2.41.jar:/home/runner/.m2/repository/jakarta/ws/rs/jakarta.ws.rs-api/2.1.6/jakarta.ws.rs-api-2.1.6.jar:/home/runner/.m2/repository/org/glassfish/jersey/ext/cdi/jersey-cdi1x/2.41/jersey-cdi1x-2.41.jar:/home/runner/.m2/repository/org/glassfish/jersey/inject/jersey-hk2/2.41/jersey-hk2-2.41.jar:/home/runner/.m2/repository/org/glassfish/hk2/hk2-locator/2.6.1/hk2-locator-2.6.1.jar:/home/runner/.m2/repository/org/glassfish/jersey/media/jersey-media-jaxb/2.41/jersey-media-jaxb-2.41.jar:/home/runner/.m2/repository/org/glassfish/hk2/osgi-resource-locator/1.0.3/osgi-resource-locator-1.0.3.jar:/home/runner/.m2/repository/org/glassfish/hk2/hk2-api/2.5.0/hk2-api-2.5.0.jar:/home/runner/.m2/repository/org/glassfish/hk2/hk2-utils/2.5.0/hk2-utils-2.5.0.jar:/home/runner/.m2/repository/org/glassfish/hk2/external/aopalliance-repackaged/2.5.0/aopalliance-repackaged-2.5.0.jar:/home/runner/.m2/repository/com/fasterxml/jackson/dataformat/jackson-dataformat-xml/2.13.4/jackson-dataformat-xml-2.13.4.jar:/home/runner/.m2/repository/org/codehaus/woodstox/stax2-api/4.2.1/stax2-api-4.2.1.jar:/home/runner/.m2/repository/com/fasterxml/woodstox/woodstox-core/5.4.0/woodstox-core-5.4.0.jar:/home/runner/.m2/repository/com/fasterxml/jackson/module/jackson-module-jaxb-annotations/2.13.4/jackson-module-jaxb-annotations-2.13.4.jar:/home/runner/.m2/repository/jakarta/xml/bind/jakarta.xml.bind-api/2.3.3/jakarta.xml.bind-api-2.3.3.jar:/home/runner/.m2/repository/jakarta/activation/jakarta.activation-api/1.2.2/jakarta.activation-api-1.2.2.jar:/home/runner/.m2/repository/javax/enterprise/cdi-api/2.0/cdi-api-2.0.jar:/home/runner/.m2/repository/javax/el/javax.el-api/3.0.0/javax.el-api-3.0.0.jar:/home/runner/.m2/repository/javax/interceptor/javax.interceptor-api/1.2/javax.interceptor-api-1.2.jar:/home/runner/.m2/repository/javax/inject/javax.inject/1/javax.inject-1.jar:/home/runner/.m2/repository/javax/xml/bind/jaxb-api/2.3.0/jaxb-api-2.3.0.jar:/home/runner/.m2/repository/org/glassfish/jaxb/jaxb-runtime/2.3.0.1/jaxb-runtime-2.3.0.1.jar:/home/runner/.m2/repository/org/glassfish/jaxb/jaxb-core/2.3.0.1/jaxb-core-2.3.0.1.jar:/home/runner/.m2/repository/org/glassfish/jaxb/txw2/2.3.0.1/txw2-2.3.0.1.jar:/home/runner/.m2/repository/com/sun/istack/istack-commons-runtime/3.0.5/istack-commons-runtime-3.0.5.jar:/home/runner/.m2/repository/org/jvnet/staxex/stax-ex/1.7.8/stax-ex-1.7.8.jar:/home/runner/.m2/repository/com/sun/xml/fastinfoset/FastInfoset/1.2.13/FastInfoset-1.2.13.jar:/home/runner/.m2/repository/javax/activation/activation/1.1.1/activation-1.1.1.jar:/home/runner/.m2/repository/io/grpc/grpc-protobuf/1.58.0/grpc-protobuf-1.58.0.jar:/home/runner/.m2/repository/com/google/api/grpc/proto-google-common-protos/2.22.0/proto-google-common-protos-2.22.0.jar:/home/runner/.m2/repository/io/grpc/grpc-protobuf-lite/1.58.0/grpc-protobuf-lite-1.58.0.jar:/home/runner/.m2/repository/io/grpc/grpc-stub/1.58.0/grpc-stub-1.58.0.jar:/home/runner/.m2/repository/io/netty/netty-transport/4.1.100.Final/netty-transport-4.1.100.Final.jar:/home/runner/.m2/repository/io/netty/netty-resolver/4.1.100.Final/netty-resolver-4.1.100.Final.jar:/home/runner/.m2/repository/org/apache/ozone/ozone-csi/1.4.0-SNAPSHOT/ozone-csi-1.4.0-SNAPSHOT.jar:/home/runner/.m2/repository/com/google/protobuf/protobuf-java-util/3.19.6/protobuf-java-util-3.19.6.jar:/home/runner/.m2/repository/com/google/code/gson/gson/2.9.0/gson-2.9.0.jar:/home/runner/.m2/repository/org/apache/ozone/hdds-config/1.4.0-SNAPSHOT/hdds-config-1.4.0-SNAPSHOT.jar:/home/runner/.m2/repository/io/netty/netty-transport-native-epoll/4.1.100.Final/netty-transport-native-epoll-4.1.100.Final-linux-x86_64.jar:/home/runner/.m2/repository/io/netty/netty-transport-classes-epoll/4.1.100.Final/netty-transport-classes-epoll-4.1.100.Final.jar:/home/runner/.m2/repository/io/netty/netty-transport-native-unix-common/4.1.100.Final/netty-transport-native-unix-common-4.1.100.Final.jar:/home/runner/.m2/repository/org/apache/ozone/ozone-recon/1.4.0-SNAPSHOT/ozone-recon-1.4.0-SNAPSHOT.jar:/home/runner/.m2/repository/org/apache/ozone/ozone-reconcodegen/1.4.0-SNAPSHOT/ozone-reconcodegen-1.4.0-SNAPSHOT.jar:/home/runner/.m2/repository/com/google/inject/guice/5.1.0/guice-5.1.0.jar:/home/runner/.m2/repository/aopalliance/aopalliance/1.0/aopalliance-1.0.jar:/home/runner/.m2/repository/com/google/inject/extensions/guice-assistedinject/5.1.0/guice-assistedinject-5.1.0.jar:/home/runner/.m2/repository/com/google/inject/extensions/guice-servlet/5.1.0/guice-servlet-5.1.0.jar:/home/runner/.m2/repository/org/glassfish/jersey/containers/jersey-container-servlet/2.41/jersey-container-servlet-2.41.jar:/home/runner/.m2/repository/org/glassfish/hk2/guice-bridge/2.5.0/guice-bridge-2.5.0.jar:/home/runner/.m2/repository/org/glassfish/jersey/core/jersey-server/2.41/jersey-server-2.41.jar:/home/runner/.m2/repository/org/glassfish/jersey/core/jersey-client/2.41/jersey-client-2.41.jar:/home/runner/.m2/repository/jakarta/annotation/jakarta.annotation-api/1.3.5/jakarta.annotation-api-1.3.5.jar:/home/runner/.m2/repository/jakarta/validation/jakarta.validation-api/2.0.2/jakarta.validation-api-2.0.2.jar:/home/runner/.m2/repository/org/glassfish/jersey/media/jersey-media-json-jackson/2.41/jersey-media-json-jackson-2.41.jar:/home/runner/.m2/repository/org/glassfish/jersey/ext/jersey-entity-filtering/2.41/jersey-entity-filtering-2.41.jar:/home/runner/.m2/repository/org/jooq/jooq/3.11.10/jooq-3.11.10.jar:/home/runner/.m2/repository/org/jooq/jooq-meta/3.11.10/jooq-meta-3.11.10.jar:/home/runner/.m2/repository/org/jooq/jooq-codegen/3.11.10/jooq-codegen-3.11.10.jar:/home/runner/.m2/repository/com/jolbox/bonecp/0.8.0.RELEASE/bonecp-0.8.0.RELEASE.jar:/home/runner/.m2/repository/org/apache/derby/derby/10.14.2.0/derby-10.14.2.0.jar:/home/runner/.m2/repository/org/xerial/sqlite-jdbc/3.41.2.2/sqlite-jdbc-3.41.2.2.jar:/home/runner/.m2/repository/org/springframework/spring-jdbc/5.3.27/spring-jdbc-5.3.27.jar:/home/runner/.m2/repository/org/springframework/spring-beans/5.3.27/spring-beans-5.3.27.jar:/home/runner/.m2/repository/org/springframework/spring-core/5.3.27/spring-core-5.3.27.jar:/home/runner/.m2/repository/org/springframework/spring-tx/5.3.27/spring-tx-5.3.27.jar:/home/runner/.m2/repository/org/apache/ozone/ozone-client/1.4.0-SNAPSHOT/ozone-client-1.4.0-SNAPSHOT.jar:/home/runner/.m2/repository/org/apache/ozone/hdds-erasurecode/1.4.0-SNAPSHOT/hdds-erasurecode-1.4.0-SNAPSHOT.jar:/home/runner/.m2/repository/org/apache/ozone/ozone-filesystem/1.4.0-SNAPSHOT/ozone-filesystem-1.4.0-SNAPSHOT.jar:/home/runner/.m2/repository/org/apache/ozone/ozone-filesystem-common/1.4.0-SNAPSHOT/ozone-filesystem-common-1.4.0-SNAPSHOT.jar:/home/runner/.m2/repository/org/apache/ozone/ozone-tools/1.4.0-SNAPSHOT/ozone-tools-1.4.0-SNAPSHOT.jar:/home/runner/.m2/repository/com/amazonaws/aws-java-sdk-core/1.12.261/aws-java-sdk-core-1.12.261.jar:/home/runner/.m2/repository/org/apache/httpcomponents/httpclient/4.5.13/httpclient-4.5.13.jar:/home/runner/.m2/repository/org/apache/httpcomponents/httpcore/4.4.16/httpcore-4.4.16.jar:/home/runner/.m2/repository/software/amazon/ion/ion-java/1.0.2/ion-java-1.0.2.jar:/home/runner/.m2/repository/com/fasterxml/jackson/dataformat/jackson-dataformat-cbor/2.13.4/jackson-dataformat-cbor-2.13.4.jar:/home/runner/.m2/repository/joda-time/joda-time/2.12.5/joda-time-2.12.5.jar:/home/runner/.m2/repository/com/amazonaws/aws-java-sdk-s3/1.12.261/aws-java-sdk-s3-1.12.261.jar:/home/runner/.m2/repository/com/amazonaws/aws-java-sdk-kms/1.12.261/aws-java-sdk-kms-1.12.261.jar:/home/runner/.m2/repository/com/amazonaws/jmespath-java/1.12.261/jmespath-java-1.12.261.jar:/home/runner/.m2/repository/org/kohsuke/metainf-services/metainf-services/1.8/metainf-services-1.8.jar:/home/runner/.m2/repository/org/apache/ozone/hdds-tools/1.4.0-SNAPSHOT/hdds-tools-1.4.0-SNAPSHOT.jar:/home/runner/.m2/repository/org/apache/ratis/ratis-tools/3.0.0/ratis-tools-3.0.0.jar:/home/runner/.m2/repository/commons-cli/commons-cli/1.6.0/commons-cli-1.6.0.jar:/home/runner/.m2/repository/org/apache/commons/commons-lang3/3.7/commons-lang3-3.7.jar:/home/runner/.m2/repository/org/apache/ozone/ozone-manager/1.4.0-SNAPSHOT/ozone-manager-1.4.0-SNAPSHOT-tests.jar:/home/runner/.m2/repository/org/apache/ozone/hdds-common/1.4.0-SNAPSHOT/hdds-common-1.4.0-SNAPSHOT-tests.jar:/home/runner/.m2/repository/org/apache/ozone/hdds-hadoop-dependency-client/1.4.0-SNAPSHOT/hdds-hadoop-dependency-client-1.4.0-SNAPSHOT.jar:/home/runner/.m2/repository/info/picocli/picocli/4.7.5/picocli-4.7.5.jar:/home/runner/.m2/repository/com/fasterxml/jackson/core/jackson-annotations/2.13.4/jackson-annotations-2.13.4.jar:/home/runner/.m2/repository/org/apache/ozone/hdds-annotation-processing/1.4.0-SNAPSHOT/hdds-annotation-processing-1.4.0-SNAPSHOT.jar:/home/runner/.m2/repository/javax/annotation/javax.annotation-api/1.2/javax.annotation-api-1.2.jar:/home/runner/.m2/repository/org/apache/ratis/ratis-netty/3.0.0/ratis-netty-3.0.0.jar:/home/runner/.m2/repository/org/apache/ratis/ratis-grpc/3.0.0/ratis-grpc-3.0.0.jar:/home/runner/.m2/repository/org/apache/commons/commons-pool2/2.6.0/commons-pool2-2.6.0.jar:/home/runner/.m2/repository/org/bouncycastle/bcpkix-jdk15on/1.67/bcpkix-jdk15on-1.67.jar:/home/runner/.m2/repository/commons-validator/commons-validator/1.6/commons-validator-1.6.jar:/home/runner/.m2/repository/commons-beanutils/commons-beanutils/1.9.4/commons-beanutils-1.9.4.jar:/home/runner/.m2/repository/commons-digester/commons-digester/1.8.1/commons-digester-1.8.1.jar:/home/runner/.m2/repository/commons-collections/commons-collections/3.2.2/commons-collections-3.2.2.jar:/home/runner/.m2/repository/io/jaegertracing/jaeger-client/1.6.0/jaeger-client-1.6.0.jar:/home/runner/.m2/repository/io/jaegertracing/jaeger-thrift/1.6.0/jaeger-thrift-1.6.0.jar:/home/runner/.m2/repository/org/apache/thrift/libthrift/0.14.1/libthrift-0.14.1.jar:/home/runner/.m2/repository/io/jaegertracing/jaeger-core/1.6.0/jaeger-core-1.6.0.jar:/home/runner/.m2/repository/io/jaegertracing/jaeger-tracerresolver/1.6.0/jaeger-tracerresolver-1.6.0.jar:/home/runner/.m2/repository/io/opentracing/contrib/opentracing-tracerresolver/0.1.8/opentracing-tracerresolver-0.1.8.jar:/home/runner/.m2/repository/org/jetbrains/kotlin/kotlin-stdlib/1.6.21/kotlin-stdlib-1.6.21.jar:/home/runner/.m2/repository/org/jetbrains/annotations/13.0/annotations-13.0.jar:/home/runner/.m2/repository/io/opentracing/opentracing-util/0.33.0/opentracing-util-0.33.0.jar:/home/runner/.m2/repository/io/opentracing/opentracing-api/0.33.0/opentracing-api-0.33.0.jar:/home/runner/.m2/repository/io/opentracing/opentracing-noop/0.33.0/opentracing-noop-0.33.0.jar:/home/runner/.m2/repository/org/yaml/snakeyaml/2.0/snakeyaml-2.0.jar:/home/runner/.m2/repository/io/grpc/grpc-api/1.58.0/grpc-api-1.58.0.jar:/home/runner/.m2/repository/com/fasterxml/uuid/java-uuid-generator/4.3.0/java-uuid-generator-4.3.0.jar:/home/runner/.m2/repository/junit/junit/4.13.1/junit-4.13.1.jar:/home/runner/.m2/repository/org/hamcrest/hamcrest-core/1.3/hamcrest-core-1.3.jar:/home/runner/.m2/repository/org/junit/jupiter/junit-jupiter-api/5.8.2/junit-jupiter-api-5.8.2.jar:/home/runner/.m2/repository/org/opentest4j/opentest4j/1.2.0/opentest4j-1.2.0.jar:/home/runner/.m2/repository/org/junit/platform/junit-platform-commons/1.8.2/junit-platform-commons-1.8.2.jar:/home/runner/.m2/repository/org/apiguardian/apiguardian-api/1.1.2/apiguardian-api-1.1.2.jar:/home/runner/.m2/repository/org/junit/jupiter/junit-jupiter-params/5.8.2/junit-jupiter-params-5.8.2.jar:/home/runner/.m2/repository/org/junit/jupiter/junit-jupiter-migrationsupport/5.8.2/junit-jupiter-migrationsupport-5.8.2.jar:/home/runner/.m2/repository/org/junit/jupiter/junit-jupiter-engine/5.8.2/junit-jupiter-engine-5.8.2.jar:/home/runner/.m2/repository/org/junit/platform/junit-platform-engine/1.8.2/junit-platform-engine-1.8.2.jar:/home/runner/.m2/repository/org/junit/vintage/junit-vintage-engine/5.8.2/junit-vintage-engine-5.8.2.jar:/home/runner/.m2/repository/org/junit/platform/junit-platform-launcher/1.8.2/junit-platform-launcher-1.8.2.jar:/home/runner/.m2/repository/org/mockito/mockito-core/3.5.9/mockito-core-3.5.9.jar:/home/runner/.m2/repository/net/bytebuddy/byte-buddy/1.10.13/byte-buddy-1.10.13.jar:/home/runner/.m2/repository/net/bytebuddy/byte-buddy-agent/1.10.13/byte-buddy-agent-1.10.13.jar:/home/runner/.m2/repository/org/objenesis/objenesis/1.0/objenesis-1.0.jar:/home/runner/.m2/repository/org/apache/hadoop/hadoop-kms/3.3.6/hadoop-kms-3.3.6.jar:/home/runner/.m2/repository/org/apache/hadoop/hadoop-auth/3.3.6/hadoop-auth-3.3.6.jar:/home/runner/.m2/repository/com/nimbusds/nimbus-jose-jwt/9.8.1/nimbus-jose-jwt-9.8.1.jar:/home/runner/.m2/repository/com/github/stephenc/jcip/jcip-annotations/1.0-1/jcip-annotations-1.0-1.jar:/home/runner/.m2/repository/org/apache/zookeeper/zookeeper/3.7.2/zookeeper-3.7.2.jar:/home/runner/.m2/repository/org/apache/zookeeper/zookeeper-jute/3.7.2/zookeeper-jute-3.7.2.jar:/home/runner/.m2/repository/org/apache/yetus/audience-annotations/0.12.0/audience-annotations-0.12.0.jar:/home/runner/.m2/repository/org/apache/curator/curator-framework/4.2.0/curator-framework-4.2.0.jar:/home/runner/.m2/repository/org/apache/hadoop/thirdparty/hadoop-shaded-guava/1.1.1/hadoop-shaded-guava-1.1.1.jar:/home/runner/.m2/repository/com/sun/jersey/jersey-core/1.19.4/jersey-core-1.19.4.jar:/home/runner/.m2/repository/javax/ws/rs/jsr311-api/1.1.1/jsr311-api-1.1.1.jar:/home/runner/.m2/repository/com/sun/jersey/jersey-server/1.19.4/jersey-server-1.19.4.jar:/home/runner/.m2/repository/javax/servlet/javax.servlet-api/3.1.0/javax.servlet-api-3.1.0.jar:/home/runner/.m2/repository/org/apache/hadoop/hadoop-common/3.3.6/hadoop-common-3.3.6.jar:/home/runner/.m2/repository/org/apache/commons/commons-math3/3.1.1/commons-math3-3.1.1.jar:/home/runner/.m2/repository/commons-net/commons-net/3.9.0/commons-net-3.9.0.jar:/home/runner/.m2/repository/com/sun/jersey/jersey-servlet/1.19.4/jersey-servlet-1.19.4.jar:/home/runner/.m2/repository/com/github/pjfanning/jersey-json/1.20/jersey-json-1.20.jar:/home/runner/.m2/repository/org/codehaus/jettison/jettison/1.1/jettison-1.1.jar:/home/runner/.m2/repository/com/sun/xml/bind/jaxb-impl/2.2.3-1/jaxb-impl-2.2.3-1.jar:/home/runner/.m2/repository/com/google/re2j/re2j/1.1/re2j-1.1.jar:/home/runner/.m2/repository/com/jcraft/jsch/0.1.54/jsch-0.1.54.jar:/home/runner/.m2/repository/org/apache/curator/curator-client/4.2.0/curator-client-4.2.0.jar:/home/runner/.m2/repository/org/apache/curator/curator-recipes/5.2.0/curator-recipes-5.2.0.jar:/home/runner/.m2/repository/org/apache/kerby/kerb-core/1.0.1/kerb-core-1.0.1.jar:/home/runner/.m2/repository/org/apache/kerby/kerby-pkix/1.0.1/kerby-pkix-1.0.1.jar:/home/runner/.m2/repository/org/apache/kerby/kerby-asn1/1.0.1/kerby-asn1-1.0.1.jar:/home/runner/.m2/repository/org/apache/kerby/kerby-util/1.0.1/kerby-util-1.0.1.jar:/home/runner/.m2/repository/dnsjava/dnsjava/2.1.7/dnsjava-2.1.7.jar:/home/runner/.m2/repository/org/xerial/snappy/snappy-java/1.1.8.2/snappy-java-1.1.8.2.jar:/home/runner/.m2/repository/com/fasterxml/jackson/core/jackson-databind/2.13.4.2/jackson-databind-2.13.4.2.jar:/home/runner/.m2/repository/org/apache/hadoop/hadoop-kms/3.3.6/hadoop-kms-3.3.6-tests.jar:/home/runner/.m2/repository/org/apache/ozone/hdds-server-scm/1.4.0-SNAPSHOT/hdds-server-scm-1.4.0-SNAPSHOT-tests.jar:/home/runner/.m2/repository/org/apache/ozone/hdds-container-service/1.4.0-SNAPSHOT/hdds-container-service-1.4.0-SNAPSHOT-tests.jar:/home/runner/.m2/repository/com/github/luben/zstd-jni/1.5.2-5/zstd-jni-1.5.2-5.jar:/home/runner/.m2/repository/commons-codec/commons-codec/1.15/commons-codec-1.15.jar:/home/runner/.m2/repository/io/netty/netty-codec/4.1.100.Final/netty-codec-4.1.100.Final.jar:/home/runner/.m2/repository/io/netty/netty-handler/4.1.100.Final/netty-handler-4.1.100.Final.jar:/home/runner/.m2/repository/org/apache/ozone/hdds-hadoop-dependency-test/1.4.0-SNAPSHOT/hdds-hadoop-dependency-test-1.4.0-SNAPSHOT.jar:/home/runner/.m2/repository/org/apache/hadoop/hadoop-common/3.3.6/hadoop-common-3.3.6-tests.jar:/home/runner/.m2/repository/org/apache/hadoop/hadoop-hdfs/3.3.6/hadoop-hdfs-3.3.6-tests.jar:/home/runner/.m2/repository/org/assertj/assertj-core/3.12.2/assertj-core-3.12.2.jar:/home/runner/.m2/repository/org/apache/hadoop/hadoop-distcp/3.3.6/hadoop-distcp-3.3.6.jar:/home/runner/.m2/repository/org/apache/hadoop/hadoop-mapreduce-client-jobclient/3.3.6/hadoop-mapreduce-client-jobclient-3.3.6.jar:/home/runner/.m2/repository/org/apache/hadoop/hadoop-mapreduce-client-common/3.3.6/hadoop-mapreduce-client-common-3.3.6.jar:/home/runner/.m2/repository/org/apache/hadoop/hadoop-yarn-common/3.3.6/hadoop-yarn-common-3.3.6.jar:/home/runner/.m2/repository/org/apache/hadoop/hadoop-yarn-api/3.3.6/hadoop-yarn-api-3.3.6.jar:/home/runner/.m2/repository/com/sun/jersey/contribs/jersey-guice/1.19.4/jersey-guice-1.19.4.jar:/home/runner/.m2/repository/com/fasterxml/jackson/jaxrs/jackson-jaxrs-json-provider/2.13.4/jackson-jaxrs-json-provider-2.13.4.jar:/home/runner/.m2/repository/com/fasterxml/jackson/jaxrs/jackson-jaxrs-base/2.13.4/jackson-jaxrs-base-2.13.4.jar:/home/runner/.m2/repository/org/apache/hadoop/hadoop-yarn-client/3.3.6/hadoop-yarn-client-3.3.6.jar:/home/runner/.m2/repository/org/eclipse/jetty/websocket/websocket-client/9.4.51.v20230217/websocket-client-9.4.51.v20230217.jar:/home/runner/.m2/repository/org/eclipse/jetty/websocket/websocket-common/9.4.51.v20230217/websocket-common-9.4.51.v20230217.jar:/home/runner/.m2/repository/org/eclipse/jetty/websocket/websocket-api/9.4.51.v20230217/websocket-api-9.4.51.v20230217.jar:/home/runner/.m2/repository/org/jline/jline/3.9.0/jline-3.9.0.jar:/home/runner/.m2/repository/org/apache/hadoop/hadoop-mapreduce-client-core/3.3.6/hadoop-mapreduce-client-core-3.3.6.jar:/home/runner/.m2/repository/org/apache/avro/avro/1.7.7/avro-1.7.7.jar:/home/runner/.m2/repository/com/thoughtworks/paranamer/paranamer/2.3/paranamer-2.3.jar:/home/runner/.m2/repository/org/apache/hadoop/hadoop-annotations/3.3.6/hadoop-annotations-3.3.6.jar:/usr/lib/jvm/temurin-8-jdk-amd64/jre/../lib/tools.jar:/home/runner/.m2/repository/io/netty/netty/3.10.6.Final/netty-3.10.6.Final.jar:/home/runner/.m2/repository/org/apache/hadoop/hadoop-distcp/3.3.6/hadoop-distcp-3.3.6-tests.jar:/home/runner/.m2/repository/org/slf4j/jul-to-slf4j/1.7.36/jul-to-slf4j-1.7.36.jar:/home/runner/work/ozone/ozone/hadoop-ozone/integration-test/target/gradle-enterprise/test-listeners.jar:"/>
    <property name="java.vm.vendor" value="Temurin"/>
    <property name="sun.arch.data.model" value="64"/>
    <property name="test.build.dir" value="/home/runner/work/ozone/ozone/hadoop-ozone/integration-test/target/test-dir"/>
    <property name="test.cache.data" value=""/>
    <property name="java.vendor.url" value="https://adoptium.net/"/>
    <property name="user.timezone" value="Etc/UTC"/>
    <property name="os.name" value="Linux"/>
    <property name="java.vm.specification.version" value="1.8"/>
    <property name="test.build.data" value="/home/runner/work/ozone/ozone/hadoop-ozone/integration-test/target/test-dir"/>
    <property name="sun.java.launcher" value="SUN_STANDARD"/>
    <property name="sun.boot.library.path" value="/usr/lib/jvm/temurin-8-jdk-amd64/jre/lib/amd64"/>
    <property name="sun.java.command" value="/home/runner/work/ozone/ozone/hadoop-ozone/integration-test/target/surefire/surefirebooter-20231205100335276_11.jar /home/runner/work/ozone/ozone/hadoop-ozone/integration-test/target/surefire 2023-12-05T10-03-34_820-jvmRun1 surefire-20231205100335276_9tmp surefire_2-20231205100335276_10tmp"/>
    <property name="native.lib.tmp.dir" value="/tmp"/>
    <property name="surefire.test.class.path" value="/home/runner/work/ozone/ozone/hadoop-ozone/integration-test/target/test-classes:/home/runner/work/ozone/ozone/hadoop-ozone/integration-test/target/classes:/home/runner/.m2/repository/org/apache/ozone/ozone-common/1.4.0-SNAPSHOT/ozone-common-1.4.0-SNAPSHOT.jar:/home/runner/.m2/repository/io/grpc/grpc-netty/1.58.0/grpc-netty-1.58.0.jar:/home/runner/.m2/repository/io/grpc/grpc-core/1.58.0/grpc-core-1.58.0.jar:/home/runner/.m2/repository/com/google/android/annotations/4.1.1.4/annotations-4.1.1.4.jar:/home/runner/.m2/repository/org/codehaus/mojo/animal-sniffer-annotations/1.23/animal-sniffer-annotations-1.23.jar:/home/runner/.m2/repository/io/grpc/grpc-context/1.58.0/grpc-context-1.58.0.jar:/home/runner/.m2/repository/io/grpc/grpc-util/1.58.0/grpc-util-1.58.0.jar:/home/runner/.m2/repository/com/google/errorprone/error_prone_annotations/2.2.0/error_prone_annotations-2.2.0.jar:/home/runner/.m2/repository/io/perfmark/perfmark-api/0.26.0/perfmark-api-0.26.0.jar:/home/runner/.m2/repository/io/netty/netty-codec-http2/4.1.100.Final/netty-codec-http2-4.1.100.Final.jar:/home/runner/.m2/repository/io/netty/netty-common/4.1.100.Final/netty-common-4.1.100.Final.jar:/home/runner/.m2/repository/io/netty/netty-buffer/4.1.100.Final/netty-buffer-4.1.100.Final.jar:/home/runner/.m2/repository/io/netty/netty-codec-http/4.1.100.Final/netty-codec-http-4.1.100.Final.jar:/home/runner/.m2/repository/io/netty/netty-handler-proxy/4.1.100.Final/netty-handler-proxy-4.1.100.Final.jar:/home/runner/.m2/repository/io/netty/netty-codec-socks/4.1.100.Final/netty-codec-socks-4.1.100.Final.jar:/home/runner/.m2/repository/io/netty/netty-tcnative-boringssl-static/2.0.61.Final/netty-tcnative-boringssl-static-2.0.61.Final.jar:/home/runner/.m2/repository/io/netty/netty-tcnative-classes/2.0.61.Final/netty-tcnative-classes-2.0.61.Final.jar:/home/runner/.m2/repository/io/netty/netty-tcnative-boringssl-static/2.0.61.Final/netty-tcnative-boringssl-static-2.0.61.Final-linux-x86_64.jar:/home/runner/.m2/repository/io/netty/netty-tcnative-boringssl-static/2.0.61.Final/netty-tcnative-boringssl-static-2.0.61.Final-linux-aarch_64.jar:/home/runner/.m2/repository/io/netty/netty-tcnative-boringssl-static/2.0.61.Final/netty-tcnative-boringssl-static-2.0.61.Final-osx-x86_64.jar:/home/runner/.m2/repository/io/netty/netty-tcnative-boringssl-static/2.0.61.Final/netty-tcnative-boringssl-static-2.0.61.Final-osx-aarch_64.jar:/home/runner/.m2/repository/io/netty/netty-tcnative-boringssl-static/2.0.61.Final/netty-tcnative-boringssl-static-2.0.61.Final-windows-x86_64.jar:/home/runner/.m2/repository/org/apache/commons/commons-compress/1.21/commons-compress-1.21.jar:/home/runner/.m2/repository/org/apache/ozone/hdds-common/1.4.0-SNAPSHOT/hdds-common-1.4.0-SNAPSHOT.jar:/home/runner/.m2/repository/org/apache/ozone/hdds-client/1.4.0-SNAPSHOT/hdds-client-1.4.0-SNAPSHOT.jar:/home/runner/.m2/repository/org/apache/ozone/ozone-interface-client/1.4.0-SNAPSHOT/ozone-interface-client-1.4.0-SNAPSHOT.jar:/home/runner/.m2/repository/org/apache/hadoop/hadoop-hdfs-client/3.3.6/hadoop-hdfs-client-3.3.6.jar:/home/runner/.m2/repository/com/squareup/okhttp3/okhttp/4.9.3/okhttp-4.9.3.jar:/home/runner/.m2/repository/com/squareup/okio/okio/3.4.0/okio-3.4.0.jar:/home/runner/.m2/repository/com/squareup/okio/okio-jvm/3.4.0/okio-jvm-3.4.0.jar:/home/runner/.m2/repository/org/jetbrains/kotlin/kotlin-stdlib-jdk8/1.8.0/kotlin-stdlib-jdk8-1.8.0.jar:/home/runner/.m2/repository/org/jetbrains/kotlin/kotlin-stdlib-jdk7/1.8.0/kotlin-stdlib-jdk7-1.8.0.jar:/home/runner/.m2/repository/org/jetbrains/kotlin/kotlin-stdlib-common/1.6.21/kotlin-stdlib-common-1.6.21.jar:/home/runner/.m2/repository/org/apache/ozone/hdds-test-utils/1.4.0-SNAPSHOT/hdds-test-utils-1.4.0-SNAPSHOT.jar:/home/runner/.m2/repository/com/google/guava/guava/32.0.0-jre/guava-32.0.0-jre.jar:/home/runner/.m2/repository/com/google/guava/failureaccess/1.0.1/failureaccess-1.0.1.jar:/home/runner/.m2/repository/com/google/guava/listenablefuture/9999.0-empty-to-avoid-conflict-with-guava/listenablefuture-9999.0-empty-to-avoid-conflict-with-guava.jar:/home/runner/.m2/repository/com/google/code/findbugs/jsr305/3.0.0/jsr305-3.0.0.jar:/home/runner/.m2/repository/org/checkerframework/checker-qual/3.33.0/checker-qual-3.33.0.jar:/home/runner/.m2/repository/com/google/j2objc/j2objc-annotations/2.8/j2objc-annotations-2.8.jar:/home/runner/.m2/repository/commons-io/commons-io/2.11.0/commons-io-2.11.0.jar:/home/runner/.m2/repository/commons-logging/commons-logging/1.2/commons-logging-1.2.jar:/home/runner/.m2/repository/ch/qos/reload4j/reload4j/1.2.22/reload4j-1.2.22.jar:/home/runner/.m2/repository/org/slf4j/slf4j-api/1.7.36/slf4j-api-1.7.36.jar:/home/runner/.m2/repository/org/apache/logging/log4j/log4j-api/2.17.1/log4j-api-2.17.1.jar:/home/runner/.m2/repository/org/apache/ozone/hdds-server-scm/1.4.0-SNAPSHOT/hdds-server-scm-1.4.0-SNAPSHOT.jar:/home/runner/.m2/repository/org/apache/ozone/hdds-container-service/1.4.0-SNAPSHOT/hdds-container-service-1.4.0-SNAPSHOT.jar:/home/runner/.m2/repository/org/apache/ozone/hdds-hadoop-dependency-server/1.4.0-SNAPSHOT/hdds-hadoop-dependency-server-1.4.0-SNAPSHOT.jar:/home/runner/.m2/repository/org/apache/hadoop/hadoop-hdfs/3.3.6/hadoop-hdfs-3.3.6.jar:/home/runner/.m2/repository/commons-daemon/commons-daemon/1.0.13/commons-daemon-1.0.13.jar:/home/runner/.m2/repository/org/apache/ozone/hdds-server-framework/1.4.0-SNAPSHOT/hdds-server-framework-1.4.0-SNAPSHOT.jar:/home/runner/.m2/repository/io/dropwizard/metrics/metrics-core/3.2.4/metrics-core-3.2.4.jar:/home/runner/.m2/repository/org/apache/commons/commons-text/1.10.0/commons-text-1.10.0.jar:/home/runner/.m2/repository/org/bouncycastle/bcprov-jdk15on/1.67/bcprov-jdk15on-1.67.jar:/home/runner/.m2/repository/com/google/protobuf/protobuf-java/2.5.0/protobuf-java-2.5.0.jar:/home/runner/.m2/repository/org/apache/ozone/hdds-server-framework/1.4.0-SNAPSHOT/hdds-server-framework-1.4.0-SNAPSHOT-tests.jar:/home/runner/.m2/repository/org/apache/ozone/hdds-interface-server/1.4.0-SNAPSHOT/hdds-interface-server-1.4.0-SNAPSHOT.jar:/home/runner/.m2/repository/org/apache/ozone/hdds-interface-admin/1.4.0-SNAPSHOT/hdds-interface-admin-1.4.0-SNAPSHOT.jar:/home/runner/.m2/repository/org/apache/ozone/hdds-managed-rocksdb/1.4.0-SNAPSHOT/hdds-managed-rocksdb-1.4.0-SNAPSHOT.jar:/home/runner/.m2/repository/org/rocksdb/rocksdbjni/7.7.3/rocksdbjni-7.7.3.jar:/home/runner/.m2/repository/org/slf4j/slf4j-reload4j/1.7.36/slf4j-reload4j-1.7.36.jar:/home/runner/.m2/repository/org/apache/commons/commons-configuration2/2.1.1/commons-configuration2-2.1.1.jar:/home/runner/.m2/repository/commons-fileupload/commons-fileupload/1.5/commons-fileupload-1.5.jar:/home/runner/.m2/repository/org/apache/logging/log4j/log4j-core/2.17.1/log4j-core-2.17.1.jar:/home/runner/.m2/repository/com/lmax/disruptor/3.4.2/disruptor-3.4.2.jar:/home/runner/.m2/repository/org/eclipse/jetty/jetty-util/9.4.53.v20231009/jetty-util-9.4.53.v20231009.jar:/home/runner/.m2/repository/org/eclipse/jetty/jetty-server/9.4.53.v20231009/jetty-server-9.4.53.v20231009.jar:/home/runner/.m2/repository/org/eclipse/jetty/jetty-http/9.4.53.v20231009/jetty-http-9.4.53.v20231009.jar:/home/runner/.m2/repository/org/eclipse/jetty/jetty-io/9.4.53.v20231009/jetty-io-9.4.53.v20231009.jar:/home/runner/.m2/repository/org/eclipse/jetty/jetty-servlet/9.4.53.v20231009/jetty-servlet-9.4.53.v20231009.jar:/home/runner/.m2/repository/org/eclipse/jetty/jetty-security/9.4.53.v20231009/jetty-security-9.4.53.v20231009.jar:/home/runner/.m2/repository/org/eclipse/jetty/jetty-util-ajax/9.4.53.v20231009/jetty-util-ajax-9.4.53.v20231009.jar:/home/runner/.m2/repository/org/eclipse/jetty/jetty-webapp/9.4.53.v20231009/jetty-webapp-9.4.53.v20231009.jar:/home/runner/.m2/repository/org/eclipse/jetty/jetty-xml/9.4.53.v20231009/jetty-xml-9.4.53.v20231009.jar:/home/runner/.m2/repository/org/apache/ratis/ratis-server/3.0.0/ratis-server-3.0.0.jar:/home/runner/.m2/repository/org/apache/ratis/ratis-thirdparty-misc/1.0.5/ratis-thirdparty-misc-1.0.5.jar:/home/runner/.m2/repository/org/apache/ratis/ratis-proto/3.0.0/ratis-proto-3.0.0.jar:/home/runner/.m2/repository/org/apache/ratis/ratis-common/3.0.0/ratis-common-3.0.0.jar:/home/runner/.m2/repository/org/apache/ratis/ratis-client/3.0.0/ratis-client-3.0.0.jar:/home/runner/.m2/repository/org/apache/ratis/ratis-server-api/3.0.0/ratis-server-api-3.0.0.jar:/home/runner/.m2/repository/org/apache/ratis/ratis-metrics-api/3.0.0/ratis-metrics-api-3.0.0.jar:/home/runner/.m2/repository/org/apache/ratis/ratis-metrics-dropwizard3/3.0.0/ratis-metrics-dropwizard3-3.0.0.jar:/home/runner/.m2/repository/io/prometheus/simpleclient_dropwizard/0.7.0/simpleclient_dropwizard-0.7.0.jar:/home/runner/.m2/repository/io/prometheus/simpleclient/0.7.0/simpleclient-0.7.0.jar:/home/runner/.m2/repository/io/prometheus/simpleclient_common/0.7.0/simpleclient_common-0.7.0.jar:/home/runner/.m2/repository/com/fasterxml/jackson/datatype/jackson-datatype-jsr310/2.13.4/jackson-datatype-jsr310-2.13.4.jar:/home/runner/.m2/repository/com/fasterxml/jackson/core/jackson-core/2.13.4/jackson-core-2.13.4.jar:/home/runner/.m2/repository/org/apache/ozone/rocksdb-checkpoint-differ/1.4.0-SNAPSHOT/rocksdb-checkpoint-differ-1.4.0-SNAPSHOT.jar:/home/runner/.m2/repository/org/jgrapht/jgrapht-core/1.0.1/jgrapht-core-1.0.1.jar:/home/runner/.m2/repository/org/jgrapht/jgrapht-ext/1.0.1/jgrapht-ext-1.0.1.jar:/home/runner/.m2/repository/org/tinyjee/jgraphx/jgraphx/2.0.0.1/jgraphx-2.0.0.1.jar:/home/runner/.m2/repository/jgraph/jgraph/5.13.0.0/jgraph-5.13.0.0.jar:/home/runner/.m2/repository/org/antlr/antlr4-runtime/4.5.3/antlr4-runtime-4.5.3.jar:/home/runner/.m2/repository/org/awaitility/awaitility/4.2.0/awaitility-4.2.0.jar:/home/runner/.m2/repository/org/hamcrest/hamcrest/2.1/hamcrest-2.1.jar:/home/runner/.m2/repository/org/apache/ozone/ozone-manager/1.4.0-SNAPSHOT/ozone-manager-1.4.0-SNAPSHOT.jar:/home/runner/.m2/repository/org/aspectj/aspectjrt/1.9.7/aspectjrt-1.9.7.jar:/home/runner/.m2/repository/org/aspectj/aspectjweaver/1.9.7/aspectjweaver-1.9.7.jar:/home/runner/.m2/repository/org/apache/ozone/hdds-interface-client/1.4.0-SNAPSHOT/hdds-interface-client-1.4.0-SNAPSHOT.jar:/home/runner/.m2/repository/org/apache/hadoop/thirdparty/hadoop-shaded-protobuf_3_7/1.1.1/hadoop-shaded-protobuf_3_7-1.1.1.jar:/home/runner/.m2/repository/org/apache/ozone/ozone-interface-storage/1.4.0-SNAPSHOT/ozone-interface-storage-1.4.0-SNAPSHOT.jar:/home/runner/.m2/repository/org/reflections/reflections/0.9.11/reflections-0.9.11.jar:/home/runner/.m2/repository/com/sun/jersey/jersey-client/1.19.4/jersey-client-1.19.4.jar:/home/runner/.m2/repository/org/codehaus/jackson/jackson-core-asl/1.9.13/jackson-core-asl-1.9.13.jar:/home/runner/.m2/repository/org/codehaus/jackson/jackson-mapper-asl/1.9.13/jackson-mapper-asl-1.9.13.jar:/home/runner/.m2/repository/org/codehaus/jackson/jackson-jaxrs/1.9.13/jackson-jaxrs-1.9.13.jar:/home/runner/.m2/repository/org/apache/ranger/ranger-intg/2.3.0/ranger-intg-2.3.0.jar:/home/runner/.m2/repository/org/apache/ranger/ranger-plugins-common/2.3.0/ranger-plugins-common-2.3.0.jar:/home/runner/.m2/repository/commons-lang/commons-lang/2.6/commons-lang-2.6.jar:/home/runner/.m2/repository/org/apache/ranger/ranger-plugins-cred/2.3.0/ranger-plugins-cred-2.3.0.jar:/home/runner/.m2/repository/org/apache/ranger/ranger-plugins-audit/2.3.0/ranger-plugins-audit-2.3.0.jar:/home/runner/.m2/repository/org/eclipse/jetty/jetty-client/9.4.53.v20231009/jetty-client-9.4.53.v20231009.jar:/home/runner/.m2/repository/org/apache/httpcomponents/httpmime/4.5.6/httpmime-4.5.6.jar:/home/runner/.m2/repository/org/apache/httpcomponents/httpcore-nio/4.4.16/httpcore-nio-4.4.16.jar:/home/runner/.m2/repository/org/apache/httpcomponents/httpasyncclient/4.1.3/httpasyncclient-4.1.3.jar:/home/runner/.m2/repository/com/carrotsearch/hppc/0.8.0/hppc-0.8.0.jar:/home/runner/.m2/repository/org/apache/orc/orc-core/1.5.8/orc-core-1.5.8.jar:/home/runner/.m2/repository/net/java/dev/jna/jna/5.2.0/jna-5.2.0.jar:/home/runner/.m2/repository/net/java/dev/jna/jna-platform/5.2.0/jna-platform-5.2.0.jar:/home/runner/.m2/repository/com/kstruct/gethostname4j/0.0.2/gethostname4j-0.0.2.jar:/home/runner/.m2/repository/org/apache/ranger/ranger-plugin-classloader/2.3.0/ranger-plugin-classloader-2.3.0.jar:/home/runner/.m2/repository/org/apache/ozone/hdds-rocks-native/1.4.0-SNAPSHOT/hdds-rocks-native-1.4.0-SNAPSHOT.jar:/home/runner/.m2/repository/org/apache/hadoop/hadoop-minikdc/3.3.6/hadoop-minikdc-3.3.6.jar:/home/runner/.m2/repository/org/apache/kerby/kerb-simplekdc/1.0.1/kerb-simplekdc-1.0.1.jar:/home/runner/.m2/repository/org/apache/kerby/kerb-client/1.0.1/kerb-client-1.0.1.jar:/home/runner/.m2/repository/org/apache/kerby/kerby-config/1.0.1/kerby-config-1.0.1.jar:/home/runner/.m2/repository/org/apache/kerby/kerb-common/1.0.1/kerb-common-1.0.1.jar:/home/runner/.m2/repository/org/apache/kerby/kerb-crypto/1.0.1/kerb-crypto-1.0.1.jar:/home/runner/.m2/repository/org/apache/kerby/kerb-util/1.0.1/kerb-util-1.0.1.jar:/home/runner/.m2/repository/org/apache/kerby/token-provider/1.0.1/token-provider-1.0.1.jar:/home/runner/.m2/repository/org/apache/kerby/kerb-admin/1.0.1/kerb-admin-1.0.1.jar:/home/runner/.m2/repository/org/apache/kerby/kerb-server/1.0.1/kerb-server-1.0.1.jar:/home/runner/.m2/repository/org/apache/kerby/kerb-identity/1.0.1/kerb-identity-1.0.1.jar:/home/runner/.m2/repository/org/apache/kerby/kerby-xdr/1.0.1/kerby-xdr-1.0.1.jar:/home/runner/.m2/repository/org/apache/ozone/ozone-s3gateway/1.4.0-SNAPSHOT/ozone-s3gateway-1.4.0-SNAPSHOT.jar:/home/runner/.m2/repository/org/javassist/javassist/3.21.0-GA/javassist-3.21.0-GA.jar:/home/runner/.m2/repository/org/jboss/weld/servlet/weld-servlet-shaded/3.1.9.Final/weld-servlet-shaded-3.1.9.Final.jar:/home/runner/.m2/repository/org/glassfish/jersey/containers/jersey-container-servlet-core/2.41/jersey-container-servlet-core-2.41.jar:/home/runner/.m2/repository/org/glassfish/hk2/external/jakarta.inject/2.6.1/jakarta.inject-2.6.1.jar:/home/runner/.m2/repository/org/glassfish/jersey/core/jersey-common/2.41/jersey-common-2.41.jar:/home/runner/.m2/repository/jakarta/ws/rs/jakarta.ws.rs-api/2.1.6/jakarta.ws.rs-api-2.1.6.jar:/home/runner/.m2/repository/org/glassfish/jersey/ext/cdi/jersey-cdi1x/2.41/jersey-cdi1x-2.41.jar:/home/runner/.m2/repository/org/glassfish/jersey/inject/jersey-hk2/2.41/jersey-hk2-2.41.jar:/home/runner/.m2/repository/org/glassfish/hk2/hk2-locator/2.6.1/hk2-locator-2.6.1.jar:/home/runner/.m2/repository/org/glassfish/jersey/media/jersey-media-jaxb/2.41/jersey-media-jaxb-2.41.jar:/home/runner/.m2/repository/org/glassfish/hk2/osgi-resource-locator/1.0.3/osgi-resource-locator-1.0.3.jar:/home/runner/.m2/repository/org/glassfish/hk2/hk2-api/2.5.0/hk2-api-2.5.0.jar:/home/runner/.m2/repository/org/glassfish/hk2/hk2-utils/2.5.0/hk2-utils-2.5.0.jar:/home/runner/.m2/repository/org/glassfish/hk2/external/aopalliance-repackaged/2.5.0/aopalliance-repackaged-2.5.0.jar:/home/runner/.m2/repository/com/fasterxml/jackson/dataformat/jackson-dataformat-xml/2.13.4/jackson-dataformat-xml-2.13.4.jar:/home/runner/.m2/repository/org/codehaus/woodstox/stax2-api/4.2.1/stax2-api-4.2.1.jar:/home/runner/.m2/repository/com/fasterxml/woodstox/woodstox-core/5.4.0/woodstox-core-5.4.0.jar:/home/runner/.m2/repository/com/fasterxml/jackson/module/jackson-module-jaxb-annotations/2.13.4/jackson-module-jaxb-annotations-2.13.4.jar:/home/runner/.m2/repository/jakarta/xml/bind/jakarta.xml.bind-api/2.3.3/jakarta.xml.bind-api-2.3.3.jar:/home/runner/.m2/repository/jakarta/activation/jakarta.activation-api/1.2.2/jakarta.activation-api-1.2.2.jar:/home/runner/.m2/repository/javax/enterprise/cdi-api/2.0/cdi-api-2.0.jar:/home/runner/.m2/repository/javax/el/javax.el-api/3.0.0/javax.el-api-3.0.0.jar:/home/runner/.m2/repository/javax/interceptor/javax.interceptor-api/1.2/javax.interceptor-api-1.2.jar:/home/runner/.m2/repository/javax/inject/javax.inject/1/javax.inject-1.jar:/home/runner/.m2/repository/javax/xml/bind/jaxb-api/2.3.0/jaxb-api-2.3.0.jar:/home/runner/.m2/repository/org/glassfish/jaxb/jaxb-runtime/2.3.0.1/jaxb-runtime-2.3.0.1.jar:/home/runner/.m2/repository/org/glassfish/jaxb/jaxb-core/2.3.0.1/jaxb-core-2.3.0.1.jar:/home/runner/.m2/repository/org/glassfish/jaxb/txw2/2.3.0.1/txw2-2.3.0.1.jar:/home/runner/.m2/repository/com/sun/istack/istack-commons-runtime/3.0.5/istack-commons-runtime-3.0.5.jar:/home/runner/.m2/repository/org/jvnet/staxex/stax-ex/1.7.8/stax-ex-1.7.8.jar:/home/runner/.m2/repository/com/sun/xml/fastinfoset/FastInfoset/1.2.13/FastInfoset-1.2.13.jar:/home/runner/.m2/repository/javax/activation/activation/1.1.1/activation-1.1.1.jar:/home/runner/.m2/repository/io/grpc/grpc-protobuf/1.58.0/grpc-protobuf-1.58.0.jar:/home/runner/.m2/repository/com/google/api/grpc/proto-google-common-protos/2.22.0/proto-google-common-protos-2.22.0.jar:/home/runner/.m2/repository/io/grpc/grpc-protobuf-lite/1.58.0/grpc-protobuf-lite-1.58.0.jar:/home/runner/.m2/repository/io/grpc/grpc-stub/1.58.0/grpc-stub-1.58.0.jar:/home/runner/.m2/repository/io/netty/netty-transport/4.1.100.Final/netty-transport-4.1.100.Final.jar:/home/runner/.m2/repository/io/netty/netty-resolver/4.1.100.Final/netty-resolver-4.1.100.Final.jar:/home/runner/.m2/repository/org/apache/ozone/ozone-csi/1.4.0-SNAPSHOT/ozone-csi-1.4.0-SNAPSHOT.jar:/home/runner/.m2/repository/com/google/protobuf/protobuf-java-util/3.19.6/protobuf-java-util-3.19.6.jar:/home/runner/.m2/repository/com/google/code/gson/gson/2.9.0/gson-2.9.0.jar:/home/runner/.m2/repository/org/apache/ozone/hdds-config/1.4.0-SNAPSHOT/hdds-config-1.4.0-SNAPSHOT.jar:/home/runner/.m2/repository/io/netty/netty-transport-native-epoll/4.1.100.Final/netty-transport-native-epoll-4.1.100.Final-linux-x86_64.jar:/home/runner/.m2/repository/io/netty/netty-transport-classes-epoll/4.1.100.Final/netty-transport-classes-epoll-4.1.100.Final.jar:/home/runner/.m2/repository/io/netty/netty-transport-native-unix-common/4.1.100.Final/netty-transport-native-unix-common-4.1.100.Final.jar:/home/runner/.m2/repository/org/apache/ozone/ozone-recon/1.4.0-SNAPSHOT/ozone-recon-1.4.0-SNAPSHOT.jar:/home/runner/.m2/repository/org/apache/ozone/ozone-reconcodegen/1.4.0-SNAPSHOT/ozone-reconcodegen-1.4.0-SNAPSHOT.jar:/home/runner/.m2/repository/com/google/inject/guice/5.1.0/guice-5.1.0.jar:/home/runner/.m2/repository/aopalliance/aopalliance/1.0/aopalliance-1.0.jar:/home/runner/.m2/repository/com/google/inject/extensions/guice-assistedinject/5.1.0/guice-assistedinject-5.1.0.jar:/home/runner/.m2/repository/com/google/inject/extensions/guice-servlet/5.1.0/guice-servlet-5.1.0.jar:/home/runner/.m2/repository/org/glassfish/jersey/containers/jersey-container-servlet/2.41/jersey-container-servlet-2.41.jar:/home/runner/.m2/repository/org/glassfish/hk2/guice-bridge/2.5.0/guice-bridge-2.5.0.jar:/home/runner/.m2/repository/org/glassfish/jersey/core/jersey-server/2.41/jersey-server-2.41.jar:/home/runner/.m2/repository/org/glassfish/jersey/core/jersey-client/2.41/jersey-client-2.41.jar:/home/runner/.m2/repository/jakarta/annotation/jakarta.annotation-api/1.3.5/jakarta.annotation-api-1.3.5.jar:/home/runner/.m2/repository/jakarta/validation/jakarta.validation-api/2.0.2/jakarta.validation-api-2.0.2.jar:/home/runner/.m2/repository/org/glassfish/jersey/media/jersey-media-json-jackson/2.41/jersey-media-json-jackson-2.41.jar:/home/runner/.m2/repository/org/glassfish/jersey/ext/jersey-entity-filtering/2.41/jersey-entity-filtering-2.41.jar:/home/runner/.m2/repository/org/jooq/jooq/3.11.10/jooq-3.11.10.jar:/home/runner/.m2/repository/org/jooq/jooq-meta/3.11.10/jooq-meta-3.11.10.jar:/home/runner/.m2/repository/org/jooq/jooq-codegen/3.11.10/jooq-codegen-3.11.10.jar:/home/runner/.m2/repository/com/jolbox/bonecp/0.8.0.RELEASE/bonecp-0.8.0.RELEASE.jar:/home/runner/.m2/repository/org/apache/derby/derby/10.14.2.0/derby-10.14.2.0.jar:/home/runner/.m2/repository/org/xerial/sqlite-jdbc/3.41.2.2/sqlite-jdbc-3.41.2.2.jar:/home/runner/.m2/repository/org/springframework/spring-jdbc/5.3.27/spring-jdbc-5.3.27.jar:/home/runner/.m2/repository/org/springframework/spring-beans/5.3.27/spring-beans-5.3.27.jar:/home/runner/.m2/repository/org/springframework/spring-core/5.3.27/spring-core-5.3.27.jar:/home/runner/.m2/repository/org/springframework/spring-tx/5.3.27/spring-tx-5.3.27.jar:/home/runner/.m2/repository/org/apache/ozone/ozone-client/1.4.0-SNAPSHOT/ozone-client-1.4.0-SNAPSHOT.jar:/home/runner/.m2/repository/org/apache/ozone/hdds-erasurecode/1.4.0-SNAPSHOT/hdds-erasurecode-1.4.0-SNAPSHOT.jar:/home/runner/.m2/repository/org/apache/ozone/ozone-filesystem/1.4.0-SNAPSHOT/ozone-filesystem-1.4.0-SNAPSHOT.jar:/home/runner/.m2/repository/org/apache/ozone/ozone-filesystem-common/1.4.0-SNAPSHOT/ozone-filesystem-common-1.4.0-SNAPSHOT.jar:/home/runner/.m2/repository/org/apache/ozone/ozone-tools/1.4.0-SNAPSHOT/ozone-tools-1.4.0-SNAPSHOT.jar:/home/runner/.m2/repository/com/amazonaws/aws-java-sdk-core/1.12.261/aws-java-sdk-core-1.12.261.jar:/home/runner/.m2/repository/org/apache/httpcomponents/httpclient/4.5.13/httpclient-4.5.13.jar:/home/runner/.m2/repository/org/apache/httpcomponents/httpcore/4.4.16/httpcore-4.4.16.jar:/home/runner/.m2/repository/software/amazon/ion/ion-java/1.0.2/ion-java-1.0.2.jar:/home/runner/.m2/repository/com/fasterxml/jackson/dataformat/jackson-dataformat-cbor/2.13.4/jackson-dataformat-cbor-2.13.4.jar:/home/runner/.m2/repository/joda-time/joda-time/2.12.5/joda-time-2.12.5.jar:/home/runner/.m2/repository/com/amazonaws/aws-java-sdk-s3/1.12.261/aws-java-sdk-s3-1.12.261.jar:/home/runner/.m2/repository/com/amazonaws/aws-java-sdk-kms/1.12.261/aws-java-sdk-kms-1.12.261.jar:/home/runner/.m2/repository/com/amazonaws/jmespath-java/1.12.261/jmespath-java-1.12.261.jar:/home/runner/.m2/repository/org/kohsuke/metainf-services/metainf-services/1.8/metainf-services-1.8.jar:/home/runner/.m2/repository/org/apache/ozone/hdds-tools/1.4.0-SNAPSHOT/hdds-tools-1.4.0-SNAPSHOT.jar:/home/runner/.m2/repository/org/apache/ratis/ratis-tools/3.0.0/ratis-tools-3.0.0.jar:/home/runner/.m2/repository/commons-cli/commons-cli/1.6.0/commons-cli-1.6.0.jar:/home/runner/.m2/repository/org/apache/commons/commons-lang3/3.7/commons-lang3-3.7.jar:/home/runner/.m2/repository/org/apache/ozone/ozone-manager/1.4.0-SNAPSHOT/ozone-manager-1.4.0-SNAPSHOT-tests.jar:/home/runner/.m2/repository/org/apache/ozone/hdds-common/1.4.0-SNAPSHOT/hdds-common-1.4.0-SNAPSHOT-tests.jar:/home/runner/.m2/repository/org/apache/ozone/hdds-hadoop-dependency-client/1.4.0-SNAPSHOT/hdds-hadoop-dependency-client-1.4.0-SNAPSHOT.jar:/home/runner/.m2/repository/info/picocli/picocli/4.7.5/picocli-4.7.5.jar:/home/runner/.m2/repository/com/fasterxml/jackson/core/jackson-annotations/2.13.4/jackson-annotations-2.13.4.jar:/home/runner/.m2/repository/org/apache/ozone/hdds-annotation-processing/1.4.0-SNAPSHOT/hdds-annotation-processing-1.4.0-SNAPSHOT.jar:/home/runner/.m2/repository/javax/annotation/javax.annotation-api/1.2/javax.annotation-api-1.2.jar:/home/runner/.m2/repository/org/apache/ratis/ratis-netty/3.0.0/ratis-netty-3.0.0.jar:/home/runner/.m2/repository/org/apache/ratis/ratis-grpc/3.0.0/ratis-grpc-3.0.0.jar:/home/runner/.m2/repository/org/apache/commons/commons-pool2/2.6.0/commons-pool2-2.6.0.jar:/home/runner/.m2/repository/org/bouncycastle/bcpkix-jdk15on/1.67/bcpkix-jdk15on-1.67.jar:/home/runner/.m2/repository/commons-validator/commons-validator/1.6/commons-validator-1.6.jar:/home/runner/.m2/repository/commons-beanutils/commons-beanutils/1.9.4/commons-beanutils-1.9.4.jar:/home/runner/.m2/repository/commons-digester/commons-digester/1.8.1/commons-digester-1.8.1.jar:/home/runner/.m2/repository/commons-collections/commons-collections/3.2.2/commons-collections-3.2.2.jar:/home/runner/.m2/repository/io/jaegertracing/jaeger-client/1.6.0/jaeger-client-1.6.0.jar:/home/runner/.m2/repository/io/jaegertracing/jaeger-thrift/1.6.0/jaeger-thrift-1.6.0.jar:/home/runner/.m2/repository/org/apache/thrift/libthrift/0.14.1/libthrift-0.14.1.jar:/home/runner/.m2/repository/io/jaegertracing/jaeger-core/1.6.0/jaeger-core-1.6.0.jar:/home/runner/.m2/repository/io/jaegertracing/jaeger-tracerresolver/1.6.0/jaeger-tracerresolver-1.6.0.jar:/home/runner/.m2/repository/io/opentracing/contrib/opentracing-tracerresolver/0.1.8/opentracing-tracerresolver-0.1.8.jar:/home/runner/.m2/repository/org/jetbrains/kotlin/kotlin-stdlib/1.6.21/kotlin-stdlib-1.6.21.jar:/home/runner/.m2/repository/org/jetbrains/annotations/13.0/annotations-13.0.jar:/home/runner/.m2/repository/io/opentracing/opentracing-util/0.33.0/opentracing-util-0.33.0.jar:/home/runner/.m2/repository/io/opentracing/opentracing-api/0.33.0/opentracing-api-0.33.0.jar:/home/runner/.m2/repository/io/opentracing/opentracing-noop/0.33.0/opentracing-noop-0.33.0.jar:/home/runner/.m2/repository/org/yaml/snakeyaml/2.0/snakeyaml-2.0.jar:/home/runner/.m2/repository/io/grpc/grpc-api/1.58.0/grpc-api-1.58.0.jar:/home/runner/.m2/repository/com/fasterxml/uuid/java-uuid-generator/4.3.0/java-uuid-generator-4.3.0.jar:/home/runner/.m2/repository/junit/junit/4.13.1/junit-4.13.1.jar:/home/runner/.m2/repository/org/hamcrest/hamcrest-core/1.3/hamcrest-core-1.3.jar:/home/runner/.m2/repository/org/junit/jupiter/junit-jupiter-api/5.8.2/junit-jupiter-api-5.8.2.jar:/home/runner/.m2/repository/org/opentest4j/opentest4j/1.2.0/opentest4j-1.2.0.jar:/home/runner/.m2/repository/org/junit/platform/junit-platform-commons/1.8.2/junit-platform-commons-1.8.2.jar:/home/runner/.m2/repository/org/apiguardian/apiguardian-api/1.1.2/apiguardian-api-1.1.2.jar:/home/runner/.m2/repository/org/junit/jupiter/junit-jupiter-params/5.8.2/junit-jupiter-params-5.8.2.jar:/home/runner/.m2/repository/org/junit/jupiter/junit-jupiter-migrationsupport/5.8.2/junit-jupiter-migrationsupport-5.8.2.jar:/home/runner/.m2/repository/org/junit/jupiter/junit-jupiter-engine/5.8.2/junit-jupiter-engine-5.8.2.jar:/home/runner/.m2/repository/org/junit/platform/junit-platform-engine/1.8.2/junit-platform-engine-1.8.2.jar:/home/runner/.m2/repository/org/junit/vintage/junit-vintage-engine/5.8.2/junit-vintage-engine-5.8.2.jar:/home/runner/.m2/repository/org/junit/platform/junit-platform-launcher/1.8.2/junit-platform-launcher-1.8.2.jar:/home/runner/.m2/repository/org/mockito/mockito-core/3.5.9/mockito-core-3.5.9.jar:/home/runner/.m2/repository/net/bytebuddy/byte-buddy/1.10.13/byte-buddy-1.10.13.jar:/home/runner/.m2/repository/net/bytebuddy/byte-buddy-agent/1.10.13/byte-buddy-agent-1.10.13.jar:/home/runner/.m2/repository/org/objenesis/objenesis/1.0/objenesis-1.0.jar:/home/runner/.m2/repository/org/apache/hadoop/hadoop-kms/3.3.6/hadoop-kms-3.3.6.jar:/home/runner/.m2/repository/org/apache/hadoop/hadoop-auth/3.3.6/hadoop-auth-3.3.6.jar:/home/runner/.m2/repository/com/nimbusds/nimbus-jose-jwt/9.8.1/nimbus-jose-jwt-9.8.1.jar:/home/runner/.m2/repository/com/github/stephenc/jcip/jcip-annotations/1.0-1/jcip-annotations-1.0-1.jar:/home/runner/.m2/repository/org/apache/zookeeper/zookeeper/3.7.2/zookeeper-3.7.2.jar:/home/runner/.m2/repository/org/apache/zookeeper/zookeeper-jute/3.7.2/zookeeper-jute-3.7.2.jar:/home/runner/.m2/repository/org/apache/yetus/audience-annotations/0.12.0/audience-annotations-0.12.0.jar:/home/runner/.m2/repository/org/apache/curator/curator-framework/4.2.0/curator-framework-4.2.0.jar:/home/runner/.m2/repository/org/apache/hadoop/thirdparty/hadoop-shaded-guava/1.1.1/hadoop-shaded-guava-1.1.1.jar:/home/runner/.m2/repository/com/sun/jersey/jersey-core/1.19.4/jersey-core-1.19.4.jar:/home/runner/.m2/repository/javax/ws/rs/jsr311-api/1.1.1/jsr311-api-1.1.1.jar:/home/runner/.m2/repository/com/sun/jersey/jersey-server/1.19.4/jersey-server-1.19.4.jar:/home/runner/.m2/repository/javax/servlet/javax.servlet-api/3.1.0/javax.servlet-api-3.1.0.jar:/home/runner/.m2/repository/org/apache/hadoop/hadoop-common/3.3.6/hadoop-common-3.3.6.jar:/home/runner/.m2/repository/org/apache/commons/commons-math3/3.1.1/commons-math3-3.1.1.jar:/home/runner/.m2/repository/commons-net/commons-net/3.9.0/commons-net-3.9.0.jar:/home/runner/.m2/repository/com/sun/jersey/jersey-servlet/1.19.4/jersey-servlet-1.19.4.jar:/home/runner/.m2/repository/com/github/pjfanning/jersey-json/1.20/jersey-json-1.20.jar:/home/runner/.m2/repository/org/codehaus/jettison/jettison/1.1/jettison-1.1.jar:/home/runner/.m2/repository/com/sun/xml/bind/jaxb-impl/2.2.3-1/jaxb-impl-2.2.3-1.jar:/home/runner/.m2/repository/com/google/re2j/re2j/1.1/re2j-1.1.jar:/home/runner/.m2/repository/com/jcraft/jsch/0.1.54/jsch-0.1.54.jar:/home/runner/.m2/repository/org/apache/curator/curator-client/4.2.0/curator-client-4.2.0.jar:/home/runner/.m2/repository/org/apache/curator/curator-recipes/5.2.0/curator-recipes-5.2.0.jar:/home/runner/.m2/repository/org/apache/kerby/kerb-core/1.0.1/kerb-core-1.0.1.jar:/home/runner/.m2/repository/org/apache/kerby/kerby-pkix/1.0.1/kerby-pkix-1.0.1.jar:/home/runner/.m2/repository/org/apache/kerby/kerby-asn1/1.0.1/kerby-asn1-1.0.1.jar:/home/runner/.m2/repository/org/apache/kerby/kerby-util/1.0.1/kerby-util-1.0.1.jar:/home/runner/.m2/repository/dnsjava/dnsjava/2.1.7/dnsjava-2.1.7.jar:/home/runner/.m2/repository/org/xerial/snappy/snappy-java/1.1.8.2/snappy-java-1.1.8.2.jar:/home/runner/.m2/repository/com/fasterxml/jackson/core/jackson-databind/2.13.4.2/jackson-databind-2.13.4.2.jar:/home/runner/.m2/repository/org/apache/hadoop/hadoop-kms/3.3.6/hadoop-kms-3.3.6-tests.jar:/home/runner/.m2/repository/org/apache/ozone/hdds-server-scm/1.4.0-SNAPSHOT/hdds-server-scm-1.4.0-SNAPSHOT-tests.jar:/home/runner/.m2/repository/org/apache/ozone/hdds-container-service/1.4.0-SNAPSHOT/hdds-container-service-1.4.0-SNAPSHOT-tests.jar:/home/runner/.m2/repository/com/github/luben/zstd-jni/1.5.2-5/zstd-jni-1.5.2-5.jar:/home/runner/.m2/repository/commons-codec/commons-codec/1.15/commons-codec-1.15.jar:/home/runner/.m2/repository/io/netty/netty-codec/4.1.100.Final/netty-codec-4.1.100.Final.jar:/home/runner/.m2/repository/io/netty/netty-handler/4.1.100.Final/netty-handler-4.1.100.Final.jar:/home/runner/.m2/repository/org/apache/ozone/hdds-hadoop-dependency-test/1.4.0-SNAPSHOT/hdds-hadoop-dependency-test-1.4.0-SNAPSHOT.jar:/home/runner/.m2/repository/org/apache/hadoop/hadoop-common/3.3.6/hadoop-common-3.3.6-tests.jar:/home/runner/.m2/repository/org/apache/hadoop/hadoop-hdfs/3.3.6/hadoop-hdfs-3.3.6-tests.jar:/home/runner/.m2/repository/org/assertj/assertj-core/3.12.2/assertj-core-3.12.2.jar:/home/runner/.m2/repository/org/apache/hadoop/hadoop-distcp/3.3.6/hadoop-distcp-3.3.6.jar:/home/runner/.m2/repository/org/apache/hadoop/hadoop-mapreduce-client-jobclient/3.3.6/hadoop-mapreduce-client-jobclient-3.3.6.jar:/home/runner/.m2/repository/org/apache/hadoop/hadoop-mapreduce-client-common/3.3.6/hadoop-mapreduce-client-common-3.3.6.jar:/home/runner/.m2/repository/org/apache/hadoop/hadoop-yarn-common/3.3.6/hadoop-yarn-common-3.3.6.jar:/home/runner/.m2/repository/org/apache/hadoop/hadoop-yarn-api/3.3.6/hadoop-yarn-api-3.3.6.jar:/home/runner/.m2/repository/com/sun/jersey/contribs/jersey-guice/1.19.4/jersey-guice-1.19.4.jar:/home/runner/.m2/repository/com/fasterxml/jackson/jaxrs/jackson-jaxrs-json-provider/2.13.4/jackson-jaxrs-json-provider-2.13.4.jar:/home/runner/.m2/repository/com/fasterxml/jackson/jaxrs/jackson-jaxrs-base/2.13.4/jackson-jaxrs-base-2.13.4.jar:/home/runner/.m2/repository/org/apache/hadoop/hadoop-yarn-client/3.3.6/hadoop-yarn-client-3.3.6.jar:/home/runner/.m2/repository/org/eclipse/jetty/websocket/websocket-client/9.4.51.v20230217/websocket-client-9.4.51.v20230217.jar:/home/runner/.m2/repository/org/eclipse/jetty/websocket/websocket-common/9.4.51.v20230217/websocket-common-9.4.51.v20230217.jar:/home/runner/.m2/repository/org/eclipse/jetty/websocket/websocket-api/9.4.51.v20230217/websocket-api-9.4.51.v20230217.jar:/home/runner/.m2/repository/org/jline/jline/3.9.0/jline-3.9.0.jar:/home/runner/.m2/repository/org/apache/hadoop/hadoop-mapreduce-client-core/3.3.6/hadoop-mapreduce-client-core-3.3.6.jar:/home/runner/.m2/repository/org/apache/avro/avro/1.7.7/avro-1.7.7.jar:/home/runner/.m2/repository/com/thoughtworks/paranamer/paranamer/2.3/paranamer-2.3.jar:/home/runner/.m2/repository/org/apache/hadoop/hadoop-annotations/3.3.6/hadoop-annotations-3.3.6.jar:/usr/lib/jvm/temurin-8-jdk-amd64/jre/../lib/tools.jar:/home/runner/.m2/repository/io/netty/netty/3.10.6.Final/netty-3.10.6.Final.jar:/home/runner/.m2/repository/org/apache/hadoop/hadoop-distcp/3.3.6/hadoop-distcp-3.3.6-tests.jar:/home/runner/.m2/repository/org/slf4j/jul-to-slf4j/1.7.36/jul-to-slf4j-1.7.36.jar:/home/runner/work/ozone/ozone/hadoop-ozone/integration-test/target/gradle-enterprise/test-listeners.jar:"/>
    <property name="sun.cpu.endian" value="little"/>
    <property name="user.home" value="/home/runner"/>
    <property name="user.language" value="en"/>
    <property name="java.specification.vendor" value="Oracle Corporation"/>
    <property name="java.home" value="/usr/lib/jvm/temurin-8-jdk-amd64/jre"/>
    <property name="java.security.krb5.conf" value="/home/runner/work/ozone/ozone/hadoop-ozone/integration-test/target/test-classes/krb5.conf"/>
    <property name="file.separator" value="/"/>
    <property name="basedir" value="/home/runner/work/ozone/ozone/hadoop-ozone/integration-test"/>
    <property name="line.separator" value="&#10;"/>
    <property name="java.vm.specification.vendor" value="Oracle Corporation"/>
    <property name="java.specification.name" value="Java Platform API Specification"/>
    <property name="skip.installnpx" value="true"/>
    <property name="java.awt.graphicsenv" value="sun.awt.X11GraphicsEnvironment"/>
    <property name="surefire.real.class.path" value="/home/runner/work/ozone/ozone/hadoop-ozone/integration-test/target/surefire/surefirebooter-20231205100335276_11.jar:/home/runner/.m2/repository/org/jacoco/org.jacoco.agent/0.8.5/org.jacoco.agent-0.8.5-runtime.jar"/>
    <property name="sun.boot.class.path" value="/usr/lib/jvm/temurin-8-jdk-amd64/jre/lib/resources.jar:/usr/lib/jvm/temurin-8-jdk-amd64/jre/lib/rt.jar:/usr/lib/jvm/temurin-8-jdk-amd64/jre/lib/sunrsasign.jar:/usr/lib/jvm/temurin-8-jdk-amd64/jre/lib/jsse.jar:/usr/lib/jvm/temurin-8-jdk-amd64/jre/lib/jce.jar:/usr/lib/jvm/temurin-8-jdk-amd64/jre/lib/charsets.jar:/usr/lib/jvm/temurin-8-jdk-amd64/jre/lib/jfr.jar:/usr/lib/jvm/temurin-8-jdk-amd64/jre/classes"/>
    <property name="hadoop.log.dir" value="/home/runner/work/ozone/ozone/hadoop-ozone/integration-test/target/log"/>
    <property name="sun.management.compiler" value="HotSpot 64-Bit Tiered Compilers"/>
    <property name="java.runtime.version" value="1.8.0_392-b08"/>
    <property name="skip.npx" value="true"/>
    <property name="user.name" value="runner"/>
    <property name="java.net.preferIPv4Stack" value="true"/>
    <property name="path.separator" value=":"/>
    <property name="java.security.egd" value="file:///dev/urandom"/>
    <property name="os.version" value="5.15.0-1051-azure"/>
    <property name="java.endorsed.dirs" value="/usr/lib/jvm/temurin-8-jdk-amd64/jre/lib/endorsed"/>
    <property name="java.runtime.name" value="OpenJDK Runtime Environment"/>
    <property name="com.gradle.maven.scan.extension.test.listener.junitplatform.NestedExecutionSafeDelegatingTestExecutionListener" value="37f1104d"/>
    <property name="file.encoding" value="UTF-8"/>
    <property name="java.vm.name" value="OpenJDK 64-Bit Server VM"/>
    <property name="test.build.webapps" value=""/>
    <property name="localRepository" value="/home/runner/.m2/repository"/>
    <property name="gradle.enterprise.listener.port" value="40171"/>
    <property name="jetty.git.hash" value="27bde00a0b95a1d5bbee0eae7984f891d2d0f8c9"/>
    <property name="java.vendor.url.bug" value="https://github.com/adoptium/adoptium-support/issues"/>
    <property name="require.test.libhadoop" value=""/>
    <property name="java.io.tmpdir" value="/tmp"/>
    <property name="java.version" value="1.8.0_392"/>
    <property name="user.dir" value="/home/runner/work/ozone/ozone/hadoop-ozone/integration-test"/>
    <property name="os.arch" value="amd64"/>
    <property name="test.build.classes" value="/home/runner/work/ozone/ozone/hadoop-ozone/integration-test/target/test-classes"/>
    <property name="java.vm.specification.name" value="Java Virtual Machine Specification"/>
    <property name="java.awt.printerjob" value="sun.print.PSPrinterJob"/>
    <property name="sun.os.patch.level" value="unknown"/>
    <property name="org.apache.ratis.thirdparty.io.netty.allocator.useCacheForAllThreads" value="false"/>
    <property name="hadoop.tmp.dir" value="/home/runner/work/ozone/ozone/hadoop-ozone/integration-test/target/tmp"/>
    <property name="java.library.path" value="/usr/java/packages/lib/amd64:/usr/lib64:/lib64:/lib:/usr/lib"/>
    <property name="java.vendor" value="Temurin"/>
    <property name="java.vm.info" value="mixed mode"/>
    <property name="java.vm.version" value="25.392-b08"/>
    <property name="java.specification.maintenance.version" value="5"/>
    <property name="sun.io.unicode.encoding" value="UnicodeLittle"/>
    <property name="java.ext.dirs" value="/usr/lib/jvm/temurin-8-jdk-amd64/jre/lib/ext:/usr/java/packages/lib/ext"/>
    <property name="java.class.version" value="52.0"/>
  </properties>
  <testcase name="testGetMatchingContainer" classname="org.apache.hadoop.hdds.scm.container.TestContainerStateManagerIntegration" time="21.748">
    <system-out><![CDATA[2023-12-05 10:04:20,558 [main] WARN  server.ServerUtils (ServerUtils.java:getScmDbDir(155)) - ozone.scm.db.dirs is not configured. We recommend adding this setting. Falling back to ozone.metadata.dirs instead.
2023-12-05 10:04:20,719 [main] INFO  reflections.Reflections (Reflections.java:scan(232)) - Reflections took 115 ms to scan 7 urls, producing 163 keys and 389 values 
2023-12-05 10:04:20,820 [main] WARN  server.ServerUtils (ServerUtils.java:getScmDbDir(155)) - ozone.scm.db.dirs is not configured. We recommend adding this setting. Falling back to ozone.metadata.dirs instead.
2023-12-05 10:04:20,823 [main] INFO  ha.SCMHANodeDetails (SCMHANodeDetails.java:loadSCMHAConfig(210)) - ServiceID for StorageContainerManager is null
2023-12-05 10:04:20,830 [main] WARN  ha.SCMHANodeDetails (SCMHANodeDetails.java:validateSCMHAConfig(183)) - Invalid config ozone.scm.ratis.enable. The config was not specified, but the default value true conflicts with the expected config value false. Falling back to the expected value. Current State of SCM: SCM is running in Non-HA without Ratis Ratis SCM -> Non Ratis SCM or Non HA SCM -> HA SCM is not supported
2023-12-05 10:04:20,830 [main] INFO  ha.SCMHANodeDetails (SCMHANodeDetails.java:loadSCMHAConfig(215)) - ozone.scm.default.service.id is not defined, falling back to ozone.scm.service.ids to find serviceID for StorageContainerManager if it is HA enabled cluster
2023-12-05 10:04:21,319 [main] WARN  utils.HAUtils (HAUtils.java:getMetaDir(339)) - ozone.scm.db.dirs is not configured. We recommend adding this setting. Falling back to ozone.metadata.dirs instead.
2023-12-05 10:04:21,431 [main] WARN  db.DBStoreBuilder (DBStoreBuilder.java:applyDBDefinition(167)) - ozone.scm.db.dirs is not configured. We recommend adding this setting. Falling back to ozone.metadata.dirs instead.
2023-12-05 10:04:21,619 [main] INFO  net.NodeSchemaLoader (NodeSchemaLoader.java:loadSchemaFromFile(129)) - Loading schema from [jar:file:/home/runner/.m2/repository/org/apache/ozone/hdds-common/1.4.0-SNAPSHOT/hdds-common-1.4.0-SNAPSHOT.jar!/network-topology-default.xml]
2023-12-05 10:04:21,621 [main] INFO  net.NodeSchemaLoader (NodeSchemaLoader.java:loadSchema(176)) - Loading network topology layer schema file
2023-12-05 10:04:21,654 [main] INFO  metrics.MetricRegistries (MetricRegistriesLoader.java:load(64)) - Loaded MetricRegistries class org.apache.ratis.metrics.dropwizard3.Dm3MetricRegistriesImpl
2023-12-05 10:04:21,665 [main] INFO  upgrade.AbstractLayoutVersionManager (AbstractLayoutVersionManager.java:init(83)) - Initializing Layout version manager with metadata layout = HADOOP_PRC_PORTS_IN_DATANODEDETAILS (version = 7), software layout = HADOOP_PRC_PORTS_IN_DATANODEDETAILS (version = 7)
2023-12-05 10:04:21,813 [main] INFO  ha.SequenceIdGenerator (SequenceIdGenerator.java:upgradeToSequenceId(370)) - upgrade localId to 111677748019200000
2023-12-05 10:04:21,815 [main] INFO  ha.SequenceIdGenerator (SequenceIdGenerator.java:upgradeToSequenceId(380)) - upgrade delTxnId to 0
2023-12-05 10:04:21,821 [main] INFO  ha.SequenceIdGenerator (SequenceIdGenerator.java:upgradeToSequenceId(397)) - upgrade containerId to 0
2023-12-05 10:04:21,824 [main] INFO  ha.SequenceIdGenerator (SequenceIdGenerator.java:upgradeToCertificateSequenceId(444)) - upgrade CertificateId to 2
2023-12-05 10:04:21,826 [main] INFO  ha.SequenceIdGenerator (SequenceIdGenerator.java:<init>(241)) - Init the HA SequenceIdGenerator.
2023-12-05 10:04:21,865 [main] WARN  server.ServerUtils (ServerUtils.java:sanitizeUserArgs(80)) - ozone.scm.stale.node.interval value = 300000 is larger than max = 100000 based on the key value of ozone.scm.heartbeat.thread.interval, reset to the max value 100000.
2023-12-05 10:04:21,866 [main] WARN  server.ServerUtils (ServerUtils.java:sanitizeUserArgs(80)) - ozone.scm.stale.node.interval value = 300000 is larger than max = 100000 based on the key value of ozone.scm.heartbeat.thread.interval, reset to the max value 100000.
2023-12-05 10:04:21,871 [main] INFO  node.SCMNodeManager (SCMNodeManager.java:<init>(168)) - Entering startup safe mode.
2023-12-05 10:04:21,883 [main] INFO  algorithms.ContainerPlacementPolicyFactory (ContainerPlacementPolicyFactory.java:getPolicyInternal(86)) - Create container placement policy of type org.apache.hadoop.hdds.scm.container.placement.algorithms.SCMContainerPlacementRackAware
2023-12-05 10:04:21,886 [main] INFO  algorithms.ContainerPlacementPolicyFactory (ContainerPlacementPolicyFactory.java:getPolicyInternal(86)) - Create container placement policy of type org.apache.hadoop.hdds.scm.container.placement.algorithms.SCMContainerPlacementRackScatter
2023-12-05 10:04:21,894 [main] INFO  pipeline.PipelineStateManagerImpl (PipelineStateManagerImpl.java:initialize(78)) - No pipeline exists in current db
2023-12-05 10:04:21,904 [main] INFO  algorithms.LeaderChoosePolicyFactory (LeaderChoosePolicyFactory.java:getPolicy(57)) - Create leader choose policy of type org.apache.hadoop.hdds.scm.pipeline.leader.choose.algorithms.MinLeaderCountChoosePolicy
2023-12-05 10:04:21,905 [main] INFO  algorithms.ContainerPlacementPolicyFactory (ContainerPlacementPolicyFactory.java:getPolicyInternal(86)) - Create container placement policy of type org.apache.hadoop.hdds.scm.container.placement.algorithms.SCMContainerPlacementRackScatter
2023-12-05 10:04:21,910 [main] INFO  ha.SCMServiceManager (SCMServiceManager.java:register(42)) - Registering service BackgroundPipelineCreator.
2023-12-05 10:04:21,910 [main] INFO  pipeline.BackgroundPipelineCreator (BackgroundPipelineCreator.java:start(127)) - Starting RatisPipelineUtilsThread.
2023-12-05 10:04:21,913 [main] INFO  BackgroundPipelineScrubber (BackgroundSCMService.java:start(68)) - Starting BackgroundPipelineScrubber Service.
2023-12-05 10:04:21,917 [main] INFO  ha.SCMServiceManager (SCMServiceManager.java:register(42)) - Registering service BackgroundPipelineScrubber.
2023-12-05 10:04:21,924 [main] INFO  ExpiredContainerReplicaOpScrubber (BackgroundSCMService.java:start(68)) - Starting ExpiredContainerReplicaOpScrubber Service.
2023-12-05 10:04:21,925 [main] INFO  ha.SCMServiceManager (SCMServiceManager.java:register(42)) - Registering service ExpiredContainerReplicaOpScrubber.
2023-12-05 10:04:21,949 [main] INFO  algorithms.PipelineChoosePolicyFactory (PipelineChoosePolicyFactory.java:createPipelineChoosePolicyFromClass(78)) - Create pipeline choose policy of type org.apache.hadoop.hdds.scm.pipeline.choose.algorithms.RandomPipelineChoosePolicy
2023-12-05 10:04:21,950 [main] INFO  algorithms.PipelineChoosePolicyFactory (PipelineChoosePolicyFactory.java:createPipelineChoosePolicyFromClass(78)) - Create pipeline choose policy of type org.apache.hadoop.hdds.scm.pipeline.choose.algorithms.RandomPipelineChoosePolicy
2023-12-05 10:04:21,971 [main] INFO  ha.SCMServiceManager (SCMServiceManager.java:register(42)) - Registering service SCMBlockDeletingService.
2023-12-05 10:04:22,023 [main] INFO  replication.ReplicationManager (ReplicationManager.java:start(292)) - Starting Replication Monitor Thread.
2023-12-05 10:04:22,028 [main] INFO  ha.SCMServiceManager (SCMServiceManager.java:register(42)) - Registering service ReplicationManager.
2023-12-05 10:04:22,029 [ReplicationMonitor] INFO  replication.ReplicationManager (ReplicationManager.java:processAll(367)) - Replication Manager is not ready to run until 3000ms after safemode exit
2023-12-05 10:04:22,037 [main] INFO  safemode.ContainerSafeModeRule (ContainerSafeModeRule.java:<init>(90)) - containers with one replica threshold count 0
2023-12-05 10:04:22,040 [main] INFO  safemode.HealthyPipelineSafeModeRule (HealthyPipelineSafeModeRule.java:initializeRule(169)) - Total pipeline count is 0, healthy pipeline threshold count is 1
2023-12-05 10:04:22,042 [main] INFO  safemode.OneReplicaPipelineSafeModeRule (OneReplicaPipelineSafeModeRule.java:initializeRule(180)) - Total pipeline count is 0, pipeline's with at least one datanode reported threshold count is 0
2023-12-05 10:04:22,076 [main] INFO  server.StorageContainerManager (StorageContainerManager.java:<init>(434)) - SCM start with adminUsers: [runner]
2023-12-05 10:04:22,356 [main] INFO  audit.AuditLogger (AuditLogger.java:refreshDebugCmdSet(130)) - Refresh DebugCmdSet for SCMAudit to [].
2023-12-05 10:04:22,383 [main] INFO  ipc.CallQueueManager (CallQueueManager.java:<init>(90)) - Using callQueue: class java.util.concurrent.LinkedBlockingQueue, queueCapacity: 2000, scheduler: class org.apache.hadoop.ipc.DefaultRpcScheduler, ipcBackoff: false.
2023-12-05 10:04:22,414 [main] INFO  ipc.Server (Server.java:<init>(1287)) - Listener at 0.0.0.0:15002
2023-12-05 10:04:22,416 [Socket Reader #1 for port 15002] INFO  ipc.Server (Server.java:run(1323)) - Starting Socket Reader #1 for port 15002
2023-12-05 10:04:22,471 [main] INFO  audit.AuditLogger (AuditLogger.java:refreshDebugCmdSet(130)) - Refresh DebugCmdSet for SCMAudit to [].
2023-12-05 10:04:22,476 [main] INFO  ipc.CallQueueManager (CallQueueManager.java:<init>(90)) - Using callQueue: class java.util.concurrent.LinkedBlockingQueue, queueCapacity: 2000, scheduler: class org.apache.hadoop.ipc.DefaultRpcScheduler, ipcBackoff: false.
2023-12-05 10:04:22,477 [main] INFO  ipc.Server (Server.java:<init>(1287)) - Listener at 0.0.0.0:15001
2023-12-05 10:04:22,479 [Socket Reader #1 for port 15001] INFO  ipc.Server (Server.java:run(1323)) - Starting Socket Reader #1 for port 15001
2023-12-05 10:04:22,511 [main] INFO  audit.AuditLogger (AuditLogger.java:refreshDebugCmdSet(130)) - Refresh DebugCmdSet for SCMAudit to [].
2023-12-05 10:04:22,523 [main] INFO  ipc.CallQueueManager (CallQueueManager.java:<init>(90)) - Using callQueue: class java.util.concurrent.LinkedBlockingQueue, queueCapacity: 2000, scheduler: class org.apache.hadoop.ipc.DefaultRpcScheduler, ipcBackoff: false.
2023-12-05 10:04:22,524 [main] INFO  ipc.Server (Server.java:<init>(1287)) - Listener at 0.0.0.0:15000
2023-12-05 10:04:22,525 [Socket Reader #1 for port 15000] INFO  ipc.Server (Server.java:run(1323)) - Starting Socket Reader #1 for port 15000
2023-12-05 10:04:22,574 [main] INFO  ha.SCMServiceManager (SCMServiceManager.java:register(42)) - Registering service ContainerBalancer.
2023-12-05 10:04:22,575 [main] INFO  server.StorageContainerManager (StorageContainerManager.java:<init>(447)) - 
Container Balancer status:
Key                            Value
Running                        false
Container Balancer Configuration values:
Key                                                Value
Threshold                                          10
Max Datanodes to Involve per Iteration(percent)    20
Max Size to Move per Iteration                     500GB
Max Size Entering Target per Iteration             26GB
Max Size Leaving Source per Iteration              26GB
Number of Iterations                               10
Time Limit for Single Container's Movement         65min
Time Limit for Single Container's Replication      50min
Interval between each Iteration                    70min
Whether to Enable Network Topology                 false
Whether to Trigger Refresh Datanode Usage Info     false
Container IDs to Exclude from Balancing            None
Datanodes Specified to be Balanced                 None
Datanodes Excluded from Balancing                  None

2023-12-05 10:04:22,576 [main] INFO  ha.SCMContext (SCMContext.java:updateSafeModeStatus(230)) - Update SafeModeStatus from SafeModeStatus{safeModeStatus=true, preCheckPassed=false} to SafeModeStatus{safeModeStatus=true, preCheckPassed=false}.
2023-12-05 10:04:22,579 [main] INFO  server.StorageContainerManager (StorageContainerManager.java:start(1512)) - StorageContainerLocationProtocol RPC server is listening at /0.0.0.0:15000
2023-12-05 10:04:22,647 [main] WARN  impl.MetricsConfig (MetricsConfig.java:loadFirst(136)) - Cannot locate configuration: tried hadoop-metrics2-storagecontainermanager.properties,hadoop-metrics2.properties
2023-12-05 10:04:22,659 [main] INFO  impl.MetricsSystemImpl (MetricsSystemImpl.java:startTimer(378)) - Scheduled Metric snapshot period at 10 second(s).
2023-12-05 10:04:22,660 [main] INFO  impl.MetricsSystemImpl (MetricsSystemImpl.java:start(191)) - StorageContainerManager metrics system started
2023-12-05 10:04:22,897 [main] INFO  server.SCMClientProtocolServer (SCMClientProtocolServer.java:start(201)) - RPC server for Client  is listening at /0.0.0.0:15000
2023-12-05 10:04:22,899 [IPC Server Responder] INFO  ipc.Server (Server.java:run(1562)) - IPC Server Responder: starting
2023-12-05 10:04:22,900 [IPC Server listener on 15000] INFO  ipc.Server (Server.java:run(1402)) - IPC Server listener on 15000: starting
2023-12-05 10:04:22,905 [main] INFO  server.StorageContainerManager (StorageContainerManager.java:start(1525)) - ScmBlockLocationProtocol RPC server is listening at /0.0.0.0:15001
2023-12-05 10:04:22,906 [main] INFO  server.SCMBlockProtocolServer (SCMBlockProtocolServer.java:start(158)) - RPC server for Block Protocol is listening at /0.0.0.0:15001
2023-12-05 10:04:22,906 [IPC Server Responder] INFO  ipc.Server (Server.java:run(1562)) - IPC Server Responder: starting
2023-12-05 10:04:22,907 [IPC Server listener on 15001] INFO  ipc.Server (Server.java:run(1402)) - IPC Server listener on 15001: starting
2023-12-05 10:04:22,911 [main] INFO  server.SCMDatanodeProtocolServer (SCMDatanodeProtocolServer.java:start(193)) - ScmDatanodeProtocol RPC server for DataNodes is listening at /0.0.0.0:15002
2023-12-05 10:04:22,913 [IPC Server Responder] INFO  ipc.Server (Server.java:run(1562)) - IPC Server Responder: starting
2023-12-05 10:04:22,913 [IPC Server listener on 15002] INFO  ipc.Server (Server.java:run(1402)) - IPC Server listener on 15002: starting
2023-12-05 10:04:22,938 [JvmPauseMonitor0] INFO  util.JvmPauseMonitor (JvmPauseMonitor.java:run(146)) - JvmPauseMonitor-5447276b-01e7-4e9d-ac81-e8b24d2601e8: Started
2023-12-05 10:04:22,947 [main] INFO  http.BaseHttpServer (BaseHttpServer.java:newHttpServer2BuilderForOzone(223)) - Starting Web-server for scm at: http://0.0.0.0:15003
2023-12-05 10:04:22,948 [main] INFO  http.BaseHttpServer (BaseHttpServer.java:<init>(110)) - Hadoop Security Enabled: false Ozone Security Enabled: false Ozone HTTP Security Enabled: false 
2023-12-05 10:04:22,972 [main] INFO  util.log (Log.java:initialized(170)) - Logging initialized @3636ms to org.eclipse.jetty.util.log.Slf4jLog
2023-12-05 10:04:23,048 [main] WARN  server.AuthenticationFilter (AuthenticationFilter.java:constructSecretProvider(240)) - Unable to initialize FileSignerSecretProvider, falling back to use random secrets. Reason: Could not read signature secret file: /home/runner/hadoop-http-auth-signature-secret
2023-12-05 10:04:23,053 [main] INFO  http.HttpRequestLog (HttpRequestLog.java:getRequestLog(86)) - Http request log for http.requests.scm is not defined
2023-12-05 10:04:23,058 [main] INFO  http.HttpServer2 (HttpServer2.java:addGlobalFilter(1031)) - Added global filter 'safety' (class=org.apache.hadoop.hdds.server.http.HttpServer2$QuotingInputFilter)
2023-12-05 10:04:23,060 [main] INFO  http.HttpServer2 (HttpServer2.java:addFilter(1007)) - Added filter static_user_filter (class=org.apache.hadoop.http.lib.StaticUserWebFilter$StaticUserFilter) to context scm
2023-12-05 10:04:23,060 [main] INFO  http.HttpServer2 (HttpServer2.java:addFilter(1015)) - Added filter static_user_filter (class=org.apache.hadoop.http.lib.StaticUserWebFilter$StaticUserFilter) to context logs
2023-12-05 10:04:23,060 [main] INFO  http.HttpServer2 (HttpServer2.java:addFilter(1015)) - Added filter static_user_filter (class=org.apache.hadoop.http.lib.StaticUserWebFilter$StaticUserFilter) to context static
2023-12-05 10:04:23,086 [main] INFO  http.BaseHttpServer (BaseHttpServer.java:<init>(189)) - HTTP server of scm uses base directory /home/runner/work/ozone/ozone/hadoop-ozone/integration-test/target/test-dir/MiniOzoneClusterImpl-95f495f0-a26d-4c31-bdf8-5147ef8c128c/ozone-meta/webserver
2023-12-05 10:04:23,087 [main] INFO  http.HttpServer2 (HttpServer2.java:bindListener(1231)) - Jetty bound to port 15003
2023-12-05 10:04:23,088 [main] INFO  server.Server (Server.java:doStart(375)) - jetty-9.4.53.v20231009; built: 2023-10-09T12:29:09.265Z; git: 27bde00a0b95a1d5bbee0eae7984f891d2d0f8c9; jvm 1.8.0_392-b08
2023-12-05 10:04:23,118 [main] INFO  server.session (DefaultSessionIdManager.java:doStart(334)) - DefaultSessionIdManager workerName=node0
2023-12-05 10:04:23,118 [main] INFO  server.session (DefaultSessionIdManager.java:doStart(339)) - No SessionScavenger set, using defaults
2023-12-05 10:04:23,119 [main] INFO  server.session (HouseKeeper.java:startScavenging(132)) - node0 Scavenging every 600000ms
2023-12-05 10:04:23,129 [main] INFO  handler.ContextHandler (ContextHandler.java:doStart(921)) - Started o.e.j.s.ServletContextHandler@a47a011{logs,/logs,file:///home/runner/work/ozone/ozone/hadoop-ozone/integration-test/target/log,AVAILABLE}
2023-12-05 10:04:23,130 [main] INFO  handler.ContextHandler (ContextHandler.java:doStart(921)) - Started o.e.j.s.ServletContextHandler@48463900{static,/static,file:///home/runner/work/ozone/ozone/hadoop-ozone/integration-test/target/test-classes/webapps/static,AVAILABLE}
2023-12-05 10:04:23,162 [main] INFO  handler.ContextHandler (ContextHandler.java:doStart(921)) - Started o.e.j.w.WebAppContext@5702e6f3{scm,/,file:///home/runner/work/ozone/ozone/hadoop-ozone/integration-test/target/test-classes/webapps/scm/,AVAILABLE}{file:/home/runner/work/ozone/ozone/hadoop-ozone/integration-test/target/test-classes/webapps/scm}
2023-12-05 10:04:23,167 [main] INFO  server.AbstractConnector (AbstractConnector.java:doStart(333)) - Started ServerConnector@4848681d{HTTP/1.1, (http/1.1)}{0.0.0.0:15003}
2023-12-05 10:04:23,167 [main] INFO  server.Server (Server.java:doStart(415)) - Started @3831ms
2023-12-05 10:04:23,169 [main] INFO  impl.MetricsSinkAdapter (MetricsSinkAdapter.java:start(204)) - Sink prometheus started
2023-12-05 10:04:23,170 [main] INFO  impl.MetricsSystemImpl (MetricsSystemImpl.java:registerSink(305)) - Registered sink prometheus
2023-12-05 10:04:23,171 [main] INFO  http.BaseHttpServer (BaseHttpServer.java:updateConnectorAddress(354)) - HTTP server of scm listening at http://0.0.0.0:15003
2023-12-05 10:04:23,174 [main] WARN  server.ServerUtils (ServerUtils.java:getDBPath(311)) - ozone.om.db.dirs is not configured. We recommend adding this setting. Falling back to ozone.metadata.dirs instead.
2023-12-05 10:04:23,239 [main] INFO  audit.AuditLogger (AuditLogger.java:refreshDebugCmdSet(130)) - Refresh DebugCmdSet for OMAudit to [].
2023-12-05 10:04:23,308 [main] INFO  ha.OMHANodeDetails (OMHANodeDetails.java:loadOMHAConfig(115)) - ozone.om.internal.service.id is not defined, falling back to ozone.om.service.ids to find serviceID for OzoneManager if it is HA enabled cluster
2023-12-05 10:04:23,312 [main] INFO  ha.OMHANodeDetails (OMHANodeDetails.java:loadOMHAConfig(226)) - Configuration does not have ozone.om.address set. Falling back to the default OM address /127.0.0.1:15004
2023-12-05 10:04:23,312 [main] INFO  ha.OMHANodeDetails (OMHANodeDetails.java:getOMNodeDetailsForNonHA(254)) - OM Service ID is not set. Setting it to the default ID: omServiceIdDefault
2023-12-05 10:04:23,312 [main] INFO  ha.OMHANodeDetails (OMHANodeDetails.java:getOMNodeDetailsForNonHA(261)) - OM Node ID is not set. Setting it to the default ID: om1
2023-12-05 10:04:23,316 [main] WARN  server.ServerUtils (ServerUtils.java:getDBPath(311)) - ozone.om.db.dirs is not configured. We recommend adding this setting. Falling back to ozone.metadata.dirs instead.
2023-12-05 10:04:23,319 [main] INFO  upgrade.AbstractLayoutVersionManager (AbstractLayoutVersionManager.java:init(83)) - Initializing Layout version manager with metadata layout = QUOTA (version = 6), software layout = QUOTA (version = 6)
2023-12-05 10:04:23,384 [main] INFO  reflections.Reflections (Reflections.java:scan(232)) - Reflections took 61 ms to scan 2 urls, producing 190 keys and 527 values [using 4 cores]
2023-12-05 10:04:23,388 [main] INFO  upgrade.OMLayoutVersionManager (OMLayoutVersionManager.java:lambda$0(115)) - Skipping Upgrade Action QuotaRepairUpgradeAction since it has been finalized.
2023-12-05 10:04:23,390 [main] INFO  upgrade.OMLayoutVersionManager (OMLayoutVersionManager.java:lambda$0(115)) - Skipping Upgrade Action MockOmUpgradeAction since it has been finalized.
2023-12-05 10:04:23,391 [main] WARN  server.ServerUtils (ServerUtils.java:getDBPath(311)) - ozone.om.db.dirs is not configured. We recommend adding this setting. Falling back to ozone.metadata.dirs instead.
2023-12-05 10:04:23,546 [main] INFO  proxy.SCMBlockLocationFailoverProxyProvider (SCMBlockLocationFailoverProxyProvider.java:<init>(115)) - Created block location fail-over proxy with 1 nodes: [nodeId=scmNodeId,nodeAddress=/0.0.0.0:15001]
2023-12-05 10:04:23,578 [main] INFO  proxy.SCMBlockLocationFailoverProxyProvider (SCMBlockLocationFailoverProxyProvider.java:<init>(115)) - Created block location fail-over proxy with 1 nodes: [nodeId=scmNodeId,nodeAddress=/0.0.0.0:15001]
2023-12-05 10:04:23,754 [main] INFO  om.OzoneManager (OzoneManager.java:<init>(674)) - OM start with adminUsers: [runner]
2023-12-05 10:04:23,771 [main] WARN  server.ServerUtils (ServerUtils.java:getDBPath(311)) - ozone.om.db.dirs is not configured. We recommend adding this setting. Falling back to ozone.metadata.dirs instead.
2023-12-05 10:04:23,797 [main] INFO  helpers.OmKeyInfo (OmKeyInfo.java:getCodec(71)) - OmKeyInfo.getCodec ignorePipeline = true
2023-12-05 10:04:24,046 [main] INFO  om.OzoneManager (OzoneManager.java:instantiateServices(808)) - S3 Multi-Tenancy is disabled
2023-12-05 10:04:24,071 [main] INFO  om.OmSnapshotManager (OmSnapshotManager.java:<init>(176)) - Ozone filesystem snapshot feature is enabled.
2023-12-05 10:04:24,088 [main] WARN  server.ServerUtils (ServerUtils.java:getDBPath(311)) - ozone.om.snapshot.diff.db.dir is not configured. We recommend adding this setting. Falling back to ozone.metadata.dirs instead.
2023-12-05 10:04:24,149 [main] INFO  utils.NativeLibraryLoader (NativeLibraryLoader.java:loadLibrary(108)) - Loading Library: ozone_rocksdb_tools
2023-12-05 10:04:24,150 [main] INFO  snapshot.SnapshotDiffManager (SnapshotDiffManager.java:closeExecutorService(1716)) - Shutting down executorService: 'SstDumpToolExecutor'
2023-12-05 10:04:24,194 [main] INFO  om.OzoneManager (OzoneManager.java:addS3GVolumeToDB(4440)) - Created Volume s3v With Owner runner required for S3Gateway operations.
2023-12-05 10:04:24,238 [main] WARN  server.ServerUtils (ServerUtils.java:getDefaultRatisDirectory(323)) - Storage directory for Ratis is not configured. It is a good idea to map this to an SSD disk. Falling back to ozone.metadata.dirs
2023-12-05 10:04:24,238 [main] WARN  utils.OzoneManagerRatisUtils (OzoneManagerRatisUtils.java:getOMRatisSnapshotDirectory(473)) - ozone.om.ratis.snapshot.dir is not configured. Falling back to ozone.metadata.dirs config
2023-12-05 10:04:24,250 [main] WARN  server.ServerUtils (ServerUtils.java:getDefaultRatisDirectory(323)) - Storage directory for Ratis is not configured. It is a good idea to map this to an SSD disk. Falling back to ozone.metadata.dirs
2023-12-05 10:04:24,267 [main] INFO  ratis.OzoneManagerRatisServer (OzoneManagerRatisServer.java:<init>(168)) - Instantiating OM Ratis server with groupID: omServiceIdDefault and peers: localhost:15007
2023-12-05 10:04:24,274 [main] INFO  ratis.OzoneManagerStateMachine (OzoneManagerStateMachine.java:loadSnapshotInfoFromDB(708)) - LastAppliedIndex is set from TransactionInfo from OM DB as (t:0, i:~)
2023-12-05 10:04:24,317 [main] INFO  server.RaftServer (ConfUtils.java:logGet(46)) - raft.rpc.type = GRPC (default)
2023-12-05 10:04:24,323 [main] INFO  grpc.GrpcConfigKeys (ConfUtils.java:logFallback(53)) - raft.grpc.admin.host = null (fallback to raft.grpc.server.host)
2023-12-05 10:04:24,325 [main] INFO  grpc.GrpcConfigKeys (ConfUtils.java:logFallback(53)) - raft.grpc.admin.port = 15007 (fallback to raft.grpc.server.port)
2023-12-05 10:04:24,325 [main] INFO  grpc.GrpcConfigKeys (ConfUtils.java:logFallback(53)) - raft.grpc.client.host = null (fallback to raft.grpc.server.host)
2023-12-05 10:04:24,326 [main] INFO  grpc.GrpcConfigKeys (ConfUtils.java:logFallback(53)) - raft.grpc.client.port = 15007 (fallback to raft.grpc.server.port)
2023-12-05 10:04:24,326 [main] INFO  grpc.GrpcConfigKeys (ConfUtils.java:logGet(46)) - raft.grpc.server.host = null (default)
2023-12-05 10:04:24,327 [main] INFO  grpc.GrpcConfigKeys (ConfUtils.java:logGet(46)) - raft.grpc.server.port = 15007 (custom)
2023-12-05 10:04:24,327 [main] INFO  server.GrpcService (ConfUtils.java:logGet(46)) - raft.grpc.message.size.max = 4194304 (custom)
2023-12-05 10:04:24,328 [main] INFO  server.RaftServerConfigKeys (ConfUtils.java:logGet(46)) - raft.server.log.appender.buffer.byte-limit = 4194304 (custom)
2023-12-05 10:04:24,329 [main] INFO  server.GrpcService (ConfUtils.java:logGet(46)) - raft.grpc.flow.control.window = 1MB (=1048576) (default)
2023-12-05 10:04:24,329 [main] INFO  server.RaftServerConfigKeys (ConfUtils.java:logGet(46)) - raft.server.rpc.request.timeout = 3000ms (default)
2023-12-05 10:04:24,339 [main] INFO  grpc.GrpcConfigKeys (ConfUtils.java:logGet(46)) - raft.grpc.server.heartbeat.channel = true (default)
2023-12-05 10:04:24,342 [main] INFO  grpc.GrpcConfigKeys (ConfUtils.java:logGet(46)) - raft.grpc.server.async.request.thread.pool.cached = true (default)
2023-12-05 10:04:24,342 [main] INFO  grpc.GrpcConfigKeys (ConfUtils.java:logGet(46)) - raft.grpc.server.async.request.thread.pool.size = 32 (default)
2023-12-05 10:04:24,596 [main] INFO  impl.DataStreamServerImpl (ConfUtils.java:logGet(46)) - raft.datastream.type = DISABLED (default)
2023-12-05 10:04:24,598 [main] INFO  server.RaftServerConfigKeys (ConfUtils.java:logGet(46)) - raft.server.sleep.deviation.threshold = 300ms (default)
2023-12-05 10:04:24,598 [main] INFO  server.RaftServerConfigKeys (ConfUtils.java:logGet(46)) - raft.server.close.threshold = 60s (default)
2023-12-05 10:04:24,599 [main] INFO  server.RaftServerConfigKeys (ConfUtils.java:logGet(46)) - raft.server.leaderelection.leader.step-down.wait-time = 10s (default)
2023-12-05 10:04:24,600 [main] INFO  server.RaftServerConfigKeys (ConfUtils.java:logGet(46)) - raft.server.storage.dir = [/home/runner/work/ozone/ozone/hadoop-ozone/integration-test/target/test-dir/MiniOzoneClusterImpl-95f495f0-a26d-4c31-bdf8-5147ef8c128c/ozone-meta/ratis] (custom)
2023-12-05 10:04:24,601 [main] INFO  server.RaftServerConfigKeys (ConfUtils.java:logGet(46)) - raft.server.threadpool.proxy.cached = true (default)
2023-12-05 10:04:24,602 [main] INFO  server.RaftServerConfigKeys (ConfUtils.java:logGet(46)) - raft.server.threadpool.proxy.size = 0 (default)
2023-12-05 10:04:24,607 [main] INFO  server.RaftServer (RaftServerProxy.java:addNew(100)) - om1: addNew group-C5BA1605619E:[om1|localhost:15007] returns group-C5BA1605619E:java.util.concurrent.CompletableFuture@624cc07[Not completed]
2023-12-05 10:04:24,607 [main] INFO  om.OzoneManager (OzoneManager.java:initializeRatisServer(2144)) - OzoneManager Ratis server initialized at port 15007
2023-12-05 10:04:24,610 [main] INFO  om.OzoneManager (OzoneManager.java:getRpcServer(1210)) - Creating RPC Server
2023-12-05 10:04:24,616 [om1-groupManagement] INFO  server.RaftServer$Division (RaftServerImpl.java:<init>(256)) - om1: new RaftServerImpl for group-C5BA1605619E:[om1|localhost:15007] with OzoneManagerStateMachine:uninitialized
2023-12-05 10:04:24,617 [om1-groupManagement] INFO  server.RaftServerConfigKeys (ConfUtils.java:logGet(46)) - raft.server.rpc.timeout.min = 1s (custom)
2023-12-05 10:04:24,618 [om1-groupManagement] INFO  server.RaftServerConfigKeys (ConfUtils.java:logGet(46)) - raft.server.rpc.timeout.max = 1200ms (custom)
2023-12-05 10:04:24,619 [om1-groupManagement] INFO  server.RaftServerConfigKeys (ConfUtils.java:logGet(46)) - raft.server.rpc.sleep.time = 25ms (default)
2023-12-05 10:04:24,619 [om1-groupManagement] INFO  server.RaftServerConfigKeys (ConfUtils.java:logGet(46)) - raft.server.rpc.slowness.timeout = 120s (custom)
2023-12-05 10:04:24,619 [om1-groupManagement] INFO  server.RaftServerConfigKeys (ConfUtils.java:logGet(46)) - raft.server.leaderelection.leader.step-down.wait-time = 10s (default)
2023-12-05 10:04:24,619 [om1-groupManagement] INFO  server.RaftServerConfigKeys (ConfUtils.java:logGet(46)) - raft.server.leaderelection.member.majority-add = false (default)
2023-12-05 10:04:24,620 [om1-groupManagement] INFO  server.RaftServerConfigKeys (ConfUtils.java:logGet(46)) - raft.server.sleep.deviation.threshold = 300ms (default)
2023-12-05 10:04:24,626 [om1-groupManagement] INFO  server.RaftServer$Division (ServerState.java:<init>(113)) - om1@group-C5BA1605619E: ConfigurationManager, init=-1: peers:[om1|localhost:15007]|listeners:[], old=null, confs=<EMPTY_MAP>
2023-12-05 10:04:24,632 [om1-groupManagement] INFO  server.RaftServerConfigKeys (ConfUtils.java:logGet(46)) - raft.server.notification.no-leader.timeout = 120s (custom)
2023-12-05 10:04:24,635 [om1-groupManagement] INFO  server.RaftServerConfigKeys (ConfUtils.java:logGet(46)) - raft.server.read.timeout = 10s (default)
2023-12-05 10:04:24,638 [om1-groupManagement] INFO  server.RaftServerConfigKeys (ConfUtils.java:logGet(46)) - raft.server.retrycache.expirytime = 300s (custom)
2023-12-05 10:04:24,639 [om1-groupManagement] INFO  server.RaftServerConfigKeys (ConfUtils.java:logGet(46)) - raft.server.retrycache.statistics.expirytime = 100ms (default)
2023-12-05 10:04:24,648 [om1-groupManagement] INFO  server.RaftServerConfigKeys (ConfUtils.java:logGet(46)) - raft.server.read.option = DEFAULT (default)
2023-12-05 10:04:24,648 [om1-groupManagement] INFO  server.RaftServerConfigKeys (ConfUtils.java:logGet(46)) - raft.server.read.read-after-write-consistent.write-index-cache.expiry-time = 60s (default)
2023-12-05 10:04:24,695 [om1-groupManagement] INFO  server.RaftServerConfigKeys (ConfUtils.java:logGet(46)) - raft.server.rpc.request.timeout = 3000ms (default)
2023-12-05 10:04:24,698 [om1-groupManagement] INFO  server.RaftServerConfigKeys (ConfUtils.java:logGet(46)) - raft.server.log.appender.install.snapshot.enabled = false (custom)
2023-12-05 10:04:24,698 [om1-groupManagement] INFO  server.RaftServerConfigKeys (ConfUtils.java:logGet(46)) - raft.server.threadpool.server.cached = true (default)
2023-12-05 10:04:24,699 [om1-groupManagement] INFO  server.RaftServerConfigKeys (ConfUtils.java:logGet(46)) - raft.server.threadpool.server.size = 0 (default)
2023-12-05 10:04:24,699 [om1-groupManagement] INFO  server.RaftServerConfigKeys (ConfUtils.java:logGet(46)) - raft.server.threadpool.client.cached = true (default)
2023-12-05 10:04:24,699 [om1-groupManagement] INFO  server.RaftServerConfigKeys (ConfUtils.java:logGet(46)) - raft.server.threadpool.client.size = 0 (default)
2023-12-05 10:04:25,244 [main] INFO  reflections.Reflections (Reflections.java:scan(232)) - Reflections took 590 ms to scan 20 urls, producing 71 keys and 6159 values [using 4 cores]
2023-12-05 10:04:25,407 [main] INFO  ipc.CallQueueManager (CallQueueManager.java:<init>(90)) - Using callQueue: class java.util.concurrent.LinkedBlockingQueue, queueCapacity: 2000, scheduler: class org.apache.hadoop.ipc.DefaultRpcScheduler, ipcBackoff: false.
2023-12-05 10:04:25,407 [main] INFO  ipc.Server (Server.java:<init>(1287)) - Listener at 127.0.0.1:15004
2023-12-05 10:04:25,408 [Socket Reader #1 for port 15004] INFO  ipc.Server (Server.java:run(1323)) - Starting Socket Reader #1 for port 15004
2023-12-05 10:04:25,436 [main] INFO  impl.MetricsSystemImpl (MetricsSystemImpl.java:init(158)) - OzoneManager metrics system started (again)
2023-12-05 10:04:25,447 [main] INFO  om.OzoneManager (OzoneManager.java:start(1632)) - OzoneManager RPC server is listening at localhost/127.0.0.1:15004
2023-12-05 10:04:25,448 [main] INFO  ratis.OzoneManagerRatisServer (OzoneManagerRatisServer.java:start(585)) - Starting OzoneManagerRatisServer om1 at port 15007
2023-12-05 10:04:25,451 [om1-impl-thread1] INFO  server.RaftServerConfigKeys (ConfUtils.java:logGet(46)) - raft.server.storage.free-space.min = 0MB (=0) (default)
2023-12-05 10:04:25,451 [om1-impl-thread1] INFO  server.RaftServerConfigKeys (ConfUtils.java:logGet(46)) - raft.server.log.corruption.policy = EXCEPTION (default)
2023-12-05 10:04:25,452 [om1-impl-thread1] INFO  server.RaftServerConfigKeys (ConfUtils.java:logGet(46)) - raft.server.storage.dir = [/home/runner/work/ozone/ozone/hadoop-ozone/integration-test/target/test-dir/MiniOzoneClusterImpl-95f495f0-a26d-4c31-bdf8-5147ef8c128c/ozone-meta/ratis] (custom)
2023-12-05 10:04:25,456 [om1-impl-thread1] INFO  storage.RaftStorageDirectory (RaftStorageDirectoryImpl.java:analyzeStorage(138)) - The storage directory /home/runner/work/ozone/ozone/hadoop-ozone/integration-test/target/test-dir/MiniOzoneClusterImpl-95f495f0-a26d-4c31-bdf8-5147ef8c128c/ozone-meta/ratis/bf265839-605b-3f16-9796-c5ba1605619e does not exist. Creating ...
2023-12-05 10:04:25,460 [om1-impl-thread1] INFO  storage.RaftStorageDirectory (RaftStorageDirectoryImpl.java:tryLock(232)) - Lock on /home/runner/work/ozone/ozone/hadoop-ozone/integration-test/target/test-dir/MiniOzoneClusterImpl-95f495f0-a26d-4c31-bdf8-5147ef8c128c/ozone-meta/ratis/bf265839-605b-3f16-9796-c5ba1605619e/in_use.lock acquired by nodename 4813@fv-az884-53
2023-12-05 10:04:25,465 [om1-impl-thread1] INFO  storage.RaftStorage (RaftStorageImpl.java:format(97)) - Storage directory /home/runner/work/ozone/ozone/hadoop-ozone/integration-test/target/test-dir/MiniOzoneClusterImpl-95f495f0-a26d-4c31-bdf8-5147ef8c128c/ozone-meta/ratis/bf265839-605b-3f16-9796-c5ba1605619e has been successfully formatted.
2023-12-05 10:04:25,467 [om1-impl-thread1] INFO  server.RaftServerConfigKeys (ConfUtils.java:logGet(46)) - raft.server.log.use.memory = false (default)
2023-12-05 10:04:25,473 [om1-impl-thread1] INFO  server.RaftServerConfigKeys (ConfUtils.java:logGet(46)) - raft.server.log.purge.gap = 1000000 (custom)
2023-12-05 10:04:25,473 [om1-impl-thread1] INFO  server.RaftServerConfigKeys (ConfUtils.java:logGet(46)) - raft.server.log.appender.buffer.byte-limit = 4194304 (custom)
2023-12-05 10:04:25,474 [om1-impl-thread1] INFO  server.RaftServerConfigKeys (ConfUtils.java:logGet(46)) - raft.server.log.statemachine.data.read.timeout = 1000ms (default)
2023-12-05 10:04:25,475 [om1-impl-thread1] INFO  server.RaftServerConfigKeys (ConfUtils.java:logGet(46)) - raft.server.log.purge.preservation.log.num = 0 (default)
2023-12-05 10:04:25,478 [om1-impl-thread1] INFO  server.RaftServerConfigKeys (ConfUtils.java:logGet(46)) - raft.server.log.segment.size.max = 4194304 (custom)
2023-12-05 10:04:25,482 [om1-impl-thread1] INFO  server.RaftServerConfigKeys (ConfUtils.java:logGet(46)) - raft.server.log.segment.cache.num.max = 2 (custom)
2023-12-05 10:04:25,482 [om1-impl-thread1] INFO  server.RaftServerConfigKeys (ConfUtils.java:logGet(46)) - raft.server.log.segment.cache.size.max = 200MB (=209715200) (default)
2023-12-05 10:04:25,483 [om1-impl-thread1] INFO  server.RaftServerConfigKeys (ConfUtils.java:logGet(46)) - raft.server.log.appender.buffer.byte-limit = 4194304 (custom)
2023-12-05 10:04:25,484 [om1-impl-thread1] INFO  util.AwaitToRun (AwaitToRun.java:start(81)) - Thread[om1@group-C5BA1605619E-cacheEviction-AwaitToRun,5,main] started
2023-12-05 10:04:25,487 [om1-impl-thread1] INFO  segmented.SegmentedRaftLogWorker (SegmentedRaftLogWorker.java:<init>(184)) - new om1@group-C5BA1605619E-SegmentedRaftLogWorker for RaftStorageImpl:Storage Directory /home/runner/work/ozone/ozone/hadoop-ozone/integration-test/target/test-dir/MiniOzoneClusterImpl-95f495f0-a26d-4c31-bdf8-5147ef8c128c/ozone-meta/ratis/bf265839-605b-3f16-9796-c5ba1605619e
2023-12-05 10:04:25,488 [om1-impl-thread1] INFO  server.RaftServerConfigKeys (ConfUtils.java:logGet(46)) - raft.server.log.queue.byte-limit = 64MB (=67108864) (default)
2023-12-05 10:04:25,488 [om1-impl-thread1] INFO  server.RaftServerConfigKeys (ConfUtils.java:logGet(46)) - raft.server.log.queue.element-limit = 4096 (default)
2023-12-05 10:04:25,490 [om1-impl-thread1] INFO  server.RaftServerConfigKeys (ConfUtils.java:logGet(46)) - raft.server.log.segment.size.max = 4194304 (custom)
2023-12-05 10:04:25,490 [om1-impl-thread1] INFO  server.RaftServerConfigKeys (ConfUtils.java:logGet(46)) - raft.server.log.preallocated.size = 4194304 (custom)
2023-12-05 10:04:25,490 [om1-impl-thread1] INFO  server.RaftServerConfigKeys (ConfUtils.java:logGet(46)) - raft.server.log.force.sync.num = 128 (default)
2023-12-05 10:04:25,491 [om1-impl-thread1] INFO  server.RaftServerConfigKeys (ConfUtils.java:logGet(46)) - raft.server.log.statemachine.data.sync = true (default)
2023-12-05 10:04:25,491 [om1-impl-thread1] INFO  server.RaftServerConfigKeys (ConfUtils.java:logGet(46)) - raft.server.log.statemachine.data.sync.timeout = 10s (default)
2023-12-05 10:04:25,491 [om1-impl-thread1] INFO  server.RaftServerConfigKeys (ConfUtils.java:logGet(46)) - raft.server.log.statemachine.data.sync.timeout.retry = -1 (default)
2023-12-05 10:04:25,493 [om1-impl-thread1] INFO  server.RaftServerConfigKeys (ConfUtils.java:logGet(46)) - raft.server.log.write.buffer.size = 4194312 (custom)
2023-12-05 10:04:25,494 [om1-impl-thread1] INFO  server.RaftServerConfigKeys (ConfUtils.java:logGet(46)) - raft.server.log.appender.buffer.byte-limit = 4194304 (custom)
2023-12-05 10:04:25,494 [om1-impl-thread1] INFO  server.RaftServerConfigKeys (ConfUtils.java:logGet(46)) - raft.server.log.unsafe-flush.enabled = false (default)
2023-12-05 10:04:25,494 [om1-impl-thread1] INFO  server.RaftServerConfigKeys (ConfUtils.java:logGet(46)) - raft.server.log.async-flush.enabled = false (default)
2023-12-05 10:04:25,495 [om1-impl-thread1] INFO  server.RaftServerConfigKeys (ConfUtils.java:logGet(46)) - raft.server.log.statemachine.data.caching.enabled = false (default)
2023-12-05 10:04:25,499 [om1-impl-thread1] INFO  segmented.SegmentedRaftLogWorker (SegmentedRaftLogWorker.java:lambda$new$0(135)) - om1@group-C5BA1605619E-SegmentedRaftLogWorker: flushIndex: setUnconditionally 0 -> -1
2023-12-05 10:04:25,499 [om1-impl-thread1] INFO  segmented.SegmentedRaftLogWorker (SegmentedRaftLogWorker.java:lambda$new$0(135)) - om1@group-C5BA1605619E-SegmentedRaftLogWorker: safeCacheEvictIndex: setUnconditionally 0 -> -1
2023-12-05 10:04:25,500 [om1-impl-thread1] INFO  server.RaftServer$Division (RaftServerImpl.java:start(392)) - om1@group-C5BA1605619E: start as a follower, conf=-1: peers:[om1|localhost:15007]|listeners:[], old=null
2023-12-05 10:04:25,501 [om1-impl-thread1] INFO  server.RaftServer$Division (RaftServerImpl.java:setRole(379)) - om1@group-C5BA1605619E: changes role from      null to FOLLOWER at term 0 for startAsFollower
2023-12-05 10:04:25,502 [om1-impl-thread1] INFO  impl.RoleInfo (RoleInfo.java:updateAndGet(139)) - om1: start om1@group-C5BA1605619E-FollowerState
2023-12-05 10:04:25,507 [om1@group-C5BA1605619E-FollowerState] INFO  server.RaftServerConfigKeys (ConfUtils.java:logFallback(53)) - raft.server.rpc.first-election.timeout.min = 1s (fallback to raft.server.rpc.timeout.min)
2023-12-05 10:04:25,507 [om1@group-C5BA1605619E-FollowerState] INFO  server.RaftServerConfigKeys (ConfUtils.java:logFallback(53)) - raft.server.rpc.first-election.timeout.max = 1200ms (fallback to raft.server.rpc.timeout.max)
2023-12-05 10:04:25,508 [om1-impl-thread1] INFO  util.JmxRegister (JmxRegister.java:tryRegister(44)) - Successfully registered JMX Bean with object name Ratis:service=RaftServer,group=group-C5BA1605619E,id=om1
2023-12-05 10:04:25,510 [om1-impl-thread1] INFO  server.RaftServerConfigKeys (ConfUtils.java:logGet(46)) - raft.server.snapshot.trigger-when-stop.enabled = true (default)
2023-12-05 10:04:25,510 [om1-impl-thread1] INFO  server.RaftServerConfigKeys (ConfUtils.java:logGet(46)) - raft.server.snapshot.auto.trigger.enabled = true (custom)
2023-12-05 10:04:25,510 [om1-impl-thread1] INFO  server.RaftServerConfigKeys (ConfUtils.java:logGet(46)) - raft.server.snapshot.auto.trigger.threshold = 400000 (default)
2023-12-05 10:04:25,511 [om1-impl-thread1] INFO  server.RaftServerConfigKeys (ConfUtils.java:logGet(46)) - raft.server.snapshot.retention.file.num = -1 (default)
2023-12-05 10:04:25,511 [om1-impl-thread1] INFO  server.RaftServerConfigKeys (ConfUtils.java:logGet(46)) - raft.server.log.purge.upto.snapshot.index = true (custom)
2023-12-05 10:04:25,515 [main] INFO  server.RaftServer (RaftServerProxy.java:startImpl(406)) - om1: start RPC server
2023-12-05 10:04:25,559 [main] INFO  server.GrpcService (GrpcService.java:startImpl(302)) - om1: GrpcService started, listening on 15007
2023-12-05 10:04:25,561 [main] INFO  om.OzoneManager (OzoneManager.java:start(1648)) - Version File has different layout version (6) than OM DB (null). That is expected if this OM has never been finalized to a newer layout version.
2023-12-05 10:04:25,564 [JvmPauseMonitor1] INFO  util.JvmPauseMonitor (JvmPauseMonitor.java:run(146)) - JvmPauseMonitor-om1: Started
2023-12-05 10:04:25,577 [main] INFO  http.BaseHttpServer (BaseHttpServer.java:newHttpServer2BuilderForOzone(223)) - Starting Web-server for ozoneManager at: http://0.0.0.0:15005
2023-12-05 10:04:25,578 [main] INFO  http.BaseHttpServer (BaseHttpServer.java:<init>(110)) - Hadoop Security Enabled: false Ozone Security Enabled: false Ozone HTTP Security Enabled: false 
2023-12-05 10:04:25,580 [main] WARN  server.AuthenticationFilter (AuthenticationFilter.java:constructSecretProvider(240)) - Unable to initialize FileSignerSecretProvider, falling back to use random secrets. Reason: Could not read signature secret file: /home/runner/hadoop-http-auth-signature-secret
2023-12-05 10:04:25,581 [main] INFO  http.HttpRequestLog (HttpRequestLog.java:getRequestLog(86)) - Http request log for http.requests.ozoneManager is not defined
2023-12-05 10:04:25,583 [main] INFO  http.HttpServer2 (HttpServer2.java:addGlobalFilter(1031)) - Added global filter 'safety' (class=org.apache.hadoop.hdds.server.http.HttpServer2$QuotingInputFilter)
2023-12-05 10:04:25,584 [main] INFO  http.HttpServer2 (HttpServer2.java:addFilter(1007)) - Added filter static_user_filter (class=org.apache.hadoop.http.lib.StaticUserWebFilter$StaticUserFilter) to context ozoneManager
2023-12-05 10:04:25,584 [main] INFO  http.HttpServer2 (HttpServer2.java:addFilter(1015)) - Added filter static_user_filter (class=org.apache.hadoop.http.lib.StaticUserWebFilter$StaticUserFilter) to context logs
2023-12-05 10:04:25,586 [main] INFO  http.HttpServer2 (HttpServer2.java:addFilter(1015)) - Added filter static_user_filter (class=org.apache.hadoop.http.lib.StaticUserWebFilter$StaticUserFilter) to context static
2023-12-05 10:04:25,588 [main] INFO  http.BaseHttpServer (BaseHttpServer.java:<init>(189)) - HTTP server of ozoneManager uses base directory /home/runner/work/ozone/ozone/hadoop-ozone/integration-test/target/test-dir/MiniOzoneClusterImpl-95f495f0-a26d-4c31-bdf8-5147ef8c128c/ozone-meta/webserver
2023-12-05 10:04:25,592 [main] INFO  http.HttpServer2 (HttpServer2.java:bindListener(1231)) - Jetty bound to port 15005
2023-12-05 10:04:25,592 [main] INFO  server.Server (Server.java:doStart(375)) - jetty-9.4.53.v20231009; built: 2023-10-09T12:29:09.265Z; git: 27bde00a0b95a1d5bbee0eae7984f891d2d0f8c9; jvm 1.8.0_392-b08
2023-12-05 10:04:25,593 [main] INFO  server.session (DefaultSessionIdManager.java:doStart(334)) - DefaultSessionIdManager workerName=node0
2023-12-05 10:04:25,594 [main] INFO  server.session (DefaultSessionIdManager.java:doStart(339)) - No SessionScavenger set, using defaults
2023-12-05 10:04:25,594 [main] INFO  server.session (HouseKeeper.java:startScavenging(132)) - node0 Scavenging every 660000ms
2023-12-05 10:04:25,595 [main] INFO  handler.ContextHandler (ContextHandler.java:doStart(921)) - Started o.e.j.s.ServletContextHandler@5e8e40e8{logs,/logs,file:///home/runner/work/ozone/ozone/hadoop-ozone/integration-test/target/log,AVAILABLE}
2023-12-05 10:04:25,595 [main] INFO  handler.ContextHandler (ContextHandler.java:doStart(921)) - Started o.e.j.s.ServletContextHandler@e0dd692{static,/static,file:///home/runner/work/ozone/ozone/hadoop-ozone/integration-test/target/test-classes/webapps/static,AVAILABLE}
2023-12-05 10:04:25,599 [main] INFO  handler.ContextHandler (ContextHandler.java:doStart(921)) - Started o.e.j.w.WebAppContext@625bb465{ozoneManager,/,file:///home/runner/work/ozone/ozone/hadoop-ozone/integration-test/target/test-classes/webapps/ozoneManager/,AVAILABLE}{file:/home/runner/work/ozone/ozone/hadoop-ozone/integration-test/target/test-classes/webapps/ozoneManager}
2023-12-05 10:04:25,601 [main] INFO  server.AbstractConnector (AbstractConnector.java:doStart(333)) - Started ServerConnector@a58f9a6{HTTP/1.1, (http/1.1)}{0.0.0.0:15005}
2023-12-05 10:04:25,602 [main] INFO  server.Server (Server.java:doStart(415)) - Started @6266ms
2023-12-05 10:04:25,602 [main] WARN  impl.MetricsSystemImpl (MetricsSystemImpl.java:register(279)) - Sink prometheus already exists!
2023-12-05 10:04:25,603 [main] INFO  http.BaseHttpServer (BaseHttpServer.java:updateConnectorAddress(354)) - HTTP server of ozoneManager listening at http://0.0.0.0:15005
2023-12-05 10:04:25,607 [IPC Server Responder] INFO  ipc.Server (Server.java:run(1562)) - IPC Server Responder: starting
2023-12-05 10:04:25,613 [IPC Server listener on 15004] INFO  ipc.Server (Server.java:run(1402)) - IPC Server listener on 15004: starting
2023-12-05 10:04:25,625 [main] INFO  om.OzoneManager (OzoneManager.java:startTrashEmptier(2097)) - Trash Interval set to 0. Files deleted won't move to trash
2023-12-05 10:04:25,740 [main] INFO  db.CodecBuffer (CodecBuffer.java:set(62)) - Successfully set constructor to org.apache.hadoop.hdds.utils.db.CodecBuffer$$Lambda$935/2130031015@498fc636
2023-12-05 10:04:25,741 [main] WARN  dropwizard3.Dm3MetricRegistriesImpl (Dm3MetricRegistriesImpl.java:addReporterRegistration(113)) - New reporters are added after registries were created. Some metrics will be missing from the reporter. Please add reporter before adding any new registry.
2023-12-05 10:04:25,742 [main] WARN  dropwizard3.Dm3MetricRegistriesImpl (Dm3MetricRegistriesImpl.java:addReporterRegistration(113)) - New reporters are added after registries were created. Some metrics will be missing from the reporter. Please add reporter before adding any new registry.
2023-12-05 10:04:25,742 [main] INFO  impl.MetricsSystemImpl (MetricsSystemImpl.java:init(158)) - HddsDatanode metrics system started (again)
2023-12-05 10:04:25,759 [main] INFO  ozone.HddsDatanodeService (HddsDatanodeService.java:start(239)) - HddsDatanodeService host:fv-az884-53.nlrrjjsaionubk4jys1hz1dhmg.bx.internal.cloudapp.net ip:10.1.0.7
2023-12-05 10:04:25,787 [main] INFO  upgrade.AbstractLayoutVersionManager (AbstractLayoutVersionManager.java:init(83)) - Initializing Layout version manager with metadata layout = HADOOP_PRC_PORTS_IN_DATANODEDETAILS (version = 7), software layout = HADOOP_PRC_PORTS_IN_DATANODEDETAILS (version = 7)
2023-12-05 10:04:25,789 [main] INFO  statemachine.DatanodeStateMachine (DatanodeStateMachine.java:getEndPointTaskThreadPoolSize(299)) - Datanode State Machine Task Thread Pool size 2
2023-12-05 10:04:25,835 [main] INFO  volume.HddsVolume (HddsVolume.java:<init>(126)) - Creating HddsVolume: /home/runner/work/ozone/ozone/hadoop-ozone/integration-test/target/test-dir/MiniOzoneClusterImpl-95f495f0-a26d-4c31-bdf8-5147ef8c128c/datanode-0/data-0/containers/hdds of storage type : DISK capacity : 9223372036854775807
2023-12-05 10:04:25,837 [main] INFO  volume.MutableVolumeSet (MutableVolumeSet.java:initializeVolumeSet(173)) - Added Volume : /home/runner/work/ozone/ozone/hadoop-ozone/integration-test/target/test-dir/MiniOzoneClusterImpl-95f495f0-a26d-4c31-bdf8-5147ef8c128c/datanode-0/data-0/containers/hdds to VolumeSet
2023-12-05 10:04:25,841 [main] INFO  volume.MutableVolumeSet (MutableVolumeSet.java:initializeVolumeSet(173)) - Added Volume : /home/runner/work/ozone/ozone/hadoop-ozone/integration-test/target/test-dir/MiniOzoneClusterImpl-95f495f0-a26d-4c31-bdf8-5147ef8c128c/datanode-0/data/ratis to VolumeSet
2023-12-05 10:04:25,847 [main] INFO  ozoneimpl.OzoneContainer (HddsVolumeUtil.java:loadAllHddsVolumeDbStore(103)) - Load 1 volumes DbStore cost: 0ms
2023-12-05 10:04:25,857 [26f359c8-b8a0-48ca-adf0-1f6b26ee8905-ContainerReader-0] INFO  ozoneimpl.ContainerReader (ContainerReader.java:readVolume(177)) - Finish verifying containers on volume /home/runner/work/ozone/ozone/hadoop-ozone/integration-test/target/test-dir/MiniOzoneClusterImpl-95f495f0-a26d-4c31-bdf8-5147ef8c128c/datanode-0/data-0/containers/hdds
2023-12-05 10:04:25,858 [main] INFO  ozoneimpl.OzoneContainer (OzoneContainer.java:buildContainerSet(326)) - Build ContainerSet costs 0s
2023-12-05 10:04:25,906 [main] INFO  audit.AuditLogger (AuditLogger.java:refreshDebugCmdSet(130)) - Refresh DebugCmdSet for DNAudit to [].
2023-12-05 10:04:25,930 [main] INFO  server.RaftServer (ConfUtils.java:logGet(46)) - raft.rpc.type = GRPC (default)
2023-12-05 10:04:25,930 [main] INFO  grpc.GrpcConfigKeys (ConfUtils.java:logFallback(53)) - raft.grpc.admin.host = null (fallback to raft.grpc.server.host)
2023-12-05 10:04:25,930 [main] INFO  grpc.GrpcConfigKeys (ConfUtils.java:logGet(46)) - raft.grpc.admin.port = 15013 (custom)
2023-12-05 10:04:25,930 [main] INFO  grpc.GrpcConfigKeys (ConfUtils.java:logFallback(53)) - raft.grpc.client.host = null (fallback to raft.grpc.server.host)
2023-12-05 10:04:25,931 [main] INFO  grpc.GrpcConfigKeys (ConfUtils.java:logGet(46)) - raft.grpc.client.port = 15012 (custom)
2023-12-05 10:04:25,931 [main] INFO  grpc.GrpcConfigKeys (ConfUtils.java:logGet(46)) - raft.grpc.server.host = null (default)
2023-12-05 10:04:25,931 [main] INFO  grpc.GrpcConfigKeys (ConfUtils.java:logGet(46)) - raft.grpc.server.port = 15014 (custom)
2023-12-05 10:04:25,932 [main] INFO  server.GrpcService (ConfUtils.java:logGet(46)) - raft.grpc.message.size.max = 32MB (=33554432) (custom)
2023-12-05 10:04:25,932 [main] INFO  server.RaftServerConfigKeys (ConfUtils.java:logGet(46)) - raft.server.log.appender.buffer.byte-limit = 8388608 (custom)
2023-12-05 10:04:25,932 [main] INFO  server.GrpcService (ConfUtils.java:logGet(46)) - raft.grpc.flow.control.window = 5MB (=5242880) (custom)
2023-12-05 10:04:25,932 [main] INFO  server.RaftServerConfigKeys (ConfUtils.java:logGet(46)) - raft.server.rpc.request.timeout = 60s (custom)
2023-12-05 10:04:25,933 [main] INFO  grpc.GrpcConfigKeys (ConfUtils.java:logGet(46)) - raft.grpc.server.heartbeat.channel = true (default)
2023-12-05 10:04:25,933 [main] INFO  grpc.GrpcConfigKeys (ConfUtils.java:logGet(46)) - raft.grpc.server.async.request.thread.pool.cached = true (default)
2023-12-05 10:04:25,933 [main] INFO  grpc.GrpcConfigKeys (ConfUtils.java:logGet(46)) - raft.grpc.server.async.request.thread.pool.size = 32 (default)
2023-12-05 10:04:25,935 [main] INFO  impl.DataStreamServerImpl (ConfUtils.java:logGet(46)) - raft.datastream.type = NETTY (custom)
2023-12-05 10:04:25,947 [main] INFO  server.RaftServerConfigKeys (ConfUtils.java:logGet(46)) - raft.server.data-stream.async.request.thread.pool.cached = false (default)
2023-12-05 10:04:25,948 [main] INFO  server.RaftServerConfigKeys (ConfUtils.java:logGet(46)) - raft.server.data-stream.async.request.thread.pool.size = 20 (custom)
2023-12-05 10:04:25,948 [main] INFO  server.RaftServerConfigKeys (ConfUtils.java:logGet(46)) - raft.server.data-stream.async.write.thread.pool.size = 16 (default)
2023-12-05 10:04:25,949 [main] INFO  netty.NettyConfigKeys$DataStream (ConfUtils.java:logGet(46)) - raft.netty.dataStream.server.channel.inactive.grace-period = 10min (default)
2023-12-05 10:04:25,950 [main] INFO  server.RaftServerConfigKeys (ConfUtils.java:logGet(46)) - raft.server.data-stream.client.pool.size = 10 (default)
2023-12-05 10:04:25,951 [main] INFO  netty.NettyConfigKeys$DataStream (ConfUtils.java:logGet(46)) - raft.netty.dataStream.server.use-epoll = true (default)
2023-12-05 10:04:25,951 [main] INFO  netty.NettyConfigKeys$DataStream (ConfUtils.java:logGet(46)) - raft.netty.dataStream.server.boss-group.size = 0 (default)
2023-12-05 10:04:25,952 [main] INFO  netty.NettyUtils (NettyUtils.java:newEventLoopGroup(69)) - Create EpollEventLoopGroup for 26f359c8-b8a0-48ca-adf0-1f6b26ee8905-NettyServerStreamRpc-bossGroup; Thread size is 0.
2023-12-05 10:04:25,980 [main] INFO  netty.NettyConfigKeys$DataStream (ConfUtils.java:logGet(46)) - raft.netty.dataStream.server.worker-group.size = 0 (default)
2023-12-05 10:04:25,981 [main] INFO  netty.NettyUtils (NettyUtils.java:newEventLoopGroup(69)) - Create EpollEventLoopGroup for 26f359c8-b8a0-48ca-adf0-1f6b26ee8905-NettyServerStreamRpc-workerGroup; Thread size is 0.
2023-12-05 10:04:25,982 [main] INFO  netty.NettyConfigKeys$DataStream (ConfUtils.java:logGet(46)) - raft.netty.dataStream.server.tls.conf = null (default)
2023-12-05 10:04:25,983 [main] INFO  netty.NettyConfigKeys$DataStream (ConfUtils.java:logGet(46)) - raft.netty.dataStream.host = null (default)
2023-12-05 10:04:25,983 [main] INFO  netty.NettyConfigKeys$DataStream (ConfUtils.java:logGet(46)) - raft.netty.dataStream.port = 15015 (custom)
2023-12-05 10:04:25,987 [main] INFO  server.RaftServerConfigKeys (ConfUtils.java:logGet(46)) - raft.server.sleep.deviation.threshold = 300ms (default)
2023-12-05 10:04:25,987 [main] INFO  server.RaftServerConfigKeys (ConfUtils.java:logGet(46)) - raft.server.close.threshold = 60s (default)
2023-12-05 10:04:25,988 [main] INFO  server.RaftServerConfigKeys (ConfUtils.java:logGet(46)) - raft.server.leaderelection.leader.step-down.wait-time = 10s (default)
2023-12-05 10:04:25,988 [main] INFO  server.RaftServerConfigKeys (ConfUtils.java:logGet(46)) - raft.server.storage.dir = [/home/runner/work/ozone/ozone/hadoop-ozone/integration-test/target/test-dir/MiniOzoneClusterImpl-95f495f0-a26d-4c31-bdf8-5147ef8c128c/datanode-0/data/ratis] (custom)
2023-12-05 10:04:25,988 [main] INFO  server.RaftServerConfigKeys (ConfUtils.java:logGet(46)) - raft.server.threadpool.proxy.cached = true (default)
2023-12-05 10:04:25,988 [main] INFO  server.RaftServerConfigKeys (ConfUtils.java:logGet(46)) - raft.server.threadpool.proxy.size = 0 (default)
2023-12-05 10:04:25,989 [26f359c8-b8a0-48ca-adf0-1f6b26ee8905-impl-thread1] INFO  server.RaftServer (RaftServerProxy.java:initGroupDir(264)) - 26f359c8-b8a0-48ca-adf0-1f6b26ee8905: found a subdirectory /home/runner/work/ozone/ozone/hadoop-ozone/integration-test/target/test-dir/MiniOzoneClusterImpl-95f495f0-a26d-4c31-bdf8-5147ef8c128c/datanode-0/data/ratis/tmp
2023-12-05 10:04:25,990 [26f359c8-b8a0-48ca-adf0-1f6b26ee8905-impl-thread1] INFO  server.RaftServer (RaftServerProxy.java:initGroupDir(269)) - 26f359c8-b8a0-48ca-adf0-1f6b26ee8905: The directory /home/runner/work/ozone/ozone/hadoop-ozone/integration-test/target/test-dir/MiniOzoneClusterImpl-95f495f0-a26d-4c31-bdf8-5147ef8c128c/datanode-0/data/ratis/tmp is not a group directory; ignoring it. 
2023-12-05 10:04:25,992 [main] INFO  replication.ReplicationServer (ReplicationServer.java:<init>(85)) - Initializing replication server with thread count = 10 queue length = 4096
2023-12-05 10:04:25,999 [26f359c8-b8a0-48ca-adf0-1f6b26ee8905-NettyServerStreamRpc-bossGroup--thread1] INFO  logging.LoggingHandler (AbstractInternalLogger.java:log(148)) - [id: 0x2a8ba33f] REGISTERED
2023-12-05 10:04:25,999 [26f359c8-b8a0-48ca-adf0-1f6b26ee8905-NettyServerStreamRpc-bossGroup--thread1] INFO  logging.LoggingHandler (AbstractInternalLogger.java:log(148)) - [id: 0x2a8ba33f] BIND: 0.0.0.0/0.0.0.0:15015
2023-12-05 10:04:25,999 [26f359c8-b8a0-48ca-adf0-1f6b26ee8905-NettyServerStreamRpc-bossGroup--thread1] INFO  logging.LoggingHandler (AbstractInternalLogger.java:log(148)) - [id: 0x2a8ba33f, L:/0.0.0.0:15015] ACTIVE
2023-12-05 10:04:26,009 [main] INFO  server.XceiverServerGrpc (XceiverServerGrpc.java:<init>(141)) - GrpcServer channel type EpollServerSocketChannel
2023-12-05 10:04:26,038 [main] INFO  replication.ReplicationSupervisor (ReplicationSupervisor.java:build(163)) - Initializing replication supervisor with thread count = 10
2023-12-05 10:04:26,039 [main] INFO  replication.ReplicationSupervisor (ReplicationSupervisor.java:nodeStateUpdated(317)) - Node state updated to IN_SERVICE, scaling executor pool size to 10
2023-12-05 10:04:26,076 [main] INFO  http.BaseHttpServer (BaseHttpServer.java:newHttpServer2BuilderForOzone(223)) - Starting Web-server for hddsDatanode at: http://0.0.0.0:15009
2023-12-05 10:04:26,076 [main] INFO  http.BaseHttpServer (BaseHttpServer.java:<init>(110)) - Hadoop Security Enabled: false Ozone Security Enabled: false Ozone HTTP Security Enabled: false 
2023-12-05 10:04:26,078 [main] WARN  server.AuthenticationFilter (AuthenticationFilter.java:constructSecretProvider(240)) - Unable to initialize FileSignerSecretProvider, falling back to use random secrets. Reason: Could not read signature secret file: /home/runner/hadoop-http-auth-signature-secret
2023-12-05 10:04:26,079 [main] INFO  http.HttpRequestLog (HttpRequestLog.java:getRequestLog(86)) - Http request log for http.requests.hddsDatanode is not defined
2023-12-05 10:04:26,081 [main] INFO  http.HttpServer2 (HttpServer2.java:addGlobalFilter(1031)) - Added global filter 'safety' (class=org.apache.hadoop.hdds.server.http.HttpServer2$QuotingInputFilter)
2023-12-05 10:04:26,082 [main] INFO  http.HttpServer2 (HttpServer2.java:addFilter(1007)) - Added filter static_user_filter (class=org.apache.hadoop.http.lib.StaticUserWebFilter$StaticUserFilter) to context hddsDatanode
2023-12-05 10:04:26,082 [main] INFO  http.HttpServer2 (HttpServer2.java:addFilter(1015)) - Added filter static_user_filter (class=org.apache.hadoop.http.lib.StaticUserWebFilter$StaticUserFilter) to context static
2023-12-05 10:04:26,082 [main] INFO  http.HttpServer2 (HttpServer2.java:addFilter(1015)) - Added filter static_user_filter (class=org.apache.hadoop.http.lib.StaticUserWebFilter$StaticUserFilter) to context logs
2023-12-05 10:04:26,083 [main] INFO  http.BaseHttpServer (BaseHttpServer.java:<init>(189)) - HTTP server of hddsDatanode uses base directory /home/runner/work/ozone/ozone/hadoop-ozone/integration-test/target/test-dir/MiniOzoneClusterImpl-95f495f0-a26d-4c31-bdf8-5147ef8c128c/datanode-0/meta/webserver
2023-12-05 10:04:26,084 [main] INFO  http.HttpServer2 (HttpServer2.java:bindListener(1231)) - Jetty bound to port 15009
2023-12-05 10:04:26,084 [main] INFO  server.Server (Server.java:doStart(375)) - jetty-9.4.53.v20231009; built: 2023-10-09T12:29:09.265Z; git: 27bde00a0b95a1d5bbee0eae7984f891d2d0f8c9; jvm 1.8.0_392-b08
2023-12-05 10:04:26,092 [main] INFO  server.session (DefaultSessionIdManager.java:doStart(334)) - DefaultSessionIdManager workerName=node0
2023-12-05 10:04:26,092 [main] INFO  server.session (DefaultSessionIdManager.java:doStart(339)) - No SessionScavenger set, using defaults
2023-12-05 10:04:26,093 [main] INFO  server.session (HouseKeeper.java:startScavenging(132)) - node0 Scavenging every 600000ms
2023-12-05 10:04:26,098 [main] INFO  handler.ContextHandler (ContextHandler.java:doStart(921)) - Started o.e.j.s.ServletContextHandler@5eb4764b{logs,/logs,file:///home/runner/work/ozone/ozone/hadoop-ozone/integration-test/target/log,AVAILABLE}
2023-12-05 10:04:26,099 [main] INFO  handler.ContextHandler (ContextHandler.java:doStart(921)) - Started o.e.j.s.ServletContextHandler@5d16941b{static,/static,jar:file:/home/runner/.m2/repository/org/apache/ozone/hdds-container-service/1.4.0-SNAPSHOT/hdds-container-service-1.4.0-SNAPSHOT.jar!/webapps/static,AVAILABLE}
2023-12-05 10:04:26,146 [main] INFO  handler.ContextHandler (ContextHandler.java:doStart(921)) - Started o.e.j.w.WebAppContext@70f5331d{hddsDatanode,/,file:///home/runner/work/ozone/ozone/hadoop-ozone/integration-test/target/test-dir/MiniOzoneClusterImpl-95f495f0-a26d-4c31-bdf8-5147ef8c128c/datanode-0/meta/webserver/jetty-0_0_0_0-15009-hdds-container-service-1_4_0-SNAPSHOT_jar-_-any-2861941022607070720/webapp/,AVAILABLE}{jar:file:/home/runner/.m2/repository/org/apache/ozone/hdds-container-service/1.4.0-SNAPSHOT/hdds-container-service-1.4.0-SNAPSHOT.jar!/webapps/hddsDatanode}
2023-12-05 10:04:26,148 [main] INFO  server.AbstractConnector (AbstractConnector.java:doStart(333)) - Started ServerConnector@5ad34ed2{HTTP/1.1, (http/1.1)}{0.0.0.0:15009}
2023-12-05 10:04:26,149 [main] INFO  server.Server (Server.java:doStart(415)) - Started @6813ms
2023-12-05 10:04:26,149 [main] WARN  impl.MetricsSystemImpl (MetricsSystemImpl.java:register(279)) - Sink prometheus already exists!
2023-12-05 10:04:26,150 [main] INFO  http.BaseHttpServer (BaseHttpServer.java:updateConnectorAddress(354)) - HTTP server of hddsDatanode listening at http://0.0.0.0:15009
2023-12-05 10:04:26,152 [main] INFO  ipc.CallQueueManager (CallQueueManager.java:<init>(90)) - Using callQueue: class java.util.concurrent.LinkedBlockingQueue, queueCapacity: 100, scheduler: class org.apache.hadoop.ipc.DefaultRpcScheduler, ipcBackoff: false.
2023-12-05 10:04:26,152 [main] INFO  ipc.Server (Server.java:<init>(1287)) - Listener at 0.0.0.0:15010
2023-12-05 10:04:26,153 [Socket Reader #1 for port 15010] INFO  ipc.Server (Server.java:run(1323)) - Starting Socket Reader #1 for port 15010
2023-12-05 10:04:26,155 [main] INFO  ozone.HddsDatanodeService (HddsDatanodeService.java:start(324)) - Datanode start with admins: [runner]
2023-12-05 10:04:26,155 [main] INFO  ozone.HddsDatanodeClientProtocolServer (HddsDatanodeClientProtocolServer.java:start(72)) - RPC server for Client /0.0.0.0:15010
2023-12-05 10:04:26,157 [IPC Server Responder] INFO  ipc.Server (Server.java:run(1562)) - IPC Server Responder: starting
2023-12-05 10:04:26,157 [IPC Server listener on 15010] INFO  ipc.Server (Server.java:run(1402)) - IPC Server listener on 15010: starting
2023-12-05 10:04:26,169 [main] WARN  dropwizard3.Dm3MetricRegistriesImpl (Dm3MetricRegistriesImpl.java:addReporterRegistration(113)) - New reporters are added after registries were created. Some metrics will be missing from the reporter. Please add reporter before adding any new registry.
2023-12-05 10:04:26,169 [main] WARN  dropwizard3.Dm3MetricRegistriesImpl (Dm3MetricRegistriesImpl.java:addReporterRegistration(113)) - New reporters are added after registries were created. Some metrics will be missing from the reporter. Please add reporter before adding any new registry.
2023-12-05 10:04:26,169 [main] INFO  impl.MetricsSystemImpl (MetricsSystemImpl.java:init(158)) - HddsDatanode metrics system started (again)
2023-12-05 10:04:26,168 [26f359c8-b8a0-48ca-adf0-1f6b26ee8905-DatanodeStateMachineDaemonThread] INFO  statemachine.DatanodeStateMachine (DatanodeStateMachine.java:lambda$startDaemon$1(555)) - Ozone container server started.
2023-12-05 10:04:26,180 [main] INFO  ozone.HddsDatanodeService (HddsDatanodeService.java:start(239)) - HddsDatanodeService host:fv-az884-53.nlrrjjsaionubk4jys1hz1dhmg.bx.internal.cloudapp.net ip:10.1.0.7
2023-12-05 10:04:26,202 [main] INFO  upgrade.AbstractLayoutVersionManager (AbstractLayoutVersionManager.java:init(83)) - Initializing Layout version manager with metadata layout = HADOOP_PRC_PORTS_IN_DATANODEDETAILS (version = 7), software layout = HADOOP_PRC_PORTS_IN_DATANODEDETAILS (version = 7)
2023-12-05 10:04:26,204 [main] INFO  statemachine.DatanodeStateMachine (DatanodeStateMachine.java:getEndPointTaskThreadPoolSize(299)) - Datanode State Machine Task Thread Pool size 2
2023-12-05 10:04:26,209 [main] INFO  volume.HddsVolume (HddsVolume.java:<init>(126)) - Creating HddsVolume: /home/runner/work/ozone/ozone/hadoop-ozone/integration-test/target/test-dir/MiniOzoneClusterImpl-95f495f0-a26d-4c31-bdf8-5147ef8c128c/datanode-1/data-0/containers/hdds of storage type : DISK capacity : 9223372036854775807
2023-12-05 10:04:26,209 [main] INFO  volume.MutableVolumeSet (MutableVolumeSet.java:initializeVolumeSet(173)) - Added Volume : /home/runner/work/ozone/ozone/hadoop-ozone/integration-test/target/test-dir/MiniOzoneClusterImpl-95f495f0-a26d-4c31-bdf8-5147ef8c128c/datanode-1/data-0/containers/hdds to VolumeSet
2023-12-05 10:04:26,211 [main] INFO  volume.MutableVolumeSet (MutableVolumeSet.java:initializeVolumeSet(173)) - Added Volume : /home/runner/work/ozone/ozone/hadoop-ozone/integration-test/target/test-dir/MiniOzoneClusterImpl-95f495f0-a26d-4c31-bdf8-5147ef8c128c/datanode-1/data/ratis to VolumeSet
2023-12-05 10:04:26,212 [main] INFO  ozoneimpl.OzoneContainer (HddsVolumeUtil.java:loadAllHddsVolumeDbStore(103)) - Load 1 volumes DbStore cost: 0ms
2023-12-05 10:04:26,213 [79948e16-d3d5-4c46-9c92-4c306a81da2e-ContainerReader-0] INFO  ozoneimpl.ContainerReader (ContainerReader.java:readVolume(177)) - Finish verifying containers on volume /home/runner/work/ozone/ozone/hadoop-ozone/integration-test/target/test-dir/MiniOzoneClusterImpl-95f495f0-a26d-4c31-bdf8-5147ef8c128c/datanode-1/data-0/containers/hdds
2023-12-05 10:04:26,214 [main] INFO  ozoneimpl.OzoneContainer (OzoneContainer.java:buildContainerSet(326)) - Build ContainerSet costs 0s
2023-12-05 10:04:26,219 [main] INFO  server.RaftServer (ConfUtils.java:logGet(46)) - raft.rpc.type = GRPC (default)
2023-12-05 10:04:26,219 [main] INFO  grpc.GrpcConfigKeys (ConfUtils.java:logFallback(53)) - raft.grpc.admin.host = null (fallback to raft.grpc.server.host)
2023-12-05 10:04:26,220 [main] INFO  grpc.GrpcConfigKeys (ConfUtils.java:logGet(46)) - raft.grpc.admin.port = 15022 (custom)
2023-12-05 10:04:26,221 [main] INFO  grpc.GrpcConfigKeys (ConfUtils.java:logFallback(53)) - raft.grpc.client.host = null (fallback to raft.grpc.server.host)
2023-12-05 10:04:26,221 [main] INFO  grpc.GrpcConfigKeys (ConfUtils.java:logGet(46)) - raft.grpc.client.port = 15021 (custom)
2023-12-05 10:04:26,222 [main] INFO  grpc.GrpcConfigKeys (ConfUtils.java:logGet(46)) - raft.grpc.server.host = null (default)
2023-12-05 10:04:26,222 [main] INFO  grpc.GrpcConfigKeys (ConfUtils.java:logGet(46)) - raft.grpc.server.port = 15023 (custom)
2023-12-05 10:04:26,223 [main] INFO  server.GrpcService (ConfUtils.java:logGet(46)) - raft.grpc.message.size.max = 32MB (=33554432) (custom)
2023-12-05 10:04:26,223 [main] INFO  server.RaftServerConfigKeys (ConfUtils.java:logGet(46)) - raft.server.log.appender.buffer.byte-limit = 8388608 (custom)
2023-12-05 10:04:26,224 [main] INFO  server.GrpcService (ConfUtils.java:logGet(46)) - raft.grpc.flow.control.window = 5MB (=5242880) (custom)
2023-12-05 10:04:26,224 [main] INFO  server.RaftServerConfigKeys (ConfUtils.java:logGet(46)) - raft.server.rpc.request.timeout = 60s (custom)
2023-12-05 10:04:26,225 [main] INFO  grpc.GrpcConfigKeys (ConfUtils.java:logGet(46)) - raft.grpc.server.heartbeat.channel = true (default)
2023-12-05 10:04:26,225 [main] INFO  grpc.GrpcConfigKeys (ConfUtils.java:logGet(46)) - raft.grpc.server.async.request.thread.pool.cached = true (default)
2023-12-05 10:04:26,229 [main] INFO  grpc.GrpcConfigKeys (ConfUtils.java:logGet(46)) - raft.grpc.server.async.request.thread.pool.size = 32 (default)
2023-12-05 10:04:26,231 [main] INFO  impl.DataStreamServerImpl (ConfUtils.java:logGet(46)) - raft.datastream.type = NETTY (custom)
2023-12-05 10:04:26,232 [main] INFO  server.RaftServerConfigKeys (ConfUtils.java:logGet(46)) - raft.server.data-stream.async.request.thread.pool.cached = false (default)
2023-12-05 10:04:26,232 [main] INFO  server.RaftServerConfigKeys (ConfUtils.java:logGet(46)) - raft.server.data-stream.async.request.thread.pool.size = 20 (custom)
2023-12-05 10:04:26,232 [main] INFO  server.RaftServerConfigKeys (ConfUtils.java:logGet(46)) - raft.server.data-stream.async.write.thread.pool.size = 16 (default)
2023-12-05 10:04:26,233 [main] INFO  netty.NettyConfigKeys$DataStream (ConfUtils.java:logGet(46)) - raft.netty.dataStream.server.channel.inactive.grace-period = 10min (default)
2023-12-05 10:04:26,233 [main] INFO  server.RaftServerConfigKeys (ConfUtils.java:logGet(46)) - raft.server.data-stream.client.pool.size = 10 (default)
2023-12-05 10:04:26,233 [main] INFO  netty.NettyConfigKeys$DataStream (ConfUtils.java:logGet(46)) - raft.netty.dataStream.server.use-epoll = true (default)
2023-12-05 10:04:26,233 [main] INFO  netty.NettyConfigKeys$DataStream (ConfUtils.java:logGet(46)) - raft.netty.dataStream.server.boss-group.size = 0 (default)
2023-12-05 10:04:26,234 [main] INFO  netty.NettyUtils (NettyUtils.java:newEventLoopGroup(69)) - Create EpollEventLoopGroup for 79948e16-d3d5-4c46-9c92-4c306a81da2e-NettyServerStreamRpc-bossGroup; Thread size is 0.
2023-12-05 10:04:26,234 [main] INFO  netty.NettyConfigKeys$DataStream (ConfUtils.java:logGet(46)) - raft.netty.dataStream.server.worker-group.size = 0 (default)
2023-12-05 10:04:26,235 [main] INFO  netty.NettyUtils (NettyUtils.java:newEventLoopGroup(69)) - Create EpollEventLoopGroup for 79948e16-d3d5-4c46-9c92-4c306a81da2e-NettyServerStreamRpc-workerGroup; Thread size is 0.
2023-12-05 10:04:26,235 [main] INFO  netty.NettyConfigKeys$DataStream (ConfUtils.java:logGet(46)) - raft.netty.dataStream.server.tls.conf = null (default)
2023-12-05 10:04:26,236 [main] INFO  netty.NettyConfigKeys$DataStream (ConfUtils.java:logGet(46)) - raft.netty.dataStream.host = null (default)
2023-12-05 10:04:26,236 [main] INFO  netty.NettyConfigKeys$DataStream (ConfUtils.java:logGet(46)) - raft.netty.dataStream.port = 15024 (custom)
2023-12-05 10:04:26,237 [main] INFO  server.RaftServerConfigKeys (ConfUtils.java:logGet(46)) - raft.server.sleep.deviation.threshold = 300ms (default)
2023-12-05 10:04:26,237 [main] INFO  server.RaftServerConfigKeys (ConfUtils.java:logGet(46)) - raft.server.close.threshold = 60s (default)
2023-12-05 10:04:26,237 [main] INFO  server.RaftServerConfigKeys (ConfUtils.java:logGet(46)) - raft.server.leaderelection.leader.step-down.wait-time = 10s (default)
2023-12-05 10:04:26,238 [main] INFO  server.RaftServerConfigKeys (ConfUtils.java:logGet(46)) - raft.server.storage.dir = [/home/runner/work/ozone/ozone/hadoop-ozone/integration-test/target/test-dir/MiniOzoneClusterImpl-95f495f0-a26d-4c31-bdf8-5147ef8c128c/datanode-1/data/ratis] (custom)
2023-12-05 10:04:26,238 [main] INFO  server.RaftServerConfigKeys (ConfUtils.java:logGet(46)) - raft.server.threadpool.proxy.cached = true (default)
2023-12-05 10:04:26,238 [main] INFO  server.RaftServerConfigKeys (ConfUtils.java:logGet(46)) - raft.server.threadpool.proxy.size = 0 (default)
2023-12-05 10:04:26,240 [79948e16-d3d5-4c46-9c92-4c306a81da2e-NettyServerStreamRpc-bossGroup--thread1] INFO  logging.LoggingHandler (AbstractInternalLogger.java:log(148)) - [id: 0x1b25adae] REGISTERED
2023-12-05 10:04:26,245 [79948e16-d3d5-4c46-9c92-4c306a81da2e-NettyServerStreamRpc-bossGroup--thread1] INFO  logging.LoggingHandler (AbstractInternalLogger.java:log(148)) - [id: 0x1b25adae] BIND: 0.0.0.0/0.0.0.0:15024
2023-12-05 10:04:26,245 [79948e16-d3d5-4c46-9c92-4c306a81da2e-NettyServerStreamRpc-bossGroup--thread1] INFO  logging.LoggingHandler (AbstractInternalLogger.java:log(148)) - [id: 0x1b25adae, L:/0.0.0.0:15024] ACTIVE
2023-12-05 10:04:26,244 [79948e16-d3d5-4c46-9c92-4c306a81da2e-impl-thread1] INFO  server.RaftServer (RaftServerProxy.java:initGroupDir(264)) - 79948e16-d3d5-4c46-9c92-4c306a81da2e: found a subdirectory /home/runner/work/ozone/ozone/hadoop-ozone/integration-test/target/test-dir/MiniOzoneClusterImpl-95f495f0-a26d-4c31-bdf8-5147ef8c128c/datanode-1/data/ratis/tmp
2023-12-05 10:04:26,246 [79948e16-d3d5-4c46-9c92-4c306a81da2e-impl-thread1] INFO  server.RaftServer (RaftServerProxy.java:initGroupDir(269)) - 79948e16-d3d5-4c46-9c92-4c306a81da2e: The directory /home/runner/work/ozone/ozone/hadoop-ozone/integration-test/target/test-dir/MiniOzoneClusterImpl-95f495f0-a26d-4c31-bdf8-5147ef8c128c/datanode-1/data/ratis/tmp is not a group directory; ignoring it. 
2023-12-05 10:04:26,246 [main] INFO  replication.ReplicationServer (ReplicationServer.java:<init>(85)) - Initializing replication server with thread count = 10 queue length = 4096
2023-12-05 10:04:26,248 [main] INFO  server.XceiverServerGrpc (XceiverServerGrpc.java:<init>(141)) - GrpcServer channel type EpollServerSocketChannel
2023-12-05 10:04:26,253 [main] INFO  replication.ReplicationSupervisor (ReplicationSupervisor.java:build(163)) - Initializing replication supervisor with thread count = 10
2023-12-05 10:04:26,253 [main] INFO  replication.ReplicationSupervisor (ReplicationSupervisor.java:nodeStateUpdated(317)) - Node state updated to IN_SERVICE, scaling executor pool size to 10
2023-12-05 10:04:26,256 [main] INFO  http.BaseHttpServer (BaseHttpServer.java:newHttpServer2BuilderForOzone(223)) - Starting Web-server for hddsDatanode at: http://0.0.0.0:15018
2023-12-05 10:04:26,257 [main] INFO  http.BaseHttpServer (BaseHttpServer.java:<init>(110)) - Hadoop Security Enabled: false Ozone Security Enabled: false Ozone HTTP Security Enabled: false 
2023-12-05 10:04:26,258 [main] WARN  server.AuthenticationFilter (AuthenticationFilter.java:constructSecretProvider(240)) - Unable to initialize FileSignerSecretProvider, falling back to use random secrets. Reason: Could not read signature secret file: /home/runner/hadoop-http-auth-signature-secret
2023-12-05 10:04:26,268 [main] INFO  http.HttpRequestLog (HttpRequestLog.java:getRequestLog(86)) - Http request log for http.requests.hddsDatanode is not defined
2023-12-05 10:04:26,270 [main] INFO  http.HttpServer2 (HttpServer2.java:addGlobalFilter(1031)) - Added global filter 'safety' (class=org.apache.hadoop.hdds.server.http.HttpServer2$QuotingInputFilter)
2023-12-05 10:04:26,272 [main] INFO  http.HttpServer2 (HttpServer2.java:addFilter(1007)) - Added filter static_user_filter (class=org.apache.hadoop.http.lib.StaticUserWebFilter$StaticUserFilter) to context hddsDatanode
2023-12-05 10:04:26,272 [main] INFO  http.HttpServer2 (HttpServer2.java:addFilter(1015)) - Added filter static_user_filter (class=org.apache.hadoop.http.lib.StaticUserWebFilter$StaticUserFilter) to context static
2023-12-05 10:04:26,272 [main] INFO  http.HttpServer2 (HttpServer2.java:addFilter(1015)) - Added filter static_user_filter (class=org.apache.hadoop.http.lib.StaticUserWebFilter$StaticUserFilter) to context logs
2023-12-05 10:04:26,273 [main] INFO  http.BaseHttpServer (BaseHttpServer.java:<init>(189)) - HTTP server of hddsDatanode uses base directory /home/runner/work/ozone/ozone/hadoop-ozone/integration-test/target/test-dir/MiniOzoneClusterImpl-95f495f0-a26d-4c31-bdf8-5147ef8c128c/datanode-1/meta/webserver
2023-12-05 10:04:26,274 [main] INFO  http.HttpServer2 (HttpServer2.java:bindListener(1231)) - Jetty bound to port 15018
2023-12-05 10:04:26,274 [main] INFO  server.Server (Server.java:doStart(375)) - jetty-9.4.53.v20231009; built: 2023-10-09T12:29:09.265Z; git: 27bde00a0b95a1d5bbee0eae7984f891d2d0f8c9; jvm 1.8.0_392-b08
2023-12-05 10:04:26,276 [main] INFO  server.session (DefaultSessionIdManager.java:doStart(334)) - DefaultSessionIdManager workerName=node0
2023-12-05 10:04:26,276 [main] INFO  server.session (DefaultSessionIdManager.java:doStart(339)) - No SessionScavenger set, using defaults
2023-12-05 10:04:26,277 [main] INFO  server.session (HouseKeeper.java:startScavenging(132)) - node0 Scavenging every 660000ms
2023-12-05 10:04:26,278 [main] INFO  handler.ContextHandler (ContextHandler.java:doStart(921)) - Started o.e.j.s.ServletContextHandler@2aa6a642{logs,/logs,file:///home/runner/work/ozone/ozone/hadoop-ozone/integration-test/target/log,AVAILABLE}
2023-12-05 10:04:26,278 [main] INFO  handler.ContextHandler (ContextHandler.java:doStart(921)) - Started o.e.j.s.ServletContextHandler@79130491{static,/static,jar:file:/home/runner/.m2/repository/org/apache/ozone/hdds-container-service/1.4.0-SNAPSHOT/hdds-container-service-1.4.0-SNAPSHOT.jar!/webapps/static,AVAILABLE}
2023-12-05 10:04:26,293 [26f359c8-b8a0-48ca-adf0-1f6b26ee8905-DatanodeStateMachineTaskThread-0] INFO  datanode.InitDatanodeState (InitDatanodeState.java:persistContainerDatanodeDetails(139)) - DatanodeDetails is persisted to /home/runner/work/ozone/ozone/hadoop-ozone/integration-test/target/test-dir/MiniOzoneClusterImpl-95f495f0-a26d-4c31-bdf8-5147ef8c128c/datanode-0/meta/datanode.id
2023-12-05 10:04:26,319 [main] INFO  handler.ContextHandler (ContextHandler.java:doStart(921)) - Started o.e.j.w.WebAppContext@2119e4d2{hddsDatanode,/,file:///home/runner/work/ozone/ozone/hadoop-ozone/integration-test/target/test-dir/MiniOzoneClusterImpl-95f495f0-a26d-4c31-bdf8-5147ef8c128c/datanode-1/meta/webserver/jetty-0_0_0_0-15018-hdds-container-service-1_4_0-SNAPSHOT_jar-_-any-6533040590895246090/webapp/,AVAILABLE}{jar:file:/home/runner/.m2/repository/org/apache/ozone/hdds-container-service/1.4.0-SNAPSHOT/hdds-container-service-1.4.0-SNAPSHOT.jar!/webapps/hddsDatanode}
2023-12-05 10:04:26,320 [main] INFO  server.AbstractConnector (AbstractConnector.java:doStart(333)) - Started ServerConnector@27ea99af{HTTP/1.1, (http/1.1)}{0.0.0.0:15018}
2023-12-05 10:04:26,321 [main] INFO  server.Server (Server.java:doStart(415)) - Started @6985ms
2023-12-05 10:04:26,321 [main] WARN  impl.MetricsSystemImpl (MetricsSystemImpl.java:register(279)) - Sink prometheus already exists!
2023-12-05 10:04:26,321 [main] INFO  http.BaseHttpServer (BaseHttpServer.java:updateConnectorAddress(354)) - HTTP server of hddsDatanode listening at http://0.0.0.0:15018
2023-12-05 10:04:26,322 [main] INFO  ipc.CallQueueManager (CallQueueManager.java:<init>(90)) - Using callQueue: class java.util.concurrent.LinkedBlockingQueue, queueCapacity: 100, scheduler: class org.apache.hadoop.ipc.DefaultRpcScheduler, ipcBackoff: false.
2023-12-05 10:04:26,322 [main] INFO  ipc.Server (Server.java:<init>(1287)) - Listener at 0.0.0.0:15019
2023-12-05 10:04:26,322 [Socket Reader #1 for port 15019] INFO  ipc.Server (Server.java:run(1323)) - Starting Socket Reader #1 for port 15019
2023-12-05 10:04:26,325 [main] INFO  ozone.HddsDatanodeService (HddsDatanodeService.java:start(324)) - Datanode start with admins: [runner]
2023-12-05 10:04:26,325 [main] INFO  ozone.HddsDatanodeClientProtocolServer (HddsDatanodeClientProtocolServer.java:start(72)) - RPC server for Client /0.0.0.0:15019
2023-12-05 10:04:26,328 [IPC Server Responder] INFO  ipc.Server (Server.java:run(1562)) - IPC Server Responder: starting
2023-12-05 10:04:26,330 [IPC Server listener on 15019] INFO  ipc.Server (Server.java:run(1402)) - IPC Server listener on 15019: starting
2023-12-05 10:04:26,332 [79948e16-d3d5-4c46-9c92-4c306a81da2e-DatanodeStateMachineDaemonThread] INFO  statemachine.DatanodeStateMachine (DatanodeStateMachine.java:lambda$startDaemon$1(555)) - Ozone container server started.
2023-12-05 10:04:26,332 [main] WARN  dropwizard3.Dm3MetricRegistriesImpl (Dm3MetricRegistriesImpl.java:addReporterRegistration(113)) - New reporters are added after registries were created. Some metrics will be missing from the reporter. Please add reporter before adding any new registry.
2023-12-05 10:04:26,333 [main] WARN  dropwizard3.Dm3MetricRegistriesImpl (Dm3MetricRegistriesImpl.java:addReporterRegistration(113)) - New reporters are added after registries were created. Some metrics will be missing from the reporter. Please add reporter before adding any new registry.
2023-12-05 10:04:26,333 [main] INFO  impl.MetricsSystemImpl (MetricsSystemImpl.java:init(158)) - HddsDatanode metrics system started (again)
2023-12-05 10:04:26,339 [79948e16-d3d5-4c46-9c92-4c306a81da2e-DatanodeStateMachineTaskThread-0] INFO  datanode.InitDatanodeState (InitDatanodeState.java:persistContainerDatanodeDetails(139)) - DatanodeDetails is persisted to /home/runner/work/ozone/ozone/hadoop-ozone/integration-test/target/test-dir/MiniOzoneClusterImpl-95f495f0-a26d-4c31-bdf8-5147ef8c128c/datanode-1/meta/datanode.id
2023-12-05 10:04:26,344 [main] INFO  ozone.HddsDatanodeService (HddsDatanodeService.java:start(239)) - HddsDatanodeService host:fv-az884-53.nlrrjjsaionubk4jys1hz1dhmg.bx.internal.cloudapp.net ip:10.1.0.7
2023-12-05 10:04:26,360 [main] INFO  upgrade.AbstractLayoutVersionManager (AbstractLayoutVersionManager.java:init(83)) - Initializing Layout version manager with metadata layout = HADOOP_PRC_PORTS_IN_DATANODEDETAILS (version = 7), software layout = HADOOP_PRC_PORTS_IN_DATANODEDETAILS (version = 7)
2023-12-05 10:04:26,361 [main] INFO  statemachine.DatanodeStateMachine (DatanodeStateMachine.java:getEndPointTaskThreadPoolSize(299)) - Datanode State Machine Task Thread Pool size 2
2023-12-05 10:04:26,363 [main] INFO  volume.HddsVolume (HddsVolume.java:<init>(126)) - Creating HddsVolume: /home/runner/work/ozone/ozone/hadoop-ozone/integration-test/target/test-dir/MiniOzoneClusterImpl-95f495f0-a26d-4c31-bdf8-5147ef8c128c/datanode-2/data-0/containers/hdds of storage type : DISK capacity : 9223372036854775807
2023-12-05 10:04:26,364 [main] INFO  volume.MutableVolumeSet (MutableVolumeSet.java:initializeVolumeSet(173)) - Added Volume : /home/runner/work/ozone/ozone/hadoop-ozone/integration-test/target/test-dir/MiniOzoneClusterImpl-95f495f0-a26d-4c31-bdf8-5147ef8c128c/datanode-2/data-0/containers/hdds to VolumeSet
2023-12-05 10:04:26,365 [main] INFO  volume.MutableVolumeSet (MutableVolumeSet.java:initializeVolumeSet(173)) - Added Volume : /home/runner/work/ozone/ozone/hadoop-ozone/integration-test/target/test-dir/MiniOzoneClusterImpl-95f495f0-a26d-4c31-bdf8-5147ef8c128c/datanode-2/data/ratis to VolumeSet
2023-12-05 10:04:26,366 [main] INFO  ozoneimpl.OzoneContainer (HddsVolumeUtil.java:loadAllHddsVolumeDbStore(103)) - Load 1 volumes DbStore cost: 0ms
2023-12-05 10:04:26,367 [de52aeb3-4e14-4dff-8d3c-f60b759b368a-ContainerReader-0] INFO  ozoneimpl.ContainerReader (ContainerReader.java:readVolume(177)) - Finish verifying containers on volume /home/runner/work/ozone/ozone/hadoop-ozone/integration-test/target/test-dir/MiniOzoneClusterImpl-95f495f0-a26d-4c31-bdf8-5147ef8c128c/datanode-2/data-0/containers/hdds
2023-12-05 10:04:26,367 [main] INFO  ozoneimpl.OzoneContainer (OzoneContainer.java:buildContainerSet(326)) - Build ContainerSet costs 0s
2023-12-05 10:04:26,370 [main] INFO  server.RaftServer (ConfUtils.java:logGet(46)) - raft.rpc.type = GRPC (default)
2023-12-05 10:04:26,370 [main] INFO  grpc.GrpcConfigKeys (ConfUtils.java:logFallback(53)) - raft.grpc.admin.host = null (fallback to raft.grpc.server.host)
2023-12-05 10:04:26,370 [main] INFO  grpc.GrpcConfigKeys (ConfUtils.java:logGet(46)) - raft.grpc.admin.port = 15031 (custom)
2023-12-05 10:04:26,371 [main] INFO  grpc.GrpcConfigKeys (ConfUtils.java:logFallback(53)) - raft.grpc.client.host = null (fallback to raft.grpc.server.host)
2023-12-05 10:04:26,371 [main] INFO  grpc.GrpcConfigKeys (ConfUtils.java:logGet(46)) - raft.grpc.client.port = 15030 (custom)
2023-12-05 10:04:26,371 [main] INFO  grpc.GrpcConfigKeys (ConfUtils.java:logGet(46)) - raft.grpc.server.host = null (default)
2023-12-05 10:04:26,371 [main] INFO  grpc.GrpcConfigKeys (ConfUtils.java:logGet(46)) - raft.grpc.server.port = 15032 (custom)
2023-12-05 10:04:26,372 [main] INFO  server.GrpcService (ConfUtils.java:logGet(46)) - raft.grpc.message.size.max = 32MB (=33554432) (custom)
2023-12-05 10:04:26,372 [main] INFO  server.RaftServerConfigKeys (ConfUtils.java:logGet(46)) - raft.server.log.appender.buffer.byte-limit = 8388608 (custom)
2023-12-05 10:04:26,372 [main] INFO  server.GrpcService (ConfUtils.java:logGet(46)) - raft.grpc.flow.control.window = 5MB (=5242880) (custom)
2023-12-05 10:04:26,372 [main] INFO  server.RaftServerConfigKeys (ConfUtils.java:logGet(46)) - raft.server.rpc.request.timeout = 60s (custom)
2023-12-05 10:04:26,372 [main] INFO  grpc.GrpcConfigKeys (ConfUtils.java:logGet(46)) - raft.grpc.server.heartbeat.channel = true (default)
2023-12-05 10:04:26,372 [main] INFO  grpc.GrpcConfigKeys (ConfUtils.java:logGet(46)) - raft.grpc.server.async.request.thread.pool.cached = true (default)
2023-12-05 10:04:26,373 [main] INFO  grpc.GrpcConfigKeys (ConfUtils.java:logGet(46)) - raft.grpc.server.async.request.thread.pool.size = 32 (default)
2023-12-05 10:04:26,375 [main] INFO  impl.DataStreamServerImpl (ConfUtils.java:logGet(46)) - raft.datastream.type = NETTY (custom)
2023-12-05 10:04:26,375 [main] INFO  server.RaftServerConfigKeys (ConfUtils.java:logGet(46)) - raft.server.data-stream.async.request.thread.pool.cached = false (default)
2023-12-05 10:04:26,375 [main] INFO  server.RaftServerConfigKeys (ConfUtils.java:logGet(46)) - raft.server.data-stream.async.request.thread.pool.size = 20 (custom)
2023-12-05 10:04:26,376 [main] INFO  server.RaftServerConfigKeys (ConfUtils.java:logGet(46)) - raft.server.data-stream.async.write.thread.pool.size = 16 (default)
2023-12-05 10:04:26,376 [main] INFO  netty.NettyConfigKeys$DataStream (ConfUtils.java:logGet(46)) - raft.netty.dataStream.server.channel.inactive.grace-period = 10min (default)
2023-12-05 10:04:26,376 [main] INFO  server.RaftServerConfigKeys (ConfUtils.java:logGet(46)) - raft.server.data-stream.client.pool.size = 10 (default)
2023-12-05 10:04:26,376 [main] INFO  netty.NettyConfigKeys$DataStream (ConfUtils.java:logGet(46)) - raft.netty.dataStream.server.use-epoll = true (default)
2023-12-05 10:04:26,376 [main] INFO  netty.NettyConfigKeys$DataStream (ConfUtils.java:logGet(46)) - raft.netty.dataStream.server.boss-group.size = 0 (default)
2023-12-05 10:04:26,377 [main] INFO  netty.NettyUtils (NettyUtils.java:newEventLoopGroup(69)) - Create EpollEventLoopGroup for de52aeb3-4e14-4dff-8d3c-f60b759b368a-NettyServerStreamRpc-bossGroup; Thread size is 0.
2023-12-05 10:04:26,377 [main] INFO  netty.NettyConfigKeys$DataStream (ConfUtils.java:logGet(46)) - raft.netty.dataStream.server.worker-group.size = 0 (default)
2023-12-05 10:04:26,377 [main] INFO  netty.NettyUtils (NettyUtils.java:newEventLoopGroup(69)) - Create EpollEventLoopGroup for de52aeb3-4e14-4dff-8d3c-f60b759b368a-NettyServerStreamRpc-workerGroup; Thread size is 0.
2023-12-05 10:04:26,378 [main] INFO  netty.NettyConfigKeys$DataStream (ConfUtils.java:logGet(46)) - raft.netty.dataStream.server.tls.conf = null (default)
2023-12-05 10:04:26,378 [main] INFO  netty.NettyConfigKeys$DataStream (ConfUtils.java:logGet(46)) - raft.netty.dataStream.host = null (default)
2023-12-05 10:04:26,378 [main] INFO  netty.NettyConfigKeys$DataStream (ConfUtils.java:logGet(46)) - raft.netty.dataStream.port = 15033 (custom)
2023-12-05 10:04:26,379 [main] INFO  server.RaftServerConfigKeys (ConfUtils.java:logGet(46)) - raft.server.sleep.deviation.threshold = 300ms (default)
2023-12-05 10:04:26,379 [main] INFO  server.RaftServerConfigKeys (ConfUtils.java:logGet(46)) - raft.server.close.threshold = 60s (default)
2023-12-05 10:04:26,380 [de52aeb3-4e14-4dff-8d3c-f60b759b368a-NettyServerStreamRpc-bossGroup--thread1] INFO  logging.LoggingHandler (AbstractInternalLogger.java:log(148)) - [id: 0x0babdcdb] REGISTERED
2023-12-05 10:04:26,380 [main] INFO  server.RaftServerConfigKeys (ConfUtils.java:logGet(46)) - raft.server.leaderelection.leader.step-down.wait-time = 10s (default)
2023-12-05 10:04:26,380 [de52aeb3-4e14-4dff-8d3c-f60b759b368a-NettyServerStreamRpc-bossGroup--thread1] INFO  logging.LoggingHandler (AbstractInternalLogger.java:log(148)) - [id: 0x0babdcdb] BIND: 0.0.0.0/0.0.0.0:15033
2023-12-05 10:04:26,380 [main] INFO  server.RaftServerConfigKeys (ConfUtils.java:logGet(46)) - raft.server.storage.dir = [/home/runner/work/ozone/ozone/hadoop-ozone/integration-test/target/test-dir/MiniOzoneClusterImpl-95f495f0-a26d-4c31-bdf8-5147ef8c128c/datanode-2/data/ratis] (custom)
2023-12-05 10:04:26,380 [de52aeb3-4e14-4dff-8d3c-f60b759b368a-NettyServerStreamRpc-bossGroup--thread1] INFO  logging.LoggingHandler (AbstractInternalLogger.java:log(148)) - [id: 0x0babdcdb, L:/0.0.0.0:15033] ACTIVE
2023-12-05 10:04:26,381 [main] INFO  server.RaftServerConfigKeys (ConfUtils.java:logGet(46)) - raft.server.threadpool.proxy.cached = true (default)
2023-12-05 10:04:26,381 [main] INFO  server.RaftServerConfigKeys (ConfUtils.java:logGet(46)) - raft.server.threadpool.proxy.size = 0 (default)
2023-12-05 10:04:26,381 [de52aeb3-4e14-4dff-8d3c-f60b759b368a-impl-thread1] INFO  server.RaftServer (RaftServerProxy.java:initGroupDir(264)) - de52aeb3-4e14-4dff-8d3c-f60b759b368a: found a subdirectory /home/runner/work/ozone/ozone/hadoop-ozone/integration-test/target/test-dir/MiniOzoneClusterImpl-95f495f0-a26d-4c31-bdf8-5147ef8c128c/datanode-2/data/ratis/tmp
2023-12-05 10:04:26,381 [de52aeb3-4e14-4dff-8d3c-f60b759b368a-impl-thread1] INFO  server.RaftServer (RaftServerProxy.java:initGroupDir(269)) - de52aeb3-4e14-4dff-8d3c-f60b759b368a: The directory /home/runner/work/ozone/ozone/hadoop-ozone/integration-test/target/test-dir/MiniOzoneClusterImpl-95f495f0-a26d-4c31-bdf8-5147ef8c128c/datanode-2/data/ratis/tmp is not a group directory; ignoring it. 
2023-12-05 10:04:26,382 [main] INFO  replication.ReplicationServer (ReplicationServer.java:<init>(85)) - Initializing replication server with thread count = 10 queue length = 4096
2023-12-05 10:04:26,383 [main] INFO  server.XceiverServerGrpc (XceiverServerGrpc.java:<init>(141)) - GrpcServer channel type EpollServerSocketChannel
2023-12-05 10:04:26,385 [main] INFO  replication.ReplicationSupervisor (ReplicationSupervisor.java:build(163)) - Initializing replication supervisor with thread count = 10
2023-12-05 10:04:26,385 [main] INFO  replication.ReplicationSupervisor (ReplicationSupervisor.java:nodeStateUpdated(317)) - Node state updated to IN_SERVICE, scaling executor pool size to 10
2023-12-05 10:04:26,388 [main] INFO  http.BaseHttpServer (BaseHttpServer.java:newHttpServer2BuilderForOzone(223)) - Starting Web-server for hddsDatanode at: http://0.0.0.0:15027
2023-12-05 10:04:26,388 [main] INFO  http.BaseHttpServer (BaseHttpServer.java:<init>(110)) - Hadoop Security Enabled: false Ozone Security Enabled: false Ozone HTTP Security Enabled: false 
2023-12-05 10:04:26,389 [main] WARN  server.AuthenticationFilter (AuthenticationFilter.java:constructSecretProvider(240)) - Unable to initialize FileSignerSecretProvider, falling back to use random secrets. Reason: Could not read signature secret file: /home/runner/hadoop-http-auth-signature-secret
2023-12-05 10:04:26,390 [main] INFO  http.HttpRequestLog (HttpRequestLog.java:getRequestLog(86)) - Http request log for http.requests.hddsDatanode is not defined
2023-12-05 10:04:26,391 [main] INFO  http.HttpServer2 (HttpServer2.java:addGlobalFilter(1031)) - Added global filter 'safety' (class=org.apache.hadoop.hdds.server.http.HttpServer2$QuotingInputFilter)
2023-12-05 10:04:26,392 [main] INFO  http.HttpServer2 (HttpServer2.java:addFilter(1007)) - Added filter static_user_filter (class=org.apache.hadoop.http.lib.StaticUserWebFilter$StaticUserFilter) to context hddsDatanode
2023-12-05 10:04:26,392 [main] INFO  http.HttpServer2 (HttpServer2.java:addFilter(1015)) - Added filter static_user_filter (class=org.apache.hadoop.http.lib.StaticUserWebFilter$StaticUserFilter) to context logs
2023-12-05 10:04:26,392 [main] INFO  http.HttpServer2 (HttpServer2.java:addFilter(1015)) - Added filter static_user_filter (class=org.apache.hadoop.http.lib.StaticUserWebFilter$StaticUserFilter) to context static
2023-12-05 10:04:26,393 [main] INFO  http.BaseHttpServer (BaseHttpServer.java:<init>(189)) - HTTP server of hddsDatanode uses base directory /home/runner/work/ozone/ozone/hadoop-ozone/integration-test/target/test-dir/MiniOzoneClusterImpl-95f495f0-a26d-4c31-bdf8-5147ef8c128c/datanode-2/meta/webserver
2023-12-05 10:04:26,393 [main] INFO  http.HttpServer2 (HttpServer2.java:bindListener(1231)) - Jetty bound to port 15027
2023-12-05 10:04:26,393 [main] INFO  server.Server (Server.java:doStart(375)) - jetty-9.4.53.v20231009; built: 2023-10-09T12:29:09.265Z; git: 27bde00a0b95a1d5bbee0eae7984f891d2d0f8c9; jvm 1.8.0_392-b08
2023-12-05 10:04:26,395 [main] INFO  server.session (DefaultSessionIdManager.java:doStart(334)) - DefaultSessionIdManager workerName=node0
2023-12-05 10:04:26,395 [main] INFO  server.session (DefaultSessionIdManager.java:doStart(339)) - No SessionScavenger set, using defaults
2023-12-05 10:04:26,396 [main] INFO  server.session (HouseKeeper.java:startScavenging(132)) - node0 Scavenging every 600000ms
2023-12-05 10:04:26,396 [main] INFO  handler.ContextHandler (ContextHandler.java:doStart(921)) - Started o.e.j.s.ServletContextHandler@2c013860{logs,/logs,file:///home/runner/work/ozone/ozone/hadoop-ozone/integration-test/target/log,AVAILABLE}
2023-12-05 10:04:26,397 [main] INFO  handler.ContextHandler (ContextHandler.java:doStart(921)) - Started o.e.j.s.ServletContextHandler@45d34ddc{static,/static,jar:file:/home/runner/.m2/repository/org/apache/ozone/hdds-container-service/1.4.0-SNAPSHOT/hdds-container-service-1.4.0-SNAPSHOT.jar!/webapps/static,AVAILABLE}
2023-12-05 10:04:26,432 [main] INFO  handler.ContextHandler (ContextHandler.java:doStart(921)) - Started o.e.j.w.WebAppContext@168bcf44{hddsDatanode,/,file:///home/runner/work/ozone/ozone/hadoop-ozone/integration-test/target/test-dir/MiniOzoneClusterImpl-95f495f0-a26d-4c31-bdf8-5147ef8c128c/datanode-2/meta/webserver/jetty-0_0_0_0-15027-hdds-container-service-1_4_0-SNAPSHOT_jar-_-any-8571197870159451595/webapp/,AVAILABLE}{jar:file:/home/runner/.m2/repository/org/apache/ozone/hdds-container-service/1.4.0-SNAPSHOT/hdds-container-service-1.4.0-SNAPSHOT.jar!/webapps/hddsDatanode}
2023-12-05 10:04:26,434 [main] INFO  server.AbstractConnector (AbstractConnector.java:doStart(333)) - Started ServerConnector@4334b9fd{HTTP/1.1, (http/1.1)}{0.0.0.0:15027}
2023-12-05 10:04:26,435 [main] INFO  server.Server (Server.java:doStart(415)) - Started @7099ms
2023-12-05 10:04:26,435 [main] WARN  impl.MetricsSystemImpl (MetricsSystemImpl.java:register(279)) - Sink prometheus already exists!
2023-12-05 10:04:26,436 [main] INFO  http.BaseHttpServer (BaseHttpServer.java:updateConnectorAddress(354)) - HTTP server of hddsDatanode listening at http://0.0.0.0:15027
2023-12-05 10:04:26,436 [main] INFO  ipc.CallQueueManager (CallQueueManager.java:<init>(90)) - Using callQueue: class java.util.concurrent.LinkedBlockingQueue, queueCapacity: 100, scheduler: class org.apache.hadoop.ipc.DefaultRpcScheduler, ipcBackoff: false.
2023-12-05 10:04:26,437 [main] INFO  ipc.Server (Server.java:<init>(1287)) - Listener at 0.0.0.0:15028
2023-12-05 10:04:26,439 [Socket Reader #1 for port 15028] INFO  ipc.Server (Server.java:run(1323)) - Starting Socket Reader #1 for port 15028
2023-12-05 10:04:26,445 [main] INFO  ozone.HddsDatanodeService (HddsDatanodeService.java:start(324)) - Datanode start with admins: [runner]
2023-12-05 10:04:26,445 [main] INFO  ozone.HddsDatanodeClientProtocolServer (HddsDatanodeClientProtocolServer.java:start(72)) - RPC server for Client /0.0.0.0:15028
2023-12-05 10:04:26,446 [IPC Server Responder] INFO  ipc.Server (Server.java:run(1562)) - IPC Server Responder: starting
2023-12-05 10:04:26,446 [IPC Server listener on 15028] INFO  ipc.Server (Server.java:run(1402)) - IPC Server listener on 15028: starting
2023-12-05 10:04:26,446 [de52aeb3-4e14-4dff-8d3c-f60b759b368a-DatanodeStateMachineDaemonThread] INFO  statemachine.DatanodeStateMachine (DatanodeStateMachine.java:lambda$startDaemon$1(555)) - Ozone container server started.
2023-12-05 10:04:26,447 [main] INFO  ozone.MiniOzoneClusterImpl (MiniOzoneClusterImpl.java:lambda$waitForClusterToBeReady$0(229)) - Waiting for nodes to be ready. Got 0 of 3 DN Heartbeats.
2023-12-05 10:04:26,447 [main] INFO  ozone.MiniOzoneClusterImpl (MiniOzoneClusterImpl.java:lambda$waitForClusterToBeReady$0(232)) - Waiting for cluster to exit safe mode
2023-12-05 10:04:26,447 [main] INFO  ozone.MiniOzoneClusterImpl (MiniOzoneClusterImpl.java:lambda$waitForClusterToBeReady$0(234)) - SCM became leader
2023-12-05 10:04:26,456 [de52aeb3-4e14-4dff-8d3c-f60b759b368a-DatanodeStateMachineTaskThread-0] INFO  datanode.InitDatanodeState (InitDatanodeState.java:persistContainerDatanodeDetails(139)) - DatanodeDetails is persisted to /home/runner/work/ozone/ozone/hadoop-ozone/integration-test/target/test-dir/MiniOzoneClusterImpl-95f495f0-a26d-4c31-bdf8-5147ef8c128c/datanode-2/meta/datanode.id
2023-12-05 10:04:26,697 [om1@group-C5BA1605619E-FollowerState] INFO  impl.FollowerState (FollowerState.java:run(143)) - om1@group-C5BA1605619E-FollowerState: change to CANDIDATE, lastRpcElapsedTime:1195669054ns, electionTimeout:1189ms
2023-12-05 10:04:26,697 [om1@group-C5BA1605619E-FollowerState] INFO  impl.RoleInfo (RoleInfo.java:shutdownFollowerState(110)) - om1: shutdown om1@group-C5BA1605619E-FollowerState
2023-12-05 10:04:26,698 [om1@group-C5BA1605619E-FollowerState] INFO  server.RaftServer$Division (RaftServerImpl.java:setRole(379)) - om1@group-C5BA1605619E: changes role from  FOLLOWER to CANDIDATE at term 0 for changeToCandidate
2023-12-05 10:04:26,701 [om1@group-C5BA1605619E-FollowerState] INFO  server.RaftServerConfigKeys (ConfUtils.java:logGet(46)) - raft.server.leaderelection.pre-vote = true (default)
2023-12-05 10:04:26,701 [om1@group-C5BA1605619E-FollowerState] INFO  impl.RoleInfo (RoleInfo.java:updateAndGet(139)) - om1: start om1@group-C5BA1605619E-LeaderElection1
2023-12-05 10:04:26,704 [om1@group-C5BA1605619E-LeaderElection1] INFO  impl.LeaderElection (LeaderElection.java:askForVotes(323)) - om1@group-C5BA1605619E-LeaderElection1 PRE_VOTE round 0: submit vote requests at term 0 for -1: peers:[om1|localhost:15007]|listeners:[], old=null
2023-12-05 10:04:26,704 [om1@group-C5BA1605619E-LeaderElection1] INFO  impl.LeaderElection (LeaderElection.java:askForVotes(325)) - om1@group-C5BA1605619E-LeaderElection1 PRE_VOTE round 0: result PASSED (term=0)
2023-12-05 10:04:26,706 [om1@group-C5BA1605619E-LeaderElection1] INFO  impl.LeaderElection (LeaderElection.java:askForVotes(323)) - om1@group-C5BA1605619E-LeaderElection1 ELECTION round 0: submit vote requests at term 1 for -1: peers:[om1|localhost:15007]|listeners:[], old=null
2023-12-05 10:04:26,706 [om1@group-C5BA1605619E-LeaderElection1] INFO  impl.LeaderElection (LeaderElection.java:askForVotes(325)) - om1@group-C5BA1605619E-LeaderElection1 ELECTION round 0: result PASSED (term=1)
2023-12-05 10:04:26,706 [om1@group-C5BA1605619E-LeaderElection1] INFO  impl.RoleInfo (RoleInfo.java:shutdownLeaderElection(130)) - om1: shutdown om1@group-C5BA1605619E-LeaderElection1
2023-12-05 10:04:26,707 [om1@group-C5BA1605619E-LeaderElection1] INFO  server.RaftServer$Division (RaftServerImpl.java:setRole(379)) - om1@group-C5BA1605619E: changes role from CANDIDATE to LEADER at term 1 for changeToLeader
2023-12-05 10:04:26,711 [om1@group-C5BA1605619E-LeaderElection1] INFO  server.RaftServerConfigKeys (ConfUtils.java:logGet(46)) - raft.server.staging.catchup.gap = 1000 (default)
2023-12-05 10:04:26,714 [om1@group-C5BA1605619E-LeaderElection1] INFO  server.RaftServerConfigKeys (ConfUtils.java:logGet(46)) - raft.server.write.element-limit = 4096 (default)
2023-12-05 10:04:26,715 [om1@group-C5BA1605619E-LeaderElection1] INFO  server.RaftServerConfigKeys (ConfUtils.java:logGet(46)) - raft.server.write.byte-limit = 64MB (=67108864) (default)
2023-12-05 10:04:26,717 [om1@group-C5BA1605619E-LeaderElection1] INFO  server.RaftServerConfigKeys (ConfUtils.java:logGet(46)) - raft.server.watch.timeout = 10s (default)
2023-12-05 10:04:26,717 [om1@group-C5BA1605619E-LeaderElection1] INFO  server.RaftServerConfigKeys (ConfUtils.java:logGet(46)) - raft.server.watch.timeout.denomination = 1s (default)
2023-12-05 10:04:26,718 [om1@group-C5BA1605619E-LeaderElection1] INFO  server.RaftServerConfigKeys (ConfUtils.java:logGet(46)) - raft.server.watch.element-limit = 65536 (default)
2023-12-05 10:04:26,721 [om1@group-C5BA1605619E-LeaderElection1] INFO  server.RaftServerConfigKeys (ConfUtils.java:logGet(46)) - raft.server.read.leader.lease.enabled = false (default)
2023-12-05 10:04:26,723 [om1@group-C5BA1605619E-LeaderElection1] INFO  server.RaftServerConfigKeys (ConfUtils.java:logGet(46)) - raft.server.read.leader.lease.timeout.ratio = 0.9 (default)
2023-12-05 10:04:26,723 [om1@group-C5BA1605619E-LeaderElection1] INFO  server.RaftServerConfigKeys (ConfUtils.java:logGet(46)) - raft.server.rpc.timeout.min = 1s (custom)
2023-12-05 10:04:26,723 [om1@group-C5BA1605619E-LeaderElection1] INFO  server.RaftServerConfigKeys (ConfUtils.java:logGet(46)) - raft.server.write.element-limit = 4096 (default)
2023-12-05 10:04:26,723 [om1@group-C5BA1605619E-LeaderElection1] INFO  server.RaftServerConfigKeys (ConfUtils.java:logGet(46)) - raft.server.write.follower.gap.ratio.max = -1.0 (default)
2023-12-05 10:04:26,724 [om1@group-C5BA1605619E-LeaderElection1] INFO  impl.RoleInfo (RoleInfo.java:updateAndGet(139)) - om1: start om1@group-C5BA1605619E-LeaderStateImpl
2023-12-05 10:04:26,725 [om1@group-C5BA1605619E-LeaderElection1] INFO  server.RaftServer$Division (RaftServerImpl.java:setFirstElection(564)) - om1@group-C5BA1605619E: set firstElectionSinceStartup to false for becomeLeader
2023-12-05 10:04:26,726 [om1@group-C5BA1605619E-LeaderElection1] INFO  server.RaftServer$Division (ServerState.java:setLeader(265)) - om1@group-C5BA1605619E: change Leader from null to om1 at term 1 for becomeLeader, leader elected after 2092ms
2023-12-05 10:04:26,742 [om1@group-C5BA1605619E-LeaderElection1] INFO  segmented.SegmentedRaftLogWorker (SegmentedRaftLogWorker.java:startLogSegment(428)) - om1@group-C5BA1605619E-SegmentedRaftLogWorker: Starting segment from index:0
2023-12-05 10:04:26,760 [om1@group-C5BA1605619E-LeaderElection1] INFO  server.RaftServer$Division (ServerState.java:setRaftConf(382)) - om1@group-C5BA1605619E: set configuration 0: peers:[om1|localhost:15007]|listeners:[], old=null
2023-12-05 10:04:26,819 [om1@group-C5BA1605619E-SegmentedRaftLogWorker] INFO  segmented.SegmentedRaftLogWorker (SegmentedRaftLogWorker.java:execute(632)) - om1@group-C5BA1605619E-SegmentedRaftLogWorker: created new log segment /home/runner/work/ozone/ozone/hadoop-ozone/integration-test/target/test-dir/MiniOzoneClusterImpl-95f495f0-a26d-4c31-bdf8-5147ef8c128c/ozone-meta/ratis/bf265839-605b-3f16-9796-c5ba1605619e/current/log_inprogress_0
2023-12-05 10:04:26,890 [om1@group-C5BA1605619E-StateMachineUpdater] INFO  ratis.OzoneManagerStateMachine (OzoneManagerStateMachine.java:notifyConfigurationChanged(210)) - Received Configuration change notification from Ratis. New Peer list:
[id: "om1"
address: "localhost:15007"
startupRole: FOLLOWER
]
2023-12-05 10:04:26,891 [om1@group-C5BA1605619E-StateMachineUpdater] INFO  server.RaftServer$Division (LeaderStateImpl.java:isApplied(316)) - leader is ready since appliedIndex == 0 >= startIndex == 0
2023-12-05 10:04:27,447 [main] INFO  ozone.MiniOzoneClusterImpl (MiniOzoneClusterImpl.java:lambda$waitForClusterToBeReady$0(229)) - Waiting for nodes to be ready. Got 0 of 3 DN Heartbeats.
2023-12-05 10:04:27,448 [main] INFO  ozone.MiniOzoneClusterImpl (MiniOzoneClusterImpl.java:lambda$waitForClusterToBeReady$0(232)) - Waiting for cluster to exit safe mode
2023-12-05 10:04:27,448 [main] INFO  ozone.MiniOzoneClusterImpl (MiniOzoneClusterImpl.java:lambda$waitForClusterToBeReady$0(234)) - SCM became leader
2023-12-05 10:04:28,299 [26f359c8-b8a0-48ca-adf0-1f6b26ee8905-EndpointStateMachineTaskThread-/0.0.0.0:15002-0 ] INFO  utils.DatanodeStoreCache (DatanodeStoreCache.java:addDB(66)) - Added db /home/runner/work/ozone/ozone/hadoop-ozone/integration-test/target/test-dir/MiniOzoneClusterImpl-95f495f0-a26d-4c31-bdf8-5147ef8c128c/datanode-0/data-0/containers/hdds/95f495f0-a26d-4c31-bdf8-5147ef8c128c/DS-e2ff4269-2677-4f71-9fa2-22aa564a32c1/container.db to cache
2023-12-05 10:04:28,299 [26f359c8-b8a0-48ca-adf0-1f6b26ee8905-EndpointStateMachineTaskThread-/0.0.0.0:15002-0 ] INFO  volume.HddsVolume (HddsVolume.java:createDbStore(422)) - SchemaV3 db is created and loaded at /home/runner/work/ozone/ozone/hadoop-ozone/integration-test/target/test-dir/MiniOzoneClusterImpl-95f495f0-a26d-4c31-bdf8-5147ef8c128c/datanode-0/data-0/containers/hdds/95f495f0-a26d-4c31-bdf8-5147ef8c128c/DS-e2ff4269-2677-4f71-9fa2-22aa564a32c1/container.db for volume DS-e2ff4269-2677-4f71-9fa2-22aa564a32c1
2023-12-05 10:04:28,301 [26f359c8-b8a0-48ca-adf0-1f6b26ee8905-EndpointStateMachineTaskThread-/0.0.0.0:15002-0 ] INFO  volume.ThrottledAsyncChecker (ThrottledAsyncChecker.java:schedule(141)) - Scheduling a check for /home/runner/work/ozone/ozone/hadoop-ozone/integration-test/target/test-dir/MiniOzoneClusterImpl-95f495f0-a26d-4c31-bdf8-5147ef8c128c/datanode-0/data-0/containers/hdds
2023-12-05 10:04:28,312 [26f359c8-b8a0-48ca-adf0-1f6b26ee8905-EndpointStateMachineTaskThread-/0.0.0.0:15002-0 ] INFO  volume.StorageVolumeChecker (StorageVolumeChecker.java:checkAllVolumes(218)) - Scheduled health check for volume /home/runner/work/ozone/ozone/hadoop-ozone/integration-test/target/test-dir/MiniOzoneClusterImpl-95f495f0-a26d-4c31-bdf8-5147ef8c128c/datanode-0/data-0/containers/hdds
2023-12-05 10:04:28,313 [26f359c8-b8a0-48ca-adf0-1f6b26ee8905-EndpointStateMachineTaskThread-/0.0.0.0:15002-0 ] INFO  volume.ThrottledAsyncChecker (ThrottledAsyncChecker.java:schedule(141)) - Scheduling a check for /home/runner/work/ozone/ozone/hadoop-ozone/integration-test/target/test-dir/MiniOzoneClusterImpl-95f495f0-a26d-4c31-bdf8-5147ef8c128c/datanode-0/data/ratis
2023-12-05 10:04:28,313 [26f359c8-b8a0-48ca-adf0-1f6b26ee8905-EndpointStateMachineTaskThread-/0.0.0.0:15002-0 ] INFO  volume.StorageVolumeChecker (StorageVolumeChecker.java:checkAllVolumes(218)) - Scheduled health check for volume /home/runner/work/ozone/ozone/hadoop-ozone/integration-test/target/test-dir/MiniOzoneClusterImpl-95f495f0-a26d-4c31-bdf8-5147ef8c128c/datanode-0/data/ratis
2023-12-05 10:04:28,314 [26f359c8-b8a0-48ca-adf0-1f6b26ee8905-EndpointStateMachineTaskThread-/0.0.0.0:15002-0 ] INFO  ozoneimpl.OzoneContainer (OzoneContainer.java:start(441)) - Attempting to start container services.
2023-12-05 10:04:28,316 [26f359c8-b8a0-48ca-adf0-1f6b26ee8905-EndpointStateMachineTaskThread-/0.0.0.0:15002-0 ] INFO  ozoneimpl.OzoneContainer (OzoneContainer.java:startContainerScrub(337)) - Scheduled background container scanners and the on-demand container scanner have been disabled.
2023-12-05 10:04:28,317 [26f359c8-b8a0-48ca-adf0-1f6b26ee8905-EndpointStateMachineTaskThread-/0.0.0.0:15002-0 ] INFO  replication.ReplicationServer (ReplicationServer.java:start(139)) - ReplicationServer is started using port 15016
2023-12-05 10:04:28,318 [26f359c8-b8a0-48ca-adf0-1f6b26ee8905-EndpointStateMachineTaskThread-/0.0.0.0:15002-0 ] INFO  ratis.XceiverServerRatis (XceiverServerRatis.java:start(548)) - Starting XceiverServerRatis 26f359c8-b8a0-48ca-adf0-1f6b26ee8905
2023-12-05 10:04:28,318 [26f359c8-b8a0-48ca-adf0-1f6b26ee8905-EndpointStateMachineTaskThread-/0.0.0.0:15002-0 ] INFO  server.RaftServer (RaftServerProxy.java:startImpl(406)) - 26f359c8-b8a0-48ca-adf0-1f6b26ee8905: start RPC server
2023-12-05 10:04:28,319 [26f359c8-b8a0-48ca-adf0-1f6b26ee8905-EndpointStateMachineTaskThread-/0.0.0.0:15002-0 ] INFO  server.GrpcService (GrpcService.java:startImpl(302)) - 26f359c8-b8a0-48ca-adf0-1f6b26ee8905: GrpcService started, listening on 15012
2023-12-05 10:04:28,321 [26f359c8-b8a0-48ca-adf0-1f6b26ee8905-EndpointStateMachineTaskThread-/0.0.0.0:15002-0 ] INFO  server.GrpcService (GrpcService.java:startImpl(302)) - 26f359c8-b8a0-48ca-adf0-1f6b26ee8905: GrpcService started, listening on 15014
2023-12-05 10:04:28,321 [26f359c8-b8a0-48ca-adf0-1f6b26ee8905-EndpointStateMachineTaskThread-/0.0.0.0:15002-0 ] INFO  server.GrpcService (GrpcService.java:startImpl(302)) - 26f359c8-b8a0-48ca-adf0-1f6b26ee8905: GrpcService started, listening on 15013
2023-12-05 10:04:28,322 [JvmPauseMonitor2] INFO  util.JvmPauseMonitor (JvmPauseMonitor.java:run(146)) - JvmPauseMonitor-26f359c8-b8a0-48ca-adf0-1f6b26ee8905: Started
2023-12-05 10:04:28,322 [26f359c8-b8a0-48ca-adf0-1f6b26ee8905-EndpointStateMachineTaskThread-/0.0.0.0:15002-0 ] INFO  ratis.XceiverServerRatis (XceiverServerRatis.java:getRealPort(574)) - XceiverServerRatis 26f359c8-b8a0-48ca-adf0-1f6b26ee8905 is started using port 15012 for RATIS
2023-12-05 10:04:28,322 [26f359c8-b8a0-48ca-adf0-1f6b26ee8905-EndpointStateMachineTaskThread-/0.0.0.0:15002-0 ] INFO  ratis.XceiverServerRatis (XceiverServerRatis.java:getRealPort(574)) - XceiverServerRatis 26f359c8-b8a0-48ca-adf0-1f6b26ee8905 is started using port 15013 for RATIS_ADMIN
2023-12-05 10:04:28,322 [26f359c8-b8a0-48ca-adf0-1f6b26ee8905-EndpointStateMachineTaskThread-/0.0.0.0:15002-0 ] INFO  ratis.XceiverServerRatis (XceiverServerRatis.java:getRealPort(574)) - XceiverServerRatis 26f359c8-b8a0-48ca-adf0-1f6b26ee8905 is started using port 15014 for RATIS_SERVER
2023-12-05 10:04:28,322 [26f359c8-b8a0-48ca-adf0-1f6b26ee8905-EndpointStateMachineTaskThread-/0.0.0.0:15002-0 ] INFO  ratis.XceiverServerRatis (XceiverServerRatis.java:getRealPort(574)) - XceiverServerRatis 26f359c8-b8a0-48ca-adf0-1f6b26ee8905 is started using port 15015 for RATIS_DATASTREAM
2023-12-05 10:04:28,327 [26f359c8-b8a0-48ca-adf0-1f6b26ee8905-BlockDeletingService#0] INFO  interfaces.ContainerDeletionChoosingPolicyTemplate (ContainerDeletionChoosingPolicyTemplate.java:chooseContainerForBlockDeletion(85)) - Chosen 0/5000 blocks from 0 candidate containers.
2023-12-05 10:04:28,363 [79948e16-d3d5-4c46-9c92-4c306a81da2e-EndpointStateMachineTaskThread-/0.0.0.0:15002-0 ] INFO  utils.DatanodeStoreCache (DatanodeStoreCache.java:addDB(66)) - Added db /home/runner/work/ozone/ozone/hadoop-ozone/integration-test/target/test-dir/MiniOzoneClusterImpl-95f495f0-a26d-4c31-bdf8-5147ef8c128c/datanode-1/data-0/containers/hdds/95f495f0-a26d-4c31-bdf8-5147ef8c128c/DS-2138496d-14d0-4d64-9e77-36327fd5f83b/container.db to cache
2023-12-05 10:04:28,364 [79948e16-d3d5-4c46-9c92-4c306a81da2e-EndpointStateMachineTaskThread-/0.0.0.0:15002-0 ] INFO  volume.HddsVolume (HddsVolume.java:createDbStore(422)) - SchemaV3 db is created and loaded at /home/runner/work/ozone/ozone/hadoop-ozone/integration-test/target/test-dir/MiniOzoneClusterImpl-95f495f0-a26d-4c31-bdf8-5147ef8c128c/datanode-1/data-0/containers/hdds/95f495f0-a26d-4c31-bdf8-5147ef8c128c/DS-2138496d-14d0-4d64-9e77-36327fd5f83b/container.db for volume DS-2138496d-14d0-4d64-9e77-36327fd5f83b
2023-12-05 10:04:28,364 [79948e16-d3d5-4c46-9c92-4c306a81da2e-EndpointStateMachineTaskThread-/0.0.0.0:15002-0 ] INFO  volume.ThrottledAsyncChecker (ThrottledAsyncChecker.java:schedule(141)) - Scheduling a check for /home/runner/work/ozone/ozone/hadoop-ozone/integration-test/target/test-dir/MiniOzoneClusterImpl-95f495f0-a26d-4c31-bdf8-5147ef8c128c/datanode-1/data-0/containers/hdds
2023-12-05 10:04:28,368 [79948e16-d3d5-4c46-9c92-4c306a81da2e-EndpointStateMachineTaskThread-/0.0.0.0:15002-0 ] INFO  volume.StorageVolumeChecker (StorageVolumeChecker.java:checkAllVolumes(218)) - Scheduled health check for volume /home/runner/work/ozone/ozone/hadoop-ozone/integration-test/target/test-dir/MiniOzoneClusterImpl-95f495f0-a26d-4c31-bdf8-5147ef8c128c/datanode-1/data-0/containers/hdds
2023-12-05 10:04:28,370 [79948e16-d3d5-4c46-9c92-4c306a81da2e-EndpointStateMachineTaskThread-/0.0.0.0:15002-0 ] INFO  volume.ThrottledAsyncChecker (ThrottledAsyncChecker.java:schedule(141)) - Scheduling a check for /home/runner/work/ozone/ozone/hadoop-ozone/integration-test/target/test-dir/MiniOzoneClusterImpl-95f495f0-a26d-4c31-bdf8-5147ef8c128c/datanode-1/data/ratis
2023-12-05 10:04:28,370 [79948e16-d3d5-4c46-9c92-4c306a81da2e-EndpointStateMachineTaskThread-/0.0.0.0:15002-0 ] INFO  volume.StorageVolumeChecker (StorageVolumeChecker.java:checkAllVolumes(218)) - Scheduled health check for volume /home/runner/work/ozone/ozone/hadoop-ozone/integration-test/target/test-dir/MiniOzoneClusterImpl-95f495f0-a26d-4c31-bdf8-5147ef8c128c/datanode-1/data/ratis
2023-12-05 10:04:28,371 [79948e16-d3d5-4c46-9c92-4c306a81da2e-EndpointStateMachineTaskThread-/0.0.0.0:15002-0 ] INFO  ozoneimpl.OzoneContainer (OzoneContainer.java:start(441)) - Attempting to start container services.
2023-12-05 10:04:28,371 [79948e16-d3d5-4c46-9c92-4c306a81da2e-EndpointStateMachineTaskThread-/0.0.0.0:15002-0 ] INFO  ozoneimpl.OzoneContainer (OzoneContainer.java:startContainerScrub(337)) - Scheduled background container scanners and the on-demand container scanner have been disabled.
2023-12-05 10:04:28,372 [79948e16-d3d5-4c46-9c92-4c306a81da2e-EndpointStateMachineTaskThread-/0.0.0.0:15002-0 ] INFO  replication.ReplicationServer (ReplicationServer.java:start(139)) - ReplicationServer is started using port 15025
2023-12-05 10:04:28,372 [79948e16-d3d5-4c46-9c92-4c306a81da2e-EndpointStateMachineTaskThread-/0.0.0.0:15002-0 ] INFO  ratis.XceiverServerRatis (XceiverServerRatis.java:start(548)) - Starting XceiverServerRatis 79948e16-d3d5-4c46-9c92-4c306a81da2e
2023-12-05 10:04:28,379 [79948e16-d3d5-4c46-9c92-4c306a81da2e-EndpointStateMachineTaskThread-/0.0.0.0:15002-0 ] INFO  server.RaftServer (RaftServerProxy.java:startImpl(406)) - 79948e16-d3d5-4c46-9c92-4c306a81da2e: start RPC server
2023-12-05 10:04:28,380 [79948e16-d3d5-4c46-9c92-4c306a81da2e-EndpointStateMachineTaskThread-/0.0.0.0:15002-0 ] INFO  server.GrpcService (GrpcService.java:startImpl(302)) - 79948e16-d3d5-4c46-9c92-4c306a81da2e: GrpcService started, listening on 15021
2023-12-05 10:04:28,381 [79948e16-d3d5-4c46-9c92-4c306a81da2e-EndpointStateMachineTaskThread-/0.0.0.0:15002-0 ] INFO  server.GrpcService (GrpcService.java:startImpl(302)) - 79948e16-d3d5-4c46-9c92-4c306a81da2e: GrpcService started, listening on 15023
2023-12-05 10:04:28,383 [79948e16-d3d5-4c46-9c92-4c306a81da2e-EndpointStateMachineTaskThread-/0.0.0.0:15002-0 ] INFO  server.GrpcService (GrpcService.java:startImpl(302)) - 79948e16-d3d5-4c46-9c92-4c306a81da2e: GrpcService started, listening on 15022
2023-12-05 10:04:28,384 [79948e16-d3d5-4c46-9c92-4c306a81da2e-EndpointStateMachineTaskThread-/0.0.0.0:15002-0 ] INFO  ratis.XceiverServerRatis (XceiverServerRatis.java:getRealPort(574)) - XceiverServerRatis 79948e16-d3d5-4c46-9c92-4c306a81da2e is started using port 15021 for RATIS
2023-12-05 10:04:28,384 [79948e16-d3d5-4c46-9c92-4c306a81da2e-EndpointStateMachineTaskThread-/0.0.0.0:15002-0 ] INFO  ratis.XceiverServerRatis (XceiverServerRatis.java:getRealPort(574)) - XceiverServerRatis 79948e16-d3d5-4c46-9c92-4c306a81da2e is started using port 15022 for RATIS_ADMIN
2023-12-05 10:04:28,384 [JvmPauseMonitor3] INFO  util.JvmPauseMonitor (JvmPauseMonitor.java:run(146)) - JvmPauseMonitor-79948e16-d3d5-4c46-9c92-4c306a81da2e: Started
2023-12-05 10:04:28,384 [79948e16-d3d5-4c46-9c92-4c306a81da2e-EndpointStateMachineTaskThread-/0.0.0.0:15002-0 ] INFO  ratis.XceiverServerRatis (XceiverServerRatis.java:getRealPort(574)) - XceiverServerRatis 79948e16-d3d5-4c46-9c92-4c306a81da2e is started using port 15023 for RATIS_SERVER
2023-12-05 10:04:28,385 [79948e16-d3d5-4c46-9c92-4c306a81da2e-EndpointStateMachineTaskThread-/0.0.0.0:15002-0 ] INFO  ratis.XceiverServerRatis (XceiverServerRatis.java:getRealPort(574)) - XceiverServerRatis 79948e16-d3d5-4c46-9c92-4c306a81da2e is started using port 15024 for RATIS_DATASTREAM
2023-12-05 10:04:28,388 [79948e16-d3d5-4c46-9c92-4c306a81da2e-BlockDeletingService#0] INFO  interfaces.ContainerDeletionChoosingPolicyTemplate (ContainerDeletionChoosingPolicyTemplate.java:chooseContainerForBlockDeletion(85)) - Chosen 0/5000 blocks from 0 candidate containers.
2023-12-05 10:04:28,448 [main] INFO  ozone.MiniOzoneClusterImpl (MiniOzoneClusterImpl.java:lambda$waitForClusterToBeReady$0(229)) - Waiting for nodes to be ready. Got 0 of 3 DN Heartbeats.
2023-12-05 10:04:28,448 [main] INFO  ozone.MiniOzoneClusterImpl (MiniOzoneClusterImpl.java:lambda$waitForClusterToBeReady$0(232)) - Waiting for cluster to exit safe mode
2023-12-05 10:04:28,448 [main] INFO  ozone.MiniOzoneClusterImpl (MiniOzoneClusterImpl.java:lambda$waitForClusterToBeReady$0(234)) - SCM became leader
2023-12-05 10:04:28,478 [de52aeb3-4e14-4dff-8d3c-f60b759b368a-EndpointStateMachineTaskThread-/0.0.0.0:15002-0 ] INFO  utils.DatanodeStoreCache (DatanodeStoreCache.java:addDB(66)) - Added db /home/runner/work/ozone/ozone/hadoop-ozone/integration-test/target/test-dir/MiniOzoneClusterImpl-95f495f0-a26d-4c31-bdf8-5147ef8c128c/datanode-2/data-0/containers/hdds/95f495f0-a26d-4c31-bdf8-5147ef8c128c/DS-220b81d6-a3c0-425f-9440-07a6947e721d/container.db to cache
2023-12-05 10:04:28,478 [de52aeb3-4e14-4dff-8d3c-f60b759b368a-EndpointStateMachineTaskThread-/0.0.0.0:15002-0 ] INFO  volume.HddsVolume (HddsVolume.java:createDbStore(422)) - SchemaV3 db is created and loaded at /home/runner/work/ozone/ozone/hadoop-ozone/integration-test/target/test-dir/MiniOzoneClusterImpl-95f495f0-a26d-4c31-bdf8-5147ef8c128c/datanode-2/data-0/containers/hdds/95f495f0-a26d-4c31-bdf8-5147ef8c128c/DS-220b81d6-a3c0-425f-9440-07a6947e721d/container.db for volume DS-220b81d6-a3c0-425f-9440-07a6947e721d
2023-12-05 10:04:28,479 [de52aeb3-4e14-4dff-8d3c-f60b759b368a-EndpointStateMachineTaskThread-/0.0.0.0:15002-0 ] INFO  volume.ThrottledAsyncChecker (ThrottledAsyncChecker.java:schedule(141)) - Scheduling a check for /home/runner/work/ozone/ozone/hadoop-ozone/integration-test/target/test-dir/MiniOzoneClusterImpl-95f495f0-a26d-4c31-bdf8-5147ef8c128c/datanode-2/data-0/containers/hdds
2023-12-05 10:04:28,479 [de52aeb3-4e14-4dff-8d3c-f60b759b368a-EndpointStateMachineTaskThread-/0.0.0.0:15002-0 ] INFO  volume.StorageVolumeChecker (StorageVolumeChecker.java:checkAllVolumes(218)) - Scheduled health check for volume /home/runner/work/ozone/ozone/hadoop-ozone/integration-test/target/test-dir/MiniOzoneClusterImpl-95f495f0-a26d-4c31-bdf8-5147ef8c128c/datanode-2/data-0/containers/hdds
2023-12-05 10:04:28,481 [de52aeb3-4e14-4dff-8d3c-f60b759b368a-EndpointStateMachineTaskThread-/0.0.0.0:15002-0 ] INFO  volume.ThrottledAsyncChecker (ThrottledAsyncChecker.java:schedule(141)) - Scheduling a check for /home/runner/work/ozone/ozone/hadoop-ozone/integration-test/target/test-dir/MiniOzoneClusterImpl-95f495f0-a26d-4c31-bdf8-5147ef8c128c/datanode-2/data/ratis
2023-12-05 10:04:28,481 [de52aeb3-4e14-4dff-8d3c-f60b759b368a-EndpointStateMachineTaskThread-/0.0.0.0:15002-0 ] INFO  volume.StorageVolumeChecker (StorageVolumeChecker.java:checkAllVolumes(218)) - Scheduled health check for volume /home/runner/work/ozone/ozone/hadoop-ozone/integration-test/target/test-dir/MiniOzoneClusterImpl-95f495f0-a26d-4c31-bdf8-5147ef8c128c/datanode-2/data/ratis
2023-12-05 10:04:28,481 [de52aeb3-4e14-4dff-8d3c-f60b759b368a-EndpointStateMachineTaskThread-/0.0.0.0:15002-0 ] INFO  ozoneimpl.OzoneContainer (OzoneContainer.java:start(441)) - Attempting to start container services.
2023-12-05 10:04:28,482 [de52aeb3-4e14-4dff-8d3c-f60b759b368a-EndpointStateMachineTaskThread-/0.0.0.0:15002-0 ] INFO  ozoneimpl.OzoneContainer (OzoneContainer.java:startContainerScrub(337)) - Scheduled background container scanners and the on-demand container scanner have been disabled.
2023-12-05 10:04:28,483 [de52aeb3-4e14-4dff-8d3c-f60b759b368a-EndpointStateMachineTaskThread-/0.0.0.0:15002-0 ] INFO  replication.ReplicationServer (ReplicationServer.java:start(139)) - ReplicationServer is started using port 15034
2023-12-05 10:04:28,483 [de52aeb3-4e14-4dff-8d3c-f60b759b368a-EndpointStateMachineTaskThread-/0.0.0.0:15002-0 ] INFO  ratis.XceiverServerRatis (XceiverServerRatis.java:start(548)) - Starting XceiverServerRatis de52aeb3-4e14-4dff-8d3c-f60b759b368a
2023-12-05 10:04:28,483 [de52aeb3-4e14-4dff-8d3c-f60b759b368a-EndpointStateMachineTaskThread-/0.0.0.0:15002-0 ] INFO  server.RaftServer (RaftServerProxy.java:startImpl(406)) - de52aeb3-4e14-4dff-8d3c-f60b759b368a: start RPC server
2023-12-05 10:04:28,488 [de52aeb3-4e14-4dff-8d3c-f60b759b368a-EndpointStateMachineTaskThread-/0.0.0.0:15002-0 ] INFO  server.GrpcService (GrpcService.java:startImpl(302)) - de52aeb3-4e14-4dff-8d3c-f60b759b368a: GrpcService started, listening on 15030
2023-12-05 10:04:28,489 [de52aeb3-4e14-4dff-8d3c-f60b759b368a-EndpointStateMachineTaskThread-/0.0.0.0:15002-0 ] INFO  server.GrpcService (GrpcService.java:startImpl(302)) - de52aeb3-4e14-4dff-8d3c-f60b759b368a: GrpcService started, listening on 15032
2023-12-05 10:04:28,491 [de52aeb3-4e14-4dff-8d3c-f60b759b368a-EndpointStateMachineTaskThread-/0.0.0.0:15002-0 ] INFO  server.GrpcService (GrpcService.java:startImpl(302)) - de52aeb3-4e14-4dff-8d3c-f60b759b368a: GrpcService started, listening on 15031
2023-12-05 10:04:28,491 [de52aeb3-4e14-4dff-8d3c-f60b759b368a-EndpointStateMachineTaskThread-/0.0.0.0:15002-0 ] INFO  ratis.XceiverServerRatis (XceiverServerRatis.java:getRealPort(574)) - XceiverServerRatis de52aeb3-4e14-4dff-8d3c-f60b759b368a is started using port 15030 for RATIS
2023-12-05 10:04:28,491 [JvmPauseMonitor4] INFO  util.JvmPauseMonitor (JvmPauseMonitor.java:run(146)) - JvmPauseMonitor-de52aeb3-4e14-4dff-8d3c-f60b759b368a: Started
2023-12-05 10:04:28,491 [de52aeb3-4e14-4dff-8d3c-f60b759b368a-EndpointStateMachineTaskThread-/0.0.0.0:15002-0 ] INFO  ratis.XceiverServerRatis (XceiverServerRatis.java:getRealPort(574)) - XceiverServerRatis de52aeb3-4e14-4dff-8d3c-f60b759b368a is started using port 15031 for RATIS_ADMIN
2023-12-05 10:04:28,492 [de52aeb3-4e14-4dff-8d3c-f60b759b368a-EndpointStateMachineTaskThread-/0.0.0.0:15002-0 ] INFO  ratis.XceiverServerRatis (XceiverServerRatis.java:getRealPort(574)) - XceiverServerRatis de52aeb3-4e14-4dff-8d3c-f60b759b368a is started using port 15032 for RATIS_SERVER
2023-12-05 10:04:28,492 [de52aeb3-4e14-4dff-8d3c-f60b759b368a-EndpointStateMachineTaskThread-/0.0.0.0:15002-0 ] INFO  ratis.XceiverServerRatis (XceiverServerRatis.java:getRealPort(574)) - XceiverServerRatis de52aeb3-4e14-4dff-8d3c-f60b759b368a is started using port 15033 for RATIS_DATASTREAM
2023-12-05 10:04:28,495 [de52aeb3-4e14-4dff-8d3c-f60b759b368a-BlockDeletingService#0] INFO  interfaces.ContainerDeletionChoosingPolicyTemplate (ContainerDeletionChoosingPolicyTemplate.java:chooseContainerForBlockDeletion(85)) - Chosen 0/5000 blocks from 0 candidate containers.
2023-12-05 10:04:29,449 [main] INFO  ozone.MiniOzoneClusterImpl (MiniOzoneClusterImpl.java:lambda$waitForClusterToBeReady$0(229)) - Waiting for nodes to be ready. Got 0 of 3 DN Heartbeats.
2023-12-05 10:04:29,449 [main] INFO  ozone.MiniOzoneClusterImpl (MiniOzoneClusterImpl.java:lambda$waitForClusterToBeReady$0(232)) - Waiting for cluster to exit safe mode
2023-12-05 10:04:29,449 [main] INFO  ozone.MiniOzoneClusterImpl (MiniOzoneClusterImpl.java:lambda$waitForClusterToBeReady$0(234)) - SCM became leader
2023-12-05 10:04:30,200 [IPC Server handler 2 on default port 15002] INFO  net.NetworkTopologyImpl (NetworkTopologyImpl.java:add(124)) - Added a new node: /default-rack/26f359c8-b8a0-48ca-adf0-1f6b26ee8905
2023-12-05 10:04:30,204 [IPC Server handler 2 on default port 15002] INFO  node.SCMNodeManager (SCMNodeManager.java:register(405)) - Registered datanode: 26f359c8-b8a0-48ca-adf0-1f6b26ee8905{ip: 10.1.0.7, host: fv-az884-53.nlrrjjsaionubk4jys1hz1dhmg.bx.internal.cloudapp.net, ports: [HTTP=15009, CLIENT_RPC=15010, REPLICATION=15016, RATIS=15012, RATIS_ADMIN=15013, RATIS_SERVER=15014, RATIS_DATASTREAM=15015, STANDALONE=15011], networkLocation: /default-rack, certSerialId: null, persistedOpState: null, persistedOpStateExpiryEpochSec: 0}
2023-12-05 10:04:30,206 [EventQueue-NewNodeForNewNodeHandler] INFO  pipeline.BackgroundPipelineCreator (BackgroundPipelineCreator.java:notifyEventTriggered(280)) - trigger a one-shot run on RatisPipelineUtilsThread.
2023-12-05 10:04:30,207 [EventQueue-NodeRegistrationContainerReportForContainerSafeModeRule] INFO  safemode.SCMSafeModeManager (SCMSafeModeManager.java:validateSafeModeExitRules(200)) - ContainerSafeModeRule rule is successfully validated
2023-12-05 10:04:30,207 [EventQueue-PipelineReportForOneReplicaPipelineSafeModeRule] INFO  safemode.SCMSafeModeManager (SCMSafeModeManager.java:validateSafeModeExitRules(200)) - AtleastOneDatanodeReportedRule rule is successfully validated
2023-12-05 10:04:30,212 [EventQueue-NodeRegistrationContainerReportForDataNodeSafeModeRule] INFO  safemode.SCMSafeModeManager (DataNodeSafeModeRule.java:process(71)) - SCM in safe mode. 1 DataNodes registered, 3 required.
2023-12-05 10:04:30,213 [RatisPipelineUtilsThread-0] INFO  pipeline.RatisPipelineProvider (RatisPipelineProvider.java:lambda$create$0(206)) - Sending CreatePipelineCommand for pipeline:PipelineID=dfadcb95-284f-497e-955b-a7a17920eddf to datanode:26f359c8-b8a0-48ca-adf0-1f6b26ee8905
2023-12-05 10:04:30,222 [RatisPipelineUtilsThread-0] INFO  pipeline.BackgroundPipelineCreator (BackgroundPipelineCreator.java:createPipelines(236)) - Created new pipeline Pipeline[ Id: dfadcb95-284f-497e-955b-a7a17920eddf, Nodes: 26f359c8-b8a0-48ca-adf0-1f6b26ee8905(fv-az884-53.nlrrjjsaionubk4jys1hz1dhmg.bx.internal.cloudapp.net/10.1.0.7), ReplicationConfig: RATIS/ONE, State:ALLOCATED, leaderId:, CreationTimestamp2023-12-05T10:04:30.213Z[Etc/UTC]]
2023-12-05 10:04:30,336 [IPC Server handler 3 on default port 15002] INFO  net.NetworkTopologyImpl (NetworkTopologyImpl.java:add(124)) - Added a new node: /default-rack/79948e16-d3d5-4c46-9c92-4c306a81da2e
2023-12-05 10:04:30,337 [IPC Server handler 3 on default port 15002] INFO  node.SCMNodeManager (SCMNodeManager.java:register(405)) - Registered datanode: 79948e16-d3d5-4c46-9c92-4c306a81da2e{ip: 10.1.0.7, host: fv-az884-53.nlrrjjsaionubk4jys1hz1dhmg.bx.internal.cloudapp.net, ports: [HTTP=15018, CLIENT_RPC=15019, REPLICATION=15025, RATIS=15021, RATIS_ADMIN=15022, RATIS_SERVER=15023, RATIS_DATASTREAM=15024, STANDALONE=15020], networkLocation: /default-rack, certSerialId: null, persistedOpState: null, persistedOpStateExpiryEpochSec: 0}
2023-12-05 10:04:30,337 [EventQueue-NewNodeForNewNodeHandler] INFO  pipeline.BackgroundPipelineCreator (BackgroundPipelineCreator.java:notifyEventTriggered(280)) - trigger a one-shot run on RatisPipelineUtilsThread.
2023-12-05 10:04:30,337 [EventQueue-NodeRegistrationContainerReportForDataNodeSafeModeRule] INFO  safemode.SCMSafeModeManager (DataNodeSafeModeRule.java:process(71)) - SCM in safe mode. 2 DataNodes registered, 3 required.
2023-12-05 10:04:30,338 [RatisPipelineUtilsThread-0] INFO  pipeline.RatisPipelineProvider (RatisPipelineProvider.java:lambda$create$0(206)) - Sending CreatePipelineCommand for pipeline:PipelineID=d9298a56-766b-4265-89fb-6156653dd986 to datanode:79948e16-d3d5-4c46-9c92-4c306a81da2e
2023-12-05 10:04:30,339 [RatisPipelineUtilsThread-0] INFO  pipeline.BackgroundPipelineCreator (BackgroundPipelineCreator.java:createPipelines(236)) - Created new pipeline Pipeline[ Id: d9298a56-766b-4265-89fb-6156653dd986, Nodes: 79948e16-d3d5-4c46-9c92-4c306a81da2e(fv-az884-53.nlrrjjsaionubk4jys1hz1dhmg.bx.internal.cloudapp.net/10.1.0.7), ReplicationConfig: RATIS/ONE, State:ALLOCATED, leaderId:, CreationTimestamp2023-12-05T10:04:30.338Z[Etc/UTC]]
2023-12-05 10:04:30,449 [main] INFO  ozone.MiniOzoneClusterImpl (MiniOzoneClusterImpl.java:lambda$waitForClusterToBeReady$0(229)) - Waiting for nodes to be ready. Got 2 of 3 DN Heartbeats.
2023-12-05 10:04:30,449 [main] INFO  ozone.MiniOzoneClusterImpl (MiniOzoneClusterImpl.java:lambda$waitForClusterToBeReady$0(232)) - Waiting for cluster to exit safe mode
2023-12-05 10:04:30,450 [main] INFO  ozone.MiniOzoneClusterImpl (MiniOzoneClusterImpl.java:lambda$waitForClusterToBeReady$0(234)) - SCM became leader
2023-12-05 10:04:30,455 [IPC Server handler 1 on default port 15002] INFO  net.NetworkTopologyImpl (NetworkTopologyImpl.java:add(124)) - Added a new node: /default-rack/de52aeb3-4e14-4dff-8d3c-f60b759b368a
2023-12-05 10:04:30,455 [IPC Server handler 1 on default port 15002] INFO  node.SCMNodeManager (SCMNodeManager.java:register(405)) - Registered datanode: de52aeb3-4e14-4dff-8d3c-f60b759b368a{ip: 10.1.0.7, host: fv-az884-53.nlrrjjsaionubk4jys1hz1dhmg.bx.internal.cloudapp.net, ports: [HTTP=15027, CLIENT_RPC=15028, REPLICATION=15034, RATIS=15030, RATIS_ADMIN=15031, RATIS_SERVER=15032, RATIS_DATASTREAM=15033, STANDALONE=15029], networkLocation: /default-rack, certSerialId: null, persistedOpState: null, persistedOpStateExpiryEpochSec: 0}
2023-12-05 10:04:30,455 [EventQueue-NewNodeForNewNodeHandler] INFO  pipeline.BackgroundPipelineCreator (BackgroundPipelineCreator.java:notifyEventTriggered(280)) - trigger a one-shot run on RatisPipelineUtilsThread.
2023-12-05 10:04:30,456 [RatisPipelineUtilsThread-0] INFO  pipeline.RatisPipelineProvider (RatisPipelineProvider.java:lambda$create$0(206)) - Sending CreatePipelineCommand for pipeline:PipelineID=26c3fdac-f972-41be-a281-bfdef1181e5a to datanode:de52aeb3-4e14-4dff-8d3c-f60b759b368a
2023-12-05 10:04:30,456 [EventQueue-NodeRegistrationContainerReportForDataNodeSafeModeRule] INFO  safemode.SCMSafeModeManager (DataNodeSafeModeRule.java:process(71)) - SCM in safe mode. 3 DataNodes registered, 3 required.
2023-12-05 10:04:30,456 [EventQueue-NodeRegistrationContainerReportForDataNodeSafeModeRule] INFO  safemode.SCMSafeModeManager (SCMSafeModeManager.java:validateSafeModeExitRules(200)) - DataNodeSafeModeRule rule is successfully validated
2023-12-05 10:04:30,456 [EventQueue-NodeRegistrationContainerReportForDataNodeSafeModeRule] INFO  safemode.SCMSafeModeManager (SCMSafeModeManager.java:completePreCheck(229)) - All SCM safe mode pre check rules have passed
2023-12-05 10:04:30,456 [EventQueue-NodeRegistrationContainerReportForDataNodeSafeModeRule] INFO  ha.SCMContext (SCMContext.java:updateSafeModeStatus(230)) - Update SafeModeStatus from SafeModeStatus{safeModeStatus=true, preCheckPassed=false} to SafeModeStatus{safeModeStatus=true, preCheckPassed=true}.
2023-12-05 10:04:30,457 [EventQueue-NodeRegistrationContainerReportForDataNodeSafeModeRule] INFO  pipeline.BackgroundPipelineCreator (BackgroundPipelineCreator.java:notifyEventTriggered(280)) - trigger a one-shot run on RatisPipelineUtilsThread.
2023-12-05 10:04:30,457 [RatisPipelineUtilsThread-0] INFO  pipeline.BackgroundPipelineCreator (BackgroundPipelineCreator.java:createPipelines(236)) - Created new pipeline Pipeline[ Id: 26c3fdac-f972-41be-a281-bfdef1181e5a, Nodes: de52aeb3-4e14-4dff-8d3c-f60b759b368a(fv-az884-53.nlrrjjsaionubk4jys1hz1dhmg.bx.internal.cloudapp.net/10.1.0.7), ReplicationConfig: RATIS/ONE, State:ALLOCATED, leaderId:, CreationTimestamp2023-12-05T10:04:30.456Z[Etc/UTC]]
2023-12-05 10:04:30,460 [RatisPipelineUtilsThread-0] INFO  pipeline.RatisPipelineProvider (RatisPipelineProvider.java:lambda$create$0(206)) - Sending CreatePipelineCommand for pipeline:PipelineID=6e7476a4-be4e-4763-823f-622a069b1811 to datanode:79948e16-d3d5-4c46-9c92-4c306a81da2e
2023-12-05 10:04:30,460 [RatisPipelineUtilsThread-0] INFO  pipeline.RatisPipelineProvider (RatisPipelineProvider.java:lambda$create$0(206)) - Sending CreatePipelineCommand for pipeline:PipelineID=6e7476a4-be4e-4763-823f-622a069b1811 to datanode:de52aeb3-4e14-4dff-8d3c-f60b759b368a
2023-12-05 10:04:30,461 [RatisPipelineUtilsThread-0] INFO  pipeline.RatisPipelineProvider (RatisPipelineProvider.java:lambda$create$0(206)) - Sending CreatePipelineCommand for pipeline:PipelineID=6e7476a4-be4e-4763-823f-622a069b1811 to datanode:26f359c8-b8a0-48ca-adf0-1f6b26ee8905
2023-12-05 10:04:30,462 [RatisPipelineUtilsThread-0] INFO  pipeline.BackgroundPipelineCreator (BackgroundPipelineCreator.java:createPipelines(236)) - Created new pipeline Pipeline[ Id: 6e7476a4-be4e-4763-823f-622a069b1811, Nodes: 79948e16-d3d5-4c46-9c92-4c306a81da2e(fv-az884-53.nlrrjjsaionubk4jys1hz1dhmg.bx.internal.cloudapp.net/10.1.0.7)de52aeb3-4e14-4dff-8d3c-f60b759b368a(fv-az884-53.nlrrjjsaionubk4jys1hz1dhmg.bx.internal.cloudapp.net/10.1.0.7)26f359c8-b8a0-48ca-adf0-1f6b26ee8905(fv-az884-53.nlrrjjsaionubk4jys1hz1dhmg.bx.internal.cloudapp.net/10.1.0.7), ReplicationConfig: RATIS/THREE, State:ALLOCATED, leaderId:, CreationTimestamp2023-12-05T10:04:30.460Z[Etc/UTC]]
2023-12-05 10:04:31,450 [main] INFO  ozone.MiniOzoneClusterImpl (MiniOzoneClusterImpl.java:lambda$waitForClusterToBeReady$0(229)) - Nodes are ready. Got 3 of 3 DN Heartbeats.
2023-12-05 10:04:31,450 [main] INFO  ozone.MiniOzoneClusterImpl (MiniOzoneClusterImpl.java:lambda$waitForClusterToBeReady$0(232)) - Waiting for cluster to exit safe mode
2023-12-05 10:04:31,450 [main] INFO  ozone.MiniOzoneClusterImpl (MiniOzoneClusterImpl.java:lambda$waitForClusterToBeReady$0(234)) - SCM became leader
2023-12-05 10:04:32,451 [main] INFO  ozone.MiniOzoneClusterImpl (MiniOzoneClusterImpl.java:lambda$waitForClusterToBeReady$0(229)) - Nodes are ready. Got 3 of 3 DN Heartbeats.
2023-12-05 10:04:32,451 [main] INFO  ozone.MiniOzoneClusterImpl (MiniOzoneClusterImpl.java:lambda$waitForClusterToBeReady$0(232)) - Waiting for cluster to exit safe mode
2023-12-05 10:04:32,451 [main] INFO  ozone.MiniOzoneClusterImpl (MiniOzoneClusterImpl.java:lambda$waitForClusterToBeReady$0(234)) - SCM became leader
2023-12-05 10:04:33,198 [26f359c8-b8a0-48ca-adf0-1f6b26ee8905-PipelineCommandHandlerThread-0] INFO  server.RaftServer (RaftServerProxy.java:addNew(100)) - 26f359c8-b8a0-48ca-adf0-1f6b26ee8905: addNew group-A7A17920EDDF:[26f359c8-b8a0-48ca-adf0-1f6b26ee8905|10.1.0.7:15014] returns group-A7A17920EDDF:java.util.concurrent.CompletableFuture@7d320a3f[Not completed]
2023-12-05 10:04:33,205 [26f359c8-b8a0-48ca-adf0-1f6b26ee8905-groupManagement] INFO  server.RaftServer$Division (RaftServerImpl.java:<init>(256)) - 26f359c8-b8a0-48ca-adf0-1f6b26ee8905: new RaftServerImpl for group-A7A17920EDDF:[26f359c8-b8a0-48ca-adf0-1f6b26ee8905|10.1.0.7:15014] with ContainerStateMachine:uninitialized
2023-12-05 10:04:33,206 [26f359c8-b8a0-48ca-adf0-1f6b26ee8905-groupManagement] INFO  server.RaftServerConfigKeys (ConfUtils.java:logGet(46)) - raft.server.rpc.timeout.min = 5s (custom)
2023-12-05 10:04:33,206 [26f359c8-b8a0-48ca-adf0-1f6b26ee8905-groupManagement] INFO  server.RaftServerConfigKeys (ConfUtils.java:logGet(46)) - raft.server.rpc.timeout.max = 5200ms (custom)
2023-12-05 10:04:33,206 [26f359c8-b8a0-48ca-adf0-1f6b26ee8905-groupManagement] INFO  server.RaftServerConfigKeys (ConfUtils.java:logGet(46)) - raft.server.rpc.sleep.time = 25ms (default)
2023-12-05 10:04:33,206 [26f359c8-b8a0-48ca-adf0-1f6b26ee8905-groupManagement] INFO  server.RaftServerConfigKeys (ConfUtils.java:logGet(46)) - raft.server.rpc.slowness.timeout = 300s (custom)
2023-12-05 10:04:33,206 [26f359c8-b8a0-48ca-adf0-1f6b26ee8905-groupManagement] INFO  server.RaftServerConfigKeys (ConfUtils.java:logGet(46)) - raft.server.leaderelection.leader.step-down.wait-time = 10s (default)
2023-12-05 10:04:33,206 [26f359c8-b8a0-48ca-adf0-1f6b26ee8905-groupManagement] INFO  server.RaftServerConfigKeys (ConfUtils.java:logGet(46)) - raft.server.leaderelection.member.majority-add = false (default)
2023-12-05 10:04:33,206 [26f359c8-b8a0-48ca-adf0-1f6b26ee8905-groupManagement] INFO  server.RaftServerConfigKeys (ConfUtils.java:logGet(46)) - raft.server.sleep.deviation.threshold = 300ms (default)
2023-12-05 10:04:33,206 [26f359c8-b8a0-48ca-adf0-1f6b26ee8905-groupManagement] INFO  server.RaftServer$Division (ServerState.java:<init>(113)) - 26f359c8-b8a0-48ca-adf0-1f6b26ee8905@group-A7A17920EDDF: ConfigurationManager, init=-1: peers:[26f359c8-b8a0-48ca-adf0-1f6b26ee8905|10.1.0.7:15014]|listeners:[], old=null, confs=<EMPTY_MAP>
2023-12-05 10:04:33,206 [26f359c8-b8a0-48ca-adf0-1f6b26ee8905-groupManagement] INFO  server.RaftServerConfigKeys (ConfUtils.java:logGet(46)) - raft.server.notification.no-leader.timeout = 300s (custom)
2023-12-05 10:04:33,207 [26f359c8-b8a0-48ca-adf0-1f6b26ee8905-groupManagement] INFO  server.RaftServerConfigKeys (ConfUtils.java:logGet(46)) - raft.server.read.timeout = 10s (default)
2023-12-05 10:04:33,207 [26f359c8-b8a0-48ca-adf0-1f6b26ee8905-groupManagement] INFO  server.RaftServerConfigKeys (ConfUtils.java:logGet(46)) - raft.server.retrycache.expirytime = 600000ms (custom)
2023-12-05 10:04:33,207 [26f359c8-b8a0-48ca-adf0-1f6b26ee8905-groupManagement] INFO  server.RaftServerConfigKeys (ConfUtils.java:logGet(46)) - raft.server.retrycache.statistics.expirytime = 100ms (default)
2023-12-05 10:04:33,207 [26f359c8-b8a0-48ca-adf0-1f6b26ee8905-groupManagement] INFO  server.RaftServerConfigKeys (ConfUtils.java:logGet(46)) - raft.server.read.option = DEFAULT (default)
2023-12-05 10:04:33,207 [26f359c8-b8a0-48ca-adf0-1f6b26ee8905-groupManagement] INFO  server.RaftServerConfigKeys (ConfUtils.java:logGet(46)) - raft.server.read.read-after-write-consistent.write-index-cache.expiry-time = 60s (default)
2023-12-05 10:04:33,212 [26f359c8-b8a0-48ca-adf0-1f6b26ee8905-groupManagement] INFO  server.RaftServerConfigKeys (ConfUtils.java:logGet(46)) - raft.server.rpc.request.timeout = 60s (custom)
2023-12-05 10:04:33,212 [26f359c8-b8a0-48ca-adf0-1f6b26ee8905-groupManagement] INFO  server.RaftServerConfigKeys (ConfUtils.java:logGet(46)) - raft.server.log.appender.install.snapshot.enabled = false (custom)
2023-12-05 10:04:33,212 [26f359c8-b8a0-48ca-adf0-1f6b26ee8905-groupManagement] INFO  server.RaftServerConfigKeys (ConfUtils.java:logGet(46)) - raft.server.threadpool.server.cached = true (default)
2023-12-05 10:04:33,212 [26f359c8-b8a0-48ca-adf0-1f6b26ee8905-groupManagement] INFO  server.RaftServerConfigKeys (ConfUtils.java:logGet(46)) - raft.server.threadpool.server.size = 0 (default)
2023-12-05 10:04:33,213 [26f359c8-b8a0-48ca-adf0-1f6b26ee8905-groupManagement] INFO  server.RaftServerConfigKeys (ConfUtils.java:logGet(46)) - raft.server.threadpool.client.cached = true (default)
2023-12-05 10:04:33,213 [26f359c8-b8a0-48ca-adf0-1f6b26ee8905-groupManagement] INFO  server.RaftServerConfigKeys (ConfUtils.java:logGet(46)) - raft.server.threadpool.client.size = 0 (default)
2023-12-05 10:04:33,213 [26f359c8-b8a0-48ca-adf0-1f6b26ee8905-groupManagement] INFO  server.RaftServerConfigKeys (ConfUtils.java:logGet(46)) - raft.server.storage.free-space.min = 0MB (=0) (default)
2023-12-05 10:04:33,213 [26f359c8-b8a0-48ca-adf0-1f6b26ee8905-groupManagement] INFO  server.RaftServerConfigKeys (ConfUtils.java:logGet(46)) - raft.server.log.corruption.policy = EXCEPTION (default)
2023-12-05 10:04:33,213 [26f359c8-b8a0-48ca-adf0-1f6b26ee8905-groupManagement] INFO  server.RaftServerConfigKeys (ConfUtils.java:logGet(46)) - raft.server.storage.dir = [/home/runner/work/ozone/ozone/hadoop-ozone/integration-test/target/test-dir/MiniOzoneClusterImpl-95f495f0-a26d-4c31-bdf8-5147ef8c128c/datanode-0/data/ratis] (custom)
2023-12-05 10:04:33,213 [26f359c8-b8a0-48ca-adf0-1f6b26ee8905-groupManagement] INFO  storage.RaftStorageDirectory (RaftStorageDirectoryImpl.java:analyzeStorage(138)) - The storage directory /home/runner/work/ozone/ozone/hadoop-ozone/integration-test/target/test-dir/MiniOzoneClusterImpl-95f495f0-a26d-4c31-bdf8-5147ef8c128c/datanode-0/data/ratis/dfadcb95-284f-497e-955b-a7a17920eddf does not exist. Creating ...
2023-12-05 10:04:33,215 [26f359c8-b8a0-48ca-adf0-1f6b26ee8905-groupManagement] INFO  storage.RaftStorageDirectory (RaftStorageDirectoryImpl.java:tryLock(232)) - Lock on /home/runner/work/ozone/ozone/hadoop-ozone/integration-test/target/test-dir/MiniOzoneClusterImpl-95f495f0-a26d-4c31-bdf8-5147ef8c128c/datanode-0/data/ratis/dfadcb95-284f-497e-955b-a7a17920eddf/in_use.lock acquired by nodename 4813@fv-az884-53
2023-12-05 10:04:33,216 [26f359c8-b8a0-48ca-adf0-1f6b26ee8905-groupManagement] INFO  storage.RaftStorage (RaftStorageImpl.java:format(97)) - Storage directory /home/runner/work/ozone/ozone/hadoop-ozone/integration-test/target/test-dir/MiniOzoneClusterImpl-95f495f0-a26d-4c31-bdf8-5147ef8c128c/datanode-0/data/ratis/dfadcb95-284f-497e-955b-a7a17920eddf has been successfully formatted.
2023-12-05 10:04:33,221 [26f359c8-b8a0-48ca-adf0-1f6b26ee8905-groupManagement] INFO  ratis.ContainerStateMachine (ContainerStateMachine.java:loadSnapshot(269)) - group-A7A17920EDDF: The snapshot info is null. Setting the last applied indexto:(t:0, i:~)
2023-12-05 10:04:33,221 [26f359c8-b8a0-48ca-adf0-1f6b26ee8905-groupManagement] INFO  server.RaftServerConfigKeys (ConfUtils.java:logGet(46)) - raft.server.log.use.memory = false (default)
2023-12-05 10:04:33,221 [26f359c8-b8a0-48ca-adf0-1f6b26ee8905-groupManagement] INFO  server.RaftServerConfigKeys (ConfUtils.java:logGet(46)) - raft.server.log.purge.gap = 1000000 (custom)
2023-12-05 10:04:33,222 [26f359c8-b8a0-48ca-adf0-1f6b26ee8905-groupManagement] INFO  server.RaftServerConfigKeys (ConfUtils.java:logGet(46)) - raft.server.log.appender.buffer.byte-limit = 8388608 (custom)
2023-12-05 10:04:33,222 [26f359c8-b8a0-48ca-adf0-1f6b26ee8905-groupManagement] INFO  server.RaftServerConfigKeys (ConfUtils.java:logGet(46)) - raft.server.log.statemachine.data.read.timeout = 1000ms (default)
2023-12-05 10:04:33,222 [26f359c8-b8a0-48ca-adf0-1f6b26ee8905-groupManagement] INFO  server.RaftServerConfigKeys (ConfUtils.java:logGet(46)) - raft.server.log.purge.preservation.log.num = 0 (default)
2023-12-05 10:04:33,224 [26f359c8-b8a0-48ca-adf0-1f6b26ee8905-groupManagement] INFO  server.RaftServerConfigKeys (ConfUtils.java:logGet(46)) - raft.server.log.segment.size.max = 67108864 (custom)
2023-12-05 10:04:33,225 [26f359c8-b8a0-48ca-adf0-1f6b26ee8905-groupManagement] INFO  server.RaftServerConfigKeys (ConfUtils.java:logGet(46)) - raft.server.log.segment.cache.num.max = 2 (custom)
2023-12-05 10:04:33,225 [26f359c8-b8a0-48ca-adf0-1f6b26ee8905-groupManagement] INFO  server.RaftServerConfigKeys (ConfUtils.java:logGet(46)) - raft.server.log.segment.cache.size.max = 200MB (=209715200) (default)
2023-12-05 10:04:33,225 [26f359c8-b8a0-48ca-adf0-1f6b26ee8905-groupManagement] INFO  server.RaftServerConfigKeys (ConfUtils.java:logGet(46)) - raft.server.log.appender.buffer.byte-limit = 8388608 (custom)
2023-12-05 10:04:33,225 [26f359c8-b8a0-48ca-adf0-1f6b26ee8905-groupManagement] INFO  util.AwaitToRun (AwaitToRun.java:start(81)) - Thread[26f359c8-b8a0-48ca-adf0-1f6b26ee8905@group-A7A17920EDDF-cacheEviction-AwaitToRun,5,main] started
2023-12-05 10:04:33,225 [26f359c8-b8a0-48ca-adf0-1f6b26ee8905-groupManagement] INFO  segmented.SegmentedRaftLogWorker (SegmentedRaftLogWorker.java:<init>(184)) - new 26f359c8-b8a0-48ca-adf0-1f6b26ee8905@group-A7A17920EDDF-SegmentedRaftLogWorker for RaftStorageImpl:Storage Directory /home/runner/work/ozone/ozone/hadoop-ozone/integration-test/target/test-dir/MiniOzoneClusterImpl-95f495f0-a26d-4c31-bdf8-5147ef8c128c/datanode-0/data/ratis/dfadcb95-284f-497e-955b-a7a17920eddf
2023-12-05 10:04:33,226 [26f359c8-b8a0-48ca-adf0-1f6b26ee8905-groupManagement] INFO  server.RaftServerConfigKeys (ConfUtils.java:logGet(46)) - raft.server.log.queue.byte-limit = 4294967296 (custom)
2023-12-05 10:04:33,226 [26f359c8-b8a0-48ca-adf0-1f6b26ee8905-groupManagement] INFO  server.RaftServerConfigKeys (ConfUtils.java:logGet(46)) - raft.server.log.queue.element-limit = 1024 (custom)
2023-12-05 10:04:33,226 [26f359c8-b8a0-48ca-adf0-1f6b26ee8905-groupManagement] INFO  server.RaftServerConfigKeys (ConfUtils.java:logGet(46)) - raft.server.log.segment.size.max = 67108864 (custom)
2023-12-05 10:04:33,226 [26f359c8-b8a0-48ca-adf0-1f6b26ee8905-groupManagement] INFO  server.RaftServerConfigKeys (ConfUtils.java:logGet(46)) - raft.server.log.preallocated.size = 4194304 (custom)
2023-12-05 10:04:33,226 [26f359c8-b8a0-48ca-adf0-1f6b26ee8905-groupManagement] INFO  server.RaftServerConfigKeys (ConfUtils.java:logGet(46)) - raft.server.log.force.sync.num = 128 (default)
2023-12-05 10:04:33,226 [26f359c8-b8a0-48ca-adf0-1f6b26ee8905-groupManagement] INFO  server.RaftServerConfigKeys (ConfUtils.java:logGet(46)) - raft.server.log.statemachine.data.sync = true (default)
2023-12-05 10:04:33,226 [26f359c8-b8a0-48ca-adf0-1f6b26ee8905-groupManagement] INFO  server.RaftServerConfigKeys (ConfUtils.java:logGet(46)) - raft.server.log.statemachine.data.sync.timeout = 10s (default)
2023-12-05 10:04:33,226 [26f359c8-b8a0-48ca-adf0-1f6b26ee8905-groupManagement] INFO  server.RaftServerConfigKeys (ConfUtils.java:logGet(46)) - raft.server.log.statemachine.data.sync.timeout.retry = 0 (custom)
2023-12-05 10:04:33,227 [26f359c8-b8a0-48ca-adf0-1f6b26ee8905-groupManagement] INFO  server.RaftServerConfigKeys (ConfUtils.java:logGet(46)) - raft.server.log.write.buffer.size = 8388616 (custom)
2023-12-05 10:04:33,231 [26f359c8-b8a0-48ca-adf0-1f6b26ee8905-groupManagement] INFO  server.RaftServerConfigKeys (ConfUtils.java:logGet(46)) - raft.server.log.appender.buffer.byte-limit = 8388608 (custom)
2023-12-05 10:04:33,231 [26f359c8-b8a0-48ca-adf0-1f6b26ee8905-groupManagement] INFO  server.RaftServerConfigKeys (ConfUtils.java:logGet(46)) - raft.server.log.unsafe-flush.enabled = false (default)
2023-12-05 10:04:33,232 [26f359c8-b8a0-48ca-adf0-1f6b26ee8905-groupManagement] INFO  server.RaftServerConfigKeys (ConfUtils.java:logGet(46)) - raft.server.log.async-flush.enabled = false (default)
2023-12-05 10:04:33,232 [26f359c8-b8a0-48ca-adf0-1f6b26ee8905-groupManagement] INFO  server.RaftServerConfigKeys (ConfUtils.java:logGet(46)) - raft.server.log.statemachine.data.caching.enabled = true (custom)
2023-12-05 10:04:33,232 [26f359c8-b8a0-48ca-adf0-1f6b26ee8905-groupManagement] INFO  segmented.SegmentedRaftLogWorker (SegmentedRaftLogWorker.java:lambda$new$0(135)) - 26f359c8-b8a0-48ca-adf0-1f6b26ee8905@group-A7A17920EDDF-SegmentedRaftLogWorker: flushIndex: setUnconditionally 0 -> -1
2023-12-05 10:04:33,232 [26f359c8-b8a0-48ca-adf0-1f6b26ee8905-groupManagement] INFO  segmented.SegmentedRaftLogWorker (SegmentedRaftLogWorker.java:lambda$new$0(135)) - 26f359c8-b8a0-48ca-adf0-1f6b26ee8905@group-A7A17920EDDF-SegmentedRaftLogWorker: safeCacheEvictIndex: setUnconditionally 0 -> -1
2023-12-05 10:04:33,239 [26f359c8-b8a0-48ca-adf0-1f6b26ee8905-groupManagement] INFO  server.RaftServer$Division (RaftServerImpl.java:start(392)) - 26f359c8-b8a0-48ca-adf0-1f6b26ee8905@group-A7A17920EDDF: start as a follower, conf=-1: peers:[26f359c8-b8a0-48ca-adf0-1f6b26ee8905|10.1.0.7:15014]|listeners:[], old=null
2023-12-05 10:04:33,239 [26f359c8-b8a0-48ca-adf0-1f6b26ee8905-groupManagement] INFO  server.RaftServer$Division (RaftServerImpl.java:setRole(379)) - 26f359c8-b8a0-48ca-adf0-1f6b26ee8905@group-A7A17920EDDF: changes role from      null to FOLLOWER at term 0 for startAsFollower
2023-12-05 10:04:33,239 [26f359c8-b8a0-48ca-adf0-1f6b26ee8905-groupManagement] INFO  impl.RoleInfo (RoleInfo.java:updateAndGet(139)) - 26f359c8-b8a0-48ca-adf0-1f6b26ee8905: start 26f359c8-b8a0-48ca-adf0-1f6b26ee8905@group-A7A17920EDDF-FollowerState
2023-12-05 10:04:33,242 [EventQueue-PipelineReportForPipelineReportHandler] INFO  pipeline.PipelineReportHandler (PipelineReportHandler.java:processPipelineReport(136)) - Opened pipeline PipelineID=dfadcb95-284f-497e-955b-a7a17920eddf
2023-12-05 10:04:33,246 [26f359c8-b8a0-48ca-adf0-1f6b26ee8905@group-A7A17920EDDF-FollowerState] INFO  server.RaftServerConfigKeys (ConfUtils.java:logFallback(53)) - raft.server.rpc.first-election.timeout.min = 5s (fallback to raft.server.rpc.timeout.min)
2023-12-05 10:04:33,246 [EventQueue-OpenPipelineForHealthyPipelineSafeModeRule] INFO  safemode.SCMSafeModeManager (HealthyPipelineSafeModeRule.java:process(137)) - SCM in safe mode. Healthy pipelines reported count is 0, required healthy pipeline reported count is 1
2023-12-05 10:04:33,246 [26f359c8-b8a0-48ca-adf0-1f6b26ee8905@group-A7A17920EDDF-FollowerState] INFO  server.RaftServerConfigKeys (ConfUtils.java:logFallback(53)) - raft.server.rpc.first-election.timeout.max = 5200ms (fallback to raft.server.rpc.timeout.max)
2023-12-05 10:04:33,247 [26f359c8-b8a0-48ca-adf0-1f6b26ee8905-groupManagement] INFO  util.JmxRegister (JmxRegister.java:tryRegister(44)) - Successfully registered JMX Bean with object name Ratis:service=RaftServer,group=group-A7A17920EDDF,id=26f359c8-b8a0-48ca-adf0-1f6b26ee8905
2023-12-05 10:04:33,247 [26f359c8-b8a0-48ca-adf0-1f6b26ee8905-groupManagement] INFO  server.RaftServerConfigKeys (ConfUtils.java:logGet(46)) - raft.server.snapshot.trigger-when-stop.enabled = true (default)
2023-12-05 10:04:33,247 [26f359c8-b8a0-48ca-adf0-1f6b26ee8905-groupManagement] INFO  server.RaftServerConfigKeys (ConfUtils.java:logGet(46)) - raft.server.snapshot.auto.trigger.enabled = true (custom)
2023-12-05 10:04:33,247 [26f359c8-b8a0-48ca-adf0-1f6b26ee8905-groupManagement] INFO  server.RaftServerConfigKeys (ConfUtils.java:logGet(46)) - raft.server.snapshot.auto.trigger.threshold = 10000 (custom)
2023-12-05 10:04:33,247 [26f359c8-b8a0-48ca-adf0-1f6b26ee8905-groupManagement] INFO  server.RaftServerConfigKeys (ConfUtils.java:logGet(46)) - raft.server.snapshot.retention.file.num = 5 (custom)
2023-12-05 10:04:33,247 [26f359c8-b8a0-48ca-adf0-1f6b26ee8905-groupManagement] INFO  server.RaftServerConfigKeys (ConfUtils.java:logGet(46)) - raft.server.log.purge.upto.snapshot.index = false (default)
2023-12-05 10:04:33,253 [26f359c8-b8a0-48ca-adf0-1f6b26ee8905-PipelineCommandHandlerThread-0] INFO  ratis.XceiverServerRatis (XceiverServerRatis.java:addGroup(837)) - Created group PipelineID=dfadcb95-284f-497e-955b-a7a17920eddf
2023-12-05 10:04:33,254 [26f359c8-b8a0-48ca-adf0-1f6b26ee8905-PipelineCommandHandlerThread-0] INFO  commandhandler.CreatePipelineCommandHandler (CreatePipelineCommandHandler.java:lambda$handle$2(124)) - Created Pipeline RATIS ONE PipelineID=dfadcb95-284f-497e-955b-a7a17920eddf.
2023-12-05 10:04:33,254 [26f359c8-b8a0-48ca-adf0-1f6b26ee8905-PipelineCommandHandlerThread-0] INFO  server.RaftServer (RaftServerProxy.java:addNew(100)) - 26f359c8-b8a0-48ca-adf0-1f6b26ee8905: addNew group-622A069B1811:[26f359c8-b8a0-48ca-adf0-1f6b26ee8905|10.1.0.7:15014, 79948e16-d3d5-4c46-9c92-4c306a81da2e|10.1.0.7:15023, de52aeb3-4e14-4dff-8d3c-f60b759b368a|10.1.0.7:15032] returns group-622A069B1811:java.util.concurrent.CompletableFuture@53a4dbdb[Not completed]
2023-12-05 10:04:33,256 [26f359c8-b8a0-48ca-adf0-1f6b26ee8905-groupManagement] INFO  server.RaftServer$Division (RaftServerImpl.java:<init>(256)) - 26f359c8-b8a0-48ca-adf0-1f6b26ee8905: new RaftServerImpl for group-622A069B1811:[26f359c8-b8a0-48ca-adf0-1f6b26ee8905|10.1.0.7:15014, 79948e16-d3d5-4c46-9c92-4c306a81da2e|10.1.0.7:15023, de52aeb3-4e14-4dff-8d3c-f60b759b368a|10.1.0.7:15032] with ContainerStateMachine:uninitialized
2023-12-05 10:04:33,256 [26f359c8-b8a0-48ca-adf0-1f6b26ee8905-groupManagement] INFO  server.RaftServerConfigKeys (ConfUtils.java:logGet(46)) - raft.server.rpc.timeout.min = 5s (custom)
2023-12-05 10:04:33,256 [26f359c8-b8a0-48ca-adf0-1f6b26ee8905-groupManagement] INFO  server.RaftServerConfigKeys (ConfUtils.java:logGet(46)) - raft.server.rpc.timeout.max = 5200ms (custom)
2023-12-05 10:04:33,256 [26f359c8-b8a0-48ca-adf0-1f6b26ee8905-groupManagement] INFO  server.RaftServerConfigKeys (ConfUtils.java:logGet(46)) - raft.server.rpc.sleep.time = 25ms (default)
2023-12-05 10:04:33,256 [26f359c8-b8a0-48ca-adf0-1f6b26ee8905-groupManagement] INFO  server.RaftServerConfigKeys (ConfUtils.java:logGet(46)) - raft.server.rpc.slowness.timeout = 300s (custom)
2023-12-05 10:04:33,256 [26f359c8-b8a0-48ca-adf0-1f6b26ee8905-groupManagement] INFO  server.RaftServerConfigKeys (ConfUtils.java:logGet(46)) - raft.server.leaderelection.leader.step-down.wait-time = 10s (default)
2023-12-05 10:04:33,256 [26f359c8-b8a0-48ca-adf0-1f6b26ee8905-groupManagement] INFO  server.RaftServerConfigKeys (ConfUtils.java:logGet(46)) - raft.server.leaderelection.member.majority-add = false (default)
2023-12-05 10:04:33,256 [26f359c8-b8a0-48ca-adf0-1f6b26ee8905-groupManagement] INFO  server.RaftServerConfigKeys (ConfUtils.java:logGet(46)) - raft.server.sleep.deviation.threshold = 300ms (default)
2023-12-05 10:04:33,256 [26f359c8-b8a0-48ca-adf0-1f6b26ee8905-groupManagement] INFO  server.RaftServer$Division (ServerState.java:<init>(113)) - 26f359c8-b8a0-48ca-adf0-1f6b26ee8905@group-622A069B1811: ConfigurationManager, init=-1: peers:[26f359c8-b8a0-48ca-adf0-1f6b26ee8905|10.1.0.7:15014, 79948e16-d3d5-4c46-9c92-4c306a81da2e|10.1.0.7:15023, de52aeb3-4e14-4dff-8d3c-f60b759b368a|10.1.0.7:15032]|listeners:[], old=null, confs=<EMPTY_MAP>
2023-12-05 10:04:33,256 [26f359c8-b8a0-48ca-adf0-1f6b26ee8905-groupManagement] INFO  server.RaftServerConfigKeys (ConfUtils.java:logGet(46)) - raft.server.notification.no-leader.timeout = 300s (custom)
2023-12-05 10:04:33,257 [26f359c8-b8a0-48ca-adf0-1f6b26ee8905-groupManagement] INFO  server.RaftServerConfigKeys (ConfUtils.java:logGet(46)) - raft.server.read.timeout = 10s (default)
2023-12-05 10:04:33,257 [26f359c8-b8a0-48ca-adf0-1f6b26ee8905-groupManagement] INFO  server.RaftServerConfigKeys (ConfUtils.java:logGet(46)) - raft.server.retrycache.expirytime = 600000ms (custom)
2023-12-05 10:04:33,257 [26f359c8-b8a0-48ca-adf0-1f6b26ee8905-groupManagement] INFO  server.RaftServerConfigKeys (ConfUtils.java:logGet(46)) - raft.server.retrycache.statistics.expirytime = 100ms (default)
2023-12-05 10:04:33,257 [26f359c8-b8a0-48ca-adf0-1f6b26ee8905-groupManagement] INFO  server.RaftServerConfigKeys (ConfUtils.java:logGet(46)) - raft.server.read.option = DEFAULT (default)
2023-12-05 10:04:33,257 [26f359c8-b8a0-48ca-adf0-1f6b26ee8905-groupManagement] INFO  server.RaftServerConfigKeys (ConfUtils.java:logGet(46)) - raft.server.read.read-after-write-consistent.write-index-cache.expiry-time = 60s (default)
2023-12-05 10:04:33,262 [26f359c8-b8a0-48ca-adf0-1f6b26ee8905-groupManagement] INFO  server.RaftServerConfigKeys (ConfUtils.java:logGet(46)) - raft.server.rpc.request.timeout = 60s (custom)
2023-12-05 10:04:33,262 [26f359c8-b8a0-48ca-adf0-1f6b26ee8905-groupManagement] INFO  server.RaftServerConfigKeys (ConfUtils.java:logGet(46)) - raft.server.log.appender.install.snapshot.enabled = false (custom)
2023-12-05 10:04:33,262 [26f359c8-b8a0-48ca-adf0-1f6b26ee8905-groupManagement] INFO  server.RaftServerConfigKeys (ConfUtils.java:logGet(46)) - raft.server.threadpool.server.cached = true (default)
2023-12-05 10:04:33,262 [26f359c8-b8a0-48ca-adf0-1f6b26ee8905-groupManagement] INFO  server.RaftServerConfigKeys (ConfUtils.java:logGet(46)) - raft.server.threadpool.server.size = 0 (default)
2023-12-05 10:04:33,263 [26f359c8-b8a0-48ca-adf0-1f6b26ee8905-groupManagement] INFO  server.RaftServerConfigKeys (ConfUtils.java:logGet(46)) - raft.server.threadpool.client.cached = true (default)
2023-12-05 10:04:33,263 [26f359c8-b8a0-48ca-adf0-1f6b26ee8905-groupManagement] INFO  server.RaftServerConfigKeys (ConfUtils.java:logGet(46)) - raft.server.threadpool.client.size = 0 (default)
2023-12-05 10:04:33,263 [26f359c8-b8a0-48ca-adf0-1f6b26ee8905-groupManagement] INFO  server.RaftServerConfigKeys (ConfUtils.java:logGet(46)) - raft.server.storage.free-space.min = 0MB (=0) (default)
2023-12-05 10:04:33,263 [26f359c8-b8a0-48ca-adf0-1f6b26ee8905-groupManagement] INFO  server.RaftServerConfigKeys (ConfUtils.java:logGet(46)) - raft.server.log.corruption.policy = EXCEPTION (default)
2023-12-05 10:04:33,263 [26f359c8-b8a0-48ca-adf0-1f6b26ee8905-groupManagement] INFO  server.RaftServerConfigKeys (ConfUtils.java:logGet(46)) - raft.server.storage.dir = [/home/runner/work/ozone/ozone/hadoop-ozone/integration-test/target/test-dir/MiniOzoneClusterImpl-95f495f0-a26d-4c31-bdf8-5147ef8c128c/datanode-0/data/ratis] (custom)
2023-12-05 10:04:33,263 [26f359c8-b8a0-48ca-adf0-1f6b26ee8905-groupManagement] INFO  storage.RaftStorageDirectory (RaftStorageDirectoryImpl.java:analyzeStorage(138)) - The storage directory /home/runner/work/ozone/ozone/hadoop-ozone/integration-test/target/test-dir/MiniOzoneClusterImpl-95f495f0-a26d-4c31-bdf8-5147ef8c128c/datanode-0/data/ratis/6e7476a4-be4e-4763-823f-622a069b1811 does not exist. Creating ...
2023-12-05 10:04:33,267 [26f359c8-b8a0-48ca-adf0-1f6b26ee8905-groupManagement] INFO  storage.RaftStorageDirectory (RaftStorageDirectoryImpl.java:tryLock(232)) - Lock on /home/runner/work/ozone/ozone/hadoop-ozone/integration-test/target/test-dir/MiniOzoneClusterImpl-95f495f0-a26d-4c31-bdf8-5147ef8c128c/datanode-0/data/ratis/6e7476a4-be4e-4763-823f-622a069b1811/in_use.lock acquired by nodename 4813@fv-az884-53
2023-12-05 10:04:33,268 [26f359c8-b8a0-48ca-adf0-1f6b26ee8905-groupManagement] INFO  storage.RaftStorage (RaftStorageImpl.java:format(97)) - Storage directory /home/runner/work/ozone/ozone/hadoop-ozone/integration-test/target/test-dir/MiniOzoneClusterImpl-95f495f0-a26d-4c31-bdf8-5147ef8c128c/datanode-0/data/ratis/6e7476a4-be4e-4763-823f-622a069b1811 has been successfully formatted.
2023-12-05 10:04:33,269 [26f359c8-b8a0-48ca-adf0-1f6b26ee8905-groupManagement] INFO  ratis.ContainerStateMachine (ContainerStateMachine.java:loadSnapshot(269)) - group-622A069B1811: The snapshot info is null. Setting the last applied indexto:(t:0, i:~)
2023-12-05 10:04:33,269 [26f359c8-b8a0-48ca-adf0-1f6b26ee8905-groupManagement] INFO  server.RaftServerConfigKeys (ConfUtils.java:logGet(46)) - raft.server.log.use.memory = false (default)
2023-12-05 10:04:33,269 [26f359c8-b8a0-48ca-adf0-1f6b26ee8905-groupManagement] INFO  server.RaftServerConfigKeys (ConfUtils.java:logGet(46)) - raft.server.log.purge.gap = 1000000 (custom)
2023-12-05 10:04:33,269 [26f359c8-b8a0-48ca-adf0-1f6b26ee8905-groupManagement] INFO  server.RaftServerConfigKeys (ConfUtils.java:logGet(46)) - raft.server.log.appender.buffer.byte-limit = 8388608 (custom)
2023-12-05 10:04:33,269 [26f359c8-b8a0-48ca-adf0-1f6b26ee8905-groupManagement] INFO  server.RaftServerConfigKeys (ConfUtils.java:logGet(46)) - raft.server.log.statemachine.data.read.timeout = 1000ms (default)
2023-12-05 10:04:33,271 [EventQueue-OpenPipelineForHealthyPipelineSafeModeRule] INFO  safemode.SCMSafeModeManager (HealthyPipelineSafeModeRule.java:process(137)) - SCM in safe mode. Healthy pipelines reported count is 0, required healthy pipeline reported count is 1
2023-12-05 10:04:33,271 [26f359c8-b8a0-48ca-adf0-1f6b26ee8905-groupManagement] INFO  server.RaftServerConfigKeys (ConfUtils.java:logGet(46)) - raft.server.log.purge.preservation.log.num = 0 (default)
2023-12-05 10:04:33,273 [26f359c8-b8a0-48ca-adf0-1f6b26ee8905-groupManagement] INFO  server.RaftServerConfigKeys (ConfUtils.java:logGet(46)) - raft.server.log.segment.size.max = 67108864 (custom)
2023-12-05 10:04:33,274 [26f359c8-b8a0-48ca-adf0-1f6b26ee8905-groupManagement] INFO  server.RaftServerConfigKeys (ConfUtils.java:logGet(46)) - raft.server.log.segment.cache.num.max = 2 (custom)
2023-12-05 10:04:33,274 [26f359c8-b8a0-48ca-adf0-1f6b26ee8905-groupManagement] INFO  server.RaftServerConfigKeys (ConfUtils.java:logGet(46)) - raft.server.log.segment.cache.size.max = 200MB (=209715200) (default)
2023-12-05 10:04:33,274 [26f359c8-b8a0-48ca-adf0-1f6b26ee8905-groupManagement] INFO  server.RaftServerConfigKeys (ConfUtils.java:logGet(46)) - raft.server.log.appender.buffer.byte-limit = 8388608 (custom)
2023-12-05 10:04:33,275 [26f359c8-b8a0-48ca-adf0-1f6b26ee8905-groupManagement] INFO  util.AwaitToRun (AwaitToRun.java:start(81)) - Thread[26f359c8-b8a0-48ca-adf0-1f6b26ee8905@group-622A069B1811-cacheEviction-AwaitToRun,5,main] started
2023-12-05 10:04:33,275 [26f359c8-b8a0-48ca-adf0-1f6b26ee8905-groupManagement] INFO  segmented.SegmentedRaftLogWorker (SegmentedRaftLogWorker.java:<init>(184)) - new 26f359c8-b8a0-48ca-adf0-1f6b26ee8905@group-622A069B1811-SegmentedRaftLogWorker for RaftStorageImpl:Storage Directory /home/runner/work/ozone/ozone/hadoop-ozone/integration-test/target/test-dir/MiniOzoneClusterImpl-95f495f0-a26d-4c31-bdf8-5147ef8c128c/datanode-0/data/ratis/6e7476a4-be4e-4763-823f-622a069b1811
2023-12-05 10:04:33,275 [26f359c8-b8a0-48ca-adf0-1f6b26ee8905-groupManagement] INFO  server.RaftServerConfigKeys (ConfUtils.java:logGet(46)) - raft.server.log.queue.byte-limit = 4294967296 (custom)
2023-12-05 10:04:33,275 [26f359c8-b8a0-48ca-adf0-1f6b26ee8905-groupManagement] INFO  server.RaftServerConfigKeys (ConfUtils.java:logGet(46)) - raft.server.log.queue.element-limit = 1024 (custom)
2023-12-05 10:04:33,275 [26f359c8-b8a0-48ca-adf0-1f6b26ee8905-groupManagement] INFO  server.RaftServerConfigKeys (ConfUtils.java:logGet(46)) - raft.server.log.segment.size.max = 67108864 (custom)
2023-12-05 10:04:33,275 [26f359c8-b8a0-48ca-adf0-1f6b26ee8905-groupManagement] INFO  server.RaftServerConfigKeys (ConfUtils.java:logGet(46)) - raft.server.log.preallocated.size = 4194304 (custom)
2023-12-05 10:04:33,275 [26f359c8-b8a0-48ca-adf0-1f6b26ee8905-groupManagement] INFO  server.RaftServerConfigKeys (ConfUtils.java:logGet(46)) - raft.server.log.force.sync.num = 128 (default)
2023-12-05 10:04:33,275 [26f359c8-b8a0-48ca-adf0-1f6b26ee8905-groupManagement] INFO  server.RaftServerConfigKeys (ConfUtils.java:logGet(46)) - raft.server.log.statemachine.data.sync = true (default)
2023-12-05 10:04:33,275 [26f359c8-b8a0-48ca-adf0-1f6b26ee8905-groupManagement] INFO  server.RaftServerConfigKeys (ConfUtils.java:logGet(46)) - raft.server.log.statemachine.data.sync.timeout = 10s (default)
2023-12-05 10:04:33,275 [26f359c8-b8a0-48ca-adf0-1f6b26ee8905-groupManagement] INFO  server.RaftServerConfigKeys (ConfUtils.java:logGet(46)) - raft.server.log.statemachine.data.sync.timeout.retry = 0 (custom)
2023-12-05 10:04:33,276 [26f359c8-b8a0-48ca-adf0-1f6b26ee8905-groupManagement] INFO  server.RaftServerConfigKeys (ConfUtils.java:logGet(46)) - raft.server.log.write.buffer.size = 8388616 (custom)
2023-12-05 10:04:33,277 [26f359c8-b8a0-48ca-adf0-1f6b26ee8905-groupManagement] INFO  server.RaftServerConfigKeys (ConfUtils.java:logGet(46)) - raft.server.log.appender.buffer.byte-limit = 8388608 (custom)
2023-12-05 10:04:33,278 [26f359c8-b8a0-48ca-adf0-1f6b26ee8905-groupManagement] INFO  server.RaftServerConfigKeys (ConfUtils.java:logGet(46)) - raft.server.log.unsafe-flush.enabled = false (default)
2023-12-05 10:04:33,278 [26f359c8-b8a0-48ca-adf0-1f6b26ee8905-groupManagement] INFO  server.RaftServerConfigKeys (ConfUtils.java:logGet(46)) - raft.server.log.async-flush.enabled = false (default)
2023-12-05 10:04:33,278 [26f359c8-b8a0-48ca-adf0-1f6b26ee8905-groupManagement] INFO  server.RaftServerConfigKeys (ConfUtils.java:logGet(46)) - raft.server.log.statemachine.data.caching.enabled = true (custom)
2023-12-05 10:04:33,278 [26f359c8-b8a0-48ca-adf0-1f6b26ee8905-groupManagement] INFO  segmented.SegmentedRaftLogWorker (SegmentedRaftLogWorker.java:lambda$new$0(135)) - 26f359c8-b8a0-48ca-adf0-1f6b26ee8905@group-622A069B1811-SegmentedRaftLogWorker: flushIndex: setUnconditionally 0 -> -1
2023-12-05 10:04:33,278 [26f359c8-b8a0-48ca-adf0-1f6b26ee8905-groupManagement] INFO  segmented.SegmentedRaftLogWorker (SegmentedRaftLogWorker.java:lambda$new$0(135)) - 26f359c8-b8a0-48ca-adf0-1f6b26ee8905@group-622A069B1811-SegmentedRaftLogWorker: safeCacheEvictIndex: setUnconditionally 0 -> -1
2023-12-05 10:04:33,283 [26f359c8-b8a0-48ca-adf0-1f6b26ee8905-groupManagement] INFO  server.RaftServer$Division (RaftServerImpl.java:start(392)) - 26f359c8-b8a0-48ca-adf0-1f6b26ee8905@group-622A069B1811: start as a follower, conf=-1: peers:[26f359c8-b8a0-48ca-adf0-1f6b26ee8905|10.1.0.7:15014, 79948e16-d3d5-4c46-9c92-4c306a81da2e|10.1.0.7:15023, de52aeb3-4e14-4dff-8d3c-f60b759b368a|10.1.0.7:15032]|listeners:[], old=null
2023-12-05 10:04:33,283 [26f359c8-b8a0-48ca-adf0-1f6b26ee8905-groupManagement] INFO  server.RaftServer$Division (RaftServerImpl.java:setRole(379)) - 26f359c8-b8a0-48ca-adf0-1f6b26ee8905@group-622A069B1811: changes role from      null to FOLLOWER at term 0 for startAsFollower
2023-12-05 10:04:33,283 [26f359c8-b8a0-48ca-adf0-1f6b26ee8905-groupManagement] INFO  impl.RoleInfo (RoleInfo.java:updateAndGet(139)) - 26f359c8-b8a0-48ca-adf0-1f6b26ee8905: start 26f359c8-b8a0-48ca-adf0-1f6b26ee8905@group-622A069B1811-FollowerState
2023-12-05 10:04:33,284 [26f359c8-b8a0-48ca-adf0-1f6b26ee8905@group-622A069B1811-FollowerState] INFO  server.RaftServerConfigKeys (ConfUtils.java:logFallback(53)) - raft.server.rpc.first-election.timeout.min = 5s (fallback to raft.server.rpc.timeout.min)
2023-12-05 10:04:33,284 [26f359c8-b8a0-48ca-adf0-1f6b26ee8905-groupManagement] INFO  util.JmxRegister (JmxRegister.java:tryRegister(44)) - Successfully registered JMX Bean with object name Ratis:service=RaftServer,group=group-622A069B1811,id=26f359c8-b8a0-48ca-adf0-1f6b26ee8905
2023-12-05 10:04:33,284 [26f359c8-b8a0-48ca-adf0-1f6b26ee8905@group-622A069B1811-FollowerState] INFO  server.RaftServerConfigKeys (ConfUtils.java:logFallback(53)) - raft.server.rpc.first-election.timeout.max = 5200ms (fallback to raft.server.rpc.timeout.max)
2023-12-05 10:04:33,284 [26f359c8-b8a0-48ca-adf0-1f6b26ee8905-groupManagement] INFO  server.RaftServerConfigKeys (ConfUtils.java:logGet(46)) - raft.server.snapshot.trigger-when-stop.enabled = true (default)
2023-12-05 10:04:33,284 [26f359c8-b8a0-48ca-adf0-1f6b26ee8905-groupManagement] INFO  server.RaftServerConfigKeys (ConfUtils.java:logGet(46)) - raft.server.snapshot.auto.trigger.enabled = true (custom)
2023-12-05 10:04:33,284 [26f359c8-b8a0-48ca-adf0-1f6b26ee8905-groupManagement] INFO  server.RaftServerConfigKeys (ConfUtils.java:logGet(46)) - raft.server.snapshot.auto.trigger.threshold = 10000 (custom)
2023-12-05 10:04:33,284 [26f359c8-b8a0-48ca-adf0-1f6b26ee8905-groupManagement] INFO  server.RaftServerConfigKeys (ConfUtils.java:logGet(46)) - raft.server.snapshot.retention.file.num = 5 (custom)
2023-12-05 10:04:33,285 [26f359c8-b8a0-48ca-adf0-1f6b26ee8905-groupManagement] INFO  server.RaftServerConfigKeys (ConfUtils.java:logGet(46)) - raft.server.log.purge.upto.snapshot.index = false (default)
2023-12-05 10:04:33,287 [26f359c8-b8a0-48ca-adf0-1f6b26ee8905-PipelineCommandHandlerThread-0] INFO  ratis.XceiverServerRatis (XceiverServerRatis.java:addGroup(837)) - Created group PipelineID=6e7476a4-be4e-4763-823f-622a069b1811
2023-12-05 10:04:33,338 [79948e16-d3d5-4c46-9c92-4c306a81da2e-PipelineCommandHandlerThread-0] INFO  server.RaftServer (RaftServerProxy.java:addNew(100)) - 79948e16-d3d5-4c46-9c92-4c306a81da2e: addNew group-6156653DD986:[79948e16-d3d5-4c46-9c92-4c306a81da2e|10.1.0.7:15023] returns group-6156653DD986:java.util.concurrent.CompletableFuture@63f33ea5[Not completed]
2023-12-05 10:04:33,339 [79948e16-d3d5-4c46-9c92-4c306a81da2e-groupManagement] INFO  server.RaftServer$Division (RaftServerImpl.java:<init>(256)) - 79948e16-d3d5-4c46-9c92-4c306a81da2e: new RaftServerImpl for group-6156653DD986:[79948e16-d3d5-4c46-9c92-4c306a81da2e|10.1.0.7:15023] with ContainerStateMachine:uninitialized
2023-12-05 10:04:33,339 [79948e16-d3d5-4c46-9c92-4c306a81da2e-groupManagement] INFO  server.RaftServerConfigKeys (ConfUtils.java:logGet(46)) - raft.server.rpc.timeout.min = 5s (custom)
2023-12-05 10:04:33,340 [79948e16-d3d5-4c46-9c92-4c306a81da2e-groupManagement] INFO  server.RaftServerConfigKeys (ConfUtils.java:logGet(46)) - raft.server.rpc.timeout.max = 5200ms (custom)
2023-12-05 10:04:33,340 [79948e16-d3d5-4c46-9c92-4c306a81da2e-groupManagement] INFO  server.RaftServerConfigKeys (ConfUtils.java:logGet(46)) - raft.server.rpc.sleep.time = 25ms (default)
2023-12-05 10:04:33,340 [79948e16-d3d5-4c46-9c92-4c306a81da2e-groupManagement] INFO  server.RaftServerConfigKeys (ConfUtils.java:logGet(46)) - raft.server.rpc.slowness.timeout = 300s (custom)
2023-12-05 10:04:33,340 [79948e16-d3d5-4c46-9c92-4c306a81da2e-groupManagement] INFO  server.RaftServerConfigKeys (ConfUtils.java:logGet(46)) - raft.server.leaderelection.leader.step-down.wait-time = 10s (default)
2023-12-05 10:04:33,340 [79948e16-d3d5-4c46-9c92-4c306a81da2e-groupManagement] INFO  server.RaftServerConfigKeys (ConfUtils.java:logGet(46)) - raft.server.leaderelection.member.majority-add = false (default)
2023-12-05 10:04:33,340 [79948e16-d3d5-4c46-9c92-4c306a81da2e-groupManagement] INFO  server.RaftServerConfigKeys (ConfUtils.java:logGet(46)) - raft.server.sleep.deviation.threshold = 300ms (default)
2023-12-05 10:04:33,340 [79948e16-d3d5-4c46-9c92-4c306a81da2e-groupManagement] INFO  server.RaftServer$Division (ServerState.java:<init>(113)) - 79948e16-d3d5-4c46-9c92-4c306a81da2e@group-6156653DD986: ConfigurationManager, init=-1: peers:[79948e16-d3d5-4c46-9c92-4c306a81da2e|10.1.0.7:15023]|listeners:[], old=null, confs=<EMPTY_MAP>
2023-12-05 10:04:33,340 [79948e16-d3d5-4c46-9c92-4c306a81da2e-groupManagement] INFO  server.RaftServerConfigKeys (ConfUtils.java:logGet(46)) - raft.server.notification.no-leader.timeout = 300s (custom)
2023-12-05 10:04:33,340 [79948e16-d3d5-4c46-9c92-4c306a81da2e-groupManagement] INFO  server.RaftServerConfigKeys (ConfUtils.java:logGet(46)) - raft.server.read.timeout = 10s (default)
2023-12-05 10:04:33,340 [79948e16-d3d5-4c46-9c92-4c306a81da2e-groupManagement] INFO  server.RaftServerConfigKeys (ConfUtils.java:logGet(46)) - raft.server.retrycache.expirytime = 600000ms (custom)
2023-12-05 10:04:33,340 [79948e16-d3d5-4c46-9c92-4c306a81da2e-groupManagement] INFO  server.RaftServerConfigKeys (ConfUtils.java:logGet(46)) - raft.server.retrycache.statistics.expirytime = 100ms (default)
2023-12-05 10:04:33,340 [79948e16-d3d5-4c46-9c92-4c306a81da2e-groupManagement] INFO  server.RaftServerConfigKeys (ConfUtils.java:logGet(46)) - raft.server.read.option = DEFAULT (default)
2023-12-05 10:04:33,341 [79948e16-d3d5-4c46-9c92-4c306a81da2e-groupManagement] INFO  server.RaftServerConfigKeys (ConfUtils.java:logGet(46)) - raft.server.read.read-after-write-consistent.write-index-cache.expiry-time = 60s (default)
2023-12-05 10:04:33,345 [79948e16-d3d5-4c46-9c92-4c306a81da2e-groupManagement] INFO  server.RaftServerConfigKeys (ConfUtils.java:logGet(46)) - raft.server.rpc.request.timeout = 60s (custom)
2023-12-05 10:04:33,345 [79948e16-d3d5-4c46-9c92-4c306a81da2e-groupManagement] INFO  server.RaftServerConfigKeys (ConfUtils.java:logGet(46)) - raft.server.log.appender.install.snapshot.enabled = false (custom)
2023-12-05 10:04:33,345 [79948e16-d3d5-4c46-9c92-4c306a81da2e-groupManagement] INFO  server.RaftServerConfigKeys (ConfUtils.java:logGet(46)) - raft.server.threadpool.server.cached = true (default)
2023-12-05 10:04:33,345 [79948e16-d3d5-4c46-9c92-4c306a81da2e-groupManagement] INFO  server.RaftServerConfigKeys (ConfUtils.java:logGet(46)) - raft.server.threadpool.server.size = 0 (default)
2023-12-05 10:04:33,345 [79948e16-d3d5-4c46-9c92-4c306a81da2e-groupManagement] INFO  server.RaftServerConfigKeys (ConfUtils.java:logGet(46)) - raft.server.threadpool.client.cached = true (default)
2023-12-05 10:04:33,345 [79948e16-d3d5-4c46-9c92-4c306a81da2e-groupManagement] INFO  server.RaftServerConfigKeys (ConfUtils.java:logGet(46)) - raft.server.threadpool.client.size = 0 (default)
2023-12-05 10:04:33,345 [79948e16-d3d5-4c46-9c92-4c306a81da2e-groupManagement] INFO  server.RaftServerConfigKeys (ConfUtils.java:logGet(46)) - raft.server.storage.free-space.min = 0MB (=0) (default)
2023-12-05 10:04:33,345 [79948e16-d3d5-4c46-9c92-4c306a81da2e-groupManagement] INFO  server.RaftServerConfigKeys (ConfUtils.java:logGet(46)) - raft.server.log.corruption.policy = EXCEPTION (default)
2023-12-05 10:04:33,349 [79948e16-d3d5-4c46-9c92-4c306a81da2e-groupManagement] INFO  server.RaftServerConfigKeys (ConfUtils.java:logGet(46)) - raft.server.storage.dir = [/home/runner/work/ozone/ozone/hadoop-ozone/integration-test/target/test-dir/MiniOzoneClusterImpl-95f495f0-a26d-4c31-bdf8-5147ef8c128c/datanode-1/data/ratis] (custom)
2023-12-05 10:04:33,350 [79948e16-d3d5-4c46-9c92-4c306a81da2e-groupManagement] INFO  storage.RaftStorageDirectory (RaftStorageDirectoryImpl.java:analyzeStorage(138)) - The storage directory /home/runner/work/ozone/ozone/hadoop-ozone/integration-test/target/test-dir/MiniOzoneClusterImpl-95f495f0-a26d-4c31-bdf8-5147ef8c128c/datanode-1/data/ratis/d9298a56-766b-4265-89fb-6156653dd986 does not exist. Creating ...
2023-12-05 10:04:33,351 [79948e16-d3d5-4c46-9c92-4c306a81da2e-groupManagement] INFO  storage.RaftStorageDirectory (RaftStorageDirectoryImpl.java:tryLock(232)) - Lock on /home/runner/work/ozone/ozone/hadoop-ozone/integration-test/target/test-dir/MiniOzoneClusterImpl-95f495f0-a26d-4c31-bdf8-5147ef8c128c/datanode-1/data/ratis/d9298a56-766b-4265-89fb-6156653dd986/in_use.lock acquired by nodename 4813@fv-az884-53
2023-12-05 10:04:33,352 [79948e16-d3d5-4c46-9c92-4c306a81da2e-groupManagement] INFO  storage.RaftStorage (RaftStorageImpl.java:format(97)) - Storage directory /home/runner/work/ozone/ozone/hadoop-ozone/integration-test/target/test-dir/MiniOzoneClusterImpl-95f495f0-a26d-4c31-bdf8-5147ef8c128c/datanode-1/data/ratis/d9298a56-766b-4265-89fb-6156653dd986 has been successfully formatted.
2023-12-05 10:04:33,356 [EventQueue-PipelineReportForPipelineReportHandler] INFO  pipeline.PipelineReportHandler (PipelineReportHandler.java:processPipelineReport(136)) - Opened pipeline PipelineID=d9298a56-766b-4265-89fb-6156653dd986
2023-12-05 10:04:33,356 [EventQueue-OpenPipelineForHealthyPipelineSafeModeRule] INFO  safemode.SCMSafeModeManager (HealthyPipelineSafeModeRule.java:process(137)) - SCM in safe mode. Healthy pipelines reported count is 0, required healthy pipeline reported count is 1
2023-12-05 10:04:33,357 [79948e16-d3d5-4c46-9c92-4c306a81da2e-groupManagement] INFO  ratis.ContainerStateMachine (ContainerStateMachine.java:loadSnapshot(269)) - group-6156653DD986: The snapshot info is null. Setting the last applied indexto:(t:0, i:~)
2023-12-05 10:04:33,357 [79948e16-d3d5-4c46-9c92-4c306a81da2e-groupManagement] INFO  server.RaftServerConfigKeys (ConfUtils.java:logGet(46)) - raft.server.log.use.memory = false (default)
2023-12-05 10:04:33,358 [79948e16-d3d5-4c46-9c92-4c306a81da2e-groupManagement] INFO  server.RaftServerConfigKeys (ConfUtils.java:logGet(46)) - raft.server.log.purge.gap = 1000000 (custom)
2023-12-05 10:04:33,358 [79948e16-d3d5-4c46-9c92-4c306a81da2e-groupManagement] INFO  server.RaftServerConfigKeys (ConfUtils.java:logGet(46)) - raft.server.log.appender.buffer.byte-limit = 8388608 (custom)
2023-12-05 10:04:33,358 [79948e16-d3d5-4c46-9c92-4c306a81da2e-groupManagement] INFO  server.RaftServerConfigKeys (ConfUtils.java:logGet(46)) - raft.server.log.statemachine.data.read.timeout = 1000ms (default)
2023-12-05 10:04:33,358 [79948e16-d3d5-4c46-9c92-4c306a81da2e-groupManagement] INFO  server.RaftServerConfigKeys (ConfUtils.java:logGet(46)) - raft.server.log.purge.preservation.log.num = 0 (default)
2023-12-05 10:04:33,360 [79948e16-d3d5-4c46-9c92-4c306a81da2e-groupManagement] INFO  server.RaftServerConfigKeys (ConfUtils.java:logGet(46)) - raft.server.log.segment.size.max = 67108864 (custom)
2023-12-05 10:04:33,360 [79948e16-d3d5-4c46-9c92-4c306a81da2e-groupManagement] INFO  server.RaftServerConfigKeys (ConfUtils.java:logGet(46)) - raft.server.log.segment.cache.num.max = 2 (custom)
2023-12-05 10:04:33,361 [79948e16-d3d5-4c46-9c92-4c306a81da2e-groupManagement] INFO  server.RaftServerConfigKeys (ConfUtils.java:logGet(46)) - raft.server.log.segment.cache.size.max = 200MB (=209715200) (default)
2023-12-05 10:04:33,361 [79948e16-d3d5-4c46-9c92-4c306a81da2e-groupManagement] INFO  server.RaftServerConfigKeys (ConfUtils.java:logGet(46)) - raft.server.log.appender.buffer.byte-limit = 8388608 (custom)
2023-12-05 10:04:33,364 [79948e16-d3d5-4c46-9c92-4c306a81da2e-groupManagement] INFO  util.AwaitToRun (AwaitToRun.java:start(81)) - Thread[79948e16-d3d5-4c46-9c92-4c306a81da2e@group-6156653DD986-cacheEviction-AwaitToRun,5,main] started
2023-12-05 10:04:33,368 [79948e16-d3d5-4c46-9c92-4c306a81da2e-groupManagement] INFO  segmented.SegmentedRaftLogWorker (SegmentedRaftLogWorker.java:<init>(184)) - new 79948e16-d3d5-4c46-9c92-4c306a81da2e@group-6156653DD986-SegmentedRaftLogWorker for RaftStorageImpl:Storage Directory /home/runner/work/ozone/ozone/hadoop-ozone/integration-test/target/test-dir/MiniOzoneClusterImpl-95f495f0-a26d-4c31-bdf8-5147ef8c128c/datanode-1/data/ratis/d9298a56-766b-4265-89fb-6156653dd986
2023-12-05 10:04:33,368 [79948e16-d3d5-4c46-9c92-4c306a81da2e-groupManagement] INFO  server.RaftServerConfigKeys (ConfUtils.java:logGet(46)) - raft.server.log.queue.byte-limit = 4294967296 (custom)
2023-12-05 10:04:33,368 [79948e16-d3d5-4c46-9c92-4c306a81da2e-groupManagement] INFO  server.RaftServerConfigKeys (ConfUtils.java:logGet(46)) - raft.server.log.queue.element-limit = 1024 (custom)
2023-12-05 10:04:33,368 [79948e16-d3d5-4c46-9c92-4c306a81da2e-groupManagement] INFO  server.RaftServerConfigKeys (ConfUtils.java:logGet(46)) - raft.server.log.segment.size.max = 67108864 (custom)
2023-12-05 10:04:33,368 [79948e16-d3d5-4c46-9c92-4c306a81da2e-groupManagement] INFO  server.RaftServerConfigKeys (ConfUtils.java:logGet(46)) - raft.server.log.preallocated.size = 4194304 (custom)
2023-12-05 10:04:33,368 [79948e16-d3d5-4c46-9c92-4c306a81da2e-groupManagement] INFO  server.RaftServerConfigKeys (ConfUtils.java:logGet(46)) - raft.server.log.force.sync.num = 128 (default)
2023-12-05 10:04:33,369 [79948e16-d3d5-4c46-9c92-4c306a81da2e-groupManagement] INFO  server.RaftServerConfigKeys (ConfUtils.java:logGet(46)) - raft.server.log.statemachine.data.sync = true (default)
2023-12-05 10:04:33,369 [79948e16-d3d5-4c46-9c92-4c306a81da2e-groupManagement] INFO  server.RaftServerConfigKeys (ConfUtils.java:logGet(46)) - raft.server.log.statemachine.data.sync.timeout = 10s (default)
2023-12-05 10:04:33,369 [79948e16-d3d5-4c46-9c92-4c306a81da2e-groupManagement] INFO  server.RaftServerConfigKeys (ConfUtils.java:logGet(46)) - raft.server.log.statemachine.data.sync.timeout.retry = 0 (custom)
2023-12-05 10:04:33,369 [79948e16-d3d5-4c46-9c92-4c306a81da2e-groupManagement] INFO  server.RaftServerConfigKeys (ConfUtils.java:logGet(46)) - raft.server.log.write.buffer.size = 8388616 (custom)
2023-12-05 10:04:33,371 [79948e16-d3d5-4c46-9c92-4c306a81da2e-groupManagement] INFO  server.RaftServerConfigKeys (ConfUtils.java:logGet(46)) - raft.server.log.appender.buffer.byte-limit = 8388608 (custom)
2023-12-05 10:04:33,371 [79948e16-d3d5-4c46-9c92-4c306a81da2e-groupManagement] INFO  server.RaftServerConfigKeys (ConfUtils.java:logGet(46)) - raft.server.log.unsafe-flush.enabled = false (default)
2023-12-05 10:04:33,371 [79948e16-d3d5-4c46-9c92-4c306a81da2e-groupManagement] INFO  server.RaftServerConfigKeys (ConfUtils.java:logGet(46)) - raft.server.log.async-flush.enabled = false (default)
2023-12-05 10:04:33,372 [79948e16-d3d5-4c46-9c92-4c306a81da2e-groupManagement] INFO  server.RaftServerConfigKeys (ConfUtils.java:logGet(46)) - raft.server.log.statemachine.data.caching.enabled = true (custom)
2023-12-05 10:04:33,372 [79948e16-d3d5-4c46-9c92-4c306a81da2e-groupManagement] INFO  segmented.SegmentedRaftLogWorker (SegmentedRaftLogWorker.java:lambda$new$0(135)) - 79948e16-d3d5-4c46-9c92-4c306a81da2e@group-6156653DD986-SegmentedRaftLogWorker: flushIndex: setUnconditionally 0 -> -1
2023-12-05 10:04:33,372 [79948e16-d3d5-4c46-9c92-4c306a81da2e-groupManagement] INFO  segmented.SegmentedRaftLogWorker (SegmentedRaftLogWorker.java:lambda$new$0(135)) - 79948e16-d3d5-4c46-9c92-4c306a81da2e@group-6156653DD986-SegmentedRaftLogWorker: safeCacheEvictIndex: setUnconditionally 0 -> -1
2023-12-05 10:04:33,374 [79948e16-d3d5-4c46-9c92-4c306a81da2e-groupManagement] INFO  server.RaftServer$Division (RaftServerImpl.java:start(392)) - 79948e16-d3d5-4c46-9c92-4c306a81da2e@group-6156653DD986: start as a follower, conf=-1: peers:[79948e16-d3d5-4c46-9c92-4c306a81da2e|10.1.0.7:15023]|listeners:[], old=null
2023-12-05 10:04:33,376 [79948e16-d3d5-4c46-9c92-4c306a81da2e-groupManagement] INFO  server.RaftServer$Division (RaftServerImpl.java:setRole(379)) - 79948e16-d3d5-4c46-9c92-4c306a81da2e@group-6156653DD986: changes role from      null to FOLLOWER at term 0 for startAsFollower
2023-12-05 10:04:33,376 [79948e16-d3d5-4c46-9c92-4c306a81da2e-groupManagement] INFO  impl.RoleInfo (RoleInfo.java:updateAndGet(139)) - 79948e16-d3d5-4c46-9c92-4c306a81da2e: start 79948e16-d3d5-4c46-9c92-4c306a81da2e@group-6156653DD986-FollowerState
2023-12-05 10:04:33,377 [79948e16-d3d5-4c46-9c92-4c306a81da2e@group-6156653DD986-FollowerState] INFO  server.RaftServerConfigKeys (ConfUtils.java:logFallback(53)) - raft.server.rpc.first-election.timeout.min = 5s (fallback to raft.server.rpc.timeout.min)
2023-12-05 10:04:33,378 [79948e16-d3d5-4c46-9c92-4c306a81da2e@group-6156653DD986-FollowerState] INFO  server.RaftServerConfigKeys (ConfUtils.java:logFallback(53)) - raft.server.rpc.first-election.timeout.max = 5200ms (fallback to raft.server.rpc.timeout.max)
2023-12-05 10:04:33,377 [79948e16-d3d5-4c46-9c92-4c306a81da2e-groupManagement] INFO  util.JmxRegister (JmxRegister.java:tryRegister(44)) - Successfully registered JMX Bean with object name Ratis:service=RaftServer,group=group-6156653DD986,id=79948e16-d3d5-4c46-9c92-4c306a81da2e
2023-12-05 10:04:33,379 [79948e16-d3d5-4c46-9c92-4c306a81da2e-groupManagement] INFO  server.RaftServerConfigKeys (ConfUtils.java:logGet(46)) - raft.server.snapshot.trigger-when-stop.enabled = true (default)
2023-12-05 10:04:33,380 [79948e16-d3d5-4c46-9c92-4c306a81da2e-groupManagement] INFO  server.RaftServerConfigKeys (ConfUtils.java:logGet(46)) - raft.server.snapshot.auto.trigger.enabled = true (custom)
2023-12-05 10:04:33,380 [79948e16-d3d5-4c46-9c92-4c306a81da2e-groupManagement] INFO  server.RaftServerConfigKeys (ConfUtils.java:logGet(46)) - raft.server.snapshot.auto.trigger.threshold = 10000 (custom)
2023-12-05 10:04:33,380 [79948e16-d3d5-4c46-9c92-4c306a81da2e-groupManagement] INFO  server.RaftServerConfigKeys (ConfUtils.java:logGet(46)) - raft.server.snapshot.retention.file.num = 5 (custom)
2023-12-05 10:04:33,381 [79948e16-d3d5-4c46-9c92-4c306a81da2e-groupManagement] INFO  server.RaftServerConfigKeys (ConfUtils.java:logGet(46)) - raft.server.log.purge.upto.snapshot.index = false (default)
2023-12-05 10:04:33,383 [79948e16-d3d5-4c46-9c92-4c306a81da2e-PipelineCommandHandlerThread-0] INFO  ratis.XceiverServerRatis (XceiverServerRatis.java:addGroup(837)) - Created group PipelineID=d9298a56-766b-4265-89fb-6156653dd986
2023-12-05 10:04:33,383 [79948e16-d3d5-4c46-9c92-4c306a81da2e-PipelineCommandHandlerThread-0] INFO  commandhandler.CreatePipelineCommandHandler (CreatePipelineCommandHandler.java:lambda$handle$2(124)) - Created Pipeline RATIS ONE PipelineID=d9298a56-766b-4265-89fb-6156653dd986.
2023-12-05 10:04:33,384 [79948e16-d3d5-4c46-9c92-4c306a81da2e-PipelineCommandHandlerThread-0] INFO  server.RaftServer (RaftServerProxy.java:addNew(100)) - 79948e16-d3d5-4c46-9c92-4c306a81da2e: addNew group-622A069B1811:[26f359c8-b8a0-48ca-adf0-1f6b26ee8905|10.1.0.7:15014, 79948e16-d3d5-4c46-9c92-4c306a81da2e|10.1.0.7:15023, de52aeb3-4e14-4dff-8d3c-f60b759b368a|10.1.0.7:15032] returns group-622A069B1811:java.util.concurrent.CompletableFuture@67cca603[Not completed]
2023-12-05 10:04:33,386 [79948e16-d3d5-4c46-9c92-4c306a81da2e-groupManagement] INFO  server.RaftServer$Division (RaftServerImpl.java:<init>(256)) - 79948e16-d3d5-4c46-9c92-4c306a81da2e: new RaftServerImpl for group-622A069B1811:[26f359c8-b8a0-48ca-adf0-1f6b26ee8905|10.1.0.7:15014, 79948e16-d3d5-4c46-9c92-4c306a81da2e|10.1.0.7:15023, de52aeb3-4e14-4dff-8d3c-f60b759b368a|10.1.0.7:15032] with ContainerStateMachine:uninitialized
2023-12-05 10:04:33,386 [79948e16-d3d5-4c46-9c92-4c306a81da2e-groupManagement] INFO  server.RaftServerConfigKeys (ConfUtils.java:logGet(46)) - raft.server.rpc.timeout.min = 5s (custom)
2023-12-05 10:04:33,386 [79948e16-d3d5-4c46-9c92-4c306a81da2e-groupManagement] INFO  server.RaftServerConfigKeys (ConfUtils.java:logGet(46)) - raft.server.rpc.timeout.max = 5200ms (custom)
2023-12-05 10:04:33,386 [79948e16-d3d5-4c46-9c92-4c306a81da2e-groupManagement] INFO  server.RaftServerConfigKeys (ConfUtils.java:logGet(46)) - raft.server.rpc.sleep.time = 25ms (default)
2023-12-05 10:04:33,386 [79948e16-d3d5-4c46-9c92-4c306a81da2e-groupManagement] INFO  server.RaftServerConfigKeys (ConfUtils.java:logGet(46)) - raft.server.rpc.slowness.timeout = 300s (custom)
2023-12-05 10:04:33,386 [79948e16-d3d5-4c46-9c92-4c306a81da2e-groupManagement] INFO  server.RaftServerConfigKeys (ConfUtils.java:logGet(46)) - raft.server.leaderelection.leader.step-down.wait-time = 10s (default)
2023-12-05 10:04:33,386 [79948e16-d3d5-4c46-9c92-4c306a81da2e-groupManagement] INFO  server.RaftServerConfigKeys (ConfUtils.java:logGet(46)) - raft.server.leaderelection.member.majority-add = false (default)
2023-12-05 10:04:33,386 [79948e16-d3d5-4c46-9c92-4c306a81da2e-groupManagement] INFO  server.RaftServerConfigKeys (ConfUtils.java:logGet(46)) - raft.server.sleep.deviation.threshold = 300ms (default)
2023-12-05 10:04:33,386 [79948e16-d3d5-4c46-9c92-4c306a81da2e-groupManagement] INFO  server.RaftServer$Division (ServerState.java:<init>(113)) - 79948e16-d3d5-4c46-9c92-4c306a81da2e@group-622A069B1811: ConfigurationManager, init=-1: peers:[26f359c8-b8a0-48ca-adf0-1f6b26ee8905|10.1.0.7:15014, 79948e16-d3d5-4c46-9c92-4c306a81da2e|10.1.0.7:15023, de52aeb3-4e14-4dff-8d3c-f60b759b368a|10.1.0.7:15032]|listeners:[], old=null, confs=<EMPTY_MAP>
2023-12-05 10:04:33,386 [79948e16-d3d5-4c46-9c92-4c306a81da2e-groupManagement] INFO  server.RaftServerConfigKeys (ConfUtils.java:logGet(46)) - raft.server.notification.no-leader.timeout = 300s (custom)
2023-12-05 10:04:33,386 [79948e16-d3d5-4c46-9c92-4c306a81da2e-groupManagement] INFO  server.RaftServerConfigKeys (ConfUtils.java:logGet(46)) - raft.server.read.timeout = 10s (default)
2023-12-05 10:04:33,387 [79948e16-d3d5-4c46-9c92-4c306a81da2e-groupManagement] INFO  server.RaftServerConfigKeys (ConfUtils.java:logGet(46)) - raft.server.retrycache.expirytime = 600000ms (custom)
2023-12-05 10:04:33,387 [79948e16-d3d5-4c46-9c92-4c306a81da2e-groupManagement] INFO  server.RaftServerConfigKeys (ConfUtils.java:logGet(46)) - raft.server.retrycache.statistics.expirytime = 100ms (default)
2023-12-05 10:04:33,387 [79948e16-d3d5-4c46-9c92-4c306a81da2e-groupManagement] INFO  server.RaftServerConfigKeys (ConfUtils.java:logGet(46)) - raft.server.read.option = DEFAULT (default)
2023-12-05 10:04:33,387 [79948e16-d3d5-4c46-9c92-4c306a81da2e-groupManagement] INFO  server.RaftServerConfigKeys (ConfUtils.java:logGet(46)) - raft.server.read.read-after-write-consistent.write-index-cache.expiry-time = 60s (default)
2023-12-05 10:04:33,411 [79948e16-d3d5-4c46-9c92-4c306a81da2e-groupManagement] INFO  server.RaftServerConfigKeys (ConfUtils.java:logGet(46)) - raft.server.rpc.request.timeout = 60s (custom)
2023-12-05 10:04:33,412 [79948e16-d3d5-4c46-9c92-4c306a81da2e-groupManagement] INFO  server.RaftServerConfigKeys (ConfUtils.java:logGet(46)) - raft.server.log.appender.install.snapshot.enabled = false (custom)
2023-12-05 10:04:33,414 [79948e16-d3d5-4c46-9c92-4c306a81da2e-groupManagement] INFO  server.RaftServerConfigKeys (ConfUtils.java:logGet(46)) - raft.server.threadpool.server.cached = true (default)
2023-12-05 10:04:33,415 [79948e16-d3d5-4c46-9c92-4c306a81da2e-groupManagement] INFO  server.RaftServerConfigKeys (ConfUtils.java:logGet(46)) - raft.server.threadpool.server.size = 0 (default)
2023-12-05 10:04:33,415 [79948e16-d3d5-4c46-9c92-4c306a81da2e-groupManagement] INFO  server.RaftServerConfigKeys (ConfUtils.java:logGet(46)) - raft.server.threadpool.client.cached = true (default)
2023-12-05 10:04:33,416 [79948e16-d3d5-4c46-9c92-4c306a81da2e-groupManagement] INFO  server.RaftServerConfigKeys (ConfUtils.java:logGet(46)) - raft.server.threadpool.client.size = 0 (default)
2023-12-05 10:04:33,416 [79948e16-d3d5-4c46-9c92-4c306a81da2e-groupManagement] INFO  server.RaftServerConfigKeys (ConfUtils.java:logGet(46)) - raft.server.storage.free-space.min = 0MB (=0) (default)
2023-12-05 10:04:33,418 [79948e16-d3d5-4c46-9c92-4c306a81da2e-groupManagement] INFO  server.RaftServerConfigKeys (ConfUtils.java:logGet(46)) - raft.server.log.corruption.policy = EXCEPTION (default)
2023-12-05 10:04:33,418 [79948e16-d3d5-4c46-9c92-4c306a81da2e-groupManagement] INFO  server.RaftServerConfigKeys (ConfUtils.java:logGet(46)) - raft.server.storage.dir = [/home/runner/work/ozone/ozone/hadoop-ozone/integration-test/target/test-dir/MiniOzoneClusterImpl-95f495f0-a26d-4c31-bdf8-5147ef8c128c/datanode-1/data/ratis] (custom)
2023-12-05 10:04:33,419 [79948e16-d3d5-4c46-9c92-4c306a81da2e-groupManagement] INFO  storage.RaftStorageDirectory (RaftStorageDirectoryImpl.java:analyzeStorage(138)) - The storage directory /home/runner/work/ozone/ozone/hadoop-ozone/integration-test/target/test-dir/MiniOzoneClusterImpl-95f495f0-a26d-4c31-bdf8-5147ef8c128c/datanode-1/data/ratis/6e7476a4-be4e-4763-823f-622a069b1811 does not exist. Creating ...
2023-12-05 10:04:33,420 [79948e16-d3d5-4c46-9c92-4c306a81da2e-groupManagement] INFO  storage.RaftStorageDirectory (RaftStorageDirectoryImpl.java:tryLock(232)) - Lock on /home/runner/work/ozone/ozone/hadoop-ozone/integration-test/target/test-dir/MiniOzoneClusterImpl-95f495f0-a26d-4c31-bdf8-5147ef8c128c/datanode-1/data/ratis/6e7476a4-be4e-4763-823f-622a069b1811/in_use.lock acquired by nodename 4813@fv-az884-53
2023-12-05 10:04:33,422 [79948e16-d3d5-4c46-9c92-4c306a81da2e-groupManagement] INFO  storage.RaftStorage (RaftStorageImpl.java:format(97)) - Storage directory /home/runner/work/ozone/ozone/hadoop-ozone/integration-test/target/test-dir/MiniOzoneClusterImpl-95f495f0-a26d-4c31-bdf8-5147ef8c128c/datanode-1/data/ratis/6e7476a4-be4e-4763-823f-622a069b1811 has been successfully formatted.
2023-12-05 10:04:33,422 [79948e16-d3d5-4c46-9c92-4c306a81da2e-groupManagement] INFO  ratis.ContainerStateMachine (ContainerStateMachine.java:loadSnapshot(269)) - group-622A069B1811: The snapshot info is null. Setting the last applied indexto:(t:0, i:~)
2023-12-05 10:04:33,422 [79948e16-d3d5-4c46-9c92-4c306a81da2e-groupManagement] INFO  server.RaftServerConfigKeys (ConfUtils.java:logGet(46)) - raft.server.log.use.memory = false (default)
2023-12-05 10:04:33,427 [EventQueue-OpenPipelineForHealthyPipelineSafeModeRule] INFO  safemode.SCMSafeModeManager (HealthyPipelineSafeModeRule.java:process(137)) - SCM in safe mode. Healthy pipelines reported count is 0, required healthy pipeline reported count is 1
2023-12-05 10:04:33,431 [79948e16-d3d5-4c46-9c92-4c306a81da2e-groupManagement] INFO  server.RaftServerConfigKeys (ConfUtils.java:logGet(46)) - raft.server.log.purge.gap = 1000000 (custom)
2023-12-05 10:04:33,431 [79948e16-d3d5-4c46-9c92-4c306a81da2e-groupManagement] INFO  server.RaftServerConfigKeys (ConfUtils.java:logGet(46)) - raft.server.log.appender.buffer.byte-limit = 8388608 (custom)
2023-12-05 10:04:33,431 [79948e16-d3d5-4c46-9c92-4c306a81da2e-groupManagement] INFO  server.RaftServerConfigKeys (ConfUtils.java:logGet(46)) - raft.server.log.statemachine.data.read.timeout = 1000ms (default)
2023-12-05 10:04:33,431 [79948e16-d3d5-4c46-9c92-4c306a81da2e-groupManagement] INFO  server.RaftServerConfigKeys (ConfUtils.java:logGet(46)) - raft.server.log.purge.preservation.log.num = 0 (default)
2023-12-05 10:04:33,432 [79948e16-d3d5-4c46-9c92-4c306a81da2e-groupManagement] INFO  server.RaftServerConfigKeys (ConfUtils.java:logGet(46)) - raft.server.log.segment.size.max = 67108864 (custom)
2023-12-05 10:04:33,433 [79948e16-d3d5-4c46-9c92-4c306a81da2e-groupManagement] INFO  server.RaftServerConfigKeys (ConfUtils.java:logGet(46)) - raft.server.log.segment.cache.num.max = 2 (custom)
2023-12-05 10:04:33,433 [79948e16-d3d5-4c46-9c92-4c306a81da2e-groupManagement] INFO  server.RaftServerConfigKeys (ConfUtils.java:logGet(46)) - raft.server.log.segment.cache.size.max = 200MB (=209715200) (default)
2023-12-05 10:04:33,433 [79948e16-d3d5-4c46-9c92-4c306a81da2e-groupManagement] INFO  server.RaftServerConfigKeys (ConfUtils.java:logGet(46)) - raft.server.log.appender.buffer.byte-limit = 8388608 (custom)
2023-12-05 10:04:33,434 [79948e16-d3d5-4c46-9c92-4c306a81da2e-groupManagement] INFO  util.AwaitToRun (AwaitToRun.java:start(81)) - Thread[79948e16-d3d5-4c46-9c92-4c306a81da2e@group-622A069B1811-cacheEviction-AwaitToRun,5,main] started
2023-12-05 10:04:33,435 [79948e16-d3d5-4c46-9c92-4c306a81da2e-groupManagement] INFO  segmented.SegmentedRaftLogWorker (SegmentedRaftLogWorker.java:<init>(184)) - new 79948e16-d3d5-4c46-9c92-4c306a81da2e@group-622A069B1811-SegmentedRaftLogWorker for RaftStorageImpl:Storage Directory /home/runner/work/ozone/ozone/hadoop-ozone/integration-test/target/test-dir/MiniOzoneClusterImpl-95f495f0-a26d-4c31-bdf8-5147ef8c128c/datanode-1/data/ratis/6e7476a4-be4e-4763-823f-622a069b1811
2023-12-05 10:04:33,435 [79948e16-d3d5-4c46-9c92-4c306a81da2e-groupManagement] INFO  server.RaftServerConfigKeys (ConfUtils.java:logGet(46)) - raft.server.log.queue.byte-limit = 4294967296 (custom)
2023-12-05 10:04:33,435 [79948e16-d3d5-4c46-9c92-4c306a81da2e-groupManagement] INFO  server.RaftServerConfigKeys (ConfUtils.java:logGet(46)) - raft.server.log.queue.element-limit = 1024 (custom)
2023-12-05 10:04:33,435 [79948e16-d3d5-4c46-9c92-4c306a81da2e-groupManagement] INFO  server.RaftServerConfigKeys (ConfUtils.java:logGet(46)) - raft.server.log.segment.size.max = 67108864 (custom)
2023-12-05 10:04:33,435 [79948e16-d3d5-4c46-9c92-4c306a81da2e-groupManagement] INFO  server.RaftServerConfigKeys (ConfUtils.java:logGet(46)) - raft.server.log.preallocated.size = 4194304 (custom)
2023-12-05 10:04:33,435 [79948e16-d3d5-4c46-9c92-4c306a81da2e-groupManagement] INFO  server.RaftServerConfigKeys (ConfUtils.java:logGet(46)) - raft.server.log.force.sync.num = 128 (default)
2023-12-05 10:04:33,435 [79948e16-d3d5-4c46-9c92-4c306a81da2e-groupManagement] INFO  server.RaftServerConfigKeys (ConfUtils.java:logGet(46)) - raft.server.log.statemachine.data.sync = true (default)
2023-12-05 10:04:33,435 [79948e16-d3d5-4c46-9c92-4c306a81da2e-groupManagement] INFO  server.RaftServerConfigKeys (ConfUtils.java:logGet(46)) - raft.server.log.statemachine.data.sync.timeout = 10s (default)
2023-12-05 10:04:33,435 [79948e16-d3d5-4c46-9c92-4c306a81da2e-groupManagement] INFO  server.RaftServerConfigKeys (ConfUtils.java:logGet(46)) - raft.server.log.statemachine.data.sync.timeout.retry = 0 (custom)
2023-12-05 10:04:33,435 [79948e16-d3d5-4c46-9c92-4c306a81da2e-groupManagement] INFO  server.RaftServerConfigKeys (ConfUtils.java:logGet(46)) - raft.server.log.write.buffer.size = 8388616 (custom)
2023-12-05 10:04:33,436 [79948e16-d3d5-4c46-9c92-4c306a81da2e-groupManagement] INFO  server.RaftServerConfigKeys (ConfUtils.java:logGet(46)) - raft.server.log.appender.buffer.byte-limit = 8388608 (custom)
2023-12-05 10:04:33,439 [79948e16-d3d5-4c46-9c92-4c306a81da2e-groupManagement] INFO  server.RaftServerConfigKeys (ConfUtils.java:logGet(46)) - raft.server.log.unsafe-flush.enabled = false (default)
2023-12-05 10:04:33,439 [79948e16-d3d5-4c46-9c92-4c306a81da2e-groupManagement] INFO  server.RaftServerConfigKeys (ConfUtils.java:logGet(46)) - raft.server.log.async-flush.enabled = false (default)
2023-12-05 10:04:33,440 [79948e16-d3d5-4c46-9c92-4c306a81da2e-groupManagement] INFO  server.RaftServerConfigKeys (ConfUtils.java:logGet(46)) - raft.server.log.statemachine.data.caching.enabled = true (custom)
2023-12-05 10:04:33,440 [79948e16-d3d5-4c46-9c92-4c306a81da2e-groupManagement] INFO  segmented.SegmentedRaftLogWorker (SegmentedRaftLogWorker.java:lambda$new$0(135)) - 79948e16-d3d5-4c46-9c92-4c306a81da2e@group-622A069B1811-SegmentedRaftLogWorker: flushIndex: setUnconditionally 0 -> -1
2023-12-05 10:04:33,440 [79948e16-d3d5-4c46-9c92-4c306a81da2e-groupManagement] INFO  segmented.SegmentedRaftLogWorker (SegmentedRaftLogWorker.java:lambda$new$0(135)) - 79948e16-d3d5-4c46-9c92-4c306a81da2e@group-622A069B1811-SegmentedRaftLogWorker: safeCacheEvictIndex: setUnconditionally 0 -> -1
2023-12-05 10:04:33,440 [79948e16-d3d5-4c46-9c92-4c306a81da2e-groupManagement] INFO  server.RaftServer$Division (RaftServerImpl.java:start(392)) - 79948e16-d3d5-4c46-9c92-4c306a81da2e@group-622A069B1811: start as a follower, conf=-1: peers:[26f359c8-b8a0-48ca-adf0-1f6b26ee8905|10.1.0.7:15014, 79948e16-d3d5-4c46-9c92-4c306a81da2e|10.1.0.7:15023, de52aeb3-4e14-4dff-8d3c-f60b759b368a|10.1.0.7:15032]|listeners:[], old=null
2023-12-05 10:04:33,442 [79948e16-d3d5-4c46-9c92-4c306a81da2e-groupManagement] INFO  server.RaftServer$Division (RaftServerImpl.java:setRole(379)) - 79948e16-d3d5-4c46-9c92-4c306a81da2e@group-622A069B1811: changes role from      null to FOLLOWER at term 0 for startAsFollower
2023-12-05 10:04:33,442 [79948e16-d3d5-4c46-9c92-4c306a81da2e-groupManagement] INFO  impl.RoleInfo (RoleInfo.java:updateAndGet(139)) - 79948e16-d3d5-4c46-9c92-4c306a81da2e: start 79948e16-d3d5-4c46-9c92-4c306a81da2e@group-622A069B1811-FollowerState
2023-12-05 10:04:33,447 [79948e16-d3d5-4c46-9c92-4c306a81da2e@group-622A069B1811-FollowerState] INFO  server.RaftServerConfigKeys (ConfUtils.java:logFallback(53)) - raft.server.rpc.first-election.timeout.min = 5s (fallback to raft.server.rpc.timeout.min)
2023-12-05 10:04:33,447 [79948e16-d3d5-4c46-9c92-4c306a81da2e@group-622A069B1811-FollowerState] INFO  server.RaftServerConfigKeys (ConfUtils.java:logFallback(53)) - raft.server.rpc.first-election.timeout.max = 5200ms (fallback to raft.server.rpc.timeout.max)
2023-12-05 10:04:33,447 [79948e16-d3d5-4c46-9c92-4c306a81da2e-groupManagement] INFO  util.JmxRegister (JmxRegister.java:tryRegister(44)) - Successfully registered JMX Bean with object name Ratis:service=RaftServer,group=group-622A069B1811,id=79948e16-d3d5-4c46-9c92-4c306a81da2e
2023-12-05 10:04:33,447 [79948e16-d3d5-4c46-9c92-4c306a81da2e-groupManagement] INFO  server.RaftServerConfigKeys (ConfUtils.java:logGet(46)) - raft.server.snapshot.trigger-when-stop.enabled = true (default)
2023-12-05 10:04:33,448 [79948e16-d3d5-4c46-9c92-4c306a81da2e-groupManagement] INFO  server.RaftServerConfigKeys (ConfUtils.java:logGet(46)) - raft.server.snapshot.auto.trigger.enabled = true (custom)
2023-12-05 10:04:33,448 [79948e16-d3d5-4c46-9c92-4c306a81da2e-groupManagement] INFO  server.RaftServerConfigKeys (ConfUtils.java:logGet(46)) - raft.server.snapshot.auto.trigger.threshold = 10000 (custom)
2023-12-05 10:04:33,448 [79948e16-d3d5-4c46-9c92-4c306a81da2e-groupManagement] INFO  server.RaftServerConfigKeys (ConfUtils.java:logGet(46)) - raft.server.snapshot.retention.file.num = 5 (custom)
2023-12-05 10:04:33,448 [79948e16-d3d5-4c46-9c92-4c306a81da2e-groupManagement] INFO  server.RaftServerConfigKeys (ConfUtils.java:logGet(46)) - raft.server.log.purge.upto.snapshot.index = false (default)
2023-12-05 10:04:33,449 [79948e16-d3d5-4c46-9c92-4c306a81da2e-PipelineCommandHandlerThread-0] INFO  ratis.XceiverServerRatis (XceiverServerRatis.java:addGroup(837)) - Created group PipelineID=6e7476a4-be4e-4763-823f-622a069b1811
2023-12-05 10:04:33,452 [main] INFO  ozone.MiniOzoneClusterImpl (MiniOzoneClusterImpl.java:lambda$waitForClusterToBeReady$0(229)) - Nodes are ready. Got 3 of 3 DN Heartbeats.
2023-12-05 10:04:33,452 [main] INFO  ozone.MiniOzoneClusterImpl (MiniOzoneClusterImpl.java:lambda$waitForClusterToBeReady$0(232)) - Waiting for cluster to exit safe mode
2023-12-05 10:04:33,452 [main] INFO  ozone.MiniOzoneClusterImpl (MiniOzoneClusterImpl.java:lambda$waitForClusterToBeReady$0(234)) - SCM became leader
2023-12-05 10:04:33,464 [de52aeb3-4e14-4dff-8d3c-f60b759b368a-PipelineCommandHandlerThread-0] INFO  server.RaftServer (RaftServerProxy.java:addNew(100)) - de52aeb3-4e14-4dff-8d3c-f60b759b368a: addNew group-BFDEF1181E5A:[de52aeb3-4e14-4dff-8d3c-f60b759b368a|10.1.0.7:15032] returns group-BFDEF1181E5A:java.util.concurrent.CompletableFuture@70a93599[Not completed]
2023-12-05 10:04:33,465 [de52aeb3-4e14-4dff-8d3c-f60b759b368a-groupManagement] INFO  server.RaftServer$Division (RaftServerImpl.java:<init>(256)) - de52aeb3-4e14-4dff-8d3c-f60b759b368a: new RaftServerImpl for group-BFDEF1181E5A:[de52aeb3-4e14-4dff-8d3c-f60b759b368a|10.1.0.7:15032] with ContainerStateMachine:uninitialized
2023-12-05 10:04:33,465 [de52aeb3-4e14-4dff-8d3c-f60b759b368a-groupManagement] INFO  server.RaftServerConfigKeys (ConfUtils.java:logGet(46)) - raft.server.rpc.timeout.min = 5s (custom)
2023-12-05 10:04:33,465 [de52aeb3-4e14-4dff-8d3c-f60b759b368a-groupManagement] INFO  server.RaftServerConfigKeys (ConfUtils.java:logGet(46)) - raft.server.rpc.timeout.max = 5200ms (custom)
2023-12-05 10:04:33,465 [de52aeb3-4e14-4dff-8d3c-f60b759b368a-groupManagement] INFO  server.RaftServerConfigKeys (ConfUtils.java:logGet(46)) - raft.server.rpc.sleep.time = 25ms (default)
2023-12-05 10:04:33,465 [de52aeb3-4e14-4dff-8d3c-f60b759b368a-groupManagement] INFO  server.RaftServerConfigKeys (ConfUtils.java:logGet(46)) - raft.server.rpc.slowness.timeout = 300s (custom)
2023-12-05 10:04:33,466 [de52aeb3-4e14-4dff-8d3c-f60b759b368a-groupManagement] INFO  server.RaftServerConfigKeys (ConfUtils.java:logGet(46)) - raft.server.leaderelection.leader.step-down.wait-time = 10s (default)
2023-12-05 10:04:33,466 [de52aeb3-4e14-4dff-8d3c-f60b759b368a-groupManagement] INFO  server.RaftServerConfigKeys (ConfUtils.java:logGet(46)) - raft.server.leaderelection.member.majority-add = false (default)
2023-12-05 10:04:33,466 [de52aeb3-4e14-4dff-8d3c-f60b759b368a-groupManagement] INFO  server.RaftServerConfigKeys (ConfUtils.java:logGet(46)) - raft.server.sleep.deviation.threshold = 300ms (default)
2023-12-05 10:04:33,466 [de52aeb3-4e14-4dff-8d3c-f60b759b368a-groupManagement] INFO  server.RaftServer$Division (ServerState.java:<init>(113)) - de52aeb3-4e14-4dff-8d3c-f60b759b368a@group-BFDEF1181E5A: ConfigurationManager, init=-1: peers:[de52aeb3-4e14-4dff-8d3c-f60b759b368a|10.1.0.7:15032]|listeners:[], old=null, confs=<EMPTY_MAP>
2023-12-05 10:04:33,466 [de52aeb3-4e14-4dff-8d3c-f60b759b368a-groupManagement] INFO  server.RaftServerConfigKeys (ConfUtils.java:logGet(46)) - raft.server.notification.no-leader.timeout = 300s (custom)
2023-12-05 10:04:33,466 [de52aeb3-4e14-4dff-8d3c-f60b759b368a-groupManagement] INFO  server.RaftServerConfigKeys (ConfUtils.java:logGet(46)) - raft.server.read.timeout = 10s (default)
2023-12-05 10:04:33,466 [de52aeb3-4e14-4dff-8d3c-f60b759b368a-groupManagement] INFO  server.RaftServerConfigKeys (ConfUtils.java:logGet(46)) - raft.server.retrycache.expirytime = 600000ms (custom)
2023-12-05 10:04:33,466 [de52aeb3-4e14-4dff-8d3c-f60b759b368a-groupManagement] INFO  server.RaftServerConfigKeys (ConfUtils.java:logGet(46)) - raft.server.retrycache.statistics.expirytime = 100ms (default)
2023-12-05 10:04:33,466 [de52aeb3-4e14-4dff-8d3c-f60b759b368a-groupManagement] INFO  server.RaftServerConfigKeys (ConfUtils.java:logGet(46)) - raft.server.read.option = DEFAULT (default)
2023-12-05 10:04:33,466 [de52aeb3-4e14-4dff-8d3c-f60b759b368a-groupManagement] INFO  server.RaftServerConfigKeys (ConfUtils.java:logGet(46)) - raft.server.read.read-after-write-consistent.write-index-cache.expiry-time = 60s (default)
2023-12-05 10:04:33,490 [de52aeb3-4e14-4dff-8d3c-f60b759b368a-groupManagement] INFO  server.RaftServerConfigKeys (ConfUtils.java:logGet(46)) - raft.server.rpc.request.timeout = 60s (custom)
2023-12-05 10:04:33,490 [de52aeb3-4e14-4dff-8d3c-f60b759b368a-groupManagement] INFO  server.RaftServerConfigKeys (ConfUtils.java:logGet(46)) - raft.server.log.appender.install.snapshot.enabled = false (custom)
2023-12-05 10:04:33,490 [de52aeb3-4e14-4dff-8d3c-f60b759b368a-groupManagement] INFO  server.RaftServerConfigKeys (ConfUtils.java:logGet(46)) - raft.server.threadpool.server.cached = true (default)
2023-12-05 10:04:33,490 [de52aeb3-4e14-4dff-8d3c-f60b759b368a-groupManagement] INFO  server.RaftServerConfigKeys (ConfUtils.java:logGet(46)) - raft.server.threadpool.server.size = 0 (default)
2023-12-05 10:04:33,491 [de52aeb3-4e14-4dff-8d3c-f60b759b368a-groupManagement] INFO  server.RaftServerConfigKeys (ConfUtils.java:logGet(46)) - raft.server.threadpool.client.cached = true (default)
2023-12-05 10:04:33,491 [de52aeb3-4e14-4dff-8d3c-f60b759b368a-groupManagement] INFO  server.RaftServerConfigKeys (ConfUtils.java:logGet(46)) - raft.server.threadpool.client.size = 0 (default)
2023-12-05 10:04:33,491 [de52aeb3-4e14-4dff-8d3c-f60b759b368a-groupManagement] INFO  server.RaftServerConfigKeys (ConfUtils.java:logGet(46)) - raft.server.storage.free-space.min = 0MB (=0) (default)
2023-12-05 10:04:33,491 [de52aeb3-4e14-4dff-8d3c-f60b759b368a-groupManagement] INFO  server.RaftServerConfigKeys (ConfUtils.java:logGet(46)) - raft.server.log.corruption.policy = EXCEPTION (default)
2023-12-05 10:04:33,491 [de52aeb3-4e14-4dff-8d3c-f60b759b368a-groupManagement] INFO  server.RaftServerConfigKeys (ConfUtils.java:logGet(46)) - raft.server.storage.dir = [/home/runner/work/ozone/ozone/hadoop-ozone/integration-test/target/test-dir/MiniOzoneClusterImpl-95f495f0-a26d-4c31-bdf8-5147ef8c128c/datanode-2/data/ratis] (custom)
2023-12-05 10:04:33,492 [de52aeb3-4e14-4dff-8d3c-f60b759b368a-groupManagement] INFO  storage.RaftStorageDirectory (RaftStorageDirectoryImpl.java:analyzeStorage(138)) - The storage directory /home/runner/work/ozone/ozone/hadoop-ozone/integration-test/target/test-dir/MiniOzoneClusterImpl-95f495f0-a26d-4c31-bdf8-5147ef8c128c/datanode-2/data/ratis/26c3fdac-f972-41be-a281-bfdef1181e5a does not exist. Creating ...
2023-12-05 10:04:33,495 [de52aeb3-4e14-4dff-8d3c-f60b759b368a-groupManagement] INFO  storage.RaftStorageDirectory (RaftStorageDirectoryImpl.java:tryLock(232)) - Lock on /home/runner/work/ozone/ozone/hadoop-ozone/integration-test/target/test-dir/MiniOzoneClusterImpl-95f495f0-a26d-4c31-bdf8-5147ef8c128c/datanode-2/data/ratis/26c3fdac-f972-41be-a281-bfdef1181e5a/in_use.lock acquired by nodename 4813@fv-az884-53
2023-12-05 10:04:33,497 [de52aeb3-4e14-4dff-8d3c-f60b759b368a-groupManagement] INFO  storage.RaftStorage (RaftStorageImpl.java:format(97)) - Storage directory /home/runner/work/ozone/ozone/hadoop-ozone/integration-test/target/test-dir/MiniOzoneClusterImpl-95f495f0-a26d-4c31-bdf8-5147ef8c128c/datanode-2/data/ratis/26c3fdac-f972-41be-a281-bfdef1181e5a has been successfully formatted.
2023-12-05 10:04:33,503 [EventQueue-PipelineReportForPipelineReportHandler] INFO  pipeline.PipelineReportHandler (PipelineReportHandler.java:processPipelineReport(136)) - Opened pipeline PipelineID=26c3fdac-f972-41be-a281-bfdef1181e5a
2023-12-05 10:04:33,503 [EventQueue-OpenPipelineForHealthyPipelineSafeModeRule] INFO  safemode.SCMSafeModeManager (HealthyPipelineSafeModeRule.java:process(137)) - SCM in safe mode. Healthy pipelines reported count is 0, required healthy pipeline reported count is 1
2023-12-05 10:04:33,505 [de52aeb3-4e14-4dff-8d3c-f60b759b368a-groupManagement] INFO  ratis.ContainerStateMachine (ContainerStateMachine.java:loadSnapshot(269)) - group-BFDEF1181E5A: The snapshot info is null. Setting the last applied indexto:(t:0, i:~)
2023-12-05 10:04:33,505 [de52aeb3-4e14-4dff-8d3c-f60b759b368a-groupManagement] INFO  server.RaftServerConfigKeys (ConfUtils.java:logGet(46)) - raft.server.log.use.memory = false (default)
2023-12-05 10:04:33,506 [de52aeb3-4e14-4dff-8d3c-f60b759b368a-groupManagement] INFO  server.RaftServerConfigKeys (ConfUtils.java:logGet(46)) - raft.server.log.purge.gap = 1000000 (custom)
2023-12-05 10:04:33,506 [de52aeb3-4e14-4dff-8d3c-f60b759b368a-groupManagement] INFO  server.RaftServerConfigKeys (ConfUtils.java:logGet(46)) - raft.server.log.appender.buffer.byte-limit = 8388608 (custom)
2023-12-05 10:04:33,507 [de52aeb3-4e14-4dff-8d3c-f60b759b368a-groupManagement] INFO  server.RaftServerConfigKeys (ConfUtils.java:logGet(46)) - raft.server.log.statemachine.data.read.timeout = 1000ms (default)
2023-12-05 10:04:33,507 [de52aeb3-4e14-4dff-8d3c-f60b759b368a-groupManagement] INFO  server.RaftServerConfigKeys (ConfUtils.java:logGet(46)) - raft.server.log.purge.preservation.log.num = 0 (default)
2023-12-05 10:04:33,509 [de52aeb3-4e14-4dff-8d3c-f60b759b368a-groupManagement] INFO  server.RaftServerConfigKeys (ConfUtils.java:logGet(46)) - raft.server.log.segment.size.max = 67108864 (custom)
2023-12-05 10:04:33,511 [de52aeb3-4e14-4dff-8d3c-f60b759b368a-groupManagement] INFO  server.RaftServerConfigKeys (ConfUtils.java:logGet(46)) - raft.server.log.segment.cache.num.max = 2 (custom)
2023-12-05 10:04:33,512 [de52aeb3-4e14-4dff-8d3c-f60b759b368a-groupManagement] INFO  server.RaftServerConfigKeys (ConfUtils.java:logGet(46)) - raft.server.log.segment.cache.size.max = 200MB (=209715200) (default)
2023-12-05 10:04:33,512 [de52aeb3-4e14-4dff-8d3c-f60b759b368a-groupManagement] INFO  server.RaftServerConfigKeys (ConfUtils.java:logGet(46)) - raft.server.log.appender.buffer.byte-limit = 8388608 (custom)
2023-12-05 10:04:33,522 [de52aeb3-4e14-4dff-8d3c-f60b759b368a-groupManagement] INFO  util.AwaitToRun (AwaitToRun.java:start(81)) - Thread[de52aeb3-4e14-4dff-8d3c-f60b759b368a@group-BFDEF1181E5A-cacheEviction-AwaitToRun,5,main] started
2023-12-05 10:04:33,522 [de52aeb3-4e14-4dff-8d3c-f60b759b368a-groupManagement] INFO  segmented.SegmentedRaftLogWorker (SegmentedRaftLogWorker.java:<init>(184)) - new de52aeb3-4e14-4dff-8d3c-f60b759b368a@group-BFDEF1181E5A-SegmentedRaftLogWorker for RaftStorageImpl:Storage Directory /home/runner/work/ozone/ozone/hadoop-ozone/integration-test/target/test-dir/MiniOzoneClusterImpl-95f495f0-a26d-4c31-bdf8-5147ef8c128c/datanode-2/data/ratis/26c3fdac-f972-41be-a281-bfdef1181e5a
2023-12-05 10:04:33,522 [de52aeb3-4e14-4dff-8d3c-f60b759b368a-groupManagement] INFO  server.RaftServerConfigKeys (ConfUtils.java:logGet(46)) - raft.server.log.queue.byte-limit = 4294967296 (custom)
2023-12-05 10:04:33,522 [de52aeb3-4e14-4dff-8d3c-f60b759b368a-groupManagement] INFO  server.RaftServerConfigKeys (ConfUtils.java:logGet(46)) - raft.server.log.queue.element-limit = 1024 (custom)
2023-12-05 10:04:33,523 [de52aeb3-4e14-4dff-8d3c-f60b759b368a-groupManagement] INFO  server.RaftServerConfigKeys (ConfUtils.java:logGet(46)) - raft.server.log.segment.size.max = 67108864 (custom)
2023-12-05 10:04:33,523 [de52aeb3-4e14-4dff-8d3c-f60b759b368a-groupManagement] INFO  server.RaftServerConfigKeys (ConfUtils.java:logGet(46)) - raft.server.log.preallocated.size = 4194304 (custom)
2023-12-05 10:04:33,523 [de52aeb3-4e14-4dff-8d3c-f60b759b368a-groupManagement] INFO  server.RaftServerConfigKeys (ConfUtils.java:logGet(46)) - raft.server.log.force.sync.num = 128 (default)
2023-12-05 10:04:33,523 [de52aeb3-4e14-4dff-8d3c-f60b759b368a-groupManagement] INFO  server.RaftServerConfigKeys (ConfUtils.java:logGet(46)) - raft.server.log.statemachine.data.sync = true (default)
2023-12-05 10:04:33,524 [de52aeb3-4e14-4dff-8d3c-f60b759b368a-groupManagement] INFO  server.RaftServerConfigKeys (ConfUtils.java:logGet(46)) - raft.server.log.statemachine.data.sync.timeout = 10s (default)
2023-12-05 10:04:33,524 [de52aeb3-4e14-4dff-8d3c-f60b759b368a-groupManagement] INFO  server.RaftServerConfigKeys (ConfUtils.java:logGet(46)) - raft.server.log.statemachine.data.sync.timeout.retry = 0 (custom)
2023-12-05 10:04:33,525 [de52aeb3-4e14-4dff-8d3c-f60b759b368a-groupManagement] INFO  server.RaftServerConfigKeys (ConfUtils.java:logGet(46)) - raft.server.log.write.buffer.size = 8388616 (custom)
2023-12-05 10:04:33,527 [de52aeb3-4e14-4dff-8d3c-f60b759b368a-groupManagement] INFO  server.RaftServerConfigKeys (ConfUtils.java:logGet(46)) - raft.server.log.appender.buffer.byte-limit = 8388608 (custom)
2023-12-05 10:04:33,536 [de52aeb3-4e14-4dff-8d3c-f60b759b368a-groupManagement] INFO  server.RaftServerConfigKeys (ConfUtils.java:logGet(46)) - raft.server.log.unsafe-flush.enabled = false (default)
2023-12-05 10:04:33,537 [de52aeb3-4e14-4dff-8d3c-f60b759b368a-groupManagement] INFO  server.RaftServerConfigKeys (ConfUtils.java:logGet(46)) - raft.server.log.async-flush.enabled = false (default)
2023-12-05 10:04:33,537 [de52aeb3-4e14-4dff-8d3c-f60b759b368a-groupManagement] INFO  server.RaftServerConfigKeys (ConfUtils.java:logGet(46)) - raft.server.log.statemachine.data.caching.enabled = true (custom)
2023-12-05 10:04:33,537 [de52aeb3-4e14-4dff-8d3c-f60b759b368a-groupManagement] INFO  segmented.SegmentedRaftLogWorker (SegmentedRaftLogWorker.java:lambda$new$0(135)) - de52aeb3-4e14-4dff-8d3c-f60b759b368a@group-BFDEF1181E5A-SegmentedRaftLogWorker: flushIndex: setUnconditionally 0 -> -1
2023-12-05 10:04:33,538 [de52aeb3-4e14-4dff-8d3c-f60b759b368a-groupManagement] INFO  segmented.SegmentedRaftLogWorker (SegmentedRaftLogWorker.java:lambda$new$0(135)) - de52aeb3-4e14-4dff-8d3c-f60b759b368a@group-BFDEF1181E5A-SegmentedRaftLogWorker: safeCacheEvictIndex: setUnconditionally 0 -> -1
2023-12-05 10:04:33,546 [de52aeb3-4e14-4dff-8d3c-f60b759b368a-groupManagement] INFO  server.RaftServer$Division (RaftServerImpl.java:start(392)) - de52aeb3-4e14-4dff-8d3c-f60b759b368a@group-BFDEF1181E5A: start as a follower, conf=-1: peers:[de52aeb3-4e14-4dff-8d3c-f60b759b368a|10.1.0.7:15032]|listeners:[], old=null
2023-12-05 10:04:33,546 [de52aeb3-4e14-4dff-8d3c-f60b759b368a-groupManagement] INFO  server.RaftServer$Division (RaftServerImpl.java:setRole(379)) - de52aeb3-4e14-4dff-8d3c-f60b759b368a@group-BFDEF1181E5A: changes role from      null to FOLLOWER at term 0 for startAsFollower
2023-12-05 10:04:33,546 [de52aeb3-4e14-4dff-8d3c-f60b759b368a-groupManagement] INFO  impl.RoleInfo (RoleInfo.java:updateAndGet(139)) - de52aeb3-4e14-4dff-8d3c-f60b759b368a: start de52aeb3-4e14-4dff-8d3c-f60b759b368a@group-BFDEF1181E5A-FollowerState
2023-12-05 10:04:33,552 [de52aeb3-4e14-4dff-8d3c-f60b759b368a-groupManagement] INFO  util.JmxRegister (JmxRegister.java:tryRegister(44)) - Successfully registered JMX Bean with object name Ratis:service=RaftServer,group=group-BFDEF1181E5A,id=de52aeb3-4e14-4dff-8d3c-f60b759b368a
2023-12-05 10:04:33,552 [de52aeb3-4e14-4dff-8d3c-f60b759b368a-groupManagement] INFO  server.RaftServerConfigKeys (ConfUtils.java:logGet(46)) - raft.server.snapshot.trigger-when-stop.enabled = true (default)
2023-12-05 10:04:33,552 [de52aeb3-4e14-4dff-8d3c-f60b759b368a-groupManagement] INFO  server.RaftServerConfigKeys (ConfUtils.java:logGet(46)) - raft.server.snapshot.auto.trigger.enabled = true (custom)
2023-12-05 10:04:33,552 [de52aeb3-4e14-4dff-8d3c-f60b759b368a-groupManagement] INFO  server.RaftServerConfigKeys (ConfUtils.java:logGet(46)) - raft.server.snapshot.auto.trigger.threshold = 10000 (custom)
2023-12-05 10:04:33,552 [de52aeb3-4e14-4dff-8d3c-f60b759b368a-groupManagement] INFO  server.RaftServerConfigKeys (ConfUtils.java:logGet(46)) - raft.server.snapshot.retention.file.num = 5 (custom)
2023-12-05 10:04:33,552 [de52aeb3-4e14-4dff-8d3c-f60b759b368a-groupManagement] INFO  server.RaftServerConfigKeys (ConfUtils.java:logGet(46)) - raft.server.log.purge.upto.snapshot.index = false (default)
2023-12-05 10:04:33,554 [de52aeb3-4e14-4dff-8d3c-f60b759b368a@group-BFDEF1181E5A-FollowerState] INFO  server.RaftServerConfigKeys (ConfUtils.java:logFallback(53)) - raft.server.rpc.first-election.timeout.min = 5s (fallback to raft.server.rpc.timeout.min)
2023-12-05 10:04:33,555 [de52aeb3-4e14-4dff-8d3c-f60b759b368a@group-BFDEF1181E5A-FollowerState] INFO  server.RaftServerConfigKeys (ConfUtils.java:logFallback(53)) - raft.server.rpc.first-election.timeout.max = 5200ms (fallback to raft.server.rpc.timeout.max)
2023-12-05 10:04:33,563 [de52aeb3-4e14-4dff-8d3c-f60b759b368a-PipelineCommandHandlerThread-0] INFO  ratis.XceiverServerRatis (XceiverServerRatis.java:addGroup(837)) - Created group PipelineID=26c3fdac-f972-41be-a281-bfdef1181e5a
2023-12-05 10:04:33,563 [de52aeb3-4e14-4dff-8d3c-f60b759b368a-PipelineCommandHandlerThread-0] INFO  commandhandler.CreatePipelineCommandHandler (CreatePipelineCommandHandler.java:lambda$handle$2(124)) - Created Pipeline RATIS ONE PipelineID=26c3fdac-f972-41be-a281-bfdef1181e5a.
2023-12-05 10:04:33,563 [de52aeb3-4e14-4dff-8d3c-f60b759b368a-PipelineCommandHandlerThread-0] INFO  server.RaftServer (RaftServerProxy.java:addNew(100)) - de52aeb3-4e14-4dff-8d3c-f60b759b368a: addNew group-622A069B1811:[26f359c8-b8a0-48ca-adf0-1f6b26ee8905|10.1.0.7:15014, 79948e16-d3d5-4c46-9c92-4c306a81da2e|10.1.0.7:15023, de52aeb3-4e14-4dff-8d3c-f60b759b368a|10.1.0.7:15032] returns group-622A069B1811:java.util.concurrent.CompletableFuture@7496af54[Not completed]
2023-12-05 10:04:33,565 [de52aeb3-4e14-4dff-8d3c-f60b759b368a-groupManagement] INFO  server.RaftServer$Division (RaftServerImpl.java:<init>(256)) - de52aeb3-4e14-4dff-8d3c-f60b759b368a: new RaftServerImpl for group-622A069B1811:[26f359c8-b8a0-48ca-adf0-1f6b26ee8905|10.1.0.7:15014, 79948e16-d3d5-4c46-9c92-4c306a81da2e|10.1.0.7:15023, de52aeb3-4e14-4dff-8d3c-f60b759b368a|10.1.0.7:15032] with ContainerStateMachine:uninitialized
2023-12-05 10:04:33,565 [de52aeb3-4e14-4dff-8d3c-f60b759b368a-groupManagement] INFO  server.RaftServerConfigKeys (ConfUtils.java:logGet(46)) - raft.server.rpc.timeout.min = 5s (custom)
2023-12-05 10:04:33,565 [de52aeb3-4e14-4dff-8d3c-f60b759b368a-groupManagement] INFO  server.RaftServerConfigKeys (ConfUtils.java:logGet(46)) - raft.server.rpc.timeout.max = 5200ms (custom)
2023-12-05 10:04:33,565 [de52aeb3-4e14-4dff-8d3c-f60b759b368a-groupManagement] INFO  server.RaftServerConfigKeys (ConfUtils.java:logGet(46)) - raft.server.rpc.sleep.time = 25ms (default)
2023-12-05 10:04:33,566 [de52aeb3-4e14-4dff-8d3c-f60b759b368a-groupManagement] INFO  server.RaftServerConfigKeys (ConfUtils.java:logGet(46)) - raft.server.rpc.slowness.timeout = 300s (custom)
2023-12-05 10:04:33,566 [de52aeb3-4e14-4dff-8d3c-f60b759b368a-groupManagement] INFO  server.RaftServerConfigKeys (ConfUtils.java:logGet(46)) - raft.server.leaderelection.leader.step-down.wait-time = 10s (default)
2023-12-05 10:04:33,566 [de52aeb3-4e14-4dff-8d3c-f60b759b368a-groupManagement] INFO  server.RaftServerConfigKeys (ConfUtils.java:logGet(46)) - raft.server.leaderelection.member.majority-add = false (default)
2023-12-05 10:04:33,566 [de52aeb3-4e14-4dff-8d3c-f60b759b368a-groupManagement] INFO  server.RaftServerConfigKeys (ConfUtils.java:logGet(46)) - raft.server.sleep.deviation.threshold = 300ms (default)
2023-12-05 10:04:33,566 [de52aeb3-4e14-4dff-8d3c-f60b759b368a-groupManagement] INFO  server.RaftServer$Division (ServerState.java:<init>(113)) - de52aeb3-4e14-4dff-8d3c-f60b759b368a@group-622A069B1811: ConfigurationManager, init=-1: peers:[26f359c8-b8a0-48ca-adf0-1f6b26ee8905|10.1.0.7:15014, 79948e16-d3d5-4c46-9c92-4c306a81da2e|10.1.0.7:15023, de52aeb3-4e14-4dff-8d3c-f60b759b368a|10.1.0.7:15032]|listeners:[], old=null, confs=<EMPTY_MAP>
2023-12-05 10:04:33,566 [de52aeb3-4e14-4dff-8d3c-f60b759b368a-groupManagement] INFO  server.RaftServerConfigKeys (ConfUtils.java:logGet(46)) - raft.server.notification.no-leader.timeout = 300s (custom)
2023-12-05 10:04:33,566 [de52aeb3-4e14-4dff-8d3c-f60b759b368a-groupManagement] INFO  server.RaftServerConfigKeys (ConfUtils.java:logGet(46)) - raft.server.read.timeout = 10s (default)
2023-12-05 10:04:33,566 [de52aeb3-4e14-4dff-8d3c-f60b759b368a-groupManagement] INFO  server.RaftServerConfigKeys (ConfUtils.java:logGet(46)) - raft.server.retrycache.expirytime = 600000ms (custom)
2023-12-05 10:04:33,566 [de52aeb3-4e14-4dff-8d3c-f60b759b368a-groupManagement] INFO  server.RaftServerConfigKeys (ConfUtils.java:logGet(46)) - raft.server.retrycache.statistics.expirytime = 100ms (default)
2023-12-05 10:04:33,566 [de52aeb3-4e14-4dff-8d3c-f60b759b368a-groupManagement] INFO  server.RaftServerConfigKeys (ConfUtils.java:logGet(46)) - raft.server.read.option = DEFAULT (default)
2023-12-05 10:04:33,566 [de52aeb3-4e14-4dff-8d3c-f60b759b368a-groupManagement] INFO  server.RaftServerConfigKeys (ConfUtils.java:logGet(46)) - raft.server.read.read-after-write-consistent.write-index-cache.expiry-time = 60s (default)
2023-12-05 10:04:33,569 [de52aeb3-4e14-4dff-8d3c-f60b759b368a-groupManagement] INFO  server.RaftServerConfigKeys (ConfUtils.java:logGet(46)) - raft.server.rpc.request.timeout = 60s (custom)
2023-12-05 10:04:33,569 [de52aeb3-4e14-4dff-8d3c-f60b759b368a-groupManagement] INFO  server.RaftServerConfigKeys (ConfUtils.java:logGet(46)) - raft.server.log.appender.install.snapshot.enabled = false (custom)
2023-12-05 10:04:33,569 [de52aeb3-4e14-4dff-8d3c-f60b759b368a-groupManagement] INFO  server.RaftServerConfigKeys (ConfUtils.java:logGet(46)) - raft.server.threadpool.server.cached = true (default)
2023-12-05 10:04:33,569 [de52aeb3-4e14-4dff-8d3c-f60b759b368a-groupManagement] INFO  server.RaftServerConfigKeys (ConfUtils.java:logGet(46)) - raft.server.threadpool.server.size = 0 (default)
2023-12-05 10:04:33,569 [de52aeb3-4e14-4dff-8d3c-f60b759b368a-groupManagement] INFO  server.RaftServerConfigKeys (ConfUtils.java:logGet(46)) - raft.server.threadpool.client.cached = true (default)
2023-12-05 10:04:33,569 [de52aeb3-4e14-4dff-8d3c-f60b759b368a-groupManagement] INFO  server.RaftServerConfigKeys (ConfUtils.java:logGet(46)) - raft.server.threadpool.client.size = 0 (default)
2023-12-05 10:04:33,569 [de52aeb3-4e14-4dff-8d3c-f60b759b368a-groupManagement] INFO  server.RaftServerConfigKeys (ConfUtils.java:logGet(46)) - raft.server.storage.free-space.min = 0MB (=0) (default)
2023-12-05 10:04:33,569 [de52aeb3-4e14-4dff-8d3c-f60b759b368a-groupManagement] INFO  server.RaftServerConfigKeys (ConfUtils.java:logGet(46)) - raft.server.log.corruption.policy = EXCEPTION (default)
2023-12-05 10:04:33,569 [de52aeb3-4e14-4dff-8d3c-f60b759b368a-groupManagement] INFO  server.RaftServerConfigKeys (ConfUtils.java:logGet(46)) - raft.server.storage.dir = [/home/runner/work/ozone/ozone/hadoop-ozone/integration-test/target/test-dir/MiniOzoneClusterImpl-95f495f0-a26d-4c31-bdf8-5147ef8c128c/datanode-2/data/ratis] (custom)
2023-12-05 10:04:33,570 [de52aeb3-4e14-4dff-8d3c-f60b759b368a-groupManagement] INFO  storage.RaftStorageDirectory (RaftStorageDirectoryImpl.java:analyzeStorage(138)) - The storage directory /home/runner/work/ozone/ozone/hadoop-ozone/integration-test/target/test-dir/MiniOzoneClusterImpl-95f495f0-a26d-4c31-bdf8-5147ef8c128c/datanode-2/data/ratis/6e7476a4-be4e-4763-823f-622a069b1811 does not exist. Creating ...
2023-12-05 10:04:33,571 [de52aeb3-4e14-4dff-8d3c-f60b759b368a-groupManagement] INFO  storage.RaftStorageDirectory (RaftStorageDirectoryImpl.java:tryLock(232)) - Lock on /home/runner/work/ozone/ozone/hadoop-ozone/integration-test/target/test-dir/MiniOzoneClusterImpl-95f495f0-a26d-4c31-bdf8-5147ef8c128c/datanode-2/data/ratis/6e7476a4-be4e-4763-823f-622a069b1811/in_use.lock acquired by nodename 4813@fv-az884-53
2023-12-05 10:04:33,572 [de52aeb3-4e14-4dff-8d3c-f60b759b368a-groupManagement] INFO  storage.RaftStorage (RaftStorageImpl.java:format(97)) - Storage directory /home/runner/work/ozone/ozone/hadoop-ozone/integration-test/target/test-dir/MiniOzoneClusterImpl-95f495f0-a26d-4c31-bdf8-5147ef8c128c/datanode-2/data/ratis/6e7476a4-be4e-4763-823f-622a069b1811 has been successfully formatted.
2023-12-05 10:04:33,573 [de52aeb3-4e14-4dff-8d3c-f60b759b368a-groupManagement] INFO  ratis.ContainerStateMachine (ContainerStateMachine.java:loadSnapshot(269)) - group-622A069B1811: The snapshot info is null. Setting the last applied indexto:(t:0, i:~)
2023-12-05 10:04:33,573 [de52aeb3-4e14-4dff-8d3c-f60b759b368a-groupManagement] INFO  server.RaftServerConfigKeys (ConfUtils.java:logGet(46)) - raft.server.log.use.memory = false (default)
2023-12-05 10:04:33,575 [EventQueue-OpenPipelineForHealthyPipelineSafeModeRule] INFO  safemode.SCMSafeModeManager (HealthyPipelineSafeModeRule.java:process(137)) - SCM in safe mode. Healthy pipelines reported count is 0, required healthy pipeline reported count is 1
2023-12-05 10:04:33,575 [de52aeb3-4e14-4dff-8d3c-f60b759b368a-groupManagement] INFO  server.RaftServerConfigKeys (ConfUtils.java:logGet(46)) - raft.server.log.purge.gap = 1000000 (custom)
2023-12-05 10:04:33,576 [de52aeb3-4e14-4dff-8d3c-f60b759b368a-groupManagement] INFO  server.RaftServerConfigKeys (ConfUtils.java:logGet(46)) - raft.server.log.appender.buffer.byte-limit = 8388608 (custom)
2023-12-05 10:04:33,576 [de52aeb3-4e14-4dff-8d3c-f60b759b368a-groupManagement] INFO  server.RaftServerConfigKeys (ConfUtils.java:logGet(46)) - raft.server.log.statemachine.data.read.timeout = 1000ms (default)
2023-12-05 10:04:33,576 [de52aeb3-4e14-4dff-8d3c-f60b759b368a-groupManagement] INFO  server.RaftServerConfigKeys (ConfUtils.java:logGet(46)) - raft.server.log.purge.preservation.log.num = 0 (default)
2023-12-05 10:04:33,578 [de52aeb3-4e14-4dff-8d3c-f60b759b368a-groupManagement] INFO  server.RaftServerConfigKeys (ConfUtils.java:logGet(46)) - raft.server.log.segment.size.max = 67108864 (custom)
2023-12-05 10:04:33,580 [de52aeb3-4e14-4dff-8d3c-f60b759b368a-groupManagement] INFO  server.RaftServerConfigKeys (ConfUtils.java:logGet(46)) - raft.server.log.segment.cache.num.max = 2 (custom)
2023-12-05 10:04:33,580 [de52aeb3-4e14-4dff-8d3c-f60b759b368a-groupManagement] INFO  server.RaftServerConfigKeys (ConfUtils.java:logGet(46)) - raft.server.log.segment.cache.size.max = 200MB (=209715200) (default)
2023-12-05 10:04:33,581 [de52aeb3-4e14-4dff-8d3c-f60b759b368a-groupManagement] INFO  server.RaftServerConfigKeys (ConfUtils.java:logGet(46)) - raft.server.log.appender.buffer.byte-limit = 8388608 (custom)
2023-12-05 10:04:33,588 [de52aeb3-4e14-4dff-8d3c-f60b759b368a-groupManagement] INFO  util.AwaitToRun (AwaitToRun.java:start(81)) - Thread[de52aeb3-4e14-4dff-8d3c-f60b759b368a@group-622A069B1811-cacheEviction-AwaitToRun,5,main] started
2023-12-05 10:04:33,588 [de52aeb3-4e14-4dff-8d3c-f60b759b368a-groupManagement] INFO  segmented.SegmentedRaftLogWorker (SegmentedRaftLogWorker.java:<init>(184)) - new de52aeb3-4e14-4dff-8d3c-f60b759b368a@group-622A069B1811-SegmentedRaftLogWorker for RaftStorageImpl:Storage Directory /home/runner/work/ozone/ozone/hadoop-ozone/integration-test/target/test-dir/MiniOzoneClusterImpl-95f495f0-a26d-4c31-bdf8-5147ef8c128c/datanode-2/data/ratis/6e7476a4-be4e-4763-823f-622a069b1811
2023-12-05 10:04:33,589 [de52aeb3-4e14-4dff-8d3c-f60b759b368a-groupManagement] INFO  server.RaftServerConfigKeys (ConfUtils.java:logGet(46)) - raft.server.log.queue.byte-limit = 4294967296 (custom)
2023-12-05 10:04:33,589 [de52aeb3-4e14-4dff-8d3c-f60b759b368a-groupManagement] INFO  server.RaftServerConfigKeys (ConfUtils.java:logGet(46)) - raft.server.log.queue.element-limit = 1024 (custom)
2023-12-05 10:04:33,589 [de52aeb3-4e14-4dff-8d3c-f60b759b368a-groupManagement] INFO  server.RaftServerConfigKeys (ConfUtils.java:logGet(46)) - raft.server.log.segment.size.max = 67108864 (custom)
2023-12-05 10:04:33,590 [de52aeb3-4e14-4dff-8d3c-f60b759b368a-groupManagement] INFO  server.RaftServerConfigKeys (ConfUtils.java:logGet(46)) - raft.server.log.preallocated.size = 4194304 (custom)
2023-12-05 10:04:33,590 [de52aeb3-4e14-4dff-8d3c-f60b759b368a-groupManagement] INFO  server.RaftServerConfigKeys (ConfUtils.java:logGet(46)) - raft.server.log.force.sync.num = 128 (default)
2023-12-05 10:04:33,590 [de52aeb3-4e14-4dff-8d3c-f60b759b368a-groupManagement] INFO  server.RaftServerConfigKeys (ConfUtils.java:logGet(46)) - raft.server.log.statemachine.data.sync = true (default)
2023-12-05 10:04:33,591 [de52aeb3-4e14-4dff-8d3c-f60b759b368a-groupManagement] INFO  server.RaftServerConfigKeys (ConfUtils.java:logGet(46)) - raft.server.log.statemachine.data.sync.timeout = 10s (default)
2023-12-05 10:04:33,591 [de52aeb3-4e14-4dff-8d3c-f60b759b368a-groupManagement] INFO  server.RaftServerConfigKeys (ConfUtils.java:logGet(46)) - raft.server.log.statemachine.data.sync.timeout.retry = 0 (custom)
2023-12-05 10:04:33,592 [de52aeb3-4e14-4dff-8d3c-f60b759b368a-groupManagement] INFO  server.RaftServerConfigKeys (ConfUtils.java:logGet(46)) - raft.server.log.write.buffer.size = 8388616 (custom)
2023-12-05 10:04:33,594 [de52aeb3-4e14-4dff-8d3c-f60b759b368a-groupManagement] INFO  server.RaftServerConfigKeys (ConfUtils.java:logGet(46)) - raft.server.log.appender.buffer.byte-limit = 8388608 (custom)
2023-12-05 10:04:33,595 [de52aeb3-4e14-4dff-8d3c-f60b759b368a-groupManagement] INFO  server.RaftServerConfigKeys (ConfUtils.java:logGet(46)) - raft.server.log.unsafe-flush.enabled = false (default)
2023-12-05 10:04:33,595 [de52aeb3-4e14-4dff-8d3c-f60b759b368a-groupManagement] INFO  server.RaftServerConfigKeys (ConfUtils.java:logGet(46)) - raft.server.log.async-flush.enabled = false (default)
2023-12-05 10:04:33,596 [de52aeb3-4e14-4dff-8d3c-f60b759b368a-groupManagement] INFO  server.RaftServerConfigKeys (ConfUtils.java:logGet(46)) - raft.server.log.statemachine.data.caching.enabled = true (custom)
2023-12-05 10:04:33,596 [de52aeb3-4e14-4dff-8d3c-f60b759b368a-groupManagement] INFO  segmented.SegmentedRaftLogWorker (SegmentedRaftLogWorker.java:lambda$new$0(135)) - de52aeb3-4e14-4dff-8d3c-f60b759b368a@group-622A069B1811-SegmentedRaftLogWorker: flushIndex: setUnconditionally 0 -> -1
2023-12-05 10:04:33,597 [de52aeb3-4e14-4dff-8d3c-f60b759b368a-groupManagement] INFO  segmented.SegmentedRaftLogWorker (SegmentedRaftLogWorker.java:lambda$new$0(135)) - de52aeb3-4e14-4dff-8d3c-f60b759b368a@group-622A069B1811-SegmentedRaftLogWorker: safeCacheEvictIndex: setUnconditionally 0 -> -1
2023-12-05 10:04:33,606 [de52aeb3-4e14-4dff-8d3c-f60b759b368a-groupManagement] INFO  server.RaftServer$Division (RaftServerImpl.java:start(392)) - de52aeb3-4e14-4dff-8d3c-f60b759b368a@group-622A069B1811: start as a follower, conf=-1: peers:[26f359c8-b8a0-48ca-adf0-1f6b26ee8905|10.1.0.7:15014, 79948e16-d3d5-4c46-9c92-4c306a81da2e|10.1.0.7:15023, de52aeb3-4e14-4dff-8d3c-f60b759b368a|10.1.0.7:15032]|listeners:[], old=null
2023-12-05 10:04:33,607 [de52aeb3-4e14-4dff-8d3c-f60b759b368a-groupManagement] INFO  server.RaftServer$Division (RaftServerImpl.java:setRole(379)) - de52aeb3-4e14-4dff-8d3c-f60b759b368a@group-622A069B1811: changes role from      null to FOLLOWER at term 0 for startAsFollower
2023-12-05 10:04:33,607 [de52aeb3-4e14-4dff-8d3c-f60b759b368a-groupManagement] INFO  impl.RoleInfo (RoleInfo.java:updateAndGet(139)) - de52aeb3-4e14-4dff-8d3c-f60b759b368a: start de52aeb3-4e14-4dff-8d3c-f60b759b368a@group-622A069B1811-FollowerState
2023-12-05 10:04:33,616 [de52aeb3-4e14-4dff-8d3c-f60b759b368a-groupManagement] INFO  util.JmxRegister (JmxRegister.java:tryRegister(44)) - Successfully registered JMX Bean with object name Ratis:service=RaftServer,group=group-622A069B1811,id=de52aeb3-4e14-4dff-8d3c-f60b759b368a
2023-12-05 10:04:33,620 [de52aeb3-4e14-4dff-8d3c-f60b759b368a-groupManagement] INFO  server.RaftServerConfigKeys (ConfUtils.java:logGet(46)) - raft.server.snapshot.trigger-when-stop.enabled = true (default)
2023-12-05 10:04:33,620 [de52aeb3-4e14-4dff-8d3c-f60b759b368a-groupManagement] INFO  server.RaftServerConfigKeys (ConfUtils.java:logGet(46)) - raft.server.snapshot.auto.trigger.enabled = true (custom)
2023-12-05 10:04:33,620 [de52aeb3-4e14-4dff-8d3c-f60b759b368a-groupManagement] INFO  server.RaftServerConfigKeys (ConfUtils.java:logGet(46)) - raft.server.snapshot.auto.trigger.threshold = 10000 (custom)
2023-12-05 10:04:33,620 [de52aeb3-4e14-4dff-8d3c-f60b759b368a-groupManagement] INFO  server.RaftServerConfigKeys (ConfUtils.java:logGet(46)) - raft.server.snapshot.retention.file.num = 5 (custom)
2023-12-05 10:04:33,621 [de52aeb3-4e14-4dff-8d3c-f60b759b368a-groupManagement] INFO  server.RaftServerConfigKeys (ConfUtils.java:logGet(46)) - raft.server.log.purge.upto.snapshot.index = false (default)
2023-12-05 10:04:33,628 [de52aeb3-4e14-4dff-8d3c-f60b759b368a-PipelineCommandHandlerThread-0] INFO  ratis.XceiverServerRatis (XceiverServerRatis.java:addGroup(837)) - Created group PipelineID=6e7476a4-be4e-4763-823f-622a069b1811
2023-12-05 10:04:33,628 [de52aeb3-4e14-4dff-8d3c-f60b759b368a@group-622A069B1811-FollowerState] INFO  server.RaftServerConfigKeys (ConfUtils.java:logFallback(53)) - raft.server.rpc.first-election.timeout.min = 5s (fallback to raft.server.rpc.timeout.min)
2023-12-05 10:04:33,628 [de52aeb3-4e14-4dff-8d3c-f60b759b368a@group-622A069B1811-FollowerState] INFO  server.RaftServerConfigKeys (ConfUtils.java:logFallback(53)) - raft.server.rpc.first-election.timeout.max = 5200ms (fallback to raft.server.rpc.timeout.max)
2023-12-05 10:04:33,816 [79948e16-d3d5-4c46-9c92-4c306a81da2e-PipelineCommandHandlerThread-0] INFO  commandhandler.CreatePipelineCommandHandler (CreatePipelineCommandHandler.java:lambda$handle$2(124)) - Created Pipeline RATIS THREE PipelineID=6e7476a4-be4e-4763-823f-622a069b1811.
2023-12-05 10:04:33,816 [de52aeb3-4e14-4dff-8d3c-f60b759b368a-PipelineCommandHandlerThread-0] INFO  commandhandler.CreatePipelineCommandHandler (CreatePipelineCommandHandler.java:lambda$handle$2(124)) - Created Pipeline RATIS THREE PipelineID=6e7476a4-be4e-4763-823f-622a069b1811.
2023-12-05 10:04:33,816 [26f359c8-b8a0-48ca-adf0-1f6b26ee8905-PipelineCommandHandlerThread-0] INFO  commandhandler.CreatePipelineCommandHandler (CreatePipelineCommandHandler.java:lambda$handle$2(124)) - Created Pipeline RATIS THREE PipelineID=6e7476a4-be4e-4763-823f-622a069b1811.
2023-12-05 10:04:34,452 [main] INFO  ozone.MiniOzoneClusterImpl (MiniOzoneClusterImpl.java:lambda$waitForClusterToBeReady$0(229)) - Nodes are ready. Got 3 of 3 DN Heartbeats.
2023-12-05 10:04:34,453 [main] INFO  ozone.MiniOzoneClusterImpl (MiniOzoneClusterImpl.java:lambda$waitForClusterToBeReady$0(232)) - Waiting for cluster to exit safe mode
2023-12-05 10:04:34,453 [main] INFO  ozone.MiniOzoneClusterImpl (MiniOzoneClusterImpl.java:lambda$waitForClusterToBeReady$0(234)) - SCM became leader
2023-12-05 10:04:35,453 [main] INFO  ozone.MiniOzoneClusterImpl (MiniOzoneClusterImpl.java:lambda$waitForClusterToBeReady$0(229)) - Nodes are ready. Got 3 of 3 DN Heartbeats.
2023-12-05 10:04:35,453 [main] INFO  ozone.MiniOzoneClusterImpl (MiniOzoneClusterImpl.java:lambda$waitForClusterToBeReady$0(232)) - Waiting for cluster to exit safe mode
2023-12-05 10:04:35,453 [main] INFO  ozone.MiniOzoneClusterImpl (MiniOzoneClusterImpl.java:lambda$waitForClusterToBeReady$0(234)) - SCM became leader
2023-12-05 10:04:36,454 [main] INFO  ozone.MiniOzoneClusterImpl (MiniOzoneClusterImpl.java:lambda$waitForClusterToBeReady$0(229)) - Nodes are ready. Got 3 of 3 DN Heartbeats.
2023-12-05 10:04:36,454 [main] INFO  ozone.MiniOzoneClusterImpl (MiniOzoneClusterImpl.java:lambda$waitForClusterToBeReady$0(232)) - Waiting for cluster to exit safe mode
2023-12-05 10:04:36,454 [main] INFO  ozone.MiniOzoneClusterImpl (MiniOzoneClusterImpl.java:lambda$waitForClusterToBeReady$0(234)) - SCM became leader
2023-12-05 10:04:37,454 [main] INFO  ozone.MiniOzoneClusterImpl (MiniOzoneClusterImpl.java:lambda$waitForClusterToBeReady$0(229)) - Nodes are ready. Got 3 of 3 DN Heartbeats.
2023-12-05 10:04:37,455 [main] INFO  ozone.MiniOzoneClusterImpl (MiniOzoneClusterImpl.java:lambda$waitForClusterToBeReady$0(232)) - Waiting for cluster to exit safe mode
2023-12-05 10:04:37,455 [main] INFO  ozone.MiniOzoneClusterImpl (MiniOzoneClusterImpl.java:lambda$waitForClusterToBeReady$0(234)) - SCM became leader
2023-12-05 10:04:38,276 [26f359c8-b8a0-48ca-adf0-1f6b26ee8905@group-A7A17920EDDF-FollowerState] INFO  impl.FollowerState (FollowerState.java:run(143)) - 26f359c8-b8a0-48ca-adf0-1f6b26ee8905@group-A7A17920EDDF-FollowerState: change to CANDIDATE, lastRpcElapsedTime:5036141246ns, electionTimeout:5029ms
2023-12-05 10:04:38,276 [26f359c8-b8a0-48ca-adf0-1f6b26ee8905@group-A7A17920EDDF-FollowerState] INFO  impl.RoleInfo (RoleInfo.java:shutdownFollowerState(110)) - 26f359c8-b8a0-48ca-adf0-1f6b26ee8905: shutdown 26f359c8-b8a0-48ca-adf0-1f6b26ee8905@group-A7A17920EDDF-FollowerState
2023-12-05 10:04:38,276 [26f359c8-b8a0-48ca-adf0-1f6b26ee8905@group-A7A17920EDDF-FollowerState] INFO  server.RaftServer$Division (RaftServerImpl.java:setRole(379)) - 26f359c8-b8a0-48ca-adf0-1f6b26ee8905@group-A7A17920EDDF: changes role from  FOLLOWER to CANDIDATE at term 0 for changeToCandidate
2023-12-05 10:04:38,276 [26f359c8-b8a0-48ca-adf0-1f6b26ee8905@group-A7A17920EDDF-FollowerState] INFO  server.RaftServerConfigKeys (ConfUtils.java:logGet(46)) - raft.server.leaderelection.pre-vote = true (default)
2023-12-05 10:04:38,276 [26f359c8-b8a0-48ca-adf0-1f6b26ee8905@group-A7A17920EDDF-FollowerState] INFO  impl.RoleInfo (RoleInfo.java:updateAndGet(139)) - 26f359c8-b8a0-48ca-adf0-1f6b26ee8905: start 26f359c8-b8a0-48ca-adf0-1f6b26ee8905@group-A7A17920EDDF-LeaderElection2
2023-12-05 10:04:38,277 [26f359c8-b8a0-48ca-adf0-1f6b26ee8905@group-A7A17920EDDF-LeaderElection2] INFO  impl.LeaderElection (LeaderElection.java:askForVotes(323)) - 26f359c8-b8a0-48ca-adf0-1f6b26ee8905@group-A7A17920EDDF-LeaderElection2 PRE_VOTE round 0: submit vote requests at term 0 for -1: peers:[26f359c8-b8a0-48ca-adf0-1f6b26ee8905|10.1.0.7:15014]|listeners:[], old=null
2023-12-05 10:04:38,277 [26f359c8-b8a0-48ca-adf0-1f6b26ee8905@group-A7A17920EDDF-LeaderElection2] INFO  impl.LeaderElection (LeaderElection.java:askForVotes(325)) - 26f359c8-b8a0-48ca-adf0-1f6b26ee8905@group-A7A17920EDDF-LeaderElection2 PRE_VOTE round 0: result PASSED (term=0)
2023-12-05 10:04:38,278 [26f359c8-b8a0-48ca-adf0-1f6b26ee8905@group-A7A17920EDDF-LeaderElection2] INFO  impl.LeaderElection (LeaderElection.java:askForVotes(323)) - 26f359c8-b8a0-48ca-adf0-1f6b26ee8905@group-A7A17920EDDF-LeaderElection2 ELECTION round 0: submit vote requests at term 1 for -1: peers:[26f359c8-b8a0-48ca-adf0-1f6b26ee8905|10.1.0.7:15014]|listeners:[], old=null
2023-12-05 10:04:38,279 [26f359c8-b8a0-48ca-adf0-1f6b26ee8905@group-A7A17920EDDF-LeaderElection2] INFO  impl.LeaderElection (LeaderElection.java:askForVotes(325)) - 26f359c8-b8a0-48ca-adf0-1f6b26ee8905@group-A7A17920EDDF-LeaderElection2 ELECTION round 0: result PASSED (term=1)
2023-12-05 10:04:38,279 [26f359c8-b8a0-48ca-adf0-1f6b26ee8905@group-A7A17920EDDF-LeaderElection2] INFO  impl.RoleInfo (RoleInfo.java:shutdownLeaderElection(130)) - 26f359c8-b8a0-48ca-adf0-1f6b26ee8905: shutdown 26f359c8-b8a0-48ca-adf0-1f6b26ee8905@group-A7A17920EDDF-LeaderElection2
2023-12-05 10:04:38,279 [26f359c8-b8a0-48ca-adf0-1f6b26ee8905@group-A7A17920EDDF-LeaderElection2] INFO  server.RaftServer$Division (RaftServerImpl.java:setRole(379)) - 26f359c8-b8a0-48ca-adf0-1f6b26ee8905@group-A7A17920EDDF: changes role from CANDIDATE to LEADER at term 1 for changeToLeader
2023-12-05 10:04:38,279 [26f359c8-b8a0-48ca-adf0-1f6b26ee8905@group-A7A17920EDDF-LeaderElection2] INFO  server.RaftServerConfigKeys (ConfUtils.java:logGet(46)) - raft.server.staging.catchup.gap = 1000 (default)
2023-12-05 10:04:38,279 [26f359c8-b8a0-48ca-adf0-1f6b26ee8905@group-A7A17920EDDF-LeaderElection2] INFO  server.RaftServerConfigKeys (ConfUtils.java:logGet(46)) - raft.server.write.element-limit = 1024 (custom)
2023-12-05 10:04:38,279 [26f359c8-b8a0-48ca-adf0-1f6b26ee8905@group-A7A17920EDDF-LeaderElection2] INFO  server.RaftServerConfigKeys (ConfUtils.java:logGet(46)) - raft.server.write.byte-limit = 1024 M (=1073741824) (custom)
2023-12-05 10:04:38,279 [26f359c8-b8a0-48ca-adf0-1f6b26ee8905@group-A7A17920EDDF-LeaderElection2] INFO  server.RaftServerConfigKeys (ConfUtils.java:logGet(46)) - raft.server.watch.timeout = 180s (custom)
2023-12-05 10:04:38,280 [26f359c8-b8a0-48ca-adf0-1f6b26ee8905@group-A7A17920EDDF-LeaderElection2] INFO  server.RaftServerConfigKeys (ConfUtils.java:logGet(46)) - raft.server.watch.timeout.denomination = 1s (default)
2023-12-05 10:04:38,280 [26f359c8-b8a0-48ca-adf0-1f6b26ee8905@group-A7A17920EDDF-LeaderElection2] INFO  server.RaftServerConfigKeys (ConfUtils.java:logGet(46)) - raft.server.watch.element-limit = 65536 (default)
2023-12-05 10:04:38,280 [26f359c8-b8a0-48ca-adf0-1f6b26ee8905@group-A7A17920EDDF-LeaderElection2] INFO  server.RaftServerConfigKeys (ConfUtils.java:logGet(46)) - raft.server.read.leader.lease.enabled = false (default)
2023-12-05 10:04:38,280 [26f359c8-b8a0-48ca-adf0-1f6b26ee8905@group-A7A17920EDDF-LeaderElection2] INFO  server.RaftServerConfigKeys (ConfUtils.java:logGet(46)) - raft.server.read.leader.lease.timeout.ratio = 0.9 (default)
2023-12-05 10:04:38,280 [26f359c8-b8a0-48ca-adf0-1f6b26ee8905@group-A7A17920EDDF-LeaderElection2] INFO  server.RaftServerConfigKeys (ConfUtils.java:logGet(46)) - raft.server.rpc.timeout.min = 5s (custom)
2023-12-05 10:04:38,280 [26f359c8-b8a0-48ca-adf0-1f6b26ee8905@group-A7A17920EDDF-LeaderElection2] INFO  server.RaftServerConfigKeys (ConfUtils.java:logGet(46)) - raft.server.write.element-limit = 1024 (custom)
2023-12-05 10:04:38,280 [26f359c8-b8a0-48ca-adf0-1f6b26ee8905@group-A7A17920EDDF-LeaderElection2] INFO  server.RaftServerConfigKeys (ConfUtils.java:logGet(46)) - raft.server.write.follower.gap.ratio.max = -1.0 (default)
2023-12-05 10:04:38,280 [26f359c8-b8a0-48ca-adf0-1f6b26ee8905@group-A7A17920EDDF-LeaderElection2] INFO  impl.RoleInfo (RoleInfo.java:updateAndGet(139)) - 26f359c8-b8a0-48ca-adf0-1f6b26ee8905: start 26f359c8-b8a0-48ca-adf0-1f6b26ee8905@group-A7A17920EDDF-LeaderStateImpl
2023-12-05 10:04:38,280 [26f359c8-b8a0-48ca-adf0-1f6b26ee8905@group-A7A17920EDDF-LeaderElection2] INFO  server.RaftServer$Division (RaftServerImpl.java:setFirstElection(564)) - 26f359c8-b8a0-48ca-adf0-1f6b26ee8905@group-A7A17920EDDF: set firstElectionSinceStartup to false for becomeLeader
2023-12-05 10:04:38,280 [26f359c8-b8a0-48ca-adf0-1f6b26ee8905@group-A7A17920EDDF-LeaderElection2] INFO  ratis.XceiverServerRatis (XceiverServerRatis.java:handleLeaderChangedNotification(935)) - Leader change notification received for group: group-A7A17920EDDF with new leaderId: 26f359c8-b8a0-48ca-adf0-1f6b26ee8905
2023-12-05 10:04:38,281 [26f359c8-b8a0-48ca-adf0-1f6b26ee8905@group-A7A17920EDDF-LeaderElection2] INFO  server.RaftServer$Division (ServerState.java:setLeader(265)) - 26f359c8-b8a0-48ca-adf0-1f6b26ee8905@group-A7A17920EDDF: change Leader from null to 26f359c8-b8a0-48ca-adf0-1f6b26ee8905 at term 1 for becomeLeader, leader elected after 5073ms
2023-12-05 10:04:38,281 [26f359c8-b8a0-48ca-adf0-1f6b26ee8905@group-A7A17920EDDF-LeaderElection2] INFO  segmented.SegmentedRaftLogWorker (SegmentedRaftLogWorker.java:startLogSegment(428)) - 26f359c8-b8a0-48ca-adf0-1f6b26ee8905@group-A7A17920EDDF-SegmentedRaftLogWorker: Starting segment from index:0
2023-12-05 10:04:38,282 [26f359c8-b8a0-48ca-adf0-1f6b26ee8905@group-A7A17920EDDF-LeaderElection2] INFO  server.RaftServer$Division (ServerState.java:setRaftConf(382)) - 26f359c8-b8a0-48ca-adf0-1f6b26ee8905@group-A7A17920EDDF: set configuration 0: peers:[26f359c8-b8a0-48ca-adf0-1f6b26ee8905|10.1.0.7:15014]|listeners:[], old=null
2023-12-05 10:04:38,284 [EventQueue-OpenPipelineForHealthyPipelineSafeModeRule] INFO  safemode.SCMSafeModeManager (HealthyPipelineSafeModeRule.java:process(137)) - SCM in safe mode. Healthy pipelines reported count is 0, required healthy pipeline reported count is 1
2023-12-05 10:04:38,290 [26f359c8-b8a0-48ca-adf0-1f6b26ee8905@group-A7A17920EDDF-SegmentedRaftLogWorker] INFO  segmented.SegmentedRaftLogWorker (SegmentedRaftLogWorker.java:execute(632)) - 26f359c8-b8a0-48ca-adf0-1f6b26ee8905@group-A7A17920EDDF-SegmentedRaftLogWorker: created new log segment /home/runner/work/ozone/ozone/hadoop-ozone/integration-test/target/test-dir/MiniOzoneClusterImpl-95f495f0-a26d-4c31-bdf8-5147ef8c128c/datanode-0/data/ratis/dfadcb95-284f-497e-955b-a7a17920eddf/current/log_inprogress_0
2023-12-05 10:04:38,292 [26f359c8-b8a0-48ca-adf0-1f6b26ee8905@group-A7A17920EDDF-StateMachineUpdater] INFO  server.RaftServer$Division (LeaderStateImpl.java:isApplied(316)) - leader is ready since appliedIndex == 0 >= startIndex == 0
2023-12-05 10:04:38,292 [26f359c8-b8a0-48ca-adf0-1f6b26ee8905@group-622A069B1811-FollowerState] INFO  impl.FollowerState (FollowerState.java:run(143)) - 26f359c8-b8a0-48ca-adf0-1f6b26ee8905@group-622A069B1811-FollowerState: change to CANDIDATE, lastRpcElapsedTime:5009404820ns, electionTimeout:5008ms
2023-12-05 10:04:38,293 [26f359c8-b8a0-48ca-adf0-1f6b26ee8905@group-622A069B1811-FollowerState] INFO  impl.RoleInfo (RoleInfo.java:shutdownFollowerState(110)) - 26f359c8-b8a0-48ca-adf0-1f6b26ee8905: shutdown 26f359c8-b8a0-48ca-adf0-1f6b26ee8905@group-622A069B1811-FollowerState
2023-12-05 10:04:38,293 [26f359c8-b8a0-48ca-adf0-1f6b26ee8905@group-622A069B1811-FollowerState] INFO  server.RaftServer$Division (RaftServerImpl.java:setRole(379)) - 26f359c8-b8a0-48ca-adf0-1f6b26ee8905@group-622A069B1811: changes role from  FOLLOWER to CANDIDATE at term 0 for changeToCandidate
2023-12-05 10:04:38,294 [26f359c8-b8a0-48ca-adf0-1f6b26ee8905@group-622A069B1811-FollowerState] INFO  server.RaftServerConfigKeys (ConfUtils.java:logGet(46)) - raft.server.leaderelection.pre-vote = true (default)
2023-12-05 10:04:38,294 [26f359c8-b8a0-48ca-adf0-1f6b26ee8905@group-622A069B1811-FollowerState] INFO  impl.RoleInfo (RoleInfo.java:updateAndGet(139)) - 26f359c8-b8a0-48ca-adf0-1f6b26ee8905: start 26f359c8-b8a0-48ca-adf0-1f6b26ee8905@group-622A069B1811-LeaderElection3
2023-12-05 10:04:38,295 [26f359c8-b8a0-48ca-adf0-1f6b26ee8905@group-622A069B1811-LeaderElection3] INFO  impl.LeaderElection (LeaderElection.java:askForVotes(323)) - 26f359c8-b8a0-48ca-adf0-1f6b26ee8905@group-622A069B1811-LeaderElection3 PRE_VOTE round 0: submit vote requests at term 0 for -1: peers:[26f359c8-b8a0-48ca-adf0-1f6b26ee8905|10.1.0.7:15014, 79948e16-d3d5-4c46-9c92-4c306a81da2e|10.1.0.7:15023, de52aeb3-4e14-4dff-8d3c-f60b759b368a|10.1.0.7:15032]|listeners:[], old=null
2023-12-05 10:04:38,300 [26f359c8-b8a0-48ca-adf0-1f6b26ee8905@group-622A069B1811-LeaderElection3] INFO  server.RaftServerConfigKeys (ConfUtils.java:logFallback(53)) - raft.server.rpc.first-election.timeout.min = 5s (fallback to raft.server.rpc.timeout.min)
2023-12-05 10:04:38,300 [26f359c8-b8a0-48ca-adf0-1f6b26ee8905@group-622A069B1811-LeaderElection3] INFO  server.RaftServerConfigKeys (ConfUtils.java:logFallback(53)) - raft.server.rpc.first-election.timeout.max = 5200ms (fallback to raft.server.rpc.timeout.max)
2023-12-05 10:04:38,300 [26f359c8-b8a0-48ca-adf0-1f6b26ee8905@group-622A069B1811-LeaderElection3-1] INFO  server.GrpcServerProtocolClient (GrpcServerProtocolClient.java:<init>(65)) - Build channel for 79948e16-d3d5-4c46-9c92-4c306a81da2e
2023-12-05 10:04:38,302 [26f359c8-b8a0-48ca-adf0-1f6b26ee8905@group-622A069B1811-LeaderElection3-2] INFO  server.GrpcServerProtocolClient (GrpcServerProtocolClient.java:<init>(65)) - Build channel for de52aeb3-4e14-4dff-8d3c-f60b759b368a
2023-12-05 10:04:38,319 [grpc-default-executor-0] INFO  server.RaftServer$Division (RaftServerImpl.java:requestVote(1377)) - 79948e16-d3d5-4c46-9c92-4c306a81da2e@group-622A069B1811: receive requestVote(PRE_VOTE, 26f359c8-b8a0-48ca-adf0-1f6b26ee8905, group-622A069B1811, 0, (t:0, i:0))
2023-12-05 10:04:38,321 [grpc-default-executor-0] INFO  impl.VoteContext (VoteContext.java:log(49)) - 79948e16-d3d5-4c46-9c92-4c306a81da2e@group-622A069B1811-FOLLOWER: accept PRE_VOTE from 26f359c8-b8a0-48ca-adf0-1f6b26ee8905: our priority 0 <= candidate's priority 1
2023-12-05 10:04:38,328 [grpc-default-executor-0] INFO  server.RaftServer$Division (RaftServerImpl.java:requestVote(1410)) - 79948e16-d3d5-4c46-9c92-4c306a81da2e@group-622A069B1811 replies to PRE_VOTE vote request: 26f359c8-b8a0-48ca-adf0-1f6b26ee8905<-79948e16-d3d5-4c46-9c92-4c306a81da2e#0:OK-t0. Peer's state: 79948e16-d3d5-4c46-9c92-4c306a81da2e@group-622A069B1811:t0, leader=null, voted=, raftlog=Memoized:79948e16-d3d5-4c46-9c92-4c306a81da2e@group-622A069B1811-SegmentedRaftLog:OPENED:c-1, conf=-1: peers:[26f359c8-b8a0-48ca-adf0-1f6b26ee8905|10.1.0.7:15014, 79948e16-d3d5-4c46-9c92-4c306a81da2e|10.1.0.7:15023, de52aeb3-4e14-4dff-8d3c-f60b759b368a|10.1.0.7:15032]|listeners:[], old=null
2023-12-05 10:04:38,329 [grpc-default-executor-1] INFO  server.RaftServer$Division (RaftServerImpl.java:requestVote(1377)) - de52aeb3-4e14-4dff-8d3c-f60b759b368a@group-622A069B1811: receive requestVote(PRE_VOTE, 26f359c8-b8a0-48ca-adf0-1f6b26ee8905, group-622A069B1811, 0, (t:0, i:0))
2023-12-05 10:04:38,329 [grpc-default-executor-1] INFO  impl.VoteContext (VoteContext.java:log(49)) - de52aeb3-4e14-4dff-8d3c-f60b759b368a@group-622A069B1811-FOLLOWER: accept PRE_VOTE from 26f359c8-b8a0-48ca-adf0-1f6b26ee8905: our priority 0 <= candidate's priority 1
2023-12-05 10:04:38,330 [grpc-default-executor-1] INFO  server.RaftServer$Division (RaftServerImpl.java:requestVote(1410)) - de52aeb3-4e14-4dff-8d3c-f60b759b368a@group-622A069B1811 replies to PRE_VOTE vote request: 26f359c8-b8a0-48ca-adf0-1f6b26ee8905<-de52aeb3-4e14-4dff-8d3c-f60b759b368a#0:OK-t0. Peer's state: de52aeb3-4e14-4dff-8d3c-f60b759b368a@group-622A069B1811:t0, leader=null, voted=, raftlog=Memoized:de52aeb3-4e14-4dff-8d3c-f60b759b368a@group-622A069B1811-SegmentedRaftLog:OPENED:c-1, conf=-1: peers:[26f359c8-b8a0-48ca-adf0-1f6b26ee8905|10.1.0.7:15014, 79948e16-d3d5-4c46-9c92-4c306a81da2e|10.1.0.7:15023, de52aeb3-4e14-4dff-8d3c-f60b759b368a|10.1.0.7:15032]|listeners:[], old=null
2023-12-05 10:04:38,333 [26f359c8-b8a0-48ca-adf0-1f6b26ee8905@group-622A069B1811-LeaderElection3] INFO  impl.LeaderElection (LeaderElection.java:logAndReturn(89)) - 26f359c8-b8a0-48ca-adf0-1f6b26ee8905@group-622A069B1811-LeaderElection3: PRE_VOTE PASSED received 1 response(s) and 0 exception(s):
2023-12-05 10:04:38,334 [26f359c8-b8a0-48ca-adf0-1f6b26ee8905@group-622A069B1811-LeaderElection3] INFO  impl.LeaderElection (LeaderElection.java:logAndReturn(93)) -   Response 0: 26f359c8-b8a0-48ca-adf0-1f6b26ee8905<-79948e16-d3d5-4c46-9c92-4c306a81da2e#0:OK-t0
2023-12-05 10:04:38,334 [26f359c8-b8a0-48ca-adf0-1f6b26ee8905@group-622A069B1811-LeaderElection3] INFO  impl.LeaderElection (LeaderElection.java:askForVotes(325)) - 26f359c8-b8a0-48ca-adf0-1f6b26ee8905@group-622A069B1811-LeaderElection3 PRE_VOTE round 0: result PASSED
2023-12-05 10:04:38,336 [26f359c8-b8a0-48ca-adf0-1f6b26ee8905@group-622A069B1811-LeaderElection3] INFO  impl.LeaderElection (LeaderElection.java:askForVotes(323)) - 26f359c8-b8a0-48ca-adf0-1f6b26ee8905@group-622A069B1811-LeaderElection3 ELECTION round 0: submit vote requests at term 1 for -1: peers:[26f359c8-b8a0-48ca-adf0-1f6b26ee8905|10.1.0.7:15014, 79948e16-d3d5-4c46-9c92-4c306a81da2e|10.1.0.7:15023, de52aeb3-4e14-4dff-8d3c-f60b759b368a|10.1.0.7:15032]|listeners:[], old=null
2023-12-05 10:04:38,348 [26f359c8-b8a0-48ca-adf0-1f6b26ee8905@group-622A069B1811-LeaderElection3] INFO  server.RaftServerConfigKeys (ConfUtils.java:logFallback(53)) - raft.server.rpc.first-election.timeout.min = 5s (fallback to raft.server.rpc.timeout.min)
2023-12-05 10:04:38,348 [grpc-default-executor-1] INFO  server.RaftServer$Division (RaftServerImpl.java:requestVote(1377)) - 79948e16-d3d5-4c46-9c92-4c306a81da2e@group-622A069B1811: receive requestVote(ELECTION, 26f359c8-b8a0-48ca-adf0-1f6b26ee8905, group-622A069B1811, 1, (t:0, i:0))
2023-12-05 10:04:38,348 [26f359c8-b8a0-48ca-adf0-1f6b26ee8905@group-622A069B1811-LeaderElection3] INFO  server.RaftServerConfigKeys (ConfUtils.java:logFallback(53)) - raft.server.rpc.first-election.timeout.max = 5200ms (fallback to raft.server.rpc.timeout.max)
2023-12-05 10:04:38,349 [grpc-default-executor-1] INFO  impl.VoteContext (VoteContext.java:log(49)) - 79948e16-d3d5-4c46-9c92-4c306a81da2e@group-622A069B1811-FOLLOWER: accept ELECTION from 26f359c8-b8a0-48ca-adf0-1f6b26ee8905: our priority 0 <= candidate's priority 1
2023-12-05 10:04:38,350 [grpc-default-executor-1] INFO  server.RaftServer$Division (RaftServerImpl.java:setRole(379)) - 79948e16-d3d5-4c46-9c92-4c306a81da2e@group-622A069B1811: changes role from  FOLLOWER to FOLLOWER at term 1 for candidate:26f359c8-b8a0-48ca-adf0-1f6b26ee8905
2023-12-05 10:04:38,350 [grpc-default-executor-1] INFO  impl.RoleInfo (RoleInfo.java:shutdownFollowerState(110)) - 79948e16-d3d5-4c46-9c92-4c306a81da2e: shutdown 79948e16-d3d5-4c46-9c92-4c306a81da2e@group-622A069B1811-FollowerState
2023-12-05 10:04:38,350 [grpc-default-executor-1] INFO  impl.RoleInfo (RoleInfo.java:updateAndGet(139)) - 79948e16-d3d5-4c46-9c92-4c306a81da2e: start 79948e16-d3d5-4c46-9c92-4c306a81da2e@group-622A069B1811-FollowerState
2023-12-05 10:04:38,350 [79948e16-d3d5-4c46-9c92-4c306a81da2e@group-622A069B1811-FollowerState] INFO  impl.FollowerState (FollowerState.java:run(152)) - 79948e16-d3d5-4c46-9c92-4c306a81da2e@group-622A069B1811-FollowerState was interrupted
2023-12-05 10:04:38,354 [grpc-default-executor-1] INFO  server.RaftServer$Division (RaftServerImpl.java:setFirstElection(564)) - 79948e16-d3d5-4c46-9c92-4c306a81da2e@group-622A069B1811: set firstElectionSinceStartup to false for candidate:26f359c8-b8a0-48ca-adf0-1f6b26ee8905
2023-12-05 10:04:38,358 [grpc-default-executor-1] INFO  server.RaftServer$Division (RaftServerImpl.java:requestVote(1410)) - 79948e16-d3d5-4c46-9c92-4c306a81da2e@group-622A069B1811 replies to ELECTION vote request: 26f359c8-b8a0-48ca-adf0-1f6b26ee8905<-79948e16-d3d5-4c46-9c92-4c306a81da2e#0:OK-t1. Peer's state: 79948e16-d3d5-4c46-9c92-4c306a81da2e@group-622A069B1811:t1, leader=null, voted=26f359c8-b8a0-48ca-adf0-1f6b26ee8905, raftlog=Memoized:79948e16-d3d5-4c46-9c92-4c306a81da2e@group-622A069B1811-SegmentedRaftLog:OPENED:c-1, conf=-1: peers:[26f359c8-b8a0-48ca-adf0-1f6b26ee8905|10.1.0.7:15014, 79948e16-d3d5-4c46-9c92-4c306a81da2e|10.1.0.7:15023, de52aeb3-4e14-4dff-8d3c-f60b759b368a|10.1.0.7:15032]|listeners:[], old=null
2023-12-05 10:04:38,360 [26f359c8-b8a0-48ca-adf0-1f6b26ee8905@group-622A069B1811-LeaderElection3] INFO  impl.LeaderElection (LeaderElection.java:logAndReturn(89)) - 26f359c8-b8a0-48ca-adf0-1f6b26ee8905@group-622A069B1811-LeaderElection3: ELECTION PASSED received 1 response(s) and 0 exception(s):
2023-12-05 10:04:38,360 [26f359c8-b8a0-48ca-adf0-1f6b26ee8905@group-622A069B1811-LeaderElection3] INFO  impl.LeaderElection (LeaderElection.java:logAndReturn(93)) -   Response 0: 26f359c8-b8a0-48ca-adf0-1f6b26ee8905<-79948e16-d3d5-4c46-9c92-4c306a81da2e#0:OK-t1
2023-12-05 10:04:38,360 [26f359c8-b8a0-48ca-adf0-1f6b26ee8905@group-622A069B1811-LeaderElection3] INFO  impl.LeaderElection (LeaderElection.java:askForVotes(325)) - 26f359c8-b8a0-48ca-adf0-1f6b26ee8905@group-622A069B1811-LeaderElection3 ELECTION round 0: result PASSED
2023-12-05 10:04:38,360 [26f359c8-b8a0-48ca-adf0-1f6b26ee8905@group-622A069B1811-LeaderElection3] INFO  impl.RoleInfo (RoleInfo.java:shutdownLeaderElection(130)) - 26f359c8-b8a0-48ca-adf0-1f6b26ee8905: shutdown 26f359c8-b8a0-48ca-adf0-1f6b26ee8905@group-622A069B1811-LeaderElection3
2023-12-05 10:04:38,360 [26f359c8-b8a0-48ca-adf0-1f6b26ee8905@group-622A069B1811-LeaderElection3] INFO  server.RaftServer$Division (RaftServerImpl.java:setRole(379)) - 26f359c8-b8a0-48ca-adf0-1f6b26ee8905@group-622A069B1811: changes role from CANDIDATE to LEADER at term 1 for changeToLeader
2023-12-05 10:04:38,361 [26f359c8-b8a0-48ca-adf0-1f6b26ee8905@group-622A069B1811-LeaderElection3] INFO  server.RaftServerConfigKeys (ConfUtils.java:logGet(46)) - raft.server.staging.catchup.gap = 1000 (default)
2023-12-05 10:04:38,361 [26f359c8-b8a0-48ca-adf0-1f6b26ee8905@group-622A069B1811-LeaderElection3] INFO  server.RaftServerConfigKeys (ConfUtils.java:logGet(46)) - raft.server.write.element-limit = 1024 (custom)
2023-12-05 10:04:38,361 [26f359c8-b8a0-48ca-adf0-1f6b26ee8905@group-622A069B1811-LeaderElection3] INFO  server.RaftServerConfigKeys (ConfUtils.java:logGet(46)) - raft.server.write.byte-limit = 1024 M (=1073741824) (custom)
2023-12-05 10:04:38,361 [26f359c8-b8a0-48ca-adf0-1f6b26ee8905@group-622A069B1811-LeaderElection3] INFO  server.RaftServerConfigKeys (ConfUtils.java:logGet(46)) - raft.server.watch.timeout = 180s (custom)
2023-12-05 10:04:38,361 [26f359c8-b8a0-48ca-adf0-1f6b26ee8905@group-622A069B1811-LeaderElection3] INFO  server.RaftServerConfigKeys (ConfUtils.java:logGet(46)) - raft.server.watch.timeout.denomination = 1s (default)
2023-12-05 10:04:38,362 [26f359c8-b8a0-48ca-adf0-1f6b26ee8905@group-622A069B1811-LeaderElection3] INFO  server.RaftServerConfigKeys (ConfUtils.java:logGet(46)) - raft.server.watch.element-limit = 65536 (default)
2023-12-05 10:04:38,362 [26f359c8-b8a0-48ca-adf0-1f6b26ee8905@group-622A069B1811-LeaderElection3] INFO  server.RaftServerConfigKeys (ConfUtils.java:logGet(46)) - raft.server.read.leader.lease.enabled = false (default)
2023-12-05 10:04:38,362 [26f359c8-b8a0-48ca-adf0-1f6b26ee8905@group-622A069B1811-LeaderElection3] INFO  server.RaftServerConfigKeys (ConfUtils.java:logGet(46)) - raft.server.read.leader.lease.timeout.ratio = 0.9 (default)
2023-12-05 10:04:38,362 [26f359c8-b8a0-48ca-adf0-1f6b26ee8905@group-622A069B1811-LeaderElection3] INFO  server.RaftServerConfigKeys (ConfUtils.java:logGet(46)) - raft.server.rpc.timeout.min = 5s (custom)
2023-12-05 10:04:38,362 [26f359c8-b8a0-48ca-adf0-1f6b26ee8905@group-622A069B1811-LeaderElection3] INFO  server.RaftServerConfigKeys (ConfUtils.java:logGet(46)) - raft.server.write.element-limit = 1024 (custom)
2023-12-05 10:04:38,362 [26f359c8-b8a0-48ca-adf0-1f6b26ee8905@group-622A069B1811-LeaderElection3] INFO  server.RaftServerConfigKeys (ConfUtils.java:logGet(46)) - raft.server.write.follower.gap.ratio.max = -1.0 (default)
2023-12-05 10:04:38,364 [grpc-default-executor-0] INFO  server.RaftServer$Division (RaftServerImpl.java:requestVote(1377)) - de52aeb3-4e14-4dff-8d3c-f60b759b368a@group-622A069B1811: receive requestVote(ELECTION, 26f359c8-b8a0-48ca-adf0-1f6b26ee8905, group-622A069B1811, 1, (t:0, i:0))
2023-12-05 10:04:38,368 [grpc-default-executor-0] INFO  impl.VoteContext (VoteContext.java:log(49)) - de52aeb3-4e14-4dff-8d3c-f60b759b368a@group-622A069B1811-FOLLOWER: accept ELECTION from 26f359c8-b8a0-48ca-adf0-1f6b26ee8905: our priority 0 <= candidate's priority 1
2023-12-05 10:04:38,369 [grpc-default-executor-0] INFO  server.RaftServer$Division (RaftServerImpl.java:setRole(379)) - de52aeb3-4e14-4dff-8d3c-f60b759b368a@group-622A069B1811: changes role from  FOLLOWER to FOLLOWER at term 1 for candidate:26f359c8-b8a0-48ca-adf0-1f6b26ee8905
2023-12-05 10:04:38,369 [grpc-default-executor-0] INFO  impl.RoleInfo (RoleInfo.java:shutdownFollowerState(110)) - de52aeb3-4e14-4dff-8d3c-f60b759b368a: shutdown de52aeb3-4e14-4dff-8d3c-f60b759b368a@group-622A069B1811-FollowerState
2023-12-05 10:04:38,369 [grpc-default-executor-0] INFO  impl.RoleInfo (RoleInfo.java:updateAndGet(139)) - de52aeb3-4e14-4dff-8d3c-f60b759b368a: start de52aeb3-4e14-4dff-8d3c-f60b759b368a@group-622A069B1811-FollowerState
2023-12-05 10:04:38,369 [de52aeb3-4e14-4dff-8d3c-f60b759b368a@group-622A069B1811-FollowerState] INFO  impl.FollowerState (FollowerState.java:run(152)) - de52aeb3-4e14-4dff-8d3c-f60b759b368a@group-622A069B1811-FollowerState was interrupted
2023-12-05 10:04:38,372 [grpc-default-executor-0] INFO  server.RaftServer$Division (RaftServerImpl.java:setFirstElection(564)) - de52aeb3-4e14-4dff-8d3c-f60b759b368a@group-622A069B1811: set firstElectionSinceStartup to false for candidate:26f359c8-b8a0-48ca-adf0-1f6b26ee8905
2023-12-05 10:04:38,373 [26f359c8-b8a0-48ca-adf0-1f6b26ee8905@group-622A069B1811-LeaderElection3] INFO  server.RaftServerConfigKeys (ConfUtils.java:logGet(46)) - raft.server.log.appender.snapshot.chunk.size.max = 16MB (=16777216) (default)
2023-12-05 10:04:38,373 [26f359c8-b8a0-48ca-adf0-1f6b26ee8905@group-622A069B1811-LeaderElection3] INFO  server.RaftServerConfigKeys (ConfUtils.java:logGet(46)) - raft.server.log.appender.buffer.byte-limit = 8388608 (custom)
2023-12-05 10:04:38,373 [26f359c8-b8a0-48ca-adf0-1f6b26ee8905@group-622A069B1811-LeaderElection3] INFO  server.RaftServerConfigKeys (ConfUtils.java:logGet(46)) - raft.server.log.appender.buffer.element-limit = 1 (custom)
2023-12-05 10:04:38,374 [grpc-default-executor-0] INFO  server.RaftServer$Division (RaftServerImpl.java:requestVote(1410)) - de52aeb3-4e14-4dff-8d3c-f60b759b368a@group-622A069B1811 replies to ELECTION vote request: 26f359c8-b8a0-48ca-adf0-1f6b26ee8905<-de52aeb3-4e14-4dff-8d3c-f60b759b368a#0:OK-t1. Peer's state: de52aeb3-4e14-4dff-8d3c-f60b759b368a@group-622A069B1811:t1, leader=null, voted=26f359c8-b8a0-48ca-adf0-1f6b26ee8905, raftlog=Memoized:de52aeb3-4e14-4dff-8d3c-f60b759b368a@group-622A069B1811-SegmentedRaftLog:OPENED:c-1, conf=-1: peers:[26f359c8-b8a0-48ca-adf0-1f6b26ee8905|10.1.0.7:15014, 79948e16-d3d5-4c46-9c92-4c306a81da2e|10.1.0.7:15023, de52aeb3-4e14-4dff-8d3c-f60b759b368a|10.1.0.7:15032]|listeners:[], old=null
2023-12-05 10:04:38,375 [26f359c8-b8a0-48ca-adf0-1f6b26ee8905@group-622A069B1811-LeaderElection3] INFO  server.RaftServerConfigKeys (ConfUtils.java:logGet(46)) - raft.server.log.appender.wait-time.min = 0μs (custom)
2023-12-05 10:04:38,376 [26f359c8-b8a0-48ca-adf0-1f6b26ee8905@group-622A069B1811-LeaderElection3] INFO  grpc.GrpcConfigKeys (ConfUtils.java:logGet(46)) - raft.grpc.server.leader.outstanding.appends.max = 8 (default)
2023-12-05 10:04:38,376 [26f359c8-b8a0-48ca-adf0-1f6b26ee8905@group-622A069B1811-LeaderElection3] INFO  server.RaftServerConfigKeys (ConfUtils.java:logGet(46)) - raft.server.rpc.request.timeout = 60s (custom)
2023-12-05 10:04:38,377 [26f359c8-b8a0-48ca-adf0-1f6b26ee8905@group-622A069B1811-LeaderElection3] INFO  grpc.GrpcConfigKeys (ConfUtils.java:logGet(46)) - raft.grpc.server.install_snapshot.request.element-limit = 8 (default)
2023-12-05 10:04:38,377 [26f359c8-b8a0-48ca-adf0-1f6b26ee8905@group-622A069B1811-LeaderElection3] INFO  grpc.GrpcConfigKeys (ConfUtils.java:logGet(46)) - raft.grpc.server.install_snapshot.request.timeout = 3000ms (default)
2023-12-05 10:04:38,377 [26f359c8-b8a0-48ca-adf0-1f6b26ee8905@group-622A069B1811-LeaderElection3] INFO  server.RaftServerConfigKeys (ConfUtils.java:logGet(46)) - raft.server.log.appender.install.snapshot.enabled = false (custom)
2023-12-05 10:04:38,377 [26f359c8-b8a0-48ca-adf0-1f6b26ee8905@group-622A069B1811-LeaderElection3] INFO  grpc.GrpcConfigKeys (ConfUtils.java:logGet(46)) - raft.grpc.server.heartbeat.channel = true (default)
2023-12-05 10:04:38,379 [26f359c8-b8a0-48ca-adf0-1f6b26ee8905@group-622A069B1811-LeaderElection3] INFO  server.RaftServerConfigKeys (ConfUtils.java:logGet(46)) - raft.server.log.appender.snapshot.chunk.size.max = 16MB (=16777216) (default)
2023-12-05 10:04:38,379 [26f359c8-b8a0-48ca-adf0-1f6b26ee8905@group-622A069B1811-LeaderElection3] INFO  server.RaftServerConfigKeys (ConfUtils.java:logGet(46)) - raft.server.log.appender.buffer.byte-limit = 8388608 (custom)
2023-12-05 10:04:38,379 [26f359c8-b8a0-48ca-adf0-1f6b26ee8905@group-622A069B1811-LeaderElection3] INFO  server.RaftServerConfigKeys (ConfUtils.java:logGet(46)) - raft.server.log.appender.buffer.element-limit = 1 (custom)
2023-12-05 10:04:38,379 [26f359c8-b8a0-48ca-adf0-1f6b26ee8905@group-622A069B1811-LeaderElection3] INFO  server.RaftServerConfigKeys (ConfUtils.java:logGet(46)) - raft.server.log.appender.wait-time.min = 0μs (custom)
2023-12-05 10:04:38,380 [26f359c8-b8a0-48ca-adf0-1f6b26ee8905@group-622A069B1811-LeaderElection3] INFO  grpc.GrpcConfigKeys (ConfUtils.java:logGet(46)) - raft.grpc.server.leader.outstanding.appends.max = 8 (default)
2023-12-05 10:04:38,380 [26f359c8-b8a0-48ca-adf0-1f6b26ee8905@group-622A069B1811-LeaderElection3] INFO  server.RaftServerConfigKeys (ConfUtils.java:logGet(46)) - raft.server.rpc.request.timeout = 60s (custom)
2023-12-05 10:04:38,380 [26f359c8-b8a0-48ca-adf0-1f6b26ee8905@group-622A069B1811-LeaderElection3] INFO  grpc.GrpcConfigKeys (ConfUtils.java:logGet(46)) - raft.grpc.server.install_snapshot.request.element-limit = 8 (default)
2023-12-05 10:04:38,380 [26f359c8-b8a0-48ca-adf0-1f6b26ee8905@group-622A069B1811-LeaderElection3] INFO  grpc.GrpcConfigKeys (ConfUtils.java:logGet(46)) - raft.grpc.server.install_snapshot.request.timeout = 3000ms (default)
2023-12-05 10:04:38,380 [26f359c8-b8a0-48ca-adf0-1f6b26ee8905@group-622A069B1811-LeaderElection3] INFO  server.RaftServerConfigKeys (ConfUtils.java:logGet(46)) - raft.server.log.appender.install.snapshot.enabled = false (custom)
2023-12-05 10:04:38,380 [26f359c8-b8a0-48ca-adf0-1f6b26ee8905@group-622A069B1811-LeaderElection3] INFO  grpc.GrpcConfigKeys (ConfUtils.java:logGet(46)) - raft.grpc.server.heartbeat.channel = true (default)
2023-12-05 10:04:38,381 [26f359c8-b8a0-48ca-adf0-1f6b26ee8905@group-622A069B1811-LeaderElection3] INFO  impl.RoleInfo (RoleInfo.java:updateAndGet(139)) - 26f359c8-b8a0-48ca-adf0-1f6b26ee8905: start 26f359c8-b8a0-48ca-adf0-1f6b26ee8905@group-622A069B1811-LeaderStateImpl
2023-12-05 10:04:38,381 [26f359c8-b8a0-48ca-adf0-1f6b26ee8905@group-622A069B1811-LeaderElection3] INFO  server.RaftServer$Division (RaftServerImpl.java:setFirstElection(564)) - 26f359c8-b8a0-48ca-adf0-1f6b26ee8905@group-622A069B1811: set firstElectionSinceStartup to false for becomeLeader
2023-12-05 10:04:38,381 [26f359c8-b8a0-48ca-adf0-1f6b26ee8905@group-622A069B1811-LeaderElection3] INFO  ratis.XceiverServerRatis (XceiverServerRatis.java:handleLeaderChangedNotification(935)) - Leader change notification received for group: group-622A069B1811 with new leaderId: 26f359c8-b8a0-48ca-adf0-1f6b26ee8905
2023-12-05 10:04:38,381 [26f359c8-b8a0-48ca-adf0-1f6b26ee8905@group-622A069B1811-LeaderElection3] INFO  server.RaftServer$Division (ServerState.java:setLeader(265)) - 26f359c8-b8a0-48ca-adf0-1f6b26ee8905@group-622A069B1811: change Leader from null to 26f359c8-b8a0-48ca-adf0-1f6b26ee8905 at term 1 for becomeLeader, leader elected after 5124ms
2023-12-05 10:04:38,382 [26f359c8-b8a0-48ca-adf0-1f6b26ee8905@group-622A069B1811-LeaderElection3] INFO  segmented.SegmentedRaftLogWorker (SegmentedRaftLogWorker.java:startLogSegment(428)) - 26f359c8-b8a0-48ca-adf0-1f6b26ee8905@group-622A069B1811-SegmentedRaftLogWorker: Starting segment from index:0
2023-12-05 10:04:38,382 [26f359c8-b8a0-48ca-adf0-1f6b26ee8905@group-622A069B1811-LeaderElection3] INFO  server.RaftServer$Division (ServerState.java:setRaftConf(382)) - 26f359c8-b8a0-48ca-adf0-1f6b26ee8905@group-622A069B1811: set configuration 0: peers:[26f359c8-b8a0-48ca-adf0-1f6b26ee8905|10.1.0.7:15014, 79948e16-d3d5-4c46-9c92-4c306a81da2e|10.1.0.7:15023, de52aeb3-4e14-4dff-8d3c-f60b759b368a|10.1.0.7:15032]|listeners:[], old=null
2023-12-05 10:04:38,384 [EventQueue-PipelineReportForPipelineReportHandler] INFO  pipeline.PipelineReportHandler (PipelineReportHandler.java:processPipelineReport(136)) - Opened pipeline PipelineID=6e7476a4-be4e-4763-823f-622a069b1811
2023-12-05 10:04:38,388 [EventQueue-OpenPipelineForHealthyPipelineSafeModeRule] INFO  safemode.SCMSafeModeManager (HealthyPipelineSafeModeRule.java:process(137)) - SCM in safe mode. Healthy pipelines reported count is 1, required healthy pipeline reported count is 1
2023-12-05 10:04:38,388 [EventQueue-OpenPipelineForHealthyPipelineSafeModeRule] INFO  safemode.SCMSafeModeManager (SCMSafeModeManager.java:validateSafeModeExitRules(200)) - HealthyPipelineSafeModeRule rule is successfully validated
2023-12-05 10:04:38,388 [EventQueue-OpenPipelineForHealthyPipelineSafeModeRule] INFO  safemode.SCMSafeModeManager (SCMSafeModeManager.java:validateSafeModeExitRules(215)) - ScmSafeModeManager, all rules are successfully validated
2023-12-05 10:04:38,388 [EventQueue-OpenPipelineForHealthyPipelineSafeModeRule] INFO  safemode.SCMSafeModeManager (SCMSafeModeManager.java:exitSafeMode(244)) - SCM exiting safe mode.
2023-12-05 10:04:38,388 [EventQueue-OpenPipelineForHealthyPipelineSafeModeRule] INFO  ha.SCMContext (SCMContext.java:updateSafeModeStatus(230)) - Update SafeModeStatus from SafeModeStatus{safeModeStatus=true, preCheckPassed=true} to SafeModeStatus{safeModeStatus=false, preCheckPassed=true}.
2023-12-05 10:04:38,388 [EventQueue-OpenPipelineForHealthyPipelineSafeModeRule] INFO  pipeline.BackgroundPipelineCreator (BackgroundPipelineCreator.java:notifyStatusChanged(258)) - Service BackgroundPipelineCreator transitions to RUNNING.
2023-12-05 10:04:38,389 [EventQueue-OpenPipelineForHealthyPipelineSafeModeRule] INFO  BackgroundPipelineScrubber (BackgroundSCMService.java:notifyStatusChanged(82)) - Service BackgroundPipelineScrubber transitions to RUNNING.
2023-12-05 10:04:38,389 [EventQueue-OpenPipelineForHealthyPipelineSafeModeRule] INFO  ExpiredContainerReplicaOpScrubber (BackgroundSCMService.java:notifyStatusChanged(82)) - Service ExpiredContainerReplicaOpScrubber transitions to RUNNING.
2023-12-05 10:04:38,389 [EventQueue-OpenPipelineForHealthyPipelineSafeModeRule] INFO  replication.ReplicationManager (ReplicationManager.java:notifyStatusChanged(1399)) - Service ReplicationManager transitions to RUNNING.
2023-12-05 10:04:38,391 [26f359c8-b8a0-48ca-adf0-1f6b26ee8905@group-622A069B1811-SegmentedRaftLogWorker] INFO  segmented.SegmentedRaftLogWorker (SegmentedRaftLogWorker.java:execute(632)) - 26f359c8-b8a0-48ca-adf0-1f6b26ee8905@group-622A069B1811-SegmentedRaftLogWorker: created new log segment /home/runner/work/ozone/ozone/hadoop-ozone/integration-test/target/test-dir/MiniOzoneClusterImpl-95f495f0-a26d-4c31-bdf8-5147ef8c128c/datanode-0/data/ratis/6e7476a4-be4e-4763-823f-622a069b1811/current/log_inprogress_0
2023-12-05 10:04:38,393 [EventQueue-OpenPipelineForHealthyPipelineSafeModeRule] WARN  balancer.ContainerBalancer (ContainerBalancer.java:shouldRun(134)) - Could not find persisted configuration for ContainerBalancer when checking if ContainerBalancer should run. ContainerBalancer should not run now.
2023-12-05 10:04:38,416 [de52aeb3-4e14-4dff-8d3c-f60b759b368a-server-thread1] INFO  ratis.XceiverServerRatis (XceiverServerRatis.java:handleLeaderChangedNotification(935)) - Leader change notification received for group: group-622A069B1811 with new leaderId: 26f359c8-b8a0-48ca-adf0-1f6b26ee8905
2023-12-05 10:04:38,416 [de52aeb3-4e14-4dff-8d3c-f60b759b368a-server-thread1] INFO  server.RaftServer$Division (ServerState.java:setLeader(265)) - de52aeb3-4e14-4dff-8d3c-f60b759b368a@group-622A069B1811: change Leader from null to 26f359c8-b8a0-48ca-adf0-1f6b26ee8905 at term 1 for appendEntries, leader elected after 4850ms
2023-12-05 10:04:38,417 [79948e16-d3d5-4c46-9c92-4c306a81da2e-server-thread1] INFO  ratis.XceiverServerRatis (XceiverServerRatis.java:handleLeaderChangedNotification(935)) - Leader change notification received for group: group-622A069B1811 with new leaderId: 26f359c8-b8a0-48ca-adf0-1f6b26ee8905
2023-12-05 10:04:38,417 [79948e16-d3d5-4c46-9c92-4c306a81da2e-server-thread1] INFO  server.RaftServer$Division (ServerState.java:setLeader(265)) - 79948e16-d3d5-4c46-9c92-4c306a81da2e@group-622A069B1811: change Leader from null to 26f359c8-b8a0-48ca-adf0-1f6b26ee8905 at term 1 for appendEntries, leader elected after 5030ms
2023-12-05 10:04:38,429 [79948e16-d3d5-4c46-9c92-4c306a81da2e-server-thread1] INFO  server.RaftServer$Division (ServerState.java:setRaftConf(382)) - 79948e16-d3d5-4c46-9c92-4c306a81da2e@group-622A069B1811: set configuration 0: peers:[26f359c8-b8a0-48ca-adf0-1f6b26ee8905|10.1.0.7:15014, 79948e16-d3d5-4c46-9c92-4c306a81da2e|10.1.0.7:15023, de52aeb3-4e14-4dff-8d3c-f60b759b368a|10.1.0.7:15032]|listeners:[], old=null
2023-12-05 10:04:38,429 [de52aeb3-4e14-4dff-8d3c-f60b759b368a-server-thread1] INFO  server.RaftServer$Division (ServerState.java:setRaftConf(382)) - de52aeb3-4e14-4dff-8d3c-f60b759b368a@group-622A069B1811: set configuration 0: peers:[26f359c8-b8a0-48ca-adf0-1f6b26ee8905|10.1.0.7:15014, 79948e16-d3d5-4c46-9c92-4c306a81da2e|10.1.0.7:15023, de52aeb3-4e14-4dff-8d3c-f60b759b368a|10.1.0.7:15032]|listeners:[], old=null
2023-12-05 10:04:38,430 [79948e16-d3d5-4c46-9c92-4c306a81da2e-server-thread1] INFO  segmented.SegmentedRaftLogWorker (SegmentedRaftLogWorker.java:startLogSegment(428)) - 79948e16-d3d5-4c46-9c92-4c306a81da2e@group-622A069B1811-SegmentedRaftLogWorker: Starting segment from index:0
2023-12-05 10:04:38,430 [de52aeb3-4e14-4dff-8d3c-f60b759b368a-server-thread1] INFO  segmented.SegmentedRaftLogWorker (SegmentedRaftLogWorker.java:startLogSegment(428)) - de52aeb3-4e14-4dff-8d3c-f60b759b368a@group-622A069B1811-SegmentedRaftLogWorker: Starting segment from index:0
2023-12-05 10:04:38,440 [de52aeb3-4e14-4dff-8d3c-f60b759b368a@group-622A069B1811-SegmentedRaftLogWorker] INFO  segmented.SegmentedRaftLogWorker (SegmentedRaftLogWorker.java:execute(632)) - de52aeb3-4e14-4dff-8d3c-f60b759b368a@group-622A069B1811-SegmentedRaftLogWorker: created new log segment /home/runner/work/ozone/ozone/hadoop-ozone/integration-test/target/test-dir/MiniOzoneClusterImpl-95f495f0-a26d-4c31-bdf8-5147ef8c128c/datanode-2/data/ratis/6e7476a4-be4e-4763-823f-622a069b1811/current/log_inprogress_0
2023-12-05 10:04:38,440 [79948e16-d3d5-4c46-9c92-4c306a81da2e@group-622A069B1811-SegmentedRaftLogWorker] INFO  segmented.SegmentedRaftLogWorker (SegmentedRaftLogWorker.java:execute(632)) - 79948e16-d3d5-4c46-9c92-4c306a81da2e@group-622A069B1811-SegmentedRaftLogWorker: created new log segment /home/runner/work/ozone/ozone/hadoop-ozone/integration-test/target/test-dir/MiniOzoneClusterImpl-95f495f0-a26d-4c31-bdf8-5147ef8c128c/datanode-1/data/ratis/6e7476a4-be4e-4763-823f-622a069b1811/current/log_inprogress_0
2023-12-05 10:04:38,445 [26f359c8-b8a0-48ca-adf0-1f6b26ee8905@group-622A069B1811-StateMachineUpdater] INFO  server.RaftServer$Division (LeaderStateImpl.java:isApplied(316)) - leader is ready since appliedIndex == 0 >= startIndex == 0
2023-12-05 10:04:38,455 [main] INFO  ozone.MiniOzoneClusterImpl (MiniOzoneClusterImpl.java:lambda$waitForClusterToBeReady$0(229)) - Nodes are ready. Got 3 of 3 DN Heartbeats.
2023-12-05 10:04:38,455 [main] INFO  ozone.MiniOzoneClusterImpl (MiniOzoneClusterImpl.java:lambda$waitForClusterToBeReady$0(232)) - Cluster exits safe mode
2023-12-05 10:04:38,455 [main] INFO  ozone.MiniOzoneClusterImpl (MiniOzoneClusterImpl.java:lambda$waitForClusterToBeReady$0(234)) - SCM became leader
2023-12-05 10:04:38,462 [main] INFO  ha.SequenceIdGenerator (SequenceIdGenerator.java:getNextId(145)) - Allocate a batch for containerId, change lastId from 0 to 1000.
2023-12-05 10:04:38,474 [main] INFO  ozone.MiniOzoneClusterImpl (MiniOzoneClusterImpl.java:shutdown(449)) - Shutting down the Mini Ozone Cluster
2023-12-05 10:04:38,475 [main] INFO  ozone.MiniOzoneClusterImpl (MiniOzoneClusterImpl.java:stop(466)) - Stopping the Mini Ozone Cluster
2023-12-05 10:04:38,475 [main] INFO  om.OzoneManager (OzoneManager.java:stop(2203)) - om1[localhost:15004]: Stopping Ozone Manager
2023-12-05 10:04:38,475 [main] INFO  ipc.Server (Server.java:stop(3523)) - Stopping server on 15004
2023-12-05 10:04:38,477 [IPC Server listener on 15004] INFO  ipc.Server (Server.java:run(1434)) - Stopping IPC Server listener on 15004
2023-12-05 10:04:38,480 [IPC Server Responder] INFO  ipc.Server (Server.java:run(1567)) - Stopping IPC Server Responder
2023-12-05 10:04:38,481 [main] INFO  server.RaftServer (RaftServerProxy.java:lambda$close$9(416)) - om1: close
2023-12-05 10:04:38,481 [79948e16-d3d5-4c46-9c92-4c306a81da2e@group-6156653DD986-FollowerState] INFO  impl.FollowerState (FollowerState.java:run(143)) - 79948e16-d3d5-4c46-9c92-4c306a81da2e@group-6156653DD986-FollowerState: change to CANDIDATE, lastRpcElapsedTime:5104413269ns, electionTimeout:5103ms
2023-12-05 10:04:38,481 [79948e16-d3d5-4c46-9c92-4c306a81da2e@group-6156653DD986-FollowerState] INFO  impl.RoleInfo (RoleInfo.java:shutdownFollowerState(110)) - 79948e16-d3d5-4c46-9c92-4c306a81da2e: shutdown 79948e16-d3d5-4c46-9c92-4c306a81da2e@group-6156653DD986-FollowerState
2023-12-05 10:04:38,481 [79948e16-d3d5-4c46-9c92-4c306a81da2e@group-6156653DD986-FollowerState] INFO  server.RaftServer$Division (RaftServerImpl.java:setRole(379)) - 79948e16-d3d5-4c46-9c92-4c306a81da2e@group-6156653DD986: changes role from  FOLLOWER to CANDIDATE at term 0 for changeToCandidate
2023-12-05 10:04:38,481 [79948e16-d3d5-4c46-9c92-4c306a81da2e@group-6156653DD986-FollowerState] INFO  server.RaftServerConfigKeys (ConfUtils.java:logGet(46)) - raft.server.leaderelection.pre-vote = true (default)
2023-12-05 10:04:38,481 [om1-impl-thread1] INFO  server.RaftServer$Division (RaftServerImpl.java:lambda$close$3(516)) - om1@group-C5BA1605619E: shutdown
2023-12-05 10:04:38,481 [79948e16-d3d5-4c46-9c92-4c306a81da2e@group-6156653DD986-FollowerState] INFO  impl.RoleInfo (RoleInfo.java:updateAndGet(139)) - 79948e16-d3d5-4c46-9c92-4c306a81da2e: start 79948e16-d3d5-4c46-9c92-4c306a81da2e@group-6156653DD986-LeaderElection4
2023-12-05 10:04:38,481 [om1-impl-thread1] INFO  util.JmxRegister (JmxRegister.java:unregister(73)) - Successfully un-registered JMX Bean with object name Ratis:service=RaftServer,group=group-C5BA1605619E,id=om1
2023-12-05 10:04:38,481 [om1-impl-thread1] INFO  impl.RoleInfo (RoleInfo.java:shutdownLeaderState(94)) - om1: shutdown om1@group-C5BA1605619E-LeaderStateImpl
2023-12-05 10:04:38,482 [om1-impl-thread1] INFO  impl.PendingRequests (PendingRequests.java:sendNotLeaderResponses(289)) - om1@group-C5BA1605619E-PendingRequests: sendNotLeaderResponses
2023-12-05 10:04:38,483 [79948e16-d3d5-4c46-9c92-4c306a81da2e@group-6156653DD986-LeaderElection4] INFO  impl.LeaderElection (LeaderElection.java:askForVotes(323)) - 79948e16-d3d5-4c46-9c92-4c306a81da2e@group-6156653DD986-LeaderElection4 PRE_VOTE round 0: submit vote requests at term 0 for -1: peers:[79948e16-d3d5-4c46-9c92-4c306a81da2e|10.1.0.7:15023]|listeners:[], old=null
2023-12-05 10:04:38,483 [79948e16-d3d5-4c46-9c92-4c306a81da2e@group-6156653DD986-LeaderElection4] INFO  impl.LeaderElection (LeaderElection.java:askForVotes(325)) - 79948e16-d3d5-4c46-9c92-4c306a81da2e@group-6156653DD986-LeaderElection4 PRE_VOTE round 0: result PASSED (term=0)
2023-12-05 10:04:38,483 [om1@group-C5BA1605619E-StateMachineUpdater] INFO  ratis.OzoneManagerStateMachine (OzoneManagerStateMachine.java:takeSnapshot(492)) - Current Snapshot Index (t:1, i:0)
2023-12-05 10:04:38,483 [om1-impl-thread1] INFO  impl.StateMachineUpdater (StateMachineUpdater.java:stopAndJoin(157)) - om1@group-C5BA1605619E-StateMachineUpdater: set stopIndex = 0
2023-12-05 10:04:38,484 [main] INFO  server.GrpcService (GrpcService.java:closeImpl(311)) - om1: shutdown server GrpcServerProtocolService now
2023-12-05 10:04:38,488 [79948e16-d3d5-4c46-9c92-4c306a81da2e@group-6156653DD986-LeaderElection4] INFO  impl.LeaderElection (LeaderElection.java:askForVotes(323)) - 79948e16-d3d5-4c46-9c92-4c306a81da2e@group-6156653DD986-LeaderElection4 ELECTION round 0: submit vote requests at term 1 for -1: peers:[79948e16-d3d5-4c46-9c92-4c306a81da2e|10.1.0.7:15023]|listeners:[], old=null
2023-12-05 10:04:38,488 [main] INFO  server.GrpcService (GrpcService.java:closeImpl(320)) - om1: shutdown server GrpcServerProtocolService successfully
2023-12-05 10:04:38,488 [79948e16-d3d5-4c46-9c92-4c306a81da2e@group-6156653DD986-LeaderElection4] INFO  impl.LeaderElection (LeaderElection.java:askForVotes(325)) - 79948e16-d3d5-4c46-9c92-4c306a81da2e@group-6156653DD986-LeaderElection4 ELECTION round 0: result PASSED (term=1)
2023-12-05 10:04:38,488 [79948e16-d3d5-4c46-9c92-4c306a81da2e@group-6156653DD986-LeaderElection4] INFO  impl.RoleInfo (RoleInfo.java:shutdownLeaderElection(130)) - 79948e16-d3d5-4c46-9c92-4c306a81da2e: shutdown 79948e16-d3d5-4c46-9c92-4c306a81da2e@group-6156653DD986-LeaderElection4
2023-12-05 10:04:38,488 [79948e16-d3d5-4c46-9c92-4c306a81da2e@group-6156653DD986-LeaderElection4] INFO  server.RaftServer$Division (RaftServerImpl.java:setRole(379)) - 79948e16-d3d5-4c46-9c92-4c306a81da2e@group-6156653DD986: changes role from CANDIDATE to LEADER at term 1 for changeToLeader
2023-12-05 10:04:38,488 [79948e16-d3d5-4c46-9c92-4c306a81da2e@group-6156653DD986-LeaderElection4] INFO  server.RaftServerConfigKeys (ConfUtils.java:logGet(46)) - raft.server.staging.catchup.gap = 1000 (default)
2023-12-05 10:04:38,490 [79948e16-d3d5-4c46-9c92-4c306a81da2e@group-6156653DD986-LeaderElection4] INFO  server.RaftServerConfigKeys (ConfUtils.java:logGet(46)) - raft.server.write.element-limit = 1024 (custom)
2023-12-05 10:04:38,490 [79948e16-d3d5-4c46-9c92-4c306a81da2e@group-6156653DD986-LeaderElection4] INFO  server.RaftServerConfigKeys (ConfUtils.java:logGet(46)) - raft.server.write.byte-limit = 1024 M (=1073741824) (custom)
2023-12-05 10:04:38,491 [79948e16-d3d5-4c46-9c92-4c306a81da2e@group-6156653DD986-LeaderElection4] INFO  server.RaftServerConfigKeys (ConfUtils.java:logGet(46)) - raft.server.watch.timeout = 180s (custom)
2023-12-05 10:04:38,491 [79948e16-d3d5-4c46-9c92-4c306a81da2e@group-6156653DD986-LeaderElection4] INFO  server.RaftServerConfigKeys (ConfUtils.java:logGet(46)) - raft.server.watch.timeout.denomination = 1s (default)
2023-12-05 10:04:38,491 [79948e16-d3d5-4c46-9c92-4c306a81da2e@group-6156653DD986-LeaderElection4] INFO  server.RaftServerConfigKeys (ConfUtils.java:logGet(46)) - raft.server.watch.element-limit = 65536 (default)
2023-12-05 10:04:38,491 [79948e16-d3d5-4c46-9c92-4c306a81da2e@group-6156653DD986-LeaderElection4] INFO  server.RaftServerConfigKeys (ConfUtils.java:logGet(46)) - raft.server.read.leader.lease.enabled = false (default)
2023-12-05 10:04:38,491 [79948e16-d3d5-4c46-9c92-4c306a81da2e@group-6156653DD986-LeaderElection4] INFO  server.RaftServerConfigKeys (ConfUtils.java:logGet(46)) - raft.server.read.leader.lease.timeout.ratio = 0.9 (default)
2023-12-05 10:04:38,491 [79948e16-d3d5-4c46-9c92-4c306a81da2e@group-6156653DD986-LeaderElection4] INFO  server.RaftServerConfigKeys (ConfUtils.java:logGet(46)) - raft.server.rpc.timeout.min = 5s (custom)
2023-12-05 10:04:38,491 [79948e16-d3d5-4c46-9c92-4c306a81da2e@group-6156653DD986-LeaderElection4] INFO  server.RaftServerConfigKeys (ConfUtils.java:logGet(46)) - raft.server.write.element-limit = 1024 (custom)
2023-12-05 10:04:38,491 [79948e16-d3d5-4c46-9c92-4c306a81da2e@group-6156653DD986-LeaderElection4] INFO  server.RaftServerConfigKeys (ConfUtils.java:logGet(46)) - raft.server.write.follower.gap.ratio.max = -1.0 (default)
2023-12-05 10:04:38,491 [79948e16-d3d5-4c46-9c92-4c306a81da2e@group-6156653DD986-LeaderElection4] INFO  impl.RoleInfo (RoleInfo.java:updateAndGet(139)) - 79948e16-d3d5-4c46-9c92-4c306a81da2e: start 79948e16-d3d5-4c46-9c92-4c306a81da2e@group-6156653DD986-LeaderStateImpl
2023-12-05 10:04:38,491 [79948e16-d3d5-4c46-9c92-4c306a81da2e@group-6156653DD986-LeaderElection4] INFO  server.RaftServer$Division (RaftServerImpl.java:setFirstElection(564)) - 79948e16-d3d5-4c46-9c92-4c306a81da2e@group-6156653DD986: set firstElectionSinceStartup to false for becomeLeader
2023-12-05 10:04:38,491 [79948e16-d3d5-4c46-9c92-4c306a81da2e@group-6156653DD986-LeaderElection4] INFO  ratis.XceiverServerRatis (XceiverServerRatis.java:handleLeaderChangedNotification(935)) - Leader change notification received for group: group-6156653DD986 with new leaderId: 79948e16-d3d5-4c46-9c92-4c306a81da2e
2023-12-05 10:04:38,492 [79948e16-d3d5-4c46-9c92-4c306a81da2e@group-6156653DD986-LeaderElection4] INFO  server.RaftServer$Division (ServerState.java:setLeader(265)) - 79948e16-d3d5-4c46-9c92-4c306a81da2e@group-6156653DD986: change Leader from null to 79948e16-d3d5-4c46-9c92-4c306a81da2e at term 1 for becomeLeader, leader elected after 5151ms
2023-12-05 10:04:38,492 [79948e16-d3d5-4c46-9c92-4c306a81da2e@group-6156653DD986-LeaderElection4] INFO  segmented.SegmentedRaftLogWorker (SegmentedRaftLogWorker.java:startLogSegment(428)) - 79948e16-d3d5-4c46-9c92-4c306a81da2e@group-6156653DD986-SegmentedRaftLogWorker: Starting segment from index:0
2023-12-05 10:04:38,495 [79948e16-d3d5-4c46-9c92-4c306a81da2e@group-6156653DD986-LeaderElection4] INFO  server.RaftServer$Division (ServerState.java:setRaftConf(382)) - 79948e16-d3d5-4c46-9c92-4c306a81da2e@group-6156653DD986: set configuration 0: peers:[79948e16-d3d5-4c46-9c92-4c306a81da2e|10.1.0.7:15023]|listeners:[], old=null
2023-12-05 10:04:38,500 [79948e16-d3d5-4c46-9c92-4c306a81da2e@group-6156653DD986-SegmentedRaftLogWorker] INFO  segmented.SegmentedRaftLogWorker (SegmentedRaftLogWorker.java:execute(632)) - 79948e16-d3d5-4c46-9c92-4c306a81da2e@group-6156653DD986-SegmentedRaftLogWorker: created new log segment /home/runner/work/ozone/ozone/hadoop-ozone/integration-test/target/test-dir/MiniOzoneClusterImpl-95f495f0-a26d-4c31-bdf8-5147ef8c128c/datanode-1/data/ratis/d9298a56-766b-4265-89fb-6156653dd986/current/log_inprogress_0
2023-12-05 10:04:38,501 [79948e16-d3d5-4c46-9c92-4c306a81da2e@group-6156653DD986-StateMachineUpdater] INFO  server.RaftServer$Division (LeaderStateImpl.java:isApplied(316)) - leader is ready since appliedIndex == 0 >= startIndex == 0
2023-12-05 10:04:38,505 [om1@group-C5BA1605619E-StateMachineUpdater] INFO  impl.StateMachineUpdater (StateMachineUpdater.java:takeSnapshot(295)) - om1@group-C5BA1605619E-StateMachineUpdater: Took a snapshot at index 0
2023-12-05 10:04:38,505 [om1@group-C5BA1605619E-StateMachineUpdater] INFO  impl.StateMachineUpdater (StateMachineUpdater.java:lambda$new$0(98)) - om1@group-C5BA1605619E-StateMachineUpdater: snapshotIndex: updateIncreasingly -1 -> 0
2023-12-05 10:04:38,505 [om1@group-C5BA1605619E-StateMachineUpdater] INFO  ratis.OzoneManagerStateMachine (OzoneManagerStateMachine.java:close(546)) - StateMachine has shutdown. Shutdown OzoneManager if not already shutdown.
2023-12-05 10:04:38,506 [om1@group-C5BA1605619E-StateMachineUpdater] INFO  ratis.OzoneManagerDoubleBuffer (OzoneManagerDoubleBuffer.java:stopDaemon(575)) - Stopping OMDoubleBuffer flush thread
2023-12-05 10:04:38,506 [om1-OMDoubleBufferFlushThread] INFO  ratis.OzoneManagerDoubleBuffer (OzoneManagerDoubleBuffer.java:canFlush(662)) - OMDoubleBuffer flush thread om1-OMDoubleBufferFlushThread is interrupted and will exit.
2023-12-05 10:04:38,507 [om1-impl-thread1] INFO  server.RaftServer$Division (ServerState.java:close(423)) - om1@group-C5BA1605619E: applyIndex: 0
2023-12-05 10:04:38,507 [om1@group-C5BA1605619E-cacheEviction-AwaitToRun] INFO  util.AwaitToRun (AwaitToRun.java:run(49)) - om1@group-C5BA1605619E-cacheEviction-AwaitToRun-AwaitForSignal is interrupted
2023-12-05 10:04:38,673 [de52aeb3-4e14-4dff-8d3c-f60b759b368a@group-BFDEF1181E5A-FollowerState] INFO  impl.FollowerState (FollowerState.java:run(143)) - de52aeb3-4e14-4dff-8d3c-f60b759b368a@group-BFDEF1181E5A-FollowerState: change to CANDIDATE, lastRpcElapsedTime:5126930932ns, electionTimeout:5117ms
2023-12-05 10:04:38,673 [de52aeb3-4e14-4dff-8d3c-f60b759b368a@group-BFDEF1181E5A-FollowerState] INFO  impl.RoleInfo (RoleInfo.java:shutdownFollowerState(110)) - de52aeb3-4e14-4dff-8d3c-f60b759b368a: shutdown de52aeb3-4e14-4dff-8d3c-f60b759b368a@group-BFDEF1181E5A-FollowerState
2023-12-05 10:04:38,673 [de52aeb3-4e14-4dff-8d3c-f60b759b368a@group-BFDEF1181E5A-FollowerState] INFO  server.RaftServer$Division (RaftServerImpl.java:setRole(379)) - de52aeb3-4e14-4dff-8d3c-f60b759b368a@group-BFDEF1181E5A: changes role from  FOLLOWER to CANDIDATE at term 0 for changeToCandidate
2023-12-05 10:04:38,673 [de52aeb3-4e14-4dff-8d3c-f60b759b368a@group-BFDEF1181E5A-FollowerState] INFO  server.RaftServerConfigKeys (ConfUtils.java:logGet(46)) - raft.server.leaderelection.pre-vote = true (default)
2023-12-05 10:04:38,673 [de52aeb3-4e14-4dff-8d3c-f60b759b368a@group-BFDEF1181E5A-FollowerState] INFO  impl.RoleInfo (RoleInfo.java:updateAndGet(139)) - de52aeb3-4e14-4dff-8d3c-f60b759b368a: start de52aeb3-4e14-4dff-8d3c-f60b759b368a@group-BFDEF1181E5A-LeaderElection5
2023-12-05 10:04:38,674 [de52aeb3-4e14-4dff-8d3c-f60b759b368a@group-BFDEF1181E5A-LeaderElection5] INFO  impl.LeaderElection (LeaderElection.java:askForVotes(323)) - de52aeb3-4e14-4dff-8d3c-f60b759b368a@group-BFDEF1181E5A-LeaderElection5 PRE_VOTE round 0: submit vote requests at term 0 for -1: peers:[de52aeb3-4e14-4dff-8d3c-f60b759b368a|10.1.0.7:15032]|listeners:[], old=null
2023-12-05 10:04:38,674 [de52aeb3-4e14-4dff-8d3c-f60b759b368a@group-BFDEF1181E5A-LeaderElection5] INFO  impl.LeaderElection (LeaderElection.java:askForVotes(325)) - de52aeb3-4e14-4dff-8d3c-f60b759b368a@group-BFDEF1181E5A-LeaderElection5 PRE_VOTE round 0: result PASSED (term=0)
2023-12-05 10:04:38,675 [de52aeb3-4e14-4dff-8d3c-f60b759b368a@group-BFDEF1181E5A-LeaderElection5] INFO  impl.LeaderElection (LeaderElection.java:askForVotes(323)) - de52aeb3-4e14-4dff-8d3c-f60b759b368a@group-BFDEF1181E5A-LeaderElection5 ELECTION round 0: submit vote requests at term 1 for -1: peers:[de52aeb3-4e14-4dff-8d3c-f60b759b368a|10.1.0.7:15032]|listeners:[], old=null
2023-12-05 10:04:38,675 [de52aeb3-4e14-4dff-8d3c-f60b759b368a@group-BFDEF1181E5A-LeaderElection5] INFO  impl.LeaderElection (LeaderElection.java:askForVotes(325)) - de52aeb3-4e14-4dff-8d3c-f60b759b368a@group-BFDEF1181E5A-LeaderElection5 ELECTION round 0: result PASSED (term=1)
2023-12-05 10:04:38,675 [de52aeb3-4e14-4dff-8d3c-f60b759b368a@group-BFDEF1181E5A-LeaderElection5] INFO  impl.RoleInfo (RoleInfo.java:shutdownLeaderElection(130)) - de52aeb3-4e14-4dff-8d3c-f60b759b368a: shutdown de52aeb3-4e14-4dff-8d3c-f60b759b368a@group-BFDEF1181E5A-LeaderElection5
2023-12-05 10:04:38,675 [de52aeb3-4e14-4dff-8d3c-f60b759b368a@group-BFDEF1181E5A-LeaderElection5] INFO  server.RaftServer$Division (RaftServerImpl.java:setRole(379)) - de52aeb3-4e14-4dff-8d3c-f60b759b368a@group-BFDEF1181E5A: changes role from CANDIDATE to LEADER at term 1 for changeToLeader
2023-12-05 10:04:38,675 [de52aeb3-4e14-4dff-8d3c-f60b759b368a@group-BFDEF1181E5A-LeaderElection5] INFO  server.RaftServerConfigKeys (ConfUtils.java:logGet(46)) - raft.server.staging.catchup.gap = 1000 (default)
2023-12-05 10:04:38,676 [de52aeb3-4e14-4dff-8d3c-f60b759b368a@group-BFDEF1181E5A-LeaderElection5] INFO  server.RaftServerConfigKeys (ConfUtils.java:logGet(46)) - raft.server.write.element-limit = 1024 (custom)
2023-12-05 10:04:38,676 [de52aeb3-4e14-4dff-8d3c-f60b759b368a@group-BFDEF1181E5A-LeaderElection5] INFO  server.RaftServerConfigKeys (ConfUtils.java:logGet(46)) - raft.server.write.byte-limit = 1024 M (=1073741824) (custom)
2023-12-05 10:04:38,677 [de52aeb3-4e14-4dff-8d3c-f60b759b368a@group-BFDEF1181E5A-LeaderElection5] INFO  server.RaftServerConfigKeys (ConfUtils.java:logGet(46)) - raft.server.watch.timeout = 180s (custom)
2023-12-05 10:04:38,677 [de52aeb3-4e14-4dff-8d3c-f60b759b368a@group-BFDEF1181E5A-LeaderElection5] INFO  server.RaftServerConfigKeys (ConfUtils.java:logGet(46)) - raft.server.watch.timeout.denomination = 1s (default)
2023-12-05 10:04:38,677 [de52aeb3-4e14-4dff-8d3c-f60b759b368a@group-BFDEF1181E5A-LeaderElection5] INFO  server.RaftServerConfigKeys (ConfUtils.java:logGet(46)) - raft.server.watch.element-limit = 65536 (default)
2023-12-05 10:04:38,677 [de52aeb3-4e14-4dff-8d3c-f60b759b368a@group-BFDEF1181E5A-LeaderElection5] INFO  server.RaftServerConfigKeys (ConfUtils.java:logGet(46)) - raft.server.read.leader.lease.enabled = false (default)
2023-12-05 10:04:38,677 [de52aeb3-4e14-4dff-8d3c-f60b759b368a@group-BFDEF1181E5A-LeaderElection5] INFO  server.RaftServerConfigKeys (ConfUtils.java:logGet(46)) - raft.server.read.leader.lease.timeout.ratio = 0.9 (default)
2023-12-05 10:04:38,677 [de52aeb3-4e14-4dff-8d3c-f60b759b368a@group-BFDEF1181E5A-LeaderElection5] INFO  server.RaftServerConfigKeys (ConfUtils.java:logGet(46)) - raft.server.rpc.timeout.min = 5s (custom)
2023-12-05 10:04:38,677 [de52aeb3-4e14-4dff-8d3c-f60b759b368a@group-BFDEF1181E5A-LeaderElection5] INFO  server.RaftServerConfigKeys (ConfUtils.java:logGet(46)) - raft.server.write.element-limit = 1024 (custom)
2023-12-05 10:04:38,677 [de52aeb3-4e14-4dff-8d3c-f60b759b368a@group-BFDEF1181E5A-LeaderElection5] INFO  server.RaftServerConfigKeys (ConfUtils.java:logGet(46)) - raft.server.write.follower.gap.ratio.max = -1.0 (default)
2023-12-05 10:04:38,677 [de52aeb3-4e14-4dff-8d3c-f60b759b368a@group-BFDEF1181E5A-LeaderElection5] INFO  impl.RoleInfo (RoleInfo.java:updateAndGet(139)) - de52aeb3-4e14-4dff-8d3c-f60b759b368a: start de52aeb3-4e14-4dff-8d3c-f60b759b368a@group-BFDEF1181E5A-LeaderStateImpl
2023-12-05 10:04:38,677 [de52aeb3-4e14-4dff-8d3c-f60b759b368a@group-BFDEF1181E5A-LeaderElection5] INFO  server.RaftServer$Division (RaftServerImpl.java:setFirstElection(564)) - de52aeb3-4e14-4dff-8d3c-f60b759b368a@group-BFDEF1181E5A: set firstElectionSinceStartup to false for becomeLeader
2023-12-05 10:04:38,678 [de52aeb3-4e14-4dff-8d3c-f60b759b368a@group-BFDEF1181E5A-LeaderElection5] INFO  ratis.XceiverServerRatis (XceiverServerRatis.java:handleLeaderChangedNotification(935)) - Leader change notification received for group: group-BFDEF1181E5A with new leaderId: de52aeb3-4e14-4dff-8d3c-f60b759b368a
2023-12-05 10:04:38,678 [de52aeb3-4e14-4dff-8d3c-f60b759b368a@group-BFDEF1181E5A-LeaderElection5] INFO  server.RaftServer$Division (ServerState.java:setLeader(265)) - de52aeb3-4e14-4dff-8d3c-f60b759b368a@group-BFDEF1181E5A: change Leader from null to de52aeb3-4e14-4dff-8d3c-f60b759b368a at term 1 for becomeLeader, leader elected after 5211ms
2023-12-05 10:04:38,678 [de52aeb3-4e14-4dff-8d3c-f60b759b368a@group-BFDEF1181E5A-LeaderElection5] INFO  segmented.SegmentedRaftLogWorker (SegmentedRaftLogWorker.java:startLogSegment(428)) - de52aeb3-4e14-4dff-8d3c-f60b759b368a@group-BFDEF1181E5A-SegmentedRaftLogWorker: Starting segment from index:0
2023-12-05 10:04:38,682 [de52aeb3-4e14-4dff-8d3c-f60b759b368a@group-BFDEF1181E5A-LeaderElection5] INFO  server.RaftServer$Division (ServerState.java:setRaftConf(382)) - de52aeb3-4e14-4dff-8d3c-f60b759b368a@group-BFDEF1181E5A: set configuration 0: peers:[de52aeb3-4e14-4dff-8d3c-f60b759b368a|10.1.0.7:15032]|listeners:[], old=null
2023-12-05 10:04:38,685 [de52aeb3-4e14-4dff-8d3c-f60b759b368a@group-BFDEF1181E5A-SegmentedRaftLogWorker] INFO  segmented.SegmentedRaftLogWorker (SegmentedRaftLogWorker.java:execute(632)) - de52aeb3-4e14-4dff-8d3c-f60b759b368a@group-BFDEF1181E5A-SegmentedRaftLogWorker: created new log segment /home/runner/work/ozone/ozone/hadoop-ozone/integration-test/target/test-dir/MiniOzoneClusterImpl-95f495f0-a26d-4c31-bdf8-5147ef8c128c/datanode-2/data/ratis/26c3fdac-f972-41be-a281-bfdef1181e5a/current/log_inprogress_0
2023-12-05 10:04:38,686 [de52aeb3-4e14-4dff-8d3c-f60b759b368a@group-BFDEF1181E5A-StateMachineUpdater] INFO  server.RaftServer$Division (LeaderStateImpl.java:isApplied(316)) - leader is ready since appliedIndex == 0 >= startIndex == 0
2023-12-05 10:04:38,823 [om1-impl-thread1] INFO  segmented.SegmentedRaftLogWorker (SegmentedRaftLogWorker.java:close(243)) - om1@group-C5BA1605619E-SegmentedRaftLogWorker close()
2023-12-05 10:04:38,823 [JvmPauseMonitor1] INFO  util.JvmPauseMonitor (JvmPauseMonitor.java:run(152)) - JvmPauseMonitor-om1: Stopped
2023-12-05 10:04:38,823 [main] INFO  ratis.OzoneManagerStateMachine (OzoneManagerStateMachine.java:close(546)) - StateMachine has shutdown. Shutdown OzoneManager if not already shutdown.
2023-12-05 10:04:38,824 [main] INFO  ratis.OzoneManagerDoubleBuffer (OzoneManagerDoubleBuffer.java:stopDaemon(584)) - OMDoubleBuffer flush thread is not running.
2023-12-05 10:04:38,824 [main] INFO  utils.BackgroundService (BackgroundService.java:shutdown(160)) - Shutting down service KeyDeletingService
2023-12-05 10:04:38,825 [main] INFO  utils.BackgroundService (BackgroundService.java:shutdown(160)) - Shutting down service DirectoryDeletingService
2023-12-05 10:04:38,825 [main] INFO  utils.BackgroundService (BackgroundService.java:shutdown(160)) - Shutting down service OpenKeyCleanupService
2023-12-05 10:04:38,825 [main] INFO  utils.BackgroundService (BackgroundService.java:shutdown(160)) - Shutting down service SstFilteringService
2023-12-05 10:04:38,825 [main] INFO  utils.BackgroundService (BackgroundService.java:shutdown(160)) - Shutting down service SnapshotDeletingService
2023-12-05 10:04:38,826 [main] INFO  utils.BackgroundService (BackgroundService.java:shutdown(160)) - Shutting down service MultipartUploadCleanupService
2023-12-05 10:04:38,829 [main] INFO  handler.ContextHandler (ContextHandler.java:doStop(1159)) - Stopped o.e.j.w.WebAppContext@625bb465{ozoneManager,/,null,STOPPED}{file:/home/runner/work/ozone/ozone/hadoop-ozone/integration-test/target/test-classes/webapps/ozoneManager}
2023-12-05 10:04:38,832 [main] INFO  server.AbstractConnector (AbstractConnector.java:doStop(383)) - Stopped ServerConnector@a58f9a6{HTTP/1.1, (http/1.1)}{0.0.0.0:15005}
2023-12-05 10:04:38,832 [main] INFO  server.session (HouseKeeper.java:stopScavenging(149)) - node0 Stopped scavenging
2023-12-05 10:04:38,833 [main] INFO  handler.ContextHandler (ContextHandler.java:doStop(1159)) - Stopped o.e.j.s.ServletContextHandler@e0dd692{static,/static,file:///home/runner/work/ozone/ozone/hadoop-ozone/integration-test/target/test-classes/webapps/static,STOPPED}
2023-12-05 10:04:38,833 [main] INFO  handler.ContextHandler (ContextHandler.java:doStop(1159)) - Stopped o.e.j.s.ServletContextHandler@5e8e40e8{logs,/logs,file:///home/runner/work/ozone/ozone/hadoop-ozone/integration-test/target/log,STOPPED}
2023-12-05 10:04:38,835 [main] INFO  rocksdiff.RocksDBCheckpointDiffer (RocksDBCheckpointDiffer.java:close(310)) - Shutting down CompactionDagPruningService.
2023-12-05 10:04:38,839 [main] INFO  snapshot.SnapshotDiffManager (SnapshotDiffManager.java:closeExecutorService(1716)) - Shutting down executorService: 'SnapDiffExecutor'
2023-12-05 10:04:38,839 [main] INFO  snapshot.SnapshotDiffManager (SnapshotDiffManager.java:closeExecutorService(1716)) - Shutting down executorService: 'SstDumpToolExecutor'
2023-12-05 10:04:38,839 [main] INFO  utils.BackgroundService (BackgroundService.java:shutdown(160)) - Shutting down service SnapshotDiffCleanupService
2023-12-05 10:04:38,841 [main] INFO  ozone.MiniOzoneClusterImpl (MiniOzoneClusterImpl.java:stopDatanodes(536)) - Stopping the HddsDatanodes
2023-12-05 10:04:38,844 [main] INFO  ozoneimpl.OzoneContainer (OzoneContainer.java:stop(463)) - Attempting to stop container services.
2023-12-05 10:04:38,845 [ForkJoinPool.commonPool-worker-1] INFO  ozoneimpl.OzoneContainer (OzoneContainer.java:stop(463)) - Attempting to stop container services.
2023-12-05 10:04:38,845 [main] INFO  server.RaftServer (RaftServerProxy.java:lambda$close$9(416)) - 79948e16-d3d5-4c46-9c92-4c306a81da2e: close
2023-12-05 10:04:38,845 [79948e16-d3d5-4c46-9c92-4c306a81da2e-impl-thread1] INFO  server.RaftServer$Division (RaftServerImpl.java:lambda$close$3(516)) - 79948e16-d3d5-4c46-9c92-4c306a81da2e@group-622A069B1811: shutdown
2023-12-05 10:04:38,845 [79948e16-d3d5-4c46-9c92-4c306a81da2e-impl-thread1] INFO  util.JmxRegister (JmxRegister.java:unregister(73)) - Successfully un-registered JMX Bean with object name Ratis:service=RaftServer,group=group-622A069B1811,id=79948e16-d3d5-4c46-9c92-4c306a81da2e
2023-12-05 10:04:38,845 [main] INFO  server.GrpcService (GrpcService.java:closeImpl(311)) - 79948e16-d3d5-4c46-9c92-4c306a81da2e: shutdown server org.apache.ratis.grpc.server.GrpcClientProtocolService now
2023-12-05 10:04:38,845 [79948e16-d3d5-4c46-9c92-4c306a81da2e-impl-thread1] INFO  impl.RoleInfo (RoleInfo.java:shutdownFollowerState(110)) - 79948e16-d3d5-4c46-9c92-4c306a81da2e: shutdown 79948e16-d3d5-4c46-9c92-4c306a81da2e@group-622A069B1811-FollowerState
2023-12-05 10:04:38,846 [79948e16-d3d5-4c46-9c92-4c306a81da2e@group-622A069B1811-FollowerState] INFO  impl.FollowerState (FollowerState.java:run(152)) - 79948e16-d3d5-4c46-9c92-4c306a81da2e@group-622A069B1811-FollowerState was interrupted
2023-12-05 10:04:38,846 [79948e16-d3d5-4c46-9c92-4c306a81da2e-impl-thread1] INFO  impl.StateMachineUpdater (StateMachineUpdater.java:stopAndJoin(157)) - 79948e16-d3d5-4c46-9c92-4c306a81da2e@group-622A069B1811-StateMachineUpdater: set stopIndex = -1
2023-12-05 10:04:38,848 [79948e16-d3d5-4c46-9c92-4c306a81da2e-impl-thread1] INFO  server.RaftServer$Division (ServerState.java:close(423)) - 79948e16-d3d5-4c46-9c92-4c306a81da2e@group-622A069B1811: applyIndex: -1
2023-12-05 10:04:38,849 [ForkJoinPool.commonPool-worker-3] INFO  ozoneimpl.OzoneContainer (OzoneContainer.java:stop(463)) - Attempting to stop container services.
2023-12-05 10:04:38,850 [ForkJoinPool.commonPool-worker-3] INFO  server.RaftServer (RaftServerProxy.java:lambda$close$9(416)) - 26f359c8-b8a0-48ca-adf0-1f6b26ee8905: close
2023-12-05 10:04:38,850 [main] INFO  server.GrpcService (GrpcService.java:closeImpl(320)) - 79948e16-d3d5-4c46-9c92-4c306a81da2e: shutdown server org.apache.ratis.grpc.server.GrpcClientProtocolService successfully
2023-12-05 10:04:38,850 [main] INFO  server.GrpcService (GrpcService.java:closeImpl(311)) - 79948e16-d3d5-4c46-9c92-4c306a81da2e: shutdown server GrpcServerProtocolService now
2023-12-05 10:04:38,848 [79948e16-d3d5-4c46-9c92-4c306a81da2e-impl-thread2] INFO  server.RaftServer$Division (RaftServerImpl.java:lambda$close$3(516)) - 79948e16-d3d5-4c46-9c92-4c306a81da2e@group-6156653DD986: shutdown
2023-12-05 10:04:38,850 [26f359c8-b8a0-48ca-adf0-1f6b26ee8905-impl-thread2] INFO  server.RaftServer$Division (RaftServerImpl.java:lambda$close$3(516)) - 26f359c8-b8a0-48ca-adf0-1f6b26ee8905@group-A7A17920EDDF: shutdown
2023-12-05 10:04:38,851 [26f359c8-b8a0-48ca-adf0-1f6b26ee8905-impl-thread2] INFO  util.JmxRegister (JmxRegister.java:unregister(73)) - Successfully un-registered JMX Bean with object name Ratis:service=RaftServer,group=group-A7A17920EDDF,id=26f359c8-b8a0-48ca-adf0-1f6b26ee8905
2023-12-05 10:04:38,851 [26f359c8-b8a0-48ca-adf0-1f6b26ee8905-impl-thread2] INFO  impl.RoleInfo (RoleInfo.java:shutdownLeaderState(94)) - 26f359c8-b8a0-48ca-adf0-1f6b26ee8905: shutdown 26f359c8-b8a0-48ca-adf0-1f6b26ee8905@group-A7A17920EDDF-LeaderStateImpl
2023-12-05 10:04:38,850 [ForkJoinPool.commonPool-worker-3] INFO  server.GrpcService (GrpcService.java:closeImpl(311)) - 26f359c8-b8a0-48ca-adf0-1f6b26ee8905: shutdown server org.apache.ratis.grpc.server.GrpcClientProtocolService now
2023-12-05 10:04:38,850 [26f359c8-b8a0-48ca-adf0-1f6b26ee8905-impl-thread1] INFO  server.RaftServer$Division (RaftServerImpl.java:lambda$close$3(516)) - 26f359c8-b8a0-48ca-adf0-1f6b26ee8905@group-622A069B1811: shutdown
2023-12-05 10:04:38,852 [79948e16-d3d5-4c46-9c92-4c306a81da2e-impl-thread2] INFO  util.JmxRegister (JmxRegister.java:unregister(73)) - Successfully un-registered JMX Bean with object name Ratis:service=RaftServer,group=group-6156653DD986,id=79948e16-d3d5-4c46-9c92-4c306a81da2e
2023-12-05 10:04:38,850 [79948e16-d3d5-4c46-9c92-4c306a81da2e@group-622A069B1811-cacheEviction-AwaitToRun] INFO  util.AwaitToRun (AwaitToRun.java:run(49)) - 79948e16-d3d5-4c46-9c92-4c306a81da2e@group-622A069B1811-cacheEviction-AwaitToRun-AwaitForSignal is interrupted
2023-12-05 10:04:38,849 [ForkJoinPool.commonPool-worker-1] INFO  server.RaftServer (RaftServerProxy.java:lambda$close$9(416)) - de52aeb3-4e14-4dff-8d3c-f60b759b368a: close
2023-12-05 10:04:38,852 [de52aeb3-4e14-4dff-8d3c-f60b759b368a-impl-thread1] INFO  server.RaftServer$Division (RaftServerImpl.java:lambda$close$3(516)) - de52aeb3-4e14-4dff-8d3c-f60b759b368a@group-622A069B1811: shutdown
2023-12-05 10:04:38,852 [de52aeb3-4e14-4dff-8d3c-f60b759b368a-impl-thread1] INFO  util.JmxRegister (JmxRegister.java:unregister(73)) - Successfully un-registered JMX Bean with object name Ratis:service=RaftServer,group=group-622A069B1811,id=de52aeb3-4e14-4dff-8d3c-f60b759b368a
2023-12-05 10:04:38,852 [de52aeb3-4e14-4dff-8d3c-f60b759b368a-impl-thread1] INFO  impl.RoleInfo (RoleInfo.java:shutdownFollowerState(110)) - de52aeb3-4e14-4dff-8d3c-f60b759b368a: shutdown de52aeb3-4e14-4dff-8d3c-f60b759b368a@group-622A069B1811-FollowerState
2023-12-05 10:04:38,852 [79948e16-d3d5-4c46-9c92-4c306a81da2e-impl-thread2] INFO  impl.RoleInfo (RoleInfo.java:shutdownLeaderState(94)) - 79948e16-d3d5-4c46-9c92-4c306a81da2e: shutdown 79948e16-d3d5-4c46-9c92-4c306a81da2e@group-6156653DD986-LeaderStateImpl
2023-12-05 10:04:38,852 [26f359c8-b8a0-48ca-adf0-1f6b26ee8905-impl-thread1] INFO  util.JmxRegister (JmxRegister.java:unregister(73)) - Successfully un-registered JMX Bean with object name Ratis:service=RaftServer,group=group-622A069B1811,id=26f359c8-b8a0-48ca-adf0-1f6b26ee8905
2023-12-05 10:04:38,856 [26f359c8-b8a0-48ca-adf0-1f6b26ee8905-impl-thread1] INFO  impl.RoleInfo (RoleInfo.java:shutdownLeaderState(94)) - 26f359c8-b8a0-48ca-adf0-1f6b26ee8905: shutdown 26f359c8-b8a0-48ca-adf0-1f6b26ee8905@group-622A069B1811-LeaderStateImpl
2023-12-05 10:04:38,856 [26f359c8-b8a0-48ca-adf0-1f6b26ee8905@group-622A069B1811->79948e16-d3d5-4c46-9c92-4c306a81da2e-GrpcLogAppender-LogAppenderDaemon] WARN  server.GrpcLogAppender (GrpcLogAppender.java:mayWait(212)) - 26f359c8-b8a0-48ca-adf0-1f6b26ee8905@group-622A069B1811->79948e16-d3d5-4c46-9c92-4c306a81da2e-GrpcLogAppender: Wait interrupted by java.lang.InterruptedException
2023-12-05 10:04:38,858 [grpc-default-executor-1] WARN  server.GrpcServerProtocolService (LogUtils.java:warn(121)) - 79948e16-d3d5-4c46-9c92-4c306a81da2e: APPEND_ENTRIES onError, lastRequest: 26f359c8-b8a0-48ca-adf0-1f6b26ee8905->79948e16-d3d5-4c46-9c92-4c306a81da2e#1-t1,previous=(t:0, i:0),leaderCommit=-1,initializing? true,entries: size=1, first=(t:1, i:0), CONFIGURATIONENTRY(current:id: "26f359c8-b8a0-48ca-adf0-1f6b26ee8905"
address: "10.1.0.7:15014"
priority: 1
dataStreamAddress: "10.1.0.7:15015"
clientAddress: "10.1.0.7:15012"
adminAddress: "10.1.0.7:15013"
startupRole: FOLLOWER
,id: "79948e16-d3d5-4c46-9c92-4c306a81da2e"
address: "10.1.0.7:15023"
dataStreamAddress: "10.1.0.7:15024"
clientAddress: "10.1.0.7:15021"
adminAddress: "10.1.0.7:15022"
startupRole: FOLLOWER
,id: "de52aeb3-4e14-4dff-8d3c-f60b759b368a"
address: "10.1.0.7:15032"
dataStreamAddress: "10.1.0.7:15033"
clientAddress: "10.1.0.7:15030"
adminAddress: "10.1.0.7:15031"
startupRole: FOLLOWER
, old:): org.apache.ratis.thirdparty.io.grpc.StatusRuntimeException: CANCELLED: client cancelled
2023-12-05 10:04:38,859 [de52aeb3-4e14-4dff-8d3c-f60b759b368a-impl-thread1] INFO  impl.StateMachineUpdater (StateMachineUpdater.java:stopAndJoin(157)) - de52aeb3-4e14-4dff-8d3c-f60b759b368a@group-622A069B1811-StateMachineUpdater: set stopIndex = -1
2023-12-05 10:04:38,859 [de52aeb3-4e14-4dff-8d3c-f60b759b368a@group-622A069B1811-FollowerState] INFO  impl.FollowerState (FollowerState.java:run(152)) - de52aeb3-4e14-4dff-8d3c-f60b759b368a@group-622A069B1811-FollowerState was interrupted
2023-12-05 10:04:38,868 [de52aeb3-4e14-4dff-8d3c-f60b759b368a-impl-thread1] INFO  server.RaftServer$Division (ServerState.java:close(423)) - de52aeb3-4e14-4dff-8d3c-f60b759b368a@group-622A069B1811: applyIndex: -1
2023-12-05 10:04:38,868 [de52aeb3-4e14-4dff-8d3c-f60b759b368a-impl-thread2] INFO  server.RaftServer$Division (RaftServerImpl.java:lambda$close$3(516)) - de52aeb3-4e14-4dff-8d3c-f60b759b368a@group-BFDEF1181E5A: shutdown
2023-12-05 10:04:38,862 [grpc-default-executor-4] INFO  server.GrpcLogAppender (GrpcLogAppender.java:onError(457)) - 26f359c8-b8a0-48ca-adf0-1f6b26ee8905@group-622A069B1811->79948e16-d3d5-4c46-9c92-4c306a81da2e-GrpcLogAppender is already stopped
2023-12-05 10:04:38,869 [de52aeb3-4e14-4dff-8d3c-f60b759b368a-impl-thread2] INFO  util.JmxRegister (JmxRegister.java:unregister(73)) - Successfully un-registered JMX Bean with object name Ratis:service=RaftServer,group=group-BFDEF1181E5A,id=de52aeb3-4e14-4dff-8d3c-f60b759b368a
2023-12-05 10:04:38,862 [grpc-default-executor-3] WARN  server.GrpcServerProtocolService (LogUtils.java:warn(121)) - 79948e16-d3d5-4c46-9c92-4c306a81da2e: APPEND_ENTRIES onError, lastRequest: null: org.apache.ratis.thirdparty.io.grpc.StatusRuntimeException: CANCELLED: client cancelled
2023-12-05 10:04:38,857 [26f359c8-b8a0-48ca-adf0-1f6b26ee8905@group-622A069B1811->de52aeb3-4e14-4dff-8d3c-f60b759b368a-GrpcLogAppender-LogAppenderDaemon] WARN  server.GrpcLogAppender (GrpcLogAppender.java:mayWait(212)) - 26f359c8-b8a0-48ca-adf0-1f6b26ee8905@group-622A069B1811->de52aeb3-4e14-4dff-8d3c-f60b759b368a-GrpcLogAppender: Wait interrupted by java.lang.InterruptedException
2023-12-05 10:04:38,869 [grpc-default-executor-2] INFO  server.GrpcLogAppender (GrpcLogAppender.java:onError(457)) - 26f359c8-b8a0-48ca-adf0-1f6b26ee8905@group-622A069B1811->79948e16-d3d5-4c46-9c92-4c306a81da2e-GrpcLogAppender is already stopped
2023-12-05 10:04:38,870 [grpc-default-executor-3] INFO  server.GrpcServerProtocolService (GrpcServerProtocolService.java:onCompleted(157)) - de52aeb3-4e14-4dff-8d3c-f60b759b368a: Completed APPEND_ENTRIES, lastRequest: null
2023-12-05 10:04:38,870 [grpc-default-executor-2] INFO  server.GrpcServerProtocolService (GrpcServerProtocolService.java:onCompleted(157)) - de52aeb3-4e14-4dff-8d3c-f60b759b368a: Completed APPEND_ENTRIES, lastRequest: 26f359c8-b8a0-48ca-adf0-1f6b26ee8905->de52aeb3-4e14-4dff-8d3c-f60b759b368a#1-t1,previous=(t:0, i:0),leaderCommit=-1,initializing? true,entries: size=1, first=(t:1, i:0), CONFIGURATIONENTRY(current:id: "26f359c8-b8a0-48ca-adf0-1f6b26ee8905"
address: "10.1.0.7:15014"
priority: 1
dataStreamAddress: "10.1.0.7:15015"
clientAddress: "10.1.0.7:15012"
adminAddress: "10.1.0.7:15013"
startupRole: FOLLOWER
,id: "79948e16-d3d5-4c46-9c92-4c306a81da2e"
address: "10.1.0.7:15023"
dataStreamAddress: "10.1.0.7:15024"
clientAddress: "10.1.0.7:15021"
adminAddress: "10.1.0.7:15022"
startupRole: FOLLOWER
,id: "de52aeb3-4e14-4dff-8d3c-f60b759b368a"
address: "10.1.0.7:15032"
dataStreamAddress: "10.1.0.7:15033"
clientAddress: "10.1.0.7:15030"
adminAddress: "10.1.0.7:15031"
startupRole: FOLLOWER
, old:)
2023-12-05 10:04:38,870 [grpc-default-executor-2] INFO  server.GrpcServerProtocolService (GrpcServerProtocolService.java:lambda$onCompleted$5(159)) - de52aeb3-4e14-4dff-8d3c-f60b759b368a: Completed APPEND_ENTRIES, lastReply: null
2023-12-05 10:04:38,871 [grpc-default-executor-4] INFO  server.GrpcLogAppender (GrpcLogAppender.java:onCompleted(469)) - 26f359c8-b8a0-48ca-adf0-1f6b26ee8905@group-622A069B1811->de52aeb3-4e14-4dff-8d3c-f60b759b368a-AppendLogResponseHandler: follower responses appendEntries COMPLETED
2023-12-05 10:04:38,856 [26f359c8-b8a0-48ca-adf0-1f6b26ee8905-impl-thread1] INFO  impl.PendingRequests (PendingRequests.java:sendNotLeaderResponses(289)) - 26f359c8-b8a0-48ca-adf0-1f6b26ee8905@group-622A069B1811-PendingRequests: sendNotLeaderResponses
2023-12-05 10:04:38,872 [grpc-default-executor-4] WARN  server.GrpcLogAppender (GrpcLogAppender.java:resetClient(149)) - 26f359c8-b8a0-48ca-adf0-1f6b26ee8905@group-622A069B1811->de52aeb3-4e14-4dff-8d3c-f60b759b368a-GrpcLogAppender: Failed to getClient for de52aeb3-4e14-4dff-8d3c-f60b759b368a
org.apache.ratis.protocol.exceptions.AlreadyClosedException: 26f359c8-b8a0-48ca-adf0-1f6b26ee8905 is already CLOSED
	at org.apache.ratis.util.PeerProxyMap$PeerAndProxy.getProxy(PeerProxyMap.java:61)
	at org.apache.ratis.util.PeerProxyMap.getProxy(PeerProxyMap.java:110)
	at org.apache.ratis.grpc.server.GrpcLogAppender.getClient(GrpcLogAppender.java:121)
	at org.apache.ratis.grpc.server.GrpcLogAppender.resetClient(GrpcLogAppender.java:126)
	at org.apache.ratis.grpc.server.GrpcLogAppender.access$800(GrpcLogAppender.java:61)
	at org.apache.ratis.grpc.server.GrpcLogAppender$AppendLogResponseHandler.onCompleted(GrpcLogAppender.java:471)
	at org.apache.ratis.thirdparty.io.grpc.stub.ClientCalls$StreamObserverToCallListenerAdapter.onClose(ClientCalls.java:479)
	at org.apache.ratis.thirdparty.io.grpc.internal.ClientCallImpl.closeObserver(ClientCallImpl.java:567)
	at org.apache.ratis.thirdparty.io.grpc.internal.ClientCallImpl.access$300(ClientCallImpl.java:71)
	at org.apache.ratis.thirdparty.io.grpc.internal.ClientCallImpl$ClientStreamListenerImpl$1StreamClosed.runInternal(ClientCallImpl.java:735)
	at org.apache.ratis.thirdparty.io.grpc.internal.ClientCallImpl$ClientStreamListenerImpl$1StreamClosed.runInContext(ClientCallImpl.java:716)
	at org.apache.ratis.thirdparty.io.grpc.internal.ContextRunnable.run(ContextRunnable.java:37)
	at org.apache.ratis.thirdparty.io.grpc.internal.SerializingExecutor.run(SerializingExecutor.java:133)
	at java.util.concurrent.ThreadPoolExecutor.runWorker(ThreadPoolExecutor.java:1149)
	at java.util.concurrent.ThreadPoolExecutor$Worker.run(ThreadPoolExecutor.java:624)
	at java.lang.Thread.run(Thread.java:750)
2023-12-05 10:04:38,874 [26f359c8-b8a0-48ca-adf0-1f6b26ee8905-impl-thread1] INFO  impl.StateMachineUpdater (StateMachineUpdater.java:stopAndJoin(157)) - 26f359c8-b8a0-48ca-adf0-1f6b26ee8905@group-622A069B1811-StateMachineUpdater: set stopIndex = 0
2023-12-05 10:04:38,856 [79948e16-d3d5-4c46-9c92-4c306a81da2e-impl-thread2] INFO  impl.PendingRequests (PendingRequests.java:sendNotLeaderResponses(289)) - 79948e16-d3d5-4c46-9c92-4c306a81da2e@group-6156653DD986-PendingRequests: sendNotLeaderResponses
2023-12-05 10:04:38,874 [26f359c8-b8a0-48ca-adf0-1f6b26ee8905@group-622A069B1811-StateMachineUpdater] INFO  ratis.ContainerStateMachine (ContainerStateMachine.java:takeSnapshot(337)) - group-622A069B1811: Taking a snapshot at:(t:1, i:0) file /home/runner/work/ozone/ozone/hadoop-ozone/integration-test/target/test-dir/MiniOzoneClusterImpl-95f495f0-a26d-4c31-bdf8-5147ef8c128c/datanode-0/data/ratis/6e7476a4-be4e-4763-823f-622a069b1811/sm/snapshot.1_0
2023-12-05 10:04:38,875 [79948e16-d3d5-4c46-9c92-4c306a81da2e-impl-thread2] INFO  impl.StateMachineUpdater (StateMachineUpdater.java:stopAndJoin(157)) - 79948e16-d3d5-4c46-9c92-4c306a81da2e@group-6156653DD986-StateMachineUpdater: set stopIndex = 0
2023-12-05 10:04:38,875 [79948e16-d3d5-4c46-9c92-4c306a81da2e@group-6156653DD986-StateMachineUpdater] INFO  ratis.ContainerStateMachine (ContainerStateMachine.java:takeSnapshot(337)) - group-6156653DD986: Taking a snapshot at:(t:1, i:0) file /home/runner/work/ozone/ozone/hadoop-ozone/integration-test/target/test-dir/MiniOzoneClusterImpl-95f495f0-a26d-4c31-bdf8-5147ef8c128c/datanode-1/data/ratis/d9298a56-766b-4265-89fb-6156653dd986/sm/snapshot.1_0
2023-12-05 10:04:38,868 [Thread-334] INFO  server.GrpcServerProtocolClient (GrpcServerProtocolClient.java:close(103)) - de52aeb3-4e14-4dff-8d3c-f60b759b368a Close channels
2023-12-05 10:04:38,868 [Thread-333] INFO  server.GrpcServerProtocolClient (GrpcServerProtocolClient.java:close(103)) - 79948e16-d3d5-4c46-9c92-4c306a81da2e Close channels
2023-12-05 10:04:38,868 [main] INFO  server.GrpcService (GrpcService.java:closeImpl(320)) - 79948e16-d3d5-4c46-9c92-4c306a81da2e: shutdown server GrpcServerProtocolService successfully
2023-12-05 10:04:38,877 [main] INFO  server.GrpcService (GrpcService.java:closeImpl(311)) - 79948e16-d3d5-4c46-9c92-4c306a81da2e: shutdown server org.apache.ratis.grpc.server.GrpcAdminProtocolService now
2023-12-05 10:04:38,851 [26f359c8-b8a0-48ca-adf0-1f6b26ee8905-impl-thread2] INFO  impl.PendingRequests (PendingRequests.java:sendNotLeaderResponses(289)) - 26f359c8-b8a0-48ca-adf0-1f6b26ee8905@group-A7A17920EDDF-PendingRequests: sendNotLeaderResponses
2023-12-05 10:04:38,878 [26f359c8-b8a0-48ca-adf0-1f6b26ee8905-impl-thread2] INFO  impl.StateMachineUpdater (StateMachineUpdater.java:stopAndJoin(157)) - 26f359c8-b8a0-48ca-adf0-1f6b26ee8905@group-A7A17920EDDF-StateMachineUpdater: set stopIndex = 0
2023-12-05 10:04:38,864 [ForkJoinPool.commonPool-worker-1] INFO  server.GrpcService (GrpcService.java:closeImpl(311)) - de52aeb3-4e14-4dff-8d3c-f60b759b368a: shutdown server org.apache.ratis.grpc.server.GrpcClientProtocolService now
2023-12-05 10:04:38,878 [26f359c8-b8a0-48ca-adf0-1f6b26ee8905@group-A7A17920EDDF-StateMachineUpdater] INFO  ratis.ContainerStateMachine (ContainerStateMachine.java:takeSnapshot(337)) - group-A7A17920EDDF: Taking a snapshot at:(t:1, i:0) file /home/runner/work/ozone/ozone/hadoop-ozone/integration-test/target/test-dir/MiniOzoneClusterImpl-95f495f0-a26d-4c31-bdf8-5147ef8c128c/datanode-0/data/ratis/dfadcb95-284f-497e-955b-a7a17920eddf/sm/snapshot.1_0
2023-12-05 10:04:38,874 [grpc-default-executor-3] INFO  server.GrpcServerProtocolService (GrpcServerProtocolService.java:lambda$onCompleted$5(159)) - de52aeb3-4e14-4dff-8d3c-f60b759b368a: Completed APPEND_ENTRIES, lastReply: serverReply {
  requestorId: "26f359c8-b8a0-48ca-adf0-1f6b26ee8905"
  replyId: "de52aeb3-4e14-4dff-8d3c-f60b759b368a"
  raftGroupId {
    id: "ntv\244\276NGc\202?b*\006\233\030\021"
  }
  success: true
}
term: 1
followerCommit: 18446744073709551615
matchIndex: 18446744073709551615
isHearbeat: true

2023-12-05 10:04:38,869 [de52aeb3-4e14-4dff-8d3c-f60b759b368a-impl-thread2] INFO  impl.RoleInfo (RoleInfo.java:shutdownLeaderState(94)) - de52aeb3-4e14-4dff-8d3c-f60b759b368a: shutdown de52aeb3-4e14-4dff-8d3c-f60b759b368a@group-BFDEF1181E5A-LeaderStateImpl
2023-12-05 10:04:38,869 [de52aeb3-4e14-4dff-8d3c-f60b759b368a@group-622A069B1811-cacheEviction-AwaitToRun] INFO  util.AwaitToRun (AwaitToRun.java:run(49)) - de52aeb3-4e14-4dff-8d3c-f60b759b368a@group-622A069B1811-cacheEviction-AwaitToRun-AwaitForSignal is interrupted
2023-12-05 10:04:38,882 [grpc-default-executor-4] INFO  server.GrpcLogAppender (GrpcLogAppender.java:onCompleted(469)) - 26f359c8-b8a0-48ca-adf0-1f6b26ee8905@group-622A069B1811->de52aeb3-4e14-4dff-8d3c-f60b759b368a-AppendLogResponseHandler: follower responses appendEntries COMPLETED
2023-12-05 10:04:38,883 [grpc-default-executor-4] WARN  server.GrpcLogAppender (GrpcLogAppender.java:resetClient(149)) - 26f359c8-b8a0-48ca-adf0-1f6b26ee8905@group-622A069B1811->de52aeb3-4e14-4dff-8d3c-f60b759b368a-GrpcLogAppender: Failed to getClient for de52aeb3-4e14-4dff-8d3c-f60b759b368a
org.apache.ratis.protocol.exceptions.AlreadyClosedException: 26f359c8-b8a0-48ca-adf0-1f6b26ee8905 is already CLOSED
	at org.apache.ratis.util.PeerProxyMap$PeerAndProxy.getProxy(PeerProxyMap.java:61)
	at org.apache.ratis.util.PeerProxyMap.getProxy(PeerProxyMap.java:110)
	at org.apache.ratis.grpc.server.GrpcLogAppender.getClient(GrpcLogAppender.java:121)
	at org.apache.ratis.grpc.server.GrpcLogAppender.resetClient(GrpcLogAppender.java:126)
	at org.apache.ratis.grpc.server.GrpcLogAppender.access$800(GrpcLogAppender.java:61)
	at org.apache.ratis.grpc.server.GrpcLogAppender$AppendLogResponseHandler.onCompleted(GrpcLogAppender.java:471)
	at org.apache.ratis.thirdparty.io.grpc.stub.ClientCalls$StreamObserverToCallListenerAdapter.onClose(ClientCalls.java:479)
	at org.apache.ratis.thirdparty.io.grpc.internal.DelayedClientCall$DelayedListener$3.run(DelayedClientCall.java:489)
	at org.apache.ratis.thirdparty.io.grpc.internal.DelayedClientCall$DelayedListener.delayOrExecute(DelayedClientCall.java:453)
	at org.apache.ratis.thirdparty.io.grpc.internal.DelayedClientCall$DelayedListener.onClose(DelayedClientCall.java:486)
	at org.apache.ratis.thirdparty.io.grpc.internal.ClientCallImpl.closeObserver(ClientCallImpl.java:567)
	at org.apache.ratis.thirdparty.io.grpc.internal.ClientCallImpl.access$300(ClientCallImpl.java:71)
	at org.apache.ratis.thirdparty.io.grpc.internal.ClientCallImpl$ClientStreamListenerImpl$1StreamClosed.runInternal(ClientCallImpl.java:735)
	at org.apache.ratis.thirdparty.io.grpc.internal.ClientCallImpl$ClientStreamListenerImpl$1StreamClosed.runInContext(ClientCallImpl.java:716)
	at org.apache.ratis.thirdparty.io.grpc.internal.ContextRunnable.run(ContextRunnable.java:37)
	at org.apache.ratis.thirdparty.io.grpc.internal.SerializingExecutor.run(SerializingExecutor.java:133)
	at java.util.concurrent.ThreadPoolExecutor.runWorker(ThreadPoolExecutor.java:1149)
	at java.util.concurrent.ThreadPoolExecutor$Worker.run(ThreadPoolExecutor.java:624)
	at java.lang.Thread.run(Thread.java:750)
2023-12-05 10:04:38,881 [de52aeb3-4e14-4dff-8d3c-f60b759b368a-impl-thread2] INFO  impl.PendingRequests (PendingRequests.java:sendNotLeaderResponses(289)) - de52aeb3-4e14-4dff-8d3c-f60b759b368a@group-BFDEF1181E5A-PendingRequests: sendNotLeaderResponses
2023-12-05 10:04:38,884 [de52aeb3-4e14-4dff-8d3c-f60b759b368a-impl-thread2] INFO  impl.StateMachineUpdater (StateMachineUpdater.java:stopAndJoin(157)) - de52aeb3-4e14-4dff-8d3c-f60b759b368a@group-BFDEF1181E5A-StateMachineUpdater: set stopIndex = 0
2023-12-05 10:04:38,884 [de52aeb3-4e14-4dff-8d3c-f60b759b368a@group-BFDEF1181E5A-StateMachineUpdater] INFO  ratis.ContainerStateMachine (ContainerStateMachine.java:takeSnapshot(337)) - group-BFDEF1181E5A: Taking a snapshot at:(t:1, i:0) file /home/runner/work/ozone/ozone/hadoop-ozone/integration-test/target/test-dir/MiniOzoneClusterImpl-95f495f0-a26d-4c31-bdf8-5147ef8c128c/datanode-2/data/ratis/26c3fdac-f972-41be-a281-bfdef1181e5a/sm/snapshot.1_0
2023-12-05 10:04:38,901 [ForkJoinPool.commonPool-worker-1] INFO  server.GrpcService (GrpcService.java:closeImpl(320)) - de52aeb3-4e14-4dff-8d3c-f60b759b368a: shutdown server org.apache.ratis.grpc.server.GrpcClientProtocolService successfully
2023-12-05 10:04:38,901 [ForkJoinPool.commonPool-worker-3] INFO  server.GrpcService (GrpcService.java:closeImpl(320)) - 26f359c8-b8a0-48ca-adf0-1f6b26ee8905: shutdown server org.apache.ratis.grpc.server.GrpcClientProtocolService successfully
2023-12-05 10:04:38,902 [ForkJoinPool.commonPool-worker-3] INFO  server.GrpcService (GrpcService.java:closeImpl(311)) - 26f359c8-b8a0-48ca-adf0-1f6b26ee8905: shutdown server GrpcServerProtocolService now
2023-12-05 10:04:38,902 [ForkJoinPool.commonPool-worker-1] INFO  server.GrpcService (GrpcService.java:closeImpl(311)) - de52aeb3-4e14-4dff-8d3c-f60b759b368a: shutdown server GrpcServerProtocolService now
2023-12-05 10:04:38,904 [main] INFO  server.GrpcService (GrpcService.java:closeImpl(320)) - 79948e16-d3d5-4c46-9c92-4c306a81da2e: shutdown server org.apache.ratis.grpc.server.GrpcAdminProtocolService successfully
2023-12-05 10:04:38,905 [79948e16-d3d5-4c46-9c92-4c306a81da2e-NettyServerStreamRpc-bossGroup--thread1] INFO  logging.LoggingHandler (AbstractInternalLogger.java:log(148)) - [id: 0x1b25adae, L:/0.0.0.0:15024] CLOSE
2023-12-05 10:04:38,905 [79948e16-d3d5-4c46-9c92-4c306a81da2e-NettyServerStreamRpc-bossGroup--thread1] INFO  logging.LoggingHandler (AbstractInternalLogger.java:log(148)) - [id: 0x1b25adae, L:/0.0.0.0:15024] INACTIVE
2023-12-05 10:04:38,905 [79948e16-d3d5-4c46-9c92-4c306a81da2e-NettyServerStreamRpc-bossGroup--thread1] INFO  logging.LoggingHandler (AbstractInternalLogger.java:log(148)) - [id: 0x1b25adae, L:/0.0.0.0:15024] UNREGISTERED
2023-12-05 10:04:38,909 [ForkJoinPool.commonPool-worker-3] INFO  server.GrpcService (GrpcService.java:closeImpl(320)) - 26f359c8-b8a0-48ca-adf0-1f6b26ee8905: shutdown server GrpcServerProtocolService successfully
2023-12-05 10:04:38,909 [ForkJoinPool.commonPool-worker-3] INFO  server.GrpcService (GrpcService.java:closeImpl(311)) - 26f359c8-b8a0-48ca-adf0-1f6b26ee8905: shutdown server org.apache.ratis.grpc.server.GrpcAdminProtocolService now
2023-12-05 10:04:38,917 [ForkJoinPool.commonPool-worker-1] INFO  server.GrpcService (GrpcService.java:closeImpl(320)) - de52aeb3-4e14-4dff-8d3c-f60b759b368a: shutdown server GrpcServerProtocolService successfully
2023-12-05 10:04:38,917 [ForkJoinPool.commonPool-worker-1] INFO  server.GrpcService (GrpcService.java:closeImpl(311)) - de52aeb3-4e14-4dff-8d3c-f60b759b368a: shutdown server org.apache.ratis.grpc.server.GrpcAdminProtocolService now
2023-12-05 10:04:38,925 [de52aeb3-4e14-4dff-8d3c-f60b759b368a@group-BFDEF1181E5A-StateMachineUpdater] INFO  ratis.ContainerStateMachine (ContainerStateMachine.java:takeSnapshot(348)) - group-BFDEF1181E5A: Finished taking a snapshot at:(t:1, i:0) file:/home/runner/work/ozone/ozone/hadoop-ozone/integration-test/target/test-dir/MiniOzoneClusterImpl-95f495f0-a26d-4c31-bdf8-5147ef8c128c/datanode-2/data/ratis/26c3fdac-f972-41be-a281-bfdef1181e5a/sm/snapshot.1_0 took: 41 ms
2023-12-05 10:04:38,925 [26f359c8-b8a0-48ca-adf0-1f6b26ee8905@group-622A069B1811-StateMachineUpdater] INFO  ratis.ContainerStateMachine (ContainerStateMachine.java:takeSnapshot(348)) - group-622A069B1811: Finished taking a snapshot at:(t:1, i:0) file:/home/runner/work/ozone/ozone/hadoop-ozone/integration-test/target/test-dir/MiniOzoneClusterImpl-95f495f0-a26d-4c31-bdf8-5147ef8c128c/datanode-0/data/ratis/6e7476a4-be4e-4763-823f-622a069b1811/sm/snapshot.1_0 took: 51 ms
2023-12-05 10:04:38,925 [26f359c8-b8a0-48ca-adf0-1f6b26ee8905@group-A7A17920EDDF-StateMachineUpdater] INFO  ratis.ContainerStateMachine (ContainerStateMachine.java:takeSnapshot(348)) - group-A7A17920EDDF: Finished taking a snapshot at:(t:1, i:0) file:/home/runner/work/ozone/ozone/hadoop-ozone/integration-test/target/test-dir/MiniOzoneClusterImpl-95f495f0-a26d-4c31-bdf8-5147ef8c128c/datanode-0/data/ratis/dfadcb95-284f-497e-955b-a7a17920eddf/sm/snapshot.1_0 took: 47 ms
2023-12-05 10:04:38,926 [79948e16-d3d5-4c46-9c92-4c306a81da2e@group-6156653DD986-StateMachineUpdater] INFO  ratis.ContainerStateMachine (ContainerStateMachine.java:takeSnapshot(348)) - group-6156653DD986: Finished taking a snapshot at:(t:1, i:0) file:/home/runner/work/ozone/ozone/hadoop-ozone/integration-test/target/test-dir/MiniOzoneClusterImpl-95f495f0-a26d-4c31-bdf8-5147ef8c128c/datanode-1/data/ratis/d9298a56-766b-4265-89fb-6156653dd986/sm/snapshot.1_0 took: 51 ms
2023-12-05 10:04:38,926 [de52aeb3-4e14-4dff-8d3c-f60b759b368a@group-BFDEF1181E5A-StateMachineUpdater] INFO  impl.StateMachineUpdater (StateMachineUpdater.java:takeSnapshot(295)) - de52aeb3-4e14-4dff-8d3c-f60b759b368a@group-BFDEF1181E5A-StateMachineUpdater: Took a snapshot at index 0
2023-12-05 10:04:38,926 [de52aeb3-4e14-4dff-8d3c-f60b759b368a@group-BFDEF1181E5A-StateMachineUpdater] INFO  impl.StateMachineUpdater (StateMachineUpdater.java:lambda$new$0(98)) - de52aeb3-4e14-4dff-8d3c-f60b759b368a@group-BFDEF1181E5A-StateMachineUpdater: snapshotIndex: updateIncreasingly -1 -> 0
2023-12-05 10:04:38,926 [79948e16-d3d5-4c46-9c92-4c306a81da2e@group-6156653DD986-StateMachineUpdater] INFO  impl.StateMachineUpdater (StateMachineUpdater.java:takeSnapshot(295)) - 79948e16-d3d5-4c46-9c92-4c306a81da2e@group-6156653DD986-StateMachineUpdater: Took a snapshot at index 0
2023-12-05 10:04:38,926 [79948e16-d3d5-4c46-9c92-4c306a81da2e@group-6156653DD986-StateMachineUpdater] INFO  impl.StateMachineUpdater (StateMachineUpdater.java:lambda$new$0(98)) - 79948e16-d3d5-4c46-9c92-4c306a81da2e@group-6156653DD986-StateMachineUpdater: snapshotIndex: updateIncreasingly -1 -> 0
2023-12-05 10:04:38,928 [26f359c8-b8a0-48ca-adf0-1f6b26ee8905@group-A7A17920EDDF-StateMachineUpdater] INFO  impl.StateMachineUpdater (StateMachineUpdater.java:takeSnapshot(295)) - 26f359c8-b8a0-48ca-adf0-1f6b26ee8905@group-A7A17920EDDF-StateMachineUpdater: Took a snapshot at index 0
2023-12-05 10:04:38,928 [26f359c8-b8a0-48ca-adf0-1f6b26ee8905@group-A7A17920EDDF-StateMachineUpdater] INFO  impl.StateMachineUpdater (StateMachineUpdater.java:lambda$new$0(98)) - 26f359c8-b8a0-48ca-adf0-1f6b26ee8905@group-A7A17920EDDF-StateMachineUpdater: snapshotIndex: updateIncreasingly -1 -> 0
2023-12-05 10:04:38,928 [de52aeb3-4e14-4dff-8d3c-f60b759b368a-impl-thread2] INFO  server.RaftServer$Division (ServerState.java:close(423)) - de52aeb3-4e14-4dff-8d3c-f60b759b368a@group-BFDEF1181E5A: applyIndex: 0
2023-12-05 10:04:38,928 [26f359c8-b8a0-48ca-adf0-1f6b26ee8905-impl-thread2] INFO  server.RaftServer$Division (ServerState.java:close(423)) - 26f359c8-b8a0-48ca-adf0-1f6b26ee8905@group-A7A17920EDDF: applyIndex: 0
2023-12-05 10:04:38,928 [26f359c8-b8a0-48ca-adf0-1f6b26ee8905@group-622A069B1811-StateMachineUpdater] INFO  impl.StateMachineUpdater (StateMachineUpdater.java:takeSnapshot(295)) - 26f359c8-b8a0-48ca-adf0-1f6b26ee8905@group-622A069B1811-StateMachineUpdater: Took a snapshot at index 0
2023-12-05 10:04:38,928 [26f359c8-b8a0-48ca-adf0-1f6b26ee8905@group-622A069B1811-StateMachineUpdater] INFO  impl.StateMachineUpdater (StateMachineUpdater.java:lambda$new$0(98)) - 26f359c8-b8a0-48ca-adf0-1f6b26ee8905@group-622A069B1811-StateMachineUpdater: snapshotIndex: updateIncreasingly -1 -> 0
2023-12-05 10:04:38,928 [26f359c8-b8a0-48ca-adf0-1f6b26ee8905-impl-thread1] INFO  server.RaftServer$Division (ServerState.java:close(423)) - 26f359c8-b8a0-48ca-adf0-1f6b26ee8905@group-622A069B1811: applyIndex: 0
2023-12-05 10:04:38,928 [79948e16-d3d5-4c46-9c92-4c306a81da2e-impl-thread2] INFO  server.RaftServer$Division (ServerState.java:close(423)) - 79948e16-d3d5-4c46-9c92-4c306a81da2e@group-6156653DD986: applyIndex: 0
2023-12-05 10:04:38,936 [79948e16-d3d5-4c46-9c92-4c306a81da2e@group-6156653DD986-cacheEviction-AwaitToRun] INFO  util.AwaitToRun (AwaitToRun.java:run(49)) - 79948e16-d3d5-4c46-9c92-4c306a81da2e@group-6156653DD986-cacheEviction-AwaitToRun-AwaitForSignal is interrupted
2023-12-05 10:04:38,936 [26f359c8-b8a0-48ca-adf0-1f6b26ee8905@group-622A069B1811-cacheEviction-AwaitToRun] INFO  util.AwaitToRun (AwaitToRun.java:run(49)) - 26f359c8-b8a0-48ca-adf0-1f6b26ee8905@group-622A069B1811-cacheEviction-AwaitToRun-AwaitForSignal is interrupted
2023-12-05 10:04:38,940 [26f359c8-b8a0-48ca-adf0-1f6b26ee8905@group-A7A17920EDDF-cacheEviction-AwaitToRun] INFO  util.AwaitToRun (AwaitToRun.java:run(49)) - 26f359c8-b8a0-48ca-adf0-1f6b26ee8905@group-A7A17920EDDF-cacheEviction-AwaitToRun-AwaitForSignal is interrupted
2023-12-05 10:04:38,942 [ForkJoinPool.commonPool-worker-3] INFO  server.GrpcService (GrpcService.java:closeImpl(320)) - 26f359c8-b8a0-48ca-adf0-1f6b26ee8905: shutdown server org.apache.ratis.grpc.server.GrpcAdminProtocolService successfully
2023-12-05 10:04:38,940 [de52aeb3-4e14-4dff-8d3c-f60b759b368a@group-BFDEF1181E5A-cacheEviction-AwaitToRun] INFO  util.AwaitToRun (AwaitToRun.java:run(49)) - de52aeb3-4e14-4dff-8d3c-f60b759b368a@group-BFDEF1181E5A-cacheEviction-AwaitToRun-AwaitForSignal is interrupted
2023-12-05 10:04:38,943 [26f359c8-b8a0-48ca-adf0-1f6b26ee8905-NettyServerStreamRpc-bossGroup--thread1] INFO  logging.LoggingHandler (AbstractInternalLogger.java:log(148)) - [id: 0x2a8ba33f, L:/0.0.0.0:15015] CLOSE
2023-12-05 10:04:38,944 [ForkJoinPool.commonPool-worker-1] INFO  server.GrpcService (GrpcService.java:closeImpl(320)) - de52aeb3-4e14-4dff-8d3c-f60b759b368a: shutdown server org.apache.ratis.grpc.server.GrpcAdminProtocolService successfully
2023-12-05 10:04:38,944 [de52aeb3-4e14-4dff-8d3c-f60b759b368a-NettyServerStreamRpc-bossGroup--thread1] INFO  logging.LoggingHandler (AbstractInternalLogger.java:log(148)) - [id: 0x0babdcdb, L:/0.0.0.0:15033] CLOSE
2023-12-05 10:04:38,944 [de52aeb3-4e14-4dff-8d3c-f60b759b368a-NettyServerStreamRpc-bossGroup--thread1] INFO  logging.LoggingHandler (AbstractInternalLogger.java:log(148)) - [id: 0x0babdcdb, L:/0.0.0.0:15033] INACTIVE
2023-12-05 10:04:38,944 [de52aeb3-4e14-4dff-8d3c-f60b759b368a-NettyServerStreamRpc-bossGroup--thread1] INFO  logging.LoggingHandler (AbstractInternalLogger.java:log(148)) - [id: 0x0babdcdb, L:/0.0.0.0:15033] UNREGISTERED
2023-12-05 10:04:38,944 [26f359c8-b8a0-48ca-adf0-1f6b26ee8905-NettyServerStreamRpc-bossGroup--thread1] INFO  logging.LoggingHandler (AbstractInternalLogger.java:log(148)) - [id: 0x2a8ba33f, L:/0.0.0.0:15015] INACTIVE
2023-12-05 10:04:38,944 [26f359c8-b8a0-48ca-adf0-1f6b26ee8905-NettyServerStreamRpc-bossGroup--thread1] INFO  logging.LoggingHandler (AbstractInternalLogger.java:log(148)) - [id: 0x2a8ba33f, L:/0.0.0.0:15015] UNREGISTERED
2023-12-05 10:04:39,293 [26f359c8-b8a0-48ca-adf0-1f6b26ee8905-impl-thread2] INFO  segmented.SegmentedRaftLogWorker (SegmentedRaftLogWorker.java:close(243)) - 26f359c8-b8a0-48ca-adf0-1f6b26ee8905@group-A7A17920EDDF-SegmentedRaftLogWorker close()
2023-12-05 10:04:39,392 [26f359c8-b8a0-48ca-adf0-1f6b26ee8905-impl-thread1] INFO  segmented.SegmentedRaftLogWorker (SegmentedRaftLogWorker.java:close(243)) - 26f359c8-b8a0-48ca-adf0-1f6b26ee8905@group-622A069B1811-SegmentedRaftLogWorker close()
2023-12-05 10:04:39,393 [JvmPauseMonitor2] INFO  util.JvmPauseMonitor (JvmPauseMonitor.java:run(152)) - JvmPauseMonitor-26f359c8-b8a0-48ca-adf0-1f6b26ee8905: Stopped
2023-12-05 10:04:39,442 [de52aeb3-4e14-4dff-8d3c-f60b759b368a-impl-thread1] INFO  segmented.SegmentedRaftLogWorker (SegmentedRaftLogWorker.java:close(243)) - de52aeb3-4e14-4dff-8d3c-f60b759b368a@group-622A069B1811-SegmentedRaftLogWorker close()
2023-12-05 10:04:39,442 [79948e16-d3d5-4c46-9c92-4c306a81da2e-impl-thread1] INFO  segmented.SegmentedRaftLogWorker (SegmentedRaftLogWorker.java:close(243)) - 79948e16-d3d5-4c46-9c92-4c306a81da2e@group-622A069B1811-SegmentedRaftLogWorker close()
2023-12-05 10:04:39,502 [79948e16-d3d5-4c46-9c92-4c306a81da2e-impl-thread2] INFO  segmented.SegmentedRaftLogWorker (SegmentedRaftLogWorker.java:close(243)) - 79948e16-d3d5-4c46-9c92-4c306a81da2e@group-6156653DD986-SegmentedRaftLogWorker close()
2023-12-05 10:04:39,504 [JvmPauseMonitor3] INFO  util.JvmPauseMonitor (JvmPauseMonitor.java:run(152)) - JvmPauseMonitor-79948e16-d3d5-4c46-9c92-4c306a81da2e: Stopped
2023-12-05 10:04:39,687 [de52aeb3-4e14-4dff-8d3c-f60b759b368a-impl-thread2] INFO  segmented.SegmentedRaftLogWorker (SegmentedRaftLogWorker.java:close(243)) - de52aeb3-4e14-4dff-8d3c-f60b759b368a@group-BFDEF1181E5A-SegmentedRaftLogWorker close()
2023-12-05 10:04:39,688 [JvmPauseMonitor4] INFO  util.JvmPauseMonitor (JvmPauseMonitor.java:run(152)) - JvmPauseMonitor-de52aeb3-4e14-4dff-8d3c-f60b759b368a: Stopped
2023-12-05 10:04:41,405 [ForkJoinPool.commonPool-worker-3] INFO  utils.DatanodeStoreCache (DatanodeStoreCache.java:shutdownCache(110)) - Skip clearing cache in mini cluster mode. Entries left: [/home/runner/work/ozone/ozone/hadoop-ozone/integration-test/target/test-dir/MiniOzoneClusterImpl-95f495f0-a26d-4c31-bdf8-5147ef8c128c/datanode-0/data-0/containers/hdds/95f495f0-a26d-4c31-bdf8-5147ef8c128c/DS-e2ff4269-2677-4f71-9fa2-22aa564a32c1/container.db, /home/runner/work/ozone/ozone/hadoop-ozone/integration-test/target/test-dir/MiniOzoneClusterImpl-95f495f0-a26d-4c31-bdf8-5147ef8c128c/datanode-1/data-0/containers/hdds/95f495f0-a26d-4c31-bdf8-5147ef8c128c/DS-2138496d-14d0-4d64-9e77-36327fd5f83b/container.db, /home/runner/work/ozone/ozone/hadoop-ozone/integration-test/target/test-dir/MiniOzoneClusterImpl-95f495f0-a26d-4c31-bdf8-5147ef8c128c/datanode-2/data-0/containers/hdds/95f495f0-a26d-4c31-bdf8-5147ef8c128c/DS-220b81d6-a3c0-425f-9440-07a6947e721d/container.db]
2023-12-05 10:04:41,408 [ForkJoinPool.commonPool-worker-3] INFO  utils.DatanodeStoreCache (DatanodeStoreCache.java:removeDB(104)) - Removed db /home/runner/work/ozone/ozone/hadoop-ozone/integration-test/target/test-dir/MiniOzoneClusterImpl-95f495f0-a26d-4c31-bdf8-5147ef8c128c/datanode-0/data-0/containers/hdds/95f495f0-a26d-4c31-bdf8-5147ef8c128c/DS-e2ff4269-2677-4f71-9fa2-22aa564a32c1/container.db from cache
2023-12-05 10:04:41,408 [ForkJoinPool.commonPool-worker-3] INFO  volume.HddsVolume (HddsVolume.java:closeDbStore(453)) - SchemaV3 db is stopped at /home/runner/work/ozone/ozone/hadoop-ozone/integration-test/target/test-dir/MiniOzoneClusterImpl-95f495f0-a26d-4c31-bdf8-5147ef8c128c/datanode-0/data-0/containers/hdds/95f495f0-a26d-4c31-bdf8-5147ef8c128c/DS-e2ff4269-2677-4f71-9fa2-22aa564a32c1/container.db for volume DS-e2ff4269-2677-4f71-9fa2-22aa564a32c1
2023-12-05 10:04:41,408 [ForkJoinPool.commonPool-worker-3] INFO  utils.BackgroundService (BackgroundService.java:shutdown(160)) - Shutting down service BlockDeletingService
2023-12-05 10:04:41,409 [ForkJoinPool.commonPool-worker-3] INFO  utils.BackgroundService (BackgroundService.java:shutdown(160)) - Shutting down service StaleRecoveringContainerScrubbingService
2023-12-05 10:04:41,411 [ForkJoinPool.commonPool-worker-3] INFO  statemachine.DatanodeStateMachine (DatanodeStateMachine.java:stopDaemon(638)) - Ozone container server stopped.
2023-12-05 10:04:41,412 [ForkJoinPool.commonPool-worker-3] INFO  handler.ContextHandler (ContextHandler.java:doStop(1159)) - Stopped o.e.j.w.WebAppContext@70f5331d{hddsDatanode,/,null,STOPPED}{jar:file:/home/runner/.m2/repository/org/apache/ozone/hdds-container-service/1.4.0-SNAPSHOT/hdds-container-service-1.4.0-SNAPSHOT.jar!/webapps/hddsDatanode}
2023-12-05 10:04:41,413 [ForkJoinPool.commonPool-worker-3] INFO  server.AbstractConnector (AbstractConnector.java:doStop(383)) - Stopped ServerConnector@5ad34ed2{HTTP/1.1, (http/1.1)}{0.0.0.0:15009}
2023-12-05 10:04:41,413 [ForkJoinPool.commonPool-worker-3] INFO  server.session (HouseKeeper.java:stopScavenging(149)) - node0 Stopped scavenging
2023-12-05 10:04:41,413 [ForkJoinPool.commonPool-worker-3] INFO  handler.ContextHandler (ContextHandler.java:doStop(1159)) - Stopped o.e.j.s.ServletContextHandler@5d16941b{static,/static,jar:file:/home/runner/.m2/repository/org/apache/ozone/hdds-container-service/1.4.0-SNAPSHOT/hdds-container-service-1.4.0-SNAPSHOT.jar!/webapps/static,STOPPED}
2023-12-05 10:04:41,414 [ForkJoinPool.commonPool-worker-3] INFO  handler.ContextHandler (ContextHandler.java:doStop(1159)) - Stopped o.e.j.s.ServletContextHandler@5eb4764b{logs,/logs,file:///home/runner/work/ozone/ozone/hadoop-ozone/integration-test/target/log,STOPPED}
2023-12-05 10:04:41,415 [ForkJoinPool.commonPool-worker-3] INFO  ozone.HddsDatanodeClientProtocolServer (HddsDatanodeClientProtocolServer.java:stop(78)) - Stopping the RPC server for Client Protocol
2023-12-05 10:04:41,415 [ForkJoinPool.commonPool-worker-3] INFO  ipc.Server (Server.java:stop(3523)) - Stopping server on 15010
2023-12-05 10:04:41,415 [IPC Server listener on 15010] INFO  ipc.Server (Server.java:run(1434)) - Stopping IPC Server listener on 15010
2023-12-05 10:04:41,415 [IPC Server Responder] INFO  ipc.Server (Server.java:run(1567)) - Stopping IPC Server Responder
2023-12-05 10:04:41,506 [main] INFO  utils.DatanodeStoreCache (DatanodeStoreCache.java:shutdownCache(110)) - Skip clearing cache in mini cluster mode. Entries left: [/home/runner/work/ozone/ozone/hadoop-ozone/integration-test/target/test-dir/MiniOzoneClusterImpl-95f495f0-a26d-4c31-bdf8-5147ef8c128c/datanode-1/data-0/containers/hdds/95f495f0-a26d-4c31-bdf8-5147ef8c128c/DS-2138496d-14d0-4d64-9e77-36327fd5f83b/container.db, /home/runner/work/ozone/ozone/hadoop-ozone/integration-test/target/test-dir/MiniOzoneClusterImpl-95f495f0-a26d-4c31-bdf8-5147ef8c128c/datanode-2/data-0/containers/hdds/95f495f0-a26d-4c31-bdf8-5147ef8c128c/DS-220b81d6-a3c0-425f-9440-07a6947e721d/container.db]
2023-12-05 10:04:41,507 [main] INFO  utils.DatanodeStoreCache (DatanodeStoreCache.java:removeDB(104)) - Removed db /home/runner/work/ozone/ozone/hadoop-ozone/integration-test/target/test-dir/MiniOzoneClusterImpl-95f495f0-a26d-4c31-bdf8-5147ef8c128c/datanode-1/data-0/containers/hdds/95f495f0-a26d-4c31-bdf8-5147ef8c128c/DS-2138496d-14d0-4d64-9e77-36327fd5f83b/container.db from cache
2023-12-05 10:04:41,507 [main] INFO  volume.HddsVolume (HddsVolume.java:closeDbStore(453)) - SchemaV3 db is stopped at /home/runner/work/ozone/ozone/hadoop-ozone/integration-test/target/test-dir/MiniOzoneClusterImpl-95f495f0-a26d-4c31-bdf8-5147ef8c128c/datanode-1/data-0/containers/hdds/95f495f0-a26d-4c31-bdf8-5147ef8c128c/DS-2138496d-14d0-4d64-9e77-36327fd5f83b/container.db for volume DS-2138496d-14d0-4d64-9e77-36327fd5f83b
2023-12-05 10:04:41,508 [main] INFO  utils.BackgroundService (BackgroundService.java:shutdown(160)) - Shutting down service BlockDeletingService
2023-12-05 10:04:41,508 [main] INFO  utils.BackgroundService (BackgroundService.java:shutdown(160)) - Shutting down service StaleRecoveringContainerScrubbingService
2023-12-05 10:04:41,508 [main] INFO  statemachine.DatanodeStateMachine (DatanodeStateMachine.java:stopDaemon(638)) - Ozone container server stopped.
2023-12-05 10:04:41,509 [main] INFO  handler.ContextHandler (ContextHandler.java:doStop(1159)) - Stopped o.e.j.w.WebAppContext@2119e4d2{hddsDatanode,/,null,STOPPED}{jar:file:/home/runner/.m2/repository/org/apache/ozone/hdds-container-service/1.4.0-SNAPSHOT/hdds-container-service-1.4.0-SNAPSHOT.jar!/webapps/hddsDatanode}
2023-12-05 10:04:41,510 [main] INFO  server.AbstractConnector (AbstractConnector.java:doStop(383)) - Stopped ServerConnector@27ea99af{HTTP/1.1, (http/1.1)}{0.0.0.0:15018}
2023-12-05 10:04:41,510 [main] INFO  server.session (HouseKeeper.java:stopScavenging(149)) - node0 Stopped scavenging
2023-12-05 10:04:41,510 [main] INFO  handler.ContextHandler (ContextHandler.java:doStop(1159)) - Stopped o.e.j.s.ServletContextHandler@79130491{static,/static,jar:file:/home/runner/.m2/repository/org/apache/ozone/hdds-container-service/1.4.0-SNAPSHOT/hdds-container-service-1.4.0-SNAPSHOT.jar!/webapps/static,STOPPED}
2023-12-05 10:04:41,510 [main] INFO  handler.ContextHandler (ContextHandler.java:doStop(1159)) - Stopped o.e.j.s.ServletContextHandler@2aa6a642{logs,/logs,file:///home/runner/work/ozone/ozone/hadoop-ozone/integration-test/target/log,STOPPED}
2023-12-05 10:04:41,511 [main] INFO  ozone.HddsDatanodeClientProtocolServer (HddsDatanodeClientProtocolServer.java:stop(78)) - Stopping the RPC server for Client Protocol
2023-12-05 10:04:41,511 [main] INFO  ipc.Server (Server.java:stop(3523)) - Stopping server on 15019
2023-12-05 10:04:41,512 [IPC Server listener on 15019] INFO  ipc.Server (Server.java:run(1434)) - Stopping IPC Server listener on 15019
2023-12-05 10:04:41,512 [IPC Server Responder] INFO  ipc.Server (Server.java:run(1567)) - Stopping IPC Server Responder
2023-12-05 10:04:41,690 [ForkJoinPool.commonPool-worker-1] INFO  utils.DatanodeStoreCache (DatanodeStoreCache.java:shutdownCache(110)) - Skip clearing cache in mini cluster mode. Entries left: [/home/runner/work/ozone/ozone/hadoop-ozone/integration-test/target/test-dir/MiniOzoneClusterImpl-95f495f0-a26d-4c31-bdf8-5147ef8c128c/datanode-2/data-0/containers/hdds/95f495f0-a26d-4c31-bdf8-5147ef8c128c/DS-220b81d6-a3c0-425f-9440-07a6947e721d/container.db]
2023-12-05 10:04:41,692 [ForkJoinPool.commonPool-worker-1] INFO  utils.DatanodeStoreCache (DatanodeStoreCache.java:removeDB(104)) - Removed db /home/runner/work/ozone/ozone/hadoop-ozone/integration-test/target/test-dir/MiniOzoneClusterImpl-95f495f0-a26d-4c31-bdf8-5147ef8c128c/datanode-2/data-0/containers/hdds/95f495f0-a26d-4c31-bdf8-5147ef8c128c/DS-220b81d6-a3c0-425f-9440-07a6947e721d/container.db from cache
2023-12-05 10:04:41,692 [ForkJoinPool.commonPool-worker-1] INFO  volume.HddsVolume (HddsVolume.java:closeDbStore(453)) - SchemaV3 db is stopped at /home/runner/work/ozone/ozone/hadoop-ozone/integration-test/target/test-dir/MiniOzoneClusterImpl-95f495f0-a26d-4c31-bdf8-5147ef8c128c/datanode-2/data-0/containers/hdds/95f495f0-a26d-4c31-bdf8-5147ef8c128c/DS-220b81d6-a3c0-425f-9440-07a6947e721d/container.db for volume DS-220b81d6-a3c0-425f-9440-07a6947e721d
2023-12-05 10:04:41,692 [ForkJoinPool.commonPool-worker-1] INFO  utils.BackgroundService (BackgroundService.java:shutdown(160)) - Shutting down service BlockDeletingService
2023-12-05 10:04:41,692 [ForkJoinPool.commonPool-worker-1] INFO  utils.BackgroundService (BackgroundService.java:shutdown(160)) - Shutting down service StaleRecoveringContainerScrubbingService
2023-12-05 10:04:41,693 [ForkJoinPool.commonPool-worker-1] INFO  statemachine.DatanodeStateMachine (DatanodeStateMachine.java:stopDaemon(638)) - Ozone container server stopped.
2023-12-05 10:04:41,694 [ForkJoinPool.commonPool-worker-1] INFO  handler.ContextHandler (ContextHandler.java:doStop(1159)) - Stopped o.e.j.w.WebAppContext@168bcf44{hddsDatanode,/,null,STOPPED}{jar:file:/home/runner/.m2/repository/org/apache/ozone/hdds-container-service/1.4.0-SNAPSHOT/hdds-container-service-1.4.0-SNAPSHOT.jar!/webapps/hddsDatanode}
2023-12-05 10:04:41,695 [ForkJoinPool.commonPool-worker-1] INFO  server.AbstractConnector (AbstractConnector.java:doStop(383)) - Stopped ServerConnector@4334b9fd{HTTP/1.1, (http/1.1)}{0.0.0.0:15027}
2023-12-05 10:04:41,695 [ForkJoinPool.commonPool-worker-1] INFO  server.session (HouseKeeper.java:stopScavenging(149)) - node0 Stopped scavenging
2023-12-05 10:04:41,696 [ForkJoinPool.commonPool-worker-1] INFO  handler.ContextHandler (ContextHandler.java:doStop(1159)) - Stopped o.e.j.s.ServletContextHandler@45d34ddc{static,/static,jar:file:/home/runner/.m2/repository/org/apache/ozone/hdds-container-service/1.4.0-SNAPSHOT/hdds-container-service-1.4.0-SNAPSHOT.jar!/webapps/static,STOPPED}
2023-12-05 10:04:41,696 [ForkJoinPool.commonPool-worker-1] INFO  handler.ContextHandler (ContextHandler.java:doStop(1159)) - Stopped o.e.j.s.ServletContextHandler@2c013860{logs,/logs,file:///home/runner/work/ozone/ozone/hadoop-ozone/integration-test/target/log,STOPPED}
2023-12-05 10:04:41,696 [ForkJoinPool.commonPool-worker-1] INFO  ozone.HddsDatanodeClientProtocolServer (HddsDatanodeClientProtocolServer.java:stop(78)) - Stopping the RPC server for Client Protocol
2023-12-05 10:04:41,697 [ForkJoinPool.commonPool-worker-1] INFO  ipc.Server (Server.java:stop(3523)) - Stopping server on 15028
2023-12-05 10:04:41,697 [IPC Server Responder] INFO  ipc.Server (Server.java:run(1567)) - Stopping IPC Server Responder
2023-12-05 10:04:41,697 [IPC Server listener on 15028] INFO  ipc.Server (Server.java:run(1434)) - Stopping IPC Server listener on 15028
2023-12-05 10:04:41,698 [main] INFO  ozone.MiniOzoneClusterImpl (MiniOzoneClusterImpl.java:stopSCM(551)) - Stopping the StorageContainerManager
2023-12-05 10:04:41,698 [main] INFO  server.StorageContainerManager (StorageContainerManager.java:stop(1620)) - Container Balancer is not running.
2023-12-05 10:04:41,698 [main] INFO  server.StorageContainerManager (StorageContainerManager.java:stopReplicationManager(1753)) - Stopping Replication Manager Service.
2023-12-05 10:04:41,698 [main] INFO  replication.ReplicationManager (ReplicationManager.java:stop(324)) - Stopping Replication Monitor Thread.
2023-12-05 10:04:41,698 [main] INFO  server.StorageContainerManager (StorageContainerManager.java:stop(1629)) - Stopping the Datanode Admin Monitor.
2023-12-05 10:04:41,698 [UnderReplicatedProcessor] WARN  replication.UnhealthyReplicationProcessor (UnhealthyReplicationProcessor.java:run(180)) - UnderReplicatedProcessor interrupted. Exiting...
2023-12-05 10:04:41,698 [main] INFO  server.StorageContainerManager (StorageContainerManager.java:stop(1636)) - Stopping datanode service RPC server
2023-12-05 10:04:41,698 [OverReplicatedProcessor] WARN  replication.UnhealthyReplicationProcessor (UnhealthyReplicationProcessor.java:run(180)) - OverReplicatedProcessor interrupted. Exiting...
2023-12-05 10:04:41,698 [ReplicationMonitor] INFO  replication.ReplicationManager (ReplicationManager.java:run(931)) - Replication Monitor Thread is stopped
2023-12-05 10:04:41,699 [main] INFO  server.SCMDatanodeProtocolServer (SCMDatanodeProtocolServer.java:stop(424)) - Stopping the RPC server for DataNodes
2023-12-05 10:04:41,699 [main] INFO  ipc.Server (Server.java:stop(3523)) - Stopping server on 15002
2023-12-05 10:04:41,700 [IPC Server listener on 15002] INFO  ipc.Server (Server.java:run(1434)) - Stopping IPC Server listener on 15002
2023-12-05 10:04:41,700 [IPC Server Responder] INFO  ipc.Server (Server.java:run(1567)) - Stopping IPC Server Responder
2023-12-05 10:04:41,759 [SCMHeartbeatProcessor-0] WARN  node.NodeStateManager (NodeStateManager.java:scheduleNextHealthCheck(878)) - Current Thread is interrupted, shutting down HB processing thread for Node Manager.
2023-12-05 10:04:41,759 [main] INFO  server.StorageContainerManager (StorageContainerManager.java:stop(1644)) - Stopping block service RPC server
2023-12-05 10:04:41,759 [main] INFO  server.SCMBlockProtocolServer (SCMBlockProtocolServer.java:stop(167)) - Stopping the RPC server for Block Protocol
2023-12-05 10:04:41,759 [main] INFO  ipc.Server (Server.java:stop(3523)) - Stopping server on 15001
2023-12-05 10:04:41,760 [IPC Server listener on 15001] INFO  ipc.Server (Server.java:run(1434)) - Stopping IPC Server listener on 15001
2023-12-05 10:04:41,760 [IPC Server Responder] INFO  ipc.Server (Server.java:run(1567)) - Stopping IPC Server Responder
2023-12-05 10:04:41,760 [main] INFO  server.StorageContainerManager (StorageContainerManager.java:stop(1651)) - Stopping the StorageContainerLocationProtocol RPC server
2023-12-05 10:04:41,760 [main] INFO  server.SCMClientProtocolServer (SCMClientProtocolServer.java:stop(210)) - Stopping the RPC server for Client Protocol
2023-12-05 10:04:41,760 [main] INFO  ipc.Server (Server.java:stop(3523)) - Stopping server on 15000
2023-12-05 10:04:41,761 [IPC Server listener on 15000] INFO  ipc.Server (Server.java:run(1434)) - Stopping IPC Server listener on 15000
2023-12-05 10:04:41,761 [IPC Server Responder] INFO  ipc.Server (Server.java:run(1567)) - Stopping IPC Server Responder
2023-12-05 10:04:41,762 [main] INFO  server.StorageContainerManager (StorageContainerManager.java:stop(1658)) - Stopping Storage Container Manager HTTP server.
2023-12-05 10:04:41,762 [main] INFO  handler.ContextHandler (ContextHandler.java:doStop(1159)) - Stopped o.e.j.w.WebAppContext@5702e6f3{scm,/,null,STOPPED}{file:/home/runner/work/ozone/ozone/hadoop-ozone/integration-test/target/test-classes/webapps/scm}
2023-12-05 10:04:41,763 [main] INFO  server.AbstractConnector (AbstractConnector.java:doStop(383)) - Stopped ServerConnector@4848681d{HTTP/1.1, (http/1.1)}{0.0.0.0:15003}
2023-12-05 10:04:41,763 [main] INFO  server.session (HouseKeeper.java:stopScavenging(149)) - node0 Stopped scavenging
2023-12-05 10:04:41,763 [main] INFO  handler.ContextHandler (ContextHandler.java:doStop(1159)) - Stopped o.e.j.s.ServletContextHandler@48463900{static,/static,file:///home/runner/work/ozone/ozone/hadoop-ozone/integration-test/target/test-classes/webapps/static,STOPPED}
2023-12-05 10:04:41,764 [main] INFO  handler.ContextHandler (ContextHandler.java:doStop(1159)) - Stopped o.e.j.s.ServletContextHandler@a47a011{logs,/logs,file:///home/runner/work/ozone/ozone/hadoop-ozone/integration-test/target/log,STOPPED}
2023-12-05 10:04:41,764 [main] INFO  server.StorageContainerManager (StorageContainerManager.java:stop(1666)) - Stopping SCM LayoutVersionManager Service.
2023-12-05 10:04:41,764 [main] INFO  server.StorageContainerManager (StorageContainerManager.java:stop(1678)) - Stopping Block Manager Service.
2023-12-05 10:04:41,765 [main] INFO  utils.BackgroundService (BackgroundService.java:shutdown(160)) - Shutting down service SCMBlockDeletingService
2023-12-05 10:04:41,765 [main] INFO  utils.BackgroundService (BackgroundService.java:shutdown(160)) - Shutting down service SCMBlockDeletingService
2023-12-05 10:04:41,765 [main] INFO  server.StorageContainerManager (StorageContainerManager.java:stop(1698)) - Stopping SCM Event Queue.
2023-12-05 10:04:41,766 [JvmPauseMonitor0] INFO  util.JvmPauseMonitor (JvmPauseMonitor.java:run(152)) - JvmPauseMonitor-5447276b-01e7-4e9d-ac81-e8b24d2601e8: Stopped
2023-12-05 10:04:41,766 [main] INFO  server.StorageContainerManager (StorageContainerManager.java:stop(1709)) - Stopping SCM HA services.
2023-12-05 10:04:41,766 [main] INFO  pipeline.BackgroundPipelineCreator (BackgroundPipelineCreator.java:stop(152)) - Stopping RatisPipelineUtilsThread.
2023-12-05 10:04:41,767 [RatisPipelineUtilsThread-0] WARN  pipeline.BackgroundPipelineCreator (BackgroundPipelineCreator.java:run(183)) - RatisPipelineUtilsThread is interrupted.
2023-12-05 10:04:41,767 [main] INFO  BackgroundPipelineScrubber (BackgroundSCMService.java:stop(131)) - Stopping BackgroundPipelineScrubber Service.
2023-12-05 10:04:41,767 [BackgroundPipelineScrubber] WARN  BackgroundPipelineScrubber (BackgroundSCMService.java:run(115)) - BackgroundPipelineScrubber is interrupted, exit
2023-12-05 10:04:41,768 [main] INFO  impl.MetricsSystemImpl (MetricsSystemImpl.java:stop(210)) - Stopping HddsDatanode metrics system...
2023-12-05 10:04:41,769 [prometheus] INFO  impl.MetricsSinkAdapter (MetricsSinkAdapter.java:publishMetricsFromQueue(141)) - prometheus thread interrupted.
2023-12-05 10:04:41,769 [main] INFO  impl.MetricsSystemImpl (MetricsSystemImpl.java:stop(216)) - HddsDatanode metrics system stopped.
2023-12-05 10:04:41,770 [main] WARN  pipeline.BackgroundPipelineCreator (BackgroundPipelineCreator.java:stop(148)) - RatisPipelineUtilsThread is not running, just ignore.
2023-12-05 10:04:41,770 [main] INFO  BackgroundPipelineScrubber (BackgroundSCMService.java:stop(126)) - BackgroundPipelineScrubber Service is not running, skip stop.
2023-12-05 10:04:41,770 [main] INFO  ExpiredContainerReplicaOpScrubber (BackgroundSCMService.java:stop(131)) - Stopping ExpiredContainerReplicaOpScrubber Service.
2023-12-05 10:04:41,770 [ExpiredContainerReplicaOpScrubber] WARN  ExpiredContainerReplicaOpScrubber (BackgroundSCMService.java:run(115)) - ExpiredContainerReplicaOpScrubber is interrupted, exit
2023-12-05 10:04:41,770 [main] INFO  utils.BackgroundService (BackgroundService.java:shutdown(160)) - Shutting down service SCMBlockDeletingService
2023-12-05 10:04:41,771 [main] INFO  replication.ReplicationManager (ReplicationManager.java:stop(334)) - Replication Monitor Thread is not running.
2023-12-05 10:04:41,771 [main] WARN  balancer.ContainerBalancer (ContainerBalancer.java:stop(327)) - Cannot stop Container Balancer because it's not running or stopping
2023-12-05 10:04:41,771 [LeaseManager#LeaseMonitor] WARN  lease.LeaseManager (LeaseManager.java:run(287)) - Lease manager is interrupted. Shutting down...
java.lang.InterruptedException
	at java.util.concurrent.locks.AbstractQueuedSynchronizer.doAcquireSharedNanos(AbstractQueuedSynchronizer.java:1039)
	at java.util.concurrent.locks.AbstractQueuedSynchronizer.tryAcquireSharedNanos(AbstractQueuedSynchronizer.java:1328)
	at java.util.concurrent.Semaphore.tryAcquire(Semaphore.java:409)
	at org.apache.hadoop.ozone.lease.LeaseManager$LeaseMonitor.run(LeaseManager.java:285)
	at java.lang.Thread.run(Thread.java:750)
2023-12-05 10:04:41,771 [main] INFO  server.StorageContainerManager (StorageContainerManager.java:stop(1744)) - Stopping SCM MetadataStore.
2023-12-05 10:04:41,808 [main] INFO  db.CodecTestUtil (CodecTestUtil.java:gc(47)) - gc 0
]]></system-out>
  </testcase>
  <testcase name="testGetMatchingContainerMultipleThreads" classname="org.apache.hadoop.hdds.scm.container.TestContainerStateManagerIntegration" time="16.635">
    <failure message="expected:&lt;1&gt; but was:&lt;3&gt;" type="java.lang.AssertionError"><![CDATA[java.lang.AssertionError: expected:<1> but was:<3>
	at org.junit.Assert.fail(Assert.java:89)
	at org.junit.Assert.failNotEquals(Assert.java:835)
	at org.junit.Assert.assertEquals(Assert.java:647)
	at org.junit.Assert.assertEquals(Assert.java:633)
	at org.apache.hadoop.hdds.scm.container.TestContainerStateManagerIntegration.testGetMatchingContainerMultipleThreads(TestContainerStateManagerIntegration.java:249)
	at sun.reflect.NativeMethodAccessorImpl.invoke0(Native Method)
	at sun.reflect.NativeMethodAccessorImpl.invoke(NativeMethodAccessorImpl.java:62)
	at sun.reflect.DelegatingMethodAccessorImpl.invoke(DelegatingMethodAccessorImpl.java:43)
	at java.lang.reflect.Method.invoke(Method.java:498)
	at org.junit.platform.commons.util.ReflectionUtils.invokeMethod(ReflectionUtils.java:725)
	at org.junit.jupiter.engine.execution.MethodInvocation.proceed(MethodInvocation.java:60)
	at org.junit.jupiter.engine.execution.InvocationInterceptorChain$ValidatingInvocation.proceed(InvocationInterceptorChain.java:131)
	at org.junit.jupiter.engine.extension.TimeoutExtension.intercept(TimeoutExtension.java:149)
	at org.junit.jupiter.engine.extension.TimeoutExtension.interceptTestableMethod(TimeoutExtension.java:140)
	at org.junit.jupiter.engine.extension.TimeoutExtension.interceptTestMethod(TimeoutExtension.java:84)
	at org.junit.jupiter.engine.execution.ExecutableInvoker$ReflectiveInterceptorCall.lambda$ofVoidMethod$0(ExecutableInvoker.java:115)
	at org.junit.jupiter.engine.execution.ExecutableInvoker.lambda$invoke$0(ExecutableInvoker.java:105)
	at org.junit.jupiter.engine.execution.InvocationInterceptorChain$InterceptedInvocation.proceed(InvocationInterceptorChain.java:106)
	at org.junit.jupiter.engine.execution.InvocationInterceptorChain.proceed(InvocationInterceptorChain.java:64)
	at org.junit.jupiter.engine.execution.InvocationInterceptorChain.chainAndInvoke(InvocationInterceptorChain.java:45)
	at org.junit.jupiter.engine.execution.InvocationInterceptorChain.invoke(InvocationInterceptorChain.java:37)
	at org.junit.jupiter.engine.execution.ExecutableInvoker.invoke(ExecutableInvoker.java:104)
	at org.junit.jupiter.engine.execution.ExecutableInvoker.invoke(ExecutableInvoker.java:98)
	at org.junit.jupiter.engine.descriptor.TestMethodTestDescriptor.lambda$invokeTestMethod$7(TestMethodTestDescriptor.java:214)
	at org.junit.platform.engine.support.hierarchical.ThrowableCollector.execute(ThrowableCollector.java:73)
	at org.junit.jupiter.engine.descriptor.TestMethodTestDescriptor.invokeTestMethod(TestMethodTestDescriptor.java:210)
	at org.junit.jupiter.engine.descriptor.TestMethodTestDescriptor.execute(TestMethodTestDescriptor.java:135)
	at org.junit.jupiter.engine.descriptor.TestMethodTestDescriptor.execute(TestMethodTestDescriptor.java:66)
	at org.junit.platform.engine.support.hierarchical.NodeTestTask.lambda$executeRecursively$6(NodeTestTask.java:151)
	at org.junit.platform.engine.support.hierarchical.ThrowableCollector.execute(ThrowableCollector.java:73)
	at org.junit.platform.engine.support.hierarchical.NodeTestTask.lambda$executeRecursively$8(NodeTestTask.java:141)
	at org.junit.platform.engine.support.hierarchical.Node.around(Node.java:137)
	at org.junit.platform.engine.support.hierarchical.NodeTestTask.lambda$executeRecursively$9(NodeTestTask.java:139)
	at org.junit.platform.engine.support.hierarchical.ThrowableCollector.execute(ThrowableCollector.java:73)
	at org.junit.platform.engine.support.hierarchical.NodeTestTask.executeRecursively(NodeTestTask.java:138)
	at org.junit.platform.engine.support.hierarchical.NodeTestTask.execute(NodeTestTask.java:95)
	at java.util.ArrayList.forEach(ArrayList.java:1259)
	at org.junit.platform.engine.support.hierarchical.SameThreadHierarchicalTestExecutorService.invokeAll(SameThreadHierarchicalTestExecutorService.java:41)
	at org.junit.platform.engine.support.hierarchical.NodeTestTask.lambda$executeRecursively$6(NodeTestTask.java:155)
	at org.junit.platform.engine.support.hierarchical.ThrowableCollector.execute(ThrowableCollector.java:73)
	at org.junit.platform.engine.support.hierarchical.NodeTestTask.lambda$executeRecursively$8(NodeTestTask.java:141)
	at org.junit.platform.engine.support.hierarchical.Node.around(Node.java:137)
	at org.junit.platform.engine.support.hierarchical.NodeTestTask.lambda$executeRecursively$9(NodeTestTask.java:139)
	at org.junit.platform.engine.support.hierarchical.ThrowableCollector.execute(ThrowableCollector.java:73)
	at org.junit.platform.engine.support.hierarchical.NodeTestTask.executeRecursively(NodeTestTask.java:138)
	at org.junit.platform.engine.support.hierarchical.NodeTestTask.execute(NodeTestTask.java:95)
	at java.util.ArrayList.forEach(ArrayList.java:1259)
	at org.junit.platform.engine.support.hierarchical.SameThreadHierarchicalTestExecutorService.invokeAll(SameThreadHierarchicalTestExecutorService.java:41)
	at org.junit.platform.engine.support.hierarchical.NodeTestTask.lambda$executeRecursively$6(NodeTestTask.java:155)
	at org.junit.platform.engine.support.hierarchical.ThrowableCollector.execute(ThrowableCollector.java:73)
	at org.junit.platform.engine.support.hierarchical.NodeTestTask.lambda$executeRecursively$8(NodeTestTask.java:141)
	at org.junit.platform.engine.support.hierarchical.Node.around(Node.java:137)
	at org.junit.platform.engine.support.hierarchical.NodeTestTask.lambda$executeRecursively$9(NodeTestTask.java:139)
	at org.junit.platform.engine.support.hierarchical.ThrowableCollector.execute(ThrowableCollector.java:73)
	at org.junit.platform.engine.support.hierarchical.NodeTestTask.executeRecursively(NodeTestTask.java:138)
	at org.junit.platform.engine.support.hierarchical.NodeTestTask.execute(NodeTestTask.java:95)
	at org.junit.platform.engine.support.hierarchical.SameThreadHierarchicalTestExecutorService.submit(SameThreadHierarchicalTestExecutorService.java:35)
	at org.junit.platform.engine.support.hierarchical.HierarchicalTestExecutor.execute(HierarchicalTestExecutor.java:57)
	at org.junit.platform.engine.support.hierarchical.HierarchicalTestEngine.execute(HierarchicalTestEngine.java:54)
	at org.junit.platform.launcher.core.EngineExecutionOrchestrator.execute(EngineExecutionOrchestrator.java:107)
	at org.junit.platform.launcher.core.EngineExecutionOrchestrator.execute(EngineExecutionOrchestrator.java:88)
	at org.junit.platform.launcher.core.EngineExecutionOrchestrator.lambda$execute$0(EngineExecutionOrchestrator.java:54)
	at org.junit.platform.launcher.core.EngineExecutionOrchestrator.withInterceptedStreams(EngineExecutionOrchestrator.java:67)
	at org.junit.platform.launcher.core.EngineExecutionOrchestrator.execute(EngineExecutionOrchestrator.java:52)
	at org.junit.platform.launcher.core.DefaultLauncher.execute(DefaultLauncher.java:114)
	at org.junit.platform.launcher.core.DefaultLauncher.execute(DefaultLauncher.java:86)
	at org.junit.platform.launcher.core.DefaultLauncherSession$DelegatingLauncher.execute(DefaultLauncherSession.java:86)
	at org.apache.maven.surefire.junitplatform.LazyLauncher.execute(LazyLauncher.java:56)
	at org.apache.maven.surefire.junitplatform.JUnitPlatformProvider.execute(JUnitPlatformProvider.java:184)
	at org.apache.maven.surefire.junitplatform.JUnitPlatformProvider.invokeAllTests(JUnitPlatformProvider.java:148)
	at org.apache.maven.surefire.junitplatform.JUnitPlatformProvider.invoke(JUnitPlatformProvider.java:120)
	at org.apache.maven.surefire.booter.ForkedBooter.runSuitesInProcess(ForkedBooter.java:385)
	at org.apache.maven.surefire.booter.ForkedBooter.execute(ForkedBooter.java:162)
	at org.apache.maven.surefire.booter.ForkedBooter.run(ForkedBooter.java:507)
	at org.apache.maven.surefire.booter.ForkedBooter.main(ForkedBooter.java:495)
]]></failure>
    <system-out><![CDATA[2023-12-05 10:04:42,078 [main] WARN  server.ServerUtils (ServerUtils.java:getScmDbDir(155)) - ozone.scm.db.dirs is not configured. We recommend adding this setting. Falling back to ozone.metadata.dirs instead.
2023-12-05 10:04:42,080 [main] WARN  server.ServerUtils (ServerUtils.java:getScmDbDir(155)) - ozone.scm.db.dirs is not configured. We recommend adding this setting. Falling back to ozone.metadata.dirs instead.
2023-12-05 10:04:42,080 [main] INFO  ha.SCMHANodeDetails (SCMHANodeDetails.java:loadSCMHAConfig(210)) - ServiceID for StorageContainerManager is null
2023-12-05 10:04:42,080 [main] INFO  ha.SCMHANodeDetails (SCMHANodeDetails.java:loadSCMHAConfig(215)) - ozone.scm.default.service.id is not defined, falling back to ozone.scm.service.ids to find serviceID for StorageContainerManager if it is HA enabled cluster
2023-12-05 10:04:42,081 [main] WARN  utils.HAUtils (HAUtils.java:getMetaDir(339)) - ozone.scm.db.dirs is not configured. We recommend adding this setting. Falling back to ozone.metadata.dirs instead.
2023-12-05 10:04:42,081 [main] WARN  db.DBStoreBuilder (DBStoreBuilder.java:applyDBDefinition(167)) - ozone.scm.db.dirs is not configured. We recommend adding this setting. Falling back to ozone.metadata.dirs instead.
2023-12-05 10:04:42,149 [main] INFO  net.NodeSchemaLoader (NodeSchemaLoader.java:loadSchemaFromFile(129)) - Loading schema from [jar:file:/home/runner/.m2/repository/org/apache/ozone/hdds-common/1.4.0-SNAPSHOT/hdds-common-1.4.0-SNAPSHOT.jar!/network-topology-default.xml]
2023-12-05 10:04:42,149 [main] INFO  net.NodeSchemaLoader (NodeSchemaLoader.java:loadSchema(176)) - Loading network topology layer schema file
2023-12-05 10:04:42,152 [main] INFO  upgrade.AbstractLayoutVersionManager (AbstractLayoutVersionManager.java:init(83)) - Initializing Layout version manager with metadata layout = HADOOP_PRC_PORTS_IN_DATANODEDETAILS (version = 7), software layout = HADOOP_PRC_PORTS_IN_DATANODEDETAILS (version = 7)
2023-12-05 10:04:42,154 [main] INFO  ha.SequenceIdGenerator (SequenceIdGenerator.java:upgradeToSequenceId(370)) - upgrade localId to 111677748019200000
2023-12-05 10:04:42,155 [main] INFO  ha.SequenceIdGenerator (SequenceIdGenerator.java:upgradeToSequenceId(380)) - upgrade delTxnId to 0
2023-12-05 10:04:42,157 [main] INFO  ha.SequenceIdGenerator (SequenceIdGenerator.java:upgradeToSequenceId(397)) - upgrade containerId to 0
2023-12-05 10:04:42,159 [main] INFO  ha.SequenceIdGenerator (SequenceIdGenerator.java:upgradeToCertificateSequenceId(444)) - upgrade CertificateId to 2
2023-12-05 10:04:42,160 [main] INFO  ha.SequenceIdGenerator (SequenceIdGenerator.java:<init>(241)) - Init the HA SequenceIdGenerator.
2023-12-05 10:04:42,161 [main] WARN  server.ServerUtils (ServerUtils.java:sanitizeUserArgs(80)) - ozone.scm.stale.node.interval value = 300000 is larger than max = 100000 based on the key value of ozone.scm.heartbeat.thread.interval, reset to the max value 100000.
2023-12-05 10:04:42,161 [main] WARN  server.ServerUtils (ServerUtils.java:sanitizeUserArgs(80)) - ozone.scm.stale.node.interval value = 300000 is larger than max = 100000 based on the key value of ozone.scm.heartbeat.thread.interval, reset to the max value 100000.
2023-12-05 10:04:42,161 [main] INFO  node.SCMNodeManager (SCMNodeManager.java:<init>(168)) - Entering startup safe mode.
2023-12-05 10:04:42,162 [main] INFO  algorithms.ContainerPlacementPolicyFactory (ContainerPlacementPolicyFactory.java:getPolicyInternal(86)) - Create container placement policy of type org.apache.hadoop.hdds.scm.container.placement.algorithms.SCMContainerPlacementRackAware
2023-12-05 10:04:42,163 [main] INFO  algorithms.ContainerPlacementPolicyFactory (ContainerPlacementPolicyFactory.java:getPolicyInternal(86)) - Create container placement policy of type org.apache.hadoop.hdds.scm.container.placement.algorithms.SCMContainerPlacementRackScatter
2023-12-05 10:04:42,163 [main] INFO  pipeline.PipelineStateManagerImpl (PipelineStateManagerImpl.java:initialize(78)) - No pipeline exists in current db
2023-12-05 10:04:42,163 [main] INFO  algorithms.LeaderChoosePolicyFactory (LeaderChoosePolicyFactory.java:getPolicy(57)) - Create leader choose policy of type org.apache.hadoop.hdds.scm.pipeline.leader.choose.algorithms.MinLeaderCountChoosePolicy
2023-12-05 10:04:42,164 [main] INFO  algorithms.ContainerPlacementPolicyFactory (ContainerPlacementPolicyFactory.java:getPolicyInternal(86)) - Create container placement policy of type org.apache.hadoop.hdds.scm.container.placement.algorithms.SCMContainerPlacementRackScatter
2023-12-05 10:04:42,164 [main] INFO  ha.SCMServiceManager (SCMServiceManager.java:register(42)) - Registering service BackgroundPipelineCreator.
2023-12-05 10:04:42,164 [main] INFO  pipeline.BackgroundPipelineCreator (BackgroundPipelineCreator.java:start(127)) - Starting RatisPipelineUtilsThread.
2023-12-05 10:04:42,168 [main] INFO  BackgroundPipelineScrubber (BackgroundSCMService.java:start(68)) - Starting BackgroundPipelineScrubber Service.
2023-12-05 10:04:42,168 [main] INFO  ha.SCMServiceManager (SCMServiceManager.java:register(42)) - Registering service BackgroundPipelineScrubber.
2023-12-05 10:04:42,168 [main] INFO  ExpiredContainerReplicaOpScrubber (BackgroundSCMService.java:start(68)) - Starting ExpiredContainerReplicaOpScrubber Service.
2023-12-05 10:04:42,169 [main] INFO  ha.SCMServiceManager (SCMServiceManager.java:register(42)) - Registering service ExpiredContainerReplicaOpScrubber.
2023-12-05 10:04:42,170 [main] INFO  algorithms.PipelineChoosePolicyFactory (PipelineChoosePolicyFactory.java:createPipelineChoosePolicyFromClass(78)) - Create pipeline choose policy of type org.apache.hadoop.hdds.scm.pipeline.choose.algorithms.RandomPipelineChoosePolicy
2023-12-05 10:04:42,170 [main] INFO  algorithms.PipelineChoosePolicyFactory (PipelineChoosePolicyFactory.java:createPipelineChoosePolicyFromClass(78)) - Create pipeline choose policy of type org.apache.hadoop.hdds.scm.pipeline.choose.algorithms.RandomPipelineChoosePolicy
2023-12-05 10:04:42,170 [main] INFO  ha.SCMServiceManager (SCMServiceManager.java:register(42)) - Registering service SCMBlockDeletingService.
2023-12-05 10:04:42,171 [main] INFO  replication.ReplicationManager (ReplicationManager.java:start(292)) - Starting Replication Monitor Thread.
2023-12-05 10:04:42,176 [main] INFO  ha.SCMServiceManager (SCMServiceManager.java:register(42)) - Registering service ReplicationManager.
2023-12-05 10:04:42,176 [ReplicationMonitor] INFO  replication.ReplicationManager (ReplicationManager.java:processAll(367)) - Replication Manager is not ready to run until 3000ms after safemode exit
2023-12-05 10:04:42,177 [main] INFO  safemode.ContainerSafeModeRule (ContainerSafeModeRule.java:<init>(90)) - containers with one replica threshold count 0
2023-12-05 10:04:42,177 [main] INFO  safemode.HealthyPipelineSafeModeRule (HealthyPipelineSafeModeRule.java:initializeRule(169)) - Total pipeline count is 0, healthy pipeline threshold count is 1
2023-12-05 10:04:42,177 [main] INFO  safemode.OneReplicaPipelineSafeModeRule (OneReplicaPipelineSafeModeRule.java:initializeRule(180)) - Total pipeline count is 0, pipeline's with at least one datanode reported threshold count is 0
2023-12-05 10:04:42,178 [main] INFO  server.StorageContainerManager (StorageContainerManager.java:<init>(434)) - SCM start with adminUsers: [runner]
2023-12-05 10:04:42,178 [main] INFO  ipc.CallQueueManager (CallQueueManager.java:<init>(90)) - Using callQueue: class java.util.concurrent.LinkedBlockingQueue, queueCapacity: 2000, scheduler: class org.apache.hadoop.ipc.DefaultRpcScheduler, ipcBackoff: false.
2023-12-05 10:04:42,178 [main] INFO  ipc.Server (Server.java:<init>(1287)) - Listener at 0.0.0.0:15037
2023-12-05 10:04:42,179 [Socket Reader #1 for port 15037] INFO  ipc.Server (Server.java:run(1323)) - Starting Socket Reader #1 for port 15037
2023-12-05 10:04:42,180 [main] INFO  ipc.CallQueueManager (CallQueueManager.java:<init>(90)) - Using callQueue: class java.util.concurrent.LinkedBlockingQueue, queueCapacity: 2000, scheduler: class org.apache.hadoop.ipc.DefaultRpcScheduler, ipcBackoff: false.
2023-12-05 10:04:42,180 [main] INFO  ipc.Server (Server.java:<init>(1287)) - Listener at 0.0.0.0:15036
2023-12-05 10:04:42,181 [Socket Reader #1 for port 15036] INFO  ipc.Server (Server.java:run(1323)) - Starting Socket Reader #1 for port 15036
2023-12-05 10:04:42,183 [main] INFO  ipc.CallQueueManager (CallQueueManager.java:<init>(90)) - Using callQueue: class java.util.concurrent.LinkedBlockingQueue, queueCapacity: 2000, scheduler: class org.apache.hadoop.ipc.DefaultRpcScheduler, ipcBackoff: false.
2023-12-05 10:04:42,183 [main] INFO  ipc.Server (Server.java:<init>(1287)) - Listener at 0.0.0.0:15035
2023-12-05 10:04:42,183 [Socket Reader #1 for port 15035] INFO  ipc.Server (Server.java:run(1323)) - Starting Socket Reader #1 for port 15035
2023-12-05 10:04:42,192 [main] INFO  ha.SCMServiceManager (SCMServiceManager.java:register(42)) - Registering service ContainerBalancer.
2023-12-05 10:04:42,193 [main] INFO  server.StorageContainerManager (StorageContainerManager.java:<init>(447)) - 
Container Balancer status:
Key                            Value
Running                        false
Container Balancer Configuration values:
Key                                                Value
Threshold                                          10
Max Datanodes to Involve per Iteration(percent)    20
Max Size to Move per Iteration                     500GB
Max Size Entering Target per Iteration             26GB
Max Size Leaving Source per Iteration              26GB
Number of Iterations                               10
Time Limit for Single Container's Movement         65min
Time Limit for Single Container's Replication      50min
Interval between each Iteration                    70min
Whether to Enable Network Topology                 false
Whether to Trigger Refresh Datanode Usage Info     false
Container IDs to Exclude from Balancing            None
Datanodes Specified to be Balanced                 None
Datanodes Excluded from Balancing                  None

2023-12-05 10:04:42,193 [main] INFO  ha.SCMContext (SCMContext.java:updateSafeModeStatus(230)) - Update SafeModeStatus from SafeModeStatus{safeModeStatus=true, preCheckPassed=false} to SafeModeStatus{safeModeStatus=true, preCheckPassed=false}.
2023-12-05 10:04:42,194 [main] INFO  server.StorageContainerManager (StorageContainerManager.java:start(1512)) - StorageContainerLocationProtocol RPC server is listening at /0.0.0.0:15035
2023-12-05 10:04:42,196 [main] WARN  impl.MetricsConfig (MetricsConfig.java:loadFirst(136)) - Cannot locate configuration: tried hadoop-metrics2-storagecontainermanager.properties,hadoop-metrics2.properties
2023-12-05 10:04:42,197 [main] INFO  impl.MetricsSystemImpl (MetricsSystemImpl.java:startTimer(378)) - Scheduled Metric snapshot period at 10 second(s).
2023-12-05 10:04:42,198 [main] INFO  impl.MetricsSystemImpl (MetricsSystemImpl.java:start(191)) - StorageContainerManager metrics system started
2023-12-05 10:04:42,228 [main] INFO  impl.MetricsSinkAdapter (MetricsSinkAdapter.java:start(204)) - Sink prometheus started
2023-12-05 10:04:42,228 [main] INFO  impl.MetricsSystemImpl (MetricsSystemImpl.java:registerSink(305)) - Registered sink prometheus
2023-12-05 10:04:42,246 [main] INFO  server.SCMClientProtocolServer (SCMClientProtocolServer.java:start(201)) - RPC server for Client  is listening at /0.0.0.0:15035
2023-12-05 10:04:42,246 [IPC Server Responder] INFO  ipc.Server (Server.java:run(1562)) - IPC Server Responder: starting
2023-12-05 10:04:42,253 [IPC Server listener on 15035] INFO  ipc.Server (Server.java:run(1402)) - IPC Server listener on 15035: starting
2023-12-05 10:04:42,260 [main] INFO  server.StorageContainerManager (StorageContainerManager.java:start(1525)) - ScmBlockLocationProtocol RPC server is listening at /0.0.0.0:15036
2023-12-05 10:04:42,262 [main] INFO  server.SCMBlockProtocolServer (SCMBlockProtocolServer.java:start(158)) - RPC server for Block Protocol is listening at /0.0.0.0:15036
2023-12-05 10:04:42,262 [IPC Server Responder] INFO  ipc.Server (Server.java:run(1562)) - IPC Server Responder: starting
2023-12-05 10:04:42,264 [IPC Server listener on 15036] INFO  ipc.Server (Server.java:run(1402)) - IPC Server listener on 15036: starting
2023-12-05 10:04:42,270 [main] INFO  server.SCMDatanodeProtocolServer (SCMDatanodeProtocolServer.java:start(193)) - ScmDatanodeProtocol RPC server for DataNodes is listening at /0.0.0.0:15037
2023-12-05 10:04:42,270 [IPC Server Responder] INFO  ipc.Server (Server.java:run(1562)) - IPC Server Responder: starting
2023-12-05 10:04:42,270 [IPC Server listener on 15037] INFO  ipc.Server (Server.java:run(1402)) - IPC Server listener on 15037: starting
2023-12-05 10:04:42,279 [JvmPauseMonitor5] INFO  util.JvmPauseMonitor (JvmPauseMonitor.java:run(146)) - JvmPauseMonitor-1ab04bb6-a37a-49a2-b58c-a059d185eb9d: Started
2023-12-05 10:04:42,279 [main] INFO  http.BaseHttpServer (BaseHttpServer.java:newHttpServer2BuilderForOzone(223)) - Starting Web-server for scm at: http://0.0.0.0:15038
2023-12-05 10:04:42,280 [main] INFO  http.BaseHttpServer (BaseHttpServer.java:<init>(110)) - Hadoop Security Enabled: false Ozone Security Enabled: false Ozone HTTP Security Enabled: false 
2023-12-05 10:04:42,282 [main] WARN  server.AuthenticationFilter (AuthenticationFilter.java:constructSecretProvider(240)) - Unable to initialize FileSignerSecretProvider, falling back to use random secrets. Reason: Could not read signature secret file: /home/runner/hadoop-http-auth-signature-secret
2023-12-05 10:04:42,282 [main] INFO  http.HttpRequestLog (HttpRequestLog.java:getRequestLog(86)) - Http request log for http.requests.scm is not defined
2023-12-05 10:04:42,284 [main] INFO  http.HttpServer2 (HttpServer2.java:addGlobalFilter(1031)) - Added global filter 'safety' (class=org.apache.hadoop.hdds.server.http.HttpServer2$QuotingInputFilter)
2023-12-05 10:04:42,285 [main] INFO  http.HttpServer2 (HttpServer2.java:addFilter(1007)) - Added filter static_user_filter (class=org.apache.hadoop.http.lib.StaticUserWebFilter$StaticUserFilter) to context scm
2023-12-05 10:04:42,285 [main] INFO  http.HttpServer2 (HttpServer2.java:addFilter(1015)) - Added filter static_user_filter (class=org.apache.hadoop.http.lib.StaticUserWebFilter$StaticUserFilter) to context logs
2023-12-05 10:04:42,285 [main] INFO  http.HttpServer2 (HttpServer2.java:addFilter(1015)) - Added filter static_user_filter (class=org.apache.hadoop.http.lib.StaticUserWebFilter$StaticUserFilter) to context static
2023-12-05 10:04:42,286 [main] INFO  http.BaseHttpServer (BaseHttpServer.java:<init>(189)) - HTTP server of scm uses base directory /home/runner/work/ozone/ozone/hadoop-ozone/integration-test/target/test-dir/MiniOzoneClusterImpl-1950aa9b-5d8b-4a5d-a98b-a91d287d75ff/ozone-meta/webserver
2023-12-05 10:04:42,287 [main] INFO  http.HttpServer2 (HttpServer2.java:bindListener(1231)) - Jetty bound to port 15038
2023-12-05 10:04:42,287 [main] INFO  server.Server (Server.java:doStart(375)) - jetty-9.4.53.v20231009; built: 2023-10-09T12:29:09.265Z; git: 27bde00a0b95a1d5bbee0eae7984f891d2d0f8c9; jvm 1.8.0_392-b08
2023-12-05 10:04:42,290 [main] INFO  server.session (DefaultSessionIdManager.java:doStart(334)) - DefaultSessionIdManager workerName=node0
2023-12-05 10:04:42,290 [main] INFO  server.session (DefaultSessionIdManager.java:doStart(339)) - No SessionScavenger set, using defaults
2023-12-05 10:04:42,290 [main] INFO  server.session (HouseKeeper.java:startScavenging(132)) - node0 Scavenging every 660000ms
2023-12-05 10:04:42,291 [main] INFO  handler.ContextHandler (ContextHandler.java:doStart(921)) - Started o.e.j.s.ServletContextHandler@2b83bc53{logs,/logs,file:///home/runner/work/ozone/ozone/hadoop-ozone/integration-test/target/log,AVAILABLE}
2023-12-05 10:04:42,291 [main] INFO  handler.ContextHandler (ContextHandler.java:doStart(921)) - Started o.e.j.s.ServletContextHandler@6af86379{static,/static,file:///home/runner/work/ozone/ozone/hadoop-ozone/integration-test/target/test-classes/webapps/static,AVAILABLE}
2023-12-05 10:04:42,295 [main] INFO  handler.ContextHandler (ContextHandler.java:doStart(921)) - Started o.e.j.w.WebAppContext@2d0fc7ef{scm,/,file:///home/runner/work/ozone/ozone/hadoop-ozone/integration-test/target/test-classes/webapps/scm/,AVAILABLE}{file:/home/runner/work/ozone/ozone/hadoop-ozone/integration-test/target/test-classes/webapps/scm}
2023-12-05 10:04:42,296 [main] INFO  server.AbstractConnector (AbstractConnector.java:doStart(333)) - Started ServerConnector@457f64e2{HTTP/1.1, (http/1.1)}{0.0.0.0:15038}
2023-12-05 10:04:42,297 [main] INFO  server.Server (Server.java:doStart(415)) - Started @22961ms
2023-12-05 10:04:42,297 [main] WARN  impl.MetricsSystemImpl (MetricsSystemImpl.java:register(279)) - Sink prometheus already exists!
2023-12-05 10:04:42,297 [main] INFO  http.BaseHttpServer (BaseHttpServer.java:updateConnectorAddress(354)) - HTTP server of scm listening at http://0.0.0.0:15038
2023-12-05 10:04:42,298 [main] WARN  server.ServerUtils (ServerUtils.java:getDBPath(311)) - ozone.om.db.dirs is not configured. We recommend adding this setting. Falling back to ozone.metadata.dirs instead.
2023-12-05 10:04:42,299 [main] INFO  ha.OMHANodeDetails (OMHANodeDetails.java:loadOMHAConfig(115)) - ozone.om.internal.service.id is not defined, falling back to ozone.om.service.ids to find serviceID for OzoneManager if it is HA enabled cluster
2023-12-05 10:04:42,299 [main] INFO  ha.OMHANodeDetails (OMHANodeDetails.java:loadOMHAConfig(226)) - Configuration does not have ozone.om.address set. Falling back to the default OM address /127.0.0.1:15039
2023-12-05 10:04:42,299 [main] INFO  ha.OMHANodeDetails (OMHANodeDetails.java:getOMNodeDetailsForNonHA(254)) - OM Service ID is not set. Setting it to the default ID: omServiceIdDefault
2023-12-05 10:04:42,300 [main] INFO  ha.OMHANodeDetails (OMHANodeDetails.java:getOMNodeDetailsForNonHA(261)) - OM Node ID is not set. Setting it to the default ID: om1
2023-12-05 10:04:42,300 [main] WARN  server.ServerUtils (ServerUtils.java:getDBPath(311)) - ozone.om.db.dirs is not configured. We recommend adding this setting. Falling back to ozone.metadata.dirs instead.
2023-12-05 10:04:42,301 [main] INFO  upgrade.AbstractLayoutVersionManager (AbstractLayoutVersionManager.java:init(83)) - Initializing Layout version manager with metadata layout = QUOTA (version = 6), software layout = QUOTA (version = 6)
2023-12-05 10:04:42,344 [main] INFO  reflections.Reflections (Reflections.java:scan(232)) - Reflections took 42 ms to scan 2 urls, producing 190 keys and 527 values [using 4 cores]
2023-12-05 10:04:42,345 [main] INFO  upgrade.OMLayoutVersionManager (OMLayoutVersionManager.java:lambda$0(115)) - Skipping Upgrade Action QuotaRepairUpgradeAction since it has been finalized.
2023-12-05 10:04:42,345 [main] INFO  upgrade.OMLayoutVersionManager (OMLayoutVersionManager.java:lambda$0(115)) - Skipping Upgrade Action MockOmUpgradeAction since it has been finalized.
2023-12-05 10:04:42,345 [main] WARN  server.ServerUtils (ServerUtils.java:getDBPath(311)) - ozone.om.db.dirs is not configured. We recommend adding this setting. Falling back to ozone.metadata.dirs instead.
2023-12-05 10:04:42,346 [main] INFO  proxy.SCMBlockLocationFailoverProxyProvider (SCMBlockLocationFailoverProxyProvider.java:<init>(115)) - Created block location fail-over proxy with 1 nodes: [nodeId=scmNodeId,nodeAddress=/0.0.0.0:15036]
2023-12-05 10:04:42,348 [main] INFO  proxy.SCMBlockLocationFailoverProxyProvider (SCMBlockLocationFailoverProxyProvider.java:<init>(115)) - Created block location fail-over proxy with 1 nodes: [nodeId=scmNodeId,nodeAddress=/0.0.0.0:15036]
2023-12-05 10:04:42,354 [main] INFO  om.OzoneManager (OzoneManager.java:<init>(674)) - OM start with adminUsers: [runner]
2023-12-05 10:04:42,355 [main] WARN  server.ServerUtils (ServerUtils.java:getDBPath(311)) - ozone.om.db.dirs is not configured. We recommend adding this setting. Falling back to ozone.metadata.dirs instead.
2023-12-05 10:04:42,356 [main] INFO  helpers.OmKeyInfo (OmKeyInfo.java:getCodec(71)) - OmKeyInfo.getCodec ignorePipeline = true
2023-12-05 10:04:42,497 [main] INFO  om.OzoneManager (OzoneManager.java:instantiateServices(808)) - S3 Multi-Tenancy is disabled
2023-12-05 10:04:42,498 [main] INFO  om.OmSnapshotManager (OmSnapshotManager.java:<init>(176)) - Ozone filesystem snapshot feature is enabled.
2023-12-05 10:04:42,498 [main] WARN  server.ServerUtils (ServerUtils.java:getDBPath(311)) - ozone.om.snapshot.diff.db.dir is not configured. We recommend adding this setting. Falling back to ozone.metadata.dirs instead.
2023-12-05 10:04:42,512 [main] INFO  snapshot.SnapshotDiffManager (SnapshotDiffManager.java:closeExecutorService(1716)) - Shutting down executorService: 'SstDumpToolExecutor'
2023-12-05 10:04:42,515 [main] INFO  om.OzoneManager (OzoneManager.java:addS3GVolumeToDB(4440)) - Created Volume s3v With Owner runner required for S3Gateway operations.
2023-12-05 10:04:42,516 [main] WARN  server.ServerUtils (ServerUtils.java:getDefaultRatisDirectory(323)) - Storage directory for Ratis is not configured. It is a good idea to map this to an SSD disk. Falling back to ozone.metadata.dirs
2023-12-05 10:04:42,516 [main] WARN  utils.OzoneManagerRatisUtils (OzoneManagerRatisUtils.java:getOMRatisSnapshotDirectory(473)) - ozone.om.ratis.snapshot.dir is not configured. Falling back to ozone.metadata.dirs config
2023-12-05 10:04:42,522 [main] WARN  server.ServerUtils (ServerUtils.java:getDefaultRatisDirectory(323)) - Storage directory for Ratis is not configured. It is a good idea to map this to an SSD disk. Falling back to ozone.metadata.dirs
2023-12-05 10:04:42,523 [main] INFO  ratis.OzoneManagerRatisServer (OzoneManagerRatisServer.java:<init>(168)) - Instantiating OM Ratis server with groupID: omServiceIdDefault and peers: localhost:15042
2023-12-05 10:04:42,524 [main] INFO  ratis.OzoneManagerStateMachine (OzoneManagerStateMachine.java:loadSnapshotInfoFromDB(708)) - LastAppliedIndex is set from TransactionInfo from OM DB as (t:0, i:~)
2023-12-05 10:04:42,524 [main] INFO  server.RaftServer (ConfUtils.java:logGet(46)) - raft.rpc.type = GRPC (default)
2023-12-05 10:04:42,525 [main] INFO  grpc.GrpcConfigKeys (ConfUtils.java:logFallback(53)) - raft.grpc.admin.host = null (fallback to raft.grpc.server.host)
2023-12-05 10:04:42,525 [main] INFO  grpc.GrpcConfigKeys (ConfUtils.java:logFallback(53)) - raft.grpc.admin.port = 15042 (fallback to raft.grpc.server.port)
2023-12-05 10:04:42,525 [main] INFO  grpc.GrpcConfigKeys (ConfUtils.java:logFallback(53)) - raft.grpc.client.host = null (fallback to raft.grpc.server.host)
2023-12-05 10:04:42,526 [main] INFO  grpc.GrpcConfigKeys (ConfUtils.java:logFallback(53)) - raft.grpc.client.port = 15042 (fallback to raft.grpc.server.port)
2023-12-05 10:04:42,526 [main] INFO  grpc.GrpcConfigKeys (ConfUtils.java:logGet(46)) - raft.grpc.server.host = null (default)
2023-12-05 10:04:42,526 [main] INFO  grpc.GrpcConfigKeys (ConfUtils.java:logGet(46)) - raft.grpc.server.port = 15042 (custom)
2023-12-05 10:04:42,526 [main] INFO  server.GrpcService (ConfUtils.java:logGet(46)) - raft.grpc.message.size.max = 4194304 (custom)
2023-12-05 10:04:42,526 [main] INFO  server.RaftServerConfigKeys (ConfUtils.java:logGet(46)) - raft.server.log.appender.buffer.byte-limit = 4194304 (custom)
2023-12-05 10:04:42,526 [main] INFO  server.GrpcService (ConfUtils.java:logGet(46)) - raft.grpc.flow.control.window = 1MB (=1048576) (default)
2023-12-05 10:04:42,527 [main] INFO  server.RaftServerConfigKeys (ConfUtils.java:logGet(46)) - raft.server.rpc.request.timeout = 3000ms (default)
2023-12-05 10:04:42,527 [main] INFO  grpc.GrpcConfigKeys (ConfUtils.java:logGet(46)) - raft.grpc.server.heartbeat.channel = true (default)
2023-12-05 10:04:42,527 [main] INFO  grpc.GrpcConfigKeys (ConfUtils.java:logGet(46)) - raft.grpc.server.async.request.thread.pool.cached = true (default)
2023-12-05 10:04:42,527 [main] INFO  grpc.GrpcConfigKeys (ConfUtils.java:logGet(46)) - raft.grpc.server.async.request.thread.pool.size = 32 (default)
2023-12-05 10:04:42,528 [main] INFO  impl.DataStreamServerImpl (ConfUtils.java:logGet(46)) - raft.datastream.type = DISABLED (default)
2023-12-05 10:04:42,529 [main] INFO  server.RaftServerConfigKeys (ConfUtils.java:logGet(46)) - raft.server.sleep.deviation.threshold = 300ms (default)
2023-12-05 10:04:42,529 [main] INFO  server.RaftServerConfigKeys (ConfUtils.java:logGet(46)) - raft.server.close.threshold = 60s (default)
2023-12-05 10:04:42,529 [main] INFO  server.RaftServerConfigKeys (ConfUtils.java:logGet(46)) - raft.server.leaderelection.leader.step-down.wait-time = 10s (default)
2023-12-05 10:04:42,529 [main] INFO  server.RaftServerConfigKeys (ConfUtils.java:logGet(46)) - raft.server.storage.dir = [/home/runner/work/ozone/ozone/hadoop-ozone/integration-test/target/test-dir/MiniOzoneClusterImpl-1950aa9b-5d8b-4a5d-a98b-a91d287d75ff/ozone-meta/ratis] (custom)
2023-12-05 10:04:42,529 [main] INFO  server.RaftServerConfigKeys (ConfUtils.java:logGet(46)) - raft.server.threadpool.proxy.cached = true (default)
2023-12-05 10:04:42,530 [main] INFO  server.RaftServerConfigKeys (ConfUtils.java:logGet(46)) - raft.server.threadpool.proxy.size = 0 (default)
2023-12-05 10:04:42,530 [main] INFO  server.RaftServer (RaftServerProxy.java:addNew(100)) - om1: addNew group-C5BA1605619E:[om1|localhost:15042] returns group-C5BA1605619E:java.util.concurrent.CompletableFuture@67f55dc5[Not completed]
2023-12-05 10:04:42,530 [main] INFO  om.OzoneManager (OzoneManager.java:initializeRatisServer(2144)) - OzoneManager Ratis server initialized at port 15042
2023-12-05 10:04:42,531 [main] INFO  om.OzoneManager (OzoneManager.java:getRpcServer(1210)) - Creating RPC Server
2023-12-05 10:04:42,530 [om1-groupManagement] INFO  server.RaftServer$Division (RaftServerImpl.java:<init>(256)) - om1: new RaftServerImpl for group-C5BA1605619E:[om1|localhost:15042] with OzoneManagerStateMachine:uninitialized
2023-12-05 10:04:42,531 [om1-groupManagement] INFO  server.RaftServerConfigKeys (ConfUtils.java:logGet(46)) - raft.server.rpc.timeout.min = 1s (custom)
2023-12-05 10:04:42,531 [om1-groupManagement] INFO  server.RaftServerConfigKeys (ConfUtils.java:logGet(46)) - raft.server.rpc.timeout.max = 1200ms (custom)
2023-12-05 10:04:42,531 [om1-groupManagement] INFO  server.RaftServerConfigKeys (ConfUtils.java:logGet(46)) - raft.server.rpc.sleep.time = 25ms (default)
2023-12-05 10:04:42,531 [om1-groupManagement] INFO  server.RaftServerConfigKeys (ConfUtils.java:logGet(46)) - raft.server.rpc.slowness.timeout = 120s (custom)
2023-12-05 10:04:42,531 [om1-groupManagement] INFO  server.RaftServerConfigKeys (ConfUtils.java:logGet(46)) - raft.server.leaderelection.leader.step-down.wait-time = 10s (default)
2023-12-05 10:04:42,531 [om1-groupManagement] INFO  server.RaftServerConfigKeys (ConfUtils.java:logGet(46)) - raft.server.leaderelection.member.majority-add = false (default)
2023-12-05 10:04:42,531 [om1-groupManagement] INFO  server.RaftServerConfigKeys (ConfUtils.java:logGet(46)) - raft.server.sleep.deviation.threshold = 300ms (default)
2023-12-05 10:04:42,531 [om1-groupManagement] INFO  server.RaftServer$Division (ServerState.java:<init>(113)) - om1@group-C5BA1605619E: ConfigurationManager, init=-1: peers:[om1|localhost:15042]|listeners:[], old=null, confs=<EMPTY_MAP>
2023-12-05 10:04:42,532 [om1-groupManagement] INFO  server.RaftServerConfigKeys (ConfUtils.java:logGet(46)) - raft.server.notification.no-leader.timeout = 120s (custom)
2023-12-05 10:04:42,532 [om1-groupManagement] INFO  server.RaftServerConfigKeys (ConfUtils.java:logGet(46)) - raft.server.read.timeout = 10s (default)
2023-12-05 10:04:42,532 [om1-groupManagement] INFO  server.RaftServerConfigKeys (ConfUtils.java:logGet(46)) - raft.server.retrycache.expirytime = 300s (custom)
2023-12-05 10:04:42,532 [om1-groupManagement] INFO  server.RaftServerConfigKeys (ConfUtils.java:logGet(46)) - raft.server.retrycache.statistics.expirytime = 100ms (default)
2023-12-05 10:04:42,532 [om1-groupManagement] INFO  server.RaftServerConfigKeys (ConfUtils.java:logGet(46)) - raft.server.read.option = DEFAULT (default)
2023-12-05 10:04:42,532 [om1-groupManagement] INFO  server.RaftServerConfigKeys (ConfUtils.java:logGet(46)) - raft.server.read.read-after-write-consistent.write-index-cache.expiry-time = 60s (default)
2023-12-05 10:04:42,534 [om1-groupManagement] INFO  server.RaftServerConfigKeys (ConfUtils.java:logGet(46)) - raft.server.rpc.request.timeout = 3000ms (default)
2023-12-05 10:04:42,534 [om1-groupManagement] INFO  server.RaftServerConfigKeys (ConfUtils.java:logGet(46)) - raft.server.log.appender.install.snapshot.enabled = false (custom)
2023-12-05 10:04:42,534 [om1-groupManagement] INFO  server.RaftServerConfigKeys (ConfUtils.java:logGet(46)) - raft.server.threadpool.server.cached = true (default)
2023-12-05 10:04:42,534 [om1-groupManagement] INFO  server.RaftServerConfigKeys (ConfUtils.java:logGet(46)) - raft.server.threadpool.server.size = 0 (default)
2023-12-05 10:04:42,534 [om1-groupManagement] INFO  server.RaftServerConfigKeys (ConfUtils.java:logGet(46)) - raft.server.threadpool.client.cached = true (default)
2023-12-05 10:04:42,534 [om1-groupManagement] INFO  server.RaftServerConfigKeys (ConfUtils.java:logGet(46)) - raft.server.threadpool.client.size = 0 (default)
2023-12-05 10:04:42,767 [main] INFO  reflections.Reflections (Reflections.java:scan(232)) - Reflections took 231 ms to scan 20 urls, producing 71 keys and 6159 values [using 4 cores]
2023-12-05 10:04:42,768 [main] INFO  ipc.CallQueueManager (CallQueueManager.java:<init>(90)) - Using callQueue: class java.util.concurrent.LinkedBlockingQueue, queueCapacity: 2000, scheduler: class org.apache.hadoop.ipc.DefaultRpcScheduler, ipcBackoff: false.
2023-12-05 10:04:42,769 [main] INFO  ipc.Server (Server.java:<init>(1287)) - Listener at 127.0.0.1:15039
2023-12-05 10:04:42,769 [Socket Reader #1 for port 15039] INFO  ipc.Server (Server.java:run(1323)) - Starting Socket Reader #1 for port 15039
2023-12-05 10:04:42,785 [main] INFO  impl.MetricsSystemImpl (MetricsSystemImpl.java:init(158)) - OzoneManager metrics system started (again)
2023-12-05 10:04:42,794 [main] INFO  om.OzoneManager (OzoneManager.java:start(1632)) - OzoneManager RPC server is listening at localhost/127.0.0.1:15039
2023-12-05 10:04:42,794 [main] INFO  ratis.OzoneManagerRatisServer (OzoneManagerRatisServer.java:start(585)) - Starting OzoneManagerRatisServer om1 at port 15042
2023-12-05 10:04:42,794 [om1-impl-thread1] INFO  server.RaftServerConfigKeys (ConfUtils.java:logGet(46)) - raft.server.storage.free-space.min = 0MB (=0) (default)
2023-12-05 10:04:42,795 [om1-impl-thread1] INFO  server.RaftServerConfigKeys (ConfUtils.java:logGet(46)) - raft.server.log.corruption.policy = EXCEPTION (default)
2023-12-05 10:04:42,795 [om1-impl-thread1] INFO  server.RaftServerConfigKeys (ConfUtils.java:logGet(46)) - raft.server.storage.dir = [/home/runner/work/ozone/ozone/hadoop-ozone/integration-test/target/test-dir/MiniOzoneClusterImpl-1950aa9b-5d8b-4a5d-a98b-a91d287d75ff/ozone-meta/ratis] (custom)
2023-12-05 10:04:42,795 [om1-impl-thread1] INFO  storage.RaftStorageDirectory (RaftStorageDirectoryImpl.java:analyzeStorage(138)) - The storage directory /home/runner/work/ozone/ozone/hadoop-ozone/integration-test/target/test-dir/MiniOzoneClusterImpl-1950aa9b-5d8b-4a5d-a98b-a91d287d75ff/ozone-meta/ratis/bf265839-605b-3f16-9796-c5ba1605619e does not exist. Creating ...
2023-12-05 10:04:42,796 [om1-impl-thread1] INFO  storage.RaftStorageDirectory (RaftStorageDirectoryImpl.java:tryLock(232)) - Lock on /home/runner/work/ozone/ozone/hadoop-ozone/integration-test/target/test-dir/MiniOzoneClusterImpl-1950aa9b-5d8b-4a5d-a98b-a91d287d75ff/ozone-meta/ratis/bf265839-605b-3f16-9796-c5ba1605619e/in_use.lock acquired by nodename 4813@fv-az884-53
2023-12-05 10:04:42,797 [om1-impl-thread1] INFO  storage.RaftStorage (RaftStorageImpl.java:format(97)) - Storage directory /home/runner/work/ozone/ozone/hadoop-ozone/integration-test/target/test-dir/MiniOzoneClusterImpl-1950aa9b-5d8b-4a5d-a98b-a91d287d75ff/ozone-meta/ratis/bf265839-605b-3f16-9796-c5ba1605619e has been successfully formatted.
2023-12-05 10:04:42,797 [om1-impl-thread1] INFO  server.RaftServerConfigKeys (ConfUtils.java:logGet(46)) - raft.server.log.use.memory = false (default)
2023-12-05 10:04:42,797 [om1-impl-thread1] INFO  server.RaftServerConfigKeys (ConfUtils.java:logGet(46)) - raft.server.log.purge.gap = 1000000 (custom)
2023-12-05 10:04:42,797 [om1-impl-thread1] INFO  server.RaftServerConfigKeys (ConfUtils.java:logGet(46)) - raft.server.log.appender.buffer.byte-limit = 4194304 (custom)
2023-12-05 10:04:42,797 [om1-impl-thread1] INFO  server.RaftServerConfigKeys (ConfUtils.java:logGet(46)) - raft.server.log.statemachine.data.read.timeout = 1000ms (default)
2023-12-05 10:04:42,798 [om1-impl-thread1] INFO  server.RaftServerConfigKeys (ConfUtils.java:logGet(46)) - raft.server.log.purge.preservation.log.num = 0 (default)
2023-12-05 10:04:42,798 [om1-impl-thread1] INFO  server.RaftServerConfigKeys (ConfUtils.java:logGet(46)) - raft.server.log.segment.size.max = 4194304 (custom)
2023-12-05 10:04:42,798 [om1-impl-thread1] INFO  server.RaftServerConfigKeys (ConfUtils.java:logGet(46)) - raft.server.log.segment.cache.num.max = 2 (custom)
2023-12-05 10:04:42,798 [om1-impl-thread1] INFO  server.RaftServerConfigKeys (ConfUtils.java:logGet(46)) - raft.server.log.segment.cache.size.max = 200MB (=209715200) (default)
2023-12-05 10:04:42,798 [om1-impl-thread1] INFO  server.RaftServerConfigKeys (ConfUtils.java:logGet(46)) - raft.server.log.appender.buffer.byte-limit = 4194304 (custom)
2023-12-05 10:04:42,799 [om1-impl-thread1] INFO  util.AwaitToRun (AwaitToRun.java:start(81)) - Thread[om1@group-C5BA1605619E-cacheEviction-AwaitToRun,5,main] started
2023-12-05 10:04:42,799 [om1-impl-thread1] INFO  segmented.SegmentedRaftLogWorker (SegmentedRaftLogWorker.java:<init>(184)) - new om1@group-C5BA1605619E-SegmentedRaftLogWorker for RaftStorageImpl:Storage Directory /home/runner/work/ozone/ozone/hadoop-ozone/integration-test/target/test-dir/MiniOzoneClusterImpl-1950aa9b-5d8b-4a5d-a98b-a91d287d75ff/ozone-meta/ratis/bf265839-605b-3f16-9796-c5ba1605619e
2023-12-05 10:04:42,799 [om1-impl-thread1] INFO  server.RaftServerConfigKeys (ConfUtils.java:logGet(46)) - raft.server.log.queue.byte-limit = 64MB (=67108864) (default)
2023-12-05 10:04:42,799 [om1-impl-thread1] INFO  server.RaftServerConfigKeys (ConfUtils.java:logGet(46)) - raft.server.log.queue.element-limit = 4096 (default)
2023-12-05 10:04:42,799 [om1-impl-thread1] INFO  server.RaftServerConfigKeys (ConfUtils.java:logGet(46)) - raft.server.log.segment.size.max = 4194304 (custom)
2023-12-05 10:04:42,799 [om1-impl-thread1] INFO  server.RaftServerConfigKeys (ConfUtils.java:logGet(46)) - raft.server.log.preallocated.size = 4194304 (custom)
2023-12-05 10:04:42,799 [om1-impl-thread1] INFO  server.RaftServerConfigKeys (ConfUtils.java:logGet(46)) - raft.server.log.force.sync.num = 128 (default)
2023-12-05 10:04:42,799 [om1-impl-thread1] INFO  server.RaftServerConfigKeys (ConfUtils.java:logGet(46)) - raft.server.log.statemachine.data.sync = true (default)
2023-12-05 10:04:42,799 [om1-impl-thread1] INFO  server.RaftServerConfigKeys (ConfUtils.java:logGet(46)) - raft.server.log.statemachine.data.sync.timeout = 10s (default)
2023-12-05 10:04:42,799 [om1-impl-thread1] INFO  server.RaftServerConfigKeys (ConfUtils.java:logGet(46)) - raft.server.log.statemachine.data.sync.timeout.retry = -1 (default)
2023-12-05 10:04:42,800 [om1-impl-thread1] INFO  server.RaftServerConfigKeys (ConfUtils.java:logGet(46)) - raft.server.log.write.buffer.size = 4194312 (custom)
2023-12-05 10:04:42,801 [om1-impl-thread1] INFO  server.RaftServerConfigKeys (ConfUtils.java:logGet(46)) - raft.server.log.appender.buffer.byte-limit = 4194304 (custom)
2023-12-05 10:04:42,801 [om1-impl-thread1] INFO  server.RaftServerConfigKeys (ConfUtils.java:logGet(46)) - raft.server.log.unsafe-flush.enabled = false (default)
2023-12-05 10:04:42,801 [om1-impl-thread1] INFO  server.RaftServerConfigKeys (ConfUtils.java:logGet(46)) - raft.server.log.async-flush.enabled = false (default)
2023-12-05 10:04:42,801 [om1-impl-thread1] INFO  server.RaftServerConfigKeys (ConfUtils.java:logGet(46)) - raft.server.log.statemachine.data.caching.enabled = false (default)
2023-12-05 10:04:42,801 [om1-impl-thread1] INFO  segmented.SegmentedRaftLogWorker (SegmentedRaftLogWorker.java:lambda$new$0(135)) - om1@group-C5BA1605619E-SegmentedRaftLogWorker: flushIndex: setUnconditionally 0 -> -1
2023-12-05 10:04:42,801 [om1-impl-thread1] INFO  segmented.SegmentedRaftLogWorker (SegmentedRaftLogWorker.java:lambda$new$0(135)) - om1@group-C5BA1605619E-SegmentedRaftLogWorker: safeCacheEvictIndex: setUnconditionally 0 -> -1
2023-12-05 10:04:42,801 [om1-impl-thread1] INFO  server.RaftServer$Division (RaftServerImpl.java:start(392)) - om1@group-C5BA1605619E: start as a follower, conf=-1: peers:[om1|localhost:15042]|listeners:[], old=null
2023-12-05 10:04:42,802 [om1-impl-thread1] INFO  server.RaftServer$Division (RaftServerImpl.java:setRole(379)) - om1@group-C5BA1605619E: changes role from      null to FOLLOWER at term 0 for startAsFollower
2023-12-05 10:04:42,802 [om1-impl-thread1] INFO  impl.RoleInfo (RoleInfo.java:updateAndGet(139)) - om1: start om1@group-C5BA1605619E-FollowerState
2023-12-05 10:04:42,802 [om1@group-C5BA1605619E-FollowerState] INFO  server.RaftServerConfigKeys (ConfUtils.java:logFallback(53)) - raft.server.rpc.first-election.timeout.min = 1s (fallback to raft.server.rpc.timeout.min)
2023-12-05 10:04:42,802 [om1@group-C5BA1605619E-FollowerState] INFO  server.RaftServerConfigKeys (ConfUtils.java:logFallback(53)) - raft.server.rpc.first-election.timeout.max = 1200ms (fallback to raft.server.rpc.timeout.max)
2023-12-05 10:04:42,802 [om1-impl-thread1] INFO  util.JmxRegister (JmxRegister.java:tryRegister(44)) - Successfully registered JMX Bean with object name Ratis:service=RaftServer,group=group-C5BA1605619E,id=om1
2023-12-05 10:04:42,803 [om1-impl-thread1] INFO  server.RaftServerConfigKeys (ConfUtils.java:logGet(46)) - raft.server.snapshot.trigger-when-stop.enabled = true (default)
2023-12-05 10:04:42,803 [om1-impl-thread1] INFO  server.RaftServerConfigKeys (ConfUtils.java:logGet(46)) - raft.server.snapshot.auto.trigger.enabled = true (custom)
2023-12-05 10:04:42,803 [om1-impl-thread1] INFO  server.RaftServerConfigKeys (ConfUtils.java:logGet(46)) - raft.server.snapshot.auto.trigger.threshold = 400000 (default)
2023-12-05 10:04:42,803 [om1-impl-thread1] INFO  server.RaftServerConfigKeys (ConfUtils.java:logGet(46)) - raft.server.snapshot.retention.file.num = -1 (default)
2023-12-05 10:04:42,803 [om1-impl-thread1] INFO  server.RaftServerConfigKeys (ConfUtils.java:logGet(46)) - raft.server.log.purge.upto.snapshot.index = true (custom)
2023-12-05 10:04:42,803 [main] INFO  server.RaftServer (RaftServerProxy.java:startImpl(406)) - om1: start RPC server
2023-12-05 10:04:42,805 [main] INFO  server.GrpcService (GrpcService.java:startImpl(302)) - om1: GrpcService started, listening on 15042
2023-12-05 10:04:42,805 [JvmPauseMonitor6] INFO  util.JvmPauseMonitor (JvmPauseMonitor.java:run(146)) - JvmPauseMonitor-om1: Started
2023-12-05 10:04:42,805 [main] INFO  om.OzoneManager (OzoneManager.java:start(1648)) - Version File has different layout version (6) than OM DB (null). That is expected if this OM has never been finalized to a newer layout version.
2023-12-05 10:04:42,808 [main] INFO  http.BaseHttpServer (BaseHttpServer.java:newHttpServer2BuilderForOzone(223)) - Starting Web-server for ozoneManager at: http://0.0.0.0:15040
2023-12-05 10:04:42,808 [main] INFO  http.BaseHttpServer (BaseHttpServer.java:<init>(110)) - Hadoop Security Enabled: false Ozone Security Enabled: false Ozone HTTP Security Enabled: false 
2023-12-05 10:04:42,810 [main] WARN  server.AuthenticationFilter (AuthenticationFilter.java:constructSecretProvider(240)) - Unable to initialize FileSignerSecretProvider, falling back to use random secrets. Reason: Could not read signature secret file: /home/runner/hadoop-http-auth-signature-secret
2023-12-05 10:04:42,810 [main] INFO  http.HttpRequestLog (HttpRequestLog.java:getRequestLog(86)) - Http request log for http.requests.ozoneManager is not defined
2023-12-05 10:04:42,811 [main] INFO  http.HttpServer2 (HttpServer2.java:addGlobalFilter(1031)) - Added global filter 'safety' (class=org.apache.hadoop.hdds.server.http.HttpServer2$QuotingInputFilter)
2023-12-05 10:04:42,812 [main] INFO  http.HttpServer2 (HttpServer2.java:addFilter(1007)) - Added filter static_user_filter (class=org.apache.hadoop.http.lib.StaticUserWebFilter$StaticUserFilter) to context ozoneManager
2023-12-05 10:04:42,812 [main] INFO  http.HttpServer2 (HttpServer2.java:addFilter(1015)) - Added filter static_user_filter (class=org.apache.hadoop.http.lib.StaticUserWebFilter$StaticUserFilter) to context logs
2023-12-05 10:04:42,813 [main] INFO  http.HttpServer2 (HttpServer2.java:addFilter(1015)) - Added filter static_user_filter (class=org.apache.hadoop.http.lib.StaticUserWebFilter$StaticUserFilter) to context static
2023-12-05 10:04:42,813 [main] INFO  http.BaseHttpServer (BaseHttpServer.java:<init>(189)) - HTTP server of ozoneManager uses base directory /home/runner/work/ozone/ozone/hadoop-ozone/integration-test/target/test-dir/MiniOzoneClusterImpl-1950aa9b-5d8b-4a5d-a98b-a91d287d75ff/ozone-meta/webserver
2023-12-05 10:04:42,813 [main] INFO  http.HttpServer2 (HttpServer2.java:bindListener(1231)) - Jetty bound to port 15040
2023-12-05 10:04:42,814 [main] INFO  server.Server (Server.java:doStart(375)) - jetty-9.4.53.v20231009; built: 2023-10-09T12:29:09.265Z; git: 27bde00a0b95a1d5bbee0eae7984f891d2d0f8c9; jvm 1.8.0_392-b08
2023-12-05 10:04:42,815 [main] INFO  server.session (DefaultSessionIdManager.java:doStart(334)) - DefaultSessionIdManager workerName=node0
2023-12-05 10:04:42,815 [main] INFO  server.session (DefaultSessionIdManager.java:doStart(339)) - No SessionScavenger set, using defaults
2023-12-05 10:04:42,816 [main] INFO  server.session (HouseKeeper.java:startScavenging(132)) - node0 Scavenging every 660000ms
2023-12-05 10:04:42,816 [main] INFO  handler.ContextHandler (ContextHandler.java:doStart(921)) - Started o.e.j.s.ServletContextHandler@2b6c562e{logs,/logs,file:///home/runner/work/ozone/ozone/hadoop-ozone/integration-test/target/log,AVAILABLE}
2023-12-05 10:04:42,817 [main] INFO  handler.ContextHandler (ContextHandler.java:doStart(921)) - Started o.e.j.s.ServletContextHandler@3dc55c7e{static,/static,file:///home/runner/work/ozone/ozone/hadoop-ozone/integration-test/target/test-classes/webapps/static,AVAILABLE}
2023-12-05 10:04:42,819 [main] INFO  handler.ContextHandler (ContextHandler.java:doStart(921)) - Started o.e.j.w.WebAppContext@38957508{ozoneManager,/,file:///home/runner/work/ozone/ozone/hadoop-ozone/integration-test/target/test-classes/webapps/ozoneManager/,AVAILABLE}{file:/home/runner/work/ozone/ozone/hadoop-ozone/integration-test/target/test-classes/webapps/ozoneManager}
2023-12-05 10:04:42,821 [main] INFO  server.AbstractConnector (AbstractConnector.java:doStart(333)) - Started ServerConnector@5b3349bb{HTTP/1.1, (http/1.1)}{0.0.0.0:15040}
2023-12-05 10:04:42,821 [main] INFO  server.Server (Server.java:doStart(415)) - Started @23485ms
2023-12-05 10:04:42,821 [main] WARN  impl.MetricsSystemImpl (MetricsSystemImpl.java:register(279)) - Sink prometheus already exists!
2023-12-05 10:04:42,822 [main] INFO  http.BaseHttpServer (BaseHttpServer.java:updateConnectorAddress(354)) - HTTP server of ozoneManager listening at http://0.0.0.0:15040
2023-12-05 10:04:42,822 [IPC Server Responder] INFO  ipc.Server (Server.java:run(1562)) - IPC Server Responder: starting
2023-12-05 10:04:42,822 [IPC Server listener on 15039] INFO  ipc.Server (Server.java:run(1402)) - IPC Server listener on 15039: starting
2023-12-05 10:04:42,828 [main] INFO  om.OzoneManager (OzoneManager.java:startTrashEmptier(2097)) - Trash Interval set to 0. Files deleted won't move to trash
2023-12-05 10:04:42,839 [main] WARN  dropwizard3.Dm3MetricRegistriesImpl (Dm3MetricRegistriesImpl.java:addReporterRegistration(113)) - New reporters are added after registries were created. Some metrics will be missing from the reporter. Please add reporter before adding any new registry.
2023-12-05 10:04:42,839 [main] WARN  dropwizard3.Dm3MetricRegistriesImpl (Dm3MetricRegistriesImpl.java:addReporterRegistration(113)) - New reporters are added after registries were created. Some metrics will be missing from the reporter. Please add reporter before adding any new registry.
2023-12-05 10:04:42,839 [main] INFO  impl.MetricsSystemImpl (MetricsSystemImpl.java:init(158)) - HddsDatanode metrics system started (again)
2023-12-05 10:04:42,847 [main] INFO  ozone.HddsDatanodeService (HddsDatanodeService.java:start(239)) - HddsDatanodeService host:fv-az884-53.nlrrjjsaionubk4jys1hz1dhmg.bx.internal.cloudapp.net ip:10.1.0.7
2023-12-05 10:04:42,871 [main] INFO  upgrade.AbstractLayoutVersionManager (AbstractLayoutVersionManager.java:init(83)) - Initializing Layout version manager with metadata layout = HADOOP_PRC_PORTS_IN_DATANODEDETAILS (version = 7), software layout = HADOOP_PRC_PORTS_IN_DATANODEDETAILS (version = 7)
2023-12-05 10:04:42,872 [main] INFO  statemachine.DatanodeStateMachine (DatanodeStateMachine.java:getEndPointTaskThreadPoolSize(299)) - Datanode State Machine Task Thread Pool size 2
2023-12-05 10:04:42,874 [main] INFO  volume.HddsVolume (HddsVolume.java:<init>(126)) - Creating HddsVolume: /home/runner/work/ozone/ozone/hadoop-ozone/integration-test/target/test-dir/MiniOzoneClusterImpl-1950aa9b-5d8b-4a5d-a98b-a91d287d75ff/datanode-0/data-0/containers/hdds of storage type : DISK capacity : 9223372036854775807
2023-12-05 10:04:42,874 [main] INFO  volume.MutableVolumeSet (MutableVolumeSet.java:initializeVolumeSet(173)) - Added Volume : /home/runner/work/ozone/ozone/hadoop-ozone/integration-test/target/test-dir/MiniOzoneClusterImpl-1950aa9b-5d8b-4a5d-a98b-a91d287d75ff/datanode-0/data-0/containers/hdds to VolumeSet
2023-12-05 10:04:42,875 [main] INFO  volume.MutableVolumeSet (MutableVolumeSet.java:initializeVolumeSet(173)) - Added Volume : /home/runner/work/ozone/ozone/hadoop-ozone/integration-test/target/test-dir/MiniOzoneClusterImpl-1950aa9b-5d8b-4a5d-a98b-a91d287d75ff/datanode-0/data/ratis to VolumeSet
2023-12-05 10:04:42,875 [main] INFO  ozoneimpl.OzoneContainer (HddsVolumeUtil.java:loadAllHddsVolumeDbStore(103)) - Load 1 volumes DbStore cost: 0ms
2023-12-05 10:04:42,880 [1875ca78-02f9-46a2-aa62-0847e90c9d54-ContainerReader-0] INFO  ozoneimpl.ContainerReader (ContainerReader.java:readVolume(177)) - Finish verifying containers on volume /home/runner/work/ozone/ozone/hadoop-ozone/integration-test/target/test-dir/MiniOzoneClusterImpl-1950aa9b-5d8b-4a5d-a98b-a91d287d75ff/datanode-0/data-0/containers/hdds
2023-12-05 10:04:42,880 [main] INFO  ozoneimpl.OzoneContainer (OzoneContainer.java:buildContainerSet(326)) - Build ContainerSet costs 0s
2023-12-05 10:04:42,885 [main] INFO  server.RaftServer (ConfUtils.java:logGet(46)) - raft.rpc.type = GRPC (default)
2023-12-05 10:04:42,885 [main] INFO  grpc.GrpcConfigKeys (ConfUtils.java:logFallback(53)) - raft.grpc.admin.host = null (fallback to raft.grpc.server.host)
2023-12-05 10:04:42,885 [main] INFO  grpc.GrpcConfigKeys (ConfUtils.java:logGet(46)) - raft.grpc.admin.port = 15048 (custom)
2023-12-05 10:04:42,885 [main] INFO  grpc.GrpcConfigKeys (ConfUtils.java:logFallback(53)) - raft.grpc.client.host = null (fallback to raft.grpc.server.host)
2023-12-05 10:04:42,886 [main] INFO  grpc.GrpcConfigKeys (ConfUtils.java:logGet(46)) - raft.grpc.client.port = 15047 (custom)
2023-12-05 10:04:42,886 [main] INFO  grpc.GrpcConfigKeys (ConfUtils.java:logGet(46)) - raft.grpc.server.host = null (default)
2023-12-05 10:04:42,886 [main] INFO  grpc.GrpcConfigKeys (ConfUtils.java:logGet(46)) - raft.grpc.server.port = 15049 (custom)
2023-12-05 10:04:42,886 [main] INFO  server.GrpcService (ConfUtils.java:logGet(46)) - raft.grpc.message.size.max = 32MB (=33554432) (custom)
2023-12-05 10:04:42,886 [main] INFO  server.RaftServerConfigKeys (ConfUtils.java:logGet(46)) - raft.server.log.appender.buffer.byte-limit = 8388608 (custom)
2023-12-05 10:04:42,887 [main] INFO  server.GrpcService (ConfUtils.java:logGet(46)) - raft.grpc.flow.control.window = 5MB (=5242880) (custom)
2023-12-05 10:04:42,887 [main] INFO  server.RaftServerConfigKeys (ConfUtils.java:logGet(46)) - raft.server.rpc.request.timeout = 60s (custom)
2023-12-05 10:04:42,887 [main] INFO  grpc.GrpcConfigKeys (ConfUtils.java:logGet(46)) - raft.grpc.server.heartbeat.channel = true (default)
2023-12-05 10:04:42,887 [main] INFO  grpc.GrpcConfigKeys (ConfUtils.java:logGet(46)) - raft.grpc.server.async.request.thread.pool.cached = true (default)
2023-12-05 10:04:42,887 [main] INFO  grpc.GrpcConfigKeys (ConfUtils.java:logGet(46)) - raft.grpc.server.async.request.thread.pool.size = 32 (default)
2023-12-05 10:04:42,890 [main] INFO  impl.DataStreamServerImpl (ConfUtils.java:logGet(46)) - raft.datastream.type = NETTY (custom)
2023-12-05 10:04:42,890 [main] INFO  server.RaftServerConfigKeys (ConfUtils.java:logGet(46)) - raft.server.data-stream.async.request.thread.pool.cached = false (default)
2023-12-05 10:04:42,890 [main] INFO  server.RaftServerConfigKeys (ConfUtils.java:logGet(46)) - raft.server.data-stream.async.request.thread.pool.size = 20 (custom)
2023-12-05 10:04:42,891 [main] INFO  server.RaftServerConfigKeys (ConfUtils.java:logGet(46)) - raft.server.data-stream.async.write.thread.pool.size = 16 (default)
2023-12-05 10:04:42,891 [main] INFO  netty.NettyConfigKeys$DataStream (ConfUtils.java:logGet(46)) - raft.netty.dataStream.server.channel.inactive.grace-period = 10min (default)
2023-12-05 10:04:42,891 [main] INFO  server.RaftServerConfigKeys (ConfUtils.java:logGet(46)) - raft.server.data-stream.client.pool.size = 10 (default)
2023-12-05 10:04:42,891 [main] INFO  netty.NettyConfigKeys$DataStream (ConfUtils.java:logGet(46)) - raft.netty.dataStream.server.use-epoll = true (default)
2023-12-05 10:04:42,891 [main] INFO  netty.NettyConfigKeys$DataStream (ConfUtils.java:logGet(46)) - raft.netty.dataStream.server.boss-group.size = 0 (default)
2023-12-05 10:04:42,892 [main] INFO  netty.NettyUtils (NettyUtils.java:newEventLoopGroup(69)) - Create EpollEventLoopGroup for 1875ca78-02f9-46a2-aa62-0847e90c9d54-NettyServerStreamRpc-bossGroup; Thread size is 0.
2023-12-05 10:04:42,892 [main] INFO  netty.NettyConfigKeys$DataStream (ConfUtils.java:logGet(46)) - raft.netty.dataStream.server.worker-group.size = 0 (default)
2023-12-05 10:04:42,892 [main] INFO  netty.NettyUtils (NettyUtils.java:newEventLoopGroup(69)) - Create EpollEventLoopGroup for 1875ca78-02f9-46a2-aa62-0847e90c9d54-NettyServerStreamRpc-workerGroup; Thread size is 0.
2023-12-05 10:04:42,893 [main] INFO  netty.NettyConfigKeys$DataStream (ConfUtils.java:logGet(46)) - raft.netty.dataStream.server.tls.conf = null (default)
2023-12-05 10:04:42,893 [main] INFO  netty.NettyConfigKeys$DataStream (ConfUtils.java:logGet(46)) - raft.netty.dataStream.host = null (default)
2023-12-05 10:04:42,893 [main] INFO  netty.NettyConfigKeys$DataStream (ConfUtils.java:logGet(46)) - raft.netty.dataStream.port = 15050 (custom)
2023-12-05 10:04:42,900 [main] INFO  server.RaftServerConfigKeys (ConfUtils.java:logGet(46)) - raft.server.sleep.deviation.threshold = 300ms (default)
2023-12-05 10:04:42,900 [main] INFO  server.RaftServerConfigKeys (ConfUtils.java:logGet(46)) - raft.server.close.threshold = 60s (default)
2023-12-05 10:04:42,900 [main] INFO  server.RaftServerConfigKeys (ConfUtils.java:logGet(46)) - raft.server.leaderelection.leader.step-down.wait-time = 10s (default)
2023-12-05 10:04:42,901 [main] INFO  server.RaftServerConfigKeys (ConfUtils.java:logGet(46)) - raft.server.storage.dir = [/home/runner/work/ozone/ozone/hadoop-ozone/integration-test/target/test-dir/MiniOzoneClusterImpl-1950aa9b-5d8b-4a5d-a98b-a91d287d75ff/datanode-0/data/ratis] (custom)
2023-12-05 10:04:42,901 [main] INFO  server.RaftServerConfigKeys (ConfUtils.java:logGet(46)) - raft.server.threadpool.proxy.cached = true (default)
2023-12-05 10:04:42,901 [main] INFO  server.RaftServerConfigKeys (ConfUtils.java:logGet(46)) - raft.server.threadpool.proxy.size = 0 (default)
2023-12-05 10:04:42,901 [1875ca78-02f9-46a2-aa62-0847e90c9d54-NettyServerStreamRpc-bossGroup--thread1] INFO  logging.LoggingHandler (AbstractInternalLogger.java:log(148)) - [id: 0x2a2e6f22] REGISTERED
2023-12-05 10:04:42,901 [1875ca78-02f9-46a2-aa62-0847e90c9d54-impl-thread1] INFO  server.RaftServer (RaftServerProxy.java:initGroupDir(264)) - 1875ca78-02f9-46a2-aa62-0847e90c9d54: found a subdirectory /home/runner/work/ozone/ozone/hadoop-ozone/integration-test/target/test-dir/MiniOzoneClusterImpl-1950aa9b-5d8b-4a5d-a98b-a91d287d75ff/datanode-0/data/ratis/tmp
2023-12-05 10:04:42,901 [1875ca78-02f9-46a2-aa62-0847e90c9d54-NettyServerStreamRpc-bossGroup--thread1] INFO  logging.LoggingHandler (AbstractInternalLogger.java:log(148)) - [id: 0x2a2e6f22] BIND: 0.0.0.0/0.0.0.0:15050
2023-12-05 10:04:42,901 [1875ca78-02f9-46a2-aa62-0847e90c9d54-impl-thread1] INFO  server.RaftServer (RaftServerProxy.java:initGroupDir(269)) - 1875ca78-02f9-46a2-aa62-0847e90c9d54: The directory /home/runner/work/ozone/ozone/hadoop-ozone/integration-test/target/test-dir/MiniOzoneClusterImpl-1950aa9b-5d8b-4a5d-a98b-a91d287d75ff/datanode-0/data/ratis/tmp is not a group directory; ignoring it. 
2023-12-05 10:04:42,902 [1875ca78-02f9-46a2-aa62-0847e90c9d54-NettyServerStreamRpc-bossGroup--thread1] INFO  logging.LoggingHandler (AbstractInternalLogger.java:log(148)) - [id: 0x2a2e6f22, L:/0.0.0.0:15050] ACTIVE
2023-12-05 10:04:42,902 [main] INFO  replication.ReplicationServer (ReplicationServer.java:<init>(85)) - Initializing replication server with thread count = 10 queue length = 4096
2023-12-05 10:04:42,903 [main] INFO  server.XceiverServerGrpc (XceiverServerGrpc.java:<init>(141)) - GrpcServer channel type EpollServerSocketChannel
2023-12-05 10:04:42,905 [main] INFO  replication.ReplicationSupervisor (ReplicationSupervisor.java:build(163)) - Initializing replication supervisor with thread count = 10
2023-12-05 10:04:42,905 [main] INFO  replication.ReplicationSupervisor (ReplicationSupervisor.java:nodeStateUpdated(317)) - Node state updated to IN_SERVICE, scaling executor pool size to 10
2023-12-05 10:04:42,907 [main] INFO  http.BaseHttpServer (BaseHttpServer.java:newHttpServer2BuilderForOzone(223)) - Starting Web-server for hddsDatanode at: http://0.0.0.0:15044
2023-12-05 10:04:42,908 [main] INFO  http.BaseHttpServer (BaseHttpServer.java:<init>(110)) - Hadoop Security Enabled: false Ozone Security Enabled: false Ozone HTTP Security Enabled: false 
2023-12-05 10:04:42,909 [main] WARN  server.AuthenticationFilter (AuthenticationFilter.java:constructSecretProvider(240)) - Unable to initialize FileSignerSecretProvider, falling back to use random secrets. Reason: Could not read signature secret file: /home/runner/hadoop-http-auth-signature-secret
2023-12-05 10:04:42,920 [main] INFO  http.HttpRequestLog (HttpRequestLog.java:getRequestLog(86)) - Http request log for http.requests.hddsDatanode is not defined
2023-12-05 10:04:42,921 [main] INFO  http.HttpServer2 (HttpServer2.java:addGlobalFilter(1031)) - Added global filter 'safety' (class=org.apache.hadoop.hdds.server.http.HttpServer2$QuotingInputFilter)
2023-12-05 10:04:42,922 [main] INFO  http.HttpServer2 (HttpServer2.java:addFilter(1007)) - Added filter static_user_filter (class=org.apache.hadoop.http.lib.StaticUserWebFilter$StaticUserFilter) to context hddsDatanode
2023-12-05 10:04:42,922 [main] INFO  http.HttpServer2 (HttpServer2.java:addFilter(1015)) - Added filter static_user_filter (class=org.apache.hadoop.http.lib.StaticUserWebFilter$StaticUserFilter) to context logs
2023-12-05 10:04:42,922 [main] INFO  http.HttpServer2 (HttpServer2.java:addFilter(1015)) - Added filter static_user_filter (class=org.apache.hadoop.http.lib.StaticUserWebFilter$StaticUserFilter) to context static
2023-12-05 10:04:42,923 [main] INFO  http.BaseHttpServer (BaseHttpServer.java:<init>(189)) - HTTP server of hddsDatanode uses base directory /home/runner/work/ozone/ozone/hadoop-ozone/integration-test/target/test-dir/MiniOzoneClusterImpl-1950aa9b-5d8b-4a5d-a98b-a91d287d75ff/datanode-0/meta/webserver
2023-12-05 10:04:42,923 [main] INFO  http.HttpServer2 (HttpServer2.java:bindListener(1231)) - Jetty bound to port 15044
2023-12-05 10:04:42,923 [main] INFO  server.Server (Server.java:doStart(375)) - jetty-9.4.53.v20231009; built: 2023-10-09T12:29:09.265Z; git: 27bde00a0b95a1d5bbee0eae7984f891d2d0f8c9; jvm 1.8.0_392-b08
2023-12-05 10:04:42,925 [main] INFO  server.session (DefaultSessionIdManager.java:doStart(334)) - DefaultSessionIdManager workerName=node0
2023-12-05 10:04:42,925 [main] INFO  server.session (DefaultSessionIdManager.java:doStart(339)) - No SessionScavenger set, using defaults
2023-12-05 10:04:42,925 [main] INFO  server.session (HouseKeeper.java:startScavenging(132)) - node0 Scavenging every 600000ms
2023-12-05 10:04:42,927 [main] INFO  handler.ContextHandler (ContextHandler.java:doStart(921)) - Started o.e.j.s.ServletContextHandler@88e78{logs,/logs,file:///home/runner/work/ozone/ozone/hadoop-ozone/integration-test/target/log,AVAILABLE}
2023-12-05 10:04:42,927 [main] INFO  handler.ContextHandler (ContextHandler.java:doStart(921)) - Started o.e.j.s.ServletContextHandler@54242d9f{static,/static,jar:file:/home/runner/.m2/repository/org/apache/ozone/hdds-container-service/1.4.0-SNAPSHOT/hdds-container-service-1.4.0-SNAPSHOT.jar!/webapps/static,AVAILABLE}
2023-12-05 10:04:42,963 [main] INFO  handler.ContextHandler (ContextHandler.java:doStart(921)) - Started o.e.j.w.WebAppContext@7af48227{hddsDatanode,/,file:///home/runner/work/ozone/ozone/hadoop-ozone/integration-test/target/test-dir/MiniOzoneClusterImpl-1950aa9b-5d8b-4a5d-a98b-a91d287d75ff/datanode-0/meta/webserver/jetty-0_0_0_0-15044-hdds-container-service-1_4_0-SNAPSHOT_jar-_-any-2536616094175601235/webapp/,AVAILABLE}{jar:file:/home/runner/.m2/repository/org/apache/ozone/hdds-container-service/1.4.0-SNAPSHOT/hdds-container-service-1.4.0-SNAPSHOT.jar!/webapps/hddsDatanode}
2023-12-05 10:04:42,964 [main] INFO  server.AbstractConnector (AbstractConnector.java:doStart(333)) - Started ServerConnector@8717557{HTTP/1.1, (http/1.1)}{0.0.0.0:15044}
2023-12-05 10:04:42,964 [main] INFO  server.Server (Server.java:doStart(415)) - Started @23628ms
2023-12-05 10:04:42,964 [main] WARN  impl.MetricsSystemImpl (MetricsSystemImpl.java:register(279)) - Sink prometheus already exists!
2023-12-05 10:04:42,965 [main] INFO  http.BaseHttpServer (BaseHttpServer.java:updateConnectorAddress(354)) - HTTP server of hddsDatanode listening at http://0.0.0.0:15044
2023-12-05 10:04:42,966 [main] INFO  ipc.CallQueueManager (CallQueueManager.java:<init>(90)) - Using callQueue: class java.util.concurrent.LinkedBlockingQueue, queueCapacity: 100, scheduler: class org.apache.hadoop.ipc.DefaultRpcScheduler, ipcBackoff: false.
2023-12-05 10:04:42,966 [main] INFO  ipc.Server (Server.java:<init>(1287)) - Listener at 0.0.0.0:15045
2023-12-05 10:04:42,966 [Socket Reader #1 for port 15045] INFO  ipc.Server (Server.java:run(1323)) - Starting Socket Reader #1 for port 15045
2023-12-05 10:04:42,968 [main] INFO  ozone.HddsDatanodeService (HddsDatanodeService.java:start(324)) - Datanode start with admins: [runner]
2023-12-05 10:04:42,968 [main] INFO  ozone.HddsDatanodeClientProtocolServer (HddsDatanodeClientProtocolServer.java:start(72)) - RPC server for Client /0.0.0.0:15045
2023-12-05 10:04:42,969 [IPC Server Responder] INFO  ipc.Server (Server.java:run(1562)) - IPC Server Responder: starting
2023-12-05 10:04:42,970 [IPC Server listener on 15045] INFO  ipc.Server (Server.java:run(1402)) - IPC Server listener on 15045: starting
2023-12-05 10:04:42,971 [1875ca78-02f9-46a2-aa62-0847e90c9d54-DatanodeStateMachineDaemonThread] INFO  statemachine.DatanodeStateMachine (DatanodeStateMachine.java:lambda$startDaemon$1(555)) - Ozone container server started.
2023-12-05 10:04:42,971 [main] WARN  dropwizard3.Dm3MetricRegistriesImpl (Dm3MetricRegistriesImpl.java:addReporterRegistration(113)) - New reporters are added after registries were created. Some metrics will be missing from the reporter. Please add reporter before adding any new registry.
2023-12-05 10:04:42,972 [main] WARN  dropwizard3.Dm3MetricRegistriesImpl (Dm3MetricRegistriesImpl.java:addReporterRegistration(113)) - New reporters are added after registries were created. Some metrics will be missing from the reporter. Please add reporter before adding any new registry.
2023-12-05 10:04:42,972 [main] INFO  impl.MetricsSystemImpl (MetricsSystemImpl.java:init(158)) - HddsDatanode metrics system started (again)
2023-12-05 10:04:42,976 [1875ca78-02f9-46a2-aa62-0847e90c9d54-DatanodeStateMachineTaskThread-0] INFO  datanode.InitDatanodeState (InitDatanodeState.java:persistContainerDatanodeDetails(139)) - DatanodeDetails is persisted to /home/runner/work/ozone/ozone/hadoop-ozone/integration-test/target/test-dir/MiniOzoneClusterImpl-1950aa9b-5d8b-4a5d-a98b-a91d287d75ff/datanode-0/meta/datanode.id
2023-12-05 10:04:42,985 [main] INFO  ozone.HddsDatanodeService (HddsDatanodeService.java:start(239)) - HddsDatanodeService host:fv-az884-53.nlrrjjsaionubk4jys1hz1dhmg.bx.internal.cloudapp.net ip:10.1.0.7
2023-12-05 10:04:43,005 [main] INFO  upgrade.AbstractLayoutVersionManager (AbstractLayoutVersionManager.java:init(83)) - Initializing Layout version manager with metadata layout = HADOOP_PRC_PORTS_IN_DATANODEDETAILS (version = 7), software layout = HADOOP_PRC_PORTS_IN_DATANODEDETAILS (version = 7)
2023-12-05 10:04:43,005 [main] INFO  statemachine.DatanodeStateMachine (DatanodeStateMachine.java:getEndPointTaskThreadPoolSize(299)) - Datanode State Machine Task Thread Pool size 2
2023-12-05 10:04:43,007 [main] INFO  volume.HddsVolume (HddsVolume.java:<init>(126)) - Creating HddsVolume: /home/runner/work/ozone/ozone/hadoop-ozone/integration-test/target/test-dir/MiniOzoneClusterImpl-1950aa9b-5d8b-4a5d-a98b-a91d287d75ff/datanode-1/data-0/containers/hdds of storage type : DISK capacity : 9223372036854775807
2023-12-05 10:04:43,008 [main] INFO  volume.MutableVolumeSet (MutableVolumeSet.java:initializeVolumeSet(173)) - Added Volume : /home/runner/work/ozone/ozone/hadoop-ozone/integration-test/target/test-dir/MiniOzoneClusterImpl-1950aa9b-5d8b-4a5d-a98b-a91d287d75ff/datanode-1/data-0/containers/hdds to VolumeSet
2023-12-05 10:04:43,009 [main] INFO  volume.MutableVolumeSet (MutableVolumeSet.java:initializeVolumeSet(173)) - Added Volume : /home/runner/work/ozone/ozone/hadoop-ozone/integration-test/target/test-dir/MiniOzoneClusterImpl-1950aa9b-5d8b-4a5d-a98b-a91d287d75ff/datanode-1/data/ratis to VolumeSet
2023-12-05 10:04:43,009 [main] INFO  ozoneimpl.OzoneContainer (HddsVolumeUtil.java:loadAllHddsVolumeDbStore(103)) - Load 1 volumes DbStore cost: 0ms
2023-12-05 10:04:43,010 [86e7a8c2-7a3b-42b5-8c24-f179534e156f-ContainerReader-0] INFO  ozoneimpl.ContainerReader (ContainerReader.java:readVolume(177)) - Finish verifying containers on volume /home/runner/work/ozone/ozone/hadoop-ozone/integration-test/target/test-dir/MiniOzoneClusterImpl-1950aa9b-5d8b-4a5d-a98b-a91d287d75ff/datanode-1/data-0/containers/hdds
2023-12-05 10:04:43,010 [main] INFO  ozoneimpl.OzoneContainer (OzoneContainer.java:buildContainerSet(326)) - Build ContainerSet costs 0s
2023-12-05 10:04:43,013 [main] INFO  server.RaftServer (ConfUtils.java:logGet(46)) - raft.rpc.type = GRPC (default)
2023-12-05 10:04:43,014 [main] INFO  grpc.GrpcConfigKeys (ConfUtils.java:logFallback(53)) - raft.grpc.admin.host = null (fallback to raft.grpc.server.host)
2023-12-05 10:04:43,014 [main] INFO  grpc.GrpcConfigKeys (ConfUtils.java:logGet(46)) - raft.grpc.admin.port = 15057 (custom)
2023-12-05 10:04:43,014 [main] INFO  grpc.GrpcConfigKeys (ConfUtils.java:logFallback(53)) - raft.grpc.client.host = null (fallback to raft.grpc.server.host)
2023-12-05 10:04:43,014 [main] INFO  grpc.GrpcConfigKeys (ConfUtils.java:logGet(46)) - raft.grpc.client.port = 15056 (custom)
2023-12-05 10:04:43,015 [main] INFO  grpc.GrpcConfigKeys (ConfUtils.java:logGet(46)) - raft.grpc.server.host = null (default)
2023-12-05 10:04:43,015 [main] INFO  grpc.GrpcConfigKeys (ConfUtils.java:logGet(46)) - raft.grpc.server.port = 15058 (custom)
2023-12-05 10:04:43,015 [main] INFO  server.GrpcService (ConfUtils.java:logGet(46)) - raft.grpc.message.size.max = 32MB (=33554432) (custom)
2023-12-05 10:04:43,016 [main] INFO  server.RaftServerConfigKeys (ConfUtils.java:logGet(46)) - raft.server.log.appender.buffer.byte-limit = 8388608 (custom)
2023-12-05 10:04:43,016 [main] INFO  server.GrpcService (ConfUtils.java:logGet(46)) - raft.grpc.flow.control.window = 5MB (=5242880) (custom)
2023-12-05 10:04:43,016 [main] INFO  server.RaftServerConfigKeys (ConfUtils.java:logGet(46)) - raft.server.rpc.request.timeout = 60s (custom)
2023-12-05 10:04:43,017 [main] INFO  grpc.GrpcConfigKeys (ConfUtils.java:logGet(46)) - raft.grpc.server.heartbeat.channel = true (default)
2023-12-05 10:04:43,017 [main] INFO  grpc.GrpcConfigKeys (ConfUtils.java:logGet(46)) - raft.grpc.server.async.request.thread.pool.cached = true (default)
2023-12-05 10:04:43,017 [main] INFO  grpc.GrpcConfigKeys (ConfUtils.java:logGet(46)) - raft.grpc.server.async.request.thread.pool.size = 32 (default)
2023-12-05 10:04:43,020 [main] INFO  impl.DataStreamServerImpl (ConfUtils.java:logGet(46)) - raft.datastream.type = NETTY (custom)
2023-12-05 10:04:43,020 [main] INFO  server.RaftServerConfigKeys (ConfUtils.java:logGet(46)) - raft.server.data-stream.async.request.thread.pool.cached = false (default)
2023-12-05 10:04:43,021 [main] INFO  server.RaftServerConfigKeys (ConfUtils.java:logGet(46)) - raft.server.data-stream.async.request.thread.pool.size = 20 (custom)
2023-12-05 10:04:43,021 [main] INFO  server.RaftServerConfigKeys (ConfUtils.java:logGet(46)) - raft.server.data-stream.async.write.thread.pool.size = 16 (default)
2023-12-05 10:04:43,021 [main] INFO  netty.NettyConfigKeys$DataStream (ConfUtils.java:logGet(46)) - raft.netty.dataStream.server.channel.inactive.grace-period = 10min (default)
2023-12-05 10:04:43,021 [main] INFO  server.RaftServerConfigKeys (ConfUtils.java:logGet(46)) - raft.server.data-stream.client.pool.size = 10 (default)
2023-12-05 10:04:43,022 [main] INFO  netty.NettyConfigKeys$DataStream (ConfUtils.java:logGet(46)) - raft.netty.dataStream.server.use-epoll = true (default)
2023-12-05 10:04:43,022 [main] INFO  netty.NettyConfigKeys$DataStream (ConfUtils.java:logGet(46)) - raft.netty.dataStream.server.boss-group.size = 0 (default)
2023-12-05 10:04:43,022 [main] INFO  netty.NettyUtils (NettyUtils.java:newEventLoopGroup(69)) - Create EpollEventLoopGroup for 86e7a8c2-7a3b-42b5-8c24-f179534e156f-NettyServerStreamRpc-bossGroup; Thread size is 0.
2023-12-05 10:04:43,023 [main] INFO  netty.NettyConfigKeys$DataStream (ConfUtils.java:logGet(46)) - raft.netty.dataStream.server.worker-group.size = 0 (default)
2023-12-05 10:04:43,023 [main] INFO  netty.NettyUtils (NettyUtils.java:newEventLoopGroup(69)) - Create EpollEventLoopGroup for 86e7a8c2-7a3b-42b5-8c24-f179534e156f-NettyServerStreamRpc-workerGroup; Thread size is 0.
2023-12-05 10:04:43,024 [main] INFO  netty.NettyConfigKeys$DataStream (ConfUtils.java:logGet(46)) - raft.netty.dataStream.server.tls.conf = null (default)
2023-12-05 10:04:43,024 [main] INFO  netty.NettyConfigKeys$DataStream (ConfUtils.java:logGet(46)) - raft.netty.dataStream.host = null (default)
2023-12-05 10:04:43,024 [main] INFO  netty.NettyConfigKeys$DataStream (ConfUtils.java:logGet(46)) - raft.netty.dataStream.port = 15059 (custom)
2023-12-05 10:04:43,025 [main] INFO  server.RaftServerConfigKeys (ConfUtils.java:logGet(46)) - raft.server.sleep.deviation.threshold = 300ms (default)
2023-12-05 10:04:43,026 [main] INFO  server.RaftServerConfigKeys (ConfUtils.java:logGet(46)) - raft.server.close.threshold = 60s (default)
2023-12-05 10:04:43,026 [main] INFO  server.RaftServerConfigKeys (ConfUtils.java:logGet(46)) - raft.server.leaderelection.leader.step-down.wait-time = 10s (default)
2023-12-05 10:04:43,026 [main] INFO  server.RaftServerConfigKeys (ConfUtils.java:logGet(46)) - raft.server.storage.dir = [/home/runner/work/ozone/ozone/hadoop-ozone/integration-test/target/test-dir/MiniOzoneClusterImpl-1950aa9b-5d8b-4a5d-a98b-a91d287d75ff/datanode-1/data/ratis] (custom)
2023-12-05 10:04:43,027 [main] INFO  server.RaftServerConfigKeys (ConfUtils.java:logGet(46)) - raft.server.threadpool.proxy.cached = true (default)
2023-12-05 10:04:43,027 [main] INFO  server.RaftServerConfigKeys (ConfUtils.java:logGet(46)) - raft.server.threadpool.proxy.size = 0 (default)
2023-12-05 10:04:43,025 [86e7a8c2-7a3b-42b5-8c24-f179534e156f-NettyServerStreamRpc-bossGroup--thread1] INFO  logging.LoggingHandler (AbstractInternalLogger.java:log(148)) - [id: 0x313e8974] REGISTERED
2023-12-05 10:04:43,027 [86e7a8c2-7a3b-42b5-8c24-f179534e156f-impl-thread1] INFO  server.RaftServer (RaftServerProxy.java:initGroupDir(264)) - 86e7a8c2-7a3b-42b5-8c24-f179534e156f: found a subdirectory /home/runner/work/ozone/ozone/hadoop-ozone/integration-test/target/test-dir/MiniOzoneClusterImpl-1950aa9b-5d8b-4a5d-a98b-a91d287d75ff/datanode-1/data/ratis/tmp
2023-12-05 10:04:43,028 [86e7a8c2-7a3b-42b5-8c24-f179534e156f-impl-thread1] INFO  server.RaftServer (RaftServerProxy.java:initGroupDir(269)) - 86e7a8c2-7a3b-42b5-8c24-f179534e156f: The directory /home/runner/work/ozone/ozone/hadoop-ozone/integration-test/target/test-dir/MiniOzoneClusterImpl-1950aa9b-5d8b-4a5d-a98b-a91d287d75ff/datanode-1/data/ratis/tmp is not a group directory; ignoring it. 
2023-12-05 10:04:43,028 [main] INFO  replication.ReplicationServer (ReplicationServer.java:<init>(85)) - Initializing replication server with thread count = 10 queue length = 4096
2023-12-05 10:04:43,028 [86e7a8c2-7a3b-42b5-8c24-f179534e156f-NettyServerStreamRpc-bossGroup--thread1] INFO  logging.LoggingHandler (AbstractInternalLogger.java:log(148)) - [id: 0x313e8974] BIND: 0.0.0.0/0.0.0.0:15059
2023-12-05 10:04:43,029 [main] INFO  server.XceiverServerGrpc (XceiverServerGrpc.java:<init>(141)) - GrpcServer channel type EpollServerSocketChannel
2023-12-05 10:04:43,030 [86e7a8c2-7a3b-42b5-8c24-f179534e156f-NettyServerStreamRpc-bossGroup--thread1] INFO  logging.LoggingHandler (AbstractInternalLogger.java:log(148)) - [id: 0x313e8974, L:/0.0.0.0:15059] ACTIVE
2023-12-05 10:04:43,032 [main] INFO  replication.ReplicationSupervisor (ReplicationSupervisor.java:build(163)) - Initializing replication supervisor with thread count = 10
2023-12-05 10:04:43,032 [main] INFO  replication.ReplicationSupervisor (ReplicationSupervisor.java:nodeStateUpdated(317)) - Node state updated to IN_SERVICE, scaling executor pool size to 10
2023-12-05 10:04:43,039 [main] INFO  http.BaseHttpServer (BaseHttpServer.java:newHttpServer2BuilderForOzone(223)) - Starting Web-server for hddsDatanode at: http://0.0.0.0:15053
2023-12-05 10:04:43,040 [main] INFO  http.BaseHttpServer (BaseHttpServer.java:<init>(110)) - Hadoop Security Enabled: false Ozone Security Enabled: false Ozone HTTP Security Enabled: false 
2023-12-05 10:04:43,042 [main] WARN  server.AuthenticationFilter (AuthenticationFilter.java:constructSecretProvider(240)) - Unable to initialize FileSignerSecretProvider, falling back to use random secrets. Reason: Could not read signature secret file: /home/runner/hadoop-http-auth-signature-secret
2023-12-05 10:04:43,044 [main] INFO  http.HttpRequestLog (HttpRequestLog.java:getRequestLog(86)) - Http request log for http.requests.hddsDatanode is not defined
2023-12-05 10:04:43,046 [main] INFO  http.HttpServer2 (HttpServer2.java:addGlobalFilter(1031)) - Added global filter 'safety' (class=org.apache.hadoop.hdds.server.http.HttpServer2$QuotingInputFilter)
2023-12-05 10:04:43,047 [main] INFO  http.HttpServer2 (HttpServer2.java:addFilter(1007)) - Added filter static_user_filter (class=org.apache.hadoop.http.lib.StaticUserWebFilter$StaticUserFilter) to context hddsDatanode
2023-12-05 10:04:43,048 [main] INFO  http.HttpServer2 (HttpServer2.java:addFilter(1015)) - Added filter static_user_filter (class=org.apache.hadoop.http.lib.StaticUserWebFilter$StaticUserFilter) to context static
2023-12-05 10:04:43,048 [main] INFO  http.HttpServer2 (HttpServer2.java:addFilter(1015)) - Added filter static_user_filter (class=org.apache.hadoop.http.lib.StaticUserWebFilter$StaticUserFilter) to context logs
2023-12-05 10:04:43,049 [main] INFO  http.BaseHttpServer (BaseHttpServer.java:<init>(189)) - HTTP server of hddsDatanode uses base directory /home/runner/work/ozone/ozone/hadoop-ozone/integration-test/target/test-dir/MiniOzoneClusterImpl-1950aa9b-5d8b-4a5d-a98b-a91d287d75ff/datanode-1/meta/webserver
2023-12-05 10:04:43,050 [main] INFO  http.HttpServer2 (HttpServer2.java:bindListener(1231)) - Jetty bound to port 15053
2023-12-05 10:04:43,050 [main] INFO  server.Server (Server.java:doStart(375)) - jetty-9.4.53.v20231009; built: 2023-10-09T12:29:09.265Z; git: 27bde00a0b95a1d5bbee0eae7984f891d2d0f8c9; jvm 1.8.0_392-b08
2023-12-05 10:04:43,087 [main] INFO  server.session (DefaultSessionIdManager.java:doStart(334)) - DefaultSessionIdManager workerName=node0
2023-12-05 10:04:43,087 [main] INFO  server.session (DefaultSessionIdManager.java:doStart(339)) - No SessionScavenger set, using defaults
2023-12-05 10:04:43,087 [main] INFO  server.session (HouseKeeper.java:startScavenging(132)) - node0 Scavenging every 600000ms
2023-12-05 10:04:43,088 [main] INFO  handler.ContextHandler (ContextHandler.java:doStart(921)) - Started o.e.j.s.ServletContextHandler@5b7b8a84{logs,/logs,file:///home/runner/work/ozone/ozone/hadoop-ozone/integration-test/target/log,AVAILABLE}
2023-12-05 10:04:43,089 [main] INFO  handler.ContextHandler (ContextHandler.java:doStart(921)) - Started o.e.j.s.ServletContextHandler@49b126e9{static,/static,jar:file:/home/runner/.m2/repository/org/apache/ozone/hdds-container-service/1.4.0-SNAPSHOT/hdds-container-service-1.4.0-SNAPSHOT.jar!/webapps/static,AVAILABLE}
2023-12-05 10:04:43,134 [main] INFO  handler.ContextHandler (ContextHandler.java:doStart(921)) - Started o.e.j.w.WebAppContext@23a3e942{hddsDatanode,/,file:///home/runner/work/ozone/ozone/hadoop-ozone/integration-test/target/test-dir/MiniOzoneClusterImpl-1950aa9b-5d8b-4a5d-a98b-a91d287d75ff/datanode-1/meta/webserver/jetty-0_0_0_0-15053-hdds-container-service-1_4_0-SNAPSHOT_jar-_-any-6537290011664661934/webapp/,AVAILABLE}{jar:file:/home/runner/.m2/repository/org/apache/ozone/hdds-container-service/1.4.0-SNAPSHOT/hdds-container-service-1.4.0-SNAPSHOT.jar!/webapps/hddsDatanode}
2023-12-05 10:04:43,135 [main] INFO  server.AbstractConnector (AbstractConnector.java:doStart(333)) - Started ServerConnector@6ad85c00{HTTP/1.1, (http/1.1)}{0.0.0.0:15053}
2023-12-05 10:04:43,135 [main] INFO  server.Server (Server.java:doStart(415)) - Started @23799ms
2023-12-05 10:04:43,135 [main] WARN  impl.MetricsSystemImpl (MetricsSystemImpl.java:register(279)) - Sink prometheus already exists!
2023-12-05 10:04:43,136 [main] INFO  http.BaseHttpServer (BaseHttpServer.java:updateConnectorAddress(354)) - HTTP server of hddsDatanode listening at http://0.0.0.0:15053
2023-12-05 10:04:43,136 [main] INFO  ipc.CallQueueManager (CallQueueManager.java:<init>(90)) - Using callQueue: class java.util.concurrent.LinkedBlockingQueue, queueCapacity: 100, scheduler: class org.apache.hadoop.ipc.DefaultRpcScheduler, ipcBackoff: false.
2023-12-05 10:04:43,136 [main] INFO  ipc.Server (Server.java:<init>(1287)) - Listener at 0.0.0.0:15054
2023-12-05 10:04:43,137 [Socket Reader #1 for port 15054] INFO  ipc.Server (Server.java:run(1323)) - Starting Socket Reader #1 for port 15054
2023-12-05 10:04:43,144 [main] INFO  ozone.HddsDatanodeService (HddsDatanodeService.java:start(324)) - Datanode start with admins: [runner]
2023-12-05 10:04:43,145 [main] INFO  ozone.HddsDatanodeClientProtocolServer (HddsDatanodeClientProtocolServer.java:start(72)) - RPC server for Client /0.0.0.0:15054
2023-12-05 10:04:43,145 [IPC Server Responder] INFO  ipc.Server (Server.java:run(1562)) - IPC Server Responder: starting
2023-12-05 10:04:43,149 [86e7a8c2-7a3b-42b5-8c24-f179534e156f-DatanodeStateMachineDaemonThread] INFO  statemachine.DatanodeStateMachine (DatanodeStateMachine.java:lambda$startDaemon$1(555)) - Ozone container server started.
2023-12-05 10:04:43,150 [IPC Server listener on 15054] INFO  ipc.Server (Server.java:run(1402)) - IPC Server listener on 15054: starting
2023-12-05 10:04:43,156 [main] WARN  dropwizard3.Dm3MetricRegistriesImpl (Dm3MetricRegistriesImpl.java:addReporterRegistration(113)) - New reporters are added after registries were created. Some metrics will be missing from the reporter. Please add reporter before adding any new registry.
2023-12-05 10:04:43,156 [main] WARN  dropwizard3.Dm3MetricRegistriesImpl (Dm3MetricRegistriesImpl.java:addReporterRegistration(113)) - New reporters are added after registries were created. Some metrics will be missing from the reporter. Please add reporter before adding any new registry.
2023-12-05 10:04:43,156 [main] INFO  impl.MetricsSystemImpl (MetricsSystemImpl.java:init(158)) - HddsDatanode metrics system started (again)
2023-12-05 10:04:43,166 [86e7a8c2-7a3b-42b5-8c24-f179534e156f-DatanodeStateMachineTaskThread-0] INFO  datanode.InitDatanodeState (InitDatanodeState.java:persistContainerDatanodeDetails(139)) - DatanodeDetails is persisted to /home/runner/work/ozone/ozone/hadoop-ozone/integration-test/target/test-dir/MiniOzoneClusterImpl-1950aa9b-5d8b-4a5d-a98b-a91d287d75ff/datanode-1/meta/datanode.id
2023-12-05 10:04:43,172 [main] INFO  ozone.HddsDatanodeService (HddsDatanodeService.java:start(239)) - HddsDatanodeService host:fv-az884-53.nlrrjjsaionubk4jys1hz1dhmg.bx.internal.cloudapp.net ip:10.1.0.7
2023-12-05 10:04:43,194 [main] INFO  upgrade.AbstractLayoutVersionManager (AbstractLayoutVersionManager.java:init(83)) - Initializing Layout version manager with metadata layout = HADOOP_PRC_PORTS_IN_DATANODEDETAILS (version = 7), software layout = HADOOP_PRC_PORTS_IN_DATANODEDETAILS (version = 7)
2023-12-05 10:04:43,194 [main] INFO  statemachine.DatanodeStateMachine (DatanodeStateMachine.java:getEndPointTaskThreadPoolSize(299)) - Datanode State Machine Task Thread Pool size 2
2023-12-05 10:04:43,196 [main] INFO  volume.HddsVolume (HddsVolume.java:<init>(126)) - Creating HddsVolume: /home/runner/work/ozone/ozone/hadoop-ozone/integration-test/target/test-dir/MiniOzoneClusterImpl-1950aa9b-5d8b-4a5d-a98b-a91d287d75ff/datanode-2/data-0/containers/hdds of storage type : DISK capacity : 9223372036854775807
2023-12-05 10:04:43,196 [main] INFO  volume.MutableVolumeSet (MutableVolumeSet.java:initializeVolumeSet(173)) - Added Volume : /home/runner/work/ozone/ozone/hadoop-ozone/integration-test/target/test-dir/MiniOzoneClusterImpl-1950aa9b-5d8b-4a5d-a98b-a91d287d75ff/datanode-2/data-0/containers/hdds to VolumeSet
2023-12-05 10:04:43,197 [main] INFO  volume.MutableVolumeSet (MutableVolumeSet.java:initializeVolumeSet(173)) - Added Volume : /home/runner/work/ozone/ozone/hadoop-ozone/integration-test/target/test-dir/MiniOzoneClusterImpl-1950aa9b-5d8b-4a5d-a98b-a91d287d75ff/datanode-2/data/ratis to VolumeSet
2023-12-05 10:04:43,198 [main] INFO  ozoneimpl.OzoneContainer (HddsVolumeUtil.java:loadAllHddsVolumeDbStore(103)) - Load 1 volumes DbStore cost: 0ms
2023-12-05 10:04:43,198 [a14db3af-fd8e-478e-855b-ef9cd5001d57-ContainerReader-0] INFO  ozoneimpl.ContainerReader (ContainerReader.java:readVolume(177)) - Finish verifying containers on volume /home/runner/work/ozone/ozone/hadoop-ozone/integration-test/target/test-dir/MiniOzoneClusterImpl-1950aa9b-5d8b-4a5d-a98b-a91d287d75ff/datanode-2/data-0/containers/hdds
2023-12-05 10:04:43,198 [main] INFO  ozoneimpl.OzoneContainer (OzoneContainer.java:buildContainerSet(326)) - Build ContainerSet costs 0s
2023-12-05 10:04:43,201 [main] INFO  server.RaftServer (ConfUtils.java:logGet(46)) - raft.rpc.type = GRPC (default)
2023-12-05 10:04:43,201 [main] INFO  grpc.GrpcConfigKeys (ConfUtils.java:logFallback(53)) - raft.grpc.admin.host = null (fallback to raft.grpc.server.host)
2023-12-05 10:04:43,201 [main] INFO  grpc.GrpcConfigKeys (ConfUtils.java:logGet(46)) - raft.grpc.admin.port = 15066 (custom)
2023-12-05 10:04:43,202 [main] INFO  grpc.GrpcConfigKeys (ConfUtils.java:logFallback(53)) - raft.grpc.client.host = null (fallback to raft.grpc.server.host)
2023-12-05 10:04:43,202 [main] INFO  grpc.GrpcConfigKeys (ConfUtils.java:logGet(46)) - raft.grpc.client.port = 15065 (custom)
2023-12-05 10:04:43,202 [main] INFO  grpc.GrpcConfigKeys (ConfUtils.java:logGet(46)) - raft.grpc.server.host = null (default)
2023-12-05 10:04:43,202 [main] INFO  grpc.GrpcConfigKeys (ConfUtils.java:logGet(46)) - raft.grpc.server.port = 15067 (custom)
2023-12-05 10:04:43,202 [main] INFO  server.GrpcService (ConfUtils.java:logGet(46)) - raft.grpc.message.size.max = 32MB (=33554432) (custom)
2023-12-05 10:04:43,203 [main] INFO  server.RaftServerConfigKeys (ConfUtils.java:logGet(46)) - raft.server.log.appender.buffer.byte-limit = 8388608 (custom)
2023-12-05 10:04:43,203 [main] INFO  server.GrpcService (ConfUtils.java:logGet(46)) - raft.grpc.flow.control.window = 5MB (=5242880) (custom)
2023-12-05 10:04:43,203 [main] INFO  server.RaftServerConfigKeys (ConfUtils.java:logGet(46)) - raft.server.rpc.request.timeout = 60s (custom)
2023-12-05 10:04:43,203 [main] INFO  grpc.GrpcConfigKeys (ConfUtils.java:logGet(46)) - raft.grpc.server.heartbeat.channel = true (default)
2023-12-05 10:04:43,203 [main] INFO  grpc.GrpcConfigKeys (ConfUtils.java:logGet(46)) - raft.grpc.server.async.request.thread.pool.cached = true (default)
2023-12-05 10:04:43,203 [main] INFO  grpc.GrpcConfigKeys (ConfUtils.java:logGet(46)) - raft.grpc.server.async.request.thread.pool.size = 32 (default)
2023-12-05 10:04:43,206 [main] INFO  impl.DataStreamServerImpl (ConfUtils.java:logGet(46)) - raft.datastream.type = NETTY (custom)
2023-12-05 10:04:43,206 [main] INFO  server.RaftServerConfigKeys (ConfUtils.java:logGet(46)) - raft.server.data-stream.async.request.thread.pool.cached = false (default)
2023-12-05 10:04:43,206 [main] INFO  server.RaftServerConfigKeys (ConfUtils.java:logGet(46)) - raft.server.data-stream.async.request.thread.pool.size = 20 (custom)
2023-12-05 10:04:43,207 [main] INFO  server.RaftServerConfigKeys (ConfUtils.java:logGet(46)) - raft.server.data-stream.async.write.thread.pool.size = 16 (default)
2023-12-05 10:04:43,207 [main] INFO  netty.NettyConfigKeys$DataStream (ConfUtils.java:logGet(46)) - raft.netty.dataStream.server.channel.inactive.grace-period = 10min (default)
2023-12-05 10:04:43,207 [main] INFO  server.RaftServerConfigKeys (ConfUtils.java:logGet(46)) - raft.server.data-stream.client.pool.size = 10 (default)
2023-12-05 10:04:43,207 [main] INFO  netty.NettyConfigKeys$DataStream (ConfUtils.java:logGet(46)) - raft.netty.dataStream.server.use-epoll = true (default)
2023-12-05 10:04:43,207 [main] INFO  netty.NettyConfigKeys$DataStream (ConfUtils.java:logGet(46)) - raft.netty.dataStream.server.boss-group.size = 0 (default)
2023-12-05 10:04:43,207 [main] INFO  netty.NettyUtils (NettyUtils.java:newEventLoopGroup(69)) - Create EpollEventLoopGroup for a14db3af-fd8e-478e-855b-ef9cd5001d57-NettyServerStreamRpc-bossGroup; Thread size is 0.
2023-12-05 10:04:43,208 [main] INFO  netty.NettyConfigKeys$DataStream (ConfUtils.java:logGet(46)) - raft.netty.dataStream.server.worker-group.size = 0 (default)
2023-12-05 10:04:43,208 [main] INFO  netty.NettyUtils (NettyUtils.java:newEventLoopGroup(69)) - Create EpollEventLoopGroup for a14db3af-fd8e-478e-855b-ef9cd5001d57-NettyServerStreamRpc-workerGroup; Thread size is 0.
2023-12-05 10:04:43,210 [main] INFO  netty.NettyConfigKeys$DataStream (ConfUtils.java:logGet(46)) - raft.netty.dataStream.server.tls.conf = null (default)
2023-12-05 10:04:43,210 [main] INFO  netty.NettyConfigKeys$DataStream (ConfUtils.java:logGet(46)) - raft.netty.dataStream.host = null (default)
2023-12-05 10:04:43,210 [main] INFO  netty.NettyConfigKeys$DataStream (ConfUtils.java:logGet(46)) - raft.netty.dataStream.port = 15068 (custom)
2023-12-05 10:04:43,211 [main] INFO  server.RaftServerConfigKeys (ConfUtils.java:logGet(46)) - raft.server.sleep.deviation.threshold = 300ms (default)
2023-12-05 10:04:43,211 [main] INFO  server.RaftServerConfigKeys (ConfUtils.java:logGet(46)) - raft.server.close.threshold = 60s (default)
2023-12-05 10:04:43,212 [main] INFO  server.RaftServerConfigKeys (ConfUtils.java:logGet(46)) - raft.server.leaderelection.leader.step-down.wait-time = 10s (default)
2023-12-05 10:04:43,212 [a14db3af-fd8e-478e-855b-ef9cd5001d57-NettyServerStreamRpc-bossGroup--thread1] INFO  logging.LoggingHandler (AbstractInternalLogger.java:log(148)) - [id: 0xb339904e] REGISTERED
2023-12-05 10:04:43,212 [main] INFO  server.RaftServerConfigKeys (ConfUtils.java:logGet(46)) - raft.server.storage.dir = [/home/runner/work/ozone/ozone/hadoop-ozone/integration-test/target/test-dir/MiniOzoneClusterImpl-1950aa9b-5d8b-4a5d-a98b-a91d287d75ff/datanode-2/data/ratis] (custom)
2023-12-05 10:04:43,212 [main] INFO  server.RaftServerConfigKeys (ConfUtils.java:logGet(46)) - raft.server.threadpool.proxy.cached = true (default)
2023-12-05 10:04:43,212 [main] INFO  server.RaftServerConfigKeys (ConfUtils.java:logGet(46)) - raft.server.threadpool.proxy.size = 0 (default)
2023-12-05 10:04:43,212 [a14db3af-fd8e-478e-855b-ef9cd5001d57-NettyServerStreamRpc-bossGroup--thread1] INFO  logging.LoggingHandler (AbstractInternalLogger.java:log(148)) - [id: 0xb339904e] BIND: 0.0.0.0/0.0.0.0:15068
2023-12-05 10:04:43,213 [a14db3af-fd8e-478e-855b-ef9cd5001d57-NettyServerStreamRpc-bossGroup--thread1] INFO  logging.LoggingHandler (AbstractInternalLogger.java:log(148)) - [id: 0xb339904e, L:/0.0.0.0:15068] ACTIVE
2023-12-05 10:04:43,213 [a14db3af-fd8e-478e-855b-ef9cd5001d57-impl-thread1] INFO  server.RaftServer (RaftServerProxy.java:initGroupDir(264)) - a14db3af-fd8e-478e-855b-ef9cd5001d57: found a subdirectory /home/runner/work/ozone/ozone/hadoop-ozone/integration-test/target/test-dir/MiniOzoneClusterImpl-1950aa9b-5d8b-4a5d-a98b-a91d287d75ff/datanode-2/data/ratis/tmp
2023-12-05 10:04:43,213 [a14db3af-fd8e-478e-855b-ef9cd5001d57-impl-thread1] INFO  server.RaftServer (RaftServerProxy.java:initGroupDir(269)) - a14db3af-fd8e-478e-855b-ef9cd5001d57: The directory /home/runner/work/ozone/ozone/hadoop-ozone/integration-test/target/test-dir/MiniOzoneClusterImpl-1950aa9b-5d8b-4a5d-a98b-a91d287d75ff/datanode-2/data/ratis/tmp is not a group directory; ignoring it. 
2023-12-05 10:04:43,214 [main] INFO  replication.ReplicationServer (ReplicationServer.java:<init>(85)) - Initializing replication server with thread count = 10 queue length = 4096
2023-12-05 10:04:43,215 [main] INFO  server.XceiverServerGrpc (XceiverServerGrpc.java:<init>(141)) - GrpcServer channel type EpollServerSocketChannel
2023-12-05 10:04:43,217 [main] INFO  replication.ReplicationSupervisor (ReplicationSupervisor.java:build(163)) - Initializing replication supervisor with thread count = 10
2023-12-05 10:04:43,217 [main] INFO  replication.ReplicationSupervisor (ReplicationSupervisor.java:nodeStateUpdated(317)) - Node state updated to IN_SERVICE, scaling executor pool size to 10
2023-12-05 10:04:43,221 [main] INFO  http.BaseHttpServer (BaseHttpServer.java:newHttpServer2BuilderForOzone(223)) - Starting Web-server for hddsDatanode at: http://0.0.0.0:15062
2023-12-05 10:04:43,221 [main] INFO  http.BaseHttpServer (BaseHttpServer.java:<init>(110)) - Hadoop Security Enabled: false Ozone Security Enabled: false Ozone HTTP Security Enabled: false 
2023-12-05 10:04:43,222 [main] WARN  server.AuthenticationFilter (AuthenticationFilter.java:constructSecretProvider(240)) - Unable to initialize FileSignerSecretProvider, falling back to use random secrets. Reason: Could not read signature secret file: /home/runner/hadoop-http-auth-signature-secret
2023-12-05 10:04:43,223 [main] INFO  http.HttpRequestLog (HttpRequestLog.java:getRequestLog(86)) - Http request log for http.requests.hddsDatanode is not defined
2023-12-05 10:04:43,224 [main] INFO  http.HttpServer2 (HttpServer2.java:addGlobalFilter(1031)) - Added global filter 'safety' (class=org.apache.hadoop.hdds.server.http.HttpServer2$QuotingInputFilter)
2023-12-05 10:04:43,225 [main] INFO  http.HttpServer2 (HttpServer2.java:addFilter(1007)) - Added filter static_user_filter (class=org.apache.hadoop.http.lib.StaticUserWebFilter$StaticUserFilter) to context hddsDatanode
2023-12-05 10:04:43,225 [main] INFO  http.HttpServer2 (HttpServer2.java:addFilter(1015)) - Added filter static_user_filter (class=org.apache.hadoop.http.lib.StaticUserWebFilter$StaticUserFilter) to context logs
2023-12-05 10:04:43,225 [main] INFO  http.HttpServer2 (HttpServer2.java:addFilter(1015)) - Added filter static_user_filter (class=org.apache.hadoop.http.lib.StaticUserWebFilter$StaticUserFilter) to context static
2023-12-05 10:04:43,226 [main] INFO  http.BaseHttpServer (BaseHttpServer.java:<init>(189)) - HTTP server of hddsDatanode uses base directory /home/runner/work/ozone/ozone/hadoop-ozone/integration-test/target/test-dir/MiniOzoneClusterImpl-1950aa9b-5d8b-4a5d-a98b-a91d287d75ff/datanode-2/meta/webserver
2023-12-05 10:04:43,226 [main] INFO  http.HttpServer2 (HttpServer2.java:bindListener(1231)) - Jetty bound to port 15062
2023-12-05 10:04:43,226 [main] INFO  server.Server (Server.java:doStart(375)) - jetty-9.4.53.v20231009; built: 2023-10-09T12:29:09.265Z; git: 27bde00a0b95a1d5bbee0eae7984f891d2d0f8c9; jvm 1.8.0_392-b08
2023-12-05 10:04:43,227 [main] INFO  server.session (DefaultSessionIdManager.java:doStart(334)) - DefaultSessionIdManager workerName=node0
2023-12-05 10:04:43,227 [main] INFO  server.session (DefaultSessionIdManager.java:doStart(339)) - No SessionScavenger set, using defaults
2023-12-05 10:04:43,228 [main] INFO  server.session (HouseKeeper.java:startScavenging(132)) - node0 Scavenging every 660000ms
2023-12-05 10:04:43,228 [main] INFO  handler.ContextHandler (ContextHandler.java:doStart(921)) - Started o.e.j.s.ServletContextHandler@3175b9e3{logs,/logs,file:///home/runner/work/ozone/ozone/hadoop-ozone/integration-test/target/log,AVAILABLE}
2023-12-05 10:04:43,229 [main] INFO  handler.ContextHandler (ContextHandler.java:doStart(921)) - Started o.e.j.s.ServletContextHandler@408a8971{static,/static,jar:file:/home/runner/.m2/repository/org/apache/ozone/hdds-container-service/1.4.0-SNAPSHOT/hdds-container-service-1.4.0-SNAPSHOT.jar!/webapps/static,AVAILABLE}
2023-12-05 10:04:43,266 [main] INFO  handler.ContextHandler (ContextHandler.java:doStart(921)) - Started o.e.j.w.WebAppContext@43837c5{hddsDatanode,/,file:///home/runner/work/ozone/ozone/hadoop-ozone/integration-test/target/test-dir/MiniOzoneClusterImpl-1950aa9b-5d8b-4a5d-a98b-a91d287d75ff/datanode-2/meta/webserver/jetty-0_0_0_0-15062-hdds-container-service-1_4_0-SNAPSHOT_jar-_-any-3347461091685124246/webapp/,AVAILABLE}{jar:file:/home/runner/.m2/repository/org/apache/ozone/hdds-container-service/1.4.0-SNAPSHOT/hdds-container-service-1.4.0-SNAPSHOT.jar!/webapps/hddsDatanode}
2023-12-05 10:04:43,267 [main] INFO  server.AbstractConnector (AbstractConnector.java:doStart(333)) - Started ServerConnector@768c03f9{HTTP/1.1, (http/1.1)}{0.0.0.0:15062}
2023-12-05 10:04:43,267 [main] INFO  server.Server (Server.java:doStart(415)) - Started @23931ms
2023-12-05 10:04:43,267 [main] WARN  impl.MetricsSystemImpl (MetricsSystemImpl.java:register(279)) - Sink prometheus already exists!
2023-12-05 10:04:43,268 [main] INFO  http.BaseHttpServer (BaseHttpServer.java:updateConnectorAddress(354)) - HTTP server of hddsDatanode listening at http://0.0.0.0:15062
2023-12-05 10:04:43,268 [main] INFO  ipc.CallQueueManager (CallQueueManager.java:<init>(90)) - Using callQueue: class java.util.concurrent.LinkedBlockingQueue, queueCapacity: 100, scheduler: class org.apache.hadoop.ipc.DefaultRpcScheduler, ipcBackoff: false.
2023-12-05 10:04:43,269 [main] INFO  ipc.Server (Server.java:<init>(1287)) - Listener at 0.0.0.0:15063
2023-12-05 10:04:43,269 [Socket Reader #1 for port 15063] INFO  ipc.Server (Server.java:run(1323)) - Starting Socket Reader #1 for port 15063
2023-12-05 10:04:43,271 [main] INFO  ozone.HddsDatanodeService (HddsDatanodeService.java:start(324)) - Datanode start with admins: [runner]
2023-12-05 10:04:43,271 [main] INFO  ozone.HddsDatanodeClientProtocolServer (HddsDatanodeClientProtocolServer.java:start(72)) - RPC server for Client /0.0.0.0:15063
2023-12-05 10:04:43,271 [IPC Server Responder] INFO  ipc.Server (Server.java:run(1562)) - IPC Server Responder: starting
2023-12-05 10:04:43,271 [IPC Server listener on 15063] INFO  ipc.Server (Server.java:run(1402)) - IPC Server listener on 15063: starting
2023-12-05 10:04:43,272 [main] INFO  ozone.MiniOzoneClusterImpl (MiniOzoneClusterImpl.java:lambda$waitForClusterToBeReady$0(229)) - Waiting for nodes to be ready. Got 0 of 3 DN Heartbeats.
2023-12-05 10:04:43,273 [main] INFO  ozone.MiniOzoneClusterImpl (MiniOzoneClusterImpl.java:lambda$waitForClusterToBeReady$0(232)) - Waiting for cluster to exit safe mode
2023-12-05 10:04:43,273 [main] INFO  ozone.MiniOzoneClusterImpl (MiniOzoneClusterImpl.java:lambda$waitForClusterToBeReady$0(234)) - SCM became leader
2023-12-05 10:04:43,272 [a14db3af-fd8e-478e-855b-ef9cd5001d57-DatanodeStateMachineDaemonThread] INFO  statemachine.DatanodeStateMachine (DatanodeStateMachine.java:lambda$startDaemon$1(555)) - Ozone container server started.
2023-12-05 10:04:43,277 [a14db3af-fd8e-478e-855b-ef9cd5001d57-DatanodeStateMachineTaskThread-0] INFO  datanode.InitDatanodeState (InitDatanodeState.java:persistContainerDatanodeDetails(139)) - DatanodeDetails is persisted to /home/runner/work/ozone/ozone/hadoop-ozone/integration-test/target/test-dir/MiniOzoneClusterImpl-1950aa9b-5d8b-4a5d-a98b-a91d287d75ff/datanode-2/meta/datanode.id
2023-12-05 10:04:43,924 [om1@group-C5BA1605619E-FollowerState] INFO  impl.FollowerState (FollowerState.java:run(143)) - om1@group-C5BA1605619E-FollowerState: change to CANDIDATE, lastRpcElapsedTime:1122515053ns, electionTimeout:1122ms
2023-12-05 10:04:43,924 [om1@group-C5BA1605619E-FollowerState] INFO  impl.RoleInfo (RoleInfo.java:shutdownFollowerState(110)) - om1: shutdown om1@group-C5BA1605619E-FollowerState
2023-12-05 10:04:43,925 [om1@group-C5BA1605619E-FollowerState] INFO  server.RaftServer$Division (RaftServerImpl.java:setRole(379)) - om1@group-C5BA1605619E: changes role from  FOLLOWER to CANDIDATE at term 0 for changeToCandidate
2023-12-05 10:04:43,925 [om1@group-C5BA1605619E-FollowerState] INFO  server.RaftServerConfigKeys (ConfUtils.java:logGet(46)) - raft.server.leaderelection.pre-vote = true (default)
2023-12-05 10:04:43,925 [om1@group-C5BA1605619E-FollowerState] INFO  impl.RoleInfo (RoleInfo.java:updateAndGet(139)) - om1: start om1@group-C5BA1605619E-LeaderElection6
2023-12-05 10:04:43,925 [om1@group-C5BA1605619E-LeaderElection6] INFO  impl.LeaderElection (LeaderElection.java:askForVotes(323)) - om1@group-C5BA1605619E-LeaderElection6 PRE_VOTE round 0: submit vote requests at term 0 for -1: peers:[om1|localhost:15042]|listeners:[], old=null
2023-12-05 10:04:43,926 [om1@group-C5BA1605619E-LeaderElection6] INFO  impl.LeaderElection (LeaderElection.java:askForVotes(325)) - om1@group-C5BA1605619E-LeaderElection6 PRE_VOTE round 0: result PASSED (term=0)
2023-12-05 10:04:43,927 [om1@group-C5BA1605619E-LeaderElection6] INFO  impl.LeaderElection (LeaderElection.java:askForVotes(323)) - om1@group-C5BA1605619E-LeaderElection6 ELECTION round 0: submit vote requests at term 1 for -1: peers:[om1|localhost:15042]|listeners:[], old=null
2023-12-05 10:04:43,927 [om1@group-C5BA1605619E-LeaderElection6] INFO  impl.LeaderElection (LeaderElection.java:askForVotes(325)) - om1@group-C5BA1605619E-LeaderElection6 ELECTION round 0: result PASSED (term=1)
2023-12-05 10:04:43,927 [om1@group-C5BA1605619E-LeaderElection6] INFO  impl.RoleInfo (RoleInfo.java:shutdownLeaderElection(130)) - om1: shutdown om1@group-C5BA1605619E-LeaderElection6
2023-12-05 10:04:43,927 [om1@group-C5BA1605619E-LeaderElection6] INFO  server.RaftServer$Division (RaftServerImpl.java:setRole(379)) - om1@group-C5BA1605619E: changes role from CANDIDATE to LEADER at term 1 for changeToLeader
2023-12-05 10:04:43,927 [om1@group-C5BA1605619E-LeaderElection6] INFO  server.RaftServerConfigKeys (ConfUtils.java:logGet(46)) - raft.server.staging.catchup.gap = 1000 (default)
2023-12-05 10:04:43,927 [om1@group-C5BA1605619E-LeaderElection6] INFO  server.RaftServerConfigKeys (ConfUtils.java:logGet(46)) - raft.server.write.element-limit = 4096 (default)
2023-12-05 10:04:43,927 [om1@group-C5BA1605619E-LeaderElection6] INFO  server.RaftServerConfigKeys (ConfUtils.java:logGet(46)) - raft.server.write.byte-limit = 64MB (=67108864) (default)
2023-12-05 10:04:43,927 [om1@group-C5BA1605619E-LeaderElection6] INFO  server.RaftServerConfigKeys (ConfUtils.java:logGet(46)) - raft.server.watch.timeout = 10s (default)
2023-12-05 10:04:43,927 [om1@group-C5BA1605619E-LeaderElection6] INFO  server.RaftServerConfigKeys (ConfUtils.java:logGet(46)) - raft.server.watch.timeout.denomination = 1s (default)
2023-12-05 10:04:43,927 [om1@group-C5BA1605619E-LeaderElection6] INFO  server.RaftServerConfigKeys (ConfUtils.java:logGet(46)) - raft.server.watch.element-limit = 65536 (default)
2023-12-05 10:04:43,928 [om1@group-C5BA1605619E-LeaderElection6] INFO  server.RaftServerConfigKeys (ConfUtils.java:logGet(46)) - raft.server.read.leader.lease.enabled = false (default)
2023-12-05 10:04:43,928 [om1@group-C5BA1605619E-LeaderElection6] INFO  server.RaftServerConfigKeys (ConfUtils.java:logGet(46)) - raft.server.read.leader.lease.timeout.ratio = 0.9 (default)
2023-12-05 10:04:43,928 [om1@group-C5BA1605619E-LeaderElection6] INFO  server.RaftServerConfigKeys (ConfUtils.java:logGet(46)) - raft.server.rpc.timeout.min = 1s (custom)
2023-12-05 10:04:43,928 [om1@group-C5BA1605619E-LeaderElection6] INFO  server.RaftServerConfigKeys (ConfUtils.java:logGet(46)) - raft.server.write.element-limit = 4096 (default)
2023-12-05 10:04:43,928 [om1@group-C5BA1605619E-LeaderElection6] INFO  server.RaftServerConfigKeys (ConfUtils.java:logGet(46)) - raft.server.write.follower.gap.ratio.max = -1.0 (default)
2023-12-05 10:04:43,928 [om1@group-C5BA1605619E-LeaderElection6] INFO  impl.RoleInfo (RoleInfo.java:updateAndGet(139)) - om1: start om1@group-C5BA1605619E-LeaderStateImpl
2023-12-05 10:04:43,928 [om1@group-C5BA1605619E-LeaderElection6] INFO  server.RaftServer$Division (RaftServerImpl.java:setFirstElection(564)) - om1@group-C5BA1605619E: set firstElectionSinceStartup to false for becomeLeader
2023-12-05 10:04:43,928 [om1@group-C5BA1605619E-LeaderElection6] INFO  server.RaftServer$Division (ServerState.java:setLeader(265)) - om1@group-C5BA1605619E: change Leader from null to om1 at term 1 for becomeLeader, leader elected after 1396ms
2023-12-05 10:04:43,928 [om1@group-C5BA1605619E-LeaderElection6] INFO  segmented.SegmentedRaftLogWorker (SegmentedRaftLogWorker.java:startLogSegment(428)) - om1@group-C5BA1605619E-SegmentedRaftLogWorker: Starting segment from index:0
2023-12-05 10:04:43,929 [om1@group-C5BA1605619E-LeaderElection6] INFO  server.RaftServer$Division (ServerState.java:setRaftConf(382)) - om1@group-C5BA1605619E: set configuration 0: peers:[om1|localhost:15042]|listeners:[], old=null
2023-12-05 10:04:43,935 [om1@group-C5BA1605619E-SegmentedRaftLogWorker] INFO  segmented.SegmentedRaftLogWorker (SegmentedRaftLogWorker.java:execute(632)) - om1@group-C5BA1605619E-SegmentedRaftLogWorker: created new log segment /home/runner/work/ozone/ozone/hadoop-ozone/integration-test/target/test-dir/MiniOzoneClusterImpl-1950aa9b-5d8b-4a5d-a98b-a91d287d75ff/ozone-meta/ratis/bf265839-605b-3f16-9796-c5ba1605619e/current/log_inprogress_0
2023-12-05 10:04:43,936 [om1@group-C5BA1605619E-StateMachineUpdater] INFO  ratis.OzoneManagerStateMachine (OzoneManagerStateMachine.java:notifyConfigurationChanged(210)) - Received Configuration change notification from Ratis. New Peer list:
[id: "om1"
address: "localhost:15042"
startupRole: FOLLOWER
]
2023-12-05 10:04:43,937 [om1@group-C5BA1605619E-StateMachineUpdater] INFO  server.RaftServer$Division (LeaderStateImpl.java:isApplied(316)) - leader is ready since appliedIndex == 0 >= startIndex == 0
2023-12-05 10:04:44,273 [main] INFO  ozone.MiniOzoneClusterImpl (MiniOzoneClusterImpl.java:lambda$waitForClusterToBeReady$0(229)) - Waiting for nodes to be ready. Got 0 of 3 DN Heartbeats.
2023-12-05 10:04:44,274 [main] INFO  ozone.MiniOzoneClusterImpl (MiniOzoneClusterImpl.java:lambda$waitForClusterToBeReady$0(232)) - Waiting for cluster to exit safe mode
2023-12-05 10:04:44,274 [main] INFO  ozone.MiniOzoneClusterImpl (MiniOzoneClusterImpl.java:lambda$waitForClusterToBeReady$0(234)) - SCM became leader
2023-12-05 10:04:44,996 [1875ca78-02f9-46a2-aa62-0847e90c9d54-EndpointStateMachineTaskThread-/0.0.0.0:15037-0 ] INFO  utils.DatanodeStoreCache (DatanodeStoreCache.java:addDB(66)) - Added db /home/runner/work/ozone/ozone/hadoop-ozone/integration-test/target/test-dir/MiniOzoneClusterImpl-1950aa9b-5d8b-4a5d-a98b-a91d287d75ff/datanode-0/data-0/containers/hdds/1950aa9b-5d8b-4a5d-a98b-a91d287d75ff/DS-b4856195-1036-4bdf-8b93-650aa8b4a08c/container.db to cache
2023-12-05 10:04:44,997 [1875ca78-02f9-46a2-aa62-0847e90c9d54-EndpointStateMachineTaskThread-/0.0.0.0:15037-0 ] INFO  volume.HddsVolume (HddsVolume.java:createDbStore(422)) - SchemaV3 db is created and loaded at /home/runner/work/ozone/ozone/hadoop-ozone/integration-test/target/test-dir/MiniOzoneClusterImpl-1950aa9b-5d8b-4a5d-a98b-a91d287d75ff/datanode-0/data-0/containers/hdds/1950aa9b-5d8b-4a5d-a98b-a91d287d75ff/DS-b4856195-1036-4bdf-8b93-650aa8b4a08c/container.db for volume DS-b4856195-1036-4bdf-8b93-650aa8b4a08c
2023-12-05 10:04:44,997 [1875ca78-02f9-46a2-aa62-0847e90c9d54-EndpointStateMachineTaskThread-/0.0.0.0:15037-0 ] INFO  volume.ThrottledAsyncChecker (ThrottledAsyncChecker.java:schedule(141)) - Scheduling a check for /home/runner/work/ozone/ozone/hadoop-ozone/integration-test/target/test-dir/MiniOzoneClusterImpl-1950aa9b-5d8b-4a5d-a98b-a91d287d75ff/datanode-0/data-0/containers/hdds
2023-12-05 10:04:44,997 [1875ca78-02f9-46a2-aa62-0847e90c9d54-EndpointStateMachineTaskThread-/0.0.0.0:15037-0 ] INFO  volume.StorageVolumeChecker (StorageVolumeChecker.java:checkAllVolumes(218)) - Scheduled health check for volume /home/runner/work/ozone/ozone/hadoop-ozone/integration-test/target/test-dir/MiniOzoneClusterImpl-1950aa9b-5d8b-4a5d-a98b-a91d287d75ff/datanode-0/data-0/containers/hdds
2023-12-05 10:04:44,999 [1875ca78-02f9-46a2-aa62-0847e90c9d54-EndpointStateMachineTaskThread-/0.0.0.0:15037-0 ] INFO  volume.ThrottledAsyncChecker (ThrottledAsyncChecker.java:schedule(141)) - Scheduling a check for /home/runner/work/ozone/ozone/hadoop-ozone/integration-test/target/test-dir/MiniOzoneClusterImpl-1950aa9b-5d8b-4a5d-a98b-a91d287d75ff/datanode-0/data/ratis
2023-12-05 10:04:44,999 [1875ca78-02f9-46a2-aa62-0847e90c9d54-EndpointStateMachineTaskThread-/0.0.0.0:15037-0 ] INFO  volume.StorageVolumeChecker (StorageVolumeChecker.java:checkAllVolumes(218)) - Scheduled health check for volume /home/runner/work/ozone/ozone/hadoop-ozone/integration-test/target/test-dir/MiniOzoneClusterImpl-1950aa9b-5d8b-4a5d-a98b-a91d287d75ff/datanode-0/data/ratis
2023-12-05 10:04:45,000 [1875ca78-02f9-46a2-aa62-0847e90c9d54-EndpointStateMachineTaskThread-/0.0.0.0:15037-0 ] INFO  ozoneimpl.OzoneContainer (OzoneContainer.java:start(441)) - Attempting to start container services.
2023-12-05 10:04:45,000 [1875ca78-02f9-46a2-aa62-0847e90c9d54-EndpointStateMachineTaskThread-/0.0.0.0:15037-0 ] INFO  ozoneimpl.OzoneContainer (OzoneContainer.java:startContainerScrub(337)) - Scheduled background container scanners and the on-demand container scanner have been disabled.
2023-12-05 10:04:45,001 [1875ca78-02f9-46a2-aa62-0847e90c9d54-EndpointStateMachineTaskThread-/0.0.0.0:15037-0 ] INFO  replication.ReplicationServer (ReplicationServer.java:start(139)) - ReplicationServer is started using port 15051
2023-12-05 10:04:45,001 [1875ca78-02f9-46a2-aa62-0847e90c9d54-EndpointStateMachineTaskThread-/0.0.0.0:15037-0 ] INFO  ratis.XceiverServerRatis (XceiverServerRatis.java:start(548)) - Starting XceiverServerRatis 1875ca78-02f9-46a2-aa62-0847e90c9d54
2023-12-05 10:04:45,001 [1875ca78-02f9-46a2-aa62-0847e90c9d54-EndpointStateMachineTaskThread-/0.0.0.0:15037-0 ] INFO  server.RaftServer (RaftServerProxy.java:startImpl(406)) - 1875ca78-02f9-46a2-aa62-0847e90c9d54: start RPC server
2023-12-05 10:04:45,002 [1875ca78-02f9-46a2-aa62-0847e90c9d54-EndpointStateMachineTaskThread-/0.0.0.0:15037-0 ] INFO  server.GrpcService (GrpcService.java:startImpl(302)) - 1875ca78-02f9-46a2-aa62-0847e90c9d54: GrpcService started, listening on 15047
2023-12-05 10:04:45,005 [1875ca78-02f9-46a2-aa62-0847e90c9d54-EndpointStateMachineTaskThread-/0.0.0.0:15037-0 ] INFO  server.GrpcService (GrpcService.java:startImpl(302)) - 1875ca78-02f9-46a2-aa62-0847e90c9d54: GrpcService started, listening on 15049
2023-12-05 10:04:45,006 [1875ca78-02f9-46a2-aa62-0847e90c9d54-EndpointStateMachineTaskThread-/0.0.0.0:15037-0 ] INFO  server.GrpcService (GrpcService.java:startImpl(302)) - 1875ca78-02f9-46a2-aa62-0847e90c9d54: GrpcService started, listening on 15048
2023-12-05 10:04:45,006 [1875ca78-02f9-46a2-aa62-0847e90c9d54-EndpointStateMachineTaskThread-/0.0.0.0:15037-0 ] INFO  ratis.XceiverServerRatis (XceiverServerRatis.java:getRealPort(574)) - XceiverServerRatis 1875ca78-02f9-46a2-aa62-0847e90c9d54 is started using port 15047 for RATIS
2023-12-05 10:04:45,006 [1875ca78-02f9-46a2-aa62-0847e90c9d54-EndpointStateMachineTaskThread-/0.0.0.0:15037-0 ] INFO  ratis.XceiverServerRatis (XceiverServerRatis.java:getRealPort(574)) - XceiverServerRatis 1875ca78-02f9-46a2-aa62-0847e90c9d54 is started using port 15048 for RATIS_ADMIN
2023-12-05 10:04:45,006 [1875ca78-02f9-46a2-aa62-0847e90c9d54-EndpointStateMachineTaskThread-/0.0.0.0:15037-0 ] INFO  ratis.XceiverServerRatis (XceiverServerRatis.java:getRealPort(574)) - XceiverServerRatis 1875ca78-02f9-46a2-aa62-0847e90c9d54 is started using port 15049 for RATIS_SERVER
2023-12-05 10:04:45,006 [1875ca78-02f9-46a2-aa62-0847e90c9d54-EndpointStateMachineTaskThread-/0.0.0.0:15037-0 ] INFO  ratis.XceiverServerRatis (XceiverServerRatis.java:getRealPort(574)) - XceiverServerRatis 1875ca78-02f9-46a2-aa62-0847e90c9d54 is started using port 15050 for RATIS_DATASTREAM
2023-12-05 10:04:45,006 [JvmPauseMonitor7] INFO  util.JvmPauseMonitor (JvmPauseMonitor.java:run(146)) - JvmPauseMonitor-1875ca78-02f9-46a2-aa62-0847e90c9d54: Started
2023-12-05 10:04:45,014 [1875ca78-02f9-46a2-aa62-0847e90c9d54-BlockDeletingService#0] INFO  interfaces.ContainerDeletionChoosingPolicyTemplate (ContainerDeletionChoosingPolicyTemplate.java:chooseContainerForBlockDeletion(85)) - Chosen 0/5000 blocks from 0 candidate containers.
2023-12-05 10:04:45,181 [86e7a8c2-7a3b-42b5-8c24-f179534e156f-EndpointStateMachineTaskThread-/0.0.0.0:15037-0 ] INFO  utils.DatanodeStoreCache (DatanodeStoreCache.java:addDB(66)) - Added db /home/runner/work/ozone/ozone/hadoop-ozone/integration-test/target/test-dir/MiniOzoneClusterImpl-1950aa9b-5d8b-4a5d-a98b-a91d287d75ff/datanode-1/data-0/containers/hdds/1950aa9b-5d8b-4a5d-a98b-a91d287d75ff/DS-2264195b-b45c-4018-9ecb-3f277fc1091a/container.db to cache
2023-12-05 10:04:45,181 [86e7a8c2-7a3b-42b5-8c24-f179534e156f-EndpointStateMachineTaskThread-/0.0.0.0:15037-0 ] INFO  volume.HddsVolume (HddsVolume.java:createDbStore(422)) - SchemaV3 db is created and loaded at /home/runner/work/ozone/ozone/hadoop-ozone/integration-test/target/test-dir/MiniOzoneClusterImpl-1950aa9b-5d8b-4a5d-a98b-a91d287d75ff/datanode-1/data-0/containers/hdds/1950aa9b-5d8b-4a5d-a98b-a91d287d75ff/DS-2264195b-b45c-4018-9ecb-3f277fc1091a/container.db for volume DS-2264195b-b45c-4018-9ecb-3f277fc1091a
2023-12-05 10:04:45,182 [86e7a8c2-7a3b-42b5-8c24-f179534e156f-EndpointStateMachineTaskThread-/0.0.0.0:15037-0 ] INFO  volume.ThrottledAsyncChecker (ThrottledAsyncChecker.java:schedule(141)) - Scheduling a check for /home/runner/work/ozone/ozone/hadoop-ozone/integration-test/target/test-dir/MiniOzoneClusterImpl-1950aa9b-5d8b-4a5d-a98b-a91d287d75ff/datanode-1/data-0/containers/hdds
2023-12-05 10:04:45,182 [86e7a8c2-7a3b-42b5-8c24-f179534e156f-EndpointStateMachineTaskThread-/0.0.0.0:15037-0 ] INFO  volume.StorageVolumeChecker (StorageVolumeChecker.java:checkAllVolumes(218)) - Scheduled health check for volume /home/runner/work/ozone/ozone/hadoop-ozone/integration-test/target/test-dir/MiniOzoneClusterImpl-1950aa9b-5d8b-4a5d-a98b-a91d287d75ff/datanode-1/data-0/containers/hdds
2023-12-05 10:04:45,184 [86e7a8c2-7a3b-42b5-8c24-f179534e156f-EndpointStateMachineTaskThread-/0.0.0.0:15037-0 ] INFO  volume.ThrottledAsyncChecker (ThrottledAsyncChecker.java:schedule(141)) - Scheduling a check for /home/runner/work/ozone/ozone/hadoop-ozone/integration-test/target/test-dir/MiniOzoneClusterImpl-1950aa9b-5d8b-4a5d-a98b-a91d287d75ff/datanode-1/data/ratis
2023-12-05 10:04:45,184 [86e7a8c2-7a3b-42b5-8c24-f179534e156f-EndpointStateMachineTaskThread-/0.0.0.0:15037-0 ] INFO  volume.StorageVolumeChecker (StorageVolumeChecker.java:checkAllVolumes(218)) - Scheduled health check for volume /home/runner/work/ozone/ozone/hadoop-ozone/integration-test/target/test-dir/MiniOzoneClusterImpl-1950aa9b-5d8b-4a5d-a98b-a91d287d75ff/datanode-1/data/ratis
2023-12-05 10:04:45,185 [86e7a8c2-7a3b-42b5-8c24-f179534e156f-EndpointStateMachineTaskThread-/0.0.0.0:15037-0 ] INFO  ozoneimpl.OzoneContainer (OzoneContainer.java:start(441)) - Attempting to start container services.
2023-12-05 10:04:45,185 [86e7a8c2-7a3b-42b5-8c24-f179534e156f-EndpointStateMachineTaskThread-/0.0.0.0:15037-0 ] INFO  ozoneimpl.OzoneContainer (OzoneContainer.java:startContainerScrub(337)) - Scheduled background container scanners and the on-demand container scanner have been disabled.
2023-12-05 10:04:45,186 [86e7a8c2-7a3b-42b5-8c24-f179534e156f-EndpointStateMachineTaskThread-/0.0.0.0:15037-0 ] INFO  replication.ReplicationServer (ReplicationServer.java:start(139)) - ReplicationServer is started using port 15060
2023-12-05 10:04:45,186 [86e7a8c2-7a3b-42b5-8c24-f179534e156f-EndpointStateMachineTaskThread-/0.0.0.0:15037-0 ] INFO  ratis.XceiverServerRatis (XceiverServerRatis.java:start(548)) - Starting XceiverServerRatis 86e7a8c2-7a3b-42b5-8c24-f179534e156f
2023-12-05 10:04:45,186 [86e7a8c2-7a3b-42b5-8c24-f179534e156f-EndpointStateMachineTaskThread-/0.0.0.0:15037-0 ] INFO  server.RaftServer (RaftServerProxy.java:startImpl(406)) - 86e7a8c2-7a3b-42b5-8c24-f179534e156f: start RPC server
2023-12-05 10:04:45,187 [86e7a8c2-7a3b-42b5-8c24-f179534e156f-EndpointStateMachineTaskThread-/0.0.0.0:15037-0 ] INFO  server.GrpcService (GrpcService.java:startImpl(302)) - 86e7a8c2-7a3b-42b5-8c24-f179534e156f: GrpcService started, listening on 15056
2023-12-05 10:04:45,191 [86e7a8c2-7a3b-42b5-8c24-f179534e156f-EndpointStateMachineTaskThread-/0.0.0.0:15037-0 ] INFO  server.GrpcService (GrpcService.java:startImpl(302)) - 86e7a8c2-7a3b-42b5-8c24-f179534e156f: GrpcService started, listening on 15058
2023-12-05 10:04:45,191 [86e7a8c2-7a3b-42b5-8c24-f179534e156f-EndpointStateMachineTaskThread-/0.0.0.0:15037-0 ] INFO  server.GrpcService (GrpcService.java:startImpl(302)) - 86e7a8c2-7a3b-42b5-8c24-f179534e156f: GrpcService started, listening on 15057
2023-12-05 10:04:45,192 [86e7a8c2-7a3b-42b5-8c24-f179534e156f-EndpointStateMachineTaskThread-/0.0.0.0:15037-0 ] INFO  ratis.XceiverServerRatis (XceiverServerRatis.java:getRealPort(574)) - XceiverServerRatis 86e7a8c2-7a3b-42b5-8c24-f179534e156f is started using port 15056 for RATIS
2023-12-05 10:04:45,192 [86e7a8c2-7a3b-42b5-8c24-f179534e156f-EndpointStateMachineTaskThread-/0.0.0.0:15037-0 ] INFO  ratis.XceiverServerRatis (XceiverServerRatis.java:getRealPort(574)) - XceiverServerRatis 86e7a8c2-7a3b-42b5-8c24-f179534e156f is started using port 15057 for RATIS_ADMIN
2023-12-05 10:04:45,192 [86e7a8c2-7a3b-42b5-8c24-f179534e156f-EndpointStateMachineTaskThread-/0.0.0.0:15037-0 ] INFO  ratis.XceiverServerRatis (XceiverServerRatis.java:getRealPort(574)) - XceiverServerRatis 86e7a8c2-7a3b-42b5-8c24-f179534e156f is started using port 15058 for RATIS_SERVER
2023-12-05 10:04:45,192 [86e7a8c2-7a3b-42b5-8c24-f179534e156f-EndpointStateMachineTaskThread-/0.0.0.0:15037-0 ] INFO  ratis.XceiverServerRatis (XceiverServerRatis.java:getRealPort(574)) - XceiverServerRatis 86e7a8c2-7a3b-42b5-8c24-f179534e156f is started using port 15059 for RATIS_DATASTREAM
2023-12-05 10:04:45,192 [JvmPauseMonitor8] INFO  util.JvmPauseMonitor (JvmPauseMonitor.java:run(146)) - JvmPauseMonitor-86e7a8c2-7a3b-42b5-8c24-f179534e156f: Started
2023-12-05 10:04:45,195 [86e7a8c2-7a3b-42b5-8c24-f179534e156f-BlockDeletingService#0] INFO  interfaces.ContainerDeletionChoosingPolicyTemplate (ContainerDeletionChoosingPolicyTemplate.java:chooseContainerForBlockDeletion(85)) - Chosen 0/5000 blocks from 0 candidate containers.
2023-12-05 10:04:45,274 [main] INFO  ozone.MiniOzoneClusterImpl (MiniOzoneClusterImpl.java:lambda$waitForClusterToBeReady$0(229)) - Waiting for nodes to be ready. Got 0 of 3 DN Heartbeats.
2023-12-05 10:04:45,274 [main] INFO  ozone.MiniOzoneClusterImpl (MiniOzoneClusterImpl.java:lambda$waitForClusterToBeReady$0(232)) - Waiting for cluster to exit safe mode
2023-12-05 10:04:45,274 [main] INFO  ozone.MiniOzoneClusterImpl (MiniOzoneClusterImpl.java:lambda$waitForClusterToBeReady$0(234)) - SCM became leader
2023-12-05 10:04:45,296 [a14db3af-fd8e-478e-855b-ef9cd5001d57-EndpointStateMachineTaskThread-/0.0.0.0:15037-0 ] INFO  utils.DatanodeStoreCache (DatanodeStoreCache.java:addDB(66)) - Added db /home/runner/work/ozone/ozone/hadoop-ozone/integration-test/target/test-dir/MiniOzoneClusterImpl-1950aa9b-5d8b-4a5d-a98b-a91d287d75ff/datanode-2/data-0/containers/hdds/1950aa9b-5d8b-4a5d-a98b-a91d287d75ff/DS-be0aa54d-e06e-4f7e-abce-d5a9958353db/container.db to cache
2023-12-05 10:04:45,297 [a14db3af-fd8e-478e-855b-ef9cd5001d57-EndpointStateMachineTaskThread-/0.0.0.0:15037-0 ] INFO  volume.HddsVolume (HddsVolume.java:createDbStore(422)) - SchemaV3 db is created and loaded at /home/runner/work/ozone/ozone/hadoop-ozone/integration-test/target/test-dir/MiniOzoneClusterImpl-1950aa9b-5d8b-4a5d-a98b-a91d287d75ff/datanode-2/data-0/containers/hdds/1950aa9b-5d8b-4a5d-a98b-a91d287d75ff/DS-be0aa54d-e06e-4f7e-abce-d5a9958353db/container.db for volume DS-be0aa54d-e06e-4f7e-abce-d5a9958353db
2023-12-05 10:04:45,297 [a14db3af-fd8e-478e-855b-ef9cd5001d57-EndpointStateMachineTaskThread-/0.0.0.0:15037-0 ] INFO  volume.ThrottledAsyncChecker (ThrottledAsyncChecker.java:schedule(141)) - Scheduling a check for /home/runner/work/ozone/ozone/hadoop-ozone/integration-test/target/test-dir/MiniOzoneClusterImpl-1950aa9b-5d8b-4a5d-a98b-a91d287d75ff/datanode-2/data-0/containers/hdds
2023-12-05 10:04:45,297 [a14db3af-fd8e-478e-855b-ef9cd5001d57-EndpointStateMachineTaskThread-/0.0.0.0:15037-0 ] INFO  volume.StorageVolumeChecker (StorageVolumeChecker.java:checkAllVolumes(218)) - Scheduled health check for volume /home/runner/work/ozone/ozone/hadoop-ozone/integration-test/target/test-dir/MiniOzoneClusterImpl-1950aa9b-5d8b-4a5d-a98b-a91d287d75ff/datanode-2/data-0/containers/hdds
2023-12-05 10:04:45,299 [a14db3af-fd8e-478e-855b-ef9cd5001d57-EndpointStateMachineTaskThread-/0.0.0.0:15037-0 ] INFO  volume.ThrottledAsyncChecker (ThrottledAsyncChecker.java:schedule(141)) - Scheduling a check for /home/runner/work/ozone/ozone/hadoop-ozone/integration-test/target/test-dir/MiniOzoneClusterImpl-1950aa9b-5d8b-4a5d-a98b-a91d287d75ff/datanode-2/data/ratis
2023-12-05 10:04:45,299 [a14db3af-fd8e-478e-855b-ef9cd5001d57-EndpointStateMachineTaskThread-/0.0.0.0:15037-0 ] INFO  volume.StorageVolumeChecker (StorageVolumeChecker.java:checkAllVolumes(218)) - Scheduled health check for volume /home/runner/work/ozone/ozone/hadoop-ozone/integration-test/target/test-dir/MiniOzoneClusterImpl-1950aa9b-5d8b-4a5d-a98b-a91d287d75ff/datanode-2/data/ratis
2023-12-05 10:04:45,300 [a14db3af-fd8e-478e-855b-ef9cd5001d57-EndpointStateMachineTaskThread-/0.0.0.0:15037-0 ] INFO  ozoneimpl.OzoneContainer (OzoneContainer.java:start(441)) - Attempting to start container services.
2023-12-05 10:04:45,300 [a14db3af-fd8e-478e-855b-ef9cd5001d57-EndpointStateMachineTaskThread-/0.0.0.0:15037-0 ] INFO  ozoneimpl.OzoneContainer (OzoneContainer.java:startContainerScrub(337)) - Scheduled background container scanners and the on-demand container scanner have been disabled.
2023-12-05 10:04:45,300 [a14db3af-fd8e-478e-855b-ef9cd5001d57-EndpointStateMachineTaskThread-/0.0.0.0:15037-0 ] INFO  replication.ReplicationServer (ReplicationServer.java:start(139)) - ReplicationServer is started using port 15069
2023-12-05 10:04:45,301 [a14db3af-fd8e-478e-855b-ef9cd5001d57-EndpointStateMachineTaskThread-/0.0.0.0:15037-0 ] INFO  ratis.XceiverServerRatis (XceiverServerRatis.java:start(548)) - Starting XceiverServerRatis a14db3af-fd8e-478e-855b-ef9cd5001d57
2023-12-05 10:04:45,301 [a14db3af-fd8e-478e-855b-ef9cd5001d57-EndpointStateMachineTaskThread-/0.0.0.0:15037-0 ] INFO  server.RaftServer (RaftServerProxy.java:startImpl(406)) - a14db3af-fd8e-478e-855b-ef9cd5001d57: start RPC server
2023-12-05 10:04:45,302 [a14db3af-fd8e-478e-855b-ef9cd5001d57-EndpointStateMachineTaskThread-/0.0.0.0:15037-0 ] INFO  server.GrpcService (GrpcService.java:startImpl(302)) - a14db3af-fd8e-478e-855b-ef9cd5001d57: GrpcService started, listening on 15065
2023-12-05 10:04:45,302 [a14db3af-fd8e-478e-855b-ef9cd5001d57-EndpointStateMachineTaskThread-/0.0.0.0:15037-0 ] INFO  server.GrpcService (GrpcService.java:startImpl(302)) - a14db3af-fd8e-478e-855b-ef9cd5001d57: GrpcService started, listening on 15067
2023-12-05 10:04:45,303 [a14db3af-fd8e-478e-855b-ef9cd5001d57-EndpointStateMachineTaskThread-/0.0.0.0:15037-0 ] INFO  server.GrpcService (GrpcService.java:startImpl(302)) - a14db3af-fd8e-478e-855b-ef9cd5001d57: GrpcService started, listening on 15066
2023-12-05 10:04:45,303 [a14db3af-fd8e-478e-855b-ef9cd5001d57-EndpointStateMachineTaskThread-/0.0.0.0:15037-0 ] INFO  ratis.XceiverServerRatis (XceiverServerRatis.java:getRealPort(574)) - XceiverServerRatis a14db3af-fd8e-478e-855b-ef9cd5001d57 is started using port 15065 for RATIS
2023-12-05 10:04:45,303 [JvmPauseMonitor9] INFO  util.JvmPauseMonitor (JvmPauseMonitor.java:run(146)) - JvmPauseMonitor-a14db3af-fd8e-478e-855b-ef9cd5001d57: Started
2023-12-05 10:04:45,303 [a14db3af-fd8e-478e-855b-ef9cd5001d57-EndpointStateMachineTaskThread-/0.0.0.0:15037-0 ] INFO  ratis.XceiverServerRatis (XceiverServerRatis.java:getRealPort(574)) - XceiverServerRatis a14db3af-fd8e-478e-855b-ef9cd5001d57 is started using port 15066 for RATIS_ADMIN
2023-12-05 10:04:45,304 [a14db3af-fd8e-478e-855b-ef9cd5001d57-EndpointStateMachineTaskThread-/0.0.0.0:15037-0 ] INFO  ratis.XceiverServerRatis (XceiverServerRatis.java:getRealPort(574)) - XceiverServerRatis a14db3af-fd8e-478e-855b-ef9cd5001d57 is started using port 15067 for RATIS_SERVER
2023-12-05 10:04:45,304 [a14db3af-fd8e-478e-855b-ef9cd5001d57-EndpointStateMachineTaskThread-/0.0.0.0:15037-0 ] INFO  ratis.XceiverServerRatis (XceiverServerRatis.java:getRealPort(574)) - XceiverServerRatis a14db3af-fd8e-478e-855b-ef9cd5001d57 is started using port 15068 for RATIS_DATASTREAM
2023-12-05 10:04:45,305 [a14db3af-fd8e-478e-855b-ef9cd5001d57-BlockDeletingService#0] INFO  interfaces.ContainerDeletionChoosingPolicyTemplate (ContainerDeletionChoosingPolicyTemplate.java:chooseContainerForBlockDeletion(85)) - Chosen 0/5000 blocks from 0 candidate containers.
2023-12-05 10:04:46,274 [main] INFO  ozone.MiniOzoneClusterImpl (MiniOzoneClusterImpl.java:lambda$waitForClusterToBeReady$0(229)) - Waiting for nodes to be ready. Got 0 of 3 DN Heartbeats.
2023-12-05 10:04:46,275 [main] INFO  ozone.MiniOzoneClusterImpl (MiniOzoneClusterImpl.java:lambda$waitForClusterToBeReady$0(232)) - Waiting for cluster to exit safe mode
2023-12-05 10:04:46,275 [main] INFO  ozone.MiniOzoneClusterImpl (MiniOzoneClusterImpl.java:lambda$waitForClusterToBeReady$0(234)) - SCM became leader
2023-12-05 10:04:46,973 [IPC Server handler 0 on default port 15037] INFO  net.NetworkTopologyImpl (NetworkTopologyImpl.java:add(124)) - Added a new node: /default-rack/1875ca78-02f9-46a2-aa62-0847e90c9d54
2023-12-05 10:04:46,974 [IPC Server handler 0 on default port 15037] INFO  node.SCMNodeManager (SCMNodeManager.java:register(405)) - Registered datanode: 1875ca78-02f9-46a2-aa62-0847e90c9d54{ip: 10.1.0.7, host: fv-az884-53.nlrrjjsaionubk4jys1hz1dhmg.bx.internal.cloudapp.net, ports: [HTTP=15044, CLIENT_RPC=15045, REPLICATION=15051, RATIS=15047, RATIS_ADMIN=15048, RATIS_SERVER=15049, RATIS_DATASTREAM=15050, STANDALONE=15046], networkLocation: /default-rack, certSerialId: null, persistedOpState: null, persistedOpStateExpiryEpochSec: 0}
2023-12-05 10:04:46,975 [EventQueue-NewNodeForNewNodeHandler] INFO  pipeline.BackgroundPipelineCreator (BackgroundPipelineCreator.java:notifyEventTriggered(280)) - trigger a one-shot run on RatisPipelineUtilsThread.
2023-12-05 10:04:46,975 [EventQueue-NodeRegistrationContainerReportForDataNodeSafeModeRule] INFO  safemode.SCMSafeModeManager (DataNodeSafeModeRule.java:process(71)) - SCM in safe mode. 1 DataNodes registered, 3 required.
2023-12-05 10:04:46,976 [RatisPipelineUtilsThread-0] INFO  pipeline.RatisPipelineProvider (RatisPipelineProvider.java:lambda$create$0(206)) - Sending CreatePipelineCommand for pipeline:PipelineID=087220be-e07f-4e1e-a821-7d4b913110c9 to datanode:1875ca78-02f9-46a2-aa62-0847e90c9d54
2023-12-05 10:04:46,976 [EventQueue-PipelineReportForOneReplicaPipelineSafeModeRule] INFO  safemode.SCMSafeModeManager (SCMSafeModeManager.java:validateSafeModeExitRules(200)) - AtleastOneDatanodeReportedRule rule is successfully validated
2023-12-05 10:04:46,980 [EventQueue-NodeRegistrationContainerReportForContainerSafeModeRule] INFO  safemode.SCMSafeModeManager (SCMSafeModeManager.java:validateSafeModeExitRules(200)) - ContainerSafeModeRule rule is successfully validated
2023-12-05 10:04:46,981 [RatisPipelineUtilsThread-0] INFO  pipeline.BackgroundPipelineCreator (BackgroundPipelineCreator.java:createPipelines(236)) - Created new pipeline Pipeline[ Id: 087220be-e07f-4e1e-a821-7d4b913110c9, Nodes: 1875ca78-02f9-46a2-aa62-0847e90c9d54(fv-az884-53.nlrrjjsaionubk4jys1hz1dhmg.bx.internal.cloudapp.net/10.1.0.7), ReplicationConfig: RATIS/ONE, State:ALLOCATED, leaderId:, CreationTimestamp2023-12-05T10:04:46.976Z[Etc/UTC]]
2023-12-05 10:04:47,158 [IPC Server handler 1 on default port 15037] INFO  net.NetworkTopologyImpl (NetworkTopologyImpl.java:add(124)) - Added a new node: /default-rack/86e7a8c2-7a3b-42b5-8c24-f179534e156f
2023-12-05 10:04:47,158 [IPC Server handler 1 on default port 15037] INFO  node.SCMNodeManager (SCMNodeManager.java:register(405)) - Registered datanode: 86e7a8c2-7a3b-42b5-8c24-f179534e156f{ip: 10.1.0.7, host: fv-az884-53.nlrrjjsaionubk4jys1hz1dhmg.bx.internal.cloudapp.net, ports: [HTTP=15053, CLIENT_RPC=15054, REPLICATION=15060, RATIS=15056, RATIS_ADMIN=15057, RATIS_SERVER=15058, RATIS_DATASTREAM=15059, STANDALONE=15055], networkLocation: /default-rack, certSerialId: null, persistedOpState: null, persistedOpStateExpiryEpochSec: 0}
2023-12-05 10:04:47,158 [EventQueue-NewNodeForNewNodeHandler] INFO  pipeline.BackgroundPipelineCreator (BackgroundPipelineCreator.java:notifyEventTriggered(280)) - trigger a one-shot run on RatisPipelineUtilsThread.
2023-12-05 10:04:47,159 [RatisPipelineUtilsThread-0] INFO  pipeline.RatisPipelineProvider (RatisPipelineProvider.java:lambda$create$0(206)) - Sending CreatePipelineCommand for pipeline:PipelineID=6b47231b-94cd-4967-b099-b0de288270a6 to datanode:86e7a8c2-7a3b-42b5-8c24-f179534e156f
2023-12-05 10:04:47,160 [EventQueue-NodeRegistrationContainerReportForDataNodeSafeModeRule] INFO  safemode.SCMSafeModeManager (DataNodeSafeModeRule.java:process(71)) - SCM in safe mode. 2 DataNodes registered, 3 required.
2023-12-05 10:04:47,161 [RatisPipelineUtilsThread-0] INFO  pipeline.BackgroundPipelineCreator (BackgroundPipelineCreator.java:createPipelines(236)) - Created new pipeline Pipeline[ Id: 6b47231b-94cd-4967-b099-b0de288270a6, Nodes: 86e7a8c2-7a3b-42b5-8c24-f179534e156f(fv-az884-53.nlrrjjsaionubk4jys1hz1dhmg.bx.internal.cloudapp.net/10.1.0.7), ReplicationConfig: RATIS/ONE, State:ALLOCATED, leaderId:, CreationTimestamp2023-12-05T10:04:47.159Z[Etc/UTC]]
2023-12-05 10:04:47,275 [main] INFO  ozone.MiniOzoneClusterImpl (MiniOzoneClusterImpl.java:lambda$waitForClusterToBeReady$0(229)) - Waiting for nodes to be ready. Got 2 of 3 DN Heartbeats.
2023-12-05 10:04:47,275 [main] INFO  ozone.MiniOzoneClusterImpl (MiniOzoneClusterImpl.java:lambda$waitForClusterToBeReady$0(232)) - Waiting for cluster to exit safe mode
2023-12-05 10:04:47,275 [main] INFO  ozone.MiniOzoneClusterImpl (MiniOzoneClusterImpl.java:lambda$waitForClusterToBeReady$0(234)) - SCM became leader
2023-12-05 10:04:47,276 [IPC Server handler 15 on default port 15037] INFO  net.NetworkTopologyImpl (NetworkTopologyImpl.java:add(124)) - Added a new node: /default-rack/a14db3af-fd8e-478e-855b-ef9cd5001d57
2023-12-05 10:04:47,276 [IPC Server handler 15 on default port 15037] INFO  node.SCMNodeManager (SCMNodeManager.java:register(405)) - Registered datanode: a14db3af-fd8e-478e-855b-ef9cd5001d57{ip: 10.1.0.7, host: fv-az884-53.nlrrjjsaionubk4jys1hz1dhmg.bx.internal.cloudapp.net, ports: [HTTP=15062, CLIENT_RPC=15063, REPLICATION=15069, RATIS=15065, RATIS_ADMIN=15066, RATIS_SERVER=15067, RATIS_DATASTREAM=15068, STANDALONE=15064], networkLocation: /default-rack, certSerialId: null, persistedOpState: null, persistedOpStateExpiryEpochSec: 0}
2023-12-05 10:04:47,277 [EventQueue-NodeRegistrationContainerReportForDataNodeSafeModeRule] INFO  safemode.SCMSafeModeManager (DataNodeSafeModeRule.java:process(71)) - SCM in safe mode. 3 DataNodes registered, 3 required.
2023-12-05 10:04:47,277 [EventQueue-NodeRegistrationContainerReportForDataNodeSafeModeRule] INFO  safemode.SCMSafeModeManager (SCMSafeModeManager.java:validateSafeModeExitRules(200)) - DataNodeSafeModeRule rule is successfully validated
2023-12-05 10:04:47,277 [EventQueue-NodeRegistrationContainerReportForDataNodeSafeModeRule] INFO  safemode.SCMSafeModeManager (SCMSafeModeManager.java:completePreCheck(229)) - All SCM safe mode pre check rules have passed
2023-12-05 10:04:47,277 [EventQueue-NodeRegistrationContainerReportForDataNodeSafeModeRule] INFO  ha.SCMContext (SCMContext.java:updateSafeModeStatus(230)) - Update SafeModeStatus from SafeModeStatus{safeModeStatus=true, preCheckPassed=false} to SafeModeStatus{safeModeStatus=true, preCheckPassed=true}.
2023-12-05 10:04:47,277 [EventQueue-NodeRegistrationContainerReportForDataNodeSafeModeRule] INFO  pipeline.BackgroundPipelineCreator (BackgroundPipelineCreator.java:notifyEventTriggered(280)) - trigger a one-shot run on RatisPipelineUtilsThread.
2023-12-05 10:04:47,278 [RatisPipelineUtilsThread-0] INFO  pipeline.RatisPipelineProvider (RatisPipelineProvider.java:lambda$create$0(206)) - Sending CreatePipelineCommand for pipeline:PipelineID=d5296619-e08d-4062-aa8b-b2574be87882 to datanode:a14db3af-fd8e-478e-855b-ef9cd5001d57
2023-12-05 10:04:47,278 [EventQueue-NewNodeForNewNodeHandler] INFO  pipeline.BackgroundPipelineCreator (BackgroundPipelineCreator.java:notifyEventTriggered(280)) - trigger a one-shot run on RatisPipelineUtilsThread.
2023-12-05 10:04:47,279 [RatisPipelineUtilsThread-0] INFO  pipeline.BackgroundPipelineCreator (BackgroundPipelineCreator.java:createPipelines(236)) - Created new pipeline Pipeline[ Id: d5296619-e08d-4062-aa8b-b2574be87882, Nodes: a14db3af-fd8e-478e-855b-ef9cd5001d57(fv-az884-53.nlrrjjsaionubk4jys1hz1dhmg.bx.internal.cloudapp.net/10.1.0.7), ReplicationConfig: RATIS/ONE, State:ALLOCATED, leaderId:, CreationTimestamp2023-12-05T10:04:47.278Z[Etc/UTC]]
2023-12-05 10:04:47,279 [RatisPipelineUtilsThread-0] INFO  pipeline.RatisPipelineProvider (RatisPipelineProvider.java:lambda$create$0(206)) - Sending CreatePipelineCommand for pipeline:PipelineID=c9cb7086-f10a-4ac0-8c50-d9eaed504055 to datanode:1875ca78-02f9-46a2-aa62-0847e90c9d54
2023-12-05 10:04:47,279 [RatisPipelineUtilsThread-0] INFO  pipeline.RatisPipelineProvider (RatisPipelineProvider.java:lambda$create$0(206)) - Sending CreatePipelineCommand for pipeline:PipelineID=c9cb7086-f10a-4ac0-8c50-d9eaed504055 to datanode:a14db3af-fd8e-478e-855b-ef9cd5001d57
2023-12-05 10:04:47,279 [RatisPipelineUtilsThread-0] INFO  pipeline.RatisPipelineProvider (RatisPipelineProvider.java:lambda$create$0(206)) - Sending CreatePipelineCommand for pipeline:PipelineID=c9cb7086-f10a-4ac0-8c50-d9eaed504055 to datanode:86e7a8c2-7a3b-42b5-8c24-f179534e156f
2023-12-05 10:04:47,280 [RatisPipelineUtilsThread-0] INFO  pipeline.BackgroundPipelineCreator (BackgroundPipelineCreator.java:createPipelines(236)) - Created new pipeline Pipeline[ Id: c9cb7086-f10a-4ac0-8c50-d9eaed504055, Nodes: 1875ca78-02f9-46a2-aa62-0847e90c9d54(fv-az884-53.nlrrjjsaionubk4jys1hz1dhmg.bx.internal.cloudapp.net/10.1.0.7)a14db3af-fd8e-478e-855b-ef9cd5001d57(fv-az884-53.nlrrjjsaionubk4jys1hz1dhmg.bx.internal.cloudapp.net/10.1.0.7)86e7a8c2-7a3b-42b5-8c24-f179534e156f(fv-az884-53.nlrrjjsaionubk4jys1hz1dhmg.bx.internal.cloudapp.net/10.1.0.7), ReplicationConfig: RATIS/THREE, State:ALLOCATED, leaderId:, CreationTimestamp2023-12-05T10:04:47.279Z[Etc/UTC]]
2023-12-05 10:04:48,276 [main] INFO  ozone.MiniOzoneClusterImpl (MiniOzoneClusterImpl.java:lambda$waitForClusterToBeReady$0(229)) - Nodes are ready. Got 3 of 3 DN Heartbeats.
2023-12-05 10:04:48,276 [main] INFO  ozone.MiniOzoneClusterImpl (MiniOzoneClusterImpl.java:lambda$waitForClusterToBeReady$0(232)) - Waiting for cluster to exit safe mode
2023-12-05 10:04:48,276 [main] INFO  ozone.MiniOzoneClusterImpl (MiniOzoneClusterImpl.java:lambda$waitForClusterToBeReady$0(234)) - SCM became leader
2023-12-05 10:04:49,276 [main] INFO  ozone.MiniOzoneClusterImpl (MiniOzoneClusterImpl.java:lambda$waitForClusterToBeReady$0(229)) - Nodes are ready. Got 3 of 3 DN Heartbeats.
2023-12-05 10:04:49,277 [main] INFO  ozone.MiniOzoneClusterImpl (MiniOzoneClusterImpl.java:lambda$waitForClusterToBeReady$0(232)) - Waiting for cluster to exit safe mode
2023-12-05 10:04:49,277 [main] INFO  ozone.MiniOzoneClusterImpl (MiniOzoneClusterImpl.java:lambda$waitForClusterToBeReady$0(234)) - SCM became leader
2023-12-05 10:04:49,973 [1875ca78-02f9-46a2-aa62-0847e90c9d54-PipelineCommandHandlerThread-0] INFO  server.RaftServer (RaftServerProxy.java:addNew(100)) - 1875ca78-02f9-46a2-aa62-0847e90c9d54: addNew group-7D4B913110C9:[1875ca78-02f9-46a2-aa62-0847e90c9d54|10.1.0.7:15049] returns group-7D4B913110C9:java.util.concurrent.CompletableFuture@70ed0ef1[Not completed]
2023-12-05 10:04:49,975 [1875ca78-02f9-46a2-aa62-0847e90c9d54-groupManagement] INFO  server.RaftServer$Division (RaftServerImpl.java:<init>(256)) - 1875ca78-02f9-46a2-aa62-0847e90c9d54: new RaftServerImpl for group-7D4B913110C9:[1875ca78-02f9-46a2-aa62-0847e90c9d54|10.1.0.7:15049] with ContainerStateMachine:uninitialized
2023-12-05 10:04:49,975 [1875ca78-02f9-46a2-aa62-0847e90c9d54-groupManagement] INFO  server.RaftServerConfigKeys (ConfUtils.java:logGet(46)) - raft.server.rpc.timeout.min = 5s (custom)
2023-12-05 10:04:49,975 [1875ca78-02f9-46a2-aa62-0847e90c9d54-groupManagement] INFO  server.RaftServerConfigKeys (ConfUtils.java:logGet(46)) - raft.server.rpc.timeout.max = 5200ms (custom)
2023-12-05 10:04:49,975 [1875ca78-02f9-46a2-aa62-0847e90c9d54-groupManagement] INFO  server.RaftServerConfigKeys (ConfUtils.java:logGet(46)) - raft.server.rpc.sleep.time = 25ms (default)
2023-12-05 10:04:49,975 [1875ca78-02f9-46a2-aa62-0847e90c9d54-groupManagement] INFO  server.RaftServerConfigKeys (ConfUtils.java:logGet(46)) - raft.server.rpc.slowness.timeout = 300s (custom)
2023-12-05 10:04:49,975 [1875ca78-02f9-46a2-aa62-0847e90c9d54-groupManagement] INFO  server.RaftServerConfigKeys (ConfUtils.java:logGet(46)) - raft.server.leaderelection.leader.step-down.wait-time = 10s (default)
2023-12-05 10:04:49,975 [1875ca78-02f9-46a2-aa62-0847e90c9d54-groupManagement] INFO  server.RaftServerConfigKeys (ConfUtils.java:logGet(46)) - raft.server.leaderelection.member.majority-add = false (default)
2023-12-05 10:04:49,975 [1875ca78-02f9-46a2-aa62-0847e90c9d54-groupManagement] INFO  server.RaftServerConfigKeys (ConfUtils.java:logGet(46)) - raft.server.sleep.deviation.threshold = 300ms (default)
2023-12-05 10:04:49,975 [1875ca78-02f9-46a2-aa62-0847e90c9d54-groupManagement] INFO  server.RaftServer$Division (ServerState.java:<init>(113)) - 1875ca78-02f9-46a2-aa62-0847e90c9d54@group-7D4B913110C9: ConfigurationManager, init=-1: peers:[1875ca78-02f9-46a2-aa62-0847e90c9d54|10.1.0.7:15049]|listeners:[], old=null, confs=<EMPTY_MAP>
2023-12-05 10:04:49,976 [1875ca78-02f9-46a2-aa62-0847e90c9d54-groupManagement] INFO  server.RaftServerConfigKeys (ConfUtils.java:logGet(46)) - raft.server.notification.no-leader.timeout = 300s (custom)
2023-12-05 10:04:49,976 [1875ca78-02f9-46a2-aa62-0847e90c9d54-groupManagement] INFO  server.RaftServerConfigKeys (ConfUtils.java:logGet(46)) - raft.server.read.timeout = 10s (default)
2023-12-05 10:04:49,976 [1875ca78-02f9-46a2-aa62-0847e90c9d54-groupManagement] INFO  server.RaftServerConfigKeys (ConfUtils.java:logGet(46)) - raft.server.retrycache.expirytime = 600000ms (custom)
2023-12-05 10:04:49,976 [1875ca78-02f9-46a2-aa62-0847e90c9d54-groupManagement] INFO  server.RaftServerConfigKeys (ConfUtils.java:logGet(46)) - raft.server.retrycache.statistics.expirytime = 100ms (default)
2023-12-05 10:04:49,976 [1875ca78-02f9-46a2-aa62-0847e90c9d54-groupManagement] INFO  server.RaftServerConfigKeys (ConfUtils.java:logGet(46)) - raft.server.read.option = DEFAULT (default)
2023-12-05 10:04:49,976 [1875ca78-02f9-46a2-aa62-0847e90c9d54-groupManagement] INFO  server.RaftServerConfigKeys (ConfUtils.java:logGet(46)) - raft.server.read.read-after-write-consistent.write-index-cache.expiry-time = 60s (default)
2023-12-05 10:04:49,978 [1875ca78-02f9-46a2-aa62-0847e90c9d54-groupManagement] INFO  server.RaftServerConfigKeys (ConfUtils.java:logGet(46)) - raft.server.rpc.request.timeout = 60s (custom)
2023-12-05 10:04:49,978 [1875ca78-02f9-46a2-aa62-0847e90c9d54-groupManagement] INFO  server.RaftServerConfigKeys (ConfUtils.java:logGet(46)) - raft.server.log.appender.install.snapshot.enabled = false (custom)
2023-12-05 10:04:49,978 [1875ca78-02f9-46a2-aa62-0847e90c9d54-groupManagement] INFO  server.RaftServerConfigKeys (ConfUtils.java:logGet(46)) - raft.server.threadpool.server.cached = true (default)
2023-12-05 10:04:49,978 [1875ca78-02f9-46a2-aa62-0847e90c9d54-groupManagement] INFO  server.RaftServerConfigKeys (ConfUtils.java:logGet(46)) - raft.server.threadpool.server.size = 0 (default)
2023-12-05 10:04:49,978 [1875ca78-02f9-46a2-aa62-0847e90c9d54-groupManagement] INFO  server.RaftServerConfigKeys (ConfUtils.java:logGet(46)) - raft.server.threadpool.client.cached = true (default)
2023-12-05 10:04:49,978 [1875ca78-02f9-46a2-aa62-0847e90c9d54-groupManagement] INFO  server.RaftServerConfigKeys (ConfUtils.java:logGet(46)) - raft.server.threadpool.client.size = 0 (default)
2023-12-05 10:04:49,978 [1875ca78-02f9-46a2-aa62-0847e90c9d54-groupManagement] INFO  server.RaftServerConfigKeys (ConfUtils.java:logGet(46)) - raft.server.storage.free-space.min = 0MB (=0) (default)
2023-12-05 10:04:49,978 [1875ca78-02f9-46a2-aa62-0847e90c9d54-groupManagement] INFO  server.RaftServerConfigKeys (ConfUtils.java:logGet(46)) - raft.server.log.corruption.policy = EXCEPTION (default)
2023-12-05 10:04:49,979 [1875ca78-02f9-46a2-aa62-0847e90c9d54-groupManagement] INFO  server.RaftServerConfigKeys (ConfUtils.java:logGet(46)) - raft.server.storage.dir = [/home/runner/work/ozone/ozone/hadoop-ozone/integration-test/target/test-dir/MiniOzoneClusterImpl-1950aa9b-5d8b-4a5d-a98b-a91d287d75ff/datanode-0/data/ratis] (custom)
2023-12-05 10:04:49,979 [1875ca78-02f9-46a2-aa62-0847e90c9d54-groupManagement] INFO  storage.RaftStorageDirectory (RaftStorageDirectoryImpl.java:analyzeStorage(138)) - The storage directory /home/runner/work/ozone/ozone/hadoop-ozone/integration-test/target/test-dir/MiniOzoneClusterImpl-1950aa9b-5d8b-4a5d-a98b-a91d287d75ff/datanode-0/data/ratis/087220be-e07f-4e1e-a821-7d4b913110c9 does not exist. Creating ...
2023-12-05 10:04:49,980 [1875ca78-02f9-46a2-aa62-0847e90c9d54-groupManagement] INFO  storage.RaftStorageDirectory (RaftStorageDirectoryImpl.java:tryLock(232)) - Lock on /home/runner/work/ozone/ozone/hadoop-ozone/integration-test/target/test-dir/MiniOzoneClusterImpl-1950aa9b-5d8b-4a5d-a98b-a91d287d75ff/datanode-0/data/ratis/087220be-e07f-4e1e-a821-7d4b913110c9/in_use.lock acquired by nodename 4813@fv-az884-53
2023-12-05 10:04:49,980 [1875ca78-02f9-46a2-aa62-0847e90c9d54-groupManagement] INFO  storage.RaftStorage (RaftStorageImpl.java:format(97)) - Storage directory /home/runner/work/ozone/ozone/hadoop-ozone/integration-test/target/test-dir/MiniOzoneClusterImpl-1950aa9b-5d8b-4a5d-a98b-a91d287d75ff/datanode-0/data/ratis/087220be-e07f-4e1e-a821-7d4b913110c9 has been successfully formatted.
2023-12-05 10:04:49,981 [1875ca78-02f9-46a2-aa62-0847e90c9d54-groupManagement] INFO  ratis.ContainerStateMachine (ContainerStateMachine.java:loadSnapshot(269)) - group-7D4B913110C9: The snapshot info is null. Setting the last applied indexto:(t:0, i:~)
2023-12-05 10:04:49,981 [1875ca78-02f9-46a2-aa62-0847e90c9d54-groupManagement] INFO  server.RaftServerConfigKeys (ConfUtils.java:logGet(46)) - raft.server.log.use.memory = false (default)
2023-12-05 10:04:49,981 [1875ca78-02f9-46a2-aa62-0847e90c9d54-groupManagement] INFO  server.RaftServerConfigKeys (ConfUtils.java:logGet(46)) - raft.server.log.purge.gap = 1000000 (custom)
2023-12-05 10:04:49,981 [1875ca78-02f9-46a2-aa62-0847e90c9d54-groupManagement] INFO  server.RaftServerConfigKeys (ConfUtils.java:logGet(46)) - raft.server.log.appender.buffer.byte-limit = 8388608 (custom)
2023-12-05 10:04:49,981 [1875ca78-02f9-46a2-aa62-0847e90c9d54-groupManagement] INFO  server.RaftServerConfigKeys (ConfUtils.java:logGet(46)) - raft.server.log.statemachine.data.read.timeout = 1000ms (default)
2023-12-05 10:04:49,981 [1875ca78-02f9-46a2-aa62-0847e90c9d54-groupManagement] INFO  server.RaftServerConfigKeys (ConfUtils.java:logGet(46)) - raft.server.log.purge.preservation.log.num = 0 (default)
2023-12-05 10:04:49,983 [EventQueue-PipelineReportForPipelineReportHandler] INFO  pipeline.PipelineReportHandler (PipelineReportHandler.java:processPipelineReport(136)) - Opened pipeline PipelineID=087220be-e07f-4e1e-a821-7d4b913110c9
2023-12-05 10:04:49,984 [EventQueue-OpenPipelineForHealthyPipelineSafeModeRule] INFO  safemode.SCMSafeModeManager (HealthyPipelineSafeModeRule.java:process(137)) - SCM in safe mode. Healthy pipelines reported count is 0, required healthy pipeline reported count is 1
2023-12-05 10:04:49,988 [1875ca78-02f9-46a2-aa62-0847e90c9d54-groupManagement] INFO  server.RaftServerConfigKeys (ConfUtils.java:logGet(46)) - raft.server.log.segment.size.max = 67108864 (custom)
2023-12-05 10:04:49,989 [1875ca78-02f9-46a2-aa62-0847e90c9d54-groupManagement] INFO  server.RaftServerConfigKeys (ConfUtils.java:logGet(46)) - raft.server.log.segment.cache.num.max = 2 (custom)
2023-12-05 10:04:49,989 [1875ca78-02f9-46a2-aa62-0847e90c9d54-groupManagement] INFO  server.RaftServerConfigKeys (ConfUtils.java:logGet(46)) - raft.server.log.segment.cache.size.max = 200MB (=209715200) (default)
2023-12-05 10:04:49,989 [1875ca78-02f9-46a2-aa62-0847e90c9d54-groupManagement] INFO  server.RaftServerConfigKeys (ConfUtils.java:logGet(46)) - raft.server.log.appender.buffer.byte-limit = 8388608 (custom)
2023-12-05 10:04:49,989 [1875ca78-02f9-46a2-aa62-0847e90c9d54-groupManagement] INFO  util.AwaitToRun (AwaitToRun.java:start(81)) - Thread[1875ca78-02f9-46a2-aa62-0847e90c9d54@group-7D4B913110C9-cacheEviction-AwaitToRun,5,main] started
2023-12-05 10:04:49,989 [1875ca78-02f9-46a2-aa62-0847e90c9d54-groupManagement] INFO  segmented.SegmentedRaftLogWorker (SegmentedRaftLogWorker.java:<init>(184)) - new 1875ca78-02f9-46a2-aa62-0847e90c9d54@group-7D4B913110C9-SegmentedRaftLogWorker for RaftStorageImpl:Storage Directory /home/runner/work/ozone/ozone/hadoop-ozone/integration-test/target/test-dir/MiniOzoneClusterImpl-1950aa9b-5d8b-4a5d-a98b-a91d287d75ff/datanode-0/data/ratis/087220be-e07f-4e1e-a821-7d4b913110c9
2023-12-05 10:04:49,989 [1875ca78-02f9-46a2-aa62-0847e90c9d54-groupManagement] INFO  server.RaftServerConfigKeys (ConfUtils.java:logGet(46)) - raft.server.log.queue.byte-limit = 4294967296 (custom)
2023-12-05 10:04:49,989 [1875ca78-02f9-46a2-aa62-0847e90c9d54-groupManagement] INFO  server.RaftServerConfigKeys (ConfUtils.java:logGet(46)) - raft.server.log.queue.element-limit = 1024 (custom)
2023-12-05 10:04:49,989 [1875ca78-02f9-46a2-aa62-0847e90c9d54-groupManagement] INFO  server.RaftServerConfigKeys (ConfUtils.java:logGet(46)) - raft.server.log.segment.size.max = 67108864 (custom)
2023-12-05 10:04:49,990 [1875ca78-02f9-46a2-aa62-0847e90c9d54-groupManagement] INFO  server.RaftServerConfigKeys (ConfUtils.java:logGet(46)) - raft.server.log.preallocated.size = 4194304 (custom)
2023-12-05 10:04:49,990 [1875ca78-02f9-46a2-aa62-0847e90c9d54-groupManagement] INFO  server.RaftServerConfigKeys (ConfUtils.java:logGet(46)) - raft.server.log.force.sync.num = 128 (default)
2023-12-05 10:04:49,990 [1875ca78-02f9-46a2-aa62-0847e90c9d54-groupManagement] INFO  server.RaftServerConfigKeys (ConfUtils.java:logGet(46)) - raft.server.log.statemachine.data.sync = true (default)
2023-12-05 10:04:49,990 [1875ca78-02f9-46a2-aa62-0847e90c9d54-groupManagement] INFO  server.RaftServerConfigKeys (ConfUtils.java:logGet(46)) - raft.server.log.statemachine.data.sync.timeout = 10s (default)
2023-12-05 10:04:49,990 [1875ca78-02f9-46a2-aa62-0847e90c9d54-groupManagement] INFO  server.RaftServerConfigKeys (ConfUtils.java:logGet(46)) - raft.server.log.statemachine.data.sync.timeout.retry = 0 (custom)
2023-12-05 10:04:49,990 [1875ca78-02f9-46a2-aa62-0847e90c9d54-groupManagement] INFO  server.RaftServerConfigKeys (ConfUtils.java:logGet(46)) - raft.server.log.write.buffer.size = 8388616 (custom)
2023-12-05 10:04:49,992 [1875ca78-02f9-46a2-aa62-0847e90c9d54-groupManagement] INFO  server.RaftServerConfigKeys (ConfUtils.java:logGet(46)) - raft.server.log.appender.buffer.byte-limit = 8388608 (custom)
2023-12-05 10:04:49,993 [1875ca78-02f9-46a2-aa62-0847e90c9d54-groupManagement] INFO  server.RaftServerConfigKeys (ConfUtils.java:logGet(46)) - raft.server.log.unsafe-flush.enabled = false (default)
2023-12-05 10:04:49,993 [1875ca78-02f9-46a2-aa62-0847e90c9d54-groupManagement] INFO  server.RaftServerConfigKeys (ConfUtils.java:logGet(46)) - raft.server.log.async-flush.enabled = false (default)
2023-12-05 10:04:49,993 [1875ca78-02f9-46a2-aa62-0847e90c9d54-groupManagement] INFO  server.RaftServerConfigKeys (ConfUtils.java:logGet(46)) - raft.server.log.statemachine.data.caching.enabled = true (custom)
2023-12-05 10:04:49,993 [1875ca78-02f9-46a2-aa62-0847e90c9d54-groupManagement] INFO  segmented.SegmentedRaftLogWorker (SegmentedRaftLogWorker.java:lambda$new$0(135)) - 1875ca78-02f9-46a2-aa62-0847e90c9d54@group-7D4B913110C9-SegmentedRaftLogWorker: flushIndex: setUnconditionally 0 -> -1
2023-12-05 10:04:49,993 [1875ca78-02f9-46a2-aa62-0847e90c9d54-groupManagement] INFO  segmented.SegmentedRaftLogWorker (SegmentedRaftLogWorker.java:lambda$new$0(135)) - 1875ca78-02f9-46a2-aa62-0847e90c9d54@group-7D4B913110C9-SegmentedRaftLogWorker: safeCacheEvictIndex: setUnconditionally 0 -> -1
2023-12-05 10:04:49,993 [1875ca78-02f9-46a2-aa62-0847e90c9d54-groupManagement] INFO  server.RaftServer$Division (RaftServerImpl.java:start(392)) - 1875ca78-02f9-46a2-aa62-0847e90c9d54@group-7D4B913110C9: start as a follower, conf=-1: peers:[1875ca78-02f9-46a2-aa62-0847e90c9d54|10.1.0.7:15049]|listeners:[], old=null
2023-12-05 10:04:49,994 [1875ca78-02f9-46a2-aa62-0847e90c9d54-groupManagement] INFO  server.RaftServer$Division (RaftServerImpl.java:setRole(379)) - 1875ca78-02f9-46a2-aa62-0847e90c9d54@group-7D4B913110C9: changes role from      null to FOLLOWER at term 0 for startAsFollower
2023-12-05 10:04:49,994 [1875ca78-02f9-46a2-aa62-0847e90c9d54-groupManagement] INFO  impl.RoleInfo (RoleInfo.java:updateAndGet(139)) - 1875ca78-02f9-46a2-aa62-0847e90c9d54: start 1875ca78-02f9-46a2-aa62-0847e90c9d54@group-7D4B913110C9-FollowerState
2023-12-05 10:04:49,994 [1875ca78-02f9-46a2-aa62-0847e90c9d54-groupManagement] INFO  util.JmxRegister (JmxRegister.java:tryRegister(44)) - Successfully registered JMX Bean with object name Ratis:service=RaftServer,group=group-7D4B913110C9,id=1875ca78-02f9-46a2-aa62-0847e90c9d54
2023-12-05 10:04:49,994 [1875ca78-02f9-46a2-aa62-0847e90c9d54-groupManagement] INFO  server.RaftServerConfigKeys (ConfUtils.java:logGet(46)) - raft.server.snapshot.trigger-when-stop.enabled = true (default)
2023-12-05 10:04:49,994 [1875ca78-02f9-46a2-aa62-0847e90c9d54-groupManagement] INFO  server.RaftServerConfigKeys (ConfUtils.java:logGet(46)) - raft.server.snapshot.auto.trigger.enabled = true (custom)
2023-12-05 10:04:49,994 [1875ca78-02f9-46a2-aa62-0847e90c9d54-groupManagement] INFO  server.RaftServerConfigKeys (ConfUtils.java:logGet(46)) - raft.server.snapshot.auto.trigger.threshold = 10000 (custom)
2023-12-05 10:04:49,994 [1875ca78-02f9-46a2-aa62-0847e90c9d54-groupManagement] INFO  server.RaftServerConfigKeys (ConfUtils.java:logGet(46)) - raft.server.snapshot.retention.file.num = 5 (custom)
2023-12-05 10:04:49,994 [1875ca78-02f9-46a2-aa62-0847e90c9d54-groupManagement] INFO  server.RaftServerConfigKeys (ConfUtils.java:logGet(46)) - raft.server.log.purge.upto.snapshot.index = false (default)
2023-12-05 10:04:49,994 [1875ca78-02f9-46a2-aa62-0847e90c9d54@group-7D4B913110C9-FollowerState] INFO  server.RaftServerConfigKeys (ConfUtils.java:logFallback(53)) - raft.server.rpc.first-election.timeout.min = 5s (fallback to raft.server.rpc.timeout.min)
2023-12-05 10:04:49,995 [1875ca78-02f9-46a2-aa62-0847e90c9d54@group-7D4B913110C9-FollowerState] INFO  server.RaftServerConfigKeys (ConfUtils.java:logFallback(53)) - raft.server.rpc.first-election.timeout.max = 5200ms (fallback to raft.server.rpc.timeout.max)
2023-12-05 10:04:49,995 [1875ca78-02f9-46a2-aa62-0847e90c9d54-PipelineCommandHandlerThread-0] INFO  ratis.XceiverServerRatis (XceiverServerRatis.java:addGroup(837)) - Created group PipelineID=087220be-e07f-4e1e-a821-7d4b913110c9
2023-12-05 10:04:49,995 [1875ca78-02f9-46a2-aa62-0847e90c9d54-PipelineCommandHandlerThread-0] INFO  commandhandler.CreatePipelineCommandHandler (CreatePipelineCommandHandler.java:lambda$handle$2(124)) - Created Pipeline RATIS ONE PipelineID=087220be-e07f-4e1e-a821-7d4b913110c9.
2023-12-05 10:04:49,996 [1875ca78-02f9-46a2-aa62-0847e90c9d54-PipelineCommandHandlerThread-0] INFO  server.RaftServer (RaftServerProxy.java:addNew(100)) - 1875ca78-02f9-46a2-aa62-0847e90c9d54: addNew group-D9EAED504055:[a14db3af-fd8e-478e-855b-ef9cd5001d57|10.1.0.7:15067, 1875ca78-02f9-46a2-aa62-0847e90c9d54|10.1.0.7:15049, 86e7a8c2-7a3b-42b5-8c24-f179534e156f|10.1.0.7:15058] returns group-D9EAED504055:java.util.concurrent.CompletableFuture@74d28434[Not completed]
2023-12-05 10:04:49,997 [1875ca78-02f9-46a2-aa62-0847e90c9d54-groupManagement] INFO  server.RaftServer$Division (RaftServerImpl.java:<init>(256)) - 1875ca78-02f9-46a2-aa62-0847e90c9d54: new RaftServerImpl for group-D9EAED504055:[a14db3af-fd8e-478e-855b-ef9cd5001d57|10.1.0.7:15067, 1875ca78-02f9-46a2-aa62-0847e90c9d54|10.1.0.7:15049, 86e7a8c2-7a3b-42b5-8c24-f179534e156f|10.1.0.7:15058] with ContainerStateMachine:uninitialized
2023-12-05 10:04:49,997 [1875ca78-02f9-46a2-aa62-0847e90c9d54-groupManagement] INFO  server.RaftServerConfigKeys (ConfUtils.java:logGet(46)) - raft.server.rpc.timeout.min = 5s (custom)
2023-12-05 10:04:49,997 [1875ca78-02f9-46a2-aa62-0847e90c9d54-groupManagement] INFO  server.RaftServerConfigKeys (ConfUtils.java:logGet(46)) - raft.server.rpc.timeout.max = 5200ms (custom)
2023-12-05 10:04:49,997 [1875ca78-02f9-46a2-aa62-0847e90c9d54-groupManagement] INFO  server.RaftServerConfigKeys (ConfUtils.java:logGet(46)) - raft.server.rpc.sleep.time = 25ms (default)
2023-12-05 10:04:49,997 [1875ca78-02f9-46a2-aa62-0847e90c9d54-groupManagement] INFO  server.RaftServerConfigKeys (ConfUtils.java:logGet(46)) - raft.server.rpc.slowness.timeout = 300s (custom)
2023-12-05 10:04:49,997 [1875ca78-02f9-46a2-aa62-0847e90c9d54-groupManagement] INFO  server.RaftServerConfigKeys (ConfUtils.java:logGet(46)) - raft.server.leaderelection.leader.step-down.wait-time = 10s (default)
2023-12-05 10:04:49,997 [1875ca78-02f9-46a2-aa62-0847e90c9d54-groupManagement] INFO  server.RaftServerConfigKeys (ConfUtils.java:logGet(46)) - raft.server.leaderelection.member.majority-add = false (default)
2023-12-05 10:04:49,997 [1875ca78-02f9-46a2-aa62-0847e90c9d54-groupManagement] INFO  server.RaftServerConfigKeys (ConfUtils.java:logGet(46)) - raft.server.sleep.deviation.threshold = 300ms (default)
2023-12-05 10:04:49,997 [1875ca78-02f9-46a2-aa62-0847e90c9d54-groupManagement] INFO  server.RaftServer$Division (ServerState.java:<init>(113)) - 1875ca78-02f9-46a2-aa62-0847e90c9d54@group-D9EAED504055: ConfigurationManager, init=-1: peers:[a14db3af-fd8e-478e-855b-ef9cd5001d57|10.1.0.7:15067, 1875ca78-02f9-46a2-aa62-0847e90c9d54|10.1.0.7:15049, 86e7a8c2-7a3b-42b5-8c24-f179534e156f|10.1.0.7:15058]|listeners:[], old=null, confs=<EMPTY_MAP>
2023-12-05 10:04:49,997 [1875ca78-02f9-46a2-aa62-0847e90c9d54-groupManagement] INFO  server.RaftServerConfigKeys (ConfUtils.java:logGet(46)) - raft.server.notification.no-leader.timeout = 300s (custom)
2023-12-05 10:04:49,997 [1875ca78-02f9-46a2-aa62-0847e90c9d54-groupManagement] INFO  server.RaftServerConfigKeys (ConfUtils.java:logGet(46)) - raft.server.read.timeout = 10s (default)
2023-12-05 10:04:49,997 [1875ca78-02f9-46a2-aa62-0847e90c9d54-groupManagement] INFO  server.RaftServerConfigKeys (ConfUtils.java:logGet(46)) - raft.server.retrycache.expirytime = 600000ms (custom)
2023-12-05 10:04:49,998 [1875ca78-02f9-46a2-aa62-0847e90c9d54-groupManagement] INFO  server.RaftServerConfigKeys (ConfUtils.java:logGet(46)) - raft.server.retrycache.statistics.expirytime = 100ms (default)
2023-12-05 10:04:49,998 [1875ca78-02f9-46a2-aa62-0847e90c9d54-groupManagement] INFO  server.RaftServerConfigKeys (ConfUtils.java:logGet(46)) - raft.server.read.option = DEFAULT (default)
2023-12-05 10:04:49,998 [1875ca78-02f9-46a2-aa62-0847e90c9d54-groupManagement] INFO  server.RaftServerConfigKeys (ConfUtils.java:logGet(46)) - raft.server.read.read-after-write-consistent.write-index-cache.expiry-time = 60s (default)
2023-12-05 10:04:50,000 [1875ca78-02f9-46a2-aa62-0847e90c9d54-groupManagement] INFO  server.RaftServerConfigKeys (ConfUtils.java:logGet(46)) - raft.server.rpc.request.timeout = 60s (custom)
2023-12-05 10:04:50,000 [1875ca78-02f9-46a2-aa62-0847e90c9d54-groupManagement] INFO  server.RaftServerConfigKeys (ConfUtils.java:logGet(46)) - raft.server.log.appender.install.snapshot.enabled = false (custom)
2023-12-05 10:04:50,000 [1875ca78-02f9-46a2-aa62-0847e90c9d54-groupManagement] INFO  server.RaftServerConfigKeys (ConfUtils.java:logGet(46)) - raft.server.threadpool.server.cached = true (default)
2023-12-05 10:04:50,000 [1875ca78-02f9-46a2-aa62-0847e90c9d54-groupManagement] INFO  server.RaftServerConfigKeys (ConfUtils.java:logGet(46)) - raft.server.threadpool.server.size = 0 (default)
2023-12-05 10:04:50,001 [1875ca78-02f9-46a2-aa62-0847e90c9d54-groupManagement] INFO  server.RaftServerConfigKeys (ConfUtils.java:logGet(46)) - raft.server.threadpool.client.cached = true (default)
2023-12-05 10:04:50,001 [1875ca78-02f9-46a2-aa62-0847e90c9d54-groupManagement] INFO  server.RaftServerConfigKeys (ConfUtils.java:logGet(46)) - raft.server.threadpool.client.size = 0 (default)
2023-12-05 10:04:50,001 [1875ca78-02f9-46a2-aa62-0847e90c9d54-groupManagement] INFO  server.RaftServerConfigKeys (ConfUtils.java:logGet(46)) - raft.server.storage.free-space.min = 0MB (=0) (default)
2023-12-05 10:04:50,001 [1875ca78-02f9-46a2-aa62-0847e90c9d54-groupManagement] INFO  server.RaftServerConfigKeys (ConfUtils.java:logGet(46)) - raft.server.log.corruption.policy = EXCEPTION (default)
2023-12-05 10:04:50,001 [1875ca78-02f9-46a2-aa62-0847e90c9d54-groupManagement] INFO  server.RaftServerConfigKeys (ConfUtils.java:logGet(46)) - raft.server.storage.dir = [/home/runner/work/ozone/ozone/hadoop-ozone/integration-test/target/test-dir/MiniOzoneClusterImpl-1950aa9b-5d8b-4a5d-a98b-a91d287d75ff/datanode-0/data/ratis] (custom)
2023-12-05 10:04:50,001 [1875ca78-02f9-46a2-aa62-0847e90c9d54-groupManagement] INFO  storage.RaftStorageDirectory (RaftStorageDirectoryImpl.java:analyzeStorage(138)) - The storage directory /home/runner/work/ozone/ozone/hadoop-ozone/integration-test/target/test-dir/MiniOzoneClusterImpl-1950aa9b-5d8b-4a5d-a98b-a91d287d75ff/datanode-0/data/ratis/c9cb7086-f10a-4ac0-8c50-d9eaed504055 does not exist. Creating ...
2023-12-05 10:04:50,002 [1875ca78-02f9-46a2-aa62-0847e90c9d54-groupManagement] INFO  storage.RaftStorageDirectory (RaftStorageDirectoryImpl.java:tryLock(232)) - Lock on /home/runner/work/ozone/ozone/hadoop-ozone/integration-test/target/test-dir/MiniOzoneClusterImpl-1950aa9b-5d8b-4a5d-a98b-a91d287d75ff/datanode-0/data/ratis/c9cb7086-f10a-4ac0-8c50-d9eaed504055/in_use.lock acquired by nodename 4813@fv-az884-53
2023-12-05 10:04:50,003 [1875ca78-02f9-46a2-aa62-0847e90c9d54-groupManagement] INFO  storage.RaftStorage (RaftStorageImpl.java:format(97)) - Storage directory /home/runner/work/ozone/ozone/hadoop-ozone/integration-test/target/test-dir/MiniOzoneClusterImpl-1950aa9b-5d8b-4a5d-a98b-a91d287d75ff/datanode-0/data/ratis/c9cb7086-f10a-4ac0-8c50-d9eaed504055 has been successfully formatted.
2023-12-05 10:04:50,003 [1875ca78-02f9-46a2-aa62-0847e90c9d54-groupManagement] INFO  ratis.ContainerStateMachine (ContainerStateMachine.java:loadSnapshot(269)) - group-D9EAED504055: The snapshot info is null. Setting the last applied indexto:(t:0, i:~)
2023-12-05 10:04:50,003 [1875ca78-02f9-46a2-aa62-0847e90c9d54-groupManagement] INFO  server.RaftServerConfigKeys (ConfUtils.java:logGet(46)) - raft.server.log.use.memory = false (default)
2023-12-05 10:04:50,003 [1875ca78-02f9-46a2-aa62-0847e90c9d54-groupManagement] INFO  server.RaftServerConfigKeys (ConfUtils.java:logGet(46)) - raft.server.log.purge.gap = 1000000 (custom)
2023-12-05 10:04:50,004 [1875ca78-02f9-46a2-aa62-0847e90c9d54-groupManagement] INFO  server.RaftServerConfigKeys (ConfUtils.java:logGet(46)) - raft.server.log.appender.buffer.byte-limit = 8388608 (custom)
2023-12-05 10:04:50,004 [1875ca78-02f9-46a2-aa62-0847e90c9d54-groupManagement] INFO  server.RaftServerConfigKeys (ConfUtils.java:logGet(46)) - raft.server.log.statemachine.data.read.timeout = 1000ms (default)
2023-12-05 10:04:50,004 [1875ca78-02f9-46a2-aa62-0847e90c9d54-groupManagement] INFO  server.RaftServerConfigKeys (ConfUtils.java:logGet(46)) - raft.server.log.purge.preservation.log.num = 0 (default)
2023-12-05 10:04:50,005 [1875ca78-02f9-46a2-aa62-0847e90c9d54-groupManagement] INFO  server.RaftServerConfigKeys (ConfUtils.java:logGet(46)) - raft.server.log.segment.size.max = 67108864 (custom)
2023-12-05 10:04:50,005 [1875ca78-02f9-46a2-aa62-0847e90c9d54-groupManagement] INFO  server.RaftServerConfigKeys (ConfUtils.java:logGet(46)) - raft.server.log.segment.cache.num.max = 2 (custom)
2023-12-05 10:04:50,005 [1875ca78-02f9-46a2-aa62-0847e90c9d54-groupManagement] INFO  server.RaftServerConfigKeys (ConfUtils.java:logGet(46)) - raft.server.log.segment.cache.size.max = 200MB (=209715200) (default)
2023-12-05 10:04:50,005 [1875ca78-02f9-46a2-aa62-0847e90c9d54-groupManagement] INFO  server.RaftServerConfigKeys (ConfUtils.java:logGet(46)) - raft.server.log.appender.buffer.byte-limit = 8388608 (custom)
2023-12-05 10:04:50,006 [EventQueue-OpenPipelineForHealthyPipelineSafeModeRule] INFO  safemode.SCMSafeModeManager (HealthyPipelineSafeModeRule.java:process(137)) - SCM in safe mode. Healthy pipelines reported count is 0, required healthy pipeline reported count is 1
2023-12-05 10:04:50,006 [1875ca78-02f9-46a2-aa62-0847e90c9d54-groupManagement] INFO  util.AwaitToRun (AwaitToRun.java:start(81)) - Thread[1875ca78-02f9-46a2-aa62-0847e90c9d54@group-D9EAED504055-cacheEviction-AwaitToRun,5,main] started
2023-12-05 10:04:50,006 [1875ca78-02f9-46a2-aa62-0847e90c9d54-groupManagement] INFO  segmented.SegmentedRaftLogWorker (SegmentedRaftLogWorker.java:<init>(184)) - new 1875ca78-02f9-46a2-aa62-0847e90c9d54@group-D9EAED504055-SegmentedRaftLogWorker for RaftStorageImpl:Storage Directory /home/runner/work/ozone/ozone/hadoop-ozone/integration-test/target/test-dir/MiniOzoneClusterImpl-1950aa9b-5d8b-4a5d-a98b-a91d287d75ff/datanode-0/data/ratis/c9cb7086-f10a-4ac0-8c50-d9eaed504055
2023-12-05 10:04:50,006 [1875ca78-02f9-46a2-aa62-0847e90c9d54-groupManagement] INFO  server.RaftServerConfigKeys (ConfUtils.java:logGet(46)) - raft.server.log.queue.byte-limit = 4294967296 (custom)
2023-12-05 10:04:50,006 [1875ca78-02f9-46a2-aa62-0847e90c9d54-groupManagement] INFO  server.RaftServerConfigKeys (ConfUtils.java:logGet(46)) - raft.server.log.queue.element-limit = 1024 (custom)
2023-12-05 10:04:50,006 [1875ca78-02f9-46a2-aa62-0847e90c9d54-groupManagement] INFO  server.RaftServerConfigKeys (ConfUtils.java:logGet(46)) - raft.server.log.segment.size.max = 67108864 (custom)
2023-12-05 10:04:50,006 [1875ca78-02f9-46a2-aa62-0847e90c9d54-groupManagement] INFO  server.RaftServerConfigKeys (ConfUtils.java:logGet(46)) - raft.server.log.preallocated.size = 4194304 (custom)
2023-12-05 10:04:50,006 [1875ca78-02f9-46a2-aa62-0847e90c9d54-groupManagement] INFO  server.RaftServerConfigKeys (ConfUtils.java:logGet(46)) - raft.server.log.force.sync.num = 128 (default)
2023-12-05 10:04:50,006 [1875ca78-02f9-46a2-aa62-0847e90c9d54-groupManagement] INFO  server.RaftServerConfigKeys (ConfUtils.java:logGet(46)) - raft.server.log.statemachine.data.sync = true (default)
2023-12-05 10:04:50,006 [1875ca78-02f9-46a2-aa62-0847e90c9d54-groupManagement] INFO  server.RaftServerConfigKeys (ConfUtils.java:logGet(46)) - raft.server.log.statemachine.data.sync.timeout = 10s (default)
2023-12-05 10:04:50,006 [1875ca78-02f9-46a2-aa62-0847e90c9d54-groupManagement] INFO  server.RaftServerConfigKeys (ConfUtils.java:logGet(46)) - raft.server.log.statemachine.data.sync.timeout.retry = 0 (custom)
2023-12-05 10:04:50,007 [1875ca78-02f9-46a2-aa62-0847e90c9d54-groupManagement] INFO  server.RaftServerConfigKeys (ConfUtils.java:logGet(46)) - raft.server.log.write.buffer.size = 8388616 (custom)
2023-12-05 10:04:50,008 [1875ca78-02f9-46a2-aa62-0847e90c9d54-groupManagement] INFO  server.RaftServerConfigKeys (ConfUtils.java:logGet(46)) - raft.server.log.appender.buffer.byte-limit = 8388608 (custom)
2023-12-05 10:04:50,009 [1875ca78-02f9-46a2-aa62-0847e90c9d54-groupManagement] INFO  server.RaftServerConfigKeys (ConfUtils.java:logGet(46)) - raft.server.log.unsafe-flush.enabled = false (default)
2023-12-05 10:04:50,009 [1875ca78-02f9-46a2-aa62-0847e90c9d54-groupManagement] INFO  server.RaftServerConfigKeys (ConfUtils.java:logGet(46)) - raft.server.log.async-flush.enabled = false (default)
2023-12-05 10:04:50,009 [1875ca78-02f9-46a2-aa62-0847e90c9d54-groupManagement] INFO  server.RaftServerConfigKeys (ConfUtils.java:logGet(46)) - raft.server.log.statemachine.data.caching.enabled = true (custom)
2023-12-05 10:04:50,009 [1875ca78-02f9-46a2-aa62-0847e90c9d54-groupManagement] INFO  segmented.SegmentedRaftLogWorker (SegmentedRaftLogWorker.java:lambda$new$0(135)) - 1875ca78-02f9-46a2-aa62-0847e90c9d54@group-D9EAED504055-SegmentedRaftLogWorker: flushIndex: setUnconditionally 0 -> -1
2023-12-05 10:04:50,009 [1875ca78-02f9-46a2-aa62-0847e90c9d54-groupManagement] INFO  segmented.SegmentedRaftLogWorker (SegmentedRaftLogWorker.java:lambda$new$0(135)) - 1875ca78-02f9-46a2-aa62-0847e90c9d54@group-D9EAED504055-SegmentedRaftLogWorker: safeCacheEvictIndex: setUnconditionally 0 -> -1
2023-12-05 10:04:50,010 [1875ca78-02f9-46a2-aa62-0847e90c9d54-groupManagement] INFO  server.RaftServer$Division (RaftServerImpl.java:start(392)) - 1875ca78-02f9-46a2-aa62-0847e90c9d54@group-D9EAED504055: start as a follower, conf=-1: peers:[a14db3af-fd8e-478e-855b-ef9cd5001d57|10.1.0.7:15067, 1875ca78-02f9-46a2-aa62-0847e90c9d54|10.1.0.7:15049, 86e7a8c2-7a3b-42b5-8c24-f179534e156f|10.1.0.7:15058]|listeners:[], old=null
2023-12-05 10:04:50,010 [1875ca78-02f9-46a2-aa62-0847e90c9d54-groupManagement] INFO  server.RaftServer$Division (RaftServerImpl.java:setRole(379)) - 1875ca78-02f9-46a2-aa62-0847e90c9d54@group-D9EAED504055: changes role from      null to FOLLOWER at term 0 for startAsFollower
2023-12-05 10:04:50,010 [1875ca78-02f9-46a2-aa62-0847e90c9d54-groupManagement] INFO  impl.RoleInfo (RoleInfo.java:updateAndGet(139)) - 1875ca78-02f9-46a2-aa62-0847e90c9d54: start 1875ca78-02f9-46a2-aa62-0847e90c9d54@group-D9EAED504055-FollowerState
2023-12-05 10:04:50,012 [1875ca78-02f9-46a2-aa62-0847e90c9d54-groupManagement] INFO  util.JmxRegister (JmxRegister.java:tryRegister(44)) - Successfully registered JMX Bean with object name Ratis:service=RaftServer,group=group-D9EAED504055,id=1875ca78-02f9-46a2-aa62-0847e90c9d54
2023-12-05 10:04:50,012 [1875ca78-02f9-46a2-aa62-0847e90c9d54@group-D9EAED504055-FollowerState] INFO  server.RaftServerConfigKeys (ConfUtils.java:logFallback(53)) - raft.server.rpc.first-election.timeout.min = 5s (fallback to raft.server.rpc.timeout.min)
2023-12-05 10:04:50,012 [1875ca78-02f9-46a2-aa62-0847e90c9d54-groupManagement] INFO  server.RaftServerConfigKeys (ConfUtils.java:logGet(46)) - raft.server.snapshot.trigger-when-stop.enabled = true (default)
2023-12-05 10:04:50,012 [1875ca78-02f9-46a2-aa62-0847e90c9d54@group-D9EAED504055-FollowerState] INFO  server.RaftServerConfigKeys (ConfUtils.java:logFallback(53)) - raft.server.rpc.first-election.timeout.max = 5200ms (fallback to raft.server.rpc.timeout.max)
2023-12-05 10:04:50,012 [1875ca78-02f9-46a2-aa62-0847e90c9d54-groupManagement] INFO  server.RaftServerConfigKeys (ConfUtils.java:logGet(46)) - raft.server.snapshot.auto.trigger.enabled = true (custom)
2023-12-05 10:04:50,012 [1875ca78-02f9-46a2-aa62-0847e90c9d54-groupManagement] INFO  server.RaftServerConfigKeys (ConfUtils.java:logGet(46)) - raft.server.snapshot.auto.trigger.threshold = 10000 (custom)
2023-12-05 10:04:50,012 [1875ca78-02f9-46a2-aa62-0847e90c9d54-groupManagement] INFO  server.RaftServerConfigKeys (ConfUtils.java:logGet(46)) - raft.server.snapshot.retention.file.num = 5 (custom)
2023-12-05 10:04:50,012 [1875ca78-02f9-46a2-aa62-0847e90c9d54-groupManagement] INFO  server.RaftServerConfigKeys (ConfUtils.java:logGet(46)) - raft.server.log.purge.upto.snapshot.index = false (default)
2023-12-05 10:04:50,014 [1875ca78-02f9-46a2-aa62-0847e90c9d54-PipelineCommandHandlerThread-0] INFO  ratis.XceiverServerRatis (XceiverServerRatis.java:addGroup(837)) - Created group PipelineID=c9cb7086-f10a-4ac0-8c50-d9eaed504055
2023-12-05 10:04:50,024 [grpc-default-executor-0] INFO  server.RaftServer (RaftServerProxy.java:addNew(100)) - a14db3af-fd8e-478e-855b-ef9cd5001d57: addNew group-D9EAED504055:[a14db3af-fd8e-478e-855b-ef9cd5001d57|10.1.0.7:15067, 1875ca78-02f9-46a2-aa62-0847e90c9d54|10.1.0.7:15049, 86e7a8c2-7a3b-42b5-8c24-f179534e156f|10.1.0.7:15058] returns group-D9EAED504055:java.util.concurrent.CompletableFuture@f303b08[Not completed]
2023-12-05 10:04:50,025 [a14db3af-fd8e-478e-855b-ef9cd5001d57-groupManagement] INFO  server.RaftServer$Division (RaftServerImpl.java:<init>(256)) - a14db3af-fd8e-478e-855b-ef9cd5001d57: new RaftServerImpl for group-D9EAED504055:[a14db3af-fd8e-478e-855b-ef9cd5001d57|10.1.0.7:15067, 1875ca78-02f9-46a2-aa62-0847e90c9d54|10.1.0.7:15049, 86e7a8c2-7a3b-42b5-8c24-f179534e156f|10.1.0.7:15058] with ContainerStateMachine:uninitialized
2023-12-05 10:04:50,026 [a14db3af-fd8e-478e-855b-ef9cd5001d57-groupManagement] INFO  server.RaftServerConfigKeys (ConfUtils.java:logGet(46)) - raft.server.rpc.timeout.min = 5s (custom)
2023-12-05 10:04:50,026 [a14db3af-fd8e-478e-855b-ef9cd5001d57-groupManagement] INFO  server.RaftServerConfigKeys (ConfUtils.java:logGet(46)) - raft.server.rpc.timeout.max = 5200ms (custom)
2023-12-05 10:04:50,026 [a14db3af-fd8e-478e-855b-ef9cd5001d57-groupManagement] INFO  server.RaftServerConfigKeys (ConfUtils.java:logGet(46)) - raft.server.rpc.sleep.time = 25ms (default)
2023-12-05 10:04:50,026 [a14db3af-fd8e-478e-855b-ef9cd5001d57-groupManagement] INFO  server.RaftServerConfigKeys (ConfUtils.java:logGet(46)) - raft.server.rpc.slowness.timeout = 300s (custom)
2023-12-05 10:04:50,026 [a14db3af-fd8e-478e-855b-ef9cd5001d57-groupManagement] INFO  server.RaftServerConfigKeys (ConfUtils.java:logGet(46)) - raft.server.leaderelection.leader.step-down.wait-time = 10s (default)
2023-12-05 10:04:50,026 [a14db3af-fd8e-478e-855b-ef9cd5001d57-groupManagement] INFO  server.RaftServerConfigKeys (ConfUtils.java:logGet(46)) - raft.server.leaderelection.member.majority-add = false (default)
2023-12-05 10:04:50,026 [a14db3af-fd8e-478e-855b-ef9cd5001d57-groupManagement] INFO  server.RaftServerConfigKeys (ConfUtils.java:logGet(46)) - raft.server.sleep.deviation.threshold = 300ms (default)
2023-12-05 10:04:50,026 [a14db3af-fd8e-478e-855b-ef9cd5001d57-groupManagement] INFO  server.RaftServer$Division (ServerState.java:<init>(113)) - a14db3af-fd8e-478e-855b-ef9cd5001d57@group-D9EAED504055: ConfigurationManager, init=-1: peers:[a14db3af-fd8e-478e-855b-ef9cd5001d57|10.1.0.7:15067, 1875ca78-02f9-46a2-aa62-0847e90c9d54|10.1.0.7:15049, 86e7a8c2-7a3b-42b5-8c24-f179534e156f|10.1.0.7:15058]|listeners:[], old=null, confs=<EMPTY_MAP>
2023-12-05 10:04:50,026 [a14db3af-fd8e-478e-855b-ef9cd5001d57-groupManagement] INFO  server.RaftServerConfigKeys (ConfUtils.java:logGet(46)) - raft.server.notification.no-leader.timeout = 300s (custom)
2023-12-05 10:04:50,026 [a14db3af-fd8e-478e-855b-ef9cd5001d57-groupManagement] INFO  server.RaftServerConfigKeys (ConfUtils.java:logGet(46)) - raft.server.read.timeout = 10s (default)
2023-12-05 10:04:50,027 [a14db3af-fd8e-478e-855b-ef9cd5001d57-groupManagement] INFO  server.RaftServerConfigKeys (ConfUtils.java:logGet(46)) - raft.server.retrycache.expirytime = 600000ms (custom)
2023-12-05 10:04:50,027 [a14db3af-fd8e-478e-855b-ef9cd5001d57-groupManagement] INFO  server.RaftServerConfigKeys (ConfUtils.java:logGet(46)) - raft.server.retrycache.statistics.expirytime = 100ms (default)
2023-12-05 10:04:50,027 [a14db3af-fd8e-478e-855b-ef9cd5001d57-groupManagement] INFO  server.RaftServerConfigKeys (ConfUtils.java:logGet(46)) - raft.server.read.option = DEFAULT (default)
2023-12-05 10:04:50,027 [a14db3af-fd8e-478e-855b-ef9cd5001d57-groupManagement] INFO  server.RaftServerConfigKeys (ConfUtils.java:logGet(46)) - raft.server.read.read-after-write-consistent.write-index-cache.expiry-time = 60s (default)
2023-12-05 10:04:50,029 [a14db3af-fd8e-478e-855b-ef9cd5001d57-groupManagement] INFO  server.RaftServerConfigKeys (ConfUtils.java:logGet(46)) - raft.server.rpc.request.timeout = 60s (custom)
2023-12-05 10:04:50,029 [a14db3af-fd8e-478e-855b-ef9cd5001d57-groupManagement] INFO  server.RaftServerConfigKeys (ConfUtils.java:logGet(46)) - raft.server.log.appender.install.snapshot.enabled = false (custom)
2023-12-05 10:04:50,029 [a14db3af-fd8e-478e-855b-ef9cd5001d57-groupManagement] INFO  server.RaftServerConfigKeys (ConfUtils.java:logGet(46)) - raft.server.threadpool.server.cached = true (default)
2023-12-05 10:04:50,029 [a14db3af-fd8e-478e-855b-ef9cd5001d57-groupManagement] INFO  server.RaftServerConfigKeys (ConfUtils.java:logGet(46)) - raft.server.threadpool.server.size = 0 (default)
2023-12-05 10:04:50,029 [a14db3af-fd8e-478e-855b-ef9cd5001d57-groupManagement] INFO  server.RaftServerConfigKeys (ConfUtils.java:logGet(46)) - raft.server.threadpool.client.cached = true (default)
2023-12-05 10:04:50,029 [a14db3af-fd8e-478e-855b-ef9cd5001d57-groupManagement] INFO  server.RaftServerConfigKeys (ConfUtils.java:logGet(46)) - raft.server.threadpool.client.size = 0 (default)
2023-12-05 10:04:50,029 [a14db3af-fd8e-478e-855b-ef9cd5001d57-groupManagement] INFO  server.RaftServerConfigKeys (ConfUtils.java:logGet(46)) - raft.server.storage.free-space.min = 0MB (=0) (default)
2023-12-05 10:04:50,029 [a14db3af-fd8e-478e-855b-ef9cd5001d57-groupManagement] INFO  server.RaftServerConfigKeys (ConfUtils.java:logGet(46)) - raft.server.log.corruption.policy = EXCEPTION (default)
2023-12-05 10:04:50,029 [a14db3af-fd8e-478e-855b-ef9cd5001d57-groupManagement] INFO  server.RaftServerConfigKeys (ConfUtils.java:logGet(46)) - raft.server.storage.dir = [/home/runner/work/ozone/ozone/hadoop-ozone/integration-test/target/test-dir/MiniOzoneClusterImpl-1950aa9b-5d8b-4a5d-a98b-a91d287d75ff/datanode-2/data/ratis] (custom)
2023-12-05 10:04:50,030 [a14db3af-fd8e-478e-855b-ef9cd5001d57-groupManagement] INFO  storage.RaftStorageDirectory (RaftStorageDirectoryImpl.java:analyzeStorage(138)) - The storage directory /home/runner/work/ozone/ozone/hadoop-ozone/integration-test/target/test-dir/MiniOzoneClusterImpl-1950aa9b-5d8b-4a5d-a98b-a91d287d75ff/datanode-2/data/ratis/c9cb7086-f10a-4ac0-8c50-d9eaed504055 does not exist. Creating ...
2023-12-05 10:04:50,030 [a14db3af-fd8e-478e-855b-ef9cd5001d57-groupManagement] INFO  storage.RaftStorageDirectory (RaftStorageDirectoryImpl.java:tryLock(232)) - Lock on /home/runner/work/ozone/ozone/hadoop-ozone/integration-test/target/test-dir/MiniOzoneClusterImpl-1950aa9b-5d8b-4a5d-a98b-a91d287d75ff/datanode-2/data/ratis/c9cb7086-f10a-4ac0-8c50-d9eaed504055/in_use.lock acquired by nodename 4813@fv-az884-53
2023-12-05 10:04:50,031 [a14db3af-fd8e-478e-855b-ef9cd5001d57-groupManagement] INFO  storage.RaftStorage (RaftStorageImpl.java:format(97)) - Storage directory /home/runner/work/ozone/ozone/hadoop-ozone/integration-test/target/test-dir/MiniOzoneClusterImpl-1950aa9b-5d8b-4a5d-a98b-a91d287d75ff/datanode-2/data/ratis/c9cb7086-f10a-4ac0-8c50-d9eaed504055 has been successfully formatted.
2023-12-05 10:04:50,032 [a14db3af-fd8e-478e-855b-ef9cd5001d57-groupManagement] INFO  ratis.ContainerStateMachine (ContainerStateMachine.java:loadSnapshot(269)) - group-D9EAED504055: The snapshot info is null. Setting the last applied indexto:(t:0, i:~)
2023-12-05 10:04:50,032 [a14db3af-fd8e-478e-855b-ef9cd5001d57-groupManagement] INFO  server.RaftServerConfigKeys (ConfUtils.java:logGet(46)) - raft.server.log.use.memory = false (default)
2023-12-05 10:04:50,032 [a14db3af-fd8e-478e-855b-ef9cd5001d57-groupManagement] INFO  server.RaftServerConfigKeys (ConfUtils.java:logGet(46)) - raft.server.log.purge.gap = 1000000 (custom)
2023-12-05 10:04:50,033 [a14db3af-fd8e-478e-855b-ef9cd5001d57-groupManagement] INFO  server.RaftServerConfigKeys (ConfUtils.java:logGet(46)) - raft.server.log.appender.buffer.byte-limit = 8388608 (custom)
2023-12-05 10:04:50,033 [a14db3af-fd8e-478e-855b-ef9cd5001d57-groupManagement] INFO  server.RaftServerConfigKeys (ConfUtils.java:logGet(46)) - raft.server.log.statemachine.data.read.timeout = 1000ms (default)
2023-12-05 10:04:50,033 [a14db3af-fd8e-478e-855b-ef9cd5001d57-groupManagement] INFO  server.RaftServerConfigKeys (ConfUtils.java:logGet(46)) - raft.server.log.purge.preservation.log.num = 0 (default)
2023-12-05 10:04:50,034 [a14db3af-fd8e-478e-855b-ef9cd5001d57-groupManagement] INFO  server.RaftServerConfigKeys (ConfUtils.java:logGet(46)) - raft.server.log.segment.size.max = 67108864 (custom)
2023-12-05 10:04:50,034 [a14db3af-fd8e-478e-855b-ef9cd5001d57-groupManagement] INFO  server.RaftServerConfigKeys (ConfUtils.java:logGet(46)) - raft.server.log.segment.cache.num.max = 2 (custom)
2023-12-05 10:04:50,034 [a14db3af-fd8e-478e-855b-ef9cd5001d57-groupManagement] INFO  server.RaftServerConfigKeys (ConfUtils.java:logGet(46)) - raft.server.log.segment.cache.size.max = 200MB (=209715200) (default)
2023-12-05 10:04:50,034 [a14db3af-fd8e-478e-855b-ef9cd5001d57-groupManagement] INFO  server.RaftServerConfigKeys (ConfUtils.java:logGet(46)) - raft.server.log.appender.buffer.byte-limit = 8388608 (custom)
2023-12-05 10:04:50,035 [a14db3af-fd8e-478e-855b-ef9cd5001d57-groupManagement] INFO  util.AwaitToRun (AwaitToRun.java:start(81)) - Thread[a14db3af-fd8e-478e-855b-ef9cd5001d57@group-D9EAED504055-cacheEviction-AwaitToRun,5,main] started
2023-12-05 10:04:50,035 [a14db3af-fd8e-478e-855b-ef9cd5001d57-groupManagement] INFO  segmented.SegmentedRaftLogWorker (SegmentedRaftLogWorker.java:<init>(184)) - new a14db3af-fd8e-478e-855b-ef9cd5001d57@group-D9EAED504055-SegmentedRaftLogWorker for RaftStorageImpl:Storage Directory /home/runner/work/ozone/ozone/hadoop-ozone/integration-test/target/test-dir/MiniOzoneClusterImpl-1950aa9b-5d8b-4a5d-a98b-a91d287d75ff/datanode-2/data/ratis/c9cb7086-f10a-4ac0-8c50-d9eaed504055
2023-12-05 10:04:50,035 [a14db3af-fd8e-478e-855b-ef9cd5001d57-groupManagement] INFO  server.RaftServerConfigKeys (ConfUtils.java:logGet(46)) - raft.server.log.queue.byte-limit = 4294967296 (custom)
2023-12-05 10:04:50,035 [a14db3af-fd8e-478e-855b-ef9cd5001d57-groupManagement] INFO  server.RaftServerConfigKeys (ConfUtils.java:logGet(46)) - raft.server.log.queue.element-limit = 1024 (custom)
2023-12-05 10:04:50,035 [a14db3af-fd8e-478e-855b-ef9cd5001d57-groupManagement] INFO  server.RaftServerConfigKeys (ConfUtils.java:logGet(46)) - raft.server.log.segment.size.max = 67108864 (custom)
2023-12-05 10:04:50,035 [a14db3af-fd8e-478e-855b-ef9cd5001d57-groupManagement] INFO  server.RaftServerConfigKeys (ConfUtils.java:logGet(46)) - raft.server.log.preallocated.size = 4194304 (custom)
2023-12-05 10:04:50,035 [a14db3af-fd8e-478e-855b-ef9cd5001d57-groupManagement] INFO  server.RaftServerConfigKeys (ConfUtils.java:logGet(46)) - raft.server.log.force.sync.num = 128 (default)
2023-12-05 10:04:50,035 [a14db3af-fd8e-478e-855b-ef9cd5001d57-groupManagement] INFO  server.RaftServerConfigKeys (ConfUtils.java:logGet(46)) - raft.server.log.statemachine.data.sync = true (default)
2023-12-05 10:04:50,035 [a14db3af-fd8e-478e-855b-ef9cd5001d57-groupManagement] INFO  server.RaftServerConfigKeys (ConfUtils.java:logGet(46)) - raft.server.log.statemachine.data.sync.timeout = 10s (default)
2023-12-05 10:04:50,036 [a14db3af-fd8e-478e-855b-ef9cd5001d57-groupManagement] INFO  server.RaftServerConfigKeys (ConfUtils.java:logGet(46)) - raft.server.log.statemachine.data.sync.timeout.retry = 0 (custom)
2023-12-05 10:04:50,036 [a14db3af-fd8e-478e-855b-ef9cd5001d57-groupManagement] INFO  server.RaftServerConfigKeys (ConfUtils.java:logGet(46)) - raft.server.log.write.buffer.size = 8388616 (custom)
2023-12-05 10:04:50,038 [a14db3af-fd8e-478e-855b-ef9cd5001d57-groupManagement] INFO  server.RaftServerConfigKeys (ConfUtils.java:logGet(46)) - raft.server.log.appender.buffer.byte-limit = 8388608 (custom)
2023-12-05 10:04:50,038 [a14db3af-fd8e-478e-855b-ef9cd5001d57-groupManagement] INFO  server.RaftServerConfigKeys (ConfUtils.java:logGet(46)) - raft.server.log.unsafe-flush.enabled = false (default)
2023-12-05 10:04:50,039 [a14db3af-fd8e-478e-855b-ef9cd5001d57-groupManagement] INFO  server.RaftServerConfigKeys (ConfUtils.java:logGet(46)) - raft.server.log.async-flush.enabled = false (default)
2023-12-05 10:04:50,039 [a14db3af-fd8e-478e-855b-ef9cd5001d57-groupManagement] INFO  server.RaftServerConfigKeys (ConfUtils.java:logGet(46)) - raft.server.log.statemachine.data.caching.enabled = true (custom)
2023-12-05 10:04:50,039 [a14db3af-fd8e-478e-855b-ef9cd5001d57-groupManagement] INFO  segmented.SegmentedRaftLogWorker (SegmentedRaftLogWorker.java:lambda$new$0(135)) - a14db3af-fd8e-478e-855b-ef9cd5001d57@group-D9EAED504055-SegmentedRaftLogWorker: flushIndex: setUnconditionally 0 -> -1
2023-12-05 10:04:50,039 [a14db3af-fd8e-478e-855b-ef9cd5001d57-groupManagement] INFO  segmented.SegmentedRaftLogWorker (SegmentedRaftLogWorker.java:lambda$new$0(135)) - a14db3af-fd8e-478e-855b-ef9cd5001d57@group-D9EAED504055-SegmentedRaftLogWorker: safeCacheEvictIndex: setUnconditionally 0 -> -1
2023-12-05 10:04:50,039 [a14db3af-fd8e-478e-855b-ef9cd5001d57-groupManagement] INFO  server.RaftServer$Division (RaftServerImpl.java:start(392)) - a14db3af-fd8e-478e-855b-ef9cd5001d57@group-D9EAED504055: start as a follower, conf=-1: peers:[a14db3af-fd8e-478e-855b-ef9cd5001d57|10.1.0.7:15067, 1875ca78-02f9-46a2-aa62-0847e90c9d54|10.1.0.7:15049, 86e7a8c2-7a3b-42b5-8c24-f179534e156f|10.1.0.7:15058]|listeners:[], old=null
2023-12-05 10:04:50,039 [a14db3af-fd8e-478e-855b-ef9cd5001d57-groupManagement] INFO  server.RaftServer$Division (RaftServerImpl.java:setRole(379)) - a14db3af-fd8e-478e-855b-ef9cd5001d57@group-D9EAED504055: changes role from      null to FOLLOWER at term 0 for startAsFollower
2023-12-05 10:04:50,039 [a14db3af-fd8e-478e-855b-ef9cd5001d57-groupManagement] INFO  impl.RoleInfo (RoleInfo.java:updateAndGet(139)) - a14db3af-fd8e-478e-855b-ef9cd5001d57: start a14db3af-fd8e-478e-855b-ef9cd5001d57@group-D9EAED504055-FollowerState
2023-12-05 10:04:50,040 [a14db3af-fd8e-478e-855b-ef9cd5001d57-groupManagement] INFO  util.JmxRegister (JmxRegister.java:tryRegister(44)) - Successfully registered JMX Bean with object name Ratis:service=RaftServer,group=group-D9EAED504055,id=a14db3af-fd8e-478e-855b-ef9cd5001d57
2023-12-05 10:04:50,040 [a14db3af-fd8e-478e-855b-ef9cd5001d57-groupManagement] INFO  server.RaftServerConfigKeys (ConfUtils.java:logGet(46)) - raft.server.snapshot.trigger-when-stop.enabled = true (default)
2023-12-05 10:04:50,040 [a14db3af-fd8e-478e-855b-ef9cd5001d57-groupManagement] INFO  server.RaftServerConfigKeys (ConfUtils.java:logGet(46)) - raft.server.snapshot.auto.trigger.enabled = true (custom)
2023-12-05 10:04:50,040 [a14db3af-fd8e-478e-855b-ef9cd5001d57-groupManagement] INFO  server.RaftServerConfigKeys (ConfUtils.java:logGet(46)) - raft.server.snapshot.auto.trigger.threshold = 10000 (custom)
2023-12-05 10:04:50,040 [a14db3af-fd8e-478e-855b-ef9cd5001d57-groupManagement] INFO  server.RaftServerConfigKeys (ConfUtils.java:logGet(46)) - raft.server.snapshot.retention.file.num = 5 (custom)
2023-12-05 10:04:50,040 [a14db3af-fd8e-478e-855b-ef9cd5001d57-groupManagement] INFO  server.RaftServerConfigKeys (ConfUtils.java:logGet(46)) - raft.server.log.purge.upto.snapshot.index = false (default)
2023-12-05 10:04:50,043 [a14db3af-fd8e-478e-855b-ef9cd5001d57@group-D9EAED504055-FollowerState] INFO  server.RaftServerConfigKeys (ConfUtils.java:logFallback(53)) - raft.server.rpc.first-election.timeout.min = 5s (fallback to raft.server.rpc.timeout.min)
2023-12-05 10:04:50,061 [a14db3af-fd8e-478e-855b-ef9cd5001d57@group-D9EAED504055-FollowerState] INFO  server.RaftServerConfigKeys (ConfUtils.java:logFallback(53)) - raft.server.rpc.first-election.timeout.max = 5200ms (fallback to raft.server.rpc.timeout.max)
2023-12-05 10:04:50,084 [grpc-default-executor-0] INFO  server.RaftServer (RaftServerProxy.java:addNew(100)) - 86e7a8c2-7a3b-42b5-8c24-f179534e156f: addNew group-D9EAED504055:[a14db3af-fd8e-478e-855b-ef9cd5001d57|10.1.0.7:15067, 1875ca78-02f9-46a2-aa62-0847e90c9d54|10.1.0.7:15049, 86e7a8c2-7a3b-42b5-8c24-f179534e156f|10.1.0.7:15058] returns group-D9EAED504055:java.util.concurrent.CompletableFuture@9861e41[Not completed]
2023-12-05 10:04:50,085 [86e7a8c2-7a3b-42b5-8c24-f179534e156f-groupManagement] INFO  server.RaftServer$Division (RaftServerImpl.java:<init>(256)) - 86e7a8c2-7a3b-42b5-8c24-f179534e156f: new RaftServerImpl for group-D9EAED504055:[a14db3af-fd8e-478e-855b-ef9cd5001d57|10.1.0.7:15067, 1875ca78-02f9-46a2-aa62-0847e90c9d54|10.1.0.7:15049, 86e7a8c2-7a3b-42b5-8c24-f179534e156f|10.1.0.7:15058] with ContainerStateMachine:uninitialized
2023-12-05 10:04:50,085 [86e7a8c2-7a3b-42b5-8c24-f179534e156f-groupManagement] INFO  server.RaftServerConfigKeys (ConfUtils.java:logGet(46)) - raft.server.rpc.timeout.min = 5s (custom)
2023-12-05 10:04:50,085 [86e7a8c2-7a3b-42b5-8c24-f179534e156f-groupManagement] INFO  server.RaftServerConfigKeys (ConfUtils.java:logGet(46)) - raft.server.rpc.timeout.max = 5200ms (custom)
2023-12-05 10:04:50,085 [86e7a8c2-7a3b-42b5-8c24-f179534e156f-groupManagement] INFO  server.RaftServerConfigKeys (ConfUtils.java:logGet(46)) - raft.server.rpc.sleep.time = 25ms (default)
2023-12-05 10:04:50,085 [86e7a8c2-7a3b-42b5-8c24-f179534e156f-groupManagement] INFO  server.RaftServerConfigKeys (ConfUtils.java:logGet(46)) - raft.server.rpc.slowness.timeout = 300s (custom)
2023-12-05 10:04:50,085 [86e7a8c2-7a3b-42b5-8c24-f179534e156f-groupManagement] INFO  server.RaftServerConfigKeys (ConfUtils.java:logGet(46)) - raft.server.leaderelection.leader.step-down.wait-time = 10s (default)
2023-12-05 10:04:50,085 [86e7a8c2-7a3b-42b5-8c24-f179534e156f-groupManagement] INFO  server.RaftServerConfigKeys (ConfUtils.java:logGet(46)) - raft.server.leaderelection.member.majority-add = false (default)
2023-12-05 10:04:50,085 [86e7a8c2-7a3b-42b5-8c24-f179534e156f-groupManagement] INFO  server.RaftServerConfigKeys (ConfUtils.java:logGet(46)) - raft.server.sleep.deviation.threshold = 300ms (default)
2023-12-05 10:04:50,085 [86e7a8c2-7a3b-42b5-8c24-f179534e156f-groupManagement] INFO  server.RaftServer$Division (ServerState.java:<init>(113)) - 86e7a8c2-7a3b-42b5-8c24-f179534e156f@group-D9EAED504055: ConfigurationManager, init=-1: peers:[a14db3af-fd8e-478e-855b-ef9cd5001d57|10.1.0.7:15067, 1875ca78-02f9-46a2-aa62-0847e90c9d54|10.1.0.7:15049, 86e7a8c2-7a3b-42b5-8c24-f179534e156f|10.1.0.7:15058]|listeners:[], old=null, confs=<EMPTY_MAP>
2023-12-05 10:04:50,086 [86e7a8c2-7a3b-42b5-8c24-f179534e156f-groupManagement] INFO  server.RaftServerConfigKeys (ConfUtils.java:logGet(46)) - raft.server.notification.no-leader.timeout = 300s (custom)
2023-12-05 10:04:50,086 [86e7a8c2-7a3b-42b5-8c24-f179534e156f-groupManagement] INFO  server.RaftServerConfigKeys (ConfUtils.java:logGet(46)) - raft.server.read.timeout = 10s (default)
2023-12-05 10:04:50,086 [86e7a8c2-7a3b-42b5-8c24-f179534e156f-groupManagement] INFO  server.RaftServerConfigKeys (ConfUtils.java:logGet(46)) - raft.server.retrycache.expirytime = 600000ms (custom)
2023-12-05 10:04:50,086 [86e7a8c2-7a3b-42b5-8c24-f179534e156f-groupManagement] INFO  server.RaftServerConfigKeys (ConfUtils.java:logGet(46)) - raft.server.retrycache.statistics.expirytime = 100ms (default)
2023-12-05 10:04:50,086 [86e7a8c2-7a3b-42b5-8c24-f179534e156f-groupManagement] INFO  server.RaftServerConfigKeys (ConfUtils.java:logGet(46)) - raft.server.read.option = DEFAULT (default)
2023-12-05 10:04:50,086 [86e7a8c2-7a3b-42b5-8c24-f179534e156f-groupManagement] INFO  server.RaftServerConfigKeys (ConfUtils.java:logGet(46)) - raft.server.read.read-after-write-consistent.write-index-cache.expiry-time = 60s (default)
2023-12-05 10:04:50,089 [86e7a8c2-7a3b-42b5-8c24-f179534e156f-groupManagement] INFO  server.RaftServerConfigKeys (ConfUtils.java:logGet(46)) - raft.server.rpc.request.timeout = 60s (custom)
2023-12-05 10:04:50,089 [86e7a8c2-7a3b-42b5-8c24-f179534e156f-groupManagement] INFO  server.RaftServerConfigKeys (ConfUtils.java:logGet(46)) - raft.server.log.appender.install.snapshot.enabled = false (custom)
2023-12-05 10:04:50,089 [86e7a8c2-7a3b-42b5-8c24-f179534e156f-groupManagement] INFO  server.RaftServerConfigKeys (ConfUtils.java:logGet(46)) - raft.server.threadpool.server.cached = true (default)
2023-12-05 10:04:50,089 [86e7a8c2-7a3b-42b5-8c24-f179534e156f-groupManagement] INFO  server.RaftServerConfigKeys (ConfUtils.java:logGet(46)) - raft.server.threadpool.server.size = 0 (default)
2023-12-05 10:04:50,089 [86e7a8c2-7a3b-42b5-8c24-f179534e156f-groupManagement] INFO  server.RaftServerConfigKeys (ConfUtils.java:logGet(46)) - raft.server.threadpool.client.cached = true (default)
2023-12-05 10:04:50,089 [86e7a8c2-7a3b-42b5-8c24-f179534e156f-groupManagement] INFO  server.RaftServerConfigKeys (ConfUtils.java:logGet(46)) - raft.server.threadpool.client.size = 0 (default)
2023-12-05 10:04:50,089 [86e7a8c2-7a3b-42b5-8c24-f179534e156f-groupManagement] INFO  server.RaftServerConfigKeys (ConfUtils.java:logGet(46)) - raft.server.storage.free-space.min = 0MB (=0) (default)
2023-12-05 10:04:50,089 [86e7a8c2-7a3b-42b5-8c24-f179534e156f-groupManagement] INFO  server.RaftServerConfigKeys (ConfUtils.java:logGet(46)) - raft.server.log.corruption.policy = EXCEPTION (default)
2023-12-05 10:04:50,089 [86e7a8c2-7a3b-42b5-8c24-f179534e156f-groupManagement] INFO  server.RaftServerConfigKeys (ConfUtils.java:logGet(46)) - raft.server.storage.dir = [/home/runner/work/ozone/ozone/hadoop-ozone/integration-test/target/test-dir/MiniOzoneClusterImpl-1950aa9b-5d8b-4a5d-a98b-a91d287d75ff/datanode-1/data/ratis] (custom)
2023-12-05 10:04:50,090 [86e7a8c2-7a3b-42b5-8c24-f179534e156f-groupManagement] INFO  storage.RaftStorageDirectory (RaftStorageDirectoryImpl.java:analyzeStorage(138)) - The storage directory /home/runner/work/ozone/ozone/hadoop-ozone/integration-test/target/test-dir/MiniOzoneClusterImpl-1950aa9b-5d8b-4a5d-a98b-a91d287d75ff/datanode-1/data/ratis/c9cb7086-f10a-4ac0-8c50-d9eaed504055 does not exist. Creating ...
2023-12-05 10:04:50,091 [86e7a8c2-7a3b-42b5-8c24-f179534e156f-groupManagement] INFO  storage.RaftStorageDirectory (RaftStorageDirectoryImpl.java:tryLock(232)) - Lock on /home/runner/work/ozone/ozone/hadoop-ozone/integration-test/target/test-dir/MiniOzoneClusterImpl-1950aa9b-5d8b-4a5d-a98b-a91d287d75ff/datanode-1/data/ratis/c9cb7086-f10a-4ac0-8c50-d9eaed504055/in_use.lock acquired by nodename 4813@fv-az884-53
2023-12-05 10:04:50,092 [86e7a8c2-7a3b-42b5-8c24-f179534e156f-groupManagement] INFO  storage.RaftStorage (RaftStorageImpl.java:format(97)) - Storage directory /home/runner/work/ozone/ozone/hadoop-ozone/integration-test/target/test-dir/MiniOzoneClusterImpl-1950aa9b-5d8b-4a5d-a98b-a91d287d75ff/datanode-1/data/ratis/c9cb7086-f10a-4ac0-8c50-d9eaed504055 has been successfully formatted.
2023-12-05 10:04:50,092 [86e7a8c2-7a3b-42b5-8c24-f179534e156f-groupManagement] INFO  ratis.ContainerStateMachine (ContainerStateMachine.java:loadSnapshot(269)) - group-D9EAED504055: The snapshot info is null. Setting the last applied indexto:(t:0, i:~)
2023-12-05 10:04:50,092 [86e7a8c2-7a3b-42b5-8c24-f179534e156f-groupManagement] INFO  server.RaftServerConfigKeys (ConfUtils.java:logGet(46)) - raft.server.log.use.memory = false (default)
2023-12-05 10:04:50,093 [86e7a8c2-7a3b-42b5-8c24-f179534e156f-groupManagement] INFO  server.RaftServerConfigKeys (ConfUtils.java:logGet(46)) - raft.server.log.purge.gap = 1000000 (custom)
2023-12-05 10:04:50,093 [86e7a8c2-7a3b-42b5-8c24-f179534e156f-groupManagement] INFO  server.RaftServerConfigKeys (ConfUtils.java:logGet(46)) - raft.server.log.appender.buffer.byte-limit = 8388608 (custom)
2023-12-05 10:04:50,093 [86e7a8c2-7a3b-42b5-8c24-f179534e156f-groupManagement] INFO  server.RaftServerConfigKeys (ConfUtils.java:logGet(46)) - raft.server.log.statemachine.data.read.timeout = 1000ms (default)
2023-12-05 10:04:50,094 [86e7a8c2-7a3b-42b5-8c24-f179534e156f-groupManagement] INFO  server.RaftServerConfigKeys (ConfUtils.java:logGet(46)) - raft.server.log.purge.preservation.log.num = 0 (default)
2023-12-05 10:04:50,095 [86e7a8c2-7a3b-42b5-8c24-f179534e156f-groupManagement] INFO  server.RaftServerConfigKeys (ConfUtils.java:logGet(46)) - raft.server.log.segment.size.max = 67108864 (custom)
2023-12-05 10:04:50,095 [86e7a8c2-7a3b-42b5-8c24-f179534e156f-groupManagement] INFO  server.RaftServerConfigKeys (ConfUtils.java:logGet(46)) - raft.server.log.segment.cache.num.max = 2 (custom)
2023-12-05 10:04:50,095 [86e7a8c2-7a3b-42b5-8c24-f179534e156f-groupManagement] INFO  server.RaftServerConfigKeys (ConfUtils.java:logGet(46)) - raft.server.log.segment.cache.size.max = 200MB (=209715200) (default)
2023-12-05 10:04:50,095 [86e7a8c2-7a3b-42b5-8c24-f179534e156f-groupManagement] INFO  server.RaftServerConfigKeys (ConfUtils.java:logGet(46)) - raft.server.log.appender.buffer.byte-limit = 8388608 (custom)
2023-12-05 10:04:50,096 [86e7a8c2-7a3b-42b5-8c24-f179534e156f-groupManagement] INFO  util.AwaitToRun (AwaitToRun.java:start(81)) - Thread[86e7a8c2-7a3b-42b5-8c24-f179534e156f@group-D9EAED504055-cacheEviction-AwaitToRun,5,main] started
2023-12-05 10:04:50,096 [86e7a8c2-7a3b-42b5-8c24-f179534e156f-groupManagement] INFO  segmented.SegmentedRaftLogWorker (SegmentedRaftLogWorker.java:<init>(184)) - new 86e7a8c2-7a3b-42b5-8c24-f179534e156f@group-D9EAED504055-SegmentedRaftLogWorker for RaftStorageImpl:Storage Directory /home/runner/work/ozone/ozone/hadoop-ozone/integration-test/target/test-dir/MiniOzoneClusterImpl-1950aa9b-5d8b-4a5d-a98b-a91d287d75ff/datanode-1/data/ratis/c9cb7086-f10a-4ac0-8c50-d9eaed504055
2023-12-05 10:04:50,096 [86e7a8c2-7a3b-42b5-8c24-f179534e156f-groupManagement] INFO  server.RaftServerConfigKeys (ConfUtils.java:logGet(46)) - raft.server.log.queue.byte-limit = 4294967296 (custom)
2023-12-05 10:04:50,096 [86e7a8c2-7a3b-42b5-8c24-f179534e156f-groupManagement] INFO  server.RaftServerConfigKeys (ConfUtils.java:logGet(46)) - raft.server.log.queue.element-limit = 1024 (custom)
2023-12-05 10:04:50,096 [86e7a8c2-7a3b-42b5-8c24-f179534e156f-groupManagement] INFO  server.RaftServerConfigKeys (ConfUtils.java:logGet(46)) - raft.server.log.segment.size.max = 67108864 (custom)
2023-12-05 10:04:50,096 [86e7a8c2-7a3b-42b5-8c24-f179534e156f-groupManagement] INFO  server.RaftServerConfigKeys (ConfUtils.java:logGet(46)) - raft.server.log.preallocated.size = 4194304 (custom)
2023-12-05 10:04:50,096 [86e7a8c2-7a3b-42b5-8c24-f179534e156f-groupManagement] INFO  server.RaftServerConfigKeys (ConfUtils.java:logGet(46)) - raft.server.log.force.sync.num = 128 (default)
2023-12-05 10:04:50,096 [86e7a8c2-7a3b-42b5-8c24-f179534e156f-groupManagement] INFO  server.RaftServerConfigKeys (ConfUtils.java:logGet(46)) - raft.server.log.statemachine.data.sync = true (default)
2023-12-05 10:04:50,096 [86e7a8c2-7a3b-42b5-8c24-f179534e156f-groupManagement] INFO  server.RaftServerConfigKeys (ConfUtils.java:logGet(46)) - raft.server.log.statemachine.data.sync.timeout = 10s (default)
2023-12-05 10:04:50,096 [86e7a8c2-7a3b-42b5-8c24-f179534e156f-groupManagement] INFO  server.RaftServerConfigKeys (ConfUtils.java:logGet(46)) - raft.server.log.statemachine.data.sync.timeout.retry = 0 (custom)
2023-12-05 10:04:50,097 [86e7a8c2-7a3b-42b5-8c24-f179534e156f-groupManagement] INFO  server.RaftServerConfigKeys (ConfUtils.java:logGet(46)) - raft.server.log.write.buffer.size = 8388616 (custom)
2023-12-05 10:04:50,099 [86e7a8c2-7a3b-42b5-8c24-f179534e156f-groupManagement] INFO  server.RaftServerConfigKeys (ConfUtils.java:logGet(46)) - raft.server.log.appender.buffer.byte-limit = 8388608 (custom)
2023-12-05 10:04:50,099 [86e7a8c2-7a3b-42b5-8c24-f179534e156f-groupManagement] INFO  server.RaftServerConfigKeys (ConfUtils.java:logGet(46)) - raft.server.log.unsafe-flush.enabled = false (default)
2023-12-05 10:04:50,099 [86e7a8c2-7a3b-42b5-8c24-f179534e156f-groupManagement] INFO  server.RaftServerConfigKeys (ConfUtils.java:logGet(46)) - raft.server.log.async-flush.enabled = false (default)
2023-12-05 10:04:50,099 [86e7a8c2-7a3b-42b5-8c24-f179534e156f-groupManagement] INFO  server.RaftServerConfigKeys (ConfUtils.java:logGet(46)) - raft.server.log.statemachine.data.caching.enabled = true (custom)
2023-12-05 10:04:50,099 [86e7a8c2-7a3b-42b5-8c24-f179534e156f-groupManagement] INFO  segmented.SegmentedRaftLogWorker (SegmentedRaftLogWorker.java:lambda$new$0(135)) - 86e7a8c2-7a3b-42b5-8c24-f179534e156f@group-D9EAED504055-SegmentedRaftLogWorker: flushIndex: setUnconditionally 0 -> -1
2023-12-05 10:04:50,100 [86e7a8c2-7a3b-42b5-8c24-f179534e156f-groupManagement] INFO  segmented.SegmentedRaftLogWorker (SegmentedRaftLogWorker.java:lambda$new$0(135)) - 86e7a8c2-7a3b-42b5-8c24-f179534e156f@group-D9EAED504055-SegmentedRaftLogWorker: safeCacheEvictIndex: setUnconditionally 0 -> -1
2023-12-05 10:04:50,104 [86e7a8c2-7a3b-42b5-8c24-f179534e156f-groupManagement] INFO  server.RaftServer$Division (RaftServerImpl.java:start(392)) - 86e7a8c2-7a3b-42b5-8c24-f179534e156f@group-D9EAED504055: start as a follower, conf=-1: peers:[a14db3af-fd8e-478e-855b-ef9cd5001d57|10.1.0.7:15067, 1875ca78-02f9-46a2-aa62-0847e90c9d54|10.1.0.7:15049, 86e7a8c2-7a3b-42b5-8c24-f179534e156f|10.1.0.7:15058]|listeners:[], old=null
2023-12-05 10:04:50,104 [86e7a8c2-7a3b-42b5-8c24-f179534e156f-groupManagement] INFO  server.RaftServer$Division (RaftServerImpl.java:setRole(379)) - 86e7a8c2-7a3b-42b5-8c24-f179534e156f@group-D9EAED504055: changes role from      null to FOLLOWER at term 0 for startAsFollower
2023-12-05 10:04:50,104 [86e7a8c2-7a3b-42b5-8c24-f179534e156f-groupManagement] INFO  impl.RoleInfo (RoleInfo.java:updateAndGet(139)) - 86e7a8c2-7a3b-42b5-8c24-f179534e156f: start 86e7a8c2-7a3b-42b5-8c24-f179534e156f@group-D9EAED504055-FollowerState
2023-12-05 10:04:50,104 [86e7a8c2-7a3b-42b5-8c24-f179534e156f-groupManagement] INFO  util.JmxRegister (JmxRegister.java:tryRegister(44)) - Successfully registered JMX Bean with object name Ratis:service=RaftServer,group=group-D9EAED504055,id=86e7a8c2-7a3b-42b5-8c24-f179534e156f
2023-12-05 10:04:50,104 [86e7a8c2-7a3b-42b5-8c24-f179534e156f-groupManagement] INFO  server.RaftServerConfigKeys (ConfUtils.java:logGet(46)) - raft.server.snapshot.trigger-when-stop.enabled = true (default)
2023-12-05 10:04:50,104 [86e7a8c2-7a3b-42b5-8c24-f179534e156f-groupManagement] INFO  server.RaftServerConfigKeys (ConfUtils.java:logGet(46)) - raft.server.snapshot.auto.trigger.enabled = true (custom)
2023-12-05 10:04:50,105 [86e7a8c2-7a3b-42b5-8c24-f179534e156f-groupManagement] INFO  server.RaftServerConfigKeys (ConfUtils.java:logGet(46)) - raft.server.snapshot.auto.trigger.threshold = 10000 (custom)
2023-12-05 10:04:50,105 [86e7a8c2-7a3b-42b5-8c24-f179534e156f-groupManagement] INFO  server.RaftServerConfigKeys (ConfUtils.java:logGet(46)) - raft.server.snapshot.retention.file.num = 5 (custom)
2023-12-05 10:04:50,105 [86e7a8c2-7a3b-42b5-8c24-f179534e156f-groupManagement] INFO  server.RaftServerConfigKeys (ConfUtils.java:logGet(46)) - raft.server.log.purge.upto.snapshot.index = false (default)
2023-12-05 10:04:50,105 [86e7a8c2-7a3b-42b5-8c24-f179534e156f@group-D9EAED504055-FollowerState] INFO  server.RaftServerConfigKeys (ConfUtils.java:logFallback(53)) - raft.server.rpc.first-election.timeout.min = 5s (fallback to raft.server.rpc.timeout.min)
2023-12-05 10:04:50,105 [86e7a8c2-7a3b-42b5-8c24-f179534e156f@group-D9EAED504055-FollowerState] INFO  server.RaftServerConfigKeys (ConfUtils.java:logFallback(53)) - raft.server.rpc.first-election.timeout.max = 5200ms (fallback to raft.server.rpc.timeout.max)
2023-12-05 10:04:50,110 [1875ca78-02f9-46a2-aa62-0847e90c9d54-PipelineCommandHandlerThread-0] INFO  commandhandler.CreatePipelineCommandHandler (CreatePipelineCommandHandler.java:lambda$handle$2(124)) - Created Pipeline RATIS THREE PipelineID=c9cb7086-f10a-4ac0-8c50-d9eaed504055.
2023-12-05 10:04:50,157 [86e7a8c2-7a3b-42b5-8c24-f179534e156f-PipelineCommandHandlerThread-0] INFO  server.RaftServer (RaftServerProxy.java:addNew(100)) - 86e7a8c2-7a3b-42b5-8c24-f179534e156f: addNew group-B0DE288270A6:[86e7a8c2-7a3b-42b5-8c24-f179534e156f|10.1.0.7:15058] returns group-B0DE288270A6:java.util.concurrent.CompletableFuture@6306cba7[Not completed]
2023-12-05 10:04:50,158 [86e7a8c2-7a3b-42b5-8c24-f179534e156f-groupManagement] INFO  server.RaftServer$Division (RaftServerImpl.java:<init>(256)) - 86e7a8c2-7a3b-42b5-8c24-f179534e156f: new RaftServerImpl for group-B0DE288270A6:[86e7a8c2-7a3b-42b5-8c24-f179534e156f|10.1.0.7:15058] with ContainerStateMachine:uninitialized
2023-12-05 10:04:50,158 [86e7a8c2-7a3b-42b5-8c24-f179534e156f-groupManagement] INFO  server.RaftServerConfigKeys (ConfUtils.java:logGet(46)) - raft.server.rpc.timeout.min = 5s (custom)
2023-12-05 10:04:50,158 [86e7a8c2-7a3b-42b5-8c24-f179534e156f-groupManagement] INFO  server.RaftServerConfigKeys (ConfUtils.java:logGet(46)) - raft.server.rpc.timeout.max = 5200ms (custom)
2023-12-05 10:04:50,158 [86e7a8c2-7a3b-42b5-8c24-f179534e156f-groupManagement] INFO  server.RaftServerConfigKeys (ConfUtils.java:logGet(46)) - raft.server.rpc.sleep.time = 25ms (default)
2023-12-05 10:04:50,158 [86e7a8c2-7a3b-42b5-8c24-f179534e156f-groupManagement] INFO  server.RaftServerConfigKeys (ConfUtils.java:logGet(46)) - raft.server.rpc.slowness.timeout = 300s (custom)
2023-12-05 10:04:50,158 [86e7a8c2-7a3b-42b5-8c24-f179534e156f-groupManagement] INFO  server.RaftServerConfigKeys (ConfUtils.java:logGet(46)) - raft.server.leaderelection.leader.step-down.wait-time = 10s (default)
2023-12-05 10:04:50,158 [86e7a8c2-7a3b-42b5-8c24-f179534e156f-groupManagement] INFO  server.RaftServerConfigKeys (ConfUtils.java:logGet(46)) - raft.server.leaderelection.member.majority-add = false (default)
2023-12-05 10:04:50,159 [86e7a8c2-7a3b-42b5-8c24-f179534e156f-groupManagement] INFO  server.RaftServerConfigKeys (ConfUtils.java:logGet(46)) - raft.server.sleep.deviation.threshold = 300ms (default)
2023-12-05 10:04:50,159 [86e7a8c2-7a3b-42b5-8c24-f179534e156f-groupManagement] INFO  server.RaftServer$Division (ServerState.java:<init>(113)) - 86e7a8c2-7a3b-42b5-8c24-f179534e156f@group-B0DE288270A6: ConfigurationManager, init=-1: peers:[86e7a8c2-7a3b-42b5-8c24-f179534e156f|10.1.0.7:15058]|listeners:[], old=null, confs=<EMPTY_MAP>
2023-12-05 10:04:50,159 [86e7a8c2-7a3b-42b5-8c24-f179534e156f-groupManagement] INFO  server.RaftServerConfigKeys (ConfUtils.java:logGet(46)) - raft.server.notification.no-leader.timeout = 300s (custom)
2023-12-05 10:04:50,159 [86e7a8c2-7a3b-42b5-8c24-f179534e156f-groupManagement] INFO  server.RaftServerConfigKeys (ConfUtils.java:logGet(46)) - raft.server.read.timeout = 10s (default)
2023-12-05 10:04:50,159 [86e7a8c2-7a3b-42b5-8c24-f179534e156f-groupManagement] INFO  server.RaftServerConfigKeys (ConfUtils.java:logGet(46)) - raft.server.retrycache.expirytime = 600000ms (custom)
2023-12-05 10:04:50,159 [86e7a8c2-7a3b-42b5-8c24-f179534e156f-groupManagement] INFO  server.RaftServerConfigKeys (ConfUtils.java:logGet(46)) - raft.server.retrycache.statistics.expirytime = 100ms (default)
2023-12-05 10:04:50,159 [86e7a8c2-7a3b-42b5-8c24-f179534e156f-groupManagement] INFO  server.RaftServerConfigKeys (ConfUtils.java:logGet(46)) - raft.server.read.option = DEFAULT (default)
2023-12-05 10:04:50,159 [86e7a8c2-7a3b-42b5-8c24-f179534e156f-groupManagement] INFO  server.RaftServerConfigKeys (ConfUtils.java:logGet(46)) - raft.server.read.read-after-write-consistent.write-index-cache.expiry-time = 60s (default)
2023-12-05 10:04:50,161 [86e7a8c2-7a3b-42b5-8c24-f179534e156f-groupManagement] INFO  server.RaftServerConfigKeys (ConfUtils.java:logGet(46)) - raft.server.rpc.request.timeout = 60s (custom)
2023-12-05 10:04:50,161 [86e7a8c2-7a3b-42b5-8c24-f179534e156f-groupManagement] INFO  server.RaftServerConfigKeys (ConfUtils.java:logGet(46)) - raft.server.log.appender.install.snapshot.enabled = false (custom)
2023-12-05 10:04:50,161 [86e7a8c2-7a3b-42b5-8c24-f179534e156f-groupManagement] INFO  server.RaftServerConfigKeys (ConfUtils.java:logGet(46)) - raft.server.threadpool.server.cached = true (default)
2023-12-05 10:04:50,161 [86e7a8c2-7a3b-42b5-8c24-f179534e156f-groupManagement] INFO  server.RaftServerConfigKeys (ConfUtils.java:logGet(46)) - raft.server.threadpool.server.size = 0 (default)
2023-12-05 10:04:50,161 [86e7a8c2-7a3b-42b5-8c24-f179534e156f-groupManagement] INFO  server.RaftServerConfigKeys (ConfUtils.java:logGet(46)) - raft.server.threadpool.client.cached = true (default)
2023-12-05 10:04:50,161 [86e7a8c2-7a3b-42b5-8c24-f179534e156f-groupManagement] INFO  server.RaftServerConfigKeys (ConfUtils.java:logGet(46)) - raft.server.threadpool.client.size = 0 (default)
2023-12-05 10:04:50,162 [86e7a8c2-7a3b-42b5-8c24-f179534e156f-groupManagement] INFO  server.RaftServerConfigKeys (ConfUtils.java:logGet(46)) - raft.server.storage.free-space.min = 0MB (=0) (default)
2023-12-05 10:04:50,162 [86e7a8c2-7a3b-42b5-8c24-f179534e156f-groupManagement] INFO  server.RaftServerConfigKeys (ConfUtils.java:logGet(46)) - raft.server.log.corruption.policy = EXCEPTION (default)
2023-12-05 10:04:50,162 [86e7a8c2-7a3b-42b5-8c24-f179534e156f-groupManagement] INFO  server.RaftServerConfigKeys (ConfUtils.java:logGet(46)) - raft.server.storage.dir = [/home/runner/work/ozone/ozone/hadoop-ozone/integration-test/target/test-dir/MiniOzoneClusterImpl-1950aa9b-5d8b-4a5d-a98b-a91d287d75ff/datanode-1/data/ratis] (custom)
2023-12-05 10:04:50,162 [86e7a8c2-7a3b-42b5-8c24-f179534e156f-groupManagement] INFO  storage.RaftStorageDirectory (RaftStorageDirectoryImpl.java:analyzeStorage(138)) - The storage directory /home/runner/work/ozone/ozone/hadoop-ozone/integration-test/target/test-dir/MiniOzoneClusterImpl-1950aa9b-5d8b-4a5d-a98b-a91d287d75ff/datanode-1/data/ratis/6b47231b-94cd-4967-b099-b0de288270a6 does not exist. Creating ...
2023-12-05 10:04:50,163 [86e7a8c2-7a3b-42b5-8c24-f179534e156f-groupManagement] INFO  storage.RaftStorageDirectory (RaftStorageDirectoryImpl.java:tryLock(232)) - Lock on /home/runner/work/ozone/ozone/hadoop-ozone/integration-test/target/test-dir/MiniOzoneClusterImpl-1950aa9b-5d8b-4a5d-a98b-a91d287d75ff/datanode-1/data/ratis/6b47231b-94cd-4967-b099-b0de288270a6/in_use.lock acquired by nodename 4813@fv-az884-53
2023-12-05 10:04:50,164 [86e7a8c2-7a3b-42b5-8c24-f179534e156f-groupManagement] INFO  storage.RaftStorage (RaftStorageImpl.java:format(97)) - Storage directory /home/runner/work/ozone/ozone/hadoop-ozone/integration-test/target/test-dir/MiniOzoneClusterImpl-1950aa9b-5d8b-4a5d-a98b-a91d287d75ff/datanode-1/data/ratis/6b47231b-94cd-4967-b099-b0de288270a6 has been successfully formatted.
2023-12-05 10:04:50,164 [86e7a8c2-7a3b-42b5-8c24-f179534e156f-groupManagement] INFO  ratis.ContainerStateMachine (ContainerStateMachine.java:loadSnapshot(269)) - group-B0DE288270A6: The snapshot info is null. Setting the last applied indexto:(t:0, i:~)
2023-12-05 10:04:50,164 [86e7a8c2-7a3b-42b5-8c24-f179534e156f-groupManagement] INFO  server.RaftServerConfigKeys (ConfUtils.java:logGet(46)) - raft.server.log.use.memory = false (default)
2023-12-05 10:04:50,164 [86e7a8c2-7a3b-42b5-8c24-f179534e156f-groupManagement] INFO  server.RaftServerConfigKeys (ConfUtils.java:logGet(46)) - raft.server.log.purge.gap = 1000000 (custom)
2023-12-05 10:04:50,165 [86e7a8c2-7a3b-42b5-8c24-f179534e156f-groupManagement] INFO  server.RaftServerConfigKeys (ConfUtils.java:logGet(46)) - raft.server.log.appender.buffer.byte-limit = 8388608 (custom)
2023-12-05 10:04:50,165 [86e7a8c2-7a3b-42b5-8c24-f179534e156f-groupManagement] INFO  server.RaftServerConfigKeys (ConfUtils.java:logGet(46)) - raft.server.log.statemachine.data.read.timeout = 1000ms (default)
2023-12-05 10:04:50,165 [86e7a8c2-7a3b-42b5-8c24-f179534e156f-groupManagement] INFO  server.RaftServerConfigKeys (ConfUtils.java:logGet(46)) - raft.server.log.purge.preservation.log.num = 0 (default)
2023-12-05 10:04:50,166 [86e7a8c2-7a3b-42b5-8c24-f179534e156f-groupManagement] INFO  server.RaftServerConfigKeys (ConfUtils.java:logGet(46)) - raft.server.log.segment.size.max = 67108864 (custom)
2023-12-05 10:04:50,166 [86e7a8c2-7a3b-42b5-8c24-f179534e156f-groupManagement] INFO  server.RaftServerConfigKeys (ConfUtils.java:logGet(46)) - raft.server.log.segment.cache.num.max = 2 (custom)
2023-12-05 10:04:50,166 [86e7a8c2-7a3b-42b5-8c24-f179534e156f-groupManagement] INFO  server.RaftServerConfigKeys (ConfUtils.java:logGet(46)) - raft.server.log.segment.cache.size.max = 200MB (=209715200) (default)
2023-12-05 10:04:50,166 [86e7a8c2-7a3b-42b5-8c24-f179534e156f-groupManagement] INFO  server.RaftServerConfigKeys (ConfUtils.java:logGet(46)) - raft.server.log.appender.buffer.byte-limit = 8388608 (custom)
2023-12-05 10:04:50,167 [EventQueue-PipelineReportForPipelineReportHandler] INFO  pipeline.PipelineReportHandler (PipelineReportHandler.java:processPipelineReport(136)) - Opened pipeline PipelineID=6b47231b-94cd-4967-b099-b0de288270a6
2023-12-05 10:04:50,167 [EventQueue-OpenPipelineForHealthyPipelineSafeModeRule] INFO  safemode.SCMSafeModeManager (HealthyPipelineSafeModeRule.java:process(137)) - SCM in safe mode. Healthy pipelines reported count is 0, required healthy pipeline reported count is 1
2023-12-05 10:04:50,168 [86e7a8c2-7a3b-42b5-8c24-f179534e156f-groupManagement] INFO  util.AwaitToRun (AwaitToRun.java:start(81)) - Thread[86e7a8c2-7a3b-42b5-8c24-f179534e156f@group-B0DE288270A6-cacheEviction-AwaitToRun,5,main] started
2023-12-05 10:04:50,168 [86e7a8c2-7a3b-42b5-8c24-f179534e156f-groupManagement] INFO  segmented.SegmentedRaftLogWorker (SegmentedRaftLogWorker.java:<init>(184)) - new 86e7a8c2-7a3b-42b5-8c24-f179534e156f@group-B0DE288270A6-SegmentedRaftLogWorker for RaftStorageImpl:Storage Directory /home/runner/work/ozone/ozone/hadoop-ozone/integration-test/target/test-dir/MiniOzoneClusterImpl-1950aa9b-5d8b-4a5d-a98b-a91d287d75ff/datanode-1/data/ratis/6b47231b-94cd-4967-b099-b0de288270a6
2023-12-05 10:04:50,168 [86e7a8c2-7a3b-42b5-8c24-f179534e156f-groupManagement] INFO  server.RaftServerConfigKeys (ConfUtils.java:logGet(46)) - raft.server.log.queue.byte-limit = 4294967296 (custom)
2023-12-05 10:04:50,168 [86e7a8c2-7a3b-42b5-8c24-f179534e156f-groupManagement] INFO  server.RaftServerConfigKeys (ConfUtils.java:logGet(46)) - raft.server.log.queue.element-limit = 1024 (custom)
2023-12-05 10:04:50,168 [86e7a8c2-7a3b-42b5-8c24-f179534e156f-groupManagement] INFO  server.RaftServerConfigKeys (ConfUtils.java:logGet(46)) - raft.server.log.segment.size.max = 67108864 (custom)
2023-12-05 10:04:50,168 [86e7a8c2-7a3b-42b5-8c24-f179534e156f-groupManagement] INFO  server.RaftServerConfigKeys (ConfUtils.java:logGet(46)) - raft.server.log.preallocated.size = 4194304 (custom)
2023-12-05 10:04:50,168 [86e7a8c2-7a3b-42b5-8c24-f179534e156f-groupManagement] INFO  server.RaftServerConfigKeys (ConfUtils.java:logGet(46)) - raft.server.log.force.sync.num = 128 (default)
2023-12-05 10:04:50,168 [86e7a8c2-7a3b-42b5-8c24-f179534e156f-groupManagement] INFO  server.RaftServerConfigKeys (ConfUtils.java:logGet(46)) - raft.server.log.statemachine.data.sync = true (default)
2023-12-05 10:04:50,168 [86e7a8c2-7a3b-42b5-8c24-f179534e156f-groupManagement] INFO  server.RaftServerConfigKeys (ConfUtils.java:logGet(46)) - raft.server.log.statemachine.data.sync.timeout = 10s (default)
2023-12-05 10:04:50,168 [86e7a8c2-7a3b-42b5-8c24-f179534e156f-groupManagement] INFO  server.RaftServerConfigKeys (ConfUtils.java:logGet(46)) - raft.server.log.statemachine.data.sync.timeout.retry = 0 (custom)
2023-12-05 10:04:50,169 [86e7a8c2-7a3b-42b5-8c24-f179534e156f-groupManagement] INFO  server.RaftServerConfigKeys (ConfUtils.java:logGet(46)) - raft.server.log.write.buffer.size = 8388616 (custom)
2023-12-05 10:04:50,170 [86e7a8c2-7a3b-42b5-8c24-f179534e156f-groupManagement] INFO  server.RaftServerConfigKeys (ConfUtils.java:logGet(46)) - raft.server.log.appender.buffer.byte-limit = 8388608 (custom)
2023-12-05 10:04:50,171 [86e7a8c2-7a3b-42b5-8c24-f179534e156f-groupManagement] INFO  server.RaftServerConfigKeys (ConfUtils.java:logGet(46)) - raft.server.log.unsafe-flush.enabled = false (default)
2023-12-05 10:04:50,171 [86e7a8c2-7a3b-42b5-8c24-f179534e156f-groupManagement] INFO  server.RaftServerConfigKeys (ConfUtils.java:logGet(46)) - raft.server.log.async-flush.enabled = false (default)
2023-12-05 10:04:50,171 [86e7a8c2-7a3b-42b5-8c24-f179534e156f-groupManagement] INFO  server.RaftServerConfigKeys (ConfUtils.java:logGet(46)) - raft.server.log.statemachine.data.caching.enabled = true (custom)
2023-12-05 10:04:50,171 [86e7a8c2-7a3b-42b5-8c24-f179534e156f-groupManagement] INFO  segmented.SegmentedRaftLogWorker (SegmentedRaftLogWorker.java:lambda$new$0(135)) - 86e7a8c2-7a3b-42b5-8c24-f179534e156f@group-B0DE288270A6-SegmentedRaftLogWorker: flushIndex: setUnconditionally 0 -> -1
2023-12-05 10:04:50,171 [86e7a8c2-7a3b-42b5-8c24-f179534e156f-groupManagement] INFO  segmented.SegmentedRaftLogWorker (SegmentedRaftLogWorker.java:lambda$new$0(135)) - 86e7a8c2-7a3b-42b5-8c24-f179534e156f@group-B0DE288270A6-SegmentedRaftLogWorker: safeCacheEvictIndex: setUnconditionally 0 -> -1
2023-12-05 10:04:50,171 [86e7a8c2-7a3b-42b5-8c24-f179534e156f-groupManagement] INFO  server.RaftServer$Division (RaftServerImpl.java:start(392)) - 86e7a8c2-7a3b-42b5-8c24-f179534e156f@group-B0DE288270A6: start as a follower, conf=-1: peers:[86e7a8c2-7a3b-42b5-8c24-f179534e156f|10.1.0.7:15058]|listeners:[], old=null
2023-12-05 10:04:50,171 [86e7a8c2-7a3b-42b5-8c24-f179534e156f-groupManagement] INFO  server.RaftServer$Division (RaftServerImpl.java:setRole(379)) - 86e7a8c2-7a3b-42b5-8c24-f179534e156f@group-B0DE288270A6: changes role from      null to FOLLOWER at term 0 for startAsFollower
2023-12-05 10:04:50,171 [86e7a8c2-7a3b-42b5-8c24-f179534e156f-groupManagement] INFO  impl.RoleInfo (RoleInfo.java:updateAndGet(139)) - 86e7a8c2-7a3b-42b5-8c24-f179534e156f: start 86e7a8c2-7a3b-42b5-8c24-f179534e156f@group-B0DE288270A6-FollowerState
2023-12-05 10:04:50,172 [86e7a8c2-7a3b-42b5-8c24-f179534e156f@group-B0DE288270A6-FollowerState] INFO  server.RaftServerConfigKeys (ConfUtils.java:logFallback(53)) - raft.server.rpc.first-election.timeout.min = 5s (fallback to raft.server.rpc.timeout.min)
2023-12-05 10:04:50,172 [86e7a8c2-7a3b-42b5-8c24-f179534e156f-groupManagement] INFO  util.JmxRegister (JmxRegister.java:tryRegister(44)) - Successfully registered JMX Bean with object name Ratis:service=RaftServer,group=group-B0DE288270A6,id=86e7a8c2-7a3b-42b5-8c24-f179534e156f
2023-12-05 10:04:50,172 [86e7a8c2-7a3b-42b5-8c24-f179534e156f-groupManagement] INFO  server.RaftServerConfigKeys (ConfUtils.java:logGet(46)) - raft.server.snapshot.trigger-when-stop.enabled = true (default)
2023-12-05 10:04:50,172 [86e7a8c2-7a3b-42b5-8c24-f179534e156f-groupManagement] INFO  server.RaftServerConfigKeys (ConfUtils.java:logGet(46)) - raft.server.snapshot.auto.trigger.enabled = true (custom)
2023-12-05 10:04:50,172 [86e7a8c2-7a3b-42b5-8c24-f179534e156f-groupManagement] INFO  server.RaftServerConfigKeys (ConfUtils.java:logGet(46)) - raft.server.snapshot.auto.trigger.threshold = 10000 (custom)
2023-12-05 10:04:50,172 [86e7a8c2-7a3b-42b5-8c24-f179534e156f-groupManagement] INFO  server.RaftServerConfigKeys (ConfUtils.java:logGet(46)) - raft.server.snapshot.retention.file.num = 5 (custom)
2023-12-05 10:04:50,172 [86e7a8c2-7a3b-42b5-8c24-f179534e156f-groupManagement] INFO  server.RaftServerConfigKeys (ConfUtils.java:logGet(46)) - raft.server.log.purge.upto.snapshot.index = false (default)
2023-12-05 10:04:50,172 [86e7a8c2-7a3b-42b5-8c24-f179534e156f@group-B0DE288270A6-FollowerState] INFO  server.RaftServerConfigKeys (ConfUtils.java:logFallback(53)) - raft.server.rpc.first-election.timeout.max = 5200ms (fallback to raft.server.rpc.timeout.max)
2023-12-05 10:04:50,173 [86e7a8c2-7a3b-42b5-8c24-f179534e156f-PipelineCommandHandlerThread-0] INFO  ratis.XceiverServerRatis (XceiverServerRatis.java:addGroup(837)) - Created group PipelineID=6b47231b-94cd-4967-b099-b0de288270a6
2023-12-05 10:04:50,173 [86e7a8c2-7a3b-42b5-8c24-f179534e156f-PipelineCommandHandlerThread-0] INFO  commandhandler.CreatePipelineCommandHandler (CreatePipelineCommandHandler.java:lambda$handle$2(124)) - Created Pipeline RATIS ONE PipelineID=6b47231b-94cd-4967-b099-b0de288270a6.
2023-12-05 10:04:50,275 [a14db3af-fd8e-478e-855b-ef9cd5001d57-PipelineCommandHandlerThread-0] INFO  server.RaftServer (RaftServerProxy.java:addNew(100)) - a14db3af-fd8e-478e-855b-ef9cd5001d57: addNew group-B2574BE87882:[a14db3af-fd8e-478e-855b-ef9cd5001d57|10.1.0.7:15067] returns group-B2574BE87882:java.util.concurrent.CompletableFuture@15030838[Not completed]
2023-12-05 10:04:50,276 [a14db3af-fd8e-478e-855b-ef9cd5001d57-groupManagement] INFO  server.RaftServer$Division (RaftServerImpl.java:<init>(256)) - a14db3af-fd8e-478e-855b-ef9cd5001d57: new RaftServerImpl for group-B2574BE87882:[a14db3af-fd8e-478e-855b-ef9cd5001d57|10.1.0.7:15067] with ContainerStateMachine:uninitialized
2023-12-05 10:04:50,277 [a14db3af-fd8e-478e-855b-ef9cd5001d57-groupManagement] INFO  server.RaftServerConfigKeys (ConfUtils.java:logGet(46)) - raft.server.rpc.timeout.min = 5s (custom)
2023-12-05 10:04:50,277 [a14db3af-fd8e-478e-855b-ef9cd5001d57-groupManagement] INFO  server.RaftServerConfigKeys (ConfUtils.java:logGet(46)) - raft.server.rpc.timeout.max = 5200ms (custom)
2023-12-05 10:04:50,277 [a14db3af-fd8e-478e-855b-ef9cd5001d57-groupManagement] INFO  server.RaftServerConfigKeys (ConfUtils.java:logGet(46)) - raft.server.rpc.sleep.time = 25ms (default)
2023-12-05 10:04:50,277 [a14db3af-fd8e-478e-855b-ef9cd5001d57-groupManagement] INFO  server.RaftServerConfigKeys (ConfUtils.java:logGet(46)) - raft.server.rpc.slowness.timeout = 300s (custom)
2023-12-05 10:04:50,277 [a14db3af-fd8e-478e-855b-ef9cd5001d57-groupManagement] INFO  server.RaftServerConfigKeys (ConfUtils.java:logGet(46)) - raft.server.leaderelection.leader.step-down.wait-time = 10s (default)
2023-12-05 10:04:50,277 [a14db3af-fd8e-478e-855b-ef9cd5001d57-groupManagement] INFO  server.RaftServerConfigKeys (ConfUtils.java:logGet(46)) - raft.server.leaderelection.member.majority-add = false (default)
2023-12-05 10:04:50,277 [a14db3af-fd8e-478e-855b-ef9cd5001d57-groupManagement] INFO  server.RaftServerConfigKeys (ConfUtils.java:logGet(46)) - raft.server.sleep.deviation.threshold = 300ms (default)
2023-12-05 10:04:50,277 [a14db3af-fd8e-478e-855b-ef9cd5001d57-groupManagement] INFO  server.RaftServer$Division (ServerState.java:<init>(113)) - a14db3af-fd8e-478e-855b-ef9cd5001d57@group-B2574BE87882: ConfigurationManager, init=-1: peers:[a14db3af-fd8e-478e-855b-ef9cd5001d57|10.1.0.7:15067]|listeners:[], old=null, confs=<EMPTY_MAP>
2023-12-05 10:04:50,277 [a14db3af-fd8e-478e-855b-ef9cd5001d57-groupManagement] INFO  server.RaftServerConfigKeys (ConfUtils.java:logGet(46)) - raft.server.notification.no-leader.timeout = 300s (custom)
2023-12-05 10:04:50,277 [a14db3af-fd8e-478e-855b-ef9cd5001d57-groupManagement] INFO  server.RaftServerConfigKeys (ConfUtils.java:logGet(46)) - raft.server.read.timeout = 10s (default)
2023-12-05 10:04:50,277 [main] INFO  ozone.MiniOzoneClusterImpl (MiniOzoneClusterImpl.java:lambda$waitForClusterToBeReady$0(229)) - Nodes are ready. Got 3 of 3 DN Heartbeats.
2023-12-05 10:04:50,277 [main] INFO  ozone.MiniOzoneClusterImpl (MiniOzoneClusterImpl.java:lambda$waitForClusterToBeReady$0(232)) - Waiting for cluster to exit safe mode
2023-12-05 10:04:50,277 [main] INFO  ozone.MiniOzoneClusterImpl (MiniOzoneClusterImpl.java:lambda$waitForClusterToBeReady$0(234)) - SCM became leader
2023-12-05 10:04:50,277 [a14db3af-fd8e-478e-855b-ef9cd5001d57-groupManagement] INFO  server.RaftServerConfigKeys (ConfUtils.java:logGet(46)) - raft.server.retrycache.expirytime = 600000ms (custom)
2023-12-05 10:04:50,278 [a14db3af-fd8e-478e-855b-ef9cd5001d57-groupManagement] INFO  server.RaftServerConfigKeys (ConfUtils.java:logGet(46)) - raft.server.retrycache.statistics.expirytime = 100ms (default)
2023-12-05 10:04:50,278 [a14db3af-fd8e-478e-855b-ef9cd5001d57-groupManagement] INFO  server.RaftServerConfigKeys (ConfUtils.java:logGet(46)) - raft.server.read.option = DEFAULT (default)
2023-12-05 10:04:50,278 [a14db3af-fd8e-478e-855b-ef9cd5001d57-groupManagement] INFO  server.RaftServerConfigKeys (ConfUtils.java:logGet(46)) - raft.server.read.read-after-write-consistent.write-index-cache.expiry-time = 60s (default)
2023-12-05 10:04:50,279 [a14db3af-fd8e-478e-855b-ef9cd5001d57-groupManagement] INFO  server.RaftServerConfigKeys (ConfUtils.java:logGet(46)) - raft.server.rpc.request.timeout = 60s (custom)
2023-12-05 10:04:50,279 [a14db3af-fd8e-478e-855b-ef9cd5001d57-groupManagement] INFO  server.RaftServerConfigKeys (ConfUtils.java:logGet(46)) - raft.server.log.appender.install.snapshot.enabled = false (custom)
2023-12-05 10:04:50,279 [a14db3af-fd8e-478e-855b-ef9cd5001d57-groupManagement] INFO  server.RaftServerConfigKeys (ConfUtils.java:logGet(46)) - raft.server.threadpool.server.cached = true (default)
2023-12-05 10:04:50,279 [a14db3af-fd8e-478e-855b-ef9cd5001d57-groupManagement] INFO  server.RaftServerConfigKeys (ConfUtils.java:logGet(46)) - raft.server.threadpool.server.size = 0 (default)
2023-12-05 10:04:50,279 [a14db3af-fd8e-478e-855b-ef9cd5001d57-groupManagement] INFO  server.RaftServerConfigKeys (ConfUtils.java:logGet(46)) - raft.server.threadpool.client.cached = true (default)
2023-12-05 10:04:50,279 [a14db3af-fd8e-478e-855b-ef9cd5001d57-groupManagement] INFO  server.RaftServerConfigKeys (ConfUtils.java:logGet(46)) - raft.server.threadpool.client.size = 0 (default)
2023-12-05 10:04:50,279 [a14db3af-fd8e-478e-855b-ef9cd5001d57-groupManagement] INFO  server.RaftServerConfigKeys (ConfUtils.java:logGet(46)) - raft.server.storage.free-space.min = 0MB (=0) (default)
2023-12-05 10:04:50,279 [a14db3af-fd8e-478e-855b-ef9cd5001d57-groupManagement] INFO  server.RaftServerConfigKeys (ConfUtils.java:logGet(46)) - raft.server.log.corruption.policy = EXCEPTION (default)
2023-12-05 10:04:50,280 [a14db3af-fd8e-478e-855b-ef9cd5001d57-groupManagement] INFO  server.RaftServerConfigKeys (ConfUtils.java:logGet(46)) - raft.server.storage.dir = [/home/runner/work/ozone/ozone/hadoop-ozone/integration-test/target/test-dir/MiniOzoneClusterImpl-1950aa9b-5d8b-4a5d-a98b-a91d287d75ff/datanode-2/data/ratis] (custom)
2023-12-05 10:04:50,280 [a14db3af-fd8e-478e-855b-ef9cd5001d57-groupManagement] INFO  storage.RaftStorageDirectory (RaftStorageDirectoryImpl.java:analyzeStorage(138)) - The storage directory /home/runner/work/ozone/ozone/hadoop-ozone/integration-test/target/test-dir/MiniOzoneClusterImpl-1950aa9b-5d8b-4a5d-a98b-a91d287d75ff/datanode-2/data/ratis/d5296619-e08d-4062-aa8b-b2574be87882 does not exist. Creating ...
2023-12-05 10:04:50,281 [a14db3af-fd8e-478e-855b-ef9cd5001d57-groupManagement] INFO  storage.RaftStorageDirectory (RaftStorageDirectoryImpl.java:tryLock(232)) - Lock on /home/runner/work/ozone/ozone/hadoop-ozone/integration-test/target/test-dir/MiniOzoneClusterImpl-1950aa9b-5d8b-4a5d-a98b-a91d287d75ff/datanode-2/data/ratis/d5296619-e08d-4062-aa8b-b2574be87882/in_use.lock acquired by nodename 4813@fv-az884-53
2023-12-05 10:04:50,282 [a14db3af-fd8e-478e-855b-ef9cd5001d57-groupManagement] INFO  storage.RaftStorage (RaftStorageImpl.java:format(97)) - Storage directory /home/runner/work/ozone/ozone/hadoop-ozone/integration-test/target/test-dir/MiniOzoneClusterImpl-1950aa9b-5d8b-4a5d-a98b-a91d287d75ff/datanode-2/data/ratis/d5296619-e08d-4062-aa8b-b2574be87882 has been successfully formatted.
2023-12-05 10:04:50,282 [a14db3af-fd8e-478e-855b-ef9cd5001d57-groupManagement] INFO  ratis.ContainerStateMachine (ContainerStateMachine.java:loadSnapshot(269)) - group-B2574BE87882: The snapshot info is null. Setting the last applied indexto:(t:0, i:~)
2023-12-05 10:04:50,282 [a14db3af-fd8e-478e-855b-ef9cd5001d57-groupManagement] INFO  server.RaftServerConfigKeys (ConfUtils.java:logGet(46)) - raft.server.log.use.memory = false (default)
2023-12-05 10:04:50,283 [a14db3af-fd8e-478e-855b-ef9cd5001d57-groupManagement] INFO  server.RaftServerConfigKeys (ConfUtils.java:logGet(46)) - raft.server.log.purge.gap = 1000000 (custom)
2023-12-05 10:04:50,283 [a14db3af-fd8e-478e-855b-ef9cd5001d57-groupManagement] INFO  server.RaftServerConfigKeys (ConfUtils.java:logGet(46)) - raft.server.log.appender.buffer.byte-limit = 8388608 (custom)
2023-12-05 10:04:50,283 [a14db3af-fd8e-478e-855b-ef9cd5001d57-groupManagement] INFO  server.RaftServerConfigKeys (ConfUtils.java:logGet(46)) - raft.server.log.statemachine.data.read.timeout = 1000ms (default)
2023-12-05 10:04:50,283 [a14db3af-fd8e-478e-855b-ef9cd5001d57-groupManagement] INFO  server.RaftServerConfigKeys (ConfUtils.java:logGet(46)) - raft.server.log.purge.preservation.log.num = 0 (default)
2023-12-05 10:04:50,284 [EventQueue-PipelineReportForPipelineReportHandler] INFO  pipeline.PipelineReportHandler (PipelineReportHandler.java:processPipelineReport(136)) - Opened pipeline PipelineID=d5296619-e08d-4062-aa8b-b2574be87882
2023-12-05 10:04:50,284 [EventQueue-OpenPipelineForHealthyPipelineSafeModeRule] INFO  safemode.SCMSafeModeManager (HealthyPipelineSafeModeRule.java:process(137)) - SCM in safe mode. Healthy pipelines reported count is 0, required healthy pipeline reported count is 1
2023-12-05 10:04:50,284 [a14db3af-fd8e-478e-855b-ef9cd5001d57-groupManagement] INFO  server.RaftServerConfigKeys (ConfUtils.java:logGet(46)) - raft.server.log.segment.size.max = 67108864 (custom)
2023-12-05 10:04:50,285 [a14db3af-fd8e-478e-855b-ef9cd5001d57-groupManagement] INFO  server.RaftServerConfigKeys (ConfUtils.java:logGet(46)) - raft.server.log.segment.cache.num.max = 2 (custom)
2023-12-05 10:04:50,285 [a14db3af-fd8e-478e-855b-ef9cd5001d57-groupManagement] INFO  server.RaftServerConfigKeys (ConfUtils.java:logGet(46)) - raft.server.log.segment.cache.size.max = 200MB (=209715200) (default)
2023-12-05 10:04:50,285 [a14db3af-fd8e-478e-855b-ef9cd5001d57-groupManagement] INFO  server.RaftServerConfigKeys (ConfUtils.java:logGet(46)) - raft.server.log.appender.buffer.byte-limit = 8388608 (custom)
2023-12-05 10:04:50,285 [a14db3af-fd8e-478e-855b-ef9cd5001d57-groupManagement] INFO  util.AwaitToRun (AwaitToRun.java:start(81)) - Thread[a14db3af-fd8e-478e-855b-ef9cd5001d57@group-B2574BE87882-cacheEviction-AwaitToRun,5,main] started
2023-12-05 10:04:50,285 [a14db3af-fd8e-478e-855b-ef9cd5001d57-groupManagement] INFO  segmented.SegmentedRaftLogWorker (SegmentedRaftLogWorker.java:<init>(184)) - new a14db3af-fd8e-478e-855b-ef9cd5001d57@group-B2574BE87882-SegmentedRaftLogWorker for RaftStorageImpl:Storage Directory /home/runner/work/ozone/ozone/hadoop-ozone/integration-test/target/test-dir/MiniOzoneClusterImpl-1950aa9b-5d8b-4a5d-a98b-a91d287d75ff/datanode-2/data/ratis/d5296619-e08d-4062-aa8b-b2574be87882
2023-12-05 10:04:50,285 [a14db3af-fd8e-478e-855b-ef9cd5001d57-groupManagement] INFO  server.RaftServerConfigKeys (ConfUtils.java:logGet(46)) - raft.server.log.queue.byte-limit = 4294967296 (custom)
2023-12-05 10:04:50,285 [a14db3af-fd8e-478e-855b-ef9cd5001d57-groupManagement] INFO  server.RaftServerConfigKeys (ConfUtils.java:logGet(46)) - raft.server.log.queue.element-limit = 1024 (custom)
2023-12-05 10:04:50,285 [a14db3af-fd8e-478e-855b-ef9cd5001d57-groupManagement] INFO  server.RaftServerConfigKeys (ConfUtils.java:logGet(46)) - raft.server.log.segment.size.max = 67108864 (custom)
2023-12-05 10:04:50,286 [a14db3af-fd8e-478e-855b-ef9cd5001d57-groupManagement] INFO  server.RaftServerConfigKeys (ConfUtils.java:logGet(46)) - raft.server.log.preallocated.size = 4194304 (custom)
2023-12-05 10:04:50,286 [a14db3af-fd8e-478e-855b-ef9cd5001d57-groupManagement] INFO  server.RaftServerConfigKeys (ConfUtils.java:logGet(46)) - raft.server.log.force.sync.num = 128 (default)
2023-12-05 10:04:50,286 [a14db3af-fd8e-478e-855b-ef9cd5001d57-groupManagement] INFO  server.RaftServerConfigKeys (ConfUtils.java:logGet(46)) - raft.server.log.statemachine.data.sync = true (default)
2023-12-05 10:04:50,286 [a14db3af-fd8e-478e-855b-ef9cd5001d57-groupManagement] INFO  server.RaftServerConfigKeys (ConfUtils.java:logGet(46)) - raft.server.log.statemachine.data.sync.timeout = 10s (default)
2023-12-05 10:04:50,286 [a14db3af-fd8e-478e-855b-ef9cd5001d57-groupManagement] INFO  server.RaftServerConfigKeys (ConfUtils.java:logGet(46)) - raft.server.log.statemachine.data.sync.timeout.retry = 0 (custom)
2023-12-05 10:04:50,286 [a14db3af-fd8e-478e-855b-ef9cd5001d57-groupManagement] INFO  server.RaftServerConfigKeys (ConfUtils.java:logGet(46)) - raft.server.log.write.buffer.size = 8388616 (custom)
2023-12-05 10:04:50,288 [a14db3af-fd8e-478e-855b-ef9cd5001d57-groupManagement] INFO  server.RaftServerConfigKeys (ConfUtils.java:logGet(46)) - raft.server.log.appender.buffer.byte-limit = 8388608 (custom)
2023-12-05 10:04:50,288 [a14db3af-fd8e-478e-855b-ef9cd5001d57-groupManagement] INFO  server.RaftServerConfigKeys (ConfUtils.java:logGet(46)) - raft.server.log.unsafe-flush.enabled = false (default)
2023-12-05 10:04:50,288 [a14db3af-fd8e-478e-855b-ef9cd5001d57-groupManagement] INFO  server.RaftServerConfigKeys (ConfUtils.java:logGet(46)) - raft.server.log.async-flush.enabled = false (default)
2023-12-05 10:04:50,288 [a14db3af-fd8e-478e-855b-ef9cd5001d57-groupManagement] INFO  server.RaftServerConfigKeys (ConfUtils.java:logGet(46)) - raft.server.log.statemachine.data.caching.enabled = true (custom)
2023-12-05 10:04:50,289 [a14db3af-fd8e-478e-855b-ef9cd5001d57-groupManagement] INFO  segmented.SegmentedRaftLogWorker (SegmentedRaftLogWorker.java:lambda$new$0(135)) - a14db3af-fd8e-478e-855b-ef9cd5001d57@group-B2574BE87882-SegmentedRaftLogWorker: flushIndex: setUnconditionally 0 -> -1
2023-12-05 10:04:50,289 [a14db3af-fd8e-478e-855b-ef9cd5001d57-groupManagement] INFO  segmented.SegmentedRaftLogWorker (SegmentedRaftLogWorker.java:lambda$new$0(135)) - a14db3af-fd8e-478e-855b-ef9cd5001d57@group-B2574BE87882-SegmentedRaftLogWorker: safeCacheEvictIndex: setUnconditionally 0 -> -1
2023-12-05 10:04:50,289 [a14db3af-fd8e-478e-855b-ef9cd5001d57-groupManagement] INFO  server.RaftServer$Division (RaftServerImpl.java:start(392)) - a14db3af-fd8e-478e-855b-ef9cd5001d57@group-B2574BE87882: start as a follower, conf=-1: peers:[a14db3af-fd8e-478e-855b-ef9cd5001d57|10.1.0.7:15067]|listeners:[], old=null
2023-12-05 10:04:50,289 [a14db3af-fd8e-478e-855b-ef9cd5001d57-groupManagement] INFO  server.RaftServer$Division (RaftServerImpl.java:setRole(379)) - a14db3af-fd8e-478e-855b-ef9cd5001d57@group-B2574BE87882: changes role from      null to FOLLOWER at term 0 for startAsFollower
2023-12-05 10:04:50,289 [a14db3af-fd8e-478e-855b-ef9cd5001d57-groupManagement] INFO  impl.RoleInfo (RoleInfo.java:updateAndGet(139)) - a14db3af-fd8e-478e-855b-ef9cd5001d57: start a14db3af-fd8e-478e-855b-ef9cd5001d57@group-B2574BE87882-FollowerState
2023-12-05 10:04:50,289 [a14db3af-fd8e-478e-855b-ef9cd5001d57@group-B2574BE87882-FollowerState] INFO  server.RaftServerConfigKeys (ConfUtils.java:logFallback(53)) - raft.server.rpc.first-election.timeout.min = 5s (fallback to raft.server.rpc.timeout.min)
2023-12-05 10:04:50,289 [a14db3af-fd8e-478e-855b-ef9cd5001d57-groupManagement] INFO  util.JmxRegister (JmxRegister.java:tryRegister(44)) - Successfully registered JMX Bean with object name Ratis:service=RaftServer,group=group-B2574BE87882,id=a14db3af-fd8e-478e-855b-ef9cd5001d57
2023-12-05 10:04:50,289 [a14db3af-fd8e-478e-855b-ef9cd5001d57@group-B2574BE87882-FollowerState] INFO  server.RaftServerConfigKeys (ConfUtils.java:logFallback(53)) - raft.server.rpc.first-election.timeout.max = 5200ms (fallback to raft.server.rpc.timeout.max)
2023-12-05 10:04:50,289 [a14db3af-fd8e-478e-855b-ef9cd5001d57-groupManagement] INFO  server.RaftServerConfigKeys (ConfUtils.java:logGet(46)) - raft.server.snapshot.trigger-when-stop.enabled = true (default)
2023-12-05 10:04:50,289 [a14db3af-fd8e-478e-855b-ef9cd5001d57-groupManagement] INFO  server.RaftServerConfigKeys (ConfUtils.java:logGet(46)) - raft.server.snapshot.auto.trigger.enabled = true (custom)
2023-12-05 10:04:50,289 [a14db3af-fd8e-478e-855b-ef9cd5001d57-groupManagement] INFO  server.RaftServerConfigKeys (ConfUtils.java:logGet(46)) - raft.server.snapshot.auto.trigger.threshold = 10000 (custom)
2023-12-05 10:04:50,290 [a14db3af-fd8e-478e-855b-ef9cd5001d57-groupManagement] INFO  server.RaftServerConfigKeys (ConfUtils.java:logGet(46)) - raft.server.snapshot.retention.file.num = 5 (custom)
2023-12-05 10:04:50,290 [a14db3af-fd8e-478e-855b-ef9cd5001d57-groupManagement] INFO  server.RaftServerConfigKeys (ConfUtils.java:logGet(46)) - raft.server.log.purge.upto.snapshot.index = false (default)
2023-12-05 10:04:50,290 [a14db3af-fd8e-478e-855b-ef9cd5001d57-PipelineCommandHandlerThread-0] INFO  ratis.XceiverServerRatis (XceiverServerRatis.java:addGroup(837)) - Created group PipelineID=d5296619-e08d-4062-aa8b-b2574be87882
2023-12-05 10:04:50,290 [a14db3af-fd8e-478e-855b-ef9cd5001d57-PipelineCommandHandlerThread-0] INFO  commandhandler.CreatePipelineCommandHandler (CreatePipelineCommandHandler.java:lambda$handle$2(124)) - Created Pipeline RATIS ONE PipelineID=d5296619-e08d-4062-aa8b-b2574be87882.
2023-12-05 10:04:51,278 [main] INFO  ozone.MiniOzoneClusterImpl (MiniOzoneClusterImpl.java:lambda$waitForClusterToBeReady$0(229)) - Nodes are ready. Got 3 of 3 DN Heartbeats.
2023-12-05 10:04:51,278 [main] INFO  ozone.MiniOzoneClusterImpl (MiniOzoneClusterImpl.java:lambda$waitForClusterToBeReady$0(232)) - Waiting for cluster to exit safe mode
2023-12-05 10:04:51,278 [main] INFO  ozone.MiniOzoneClusterImpl (MiniOzoneClusterImpl.java:lambda$waitForClusterToBeReady$0(234)) - SCM became leader
2023-12-05 10:04:52,278 [main] INFO  ozone.MiniOzoneClusterImpl (MiniOzoneClusterImpl.java:lambda$waitForClusterToBeReady$0(229)) - Nodes are ready. Got 3 of 3 DN Heartbeats.
2023-12-05 10:04:52,279 [main] INFO  ozone.MiniOzoneClusterImpl (MiniOzoneClusterImpl.java:lambda$waitForClusterToBeReady$0(232)) - Waiting for cluster to exit safe mode
2023-12-05 10:04:52,279 [main] INFO  ozone.MiniOzoneClusterImpl (MiniOzoneClusterImpl.java:lambda$waitForClusterToBeReady$0(234)) - SCM became leader
2023-12-05 10:04:53,279 [main] INFO  ozone.MiniOzoneClusterImpl (MiniOzoneClusterImpl.java:lambda$waitForClusterToBeReady$0(229)) - Nodes are ready. Got 3 of 3 DN Heartbeats.
2023-12-05 10:04:53,279 [main] INFO  ozone.MiniOzoneClusterImpl (MiniOzoneClusterImpl.java:lambda$waitForClusterToBeReady$0(232)) - Waiting for cluster to exit safe mode
2023-12-05 10:04:53,279 [main] INFO  ozone.MiniOzoneClusterImpl (MiniOzoneClusterImpl.java:lambda$waitForClusterToBeReady$0(234)) - SCM became leader
2023-12-05 10:04:54,279 [main] INFO  ozone.MiniOzoneClusterImpl (MiniOzoneClusterImpl.java:lambda$waitForClusterToBeReady$0(229)) - Nodes are ready. Got 3 of 3 DN Heartbeats.
2023-12-05 10:04:54,280 [main] INFO  ozone.MiniOzoneClusterImpl (MiniOzoneClusterImpl.java:lambda$waitForClusterToBeReady$0(232)) - Waiting for cluster to exit safe mode
2023-12-05 10:04:54,280 [main] INFO  ozone.MiniOzoneClusterImpl (MiniOzoneClusterImpl.java:lambda$waitForClusterToBeReady$0(234)) - SCM became leader
2023-12-05 10:04:55,062 [1875ca78-02f9-46a2-aa62-0847e90c9d54@group-7D4B913110C9-FollowerState] INFO  impl.FollowerState (FollowerState.java:run(143)) - 1875ca78-02f9-46a2-aa62-0847e90c9d54@group-7D4B913110C9-FollowerState: change to CANDIDATE, lastRpcElapsedTime:5068151673ns, electionTimeout:5067ms
2023-12-05 10:04:55,062 [1875ca78-02f9-46a2-aa62-0847e90c9d54@group-7D4B913110C9-FollowerState] INFO  impl.RoleInfo (RoleInfo.java:shutdownFollowerState(110)) - 1875ca78-02f9-46a2-aa62-0847e90c9d54: shutdown 1875ca78-02f9-46a2-aa62-0847e90c9d54@group-7D4B913110C9-FollowerState
2023-12-05 10:04:55,062 [1875ca78-02f9-46a2-aa62-0847e90c9d54@group-7D4B913110C9-FollowerState] INFO  server.RaftServer$Division (RaftServerImpl.java:setRole(379)) - 1875ca78-02f9-46a2-aa62-0847e90c9d54@group-7D4B913110C9: changes role from  FOLLOWER to CANDIDATE at term 0 for changeToCandidate
2023-12-05 10:04:55,062 [1875ca78-02f9-46a2-aa62-0847e90c9d54@group-7D4B913110C9-FollowerState] INFO  server.RaftServerConfigKeys (ConfUtils.java:logGet(46)) - raft.server.leaderelection.pre-vote = true (default)
2023-12-05 10:04:55,062 [1875ca78-02f9-46a2-aa62-0847e90c9d54@group-7D4B913110C9-FollowerState] INFO  impl.RoleInfo (RoleInfo.java:updateAndGet(139)) - 1875ca78-02f9-46a2-aa62-0847e90c9d54: start 1875ca78-02f9-46a2-aa62-0847e90c9d54@group-7D4B913110C9-LeaderElection7
2023-12-05 10:04:55,063 [1875ca78-02f9-46a2-aa62-0847e90c9d54@group-7D4B913110C9-LeaderElection7] INFO  impl.LeaderElection (LeaderElection.java:askForVotes(323)) - 1875ca78-02f9-46a2-aa62-0847e90c9d54@group-7D4B913110C9-LeaderElection7 PRE_VOTE round 0: submit vote requests at term 0 for -1: peers:[1875ca78-02f9-46a2-aa62-0847e90c9d54|10.1.0.7:15049]|listeners:[], old=null
2023-12-05 10:04:55,063 [1875ca78-02f9-46a2-aa62-0847e90c9d54@group-7D4B913110C9-LeaderElection7] INFO  impl.LeaderElection (LeaderElection.java:askForVotes(325)) - 1875ca78-02f9-46a2-aa62-0847e90c9d54@group-7D4B913110C9-LeaderElection7 PRE_VOTE round 0: result PASSED (term=0)
2023-12-05 10:04:55,065 [1875ca78-02f9-46a2-aa62-0847e90c9d54@group-7D4B913110C9-LeaderElection7] INFO  impl.LeaderElection (LeaderElection.java:askForVotes(323)) - 1875ca78-02f9-46a2-aa62-0847e90c9d54@group-7D4B913110C9-LeaderElection7 ELECTION round 0: submit vote requests at term 1 for -1: peers:[1875ca78-02f9-46a2-aa62-0847e90c9d54|10.1.0.7:15049]|listeners:[], old=null
2023-12-05 10:04:55,065 [1875ca78-02f9-46a2-aa62-0847e90c9d54@group-7D4B913110C9-LeaderElection7] INFO  impl.LeaderElection (LeaderElection.java:askForVotes(325)) - 1875ca78-02f9-46a2-aa62-0847e90c9d54@group-7D4B913110C9-LeaderElection7 ELECTION round 0: result PASSED (term=1)
2023-12-05 10:04:55,065 [1875ca78-02f9-46a2-aa62-0847e90c9d54@group-7D4B913110C9-LeaderElection7] INFO  impl.RoleInfo (RoleInfo.java:shutdownLeaderElection(130)) - 1875ca78-02f9-46a2-aa62-0847e90c9d54: shutdown 1875ca78-02f9-46a2-aa62-0847e90c9d54@group-7D4B913110C9-LeaderElection7
2023-12-05 10:04:55,065 [1875ca78-02f9-46a2-aa62-0847e90c9d54@group-7D4B913110C9-LeaderElection7] INFO  server.RaftServer$Division (RaftServerImpl.java:setRole(379)) - 1875ca78-02f9-46a2-aa62-0847e90c9d54@group-7D4B913110C9: changes role from CANDIDATE to LEADER at term 1 for changeToLeader
2023-12-05 10:04:55,065 [1875ca78-02f9-46a2-aa62-0847e90c9d54@group-7D4B913110C9-LeaderElection7] INFO  server.RaftServerConfigKeys (ConfUtils.java:logGet(46)) - raft.server.staging.catchup.gap = 1000 (default)
2023-12-05 10:04:55,065 [1875ca78-02f9-46a2-aa62-0847e90c9d54@group-7D4B913110C9-LeaderElection7] INFO  server.RaftServerConfigKeys (ConfUtils.java:logGet(46)) - raft.server.write.element-limit = 1024 (custom)
2023-12-05 10:04:55,065 [1875ca78-02f9-46a2-aa62-0847e90c9d54@group-7D4B913110C9-LeaderElection7] INFO  server.RaftServerConfigKeys (ConfUtils.java:logGet(46)) - raft.server.write.byte-limit = 1024 M (=1073741824) (custom)
2023-12-05 10:04:55,065 [1875ca78-02f9-46a2-aa62-0847e90c9d54@group-7D4B913110C9-LeaderElection7] INFO  server.RaftServerConfigKeys (ConfUtils.java:logGet(46)) - raft.server.watch.timeout = 180s (custom)
2023-12-05 10:04:55,066 [1875ca78-02f9-46a2-aa62-0847e90c9d54@group-7D4B913110C9-LeaderElection7] INFO  server.RaftServerConfigKeys (ConfUtils.java:logGet(46)) - raft.server.watch.timeout.denomination = 1s (default)
2023-12-05 10:04:55,066 [1875ca78-02f9-46a2-aa62-0847e90c9d54@group-7D4B913110C9-LeaderElection7] INFO  server.RaftServerConfigKeys (ConfUtils.java:logGet(46)) - raft.server.watch.element-limit = 65536 (default)
2023-12-05 10:04:55,066 [1875ca78-02f9-46a2-aa62-0847e90c9d54@group-7D4B913110C9-LeaderElection7] INFO  server.RaftServerConfigKeys (ConfUtils.java:logGet(46)) - raft.server.read.leader.lease.enabled = false (default)
2023-12-05 10:04:55,066 [1875ca78-02f9-46a2-aa62-0847e90c9d54@group-7D4B913110C9-LeaderElection7] INFO  server.RaftServerConfigKeys (ConfUtils.java:logGet(46)) - raft.server.read.leader.lease.timeout.ratio = 0.9 (default)
2023-12-05 10:04:55,066 [1875ca78-02f9-46a2-aa62-0847e90c9d54@group-7D4B913110C9-LeaderElection7] INFO  server.RaftServerConfigKeys (ConfUtils.java:logGet(46)) - raft.server.rpc.timeout.min = 5s (custom)
2023-12-05 10:04:55,066 [1875ca78-02f9-46a2-aa62-0847e90c9d54@group-7D4B913110C9-LeaderElection7] INFO  server.RaftServerConfigKeys (ConfUtils.java:logGet(46)) - raft.server.write.element-limit = 1024 (custom)
2023-12-05 10:04:55,066 [1875ca78-02f9-46a2-aa62-0847e90c9d54@group-7D4B913110C9-LeaderElection7] INFO  server.RaftServerConfigKeys (ConfUtils.java:logGet(46)) - raft.server.write.follower.gap.ratio.max = -1.0 (default)
2023-12-05 10:04:55,066 [1875ca78-02f9-46a2-aa62-0847e90c9d54@group-7D4B913110C9-LeaderElection7] INFO  impl.RoleInfo (RoleInfo.java:updateAndGet(139)) - 1875ca78-02f9-46a2-aa62-0847e90c9d54: start 1875ca78-02f9-46a2-aa62-0847e90c9d54@group-7D4B913110C9-LeaderStateImpl
2023-12-05 10:04:55,066 [1875ca78-02f9-46a2-aa62-0847e90c9d54@group-7D4B913110C9-LeaderElection7] INFO  server.RaftServer$Division (RaftServerImpl.java:setFirstElection(564)) - 1875ca78-02f9-46a2-aa62-0847e90c9d54@group-7D4B913110C9: set firstElectionSinceStartup to false for becomeLeader
2023-12-05 10:04:55,066 [1875ca78-02f9-46a2-aa62-0847e90c9d54@group-7D4B913110C9-LeaderElection7] INFO  ratis.XceiverServerRatis (XceiverServerRatis.java:handleLeaderChangedNotification(935)) - Leader change notification received for group: group-7D4B913110C9 with new leaderId: 1875ca78-02f9-46a2-aa62-0847e90c9d54
2023-12-05 10:04:55,067 [1875ca78-02f9-46a2-aa62-0847e90c9d54@group-7D4B913110C9-LeaderElection7] INFO  server.RaftServer$Division (ServerState.java:setLeader(265)) - 1875ca78-02f9-46a2-aa62-0847e90c9d54@group-7D4B913110C9: change Leader from null to 1875ca78-02f9-46a2-aa62-0847e90c9d54 at term 1 for becomeLeader, leader elected after 5090ms
2023-12-05 10:04:55,067 [1875ca78-02f9-46a2-aa62-0847e90c9d54@group-7D4B913110C9-LeaderElection7] INFO  segmented.SegmentedRaftLogWorker (SegmentedRaftLogWorker.java:startLogSegment(428)) - 1875ca78-02f9-46a2-aa62-0847e90c9d54@group-7D4B913110C9-SegmentedRaftLogWorker: Starting segment from index:0
2023-12-05 10:04:55,068 [1875ca78-02f9-46a2-aa62-0847e90c9d54@group-7D4B913110C9-LeaderElection7] INFO  server.RaftServer$Division (ServerState.java:setRaftConf(382)) - 1875ca78-02f9-46a2-aa62-0847e90c9d54@group-7D4B913110C9: set configuration 0: peers:[1875ca78-02f9-46a2-aa62-0847e90c9d54|10.1.0.7:15049]|listeners:[], old=null
2023-12-05 10:04:55,071 [EventQueue-OpenPipelineForHealthyPipelineSafeModeRule] INFO  safemode.SCMSafeModeManager (HealthyPipelineSafeModeRule.java:process(137)) - SCM in safe mode. Healthy pipelines reported count is 0, required healthy pipeline reported count is 1
2023-12-05 10:04:55,074 [1875ca78-02f9-46a2-aa62-0847e90c9d54@group-7D4B913110C9-SegmentedRaftLogWorker] INFO  segmented.SegmentedRaftLogWorker (SegmentedRaftLogWorker.java:execute(632)) - 1875ca78-02f9-46a2-aa62-0847e90c9d54@group-7D4B913110C9-SegmentedRaftLogWorker: created new log segment /home/runner/work/ozone/ozone/hadoop-ozone/integration-test/target/test-dir/MiniOzoneClusterImpl-1950aa9b-5d8b-4a5d-a98b-a91d287d75ff/datanode-0/data/ratis/087220be-e07f-4e1e-a821-7d4b913110c9/current/log_inprogress_0
2023-12-05 10:04:55,075 [1875ca78-02f9-46a2-aa62-0847e90c9d54@group-7D4B913110C9-StateMachineUpdater] INFO  server.RaftServer$Division (LeaderStateImpl.java:isApplied(316)) - leader is ready since appliedIndex == 0 >= startIndex == 0
2023-12-05 10:04:55,117 [86e7a8c2-7a3b-42b5-8c24-f179534e156f@group-D9EAED504055-FollowerState] INFO  impl.FollowerState (FollowerState.java:run(143)) - 86e7a8c2-7a3b-42b5-8c24-f179534e156f@group-D9EAED504055-FollowerState: change to CANDIDATE, lastRpcElapsedTime:5013477761ns, electionTimeout:5012ms
2023-12-05 10:04:55,118 [86e7a8c2-7a3b-42b5-8c24-f179534e156f@group-D9EAED504055-FollowerState] INFO  impl.RoleInfo (RoleInfo.java:shutdownFollowerState(110)) - 86e7a8c2-7a3b-42b5-8c24-f179534e156f: shutdown 86e7a8c2-7a3b-42b5-8c24-f179534e156f@group-D9EAED504055-FollowerState
2023-12-05 10:04:55,118 [86e7a8c2-7a3b-42b5-8c24-f179534e156f@group-D9EAED504055-FollowerState] INFO  server.RaftServer$Division (RaftServerImpl.java:setRole(379)) - 86e7a8c2-7a3b-42b5-8c24-f179534e156f@group-D9EAED504055: changes role from  FOLLOWER to CANDIDATE at term 0 for changeToCandidate
2023-12-05 10:04:55,118 [86e7a8c2-7a3b-42b5-8c24-f179534e156f@group-D9EAED504055-FollowerState] INFO  server.RaftServerConfigKeys (ConfUtils.java:logGet(46)) - raft.server.leaderelection.pre-vote = true (default)
2023-12-05 10:04:55,118 [86e7a8c2-7a3b-42b5-8c24-f179534e156f@group-D9EAED504055-FollowerState] INFO  impl.RoleInfo (RoleInfo.java:updateAndGet(139)) - 86e7a8c2-7a3b-42b5-8c24-f179534e156f: start 86e7a8c2-7a3b-42b5-8c24-f179534e156f@group-D9EAED504055-LeaderElection8
2023-12-05 10:04:55,119 [86e7a8c2-7a3b-42b5-8c24-f179534e156f@group-D9EAED504055-LeaderElection8] INFO  impl.LeaderElection (LeaderElection.java:askForVotes(323)) - 86e7a8c2-7a3b-42b5-8c24-f179534e156f@group-D9EAED504055-LeaderElection8 PRE_VOTE round 0: submit vote requests at term 0 for -1: peers:[a14db3af-fd8e-478e-855b-ef9cd5001d57|10.1.0.7:15067, 1875ca78-02f9-46a2-aa62-0847e90c9d54|10.1.0.7:15049, 86e7a8c2-7a3b-42b5-8c24-f179534e156f|10.1.0.7:15058]|listeners:[], old=null
2023-12-05 10:04:55,119 [86e7a8c2-7a3b-42b5-8c24-f179534e156f@group-D9EAED504055-LeaderElection8-1] INFO  server.GrpcServerProtocolClient (GrpcServerProtocolClient.java:<init>(65)) - Build channel for a14db3af-fd8e-478e-855b-ef9cd5001d57
2023-12-05 10:04:55,119 [86e7a8c2-7a3b-42b5-8c24-f179534e156f@group-D9EAED504055-LeaderElection8-2] INFO  server.GrpcServerProtocolClient (GrpcServerProtocolClient.java:<init>(65)) - Build channel for 1875ca78-02f9-46a2-aa62-0847e90c9d54
2023-12-05 10:04:55,119 [86e7a8c2-7a3b-42b5-8c24-f179534e156f@group-D9EAED504055-LeaderElection8] INFO  server.RaftServerConfigKeys (ConfUtils.java:logFallback(53)) - raft.server.rpc.first-election.timeout.min = 5s (fallback to raft.server.rpc.timeout.min)
2023-12-05 10:04:55,119 [86e7a8c2-7a3b-42b5-8c24-f179534e156f@group-D9EAED504055-LeaderElection8] INFO  server.RaftServerConfigKeys (ConfUtils.java:logFallback(53)) - raft.server.rpc.first-election.timeout.max = 5200ms (fallback to raft.server.rpc.timeout.max)
2023-12-05 10:04:55,131 [grpc-default-executor-0] INFO  server.RaftServer$Division (RaftServerImpl.java:requestVote(1377)) - a14db3af-fd8e-478e-855b-ef9cd5001d57@group-D9EAED504055: receive requestVote(PRE_VOTE, 86e7a8c2-7a3b-42b5-8c24-f179534e156f, group-D9EAED504055, 0, (t:0, i:0))
2023-12-05 10:04:55,131 [grpc-default-executor-0] INFO  impl.VoteContext (VoteContext.java:log(49)) - a14db3af-fd8e-478e-855b-ef9cd5001d57@group-D9EAED504055-FOLLOWER: reject PRE_VOTE from 86e7a8c2-7a3b-42b5-8c24-f179534e156f: our priority 1 > candidate's priority 0
2023-12-05 10:04:55,132 [grpc-default-executor-0] INFO  server.RaftServer$Division (RaftServerImpl.java:requestVote(1410)) - a14db3af-fd8e-478e-855b-ef9cd5001d57@group-D9EAED504055 replies to PRE_VOTE vote request: 86e7a8c2-7a3b-42b5-8c24-f179534e156f<-a14db3af-fd8e-478e-855b-ef9cd5001d57#0:FAIL-t0. Peer's state: a14db3af-fd8e-478e-855b-ef9cd5001d57@group-D9EAED504055:t0, leader=null, voted=, raftlog=Memoized:a14db3af-fd8e-478e-855b-ef9cd5001d57@group-D9EAED504055-SegmentedRaftLog:OPENED:c-1, conf=-1: peers:[a14db3af-fd8e-478e-855b-ef9cd5001d57|10.1.0.7:15067, 1875ca78-02f9-46a2-aa62-0847e90c9d54|10.1.0.7:15049, 86e7a8c2-7a3b-42b5-8c24-f179534e156f|10.1.0.7:15058]|listeners:[], old=null
2023-12-05 10:04:55,134 [a14db3af-fd8e-478e-855b-ef9cd5001d57@group-D9EAED504055-FollowerState] INFO  impl.FollowerState (FollowerState.java:run(143)) - a14db3af-fd8e-478e-855b-ef9cd5001d57@group-D9EAED504055-FollowerState: change to CANDIDATE, lastRpcElapsedTime:5094717217ns, electionTimeout:5072ms
2023-12-05 10:04:55,134 [grpc-default-executor-1] INFO  server.RaftServer$Division (RaftServerImpl.java:requestVote(1377)) - 1875ca78-02f9-46a2-aa62-0847e90c9d54@group-D9EAED504055: receive requestVote(PRE_VOTE, 86e7a8c2-7a3b-42b5-8c24-f179534e156f, group-D9EAED504055, 0, (t:0, i:0))
2023-12-05 10:04:55,134 [a14db3af-fd8e-478e-855b-ef9cd5001d57@group-D9EAED504055-FollowerState] INFO  impl.RoleInfo (RoleInfo.java:shutdownFollowerState(110)) - a14db3af-fd8e-478e-855b-ef9cd5001d57: shutdown a14db3af-fd8e-478e-855b-ef9cd5001d57@group-D9EAED504055-FollowerState
2023-12-05 10:04:55,135 [grpc-default-executor-1] INFO  impl.VoteContext (VoteContext.java:log(49)) - 1875ca78-02f9-46a2-aa62-0847e90c9d54@group-D9EAED504055-FOLLOWER: accept PRE_VOTE from 86e7a8c2-7a3b-42b5-8c24-f179534e156f: our priority 0 <= candidate's priority 0
2023-12-05 10:04:55,135 [grpc-default-executor-1] INFO  server.RaftServer$Division (RaftServerImpl.java:requestVote(1410)) - 1875ca78-02f9-46a2-aa62-0847e90c9d54@group-D9EAED504055 replies to PRE_VOTE vote request: 86e7a8c2-7a3b-42b5-8c24-f179534e156f<-1875ca78-02f9-46a2-aa62-0847e90c9d54#0:OK-t0. Peer's state: 1875ca78-02f9-46a2-aa62-0847e90c9d54@group-D9EAED504055:t0, leader=null, voted=, raftlog=Memoized:1875ca78-02f9-46a2-aa62-0847e90c9d54@group-D9EAED504055-SegmentedRaftLog:OPENED:c-1, conf=-1: peers:[a14db3af-fd8e-478e-855b-ef9cd5001d57|10.1.0.7:15067, 1875ca78-02f9-46a2-aa62-0847e90c9d54|10.1.0.7:15049, 86e7a8c2-7a3b-42b5-8c24-f179534e156f|10.1.0.7:15058]|listeners:[], old=null
2023-12-05 10:04:55,135 [a14db3af-fd8e-478e-855b-ef9cd5001d57@group-D9EAED504055-FollowerState] INFO  server.RaftServer$Division (RaftServerImpl.java:setRole(379)) - a14db3af-fd8e-478e-855b-ef9cd5001d57@group-D9EAED504055: changes role from  FOLLOWER to CANDIDATE at term 0 for changeToCandidate
2023-12-05 10:04:55,135 [a14db3af-fd8e-478e-855b-ef9cd5001d57@group-D9EAED504055-FollowerState] INFO  server.RaftServerConfigKeys (ConfUtils.java:logGet(46)) - raft.server.leaderelection.pre-vote = true (default)
2023-12-05 10:04:55,136 [a14db3af-fd8e-478e-855b-ef9cd5001d57@group-D9EAED504055-FollowerState] INFO  impl.RoleInfo (RoleInfo.java:updateAndGet(139)) - a14db3af-fd8e-478e-855b-ef9cd5001d57: start a14db3af-fd8e-478e-855b-ef9cd5001d57@group-D9EAED504055-LeaderElection9
2023-12-05 10:04:55,137 [a14db3af-fd8e-478e-855b-ef9cd5001d57@group-D9EAED504055-LeaderElection9] INFO  impl.LeaderElection (LeaderElection.java:askForVotes(323)) - a14db3af-fd8e-478e-855b-ef9cd5001d57@group-D9EAED504055-LeaderElection9 PRE_VOTE round 0: submit vote requests at term 0 for -1: peers:[a14db3af-fd8e-478e-855b-ef9cd5001d57|10.1.0.7:15067, 1875ca78-02f9-46a2-aa62-0847e90c9d54|10.1.0.7:15049, 86e7a8c2-7a3b-42b5-8c24-f179534e156f|10.1.0.7:15058]|listeners:[], old=null
2023-12-05 10:04:55,137 [86e7a8c2-7a3b-42b5-8c24-f179534e156f@group-D9EAED504055-LeaderElection8] INFO  impl.LeaderElection (LeaderElection.java:logAndReturn(89)) - 86e7a8c2-7a3b-42b5-8c24-f179534e156f@group-D9EAED504055-LeaderElection8: PRE_VOTE REJECTED received 1 response(s) and 0 exception(s):
2023-12-05 10:04:55,138 [86e7a8c2-7a3b-42b5-8c24-f179534e156f@group-D9EAED504055-LeaderElection8] INFO  impl.LeaderElection (LeaderElection.java:logAndReturn(93)) -   Response 0: 86e7a8c2-7a3b-42b5-8c24-f179534e156f<-a14db3af-fd8e-478e-855b-ef9cd5001d57#0:FAIL-t0
2023-12-05 10:04:55,138 [86e7a8c2-7a3b-42b5-8c24-f179534e156f@group-D9EAED504055-LeaderElection8] INFO  impl.LeaderElection (LeaderElection.java:askForVotes(325)) - 86e7a8c2-7a3b-42b5-8c24-f179534e156f@group-D9EAED504055-LeaderElection8 PRE_VOTE round 0: result REJECTED
2023-12-05 10:04:55,138 [86e7a8c2-7a3b-42b5-8c24-f179534e156f@group-D9EAED504055-LeaderElection8] INFO  server.RaftServer$Division (RaftServerImpl.java:setRole(379)) - 86e7a8c2-7a3b-42b5-8c24-f179534e156f@group-D9EAED504055: changes role from CANDIDATE to FOLLOWER at term 0 for REJECTED
2023-12-05 10:04:55,138 [a14db3af-fd8e-478e-855b-ef9cd5001d57@group-D9EAED504055-LeaderElection9] INFO  server.RaftServerConfigKeys (ConfUtils.java:logFallback(53)) - raft.server.rpc.first-election.timeout.min = 5s (fallback to raft.server.rpc.timeout.min)
2023-12-05 10:04:55,138 [a14db3af-fd8e-478e-855b-ef9cd5001d57@group-D9EAED504055-LeaderElection9] INFO  server.RaftServerConfigKeys (ConfUtils.java:logFallback(53)) - raft.server.rpc.first-election.timeout.max = 5200ms (fallback to raft.server.rpc.timeout.max)
2023-12-05 10:04:55,138 [a14db3af-fd8e-478e-855b-ef9cd5001d57@group-D9EAED504055-LeaderElection9-1] INFO  server.GrpcServerProtocolClient (GrpcServerProtocolClient.java:<init>(65)) - Build channel for 1875ca78-02f9-46a2-aa62-0847e90c9d54
2023-12-05 10:04:55,138 [86e7a8c2-7a3b-42b5-8c24-f179534e156f@group-D9EAED504055-LeaderElection8] INFO  impl.RoleInfo (RoleInfo.java:shutdownLeaderElection(130)) - 86e7a8c2-7a3b-42b5-8c24-f179534e156f: shutdown 86e7a8c2-7a3b-42b5-8c24-f179534e156f@group-D9EAED504055-LeaderElection8
2023-12-05 10:04:55,138 [86e7a8c2-7a3b-42b5-8c24-f179534e156f@group-D9EAED504055-LeaderElection8] INFO  impl.RoleInfo (RoleInfo.java:updateAndGet(139)) - 86e7a8c2-7a3b-42b5-8c24-f179534e156f: start 86e7a8c2-7a3b-42b5-8c24-f179534e156f@group-D9EAED504055-FollowerState
2023-12-05 10:04:55,138 [a14db3af-fd8e-478e-855b-ef9cd5001d57@group-D9EAED504055-LeaderElection9-2] INFO  server.GrpcServerProtocolClient (GrpcServerProtocolClient.java:<init>(65)) - Build channel for 86e7a8c2-7a3b-42b5-8c24-f179534e156f
2023-12-05 10:04:55,140 [86e7a8c2-7a3b-42b5-8c24-f179534e156f@group-D9EAED504055-LeaderElection8] INFO  server.RaftServer$Division (RaftServerImpl.java:setFirstElection(564)) - 86e7a8c2-7a3b-42b5-8c24-f179534e156f@group-D9EAED504055: set firstElectionSinceStartup to false for REJECTED
2023-12-05 10:04:55,154 [grpc-default-executor-0] INFO  server.RaftServer$Division (RaftServerImpl.java:requestVote(1377)) - 1875ca78-02f9-46a2-aa62-0847e90c9d54@group-D9EAED504055: receive requestVote(PRE_VOTE, a14db3af-fd8e-478e-855b-ef9cd5001d57, group-D9EAED504055, 0, (t:0, i:0))
2023-12-05 10:04:55,154 [grpc-default-executor-0] INFO  impl.VoteContext (VoteContext.java:log(49)) - 1875ca78-02f9-46a2-aa62-0847e90c9d54@group-D9EAED504055-FOLLOWER: accept PRE_VOTE from a14db3af-fd8e-478e-855b-ef9cd5001d57: our priority 0 <= candidate's priority 1
2023-12-05 10:04:55,154 [grpc-default-executor-1] INFO  server.RaftServer$Division (RaftServerImpl.java:requestVote(1377)) - 86e7a8c2-7a3b-42b5-8c24-f179534e156f@group-D9EAED504055: receive requestVote(PRE_VOTE, a14db3af-fd8e-478e-855b-ef9cd5001d57, group-D9EAED504055, 0, (t:0, i:0))
2023-12-05 10:04:55,154 [grpc-default-executor-0] INFO  server.RaftServer$Division (RaftServerImpl.java:requestVote(1410)) - 1875ca78-02f9-46a2-aa62-0847e90c9d54@group-D9EAED504055 replies to PRE_VOTE vote request: a14db3af-fd8e-478e-855b-ef9cd5001d57<-1875ca78-02f9-46a2-aa62-0847e90c9d54#0:OK-t0. Peer's state: 1875ca78-02f9-46a2-aa62-0847e90c9d54@group-D9EAED504055:t0, leader=null, voted=, raftlog=Memoized:1875ca78-02f9-46a2-aa62-0847e90c9d54@group-D9EAED504055-SegmentedRaftLog:OPENED:c-1, conf=-1: peers:[a14db3af-fd8e-478e-855b-ef9cd5001d57|10.1.0.7:15067, 1875ca78-02f9-46a2-aa62-0847e90c9d54|10.1.0.7:15049, 86e7a8c2-7a3b-42b5-8c24-f179534e156f|10.1.0.7:15058]|listeners:[], old=null
2023-12-05 10:04:55,155 [grpc-default-executor-1] INFO  impl.VoteContext (VoteContext.java:log(49)) - 86e7a8c2-7a3b-42b5-8c24-f179534e156f@group-D9EAED504055-FOLLOWER: accept PRE_VOTE from a14db3af-fd8e-478e-855b-ef9cd5001d57: our priority 0 <= candidate's priority 1
2023-12-05 10:04:55,155 [grpc-default-executor-1] INFO  server.RaftServer$Division (RaftServerImpl.java:requestVote(1410)) - 86e7a8c2-7a3b-42b5-8c24-f179534e156f@group-D9EAED504055 replies to PRE_VOTE vote request: a14db3af-fd8e-478e-855b-ef9cd5001d57<-86e7a8c2-7a3b-42b5-8c24-f179534e156f#0:OK-t0. Peer's state: 86e7a8c2-7a3b-42b5-8c24-f179534e156f@group-D9EAED504055:t0, leader=null, voted=, raftlog=Memoized:86e7a8c2-7a3b-42b5-8c24-f179534e156f@group-D9EAED504055-SegmentedRaftLog:OPENED:c-1, conf=-1: peers:[a14db3af-fd8e-478e-855b-ef9cd5001d57|10.1.0.7:15067, 1875ca78-02f9-46a2-aa62-0847e90c9d54|10.1.0.7:15049, 86e7a8c2-7a3b-42b5-8c24-f179534e156f|10.1.0.7:15058]|listeners:[], old=null
2023-12-05 10:04:55,156 [a14db3af-fd8e-478e-855b-ef9cd5001d57@group-D9EAED504055-LeaderElection9] INFO  impl.LeaderElection (LeaderElection.java:logAndReturn(89)) - a14db3af-fd8e-478e-855b-ef9cd5001d57@group-D9EAED504055-LeaderElection9: PRE_VOTE PASSED received 1 response(s) and 0 exception(s):
2023-12-05 10:04:55,156 [a14db3af-fd8e-478e-855b-ef9cd5001d57@group-D9EAED504055-LeaderElection9] INFO  impl.LeaderElection (LeaderElection.java:logAndReturn(93)) -   Response 0: a14db3af-fd8e-478e-855b-ef9cd5001d57<-1875ca78-02f9-46a2-aa62-0847e90c9d54#0:OK-t0
2023-12-05 10:04:55,156 [a14db3af-fd8e-478e-855b-ef9cd5001d57@group-D9EAED504055-LeaderElection9] INFO  impl.LeaderElection (LeaderElection.java:askForVotes(325)) - a14db3af-fd8e-478e-855b-ef9cd5001d57@group-D9EAED504055-LeaderElection9 PRE_VOTE round 0: result PASSED
2023-12-05 10:04:55,158 [a14db3af-fd8e-478e-855b-ef9cd5001d57@group-D9EAED504055-LeaderElection9] INFO  impl.LeaderElection (LeaderElection.java:askForVotes(323)) - a14db3af-fd8e-478e-855b-ef9cd5001d57@group-D9EAED504055-LeaderElection9 ELECTION round 0: submit vote requests at term 1 for -1: peers:[a14db3af-fd8e-478e-855b-ef9cd5001d57|10.1.0.7:15067, 1875ca78-02f9-46a2-aa62-0847e90c9d54|10.1.0.7:15049, 86e7a8c2-7a3b-42b5-8c24-f179534e156f|10.1.0.7:15058]|listeners:[], old=null
2023-12-05 10:04:55,158 [a14db3af-fd8e-478e-855b-ef9cd5001d57@group-D9EAED504055-LeaderElection9] INFO  server.RaftServerConfigKeys (ConfUtils.java:logFallback(53)) - raft.server.rpc.first-election.timeout.min = 5s (fallback to raft.server.rpc.timeout.min)
2023-12-05 10:04:55,158 [a14db3af-fd8e-478e-855b-ef9cd5001d57@group-D9EAED504055-LeaderElection9] INFO  server.RaftServerConfigKeys (ConfUtils.java:logFallback(53)) - raft.server.rpc.first-election.timeout.max = 5200ms (fallback to raft.server.rpc.timeout.max)
2023-12-05 10:04:55,161 [grpc-default-executor-1] INFO  server.RaftServer$Division (RaftServerImpl.java:requestVote(1377)) - 1875ca78-02f9-46a2-aa62-0847e90c9d54@group-D9EAED504055: receive requestVote(ELECTION, a14db3af-fd8e-478e-855b-ef9cd5001d57, group-D9EAED504055, 1, (t:0, i:0))
2023-12-05 10:04:55,162 [grpc-default-executor-1] INFO  impl.VoteContext (VoteContext.java:log(49)) - 1875ca78-02f9-46a2-aa62-0847e90c9d54@group-D9EAED504055-FOLLOWER: accept ELECTION from a14db3af-fd8e-478e-855b-ef9cd5001d57: our priority 0 <= candidate's priority 1
2023-12-05 10:04:55,162 [grpc-default-executor-1] INFO  server.RaftServer$Division (RaftServerImpl.java:setRole(379)) - 1875ca78-02f9-46a2-aa62-0847e90c9d54@group-D9EAED504055: changes role from  FOLLOWER to FOLLOWER at term 1 for candidate:a14db3af-fd8e-478e-855b-ef9cd5001d57
2023-12-05 10:04:55,162 [grpc-default-executor-1] INFO  impl.RoleInfo (RoleInfo.java:shutdownFollowerState(110)) - 1875ca78-02f9-46a2-aa62-0847e90c9d54: shutdown 1875ca78-02f9-46a2-aa62-0847e90c9d54@group-D9EAED504055-FollowerState
2023-12-05 10:04:55,162 [grpc-default-executor-1] INFO  impl.RoleInfo (RoleInfo.java:updateAndGet(139)) - 1875ca78-02f9-46a2-aa62-0847e90c9d54: start 1875ca78-02f9-46a2-aa62-0847e90c9d54@group-D9EAED504055-FollowerState
2023-12-05 10:04:55,162 [1875ca78-02f9-46a2-aa62-0847e90c9d54@group-D9EAED504055-FollowerState] INFO  impl.FollowerState (FollowerState.java:run(152)) - 1875ca78-02f9-46a2-aa62-0847e90c9d54@group-D9EAED504055-FollowerState was interrupted
2023-12-05 10:04:55,162 [grpc-default-executor-1] INFO  server.RaftServer$Division (RaftServerImpl.java:setFirstElection(564)) - 1875ca78-02f9-46a2-aa62-0847e90c9d54@group-D9EAED504055: set firstElectionSinceStartup to false for candidate:a14db3af-fd8e-478e-855b-ef9cd5001d57
2023-12-05 10:04:55,169 [grpc-default-executor-1] INFO  server.RaftServer$Division (RaftServerImpl.java:requestVote(1410)) - 1875ca78-02f9-46a2-aa62-0847e90c9d54@group-D9EAED504055 replies to ELECTION vote request: a14db3af-fd8e-478e-855b-ef9cd5001d57<-1875ca78-02f9-46a2-aa62-0847e90c9d54#0:OK-t1. Peer's state: 1875ca78-02f9-46a2-aa62-0847e90c9d54@group-D9EAED504055:t1, leader=null, voted=a14db3af-fd8e-478e-855b-ef9cd5001d57, raftlog=Memoized:1875ca78-02f9-46a2-aa62-0847e90c9d54@group-D9EAED504055-SegmentedRaftLog:OPENED:c-1, conf=-1: peers:[a14db3af-fd8e-478e-855b-ef9cd5001d57|10.1.0.7:15067, 1875ca78-02f9-46a2-aa62-0847e90c9d54|10.1.0.7:15049, 86e7a8c2-7a3b-42b5-8c24-f179534e156f|10.1.0.7:15058]|listeners:[], old=null
2023-12-05 10:04:55,169 [grpc-default-executor-0] INFO  server.RaftServer$Division (RaftServerImpl.java:requestVote(1377)) - 86e7a8c2-7a3b-42b5-8c24-f179534e156f@group-D9EAED504055: receive requestVote(ELECTION, a14db3af-fd8e-478e-855b-ef9cd5001d57, group-D9EAED504055, 1, (t:0, i:0))
2023-12-05 10:04:55,169 [grpc-default-executor-0] INFO  impl.VoteContext (VoteContext.java:log(49)) - 86e7a8c2-7a3b-42b5-8c24-f179534e156f@group-D9EAED504055-FOLLOWER: accept ELECTION from a14db3af-fd8e-478e-855b-ef9cd5001d57: our priority 0 <= candidate's priority 1
2023-12-05 10:04:55,169 [grpc-default-executor-0] INFO  server.RaftServer$Division (RaftServerImpl.java:setRole(379)) - 86e7a8c2-7a3b-42b5-8c24-f179534e156f@group-D9EAED504055: changes role from  FOLLOWER to FOLLOWER at term 1 for candidate:a14db3af-fd8e-478e-855b-ef9cd5001d57
2023-12-05 10:04:55,169 [grpc-default-executor-0] INFO  impl.RoleInfo (RoleInfo.java:shutdownFollowerState(110)) - 86e7a8c2-7a3b-42b5-8c24-f179534e156f: shutdown 86e7a8c2-7a3b-42b5-8c24-f179534e156f@group-D9EAED504055-FollowerState
2023-12-05 10:04:55,169 [grpc-default-executor-0] INFO  impl.RoleInfo (RoleInfo.java:updateAndGet(139)) - 86e7a8c2-7a3b-42b5-8c24-f179534e156f: start 86e7a8c2-7a3b-42b5-8c24-f179534e156f@group-D9EAED504055-FollowerState
2023-12-05 10:04:55,169 [86e7a8c2-7a3b-42b5-8c24-f179534e156f@group-D9EAED504055-FollowerState] INFO  impl.FollowerState (FollowerState.java:run(152)) - 86e7a8c2-7a3b-42b5-8c24-f179534e156f@group-D9EAED504055-FollowerState was interrupted
2023-12-05 10:04:55,171 [grpc-default-executor-0] INFO  server.RaftServer$Division (RaftServerImpl.java:requestVote(1410)) - 86e7a8c2-7a3b-42b5-8c24-f179534e156f@group-D9EAED504055 replies to ELECTION vote request: a14db3af-fd8e-478e-855b-ef9cd5001d57<-86e7a8c2-7a3b-42b5-8c24-f179534e156f#0:OK-t1. Peer's state: 86e7a8c2-7a3b-42b5-8c24-f179534e156f@group-D9EAED504055:t1, leader=null, voted=a14db3af-fd8e-478e-855b-ef9cd5001d57, raftlog=Memoized:86e7a8c2-7a3b-42b5-8c24-f179534e156f@group-D9EAED504055-SegmentedRaftLog:OPENED:c-1, conf=-1: peers:[a14db3af-fd8e-478e-855b-ef9cd5001d57|10.1.0.7:15067, 1875ca78-02f9-46a2-aa62-0847e90c9d54|10.1.0.7:15049, 86e7a8c2-7a3b-42b5-8c24-f179534e156f|10.1.0.7:15058]|listeners:[], old=null
2023-12-05 10:04:55,172 [a14db3af-fd8e-478e-855b-ef9cd5001d57@group-D9EAED504055-LeaderElection9] INFO  impl.LeaderElection (LeaderElection.java:logAndReturn(89)) - a14db3af-fd8e-478e-855b-ef9cd5001d57@group-D9EAED504055-LeaderElection9: ELECTION PASSED received 1 response(s) and 0 exception(s):
2023-12-05 10:04:55,172 [a14db3af-fd8e-478e-855b-ef9cd5001d57@group-D9EAED504055-LeaderElection9] INFO  impl.LeaderElection (LeaderElection.java:logAndReturn(93)) -   Response 0: a14db3af-fd8e-478e-855b-ef9cd5001d57<-1875ca78-02f9-46a2-aa62-0847e90c9d54#0:OK-t1
2023-12-05 10:04:55,172 [a14db3af-fd8e-478e-855b-ef9cd5001d57@group-D9EAED504055-LeaderElection9] INFO  impl.LeaderElection (LeaderElection.java:askForVotes(325)) - a14db3af-fd8e-478e-855b-ef9cd5001d57@group-D9EAED504055-LeaderElection9 ELECTION round 0: result PASSED
2023-12-05 10:04:55,172 [a14db3af-fd8e-478e-855b-ef9cd5001d57@group-D9EAED504055-LeaderElection9] INFO  impl.RoleInfo (RoleInfo.java:shutdownLeaderElection(130)) - a14db3af-fd8e-478e-855b-ef9cd5001d57: shutdown a14db3af-fd8e-478e-855b-ef9cd5001d57@group-D9EAED504055-LeaderElection9
2023-12-05 10:04:55,172 [a14db3af-fd8e-478e-855b-ef9cd5001d57@group-D9EAED504055-LeaderElection9] INFO  server.RaftServer$Division (RaftServerImpl.java:setRole(379)) - a14db3af-fd8e-478e-855b-ef9cd5001d57@group-D9EAED504055: changes role from CANDIDATE to LEADER at term 1 for changeToLeader
2023-12-05 10:04:55,172 [a14db3af-fd8e-478e-855b-ef9cd5001d57@group-D9EAED504055-LeaderElection9] INFO  server.RaftServerConfigKeys (ConfUtils.java:logGet(46)) - raft.server.staging.catchup.gap = 1000 (default)
2023-12-05 10:04:55,174 [a14db3af-fd8e-478e-855b-ef9cd5001d57@group-D9EAED504055-LeaderElection9] INFO  server.RaftServerConfigKeys (ConfUtils.java:logGet(46)) - raft.server.write.element-limit = 1024 (custom)
2023-12-05 10:04:55,174 [a14db3af-fd8e-478e-855b-ef9cd5001d57@group-D9EAED504055-LeaderElection9] INFO  server.RaftServerConfigKeys (ConfUtils.java:logGet(46)) - raft.server.write.byte-limit = 1024 M (=1073741824) (custom)
2023-12-05 10:04:55,174 [a14db3af-fd8e-478e-855b-ef9cd5001d57@group-D9EAED504055-LeaderElection9] INFO  server.RaftServerConfigKeys (ConfUtils.java:logGet(46)) - raft.server.watch.timeout = 180s (custom)
2023-12-05 10:04:55,174 [a14db3af-fd8e-478e-855b-ef9cd5001d57@group-D9EAED504055-LeaderElection9] INFO  server.RaftServerConfigKeys (ConfUtils.java:logGet(46)) - raft.server.watch.timeout.denomination = 1s (default)
2023-12-05 10:04:55,174 [a14db3af-fd8e-478e-855b-ef9cd5001d57@group-D9EAED504055-LeaderElection9] INFO  server.RaftServerConfigKeys (ConfUtils.java:logGet(46)) - raft.server.watch.element-limit = 65536 (default)
2023-12-05 10:04:55,174 [a14db3af-fd8e-478e-855b-ef9cd5001d57@group-D9EAED504055-LeaderElection9] INFO  server.RaftServerConfigKeys (ConfUtils.java:logGet(46)) - raft.server.read.leader.lease.enabled = false (default)
2023-12-05 10:04:55,175 [a14db3af-fd8e-478e-855b-ef9cd5001d57@group-D9EAED504055-LeaderElection9] INFO  server.RaftServerConfigKeys (ConfUtils.java:logGet(46)) - raft.server.read.leader.lease.timeout.ratio = 0.9 (default)
2023-12-05 10:04:55,175 [a14db3af-fd8e-478e-855b-ef9cd5001d57@group-D9EAED504055-LeaderElection9] INFO  server.RaftServerConfigKeys (ConfUtils.java:logGet(46)) - raft.server.rpc.timeout.min = 5s (custom)
2023-12-05 10:04:55,175 [a14db3af-fd8e-478e-855b-ef9cd5001d57@group-D9EAED504055-LeaderElection9] INFO  server.RaftServerConfigKeys (ConfUtils.java:logGet(46)) - raft.server.write.element-limit = 1024 (custom)
2023-12-05 10:04:55,175 [a14db3af-fd8e-478e-855b-ef9cd5001d57@group-D9EAED504055-LeaderElection9] INFO  server.RaftServerConfigKeys (ConfUtils.java:logGet(46)) - raft.server.write.follower.gap.ratio.max = -1.0 (default)
2023-12-05 10:04:55,175 [a14db3af-fd8e-478e-855b-ef9cd5001d57@group-D9EAED504055-LeaderElection9] INFO  server.RaftServerConfigKeys (ConfUtils.java:logGet(46)) - raft.server.log.appender.snapshot.chunk.size.max = 16MB (=16777216) (default)
2023-12-05 10:04:55,175 [a14db3af-fd8e-478e-855b-ef9cd5001d57@group-D9EAED504055-LeaderElection9] INFO  server.RaftServerConfigKeys (ConfUtils.java:logGet(46)) - raft.server.log.appender.buffer.byte-limit = 8388608 (custom)
2023-12-05 10:04:55,175 [a14db3af-fd8e-478e-855b-ef9cd5001d57@group-D9EAED504055-LeaderElection9] INFO  server.RaftServerConfigKeys (ConfUtils.java:logGet(46)) - raft.server.log.appender.buffer.element-limit = 1 (custom)
2023-12-05 10:04:55,175 [a14db3af-fd8e-478e-855b-ef9cd5001d57@group-D9EAED504055-LeaderElection9] INFO  server.RaftServerConfigKeys (ConfUtils.java:logGet(46)) - raft.server.log.appender.wait-time.min = 0μs (custom)
2023-12-05 10:04:55,175 [a14db3af-fd8e-478e-855b-ef9cd5001d57@group-D9EAED504055-LeaderElection9] INFO  grpc.GrpcConfigKeys (ConfUtils.java:logGet(46)) - raft.grpc.server.leader.outstanding.appends.max = 8 (default)
2023-12-05 10:04:55,176 [a14db3af-fd8e-478e-855b-ef9cd5001d57@group-D9EAED504055-LeaderElection9] INFO  server.RaftServerConfigKeys (ConfUtils.java:logGet(46)) - raft.server.rpc.request.timeout = 60s (custom)
2023-12-05 10:04:55,176 [a14db3af-fd8e-478e-855b-ef9cd5001d57@group-D9EAED504055-LeaderElection9] INFO  grpc.GrpcConfigKeys (ConfUtils.java:logGet(46)) - raft.grpc.server.install_snapshot.request.element-limit = 8 (default)
2023-12-05 10:04:55,176 [a14db3af-fd8e-478e-855b-ef9cd5001d57@group-D9EAED504055-LeaderElection9] INFO  grpc.GrpcConfigKeys (ConfUtils.java:logGet(46)) - raft.grpc.server.install_snapshot.request.timeout = 3000ms (default)
2023-12-05 10:04:55,176 [a14db3af-fd8e-478e-855b-ef9cd5001d57@group-D9EAED504055-LeaderElection9] INFO  server.RaftServerConfigKeys (ConfUtils.java:logGet(46)) - raft.server.log.appender.install.snapshot.enabled = false (custom)
2023-12-05 10:04:55,176 [a14db3af-fd8e-478e-855b-ef9cd5001d57@group-D9EAED504055-LeaderElection9] INFO  grpc.GrpcConfigKeys (ConfUtils.java:logGet(46)) - raft.grpc.server.heartbeat.channel = true (default)
2023-12-05 10:04:55,176 [a14db3af-fd8e-478e-855b-ef9cd5001d57@group-D9EAED504055-LeaderElection9] INFO  server.RaftServerConfigKeys (ConfUtils.java:logGet(46)) - raft.server.log.appender.snapshot.chunk.size.max = 16MB (=16777216) (default)
2023-12-05 10:04:55,177 [a14db3af-fd8e-478e-855b-ef9cd5001d57@group-D9EAED504055-LeaderElection9] INFO  server.RaftServerConfigKeys (ConfUtils.java:logGet(46)) - raft.server.log.appender.buffer.byte-limit = 8388608 (custom)
2023-12-05 10:04:55,177 [a14db3af-fd8e-478e-855b-ef9cd5001d57@group-D9EAED504055-LeaderElection9] INFO  server.RaftServerConfigKeys (ConfUtils.java:logGet(46)) - raft.server.log.appender.buffer.element-limit = 1 (custom)
2023-12-05 10:04:55,177 [a14db3af-fd8e-478e-855b-ef9cd5001d57@group-D9EAED504055-LeaderElection9] INFO  server.RaftServerConfigKeys (ConfUtils.java:logGet(46)) - raft.server.log.appender.wait-time.min = 0μs (custom)
2023-12-05 10:04:55,177 [a14db3af-fd8e-478e-855b-ef9cd5001d57@group-D9EAED504055-LeaderElection9] INFO  grpc.GrpcConfigKeys (ConfUtils.java:logGet(46)) - raft.grpc.server.leader.outstanding.appends.max = 8 (default)
2023-12-05 10:04:55,177 [a14db3af-fd8e-478e-855b-ef9cd5001d57@group-D9EAED504055-LeaderElection9] INFO  server.RaftServerConfigKeys (ConfUtils.java:logGet(46)) - raft.server.rpc.request.timeout = 60s (custom)
2023-12-05 10:04:55,177 [a14db3af-fd8e-478e-855b-ef9cd5001d57@group-D9EAED504055-LeaderElection9] INFO  grpc.GrpcConfigKeys (ConfUtils.java:logGet(46)) - raft.grpc.server.install_snapshot.request.element-limit = 8 (default)
2023-12-05 10:04:55,177 [a14db3af-fd8e-478e-855b-ef9cd5001d57@group-D9EAED504055-LeaderElection9] INFO  grpc.GrpcConfigKeys (ConfUtils.java:logGet(46)) - raft.grpc.server.install_snapshot.request.timeout = 3000ms (default)
2023-12-05 10:04:55,177 [a14db3af-fd8e-478e-855b-ef9cd5001d57@group-D9EAED504055-LeaderElection9] INFO  server.RaftServerConfigKeys (ConfUtils.java:logGet(46)) - raft.server.log.appender.install.snapshot.enabled = false (custom)
2023-12-05 10:04:55,177 [a14db3af-fd8e-478e-855b-ef9cd5001d57@group-D9EAED504055-LeaderElection9] INFO  grpc.GrpcConfigKeys (ConfUtils.java:logGet(46)) - raft.grpc.server.heartbeat.channel = true (default)
2023-12-05 10:04:55,177 [a14db3af-fd8e-478e-855b-ef9cd5001d57@group-D9EAED504055-LeaderElection9] INFO  impl.RoleInfo (RoleInfo.java:updateAndGet(139)) - a14db3af-fd8e-478e-855b-ef9cd5001d57: start a14db3af-fd8e-478e-855b-ef9cd5001d57@group-D9EAED504055-LeaderStateImpl
2023-12-05 10:04:55,177 [a14db3af-fd8e-478e-855b-ef9cd5001d57@group-D9EAED504055-LeaderElection9] INFO  server.RaftServer$Division (RaftServerImpl.java:setFirstElection(564)) - a14db3af-fd8e-478e-855b-ef9cd5001d57@group-D9EAED504055: set firstElectionSinceStartup to false for becomeLeader
2023-12-05 10:04:55,177 [a14db3af-fd8e-478e-855b-ef9cd5001d57@group-D9EAED504055-LeaderElection9] INFO  ratis.XceiverServerRatis (XceiverServerRatis.java:handleLeaderChangedNotification(935)) - Leader change notification received for group: group-D9EAED504055 with new leaderId: a14db3af-fd8e-478e-855b-ef9cd5001d57
2023-12-05 10:04:55,178 [a14db3af-fd8e-478e-855b-ef9cd5001d57@group-D9EAED504055-LeaderElection9] INFO  server.RaftServer$Division (ServerState.java:setLeader(265)) - a14db3af-fd8e-478e-855b-ef9cd5001d57@group-D9EAED504055: change Leader from null to a14db3af-fd8e-478e-855b-ef9cd5001d57 at term 1 for becomeLeader, leader elected after 5151ms
2023-12-05 10:04:55,178 [a14db3af-fd8e-478e-855b-ef9cd5001d57@group-D9EAED504055-LeaderElection9] INFO  segmented.SegmentedRaftLogWorker (SegmentedRaftLogWorker.java:startLogSegment(428)) - a14db3af-fd8e-478e-855b-ef9cd5001d57@group-D9EAED504055-SegmentedRaftLogWorker: Starting segment from index:0
2023-12-05 10:04:55,180 [EventQueue-PipelineReportForPipelineReportHandler] INFO  pipeline.PipelineReportHandler (PipelineReportHandler.java:processPipelineReport(136)) - Opened pipeline PipelineID=c9cb7086-f10a-4ac0-8c50-d9eaed504055
2023-12-05 10:04:55,180 [a14db3af-fd8e-478e-855b-ef9cd5001d57@group-D9EAED504055-LeaderElection9] INFO  server.RaftServer$Division (ServerState.java:setRaftConf(382)) - a14db3af-fd8e-478e-855b-ef9cd5001d57@group-D9EAED504055: set configuration 0: peers:[a14db3af-fd8e-478e-855b-ef9cd5001d57|10.1.0.7:15067, 1875ca78-02f9-46a2-aa62-0847e90c9d54|10.1.0.7:15049, 86e7a8c2-7a3b-42b5-8c24-f179534e156f|10.1.0.7:15058]|listeners:[], old=null
2023-12-05 10:04:55,181 [EventQueue-OpenPipelineForHealthyPipelineSafeModeRule] INFO  safemode.SCMSafeModeManager (HealthyPipelineSafeModeRule.java:process(137)) - SCM in safe mode. Healthy pipelines reported count is 1, required healthy pipeline reported count is 1
2023-12-05 10:04:55,182 [EventQueue-OpenPipelineForHealthyPipelineSafeModeRule] INFO  safemode.SCMSafeModeManager (SCMSafeModeManager.java:validateSafeModeExitRules(200)) - HealthyPipelineSafeModeRule rule is successfully validated
2023-12-05 10:04:55,182 [EventQueue-OpenPipelineForHealthyPipelineSafeModeRule] INFO  safemode.SCMSafeModeManager (SCMSafeModeManager.java:validateSafeModeExitRules(215)) - ScmSafeModeManager, all rules are successfully validated
2023-12-05 10:04:55,182 [EventQueue-OpenPipelineForHealthyPipelineSafeModeRule] INFO  safemode.SCMSafeModeManager (SCMSafeModeManager.java:exitSafeMode(244)) - SCM exiting safe mode.
2023-12-05 10:04:55,182 [EventQueue-OpenPipelineForHealthyPipelineSafeModeRule] INFO  ha.SCMContext (SCMContext.java:updateSafeModeStatus(230)) - Update SafeModeStatus from SafeModeStatus{safeModeStatus=true, preCheckPassed=true} to SafeModeStatus{safeModeStatus=false, preCheckPassed=true}.
2023-12-05 10:04:55,182 [EventQueue-OpenPipelineForHealthyPipelineSafeModeRule] INFO  pipeline.BackgroundPipelineCreator (BackgroundPipelineCreator.java:notifyStatusChanged(258)) - Service BackgroundPipelineCreator transitions to RUNNING.
2023-12-05 10:04:55,182 [EventQueue-OpenPipelineForHealthyPipelineSafeModeRule] INFO  BackgroundPipelineScrubber (BackgroundSCMService.java:notifyStatusChanged(82)) - Service BackgroundPipelineScrubber transitions to RUNNING.
2023-12-05 10:04:55,182 [EventQueue-OpenPipelineForHealthyPipelineSafeModeRule] INFO  ExpiredContainerReplicaOpScrubber (BackgroundSCMService.java:notifyStatusChanged(82)) - Service ExpiredContainerReplicaOpScrubber transitions to RUNNING.
2023-12-05 10:04:55,182 [EventQueue-OpenPipelineForHealthyPipelineSafeModeRule] INFO  replication.ReplicationManager (ReplicationManager.java:notifyStatusChanged(1399)) - Service ReplicationManager transitions to RUNNING.
2023-12-05 10:04:55,182 [EventQueue-OpenPipelineForHealthyPipelineSafeModeRule] WARN  balancer.ContainerBalancer (ContainerBalancer.java:shouldRun(134)) - Could not find persisted configuration for ContainerBalancer when checking if ContainerBalancer should run. ContainerBalancer should not run now.
2023-12-05 10:04:55,185 [a14db3af-fd8e-478e-855b-ef9cd5001d57@group-D9EAED504055-SegmentedRaftLogWorker] INFO  segmented.SegmentedRaftLogWorker (SegmentedRaftLogWorker.java:execute(632)) - a14db3af-fd8e-478e-855b-ef9cd5001d57@group-D9EAED504055-SegmentedRaftLogWorker: created new log segment /home/runner/work/ozone/ozone/hadoop-ozone/integration-test/target/test-dir/MiniOzoneClusterImpl-1950aa9b-5d8b-4a5d-a98b-a91d287d75ff/datanode-2/data/ratis/c9cb7086-f10a-4ac0-8c50-d9eaed504055/current/log_inprogress_0
2023-12-05 10:04:55,190 [1875ca78-02f9-46a2-aa62-0847e90c9d54-server-thread1] INFO  ratis.XceiverServerRatis (XceiverServerRatis.java:handleLeaderChangedNotification(935)) - Leader change notification received for group: group-D9EAED504055 with new leaderId: a14db3af-fd8e-478e-855b-ef9cd5001d57
2023-12-05 10:04:55,190 [1875ca78-02f9-46a2-aa62-0847e90c9d54-server-thread1] INFO  server.RaftServer$Division (ServerState.java:setLeader(265)) - 1875ca78-02f9-46a2-aa62-0847e90c9d54@group-D9EAED504055: change Leader from null to a14db3af-fd8e-478e-855b-ef9cd5001d57 at term 1 for appendEntries, leader elected after 5192ms
2023-12-05 10:04:55,194 [1875ca78-02f9-46a2-aa62-0847e90c9d54-server-thread2] INFO  server.RaftServer$Division (ServerState.java:setRaftConf(382)) - 1875ca78-02f9-46a2-aa62-0847e90c9d54@group-D9EAED504055: set configuration 0: peers:[a14db3af-fd8e-478e-855b-ef9cd5001d57|10.1.0.7:15067, 1875ca78-02f9-46a2-aa62-0847e90c9d54|10.1.0.7:15049, 86e7a8c2-7a3b-42b5-8c24-f179534e156f|10.1.0.7:15058]|listeners:[], old=null
2023-12-05 10:04:55,195 [1875ca78-02f9-46a2-aa62-0847e90c9d54-server-thread2] INFO  segmented.SegmentedRaftLogWorker (SegmentedRaftLogWorker.java:startLogSegment(428)) - 1875ca78-02f9-46a2-aa62-0847e90c9d54@group-D9EAED504055-SegmentedRaftLogWorker: Starting segment from index:0
2023-12-05 10:04:55,197 [86e7a8c2-7a3b-42b5-8c24-f179534e156f-server-thread1] INFO  ratis.XceiverServerRatis (XceiverServerRatis.java:handleLeaderChangedNotification(935)) - Leader change notification received for group: group-D9EAED504055 with new leaderId: a14db3af-fd8e-478e-855b-ef9cd5001d57
2023-12-05 10:04:55,197 [86e7a8c2-7a3b-42b5-8c24-f179534e156f-server-thread1] INFO  server.RaftServer$Division (ServerState.java:setLeader(265)) - 86e7a8c2-7a3b-42b5-8c24-f179534e156f@group-D9EAED504055: change Leader from null to a14db3af-fd8e-478e-855b-ef9cd5001d57 at term 1 for appendEntries, leader elected after 5111ms
2023-12-05 10:04:55,200 [86e7a8c2-7a3b-42b5-8c24-f179534e156f-server-thread2] INFO  server.RaftServer$Division (ServerState.java:setRaftConf(382)) - 86e7a8c2-7a3b-42b5-8c24-f179534e156f@group-D9EAED504055: set configuration 0: peers:[a14db3af-fd8e-478e-855b-ef9cd5001d57|10.1.0.7:15067, 1875ca78-02f9-46a2-aa62-0847e90c9d54|10.1.0.7:15049, 86e7a8c2-7a3b-42b5-8c24-f179534e156f|10.1.0.7:15058]|listeners:[], old=null
2023-12-05 10:04:55,200 [86e7a8c2-7a3b-42b5-8c24-f179534e156f-server-thread2] INFO  segmented.SegmentedRaftLogWorker (SegmentedRaftLogWorker.java:startLogSegment(428)) - 86e7a8c2-7a3b-42b5-8c24-f179534e156f@group-D9EAED504055-SegmentedRaftLogWorker: Starting segment from index:0
2023-12-05 10:04:55,202 [1875ca78-02f9-46a2-aa62-0847e90c9d54@group-D9EAED504055-SegmentedRaftLogWorker] INFO  segmented.SegmentedRaftLogWorker (SegmentedRaftLogWorker.java:execute(632)) - 1875ca78-02f9-46a2-aa62-0847e90c9d54@group-D9EAED504055-SegmentedRaftLogWorker: created new log segment /home/runner/work/ozone/ozone/hadoop-ozone/integration-test/target/test-dir/MiniOzoneClusterImpl-1950aa9b-5d8b-4a5d-a98b-a91d287d75ff/datanode-0/data/ratis/c9cb7086-f10a-4ac0-8c50-d9eaed504055/current/log_inprogress_0
2023-12-05 10:04:55,204 [a14db3af-fd8e-478e-855b-ef9cd5001d57@group-D9EAED504055-StateMachineUpdater] INFO  server.RaftServer$Division (LeaderStateImpl.java:isApplied(316)) - leader is ready since appliedIndex == 0 >= startIndex == 0
2023-12-05 10:04:55,214 [86e7a8c2-7a3b-42b5-8c24-f179534e156f@group-D9EAED504055-SegmentedRaftLogWorker] INFO  segmented.SegmentedRaftLogWorker (SegmentedRaftLogWorker.java:execute(632)) - 86e7a8c2-7a3b-42b5-8c24-f179534e156f@group-D9EAED504055-SegmentedRaftLogWorker: created new log segment /home/runner/work/ozone/ozone/hadoop-ozone/integration-test/target/test-dir/MiniOzoneClusterImpl-1950aa9b-5d8b-4a5d-a98b-a91d287d75ff/datanode-1/data/ratis/c9cb7086-f10a-4ac0-8c50-d9eaed504055/current/log_inprogress_0
2023-12-05 10:04:55,232 [86e7a8c2-7a3b-42b5-8c24-f179534e156f@group-B0DE288270A6-FollowerState] INFO  impl.FollowerState (FollowerState.java:run(143)) - 86e7a8c2-7a3b-42b5-8c24-f179534e156f@group-B0DE288270A6-FollowerState: change to CANDIDATE, lastRpcElapsedTime:5060301426ns, electionTimeout:5059ms
2023-12-05 10:04:55,232 [86e7a8c2-7a3b-42b5-8c24-f179534e156f@group-B0DE288270A6-FollowerState] INFO  impl.RoleInfo (RoleInfo.java:shutdownFollowerState(110)) - 86e7a8c2-7a3b-42b5-8c24-f179534e156f: shutdown 86e7a8c2-7a3b-42b5-8c24-f179534e156f@group-B0DE288270A6-FollowerState
2023-12-05 10:04:55,232 [86e7a8c2-7a3b-42b5-8c24-f179534e156f@group-B0DE288270A6-FollowerState] INFO  server.RaftServer$Division (RaftServerImpl.java:setRole(379)) - 86e7a8c2-7a3b-42b5-8c24-f179534e156f@group-B0DE288270A6: changes role from  FOLLOWER to CANDIDATE at term 0 for changeToCandidate
2023-12-05 10:04:55,232 [86e7a8c2-7a3b-42b5-8c24-f179534e156f@group-B0DE288270A6-FollowerState] INFO  server.RaftServerConfigKeys (ConfUtils.java:logGet(46)) - raft.server.leaderelection.pre-vote = true (default)
2023-12-05 10:04:55,232 [86e7a8c2-7a3b-42b5-8c24-f179534e156f@group-B0DE288270A6-FollowerState] INFO  impl.RoleInfo (RoleInfo.java:updateAndGet(139)) - 86e7a8c2-7a3b-42b5-8c24-f179534e156f: start 86e7a8c2-7a3b-42b5-8c24-f179534e156f@group-B0DE288270A6-LeaderElection10
2023-12-05 10:04:55,233 [86e7a8c2-7a3b-42b5-8c24-f179534e156f@group-B0DE288270A6-LeaderElection10] INFO  impl.LeaderElection (LeaderElection.java:askForVotes(323)) - 86e7a8c2-7a3b-42b5-8c24-f179534e156f@group-B0DE288270A6-LeaderElection10 PRE_VOTE round 0: submit vote requests at term 0 for -1: peers:[86e7a8c2-7a3b-42b5-8c24-f179534e156f|10.1.0.7:15058]|listeners:[], old=null
2023-12-05 10:04:55,233 [86e7a8c2-7a3b-42b5-8c24-f179534e156f@group-B0DE288270A6-LeaderElection10] INFO  impl.LeaderElection (LeaderElection.java:askForVotes(325)) - 86e7a8c2-7a3b-42b5-8c24-f179534e156f@group-B0DE288270A6-LeaderElection10 PRE_VOTE round 0: result PASSED (term=0)
2023-12-05 10:04:55,234 [86e7a8c2-7a3b-42b5-8c24-f179534e156f@group-B0DE288270A6-LeaderElection10] INFO  impl.LeaderElection (LeaderElection.java:askForVotes(323)) - 86e7a8c2-7a3b-42b5-8c24-f179534e156f@group-B0DE288270A6-LeaderElection10 ELECTION round 0: submit vote requests at term 1 for -1: peers:[86e7a8c2-7a3b-42b5-8c24-f179534e156f|10.1.0.7:15058]|listeners:[], old=null
2023-12-05 10:04:55,234 [86e7a8c2-7a3b-42b5-8c24-f179534e156f@group-B0DE288270A6-LeaderElection10] INFO  impl.LeaderElection (LeaderElection.java:askForVotes(325)) - 86e7a8c2-7a3b-42b5-8c24-f179534e156f@group-B0DE288270A6-LeaderElection10 ELECTION round 0: result PASSED (term=1)
2023-12-05 10:04:55,234 [86e7a8c2-7a3b-42b5-8c24-f179534e156f@group-B0DE288270A6-LeaderElection10] INFO  impl.RoleInfo (RoleInfo.java:shutdownLeaderElection(130)) - 86e7a8c2-7a3b-42b5-8c24-f179534e156f: shutdown 86e7a8c2-7a3b-42b5-8c24-f179534e156f@group-B0DE288270A6-LeaderElection10
2023-12-05 10:04:55,234 [86e7a8c2-7a3b-42b5-8c24-f179534e156f@group-B0DE288270A6-LeaderElection10] INFO  server.RaftServer$Division (RaftServerImpl.java:setRole(379)) - 86e7a8c2-7a3b-42b5-8c24-f179534e156f@group-B0DE288270A6: changes role from CANDIDATE to LEADER at term 1 for changeToLeader
2023-12-05 10:04:55,234 [86e7a8c2-7a3b-42b5-8c24-f179534e156f@group-B0DE288270A6-LeaderElection10] INFO  server.RaftServerConfigKeys (ConfUtils.java:logGet(46)) - raft.server.staging.catchup.gap = 1000 (default)
2023-12-05 10:04:55,234 [86e7a8c2-7a3b-42b5-8c24-f179534e156f@group-B0DE288270A6-LeaderElection10] INFO  server.RaftServerConfigKeys (ConfUtils.java:logGet(46)) - raft.server.write.element-limit = 1024 (custom)
2023-12-05 10:04:55,234 [86e7a8c2-7a3b-42b5-8c24-f179534e156f@group-B0DE288270A6-LeaderElection10] INFO  server.RaftServerConfigKeys (ConfUtils.java:logGet(46)) - raft.server.write.byte-limit = 1024 M (=1073741824) (custom)
2023-12-05 10:04:55,235 [86e7a8c2-7a3b-42b5-8c24-f179534e156f@group-B0DE288270A6-LeaderElection10] INFO  server.RaftServerConfigKeys (ConfUtils.java:logGet(46)) - raft.server.watch.timeout = 180s (custom)
2023-12-05 10:04:55,235 [86e7a8c2-7a3b-42b5-8c24-f179534e156f@group-B0DE288270A6-LeaderElection10] INFO  server.RaftServerConfigKeys (ConfUtils.java:logGet(46)) - raft.server.watch.timeout.denomination = 1s (default)
2023-12-05 10:04:55,235 [86e7a8c2-7a3b-42b5-8c24-f179534e156f@group-B0DE288270A6-LeaderElection10] INFO  server.RaftServerConfigKeys (ConfUtils.java:logGet(46)) - raft.server.watch.element-limit = 65536 (default)
2023-12-05 10:04:55,235 [86e7a8c2-7a3b-42b5-8c24-f179534e156f@group-B0DE288270A6-LeaderElection10] INFO  server.RaftServerConfigKeys (ConfUtils.java:logGet(46)) - raft.server.read.leader.lease.enabled = false (default)
2023-12-05 10:04:55,235 [86e7a8c2-7a3b-42b5-8c24-f179534e156f@group-B0DE288270A6-LeaderElection10] INFO  server.RaftServerConfigKeys (ConfUtils.java:logGet(46)) - raft.server.read.leader.lease.timeout.ratio = 0.9 (default)
2023-12-05 10:04:55,235 [86e7a8c2-7a3b-42b5-8c24-f179534e156f@group-B0DE288270A6-LeaderElection10] INFO  server.RaftServerConfigKeys (ConfUtils.java:logGet(46)) - raft.server.rpc.timeout.min = 5s (custom)
2023-12-05 10:04:55,235 [86e7a8c2-7a3b-42b5-8c24-f179534e156f@group-B0DE288270A6-LeaderElection10] INFO  server.RaftServerConfigKeys (ConfUtils.java:logGet(46)) - raft.server.write.element-limit = 1024 (custom)
2023-12-05 10:04:55,235 [86e7a8c2-7a3b-42b5-8c24-f179534e156f@group-B0DE288270A6-LeaderElection10] INFO  server.RaftServerConfigKeys (ConfUtils.java:logGet(46)) - raft.server.write.follower.gap.ratio.max = -1.0 (default)
2023-12-05 10:04:55,235 [86e7a8c2-7a3b-42b5-8c24-f179534e156f@group-B0DE288270A6-LeaderElection10] INFO  impl.RoleInfo (RoleInfo.java:updateAndGet(139)) - 86e7a8c2-7a3b-42b5-8c24-f179534e156f: start 86e7a8c2-7a3b-42b5-8c24-f179534e156f@group-B0DE288270A6-LeaderStateImpl
2023-12-05 10:04:55,235 [86e7a8c2-7a3b-42b5-8c24-f179534e156f@group-B0DE288270A6-LeaderElection10] INFO  server.RaftServer$Division (RaftServerImpl.java:setFirstElection(564)) - 86e7a8c2-7a3b-42b5-8c24-f179534e156f@group-B0DE288270A6: set firstElectionSinceStartup to false for becomeLeader
2023-12-05 10:04:55,235 [86e7a8c2-7a3b-42b5-8c24-f179534e156f@group-B0DE288270A6-LeaderElection10] INFO  ratis.XceiverServerRatis (XceiverServerRatis.java:handleLeaderChangedNotification(935)) - Leader change notification received for group: group-B0DE288270A6 with new leaderId: 86e7a8c2-7a3b-42b5-8c24-f179534e156f
2023-12-05 10:04:55,236 [86e7a8c2-7a3b-42b5-8c24-f179534e156f@group-B0DE288270A6-LeaderElection10] INFO  server.RaftServer$Division (ServerState.java:setLeader(265)) - 86e7a8c2-7a3b-42b5-8c24-f179534e156f@group-B0DE288270A6: change Leader from null to 86e7a8c2-7a3b-42b5-8c24-f179534e156f at term 1 for becomeLeader, leader elected after 5076ms
2023-12-05 10:04:55,236 [86e7a8c2-7a3b-42b5-8c24-f179534e156f@group-B0DE288270A6-LeaderElection10] INFO  segmented.SegmentedRaftLogWorker (SegmentedRaftLogWorker.java:startLogSegment(428)) - 86e7a8c2-7a3b-42b5-8c24-f179534e156f@group-B0DE288270A6-SegmentedRaftLogWorker: Starting segment from index:0
2023-12-05 10:04:55,236 [86e7a8c2-7a3b-42b5-8c24-f179534e156f@group-B0DE288270A6-LeaderElection10] INFO  server.RaftServer$Division (ServerState.java:setRaftConf(382)) - 86e7a8c2-7a3b-42b5-8c24-f179534e156f@group-B0DE288270A6: set configuration 0: peers:[86e7a8c2-7a3b-42b5-8c24-f179534e156f|10.1.0.7:15058]|listeners:[], old=null
2023-12-05 10:04:55,244 [86e7a8c2-7a3b-42b5-8c24-f179534e156f@group-B0DE288270A6-SegmentedRaftLogWorker] INFO  segmented.SegmentedRaftLogWorker (SegmentedRaftLogWorker.java:execute(632)) - 86e7a8c2-7a3b-42b5-8c24-f179534e156f@group-B0DE288270A6-SegmentedRaftLogWorker: created new log segment /home/runner/work/ozone/ozone/hadoop-ozone/integration-test/target/test-dir/MiniOzoneClusterImpl-1950aa9b-5d8b-4a5d-a98b-a91d287d75ff/datanode-1/data/ratis/6b47231b-94cd-4967-b099-b0de288270a6/current/log_inprogress_0
2023-12-05 10:04:55,245 [86e7a8c2-7a3b-42b5-8c24-f179534e156f@group-B0DE288270A6-StateMachineUpdater] INFO  server.RaftServer$Division (LeaderStateImpl.java:isApplied(316)) - leader is ready since appliedIndex == 0 >= startIndex == 0
2023-12-05 10:04:55,280 [main] INFO  ozone.MiniOzoneClusterImpl (MiniOzoneClusterImpl.java:lambda$waitForClusterToBeReady$0(229)) - Nodes are ready. Got 3 of 3 DN Heartbeats.
2023-12-05 10:04:55,280 [main] INFO  ozone.MiniOzoneClusterImpl (MiniOzoneClusterImpl.java:lambda$waitForClusterToBeReady$0(232)) - Cluster exits safe mode
2023-12-05 10:04:55,280 [main] INFO  ozone.MiniOzoneClusterImpl (MiniOzoneClusterImpl.java:lambda$waitForClusterToBeReady$0(234)) - SCM became leader
2023-12-05 10:04:55,283 [main] INFO  ha.SequenceIdGenerator (SequenceIdGenerator.java:getNextId(145)) - Allocate a batch for containerId, change lastId from 0 to 1000.
2023-12-05 10:04:55,303 [a14db3af-fd8e-478e-855b-ef9cd5001d57@group-B2574BE87882-FollowerState] INFO  impl.FollowerState (FollowerState.java:run(143)) - a14db3af-fd8e-478e-855b-ef9cd5001d57@group-B2574BE87882-FollowerState: change to CANDIDATE, lastRpcElapsedTime:5014503965ns, electionTimeout:5014ms
2023-12-05 10:04:55,304 [a14db3af-fd8e-478e-855b-ef9cd5001d57@group-B2574BE87882-FollowerState] INFO  impl.RoleInfo (RoleInfo.java:shutdownFollowerState(110)) - a14db3af-fd8e-478e-855b-ef9cd5001d57: shutdown a14db3af-fd8e-478e-855b-ef9cd5001d57@group-B2574BE87882-FollowerState
2023-12-05 10:04:55,304 [a14db3af-fd8e-478e-855b-ef9cd5001d57@group-B2574BE87882-FollowerState] INFO  server.RaftServer$Division (RaftServerImpl.java:setRole(379)) - a14db3af-fd8e-478e-855b-ef9cd5001d57@group-B2574BE87882: changes role from  FOLLOWER to CANDIDATE at term 0 for changeToCandidate
2023-12-05 10:04:55,304 [a14db3af-fd8e-478e-855b-ef9cd5001d57@group-B2574BE87882-FollowerState] INFO  server.RaftServerConfigKeys (ConfUtils.java:logGet(46)) - raft.server.leaderelection.pre-vote = true (default)
2023-12-05 10:04:55,304 [a14db3af-fd8e-478e-855b-ef9cd5001d57@group-B2574BE87882-FollowerState] INFO  impl.RoleInfo (RoleInfo.java:updateAndGet(139)) - a14db3af-fd8e-478e-855b-ef9cd5001d57: start a14db3af-fd8e-478e-855b-ef9cd5001d57@group-B2574BE87882-LeaderElection11
2023-12-05 10:04:55,307 [main] INFO  ozone.MiniOzoneClusterImpl (MiniOzoneClusterImpl.java:shutdown(449)) - Shutting down the Mini Ozone Cluster
2023-12-05 10:04:55,307 [main] INFO  ozone.MiniOzoneClusterImpl (MiniOzoneClusterImpl.java:stop(466)) - Stopping the Mini Ozone Cluster
2023-12-05 10:04:55,307 [main] INFO  om.OzoneManager (OzoneManager.java:stop(2203)) - om1[localhost:15039]: Stopping Ozone Manager
2023-12-05 10:04:55,307 [main] INFO  ipc.Server (Server.java:stop(3523)) - Stopping server on 15039
2023-12-05 10:04:55,311 [a14db3af-fd8e-478e-855b-ef9cd5001d57@group-B2574BE87882-LeaderElection11] INFO  impl.LeaderElection (LeaderElection.java:askForVotes(323)) - a14db3af-fd8e-478e-855b-ef9cd5001d57@group-B2574BE87882-LeaderElection11 PRE_VOTE round 0: submit vote requests at term 0 for -1: peers:[a14db3af-fd8e-478e-855b-ef9cd5001d57|10.1.0.7:15067]|listeners:[], old=null
2023-12-05 10:04:55,311 [a14db3af-fd8e-478e-855b-ef9cd5001d57@group-B2574BE87882-LeaderElection11] INFO  impl.LeaderElection (LeaderElection.java:askForVotes(325)) - a14db3af-fd8e-478e-855b-ef9cd5001d57@group-B2574BE87882-LeaderElection11 PRE_VOTE round 0: result PASSED (term=0)
2023-12-05 10:04:55,312 [IPC Server listener on 15039] INFO  ipc.Server (Server.java:run(1434)) - Stopping IPC Server listener on 15039
2023-12-05 10:04:55,313 [main] INFO  server.RaftServer (RaftServerProxy.java:lambda$close$9(416)) - om1: close
2023-12-05 10:04:55,316 [IPC Server Responder] INFO  ipc.Server (Server.java:run(1567)) - Stopping IPC Server Responder
2023-12-05 10:04:55,316 [main] INFO  server.GrpcService (GrpcService.java:closeImpl(311)) - om1: shutdown server GrpcServerProtocolService now
2023-12-05 10:04:55,316 [om1-impl-thread1] INFO  server.RaftServer$Division (RaftServerImpl.java:lambda$close$3(516)) - om1@group-C5BA1605619E: shutdown
2023-12-05 10:04:55,317 [om1-impl-thread1] INFO  util.JmxRegister (JmxRegister.java:unregister(73)) - Successfully un-registered JMX Bean with object name Ratis:service=RaftServer,group=group-C5BA1605619E,id=om1
2023-12-05 10:04:55,317 [om1-impl-thread1] INFO  impl.RoleInfo (RoleInfo.java:shutdownLeaderState(94)) - om1: shutdown om1@group-C5BA1605619E-LeaderStateImpl
2023-12-05 10:04:55,317 [om1-impl-thread1] INFO  impl.PendingRequests (PendingRequests.java:sendNotLeaderResponses(289)) - om1@group-C5BA1605619E-PendingRequests: sendNotLeaderResponses
2023-12-05 10:04:55,317 [a14db3af-fd8e-478e-855b-ef9cd5001d57@group-B2574BE87882-LeaderElection11] INFO  impl.LeaderElection (LeaderElection.java:askForVotes(323)) - a14db3af-fd8e-478e-855b-ef9cd5001d57@group-B2574BE87882-LeaderElection11 ELECTION round 0: submit vote requests at term 1 for -1: peers:[a14db3af-fd8e-478e-855b-ef9cd5001d57|10.1.0.7:15067]|listeners:[], old=null
2023-12-05 10:04:55,317 [a14db3af-fd8e-478e-855b-ef9cd5001d57@group-B2574BE87882-LeaderElection11] INFO  impl.LeaderElection (LeaderElection.java:askForVotes(325)) - a14db3af-fd8e-478e-855b-ef9cd5001d57@group-B2574BE87882-LeaderElection11 ELECTION round 0: result PASSED (term=1)
2023-12-05 10:04:55,317 [a14db3af-fd8e-478e-855b-ef9cd5001d57@group-B2574BE87882-LeaderElection11] INFO  impl.RoleInfo (RoleInfo.java:shutdownLeaderElection(130)) - a14db3af-fd8e-478e-855b-ef9cd5001d57: shutdown a14db3af-fd8e-478e-855b-ef9cd5001d57@group-B2574BE87882-LeaderElection11
2023-12-05 10:04:55,317 [a14db3af-fd8e-478e-855b-ef9cd5001d57@group-B2574BE87882-LeaderElection11] INFO  server.RaftServer$Division (RaftServerImpl.java:setRole(379)) - a14db3af-fd8e-478e-855b-ef9cd5001d57@group-B2574BE87882: changes role from CANDIDATE to LEADER at term 1 for changeToLeader
2023-12-05 10:04:55,318 [a14db3af-fd8e-478e-855b-ef9cd5001d57@group-B2574BE87882-LeaderElection11] INFO  server.RaftServerConfigKeys (ConfUtils.java:logGet(46)) - raft.server.staging.catchup.gap = 1000 (default)
2023-12-05 10:04:55,318 [a14db3af-fd8e-478e-855b-ef9cd5001d57@group-B2574BE87882-LeaderElection11] INFO  server.RaftServerConfigKeys (ConfUtils.java:logGet(46)) - raft.server.write.element-limit = 1024 (custom)
2023-12-05 10:04:55,318 [a14db3af-fd8e-478e-855b-ef9cd5001d57@group-B2574BE87882-LeaderElection11] INFO  server.RaftServerConfigKeys (ConfUtils.java:logGet(46)) - raft.server.write.byte-limit = 1024 M (=1073741824) (custom)
2023-12-05 10:04:55,317 [om1@group-C5BA1605619E-StateMachineUpdater] INFO  ratis.OzoneManagerStateMachine (OzoneManagerStateMachine.java:takeSnapshot(492)) - Current Snapshot Index (t:1, i:0)
2023-12-05 10:04:55,317 [om1-impl-thread1] INFO  impl.StateMachineUpdater (StateMachineUpdater.java:stopAndJoin(157)) - om1@group-C5BA1605619E-StateMachineUpdater: set stopIndex = 0
2023-12-05 10:04:55,318 [a14db3af-fd8e-478e-855b-ef9cd5001d57@group-B2574BE87882-LeaderElection11] INFO  server.RaftServerConfigKeys (ConfUtils.java:logGet(46)) - raft.server.watch.timeout = 180s (custom)
2023-12-05 10:04:55,319 [a14db3af-fd8e-478e-855b-ef9cd5001d57@group-B2574BE87882-LeaderElection11] INFO  server.RaftServerConfigKeys (ConfUtils.java:logGet(46)) - raft.server.watch.timeout.denomination = 1s (default)
2023-12-05 10:04:55,320 [a14db3af-fd8e-478e-855b-ef9cd5001d57@group-B2574BE87882-LeaderElection11] INFO  server.RaftServerConfigKeys (ConfUtils.java:logGet(46)) - raft.server.watch.element-limit = 65536 (default)
2023-12-05 10:04:55,320 [a14db3af-fd8e-478e-855b-ef9cd5001d57@group-B2574BE87882-LeaderElection11] INFO  server.RaftServerConfigKeys (ConfUtils.java:logGet(46)) - raft.server.read.leader.lease.enabled = false (default)
2023-12-05 10:04:55,320 [a14db3af-fd8e-478e-855b-ef9cd5001d57@group-B2574BE87882-LeaderElection11] INFO  server.RaftServerConfigKeys (ConfUtils.java:logGet(46)) - raft.server.read.leader.lease.timeout.ratio = 0.9 (default)
2023-12-05 10:04:55,320 [a14db3af-fd8e-478e-855b-ef9cd5001d57@group-B2574BE87882-LeaderElection11] INFO  server.RaftServerConfigKeys (ConfUtils.java:logGet(46)) - raft.server.rpc.timeout.min = 5s (custom)
2023-12-05 10:04:55,320 [a14db3af-fd8e-478e-855b-ef9cd5001d57@group-B2574BE87882-LeaderElection11] INFO  server.RaftServerConfigKeys (ConfUtils.java:logGet(46)) - raft.server.write.element-limit = 1024 (custom)
2023-12-05 10:04:55,320 [a14db3af-fd8e-478e-855b-ef9cd5001d57@group-B2574BE87882-LeaderElection11] INFO  server.RaftServerConfigKeys (ConfUtils.java:logGet(46)) - raft.server.write.follower.gap.ratio.max = -1.0 (default)
2023-12-05 10:04:55,320 [a14db3af-fd8e-478e-855b-ef9cd5001d57@group-B2574BE87882-LeaderElection11] INFO  impl.RoleInfo (RoleInfo.java:updateAndGet(139)) - a14db3af-fd8e-478e-855b-ef9cd5001d57: start a14db3af-fd8e-478e-855b-ef9cd5001d57@group-B2574BE87882-LeaderStateImpl
2023-12-05 10:04:55,321 [a14db3af-fd8e-478e-855b-ef9cd5001d57@group-B2574BE87882-LeaderElection11] INFO  server.RaftServer$Division (RaftServerImpl.java:setFirstElection(564)) - a14db3af-fd8e-478e-855b-ef9cd5001d57@group-B2574BE87882: set firstElectionSinceStartup to false for becomeLeader
2023-12-05 10:04:55,321 [a14db3af-fd8e-478e-855b-ef9cd5001d57@group-B2574BE87882-LeaderElection11] INFO  ratis.XceiverServerRatis (XceiverServerRatis.java:handleLeaderChangedNotification(935)) - Leader change notification received for group: group-B2574BE87882 with new leaderId: a14db3af-fd8e-478e-855b-ef9cd5001d57
2023-12-05 10:04:55,321 [main] INFO  server.GrpcService (GrpcService.java:closeImpl(320)) - om1: shutdown server GrpcServerProtocolService successfully
2023-12-05 10:04:55,321 [a14db3af-fd8e-478e-855b-ef9cd5001d57@group-B2574BE87882-LeaderElection11] INFO  server.RaftServer$Division (ServerState.java:setLeader(265)) - a14db3af-fd8e-478e-855b-ef9cd5001d57@group-B2574BE87882: change Leader from null to a14db3af-fd8e-478e-855b-ef9cd5001d57 at term 1 for becomeLeader, leader elected after 5043ms
2023-12-05 10:04:55,321 [a14db3af-fd8e-478e-855b-ef9cd5001d57@group-B2574BE87882-LeaderElection11] INFO  segmented.SegmentedRaftLogWorker (SegmentedRaftLogWorker.java:startLogSegment(428)) - a14db3af-fd8e-478e-855b-ef9cd5001d57@group-B2574BE87882-SegmentedRaftLogWorker: Starting segment from index:0
2023-12-05 10:04:55,324 [a14db3af-fd8e-478e-855b-ef9cd5001d57@group-B2574BE87882-LeaderElection11] INFO  server.RaftServer$Division (ServerState.java:setRaftConf(382)) - a14db3af-fd8e-478e-855b-ef9cd5001d57@group-B2574BE87882: set configuration 0: peers:[a14db3af-fd8e-478e-855b-ef9cd5001d57|10.1.0.7:15067]|listeners:[], old=null
2023-12-05 10:04:55,329 [a14db3af-fd8e-478e-855b-ef9cd5001d57@group-B2574BE87882-SegmentedRaftLogWorker] INFO  segmented.SegmentedRaftLogWorker (SegmentedRaftLogWorker.java:execute(632)) - a14db3af-fd8e-478e-855b-ef9cd5001d57@group-B2574BE87882-SegmentedRaftLogWorker: created new log segment /home/runner/work/ozone/ozone/hadoop-ozone/integration-test/target/test-dir/MiniOzoneClusterImpl-1950aa9b-5d8b-4a5d-a98b-a91d287d75ff/datanode-2/data/ratis/d5296619-e08d-4062-aa8b-b2574be87882/current/log_inprogress_0
2023-12-05 10:04:55,331 [a14db3af-fd8e-478e-855b-ef9cd5001d57@group-B2574BE87882-StateMachineUpdater] INFO  server.RaftServer$Division (LeaderStateImpl.java:isApplied(316)) - leader is ready since appliedIndex == 0 >= startIndex == 0
2023-12-05 10:04:55,333 [om1@group-C5BA1605619E-StateMachineUpdater] INFO  impl.StateMachineUpdater (StateMachineUpdater.java:takeSnapshot(295)) - om1@group-C5BA1605619E-StateMachineUpdater: Took a snapshot at index 0
2023-12-05 10:04:55,333 [om1@group-C5BA1605619E-StateMachineUpdater] INFO  impl.StateMachineUpdater (StateMachineUpdater.java:lambda$new$0(98)) - om1@group-C5BA1605619E-StateMachineUpdater: snapshotIndex: updateIncreasingly -1 -> 0
2023-12-05 10:04:55,333 [om1@group-C5BA1605619E-StateMachineUpdater] INFO  ratis.OzoneManagerStateMachine (OzoneManagerStateMachine.java:close(546)) - StateMachine has shutdown. Shutdown OzoneManager if not already shutdown.
2023-12-05 10:04:55,333 [om1@group-C5BA1605619E-StateMachineUpdater] INFO  ratis.OzoneManagerDoubleBuffer (OzoneManagerDoubleBuffer.java:stopDaemon(575)) - Stopping OMDoubleBuffer flush thread
2023-12-05 10:04:55,334 [om1-OMDoubleBufferFlushThread] INFO  ratis.OzoneManagerDoubleBuffer (OzoneManagerDoubleBuffer.java:canFlush(662)) - OMDoubleBuffer flush thread om1-OMDoubleBufferFlushThread is interrupted and will exit.
2023-12-05 10:04:55,340 [om1-impl-thread1] INFO  server.RaftServer$Division (ServerState.java:close(423)) - om1@group-C5BA1605619E: applyIndex: 0
2023-12-05 10:04:55,340 [om1@group-C5BA1605619E-cacheEviction-AwaitToRun] INFO  util.AwaitToRun (AwaitToRun.java:run(49)) - om1@group-C5BA1605619E-cacheEviction-AwaitToRun-AwaitForSignal is interrupted
2023-12-05 10:04:55,938 [om1-impl-thread1] INFO  segmented.SegmentedRaftLogWorker (SegmentedRaftLogWorker.java:close(243)) - om1@group-C5BA1605619E-SegmentedRaftLogWorker close()
2023-12-05 10:04:55,938 [JvmPauseMonitor6] INFO  util.JvmPauseMonitor (JvmPauseMonitor.java:run(152)) - JvmPauseMonitor-om1: Stopped
2023-12-05 10:04:55,939 [main] INFO  ratis.OzoneManagerStateMachine (OzoneManagerStateMachine.java:close(546)) - StateMachine has shutdown. Shutdown OzoneManager if not already shutdown.
2023-12-05 10:04:55,939 [main] INFO  ratis.OzoneManagerDoubleBuffer (OzoneManagerDoubleBuffer.java:stopDaemon(584)) - OMDoubleBuffer flush thread is not running.
2023-12-05 10:04:55,939 [main] INFO  utils.BackgroundService (BackgroundService.java:shutdown(160)) - Shutting down service KeyDeletingService
2023-12-05 10:04:55,939 [main] INFO  utils.BackgroundService (BackgroundService.java:shutdown(160)) - Shutting down service DirectoryDeletingService
2023-12-05 10:04:55,940 [main] INFO  utils.BackgroundService (BackgroundService.java:shutdown(160)) - Shutting down service OpenKeyCleanupService
2023-12-05 10:04:55,940 [main] INFO  utils.BackgroundService (BackgroundService.java:shutdown(160)) - Shutting down service SstFilteringService
2023-12-05 10:04:55,940 [main] INFO  utils.BackgroundService (BackgroundService.java:shutdown(160)) - Shutting down service SnapshotDeletingService
2023-12-05 10:04:55,940 [main] INFO  utils.BackgroundService (BackgroundService.java:shutdown(160)) - Shutting down service MultipartUploadCleanupService
2023-12-05 10:04:55,941 [main] INFO  handler.ContextHandler (ContextHandler.java:doStop(1159)) - Stopped o.e.j.w.WebAppContext@38957508{ozoneManager,/,null,STOPPED}{file:/home/runner/work/ozone/ozone/hadoop-ozone/integration-test/target/test-classes/webapps/ozoneManager}
2023-12-05 10:04:55,942 [main] INFO  server.AbstractConnector (AbstractConnector.java:doStop(383)) - Stopped ServerConnector@5b3349bb{HTTP/1.1, (http/1.1)}{0.0.0.0:15040}
2023-12-05 10:04:55,942 [main] INFO  server.session (HouseKeeper.java:stopScavenging(149)) - node0 Stopped scavenging
2023-12-05 10:04:55,942 [main] INFO  handler.ContextHandler (ContextHandler.java:doStop(1159)) - Stopped o.e.j.s.ServletContextHandler@3dc55c7e{static,/static,file:///home/runner/work/ozone/ozone/hadoop-ozone/integration-test/target/test-classes/webapps/static,STOPPED}
2023-12-05 10:04:55,942 [main] INFO  handler.ContextHandler (ContextHandler.java:doStop(1159)) - Stopped o.e.j.s.ServletContextHandler@2b6c562e{logs,/logs,file:///home/runner/work/ozone/ozone/hadoop-ozone/integration-test/target/log,STOPPED}
2023-12-05 10:04:55,943 [main] INFO  rocksdiff.RocksDBCheckpointDiffer (RocksDBCheckpointDiffer.java:close(310)) - Shutting down CompactionDagPruningService.
2023-12-05 10:04:55,944 [main] INFO  snapshot.SnapshotDiffManager (SnapshotDiffManager.java:closeExecutorService(1716)) - Shutting down executorService: 'SnapDiffExecutor'
2023-12-05 10:04:55,945 [main] INFO  snapshot.SnapshotDiffManager (SnapshotDiffManager.java:closeExecutorService(1716)) - Shutting down executorService: 'SstDumpToolExecutor'
2023-12-05 10:04:55,945 [main] INFO  utils.BackgroundService (BackgroundService.java:shutdown(160)) - Shutting down service SnapshotDiffCleanupService
2023-12-05 10:04:55,945 [main] INFO  ozone.MiniOzoneClusterImpl (MiniOzoneClusterImpl.java:stopDatanodes(536)) - Stopping the HddsDatanodes
2023-12-05 10:04:55,949 [ForkJoinPool.commonPool-worker-3] INFO  ozoneimpl.OzoneContainer (OzoneContainer.java:stop(463)) - Attempting to stop container services.
2023-12-05 10:04:55,949 [main] INFO  ozoneimpl.OzoneContainer (OzoneContainer.java:stop(463)) - Attempting to stop container services.
2023-12-05 10:04:55,950 [ForkJoinPool.commonPool-worker-2] INFO  ozoneimpl.OzoneContainer (OzoneContainer.java:stop(463)) - Attempting to stop container services.
2023-12-05 10:04:55,950 [ForkJoinPool.commonPool-worker-3] INFO  server.RaftServer (RaftServerProxy.java:lambda$close$9(416)) - 1875ca78-02f9-46a2-aa62-0847e90c9d54: close
2023-12-05 10:04:55,951 [ForkJoinPool.commonPool-worker-2] INFO  server.RaftServer (RaftServerProxy.java:lambda$close$9(416)) - a14db3af-fd8e-478e-855b-ef9cd5001d57: close
2023-12-05 10:04:55,951 [ForkJoinPool.commonPool-worker-3] INFO  server.GrpcService (GrpcService.java:closeImpl(311)) - 1875ca78-02f9-46a2-aa62-0847e90c9d54: shutdown server org.apache.ratis.grpc.server.GrpcClientProtocolService now
2023-12-05 10:04:55,951 [ForkJoinPool.commonPool-worker-2] INFO  server.GrpcService (GrpcService.java:closeImpl(311)) - a14db3af-fd8e-478e-855b-ef9cd5001d57: shutdown server org.apache.ratis.grpc.server.GrpcClientProtocolService now
2023-12-05 10:04:55,951 [1875ca78-02f9-46a2-aa62-0847e90c9d54-impl-thread2] INFO  server.RaftServer$Division (RaftServerImpl.java:lambda$close$3(516)) - 1875ca78-02f9-46a2-aa62-0847e90c9d54@group-7D4B913110C9: shutdown
2023-12-05 10:04:55,951 [1875ca78-02f9-46a2-aa62-0847e90c9d54-impl-thread2] INFO  util.JmxRegister (JmxRegister.java:unregister(73)) - Successfully un-registered JMX Bean with object name Ratis:service=RaftServer,group=group-7D4B913110C9,id=1875ca78-02f9-46a2-aa62-0847e90c9d54
2023-12-05 10:04:55,951 [main] INFO  server.RaftServer (RaftServerProxy.java:lambda$close$9(416)) - 86e7a8c2-7a3b-42b5-8c24-f179534e156f: close
2023-12-05 10:04:55,951 [1875ca78-02f9-46a2-aa62-0847e90c9d54-impl-thread2] INFO  impl.RoleInfo (RoleInfo.java:shutdownLeaderState(94)) - 1875ca78-02f9-46a2-aa62-0847e90c9d54: shutdown 1875ca78-02f9-46a2-aa62-0847e90c9d54@group-7D4B913110C9-LeaderStateImpl
2023-12-05 10:04:55,951 [a14db3af-fd8e-478e-855b-ef9cd5001d57-impl-thread1] INFO  server.RaftServer$Division (RaftServerImpl.java:lambda$close$3(516)) - a14db3af-fd8e-478e-855b-ef9cd5001d57@group-D9EAED504055: shutdown
2023-12-05 10:04:55,952 [1875ca78-02f9-46a2-aa62-0847e90c9d54-impl-thread2] INFO  impl.PendingRequests (PendingRequests.java:sendNotLeaderResponses(289)) - 1875ca78-02f9-46a2-aa62-0847e90c9d54@group-7D4B913110C9-PendingRequests: sendNotLeaderResponses
2023-12-05 10:04:55,952 [a14db3af-fd8e-478e-855b-ef9cd5001d57-impl-thread1] INFO  util.JmxRegister (JmxRegister.java:unregister(73)) - Successfully un-registered JMX Bean with object name Ratis:service=RaftServer,group=group-D9EAED504055,id=a14db3af-fd8e-478e-855b-ef9cd5001d57
2023-12-05 10:04:55,952 [a14db3af-fd8e-478e-855b-ef9cd5001d57-impl-thread1] INFO  impl.RoleInfo (RoleInfo.java:shutdownLeaderState(94)) - a14db3af-fd8e-478e-855b-ef9cd5001d57: shutdown a14db3af-fd8e-478e-855b-ef9cd5001d57@group-D9EAED504055-LeaderStateImpl
2023-12-05 10:04:55,951 [1875ca78-02f9-46a2-aa62-0847e90c9d54-impl-thread1] INFO  server.RaftServer$Division (RaftServerImpl.java:lambda$close$3(516)) - 1875ca78-02f9-46a2-aa62-0847e90c9d54@group-D9EAED504055: shutdown
2023-12-05 10:04:55,952 [86e7a8c2-7a3b-42b5-8c24-f179534e156f-impl-thread1] INFO  server.RaftServer$Division (RaftServerImpl.java:lambda$close$3(516)) - 86e7a8c2-7a3b-42b5-8c24-f179534e156f@group-B0DE288270A6: shutdown
2023-12-05 10:04:55,952 [a14db3af-fd8e-478e-855b-ef9cd5001d57-impl-thread2] INFO  server.RaftServer$Division (RaftServerImpl.java:lambda$close$3(516)) - a14db3af-fd8e-478e-855b-ef9cd5001d57@group-B2574BE87882: shutdown
2023-12-05 10:04:55,952 [1875ca78-02f9-46a2-aa62-0847e90c9d54-impl-thread1] INFO  util.JmxRegister (JmxRegister.java:unregister(73)) - Successfully un-registered JMX Bean with object name Ratis:service=RaftServer,group=group-D9EAED504055,id=1875ca78-02f9-46a2-aa62-0847e90c9d54
2023-12-05 10:04:55,952 [1875ca78-02f9-46a2-aa62-0847e90c9d54-impl-thread1] INFO  impl.RoleInfo (RoleInfo.java:shutdownFollowerState(110)) - 1875ca78-02f9-46a2-aa62-0847e90c9d54: shutdown 1875ca78-02f9-46a2-aa62-0847e90c9d54@group-D9EAED504055-FollowerState
2023-12-05 10:04:55,952 [main] INFO  server.GrpcService (GrpcService.java:closeImpl(311)) - 86e7a8c2-7a3b-42b5-8c24-f179534e156f: shutdown server org.apache.ratis.grpc.server.GrpcClientProtocolService now
2023-12-05 10:04:55,953 [86e7a8c2-7a3b-42b5-8c24-f179534e156f-impl-thread2] INFO  server.RaftServer$Division (RaftServerImpl.java:lambda$close$3(516)) - 86e7a8c2-7a3b-42b5-8c24-f179534e156f@group-D9EAED504055: shutdown
2023-12-05 10:04:55,952 [1875ca78-02f9-46a2-aa62-0847e90c9d54@group-D9EAED504055-FollowerState] INFO  impl.FollowerState (FollowerState.java:run(152)) - 1875ca78-02f9-46a2-aa62-0847e90c9d54@group-D9EAED504055-FollowerState was interrupted
2023-12-05 10:04:55,952 [1875ca78-02f9-46a2-aa62-0847e90c9d54-impl-thread1] INFO  impl.StateMachineUpdater (StateMachineUpdater.java:stopAndJoin(157)) - 1875ca78-02f9-46a2-aa62-0847e90c9d54@group-D9EAED504055-StateMachineUpdater: set stopIndex = -1
2023-12-05 10:04:55,953 [ForkJoinPool.commonPool-worker-3] INFO  server.GrpcService (GrpcService.java:closeImpl(320)) - 1875ca78-02f9-46a2-aa62-0847e90c9d54: shutdown server org.apache.ratis.grpc.server.GrpcClientProtocolService successfully
2023-12-05 10:04:55,953 [86e7a8c2-7a3b-42b5-8c24-f179534e156f-impl-thread1] INFO  util.JmxRegister (JmxRegister.java:unregister(73)) - Successfully un-registered JMX Bean with object name Ratis:service=RaftServer,group=group-B0DE288270A6,id=86e7a8c2-7a3b-42b5-8c24-f179534e156f
2023-12-05 10:04:55,953 [86e7a8c2-7a3b-42b5-8c24-f179534e156f-impl-thread1] INFO  impl.RoleInfo (RoleInfo.java:shutdownLeaderState(94)) - 86e7a8c2-7a3b-42b5-8c24-f179534e156f: shutdown 86e7a8c2-7a3b-42b5-8c24-f179534e156f@group-B0DE288270A6-LeaderStateImpl
2023-12-05 10:04:55,953 [ForkJoinPool.commonPool-worker-3] INFO  server.GrpcService (GrpcService.java:closeImpl(311)) - 1875ca78-02f9-46a2-aa62-0847e90c9d54: shutdown server GrpcServerProtocolService now
2023-12-05 10:04:55,953 [86e7a8c2-7a3b-42b5-8c24-f179534e156f-impl-thread1] INFO  impl.PendingRequests (PendingRequests.java:sendNotLeaderResponses(289)) - 86e7a8c2-7a3b-42b5-8c24-f179534e156f@group-B0DE288270A6-PendingRequests: sendNotLeaderResponses
2023-12-05 10:04:55,953 [1875ca78-02f9-46a2-aa62-0847e90c9d54-impl-thread1] INFO  server.RaftServer$Division (ServerState.java:close(423)) - 1875ca78-02f9-46a2-aa62-0847e90c9d54@group-D9EAED504055: applyIndex: -1
2023-12-05 10:04:55,955 [a14db3af-fd8e-478e-855b-ef9cd5001d57-impl-thread1] INFO  impl.PendingRequests (PendingRequests.java:sendNotLeaderResponses(289)) - a14db3af-fd8e-478e-855b-ef9cd5001d57@group-D9EAED504055-PendingRequests: sendNotLeaderResponses
2023-12-05 10:04:55,955 [a14db3af-fd8e-478e-855b-ef9cd5001d57@group-D9EAED504055->1875ca78-02f9-46a2-aa62-0847e90c9d54-GrpcLogAppender-LogAppenderDaemon] WARN  server.GrpcLogAppender (GrpcLogAppender.java:mayWait(212)) - a14db3af-fd8e-478e-855b-ef9cd5001d57@group-D9EAED504055->1875ca78-02f9-46a2-aa62-0847e90c9d54-GrpcLogAppender: Wait interrupted by java.lang.InterruptedException
2023-12-05 10:04:55,955 [a14db3af-fd8e-478e-855b-ef9cd5001d57@group-D9EAED504055->86e7a8c2-7a3b-42b5-8c24-f179534e156f-GrpcLogAppender-LogAppenderDaemon] WARN  server.GrpcLogAppender (GrpcLogAppender.java:mayWait(212)) - a14db3af-fd8e-478e-855b-ef9cd5001d57@group-D9EAED504055->86e7a8c2-7a3b-42b5-8c24-f179534e156f-GrpcLogAppender: Wait interrupted by java.lang.InterruptedException
2023-12-05 10:04:55,955 [grpc-default-executor-3] INFO  server.GrpcServerProtocolService (GrpcServerProtocolService.java:onCompleted(157)) - 1875ca78-02f9-46a2-aa62-0847e90c9d54: Completed APPEND_ENTRIES, lastRequest: null
2023-12-05 10:04:55,956 [grpc-default-executor-3] INFO  server.GrpcServerProtocolService (GrpcServerProtocolService.java:lambda$onCompleted$5(159)) - 1875ca78-02f9-46a2-aa62-0847e90c9d54: Completed APPEND_ENTRIES, lastReply: serverReply {
  requestorId: "a14db3af-fd8e-478e-855b-ef9cd5001d57"
  replyId: "1875ca78-02f9-46a2-aa62-0847e90c9d54"
  raftGroupId {
    id: "\311\313p\206\361\nJ\300\214P\331\352\355P@U"
  }
  success: true
}
term: 1
followerCommit: 18446744073709551615
matchIndex: 18446744073709551615
isHearbeat: true

2023-12-05 10:04:55,956 [grpc-default-executor-0] INFO  server.GrpcServerProtocolService (GrpcServerProtocolService.java:onCompleted(157)) - 86e7a8c2-7a3b-42b5-8c24-f179534e156f: Completed APPEND_ENTRIES, lastRequest: null
2023-12-05 10:04:55,956 [grpc-default-executor-0] INFO  server.GrpcServerProtocolService (GrpcServerProtocolService.java:lambda$onCompleted$5(159)) - 86e7a8c2-7a3b-42b5-8c24-f179534e156f: Completed APPEND_ENTRIES, lastReply: serverReply {
  requestorId: "a14db3af-fd8e-478e-855b-ef9cd5001d57"
  replyId: "86e7a8c2-7a3b-42b5-8c24-f179534e156f"
  raftGroupId {
    id: "\311\313p\206\361\nJ\300\214P\331\352\355P@U"
  }
  success: true
}
term: 1
followerCommit: 18446744073709551615
matchIndex: 18446744073709551615
isHearbeat: true

2023-12-05 10:04:55,957 [grpc-default-executor-4] INFO  server.GrpcServerProtocolService (GrpcServerProtocolService.java:onCompleted(157)) - 1875ca78-02f9-46a2-aa62-0847e90c9d54: Completed APPEND_ENTRIES, lastRequest: a14db3af-fd8e-478e-855b-ef9cd5001d57->1875ca78-02f9-46a2-aa62-0847e90c9d54#1-t1,previous=(t:0, i:0),leaderCommit=-1,initializing? true,entries: size=1, first=(t:1, i:0), CONFIGURATIONENTRY(current:id: "a14db3af-fd8e-478e-855b-ef9cd5001d57"
address: "10.1.0.7:15067"
priority: 1
dataStreamAddress: "10.1.0.7:15068"
clientAddress: "10.1.0.7:15065"
adminAddress: "10.1.0.7:15066"
startupRole: FOLLOWER
,id: "1875ca78-02f9-46a2-aa62-0847e90c9d54"
address: "10.1.0.7:15049"
dataStreamAddress: "10.1.0.7:15050"
clientAddress: "10.1.0.7:15047"
adminAddress: "10.1.0.7:15048"
startupRole: FOLLOWER
,id: "86e7a8c2-7a3b-42b5-8c24-f179534e156f"
address: "10.1.0.7:15058"
dataStreamAddress: "10.1.0.7:15059"
clientAddress: "10.1.0.7:15056"
adminAddress: "10.1.0.7:15057"
startupRole: FOLLOWER
, old:)
2023-12-05 10:04:55,958 [Thread-775] INFO  server.GrpcServerProtocolClient (GrpcServerProtocolClient.java:close(103)) - 1875ca78-02f9-46a2-aa62-0847e90c9d54 Close channels
2023-12-05 10:04:55,958 [a14db3af-fd8e-478e-855b-ef9cd5001d57-impl-thread2] INFO  util.JmxRegister (JmxRegister.java:unregister(73)) - Successfully un-registered JMX Bean with object name Ratis:service=RaftServer,group=group-B2574BE87882,id=a14db3af-fd8e-478e-855b-ef9cd5001d57
2023-12-05 10:04:55,962 [a14db3af-fd8e-478e-855b-ef9cd5001d57-impl-thread2] INFO  impl.RoleInfo (RoleInfo.java:shutdownLeaderState(94)) - a14db3af-fd8e-478e-855b-ef9cd5001d57: shutdown a14db3af-fd8e-478e-855b-ef9cd5001d57@group-B2574BE87882-LeaderStateImpl
2023-12-05 10:04:55,958 [1875ca78-02f9-46a2-aa62-0847e90c9d54@group-D9EAED504055-cacheEviction-AwaitToRun] INFO  util.AwaitToRun (AwaitToRun.java:run(49)) - 1875ca78-02f9-46a2-aa62-0847e90c9d54@group-D9EAED504055-cacheEviction-AwaitToRun-AwaitForSignal is interrupted
2023-12-05 10:04:55,962 [a14db3af-fd8e-478e-855b-ef9cd5001d57-impl-thread2] INFO  impl.PendingRequests (PendingRequests.java:sendNotLeaderResponses(289)) - a14db3af-fd8e-478e-855b-ef9cd5001d57@group-B2574BE87882-PendingRequests: sendNotLeaderResponses
2023-12-05 10:04:55,957 [grpc-default-executor-5] INFO  server.GrpcServerProtocolService (GrpcServerProtocolService.java:onCompleted(157)) - 86e7a8c2-7a3b-42b5-8c24-f179534e156f: Completed APPEND_ENTRIES, lastRequest: a14db3af-fd8e-478e-855b-ef9cd5001d57->86e7a8c2-7a3b-42b5-8c24-f179534e156f#1-t1,previous=(t:0, i:0),leaderCommit=-1,initializing? true,entries: size=1, first=(t:1, i:0), CONFIGURATIONENTRY(current:id: "a14db3af-fd8e-478e-855b-ef9cd5001d57"
address: "10.1.0.7:15067"
priority: 1
dataStreamAddress: "10.1.0.7:15068"
clientAddress: "10.1.0.7:15065"
adminAddress: "10.1.0.7:15066"
startupRole: FOLLOWER
,id: "1875ca78-02f9-46a2-aa62-0847e90c9d54"
address: "10.1.0.7:15049"
dataStreamAddress: "10.1.0.7:15050"
clientAddress: "10.1.0.7:15047"
adminAddress: "10.1.0.7:15048"
startupRole: FOLLOWER
,id: "86e7a8c2-7a3b-42b5-8c24-f179534e156f"
address: "10.1.0.7:15058"
dataStreamAddress: "10.1.0.7:15059"
clientAddress: "10.1.0.7:15056"
adminAddress: "10.1.0.7:15057"
startupRole: FOLLOWER
, old:)
2023-12-05 10:04:55,962 [grpc-default-executor-5] INFO  server.GrpcServerProtocolService (GrpcServerProtocolService.java:lambda$onCompleted$5(159)) - 86e7a8c2-7a3b-42b5-8c24-f179534e156f: Completed APPEND_ENTRIES, lastReply: null
2023-12-05 10:04:55,963 [1875ca78-02f9-46a2-aa62-0847e90c9d54-impl-thread2] INFO  impl.StateMachineUpdater (StateMachineUpdater.java:stopAndJoin(157)) - 1875ca78-02f9-46a2-aa62-0847e90c9d54@group-7D4B913110C9-StateMachineUpdater: set stopIndex = 0
2023-12-05 10:04:55,963 [1875ca78-02f9-46a2-aa62-0847e90c9d54@group-7D4B913110C9-StateMachineUpdater] INFO  ratis.ContainerStateMachine (ContainerStateMachine.java:takeSnapshot(337)) - group-7D4B913110C9: Taking a snapshot at:(t:1, i:0) file /home/runner/work/ozone/ozone/hadoop-ozone/integration-test/target/test-dir/MiniOzoneClusterImpl-1950aa9b-5d8b-4a5d-a98b-a91d287d75ff/datanode-0/data/ratis/087220be-e07f-4e1e-a821-7d4b913110c9/sm/snapshot.1_0
2023-12-05 10:04:55,964 [1875ca78-02f9-46a2-aa62-0847e90c9d54@group-7D4B913110C9-StateMachineUpdater] INFO  ratis.ContainerStateMachine (ContainerStateMachine.java:takeSnapshot(348)) - group-7D4B913110C9: Finished taking a snapshot at:(t:1, i:0) file:/home/runner/work/ozone/ozone/hadoop-ozone/integration-test/target/test-dir/MiniOzoneClusterImpl-1950aa9b-5d8b-4a5d-a98b-a91d287d75ff/datanode-0/data/ratis/087220be-e07f-4e1e-a821-7d4b913110c9/sm/snapshot.1_0 took: 0 ms
2023-12-05 10:04:55,964 [86e7a8c2-7a3b-42b5-8c24-f179534e156f-impl-thread2] INFO  util.JmxRegister (JmxRegister.java:unregister(73)) - Successfully un-registered JMX Bean with object name Ratis:service=RaftServer,group=group-D9EAED504055,id=86e7a8c2-7a3b-42b5-8c24-f179534e156f
2023-12-05 10:04:55,964 [86e7a8c2-7a3b-42b5-8c24-f179534e156f-impl-thread2] INFO  impl.RoleInfo (RoleInfo.java:shutdownFollowerState(110)) - 86e7a8c2-7a3b-42b5-8c24-f179534e156f: shutdown 86e7a8c2-7a3b-42b5-8c24-f179534e156f@group-D9EAED504055-FollowerState
2023-12-05 10:04:55,964 [1875ca78-02f9-46a2-aa62-0847e90c9d54@group-7D4B913110C9-StateMachineUpdater] INFO  impl.StateMachineUpdater (StateMachineUpdater.java:takeSnapshot(295)) - 1875ca78-02f9-46a2-aa62-0847e90c9d54@group-7D4B913110C9-StateMachineUpdater: Took a snapshot at index 0
2023-12-05 10:04:55,964 [1875ca78-02f9-46a2-aa62-0847e90c9d54@group-7D4B913110C9-StateMachineUpdater] INFO  impl.StateMachineUpdater (StateMachineUpdater.java:lambda$new$0(98)) - 1875ca78-02f9-46a2-aa62-0847e90c9d54@group-7D4B913110C9-StateMachineUpdater: snapshotIndex: updateIncreasingly -1 -> 0
2023-12-05 10:04:55,965 [1875ca78-02f9-46a2-aa62-0847e90c9d54-impl-thread2] INFO  server.RaftServer$Division (ServerState.java:close(423)) - 1875ca78-02f9-46a2-aa62-0847e90c9d54@group-7D4B913110C9: applyIndex: 0
2023-12-05 10:04:55,966 [grpc-default-executor-3] INFO  server.GrpcLogAppender (GrpcLogAppender.java:onError(457)) - a14db3af-fd8e-478e-855b-ef9cd5001d57@group-D9EAED504055->1875ca78-02f9-46a2-aa62-0847e90c9d54-GrpcLogAppender is already stopped
2023-12-05 10:04:55,961 [Thread-774] INFO  server.GrpcServerProtocolClient (GrpcServerProtocolClient.java:close(103)) - a14db3af-fd8e-478e-855b-ef9cd5001d57 Close channels
2023-12-05 10:04:55,958 [Thread-776] INFO  server.GrpcServerProtocolClient (GrpcServerProtocolClient.java:close(103)) - 86e7a8c2-7a3b-42b5-8c24-f179534e156f Close channels
2023-12-05 10:04:55,958 [grpc-default-executor-4] INFO  server.GrpcServerProtocolService (GrpcServerProtocolService.java:lambda$onCompleted$5(159)) - 1875ca78-02f9-46a2-aa62-0847e90c9d54: Completed APPEND_ENTRIES, lastReply: null
2023-12-05 10:04:55,964 [a14db3af-fd8e-478e-855b-ef9cd5001d57@group-B2574BE87882-StateMachineUpdater] INFO  ratis.ContainerStateMachine (ContainerStateMachine.java:takeSnapshot(337)) - group-B2574BE87882: Taking a snapshot at:(t:1, i:0) file /home/runner/work/ozone/ozone/hadoop-ozone/integration-test/target/test-dir/MiniOzoneClusterImpl-1950aa9b-5d8b-4a5d-a98b-a91d287d75ff/datanode-2/data/ratis/d5296619-e08d-4062-aa8b-b2574be87882/sm/snapshot.1_0
2023-12-05 10:04:55,964 [a14db3af-fd8e-478e-855b-ef9cd5001d57-impl-thread2] INFO  impl.StateMachineUpdater (StateMachineUpdater.java:stopAndJoin(157)) - a14db3af-fd8e-478e-855b-ef9cd5001d57@group-B2574BE87882-StateMachineUpdater: set stopIndex = 0
2023-12-05 10:04:55,964 [a14db3af-fd8e-478e-855b-ef9cd5001d57@group-D9EAED504055-StateMachineUpdater] INFO  ratis.ContainerStateMachine (ContainerStateMachine.java:takeSnapshot(337)) - group-D9EAED504055: Taking a snapshot at:(t:1, i:0) file /home/runner/work/ozone/ozone/hadoop-ozone/integration-test/target/test-dir/MiniOzoneClusterImpl-1950aa9b-5d8b-4a5d-a98b-a91d287d75ff/datanode-2/data/ratis/c9cb7086-f10a-4ac0-8c50-d9eaed504055/sm/snapshot.1_0
2023-12-05 10:04:55,964 [a14db3af-fd8e-478e-855b-ef9cd5001d57-impl-thread1] INFO  impl.StateMachineUpdater (StateMachineUpdater.java:stopAndJoin(157)) - a14db3af-fd8e-478e-855b-ef9cd5001d57@group-D9EAED504055-StateMachineUpdater: set stopIndex = 0
2023-12-05 10:04:55,964 [86e7a8c2-7a3b-42b5-8c24-f179534e156f@group-B0DE288270A6-StateMachineUpdater] INFO  ratis.ContainerStateMachine (ContainerStateMachine.java:takeSnapshot(337)) - group-B0DE288270A6: Taking a snapshot at:(t:1, i:0) file /home/runner/work/ozone/ozone/hadoop-ozone/integration-test/target/test-dir/MiniOzoneClusterImpl-1950aa9b-5d8b-4a5d-a98b-a91d287d75ff/datanode-1/data/ratis/6b47231b-94cd-4967-b099-b0de288270a6/sm/snapshot.1_0
2023-12-05 10:04:55,968 [a14db3af-fd8e-478e-855b-ef9cd5001d57@group-B2574BE87882-StateMachineUpdater] INFO  ratis.ContainerStateMachine (ContainerStateMachine.java:takeSnapshot(348)) - group-B2574BE87882: Finished taking a snapshot at:(t:1, i:0) file:/home/runner/work/ozone/ozone/hadoop-ozone/integration-test/target/test-dir/MiniOzoneClusterImpl-1950aa9b-5d8b-4a5d-a98b-a91d287d75ff/datanode-2/data/ratis/d5296619-e08d-4062-aa8b-b2574be87882/sm/snapshot.1_0 took: 4 ms
2023-12-05 10:04:55,969 [a14db3af-fd8e-478e-855b-ef9cd5001d57@group-B2574BE87882-StateMachineUpdater] INFO  impl.StateMachineUpdater (StateMachineUpdater.java:takeSnapshot(295)) - a14db3af-fd8e-478e-855b-ef9cd5001d57@group-B2574BE87882-StateMachineUpdater: Took a snapshot at index 0
2023-12-05 10:04:55,969 [a14db3af-fd8e-478e-855b-ef9cd5001d57@group-D9EAED504055-StateMachineUpdater] INFO  ratis.ContainerStateMachine (ContainerStateMachine.java:takeSnapshot(348)) - group-D9EAED504055: Finished taking a snapshot at:(t:1, i:0) file:/home/runner/work/ozone/ozone/hadoop-ozone/integration-test/target/test-dir/MiniOzoneClusterImpl-1950aa9b-5d8b-4a5d-a98b-a91d287d75ff/datanode-2/data/ratis/c9cb7086-f10a-4ac0-8c50-d9eaed504055/sm/snapshot.1_0 took: 5 ms
2023-12-05 10:04:55,969 [Thread-777] INFO  server.GrpcServerProtocolClient (GrpcServerProtocolClient.java:close(103)) - 1875ca78-02f9-46a2-aa62-0847e90c9d54 Close channels
2023-12-05 10:04:55,969 [86e7a8c2-7a3b-42b5-8c24-f179534e156f@group-B0DE288270A6-StateMachineUpdater] INFO  ratis.ContainerStateMachine (ContainerStateMachine.java:takeSnapshot(348)) - group-B0DE288270A6: Finished taking a snapshot at:(t:1, i:0) file:/home/runner/work/ozone/ozone/hadoop-ozone/integration-test/target/test-dir/MiniOzoneClusterImpl-1950aa9b-5d8b-4a5d-a98b-a91d287d75ff/datanode-1/data/ratis/6b47231b-94cd-4967-b099-b0de288270a6/sm/snapshot.1_0 took: 5 ms
2023-12-05 10:04:55,969 [86e7a8c2-7a3b-42b5-8c24-f179534e156f@group-B0DE288270A6-StateMachineUpdater] INFO  impl.StateMachineUpdater (StateMachineUpdater.java:takeSnapshot(295)) - 86e7a8c2-7a3b-42b5-8c24-f179534e156f@group-B0DE288270A6-StateMachineUpdater: Took a snapshot at index 0
2023-12-05 10:04:55,969 [86e7a8c2-7a3b-42b5-8c24-f179534e156f@group-B0DE288270A6-StateMachineUpdater] INFO  impl.StateMachineUpdater (StateMachineUpdater.java:lambda$new$0(98)) - 86e7a8c2-7a3b-42b5-8c24-f179534e156f@group-B0DE288270A6-StateMachineUpdater: snapshotIndex: updateIncreasingly -1 -> 0
2023-12-05 10:04:55,969 [a14db3af-fd8e-478e-855b-ef9cd5001d57@group-D9EAED504055-StateMachineUpdater] INFO  impl.StateMachineUpdater (StateMachineUpdater.java:takeSnapshot(295)) - a14db3af-fd8e-478e-855b-ef9cd5001d57@group-D9EAED504055-StateMachineUpdater: Took a snapshot at index 0
2023-12-05 10:04:55,969 [a14db3af-fd8e-478e-855b-ef9cd5001d57@group-D9EAED504055-StateMachineUpdater] INFO  impl.StateMachineUpdater (StateMachineUpdater.java:lambda$new$0(98)) - a14db3af-fd8e-478e-855b-ef9cd5001d57@group-D9EAED504055-StateMachineUpdater: snapshotIndex: updateIncreasingly -1 -> 0
2023-12-05 10:04:55,969 [a14db3af-fd8e-478e-855b-ef9cd5001d57-impl-thread1] INFO  server.RaftServer$Division (ServerState.java:close(423)) - a14db3af-fd8e-478e-855b-ef9cd5001d57@group-D9EAED504055: applyIndex: 0
2023-12-05 10:04:55,970 [a14db3af-fd8e-478e-855b-ef9cd5001d57@group-D9EAED504055-cacheEviction-AwaitToRun] INFO  util.AwaitToRun (AwaitToRun.java:run(49)) - a14db3af-fd8e-478e-855b-ef9cd5001d57@group-D9EAED504055-cacheEviction-AwaitToRun-AwaitForSignal is interrupted
2023-12-05 10:04:55,970 [1875ca78-02f9-46a2-aa62-0847e90c9d54@group-7D4B913110C9-cacheEviction-AwaitToRun] INFO  util.AwaitToRun (AwaitToRun.java:run(49)) - 1875ca78-02f9-46a2-aa62-0847e90c9d54@group-7D4B913110C9-cacheEviction-AwaitToRun-AwaitForSignal is interrupted
2023-12-05 10:04:55,964 [86e7a8c2-7a3b-42b5-8c24-f179534e156f-impl-thread1] INFO  impl.StateMachineUpdater (StateMachineUpdater.java:stopAndJoin(157)) - 86e7a8c2-7a3b-42b5-8c24-f179534e156f@group-B0DE288270A6-StateMachineUpdater: set stopIndex = 0
2023-12-05 10:04:55,970 [86e7a8c2-7a3b-42b5-8c24-f179534e156f-impl-thread1] INFO  server.RaftServer$Division (ServerState.java:close(423)) - 86e7a8c2-7a3b-42b5-8c24-f179534e156f@group-B0DE288270A6: applyIndex: 0
2023-12-05 10:04:55,969 [a14db3af-fd8e-478e-855b-ef9cd5001d57@group-B2574BE87882-StateMachineUpdater] INFO  impl.StateMachineUpdater (StateMachineUpdater.java:lambda$new$0(98)) - a14db3af-fd8e-478e-855b-ef9cd5001d57@group-B2574BE87882-StateMachineUpdater: snapshotIndex: updateIncreasingly -1 -> 0
2023-12-05 10:04:55,970 [a14db3af-fd8e-478e-855b-ef9cd5001d57-impl-thread2] INFO  server.RaftServer$Division (ServerState.java:close(423)) - a14db3af-fd8e-478e-855b-ef9cd5001d57@group-B2574BE87882: applyIndex: 0
2023-12-05 10:04:55,970 [86e7a8c2-7a3b-42b5-8c24-f179534e156f@group-B0DE288270A6-cacheEviction-AwaitToRun] INFO  util.AwaitToRun (AwaitToRun.java:run(49)) - 86e7a8c2-7a3b-42b5-8c24-f179534e156f@group-B0DE288270A6-cacheEviction-AwaitToRun-AwaitForSignal is interrupted
2023-12-05 10:04:55,970 [a14db3af-fd8e-478e-855b-ef9cd5001d57@group-B2574BE87882-cacheEviction-AwaitToRun] INFO  util.AwaitToRun (AwaitToRun.java:run(49)) - a14db3af-fd8e-478e-855b-ef9cd5001d57@group-B2574BE87882-cacheEviction-AwaitToRun-AwaitForSignal is interrupted
2023-12-05 10:04:55,972 [86e7a8c2-7a3b-42b5-8c24-f179534e156f@group-D9EAED504055-FollowerState] INFO  impl.FollowerState (FollowerState.java:run(152)) - 86e7a8c2-7a3b-42b5-8c24-f179534e156f@group-D9EAED504055-FollowerState was interrupted
2023-12-05 10:04:55,972 [86e7a8c2-7a3b-42b5-8c24-f179534e156f-impl-thread2] INFO  impl.StateMachineUpdater (StateMachineUpdater.java:stopAndJoin(157)) - 86e7a8c2-7a3b-42b5-8c24-f179534e156f@group-D9EAED504055-StateMachineUpdater: set stopIndex = -1
2023-12-05 10:04:55,972 [86e7a8c2-7a3b-42b5-8c24-f179534e156f-impl-thread2] INFO  server.RaftServer$Division (ServerState.java:close(423)) - 86e7a8c2-7a3b-42b5-8c24-f179534e156f@group-D9EAED504055: applyIndex: -1
2023-12-05 10:04:55,976 [grpc-default-executor-1] INFO  server.GrpcLogAppender (GrpcLogAppender.java:onCompleted(469)) - a14db3af-fd8e-478e-855b-ef9cd5001d57@group-D9EAED504055->86e7a8c2-7a3b-42b5-8c24-f179534e156f-AppendLogResponseHandler: follower responses appendEntries COMPLETED
2023-12-05 10:04:55,976 [grpc-default-executor-1] WARN  server.GrpcLogAppender (GrpcLogAppender.java:resetClient(149)) - a14db3af-fd8e-478e-855b-ef9cd5001d57@group-D9EAED504055->86e7a8c2-7a3b-42b5-8c24-f179534e156f-GrpcLogAppender: Failed to getClient for 86e7a8c2-7a3b-42b5-8c24-f179534e156f
org.apache.ratis.protocol.exceptions.AlreadyClosedException: a14db3af-fd8e-478e-855b-ef9cd5001d57 is already CLOSED
	at org.apache.ratis.util.PeerProxyMap$PeerAndProxy.getProxy(PeerProxyMap.java:61)
	at org.apache.ratis.util.PeerProxyMap.getProxy(PeerProxyMap.java:110)
	at org.apache.ratis.grpc.server.GrpcLogAppender.getClient(GrpcLogAppender.java:121)
	at org.apache.ratis.grpc.server.GrpcLogAppender.resetClient(GrpcLogAppender.java:126)
	at org.apache.ratis.grpc.server.GrpcLogAppender.access$800(GrpcLogAppender.java:61)
	at org.apache.ratis.grpc.server.GrpcLogAppender$AppendLogResponseHandler.onCompleted(GrpcLogAppender.java:471)
	at org.apache.ratis.thirdparty.io.grpc.stub.ClientCalls$StreamObserverToCallListenerAdapter.onClose(ClientCalls.java:479)
	at org.apache.ratis.thirdparty.io.grpc.internal.DelayedClientCall$DelayedListener$3.run(DelayedClientCall.java:489)
	at org.apache.ratis.thirdparty.io.grpc.internal.DelayedClientCall$DelayedListener.delayOrExecute(DelayedClientCall.java:453)
	at org.apache.ratis.thirdparty.io.grpc.internal.DelayedClientCall$DelayedListener.onClose(DelayedClientCall.java:486)
	at org.apache.ratis.thirdparty.io.grpc.internal.ClientCallImpl.closeObserver(ClientCallImpl.java:567)
	at org.apache.ratis.thirdparty.io.grpc.internal.ClientCallImpl.access$300(ClientCallImpl.java:71)
	at org.apache.ratis.thirdparty.io.grpc.internal.ClientCallImpl$ClientStreamListenerImpl$1StreamClosed.runInternal(ClientCallImpl.java:735)
	at org.apache.ratis.thirdparty.io.grpc.internal.ClientCallImpl$ClientStreamListenerImpl$1StreamClosed.runInContext(ClientCallImpl.java:716)
	at org.apache.ratis.thirdparty.io.grpc.internal.ContextRunnable.run(ContextRunnable.java:37)
	at org.apache.ratis.thirdparty.io.grpc.internal.SerializingExecutor.run(SerializingExecutor.java:133)
	at java.util.concurrent.ThreadPoolExecutor.runWorker(ThreadPoolExecutor.java:1149)
	at java.util.concurrent.ThreadPoolExecutor$Worker.run(ThreadPoolExecutor.java:624)
	at java.lang.Thread.run(Thread.java:750)
2023-12-05 10:04:55,976 [main] INFO  server.GrpcService (GrpcService.java:closeImpl(320)) - 86e7a8c2-7a3b-42b5-8c24-f179534e156f: shutdown server org.apache.ratis.grpc.server.GrpcClientProtocolService successfully
2023-12-05 10:04:55,976 [grpc-default-executor-6] INFO  server.GrpcLogAppender (GrpcLogAppender.java:onError(457)) - a14db3af-fd8e-478e-855b-ef9cd5001d57@group-D9EAED504055->1875ca78-02f9-46a2-aa62-0847e90c9d54-GrpcLogAppender is already stopped
2023-12-05 10:04:55,977 [main] INFO  server.GrpcService (GrpcService.java:closeImpl(311)) - 86e7a8c2-7a3b-42b5-8c24-f179534e156f: shutdown server GrpcServerProtocolService now
2023-12-05 10:04:55,979 [ForkJoinPool.commonPool-worker-3] INFO  server.GrpcService (GrpcService.java:closeImpl(320)) - 1875ca78-02f9-46a2-aa62-0847e90c9d54: shutdown server GrpcServerProtocolService successfully
2023-12-05 10:04:55,979 [ForkJoinPool.commonPool-worker-3] INFO  server.GrpcService (GrpcService.java:closeImpl(311)) - 1875ca78-02f9-46a2-aa62-0847e90c9d54: shutdown server org.apache.ratis.grpc.server.GrpcAdminProtocolService now
2023-12-05 10:04:55,979 [86e7a8c2-7a3b-42b5-8c24-f179534e156f@group-D9EAED504055-cacheEviction-AwaitToRun] INFO  util.AwaitToRun (AwaitToRun.java:run(49)) - 86e7a8c2-7a3b-42b5-8c24-f179534e156f@group-D9EAED504055-cacheEviction-AwaitToRun-AwaitForSignal is interrupted
2023-12-05 10:04:55,981 [ForkJoinPool.commonPool-worker-2] INFO  server.GrpcService (GrpcService.java:closeImpl(320)) - a14db3af-fd8e-478e-855b-ef9cd5001d57: shutdown server org.apache.ratis.grpc.server.GrpcClientProtocolService successfully
2023-12-05 10:04:55,981 [ForkJoinPool.commonPool-worker-2] INFO  server.GrpcService (GrpcService.java:closeImpl(311)) - a14db3af-fd8e-478e-855b-ef9cd5001d57: shutdown server GrpcServerProtocolService now
2023-12-05 10:04:55,982 [ForkJoinPool.commonPool-worker-2] INFO  server.GrpcService (GrpcService.java:closeImpl(320)) - a14db3af-fd8e-478e-855b-ef9cd5001d57: shutdown server GrpcServerProtocolService successfully
2023-12-05 10:04:55,982 [ForkJoinPool.commonPool-worker-2] INFO  server.GrpcService (GrpcService.java:closeImpl(311)) - a14db3af-fd8e-478e-855b-ef9cd5001d57: shutdown server org.apache.ratis.grpc.server.GrpcAdminProtocolService now
2023-12-05 10:04:55,982 [grpc-default-executor-5] INFO  server.GrpcLogAppender (GrpcLogAppender.java:onCompleted(469)) - a14db3af-fd8e-478e-855b-ef9cd5001d57@group-D9EAED504055->86e7a8c2-7a3b-42b5-8c24-f179534e156f-AppendLogResponseHandler: follower responses appendEntries COMPLETED
2023-12-05 10:04:55,982 [grpc-default-executor-5] WARN  server.GrpcLogAppender (GrpcLogAppender.java:resetClient(149)) - a14db3af-fd8e-478e-855b-ef9cd5001d57@group-D9EAED504055->86e7a8c2-7a3b-42b5-8c24-f179534e156f-GrpcLogAppender: Failed to getClient for 86e7a8c2-7a3b-42b5-8c24-f179534e156f
org.apache.ratis.protocol.exceptions.AlreadyClosedException: a14db3af-fd8e-478e-855b-ef9cd5001d57 is already CLOSED
	at org.apache.ratis.util.PeerProxyMap$PeerAndProxy.getProxy(PeerProxyMap.java:61)
	at org.apache.ratis.util.PeerProxyMap.getProxy(PeerProxyMap.java:110)
	at org.apache.ratis.grpc.server.GrpcLogAppender.getClient(GrpcLogAppender.java:121)
	at org.apache.ratis.grpc.server.GrpcLogAppender.resetClient(GrpcLogAppender.java:126)
	at org.apache.ratis.grpc.server.GrpcLogAppender.access$800(GrpcLogAppender.java:61)
	at org.apache.ratis.grpc.server.GrpcLogAppender$AppendLogResponseHandler.onCompleted(GrpcLogAppender.java:471)
	at org.apache.ratis.thirdparty.io.grpc.stub.ClientCalls$StreamObserverToCallListenerAdapter.onClose(ClientCalls.java:479)
	at org.apache.ratis.thirdparty.io.grpc.internal.ClientCallImpl.closeObserver(ClientCallImpl.java:567)
	at org.apache.ratis.thirdparty.io.grpc.internal.ClientCallImpl.access$300(ClientCallImpl.java:71)
	at org.apache.ratis.thirdparty.io.grpc.internal.ClientCallImpl$ClientStreamListenerImpl$1StreamClosed.runInternal(ClientCallImpl.java:735)
	at org.apache.ratis.thirdparty.io.grpc.internal.ClientCallImpl$ClientStreamListenerImpl$1StreamClosed.runInContext(ClientCallImpl.java:716)
	at org.apache.ratis.thirdparty.io.grpc.internal.ContextRunnable.run(ContextRunnable.java:37)
	at org.apache.ratis.thirdparty.io.grpc.internal.SerializingExecutor.run(SerializingExecutor.java:133)
	at java.util.concurrent.ThreadPoolExecutor.runWorker(ThreadPoolExecutor.java:1149)
	at java.util.concurrent.ThreadPoolExecutor$Worker.run(ThreadPoolExecutor.java:624)
	at java.lang.Thread.run(Thread.java:750)
2023-12-05 10:04:55,983 [ForkJoinPool.commonPool-worker-3] INFO  server.GrpcService (GrpcService.java:closeImpl(320)) - 1875ca78-02f9-46a2-aa62-0847e90c9d54: shutdown server org.apache.ratis.grpc.server.GrpcAdminProtocolService successfully
2023-12-05 10:04:55,983 [1875ca78-02f9-46a2-aa62-0847e90c9d54-NettyServerStreamRpc-bossGroup--thread1] INFO  logging.LoggingHandler (AbstractInternalLogger.java:log(148)) - [id: 0x2a2e6f22, L:/0.0.0.0:15050] CLOSE
2023-12-05 10:04:55,983 [1875ca78-02f9-46a2-aa62-0847e90c9d54-NettyServerStreamRpc-bossGroup--thread1] INFO  logging.LoggingHandler (AbstractInternalLogger.java:log(148)) - [id: 0x2a2e6f22, L:/0.0.0.0:15050] INACTIVE
2023-12-05 10:04:55,987 [1875ca78-02f9-46a2-aa62-0847e90c9d54-NettyServerStreamRpc-bossGroup--thread1] INFO  logging.LoggingHandler (AbstractInternalLogger.java:log(148)) - [id: 0x2a2e6f22, L:/0.0.0.0:15050] UNREGISTERED
2023-12-05 10:04:55,984 [main] INFO  server.GrpcService (GrpcService.java:closeImpl(320)) - 86e7a8c2-7a3b-42b5-8c24-f179534e156f: shutdown server GrpcServerProtocolService successfully
2023-12-05 10:04:55,987 [main] INFO  server.GrpcService (GrpcService.java:closeImpl(311)) - 86e7a8c2-7a3b-42b5-8c24-f179534e156f: shutdown server org.apache.ratis.grpc.server.GrpcAdminProtocolService now
2023-12-05 10:04:55,983 [ForkJoinPool.commonPool-worker-2] INFO  server.GrpcService (GrpcService.java:closeImpl(320)) - a14db3af-fd8e-478e-855b-ef9cd5001d57: shutdown server org.apache.ratis.grpc.server.GrpcAdminProtocolService successfully
2023-12-05 10:04:55,988 [a14db3af-fd8e-478e-855b-ef9cd5001d57-NettyServerStreamRpc-bossGroup--thread1] INFO  logging.LoggingHandler (AbstractInternalLogger.java:log(148)) - [id: 0xb339904e, L:/0.0.0.0:15068] CLOSE
2023-12-05 10:04:55,988 [a14db3af-fd8e-478e-855b-ef9cd5001d57-NettyServerStreamRpc-bossGroup--thread1] INFO  logging.LoggingHandler (AbstractInternalLogger.java:log(148)) - [id: 0xb339904e, L:/0.0.0.0:15068] INACTIVE
2023-12-05 10:04:55,988 [a14db3af-fd8e-478e-855b-ef9cd5001d57-NettyServerStreamRpc-bossGroup--thread1] INFO  logging.LoggingHandler (AbstractInternalLogger.java:log(148)) - [id: 0xb339904e, L:/0.0.0.0:15068] UNREGISTERED
2023-12-05 10:04:55,991 [main] INFO  server.GrpcService (GrpcService.java:closeImpl(320)) - 86e7a8c2-7a3b-42b5-8c24-f179534e156f: shutdown server org.apache.ratis.grpc.server.GrpcAdminProtocolService successfully
2023-12-05 10:04:55,991 [86e7a8c2-7a3b-42b5-8c24-f179534e156f-NettyServerStreamRpc-bossGroup--thread1] INFO  logging.LoggingHandler (AbstractInternalLogger.java:log(148)) - [id: 0x313e8974, L:/0.0.0.0:15059] CLOSE
2023-12-05 10:04:55,992 [86e7a8c2-7a3b-42b5-8c24-f179534e156f-NettyServerStreamRpc-bossGroup--thread1] INFO  logging.LoggingHandler (AbstractInternalLogger.java:log(148)) - [id: 0x313e8974, L:/0.0.0.0:15059] INACTIVE
2023-12-05 10:04:55,992 [86e7a8c2-7a3b-42b5-8c24-f179534e156f-NettyServerStreamRpc-bossGroup--thread1] INFO  logging.LoggingHandler (AbstractInternalLogger.java:log(148)) - [id: 0x313e8974, L:/0.0.0.0:15059] UNREGISTERED
2023-12-05 10:04:56,076 [1875ca78-02f9-46a2-aa62-0847e90c9d54-impl-thread2] INFO  segmented.SegmentedRaftLogWorker (SegmentedRaftLogWorker.java:close(243)) - 1875ca78-02f9-46a2-aa62-0847e90c9d54@group-7D4B913110C9-SegmentedRaftLogWorker close()
2023-12-05 10:04:56,189 [a14db3af-fd8e-478e-855b-ef9cd5001d57-impl-thread1] INFO  segmented.SegmentedRaftLogWorker (SegmentedRaftLogWorker.java:close(243)) - a14db3af-fd8e-478e-855b-ef9cd5001d57@group-D9EAED504055-SegmentedRaftLogWorker close()
2023-12-05 10:04:56,203 [1875ca78-02f9-46a2-aa62-0847e90c9d54-impl-thread1] INFO  segmented.SegmentedRaftLogWorker (SegmentedRaftLogWorker.java:close(243)) - 1875ca78-02f9-46a2-aa62-0847e90c9d54@group-D9EAED504055-SegmentedRaftLogWorker close()
2023-12-05 10:04:56,205 [JvmPauseMonitor7] INFO  util.JvmPauseMonitor (JvmPauseMonitor.java:run(152)) - JvmPauseMonitor-1875ca78-02f9-46a2-aa62-0847e90c9d54: Stopped
2023-12-05 10:04:56,215 [86e7a8c2-7a3b-42b5-8c24-f179534e156f-impl-thread2] INFO  segmented.SegmentedRaftLogWorker (SegmentedRaftLogWorker.java:close(243)) - 86e7a8c2-7a3b-42b5-8c24-f179534e156f@group-D9EAED504055-SegmentedRaftLogWorker close()
2023-12-05 10:04:56,245 [86e7a8c2-7a3b-42b5-8c24-f179534e156f-impl-thread1] INFO  segmented.SegmentedRaftLogWorker (SegmentedRaftLogWorker.java:close(243)) - 86e7a8c2-7a3b-42b5-8c24-f179534e156f@group-B0DE288270A6-SegmentedRaftLogWorker close()
2023-12-05 10:04:56,246 [JvmPauseMonitor8] INFO  util.JvmPauseMonitor (JvmPauseMonitor.java:run(152)) - JvmPauseMonitor-86e7a8c2-7a3b-42b5-8c24-f179534e156f: Stopped
2023-12-05 10:04:56,331 [a14db3af-fd8e-478e-855b-ef9cd5001d57-impl-thread2] INFO  segmented.SegmentedRaftLogWorker (SegmentedRaftLogWorker.java:close(243)) - a14db3af-fd8e-478e-855b-ef9cd5001d57@group-B2574BE87882-SegmentedRaftLogWorker close()
2023-12-05 10:04:56,332 [JvmPauseMonitor9] INFO  util.JvmPauseMonitor (JvmPauseMonitor.java:run(152)) - JvmPauseMonitor-a14db3af-fd8e-478e-855b-ef9cd5001d57: Stopped
2023-12-05 10:04:58,207 [ForkJoinPool.commonPool-worker-3] INFO  utils.DatanodeStoreCache (DatanodeStoreCache.java:shutdownCache(110)) - Skip clearing cache in mini cluster mode. Entries left: [/home/runner/work/ozone/ozone/hadoop-ozone/integration-test/target/test-dir/MiniOzoneClusterImpl-1950aa9b-5d8b-4a5d-a98b-a91d287d75ff/datanode-0/data-0/containers/hdds/1950aa9b-5d8b-4a5d-a98b-a91d287d75ff/DS-b4856195-1036-4bdf-8b93-650aa8b4a08c/container.db, /home/runner/work/ozone/ozone/hadoop-ozone/integration-test/target/test-dir/MiniOzoneClusterImpl-1950aa9b-5d8b-4a5d-a98b-a91d287d75ff/datanode-1/data-0/containers/hdds/1950aa9b-5d8b-4a5d-a98b-a91d287d75ff/DS-2264195b-b45c-4018-9ecb-3f277fc1091a/container.db, /home/runner/work/ozone/ozone/hadoop-ozone/integration-test/target/test-dir/MiniOzoneClusterImpl-1950aa9b-5d8b-4a5d-a98b-a91d287d75ff/datanode-2/data-0/containers/hdds/1950aa9b-5d8b-4a5d-a98b-a91d287d75ff/DS-be0aa54d-e06e-4f7e-abce-d5a9958353db/container.db]
2023-12-05 10:04:58,210 [ForkJoinPool.commonPool-worker-3] INFO  utils.DatanodeStoreCache (DatanodeStoreCache.java:removeDB(104)) - Removed db /home/runner/work/ozone/ozone/hadoop-ozone/integration-test/target/test-dir/MiniOzoneClusterImpl-1950aa9b-5d8b-4a5d-a98b-a91d287d75ff/datanode-0/data-0/containers/hdds/1950aa9b-5d8b-4a5d-a98b-a91d287d75ff/DS-b4856195-1036-4bdf-8b93-650aa8b4a08c/container.db from cache
2023-12-05 10:04:58,210 [ForkJoinPool.commonPool-worker-3] INFO  volume.HddsVolume (HddsVolume.java:closeDbStore(453)) - SchemaV3 db is stopped at /home/runner/work/ozone/ozone/hadoop-ozone/integration-test/target/test-dir/MiniOzoneClusterImpl-1950aa9b-5d8b-4a5d-a98b-a91d287d75ff/datanode-0/data-0/containers/hdds/1950aa9b-5d8b-4a5d-a98b-a91d287d75ff/DS-b4856195-1036-4bdf-8b93-650aa8b4a08c/container.db for volume DS-b4856195-1036-4bdf-8b93-650aa8b4a08c
2023-12-05 10:04:58,210 [ForkJoinPool.commonPool-worker-3] INFO  utils.BackgroundService (BackgroundService.java:shutdown(160)) - Shutting down service BlockDeletingService
2023-12-05 10:04:58,211 [ForkJoinPool.commonPool-worker-3] INFO  utils.BackgroundService (BackgroundService.java:shutdown(160)) - Shutting down service StaleRecoveringContainerScrubbingService
2023-12-05 10:04:58,212 [ForkJoinPool.commonPool-worker-3] INFO  statemachine.DatanodeStateMachine (DatanodeStateMachine.java:stopDaemon(638)) - Ozone container server stopped.
2023-12-05 10:04:58,213 [ForkJoinPool.commonPool-worker-3] INFO  handler.ContextHandler (ContextHandler.java:doStop(1159)) - Stopped o.e.j.w.WebAppContext@7af48227{hddsDatanode,/,null,STOPPED}{jar:file:/home/runner/.m2/repository/org/apache/ozone/hdds-container-service/1.4.0-SNAPSHOT/hdds-container-service-1.4.0-SNAPSHOT.jar!/webapps/hddsDatanode}
2023-12-05 10:04:58,214 [ForkJoinPool.commonPool-worker-3] INFO  server.AbstractConnector (AbstractConnector.java:doStop(383)) - Stopped ServerConnector@8717557{HTTP/1.1, (http/1.1)}{0.0.0.0:15044}
2023-12-05 10:04:58,214 [ForkJoinPool.commonPool-worker-3] INFO  server.session (HouseKeeper.java:stopScavenging(149)) - node0 Stopped scavenging
2023-12-05 10:04:58,214 [ForkJoinPool.commonPool-worker-3] INFO  handler.ContextHandler (ContextHandler.java:doStop(1159)) - Stopped o.e.j.s.ServletContextHandler@54242d9f{static,/static,jar:file:/home/runner/.m2/repository/org/apache/ozone/hdds-container-service/1.4.0-SNAPSHOT/hdds-container-service-1.4.0-SNAPSHOT.jar!/webapps/static,STOPPED}
2023-12-05 10:04:58,215 [ForkJoinPool.commonPool-worker-3] INFO  handler.ContextHandler (ContextHandler.java:doStop(1159)) - Stopped o.e.j.s.ServletContextHandler@88e78{logs,/logs,file:///home/runner/work/ozone/ozone/hadoop-ozone/integration-test/target/log,STOPPED}
2023-12-05 10:04:58,215 [ForkJoinPool.commonPool-worker-3] INFO  ozone.HddsDatanodeClientProtocolServer (HddsDatanodeClientProtocolServer.java:stop(78)) - Stopping the RPC server for Client Protocol
2023-12-05 10:04:58,215 [ForkJoinPool.commonPool-worker-3] INFO  ipc.Server (Server.java:stop(3523)) - Stopping server on 15045
2023-12-05 10:04:58,216 [IPC Server listener on 15045] INFO  ipc.Server (Server.java:run(1434)) - Stopping IPC Server listener on 15045
2023-12-05 10:04:58,216 [IPC Server Responder] INFO  ipc.Server (Server.java:run(1567)) - Stopping IPC Server Responder
2023-12-05 10:04:58,248 [main] INFO  utils.DatanodeStoreCache (DatanodeStoreCache.java:shutdownCache(110)) - Skip clearing cache in mini cluster mode. Entries left: [/home/runner/work/ozone/ozone/hadoop-ozone/integration-test/target/test-dir/MiniOzoneClusterImpl-1950aa9b-5d8b-4a5d-a98b-a91d287d75ff/datanode-1/data-0/containers/hdds/1950aa9b-5d8b-4a5d-a98b-a91d287d75ff/DS-2264195b-b45c-4018-9ecb-3f277fc1091a/container.db, /home/runner/work/ozone/ozone/hadoop-ozone/integration-test/target/test-dir/MiniOzoneClusterImpl-1950aa9b-5d8b-4a5d-a98b-a91d287d75ff/datanode-2/data-0/containers/hdds/1950aa9b-5d8b-4a5d-a98b-a91d287d75ff/DS-be0aa54d-e06e-4f7e-abce-d5a9958353db/container.db]
2023-12-05 10:04:58,249 [main] INFO  utils.DatanodeStoreCache (DatanodeStoreCache.java:removeDB(104)) - Removed db /home/runner/work/ozone/ozone/hadoop-ozone/integration-test/target/test-dir/MiniOzoneClusterImpl-1950aa9b-5d8b-4a5d-a98b-a91d287d75ff/datanode-1/data-0/containers/hdds/1950aa9b-5d8b-4a5d-a98b-a91d287d75ff/DS-2264195b-b45c-4018-9ecb-3f277fc1091a/container.db from cache
2023-12-05 10:04:58,249 [main] INFO  volume.HddsVolume (HddsVolume.java:closeDbStore(453)) - SchemaV3 db is stopped at /home/runner/work/ozone/ozone/hadoop-ozone/integration-test/target/test-dir/MiniOzoneClusterImpl-1950aa9b-5d8b-4a5d-a98b-a91d287d75ff/datanode-1/data-0/containers/hdds/1950aa9b-5d8b-4a5d-a98b-a91d287d75ff/DS-2264195b-b45c-4018-9ecb-3f277fc1091a/container.db for volume DS-2264195b-b45c-4018-9ecb-3f277fc1091a
2023-12-05 10:04:58,249 [main] INFO  utils.BackgroundService (BackgroundService.java:shutdown(160)) - Shutting down service BlockDeletingService
2023-12-05 10:04:58,249 [main] INFO  utils.BackgroundService (BackgroundService.java:shutdown(160)) - Shutting down service StaleRecoveringContainerScrubbingService
2023-12-05 10:04:58,250 [main] INFO  statemachine.DatanodeStateMachine (DatanodeStateMachine.java:stopDaemon(638)) - Ozone container server stopped.
2023-12-05 10:04:58,250 [main] INFO  handler.ContextHandler (ContextHandler.java:doStop(1159)) - Stopped o.e.j.w.WebAppContext@23a3e942{hddsDatanode,/,null,STOPPED}{jar:file:/home/runner/.m2/repository/org/apache/ozone/hdds-container-service/1.4.0-SNAPSHOT/hdds-container-service-1.4.0-SNAPSHOT.jar!/webapps/hddsDatanode}
2023-12-05 10:04:58,251 [main] INFO  server.AbstractConnector (AbstractConnector.java:doStop(383)) - Stopped ServerConnector@6ad85c00{HTTP/1.1, (http/1.1)}{0.0.0.0:15053}
2023-12-05 10:04:58,251 [main] INFO  server.session (HouseKeeper.java:stopScavenging(149)) - node0 Stopped scavenging
2023-12-05 10:04:58,251 [main] INFO  handler.ContextHandler (ContextHandler.java:doStop(1159)) - Stopped o.e.j.s.ServletContextHandler@49b126e9{static,/static,jar:file:/home/runner/.m2/repository/org/apache/ozone/hdds-container-service/1.4.0-SNAPSHOT/hdds-container-service-1.4.0-SNAPSHOT.jar!/webapps/static,STOPPED}
2023-12-05 10:04:58,251 [main] INFO  handler.ContextHandler (ContextHandler.java:doStop(1159)) - Stopped o.e.j.s.ServletContextHandler@5b7b8a84{logs,/logs,file:///home/runner/work/ozone/ozone/hadoop-ozone/integration-test/target/log,STOPPED}
2023-12-05 10:04:58,252 [main] INFO  ozone.HddsDatanodeClientProtocolServer (HddsDatanodeClientProtocolServer.java:stop(78)) - Stopping the RPC server for Client Protocol
2023-12-05 10:04:58,252 [main] INFO  ipc.Server (Server.java:stop(3523)) - Stopping server on 15054
2023-12-05 10:04:58,253 [IPC Server listener on 15054] INFO  ipc.Server (Server.java:run(1434)) - Stopping IPC Server listener on 15054
2023-12-05 10:04:58,253 [IPC Server Responder] INFO  ipc.Server (Server.java:run(1567)) - Stopping IPC Server Responder
2023-12-05 10:04:58,334 [ForkJoinPool.commonPool-worker-2] INFO  utils.DatanodeStoreCache (DatanodeStoreCache.java:shutdownCache(110)) - Skip clearing cache in mini cluster mode. Entries left: [/home/runner/work/ozone/ozone/hadoop-ozone/integration-test/target/test-dir/MiniOzoneClusterImpl-1950aa9b-5d8b-4a5d-a98b-a91d287d75ff/datanode-2/data-0/containers/hdds/1950aa9b-5d8b-4a5d-a98b-a91d287d75ff/DS-be0aa54d-e06e-4f7e-abce-d5a9958353db/container.db]
2023-12-05 10:04:58,336 [ForkJoinPool.commonPool-worker-2] INFO  utils.DatanodeStoreCache (DatanodeStoreCache.java:removeDB(104)) - Removed db /home/runner/work/ozone/ozone/hadoop-ozone/integration-test/target/test-dir/MiniOzoneClusterImpl-1950aa9b-5d8b-4a5d-a98b-a91d287d75ff/datanode-2/data-0/containers/hdds/1950aa9b-5d8b-4a5d-a98b-a91d287d75ff/DS-be0aa54d-e06e-4f7e-abce-d5a9958353db/container.db from cache
2023-12-05 10:04:58,336 [ForkJoinPool.commonPool-worker-2] INFO  volume.HddsVolume (HddsVolume.java:closeDbStore(453)) - SchemaV3 db is stopped at /home/runner/work/ozone/ozone/hadoop-ozone/integration-test/target/test-dir/MiniOzoneClusterImpl-1950aa9b-5d8b-4a5d-a98b-a91d287d75ff/datanode-2/data-0/containers/hdds/1950aa9b-5d8b-4a5d-a98b-a91d287d75ff/DS-be0aa54d-e06e-4f7e-abce-d5a9958353db/container.db for volume DS-be0aa54d-e06e-4f7e-abce-d5a9958353db
2023-12-05 10:04:58,336 [ForkJoinPool.commonPool-worker-2] INFO  utils.BackgroundService (BackgroundService.java:shutdown(160)) - Shutting down service BlockDeletingService
2023-12-05 10:04:58,336 [ForkJoinPool.commonPool-worker-2] INFO  utils.BackgroundService (BackgroundService.java:shutdown(160)) - Shutting down service StaleRecoveringContainerScrubbingService
2023-12-05 10:04:58,337 [ForkJoinPool.commonPool-worker-2] INFO  statemachine.DatanodeStateMachine (DatanodeStateMachine.java:stopDaemon(638)) - Ozone container server stopped.
2023-12-05 10:04:58,338 [ForkJoinPool.commonPool-worker-2] INFO  handler.ContextHandler (ContextHandler.java:doStop(1159)) - Stopped o.e.j.w.WebAppContext@43837c5{hddsDatanode,/,null,STOPPED}{jar:file:/home/runner/.m2/repository/org/apache/ozone/hdds-container-service/1.4.0-SNAPSHOT/hdds-container-service-1.4.0-SNAPSHOT.jar!/webapps/hddsDatanode}
2023-12-05 10:04:58,338 [ForkJoinPool.commonPool-worker-2] INFO  server.AbstractConnector (AbstractConnector.java:doStop(383)) - Stopped ServerConnector@768c03f9{HTTP/1.1, (http/1.1)}{0.0.0.0:15062}
2023-12-05 10:04:58,338 [ForkJoinPool.commonPool-worker-2] INFO  server.session (HouseKeeper.java:stopScavenging(149)) - node0 Stopped scavenging
2023-12-05 10:04:58,339 [ForkJoinPool.commonPool-worker-2] INFO  handler.ContextHandler (ContextHandler.java:doStop(1159)) - Stopped o.e.j.s.ServletContextHandler@408a8971{static,/static,jar:file:/home/runner/.m2/repository/org/apache/ozone/hdds-container-service/1.4.0-SNAPSHOT/hdds-container-service-1.4.0-SNAPSHOT.jar!/webapps/static,STOPPED}
2023-12-05 10:04:58,339 [ForkJoinPool.commonPool-worker-2] INFO  handler.ContextHandler (ContextHandler.java:doStop(1159)) - Stopped o.e.j.s.ServletContextHandler@3175b9e3{logs,/logs,file:///home/runner/work/ozone/ozone/hadoop-ozone/integration-test/target/log,STOPPED}
2023-12-05 10:04:58,340 [ForkJoinPool.commonPool-worker-2] INFO  ozone.HddsDatanodeClientProtocolServer (HddsDatanodeClientProtocolServer.java:stop(78)) - Stopping the RPC server for Client Protocol
2023-12-05 10:04:58,340 [ForkJoinPool.commonPool-worker-2] INFO  ipc.Server (Server.java:stop(3523)) - Stopping server on 15063
2023-12-05 10:04:58,341 [IPC Server listener on 15063] INFO  ipc.Server (Server.java:run(1434)) - Stopping IPC Server listener on 15063
2023-12-05 10:04:58,341 [IPC Server Responder] INFO  ipc.Server (Server.java:run(1567)) - Stopping IPC Server Responder
2023-12-05 10:04:58,341 [main] INFO  ozone.MiniOzoneClusterImpl (MiniOzoneClusterImpl.java:stopSCM(551)) - Stopping the StorageContainerManager
2023-12-05 10:04:58,341 [main] INFO  server.StorageContainerManager (StorageContainerManager.java:stop(1620)) - Container Balancer is not running.
2023-12-05 10:04:58,342 [main] INFO  server.StorageContainerManager (StorageContainerManager.java:stopReplicationManager(1753)) - Stopping Replication Manager Service.
2023-12-05 10:04:58,342 [main] INFO  replication.ReplicationManager (ReplicationManager.java:stop(324)) - Stopping Replication Monitor Thread.
2023-12-05 10:04:58,342 [UnderReplicatedProcessor] WARN  replication.UnhealthyReplicationProcessor (UnhealthyReplicationProcessor.java:run(180)) - UnderReplicatedProcessor interrupted. Exiting...
2023-12-05 10:04:58,342 [OverReplicatedProcessor] WARN  replication.UnhealthyReplicationProcessor (UnhealthyReplicationProcessor.java:run(180)) - OverReplicatedProcessor interrupted. Exiting...
2023-12-05 10:04:58,342 [main] INFO  server.StorageContainerManager (StorageContainerManager.java:stop(1629)) - Stopping the Datanode Admin Monitor.
2023-12-05 10:04:58,342 [ReplicationMonitor] INFO  replication.ReplicationManager (ReplicationManager.java:run(931)) - Replication Monitor Thread is stopped
2023-12-05 10:04:58,342 [main] INFO  server.StorageContainerManager (StorageContainerManager.java:stop(1636)) - Stopping datanode service RPC server
2023-12-05 10:04:58,343 [main] INFO  server.SCMDatanodeProtocolServer (SCMDatanodeProtocolServer.java:stop(424)) - Stopping the RPC server for DataNodes
2023-12-05 10:04:58,343 [main] INFO  ipc.Server (Server.java:stop(3523)) - Stopping server on 15037
2023-12-05 10:04:58,344 [IPC Server listener on 15037] INFO  ipc.Server (Server.java:run(1434)) - Stopping IPC Server listener on 15037
2023-12-05 10:04:58,344 [IPC Server Responder] INFO  ipc.Server (Server.java:run(1567)) - Stopping IPC Server Responder
2023-12-05 10:04:58,378 [SCMHeartbeatProcessor-0] WARN  node.NodeStateManager (NodeStateManager.java:scheduleNextHealthCheck(878)) - Current Thread is interrupted, shutting down HB processing thread for Node Manager.
2023-12-05 10:04:58,379 [main] INFO  server.StorageContainerManager (StorageContainerManager.java:stop(1644)) - Stopping block service RPC server
2023-12-05 10:04:58,379 [main] INFO  server.SCMBlockProtocolServer (SCMBlockProtocolServer.java:stop(167)) - Stopping the RPC server for Block Protocol
2023-12-05 10:04:58,379 [main] INFO  ipc.Server (Server.java:stop(3523)) - Stopping server on 15036
2023-12-05 10:04:58,380 [IPC Server listener on 15036] INFO  ipc.Server (Server.java:run(1434)) - Stopping IPC Server listener on 15036
2023-12-05 10:04:58,380 [IPC Server Responder] INFO  ipc.Server (Server.java:run(1567)) - Stopping IPC Server Responder
2023-12-05 10:04:58,380 [main] INFO  server.StorageContainerManager (StorageContainerManager.java:stop(1651)) - Stopping the StorageContainerLocationProtocol RPC server
2023-12-05 10:04:58,381 [main] INFO  server.SCMClientProtocolServer (SCMClientProtocolServer.java:stop(210)) - Stopping the RPC server for Client Protocol
2023-12-05 10:04:58,381 [main] INFO  ipc.Server (Server.java:stop(3523)) - Stopping server on 15035
2023-12-05 10:04:58,382 [IPC Server Responder] INFO  ipc.Server (Server.java:run(1567)) - Stopping IPC Server Responder
2023-12-05 10:04:58,382 [main] INFO  server.StorageContainerManager (StorageContainerManager.java:stop(1658)) - Stopping Storage Container Manager HTTP server.
2023-12-05 10:04:58,383 [IPC Server listener on 15035] INFO  ipc.Server (Server.java:run(1434)) - Stopping IPC Server listener on 15035
2023-12-05 10:04:58,383 [main] INFO  handler.ContextHandler (ContextHandler.java:doStop(1159)) - Stopped o.e.j.w.WebAppContext@2d0fc7ef{scm,/,null,STOPPED}{file:/home/runner/work/ozone/ozone/hadoop-ozone/integration-test/target/test-classes/webapps/scm}
2023-12-05 10:04:58,384 [main] INFO  server.AbstractConnector (AbstractConnector.java:doStop(383)) - Stopped ServerConnector@457f64e2{HTTP/1.1, (http/1.1)}{0.0.0.0:15038}
2023-12-05 10:04:58,384 [main] INFO  server.session (HouseKeeper.java:stopScavenging(149)) - node0 Stopped scavenging
2023-12-05 10:04:58,384 [main] INFO  handler.ContextHandler (ContextHandler.java:doStop(1159)) - Stopped o.e.j.s.ServletContextHandler@6af86379{static,/static,file:///home/runner/work/ozone/ozone/hadoop-ozone/integration-test/target/test-classes/webapps/static,STOPPED}
2023-12-05 10:04:58,384 [main] INFO  handler.ContextHandler (ContextHandler.java:doStop(1159)) - Stopped o.e.j.s.ServletContextHandler@2b83bc53{logs,/logs,file:///home/runner/work/ozone/ozone/hadoop-ozone/integration-test/target/log,STOPPED}
2023-12-05 10:04:58,385 [main] INFO  server.StorageContainerManager (StorageContainerManager.java:stop(1666)) - Stopping SCM LayoutVersionManager Service.
2023-12-05 10:04:58,385 [main] INFO  server.StorageContainerManager (StorageContainerManager.java:stop(1678)) - Stopping Block Manager Service.
2023-12-05 10:04:58,385 [main] INFO  utils.BackgroundService (BackgroundService.java:shutdown(160)) - Shutting down service SCMBlockDeletingService
2023-12-05 10:04:58,386 [main] INFO  utils.BackgroundService (BackgroundService.java:shutdown(160)) - Shutting down service SCMBlockDeletingService
2023-12-05 10:04:58,386 [main] INFO  server.StorageContainerManager (StorageContainerManager.java:stop(1698)) - Stopping SCM Event Queue.
2023-12-05 10:04:58,386 [JvmPauseMonitor5] INFO  util.JvmPauseMonitor (JvmPauseMonitor.java:run(152)) - JvmPauseMonitor-1ab04bb6-a37a-49a2-b58c-a059d185eb9d: Stopped
2023-12-05 10:04:58,386 [main] INFO  server.StorageContainerManager (StorageContainerManager.java:stop(1709)) - Stopping SCM HA services.
2023-12-05 10:04:58,387 [main] INFO  pipeline.BackgroundPipelineCreator (BackgroundPipelineCreator.java:stop(152)) - Stopping RatisPipelineUtilsThread.
2023-12-05 10:04:58,387 [RatisPipelineUtilsThread-0] WARN  pipeline.BackgroundPipelineCreator (BackgroundPipelineCreator.java:run(183)) - RatisPipelineUtilsThread is interrupted.
2023-12-05 10:04:58,387 [BackgroundPipelineScrubber] WARN  BackgroundPipelineScrubber (BackgroundSCMService.java:run(115)) - BackgroundPipelineScrubber is interrupted, exit
2023-12-05 10:04:58,387 [main] INFO  BackgroundPipelineScrubber (BackgroundSCMService.java:stop(131)) - Stopping BackgroundPipelineScrubber Service.
2023-12-05 10:04:58,388 [main] INFO  impl.MetricsSystemImpl (MetricsSystemImpl.java:stop(210)) - Stopping HddsDatanode metrics system...
2023-12-05 10:04:58,389 [prometheus] INFO  impl.MetricsSinkAdapter (MetricsSinkAdapter.java:publishMetricsFromQueue(141)) - prometheus thread interrupted.
2023-12-05 10:04:58,389 [main] INFO  impl.MetricsSystemImpl (MetricsSystemImpl.java:stop(216)) - HddsDatanode metrics system stopped.
2023-12-05 10:04:58,390 [main] WARN  pipeline.BackgroundPipelineCreator (BackgroundPipelineCreator.java:stop(148)) - RatisPipelineUtilsThread is not running, just ignore.
2023-12-05 10:04:58,390 [main] INFO  BackgroundPipelineScrubber (BackgroundSCMService.java:stop(126)) - BackgroundPipelineScrubber Service is not running, skip stop.
2023-12-05 10:04:58,390 [main] INFO  ExpiredContainerReplicaOpScrubber (BackgroundSCMService.java:stop(131)) - Stopping ExpiredContainerReplicaOpScrubber Service.
2023-12-05 10:04:58,390 [ExpiredContainerReplicaOpScrubber] WARN  ExpiredContainerReplicaOpScrubber (BackgroundSCMService.java:run(115)) - ExpiredContainerReplicaOpScrubber is interrupted, exit
2023-12-05 10:04:58,390 [main] INFO  utils.BackgroundService (BackgroundService.java:shutdown(160)) - Shutting down service SCMBlockDeletingService
2023-12-05 10:04:58,390 [main] INFO  replication.ReplicationManager (ReplicationManager.java:stop(334)) - Replication Monitor Thread is not running.
2023-12-05 10:04:58,390 [main] WARN  balancer.ContainerBalancer (ContainerBalancer.java:stop(327)) - Cannot stop Container Balancer because it's not running or stopping
2023-12-05 10:04:58,391 [LeaseManager#LeaseMonitor] WARN  lease.LeaseManager (LeaseManager.java:run(287)) - Lease manager is interrupted. Shutting down...
java.lang.InterruptedException
	at java.util.concurrent.locks.AbstractQueuedSynchronizer.doAcquireSharedNanos(AbstractQueuedSynchronizer.java:1039)
	at java.util.concurrent.locks.AbstractQueuedSynchronizer.tryAcquireSharedNanos(AbstractQueuedSynchronizer.java:1328)
	at java.util.concurrent.Semaphore.tryAcquire(Semaphore.java:409)
	at org.apache.hadoop.ozone.lease.LeaseManager$LeaseMonitor.run(LeaseManager.java:285)
	at java.lang.Thread.run(Thread.java:750)
2023-12-05 10:04:58,391 [main] INFO  server.StorageContainerManager (StorageContainerManager.java:stop(1744)) - Stopping SCM MetadataStore.
2023-12-05 10:04:58,412 [main] INFO  db.CodecTestUtil (CodecTestUtil.java:gc(47)) - gc 0
]]></system-out>
  </testcase>
  <testcase name="testReplicaMap" classname="org.apache.hadoop.hdds.scm.container.TestContainerStateManagerIntegration" time="17.58">
    <system-out><![CDATA[2023-12-05 10:04:58,721 [main] WARN  server.ServerUtils (ServerUtils.java:getScmDbDir(155)) - ozone.scm.db.dirs is not configured. We recommend adding this setting. Falling back to ozone.metadata.dirs instead.
2023-12-05 10:04:58,722 [main] WARN  server.ServerUtils (ServerUtils.java:getScmDbDir(155)) - ozone.scm.db.dirs is not configured. We recommend adding this setting. Falling back to ozone.metadata.dirs instead.
2023-12-05 10:04:58,723 [main] INFO  ha.SCMHANodeDetails (SCMHANodeDetails.java:loadSCMHAConfig(210)) - ServiceID for StorageContainerManager is null
2023-12-05 10:04:58,723 [main] INFO  ha.SCMHANodeDetails (SCMHANodeDetails.java:loadSCMHAConfig(215)) - ozone.scm.default.service.id is not defined, falling back to ozone.scm.service.ids to find serviceID for StorageContainerManager if it is HA enabled cluster
2023-12-05 10:04:58,724 [main] WARN  utils.HAUtils (HAUtils.java:getMetaDir(339)) - ozone.scm.db.dirs is not configured. We recommend adding this setting. Falling back to ozone.metadata.dirs instead.
2023-12-05 10:04:58,724 [main] WARN  db.DBStoreBuilder (DBStoreBuilder.java:applyDBDefinition(167)) - ozone.scm.db.dirs is not configured. We recommend adding this setting. Falling back to ozone.metadata.dirs instead.
2023-12-05 10:04:58,802 [main] INFO  net.NodeSchemaLoader (NodeSchemaLoader.java:loadSchemaFromFile(129)) - Loading schema from [jar:file:/home/runner/.m2/repository/org/apache/ozone/hdds-common/1.4.0-SNAPSHOT/hdds-common-1.4.0-SNAPSHOT.jar!/network-topology-default.xml]
2023-12-05 10:04:58,802 [main] INFO  net.NodeSchemaLoader (NodeSchemaLoader.java:loadSchema(176)) - Loading network topology layer schema file
2023-12-05 10:04:58,805 [main] INFO  upgrade.AbstractLayoutVersionManager (AbstractLayoutVersionManager.java:init(83)) - Initializing Layout version manager with metadata layout = HADOOP_PRC_PORTS_IN_DATANODEDETAILS (version = 7), software layout = HADOOP_PRC_PORTS_IN_DATANODEDETAILS (version = 7)
2023-12-05 10:04:58,806 [main] INFO  ha.SequenceIdGenerator (SequenceIdGenerator.java:upgradeToSequenceId(370)) - upgrade localId to 111677748019200000
2023-12-05 10:04:58,807 [main] INFO  ha.SequenceIdGenerator (SequenceIdGenerator.java:upgradeToSequenceId(380)) - upgrade delTxnId to 0
2023-12-05 10:04:58,808 [main] INFO  ha.SequenceIdGenerator (SequenceIdGenerator.java:upgradeToSequenceId(397)) - upgrade containerId to 0
2023-12-05 10:04:58,809 [main] INFO  ha.SequenceIdGenerator (SequenceIdGenerator.java:upgradeToCertificateSequenceId(444)) - upgrade CertificateId to 2
2023-12-05 10:04:58,810 [main] INFO  ha.SequenceIdGenerator (SequenceIdGenerator.java:<init>(241)) - Init the HA SequenceIdGenerator.
2023-12-05 10:04:58,810 [main] WARN  server.ServerUtils (ServerUtils.java:sanitizeUserArgs(80)) - ozone.scm.stale.node.interval value = 300000 is larger than max = 100000 based on the key value of ozone.scm.heartbeat.thread.interval, reset to the max value 100000.
2023-12-05 10:04:58,810 [main] WARN  server.ServerUtils (ServerUtils.java:sanitizeUserArgs(80)) - ozone.scm.stale.node.interval value = 300000 is larger than max = 100000 based on the key value of ozone.scm.heartbeat.thread.interval, reset to the max value 100000.
2023-12-05 10:04:58,812 [main] INFO  node.SCMNodeManager (SCMNodeManager.java:<init>(168)) - Entering startup safe mode.
2023-12-05 10:04:58,813 [main] INFO  algorithms.ContainerPlacementPolicyFactory (ContainerPlacementPolicyFactory.java:getPolicyInternal(86)) - Create container placement policy of type org.apache.hadoop.hdds.scm.container.placement.algorithms.SCMContainerPlacementRackAware
2023-12-05 10:04:58,813 [main] INFO  algorithms.ContainerPlacementPolicyFactory (ContainerPlacementPolicyFactory.java:getPolicyInternal(86)) - Create container placement policy of type org.apache.hadoop.hdds.scm.container.placement.algorithms.SCMContainerPlacementRackScatter
2023-12-05 10:04:58,813 [main] INFO  pipeline.PipelineStateManagerImpl (PipelineStateManagerImpl.java:initialize(78)) - No pipeline exists in current db
2023-12-05 10:04:58,814 [main] INFO  algorithms.LeaderChoosePolicyFactory (LeaderChoosePolicyFactory.java:getPolicy(57)) - Create leader choose policy of type org.apache.hadoop.hdds.scm.pipeline.leader.choose.algorithms.MinLeaderCountChoosePolicy
2023-12-05 10:04:58,814 [main] INFO  algorithms.ContainerPlacementPolicyFactory (ContainerPlacementPolicyFactory.java:getPolicyInternal(86)) - Create container placement policy of type org.apache.hadoop.hdds.scm.container.placement.algorithms.SCMContainerPlacementRackScatter
2023-12-05 10:04:58,814 [main] INFO  ha.SCMServiceManager (SCMServiceManager.java:register(42)) - Registering service BackgroundPipelineCreator.
2023-12-05 10:04:58,814 [main] INFO  pipeline.BackgroundPipelineCreator (BackgroundPipelineCreator.java:start(127)) - Starting RatisPipelineUtilsThread.
2023-12-05 10:04:58,814 [main] INFO  BackgroundPipelineScrubber (BackgroundSCMService.java:start(68)) - Starting BackgroundPipelineScrubber Service.
2023-12-05 10:04:58,815 [main] INFO  ha.SCMServiceManager (SCMServiceManager.java:register(42)) - Registering service BackgroundPipelineScrubber.
2023-12-05 10:04:58,815 [main] INFO  ExpiredContainerReplicaOpScrubber (BackgroundSCMService.java:start(68)) - Starting ExpiredContainerReplicaOpScrubber Service.
2023-12-05 10:04:58,815 [main] INFO  ha.SCMServiceManager (SCMServiceManager.java:register(42)) - Registering service ExpiredContainerReplicaOpScrubber.
2023-12-05 10:04:58,816 [main] INFO  algorithms.PipelineChoosePolicyFactory (PipelineChoosePolicyFactory.java:createPipelineChoosePolicyFromClass(78)) - Create pipeline choose policy of type org.apache.hadoop.hdds.scm.pipeline.choose.algorithms.RandomPipelineChoosePolicy
2023-12-05 10:04:58,816 [main] INFO  algorithms.PipelineChoosePolicyFactory (PipelineChoosePolicyFactory.java:createPipelineChoosePolicyFromClass(78)) - Create pipeline choose policy of type org.apache.hadoop.hdds.scm.pipeline.choose.algorithms.RandomPipelineChoosePolicy
2023-12-05 10:04:58,817 [main] INFO  ha.SCMServiceManager (SCMServiceManager.java:register(42)) - Registering service SCMBlockDeletingService.
2023-12-05 10:04:58,818 [main] INFO  replication.ReplicationManager (ReplicationManager.java:start(292)) - Starting Replication Monitor Thread.
2023-12-05 10:04:58,822 [ReplicationMonitor] INFO  replication.ReplicationManager (ReplicationManager.java:processAll(367)) - Replication Manager is not ready to run until 3000ms after safemode exit
2023-12-05 10:04:58,822 [main] INFO  ha.SCMServiceManager (SCMServiceManager.java:register(42)) - Registering service ReplicationManager.
2023-12-05 10:04:58,822 [main] INFO  safemode.ContainerSafeModeRule (ContainerSafeModeRule.java:<init>(90)) - containers with one replica threshold count 0
2023-12-05 10:04:58,822 [main] INFO  safemode.HealthyPipelineSafeModeRule (HealthyPipelineSafeModeRule.java:initializeRule(169)) - Total pipeline count is 0, healthy pipeline threshold count is 1
2023-12-05 10:04:58,823 [main] INFO  safemode.OneReplicaPipelineSafeModeRule (OneReplicaPipelineSafeModeRule.java:initializeRule(180)) - Total pipeline count is 0, pipeline's with at least one datanode reported threshold count is 0
2023-12-05 10:04:58,823 [main] INFO  server.StorageContainerManager (StorageContainerManager.java:<init>(434)) - SCM start with adminUsers: [runner]
2023-12-05 10:04:58,824 [main] INFO  ipc.CallQueueManager (CallQueueManager.java:<init>(90)) - Using callQueue: class java.util.concurrent.LinkedBlockingQueue, queueCapacity: 2000, scheduler: class org.apache.hadoop.ipc.DefaultRpcScheduler, ipcBackoff: false.
2023-12-05 10:04:58,824 [main] INFO  ipc.Server (Server.java:<init>(1287)) - Listener at 0.0.0.0:15072
2023-12-05 10:04:58,825 [Socket Reader #1 for port 15072] INFO  ipc.Server (Server.java:run(1323)) - Starting Socket Reader #1 for port 15072
2023-12-05 10:04:58,826 [main] INFO  ipc.CallQueueManager (CallQueueManager.java:<init>(90)) - Using callQueue: class java.util.concurrent.LinkedBlockingQueue, queueCapacity: 2000, scheduler: class org.apache.hadoop.ipc.DefaultRpcScheduler, ipcBackoff: false.
2023-12-05 10:04:58,826 [main] INFO  ipc.Server (Server.java:<init>(1287)) - Listener at 0.0.0.0:15071
2023-12-05 10:04:58,826 [Socket Reader #1 for port 15071] INFO  ipc.Server (Server.java:run(1323)) - Starting Socket Reader #1 for port 15071
2023-12-05 10:04:58,828 [main] INFO  ipc.CallQueueManager (CallQueueManager.java:<init>(90)) - Using callQueue: class java.util.concurrent.LinkedBlockingQueue, queueCapacity: 2000, scheduler: class org.apache.hadoop.ipc.DefaultRpcScheduler, ipcBackoff: false.
2023-12-05 10:04:58,828 [main] INFO  ipc.Server (Server.java:<init>(1287)) - Listener at 0.0.0.0:15070
2023-12-05 10:04:58,829 [Socket Reader #1 for port 15070] INFO  ipc.Server (Server.java:run(1323)) - Starting Socket Reader #1 for port 15070
2023-12-05 10:04:58,835 [main] INFO  ha.SCMServiceManager (SCMServiceManager.java:register(42)) - Registering service ContainerBalancer.
2023-12-05 10:04:58,835 [main] INFO  server.StorageContainerManager (StorageContainerManager.java:<init>(447)) - 
Container Balancer status:
Key                            Value
Running                        false
Container Balancer Configuration values:
Key                                                Value
Threshold                                          10
Max Datanodes to Involve per Iteration(percent)    20
Max Size to Move per Iteration                     500GB
Max Size Entering Target per Iteration             26GB
Max Size Leaving Source per Iteration              26GB
Number of Iterations                               10
Time Limit for Single Container's Movement         65min
Time Limit for Single Container's Replication      50min
Interval between each Iteration                    70min
Whether to Enable Network Topology                 false
Whether to Trigger Refresh Datanode Usage Info     false
Container IDs to Exclude from Balancing            None
Datanodes Specified to be Balanced                 None
Datanodes Excluded from Balancing                  None

2023-12-05 10:04:58,836 [main] INFO  ha.SCMContext (SCMContext.java:updateSafeModeStatus(230)) - Update SafeModeStatus from SafeModeStatus{safeModeStatus=true, preCheckPassed=false} to SafeModeStatus{safeModeStatus=true, preCheckPassed=false}.
2023-12-05 10:04:58,836 [main] INFO  server.StorageContainerManager (StorageContainerManager.java:start(1512)) - StorageContainerLocationProtocol RPC server is listening at /0.0.0.0:15070
2023-12-05 10:04:58,838 [main] WARN  impl.MetricsConfig (MetricsConfig.java:loadFirst(136)) - Cannot locate configuration: tried hadoop-metrics2-storagecontainermanager.properties,hadoop-metrics2.properties
2023-12-05 10:04:58,838 [main] INFO  impl.MetricsSystemImpl (MetricsSystemImpl.java:startTimer(378)) - Scheduled Metric snapshot period at 10 second(s).
2023-12-05 10:04:58,838 [main] INFO  impl.MetricsSystemImpl (MetricsSystemImpl.java:start(191)) - StorageContainerManager metrics system started
2023-12-05 10:04:58,847 [main] INFO  impl.MetricsSinkAdapter (MetricsSinkAdapter.java:start(204)) - Sink prometheus started
2023-12-05 10:04:58,847 [main] INFO  impl.MetricsSystemImpl (MetricsSystemImpl.java:registerSink(305)) - Registered sink prometheus
2023-12-05 10:04:58,856 [main] INFO  server.SCMClientProtocolServer (SCMClientProtocolServer.java:start(201)) - RPC server for Client  is listening at /0.0.0.0:15070
2023-12-05 10:04:58,856 [IPC Server Responder] INFO  ipc.Server (Server.java:run(1562)) - IPC Server Responder: starting
2023-12-05 10:04:58,860 [IPC Server listener on 15070] INFO  ipc.Server (Server.java:run(1402)) - IPC Server listener on 15070: starting
2023-12-05 10:04:58,869 [main] INFO  server.StorageContainerManager (StorageContainerManager.java:start(1525)) - ScmBlockLocationProtocol RPC server is listening at /0.0.0.0:15071
2023-12-05 10:04:58,869 [main] INFO  server.SCMBlockProtocolServer (SCMBlockProtocolServer.java:start(158)) - RPC server for Block Protocol is listening at /0.0.0.0:15071
2023-12-05 10:04:58,869 [IPC Server Responder] INFO  ipc.Server (Server.java:run(1562)) - IPC Server Responder: starting
2023-12-05 10:04:58,869 [IPC Server listener on 15071] INFO  ipc.Server (Server.java:run(1402)) - IPC Server listener on 15071: starting
2023-12-05 10:04:58,871 [main] INFO  server.SCMDatanodeProtocolServer (SCMDatanodeProtocolServer.java:start(193)) - ScmDatanodeProtocol RPC server for DataNodes is listening at /0.0.0.0:15072
2023-12-05 10:04:58,872 [IPC Server Responder] INFO  ipc.Server (Server.java:run(1562)) - IPC Server Responder: starting
2023-12-05 10:04:58,872 [IPC Server listener on 15072] INFO  ipc.Server (Server.java:run(1402)) - IPC Server listener on 15072: starting
2023-12-05 10:04:58,873 [JvmPauseMonitor10] INFO  util.JvmPauseMonitor (JvmPauseMonitor.java:run(146)) - JvmPauseMonitor-5a00abb7-fff7-4b06-bf68-e6983e83800d: Started
2023-12-05 10:04:58,874 [main] INFO  http.BaseHttpServer (BaseHttpServer.java:newHttpServer2BuilderForOzone(223)) - Starting Web-server for scm at: http://0.0.0.0:15073
2023-12-05 10:04:58,874 [main] INFO  http.BaseHttpServer (BaseHttpServer.java:<init>(110)) - Hadoop Security Enabled: false Ozone Security Enabled: false Ozone HTTP Security Enabled: false 
2023-12-05 10:04:58,875 [main] WARN  server.AuthenticationFilter (AuthenticationFilter.java:constructSecretProvider(240)) - Unable to initialize FileSignerSecretProvider, falling back to use random secrets. Reason: Could not read signature secret file: /home/runner/hadoop-http-auth-signature-secret
2023-12-05 10:04:58,880 [main] INFO  http.HttpRequestLog (HttpRequestLog.java:getRequestLog(86)) - Http request log for http.requests.scm is not defined
2023-12-05 10:04:58,882 [main] INFO  http.HttpServer2 (HttpServer2.java:addGlobalFilter(1031)) - Added global filter 'safety' (class=org.apache.hadoop.hdds.server.http.HttpServer2$QuotingInputFilter)
2023-12-05 10:04:58,882 [main] INFO  http.HttpServer2 (HttpServer2.java:addFilter(1007)) - Added filter static_user_filter (class=org.apache.hadoop.http.lib.StaticUserWebFilter$StaticUserFilter) to context scm
2023-12-05 10:04:58,882 [main] INFO  http.HttpServer2 (HttpServer2.java:addFilter(1015)) - Added filter static_user_filter (class=org.apache.hadoop.http.lib.StaticUserWebFilter$StaticUserFilter) to context logs
2023-12-05 10:04:58,883 [main] INFO  http.HttpServer2 (HttpServer2.java:addFilter(1015)) - Added filter static_user_filter (class=org.apache.hadoop.http.lib.StaticUserWebFilter$StaticUserFilter) to context static
2023-12-05 10:04:58,883 [main] INFO  http.BaseHttpServer (BaseHttpServer.java:<init>(189)) - HTTP server of scm uses base directory /home/runner/work/ozone/ozone/hadoop-ozone/integration-test/target/test-dir/MiniOzoneClusterImpl-15b925ce-33b9-4c4c-8faa-158337806406/ozone-meta/webserver
2023-12-05 10:04:58,884 [main] INFO  http.HttpServer2 (HttpServer2.java:bindListener(1231)) - Jetty bound to port 15073
2023-12-05 10:04:58,884 [main] INFO  server.Server (Server.java:doStart(375)) - jetty-9.4.53.v20231009; built: 2023-10-09T12:29:09.265Z; git: 27bde00a0b95a1d5bbee0eae7984f891d2d0f8c9; jvm 1.8.0_392-b08
2023-12-05 10:04:58,885 [main] INFO  server.session (DefaultSessionIdManager.java:doStart(334)) - DefaultSessionIdManager workerName=node0
2023-12-05 10:04:58,885 [main] INFO  server.session (DefaultSessionIdManager.java:doStart(339)) - No SessionScavenger set, using defaults
2023-12-05 10:04:58,885 [main] INFO  server.session (HouseKeeper.java:startScavenging(132)) - node0 Scavenging every 600000ms
2023-12-05 10:04:58,886 [main] INFO  handler.ContextHandler (ContextHandler.java:doStart(921)) - Started o.e.j.s.ServletContextHandler@40beeda{logs,/logs,file:///home/runner/work/ozone/ozone/hadoop-ozone/integration-test/target/log,AVAILABLE}
2023-12-05 10:04:58,886 [main] INFO  handler.ContextHandler (ContextHandler.java:doStart(921)) - Started o.e.j.s.ServletContextHandler@5cd1a43e{static,/static,file:///home/runner/work/ozone/ozone/hadoop-ozone/integration-test/target/test-classes/webapps/static,AVAILABLE}
2023-12-05 10:04:58,889 [main] INFO  handler.ContextHandler (ContextHandler.java:doStart(921)) - Started o.e.j.w.WebAppContext@622b8f8c{scm,/,file:///home/runner/work/ozone/ozone/hadoop-ozone/integration-test/target/test-classes/webapps/scm/,AVAILABLE}{file:/home/runner/work/ozone/ozone/hadoop-ozone/integration-test/target/test-classes/webapps/scm}
2023-12-05 10:04:58,890 [main] INFO  server.AbstractConnector (AbstractConnector.java:doStart(333)) - Started ServerConnector@18c32da4{HTTP/1.1, (http/1.1)}{0.0.0.0:15073}
2023-12-05 10:04:58,890 [main] INFO  server.Server (Server.java:doStart(415)) - Started @39554ms
2023-12-05 10:04:58,890 [main] WARN  impl.MetricsSystemImpl (MetricsSystemImpl.java:register(279)) - Sink prometheus already exists!
2023-12-05 10:04:58,891 [main] INFO  http.BaseHttpServer (BaseHttpServer.java:updateConnectorAddress(354)) - HTTP server of scm listening at http://0.0.0.0:15073
2023-12-05 10:04:58,891 [main] WARN  server.ServerUtils (ServerUtils.java:getDBPath(311)) - ozone.om.db.dirs is not configured. We recommend adding this setting. Falling back to ozone.metadata.dirs instead.
2023-12-05 10:04:58,892 [main] INFO  ha.OMHANodeDetails (OMHANodeDetails.java:loadOMHAConfig(115)) - ozone.om.internal.service.id is not defined, falling back to ozone.om.service.ids to find serviceID for OzoneManager if it is HA enabled cluster
2023-12-05 10:04:58,893 [main] INFO  ha.OMHANodeDetails (OMHANodeDetails.java:loadOMHAConfig(226)) - Configuration does not have ozone.om.address set. Falling back to the default OM address /127.0.0.1:15074
2023-12-05 10:04:58,893 [main] INFO  ha.OMHANodeDetails (OMHANodeDetails.java:getOMNodeDetailsForNonHA(254)) - OM Service ID is not set. Setting it to the default ID: omServiceIdDefault
2023-12-05 10:04:58,893 [main] INFO  ha.OMHANodeDetails (OMHANodeDetails.java:getOMNodeDetailsForNonHA(261)) - OM Node ID is not set. Setting it to the default ID: om1
2023-12-05 10:04:58,893 [main] WARN  server.ServerUtils (ServerUtils.java:getDBPath(311)) - ozone.om.db.dirs is not configured. We recommend adding this setting. Falling back to ozone.metadata.dirs instead.
2023-12-05 10:04:58,894 [main] INFO  upgrade.AbstractLayoutVersionManager (AbstractLayoutVersionManager.java:init(83)) - Initializing Layout version manager with metadata layout = QUOTA (version = 6), software layout = QUOTA (version = 6)
2023-12-05 10:04:58,943 [main] INFO  reflections.Reflections (Reflections.java:scan(232)) - Reflections took 47 ms to scan 2 urls, producing 190 keys and 527 values [using 4 cores]
2023-12-05 10:04:58,943 [main] INFO  upgrade.OMLayoutVersionManager (OMLayoutVersionManager.java:lambda$0(115)) - Skipping Upgrade Action QuotaRepairUpgradeAction since it has been finalized.
2023-12-05 10:04:58,943 [main] INFO  upgrade.OMLayoutVersionManager (OMLayoutVersionManager.java:lambda$0(115)) - Skipping Upgrade Action MockOmUpgradeAction since it has been finalized.
2023-12-05 10:04:58,944 [main] WARN  server.ServerUtils (ServerUtils.java:getDBPath(311)) - ozone.om.db.dirs is not configured. We recommend adding this setting. Falling back to ozone.metadata.dirs instead.
2023-12-05 10:04:58,944 [main] INFO  proxy.SCMBlockLocationFailoverProxyProvider (SCMBlockLocationFailoverProxyProvider.java:<init>(115)) - Created block location fail-over proxy with 1 nodes: [nodeId=scmNodeId,nodeAddress=/0.0.0.0:15071]
2023-12-05 10:04:58,946 [main] INFO  proxy.SCMBlockLocationFailoverProxyProvider (SCMBlockLocationFailoverProxyProvider.java:<init>(115)) - Created block location fail-over proxy with 1 nodes: [nodeId=scmNodeId,nodeAddress=/0.0.0.0:15071]
2023-12-05 10:04:58,952 [main] INFO  om.OzoneManager (OzoneManager.java:<init>(674)) - OM start with adminUsers: [runner]
2023-12-05 10:04:58,953 [main] WARN  server.ServerUtils (ServerUtils.java:getDBPath(311)) - ozone.om.db.dirs is not configured. We recommend adding this setting. Falling back to ozone.metadata.dirs instead.
2023-12-05 10:04:58,954 [main] INFO  helpers.OmKeyInfo (OmKeyInfo.java:getCodec(71)) - OmKeyInfo.getCodec ignorePipeline = true
2023-12-05 10:04:59,095 [main] INFO  om.OzoneManager (OzoneManager.java:instantiateServices(808)) - S3 Multi-Tenancy is disabled
2023-12-05 10:04:59,095 [main] INFO  om.OmSnapshotManager (OmSnapshotManager.java:<init>(176)) - Ozone filesystem snapshot feature is enabled.
2023-12-05 10:04:59,096 [main] WARN  server.ServerUtils (ServerUtils.java:getDBPath(311)) - ozone.om.snapshot.diff.db.dir is not configured. We recommend adding this setting. Falling back to ozone.metadata.dirs instead.
2023-12-05 10:04:59,114 [main] INFO  snapshot.SnapshotDiffManager (SnapshotDiffManager.java:closeExecutorService(1716)) - Shutting down executorService: 'SstDumpToolExecutor'
2023-12-05 10:04:59,116 [main] INFO  om.OzoneManager (OzoneManager.java:addS3GVolumeToDB(4440)) - Created Volume s3v With Owner runner required for S3Gateway operations.
2023-12-05 10:04:59,116 [main] WARN  server.ServerUtils (ServerUtils.java:getDefaultRatisDirectory(323)) - Storage directory for Ratis is not configured. It is a good idea to map this to an SSD disk. Falling back to ozone.metadata.dirs
2023-12-05 10:04:59,116 [main] WARN  utils.OzoneManagerRatisUtils (OzoneManagerRatisUtils.java:getOMRatisSnapshotDirectory(473)) - ozone.om.ratis.snapshot.dir is not configured. Falling back to ozone.metadata.dirs config
2023-12-05 10:04:59,117 [main] WARN  server.ServerUtils (ServerUtils.java:getDefaultRatisDirectory(323)) - Storage directory for Ratis is not configured. It is a good idea to map this to an SSD disk. Falling back to ozone.metadata.dirs
2023-12-05 10:04:59,118 [main] INFO  ratis.OzoneManagerRatisServer (OzoneManagerRatisServer.java:<init>(168)) - Instantiating OM Ratis server with groupID: omServiceIdDefault and peers: localhost:15077
2023-12-05 10:04:59,118 [main] INFO  ratis.OzoneManagerStateMachine (OzoneManagerStateMachine.java:loadSnapshotInfoFromDB(708)) - LastAppliedIndex is set from TransactionInfo from OM DB as (t:0, i:~)
2023-12-05 10:04:59,119 [main] INFO  server.RaftServer (ConfUtils.java:logGet(46)) - raft.rpc.type = GRPC (default)
2023-12-05 10:04:59,119 [main] INFO  grpc.GrpcConfigKeys (ConfUtils.java:logFallback(53)) - raft.grpc.admin.host = null (fallback to raft.grpc.server.host)
2023-12-05 10:04:59,119 [main] INFO  grpc.GrpcConfigKeys (ConfUtils.java:logFallback(53)) - raft.grpc.admin.port = 15077 (fallback to raft.grpc.server.port)
2023-12-05 10:04:59,119 [main] INFO  grpc.GrpcConfigKeys (ConfUtils.java:logFallback(53)) - raft.grpc.client.host = null (fallback to raft.grpc.server.host)
2023-12-05 10:04:59,120 [main] INFO  grpc.GrpcConfigKeys (ConfUtils.java:logFallback(53)) - raft.grpc.client.port = 15077 (fallback to raft.grpc.server.port)
2023-12-05 10:04:59,120 [main] INFO  grpc.GrpcConfigKeys (ConfUtils.java:logGet(46)) - raft.grpc.server.host = null (default)
2023-12-05 10:04:59,120 [main] INFO  grpc.GrpcConfigKeys (ConfUtils.java:logGet(46)) - raft.grpc.server.port = 15077 (custom)
2023-12-05 10:04:59,120 [main] INFO  server.GrpcService (ConfUtils.java:logGet(46)) - raft.grpc.message.size.max = 4194304 (custom)
2023-12-05 10:04:59,120 [main] INFO  server.RaftServerConfigKeys (ConfUtils.java:logGet(46)) - raft.server.log.appender.buffer.byte-limit = 4194304 (custom)
2023-12-05 10:04:59,121 [main] INFO  server.GrpcService (ConfUtils.java:logGet(46)) - raft.grpc.flow.control.window = 1MB (=1048576) (default)
2023-12-05 10:04:59,121 [main] INFO  server.RaftServerConfigKeys (ConfUtils.java:logGet(46)) - raft.server.rpc.request.timeout = 3000ms (default)
2023-12-05 10:04:59,121 [main] INFO  grpc.GrpcConfigKeys (ConfUtils.java:logGet(46)) - raft.grpc.server.heartbeat.channel = true (default)
2023-12-05 10:04:59,121 [main] INFO  grpc.GrpcConfigKeys (ConfUtils.java:logGet(46)) - raft.grpc.server.async.request.thread.pool.cached = true (default)
2023-12-05 10:04:59,121 [main] INFO  grpc.GrpcConfigKeys (ConfUtils.java:logGet(46)) - raft.grpc.server.async.request.thread.pool.size = 32 (default)
2023-12-05 10:04:59,123 [main] INFO  impl.DataStreamServerImpl (ConfUtils.java:logGet(46)) - raft.datastream.type = DISABLED (default)
2023-12-05 10:04:59,123 [main] INFO  server.RaftServerConfigKeys (ConfUtils.java:logGet(46)) - raft.server.sleep.deviation.threshold = 300ms (default)
2023-12-05 10:04:59,123 [main] INFO  server.RaftServerConfigKeys (ConfUtils.java:logGet(46)) - raft.server.close.threshold = 60s (default)
2023-12-05 10:04:59,123 [main] INFO  server.RaftServerConfigKeys (ConfUtils.java:logGet(46)) - raft.server.leaderelection.leader.step-down.wait-time = 10s (default)
2023-12-05 10:04:59,124 [main] INFO  server.RaftServerConfigKeys (ConfUtils.java:logGet(46)) - raft.server.storage.dir = [/home/runner/work/ozone/ozone/hadoop-ozone/integration-test/target/test-dir/MiniOzoneClusterImpl-15b925ce-33b9-4c4c-8faa-158337806406/ozone-meta/ratis] (custom)
2023-12-05 10:04:59,124 [main] INFO  server.RaftServerConfigKeys (ConfUtils.java:logGet(46)) - raft.server.threadpool.proxy.cached = true (default)
2023-12-05 10:04:59,124 [main] INFO  server.RaftServerConfigKeys (ConfUtils.java:logGet(46)) - raft.server.threadpool.proxy.size = 0 (default)
2023-12-05 10:04:59,125 [main] INFO  server.RaftServer (RaftServerProxy.java:addNew(100)) - om1: addNew group-C5BA1605619E:[om1|localhost:15077] returns group-C5BA1605619E:java.util.concurrent.CompletableFuture@36ef1d8d[Not completed]
2023-12-05 10:04:59,125 [main] INFO  om.OzoneManager (OzoneManager.java:initializeRatisServer(2144)) - OzoneManager Ratis server initialized at port 15077
2023-12-05 10:04:59,125 [main] INFO  om.OzoneManager (OzoneManager.java:getRpcServer(1210)) - Creating RPC Server
2023-12-05 10:04:59,125 [om1-groupManagement] INFO  server.RaftServer$Division (RaftServerImpl.java:<init>(256)) - om1: new RaftServerImpl for group-C5BA1605619E:[om1|localhost:15077] with OzoneManagerStateMachine:uninitialized
2023-12-05 10:04:59,127 [om1-groupManagement] INFO  server.RaftServerConfigKeys (ConfUtils.java:logGet(46)) - raft.server.rpc.timeout.min = 1s (custom)
2023-12-05 10:04:59,127 [om1-groupManagement] INFO  server.RaftServerConfigKeys (ConfUtils.java:logGet(46)) - raft.server.rpc.timeout.max = 1200ms (custom)
2023-12-05 10:04:59,127 [om1-groupManagement] INFO  server.RaftServerConfigKeys (ConfUtils.java:logGet(46)) - raft.server.rpc.sleep.time = 25ms (default)
2023-12-05 10:04:59,127 [om1-groupManagement] INFO  server.RaftServerConfigKeys (ConfUtils.java:logGet(46)) - raft.server.rpc.slowness.timeout = 120s (custom)
2023-12-05 10:04:59,127 [om1-groupManagement] INFO  server.RaftServerConfigKeys (ConfUtils.java:logGet(46)) - raft.server.leaderelection.leader.step-down.wait-time = 10s (default)
2023-12-05 10:04:59,127 [om1-groupManagement] INFO  server.RaftServerConfigKeys (ConfUtils.java:logGet(46)) - raft.server.leaderelection.member.majority-add = false (default)
2023-12-05 10:04:59,127 [om1-groupManagement] INFO  server.RaftServerConfigKeys (ConfUtils.java:logGet(46)) - raft.server.sleep.deviation.threshold = 300ms (default)
2023-12-05 10:04:59,127 [om1-groupManagement] INFO  server.RaftServer$Division (ServerState.java:<init>(113)) - om1@group-C5BA1605619E: ConfigurationManager, init=-1: peers:[om1|localhost:15077]|listeners:[], old=null, confs=<EMPTY_MAP>
2023-12-05 10:04:59,127 [om1-groupManagement] INFO  server.RaftServerConfigKeys (ConfUtils.java:logGet(46)) - raft.server.notification.no-leader.timeout = 120s (custom)
2023-12-05 10:04:59,127 [om1-groupManagement] INFO  server.RaftServerConfigKeys (ConfUtils.java:logGet(46)) - raft.server.read.timeout = 10s (default)
2023-12-05 10:04:59,127 [om1-groupManagement] INFO  server.RaftServerConfigKeys (ConfUtils.java:logGet(46)) - raft.server.retrycache.expirytime = 300s (custom)
2023-12-05 10:04:59,128 [om1-groupManagement] INFO  server.RaftServerConfigKeys (ConfUtils.java:logGet(46)) - raft.server.retrycache.statistics.expirytime = 100ms (default)
2023-12-05 10:04:59,128 [om1-groupManagement] INFO  server.RaftServerConfigKeys (ConfUtils.java:logGet(46)) - raft.server.read.option = DEFAULT (default)
2023-12-05 10:04:59,128 [om1-groupManagement] INFO  server.RaftServerConfigKeys (ConfUtils.java:logGet(46)) - raft.server.read.read-after-write-consistent.write-index-cache.expiry-time = 60s (default)
2023-12-05 10:04:59,130 [om1-groupManagement] INFO  server.RaftServerConfigKeys (ConfUtils.java:logGet(46)) - raft.server.rpc.request.timeout = 3000ms (default)
2023-12-05 10:04:59,130 [om1-groupManagement] INFO  server.RaftServerConfigKeys (ConfUtils.java:logGet(46)) - raft.server.log.appender.install.snapshot.enabled = false (custom)
2023-12-05 10:04:59,130 [om1-groupManagement] INFO  server.RaftServerConfigKeys (ConfUtils.java:logGet(46)) - raft.server.threadpool.server.cached = true (default)
2023-12-05 10:04:59,130 [om1-groupManagement] INFO  server.RaftServerConfigKeys (ConfUtils.java:logGet(46)) - raft.server.threadpool.server.size = 0 (default)
2023-12-05 10:04:59,130 [om1-groupManagement] INFO  server.RaftServerConfigKeys (ConfUtils.java:logGet(46)) - raft.server.threadpool.client.cached = true (default)
2023-12-05 10:04:59,130 [om1-groupManagement] INFO  server.RaftServerConfigKeys (ConfUtils.java:logGet(46)) - raft.server.threadpool.client.size = 0 (default)
2023-12-05 10:04:59,351 [main] INFO  reflections.Reflections (Reflections.java:scan(232)) - Reflections took 225 ms to scan 20 urls, producing 71 keys and 6159 values [using 4 cores]
2023-12-05 10:04:59,353 [main] INFO  ipc.CallQueueManager (CallQueueManager.java:<init>(90)) - Using callQueue: class java.util.concurrent.LinkedBlockingQueue, queueCapacity: 2000, scheduler: class org.apache.hadoop.ipc.DefaultRpcScheduler, ipcBackoff: false.
2023-12-05 10:04:59,353 [main] INFO  ipc.Server (Server.java:<init>(1287)) - Listener at 127.0.0.1:15074
2023-12-05 10:04:59,353 [Socket Reader #1 for port 15074] INFO  ipc.Server (Server.java:run(1323)) - Starting Socket Reader #1 for port 15074
2023-12-05 10:04:59,367 [main] INFO  impl.MetricsSystemImpl (MetricsSystemImpl.java:init(158)) - OzoneManager metrics system started (again)
2023-12-05 10:04:59,375 [main] INFO  om.OzoneManager (OzoneManager.java:start(1632)) - OzoneManager RPC server is listening at localhost/127.0.0.1:15074
2023-12-05 10:04:59,375 [main] INFO  ratis.OzoneManagerRatisServer (OzoneManagerRatisServer.java:start(585)) - Starting OzoneManagerRatisServer om1 at port 15077
2023-12-05 10:04:59,375 [om1-impl-thread1] INFO  server.RaftServerConfigKeys (ConfUtils.java:logGet(46)) - raft.server.storage.free-space.min = 0MB (=0) (default)
2023-12-05 10:04:59,375 [om1-impl-thread1] INFO  server.RaftServerConfigKeys (ConfUtils.java:logGet(46)) - raft.server.log.corruption.policy = EXCEPTION (default)
2023-12-05 10:04:59,376 [om1-impl-thread1] INFO  server.RaftServerConfigKeys (ConfUtils.java:logGet(46)) - raft.server.storage.dir = [/home/runner/work/ozone/ozone/hadoop-ozone/integration-test/target/test-dir/MiniOzoneClusterImpl-15b925ce-33b9-4c4c-8faa-158337806406/ozone-meta/ratis] (custom)
2023-12-05 10:04:59,376 [om1-impl-thread1] INFO  storage.RaftStorageDirectory (RaftStorageDirectoryImpl.java:analyzeStorage(138)) - The storage directory /home/runner/work/ozone/ozone/hadoop-ozone/integration-test/target/test-dir/MiniOzoneClusterImpl-15b925ce-33b9-4c4c-8faa-158337806406/ozone-meta/ratis/bf265839-605b-3f16-9796-c5ba1605619e does not exist. Creating ...
2023-12-05 10:04:59,377 [om1-impl-thread1] INFO  storage.RaftStorageDirectory (RaftStorageDirectoryImpl.java:tryLock(232)) - Lock on /home/runner/work/ozone/ozone/hadoop-ozone/integration-test/target/test-dir/MiniOzoneClusterImpl-15b925ce-33b9-4c4c-8faa-158337806406/ozone-meta/ratis/bf265839-605b-3f16-9796-c5ba1605619e/in_use.lock acquired by nodename 4813@fv-az884-53
2023-12-05 10:04:59,377 [om1-impl-thread1] INFO  storage.RaftStorage (RaftStorageImpl.java:format(97)) - Storage directory /home/runner/work/ozone/ozone/hadoop-ozone/integration-test/target/test-dir/MiniOzoneClusterImpl-15b925ce-33b9-4c4c-8faa-158337806406/ozone-meta/ratis/bf265839-605b-3f16-9796-c5ba1605619e has been successfully formatted.
2023-12-05 10:04:59,378 [om1-impl-thread1] INFO  server.RaftServerConfigKeys (ConfUtils.java:logGet(46)) - raft.server.log.use.memory = false (default)
2023-12-05 10:04:59,378 [om1-impl-thread1] INFO  server.RaftServerConfigKeys (ConfUtils.java:logGet(46)) - raft.server.log.purge.gap = 1000000 (custom)
2023-12-05 10:04:59,378 [om1-impl-thread1] INFO  server.RaftServerConfigKeys (ConfUtils.java:logGet(46)) - raft.server.log.appender.buffer.byte-limit = 4194304 (custom)
2023-12-05 10:04:59,378 [om1-impl-thread1] INFO  server.RaftServerConfigKeys (ConfUtils.java:logGet(46)) - raft.server.log.statemachine.data.read.timeout = 1000ms (default)
2023-12-05 10:04:59,378 [om1-impl-thread1] INFO  server.RaftServerConfigKeys (ConfUtils.java:logGet(46)) - raft.server.log.purge.preservation.log.num = 0 (default)
2023-12-05 10:04:59,379 [om1-impl-thread1] INFO  server.RaftServerConfigKeys (ConfUtils.java:logGet(46)) - raft.server.log.segment.size.max = 4194304 (custom)
2023-12-05 10:04:59,379 [om1-impl-thread1] INFO  server.RaftServerConfigKeys (ConfUtils.java:logGet(46)) - raft.server.log.segment.cache.num.max = 2 (custom)
2023-12-05 10:04:59,379 [om1-impl-thread1] INFO  server.RaftServerConfigKeys (ConfUtils.java:logGet(46)) - raft.server.log.segment.cache.size.max = 200MB (=209715200) (default)
2023-12-05 10:04:59,379 [om1-impl-thread1] INFO  server.RaftServerConfigKeys (ConfUtils.java:logGet(46)) - raft.server.log.appender.buffer.byte-limit = 4194304 (custom)
2023-12-05 10:04:59,379 [om1-impl-thread1] INFO  util.AwaitToRun (AwaitToRun.java:start(81)) - Thread[om1@group-C5BA1605619E-cacheEviction-AwaitToRun,5,main] started
2023-12-05 10:04:59,379 [om1-impl-thread1] INFO  segmented.SegmentedRaftLogWorker (SegmentedRaftLogWorker.java:<init>(184)) - new om1@group-C5BA1605619E-SegmentedRaftLogWorker for RaftStorageImpl:Storage Directory /home/runner/work/ozone/ozone/hadoop-ozone/integration-test/target/test-dir/MiniOzoneClusterImpl-15b925ce-33b9-4c4c-8faa-158337806406/ozone-meta/ratis/bf265839-605b-3f16-9796-c5ba1605619e
2023-12-05 10:04:59,379 [om1-impl-thread1] INFO  server.RaftServerConfigKeys (ConfUtils.java:logGet(46)) - raft.server.log.queue.byte-limit = 64MB (=67108864) (default)
2023-12-05 10:04:59,379 [om1-impl-thread1] INFO  server.RaftServerConfigKeys (ConfUtils.java:logGet(46)) - raft.server.log.queue.element-limit = 4096 (default)
2023-12-05 10:04:59,379 [om1-impl-thread1] INFO  server.RaftServerConfigKeys (ConfUtils.java:logGet(46)) - raft.server.log.segment.size.max = 4194304 (custom)
2023-12-05 10:04:59,379 [om1-impl-thread1] INFO  server.RaftServerConfigKeys (ConfUtils.java:logGet(46)) - raft.server.log.preallocated.size = 4194304 (custom)
2023-12-05 10:04:59,380 [om1-impl-thread1] INFO  server.RaftServerConfigKeys (ConfUtils.java:logGet(46)) - raft.server.log.force.sync.num = 128 (default)
2023-12-05 10:04:59,380 [om1-impl-thread1] INFO  server.RaftServerConfigKeys (ConfUtils.java:logGet(46)) - raft.server.log.statemachine.data.sync = true (default)
2023-12-05 10:04:59,380 [om1-impl-thread1] INFO  server.RaftServerConfigKeys (ConfUtils.java:logGet(46)) - raft.server.log.statemachine.data.sync.timeout = 10s (default)
2023-12-05 10:04:59,380 [om1-impl-thread1] INFO  server.RaftServerConfigKeys (ConfUtils.java:logGet(46)) - raft.server.log.statemachine.data.sync.timeout.retry = -1 (default)
2023-12-05 10:04:59,380 [om1-impl-thread1] INFO  server.RaftServerConfigKeys (ConfUtils.java:logGet(46)) - raft.server.log.write.buffer.size = 4194312 (custom)
2023-12-05 10:04:59,381 [om1-impl-thread1] INFO  server.RaftServerConfigKeys (ConfUtils.java:logGet(46)) - raft.server.log.appender.buffer.byte-limit = 4194304 (custom)
2023-12-05 10:04:59,382 [om1-impl-thread1] INFO  server.RaftServerConfigKeys (ConfUtils.java:logGet(46)) - raft.server.log.unsafe-flush.enabled = false (default)
2023-12-05 10:04:59,382 [om1-impl-thread1] INFO  server.RaftServerConfigKeys (ConfUtils.java:logGet(46)) - raft.server.log.async-flush.enabled = false (default)
2023-12-05 10:04:59,382 [om1-impl-thread1] INFO  server.RaftServerConfigKeys (ConfUtils.java:logGet(46)) - raft.server.log.statemachine.data.caching.enabled = false (default)
2023-12-05 10:04:59,382 [om1-impl-thread1] INFO  segmented.SegmentedRaftLogWorker (SegmentedRaftLogWorker.java:lambda$new$0(135)) - om1@group-C5BA1605619E-SegmentedRaftLogWorker: flushIndex: setUnconditionally 0 -> -1
2023-12-05 10:04:59,382 [om1-impl-thread1] INFO  segmented.SegmentedRaftLogWorker (SegmentedRaftLogWorker.java:lambda$new$0(135)) - om1@group-C5BA1605619E-SegmentedRaftLogWorker: safeCacheEvictIndex: setUnconditionally 0 -> -1
2023-12-05 10:04:59,382 [om1-impl-thread1] INFO  server.RaftServer$Division (RaftServerImpl.java:start(392)) - om1@group-C5BA1605619E: start as a follower, conf=-1: peers:[om1|localhost:15077]|listeners:[], old=null
2023-12-05 10:04:59,382 [om1-impl-thread1] INFO  server.RaftServer$Division (RaftServerImpl.java:setRole(379)) - om1@group-C5BA1605619E: changes role from      null to FOLLOWER at term 0 for startAsFollower
2023-12-05 10:04:59,382 [om1-impl-thread1] INFO  impl.RoleInfo (RoleInfo.java:updateAndGet(139)) - om1: start om1@group-C5BA1605619E-FollowerState
2023-12-05 10:04:59,383 [om1-impl-thread1] INFO  util.JmxRegister (JmxRegister.java:tryRegister(44)) - Successfully registered JMX Bean with object name Ratis:service=RaftServer,group=group-C5BA1605619E,id=om1
2023-12-05 10:04:59,383 [om1-impl-thread1] INFO  server.RaftServerConfigKeys (ConfUtils.java:logGet(46)) - raft.server.snapshot.trigger-when-stop.enabled = true (default)
2023-12-05 10:04:59,383 [om1-impl-thread1] INFO  server.RaftServerConfigKeys (ConfUtils.java:logGet(46)) - raft.server.snapshot.auto.trigger.enabled = true (custom)
2023-12-05 10:04:59,383 [om1-impl-thread1] INFO  server.RaftServerConfigKeys (ConfUtils.java:logGet(46)) - raft.server.snapshot.auto.trigger.threshold = 400000 (default)
2023-12-05 10:04:59,383 [om1-impl-thread1] INFO  server.RaftServerConfigKeys (ConfUtils.java:logGet(46)) - raft.server.snapshot.retention.file.num = -1 (default)
2023-12-05 10:04:59,383 [om1-impl-thread1] INFO  server.RaftServerConfigKeys (ConfUtils.java:logGet(46)) - raft.server.log.purge.upto.snapshot.index = true (custom)
2023-12-05 10:04:59,384 [main] INFO  server.RaftServer (RaftServerProxy.java:startImpl(406)) - om1: start RPC server
2023-12-05 10:04:59,384 [om1@group-C5BA1605619E-FollowerState] INFO  server.RaftServerConfigKeys (ConfUtils.java:logFallback(53)) - raft.server.rpc.first-election.timeout.min = 1s (fallback to raft.server.rpc.timeout.min)
2023-12-05 10:04:59,384 [om1@group-C5BA1605619E-FollowerState] INFO  server.RaftServerConfigKeys (ConfUtils.java:logFallback(53)) - raft.server.rpc.first-election.timeout.max = 1200ms (fallback to raft.server.rpc.timeout.max)
2023-12-05 10:04:59,385 [main] INFO  server.GrpcService (GrpcService.java:startImpl(302)) - om1: GrpcService started, listening on 15077
2023-12-05 10:04:59,386 [JvmPauseMonitor11] INFO  util.JvmPauseMonitor (JvmPauseMonitor.java:run(146)) - JvmPauseMonitor-om1: Started
2023-12-05 10:04:59,386 [main] INFO  om.OzoneManager (OzoneManager.java:start(1648)) - Version File has different layout version (6) than OM DB (null). That is expected if this OM has never been finalized to a newer layout version.
2023-12-05 10:04:59,392 [main] INFO  http.BaseHttpServer (BaseHttpServer.java:newHttpServer2BuilderForOzone(223)) - Starting Web-server for ozoneManager at: http://0.0.0.0:15075
2023-12-05 10:04:59,392 [main] INFO  http.BaseHttpServer (BaseHttpServer.java:<init>(110)) - Hadoop Security Enabled: false Ozone Security Enabled: false Ozone HTTP Security Enabled: false 
2023-12-05 10:04:59,393 [main] WARN  server.AuthenticationFilter (AuthenticationFilter.java:constructSecretProvider(240)) - Unable to initialize FileSignerSecretProvider, falling back to use random secrets. Reason: Could not read signature secret file: /home/runner/hadoop-http-auth-signature-secret
2023-12-05 10:04:59,394 [main] INFO  http.HttpRequestLog (HttpRequestLog.java:getRequestLog(86)) - Http request log for http.requests.ozoneManager is not defined
2023-12-05 10:04:59,395 [main] INFO  http.HttpServer2 (HttpServer2.java:addGlobalFilter(1031)) - Added global filter 'safety' (class=org.apache.hadoop.hdds.server.http.HttpServer2$QuotingInputFilter)
2023-12-05 10:04:59,395 [main] INFO  http.HttpServer2 (HttpServer2.java:addFilter(1007)) - Added filter static_user_filter (class=org.apache.hadoop.http.lib.StaticUserWebFilter$StaticUserFilter) to context ozoneManager
2023-12-05 10:04:59,396 [main] INFO  http.HttpServer2 (HttpServer2.java:addFilter(1015)) - Added filter static_user_filter (class=org.apache.hadoop.http.lib.StaticUserWebFilter$StaticUserFilter) to context static
2023-12-05 10:04:59,396 [main] INFO  http.HttpServer2 (HttpServer2.java:addFilter(1015)) - Added filter static_user_filter (class=org.apache.hadoop.http.lib.StaticUserWebFilter$StaticUserFilter) to context logs
2023-12-05 10:04:59,396 [main] INFO  http.BaseHttpServer (BaseHttpServer.java:<init>(189)) - HTTP server of ozoneManager uses base directory /home/runner/work/ozone/ozone/hadoop-ozone/integration-test/target/test-dir/MiniOzoneClusterImpl-15b925ce-33b9-4c4c-8faa-158337806406/ozone-meta/webserver
2023-12-05 10:04:59,396 [main] INFO  http.HttpServer2 (HttpServer2.java:bindListener(1231)) - Jetty bound to port 15075
2023-12-05 10:04:59,396 [main] INFO  server.Server (Server.java:doStart(375)) - jetty-9.4.53.v20231009; built: 2023-10-09T12:29:09.265Z; git: 27bde00a0b95a1d5bbee0eae7984f891d2d0f8c9; jvm 1.8.0_392-b08
2023-12-05 10:04:59,397 [main] INFO  server.session (DefaultSessionIdManager.java:doStart(334)) - DefaultSessionIdManager workerName=node0
2023-12-05 10:04:59,397 [main] INFO  server.session (DefaultSessionIdManager.java:doStart(339)) - No SessionScavenger set, using defaults
2023-12-05 10:04:59,398 [main] INFO  server.session (HouseKeeper.java:startScavenging(132)) - node0 Scavenging every 600000ms
2023-12-05 10:04:59,398 [main] INFO  handler.ContextHandler (ContextHandler.java:doStart(921)) - Started o.e.j.s.ServletContextHandler@4a4ea586{logs,/logs,file:///home/runner/work/ozone/ozone/hadoop-ozone/integration-test/target/log,AVAILABLE}
2023-12-05 10:04:59,398 [main] INFO  handler.ContextHandler (ContextHandler.java:doStart(921)) - Started o.e.j.s.ServletContextHandler@48b193f0{static,/static,file:///home/runner/work/ozone/ozone/hadoop-ozone/integration-test/target/test-classes/webapps/static,AVAILABLE}
2023-12-05 10:04:59,401 [main] INFO  handler.ContextHandler (ContextHandler.java:doStart(921)) - Started o.e.j.w.WebAppContext@58cac2ef{ozoneManager,/,file:///home/runner/work/ozone/ozone/hadoop-ozone/integration-test/target/test-classes/webapps/ozoneManager/,AVAILABLE}{file:/home/runner/work/ozone/ozone/hadoop-ozone/integration-test/target/test-classes/webapps/ozoneManager}
2023-12-05 10:04:59,402 [main] INFO  server.AbstractConnector (AbstractConnector.java:doStart(333)) - Started ServerConnector@18067295{HTTP/1.1, (http/1.1)}{0.0.0.0:15075}
2023-12-05 10:04:59,402 [main] INFO  server.Server (Server.java:doStart(415)) - Started @40066ms
2023-12-05 10:04:59,402 [main] WARN  impl.MetricsSystemImpl (MetricsSystemImpl.java:register(279)) - Sink prometheus already exists!
2023-12-05 10:04:59,402 [main] INFO  http.BaseHttpServer (BaseHttpServer.java:updateConnectorAddress(354)) - HTTP server of ozoneManager listening at http://0.0.0.0:15075
2023-12-05 10:04:59,403 [IPC Server Responder] INFO  ipc.Server (Server.java:run(1562)) - IPC Server Responder: starting
2023-12-05 10:04:59,403 [IPC Server listener on 15074] INFO  ipc.Server (Server.java:run(1402)) - IPC Server listener on 15074: starting
2023-12-05 10:04:59,405 [main] INFO  om.OzoneManager (OzoneManager.java:startTrashEmptier(2097)) - Trash Interval set to 0. Files deleted won't move to trash
2023-12-05 10:04:59,412 [main] WARN  dropwizard3.Dm3MetricRegistriesImpl (Dm3MetricRegistriesImpl.java:addReporterRegistration(113)) - New reporters are added after registries were created. Some metrics will be missing from the reporter. Please add reporter before adding any new registry.
2023-12-05 10:04:59,413 [main] WARN  dropwizard3.Dm3MetricRegistriesImpl (Dm3MetricRegistriesImpl.java:addReporterRegistration(113)) - New reporters are added after registries were created. Some metrics will be missing from the reporter. Please add reporter before adding any new registry.
2023-12-05 10:04:59,413 [main] INFO  impl.MetricsSystemImpl (MetricsSystemImpl.java:init(158)) - HddsDatanode metrics system started (again)
2023-12-05 10:04:59,423 [main] INFO  ozone.HddsDatanodeService (HddsDatanodeService.java:start(239)) - HddsDatanodeService host:fv-az884-53.nlrrjjsaionubk4jys1hz1dhmg.bx.internal.cloudapp.net ip:10.1.0.7
2023-12-05 10:04:59,439 [main] INFO  upgrade.AbstractLayoutVersionManager (AbstractLayoutVersionManager.java:init(83)) - Initializing Layout version manager with metadata layout = HADOOP_PRC_PORTS_IN_DATANODEDETAILS (version = 7), software layout = HADOOP_PRC_PORTS_IN_DATANODEDETAILS (version = 7)
2023-12-05 10:04:59,440 [main] INFO  statemachine.DatanodeStateMachine (DatanodeStateMachine.java:getEndPointTaskThreadPoolSize(299)) - Datanode State Machine Task Thread Pool size 2
2023-12-05 10:04:59,441 [main] INFO  volume.HddsVolume (HddsVolume.java:<init>(126)) - Creating HddsVolume: /home/runner/work/ozone/ozone/hadoop-ozone/integration-test/target/test-dir/MiniOzoneClusterImpl-15b925ce-33b9-4c4c-8faa-158337806406/datanode-0/data-0/containers/hdds of storage type : DISK capacity : 9223372036854775807
2023-12-05 10:04:59,442 [main] INFO  volume.MutableVolumeSet (MutableVolumeSet.java:initializeVolumeSet(173)) - Added Volume : /home/runner/work/ozone/ozone/hadoop-ozone/integration-test/target/test-dir/MiniOzoneClusterImpl-15b925ce-33b9-4c4c-8faa-158337806406/datanode-0/data-0/containers/hdds to VolumeSet
2023-12-05 10:04:59,443 [main] INFO  volume.MutableVolumeSet (MutableVolumeSet.java:initializeVolumeSet(173)) - Added Volume : /home/runner/work/ozone/ozone/hadoop-ozone/integration-test/target/test-dir/MiniOzoneClusterImpl-15b925ce-33b9-4c4c-8faa-158337806406/datanode-0/data/ratis to VolumeSet
2023-12-05 10:04:59,443 [main] INFO  ozoneimpl.OzoneContainer (HddsVolumeUtil.java:loadAllHddsVolumeDbStore(103)) - Load 1 volumes DbStore cost: 0ms
2023-12-05 10:04:59,443 [c5405651-ef25-48d2-8d28-ae0bccd2c7ed-ContainerReader-0] INFO  ozoneimpl.ContainerReader (ContainerReader.java:readVolume(177)) - Finish verifying containers on volume /home/runner/work/ozone/ozone/hadoop-ozone/integration-test/target/test-dir/MiniOzoneClusterImpl-15b925ce-33b9-4c4c-8faa-158337806406/datanode-0/data-0/containers/hdds
2023-12-05 10:04:59,444 [main] INFO  ozoneimpl.OzoneContainer (OzoneContainer.java:buildContainerSet(326)) - Build ContainerSet costs 0s
2023-12-05 10:04:59,446 [main] INFO  server.RaftServer (ConfUtils.java:logGet(46)) - raft.rpc.type = GRPC (default)
2023-12-05 10:04:59,446 [main] INFO  grpc.GrpcConfigKeys (ConfUtils.java:logFallback(53)) - raft.grpc.admin.host = null (fallback to raft.grpc.server.host)
2023-12-05 10:04:59,446 [main] INFO  grpc.GrpcConfigKeys (ConfUtils.java:logGet(46)) - raft.grpc.admin.port = 15083 (custom)
2023-12-05 10:04:59,446 [main] INFO  grpc.GrpcConfigKeys (ConfUtils.java:logFallback(53)) - raft.grpc.client.host = null (fallback to raft.grpc.server.host)
2023-12-05 10:04:59,446 [main] INFO  grpc.GrpcConfigKeys (ConfUtils.java:logGet(46)) - raft.grpc.client.port = 15082 (custom)
2023-12-05 10:04:59,447 [main] INFO  grpc.GrpcConfigKeys (ConfUtils.java:logGet(46)) - raft.grpc.server.host = null (default)
2023-12-05 10:04:59,447 [main] INFO  grpc.GrpcConfigKeys (ConfUtils.java:logGet(46)) - raft.grpc.server.port = 15084 (custom)
2023-12-05 10:04:59,447 [main] INFO  server.GrpcService (ConfUtils.java:logGet(46)) - raft.grpc.message.size.max = 32MB (=33554432) (custom)
2023-12-05 10:04:59,447 [main] INFO  server.RaftServerConfigKeys (ConfUtils.java:logGet(46)) - raft.server.log.appender.buffer.byte-limit = 8388608 (custom)
2023-12-05 10:04:59,447 [main] INFO  server.GrpcService (ConfUtils.java:logGet(46)) - raft.grpc.flow.control.window = 5MB (=5242880) (custom)
2023-12-05 10:04:59,447 [main] INFO  server.RaftServerConfigKeys (ConfUtils.java:logGet(46)) - raft.server.rpc.request.timeout = 60s (custom)
2023-12-05 10:04:59,448 [main] INFO  grpc.GrpcConfigKeys (ConfUtils.java:logGet(46)) - raft.grpc.server.heartbeat.channel = true (default)
2023-12-05 10:04:59,448 [main] INFO  grpc.GrpcConfigKeys (ConfUtils.java:logGet(46)) - raft.grpc.server.async.request.thread.pool.cached = true (default)
2023-12-05 10:04:59,448 [main] INFO  grpc.GrpcConfigKeys (ConfUtils.java:logGet(46)) - raft.grpc.server.async.request.thread.pool.size = 32 (default)
2023-12-05 10:04:59,450 [main] INFO  impl.DataStreamServerImpl (ConfUtils.java:logGet(46)) - raft.datastream.type = NETTY (custom)
2023-12-05 10:04:59,450 [main] INFO  server.RaftServerConfigKeys (ConfUtils.java:logGet(46)) - raft.server.data-stream.async.request.thread.pool.cached = false (default)
2023-12-05 10:04:59,450 [main] INFO  server.RaftServerConfigKeys (ConfUtils.java:logGet(46)) - raft.server.data-stream.async.request.thread.pool.size = 20 (custom)
2023-12-05 10:04:59,450 [main] INFO  server.RaftServerConfigKeys (ConfUtils.java:logGet(46)) - raft.server.data-stream.async.write.thread.pool.size = 16 (default)
2023-12-05 10:04:59,450 [main] INFO  netty.NettyConfigKeys$DataStream (ConfUtils.java:logGet(46)) - raft.netty.dataStream.server.channel.inactive.grace-period = 10min (default)
2023-12-05 10:04:59,451 [main] INFO  server.RaftServerConfigKeys (ConfUtils.java:logGet(46)) - raft.server.data-stream.client.pool.size = 10 (default)
2023-12-05 10:04:59,451 [main] INFO  netty.NettyConfigKeys$DataStream (ConfUtils.java:logGet(46)) - raft.netty.dataStream.server.use-epoll = true (default)
2023-12-05 10:04:59,451 [main] INFO  netty.NettyConfigKeys$DataStream (ConfUtils.java:logGet(46)) - raft.netty.dataStream.server.boss-group.size = 0 (default)
2023-12-05 10:04:59,451 [main] INFO  netty.NettyUtils (NettyUtils.java:newEventLoopGroup(69)) - Create EpollEventLoopGroup for c5405651-ef25-48d2-8d28-ae0bccd2c7ed-NettyServerStreamRpc-bossGroup; Thread size is 0.
2023-12-05 10:04:59,451 [main] INFO  netty.NettyConfigKeys$DataStream (ConfUtils.java:logGet(46)) - raft.netty.dataStream.server.worker-group.size = 0 (default)
2023-12-05 10:04:59,451 [main] INFO  netty.NettyUtils (NettyUtils.java:newEventLoopGroup(69)) - Create EpollEventLoopGroup for c5405651-ef25-48d2-8d28-ae0bccd2c7ed-NettyServerStreamRpc-workerGroup; Thread size is 0.
2023-12-05 10:04:59,452 [main] INFO  netty.NettyConfigKeys$DataStream (ConfUtils.java:logGet(46)) - raft.netty.dataStream.server.tls.conf = null (default)
2023-12-05 10:04:59,452 [main] INFO  netty.NettyConfigKeys$DataStream (ConfUtils.java:logGet(46)) - raft.netty.dataStream.host = null (default)
2023-12-05 10:04:59,452 [main] INFO  netty.NettyConfigKeys$DataStream (ConfUtils.java:logGet(46)) - raft.netty.dataStream.port = 15085 (custom)
2023-12-05 10:04:59,453 [main] INFO  server.RaftServerConfigKeys (ConfUtils.java:logGet(46)) - raft.server.sleep.deviation.threshold = 300ms (default)
2023-12-05 10:04:59,453 [main] INFO  server.RaftServerConfigKeys (ConfUtils.java:logGet(46)) - raft.server.close.threshold = 60s (default)
2023-12-05 10:04:59,453 [c5405651-ef25-48d2-8d28-ae0bccd2c7ed-NettyServerStreamRpc-bossGroup--thread1] INFO  logging.LoggingHandler (AbstractInternalLogger.java:log(148)) - [id: 0x559da0a5] REGISTERED
2023-12-05 10:04:59,453 [main] INFO  server.RaftServerConfigKeys (ConfUtils.java:logGet(46)) - raft.server.leaderelection.leader.step-down.wait-time = 10s (default)
2023-12-05 10:04:59,453 [c5405651-ef25-48d2-8d28-ae0bccd2c7ed-NettyServerStreamRpc-bossGroup--thread1] INFO  logging.LoggingHandler (AbstractInternalLogger.java:log(148)) - [id: 0x559da0a5] BIND: 0.0.0.0/0.0.0.0:15085
2023-12-05 10:04:59,453 [main] INFO  server.RaftServerConfigKeys (ConfUtils.java:logGet(46)) - raft.server.storage.dir = [/home/runner/work/ozone/ozone/hadoop-ozone/integration-test/target/test-dir/MiniOzoneClusterImpl-15b925ce-33b9-4c4c-8faa-158337806406/datanode-0/data/ratis] (custom)
2023-12-05 10:04:59,453 [c5405651-ef25-48d2-8d28-ae0bccd2c7ed-NettyServerStreamRpc-bossGroup--thread1] INFO  logging.LoggingHandler (AbstractInternalLogger.java:log(148)) - [id: 0x559da0a5, L:/0.0.0.0:15085] ACTIVE
2023-12-05 10:04:59,454 [main] INFO  server.RaftServerConfigKeys (ConfUtils.java:logGet(46)) - raft.server.threadpool.proxy.cached = true (default)
2023-12-05 10:04:59,454 [main] INFO  server.RaftServerConfigKeys (ConfUtils.java:logGet(46)) - raft.server.threadpool.proxy.size = 0 (default)
2023-12-05 10:04:59,454 [c5405651-ef25-48d2-8d28-ae0bccd2c7ed-impl-thread1] INFO  server.RaftServer (RaftServerProxy.java:initGroupDir(264)) - c5405651-ef25-48d2-8d28-ae0bccd2c7ed: found a subdirectory /home/runner/work/ozone/ozone/hadoop-ozone/integration-test/target/test-dir/MiniOzoneClusterImpl-15b925ce-33b9-4c4c-8faa-158337806406/datanode-0/data/ratis/tmp
2023-12-05 10:04:59,454 [c5405651-ef25-48d2-8d28-ae0bccd2c7ed-impl-thread1] INFO  server.RaftServer (RaftServerProxy.java:initGroupDir(269)) - c5405651-ef25-48d2-8d28-ae0bccd2c7ed: The directory /home/runner/work/ozone/ozone/hadoop-ozone/integration-test/target/test-dir/MiniOzoneClusterImpl-15b925ce-33b9-4c4c-8faa-158337806406/datanode-0/data/ratis/tmp is not a group directory; ignoring it. 
2023-12-05 10:04:59,455 [main] INFO  replication.ReplicationServer (ReplicationServer.java:<init>(85)) - Initializing replication server with thread count = 10 queue length = 4096
2023-12-05 10:04:59,456 [main] INFO  server.XceiverServerGrpc (XceiverServerGrpc.java:<init>(141)) - GrpcServer channel type EpollServerSocketChannel
2023-12-05 10:04:59,457 [main] INFO  replication.ReplicationSupervisor (ReplicationSupervisor.java:build(163)) - Initializing replication supervisor with thread count = 10
2023-12-05 10:04:59,457 [main] INFO  replication.ReplicationSupervisor (ReplicationSupervisor.java:nodeStateUpdated(317)) - Node state updated to IN_SERVICE, scaling executor pool size to 10
2023-12-05 10:04:59,460 [main] INFO  http.BaseHttpServer (BaseHttpServer.java:newHttpServer2BuilderForOzone(223)) - Starting Web-server for hddsDatanode at: http://0.0.0.0:15079
2023-12-05 10:04:59,460 [main] INFO  http.BaseHttpServer (BaseHttpServer.java:<init>(110)) - Hadoop Security Enabled: false Ozone Security Enabled: false Ozone HTTP Security Enabled: false 
2023-12-05 10:04:59,461 [main] WARN  server.AuthenticationFilter (AuthenticationFilter.java:constructSecretProvider(240)) - Unable to initialize FileSignerSecretProvider, falling back to use random secrets. Reason: Could not read signature secret file: /home/runner/hadoop-http-auth-signature-secret
2023-12-05 10:04:59,462 [main] INFO  http.HttpRequestLog (HttpRequestLog.java:getRequestLog(86)) - Http request log for http.requests.hddsDatanode is not defined
2023-12-05 10:04:59,463 [main] INFO  http.HttpServer2 (HttpServer2.java:addGlobalFilter(1031)) - Added global filter 'safety' (class=org.apache.hadoop.hdds.server.http.HttpServer2$QuotingInputFilter)
2023-12-05 10:04:59,464 [main] INFO  http.HttpServer2 (HttpServer2.java:addFilter(1007)) - Added filter static_user_filter (class=org.apache.hadoop.http.lib.StaticUserWebFilter$StaticUserFilter) to context hddsDatanode
2023-12-05 10:04:59,464 [main] INFO  http.HttpServer2 (HttpServer2.java:addFilter(1015)) - Added filter static_user_filter (class=org.apache.hadoop.http.lib.StaticUserWebFilter$StaticUserFilter) to context logs
2023-12-05 10:04:59,464 [main] INFO  http.HttpServer2 (HttpServer2.java:addFilter(1015)) - Added filter static_user_filter (class=org.apache.hadoop.http.lib.StaticUserWebFilter$StaticUserFilter) to context static
2023-12-05 10:04:59,465 [main] INFO  http.BaseHttpServer (BaseHttpServer.java:<init>(189)) - HTTP server of hddsDatanode uses base directory /home/runner/work/ozone/ozone/hadoop-ozone/integration-test/target/test-dir/MiniOzoneClusterImpl-15b925ce-33b9-4c4c-8faa-158337806406/datanode-0/meta/webserver
2023-12-05 10:04:59,465 [main] INFO  http.HttpServer2 (HttpServer2.java:bindListener(1231)) - Jetty bound to port 15079
2023-12-05 10:04:59,465 [main] INFO  server.Server (Server.java:doStart(375)) - jetty-9.4.53.v20231009; built: 2023-10-09T12:29:09.265Z; git: 27bde00a0b95a1d5bbee0eae7984f891d2d0f8c9; jvm 1.8.0_392-b08
2023-12-05 10:04:59,466 [main] INFO  server.session (DefaultSessionIdManager.java:doStart(334)) - DefaultSessionIdManager workerName=node0
2023-12-05 10:04:59,466 [main] INFO  server.session (DefaultSessionIdManager.java:doStart(339)) - No SessionScavenger set, using defaults
2023-12-05 10:04:59,466 [main] INFO  server.session (HouseKeeper.java:startScavenging(132)) - node0 Scavenging every 660000ms
2023-12-05 10:04:59,467 [main] INFO  handler.ContextHandler (ContextHandler.java:doStart(921)) - Started o.e.j.s.ServletContextHandler@323a27cb{logs,/logs,file:///home/runner/work/ozone/ozone/hadoop-ozone/integration-test/target/log,AVAILABLE}
2023-12-05 10:04:59,467 [main] INFO  handler.ContextHandler (ContextHandler.java:doStart(921)) - Started o.e.j.s.ServletContextHandler@41d61ff7{static,/static,jar:file:/home/runner/.m2/repository/org/apache/ozone/hdds-container-service/1.4.0-SNAPSHOT/hdds-container-service-1.4.0-SNAPSHOT.jar!/webapps/static,AVAILABLE}
2023-12-05 10:04:59,500 [main] INFO  handler.ContextHandler (ContextHandler.java:doStart(921)) - Started o.e.j.w.WebAppContext@58445380{hddsDatanode,/,file:///home/runner/work/ozone/ozone/hadoop-ozone/integration-test/target/test-dir/MiniOzoneClusterImpl-15b925ce-33b9-4c4c-8faa-158337806406/datanode-0/meta/webserver/jetty-0_0_0_0-15079-hdds-container-service-1_4_0-SNAPSHOT_jar-_-any-34374640019761209/webapp/,AVAILABLE}{jar:file:/home/runner/.m2/repository/org/apache/ozone/hdds-container-service/1.4.0-SNAPSHOT/hdds-container-service-1.4.0-SNAPSHOT.jar!/webapps/hddsDatanode}
2023-12-05 10:04:59,501 [main] INFO  server.AbstractConnector (AbstractConnector.java:doStart(333)) - Started ServerConnector@2a56ed77{HTTP/1.1, (http/1.1)}{0.0.0.0:15079}
2023-12-05 10:04:59,501 [main] INFO  server.Server (Server.java:doStart(415)) - Started @40165ms
2023-12-05 10:04:59,501 [main] WARN  impl.MetricsSystemImpl (MetricsSystemImpl.java:register(279)) - Sink prometheus already exists!
2023-12-05 10:04:59,501 [main] INFO  http.BaseHttpServer (BaseHttpServer.java:updateConnectorAddress(354)) - HTTP server of hddsDatanode listening at http://0.0.0.0:15079
2023-12-05 10:04:59,502 [main] INFO  ipc.CallQueueManager (CallQueueManager.java:<init>(90)) - Using callQueue: class java.util.concurrent.LinkedBlockingQueue, queueCapacity: 100, scheduler: class org.apache.hadoop.ipc.DefaultRpcScheduler, ipcBackoff: false.
2023-12-05 10:04:59,502 [main] INFO  ipc.Server (Server.java:<init>(1287)) - Listener at 0.0.0.0:15080
2023-12-05 10:04:59,502 [Socket Reader #1 for port 15080] INFO  ipc.Server (Server.java:run(1323)) - Starting Socket Reader #1 for port 15080
2023-12-05 10:04:59,504 [main] INFO  ozone.HddsDatanodeService (HddsDatanodeService.java:start(324)) - Datanode start with admins: [runner]
2023-12-05 10:04:59,504 [main] INFO  ozone.HddsDatanodeClientProtocolServer (HddsDatanodeClientProtocolServer.java:start(72)) - RPC server for Client /0.0.0.0:15080
2023-12-05 10:04:59,504 [IPC Server Responder] INFO  ipc.Server (Server.java:run(1562)) - IPC Server Responder: starting
2023-12-05 10:04:59,504 [IPC Server listener on 15080] INFO  ipc.Server (Server.java:run(1402)) - IPC Server listener on 15080: starting
2023-12-05 10:04:59,506 [c5405651-ef25-48d2-8d28-ae0bccd2c7ed-DatanodeStateMachineDaemonThread] INFO  statemachine.DatanodeStateMachine (DatanodeStateMachine.java:lambda$startDaemon$1(555)) - Ozone container server started.
2023-12-05 10:04:59,506 [main] WARN  dropwizard3.Dm3MetricRegistriesImpl (Dm3MetricRegistriesImpl.java:addReporterRegistration(113)) - New reporters are added after registries were created. Some metrics will be missing from the reporter. Please add reporter before adding any new registry.
2023-12-05 10:04:59,506 [main] WARN  dropwizard3.Dm3MetricRegistriesImpl (Dm3MetricRegistriesImpl.java:addReporterRegistration(113)) - New reporters are added after registries were created. Some metrics will be missing from the reporter. Please add reporter before adding any new registry.
2023-12-05 10:04:59,506 [main] INFO  impl.MetricsSystemImpl (MetricsSystemImpl.java:init(158)) - HddsDatanode metrics system started (again)
2023-12-05 10:04:59,511 [c5405651-ef25-48d2-8d28-ae0bccd2c7ed-DatanodeStateMachineTaskThread-0] INFO  datanode.InitDatanodeState (InitDatanodeState.java:persistContainerDatanodeDetails(139)) - DatanodeDetails is persisted to /home/runner/work/ozone/ozone/hadoop-ozone/integration-test/target/test-dir/MiniOzoneClusterImpl-15b925ce-33b9-4c4c-8faa-158337806406/datanode-0/meta/datanode.id
2023-12-05 10:04:59,516 [main] INFO  ozone.HddsDatanodeService (HddsDatanodeService.java:start(239)) - HddsDatanodeService host:fv-az884-53.nlrrjjsaionubk4jys1hz1dhmg.bx.internal.cloudapp.net ip:10.1.0.7
2023-12-05 10:04:59,532 [main] INFO  upgrade.AbstractLayoutVersionManager (AbstractLayoutVersionManager.java:init(83)) - Initializing Layout version manager with metadata layout = HADOOP_PRC_PORTS_IN_DATANODEDETAILS (version = 7), software layout = HADOOP_PRC_PORTS_IN_DATANODEDETAILS (version = 7)
2023-12-05 10:04:59,532 [main] INFO  statemachine.DatanodeStateMachine (DatanodeStateMachine.java:getEndPointTaskThreadPoolSize(299)) - Datanode State Machine Task Thread Pool size 2
2023-12-05 10:04:59,533 [main] INFO  volume.HddsVolume (HddsVolume.java:<init>(126)) - Creating HddsVolume: /home/runner/work/ozone/ozone/hadoop-ozone/integration-test/target/test-dir/MiniOzoneClusterImpl-15b925ce-33b9-4c4c-8faa-158337806406/datanode-1/data-0/containers/hdds of storage type : DISK capacity : 9223372036854775807
2023-12-05 10:04:59,533 [main] INFO  volume.MutableVolumeSet (MutableVolumeSet.java:initializeVolumeSet(173)) - Added Volume : /home/runner/work/ozone/ozone/hadoop-ozone/integration-test/target/test-dir/MiniOzoneClusterImpl-15b925ce-33b9-4c4c-8faa-158337806406/datanode-1/data-0/containers/hdds to VolumeSet
2023-12-05 10:04:59,534 [main] INFO  volume.MutableVolumeSet (MutableVolumeSet.java:initializeVolumeSet(173)) - Added Volume : /home/runner/work/ozone/ozone/hadoop-ozone/integration-test/target/test-dir/MiniOzoneClusterImpl-15b925ce-33b9-4c4c-8faa-158337806406/datanode-1/data/ratis to VolumeSet
2023-12-05 10:04:59,535 [main] INFO  ozoneimpl.OzoneContainer (HddsVolumeUtil.java:loadAllHddsVolumeDbStore(103)) - Load 1 volumes DbStore cost: 0ms
2023-12-05 10:04:59,535 [15f79772-7a81-4af9-9760-e026e14d2a58-ContainerReader-0] INFO  ozoneimpl.ContainerReader (ContainerReader.java:readVolume(177)) - Finish verifying containers on volume /home/runner/work/ozone/ozone/hadoop-ozone/integration-test/target/test-dir/MiniOzoneClusterImpl-15b925ce-33b9-4c4c-8faa-158337806406/datanode-1/data-0/containers/hdds
2023-12-05 10:04:59,535 [main] INFO  ozoneimpl.OzoneContainer (OzoneContainer.java:buildContainerSet(326)) - Build ContainerSet costs 0s
2023-12-05 10:04:59,537 [main] INFO  server.RaftServer (ConfUtils.java:logGet(46)) - raft.rpc.type = GRPC (default)
2023-12-05 10:04:59,537 [main] INFO  grpc.GrpcConfigKeys (ConfUtils.java:logFallback(53)) - raft.grpc.admin.host = null (fallback to raft.grpc.server.host)
2023-12-05 10:04:59,537 [main] INFO  grpc.GrpcConfigKeys (ConfUtils.java:logGet(46)) - raft.grpc.admin.port = 15092 (custom)
2023-12-05 10:04:59,537 [main] INFO  grpc.GrpcConfigKeys (ConfUtils.java:logFallback(53)) - raft.grpc.client.host = null (fallback to raft.grpc.server.host)
2023-12-05 10:04:59,537 [main] INFO  grpc.GrpcConfigKeys (ConfUtils.java:logGet(46)) - raft.grpc.client.port = 15091 (custom)
2023-12-05 10:04:59,538 [main] INFO  grpc.GrpcConfigKeys (ConfUtils.java:logGet(46)) - raft.grpc.server.host = null (default)
2023-12-05 10:04:59,538 [main] INFO  grpc.GrpcConfigKeys (ConfUtils.java:logGet(46)) - raft.grpc.server.port = 15093 (custom)
2023-12-05 10:04:59,538 [main] INFO  server.GrpcService (ConfUtils.java:logGet(46)) - raft.grpc.message.size.max = 32MB (=33554432) (custom)
2023-12-05 10:04:59,538 [main] INFO  server.RaftServerConfigKeys (ConfUtils.java:logGet(46)) - raft.server.log.appender.buffer.byte-limit = 8388608 (custom)
2023-12-05 10:04:59,538 [main] INFO  server.GrpcService (ConfUtils.java:logGet(46)) - raft.grpc.flow.control.window = 5MB (=5242880) (custom)
2023-12-05 10:04:59,538 [main] INFO  server.RaftServerConfigKeys (ConfUtils.java:logGet(46)) - raft.server.rpc.request.timeout = 60s (custom)
2023-12-05 10:04:59,539 [main] INFO  grpc.GrpcConfigKeys (ConfUtils.java:logGet(46)) - raft.grpc.server.heartbeat.channel = true (default)
2023-12-05 10:04:59,539 [main] INFO  grpc.GrpcConfigKeys (ConfUtils.java:logGet(46)) - raft.grpc.server.async.request.thread.pool.cached = true (default)
2023-12-05 10:04:59,539 [main] INFO  grpc.GrpcConfigKeys (ConfUtils.java:logGet(46)) - raft.grpc.server.async.request.thread.pool.size = 32 (default)
2023-12-05 10:04:59,541 [main] INFO  impl.DataStreamServerImpl (ConfUtils.java:logGet(46)) - raft.datastream.type = NETTY (custom)
2023-12-05 10:04:59,542 [main] INFO  server.RaftServerConfigKeys (ConfUtils.java:logGet(46)) - raft.server.data-stream.async.request.thread.pool.cached = false (default)
2023-12-05 10:04:59,542 [main] INFO  server.RaftServerConfigKeys (ConfUtils.java:logGet(46)) - raft.server.data-stream.async.request.thread.pool.size = 20 (custom)
2023-12-05 10:04:59,542 [main] INFO  server.RaftServerConfigKeys (ConfUtils.java:logGet(46)) - raft.server.data-stream.async.write.thread.pool.size = 16 (default)
2023-12-05 10:04:59,542 [main] INFO  netty.NettyConfigKeys$DataStream (ConfUtils.java:logGet(46)) - raft.netty.dataStream.server.channel.inactive.grace-period = 10min (default)
2023-12-05 10:04:59,543 [main] INFO  server.RaftServerConfigKeys (ConfUtils.java:logGet(46)) - raft.server.data-stream.client.pool.size = 10 (default)
2023-12-05 10:04:59,543 [main] INFO  netty.NettyConfigKeys$DataStream (ConfUtils.java:logGet(46)) - raft.netty.dataStream.server.use-epoll = true (default)
2023-12-05 10:04:59,543 [main] INFO  netty.NettyConfigKeys$DataStream (ConfUtils.java:logGet(46)) - raft.netty.dataStream.server.boss-group.size = 0 (default)
2023-12-05 10:04:59,543 [main] INFO  netty.NettyUtils (NettyUtils.java:newEventLoopGroup(69)) - Create EpollEventLoopGroup for 15f79772-7a81-4af9-9760-e026e14d2a58-NettyServerStreamRpc-bossGroup; Thread size is 0.
2023-12-05 10:04:59,544 [main] INFO  netty.NettyConfigKeys$DataStream (ConfUtils.java:logGet(46)) - raft.netty.dataStream.server.worker-group.size = 0 (default)
2023-12-05 10:04:59,544 [main] INFO  netty.NettyUtils (NettyUtils.java:newEventLoopGroup(69)) - Create EpollEventLoopGroup for 15f79772-7a81-4af9-9760-e026e14d2a58-NettyServerStreamRpc-workerGroup; Thread size is 0.
2023-12-05 10:04:59,544 [main] INFO  netty.NettyConfigKeys$DataStream (ConfUtils.java:logGet(46)) - raft.netty.dataStream.server.tls.conf = null (default)
2023-12-05 10:04:59,544 [main] INFO  netty.NettyConfigKeys$DataStream (ConfUtils.java:logGet(46)) - raft.netty.dataStream.host = null (default)
2023-12-05 10:04:59,545 [main] INFO  netty.NettyConfigKeys$DataStream (ConfUtils.java:logGet(46)) - raft.netty.dataStream.port = 15094 (custom)
2023-12-05 10:04:59,545 [main] INFO  server.RaftServerConfigKeys (ConfUtils.java:logGet(46)) - raft.server.sleep.deviation.threshold = 300ms (default)
2023-12-05 10:04:59,545 [main] INFO  server.RaftServerConfigKeys (ConfUtils.java:logGet(46)) - raft.server.close.threshold = 60s (default)
2023-12-05 10:04:59,545 [main] INFO  server.RaftServerConfigKeys (ConfUtils.java:logGet(46)) - raft.server.leaderelection.leader.step-down.wait-time = 10s (default)
2023-12-05 10:04:59,545 [15f79772-7a81-4af9-9760-e026e14d2a58-NettyServerStreamRpc-bossGroup--thread1] INFO  logging.LoggingHandler (AbstractInternalLogger.java:log(148)) - [id: 0x94d14cfb] REGISTERED
2023-12-05 10:04:59,545 [main] INFO  server.RaftServerConfigKeys (ConfUtils.java:logGet(46)) - raft.server.storage.dir = [/home/runner/work/ozone/ozone/hadoop-ozone/integration-test/target/test-dir/MiniOzoneClusterImpl-15b925ce-33b9-4c4c-8faa-158337806406/datanode-1/data/ratis] (custom)
2023-12-05 10:04:59,546 [15f79772-7a81-4af9-9760-e026e14d2a58-NettyServerStreamRpc-bossGroup--thread1] INFO  logging.LoggingHandler (AbstractInternalLogger.java:log(148)) - [id: 0x94d14cfb] BIND: 0.0.0.0/0.0.0.0:15094
2023-12-05 10:04:59,546 [main] INFO  server.RaftServerConfigKeys (ConfUtils.java:logGet(46)) - raft.server.threadpool.proxy.cached = true (default)
2023-12-05 10:04:59,546 [15f79772-7a81-4af9-9760-e026e14d2a58-NettyServerStreamRpc-bossGroup--thread1] INFO  logging.LoggingHandler (AbstractInternalLogger.java:log(148)) - [id: 0x94d14cfb, L:/0.0.0.0:15094] ACTIVE
2023-12-05 10:04:59,546 [main] INFO  server.RaftServerConfigKeys (ConfUtils.java:logGet(46)) - raft.server.threadpool.proxy.size = 0 (default)
2023-12-05 10:04:59,547 [15f79772-7a81-4af9-9760-e026e14d2a58-impl-thread1] INFO  server.RaftServer (RaftServerProxy.java:initGroupDir(264)) - 15f79772-7a81-4af9-9760-e026e14d2a58: found a subdirectory /home/runner/work/ozone/ozone/hadoop-ozone/integration-test/target/test-dir/MiniOzoneClusterImpl-15b925ce-33b9-4c4c-8faa-158337806406/datanode-1/data/ratis/tmp
2023-12-05 10:04:59,547 [15f79772-7a81-4af9-9760-e026e14d2a58-impl-thread1] INFO  server.RaftServer (RaftServerProxy.java:initGroupDir(269)) - 15f79772-7a81-4af9-9760-e026e14d2a58: The directory /home/runner/work/ozone/ozone/hadoop-ozone/integration-test/target/test-dir/MiniOzoneClusterImpl-15b925ce-33b9-4c4c-8faa-158337806406/datanode-1/data/ratis/tmp is not a group directory; ignoring it. 
2023-12-05 10:04:59,547 [main] INFO  replication.ReplicationServer (ReplicationServer.java:<init>(85)) - Initializing replication server with thread count = 10 queue length = 4096
2023-12-05 10:04:59,548 [main] INFO  server.XceiverServerGrpc (XceiverServerGrpc.java:<init>(141)) - GrpcServer channel type EpollServerSocketChannel
2023-12-05 10:04:59,549 [main] INFO  replication.ReplicationSupervisor (ReplicationSupervisor.java:build(163)) - Initializing replication supervisor with thread count = 10
2023-12-05 10:04:59,549 [main] INFO  replication.ReplicationSupervisor (ReplicationSupervisor.java:nodeStateUpdated(317)) - Node state updated to IN_SERVICE, scaling executor pool size to 10
2023-12-05 10:04:59,551 [main] INFO  http.BaseHttpServer (BaseHttpServer.java:newHttpServer2BuilderForOzone(223)) - Starting Web-server for hddsDatanode at: http://0.0.0.0:15088
2023-12-05 10:04:59,551 [main] INFO  http.BaseHttpServer (BaseHttpServer.java:<init>(110)) - Hadoop Security Enabled: false Ozone Security Enabled: false Ozone HTTP Security Enabled: false 
2023-12-05 10:04:59,552 [main] WARN  server.AuthenticationFilter (AuthenticationFilter.java:constructSecretProvider(240)) - Unable to initialize FileSignerSecretProvider, falling back to use random secrets. Reason: Could not read signature secret file: /home/runner/hadoop-http-auth-signature-secret
2023-12-05 10:04:59,552 [main] INFO  http.HttpRequestLog (HttpRequestLog.java:getRequestLog(86)) - Http request log for http.requests.hddsDatanode is not defined
2023-12-05 10:04:59,554 [main] INFO  http.HttpServer2 (HttpServer2.java:addGlobalFilter(1031)) - Added global filter 'safety' (class=org.apache.hadoop.hdds.server.http.HttpServer2$QuotingInputFilter)
2023-12-05 10:04:59,554 [main] INFO  http.HttpServer2 (HttpServer2.java:addFilter(1007)) - Added filter static_user_filter (class=org.apache.hadoop.http.lib.StaticUserWebFilter$StaticUserFilter) to context hddsDatanode
2023-12-05 10:04:59,555 [main] INFO  http.HttpServer2 (HttpServer2.java:addFilter(1015)) - Added filter static_user_filter (class=org.apache.hadoop.http.lib.StaticUserWebFilter$StaticUserFilter) to context static
2023-12-05 10:04:59,555 [main] INFO  http.HttpServer2 (HttpServer2.java:addFilter(1015)) - Added filter static_user_filter (class=org.apache.hadoop.http.lib.StaticUserWebFilter$StaticUserFilter) to context logs
2023-12-05 10:04:59,555 [main] INFO  http.BaseHttpServer (BaseHttpServer.java:<init>(189)) - HTTP server of hddsDatanode uses base directory /home/runner/work/ozone/ozone/hadoop-ozone/integration-test/target/test-dir/MiniOzoneClusterImpl-15b925ce-33b9-4c4c-8faa-158337806406/datanode-1/meta/webserver
2023-12-05 10:04:59,556 [main] INFO  http.HttpServer2 (HttpServer2.java:bindListener(1231)) - Jetty bound to port 15088
2023-12-05 10:04:59,556 [main] INFO  server.Server (Server.java:doStart(375)) - jetty-9.4.53.v20231009; built: 2023-10-09T12:29:09.265Z; git: 27bde00a0b95a1d5bbee0eae7984f891d2d0f8c9; jvm 1.8.0_392-b08
2023-12-05 10:04:59,557 [main] INFO  server.session (DefaultSessionIdManager.java:doStart(334)) - DefaultSessionIdManager workerName=node0
2023-12-05 10:04:59,557 [main] INFO  server.session (DefaultSessionIdManager.java:doStart(339)) - No SessionScavenger set, using defaults
2023-12-05 10:04:59,557 [main] INFO  server.session (HouseKeeper.java:startScavenging(132)) - node0 Scavenging every 600000ms
2023-12-05 10:04:59,558 [main] INFO  handler.ContextHandler (ContextHandler.java:doStart(921)) - Started o.e.j.s.ServletContextHandler@210e804b{logs,/logs,file:///home/runner/work/ozone/ozone/hadoop-ozone/integration-test/target/log,AVAILABLE}
2023-12-05 10:04:59,558 [main] INFO  handler.ContextHandler (ContextHandler.java:doStart(921)) - Started o.e.j.s.ServletContextHandler@12fd8c2d{static,/static,jar:file:/home/runner/.m2/repository/org/apache/ozone/hdds-container-service/1.4.0-SNAPSHOT/hdds-container-service-1.4.0-SNAPSHOT.jar!/webapps/static,AVAILABLE}
2023-12-05 10:04:59,592 [main] INFO  handler.ContextHandler (ContextHandler.java:doStart(921)) - Started o.e.j.w.WebAppContext@59cbe3e1{hddsDatanode,/,file:///home/runner/work/ozone/ozone/hadoop-ozone/integration-test/target/test-dir/MiniOzoneClusterImpl-15b925ce-33b9-4c4c-8faa-158337806406/datanode-1/meta/webserver/jetty-0_0_0_0-15088-hdds-container-service-1_4_0-SNAPSHOT_jar-_-any-2103772343045777279/webapp/,AVAILABLE}{jar:file:/home/runner/.m2/repository/org/apache/ozone/hdds-container-service/1.4.0-SNAPSHOT/hdds-container-service-1.4.0-SNAPSHOT.jar!/webapps/hddsDatanode}
2023-12-05 10:04:59,593 [main] INFO  server.AbstractConnector (AbstractConnector.java:doStart(333)) - Started ServerConnector@52f0e62b{HTTP/1.1, (http/1.1)}{0.0.0.0:15088}
2023-12-05 10:04:59,594 [main] INFO  server.Server (Server.java:doStart(415)) - Started @40258ms
2023-12-05 10:04:59,594 [main] WARN  impl.MetricsSystemImpl (MetricsSystemImpl.java:register(279)) - Sink prometheus already exists!
2023-12-05 10:04:59,594 [main] INFO  http.BaseHttpServer (BaseHttpServer.java:updateConnectorAddress(354)) - HTTP server of hddsDatanode listening at http://0.0.0.0:15088
2023-12-05 10:04:59,595 [main] INFO  ipc.CallQueueManager (CallQueueManager.java:<init>(90)) - Using callQueue: class java.util.concurrent.LinkedBlockingQueue, queueCapacity: 100, scheduler: class org.apache.hadoop.ipc.DefaultRpcScheduler, ipcBackoff: false.
2023-12-05 10:04:59,595 [main] INFO  ipc.Server (Server.java:<init>(1287)) - Listener at 0.0.0.0:15089
2023-12-05 10:04:59,595 [Socket Reader #1 for port 15089] INFO  ipc.Server (Server.java:run(1323)) - Starting Socket Reader #1 for port 15089
2023-12-05 10:04:59,597 [main] INFO  ozone.HddsDatanodeService (HddsDatanodeService.java:start(324)) - Datanode start with admins: [runner]
2023-12-05 10:04:59,597 [main] INFO  ozone.HddsDatanodeClientProtocolServer (HddsDatanodeClientProtocolServer.java:start(72)) - RPC server for Client /0.0.0.0:15089
2023-12-05 10:04:59,608 [IPC Server Responder] INFO  ipc.Server (Server.java:run(1562)) - IPC Server Responder: starting
2023-12-05 10:04:59,608 [IPC Server listener on 15089] INFO  ipc.Server (Server.java:run(1402)) - IPC Server listener on 15089: starting
2023-12-05 10:04:59,608 [15f79772-7a81-4af9-9760-e026e14d2a58-DatanodeStateMachineDaemonThread] INFO  statemachine.DatanodeStateMachine (DatanodeStateMachine.java:lambda$startDaemon$1(555)) - Ozone container server started.
2023-12-05 10:04:59,609 [main] WARN  dropwizard3.Dm3MetricRegistriesImpl (Dm3MetricRegistriesImpl.java:addReporterRegistration(113)) - New reporters are added after registries were created. Some metrics will be missing from the reporter. Please add reporter before adding any new registry.
2023-12-05 10:04:59,609 [main] WARN  dropwizard3.Dm3MetricRegistriesImpl (Dm3MetricRegistriesImpl.java:addReporterRegistration(113)) - New reporters are added after registries were created. Some metrics will be missing from the reporter. Please add reporter before adding any new registry.
2023-12-05 10:04:59,609 [main] INFO  impl.MetricsSystemImpl (MetricsSystemImpl.java:init(158)) - HddsDatanode metrics system started (again)
2023-12-05 10:04:59,612 [15f79772-7a81-4af9-9760-e026e14d2a58-DatanodeStateMachineTaskThread-0] INFO  datanode.InitDatanodeState (InitDatanodeState.java:persistContainerDatanodeDetails(139)) - DatanodeDetails is persisted to /home/runner/work/ozone/ozone/hadoop-ozone/integration-test/target/test-dir/MiniOzoneClusterImpl-15b925ce-33b9-4c4c-8faa-158337806406/datanode-1/meta/datanode.id
2023-12-05 10:04:59,619 [main] INFO  ozone.HddsDatanodeService (HddsDatanodeService.java:start(239)) - HddsDatanodeService host:fv-az884-53.nlrrjjsaionubk4jys1hz1dhmg.bx.internal.cloudapp.net ip:10.1.0.7
2023-12-05 10:04:59,637 [main] INFO  upgrade.AbstractLayoutVersionManager (AbstractLayoutVersionManager.java:init(83)) - Initializing Layout version manager with metadata layout = HADOOP_PRC_PORTS_IN_DATANODEDETAILS (version = 7), software layout = HADOOP_PRC_PORTS_IN_DATANODEDETAILS (version = 7)
2023-12-05 10:04:59,638 [main] INFO  statemachine.DatanodeStateMachine (DatanodeStateMachine.java:getEndPointTaskThreadPoolSize(299)) - Datanode State Machine Task Thread Pool size 2
2023-12-05 10:04:59,639 [main] INFO  volume.HddsVolume (HddsVolume.java:<init>(126)) - Creating HddsVolume: /home/runner/work/ozone/ozone/hadoop-ozone/integration-test/target/test-dir/MiniOzoneClusterImpl-15b925ce-33b9-4c4c-8faa-158337806406/datanode-2/data-0/containers/hdds of storage type : DISK capacity : 9223372036854775807
2023-12-05 10:04:59,639 [main] INFO  volume.MutableVolumeSet (MutableVolumeSet.java:initializeVolumeSet(173)) - Added Volume : /home/runner/work/ozone/ozone/hadoop-ozone/integration-test/target/test-dir/MiniOzoneClusterImpl-15b925ce-33b9-4c4c-8faa-158337806406/datanode-2/data-0/containers/hdds to VolumeSet
2023-12-05 10:04:59,640 [main] INFO  volume.MutableVolumeSet (MutableVolumeSet.java:initializeVolumeSet(173)) - Added Volume : /home/runner/work/ozone/ozone/hadoop-ozone/integration-test/target/test-dir/MiniOzoneClusterImpl-15b925ce-33b9-4c4c-8faa-158337806406/datanode-2/data/ratis to VolumeSet
2023-12-05 10:04:59,640 [main] INFO  ozoneimpl.OzoneContainer (HddsVolumeUtil.java:loadAllHddsVolumeDbStore(103)) - Load 1 volumes DbStore cost: 0ms
2023-12-05 10:04:59,640 [8e5cdb27-721d-4db2-bd49-e25625d330e0-ContainerReader-0] INFO  ozoneimpl.ContainerReader (ContainerReader.java:readVolume(177)) - Finish verifying containers on volume /home/runner/work/ozone/ozone/hadoop-ozone/integration-test/target/test-dir/MiniOzoneClusterImpl-15b925ce-33b9-4c4c-8faa-158337806406/datanode-2/data-0/containers/hdds
2023-12-05 10:04:59,641 [main] INFO  ozoneimpl.OzoneContainer (OzoneContainer.java:buildContainerSet(326)) - Build ContainerSet costs 0s
2023-12-05 10:04:59,642 [main] INFO  server.RaftServer (ConfUtils.java:logGet(46)) - raft.rpc.type = GRPC (default)
2023-12-05 10:04:59,643 [main] INFO  grpc.GrpcConfigKeys (ConfUtils.java:logFallback(53)) - raft.grpc.admin.host = null (fallback to raft.grpc.server.host)
2023-12-05 10:04:59,643 [main] INFO  grpc.GrpcConfigKeys (ConfUtils.java:logGet(46)) - raft.grpc.admin.port = 15101 (custom)
2023-12-05 10:04:59,643 [main] INFO  grpc.GrpcConfigKeys (ConfUtils.java:logFallback(53)) - raft.grpc.client.host = null (fallback to raft.grpc.server.host)
2023-12-05 10:04:59,643 [main] INFO  grpc.GrpcConfigKeys (ConfUtils.java:logGet(46)) - raft.grpc.client.port = 15100 (custom)
2023-12-05 10:04:59,643 [main] INFO  grpc.GrpcConfigKeys (ConfUtils.java:logGet(46)) - raft.grpc.server.host = null (default)
2023-12-05 10:04:59,643 [main] INFO  grpc.GrpcConfigKeys (ConfUtils.java:logGet(46)) - raft.grpc.server.port = 15102 (custom)
2023-12-05 10:04:59,643 [main] INFO  server.GrpcService (ConfUtils.java:logGet(46)) - raft.grpc.message.size.max = 32MB (=33554432) (custom)
2023-12-05 10:04:59,643 [main] INFO  server.RaftServerConfigKeys (ConfUtils.java:logGet(46)) - raft.server.log.appender.buffer.byte-limit = 8388608 (custom)
2023-12-05 10:04:59,644 [main] INFO  server.GrpcService (ConfUtils.java:logGet(46)) - raft.grpc.flow.control.window = 5MB (=5242880) (custom)
2023-12-05 10:04:59,644 [main] INFO  server.RaftServerConfigKeys (ConfUtils.java:logGet(46)) - raft.server.rpc.request.timeout = 60s (custom)
2023-12-05 10:04:59,644 [main] INFO  grpc.GrpcConfigKeys (ConfUtils.java:logGet(46)) - raft.grpc.server.heartbeat.channel = true (default)
2023-12-05 10:04:59,644 [main] INFO  grpc.GrpcConfigKeys (ConfUtils.java:logGet(46)) - raft.grpc.server.async.request.thread.pool.cached = true (default)
2023-12-05 10:04:59,644 [main] INFO  grpc.GrpcConfigKeys (ConfUtils.java:logGet(46)) - raft.grpc.server.async.request.thread.pool.size = 32 (default)
2023-12-05 10:04:59,646 [main] INFO  impl.DataStreamServerImpl (ConfUtils.java:logGet(46)) - raft.datastream.type = NETTY (custom)
2023-12-05 10:04:59,646 [main] INFO  server.RaftServerConfigKeys (ConfUtils.java:logGet(46)) - raft.server.data-stream.async.request.thread.pool.cached = false (default)
2023-12-05 10:04:59,646 [main] INFO  server.RaftServerConfigKeys (ConfUtils.java:logGet(46)) - raft.server.data-stream.async.request.thread.pool.size = 20 (custom)
2023-12-05 10:04:59,647 [main] INFO  server.RaftServerConfigKeys (ConfUtils.java:logGet(46)) - raft.server.data-stream.async.write.thread.pool.size = 16 (default)
2023-12-05 10:04:59,647 [main] INFO  netty.NettyConfigKeys$DataStream (ConfUtils.java:logGet(46)) - raft.netty.dataStream.server.channel.inactive.grace-period = 10min (default)
2023-12-05 10:04:59,647 [main] INFO  server.RaftServerConfigKeys (ConfUtils.java:logGet(46)) - raft.server.data-stream.client.pool.size = 10 (default)
2023-12-05 10:04:59,647 [main] INFO  netty.NettyConfigKeys$DataStream (ConfUtils.java:logGet(46)) - raft.netty.dataStream.server.use-epoll = true (default)
2023-12-05 10:04:59,647 [main] INFO  netty.NettyConfigKeys$DataStream (ConfUtils.java:logGet(46)) - raft.netty.dataStream.server.boss-group.size = 0 (default)
2023-12-05 10:04:59,647 [main] INFO  netty.NettyUtils (NettyUtils.java:newEventLoopGroup(69)) - Create EpollEventLoopGroup for 8e5cdb27-721d-4db2-bd49-e25625d330e0-NettyServerStreamRpc-bossGroup; Thread size is 0.
2023-12-05 10:04:59,647 [main] INFO  netty.NettyConfigKeys$DataStream (ConfUtils.java:logGet(46)) - raft.netty.dataStream.server.worker-group.size = 0 (default)
2023-12-05 10:04:59,648 [main] INFO  netty.NettyUtils (NettyUtils.java:newEventLoopGroup(69)) - Create EpollEventLoopGroup for 8e5cdb27-721d-4db2-bd49-e25625d330e0-NettyServerStreamRpc-workerGroup; Thread size is 0.
2023-12-05 10:04:59,648 [main] INFO  netty.NettyConfigKeys$DataStream (ConfUtils.java:logGet(46)) - raft.netty.dataStream.server.tls.conf = null (default)
2023-12-05 10:04:59,648 [main] INFO  netty.NettyConfigKeys$DataStream (ConfUtils.java:logGet(46)) - raft.netty.dataStream.host = null (default)
2023-12-05 10:04:59,648 [main] INFO  netty.NettyConfigKeys$DataStream (ConfUtils.java:logGet(46)) - raft.netty.dataStream.port = 15103 (custom)
2023-12-05 10:04:59,648 [main] INFO  server.RaftServerConfigKeys (ConfUtils.java:logGet(46)) - raft.server.sleep.deviation.threshold = 300ms (default)
2023-12-05 10:04:59,649 [main] INFO  server.RaftServerConfigKeys (ConfUtils.java:logGet(46)) - raft.server.close.threshold = 60s (default)
2023-12-05 10:04:59,649 [main] INFO  server.RaftServerConfigKeys (ConfUtils.java:logGet(46)) - raft.server.leaderelection.leader.step-down.wait-time = 10s (default)
2023-12-05 10:04:59,649 [main] INFO  server.RaftServerConfigKeys (ConfUtils.java:logGet(46)) - raft.server.storage.dir = [/home/runner/work/ozone/ozone/hadoop-ozone/integration-test/target/test-dir/MiniOzoneClusterImpl-15b925ce-33b9-4c4c-8faa-158337806406/datanode-2/data/ratis] (custom)
2023-12-05 10:04:59,649 [main] INFO  server.RaftServerConfigKeys (ConfUtils.java:logGet(46)) - raft.server.threadpool.proxy.cached = true (default)
2023-12-05 10:04:59,649 [main] INFO  server.RaftServerConfigKeys (ConfUtils.java:logGet(46)) - raft.server.threadpool.proxy.size = 0 (default)
2023-12-05 10:04:59,649 [8e5cdb27-721d-4db2-bd49-e25625d330e0-NettyServerStreamRpc-bossGroup--thread1] INFO  logging.LoggingHandler (AbstractInternalLogger.java:log(148)) - [id: 0xd009b9bf] REGISTERED
2023-12-05 10:04:59,650 [8e5cdb27-721d-4db2-bd49-e25625d330e0-NettyServerStreamRpc-bossGroup--thread1] INFO  logging.LoggingHandler (AbstractInternalLogger.java:log(148)) - [id: 0xd009b9bf] BIND: 0.0.0.0/0.0.0.0:15103
2023-12-05 10:04:59,650 [8e5cdb27-721d-4db2-bd49-e25625d330e0-NettyServerStreamRpc-bossGroup--thread1] INFO  logging.LoggingHandler (AbstractInternalLogger.java:log(148)) - [id: 0xd009b9bf, L:/0.0.0.0:15103] ACTIVE
2023-12-05 10:04:59,650 [8e5cdb27-721d-4db2-bd49-e25625d330e0-impl-thread1] INFO  server.RaftServer (RaftServerProxy.java:initGroupDir(264)) - 8e5cdb27-721d-4db2-bd49-e25625d330e0: found a subdirectory /home/runner/work/ozone/ozone/hadoop-ozone/integration-test/target/test-dir/MiniOzoneClusterImpl-15b925ce-33b9-4c4c-8faa-158337806406/datanode-2/data/ratis/tmp
2023-12-05 10:04:59,650 [8e5cdb27-721d-4db2-bd49-e25625d330e0-impl-thread1] INFO  server.RaftServer (RaftServerProxy.java:initGroupDir(269)) - 8e5cdb27-721d-4db2-bd49-e25625d330e0: The directory /home/runner/work/ozone/ozone/hadoop-ozone/integration-test/target/test-dir/MiniOzoneClusterImpl-15b925ce-33b9-4c4c-8faa-158337806406/datanode-2/data/ratis/tmp is not a group directory; ignoring it. 
2023-12-05 10:04:59,650 [main] INFO  replication.ReplicationServer (ReplicationServer.java:<init>(85)) - Initializing replication server with thread count = 10 queue length = 4096
2023-12-05 10:04:59,651 [main] INFO  server.XceiverServerGrpc (XceiverServerGrpc.java:<init>(141)) - GrpcServer channel type EpollServerSocketChannel
2023-12-05 10:04:59,653 [main] INFO  replication.ReplicationSupervisor (ReplicationSupervisor.java:build(163)) - Initializing replication supervisor with thread count = 10
2023-12-05 10:04:59,653 [main] INFO  replication.ReplicationSupervisor (ReplicationSupervisor.java:nodeStateUpdated(317)) - Node state updated to IN_SERVICE, scaling executor pool size to 10
2023-12-05 10:04:59,655 [main] INFO  http.BaseHttpServer (BaseHttpServer.java:newHttpServer2BuilderForOzone(223)) - Starting Web-server for hddsDatanode at: http://0.0.0.0:15097
2023-12-05 10:04:59,655 [main] INFO  http.BaseHttpServer (BaseHttpServer.java:<init>(110)) - Hadoop Security Enabled: false Ozone Security Enabled: false Ozone HTTP Security Enabled: false 
2023-12-05 10:04:59,656 [main] WARN  server.AuthenticationFilter (AuthenticationFilter.java:constructSecretProvider(240)) - Unable to initialize FileSignerSecretProvider, falling back to use random secrets. Reason: Could not read signature secret file: /home/runner/hadoop-http-auth-signature-secret
2023-12-05 10:04:59,657 [main] INFO  http.HttpRequestLog (HttpRequestLog.java:getRequestLog(86)) - Http request log for http.requests.hddsDatanode is not defined
2023-12-05 10:04:59,658 [main] INFO  http.HttpServer2 (HttpServer2.java:addGlobalFilter(1031)) - Added global filter 'safety' (class=org.apache.hadoop.hdds.server.http.HttpServer2$QuotingInputFilter)
2023-12-05 10:04:59,658 [main] INFO  http.HttpServer2 (HttpServer2.java:addFilter(1007)) - Added filter static_user_filter (class=org.apache.hadoop.http.lib.StaticUserWebFilter$StaticUserFilter) to context hddsDatanode
2023-12-05 10:04:59,658 [main] INFO  http.HttpServer2 (HttpServer2.java:addFilter(1015)) - Added filter static_user_filter (class=org.apache.hadoop.http.lib.StaticUserWebFilter$StaticUserFilter) to context logs
2023-12-05 10:04:59,659 [main] INFO  http.HttpServer2 (HttpServer2.java:addFilter(1015)) - Added filter static_user_filter (class=org.apache.hadoop.http.lib.StaticUserWebFilter$StaticUserFilter) to context static
2023-12-05 10:04:59,659 [main] INFO  http.BaseHttpServer (BaseHttpServer.java:<init>(189)) - HTTP server of hddsDatanode uses base directory /home/runner/work/ozone/ozone/hadoop-ozone/integration-test/target/test-dir/MiniOzoneClusterImpl-15b925ce-33b9-4c4c-8faa-158337806406/datanode-2/meta/webserver
2023-12-05 10:04:59,659 [main] INFO  http.HttpServer2 (HttpServer2.java:bindListener(1231)) - Jetty bound to port 15097
2023-12-05 10:04:59,660 [main] INFO  server.Server (Server.java:doStart(375)) - jetty-9.4.53.v20231009; built: 2023-10-09T12:29:09.265Z; git: 27bde00a0b95a1d5bbee0eae7984f891d2d0f8c9; jvm 1.8.0_392-b08
2023-12-05 10:04:59,661 [main] INFO  server.session (DefaultSessionIdManager.java:doStart(334)) - DefaultSessionIdManager workerName=node0
2023-12-05 10:04:59,661 [main] INFO  server.session (DefaultSessionIdManager.java:doStart(339)) - No SessionScavenger set, using defaults
2023-12-05 10:04:59,661 [main] INFO  server.session (HouseKeeper.java:startScavenging(132)) - node0 Scavenging every 600000ms
2023-12-05 10:04:59,661 [main] INFO  handler.ContextHandler (ContextHandler.java:doStart(921)) - Started o.e.j.s.ServletContextHandler@2a6304f2{logs,/logs,file:///home/runner/work/ozone/ozone/hadoop-ozone/integration-test/target/log,AVAILABLE}
2023-12-05 10:04:59,662 [main] INFO  handler.ContextHandler (ContextHandler.java:doStart(921)) - Started o.e.j.s.ServletContextHandler@1d7ef7ca{static,/static,jar:file:/home/runner/.m2/repository/org/apache/ozone/hdds-container-service/1.4.0-SNAPSHOT/hdds-container-service-1.4.0-SNAPSHOT.jar!/webapps/static,AVAILABLE}
2023-12-05 10:04:59,695 [main] INFO  handler.ContextHandler (ContextHandler.java:doStart(921)) - Started o.e.j.w.WebAppContext@44c994e5{hddsDatanode,/,file:///home/runner/work/ozone/ozone/hadoop-ozone/integration-test/target/test-dir/MiniOzoneClusterImpl-15b925ce-33b9-4c4c-8faa-158337806406/datanode-2/meta/webserver/jetty-0_0_0_0-15097-hdds-container-service-1_4_0-SNAPSHOT_jar-_-any-3872672247447970800/webapp/,AVAILABLE}{jar:file:/home/runner/.m2/repository/org/apache/ozone/hdds-container-service/1.4.0-SNAPSHOT/hdds-container-service-1.4.0-SNAPSHOT.jar!/webapps/hddsDatanode}
2023-12-05 10:04:59,699 [main] INFO  server.AbstractConnector (AbstractConnector.java:doStart(333)) - Started ServerConnector@70f444{HTTP/1.1, (http/1.1)}{0.0.0.0:15097}
2023-12-05 10:04:59,699 [main] INFO  server.Server (Server.java:doStart(415)) - Started @40363ms
2023-12-05 10:04:59,699 [main] WARN  impl.MetricsSystemImpl (MetricsSystemImpl.java:register(279)) - Sink prometheus already exists!
2023-12-05 10:04:59,700 [main] INFO  http.BaseHttpServer (BaseHttpServer.java:updateConnectorAddress(354)) - HTTP server of hddsDatanode listening at http://0.0.0.0:15097
2023-12-05 10:04:59,700 [main] INFO  ipc.CallQueueManager (CallQueueManager.java:<init>(90)) - Using callQueue: class java.util.concurrent.LinkedBlockingQueue, queueCapacity: 100, scheduler: class org.apache.hadoop.ipc.DefaultRpcScheduler, ipcBackoff: false.
2023-12-05 10:04:59,701 [main] INFO  ipc.Server (Server.java:<init>(1287)) - Listener at 0.0.0.0:15098
2023-12-05 10:04:59,701 [Socket Reader #1 for port 15098] INFO  ipc.Server (Server.java:run(1323)) - Starting Socket Reader #1 for port 15098
2023-12-05 10:04:59,702 [main] INFO  ozone.HddsDatanodeService (HddsDatanodeService.java:start(324)) - Datanode start with admins: [runner]
2023-12-05 10:04:59,703 [main] INFO  ozone.HddsDatanodeClientProtocolServer (HddsDatanodeClientProtocolServer.java:start(72)) - RPC server for Client /0.0.0.0:15098
2023-12-05 10:04:59,703 [IPC Server Responder] INFO  ipc.Server (Server.java:run(1562)) - IPC Server Responder: starting
2023-12-05 10:04:59,703 [IPC Server listener on 15098] INFO  ipc.Server (Server.java:run(1402)) - IPC Server listener on 15098: starting
2023-12-05 10:04:59,703 [8e5cdb27-721d-4db2-bd49-e25625d330e0-DatanodeStateMachineDaemonThread] INFO  statemachine.DatanodeStateMachine (DatanodeStateMachine.java:lambda$startDaemon$1(555)) - Ozone container server started.
2023-12-05 10:04:59,703 [main] INFO  ozone.MiniOzoneClusterImpl (MiniOzoneClusterImpl.java:lambda$waitForClusterToBeReady$0(229)) - Waiting for nodes to be ready. Got 0 of 3 DN Heartbeats.
2023-12-05 10:04:59,704 [main] INFO  ozone.MiniOzoneClusterImpl (MiniOzoneClusterImpl.java:lambda$waitForClusterToBeReady$0(232)) - Waiting for cluster to exit safe mode
2023-12-05 10:04:59,704 [main] INFO  ozone.MiniOzoneClusterImpl (MiniOzoneClusterImpl.java:lambda$waitForClusterToBeReady$0(234)) - SCM became leader
2023-12-05 10:04:59,707 [8e5cdb27-721d-4db2-bd49-e25625d330e0-DatanodeStateMachineTaskThread-0] INFO  datanode.InitDatanodeState (InitDatanodeState.java:persistContainerDatanodeDetails(139)) - DatanodeDetails is persisted to /home/runner/work/ozone/ozone/hadoop-ozone/integration-test/target/test-dir/MiniOzoneClusterImpl-15b925ce-33b9-4c4c-8faa-158337806406/datanode-2/meta/datanode.id
2023-12-05 10:05:00,488 [om1@group-C5BA1605619E-FollowerState] INFO  impl.FollowerState (FollowerState.java:run(143)) - om1@group-C5BA1605619E-FollowerState: change to CANDIDATE, lastRpcElapsedTime:1106038158ns, electionTimeout:1104ms
2023-12-05 10:05:00,489 [om1@group-C5BA1605619E-FollowerState] INFO  impl.RoleInfo (RoleInfo.java:shutdownFollowerState(110)) - om1: shutdown om1@group-C5BA1605619E-FollowerState
2023-12-05 10:05:00,489 [om1@group-C5BA1605619E-FollowerState] INFO  server.RaftServer$Division (RaftServerImpl.java:setRole(379)) - om1@group-C5BA1605619E: changes role from  FOLLOWER to CANDIDATE at term 0 for changeToCandidate
2023-12-05 10:05:00,489 [om1@group-C5BA1605619E-FollowerState] INFO  server.RaftServerConfigKeys (ConfUtils.java:logGet(46)) - raft.server.leaderelection.pre-vote = true (default)
2023-12-05 10:05:00,489 [om1@group-C5BA1605619E-FollowerState] INFO  impl.RoleInfo (RoleInfo.java:updateAndGet(139)) - om1: start om1@group-C5BA1605619E-LeaderElection12
2023-12-05 10:05:00,490 [om1@group-C5BA1605619E-LeaderElection12] INFO  impl.LeaderElection (LeaderElection.java:askForVotes(323)) - om1@group-C5BA1605619E-LeaderElection12 PRE_VOTE round 0: submit vote requests at term 0 for -1: peers:[om1|localhost:15077]|listeners:[], old=null
2023-12-05 10:05:00,490 [om1@group-C5BA1605619E-LeaderElection12] INFO  impl.LeaderElection (LeaderElection.java:askForVotes(325)) - om1@group-C5BA1605619E-LeaderElection12 PRE_VOTE round 0: result PASSED (term=0)
2023-12-05 10:05:00,492 [om1@group-C5BA1605619E-LeaderElection12] INFO  impl.LeaderElection (LeaderElection.java:askForVotes(323)) - om1@group-C5BA1605619E-LeaderElection12 ELECTION round 0: submit vote requests at term 1 for -1: peers:[om1|localhost:15077]|listeners:[], old=null
2023-12-05 10:05:00,492 [om1@group-C5BA1605619E-LeaderElection12] INFO  impl.LeaderElection (LeaderElection.java:askForVotes(325)) - om1@group-C5BA1605619E-LeaderElection12 ELECTION round 0: result PASSED (term=1)
2023-12-05 10:05:00,492 [om1@group-C5BA1605619E-LeaderElection12] INFO  impl.RoleInfo (RoleInfo.java:shutdownLeaderElection(130)) - om1: shutdown om1@group-C5BA1605619E-LeaderElection12
2023-12-05 10:05:00,492 [om1@group-C5BA1605619E-LeaderElection12] INFO  server.RaftServer$Division (RaftServerImpl.java:setRole(379)) - om1@group-C5BA1605619E: changes role from CANDIDATE to LEADER at term 1 for changeToLeader
2023-12-05 10:05:00,492 [om1@group-C5BA1605619E-LeaderElection12] INFO  server.RaftServerConfigKeys (ConfUtils.java:logGet(46)) - raft.server.staging.catchup.gap = 1000 (default)
2023-12-05 10:05:00,492 [om1@group-C5BA1605619E-LeaderElection12] INFO  server.RaftServerConfigKeys (ConfUtils.java:logGet(46)) - raft.server.write.element-limit = 4096 (default)
2023-12-05 10:05:00,492 [om1@group-C5BA1605619E-LeaderElection12] INFO  server.RaftServerConfigKeys (ConfUtils.java:logGet(46)) - raft.server.write.byte-limit = 64MB (=67108864) (default)
2023-12-05 10:05:00,492 [om1@group-C5BA1605619E-LeaderElection12] INFO  server.RaftServerConfigKeys (ConfUtils.java:logGet(46)) - raft.server.watch.timeout = 10s (default)
2023-12-05 10:05:00,492 [om1@group-C5BA1605619E-LeaderElection12] INFO  server.RaftServerConfigKeys (ConfUtils.java:logGet(46)) - raft.server.watch.timeout.denomination = 1s (default)
2023-12-05 10:05:00,492 [om1@group-C5BA1605619E-LeaderElection12] INFO  server.RaftServerConfigKeys (ConfUtils.java:logGet(46)) - raft.server.watch.element-limit = 65536 (default)
2023-12-05 10:05:00,492 [om1@group-C5BA1605619E-LeaderElection12] INFO  server.RaftServerConfigKeys (ConfUtils.java:logGet(46)) - raft.server.read.leader.lease.enabled = false (default)
2023-12-05 10:05:00,493 [om1@group-C5BA1605619E-LeaderElection12] INFO  server.RaftServerConfigKeys (ConfUtils.java:logGet(46)) - raft.server.read.leader.lease.timeout.ratio = 0.9 (default)
2023-12-05 10:05:00,493 [om1@group-C5BA1605619E-LeaderElection12] INFO  server.RaftServerConfigKeys (ConfUtils.java:logGet(46)) - raft.server.rpc.timeout.min = 1s (custom)
2023-12-05 10:05:00,493 [om1@group-C5BA1605619E-LeaderElection12] INFO  server.RaftServerConfigKeys (ConfUtils.java:logGet(46)) - raft.server.write.element-limit = 4096 (default)
2023-12-05 10:05:00,493 [om1@group-C5BA1605619E-LeaderElection12] INFO  server.RaftServerConfigKeys (ConfUtils.java:logGet(46)) - raft.server.write.follower.gap.ratio.max = -1.0 (default)
2023-12-05 10:05:00,493 [om1@group-C5BA1605619E-LeaderElection12] INFO  impl.RoleInfo (RoleInfo.java:updateAndGet(139)) - om1: start om1@group-C5BA1605619E-LeaderStateImpl
2023-12-05 10:05:00,493 [om1@group-C5BA1605619E-LeaderElection12] INFO  server.RaftServer$Division (RaftServerImpl.java:setFirstElection(564)) - om1@group-C5BA1605619E: set firstElectionSinceStartup to false for becomeLeader
2023-12-05 10:05:00,493 [om1@group-C5BA1605619E-LeaderElection12] INFO  server.RaftServer$Division (ServerState.java:setLeader(265)) - om1@group-C5BA1605619E: change Leader from null to om1 at term 1 for becomeLeader, leader elected after 1365ms
2023-12-05 10:05:00,493 [om1@group-C5BA1605619E-LeaderElection12] INFO  segmented.SegmentedRaftLogWorker (SegmentedRaftLogWorker.java:startLogSegment(428)) - om1@group-C5BA1605619E-SegmentedRaftLogWorker: Starting segment from index:0
2023-12-05 10:05:00,494 [om1@group-C5BA1605619E-LeaderElection12] INFO  server.RaftServer$Division (ServerState.java:setRaftConf(382)) - om1@group-C5BA1605619E: set configuration 0: peers:[om1|localhost:15077]|listeners:[], old=null
2023-12-05 10:05:00,503 [om1@group-C5BA1605619E-SegmentedRaftLogWorker] INFO  segmented.SegmentedRaftLogWorker (SegmentedRaftLogWorker.java:execute(632)) - om1@group-C5BA1605619E-SegmentedRaftLogWorker: created new log segment /home/runner/work/ozone/ozone/hadoop-ozone/integration-test/target/test-dir/MiniOzoneClusterImpl-15b925ce-33b9-4c4c-8faa-158337806406/ozone-meta/ratis/bf265839-605b-3f16-9796-c5ba1605619e/current/log_inprogress_0
2023-12-05 10:05:00,504 [om1@group-C5BA1605619E-StateMachineUpdater] INFO  ratis.OzoneManagerStateMachine (OzoneManagerStateMachine.java:notifyConfigurationChanged(210)) - Received Configuration change notification from Ratis. New Peer list:
[id: "om1"
address: "localhost:15077"
startupRole: FOLLOWER
]
2023-12-05 10:05:00,504 [om1@group-C5BA1605619E-StateMachineUpdater] INFO  server.RaftServer$Division (LeaderStateImpl.java:isApplied(316)) - leader is ready since appliedIndex == 0 >= startIndex == 0
2023-12-05 10:05:00,705 [main] INFO  ozone.MiniOzoneClusterImpl (MiniOzoneClusterImpl.java:lambda$waitForClusterToBeReady$0(229)) - Waiting for nodes to be ready. Got 0 of 3 DN Heartbeats.
2023-12-05 10:05:00,706 [main] INFO  ozone.MiniOzoneClusterImpl (MiniOzoneClusterImpl.java:lambda$waitForClusterToBeReady$0(232)) - Waiting for cluster to exit safe mode
2023-12-05 10:05:00,706 [main] INFO  ozone.MiniOzoneClusterImpl (MiniOzoneClusterImpl.java:lambda$waitForClusterToBeReady$0(234)) - SCM became leader
2023-12-05 10:05:01,533 [c5405651-ef25-48d2-8d28-ae0bccd2c7ed-EndpointStateMachineTaskThread-/0.0.0.0:15072-0 ] INFO  utils.DatanodeStoreCache (DatanodeStoreCache.java:addDB(66)) - Added db /home/runner/work/ozone/ozone/hadoop-ozone/integration-test/target/test-dir/MiniOzoneClusterImpl-15b925ce-33b9-4c4c-8faa-158337806406/datanode-0/data-0/containers/hdds/15b925ce-33b9-4c4c-8faa-158337806406/DS-c48ecde8-997c-4695-a154-326f9758c24e/container.db to cache
2023-12-05 10:05:01,533 [c5405651-ef25-48d2-8d28-ae0bccd2c7ed-EndpointStateMachineTaskThread-/0.0.0.0:15072-0 ] INFO  volume.HddsVolume (HddsVolume.java:createDbStore(422)) - SchemaV3 db is created and loaded at /home/runner/work/ozone/ozone/hadoop-ozone/integration-test/target/test-dir/MiniOzoneClusterImpl-15b925ce-33b9-4c4c-8faa-158337806406/datanode-0/data-0/containers/hdds/15b925ce-33b9-4c4c-8faa-158337806406/DS-c48ecde8-997c-4695-a154-326f9758c24e/container.db for volume DS-c48ecde8-997c-4695-a154-326f9758c24e
2023-12-05 10:05:01,534 [c5405651-ef25-48d2-8d28-ae0bccd2c7ed-EndpointStateMachineTaskThread-/0.0.0.0:15072-0 ] INFO  volume.ThrottledAsyncChecker (ThrottledAsyncChecker.java:schedule(141)) - Scheduling a check for /home/runner/work/ozone/ozone/hadoop-ozone/integration-test/target/test-dir/MiniOzoneClusterImpl-15b925ce-33b9-4c4c-8faa-158337806406/datanode-0/data-0/containers/hdds
2023-12-05 10:05:01,534 [c5405651-ef25-48d2-8d28-ae0bccd2c7ed-EndpointStateMachineTaskThread-/0.0.0.0:15072-0 ] INFO  volume.StorageVolumeChecker (StorageVolumeChecker.java:checkAllVolumes(218)) - Scheduled health check for volume /home/runner/work/ozone/ozone/hadoop-ozone/integration-test/target/test-dir/MiniOzoneClusterImpl-15b925ce-33b9-4c4c-8faa-158337806406/datanode-0/data-0/containers/hdds
2023-12-05 10:05:01,535 [c5405651-ef25-48d2-8d28-ae0bccd2c7ed-EndpointStateMachineTaskThread-/0.0.0.0:15072-0 ] INFO  volume.ThrottledAsyncChecker (ThrottledAsyncChecker.java:schedule(141)) - Scheduling a check for /home/runner/work/ozone/ozone/hadoop-ozone/integration-test/target/test-dir/MiniOzoneClusterImpl-15b925ce-33b9-4c4c-8faa-158337806406/datanode-0/data/ratis
2023-12-05 10:05:01,535 [c5405651-ef25-48d2-8d28-ae0bccd2c7ed-EndpointStateMachineTaskThread-/0.0.0.0:15072-0 ] INFO  volume.StorageVolumeChecker (StorageVolumeChecker.java:checkAllVolumes(218)) - Scheduled health check for volume /home/runner/work/ozone/ozone/hadoop-ozone/integration-test/target/test-dir/MiniOzoneClusterImpl-15b925ce-33b9-4c4c-8faa-158337806406/datanode-0/data/ratis
2023-12-05 10:05:01,536 [c5405651-ef25-48d2-8d28-ae0bccd2c7ed-EndpointStateMachineTaskThread-/0.0.0.0:15072-0 ] INFO  ozoneimpl.OzoneContainer (OzoneContainer.java:start(441)) - Attempting to start container services.
2023-12-05 10:05:01,536 [c5405651-ef25-48d2-8d28-ae0bccd2c7ed-EndpointStateMachineTaskThread-/0.0.0.0:15072-0 ] INFO  ozoneimpl.OzoneContainer (OzoneContainer.java:startContainerScrub(337)) - Scheduled background container scanners and the on-demand container scanner have been disabled.
2023-12-05 10:05:01,537 [c5405651-ef25-48d2-8d28-ae0bccd2c7ed-EndpointStateMachineTaskThread-/0.0.0.0:15072-0 ] INFO  replication.ReplicationServer (ReplicationServer.java:start(139)) - ReplicationServer is started using port 15086
2023-12-05 10:05:01,537 [c5405651-ef25-48d2-8d28-ae0bccd2c7ed-EndpointStateMachineTaskThread-/0.0.0.0:15072-0 ] INFO  ratis.XceiverServerRatis (XceiverServerRatis.java:start(548)) - Starting XceiverServerRatis c5405651-ef25-48d2-8d28-ae0bccd2c7ed
2023-12-05 10:05:01,538 [c5405651-ef25-48d2-8d28-ae0bccd2c7ed-EndpointStateMachineTaskThread-/0.0.0.0:15072-0 ] INFO  server.RaftServer (RaftServerProxy.java:startImpl(406)) - c5405651-ef25-48d2-8d28-ae0bccd2c7ed: start RPC server
2023-12-05 10:05:01,540 [c5405651-ef25-48d2-8d28-ae0bccd2c7ed-EndpointStateMachineTaskThread-/0.0.0.0:15072-0 ] INFO  server.GrpcService (GrpcService.java:startImpl(302)) - c5405651-ef25-48d2-8d28-ae0bccd2c7ed: GrpcService started, listening on 15082
2023-12-05 10:05:01,541 [c5405651-ef25-48d2-8d28-ae0bccd2c7ed-EndpointStateMachineTaskThread-/0.0.0.0:15072-0 ] INFO  server.GrpcService (GrpcService.java:startImpl(302)) - c5405651-ef25-48d2-8d28-ae0bccd2c7ed: GrpcService started, listening on 15084
2023-12-05 10:05:01,541 [c5405651-ef25-48d2-8d28-ae0bccd2c7ed-EndpointStateMachineTaskThread-/0.0.0.0:15072-0 ] INFO  server.GrpcService (GrpcService.java:startImpl(302)) - c5405651-ef25-48d2-8d28-ae0bccd2c7ed: GrpcService started, listening on 15083
2023-12-05 10:05:01,541 [c5405651-ef25-48d2-8d28-ae0bccd2c7ed-EndpointStateMachineTaskThread-/0.0.0.0:15072-0 ] INFO  ratis.XceiverServerRatis (XceiverServerRatis.java:getRealPort(574)) - XceiverServerRatis c5405651-ef25-48d2-8d28-ae0bccd2c7ed is started using port 15082 for RATIS
2023-12-05 10:05:01,542 [JvmPauseMonitor12] INFO  util.JvmPauseMonitor (JvmPauseMonitor.java:run(146)) - JvmPauseMonitor-c5405651-ef25-48d2-8d28-ae0bccd2c7ed: Started
2023-12-05 10:05:01,542 [c5405651-ef25-48d2-8d28-ae0bccd2c7ed-EndpointStateMachineTaskThread-/0.0.0.0:15072-0 ] INFO  ratis.XceiverServerRatis (XceiverServerRatis.java:getRealPort(574)) - XceiverServerRatis c5405651-ef25-48d2-8d28-ae0bccd2c7ed is started using port 15083 for RATIS_ADMIN
2023-12-05 10:05:01,542 [c5405651-ef25-48d2-8d28-ae0bccd2c7ed-EndpointStateMachineTaskThread-/0.0.0.0:15072-0 ] INFO  ratis.XceiverServerRatis (XceiverServerRatis.java:getRealPort(574)) - XceiverServerRatis c5405651-ef25-48d2-8d28-ae0bccd2c7ed is started using port 15084 for RATIS_SERVER
2023-12-05 10:05:01,542 [c5405651-ef25-48d2-8d28-ae0bccd2c7ed-EndpointStateMachineTaskThread-/0.0.0.0:15072-0 ] INFO  ratis.XceiverServerRatis (XceiverServerRatis.java:getRealPort(574)) - XceiverServerRatis c5405651-ef25-48d2-8d28-ae0bccd2c7ed is started using port 15085 for RATIS_DATASTREAM
2023-12-05 10:05:01,543 [c5405651-ef25-48d2-8d28-ae0bccd2c7ed-BlockDeletingService#0] INFO  interfaces.ContainerDeletionChoosingPolicyTemplate (ContainerDeletionChoosingPolicyTemplate.java:chooseContainerForBlockDeletion(85)) - Chosen 0/5000 blocks from 0 candidate containers.
2023-12-05 10:05:01,633 [15f79772-7a81-4af9-9760-e026e14d2a58-EndpointStateMachineTaskThread-/0.0.0.0:15072-0 ] INFO  utils.DatanodeStoreCache (DatanodeStoreCache.java:addDB(66)) - Added db /home/runner/work/ozone/ozone/hadoop-ozone/integration-test/target/test-dir/MiniOzoneClusterImpl-15b925ce-33b9-4c4c-8faa-158337806406/datanode-1/data-0/containers/hdds/15b925ce-33b9-4c4c-8faa-158337806406/DS-cac247dd-007d-4c98-bd21-3e1eae0bd4ac/container.db to cache
2023-12-05 10:05:01,633 [15f79772-7a81-4af9-9760-e026e14d2a58-EndpointStateMachineTaskThread-/0.0.0.0:15072-0 ] INFO  volume.HddsVolume (HddsVolume.java:createDbStore(422)) - SchemaV3 db is created and loaded at /home/runner/work/ozone/ozone/hadoop-ozone/integration-test/target/test-dir/MiniOzoneClusterImpl-15b925ce-33b9-4c4c-8faa-158337806406/datanode-1/data-0/containers/hdds/15b925ce-33b9-4c4c-8faa-158337806406/DS-cac247dd-007d-4c98-bd21-3e1eae0bd4ac/container.db for volume DS-cac247dd-007d-4c98-bd21-3e1eae0bd4ac
2023-12-05 10:05:01,634 [15f79772-7a81-4af9-9760-e026e14d2a58-EndpointStateMachineTaskThread-/0.0.0.0:15072-0 ] INFO  volume.ThrottledAsyncChecker (ThrottledAsyncChecker.java:schedule(141)) - Scheduling a check for /home/runner/work/ozone/ozone/hadoop-ozone/integration-test/target/test-dir/MiniOzoneClusterImpl-15b925ce-33b9-4c4c-8faa-158337806406/datanode-1/data-0/containers/hdds
2023-12-05 10:05:01,634 [15f79772-7a81-4af9-9760-e026e14d2a58-EndpointStateMachineTaskThread-/0.0.0.0:15072-0 ] INFO  volume.StorageVolumeChecker (StorageVolumeChecker.java:checkAllVolumes(218)) - Scheduled health check for volume /home/runner/work/ozone/ozone/hadoop-ozone/integration-test/target/test-dir/MiniOzoneClusterImpl-15b925ce-33b9-4c4c-8faa-158337806406/datanode-1/data-0/containers/hdds
2023-12-05 10:05:01,635 [15f79772-7a81-4af9-9760-e026e14d2a58-EndpointStateMachineTaskThread-/0.0.0.0:15072-0 ] INFO  volume.ThrottledAsyncChecker (ThrottledAsyncChecker.java:schedule(141)) - Scheduling a check for /home/runner/work/ozone/ozone/hadoop-ozone/integration-test/target/test-dir/MiniOzoneClusterImpl-15b925ce-33b9-4c4c-8faa-158337806406/datanode-1/data/ratis
2023-12-05 10:05:01,635 [15f79772-7a81-4af9-9760-e026e14d2a58-EndpointStateMachineTaskThread-/0.0.0.0:15072-0 ] INFO  volume.StorageVolumeChecker (StorageVolumeChecker.java:checkAllVolumes(218)) - Scheduled health check for volume /home/runner/work/ozone/ozone/hadoop-ozone/integration-test/target/test-dir/MiniOzoneClusterImpl-15b925ce-33b9-4c4c-8faa-158337806406/datanode-1/data/ratis
2023-12-05 10:05:01,636 [15f79772-7a81-4af9-9760-e026e14d2a58-EndpointStateMachineTaskThread-/0.0.0.0:15072-0 ] INFO  ozoneimpl.OzoneContainer (OzoneContainer.java:start(441)) - Attempting to start container services.
2023-12-05 10:05:01,636 [15f79772-7a81-4af9-9760-e026e14d2a58-EndpointStateMachineTaskThread-/0.0.0.0:15072-0 ] INFO  ozoneimpl.OzoneContainer (OzoneContainer.java:startContainerScrub(337)) - Scheduled background container scanners and the on-demand container scanner have been disabled.
2023-12-05 10:05:01,637 [15f79772-7a81-4af9-9760-e026e14d2a58-EndpointStateMachineTaskThread-/0.0.0.0:15072-0 ] INFO  replication.ReplicationServer (ReplicationServer.java:start(139)) - ReplicationServer is started using port 15095
2023-12-05 10:05:01,637 [15f79772-7a81-4af9-9760-e026e14d2a58-EndpointStateMachineTaskThread-/0.0.0.0:15072-0 ] INFO  ratis.XceiverServerRatis (XceiverServerRatis.java:start(548)) - Starting XceiverServerRatis 15f79772-7a81-4af9-9760-e026e14d2a58
2023-12-05 10:05:01,639 [15f79772-7a81-4af9-9760-e026e14d2a58-EndpointStateMachineTaskThread-/0.0.0.0:15072-0 ] INFO  server.RaftServer (RaftServerProxy.java:startImpl(406)) - 15f79772-7a81-4af9-9760-e026e14d2a58: start RPC server
2023-12-05 10:05:01,640 [15f79772-7a81-4af9-9760-e026e14d2a58-EndpointStateMachineTaskThread-/0.0.0.0:15072-0 ] INFO  server.GrpcService (GrpcService.java:startImpl(302)) - 15f79772-7a81-4af9-9760-e026e14d2a58: GrpcService started, listening on 15091
2023-12-05 10:05:01,640 [15f79772-7a81-4af9-9760-e026e14d2a58-EndpointStateMachineTaskThread-/0.0.0.0:15072-0 ] INFO  server.GrpcService (GrpcService.java:startImpl(302)) - 15f79772-7a81-4af9-9760-e026e14d2a58: GrpcService started, listening on 15093
2023-12-05 10:05:01,640 [15f79772-7a81-4af9-9760-e026e14d2a58-EndpointStateMachineTaskThread-/0.0.0.0:15072-0 ] INFO  server.GrpcService (GrpcService.java:startImpl(302)) - 15f79772-7a81-4af9-9760-e026e14d2a58: GrpcService started, listening on 15092
2023-12-05 10:05:01,641 [15f79772-7a81-4af9-9760-e026e14d2a58-EndpointStateMachineTaskThread-/0.0.0.0:15072-0 ] INFO  ratis.XceiverServerRatis (XceiverServerRatis.java:getRealPort(574)) - XceiverServerRatis 15f79772-7a81-4af9-9760-e026e14d2a58 is started using port 15091 for RATIS
2023-12-05 10:05:01,641 [JvmPauseMonitor13] INFO  util.JvmPauseMonitor (JvmPauseMonitor.java:run(146)) - JvmPauseMonitor-15f79772-7a81-4af9-9760-e026e14d2a58: Started
2023-12-05 10:05:01,641 [15f79772-7a81-4af9-9760-e026e14d2a58-EndpointStateMachineTaskThread-/0.0.0.0:15072-0 ] INFO  ratis.XceiverServerRatis (XceiverServerRatis.java:getRealPort(574)) - XceiverServerRatis 15f79772-7a81-4af9-9760-e026e14d2a58 is started using port 15092 for RATIS_ADMIN
2023-12-05 10:05:01,641 [15f79772-7a81-4af9-9760-e026e14d2a58-EndpointStateMachineTaskThread-/0.0.0.0:15072-0 ] INFO  ratis.XceiverServerRatis (XceiverServerRatis.java:getRealPort(574)) - XceiverServerRatis 15f79772-7a81-4af9-9760-e026e14d2a58 is started using port 15093 for RATIS_SERVER
2023-12-05 10:05:01,641 [15f79772-7a81-4af9-9760-e026e14d2a58-EndpointStateMachineTaskThread-/0.0.0.0:15072-0 ] INFO  ratis.XceiverServerRatis (XceiverServerRatis.java:getRealPort(574)) - XceiverServerRatis 15f79772-7a81-4af9-9760-e026e14d2a58 is started using port 15094 for RATIS_DATASTREAM
2023-12-05 10:05:01,644 [15f79772-7a81-4af9-9760-e026e14d2a58-BlockDeletingService#0] INFO  interfaces.ContainerDeletionChoosingPolicyTemplate (ContainerDeletionChoosingPolicyTemplate.java:chooseContainerForBlockDeletion(85)) - Chosen 0/5000 blocks from 0 candidate containers.
2023-12-05 10:05:01,706 [main] INFO  ozone.MiniOzoneClusterImpl (MiniOzoneClusterImpl.java:lambda$waitForClusterToBeReady$0(229)) - Waiting for nodes to be ready. Got 0 of 3 DN Heartbeats.
2023-12-05 10:05:01,706 [main] INFO  ozone.MiniOzoneClusterImpl (MiniOzoneClusterImpl.java:lambda$waitForClusterToBeReady$0(232)) - Waiting for cluster to exit safe mode
2023-12-05 10:05:01,706 [main] INFO  ozone.MiniOzoneClusterImpl (MiniOzoneClusterImpl.java:lambda$waitForClusterToBeReady$0(234)) - SCM became leader
2023-12-05 10:05:01,726 [8e5cdb27-721d-4db2-bd49-e25625d330e0-EndpointStateMachineTaskThread-/0.0.0.0:15072-0 ] INFO  utils.DatanodeStoreCache (DatanodeStoreCache.java:addDB(66)) - Added db /home/runner/work/ozone/ozone/hadoop-ozone/integration-test/target/test-dir/MiniOzoneClusterImpl-15b925ce-33b9-4c4c-8faa-158337806406/datanode-2/data-0/containers/hdds/15b925ce-33b9-4c4c-8faa-158337806406/DS-3c34664e-838f-4794-a51c-5149a889ca46/container.db to cache
2023-12-05 10:05:01,727 [8e5cdb27-721d-4db2-bd49-e25625d330e0-EndpointStateMachineTaskThread-/0.0.0.0:15072-0 ] INFO  volume.HddsVolume (HddsVolume.java:createDbStore(422)) - SchemaV3 db is created and loaded at /home/runner/work/ozone/ozone/hadoop-ozone/integration-test/target/test-dir/MiniOzoneClusterImpl-15b925ce-33b9-4c4c-8faa-158337806406/datanode-2/data-0/containers/hdds/15b925ce-33b9-4c4c-8faa-158337806406/DS-3c34664e-838f-4794-a51c-5149a889ca46/container.db for volume DS-3c34664e-838f-4794-a51c-5149a889ca46
2023-12-05 10:05:01,727 [8e5cdb27-721d-4db2-bd49-e25625d330e0-EndpointStateMachineTaskThread-/0.0.0.0:15072-0 ] INFO  volume.ThrottledAsyncChecker (ThrottledAsyncChecker.java:schedule(141)) - Scheduling a check for /home/runner/work/ozone/ozone/hadoop-ozone/integration-test/target/test-dir/MiniOzoneClusterImpl-15b925ce-33b9-4c4c-8faa-158337806406/datanode-2/data-0/containers/hdds
2023-12-05 10:05:01,727 [8e5cdb27-721d-4db2-bd49-e25625d330e0-EndpointStateMachineTaskThread-/0.0.0.0:15072-0 ] INFO  volume.StorageVolumeChecker (StorageVolumeChecker.java:checkAllVolumes(218)) - Scheduled health check for volume /home/runner/work/ozone/ozone/hadoop-ozone/integration-test/target/test-dir/MiniOzoneClusterImpl-15b925ce-33b9-4c4c-8faa-158337806406/datanode-2/data-0/containers/hdds
2023-12-05 10:05:01,729 [8e5cdb27-721d-4db2-bd49-e25625d330e0-EndpointStateMachineTaskThread-/0.0.0.0:15072-0 ] INFO  volume.ThrottledAsyncChecker (ThrottledAsyncChecker.java:schedule(141)) - Scheduling a check for /home/runner/work/ozone/ozone/hadoop-ozone/integration-test/target/test-dir/MiniOzoneClusterImpl-15b925ce-33b9-4c4c-8faa-158337806406/datanode-2/data/ratis
2023-12-05 10:05:01,729 [8e5cdb27-721d-4db2-bd49-e25625d330e0-EndpointStateMachineTaskThread-/0.0.0.0:15072-0 ] INFO  volume.StorageVolumeChecker (StorageVolumeChecker.java:checkAllVolumes(218)) - Scheduled health check for volume /home/runner/work/ozone/ozone/hadoop-ozone/integration-test/target/test-dir/MiniOzoneClusterImpl-15b925ce-33b9-4c4c-8faa-158337806406/datanode-2/data/ratis
2023-12-05 10:05:01,730 [8e5cdb27-721d-4db2-bd49-e25625d330e0-EndpointStateMachineTaskThread-/0.0.0.0:15072-0 ] INFO  ozoneimpl.OzoneContainer (OzoneContainer.java:start(441)) - Attempting to start container services.
2023-12-05 10:05:01,730 [8e5cdb27-721d-4db2-bd49-e25625d330e0-EndpointStateMachineTaskThread-/0.0.0.0:15072-0 ] INFO  ozoneimpl.OzoneContainer (OzoneContainer.java:startContainerScrub(337)) - Scheduled background container scanners and the on-demand container scanner have been disabled.
2023-12-05 10:05:01,730 [8e5cdb27-721d-4db2-bd49-e25625d330e0-EndpointStateMachineTaskThread-/0.0.0.0:15072-0 ] INFO  replication.ReplicationServer (ReplicationServer.java:start(139)) - ReplicationServer is started using port 15104
2023-12-05 10:05:01,730 [8e5cdb27-721d-4db2-bd49-e25625d330e0-EndpointStateMachineTaskThread-/0.0.0.0:15072-0 ] INFO  ratis.XceiverServerRatis (XceiverServerRatis.java:start(548)) - Starting XceiverServerRatis 8e5cdb27-721d-4db2-bd49-e25625d330e0
2023-12-05 10:05:01,730 [8e5cdb27-721d-4db2-bd49-e25625d330e0-EndpointStateMachineTaskThread-/0.0.0.0:15072-0 ] INFO  server.RaftServer (RaftServerProxy.java:startImpl(406)) - 8e5cdb27-721d-4db2-bd49-e25625d330e0: start RPC server
2023-12-05 10:05:01,731 [8e5cdb27-721d-4db2-bd49-e25625d330e0-EndpointStateMachineTaskThread-/0.0.0.0:15072-0 ] INFO  server.GrpcService (GrpcService.java:startImpl(302)) - 8e5cdb27-721d-4db2-bd49-e25625d330e0: GrpcService started, listening on 15100
2023-12-05 10:05:01,731 [8e5cdb27-721d-4db2-bd49-e25625d330e0-EndpointStateMachineTaskThread-/0.0.0.0:15072-0 ] INFO  server.GrpcService (GrpcService.java:startImpl(302)) - 8e5cdb27-721d-4db2-bd49-e25625d330e0: GrpcService started, listening on 15102
2023-12-05 10:05:01,731 [8e5cdb27-721d-4db2-bd49-e25625d330e0-EndpointStateMachineTaskThread-/0.0.0.0:15072-0 ] INFO  server.GrpcService (GrpcService.java:startImpl(302)) - 8e5cdb27-721d-4db2-bd49-e25625d330e0: GrpcService started, listening on 15101
2023-12-05 10:05:01,731 [8e5cdb27-721d-4db2-bd49-e25625d330e0-EndpointStateMachineTaskThread-/0.0.0.0:15072-0 ] INFO  ratis.XceiverServerRatis (XceiverServerRatis.java:getRealPort(574)) - XceiverServerRatis 8e5cdb27-721d-4db2-bd49-e25625d330e0 is started using port 15100 for RATIS
2023-12-05 10:05:01,731 [JvmPauseMonitor14] INFO  util.JvmPauseMonitor (JvmPauseMonitor.java:run(146)) - JvmPauseMonitor-8e5cdb27-721d-4db2-bd49-e25625d330e0: Started
2023-12-05 10:05:01,731 [8e5cdb27-721d-4db2-bd49-e25625d330e0-EndpointStateMachineTaskThread-/0.0.0.0:15072-0 ] INFO  ratis.XceiverServerRatis (XceiverServerRatis.java:getRealPort(574)) - XceiverServerRatis 8e5cdb27-721d-4db2-bd49-e25625d330e0 is started using port 15101 for RATIS_ADMIN
2023-12-05 10:05:01,732 [8e5cdb27-721d-4db2-bd49-e25625d330e0-EndpointStateMachineTaskThread-/0.0.0.0:15072-0 ] INFO  ratis.XceiverServerRatis (XceiverServerRatis.java:getRealPort(574)) - XceiverServerRatis 8e5cdb27-721d-4db2-bd49-e25625d330e0 is started using port 15102 for RATIS_SERVER
2023-12-05 10:05:01,732 [8e5cdb27-721d-4db2-bd49-e25625d330e0-EndpointStateMachineTaskThread-/0.0.0.0:15072-0 ] INFO  ratis.XceiverServerRatis (XceiverServerRatis.java:getRealPort(574)) - XceiverServerRatis 8e5cdb27-721d-4db2-bd49-e25625d330e0 is started using port 15103 for RATIS_DATASTREAM
2023-12-05 10:05:01,733 [8e5cdb27-721d-4db2-bd49-e25625d330e0-BlockDeletingService#0] INFO  interfaces.ContainerDeletionChoosingPolicyTemplate (ContainerDeletionChoosingPolicyTemplate.java:chooseContainerForBlockDeletion(85)) - Chosen 0/5000 blocks from 0 candidate containers.
2023-12-05 10:05:02,707 [main] INFO  ozone.MiniOzoneClusterImpl (MiniOzoneClusterImpl.java:lambda$waitForClusterToBeReady$0(229)) - Waiting for nodes to be ready. Got 0 of 3 DN Heartbeats.
2023-12-05 10:05:02,707 [main] INFO  ozone.MiniOzoneClusterImpl (MiniOzoneClusterImpl.java:lambda$waitForClusterToBeReady$0(232)) - Waiting for cluster to exit safe mode
2023-12-05 10:05:02,707 [main] INFO  ozone.MiniOzoneClusterImpl (MiniOzoneClusterImpl.java:lambda$waitForClusterToBeReady$0(234)) - SCM became leader
2023-12-05 10:05:03,509 [IPC Server handler 0 on default port 15072] INFO  net.NetworkTopologyImpl (NetworkTopologyImpl.java:add(124)) - Added a new node: /default-rack/c5405651-ef25-48d2-8d28-ae0bccd2c7ed
2023-12-05 10:05:03,510 [IPC Server handler 0 on default port 15072] INFO  node.SCMNodeManager (SCMNodeManager.java:register(405)) - Registered datanode: c5405651-ef25-48d2-8d28-ae0bccd2c7ed{ip: 10.1.0.7, host: fv-az884-53.nlrrjjsaionubk4jys1hz1dhmg.bx.internal.cloudapp.net, ports: [HTTP=15079, CLIENT_RPC=15080, REPLICATION=15086, RATIS=15082, RATIS_ADMIN=15083, RATIS_SERVER=15084, RATIS_DATASTREAM=15085, STANDALONE=15081], networkLocation: /default-rack, certSerialId: null, persistedOpState: null, persistedOpStateExpiryEpochSec: 0}
2023-12-05 10:05:03,511 [EventQueue-NewNodeForNewNodeHandler] INFO  pipeline.BackgroundPipelineCreator (BackgroundPipelineCreator.java:notifyEventTriggered(280)) - trigger a one-shot run on RatisPipelineUtilsThread.
2023-12-05 10:05:03,511 [EventQueue-NodeRegistrationContainerReportForContainerSafeModeRule] INFO  safemode.SCMSafeModeManager (SCMSafeModeManager.java:validateSafeModeExitRules(200)) - ContainerSafeModeRule rule is successfully validated
2023-12-05 10:05:03,512 [RatisPipelineUtilsThread-0] INFO  pipeline.RatisPipelineProvider (RatisPipelineProvider.java:lambda$create$0(206)) - Sending CreatePipelineCommand for pipeline:PipelineID=996438ae-1bef-4494-afe8-f780a31f5490 to datanode:c5405651-ef25-48d2-8d28-ae0bccd2c7ed
2023-12-05 10:05:03,511 [EventQueue-NodeRegistrationContainerReportForDataNodeSafeModeRule] INFO  safemode.SCMSafeModeManager (DataNodeSafeModeRule.java:process(71)) - SCM in safe mode. 1 DataNodes registered, 3 required.
2023-12-05 10:05:03,513 [RatisPipelineUtilsThread-0] INFO  pipeline.BackgroundPipelineCreator (BackgroundPipelineCreator.java:createPipelines(236)) - Created new pipeline Pipeline[ Id: 996438ae-1bef-4494-afe8-f780a31f5490, Nodes: c5405651-ef25-48d2-8d28-ae0bccd2c7ed(fv-az884-53.nlrrjjsaionubk4jys1hz1dhmg.bx.internal.cloudapp.net/10.1.0.7), ReplicationConfig: RATIS/ONE, State:ALLOCATED, leaderId:, CreationTimestamp2023-12-05T10:05:03.511Z[Etc/UTC]]
2023-12-05 10:05:03,519 [EventQueue-PipelineReportForOneReplicaPipelineSafeModeRule] INFO  safemode.SCMSafeModeManager (SCMSafeModeManager.java:validateSafeModeExitRules(200)) - AtleastOneDatanodeReportedRule rule is successfully validated
2023-12-05 10:05:03,612 [IPC Server handler 1 on default port 15072] INFO  net.NetworkTopologyImpl (NetworkTopologyImpl.java:add(124)) - Added a new node: /default-rack/15f79772-7a81-4af9-9760-e026e14d2a58
2023-12-05 10:05:03,612 [IPC Server handler 1 on default port 15072] INFO  node.SCMNodeManager (SCMNodeManager.java:register(405)) - Registered datanode: 15f79772-7a81-4af9-9760-e026e14d2a58{ip: 10.1.0.7, host: fv-az884-53.nlrrjjsaionubk4jys1hz1dhmg.bx.internal.cloudapp.net, ports: [HTTP=15088, CLIENT_RPC=15089, REPLICATION=15095, RATIS=15091, RATIS_ADMIN=15092, RATIS_SERVER=15093, RATIS_DATASTREAM=15094, STANDALONE=15090], networkLocation: /default-rack, certSerialId: null, persistedOpState: null, persistedOpStateExpiryEpochSec: 0}
2023-12-05 10:05:03,612 [EventQueue-NewNodeForNewNodeHandler] INFO  pipeline.BackgroundPipelineCreator (BackgroundPipelineCreator.java:notifyEventTriggered(280)) - trigger a one-shot run on RatisPipelineUtilsThread.
2023-12-05 10:05:03,612 [EventQueue-NodeRegistrationContainerReportForDataNodeSafeModeRule] INFO  safemode.SCMSafeModeManager (DataNodeSafeModeRule.java:process(71)) - SCM in safe mode. 2 DataNodes registered, 3 required.
2023-12-05 10:05:03,612 [RatisPipelineUtilsThread-0] INFO  pipeline.RatisPipelineProvider (RatisPipelineProvider.java:lambda$create$0(206)) - Sending CreatePipelineCommand for pipeline:PipelineID=909b14d4-b340-4815-8e8c-8bad58d8b109 to datanode:15f79772-7a81-4af9-9760-e026e14d2a58
2023-12-05 10:05:03,613 [RatisPipelineUtilsThread-0] INFO  pipeline.BackgroundPipelineCreator (BackgroundPipelineCreator.java:createPipelines(236)) - Created new pipeline Pipeline[ Id: 909b14d4-b340-4815-8e8c-8bad58d8b109, Nodes: 15f79772-7a81-4af9-9760-e026e14d2a58(fv-az884-53.nlrrjjsaionubk4jys1hz1dhmg.bx.internal.cloudapp.net/10.1.0.7), ReplicationConfig: RATIS/ONE, State:ALLOCATED, leaderId:, CreationTimestamp2023-12-05T10:05:03.612Z[Etc/UTC]]
2023-12-05 10:05:03,706 [IPC Server handler 2 on default port 15072] INFO  net.NetworkTopologyImpl (NetworkTopologyImpl.java:add(124)) - Added a new node: /default-rack/8e5cdb27-721d-4db2-bd49-e25625d330e0
2023-12-05 10:05:03,706 [IPC Server handler 2 on default port 15072] INFO  node.SCMNodeManager (SCMNodeManager.java:register(405)) - Registered datanode: 8e5cdb27-721d-4db2-bd49-e25625d330e0{ip: 10.1.0.7, host: fv-az884-53.nlrrjjsaionubk4jys1hz1dhmg.bx.internal.cloudapp.net, ports: [HTTP=15097, CLIENT_RPC=15098, REPLICATION=15104, RATIS=15100, RATIS_ADMIN=15101, RATIS_SERVER=15102, RATIS_DATASTREAM=15103, STANDALONE=15099], networkLocation: /default-rack, certSerialId: null, persistedOpState: null, persistedOpStateExpiryEpochSec: 0}
2023-12-05 10:05:03,706 [EventQueue-NodeRegistrationContainerReportForDataNodeSafeModeRule] INFO  safemode.SCMSafeModeManager (DataNodeSafeModeRule.java:process(71)) - SCM in safe mode. 3 DataNodes registered, 3 required.
2023-12-05 10:05:03,706 [EventQueue-NodeRegistrationContainerReportForDataNodeSafeModeRule] INFO  safemode.SCMSafeModeManager (SCMSafeModeManager.java:validateSafeModeExitRules(200)) - DataNodeSafeModeRule rule is successfully validated
2023-12-05 10:05:03,706 [EventQueue-NodeRegistrationContainerReportForDataNodeSafeModeRule] INFO  safemode.SCMSafeModeManager (SCMSafeModeManager.java:completePreCheck(229)) - All SCM safe mode pre check rules have passed
2023-12-05 10:05:03,706 [EventQueue-NewNodeForNewNodeHandler] INFO  pipeline.BackgroundPipelineCreator (BackgroundPipelineCreator.java:notifyEventTriggered(280)) - trigger a one-shot run on RatisPipelineUtilsThread.
2023-12-05 10:05:03,706 [EventQueue-NodeRegistrationContainerReportForDataNodeSafeModeRule] INFO  ha.SCMContext (SCMContext.java:updateSafeModeStatus(230)) - Update SafeModeStatus from SafeModeStatus{safeModeStatus=true, preCheckPassed=false} to SafeModeStatus{safeModeStatus=true, preCheckPassed=true}.
2023-12-05 10:05:03,707 [EventQueue-NodeRegistrationContainerReportForDataNodeSafeModeRule] INFO  pipeline.BackgroundPipelineCreator (BackgroundPipelineCreator.java:notifyEventTriggered(280)) - trigger a one-shot run on RatisPipelineUtilsThread.
2023-12-05 10:05:03,707 [RatisPipelineUtilsThread-0] INFO  pipeline.RatisPipelineProvider (RatisPipelineProvider.java:lambda$create$0(206)) - Sending CreatePipelineCommand for pipeline:PipelineID=8bc0787e-27c1-4be4-abec-3949d8574368 to datanode:8e5cdb27-721d-4db2-bd49-e25625d330e0
2023-12-05 10:05:03,707 [main] INFO  ozone.MiniOzoneClusterImpl (MiniOzoneClusterImpl.java:lambda$waitForClusterToBeReady$0(229)) - Nodes are ready. Got 3 of 3 DN Heartbeats.
2023-12-05 10:05:03,708 [main] INFO  ozone.MiniOzoneClusterImpl (MiniOzoneClusterImpl.java:lambda$waitForClusterToBeReady$0(232)) - Waiting for cluster to exit safe mode
2023-12-05 10:05:03,708 [main] INFO  ozone.MiniOzoneClusterImpl (MiniOzoneClusterImpl.java:lambda$waitForClusterToBeReady$0(234)) - SCM became leader
2023-12-05 10:05:03,708 [RatisPipelineUtilsThread-0] INFO  pipeline.BackgroundPipelineCreator (BackgroundPipelineCreator.java:createPipelines(236)) - Created new pipeline Pipeline[ Id: 8bc0787e-27c1-4be4-abec-3949d8574368, Nodes: 8e5cdb27-721d-4db2-bd49-e25625d330e0(fv-az884-53.nlrrjjsaionubk4jys1hz1dhmg.bx.internal.cloudapp.net/10.1.0.7), ReplicationConfig: RATIS/ONE, State:ALLOCATED, leaderId:, CreationTimestamp2023-12-05T10:05:03.707Z[Etc/UTC]]
2023-12-05 10:05:03,709 [RatisPipelineUtilsThread-0] INFO  pipeline.RatisPipelineProvider (RatisPipelineProvider.java:lambda$create$0(206)) - Sending CreatePipelineCommand for pipeline:PipelineID=0ad2a37e-5979-4ea2-8ca1-8b6ff6359640 to datanode:c5405651-ef25-48d2-8d28-ae0bccd2c7ed
2023-12-05 10:05:03,709 [RatisPipelineUtilsThread-0] INFO  pipeline.RatisPipelineProvider (RatisPipelineProvider.java:lambda$create$0(206)) - Sending CreatePipelineCommand for pipeline:PipelineID=0ad2a37e-5979-4ea2-8ca1-8b6ff6359640 to datanode:15f79772-7a81-4af9-9760-e026e14d2a58
2023-12-05 10:05:03,709 [RatisPipelineUtilsThread-0] INFO  pipeline.RatisPipelineProvider (RatisPipelineProvider.java:lambda$create$0(206)) - Sending CreatePipelineCommand for pipeline:PipelineID=0ad2a37e-5979-4ea2-8ca1-8b6ff6359640 to datanode:8e5cdb27-721d-4db2-bd49-e25625d330e0
2023-12-05 10:05:03,710 [RatisPipelineUtilsThread-0] INFO  pipeline.BackgroundPipelineCreator (BackgroundPipelineCreator.java:createPipelines(236)) - Created new pipeline Pipeline[ Id: 0ad2a37e-5979-4ea2-8ca1-8b6ff6359640, Nodes: c5405651-ef25-48d2-8d28-ae0bccd2c7ed(fv-az884-53.nlrrjjsaionubk4jys1hz1dhmg.bx.internal.cloudapp.net/10.1.0.7)15f79772-7a81-4af9-9760-e026e14d2a58(fv-az884-53.nlrrjjsaionubk4jys1hz1dhmg.bx.internal.cloudapp.net/10.1.0.7)8e5cdb27-721d-4db2-bd49-e25625d330e0(fv-az884-53.nlrrjjsaionubk4jys1hz1dhmg.bx.internal.cloudapp.net/10.1.0.7), ReplicationConfig: RATIS/THREE, State:ALLOCATED, leaderId:, CreationTimestamp2023-12-05T10:05:03.709Z[Etc/UTC]]
2023-12-05 10:05:04,708 [main] INFO  ozone.MiniOzoneClusterImpl (MiniOzoneClusterImpl.java:lambda$waitForClusterToBeReady$0(229)) - Nodes are ready. Got 3 of 3 DN Heartbeats.
2023-12-05 10:05:04,708 [main] INFO  ozone.MiniOzoneClusterImpl (MiniOzoneClusterImpl.java:lambda$waitForClusterToBeReady$0(232)) - Waiting for cluster to exit safe mode
2023-12-05 10:05:04,708 [main] INFO  ozone.MiniOzoneClusterImpl (MiniOzoneClusterImpl.java:lambda$waitForClusterToBeReady$0(234)) - SCM became leader
2023-12-05 10:05:05,709 [main] INFO  ozone.MiniOzoneClusterImpl (MiniOzoneClusterImpl.java:lambda$waitForClusterToBeReady$0(229)) - Nodes are ready. Got 3 of 3 DN Heartbeats.
2023-12-05 10:05:05,709 [main] INFO  ozone.MiniOzoneClusterImpl (MiniOzoneClusterImpl.java:lambda$waitForClusterToBeReady$0(232)) - Waiting for cluster to exit safe mode
2023-12-05 10:05:05,709 [main] INFO  ozone.MiniOzoneClusterImpl (MiniOzoneClusterImpl.java:lambda$waitForClusterToBeReady$0(234)) - SCM became leader
2023-12-05 10:05:06,510 [c5405651-ef25-48d2-8d28-ae0bccd2c7ed-PipelineCommandHandlerThread-0] INFO  server.RaftServer (RaftServerProxy.java:addNew(100)) - c5405651-ef25-48d2-8d28-ae0bccd2c7ed: addNew group-F780A31F5490:[c5405651-ef25-48d2-8d28-ae0bccd2c7ed|10.1.0.7:15084] returns group-F780A31F5490:java.util.concurrent.CompletableFuture@16fd9523[Not completed]
2023-12-05 10:05:06,511 [c5405651-ef25-48d2-8d28-ae0bccd2c7ed-groupManagement] INFO  server.RaftServer$Division (RaftServerImpl.java:<init>(256)) - c5405651-ef25-48d2-8d28-ae0bccd2c7ed: new RaftServerImpl for group-F780A31F5490:[c5405651-ef25-48d2-8d28-ae0bccd2c7ed|10.1.0.7:15084] with ContainerStateMachine:uninitialized
2023-12-05 10:05:06,511 [c5405651-ef25-48d2-8d28-ae0bccd2c7ed-groupManagement] INFO  server.RaftServerConfigKeys (ConfUtils.java:logGet(46)) - raft.server.rpc.timeout.min = 5s (custom)
2023-12-05 10:05:06,511 [c5405651-ef25-48d2-8d28-ae0bccd2c7ed-groupManagement] INFO  server.RaftServerConfigKeys (ConfUtils.java:logGet(46)) - raft.server.rpc.timeout.max = 5200ms (custom)
2023-12-05 10:05:06,511 [c5405651-ef25-48d2-8d28-ae0bccd2c7ed-groupManagement] INFO  server.RaftServerConfigKeys (ConfUtils.java:logGet(46)) - raft.server.rpc.sleep.time = 25ms (default)
2023-12-05 10:05:06,511 [c5405651-ef25-48d2-8d28-ae0bccd2c7ed-groupManagement] INFO  server.RaftServerConfigKeys (ConfUtils.java:logGet(46)) - raft.server.rpc.slowness.timeout = 300s (custom)
2023-12-05 10:05:06,511 [c5405651-ef25-48d2-8d28-ae0bccd2c7ed-groupManagement] INFO  server.RaftServerConfigKeys (ConfUtils.java:logGet(46)) - raft.server.leaderelection.leader.step-down.wait-time = 10s (default)
2023-12-05 10:05:06,511 [c5405651-ef25-48d2-8d28-ae0bccd2c7ed-groupManagement] INFO  server.RaftServerConfigKeys (ConfUtils.java:logGet(46)) - raft.server.leaderelection.member.majority-add = false (default)
2023-12-05 10:05:06,511 [c5405651-ef25-48d2-8d28-ae0bccd2c7ed-groupManagement] INFO  server.RaftServerConfigKeys (ConfUtils.java:logGet(46)) - raft.server.sleep.deviation.threshold = 300ms (default)
2023-12-05 10:05:06,511 [c5405651-ef25-48d2-8d28-ae0bccd2c7ed-groupManagement] INFO  server.RaftServer$Division (ServerState.java:<init>(113)) - c5405651-ef25-48d2-8d28-ae0bccd2c7ed@group-F780A31F5490: ConfigurationManager, init=-1: peers:[c5405651-ef25-48d2-8d28-ae0bccd2c7ed|10.1.0.7:15084]|listeners:[], old=null, confs=<EMPTY_MAP>
2023-12-05 10:05:06,511 [c5405651-ef25-48d2-8d28-ae0bccd2c7ed-groupManagement] INFO  server.RaftServerConfigKeys (ConfUtils.java:logGet(46)) - raft.server.notification.no-leader.timeout = 300s (custom)
2023-12-05 10:05:06,511 [c5405651-ef25-48d2-8d28-ae0bccd2c7ed-groupManagement] INFO  server.RaftServerConfigKeys (ConfUtils.java:logGet(46)) - raft.server.read.timeout = 10s (default)
2023-12-05 10:05:06,511 [c5405651-ef25-48d2-8d28-ae0bccd2c7ed-groupManagement] INFO  server.RaftServerConfigKeys (ConfUtils.java:logGet(46)) - raft.server.retrycache.expirytime = 600000ms (custom)
2023-12-05 10:05:06,512 [c5405651-ef25-48d2-8d28-ae0bccd2c7ed-groupManagement] INFO  server.RaftServerConfigKeys (ConfUtils.java:logGet(46)) - raft.server.retrycache.statistics.expirytime = 100ms (default)
2023-12-05 10:05:06,512 [c5405651-ef25-48d2-8d28-ae0bccd2c7ed-groupManagement] INFO  server.RaftServerConfigKeys (ConfUtils.java:logGet(46)) - raft.server.read.option = DEFAULT (default)
2023-12-05 10:05:06,512 [c5405651-ef25-48d2-8d28-ae0bccd2c7ed-groupManagement] INFO  server.RaftServerConfigKeys (ConfUtils.java:logGet(46)) - raft.server.read.read-after-write-consistent.write-index-cache.expiry-time = 60s (default)
2023-12-05 10:05:06,514 [c5405651-ef25-48d2-8d28-ae0bccd2c7ed-groupManagement] INFO  server.RaftServerConfigKeys (ConfUtils.java:logGet(46)) - raft.server.rpc.request.timeout = 60s (custom)
2023-12-05 10:05:06,514 [c5405651-ef25-48d2-8d28-ae0bccd2c7ed-groupManagement] INFO  server.RaftServerConfigKeys (ConfUtils.java:logGet(46)) - raft.server.log.appender.install.snapshot.enabled = false (custom)
2023-12-05 10:05:06,514 [c5405651-ef25-48d2-8d28-ae0bccd2c7ed-groupManagement] INFO  server.RaftServerConfigKeys (ConfUtils.java:logGet(46)) - raft.server.threadpool.server.cached = true (default)
2023-12-05 10:05:06,514 [c5405651-ef25-48d2-8d28-ae0bccd2c7ed-groupManagement] INFO  server.RaftServerConfigKeys (ConfUtils.java:logGet(46)) - raft.server.threadpool.server.size = 0 (default)
2023-12-05 10:05:06,514 [c5405651-ef25-48d2-8d28-ae0bccd2c7ed-groupManagement] INFO  server.RaftServerConfigKeys (ConfUtils.java:logGet(46)) - raft.server.threadpool.client.cached = true (default)
2023-12-05 10:05:06,514 [c5405651-ef25-48d2-8d28-ae0bccd2c7ed-groupManagement] INFO  server.RaftServerConfigKeys (ConfUtils.java:logGet(46)) - raft.server.threadpool.client.size = 0 (default)
2023-12-05 10:05:06,514 [c5405651-ef25-48d2-8d28-ae0bccd2c7ed-groupManagement] INFO  server.RaftServerConfigKeys (ConfUtils.java:logGet(46)) - raft.server.storage.free-space.min = 0MB (=0) (default)
2023-12-05 10:05:06,514 [c5405651-ef25-48d2-8d28-ae0bccd2c7ed-groupManagement] INFO  server.RaftServerConfigKeys (ConfUtils.java:logGet(46)) - raft.server.log.corruption.policy = EXCEPTION (default)
2023-12-05 10:05:06,514 [c5405651-ef25-48d2-8d28-ae0bccd2c7ed-groupManagement] INFO  server.RaftServerConfigKeys (ConfUtils.java:logGet(46)) - raft.server.storage.dir = [/home/runner/work/ozone/ozone/hadoop-ozone/integration-test/target/test-dir/MiniOzoneClusterImpl-15b925ce-33b9-4c4c-8faa-158337806406/datanode-0/data/ratis] (custom)
2023-12-05 10:05:06,514 [c5405651-ef25-48d2-8d28-ae0bccd2c7ed-groupManagement] INFO  storage.RaftStorageDirectory (RaftStorageDirectoryImpl.java:analyzeStorage(138)) - The storage directory /home/runner/work/ozone/ozone/hadoop-ozone/integration-test/target/test-dir/MiniOzoneClusterImpl-15b925ce-33b9-4c4c-8faa-158337806406/datanode-0/data/ratis/996438ae-1bef-4494-afe8-f780a31f5490 does not exist. Creating ...
2023-12-05 10:05:06,515 [c5405651-ef25-48d2-8d28-ae0bccd2c7ed-groupManagement] INFO  storage.RaftStorageDirectory (RaftStorageDirectoryImpl.java:tryLock(232)) - Lock on /home/runner/work/ozone/ozone/hadoop-ozone/integration-test/target/test-dir/MiniOzoneClusterImpl-15b925ce-33b9-4c4c-8faa-158337806406/datanode-0/data/ratis/996438ae-1bef-4494-afe8-f780a31f5490/in_use.lock acquired by nodename 4813@fv-az884-53
2023-12-05 10:05:06,517 [c5405651-ef25-48d2-8d28-ae0bccd2c7ed-groupManagement] INFO  storage.RaftStorage (RaftStorageImpl.java:format(97)) - Storage directory /home/runner/work/ozone/ozone/hadoop-ozone/integration-test/target/test-dir/MiniOzoneClusterImpl-15b925ce-33b9-4c4c-8faa-158337806406/datanode-0/data/ratis/996438ae-1bef-4494-afe8-f780a31f5490 has been successfully formatted.
2023-12-05 10:05:06,517 [c5405651-ef25-48d2-8d28-ae0bccd2c7ed-groupManagement] INFO  ratis.ContainerStateMachine (ContainerStateMachine.java:loadSnapshot(269)) - group-F780A31F5490: The snapshot info is null. Setting the last applied indexto:(t:0, i:~)
2023-12-05 10:05:06,517 [c5405651-ef25-48d2-8d28-ae0bccd2c7ed-groupManagement] INFO  server.RaftServerConfigKeys (ConfUtils.java:logGet(46)) - raft.server.log.use.memory = false (default)
2023-12-05 10:05:06,518 [c5405651-ef25-48d2-8d28-ae0bccd2c7ed-groupManagement] INFO  server.RaftServerConfigKeys (ConfUtils.java:logGet(46)) - raft.server.log.purge.gap = 1000000 (custom)
2023-12-05 10:05:06,518 [c5405651-ef25-48d2-8d28-ae0bccd2c7ed-groupManagement] INFO  server.RaftServerConfigKeys (ConfUtils.java:logGet(46)) - raft.server.log.appender.buffer.byte-limit = 8388608 (custom)
2023-12-05 10:05:06,518 [c5405651-ef25-48d2-8d28-ae0bccd2c7ed-groupManagement] INFO  server.RaftServerConfigKeys (ConfUtils.java:logGet(46)) - raft.server.log.statemachine.data.read.timeout = 1000ms (default)
2023-12-05 10:05:06,518 [c5405651-ef25-48d2-8d28-ae0bccd2c7ed-groupManagement] INFO  server.RaftServerConfigKeys (ConfUtils.java:logGet(46)) - raft.server.log.purge.preservation.log.num = 0 (default)
2023-12-05 10:05:06,519 [EventQueue-PipelineReportForPipelineReportHandler] INFO  pipeline.PipelineReportHandler (PipelineReportHandler.java:processPipelineReport(136)) - Opened pipeline PipelineID=996438ae-1bef-4494-afe8-f780a31f5490
2023-12-05 10:05:06,521 [EventQueue-OpenPipelineForHealthyPipelineSafeModeRule] INFO  safemode.SCMSafeModeManager (HealthyPipelineSafeModeRule.java:process(137)) - SCM in safe mode. Healthy pipelines reported count is 0, required healthy pipeline reported count is 1
2023-12-05 10:05:06,525 [c5405651-ef25-48d2-8d28-ae0bccd2c7ed-groupManagement] INFO  server.RaftServerConfigKeys (ConfUtils.java:logGet(46)) - raft.server.log.segment.size.max = 67108864 (custom)
2023-12-05 10:05:06,525 [c5405651-ef25-48d2-8d28-ae0bccd2c7ed-groupManagement] INFO  server.RaftServerConfigKeys (ConfUtils.java:logGet(46)) - raft.server.log.segment.cache.num.max = 2 (custom)
2023-12-05 10:05:06,525 [c5405651-ef25-48d2-8d28-ae0bccd2c7ed-groupManagement] INFO  server.RaftServerConfigKeys (ConfUtils.java:logGet(46)) - raft.server.log.segment.cache.size.max = 200MB (=209715200) (default)
2023-12-05 10:05:06,525 [c5405651-ef25-48d2-8d28-ae0bccd2c7ed-groupManagement] INFO  server.RaftServerConfigKeys (ConfUtils.java:logGet(46)) - raft.server.log.appender.buffer.byte-limit = 8388608 (custom)
2023-12-05 10:05:06,525 [c5405651-ef25-48d2-8d28-ae0bccd2c7ed-groupManagement] INFO  util.AwaitToRun (AwaitToRun.java:start(81)) - Thread[c5405651-ef25-48d2-8d28-ae0bccd2c7ed@group-F780A31F5490-cacheEviction-AwaitToRun,5,main] started
2023-12-05 10:05:06,525 [c5405651-ef25-48d2-8d28-ae0bccd2c7ed-groupManagement] INFO  segmented.SegmentedRaftLogWorker (SegmentedRaftLogWorker.java:<init>(184)) - new c5405651-ef25-48d2-8d28-ae0bccd2c7ed@group-F780A31F5490-SegmentedRaftLogWorker for RaftStorageImpl:Storage Directory /home/runner/work/ozone/ozone/hadoop-ozone/integration-test/target/test-dir/MiniOzoneClusterImpl-15b925ce-33b9-4c4c-8faa-158337806406/datanode-0/data/ratis/996438ae-1bef-4494-afe8-f780a31f5490
2023-12-05 10:05:06,525 [c5405651-ef25-48d2-8d28-ae0bccd2c7ed-groupManagement] INFO  server.RaftServerConfigKeys (ConfUtils.java:logGet(46)) - raft.server.log.queue.byte-limit = 4294967296 (custom)
2023-12-05 10:05:06,525 [c5405651-ef25-48d2-8d28-ae0bccd2c7ed-groupManagement] INFO  server.RaftServerConfigKeys (ConfUtils.java:logGet(46)) - raft.server.log.queue.element-limit = 1024 (custom)
2023-12-05 10:05:06,526 [c5405651-ef25-48d2-8d28-ae0bccd2c7ed-groupManagement] INFO  server.RaftServerConfigKeys (ConfUtils.java:logGet(46)) - raft.server.log.segment.size.max = 67108864 (custom)
2023-12-05 10:05:06,526 [c5405651-ef25-48d2-8d28-ae0bccd2c7ed-groupManagement] INFO  server.RaftServerConfigKeys (ConfUtils.java:logGet(46)) - raft.server.log.preallocated.size = 4194304 (custom)
2023-12-05 10:05:06,526 [c5405651-ef25-48d2-8d28-ae0bccd2c7ed-groupManagement] INFO  server.RaftServerConfigKeys (ConfUtils.java:logGet(46)) - raft.server.log.force.sync.num = 128 (default)
2023-12-05 10:05:06,526 [c5405651-ef25-48d2-8d28-ae0bccd2c7ed-groupManagement] INFO  server.RaftServerConfigKeys (ConfUtils.java:logGet(46)) - raft.server.log.statemachine.data.sync = true (default)
2023-12-05 10:05:06,526 [c5405651-ef25-48d2-8d28-ae0bccd2c7ed-groupManagement] INFO  server.RaftServerConfigKeys (ConfUtils.java:logGet(46)) - raft.server.log.statemachine.data.sync.timeout = 10s (default)
2023-12-05 10:05:06,526 [c5405651-ef25-48d2-8d28-ae0bccd2c7ed-groupManagement] INFO  server.RaftServerConfigKeys (ConfUtils.java:logGet(46)) - raft.server.log.statemachine.data.sync.timeout.retry = 0 (custom)
2023-12-05 10:05:06,526 [c5405651-ef25-48d2-8d28-ae0bccd2c7ed-groupManagement] INFO  server.RaftServerConfigKeys (ConfUtils.java:logGet(46)) - raft.server.log.write.buffer.size = 8388616 (custom)
2023-12-05 10:05:06,528 [c5405651-ef25-48d2-8d28-ae0bccd2c7ed-groupManagement] INFO  server.RaftServerConfigKeys (ConfUtils.java:logGet(46)) - raft.server.log.appender.buffer.byte-limit = 8388608 (custom)
2023-12-05 10:05:06,555 [c5405651-ef25-48d2-8d28-ae0bccd2c7ed-groupManagement] INFO  server.RaftServerConfigKeys (ConfUtils.java:logGet(46)) - raft.server.log.unsafe-flush.enabled = false (default)
2023-12-05 10:05:06,555 [c5405651-ef25-48d2-8d28-ae0bccd2c7ed-groupManagement] INFO  server.RaftServerConfigKeys (ConfUtils.java:logGet(46)) - raft.server.log.async-flush.enabled = false (default)
2023-12-05 10:05:06,555 [c5405651-ef25-48d2-8d28-ae0bccd2c7ed-groupManagement] INFO  server.RaftServerConfigKeys (ConfUtils.java:logGet(46)) - raft.server.log.statemachine.data.caching.enabled = true (custom)
2023-12-05 10:05:06,555 [c5405651-ef25-48d2-8d28-ae0bccd2c7ed-groupManagement] INFO  segmented.SegmentedRaftLogWorker (SegmentedRaftLogWorker.java:lambda$new$0(135)) - c5405651-ef25-48d2-8d28-ae0bccd2c7ed@group-F780A31F5490-SegmentedRaftLogWorker: flushIndex: setUnconditionally 0 -> -1
2023-12-05 10:05:06,555 [c5405651-ef25-48d2-8d28-ae0bccd2c7ed-groupManagement] INFO  segmented.SegmentedRaftLogWorker (SegmentedRaftLogWorker.java:lambda$new$0(135)) - c5405651-ef25-48d2-8d28-ae0bccd2c7ed@group-F780A31F5490-SegmentedRaftLogWorker: safeCacheEvictIndex: setUnconditionally 0 -> -1
2023-12-05 10:05:06,556 [c5405651-ef25-48d2-8d28-ae0bccd2c7ed-groupManagement] INFO  server.RaftServer$Division (RaftServerImpl.java:start(392)) - c5405651-ef25-48d2-8d28-ae0bccd2c7ed@group-F780A31F5490: start as a follower, conf=-1: peers:[c5405651-ef25-48d2-8d28-ae0bccd2c7ed|10.1.0.7:15084]|listeners:[], old=null
2023-12-05 10:05:06,556 [c5405651-ef25-48d2-8d28-ae0bccd2c7ed-groupManagement] INFO  server.RaftServer$Division (RaftServerImpl.java:setRole(379)) - c5405651-ef25-48d2-8d28-ae0bccd2c7ed@group-F780A31F5490: changes role from      null to FOLLOWER at term 0 for startAsFollower
2023-12-05 10:05:06,556 [c5405651-ef25-48d2-8d28-ae0bccd2c7ed-groupManagement] INFO  impl.RoleInfo (RoleInfo.java:updateAndGet(139)) - c5405651-ef25-48d2-8d28-ae0bccd2c7ed: start c5405651-ef25-48d2-8d28-ae0bccd2c7ed@group-F780A31F5490-FollowerState
2023-12-05 10:05:06,556 [c5405651-ef25-48d2-8d28-ae0bccd2c7ed-groupManagement] INFO  util.JmxRegister (JmxRegister.java:tryRegister(44)) - Successfully registered JMX Bean with object name Ratis:service=RaftServer,group=group-F780A31F5490,id=c5405651-ef25-48d2-8d28-ae0bccd2c7ed
2023-12-05 10:05:06,556 [c5405651-ef25-48d2-8d28-ae0bccd2c7ed-groupManagement] INFO  server.RaftServerConfigKeys (ConfUtils.java:logGet(46)) - raft.server.snapshot.trigger-when-stop.enabled = true (default)
2023-12-05 10:05:06,556 [c5405651-ef25-48d2-8d28-ae0bccd2c7ed-groupManagement] INFO  server.RaftServerConfigKeys (ConfUtils.java:logGet(46)) - raft.server.snapshot.auto.trigger.enabled = true (custom)
2023-12-05 10:05:06,556 [c5405651-ef25-48d2-8d28-ae0bccd2c7ed-groupManagement] INFO  server.RaftServerConfigKeys (ConfUtils.java:logGet(46)) - raft.server.snapshot.auto.trigger.threshold = 10000 (custom)
2023-12-05 10:05:06,556 [c5405651-ef25-48d2-8d28-ae0bccd2c7ed-groupManagement] INFO  server.RaftServerConfigKeys (ConfUtils.java:logGet(46)) - raft.server.snapshot.retention.file.num = 5 (custom)
2023-12-05 10:05:06,556 [c5405651-ef25-48d2-8d28-ae0bccd2c7ed-groupManagement] INFO  server.RaftServerConfigKeys (ConfUtils.java:logGet(46)) - raft.server.log.purge.upto.snapshot.index = false (default)
2023-12-05 10:05:06,568 [c5405651-ef25-48d2-8d28-ae0bccd2c7ed@group-F780A31F5490-FollowerState] INFO  server.RaftServerConfigKeys (ConfUtils.java:logFallback(53)) - raft.server.rpc.first-election.timeout.min = 5s (fallback to raft.server.rpc.timeout.min)
2023-12-05 10:05:06,568 [c5405651-ef25-48d2-8d28-ae0bccd2c7ed@group-F780A31F5490-FollowerState] INFO  server.RaftServerConfigKeys (ConfUtils.java:logFallback(53)) - raft.server.rpc.first-election.timeout.max = 5200ms (fallback to raft.server.rpc.timeout.max)
2023-12-05 10:05:06,569 [c5405651-ef25-48d2-8d28-ae0bccd2c7ed-PipelineCommandHandlerThread-0] INFO  ratis.XceiverServerRatis (XceiverServerRatis.java:addGroup(837)) - Created group PipelineID=996438ae-1bef-4494-afe8-f780a31f5490
2023-12-05 10:05:06,569 [c5405651-ef25-48d2-8d28-ae0bccd2c7ed-PipelineCommandHandlerThread-0] INFO  commandhandler.CreatePipelineCommandHandler (CreatePipelineCommandHandler.java:lambda$handle$2(124)) - Created Pipeline RATIS ONE PipelineID=996438ae-1bef-4494-afe8-f780a31f5490.
2023-12-05 10:05:06,569 [c5405651-ef25-48d2-8d28-ae0bccd2c7ed-PipelineCommandHandlerThread-0] INFO  server.RaftServer (RaftServerProxy.java:addNew(100)) - c5405651-ef25-48d2-8d28-ae0bccd2c7ed: addNew group-8B6FF6359640:[15f79772-7a81-4af9-9760-e026e14d2a58|10.1.0.7:15093, c5405651-ef25-48d2-8d28-ae0bccd2c7ed|10.1.0.7:15084, 8e5cdb27-721d-4db2-bd49-e25625d330e0|10.1.0.7:15102] returns group-8B6FF6359640:java.util.concurrent.CompletableFuture@12c20324[Not completed]
2023-12-05 10:05:06,571 [c5405651-ef25-48d2-8d28-ae0bccd2c7ed-groupManagement] INFO  server.RaftServer$Division (RaftServerImpl.java:<init>(256)) - c5405651-ef25-48d2-8d28-ae0bccd2c7ed: new RaftServerImpl for group-8B6FF6359640:[15f79772-7a81-4af9-9760-e026e14d2a58|10.1.0.7:15093, c5405651-ef25-48d2-8d28-ae0bccd2c7ed|10.1.0.7:15084, 8e5cdb27-721d-4db2-bd49-e25625d330e0|10.1.0.7:15102] with ContainerStateMachine:uninitialized
2023-12-05 10:05:06,571 [c5405651-ef25-48d2-8d28-ae0bccd2c7ed-groupManagement] INFO  server.RaftServerConfigKeys (ConfUtils.java:logGet(46)) - raft.server.rpc.timeout.min = 5s (custom)
2023-12-05 10:05:06,571 [c5405651-ef25-48d2-8d28-ae0bccd2c7ed-groupManagement] INFO  server.RaftServerConfigKeys (ConfUtils.java:logGet(46)) - raft.server.rpc.timeout.max = 5200ms (custom)
2023-12-05 10:05:06,571 [c5405651-ef25-48d2-8d28-ae0bccd2c7ed-groupManagement] INFO  server.RaftServerConfigKeys (ConfUtils.java:logGet(46)) - raft.server.rpc.sleep.time = 25ms (default)
2023-12-05 10:05:06,571 [c5405651-ef25-48d2-8d28-ae0bccd2c7ed-groupManagement] INFO  server.RaftServerConfigKeys (ConfUtils.java:logGet(46)) - raft.server.rpc.slowness.timeout = 300s (custom)
2023-12-05 10:05:06,571 [c5405651-ef25-48d2-8d28-ae0bccd2c7ed-groupManagement] INFO  server.RaftServerConfigKeys (ConfUtils.java:logGet(46)) - raft.server.leaderelection.leader.step-down.wait-time = 10s (default)
2023-12-05 10:05:06,571 [c5405651-ef25-48d2-8d28-ae0bccd2c7ed-groupManagement] INFO  server.RaftServerConfigKeys (ConfUtils.java:logGet(46)) - raft.server.leaderelection.member.majority-add = false (default)
2023-12-05 10:05:06,571 [c5405651-ef25-48d2-8d28-ae0bccd2c7ed-groupManagement] INFO  server.RaftServerConfigKeys (ConfUtils.java:logGet(46)) - raft.server.sleep.deviation.threshold = 300ms (default)
2023-12-05 10:05:06,571 [c5405651-ef25-48d2-8d28-ae0bccd2c7ed-groupManagement] INFO  server.RaftServer$Division (ServerState.java:<init>(113)) - c5405651-ef25-48d2-8d28-ae0bccd2c7ed@group-8B6FF6359640: ConfigurationManager, init=-1: peers:[15f79772-7a81-4af9-9760-e026e14d2a58|10.1.0.7:15093, c5405651-ef25-48d2-8d28-ae0bccd2c7ed|10.1.0.7:15084, 8e5cdb27-721d-4db2-bd49-e25625d330e0|10.1.0.7:15102]|listeners:[], old=null, confs=<EMPTY_MAP>
2023-12-05 10:05:06,571 [c5405651-ef25-48d2-8d28-ae0bccd2c7ed-groupManagement] INFO  server.RaftServerConfigKeys (ConfUtils.java:logGet(46)) - raft.server.notification.no-leader.timeout = 300s (custom)
2023-12-05 10:05:06,571 [c5405651-ef25-48d2-8d28-ae0bccd2c7ed-groupManagement] INFO  server.RaftServerConfigKeys (ConfUtils.java:logGet(46)) - raft.server.read.timeout = 10s (default)
2023-12-05 10:05:06,572 [c5405651-ef25-48d2-8d28-ae0bccd2c7ed-groupManagement] INFO  server.RaftServerConfigKeys (ConfUtils.java:logGet(46)) - raft.server.retrycache.expirytime = 600000ms (custom)
2023-12-05 10:05:06,572 [c5405651-ef25-48d2-8d28-ae0bccd2c7ed-groupManagement] INFO  server.RaftServerConfigKeys (ConfUtils.java:logGet(46)) - raft.server.retrycache.statistics.expirytime = 100ms (default)
2023-12-05 10:05:06,572 [c5405651-ef25-48d2-8d28-ae0bccd2c7ed-groupManagement] INFO  server.RaftServerConfigKeys (ConfUtils.java:logGet(46)) - raft.server.read.option = DEFAULT (default)
2023-12-05 10:05:06,572 [c5405651-ef25-48d2-8d28-ae0bccd2c7ed-groupManagement] INFO  server.RaftServerConfigKeys (ConfUtils.java:logGet(46)) - raft.server.read.read-after-write-consistent.write-index-cache.expiry-time = 60s (default)
2023-12-05 10:05:06,574 [c5405651-ef25-48d2-8d28-ae0bccd2c7ed-groupManagement] INFO  server.RaftServerConfigKeys (ConfUtils.java:logGet(46)) - raft.server.rpc.request.timeout = 60s (custom)
2023-12-05 10:05:06,574 [c5405651-ef25-48d2-8d28-ae0bccd2c7ed-groupManagement] INFO  server.RaftServerConfigKeys (ConfUtils.java:logGet(46)) - raft.server.log.appender.install.snapshot.enabled = false (custom)
2023-12-05 10:05:06,574 [c5405651-ef25-48d2-8d28-ae0bccd2c7ed-groupManagement] INFO  server.RaftServerConfigKeys (ConfUtils.java:logGet(46)) - raft.server.threadpool.server.cached = true (default)
2023-12-05 10:05:06,574 [c5405651-ef25-48d2-8d28-ae0bccd2c7ed-groupManagement] INFO  server.RaftServerConfigKeys (ConfUtils.java:logGet(46)) - raft.server.threadpool.server.size = 0 (default)
2023-12-05 10:05:06,574 [c5405651-ef25-48d2-8d28-ae0bccd2c7ed-groupManagement] INFO  server.RaftServerConfigKeys (ConfUtils.java:logGet(46)) - raft.server.threadpool.client.cached = true (default)
2023-12-05 10:05:06,574 [c5405651-ef25-48d2-8d28-ae0bccd2c7ed-groupManagement] INFO  server.RaftServerConfigKeys (ConfUtils.java:logGet(46)) - raft.server.threadpool.client.size = 0 (default)
2023-12-05 10:05:06,575 [c5405651-ef25-48d2-8d28-ae0bccd2c7ed-groupManagement] INFO  server.RaftServerConfigKeys (ConfUtils.java:logGet(46)) - raft.server.storage.free-space.min = 0MB (=0) (default)
2023-12-05 10:05:06,575 [c5405651-ef25-48d2-8d28-ae0bccd2c7ed-groupManagement] INFO  server.RaftServerConfigKeys (ConfUtils.java:logGet(46)) - raft.server.log.corruption.policy = EXCEPTION (default)
2023-12-05 10:05:06,575 [c5405651-ef25-48d2-8d28-ae0bccd2c7ed-groupManagement] INFO  server.RaftServerConfigKeys (ConfUtils.java:logGet(46)) - raft.server.storage.dir = [/home/runner/work/ozone/ozone/hadoop-ozone/integration-test/target/test-dir/MiniOzoneClusterImpl-15b925ce-33b9-4c4c-8faa-158337806406/datanode-0/data/ratis] (custom)
2023-12-05 10:05:06,575 [c5405651-ef25-48d2-8d28-ae0bccd2c7ed-groupManagement] INFO  storage.RaftStorageDirectory (RaftStorageDirectoryImpl.java:analyzeStorage(138)) - The storage directory /home/runner/work/ozone/ozone/hadoop-ozone/integration-test/target/test-dir/MiniOzoneClusterImpl-15b925ce-33b9-4c4c-8faa-158337806406/datanode-0/data/ratis/0ad2a37e-5979-4ea2-8ca1-8b6ff6359640 does not exist. Creating ...
2023-12-05 10:05:06,576 [c5405651-ef25-48d2-8d28-ae0bccd2c7ed-groupManagement] INFO  storage.RaftStorageDirectory (RaftStorageDirectoryImpl.java:tryLock(232)) - Lock on /home/runner/work/ozone/ozone/hadoop-ozone/integration-test/target/test-dir/MiniOzoneClusterImpl-15b925ce-33b9-4c4c-8faa-158337806406/datanode-0/data/ratis/0ad2a37e-5979-4ea2-8ca1-8b6ff6359640/in_use.lock acquired by nodename 4813@fv-az884-53
2023-12-05 10:05:06,577 [c5405651-ef25-48d2-8d28-ae0bccd2c7ed-groupManagement] INFO  storage.RaftStorage (RaftStorageImpl.java:format(97)) - Storage directory /home/runner/work/ozone/ozone/hadoop-ozone/integration-test/target/test-dir/MiniOzoneClusterImpl-15b925ce-33b9-4c4c-8faa-158337806406/datanode-0/data/ratis/0ad2a37e-5979-4ea2-8ca1-8b6ff6359640 has been successfully formatted.
2023-12-05 10:05:06,578 [c5405651-ef25-48d2-8d28-ae0bccd2c7ed-groupManagement] INFO  ratis.ContainerStateMachine (ContainerStateMachine.java:loadSnapshot(269)) - group-8B6FF6359640: The snapshot info is null. Setting the last applied indexto:(t:0, i:~)
2023-12-05 10:05:06,578 [c5405651-ef25-48d2-8d28-ae0bccd2c7ed-groupManagement] INFO  server.RaftServerConfigKeys (ConfUtils.java:logGet(46)) - raft.server.log.use.memory = false (default)
2023-12-05 10:05:06,578 [c5405651-ef25-48d2-8d28-ae0bccd2c7ed-groupManagement] INFO  server.RaftServerConfigKeys (ConfUtils.java:logGet(46)) - raft.server.log.purge.gap = 1000000 (custom)
2023-12-05 10:05:06,578 [c5405651-ef25-48d2-8d28-ae0bccd2c7ed-groupManagement] INFO  server.RaftServerConfigKeys (ConfUtils.java:logGet(46)) - raft.server.log.appender.buffer.byte-limit = 8388608 (custom)
2023-12-05 10:05:06,578 [c5405651-ef25-48d2-8d28-ae0bccd2c7ed-groupManagement] INFO  server.RaftServerConfigKeys (ConfUtils.java:logGet(46)) - raft.server.log.statemachine.data.read.timeout = 1000ms (default)
2023-12-05 10:05:06,578 [c5405651-ef25-48d2-8d28-ae0bccd2c7ed-groupManagement] INFO  server.RaftServerConfigKeys (ConfUtils.java:logGet(46)) - raft.server.log.purge.preservation.log.num = 0 (default)
2023-12-05 10:05:06,579 [EventQueue-OpenPipelineForHealthyPipelineSafeModeRule] INFO  safemode.SCMSafeModeManager (HealthyPipelineSafeModeRule.java:process(137)) - SCM in safe mode. Healthy pipelines reported count is 0, required healthy pipeline reported count is 1
2023-12-05 10:05:06,580 [c5405651-ef25-48d2-8d28-ae0bccd2c7ed-groupManagement] INFO  server.RaftServerConfigKeys (ConfUtils.java:logGet(46)) - raft.server.log.segment.size.max = 67108864 (custom)
2023-12-05 10:05:06,581 [c5405651-ef25-48d2-8d28-ae0bccd2c7ed-groupManagement] INFO  server.RaftServerConfigKeys (ConfUtils.java:logGet(46)) - raft.server.log.segment.cache.num.max = 2 (custom)
2023-12-05 10:05:06,581 [c5405651-ef25-48d2-8d28-ae0bccd2c7ed-groupManagement] INFO  server.RaftServerConfigKeys (ConfUtils.java:logGet(46)) - raft.server.log.segment.cache.size.max = 200MB (=209715200) (default)
2023-12-05 10:05:06,581 [c5405651-ef25-48d2-8d28-ae0bccd2c7ed-groupManagement] INFO  server.RaftServerConfigKeys (ConfUtils.java:logGet(46)) - raft.server.log.appender.buffer.byte-limit = 8388608 (custom)
2023-12-05 10:05:06,581 [c5405651-ef25-48d2-8d28-ae0bccd2c7ed-groupManagement] INFO  util.AwaitToRun (AwaitToRun.java:start(81)) - Thread[c5405651-ef25-48d2-8d28-ae0bccd2c7ed@group-8B6FF6359640-cacheEviction-AwaitToRun,5,main] started
2023-12-05 10:05:06,581 [c5405651-ef25-48d2-8d28-ae0bccd2c7ed-groupManagement] INFO  segmented.SegmentedRaftLogWorker (SegmentedRaftLogWorker.java:<init>(184)) - new c5405651-ef25-48d2-8d28-ae0bccd2c7ed@group-8B6FF6359640-SegmentedRaftLogWorker for RaftStorageImpl:Storage Directory /home/runner/work/ozone/ozone/hadoop-ozone/integration-test/target/test-dir/MiniOzoneClusterImpl-15b925ce-33b9-4c4c-8faa-158337806406/datanode-0/data/ratis/0ad2a37e-5979-4ea2-8ca1-8b6ff6359640
2023-12-05 10:05:06,581 [c5405651-ef25-48d2-8d28-ae0bccd2c7ed-groupManagement] INFO  server.RaftServerConfigKeys (ConfUtils.java:logGet(46)) - raft.server.log.queue.byte-limit = 4294967296 (custom)
2023-12-05 10:05:06,581 [c5405651-ef25-48d2-8d28-ae0bccd2c7ed-groupManagement] INFO  server.RaftServerConfigKeys (ConfUtils.java:logGet(46)) - raft.server.log.queue.element-limit = 1024 (custom)
2023-12-05 10:05:06,581 [c5405651-ef25-48d2-8d28-ae0bccd2c7ed-groupManagement] INFO  server.RaftServerConfigKeys (ConfUtils.java:logGet(46)) - raft.server.log.segment.size.max = 67108864 (custom)
2023-12-05 10:05:06,581 [c5405651-ef25-48d2-8d28-ae0bccd2c7ed-groupManagement] INFO  server.RaftServerConfigKeys (ConfUtils.java:logGet(46)) - raft.server.log.preallocated.size = 4194304 (custom)
2023-12-05 10:05:06,582 [c5405651-ef25-48d2-8d28-ae0bccd2c7ed-groupManagement] INFO  server.RaftServerConfigKeys (ConfUtils.java:logGet(46)) - raft.server.log.force.sync.num = 128 (default)
2023-12-05 10:05:06,582 [c5405651-ef25-48d2-8d28-ae0bccd2c7ed-groupManagement] INFO  server.RaftServerConfigKeys (ConfUtils.java:logGet(46)) - raft.server.log.statemachine.data.sync = true (default)
2023-12-05 10:05:06,582 [c5405651-ef25-48d2-8d28-ae0bccd2c7ed-groupManagement] INFO  server.RaftServerConfigKeys (ConfUtils.java:logGet(46)) - raft.server.log.statemachine.data.sync.timeout = 10s (default)
2023-12-05 10:05:06,582 [c5405651-ef25-48d2-8d28-ae0bccd2c7ed-groupManagement] INFO  server.RaftServerConfigKeys (ConfUtils.java:logGet(46)) - raft.server.log.statemachine.data.sync.timeout.retry = 0 (custom)
2023-12-05 10:05:06,582 [c5405651-ef25-48d2-8d28-ae0bccd2c7ed-groupManagement] INFO  server.RaftServerConfigKeys (ConfUtils.java:logGet(46)) - raft.server.log.write.buffer.size = 8388616 (custom)
2023-12-05 10:05:06,584 [c5405651-ef25-48d2-8d28-ae0bccd2c7ed-groupManagement] INFO  server.RaftServerConfigKeys (ConfUtils.java:logGet(46)) - raft.server.log.appender.buffer.byte-limit = 8388608 (custom)
2023-12-05 10:05:06,585 [c5405651-ef25-48d2-8d28-ae0bccd2c7ed-groupManagement] INFO  server.RaftServerConfigKeys (ConfUtils.java:logGet(46)) - raft.server.log.unsafe-flush.enabled = false (default)
2023-12-05 10:05:06,585 [c5405651-ef25-48d2-8d28-ae0bccd2c7ed-groupManagement] INFO  server.RaftServerConfigKeys (ConfUtils.java:logGet(46)) - raft.server.log.async-flush.enabled = false (default)
2023-12-05 10:05:06,585 [c5405651-ef25-48d2-8d28-ae0bccd2c7ed-groupManagement] INFO  server.RaftServerConfigKeys (ConfUtils.java:logGet(46)) - raft.server.log.statemachine.data.caching.enabled = true (custom)
2023-12-05 10:05:06,585 [c5405651-ef25-48d2-8d28-ae0bccd2c7ed-groupManagement] INFO  segmented.SegmentedRaftLogWorker (SegmentedRaftLogWorker.java:lambda$new$0(135)) - c5405651-ef25-48d2-8d28-ae0bccd2c7ed@group-8B6FF6359640-SegmentedRaftLogWorker: flushIndex: setUnconditionally 0 -> -1
2023-12-05 10:05:06,585 [c5405651-ef25-48d2-8d28-ae0bccd2c7ed-groupManagement] INFO  segmented.SegmentedRaftLogWorker (SegmentedRaftLogWorker.java:lambda$new$0(135)) - c5405651-ef25-48d2-8d28-ae0bccd2c7ed@group-8B6FF6359640-SegmentedRaftLogWorker: safeCacheEvictIndex: setUnconditionally 0 -> -1
2023-12-05 10:05:06,587 [c5405651-ef25-48d2-8d28-ae0bccd2c7ed-groupManagement] INFO  server.RaftServer$Division (RaftServerImpl.java:start(392)) - c5405651-ef25-48d2-8d28-ae0bccd2c7ed@group-8B6FF6359640: start as a follower, conf=-1: peers:[15f79772-7a81-4af9-9760-e026e14d2a58|10.1.0.7:15093, c5405651-ef25-48d2-8d28-ae0bccd2c7ed|10.1.0.7:15084, 8e5cdb27-721d-4db2-bd49-e25625d330e0|10.1.0.7:15102]|listeners:[], old=null
2023-12-05 10:05:06,587 [c5405651-ef25-48d2-8d28-ae0bccd2c7ed-groupManagement] INFO  server.RaftServer$Division (RaftServerImpl.java:setRole(379)) - c5405651-ef25-48d2-8d28-ae0bccd2c7ed@group-8B6FF6359640: changes role from      null to FOLLOWER at term 0 for startAsFollower
2023-12-05 10:05:06,588 [c5405651-ef25-48d2-8d28-ae0bccd2c7ed-groupManagement] INFO  impl.RoleInfo (RoleInfo.java:updateAndGet(139)) - c5405651-ef25-48d2-8d28-ae0bccd2c7ed: start c5405651-ef25-48d2-8d28-ae0bccd2c7ed@group-8B6FF6359640-FollowerState
2023-12-05 10:05:06,588 [c5405651-ef25-48d2-8d28-ae0bccd2c7ed-groupManagement] INFO  util.JmxRegister (JmxRegister.java:tryRegister(44)) - Successfully registered JMX Bean with object name Ratis:service=RaftServer,group=group-8B6FF6359640,id=c5405651-ef25-48d2-8d28-ae0bccd2c7ed
2023-12-05 10:05:06,588 [c5405651-ef25-48d2-8d28-ae0bccd2c7ed-groupManagement] INFO  server.RaftServerConfigKeys (ConfUtils.java:logGet(46)) - raft.server.snapshot.trigger-when-stop.enabled = true (default)
2023-12-05 10:05:06,588 [c5405651-ef25-48d2-8d28-ae0bccd2c7ed-groupManagement] INFO  server.RaftServerConfigKeys (ConfUtils.java:logGet(46)) - raft.server.snapshot.auto.trigger.enabled = true (custom)
2023-12-05 10:05:06,588 [c5405651-ef25-48d2-8d28-ae0bccd2c7ed-groupManagement] INFO  server.RaftServerConfigKeys (ConfUtils.java:logGet(46)) - raft.server.snapshot.auto.trigger.threshold = 10000 (custom)
2023-12-05 10:05:06,588 [c5405651-ef25-48d2-8d28-ae0bccd2c7ed-groupManagement] INFO  server.RaftServerConfigKeys (ConfUtils.java:logGet(46)) - raft.server.snapshot.retention.file.num = 5 (custom)
2023-12-05 10:05:06,588 [c5405651-ef25-48d2-8d28-ae0bccd2c7ed-groupManagement] INFO  server.RaftServerConfigKeys (ConfUtils.java:logGet(46)) - raft.server.log.purge.upto.snapshot.index = false (default)
2023-12-05 10:05:06,589 [c5405651-ef25-48d2-8d28-ae0bccd2c7ed@group-8B6FF6359640-FollowerState] INFO  server.RaftServerConfigKeys (ConfUtils.java:logFallback(53)) - raft.server.rpc.first-election.timeout.min = 5s (fallback to raft.server.rpc.timeout.min)
2023-12-05 10:05:06,589 [c5405651-ef25-48d2-8d28-ae0bccd2c7ed@group-8B6FF6359640-FollowerState] INFO  server.RaftServerConfigKeys (ConfUtils.java:logFallback(53)) - raft.server.rpc.first-election.timeout.max = 5200ms (fallback to raft.server.rpc.timeout.max)
2023-12-05 10:05:06,594 [c5405651-ef25-48d2-8d28-ae0bccd2c7ed-PipelineCommandHandlerThread-0] INFO  ratis.XceiverServerRatis (XceiverServerRatis.java:addGroup(837)) - Created group PipelineID=0ad2a37e-5979-4ea2-8ca1-8b6ff6359640
2023-12-05 10:05:06,611 [grpc-default-executor-0] INFO  server.RaftServer (RaftServerProxy.java:addNew(100)) - 15f79772-7a81-4af9-9760-e026e14d2a58: addNew group-8B6FF6359640:[15f79772-7a81-4af9-9760-e026e14d2a58|10.1.0.7:15093, c5405651-ef25-48d2-8d28-ae0bccd2c7ed|10.1.0.7:15084, 8e5cdb27-721d-4db2-bd49-e25625d330e0|10.1.0.7:15102] returns group-8B6FF6359640:java.util.concurrent.CompletableFuture@10101b23[Not completed]
2023-12-05 10:05:06,612 [15f79772-7a81-4af9-9760-e026e14d2a58-groupManagement] INFO  server.RaftServer$Division (RaftServerImpl.java:<init>(256)) - 15f79772-7a81-4af9-9760-e026e14d2a58: new RaftServerImpl for group-8B6FF6359640:[15f79772-7a81-4af9-9760-e026e14d2a58|10.1.0.7:15093, c5405651-ef25-48d2-8d28-ae0bccd2c7ed|10.1.0.7:15084, 8e5cdb27-721d-4db2-bd49-e25625d330e0|10.1.0.7:15102] with ContainerStateMachine:uninitialized
2023-12-05 10:05:06,613 [15f79772-7a81-4af9-9760-e026e14d2a58-groupManagement] INFO  server.RaftServerConfigKeys (ConfUtils.java:logGet(46)) - raft.server.rpc.timeout.min = 5s (custom)
2023-12-05 10:05:06,612 [15f79772-7a81-4af9-9760-e026e14d2a58-PipelineCommandHandlerThread-0] INFO  server.RaftServer (RaftServerProxy.java:addNew(100)) - 15f79772-7a81-4af9-9760-e026e14d2a58: addNew group-8BAD58D8B109:[15f79772-7a81-4af9-9760-e026e14d2a58|10.1.0.7:15093] returns group-8BAD58D8B109:java.util.concurrent.CompletableFuture@2a54d768[Not completed]
2023-12-05 10:05:06,613 [15f79772-7a81-4af9-9760-e026e14d2a58-groupManagement] INFO  server.RaftServerConfigKeys (ConfUtils.java:logGet(46)) - raft.server.rpc.timeout.max = 5200ms (custom)
2023-12-05 10:05:06,613 [15f79772-7a81-4af9-9760-e026e14d2a58-groupManagement] INFO  server.RaftServerConfigKeys (ConfUtils.java:logGet(46)) - raft.server.rpc.sleep.time = 25ms (default)
2023-12-05 10:05:06,613 [15f79772-7a81-4af9-9760-e026e14d2a58-groupManagement] INFO  server.RaftServerConfigKeys (ConfUtils.java:logGet(46)) - raft.server.rpc.slowness.timeout = 300s (custom)
2023-12-05 10:05:06,613 [15f79772-7a81-4af9-9760-e026e14d2a58-groupManagement] INFO  server.RaftServerConfigKeys (ConfUtils.java:logGet(46)) - raft.server.leaderelection.leader.step-down.wait-time = 10s (default)
2023-12-05 10:05:06,613 [15f79772-7a81-4af9-9760-e026e14d2a58-groupManagement] INFO  server.RaftServerConfigKeys (ConfUtils.java:logGet(46)) - raft.server.leaderelection.member.majority-add = false (default)
2023-12-05 10:05:06,613 [15f79772-7a81-4af9-9760-e026e14d2a58-groupManagement] INFO  server.RaftServerConfigKeys (ConfUtils.java:logGet(46)) - raft.server.sleep.deviation.threshold = 300ms (default)
2023-12-05 10:05:06,613 [15f79772-7a81-4af9-9760-e026e14d2a58-groupManagement] INFO  server.RaftServer$Division (ServerState.java:<init>(113)) - 15f79772-7a81-4af9-9760-e026e14d2a58@group-8B6FF6359640: ConfigurationManager, init=-1: peers:[15f79772-7a81-4af9-9760-e026e14d2a58|10.1.0.7:15093, c5405651-ef25-48d2-8d28-ae0bccd2c7ed|10.1.0.7:15084, 8e5cdb27-721d-4db2-bd49-e25625d330e0|10.1.0.7:15102]|listeners:[], old=null, confs=<EMPTY_MAP>
2023-12-05 10:05:06,614 [15f79772-7a81-4af9-9760-e026e14d2a58-groupManagement] INFO  server.RaftServerConfigKeys (ConfUtils.java:logGet(46)) - raft.server.notification.no-leader.timeout = 300s (custom)
2023-12-05 10:05:06,614 [15f79772-7a81-4af9-9760-e026e14d2a58-groupManagement] INFO  server.RaftServerConfigKeys (ConfUtils.java:logGet(46)) - raft.server.read.timeout = 10s (default)
2023-12-05 10:05:06,614 [15f79772-7a81-4af9-9760-e026e14d2a58-groupManagement] INFO  server.RaftServerConfigKeys (ConfUtils.java:logGet(46)) - raft.server.retrycache.expirytime = 600000ms (custom)
2023-12-05 10:05:06,614 [15f79772-7a81-4af9-9760-e026e14d2a58-groupManagement] INFO  server.RaftServerConfigKeys (ConfUtils.java:logGet(46)) - raft.server.retrycache.statistics.expirytime = 100ms (default)
2023-12-05 10:05:06,614 [15f79772-7a81-4af9-9760-e026e14d2a58-groupManagement] INFO  server.RaftServerConfigKeys (ConfUtils.java:logGet(46)) - raft.server.read.option = DEFAULT (default)
2023-12-05 10:05:06,614 [15f79772-7a81-4af9-9760-e026e14d2a58-groupManagement] INFO  server.RaftServerConfigKeys (ConfUtils.java:logGet(46)) - raft.server.read.read-after-write-consistent.write-index-cache.expiry-time = 60s (default)
2023-12-05 10:05:06,618 [15f79772-7a81-4af9-9760-e026e14d2a58-groupManagement] INFO  server.RaftServerConfigKeys (ConfUtils.java:logGet(46)) - raft.server.rpc.request.timeout = 60s (custom)
2023-12-05 10:05:06,618 [15f79772-7a81-4af9-9760-e026e14d2a58-groupManagement] INFO  server.RaftServerConfigKeys (ConfUtils.java:logGet(46)) - raft.server.log.appender.install.snapshot.enabled = false (custom)
2023-12-05 10:05:06,618 [15f79772-7a81-4af9-9760-e026e14d2a58-groupManagement] INFO  server.RaftServerConfigKeys (ConfUtils.java:logGet(46)) - raft.server.threadpool.server.cached = true (default)
2023-12-05 10:05:06,618 [15f79772-7a81-4af9-9760-e026e14d2a58-groupManagement] INFO  server.RaftServerConfigKeys (ConfUtils.java:logGet(46)) - raft.server.threadpool.server.size = 0 (default)
2023-12-05 10:05:06,618 [15f79772-7a81-4af9-9760-e026e14d2a58-groupManagement] INFO  server.RaftServerConfigKeys (ConfUtils.java:logGet(46)) - raft.server.threadpool.client.cached = true (default)
2023-12-05 10:05:06,618 [15f79772-7a81-4af9-9760-e026e14d2a58-groupManagement] INFO  server.RaftServerConfigKeys (ConfUtils.java:logGet(46)) - raft.server.threadpool.client.size = 0 (default)
2023-12-05 10:05:06,620 [15f79772-7a81-4af9-9760-e026e14d2a58-groupManagement] INFO  server.RaftServer$Division (RaftServerImpl.java:<init>(256)) - 15f79772-7a81-4af9-9760-e026e14d2a58: new RaftServerImpl for group-8BAD58D8B109:[15f79772-7a81-4af9-9760-e026e14d2a58|10.1.0.7:15093] with ContainerStateMachine:uninitialized
2023-12-05 10:05:06,620 [15f79772-7a81-4af9-9760-e026e14d2a58-groupManagement] INFO  server.RaftServerConfigKeys (ConfUtils.java:logGet(46)) - raft.server.rpc.timeout.min = 5s (custom)
2023-12-05 10:05:06,620 [15f79772-7a81-4af9-9760-e026e14d2a58-groupManagement] INFO  server.RaftServerConfigKeys (ConfUtils.java:logGet(46)) - raft.server.rpc.timeout.max = 5200ms (custom)
2023-12-05 10:05:06,620 [15f79772-7a81-4af9-9760-e026e14d2a58-groupManagement] INFO  server.RaftServerConfigKeys (ConfUtils.java:logGet(46)) - raft.server.rpc.sleep.time = 25ms (default)
2023-12-05 10:05:06,620 [15f79772-7a81-4af9-9760-e026e14d2a58-groupManagement] INFO  server.RaftServerConfigKeys (ConfUtils.java:logGet(46)) - raft.server.rpc.slowness.timeout = 300s (custom)
2023-12-05 10:05:06,620 [15f79772-7a81-4af9-9760-e026e14d2a58-groupManagement] INFO  server.RaftServerConfigKeys (ConfUtils.java:logGet(46)) - raft.server.leaderelection.leader.step-down.wait-time = 10s (default)
2023-12-05 10:05:06,620 [15f79772-7a81-4af9-9760-e026e14d2a58-groupManagement] INFO  server.RaftServerConfigKeys (ConfUtils.java:logGet(46)) - raft.server.leaderelection.member.majority-add = false (default)
2023-12-05 10:05:06,620 [15f79772-7a81-4af9-9760-e026e14d2a58-groupManagement] INFO  server.RaftServerConfigKeys (ConfUtils.java:logGet(46)) - raft.server.sleep.deviation.threshold = 300ms (default)
2023-12-05 10:05:06,620 [15f79772-7a81-4af9-9760-e026e14d2a58-groupManagement] INFO  server.RaftServer$Division (ServerState.java:<init>(113)) - 15f79772-7a81-4af9-9760-e026e14d2a58@group-8BAD58D8B109: ConfigurationManager, init=-1: peers:[15f79772-7a81-4af9-9760-e026e14d2a58|10.1.0.7:15093]|listeners:[], old=null, confs=<EMPTY_MAP>
2023-12-05 10:05:06,620 [15f79772-7a81-4af9-9760-e026e14d2a58-groupManagement] INFO  server.RaftServerConfigKeys (ConfUtils.java:logGet(46)) - raft.server.notification.no-leader.timeout = 300s (custom)
2023-12-05 10:05:06,620 [15f79772-7a81-4af9-9760-e026e14d2a58-groupManagement] INFO  server.RaftServerConfigKeys (ConfUtils.java:logGet(46)) - raft.server.read.timeout = 10s (default)
2023-12-05 10:05:06,620 [15f79772-7a81-4af9-9760-e026e14d2a58-groupManagement] INFO  server.RaftServerConfigKeys (ConfUtils.java:logGet(46)) - raft.server.retrycache.expirytime = 600000ms (custom)
2023-12-05 10:05:06,620 [15f79772-7a81-4af9-9760-e026e14d2a58-groupManagement] INFO  server.RaftServerConfigKeys (ConfUtils.java:logGet(46)) - raft.server.retrycache.statistics.expirytime = 100ms (default)
2023-12-05 10:05:06,620 [15f79772-7a81-4af9-9760-e026e14d2a58-groupManagement] INFO  server.RaftServerConfigKeys (ConfUtils.java:logGet(46)) - raft.server.read.option = DEFAULT (default)
2023-12-05 10:05:06,620 [15f79772-7a81-4af9-9760-e026e14d2a58-groupManagement] INFO  server.RaftServerConfigKeys (ConfUtils.java:logGet(46)) - raft.server.read.read-after-write-consistent.write-index-cache.expiry-time = 60s (default)
2023-12-05 10:05:06,622 [15f79772-7a81-4af9-9760-e026e14d2a58-groupManagement] INFO  server.RaftServerConfigKeys (ConfUtils.java:logGet(46)) - raft.server.rpc.request.timeout = 60s (custom)
2023-12-05 10:05:06,623 [15f79772-7a81-4af9-9760-e026e14d2a58-groupManagement] INFO  server.RaftServerConfigKeys (ConfUtils.java:logGet(46)) - raft.server.log.appender.install.snapshot.enabled = false (custom)
2023-12-05 10:05:06,623 [15f79772-7a81-4af9-9760-e026e14d2a58-groupManagement] INFO  server.RaftServerConfigKeys (ConfUtils.java:logGet(46)) - raft.server.threadpool.server.cached = true (default)
2023-12-05 10:05:06,623 [15f79772-7a81-4af9-9760-e026e14d2a58-groupManagement] INFO  server.RaftServerConfigKeys (ConfUtils.java:logGet(46)) - raft.server.threadpool.server.size = 0 (default)
2023-12-05 10:05:06,623 [15f79772-7a81-4af9-9760-e026e14d2a58-groupManagement] INFO  server.RaftServerConfigKeys (ConfUtils.java:logGet(46)) - raft.server.threadpool.client.cached = true (default)
2023-12-05 10:05:06,623 [15f79772-7a81-4af9-9760-e026e14d2a58-groupManagement] INFO  server.RaftServerConfigKeys (ConfUtils.java:logGet(46)) - raft.server.threadpool.client.size = 0 (default)
2023-12-05 10:05:06,623 [15f79772-7a81-4af9-9760-e026e14d2a58-groupManagement] INFO  server.RaftServerConfigKeys (ConfUtils.java:logGet(46)) - raft.server.storage.free-space.min = 0MB (=0) (default)
2023-12-05 10:05:06,623 [15f79772-7a81-4af9-9760-e026e14d2a58-groupManagement] INFO  server.RaftServerConfigKeys (ConfUtils.java:logGet(46)) - raft.server.log.corruption.policy = EXCEPTION (default)
2023-12-05 10:05:06,623 [15f79772-7a81-4af9-9760-e026e14d2a58-groupManagement] INFO  server.RaftServerConfigKeys (ConfUtils.java:logGet(46)) - raft.server.storage.dir = [/home/runner/work/ozone/ozone/hadoop-ozone/integration-test/target/test-dir/MiniOzoneClusterImpl-15b925ce-33b9-4c4c-8faa-158337806406/datanode-1/data/ratis] (custom)
2023-12-05 10:05:06,623 [15f79772-7a81-4af9-9760-e026e14d2a58-groupManagement] INFO  storage.RaftStorageDirectory (RaftStorageDirectoryImpl.java:analyzeStorage(138)) - The storage directory /home/runner/work/ozone/ozone/hadoop-ozone/integration-test/target/test-dir/MiniOzoneClusterImpl-15b925ce-33b9-4c4c-8faa-158337806406/datanode-1/data/ratis/0ad2a37e-5979-4ea2-8ca1-8b6ff6359640 does not exist. Creating ...
2023-12-05 10:05:06,628 [15f79772-7a81-4af9-9760-e026e14d2a58-groupManagement] INFO  storage.RaftStorageDirectory (RaftStorageDirectoryImpl.java:tryLock(232)) - Lock on /home/runner/work/ozone/ozone/hadoop-ozone/integration-test/target/test-dir/MiniOzoneClusterImpl-15b925ce-33b9-4c4c-8faa-158337806406/datanode-1/data/ratis/0ad2a37e-5979-4ea2-8ca1-8b6ff6359640/in_use.lock acquired by nodename 4813@fv-az884-53
2023-12-05 10:05:06,635 [15f79772-7a81-4af9-9760-e026e14d2a58-groupManagement] INFO  storage.RaftStorage (RaftStorageImpl.java:format(97)) - Storage directory /home/runner/work/ozone/ozone/hadoop-ozone/integration-test/target/test-dir/MiniOzoneClusterImpl-15b925ce-33b9-4c4c-8faa-158337806406/datanode-1/data/ratis/0ad2a37e-5979-4ea2-8ca1-8b6ff6359640 has been successfully formatted.
2023-12-05 10:05:06,636 [15f79772-7a81-4af9-9760-e026e14d2a58-groupManagement] INFO  ratis.ContainerStateMachine (ContainerStateMachine.java:loadSnapshot(269)) - group-8B6FF6359640: The snapshot info is null. Setting the last applied indexto:(t:0, i:~)
2023-12-05 10:05:06,637 [15f79772-7a81-4af9-9760-e026e14d2a58-groupManagement] INFO  server.RaftServerConfigKeys (ConfUtils.java:logGet(46)) - raft.server.log.use.memory = false (default)
2023-12-05 10:05:06,637 [15f79772-7a81-4af9-9760-e026e14d2a58-groupManagement] INFO  server.RaftServerConfigKeys (ConfUtils.java:logGet(46)) - raft.server.log.purge.gap = 1000000 (custom)
2023-12-05 10:05:06,639 [EventQueue-PipelineReportForPipelineReportHandler] INFO  pipeline.PipelineReportHandler (PipelineReportHandler.java:processPipelineReport(136)) - Opened pipeline PipelineID=909b14d4-b340-4815-8e8c-8bad58d8b109
2023-12-05 10:05:06,639 [EventQueue-OpenPipelineForHealthyPipelineSafeModeRule] INFO  safemode.SCMSafeModeManager (HealthyPipelineSafeModeRule.java:process(137)) - SCM in safe mode. Healthy pipelines reported count is 0, required healthy pipeline reported count is 1
2023-12-05 10:05:06,639 [15f79772-7a81-4af9-9760-e026e14d2a58-groupManagement] INFO  server.RaftServerConfigKeys (ConfUtils.java:logGet(46)) - raft.server.log.appender.buffer.byte-limit = 8388608 (custom)
2023-12-05 10:05:06,640 [15f79772-7a81-4af9-9760-e026e14d2a58-groupManagement] INFO  server.RaftServerConfigKeys (ConfUtils.java:logGet(46)) - raft.server.log.statemachine.data.read.timeout = 1000ms (default)
2023-12-05 10:05:06,640 [15f79772-7a81-4af9-9760-e026e14d2a58-groupManagement] INFO  server.RaftServerConfigKeys (ConfUtils.java:logGet(46)) - raft.server.log.purge.preservation.log.num = 0 (default)
2023-12-05 10:05:06,641 [15f79772-7a81-4af9-9760-e026e14d2a58-groupManagement] INFO  server.RaftServerConfigKeys (ConfUtils.java:logGet(46)) - raft.server.log.segment.size.max = 67108864 (custom)
2023-12-05 10:05:06,641 [15f79772-7a81-4af9-9760-e026e14d2a58-groupManagement] INFO  server.RaftServerConfigKeys (ConfUtils.java:logGet(46)) - raft.server.log.segment.cache.num.max = 2 (custom)
2023-12-05 10:05:06,641 [15f79772-7a81-4af9-9760-e026e14d2a58-groupManagement] INFO  server.RaftServerConfigKeys (ConfUtils.java:logGet(46)) - raft.server.log.segment.cache.size.max = 200MB (=209715200) (default)
2023-12-05 10:05:06,641 [15f79772-7a81-4af9-9760-e026e14d2a58-groupManagement] INFO  server.RaftServerConfigKeys (ConfUtils.java:logGet(46)) - raft.server.log.appender.buffer.byte-limit = 8388608 (custom)
2023-12-05 10:05:06,643 [15f79772-7a81-4af9-9760-e026e14d2a58-groupManagement] INFO  util.AwaitToRun (AwaitToRun.java:start(81)) - Thread[15f79772-7a81-4af9-9760-e026e14d2a58@group-8B6FF6359640-cacheEviction-AwaitToRun,5,main] started
2023-12-05 10:05:06,643 [15f79772-7a81-4af9-9760-e026e14d2a58-groupManagement] INFO  segmented.SegmentedRaftLogWorker (SegmentedRaftLogWorker.java:<init>(184)) - new 15f79772-7a81-4af9-9760-e026e14d2a58@group-8B6FF6359640-SegmentedRaftLogWorker for RaftStorageImpl:Storage Directory /home/runner/work/ozone/ozone/hadoop-ozone/integration-test/target/test-dir/MiniOzoneClusterImpl-15b925ce-33b9-4c4c-8faa-158337806406/datanode-1/data/ratis/0ad2a37e-5979-4ea2-8ca1-8b6ff6359640
2023-12-05 10:05:06,643 [15f79772-7a81-4af9-9760-e026e14d2a58-groupManagement] INFO  server.RaftServerConfigKeys (ConfUtils.java:logGet(46)) - raft.server.log.queue.byte-limit = 4294967296 (custom)
2023-12-05 10:05:06,643 [15f79772-7a81-4af9-9760-e026e14d2a58-groupManagement] INFO  server.RaftServerConfigKeys (ConfUtils.java:logGet(46)) - raft.server.log.queue.element-limit = 1024 (custom)
2023-12-05 10:05:06,643 [15f79772-7a81-4af9-9760-e026e14d2a58-groupManagement] INFO  server.RaftServerConfigKeys (ConfUtils.java:logGet(46)) - raft.server.log.segment.size.max = 67108864 (custom)
2023-12-05 10:05:06,644 [15f79772-7a81-4af9-9760-e026e14d2a58-groupManagement] INFO  server.RaftServerConfigKeys (ConfUtils.java:logGet(46)) - raft.server.log.preallocated.size = 4194304 (custom)
2023-12-05 10:05:06,644 [15f79772-7a81-4af9-9760-e026e14d2a58-groupManagement] INFO  server.RaftServerConfigKeys (ConfUtils.java:logGet(46)) - raft.server.log.force.sync.num = 128 (default)
2023-12-05 10:05:06,644 [15f79772-7a81-4af9-9760-e026e14d2a58-groupManagement] INFO  server.RaftServerConfigKeys (ConfUtils.java:logGet(46)) - raft.server.log.statemachine.data.sync = true (default)
2023-12-05 10:05:06,644 [15f79772-7a81-4af9-9760-e026e14d2a58-groupManagement] INFO  server.RaftServerConfigKeys (ConfUtils.java:logGet(46)) - raft.server.log.statemachine.data.sync.timeout = 10s (default)
2023-12-05 10:05:06,644 [15f79772-7a81-4af9-9760-e026e14d2a58-groupManagement] INFO  server.RaftServerConfigKeys (ConfUtils.java:logGet(46)) - raft.server.log.statemachine.data.sync.timeout.retry = 0 (custom)
2023-12-05 10:05:06,644 [15f79772-7a81-4af9-9760-e026e14d2a58-groupManagement] INFO  server.RaftServerConfigKeys (ConfUtils.java:logGet(46)) - raft.server.log.write.buffer.size = 8388616 (custom)
2023-12-05 10:05:06,646 [15f79772-7a81-4af9-9760-e026e14d2a58-groupManagement] INFO  server.RaftServerConfigKeys (ConfUtils.java:logGet(46)) - raft.server.log.appender.buffer.byte-limit = 8388608 (custom)
2023-12-05 10:05:06,647 [15f79772-7a81-4af9-9760-e026e14d2a58-groupManagement] INFO  server.RaftServerConfigKeys (ConfUtils.java:logGet(46)) - raft.server.log.unsafe-flush.enabled = false (default)
2023-12-05 10:05:06,647 [15f79772-7a81-4af9-9760-e026e14d2a58-groupManagement] INFO  server.RaftServerConfigKeys (ConfUtils.java:logGet(46)) - raft.server.log.async-flush.enabled = false (default)
2023-12-05 10:05:06,647 [15f79772-7a81-4af9-9760-e026e14d2a58-groupManagement] INFO  server.RaftServerConfigKeys (ConfUtils.java:logGet(46)) - raft.server.log.statemachine.data.caching.enabled = true (custom)
2023-12-05 10:05:06,647 [15f79772-7a81-4af9-9760-e026e14d2a58-groupManagement] INFO  segmented.SegmentedRaftLogWorker (SegmentedRaftLogWorker.java:lambda$new$0(135)) - 15f79772-7a81-4af9-9760-e026e14d2a58@group-8B6FF6359640-SegmentedRaftLogWorker: flushIndex: setUnconditionally 0 -> -1
2023-12-05 10:05:06,647 [15f79772-7a81-4af9-9760-e026e14d2a58-groupManagement] INFO  segmented.SegmentedRaftLogWorker (SegmentedRaftLogWorker.java:lambda$new$0(135)) - 15f79772-7a81-4af9-9760-e026e14d2a58@group-8B6FF6359640-SegmentedRaftLogWorker: safeCacheEvictIndex: setUnconditionally 0 -> -1
2023-12-05 10:05:06,652 [15f79772-7a81-4af9-9760-e026e14d2a58-groupManagement] INFO  server.RaftServer$Division (RaftServerImpl.java:start(392)) - 15f79772-7a81-4af9-9760-e026e14d2a58@group-8B6FF6359640: start as a follower, conf=-1: peers:[15f79772-7a81-4af9-9760-e026e14d2a58|10.1.0.7:15093, c5405651-ef25-48d2-8d28-ae0bccd2c7ed|10.1.0.7:15084, 8e5cdb27-721d-4db2-bd49-e25625d330e0|10.1.0.7:15102]|listeners:[], old=null
2023-12-05 10:05:06,652 [15f79772-7a81-4af9-9760-e026e14d2a58-groupManagement] INFO  server.RaftServer$Division (RaftServerImpl.java:setRole(379)) - 15f79772-7a81-4af9-9760-e026e14d2a58@group-8B6FF6359640: changes role from      null to FOLLOWER at term 0 for startAsFollower
2023-12-05 10:05:06,652 [15f79772-7a81-4af9-9760-e026e14d2a58-groupManagement] INFO  impl.RoleInfo (RoleInfo.java:updateAndGet(139)) - 15f79772-7a81-4af9-9760-e026e14d2a58: start 15f79772-7a81-4af9-9760-e026e14d2a58@group-8B6FF6359640-FollowerState
2023-12-05 10:05:06,659 [15f79772-7a81-4af9-9760-e026e14d2a58@group-8B6FF6359640-FollowerState] INFO  server.RaftServerConfigKeys (ConfUtils.java:logFallback(53)) - raft.server.rpc.first-election.timeout.min = 5s (fallback to raft.server.rpc.timeout.min)
2023-12-05 10:05:06,660 [15f79772-7a81-4af9-9760-e026e14d2a58@group-8B6FF6359640-FollowerState] INFO  server.RaftServerConfigKeys (ConfUtils.java:logFallback(53)) - raft.server.rpc.first-election.timeout.max = 5200ms (fallback to raft.server.rpc.timeout.max)
2023-12-05 10:05:06,660 [15f79772-7a81-4af9-9760-e026e14d2a58-groupManagement] INFO  util.JmxRegister (JmxRegister.java:tryRegister(44)) - Successfully registered JMX Bean with object name Ratis:service=RaftServer,group=group-8B6FF6359640,id=15f79772-7a81-4af9-9760-e026e14d2a58
2023-12-05 10:05:06,660 [15f79772-7a81-4af9-9760-e026e14d2a58-groupManagement] INFO  server.RaftServerConfigKeys (ConfUtils.java:logGet(46)) - raft.server.snapshot.trigger-when-stop.enabled = true (default)
2023-12-05 10:05:06,660 [15f79772-7a81-4af9-9760-e026e14d2a58-groupManagement] INFO  server.RaftServerConfigKeys (ConfUtils.java:logGet(46)) - raft.server.snapshot.auto.trigger.enabled = true (custom)
2023-12-05 10:05:06,660 [15f79772-7a81-4af9-9760-e026e14d2a58-groupManagement] INFO  server.RaftServerConfigKeys (ConfUtils.java:logGet(46)) - raft.server.snapshot.auto.trigger.threshold = 10000 (custom)
2023-12-05 10:05:06,660 [15f79772-7a81-4af9-9760-e026e14d2a58-groupManagement] INFO  server.RaftServerConfigKeys (ConfUtils.java:logGet(46)) - raft.server.snapshot.retention.file.num = 5 (custom)
2023-12-05 10:05:06,660 [15f79772-7a81-4af9-9760-e026e14d2a58-groupManagement] INFO  server.RaftServerConfigKeys (ConfUtils.java:logGet(46)) - raft.server.log.purge.upto.snapshot.index = false (default)
2023-12-05 10:05:06,663 [15f79772-7a81-4af9-9760-e026e14d2a58-groupManagement] INFO  server.RaftServerConfigKeys (ConfUtils.java:logGet(46)) - raft.server.storage.free-space.min = 0MB (=0) (default)
2023-12-05 10:05:06,664 [15f79772-7a81-4af9-9760-e026e14d2a58-groupManagement] INFO  server.RaftServerConfigKeys (ConfUtils.java:logGet(46)) - raft.server.log.corruption.policy = EXCEPTION (default)
2023-12-05 10:05:06,664 [15f79772-7a81-4af9-9760-e026e14d2a58-groupManagement] INFO  server.RaftServerConfigKeys (ConfUtils.java:logGet(46)) - raft.server.storage.dir = [/home/runner/work/ozone/ozone/hadoop-ozone/integration-test/target/test-dir/MiniOzoneClusterImpl-15b925ce-33b9-4c4c-8faa-158337806406/datanode-1/data/ratis] (custom)
2023-12-05 10:05:06,665 [15f79772-7a81-4af9-9760-e026e14d2a58-groupManagement] INFO  storage.RaftStorageDirectory (RaftStorageDirectoryImpl.java:analyzeStorage(138)) - The storage directory /home/runner/work/ozone/ozone/hadoop-ozone/integration-test/target/test-dir/MiniOzoneClusterImpl-15b925ce-33b9-4c4c-8faa-158337806406/datanode-1/data/ratis/909b14d4-b340-4815-8e8c-8bad58d8b109 does not exist. Creating ...
2023-12-05 10:05:06,666 [15f79772-7a81-4af9-9760-e026e14d2a58-groupManagement] INFO  storage.RaftStorageDirectory (RaftStorageDirectoryImpl.java:tryLock(232)) - Lock on /home/runner/work/ozone/ozone/hadoop-ozone/integration-test/target/test-dir/MiniOzoneClusterImpl-15b925ce-33b9-4c4c-8faa-158337806406/datanode-1/data/ratis/909b14d4-b340-4815-8e8c-8bad58d8b109/in_use.lock acquired by nodename 4813@fv-az884-53
2023-12-05 10:05:06,668 [15f79772-7a81-4af9-9760-e026e14d2a58-groupManagement] INFO  storage.RaftStorage (RaftStorageImpl.java:format(97)) - Storage directory /home/runner/work/ozone/ozone/hadoop-ozone/integration-test/target/test-dir/MiniOzoneClusterImpl-15b925ce-33b9-4c4c-8faa-158337806406/datanode-1/data/ratis/909b14d4-b340-4815-8e8c-8bad58d8b109 has been successfully formatted.
2023-12-05 10:05:06,669 [15f79772-7a81-4af9-9760-e026e14d2a58-groupManagement] INFO  ratis.ContainerStateMachine (ContainerStateMachine.java:loadSnapshot(269)) - group-8BAD58D8B109: The snapshot info is null. Setting the last applied indexto:(t:0, i:~)
2023-12-05 10:05:06,669 [15f79772-7a81-4af9-9760-e026e14d2a58-groupManagement] INFO  server.RaftServerConfigKeys (ConfUtils.java:logGet(46)) - raft.server.log.use.memory = false (default)
2023-12-05 10:05:06,669 [15f79772-7a81-4af9-9760-e026e14d2a58-groupManagement] INFO  server.RaftServerConfigKeys (ConfUtils.java:logGet(46)) - raft.server.log.purge.gap = 1000000 (custom)
2023-12-05 10:05:06,669 [15f79772-7a81-4af9-9760-e026e14d2a58-groupManagement] INFO  server.RaftServerConfigKeys (ConfUtils.java:logGet(46)) - raft.server.log.appender.buffer.byte-limit = 8388608 (custom)
2023-12-05 10:05:06,669 [15f79772-7a81-4af9-9760-e026e14d2a58-groupManagement] INFO  server.RaftServerConfigKeys (ConfUtils.java:logGet(46)) - raft.server.log.statemachine.data.read.timeout = 1000ms (default)
2023-12-05 10:05:06,669 [15f79772-7a81-4af9-9760-e026e14d2a58-groupManagement] INFO  server.RaftServerConfigKeys (ConfUtils.java:logGet(46)) - raft.server.log.purge.preservation.log.num = 0 (default)
2023-12-05 10:05:06,670 [15f79772-7a81-4af9-9760-e026e14d2a58-groupManagement] INFO  server.RaftServerConfigKeys (ConfUtils.java:logGet(46)) - raft.server.log.segment.size.max = 67108864 (custom)
2023-12-05 10:05:06,670 [15f79772-7a81-4af9-9760-e026e14d2a58-groupManagement] INFO  server.RaftServerConfigKeys (ConfUtils.java:logGet(46)) - raft.server.log.segment.cache.num.max = 2 (custom)
2023-12-05 10:05:06,670 [15f79772-7a81-4af9-9760-e026e14d2a58-groupManagement] INFO  server.RaftServerConfigKeys (ConfUtils.java:logGet(46)) - raft.server.log.segment.cache.size.max = 200MB (=209715200) (default)
2023-12-05 10:05:06,670 [15f79772-7a81-4af9-9760-e026e14d2a58-groupManagement] INFO  server.RaftServerConfigKeys (ConfUtils.java:logGet(46)) - raft.server.log.appender.buffer.byte-limit = 8388608 (custom)
2023-12-05 10:05:06,676 [15f79772-7a81-4af9-9760-e026e14d2a58-groupManagement] INFO  util.AwaitToRun (AwaitToRun.java:start(81)) - Thread[15f79772-7a81-4af9-9760-e026e14d2a58@group-8BAD58D8B109-cacheEviction-AwaitToRun,5,main] started
2023-12-05 10:05:06,676 [15f79772-7a81-4af9-9760-e026e14d2a58-groupManagement] INFO  segmented.SegmentedRaftLogWorker (SegmentedRaftLogWorker.java:<init>(184)) - new 15f79772-7a81-4af9-9760-e026e14d2a58@group-8BAD58D8B109-SegmentedRaftLogWorker for RaftStorageImpl:Storage Directory /home/runner/work/ozone/ozone/hadoop-ozone/integration-test/target/test-dir/MiniOzoneClusterImpl-15b925ce-33b9-4c4c-8faa-158337806406/datanode-1/data/ratis/909b14d4-b340-4815-8e8c-8bad58d8b109
2023-12-05 10:05:06,676 [15f79772-7a81-4af9-9760-e026e14d2a58-groupManagement] INFO  server.RaftServerConfigKeys (ConfUtils.java:logGet(46)) - raft.server.log.queue.byte-limit = 4294967296 (custom)
2023-12-05 10:05:06,676 [15f79772-7a81-4af9-9760-e026e14d2a58-groupManagement] INFO  server.RaftServerConfigKeys (ConfUtils.java:logGet(46)) - raft.server.log.queue.element-limit = 1024 (custom)
2023-12-05 10:05:06,676 [15f79772-7a81-4af9-9760-e026e14d2a58-groupManagement] INFO  server.RaftServerConfigKeys (ConfUtils.java:logGet(46)) - raft.server.log.segment.size.max = 67108864 (custom)
2023-12-05 10:05:06,676 [15f79772-7a81-4af9-9760-e026e14d2a58-groupManagement] INFO  server.RaftServerConfigKeys (ConfUtils.java:logGet(46)) - raft.server.log.preallocated.size = 4194304 (custom)
2023-12-05 10:05:06,676 [15f79772-7a81-4af9-9760-e026e14d2a58-groupManagement] INFO  server.RaftServerConfigKeys (ConfUtils.java:logGet(46)) - raft.server.log.force.sync.num = 128 (default)
2023-12-05 10:05:06,676 [15f79772-7a81-4af9-9760-e026e14d2a58-groupManagement] INFO  server.RaftServerConfigKeys (ConfUtils.java:logGet(46)) - raft.server.log.statemachine.data.sync = true (default)
2023-12-05 10:05:06,676 [15f79772-7a81-4af9-9760-e026e14d2a58-groupManagement] INFO  server.RaftServerConfigKeys (ConfUtils.java:logGet(46)) - raft.server.log.statemachine.data.sync.timeout = 10s (default)
2023-12-05 10:05:06,677 [15f79772-7a81-4af9-9760-e026e14d2a58-groupManagement] INFO  server.RaftServerConfigKeys (ConfUtils.java:logGet(46)) - raft.server.log.statemachine.data.sync.timeout.retry = 0 (custom)
2023-12-05 10:05:06,677 [15f79772-7a81-4af9-9760-e026e14d2a58-groupManagement] INFO  server.RaftServerConfigKeys (ConfUtils.java:logGet(46)) - raft.server.log.write.buffer.size = 8388616 (custom)
2023-12-05 10:05:06,679 [15f79772-7a81-4af9-9760-e026e14d2a58-groupManagement] INFO  server.RaftServerConfigKeys (ConfUtils.java:logGet(46)) - raft.server.log.appender.buffer.byte-limit = 8388608 (custom)
2023-12-05 10:05:06,679 [15f79772-7a81-4af9-9760-e026e14d2a58-groupManagement] INFO  server.RaftServerConfigKeys (ConfUtils.java:logGet(46)) - raft.server.log.unsafe-flush.enabled = false (default)
2023-12-05 10:05:06,679 [15f79772-7a81-4af9-9760-e026e14d2a58-groupManagement] INFO  server.RaftServerConfigKeys (ConfUtils.java:logGet(46)) - raft.server.log.async-flush.enabled = false (default)
2023-12-05 10:05:06,680 [15f79772-7a81-4af9-9760-e026e14d2a58-groupManagement] INFO  server.RaftServerConfigKeys (ConfUtils.java:logGet(46)) - raft.server.log.statemachine.data.caching.enabled = true (custom)
2023-12-05 10:05:06,680 [15f79772-7a81-4af9-9760-e026e14d2a58-groupManagement] INFO  segmented.SegmentedRaftLogWorker (SegmentedRaftLogWorker.java:lambda$new$0(135)) - 15f79772-7a81-4af9-9760-e026e14d2a58@group-8BAD58D8B109-SegmentedRaftLogWorker: flushIndex: setUnconditionally 0 -> -1
2023-12-05 10:05:06,680 [15f79772-7a81-4af9-9760-e026e14d2a58-groupManagement] INFO  segmented.SegmentedRaftLogWorker (SegmentedRaftLogWorker.java:lambda$new$0(135)) - 15f79772-7a81-4af9-9760-e026e14d2a58@group-8BAD58D8B109-SegmentedRaftLogWorker: safeCacheEvictIndex: setUnconditionally 0 -> -1
2023-12-05 10:05:06,681 [EventQueue-OpenPipelineForHealthyPipelineSafeModeRule] INFO  safemode.SCMSafeModeManager (HealthyPipelineSafeModeRule.java:process(137)) - SCM in safe mode. Healthy pipelines reported count is 0, required healthy pipeline reported count is 1
2023-12-05 10:05:06,682 [15f79772-7a81-4af9-9760-e026e14d2a58-groupManagement] INFO  server.RaftServer$Division (RaftServerImpl.java:start(392)) - 15f79772-7a81-4af9-9760-e026e14d2a58@group-8BAD58D8B109: start as a follower, conf=-1: peers:[15f79772-7a81-4af9-9760-e026e14d2a58|10.1.0.7:15093]|listeners:[], old=null
2023-12-05 10:05:06,682 [15f79772-7a81-4af9-9760-e026e14d2a58-groupManagement] INFO  server.RaftServer$Division (RaftServerImpl.java:setRole(379)) - 15f79772-7a81-4af9-9760-e026e14d2a58@group-8BAD58D8B109: changes role from      null to FOLLOWER at term 0 for startAsFollower
2023-12-05 10:05:06,682 [15f79772-7a81-4af9-9760-e026e14d2a58-groupManagement] INFO  impl.RoleInfo (RoleInfo.java:updateAndGet(139)) - 15f79772-7a81-4af9-9760-e026e14d2a58: start 15f79772-7a81-4af9-9760-e026e14d2a58@group-8BAD58D8B109-FollowerState
2023-12-05 10:05:06,682 [15f79772-7a81-4af9-9760-e026e14d2a58-groupManagement] INFO  util.JmxRegister (JmxRegister.java:tryRegister(44)) - Successfully registered JMX Bean with object name Ratis:service=RaftServer,group=group-8BAD58D8B109,id=15f79772-7a81-4af9-9760-e026e14d2a58
2023-12-05 10:05:06,682 [15f79772-7a81-4af9-9760-e026e14d2a58-groupManagement] INFO  server.RaftServerConfigKeys (ConfUtils.java:logGet(46)) - raft.server.snapshot.trigger-when-stop.enabled = true (default)
2023-12-05 10:05:06,682 [15f79772-7a81-4af9-9760-e026e14d2a58-groupManagement] INFO  server.RaftServerConfigKeys (ConfUtils.java:logGet(46)) - raft.server.snapshot.auto.trigger.enabled = true (custom)
2023-12-05 10:05:06,682 [15f79772-7a81-4af9-9760-e026e14d2a58-groupManagement] INFO  server.RaftServerConfigKeys (ConfUtils.java:logGet(46)) - raft.server.snapshot.auto.trigger.threshold = 10000 (custom)
2023-12-05 10:05:06,682 [15f79772-7a81-4af9-9760-e026e14d2a58-groupManagement] INFO  server.RaftServerConfigKeys (ConfUtils.java:logGet(46)) - raft.server.snapshot.retention.file.num = 5 (custom)
2023-12-05 10:05:06,682 [15f79772-7a81-4af9-9760-e026e14d2a58-groupManagement] INFO  server.RaftServerConfigKeys (ConfUtils.java:logGet(46)) - raft.server.log.purge.upto.snapshot.index = false (default)
2023-12-05 10:05:06,683 [15f79772-7a81-4af9-9760-e026e14d2a58@group-8BAD58D8B109-FollowerState] INFO  server.RaftServerConfigKeys (ConfUtils.java:logFallback(53)) - raft.server.rpc.first-election.timeout.min = 5s (fallback to raft.server.rpc.timeout.min)
2023-12-05 10:05:06,683 [15f79772-7a81-4af9-9760-e026e14d2a58@group-8BAD58D8B109-FollowerState] INFO  server.RaftServerConfigKeys (ConfUtils.java:logFallback(53)) - raft.server.rpc.first-election.timeout.max = 5200ms (fallback to raft.server.rpc.timeout.max)
2023-12-05 10:05:06,684 [15f79772-7a81-4af9-9760-e026e14d2a58-PipelineCommandHandlerThread-0] INFO  ratis.XceiverServerRatis (XceiverServerRatis.java:addGroup(837)) - Created group PipelineID=909b14d4-b340-4815-8e8c-8bad58d8b109
2023-12-05 10:05:06,684 [15f79772-7a81-4af9-9760-e026e14d2a58-PipelineCommandHandlerThread-0] INFO  commandhandler.CreatePipelineCommandHandler (CreatePipelineCommandHandler.java:lambda$handle$2(124)) - Created Pipeline RATIS ONE PipelineID=909b14d4-b340-4815-8e8c-8bad58d8b109.
2023-12-05 10:05:06,689 [grpc-default-executor-0] INFO  server.RaftServer (RaftServerProxy.java:addNew(100)) - 8e5cdb27-721d-4db2-bd49-e25625d330e0: addNew group-8B6FF6359640:[15f79772-7a81-4af9-9760-e026e14d2a58|10.1.0.7:15093, c5405651-ef25-48d2-8d28-ae0bccd2c7ed|10.1.0.7:15084, 8e5cdb27-721d-4db2-bd49-e25625d330e0|10.1.0.7:15102] returns group-8B6FF6359640:java.util.concurrent.CompletableFuture@4c6af198[Not completed]
2023-12-05 10:05:06,690 [8e5cdb27-721d-4db2-bd49-e25625d330e0-groupManagement] INFO  server.RaftServer$Division (RaftServerImpl.java:<init>(256)) - 8e5cdb27-721d-4db2-bd49-e25625d330e0: new RaftServerImpl for group-8B6FF6359640:[15f79772-7a81-4af9-9760-e026e14d2a58|10.1.0.7:15093, c5405651-ef25-48d2-8d28-ae0bccd2c7ed|10.1.0.7:15084, 8e5cdb27-721d-4db2-bd49-e25625d330e0|10.1.0.7:15102] with ContainerStateMachine:uninitialized
2023-12-05 10:05:06,690 [8e5cdb27-721d-4db2-bd49-e25625d330e0-groupManagement] INFO  server.RaftServerConfigKeys (ConfUtils.java:logGet(46)) - raft.server.rpc.timeout.min = 5s (custom)
2023-12-05 10:05:06,690 [8e5cdb27-721d-4db2-bd49-e25625d330e0-groupManagement] INFO  server.RaftServerConfigKeys (ConfUtils.java:logGet(46)) - raft.server.rpc.timeout.max = 5200ms (custom)
2023-12-05 10:05:06,690 [8e5cdb27-721d-4db2-bd49-e25625d330e0-groupManagement] INFO  server.RaftServerConfigKeys (ConfUtils.java:logGet(46)) - raft.server.rpc.sleep.time = 25ms (default)
2023-12-05 10:05:06,690 [8e5cdb27-721d-4db2-bd49-e25625d330e0-groupManagement] INFO  server.RaftServerConfigKeys (ConfUtils.java:logGet(46)) - raft.server.rpc.slowness.timeout = 300s (custom)
2023-12-05 10:05:06,690 [8e5cdb27-721d-4db2-bd49-e25625d330e0-groupManagement] INFO  server.RaftServerConfigKeys (ConfUtils.java:logGet(46)) - raft.server.leaderelection.leader.step-down.wait-time = 10s (default)
2023-12-05 10:05:06,690 [8e5cdb27-721d-4db2-bd49-e25625d330e0-groupManagement] INFO  server.RaftServerConfigKeys (ConfUtils.java:logGet(46)) - raft.server.leaderelection.member.majority-add = false (default)
2023-12-05 10:05:06,690 [8e5cdb27-721d-4db2-bd49-e25625d330e0-groupManagement] INFO  server.RaftServerConfigKeys (ConfUtils.java:logGet(46)) - raft.server.sleep.deviation.threshold = 300ms (default)
2023-12-05 10:05:06,690 [8e5cdb27-721d-4db2-bd49-e25625d330e0-groupManagement] INFO  server.RaftServer$Division (ServerState.java:<init>(113)) - 8e5cdb27-721d-4db2-bd49-e25625d330e0@group-8B6FF6359640: ConfigurationManager, init=-1: peers:[15f79772-7a81-4af9-9760-e026e14d2a58|10.1.0.7:15093, c5405651-ef25-48d2-8d28-ae0bccd2c7ed|10.1.0.7:15084, 8e5cdb27-721d-4db2-bd49-e25625d330e0|10.1.0.7:15102]|listeners:[], old=null, confs=<EMPTY_MAP>
2023-12-05 10:05:06,691 [8e5cdb27-721d-4db2-bd49-e25625d330e0-groupManagement] INFO  server.RaftServerConfigKeys (ConfUtils.java:logGet(46)) - raft.server.notification.no-leader.timeout = 300s (custom)
2023-12-05 10:05:06,691 [8e5cdb27-721d-4db2-bd49-e25625d330e0-groupManagement] INFO  server.RaftServerConfigKeys (ConfUtils.java:logGet(46)) - raft.server.read.timeout = 10s (default)
2023-12-05 10:05:06,691 [8e5cdb27-721d-4db2-bd49-e25625d330e0-groupManagement] INFO  server.RaftServerConfigKeys (ConfUtils.java:logGet(46)) - raft.server.retrycache.expirytime = 600000ms (custom)
2023-12-05 10:05:06,691 [8e5cdb27-721d-4db2-bd49-e25625d330e0-groupManagement] INFO  server.RaftServerConfigKeys (ConfUtils.java:logGet(46)) - raft.server.retrycache.statistics.expirytime = 100ms (default)
2023-12-05 10:05:06,691 [8e5cdb27-721d-4db2-bd49-e25625d330e0-groupManagement] INFO  server.RaftServerConfigKeys (ConfUtils.java:logGet(46)) - raft.server.read.option = DEFAULT (default)
2023-12-05 10:05:06,691 [8e5cdb27-721d-4db2-bd49-e25625d330e0-groupManagement] INFO  server.RaftServerConfigKeys (ConfUtils.java:logGet(46)) - raft.server.read.read-after-write-consistent.write-index-cache.expiry-time = 60s (default)
2023-12-05 10:05:06,692 [8e5cdb27-721d-4db2-bd49-e25625d330e0-groupManagement] INFO  server.RaftServerConfigKeys (ConfUtils.java:logGet(46)) - raft.server.rpc.request.timeout = 60s (custom)
2023-12-05 10:05:06,692 [8e5cdb27-721d-4db2-bd49-e25625d330e0-groupManagement] INFO  server.RaftServerConfigKeys (ConfUtils.java:logGet(46)) - raft.server.log.appender.install.snapshot.enabled = false (custom)
2023-12-05 10:05:06,692 [8e5cdb27-721d-4db2-bd49-e25625d330e0-groupManagement] INFO  server.RaftServerConfigKeys (ConfUtils.java:logGet(46)) - raft.server.threadpool.server.cached = true (default)
2023-12-05 10:05:06,692 [8e5cdb27-721d-4db2-bd49-e25625d330e0-groupManagement] INFO  server.RaftServerConfigKeys (ConfUtils.java:logGet(46)) - raft.server.threadpool.server.size = 0 (default)
2023-12-05 10:05:06,692 [8e5cdb27-721d-4db2-bd49-e25625d330e0-groupManagement] INFO  server.RaftServerConfigKeys (ConfUtils.java:logGet(46)) - raft.server.threadpool.client.cached = true (default)
2023-12-05 10:05:06,693 [8e5cdb27-721d-4db2-bd49-e25625d330e0-groupManagement] INFO  server.RaftServerConfigKeys (ConfUtils.java:logGet(46)) - raft.server.threadpool.client.size = 0 (default)
2023-12-05 10:05:06,693 [8e5cdb27-721d-4db2-bd49-e25625d330e0-groupManagement] INFO  server.RaftServerConfigKeys (ConfUtils.java:logGet(46)) - raft.server.storage.free-space.min = 0MB (=0) (default)
2023-12-05 10:05:06,693 [8e5cdb27-721d-4db2-bd49-e25625d330e0-groupManagement] INFO  server.RaftServerConfigKeys (ConfUtils.java:logGet(46)) - raft.server.log.corruption.policy = EXCEPTION (default)
2023-12-05 10:05:06,693 [8e5cdb27-721d-4db2-bd49-e25625d330e0-groupManagement] INFO  server.RaftServerConfigKeys (ConfUtils.java:logGet(46)) - raft.server.storage.dir = [/home/runner/work/ozone/ozone/hadoop-ozone/integration-test/target/test-dir/MiniOzoneClusterImpl-15b925ce-33b9-4c4c-8faa-158337806406/datanode-2/data/ratis] (custom)
2023-12-05 10:05:06,693 [8e5cdb27-721d-4db2-bd49-e25625d330e0-groupManagement] INFO  storage.RaftStorageDirectory (RaftStorageDirectoryImpl.java:analyzeStorage(138)) - The storage directory /home/runner/work/ozone/ozone/hadoop-ozone/integration-test/target/test-dir/MiniOzoneClusterImpl-15b925ce-33b9-4c4c-8faa-158337806406/datanode-2/data/ratis/0ad2a37e-5979-4ea2-8ca1-8b6ff6359640 does not exist. Creating ...
2023-12-05 10:05:06,694 [8e5cdb27-721d-4db2-bd49-e25625d330e0-groupManagement] INFO  storage.RaftStorageDirectory (RaftStorageDirectoryImpl.java:tryLock(232)) - Lock on /home/runner/work/ozone/ozone/hadoop-ozone/integration-test/target/test-dir/MiniOzoneClusterImpl-15b925ce-33b9-4c4c-8faa-158337806406/datanode-2/data/ratis/0ad2a37e-5979-4ea2-8ca1-8b6ff6359640/in_use.lock acquired by nodename 4813@fv-az884-53
2023-12-05 10:05:06,695 [8e5cdb27-721d-4db2-bd49-e25625d330e0-groupManagement] INFO  storage.RaftStorage (RaftStorageImpl.java:format(97)) - Storage directory /home/runner/work/ozone/ozone/hadoop-ozone/integration-test/target/test-dir/MiniOzoneClusterImpl-15b925ce-33b9-4c4c-8faa-158337806406/datanode-2/data/ratis/0ad2a37e-5979-4ea2-8ca1-8b6ff6359640 has been successfully formatted.
2023-12-05 10:05:06,695 [8e5cdb27-721d-4db2-bd49-e25625d330e0-groupManagement] INFO  ratis.ContainerStateMachine (ContainerStateMachine.java:loadSnapshot(269)) - group-8B6FF6359640: The snapshot info is null. Setting the last applied indexto:(t:0, i:~)
2023-12-05 10:05:06,695 [8e5cdb27-721d-4db2-bd49-e25625d330e0-groupManagement] INFO  server.RaftServerConfigKeys (ConfUtils.java:logGet(46)) - raft.server.log.use.memory = false (default)
2023-12-05 10:05:06,696 [8e5cdb27-721d-4db2-bd49-e25625d330e0-groupManagement] INFO  server.RaftServerConfigKeys (ConfUtils.java:logGet(46)) - raft.server.log.purge.gap = 1000000 (custom)
2023-12-05 10:05:06,696 [8e5cdb27-721d-4db2-bd49-e25625d330e0-groupManagement] INFO  server.RaftServerConfigKeys (ConfUtils.java:logGet(46)) - raft.server.log.appender.buffer.byte-limit = 8388608 (custom)
2023-12-05 10:05:06,696 [8e5cdb27-721d-4db2-bd49-e25625d330e0-groupManagement] INFO  server.RaftServerConfigKeys (ConfUtils.java:logGet(46)) - raft.server.log.statemachine.data.read.timeout = 1000ms (default)
2023-12-05 10:05:06,696 [8e5cdb27-721d-4db2-bd49-e25625d330e0-groupManagement] INFO  server.RaftServerConfigKeys (ConfUtils.java:logGet(46)) - raft.server.log.purge.preservation.log.num = 0 (default)
2023-12-05 10:05:06,697 [8e5cdb27-721d-4db2-bd49-e25625d330e0-groupManagement] INFO  server.RaftServerConfigKeys (ConfUtils.java:logGet(46)) - raft.server.log.segment.size.max = 67108864 (custom)
2023-12-05 10:05:06,697 [8e5cdb27-721d-4db2-bd49-e25625d330e0-groupManagement] INFO  server.RaftServerConfigKeys (ConfUtils.java:logGet(46)) - raft.server.log.segment.cache.num.max = 2 (custom)
2023-12-05 10:05:06,697 [8e5cdb27-721d-4db2-bd49-e25625d330e0-groupManagement] INFO  server.RaftServerConfigKeys (ConfUtils.java:logGet(46)) - raft.server.log.segment.cache.size.max = 200MB (=209715200) (default)
2023-12-05 10:05:06,697 [8e5cdb27-721d-4db2-bd49-e25625d330e0-groupManagement] INFO  server.RaftServerConfigKeys (ConfUtils.java:logGet(46)) - raft.server.log.appender.buffer.byte-limit = 8388608 (custom)
2023-12-05 10:05:06,697 [8e5cdb27-721d-4db2-bd49-e25625d330e0-groupManagement] INFO  util.AwaitToRun (AwaitToRun.java:start(81)) - Thread[8e5cdb27-721d-4db2-bd49-e25625d330e0@group-8B6FF6359640-cacheEviction-AwaitToRun,5,main] started
2023-12-05 10:05:06,697 [8e5cdb27-721d-4db2-bd49-e25625d330e0-groupManagement] INFO  segmented.SegmentedRaftLogWorker (SegmentedRaftLogWorker.java:<init>(184)) - new 8e5cdb27-721d-4db2-bd49-e25625d330e0@group-8B6FF6359640-SegmentedRaftLogWorker for RaftStorageImpl:Storage Directory /home/runner/work/ozone/ozone/hadoop-ozone/integration-test/target/test-dir/MiniOzoneClusterImpl-15b925ce-33b9-4c4c-8faa-158337806406/datanode-2/data/ratis/0ad2a37e-5979-4ea2-8ca1-8b6ff6359640
2023-12-05 10:05:06,697 [8e5cdb27-721d-4db2-bd49-e25625d330e0-groupManagement] INFO  server.RaftServerConfigKeys (ConfUtils.java:logGet(46)) - raft.server.log.queue.byte-limit = 4294967296 (custom)
2023-12-05 10:05:06,698 [8e5cdb27-721d-4db2-bd49-e25625d330e0-groupManagement] INFO  server.RaftServerConfigKeys (ConfUtils.java:logGet(46)) - raft.server.log.queue.element-limit = 1024 (custom)
2023-12-05 10:05:06,698 [8e5cdb27-721d-4db2-bd49-e25625d330e0-groupManagement] INFO  server.RaftServerConfigKeys (ConfUtils.java:logGet(46)) - raft.server.log.segment.size.max = 67108864 (custom)
2023-12-05 10:05:06,698 [8e5cdb27-721d-4db2-bd49-e25625d330e0-groupManagement] INFO  server.RaftServerConfigKeys (ConfUtils.java:logGet(46)) - raft.server.log.preallocated.size = 4194304 (custom)
2023-12-05 10:05:06,698 [8e5cdb27-721d-4db2-bd49-e25625d330e0-groupManagement] INFO  server.RaftServerConfigKeys (ConfUtils.java:logGet(46)) - raft.server.log.force.sync.num = 128 (default)
2023-12-05 10:05:06,698 [8e5cdb27-721d-4db2-bd49-e25625d330e0-groupManagement] INFO  server.RaftServerConfigKeys (ConfUtils.java:logGet(46)) - raft.server.log.statemachine.data.sync = true (default)
2023-12-05 10:05:06,698 [8e5cdb27-721d-4db2-bd49-e25625d330e0-groupManagement] INFO  server.RaftServerConfigKeys (ConfUtils.java:logGet(46)) - raft.server.log.statemachine.data.sync.timeout = 10s (default)
2023-12-05 10:05:06,698 [8e5cdb27-721d-4db2-bd49-e25625d330e0-groupManagement] INFO  server.RaftServerConfigKeys (ConfUtils.java:logGet(46)) - raft.server.log.statemachine.data.sync.timeout.retry = 0 (custom)
2023-12-05 10:05:06,698 [8e5cdb27-721d-4db2-bd49-e25625d330e0-groupManagement] INFO  server.RaftServerConfigKeys (ConfUtils.java:logGet(46)) - raft.server.log.write.buffer.size = 8388616 (custom)
2023-12-05 10:05:06,700 [8e5cdb27-721d-4db2-bd49-e25625d330e0-groupManagement] INFO  server.RaftServerConfigKeys (ConfUtils.java:logGet(46)) - raft.server.log.appender.buffer.byte-limit = 8388608 (custom)
2023-12-05 10:05:06,701 [8e5cdb27-721d-4db2-bd49-e25625d330e0-groupManagement] INFO  server.RaftServerConfigKeys (ConfUtils.java:logGet(46)) - raft.server.log.unsafe-flush.enabled = false (default)
2023-12-05 10:05:06,701 [8e5cdb27-721d-4db2-bd49-e25625d330e0-groupManagement] INFO  server.RaftServerConfigKeys (ConfUtils.java:logGet(46)) - raft.server.log.async-flush.enabled = false (default)
2023-12-05 10:05:06,701 [8e5cdb27-721d-4db2-bd49-e25625d330e0-groupManagement] INFO  server.RaftServerConfigKeys (ConfUtils.java:logGet(46)) - raft.server.log.statemachine.data.caching.enabled = true (custom)
2023-12-05 10:05:06,701 [8e5cdb27-721d-4db2-bd49-e25625d330e0-groupManagement] INFO  segmented.SegmentedRaftLogWorker (SegmentedRaftLogWorker.java:lambda$new$0(135)) - 8e5cdb27-721d-4db2-bd49-e25625d330e0@group-8B6FF6359640-SegmentedRaftLogWorker: flushIndex: setUnconditionally 0 -> -1
2023-12-05 10:05:06,701 [8e5cdb27-721d-4db2-bd49-e25625d330e0-groupManagement] INFO  segmented.SegmentedRaftLogWorker (SegmentedRaftLogWorker.java:lambda$new$0(135)) - 8e5cdb27-721d-4db2-bd49-e25625d330e0@group-8B6FF6359640-SegmentedRaftLogWorker: safeCacheEvictIndex: setUnconditionally 0 -> -1
2023-12-05 10:05:06,704 [8e5cdb27-721d-4db2-bd49-e25625d330e0-groupManagement] INFO  server.RaftServer$Division (RaftServerImpl.java:start(392)) - 8e5cdb27-721d-4db2-bd49-e25625d330e0@group-8B6FF6359640: start as a follower, conf=-1: peers:[15f79772-7a81-4af9-9760-e026e14d2a58|10.1.0.7:15093, c5405651-ef25-48d2-8d28-ae0bccd2c7ed|10.1.0.7:15084, 8e5cdb27-721d-4db2-bd49-e25625d330e0|10.1.0.7:15102]|listeners:[], old=null
2023-12-05 10:05:06,704 [8e5cdb27-721d-4db2-bd49-e25625d330e0-groupManagement] INFO  server.RaftServer$Division (RaftServerImpl.java:setRole(379)) - 8e5cdb27-721d-4db2-bd49-e25625d330e0@group-8B6FF6359640: changes role from      null to FOLLOWER at term 0 for startAsFollower
2023-12-05 10:05:06,704 [8e5cdb27-721d-4db2-bd49-e25625d330e0-groupManagement] INFO  impl.RoleInfo (RoleInfo.java:updateAndGet(139)) - 8e5cdb27-721d-4db2-bd49-e25625d330e0: start 8e5cdb27-721d-4db2-bd49-e25625d330e0@group-8B6FF6359640-FollowerState
2023-12-05 10:05:06,706 [8e5cdb27-721d-4db2-bd49-e25625d330e0@group-8B6FF6359640-FollowerState] INFO  server.RaftServerConfigKeys (ConfUtils.java:logFallback(53)) - raft.server.rpc.first-election.timeout.min = 5s (fallback to raft.server.rpc.timeout.min)
2023-12-05 10:05:06,706 [8e5cdb27-721d-4db2-bd49-e25625d330e0@group-8B6FF6359640-FollowerState] INFO  server.RaftServerConfigKeys (ConfUtils.java:logFallback(53)) - raft.server.rpc.first-election.timeout.max = 5200ms (fallback to raft.server.rpc.timeout.max)
2023-12-05 10:05:06,709 [8e5cdb27-721d-4db2-bd49-e25625d330e0-groupManagement] INFO  util.JmxRegister (JmxRegister.java:tryRegister(44)) - Successfully registered JMX Bean with object name Ratis:service=RaftServer,group=group-8B6FF6359640,id=8e5cdb27-721d-4db2-bd49-e25625d330e0
2023-12-05 10:05:06,709 [8e5cdb27-721d-4db2-bd49-e25625d330e0-groupManagement] INFO  server.RaftServerConfigKeys (ConfUtils.java:logGet(46)) - raft.server.snapshot.trigger-when-stop.enabled = true (default)
2023-12-05 10:05:06,709 [8e5cdb27-721d-4db2-bd49-e25625d330e0-groupManagement] INFO  server.RaftServerConfigKeys (ConfUtils.java:logGet(46)) - raft.server.snapshot.auto.trigger.enabled = true (custom)
2023-12-05 10:05:06,709 [8e5cdb27-721d-4db2-bd49-e25625d330e0-groupManagement] INFO  server.RaftServerConfigKeys (ConfUtils.java:logGet(46)) - raft.server.snapshot.auto.trigger.threshold = 10000 (custom)
2023-12-05 10:05:06,709 [8e5cdb27-721d-4db2-bd49-e25625d330e0-groupManagement] INFO  server.RaftServerConfigKeys (ConfUtils.java:logGet(46)) - raft.server.snapshot.retention.file.num = 5 (custom)
2023-12-05 10:05:06,709 [main] INFO  ozone.MiniOzoneClusterImpl (MiniOzoneClusterImpl.java:lambda$waitForClusterToBeReady$0(229)) - Nodes are ready. Got 3 of 3 DN Heartbeats.
2023-12-05 10:05:06,709 [main] INFO  ozone.MiniOzoneClusterImpl (MiniOzoneClusterImpl.java:lambda$waitForClusterToBeReady$0(232)) - Waiting for cluster to exit safe mode
2023-12-05 10:05:06,709 [main] INFO  ozone.MiniOzoneClusterImpl (MiniOzoneClusterImpl.java:lambda$waitForClusterToBeReady$0(234)) - SCM became leader
2023-12-05 10:05:06,709 [8e5cdb27-721d-4db2-bd49-e25625d330e0-groupManagement] INFO  server.RaftServerConfigKeys (ConfUtils.java:logGet(46)) - raft.server.log.purge.upto.snapshot.index = false (default)
2023-12-05 10:05:06,710 [8e5cdb27-721d-4db2-bd49-e25625d330e0-PipelineCommandHandlerThread-0] INFO  server.RaftServer (RaftServerProxy.java:addNew(100)) - 8e5cdb27-721d-4db2-bd49-e25625d330e0: addNew group-3949D8574368:[8e5cdb27-721d-4db2-bd49-e25625d330e0|10.1.0.7:15102] returns group-3949D8574368:java.util.concurrent.CompletableFuture@271ba5cd[Not completed]
2023-12-05 10:05:06,712 [8e5cdb27-721d-4db2-bd49-e25625d330e0-groupManagement] INFO  server.RaftServer$Division (RaftServerImpl.java:<init>(256)) - 8e5cdb27-721d-4db2-bd49-e25625d330e0: new RaftServerImpl for group-3949D8574368:[8e5cdb27-721d-4db2-bd49-e25625d330e0|10.1.0.7:15102] with ContainerStateMachine:uninitialized
2023-12-05 10:05:06,713 [8e5cdb27-721d-4db2-bd49-e25625d330e0-groupManagement] INFO  server.RaftServerConfigKeys (ConfUtils.java:logGet(46)) - raft.server.rpc.timeout.min = 5s (custom)
2023-12-05 10:05:06,713 [8e5cdb27-721d-4db2-bd49-e25625d330e0-groupManagement] INFO  server.RaftServerConfigKeys (ConfUtils.java:logGet(46)) - raft.server.rpc.timeout.max = 5200ms (custom)
2023-12-05 10:05:06,713 [8e5cdb27-721d-4db2-bd49-e25625d330e0-groupManagement] INFO  server.RaftServerConfigKeys (ConfUtils.java:logGet(46)) - raft.server.rpc.sleep.time = 25ms (default)
2023-12-05 10:05:06,713 [8e5cdb27-721d-4db2-bd49-e25625d330e0-groupManagement] INFO  server.RaftServerConfigKeys (ConfUtils.java:logGet(46)) - raft.server.rpc.slowness.timeout = 300s (custom)
2023-12-05 10:05:06,713 [8e5cdb27-721d-4db2-bd49-e25625d330e0-groupManagement] INFO  server.RaftServerConfigKeys (ConfUtils.java:logGet(46)) - raft.server.leaderelection.leader.step-down.wait-time = 10s (default)
2023-12-05 10:05:06,713 [8e5cdb27-721d-4db2-bd49-e25625d330e0-groupManagement] INFO  server.RaftServerConfigKeys (ConfUtils.java:logGet(46)) - raft.server.leaderelection.member.majority-add = false (default)
2023-12-05 10:05:06,713 [8e5cdb27-721d-4db2-bd49-e25625d330e0-groupManagement] INFO  server.RaftServerConfigKeys (ConfUtils.java:logGet(46)) - raft.server.sleep.deviation.threshold = 300ms (default)
2023-12-05 10:05:06,713 [8e5cdb27-721d-4db2-bd49-e25625d330e0-groupManagement] INFO  server.RaftServer$Division (ServerState.java:<init>(113)) - 8e5cdb27-721d-4db2-bd49-e25625d330e0@group-3949D8574368: ConfigurationManager, init=-1: peers:[8e5cdb27-721d-4db2-bd49-e25625d330e0|10.1.0.7:15102]|listeners:[], old=null, confs=<EMPTY_MAP>
2023-12-05 10:05:06,713 [8e5cdb27-721d-4db2-bd49-e25625d330e0-groupManagement] INFO  server.RaftServerConfigKeys (ConfUtils.java:logGet(46)) - raft.server.notification.no-leader.timeout = 300s (custom)
2023-12-05 10:05:06,713 [8e5cdb27-721d-4db2-bd49-e25625d330e0-groupManagement] INFO  server.RaftServerConfigKeys (ConfUtils.java:logGet(46)) - raft.server.read.timeout = 10s (default)
2023-12-05 10:05:06,714 [8e5cdb27-721d-4db2-bd49-e25625d330e0-groupManagement] INFO  server.RaftServerConfigKeys (ConfUtils.java:logGet(46)) - raft.server.retrycache.expirytime = 600000ms (custom)
2023-12-05 10:05:06,714 [8e5cdb27-721d-4db2-bd49-e25625d330e0-groupManagement] INFO  server.RaftServerConfigKeys (ConfUtils.java:logGet(46)) - raft.server.retrycache.statistics.expirytime = 100ms (default)
2023-12-05 10:05:06,714 [8e5cdb27-721d-4db2-bd49-e25625d330e0-groupManagement] INFO  server.RaftServerConfigKeys (ConfUtils.java:logGet(46)) - raft.server.read.option = DEFAULT (default)
2023-12-05 10:05:06,714 [8e5cdb27-721d-4db2-bd49-e25625d330e0-groupManagement] INFO  server.RaftServerConfigKeys (ConfUtils.java:logGet(46)) - raft.server.read.read-after-write-consistent.write-index-cache.expiry-time = 60s (default)
2023-12-05 10:05:06,715 [8e5cdb27-721d-4db2-bd49-e25625d330e0-groupManagement] INFO  server.RaftServerConfigKeys (ConfUtils.java:logGet(46)) - raft.server.rpc.request.timeout = 60s (custom)
2023-12-05 10:05:06,715 [8e5cdb27-721d-4db2-bd49-e25625d330e0-groupManagement] INFO  server.RaftServerConfigKeys (ConfUtils.java:logGet(46)) - raft.server.log.appender.install.snapshot.enabled = false (custom)
2023-12-05 10:05:06,715 [8e5cdb27-721d-4db2-bd49-e25625d330e0-groupManagement] INFO  server.RaftServerConfigKeys (ConfUtils.java:logGet(46)) - raft.server.threadpool.server.cached = true (default)
2023-12-05 10:05:06,715 [8e5cdb27-721d-4db2-bd49-e25625d330e0-groupManagement] INFO  server.RaftServerConfigKeys (ConfUtils.java:logGet(46)) - raft.server.threadpool.server.size = 0 (default)
2023-12-05 10:05:06,715 [8e5cdb27-721d-4db2-bd49-e25625d330e0-groupManagement] INFO  server.RaftServerConfigKeys (ConfUtils.java:logGet(46)) - raft.server.threadpool.client.cached = true (default)
2023-12-05 10:05:06,715 [8e5cdb27-721d-4db2-bd49-e25625d330e0-groupManagement] INFO  server.RaftServerConfigKeys (ConfUtils.java:logGet(46)) - raft.server.threadpool.client.size = 0 (default)
2023-12-05 10:05:06,715 [8e5cdb27-721d-4db2-bd49-e25625d330e0-groupManagement] INFO  server.RaftServerConfigKeys (ConfUtils.java:logGet(46)) - raft.server.storage.free-space.min = 0MB (=0) (default)
2023-12-05 10:05:06,715 [8e5cdb27-721d-4db2-bd49-e25625d330e0-groupManagement] INFO  server.RaftServerConfigKeys (ConfUtils.java:logGet(46)) - raft.server.log.corruption.policy = EXCEPTION (default)
2023-12-05 10:05:06,715 [8e5cdb27-721d-4db2-bd49-e25625d330e0-groupManagement] INFO  server.RaftServerConfigKeys (ConfUtils.java:logGet(46)) - raft.server.storage.dir = [/home/runner/work/ozone/ozone/hadoop-ozone/integration-test/target/test-dir/MiniOzoneClusterImpl-15b925ce-33b9-4c4c-8faa-158337806406/datanode-2/data/ratis] (custom)
2023-12-05 10:05:06,715 [8e5cdb27-721d-4db2-bd49-e25625d330e0-groupManagement] INFO  storage.RaftStorageDirectory (RaftStorageDirectoryImpl.java:analyzeStorage(138)) - The storage directory /home/runner/work/ozone/ozone/hadoop-ozone/integration-test/target/test-dir/MiniOzoneClusterImpl-15b925ce-33b9-4c4c-8faa-158337806406/datanode-2/data/ratis/8bc0787e-27c1-4be4-abec-3949d8574368 does not exist. Creating ...
2023-12-05 10:05:06,720 [8e5cdb27-721d-4db2-bd49-e25625d330e0-groupManagement] INFO  storage.RaftStorageDirectory (RaftStorageDirectoryImpl.java:tryLock(232)) - Lock on /home/runner/work/ozone/ozone/hadoop-ozone/integration-test/target/test-dir/MiniOzoneClusterImpl-15b925ce-33b9-4c4c-8faa-158337806406/datanode-2/data/ratis/8bc0787e-27c1-4be4-abec-3949d8574368/in_use.lock acquired by nodename 4813@fv-az884-53
2023-12-05 10:05:06,720 [c5405651-ef25-48d2-8d28-ae0bccd2c7ed-PipelineCommandHandlerThread-0] INFO  commandhandler.CreatePipelineCommandHandler (CreatePipelineCommandHandler.java:lambda$handle$2(124)) - Created Pipeline RATIS THREE PipelineID=0ad2a37e-5979-4ea2-8ca1-8b6ff6359640.
2023-12-05 10:05:06,721 [8e5cdb27-721d-4db2-bd49-e25625d330e0-groupManagement] INFO  storage.RaftStorage (RaftStorageImpl.java:format(97)) - Storage directory /home/runner/work/ozone/ozone/hadoop-ozone/integration-test/target/test-dir/MiniOzoneClusterImpl-15b925ce-33b9-4c4c-8faa-158337806406/datanode-2/data/ratis/8bc0787e-27c1-4be4-abec-3949d8574368 has been successfully formatted.
2023-12-05 10:05:06,721 [8e5cdb27-721d-4db2-bd49-e25625d330e0-groupManagement] INFO  ratis.ContainerStateMachine (ContainerStateMachine.java:loadSnapshot(269)) - group-3949D8574368: The snapshot info is null. Setting the last applied indexto:(t:0, i:~)
2023-12-05 10:05:06,721 [8e5cdb27-721d-4db2-bd49-e25625d330e0-groupManagement] INFO  server.RaftServerConfigKeys (ConfUtils.java:logGet(46)) - raft.server.log.use.memory = false (default)
2023-12-05 10:05:06,721 [8e5cdb27-721d-4db2-bd49-e25625d330e0-groupManagement] INFO  server.RaftServerConfigKeys (ConfUtils.java:logGet(46)) - raft.server.log.purge.gap = 1000000 (custom)
2023-12-05 10:05:06,721 [8e5cdb27-721d-4db2-bd49-e25625d330e0-groupManagement] INFO  server.RaftServerConfigKeys (ConfUtils.java:logGet(46)) - raft.server.log.appender.buffer.byte-limit = 8388608 (custom)
2023-12-05 10:05:06,721 [8e5cdb27-721d-4db2-bd49-e25625d330e0-groupManagement] INFO  server.RaftServerConfigKeys (ConfUtils.java:logGet(46)) - raft.server.log.statemachine.data.read.timeout = 1000ms (default)
2023-12-05 10:05:06,721 [8e5cdb27-721d-4db2-bd49-e25625d330e0-groupManagement] INFO  server.RaftServerConfigKeys (ConfUtils.java:logGet(46)) - raft.server.log.purge.preservation.log.num = 0 (default)
2023-12-05 10:05:06,722 [8e5cdb27-721d-4db2-bd49-e25625d330e0-groupManagement] INFO  server.RaftServerConfigKeys (ConfUtils.java:logGet(46)) - raft.server.log.segment.size.max = 67108864 (custom)
2023-12-05 10:05:06,722 [8e5cdb27-721d-4db2-bd49-e25625d330e0-groupManagement] INFO  server.RaftServerConfigKeys (ConfUtils.java:logGet(46)) - raft.server.log.segment.cache.num.max = 2 (custom)
2023-12-05 10:05:06,722 [8e5cdb27-721d-4db2-bd49-e25625d330e0-groupManagement] INFO  server.RaftServerConfigKeys (ConfUtils.java:logGet(46)) - raft.server.log.segment.cache.size.max = 200MB (=209715200) (default)
2023-12-05 10:05:06,722 [8e5cdb27-721d-4db2-bd49-e25625d330e0-groupManagement] INFO  server.RaftServerConfigKeys (ConfUtils.java:logGet(46)) - raft.server.log.appender.buffer.byte-limit = 8388608 (custom)
2023-12-05 10:05:06,724 [8e5cdb27-721d-4db2-bd49-e25625d330e0-groupManagement] INFO  util.AwaitToRun (AwaitToRun.java:start(81)) - Thread[8e5cdb27-721d-4db2-bd49-e25625d330e0@group-3949D8574368-cacheEviction-AwaitToRun,5,main] started
2023-12-05 10:05:06,724 [8e5cdb27-721d-4db2-bd49-e25625d330e0-groupManagement] INFO  segmented.SegmentedRaftLogWorker (SegmentedRaftLogWorker.java:<init>(184)) - new 8e5cdb27-721d-4db2-bd49-e25625d330e0@group-3949D8574368-SegmentedRaftLogWorker for RaftStorageImpl:Storage Directory /home/runner/work/ozone/ozone/hadoop-ozone/integration-test/target/test-dir/MiniOzoneClusterImpl-15b925ce-33b9-4c4c-8faa-158337806406/datanode-2/data/ratis/8bc0787e-27c1-4be4-abec-3949d8574368
2023-12-05 10:05:06,724 [8e5cdb27-721d-4db2-bd49-e25625d330e0-groupManagement] INFO  server.RaftServerConfigKeys (ConfUtils.java:logGet(46)) - raft.server.log.queue.byte-limit = 4294967296 (custom)
2023-12-05 10:05:06,724 [8e5cdb27-721d-4db2-bd49-e25625d330e0-groupManagement] INFO  server.RaftServerConfigKeys (ConfUtils.java:logGet(46)) - raft.server.log.queue.element-limit = 1024 (custom)
2023-12-05 10:05:06,724 [8e5cdb27-721d-4db2-bd49-e25625d330e0-groupManagement] INFO  server.RaftServerConfigKeys (ConfUtils.java:logGet(46)) - raft.server.log.segment.size.max = 67108864 (custom)
2023-12-05 10:05:06,724 [8e5cdb27-721d-4db2-bd49-e25625d330e0-groupManagement] INFO  server.RaftServerConfigKeys (ConfUtils.java:logGet(46)) - raft.server.log.preallocated.size = 4194304 (custom)
2023-12-05 10:05:06,724 [8e5cdb27-721d-4db2-bd49-e25625d330e0-groupManagement] INFO  server.RaftServerConfigKeys (ConfUtils.java:logGet(46)) - raft.server.log.force.sync.num = 128 (default)
2023-12-05 10:05:06,724 [8e5cdb27-721d-4db2-bd49-e25625d330e0-groupManagement] INFO  server.RaftServerConfigKeys (ConfUtils.java:logGet(46)) - raft.server.log.statemachine.data.sync = true (default)
2023-12-05 10:05:06,724 [8e5cdb27-721d-4db2-bd49-e25625d330e0-groupManagement] INFO  server.RaftServerConfigKeys (ConfUtils.java:logGet(46)) - raft.server.log.statemachine.data.sync.timeout = 10s (default)
2023-12-05 10:05:06,724 [8e5cdb27-721d-4db2-bd49-e25625d330e0-groupManagement] INFO  server.RaftServerConfigKeys (ConfUtils.java:logGet(46)) - raft.server.log.statemachine.data.sync.timeout.retry = 0 (custom)
2023-12-05 10:05:06,724 [8e5cdb27-721d-4db2-bd49-e25625d330e0-groupManagement] INFO  server.RaftServerConfigKeys (ConfUtils.java:logGet(46)) - raft.server.log.write.buffer.size = 8388616 (custom)
2023-12-05 10:05:06,726 [8e5cdb27-721d-4db2-bd49-e25625d330e0-groupManagement] INFO  server.RaftServerConfigKeys (ConfUtils.java:logGet(46)) - raft.server.log.appender.buffer.byte-limit = 8388608 (custom)
2023-12-05 10:05:06,726 [8e5cdb27-721d-4db2-bd49-e25625d330e0-groupManagement] INFO  server.RaftServerConfigKeys (ConfUtils.java:logGet(46)) - raft.server.log.unsafe-flush.enabled = false (default)
2023-12-05 10:05:06,726 [8e5cdb27-721d-4db2-bd49-e25625d330e0-groupManagement] INFO  server.RaftServerConfigKeys (ConfUtils.java:logGet(46)) - raft.server.log.async-flush.enabled = false (default)
2023-12-05 10:05:06,726 [8e5cdb27-721d-4db2-bd49-e25625d330e0-groupManagement] INFO  server.RaftServerConfigKeys (ConfUtils.java:logGet(46)) - raft.server.log.statemachine.data.caching.enabled = true (custom)
2023-12-05 10:05:06,726 [8e5cdb27-721d-4db2-bd49-e25625d330e0-groupManagement] INFO  segmented.SegmentedRaftLogWorker (SegmentedRaftLogWorker.java:lambda$new$0(135)) - 8e5cdb27-721d-4db2-bd49-e25625d330e0@group-3949D8574368-SegmentedRaftLogWorker: flushIndex: setUnconditionally 0 -> -1
2023-12-05 10:05:06,726 [8e5cdb27-721d-4db2-bd49-e25625d330e0-groupManagement] INFO  segmented.SegmentedRaftLogWorker (SegmentedRaftLogWorker.java:lambda$new$0(135)) - 8e5cdb27-721d-4db2-bd49-e25625d330e0@group-3949D8574368-SegmentedRaftLogWorker: safeCacheEvictIndex: setUnconditionally 0 -> -1
2023-12-05 10:05:06,730 [8e5cdb27-721d-4db2-bd49-e25625d330e0-groupManagement] INFO  server.RaftServer$Division (RaftServerImpl.java:start(392)) - 8e5cdb27-721d-4db2-bd49-e25625d330e0@group-3949D8574368: start as a follower, conf=-1: peers:[8e5cdb27-721d-4db2-bd49-e25625d330e0|10.1.0.7:15102]|listeners:[], old=null
2023-12-05 10:05:06,730 [8e5cdb27-721d-4db2-bd49-e25625d330e0-groupManagement] INFO  server.RaftServer$Division (RaftServerImpl.java:setRole(379)) - 8e5cdb27-721d-4db2-bd49-e25625d330e0@group-3949D8574368: changes role from      null to FOLLOWER at term 0 for startAsFollower
2023-12-05 10:05:06,730 [8e5cdb27-721d-4db2-bd49-e25625d330e0-groupManagement] INFO  impl.RoleInfo (RoleInfo.java:updateAndGet(139)) - 8e5cdb27-721d-4db2-bd49-e25625d330e0: start 8e5cdb27-721d-4db2-bd49-e25625d330e0@group-3949D8574368-FollowerState
2023-12-05 10:05:06,731 [8e5cdb27-721d-4db2-bd49-e25625d330e0-groupManagement] INFO  util.JmxRegister (JmxRegister.java:tryRegister(44)) - Successfully registered JMX Bean with object name Ratis:service=RaftServer,group=group-3949D8574368,id=8e5cdb27-721d-4db2-bd49-e25625d330e0
2023-12-05 10:05:06,731 [8e5cdb27-721d-4db2-bd49-e25625d330e0@group-3949D8574368-FollowerState] INFO  server.RaftServerConfigKeys (ConfUtils.java:logFallback(53)) - raft.server.rpc.first-election.timeout.min = 5s (fallback to raft.server.rpc.timeout.min)
2023-12-05 10:05:06,731 [8e5cdb27-721d-4db2-bd49-e25625d330e0@group-3949D8574368-FollowerState] INFO  server.RaftServerConfigKeys (ConfUtils.java:logFallback(53)) - raft.server.rpc.first-election.timeout.max = 5200ms (fallback to raft.server.rpc.timeout.max)
2023-12-05 10:05:06,731 [8e5cdb27-721d-4db2-bd49-e25625d330e0-groupManagement] INFO  server.RaftServerConfigKeys (ConfUtils.java:logGet(46)) - raft.server.snapshot.trigger-when-stop.enabled = true (default)
2023-12-05 10:05:06,732 [8e5cdb27-721d-4db2-bd49-e25625d330e0-groupManagement] INFO  server.RaftServerConfigKeys (ConfUtils.java:logGet(46)) - raft.server.snapshot.auto.trigger.enabled = true (custom)
2023-12-05 10:05:06,732 [8e5cdb27-721d-4db2-bd49-e25625d330e0-groupManagement] INFO  server.RaftServerConfigKeys (ConfUtils.java:logGet(46)) - raft.server.snapshot.auto.trigger.threshold = 10000 (custom)
2023-12-05 10:05:06,732 [8e5cdb27-721d-4db2-bd49-e25625d330e0-groupManagement] INFO  server.RaftServerConfigKeys (ConfUtils.java:logGet(46)) - raft.server.snapshot.retention.file.num = 5 (custom)
2023-12-05 10:05:06,732 [8e5cdb27-721d-4db2-bd49-e25625d330e0-groupManagement] INFO  server.RaftServerConfigKeys (ConfUtils.java:logGet(46)) - raft.server.log.purge.upto.snapshot.index = false (default)
2023-12-05 10:05:06,732 [EventQueue-PipelineReportForPipelineReportHandler] INFO  pipeline.PipelineReportHandler (PipelineReportHandler.java:processPipelineReport(136)) - Opened pipeline PipelineID=8bc0787e-27c1-4be4-abec-3949d8574368
2023-12-05 10:05:06,732 [EventQueue-OpenPipelineForHealthyPipelineSafeModeRule] INFO  safemode.SCMSafeModeManager (HealthyPipelineSafeModeRule.java:process(137)) - SCM in safe mode. Healthy pipelines reported count is 0, required healthy pipeline reported count is 1
2023-12-05 10:05:06,733 [8e5cdb27-721d-4db2-bd49-e25625d330e0-PipelineCommandHandlerThread-0] INFO  ratis.XceiverServerRatis (XceiverServerRatis.java:addGroup(837)) - Created group PipelineID=8bc0787e-27c1-4be4-abec-3949d8574368
2023-12-05 10:05:06,733 [8e5cdb27-721d-4db2-bd49-e25625d330e0-PipelineCommandHandlerThread-0] INFO  commandhandler.CreatePipelineCommandHandler (CreatePipelineCommandHandler.java:lambda$handle$2(124)) - Created Pipeline RATIS ONE PipelineID=8bc0787e-27c1-4be4-abec-3949d8574368.
2023-12-05 10:05:07,710 [main] INFO  ozone.MiniOzoneClusterImpl (MiniOzoneClusterImpl.java:lambda$waitForClusterToBeReady$0(229)) - Nodes are ready. Got 3 of 3 DN Heartbeats.
2023-12-05 10:05:07,710 [main] INFO  ozone.MiniOzoneClusterImpl (MiniOzoneClusterImpl.java:lambda$waitForClusterToBeReady$0(232)) - Waiting for cluster to exit safe mode
2023-12-05 10:05:07,710 [main] INFO  ozone.MiniOzoneClusterImpl (MiniOzoneClusterImpl.java:lambda$waitForClusterToBeReady$0(234)) - SCM became leader
2023-12-05 10:05:08,710 [main] INFO  ozone.MiniOzoneClusterImpl (MiniOzoneClusterImpl.java:lambda$waitForClusterToBeReady$0(229)) - Nodes are ready. Got 3 of 3 DN Heartbeats.
2023-12-05 10:05:08,710 [main] INFO  ozone.MiniOzoneClusterImpl (MiniOzoneClusterImpl.java:lambda$waitForClusterToBeReady$0(232)) - Waiting for cluster to exit safe mode
2023-12-05 10:05:08,711 [main] INFO  ozone.MiniOzoneClusterImpl (MiniOzoneClusterImpl.java:lambda$waitForClusterToBeReady$0(234)) - SCM became leader
2023-12-05 10:05:09,711 [main] INFO  ozone.MiniOzoneClusterImpl (MiniOzoneClusterImpl.java:lambda$waitForClusterToBeReady$0(229)) - Nodes are ready. Got 3 of 3 DN Heartbeats.
2023-12-05 10:05:09,711 [main] INFO  ozone.MiniOzoneClusterImpl (MiniOzoneClusterImpl.java:lambda$waitForClusterToBeReady$0(232)) - Waiting for cluster to exit safe mode
2023-12-05 10:05:09,711 [main] INFO  ozone.MiniOzoneClusterImpl (MiniOzoneClusterImpl.java:lambda$waitForClusterToBeReady$0(234)) - SCM became leader
2023-12-05 10:05:10,712 [main] INFO  ozone.MiniOzoneClusterImpl (MiniOzoneClusterImpl.java:lambda$waitForClusterToBeReady$0(229)) - Nodes are ready. Got 3 of 3 DN Heartbeats.
2023-12-05 10:05:10,712 [main] INFO  ozone.MiniOzoneClusterImpl (MiniOzoneClusterImpl.java:lambda$waitForClusterToBeReady$0(232)) - Waiting for cluster to exit safe mode
2023-12-05 10:05:10,712 [main] INFO  ozone.MiniOzoneClusterImpl (MiniOzoneClusterImpl.java:lambda$waitForClusterToBeReady$0(234)) - SCM became leader
2023-12-05 10:05:11,599 [c5405651-ef25-48d2-8d28-ae0bccd2c7ed@group-F780A31F5490-FollowerState] INFO  impl.FollowerState (FollowerState.java:run(143)) - c5405651-ef25-48d2-8d28-ae0bccd2c7ed@group-F780A31F5490-FollowerState: change to CANDIDATE, lastRpcElapsedTime:5043179736ns, electionTimeout:5031ms
2023-12-05 10:05:11,599 [c5405651-ef25-48d2-8d28-ae0bccd2c7ed@group-F780A31F5490-FollowerState] INFO  impl.RoleInfo (RoleInfo.java:shutdownFollowerState(110)) - c5405651-ef25-48d2-8d28-ae0bccd2c7ed: shutdown c5405651-ef25-48d2-8d28-ae0bccd2c7ed@group-F780A31F5490-FollowerState
2023-12-05 10:05:11,599 [c5405651-ef25-48d2-8d28-ae0bccd2c7ed@group-F780A31F5490-FollowerState] INFO  server.RaftServer$Division (RaftServerImpl.java:setRole(379)) - c5405651-ef25-48d2-8d28-ae0bccd2c7ed@group-F780A31F5490: changes role from  FOLLOWER to CANDIDATE at term 0 for changeToCandidate
2023-12-05 10:05:11,599 [c5405651-ef25-48d2-8d28-ae0bccd2c7ed@group-F780A31F5490-FollowerState] INFO  server.RaftServerConfigKeys (ConfUtils.java:logGet(46)) - raft.server.leaderelection.pre-vote = true (default)
2023-12-05 10:05:11,599 [c5405651-ef25-48d2-8d28-ae0bccd2c7ed@group-F780A31F5490-FollowerState] INFO  impl.RoleInfo (RoleInfo.java:updateAndGet(139)) - c5405651-ef25-48d2-8d28-ae0bccd2c7ed: start c5405651-ef25-48d2-8d28-ae0bccd2c7ed@group-F780A31F5490-LeaderElection13
2023-12-05 10:05:11,600 [c5405651-ef25-48d2-8d28-ae0bccd2c7ed@group-F780A31F5490-LeaderElection13] INFO  impl.LeaderElection (LeaderElection.java:askForVotes(323)) - c5405651-ef25-48d2-8d28-ae0bccd2c7ed@group-F780A31F5490-LeaderElection13 PRE_VOTE round 0: submit vote requests at term 0 for -1: peers:[c5405651-ef25-48d2-8d28-ae0bccd2c7ed|10.1.0.7:15084]|listeners:[], old=null
2023-12-05 10:05:11,600 [c5405651-ef25-48d2-8d28-ae0bccd2c7ed@group-F780A31F5490-LeaderElection13] INFO  impl.LeaderElection (LeaderElection.java:askForVotes(325)) - c5405651-ef25-48d2-8d28-ae0bccd2c7ed@group-F780A31F5490-LeaderElection13 PRE_VOTE round 0: result PASSED (term=0)
2023-12-05 10:05:11,602 [c5405651-ef25-48d2-8d28-ae0bccd2c7ed@group-F780A31F5490-LeaderElection13] INFO  impl.LeaderElection (LeaderElection.java:askForVotes(323)) - c5405651-ef25-48d2-8d28-ae0bccd2c7ed@group-F780A31F5490-LeaderElection13 ELECTION round 0: submit vote requests at term 1 for -1: peers:[c5405651-ef25-48d2-8d28-ae0bccd2c7ed|10.1.0.7:15084]|listeners:[], old=null
2023-12-05 10:05:11,602 [c5405651-ef25-48d2-8d28-ae0bccd2c7ed@group-F780A31F5490-LeaderElection13] INFO  impl.LeaderElection (LeaderElection.java:askForVotes(325)) - c5405651-ef25-48d2-8d28-ae0bccd2c7ed@group-F780A31F5490-LeaderElection13 ELECTION round 0: result PASSED (term=1)
2023-12-05 10:05:11,602 [c5405651-ef25-48d2-8d28-ae0bccd2c7ed@group-F780A31F5490-LeaderElection13] INFO  impl.RoleInfo (RoleInfo.java:shutdownLeaderElection(130)) - c5405651-ef25-48d2-8d28-ae0bccd2c7ed: shutdown c5405651-ef25-48d2-8d28-ae0bccd2c7ed@group-F780A31F5490-LeaderElection13
2023-12-05 10:05:11,602 [c5405651-ef25-48d2-8d28-ae0bccd2c7ed@group-F780A31F5490-LeaderElection13] INFO  server.RaftServer$Division (RaftServerImpl.java:setRole(379)) - c5405651-ef25-48d2-8d28-ae0bccd2c7ed@group-F780A31F5490: changes role from CANDIDATE to LEADER at term 1 for changeToLeader
2023-12-05 10:05:11,602 [c5405651-ef25-48d2-8d28-ae0bccd2c7ed@group-F780A31F5490-LeaderElection13] INFO  server.RaftServerConfigKeys (ConfUtils.java:logGet(46)) - raft.server.staging.catchup.gap = 1000 (default)
2023-12-05 10:05:11,602 [c5405651-ef25-48d2-8d28-ae0bccd2c7ed@group-F780A31F5490-LeaderElection13] INFO  server.RaftServerConfigKeys (ConfUtils.java:logGet(46)) - raft.server.write.element-limit = 1024 (custom)
2023-12-05 10:05:11,602 [c5405651-ef25-48d2-8d28-ae0bccd2c7ed@group-F780A31F5490-LeaderElection13] INFO  server.RaftServerConfigKeys (ConfUtils.java:logGet(46)) - raft.server.write.byte-limit = 1024 M (=1073741824) (custom)
2023-12-05 10:05:11,602 [c5405651-ef25-48d2-8d28-ae0bccd2c7ed@group-F780A31F5490-LeaderElection13] INFO  server.RaftServerConfigKeys (ConfUtils.java:logGet(46)) - raft.server.watch.timeout = 180s (custom)
2023-12-05 10:05:11,602 [c5405651-ef25-48d2-8d28-ae0bccd2c7ed@group-F780A31F5490-LeaderElection13] INFO  server.RaftServerConfigKeys (ConfUtils.java:logGet(46)) - raft.server.watch.timeout.denomination = 1s (default)
2023-12-05 10:05:11,602 [c5405651-ef25-48d2-8d28-ae0bccd2c7ed@group-F780A31F5490-LeaderElection13] INFO  server.RaftServerConfigKeys (ConfUtils.java:logGet(46)) - raft.server.watch.element-limit = 65536 (default)
2023-12-05 10:05:11,602 [c5405651-ef25-48d2-8d28-ae0bccd2c7ed@group-F780A31F5490-LeaderElection13] INFO  server.RaftServerConfigKeys (ConfUtils.java:logGet(46)) - raft.server.read.leader.lease.enabled = false (default)
2023-12-05 10:05:11,602 [c5405651-ef25-48d2-8d28-ae0bccd2c7ed@group-F780A31F5490-LeaderElection13] INFO  server.RaftServerConfigKeys (ConfUtils.java:logGet(46)) - raft.server.read.leader.lease.timeout.ratio = 0.9 (default)
2023-12-05 10:05:11,602 [c5405651-ef25-48d2-8d28-ae0bccd2c7ed@group-F780A31F5490-LeaderElection13] INFO  server.RaftServerConfigKeys (ConfUtils.java:logGet(46)) - raft.server.rpc.timeout.min = 5s (custom)
2023-12-05 10:05:11,602 [c5405651-ef25-48d2-8d28-ae0bccd2c7ed@group-F780A31F5490-LeaderElection13] INFO  server.RaftServerConfigKeys (ConfUtils.java:logGet(46)) - raft.server.write.element-limit = 1024 (custom)
2023-12-05 10:05:11,603 [c5405651-ef25-48d2-8d28-ae0bccd2c7ed@group-F780A31F5490-LeaderElection13] INFO  server.RaftServerConfigKeys (ConfUtils.java:logGet(46)) - raft.server.write.follower.gap.ratio.max = -1.0 (default)
2023-12-05 10:05:11,603 [c5405651-ef25-48d2-8d28-ae0bccd2c7ed@group-F780A31F5490-LeaderElection13] INFO  impl.RoleInfo (RoleInfo.java:updateAndGet(139)) - c5405651-ef25-48d2-8d28-ae0bccd2c7ed: start c5405651-ef25-48d2-8d28-ae0bccd2c7ed@group-F780A31F5490-LeaderStateImpl
2023-12-05 10:05:11,603 [c5405651-ef25-48d2-8d28-ae0bccd2c7ed@group-F780A31F5490-LeaderElection13] INFO  server.RaftServer$Division (RaftServerImpl.java:setFirstElection(564)) - c5405651-ef25-48d2-8d28-ae0bccd2c7ed@group-F780A31F5490: set firstElectionSinceStartup to false for becomeLeader
2023-12-05 10:05:11,603 [c5405651-ef25-48d2-8d28-ae0bccd2c7ed@group-F780A31F5490-LeaderElection13] INFO  ratis.XceiverServerRatis (XceiverServerRatis.java:handleLeaderChangedNotification(935)) - Leader change notification received for group: group-F780A31F5490 with new leaderId: c5405651-ef25-48d2-8d28-ae0bccd2c7ed
2023-12-05 10:05:11,603 [c5405651-ef25-48d2-8d28-ae0bccd2c7ed@group-F780A31F5490-LeaderElection13] INFO  server.RaftServer$Division (ServerState.java:setLeader(265)) - c5405651-ef25-48d2-8d28-ae0bccd2c7ed@group-F780A31F5490: change Leader from null to c5405651-ef25-48d2-8d28-ae0bccd2c7ed at term 1 for becomeLeader, leader elected after 5091ms
2023-12-05 10:05:11,603 [c5405651-ef25-48d2-8d28-ae0bccd2c7ed@group-F780A31F5490-LeaderElection13] INFO  segmented.SegmentedRaftLogWorker (SegmentedRaftLogWorker.java:startLogSegment(428)) - c5405651-ef25-48d2-8d28-ae0bccd2c7ed@group-F780A31F5490-SegmentedRaftLogWorker: Starting segment from index:0
2023-12-05 10:05:11,606 [c5405651-ef25-48d2-8d28-ae0bccd2c7ed@group-F780A31F5490-LeaderElection13] INFO  server.RaftServer$Division (ServerState.java:setRaftConf(382)) - c5405651-ef25-48d2-8d28-ae0bccd2c7ed@group-F780A31F5490: set configuration 0: peers:[c5405651-ef25-48d2-8d28-ae0bccd2c7ed|10.1.0.7:15084]|listeners:[], old=null
2023-12-05 10:05:11,606 [EventQueue-OpenPipelineForHealthyPipelineSafeModeRule] INFO  safemode.SCMSafeModeManager (HealthyPipelineSafeModeRule.java:process(137)) - SCM in safe mode. Healthy pipelines reported count is 0, required healthy pipeline reported count is 1
2023-12-05 10:05:11,619 [c5405651-ef25-48d2-8d28-ae0bccd2c7ed@group-F780A31F5490-SegmentedRaftLogWorker] INFO  segmented.SegmentedRaftLogWorker (SegmentedRaftLogWorker.java:execute(632)) - c5405651-ef25-48d2-8d28-ae0bccd2c7ed@group-F780A31F5490-SegmentedRaftLogWorker: created new log segment /home/runner/work/ozone/ozone/hadoop-ozone/integration-test/target/test-dir/MiniOzoneClusterImpl-15b925ce-33b9-4c4c-8faa-158337806406/datanode-0/data/ratis/996438ae-1bef-4494-afe8-f780a31f5490/current/log_inprogress_0
2023-12-05 10:05:11,620 [c5405651-ef25-48d2-8d28-ae0bccd2c7ed@group-F780A31F5490-StateMachineUpdater] INFO  server.RaftServer$Division (LeaderStateImpl.java:isApplied(316)) - leader is ready since appliedIndex == 0 >= startIndex == 0
2023-12-05 10:05:11,712 [main] INFO  ozone.MiniOzoneClusterImpl (MiniOzoneClusterImpl.java:lambda$waitForClusterToBeReady$0(229)) - Nodes are ready. Got 3 of 3 DN Heartbeats.
2023-12-05 10:05:11,712 [main] INFO  ozone.MiniOzoneClusterImpl (MiniOzoneClusterImpl.java:lambda$waitForClusterToBeReady$0(232)) - Waiting for cluster to exit safe mode
2023-12-05 10:05:11,712 [main] INFO  ozone.MiniOzoneClusterImpl (MiniOzoneClusterImpl.java:lambda$waitForClusterToBeReady$0(234)) - SCM became leader
2023-12-05 10:05:11,761 [8e5cdb27-721d-4db2-bd49-e25625d330e0@group-8B6FF6359640-FollowerState] INFO  impl.FollowerState (FollowerState.java:run(143)) - 8e5cdb27-721d-4db2-bd49-e25625d330e0@group-8B6FF6359640-FollowerState: change to CANDIDATE, lastRpcElapsedTime:5057202356ns, electionTimeout:5055ms
2023-12-05 10:05:11,761 [8e5cdb27-721d-4db2-bd49-e25625d330e0@group-8B6FF6359640-FollowerState] INFO  impl.RoleInfo (RoleInfo.java:shutdownFollowerState(110)) - 8e5cdb27-721d-4db2-bd49-e25625d330e0: shutdown 8e5cdb27-721d-4db2-bd49-e25625d330e0@group-8B6FF6359640-FollowerState
2023-12-05 10:05:11,761 [8e5cdb27-721d-4db2-bd49-e25625d330e0@group-8B6FF6359640-FollowerState] INFO  server.RaftServer$Division (RaftServerImpl.java:setRole(379)) - 8e5cdb27-721d-4db2-bd49-e25625d330e0@group-8B6FF6359640: changes role from  FOLLOWER to CANDIDATE at term 0 for changeToCandidate
2023-12-05 10:05:11,761 [8e5cdb27-721d-4db2-bd49-e25625d330e0@group-8B6FF6359640-FollowerState] INFO  server.RaftServerConfigKeys (ConfUtils.java:logGet(46)) - raft.server.leaderelection.pre-vote = true (default)
2023-12-05 10:05:11,762 [8e5cdb27-721d-4db2-bd49-e25625d330e0@group-8B6FF6359640-FollowerState] INFO  impl.RoleInfo (RoleInfo.java:updateAndGet(139)) - 8e5cdb27-721d-4db2-bd49-e25625d330e0: start 8e5cdb27-721d-4db2-bd49-e25625d330e0@group-8B6FF6359640-LeaderElection14
2023-12-05 10:05:11,763 [8e5cdb27-721d-4db2-bd49-e25625d330e0@group-8B6FF6359640-LeaderElection14] INFO  impl.LeaderElection (LeaderElection.java:askForVotes(323)) - 8e5cdb27-721d-4db2-bd49-e25625d330e0@group-8B6FF6359640-LeaderElection14 PRE_VOTE round 0: submit vote requests at term 0 for -1: peers:[15f79772-7a81-4af9-9760-e026e14d2a58|10.1.0.7:15093, c5405651-ef25-48d2-8d28-ae0bccd2c7ed|10.1.0.7:15084, 8e5cdb27-721d-4db2-bd49-e25625d330e0|10.1.0.7:15102]|listeners:[], old=null
2023-12-05 10:05:11,763 [8e5cdb27-721d-4db2-bd49-e25625d330e0@group-8B6FF6359640-LeaderElection14-1] INFO  server.GrpcServerProtocolClient (GrpcServerProtocolClient.java:<init>(65)) - Build channel for 15f79772-7a81-4af9-9760-e026e14d2a58
2023-12-05 10:05:11,763 [8e5cdb27-721d-4db2-bd49-e25625d330e0@group-8B6FF6359640-LeaderElection14] INFO  server.RaftServerConfigKeys (ConfUtils.java:logFallback(53)) - raft.server.rpc.first-election.timeout.min = 5s (fallback to raft.server.rpc.timeout.min)
2023-12-05 10:05:11,763 [8e5cdb27-721d-4db2-bd49-e25625d330e0@group-8B6FF6359640-LeaderElection14] INFO  server.RaftServerConfigKeys (ConfUtils.java:logFallback(53)) - raft.server.rpc.first-election.timeout.max = 5200ms (fallback to raft.server.rpc.timeout.max)
2023-12-05 10:05:11,763 [8e5cdb27-721d-4db2-bd49-e25625d330e0@group-8B6FF6359640-LeaderElection14-2] INFO  server.GrpcServerProtocolClient (GrpcServerProtocolClient.java:<init>(65)) - Build channel for c5405651-ef25-48d2-8d28-ae0bccd2c7ed
2023-12-05 10:05:11,770 [grpc-default-executor-1] INFO  server.RaftServer$Division (RaftServerImpl.java:requestVote(1377)) - c5405651-ef25-48d2-8d28-ae0bccd2c7ed@group-8B6FF6359640: receive requestVote(PRE_VOTE, 8e5cdb27-721d-4db2-bd49-e25625d330e0, group-8B6FF6359640, 0, (t:0, i:0))
2023-12-05 10:05:11,770 [grpc-default-executor-1] INFO  impl.VoteContext (VoteContext.java:log(49)) - c5405651-ef25-48d2-8d28-ae0bccd2c7ed@group-8B6FF6359640-FOLLOWER: accept PRE_VOTE from 8e5cdb27-721d-4db2-bd49-e25625d330e0: our priority 0 <= candidate's priority 1
2023-12-05 10:05:11,770 [grpc-default-executor-1] INFO  server.RaftServer$Division (RaftServerImpl.java:requestVote(1410)) - c5405651-ef25-48d2-8d28-ae0bccd2c7ed@group-8B6FF6359640 replies to PRE_VOTE vote request: 8e5cdb27-721d-4db2-bd49-e25625d330e0<-c5405651-ef25-48d2-8d28-ae0bccd2c7ed#0:OK-t0. Peer's state: c5405651-ef25-48d2-8d28-ae0bccd2c7ed@group-8B6FF6359640:t0, leader=null, voted=, raftlog=Memoized:c5405651-ef25-48d2-8d28-ae0bccd2c7ed@group-8B6FF6359640-SegmentedRaftLog:OPENED:c-1, conf=-1: peers:[15f79772-7a81-4af9-9760-e026e14d2a58|10.1.0.7:15093, c5405651-ef25-48d2-8d28-ae0bccd2c7ed|10.1.0.7:15084, 8e5cdb27-721d-4db2-bd49-e25625d330e0|10.1.0.7:15102]|listeners:[], old=null
2023-12-05 10:05:11,772 [8e5cdb27-721d-4db2-bd49-e25625d330e0@group-8B6FF6359640-LeaderElection14] INFO  impl.LeaderElection (LeaderElection.java:logAndReturn(89)) - 8e5cdb27-721d-4db2-bd49-e25625d330e0@group-8B6FF6359640-LeaderElection14: PRE_VOTE PASSED received 1 response(s) and 0 exception(s):
2023-12-05 10:05:11,772 [8e5cdb27-721d-4db2-bd49-e25625d330e0@group-8B6FF6359640-LeaderElection14] INFO  impl.LeaderElection (LeaderElection.java:logAndReturn(93)) -   Response 0: 8e5cdb27-721d-4db2-bd49-e25625d330e0<-c5405651-ef25-48d2-8d28-ae0bccd2c7ed#0:OK-t0
2023-12-05 10:05:11,776 [8e5cdb27-721d-4db2-bd49-e25625d330e0@group-8B6FF6359640-LeaderElection14] INFO  impl.LeaderElection (LeaderElection.java:askForVotes(325)) - 8e5cdb27-721d-4db2-bd49-e25625d330e0@group-8B6FF6359640-LeaderElection14 PRE_VOTE round 0: result PASSED
2023-12-05 10:05:11,776 [grpc-default-executor-0] INFO  server.RaftServer$Division (RaftServerImpl.java:requestVote(1377)) - 15f79772-7a81-4af9-9760-e026e14d2a58@group-8B6FF6359640: receive requestVote(PRE_VOTE, 8e5cdb27-721d-4db2-bd49-e25625d330e0, group-8B6FF6359640, 0, (t:0, i:0))
2023-12-05 10:05:11,776 [grpc-default-executor-0] INFO  impl.VoteContext (VoteContext.java:log(49)) - 15f79772-7a81-4af9-9760-e026e14d2a58@group-8B6FF6359640-FOLLOWER: accept PRE_VOTE from 8e5cdb27-721d-4db2-bd49-e25625d330e0: our priority 0 <= candidate's priority 1
2023-12-05 10:05:11,776 [grpc-default-executor-0] INFO  server.RaftServer$Division (RaftServerImpl.java:requestVote(1410)) - 15f79772-7a81-4af9-9760-e026e14d2a58@group-8B6FF6359640 replies to PRE_VOTE vote request: 8e5cdb27-721d-4db2-bd49-e25625d330e0<-15f79772-7a81-4af9-9760-e026e14d2a58#0:OK-t0. Peer's state: 15f79772-7a81-4af9-9760-e026e14d2a58@group-8B6FF6359640:t0, leader=null, voted=, raftlog=Memoized:15f79772-7a81-4af9-9760-e026e14d2a58@group-8B6FF6359640-SegmentedRaftLog:OPENED:c-1, conf=-1: peers:[15f79772-7a81-4af9-9760-e026e14d2a58|10.1.0.7:15093, c5405651-ef25-48d2-8d28-ae0bccd2c7ed|10.1.0.7:15084, 8e5cdb27-721d-4db2-bd49-e25625d330e0|10.1.0.7:15102]|listeners:[], old=null
2023-12-05 10:05:11,778 [8e5cdb27-721d-4db2-bd49-e25625d330e0@group-8B6FF6359640-LeaderElection14] INFO  impl.LeaderElection (LeaderElection.java:askForVotes(323)) - 8e5cdb27-721d-4db2-bd49-e25625d330e0@group-8B6FF6359640-LeaderElection14 ELECTION round 0: submit vote requests at term 1 for -1: peers:[15f79772-7a81-4af9-9760-e026e14d2a58|10.1.0.7:15093, c5405651-ef25-48d2-8d28-ae0bccd2c7ed|10.1.0.7:15084, 8e5cdb27-721d-4db2-bd49-e25625d330e0|10.1.0.7:15102]|listeners:[], old=null
2023-12-05 10:05:11,778 [8e5cdb27-721d-4db2-bd49-e25625d330e0@group-8B6FF6359640-LeaderElection14] INFO  server.RaftServerConfigKeys (ConfUtils.java:logFallback(53)) - raft.server.rpc.first-election.timeout.min = 5s (fallback to raft.server.rpc.timeout.min)
2023-12-05 10:05:11,778 [8e5cdb27-721d-4db2-bd49-e25625d330e0@group-8B6FF6359640-LeaderElection14] INFO  server.RaftServerConfigKeys (ConfUtils.java:logFallback(53)) - raft.server.rpc.first-election.timeout.max = 5200ms (fallback to raft.server.rpc.timeout.max)
2023-12-05 10:05:11,780 [grpc-default-executor-0] INFO  server.RaftServer$Division (RaftServerImpl.java:requestVote(1377)) - 15f79772-7a81-4af9-9760-e026e14d2a58@group-8B6FF6359640: receive requestVote(ELECTION, 8e5cdb27-721d-4db2-bd49-e25625d330e0, group-8B6FF6359640, 1, (t:0, i:0))
2023-12-05 10:05:11,780 [grpc-default-executor-0] INFO  impl.VoteContext (VoteContext.java:log(49)) - 15f79772-7a81-4af9-9760-e026e14d2a58@group-8B6FF6359640-FOLLOWER: accept ELECTION from 8e5cdb27-721d-4db2-bd49-e25625d330e0: our priority 0 <= candidate's priority 1
2023-12-05 10:05:11,780 [grpc-default-executor-0] INFO  server.RaftServer$Division (RaftServerImpl.java:setRole(379)) - 15f79772-7a81-4af9-9760-e026e14d2a58@group-8B6FF6359640: changes role from  FOLLOWER to FOLLOWER at term 1 for candidate:8e5cdb27-721d-4db2-bd49-e25625d330e0
2023-12-05 10:05:11,780 [grpc-default-executor-0] INFO  impl.RoleInfo (RoleInfo.java:shutdownFollowerState(110)) - 15f79772-7a81-4af9-9760-e026e14d2a58: shutdown 15f79772-7a81-4af9-9760-e026e14d2a58@group-8B6FF6359640-FollowerState
2023-12-05 10:05:11,780 [grpc-default-executor-0] INFO  impl.RoleInfo (RoleInfo.java:updateAndGet(139)) - 15f79772-7a81-4af9-9760-e026e14d2a58: start 15f79772-7a81-4af9-9760-e026e14d2a58@group-8B6FF6359640-FollowerState
2023-12-05 10:05:11,780 [15f79772-7a81-4af9-9760-e026e14d2a58@group-8B6FF6359640-FollowerState] INFO  impl.FollowerState (FollowerState.java:run(152)) - 15f79772-7a81-4af9-9760-e026e14d2a58@group-8B6FF6359640-FollowerState was interrupted
2023-12-05 10:05:11,784 [grpc-default-executor-0] INFO  server.RaftServer$Division (RaftServerImpl.java:setFirstElection(564)) - 15f79772-7a81-4af9-9760-e026e14d2a58@group-8B6FF6359640: set firstElectionSinceStartup to false for candidate:8e5cdb27-721d-4db2-bd49-e25625d330e0
2023-12-05 10:05:11,784 [grpc-default-executor-1] INFO  server.RaftServer$Division (RaftServerImpl.java:requestVote(1377)) - c5405651-ef25-48d2-8d28-ae0bccd2c7ed@group-8B6FF6359640: receive requestVote(ELECTION, 8e5cdb27-721d-4db2-bd49-e25625d330e0, group-8B6FF6359640, 1, (t:0, i:0))
2023-12-05 10:05:11,784 [grpc-default-executor-1] INFO  impl.VoteContext (VoteContext.java:log(49)) - c5405651-ef25-48d2-8d28-ae0bccd2c7ed@group-8B6FF6359640-FOLLOWER: accept ELECTION from 8e5cdb27-721d-4db2-bd49-e25625d330e0: our priority 0 <= candidate's priority 1
2023-12-05 10:05:11,784 [grpc-default-executor-1] INFO  server.RaftServer$Division (RaftServerImpl.java:setRole(379)) - c5405651-ef25-48d2-8d28-ae0bccd2c7ed@group-8B6FF6359640: changes role from  FOLLOWER to FOLLOWER at term 1 for candidate:8e5cdb27-721d-4db2-bd49-e25625d330e0
2023-12-05 10:05:11,784 [grpc-default-executor-1] INFO  impl.RoleInfo (RoleInfo.java:shutdownFollowerState(110)) - c5405651-ef25-48d2-8d28-ae0bccd2c7ed: shutdown c5405651-ef25-48d2-8d28-ae0bccd2c7ed@group-8B6FF6359640-FollowerState
2023-12-05 10:05:11,784 [grpc-default-executor-1] INFO  impl.RoleInfo (RoleInfo.java:updateAndGet(139)) - c5405651-ef25-48d2-8d28-ae0bccd2c7ed: start c5405651-ef25-48d2-8d28-ae0bccd2c7ed@group-8B6FF6359640-FollowerState
2023-12-05 10:05:11,784 [c5405651-ef25-48d2-8d28-ae0bccd2c7ed@group-8B6FF6359640-FollowerState] INFO  impl.FollowerState (FollowerState.java:run(152)) - c5405651-ef25-48d2-8d28-ae0bccd2c7ed@group-8B6FF6359640-FollowerState was interrupted
2023-12-05 10:05:11,785 [grpc-default-executor-0] INFO  server.RaftServer$Division (RaftServerImpl.java:requestVote(1410)) - 15f79772-7a81-4af9-9760-e026e14d2a58@group-8B6FF6359640 replies to ELECTION vote request: 8e5cdb27-721d-4db2-bd49-e25625d330e0<-15f79772-7a81-4af9-9760-e026e14d2a58#0:OK-t1. Peer's state: 15f79772-7a81-4af9-9760-e026e14d2a58@group-8B6FF6359640:t1, leader=null, voted=8e5cdb27-721d-4db2-bd49-e25625d330e0, raftlog=Memoized:15f79772-7a81-4af9-9760-e026e14d2a58@group-8B6FF6359640-SegmentedRaftLog:OPENED:c-1, conf=-1: peers:[15f79772-7a81-4af9-9760-e026e14d2a58|10.1.0.7:15093, c5405651-ef25-48d2-8d28-ae0bccd2c7ed|10.1.0.7:15084, 8e5cdb27-721d-4db2-bd49-e25625d330e0|10.1.0.7:15102]|listeners:[], old=null
2023-12-05 10:05:11,788 [grpc-default-executor-1] INFO  server.RaftServer$Division (RaftServerImpl.java:setFirstElection(564)) - c5405651-ef25-48d2-8d28-ae0bccd2c7ed@group-8B6FF6359640: set firstElectionSinceStartup to false for candidate:8e5cdb27-721d-4db2-bd49-e25625d330e0
2023-12-05 10:05:11,788 [8e5cdb27-721d-4db2-bd49-e25625d330e0@group-8B6FF6359640-LeaderElection14] INFO  impl.LeaderElection (LeaderElection.java:logAndReturn(89)) - 8e5cdb27-721d-4db2-bd49-e25625d330e0@group-8B6FF6359640-LeaderElection14: ELECTION PASSED received 1 response(s) and 0 exception(s):
2023-12-05 10:05:11,788 [8e5cdb27-721d-4db2-bd49-e25625d330e0@group-8B6FF6359640-LeaderElection14] INFO  impl.LeaderElection (LeaderElection.java:logAndReturn(93)) -   Response 0: 8e5cdb27-721d-4db2-bd49-e25625d330e0<-15f79772-7a81-4af9-9760-e026e14d2a58#0:OK-t1
2023-12-05 10:05:11,788 [8e5cdb27-721d-4db2-bd49-e25625d330e0@group-8B6FF6359640-LeaderElection14] INFO  impl.LeaderElection (LeaderElection.java:askForVotes(325)) - 8e5cdb27-721d-4db2-bd49-e25625d330e0@group-8B6FF6359640-LeaderElection14 ELECTION round 0: result PASSED
2023-12-05 10:05:11,788 [8e5cdb27-721d-4db2-bd49-e25625d330e0@group-8B6FF6359640-LeaderElection14] INFO  impl.RoleInfo (RoleInfo.java:shutdownLeaderElection(130)) - 8e5cdb27-721d-4db2-bd49-e25625d330e0: shutdown 8e5cdb27-721d-4db2-bd49-e25625d330e0@group-8B6FF6359640-LeaderElection14
2023-12-05 10:05:11,789 [8e5cdb27-721d-4db2-bd49-e25625d330e0@group-8B6FF6359640-LeaderElection14] INFO  server.RaftServer$Division (RaftServerImpl.java:setRole(379)) - 8e5cdb27-721d-4db2-bd49-e25625d330e0@group-8B6FF6359640: changes role from CANDIDATE to LEADER at term 1 for changeToLeader
2023-12-05 10:05:11,789 [8e5cdb27-721d-4db2-bd49-e25625d330e0@group-8B6FF6359640-LeaderElection14] INFO  server.RaftServerConfigKeys (ConfUtils.java:logGet(46)) - raft.server.staging.catchup.gap = 1000 (default)
2023-12-05 10:05:11,789 [8e5cdb27-721d-4db2-bd49-e25625d330e0@group-8B6FF6359640-LeaderElection14] INFO  server.RaftServerConfigKeys (ConfUtils.java:logGet(46)) - raft.server.write.element-limit = 1024 (custom)
2023-12-05 10:05:11,789 [8e5cdb27-721d-4db2-bd49-e25625d330e0@group-8B6FF6359640-LeaderElection14] INFO  server.RaftServerConfigKeys (ConfUtils.java:logGet(46)) - raft.server.write.byte-limit = 1024 M (=1073741824) (custom)
2023-12-05 10:05:11,790 [grpc-default-executor-1] INFO  server.RaftServer$Division (RaftServerImpl.java:requestVote(1410)) - c5405651-ef25-48d2-8d28-ae0bccd2c7ed@group-8B6FF6359640 replies to ELECTION vote request: 8e5cdb27-721d-4db2-bd49-e25625d330e0<-c5405651-ef25-48d2-8d28-ae0bccd2c7ed#0:OK-t1. Peer's state: c5405651-ef25-48d2-8d28-ae0bccd2c7ed@group-8B6FF6359640:t1, leader=null, voted=8e5cdb27-721d-4db2-bd49-e25625d330e0, raftlog=Memoized:c5405651-ef25-48d2-8d28-ae0bccd2c7ed@group-8B6FF6359640-SegmentedRaftLog:OPENED:c-1, conf=-1: peers:[15f79772-7a81-4af9-9760-e026e14d2a58|10.1.0.7:15093, c5405651-ef25-48d2-8d28-ae0bccd2c7ed|10.1.0.7:15084, 8e5cdb27-721d-4db2-bd49-e25625d330e0|10.1.0.7:15102]|listeners:[], old=null
2023-12-05 10:05:11,790 [8e5cdb27-721d-4db2-bd49-e25625d330e0@group-8B6FF6359640-LeaderElection14] INFO  server.RaftServerConfigKeys (ConfUtils.java:logGet(46)) - raft.server.watch.timeout = 180s (custom)
2023-12-05 10:05:11,790 [8e5cdb27-721d-4db2-bd49-e25625d330e0@group-8B6FF6359640-LeaderElection14] INFO  server.RaftServerConfigKeys (ConfUtils.java:logGet(46)) - raft.server.watch.timeout.denomination = 1s (default)
2023-12-05 10:05:11,790 [8e5cdb27-721d-4db2-bd49-e25625d330e0@group-8B6FF6359640-LeaderElection14] INFO  server.RaftServerConfigKeys (ConfUtils.java:logGet(46)) - raft.server.watch.element-limit = 65536 (default)
2023-12-05 10:05:11,790 [8e5cdb27-721d-4db2-bd49-e25625d330e0@group-8B6FF6359640-LeaderElection14] INFO  server.RaftServerConfigKeys (ConfUtils.java:logGet(46)) - raft.server.read.leader.lease.enabled = false (default)
2023-12-05 10:05:11,790 [8e5cdb27-721d-4db2-bd49-e25625d330e0@group-8B6FF6359640-LeaderElection14] INFO  server.RaftServerConfigKeys (ConfUtils.java:logGet(46)) - raft.server.read.leader.lease.timeout.ratio = 0.9 (default)
2023-12-05 10:05:11,790 [8e5cdb27-721d-4db2-bd49-e25625d330e0@group-8B6FF6359640-LeaderElection14] INFO  server.RaftServerConfigKeys (ConfUtils.java:logGet(46)) - raft.server.rpc.timeout.min = 5s (custom)
2023-12-05 10:05:11,790 [8e5cdb27-721d-4db2-bd49-e25625d330e0@group-8B6FF6359640-LeaderElection14] INFO  server.RaftServerConfigKeys (ConfUtils.java:logGet(46)) - raft.server.write.element-limit = 1024 (custom)
2023-12-05 10:05:11,790 [8e5cdb27-721d-4db2-bd49-e25625d330e0@group-8B6FF6359640-LeaderElection14] INFO  server.RaftServerConfigKeys (ConfUtils.java:logGet(46)) - raft.server.write.follower.gap.ratio.max = -1.0 (default)
2023-12-05 10:05:11,791 [8e5cdb27-721d-4db2-bd49-e25625d330e0@group-8B6FF6359640-LeaderElection14] INFO  server.RaftServerConfigKeys (ConfUtils.java:logGet(46)) - raft.server.log.appender.snapshot.chunk.size.max = 16MB (=16777216) (default)
2023-12-05 10:05:11,791 [8e5cdb27-721d-4db2-bd49-e25625d330e0@group-8B6FF6359640-LeaderElection14] INFO  server.RaftServerConfigKeys (ConfUtils.java:logGet(46)) - raft.server.log.appender.buffer.byte-limit = 8388608 (custom)
2023-12-05 10:05:11,791 [8e5cdb27-721d-4db2-bd49-e25625d330e0@group-8B6FF6359640-LeaderElection14] INFO  server.RaftServerConfigKeys (ConfUtils.java:logGet(46)) - raft.server.log.appender.buffer.element-limit = 1 (custom)
2023-12-05 10:05:11,791 [8e5cdb27-721d-4db2-bd49-e25625d330e0@group-8B6FF6359640-LeaderElection14] INFO  server.RaftServerConfigKeys (ConfUtils.java:logGet(46)) - raft.server.log.appender.wait-time.min = 0μs (custom)
2023-12-05 10:05:11,791 [8e5cdb27-721d-4db2-bd49-e25625d330e0@group-8B6FF6359640-LeaderElection14] INFO  grpc.GrpcConfigKeys (ConfUtils.java:logGet(46)) - raft.grpc.server.leader.outstanding.appends.max = 8 (default)
2023-12-05 10:05:11,791 [8e5cdb27-721d-4db2-bd49-e25625d330e0@group-8B6FF6359640-LeaderElection14] INFO  server.RaftServerConfigKeys (ConfUtils.java:logGet(46)) - raft.server.rpc.request.timeout = 60s (custom)
2023-12-05 10:05:11,791 [8e5cdb27-721d-4db2-bd49-e25625d330e0@group-8B6FF6359640-LeaderElection14] INFO  grpc.GrpcConfigKeys (ConfUtils.java:logGet(46)) - raft.grpc.server.install_snapshot.request.element-limit = 8 (default)
2023-12-05 10:05:11,791 [8e5cdb27-721d-4db2-bd49-e25625d330e0@group-8B6FF6359640-LeaderElection14] INFO  grpc.GrpcConfigKeys (ConfUtils.java:logGet(46)) - raft.grpc.server.install_snapshot.request.timeout = 3000ms (default)
2023-12-05 10:05:11,791 [8e5cdb27-721d-4db2-bd49-e25625d330e0@group-8B6FF6359640-LeaderElection14] INFO  server.RaftServerConfigKeys (ConfUtils.java:logGet(46)) - raft.server.log.appender.install.snapshot.enabled = false (custom)
2023-12-05 10:05:11,791 [8e5cdb27-721d-4db2-bd49-e25625d330e0@group-8B6FF6359640-LeaderElection14] INFO  grpc.GrpcConfigKeys (ConfUtils.java:logGet(46)) - raft.grpc.server.heartbeat.channel = true (default)
2023-12-05 10:05:11,792 [8e5cdb27-721d-4db2-bd49-e25625d330e0@group-8B6FF6359640-LeaderElection14] INFO  server.RaftServerConfigKeys (ConfUtils.java:logGet(46)) - raft.server.log.appender.snapshot.chunk.size.max = 16MB (=16777216) (default)
2023-12-05 10:05:11,792 [8e5cdb27-721d-4db2-bd49-e25625d330e0@group-8B6FF6359640-LeaderElection14] INFO  server.RaftServerConfigKeys (ConfUtils.java:logGet(46)) - raft.server.log.appender.buffer.byte-limit = 8388608 (custom)
2023-12-05 10:05:11,792 [8e5cdb27-721d-4db2-bd49-e25625d330e0@group-8B6FF6359640-LeaderElection14] INFO  server.RaftServerConfigKeys (ConfUtils.java:logGet(46)) - raft.server.log.appender.buffer.element-limit = 1 (custom)
2023-12-05 10:05:11,793 [8e5cdb27-721d-4db2-bd49-e25625d330e0@group-8B6FF6359640-LeaderElection14] INFO  server.RaftServerConfigKeys (ConfUtils.java:logGet(46)) - raft.server.log.appender.wait-time.min = 0μs (custom)
2023-12-05 10:05:11,793 [8e5cdb27-721d-4db2-bd49-e25625d330e0@group-8B6FF6359640-LeaderElection14] INFO  grpc.GrpcConfigKeys (ConfUtils.java:logGet(46)) - raft.grpc.server.leader.outstanding.appends.max = 8 (default)
2023-12-05 10:05:11,793 [8e5cdb27-721d-4db2-bd49-e25625d330e0@group-8B6FF6359640-LeaderElection14] INFO  server.RaftServerConfigKeys (ConfUtils.java:logGet(46)) - raft.server.rpc.request.timeout = 60s (custom)
2023-12-05 10:05:11,793 [8e5cdb27-721d-4db2-bd49-e25625d330e0@group-8B6FF6359640-LeaderElection14] INFO  grpc.GrpcConfigKeys (ConfUtils.java:logGet(46)) - raft.grpc.server.install_snapshot.request.element-limit = 8 (default)
2023-12-05 10:05:11,793 [8e5cdb27-721d-4db2-bd49-e25625d330e0@group-8B6FF6359640-LeaderElection14] INFO  grpc.GrpcConfigKeys (ConfUtils.java:logGet(46)) - raft.grpc.server.install_snapshot.request.timeout = 3000ms (default)
2023-12-05 10:05:11,793 [8e5cdb27-721d-4db2-bd49-e25625d330e0@group-8B6FF6359640-LeaderElection14] INFO  server.RaftServerConfigKeys (ConfUtils.java:logGet(46)) - raft.server.log.appender.install.snapshot.enabled = false (custom)
2023-12-05 10:05:11,793 [8e5cdb27-721d-4db2-bd49-e25625d330e0@group-8B6FF6359640-LeaderElection14] INFO  grpc.GrpcConfigKeys (ConfUtils.java:logGet(46)) - raft.grpc.server.heartbeat.channel = true (default)
2023-12-05 10:05:11,793 [8e5cdb27-721d-4db2-bd49-e25625d330e0@group-8B6FF6359640-LeaderElection14] INFO  impl.RoleInfo (RoleInfo.java:updateAndGet(139)) - 8e5cdb27-721d-4db2-bd49-e25625d330e0: start 8e5cdb27-721d-4db2-bd49-e25625d330e0@group-8B6FF6359640-LeaderStateImpl
2023-12-05 10:05:11,793 [8e5cdb27-721d-4db2-bd49-e25625d330e0@group-8B6FF6359640-LeaderElection14] INFO  server.RaftServer$Division (RaftServerImpl.java:setFirstElection(564)) - 8e5cdb27-721d-4db2-bd49-e25625d330e0@group-8B6FF6359640: set firstElectionSinceStartup to false for becomeLeader
2023-12-05 10:05:11,793 [8e5cdb27-721d-4db2-bd49-e25625d330e0@group-8B6FF6359640-LeaderElection14] INFO  ratis.XceiverServerRatis (XceiverServerRatis.java:handleLeaderChangedNotification(935)) - Leader change notification received for group: group-8B6FF6359640 with new leaderId: 8e5cdb27-721d-4db2-bd49-e25625d330e0
2023-12-05 10:05:11,794 [8e5cdb27-721d-4db2-bd49-e25625d330e0@group-8B6FF6359640-LeaderElection14] INFO  server.RaftServer$Division (ServerState.java:setLeader(265)) - 8e5cdb27-721d-4db2-bd49-e25625d330e0@group-8B6FF6359640: change Leader from null to 8e5cdb27-721d-4db2-bd49-e25625d330e0 at term 1 for becomeLeader, leader elected after 5102ms
2023-12-05 10:05:11,794 [8e5cdb27-721d-4db2-bd49-e25625d330e0@group-8B6FF6359640-LeaderElection14] INFO  segmented.SegmentedRaftLogWorker (SegmentedRaftLogWorker.java:startLogSegment(428)) - 8e5cdb27-721d-4db2-bd49-e25625d330e0@group-8B6FF6359640-SegmentedRaftLogWorker: Starting segment from index:0
2023-12-05 10:05:11,795 [8e5cdb27-721d-4db2-bd49-e25625d330e0@group-8B6FF6359640-LeaderElection14] INFO  server.RaftServer$Division (ServerState.java:setRaftConf(382)) - 8e5cdb27-721d-4db2-bd49-e25625d330e0@group-8B6FF6359640: set configuration 0: peers:[15f79772-7a81-4af9-9760-e026e14d2a58|10.1.0.7:15093, c5405651-ef25-48d2-8d28-ae0bccd2c7ed|10.1.0.7:15084, 8e5cdb27-721d-4db2-bd49-e25625d330e0|10.1.0.7:15102]|listeners:[], old=null
2023-12-05 10:05:11,801 [EventQueue-PipelineReportForPipelineReportHandler] INFO  pipeline.PipelineReportHandler (PipelineReportHandler.java:processPipelineReport(136)) - Opened pipeline PipelineID=0ad2a37e-5979-4ea2-8ca1-8b6ff6359640
2023-12-05 10:05:11,801 [EventQueue-OpenPipelineForHealthyPipelineSafeModeRule] INFO  safemode.SCMSafeModeManager (HealthyPipelineSafeModeRule.java:process(137)) - SCM in safe mode. Healthy pipelines reported count is 0, required healthy pipeline reported count is 1
2023-12-05 10:05:11,801 [EventQueue-OpenPipelineForHealthyPipelineSafeModeRule] INFO  safemode.SCMSafeModeManager (HealthyPipelineSafeModeRule.java:process(137)) - SCM in safe mode. Healthy pipelines reported count is 1, required healthy pipeline reported count is 1
2023-12-05 10:05:11,801 [EventQueue-OpenPipelineForHealthyPipelineSafeModeRule] INFO  safemode.SCMSafeModeManager (SCMSafeModeManager.java:validateSafeModeExitRules(200)) - HealthyPipelineSafeModeRule rule is successfully validated
2023-12-05 10:05:11,801 [EventQueue-OpenPipelineForHealthyPipelineSafeModeRule] INFO  safemode.SCMSafeModeManager (SCMSafeModeManager.java:validateSafeModeExitRules(215)) - ScmSafeModeManager, all rules are successfully validated
2023-12-05 10:05:11,801 [EventQueue-OpenPipelineForHealthyPipelineSafeModeRule] INFO  safemode.SCMSafeModeManager (SCMSafeModeManager.java:exitSafeMode(244)) - SCM exiting safe mode.
2023-12-05 10:05:11,801 [EventQueue-OpenPipelineForHealthyPipelineSafeModeRule] INFO  ha.SCMContext (SCMContext.java:updateSafeModeStatus(230)) - Update SafeModeStatus from SafeModeStatus{safeModeStatus=true, preCheckPassed=true} to SafeModeStatus{safeModeStatus=false, preCheckPassed=true}.
2023-12-05 10:05:11,801 [EventQueue-OpenPipelineForHealthyPipelineSafeModeRule] INFO  pipeline.BackgroundPipelineCreator (BackgroundPipelineCreator.java:notifyStatusChanged(258)) - Service BackgroundPipelineCreator transitions to RUNNING.
2023-12-05 10:05:11,801 [EventQueue-OpenPipelineForHealthyPipelineSafeModeRule] INFO  BackgroundPipelineScrubber (BackgroundSCMService.java:notifyStatusChanged(82)) - Service BackgroundPipelineScrubber transitions to RUNNING.
2023-12-05 10:05:11,802 [EventQueue-OpenPipelineForHealthyPipelineSafeModeRule] INFO  ExpiredContainerReplicaOpScrubber (BackgroundSCMService.java:notifyStatusChanged(82)) - Service ExpiredContainerReplicaOpScrubber transitions to RUNNING.
2023-12-05 10:05:11,802 [EventQueue-OpenPipelineForHealthyPipelineSafeModeRule] INFO  replication.ReplicationManager (ReplicationManager.java:notifyStatusChanged(1399)) - Service ReplicationManager transitions to RUNNING.
2023-12-05 10:05:11,802 [EventQueue-OpenPipelineForHealthyPipelineSafeModeRule] WARN  balancer.ContainerBalancer (ContainerBalancer.java:shouldRun(134)) - Could not find persisted configuration for ContainerBalancer when checking if ContainerBalancer should run. ContainerBalancer should not run now.
2023-12-05 10:05:11,806 [8e5cdb27-721d-4db2-bd49-e25625d330e0@group-8B6FF6359640-SegmentedRaftLogWorker] INFO  segmented.SegmentedRaftLogWorker (SegmentedRaftLogWorker.java:execute(632)) - 8e5cdb27-721d-4db2-bd49-e25625d330e0@group-8B6FF6359640-SegmentedRaftLogWorker: created new log segment /home/runner/work/ozone/ozone/hadoop-ozone/integration-test/target/test-dir/MiniOzoneClusterImpl-15b925ce-33b9-4c4c-8faa-158337806406/datanode-2/data/ratis/0ad2a37e-5979-4ea2-8ca1-8b6ff6359640/current/log_inprogress_0
2023-12-05 10:05:11,811 [c5405651-ef25-48d2-8d28-ae0bccd2c7ed-server-thread1] INFO  ratis.XceiverServerRatis (XceiverServerRatis.java:handleLeaderChangedNotification(935)) - Leader change notification received for group: group-8B6FF6359640 with new leaderId: 8e5cdb27-721d-4db2-bd49-e25625d330e0
2023-12-05 10:05:11,811 [c5405651-ef25-48d2-8d28-ae0bccd2c7ed-server-thread1] INFO  server.RaftServer$Division (ServerState.java:setLeader(265)) - c5405651-ef25-48d2-8d28-ae0bccd2c7ed@group-8B6FF6359640: change Leader from null to 8e5cdb27-721d-4db2-bd49-e25625d330e0 at term 1 for appendEntries, leader elected after 5239ms
2023-12-05 10:05:11,813 [15f79772-7a81-4af9-9760-e026e14d2a58-server-thread2] INFO  ratis.XceiverServerRatis (XceiverServerRatis.java:handleLeaderChangedNotification(935)) - Leader change notification received for group: group-8B6FF6359640 with new leaderId: 8e5cdb27-721d-4db2-bd49-e25625d330e0
2023-12-05 10:05:11,813 [15f79772-7a81-4af9-9760-e026e14d2a58-server-thread2] INFO  server.RaftServer$Division (ServerState.java:setLeader(265)) - 15f79772-7a81-4af9-9760-e026e14d2a58@group-8B6FF6359640: change Leader from null to 8e5cdb27-721d-4db2-bd49-e25625d330e0 at term 1 for appendEntries, leader elected after 5199ms
2023-12-05 10:05:11,813 [c5405651-ef25-48d2-8d28-ae0bccd2c7ed-server-thread2] INFO  server.RaftServer$Division (ServerState.java:setRaftConf(382)) - c5405651-ef25-48d2-8d28-ae0bccd2c7ed@group-8B6FF6359640: set configuration 0: peers:[15f79772-7a81-4af9-9760-e026e14d2a58|10.1.0.7:15093, c5405651-ef25-48d2-8d28-ae0bccd2c7ed|10.1.0.7:15084, 8e5cdb27-721d-4db2-bd49-e25625d330e0|10.1.0.7:15102]|listeners:[], old=null
2023-12-05 10:05:11,814 [15f79772-7a81-4af9-9760-e026e14d2a58-server-thread1] INFO  server.RaftServer$Division (ServerState.java:setRaftConf(382)) - 15f79772-7a81-4af9-9760-e026e14d2a58@group-8B6FF6359640: set configuration 0: peers:[15f79772-7a81-4af9-9760-e026e14d2a58|10.1.0.7:15093, c5405651-ef25-48d2-8d28-ae0bccd2c7ed|10.1.0.7:15084, 8e5cdb27-721d-4db2-bd49-e25625d330e0|10.1.0.7:15102]|listeners:[], old=null
2023-12-05 10:05:11,816 [c5405651-ef25-48d2-8d28-ae0bccd2c7ed-server-thread2] INFO  segmented.SegmentedRaftLogWorker (SegmentedRaftLogWorker.java:startLogSegment(428)) - c5405651-ef25-48d2-8d28-ae0bccd2c7ed@group-8B6FF6359640-SegmentedRaftLogWorker: Starting segment from index:0
2023-12-05 10:05:11,816 [15f79772-7a81-4af9-9760-e026e14d2a58-server-thread1] INFO  segmented.SegmentedRaftLogWorker (SegmentedRaftLogWorker.java:startLogSegment(428)) - 15f79772-7a81-4af9-9760-e026e14d2a58@group-8B6FF6359640-SegmentedRaftLogWorker: Starting segment from index:0
2023-12-05 10:05:11,829 [c5405651-ef25-48d2-8d28-ae0bccd2c7ed@group-8B6FF6359640-SegmentedRaftLogWorker] INFO  segmented.SegmentedRaftLogWorker (SegmentedRaftLogWorker.java:execute(632)) - c5405651-ef25-48d2-8d28-ae0bccd2c7ed@group-8B6FF6359640-SegmentedRaftLogWorker: created new log segment /home/runner/work/ozone/ozone/hadoop-ozone/integration-test/target/test-dir/MiniOzoneClusterImpl-15b925ce-33b9-4c4c-8faa-158337806406/datanode-0/data/ratis/0ad2a37e-5979-4ea2-8ca1-8b6ff6359640/current/log_inprogress_0
2023-12-05 10:05:11,831 [15f79772-7a81-4af9-9760-e026e14d2a58@group-8B6FF6359640-SegmentedRaftLogWorker] INFO  segmented.SegmentedRaftLogWorker (SegmentedRaftLogWorker.java:execute(632)) - 15f79772-7a81-4af9-9760-e026e14d2a58@group-8B6FF6359640-SegmentedRaftLogWorker: created new log segment /home/runner/work/ozone/ozone/hadoop-ozone/integration-test/target/test-dir/MiniOzoneClusterImpl-15b925ce-33b9-4c4c-8faa-158337806406/datanode-1/data/ratis/0ad2a37e-5979-4ea2-8ca1-8b6ff6359640/current/log_inprogress_0
2023-12-05 10:05:11,831 [8e5cdb27-721d-4db2-bd49-e25625d330e0@group-8B6FF6359640-StateMachineUpdater] INFO  server.RaftServer$Division (LeaderStateImpl.java:isApplied(316)) - leader is ready since appliedIndex == 0 >= startIndex == 0
2023-12-05 10:05:11,844 [15f79772-7a81-4af9-9760-e026e14d2a58@group-8BAD58D8B109-FollowerState] INFO  impl.FollowerState (FollowerState.java:run(143)) - 15f79772-7a81-4af9-9760-e026e14d2a58@group-8BAD58D8B109-FollowerState: change to CANDIDATE, lastRpcElapsedTime:5162424804ns, electionTimeout:5161ms
2023-12-05 10:05:11,844 [15f79772-7a81-4af9-9760-e026e14d2a58@group-8BAD58D8B109-FollowerState] INFO  impl.RoleInfo (RoleInfo.java:shutdownFollowerState(110)) - 15f79772-7a81-4af9-9760-e026e14d2a58: shutdown 15f79772-7a81-4af9-9760-e026e14d2a58@group-8BAD58D8B109-FollowerState
2023-12-05 10:05:11,844 [15f79772-7a81-4af9-9760-e026e14d2a58@group-8BAD58D8B109-FollowerState] INFO  server.RaftServer$Division (RaftServerImpl.java:setRole(379)) - 15f79772-7a81-4af9-9760-e026e14d2a58@group-8BAD58D8B109: changes role from  FOLLOWER to CANDIDATE at term 0 for changeToCandidate
2023-12-05 10:05:11,844 [15f79772-7a81-4af9-9760-e026e14d2a58@group-8BAD58D8B109-FollowerState] INFO  server.RaftServerConfigKeys (ConfUtils.java:logGet(46)) - raft.server.leaderelection.pre-vote = true (default)
2023-12-05 10:05:11,844 [15f79772-7a81-4af9-9760-e026e14d2a58@group-8BAD58D8B109-FollowerState] INFO  impl.RoleInfo (RoleInfo.java:updateAndGet(139)) - 15f79772-7a81-4af9-9760-e026e14d2a58: start 15f79772-7a81-4af9-9760-e026e14d2a58@group-8BAD58D8B109-LeaderElection15
2023-12-05 10:05:11,846 [15f79772-7a81-4af9-9760-e026e14d2a58@group-8BAD58D8B109-LeaderElection15] INFO  impl.LeaderElection (LeaderElection.java:askForVotes(323)) - 15f79772-7a81-4af9-9760-e026e14d2a58@group-8BAD58D8B109-LeaderElection15 PRE_VOTE round 0: submit vote requests at term 0 for -1: peers:[15f79772-7a81-4af9-9760-e026e14d2a58|10.1.0.7:15093]|listeners:[], old=null
2023-12-05 10:05:11,846 [15f79772-7a81-4af9-9760-e026e14d2a58@group-8BAD58D8B109-LeaderElection15] INFO  impl.LeaderElection (LeaderElection.java:askForVotes(325)) - 15f79772-7a81-4af9-9760-e026e14d2a58@group-8BAD58D8B109-LeaderElection15 PRE_VOTE round 0: result PASSED (term=0)
2023-12-05 10:05:11,847 [15f79772-7a81-4af9-9760-e026e14d2a58@group-8BAD58D8B109-LeaderElection15] INFO  impl.LeaderElection (LeaderElection.java:askForVotes(323)) - 15f79772-7a81-4af9-9760-e026e14d2a58@group-8BAD58D8B109-LeaderElection15 ELECTION round 0: submit vote requests at term 1 for -1: peers:[15f79772-7a81-4af9-9760-e026e14d2a58|10.1.0.7:15093]|listeners:[], old=null
2023-12-05 10:05:11,847 [15f79772-7a81-4af9-9760-e026e14d2a58@group-8BAD58D8B109-LeaderElection15] INFO  impl.LeaderElection (LeaderElection.java:askForVotes(325)) - 15f79772-7a81-4af9-9760-e026e14d2a58@group-8BAD58D8B109-LeaderElection15 ELECTION round 0: result PASSED (term=1)
2023-12-05 10:05:11,847 [15f79772-7a81-4af9-9760-e026e14d2a58@group-8BAD58D8B109-LeaderElection15] INFO  impl.RoleInfo (RoleInfo.java:shutdownLeaderElection(130)) - 15f79772-7a81-4af9-9760-e026e14d2a58: shutdown 15f79772-7a81-4af9-9760-e026e14d2a58@group-8BAD58D8B109-LeaderElection15
2023-12-05 10:05:11,847 [15f79772-7a81-4af9-9760-e026e14d2a58@group-8BAD58D8B109-LeaderElection15] INFO  server.RaftServer$Division (RaftServerImpl.java:setRole(379)) - 15f79772-7a81-4af9-9760-e026e14d2a58@group-8BAD58D8B109: changes role from CANDIDATE to LEADER at term 1 for changeToLeader
2023-12-05 10:05:11,847 [15f79772-7a81-4af9-9760-e026e14d2a58@group-8BAD58D8B109-LeaderElection15] INFO  server.RaftServerConfigKeys (ConfUtils.java:logGet(46)) - raft.server.staging.catchup.gap = 1000 (default)
2023-12-05 10:05:11,848 [15f79772-7a81-4af9-9760-e026e14d2a58@group-8BAD58D8B109-LeaderElection15] INFO  server.RaftServerConfigKeys (ConfUtils.java:logGet(46)) - raft.server.write.element-limit = 1024 (custom)
2023-12-05 10:05:11,848 [15f79772-7a81-4af9-9760-e026e14d2a58@group-8BAD58D8B109-LeaderElection15] INFO  server.RaftServerConfigKeys (ConfUtils.java:logGet(46)) - raft.server.write.byte-limit = 1024 M (=1073741824) (custom)
2023-12-05 10:05:11,848 [15f79772-7a81-4af9-9760-e026e14d2a58@group-8BAD58D8B109-LeaderElection15] INFO  server.RaftServerConfigKeys (ConfUtils.java:logGet(46)) - raft.server.watch.timeout = 180s (custom)
2023-12-05 10:05:11,848 [15f79772-7a81-4af9-9760-e026e14d2a58@group-8BAD58D8B109-LeaderElection15] INFO  server.RaftServerConfigKeys (ConfUtils.java:logGet(46)) - raft.server.watch.timeout.denomination = 1s (default)
2023-12-05 10:05:11,848 [15f79772-7a81-4af9-9760-e026e14d2a58@group-8BAD58D8B109-LeaderElection15] INFO  server.RaftServerConfigKeys (ConfUtils.java:logGet(46)) - raft.server.watch.element-limit = 65536 (default)
2023-12-05 10:05:11,848 [15f79772-7a81-4af9-9760-e026e14d2a58@group-8BAD58D8B109-LeaderElection15] INFO  server.RaftServerConfigKeys (ConfUtils.java:logGet(46)) - raft.server.read.leader.lease.enabled = false (default)
2023-12-05 10:05:11,848 [15f79772-7a81-4af9-9760-e026e14d2a58@group-8BAD58D8B109-LeaderElection15] INFO  server.RaftServerConfigKeys (ConfUtils.java:logGet(46)) - raft.server.read.leader.lease.timeout.ratio = 0.9 (default)
2023-12-05 10:05:11,848 [15f79772-7a81-4af9-9760-e026e14d2a58@group-8BAD58D8B109-LeaderElection15] INFO  server.RaftServerConfigKeys (ConfUtils.java:logGet(46)) - raft.server.rpc.timeout.min = 5s (custom)
2023-12-05 10:05:11,848 [15f79772-7a81-4af9-9760-e026e14d2a58@group-8BAD58D8B109-LeaderElection15] INFO  server.RaftServerConfigKeys (ConfUtils.java:logGet(46)) - raft.server.write.element-limit = 1024 (custom)
2023-12-05 10:05:11,848 [15f79772-7a81-4af9-9760-e026e14d2a58@group-8BAD58D8B109-LeaderElection15] INFO  server.RaftServerConfigKeys (ConfUtils.java:logGet(46)) - raft.server.write.follower.gap.ratio.max = -1.0 (default)
2023-12-05 10:05:11,848 [15f79772-7a81-4af9-9760-e026e14d2a58@group-8BAD58D8B109-LeaderElection15] INFO  impl.RoleInfo (RoleInfo.java:updateAndGet(139)) - 15f79772-7a81-4af9-9760-e026e14d2a58: start 15f79772-7a81-4af9-9760-e026e14d2a58@group-8BAD58D8B109-LeaderStateImpl
2023-12-05 10:05:11,848 [15f79772-7a81-4af9-9760-e026e14d2a58@group-8BAD58D8B109-LeaderElection15] INFO  server.RaftServer$Division (RaftServerImpl.java:setFirstElection(564)) - 15f79772-7a81-4af9-9760-e026e14d2a58@group-8BAD58D8B109: set firstElectionSinceStartup to false for becomeLeader
2023-12-05 10:05:11,848 [15f79772-7a81-4af9-9760-e026e14d2a58@group-8BAD58D8B109-LeaderElection15] INFO  ratis.XceiverServerRatis (XceiverServerRatis.java:handleLeaderChangedNotification(935)) - Leader change notification received for group: group-8BAD58D8B109 with new leaderId: 15f79772-7a81-4af9-9760-e026e14d2a58
2023-12-05 10:05:11,848 [15f79772-7a81-4af9-9760-e026e14d2a58@group-8BAD58D8B109-LeaderElection15] INFO  server.RaftServer$Division (ServerState.java:setLeader(265)) - 15f79772-7a81-4af9-9760-e026e14d2a58@group-8BAD58D8B109: change Leader from null to 15f79772-7a81-4af9-9760-e026e14d2a58 at term 1 for becomeLeader, leader elected after 5228ms
2023-12-05 10:05:11,849 [15f79772-7a81-4af9-9760-e026e14d2a58@group-8BAD58D8B109-LeaderElection15] INFO  segmented.SegmentedRaftLogWorker (SegmentedRaftLogWorker.java:startLogSegment(428)) - 15f79772-7a81-4af9-9760-e026e14d2a58@group-8BAD58D8B109-SegmentedRaftLogWorker: Starting segment from index:0
2023-12-05 10:05:11,853 [15f79772-7a81-4af9-9760-e026e14d2a58@group-8BAD58D8B109-LeaderElection15] INFO  server.RaftServer$Division (ServerState.java:setRaftConf(382)) - 15f79772-7a81-4af9-9760-e026e14d2a58@group-8BAD58D8B109: set configuration 0: peers:[15f79772-7a81-4af9-9760-e026e14d2a58|10.1.0.7:15093]|listeners:[], old=null
2023-12-05 10:05:11,857 [15f79772-7a81-4af9-9760-e026e14d2a58@group-8BAD58D8B109-SegmentedRaftLogWorker] INFO  segmented.SegmentedRaftLogWorker (SegmentedRaftLogWorker.java:execute(632)) - 15f79772-7a81-4af9-9760-e026e14d2a58@group-8BAD58D8B109-SegmentedRaftLogWorker: created new log segment /home/runner/work/ozone/ozone/hadoop-ozone/integration-test/target/test-dir/MiniOzoneClusterImpl-15b925ce-33b9-4c4c-8faa-158337806406/datanode-1/data/ratis/909b14d4-b340-4815-8e8c-8bad58d8b109/current/log_inprogress_0
2023-12-05 10:05:11,858 [15f79772-7a81-4af9-9760-e026e14d2a58@group-8BAD58D8B109-StateMachineUpdater] INFO  server.RaftServer$Division (LeaderStateImpl.java:isApplied(316)) - leader is ready since appliedIndex == 0 >= startIndex == 0
2023-12-05 10:05:11,913 [8e5cdb27-721d-4db2-bd49-e25625d330e0@group-3949D8574368-FollowerState] INFO  impl.FollowerState (FollowerState.java:run(143)) - 8e5cdb27-721d-4db2-bd49-e25625d330e0@group-3949D8574368-FollowerState: change to CANDIDATE, lastRpcElapsedTime:5182947444ns, electionTimeout:5182ms
2023-12-05 10:05:11,914 [8e5cdb27-721d-4db2-bd49-e25625d330e0@group-3949D8574368-FollowerState] INFO  impl.RoleInfo (RoleInfo.java:shutdownFollowerState(110)) - 8e5cdb27-721d-4db2-bd49-e25625d330e0: shutdown 8e5cdb27-721d-4db2-bd49-e25625d330e0@group-3949D8574368-FollowerState
2023-12-05 10:05:11,914 [8e5cdb27-721d-4db2-bd49-e25625d330e0@group-3949D8574368-FollowerState] INFO  server.RaftServer$Division (RaftServerImpl.java:setRole(379)) - 8e5cdb27-721d-4db2-bd49-e25625d330e0@group-3949D8574368: changes role from  FOLLOWER to CANDIDATE at term 0 for changeToCandidate
2023-12-05 10:05:11,914 [8e5cdb27-721d-4db2-bd49-e25625d330e0@group-3949D8574368-FollowerState] INFO  server.RaftServerConfigKeys (ConfUtils.java:logGet(46)) - raft.server.leaderelection.pre-vote = true (default)
2023-12-05 10:05:11,914 [8e5cdb27-721d-4db2-bd49-e25625d330e0@group-3949D8574368-FollowerState] INFO  impl.RoleInfo (RoleInfo.java:updateAndGet(139)) - 8e5cdb27-721d-4db2-bd49-e25625d330e0: start 8e5cdb27-721d-4db2-bd49-e25625d330e0@group-3949D8574368-LeaderElection16
2023-12-05 10:05:11,915 [8e5cdb27-721d-4db2-bd49-e25625d330e0@group-3949D8574368-LeaderElection16] INFO  impl.LeaderElection (LeaderElection.java:askForVotes(323)) - 8e5cdb27-721d-4db2-bd49-e25625d330e0@group-3949D8574368-LeaderElection16 PRE_VOTE round 0: submit vote requests at term 0 for -1: peers:[8e5cdb27-721d-4db2-bd49-e25625d330e0|10.1.0.7:15102]|listeners:[], old=null
2023-12-05 10:05:11,915 [8e5cdb27-721d-4db2-bd49-e25625d330e0@group-3949D8574368-LeaderElection16] INFO  impl.LeaderElection (LeaderElection.java:askForVotes(325)) - 8e5cdb27-721d-4db2-bd49-e25625d330e0@group-3949D8574368-LeaderElection16 PRE_VOTE round 0: result PASSED (term=0)
2023-12-05 10:05:11,916 [8e5cdb27-721d-4db2-bd49-e25625d330e0@group-3949D8574368-LeaderElection16] INFO  impl.LeaderElection (LeaderElection.java:askForVotes(323)) - 8e5cdb27-721d-4db2-bd49-e25625d330e0@group-3949D8574368-LeaderElection16 ELECTION round 0: submit vote requests at term 1 for -1: peers:[8e5cdb27-721d-4db2-bd49-e25625d330e0|10.1.0.7:15102]|listeners:[], old=null
2023-12-05 10:05:11,916 [8e5cdb27-721d-4db2-bd49-e25625d330e0@group-3949D8574368-LeaderElection16] INFO  impl.LeaderElection (LeaderElection.java:askForVotes(325)) - 8e5cdb27-721d-4db2-bd49-e25625d330e0@group-3949D8574368-LeaderElection16 ELECTION round 0: result PASSED (term=1)
2023-12-05 10:05:11,916 [8e5cdb27-721d-4db2-bd49-e25625d330e0@group-3949D8574368-LeaderElection16] INFO  impl.RoleInfo (RoleInfo.java:shutdownLeaderElection(130)) - 8e5cdb27-721d-4db2-bd49-e25625d330e0: shutdown 8e5cdb27-721d-4db2-bd49-e25625d330e0@group-3949D8574368-LeaderElection16
2023-12-05 10:05:11,916 [8e5cdb27-721d-4db2-bd49-e25625d330e0@group-3949D8574368-LeaderElection16] INFO  server.RaftServer$Division (RaftServerImpl.java:setRole(379)) - 8e5cdb27-721d-4db2-bd49-e25625d330e0@group-3949D8574368: changes role from CANDIDATE to LEADER at term 1 for changeToLeader
2023-12-05 10:05:11,916 [8e5cdb27-721d-4db2-bd49-e25625d330e0@group-3949D8574368-LeaderElection16] INFO  server.RaftServerConfigKeys (ConfUtils.java:logGet(46)) - raft.server.staging.catchup.gap = 1000 (default)
2023-12-05 10:05:11,916 [8e5cdb27-721d-4db2-bd49-e25625d330e0@group-3949D8574368-LeaderElection16] INFO  server.RaftServerConfigKeys (ConfUtils.java:logGet(46)) - raft.server.write.element-limit = 1024 (custom)
2023-12-05 10:05:11,916 [8e5cdb27-721d-4db2-bd49-e25625d330e0@group-3949D8574368-LeaderElection16] INFO  server.RaftServerConfigKeys (ConfUtils.java:logGet(46)) - raft.server.write.byte-limit = 1024 M (=1073741824) (custom)
2023-12-05 10:05:11,916 [8e5cdb27-721d-4db2-bd49-e25625d330e0@group-3949D8574368-LeaderElection16] INFO  server.RaftServerConfigKeys (ConfUtils.java:logGet(46)) - raft.server.watch.timeout = 180s (custom)
2023-12-05 10:05:11,916 [8e5cdb27-721d-4db2-bd49-e25625d330e0@group-3949D8574368-LeaderElection16] INFO  server.RaftServerConfigKeys (ConfUtils.java:logGet(46)) - raft.server.watch.timeout.denomination = 1s (default)
2023-12-05 10:05:11,917 [8e5cdb27-721d-4db2-bd49-e25625d330e0@group-3949D8574368-LeaderElection16] INFO  server.RaftServerConfigKeys (ConfUtils.java:logGet(46)) - raft.server.watch.element-limit = 65536 (default)
2023-12-05 10:05:11,917 [8e5cdb27-721d-4db2-bd49-e25625d330e0@group-3949D8574368-LeaderElection16] INFO  server.RaftServerConfigKeys (ConfUtils.java:logGet(46)) - raft.server.read.leader.lease.enabled = false (default)
2023-12-05 10:05:11,917 [8e5cdb27-721d-4db2-bd49-e25625d330e0@group-3949D8574368-LeaderElection16] INFO  server.RaftServerConfigKeys (ConfUtils.java:logGet(46)) - raft.server.read.leader.lease.timeout.ratio = 0.9 (default)
2023-12-05 10:05:11,917 [8e5cdb27-721d-4db2-bd49-e25625d330e0@group-3949D8574368-LeaderElection16] INFO  server.RaftServerConfigKeys (ConfUtils.java:logGet(46)) - raft.server.rpc.timeout.min = 5s (custom)
2023-12-05 10:05:11,917 [8e5cdb27-721d-4db2-bd49-e25625d330e0@group-3949D8574368-LeaderElection16] INFO  server.RaftServerConfigKeys (ConfUtils.java:logGet(46)) - raft.server.write.element-limit = 1024 (custom)
2023-12-05 10:05:11,917 [8e5cdb27-721d-4db2-bd49-e25625d330e0@group-3949D8574368-LeaderElection16] INFO  server.RaftServerConfigKeys (ConfUtils.java:logGet(46)) - raft.server.write.follower.gap.ratio.max = -1.0 (default)
2023-12-05 10:05:11,917 [8e5cdb27-721d-4db2-bd49-e25625d330e0@group-3949D8574368-LeaderElection16] INFO  impl.RoleInfo (RoleInfo.java:updateAndGet(139)) - 8e5cdb27-721d-4db2-bd49-e25625d330e0: start 8e5cdb27-721d-4db2-bd49-e25625d330e0@group-3949D8574368-LeaderStateImpl
2023-12-05 10:05:11,917 [8e5cdb27-721d-4db2-bd49-e25625d330e0@group-3949D8574368-LeaderElection16] INFO  server.RaftServer$Division (RaftServerImpl.java:setFirstElection(564)) - 8e5cdb27-721d-4db2-bd49-e25625d330e0@group-3949D8574368: set firstElectionSinceStartup to false for becomeLeader
2023-12-05 10:05:11,917 [8e5cdb27-721d-4db2-bd49-e25625d330e0@group-3949D8574368-LeaderElection16] INFO  ratis.XceiverServerRatis (XceiverServerRatis.java:handleLeaderChangedNotification(935)) - Leader change notification received for group: group-3949D8574368 with new leaderId: 8e5cdb27-721d-4db2-bd49-e25625d330e0
2023-12-05 10:05:11,917 [8e5cdb27-721d-4db2-bd49-e25625d330e0@group-3949D8574368-LeaderElection16] INFO  server.RaftServer$Division (ServerState.java:setLeader(265)) - 8e5cdb27-721d-4db2-bd49-e25625d330e0@group-3949D8574368: change Leader from null to 8e5cdb27-721d-4db2-bd49-e25625d330e0 at term 1 for becomeLeader, leader elected after 5203ms
2023-12-05 10:05:11,917 [8e5cdb27-721d-4db2-bd49-e25625d330e0@group-3949D8574368-LeaderElection16] INFO  segmented.SegmentedRaftLogWorker (SegmentedRaftLogWorker.java:startLogSegment(428)) - 8e5cdb27-721d-4db2-bd49-e25625d330e0@group-3949D8574368-SegmentedRaftLogWorker: Starting segment from index:0
2023-12-05 10:05:11,918 [8e5cdb27-721d-4db2-bd49-e25625d330e0@group-3949D8574368-LeaderElection16] INFO  server.RaftServer$Division (ServerState.java:setRaftConf(382)) - 8e5cdb27-721d-4db2-bd49-e25625d330e0@group-3949D8574368: set configuration 0: peers:[8e5cdb27-721d-4db2-bd49-e25625d330e0|10.1.0.7:15102]|listeners:[], old=null
2023-12-05 10:05:11,927 [8e5cdb27-721d-4db2-bd49-e25625d330e0@group-3949D8574368-SegmentedRaftLogWorker] INFO  segmented.SegmentedRaftLogWorker (SegmentedRaftLogWorker.java:execute(632)) - 8e5cdb27-721d-4db2-bd49-e25625d330e0@group-3949D8574368-SegmentedRaftLogWorker: created new log segment /home/runner/work/ozone/ozone/hadoop-ozone/integration-test/target/test-dir/MiniOzoneClusterImpl-15b925ce-33b9-4c4c-8faa-158337806406/datanode-2/data/ratis/8bc0787e-27c1-4be4-abec-3949d8574368/current/log_inprogress_0
2023-12-05 10:05:11,927 [8e5cdb27-721d-4db2-bd49-e25625d330e0@group-3949D8574368-StateMachineUpdater] INFO  server.RaftServer$Division (LeaderStateImpl.java:isApplied(316)) - leader is ready since appliedIndex == 0 >= startIndex == 0
2023-12-05 10:05:12,713 [main] INFO  ozone.MiniOzoneClusterImpl (MiniOzoneClusterImpl.java:lambda$waitForClusterToBeReady$0(229)) - Nodes are ready. Got 3 of 3 DN Heartbeats.
2023-12-05 10:05:12,713 [main] INFO  ozone.MiniOzoneClusterImpl (MiniOzoneClusterImpl.java:lambda$waitForClusterToBeReady$0(232)) - Cluster exits safe mode
2023-12-05 10:05:12,713 [main] INFO  ozone.MiniOzoneClusterImpl (MiniOzoneClusterImpl.java:lambda$waitForClusterToBeReady$0(234)) - SCM became leader
2023-12-05 10:05:12,716 [main] INFO  ha.SequenceIdGenerator (SequenceIdGenerator.java:getNextId(145)) - Allocate a batch for containerId, change lastId from 0 to 1000.
2023-12-05 10:05:12,719 [main] INFO  ozone.MiniOzoneClusterImpl (MiniOzoneClusterImpl.java:shutdown(449)) - Shutting down the Mini Ozone Cluster
2023-12-05 10:05:12,719 [main] INFO  ozone.MiniOzoneClusterImpl (MiniOzoneClusterImpl.java:stop(466)) - Stopping the Mini Ozone Cluster
2023-12-05 10:05:12,719 [main] INFO  om.OzoneManager (OzoneManager.java:stop(2203)) - om1[localhost:15074]: Stopping Ozone Manager
2023-12-05 10:05:12,719 [main] INFO  ipc.Server (Server.java:stop(3523)) - Stopping server on 15074
2023-12-05 10:05:12,721 [IPC Server listener on 15074] INFO  ipc.Server (Server.java:run(1434)) - Stopping IPC Server listener on 15074
2023-12-05 10:05:12,721 [IPC Server Responder] INFO  ipc.Server (Server.java:run(1567)) - Stopping IPC Server Responder
2023-12-05 10:05:12,722 [main] INFO  server.RaftServer (RaftServerProxy.java:lambda$close$9(416)) - om1: close
2023-12-05 10:05:12,722 [main] INFO  server.GrpcService (GrpcService.java:closeImpl(311)) - om1: shutdown server GrpcServerProtocolService now
2023-12-05 10:05:12,722 [om1-impl-thread1] INFO  server.RaftServer$Division (RaftServerImpl.java:lambda$close$3(516)) - om1@group-C5BA1605619E: shutdown
2023-12-05 10:05:12,722 [om1-impl-thread1] INFO  util.JmxRegister (JmxRegister.java:unregister(73)) - Successfully un-registered JMX Bean with object name Ratis:service=RaftServer,group=group-C5BA1605619E,id=om1
2023-12-05 10:05:12,723 [om1-impl-thread1] INFO  impl.RoleInfo (RoleInfo.java:shutdownLeaderState(94)) - om1: shutdown om1@group-C5BA1605619E-LeaderStateImpl
2023-12-05 10:05:12,723 [om1-impl-thread1] INFO  impl.PendingRequests (PendingRequests.java:sendNotLeaderResponses(289)) - om1@group-C5BA1605619E-PendingRequests: sendNotLeaderResponses
2023-12-05 10:05:12,723 [om1-impl-thread1] INFO  impl.StateMachineUpdater (StateMachineUpdater.java:stopAndJoin(157)) - om1@group-C5BA1605619E-StateMachineUpdater: set stopIndex = 0
2023-12-05 10:05:12,723 [om1@group-C5BA1605619E-StateMachineUpdater] INFO  ratis.OzoneManagerStateMachine (OzoneManagerStateMachine.java:takeSnapshot(492)) - Current Snapshot Index (t:1, i:0)
2023-12-05 10:05:12,724 [main] INFO  server.GrpcService (GrpcService.java:closeImpl(320)) - om1: shutdown server GrpcServerProtocolService successfully
2023-12-05 10:05:12,730 [om1@group-C5BA1605619E-StateMachineUpdater] INFO  impl.StateMachineUpdater (StateMachineUpdater.java:takeSnapshot(295)) - om1@group-C5BA1605619E-StateMachineUpdater: Took a snapshot at index 0
2023-12-05 10:05:12,730 [om1@group-C5BA1605619E-StateMachineUpdater] INFO  impl.StateMachineUpdater (StateMachineUpdater.java:lambda$new$0(98)) - om1@group-C5BA1605619E-StateMachineUpdater: snapshotIndex: updateIncreasingly -1 -> 0
2023-12-05 10:05:12,730 [om1@group-C5BA1605619E-StateMachineUpdater] INFO  ratis.OzoneManagerStateMachine (OzoneManagerStateMachine.java:close(546)) - StateMachine has shutdown. Shutdown OzoneManager if not already shutdown.
2023-12-05 10:05:12,730 [om1@group-C5BA1605619E-StateMachineUpdater] INFO  ratis.OzoneManagerDoubleBuffer (OzoneManagerDoubleBuffer.java:stopDaemon(575)) - Stopping OMDoubleBuffer flush thread
2023-12-05 10:05:12,730 [om1-OMDoubleBufferFlushThread] INFO  ratis.OzoneManagerDoubleBuffer (OzoneManagerDoubleBuffer.java:canFlush(662)) - OMDoubleBuffer flush thread om1-OMDoubleBufferFlushThread is interrupted and will exit.
2023-12-05 10:05:12,731 [om1-impl-thread1] INFO  server.RaftServer$Division (ServerState.java:close(423)) - om1@group-C5BA1605619E: applyIndex: 0
2023-12-05 10:05:12,731 [om1@group-C5BA1605619E-cacheEviction-AwaitToRun] INFO  util.AwaitToRun (AwaitToRun.java:run(49)) - om1@group-C5BA1605619E-cacheEviction-AwaitToRun-AwaitForSignal is interrupted
2023-12-05 10:05:13,505 [om1-impl-thread1] INFO  segmented.SegmentedRaftLogWorker (SegmentedRaftLogWorker.java:close(243)) - om1@group-C5BA1605619E-SegmentedRaftLogWorker close()
2023-12-05 10:05:13,506 [JvmPauseMonitor11] INFO  util.JvmPauseMonitor (JvmPauseMonitor.java:run(152)) - JvmPauseMonitor-om1: Stopped
2023-12-05 10:05:13,506 [main] INFO  ratis.OzoneManagerStateMachine (OzoneManagerStateMachine.java:close(546)) - StateMachine has shutdown. Shutdown OzoneManager if not already shutdown.
2023-12-05 10:05:13,506 [main] INFO  ratis.OzoneManagerDoubleBuffer (OzoneManagerDoubleBuffer.java:stopDaemon(584)) - OMDoubleBuffer flush thread is not running.
2023-12-05 10:05:13,506 [main] INFO  utils.BackgroundService (BackgroundService.java:shutdown(160)) - Shutting down service KeyDeletingService
2023-12-05 10:05:13,506 [main] INFO  utils.BackgroundService (BackgroundService.java:shutdown(160)) - Shutting down service DirectoryDeletingService
2023-12-05 10:05:13,507 [main] INFO  utils.BackgroundService (BackgroundService.java:shutdown(160)) - Shutting down service OpenKeyCleanupService
2023-12-05 10:05:13,507 [main] INFO  utils.BackgroundService (BackgroundService.java:shutdown(160)) - Shutting down service SstFilteringService
2023-12-05 10:05:13,507 [main] INFO  utils.BackgroundService (BackgroundService.java:shutdown(160)) - Shutting down service SnapshotDeletingService
2023-12-05 10:05:13,508 [main] INFO  utils.BackgroundService (BackgroundService.java:shutdown(160)) - Shutting down service MultipartUploadCleanupService
2023-12-05 10:05:13,508 [main] INFO  handler.ContextHandler (ContextHandler.java:doStop(1159)) - Stopped o.e.j.w.WebAppContext@58cac2ef{ozoneManager,/,null,STOPPED}{file:/home/runner/work/ozone/ozone/hadoop-ozone/integration-test/target/test-classes/webapps/ozoneManager}
2023-12-05 10:05:13,510 [main] INFO  server.AbstractConnector (AbstractConnector.java:doStop(383)) - Stopped ServerConnector@18067295{HTTP/1.1, (http/1.1)}{0.0.0.0:15075}
2023-12-05 10:05:13,510 [main] INFO  server.session (HouseKeeper.java:stopScavenging(149)) - node0 Stopped scavenging
2023-12-05 10:05:13,510 [main] INFO  handler.ContextHandler (ContextHandler.java:doStop(1159)) - Stopped o.e.j.s.ServletContextHandler@48b193f0{static,/static,file:///home/runner/work/ozone/ozone/hadoop-ozone/integration-test/target/test-classes/webapps/static,STOPPED}
2023-12-05 10:05:13,510 [main] INFO  handler.ContextHandler (ContextHandler.java:doStop(1159)) - Stopped o.e.j.s.ServletContextHandler@4a4ea586{logs,/logs,file:///home/runner/work/ozone/ozone/hadoop-ozone/integration-test/target/log,STOPPED}
2023-12-05 10:05:13,511 [main] INFO  rocksdiff.RocksDBCheckpointDiffer (RocksDBCheckpointDiffer.java:close(310)) - Shutting down CompactionDagPruningService.
2023-12-05 10:05:13,513 [main] INFO  snapshot.SnapshotDiffManager (SnapshotDiffManager.java:closeExecutorService(1716)) - Shutting down executorService: 'SnapDiffExecutor'
2023-12-05 10:05:13,513 [main] INFO  snapshot.SnapshotDiffManager (SnapshotDiffManager.java:closeExecutorService(1716)) - Shutting down executorService: 'SstDumpToolExecutor'
2023-12-05 10:05:13,513 [main] INFO  utils.BackgroundService (BackgroundService.java:shutdown(160)) - Shutting down service SnapshotDiffCleanupService
2023-12-05 10:05:13,514 [main] INFO  ozone.MiniOzoneClusterImpl (MiniOzoneClusterImpl.java:stopDatanodes(536)) - Stopping the HddsDatanodes
2023-12-05 10:05:13,516 [ForkJoinPool.commonPool-worker-3] INFO  ozoneimpl.OzoneContainer (OzoneContainer.java:stop(463)) - Attempting to stop container services.
2023-12-05 10:05:13,517 [ForkJoinPool.commonPool-worker-3] INFO  server.RaftServer (RaftServerProxy.java:lambda$close$9(416)) - c5405651-ef25-48d2-8d28-ae0bccd2c7ed: close
2023-12-05 10:05:13,517 [c5405651-ef25-48d2-8d28-ae0bccd2c7ed-impl-thread1] INFO  server.RaftServer$Division (RaftServerImpl.java:lambda$close$3(516)) - c5405651-ef25-48d2-8d28-ae0bccd2c7ed@group-F780A31F5490: shutdown
2023-12-05 10:05:13,518 [c5405651-ef25-48d2-8d28-ae0bccd2c7ed-impl-thread1] INFO  util.JmxRegister (JmxRegister.java:unregister(73)) - Successfully un-registered JMX Bean with object name Ratis:service=RaftServer,group=group-F780A31F5490,id=c5405651-ef25-48d2-8d28-ae0bccd2c7ed
2023-12-05 10:05:13,518 [c5405651-ef25-48d2-8d28-ae0bccd2c7ed-impl-thread1] INFO  impl.RoleInfo (RoleInfo.java:shutdownLeaderState(94)) - c5405651-ef25-48d2-8d28-ae0bccd2c7ed: shutdown c5405651-ef25-48d2-8d28-ae0bccd2c7ed@group-F780A31F5490-LeaderStateImpl
2023-12-05 10:05:13,518 [c5405651-ef25-48d2-8d28-ae0bccd2c7ed-impl-thread1] INFO  impl.PendingRequests (PendingRequests.java:sendNotLeaderResponses(289)) - c5405651-ef25-48d2-8d28-ae0bccd2c7ed@group-F780A31F5490-PendingRequests: sendNotLeaderResponses
2023-12-05 10:05:13,518 [ForkJoinPool.commonPool-worker-3] INFO  server.GrpcService (GrpcService.java:closeImpl(311)) - c5405651-ef25-48d2-8d28-ae0bccd2c7ed: shutdown server org.apache.ratis.grpc.server.GrpcClientProtocolService now
2023-12-05 10:05:13,518 [ForkJoinPool.commonPool-worker-1] INFO  ozoneimpl.OzoneContainer (OzoneContainer.java:stop(463)) - Attempting to stop container services.
2023-12-05 10:05:13,518 [main] INFO  ozoneimpl.OzoneContainer (OzoneContainer.java:stop(463)) - Attempting to stop container services.
2023-12-05 10:05:13,518 [c5405651-ef25-48d2-8d28-ae0bccd2c7ed@group-F780A31F5490-StateMachineUpdater] INFO  ratis.ContainerStateMachine (ContainerStateMachine.java:takeSnapshot(337)) - group-F780A31F5490: Taking a snapshot at:(t:1, i:0) file /home/runner/work/ozone/ozone/hadoop-ozone/integration-test/target/test-dir/MiniOzoneClusterImpl-15b925ce-33b9-4c4c-8faa-158337806406/datanode-0/data/ratis/996438ae-1bef-4494-afe8-f780a31f5490/sm/snapshot.1_0
2023-12-05 10:05:13,518 [c5405651-ef25-48d2-8d28-ae0bccd2c7ed-impl-thread1] INFO  impl.StateMachineUpdater (StateMachineUpdater.java:stopAndJoin(157)) - c5405651-ef25-48d2-8d28-ae0bccd2c7ed@group-F780A31F5490-StateMachineUpdater: set stopIndex = 0
2023-12-05 10:05:13,518 [c5405651-ef25-48d2-8d28-ae0bccd2c7ed-impl-thread2] INFO  server.RaftServer$Division (RaftServerImpl.java:lambda$close$3(516)) - c5405651-ef25-48d2-8d28-ae0bccd2c7ed@group-8B6FF6359640: shutdown
2023-12-05 10:05:13,524 [ForkJoinPool.commonPool-worker-3] INFO  server.GrpcService (GrpcService.java:closeImpl(320)) - c5405651-ef25-48d2-8d28-ae0bccd2c7ed: shutdown server org.apache.ratis.grpc.server.GrpcClientProtocolService successfully
2023-12-05 10:05:13,524 [c5405651-ef25-48d2-8d28-ae0bccd2c7ed-impl-thread2] INFO  util.JmxRegister (JmxRegister.java:unregister(73)) - Successfully un-registered JMX Bean with object name Ratis:service=RaftServer,group=group-8B6FF6359640,id=c5405651-ef25-48d2-8d28-ae0bccd2c7ed
2023-12-05 10:05:13,525 [c5405651-ef25-48d2-8d28-ae0bccd2c7ed-impl-thread2] INFO  impl.RoleInfo (RoleInfo.java:shutdownFollowerState(110)) - c5405651-ef25-48d2-8d28-ae0bccd2c7ed: shutdown c5405651-ef25-48d2-8d28-ae0bccd2c7ed@group-8B6FF6359640-FollowerState
2023-12-05 10:05:13,525 [c5405651-ef25-48d2-8d28-ae0bccd2c7ed-impl-thread2] INFO  impl.StateMachineUpdater (StateMachineUpdater.java:stopAndJoin(157)) - c5405651-ef25-48d2-8d28-ae0bccd2c7ed@group-8B6FF6359640-StateMachineUpdater: set stopIndex = -1
2023-12-05 10:05:13,524 [c5405651-ef25-48d2-8d28-ae0bccd2c7ed@group-F780A31F5490-StateMachineUpdater] INFO  ratis.ContainerStateMachine (ContainerStateMachine.java:takeSnapshot(348)) - group-F780A31F5490: Finished taking a snapshot at:(t:1, i:0) file:/home/runner/work/ozone/ozone/hadoop-ozone/integration-test/target/test-dir/MiniOzoneClusterImpl-15b925ce-33b9-4c4c-8faa-158337806406/datanode-0/data/ratis/996438ae-1bef-4494-afe8-f780a31f5490/sm/snapshot.1_0 took: 6 ms
2023-12-05 10:05:13,525 [c5405651-ef25-48d2-8d28-ae0bccd2c7ed@group-F780A31F5490-StateMachineUpdater] INFO  impl.StateMachineUpdater (StateMachineUpdater.java:takeSnapshot(295)) - c5405651-ef25-48d2-8d28-ae0bccd2c7ed@group-F780A31F5490-StateMachineUpdater: Took a snapshot at index 0
2023-12-05 10:05:13,525 [c5405651-ef25-48d2-8d28-ae0bccd2c7ed@group-F780A31F5490-StateMachineUpdater] INFO  impl.StateMachineUpdater (StateMachineUpdater.java:lambda$new$0(98)) - c5405651-ef25-48d2-8d28-ae0bccd2c7ed@group-F780A31F5490-StateMachineUpdater: snapshotIndex: updateIncreasingly -1 -> 0
2023-12-05 10:05:13,525 [c5405651-ef25-48d2-8d28-ae0bccd2c7ed-impl-thread1] INFO  server.RaftServer$Division (ServerState.java:close(423)) - c5405651-ef25-48d2-8d28-ae0bccd2c7ed@group-F780A31F5490: applyIndex: 0
2023-12-05 10:05:13,527 [main] INFO  server.RaftServer (RaftServerProxy.java:lambda$close$9(416)) - 15f79772-7a81-4af9-9760-e026e14d2a58: close
2023-12-05 10:05:13,527 [15f79772-7a81-4af9-9760-e026e14d2a58-impl-thread1] INFO  server.RaftServer$Division (RaftServerImpl.java:lambda$close$3(516)) - 15f79772-7a81-4af9-9760-e026e14d2a58@group-8BAD58D8B109: shutdown
2023-12-05 10:05:13,527 [15f79772-7a81-4af9-9760-e026e14d2a58-impl-thread1] INFO  util.JmxRegister (JmxRegister.java:unregister(73)) - Successfully un-registered JMX Bean with object name Ratis:service=RaftServer,group=group-8BAD58D8B109,id=15f79772-7a81-4af9-9760-e026e14d2a58
2023-12-05 10:05:13,527 [15f79772-7a81-4af9-9760-e026e14d2a58-impl-thread1] INFO  impl.RoleInfo (RoleInfo.java:shutdownLeaderState(94)) - 15f79772-7a81-4af9-9760-e026e14d2a58: shutdown 15f79772-7a81-4af9-9760-e026e14d2a58@group-8BAD58D8B109-LeaderStateImpl
2023-12-05 10:05:13,527 [15f79772-7a81-4af9-9760-e026e14d2a58-impl-thread1] INFO  impl.PendingRequests (PendingRequests.java:sendNotLeaderResponses(289)) - 15f79772-7a81-4af9-9760-e026e14d2a58@group-8BAD58D8B109-PendingRequests: sendNotLeaderResponses
2023-12-05 10:05:13,524 [ForkJoinPool.commonPool-worker-1] INFO  server.RaftServer (RaftServerProxy.java:lambda$close$9(416)) - 8e5cdb27-721d-4db2-bd49-e25625d330e0: close
2023-12-05 10:05:13,527 [15f79772-7a81-4af9-9760-e026e14d2a58-impl-thread1] INFO  impl.StateMachineUpdater (StateMachineUpdater.java:stopAndJoin(157)) - 15f79772-7a81-4af9-9760-e026e14d2a58@group-8BAD58D8B109-StateMachineUpdater: set stopIndex = 0
2023-12-05 10:05:13,528 [15f79772-7a81-4af9-9760-e026e14d2a58@group-8BAD58D8B109-StateMachineUpdater] INFO  ratis.ContainerStateMachine (ContainerStateMachine.java:takeSnapshot(337)) - group-8BAD58D8B109: Taking a snapshot at:(t:1, i:0) file /home/runner/work/ozone/ozone/hadoop-ozone/integration-test/target/test-dir/MiniOzoneClusterImpl-15b925ce-33b9-4c4c-8faa-158337806406/datanode-1/data/ratis/909b14d4-b340-4815-8e8c-8bad58d8b109/sm/snapshot.1_0
2023-12-05 10:05:13,528 [main] INFO  server.GrpcService (GrpcService.java:closeImpl(311)) - 15f79772-7a81-4af9-9760-e026e14d2a58: shutdown server org.apache.ratis.grpc.server.GrpcClientProtocolService now
2023-12-05 10:05:13,525 [c5405651-ef25-48d2-8d28-ae0bccd2c7ed-impl-thread2] INFO  server.RaftServer$Division (ServerState.java:close(423)) - c5405651-ef25-48d2-8d28-ae0bccd2c7ed@group-8B6FF6359640: applyIndex: -1
2023-12-05 10:05:13,525 [c5405651-ef25-48d2-8d28-ae0bccd2c7ed@group-8B6FF6359640-FollowerState] INFO  impl.FollowerState (FollowerState.java:run(152)) - c5405651-ef25-48d2-8d28-ae0bccd2c7ed@group-8B6FF6359640-FollowerState was interrupted
2023-12-05 10:05:13,525 [ForkJoinPool.commonPool-worker-3] INFO  server.GrpcService (GrpcService.java:closeImpl(311)) - c5405651-ef25-48d2-8d28-ae0bccd2c7ed: shutdown server GrpcServerProtocolService now
2023-12-05 10:05:13,528 [15f79772-7a81-4af9-9760-e026e14d2a58@group-8BAD58D8B109-StateMachineUpdater] INFO  ratis.ContainerStateMachine (ContainerStateMachine.java:takeSnapshot(348)) - group-8BAD58D8B109: Finished taking a snapshot at:(t:1, i:0) file:/home/runner/work/ozone/ozone/hadoop-ozone/integration-test/target/test-dir/MiniOzoneClusterImpl-15b925ce-33b9-4c4c-8faa-158337806406/datanode-1/data/ratis/909b14d4-b340-4815-8e8c-8bad58d8b109/sm/snapshot.1_0 took: 1 ms
2023-12-05 10:05:13,528 [15f79772-7a81-4af9-9760-e026e14d2a58-impl-thread2] INFO  server.RaftServer$Division (RaftServerImpl.java:lambda$close$3(516)) - 15f79772-7a81-4af9-9760-e026e14d2a58@group-8B6FF6359640: shutdown
2023-12-05 10:05:13,528 [15f79772-7a81-4af9-9760-e026e14d2a58-impl-thread2] INFO  util.JmxRegister (JmxRegister.java:unregister(73)) - Successfully un-registered JMX Bean with object name Ratis:service=RaftServer,group=group-8B6FF6359640,id=15f79772-7a81-4af9-9760-e026e14d2a58
2023-12-05 10:05:13,528 [15f79772-7a81-4af9-9760-e026e14d2a58@group-8BAD58D8B109-StateMachineUpdater] INFO  impl.StateMachineUpdater (StateMachineUpdater.java:takeSnapshot(295)) - 15f79772-7a81-4af9-9760-e026e14d2a58@group-8BAD58D8B109-StateMachineUpdater: Took a snapshot at index 0
2023-12-05 10:05:13,528 [15f79772-7a81-4af9-9760-e026e14d2a58@group-8BAD58D8B109-StateMachineUpdater] INFO  impl.StateMachineUpdater (StateMachineUpdater.java:lambda$new$0(98)) - 15f79772-7a81-4af9-9760-e026e14d2a58@group-8BAD58D8B109-StateMachineUpdater: snapshotIndex: updateIncreasingly -1 -> 0
2023-12-05 10:05:13,528 [c5405651-ef25-48d2-8d28-ae0bccd2c7ed@group-8B6FF6359640-cacheEviction-AwaitToRun] INFO  util.AwaitToRun (AwaitToRun.java:run(49)) - c5405651-ef25-48d2-8d28-ae0bccd2c7ed@group-8B6FF6359640-cacheEviction-AwaitToRun-AwaitForSignal is interrupted
2023-12-05 10:05:13,529 [15f79772-7a81-4af9-9760-e026e14d2a58-impl-thread1] INFO  server.RaftServer$Division (ServerState.java:close(423)) - 15f79772-7a81-4af9-9760-e026e14d2a58@group-8BAD58D8B109: applyIndex: 0
2023-12-05 10:05:13,528 [15f79772-7a81-4af9-9760-e026e14d2a58-impl-thread2] INFO  impl.RoleInfo (RoleInfo.java:shutdownFollowerState(110)) - 15f79772-7a81-4af9-9760-e026e14d2a58: shutdown 15f79772-7a81-4af9-9760-e026e14d2a58@group-8B6FF6359640-FollowerState
2023-12-05 10:05:13,529 [grpc-default-executor-1] WARN  server.GrpcServerProtocolService (LogUtils.java:warn(121)) - c5405651-ef25-48d2-8d28-ae0bccd2c7ed: APPEND_ENTRIES onError, lastRequest: null: org.apache.ratis.thirdparty.io.grpc.StatusRuntimeException: CANCELLED: client cancelled
2023-12-05 10:05:13,530 [grpc-default-executor-0] WARN  server.GrpcLogAppender (LogUtils.java:warn(121)) - 8e5cdb27-721d-4db2-bd49-e25625d330e0@group-8B6FF6359640->c5405651-ef25-48d2-8d28-ae0bccd2c7ed-AppendLogResponseHandler: Failed appendEntries: org.apache.ratis.thirdparty.io.grpc.StatusRuntimeException: CANCELLED: RST_STREAM closed stream. HTTP/2 error code: CANCEL
2023-12-05 10:05:13,531 [grpc-default-executor-3] WARN  server.GrpcServerProtocolService (LogUtils.java:warn(121)) - c5405651-ef25-48d2-8d28-ae0bccd2c7ed: APPEND_ENTRIES onError, lastRequest: 8e5cdb27-721d-4db2-bd49-e25625d330e0->c5405651-ef25-48d2-8d28-ae0bccd2c7ed#1-t1,previous=(t:0, i:0),leaderCommit=-1,initializing? true,entries: size=1, first=(t:1, i:0), CONFIGURATIONENTRY(current:id: "15f79772-7a81-4af9-9760-e026e14d2a58"
address: "10.1.0.7:15093"
dataStreamAddress: "10.1.0.7:15094"
clientAddress: "10.1.0.7:15091"
adminAddress: "10.1.0.7:15092"
startupRole: FOLLOWER
,id: "c5405651-ef25-48d2-8d28-ae0bccd2c7ed"
address: "10.1.0.7:15084"
dataStreamAddress: "10.1.0.7:15085"
clientAddress: "10.1.0.7:15082"
adminAddress: "10.1.0.7:15083"
startupRole: FOLLOWER
,id: "8e5cdb27-721d-4db2-bd49-e25625d330e0"
address: "10.1.0.7:15102"
priority: 1
dataStreamAddress: "10.1.0.7:15103"
clientAddress: "10.1.0.7:15100"
adminAddress: "10.1.0.7:15101"
startupRole: FOLLOWER
, old:): org.apache.ratis.thirdparty.io.grpc.StatusRuntimeException: CANCELLED: client cancelled
2023-12-05 10:05:13,532 [grpc-default-executor-0] WARN  server.GrpcLogAppender (GrpcLogAppender.java:resetClient(140)) - 8e5cdb27-721d-4db2-bd49-e25625d330e0@group-8B6FF6359640->c5405651-ef25-48d2-8d28-ae0bccd2c7ed-GrpcLogAppender: Follower failed and request == null,  keep nextIndex (1) unchanged and retry.
2023-12-05 10:05:13,535 [main] INFO  server.GrpcService (GrpcService.java:closeImpl(320)) - 15f79772-7a81-4af9-9760-e026e14d2a58: shutdown server org.apache.ratis.grpc.server.GrpcClientProtocolService successfully
2023-12-05 10:05:13,535 [main] INFO  server.GrpcService (GrpcService.java:closeImpl(311)) - 15f79772-7a81-4af9-9760-e026e14d2a58: shutdown server GrpcServerProtocolService now
2023-12-05 10:05:13,536 [c5405651-ef25-48d2-8d28-ae0bccd2c7ed@group-F780A31F5490-cacheEviction-AwaitToRun] INFO  util.AwaitToRun (AwaitToRun.java:run(49)) - c5405651-ef25-48d2-8d28-ae0bccd2c7ed@group-F780A31F5490-cacheEviction-AwaitToRun-AwaitForSignal is interrupted
2023-12-05 10:05:13,536 [15f79772-7a81-4af9-9760-e026e14d2a58-impl-thread2] INFO  impl.StateMachineUpdater (StateMachineUpdater.java:stopAndJoin(157)) - 15f79772-7a81-4af9-9760-e026e14d2a58@group-8B6FF6359640-StateMachineUpdater: set stopIndex = -1
2023-12-05 10:05:13,536 [15f79772-7a81-4af9-9760-e026e14d2a58-impl-thread2] INFO  server.RaftServer$Division (ServerState.java:close(423)) - 15f79772-7a81-4af9-9760-e026e14d2a58@group-8B6FF6359640: applyIndex: -1
2023-12-05 10:05:13,536 [15f79772-7a81-4af9-9760-e026e14d2a58@group-8B6FF6359640-FollowerState] INFO  impl.FollowerState (FollowerState.java:run(152)) - 15f79772-7a81-4af9-9760-e026e14d2a58@group-8B6FF6359640-FollowerState was interrupted
2023-12-05 10:05:13,538 [15f79772-7a81-4af9-9760-e026e14d2a58@group-8B6FF6359640-cacheEviction-AwaitToRun] INFO  util.AwaitToRun (AwaitToRun.java:run(49)) - 15f79772-7a81-4af9-9760-e026e14d2a58@group-8B6FF6359640-cacheEviction-AwaitToRun-AwaitForSignal is interrupted
2023-12-05 10:05:13,539 [grpc-default-executor-2] WARN  server.GrpcServerProtocolService (LogUtils.java:warn(121)) - 15f79772-7a81-4af9-9760-e026e14d2a58: APPEND_ENTRIES onError, lastRequest: null: org.apache.ratis.thirdparty.io.grpc.StatusRuntimeException: CANCELLED: client cancelled
2023-12-05 10:05:13,539 [grpc-default-executor-1] WARN  server.GrpcLogAppender (LogUtils.java:warn(121)) - 8e5cdb27-721d-4db2-bd49-e25625d330e0@group-8B6FF6359640->15f79772-7a81-4af9-9760-e026e14d2a58-AppendLogResponseHandler: Failed appendEntries: org.apache.ratis.thirdparty.io.grpc.StatusRuntimeException: CANCELLED: RST_STREAM closed stream. HTTP/2 error code: CANCEL
2023-12-05 10:05:13,539 [grpc-default-executor-1] WARN  server.GrpcLogAppender (GrpcLogAppender.java:resetClient(140)) - 8e5cdb27-721d-4db2-bd49-e25625d330e0@group-8B6FF6359640->15f79772-7a81-4af9-9760-e026e14d2a58-GrpcLogAppender: Follower failed and request == null,  keep nextIndex (1) unchanged and retry.
2023-12-05 10:05:13,541 [8e5cdb27-721d-4db2-bd49-e25625d330e0-impl-thread1] INFO  server.RaftServer$Division (RaftServerImpl.java:lambda$close$3(516)) - 8e5cdb27-721d-4db2-bd49-e25625d330e0@group-3949D8574368: shutdown
2023-12-05 10:05:13,541 [ForkJoinPool.commonPool-worker-1] INFO  server.GrpcService (GrpcService.java:closeImpl(311)) - 8e5cdb27-721d-4db2-bd49-e25625d330e0: shutdown server org.apache.ratis.grpc.server.GrpcClientProtocolService now
2023-12-05 10:05:13,541 [8e5cdb27-721d-4db2-bd49-e25625d330e0-impl-thread2] INFO  server.RaftServer$Division (RaftServerImpl.java:lambda$close$3(516)) - 8e5cdb27-721d-4db2-bd49-e25625d330e0@group-8B6FF6359640: shutdown
2023-12-05 10:05:13,541 [8e5cdb27-721d-4db2-bd49-e25625d330e0-impl-thread2] INFO  util.JmxRegister (JmxRegister.java:unregister(73)) - Successfully un-registered JMX Bean with object name Ratis:service=RaftServer,group=group-8B6FF6359640,id=8e5cdb27-721d-4db2-bd49-e25625d330e0
2023-12-05 10:05:13,541 [15f79772-7a81-4af9-9760-e026e14d2a58@group-8BAD58D8B109-cacheEviction-AwaitToRun] INFO  util.AwaitToRun (AwaitToRun.java:run(49)) - 15f79772-7a81-4af9-9760-e026e14d2a58@group-8BAD58D8B109-cacheEviction-AwaitToRun-AwaitForSignal is interrupted
2023-12-05 10:05:13,541 [8e5cdb27-721d-4db2-bd49-e25625d330e0-impl-thread2] INFO  impl.RoleInfo (RoleInfo.java:shutdownLeaderState(94)) - 8e5cdb27-721d-4db2-bd49-e25625d330e0: shutdown 8e5cdb27-721d-4db2-bd49-e25625d330e0@group-8B6FF6359640-LeaderStateImpl
2023-12-05 10:05:13,541 [ForkJoinPool.commonPool-worker-3] INFO  server.GrpcService (GrpcService.java:closeImpl(320)) - c5405651-ef25-48d2-8d28-ae0bccd2c7ed: shutdown server GrpcServerProtocolService successfully
2023-12-05 10:05:13,541 [8e5cdb27-721d-4db2-bd49-e25625d330e0-impl-thread1] INFO  util.JmxRegister (JmxRegister.java:unregister(73)) - Successfully un-registered JMX Bean with object name Ratis:service=RaftServer,group=group-3949D8574368,id=8e5cdb27-721d-4db2-bd49-e25625d330e0
2023-12-05 10:05:13,541 [8e5cdb27-721d-4db2-bd49-e25625d330e0-impl-thread1] INFO  impl.RoleInfo (RoleInfo.java:shutdownLeaderState(94)) - 8e5cdb27-721d-4db2-bd49-e25625d330e0: shutdown 8e5cdb27-721d-4db2-bd49-e25625d330e0@group-3949D8574368-LeaderStateImpl
2023-12-05 10:05:13,541 [ForkJoinPool.commonPool-worker-3] INFO  server.GrpcService (GrpcService.java:closeImpl(311)) - c5405651-ef25-48d2-8d28-ae0bccd2c7ed: shutdown server org.apache.ratis.grpc.server.GrpcAdminProtocolService now
2023-12-05 10:05:13,541 [8e5cdb27-721d-4db2-bd49-e25625d330e0-impl-thread1] INFO  impl.PendingRequests (PendingRequests.java:sendNotLeaderResponses(289)) - 8e5cdb27-721d-4db2-bd49-e25625d330e0@group-3949D8574368-PendingRequests: sendNotLeaderResponses
2023-12-05 10:05:13,542 [8e5cdb27-721d-4db2-bd49-e25625d330e0-impl-thread1] INFO  impl.StateMachineUpdater (StateMachineUpdater.java:stopAndJoin(157)) - 8e5cdb27-721d-4db2-bd49-e25625d330e0@group-3949D8574368-StateMachineUpdater: set stopIndex = 0
2023-12-05 10:05:13,542 [8e5cdb27-721d-4db2-bd49-e25625d330e0@group-3949D8574368-StateMachineUpdater] INFO  ratis.ContainerStateMachine (ContainerStateMachine.java:takeSnapshot(337)) - group-3949D8574368: Taking a snapshot at:(t:1, i:0) file /home/runner/work/ozone/ozone/hadoop-ozone/integration-test/target/test-dir/MiniOzoneClusterImpl-15b925ce-33b9-4c4c-8faa-158337806406/datanode-2/data/ratis/8bc0787e-27c1-4be4-abec-3949d8574368/sm/snapshot.1_0
2023-12-05 10:05:13,543 [grpc-default-executor-0] INFO  server.GrpcLogAppender (GrpcLogAppender.java:onError(457)) - 8e5cdb27-721d-4db2-bd49-e25625d330e0@group-8B6FF6359640->15f79772-7a81-4af9-9760-e026e14d2a58-GrpcLogAppender is already stopped
2023-12-05 10:05:13,543 [grpc-default-executor-1] WARN  server.GrpcServerProtocolService (LogUtils.java:warn(121)) - 15f79772-7a81-4af9-9760-e026e14d2a58: APPEND_ENTRIES onError, lastRequest: 8e5cdb27-721d-4db2-bd49-e25625d330e0->15f79772-7a81-4af9-9760-e026e14d2a58#1-t1,previous=(t:0, i:0),leaderCommit=-1,initializing? true,entries: size=1, first=(t:1, i:0), CONFIGURATIONENTRY(current:id: "15f79772-7a81-4af9-9760-e026e14d2a58"
address: "10.1.0.7:15093"
dataStreamAddress: "10.1.0.7:15094"
clientAddress: "10.1.0.7:15091"
adminAddress: "10.1.0.7:15092"
startupRole: FOLLOWER
,id: "c5405651-ef25-48d2-8d28-ae0bccd2c7ed"
address: "10.1.0.7:15084"
dataStreamAddress: "10.1.0.7:15085"
clientAddress: "10.1.0.7:15082"
adminAddress: "10.1.0.7:15083"
startupRole: FOLLOWER
,id: "8e5cdb27-721d-4db2-bd49-e25625d330e0"
address: "10.1.0.7:15102"
priority: 1
dataStreamAddress: "10.1.0.7:15103"
clientAddress: "10.1.0.7:15100"
adminAddress: "10.1.0.7:15101"
startupRole: FOLLOWER
, old:): org.apache.ratis.thirdparty.io.grpc.StatusRuntimeException: CANCELLED: client cancelled
2023-12-05 10:05:13,543 [8e5cdb27-721d-4db2-bd49-e25625d330e0@group-3949D8574368-StateMachineUpdater] INFO  ratis.ContainerStateMachine (ContainerStateMachine.java:takeSnapshot(348)) - group-3949D8574368: Finished taking a snapshot at:(t:1, i:0) file:/home/runner/work/ozone/ozone/hadoop-ozone/integration-test/target/test-dir/MiniOzoneClusterImpl-15b925ce-33b9-4c4c-8faa-158337806406/datanode-2/data/ratis/8bc0787e-27c1-4be4-abec-3949d8574368/sm/snapshot.1_0 took: 1 ms
2023-12-05 10:05:13,543 [main] INFO  server.GrpcService (GrpcService.java:closeImpl(320)) - 15f79772-7a81-4af9-9760-e026e14d2a58: shutdown server GrpcServerProtocolService successfully
2023-12-05 10:05:13,543 [main] INFO  server.GrpcService (GrpcService.java:closeImpl(311)) - 15f79772-7a81-4af9-9760-e026e14d2a58: shutdown server org.apache.ratis.grpc.server.GrpcAdminProtocolService now
2023-12-05 10:05:13,544 [8e5cdb27-721d-4db2-bd49-e25625d330e0@group-3949D8574368-StateMachineUpdater] INFO  impl.StateMachineUpdater (StateMachineUpdater.java:takeSnapshot(295)) - 8e5cdb27-721d-4db2-bd49-e25625d330e0@group-3949D8574368-StateMachineUpdater: Took a snapshot at index 0
2023-12-05 10:05:13,544 [8e5cdb27-721d-4db2-bd49-e25625d330e0@group-3949D8574368-StateMachineUpdater] INFO  impl.StateMachineUpdater (StateMachineUpdater.java:lambda$new$0(98)) - 8e5cdb27-721d-4db2-bd49-e25625d330e0@group-3949D8574368-StateMachineUpdater: snapshotIndex: updateIncreasingly -1 -> 0
2023-12-05 10:05:13,544 [8e5cdb27-721d-4db2-bd49-e25625d330e0-impl-thread1] INFO  server.RaftServer$Division (ServerState.java:close(423)) - 8e5cdb27-721d-4db2-bd49-e25625d330e0@group-3949D8574368: applyIndex: 0
2023-12-05 10:05:13,544 [8e5cdb27-721d-4db2-bd49-e25625d330e0@group-8B6FF6359640->15f79772-7a81-4af9-9760-e026e14d2a58-GrpcLogAppender-LogAppenderDaemon] WARN  server.GrpcLogAppender (GrpcLogAppender.java:mayWait(212)) - 8e5cdb27-721d-4db2-bd49-e25625d330e0@group-8B6FF6359640->15f79772-7a81-4af9-9760-e026e14d2a58-GrpcLogAppender: Wait interrupted by java.lang.InterruptedException
2023-12-05 10:05:13,545 [ForkJoinPool.commonPool-worker-3] INFO  server.GrpcService (GrpcService.java:closeImpl(320)) - c5405651-ef25-48d2-8d28-ae0bccd2c7ed: shutdown server org.apache.ratis.grpc.server.GrpcAdminProtocolService successfully
2023-12-05 10:05:13,545 [c5405651-ef25-48d2-8d28-ae0bccd2c7ed-NettyServerStreamRpc-bossGroup--thread1] INFO  logging.LoggingHandler (AbstractInternalLogger.java:log(148)) - [id: 0x559da0a5, L:/0.0.0.0:15085] CLOSE
2023-12-05 10:05:13,545 [c5405651-ef25-48d2-8d28-ae0bccd2c7ed-NettyServerStreamRpc-bossGroup--thread1] INFO  logging.LoggingHandler (AbstractInternalLogger.java:log(148)) - [id: 0x559da0a5, L:/0.0.0.0:15085] INACTIVE
2023-12-05 10:05:13,545 [c5405651-ef25-48d2-8d28-ae0bccd2c7ed-NettyServerStreamRpc-bossGroup--thread1] INFO  logging.LoggingHandler (AbstractInternalLogger.java:log(148)) - [id: 0x559da0a5, L:/0.0.0.0:15085] UNREGISTERED
2023-12-05 10:05:13,545 [8e5cdb27-721d-4db2-bd49-e25625d330e0@group-8B6FF6359640->c5405651-ef25-48d2-8d28-ae0bccd2c7ed-GrpcLogAppender-LogAppenderDaemon] WARN  server.GrpcLogAppender (GrpcLogAppender.java:mayWait(212)) - 8e5cdb27-721d-4db2-bd49-e25625d330e0@group-8B6FF6359640->c5405651-ef25-48d2-8d28-ae0bccd2c7ed-GrpcLogAppender: Wait interrupted by java.lang.InterruptedException
2023-12-05 10:05:13,546 [8e5cdb27-721d-4db2-bd49-e25625d330e0-impl-thread2] INFO  impl.PendingRequests (PendingRequests.java:sendNotLeaderResponses(289)) - 8e5cdb27-721d-4db2-bd49-e25625d330e0@group-8B6FF6359640-PendingRequests: sendNotLeaderResponses
2023-12-05 10:05:13,546 [Thread-1219] INFO  server.GrpcServerProtocolClient (GrpcServerProtocolClient.java:close(103)) - 15f79772-7a81-4af9-9760-e026e14d2a58 Close channels
2023-12-05 10:05:13,546 [main] INFO  server.GrpcService (GrpcService.java:closeImpl(320)) - 15f79772-7a81-4af9-9760-e026e14d2a58: shutdown server org.apache.ratis.grpc.server.GrpcAdminProtocolService successfully
2023-12-05 10:05:13,546 [grpc-default-executor-4] INFO  server.GrpcLogAppender (GrpcLogAppender.java:onError(457)) - 8e5cdb27-721d-4db2-bd49-e25625d330e0@group-8B6FF6359640->c5405651-ef25-48d2-8d28-ae0bccd2c7ed-GrpcLogAppender is already stopped
2023-12-05 10:05:13,546 [Thread-1220] INFO  server.GrpcServerProtocolClient (GrpcServerProtocolClient.java:close(103)) - c5405651-ef25-48d2-8d28-ae0bccd2c7ed Close channels
2023-12-05 10:05:13,546 [15f79772-7a81-4af9-9760-e026e14d2a58-NettyServerStreamRpc-bossGroup--thread1] INFO  logging.LoggingHandler (AbstractInternalLogger.java:log(148)) - [id: 0x94d14cfb, L:/0.0.0.0:15094] CLOSE
2023-12-05 10:05:13,547 [15f79772-7a81-4af9-9760-e026e14d2a58-NettyServerStreamRpc-bossGroup--thread1] INFO  logging.LoggingHandler (AbstractInternalLogger.java:log(148)) - [id: 0x94d14cfb, L:/0.0.0.0:15094] INACTIVE
2023-12-05 10:05:13,547 [15f79772-7a81-4af9-9760-e026e14d2a58-NettyServerStreamRpc-bossGroup--thread1] INFO  logging.LoggingHandler (AbstractInternalLogger.java:log(148)) - [id: 0x94d14cfb, L:/0.0.0.0:15094] UNREGISTERED
2023-12-05 10:05:13,547 [8e5cdb27-721d-4db2-bd49-e25625d330e0@group-8B6FF6359640-StateMachineUpdater] INFO  ratis.ContainerStateMachine (ContainerStateMachine.java:takeSnapshot(337)) - group-8B6FF6359640: Taking a snapshot at:(t:1, i:0) file /home/runner/work/ozone/ozone/hadoop-ozone/integration-test/target/test-dir/MiniOzoneClusterImpl-15b925ce-33b9-4c4c-8faa-158337806406/datanode-2/data/ratis/0ad2a37e-5979-4ea2-8ca1-8b6ff6359640/sm/snapshot.1_0
2023-12-05 10:05:13,548 [8e5cdb27-721d-4db2-bd49-e25625d330e0@group-8B6FF6359640-StateMachineUpdater] INFO  ratis.ContainerStateMachine (ContainerStateMachine.java:takeSnapshot(348)) - group-8B6FF6359640: Finished taking a snapshot at:(t:1, i:0) file:/home/runner/work/ozone/ozone/hadoop-ozone/integration-test/target/test-dir/MiniOzoneClusterImpl-15b925ce-33b9-4c4c-8faa-158337806406/datanode-2/data/ratis/0ad2a37e-5979-4ea2-8ca1-8b6ff6359640/sm/snapshot.1_0 took: 1 ms
2023-12-05 10:05:13,548 [8e5cdb27-721d-4db2-bd49-e25625d330e0@group-8B6FF6359640-StateMachineUpdater] INFO  impl.StateMachineUpdater (StateMachineUpdater.java:takeSnapshot(295)) - 8e5cdb27-721d-4db2-bd49-e25625d330e0@group-8B6FF6359640-StateMachineUpdater: Took a snapshot at index 0
2023-12-05 10:05:13,548 [8e5cdb27-721d-4db2-bd49-e25625d330e0@group-8B6FF6359640-StateMachineUpdater] INFO  impl.StateMachineUpdater (StateMachineUpdater.java:lambda$new$0(98)) - 8e5cdb27-721d-4db2-bd49-e25625d330e0@group-8B6FF6359640-StateMachineUpdater: snapshotIndex: updateIncreasingly -1 -> 0
2023-12-05 10:05:13,548 [8e5cdb27-721d-4db2-bd49-e25625d330e0-impl-thread2] INFO  impl.StateMachineUpdater (StateMachineUpdater.java:stopAndJoin(157)) - 8e5cdb27-721d-4db2-bd49-e25625d330e0@group-8B6FF6359640-StateMachineUpdater: set stopIndex = 0
2023-12-05 10:05:13,549 [8e5cdb27-721d-4db2-bd49-e25625d330e0-impl-thread2] INFO  server.RaftServer$Division (ServerState.java:close(423)) - 8e5cdb27-721d-4db2-bd49-e25625d330e0@group-8B6FF6359640: applyIndex: 0
2023-12-05 10:05:13,550 [8e5cdb27-721d-4db2-bd49-e25625d330e0@group-3949D8574368-cacheEviction-AwaitToRun] INFO  util.AwaitToRun (AwaitToRun.java:run(49)) - 8e5cdb27-721d-4db2-bd49-e25625d330e0@group-3949D8574368-cacheEviction-AwaitToRun-AwaitForSignal is interrupted
2023-12-05 10:05:13,551 [8e5cdb27-721d-4db2-bd49-e25625d330e0@group-8B6FF6359640-cacheEviction-AwaitToRun] INFO  util.AwaitToRun (AwaitToRun.java:run(49)) - 8e5cdb27-721d-4db2-bd49-e25625d330e0@group-8B6FF6359640-cacheEviction-AwaitToRun-AwaitForSignal is interrupted
2023-12-05 10:05:13,556 [ForkJoinPool.commonPool-worker-1] INFO  server.GrpcService (GrpcService.java:closeImpl(320)) - 8e5cdb27-721d-4db2-bd49-e25625d330e0: shutdown server org.apache.ratis.grpc.server.GrpcClientProtocolService successfully
2023-12-05 10:05:13,556 [ForkJoinPool.commonPool-worker-1] INFO  server.GrpcService (GrpcService.java:closeImpl(311)) - 8e5cdb27-721d-4db2-bd49-e25625d330e0: shutdown server GrpcServerProtocolService now
2023-12-05 10:05:13,560 [ForkJoinPool.commonPool-worker-1] INFO  server.GrpcService (GrpcService.java:closeImpl(320)) - 8e5cdb27-721d-4db2-bd49-e25625d330e0: shutdown server GrpcServerProtocolService successfully
2023-12-05 10:05:13,560 [ForkJoinPool.commonPool-worker-1] INFO  server.GrpcService (GrpcService.java:closeImpl(311)) - 8e5cdb27-721d-4db2-bd49-e25625d330e0: shutdown server org.apache.ratis.grpc.server.GrpcAdminProtocolService now
2023-12-05 10:05:13,561 [ForkJoinPool.commonPool-worker-1] INFO  server.GrpcService (GrpcService.java:closeImpl(320)) - 8e5cdb27-721d-4db2-bd49-e25625d330e0: shutdown server org.apache.ratis.grpc.server.GrpcAdminProtocolService successfully
2023-12-05 10:05:13,561 [8e5cdb27-721d-4db2-bd49-e25625d330e0-NettyServerStreamRpc-bossGroup--thread1] INFO  logging.LoggingHandler (AbstractInternalLogger.java:log(148)) - [id: 0xd009b9bf, L:/0.0.0.0:15103] CLOSE
2023-12-05 10:05:13,562 [8e5cdb27-721d-4db2-bd49-e25625d330e0-NettyServerStreamRpc-bossGroup--thread1] INFO  logging.LoggingHandler (AbstractInternalLogger.java:log(148)) - [id: 0xd009b9bf, L:/0.0.0.0:15103] INACTIVE
2023-12-05 10:05:13,562 [8e5cdb27-721d-4db2-bd49-e25625d330e0-NettyServerStreamRpc-bossGroup--thread1] INFO  logging.LoggingHandler (AbstractInternalLogger.java:log(148)) - [id: 0xd009b9bf, L:/0.0.0.0:15103] UNREGISTERED
2023-12-05 10:05:13,621 [c5405651-ef25-48d2-8d28-ae0bccd2c7ed-impl-thread1] INFO  segmented.SegmentedRaftLogWorker (SegmentedRaftLogWorker.java:close(243)) - c5405651-ef25-48d2-8d28-ae0bccd2c7ed@group-F780A31F5490-SegmentedRaftLogWorker close()
2023-12-05 10:05:13,807 [8e5cdb27-721d-4db2-bd49-e25625d330e0-impl-thread2] INFO  segmented.SegmentedRaftLogWorker (SegmentedRaftLogWorker.java:close(243)) - 8e5cdb27-721d-4db2-bd49-e25625d330e0@group-8B6FF6359640-SegmentedRaftLogWorker close()
2023-12-05 10:05:13,831 [c5405651-ef25-48d2-8d28-ae0bccd2c7ed-impl-thread2] INFO  segmented.SegmentedRaftLogWorker (SegmentedRaftLogWorker.java:close(243)) - c5405651-ef25-48d2-8d28-ae0bccd2c7ed@group-8B6FF6359640-SegmentedRaftLogWorker close()
2023-12-05 10:05:13,832 [JvmPauseMonitor12] INFO  util.JvmPauseMonitor (JvmPauseMonitor.java:run(152)) - JvmPauseMonitor-c5405651-ef25-48d2-8d28-ae0bccd2c7ed: Stopped
2023-12-05 10:05:13,833 [15f79772-7a81-4af9-9760-e026e14d2a58-impl-thread2] INFO  segmented.SegmentedRaftLogWorker (SegmentedRaftLogWorker.java:close(243)) - 15f79772-7a81-4af9-9760-e026e14d2a58@group-8B6FF6359640-SegmentedRaftLogWorker close()
2023-12-05 10:05:13,858 [15f79772-7a81-4af9-9760-e026e14d2a58-impl-thread1] INFO  segmented.SegmentedRaftLogWorker (SegmentedRaftLogWorker.java:close(243)) - 15f79772-7a81-4af9-9760-e026e14d2a58@group-8BAD58D8B109-SegmentedRaftLogWorker close()
2023-12-05 10:05:13,859 [JvmPauseMonitor13] INFO  util.JvmPauseMonitor (JvmPauseMonitor.java:run(152)) - JvmPauseMonitor-15f79772-7a81-4af9-9760-e026e14d2a58: Stopped
2023-12-05 10:05:13,928 [8e5cdb27-721d-4db2-bd49-e25625d330e0-impl-thread1] INFO  segmented.SegmentedRaftLogWorker (SegmentedRaftLogWorker.java:close(243)) - 8e5cdb27-721d-4db2-bd49-e25625d330e0@group-3949D8574368-SegmentedRaftLogWorker close()
2023-12-05 10:05:13,929 [JvmPauseMonitor14] INFO  util.JvmPauseMonitor (JvmPauseMonitor.java:run(152)) - JvmPauseMonitor-8e5cdb27-721d-4db2-bd49-e25625d330e0: Stopped
2023-12-05 10:05:15,835 [ForkJoinPool.commonPool-worker-3] INFO  utils.DatanodeStoreCache (DatanodeStoreCache.java:shutdownCache(110)) - Skip clearing cache in mini cluster mode. Entries left: [/home/runner/work/ozone/ozone/hadoop-ozone/integration-test/target/test-dir/MiniOzoneClusterImpl-15b925ce-33b9-4c4c-8faa-158337806406/datanode-0/data-0/containers/hdds/15b925ce-33b9-4c4c-8faa-158337806406/DS-c48ecde8-997c-4695-a154-326f9758c24e/container.db, /home/runner/work/ozone/ozone/hadoop-ozone/integration-test/target/test-dir/MiniOzoneClusterImpl-15b925ce-33b9-4c4c-8faa-158337806406/datanode-1/data-0/containers/hdds/15b925ce-33b9-4c4c-8faa-158337806406/DS-cac247dd-007d-4c98-bd21-3e1eae0bd4ac/container.db, /home/runner/work/ozone/ozone/hadoop-ozone/integration-test/target/test-dir/MiniOzoneClusterImpl-15b925ce-33b9-4c4c-8faa-158337806406/datanode-2/data-0/containers/hdds/15b925ce-33b9-4c4c-8faa-158337806406/DS-3c34664e-838f-4794-a51c-5149a889ca46/container.db]
2023-12-05 10:05:15,837 [ForkJoinPool.commonPool-worker-3] INFO  utils.DatanodeStoreCache (DatanodeStoreCache.java:removeDB(104)) - Removed db /home/runner/work/ozone/ozone/hadoop-ozone/integration-test/target/test-dir/MiniOzoneClusterImpl-15b925ce-33b9-4c4c-8faa-158337806406/datanode-0/data-0/containers/hdds/15b925ce-33b9-4c4c-8faa-158337806406/DS-c48ecde8-997c-4695-a154-326f9758c24e/container.db from cache
2023-12-05 10:05:15,837 [ForkJoinPool.commonPool-worker-3] INFO  volume.HddsVolume (HddsVolume.java:closeDbStore(453)) - SchemaV3 db is stopped at /home/runner/work/ozone/ozone/hadoop-ozone/integration-test/target/test-dir/MiniOzoneClusterImpl-15b925ce-33b9-4c4c-8faa-158337806406/datanode-0/data-0/containers/hdds/15b925ce-33b9-4c4c-8faa-158337806406/DS-c48ecde8-997c-4695-a154-326f9758c24e/container.db for volume DS-c48ecde8-997c-4695-a154-326f9758c24e
2023-12-05 10:05:15,838 [ForkJoinPool.commonPool-worker-3] INFO  utils.BackgroundService (BackgroundService.java:shutdown(160)) - Shutting down service BlockDeletingService
2023-12-05 10:05:15,840 [ForkJoinPool.commonPool-worker-3] INFO  utils.BackgroundService (BackgroundService.java:shutdown(160)) - Shutting down service StaleRecoveringContainerScrubbingService
2023-12-05 10:05:15,841 [ForkJoinPool.commonPool-worker-3] INFO  statemachine.DatanodeStateMachine (DatanodeStateMachine.java:stopDaemon(638)) - Ozone container server stopped.
2023-12-05 10:05:15,845 [ForkJoinPool.commonPool-worker-3] INFO  handler.ContextHandler (ContextHandler.java:doStop(1159)) - Stopped o.e.j.w.WebAppContext@58445380{hddsDatanode,/,null,STOPPED}{jar:file:/home/runner/.m2/repository/org/apache/ozone/hdds-container-service/1.4.0-SNAPSHOT/hdds-container-service-1.4.0-SNAPSHOT.jar!/webapps/hddsDatanode}
2023-12-05 10:05:15,845 [ForkJoinPool.commonPool-worker-3] INFO  server.AbstractConnector (AbstractConnector.java:doStop(383)) - Stopped ServerConnector@2a56ed77{HTTP/1.1, (http/1.1)}{0.0.0.0:15079}
2023-12-05 10:05:15,845 [ForkJoinPool.commonPool-worker-3] INFO  server.session (HouseKeeper.java:stopScavenging(149)) - node0 Stopped scavenging
2023-12-05 10:05:15,852 [ForkJoinPool.commonPool-worker-3] INFO  handler.ContextHandler (ContextHandler.java:doStop(1159)) - Stopped o.e.j.s.ServletContextHandler@41d61ff7{static,/static,jar:file:/home/runner/.m2/repository/org/apache/ozone/hdds-container-service/1.4.0-SNAPSHOT/hdds-container-service-1.4.0-SNAPSHOT.jar!/webapps/static,STOPPED}
2023-12-05 10:05:15,852 [ForkJoinPool.commonPool-worker-3] INFO  handler.ContextHandler (ContextHandler.java:doStop(1159)) - Stopped o.e.j.s.ServletContextHandler@323a27cb{logs,/logs,file:///home/runner/work/ozone/ozone/hadoop-ozone/integration-test/target/log,STOPPED}
2023-12-05 10:05:15,853 [ForkJoinPool.commonPool-worker-3] INFO  ozone.HddsDatanodeClientProtocolServer (HddsDatanodeClientProtocolServer.java:stop(78)) - Stopping the RPC server for Client Protocol
2023-12-05 10:05:15,853 [ForkJoinPool.commonPool-worker-3] INFO  ipc.Server (Server.java:stop(3523)) - Stopping server on 15080
2023-12-05 10:05:15,854 [IPC Server Responder] INFO  ipc.Server (Server.java:run(1567)) - Stopping IPC Server Responder
2023-12-05 10:05:15,854 [IPC Server listener on 15080] INFO  ipc.Server (Server.java:run(1434)) - Stopping IPC Server listener on 15080
2023-12-05 10:05:15,861 [main] INFO  utils.DatanodeStoreCache (DatanodeStoreCache.java:shutdownCache(110)) - Skip clearing cache in mini cluster mode. Entries left: [/home/runner/work/ozone/ozone/hadoop-ozone/integration-test/target/test-dir/MiniOzoneClusterImpl-15b925ce-33b9-4c4c-8faa-158337806406/datanode-1/data-0/containers/hdds/15b925ce-33b9-4c4c-8faa-158337806406/DS-cac247dd-007d-4c98-bd21-3e1eae0bd4ac/container.db, /home/runner/work/ozone/ozone/hadoop-ozone/integration-test/target/test-dir/MiniOzoneClusterImpl-15b925ce-33b9-4c4c-8faa-158337806406/datanode-2/data-0/containers/hdds/15b925ce-33b9-4c4c-8faa-158337806406/DS-3c34664e-838f-4794-a51c-5149a889ca46/container.db]
2023-12-05 10:05:15,862 [main] INFO  utils.DatanodeStoreCache (DatanodeStoreCache.java:removeDB(104)) - Removed db /home/runner/work/ozone/ozone/hadoop-ozone/integration-test/target/test-dir/MiniOzoneClusterImpl-15b925ce-33b9-4c4c-8faa-158337806406/datanode-1/data-0/containers/hdds/15b925ce-33b9-4c4c-8faa-158337806406/DS-cac247dd-007d-4c98-bd21-3e1eae0bd4ac/container.db from cache
2023-12-05 10:05:15,862 [main] INFO  volume.HddsVolume (HddsVolume.java:closeDbStore(453)) - SchemaV3 db is stopped at /home/runner/work/ozone/ozone/hadoop-ozone/integration-test/target/test-dir/MiniOzoneClusterImpl-15b925ce-33b9-4c4c-8faa-158337806406/datanode-1/data-0/containers/hdds/15b925ce-33b9-4c4c-8faa-158337806406/DS-cac247dd-007d-4c98-bd21-3e1eae0bd4ac/container.db for volume DS-cac247dd-007d-4c98-bd21-3e1eae0bd4ac
2023-12-05 10:05:15,862 [main] INFO  utils.BackgroundService (BackgroundService.java:shutdown(160)) - Shutting down service BlockDeletingService
2023-12-05 10:05:15,863 [main] INFO  utils.BackgroundService (BackgroundService.java:shutdown(160)) - Shutting down service StaleRecoveringContainerScrubbingService
2023-12-05 10:05:15,863 [main] INFO  statemachine.DatanodeStateMachine (DatanodeStateMachine.java:stopDaemon(638)) - Ozone container server stopped.
2023-12-05 10:05:15,864 [main] INFO  handler.ContextHandler (ContextHandler.java:doStop(1159)) - Stopped o.e.j.w.WebAppContext@59cbe3e1{hddsDatanode,/,null,STOPPED}{jar:file:/home/runner/.m2/repository/org/apache/ozone/hdds-container-service/1.4.0-SNAPSHOT/hdds-container-service-1.4.0-SNAPSHOT.jar!/webapps/hddsDatanode}
2023-12-05 10:05:15,864 [main] INFO  server.AbstractConnector (AbstractConnector.java:doStop(383)) - Stopped ServerConnector@52f0e62b{HTTP/1.1, (http/1.1)}{0.0.0.0:15088}
2023-12-05 10:05:15,865 [main] INFO  server.session (HouseKeeper.java:stopScavenging(149)) - node0 Stopped scavenging
2023-12-05 10:05:15,865 [main] INFO  handler.ContextHandler (ContextHandler.java:doStop(1159)) - Stopped o.e.j.s.ServletContextHandler@12fd8c2d{static,/static,jar:file:/home/runner/.m2/repository/org/apache/ozone/hdds-container-service/1.4.0-SNAPSHOT/hdds-container-service-1.4.0-SNAPSHOT.jar!/webapps/static,STOPPED}
2023-12-05 10:05:15,865 [main] INFO  handler.ContextHandler (ContextHandler.java:doStop(1159)) - Stopped o.e.j.s.ServletContextHandler@210e804b{logs,/logs,file:///home/runner/work/ozone/ozone/hadoop-ozone/integration-test/target/log,STOPPED}
2023-12-05 10:05:15,866 [main] INFO  ozone.HddsDatanodeClientProtocolServer (HddsDatanodeClientProtocolServer.java:stop(78)) - Stopping the RPC server for Client Protocol
2023-12-05 10:05:15,866 [main] INFO  ipc.Server (Server.java:stop(3523)) - Stopping server on 15089
2023-12-05 10:05:15,866 [IPC Server Responder] INFO  ipc.Server (Server.java:run(1567)) - Stopping IPC Server Responder
2023-12-05 10:05:15,867 [IPC Server listener on 15089] INFO  ipc.Server (Server.java:run(1434)) - Stopping IPC Server listener on 15089
2023-12-05 10:05:15,931 [ForkJoinPool.commonPool-worker-1] INFO  utils.DatanodeStoreCache (DatanodeStoreCache.java:shutdownCache(110)) - Skip clearing cache in mini cluster mode. Entries left: [/home/runner/work/ozone/ozone/hadoop-ozone/integration-test/target/test-dir/MiniOzoneClusterImpl-15b925ce-33b9-4c4c-8faa-158337806406/datanode-2/data-0/containers/hdds/15b925ce-33b9-4c4c-8faa-158337806406/DS-3c34664e-838f-4794-a51c-5149a889ca46/container.db]
2023-12-05 10:05:15,933 [ForkJoinPool.commonPool-worker-1] INFO  utils.DatanodeStoreCache (DatanodeStoreCache.java:removeDB(104)) - Removed db /home/runner/work/ozone/ozone/hadoop-ozone/integration-test/target/test-dir/MiniOzoneClusterImpl-15b925ce-33b9-4c4c-8faa-158337806406/datanode-2/data-0/containers/hdds/15b925ce-33b9-4c4c-8faa-158337806406/DS-3c34664e-838f-4794-a51c-5149a889ca46/container.db from cache
2023-12-05 10:05:15,933 [ForkJoinPool.commonPool-worker-1] INFO  volume.HddsVolume (HddsVolume.java:closeDbStore(453)) - SchemaV3 db is stopped at /home/runner/work/ozone/ozone/hadoop-ozone/integration-test/target/test-dir/MiniOzoneClusterImpl-15b925ce-33b9-4c4c-8faa-158337806406/datanode-2/data-0/containers/hdds/15b925ce-33b9-4c4c-8faa-158337806406/DS-3c34664e-838f-4794-a51c-5149a889ca46/container.db for volume DS-3c34664e-838f-4794-a51c-5149a889ca46
2023-12-05 10:05:15,933 [ForkJoinPool.commonPool-worker-1] INFO  utils.BackgroundService (BackgroundService.java:shutdown(160)) - Shutting down service BlockDeletingService
2023-12-05 10:05:15,933 [ForkJoinPool.commonPool-worker-1] INFO  utils.BackgroundService (BackgroundService.java:shutdown(160)) - Shutting down service StaleRecoveringContainerScrubbingService
2023-12-05 10:05:15,934 [ForkJoinPool.commonPool-worker-1] INFO  statemachine.DatanodeStateMachine (DatanodeStateMachine.java:stopDaemon(638)) - Ozone container server stopped.
2023-12-05 10:05:15,935 [ForkJoinPool.commonPool-worker-1] INFO  handler.ContextHandler (ContextHandler.java:doStop(1159)) - Stopped o.e.j.w.WebAppContext@44c994e5{hddsDatanode,/,null,STOPPED}{jar:file:/home/runner/.m2/repository/org/apache/ozone/hdds-container-service/1.4.0-SNAPSHOT/hdds-container-service-1.4.0-SNAPSHOT.jar!/webapps/hddsDatanode}
2023-12-05 10:05:15,935 [ForkJoinPool.commonPool-worker-1] INFO  server.AbstractConnector (AbstractConnector.java:doStop(383)) - Stopped ServerConnector@70f444{HTTP/1.1, (http/1.1)}{0.0.0.0:15097}
2023-12-05 10:05:15,935 [ForkJoinPool.commonPool-worker-1] INFO  server.session (HouseKeeper.java:stopScavenging(149)) - node0 Stopped scavenging
2023-12-05 10:05:15,936 [ForkJoinPool.commonPool-worker-1] INFO  handler.ContextHandler (ContextHandler.java:doStop(1159)) - Stopped o.e.j.s.ServletContextHandler@1d7ef7ca{static,/static,jar:file:/home/runner/.m2/repository/org/apache/ozone/hdds-container-service/1.4.0-SNAPSHOT/hdds-container-service-1.4.0-SNAPSHOT.jar!/webapps/static,STOPPED}
2023-12-05 10:05:15,936 [ForkJoinPool.commonPool-worker-1] INFO  handler.ContextHandler (ContextHandler.java:doStop(1159)) - Stopped o.e.j.s.ServletContextHandler@2a6304f2{logs,/logs,file:///home/runner/work/ozone/ozone/hadoop-ozone/integration-test/target/log,STOPPED}
2023-12-05 10:05:15,937 [ForkJoinPool.commonPool-worker-1] INFO  ozone.HddsDatanodeClientProtocolServer (HddsDatanodeClientProtocolServer.java:stop(78)) - Stopping the RPC server for Client Protocol
2023-12-05 10:05:15,937 [ForkJoinPool.commonPool-worker-1] INFO  ipc.Server (Server.java:stop(3523)) - Stopping server on 15098
2023-12-05 10:05:15,937 [IPC Server listener on 15098] INFO  ipc.Server (Server.java:run(1434)) - Stopping IPC Server listener on 15098
2023-12-05 10:05:15,937 [IPC Server Responder] INFO  ipc.Server (Server.java:run(1567)) - Stopping IPC Server Responder
2023-12-05 10:05:15,938 [main] INFO  ozone.MiniOzoneClusterImpl (MiniOzoneClusterImpl.java:stopSCM(551)) - Stopping the StorageContainerManager
2023-12-05 10:05:15,939 [main] INFO  server.StorageContainerManager (StorageContainerManager.java:stop(1620)) - Container Balancer is not running.
2023-12-05 10:05:15,939 [main] INFO  server.StorageContainerManager (StorageContainerManager.java:stopReplicationManager(1753)) - Stopping Replication Manager Service.
2023-12-05 10:05:15,939 [main] INFO  replication.ReplicationManager (ReplicationManager.java:stop(324)) - Stopping Replication Monitor Thread.
2023-12-05 10:05:15,939 [UnderReplicatedProcessor] WARN  replication.UnhealthyReplicationProcessor (UnhealthyReplicationProcessor.java:run(180)) - UnderReplicatedProcessor interrupted. Exiting...
2023-12-05 10:05:15,939 [OverReplicatedProcessor] WARN  replication.UnhealthyReplicationProcessor (UnhealthyReplicationProcessor.java:run(180)) - OverReplicatedProcessor interrupted. Exiting...
2023-12-05 10:05:15,939 [main] INFO  server.StorageContainerManager (StorageContainerManager.java:stop(1629)) - Stopping the Datanode Admin Monitor.
2023-12-05 10:05:15,939 [ReplicationMonitor] INFO  replication.ReplicationManager (ReplicationManager.java:run(931)) - Replication Monitor Thread is stopped
2023-12-05 10:05:15,940 [main] INFO  server.StorageContainerManager (StorageContainerManager.java:stop(1636)) - Stopping datanode service RPC server
2023-12-05 10:05:15,940 [main] INFO  server.SCMDatanodeProtocolServer (SCMDatanodeProtocolServer.java:stop(424)) - Stopping the RPC server for DataNodes
2023-12-05 10:05:15,940 [main] INFO  ipc.Server (Server.java:stop(3523)) - Stopping server on 15072
2023-12-05 10:05:15,941 [IPC Server listener on 15072] INFO  ipc.Server (Server.java:run(1434)) - Stopping IPC Server listener on 15072
2023-12-05 10:05:15,942 [IPC Server Responder] INFO  ipc.Server (Server.java:run(1567)) - Stopping IPC Server Responder
2023-12-05 10:05:16,031 [SCMHeartbeatProcessor-0] WARN  node.NodeStateManager (NodeStateManager.java:scheduleNextHealthCheck(878)) - Current Thread is interrupted, shutting down HB processing thread for Node Manager.
2023-12-05 10:05:16,031 [main] INFO  server.StorageContainerManager (StorageContainerManager.java:stop(1644)) - Stopping block service RPC server
2023-12-05 10:05:16,031 [main] INFO  server.SCMBlockProtocolServer (SCMBlockProtocolServer.java:stop(167)) - Stopping the RPC server for Block Protocol
2023-12-05 10:05:16,031 [main] INFO  ipc.Server (Server.java:stop(3523)) - Stopping server on 15071
2023-12-05 10:05:16,032 [IPC Server Responder] INFO  ipc.Server (Server.java:run(1567)) - Stopping IPC Server Responder
2023-12-05 10:05:16,033 [IPC Server listener on 15071] INFO  ipc.Server (Server.java:run(1434)) - Stopping IPC Server listener on 15071
2023-12-05 10:05:16,033 [main] INFO  server.StorageContainerManager (StorageContainerManager.java:stop(1651)) - Stopping the StorageContainerLocationProtocol RPC server
2023-12-05 10:05:16,033 [main] INFO  server.SCMClientProtocolServer (SCMClientProtocolServer.java:stop(210)) - Stopping the RPC server for Client Protocol
2023-12-05 10:05:16,033 [main] INFO  ipc.Server (Server.java:stop(3523)) - Stopping server on 15070
2023-12-05 10:05:16,036 [IPC Server listener on 15070] INFO  ipc.Server (Server.java:run(1434)) - Stopping IPC Server listener on 15070
2023-12-05 10:05:16,036 [IPC Server Responder] INFO  ipc.Server (Server.java:run(1567)) - Stopping IPC Server Responder
2023-12-05 10:05:16,036 [main] INFO  server.StorageContainerManager (StorageContainerManager.java:stop(1658)) - Stopping Storage Container Manager HTTP server.
2023-12-05 10:05:16,037 [main] INFO  handler.ContextHandler (ContextHandler.java:doStop(1159)) - Stopped o.e.j.w.WebAppContext@622b8f8c{scm,/,null,STOPPED}{file:/home/runner/work/ozone/ozone/hadoop-ozone/integration-test/target/test-classes/webapps/scm}
2023-12-05 10:05:16,038 [main] INFO  server.AbstractConnector (AbstractConnector.java:doStop(383)) - Stopped ServerConnector@18c32da4{HTTP/1.1, (http/1.1)}{0.0.0.0:15073}
2023-12-05 10:05:16,038 [main] INFO  server.session (HouseKeeper.java:stopScavenging(149)) - node0 Stopped scavenging
2023-12-05 10:05:16,038 [main] INFO  handler.ContextHandler (ContextHandler.java:doStop(1159)) - Stopped o.e.j.s.ServletContextHandler@5cd1a43e{static,/static,file:///home/runner/work/ozone/ozone/hadoop-ozone/integration-test/target/test-classes/webapps/static,STOPPED}
2023-12-05 10:05:16,038 [main] INFO  handler.ContextHandler (ContextHandler.java:doStop(1159)) - Stopped o.e.j.s.ServletContextHandler@40beeda{logs,/logs,file:///home/runner/work/ozone/ozone/hadoop-ozone/integration-test/target/log,STOPPED}
2023-12-05 10:05:16,039 [main] INFO  server.StorageContainerManager (StorageContainerManager.java:stop(1666)) - Stopping SCM LayoutVersionManager Service.
2023-12-05 10:05:16,039 [main] INFO  server.StorageContainerManager (StorageContainerManager.java:stop(1678)) - Stopping Block Manager Service.
2023-12-05 10:05:16,039 [main] INFO  utils.BackgroundService (BackgroundService.java:shutdown(160)) - Shutting down service SCMBlockDeletingService
2023-12-05 10:05:16,039 [main] INFO  utils.BackgroundService (BackgroundService.java:shutdown(160)) - Shutting down service SCMBlockDeletingService
2023-12-05 10:05:16,040 [main] INFO  server.StorageContainerManager (StorageContainerManager.java:stop(1698)) - Stopping SCM Event Queue.
2023-12-05 10:05:16,040 [JvmPauseMonitor10] INFO  util.JvmPauseMonitor (JvmPauseMonitor.java:run(152)) - JvmPauseMonitor-5a00abb7-fff7-4b06-bf68-e6983e83800d: Stopped
2023-12-05 10:05:16,040 [main] INFO  server.StorageContainerManager (StorageContainerManager.java:stop(1709)) - Stopping SCM HA services.
2023-12-05 10:05:16,041 [main] INFO  pipeline.BackgroundPipelineCreator (BackgroundPipelineCreator.java:stop(152)) - Stopping RatisPipelineUtilsThread.
2023-12-05 10:05:16,041 [RatisPipelineUtilsThread-0] WARN  pipeline.BackgroundPipelineCreator (BackgroundPipelineCreator.java:run(183)) - RatisPipelineUtilsThread is interrupted.
2023-12-05 10:05:16,041 [BackgroundPipelineScrubber] WARN  BackgroundPipelineScrubber (BackgroundSCMService.java:run(115)) - BackgroundPipelineScrubber is interrupted, exit
2023-12-05 10:05:16,041 [main] INFO  BackgroundPipelineScrubber (BackgroundSCMService.java:stop(131)) - Stopping BackgroundPipelineScrubber Service.
2023-12-05 10:05:16,042 [main] INFO  impl.MetricsSystemImpl (MetricsSystemImpl.java:stop(210)) - Stopping HddsDatanode metrics system...
2023-12-05 10:05:16,043 [prometheus] INFO  impl.MetricsSinkAdapter (MetricsSinkAdapter.java:publishMetricsFromQueue(141)) - prometheus thread interrupted.
2023-12-05 10:05:16,043 [main] INFO  impl.MetricsSystemImpl (MetricsSystemImpl.java:stop(216)) - HddsDatanode metrics system stopped.
2023-12-05 10:05:16,043 [main] WARN  pipeline.BackgroundPipelineCreator (BackgroundPipelineCreator.java:stop(148)) - RatisPipelineUtilsThread is not running, just ignore.
2023-12-05 10:05:16,043 [main] INFO  BackgroundPipelineScrubber (BackgroundSCMService.java:stop(126)) - BackgroundPipelineScrubber Service is not running, skip stop.
2023-12-05 10:05:16,044 [main] INFO  ExpiredContainerReplicaOpScrubber (BackgroundSCMService.java:stop(131)) - Stopping ExpiredContainerReplicaOpScrubber Service.
2023-12-05 10:05:16,044 [ExpiredContainerReplicaOpScrubber] WARN  ExpiredContainerReplicaOpScrubber (BackgroundSCMService.java:run(115)) - ExpiredContainerReplicaOpScrubber is interrupted, exit
2023-12-05 10:05:16,044 [main] INFO  utils.BackgroundService (BackgroundService.java:shutdown(160)) - Shutting down service SCMBlockDeletingService
2023-12-05 10:05:16,044 [main] INFO  replication.ReplicationManager (ReplicationManager.java:stop(334)) - Replication Monitor Thread is not running.
2023-12-05 10:05:16,044 [main] WARN  balancer.ContainerBalancer (ContainerBalancer.java:stop(327)) - Cannot stop Container Balancer because it's not running or stopping
2023-12-05 10:05:16,045 [main] INFO  server.StorageContainerManager (StorageContainerManager.java:stop(1744)) - Stopping SCM MetadataStore.
2023-12-05 10:05:16,062 [main] INFO  db.CodecTestUtil (CodecTestUtil.java:gc(47)) - gc 0
]]></system-out>
  </testcase>
  <testcase name="testContainerStateManagerRestart" classname="org.apache.hadoop.hdds.scm.container.TestContainerStateManagerIntegration" time="17.528">
    <system-out><![CDATA[2023-12-05 10:05:16,297 [main] WARN  server.ServerUtils (ServerUtils.java:getScmDbDir(155)) - ozone.scm.db.dirs is not configured. We recommend adding this setting. Falling back to ozone.metadata.dirs instead.
2023-12-05 10:05:16,298 [main] WARN  server.ServerUtils (ServerUtils.java:getScmDbDir(155)) - ozone.scm.db.dirs is not configured. We recommend adding this setting. Falling back to ozone.metadata.dirs instead.
2023-12-05 10:05:16,298 [main] INFO  ha.SCMHANodeDetails (SCMHANodeDetails.java:loadSCMHAConfig(210)) - ServiceID for StorageContainerManager is null
2023-12-05 10:05:16,299 [main] INFO  ha.SCMHANodeDetails (SCMHANodeDetails.java:loadSCMHAConfig(215)) - ozone.scm.default.service.id is not defined, falling back to ozone.scm.service.ids to find serviceID for StorageContainerManager if it is HA enabled cluster
2023-12-05 10:05:16,299 [main] WARN  utils.HAUtils (HAUtils.java:getMetaDir(339)) - ozone.scm.db.dirs is not configured. We recommend adding this setting. Falling back to ozone.metadata.dirs instead.
2023-12-05 10:05:16,300 [main] WARN  db.DBStoreBuilder (DBStoreBuilder.java:applyDBDefinition(167)) - ozone.scm.db.dirs is not configured. We recommend adding this setting. Falling back to ozone.metadata.dirs instead.
2023-12-05 10:05:16,369 [main] INFO  net.NodeSchemaLoader (NodeSchemaLoader.java:loadSchemaFromFile(129)) - Loading schema from [jar:file:/home/runner/.m2/repository/org/apache/ozone/hdds-common/1.4.0-SNAPSHOT/hdds-common-1.4.0-SNAPSHOT.jar!/network-topology-default.xml]
2023-12-05 10:05:16,370 [main] INFO  net.NodeSchemaLoader (NodeSchemaLoader.java:loadSchema(176)) - Loading network topology layer schema file
2023-12-05 10:05:16,373 [main] INFO  upgrade.AbstractLayoutVersionManager (AbstractLayoutVersionManager.java:init(83)) - Initializing Layout version manager with metadata layout = HADOOP_PRC_PORTS_IN_DATANODEDETAILS (version = 7), software layout = HADOOP_PRC_PORTS_IN_DATANODEDETAILS (version = 7)
2023-12-05 10:05:16,374 [main] INFO  ha.SequenceIdGenerator (SequenceIdGenerator.java:upgradeToSequenceId(370)) - upgrade localId to 111677748019200000
2023-12-05 10:05:16,375 [main] INFO  ha.SequenceIdGenerator (SequenceIdGenerator.java:upgradeToSequenceId(380)) - upgrade delTxnId to 0
2023-12-05 10:05:16,376 [main] INFO  ha.SequenceIdGenerator (SequenceIdGenerator.java:upgradeToSequenceId(397)) - upgrade containerId to 0
2023-12-05 10:05:16,377 [main] INFO  ha.SequenceIdGenerator (SequenceIdGenerator.java:upgradeToCertificateSequenceId(444)) - upgrade CertificateId to 2
2023-12-05 10:05:16,378 [main] INFO  ha.SequenceIdGenerator (SequenceIdGenerator.java:<init>(241)) - Init the HA SequenceIdGenerator.
2023-12-05 10:05:16,378 [main] WARN  server.ServerUtils (ServerUtils.java:sanitizeUserArgs(80)) - ozone.scm.stale.node.interval value = 300000 is larger than max = 100000 based on the key value of ozone.scm.heartbeat.thread.interval, reset to the max value 100000.
2023-12-05 10:05:16,379 [main] WARN  server.ServerUtils (ServerUtils.java:sanitizeUserArgs(80)) - ozone.scm.stale.node.interval value = 300000 is larger than max = 100000 based on the key value of ozone.scm.heartbeat.thread.interval, reset to the max value 100000.
2023-12-05 10:05:16,379 [main] INFO  node.SCMNodeManager (SCMNodeManager.java:<init>(168)) - Entering startup safe mode.
2023-12-05 10:05:16,380 [main] INFO  algorithms.ContainerPlacementPolicyFactory (ContainerPlacementPolicyFactory.java:getPolicyInternal(86)) - Create container placement policy of type org.apache.hadoop.hdds.scm.container.placement.algorithms.SCMContainerPlacementRackAware
2023-12-05 10:05:16,380 [main] INFO  algorithms.ContainerPlacementPolicyFactory (ContainerPlacementPolicyFactory.java:getPolicyInternal(86)) - Create container placement policy of type org.apache.hadoop.hdds.scm.container.placement.algorithms.SCMContainerPlacementRackScatter
2023-12-05 10:05:16,381 [main] INFO  pipeline.PipelineStateManagerImpl (PipelineStateManagerImpl.java:initialize(78)) - No pipeline exists in current db
2023-12-05 10:05:16,381 [main] INFO  algorithms.LeaderChoosePolicyFactory (LeaderChoosePolicyFactory.java:getPolicy(57)) - Create leader choose policy of type org.apache.hadoop.hdds.scm.pipeline.leader.choose.algorithms.MinLeaderCountChoosePolicy
2023-12-05 10:05:16,381 [main] INFO  algorithms.ContainerPlacementPolicyFactory (ContainerPlacementPolicyFactory.java:getPolicyInternal(86)) - Create container placement policy of type org.apache.hadoop.hdds.scm.container.placement.algorithms.SCMContainerPlacementRackScatter
2023-12-05 10:05:16,381 [main] INFO  ha.SCMServiceManager (SCMServiceManager.java:register(42)) - Registering service BackgroundPipelineCreator.
2023-12-05 10:05:16,381 [main] INFO  pipeline.BackgroundPipelineCreator (BackgroundPipelineCreator.java:start(127)) - Starting RatisPipelineUtilsThread.
2023-12-05 10:05:16,382 [main] INFO  BackgroundPipelineScrubber (BackgroundSCMService.java:start(68)) - Starting BackgroundPipelineScrubber Service.
2023-12-05 10:05:16,382 [main] INFO  ha.SCMServiceManager (SCMServiceManager.java:register(42)) - Registering service BackgroundPipelineScrubber.
2023-12-05 10:05:16,382 [main] INFO  ExpiredContainerReplicaOpScrubber (BackgroundSCMService.java:start(68)) - Starting ExpiredContainerReplicaOpScrubber Service.
2023-12-05 10:05:16,382 [main] INFO  ha.SCMServiceManager (SCMServiceManager.java:register(42)) - Registering service ExpiredContainerReplicaOpScrubber.
2023-12-05 10:05:16,383 [main] INFO  algorithms.PipelineChoosePolicyFactory (PipelineChoosePolicyFactory.java:createPipelineChoosePolicyFromClass(78)) - Create pipeline choose policy of type org.apache.hadoop.hdds.scm.pipeline.choose.algorithms.RandomPipelineChoosePolicy
2023-12-05 10:05:16,383 [main] INFO  algorithms.PipelineChoosePolicyFactory (PipelineChoosePolicyFactory.java:createPipelineChoosePolicyFromClass(78)) - Create pipeline choose policy of type org.apache.hadoop.hdds.scm.pipeline.choose.algorithms.RandomPipelineChoosePolicy
2023-12-05 10:05:16,384 [main] INFO  ha.SCMServiceManager (SCMServiceManager.java:register(42)) - Registering service SCMBlockDeletingService.
2023-12-05 10:05:16,384 [main] INFO  replication.ReplicationManager (ReplicationManager.java:start(292)) - Starting Replication Monitor Thread.
2023-12-05 10:05:16,388 [main] INFO  ha.SCMServiceManager (SCMServiceManager.java:register(42)) - Registering service ReplicationManager.
2023-12-05 10:05:16,388 [main] INFO  safemode.ContainerSafeModeRule (ContainerSafeModeRule.java:<init>(90)) - containers with one replica threshold count 0
2023-12-05 10:05:16,389 [main] INFO  safemode.HealthyPipelineSafeModeRule (HealthyPipelineSafeModeRule.java:initializeRule(169)) - Total pipeline count is 0, healthy pipeline threshold count is 1
2023-12-05 10:05:16,389 [main] INFO  safemode.OneReplicaPipelineSafeModeRule (OneReplicaPipelineSafeModeRule.java:initializeRule(180)) - Total pipeline count is 0, pipeline's with at least one datanode reported threshold count is 0
2023-12-05 10:05:16,389 [ReplicationMonitor] INFO  replication.ReplicationManager (ReplicationManager.java:processAll(367)) - Replication Manager is not ready to run until 3000ms after safemode exit
2023-12-05 10:05:16,389 [main] INFO  server.StorageContainerManager (StorageContainerManager.java:<init>(434)) - SCM start with adminUsers: [runner]
2023-12-05 10:05:16,389 [main] INFO  ipc.CallQueueManager (CallQueueManager.java:<init>(90)) - Using callQueue: class java.util.concurrent.LinkedBlockingQueue, queueCapacity: 2000, scheduler: class org.apache.hadoop.ipc.DefaultRpcScheduler, ipcBackoff: false.
2023-12-05 10:05:16,390 [main] INFO  ipc.Server (Server.java:<init>(1287)) - Listener at 0.0.0.0:15107
2023-12-05 10:05:16,390 [Socket Reader #1 for port 15107] INFO  ipc.Server (Server.java:run(1323)) - Starting Socket Reader #1 for port 15107
2023-12-05 10:05:16,391 [main] INFO  ipc.CallQueueManager (CallQueueManager.java:<init>(90)) - Using callQueue: class java.util.concurrent.LinkedBlockingQueue, queueCapacity: 2000, scheduler: class org.apache.hadoop.ipc.DefaultRpcScheduler, ipcBackoff: false.
2023-12-05 10:05:16,391 [main] INFO  ipc.Server (Server.java:<init>(1287)) - Listener at 0.0.0.0:15106
2023-12-05 10:05:16,391 [Socket Reader #1 for port 15106] INFO  ipc.Server (Server.java:run(1323)) - Starting Socket Reader #1 for port 15106
2023-12-05 10:05:16,392 [main] INFO  ipc.CallQueueManager (CallQueueManager.java:<init>(90)) - Using callQueue: class java.util.concurrent.LinkedBlockingQueue, queueCapacity: 2000, scheduler: class org.apache.hadoop.ipc.DefaultRpcScheduler, ipcBackoff: false.
2023-12-05 10:05:16,392 [main] INFO  ipc.Server (Server.java:<init>(1287)) - Listener at 0.0.0.0:15105
2023-12-05 10:05:16,392 [Socket Reader #1 for port 15105] INFO  ipc.Server (Server.java:run(1323)) - Starting Socket Reader #1 for port 15105
2023-12-05 10:05:16,395 [main] INFO  ha.SCMServiceManager (SCMServiceManager.java:register(42)) - Registering service ContainerBalancer.
2023-12-05 10:05:16,395 [main] INFO  server.StorageContainerManager (StorageContainerManager.java:<init>(447)) - 
Container Balancer status:
Key                            Value
Running                        false
Container Balancer Configuration values:
Key                                                Value
Threshold                                          10
Max Datanodes to Involve per Iteration(percent)    20
Max Size to Move per Iteration                     500GB
Max Size Entering Target per Iteration             26GB
Max Size Leaving Source per Iteration              26GB
Number of Iterations                               10
Time Limit for Single Container's Movement         65min
Time Limit for Single Container's Replication      50min
Interval between each Iteration                    70min
Whether to Enable Network Topology                 false
Whether to Trigger Refresh Datanode Usage Info     false
Container IDs to Exclude from Balancing            None
Datanodes Specified to be Balanced                 None
Datanodes Excluded from Balancing                  None

2023-12-05 10:05:16,395 [main] INFO  ha.SCMContext (SCMContext.java:updateSafeModeStatus(230)) - Update SafeModeStatus from SafeModeStatus{safeModeStatus=true, preCheckPassed=false} to SafeModeStatus{safeModeStatus=true, preCheckPassed=false}.
2023-12-05 10:05:16,396 [main] INFO  server.StorageContainerManager (StorageContainerManager.java:start(1512)) - StorageContainerLocationProtocol RPC server is listening at /0.0.0.0:15105
2023-12-05 10:05:16,397 [main] WARN  impl.MetricsConfig (MetricsConfig.java:loadFirst(136)) - Cannot locate configuration: tried hadoop-metrics2-storagecontainermanager.properties,hadoop-metrics2.properties
2023-12-05 10:05:16,397 [main] INFO  impl.MetricsSystemImpl (MetricsSystemImpl.java:startTimer(378)) - Scheduled Metric snapshot period at 10 second(s).
2023-12-05 10:05:16,397 [main] INFO  impl.MetricsSystemImpl (MetricsSystemImpl.java:start(191)) - StorageContainerManager metrics system started
2023-12-05 10:05:16,401 [main] INFO  impl.MetricsSinkAdapter (MetricsSinkAdapter.java:start(204)) - Sink prometheus started
2023-12-05 10:05:16,402 [main] INFO  impl.MetricsSystemImpl (MetricsSystemImpl.java:registerSink(305)) - Registered sink prometheus
2023-12-05 10:05:16,419 [main] INFO  server.SCMClientProtocolServer (SCMClientProtocolServer.java:start(201)) - RPC server for Client  is listening at /0.0.0.0:15105
2023-12-05 10:05:16,419 [IPC Server Responder] INFO  ipc.Server (Server.java:run(1562)) - IPC Server Responder: starting
2023-12-05 10:05:16,420 [IPC Server listener on 15105] INFO  ipc.Server (Server.java:run(1402)) - IPC Server listener on 15105: starting
2023-12-05 10:05:16,425 [main] INFO  server.StorageContainerManager (StorageContainerManager.java:start(1525)) - ScmBlockLocationProtocol RPC server is listening at /0.0.0.0:15106
2023-12-05 10:05:16,426 [main] INFO  server.SCMBlockProtocolServer (SCMBlockProtocolServer.java:start(158)) - RPC server for Block Protocol is listening at /0.0.0.0:15106
2023-12-05 10:05:16,426 [IPC Server Responder] INFO  ipc.Server (Server.java:run(1562)) - IPC Server Responder: starting
2023-12-05 10:05:16,426 [IPC Server listener on 15106] INFO  ipc.Server (Server.java:run(1402)) - IPC Server listener on 15106: starting
2023-12-05 10:05:16,428 [main] INFO  server.SCMDatanodeProtocolServer (SCMDatanodeProtocolServer.java:start(193)) - ScmDatanodeProtocol RPC server for DataNodes is listening at /0.0.0.0:15107
2023-12-05 10:05:16,429 [IPC Server Responder] INFO  ipc.Server (Server.java:run(1562)) - IPC Server Responder: starting
2023-12-05 10:05:16,429 [IPC Server listener on 15107] INFO  ipc.Server (Server.java:run(1402)) - IPC Server listener on 15107: starting
2023-12-05 10:05:16,431 [JvmPauseMonitor15] INFO  util.JvmPauseMonitor (JvmPauseMonitor.java:run(146)) - JvmPauseMonitor-762d1e1b-6b12-41fe-bac7-ba239be1bd23: Started
2023-12-05 10:05:16,433 [main] INFO  http.BaseHttpServer (BaseHttpServer.java:newHttpServer2BuilderForOzone(223)) - Starting Web-server for scm at: http://0.0.0.0:15108
2023-12-05 10:05:16,434 [main] INFO  http.BaseHttpServer (BaseHttpServer.java:<init>(110)) - Hadoop Security Enabled: false Ozone Security Enabled: false Ozone HTTP Security Enabled: false 
2023-12-05 10:05:16,435 [main] WARN  server.AuthenticationFilter (AuthenticationFilter.java:constructSecretProvider(240)) - Unable to initialize FileSignerSecretProvider, falling back to use random secrets. Reason: Could not read signature secret file: /home/runner/hadoop-http-auth-signature-secret
2023-12-05 10:05:16,435 [main] INFO  http.HttpRequestLog (HttpRequestLog.java:getRequestLog(86)) - Http request log for http.requests.scm is not defined
2023-12-05 10:05:16,437 [main] INFO  http.HttpServer2 (HttpServer2.java:addGlobalFilter(1031)) - Added global filter 'safety' (class=org.apache.hadoop.hdds.server.http.HttpServer2$QuotingInputFilter)
2023-12-05 10:05:16,437 [main] INFO  http.HttpServer2 (HttpServer2.java:addFilter(1007)) - Added filter static_user_filter (class=org.apache.hadoop.http.lib.StaticUserWebFilter$StaticUserFilter) to context scm
2023-12-05 10:05:16,438 [main] INFO  http.HttpServer2 (HttpServer2.java:addFilter(1015)) - Added filter static_user_filter (class=org.apache.hadoop.http.lib.StaticUserWebFilter$StaticUserFilter) to context logs
2023-12-05 10:05:16,438 [main] INFO  http.HttpServer2 (HttpServer2.java:addFilter(1015)) - Added filter static_user_filter (class=org.apache.hadoop.http.lib.StaticUserWebFilter$StaticUserFilter) to context static
2023-12-05 10:05:16,439 [main] INFO  http.BaseHttpServer (BaseHttpServer.java:<init>(189)) - HTTP server of scm uses base directory /home/runner/work/ozone/ozone/hadoop-ozone/integration-test/target/test-dir/MiniOzoneClusterImpl-782bf028-a903-465f-9351-69beed6026d9/ozone-meta/webserver
2023-12-05 10:05:16,439 [main] INFO  http.HttpServer2 (HttpServer2.java:bindListener(1231)) - Jetty bound to port 15108
2023-12-05 10:05:16,439 [main] INFO  server.Server (Server.java:doStart(375)) - jetty-9.4.53.v20231009; built: 2023-10-09T12:29:09.265Z; git: 27bde00a0b95a1d5bbee0eae7984f891d2d0f8c9; jvm 1.8.0_392-b08
2023-12-05 10:05:16,440 [main] INFO  server.session (DefaultSessionIdManager.java:doStart(334)) - DefaultSessionIdManager workerName=node0
2023-12-05 10:05:16,440 [main] INFO  server.session (DefaultSessionIdManager.java:doStart(339)) - No SessionScavenger set, using defaults
2023-12-05 10:05:16,440 [main] INFO  server.session (HouseKeeper.java:startScavenging(132)) - node0 Scavenging every 660000ms
2023-12-05 10:05:16,441 [main] INFO  handler.ContextHandler (ContextHandler.java:doStart(921)) - Started o.e.j.s.ServletContextHandler@7b4d145b{logs,/logs,file:///home/runner/work/ozone/ozone/hadoop-ozone/integration-test/target/log,AVAILABLE}
2023-12-05 10:05:16,441 [main] INFO  handler.ContextHandler (ContextHandler.java:doStart(921)) - Started o.e.j.s.ServletContextHandler@651656b9{static,/static,file:///home/runner/work/ozone/ozone/hadoop-ozone/integration-test/target/test-classes/webapps/static,AVAILABLE}
2023-12-05 10:05:16,445 [main] INFO  handler.ContextHandler (ContextHandler.java:doStart(921)) - Started o.e.j.w.WebAppContext@5a9703ab{scm,/,file:///home/runner/work/ozone/ozone/hadoop-ozone/integration-test/target/test-classes/webapps/scm/,AVAILABLE}{file:/home/runner/work/ozone/ozone/hadoop-ozone/integration-test/target/test-classes/webapps/scm}
2023-12-05 10:05:16,449 [main] INFO  server.AbstractConnector (AbstractConnector.java:doStart(333)) - Started ServerConnector@38fcc931{HTTP/1.1, (http/1.1)}{0.0.0.0:15108}
2023-12-05 10:05:16,450 [main] INFO  server.Server (Server.java:doStart(415)) - Started @57114ms
2023-12-05 10:05:16,450 [main] WARN  impl.MetricsSystemImpl (MetricsSystemImpl.java:register(279)) - Sink prometheus already exists!
2023-12-05 10:05:16,450 [main] INFO  http.BaseHttpServer (BaseHttpServer.java:updateConnectorAddress(354)) - HTTP server of scm listening at http://0.0.0.0:15108
2023-12-05 10:05:16,451 [main] WARN  server.ServerUtils (ServerUtils.java:getDBPath(311)) - ozone.om.db.dirs is not configured. We recommend adding this setting. Falling back to ozone.metadata.dirs instead.
2023-12-05 10:05:16,452 [main] INFO  ha.OMHANodeDetails (OMHANodeDetails.java:loadOMHAConfig(115)) - ozone.om.internal.service.id is not defined, falling back to ozone.om.service.ids to find serviceID for OzoneManager if it is HA enabled cluster
2023-12-05 10:05:16,452 [main] INFO  ha.OMHANodeDetails (OMHANodeDetails.java:loadOMHAConfig(226)) - Configuration does not have ozone.om.address set. Falling back to the default OM address /127.0.0.1:15109
2023-12-05 10:05:16,453 [main] INFO  ha.OMHANodeDetails (OMHANodeDetails.java:getOMNodeDetailsForNonHA(254)) - OM Service ID is not set. Setting it to the default ID: omServiceIdDefault
2023-12-05 10:05:16,453 [main] INFO  ha.OMHANodeDetails (OMHANodeDetails.java:getOMNodeDetailsForNonHA(261)) - OM Node ID is not set. Setting it to the default ID: om1
2023-12-05 10:05:16,453 [main] WARN  server.ServerUtils (ServerUtils.java:getDBPath(311)) - ozone.om.db.dirs is not configured. We recommend adding this setting. Falling back to ozone.metadata.dirs instead.
2023-12-05 10:05:16,454 [main] INFO  upgrade.AbstractLayoutVersionManager (AbstractLayoutVersionManager.java:init(83)) - Initializing Layout version manager with metadata layout = QUOTA (version = 6), software layout = QUOTA (version = 6)
2023-12-05 10:05:16,486 [main] INFO  reflections.Reflections (Reflections.java:scan(232)) - Reflections took 31 ms to scan 2 urls, producing 190 keys and 527 values [using 4 cores]
2023-12-05 10:05:16,487 [main] INFO  upgrade.OMLayoutVersionManager (OMLayoutVersionManager.java:lambda$0(115)) - Skipping Upgrade Action QuotaRepairUpgradeAction since it has been finalized.
2023-12-05 10:05:16,487 [main] INFO  upgrade.OMLayoutVersionManager (OMLayoutVersionManager.java:lambda$0(115)) - Skipping Upgrade Action MockOmUpgradeAction since it has been finalized.
2023-12-05 10:05:16,487 [main] WARN  server.ServerUtils (ServerUtils.java:getDBPath(311)) - ozone.om.db.dirs is not configured. We recommend adding this setting. Falling back to ozone.metadata.dirs instead.
2023-12-05 10:05:16,488 [main] INFO  proxy.SCMBlockLocationFailoverProxyProvider (SCMBlockLocationFailoverProxyProvider.java:<init>(115)) - Created block location fail-over proxy with 1 nodes: [nodeId=scmNodeId,nodeAddress=/0.0.0.0:15106]
2023-12-05 10:05:16,489 [main] INFO  proxy.SCMBlockLocationFailoverProxyProvider (SCMBlockLocationFailoverProxyProvider.java:<init>(115)) - Created block location fail-over proxy with 1 nodes: [nodeId=scmNodeId,nodeAddress=/0.0.0.0:15106]
2023-12-05 10:05:16,494 [main] INFO  om.OzoneManager (OzoneManager.java:<init>(674)) - OM start with adminUsers: [runner]
2023-12-05 10:05:16,495 [main] WARN  server.ServerUtils (ServerUtils.java:getDBPath(311)) - ozone.om.db.dirs is not configured. We recommend adding this setting. Falling back to ozone.metadata.dirs instead.
2023-12-05 10:05:16,495 [main] INFO  helpers.OmKeyInfo (OmKeyInfo.java:getCodec(71)) - OmKeyInfo.getCodec ignorePipeline = true
2023-12-05 10:05:16,629 [main] INFO  om.OzoneManager (OzoneManager.java:instantiateServices(808)) - S3 Multi-Tenancy is disabled
2023-12-05 10:05:16,630 [main] INFO  om.OmSnapshotManager (OmSnapshotManager.java:<init>(176)) - Ozone filesystem snapshot feature is enabled.
2023-12-05 10:05:16,630 [main] WARN  server.ServerUtils (ServerUtils.java:getDBPath(311)) - ozone.om.snapshot.diff.db.dir is not configured. We recommend adding this setting. Falling back to ozone.metadata.dirs instead.
2023-12-05 10:05:16,645 [main] INFO  snapshot.SnapshotDiffManager (SnapshotDiffManager.java:closeExecutorService(1716)) - Shutting down executorService: 'SstDumpToolExecutor'
2023-12-05 10:05:16,648 [main] INFO  om.OzoneManager (OzoneManager.java:addS3GVolumeToDB(4440)) - Created Volume s3v With Owner runner required for S3Gateway operations.
2023-12-05 10:05:16,649 [main] WARN  server.ServerUtils (ServerUtils.java:getDefaultRatisDirectory(323)) - Storage directory for Ratis is not configured. It is a good idea to map this to an SSD disk. Falling back to ozone.metadata.dirs
2023-12-05 10:05:16,649 [main] WARN  utils.OzoneManagerRatisUtils (OzoneManagerRatisUtils.java:getOMRatisSnapshotDirectory(473)) - ozone.om.ratis.snapshot.dir is not configured. Falling back to ozone.metadata.dirs config
2023-12-05 10:05:16,649 [main] WARN  server.ServerUtils (ServerUtils.java:getDefaultRatisDirectory(323)) - Storage directory for Ratis is not configured. It is a good idea to map this to an SSD disk. Falling back to ozone.metadata.dirs
2023-12-05 10:05:16,651 [main] INFO  ratis.OzoneManagerRatisServer (OzoneManagerRatisServer.java:<init>(168)) - Instantiating OM Ratis server with groupID: omServiceIdDefault and peers: localhost:15112
2023-12-05 10:05:16,652 [main] INFO  ratis.OzoneManagerStateMachine (OzoneManagerStateMachine.java:loadSnapshotInfoFromDB(708)) - LastAppliedIndex is set from TransactionInfo from OM DB as (t:0, i:~)
2023-12-05 10:05:16,652 [main] INFO  server.RaftServer (ConfUtils.java:logGet(46)) - raft.rpc.type = GRPC (default)
2023-12-05 10:05:16,652 [main] INFO  grpc.GrpcConfigKeys (ConfUtils.java:logFallback(53)) - raft.grpc.admin.host = null (fallback to raft.grpc.server.host)
2023-12-05 10:05:16,652 [main] INFO  grpc.GrpcConfigKeys (ConfUtils.java:logFallback(53)) - raft.grpc.admin.port = 15112 (fallback to raft.grpc.server.port)
2023-12-05 10:05:16,653 [main] INFO  grpc.GrpcConfigKeys (ConfUtils.java:logFallback(53)) - raft.grpc.client.host = null (fallback to raft.grpc.server.host)
2023-12-05 10:05:16,653 [main] INFO  grpc.GrpcConfigKeys (ConfUtils.java:logFallback(53)) - raft.grpc.client.port = 15112 (fallback to raft.grpc.server.port)
2023-12-05 10:05:16,653 [main] INFO  grpc.GrpcConfigKeys (ConfUtils.java:logGet(46)) - raft.grpc.server.host = null (default)
2023-12-05 10:05:16,653 [main] INFO  grpc.GrpcConfigKeys (ConfUtils.java:logGet(46)) - raft.grpc.server.port = 15112 (custom)
2023-12-05 10:05:16,653 [main] INFO  server.GrpcService (ConfUtils.java:logGet(46)) - raft.grpc.message.size.max = 4194304 (custom)
2023-12-05 10:05:16,654 [main] INFO  server.RaftServerConfigKeys (ConfUtils.java:logGet(46)) - raft.server.log.appender.buffer.byte-limit = 4194304 (custom)
2023-12-05 10:05:16,654 [main] INFO  server.GrpcService (ConfUtils.java:logGet(46)) - raft.grpc.flow.control.window = 1MB (=1048576) (default)
2023-12-05 10:05:16,654 [main] INFO  server.RaftServerConfigKeys (ConfUtils.java:logGet(46)) - raft.server.rpc.request.timeout = 3000ms (default)
2023-12-05 10:05:16,654 [main] INFO  grpc.GrpcConfigKeys (ConfUtils.java:logGet(46)) - raft.grpc.server.heartbeat.channel = true (default)
2023-12-05 10:05:16,654 [main] INFO  grpc.GrpcConfigKeys (ConfUtils.java:logGet(46)) - raft.grpc.server.async.request.thread.pool.cached = true (default)
2023-12-05 10:05:16,655 [main] INFO  grpc.GrpcConfigKeys (ConfUtils.java:logGet(46)) - raft.grpc.server.async.request.thread.pool.size = 32 (default)
2023-12-05 10:05:16,656 [main] INFO  impl.DataStreamServerImpl (ConfUtils.java:logGet(46)) - raft.datastream.type = DISABLED (default)
2023-12-05 10:05:16,656 [main] INFO  server.RaftServerConfigKeys (ConfUtils.java:logGet(46)) - raft.server.sleep.deviation.threshold = 300ms (default)
2023-12-05 10:05:16,656 [main] INFO  server.RaftServerConfigKeys (ConfUtils.java:logGet(46)) - raft.server.close.threshold = 60s (default)
2023-12-05 10:05:16,656 [main] INFO  server.RaftServerConfigKeys (ConfUtils.java:logGet(46)) - raft.server.leaderelection.leader.step-down.wait-time = 10s (default)
2023-12-05 10:05:16,657 [main] INFO  server.RaftServerConfigKeys (ConfUtils.java:logGet(46)) - raft.server.storage.dir = [/home/runner/work/ozone/ozone/hadoop-ozone/integration-test/target/test-dir/MiniOzoneClusterImpl-782bf028-a903-465f-9351-69beed6026d9/ozone-meta/ratis] (custom)
2023-12-05 10:05:16,657 [main] INFO  server.RaftServerConfigKeys (ConfUtils.java:logGet(46)) - raft.server.threadpool.proxy.cached = true (default)
2023-12-05 10:05:16,657 [main] INFO  server.RaftServerConfigKeys (ConfUtils.java:logGet(46)) - raft.server.threadpool.proxy.size = 0 (default)
2023-12-05 10:05:16,671 [main] INFO  server.RaftServer (RaftServerProxy.java:addNew(100)) - om1: addNew group-C5BA1605619E:[om1|localhost:15112] returns group-C5BA1605619E:java.util.concurrent.CompletableFuture@72292f[Not completed]
2023-12-05 10:05:16,672 [main] INFO  om.OzoneManager (OzoneManager.java:initializeRatisServer(2144)) - OzoneManager Ratis server initialized at port 15112
2023-12-05 10:05:16,671 [om1-groupManagement] INFO  server.RaftServer$Division (RaftServerImpl.java:<init>(256)) - om1: new RaftServerImpl for group-C5BA1605619E:[om1|localhost:15112] with OzoneManagerStateMachine:uninitialized
2023-12-05 10:05:16,672 [main] INFO  om.OzoneManager (OzoneManager.java:getRpcServer(1210)) - Creating RPC Server
2023-12-05 10:05:16,672 [om1-groupManagement] INFO  server.RaftServerConfigKeys (ConfUtils.java:logGet(46)) - raft.server.rpc.timeout.min = 1s (custom)
2023-12-05 10:05:16,672 [om1-groupManagement] INFO  server.RaftServerConfigKeys (ConfUtils.java:logGet(46)) - raft.server.rpc.timeout.max = 1200ms (custom)
2023-12-05 10:05:16,672 [om1-groupManagement] INFO  server.RaftServerConfigKeys (ConfUtils.java:logGet(46)) - raft.server.rpc.sleep.time = 25ms (default)
2023-12-05 10:05:16,672 [om1-groupManagement] INFO  server.RaftServerConfigKeys (ConfUtils.java:logGet(46)) - raft.server.rpc.slowness.timeout = 120s (custom)
2023-12-05 10:05:16,672 [om1-groupManagement] INFO  server.RaftServerConfigKeys (ConfUtils.java:logGet(46)) - raft.server.leaderelection.leader.step-down.wait-time = 10s (default)
2023-12-05 10:05:16,672 [om1-groupManagement] INFO  server.RaftServerConfigKeys (ConfUtils.java:logGet(46)) - raft.server.leaderelection.member.majority-add = false (default)
2023-12-05 10:05:16,673 [om1-groupManagement] INFO  server.RaftServerConfigKeys (ConfUtils.java:logGet(46)) - raft.server.sleep.deviation.threshold = 300ms (default)
2023-12-05 10:05:16,673 [om1-groupManagement] INFO  server.RaftServer$Division (ServerState.java:<init>(113)) - om1@group-C5BA1605619E: ConfigurationManager, init=-1: peers:[om1|localhost:15112]|listeners:[], old=null, confs=<EMPTY_MAP>
2023-12-05 10:05:16,673 [om1-groupManagement] INFO  server.RaftServerConfigKeys (ConfUtils.java:logGet(46)) - raft.server.notification.no-leader.timeout = 120s (custom)
2023-12-05 10:05:16,673 [om1-groupManagement] INFO  server.RaftServerConfigKeys (ConfUtils.java:logGet(46)) - raft.server.read.timeout = 10s (default)
2023-12-05 10:05:16,673 [om1-groupManagement] INFO  server.RaftServerConfigKeys (ConfUtils.java:logGet(46)) - raft.server.retrycache.expirytime = 300s (custom)
2023-12-05 10:05:16,673 [om1-groupManagement] INFO  server.RaftServerConfigKeys (ConfUtils.java:logGet(46)) - raft.server.retrycache.statistics.expirytime = 100ms (default)
2023-12-05 10:05:16,673 [om1-groupManagement] INFO  server.RaftServerConfigKeys (ConfUtils.java:logGet(46)) - raft.server.read.option = DEFAULT (default)
2023-12-05 10:05:16,673 [om1-groupManagement] INFO  server.RaftServerConfigKeys (ConfUtils.java:logGet(46)) - raft.server.read.read-after-write-consistent.write-index-cache.expiry-time = 60s (default)
2023-12-05 10:05:16,674 [om1-groupManagement] INFO  server.RaftServerConfigKeys (ConfUtils.java:logGet(46)) - raft.server.rpc.request.timeout = 3000ms (default)
2023-12-05 10:05:16,674 [om1-groupManagement] INFO  server.RaftServerConfigKeys (ConfUtils.java:logGet(46)) - raft.server.log.appender.install.snapshot.enabled = false (custom)
2023-12-05 10:05:16,674 [om1-groupManagement] INFO  server.RaftServerConfigKeys (ConfUtils.java:logGet(46)) - raft.server.threadpool.server.cached = true (default)
2023-12-05 10:05:16,674 [om1-groupManagement] INFO  server.RaftServerConfigKeys (ConfUtils.java:logGet(46)) - raft.server.threadpool.server.size = 0 (default)
2023-12-05 10:05:16,674 [om1-groupManagement] INFO  server.RaftServerConfigKeys (ConfUtils.java:logGet(46)) - raft.server.threadpool.client.cached = true (default)
2023-12-05 10:05:16,674 [om1-groupManagement] INFO  server.RaftServerConfigKeys (ConfUtils.java:logGet(46)) - raft.server.threadpool.client.size = 0 (default)
2023-12-05 10:05:16,881 [main] INFO  reflections.Reflections (Reflections.java:scan(232)) - Reflections took 207 ms to scan 20 urls, producing 71 keys and 6159 values [using 4 cores]
2023-12-05 10:05:16,882 [main] INFO  ipc.CallQueueManager (CallQueueManager.java:<init>(90)) - Using callQueue: class java.util.concurrent.LinkedBlockingQueue, queueCapacity: 2000, scheduler: class org.apache.hadoop.ipc.DefaultRpcScheduler, ipcBackoff: false.
2023-12-05 10:05:16,883 [main] INFO  ipc.Server (Server.java:<init>(1287)) - Listener at 127.0.0.1:15109
2023-12-05 10:05:16,883 [Socket Reader #1 for port 15109] INFO  ipc.Server (Server.java:run(1323)) - Starting Socket Reader #1 for port 15109
2023-12-05 10:05:16,897 [main] INFO  impl.MetricsSystemImpl (MetricsSystemImpl.java:init(158)) - OzoneManager metrics system started (again)
2023-12-05 10:05:16,904 [main] INFO  om.OzoneManager (OzoneManager.java:start(1632)) - OzoneManager RPC server is listening at localhost/127.0.0.1:15109
2023-12-05 10:05:16,904 [main] INFO  ratis.OzoneManagerRatisServer (OzoneManagerRatisServer.java:start(585)) - Starting OzoneManagerRatisServer om1 at port 15112
2023-12-05 10:05:16,904 [om1-impl-thread1] INFO  server.RaftServerConfigKeys (ConfUtils.java:logGet(46)) - raft.server.storage.free-space.min = 0MB (=0) (default)
2023-12-05 10:05:16,904 [om1-impl-thread1] INFO  server.RaftServerConfigKeys (ConfUtils.java:logGet(46)) - raft.server.log.corruption.policy = EXCEPTION (default)
2023-12-05 10:05:16,905 [om1-impl-thread1] INFO  server.RaftServerConfigKeys (ConfUtils.java:logGet(46)) - raft.server.storage.dir = [/home/runner/work/ozone/ozone/hadoop-ozone/integration-test/target/test-dir/MiniOzoneClusterImpl-782bf028-a903-465f-9351-69beed6026d9/ozone-meta/ratis] (custom)
2023-12-05 10:05:16,905 [om1-impl-thread1] INFO  storage.RaftStorageDirectory (RaftStorageDirectoryImpl.java:analyzeStorage(138)) - The storage directory /home/runner/work/ozone/ozone/hadoop-ozone/integration-test/target/test-dir/MiniOzoneClusterImpl-782bf028-a903-465f-9351-69beed6026d9/ozone-meta/ratis/bf265839-605b-3f16-9796-c5ba1605619e does not exist. Creating ...
2023-12-05 10:05:16,906 [om1-impl-thread1] INFO  storage.RaftStorageDirectory (RaftStorageDirectoryImpl.java:tryLock(232)) - Lock on /home/runner/work/ozone/ozone/hadoop-ozone/integration-test/target/test-dir/MiniOzoneClusterImpl-782bf028-a903-465f-9351-69beed6026d9/ozone-meta/ratis/bf265839-605b-3f16-9796-c5ba1605619e/in_use.lock acquired by nodename 4813@fv-az884-53
2023-12-05 10:05:16,907 [om1-impl-thread1] INFO  storage.RaftStorage (RaftStorageImpl.java:format(97)) - Storage directory /home/runner/work/ozone/ozone/hadoop-ozone/integration-test/target/test-dir/MiniOzoneClusterImpl-782bf028-a903-465f-9351-69beed6026d9/ozone-meta/ratis/bf265839-605b-3f16-9796-c5ba1605619e has been successfully formatted.
2023-12-05 10:05:16,907 [om1-impl-thread1] INFO  server.RaftServerConfigKeys (ConfUtils.java:logGet(46)) - raft.server.log.use.memory = false (default)
2023-12-05 10:05:16,907 [om1-impl-thread1] INFO  server.RaftServerConfigKeys (ConfUtils.java:logGet(46)) - raft.server.log.purge.gap = 1000000 (custom)
2023-12-05 10:05:16,907 [om1-impl-thread1] INFO  server.RaftServerConfigKeys (ConfUtils.java:logGet(46)) - raft.server.log.appender.buffer.byte-limit = 4194304 (custom)
2023-12-05 10:05:16,907 [om1-impl-thread1] INFO  server.RaftServerConfigKeys (ConfUtils.java:logGet(46)) - raft.server.log.statemachine.data.read.timeout = 1000ms (default)
2023-12-05 10:05:16,908 [om1-impl-thread1] INFO  server.RaftServerConfigKeys (ConfUtils.java:logGet(46)) - raft.server.log.purge.preservation.log.num = 0 (default)
2023-12-05 10:05:16,908 [om1-impl-thread1] INFO  server.RaftServerConfigKeys (ConfUtils.java:logGet(46)) - raft.server.log.segment.size.max = 4194304 (custom)
2023-12-05 10:05:16,908 [om1-impl-thread1] INFO  server.RaftServerConfigKeys (ConfUtils.java:logGet(46)) - raft.server.log.segment.cache.num.max = 2 (custom)
2023-12-05 10:05:16,908 [om1-impl-thread1] INFO  server.RaftServerConfigKeys (ConfUtils.java:logGet(46)) - raft.server.log.segment.cache.size.max = 200MB (=209715200) (default)
2023-12-05 10:05:16,909 [om1-impl-thread1] INFO  server.RaftServerConfigKeys (ConfUtils.java:logGet(46)) - raft.server.log.appender.buffer.byte-limit = 4194304 (custom)
2023-12-05 10:05:16,909 [om1-impl-thread1] INFO  util.AwaitToRun (AwaitToRun.java:start(81)) - Thread[om1@group-C5BA1605619E-cacheEviction-AwaitToRun,5,main] started
2023-12-05 10:05:16,909 [om1-impl-thread1] INFO  segmented.SegmentedRaftLogWorker (SegmentedRaftLogWorker.java:<init>(184)) - new om1@group-C5BA1605619E-SegmentedRaftLogWorker for RaftStorageImpl:Storage Directory /home/runner/work/ozone/ozone/hadoop-ozone/integration-test/target/test-dir/MiniOzoneClusterImpl-782bf028-a903-465f-9351-69beed6026d9/ozone-meta/ratis/bf265839-605b-3f16-9796-c5ba1605619e
2023-12-05 10:05:16,909 [om1-impl-thread1] INFO  server.RaftServerConfigKeys (ConfUtils.java:logGet(46)) - raft.server.log.queue.byte-limit = 64MB (=67108864) (default)
2023-12-05 10:05:16,909 [om1-impl-thread1] INFO  server.RaftServerConfigKeys (ConfUtils.java:logGet(46)) - raft.server.log.queue.element-limit = 4096 (default)
2023-12-05 10:05:16,909 [om1-impl-thread1] INFO  server.RaftServerConfigKeys (ConfUtils.java:logGet(46)) - raft.server.log.segment.size.max = 4194304 (custom)
2023-12-05 10:05:16,909 [om1-impl-thread1] INFO  server.RaftServerConfigKeys (ConfUtils.java:logGet(46)) - raft.server.log.preallocated.size = 4194304 (custom)
2023-12-05 10:05:16,909 [om1-impl-thread1] INFO  server.RaftServerConfigKeys (ConfUtils.java:logGet(46)) - raft.server.log.force.sync.num = 128 (default)
2023-12-05 10:05:16,909 [om1-impl-thread1] INFO  server.RaftServerConfigKeys (ConfUtils.java:logGet(46)) - raft.server.log.statemachine.data.sync = true (default)
2023-12-05 10:05:16,909 [om1-impl-thread1] INFO  server.RaftServerConfigKeys (ConfUtils.java:logGet(46)) - raft.server.log.statemachine.data.sync.timeout = 10s (default)
2023-12-05 10:05:16,909 [om1-impl-thread1] INFO  server.RaftServerConfigKeys (ConfUtils.java:logGet(46)) - raft.server.log.statemachine.data.sync.timeout.retry = -1 (default)
2023-12-05 10:05:16,909 [om1-impl-thread1] INFO  server.RaftServerConfigKeys (ConfUtils.java:logGet(46)) - raft.server.log.write.buffer.size = 4194312 (custom)
2023-12-05 10:05:16,911 [om1-impl-thread1] INFO  server.RaftServerConfigKeys (ConfUtils.java:logGet(46)) - raft.server.log.appender.buffer.byte-limit = 4194304 (custom)
2023-12-05 10:05:16,911 [om1-impl-thread1] INFO  server.RaftServerConfigKeys (ConfUtils.java:logGet(46)) - raft.server.log.unsafe-flush.enabled = false (default)
2023-12-05 10:05:16,911 [om1-impl-thread1] INFO  server.RaftServerConfigKeys (ConfUtils.java:logGet(46)) - raft.server.log.async-flush.enabled = false (default)
2023-12-05 10:05:16,911 [om1-impl-thread1] INFO  server.RaftServerConfigKeys (ConfUtils.java:logGet(46)) - raft.server.log.statemachine.data.caching.enabled = false (default)
2023-12-05 10:05:16,911 [om1-impl-thread1] INFO  segmented.SegmentedRaftLogWorker (SegmentedRaftLogWorker.java:lambda$new$0(135)) - om1@group-C5BA1605619E-SegmentedRaftLogWorker: flushIndex: setUnconditionally 0 -> -1
2023-12-05 10:05:16,911 [om1-impl-thread1] INFO  segmented.SegmentedRaftLogWorker (SegmentedRaftLogWorker.java:lambda$new$0(135)) - om1@group-C5BA1605619E-SegmentedRaftLogWorker: safeCacheEvictIndex: setUnconditionally 0 -> -1
2023-12-05 10:05:16,912 [om1-impl-thread1] INFO  server.RaftServer$Division (RaftServerImpl.java:start(392)) - om1@group-C5BA1605619E: start as a follower, conf=-1: peers:[om1|localhost:15112]|listeners:[], old=null
2023-12-05 10:05:16,912 [om1-impl-thread1] INFO  server.RaftServer$Division (RaftServerImpl.java:setRole(379)) - om1@group-C5BA1605619E: changes role from      null to FOLLOWER at term 0 for startAsFollower
2023-12-05 10:05:16,912 [om1-impl-thread1] INFO  impl.RoleInfo (RoleInfo.java:updateAndGet(139)) - om1: start om1@group-C5BA1605619E-FollowerState
2023-12-05 10:05:16,912 [om1-impl-thread1] INFO  util.JmxRegister (JmxRegister.java:tryRegister(44)) - Successfully registered JMX Bean with object name Ratis:service=RaftServer,group=group-C5BA1605619E,id=om1
2023-12-05 10:05:16,913 [om1-impl-thread1] INFO  server.RaftServerConfigKeys (ConfUtils.java:logGet(46)) - raft.server.snapshot.trigger-when-stop.enabled = true (default)
2023-12-05 10:05:16,913 [om1-impl-thread1] INFO  server.RaftServerConfigKeys (ConfUtils.java:logGet(46)) - raft.server.snapshot.auto.trigger.enabled = true (custom)
2023-12-05 10:05:16,913 [om1-impl-thread1] INFO  server.RaftServerConfigKeys (ConfUtils.java:logGet(46)) - raft.server.snapshot.auto.trigger.threshold = 400000 (default)
2023-12-05 10:05:16,913 [om1-impl-thread1] INFO  server.RaftServerConfigKeys (ConfUtils.java:logGet(46)) - raft.server.snapshot.retention.file.num = -1 (default)
2023-12-05 10:05:16,913 [om1-impl-thread1] INFO  server.RaftServerConfigKeys (ConfUtils.java:logGet(46)) - raft.server.log.purge.upto.snapshot.index = true (custom)
2023-12-05 10:05:16,913 [om1@group-C5BA1605619E-FollowerState] INFO  server.RaftServerConfigKeys (ConfUtils.java:logFallback(53)) - raft.server.rpc.first-election.timeout.min = 1s (fallback to raft.server.rpc.timeout.min)
2023-12-05 10:05:16,913 [om1@group-C5BA1605619E-FollowerState] INFO  server.RaftServerConfigKeys (ConfUtils.java:logFallback(53)) - raft.server.rpc.first-election.timeout.max = 1200ms (fallback to raft.server.rpc.timeout.max)
2023-12-05 10:05:16,920 [main] INFO  server.RaftServer (RaftServerProxy.java:startImpl(406)) - om1: start RPC server
2023-12-05 10:05:16,924 [main] INFO  server.GrpcService (GrpcService.java:startImpl(302)) - om1: GrpcService started, listening on 15112
2023-12-05 10:05:16,925 [JvmPauseMonitor16] INFO  util.JvmPauseMonitor (JvmPauseMonitor.java:run(146)) - JvmPauseMonitor-om1: Started
2023-12-05 10:05:16,926 [main] INFO  om.OzoneManager (OzoneManager.java:start(1648)) - Version File has different layout version (6) than OM DB (null). That is expected if this OM has never been finalized to a newer layout version.
2023-12-05 10:05:16,944 [main] INFO  http.BaseHttpServer (BaseHttpServer.java:newHttpServer2BuilderForOzone(223)) - Starting Web-server for ozoneManager at: http://0.0.0.0:15110
2023-12-05 10:05:16,945 [main] INFO  http.BaseHttpServer (BaseHttpServer.java:<init>(110)) - Hadoop Security Enabled: false Ozone Security Enabled: false Ozone HTTP Security Enabled: false 
2023-12-05 10:05:16,946 [main] WARN  server.AuthenticationFilter (AuthenticationFilter.java:constructSecretProvider(240)) - Unable to initialize FileSignerSecretProvider, falling back to use random secrets. Reason: Could not read signature secret file: /home/runner/hadoop-http-auth-signature-secret
2023-12-05 10:05:16,946 [main] INFO  http.HttpRequestLog (HttpRequestLog.java:getRequestLog(86)) - Http request log for http.requests.ozoneManager is not defined
2023-12-05 10:05:16,948 [main] INFO  http.HttpServer2 (HttpServer2.java:addGlobalFilter(1031)) - Added global filter 'safety' (class=org.apache.hadoop.hdds.server.http.HttpServer2$QuotingInputFilter)
2023-12-05 10:05:16,948 [main] INFO  http.HttpServer2 (HttpServer2.java:addFilter(1007)) - Added filter static_user_filter (class=org.apache.hadoop.http.lib.StaticUserWebFilter$StaticUserFilter) to context ozoneManager
2023-12-05 10:05:16,948 [main] INFO  http.HttpServer2 (HttpServer2.java:addFilter(1015)) - Added filter static_user_filter (class=org.apache.hadoop.http.lib.StaticUserWebFilter$StaticUserFilter) to context static
2023-12-05 10:05:16,949 [main] INFO  http.HttpServer2 (HttpServer2.java:addFilter(1015)) - Added filter static_user_filter (class=org.apache.hadoop.http.lib.StaticUserWebFilter$StaticUserFilter) to context logs
2023-12-05 10:05:16,950 [main] INFO  http.BaseHttpServer (BaseHttpServer.java:<init>(189)) - HTTP server of ozoneManager uses base directory /home/runner/work/ozone/ozone/hadoop-ozone/integration-test/target/test-dir/MiniOzoneClusterImpl-782bf028-a903-465f-9351-69beed6026d9/ozone-meta/webserver
2023-12-05 10:05:16,951 [main] INFO  http.HttpServer2 (HttpServer2.java:bindListener(1231)) - Jetty bound to port 15110
2023-12-05 10:05:16,951 [main] INFO  server.Server (Server.java:doStart(375)) - jetty-9.4.53.v20231009; built: 2023-10-09T12:29:09.265Z; git: 27bde00a0b95a1d5bbee0eae7984f891d2d0f8c9; jvm 1.8.0_392-b08
2023-12-05 10:05:16,974 [main] INFO  server.session (DefaultSessionIdManager.java:doStart(334)) - DefaultSessionIdManager workerName=node0
2023-12-05 10:05:16,975 [main] INFO  server.session (DefaultSessionIdManager.java:doStart(339)) - No SessionScavenger set, using defaults
2023-12-05 10:05:16,975 [main] INFO  server.session (HouseKeeper.java:startScavenging(132)) - node0 Scavenging every 600000ms
2023-12-05 10:05:16,976 [main] INFO  handler.ContextHandler (ContextHandler.java:doStart(921)) - Started o.e.j.s.ServletContextHandler@6a40086a{logs,/logs,file:///home/runner/work/ozone/ozone/hadoop-ozone/integration-test/target/log,AVAILABLE}
2023-12-05 10:05:16,976 [main] INFO  handler.ContextHandler (ContextHandler.java:doStart(921)) - Started o.e.j.s.ServletContextHandler@693656c5{static,/static,file:///home/runner/work/ozone/ozone/hadoop-ozone/integration-test/target/test-classes/webapps/static,AVAILABLE}
2023-12-05 10:05:16,983 [main] INFO  handler.ContextHandler (ContextHandler.java:doStart(921)) - Started o.e.j.w.WebAppContext@2b7ce06e{ozoneManager,/,file:///home/runner/work/ozone/ozone/hadoop-ozone/integration-test/target/test-classes/webapps/ozoneManager/,AVAILABLE}{file:/home/runner/work/ozone/ozone/hadoop-ozone/integration-test/target/test-classes/webapps/ozoneManager}
2023-12-05 10:05:16,985 [main] INFO  server.AbstractConnector (AbstractConnector.java:doStart(333)) - Started ServerConnector@18bfde9e{HTTP/1.1, (http/1.1)}{0.0.0.0:15110}
2023-12-05 10:05:16,985 [main] INFO  server.Server (Server.java:doStart(415)) - Started @57649ms
2023-12-05 10:05:16,986 [main] WARN  impl.MetricsSystemImpl (MetricsSystemImpl.java:register(279)) - Sink prometheus already exists!
2023-12-05 10:05:16,986 [main] INFO  http.BaseHttpServer (BaseHttpServer.java:updateConnectorAddress(354)) - HTTP server of ozoneManager listening at http://0.0.0.0:15110
2023-12-05 10:05:16,987 [IPC Server Responder] INFO  ipc.Server (Server.java:run(1562)) - IPC Server Responder: starting
2023-12-05 10:05:16,987 [IPC Server listener on 15109] INFO  ipc.Server (Server.java:run(1402)) - IPC Server listener on 15109: starting
2023-12-05 10:05:16,993 [main] INFO  om.OzoneManager (OzoneManager.java:startTrashEmptier(2097)) - Trash Interval set to 0. Files deleted won't move to trash
2023-12-05 10:05:17,004 [main] WARN  dropwizard3.Dm3MetricRegistriesImpl (Dm3MetricRegistriesImpl.java:addReporterRegistration(113)) - New reporters are added after registries were created. Some metrics will be missing from the reporter. Please add reporter before adding any new registry.
2023-12-05 10:05:17,004 [main] WARN  dropwizard3.Dm3MetricRegistriesImpl (Dm3MetricRegistriesImpl.java:addReporterRegistration(113)) - New reporters are added after registries were created. Some metrics will be missing from the reporter. Please add reporter before adding any new registry.
2023-12-05 10:05:17,005 [main] INFO  impl.MetricsSystemImpl (MetricsSystemImpl.java:init(158)) - HddsDatanode metrics system started (again)
2023-12-05 10:05:17,013 [main] INFO  ozone.HddsDatanodeService (HddsDatanodeService.java:start(239)) - HddsDatanodeService host:fv-az884-53.nlrrjjsaionubk4jys1hz1dhmg.bx.internal.cloudapp.net ip:10.1.0.7
2023-12-05 10:05:17,029 [main] INFO  upgrade.AbstractLayoutVersionManager (AbstractLayoutVersionManager.java:init(83)) - Initializing Layout version manager with metadata layout = HADOOP_PRC_PORTS_IN_DATANODEDETAILS (version = 7), software layout = HADOOP_PRC_PORTS_IN_DATANODEDETAILS (version = 7)
2023-12-05 10:05:17,029 [main] INFO  statemachine.DatanodeStateMachine (DatanodeStateMachine.java:getEndPointTaskThreadPoolSize(299)) - Datanode State Machine Task Thread Pool size 2
2023-12-05 10:05:17,031 [main] INFO  volume.HddsVolume (HddsVolume.java:<init>(126)) - Creating HddsVolume: /home/runner/work/ozone/ozone/hadoop-ozone/integration-test/target/test-dir/MiniOzoneClusterImpl-782bf028-a903-465f-9351-69beed6026d9/datanode-0/data-0/containers/hdds of storage type : DISK capacity : 9223372036854775807
2023-12-05 10:05:17,032 [main] INFO  volume.MutableVolumeSet (MutableVolumeSet.java:initializeVolumeSet(173)) - Added Volume : /home/runner/work/ozone/ozone/hadoop-ozone/integration-test/target/test-dir/MiniOzoneClusterImpl-782bf028-a903-465f-9351-69beed6026d9/datanode-0/data-0/containers/hdds to VolumeSet
2023-12-05 10:05:17,032 [main] INFO  volume.MutableVolumeSet (MutableVolumeSet.java:initializeVolumeSet(173)) - Added Volume : /home/runner/work/ozone/ozone/hadoop-ozone/integration-test/target/test-dir/MiniOzoneClusterImpl-782bf028-a903-465f-9351-69beed6026d9/datanode-0/data/ratis to VolumeSet
2023-12-05 10:05:17,033 [main] INFO  ozoneimpl.OzoneContainer (HddsVolumeUtil.java:loadAllHddsVolumeDbStore(103)) - Load 1 volumes DbStore cost: 0ms
2023-12-05 10:05:17,034 [7494988f-ebd7-47bd-844d-a639117e12d7-ContainerReader-0] INFO  ozoneimpl.ContainerReader (ContainerReader.java:readVolume(177)) - Finish verifying containers on volume /home/runner/work/ozone/ozone/hadoop-ozone/integration-test/target/test-dir/MiniOzoneClusterImpl-782bf028-a903-465f-9351-69beed6026d9/datanode-0/data-0/containers/hdds
2023-12-05 10:05:17,034 [main] INFO  ozoneimpl.OzoneContainer (OzoneContainer.java:buildContainerSet(326)) - Build ContainerSet costs 0s
2023-12-05 10:05:17,036 [main] INFO  server.RaftServer (ConfUtils.java:logGet(46)) - raft.rpc.type = GRPC (default)
2023-12-05 10:05:17,036 [main] INFO  grpc.GrpcConfigKeys (ConfUtils.java:logFallback(53)) - raft.grpc.admin.host = null (fallback to raft.grpc.server.host)
2023-12-05 10:05:17,036 [main] INFO  grpc.GrpcConfigKeys (ConfUtils.java:logGet(46)) - raft.grpc.admin.port = 15118 (custom)
2023-12-05 10:05:17,036 [main] INFO  grpc.GrpcConfigKeys (ConfUtils.java:logFallback(53)) - raft.grpc.client.host = null (fallback to raft.grpc.server.host)
2023-12-05 10:05:17,036 [main] INFO  grpc.GrpcConfigKeys (ConfUtils.java:logGet(46)) - raft.grpc.client.port = 15117 (custom)
2023-12-05 10:05:17,036 [main] INFO  grpc.GrpcConfigKeys (ConfUtils.java:logGet(46)) - raft.grpc.server.host = null (default)
2023-12-05 10:05:17,036 [main] INFO  grpc.GrpcConfigKeys (ConfUtils.java:logGet(46)) - raft.grpc.server.port = 15119 (custom)
2023-12-05 10:05:17,037 [main] INFO  server.GrpcService (ConfUtils.java:logGet(46)) - raft.grpc.message.size.max = 32MB (=33554432) (custom)
2023-12-05 10:05:17,037 [main] INFO  server.RaftServerConfigKeys (ConfUtils.java:logGet(46)) - raft.server.log.appender.buffer.byte-limit = 8388608 (custom)
2023-12-05 10:05:17,037 [main] INFO  server.GrpcService (ConfUtils.java:logGet(46)) - raft.grpc.flow.control.window = 5MB (=5242880) (custom)
2023-12-05 10:05:17,037 [main] INFO  server.RaftServerConfigKeys (ConfUtils.java:logGet(46)) - raft.server.rpc.request.timeout = 60s (custom)
2023-12-05 10:05:17,037 [main] INFO  grpc.GrpcConfigKeys (ConfUtils.java:logGet(46)) - raft.grpc.server.heartbeat.channel = true (default)
2023-12-05 10:05:17,037 [main] INFO  grpc.GrpcConfigKeys (ConfUtils.java:logGet(46)) - raft.grpc.server.async.request.thread.pool.cached = true (default)
2023-12-05 10:05:17,037 [main] INFO  grpc.GrpcConfigKeys (ConfUtils.java:logGet(46)) - raft.grpc.server.async.request.thread.pool.size = 32 (default)
2023-12-05 10:05:17,039 [main] INFO  impl.DataStreamServerImpl (ConfUtils.java:logGet(46)) - raft.datastream.type = NETTY (custom)
2023-12-05 10:05:17,039 [main] INFO  server.RaftServerConfigKeys (ConfUtils.java:logGet(46)) - raft.server.data-stream.async.request.thread.pool.cached = false (default)
2023-12-05 10:05:17,039 [main] INFO  server.RaftServerConfigKeys (ConfUtils.java:logGet(46)) - raft.server.data-stream.async.request.thread.pool.size = 20 (custom)
2023-12-05 10:05:17,040 [main] INFO  server.RaftServerConfigKeys (ConfUtils.java:logGet(46)) - raft.server.data-stream.async.write.thread.pool.size = 16 (default)
2023-12-05 10:05:17,040 [main] INFO  netty.NettyConfigKeys$DataStream (ConfUtils.java:logGet(46)) - raft.netty.dataStream.server.channel.inactive.grace-period = 10min (default)
2023-12-05 10:05:17,040 [main] INFO  server.RaftServerConfigKeys (ConfUtils.java:logGet(46)) - raft.server.data-stream.client.pool.size = 10 (default)
2023-12-05 10:05:17,040 [main] INFO  netty.NettyConfigKeys$DataStream (ConfUtils.java:logGet(46)) - raft.netty.dataStream.server.use-epoll = true (default)
2023-12-05 10:05:17,040 [main] INFO  netty.NettyConfigKeys$DataStream (ConfUtils.java:logGet(46)) - raft.netty.dataStream.server.boss-group.size = 0 (default)
2023-12-05 10:05:17,040 [main] INFO  netty.NettyUtils (NettyUtils.java:newEventLoopGroup(69)) - Create EpollEventLoopGroup for 7494988f-ebd7-47bd-844d-a639117e12d7-NettyServerStreamRpc-bossGroup; Thread size is 0.
2023-12-05 10:05:17,041 [main] INFO  netty.NettyConfigKeys$DataStream (ConfUtils.java:logGet(46)) - raft.netty.dataStream.server.worker-group.size = 0 (default)
2023-12-05 10:05:17,041 [main] INFO  netty.NettyUtils (NettyUtils.java:newEventLoopGroup(69)) - Create EpollEventLoopGroup for 7494988f-ebd7-47bd-844d-a639117e12d7-NettyServerStreamRpc-workerGroup; Thread size is 0.
2023-12-05 10:05:17,041 [main] INFO  netty.NettyConfigKeys$DataStream (ConfUtils.java:logGet(46)) - raft.netty.dataStream.server.tls.conf = null (default)
2023-12-05 10:05:17,041 [main] INFO  netty.NettyConfigKeys$DataStream (ConfUtils.java:logGet(46)) - raft.netty.dataStream.host = null (default)
2023-12-05 10:05:17,041 [main] INFO  netty.NettyConfigKeys$DataStream (ConfUtils.java:logGet(46)) - raft.netty.dataStream.port = 15120 (custom)
2023-12-05 10:05:17,042 [main] INFO  server.RaftServerConfigKeys (ConfUtils.java:logGet(46)) - raft.server.sleep.deviation.threshold = 300ms (default)
2023-12-05 10:05:17,042 [main] INFO  server.RaftServerConfigKeys (ConfUtils.java:logGet(46)) - raft.server.close.threshold = 60s (default)
2023-12-05 10:05:17,042 [7494988f-ebd7-47bd-844d-a639117e12d7-NettyServerStreamRpc-bossGroup--thread1] INFO  logging.LoggingHandler (AbstractInternalLogger.java:log(148)) - [id: 0x8abf4ed3] REGISTERED
2023-12-05 10:05:17,042 [main] INFO  server.RaftServerConfigKeys (ConfUtils.java:logGet(46)) - raft.server.leaderelection.leader.step-down.wait-time = 10s (default)
2023-12-05 10:05:17,042 [7494988f-ebd7-47bd-844d-a639117e12d7-NettyServerStreamRpc-bossGroup--thread1] INFO  logging.LoggingHandler (AbstractInternalLogger.java:log(148)) - [id: 0x8abf4ed3] BIND: 0.0.0.0/0.0.0.0:15120
2023-12-05 10:05:17,042 [main] INFO  server.RaftServerConfigKeys (ConfUtils.java:logGet(46)) - raft.server.storage.dir = [/home/runner/work/ozone/ozone/hadoop-ozone/integration-test/target/test-dir/MiniOzoneClusterImpl-782bf028-a903-465f-9351-69beed6026d9/datanode-0/data/ratis] (custom)
2023-12-05 10:05:17,042 [7494988f-ebd7-47bd-844d-a639117e12d7-NettyServerStreamRpc-bossGroup--thread1] INFO  logging.LoggingHandler (AbstractInternalLogger.java:log(148)) - [id: 0x8abf4ed3, L:/0.0.0.0:15120] ACTIVE
2023-12-05 10:05:17,042 [main] INFO  server.RaftServerConfigKeys (ConfUtils.java:logGet(46)) - raft.server.threadpool.proxy.cached = true (default)
2023-12-05 10:05:17,042 [main] INFO  server.RaftServerConfigKeys (ConfUtils.java:logGet(46)) - raft.server.threadpool.proxy.size = 0 (default)
2023-12-05 10:05:17,043 [7494988f-ebd7-47bd-844d-a639117e12d7-impl-thread1] INFO  server.RaftServer (RaftServerProxy.java:initGroupDir(264)) - 7494988f-ebd7-47bd-844d-a639117e12d7: found a subdirectory /home/runner/work/ozone/ozone/hadoop-ozone/integration-test/target/test-dir/MiniOzoneClusterImpl-782bf028-a903-465f-9351-69beed6026d9/datanode-0/data/ratis/tmp
2023-12-05 10:05:17,043 [7494988f-ebd7-47bd-844d-a639117e12d7-impl-thread1] INFO  server.RaftServer (RaftServerProxy.java:initGroupDir(269)) - 7494988f-ebd7-47bd-844d-a639117e12d7: The directory /home/runner/work/ozone/ozone/hadoop-ozone/integration-test/target/test-dir/MiniOzoneClusterImpl-782bf028-a903-465f-9351-69beed6026d9/datanode-0/data/ratis/tmp is not a group directory; ignoring it. 
2023-12-05 10:05:17,043 [main] INFO  replication.ReplicationServer (ReplicationServer.java:<init>(85)) - Initializing replication server with thread count = 10 queue length = 4096
2023-12-05 10:05:17,044 [main] INFO  server.XceiverServerGrpc (XceiverServerGrpc.java:<init>(141)) - GrpcServer channel type EpollServerSocketChannel
2023-12-05 10:05:17,045 [main] INFO  replication.ReplicationSupervisor (ReplicationSupervisor.java:build(163)) - Initializing replication supervisor with thread count = 10
2023-12-05 10:05:17,045 [main] INFO  replication.ReplicationSupervisor (ReplicationSupervisor.java:nodeStateUpdated(317)) - Node state updated to IN_SERVICE, scaling executor pool size to 10
2023-12-05 10:05:17,047 [main] INFO  http.BaseHttpServer (BaseHttpServer.java:newHttpServer2BuilderForOzone(223)) - Starting Web-server for hddsDatanode at: http://0.0.0.0:15114
2023-12-05 10:05:17,047 [main] INFO  http.BaseHttpServer (BaseHttpServer.java:<init>(110)) - Hadoop Security Enabled: false Ozone Security Enabled: false Ozone HTTP Security Enabled: false 
2023-12-05 10:05:17,049 [main] WARN  server.AuthenticationFilter (AuthenticationFilter.java:constructSecretProvider(240)) - Unable to initialize FileSignerSecretProvider, falling back to use random secrets. Reason: Could not read signature secret file: /home/runner/hadoop-http-auth-signature-secret
2023-12-05 10:05:17,049 [main] INFO  http.HttpRequestLog (HttpRequestLog.java:getRequestLog(86)) - Http request log for http.requests.hddsDatanode is not defined
2023-12-05 10:05:17,050 [main] INFO  http.HttpServer2 (HttpServer2.java:addGlobalFilter(1031)) - Added global filter 'safety' (class=org.apache.hadoop.hdds.server.http.HttpServer2$QuotingInputFilter)
2023-12-05 10:05:17,051 [main] INFO  http.HttpServer2 (HttpServer2.java:addFilter(1007)) - Added filter static_user_filter (class=org.apache.hadoop.http.lib.StaticUserWebFilter$StaticUserFilter) to context hddsDatanode
2023-12-05 10:05:17,051 [main] INFO  http.HttpServer2 (HttpServer2.java:addFilter(1015)) - Added filter static_user_filter (class=org.apache.hadoop.http.lib.StaticUserWebFilter$StaticUserFilter) to context logs
2023-12-05 10:05:17,051 [main] INFO  http.HttpServer2 (HttpServer2.java:addFilter(1015)) - Added filter static_user_filter (class=org.apache.hadoop.http.lib.StaticUserWebFilter$StaticUserFilter) to context static
2023-12-05 10:05:17,051 [main] INFO  http.BaseHttpServer (BaseHttpServer.java:<init>(189)) - HTTP server of hddsDatanode uses base directory /home/runner/work/ozone/ozone/hadoop-ozone/integration-test/target/test-dir/MiniOzoneClusterImpl-782bf028-a903-465f-9351-69beed6026d9/datanode-0/meta/webserver
2023-12-05 10:05:17,052 [main] INFO  http.HttpServer2 (HttpServer2.java:bindListener(1231)) - Jetty bound to port 15114
2023-12-05 10:05:17,052 [main] INFO  server.Server (Server.java:doStart(375)) - jetty-9.4.53.v20231009; built: 2023-10-09T12:29:09.265Z; git: 27bde00a0b95a1d5bbee0eae7984f891d2d0f8c9; jvm 1.8.0_392-b08
2023-12-05 10:05:17,066 [main] INFO  server.session (DefaultSessionIdManager.java:doStart(334)) - DefaultSessionIdManager workerName=node0
2023-12-05 10:05:17,066 [main] INFO  server.session (DefaultSessionIdManager.java:doStart(339)) - No SessionScavenger set, using defaults
2023-12-05 10:05:17,066 [main] INFO  server.session (HouseKeeper.java:startScavenging(132)) - node0 Scavenging every 660000ms
2023-12-05 10:05:17,067 [main] INFO  handler.ContextHandler (ContextHandler.java:doStart(921)) - Started o.e.j.s.ServletContextHandler@31a78026{logs,/logs,file:///home/runner/work/ozone/ozone/hadoop-ozone/integration-test/target/log,AVAILABLE}
2023-12-05 10:05:17,067 [main] INFO  handler.ContextHandler (ContextHandler.java:doStart(921)) - Started o.e.j.s.ServletContextHandler@2c36992a{static,/static,jar:file:/home/runner/.m2/repository/org/apache/ozone/hdds-container-service/1.4.0-SNAPSHOT/hdds-container-service-1.4.0-SNAPSHOT.jar!/webapps/static,AVAILABLE}
2023-12-05 10:05:17,100 [main] INFO  handler.ContextHandler (ContextHandler.java:doStart(921)) - Started o.e.j.w.WebAppContext@11742b4f{hddsDatanode,/,file:///home/runner/work/ozone/ozone/hadoop-ozone/integration-test/target/test-dir/MiniOzoneClusterImpl-782bf028-a903-465f-9351-69beed6026d9/datanode-0/meta/webserver/jetty-0_0_0_0-15114-hdds-container-service-1_4_0-SNAPSHOT_jar-_-any-6427068742853901183/webapp/,AVAILABLE}{jar:file:/home/runner/.m2/repository/org/apache/ozone/hdds-container-service/1.4.0-SNAPSHOT/hdds-container-service-1.4.0-SNAPSHOT.jar!/webapps/hddsDatanode}
2023-12-05 10:05:17,101 [main] INFO  server.AbstractConnector (AbstractConnector.java:doStart(333)) - Started ServerConnector@4c59aafa{HTTP/1.1, (http/1.1)}{0.0.0.0:15114}
2023-12-05 10:05:17,101 [main] INFO  server.Server (Server.java:doStart(415)) - Started @57765ms
2023-12-05 10:05:17,101 [main] WARN  impl.MetricsSystemImpl (MetricsSystemImpl.java:register(279)) - Sink prometheus already exists!
2023-12-05 10:05:17,102 [main] INFO  http.BaseHttpServer (BaseHttpServer.java:updateConnectorAddress(354)) - HTTP server of hddsDatanode listening at http://0.0.0.0:15114
2023-12-05 10:05:17,102 [main] INFO  ipc.CallQueueManager (CallQueueManager.java:<init>(90)) - Using callQueue: class java.util.concurrent.LinkedBlockingQueue, queueCapacity: 100, scheduler: class org.apache.hadoop.ipc.DefaultRpcScheduler, ipcBackoff: false.
2023-12-05 10:05:17,102 [main] INFO  ipc.Server (Server.java:<init>(1287)) - Listener at 0.0.0.0:15115
2023-12-05 10:05:17,103 [Socket Reader #1 for port 15115] INFO  ipc.Server (Server.java:run(1323)) - Starting Socket Reader #1 for port 15115
2023-12-05 10:05:17,104 [main] INFO  ozone.HddsDatanodeService (HddsDatanodeService.java:start(324)) - Datanode start with admins: [runner]
2023-12-05 10:05:17,104 [main] INFO  ozone.HddsDatanodeClientProtocolServer (HddsDatanodeClientProtocolServer.java:start(72)) - RPC server for Client /0.0.0.0:15115
2023-12-05 10:05:17,105 [IPC Server Responder] INFO  ipc.Server (Server.java:run(1562)) - IPC Server Responder: starting
2023-12-05 10:05:17,105 [IPC Server listener on 15115] INFO  ipc.Server (Server.java:run(1402)) - IPC Server listener on 15115: starting
2023-12-05 10:05:17,106 [7494988f-ebd7-47bd-844d-a639117e12d7-DatanodeStateMachineDaemonThread] INFO  statemachine.DatanodeStateMachine (DatanodeStateMachine.java:lambda$startDaemon$1(555)) - Ozone container server started.
2023-12-05 10:05:17,106 [main] WARN  dropwizard3.Dm3MetricRegistriesImpl (Dm3MetricRegistriesImpl.java:addReporterRegistration(113)) - New reporters are added after registries were created. Some metrics will be missing from the reporter. Please add reporter before adding any new registry.
2023-12-05 10:05:17,106 [main] WARN  dropwizard3.Dm3MetricRegistriesImpl (Dm3MetricRegistriesImpl.java:addReporterRegistration(113)) - New reporters are added after registries were created. Some metrics will be missing from the reporter. Please add reporter before adding any new registry.
2023-12-05 10:05:17,106 [main] INFO  impl.MetricsSystemImpl (MetricsSystemImpl.java:init(158)) - HddsDatanode metrics system started (again)
2023-12-05 10:05:17,116 [7494988f-ebd7-47bd-844d-a639117e12d7-DatanodeStateMachineTaskThread-0] INFO  datanode.InitDatanodeState (InitDatanodeState.java:persistContainerDatanodeDetails(139)) - DatanodeDetails is persisted to /home/runner/work/ozone/ozone/hadoop-ozone/integration-test/target/test-dir/MiniOzoneClusterImpl-782bf028-a903-465f-9351-69beed6026d9/datanode-0/meta/datanode.id
2023-12-05 10:05:17,117 [main] INFO  ozone.HddsDatanodeService (HddsDatanodeService.java:start(239)) - HddsDatanodeService host:fv-az884-53.nlrrjjsaionubk4jys1hz1dhmg.bx.internal.cloudapp.net ip:10.1.0.7
2023-12-05 10:05:17,133 [main] INFO  upgrade.AbstractLayoutVersionManager (AbstractLayoutVersionManager.java:init(83)) - Initializing Layout version manager with metadata layout = HADOOP_PRC_PORTS_IN_DATANODEDETAILS (version = 7), software layout = HADOOP_PRC_PORTS_IN_DATANODEDETAILS (version = 7)
2023-12-05 10:05:17,134 [main] INFO  statemachine.DatanodeStateMachine (DatanodeStateMachine.java:getEndPointTaskThreadPoolSize(299)) - Datanode State Machine Task Thread Pool size 2
2023-12-05 10:05:17,135 [main] INFO  volume.HddsVolume (HddsVolume.java:<init>(126)) - Creating HddsVolume: /home/runner/work/ozone/ozone/hadoop-ozone/integration-test/target/test-dir/MiniOzoneClusterImpl-782bf028-a903-465f-9351-69beed6026d9/datanode-1/data-0/containers/hdds of storage type : DISK capacity : 9223372036854775807
2023-12-05 10:05:17,135 [main] INFO  volume.MutableVolumeSet (MutableVolumeSet.java:initializeVolumeSet(173)) - Added Volume : /home/runner/work/ozone/ozone/hadoop-ozone/integration-test/target/test-dir/MiniOzoneClusterImpl-782bf028-a903-465f-9351-69beed6026d9/datanode-1/data-0/containers/hdds to VolumeSet
2023-12-05 10:05:17,136 [main] INFO  volume.MutableVolumeSet (MutableVolumeSet.java:initializeVolumeSet(173)) - Added Volume : /home/runner/work/ozone/ozone/hadoop-ozone/integration-test/target/test-dir/MiniOzoneClusterImpl-782bf028-a903-465f-9351-69beed6026d9/datanode-1/data/ratis to VolumeSet
2023-12-05 10:05:17,136 [main] INFO  ozoneimpl.OzoneContainer (HddsVolumeUtil.java:loadAllHddsVolumeDbStore(103)) - Load 1 volumes DbStore cost: 0ms
2023-12-05 10:05:17,136 [871674c1-9b24-4b63-86c9-e7fd58f2c8d8-ContainerReader-0] INFO  ozoneimpl.ContainerReader (ContainerReader.java:readVolume(177)) - Finish verifying containers on volume /home/runner/work/ozone/ozone/hadoop-ozone/integration-test/target/test-dir/MiniOzoneClusterImpl-782bf028-a903-465f-9351-69beed6026d9/datanode-1/data-0/containers/hdds
2023-12-05 10:05:17,137 [main] INFO  ozoneimpl.OzoneContainer (OzoneContainer.java:buildContainerSet(326)) - Build ContainerSet costs 0s
2023-12-05 10:05:17,138 [main] INFO  server.RaftServer (ConfUtils.java:logGet(46)) - raft.rpc.type = GRPC (default)
2023-12-05 10:05:17,139 [main] INFO  grpc.GrpcConfigKeys (ConfUtils.java:logFallback(53)) - raft.grpc.admin.host = null (fallback to raft.grpc.server.host)
2023-12-05 10:05:17,139 [main] INFO  grpc.GrpcConfigKeys (ConfUtils.java:logGet(46)) - raft.grpc.admin.port = 15127 (custom)
2023-12-05 10:05:17,139 [main] INFO  grpc.GrpcConfigKeys (ConfUtils.java:logFallback(53)) - raft.grpc.client.host = null (fallback to raft.grpc.server.host)
2023-12-05 10:05:17,139 [main] INFO  grpc.GrpcConfigKeys (ConfUtils.java:logGet(46)) - raft.grpc.client.port = 15126 (custom)
2023-12-05 10:05:17,139 [main] INFO  grpc.GrpcConfigKeys (ConfUtils.java:logGet(46)) - raft.grpc.server.host = null (default)
2023-12-05 10:05:17,139 [main] INFO  grpc.GrpcConfigKeys (ConfUtils.java:logGet(46)) - raft.grpc.server.port = 15128 (custom)
2023-12-05 10:05:17,140 [main] INFO  server.GrpcService (ConfUtils.java:logGet(46)) - raft.grpc.message.size.max = 32MB (=33554432) (custom)
2023-12-05 10:05:17,140 [main] INFO  server.RaftServerConfigKeys (ConfUtils.java:logGet(46)) - raft.server.log.appender.buffer.byte-limit = 8388608 (custom)
2023-12-05 10:05:17,140 [main] INFO  server.GrpcService (ConfUtils.java:logGet(46)) - raft.grpc.flow.control.window = 5MB (=5242880) (custom)
2023-12-05 10:05:17,140 [main] INFO  server.RaftServerConfigKeys (ConfUtils.java:logGet(46)) - raft.server.rpc.request.timeout = 60s (custom)
2023-12-05 10:05:17,140 [main] INFO  grpc.GrpcConfigKeys (ConfUtils.java:logGet(46)) - raft.grpc.server.heartbeat.channel = true (default)
2023-12-05 10:05:17,141 [main] INFO  grpc.GrpcConfigKeys (ConfUtils.java:logGet(46)) - raft.grpc.server.async.request.thread.pool.cached = true (default)
2023-12-05 10:05:17,141 [main] INFO  grpc.GrpcConfigKeys (ConfUtils.java:logGet(46)) - raft.grpc.server.async.request.thread.pool.size = 32 (default)
2023-12-05 10:05:17,143 [main] INFO  impl.DataStreamServerImpl (ConfUtils.java:logGet(46)) - raft.datastream.type = NETTY (custom)
2023-12-05 10:05:17,143 [main] INFO  server.RaftServerConfigKeys (ConfUtils.java:logGet(46)) - raft.server.data-stream.async.request.thread.pool.cached = false (default)
2023-12-05 10:05:17,143 [main] INFO  server.RaftServerConfigKeys (ConfUtils.java:logGet(46)) - raft.server.data-stream.async.request.thread.pool.size = 20 (custom)
2023-12-05 10:05:17,144 [main] INFO  server.RaftServerConfigKeys (ConfUtils.java:logGet(46)) - raft.server.data-stream.async.write.thread.pool.size = 16 (default)
2023-12-05 10:05:17,144 [main] INFO  netty.NettyConfigKeys$DataStream (ConfUtils.java:logGet(46)) - raft.netty.dataStream.server.channel.inactive.grace-period = 10min (default)
2023-12-05 10:05:17,144 [main] INFO  server.RaftServerConfigKeys (ConfUtils.java:logGet(46)) - raft.server.data-stream.client.pool.size = 10 (default)
2023-12-05 10:05:17,144 [main] INFO  netty.NettyConfigKeys$DataStream (ConfUtils.java:logGet(46)) - raft.netty.dataStream.server.use-epoll = true (default)
2023-12-05 10:05:17,144 [main] INFO  netty.NettyConfigKeys$DataStream (ConfUtils.java:logGet(46)) - raft.netty.dataStream.server.boss-group.size = 0 (default)
2023-12-05 10:05:17,144 [main] INFO  netty.NettyUtils (NettyUtils.java:newEventLoopGroup(69)) - Create EpollEventLoopGroup for 871674c1-9b24-4b63-86c9-e7fd58f2c8d8-NettyServerStreamRpc-bossGroup; Thread size is 0.
2023-12-05 10:05:17,144 [main] INFO  netty.NettyConfigKeys$DataStream (ConfUtils.java:logGet(46)) - raft.netty.dataStream.server.worker-group.size = 0 (default)
2023-12-05 10:05:17,145 [main] INFO  netty.NettyUtils (NettyUtils.java:newEventLoopGroup(69)) - Create EpollEventLoopGroup for 871674c1-9b24-4b63-86c9-e7fd58f2c8d8-NettyServerStreamRpc-workerGroup; Thread size is 0.
2023-12-05 10:05:17,145 [main] INFO  netty.NettyConfigKeys$DataStream (ConfUtils.java:logGet(46)) - raft.netty.dataStream.server.tls.conf = null (default)
2023-12-05 10:05:17,145 [main] INFO  netty.NettyConfigKeys$DataStream (ConfUtils.java:logGet(46)) - raft.netty.dataStream.host = null (default)
2023-12-05 10:05:17,145 [main] INFO  netty.NettyConfigKeys$DataStream (ConfUtils.java:logGet(46)) - raft.netty.dataStream.port = 15129 (custom)
2023-12-05 10:05:17,146 [main] INFO  server.RaftServerConfigKeys (ConfUtils.java:logGet(46)) - raft.server.sleep.deviation.threshold = 300ms (default)
2023-12-05 10:05:17,146 [main] INFO  server.RaftServerConfigKeys (ConfUtils.java:logGet(46)) - raft.server.close.threshold = 60s (default)
2023-12-05 10:05:17,146 [871674c1-9b24-4b63-86c9-e7fd58f2c8d8-NettyServerStreamRpc-bossGroup--thread1] INFO  logging.LoggingHandler (AbstractInternalLogger.java:log(148)) - [id: 0xbef9db2a] REGISTERED
2023-12-05 10:05:17,146 [main] INFO  server.RaftServerConfigKeys (ConfUtils.java:logGet(46)) - raft.server.leaderelection.leader.step-down.wait-time = 10s (default)
2023-12-05 10:05:17,146 [871674c1-9b24-4b63-86c9-e7fd58f2c8d8-NettyServerStreamRpc-bossGroup--thread1] INFO  logging.LoggingHandler (AbstractInternalLogger.java:log(148)) - [id: 0xbef9db2a] BIND: 0.0.0.0/0.0.0.0:15129
2023-12-05 10:05:17,146 [main] INFO  server.RaftServerConfigKeys (ConfUtils.java:logGet(46)) - raft.server.storage.dir = [/home/runner/work/ozone/ozone/hadoop-ozone/integration-test/target/test-dir/MiniOzoneClusterImpl-782bf028-a903-465f-9351-69beed6026d9/datanode-1/data/ratis] (custom)
2023-12-05 10:05:17,147 [871674c1-9b24-4b63-86c9-e7fd58f2c8d8-NettyServerStreamRpc-bossGroup--thread1] INFO  logging.LoggingHandler (AbstractInternalLogger.java:log(148)) - [id: 0xbef9db2a, L:/0.0.0.0:15129] ACTIVE
2023-12-05 10:05:17,147 [main] INFO  server.RaftServerConfigKeys (ConfUtils.java:logGet(46)) - raft.server.threadpool.proxy.cached = true (default)
2023-12-05 10:05:17,147 [main] INFO  server.RaftServerConfigKeys (ConfUtils.java:logGet(46)) - raft.server.threadpool.proxy.size = 0 (default)
2023-12-05 10:05:17,147 [871674c1-9b24-4b63-86c9-e7fd58f2c8d8-impl-thread1] INFO  server.RaftServer (RaftServerProxy.java:initGroupDir(264)) - 871674c1-9b24-4b63-86c9-e7fd58f2c8d8: found a subdirectory /home/runner/work/ozone/ozone/hadoop-ozone/integration-test/target/test-dir/MiniOzoneClusterImpl-782bf028-a903-465f-9351-69beed6026d9/datanode-1/data/ratis/tmp
2023-12-05 10:05:17,147 [871674c1-9b24-4b63-86c9-e7fd58f2c8d8-impl-thread1] INFO  server.RaftServer (RaftServerProxy.java:initGroupDir(269)) - 871674c1-9b24-4b63-86c9-e7fd58f2c8d8: The directory /home/runner/work/ozone/ozone/hadoop-ozone/integration-test/target/test-dir/MiniOzoneClusterImpl-782bf028-a903-465f-9351-69beed6026d9/datanode-1/data/ratis/tmp is not a group directory; ignoring it. 
2023-12-05 10:05:17,147 [main] INFO  replication.ReplicationServer (ReplicationServer.java:<init>(85)) - Initializing replication server with thread count = 10 queue length = 4096
2023-12-05 10:05:17,148 [main] INFO  server.XceiverServerGrpc (XceiverServerGrpc.java:<init>(141)) - GrpcServer channel type EpollServerSocketChannel
2023-12-05 10:05:17,150 [main] INFO  replication.ReplicationSupervisor (ReplicationSupervisor.java:build(163)) - Initializing replication supervisor with thread count = 10
2023-12-05 10:05:17,150 [main] INFO  replication.ReplicationSupervisor (ReplicationSupervisor.java:nodeStateUpdated(317)) - Node state updated to IN_SERVICE, scaling executor pool size to 10
2023-12-05 10:05:17,151 [main] INFO  http.BaseHttpServer (BaseHttpServer.java:newHttpServer2BuilderForOzone(223)) - Starting Web-server for hddsDatanode at: http://0.0.0.0:15123
2023-12-05 10:05:17,151 [main] INFO  http.BaseHttpServer (BaseHttpServer.java:<init>(110)) - Hadoop Security Enabled: false Ozone Security Enabled: false Ozone HTTP Security Enabled: false 
2023-12-05 10:05:17,152 [main] WARN  server.AuthenticationFilter (AuthenticationFilter.java:constructSecretProvider(240)) - Unable to initialize FileSignerSecretProvider, falling back to use random secrets. Reason: Could not read signature secret file: /home/runner/hadoop-http-auth-signature-secret
2023-12-05 10:05:17,156 [main] INFO  http.HttpRequestLog (HttpRequestLog.java:getRequestLog(86)) - Http request log for http.requests.hddsDatanode is not defined
2023-12-05 10:05:17,157 [main] INFO  http.HttpServer2 (HttpServer2.java:addGlobalFilter(1031)) - Added global filter 'safety' (class=org.apache.hadoop.hdds.server.http.HttpServer2$QuotingInputFilter)
2023-12-05 10:05:17,157 [main] INFO  http.HttpServer2 (HttpServer2.java:addFilter(1007)) - Added filter static_user_filter (class=org.apache.hadoop.http.lib.StaticUserWebFilter$StaticUserFilter) to context hddsDatanode
2023-12-05 10:05:17,157 [main] INFO  http.HttpServer2 (HttpServer2.java:addFilter(1015)) - Added filter static_user_filter (class=org.apache.hadoop.http.lib.StaticUserWebFilter$StaticUserFilter) to context logs
2023-12-05 10:05:17,157 [main] INFO  http.HttpServer2 (HttpServer2.java:addFilter(1015)) - Added filter static_user_filter (class=org.apache.hadoop.http.lib.StaticUserWebFilter$StaticUserFilter) to context static
2023-12-05 10:05:17,158 [main] INFO  http.BaseHttpServer (BaseHttpServer.java:<init>(189)) - HTTP server of hddsDatanode uses base directory /home/runner/work/ozone/ozone/hadoop-ozone/integration-test/target/test-dir/MiniOzoneClusterImpl-782bf028-a903-465f-9351-69beed6026d9/datanode-1/meta/webserver
2023-12-05 10:05:17,158 [main] INFO  http.HttpServer2 (HttpServer2.java:bindListener(1231)) - Jetty bound to port 15123
2023-12-05 10:05:17,158 [main] INFO  server.Server (Server.java:doStart(375)) - jetty-9.4.53.v20231009; built: 2023-10-09T12:29:09.265Z; git: 27bde00a0b95a1d5bbee0eae7984f891d2d0f8c9; jvm 1.8.0_392-b08
2023-12-05 10:05:17,164 [main] INFO  server.session (DefaultSessionIdManager.java:doStart(334)) - DefaultSessionIdManager workerName=node0
2023-12-05 10:05:17,164 [main] INFO  server.session (DefaultSessionIdManager.java:doStart(339)) - No SessionScavenger set, using defaults
2023-12-05 10:05:17,164 [main] INFO  server.session (HouseKeeper.java:startScavenging(132)) - node0 Scavenging every 660000ms
2023-12-05 10:05:17,165 [main] INFO  handler.ContextHandler (ContextHandler.java:doStart(921)) - Started o.e.j.s.ServletContextHandler@6be6f267{logs,/logs,file:///home/runner/work/ozone/ozone/hadoop-ozone/integration-test/target/log,AVAILABLE}
2023-12-05 10:05:17,165 [main] INFO  handler.ContextHandler (ContextHandler.java:doStart(921)) - Started o.e.j.s.ServletContextHandler@5caa2d8e{static,/static,jar:file:/home/runner/.m2/repository/org/apache/ozone/hdds-container-service/1.4.0-SNAPSHOT/hdds-container-service-1.4.0-SNAPSHOT.jar!/webapps/static,AVAILABLE}
2023-12-05 10:05:17,198 [main] INFO  handler.ContextHandler (ContextHandler.java:doStart(921)) - Started o.e.j.w.WebAppContext@63a8998e{hddsDatanode,/,file:///home/runner/work/ozone/ozone/hadoop-ozone/integration-test/target/test-dir/MiniOzoneClusterImpl-782bf028-a903-465f-9351-69beed6026d9/datanode-1/meta/webserver/jetty-0_0_0_0-15123-hdds-container-service-1_4_0-SNAPSHOT_jar-_-any-6853406010275627443/webapp/,AVAILABLE}{jar:file:/home/runner/.m2/repository/org/apache/ozone/hdds-container-service/1.4.0-SNAPSHOT/hdds-container-service-1.4.0-SNAPSHOT.jar!/webapps/hddsDatanode}
2023-12-05 10:05:17,199 [main] INFO  server.AbstractConnector (AbstractConnector.java:doStart(333)) - Started ServerConnector@3a0740e4{HTTP/1.1, (http/1.1)}{0.0.0.0:15123}
2023-12-05 10:05:17,199 [main] INFO  server.Server (Server.java:doStart(415)) - Started @57863ms
2023-12-05 10:05:17,199 [main] WARN  impl.MetricsSystemImpl (MetricsSystemImpl.java:register(279)) - Sink prometheus already exists!
2023-12-05 10:05:17,200 [main] INFO  http.BaseHttpServer (BaseHttpServer.java:updateConnectorAddress(354)) - HTTP server of hddsDatanode listening at http://0.0.0.0:15123
2023-12-05 10:05:17,200 [main] INFO  ipc.CallQueueManager (CallQueueManager.java:<init>(90)) - Using callQueue: class java.util.concurrent.LinkedBlockingQueue, queueCapacity: 100, scheduler: class org.apache.hadoop.ipc.DefaultRpcScheduler, ipcBackoff: false.
2023-12-05 10:05:17,200 [main] INFO  ipc.Server (Server.java:<init>(1287)) - Listener at 0.0.0.0:15124
2023-12-05 10:05:17,201 [Socket Reader #1 for port 15124] INFO  ipc.Server (Server.java:run(1323)) - Starting Socket Reader #1 for port 15124
2023-12-05 10:05:17,202 [main] INFO  ozone.HddsDatanodeService (HddsDatanodeService.java:start(324)) - Datanode start with admins: [runner]
2023-12-05 10:05:17,202 [main] INFO  ozone.HddsDatanodeClientProtocolServer (HddsDatanodeClientProtocolServer.java:start(72)) - RPC server for Client /0.0.0.0:15124
2023-12-05 10:05:17,202 [IPC Server Responder] INFO  ipc.Server (Server.java:run(1562)) - IPC Server Responder: starting
2023-12-05 10:05:17,202 [IPC Server listener on 15124] INFO  ipc.Server (Server.java:run(1402)) - IPC Server listener on 15124: starting
2023-12-05 10:05:17,203 [871674c1-9b24-4b63-86c9-e7fd58f2c8d8-DatanodeStateMachineDaemonThread] INFO  statemachine.DatanodeStateMachine (DatanodeStateMachine.java:lambda$startDaemon$1(555)) - Ozone container server started.
2023-12-05 10:05:17,203 [main] WARN  dropwizard3.Dm3MetricRegistriesImpl (Dm3MetricRegistriesImpl.java:addReporterRegistration(113)) - New reporters are added after registries were created. Some metrics will be missing from the reporter. Please add reporter before adding any new registry.
2023-12-05 10:05:17,204 [main] WARN  dropwizard3.Dm3MetricRegistriesImpl (Dm3MetricRegistriesImpl.java:addReporterRegistration(113)) - New reporters are added after registries were created. Some metrics will be missing from the reporter. Please add reporter before adding any new registry.
2023-12-05 10:05:17,204 [main] INFO  impl.MetricsSystemImpl (MetricsSystemImpl.java:init(158)) - HddsDatanode metrics system started (again)
2023-12-05 10:05:17,206 [871674c1-9b24-4b63-86c9-e7fd58f2c8d8-DatanodeStateMachineTaskThread-0] INFO  datanode.InitDatanodeState (InitDatanodeState.java:persistContainerDatanodeDetails(139)) - DatanodeDetails is persisted to /home/runner/work/ozone/ozone/hadoop-ozone/integration-test/target/test-dir/MiniOzoneClusterImpl-782bf028-a903-465f-9351-69beed6026d9/datanode-1/meta/datanode.id
2023-12-05 10:05:17,213 [main] INFO  ozone.HddsDatanodeService (HddsDatanodeService.java:start(239)) - HddsDatanodeService host:fv-az884-53.nlrrjjsaionubk4jys1hz1dhmg.bx.internal.cloudapp.net ip:10.1.0.7
2023-12-05 10:05:17,227 [main] INFO  upgrade.AbstractLayoutVersionManager (AbstractLayoutVersionManager.java:init(83)) - Initializing Layout version manager with metadata layout = HADOOP_PRC_PORTS_IN_DATANODEDETAILS (version = 7), software layout = HADOOP_PRC_PORTS_IN_DATANODEDETAILS (version = 7)
2023-12-05 10:05:17,228 [main] INFO  statemachine.DatanodeStateMachine (DatanodeStateMachine.java:getEndPointTaskThreadPoolSize(299)) - Datanode State Machine Task Thread Pool size 2
2023-12-05 10:05:17,229 [main] INFO  volume.HddsVolume (HddsVolume.java:<init>(126)) - Creating HddsVolume: /home/runner/work/ozone/ozone/hadoop-ozone/integration-test/target/test-dir/MiniOzoneClusterImpl-782bf028-a903-465f-9351-69beed6026d9/datanode-2/data-0/containers/hdds of storage type : DISK capacity : 9223372036854775807
2023-12-05 10:05:17,230 [main] INFO  volume.MutableVolumeSet (MutableVolumeSet.java:initializeVolumeSet(173)) - Added Volume : /home/runner/work/ozone/ozone/hadoop-ozone/integration-test/target/test-dir/MiniOzoneClusterImpl-782bf028-a903-465f-9351-69beed6026d9/datanode-2/data-0/containers/hdds to VolumeSet
2023-12-05 10:05:17,230 [main] INFO  volume.MutableVolumeSet (MutableVolumeSet.java:initializeVolumeSet(173)) - Added Volume : /home/runner/work/ozone/ozone/hadoop-ozone/integration-test/target/test-dir/MiniOzoneClusterImpl-782bf028-a903-465f-9351-69beed6026d9/datanode-2/data/ratis to VolumeSet
2023-12-05 10:05:17,231 [main] INFO  ozoneimpl.OzoneContainer (HddsVolumeUtil.java:loadAllHddsVolumeDbStore(103)) - Load 1 volumes DbStore cost: 1ms
2023-12-05 10:05:17,231 [d731cfa9-bd59-499f-bb7f-50a20b0e2d64-ContainerReader-0] INFO  ozoneimpl.ContainerReader (ContainerReader.java:readVolume(177)) - Finish verifying containers on volume /home/runner/work/ozone/ozone/hadoop-ozone/integration-test/target/test-dir/MiniOzoneClusterImpl-782bf028-a903-465f-9351-69beed6026d9/datanode-2/data-0/containers/hdds
2023-12-05 10:05:17,231 [main] INFO  ozoneimpl.OzoneContainer (OzoneContainer.java:buildContainerSet(326)) - Build ContainerSet costs 0s
2023-12-05 10:05:17,233 [main] INFO  server.RaftServer (ConfUtils.java:logGet(46)) - raft.rpc.type = GRPC (default)
2023-12-05 10:05:17,233 [main] INFO  grpc.GrpcConfigKeys (ConfUtils.java:logFallback(53)) - raft.grpc.admin.host = null (fallback to raft.grpc.server.host)
2023-12-05 10:05:17,233 [main] INFO  grpc.GrpcConfigKeys (ConfUtils.java:logGet(46)) - raft.grpc.admin.port = 15136 (custom)
2023-12-05 10:05:17,234 [main] INFO  grpc.GrpcConfigKeys (ConfUtils.java:logFallback(53)) - raft.grpc.client.host = null (fallback to raft.grpc.server.host)
2023-12-05 10:05:17,234 [main] INFO  grpc.GrpcConfigKeys (ConfUtils.java:logGet(46)) - raft.grpc.client.port = 15135 (custom)
2023-12-05 10:05:17,234 [main] INFO  grpc.GrpcConfigKeys (ConfUtils.java:logGet(46)) - raft.grpc.server.host = null (default)
2023-12-05 10:05:17,234 [main] INFO  grpc.GrpcConfigKeys (ConfUtils.java:logGet(46)) - raft.grpc.server.port = 15137 (custom)
2023-12-05 10:05:17,234 [main] INFO  server.GrpcService (ConfUtils.java:logGet(46)) - raft.grpc.message.size.max = 32MB (=33554432) (custom)
2023-12-05 10:05:17,235 [main] INFO  server.RaftServerConfigKeys (ConfUtils.java:logGet(46)) - raft.server.log.appender.buffer.byte-limit = 8388608 (custom)
2023-12-05 10:05:17,235 [main] INFO  server.GrpcService (ConfUtils.java:logGet(46)) - raft.grpc.flow.control.window = 5MB (=5242880) (custom)
2023-12-05 10:05:17,235 [main] INFO  server.RaftServerConfigKeys (ConfUtils.java:logGet(46)) - raft.server.rpc.request.timeout = 60s (custom)
2023-12-05 10:05:17,235 [main] INFO  grpc.GrpcConfigKeys (ConfUtils.java:logGet(46)) - raft.grpc.server.heartbeat.channel = true (default)
2023-12-05 10:05:17,235 [main] INFO  grpc.GrpcConfigKeys (ConfUtils.java:logGet(46)) - raft.grpc.server.async.request.thread.pool.cached = true (default)
2023-12-05 10:05:17,236 [main] INFO  grpc.GrpcConfigKeys (ConfUtils.java:logGet(46)) - raft.grpc.server.async.request.thread.pool.size = 32 (default)
2023-12-05 10:05:17,238 [main] INFO  impl.DataStreamServerImpl (ConfUtils.java:logGet(46)) - raft.datastream.type = NETTY (custom)
2023-12-05 10:05:17,238 [main] INFO  server.RaftServerConfigKeys (ConfUtils.java:logGet(46)) - raft.server.data-stream.async.request.thread.pool.cached = false (default)
2023-12-05 10:05:17,238 [main] INFO  server.RaftServerConfigKeys (ConfUtils.java:logGet(46)) - raft.server.data-stream.async.request.thread.pool.size = 20 (custom)
2023-12-05 10:05:17,238 [main] INFO  server.RaftServerConfigKeys (ConfUtils.java:logGet(46)) - raft.server.data-stream.async.write.thread.pool.size = 16 (default)
2023-12-05 10:05:17,238 [main] INFO  netty.NettyConfigKeys$DataStream (ConfUtils.java:logGet(46)) - raft.netty.dataStream.server.channel.inactive.grace-period = 10min (default)
2023-12-05 10:05:17,239 [main] INFO  server.RaftServerConfigKeys (ConfUtils.java:logGet(46)) - raft.server.data-stream.client.pool.size = 10 (default)
2023-12-05 10:05:17,239 [main] INFO  netty.NettyConfigKeys$DataStream (ConfUtils.java:logGet(46)) - raft.netty.dataStream.server.use-epoll = true (default)
2023-12-05 10:05:17,239 [main] INFO  netty.NettyConfigKeys$DataStream (ConfUtils.java:logGet(46)) - raft.netty.dataStream.server.boss-group.size = 0 (default)
2023-12-05 10:05:17,239 [main] INFO  netty.NettyUtils (NettyUtils.java:newEventLoopGroup(69)) - Create EpollEventLoopGroup for d731cfa9-bd59-499f-bb7f-50a20b0e2d64-NettyServerStreamRpc-bossGroup; Thread size is 0.
2023-12-05 10:05:17,240 [main] INFO  netty.NettyConfigKeys$DataStream (ConfUtils.java:logGet(46)) - raft.netty.dataStream.server.worker-group.size = 0 (default)
2023-12-05 10:05:17,240 [main] INFO  netty.NettyUtils (NettyUtils.java:newEventLoopGroup(69)) - Create EpollEventLoopGroup for d731cfa9-bd59-499f-bb7f-50a20b0e2d64-NettyServerStreamRpc-workerGroup; Thread size is 0.
2023-12-05 10:05:17,240 [main] INFO  netty.NettyConfigKeys$DataStream (ConfUtils.java:logGet(46)) - raft.netty.dataStream.server.tls.conf = null (default)
2023-12-05 10:05:17,240 [main] INFO  netty.NettyConfigKeys$DataStream (ConfUtils.java:logGet(46)) - raft.netty.dataStream.host = null (default)
2023-12-05 10:05:17,240 [main] INFO  netty.NettyConfigKeys$DataStream (ConfUtils.java:logGet(46)) - raft.netty.dataStream.port = 15138 (custom)
2023-12-05 10:05:17,241 [main] INFO  server.RaftServerConfigKeys (ConfUtils.java:logGet(46)) - raft.server.sleep.deviation.threshold = 300ms (default)
2023-12-05 10:05:17,241 [main] INFO  server.RaftServerConfigKeys (ConfUtils.java:logGet(46)) - raft.server.close.threshold = 60s (default)
2023-12-05 10:05:17,241 [d731cfa9-bd59-499f-bb7f-50a20b0e2d64-NettyServerStreamRpc-bossGroup--thread1] INFO  logging.LoggingHandler (AbstractInternalLogger.java:log(148)) - [id: 0x926bd6d2] REGISTERED
2023-12-05 10:05:17,241 [main] INFO  server.RaftServerConfigKeys (ConfUtils.java:logGet(46)) - raft.server.leaderelection.leader.step-down.wait-time = 10s (default)
2023-12-05 10:05:17,241 [d731cfa9-bd59-499f-bb7f-50a20b0e2d64-NettyServerStreamRpc-bossGroup--thread1] INFO  logging.LoggingHandler (AbstractInternalLogger.java:log(148)) - [id: 0x926bd6d2] BIND: 0.0.0.0/0.0.0.0:15138
2023-12-05 10:05:17,241 [main] INFO  server.RaftServerConfigKeys (ConfUtils.java:logGet(46)) - raft.server.storage.dir = [/home/runner/work/ozone/ozone/hadoop-ozone/integration-test/target/test-dir/MiniOzoneClusterImpl-782bf028-a903-465f-9351-69beed6026d9/datanode-2/data/ratis] (custom)
2023-12-05 10:05:17,241 [d731cfa9-bd59-499f-bb7f-50a20b0e2d64-NettyServerStreamRpc-bossGroup--thread1] INFO  logging.LoggingHandler (AbstractInternalLogger.java:log(148)) - [id: 0x926bd6d2, L:/0.0.0.0:15138] ACTIVE
2023-12-05 10:05:17,242 [main] INFO  server.RaftServerConfigKeys (ConfUtils.java:logGet(46)) - raft.server.threadpool.proxy.cached = true (default)
2023-12-05 10:05:17,242 [main] INFO  server.RaftServerConfigKeys (ConfUtils.java:logGet(46)) - raft.server.threadpool.proxy.size = 0 (default)
2023-12-05 10:05:17,242 [d731cfa9-bd59-499f-bb7f-50a20b0e2d64-impl-thread1] INFO  server.RaftServer (RaftServerProxy.java:initGroupDir(264)) - d731cfa9-bd59-499f-bb7f-50a20b0e2d64: found a subdirectory /home/runner/work/ozone/ozone/hadoop-ozone/integration-test/target/test-dir/MiniOzoneClusterImpl-782bf028-a903-465f-9351-69beed6026d9/datanode-2/data/ratis/tmp
2023-12-05 10:05:17,242 [d731cfa9-bd59-499f-bb7f-50a20b0e2d64-impl-thread1] INFO  server.RaftServer (RaftServerProxy.java:initGroupDir(269)) - d731cfa9-bd59-499f-bb7f-50a20b0e2d64: The directory /home/runner/work/ozone/ozone/hadoop-ozone/integration-test/target/test-dir/MiniOzoneClusterImpl-782bf028-a903-465f-9351-69beed6026d9/datanode-2/data/ratis/tmp is not a group directory; ignoring it. 
2023-12-05 10:05:17,242 [main] INFO  replication.ReplicationServer (ReplicationServer.java:<init>(85)) - Initializing replication server with thread count = 10 queue length = 4096
2023-12-05 10:05:17,243 [main] INFO  server.XceiverServerGrpc (XceiverServerGrpc.java:<init>(141)) - GrpcServer channel type EpollServerSocketChannel
2023-12-05 10:05:17,244 [main] INFO  replication.ReplicationSupervisor (ReplicationSupervisor.java:build(163)) - Initializing replication supervisor with thread count = 10
2023-12-05 10:05:17,244 [main] INFO  replication.ReplicationSupervisor (ReplicationSupervisor.java:nodeStateUpdated(317)) - Node state updated to IN_SERVICE, scaling executor pool size to 10
2023-12-05 10:05:17,246 [main] INFO  http.BaseHttpServer (BaseHttpServer.java:newHttpServer2BuilderForOzone(223)) - Starting Web-server for hddsDatanode at: http://0.0.0.0:15132
2023-12-05 10:05:17,246 [main] INFO  http.BaseHttpServer (BaseHttpServer.java:<init>(110)) - Hadoop Security Enabled: false Ozone Security Enabled: false Ozone HTTP Security Enabled: false 
2023-12-05 10:05:17,247 [main] WARN  server.AuthenticationFilter (AuthenticationFilter.java:constructSecretProvider(240)) - Unable to initialize FileSignerSecretProvider, falling back to use random secrets. Reason: Could not read signature secret file: /home/runner/hadoop-http-auth-signature-secret
2023-12-05 10:05:17,247 [main] INFO  http.HttpRequestLog (HttpRequestLog.java:getRequestLog(86)) - Http request log for http.requests.hddsDatanode is not defined
2023-12-05 10:05:17,248 [main] INFO  http.HttpServer2 (HttpServer2.java:addGlobalFilter(1031)) - Added global filter 'safety' (class=org.apache.hadoop.hdds.server.http.HttpServer2$QuotingInputFilter)
2023-12-05 10:05:17,249 [main] INFO  http.HttpServer2 (HttpServer2.java:addFilter(1007)) - Added filter static_user_filter (class=org.apache.hadoop.http.lib.StaticUserWebFilter$StaticUserFilter) to context hddsDatanode
2023-12-05 10:05:17,249 [main] INFO  http.HttpServer2 (HttpServer2.java:addFilter(1015)) - Added filter static_user_filter (class=org.apache.hadoop.http.lib.StaticUserWebFilter$StaticUserFilter) to context static
2023-12-05 10:05:17,249 [main] INFO  http.HttpServer2 (HttpServer2.java:addFilter(1015)) - Added filter static_user_filter (class=org.apache.hadoop.http.lib.StaticUserWebFilter$StaticUserFilter) to context logs
2023-12-05 10:05:17,249 [main] INFO  http.BaseHttpServer (BaseHttpServer.java:<init>(189)) - HTTP server of hddsDatanode uses base directory /home/runner/work/ozone/ozone/hadoop-ozone/integration-test/target/test-dir/MiniOzoneClusterImpl-782bf028-a903-465f-9351-69beed6026d9/datanode-2/meta/webserver
2023-12-05 10:05:17,249 [main] INFO  http.HttpServer2 (HttpServer2.java:bindListener(1231)) - Jetty bound to port 15132
2023-12-05 10:05:17,250 [main] INFO  server.Server (Server.java:doStart(375)) - jetty-9.4.53.v20231009; built: 2023-10-09T12:29:09.265Z; git: 27bde00a0b95a1d5bbee0eae7984f891d2d0f8c9; jvm 1.8.0_392-b08
2023-12-05 10:05:17,250 [main] INFO  server.session (DefaultSessionIdManager.java:doStart(334)) - DefaultSessionIdManager workerName=node0
2023-12-05 10:05:17,251 [main] INFO  server.session (DefaultSessionIdManager.java:doStart(339)) - No SessionScavenger set, using defaults
2023-12-05 10:05:17,251 [main] INFO  server.session (HouseKeeper.java:startScavenging(132)) - node0 Scavenging every 600000ms
2023-12-05 10:05:17,251 [main] INFO  handler.ContextHandler (ContextHandler.java:doStart(921)) - Started o.e.j.s.ServletContextHandler@2d2fd789{logs,/logs,file:///home/runner/work/ozone/ozone/hadoop-ozone/integration-test/target/log,AVAILABLE}
2023-12-05 10:05:17,251 [main] INFO  handler.ContextHandler (ContextHandler.java:doStart(921)) - Started o.e.j.s.ServletContextHandler@18904f72{static,/static,jar:file:/home/runner/.m2/repository/org/apache/ozone/hdds-container-service/1.4.0-SNAPSHOT/hdds-container-service-1.4.0-SNAPSHOT.jar!/webapps/static,AVAILABLE}
2023-12-05 10:05:17,286 [main] INFO  handler.ContextHandler (ContextHandler.java:doStart(921)) - Started o.e.j.w.WebAppContext@12d2a133{hddsDatanode,/,file:///home/runner/work/ozone/ozone/hadoop-ozone/integration-test/target/test-dir/MiniOzoneClusterImpl-782bf028-a903-465f-9351-69beed6026d9/datanode-2/meta/webserver/jetty-0_0_0_0-15132-hdds-container-service-1_4_0-SNAPSHOT_jar-_-any-9144141143810433023/webapp/,AVAILABLE}{jar:file:/home/runner/.m2/repository/org/apache/ozone/hdds-container-service/1.4.0-SNAPSHOT/hdds-container-service-1.4.0-SNAPSHOT.jar!/webapps/hddsDatanode}
2023-12-05 10:05:17,287 [main] INFO  server.AbstractConnector (AbstractConnector.java:doStart(333)) - Started ServerConnector@2868a883{HTTP/1.1, (http/1.1)}{0.0.0.0:15132}
2023-12-05 10:05:17,287 [main] INFO  server.Server (Server.java:doStart(415)) - Started @57951ms
2023-12-05 10:05:17,287 [main] WARN  impl.MetricsSystemImpl (MetricsSystemImpl.java:register(279)) - Sink prometheus already exists!
2023-12-05 10:05:17,288 [main] INFO  http.BaseHttpServer (BaseHttpServer.java:updateConnectorAddress(354)) - HTTP server of hddsDatanode listening at http://0.0.0.0:15132
2023-12-05 10:05:17,289 [main] INFO  ipc.CallQueueManager (CallQueueManager.java:<init>(90)) - Using callQueue: class java.util.concurrent.LinkedBlockingQueue, queueCapacity: 100, scheduler: class org.apache.hadoop.ipc.DefaultRpcScheduler, ipcBackoff: false.
2023-12-05 10:05:17,289 [main] INFO  ipc.Server (Server.java:<init>(1287)) - Listener at 0.0.0.0:15133
2023-12-05 10:05:17,292 [Socket Reader #1 for port 15133] INFO  ipc.Server (Server.java:run(1323)) - Starting Socket Reader #1 for port 15133
2023-12-05 10:05:17,300 [main] INFO  ozone.HddsDatanodeService (HddsDatanodeService.java:start(324)) - Datanode start with admins: [runner]
2023-12-05 10:05:17,300 [main] INFO  ozone.HddsDatanodeClientProtocolServer (HddsDatanodeClientProtocolServer.java:start(72)) - RPC server for Client /0.0.0.0:15133
2023-12-05 10:05:17,301 [IPC Server Responder] INFO  ipc.Server (Server.java:run(1562)) - IPC Server Responder: starting
2023-12-05 10:05:17,302 [IPC Server listener on 15133] INFO  ipc.Server (Server.java:run(1402)) - IPC Server listener on 15133: starting
2023-12-05 10:05:17,302 [main] INFO  ozone.MiniOzoneClusterImpl (MiniOzoneClusterImpl.java:lambda$waitForClusterToBeReady$0(229)) - Waiting for nodes to be ready. Got 0 of 3 DN Heartbeats.
2023-12-05 10:05:17,302 [main] INFO  ozone.MiniOzoneClusterImpl (MiniOzoneClusterImpl.java:lambda$waitForClusterToBeReady$0(232)) - Waiting for cluster to exit safe mode
2023-12-05 10:05:17,302 [main] INFO  ozone.MiniOzoneClusterImpl (MiniOzoneClusterImpl.java:lambda$waitForClusterToBeReady$0(234)) - SCM became leader
2023-12-05 10:05:17,304 [d731cfa9-bd59-499f-bb7f-50a20b0e2d64-DatanodeStateMachineDaemonThread] INFO  statemachine.DatanodeStateMachine (DatanodeStateMachine.java:lambda$startDaemon$1(555)) - Ozone container server started.
2023-12-05 10:05:17,309 [d731cfa9-bd59-499f-bb7f-50a20b0e2d64-DatanodeStateMachineTaskThread-0] INFO  datanode.InitDatanodeState (InitDatanodeState.java:persistContainerDatanodeDetails(139)) - DatanodeDetails is persisted to /home/runner/work/ozone/ozone/hadoop-ozone/integration-test/target/test-dir/MiniOzoneClusterImpl-782bf028-a903-465f-9351-69beed6026d9/datanode-2/meta/datanode.id
2023-12-05 10:05:17,953 [om1@group-C5BA1605619E-FollowerState] INFO  impl.FollowerState (FollowerState.java:run(143)) - om1@group-C5BA1605619E-FollowerState: change to CANDIDATE, lastRpcElapsedTime:1041537320ns, electionTimeout:1040ms
2023-12-05 10:05:17,954 [om1@group-C5BA1605619E-FollowerState] INFO  impl.RoleInfo (RoleInfo.java:shutdownFollowerState(110)) - om1: shutdown om1@group-C5BA1605619E-FollowerState
2023-12-05 10:05:17,954 [om1@group-C5BA1605619E-FollowerState] INFO  server.RaftServer$Division (RaftServerImpl.java:setRole(379)) - om1@group-C5BA1605619E: changes role from  FOLLOWER to CANDIDATE at term 0 for changeToCandidate
2023-12-05 10:05:17,954 [om1@group-C5BA1605619E-FollowerState] INFO  server.RaftServerConfigKeys (ConfUtils.java:logGet(46)) - raft.server.leaderelection.pre-vote = true (default)
2023-12-05 10:05:17,954 [om1@group-C5BA1605619E-FollowerState] INFO  impl.RoleInfo (RoleInfo.java:updateAndGet(139)) - om1: start om1@group-C5BA1605619E-LeaderElection17
2023-12-05 10:05:17,955 [om1@group-C5BA1605619E-LeaderElection17] INFO  impl.LeaderElection (LeaderElection.java:askForVotes(323)) - om1@group-C5BA1605619E-LeaderElection17 PRE_VOTE round 0: submit vote requests at term 0 for -1: peers:[om1|localhost:15112]|listeners:[], old=null
2023-12-05 10:05:17,955 [om1@group-C5BA1605619E-LeaderElection17] INFO  impl.LeaderElection (LeaderElection.java:askForVotes(325)) - om1@group-C5BA1605619E-LeaderElection17 PRE_VOTE round 0: result PASSED (term=0)
2023-12-05 10:05:17,956 [om1@group-C5BA1605619E-LeaderElection17] INFO  impl.LeaderElection (LeaderElection.java:askForVotes(323)) - om1@group-C5BA1605619E-LeaderElection17 ELECTION round 0: submit vote requests at term 1 for -1: peers:[om1|localhost:15112]|listeners:[], old=null
2023-12-05 10:05:17,956 [om1@group-C5BA1605619E-LeaderElection17] INFO  impl.LeaderElection (LeaderElection.java:askForVotes(325)) - om1@group-C5BA1605619E-LeaderElection17 ELECTION round 0: result PASSED (term=1)
2023-12-05 10:05:17,956 [om1@group-C5BA1605619E-LeaderElection17] INFO  impl.RoleInfo (RoleInfo.java:shutdownLeaderElection(130)) - om1: shutdown om1@group-C5BA1605619E-LeaderElection17
2023-12-05 10:05:17,956 [om1@group-C5BA1605619E-LeaderElection17] INFO  server.RaftServer$Division (RaftServerImpl.java:setRole(379)) - om1@group-C5BA1605619E: changes role from CANDIDATE to LEADER at term 1 for changeToLeader
2023-12-05 10:05:17,956 [om1@group-C5BA1605619E-LeaderElection17] INFO  server.RaftServerConfigKeys (ConfUtils.java:logGet(46)) - raft.server.staging.catchup.gap = 1000 (default)
2023-12-05 10:05:17,956 [om1@group-C5BA1605619E-LeaderElection17] INFO  server.RaftServerConfigKeys (ConfUtils.java:logGet(46)) - raft.server.write.element-limit = 4096 (default)
2023-12-05 10:05:17,956 [om1@group-C5BA1605619E-LeaderElection17] INFO  server.RaftServerConfigKeys (ConfUtils.java:logGet(46)) - raft.server.write.byte-limit = 64MB (=67108864) (default)
2023-12-05 10:05:17,957 [om1@group-C5BA1605619E-LeaderElection17] INFO  server.RaftServerConfigKeys (ConfUtils.java:logGet(46)) - raft.server.watch.timeout = 10s (default)
2023-12-05 10:05:17,957 [om1@group-C5BA1605619E-LeaderElection17] INFO  server.RaftServerConfigKeys (ConfUtils.java:logGet(46)) - raft.server.watch.timeout.denomination = 1s (default)
2023-12-05 10:05:17,957 [om1@group-C5BA1605619E-LeaderElection17] INFO  server.RaftServerConfigKeys (ConfUtils.java:logGet(46)) - raft.server.watch.element-limit = 65536 (default)
2023-12-05 10:05:17,957 [om1@group-C5BA1605619E-LeaderElection17] INFO  server.RaftServerConfigKeys (ConfUtils.java:logGet(46)) - raft.server.read.leader.lease.enabled = false (default)
2023-12-05 10:05:17,957 [om1@group-C5BA1605619E-LeaderElection17] INFO  server.RaftServerConfigKeys (ConfUtils.java:logGet(46)) - raft.server.read.leader.lease.timeout.ratio = 0.9 (default)
2023-12-05 10:05:17,957 [om1@group-C5BA1605619E-LeaderElection17] INFO  server.RaftServerConfigKeys (ConfUtils.java:logGet(46)) - raft.server.rpc.timeout.min = 1s (custom)
2023-12-05 10:05:17,957 [om1@group-C5BA1605619E-LeaderElection17] INFO  server.RaftServerConfigKeys (ConfUtils.java:logGet(46)) - raft.server.write.element-limit = 4096 (default)
2023-12-05 10:05:17,957 [om1@group-C5BA1605619E-LeaderElection17] INFO  server.RaftServerConfigKeys (ConfUtils.java:logGet(46)) - raft.server.write.follower.gap.ratio.max = -1.0 (default)
2023-12-05 10:05:17,957 [om1@group-C5BA1605619E-LeaderElection17] INFO  impl.RoleInfo (RoleInfo.java:updateAndGet(139)) - om1: start om1@group-C5BA1605619E-LeaderStateImpl
2023-12-05 10:05:17,957 [om1@group-C5BA1605619E-LeaderElection17] INFO  server.RaftServer$Division (RaftServerImpl.java:setFirstElection(564)) - om1@group-C5BA1605619E: set firstElectionSinceStartup to false for becomeLeader
2023-12-05 10:05:17,957 [om1@group-C5BA1605619E-LeaderElection17] INFO  server.RaftServer$Division (ServerState.java:setLeader(265)) - om1@group-C5BA1605619E: change Leader from null to om1 at term 1 for becomeLeader, leader elected after 1284ms
2023-12-05 10:05:17,958 [om1@group-C5BA1605619E-LeaderElection17] INFO  segmented.SegmentedRaftLogWorker (SegmentedRaftLogWorker.java:startLogSegment(428)) - om1@group-C5BA1605619E-SegmentedRaftLogWorker: Starting segment from index:0
2023-12-05 10:05:17,958 [om1@group-C5BA1605619E-LeaderElection17] INFO  server.RaftServer$Division (ServerState.java:setRaftConf(382)) - om1@group-C5BA1605619E: set configuration 0: peers:[om1|localhost:15112]|listeners:[], old=null
2023-12-05 10:05:17,964 [om1@group-C5BA1605619E-SegmentedRaftLogWorker] INFO  segmented.SegmentedRaftLogWorker (SegmentedRaftLogWorker.java:execute(632)) - om1@group-C5BA1605619E-SegmentedRaftLogWorker: created new log segment /home/runner/work/ozone/ozone/hadoop-ozone/integration-test/target/test-dir/MiniOzoneClusterImpl-782bf028-a903-465f-9351-69beed6026d9/ozone-meta/ratis/bf265839-605b-3f16-9796-c5ba1605619e/current/log_inprogress_0
2023-12-05 10:05:17,967 [om1@group-C5BA1605619E-StateMachineUpdater] INFO  ratis.OzoneManagerStateMachine (OzoneManagerStateMachine.java:notifyConfigurationChanged(210)) - Received Configuration change notification from Ratis. New Peer list:
[id: "om1"
address: "localhost:15112"
startupRole: FOLLOWER
]
2023-12-05 10:05:17,967 [om1@group-C5BA1605619E-StateMachineUpdater] INFO  server.RaftServer$Division (LeaderStateImpl.java:isApplied(316)) - leader is ready since appliedIndex == 0 >= startIndex == 0
2023-12-05 10:05:18,303 [main] INFO  ozone.MiniOzoneClusterImpl (MiniOzoneClusterImpl.java:lambda$waitForClusterToBeReady$0(229)) - Waiting for nodes to be ready. Got 0 of 3 DN Heartbeats.
2023-12-05 10:05:18,303 [main] INFO  ozone.MiniOzoneClusterImpl (MiniOzoneClusterImpl.java:lambda$waitForClusterToBeReady$0(232)) - Waiting for cluster to exit safe mode
2023-12-05 10:05:18,303 [main] INFO  ozone.MiniOzoneClusterImpl (MiniOzoneClusterImpl.java:lambda$waitForClusterToBeReady$0(234)) - SCM became leader
2023-12-05 10:05:19,138 [7494988f-ebd7-47bd-844d-a639117e12d7-EndpointStateMachineTaskThread-/0.0.0.0:15107-0 ] INFO  utils.DatanodeStoreCache (DatanodeStoreCache.java:addDB(66)) - Added db /home/runner/work/ozone/ozone/hadoop-ozone/integration-test/target/test-dir/MiniOzoneClusterImpl-782bf028-a903-465f-9351-69beed6026d9/datanode-0/data-0/containers/hdds/782bf028-a903-465f-9351-69beed6026d9/DS-21ea1105-ad60-4681-b277-11845e5239c7/container.db to cache
2023-12-05 10:05:19,138 [7494988f-ebd7-47bd-844d-a639117e12d7-EndpointStateMachineTaskThread-/0.0.0.0:15107-0 ] INFO  volume.HddsVolume (HddsVolume.java:createDbStore(422)) - SchemaV3 db is created and loaded at /home/runner/work/ozone/ozone/hadoop-ozone/integration-test/target/test-dir/MiniOzoneClusterImpl-782bf028-a903-465f-9351-69beed6026d9/datanode-0/data-0/containers/hdds/782bf028-a903-465f-9351-69beed6026d9/DS-21ea1105-ad60-4681-b277-11845e5239c7/container.db for volume DS-21ea1105-ad60-4681-b277-11845e5239c7
2023-12-05 10:05:19,138 [7494988f-ebd7-47bd-844d-a639117e12d7-EndpointStateMachineTaskThread-/0.0.0.0:15107-0 ] INFO  volume.ThrottledAsyncChecker (ThrottledAsyncChecker.java:schedule(141)) - Scheduling a check for /home/runner/work/ozone/ozone/hadoop-ozone/integration-test/target/test-dir/MiniOzoneClusterImpl-782bf028-a903-465f-9351-69beed6026d9/datanode-0/data-0/containers/hdds
2023-12-05 10:05:19,139 [7494988f-ebd7-47bd-844d-a639117e12d7-EndpointStateMachineTaskThread-/0.0.0.0:15107-0 ] INFO  volume.StorageVolumeChecker (StorageVolumeChecker.java:checkAllVolumes(218)) - Scheduled health check for volume /home/runner/work/ozone/ozone/hadoop-ozone/integration-test/target/test-dir/MiniOzoneClusterImpl-782bf028-a903-465f-9351-69beed6026d9/datanode-0/data-0/containers/hdds
2023-12-05 10:05:19,141 [7494988f-ebd7-47bd-844d-a639117e12d7-EndpointStateMachineTaskThread-/0.0.0.0:15107-0 ] INFO  volume.ThrottledAsyncChecker (ThrottledAsyncChecker.java:schedule(141)) - Scheduling a check for /home/runner/work/ozone/ozone/hadoop-ozone/integration-test/target/test-dir/MiniOzoneClusterImpl-782bf028-a903-465f-9351-69beed6026d9/datanode-0/data/ratis
2023-12-05 10:05:19,141 [7494988f-ebd7-47bd-844d-a639117e12d7-EndpointStateMachineTaskThread-/0.0.0.0:15107-0 ] INFO  volume.StorageVolumeChecker (StorageVolumeChecker.java:checkAllVolumes(218)) - Scheduled health check for volume /home/runner/work/ozone/ozone/hadoop-ozone/integration-test/target/test-dir/MiniOzoneClusterImpl-782bf028-a903-465f-9351-69beed6026d9/datanode-0/data/ratis
2023-12-05 10:05:19,141 [7494988f-ebd7-47bd-844d-a639117e12d7-EndpointStateMachineTaskThread-/0.0.0.0:15107-0 ] INFO  ozoneimpl.OzoneContainer (OzoneContainer.java:start(441)) - Attempting to start container services.
2023-12-05 10:05:19,141 [7494988f-ebd7-47bd-844d-a639117e12d7-EndpointStateMachineTaskThread-/0.0.0.0:15107-0 ] INFO  ozoneimpl.OzoneContainer (OzoneContainer.java:startContainerScrub(337)) - Scheduled background container scanners and the on-demand container scanner have been disabled.
2023-12-05 10:05:19,142 [7494988f-ebd7-47bd-844d-a639117e12d7-EndpointStateMachineTaskThread-/0.0.0.0:15107-0 ] INFO  replication.ReplicationServer (ReplicationServer.java:start(139)) - ReplicationServer is started using port 15121
2023-12-05 10:05:19,142 [7494988f-ebd7-47bd-844d-a639117e12d7-EndpointStateMachineTaskThread-/0.0.0.0:15107-0 ] INFO  ratis.XceiverServerRatis (XceiverServerRatis.java:start(548)) - Starting XceiverServerRatis 7494988f-ebd7-47bd-844d-a639117e12d7
2023-12-05 10:05:19,142 [7494988f-ebd7-47bd-844d-a639117e12d7-EndpointStateMachineTaskThread-/0.0.0.0:15107-0 ] INFO  server.RaftServer (RaftServerProxy.java:startImpl(406)) - 7494988f-ebd7-47bd-844d-a639117e12d7: start RPC server
2023-12-05 10:05:19,143 [7494988f-ebd7-47bd-844d-a639117e12d7-EndpointStateMachineTaskThread-/0.0.0.0:15107-0 ] INFO  server.GrpcService (GrpcService.java:startImpl(302)) - 7494988f-ebd7-47bd-844d-a639117e12d7: GrpcService started, listening on 15117
2023-12-05 10:05:19,143 [7494988f-ebd7-47bd-844d-a639117e12d7-EndpointStateMachineTaskThread-/0.0.0.0:15107-0 ] INFO  server.GrpcService (GrpcService.java:startImpl(302)) - 7494988f-ebd7-47bd-844d-a639117e12d7: GrpcService started, listening on 15119
2023-12-05 10:05:19,143 [7494988f-ebd7-47bd-844d-a639117e12d7-EndpointStateMachineTaskThread-/0.0.0.0:15107-0 ] INFO  server.GrpcService (GrpcService.java:startImpl(302)) - 7494988f-ebd7-47bd-844d-a639117e12d7: GrpcService started, listening on 15118
2023-12-05 10:05:19,143 [7494988f-ebd7-47bd-844d-a639117e12d7-EndpointStateMachineTaskThread-/0.0.0.0:15107-0 ] INFO  ratis.XceiverServerRatis (XceiverServerRatis.java:getRealPort(574)) - XceiverServerRatis 7494988f-ebd7-47bd-844d-a639117e12d7 is started using port 15117 for RATIS
2023-12-05 10:05:19,143 [7494988f-ebd7-47bd-844d-a639117e12d7-EndpointStateMachineTaskThread-/0.0.0.0:15107-0 ] INFO  ratis.XceiverServerRatis (XceiverServerRatis.java:getRealPort(574)) - XceiverServerRatis 7494988f-ebd7-47bd-844d-a639117e12d7 is started using port 15118 for RATIS_ADMIN
2023-12-05 10:05:19,144 [7494988f-ebd7-47bd-844d-a639117e12d7-EndpointStateMachineTaskThread-/0.0.0.0:15107-0 ] INFO  ratis.XceiverServerRatis (XceiverServerRatis.java:getRealPort(574)) - XceiverServerRatis 7494988f-ebd7-47bd-844d-a639117e12d7 is started using port 15119 for RATIS_SERVER
2023-12-05 10:05:19,143 [JvmPauseMonitor17] INFO  util.JvmPauseMonitor (JvmPauseMonitor.java:run(146)) - JvmPauseMonitor-7494988f-ebd7-47bd-844d-a639117e12d7: Started
2023-12-05 10:05:19,144 [7494988f-ebd7-47bd-844d-a639117e12d7-EndpointStateMachineTaskThread-/0.0.0.0:15107-0 ] INFO  ratis.XceiverServerRatis (XceiverServerRatis.java:getRealPort(574)) - XceiverServerRatis 7494988f-ebd7-47bd-844d-a639117e12d7 is started using port 15120 for RATIS_DATASTREAM
2023-12-05 10:05:19,145 [7494988f-ebd7-47bd-844d-a639117e12d7-BlockDeletingService#0] INFO  interfaces.ContainerDeletionChoosingPolicyTemplate (ContainerDeletionChoosingPolicyTemplate.java:chooseContainerForBlockDeletion(85)) - Chosen 0/5000 blocks from 0 candidate containers.
2023-12-05 10:05:19,227 [871674c1-9b24-4b63-86c9-e7fd58f2c8d8-EndpointStateMachineTaskThread-/0.0.0.0:15107-0 ] INFO  utils.DatanodeStoreCache (DatanodeStoreCache.java:addDB(66)) - Added db /home/runner/work/ozone/ozone/hadoop-ozone/integration-test/target/test-dir/MiniOzoneClusterImpl-782bf028-a903-465f-9351-69beed6026d9/datanode-1/data-0/containers/hdds/782bf028-a903-465f-9351-69beed6026d9/DS-cabd762f-4b8f-4bd3-91f0-34de0ea8521d/container.db to cache
2023-12-05 10:05:19,227 [871674c1-9b24-4b63-86c9-e7fd58f2c8d8-EndpointStateMachineTaskThread-/0.0.0.0:15107-0 ] INFO  volume.HddsVolume (HddsVolume.java:createDbStore(422)) - SchemaV3 db is created and loaded at /home/runner/work/ozone/ozone/hadoop-ozone/integration-test/target/test-dir/MiniOzoneClusterImpl-782bf028-a903-465f-9351-69beed6026d9/datanode-1/data-0/containers/hdds/782bf028-a903-465f-9351-69beed6026d9/DS-cabd762f-4b8f-4bd3-91f0-34de0ea8521d/container.db for volume DS-cabd762f-4b8f-4bd3-91f0-34de0ea8521d
2023-12-05 10:05:19,227 [871674c1-9b24-4b63-86c9-e7fd58f2c8d8-EndpointStateMachineTaskThread-/0.0.0.0:15107-0 ] INFO  volume.ThrottledAsyncChecker (ThrottledAsyncChecker.java:schedule(141)) - Scheduling a check for /home/runner/work/ozone/ozone/hadoop-ozone/integration-test/target/test-dir/MiniOzoneClusterImpl-782bf028-a903-465f-9351-69beed6026d9/datanode-1/data-0/containers/hdds
2023-12-05 10:05:19,227 [871674c1-9b24-4b63-86c9-e7fd58f2c8d8-EndpointStateMachineTaskThread-/0.0.0.0:15107-0 ] INFO  volume.StorageVolumeChecker (StorageVolumeChecker.java:checkAllVolumes(218)) - Scheduled health check for volume /home/runner/work/ozone/ozone/hadoop-ozone/integration-test/target/test-dir/MiniOzoneClusterImpl-782bf028-a903-465f-9351-69beed6026d9/datanode-1/data-0/containers/hdds
2023-12-05 10:05:19,229 [871674c1-9b24-4b63-86c9-e7fd58f2c8d8-EndpointStateMachineTaskThread-/0.0.0.0:15107-0 ] INFO  volume.ThrottledAsyncChecker (ThrottledAsyncChecker.java:schedule(141)) - Scheduling a check for /home/runner/work/ozone/ozone/hadoop-ozone/integration-test/target/test-dir/MiniOzoneClusterImpl-782bf028-a903-465f-9351-69beed6026d9/datanode-1/data/ratis
2023-12-05 10:05:19,229 [871674c1-9b24-4b63-86c9-e7fd58f2c8d8-EndpointStateMachineTaskThread-/0.0.0.0:15107-0 ] INFO  volume.StorageVolumeChecker (StorageVolumeChecker.java:checkAllVolumes(218)) - Scheduled health check for volume /home/runner/work/ozone/ozone/hadoop-ozone/integration-test/target/test-dir/MiniOzoneClusterImpl-782bf028-a903-465f-9351-69beed6026d9/datanode-1/data/ratis
2023-12-05 10:05:19,230 [871674c1-9b24-4b63-86c9-e7fd58f2c8d8-EndpointStateMachineTaskThread-/0.0.0.0:15107-0 ] INFO  ozoneimpl.OzoneContainer (OzoneContainer.java:start(441)) - Attempting to start container services.
2023-12-05 10:05:19,230 [871674c1-9b24-4b63-86c9-e7fd58f2c8d8-EndpointStateMachineTaskThread-/0.0.0.0:15107-0 ] INFO  ozoneimpl.OzoneContainer (OzoneContainer.java:startContainerScrub(337)) - Scheduled background container scanners and the on-demand container scanner have been disabled.
2023-12-05 10:05:19,230 [871674c1-9b24-4b63-86c9-e7fd58f2c8d8-EndpointStateMachineTaskThread-/0.0.0.0:15107-0 ] INFO  replication.ReplicationServer (ReplicationServer.java:start(139)) - ReplicationServer is started using port 15130
2023-12-05 10:05:19,230 [871674c1-9b24-4b63-86c9-e7fd58f2c8d8-EndpointStateMachineTaskThread-/0.0.0.0:15107-0 ] INFO  ratis.XceiverServerRatis (XceiverServerRatis.java:start(548)) - Starting XceiverServerRatis 871674c1-9b24-4b63-86c9-e7fd58f2c8d8
2023-12-05 10:05:19,236 [871674c1-9b24-4b63-86c9-e7fd58f2c8d8-EndpointStateMachineTaskThread-/0.0.0.0:15107-0 ] INFO  server.RaftServer (RaftServerProxy.java:startImpl(406)) - 871674c1-9b24-4b63-86c9-e7fd58f2c8d8: start RPC server
2023-12-05 10:05:19,236 [871674c1-9b24-4b63-86c9-e7fd58f2c8d8-EndpointStateMachineTaskThread-/0.0.0.0:15107-0 ] INFO  server.GrpcService (GrpcService.java:startImpl(302)) - 871674c1-9b24-4b63-86c9-e7fd58f2c8d8: GrpcService started, listening on 15126
2023-12-05 10:05:19,237 [871674c1-9b24-4b63-86c9-e7fd58f2c8d8-EndpointStateMachineTaskThread-/0.0.0.0:15107-0 ] INFO  server.GrpcService (GrpcService.java:startImpl(302)) - 871674c1-9b24-4b63-86c9-e7fd58f2c8d8: GrpcService started, listening on 15128
2023-12-05 10:05:19,237 [871674c1-9b24-4b63-86c9-e7fd58f2c8d8-EndpointStateMachineTaskThread-/0.0.0.0:15107-0 ] INFO  server.GrpcService (GrpcService.java:startImpl(302)) - 871674c1-9b24-4b63-86c9-e7fd58f2c8d8: GrpcService started, listening on 15127
2023-12-05 10:05:19,237 [871674c1-9b24-4b63-86c9-e7fd58f2c8d8-EndpointStateMachineTaskThread-/0.0.0.0:15107-0 ] INFO  ratis.XceiverServerRatis (XceiverServerRatis.java:getRealPort(574)) - XceiverServerRatis 871674c1-9b24-4b63-86c9-e7fd58f2c8d8 is started using port 15126 for RATIS
2023-12-05 10:05:19,237 [871674c1-9b24-4b63-86c9-e7fd58f2c8d8-EndpointStateMachineTaskThread-/0.0.0.0:15107-0 ] INFO  ratis.XceiverServerRatis (XceiverServerRatis.java:getRealPort(574)) - XceiverServerRatis 871674c1-9b24-4b63-86c9-e7fd58f2c8d8 is started using port 15127 for RATIS_ADMIN
2023-12-05 10:05:19,237 [871674c1-9b24-4b63-86c9-e7fd58f2c8d8-EndpointStateMachineTaskThread-/0.0.0.0:15107-0 ] INFO  ratis.XceiverServerRatis (XceiverServerRatis.java:getRealPort(574)) - XceiverServerRatis 871674c1-9b24-4b63-86c9-e7fd58f2c8d8 is started using port 15128 for RATIS_SERVER
2023-12-05 10:05:19,237 [871674c1-9b24-4b63-86c9-e7fd58f2c8d8-EndpointStateMachineTaskThread-/0.0.0.0:15107-0 ] INFO  ratis.XceiverServerRatis (XceiverServerRatis.java:getRealPort(574)) - XceiverServerRatis 871674c1-9b24-4b63-86c9-e7fd58f2c8d8 is started using port 15129 for RATIS_DATASTREAM
2023-12-05 10:05:19,237 [JvmPauseMonitor18] INFO  util.JvmPauseMonitor (JvmPauseMonitor.java:run(146)) - JvmPauseMonitor-871674c1-9b24-4b63-86c9-e7fd58f2c8d8: Started
2023-12-05 10:05:19,238 [871674c1-9b24-4b63-86c9-e7fd58f2c8d8-BlockDeletingService#0] INFO  interfaces.ContainerDeletionChoosingPolicyTemplate (ContainerDeletionChoosingPolicyTemplate.java:chooseContainerForBlockDeletion(85)) - Chosen 0/5000 blocks from 0 candidate containers.
2023-12-05 10:05:19,303 [main] INFO  ozone.MiniOzoneClusterImpl (MiniOzoneClusterImpl.java:lambda$waitForClusterToBeReady$0(229)) - Waiting for nodes to be ready. Got 0 of 3 DN Heartbeats.
2023-12-05 10:05:19,303 [main] INFO  ozone.MiniOzoneClusterImpl (MiniOzoneClusterImpl.java:lambda$waitForClusterToBeReady$0(232)) - Waiting for cluster to exit safe mode
2023-12-05 10:05:19,304 [main] INFO  ozone.MiniOzoneClusterImpl (MiniOzoneClusterImpl.java:lambda$waitForClusterToBeReady$0(234)) - SCM became leader
2023-12-05 10:05:19,331 [d731cfa9-bd59-499f-bb7f-50a20b0e2d64-EndpointStateMachineTaskThread-/0.0.0.0:15107-0 ] INFO  utils.DatanodeStoreCache (DatanodeStoreCache.java:addDB(66)) - Added db /home/runner/work/ozone/ozone/hadoop-ozone/integration-test/target/test-dir/MiniOzoneClusterImpl-782bf028-a903-465f-9351-69beed6026d9/datanode-2/data-0/containers/hdds/782bf028-a903-465f-9351-69beed6026d9/DS-385a133a-3d29-45c5-af54-652be919c33e/container.db to cache
2023-12-05 10:05:19,331 [d731cfa9-bd59-499f-bb7f-50a20b0e2d64-EndpointStateMachineTaskThread-/0.0.0.0:15107-0 ] INFO  volume.HddsVolume (HddsVolume.java:createDbStore(422)) - SchemaV3 db is created and loaded at /home/runner/work/ozone/ozone/hadoop-ozone/integration-test/target/test-dir/MiniOzoneClusterImpl-782bf028-a903-465f-9351-69beed6026d9/datanode-2/data-0/containers/hdds/782bf028-a903-465f-9351-69beed6026d9/DS-385a133a-3d29-45c5-af54-652be919c33e/container.db for volume DS-385a133a-3d29-45c5-af54-652be919c33e
2023-12-05 10:05:19,331 [d731cfa9-bd59-499f-bb7f-50a20b0e2d64-EndpointStateMachineTaskThread-/0.0.0.0:15107-0 ] INFO  volume.ThrottledAsyncChecker (ThrottledAsyncChecker.java:schedule(141)) - Scheduling a check for /home/runner/work/ozone/ozone/hadoop-ozone/integration-test/target/test-dir/MiniOzoneClusterImpl-782bf028-a903-465f-9351-69beed6026d9/datanode-2/data-0/containers/hdds
2023-12-05 10:05:19,331 [d731cfa9-bd59-499f-bb7f-50a20b0e2d64-EndpointStateMachineTaskThread-/0.0.0.0:15107-0 ] INFO  volume.StorageVolumeChecker (StorageVolumeChecker.java:checkAllVolumes(218)) - Scheduled health check for volume /home/runner/work/ozone/ozone/hadoop-ozone/integration-test/target/test-dir/MiniOzoneClusterImpl-782bf028-a903-465f-9351-69beed6026d9/datanode-2/data-0/containers/hdds
2023-12-05 10:05:19,333 [d731cfa9-bd59-499f-bb7f-50a20b0e2d64-EndpointStateMachineTaskThread-/0.0.0.0:15107-0 ] INFO  volume.ThrottledAsyncChecker (ThrottledAsyncChecker.java:schedule(141)) - Scheduling a check for /home/runner/work/ozone/ozone/hadoop-ozone/integration-test/target/test-dir/MiniOzoneClusterImpl-782bf028-a903-465f-9351-69beed6026d9/datanode-2/data/ratis
2023-12-05 10:05:19,333 [d731cfa9-bd59-499f-bb7f-50a20b0e2d64-EndpointStateMachineTaskThread-/0.0.0.0:15107-0 ] INFO  volume.StorageVolumeChecker (StorageVolumeChecker.java:checkAllVolumes(218)) - Scheduled health check for volume /home/runner/work/ozone/ozone/hadoop-ozone/integration-test/target/test-dir/MiniOzoneClusterImpl-782bf028-a903-465f-9351-69beed6026d9/datanode-2/data/ratis
2023-12-05 10:05:19,334 [d731cfa9-bd59-499f-bb7f-50a20b0e2d64-EndpointStateMachineTaskThread-/0.0.0.0:15107-0 ] INFO  ozoneimpl.OzoneContainer (OzoneContainer.java:start(441)) - Attempting to start container services.
2023-12-05 10:05:19,334 [d731cfa9-bd59-499f-bb7f-50a20b0e2d64-EndpointStateMachineTaskThread-/0.0.0.0:15107-0 ] INFO  ozoneimpl.OzoneContainer (OzoneContainer.java:startContainerScrub(337)) - Scheduled background container scanners and the on-demand container scanner have been disabled.
2023-12-05 10:05:19,334 [d731cfa9-bd59-499f-bb7f-50a20b0e2d64-EndpointStateMachineTaskThread-/0.0.0.0:15107-0 ] INFO  replication.ReplicationServer (ReplicationServer.java:start(139)) - ReplicationServer is started using port 15139
2023-12-05 10:05:19,334 [d731cfa9-bd59-499f-bb7f-50a20b0e2d64-EndpointStateMachineTaskThread-/0.0.0.0:15107-0 ] INFO  ratis.XceiverServerRatis (XceiverServerRatis.java:start(548)) - Starting XceiverServerRatis d731cfa9-bd59-499f-bb7f-50a20b0e2d64
2023-12-05 10:05:19,335 [d731cfa9-bd59-499f-bb7f-50a20b0e2d64-EndpointStateMachineTaskThread-/0.0.0.0:15107-0 ] INFO  server.RaftServer (RaftServerProxy.java:startImpl(406)) - d731cfa9-bd59-499f-bb7f-50a20b0e2d64: start RPC server
2023-12-05 10:05:19,336 [d731cfa9-bd59-499f-bb7f-50a20b0e2d64-EndpointStateMachineTaskThread-/0.0.0.0:15107-0 ] INFO  server.GrpcService (GrpcService.java:startImpl(302)) - d731cfa9-bd59-499f-bb7f-50a20b0e2d64: GrpcService started, listening on 15135
2023-12-05 10:05:19,336 [d731cfa9-bd59-499f-bb7f-50a20b0e2d64-EndpointStateMachineTaskThread-/0.0.0.0:15107-0 ] INFO  server.GrpcService (GrpcService.java:startImpl(302)) - d731cfa9-bd59-499f-bb7f-50a20b0e2d64: GrpcService started, listening on 15137
2023-12-05 10:05:19,336 [d731cfa9-bd59-499f-bb7f-50a20b0e2d64-EndpointStateMachineTaskThread-/0.0.0.0:15107-0 ] INFO  server.GrpcService (GrpcService.java:startImpl(302)) - d731cfa9-bd59-499f-bb7f-50a20b0e2d64: GrpcService started, listening on 15136
2023-12-05 10:05:19,337 [d731cfa9-bd59-499f-bb7f-50a20b0e2d64-EndpointStateMachineTaskThread-/0.0.0.0:15107-0 ] INFO  ratis.XceiverServerRatis (XceiverServerRatis.java:getRealPort(574)) - XceiverServerRatis d731cfa9-bd59-499f-bb7f-50a20b0e2d64 is started using port 15135 for RATIS
2023-12-05 10:05:19,337 [JvmPauseMonitor19] INFO  util.JvmPauseMonitor (JvmPauseMonitor.java:run(146)) - JvmPauseMonitor-d731cfa9-bd59-499f-bb7f-50a20b0e2d64: Started
2023-12-05 10:05:19,337 [d731cfa9-bd59-499f-bb7f-50a20b0e2d64-EndpointStateMachineTaskThread-/0.0.0.0:15107-0 ] INFO  ratis.XceiverServerRatis (XceiverServerRatis.java:getRealPort(574)) - XceiverServerRatis d731cfa9-bd59-499f-bb7f-50a20b0e2d64 is started using port 15136 for RATIS_ADMIN
2023-12-05 10:05:19,337 [d731cfa9-bd59-499f-bb7f-50a20b0e2d64-EndpointStateMachineTaskThread-/0.0.0.0:15107-0 ] INFO  ratis.XceiverServerRatis (XceiverServerRatis.java:getRealPort(574)) - XceiverServerRatis d731cfa9-bd59-499f-bb7f-50a20b0e2d64 is started using port 15137 for RATIS_SERVER
2023-12-05 10:05:19,337 [d731cfa9-bd59-499f-bb7f-50a20b0e2d64-EndpointStateMachineTaskThread-/0.0.0.0:15107-0 ] INFO  ratis.XceiverServerRatis (XceiverServerRatis.java:getRealPort(574)) - XceiverServerRatis d731cfa9-bd59-499f-bb7f-50a20b0e2d64 is started using port 15138 for RATIS_DATASTREAM
2023-12-05 10:05:19,338 [d731cfa9-bd59-499f-bb7f-50a20b0e2d64-BlockDeletingService#0] INFO  interfaces.ContainerDeletionChoosingPolicyTemplate (ContainerDeletionChoosingPolicyTemplate.java:chooseContainerForBlockDeletion(85)) - Chosen 0/5000 blocks from 0 candidate containers.
2023-12-05 10:05:20,304 [main] INFO  ozone.MiniOzoneClusterImpl (MiniOzoneClusterImpl.java:lambda$waitForClusterToBeReady$0(229)) - Waiting for nodes to be ready. Got 0 of 3 DN Heartbeats.
2023-12-05 10:05:20,304 [main] INFO  ozone.MiniOzoneClusterImpl (MiniOzoneClusterImpl.java:lambda$waitForClusterToBeReady$0(232)) - Waiting for cluster to exit safe mode
2023-12-05 10:05:20,304 [main] INFO  ozone.MiniOzoneClusterImpl (MiniOzoneClusterImpl.java:lambda$waitForClusterToBeReady$0(234)) - SCM became leader
2023-12-05 10:05:21,115 [IPC Server handler 0 on default port 15107] INFO  net.NetworkTopologyImpl (NetworkTopologyImpl.java:add(124)) - Added a new node: /default-rack/7494988f-ebd7-47bd-844d-a639117e12d7
2023-12-05 10:05:21,115 [IPC Server handler 0 on default port 15107] INFO  node.SCMNodeManager (SCMNodeManager.java:register(405)) - Registered datanode: 7494988f-ebd7-47bd-844d-a639117e12d7{ip: 10.1.0.7, host: fv-az884-53.nlrrjjsaionubk4jys1hz1dhmg.bx.internal.cloudapp.net, ports: [HTTP=15114, CLIENT_RPC=15115, REPLICATION=15121, RATIS=15117, RATIS_ADMIN=15118, RATIS_SERVER=15119, RATIS_DATASTREAM=15120, STANDALONE=15116], networkLocation: /default-rack, certSerialId: null, persistedOpState: null, persistedOpStateExpiryEpochSec: 0}
2023-12-05 10:05:21,117 [EventQueue-NewNodeForNewNodeHandler] INFO  pipeline.BackgroundPipelineCreator (BackgroundPipelineCreator.java:notifyEventTriggered(280)) - trigger a one-shot run on RatisPipelineUtilsThread.
2023-12-05 10:05:21,117 [EventQueue-NodeRegistrationContainerReportForContainerSafeModeRule] INFO  safemode.SCMSafeModeManager (SCMSafeModeManager.java:validateSafeModeExitRules(200)) - ContainerSafeModeRule rule is successfully validated
2023-12-05 10:05:21,117 [RatisPipelineUtilsThread-0] INFO  pipeline.RatisPipelineProvider (RatisPipelineProvider.java:lambda$create$0(206)) - Sending CreatePipelineCommand for pipeline:PipelineID=8ece25f8-0f8f-4f2a-b915-96042ca7fa01 to datanode:7494988f-ebd7-47bd-844d-a639117e12d7
2023-12-05 10:05:21,117 [EventQueue-NodeRegistrationContainerReportForDataNodeSafeModeRule] INFO  safemode.SCMSafeModeManager (DataNodeSafeModeRule.java:process(71)) - SCM in safe mode. 1 DataNodes registered, 3 required.
2023-12-05 10:05:21,118 [EventQueue-PipelineReportForOneReplicaPipelineSafeModeRule] INFO  safemode.SCMSafeModeManager (SCMSafeModeManager.java:validateSafeModeExitRules(200)) - AtleastOneDatanodeReportedRule rule is successfully validated
2023-12-05 10:05:21,119 [RatisPipelineUtilsThread-0] INFO  pipeline.BackgroundPipelineCreator (BackgroundPipelineCreator.java:createPipelines(236)) - Created new pipeline Pipeline[ Id: 8ece25f8-0f8f-4f2a-b915-96042ca7fa01, Nodes: 7494988f-ebd7-47bd-844d-a639117e12d7(fv-az884-53.nlrrjjsaionubk4jys1hz1dhmg.bx.internal.cloudapp.net/10.1.0.7), ReplicationConfig: RATIS/ONE, State:ALLOCATED, leaderId:, CreationTimestamp2023-12-05T10:05:21.117Z[Etc/UTC]]
2023-12-05 10:05:21,206 [IPC Server handler 1 on default port 15107] INFO  net.NetworkTopologyImpl (NetworkTopologyImpl.java:add(124)) - Added a new node: /default-rack/871674c1-9b24-4b63-86c9-e7fd58f2c8d8
2023-12-05 10:05:21,206 [IPC Server handler 1 on default port 15107] INFO  node.SCMNodeManager (SCMNodeManager.java:register(405)) - Registered datanode: 871674c1-9b24-4b63-86c9-e7fd58f2c8d8{ip: 10.1.0.7, host: fv-az884-53.nlrrjjsaionubk4jys1hz1dhmg.bx.internal.cloudapp.net, ports: [HTTP=15123, CLIENT_RPC=15124, REPLICATION=15130, RATIS=15126, RATIS_ADMIN=15127, RATIS_SERVER=15128, RATIS_DATASTREAM=15129, STANDALONE=15125], networkLocation: /default-rack, certSerialId: null, persistedOpState: null, persistedOpStateExpiryEpochSec: 0}
2023-12-05 10:05:21,207 [EventQueue-NewNodeForNewNodeHandler] INFO  pipeline.BackgroundPipelineCreator (BackgroundPipelineCreator.java:notifyEventTriggered(280)) - trigger a one-shot run on RatisPipelineUtilsThread.
2023-12-05 10:05:21,207 [EventQueue-NodeRegistrationContainerReportForDataNodeSafeModeRule] INFO  safemode.SCMSafeModeManager (DataNodeSafeModeRule.java:process(71)) - SCM in safe mode. 2 DataNodes registered, 3 required.
2023-12-05 10:05:21,207 [RatisPipelineUtilsThread-0] INFO  pipeline.RatisPipelineProvider (RatisPipelineProvider.java:lambda$create$0(206)) - Sending CreatePipelineCommand for pipeline:PipelineID=2add67f2-25c5-4d76-b76f-30ee4abb169f to datanode:871674c1-9b24-4b63-86c9-e7fd58f2c8d8
2023-12-05 10:05:21,208 [RatisPipelineUtilsThread-0] INFO  pipeline.BackgroundPipelineCreator (BackgroundPipelineCreator.java:createPipelines(236)) - Created new pipeline Pipeline[ Id: 2add67f2-25c5-4d76-b76f-30ee4abb169f, Nodes: 871674c1-9b24-4b63-86c9-e7fd58f2c8d8(fv-az884-53.nlrrjjsaionubk4jys1hz1dhmg.bx.internal.cloudapp.net/10.1.0.7), ReplicationConfig: RATIS/ONE, State:ALLOCATED, leaderId:, CreationTimestamp2023-12-05T10:05:21.207Z[Etc/UTC]]
2023-12-05 10:05:21,304 [main] INFO  ozone.MiniOzoneClusterImpl (MiniOzoneClusterImpl.java:lambda$waitForClusterToBeReady$0(229)) - Waiting for nodes to be ready. Got 2 of 3 DN Heartbeats.
2023-12-05 10:05:21,305 [main] INFO  ozone.MiniOzoneClusterImpl (MiniOzoneClusterImpl.java:lambda$waitForClusterToBeReady$0(232)) - Waiting for cluster to exit safe mode
2023-12-05 10:05:21,305 [main] INFO  ozone.MiniOzoneClusterImpl (MiniOzoneClusterImpl.java:lambda$waitForClusterToBeReady$0(234)) - SCM became leader
2023-12-05 10:05:21,307 [IPC Server handler 2 on default port 15107] INFO  net.NetworkTopologyImpl (NetworkTopologyImpl.java:add(124)) - Added a new node: /default-rack/d731cfa9-bd59-499f-bb7f-50a20b0e2d64
2023-12-05 10:05:21,307 [IPC Server handler 2 on default port 15107] INFO  node.SCMNodeManager (SCMNodeManager.java:register(405)) - Registered datanode: d731cfa9-bd59-499f-bb7f-50a20b0e2d64{ip: 10.1.0.7, host: fv-az884-53.nlrrjjsaionubk4jys1hz1dhmg.bx.internal.cloudapp.net, ports: [HTTP=15132, CLIENT_RPC=15133, REPLICATION=15139, RATIS=15135, RATIS_ADMIN=15136, RATIS_SERVER=15137, RATIS_DATASTREAM=15138, STANDALONE=15134], networkLocation: /default-rack, certSerialId: null, persistedOpState: null, persistedOpStateExpiryEpochSec: 0}
2023-12-05 10:05:21,308 [EventQueue-NewNodeForNewNodeHandler] INFO  pipeline.BackgroundPipelineCreator (BackgroundPipelineCreator.java:notifyEventTriggered(280)) - trigger a one-shot run on RatisPipelineUtilsThread.
2023-12-05 10:05:21,308 [EventQueue-NodeRegistrationContainerReportForDataNodeSafeModeRule] INFO  safemode.SCMSafeModeManager (DataNodeSafeModeRule.java:process(71)) - SCM in safe mode. 3 DataNodes registered, 3 required.
2023-12-05 10:05:21,308 [EventQueue-NodeRegistrationContainerReportForDataNodeSafeModeRule] INFO  safemode.SCMSafeModeManager (SCMSafeModeManager.java:validateSafeModeExitRules(200)) - DataNodeSafeModeRule rule is successfully validated
2023-12-05 10:05:21,308 [EventQueue-NodeRegistrationContainerReportForDataNodeSafeModeRule] INFO  safemode.SCMSafeModeManager (SCMSafeModeManager.java:completePreCheck(229)) - All SCM safe mode pre check rules have passed
2023-12-05 10:05:21,308 [EventQueue-NodeRegistrationContainerReportForDataNodeSafeModeRule] INFO  ha.SCMContext (SCMContext.java:updateSafeModeStatus(230)) - Update SafeModeStatus from SafeModeStatus{safeModeStatus=true, preCheckPassed=false} to SafeModeStatus{safeModeStatus=true, preCheckPassed=true}.
2023-12-05 10:05:21,309 [EventQueue-NodeRegistrationContainerReportForDataNodeSafeModeRule] INFO  pipeline.BackgroundPipelineCreator (BackgroundPipelineCreator.java:notifyEventTriggered(280)) - trigger a one-shot run on RatisPipelineUtilsThread.
2023-12-05 10:05:21,310 [RatisPipelineUtilsThread-0] INFO  pipeline.RatisPipelineProvider (RatisPipelineProvider.java:lambda$create$0(206)) - Sending CreatePipelineCommand for pipeline:PipelineID=fffac926-59a5-48f9-bcd0-61914078edb0 to datanode:d731cfa9-bd59-499f-bb7f-50a20b0e2d64
2023-12-05 10:05:21,311 [RatisPipelineUtilsThread-0] INFO  pipeline.BackgroundPipelineCreator (BackgroundPipelineCreator.java:createPipelines(236)) - Created new pipeline Pipeline[ Id: fffac926-59a5-48f9-bcd0-61914078edb0, Nodes: d731cfa9-bd59-499f-bb7f-50a20b0e2d64(fv-az884-53.nlrrjjsaionubk4jys1hz1dhmg.bx.internal.cloudapp.net/10.1.0.7), ReplicationConfig: RATIS/ONE, State:ALLOCATED, leaderId:, CreationTimestamp2023-12-05T10:05:21.310Z[Etc/UTC]]
2023-12-05 10:05:21,311 [RatisPipelineUtilsThread-0] INFO  pipeline.RatisPipelineProvider (RatisPipelineProvider.java:lambda$create$0(206)) - Sending CreatePipelineCommand for pipeline:PipelineID=510e2edb-154a-4334-8890-0ed44aa663cf to datanode:871674c1-9b24-4b63-86c9-e7fd58f2c8d8
2023-12-05 10:05:21,311 [RatisPipelineUtilsThread-0] INFO  pipeline.RatisPipelineProvider (RatisPipelineProvider.java:lambda$create$0(206)) - Sending CreatePipelineCommand for pipeline:PipelineID=510e2edb-154a-4334-8890-0ed44aa663cf to datanode:7494988f-ebd7-47bd-844d-a639117e12d7
2023-12-05 10:05:21,311 [RatisPipelineUtilsThread-0] INFO  pipeline.RatisPipelineProvider (RatisPipelineProvider.java:lambda$create$0(206)) - Sending CreatePipelineCommand for pipeline:PipelineID=510e2edb-154a-4334-8890-0ed44aa663cf to datanode:d731cfa9-bd59-499f-bb7f-50a20b0e2d64
2023-12-05 10:05:21,312 [RatisPipelineUtilsThread-0] INFO  pipeline.BackgroundPipelineCreator (BackgroundPipelineCreator.java:createPipelines(236)) - Created new pipeline Pipeline[ Id: 510e2edb-154a-4334-8890-0ed44aa663cf, Nodes: 871674c1-9b24-4b63-86c9-e7fd58f2c8d8(fv-az884-53.nlrrjjsaionubk4jys1hz1dhmg.bx.internal.cloudapp.net/10.1.0.7)7494988f-ebd7-47bd-844d-a639117e12d7(fv-az884-53.nlrrjjsaionubk4jys1hz1dhmg.bx.internal.cloudapp.net/10.1.0.7)d731cfa9-bd59-499f-bb7f-50a20b0e2d64(fv-az884-53.nlrrjjsaionubk4jys1hz1dhmg.bx.internal.cloudapp.net/10.1.0.7), ReplicationConfig: RATIS/THREE, State:ALLOCATED, leaderId:, CreationTimestamp2023-12-05T10:05:21.311Z[Etc/UTC]]
2023-12-05 10:05:22,305 [main] INFO  ozone.MiniOzoneClusterImpl (MiniOzoneClusterImpl.java:lambda$waitForClusterToBeReady$0(229)) - Nodes are ready. Got 3 of 3 DN Heartbeats.
2023-12-05 10:05:22,305 [main] INFO  ozone.MiniOzoneClusterImpl (MiniOzoneClusterImpl.java:lambda$waitForClusterToBeReady$0(232)) - Waiting for cluster to exit safe mode
2023-12-05 10:05:22,305 [main] INFO  ozone.MiniOzoneClusterImpl (MiniOzoneClusterImpl.java:lambda$waitForClusterToBeReady$0(234)) - SCM became leader
2023-12-05 10:05:23,305 [main] INFO  ozone.MiniOzoneClusterImpl (MiniOzoneClusterImpl.java:lambda$waitForClusterToBeReady$0(229)) - Nodes are ready. Got 3 of 3 DN Heartbeats.
2023-12-05 10:05:23,306 [main] INFO  ozone.MiniOzoneClusterImpl (MiniOzoneClusterImpl.java:lambda$waitForClusterToBeReady$0(232)) - Waiting for cluster to exit safe mode
2023-12-05 10:05:23,306 [main] INFO  ozone.MiniOzoneClusterImpl (MiniOzoneClusterImpl.java:lambda$waitForClusterToBeReady$0(234)) - SCM became leader
2023-12-05 10:05:24,115 [7494988f-ebd7-47bd-844d-a639117e12d7-PipelineCommandHandlerThread-0] INFO  server.RaftServer (RaftServerProxy.java:addNew(100)) - 7494988f-ebd7-47bd-844d-a639117e12d7: addNew group-96042CA7FA01:[7494988f-ebd7-47bd-844d-a639117e12d7|10.1.0.7:15119] returns group-96042CA7FA01:java.util.concurrent.CompletableFuture@7747635e[Not completed]
2023-12-05 10:05:24,116 [7494988f-ebd7-47bd-844d-a639117e12d7-groupManagement] INFO  server.RaftServer$Division (RaftServerImpl.java:<init>(256)) - 7494988f-ebd7-47bd-844d-a639117e12d7: new RaftServerImpl for group-96042CA7FA01:[7494988f-ebd7-47bd-844d-a639117e12d7|10.1.0.7:15119] with ContainerStateMachine:uninitialized
2023-12-05 10:05:24,116 [7494988f-ebd7-47bd-844d-a639117e12d7-groupManagement] INFO  server.RaftServerConfigKeys (ConfUtils.java:logGet(46)) - raft.server.rpc.timeout.min = 5s (custom)
2023-12-05 10:05:24,116 [7494988f-ebd7-47bd-844d-a639117e12d7-groupManagement] INFO  server.RaftServerConfigKeys (ConfUtils.java:logGet(46)) - raft.server.rpc.timeout.max = 5200ms (custom)
2023-12-05 10:05:24,116 [7494988f-ebd7-47bd-844d-a639117e12d7-groupManagement] INFO  server.RaftServerConfigKeys (ConfUtils.java:logGet(46)) - raft.server.rpc.sleep.time = 25ms (default)
2023-12-05 10:05:24,116 [7494988f-ebd7-47bd-844d-a639117e12d7-groupManagement] INFO  server.RaftServerConfigKeys (ConfUtils.java:logGet(46)) - raft.server.rpc.slowness.timeout = 300s (custom)
2023-12-05 10:05:24,116 [7494988f-ebd7-47bd-844d-a639117e12d7-groupManagement] INFO  server.RaftServerConfigKeys (ConfUtils.java:logGet(46)) - raft.server.leaderelection.leader.step-down.wait-time = 10s (default)
2023-12-05 10:05:24,116 [7494988f-ebd7-47bd-844d-a639117e12d7-groupManagement] INFO  server.RaftServerConfigKeys (ConfUtils.java:logGet(46)) - raft.server.leaderelection.member.majority-add = false (default)
2023-12-05 10:05:24,116 [7494988f-ebd7-47bd-844d-a639117e12d7-groupManagement] INFO  server.RaftServerConfigKeys (ConfUtils.java:logGet(46)) - raft.server.sleep.deviation.threshold = 300ms (default)
2023-12-05 10:05:24,116 [7494988f-ebd7-47bd-844d-a639117e12d7-groupManagement] INFO  server.RaftServer$Division (ServerState.java:<init>(113)) - 7494988f-ebd7-47bd-844d-a639117e12d7@group-96042CA7FA01: ConfigurationManager, init=-1: peers:[7494988f-ebd7-47bd-844d-a639117e12d7|10.1.0.7:15119]|listeners:[], old=null, confs=<EMPTY_MAP>
2023-12-05 10:05:24,116 [7494988f-ebd7-47bd-844d-a639117e12d7-groupManagement] INFO  server.RaftServerConfigKeys (ConfUtils.java:logGet(46)) - raft.server.notification.no-leader.timeout = 300s (custom)
2023-12-05 10:05:24,116 [7494988f-ebd7-47bd-844d-a639117e12d7-groupManagement] INFO  server.RaftServerConfigKeys (ConfUtils.java:logGet(46)) - raft.server.read.timeout = 10s (default)
2023-12-05 10:05:24,116 [7494988f-ebd7-47bd-844d-a639117e12d7-groupManagement] INFO  server.RaftServerConfigKeys (ConfUtils.java:logGet(46)) - raft.server.retrycache.expirytime = 600000ms (custom)
2023-12-05 10:05:24,116 [7494988f-ebd7-47bd-844d-a639117e12d7-groupManagement] INFO  server.RaftServerConfigKeys (ConfUtils.java:logGet(46)) - raft.server.retrycache.statistics.expirytime = 100ms (default)
2023-12-05 10:05:24,116 [7494988f-ebd7-47bd-844d-a639117e12d7-groupManagement] INFO  server.RaftServerConfigKeys (ConfUtils.java:logGet(46)) - raft.server.read.option = DEFAULT (default)
2023-12-05 10:05:24,117 [7494988f-ebd7-47bd-844d-a639117e12d7-groupManagement] INFO  server.RaftServerConfigKeys (ConfUtils.java:logGet(46)) - raft.server.read.read-after-write-consistent.write-index-cache.expiry-time = 60s (default)
2023-12-05 10:05:24,118 [7494988f-ebd7-47bd-844d-a639117e12d7-groupManagement] INFO  server.RaftServerConfigKeys (ConfUtils.java:logGet(46)) - raft.server.rpc.request.timeout = 60s (custom)
2023-12-05 10:05:24,118 [7494988f-ebd7-47bd-844d-a639117e12d7-groupManagement] INFO  server.RaftServerConfigKeys (ConfUtils.java:logGet(46)) - raft.server.log.appender.install.snapshot.enabled = false (custom)
2023-12-05 10:05:24,118 [7494988f-ebd7-47bd-844d-a639117e12d7-groupManagement] INFO  server.RaftServerConfigKeys (ConfUtils.java:logGet(46)) - raft.server.threadpool.server.cached = true (default)
2023-12-05 10:05:24,118 [7494988f-ebd7-47bd-844d-a639117e12d7-groupManagement] INFO  server.RaftServerConfigKeys (ConfUtils.java:logGet(46)) - raft.server.threadpool.server.size = 0 (default)
2023-12-05 10:05:24,118 [7494988f-ebd7-47bd-844d-a639117e12d7-groupManagement] INFO  server.RaftServerConfigKeys (ConfUtils.java:logGet(46)) - raft.server.threadpool.client.cached = true (default)
2023-12-05 10:05:24,118 [7494988f-ebd7-47bd-844d-a639117e12d7-groupManagement] INFO  server.RaftServerConfigKeys (ConfUtils.java:logGet(46)) - raft.server.threadpool.client.size = 0 (default)
2023-12-05 10:05:24,118 [7494988f-ebd7-47bd-844d-a639117e12d7-groupManagement] INFO  server.RaftServerConfigKeys (ConfUtils.java:logGet(46)) - raft.server.storage.free-space.min = 0MB (=0) (default)
2023-12-05 10:05:24,118 [7494988f-ebd7-47bd-844d-a639117e12d7-groupManagement] INFO  server.RaftServerConfigKeys (ConfUtils.java:logGet(46)) - raft.server.log.corruption.policy = EXCEPTION (default)
2023-12-05 10:05:24,118 [7494988f-ebd7-47bd-844d-a639117e12d7-groupManagement] INFO  server.RaftServerConfigKeys (ConfUtils.java:logGet(46)) - raft.server.storage.dir = [/home/runner/work/ozone/ozone/hadoop-ozone/integration-test/target/test-dir/MiniOzoneClusterImpl-782bf028-a903-465f-9351-69beed6026d9/datanode-0/data/ratis] (custom)
2023-12-05 10:05:24,118 [7494988f-ebd7-47bd-844d-a639117e12d7-groupManagement] INFO  storage.RaftStorageDirectory (RaftStorageDirectoryImpl.java:analyzeStorage(138)) - The storage directory /home/runner/work/ozone/ozone/hadoop-ozone/integration-test/target/test-dir/MiniOzoneClusterImpl-782bf028-a903-465f-9351-69beed6026d9/datanode-0/data/ratis/8ece25f8-0f8f-4f2a-b915-96042ca7fa01 does not exist. Creating ...
2023-12-05 10:05:24,119 [7494988f-ebd7-47bd-844d-a639117e12d7-groupManagement] INFO  storage.RaftStorageDirectory (RaftStorageDirectoryImpl.java:tryLock(232)) - Lock on /home/runner/work/ozone/ozone/hadoop-ozone/integration-test/target/test-dir/MiniOzoneClusterImpl-782bf028-a903-465f-9351-69beed6026d9/datanode-0/data/ratis/8ece25f8-0f8f-4f2a-b915-96042ca7fa01/in_use.lock acquired by nodename 4813@fv-az884-53
2023-12-05 10:05:24,120 [7494988f-ebd7-47bd-844d-a639117e12d7-groupManagement] INFO  storage.RaftStorage (RaftStorageImpl.java:format(97)) - Storage directory /home/runner/work/ozone/ozone/hadoop-ozone/integration-test/target/test-dir/MiniOzoneClusterImpl-782bf028-a903-465f-9351-69beed6026d9/datanode-0/data/ratis/8ece25f8-0f8f-4f2a-b915-96042ca7fa01 has been successfully formatted.
2023-12-05 10:05:24,121 [7494988f-ebd7-47bd-844d-a639117e12d7-groupManagement] INFO  ratis.ContainerStateMachine (ContainerStateMachine.java:loadSnapshot(269)) - group-96042CA7FA01: The snapshot info is null. Setting the last applied indexto:(t:0, i:~)
2023-12-05 10:05:24,121 [7494988f-ebd7-47bd-844d-a639117e12d7-groupManagement] INFO  server.RaftServerConfigKeys (ConfUtils.java:logGet(46)) - raft.server.log.use.memory = false (default)
2023-12-05 10:05:24,121 [7494988f-ebd7-47bd-844d-a639117e12d7-groupManagement] INFO  server.RaftServerConfigKeys (ConfUtils.java:logGet(46)) - raft.server.log.purge.gap = 1000000 (custom)
2023-12-05 10:05:24,121 [7494988f-ebd7-47bd-844d-a639117e12d7-groupManagement] INFO  server.RaftServerConfigKeys (ConfUtils.java:logGet(46)) - raft.server.log.appender.buffer.byte-limit = 8388608 (custom)
2023-12-05 10:05:24,121 [7494988f-ebd7-47bd-844d-a639117e12d7-groupManagement] INFO  server.RaftServerConfigKeys (ConfUtils.java:logGet(46)) - raft.server.log.statemachine.data.read.timeout = 1000ms (default)
2023-12-05 10:05:24,121 [7494988f-ebd7-47bd-844d-a639117e12d7-groupManagement] INFO  server.RaftServerConfigKeys (ConfUtils.java:logGet(46)) - raft.server.log.purge.preservation.log.num = 0 (default)
2023-12-05 10:05:24,122 [7494988f-ebd7-47bd-844d-a639117e12d7-groupManagement] INFO  server.RaftServerConfigKeys (ConfUtils.java:logGet(46)) - raft.server.log.segment.size.max = 67108864 (custom)
2023-12-05 10:05:24,122 [7494988f-ebd7-47bd-844d-a639117e12d7-groupManagement] INFO  server.RaftServerConfigKeys (ConfUtils.java:logGet(46)) - raft.server.log.segment.cache.num.max = 2 (custom)
2023-12-05 10:05:24,122 [7494988f-ebd7-47bd-844d-a639117e12d7-groupManagement] INFO  server.RaftServerConfigKeys (ConfUtils.java:logGet(46)) - raft.server.log.segment.cache.size.max = 200MB (=209715200) (default)
2023-12-05 10:05:24,122 [7494988f-ebd7-47bd-844d-a639117e12d7-groupManagement] INFO  server.RaftServerConfigKeys (ConfUtils.java:logGet(46)) - raft.server.log.appender.buffer.byte-limit = 8388608 (custom)
2023-12-05 10:05:24,122 [7494988f-ebd7-47bd-844d-a639117e12d7-groupManagement] INFO  util.AwaitToRun (AwaitToRun.java:start(81)) - Thread[7494988f-ebd7-47bd-844d-a639117e12d7@group-96042CA7FA01-cacheEviction-AwaitToRun,5,main] started
2023-12-05 10:05:24,123 [7494988f-ebd7-47bd-844d-a639117e12d7-groupManagement] INFO  segmented.SegmentedRaftLogWorker (SegmentedRaftLogWorker.java:<init>(184)) - new 7494988f-ebd7-47bd-844d-a639117e12d7@group-96042CA7FA01-SegmentedRaftLogWorker for RaftStorageImpl:Storage Directory /home/runner/work/ozone/ozone/hadoop-ozone/integration-test/target/test-dir/MiniOzoneClusterImpl-782bf028-a903-465f-9351-69beed6026d9/datanode-0/data/ratis/8ece25f8-0f8f-4f2a-b915-96042ca7fa01
2023-12-05 10:05:24,123 [7494988f-ebd7-47bd-844d-a639117e12d7-groupManagement] INFO  server.RaftServerConfigKeys (ConfUtils.java:logGet(46)) - raft.server.log.queue.byte-limit = 4294967296 (custom)
2023-12-05 10:05:24,123 [7494988f-ebd7-47bd-844d-a639117e12d7-groupManagement] INFO  server.RaftServerConfigKeys (ConfUtils.java:logGet(46)) - raft.server.log.queue.element-limit = 1024 (custom)
2023-12-05 10:05:24,123 [7494988f-ebd7-47bd-844d-a639117e12d7-groupManagement] INFO  server.RaftServerConfigKeys (ConfUtils.java:logGet(46)) - raft.server.log.segment.size.max = 67108864 (custom)
2023-12-05 10:05:24,123 [EventQueue-PipelineReportForPipelineReportHandler] INFO  pipeline.PipelineReportHandler (PipelineReportHandler.java:processPipelineReport(136)) - Opened pipeline PipelineID=8ece25f8-0f8f-4f2a-b915-96042ca7fa01
2023-12-05 10:05:24,123 [7494988f-ebd7-47bd-844d-a639117e12d7-groupManagement] INFO  server.RaftServerConfigKeys (ConfUtils.java:logGet(46)) - raft.server.log.preallocated.size = 4194304 (custom)
2023-12-05 10:05:24,123 [7494988f-ebd7-47bd-844d-a639117e12d7-groupManagement] INFO  server.RaftServerConfigKeys (ConfUtils.java:logGet(46)) - raft.server.log.force.sync.num = 128 (default)
2023-12-05 10:05:24,123 [7494988f-ebd7-47bd-844d-a639117e12d7-groupManagement] INFO  server.RaftServerConfigKeys (ConfUtils.java:logGet(46)) - raft.server.log.statemachine.data.sync = true (default)
2023-12-05 10:05:24,124 [7494988f-ebd7-47bd-844d-a639117e12d7-groupManagement] INFO  server.RaftServerConfigKeys (ConfUtils.java:logGet(46)) - raft.server.log.statemachine.data.sync.timeout = 10s (default)
2023-12-05 10:05:24,124 [7494988f-ebd7-47bd-844d-a639117e12d7-groupManagement] INFO  server.RaftServerConfigKeys (ConfUtils.java:logGet(46)) - raft.server.log.statemachine.data.sync.timeout.retry = 0 (custom)
2023-12-05 10:05:24,124 [7494988f-ebd7-47bd-844d-a639117e12d7-groupManagement] INFO  server.RaftServerConfigKeys (ConfUtils.java:logGet(46)) - raft.server.log.write.buffer.size = 8388616 (custom)
2023-12-05 10:05:24,125 [EventQueue-OpenPipelineForHealthyPipelineSafeModeRule] INFO  safemode.SCMSafeModeManager (HealthyPipelineSafeModeRule.java:process(137)) - SCM in safe mode. Healthy pipelines reported count is 0, required healthy pipeline reported count is 1
2023-12-05 10:05:24,126 [7494988f-ebd7-47bd-844d-a639117e12d7-groupManagement] INFO  server.RaftServerConfigKeys (ConfUtils.java:logGet(46)) - raft.server.log.appender.buffer.byte-limit = 8388608 (custom)
2023-12-05 10:05:24,127 [7494988f-ebd7-47bd-844d-a639117e12d7-groupManagement] INFO  server.RaftServerConfigKeys (ConfUtils.java:logGet(46)) - raft.server.log.unsafe-flush.enabled = false (default)
2023-12-05 10:05:24,127 [7494988f-ebd7-47bd-844d-a639117e12d7-groupManagement] INFO  server.RaftServerConfigKeys (ConfUtils.java:logGet(46)) - raft.server.log.async-flush.enabled = false (default)
2023-12-05 10:05:24,127 [7494988f-ebd7-47bd-844d-a639117e12d7-groupManagement] INFO  server.RaftServerConfigKeys (ConfUtils.java:logGet(46)) - raft.server.log.statemachine.data.caching.enabled = true (custom)
2023-12-05 10:05:24,127 [7494988f-ebd7-47bd-844d-a639117e12d7-groupManagement] INFO  segmented.SegmentedRaftLogWorker (SegmentedRaftLogWorker.java:lambda$new$0(135)) - 7494988f-ebd7-47bd-844d-a639117e12d7@group-96042CA7FA01-SegmentedRaftLogWorker: flushIndex: setUnconditionally 0 -> -1
2023-12-05 10:05:24,127 [7494988f-ebd7-47bd-844d-a639117e12d7-groupManagement] INFO  segmented.SegmentedRaftLogWorker (SegmentedRaftLogWorker.java:lambda$new$0(135)) - 7494988f-ebd7-47bd-844d-a639117e12d7@group-96042CA7FA01-SegmentedRaftLogWorker: safeCacheEvictIndex: setUnconditionally 0 -> -1
2023-12-05 10:05:24,132 [7494988f-ebd7-47bd-844d-a639117e12d7-groupManagement] INFO  server.RaftServer$Division (RaftServerImpl.java:start(392)) - 7494988f-ebd7-47bd-844d-a639117e12d7@group-96042CA7FA01: start as a follower, conf=-1: peers:[7494988f-ebd7-47bd-844d-a639117e12d7|10.1.0.7:15119]|listeners:[], old=null
2023-12-05 10:05:24,132 [7494988f-ebd7-47bd-844d-a639117e12d7-groupManagement] INFO  server.RaftServer$Division (RaftServerImpl.java:setRole(379)) - 7494988f-ebd7-47bd-844d-a639117e12d7@group-96042CA7FA01: changes role from      null to FOLLOWER at term 0 for startAsFollower
2023-12-05 10:05:24,132 [7494988f-ebd7-47bd-844d-a639117e12d7-groupManagement] INFO  impl.RoleInfo (RoleInfo.java:updateAndGet(139)) - 7494988f-ebd7-47bd-844d-a639117e12d7: start 7494988f-ebd7-47bd-844d-a639117e12d7@group-96042CA7FA01-FollowerState
2023-12-05 10:05:24,140 [7494988f-ebd7-47bd-844d-a639117e12d7-groupManagement] INFO  util.JmxRegister (JmxRegister.java:tryRegister(44)) - Successfully registered JMX Bean with object name Ratis:service=RaftServer,group=group-96042CA7FA01,id=7494988f-ebd7-47bd-844d-a639117e12d7
2023-12-05 10:05:24,140 [7494988f-ebd7-47bd-844d-a639117e12d7-groupManagement] INFO  server.RaftServerConfigKeys (ConfUtils.java:logGet(46)) - raft.server.snapshot.trigger-when-stop.enabled = true (default)
2023-12-05 10:05:24,140 [7494988f-ebd7-47bd-844d-a639117e12d7-groupManagement] INFO  server.RaftServerConfigKeys (ConfUtils.java:logGet(46)) - raft.server.snapshot.auto.trigger.enabled = true (custom)
2023-12-05 10:05:24,140 [7494988f-ebd7-47bd-844d-a639117e12d7-groupManagement] INFO  server.RaftServerConfigKeys (ConfUtils.java:logGet(46)) - raft.server.snapshot.auto.trigger.threshold = 10000 (custom)
2023-12-05 10:05:24,140 [7494988f-ebd7-47bd-844d-a639117e12d7-groupManagement] INFO  server.RaftServerConfigKeys (ConfUtils.java:logGet(46)) - raft.server.snapshot.retention.file.num = 5 (custom)
2023-12-05 10:05:24,140 [7494988f-ebd7-47bd-844d-a639117e12d7-groupManagement] INFO  server.RaftServerConfigKeys (ConfUtils.java:logGet(46)) - raft.server.log.purge.upto.snapshot.index = false (default)
2023-12-05 10:05:24,141 [7494988f-ebd7-47bd-844d-a639117e12d7@group-96042CA7FA01-FollowerState] INFO  server.RaftServerConfigKeys (ConfUtils.java:logFallback(53)) - raft.server.rpc.first-election.timeout.min = 5s (fallback to raft.server.rpc.timeout.min)
2023-12-05 10:05:24,141 [7494988f-ebd7-47bd-844d-a639117e12d7@group-96042CA7FA01-FollowerState] INFO  server.RaftServerConfigKeys (ConfUtils.java:logFallback(53)) - raft.server.rpc.first-election.timeout.max = 5200ms (fallback to raft.server.rpc.timeout.max)
2023-12-05 10:05:24,144 [7494988f-ebd7-47bd-844d-a639117e12d7-PipelineCommandHandlerThread-0] INFO  ratis.XceiverServerRatis (XceiverServerRatis.java:addGroup(837)) - Created group PipelineID=8ece25f8-0f8f-4f2a-b915-96042ca7fa01
2023-12-05 10:05:24,144 [7494988f-ebd7-47bd-844d-a639117e12d7-PipelineCommandHandlerThread-0] INFO  commandhandler.CreatePipelineCommandHandler (CreatePipelineCommandHandler.java:lambda$handle$2(124)) - Created Pipeline RATIS ONE PipelineID=8ece25f8-0f8f-4f2a-b915-96042ca7fa01.
2023-12-05 10:05:24,144 [7494988f-ebd7-47bd-844d-a639117e12d7-PipelineCommandHandlerThread-0] INFO  server.RaftServer (RaftServerProxy.java:addNew(100)) - 7494988f-ebd7-47bd-844d-a639117e12d7: addNew group-0ED44AA663CF:[7494988f-ebd7-47bd-844d-a639117e12d7|10.1.0.7:15119, d731cfa9-bd59-499f-bb7f-50a20b0e2d64|10.1.0.7:15137, 871674c1-9b24-4b63-86c9-e7fd58f2c8d8|10.1.0.7:15128] returns group-0ED44AA663CF:java.util.concurrent.CompletableFuture@7378e96e[Not completed]
2023-12-05 10:05:24,145 [7494988f-ebd7-47bd-844d-a639117e12d7-groupManagement] INFO  server.RaftServer$Division (RaftServerImpl.java:<init>(256)) - 7494988f-ebd7-47bd-844d-a639117e12d7: new RaftServerImpl for group-0ED44AA663CF:[7494988f-ebd7-47bd-844d-a639117e12d7|10.1.0.7:15119, d731cfa9-bd59-499f-bb7f-50a20b0e2d64|10.1.0.7:15137, 871674c1-9b24-4b63-86c9-e7fd58f2c8d8|10.1.0.7:15128] with ContainerStateMachine:uninitialized
2023-12-05 10:05:24,145 [7494988f-ebd7-47bd-844d-a639117e12d7-groupManagement] INFO  server.RaftServerConfigKeys (ConfUtils.java:logGet(46)) - raft.server.rpc.timeout.min = 5s (custom)
2023-12-05 10:05:24,146 [7494988f-ebd7-47bd-844d-a639117e12d7-groupManagement] INFO  server.RaftServerConfigKeys (ConfUtils.java:logGet(46)) - raft.server.rpc.timeout.max = 5200ms (custom)
2023-12-05 10:05:24,146 [7494988f-ebd7-47bd-844d-a639117e12d7-groupManagement] INFO  server.RaftServerConfigKeys (ConfUtils.java:logGet(46)) - raft.server.rpc.sleep.time = 25ms (default)
2023-12-05 10:05:24,146 [7494988f-ebd7-47bd-844d-a639117e12d7-groupManagement] INFO  server.RaftServerConfigKeys (ConfUtils.java:logGet(46)) - raft.server.rpc.slowness.timeout = 300s (custom)
2023-12-05 10:05:24,146 [7494988f-ebd7-47bd-844d-a639117e12d7-groupManagement] INFO  server.RaftServerConfigKeys (ConfUtils.java:logGet(46)) - raft.server.leaderelection.leader.step-down.wait-time = 10s (default)
2023-12-05 10:05:24,146 [7494988f-ebd7-47bd-844d-a639117e12d7-groupManagement] INFO  server.RaftServerConfigKeys (ConfUtils.java:logGet(46)) - raft.server.leaderelection.member.majority-add = false (default)
2023-12-05 10:05:24,146 [7494988f-ebd7-47bd-844d-a639117e12d7-groupManagement] INFO  server.RaftServerConfigKeys (ConfUtils.java:logGet(46)) - raft.server.sleep.deviation.threshold = 300ms (default)
2023-12-05 10:05:24,146 [7494988f-ebd7-47bd-844d-a639117e12d7-groupManagement] INFO  server.RaftServer$Division (ServerState.java:<init>(113)) - 7494988f-ebd7-47bd-844d-a639117e12d7@group-0ED44AA663CF: ConfigurationManager, init=-1: peers:[7494988f-ebd7-47bd-844d-a639117e12d7|10.1.0.7:15119, d731cfa9-bd59-499f-bb7f-50a20b0e2d64|10.1.0.7:15137, 871674c1-9b24-4b63-86c9-e7fd58f2c8d8|10.1.0.7:15128]|listeners:[], old=null, confs=<EMPTY_MAP>
2023-12-05 10:05:24,146 [7494988f-ebd7-47bd-844d-a639117e12d7-groupManagement] INFO  server.RaftServerConfigKeys (ConfUtils.java:logGet(46)) - raft.server.notification.no-leader.timeout = 300s (custom)
2023-12-05 10:05:24,146 [7494988f-ebd7-47bd-844d-a639117e12d7-groupManagement] INFO  server.RaftServerConfigKeys (ConfUtils.java:logGet(46)) - raft.server.read.timeout = 10s (default)
2023-12-05 10:05:24,146 [7494988f-ebd7-47bd-844d-a639117e12d7-groupManagement] INFO  server.RaftServerConfigKeys (ConfUtils.java:logGet(46)) - raft.server.retrycache.expirytime = 600000ms (custom)
2023-12-05 10:05:24,146 [7494988f-ebd7-47bd-844d-a639117e12d7-groupManagement] INFO  server.RaftServerConfigKeys (ConfUtils.java:logGet(46)) - raft.server.retrycache.statistics.expirytime = 100ms (default)
2023-12-05 10:05:24,146 [7494988f-ebd7-47bd-844d-a639117e12d7-groupManagement] INFO  server.RaftServerConfigKeys (ConfUtils.java:logGet(46)) - raft.server.read.option = DEFAULT (default)
2023-12-05 10:05:24,146 [7494988f-ebd7-47bd-844d-a639117e12d7-groupManagement] INFO  server.RaftServerConfigKeys (ConfUtils.java:logGet(46)) - raft.server.read.read-after-write-consistent.write-index-cache.expiry-time = 60s (default)
2023-12-05 10:05:24,148 [7494988f-ebd7-47bd-844d-a639117e12d7-groupManagement] INFO  server.RaftServerConfigKeys (ConfUtils.java:logGet(46)) - raft.server.rpc.request.timeout = 60s (custom)
2023-12-05 10:05:24,148 [7494988f-ebd7-47bd-844d-a639117e12d7-groupManagement] INFO  server.RaftServerConfigKeys (ConfUtils.java:logGet(46)) - raft.server.log.appender.install.snapshot.enabled = false (custom)
2023-12-05 10:05:24,148 [7494988f-ebd7-47bd-844d-a639117e12d7-groupManagement] INFO  server.RaftServerConfigKeys (ConfUtils.java:logGet(46)) - raft.server.threadpool.server.cached = true (default)
2023-12-05 10:05:24,148 [7494988f-ebd7-47bd-844d-a639117e12d7-groupManagement] INFO  server.RaftServerConfigKeys (ConfUtils.java:logGet(46)) - raft.server.threadpool.server.size = 0 (default)
2023-12-05 10:05:24,148 [7494988f-ebd7-47bd-844d-a639117e12d7-groupManagement] INFO  server.RaftServerConfigKeys (ConfUtils.java:logGet(46)) - raft.server.threadpool.client.cached = true (default)
2023-12-05 10:05:24,148 [7494988f-ebd7-47bd-844d-a639117e12d7-groupManagement] INFO  server.RaftServerConfigKeys (ConfUtils.java:logGet(46)) - raft.server.threadpool.client.size = 0 (default)
2023-12-05 10:05:24,148 [7494988f-ebd7-47bd-844d-a639117e12d7-groupManagement] INFO  server.RaftServerConfigKeys (ConfUtils.java:logGet(46)) - raft.server.storage.free-space.min = 0MB (=0) (default)
2023-12-05 10:05:24,148 [7494988f-ebd7-47bd-844d-a639117e12d7-groupManagement] INFO  server.RaftServerConfigKeys (ConfUtils.java:logGet(46)) - raft.server.log.corruption.policy = EXCEPTION (default)
2023-12-05 10:05:24,149 [7494988f-ebd7-47bd-844d-a639117e12d7-groupManagement] INFO  server.RaftServerConfigKeys (ConfUtils.java:logGet(46)) - raft.server.storage.dir = [/home/runner/work/ozone/ozone/hadoop-ozone/integration-test/target/test-dir/MiniOzoneClusterImpl-782bf028-a903-465f-9351-69beed6026d9/datanode-0/data/ratis] (custom)
2023-12-05 10:05:24,149 [7494988f-ebd7-47bd-844d-a639117e12d7-groupManagement] INFO  storage.RaftStorageDirectory (RaftStorageDirectoryImpl.java:analyzeStorage(138)) - The storage directory /home/runner/work/ozone/ozone/hadoop-ozone/integration-test/target/test-dir/MiniOzoneClusterImpl-782bf028-a903-465f-9351-69beed6026d9/datanode-0/data/ratis/510e2edb-154a-4334-8890-0ed44aa663cf does not exist. Creating ...
2023-12-05 10:05:24,150 [7494988f-ebd7-47bd-844d-a639117e12d7-groupManagement] INFO  storage.RaftStorageDirectory (RaftStorageDirectoryImpl.java:tryLock(232)) - Lock on /home/runner/work/ozone/ozone/hadoop-ozone/integration-test/target/test-dir/MiniOzoneClusterImpl-782bf028-a903-465f-9351-69beed6026d9/datanode-0/data/ratis/510e2edb-154a-4334-8890-0ed44aa663cf/in_use.lock acquired by nodename 4813@fv-az884-53
2023-12-05 10:05:24,151 [7494988f-ebd7-47bd-844d-a639117e12d7-groupManagement] INFO  storage.RaftStorage (RaftStorageImpl.java:format(97)) - Storage directory /home/runner/work/ozone/ozone/hadoop-ozone/integration-test/target/test-dir/MiniOzoneClusterImpl-782bf028-a903-465f-9351-69beed6026d9/datanode-0/data/ratis/510e2edb-154a-4334-8890-0ed44aa663cf has been successfully formatted.
2023-12-05 10:05:24,151 [7494988f-ebd7-47bd-844d-a639117e12d7-groupManagement] INFO  ratis.ContainerStateMachine (ContainerStateMachine.java:loadSnapshot(269)) - group-0ED44AA663CF: The snapshot info is null. Setting the last applied indexto:(t:0, i:~)
2023-12-05 10:05:24,152 [7494988f-ebd7-47bd-844d-a639117e12d7-groupManagement] INFO  server.RaftServerConfigKeys (ConfUtils.java:logGet(46)) - raft.server.log.use.memory = false (default)
2023-12-05 10:05:24,152 [7494988f-ebd7-47bd-844d-a639117e12d7-groupManagement] INFO  server.RaftServerConfigKeys (ConfUtils.java:logGet(46)) - raft.server.log.purge.gap = 1000000 (custom)
2023-12-05 10:05:24,152 [7494988f-ebd7-47bd-844d-a639117e12d7-groupManagement] INFO  server.RaftServerConfigKeys (ConfUtils.java:logGet(46)) - raft.server.log.appender.buffer.byte-limit = 8388608 (custom)
2023-12-05 10:05:24,152 [7494988f-ebd7-47bd-844d-a639117e12d7-groupManagement] INFO  server.RaftServerConfigKeys (ConfUtils.java:logGet(46)) - raft.server.log.statemachine.data.read.timeout = 1000ms (default)
2023-12-05 10:05:24,152 [7494988f-ebd7-47bd-844d-a639117e12d7-groupManagement] INFO  server.RaftServerConfigKeys (ConfUtils.java:logGet(46)) - raft.server.log.purge.preservation.log.num = 0 (default)
2023-12-05 10:05:24,153 [7494988f-ebd7-47bd-844d-a639117e12d7-groupManagement] INFO  server.RaftServerConfigKeys (ConfUtils.java:logGet(46)) - raft.server.log.segment.size.max = 67108864 (custom)
2023-12-05 10:05:24,153 [7494988f-ebd7-47bd-844d-a639117e12d7-groupManagement] INFO  server.RaftServerConfigKeys (ConfUtils.java:logGet(46)) - raft.server.log.segment.cache.num.max = 2 (custom)
2023-12-05 10:05:24,153 [7494988f-ebd7-47bd-844d-a639117e12d7-groupManagement] INFO  server.RaftServerConfigKeys (ConfUtils.java:logGet(46)) - raft.server.log.segment.cache.size.max = 200MB (=209715200) (default)
2023-12-05 10:05:24,153 [7494988f-ebd7-47bd-844d-a639117e12d7-groupManagement] INFO  server.RaftServerConfigKeys (ConfUtils.java:logGet(46)) - raft.server.log.appender.buffer.byte-limit = 8388608 (custom)
2023-12-05 10:05:24,156 [7494988f-ebd7-47bd-844d-a639117e12d7-groupManagement] INFO  util.AwaitToRun (AwaitToRun.java:start(81)) - Thread[7494988f-ebd7-47bd-844d-a639117e12d7@group-0ED44AA663CF-cacheEviction-AwaitToRun,5,main] started
2023-12-05 10:05:24,156 [7494988f-ebd7-47bd-844d-a639117e12d7-groupManagement] INFO  segmented.SegmentedRaftLogWorker (SegmentedRaftLogWorker.java:<init>(184)) - new 7494988f-ebd7-47bd-844d-a639117e12d7@group-0ED44AA663CF-SegmentedRaftLogWorker for RaftStorageImpl:Storage Directory /home/runner/work/ozone/ozone/hadoop-ozone/integration-test/target/test-dir/MiniOzoneClusterImpl-782bf028-a903-465f-9351-69beed6026d9/datanode-0/data/ratis/510e2edb-154a-4334-8890-0ed44aa663cf
2023-12-05 10:05:24,156 [7494988f-ebd7-47bd-844d-a639117e12d7-groupManagement] INFO  server.RaftServerConfigKeys (ConfUtils.java:logGet(46)) - raft.server.log.queue.byte-limit = 4294967296 (custom)
2023-12-05 10:05:24,156 [7494988f-ebd7-47bd-844d-a639117e12d7-groupManagement] INFO  server.RaftServerConfigKeys (ConfUtils.java:logGet(46)) - raft.server.log.queue.element-limit = 1024 (custom)
2023-12-05 10:05:24,156 [7494988f-ebd7-47bd-844d-a639117e12d7-groupManagement] INFO  server.RaftServerConfigKeys (ConfUtils.java:logGet(46)) - raft.server.log.segment.size.max = 67108864 (custom)
2023-12-05 10:05:24,156 [7494988f-ebd7-47bd-844d-a639117e12d7-groupManagement] INFO  server.RaftServerConfigKeys (ConfUtils.java:logGet(46)) - raft.server.log.preallocated.size = 4194304 (custom)
2023-12-05 10:05:24,156 [7494988f-ebd7-47bd-844d-a639117e12d7-groupManagement] INFO  server.RaftServerConfigKeys (ConfUtils.java:logGet(46)) - raft.server.log.force.sync.num = 128 (default)
2023-12-05 10:05:24,156 [7494988f-ebd7-47bd-844d-a639117e12d7-groupManagement] INFO  server.RaftServerConfigKeys (ConfUtils.java:logGet(46)) - raft.server.log.statemachine.data.sync = true (default)
2023-12-05 10:05:24,156 [7494988f-ebd7-47bd-844d-a639117e12d7-groupManagement] INFO  server.RaftServerConfigKeys (ConfUtils.java:logGet(46)) - raft.server.log.statemachine.data.sync.timeout = 10s (default)
2023-12-05 10:05:24,156 [7494988f-ebd7-47bd-844d-a639117e12d7-groupManagement] INFO  server.RaftServerConfigKeys (ConfUtils.java:logGet(46)) - raft.server.log.statemachine.data.sync.timeout.retry = 0 (custom)
2023-12-05 10:05:24,157 [7494988f-ebd7-47bd-844d-a639117e12d7-groupManagement] INFO  server.RaftServerConfigKeys (ConfUtils.java:logGet(46)) - raft.server.log.write.buffer.size = 8388616 (custom)
2023-12-05 10:05:24,158 [EventQueue-OpenPipelineForHealthyPipelineSafeModeRule] INFO  safemode.SCMSafeModeManager (HealthyPipelineSafeModeRule.java:process(137)) - SCM in safe mode. Healthy pipelines reported count is 0, required healthy pipeline reported count is 1
2023-12-05 10:05:24,159 [7494988f-ebd7-47bd-844d-a639117e12d7-groupManagement] INFO  server.RaftServerConfigKeys (ConfUtils.java:logGet(46)) - raft.server.log.appender.buffer.byte-limit = 8388608 (custom)
2023-12-05 10:05:24,159 [7494988f-ebd7-47bd-844d-a639117e12d7-groupManagement] INFO  server.RaftServerConfigKeys (ConfUtils.java:logGet(46)) - raft.server.log.unsafe-flush.enabled = false (default)
2023-12-05 10:05:24,159 [7494988f-ebd7-47bd-844d-a639117e12d7-groupManagement] INFO  server.RaftServerConfigKeys (ConfUtils.java:logGet(46)) - raft.server.log.async-flush.enabled = false (default)
2023-12-05 10:05:24,159 [7494988f-ebd7-47bd-844d-a639117e12d7-groupManagement] INFO  server.RaftServerConfigKeys (ConfUtils.java:logGet(46)) - raft.server.log.statemachine.data.caching.enabled = true (custom)
2023-12-05 10:05:24,159 [7494988f-ebd7-47bd-844d-a639117e12d7-groupManagement] INFO  segmented.SegmentedRaftLogWorker (SegmentedRaftLogWorker.java:lambda$new$0(135)) - 7494988f-ebd7-47bd-844d-a639117e12d7@group-0ED44AA663CF-SegmentedRaftLogWorker: flushIndex: setUnconditionally 0 -> -1
2023-12-05 10:05:24,159 [7494988f-ebd7-47bd-844d-a639117e12d7-groupManagement] INFO  segmented.SegmentedRaftLogWorker (SegmentedRaftLogWorker.java:lambda$new$0(135)) - 7494988f-ebd7-47bd-844d-a639117e12d7@group-0ED44AA663CF-SegmentedRaftLogWorker: safeCacheEvictIndex: setUnconditionally 0 -> -1
2023-12-05 10:05:24,163 [7494988f-ebd7-47bd-844d-a639117e12d7-groupManagement] INFO  server.RaftServer$Division (RaftServerImpl.java:start(392)) - 7494988f-ebd7-47bd-844d-a639117e12d7@group-0ED44AA663CF: start as a follower, conf=-1: peers:[7494988f-ebd7-47bd-844d-a639117e12d7|10.1.0.7:15119, d731cfa9-bd59-499f-bb7f-50a20b0e2d64|10.1.0.7:15137, 871674c1-9b24-4b63-86c9-e7fd58f2c8d8|10.1.0.7:15128]|listeners:[], old=null
2023-12-05 10:05:24,163 [7494988f-ebd7-47bd-844d-a639117e12d7-groupManagement] INFO  server.RaftServer$Division (RaftServerImpl.java:setRole(379)) - 7494988f-ebd7-47bd-844d-a639117e12d7@group-0ED44AA663CF: changes role from      null to FOLLOWER at term 0 for startAsFollower
2023-12-05 10:05:24,163 [7494988f-ebd7-47bd-844d-a639117e12d7-groupManagement] INFO  impl.RoleInfo (RoleInfo.java:updateAndGet(139)) - 7494988f-ebd7-47bd-844d-a639117e12d7: start 7494988f-ebd7-47bd-844d-a639117e12d7@group-0ED44AA663CF-FollowerState
2023-12-05 10:05:24,164 [7494988f-ebd7-47bd-844d-a639117e12d7-groupManagement] INFO  util.JmxRegister (JmxRegister.java:tryRegister(44)) - Successfully registered JMX Bean with object name Ratis:service=RaftServer,group=group-0ED44AA663CF,id=7494988f-ebd7-47bd-844d-a639117e12d7
2023-12-05 10:05:24,164 [7494988f-ebd7-47bd-844d-a639117e12d7-groupManagement] INFO  server.RaftServerConfigKeys (ConfUtils.java:logGet(46)) - raft.server.snapshot.trigger-when-stop.enabled = true (default)
2023-12-05 10:05:24,164 [7494988f-ebd7-47bd-844d-a639117e12d7-groupManagement] INFO  server.RaftServerConfigKeys (ConfUtils.java:logGet(46)) - raft.server.snapshot.auto.trigger.enabled = true (custom)
2023-12-05 10:05:24,164 [7494988f-ebd7-47bd-844d-a639117e12d7-groupManagement] INFO  server.RaftServerConfigKeys (ConfUtils.java:logGet(46)) - raft.server.snapshot.auto.trigger.threshold = 10000 (custom)
2023-12-05 10:05:24,164 [7494988f-ebd7-47bd-844d-a639117e12d7-groupManagement] INFO  server.RaftServerConfigKeys (ConfUtils.java:logGet(46)) - raft.server.snapshot.retention.file.num = 5 (custom)
2023-12-05 10:05:24,164 [7494988f-ebd7-47bd-844d-a639117e12d7-groupManagement] INFO  server.RaftServerConfigKeys (ConfUtils.java:logGet(46)) - raft.server.log.purge.upto.snapshot.index = false (default)
2023-12-05 10:05:24,165 [7494988f-ebd7-47bd-844d-a639117e12d7@group-0ED44AA663CF-FollowerState] INFO  server.RaftServerConfigKeys (ConfUtils.java:logFallback(53)) - raft.server.rpc.first-election.timeout.min = 5s (fallback to raft.server.rpc.timeout.min)
2023-12-05 10:05:24,165 [7494988f-ebd7-47bd-844d-a639117e12d7@group-0ED44AA663CF-FollowerState] INFO  server.RaftServerConfigKeys (ConfUtils.java:logFallback(53)) - raft.server.rpc.first-election.timeout.max = 5200ms (fallback to raft.server.rpc.timeout.max)
2023-12-05 10:05:24,165 [7494988f-ebd7-47bd-844d-a639117e12d7-PipelineCommandHandlerThread-0] INFO  ratis.XceiverServerRatis (XceiverServerRatis.java:addGroup(837)) - Created group PipelineID=510e2edb-154a-4334-8890-0ed44aa663cf
2023-12-05 10:05:24,192 [grpc-default-executor-0] INFO  server.RaftServer (RaftServerProxy.java:addNew(100)) - 871674c1-9b24-4b63-86c9-e7fd58f2c8d8: addNew group-0ED44AA663CF:[7494988f-ebd7-47bd-844d-a639117e12d7|10.1.0.7:15119, d731cfa9-bd59-499f-bb7f-50a20b0e2d64|10.1.0.7:15137, 871674c1-9b24-4b63-86c9-e7fd58f2c8d8|10.1.0.7:15128] returns group-0ED44AA663CF:java.util.concurrent.CompletableFuture@67ee7c22[Not completed]
2023-12-05 10:05:24,197 [871674c1-9b24-4b63-86c9-e7fd58f2c8d8-groupManagement] INFO  server.RaftServer$Division (RaftServerImpl.java:<init>(256)) - 871674c1-9b24-4b63-86c9-e7fd58f2c8d8: new RaftServerImpl for group-0ED44AA663CF:[7494988f-ebd7-47bd-844d-a639117e12d7|10.1.0.7:15119, d731cfa9-bd59-499f-bb7f-50a20b0e2d64|10.1.0.7:15137, 871674c1-9b24-4b63-86c9-e7fd58f2c8d8|10.1.0.7:15128] with ContainerStateMachine:uninitialized
2023-12-05 10:05:24,197 [871674c1-9b24-4b63-86c9-e7fd58f2c8d8-groupManagement] INFO  server.RaftServerConfigKeys (ConfUtils.java:logGet(46)) - raft.server.rpc.timeout.min = 5s (custom)
2023-12-05 10:05:24,197 [871674c1-9b24-4b63-86c9-e7fd58f2c8d8-groupManagement] INFO  server.RaftServerConfigKeys (ConfUtils.java:logGet(46)) - raft.server.rpc.timeout.max = 5200ms (custom)
2023-12-05 10:05:24,197 [871674c1-9b24-4b63-86c9-e7fd58f2c8d8-groupManagement] INFO  server.RaftServerConfigKeys (ConfUtils.java:logGet(46)) - raft.server.rpc.sleep.time = 25ms (default)
2023-12-05 10:05:24,197 [871674c1-9b24-4b63-86c9-e7fd58f2c8d8-groupManagement] INFO  server.RaftServerConfigKeys (ConfUtils.java:logGet(46)) - raft.server.rpc.slowness.timeout = 300s (custom)
2023-12-05 10:05:24,197 [871674c1-9b24-4b63-86c9-e7fd58f2c8d8-groupManagement] INFO  server.RaftServerConfigKeys (ConfUtils.java:logGet(46)) - raft.server.leaderelection.leader.step-down.wait-time = 10s (default)
2023-12-05 10:05:24,197 [871674c1-9b24-4b63-86c9-e7fd58f2c8d8-groupManagement] INFO  server.RaftServerConfigKeys (ConfUtils.java:logGet(46)) - raft.server.leaderelection.member.majority-add = false (default)
2023-12-05 10:05:24,197 [871674c1-9b24-4b63-86c9-e7fd58f2c8d8-groupManagement] INFO  server.RaftServerConfigKeys (ConfUtils.java:logGet(46)) - raft.server.sleep.deviation.threshold = 300ms (default)
2023-12-05 10:05:24,197 [871674c1-9b24-4b63-86c9-e7fd58f2c8d8-groupManagement] INFO  server.RaftServer$Division (ServerState.java:<init>(113)) - 871674c1-9b24-4b63-86c9-e7fd58f2c8d8@group-0ED44AA663CF: ConfigurationManager, init=-1: peers:[7494988f-ebd7-47bd-844d-a639117e12d7|10.1.0.7:15119, d731cfa9-bd59-499f-bb7f-50a20b0e2d64|10.1.0.7:15137, 871674c1-9b24-4b63-86c9-e7fd58f2c8d8|10.1.0.7:15128]|listeners:[], old=null, confs=<EMPTY_MAP>
2023-12-05 10:05:24,197 [871674c1-9b24-4b63-86c9-e7fd58f2c8d8-groupManagement] INFO  server.RaftServerConfigKeys (ConfUtils.java:logGet(46)) - raft.server.notification.no-leader.timeout = 300s (custom)
2023-12-05 10:05:24,197 [871674c1-9b24-4b63-86c9-e7fd58f2c8d8-groupManagement] INFO  server.RaftServerConfigKeys (ConfUtils.java:logGet(46)) - raft.server.read.timeout = 10s (default)
2023-12-05 10:05:24,197 [871674c1-9b24-4b63-86c9-e7fd58f2c8d8-groupManagement] INFO  server.RaftServerConfigKeys (ConfUtils.java:logGet(46)) - raft.server.retrycache.expirytime = 600000ms (custom)
2023-12-05 10:05:24,197 [871674c1-9b24-4b63-86c9-e7fd58f2c8d8-groupManagement] INFO  server.RaftServerConfigKeys (ConfUtils.java:logGet(46)) - raft.server.retrycache.statistics.expirytime = 100ms (default)
2023-12-05 10:05:24,197 [871674c1-9b24-4b63-86c9-e7fd58f2c8d8-groupManagement] INFO  server.RaftServerConfigKeys (ConfUtils.java:logGet(46)) - raft.server.read.option = DEFAULT (default)
2023-12-05 10:05:24,198 [871674c1-9b24-4b63-86c9-e7fd58f2c8d8-groupManagement] INFO  server.RaftServerConfigKeys (ConfUtils.java:logGet(46)) - raft.server.read.read-after-write-consistent.write-index-cache.expiry-time = 60s (default)
2023-12-05 10:05:24,199 [871674c1-9b24-4b63-86c9-e7fd58f2c8d8-groupManagement] INFO  server.RaftServerConfigKeys (ConfUtils.java:logGet(46)) - raft.server.rpc.request.timeout = 60s (custom)
2023-12-05 10:05:24,199 [871674c1-9b24-4b63-86c9-e7fd58f2c8d8-groupManagement] INFO  server.RaftServerConfigKeys (ConfUtils.java:logGet(46)) - raft.server.log.appender.install.snapshot.enabled = false (custom)
2023-12-05 10:05:24,199 [871674c1-9b24-4b63-86c9-e7fd58f2c8d8-groupManagement] INFO  server.RaftServerConfigKeys (ConfUtils.java:logGet(46)) - raft.server.threadpool.server.cached = true (default)
2023-12-05 10:05:24,199 [871674c1-9b24-4b63-86c9-e7fd58f2c8d8-groupManagement] INFO  server.RaftServerConfigKeys (ConfUtils.java:logGet(46)) - raft.server.threadpool.server.size = 0 (default)
2023-12-05 10:05:24,199 [871674c1-9b24-4b63-86c9-e7fd58f2c8d8-groupManagement] INFO  server.RaftServerConfigKeys (ConfUtils.java:logGet(46)) - raft.server.threadpool.client.cached = true (default)
2023-12-05 10:05:24,199 [871674c1-9b24-4b63-86c9-e7fd58f2c8d8-groupManagement] INFO  server.RaftServerConfigKeys (ConfUtils.java:logGet(46)) - raft.server.threadpool.client.size = 0 (default)
2023-12-05 10:05:24,199 [871674c1-9b24-4b63-86c9-e7fd58f2c8d8-groupManagement] INFO  server.RaftServerConfigKeys (ConfUtils.java:logGet(46)) - raft.server.storage.free-space.min = 0MB (=0) (default)
2023-12-05 10:05:24,199 [871674c1-9b24-4b63-86c9-e7fd58f2c8d8-groupManagement] INFO  server.RaftServerConfigKeys (ConfUtils.java:logGet(46)) - raft.server.log.corruption.policy = EXCEPTION (default)
2023-12-05 10:05:24,199 [871674c1-9b24-4b63-86c9-e7fd58f2c8d8-groupManagement] INFO  server.RaftServerConfigKeys (ConfUtils.java:logGet(46)) - raft.server.storage.dir = [/home/runner/work/ozone/ozone/hadoop-ozone/integration-test/target/test-dir/MiniOzoneClusterImpl-782bf028-a903-465f-9351-69beed6026d9/datanode-1/data/ratis] (custom)
2023-12-05 10:05:24,199 [871674c1-9b24-4b63-86c9-e7fd58f2c8d8-groupManagement] INFO  storage.RaftStorageDirectory (RaftStorageDirectoryImpl.java:analyzeStorage(138)) - The storage directory /home/runner/work/ozone/ozone/hadoop-ozone/integration-test/target/test-dir/MiniOzoneClusterImpl-782bf028-a903-465f-9351-69beed6026d9/datanode-1/data/ratis/510e2edb-154a-4334-8890-0ed44aa663cf does not exist. Creating ...
2023-12-05 10:05:24,203 [871674c1-9b24-4b63-86c9-e7fd58f2c8d8-groupManagement] INFO  storage.RaftStorageDirectory (RaftStorageDirectoryImpl.java:tryLock(232)) - Lock on /home/runner/work/ozone/ozone/hadoop-ozone/integration-test/target/test-dir/MiniOzoneClusterImpl-782bf028-a903-465f-9351-69beed6026d9/datanode-1/data/ratis/510e2edb-154a-4334-8890-0ed44aa663cf/in_use.lock acquired by nodename 4813@fv-az884-53
2023-12-05 10:05:24,204 [871674c1-9b24-4b63-86c9-e7fd58f2c8d8-groupManagement] INFO  storage.RaftStorage (RaftStorageImpl.java:format(97)) - Storage directory /home/runner/work/ozone/ozone/hadoop-ozone/integration-test/target/test-dir/MiniOzoneClusterImpl-782bf028-a903-465f-9351-69beed6026d9/datanode-1/data/ratis/510e2edb-154a-4334-8890-0ed44aa663cf has been successfully formatted.
2023-12-05 10:05:24,210 [871674c1-9b24-4b63-86c9-e7fd58f2c8d8-PipelineCommandHandlerThread-0] INFO  server.RaftServer (RaftServerProxy.java:addNew(100)) - 871674c1-9b24-4b63-86c9-e7fd58f2c8d8: addNew group-30EE4ABB169F:[871674c1-9b24-4b63-86c9-e7fd58f2c8d8|10.1.0.7:15128] returns group-30EE4ABB169F:java.util.concurrent.CompletableFuture@7b74dac2[Not completed]
2023-12-05 10:05:24,210 [871674c1-9b24-4b63-86c9-e7fd58f2c8d8-groupManagement] INFO  ratis.ContainerStateMachine (ContainerStateMachine.java:loadSnapshot(269)) - group-0ED44AA663CF: The snapshot info is null. Setting the last applied indexto:(t:0, i:~)
2023-12-05 10:05:24,212 [871674c1-9b24-4b63-86c9-e7fd58f2c8d8-groupManagement] INFO  server.RaftServerConfigKeys (ConfUtils.java:logGet(46)) - raft.server.log.use.memory = false (default)
2023-12-05 10:05:24,212 [871674c1-9b24-4b63-86c9-e7fd58f2c8d8-groupManagement] INFO  server.RaftServerConfigKeys (ConfUtils.java:logGet(46)) - raft.server.log.purge.gap = 1000000 (custom)
2023-12-05 10:05:24,213 [871674c1-9b24-4b63-86c9-e7fd58f2c8d8-groupManagement] INFO  server.RaftServerConfigKeys (ConfUtils.java:logGet(46)) - raft.server.log.appender.buffer.byte-limit = 8388608 (custom)
2023-12-05 10:05:24,213 [871674c1-9b24-4b63-86c9-e7fd58f2c8d8-groupManagement] INFO  server.RaftServerConfigKeys (ConfUtils.java:logGet(46)) - raft.server.log.statemachine.data.read.timeout = 1000ms (default)
2023-12-05 10:05:24,213 [871674c1-9b24-4b63-86c9-e7fd58f2c8d8-groupManagement] INFO  server.RaftServerConfigKeys (ConfUtils.java:logGet(46)) - raft.server.log.purge.preservation.log.num = 0 (default)
2023-12-05 10:05:24,214 [871674c1-9b24-4b63-86c9-e7fd58f2c8d8-groupManagement] INFO  server.RaftServerConfigKeys (ConfUtils.java:logGet(46)) - raft.server.log.segment.size.max = 67108864 (custom)
2023-12-05 10:05:24,214 [871674c1-9b24-4b63-86c9-e7fd58f2c8d8-groupManagement] INFO  server.RaftServerConfigKeys (ConfUtils.java:logGet(46)) - raft.server.log.segment.cache.num.max = 2 (custom)
2023-12-05 10:05:24,214 [871674c1-9b24-4b63-86c9-e7fd58f2c8d8-groupManagement] INFO  server.RaftServerConfigKeys (ConfUtils.java:logGet(46)) - raft.server.log.segment.cache.size.max = 200MB (=209715200) (default)
2023-12-05 10:05:24,215 [871674c1-9b24-4b63-86c9-e7fd58f2c8d8-groupManagement] INFO  server.RaftServerConfigKeys (ConfUtils.java:logGet(46)) - raft.server.log.appender.buffer.byte-limit = 8388608 (custom)
2023-12-05 10:05:24,215 [871674c1-9b24-4b63-86c9-e7fd58f2c8d8-groupManagement] INFO  util.AwaitToRun (AwaitToRun.java:start(81)) - Thread[871674c1-9b24-4b63-86c9-e7fd58f2c8d8@group-0ED44AA663CF-cacheEviction-AwaitToRun,5,main] started
2023-12-05 10:05:24,215 [871674c1-9b24-4b63-86c9-e7fd58f2c8d8-groupManagement] INFO  segmented.SegmentedRaftLogWorker (SegmentedRaftLogWorker.java:<init>(184)) - new 871674c1-9b24-4b63-86c9-e7fd58f2c8d8@group-0ED44AA663CF-SegmentedRaftLogWorker for RaftStorageImpl:Storage Directory /home/runner/work/ozone/ozone/hadoop-ozone/integration-test/target/test-dir/MiniOzoneClusterImpl-782bf028-a903-465f-9351-69beed6026d9/datanode-1/data/ratis/510e2edb-154a-4334-8890-0ed44aa663cf
2023-12-05 10:05:24,215 [871674c1-9b24-4b63-86c9-e7fd58f2c8d8-groupManagement] INFO  server.RaftServerConfigKeys (ConfUtils.java:logGet(46)) - raft.server.log.queue.byte-limit = 4294967296 (custom)
2023-12-05 10:05:24,216 [871674c1-9b24-4b63-86c9-e7fd58f2c8d8-groupManagement] INFO  server.RaftServerConfigKeys (ConfUtils.java:logGet(46)) - raft.server.log.queue.element-limit = 1024 (custom)
2023-12-05 10:05:24,216 [871674c1-9b24-4b63-86c9-e7fd58f2c8d8-groupManagement] INFO  server.RaftServerConfigKeys (ConfUtils.java:logGet(46)) - raft.server.log.segment.size.max = 67108864 (custom)
2023-12-05 10:05:24,216 [871674c1-9b24-4b63-86c9-e7fd58f2c8d8-groupManagement] INFO  server.RaftServerConfigKeys (ConfUtils.java:logGet(46)) - raft.server.log.preallocated.size = 4194304 (custom)
2023-12-05 10:05:24,216 [871674c1-9b24-4b63-86c9-e7fd58f2c8d8-groupManagement] INFO  server.RaftServerConfigKeys (ConfUtils.java:logGet(46)) - raft.server.log.force.sync.num = 128 (default)
2023-12-05 10:05:24,216 [871674c1-9b24-4b63-86c9-e7fd58f2c8d8-groupManagement] INFO  server.RaftServerConfigKeys (ConfUtils.java:logGet(46)) - raft.server.log.statemachine.data.sync = true (default)
2023-12-05 10:05:24,216 [871674c1-9b24-4b63-86c9-e7fd58f2c8d8-groupManagement] INFO  server.RaftServerConfigKeys (ConfUtils.java:logGet(46)) - raft.server.log.statemachine.data.sync.timeout = 10s (default)
2023-12-05 10:05:24,216 [871674c1-9b24-4b63-86c9-e7fd58f2c8d8-groupManagement] INFO  server.RaftServerConfigKeys (ConfUtils.java:logGet(46)) - raft.server.log.statemachine.data.sync.timeout.retry = 0 (custom)
2023-12-05 10:05:24,216 [871674c1-9b24-4b63-86c9-e7fd58f2c8d8-groupManagement] INFO  server.RaftServerConfigKeys (ConfUtils.java:logGet(46)) - raft.server.log.write.buffer.size = 8388616 (custom)
2023-12-05 10:05:24,218 [871674c1-9b24-4b63-86c9-e7fd58f2c8d8-groupManagement] INFO  server.RaftServerConfigKeys (ConfUtils.java:logGet(46)) - raft.server.log.appender.buffer.byte-limit = 8388608 (custom)
2023-12-05 10:05:24,218 [871674c1-9b24-4b63-86c9-e7fd58f2c8d8-groupManagement] INFO  server.RaftServerConfigKeys (ConfUtils.java:logGet(46)) - raft.server.log.unsafe-flush.enabled = false (default)
2023-12-05 10:05:24,218 [871674c1-9b24-4b63-86c9-e7fd58f2c8d8-groupManagement] INFO  server.RaftServerConfigKeys (ConfUtils.java:logGet(46)) - raft.server.log.async-flush.enabled = false (default)
2023-12-05 10:05:24,218 [871674c1-9b24-4b63-86c9-e7fd58f2c8d8-groupManagement] INFO  server.RaftServerConfigKeys (ConfUtils.java:logGet(46)) - raft.server.log.statemachine.data.caching.enabled = true (custom)
2023-12-05 10:05:24,219 [871674c1-9b24-4b63-86c9-e7fd58f2c8d8-groupManagement] INFO  segmented.SegmentedRaftLogWorker (SegmentedRaftLogWorker.java:lambda$new$0(135)) - 871674c1-9b24-4b63-86c9-e7fd58f2c8d8@group-0ED44AA663CF-SegmentedRaftLogWorker: flushIndex: setUnconditionally 0 -> -1
2023-12-05 10:05:24,219 [871674c1-9b24-4b63-86c9-e7fd58f2c8d8-groupManagement] INFO  segmented.SegmentedRaftLogWorker (SegmentedRaftLogWorker.java:lambda$new$0(135)) - 871674c1-9b24-4b63-86c9-e7fd58f2c8d8@group-0ED44AA663CF-SegmentedRaftLogWorker: safeCacheEvictIndex: setUnconditionally 0 -> -1
2023-12-05 10:05:24,219 [871674c1-9b24-4b63-86c9-e7fd58f2c8d8-groupManagement] INFO  server.RaftServer$Division (RaftServerImpl.java:start(392)) - 871674c1-9b24-4b63-86c9-e7fd58f2c8d8@group-0ED44AA663CF: start as a follower, conf=-1: peers:[7494988f-ebd7-47bd-844d-a639117e12d7|10.1.0.7:15119, d731cfa9-bd59-499f-bb7f-50a20b0e2d64|10.1.0.7:15137, 871674c1-9b24-4b63-86c9-e7fd58f2c8d8|10.1.0.7:15128]|listeners:[], old=null
2023-12-05 10:05:24,219 [871674c1-9b24-4b63-86c9-e7fd58f2c8d8-groupManagement] INFO  server.RaftServer$Division (RaftServerImpl.java:setRole(379)) - 871674c1-9b24-4b63-86c9-e7fd58f2c8d8@group-0ED44AA663CF: changes role from      null to FOLLOWER at term 0 for startAsFollower
2023-12-05 10:05:24,219 [871674c1-9b24-4b63-86c9-e7fd58f2c8d8-groupManagement] INFO  impl.RoleInfo (RoleInfo.java:updateAndGet(139)) - 871674c1-9b24-4b63-86c9-e7fd58f2c8d8: start 871674c1-9b24-4b63-86c9-e7fd58f2c8d8@group-0ED44AA663CF-FollowerState
2023-12-05 10:05:24,219 [871674c1-9b24-4b63-86c9-e7fd58f2c8d8@group-0ED44AA663CF-FollowerState] INFO  server.RaftServerConfigKeys (ConfUtils.java:logFallback(53)) - raft.server.rpc.first-election.timeout.min = 5s (fallback to raft.server.rpc.timeout.min)
2023-12-05 10:05:24,219 [871674c1-9b24-4b63-86c9-e7fd58f2c8d8-groupManagement] INFO  util.JmxRegister (JmxRegister.java:tryRegister(44)) - Successfully registered JMX Bean with object name Ratis:service=RaftServer,group=group-0ED44AA663CF,id=871674c1-9b24-4b63-86c9-e7fd58f2c8d8
2023-12-05 10:05:24,219 [871674c1-9b24-4b63-86c9-e7fd58f2c8d8@group-0ED44AA663CF-FollowerState] INFO  server.RaftServerConfigKeys (ConfUtils.java:logFallback(53)) - raft.server.rpc.first-election.timeout.max = 5200ms (fallback to raft.server.rpc.timeout.max)
2023-12-05 10:05:24,219 [871674c1-9b24-4b63-86c9-e7fd58f2c8d8-groupManagement] INFO  server.RaftServerConfigKeys (ConfUtils.java:logGet(46)) - raft.server.snapshot.trigger-when-stop.enabled = true (default)
2023-12-05 10:05:24,220 [871674c1-9b24-4b63-86c9-e7fd58f2c8d8-groupManagement] INFO  server.RaftServerConfigKeys (ConfUtils.java:logGet(46)) - raft.server.snapshot.auto.trigger.enabled = true (custom)
2023-12-05 10:05:24,220 [871674c1-9b24-4b63-86c9-e7fd58f2c8d8-groupManagement] INFO  server.RaftServerConfigKeys (ConfUtils.java:logGet(46)) - raft.server.snapshot.auto.trigger.threshold = 10000 (custom)
2023-12-05 10:05:24,220 [871674c1-9b24-4b63-86c9-e7fd58f2c8d8-groupManagement] INFO  server.RaftServerConfigKeys (ConfUtils.java:logGet(46)) - raft.server.snapshot.retention.file.num = 5 (custom)
2023-12-05 10:05:24,220 [871674c1-9b24-4b63-86c9-e7fd58f2c8d8-groupManagement] INFO  server.RaftServerConfigKeys (ConfUtils.java:logGet(46)) - raft.server.log.purge.upto.snapshot.index = false (default)
2023-12-05 10:05:24,222 [871674c1-9b24-4b63-86c9-e7fd58f2c8d8-groupManagement] INFO  server.RaftServer$Division (RaftServerImpl.java:<init>(256)) - 871674c1-9b24-4b63-86c9-e7fd58f2c8d8: new RaftServerImpl for group-30EE4ABB169F:[871674c1-9b24-4b63-86c9-e7fd58f2c8d8|10.1.0.7:15128] with ContainerStateMachine:uninitialized
2023-12-05 10:05:24,222 [871674c1-9b24-4b63-86c9-e7fd58f2c8d8-groupManagement] INFO  server.RaftServerConfigKeys (ConfUtils.java:logGet(46)) - raft.server.rpc.timeout.min = 5s (custom)
2023-12-05 10:05:24,222 [871674c1-9b24-4b63-86c9-e7fd58f2c8d8-groupManagement] INFO  server.RaftServerConfigKeys (ConfUtils.java:logGet(46)) - raft.server.rpc.timeout.max = 5200ms (custom)
2023-12-05 10:05:24,222 [871674c1-9b24-4b63-86c9-e7fd58f2c8d8-groupManagement] INFO  server.RaftServerConfigKeys (ConfUtils.java:logGet(46)) - raft.server.rpc.sleep.time = 25ms (default)
2023-12-05 10:05:24,222 [871674c1-9b24-4b63-86c9-e7fd58f2c8d8-groupManagement] INFO  server.RaftServerConfigKeys (ConfUtils.java:logGet(46)) - raft.server.rpc.slowness.timeout = 300s (custom)
2023-12-05 10:05:24,222 [871674c1-9b24-4b63-86c9-e7fd58f2c8d8-groupManagement] INFO  server.RaftServerConfigKeys (ConfUtils.java:logGet(46)) - raft.server.leaderelection.leader.step-down.wait-time = 10s (default)
2023-12-05 10:05:24,223 [871674c1-9b24-4b63-86c9-e7fd58f2c8d8-groupManagement] INFO  server.RaftServerConfigKeys (ConfUtils.java:logGet(46)) - raft.server.leaderelection.member.majority-add = false (default)
2023-12-05 10:05:24,223 [871674c1-9b24-4b63-86c9-e7fd58f2c8d8-groupManagement] INFO  server.RaftServerConfigKeys (ConfUtils.java:logGet(46)) - raft.server.sleep.deviation.threshold = 300ms (default)
2023-12-05 10:05:24,223 [871674c1-9b24-4b63-86c9-e7fd58f2c8d8-groupManagement] INFO  server.RaftServer$Division (ServerState.java:<init>(113)) - 871674c1-9b24-4b63-86c9-e7fd58f2c8d8@group-30EE4ABB169F: ConfigurationManager, init=-1: peers:[871674c1-9b24-4b63-86c9-e7fd58f2c8d8|10.1.0.7:15128]|listeners:[], old=null, confs=<EMPTY_MAP>
2023-12-05 10:05:24,223 [871674c1-9b24-4b63-86c9-e7fd58f2c8d8-groupManagement] INFO  server.RaftServerConfigKeys (ConfUtils.java:logGet(46)) - raft.server.notification.no-leader.timeout = 300s (custom)
2023-12-05 10:05:24,223 [871674c1-9b24-4b63-86c9-e7fd58f2c8d8-groupManagement] INFO  server.RaftServerConfigKeys (ConfUtils.java:logGet(46)) - raft.server.read.timeout = 10s (default)
2023-12-05 10:05:24,224 [871674c1-9b24-4b63-86c9-e7fd58f2c8d8-groupManagement] INFO  server.RaftServerConfigKeys (ConfUtils.java:logGet(46)) - raft.server.retrycache.expirytime = 600000ms (custom)
2023-12-05 10:05:24,224 [871674c1-9b24-4b63-86c9-e7fd58f2c8d8-groupManagement] INFO  server.RaftServerConfigKeys (ConfUtils.java:logGet(46)) - raft.server.retrycache.statistics.expirytime = 100ms (default)
2023-12-05 10:05:24,224 [871674c1-9b24-4b63-86c9-e7fd58f2c8d8-groupManagement] INFO  server.RaftServerConfigKeys (ConfUtils.java:logGet(46)) - raft.server.read.option = DEFAULT (default)
2023-12-05 10:05:24,224 [871674c1-9b24-4b63-86c9-e7fd58f2c8d8-groupManagement] INFO  server.RaftServerConfigKeys (ConfUtils.java:logGet(46)) - raft.server.read.read-after-write-consistent.write-index-cache.expiry-time = 60s (default)
2023-12-05 10:05:24,225 [871674c1-9b24-4b63-86c9-e7fd58f2c8d8-groupManagement] INFO  server.RaftServerConfigKeys (ConfUtils.java:logGet(46)) - raft.server.rpc.request.timeout = 60s (custom)
2023-12-05 10:05:24,226 [871674c1-9b24-4b63-86c9-e7fd58f2c8d8-groupManagement] INFO  server.RaftServerConfigKeys (ConfUtils.java:logGet(46)) - raft.server.log.appender.install.snapshot.enabled = false (custom)
2023-12-05 10:05:24,226 [871674c1-9b24-4b63-86c9-e7fd58f2c8d8-groupManagement] INFO  server.RaftServerConfigKeys (ConfUtils.java:logGet(46)) - raft.server.threadpool.server.cached = true (default)
2023-12-05 10:05:24,226 [871674c1-9b24-4b63-86c9-e7fd58f2c8d8-groupManagement] INFO  server.RaftServerConfigKeys (ConfUtils.java:logGet(46)) - raft.server.threadpool.server.size = 0 (default)
2023-12-05 10:05:24,226 [871674c1-9b24-4b63-86c9-e7fd58f2c8d8-groupManagement] INFO  server.RaftServerConfigKeys (ConfUtils.java:logGet(46)) - raft.server.threadpool.client.cached = true (default)
2023-12-05 10:05:24,226 [871674c1-9b24-4b63-86c9-e7fd58f2c8d8-groupManagement] INFO  server.RaftServerConfigKeys (ConfUtils.java:logGet(46)) - raft.server.threadpool.client.size = 0 (default)
2023-12-05 10:05:24,226 [871674c1-9b24-4b63-86c9-e7fd58f2c8d8-groupManagement] INFO  server.RaftServerConfigKeys (ConfUtils.java:logGet(46)) - raft.server.storage.free-space.min = 0MB (=0) (default)
2023-12-05 10:05:24,226 [871674c1-9b24-4b63-86c9-e7fd58f2c8d8-groupManagement] INFO  server.RaftServerConfigKeys (ConfUtils.java:logGet(46)) - raft.server.log.corruption.policy = EXCEPTION (default)
2023-12-05 10:05:24,226 [871674c1-9b24-4b63-86c9-e7fd58f2c8d8-groupManagement] INFO  server.RaftServerConfigKeys (ConfUtils.java:logGet(46)) - raft.server.storage.dir = [/home/runner/work/ozone/ozone/hadoop-ozone/integration-test/target/test-dir/MiniOzoneClusterImpl-782bf028-a903-465f-9351-69beed6026d9/datanode-1/data/ratis] (custom)
2023-12-05 10:05:24,226 [871674c1-9b24-4b63-86c9-e7fd58f2c8d8-groupManagement] INFO  storage.RaftStorageDirectory (RaftStorageDirectoryImpl.java:analyzeStorage(138)) - The storage directory /home/runner/work/ozone/ozone/hadoop-ozone/integration-test/target/test-dir/MiniOzoneClusterImpl-782bf028-a903-465f-9351-69beed6026d9/datanode-1/data/ratis/2add67f2-25c5-4d76-b76f-30ee4abb169f does not exist. Creating ...
2023-12-05 10:05:24,227 [871674c1-9b24-4b63-86c9-e7fd58f2c8d8-groupManagement] INFO  storage.RaftStorageDirectory (RaftStorageDirectoryImpl.java:tryLock(232)) - Lock on /home/runner/work/ozone/ozone/hadoop-ozone/integration-test/target/test-dir/MiniOzoneClusterImpl-782bf028-a903-465f-9351-69beed6026d9/datanode-1/data/ratis/2add67f2-25c5-4d76-b76f-30ee4abb169f/in_use.lock acquired by nodename 4813@fv-az884-53
2023-12-05 10:05:24,228 [871674c1-9b24-4b63-86c9-e7fd58f2c8d8-groupManagement] INFO  storage.RaftStorage (RaftStorageImpl.java:format(97)) - Storage directory /home/runner/work/ozone/ozone/hadoop-ozone/integration-test/target/test-dir/MiniOzoneClusterImpl-782bf028-a903-465f-9351-69beed6026d9/datanode-1/data/ratis/2add67f2-25c5-4d76-b76f-30ee4abb169f has been successfully formatted.
2023-12-05 10:05:24,228 [871674c1-9b24-4b63-86c9-e7fd58f2c8d8-groupManagement] INFO  ratis.ContainerStateMachine (ContainerStateMachine.java:loadSnapshot(269)) - group-30EE4ABB169F: The snapshot info is null. Setting the last applied indexto:(t:0, i:~)
2023-12-05 10:05:24,228 [871674c1-9b24-4b63-86c9-e7fd58f2c8d8-groupManagement] INFO  server.RaftServerConfigKeys (ConfUtils.java:logGet(46)) - raft.server.log.use.memory = false (default)
2023-12-05 10:05:24,228 [871674c1-9b24-4b63-86c9-e7fd58f2c8d8-groupManagement] INFO  server.RaftServerConfigKeys (ConfUtils.java:logGet(46)) - raft.server.log.purge.gap = 1000000 (custom)
2023-12-05 10:05:24,229 [871674c1-9b24-4b63-86c9-e7fd58f2c8d8-groupManagement] INFO  server.RaftServerConfigKeys (ConfUtils.java:logGet(46)) - raft.server.log.appender.buffer.byte-limit = 8388608 (custom)
2023-12-05 10:05:24,229 [871674c1-9b24-4b63-86c9-e7fd58f2c8d8-groupManagement] INFO  server.RaftServerConfigKeys (ConfUtils.java:logGet(46)) - raft.server.log.statemachine.data.read.timeout = 1000ms (default)
2023-12-05 10:05:24,229 [871674c1-9b24-4b63-86c9-e7fd58f2c8d8-groupManagement] INFO  server.RaftServerConfigKeys (ConfUtils.java:logGet(46)) - raft.server.log.purge.preservation.log.num = 0 (default)
2023-12-05 10:05:24,230 [EventQueue-PipelineReportForPipelineReportHandler] INFO  pipeline.PipelineReportHandler (PipelineReportHandler.java:processPipelineReport(136)) - Opened pipeline PipelineID=2add67f2-25c5-4d76-b76f-30ee4abb169f
2023-12-05 10:05:24,230 [EventQueue-OpenPipelineForHealthyPipelineSafeModeRule] INFO  safemode.SCMSafeModeManager (HealthyPipelineSafeModeRule.java:process(137)) - SCM in safe mode. Healthy pipelines reported count is 0, required healthy pipeline reported count is 1
2023-12-05 10:05:24,231 [871674c1-9b24-4b63-86c9-e7fd58f2c8d8-groupManagement] INFO  server.RaftServerConfigKeys (ConfUtils.java:logGet(46)) - raft.server.log.segment.size.max = 67108864 (custom)
2023-12-05 10:05:24,231 [871674c1-9b24-4b63-86c9-e7fd58f2c8d8-groupManagement] INFO  server.RaftServerConfigKeys (ConfUtils.java:logGet(46)) - raft.server.log.segment.cache.num.max = 2 (custom)
2023-12-05 10:05:24,231 [871674c1-9b24-4b63-86c9-e7fd58f2c8d8-groupManagement] INFO  server.RaftServerConfigKeys (ConfUtils.java:logGet(46)) - raft.server.log.segment.cache.size.max = 200MB (=209715200) (default)
2023-12-05 10:05:24,232 [871674c1-9b24-4b63-86c9-e7fd58f2c8d8-groupManagement] INFO  server.RaftServerConfigKeys (ConfUtils.java:logGet(46)) - raft.server.log.appender.buffer.byte-limit = 8388608 (custom)
2023-12-05 10:05:24,232 [871674c1-9b24-4b63-86c9-e7fd58f2c8d8-groupManagement] INFO  util.AwaitToRun (AwaitToRun.java:start(81)) - Thread[871674c1-9b24-4b63-86c9-e7fd58f2c8d8@group-30EE4ABB169F-cacheEviction-AwaitToRun,5,main] started
2023-12-05 10:05:24,232 [871674c1-9b24-4b63-86c9-e7fd58f2c8d8-groupManagement] INFO  segmented.SegmentedRaftLogWorker (SegmentedRaftLogWorker.java:<init>(184)) - new 871674c1-9b24-4b63-86c9-e7fd58f2c8d8@group-30EE4ABB169F-SegmentedRaftLogWorker for RaftStorageImpl:Storage Directory /home/runner/work/ozone/ozone/hadoop-ozone/integration-test/target/test-dir/MiniOzoneClusterImpl-782bf028-a903-465f-9351-69beed6026d9/datanode-1/data/ratis/2add67f2-25c5-4d76-b76f-30ee4abb169f
2023-12-05 10:05:24,232 [871674c1-9b24-4b63-86c9-e7fd58f2c8d8-groupManagement] INFO  server.RaftServerConfigKeys (ConfUtils.java:logGet(46)) - raft.server.log.queue.byte-limit = 4294967296 (custom)
2023-12-05 10:05:24,232 [871674c1-9b24-4b63-86c9-e7fd58f2c8d8-groupManagement] INFO  server.RaftServerConfigKeys (ConfUtils.java:logGet(46)) - raft.server.log.queue.element-limit = 1024 (custom)
2023-12-05 10:05:24,232 [871674c1-9b24-4b63-86c9-e7fd58f2c8d8-groupManagement] INFO  server.RaftServerConfigKeys (ConfUtils.java:logGet(46)) - raft.server.log.segment.size.max = 67108864 (custom)
2023-12-05 10:05:24,232 [871674c1-9b24-4b63-86c9-e7fd58f2c8d8-groupManagement] INFO  server.RaftServerConfigKeys (ConfUtils.java:logGet(46)) - raft.server.log.preallocated.size = 4194304 (custom)
2023-12-05 10:05:24,232 [871674c1-9b24-4b63-86c9-e7fd58f2c8d8-groupManagement] INFO  server.RaftServerConfigKeys (ConfUtils.java:logGet(46)) - raft.server.log.force.sync.num = 128 (default)
2023-12-05 10:05:24,232 [871674c1-9b24-4b63-86c9-e7fd58f2c8d8-groupManagement] INFO  server.RaftServerConfigKeys (ConfUtils.java:logGet(46)) - raft.server.log.statemachine.data.sync = true (default)
2023-12-05 10:05:24,232 [871674c1-9b24-4b63-86c9-e7fd58f2c8d8-groupManagement] INFO  server.RaftServerConfigKeys (ConfUtils.java:logGet(46)) - raft.server.log.statemachine.data.sync.timeout = 10s (default)
2023-12-05 10:05:24,232 [871674c1-9b24-4b63-86c9-e7fd58f2c8d8-groupManagement] INFO  server.RaftServerConfigKeys (ConfUtils.java:logGet(46)) - raft.server.log.statemachine.data.sync.timeout.retry = 0 (custom)
2023-12-05 10:05:24,232 [871674c1-9b24-4b63-86c9-e7fd58f2c8d8-groupManagement] INFO  server.RaftServerConfigKeys (ConfUtils.java:logGet(46)) - raft.server.log.write.buffer.size = 8388616 (custom)
2023-12-05 10:05:24,235 [871674c1-9b24-4b63-86c9-e7fd58f2c8d8-groupManagement] INFO  server.RaftServerConfigKeys (ConfUtils.java:logGet(46)) - raft.server.log.appender.buffer.byte-limit = 8388608 (custom)
2023-12-05 10:05:24,235 [871674c1-9b24-4b63-86c9-e7fd58f2c8d8-groupManagement] INFO  server.RaftServerConfigKeys (ConfUtils.java:logGet(46)) - raft.server.log.unsafe-flush.enabled = false (default)
2023-12-05 10:05:24,235 [871674c1-9b24-4b63-86c9-e7fd58f2c8d8-groupManagement] INFO  server.RaftServerConfigKeys (ConfUtils.java:logGet(46)) - raft.server.log.async-flush.enabled = false (default)
2023-12-05 10:05:24,235 [871674c1-9b24-4b63-86c9-e7fd58f2c8d8-groupManagement] INFO  server.RaftServerConfigKeys (ConfUtils.java:logGet(46)) - raft.server.log.statemachine.data.caching.enabled = true (custom)
2023-12-05 10:05:24,235 [871674c1-9b24-4b63-86c9-e7fd58f2c8d8-groupManagement] INFO  segmented.SegmentedRaftLogWorker (SegmentedRaftLogWorker.java:lambda$new$0(135)) - 871674c1-9b24-4b63-86c9-e7fd58f2c8d8@group-30EE4ABB169F-SegmentedRaftLogWorker: flushIndex: setUnconditionally 0 -> -1
2023-12-05 10:05:24,236 [871674c1-9b24-4b63-86c9-e7fd58f2c8d8-groupManagement] INFO  segmented.SegmentedRaftLogWorker (SegmentedRaftLogWorker.java:lambda$new$0(135)) - 871674c1-9b24-4b63-86c9-e7fd58f2c8d8@group-30EE4ABB169F-SegmentedRaftLogWorker: safeCacheEvictIndex: setUnconditionally 0 -> -1
2023-12-05 10:05:24,236 [871674c1-9b24-4b63-86c9-e7fd58f2c8d8-groupManagement] INFO  server.RaftServer$Division (RaftServerImpl.java:start(392)) - 871674c1-9b24-4b63-86c9-e7fd58f2c8d8@group-30EE4ABB169F: start as a follower, conf=-1: peers:[871674c1-9b24-4b63-86c9-e7fd58f2c8d8|10.1.0.7:15128]|listeners:[], old=null
2023-12-05 10:05:24,236 [871674c1-9b24-4b63-86c9-e7fd58f2c8d8-groupManagement] INFO  server.RaftServer$Division (RaftServerImpl.java:setRole(379)) - 871674c1-9b24-4b63-86c9-e7fd58f2c8d8@group-30EE4ABB169F: changes role from      null to FOLLOWER at term 0 for startAsFollower
2023-12-05 10:05:24,236 [871674c1-9b24-4b63-86c9-e7fd58f2c8d8-groupManagement] INFO  impl.RoleInfo (RoleInfo.java:updateAndGet(139)) - 871674c1-9b24-4b63-86c9-e7fd58f2c8d8: start 871674c1-9b24-4b63-86c9-e7fd58f2c8d8@group-30EE4ABB169F-FollowerState
2023-12-05 10:05:24,241 [871674c1-9b24-4b63-86c9-e7fd58f2c8d8-groupManagement] INFO  util.JmxRegister (JmxRegister.java:tryRegister(44)) - Successfully registered JMX Bean with object name Ratis:service=RaftServer,group=group-30EE4ABB169F,id=871674c1-9b24-4b63-86c9-e7fd58f2c8d8
2023-12-05 10:05:24,241 [grpc-default-executor-0] INFO  server.RaftServer (RaftServerProxy.java:addNew(100)) - d731cfa9-bd59-499f-bb7f-50a20b0e2d64: addNew group-0ED44AA663CF:[7494988f-ebd7-47bd-844d-a639117e12d7|10.1.0.7:15119, d731cfa9-bd59-499f-bb7f-50a20b0e2d64|10.1.0.7:15137, 871674c1-9b24-4b63-86c9-e7fd58f2c8d8|10.1.0.7:15128] returns group-0ED44AA663CF:java.util.concurrent.CompletableFuture@53a527fe[Not completed]
2023-12-05 10:05:24,241 [871674c1-9b24-4b63-86c9-e7fd58f2c8d8-groupManagement] INFO  server.RaftServerConfigKeys (ConfUtils.java:logGet(46)) - raft.server.snapshot.trigger-when-stop.enabled = true (default)
2023-12-05 10:05:24,241 [871674c1-9b24-4b63-86c9-e7fd58f2c8d8-groupManagement] INFO  server.RaftServerConfigKeys (ConfUtils.java:logGet(46)) - raft.server.snapshot.auto.trigger.enabled = true (custom)
2023-12-05 10:05:24,241 [871674c1-9b24-4b63-86c9-e7fd58f2c8d8-groupManagement] INFO  server.RaftServerConfigKeys (ConfUtils.java:logGet(46)) - raft.server.snapshot.auto.trigger.threshold = 10000 (custom)
2023-12-05 10:05:24,241 [871674c1-9b24-4b63-86c9-e7fd58f2c8d8-groupManagement] INFO  server.RaftServerConfigKeys (ConfUtils.java:logGet(46)) - raft.server.snapshot.retention.file.num = 5 (custom)
2023-12-05 10:05:24,241 [871674c1-9b24-4b63-86c9-e7fd58f2c8d8-groupManagement] INFO  server.RaftServerConfigKeys (ConfUtils.java:logGet(46)) - raft.server.log.purge.upto.snapshot.index = false (default)
2023-12-05 10:05:24,242 [871674c1-9b24-4b63-86c9-e7fd58f2c8d8@group-30EE4ABB169F-FollowerState] INFO  server.RaftServerConfigKeys (ConfUtils.java:logFallback(53)) - raft.server.rpc.first-election.timeout.min = 5s (fallback to raft.server.rpc.timeout.min)
2023-12-05 10:05:24,242 [871674c1-9b24-4b63-86c9-e7fd58f2c8d8@group-30EE4ABB169F-FollowerState] INFO  server.RaftServerConfigKeys (ConfUtils.java:logFallback(53)) - raft.server.rpc.first-election.timeout.max = 5200ms (fallback to raft.server.rpc.timeout.max)
2023-12-05 10:05:24,244 [871674c1-9b24-4b63-86c9-e7fd58f2c8d8-PipelineCommandHandlerThread-0] INFO  ratis.XceiverServerRatis (XceiverServerRatis.java:addGroup(837)) - Created group PipelineID=2add67f2-25c5-4d76-b76f-30ee4abb169f
2023-12-05 10:05:24,244 [871674c1-9b24-4b63-86c9-e7fd58f2c8d8-PipelineCommandHandlerThread-0] INFO  commandhandler.CreatePipelineCommandHandler (CreatePipelineCommandHandler.java:lambda$handle$2(124)) - Created Pipeline RATIS ONE PipelineID=2add67f2-25c5-4d76-b76f-30ee4abb169f.
2023-12-05 10:05:24,245 [d731cfa9-bd59-499f-bb7f-50a20b0e2d64-groupManagement] INFO  server.RaftServer$Division (RaftServerImpl.java:<init>(256)) - d731cfa9-bd59-499f-bb7f-50a20b0e2d64: new RaftServerImpl for group-0ED44AA663CF:[7494988f-ebd7-47bd-844d-a639117e12d7|10.1.0.7:15119, d731cfa9-bd59-499f-bb7f-50a20b0e2d64|10.1.0.7:15137, 871674c1-9b24-4b63-86c9-e7fd58f2c8d8|10.1.0.7:15128] with ContainerStateMachine:uninitialized
2023-12-05 10:05:24,245 [d731cfa9-bd59-499f-bb7f-50a20b0e2d64-groupManagement] INFO  server.RaftServerConfigKeys (ConfUtils.java:logGet(46)) - raft.server.rpc.timeout.min = 5s (custom)
2023-12-05 10:05:24,245 [d731cfa9-bd59-499f-bb7f-50a20b0e2d64-groupManagement] INFO  server.RaftServerConfigKeys (ConfUtils.java:logGet(46)) - raft.server.rpc.timeout.max = 5200ms (custom)
2023-12-05 10:05:24,245 [d731cfa9-bd59-499f-bb7f-50a20b0e2d64-groupManagement] INFO  server.RaftServerConfigKeys (ConfUtils.java:logGet(46)) - raft.server.rpc.sleep.time = 25ms (default)
2023-12-05 10:05:24,245 [d731cfa9-bd59-499f-bb7f-50a20b0e2d64-groupManagement] INFO  server.RaftServerConfigKeys (ConfUtils.java:logGet(46)) - raft.server.rpc.slowness.timeout = 300s (custom)
2023-12-05 10:05:24,245 [d731cfa9-bd59-499f-bb7f-50a20b0e2d64-groupManagement] INFO  server.RaftServerConfigKeys (ConfUtils.java:logGet(46)) - raft.server.leaderelection.leader.step-down.wait-time = 10s (default)
2023-12-05 10:05:24,245 [d731cfa9-bd59-499f-bb7f-50a20b0e2d64-groupManagement] INFO  server.RaftServerConfigKeys (ConfUtils.java:logGet(46)) - raft.server.leaderelection.member.majority-add = false (default)
2023-12-05 10:05:24,245 [d731cfa9-bd59-499f-bb7f-50a20b0e2d64-groupManagement] INFO  server.RaftServerConfigKeys (ConfUtils.java:logGet(46)) - raft.server.sleep.deviation.threshold = 300ms (default)
2023-12-05 10:05:24,245 [d731cfa9-bd59-499f-bb7f-50a20b0e2d64-groupManagement] INFO  server.RaftServer$Division (ServerState.java:<init>(113)) - d731cfa9-bd59-499f-bb7f-50a20b0e2d64@group-0ED44AA663CF: ConfigurationManager, init=-1: peers:[7494988f-ebd7-47bd-844d-a639117e12d7|10.1.0.7:15119, d731cfa9-bd59-499f-bb7f-50a20b0e2d64|10.1.0.7:15137, 871674c1-9b24-4b63-86c9-e7fd58f2c8d8|10.1.0.7:15128]|listeners:[], old=null, confs=<EMPTY_MAP>
2023-12-05 10:05:24,245 [d731cfa9-bd59-499f-bb7f-50a20b0e2d64-groupManagement] INFO  server.RaftServerConfigKeys (ConfUtils.java:logGet(46)) - raft.server.notification.no-leader.timeout = 300s (custom)
2023-12-05 10:05:24,245 [d731cfa9-bd59-499f-bb7f-50a20b0e2d64-groupManagement] INFO  server.RaftServerConfigKeys (ConfUtils.java:logGet(46)) - raft.server.read.timeout = 10s (default)
2023-12-05 10:05:24,245 [d731cfa9-bd59-499f-bb7f-50a20b0e2d64-groupManagement] INFO  server.RaftServerConfigKeys (ConfUtils.java:logGet(46)) - raft.server.retrycache.expirytime = 600000ms (custom)
2023-12-05 10:05:24,246 [d731cfa9-bd59-499f-bb7f-50a20b0e2d64-groupManagement] INFO  server.RaftServerConfigKeys (ConfUtils.java:logGet(46)) - raft.server.retrycache.statistics.expirytime = 100ms (default)
2023-12-05 10:05:24,246 [d731cfa9-bd59-499f-bb7f-50a20b0e2d64-groupManagement] INFO  server.RaftServerConfigKeys (ConfUtils.java:logGet(46)) - raft.server.read.option = DEFAULT (default)
2023-12-05 10:05:24,246 [d731cfa9-bd59-499f-bb7f-50a20b0e2d64-groupManagement] INFO  server.RaftServerConfigKeys (ConfUtils.java:logGet(46)) - raft.server.read.read-after-write-consistent.write-index-cache.expiry-time = 60s (default)
2023-12-05 10:05:24,247 [d731cfa9-bd59-499f-bb7f-50a20b0e2d64-groupManagement] INFO  server.RaftServerConfigKeys (ConfUtils.java:logGet(46)) - raft.server.rpc.request.timeout = 60s (custom)
2023-12-05 10:05:24,247 [d731cfa9-bd59-499f-bb7f-50a20b0e2d64-groupManagement] INFO  server.RaftServerConfigKeys (ConfUtils.java:logGet(46)) - raft.server.log.appender.install.snapshot.enabled = false (custom)
2023-12-05 10:05:24,247 [d731cfa9-bd59-499f-bb7f-50a20b0e2d64-groupManagement] INFO  server.RaftServerConfigKeys (ConfUtils.java:logGet(46)) - raft.server.threadpool.server.cached = true (default)
2023-12-05 10:05:24,247 [d731cfa9-bd59-499f-bb7f-50a20b0e2d64-groupManagement] INFO  server.RaftServerConfigKeys (ConfUtils.java:logGet(46)) - raft.server.threadpool.server.size = 0 (default)
2023-12-05 10:05:24,248 [d731cfa9-bd59-499f-bb7f-50a20b0e2d64-groupManagement] INFO  server.RaftServerConfigKeys (ConfUtils.java:logGet(46)) - raft.server.threadpool.client.cached = true (default)
2023-12-05 10:05:24,248 [d731cfa9-bd59-499f-bb7f-50a20b0e2d64-groupManagement] INFO  server.RaftServerConfigKeys (ConfUtils.java:logGet(46)) - raft.server.threadpool.client.size = 0 (default)
2023-12-05 10:05:24,248 [d731cfa9-bd59-499f-bb7f-50a20b0e2d64-groupManagement] INFO  server.RaftServerConfigKeys (ConfUtils.java:logGet(46)) - raft.server.storage.free-space.min = 0MB (=0) (default)
2023-12-05 10:05:24,248 [d731cfa9-bd59-499f-bb7f-50a20b0e2d64-groupManagement] INFO  server.RaftServerConfigKeys (ConfUtils.java:logGet(46)) - raft.server.log.corruption.policy = EXCEPTION (default)
2023-12-05 10:05:24,248 [d731cfa9-bd59-499f-bb7f-50a20b0e2d64-groupManagement] INFO  server.RaftServerConfigKeys (ConfUtils.java:logGet(46)) - raft.server.storage.dir = [/home/runner/work/ozone/ozone/hadoop-ozone/integration-test/target/test-dir/MiniOzoneClusterImpl-782bf028-a903-465f-9351-69beed6026d9/datanode-2/data/ratis] (custom)
2023-12-05 10:05:24,248 [d731cfa9-bd59-499f-bb7f-50a20b0e2d64-groupManagement] INFO  storage.RaftStorageDirectory (RaftStorageDirectoryImpl.java:analyzeStorage(138)) - The storage directory /home/runner/work/ozone/ozone/hadoop-ozone/integration-test/target/test-dir/MiniOzoneClusterImpl-782bf028-a903-465f-9351-69beed6026d9/datanode-2/data/ratis/510e2edb-154a-4334-8890-0ed44aa663cf does not exist. Creating ...
2023-12-05 10:05:24,250 [d731cfa9-bd59-499f-bb7f-50a20b0e2d64-groupManagement] INFO  storage.RaftStorageDirectory (RaftStorageDirectoryImpl.java:tryLock(232)) - Lock on /home/runner/work/ozone/ozone/hadoop-ozone/integration-test/target/test-dir/MiniOzoneClusterImpl-782bf028-a903-465f-9351-69beed6026d9/datanode-2/data/ratis/510e2edb-154a-4334-8890-0ed44aa663cf/in_use.lock acquired by nodename 4813@fv-az884-53
2023-12-05 10:05:24,254 [d731cfa9-bd59-499f-bb7f-50a20b0e2d64-groupManagement] INFO  storage.RaftStorage (RaftStorageImpl.java:format(97)) - Storage directory /home/runner/work/ozone/ozone/hadoop-ozone/integration-test/target/test-dir/MiniOzoneClusterImpl-782bf028-a903-465f-9351-69beed6026d9/datanode-2/data/ratis/510e2edb-154a-4334-8890-0ed44aa663cf has been successfully formatted.
2023-12-05 10:05:24,258 [d731cfa9-bd59-499f-bb7f-50a20b0e2d64-groupManagement] INFO  ratis.ContainerStateMachine (ContainerStateMachine.java:loadSnapshot(269)) - group-0ED44AA663CF: The snapshot info is null. Setting the last applied indexto:(t:0, i:~)
2023-12-05 10:05:24,258 [d731cfa9-bd59-499f-bb7f-50a20b0e2d64-groupManagement] INFO  server.RaftServerConfigKeys (ConfUtils.java:logGet(46)) - raft.server.log.use.memory = false (default)
2023-12-05 10:05:24,259 [d731cfa9-bd59-499f-bb7f-50a20b0e2d64-groupManagement] INFO  server.RaftServerConfigKeys (ConfUtils.java:logGet(46)) - raft.server.log.purge.gap = 1000000 (custom)
2023-12-05 10:05:24,259 [d731cfa9-bd59-499f-bb7f-50a20b0e2d64-groupManagement] INFO  server.RaftServerConfigKeys (ConfUtils.java:logGet(46)) - raft.server.log.appender.buffer.byte-limit = 8388608 (custom)
2023-12-05 10:05:24,259 [d731cfa9-bd59-499f-bb7f-50a20b0e2d64-groupManagement] INFO  server.RaftServerConfigKeys (ConfUtils.java:logGet(46)) - raft.server.log.statemachine.data.read.timeout = 1000ms (default)
2023-12-05 10:05:24,259 [d731cfa9-bd59-499f-bb7f-50a20b0e2d64-groupManagement] INFO  server.RaftServerConfigKeys (ConfUtils.java:logGet(46)) - raft.server.log.purge.preservation.log.num = 0 (default)
2023-12-05 10:05:24,259 [d731cfa9-bd59-499f-bb7f-50a20b0e2d64-groupManagement] INFO  server.RaftServerConfigKeys (ConfUtils.java:logGet(46)) - raft.server.log.segment.size.max = 67108864 (custom)
2023-12-05 10:05:24,260 [d731cfa9-bd59-499f-bb7f-50a20b0e2d64-groupManagement] INFO  server.RaftServerConfigKeys (ConfUtils.java:logGet(46)) - raft.server.log.segment.cache.num.max = 2 (custom)
2023-12-05 10:05:24,260 [d731cfa9-bd59-499f-bb7f-50a20b0e2d64-groupManagement] INFO  server.RaftServerConfigKeys (ConfUtils.java:logGet(46)) - raft.server.log.segment.cache.size.max = 200MB (=209715200) (default)
2023-12-05 10:05:24,260 [d731cfa9-bd59-499f-bb7f-50a20b0e2d64-groupManagement] INFO  server.RaftServerConfigKeys (ConfUtils.java:logGet(46)) - raft.server.log.appender.buffer.byte-limit = 8388608 (custom)
2023-12-05 10:05:24,260 [d731cfa9-bd59-499f-bb7f-50a20b0e2d64-groupManagement] INFO  util.AwaitToRun (AwaitToRun.java:start(81)) - Thread[d731cfa9-bd59-499f-bb7f-50a20b0e2d64@group-0ED44AA663CF-cacheEviction-AwaitToRun,5,main] started
2023-12-05 10:05:24,260 [d731cfa9-bd59-499f-bb7f-50a20b0e2d64-groupManagement] INFO  segmented.SegmentedRaftLogWorker (SegmentedRaftLogWorker.java:<init>(184)) - new d731cfa9-bd59-499f-bb7f-50a20b0e2d64@group-0ED44AA663CF-SegmentedRaftLogWorker for RaftStorageImpl:Storage Directory /home/runner/work/ozone/ozone/hadoop-ozone/integration-test/target/test-dir/MiniOzoneClusterImpl-782bf028-a903-465f-9351-69beed6026d9/datanode-2/data/ratis/510e2edb-154a-4334-8890-0ed44aa663cf
2023-12-05 10:05:24,260 [d731cfa9-bd59-499f-bb7f-50a20b0e2d64-groupManagement] INFO  server.RaftServerConfigKeys (ConfUtils.java:logGet(46)) - raft.server.log.queue.byte-limit = 4294967296 (custom)
2023-12-05 10:05:24,260 [d731cfa9-bd59-499f-bb7f-50a20b0e2d64-groupManagement] INFO  server.RaftServerConfigKeys (ConfUtils.java:logGet(46)) - raft.server.log.queue.element-limit = 1024 (custom)
2023-12-05 10:05:24,260 [d731cfa9-bd59-499f-bb7f-50a20b0e2d64-groupManagement] INFO  server.RaftServerConfigKeys (ConfUtils.java:logGet(46)) - raft.server.log.segment.size.max = 67108864 (custom)
2023-12-05 10:05:24,260 [d731cfa9-bd59-499f-bb7f-50a20b0e2d64-groupManagement] INFO  server.RaftServerConfigKeys (ConfUtils.java:logGet(46)) - raft.server.log.preallocated.size = 4194304 (custom)
2023-12-05 10:05:24,260 [d731cfa9-bd59-499f-bb7f-50a20b0e2d64-groupManagement] INFO  server.RaftServerConfigKeys (ConfUtils.java:logGet(46)) - raft.server.log.force.sync.num = 128 (default)
2023-12-05 10:05:24,260 [d731cfa9-bd59-499f-bb7f-50a20b0e2d64-groupManagement] INFO  server.RaftServerConfigKeys (ConfUtils.java:logGet(46)) - raft.server.log.statemachine.data.sync = true (default)
2023-12-05 10:05:24,261 [d731cfa9-bd59-499f-bb7f-50a20b0e2d64-groupManagement] INFO  server.RaftServerConfigKeys (ConfUtils.java:logGet(46)) - raft.server.log.statemachine.data.sync.timeout = 10s (default)
2023-12-05 10:05:24,261 [d731cfa9-bd59-499f-bb7f-50a20b0e2d64-groupManagement] INFO  server.RaftServerConfigKeys (ConfUtils.java:logGet(46)) - raft.server.log.statemachine.data.sync.timeout.retry = 0 (custom)
2023-12-05 10:05:24,261 [d731cfa9-bd59-499f-bb7f-50a20b0e2d64-groupManagement] INFO  server.RaftServerConfigKeys (ConfUtils.java:logGet(46)) - raft.server.log.write.buffer.size = 8388616 (custom)
2023-12-05 10:05:24,263 [d731cfa9-bd59-499f-bb7f-50a20b0e2d64-groupManagement] INFO  server.RaftServerConfigKeys (ConfUtils.java:logGet(46)) - raft.server.log.appender.buffer.byte-limit = 8388608 (custom)
2023-12-05 10:05:24,263 [d731cfa9-bd59-499f-bb7f-50a20b0e2d64-groupManagement] INFO  server.RaftServerConfigKeys (ConfUtils.java:logGet(46)) - raft.server.log.unsafe-flush.enabled = false (default)
2023-12-05 10:05:24,263 [d731cfa9-bd59-499f-bb7f-50a20b0e2d64-groupManagement] INFO  server.RaftServerConfigKeys (ConfUtils.java:logGet(46)) - raft.server.log.async-flush.enabled = false (default)
2023-12-05 10:05:24,263 [d731cfa9-bd59-499f-bb7f-50a20b0e2d64-groupManagement] INFO  server.RaftServerConfigKeys (ConfUtils.java:logGet(46)) - raft.server.log.statemachine.data.caching.enabled = true (custom)
2023-12-05 10:05:24,263 [d731cfa9-bd59-499f-bb7f-50a20b0e2d64-groupManagement] INFO  segmented.SegmentedRaftLogWorker (SegmentedRaftLogWorker.java:lambda$new$0(135)) - d731cfa9-bd59-499f-bb7f-50a20b0e2d64@group-0ED44AA663CF-SegmentedRaftLogWorker: flushIndex: setUnconditionally 0 -> -1
2023-12-05 10:05:24,264 [d731cfa9-bd59-499f-bb7f-50a20b0e2d64-groupManagement] INFO  segmented.SegmentedRaftLogWorker (SegmentedRaftLogWorker.java:lambda$new$0(135)) - d731cfa9-bd59-499f-bb7f-50a20b0e2d64@group-0ED44AA663CF-SegmentedRaftLogWorker: safeCacheEvictIndex: setUnconditionally 0 -> -1
2023-12-05 10:05:24,264 [d731cfa9-bd59-499f-bb7f-50a20b0e2d64-groupManagement] INFO  server.RaftServer$Division (RaftServerImpl.java:start(392)) - d731cfa9-bd59-499f-bb7f-50a20b0e2d64@group-0ED44AA663CF: start as a follower, conf=-1: peers:[7494988f-ebd7-47bd-844d-a639117e12d7|10.1.0.7:15119, d731cfa9-bd59-499f-bb7f-50a20b0e2d64|10.1.0.7:15137, 871674c1-9b24-4b63-86c9-e7fd58f2c8d8|10.1.0.7:15128]|listeners:[], old=null
2023-12-05 10:05:24,264 [d731cfa9-bd59-499f-bb7f-50a20b0e2d64-groupManagement] INFO  server.RaftServer$Division (RaftServerImpl.java:setRole(379)) - d731cfa9-bd59-499f-bb7f-50a20b0e2d64@group-0ED44AA663CF: changes role from      null to FOLLOWER at term 0 for startAsFollower
2023-12-05 10:05:24,264 [d731cfa9-bd59-499f-bb7f-50a20b0e2d64-groupManagement] INFO  impl.RoleInfo (RoleInfo.java:updateAndGet(139)) - d731cfa9-bd59-499f-bb7f-50a20b0e2d64: start d731cfa9-bd59-499f-bb7f-50a20b0e2d64@group-0ED44AA663CF-FollowerState
2023-12-05 10:05:24,264 [d731cfa9-bd59-499f-bb7f-50a20b0e2d64-groupManagement] INFO  util.JmxRegister (JmxRegister.java:tryRegister(44)) - Successfully registered JMX Bean with object name Ratis:service=RaftServer,group=group-0ED44AA663CF,id=d731cfa9-bd59-499f-bb7f-50a20b0e2d64
2023-12-05 10:05:24,264 [d731cfa9-bd59-499f-bb7f-50a20b0e2d64-groupManagement] INFO  server.RaftServerConfigKeys (ConfUtils.java:logGet(46)) - raft.server.snapshot.trigger-when-stop.enabled = true (default)
2023-12-05 10:05:24,264 [d731cfa9-bd59-499f-bb7f-50a20b0e2d64-groupManagement] INFO  server.RaftServerConfigKeys (ConfUtils.java:logGet(46)) - raft.server.snapshot.auto.trigger.enabled = true (custom)
2023-12-05 10:05:24,264 [d731cfa9-bd59-499f-bb7f-50a20b0e2d64-groupManagement] INFO  server.RaftServerConfigKeys (ConfUtils.java:logGet(46)) - raft.server.snapshot.auto.trigger.threshold = 10000 (custom)
2023-12-05 10:05:24,264 [d731cfa9-bd59-499f-bb7f-50a20b0e2d64-groupManagement] INFO  server.RaftServerConfigKeys (ConfUtils.java:logGet(46)) - raft.server.snapshot.retention.file.num = 5 (custom)
2023-12-05 10:05:24,264 [d731cfa9-bd59-499f-bb7f-50a20b0e2d64-groupManagement] INFO  server.RaftServerConfigKeys (ConfUtils.java:logGet(46)) - raft.server.log.purge.upto.snapshot.index = false (default)
2023-12-05 10:05:24,265 [d731cfa9-bd59-499f-bb7f-50a20b0e2d64@group-0ED44AA663CF-FollowerState] INFO  server.RaftServerConfigKeys (ConfUtils.java:logFallback(53)) - raft.server.rpc.first-election.timeout.min = 5s (fallback to raft.server.rpc.timeout.min)
2023-12-05 10:05:24,265 [d731cfa9-bd59-499f-bb7f-50a20b0e2d64@group-0ED44AA663CF-FollowerState] INFO  server.RaftServerConfigKeys (ConfUtils.java:logFallback(53)) - raft.server.rpc.first-election.timeout.max = 5200ms (fallback to raft.server.rpc.timeout.max)
2023-12-05 10:05:24,271 [7494988f-ebd7-47bd-844d-a639117e12d7-PipelineCommandHandlerThread-0] INFO  commandhandler.CreatePipelineCommandHandler (CreatePipelineCommandHandler.java:lambda$handle$2(124)) - Created Pipeline RATIS THREE PipelineID=510e2edb-154a-4334-8890-0ed44aa663cf.
2023-12-05 10:05:24,306 [main] INFO  ozone.MiniOzoneClusterImpl (MiniOzoneClusterImpl.java:lambda$waitForClusterToBeReady$0(229)) - Nodes are ready. Got 3 of 3 DN Heartbeats.
2023-12-05 10:05:24,306 [main] INFO  ozone.MiniOzoneClusterImpl (MiniOzoneClusterImpl.java:lambda$waitForClusterToBeReady$0(232)) - Waiting for cluster to exit safe mode
2023-12-05 10:05:24,307 [main] INFO  ozone.MiniOzoneClusterImpl (MiniOzoneClusterImpl.java:lambda$waitForClusterToBeReady$0(234)) - SCM became leader
2023-12-05 10:05:24,308 [d731cfa9-bd59-499f-bb7f-50a20b0e2d64-PipelineCommandHandlerThread-0] INFO  server.RaftServer (RaftServerProxy.java:addNew(100)) - d731cfa9-bd59-499f-bb7f-50a20b0e2d64: addNew group-61914078EDB0:[d731cfa9-bd59-499f-bb7f-50a20b0e2d64|10.1.0.7:15137] returns group-61914078EDB0:java.util.concurrent.CompletableFuture@44bb892d[Not completed]
2023-12-05 10:05:24,308 [d731cfa9-bd59-499f-bb7f-50a20b0e2d64-groupManagement] INFO  server.RaftServer$Division (RaftServerImpl.java:<init>(256)) - d731cfa9-bd59-499f-bb7f-50a20b0e2d64: new RaftServerImpl for group-61914078EDB0:[d731cfa9-bd59-499f-bb7f-50a20b0e2d64|10.1.0.7:15137] with ContainerStateMachine:uninitialized
2023-12-05 10:05:24,308 [d731cfa9-bd59-499f-bb7f-50a20b0e2d64-groupManagement] INFO  server.RaftServerConfigKeys (ConfUtils.java:logGet(46)) - raft.server.rpc.timeout.min = 5s (custom)
2023-12-05 10:05:24,308 [d731cfa9-bd59-499f-bb7f-50a20b0e2d64-groupManagement] INFO  server.RaftServerConfigKeys (ConfUtils.java:logGet(46)) - raft.server.rpc.timeout.max = 5200ms (custom)
2023-12-05 10:05:24,308 [d731cfa9-bd59-499f-bb7f-50a20b0e2d64-groupManagement] INFO  server.RaftServerConfigKeys (ConfUtils.java:logGet(46)) - raft.server.rpc.sleep.time = 25ms (default)
2023-12-05 10:05:24,308 [d731cfa9-bd59-499f-bb7f-50a20b0e2d64-groupManagement] INFO  server.RaftServerConfigKeys (ConfUtils.java:logGet(46)) - raft.server.rpc.slowness.timeout = 300s (custom)
2023-12-05 10:05:24,308 [d731cfa9-bd59-499f-bb7f-50a20b0e2d64-groupManagement] INFO  server.RaftServerConfigKeys (ConfUtils.java:logGet(46)) - raft.server.leaderelection.leader.step-down.wait-time = 10s (default)
2023-12-05 10:05:24,308 [d731cfa9-bd59-499f-bb7f-50a20b0e2d64-groupManagement] INFO  server.RaftServerConfigKeys (ConfUtils.java:logGet(46)) - raft.server.leaderelection.member.majority-add = false (default)
2023-12-05 10:05:24,308 [d731cfa9-bd59-499f-bb7f-50a20b0e2d64-groupManagement] INFO  server.RaftServerConfigKeys (ConfUtils.java:logGet(46)) - raft.server.sleep.deviation.threshold = 300ms (default)
2023-12-05 10:05:24,309 [d731cfa9-bd59-499f-bb7f-50a20b0e2d64-groupManagement] INFO  server.RaftServer$Division (ServerState.java:<init>(113)) - d731cfa9-bd59-499f-bb7f-50a20b0e2d64@group-61914078EDB0: ConfigurationManager, init=-1: peers:[d731cfa9-bd59-499f-bb7f-50a20b0e2d64|10.1.0.7:15137]|listeners:[], old=null, confs=<EMPTY_MAP>
2023-12-05 10:05:24,309 [d731cfa9-bd59-499f-bb7f-50a20b0e2d64-groupManagement] INFO  server.RaftServerConfigKeys (ConfUtils.java:logGet(46)) - raft.server.notification.no-leader.timeout = 300s (custom)
2023-12-05 10:05:24,309 [d731cfa9-bd59-499f-bb7f-50a20b0e2d64-groupManagement] INFO  server.RaftServerConfigKeys (ConfUtils.java:logGet(46)) - raft.server.read.timeout = 10s (default)
2023-12-05 10:05:24,309 [d731cfa9-bd59-499f-bb7f-50a20b0e2d64-groupManagement] INFO  server.RaftServerConfigKeys (ConfUtils.java:logGet(46)) - raft.server.retrycache.expirytime = 600000ms (custom)
2023-12-05 10:05:24,309 [d731cfa9-bd59-499f-bb7f-50a20b0e2d64-groupManagement] INFO  server.RaftServerConfigKeys (ConfUtils.java:logGet(46)) - raft.server.retrycache.statistics.expirytime = 100ms (default)
2023-12-05 10:05:24,309 [d731cfa9-bd59-499f-bb7f-50a20b0e2d64-groupManagement] INFO  server.RaftServerConfigKeys (ConfUtils.java:logGet(46)) - raft.server.read.option = DEFAULT (default)
2023-12-05 10:05:24,309 [d731cfa9-bd59-499f-bb7f-50a20b0e2d64-groupManagement] INFO  server.RaftServerConfigKeys (ConfUtils.java:logGet(46)) - raft.server.read.read-after-write-consistent.write-index-cache.expiry-time = 60s (default)
2023-12-05 10:05:24,310 [d731cfa9-bd59-499f-bb7f-50a20b0e2d64-groupManagement] INFO  server.RaftServerConfigKeys (ConfUtils.java:logGet(46)) - raft.server.rpc.request.timeout = 60s (custom)
2023-12-05 10:05:24,310 [d731cfa9-bd59-499f-bb7f-50a20b0e2d64-groupManagement] INFO  server.RaftServerConfigKeys (ConfUtils.java:logGet(46)) - raft.server.log.appender.install.snapshot.enabled = false (custom)
2023-12-05 10:05:24,310 [d731cfa9-bd59-499f-bb7f-50a20b0e2d64-groupManagement] INFO  server.RaftServerConfigKeys (ConfUtils.java:logGet(46)) - raft.server.threadpool.server.cached = true (default)
2023-12-05 10:05:24,310 [d731cfa9-bd59-499f-bb7f-50a20b0e2d64-groupManagement] INFO  server.RaftServerConfigKeys (ConfUtils.java:logGet(46)) - raft.server.threadpool.server.size = 0 (default)
2023-12-05 10:05:24,310 [d731cfa9-bd59-499f-bb7f-50a20b0e2d64-groupManagement] INFO  server.RaftServerConfigKeys (ConfUtils.java:logGet(46)) - raft.server.threadpool.client.cached = true (default)
2023-12-05 10:05:24,310 [d731cfa9-bd59-499f-bb7f-50a20b0e2d64-groupManagement] INFO  server.RaftServerConfigKeys (ConfUtils.java:logGet(46)) - raft.server.threadpool.client.size = 0 (default)
2023-12-05 10:05:24,310 [d731cfa9-bd59-499f-bb7f-50a20b0e2d64-groupManagement] INFO  server.RaftServerConfigKeys (ConfUtils.java:logGet(46)) - raft.server.storage.free-space.min = 0MB (=0) (default)
2023-12-05 10:05:24,311 [d731cfa9-bd59-499f-bb7f-50a20b0e2d64-groupManagement] INFO  server.RaftServerConfigKeys (ConfUtils.java:logGet(46)) - raft.server.log.corruption.policy = EXCEPTION (default)
2023-12-05 10:05:24,311 [d731cfa9-bd59-499f-bb7f-50a20b0e2d64-groupManagement] INFO  server.RaftServerConfigKeys (ConfUtils.java:logGet(46)) - raft.server.storage.dir = [/home/runner/work/ozone/ozone/hadoop-ozone/integration-test/target/test-dir/MiniOzoneClusterImpl-782bf028-a903-465f-9351-69beed6026d9/datanode-2/data/ratis] (custom)
2023-12-05 10:05:24,311 [d731cfa9-bd59-499f-bb7f-50a20b0e2d64-groupManagement] INFO  storage.RaftStorageDirectory (RaftStorageDirectoryImpl.java:analyzeStorage(138)) - The storage directory /home/runner/work/ozone/ozone/hadoop-ozone/integration-test/target/test-dir/MiniOzoneClusterImpl-782bf028-a903-465f-9351-69beed6026d9/datanode-2/data/ratis/fffac926-59a5-48f9-bcd0-61914078edb0 does not exist. Creating ...
2023-12-05 10:05:24,312 [d731cfa9-bd59-499f-bb7f-50a20b0e2d64-groupManagement] INFO  storage.RaftStorageDirectory (RaftStorageDirectoryImpl.java:tryLock(232)) - Lock on /home/runner/work/ozone/ozone/hadoop-ozone/integration-test/target/test-dir/MiniOzoneClusterImpl-782bf028-a903-465f-9351-69beed6026d9/datanode-2/data/ratis/fffac926-59a5-48f9-bcd0-61914078edb0/in_use.lock acquired by nodename 4813@fv-az884-53
2023-12-05 10:05:24,313 [d731cfa9-bd59-499f-bb7f-50a20b0e2d64-groupManagement] INFO  storage.RaftStorage (RaftStorageImpl.java:format(97)) - Storage directory /home/runner/work/ozone/ozone/hadoop-ozone/integration-test/target/test-dir/MiniOzoneClusterImpl-782bf028-a903-465f-9351-69beed6026d9/datanode-2/data/ratis/fffac926-59a5-48f9-bcd0-61914078edb0 has been successfully formatted.
2023-12-05 10:05:24,313 [d731cfa9-bd59-499f-bb7f-50a20b0e2d64-groupManagement] INFO  ratis.ContainerStateMachine (ContainerStateMachine.java:loadSnapshot(269)) - group-61914078EDB0: The snapshot info is null. Setting the last applied indexto:(t:0, i:~)
2023-12-05 10:05:24,314 [d731cfa9-bd59-499f-bb7f-50a20b0e2d64-groupManagement] INFO  server.RaftServerConfigKeys (ConfUtils.java:logGet(46)) - raft.server.log.use.memory = false (default)
2023-12-05 10:05:24,314 [d731cfa9-bd59-499f-bb7f-50a20b0e2d64-groupManagement] INFO  server.RaftServerConfigKeys (ConfUtils.java:logGet(46)) - raft.server.log.purge.gap = 1000000 (custom)
2023-12-05 10:05:24,314 [d731cfa9-bd59-499f-bb7f-50a20b0e2d64-groupManagement] INFO  server.RaftServerConfigKeys (ConfUtils.java:logGet(46)) - raft.server.log.appender.buffer.byte-limit = 8388608 (custom)
2023-12-05 10:05:24,314 [d731cfa9-bd59-499f-bb7f-50a20b0e2d64-groupManagement] INFO  server.RaftServerConfigKeys (ConfUtils.java:logGet(46)) - raft.server.log.statemachine.data.read.timeout = 1000ms (default)
2023-12-05 10:05:24,314 [d731cfa9-bd59-499f-bb7f-50a20b0e2d64-groupManagement] INFO  server.RaftServerConfigKeys (ConfUtils.java:logGet(46)) - raft.server.log.purge.preservation.log.num = 0 (default)
2023-12-05 10:05:24,315 [d731cfa9-bd59-499f-bb7f-50a20b0e2d64-groupManagement] INFO  server.RaftServerConfigKeys (ConfUtils.java:logGet(46)) - raft.server.log.segment.size.max = 67108864 (custom)
2023-12-05 10:05:24,316 [d731cfa9-bd59-499f-bb7f-50a20b0e2d64-groupManagement] INFO  server.RaftServerConfigKeys (ConfUtils.java:logGet(46)) - raft.server.log.segment.cache.num.max = 2 (custom)
2023-12-05 10:05:24,316 [d731cfa9-bd59-499f-bb7f-50a20b0e2d64-groupManagement] INFO  server.RaftServerConfigKeys (ConfUtils.java:logGet(46)) - raft.server.log.segment.cache.size.max = 200MB (=209715200) (default)
2023-12-05 10:05:24,316 [d731cfa9-bd59-499f-bb7f-50a20b0e2d64-groupManagement] INFO  server.RaftServerConfigKeys (ConfUtils.java:logGet(46)) - raft.server.log.appender.buffer.byte-limit = 8388608 (custom)
2023-12-05 10:05:24,316 [EventQueue-PipelineReportForPipelineReportHandler] INFO  pipeline.PipelineReportHandler (PipelineReportHandler.java:processPipelineReport(136)) - Opened pipeline PipelineID=fffac926-59a5-48f9-bcd0-61914078edb0
2023-12-05 10:05:24,316 [EventQueue-OpenPipelineForHealthyPipelineSafeModeRule] INFO  safemode.SCMSafeModeManager (HealthyPipelineSafeModeRule.java:process(137)) - SCM in safe mode. Healthy pipelines reported count is 0, required healthy pipeline reported count is 1
2023-12-05 10:05:24,317 [d731cfa9-bd59-499f-bb7f-50a20b0e2d64-groupManagement] INFO  util.AwaitToRun (AwaitToRun.java:start(81)) - Thread[d731cfa9-bd59-499f-bb7f-50a20b0e2d64@group-61914078EDB0-cacheEviction-AwaitToRun,5,main] started
2023-12-05 10:05:24,317 [d731cfa9-bd59-499f-bb7f-50a20b0e2d64-groupManagement] INFO  segmented.SegmentedRaftLogWorker (SegmentedRaftLogWorker.java:<init>(184)) - new d731cfa9-bd59-499f-bb7f-50a20b0e2d64@group-61914078EDB0-SegmentedRaftLogWorker for RaftStorageImpl:Storage Directory /home/runner/work/ozone/ozone/hadoop-ozone/integration-test/target/test-dir/MiniOzoneClusterImpl-782bf028-a903-465f-9351-69beed6026d9/datanode-2/data/ratis/fffac926-59a5-48f9-bcd0-61914078edb0
2023-12-05 10:05:24,318 [d731cfa9-bd59-499f-bb7f-50a20b0e2d64-groupManagement] INFO  server.RaftServerConfigKeys (ConfUtils.java:logGet(46)) - raft.server.log.queue.byte-limit = 4294967296 (custom)
2023-12-05 10:05:24,318 [d731cfa9-bd59-499f-bb7f-50a20b0e2d64-groupManagement] INFO  server.RaftServerConfigKeys (ConfUtils.java:logGet(46)) - raft.server.log.queue.element-limit = 1024 (custom)
2023-12-05 10:05:24,318 [d731cfa9-bd59-499f-bb7f-50a20b0e2d64-groupManagement] INFO  server.RaftServerConfigKeys (ConfUtils.java:logGet(46)) - raft.server.log.segment.size.max = 67108864 (custom)
2023-12-05 10:05:24,318 [d731cfa9-bd59-499f-bb7f-50a20b0e2d64-groupManagement] INFO  server.RaftServerConfigKeys (ConfUtils.java:logGet(46)) - raft.server.log.preallocated.size = 4194304 (custom)
2023-12-05 10:05:24,318 [d731cfa9-bd59-499f-bb7f-50a20b0e2d64-groupManagement] INFO  server.RaftServerConfigKeys (ConfUtils.java:logGet(46)) - raft.server.log.force.sync.num = 128 (default)
2023-12-05 10:05:24,318 [d731cfa9-bd59-499f-bb7f-50a20b0e2d64-groupManagement] INFO  server.RaftServerConfigKeys (ConfUtils.java:logGet(46)) - raft.server.log.statemachine.data.sync = true (default)
2023-12-05 10:05:24,319 [d731cfa9-bd59-499f-bb7f-50a20b0e2d64-groupManagement] INFO  server.RaftServerConfigKeys (ConfUtils.java:logGet(46)) - raft.server.log.statemachine.data.sync.timeout = 10s (default)
2023-12-05 10:05:24,319 [d731cfa9-bd59-499f-bb7f-50a20b0e2d64-groupManagement] INFO  server.RaftServerConfigKeys (ConfUtils.java:logGet(46)) - raft.server.log.statemachine.data.sync.timeout.retry = 0 (custom)
2023-12-05 10:05:24,319 [d731cfa9-bd59-499f-bb7f-50a20b0e2d64-groupManagement] INFO  server.RaftServerConfigKeys (ConfUtils.java:logGet(46)) - raft.server.log.write.buffer.size = 8388616 (custom)
2023-12-05 10:05:24,321 [d731cfa9-bd59-499f-bb7f-50a20b0e2d64-groupManagement] INFO  server.RaftServerConfigKeys (ConfUtils.java:logGet(46)) - raft.server.log.appender.buffer.byte-limit = 8388608 (custom)
2023-12-05 10:05:24,321 [d731cfa9-bd59-499f-bb7f-50a20b0e2d64-groupManagement] INFO  server.RaftServerConfigKeys (ConfUtils.java:logGet(46)) - raft.server.log.unsafe-flush.enabled = false (default)
2023-12-05 10:05:24,321 [d731cfa9-bd59-499f-bb7f-50a20b0e2d64-groupManagement] INFO  server.RaftServerConfigKeys (ConfUtils.java:logGet(46)) - raft.server.log.async-flush.enabled = false (default)
2023-12-05 10:05:24,321 [d731cfa9-bd59-499f-bb7f-50a20b0e2d64-groupManagement] INFO  server.RaftServerConfigKeys (ConfUtils.java:logGet(46)) - raft.server.log.statemachine.data.caching.enabled = true (custom)
2023-12-05 10:05:24,321 [d731cfa9-bd59-499f-bb7f-50a20b0e2d64-groupManagement] INFO  segmented.SegmentedRaftLogWorker (SegmentedRaftLogWorker.java:lambda$new$0(135)) - d731cfa9-bd59-499f-bb7f-50a20b0e2d64@group-61914078EDB0-SegmentedRaftLogWorker: flushIndex: setUnconditionally 0 -> -1
2023-12-05 10:05:24,321 [d731cfa9-bd59-499f-bb7f-50a20b0e2d64-groupManagement] INFO  segmented.SegmentedRaftLogWorker (SegmentedRaftLogWorker.java:lambda$new$0(135)) - d731cfa9-bd59-499f-bb7f-50a20b0e2d64@group-61914078EDB0-SegmentedRaftLogWorker: safeCacheEvictIndex: setUnconditionally 0 -> -1
2023-12-05 10:05:24,322 [d731cfa9-bd59-499f-bb7f-50a20b0e2d64-groupManagement] INFO  server.RaftServer$Division (RaftServerImpl.java:start(392)) - d731cfa9-bd59-499f-bb7f-50a20b0e2d64@group-61914078EDB0: start as a follower, conf=-1: peers:[d731cfa9-bd59-499f-bb7f-50a20b0e2d64|10.1.0.7:15137]|listeners:[], old=null
2023-12-05 10:05:24,322 [d731cfa9-bd59-499f-bb7f-50a20b0e2d64-groupManagement] INFO  server.RaftServer$Division (RaftServerImpl.java:setRole(379)) - d731cfa9-bd59-499f-bb7f-50a20b0e2d64@group-61914078EDB0: changes role from      null to FOLLOWER at term 0 for startAsFollower
2023-12-05 10:05:24,322 [d731cfa9-bd59-499f-bb7f-50a20b0e2d64-groupManagement] INFO  impl.RoleInfo (RoleInfo.java:updateAndGet(139)) - d731cfa9-bd59-499f-bb7f-50a20b0e2d64: start d731cfa9-bd59-499f-bb7f-50a20b0e2d64@group-61914078EDB0-FollowerState
2023-12-05 10:05:24,322 [d731cfa9-bd59-499f-bb7f-50a20b0e2d64-groupManagement] INFO  util.JmxRegister (JmxRegister.java:tryRegister(44)) - Successfully registered JMX Bean with object name Ratis:service=RaftServer,group=group-61914078EDB0,id=d731cfa9-bd59-499f-bb7f-50a20b0e2d64
2023-12-05 10:05:24,322 [d731cfa9-bd59-499f-bb7f-50a20b0e2d64@group-61914078EDB0-FollowerState] INFO  server.RaftServerConfigKeys (ConfUtils.java:logFallback(53)) - raft.server.rpc.first-election.timeout.min = 5s (fallback to raft.server.rpc.timeout.min)
2023-12-05 10:05:24,322 [d731cfa9-bd59-499f-bb7f-50a20b0e2d64-groupManagement] INFO  server.RaftServerConfigKeys (ConfUtils.java:logGet(46)) - raft.server.snapshot.trigger-when-stop.enabled = true (default)
2023-12-05 10:05:24,322 [d731cfa9-bd59-499f-bb7f-50a20b0e2d64@group-61914078EDB0-FollowerState] INFO  server.RaftServerConfigKeys (ConfUtils.java:logFallback(53)) - raft.server.rpc.first-election.timeout.max = 5200ms (fallback to raft.server.rpc.timeout.max)
2023-12-05 10:05:24,322 [d731cfa9-bd59-499f-bb7f-50a20b0e2d64-groupManagement] INFO  server.RaftServerConfigKeys (ConfUtils.java:logGet(46)) - raft.server.snapshot.auto.trigger.enabled = true (custom)
2023-12-05 10:05:24,322 [d731cfa9-bd59-499f-bb7f-50a20b0e2d64-groupManagement] INFO  server.RaftServerConfigKeys (ConfUtils.java:logGet(46)) - raft.server.snapshot.auto.trigger.threshold = 10000 (custom)
2023-12-05 10:05:24,322 [d731cfa9-bd59-499f-bb7f-50a20b0e2d64-groupManagement] INFO  server.RaftServerConfigKeys (ConfUtils.java:logGet(46)) - raft.server.snapshot.retention.file.num = 5 (custom)
2023-12-05 10:05:24,322 [d731cfa9-bd59-499f-bb7f-50a20b0e2d64-groupManagement] INFO  server.RaftServerConfigKeys (ConfUtils.java:logGet(46)) - raft.server.log.purge.upto.snapshot.index = false (default)
2023-12-05 10:05:24,325 [d731cfa9-bd59-499f-bb7f-50a20b0e2d64-PipelineCommandHandlerThread-0] INFO  ratis.XceiverServerRatis (XceiverServerRatis.java:addGroup(837)) - Created group PipelineID=fffac926-59a5-48f9-bcd0-61914078edb0
2023-12-05 10:05:24,325 [d731cfa9-bd59-499f-bb7f-50a20b0e2d64-PipelineCommandHandlerThread-0] INFO  commandhandler.CreatePipelineCommandHandler (CreatePipelineCommandHandler.java:lambda$handle$2(124)) - Created Pipeline RATIS ONE PipelineID=fffac926-59a5-48f9-bcd0-61914078edb0.
2023-12-05 10:05:25,307 [main] INFO  ozone.MiniOzoneClusterImpl (MiniOzoneClusterImpl.java:lambda$waitForClusterToBeReady$0(229)) - Nodes are ready. Got 3 of 3 DN Heartbeats.
2023-12-05 10:05:25,307 [main] INFO  ozone.MiniOzoneClusterImpl (MiniOzoneClusterImpl.java:lambda$waitForClusterToBeReady$0(232)) - Waiting for cluster to exit safe mode
2023-12-05 10:05:25,307 [main] INFO  ozone.MiniOzoneClusterImpl (MiniOzoneClusterImpl.java:lambda$waitForClusterToBeReady$0(234)) - SCM became leader
2023-12-05 10:05:26,307 [main] INFO  ozone.MiniOzoneClusterImpl (MiniOzoneClusterImpl.java:lambda$waitForClusterToBeReady$0(229)) - Nodes are ready. Got 3 of 3 DN Heartbeats.
2023-12-05 10:05:26,308 [main] INFO  ozone.MiniOzoneClusterImpl (MiniOzoneClusterImpl.java:lambda$waitForClusterToBeReady$0(232)) - Waiting for cluster to exit safe mode
2023-12-05 10:05:26,308 [main] INFO  ozone.MiniOzoneClusterImpl (MiniOzoneClusterImpl.java:lambda$waitForClusterToBeReady$0(234)) - SCM became leader
2023-12-05 10:05:27,308 [main] INFO  ozone.MiniOzoneClusterImpl (MiniOzoneClusterImpl.java:lambda$waitForClusterToBeReady$0(229)) - Nodes are ready. Got 3 of 3 DN Heartbeats.
2023-12-05 10:05:27,308 [main] INFO  ozone.MiniOzoneClusterImpl (MiniOzoneClusterImpl.java:lambda$waitForClusterToBeReady$0(232)) - Waiting for cluster to exit safe mode
2023-12-05 10:05:27,309 [main] INFO  ozone.MiniOzoneClusterImpl (MiniOzoneClusterImpl.java:lambda$waitForClusterToBeReady$0(234)) - SCM became leader
2023-12-05 10:05:28,309 [main] INFO  ozone.MiniOzoneClusterImpl (MiniOzoneClusterImpl.java:lambda$waitForClusterToBeReady$0(229)) - Nodes are ready. Got 3 of 3 DN Heartbeats.
2023-12-05 10:05:28,309 [main] INFO  ozone.MiniOzoneClusterImpl (MiniOzoneClusterImpl.java:lambda$waitForClusterToBeReady$0(232)) - Waiting for cluster to exit safe mode
2023-12-05 10:05:28,309 [main] INFO  ozone.MiniOzoneClusterImpl (MiniOzoneClusterImpl.java:lambda$waitForClusterToBeReady$0(234)) - SCM became leader
2023-12-05 10:05:29,211 [7494988f-ebd7-47bd-844d-a639117e12d7@group-0ED44AA663CF-FollowerState] INFO  impl.FollowerState (FollowerState.java:run(143)) - 7494988f-ebd7-47bd-844d-a639117e12d7@group-0ED44AA663CF-FollowerState: change to CANDIDATE, lastRpcElapsedTime:5047544479ns, electionTimeout:5046ms
2023-12-05 10:05:29,211 [7494988f-ebd7-47bd-844d-a639117e12d7@group-0ED44AA663CF-FollowerState] INFO  impl.RoleInfo (RoleInfo.java:shutdownFollowerState(110)) - 7494988f-ebd7-47bd-844d-a639117e12d7: shutdown 7494988f-ebd7-47bd-844d-a639117e12d7@group-0ED44AA663CF-FollowerState
2023-12-05 10:05:29,211 [7494988f-ebd7-47bd-844d-a639117e12d7@group-0ED44AA663CF-FollowerState] INFO  server.RaftServer$Division (RaftServerImpl.java:setRole(379)) - 7494988f-ebd7-47bd-844d-a639117e12d7@group-0ED44AA663CF: changes role from  FOLLOWER to CANDIDATE at term 0 for changeToCandidate
2023-12-05 10:05:29,211 [7494988f-ebd7-47bd-844d-a639117e12d7@group-0ED44AA663CF-FollowerState] INFO  server.RaftServerConfigKeys (ConfUtils.java:logGet(46)) - raft.server.leaderelection.pre-vote = true (default)
2023-12-05 10:05:29,211 [7494988f-ebd7-47bd-844d-a639117e12d7@group-0ED44AA663CF-FollowerState] INFO  impl.RoleInfo (RoleInfo.java:updateAndGet(139)) - 7494988f-ebd7-47bd-844d-a639117e12d7: start 7494988f-ebd7-47bd-844d-a639117e12d7@group-0ED44AA663CF-LeaderElection18
2023-12-05 10:05:29,212 [7494988f-ebd7-47bd-844d-a639117e12d7@group-0ED44AA663CF-LeaderElection18] INFO  impl.LeaderElection (LeaderElection.java:askForVotes(323)) - 7494988f-ebd7-47bd-844d-a639117e12d7@group-0ED44AA663CF-LeaderElection18 PRE_VOTE round 0: submit vote requests at term 0 for -1: peers:[7494988f-ebd7-47bd-844d-a639117e12d7|10.1.0.7:15119, d731cfa9-bd59-499f-bb7f-50a20b0e2d64|10.1.0.7:15137, 871674c1-9b24-4b63-86c9-e7fd58f2c8d8|10.1.0.7:15128]|listeners:[], old=null
2023-12-05 10:05:29,213 [7494988f-ebd7-47bd-844d-a639117e12d7@group-0ED44AA663CF-LeaderElection18-1] INFO  server.GrpcServerProtocolClient (GrpcServerProtocolClient.java:<init>(65)) - Build channel for d731cfa9-bd59-499f-bb7f-50a20b0e2d64
2023-12-05 10:05:29,213 [7494988f-ebd7-47bd-844d-a639117e12d7@group-0ED44AA663CF-LeaderElection18] INFO  server.RaftServerConfigKeys (ConfUtils.java:logFallback(53)) - raft.server.rpc.first-election.timeout.min = 5s (fallback to raft.server.rpc.timeout.min)
2023-12-05 10:05:29,213 [7494988f-ebd7-47bd-844d-a639117e12d7@group-0ED44AA663CF-LeaderElection18] INFO  server.RaftServerConfigKeys (ConfUtils.java:logFallback(53)) - raft.server.rpc.first-election.timeout.max = 5200ms (fallback to raft.server.rpc.timeout.max)
2023-12-05 10:05:29,213 [7494988f-ebd7-47bd-844d-a639117e12d7@group-0ED44AA663CF-LeaderElection18-2] INFO  server.GrpcServerProtocolClient (GrpcServerProtocolClient.java:<init>(65)) - Build channel for 871674c1-9b24-4b63-86c9-e7fd58f2c8d8
2023-12-05 10:05:29,220 [grpc-default-executor-1] INFO  server.RaftServer$Division (RaftServerImpl.java:requestVote(1377)) - 871674c1-9b24-4b63-86c9-e7fd58f2c8d8@group-0ED44AA663CF: receive requestVote(PRE_VOTE, 7494988f-ebd7-47bd-844d-a639117e12d7, group-0ED44AA663CF, 0, (t:0, i:0))
2023-12-05 10:05:29,220 [grpc-default-executor-1] INFO  impl.VoteContext (VoteContext.java:log(49)) - 871674c1-9b24-4b63-86c9-e7fd58f2c8d8@group-0ED44AA663CF-FOLLOWER: accept PRE_VOTE from 7494988f-ebd7-47bd-844d-a639117e12d7: our priority 0 <= candidate's priority 0
2023-12-05 10:05:29,220 [grpc-default-executor-1] INFO  server.RaftServer$Division (RaftServerImpl.java:requestVote(1410)) - 871674c1-9b24-4b63-86c9-e7fd58f2c8d8@group-0ED44AA663CF replies to PRE_VOTE vote request: 7494988f-ebd7-47bd-844d-a639117e12d7<-871674c1-9b24-4b63-86c9-e7fd58f2c8d8#0:OK-t0. Peer's state: 871674c1-9b24-4b63-86c9-e7fd58f2c8d8@group-0ED44AA663CF:t0, leader=null, voted=, raftlog=Memoized:871674c1-9b24-4b63-86c9-e7fd58f2c8d8@group-0ED44AA663CF-SegmentedRaftLog:OPENED:c-1, conf=-1: peers:[7494988f-ebd7-47bd-844d-a639117e12d7|10.1.0.7:15119, d731cfa9-bd59-499f-bb7f-50a20b0e2d64|10.1.0.7:15137, 871674c1-9b24-4b63-86c9-e7fd58f2c8d8|10.1.0.7:15128]|listeners:[], old=null
2023-12-05 10:05:29,224 [grpc-default-executor-0] INFO  server.RaftServer$Division (RaftServerImpl.java:requestVote(1377)) - d731cfa9-bd59-499f-bb7f-50a20b0e2d64@group-0ED44AA663CF: receive requestVote(PRE_VOTE, 7494988f-ebd7-47bd-844d-a639117e12d7, group-0ED44AA663CF, 0, (t:0, i:0))
2023-12-05 10:05:29,224 [grpc-default-executor-0] INFO  impl.VoteContext (VoteContext.java:log(49)) - d731cfa9-bd59-499f-bb7f-50a20b0e2d64@group-0ED44AA663CF-FOLLOWER: reject PRE_VOTE from 7494988f-ebd7-47bd-844d-a639117e12d7: our priority 1 > candidate's priority 0
2023-12-05 10:05:29,224 [grpc-default-executor-0] INFO  server.RaftServer$Division (RaftServerImpl.java:requestVote(1410)) - d731cfa9-bd59-499f-bb7f-50a20b0e2d64@group-0ED44AA663CF replies to PRE_VOTE vote request: 7494988f-ebd7-47bd-844d-a639117e12d7<-d731cfa9-bd59-499f-bb7f-50a20b0e2d64#0:FAIL-t0. Peer's state: d731cfa9-bd59-499f-bb7f-50a20b0e2d64@group-0ED44AA663CF:t0, leader=null, voted=, raftlog=Memoized:d731cfa9-bd59-499f-bb7f-50a20b0e2d64@group-0ED44AA663CF-SegmentedRaftLog:OPENED:c-1, conf=-1: peers:[7494988f-ebd7-47bd-844d-a639117e12d7|10.1.0.7:15119, d731cfa9-bd59-499f-bb7f-50a20b0e2d64|10.1.0.7:15137, 871674c1-9b24-4b63-86c9-e7fd58f2c8d8|10.1.0.7:15128]|listeners:[], old=null
2023-12-05 10:05:29,225 [7494988f-ebd7-47bd-844d-a639117e12d7@group-0ED44AA663CF-LeaderElection18] INFO  impl.LeaderElection (LeaderElection.java:logAndReturn(89)) - 7494988f-ebd7-47bd-844d-a639117e12d7@group-0ED44AA663CF-LeaderElection18: PRE_VOTE REJECTED received 2 response(s) and 0 exception(s):
2023-12-05 10:05:29,225 [7494988f-ebd7-47bd-844d-a639117e12d7@group-0ED44AA663CF-LeaderElection18] INFO  impl.LeaderElection (LeaderElection.java:logAndReturn(93)) -   Response 0: 7494988f-ebd7-47bd-844d-a639117e12d7<-d731cfa9-bd59-499f-bb7f-50a20b0e2d64#0:FAIL-t0
2023-12-05 10:05:29,225 [7494988f-ebd7-47bd-844d-a639117e12d7@group-0ED44AA663CF-LeaderElection18] INFO  impl.LeaderElection (LeaderElection.java:logAndReturn(93)) -   Response 1: 7494988f-ebd7-47bd-844d-a639117e12d7<-871674c1-9b24-4b63-86c9-e7fd58f2c8d8#0:OK-t0
2023-12-05 10:05:29,225 [7494988f-ebd7-47bd-844d-a639117e12d7@group-0ED44AA663CF-LeaderElection18] INFO  impl.LeaderElection (LeaderElection.java:askForVotes(325)) - 7494988f-ebd7-47bd-844d-a639117e12d7@group-0ED44AA663CF-LeaderElection18 PRE_VOTE round 0: result REJECTED
2023-12-05 10:05:29,226 [7494988f-ebd7-47bd-844d-a639117e12d7@group-0ED44AA663CF-LeaderElection18] INFO  server.RaftServer$Division (RaftServerImpl.java:setRole(379)) - 7494988f-ebd7-47bd-844d-a639117e12d7@group-0ED44AA663CF: changes role from CANDIDATE to FOLLOWER at term 0 for REJECTED
2023-12-05 10:05:29,226 [7494988f-ebd7-47bd-844d-a639117e12d7@group-0ED44AA663CF-LeaderElection18] INFO  impl.RoleInfo (RoleInfo.java:shutdownLeaderElection(130)) - 7494988f-ebd7-47bd-844d-a639117e12d7: shutdown 7494988f-ebd7-47bd-844d-a639117e12d7@group-0ED44AA663CF-LeaderElection18
2023-12-05 10:05:29,226 [7494988f-ebd7-47bd-844d-a639117e12d7@group-0ED44AA663CF-LeaderElection18] INFO  impl.RoleInfo (RoleInfo.java:updateAndGet(139)) - 7494988f-ebd7-47bd-844d-a639117e12d7: start 7494988f-ebd7-47bd-844d-a639117e12d7@group-0ED44AA663CF-FollowerState
2023-12-05 10:05:29,227 [7494988f-ebd7-47bd-844d-a639117e12d7@group-0ED44AA663CF-LeaderElection18] INFO  server.RaftServer$Division (RaftServerImpl.java:setFirstElection(564)) - 7494988f-ebd7-47bd-844d-a639117e12d7@group-0ED44AA663CF: set firstElectionSinceStartup to false for REJECTED
2023-12-05 10:05:29,239 [7494988f-ebd7-47bd-844d-a639117e12d7@group-96042CA7FA01-FollowerState] INFO  impl.FollowerState (FollowerState.java:run(143)) - 7494988f-ebd7-47bd-844d-a639117e12d7@group-96042CA7FA01-FollowerState: change to CANDIDATE, lastRpcElapsedTime:5107059686ns, electionTimeout:5098ms
2023-12-05 10:05:29,239 [7494988f-ebd7-47bd-844d-a639117e12d7@group-96042CA7FA01-FollowerState] INFO  impl.RoleInfo (RoleInfo.java:shutdownFollowerState(110)) - 7494988f-ebd7-47bd-844d-a639117e12d7: shutdown 7494988f-ebd7-47bd-844d-a639117e12d7@group-96042CA7FA01-FollowerState
2023-12-05 10:05:29,239 [7494988f-ebd7-47bd-844d-a639117e12d7@group-96042CA7FA01-FollowerState] INFO  server.RaftServer$Division (RaftServerImpl.java:setRole(379)) - 7494988f-ebd7-47bd-844d-a639117e12d7@group-96042CA7FA01: changes role from  FOLLOWER to CANDIDATE at term 0 for changeToCandidate
2023-12-05 10:05:29,239 [7494988f-ebd7-47bd-844d-a639117e12d7@group-96042CA7FA01-FollowerState] INFO  server.RaftServerConfigKeys (ConfUtils.java:logGet(46)) - raft.server.leaderelection.pre-vote = true (default)
2023-12-05 10:05:29,239 [7494988f-ebd7-47bd-844d-a639117e12d7@group-96042CA7FA01-FollowerState] INFO  impl.RoleInfo (RoleInfo.java:updateAndGet(139)) - 7494988f-ebd7-47bd-844d-a639117e12d7: start 7494988f-ebd7-47bd-844d-a639117e12d7@group-96042CA7FA01-LeaderElection19
2023-12-05 10:05:29,240 [7494988f-ebd7-47bd-844d-a639117e12d7@group-96042CA7FA01-LeaderElection19] INFO  impl.LeaderElection (LeaderElection.java:askForVotes(323)) - 7494988f-ebd7-47bd-844d-a639117e12d7@group-96042CA7FA01-LeaderElection19 PRE_VOTE round 0: submit vote requests at term 0 for -1: peers:[7494988f-ebd7-47bd-844d-a639117e12d7|10.1.0.7:15119]|listeners:[], old=null
2023-12-05 10:05:29,240 [7494988f-ebd7-47bd-844d-a639117e12d7@group-96042CA7FA01-LeaderElection19] INFO  impl.LeaderElection (LeaderElection.java:askForVotes(325)) - 7494988f-ebd7-47bd-844d-a639117e12d7@group-96042CA7FA01-LeaderElection19 PRE_VOTE round 0: result PASSED (term=0)
2023-12-05 10:05:29,242 [7494988f-ebd7-47bd-844d-a639117e12d7@group-96042CA7FA01-LeaderElection19] INFO  impl.LeaderElection (LeaderElection.java:askForVotes(323)) - 7494988f-ebd7-47bd-844d-a639117e12d7@group-96042CA7FA01-LeaderElection19 ELECTION round 0: submit vote requests at term 1 for -1: peers:[7494988f-ebd7-47bd-844d-a639117e12d7|10.1.0.7:15119]|listeners:[], old=null
2023-12-05 10:05:29,242 [7494988f-ebd7-47bd-844d-a639117e12d7@group-96042CA7FA01-LeaderElection19] INFO  impl.LeaderElection (LeaderElection.java:askForVotes(325)) - 7494988f-ebd7-47bd-844d-a639117e12d7@group-96042CA7FA01-LeaderElection19 ELECTION round 0: result PASSED (term=1)
2023-12-05 10:05:29,242 [7494988f-ebd7-47bd-844d-a639117e12d7@group-96042CA7FA01-LeaderElection19] INFO  impl.RoleInfo (RoleInfo.java:shutdownLeaderElection(130)) - 7494988f-ebd7-47bd-844d-a639117e12d7: shutdown 7494988f-ebd7-47bd-844d-a639117e12d7@group-96042CA7FA01-LeaderElection19
2023-12-05 10:05:29,242 [7494988f-ebd7-47bd-844d-a639117e12d7@group-96042CA7FA01-LeaderElection19] INFO  server.RaftServer$Division (RaftServerImpl.java:setRole(379)) - 7494988f-ebd7-47bd-844d-a639117e12d7@group-96042CA7FA01: changes role from CANDIDATE to LEADER at term 1 for changeToLeader
2023-12-05 10:05:29,242 [7494988f-ebd7-47bd-844d-a639117e12d7@group-96042CA7FA01-LeaderElection19] INFO  server.RaftServerConfigKeys (ConfUtils.java:logGet(46)) - raft.server.staging.catchup.gap = 1000 (default)
2023-12-05 10:05:29,242 [7494988f-ebd7-47bd-844d-a639117e12d7@group-96042CA7FA01-LeaderElection19] INFO  server.RaftServerConfigKeys (ConfUtils.java:logGet(46)) - raft.server.write.element-limit = 1024 (custom)
2023-12-05 10:05:29,242 [7494988f-ebd7-47bd-844d-a639117e12d7@group-96042CA7FA01-LeaderElection19] INFO  server.RaftServerConfigKeys (ConfUtils.java:logGet(46)) - raft.server.write.byte-limit = 1024 M (=1073741824) (custom)
2023-12-05 10:05:29,242 [7494988f-ebd7-47bd-844d-a639117e12d7@group-96042CA7FA01-LeaderElection19] INFO  server.RaftServerConfigKeys (ConfUtils.java:logGet(46)) - raft.server.watch.timeout = 180s (custom)
2023-12-05 10:05:29,242 [7494988f-ebd7-47bd-844d-a639117e12d7@group-96042CA7FA01-LeaderElection19] INFO  server.RaftServerConfigKeys (ConfUtils.java:logGet(46)) - raft.server.watch.timeout.denomination = 1s (default)
2023-12-05 10:05:29,242 [7494988f-ebd7-47bd-844d-a639117e12d7@group-96042CA7FA01-LeaderElection19] INFO  server.RaftServerConfigKeys (ConfUtils.java:logGet(46)) - raft.server.watch.element-limit = 65536 (default)
2023-12-05 10:05:29,242 [7494988f-ebd7-47bd-844d-a639117e12d7@group-96042CA7FA01-LeaderElection19] INFO  server.RaftServerConfigKeys (ConfUtils.java:logGet(46)) - raft.server.read.leader.lease.enabled = false (default)
2023-12-05 10:05:29,242 [7494988f-ebd7-47bd-844d-a639117e12d7@group-96042CA7FA01-LeaderElection19] INFO  server.RaftServerConfigKeys (ConfUtils.java:logGet(46)) - raft.server.read.leader.lease.timeout.ratio = 0.9 (default)
2023-12-05 10:05:29,242 [7494988f-ebd7-47bd-844d-a639117e12d7@group-96042CA7FA01-LeaderElection19] INFO  server.RaftServerConfigKeys (ConfUtils.java:logGet(46)) - raft.server.rpc.timeout.min = 5s (custom)
2023-12-05 10:05:29,243 [7494988f-ebd7-47bd-844d-a639117e12d7@group-96042CA7FA01-LeaderElection19] INFO  server.RaftServerConfigKeys (ConfUtils.java:logGet(46)) - raft.server.write.element-limit = 1024 (custom)
2023-12-05 10:05:29,243 [7494988f-ebd7-47bd-844d-a639117e12d7@group-96042CA7FA01-LeaderElection19] INFO  server.RaftServerConfigKeys (ConfUtils.java:logGet(46)) - raft.server.write.follower.gap.ratio.max = -1.0 (default)
2023-12-05 10:05:29,243 [7494988f-ebd7-47bd-844d-a639117e12d7@group-96042CA7FA01-LeaderElection19] INFO  impl.RoleInfo (RoleInfo.java:updateAndGet(139)) - 7494988f-ebd7-47bd-844d-a639117e12d7: start 7494988f-ebd7-47bd-844d-a639117e12d7@group-96042CA7FA01-LeaderStateImpl
2023-12-05 10:05:29,243 [7494988f-ebd7-47bd-844d-a639117e12d7@group-96042CA7FA01-LeaderElection19] INFO  server.RaftServer$Division (RaftServerImpl.java:setFirstElection(564)) - 7494988f-ebd7-47bd-844d-a639117e12d7@group-96042CA7FA01: set firstElectionSinceStartup to false for becomeLeader
2023-12-05 10:05:29,243 [7494988f-ebd7-47bd-844d-a639117e12d7@group-96042CA7FA01-LeaderElection19] INFO  ratis.XceiverServerRatis (XceiverServerRatis.java:handleLeaderChangedNotification(935)) - Leader change notification received for group: group-96042CA7FA01 with new leaderId: 7494988f-ebd7-47bd-844d-a639117e12d7
2023-12-05 10:05:29,243 [7494988f-ebd7-47bd-844d-a639117e12d7@group-96042CA7FA01-LeaderElection19] INFO  server.RaftServer$Division (ServerState.java:setLeader(265)) - 7494988f-ebd7-47bd-844d-a639117e12d7@group-96042CA7FA01: change Leader from null to 7494988f-ebd7-47bd-844d-a639117e12d7 at term 1 for becomeLeader, leader elected after 5126ms
2023-12-05 10:05:29,243 [7494988f-ebd7-47bd-844d-a639117e12d7@group-96042CA7FA01-LeaderElection19] INFO  segmented.SegmentedRaftLogWorker (SegmentedRaftLogWorker.java:startLogSegment(428)) - 7494988f-ebd7-47bd-844d-a639117e12d7@group-96042CA7FA01-SegmentedRaftLogWorker: Starting segment from index:0
2023-12-05 10:05:29,244 [EventQueue-OpenPipelineForHealthyPipelineSafeModeRule] INFO  safemode.SCMSafeModeManager (HealthyPipelineSafeModeRule.java:process(137)) - SCM in safe mode. Healthy pipelines reported count is 0, required healthy pipeline reported count is 1
2023-12-05 10:05:29,247 [7494988f-ebd7-47bd-844d-a639117e12d7@group-96042CA7FA01-LeaderElection19] INFO  server.RaftServer$Division (ServerState.java:setRaftConf(382)) - 7494988f-ebd7-47bd-844d-a639117e12d7@group-96042CA7FA01: set configuration 0: peers:[7494988f-ebd7-47bd-844d-a639117e12d7|10.1.0.7:15119]|listeners:[], old=null
2023-12-05 10:05:29,251 [7494988f-ebd7-47bd-844d-a639117e12d7@group-96042CA7FA01-SegmentedRaftLogWorker] INFO  segmented.SegmentedRaftLogWorker (SegmentedRaftLogWorker.java:execute(632)) - 7494988f-ebd7-47bd-844d-a639117e12d7@group-96042CA7FA01-SegmentedRaftLogWorker: created new log segment /home/runner/work/ozone/ozone/hadoop-ozone/integration-test/target/test-dir/MiniOzoneClusterImpl-782bf028-a903-465f-9351-69beed6026d9/datanode-0/data/ratis/8ece25f8-0f8f-4f2a-b915-96042ca7fa01/current/log_inprogress_0
2023-12-05 10:05:29,252 [7494988f-ebd7-47bd-844d-a639117e12d7@group-96042CA7FA01-StateMachineUpdater] INFO  server.RaftServer$Division (LeaderStateImpl.java:isApplied(316)) - leader is ready since appliedIndex == 0 >= startIndex == 0
2023-12-05 10:05:29,275 [871674c1-9b24-4b63-86c9-e7fd58f2c8d8@group-30EE4ABB169F-FollowerState] INFO  impl.FollowerState (FollowerState.java:run(143)) - 871674c1-9b24-4b63-86c9-e7fd58f2c8d8@group-30EE4ABB169F-FollowerState: change to CANDIDATE, lastRpcElapsedTime:5039169354ns, electionTimeout:5033ms
2023-12-05 10:05:29,275 [871674c1-9b24-4b63-86c9-e7fd58f2c8d8@group-30EE4ABB169F-FollowerState] INFO  impl.RoleInfo (RoleInfo.java:shutdownFollowerState(110)) - 871674c1-9b24-4b63-86c9-e7fd58f2c8d8: shutdown 871674c1-9b24-4b63-86c9-e7fd58f2c8d8@group-30EE4ABB169F-FollowerState
2023-12-05 10:05:29,275 [871674c1-9b24-4b63-86c9-e7fd58f2c8d8@group-30EE4ABB169F-FollowerState] INFO  server.RaftServer$Division (RaftServerImpl.java:setRole(379)) - 871674c1-9b24-4b63-86c9-e7fd58f2c8d8@group-30EE4ABB169F: changes role from  FOLLOWER to CANDIDATE at term 0 for changeToCandidate
2023-12-05 10:05:29,275 [871674c1-9b24-4b63-86c9-e7fd58f2c8d8@group-30EE4ABB169F-FollowerState] INFO  server.RaftServerConfigKeys (ConfUtils.java:logGet(46)) - raft.server.leaderelection.pre-vote = true (default)
2023-12-05 10:05:29,275 [871674c1-9b24-4b63-86c9-e7fd58f2c8d8@group-30EE4ABB169F-FollowerState] INFO  impl.RoleInfo (RoleInfo.java:updateAndGet(139)) - 871674c1-9b24-4b63-86c9-e7fd58f2c8d8: start 871674c1-9b24-4b63-86c9-e7fd58f2c8d8@group-30EE4ABB169F-LeaderElection20
2023-12-05 10:05:29,276 [871674c1-9b24-4b63-86c9-e7fd58f2c8d8@group-30EE4ABB169F-LeaderElection20] INFO  impl.LeaderElection (LeaderElection.java:askForVotes(323)) - 871674c1-9b24-4b63-86c9-e7fd58f2c8d8@group-30EE4ABB169F-LeaderElection20 PRE_VOTE round 0: submit vote requests at term 0 for -1: peers:[871674c1-9b24-4b63-86c9-e7fd58f2c8d8|10.1.0.7:15128]|listeners:[], old=null
2023-12-05 10:05:29,276 [871674c1-9b24-4b63-86c9-e7fd58f2c8d8@group-30EE4ABB169F-LeaderElection20] INFO  impl.LeaderElection (LeaderElection.java:askForVotes(325)) - 871674c1-9b24-4b63-86c9-e7fd58f2c8d8@group-30EE4ABB169F-LeaderElection20 PRE_VOTE round 0: result PASSED (term=0)
2023-12-05 10:05:29,277 [871674c1-9b24-4b63-86c9-e7fd58f2c8d8@group-30EE4ABB169F-LeaderElection20] INFO  impl.LeaderElection (LeaderElection.java:askForVotes(323)) - 871674c1-9b24-4b63-86c9-e7fd58f2c8d8@group-30EE4ABB169F-LeaderElection20 ELECTION round 0: submit vote requests at term 1 for -1: peers:[871674c1-9b24-4b63-86c9-e7fd58f2c8d8|10.1.0.7:15128]|listeners:[], old=null
2023-12-05 10:05:29,277 [871674c1-9b24-4b63-86c9-e7fd58f2c8d8@group-30EE4ABB169F-LeaderElection20] INFO  impl.LeaderElection (LeaderElection.java:askForVotes(325)) - 871674c1-9b24-4b63-86c9-e7fd58f2c8d8@group-30EE4ABB169F-LeaderElection20 ELECTION round 0: result PASSED (term=1)
2023-12-05 10:05:29,277 [871674c1-9b24-4b63-86c9-e7fd58f2c8d8@group-30EE4ABB169F-LeaderElection20] INFO  impl.RoleInfo (RoleInfo.java:shutdownLeaderElection(130)) - 871674c1-9b24-4b63-86c9-e7fd58f2c8d8: shutdown 871674c1-9b24-4b63-86c9-e7fd58f2c8d8@group-30EE4ABB169F-LeaderElection20
2023-12-05 10:05:29,277 [871674c1-9b24-4b63-86c9-e7fd58f2c8d8@group-30EE4ABB169F-LeaderElection20] INFO  server.RaftServer$Division (RaftServerImpl.java:setRole(379)) - 871674c1-9b24-4b63-86c9-e7fd58f2c8d8@group-30EE4ABB169F: changes role from CANDIDATE to LEADER at term 1 for changeToLeader
2023-12-05 10:05:29,277 [871674c1-9b24-4b63-86c9-e7fd58f2c8d8@group-30EE4ABB169F-LeaderElection20] INFO  server.RaftServerConfigKeys (ConfUtils.java:logGet(46)) - raft.server.staging.catchup.gap = 1000 (default)
2023-12-05 10:05:29,278 [871674c1-9b24-4b63-86c9-e7fd58f2c8d8@group-30EE4ABB169F-LeaderElection20] INFO  server.RaftServerConfigKeys (ConfUtils.java:logGet(46)) - raft.server.write.element-limit = 1024 (custom)
2023-12-05 10:05:29,278 [871674c1-9b24-4b63-86c9-e7fd58f2c8d8@group-30EE4ABB169F-LeaderElection20] INFO  server.RaftServerConfigKeys (ConfUtils.java:logGet(46)) - raft.server.write.byte-limit = 1024 M (=1073741824) (custom)
2023-12-05 10:05:29,278 [871674c1-9b24-4b63-86c9-e7fd58f2c8d8@group-30EE4ABB169F-LeaderElection20] INFO  server.RaftServerConfigKeys (ConfUtils.java:logGet(46)) - raft.server.watch.timeout = 180s (custom)
2023-12-05 10:05:29,278 [871674c1-9b24-4b63-86c9-e7fd58f2c8d8@group-30EE4ABB169F-LeaderElection20] INFO  server.RaftServerConfigKeys (ConfUtils.java:logGet(46)) - raft.server.watch.timeout.denomination = 1s (default)
2023-12-05 10:05:29,278 [871674c1-9b24-4b63-86c9-e7fd58f2c8d8@group-30EE4ABB169F-LeaderElection20] INFO  server.RaftServerConfigKeys (ConfUtils.java:logGet(46)) - raft.server.watch.element-limit = 65536 (default)
2023-12-05 10:05:29,278 [871674c1-9b24-4b63-86c9-e7fd58f2c8d8@group-30EE4ABB169F-LeaderElection20] INFO  server.RaftServerConfigKeys (ConfUtils.java:logGet(46)) - raft.server.read.leader.lease.enabled = false (default)
2023-12-05 10:05:29,278 [871674c1-9b24-4b63-86c9-e7fd58f2c8d8@group-30EE4ABB169F-LeaderElection20] INFO  server.RaftServerConfigKeys (ConfUtils.java:logGet(46)) - raft.server.read.leader.lease.timeout.ratio = 0.9 (default)
2023-12-05 10:05:29,278 [871674c1-9b24-4b63-86c9-e7fd58f2c8d8@group-30EE4ABB169F-LeaderElection20] INFO  server.RaftServerConfigKeys (ConfUtils.java:logGet(46)) - raft.server.rpc.timeout.min = 5s (custom)
2023-12-05 10:05:29,278 [871674c1-9b24-4b63-86c9-e7fd58f2c8d8@group-30EE4ABB169F-LeaderElection20] INFO  server.RaftServerConfigKeys (ConfUtils.java:logGet(46)) - raft.server.write.element-limit = 1024 (custom)
2023-12-05 10:05:29,278 [871674c1-9b24-4b63-86c9-e7fd58f2c8d8@group-30EE4ABB169F-LeaderElection20] INFO  server.RaftServerConfigKeys (ConfUtils.java:logGet(46)) - raft.server.write.follower.gap.ratio.max = -1.0 (default)
2023-12-05 10:05:29,278 [871674c1-9b24-4b63-86c9-e7fd58f2c8d8@group-30EE4ABB169F-LeaderElection20] INFO  impl.RoleInfo (RoleInfo.java:updateAndGet(139)) - 871674c1-9b24-4b63-86c9-e7fd58f2c8d8: start 871674c1-9b24-4b63-86c9-e7fd58f2c8d8@group-30EE4ABB169F-LeaderStateImpl
2023-12-05 10:05:29,278 [871674c1-9b24-4b63-86c9-e7fd58f2c8d8@group-30EE4ABB169F-LeaderElection20] INFO  server.RaftServer$Division (RaftServerImpl.java:setFirstElection(564)) - 871674c1-9b24-4b63-86c9-e7fd58f2c8d8@group-30EE4ABB169F: set firstElectionSinceStartup to false for becomeLeader
2023-12-05 10:05:29,278 [871674c1-9b24-4b63-86c9-e7fd58f2c8d8@group-30EE4ABB169F-LeaderElection20] INFO  ratis.XceiverServerRatis (XceiverServerRatis.java:handleLeaderChangedNotification(935)) - Leader change notification received for group: group-30EE4ABB169F with new leaderId: 871674c1-9b24-4b63-86c9-e7fd58f2c8d8
2023-12-05 10:05:29,279 [871674c1-9b24-4b63-86c9-e7fd58f2c8d8@group-30EE4ABB169F-LeaderElection20] INFO  server.RaftServer$Division (ServerState.java:setLeader(265)) - 871674c1-9b24-4b63-86c9-e7fd58f2c8d8@group-30EE4ABB169F: change Leader from null to 871674c1-9b24-4b63-86c9-e7fd58f2c8d8 at term 1 for becomeLeader, leader elected after 5055ms
2023-12-05 10:05:29,279 [871674c1-9b24-4b63-86c9-e7fd58f2c8d8@group-30EE4ABB169F-LeaderElection20] INFO  segmented.SegmentedRaftLogWorker (SegmentedRaftLogWorker.java:startLogSegment(428)) - 871674c1-9b24-4b63-86c9-e7fd58f2c8d8@group-30EE4ABB169F-SegmentedRaftLogWorker: Starting segment from index:0
2023-12-05 10:05:29,282 [871674c1-9b24-4b63-86c9-e7fd58f2c8d8@group-30EE4ABB169F-LeaderElection20] INFO  server.RaftServer$Division (ServerState.java:setRaftConf(382)) - 871674c1-9b24-4b63-86c9-e7fd58f2c8d8@group-30EE4ABB169F: set configuration 0: peers:[871674c1-9b24-4b63-86c9-e7fd58f2c8d8|10.1.0.7:15128]|listeners:[], old=null
2023-12-05 10:05:29,282 [EventQueue-OpenPipelineForHealthyPipelineSafeModeRule] INFO  safemode.SCMSafeModeManager (HealthyPipelineSafeModeRule.java:process(137)) - SCM in safe mode. Healthy pipelines reported count is 0, required healthy pipeline reported count is 1
2023-12-05 10:05:29,286 [871674c1-9b24-4b63-86c9-e7fd58f2c8d8@group-30EE4ABB169F-SegmentedRaftLogWorker] INFO  segmented.SegmentedRaftLogWorker (SegmentedRaftLogWorker.java:execute(632)) - 871674c1-9b24-4b63-86c9-e7fd58f2c8d8@group-30EE4ABB169F-SegmentedRaftLogWorker: created new log segment /home/runner/work/ozone/ozone/hadoop-ozone/integration-test/target/test-dir/MiniOzoneClusterImpl-782bf028-a903-465f-9351-69beed6026d9/datanode-1/data/ratis/2add67f2-25c5-4d76-b76f-30ee4abb169f/current/log_inprogress_0
2023-12-05 10:05:29,287 [871674c1-9b24-4b63-86c9-e7fd58f2c8d8@group-30EE4ABB169F-StateMachineUpdater] INFO  server.RaftServer$Division (LeaderStateImpl.java:isApplied(316)) - leader is ready since appliedIndex == 0 >= startIndex == 0
2023-12-05 10:05:29,306 [d731cfa9-bd59-499f-bb7f-50a20b0e2d64@group-0ED44AA663CF-FollowerState] INFO  impl.FollowerState (FollowerState.java:run(143)) - d731cfa9-bd59-499f-bb7f-50a20b0e2d64@group-0ED44AA663CF-FollowerState: change to CANDIDATE, lastRpcElapsedTime:5042552937ns, electionTimeout:5041ms
2023-12-05 10:05:29,307 [d731cfa9-bd59-499f-bb7f-50a20b0e2d64@group-0ED44AA663CF-FollowerState] INFO  impl.RoleInfo (RoleInfo.java:shutdownFollowerState(110)) - d731cfa9-bd59-499f-bb7f-50a20b0e2d64: shutdown d731cfa9-bd59-499f-bb7f-50a20b0e2d64@group-0ED44AA663CF-FollowerState
2023-12-05 10:05:29,307 [d731cfa9-bd59-499f-bb7f-50a20b0e2d64@group-0ED44AA663CF-FollowerState] INFO  server.RaftServer$Division (RaftServerImpl.java:setRole(379)) - d731cfa9-bd59-499f-bb7f-50a20b0e2d64@group-0ED44AA663CF: changes role from  FOLLOWER to CANDIDATE at term 0 for changeToCandidate
2023-12-05 10:05:29,307 [d731cfa9-bd59-499f-bb7f-50a20b0e2d64@group-0ED44AA663CF-FollowerState] INFO  server.RaftServerConfigKeys (ConfUtils.java:logGet(46)) - raft.server.leaderelection.pre-vote = true (default)
2023-12-05 10:05:29,307 [d731cfa9-bd59-499f-bb7f-50a20b0e2d64@group-0ED44AA663CF-FollowerState] INFO  impl.RoleInfo (RoleInfo.java:updateAndGet(139)) - d731cfa9-bd59-499f-bb7f-50a20b0e2d64: start d731cfa9-bd59-499f-bb7f-50a20b0e2d64@group-0ED44AA663CF-LeaderElection21
2023-12-05 10:05:29,307 [d731cfa9-bd59-499f-bb7f-50a20b0e2d64@group-0ED44AA663CF-LeaderElection21] INFO  impl.LeaderElection (LeaderElection.java:askForVotes(323)) - d731cfa9-bd59-499f-bb7f-50a20b0e2d64@group-0ED44AA663CF-LeaderElection21 PRE_VOTE round 0: submit vote requests at term 0 for -1: peers:[7494988f-ebd7-47bd-844d-a639117e12d7|10.1.0.7:15119, d731cfa9-bd59-499f-bb7f-50a20b0e2d64|10.1.0.7:15137, 871674c1-9b24-4b63-86c9-e7fd58f2c8d8|10.1.0.7:15128]|listeners:[], old=null
2023-12-05 10:05:29,308 [d731cfa9-bd59-499f-bb7f-50a20b0e2d64@group-0ED44AA663CF-LeaderElection21-1] INFO  server.GrpcServerProtocolClient (GrpcServerProtocolClient.java:<init>(65)) - Build channel for 7494988f-ebd7-47bd-844d-a639117e12d7
2023-12-05 10:05:29,308 [d731cfa9-bd59-499f-bb7f-50a20b0e2d64@group-0ED44AA663CF-LeaderElection21] INFO  server.RaftServerConfigKeys (ConfUtils.java:logFallback(53)) - raft.server.rpc.first-election.timeout.min = 5s (fallback to raft.server.rpc.timeout.min)
2023-12-05 10:05:29,308 [d731cfa9-bd59-499f-bb7f-50a20b0e2d64@group-0ED44AA663CF-LeaderElection21] INFO  server.RaftServerConfigKeys (ConfUtils.java:logFallback(53)) - raft.server.rpc.first-election.timeout.max = 5200ms (fallback to raft.server.rpc.timeout.max)
2023-12-05 10:05:29,308 [d731cfa9-bd59-499f-bb7f-50a20b0e2d64@group-0ED44AA663CF-LeaderElection21-2] INFO  server.GrpcServerProtocolClient (GrpcServerProtocolClient.java:<init>(65)) - Build channel for 871674c1-9b24-4b63-86c9-e7fd58f2c8d8
2023-12-05 10:05:29,310 [main] INFO  ozone.MiniOzoneClusterImpl (MiniOzoneClusterImpl.java:lambda$waitForClusterToBeReady$0(229)) - Nodes are ready. Got 3 of 3 DN Heartbeats.
2023-12-05 10:05:29,310 [main] INFO  ozone.MiniOzoneClusterImpl (MiniOzoneClusterImpl.java:lambda$waitForClusterToBeReady$0(232)) - Waiting for cluster to exit safe mode
2023-12-05 10:05:29,310 [main] INFO  ozone.MiniOzoneClusterImpl (MiniOzoneClusterImpl.java:lambda$waitForClusterToBeReady$0(234)) - SCM became leader
2023-12-05 10:05:29,316 [grpc-default-executor-0] INFO  server.RaftServer$Division (RaftServerImpl.java:requestVote(1377)) - 7494988f-ebd7-47bd-844d-a639117e12d7@group-0ED44AA663CF: receive requestVote(PRE_VOTE, d731cfa9-bd59-499f-bb7f-50a20b0e2d64, group-0ED44AA663CF, 0, (t:0, i:0))
2023-12-05 10:05:29,316 [grpc-default-executor-0] INFO  impl.VoteContext (VoteContext.java:log(49)) - 7494988f-ebd7-47bd-844d-a639117e12d7@group-0ED44AA663CF-FOLLOWER: accept PRE_VOTE from d731cfa9-bd59-499f-bb7f-50a20b0e2d64: our priority 0 <= candidate's priority 1
2023-12-05 10:05:29,316 [grpc-default-executor-0] INFO  server.RaftServer$Division (RaftServerImpl.java:requestVote(1410)) - 7494988f-ebd7-47bd-844d-a639117e12d7@group-0ED44AA663CF replies to PRE_VOTE vote request: d731cfa9-bd59-499f-bb7f-50a20b0e2d64<-7494988f-ebd7-47bd-844d-a639117e12d7#0:OK-t0. Peer's state: 7494988f-ebd7-47bd-844d-a639117e12d7@group-0ED44AA663CF:t0, leader=null, voted=, raftlog=Memoized:7494988f-ebd7-47bd-844d-a639117e12d7@group-0ED44AA663CF-SegmentedRaftLog:OPENED:c-1, conf=-1: peers:[7494988f-ebd7-47bd-844d-a639117e12d7|10.1.0.7:15119, d731cfa9-bd59-499f-bb7f-50a20b0e2d64|10.1.0.7:15137, 871674c1-9b24-4b63-86c9-e7fd58f2c8d8|10.1.0.7:15128]|listeners:[], old=null
2023-12-05 10:05:29,318 [d731cfa9-bd59-499f-bb7f-50a20b0e2d64@group-0ED44AA663CF-LeaderElection21] INFO  impl.LeaderElection (LeaderElection.java:logAndReturn(89)) - d731cfa9-bd59-499f-bb7f-50a20b0e2d64@group-0ED44AA663CF-LeaderElection21: PRE_VOTE PASSED received 1 response(s) and 0 exception(s):
2023-12-05 10:05:29,318 [d731cfa9-bd59-499f-bb7f-50a20b0e2d64@group-0ED44AA663CF-LeaderElection21] INFO  impl.LeaderElection (LeaderElection.java:logAndReturn(93)) -   Response 0: d731cfa9-bd59-499f-bb7f-50a20b0e2d64<-7494988f-ebd7-47bd-844d-a639117e12d7#0:OK-t0
2023-12-05 10:05:29,318 [d731cfa9-bd59-499f-bb7f-50a20b0e2d64@group-0ED44AA663CF-LeaderElection21] INFO  impl.LeaderElection (LeaderElection.java:askForVotes(325)) - d731cfa9-bd59-499f-bb7f-50a20b0e2d64@group-0ED44AA663CF-LeaderElection21 PRE_VOTE round 0: result PASSED
2023-12-05 10:05:29,319 [d731cfa9-bd59-499f-bb7f-50a20b0e2d64@group-0ED44AA663CF-LeaderElection21] INFO  impl.LeaderElection (LeaderElection.java:askForVotes(323)) - d731cfa9-bd59-499f-bb7f-50a20b0e2d64@group-0ED44AA663CF-LeaderElection21 ELECTION round 0: submit vote requests at term 1 for -1: peers:[7494988f-ebd7-47bd-844d-a639117e12d7|10.1.0.7:15119, d731cfa9-bd59-499f-bb7f-50a20b0e2d64|10.1.0.7:15137, 871674c1-9b24-4b63-86c9-e7fd58f2c8d8|10.1.0.7:15128]|listeners:[], old=null
2023-12-05 10:05:29,320 [d731cfa9-bd59-499f-bb7f-50a20b0e2d64@group-0ED44AA663CF-LeaderElection21] INFO  server.RaftServerConfigKeys (ConfUtils.java:logFallback(53)) - raft.server.rpc.first-election.timeout.min = 5s (fallback to raft.server.rpc.timeout.min)
2023-12-05 10:05:29,320 [d731cfa9-bd59-499f-bb7f-50a20b0e2d64@group-0ED44AA663CF-LeaderElection21] INFO  server.RaftServerConfigKeys (ConfUtils.java:logFallback(53)) - raft.server.rpc.first-election.timeout.max = 5200ms (fallback to raft.server.rpc.timeout.max)
2023-12-05 10:05:29,321 [grpc-default-executor-0] INFO  server.RaftServer$Division (RaftServerImpl.java:requestVote(1377)) - 7494988f-ebd7-47bd-844d-a639117e12d7@group-0ED44AA663CF: receive requestVote(ELECTION, d731cfa9-bd59-499f-bb7f-50a20b0e2d64, group-0ED44AA663CF, 1, (t:0, i:0))
2023-12-05 10:05:29,321 [grpc-default-executor-0] INFO  impl.VoteContext (VoteContext.java:log(49)) - 7494988f-ebd7-47bd-844d-a639117e12d7@group-0ED44AA663CF-FOLLOWER: accept ELECTION from d731cfa9-bd59-499f-bb7f-50a20b0e2d64: our priority 0 <= candidate's priority 1
2023-12-05 10:05:29,321 [grpc-default-executor-0] INFO  server.RaftServer$Division (RaftServerImpl.java:setRole(379)) - 7494988f-ebd7-47bd-844d-a639117e12d7@group-0ED44AA663CF: changes role from  FOLLOWER to FOLLOWER at term 1 for candidate:d731cfa9-bd59-499f-bb7f-50a20b0e2d64
2023-12-05 10:05:29,321 [grpc-default-executor-0] INFO  impl.RoleInfo (RoleInfo.java:shutdownFollowerState(110)) - 7494988f-ebd7-47bd-844d-a639117e12d7: shutdown 7494988f-ebd7-47bd-844d-a639117e12d7@group-0ED44AA663CF-FollowerState
2023-12-05 10:05:29,322 [grpc-default-executor-0] INFO  impl.RoleInfo (RoleInfo.java:updateAndGet(139)) - 7494988f-ebd7-47bd-844d-a639117e12d7: start 7494988f-ebd7-47bd-844d-a639117e12d7@group-0ED44AA663CF-FollowerState
2023-12-05 10:05:29,322 [7494988f-ebd7-47bd-844d-a639117e12d7@group-0ED44AA663CF-FollowerState] INFO  impl.FollowerState (FollowerState.java:run(152)) - 7494988f-ebd7-47bd-844d-a639117e12d7@group-0ED44AA663CF-FollowerState was interrupted
2023-12-05 10:05:29,323 [grpc-default-executor-0] INFO  server.RaftServer$Division (RaftServerImpl.java:requestVote(1410)) - 7494988f-ebd7-47bd-844d-a639117e12d7@group-0ED44AA663CF replies to ELECTION vote request: d731cfa9-bd59-499f-bb7f-50a20b0e2d64<-7494988f-ebd7-47bd-844d-a639117e12d7#0:OK-t1. Peer's state: 7494988f-ebd7-47bd-844d-a639117e12d7@group-0ED44AA663CF:t1, leader=null, voted=d731cfa9-bd59-499f-bb7f-50a20b0e2d64, raftlog=Memoized:7494988f-ebd7-47bd-844d-a639117e12d7@group-0ED44AA663CF-SegmentedRaftLog:OPENED:c-1, conf=-1: peers:[7494988f-ebd7-47bd-844d-a639117e12d7|10.1.0.7:15119, d731cfa9-bd59-499f-bb7f-50a20b0e2d64|10.1.0.7:15137, 871674c1-9b24-4b63-86c9-e7fd58f2c8d8|10.1.0.7:15128]|listeners:[], old=null
2023-12-05 10:05:29,324 [grpc-default-executor-1] INFO  server.RaftServer$Division (RaftServerImpl.java:requestVote(1377)) - 871674c1-9b24-4b63-86c9-e7fd58f2c8d8@group-0ED44AA663CF: receive requestVote(ELECTION, d731cfa9-bd59-499f-bb7f-50a20b0e2d64, group-0ED44AA663CF, 1, (t:0, i:0))
2023-12-05 10:05:29,324 [grpc-default-executor-1] INFO  impl.VoteContext (VoteContext.java:log(49)) - 871674c1-9b24-4b63-86c9-e7fd58f2c8d8@group-0ED44AA663CF-FOLLOWER: accept ELECTION from d731cfa9-bd59-499f-bb7f-50a20b0e2d64: our priority 0 <= candidate's priority 1
2023-12-05 10:05:29,324 [grpc-default-executor-1] INFO  server.RaftServer$Division (RaftServerImpl.java:setRole(379)) - 871674c1-9b24-4b63-86c9-e7fd58f2c8d8@group-0ED44AA663CF: changes role from  FOLLOWER to FOLLOWER at term 1 for candidate:d731cfa9-bd59-499f-bb7f-50a20b0e2d64
2023-12-05 10:05:29,324 [grpc-default-executor-1] INFO  impl.RoleInfo (RoleInfo.java:shutdownFollowerState(110)) - 871674c1-9b24-4b63-86c9-e7fd58f2c8d8: shutdown 871674c1-9b24-4b63-86c9-e7fd58f2c8d8@group-0ED44AA663CF-FollowerState
2023-12-05 10:05:29,328 [grpc-default-executor-1] INFO  impl.RoleInfo (RoleInfo.java:updateAndGet(139)) - 871674c1-9b24-4b63-86c9-e7fd58f2c8d8: start 871674c1-9b24-4b63-86c9-e7fd58f2c8d8@group-0ED44AA663CF-FollowerState
2023-12-05 10:05:29,328 [871674c1-9b24-4b63-86c9-e7fd58f2c8d8@group-0ED44AA663CF-FollowerState] INFO  impl.FollowerState (FollowerState.java:run(152)) - 871674c1-9b24-4b63-86c9-e7fd58f2c8d8@group-0ED44AA663CF-FollowerState was interrupted
2023-12-05 10:05:29,328 [grpc-default-executor-1] INFO  server.RaftServer$Division (RaftServerImpl.java:setFirstElection(564)) - 871674c1-9b24-4b63-86c9-e7fd58f2c8d8@group-0ED44AA663CF: set firstElectionSinceStartup to false for candidate:d731cfa9-bd59-499f-bb7f-50a20b0e2d64
2023-12-05 10:05:29,328 [grpc-default-executor-2] INFO  server.RaftServer$Division (RaftServerImpl.java:requestVote(1377)) - 871674c1-9b24-4b63-86c9-e7fd58f2c8d8@group-0ED44AA663CF: receive requestVote(PRE_VOTE, d731cfa9-bd59-499f-bb7f-50a20b0e2d64, group-0ED44AA663CF, 0, (t:0, i:0))
2023-12-05 10:05:29,328 [d731cfa9-bd59-499f-bb7f-50a20b0e2d64@group-0ED44AA663CF-LeaderElection21] INFO  impl.LeaderElection (LeaderElection.java:logAndReturn(89)) - d731cfa9-bd59-499f-bb7f-50a20b0e2d64@group-0ED44AA663CF-LeaderElection21: ELECTION PASSED received 1 response(s) and 0 exception(s):
2023-12-05 10:05:29,328 [d731cfa9-bd59-499f-bb7f-50a20b0e2d64@group-0ED44AA663CF-LeaderElection21] INFO  impl.LeaderElection (LeaderElection.java:logAndReturn(93)) -   Response 0: d731cfa9-bd59-499f-bb7f-50a20b0e2d64<-7494988f-ebd7-47bd-844d-a639117e12d7#0:OK-t1
2023-12-05 10:05:29,328 [d731cfa9-bd59-499f-bb7f-50a20b0e2d64@group-0ED44AA663CF-LeaderElection21] INFO  impl.LeaderElection (LeaderElection.java:askForVotes(325)) - d731cfa9-bd59-499f-bb7f-50a20b0e2d64@group-0ED44AA663CF-LeaderElection21 ELECTION round 0: result PASSED
2023-12-05 10:05:29,328 [d731cfa9-bd59-499f-bb7f-50a20b0e2d64@group-0ED44AA663CF-LeaderElection21] INFO  impl.RoleInfo (RoleInfo.java:shutdownLeaderElection(130)) - d731cfa9-bd59-499f-bb7f-50a20b0e2d64: shutdown d731cfa9-bd59-499f-bb7f-50a20b0e2d64@group-0ED44AA663CF-LeaderElection21
2023-12-05 10:05:29,328 [d731cfa9-bd59-499f-bb7f-50a20b0e2d64@group-0ED44AA663CF-LeaderElection21] INFO  server.RaftServer$Division (RaftServerImpl.java:setRole(379)) - d731cfa9-bd59-499f-bb7f-50a20b0e2d64@group-0ED44AA663CF: changes role from CANDIDATE to LEADER at term 1 for changeToLeader
2023-12-05 10:05:29,329 [d731cfa9-bd59-499f-bb7f-50a20b0e2d64@group-0ED44AA663CF-LeaderElection21] INFO  server.RaftServerConfigKeys (ConfUtils.java:logGet(46)) - raft.server.staging.catchup.gap = 1000 (default)
2023-12-05 10:05:29,329 [d731cfa9-bd59-499f-bb7f-50a20b0e2d64@group-0ED44AA663CF-LeaderElection21] INFO  server.RaftServerConfigKeys (ConfUtils.java:logGet(46)) - raft.server.write.element-limit = 1024 (custom)
2023-12-05 10:05:29,329 [grpc-default-executor-1] INFO  server.RaftServer$Division (RaftServerImpl.java:requestVote(1410)) - 871674c1-9b24-4b63-86c9-e7fd58f2c8d8@group-0ED44AA663CF replies to ELECTION vote request: d731cfa9-bd59-499f-bb7f-50a20b0e2d64<-871674c1-9b24-4b63-86c9-e7fd58f2c8d8#0:OK-t1. Peer's state: 871674c1-9b24-4b63-86c9-e7fd58f2c8d8@group-0ED44AA663CF:t1, leader=null, voted=d731cfa9-bd59-499f-bb7f-50a20b0e2d64, raftlog=Memoized:871674c1-9b24-4b63-86c9-e7fd58f2c8d8@group-0ED44AA663CF-SegmentedRaftLog:OPENED:c-1, conf=-1: peers:[7494988f-ebd7-47bd-844d-a639117e12d7|10.1.0.7:15119, d731cfa9-bd59-499f-bb7f-50a20b0e2d64|10.1.0.7:15137, 871674c1-9b24-4b63-86c9-e7fd58f2c8d8|10.1.0.7:15128]|listeners:[], old=null
2023-12-05 10:05:29,330 [grpc-default-executor-2] INFO  impl.VoteContext (VoteContext.java:log(49)) - 871674c1-9b24-4b63-86c9-e7fd58f2c8d8@group-0ED44AA663CF-FOLLOWER: accept PRE_VOTE from d731cfa9-bd59-499f-bb7f-50a20b0e2d64: our priority 0 <= candidate's priority 1
2023-12-05 10:05:29,330 [grpc-default-executor-2] INFO  server.RaftServer$Division (RaftServerImpl.java:requestVote(1410)) - 871674c1-9b24-4b63-86c9-e7fd58f2c8d8@group-0ED44AA663CF replies to PRE_VOTE vote request: d731cfa9-bd59-499f-bb7f-50a20b0e2d64<-871674c1-9b24-4b63-86c9-e7fd58f2c8d8#0:OK-t1. Peer's state: 871674c1-9b24-4b63-86c9-e7fd58f2c8d8@group-0ED44AA663CF:t1, leader=null, voted=d731cfa9-bd59-499f-bb7f-50a20b0e2d64, raftlog=Memoized:871674c1-9b24-4b63-86c9-e7fd58f2c8d8@group-0ED44AA663CF-SegmentedRaftLog:OPENED:c-1, conf=-1: peers:[7494988f-ebd7-47bd-844d-a639117e12d7|10.1.0.7:15119, d731cfa9-bd59-499f-bb7f-50a20b0e2d64|10.1.0.7:15137, 871674c1-9b24-4b63-86c9-e7fd58f2c8d8|10.1.0.7:15128]|listeners:[], old=null
2023-12-05 10:05:29,330 [d731cfa9-bd59-499f-bb7f-50a20b0e2d64@group-0ED44AA663CF-LeaderElection21] INFO  server.RaftServerConfigKeys (ConfUtils.java:logGet(46)) - raft.server.write.byte-limit = 1024 M (=1073741824) (custom)
2023-12-05 10:05:29,331 [d731cfa9-bd59-499f-bb7f-50a20b0e2d64@group-0ED44AA663CF-LeaderElection21] INFO  server.RaftServerConfigKeys (ConfUtils.java:logGet(46)) - raft.server.watch.timeout = 180s (custom)
2023-12-05 10:05:29,331 [d731cfa9-bd59-499f-bb7f-50a20b0e2d64@group-0ED44AA663CF-LeaderElection21] INFO  server.RaftServerConfigKeys (ConfUtils.java:logGet(46)) - raft.server.watch.timeout.denomination = 1s (default)
2023-12-05 10:05:29,331 [d731cfa9-bd59-499f-bb7f-50a20b0e2d64@group-0ED44AA663CF-LeaderElection21] INFO  server.RaftServerConfigKeys (ConfUtils.java:logGet(46)) - raft.server.watch.element-limit = 65536 (default)
2023-12-05 10:05:29,331 [d731cfa9-bd59-499f-bb7f-50a20b0e2d64@group-0ED44AA663CF-LeaderElection21] INFO  server.RaftServerConfigKeys (ConfUtils.java:logGet(46)) - raft.server.read.leader.lease.enabled = false (default)
2023-12-05 10:05:29,331 [d731cfa9-bd59-499f-bb7f-50a20b0e2d64@group-0ED44AA663CF-LeaderElection21] INFO  server.RaftServerConfigKeys (ConfUtils.java:logGet(46)) - raft.server.read.leader.lease.timeout.ratio = 0.9 (default)
2023-12-05 10:05:29,331 [d731cfa9-bd59-499f-bb7f-50a20b0e2d64@group-0ED44AA663CF-LeaderElection21] INFO  server.RaftServerConfigKeys (ConfUtils.java:logGet(46)) - raft.server.rpc.timeout.min = 5s (custom)
2023-12-05 10:05:29,331 [d731cfa9-bd59-499f-bb7f-50a20b0e2d64@group-0ED44AA663CF-LeaderElection21] INFO  server.RaftServerConfigKeys (ConfUtils.java:logGet(46)) - raft.server.write.element-limit = 1024 (custom)
2023-12-05 10:05:29,331 [d731cfa9-bd59-499f-bb7f-50a20b0e2d64@group-0ED44AA663CF-LeaderElection21] INFO  server.RaftServerConfigKeys (ConfUtils.java:logGet(46)) - raft.server.write.follower.gap.ratio.max = -1.0 (default)
2023-12-05 10:05:29,331 [d731cfa9-bd59-499f-bb7f-50a20b0e2d64@group-0ED44AA663CF-LeaderElection21] INFO  server.RaftServerConfigKeys (ConfUtils.java:logGet(46)) - raft.server.log.appender.snapshot.chunk.size.max = 16MB (=16777216) (default)
2023-12-05 10:05:29,331 [d731cfa9-bd59-499f-bb7f-50a20b0e2d64@group-0ED44AA663CF-LeaderElection21] INFO  server.RaftServerConfigKeys (ConfUtils.java:logGet(46)) - raft.server.log.appender.buffer.byte-limit = 8388608 (custom)
2023-12-05 10:05:29,331 [d731cfa9-bd59-499f-bb7f-50a20b0e2d64@group-0ED44AA663CF-LeaderElection21] INFO  server.RaftServerConfigKeys (ConfUtils.java:logGet(46)) - raft.server.log.appender.buffer.element-limit = 1 (custom)
2023-12-05 10:05:29,331 [d731cfa9-bd59-499f-bb7f-50a20b0e2d64@group-0ED44AA663CF-LeaderElection21] INFO  server.RaftServerConfigKeys (ConfUtils.java:logGet(46)) - raft.server.log.appender.wait-time.min = 0μs (custom)
2023-12-05 10:05:29,332 [d731cfa9-bd59-499f-bb7f-50a20b0e2d64@group-0ED44AA663CF-LeaderElection21] INFO  grpc.GrpcConfigKeys (ConfUtils.java:logGet(46)) - raft.grpc.server.leader.outstanding.appends.max = 8 (default)
2023-12-05 10:05:29,332 [d731cfa9-bd59-499f-bb7f-50a20b0e2d64@group-0ED44AA663CF-LeaderElection21] INFO  server.RaftServerConfigKeys (ConfUtils.java:logGet(46)) - raft.server.rpc.request.timeout = 60s (custom)
2023-12-05 10:05:29,332 [d731cfa9-bd59-499f-bb7f-50a20b0e2d64@group-0ED44AA663CF-LeaderElection21] INFO  grpc.GrpcConfigKeys (ConfUtils.java:logGet(46)) - raft.grpc.server.install_snapshot.request.element-limit = 8 (default)
2023-12-05 10:05:29,332 [d731cfa9-bd59-499f-bb7f-50a20b0e2d64@group-0ED44AA663CF-LeaderElection21] INFO  grpc.GrpcConfigKeys (ConfUtils.java:logGet(46)) - raft.grpc.server.install_snapshot.request.timeout = 3000ms (default)
2023-12-05 10:05:29,332 [d731cfa9-bd59-499f-bb7f-50a20b0e2d64@group-0ED44AA663CF-LeaderElection21] INFO  server.RaftServerConfigKeys (ConfUtils.java:logGet(46)) - raft.server.log.appender.install.snapshot.enabled = false (custom)
2023-12-05 10:05:29,332 [d731cfa9-bd59-499f-bb7f-50a20b0e2d64@group-0ED44AA663CF-LeaderElection21] INFO  grpc.GrpcConfigKeys (ConfUtils.java:logGet(46)) - raft.grpc.server.heartbeat.channel = true (default)
2023-12-05 10:05:29,332 [d731cfa9-bd59-499f-bb7f-50a20b0e2d64@group-0ED44AA663CF-LeaderElection21] INFO  server.RaftServerConfigKeys (ConfUtils.java:logGet(46)) - raft.server.log.appender.snapshot.chunk.size.max = 16MB (=16777216) (default)
2023-12-05 10:05:29,332 [d731cfa9-bd59-499f-bb7f-50a20b0e2d64@group-0ED44AA663CF-LeaderElection21] INFO  server.RaftServerConfigKeys (ConfUtils.java:logGet(46)) - raft.server.log.appender.buffer.byte-limit = 8388608 (custom)
2023-12-05 10:05:29,332 [d731cfa9-bd59-499f-bb7f-50a20b0e2d64@group-0ED44AA663CF-LeaderElection21] INFO  server.RaftServerConfigKeys (ConfUtils.java:logGet(46)) - raft.server.log.appender.buffer.element-limit = 1 (custom)
2023-12-05 10:05:29,333 [d731cfa9-bd59-499f-bb7f-50a20b0e2d64@group-0ED44AA663CF-LeaderElection21] INFO  server.RaftServerConfigKeys (ConfUtils.java:logGet(46)) - raft.server.log.appender.wait-time.min = 0μs (custom)
2023-12-05 10:05:29,333 [d731cfa9-bd59-499f-bb7f-50a20b0e2d64@group-0ED44AA663CF-LeaderElection21] INFO  grpc.GrpcConfigKeys (ConfUtils.java:logGet(46)) - raft.grpc.server.leader.outstanding.appends.max = 8 (default)
2023-12-05 10:05:29,333 [d731cfa9-bd59-499f-bb7f-50a20b0e2d64@group-0ED44AA663CF-LeaderElection21] INFO  server.RaftServerConfigKeys (ConfUtils.java:logGet(46)) - raft.server.rpc.request.timeout = 60s (custom)
2023-12-05 10:05:29,333 [d731cfa9-bd59-499f-bb7f-50a20b0e2d64@group-0ED44AA663CF-LeaderElection21] INFO  grpc.GrpcConfigKeys (ConfUtils.java:logGet(46)) - raft.grpc.server.install_snapshot.request.element-limit = 8 (default)
2023-12-05 10:05:29,333 [d731cfa9-bd59-499f-bb7f-50a20b0e2d64@group-0ED44AA663CF-LeaderElection21] INFO  grpc.GrpcConfigKeys (ConfUtils.java:logGet(46)) - raft.grpc.server.install_snapshot.request.timeout = 3000ms (default)
2023-12-05 10:05:29,333 [d731cfa9-bd59-499f-bb7f-50a20b0e2d64@group-0ED44AA663CF-LeaderElection21] INFO  server.RaftServerConfigKeys (ConfUtils.java:logGet(46)) - raft.server.log.appender.install.snapshot.enabled = false (custom)
2023-12-05 10:05:29,333 [d731cfa9-bd59-499f-bb7f-50a20b0e2d64@group-0ED44AA663CF-LeaderElection21] INFO  grpc.GrpcConfigKeys (ConfUtils.java:logGet(46)) - raft.grpc.server.heartbeat.channel = true (default)
2023-12-05 10:05:29,333 [d731cfa9-bd59-499f-bb7f-50a20b0e2d64@group-0ED44AA663CF-LeaderElection21] INFO  impl.RoleInfo (RoleInfo.java:updateAndGet(139)) - d731cfa9-bd59-499f-bb7f-50a20b0e2d64: start d731cfa9-bd59-499f-bb7f-50a20b0e2d64@group-0ED44AA663CF-LeaderStateImpl
2023-12-05 10:05:29,333 [d731cfa9-bd59-499f-bb7f-50a20b0e2d64@group-0ED44AA663CF-LeaderElection21] INFO  server.RaftServer$Division (RaftServerImpl.java:setFirstElection(564)) - d731cfa9-bd59-499f-bb7f-50a20b0e2d64@group-0ED44AA663CF: set firstElectionSinceStartup to false for becomeLeader
2023-12-05 10:05:29,333 [d731cfa9-bd59-499f-bb7f-50a20b0e2d64@group-0ED44AA663CF-LeaderElection21] INFO  ratis.XceiverServerRatis (XceiverServerRatis.java:handleLeaderChangedNotification(935)) - Leader change notification received for group: group-0ED44AA663CF with new leaderId: d731cfa9-bd59-499f-bb7f-50a20b0e2d64
2023-12-05 10:05:29,333 [d731cfa9-bd59-499f-bb7f-50a20b0e2d64@group-0ED44AA663CF-LeaderElection21] INFO  server.RaftServer$Division (ServerState.java:setLeader(265)) - d731cfa9-bd59-499f-bb7f-50a20b0e2d64@group-0ED44AA663CF: change Leader from null to d731cfa9-bd59-499f-bb7f-50a20b0e2d64 at term 1 for becomeLeader, leader elected after 5087ms
2023-12-05 10:05:29,333 [d731cfa9-bd59-499f-bb7f-50a20b0e2d64@group-0ED44AA663CF-LeaderElection21] INFO  segmented.SegmentedRaftLogWorker (SegmentedRaftLogWorker.java:startLogSegment(428)) - d731cfa9-bd59-499f-bb7f-50a20b0e2d64@group-0ED44AA663CF-SegmentedRaftLogWorker: Starting segment from index:0
2023-12-05 10:05:29,335 [EventQueue-PipelineReportForPipelineReportHandler] INFO  pipeline.PipelineReportHandler (PipelineReportHandler.java:processPipelineReport(136)) - Opened pipeline PipelineID=510e2edb-154a-4334-8890-0ed44aa663cf
2023-12-05 10:05:29,335 [EventQueue-OpenPipelineForHealthyPipelineSafeModeRule] INFO  safemode.SCMSafeModeManager (HealthyPipelineSafeModeRule.java:process(137)) - SCM in safe mode. Healthy pipelines reported count is 1, required healthy pipeline reported count is 1
2023-12-05 10:05:29,335 [EventQueue-OpenPipelineForHealthyPipelineSafeModeRule] INFO  safemode.SCMSafeModeManager (SCMSafeModeManager.java:validateSafeModeExitRules(200)) - HealthyPipelineSafeModeRule rule is successfully validated
2023-12-05 10:05:29,336 [EventQueue-OpenPipelineForHealthyPipelineSafeModeRule] INFO  safemode.SCMSafeModeManager (SCMSafeModeManager.java:validateSafeModeExitRules(215)) - ScmSafeModeManager, all rules are successfully validated
2023-12-05 10:05:29,336 [EventQueue-OpenPipelineForHealthyPipelineSafeModeRule] INFO  safemode.SCMSafeModeManager (SCMSafeModeManager.java:exitSafeMode(244)) - SCM exiting safe mode.
2023-12-05 10:05:29,336 [EventQueue-OpenPipelineForHealthyPipelineSafeModeRule] INFO  ha.SCMContext (SCMContext.java:updateSafeModeStatus(230)) - Update SafeModeStatus from SafeModeStatus{safeModeStatus=true, preCheckPassed=true} to SafeModeStatus{safeModeStatus=false, preCheckPassed=true}.
2023-12-05 10:05:29,336 [EventQueue-OpenPipelineForHealthyPipelineSafeModeRule] INFO  pipeline.BackgroundPipelineCreator (BackgroundPipelineCreator.java:notifyStatusChanged(258)) - Service BackgroundPipelineCreator transitions to RUNNING.
2023-12-05 10:05:29,336 [EventQueue-OpenPipelineForHealthyPipelineSafeModeRule] INFO  BackgroundPipelineScrubber (BackgroundSCMService.java:notifyStatusChanged(82)) - Service BackgroundPipelineScrubber transitions to RUNNING.
2023-12-05 10:05:29,336 [EventQueue-OpenPipelineForHealthyPipelineSafeModeRule] INFO  ExpiredContainerReplicaOpScrubber (BackgroundSCMService.java:notifyStatusChanged(82)) - Service ExpiredContainerReplicaOpScrubber transitions to RUNNING.
2023-12-05 10:05:29,336 [EventQueue-OpenPipelineForHealthyPipelineSafeModeRule] INFO  replication.ReplicationManager (ReplicationManager.java:notifyStatusChanged(1399)) - Service ReplicationManager transitions to RUNNING.
2023-12-05 10:05:29,336 [EventQueue-OpenPipelineForHealthyPipelineSafeModeRule] WARN  balancer.ContainerBalancer (ContainerBalancer.java:shouldRun(134)) - Could not find persisted configuration for ContainerBalancer when checking if ContainerBalancer should run. ContainerBalancer should not run now.
2023-12-05 10:05:29,340 [d731cfa9-bd59-499f-bb7f-50a20b0e2d64@group-0ED44AA663CF-LeaderElection21] INFO  server.RaftServer$Division (ServerState.java:setRaftConf(382)) - d731cfa9-bd59-499f-bb7f-50a20b0e2d64@group-0ED44AA663CF: set configuration 0: peers:[7494988f-ebd7-47bd-844d-a639117e12d7|10.1.0.7:15119, d731cfa9-bd59-499f-bb7f-50a20b0e2d64|10.1.0.7:15137, 871674c1-9b24-4b63-86c9-e7fd58f2c8d8|10.1.0.7:15128]|listeners:[], old=null
2023-12-05 10:05:29,344 [d731cfa9-bd59-499f-bb7f-50a20b0e2d64@group-0ED44AA663CF-SegmentedRaftLogWorker] INFO  segmented.SegmentedRaftLogWorker (SegmentedRaftLogWorker.java:execute(632)) - d731cfa9-bd59-499f-bb7f-50a20b0e2d64@group-0ED44AA663CF-SegmentedRaftLogWorker: created new log segment /home/runner/work/ozone/ozone/hadoop-ozone/integration-test/target/test-dir/MiniOzoneClusterImpl-782bf028-a903-465f-9351-69beed6026d9/datanode-2/data/ratis/510e2edb-154a-4334-8890-0ed44aa663cf/current/log_inprogress_0
2023-12-05 10:05:29,352 [871674c1-9b24-4b63-86c9-e7fd58f2c8d8-server-thread1] INFO  ratis.XceiverServerRatis (XceiverServerRatis.java:handleLeaderChangedNotification(935)) - Leader change notification received for group: group-0ED44AA663CF with new leaderId: d731cfa9-bd59-499f-bb7f-50a20b0e2d64
2023-12-05 10:05:29,353 [871674c1-9b24-4b63-86c9-e7fd58f2c8d8-server-thread1] INFO  server.RaftServer$Division (ServerState.java:setLeader(265)) - 871674c1-9b24-4b63-86c9-e7fd58f2c8d8@group-0ED44AA663CF: change Leader from null to d731cfa9-bd59-499f-bb7f-50a20b0e2d64 at term 1 for appendEntries, leader elected after 5155ms
2023-12-05 10:05:29,356 [7494988f-ebd7-47bd-844d-a639117e12d7-server-thread1] INFO  ratis.XceiverServerRatis (XceiverServerRatis.java:handleLeaderChangedNotification(935)) - Leader change notification received for group: group-0ED44AA663CF with new leaderId: d731cfa9-bd59-499f-bb7f-50a20b0e2d64
2023-12-05 10:05:29,356 [7494988f-ebd7-47bd-844d-a639117e12d7-server-thread1] INFO  server.RaftServer$Division (ServerState.java:setLeader(265)) - 7494988f-ebd7-47bd-844d-a639117e12d7@group-0ED44AA663CF: change Leader from null to d731cfa9-bd59-499f-bb7f-50a20b0e2d64 at term 1 for appendEntries, leader elected after 5209ms
2023-12-05 10:05:29,360 [871674c1-9b24-4b63-86c9-e7fd58f2c8d8-server-thread2] INFO  server.RaftServer$Division (ServerState.java:setRaftConf(382)) - 871674c1-9b24-4b63-86c9-e7fd58f2c8d8@group-0ED44AA663CF: set configuration 0: peers:[7494988f-ebd7-47bd-844d-a639117e12d7|10.1.0.7:15119, d731cfa9-bd59-499f-bb7f-50a20b0e2d64|10.1.0.7:15137, 871674c1-9b24-4b63-86c9-e7fd58f2c8d8|10.1.0.7:15128]|listeners:[], old=null
2023-12-05 10:05:29,360 [7494988f-ebd7-47bd-844d-a639117e12d7-server-thread1] INFO  server.RaftServer$Division (ServerState.java:setRaftConf(382)) - 7494988f-ebd7-47bd-844d-a639117e12d7@group-0ED44AA663CF: set configuration 0: peers:[7494988f-ebd7-47bd-844d-a639117e12d7|10.1.0.7:15119, d731cfa9-bd59-499f-bb7f-50a20b0e2d64|10.1.0.7:15137, 871674c1-9b24-4b63-86c9-e7fd58f2c8d8|10.1.0.7:15128]|listeners:[], old=null
2023-12-05 10:05:29,360 [871674c1-9b24-4b63-86c9-e7fd58f2c8d8-server-thread2] INFO  segmented.SegmentedRaftLogWorker (SegmentedRaftLogWorker.java:startLogSegment(428)) - 871674c1-9b24-4b63-86c9-e7fd58f2c8d8@group-0ED44AA663CF-SegmentedRaftLogWorker: Starting segment from index:0
2023-12-05 10:05:29,360 [7494988f-ebd7-47bd-844d-a639117e12d7-server-thread1] INFO  segmented.SegmentedRaftLogWorker (SegmentedRaftLogWorker.java:startLogSegment(428)) - 7494988f-ebd7-47bd-844d-a639117e12d7@group-0ED44AA663CF-SegmentedRaftLogWorker: Starting segment from index:0
2023-12-05 10:05:29,372 [871674c1-9b24-4b63-86c9-e7fd58f2c8d8@group-0ED44AA663CF-SegmentedRaftLogWorker] INFO  segmented.SegmentedRaftLogWorker (SegmentedRaftLogWorker.java:execute(632)) - 871674c1-9b24-4b63-86c9-e7fd58f2c8d8@group-0ED44AA663CF-SegmentedRaftLogWorker: created new log segment /home/runner/work/ozone/ozone/hadoop-ozone/integration-test/target/test-dir/MiniOzoneClusterImpl-782bf028-a903-465f-9351-69beed6026d9/datanode-1/data/ratis/510e2edb-154a-4334-8890-0ed44aa663cf/current/log_inprogress_0
2023-12-05 10:05:29,372 [7494988f-ebd7-47bd-844d-a639117e12d7@group-0ED44AA663CF-SegmentedRaftLogWorker] INFO  segmented.SegmentedRaftLogWorker (SegmentedRaftLogWorker.java:execute(632)) - 7494988f-ebd7-47bd-844d-a639117e12d7@group-0ED44AA663CF-SegmentedRaftLogWorker: created new log segment /home/runner/work/ozone/ozone/hadoop-ozone/integration-test/target/test-dir/MiniOzoneClusterImpl-782bf028-a903-465f-9351-69beed6026d9/datanode-0/data/ratis/510e2edb-154a-4334-8890-0ed44aa663cf/current/log_inprogress_0
2023-12-05 10:05:29,374 [d731cfa9-bd59-499f-bb7f-50a20b0e2d64@group-0ED44AA663CF-StateMachineUpdater] INFO  server.RaftServer$Division (LeaderStateImpl.java:isApplied(316)) - leader is ready since appliedIndex == 0 >= startIndex == 0
2023-12-05 10:05:29,484 [d731cfa9-bd59-499f-bb7f-50a20b0e2d64@group-61914078EDB0-FollowerState] INFO  impl.FollowerState (FollowerState.java:run(143)) - d731cfa9-bd59-499f-bb7f-50a20b0e2d64@group-61914078EDB0-FollowerState: change to CANDIDATE, lastRpcElapsedTime:5162574144ns, electionTimeout:5162ms
2023-12-05 10:05:29,484 [d731cfa9-bd59-499f-bb7f-50a20b0e2d64@group-61914078EDB0-FollowerState] INFO  impl.RoleInfo (RoleInfo.java:shutdownFollowerState(110)) - d731cfa9-bd59-499f-bb7f-50a20b0e2d64: shutdown d731cfa9-bd59-499f-bb7f-50a20b0e2d64@group-61914078EDB0-FollowerState
2023-12-05 10:05:29,484 [d731cfa9-bd59-499f-bb7f-50a20b0e2d64@group-61914078EDB0-FollowerState] INFO  server.RaftServer$Division (RaftServerImpl.java:setRole(379)) - d731cfa9-bd59-499f-bb7f-50a20b0e2d64@group-61914078EDB0: changes role from  FOLLOWER to CANDIDATE at term 0 for changeToCandidate
2023-12-05 10:05:29,484 [d731cfa9-bd59-499f-bb7f-50a20b0e2d64@group-61914078EDB0-FollowerState] INFO  server.RaftServerConfigKeys (ConfUtils.java:logGet(46)) - raft.server.leaderelection.pre-vote = true (default)
2023-12-05 10:05:29,485 [d731cfa9-bd59-499f-bb7f-50a20b0e2d64@group-61914078EDB0-FollowerState] INFO  impl.RoleInfo (RoleInfo.java:updateAndGet(139)) - d731cfa9-bd59-499f-bb7f-50a20b0e2d64: start d731cfa9-bd59-499f-bb7f-50a20b0e2d64@group-61914078EDB0-LeaderElection22
2023-12-05 10:05:29,486 [d731cfa9-bd59-499f-bb7f-50a20b0e2d64@group-61914078EDB0-LeaderElection22] INFO  impl.LeaderElection (LeaderElection.java:askForVotes(323)) - d731cfa9-bd59-499f-bb7f-50a20b0e2d64@group-61914078EDB0-LeaderElection22 PRE_VOTE round 0: submit vote requests at term 0 for -1: peers:[d731cfa9-bd59-499f-bb7f-50a20b0e2d64|10.1.0.7:15137]|listeners:[], old=null
2023-12-05 10:05:29,486 [d731cfa9-bd59-499f-bb7f-50a20b0e2d64@group-61914078EDB0-LeaderElection22] INFO  impl.LeaderElection (LeaderElection.java:askForVotes(325)) - d731cfa9-bd59-499f-bb7f-50a20b0e2d64@group-61914078EDB0-LeaderElection22 PRE_VOTE round 0: result PASSED (term=0)
2023-12-05 10:05:29,487 [d731cfa9-bd59-499f-bb7f-50a20b0e2d64@group-61914078EDB0-LeaderElection22] INFO  impl.LeaderElection (LeaderElection.java:askForVotes(323)) - d731cfa9-bd59-499f-bb7f-50a20b0e2d64@group-61914078EDB0-LeaderElection22 ELECTION round 0: submit vote requests at term 1 for -1: peers:[d731cfa9-bd59-499f-bb7f-50a20b0e2d64|10.1.0.7:15137]|listeners:[], old=null
2023-12-05 10:05:29,487 [d731cfa9-bd59-499f-bb7f-50a20b0e2d64@group-61914078EDB0-LeaderElection22] INFO  impl.LeaderElection (LeaderElection.java:askForVotes(325)) - d731cfa9-bd59-499f-bb7f-50a20b0e2d64@group-61914078EDB0-LeaderElection22 ELECTION round 0: result PASSED (term=1)
2023-12-05 10:05:29,487 [d731cfa9-bd59-499f-bb7f-50a20b0e2d64@group-61914078EDB0-LeaderElection22] INFO  impl.RoleInfo (RoleInfo.java:shutdownLeaderElection(130)) - d731cfa9-bd59-499f-bb7f-50a20b0e2d64: shutdown d731cfa9-bd59-499f-bb7f-50a20b0e2d64@group-61914078EDB0-LeaderElection22
2023-12-05 10:05:29,487 [d731cfa9-bd59-499f-bb7f-50a20b0e2d64@group-61914078EDB0-LeaderElection22] INFO  server.RaftServer$Division (RaftServerImpl.java:setRole(379)) - d731cfa9-bd59-499f-bb7f-50a20b0e2d64@group-61914078EDB0: changes role from CANDIDATE to LEADER at term 1 for changeToLeader
2023-12-05 10:05:29,487 [d731cfa9-bd59-499f-bb7f-50a20b0e2d64@group-61914078EDB0-LeaderElection22] INFO  server.RaftServerConfigKeys (ConfUtils.java:logGet(46)) - raft.server.staging.catchup.gap = 1000 (default)
2023-12-05 10:05:29,487 [d731cfa9-bd59-499f-bb7f-50a20b0e2d64@group-61914078EDB0-LeaderElection22] INFO  server.RaftServerConfigKeys (ConfUtils.java:logGet(46)) - raft.server.write.element-limit = 1024 (custom)
2023-12-05 10:05:29,487 [d731cfa9-bd59-499f-bb7f-50a20b0e2d64@group-61914078EDB0-LeaderElection22] INFO  server.RaftServerConfigKeys (ConfUtils.java:logGet(46)) - raft.server.write.byte-limit = 1024 M (=1073741824) (custom)
2023-12-05 10:05:29,487 [d731cfa9-bd59-499f-bb7f-50a20b0e2d64@group-61914078EDB0-LeaderElection22] INFO  server.RaftServerConfigKeys (ConfUtils.java:logGet(46)) - raft.server.watch.timeout = 180s (custom)
2023-12-05 10:05:29,487 [d731cfa9-bd59-499f-bb7f-50a20b0e2d64@group-61914078EDB0-LeaderElection22] INFO  server.RaftServerConfigKeys (ConfUtils.java:logGet(46)) - raft.server.watch.timeout.denomination = 1s (default)
2023-12-05 10:05:29,487 [d731cfa9-bd59-499f-bb7f-50a20b0e2d64@group-61914078EDB0-LeaderElection22] INFO  server.RaftServerConfigKeys (ConfUtils.java:logGet(46)) - raft.server.watch.element-limit = 65536 (default)
2023-12-05 10:05:29,487 [d731cfa9-bd59-499f-bb7f-50a20b0e2d64@group-61914078EDB0-LeaderElection22] INFO  server.RaftServerConfigKeys (ConfUtils.java:logGet(46)) - raft.server.read.leader.lease.enabled = false (default)
2023-12-05 10:05:29,487 [d731cfa9-bd59-499f-bb7f-50a20b0e2d64@group-61914078EDB0-LeaderElection22] INFO  server.RaftServerConfigKeys (ConfUtils.java:logGet(46)) - raft.server.read.leader.lease.timeout.ratio = 0.9 (default)
2023-12-05 10:05:29,487 [d731cfa9-bd59-499f-bb7f-50a20b0e2d64@group-61914078EDB0-LeaderElection22] INFO  server.RaftServerConfigKeys (ConfUtils.java:logGet(46)) - raft.server.rpc.timeout.min = 5s (custom)
2023-12-05 10:05:29,488 [d731cfa9-bd59-499f-bb7f-50a20b0e2d64@group-61914078EDB0-LeaderElection22] INFO  server.RaftServerConfigKeys (ConfUtils.java:logGet(46)) - raft.server.write.element-limit = 1024 (custom)
2023-12-05 10:05:29,488 [d731cfa9-bd59-499f-bb7f-50a20b0e2d64@group-61914078EDB0-LeaderElection22] INFO  server.RaftServerConfigKeys (ConfUtils.java:logGet(46)) - raft.server.write.follower.gap.ratio.max = -1.0 (default)
2023-12-05 10:05:29,488 [d731cfa9-bd59-499f-bb7f-50a20b0e2d64@group-61914078EDB0-LeaderElection22] INFO  impl.RoleInfo (RoleInfo.java:updateAndGet(139)) - d731cfa9-bd59-499f-bb7f-50a20b0e2d64: start d731cfa9-bd59-499f-bb7f-50a20b0e2d64@group-61914078EDB0-LeaderStateImpl
2023-12-05 10:05:29,488 [d731cfa9-bd59-499f-bb7f-50a20b0e2d64@group-61914078EDB0-LeaderElection22] INFO  server.RaftServer$Division (RaftServerImpl.java:setFirstElection(564)) - d731cfa9-bd59-499f-bb7f-50a20b0e2d64@group-61914078EDB0: set firstElectionSinceStartup to false for becomeLeader
2023-12-05 10:05:29,488 [d731cfa9-bd59-499f-bb7f-50a20b0e2d64@group-61914078EDB0-LeaderElection22] INFO  ratis.XceiverServerRatis (XceiverServerRatis.java:handleLeaderChangedNotification(935)) - Leader change notification received for group: group-61914078EDB0 with new leaderId: d731cfa9-bd59-499f-bb7f-50a20b0e2d64
2023-12-05 10:05:29,488 [d731cfa9-bd59-499f-bb7f-50a20b0e2d64@group-61914078EDB0-LeaderElection22] INFO  server.RaftServer$Division (ServerState.java:setLeader(265)) - d731cfa9-bd59-499f-bb7f-50a20b0e2d64@group-61914078EDB0: change Leader from null to d731cfa9-bd59-499f-bb7f-50a20b0e2d64 at term 1 for becomeLeader, leader elected after 5179ms
2023-12-05 10:05:29,488 [d731cfa9-bd59-499f-bb7f-50a20b0e2d64@group-61914078EDB0-LeaderElection22] INFO  segmented.SegmentedRaftLogWorker (SegmentedRaftLogWorker.java:startLogSegment(428)) - d731cfa9-bd59-499f-bb7f-50a20b0e2d64@group-61914078EDB0-SegmentedRaftLogWorker: Starting segment from index:0
2023-12-05 10:05:29,490 [d731cfa9-bd59-499f-bb7f-50a20b0e2d64@group-61914078EDB0-LeaderElection22] INFO  server.RaftServer$Division (ServerState.java:setRaftConf(382)) - d731cfa9-bd59-499f-bb7f-50a20b0e2d64@group-61914078EDB0: set configuration 0: peers:[d731cfa9-bd59-499f-bb7f-50a20b0e2d64|10.1.0.7:15137]|listeners:[], old=null
2023-12-05 10:05:29,495 [d731cfa9-bd59-499f-bb7f-50a20b0e2d64@group-61914078EDB0-SegmentedRaftLogWorker] INFO  segmented.SegmentedRaftLogWorker (SegmentedRaftLogWorker.java:execute(632)) - d731cfa9-bd59-499f-bb7f-50a20b0e2d64@group-61914078EDB0-SegmentedRaftLogWorker: created new log segment /home/runner/work/ozone/ozone/hadoop-ozone/integration-test/target/test-dir/MiniOzoneClusterImpl-782bf028-a903-465f-9351-69beed6026d9/datanode-2/data/ratis/fffac926-59a5-48f9-bcd0-61914078edb0/current/log_inprogress_0
2023-12-05 10:05:29,496 [d731cfa9-bd59-499f-bb7f-50a20b0e2d64@group-61914078EDB0-StateMachineUpdater] INFO  server.RaftServer$Division (LeaderStateImpl.java:isApplied(316)) - leader is ready since appliedIndex == 0 >= startIndex == 0
2023-12-05 10:05:30,311 [main] INFO  ozone.MiniOzoneClusterImpl (MiniOzoneClusterImpl.java:lambda$waitForClusterToBeReady$0(229)) - Nodes are ready. Got 3 of 3 DN Heartbeats.
2023-12-05 10:05:30,311 [main] INFO  ozone.MiniOzoneClusterImpl (MiniOzoneClusterImpl.java:lambda$waitForClusterToBeReady$0(232)) - Cluster exits safe mode
2023-12-05 10:05:30,311 [main] INFO  ozone.MiniOzoneClusterImpl (MiniOzoneClusterImpl.java:lambda$waitForClusterToBeReady$0(234)) - SCM became leader
2023-12-05 10:05:30,313 [main] INFO  lib.Interns (Interns.java:removeEldestEntry(50)) - Metrics intern cache overflow at 2011 for MetricsSystem={MetricsSystem=MetricsInfoImpl{name=MetricsSystem, description=MetricsSystem}, MetricsSystem record=MetricsInfoImpl{name=MetricsSystem, description=MetricsSystem record}}
2023-12-05 10:05:30,314 [main] INFO  ha.SequenceIdGenerator (SequenceIdGenerator.java:getNextId(145)) - Allocate a batch for containerId, change lastId from 0 to 1000.
2023-12-05 10:05:30,323 [main] INFO  ozone.MiniOzoneClusterImpl (MiniOzoneClusterImpl.java:restartStorageContainerManager(363)) - Restarting SCM in cluster class org.apache.hadoop.ozone.MiniOzoneClusterImpl
2023-12-05 10:05:30,323 [main] INFO  server.StorageContainerManager (StorageContainerManager.java:stop(1620)) - Container Balancer is not running.
2023-12-05 10:05:30,323 [main] INFO  server.StorageContainerManager (StorageContainerManager.java:stopReplicationManager(1753)) - Stopping Replication Manager Service.
2023-12-05 10:05:30,323 [main] INFO  replication.ReplicationManager (ReplicationManager.java:stop(324)) - Stopping Replication Monitor Thread.
2023-12-05 10:05:30,323 [UnderReplicatedProcessor] WARN  replication.UnhealthyReplicationProcessor (UnhealthyReplicationProcessor.java:run(180)) - UnderReplicatedProcessor interrupted. Exiting...
2023-12-05 10:05:30,323 [main] INFO  server.StorageContainerManager (StorageContainerManager.java:stop(1629)) - Stopping the Datanode Admin Monitor.
2023-12-05 10:05:30,323 [OverReplicatedProcessor] WARN  replication.UnhealthyReplicationProcessor (UnhealthyReplicationProcessor.java:run(180)) - OverReplicatedProcessor interrupted. Exiting...
2023-12-05 10:05:30,323 [ReplicationMonitor] INFO  replication.ReplicationManager (ReplicationManager.java:run(931)) - Replication Monitor Thread is stopped
2023-12-05 10:05:30,323 [main] INFO  server.StorageContainerManager (StorageContainerManager.java:stop(1636)) - Stopping datanode service RPC server
2023-12-05 10:05:30,323 [main] INFO  server.SCMDatanodeProtocolServer (SCMDatanodeProtocolServer.java:stop(424)) - Stopping the RPC server for DataNodes
2023-12-05 10:05:30,324 [main] INFO  ipc.Server (Server.java:stop(3523)) - Stopping server on 15107
2023-12-05 10:05:30,325 [IPC Server listener on 15107] INFO  ipc.Server (Server.java:run(1434)) - Stopping IPC Server listener on 15107
2023-12-05 10:05:30,325 [IPC Server Responder] INFO  ipc.Server (Server.java:run(1567)) - Stopping IPC Server Responder
2023-12-05 10:05:30,390 [SCMHeartbeatProcessor-0] WARN  node.NodeStateManager (NodeStateManager.java:scheduleNextHealthCheck(878)) - Current Thread is interrupted, shutting down HB processing thread for Node Manager.
2023-12-05 10:05:30,390 [main] INFO  server.StorageContainerManager (StorageContainerManager.java:stop(1644)) - Stopping block service RPC server
2023-12-05 10:05:30,391 [main] INFO  server.SCMBlockProtocolServer (SCMBlockProtocolServer.java:stop(167)) - Stopping the RPC server for Block Protocol
2023-12-05 10:05:30,391 [main] INFO  ipc.Server (Server.java:stop(3523)) - Stopping server on 15106
2023-12-05 10:05:30,391 [IPC Server listener on 15106] INFO  ipc.Server (Server.java:run(1434)) - Stopping IPC Server listener on 15106
2023-12-05 10:05:30,394 [main] INFO  server.StorageContainerManager (StorageContainerManager.java:stop(1651)) - Stopping the StorageContainerLocationProtocol RPC server
2023-12-05 10:05:30,394 [IPC Server Responder] INFO  ipc.Server (Server.java:run(1567)) - Stopping IPC Server Responder
2023-12-05 10:05:30,394 [main] INFO  server.SCMClientProtocolServer (SCMClientProtocolServer.java:stop(210)) - Stopping the RPC server for Client Protocol
2023-12-05 10:05:30,394 [main] INFO  ipc.Server (Server.java:stop(3523)) - Stopping server on 15105
2023-12-05 10:05:30,395 [IPC Server Responder] INFO  ipc.Server (Server.java:run(1567)) - Stopping IPC Server Responder
2023-12-05 10:05:30,395 [main] INFO  server.StorageContainerManager (StorageContainerManager.java:stop(1658)) - Stopping Storage Container Manager HTTP server.
2023-12-05 10:05:30,396 [IPC Server listener on 15105] INFO  ipc.Server (Server.java:run(1434)) - Stopping IPC Server listener on 15105
2023-12-05 10:05:30,396 [main] INFO  handler.ContextHandler (ContextHandler.java:doStop(1159)) - Stopped o.e.j.w.WebAppContext@5a9703ab{scm,/,null,STOPPED}{file:/home/runner/work/ozone/ozone/hadoop-ozone/integration-test/target/test-classes/webapps/scm}
2023-12-05 10:05:30,397 [main] INFO  server.AbstractConnector (AbstractConnector.java:doStop(383)) - Stopped ServerConnector@38fcc931{HTTP/1.1, (http/1.1)}{0.0.0.0:15108}
2023-12-05 10:05:30,397 [main] INFO  server.session (HouseKeeper.java:stopScavenging(149)) - node0 Stopped scavenging
2023-12-05 10:05:30,398 [main] INFO  handler.ContextHandler (ContextHandler.java:doStop(1159)) - Stopped o.e.j.s.ServletContextHandler@651656b9{static,/static,file:///home/runner/work/ozone/ozone/hadoop-ozone/integration-test/target/test-classes/webapps/static,STOPPED}
2023-12-05 10:05:30,398 [main] INFO  handler.ContextHandler (ContextHandler.java:doStop(1159)) - Stopped o.e.j.s.ServletContextHandler@7b4d145b{logs,/logs,file:///home/runner/work/ozone/ozone/hadoop-ozone/integration-test/target/log,STOPPED}
2023-12-05 10:05:30,398 [main] INFO  server.StorageContainerManager (StorageContainerManager.java:stop(1666)) - Stopping SCM LayoutVersionManager Service.
2023-12-05 10:05:30,398 [main] INFO  server.StorageContainerManager (StorageContainerManager.java:stop(1678)) - Stopping Block Manager Service.
2023-12-05 10:05:30,398 [main] INFO  utils.BackgroundService (BackgroundService.java:shutdown(160)) - Shutting down service SCMBlockDeletingService
2023-12-05 10:05:30,399 [main] INFO  utils.BackgroundService (BackgroundService.java:shutdown(160)) - Shutting down service SCMBlockDeletingService
2023-12-05 10:05:30,399 [main] INFO  server.StorageContainerManager (StorageContainerManager.java:stop(1698)) - Stopping SCM Event Queue.
2023-12-05 10:05:30,399 [JvmPauseMonitor15] INFO  util.JvmPauseMonitor (JvmPauseMonitor.java:run(152)) - JvmPauseMonitor-762d1e1b-6b12-41fe-bac7-ba239be1bd23: Stopped
2023-12-05 10:05:30,399 [main] INFO  server.StorageContainerManager (StorageContainerManager.java:stop(1709)) - Stopping SCM HA services.
2023-12-05 10:05:30,400 [main] INFO  pipeline.BackgroundPipelineCreator (BackgroundPipelineCreator.java:stop(152)) - Stopping RatisPipelineUtilsThread.
2023-12-05 10:05:30,400 [RatisPipelineUtilsThread-0] WARN  pipeline.BackgroundPipelineCreator (BackgroundPipelineCreator.java:run(183)) - RatisPipelineUtilsThread is interrupted.
2023-12-05 10:05:30,400 [main] INFO  BackgroundPipelineScrubber (BackgroundSCMService.java:stop(131)) - Stopping BackgroundPipelineScrubber Service.
2023-12-05 10:05:30,400 [BackgroundPipelineScrubber] WARN  BackgroundPipelineScrubber (BackgroundSCMService.java:run(115)) - BackgroundPipelineScrubber is interrupted, exit
2023-12-05 10:05:30,400 [main] INFO  impl.MetricsSystemImpl (MetricsSystemImpl.java:stop(210)) - Stopping HddsDatanode metrics system...
2023-12-05 10:05:30,402 [prometheus] INFO  impl.MetricsSinkAdapter (MetricsSinkAdapter.java:publishMetricsFromQueue(141)) - prometheus thread interrupted.
2023-12-05 10:05:30,402 [main] INFO  impl.MetricsSystemImpl (MetricsSystemImpl.java:stop(216)) - HddsDatanode metrics system stopped.
2023-12-05 10:05:30,402 [main] WARN  pipeline.BackgroundPipelineCreator (BackgroundPipelineCreator.java:stop(148)) - RatisPipelineUtilsThread is not running, just ignore.
2023-12-05 10:05:30,402 [main] INFO  BackgroundPipelineScrubber (BackgroundSCMService.java:stop(126)) - BackgroundPipelineScrubber Service is not running, skip stop.
2023-12-05 10:05:30,402 [main] INFO  ExpiredContainerReplicaOpScrubber (BackgroundSCMService.java:stop(131)) - Stopping ExpiredContainerReplicaOpScrubber Service.
2023-12-05 10:05:30,402 [ExpiredContainerReplicaOpScrubber] WARN  ExpiredContainerReplicaOpScrubber (BackgroundSCMService.java:run(115)) - ExpiredContainerReplicaOpScrubber is interrupted, exit
2023-12-05 10:05:30,402 [main] INFO  utils.BackgroundService (BackgroundService.java:shutdown(160)) - Shutting down service SCMBlockDeletingService
2023-12-05 10:05:30,403 [main] INFO  replication.ReplicationManager (ReplicationManager.java:stop(334)) - Replication Monitor Thread is not running.
2023-12-05 10:05:30,403 [main] WARN  balancer.ContainerBalancer (ContainerBalancer.java:stop(327)) - Cannot stop Container Balancer because it's not running or stopping
2023-12-05 10:05:30,403 [LeaseManager#LeaseMonitor] WARN  lease.LeaseManager (LeaseManager.java:run(287)) - Lease manager is interrupted. Shutting down...
java.lang.InterruptedException
	at java.util.concurrent.locks.AbstractQueuedSynchronizer.doAcquireSharedNanos(AbstractQueuedSynchronizer.java:1039)
	at java.util.concurrent.locks.AbstractQueuedSynchronizer.tryAcquireSharedNanos(AbstractQueuedSynchronizer.java:1328)
	at java.util.concurrent.Semaphore.tryAcquire(Semaphore.java:409)
	at org.apache.hadoop.ozone.lease.LeaseManager$LeaseMonitor.run(LeaseManager.java:285)
	at java.lang.Thread.run(Thread.java:750)
2023-12-05 10:05:30,403 [main] INFO  server.StorageContainerManager (StorageContainerManager.java:stop(1744)) - Stopping SCM MetadataStore.
2023-12-05 10:05:30,404 [main] WARN  server.ServerUtils (ServerUtils.java:getScmDbDir(155)) - ozone.scm.db.dirs is not configured. We recommend adding this setting. Falling back to ozone.metadata.dirs instead.
2023-12-05 10:05:30,404 [main] INFO  ha.SCMHANodeDetails (SCMHANodeDetails.java:loadSCMHAConfig(210)) - ServiceID for StorageContainerManager is null
2023-12-05 10:05:30,404 [main] INFO  ha.SCMHANodeDetails (SCMHANodeDetails.java:loadSCMHAConfig(215)) - ozone.scm.default.service.id is not defined, falling back to ozone.scm.service.ids to find serviceID for StorageContainerManager if it is HA enabled cluster
2023-12-05 10:05:30,405 [main] WARN  utils.HAUtils (HAUtils.java:getMetaDir(339)) - ozone.scm.db.dirs is not configured. We recommend adding this setting. Falling back to ozone.metadata.dirs instead.
2023-12-05 10:05:30,405 [main] WARN  db.DBStoreBuilder (DBStoreBuilder.java:applyDBDefinition(167)) - ozone.scm.db.dirs is not configured. We recommend adding this setting. Falling back to ozone.metadata.dirs instead.
2023-12-05 10:05:30,430 [main] INFO  net.NodeSchemaLoader (NodeSchemaLoader.java:loadSchemaFromFile(129)) - Loading schema from [jar:file:/home/runner/.m2/repository/org/apache/ozone/hdds-common/1.4.0-SNAPSHOT/hdds-common-1.4.0-SNAPSHOT.jar!/network-topology-default.xml]
2023-12-05 10:05:30,430 [main] INFO  net.NodeSchemaLoader (NodeSchemaLoader.java:loadSchema(176)) - Loading network topology layer schema file
2023-12-05 10:05:30,432 [main] INFO  upgrade.AbstractLayoutVersionManager (AbstractLayoutVersionManager.java:init(83)) - Initializing Layout version manager with metadata layout = HADOOP_PRC_PORTS_IN_DATANODEDETAILS (version = 7), software layout = HADOOP_PRC_PORTS_IN_DATANODEDETAILS (version = 7)
2023-12-05 10:05:30,434 [main] INFO  ha.SequenceIdGenerator (SequenceIdGenerator.java:<init>(241)) - Init the HA SequenceIdGenerator.
2023-12-05 10:05:30,434 [main] WARN  server.ServerUtils (ServerUtils.java:sanitizeUserArgs(80)) - ozone.scm.stale.node.interval value = 300000 is larger than max = 100000 based on the key value of ozone.scm.heartbeat.thread.interval, reset to the max value 100000.
2023-12-05 10:05:30,434 [main] WARN  server.ServerUtils (ServerUtils.java:sanitizeUserArgs(80)) - ozone.scm.stale.node.interval value = 300000 is larger than max = 100000 based on the key value of ozone.scm.heartbeat.thread.interval, reset to the max value 100000.
2023-12-05 10:05:30,434 [main] INFO  node.SCMNodeManager (SCMNodeManager.java:<init>(168)) - Entering startup safe mode.
2023-12-05 10:05:30,435 [main] INFO  algorithms.ContainerPlacementPolicyFactory (ContainerPlacementPolicyFactory.java:getPolicyInternal(86)) - Create container placement policy of type org.apache.hadoop.hdds.scm.container.placement.algorithms.SCMContainerPlacementRackAware
2023-12-05 10:05:30,435 [main] INFO  algorithms.ContainerPlacementPolicyFactory (ContainerPlacementPolicyFactory.java:getPolicyInternal(86)) - Create container placement policy of type org.apache.hadoop.hdds.scm.container.placement.algorithms.SCMContainerPlacementRackScatter
2023-12-05 10:05:30,438 [main] INFO  algorithms.LeaderChoosePolicyFactory (LeaderChoosePolicyFactory.java:getPolicy(57)) - Create leader choose policy of type org.apache.hadoop.hdds.scm.pipeline.leader.choose.algorithms.MinLeaderCountChoosePolicy
2023-12-05 10:05:30,438 [main] INFO  algorithms.ContainerPlacementPolicyFactory (ContainerPlacementPolicyFactory.java:getPolicyInternal(86)) - Create container placement policy of type org.apache.hadoop.hdds.scm.container.placement.algorithms.SCMContainerPlacementRackScatter
2023-12-05 10:05:30,438 [main] INFO  ha.SCMServiceManager (SCMServiceManager.java:register(42)) - Registering service BackgroundPipelineCreator.
2023-12-05 10:05:30,438 [main] INFO  pipeline.BackgroundPipelineCreator (BackgroundPipelineCreator.java:start(127)) - Starting RatisPipelineUtilsThread.
2023-12-05 10:05:30,438 [main] INFO  BackgroundPipelineScrubber (BackgroundSCMService.java:start(68)) - Starting BackgroundPipelineScrubber Service.
2023-12-05 10:05:30,439 [main] INFO  ha.SCMServiceManager (SCMServiceManager.java:register(42)) - Registering service BackgroundPipelineScrubber.
2023-12-05 10:05:30,439 [main] INFO  ExpiredContainerReplicaOpScrubber (BackgroundSCMService.java:start(68)) - Starting ExpiredContainerReplicaOpScrubber Service.
2023-12-05 10:05:30,439 [main] INFO  ha.SCMServiceManager (SCMServiceManager.java:register(42)) - Registering service ExpiredContainerReplicaOpScrubber.
2023-12-05 10:05:30,441 [main] INFO  algorithms.PipelineChoosePolicyFactory (PipelineChoosePolicyFactory.java:createPipelineChoosePolicyFromClass(78)) - Create pipeline choose policy of type org.apache.hadoop.hdds.scm.pipeline.choose.algorithms.RandomPipelineChoosePolicy
2023-12-05 10:05:30,441 [main] INFO  algorithms.PipelineChoosePolicyFactory (PipelineChoosePolicyFactory.java:createPipelineChoosePolicyFromClass(78)) - Create pipeline choose policy of type org.apache.hadoop.hdds.scm.pipeline.choose.algorithms.RandomPipelineChoosePolicy
2023-12-05 10:05:30,441 [main] INFO  ha.SCMServiceManager (SCMServiceManager.java:register(42)) - Registering service SCMBlockDeletingService.
2023-12-05 10:05:30,442 [main] INFO  replication.ReplicationManager (ReplicationManager.java:start(292)) - Starting Replication Monitor Thread.
2023-12-05 10:05:30,443 [ReplicationMonitor] INFO  replication.ReplicationManager (ReplicationManager.java:processAll(367)) - Replication Manager is not ready to run until 3000ms after safemode exit
2023-12-05 10:05:30,443 [main] INFO  ha.SCMServiceManager (SCMServiceManager.java:register(42)) - Registering service ReplicationManager.
2023-12-05 10:05:30,444 [main] INFO  safemode.ContainerSafeModeRule (ContainerSafeModeRule.java:<init>(90)) - containers with one replica threshold count 0
2023-12-05 10:05:30,444 [main] INFO  safemode.HealthyPipelineSafeModeRule (HealthyPipelineSafeModeRule.java:initializeRule(169)) - Total pipeline count is 1, healthy pipeline threshold count is 1
2023-12-05 10:05:30,444 [main] INFO  safemode.OneReplicaPipelineSafeModeRule (OneReplicaPipelineSafeModeRule.java:initializeRule(180)) - Total pipeline count is 1, pipeline's with at least one datanode reported threshold count is 1
2023-12-05 10:05:30,444 [main] INFO  server.StorageContainerManager (StorageContainerManager.java:<init>(434)) - SCM start with adminUsers: [runner]
2023-12-05 10:05:30,445 [main] INFO  ipc.CallQueueManager (CallQueueManager.java:<init>(90)) - Using callQueue: class java.util.concurrent.LinkedBlockingQueue, queueCapacity: 2000, scheduler: class org.apache.hadoop.ipc.DefaultRpcScheduler, ipcBackoff: false.
2023-12-05 10:05:30,445 [main] INFO  ipc.Server (Server.java:<init>(1287)) - Listener at 0.0.0.0:15107
2023-12-05 10:05:30,445 [Socket Reader #1 for port 15107] INFO  ipc.Server (Server.java:run(1323)) - Starting Socket Reader #1 for port 15107
2023-12-05 10:05:30,448 [main] INFO  ipc.CallQueueManager (CallQueueManager.java:<init>(90)) - Using callQueue: class java.util.concurrent.LinkedBlockingQueue, queueCapacity: 2000, scheduler: class org.apache.hadoop.ipc.DefaultRpcScheduler, ipcBackoff: false.
2023-12-05 10:05:30,449 [main] INFO  ipc.Server (Server.java:<init>(1287)) - Listener at 0.0.0.0:15106
2023-12-05 10:05:30,449 [Socket Reader #1 for port 15106] INFO  ipc.Server (Server.java:run(1323)) - Starting Socket Reader #1 for port 15106
2023-12-05 10:05:30,450 [main] INFO  ipc.CallQueueManager (CallQueueManager.java:<init>(90)) - Using callQueue: class java.util.concurrent.LinkedBlockingQueue, queueCapacity: 2000, scheduler: class org.apache.hadoop.ipc.DefaultRpcScheduler, ipcBackoff: false.
2023-12-05 10:05:30,450 [main] INFO  ipc.Server (Server.java:<init>(1287)) - Listener at 0.0.0.0:15105
2023-12-05 10:05:30,450 [Socket Reader #1 for port 15105] INFO  ipc.Server (Server.java:run(1323)) - Starting Socket Reader #1 for port 15105
2023-12-05 10:05:30,452 [main] INFO  ha.SCMServiceManager (SCMServiceManager.java:register(42)) - Registering service ContainerBalancer.
2023-12-05 10:05:30,453 [main] INFO  server.StorageContainerManager (StorageContainerManager.java:<init>(447)) - 
Container Balancer status:
Key                            Value
Running                        false
Container Balancer Configuration values:
Key                                                Value
Threshold                                          10
Max Datanodes to Involve per Iteration(percent)    20
Max Size to Move per Iteration                     500GB
Max Size Entering Target per Iteration             26GB
Max Size Leaving Source per Iteration              26GB
Number of Iterations                               10
Time Limit for Single Container's Movement         65min
Time Limit for Single Container's Replication      50min
Interval between each Iteration                    70min
Whether to Enable Network Topology                 false
Whether to Trigger Refresh Datanode Usage Info     false
Container IDs to Exclude from Balancing            None
Datanodes Specified to be Balanced                 None
Datanodes Excluded from Balancing                  None

2023-12-05 10:05:30,453 [main] INFO  ha.SCMContext (SCMContext.java:updateSafeModeStatus(230)) - Update SafeModeStatus from SafeModeStatus{safeModeStatus=true, preCheckPassed=false} to SafeModeStatus{safeModeStatus=true, preCheckPassed=false}.
2023-12-05 10:05:30,453 [main] INFO  server.StorageContainerManager (StorageContainerManager.java:start(1512)) - StorageContainerLocationProtocol RPC server is listening at /0.0.0.0:15105
2023-12-05 10:05:30,454 [main] WARN  impl.MetricsConfig (MetricsConfig.java:loadFirst(136)) - Cannot locate configuration: tried hadoop-metrics2-storagecontainermanager.properties,hadoop-metrics2.properties
2023-12-05 10:05:30,455 [main] INFO  impl.MetricsSystemImpl (MetricsSystemImpl.java:startTimer(378)) - Scheduled Metric snapshot period at 10 second(s).
2023-12-05 10:05:30,455 [main] INFO  impl.MetricsSystemImpl (MetricsSystemImpl.java:start(191)) - StorageContainerManager metrics system started
2023-12-05 10:05:30,459 [main] INFO  impl.MetricsSinkAdapter (MetricsSinkAdapter.java:start(204)) - Sink prometheus started
2023-12-05 10:05:30,459 [main] INFO  impl.MetricsSystemImpl (MetricsSystemImpl.java:registerSink(305)) - Registered sink prometheus
2023-12-05 10:05:30,482 [main] INFO  server.SCMClientProtocolServer (SCMClientProtocolServer.java:start(201)) - RPC server for Client  is listening at /0.0.0.0:15105
2023-12-05 10:05:30,483 [IPC Server Responder] INFO  ipc.Server (Server.java:run(1562)) - IPC Server Responder: starting
2023-12-05 10:05:30,488 [IPC Server listener on 15105] INFO  ipc.Server (Server.java:run(1402)) - IPC Server listener on 15105: starting
2023-12-05 10:05:30,496 [main] INFO  server.StorageContainerManager (StorageContainerManager.java:start(1525)) - ScmBlockLocationProtocol RPC server is listening at /0.0.0.0:15106
2023-12-05 10:05:30,497 [main] INFO  server.SCMBlockProtocolServer (SCMBlockProtocolServer.java:start(158)) - RPC server for Block Protocol is listening at /0.0.0.0:15106
2023-12-05 10:05:30,497 [IPC Server Responder] INFO  ipc.Server (Server.java:run(1562)) - IPC Server Responder: starting
2023-12-05 10:05:30,498 [d731cfa9-bd59-499f-bb7f-50a20b0e2d64-EndpointStateMachineTaskThread-/0.0.0.0:15107-0 ] WARN  statemachine.EndpointStateMachine (EndpointStateMachine.java:logIfNeeded(242)) - Unable to communicate to SCM server at 0.0.0.0:15107 for past 0 seconds.
java.io.EOFException: End of File Exception between local host is: "fv-az884-53/10.1.0.7"; destination host is: "0.0.0.0":15107; : java.io.EOFException; For more details see:  http://wiki.apache.org/hadoop/EOFException
	at sun.reflect.NativeConstructorAccessorImpl.newInstance0(Native Method)
	at sun.reflect.NativeConstructorAccessorImpl.newInstance(NativeConstructorAccessorImpl.java:62)
	at sun.reflect.DelegatingConstructorAccessorImpl.newInstance(DelegatingConstructorAccessorImpl.java:45)
	at java.lang.reflect.Constructor.newInstance(Constructor.java:423)
	at org.apache.hadoop.net.NetUtils.wrapWithMessage(NetUtils.java:930)
	at org.apache.hadoop.net.NetUtils.wrapException(NetUtils.java:879)
	at org.apache.hadoop.ipc.Client.getRpcResponse(Client.java:1571)
	at org.apache.hadoop.ipc.Client.call(Client.java:1513)
	at org.apache.hadoop.ipc.Client.call(Client.java:1410)
	at org.apache.hadoop.ipc.ProtobufRpcEngine$Invoker.invoke(ProtobufRpcEngine.java:250)
	at org.apache.hadoop.ipc.ProtobufRpcEngine$Invoker.invoke(ProtobufRpcEngine.java:132)
	at com.sun.proxy.$Proxy50.submitRequest(Unknown Source)
	at org.apache.hadoop.ozone.protocolPB.StorageContainerDatanodeProtocolClientSideTranslatorPB.submitRequest(StorageContainerDatanodeProtocolClientSideTranslatorPB.java:117)
	at org.apache.hadoop.ozone.protocolPB.StorageContainerDatanodeProtocolClientSideTranslatorPB.sendHeartbeat(StorageContainerDatanodeProtocolClientSideTranslatorPB.java:149)
	at org.apache.hadoop.ozone.container.common.states.endpoint.HeartbeatEndpointTask.call(HeartbeatEndpointTask.java:183)
	at org.apache.hadoop.ozone.container.common.states.endpoint.HeartbeatEndpointTask.call(HeartbeatEndpointTask.java:87)
	at java.util.concurrent.FutureTask.run(FutureTask.java:266)
	at java.util.concurrent.ThreadPoolExecutor.runWorker(ThreadPoolExecutor.java:1149)
	at java.util.concurrent.ThreadPoolExecutor$Worker.run(ThreadPoolExecutor.java:624)
	at java.lang.Thread.run(Thread.java:750)
Caused by: java.io.EOFException
	at java.io.DataInputStream.readInt(DataInputStream.java:392)
	at org.apache.hadoop.ipc.Client$IpcStreams.readResponse(Client.java:1906)
	at org.apache.hadoop.ipc.Client$Connection.receiveRpcResponse(Client.java:1187)
	at org.apache.hadoop.ipc.Client$Connection.run(Client.java:1078)
2023-12-05 10:05:30,499 [IPC Server listener on 15106] INFO  ipc.Server (Server.java:run(1402)) - IPC Server listener on 15106: starting
2023-12-05 10:05:30,499 [main] INFO  server.SCMDatanodeProtocolServer (SCMDatanodeProtocolServer.java:start(193)) - ScmDatanodeProtocol RPC server for DataNodes is listening at /0.0.0.0:15107
2023-12-05 10:05:30,501 [IPC Server Responder] INFO  ipc.Server (Server.java:run(1562)) - IPC Server Responder: starting
2023-12-05 10:05:30,504 [IPC Server listener on 15107] INFO  ipc.Server (Server.java:run(1402)) - IPC Server listener on 15107: starting
2023-12-05 10:05:30,516 [JvmPauseMonitor20] INFO  util.JvmPauseMonitor (JvmPauseMonitor.java:run(146)) - JvmPauseMonitor-762d1e1b-6b12-41fe-bac7-ba239be1bd23: Started
2023-12-05 10:05:30,517 [main] INFO  http.BaseHttpServer (BaseHttpServer.java:newHttpServer2BuilderForOzone(223)) - Starting Web-server for scm at: http://0.0.0.0:15108
2023-12-05 10:05:30,518 [main] INFO  http.BaseHttpServer (BaseHttpServer.java:<init>(110)) - Hadoop Security Enabled: false Ozone Security Enabled: false Ozone HTTP Security Enabled: false 
2023-12-05 10:05:30,521 [main] WARN  server.AuthenticationFilter (AuthenticationFilter.java:constructSecretProvider(240)) - Unable to initialize FileSignerSecretProvider, falling back to use random secrets. Reason: Could not read signature secret file: /home/runner/hadoop-http-auth-signature-secret
2023-12-05 10:05:30,522 [main] INFO  http.HttpRequestLog (HttpRequestLog.java:getRequestLog(86)) - Http request log for http.requests.scm is not defined
2023-12-05 10:05:30,523 [main] INFO  http.HttpServer2 (HttpServer2.java:addGlobalFilter(1031)) - Added global filter 'safety' (class=org.apache.hadoop.hdds.server.http.HttpServer2$QuotingInputFilter)
2023-12-05 10:05:30,524 [main] INFO  http.HttpServer2 (HttpServer2.java:addFilter(1007)) - Added filter static_user_filter (class=org.apache.hadoop.http.lib.StaticUserWebFilter$StaticUserFilter) to context scm
2023-12-05 10:05:30,524 [main] INFO  http.HttpServer2 (HttpServer2.java:addFilter(1015)) - Added filter static_user_filter (class=org.apache.hadoop.http.lib.StaticUserWebFilter$StaticUserFilter) to context logs
2023-12-05 10:05:30,525 [main] INFO  http.HttpServer2 (HttpServer2.java:addFilter(1015)) - Added filter static_user_filter (class=org.apache.hadoop.http.lib.StaticUserWebFilter$StaticUserFilter) to context static
2023-12-05 10:05:30,526 [main] INFO  http.BaseHttpServer (BaseHttpServer.java:<init>(189)) - HTTP server of scm uses base directory /home/runner/work/ozone/ozone/hadoop-ozone/integration-test/target/test-dir/MiniOzoneClusterImpl-782bf028-a903-465f-9351-69beed6026d9/ozone-meta/webserver
2023-12-05 10:05:30,526 [main] INFO  http.HttpServer2 (HttpServer2.java:bindListener(1231)) - Jetty bound to port 15108
2023-12-05 10:05:30,526 [main] INFO  server.Server (Server.java:doStart(375)) - jetty-9.4.53.v20231009; built: 2023-10-09T12:29:09.265Z; git: 27bde00a0b95a1d5bbee0eae7984f891d2d0f8c9; jvm 1.8.0_392-b08
2023-12-05 10:05:30,536 [main] INFO  server.session (DefaultSessionIdManager.java:doStart(334)) - DefaultSessionIdManager workerName=node0
2023-12-05 10:05:30,536 [main] INFO  server.session (DefaultSessionIdManager.java:doStart(339)) - No SessionScavenger set, using defaults
2023-12-05 10:05:30,537 [main] INFO  server.session (HouseKeeper.java:startScavenging(132)) - node0 Scavenging every 660000ms
2023-12-05 10:05:30,538 [main] INFO  handler.ContextHandler (ContextHandler.java:doStart(921)) - Started o.e.j.s.ServletContextHandler@1ccb535f{logs,/logs,file:///home/runner/work/ozone/ozone/hadoop-ozone/integration-test/target/log,AVAILABLE}
2023-12-05 10:05:30,538 [main] INFO  handler.ContextHandler (ContextHandler.java:doStart(921)) - Started o.e.j.s.ServletContextHandler@75f3b79e{static,/static,file:///home/runner/work/ozone/ozone/hadoop-ozone/integration-test/target/test-classes/webapps/static,AVAILABLE}
2023-12-05 10:05:30,541 [main] INFO  handler.ContextHandler (ContextHandler.java:doStart(921)) - Started o.e.j.w.WebAppContext@22129dac{scm,/,file:///home/runner/work/ozone/ozone/hadoop-ozone/integration-test/target/test-classes/webapps/scm/,AVAILABLE}{file:/home/runner/work/ozone/ozone/hadoop-ozone/integration-test/target/test-classes/webapps/scm}
2023-12-05 10:05:30,542 [main] INFO  server.AbstractConnector (AbstractConnector.java:doStart(333)) - Started ServerConnector@496037ad{HTTP/1.1, (http/1.1)}{0.0.0.0:15108}
2023-12-05 10:05:30,542 [main] INFO  server.Server (Server.java:doStart(415)) - Started @71206ms
2023-12-05 10:05:30,542 [main] WARN  impl.MetricsSystemImpl (MetricsSystemImpl.java:register(279)) - Sink prometheus already exists!
2023-12-05 10:05:30,543 [main] INFO  http.BaseHttpServer (BaseHttpServer.java:updateConnectorAddress(354)) - HTTP server of scm listening at http://0.0.0.0:15108
2023-12-05 10:05:30,545 [main] INFO  ozone.MiniOzoneClusterImpl (MiniOzoneClusterImpl.java:shutdown(449)) - Shutting down the Mini Ozone Cluster
2023-12-05 10:05:30,545 [main] INFO  ozone.MiniOzoneClusterImpl (MiniOzoneClusterImpl.java:stop(466)) - Stopping the Mini Ozone Cluster
2023-12-05 10:05:30,545 [main] INFO  om.OzoneManager (OzoneManager.java:stop(2203)) - om1[localhost:15109]: Stopping Ozone Manager
2023-12-05 10:05:30,545 [main] INFO  ipc.Server (Server.java:stop(3523)) - Stopping server on 15109
2023-12-05 10:05:30,547 [IPC Server listener on 15109] INFO  ipc.Server (Server.java:run(1434)) - Stopping IPC Server listener on 15109
2023-12-05 10:05:30,547 [IPC Server Responder] INFO  ipc.Server (Server.java:run(1567)) - Stopping IPC Server Responder
2023-12-05 10:05:30,547 [main] INFO  server.RaftServer (RaftServerProxy.java:lambda$close$9(416)) - om1: close
2023-12-05 10:05:30,548 [om1-impl-thread1] INFO  server.RaftServer$Division (RaftServerImpl.java:lambda$close$3(516)) - om1@group-C5BA1605619E: shutdown
2023-12-05 10:05:30,548 [om1-impl-thread1] INFO  util.JmxRegister (JmxRegister.java:unregister(73)) - Successfully un-registered JMX Bean with object name Ratis:service=RaftServer,group=group-C5BA1605619E,id=om1
2023-12-05 10:05:30,548 [om1-impl-thread1] INFO  impl.RoleInfo (RoleInfo.java:shutdownLeaderState(94)) - om1: shutdown om1@group-C5BA1605619E-LeaderStateImpl
2023-12-05 10:05:30,548 [om1-impl-thread1] INFO  impl.PendingRequests (PendingRequests.java:sendNotLeaderResponses(289)) - om1@group-C5BA1605619E-PendingRequests: sendNotLeaderResponses
2023-12-05 10:05:30,548 [om1-impl-thread1] INFO  impl.StateMachineUpdater (StateMachineUpdater.java:stopAndJoin(157)) - om1@group-C5BA1605619E-StateMachineUpdater: set stopIndex = 0
2023-12-05 10:05:30,548 [om1@group-C5BA1605619E-StateMachineUpdater] INFO  ratis.OzoneManagerStateMachine (OzoneManagerStateMachine.java:takeSnapshot(492)) - Current Snapshot Index (t:1, i:0)
2023-12-05 10:05:30,548 [main] INFO  server.GrpcService (GrpcService.java:closeImpl(311)) - om1: shutdown server GrpcServerProtocolService now
2023-12-05 10:05:30,549 [main] INFO  server.GrpcService (GrpcService.java:closeImpl(320)) - om1: shutdown server GrpcServerProtocolService successfully
2023-12-05 10:05:30,555 [om1@group-C5BA1605619E-StateMachineUpdater] INFO  impl.StateMachineUpdater (StateMachineUpdater.java:takeSnapshot(295)) - om1@group-C5BA1605619E-StateMachineUpdater: Took a snapshot at index 0
2023-12-05 10:05:30,555 [om1@group-C5BA1605619E-StateMachineUpdater] INFO  impl.StateMachineUpdater (StateMachineUpdater.java:lambda$new$0(98)) - om1@group-C5BA1605619E-StateMachineUpdater: snapshotIndex: updateIncreasingly -1 -> 0
2023-12-05 10:05:30,555 [om1@group-C5BA1605619E-StateMachineUpdater] INFO  ratis.OzoneManagerStateMachine (OzoneManagerStateMachine.java:close(546)) - StateMachine has shutdown. Shutdown OzoneManager if not already shutdown.
2023-12-05 10:05:30,555 [om1@group-C5BA1605619E-StateMachineUpdater] INFO  ratis.OzoneManagerDoubleBuffer (OzoneManagerDoubleBuffer.java:stopDaemon(575)) - Stopping OMDoubleBuffer flush thread
2023-12-05 10:05:30,555 [om1-OMDoubleBufferFlushThread] INFO  ratis.OzoneManagerDoubleBuffer (OzoneManagerDoubleBuffer.java:canFlush(662)) - OMDoubleBuffer flush thread om1-OMDoubleBufferFlushThread is interrupted and will exit.
2023-12-05 10:05:30,556 [om1-impl-thread1] INFO  server.RaftServer$Division (ServerState.java:close(423)) - om1@group-C5BA1605619E: applyIndex: 0
2023-12-05 10:05:30,556 [om1@group-C5BA1605619E-cacheEviction-AwaitToRun] INFO  util.AwaitToRun (AwaitToRun.java:run(49)) - om1@group-C5BA1605619E-cacheEviction-AwaitToRun-AwaitForSignal is interrupted
2023-12-05 10:05:30,968 [om1-impl-thread1] INFO  segmented.SegmentedRaftLogWorker (SegmentedRaftLogWorker.java:close(243)) - om1@group-C5BA1605619E-SegmentedRaftLogWorker close()
2023-12-05 10:05:30,968 [JvmPauseMonitor16] INFO  util.JvmPauseMonitor (JvmPauseMonitor.java:run(152)) - JvmPauseMonitor-om1: Stopped
2023-12-05 10:05:30,969 [main] INFO  ratis.OzoneManagerStateMachine (OzoneManagerStateMachine.java:close(546)) - StateMachine has shutdown. Shutdown OzoneManager if not already shutdown.
2023-12-05 10:05:30,969 [main] INFO  ratis.OzoneManagerDoubleBuffer (OzoneManagerDoubleBuffer.java:stopDaemon(584)) - OMDoubleBuffer flush thread is not running.
2023-12-05 10:05:30,969 [main] INFO  utils.BackgroundService (BackgroundService.java:shutdown(160)) - Shutting down service KeyDeletingService
2023-12-05 10:05:30,969 [main] INFO  utils.BackgroundService (BackgroundService.java:shutdown(160)) - Shutting down service DirectoryDeletingService
2023-12-05 10:05:30,969 [main] INFO  utils.BackgroundService (BackgroundService.java:shutdown(160)) - Shutting down service OpenKeyCleanupService
2023-12-05 10:05:30,969 [main] INFO  utils.BackgroundService (BackgroundService.java:shutdown(160)) - Shutting down service SstFilteringService
2023-12-05 10:05:30,970 [main] INFO  utils.BackgroundService (BackgroundService.java:shutdown(160)) - Shutting down service SnapshotDeletingService
2023-12-05 10:05:30,970 [main] INFO  utils.BackgroundService (BackgroundService.java:shutdown(160)) - Shutting down service MultipartUploadCleanupService
2023-12-05 10:05:30,970 [main] INFO  handler.ContextHandler (ContextHandler.java:doStop(1159)) - Stopped o.e.j.w.WebAppContext@2b7ce06e{ozoneManager,/,null,STOPPED}{file:/home/runner/work/ozone/ozone/hadoop-ozone/integration-test/target/test-classes/webapps/ozoneManager}
2023-12-05 10:05:30,971 [main] INFO  server.AbstractConnector (AbstractConnector.java:doStop(383)) - Stopped ServerConnector@18bfde9e{HTTP/1.1, (http/1.1)}{0.0.0.0:15110}
2023-12-05 10:05:30,971 [main] INFO  server.session (HouseKeeper.java:stopScavenging(149)) - node0 Stopped scavenging
2023-12-05 10:05:30,971 [main] INFO  handler.ContextHandler (ContextHandler.java:doStop(1159)) - Stopped o.e.j.s.ServletContextHandler@693656c5{static,/static,file:///home/runner/work/ozone/ozone/hadoop-ozone/integration-test/target/test-classes/webapps/static,STOPPED}
2023-12-05 10:05:30,971 [main] INFO  handler.ContextHandler (ContextHandler.java:doStop(1159)) - Stopped o.e.j.s.ServletContextHandler@6a40086a{logs,/logs,file:///home/runner/work/ozone/ozone/hadoop-ozone/integration-test/target/log,STOPPED}
2023-12-05 10:05:30,972 [main] INFO  rocksdiff.RocksDBCheckpointDiffer (RocksDBCheckpointDiffer.java:close(310)) - Shutting down CompactionDagPruningService.
2023-12-05 10:05:30,973 [main] INFO  snapshot.SnapshotDiffManager (SnapshotDiffManager.java:closeExecutorService(1716)) - Shutting down executorService: 'SnapDiffExecutor'
2023-12-05 10:05:30,973 [main] INFO  snapshot.SnapshotDiffManager (SnapshotDiffManager.java:closeExecutorService(1716)) - Shutting down executorService: 'SstDumpToolExecutor'
2023-12-05 10:05:30,973 [main] INFO  utils.BackgroundService (BackgroundService.java:shutdown(160)) - Shutting down service SnapshotDiffCleanupService
2023-12-05 10:05:30,974 [main] INFO  ozone.MiniOzoneClusterImpl (MiniOzoneClusterImpl.java:stopDatanodes(536)) - Stopping the HddsDatanodes
2023-12-05 10:05:30,975 [main] INFO  ozoneimpl.OzoneContainer (OzoneContainer.java:stop(463)) - Attempting to stop container services.
2023-12-05 10:05:30,975 [ForkJoinPool.commonPool-worker-1] INFO  ozoneimpl.OzoneContainer (OzoneContainer.java:stop(463)) - Attempting to stop container services.
2023-12-05 10:05:30,976 [ForkJoinPool.commonPool-worker-0] INFO  ozoneimpl.OzoneContainer (OzoneContainer.java:stop(463)) - Attempting to stop container services.
2023-12-05 10:05:30,976 [main] INFO  server.RaftServer (RaftServerProxy.java:lambda$close$9(416)) - 871674c1-9b24-4b63-86c9-e7fd58f2c8d8: close
2023-12-05 10:05:30,976 [ForkJoinPool.commonPool-worker-1] INFO  server.RaftServer (RaftServerProxy.java:lambda$close$9(416)) - d731cfa9-bd59-499f-bb7f-50a20b0e2d64: close
2023-12-05 10:05:30,976 [871674c1-9b24-4b63-86c9-e7fd58f2c8d8-impl-thread1] INFO  server.RaftServer$Division (RaftServerImpl.java:lambda$close$3(516)) - 871674c1-9b24-4b63-86c9-e7fd58f2c8d8@group-0ED44AA663CF: shutdown
2023-12-05 10:05:30,976 [871674c1-9b24-4b63-86c9-e7fd58f2c8d8-impl-thread1] INFO  util.JmxRegister (JmxRegister.java:unregister(73)) - Successfully un-registered JMX Bean with object name Ratis:service=RaftServer,group=group-0ED44AA663CF,id=871674c1-9b24-4b63-86c9-e7fd58f2c8d8
2023-12-05 10:05:30,976 [d731cfa9-bd59-499f-bb7f-50a20b0e2d64-impl-thread1] INFO  server.RaftServer$Division (RaftServerImpl.java:lambda$close$3(516)) - d731cfa9-bd59-499f-bb7f-50a20b0e2d64@group-0ED44AA663CF: shutdown
2023-12-05 10:05:30,976 [d731cfa9-bd59-499f-bb7f-50a20b0e2d64-impl-thread1] INFO  util.JmxRegister (JmxRegister.java:unregister(73)) - Successfully un-registered JMX Bean with object name Ratis:service=RaftServer,group=group-0ED44AA663CF,id=d731cfa9-bd59-499f-bb7f-50a20b0e2d64
2023-12-05 10:05:30,976 [ForkJoinPool.commonPool-worker-0] INFO  server.RaftServer (RaftServerProxy.java:lambda$close$9(416)) - 7494988f-ebd7-47bd-844d-a639117e12d7: close
2023-12-05 10:05:30,976 [d731cfa9-bd59-499f-bb7f-50a20b0e2d64-impl-thread1] INFO  impl.RoleInfo (RoleInfo.java:shutdownLeaderState(94)) - d731cfa9-bd59-499f-bb7f-50a20b0e2d64: shutdown d731cfa9-bd59-499f-bb7f-50a20b0e2d64@group-0ED44AA663CF-LeaderStateImpl
2023-12-05 10:05:30,976 [871674c1-9b24-4b63-86c9-e7fd58f2c8d8-impl-thread1] INFO  impl.RoleInfo (RoleInfo.java:shutdownFollowerState(110)) - 871674c1-9b24-4b63-86c9-e7fd58f2c8d8: shutdown 871674c1-9b24-4b63-86c9-e7fd58f2c8d8@group-0ED44AA663CF-FollowerState
2023-12-05 10:05:30,977 [ForkJoinPool.commonPool-worker-1] INFO  server.GrpcService (GrpcService.java:closeImpl(311)) - d731cfa9-bd59-499f-bb7f-50a20b0e2d64: shutdown server org.apache.ratis.grpc.server.GrpcClientProtocolService now
2023-12-05 10:05:30,977 [871674c1-9b24-4b63-86c9-e7fd58f2c8d8@group-0ED44AA663CF-FollowerState] INFO  impl.FollowerState (FollowerState.java:run(152)) - 871674c1-9b24-4b63-86c9-e7fd58f2c8d8@group-0ED44AA663CF-FollowerState was interrupted
2023-12-05 10:05:30,977 [d731cfa9-bd59-499f-bb7f-50a20b0e2d64-impl-thread2] INFO  server.RaftServer$Division (RaftServerImpl.java:lambda$close$3(516)) - d731cfa9-bd59-499f-bb7f-50a20b0e2d64@group-61914078EDB0: shutdown
2023-12-05 10:05:30,977 [d731cfa9-bd59-499f-bb7f-50a20b0e2d64@group-0ED44AA663CF->7494988f-ebd7-47bd-844d-a639117e12d7-GrpcLogAppender-LogAppenderDaemon] WARN  server.GrpcLogAppender (GrpcLogAppender.java:mayWait(212)) - d731cfa9-bd59-499f-bb7f-50a20b0e2d64@group-0ED44AA663CF->7494988f-ebd7-47bd-844d-a639117e12d7-GrpcLogAppender: Wait interrupted by java.lang.InterruptedException
2023-12-05 10:05:30,977 [d731cfa9-bd59-499f-bb7f-50a20b0e2d64@group-0ED44AA663CF->871674c1-9b24-4b63-86c9-e7fd58f2c8d8-GrpcLogAppender-LogAppenderDaemon] WARN  server.GrpcLogAppender (GrpcLogAppender.java:mayWait(212)) - d731cfa9-bd59-499f-bb7f-50a20b0e2d64@group-0ED44AA663CF->871674c1-9b24-4b63-86c9-e7fd58f2c8d8-GrpcLogAppender: Wait interrupted by java.lang.InterruptedException
2023-12-05 10:05:30,977 [871674c1-9b24-4b63-86c9-e7fd58f2c8d8-impl-thread1] INFO  impl.StateMachineUpdater (StateMachineUpdater.java:stopAndJoin(157)) - 871674c1-9b24-4b63-86c9-e7fd58f2c8d8@group-0ED44AA663CF-StateMachineUpdater: set stopIndex = -1
2023-12-05 10:05:30,978 [871674c1-9b24-4b63-86c9-e7fd58f2c8d8-impl-thread1] INFO  server.RaftServer$Division (ServerState.java:close(423)) - 871674c1-9b24-4b63-86c9-e7fd58f2c8d8@group-0ED44AA663CF: applyIndex: -1
2023-12-05 10:05:30,978 [871674c1-9b24-4b63-86c9-e7fd58f2c8d8@group-0ED44AA663CF-cacheEviction-AwaitToRun] INFO  util.AwaitToRun (AwaitToRun.java:run(49)) - 871674c1-9b24-4b63-86c9-e7fd58f2c8d8@group-0ED44AA663CF-cacheEviction-AwaitToRun-AwaitForSignal is interrupted
2023-12-05 10:05:30,978 [grpc-default-executor-2] INFO  server.GrpcServerProtocolService (GrpcServerProtocolService.java:onCompleted(157)) - 871674c1-9b24-4b63-86c9-e7fd58f2c8d8: Completed APPEND_ENTRIES, lastRequest: null
2023-12-05 10:05:30,978 [grpc-default-executor-0] INFO  server.GrpcServerProtocolService (GrpcServerProtocolService.java:onCompleted(157)) - 7494988f-ebd7-47bd-844d-a639117e12d7: Completed APPEND_ENTRIES, lastRequest: null
2023-12-05 10:05:30,978 [ForkJoinPool.commonPool-worker-0] INFO  server.GrpcService (GrpcService.java:closeImpl(311)) - 7494988f-ebd7-47bd-844d-a639117e12d7: shutdown server org.apache.ratis.grpc.server.GrpcClientProtocolService now
2023-12-05 10:05:30,979 [grpc-default-executor-2] INFO  server.GrpcServerProtocolService (GrpcServerProtocolService.java:lambda$onCompleted$5(159)) - 871674c1-9b24-4b63-86c9-e7fd58f2c8d8: Completed APPEND_ENTRIES, lastReply: serverReply {
  requestorId: "d731cfa9-bd59-499f-bb7f-50a20b0e2d64"
  replyId: "871674c1-9b24-4b63-86c9-e7fd58f2c8d8"
  raftGroupId {
    id: "Q\016.\333\025JC4\210\220\016\324J\246c\317"
  }
  success: true
}
term: 1
followerCommit: 18446744073709551615
matchIndex: 18446744073709551615
isHearbeat: true

2023-12-05 10:05:30,979 [grpc-default-executor-1] INFO  server.GrpcServerProtocolService (GrpcServerProtocolService.java:onCompleted(157)) - 871674c1-9b24-4b63-86c9-e7fd58f2c8d8: Completed APPEND_ENTRIES, lastRequest: d731cfa9-bd59-499f-bb7f-50a20b0e2d64->871674c1-9b24-4b63-86c9-e7fd58f2c8d8#1-t1,previous=(t:0, i:0),leaderCommit=-1,initializing? true,entries: size=1, first=(t:1, i:0), CONFIGURATIONENTRY(current:id: "7494988f-ebd7-47bd-844d-a639117e12d7"
address: "10.1.0.7:15119"
dataStreamAddress: "10.1.0.7:15120"
clientAddress: "10.1.0.7:15117"
adminAddress: "10.1.0.7:15118"
startupRole: FOLLOWER
,id: "d731cfa9-bd59-499f-bb7f-50a20b0e2d64"
address: "10.1.0.7:15137"
priority: 1
dataStreamAddress: "10.1.0.7:15138"
clientAddress: "10.1.0.7:15135"
adminAddress: "10.1.0.7:15136"
startupRole: FOLLOWER
,id: "871674c1-9b24-4b63-86c9-e7fd58f2c8d8"
address: "10.1.0.7:15128"
dataStreamAddress: "10.1.0.7:15129"
clientAddress: "10.1.0.7:15126"
adminAddress: "10.1.0.7:15127"
startupRole: FOLLOWER
, old:)
2023-12-05 10:05:30,979 [7494988f-ebd7-47bd-844d-a639117e12d7-impl-thread2] INFO  server.RaftServer$Division (RaftServerImpl.java:lambda$close$3(516)) - 7494988f-ebd7-47bd-844d-a639117e12d7@group-0ED44AA663CF: shutdown
2023-12-05 10:05:30,979 [7494988f-ebd7-47bd-844d-a639117e12d7-impl-thread2] INFO  util.JmxRegister (JmxRegister.java:unregister(73)) - Successfully un-registered JMX Bean with object name Ratis:service=RaftServer,group=group-0ED44AA663CF,id=7494988f-ebd7-47bd-844d-a639117e12d7
2023-12-05 10:05:30,979 [7494988f-ebd7-47bd-844d-a639117e12d7-impl-thread2] INFO  impl.RoleInfo (RoleInfo.java:shutdownFollowerState(110)) - 7494988f-ebd7-47bd-844d-a639117e12d7: shutdown 7494988f-ebd7-47bd-844d-a639117e12d7@group-0ED44AA663CF-FollowerState
2023-12-05 10:05:30,980 [grpc-default-executor-3] INFO  server.GrpcServerProtocolService (GrpcServerProtocolService.java:onCompleted(157)) - 7494988f-ebd7-47bd-844d-a639117e12d7: Completed APPEND_ENTRIES, lastRequest: d731cfa9-bd59-499f-bb7f-50a20b0e2d64->7494988f-ebd7-47bd-844d-a639117e12d7#1-t1,previous=(t:0, i:0),leaderCommit=-1,initializing? true,entries: size=1, first=(t:1, i:0), CONFIGURATIONENTRY(current:id: "7494988f-ebd7-47bd-844d-a639117e12d7"
address: "10.1.0.7:15119"
dataStreamAddress: "10.1.0.7:15120"
clientAddress: "10.1.0.7:15117"
adminAddress: "10.1.0.7:15118"
startupRole: FOLLOWER
,id: "d731cfa9-bd59-499f-bb7f-50a20b0e2d64"
address: "10.1.0.7:15137"
priority: 1
dataStreamAddress: "10.1.0.7:15138"
clientAddress: "10.1.0.7:15135"
adminAddress: "10.1.0.7:15136"
startupRole: FOLLOWER
,id: "871674c1-9b24-4b63-86c9-e7fd58f2c8d8"
address: "10.1.0.7:15128"
dataStreamAddress: "10.1.0.7:15129"
clientAddress: "10.1.0.7:15126"
adminAddress: "10.1.0.7:15127"
startupRole: FOLLOWER
, old:)
2023-12-05 10:05:30,980 [grpc-default-executor-3] INFO  server.GrpcServerProtocolService (GrpcServerProtocolService.java:lambda$onCompleted$5(159)) - 7494988f-ebd7-47bd-844d-a639117e12d7: Completed APPEND_ENTRIES, lastReply: null
2023-12-05 10:05:30,981 [7494988f-ebd7-47bd-844d-a639117e12d7-impl-thread2] INFO  impl.StateMachineUpdater (StateMachineUpdater.java:stopAndJoin(157)) - 7494988f-ebd7-47bd-844d-a639117e12d7@group-0ED44AA663CF-StateMachineUpdater: set stopIndex = -1
2023-12-05 10:05:30,981 [7494988f-ebd7-47bd-844d-a639117e12d7@group-0ED44AA663CF-FollowerState] INFO  impl.FollowerState (FollowerState.java:run(152)) - 7494988f-ebd7-47bd-844d-a639117e12d7@group-0ED44AA663CF-FollowerState was interrupted
2023-12-05 10:05:30,981 [Thread-1736] INFO  server.GrpcServerProtocolClient (GrpcServerProtocolClient.java:close(103)) - 871674c1-9b24-4b63-86c9-e7fd58f2c8d8 Close channels
2023-12-05 10:05:30,982 [Thread-1732] INFO  server.GrpcServerProtocolClient (GrpcServerProtocolClient.java:close(103)) - 7494988f-ebd7-47bd-844d-a639117e12d7 Close channels
2023-12-05 10:05:30,977 [871674c1-9b24-4b63-86c9-e7fd58f2c8d8-impl-thread2] INFO  server.RaftServer$Division (RaftServerImpl.java:lambda$close$3(516)) - 871674c1-9b24-4b63-86c9-e7fd58f2c8d8@group-30EE4ABB169F: shutdown
2023-12-05 10:05:30,977 [d731cfa9-bd59-499f-bb7f-50a20b0e2d64-impl-thread1] INFO  impl.PendingRequests (PendingRequests.java:sendNotLeaderResponses(289)) - d731cfa9-bd59-499f-bb7f-50a20b0e2d64@group-0ED44AA663CF-PendingRequests: sendNotLeaderResponses
2023-12-05 10:05:30,977 [d731cfa9-bd59-499f-bb7f-50a20b0e2d64-impl-thread2] INFO  util.JmxRegister (JmxRegister.java:unregister(73)) - Successfully un-registered JMX Bean with object name Ratis:service=RaftServer,group=group-61914078EDB0,id=d731cfa9-bd59-499f-bb7f-50a20b0e2d64
2023-12-05 10:05:30,982 [d731cfa9-bd59-499f-bb7f-50a20b0e2d64-impl-thread2] INFO  impl.RoleInfo (RoleInfo.java:shutdownLeaderState(94)) - d731cfa9-bd59-499f-bb7f-50a20b0e2d64: shutdown d731cfa9-bd59-499f-bb7f-50a20b0e2d64@group-61914078EDB0-LeaderStateImpl
2023-12-05 10:05:30,977 [main] INFO  server.GrpcService (GrpcService.java:closeImpl(311)) - 871674c1-9b24-4b63-86c9-e7fd58f2c8d8: shutdown server org.apache.ratis.grpc.server.GrpcClientProtocolService now
2023-12-05 10:05:30,977 [7494988f-ebd7-47bd-844d-a639117e12d7-impl-thread1] INFO  server.RaftServer$Division (RaftServerImpl.java:lambda$close$3(516)) - 7494988f-ebd7-47bd-844d-a639117e12d7@group-96042CA7FA01: shutdown
2023-12-05 10:05:30,982 [871674c1-9b24-4b63-86c9-e7fd58f2c8d8-impl-thread2] INFO  util.JmxRegister (JmxRegister.java:unregister(73)) - Successfully un-registered JMX Bean with object name Ratis:service=RaftServer,group=group-30EE4ABB169F,id=871674c1-9b24-4b63-86c9-e7fd58f2c8d8
2023-12-05 10:05:30,982 [d731cfa9-bd59-499f-bb7f-50a20b0e2d64-impl-thread1] INFO  impl.StateMachineUpdater (StateMachineUpdater.java:stopAndJoin(157)) - d731cfa9-bd59-499f-bb7f-50a20b0e2d64@group-0ED44AA663CF-StateMachineUpdater: set stopIndex = 0
2023-12-05 10:05:30,982 [d731cfa9-bd59-499f-bb7f-50a20b0e2d64-impl-thread2] INFO  impl.PendingRequests (PendingRequests.java:sendNotLeaderResponses(289)) - d731cfa9-bd59-499f-bb7f-50a20b0e2d64@group-61914078EDB0-PendingRequests: sendNotLeaderResponses
2023-12-05 10:05:30,981 [7494988f-ebd7-47bd-844d-a639117e12d7-impl-thread2] INFO  server.RaftServer$Division (ServerState.java:close(423)) - 7494988f-ebd7-47bd-844d-a639117e12d7@group-0ED44AA663CF: applyIndex: -1
2023-12-05 10:05:30,979 [grpc-default-executor-1] INFO  server.GrpcServerProtocolService (GrpcServerProtocolService.java:lambda$onCompleted$5(159)) - 871674c1-9b24-4b63-86c9-e7fd58f2c8d8: Completed APPEND_ENTRIES, lastReply: null
2023-12-05 10:05:30,983 [d731cfa9-bd59-499f-bb7f-50a20b0e2d64-impl-thread2] INFO  impl.StateMachineUpdater (StateMachineUpdater.java:stopAndJoin(157)) - d731cfa9-bd59-499f-bb7f-50a20b0e2d64@group-61914078EDB0-StateMachineUpdater: set stopIndex = 0
2023-12-05 10:05:30,983 [d731cfa9-bd59-499f-bb7f-50a20b0e2d64@group-61914078EDB0-StateMachineUpdater] INFO  ratis.ContainerStateMachine (ContainerStateMachine.java:takeSnapshot(337)) - group-61914078EDB0: Taking a snapshot at:(t:1, i:0) file /home/runner/work/ozone/ozone/hadoop-ozone/integration-test/target/test-dir/MiniOzoneClusterImpl-782bf028-a903-465f-9351-69beed6026d9/datanode-2/data/ratis/fffac926-59a5-48f9-bcd0-61914078edb0/sm/snapshot.1_0
2023-12-05 10:05:30,979 [grpc-default-executor-0] INFO  server.GrpcServerProtocolService (GrpcServerProtocolService.java:lambda$onCompleted$5(159)) - 7494988f-ebd7-47bd-844d-a639117e12d7: Completed APPEND_ENTRIES, lastReply: serverReply {
  requestorId: "d731cfa9-bd59-499f-bb7f-50a20b0e2d64"
  replyId: "7494988f-ebd7-47bd-844d-a639117e12d7"
  raftGroupId {
    id: "Q\016.\333\025JC4\210\220\016\324J\246c\317"
  }
  success: true
}
term: 1
nextIndex: 1
followerCommit: 18446744073709551615
matchIndex: 18446744073709551615
isHearbeat: true

2023-12-05 10:05:30,983 [7494988f-ebd7-47bd-844d-a639117e12d7@group-0ED44AA663CF-cacheEviction-AwaitToRun] INFO  util.AwaitToRun (AwaitToRun.java:run(49)) - 7494988f-ebd7-47bd-844d-a639117e12d7@group-0ED44AA663CF-cacheEviction-AwaitToRun-AwaitForSignal is interrupted
2023-12-05 10:05:30,982 [871674c1-9b24-4b63-86c9-e7fd58f2c8d8-impl-thread2] INFO  impl.RoleInfo (RoleInfo.java:shutdownLeaderState(94)) - 871674c1-9b24-4b63-86c9-e7fd58f2c8d8: shutdown 871674c1-9b24-4b63-86c9-e7fd58f2c8d8@group-30EE4ABB169F-LeaderStateImpl
2023-12-05 10:05:30,982 [7494988f-ebd7-47bd-844d-a639117e12d7-impl-thread1] INFO  util.JmxRegister (JmxRegister.java:unregister(73)) - Successfully un-registered JMX Bean with object name Ratis:service=RaftServer,group=group-96042CA7FA01,id=7494988f-ebd7-47bd-844d-a639117e12d7
2023-12-05 10:05:30,983 [871674c1-9b24-4b63-86c9-e7fd58f2c8d8-impl-thread2] INFO  impl.PendingRequests (PendingRequests.java:sendNotLeaderResponses(289)) - 871674c1-9b24-4b63-86c9-e7fd58f2c8d8@group-30EE4ABB169F-PendingRequests: sendNotLeaderResponses
2023-12-05 10:05:30,982 [d731cfa9-bd59-499f-bb7f-50a20b0e2d64@group-0ED44AA663CF-StateMachineUpdater] INFO  ratis.ContainerStateMachine (ContainerStateMachine.java:takeSnapshot(337)) - group-0ED44AA663CF: Taking a snapshot at:(t:1, i:0) file /home/runner/work/ozone/ozone/hadoop-ozone/integration-test/target/test-dir/MiniOzoneClusterImpl-782bf028-a903-465f-9351-69beed6026d9/datanode-2/data/ratis/510e2edb-154a-4334-8890-0ed44aa663cf/sm/snapshot.1_0
2023-12-05 10:05:30,983 [d731cfa9-bd59-499f-bb7f-50a20b0e2d64@group-61914078EDB0-StateMachineUpdater] INFO  ratis.ContainerStateMachine (ContainerStateMachine.java:takeSnapshot(348)) - group-61914078EDB0: Finished taking a snapshot at:(t:1, i:0) file:/home/runner/work/ozone/ozone/hadoop-ozone/integration-test/target/test-dir/MiniOzoneClusterImpl-782bf028-a903-465f-9351-69beed6026d9/datanode-2/data/ratis/fffac926-59a5-48f9-bcd0-61914078edb0/sm/snapshot.1_0 took: 1 ms
2023-12-05 10:05:30,983 [7494988f-ebd7-47bd-844d-a639117e12d7-impl-thread1] INFO  impl.RoleInfo (RoleInfo.java:shutdownLeaderState(94)) - 7494988f-ebd7-47bd-844d-a639117e12d7: shutdown 7494988f-ebd7-47bd-844d-a639117e12d7@group-96042CA7FA01-LeaderStateImpl
2023-12-05 10:05:30,984 [7494988f-ebd7-47bd-844d-a639117e12d7-impl-thread1] INFO  impl.PendingRequests (PendingRequests.java:sendNotLeaderResponses(289)) - 7494988f-ebd7-47bd-844d-a639117e12d7@group-96042CA7FA01-PendingRequests: sendNotLeaderResponses
2023-12-05 10:05:30,984 [d731cfa9-bd59-499f-bb7f-50a20b0e2d64@group-0ED44AA663CF-StateMachineUpdater] INFO  ratis.ContainerStateMachine (ContainerStateMachine.java:takeSnapshot(348)) - group-0ED44AA663CF: Finished taking a snapshot at:(t:1, i:0) file:/home/runner/work/ozone/ozone/hadoop-ozone/integration-test/target/test-dir/MiniOzoneClusterImpl-782bf028-a903-465f-9351-69beed6026d9/datanode-2/data/ratis/510e2edb-154a-4334-8890-0ed44aa663cf/sm/snapshot.1_0 took: 1 ms
2023-12-05 10:05:30,984 [d731cfa9-bd59-499f-bb7f-50a20b0e2d64@group-61914078EDB0-StateMachineUpdater] INFO  impl.StateMachineUpdater (StateMachineUpdater.java:takeSnapshot(295)) - d731cfa9-bd59-499f-bb7f-50a20b0e2d64@group-61914078EDB0-StateMachineUpdater: Took a snapshot at index 0
2023-12-05 10:05:30,984 [d731cfa9-bd59-499f-bb7f-50a20b0e2d64@group-61914078EDB0-StateMachineUpdater] INFO  impl.StateMachineUpdater (StateMachineUpdater.java:lambda$new$0(98)) - d731cfa9-bd59-499f-bb7f-50a20b0e2d64@group-61914078EDB0-StateMachineUpdater: snapshotIndex: updateIncreasingly -1 -> 0
2023-12-05 10:05:30,984 [7494988f-ebd7-47bd-844d-a639117e12d7-impl-thread1] INFO  impl.StateMachineUpdater (StateMachineUpdater.java:stopAndJoin(157)) - 7494988f-ebd7-47bd-844d-a639117e12d7@group-96042CA7FA01-StateMachineUpdater: set stopIndex = 0
2023-12-05 10:05:30,984 [7494988f-ebd7-47bd-844d-a639117e12d7@group-96042CA7FA01-StateMachineUpdater] INFO  ratis.ContainerStateMachine (ContainerStateMachine.java:takeSnapshot(337)) - group-96042CA7FA01: Taking a snapshot at:(t:1, i:0) file /home/runner/work/ozone/ozone/hadoop-ozone/integration-test/target/test-dir/MiniOzoneClusterImpl-782bf028-a903-465f-9351-69beed6026d9/datanode-0/data/ratis/8ece25f8-0f8f-4f2a-b915-96042ca7fa01/sm/snapshot.1_0
2023-12-05 10:05:30,983 [grpc-default-executor-3] INFO  server.GrpcLogAppender (GrpcLogAppender.java:onCompleted(469)) - d731cfa9-bd59-499f-bb7f-50a20b0e2d64@group-0ED44AA663CF->871674c1-9b24-4b63-86c9-e7fd58f2c8d8-AppendLogResponseHandler: follower responses appendEntries COMPLETED
2023-12-05 10:05:30,984 [d731cfa9-bd59-499f-bb7f-50a20b0e2d64-impl-thread2] INFO  server.RaftServer$Division (ServerState.java:close(423)) - d731cfa9-bd59-499f-bb7f-50a20b0e2d64@group-61914078EDB0: applyIndex: 0
2023-12-05 10:05:30,984 [871674c1-9b24-4b63-86c9-e7fd58f2c8d8-impl-thread2] INFO  impl.StateMachineUpdater (StateMachineUpdater.java:stopAndJoin(157)) - 871674c1-9b24-4b63-86c9-e7fd58f2c8d8@group-30EE4ABB169F-StateMachineUpdater: set stopIndex = 0
2023-12-05 10:05:30,984 [d731cfa9-bd59-499f-bb7f-50a20b0e2d64@group-61914078EDB0-cacheEviction-AwaitToRun] INFO  util.AwaitToRun (AwaitToRun.java:run(49)) - d731cfa9-bd59-499f-bb7f-50a20b0e2d64@group-61914078EDB0-cacheEviction-AwaitToRun-AwaitForSignal is interrupted
2023-12-05 10:05:30,984 [d731cfa9-bd59-499f-bb7f-50a20b0e2d64@group-0ED44AA663CF-StateMachineUpdater] INFO  impl.StateMachineUpdater (StateMachineUpdater.java:takeSnapshot(295)) - d731cfa9-bd59-499f-bb7f-50a20b0e2d64@group-0ED44AA663CF-StateMachineUpdater: Took a snapshot at index 0
2023-12-05 10:05:30,984 [d731cfa9-bd59-499f-bb7f-50a20b0e2d64@group-0ED44AA663CF-StateMachineUpdater] INFO  impl.StateMachineUpdater (StateMachineUpdater.java:lambda$new$0(98)) - d731cfa9-bd59-499f-bb7f-50a20b0e2d64@group-0ED44AA663CF-StateMachineUpdater: snapshotIndex: updateIncreasingly -1 -> 0
2023-12-05 10:05:30,984 [871674c1-9b24-4b63-86c9-e7fd58f2c8d8@group-30EE4ABB169F-StateMachineUpdater] INFO  ratis.ContainerStateMachine (ContainerStateMachine.java:takeSnapshot(337)) - group-30EE4ABB169F: Taking a snapshot at:(t:1, i:0) file /home/runner/work/ozone/ozone/hadoop-ozone/integration-test/target/test-dir/MiniOzoneClusterImpl-782bf028-a903-465f-9351-69beed6026d9/datanode-1/data/ratis/2add67f2-25c5-4d76-b76f-30ee4abb169f/sm/snapshot.1_0
2023-12-05 10:05:30,985 [d731cfa9-bd59-499f-bb7f-50a20b0e2d64-impl-thread1] INFO  server.RaftServer$Division (ServerState.java:close(423)) - d731cfa9-bd59-499f-bb7f-50a20b0e2d64@group-0ED44AA663CF: applyIndex: 0
2023-12-05 10:05:30,984 [7494988f-ebd7-47bd-844d-a639117e12d7@group-96042CA7FA01-StateMachineUpdater] INFO  ratis.ContainerStateMachine (ContainerStateMachine.java:takeSnapshot(348)) - group-96042CA7FA01: Finished taking a snapshot at:(t:1, i:0) file:/home/runner/work/ozone/ozone/hadoop-ozone/integration-test/target/test-dir/MiniOzoneClusterImpl-782bf028-a903-465f-9351-69beed6026d9/datanode-0/data/ratis/8ece25f8-0f8f-4f2a-b915-96042ca7fa01/sm/snapshot.1_0 took: 0 ms
2023-12-05 10:05:30,984 [grpc-default-executor-3] WARN  server.GrpcLogAppender (GrpcLogAppender.java:resetClient(149)) - d731cfa9-bd59-499f-bb7f-50a20b0e2d64@group-0ED44AA663CF->871674c1-9b24-4b63-86c9-e7fd58f2c8d8-GrpcLogAppender: Failed to getClient for 871674c1-9b24-4b63-86c9-e7fd58f2c8d8
org.apache.ratis.protocol.exceptions.AlreadyClosedException: d731cfa9-bd59-499f-bb7f-50a20b0e2d64 is already CLOSED
	at org.apache.ratis.util.PeerProxyMap$PeerAndProxy.getProxy(PeerProxyMap.java:61)
	at org.apache.ratis.util.PeerProxyMap.getProxy(PeerProxyMap.java:110)
	at org.apache.ratis.grpc.server.GrpcLogAppender.getClient(GrpcLogAppender.java:121)
	at org.apache.ratis.grpc.server.GrpcLogAppender.resetClient(GrpcLogAppender.java:126)
	at org.apache.ratis.grpc.server.GrpcLogAppender.access$800(GrpcLogAppender.java:61)
	at org.apache.ratis.grpc.server.GrpcLogAppender$AppendLogResponseHandler.onCompleted(GrpcLogAppender.java:471)
	at org.apache.ratis.thirdparty.io.grpc.stub.ClientCalls$StreamObserverToCallListenerAdapter.onClose(ClientCalls.java:479)
	at org.apache.ratis.thirdparty.io.grpc.internal.ClientCallImpl.closeObserver(ClientCallImpl.java:567)
	at org.apache.ratis.thirdparty.io.grpc.internal.ClientCallImpl.access$300(ClientCallImpl.java:71)
	at org.apache.ratis.thirdparty.io.grpc.internal.ClientCallImpl$ClientStreamListenerImpl$1StreamClosed.runInternal(ClientCallImpl.java:735)
	at org.apache.ratis.thirdparty.io.grpc.internal.ClientCallImpl$ClientStreamListenerImpl$1StreamClosed.runInContext(ClientCallImpl.java:716)
	at org.apache.ratis.thirdparty.io.grpc.internal.ContextRunnable.run(ContextRunnable.java:37)
	at org.apache.ratis.thirdparty.io.grpc.internal.SerializingExecutor.run(SerializingExecutor.java:133)
	at java.util.concurrent.ThreadPoolExecutor.runWorker(ThreadPoolExecutor.java:1149)
	at java.util.concurrent.ThreadPoolExecutor$Worker.run(ThreadPoolExecutor.java:624)
	at java.lang.Thread.run(Thread.java:750)
2023-12-05 10:05:30,985 [7494988f-ebd7-47bd-844d-a639117e12d7@group-96042CA7FA01-StateMachineUpdater] INFO  impl.StateMachineUpdater (StateMachineUpdater.java:takeSnapshot(295)) - 7494988f-ebd7-47bd-844d-a639117e12d7@group-96042CA7FA01-StateMachineUpdater: Took a snapshot at index 0
2023-12-05 10:05:30,985 [871674c1-9b24-4b63-86c9-e7fd58f2c8d8@group-30EE4ABB169F-StateMachineUpdater] INFO  ratis.ContainerStateMachine (ContainerStateMachine.java:takeSnapshot(348)) - group-30EE4ABB169F: Finished taking a snapshot at:(t:1, i:0) file:/home/runner/work/ozone/ozone/hadoop-ozone/integration-test/target/test-dir/MiniOzoneClusterImpl-782bf028-a903-465f-9351-69beed6026d9/datanode-1/data/ratis/2add67f2-25c5-4d76-b76f-30ee4abb169f/sm/snapshot.1_0 took: 2 ms
2023-12-05 10:05:30,985 [d731cfa9-bd59-499f-bb7f-50a20b0e2d64@group-0ED44AA663CF-cacheEviction-AwaitToRun] INFO  util.AwaitToRun (AwaitToRun.java:run(49)) - d731cfa9-bd59-499f-bb7f-50a20b0e2d64@group-0ED44AA663CF-cacheEviction-AwaitToRun-AwaitForSignal is interrupted
2023-12-05 10:05:30,985 [871674c1-9b24-4b63-86c9-e7fd58f2c8d8@group-30EE4ABB169F-StateMachineUpdater] INFO  impl.StateMachineUpdater (StateMachineUpdater.java:takeSnapshot(295)) - 871674c1-9b24-4b63-86c9-e7fd58f2c8d8@group-30EE4ABB169F-StateMachineUpdater: Took a snapshot at index 0
2023-12-05 10:05:30,985 [871674c1-9b24-4b63-86c9-e7fd58f2c8d8@group-30EE4ABB169F-StateMachineUpdater] INFO  impl.StateMachineUpdater (StateMachineUpdater.java:lambda$new$0(98)) - 871674c1-9b24-4b63-86c9-e7fd58f2c8d8@group-30EE4ABB169F-StateMachineUpdater: snapshotIndex: updateIncreasingly -1 -> 0
2023-12-05 10:05:30,985 [7494988f-ebd7-47bd-844d-a639117e12d7@group-96042CA7FA01-StateMachineUpdater] INFO  impl.StateMachineUpdater (StateMachineUpdater.java:lambda$new$0(98)) - 7494988f-ebd7-47bd-844d-a639117e12d7@group-96042CA7FA01-StateMachineUpdater: snapshotIndex: updateIncreasingly -1 -> 0
2023-12-05 10:05:30,985 [7494988f-ebd7-47bd-844d-a639117e12d7-impl-thread1] INFO  server.RaftServer$Division (ServerState.java:close(423)) - 7494988f-ebd7-47bd-844d-a639117e12d7@group-96042CA7FA01: applyIndex: 0
2023-12-05 10:05:30,986 [871674c1-9b24-4b63-86c9-e7fd58f2c8d8-impl-thread2] INFO  server.RaftServer$Division (ServerState.java:close(423)) - 871674c1-9b24-4b63-86c9-e7fd58f2c8d8@group-30EE4ABB169F: applyIndex: 0
2023-12-05 10:05:30,986 [7494988f-ebd7-47bd-844d-a639117e12d7@group-96042CA7FA01-cacheEviction-AwaitToRun] INFO  util.AwaitToRun (AwaitToRun.java:run(49)) - 7494988f-ebd7-47bd-844d-a639117e12d7@group-96042CA7FA01-cacheEviction-AwaitToRun-AwaitForSignal is interrupted
2023-12-05 10:05:30,986 [871674c1-9b24-4b63-86c9-e7fd58f2c8d8@group-30EE4ABB169F-cacheEviction-AwaitToRun] INFO  util.AwaitToRun (AwaitToRun.java:run(49)) - 871674c1-9b24-4b63-86c9-e7fd58f2c8d8@group-30EE4ABB169F-cacheEviction-AwaitToRun-AwaitForSignal is interrupted
2023-12-05 10:05:30,987 [Thread-1737] INFO  server.GrpcServerProtocolClient (GrpcServerProtocolClient.java:close(103)) - d731cfa9-bd59-499f-bb7f-50a20b0e2d64 Close channels
2023-12-05 10:05:30,987 [Thread-1738] INFO  server.GrpcServerProtocolClient (GrpcServerProtocolClient.java:close(103)) - 871674c1-9b24-4b63-86c9-e7fd58f2c8d8 Close channels
2023-12-05 10:05:30,987 [grpc-default-executor-3] INFO  server.GrpcLogAppender (GrpcLogAppender.java:onCompleted(469)) - d731cfa9-bd59-499f-bb7f-50a20b0e2d64@group-0ED44AA663CF->7494988f-ebd7-47bd-844d-a639117e12d7-AppendLogResponseHandler: follower responses appendEntries COMPLETED
2023-12-05 10:05:30,988 [grpc-default-executor-3] WARN  server.GrpcLogAppender (GrpcLogAppender.java:resetClient(149)) - d731cfa9-bd59-499f-bb7f-50a20b0e2d64@group-0ED44AA663CF->7494988f-ebd7-47bd-844d-a639117e12d7-GrpcLogAppender: Failed to getClient for 7494988f-ebd7-47bd-844d-a639117e12d7
org.apache.ratis.protocol.exceptions.AlreadyClosedException: d731cfa9-bd59-499f-bb7f-50a20b0e2d64 is already CLOSED
	at org.apache.ratis.util.PeerProxyMap$PeerAndProxy.getProxy(PeerProxyMap.java:61)
	at org.apache.ratis.util.PeerProxyMap.getProxy(PeerProxyMap.java:110)
	at org.apache.ratis.grpc.server.GrpcLogAppender.getClient(GrpcLogAppender.java:121)
	at org.apache.ratis.grpc.server.GrpcLogAppender.resetClient(GrpcLogAppender.java:126)
	at org.apache.ratis.grpc.server.GrpcLogAppender.access$800(GrpcLogAppender.java:61)
	at org.apache.ratis.grpc.server.GrpcLogAppender$AppendLogResponseHandler.onCompleted(GrpcLogAppender.java:471)
	at org.apache.ratis.thirdparty.io.grpc.stub.ClientCalls$StreamObserverToCallListenerAdapter.onClose(ClientCalls.java:479)
	at org.apache.ratis.thirdparty.io.grpc.internal.ClientCallImpl.closeObserver(ClientCallImpl.java:567)
	at org.apache.ratis.thirdparty.io.grpc.internal.ClientCallImpl.access$300(ClientCallImpl.java:71)
	at org.apache.ratis.thirdparty.io.grpc.internal.ClientCallImpl$ClientStreamListenerImpl$1StreamClosed.runInternal(ClientCallImpl.java:735)
	at org.apache.ratis.thirdparty.io.grpc.internal.ClientCallImpl$ClientStreamListenerImpl$1StreamClosed.runInContext(ClientCallImpl.java:716)
	at org.apache.ratis.thirdparty.io.grpc.internal.ContextRunnable.run(ContextRunnable.java:37)
	at org.apache.ratis.thirdparty.io.grpc.internal.SerializingExecutor.run(SerializingExecutor.java:133)
	at java.util.concurrent.ThreadPoolExecutor.runWorker(ThreadPoolExecutor.java:1149)
	at java.util.concurrent.ThreadPoolExecutor$Worker.run(ThreadPoolExecutor.java:624)
	at java.lang.Thread.run(Thread.java:750)
2023-12-05 10:05:30,988 [grpc-default-executor-4] INFO  server.GrpcLogAppender (GrpcLogAppender.java:onCompleted(469)) - d731cfa9-bd59-499f-bb7f-50a20b0e2d64@group-0ED44AA663CF->871674c1-9b24-4b63-86c9-e7fd58f2c8d8-AppendLogResponseHandler: follower responses appendEntries COMPLETED
2023-12-05 10:05:30,989 [grpc-default-executor-4] WARN  server.GrpcLogAppender (GrpcLogAppender.java:resetClient(149)) - d731cfa9-bd59-499f-bb7f-50a20b0e2d64@group-0ED44AA663CF->871674c1-9b24-4b63-86c9-e7fd58f2c8d8-GrpcLogAppender: Failed to getClient for 871674c1-9b24-4b63-86c9-e7fd58f2c8d8
org.apache.ratis.protocol.exceptions.AlreadyClosedException: d731cfa9-bd59-499f-bb7f-50a20b0e2d64 is already CLOSED
	at org.apache.ratis.util.PeerProxyMap$PeerAndProxy.getProxy(PeerProxyMap.java:61)
	at org.apache.ratis.util.PeerProxyMap.getProxy(PeerProxyMap.java:110)
	at org.apache.ratis.grpc.server.GrpcLogAppender.getClient(GrpcLogAppender.java:121)
	at org.apache.ratis.grpc.server.GrpcLogAppender.resetClient(GrpcLogAppender.java:126)
	at org.apache.ratis.grpc.server.GrpcLogAppender.access$800(GrpcLogAppender.java:61)
	at org.apache.ratis.grpc.server.GrpcLogAppender$AppendLogResponseHandler.onCompleted(GrpcLogAppender.java:471)
	at org.apache.ratis.thirdparty.io.grpc.stub.ClientCalls$StreamObserverToCallListenerAdapter.onClose(ClientCalls.java:479)
	at org.apache.ratis.thirdparty.io.grpc.internal.DelayedClientCall$DelayedListener$3.run(DelayedClientCall.java:489)
	at org.apache.ratis.thirdparty.io.grpc.internal.DelayedClientCall$DelayedListener.delayOrExecute(DelayedClientCall.java:453)
	at org.apache.ratis.thirdparty.io.grpc.internal.DelayedClientCall$DelayedListener.onClose(DelayedClientCall.java:486)
	at org.apache.ratis.thirdparty.io.grpc.internal.ClientCallImpl.closeObserver(ClientCallImpl.java:567)
	at org.apache.ratis.thirdparty.io.grpc.internal.ClientCallImpl.access$300(ClientCallImpl.java:71)
	at org.apache.ratis.thirdparty.io.grpc.internal.ClientCallImpl$ClientStreamListenerImpl$1StreamClosed.runInternal(ClientCallImpl.java:735)
	at org.apache.ratis.thirdparty.io.grpc.internal.ClientCallImpl$ClientStreamListenerImpl$1StreamClosed.runInContext(ClientCallImpl.java:716)
	at org.apache.ratis.thirdparty.io.grpc.internal.ContextRunnable.run(ContextRunnable.java:37)
	at org.apache.ratis.thirdparty.io.grpc.internal.SerializingExecutor.run(SerializingExecutor.java:133)
	at java.util.concurrent.ThreadPoolExecutor.runWorker(ThreadPoolExecutor.java:1149)
	at java.util.concurrent.ThreadPoolExecutor$Worker.run(ThreadPoolExecutor.java:624)
	at java.lang.Thread.run(Thread.java:750)
2023-12-05 10:05:30,990 [ForkJoinPool.commonPool-worker-0] INFO  server.GrpcService (GrpcService.java:closeImpl(320)) - 7494988f-ebd7-47bd-844d-a639117e12d7: shutdown server org.apache.ratis.grpc.server.GrpcClientProtocolService successfully
2023-12-05 10:05:30,990 [ForkJoinPool.commonPool-worker-1] INFO  server.GrpcService (GrpcService.java:closeImpl(320)) - d731cfa9-bd59-499f-bb7f-50a20b0e2d64: shutdown server org.apache.ratis.grpc.server.GrpcClientProtocolService successfully
2023-12-05 10:05:30,990 [ForkJoinPool.commonPool-worker-1] INFO  server.GrpcService (GrpcService.java:closeImpl(311)) - d731cfa9-bd59-499f-bb7f-50a20b0e2d64: shutdown server GrpcServerProtocolService now
2023-12-05 10:05:30,989 [main] INFO  server.GrpcService (GrpcService.java:closeImpl(320)) - 871674c1-9b24-4b63-86c9-e7fd58f2c8d8: shutdown server org.apache.ratis.grpc.server.GrpcClientProtocolService successfully
2023-12-05 10:05:30,990 [main] INFO  server.GrpcService (GrpcService.java:closeImpl(311)) - 871674c1-9b24-4b63-86c9-e7fd58f2c8d8: shutdown server GrpcServerProtocolService now
2023-12-05 10:05:30,989 [grpc-default-executor-1] INFO  server.GrpcLogAppender (GrpcLogAppender.java:onCompleted(469)) - d731cfa9-bd59-499f-bb7f-50a20b0e2d64@group-0ED44AA663CF->7494988f-ebd7-47bd-844d-a639117e12d7-AppendLogResponseHandler: follower responses appendEntries COMPLETED
2023-12-05 10:05:30,990 [ForkJoinPool.commonPool-worker-0] INFO  server.GrpcService (GrpcService.java:closeImpl(311)) - 7494988f-ebd7-47bd-844d-a639117e12d7: shutdown server GrpcServerProtocolService now
2023-12-05 10:05:30,991 [grpc-default-executor-1] WARN  server.GrpcLogAppender (GrpcLogAppender.java:resetClient(149)) - d731cfa9-bd59-499f-bb7f-50a20b0e2d64@group-0ED44AA663CF->7494988f-ebd7-47bd-844d-a639117e12d7-GrpcLogAppender: Failed to getClient for 7494988f-ebd7-47bd-844d-a639117e12d7
org.apache.ratis.protocol.exceptions.AlreadyClosedException: d731cfa9-bd59-499f-bb7f-50a20b0e2d64 is already CLOSED
	at org.apache.ratis.util.PeerProxyMap$PeerAndProxy.getProxy(PeerProxyMap.java:61)
	at org.apache.ratis.util.PeerProxyMap.getProxy(PeerProxyMap.java:110)
	at org.apache.ratis.grpc.server.GrpcLogAppender.getClient(GrpcLogAppender.java:121)
	at org.apache.ratis.grpc.server.GrpcLogAppender.resetClient(GrpcLogAppender.java:126)
	at org.apache.ratis.grpc.server.GrpcLogAppender.access$800(GrpcLogAppender.java:61)
	at org.apache.ratis.grpc.server.GrpcLogAppender$AppendLogResponseHandler.onCompleted(GrpcLogAppender.java:471)
	at org.apache.ratis.thirdparty.io.grpc.stub.ClientCalls$StreamObserverToCallListenerAdapter.onClose(ClientCalls.java:479)
	at org.apache.ratis.thirdparty.io.grpc.internal.ClientCallImpl.closeObserver(ClientCallImpl.java:567)
	at org.apache.ratis.thirdparty.io.grpc.internal.ClientCallImpl.access$300(ClientCallImpl.java:71)
	at org.apache.ratis.thirdparty.io.grpc.internal.ClientCallImpl$ClientStreamListenerImpl$1StreamClosed.runInternal(ClientCallImpl.java:735)
	at org.apache.ratis.thirdparty.io.grpc.internal.ClientCallImpl$ClientStreamListenerImpl$1StreamClosed.runInContext(ClientCallImpl.java:716)
	at org.apache.ratis.thirdparty.io.grpc.internal.ContextRunnable.run(ContextRunnable.java:37)
	at org.apache.ratis.thirdparty.io.grpc.internal.SerializingExecutor.run(SerializingExecutor.java:133)
	at java.util.concurrent.ThreadPoolExecutor.runWorker(ThreadPoolExecutor.java:1149)
	at java.util.concurrent.ThreadPoolExecutor$Worker.run(ThreadPoolExecutor.java:624)
	at java.lang.Thread.run(Thread.java:750)
2023-12-05 10:05:30,999 [ForkJoinPool.commonPool-worker-0] INFO  server.GrpcService (GrpcService.java:closeImpl(320)) - 7494988f-ebd7-47bd-844d-a639117e12d7: shutdown server GrpcServerProtocolService successfully
2023-12-05 10:05:30,999 [ForkJoinPool.commonPool-worker-0] INFO  server.GrpcService (GrpcService.java:closeImpl(311)) - 7494988f-ebd7-47bd-844d-a639117e12d7: shutdown server org.apache.ratis.grpc.server.GrpcAdminProtocolService now
2023-12-05 10:05:31,002 [ForkJoinPool.commonPool-worker-1] INFO  server.GrpcService (GrpcService.java:closeImpl(320)) - d731cfa9-bd59-499f-bb7f-50a20b0e2d64: shutdown server GrpcServerProtocolService successfully
2023-12-05 10:05:31,002 [ForkJoinPool.commonPool-worker-1] INFO  server.GrpcService (GrpcService.java:closeImpl(311)) - d731cfa9-bd59-499f-bb7f-50a20b0e2d64: shutdown server org.apache.ratis.grpc.server.GrpcAdminProtocolService now
2023-12-05 10:05:31,002 [main] INFO  server.GrpcService (GrpcService.java:closeImpl(320)) - 871674c1-9b24-4b63-86c9-e7fd58f2c8d8: shutdown server GrpcServerProtocolService successfully
2023-12-05 10:05:31,003 [main] INFO  server.GrpcService (GrpcService.java:closeImpl(311)) - 871674c1-9b24-4b63-86c9-e7fd58f2c8d8: shutdown server org.apache.ratis.grpc.server.GrpcAdminProtocolService now
2023-12-05 10:05:31,003 [ForkJoinPool.commonPool-worker-0] INFO  server.GrpcService (GrpcService.java:closeImpl(320)) - 7494988f-ebd7-47bd-844d-a639117e12d7: shutdown server org.apache.ratis.grpc.server.GrpcAdminProtocolService successfully
2023-12-05 10:05:31,003 [7494988f-ebd7-47bd-844d-a639117e12d7-NettyServerStreamRpc-bossGroup--thread1] INFO  logging.LoggingHandler (AbstractInternalLogger.java:log(148)) - [id: 0x8abf4ed3, L:/0.0.0.0:15120] CLOSE
2023-12-05 10:05:31,004 [7494988f-ebd7-47bd-844d-a639117e12d7-NettyServerStreamRpc-bossGroup--thread1] INFO  logging.LoggingHandler (AbstractInternalLogger.java:log(148)) - [id: 0x8abf4ed3, L:/0.0.0.0:15120] INACTIVE
2023-12-05 10:05:31,004 [ForkJoinPool.commonPool-worker-1] INFO  server.GrpcService (GrpcService.java:closeImpl(320)) - d731cfa9-bd59-499f-bb7f-50a20b0e2d64: shutdown server org.apache.ratis.grpc.server.GrpcAdminProtocolService successfully
2023-12-05 10:05:31,004 [7494988f-ebd7-47bd-844d-a639117e12d7-NettyServerStreamRpc-bossGroup--thread1] INFO  logging.LoggingHandler (AbstractInternalLogger.java:log(148)) - [id: 0x8abf4ed3, L:/0.0.0.0:15120] UNREGISTERED
2023-12-05 10:05:31,004 [d731cfa9-bd59-499f-bb7f-50a20b0e2d64-NettyServerStreamRpc-bossGroup--thread1] INFO  logging.LoggingHandler (AbstractInternalLogger.java:log(148)) - [id: 0x926bd6d2, L:/0.0.0.0:15138] CLOSE
2023-12-05 10:05:31,004 [d731cfa9-bd59-499f-bb7f-50a20b0e2d64-NettyServerStreamRpc-bossGroup--thread1] INFO  logging.LoggingHandler (AbstractInternalLogger.java:log(148)) - [id: 0x926bd6d2, L:/0.0.0.0:15138] INACTIVE
2023-12-05 10:05:31,004 [d731cfa9-bd59-499f-bb7f-50a20b0e2d64-NettyServerStreamRpc-bossGroup--thread1] INFO  logging.LoggingHandler (AbstractInternalLogger.java:log(148)) - [id: 0x926bd6d2, L:/0.0.0.0:15138] UNREGISTERED
2023-12-05 10:05:31,009 [main] INFO  server.GrpcService (GrpcService.java:closeImpl(320)) - 871674c1-9b24-4b63-86c9-e7fd58f2c8d8: shutdown server org.apache.ratis.grpc.server.GrpcAdminProtocolService successfully
2023-12-05 10:05:31,010 [871674c1-9b24-4b63-86c9-e7fd58f2c8d8-NettyServerStreamRpc-bossGroup--thread1] INFO  logging.LoggingHandler (AbstractInternalLogger.java:log(148)) - [id: 0xbef9db2a, L:/0.0.0.0:15129] CLOSE
2023-12-05 10:05:31,010 [871674c1-9b24-4b63-86c9-e7fd58f2c8d8-NettyServerStreamRpc-bossGroup--thread1] INFO  logging.LoggingHandler (AbstractInternalLogger.java:log(148)) - [id: 0xbef9db2a, L:/0.0.0.0:15129] INACTIVE
2023-12-05 10:05:31,010 [871674c1-9b24-4b63-86c9-e7fd58f2c8d8-NettyServerStreamRpc-bossGroup--thread1] INFO  logging.LoggingHandler (AbstractInternalLogger.java:log(148)) - [id: 0xbef9db2a, L:/0.0.0.0:15129] UNREGISTERED
2023-12-05 10:05:31,252 [7494988f-ebd7-47bd-844d-a639117e12d7-impl-thread1] INFO  segmented.SegmentedRaftLogWorker (SegmentedRaftLogWorker.java:close(243)) - 7494988f-ebd7-47bd-844d-a639117e12d7@group-96042CA7FA01-SegmentedRaftLogWorker close()
2023-12-05 10:05:31,288 [871674c1-9b24-4b63-86c9-e7fd58f2c8d8-impl-thread2] INFO  segmented.SegmentedRaftLogWorker (SegmentedRaftLogWorker.java:close(243)) - 871674c1-9b24-4b63-86c9-e7fd58f2c8d8@group-30EE4ABB169F-SegmentedRaftLogWorker close()
2023-12-05 10:05:31,345 [d731cfa9-bd59-499f-bb7f-50a20b0e2d64-impl-thread1] INFO  segmented.SegmentedRaftLogWorker (SegmentedRaftLogWorker.java:close(243)) - d731cfa9-bd59-499f-bb7f-50a20b0e2d64@group-0ED44AA663CF-SegmentedRaftLogWorker close()
2023-12-05 10:05:31,373 [871674c1-9b24-4b63-86c9-e7fd58f2c8d8-impl-thread1] INFO  segmented.SegmentedRaftLogWorker (SegmentedRaftLogWorker.java:close(243)) - 871674c1-9b24-4b63-86c9-e7fd58f2c8d8@group-0ED44AA663CF-SegmentedRaftLogWorker close()
2023-12-05 10:05:31,374 [JvmPauseMonitor18] INFO  util.JvmPauseMonitor (JvmPauseMonitor.java:run(152)) - JvmPauseMonitor-871674c1-9b24-4b63-86c9-e7fd58f2c8d8: Stopped
2023-12-05 10:05:31,374 [7494988f-ebd7-47bd-844d-a639117e12d7-impl-thread2] INFO  segmented.SegmentedRaftLogWorker (SegmentedRaftLogWorker.java:close(243)) - 7494988f-ebd7-47bd-844d-a639117e12d7@group-0ED44AA663CF-SegmentedRaftLogWorker close()
2023-12-05 10:05:31,375 [JvmPauseMonitor17] INFO  util.JvmPauseMonitor (JvmPauseMonitor.java:run(152)) - JvmPauseMonitor-7494988f-ebd7-47bd-844d-a639117e12d7: Stopped
2023-12-05 10:05:31,500 [d731cfa9-bd59-499f-bb7f-50a20b0e2d64-impl-thread2] INFO  segmented.SegmentedRaftLogWorker (SegmentedRaftLogWorker.java:close(243)) - d731cfa9-bd59-499f-bb7f-50a20b0e2d64@group-61914078EDB0-SegmentedRaftLogWorker close()
2023-12-05 10:05:31,501 [JvmPauseMonitor19] INFO  util.JvmPauseMonitor (JvmPauseMonitor.java:run(152)) - JvmPauseMonitor-d731cfa9-bd59-499f-bb7f-50a20b0e2d64: Stopped
2023-12-05 10:05:33,378 [main] INFO  utils.DatanodeStoreCache (DatanodeStoreCache.java:shutdownCache(110)) - Skip clearing cache in mini cluster mode. Entries left: [/home/runner/work/ozone/ozone/hadoop-ozone/integration-test/target/test-dir/MiniOzoneClusterImpl-782bf028-a903-465f-9351-69beed6026d9/datanode-0/data-0/containers/hdds/782bf028-a903-465f-9351-69beed6026d9/DS-21ea1105-ad60-4681-b277-11845e5239c7/container.db, /home/runner/work/ozone/ozone/hadoop-ozone/integration-test/target/test-dir/MiniOzoneClusterImpl-782bf028-a903-465f-9351-69beed6026d9/datanode-1/data-0/containers/hdds/782bf028-a903-465f-9351-69beed6026d9/DS-cabd762f-4b8f-4bd3-91f0-34de0ea8521d/container.db, /home/runner/work/ozone/ozone/hadoop-ozone/integration-test/target/test-dir/MiniOzoneClusterImpl-782bf028-a903-465f-9351-69beed6026d9/datanode-2/data-0/containers/hdds/782bf028-a903-465f-9351-69beed6026d9/DS-385a133a-3d29-45c5-af54-652be919c33e/container.db]
2023-12-05 10:05:33,378 [ForkJoinPool.commonPool-worker-0] INFO  utils.DatanodeStoreCache (DatanodeStoreCache.java:shutdownCache(110)) - Skip clearing cache in mini cluster mode. Entries left: [/home/runner/work/ozone/ozone/hadoop-ozone/integration-test/target/test-dir/MiniOzoneClusterImpl-782bf028-a903-465f-9351-69beed6026d9/datanode-0/data-0/containers/hdds/782bf028-a903-465f-9351-69beed6026d9/DS-21ea1105-ad60-4681-b277-11845e5239c7/container.db, /home/runner/work/ozone/ozone/hadoop-ozone/integration-test/target/test-dir/MiniOzoneClusterImpl-782bf028-a903-465f-9351-69beed6026d9/datanode-1/data-0/containers/hdds/782bf028-a903-465f-9351-69beed6026d9/DS-cabd762f-4b8f-4bd3-91f0-34de0ea8521d/container.db, /home/runner/work/ozone/ozone/hadoop-ozone/integration-test/target/test-dir/MiniOzoneClusterImpl-782bf028-a903-465f-9351-69beed6026d9/datanode-2/data-0/containers/hdds/782bf028-a903-465f-9351-69beed6026d9/DS-385a133a-3d29-45c5-af54-652be919c33e/container.db]
2023-12-05 10:05:33,379 [main] INFO  utils.DatanodeStoreCache (DatanodeStoreCache.java:removeDB(104)) - Removed db /home/runner/work/ozone/ozone/hadoop-ozone/integration-test/target/test-dir/MiniOzoneClusterImpl-782bf028-a903-465f-9351-69beed6026d9/datanode-1/data-0/containers/hdds/782bf028-a903-465f-9351-69beed6026d9/DS-cabd762f-4b8f-4bd3-91f0-34de0ea8521d/container.db from cache
2023-12-05 10:05:33,379 [main] INFO  volume.HddsVolume (HddsVolume.java:closeDbStore(453)) - SchemaV3 db is stopped at /home/runner/work/ozone/ozone/hadoop-ozone/integration-test/target/test-dir/MiniOzoneClusterImpl-782bf028-a903-465f-9351-69beed6026d9/datanode-1/data-0/containers/hdds/782bf028-a903-465f-9351-69beed6026d9/DS-cabd762f-4b8f-4bd3-91f0-34de0ea8521d/container.db for volume DS-cabd762f-4b8f-4bd3-91f0-34de0ea8521d
2023-12-05 10:05:33,379 [main] INFO  utils.BackgroundService (BackgroundService.java:shutdown(160)) - Shutting down service BlockDeletingService
2023-12-05 10:05:33,380 [ForkJoinPool.commonPool-worker-0] INFO  utils.DatanodeStoreCache (DatanodeStoreCache.java:removeDB(104)) - Removed db /home/runner/work/ozone/ozone/hadoop-ozone/integration-test/target/test-dir/MiniOzoneClusterImpl-782bf028-a903-465f-9351-69beed6026d9/datanode-0/data-0/containers/hdds/782bf028-a903-465f-9351-69beed6026d9/DS-21ea1105-ad60-4681-b277-11845e5239c7/container.db from cache
2023-12-05 10:05:33,380 [ForkJoinPool.commonPool-worker-0] INFO  volume.HddsVolume (HddsVolume.java:closeDbStore(453)) - SchemaV3 db is stopped at /home/runner/work/ozone/ozone/hadoop-ozone/integration-test/target/test-dir/MiniOzoneClusterImpl-782bf028-a903-465f-9351-69beed6026d9/datanode-0/data-0/containers/hdds/782bf028-a903-465f-9351-69beed6026d9/DS-21ea1105-ad60-4681-b277-11845e5239c7/container.db for volume DS-21ea1105-ad60-4681-b277-11845e5239c7
2023-12-05 10:05:33,380 [main] INFO  utils.BackgroundService (BackgroundService.java:shutdown(160)) - Shutting down service StaleRecoveringContainerScrubbingService
2023-12-05 10:05:33,381 [ForkJoinPool.commonPool-worker-0] INFO  utils.BackgroundService (BackgroundService.java:shutdown(160)) - Shutting down service BlockDeletingService
2023-12-05 10:05:33,382 [main] INFO  statemachine.DatanodeStateMachine (DatanodeStateMachine.java:stopDaemon(638)) - Ozone container server stopped.
2023-12-05 10:05:33,382 [ForkJoinPool.commonPool-worker-0] INFO  utils.BackgroundService (BackgroundService.java:shutdown(160)) - Shutting down service StaleRecoveringContainerScrubbingService
2023-12-05 10:05:33,382 [main] INFO  handler.ContextHandler (ContextHandler.java:doStop(1159)) - Stopped o.e.j.w.WebAppContext@63a8998e{hddsDatanode,/,null,STOPPED}{jar:file:/home/runner/.m2/repository/org/apache/ozone/hdds-container-service/1.4.0-SNAPSHOT/hdds-container-service-1.4.0-SNAPSHOT.jar!/webapps/hddsDatanode}
2023-12-05 10:05:33,383 [ForkJoinPool.commonPool-worker-0] INFO  statemachine.DatanodeStateMachine (DatanodeStateMachine.java:stopDaemon(638)) - Ozone container server stopped.
2023-12-05 10:05:33,384 [main] INFO  server.AbstractConnector (AbstractConnector.java:doStop(383)) - Stopped ServerConnector@3a0740e4{HTTP/1.1, (http/1.1)}{0.0.0.0:15123}
2023-12-05 10:05:33,384 [main] INFO  server.session (HouseKeeper.java:stopScavenging(149)) - node0 Stopped scavenging
2023-12-05 10:05:33,384 [ForkJoinPool.commonPool-worker-0] INFO  handler.ContextHandler (ContextHandler.java:doStop(1159)) - Stopped o.e.j.w.WebAppContext@11742b4f{hddsDatanode,/,null,STOPPED}{jar:file:/home/runner/.m2/repository/org/apache/ozone/hdds-container-service/1.4.0-SNAPSHOT/hdds-container-service-1.4.0-SNAPSHOT.jar!/webapps/hddsDatanode}
2023-12-05 10:05:33,385 [main] INFO  handler.ContextHandler (ContextHandler.java:doStop(1159)) - Stopped o.e.j.s.ServletContextHandler@5caa2d8e{static,/static,jar:file:/home/runner/.m2/repository/org/apache/ozone/hdds-container-service/1.4.0-SNAPSHOT/hdds-container-service-1.4.0-SNAPSHOT.jar!/webapps/static,STOPPED}
2023-12-05 10:05:33,385 [main] INFO  handler.ContextHandler (ContextHandler.java:doStop(1159)) - Stopped o.e.j.s.ServletContextHandler@6be6f267{logs,/logs,file:///home/runner/work/ozone/ozone/hadoop-ozone/integration-test/target/log,STOPPED}
2023-12-05 10:05:33,385 [main] INFO  ozone.HddsDatanodeClientProtocolServer (HddsDatanodeClientProtocolServer.java:stop(78)) - Stopping the RPC server for Client Protocol
2023-12-05 10:05:33,386 [main] INFO  ipc.Server (Server.java:stop(3523)) - Stopping server on 15124
2023-12-05 10:05:33,385 [ForkJoinPool.commonPool-worker-0] INFO  server.AbstractConnector (AbstractConnector.java:doStop(383)) - Stopped ServerConnector@4c59aafa{HTTP/1.1, (http/1.1)}{0.0.0.0:15114}
2023-12-05 10:05:33,386 [IPC Server Responder] INFO  ipc.Server (Server.java:run(1567)) - Stopping IPC Server Responder
2023-12-05 10:05:33,386 [IPC Server listener on 15124] INFO  ipc.Server (Server.java:run(1434)) - Stopping IPC Server listener on 15124
2023-12-05 10:05:33,386 [ForkJoinPool.commonPool-worker-0] INFO  server.session (HouseKeeper.java:stopScavenging(149)) - node0 Stopped scavenging
2023-12-05 10:05:33,387 [ForkJoinPool.commonPool-worker-0] INFO  handler.ContextHandler (ContextHandler.java:doStop(1159)) - Stopped o.e.j.s.ServletContextHandler@2c36992a{static,/static,jar:file:/home/runner/.m2/repository/org/apache/ozone/hdds-container-service/1.4.0-SNAPSHOT/hdds-container-service-1.4.0-SNAPSHOT.jar!/webapps/static,STOPPED}
2023-12-05 10:05:33,388 [ForkJoinPool.commonPool-worker-0] INFO  handler.ContextHandler (ContextHandler.java:doStop(1159)) - Stopped o.e.j.s.ServletContextHandler@31a78026{logs,/logs,file:///home/runner/work/ozone/ozone/hadoop-ozone/integration-test/target/log,STOPPED}
2023-12-05 10:05:33,389 [ForkJoinPool.commonPool-worker-0] INFO  ozone.HddsDatanodeClientProtocolServer (HddsDatanodeClientProtocolServer.java:stop(78)) - Stopping the RPC server for Client Protocol
2023-12-05 10:05:33,389 [ForkJoinPool.commonPool-worker-0] INFO  ipc.Server (Server.java:stop(3523)) - Stopping server on 15115
2023-12-05 10:05:33,389 [IPC Server Responder] INFO  ipc.Server (Server.java:run(1567)) - Stopping IPC Server Responder
2023-12-05 10:05:33,389 [IPC Server listener on 15115] INFO  ipc.Server (Server.java:run(1434)) - Stopping IPC Server listener on 15115
2023-12-05 10:05:33,503 [ForkJoinPool.commonPool-worker-1] INFO  utils.DatanodeStoreCache (DatanodeStoreCache.java:shutdownCache(110)) - Skip clearing cache in mini cluster mode. Entries left: [/home/runner/work/ozone/ozone/hadoop-ozone/integration-test/target/test-dir/MiniOzoneClusterImpl-782bf028-a903-465f-9351-69beed6026d9/datanode-2/data-0/containers/hdds/782bf028-a903-465f-9351-69beed6026d9/DS-385a133a-3d29-45c5-af54-652be919c33e/container.db]
2023-12-05 10:05:33,505 [ForkJoinPool.commonPool-worker-1] INFO  utils.DatanodeStoreCache (DatanodeStoreCache.java:removeDB(104)) - Removed db /home/runner/work/ozone/ozone/hadoop-ozone/integration-test/target/test-dir/MiniOzoneClusterImpl-782bf028-a903-465f-9351-69beed6026d9/datanode-2/data-0/containers/hdds/782bf028-a903-465f-9351-69beed6026d9/DS-385a133a-3d29-45c5-af54-652be919c33e/container.db from cache
2023-12-05 10:05:33,505 [ForkJoinPool.commonPool-worker-1] INFO  volume.HddsVolume (HddsVolume.java:closeDbStore(453)) - SchemaV3 db is stopped at /home/runner/work/ozone/ozone/hadoop-ozone/integration-test/target/test-dir/MiniOzoneClusterImpl-782bf028-a903-465f-9351-69beed6026d9/datanode-2/data-0/containers/hdds/782bf028-a903-465f-9351-69beed6026d9/DS-385a133a-3d29-45c5-af54-652be919c33e/container.db for volume DS-385a133a-3d29-45c5-af54-652be919c33e
2023-12-05 10:05:33,505 [ForkJoinPool.commonPool-worker-1] INFO  utils.BackgroundService (BackgroundService.java:shutdown(160)) - Shutting down service BlockDeletingService
2023-12-05 10:05:33,505 [ForkJoinPool.commonPool-worker-1] INFO  utils.BackgroundService (BackgroundService.java:shutdown(160)) - Shutting down service StaleRecoveringContainerScrubbingService
2023-12-05 10:05:33,506 [ForkJoinPool.commonPool-worker-1] INFO  statemachine.DatanodeStateMachine (DatanodeStateMachine.java:stopDaemon(638)) - Ozone container server stopped.
2023-12-05 10:05:33,507 [ForkJoinPool.commonPool-worker-1] INFO  handler.ContextHandler (ContextHandler.java:doStop(1159)) - Stopped o.e.j.w.WebAppContext@12d2a133{hddsDatanode,/,null,STOPPED}{jar:file:/home/runner/.m2/repository/org/apache/ozone/hdds-container-service/1.4.0-SNAPSHOT/hdds-container-service-1.4.0-SNAPSHOT.jar!/webapps/hddsDatanode}
2023-12-05 10:05:33,507 [ForkJoinPool.commonPool-worker-1] INFO  server.AbstractConnector (AbstractConnector.java:doStop(383)) - Stopped ServerConnector@2868a883{HTTP/1.1, (http/1.1)}{0.0.0.0:15132}
2023-12-05 10:05:33,507 [ForkJoinPool.commonPool-worker-1] INFO  server.session (HouseKeeper.java:stopScavenging(149)) - node0 Stopped scavenging
2023-12-05 10:05:33,507 [ForkJoinPool.commonPool-worker-1] INFO  handler.ContextHandler (ContextHandler.java:doStop(1159)) - Stopped o.e.j.s.ServletContextHandler@18904f72{static,/static,jar:file:/home/runner/.m2/repository/org/apache/ozone/hdds-container-service/1.4.0-SNAPSHOT/hdds-container-service-1.4.0-SNAPSHOT.jar!/webapps/static,STOPPED}
2023-12-05 10:05:33,507 [ForkJoinPool.commonPool-worker-1] INFO  handler.ContextHandler (ContextHandler.java:doStop(1159)) - Stopped o.e.j.s.ServletContextHandler@2d2fd789{logs,/logs,file:///home/runner/work/ozone/ozone/hadoop-ozone/integration-test/target/log,STOPPED}
2023-12-05 10:05:33,508 [ForkJoinPool.commonPool-worker-1] INFO  ozone.HddsDatanodeClientProtocolServer (HddsDatanodeClientProtocolServer.java:stop(78)) - Stopping the RPC server for Client Protocol
2023-12-05 10:05:33,508 [ForkJoinPool.commonPool-worker-1] INFO  ipc.Server (Server.java:stop(3523)) - Stopping server on 15133
2023-12-05 10:05:33,508 [IPC Server Responder] INFO  ipc.Server (Server.java:run(1567)) - Stopping IPC Server Responder
2023-12-05 10:05:33,509 [IPC Server listener on 15133] INFO  ipc.Server (Server.java:run(1434)) - Stopping IPC Server listener on 15133
2023-12-05 10:05:33,509 [main] INFO  ozone.MiniOzoneClusterImpl (MiniOzoneClusterImpl.java:stopSCM(551)) - Stopping the StorageContainerManager
2023-12-05 10:05:33,510 [main] INFO  server.StorageContainerManager (StorageContainerManager.java:stop(1620)) - Container Balancer is not running.
2023-12-05 10:05:33,510 [main] INFO  server.StorageContainerManager (StorageContainerManager.java:stopReplicationManager(1753)) - Stopping Replication Manager Service.
2023-12-05 10:05:33,510 [main] INFO  replication.ReplicationManager (ReplicationManager.java:stop(324)) - Stopping Replication Monitor Thread.
2023-12-05 10:05:33,510 [main] INFO  server.StorageContainerManager (StorageContainerManager.java:stop(1629)) - Stopping the Datanode Admin Monitor.
2023-12-05 10:05:33,510 [ReplicationMonitor] INFO  replication.ReplicationManager (ReplicationManager.java:run(931)) - Replication Monitor Thread is stopped
2023-12-05 10:05:33,510 [main] INFO  server.StorageContainerManager (StorageContainerManager.java:stop(1636)) - Stopping datanode service RPC server
2023-12-05 10:05:33,511 [main] INFO  server.SCMDatanodeProtocolServer (SCMDatanodeProtocolServer.java:stop(424)) - Stopping the RPC server for DataNodes
2023-12-05 10:05:33,511 [main] INFO  ipc.Server (Server.java:stop(3523)) - Stopping server on 15107
2023-12-05 10:05:33,510 [OverReplicatedProcessor] WARN  replication.UnhealthyReplicationProcessor (UnhealthyReplicationProcessor.java:run(180)) - OverReplicatedProcessor interrupted. Exiting...
2023-12-05 10:05:33,510 [UnderReplicatedProcessor] WARN  replication.UnhealthyReplicationProcessor (UnhealthyReplicationProcessor.java:run(180)) - UnderReplicatedProcessor interrupted. Exiting...
2023-12-05 10:05:33,512 [IPC Server listener on 15107] INFO  ipc.Server (Server.java:run(1434)) - Stopping IPC Server listener on 15107
2023-12-05 10:05:33,512 [IPC Server Responder] INFO  ipc.Server (Server.java:run(1567)) - Stopping IPC Server Responder
2023-12-05 10:05:33,537 [SCMHeartbeatProcessor-0] WARN  node.NodeStateManager (NodeStateManager.java:scheduleNextHealthCheck(878)) - Current Thread is interrupted, shutting down HB processing thread for Node Manager.
2023-12-05 10:05:33,537 [main] INFO  server.StorageContainerManager (StorageContainerManager.java:stop(1644)) - Stopping block service RPC server
2023-12-05 10:05:33,537 [main] INFO  server.SCMBlockProtocolServer (SCMBlockProtocolServer.java:stop(167)) - Stopping the RPC server for Block Protocol
2023-12-05 10:05:33,537 [main] INFO  ipc.Server (Server.java:stop(3523)) - Stopping server on 15106
2023-12-05 10:05:33,538 [IPC Server listener on 15106] INFO  ipc.Server (Server.java:run(1434)) - Stopping IPC Server listener on 15106
2023-12-05 10:05:33,538 [IPC Server Responder] INFO  ipc.Server (Server.java:run(1567)) - Stopping IPC Server Responder
2023-12-05 10:05:33,539 [main] INFO  server.StorageContainerManager (StorageContainerManager.java:stop(1651)) - Stopping the StorageContainerLocationProtocol RPC server
2023-12-05 10:05:33,539 [main] INFO  server.SCMClientProtocolServer (SCMClientProtocolServer.java:stop(210)) - Stopping the RPC server for Client Protocol
2023-12-05 10:05:33,539 [main] INFO  ipc.Server (Server.java:stop(3523)) - Stopping server on 15105
2023-12-05 10:05:33,540 [IPC Server Responder] INFO  ipc.Server (Server.java:run(1567)) - Stopping IPC Server Responder
2023-12-05 10:05:33,540 [IPC Server listener on 15105] INFO  ipc.Server (Server.java:run(1434)) - Stopping IPC Server listener on 15105
2023-12-05 10:05:33,541 [main] INFO  server.StorageContainerManager (StorageContainerManager.java:stop(1658)) - Stopping Storage Container Manager HTTP server.
2023-12-05 10:05:33,542 [main] INFO  handler.ContextHandler (ContextHandler.java:doStop(1159)) - Stopped o.e.j.w.WebAppContext@22129dac{scm,/,null,STOPPED}{file:/home/runner/work/ozone/ozone/hadoop-ozone/integration-test/target/test-classes/webapps/scm}
2023-12-05 10:05:33,542 [main] INFO  server.AbstractConnector (AbstractConnector.java:doStop(383)) - Stopped ServerConnector@496037ad{HTTP/1.1, (http/1.1)}{0.0.0.0:15108}
2023-12-05 10:05:33,542 [main] INFO  server.session (HouseKeeper.java:stopScavenging(149)) - node0 Stopped scavenging
2023-12-05 10:05:33,543 [main] INFO  handler.ContextHandler (ContextHandler.java:doStop(1159)) - Stopped o.e.j.s.ServletContextHandler@75f3b79e{static,/static,file:///home/runner/work/ozone/ozone/hadoop-ozone/integration-test/target/test-classes/webapps/static,STOPPED}
2023-12-05 10:05:33,543 [main] INFO  handler.ContextHandler (ContextHandler.java:doStop(1159)) - Stopped o.e.j.s.ServletContextHandler@1ccb535f{logs,/logs,file:///home/runner/work/ozone/ozone/hadoop-ozone/integration-test/target/log,STOPPED}
2023-12-05 10:05:33,543 [main] INFO  server.StorageContainerManager (StorageContainerManager.java:stop(1666)) - Stopping SCM LayoutVersionManager Service.
2023-12-05 10:05:33,544 [main] INFO  server.StorageContainerManager (StorageContainerManager.java:stop(1678)) - Stopping Block Manager Service.
2023-12-05 10:05:33,544 [main] INFO  utils.BackgroundService (BackgroundService.java:shutdown(160)) - Shutting down service SCMBlockDeletingService
2023-12-05 10:05:33,544 [main] INFO  utils.BackgroundService (BackgroundService.java:shutdown(160)) - Shutting down service SCMBlockDeletingService
2023-12-05 10:05:33,544 [main] INFO  server.StorageContainerManager (StorageContainerManager.java:stop(1698)) - Stopping SCM Event Queue.
2023-12-05 10:05:33,544 [JvmPauseMonitor20] INFO  util.JvmPauseMonitor (JvmPauseMonitor.java:run(152)) - JvmPauseMonitor-762d1e1b-6b12-41fe-bac7-ba239be1bd23: Stopped
2023-12-05 10:05:33,545 [main] INFO  server.StorageContainerManager (StorageContainerManager.java:stop(1709)) - Stopping SCM HA services.
2023-12-05 10:05:33,545 [main] INFO  pipeline.BackgroundPipelineCreator (BackgroundPipelineCreator.java:stop(152)) - Stopping RatisPipelineUtilsThread.
2023-12-05 10:05:33,545 [RatisPipelineUtilsThread-0] WARN  pipeline.BackgroundPipelineCreator (BackgroundPipelineCreator.java:run(183)) - RatisPipelineUtilsThread is interrupted.
2023-12-05 10:05:33,545 [main] INFO  BackgroundPipelineScrubber (BackgroundSCMService.java:stop(131)) - Stopping BackgroundPipelineScrubber Service.
2023-12-05 10:05:33,545 [BackgroundPipelineScrubber] WARN  BackgroundPipelineScrubber (BackgroundSCMService.java:run(115)) - BackgroundPipelineScrubber is interrupted, exit
2023-12-05 10:05:33,545 [main] INFO  impl.MetricsSystemImpl (MetricsSystemImpl.java:stop(210)) - Stopping StorageContainerManager metrics system...
2023-12-05 10:05:33,547 [prometheus] INFO  impl.MetricsSinkAdapter (MetricsSinkAdapter.java:publishMetricsFromQueue(141)) - prometheus thread interrupted.
2023-12-05 10:05:33,547 [main] INFO  impl.MetricsSystemImpl (MetricsSystemImpl.java:stop(216)) - StorageContainerManager metrics system stopped.
2023-12-05 10:05:33,547 [main] WARN  pipeline.BackgroundPipelineCreator (BackgroundPipelineCreator.java:stop(148)) - RatisPipelineUtilsThread is not running, just ignore.
2023-12-05 10:05:33,547 [main] INFO  BackgroundPipelineScrubber (BackgroundSCMService.java:stop(126)) - BackgroundPipelineScrubber Service is not running, skip stop.
2023-12-05 10:05:33,547 [main] INFO  ExpiredContainerReplicaOpScrubber (BackgroundSCMService.java:stop(131)) - Stopping ExpiredContainerReplicaOpScrubber Service.
2023-12-05 10:05:33,547 [ExpiredContainerReplicaOpScrubber] WARN  ExpiredContainerReplicaOpScrubber (BackgroundSCMService.java:run(115)) - ExpiredContainerReplicaOpScrubber is interrupted, exit
2023-12-05 10:05:33,547 [main] INFO  utils.BackgroundService (BackgroundService.java:shutdown(160)) - Shutting down service SCMBlockDeletingService
2023-12-05 10:05:33,548 [main] INFO  replication.ReplicationManager (ReplicationManager.java:stop(334)) - Replication Monitor Thread is not running.
2023-12-05 10:05:33,548 [main] WARN  balancer.ContainerBalancer (ContainerBalancer.java:stop(327)) - Cannot stop Container Balancer because it's not running or stopping
2023-12-05 10:05:33,548 [main] INFO  server.StorageContainerManager (StorageContainerManager.java:stop(1744)) - Stopping SCM MetadataStore.
2023-12-05 10:05:33,548 [LeaseManager#LeaseMonitor] WARN  lease.LeaseManager (LeaseManager.java:run(287)) - Lease manager is interrupted. Shutting down...
java.lang.InterruptedException
	at java.util.concurrent.locks.AbstractQueuedSynchronizer.doAcquireSharedNanos(AbstractQueuedSynchronizer.java:1039)
	at java.util.concurrent.locks.AbstractQueuedSynchronizer.tryAcquireSharedNanos(AbstractQueuedSynchronizer.java:1328)
	at java.util.concurrent.Semaphore.tryAcquire(Semaphore.java:409)
	at org.apache.hadoop.ozone.lease.LeaseManager$LeaseMonitor.run(LeaseManager.java:285)
	at java.lang.Thread.run(Thread.java:750)
2023-12-05 10:05:33,562 [main] INFO  db.CodecTestUtil (CodecTestUtil.java:gc(47)) - gc 0
]]></system-out>
  </testcase>
  <testcase name="testAllocateContainerWithDifferentOwner" classname="org.apache.hadoop.hdds.scm.container.TestContainerStateManagerIntegration" time="17.369">
    <system-out><![CDATA[2023-12-05 10:05:33,826 [main] WARN  server.ServerUtils (ServerUtils.java:getScmDbDir(155)) - ozone.scm.db.dirs is not configured. We recommend adding this setting. Falling back to ozone.metadata.dirs instead.
2023-12-05 10:05:33,827 [main] WARN  server.ServerUtils (ServerUtils.java:getScmDbDir(155)) - ozone.scm.db.dirs is not configured. We recommend adding this setting. Falling back to ozone.metadata.dirs instead.
2023-12-05 10:05:33,828 [main] INFO  ha.SCMHANodeDetails (SCMHANodeDetails.java:loadSCMHAConfig(210)) - ServiceID for StorageContainerManager is null
2023-12-05 10:05:33,828 [main] INFO  ha.SCMHANodeDetails (SCMHANodeDetails.java:loadSCMHAConfig(215)) - ozone.scm.default.service.id is not defined, falling back to ozone.scm.service.ids to find serviceID for StorageContainerManager if it is HA enabled cluster
2023-12-05 10:05:33,828 [main] WARN  utils.HAUtils (HAUtils.java:getMetaDir(339)) - ozone.scm.db.dirs is not configured. We recommend adding this setting. Falling back to ozone.metadata.dirs instead.
2023-12-05 10:05:33,829 [main] WARN  db.DBStoreBuilder (DBStoreBuilder.java:applyDBDefinition(167)) - ozone.scm.db.dirs is not configured. We recommend adding this setting. Falling back to ozone.metadata.dirs instead.
2023-12-05 10:05:33,899 [main] INFO  net.NodeSchemaLoader (NodeSchemaLoader.java:loadSchemaFromFile(129)) - Loading schema from [jar:file:/home/runner/.m2/repository/org/apache/ozone/hdds-common/1.4.0-SNAPSHOT/hdds-common-1.4.0-SNAPSHOT.jar!/network-topology-default.xml]
2023-12-05 10:05:33,899 [main] INFO  net.NodeSchemaLoader (NodeSchemaLoader.java:loadSchema(176)) - Loading network topology layer schema file
2023-12-05 10:05:33,902 [main] INFO  upgrade.AbstractLayoutVersionManager (AbstractLayoutVersionManager.java:init(83)) - Initializing Layout version manager with metadata layout = HADOOP_PRC_PORTS_IN_DATANODEDETAILS (version = 7), software layout = HADOOP_PRC_PORTS_IN_DATANODEDETAILS (version = 7)
2023-12-05 10:05:33,903 [main] INFO  ha.SequenceIdGenerator (SequenceIdGenerator.java:upgradeToSequenceId(370)) - upgrade localId to 111677748019200000
2023-12-05 10:05:33,904 [main] INFO  ha.SequenceIdGenerator (SequenceIdGenerator.java:upgradeToSequenceId(380)) - upgrade delTxnId to 0
2023-12-05 10:05:33,905 [main] INFO  ha.SequenceIdGenerator (SequenceIdGenerator.java:upgradeToSequenceId(397)) - upgrade containerId to 0
2023-12-05 10:05:33,906 [main] INFO  ha.SequenceIdGenerator (SequenceIdGenerator.java:upgradeToCertificateSequenceId(444)) - upgrade CertificateId to 2
2023-12-05 10:05:33,907 [main] INFO  ha.SequenceIdGenerator (SequenceIdGenerator.java:<init>(241)) - Init the HA SequenceIdGenerator.
2023-12-05 10:05:33,907 [main] WARN  server.ServerUtils (ServerUtils.java:sanitizeUserArgs(80)) - ozone.scm.stale.node.interval value = 300000 is larger than max = 100000 based on the key value of ozone.scm.heartbeat.thread.interval, reset to the max value 100000.
2023-12-05 10:05:33,907 [main] WARN  server.ServerUtils (ServerUtils.java:sanitizeUserArgs(80)) - ozone.scm.stale.node.interval value = 300000 is larger than max = 100000 based on the key value of ozone.scm.heartbeat.thread.interval, reset to the max value 100000.
2023-12-05 10:05:33,907 [main] INFO  node.SCMNodeManager (SCMNodeManager.java:<init>(168)) - Entering startup safe mode.
2023-12-05 10:05:33,908 [main] INFO  algorithms.ContainerPlacementPolicyFactory (ContainerPlacementPolicyFactory.java:getPolicyInternal(86)) - Create container placement policy of type org.apache.hadoop.hdds.scm.container.placement.algorithms.SCMContainerPlacementRackAware
2023-12-05 10:05:33,908 [main] INFO  algorithms.ContainerPlacementPolicyFactory (ContainerPlacementPolicyFactory.java:getPolicyInternal(86)) - Create container placement policy of type org.apache.hadoop.hdds.scm.container.placement.algorithms.SCMContainerPlacementRackScatter
2023-12-05 10:05:33,909 [main] INFO  pipeline.PipelineStateManagerImpl (PipelineStateManagerImpl.java:initialize(78)) - No pipeline exists in current db
2023-12-05 10:05:33,909 [main] INFO  algorithms.LeaderChoosePolicyFactory (LeaderChoosePolicyFactory.java:getPolicy(57)) - Create leader choose policy of type org.apache.hadoop.hdds.scm.pipeline.leader.choose.algorithms.MinLeaderCountChoosePolicy
2023-12-05 10:05:33,909 [main] INFO  algorithms.ContainerPlacementPolicyFactory (ContainerPlacementPolicyFactory.java:getPolicyInternal(86)) - Create container placement policy of type org.apache.hadoop.hdds.scm.container.placement.algorithms.SCMContainerPlacementRackScatter
2023-12-05 10:05:33,910 [main] INFO  ha.SCMServiceManager (SCMServiceManager.java:register(42)) - Registering service BackgroundPipelineCreator.
2023-12-05 10:05:33,910 [main] INFO  pipeline.BackgroundPipelineCreator (BackgroundPipelineCreator.java:start(127)) - Starting RatisPipelineUtilsThread.
2023-12-05 10:05:33,910 [main] INFO  BackgroundPipelineScrubber (BackgroundSCMService.java:start(68)) - Starting BackgroundPipelineScrubber Service.
2023-12-05 10:05:33,910 [main] INFO  ha.SCMServiceManager (SCMServiceManager.java:register(42)) - Registering service BackgroundPipelineScrubber.
2023-12-05 10:05:33,910 [main] INFO  ExpiredContainerReplicaOpScrubber (BackgroundSCMService.java:start(68)) - Starting ExpiredContainerReplicaOpScrubber Service.
2023-12-05 10:05:33,911 [main] INFO  ha.SCMServiceManager (SCMServiceManager.java:register(42)) - Registering service ExpiredContainerReplicaOpScrubber.
2023-12-05 10:05:33,912 [main] INFO  algorithms.PipelineChoosePolicyFactory (PipelineChoosePolicyFactory.java:createPipelineChoosePolicyFromClass(78)) - Create pipeline choose policy of type org.apache.hadoop.hdds.scm.pipeline.choose.algorithms.RandomPipelineChoosePolicy
2023-12-05 10:05:33,912 [main] INFO  algorithms.PipelineChoosePolicyFactory (PipelineChoosePolicyFactory.java:createPipelineChoosePolicyFromClass(78)) - Create pipeline choose policy of type org.apache.hadoop.hdds.scm.pipeline.choose.algorithms.RandomPipelineChoosePolicy
2023-12-05 10:05:33,912 [main] INFO  ha.SCMServiceManager (SCMServiceManager.java:register(42)) - Registering service SCMBlockDeletingService.
2023-12-05 10:05:33,913 [main] INFO  replication.ReplicationManager (ReplicationManager.java:start(292)) - Starting Replication Monitor Thread.
2023-12-05 10:05:33,920 [ReplicationMonitor] INFO  replication.ReplicationManager (ReplicationManager.java:processAll(367)) - Replication Manager is not ready to run until 3000ms after safemode exit
2023-12-05 10:05:33,920 [main] INFO  ha.SCMServiceManager (SCMServiceManager.java:register(42)) - Registering service ReplicationManager.
2023-12-05 10:05:33,921 [main] INFO  safemode.ContainerSafeModeRule (ContainerSafeModeRule.java:<init>(90)) - containers with one replica threshold count 0
2023-12-05 10:05:33,921 [main] INFO  safemode.HealthyPipelineSafeModeRule (HealthyPipelineSafeModeRule.java:initializeRule(169)) - Total pipeline count is 0, healthy pipeline threshold count is 1
2023-12-05 10:05:33,921 [main] INFO  safemode.OneReplicaPipelineSafeModeRule (OneReplicaPipelineSafeModeRule.java:initializeRule(180)) - Total pipeline count is 0, pipeline's with at least one datanode reported threshold count is 0
2023-12-05 10:05:33,926 [main] INFO  server.StorageContainerManager (StorageContainerManager.java:<init>(434)) - SCM start with adminUsers: [runner]
2023-12-05 10:05:33,926 [main] INFO  ipc.CallQueueManager (CallQueueManager.java:<init>(90)) - Using callQueue: class java.util.concurrent.LinkedBlockingQueue, queueCapacity: 2000, scheduler: class org.apache.hadoop.ipc.DefaultRpcScheduler, ipcBackoff: false.
2023-12-05 10:05:33,927 [main] INFO  ipc.Server (Server.java:<init>(1287)) - Listener at 0.0.0.0:15142
2023-12-05 10:05:33,927 [Socket Reader #1 for port 15142] INFO  ipc.Server (Server.java:run(1323)) - Starting Socket Reader #1 for port 15142
2023-12-05 10:05:33,928 [main] INFO  ipc.CallQueueManager (CallQueueManager.java:<init>(90)) - Using callQueue: class java.util.concurrent.LinkedBlockingQueue, queueCapacity: 2000, scheduler: class org.apache.hadoop.ipc.DefaultRpcScheduler, ipcBackoff: false.
2023-12-05 10:05:33,929 [main] INFO  ipc.Server (Server.java:<init>(1287)) - Listener at 0.0.0.0:15141
2023-12-05 10:05:33,929 [Socket Reader #1 for port 15141] INFO  ipc.Server (Server.java:run(1323)) - Starting Socket Reader #1 for port 15141
2023-12-05 10:05:33,932 [main] INFO  ipc.CallQueueManager (CallQueueManager.java:<init>(90)) - Using callQueue: class java.util.concurrent.LinkedBlockingQueue, queueCapacity: 2000, scheduler: class org.apache.hadoop.ipc.DefaultRpcScheduler, ipcBackoff: false.
2023-12-05 10:05:33,933 [main] INFO  ipc.Server (Server.java:<init>(1287)) - Listener at 0.0.0.0:15140
2023-12-05 10:05:33,933 [Socket Reader #1 for port 15140] INFO  ipc.Server (Server.java:run(1323)) - Starting Socket Reader #1 for port 15140
2023-12-05 10:05:33,937 [main] INFO  ha.SCMServiceManager (SCMServiceManager.java:register(42)) - Registering service ContainerBalancer.
2023-12-05 10:05:33,937 [main] INFO  server.StorageContainerManager (StorageContainerManager.java:<init>(447)) - 
Container Balancer status:
Key                            Value
Running                        false
Container Balancer Configuration values:
Key                                                Value
Threshold                                          10
Max Datanodes to Involve per Iteration(percent)    20
Max Size to Move per Iteration                     500GB
Max Size Entering Target per Iteration             26GB
Max Size Leaving Source per Iteration              26GB
Number of Iterations                               10
Time Limit for Single Container's Movement         65min
Time Limit for Single Container's Replication      50min
Interval between each Iteration                    70min
Whether to Enable Network Topology                 false
Whether to Trigger Refresh Datanode Usage Info     false
Container IDs to Exclude from Balancing            None
Datanodes Specified to be Balanced                 None
Datanodes Excluded from Balancing                  None

2023-12-05 10:05:33,937 [main] INFO  ha.SCMContext (SCMContext.java:updateSafeModeStatus(230)) - Update SafeModeStatus from SafeModeStatus{safeModeStatus=true, preCheckPassed=false} to SafeModeStatus{safeModeStatus=true, preCheckPassed=false}.
2023-12-05 10:05:33,938 [main] INFO  server.StorageContainerManager (StorageContainerManager.java:start(1512)) - StorageContainerLocationProtocol RPC server is listening at /0.0.0.0:15140
2023-12-05 10:05:33,939 [main] WARN  impl.MetricsConfig (MetricsConfig.java:loadFirst(136)) - Cannot locate configuration: tried hadoop-metrics2-storagecontainermanager.properties,hadoop-metrics2.properties
2023-12-05 10:05:33,940 [main] INFO  impl.MetricsSystemImpl (MetricsSystemImpl.java:startTimer(378)) - Scheduled Metric snapshot period at 10 second(s).
2023-12-05 10:05:33,940 [main] INFO  impl.MetricsSystemImpl (MetricsSystemImpl.java:start(191)) - StorageContainerManager metrics system started
2023-12-05 10:05:33,943 [main] INFO  impl.MetricsSinkAdapter (MetricsSinkAdapter.java:start(204)) - Sink prometheus started
2023-12-05 10:05:33,943 [main] INFO  impl.MetricsSystemImpl (MetricsSystemImpl.java:registerSink(305)) - Registered sink prometheus
2023-12-05 10:05:33,962 [main] INFO  server.SCMClientProtocolServer (SCMClientProtocolServer.java:start(201)) - RPC server for Client  is listening at /0.0.0.0:15140
2023-12-05 10:05:33,964 [IPC Server listener on 15140] INFO  ipc.Server (Server.java:run(1402)) - IPC Server listener on 15140: starting
2023-12-05 10:05:33,964 [IPC Server Responder] INFO  ipc.Server (Server.java:run(1562)) - IPC Server Responder: starting
2023-12-05 10:05:33,971 [main] INFO  server.StorageContainerManager (StorageContainerManager.java:start(1525)) - ScmBlockLocationProtocol RPC server is listening at /0.0.0.0:15141
2023-12-05 10:05:33,972 [main] INFO  server.SCMBlockProtocolServer (SCMBlockProtocolServer.java:start(158)) - RPC server for Block Protocol is listening at /0.0.0.0:15141
2023-12-05 10:05:33,972 [IPC Server Responder] INFO  ipc.Server (Server.java:run(1562)) - IPC Server Responder: starting
2023-12-05 10:05:33,976 [IPC Server listener on 15141] INFO  ipc.Server (Server.java:run(1402)) - IPC Server listener on 15141: starting
2023-12-05 10:05:33,977 [main] INFO  server.SCMDatanodeProtocolServer (SCMDatanodeProtocolServer.java:start(193)) - ScmDatanodeProtocol RPC server for DataNodes is listening at /0.0.0.0:15142
2023-12-05 10:05:33,977 [IPC Server Responder] INFO  ipc.Server (Server.java:run(1562)) - IPC Server Responder: starting
2023-12-05 10:05:33,977 [IPC Server listener on 15142] INFO  ipc.Server (Server.java:run(1402)) - IPC Server listener on 15142: starting
2023-12-05 10:05:33,979 [JvmPauseMonitor21] INFO  util.JvmPauseMonitor (JvmPauseMonitor.java:run(146)) - JvmPauseMonitor-aecbf140-eb4d-44dd-ae14-36ba70e91b13: Started
2023-12-05 10:05:33,980 [main] INFO  http.BaseHttpServer (BaseHttpServer.java:newHttpServer2BuilderForOzone(223)) - Starting Web-server for scm at: http://0.0.0.0:15143
2023-12-05 10:05:33,980 [main] INFO  http.BaseHttpServer (BaseHttpServer.java:<init>(110)) - Hadoop Security Enabled: false Ozone Security Enabled: false Ozone HTTP Security Enabled: false 
2023-12-05 10:05:33,981 [main] WARN  server.AuthenticationFilter (AuthenticationFilter.java:constructSecretProvider(240)) - Unable to initialize FileSignerSecretProvider, falling back to use random secrets. Reason: Could not read signature secret file: /home/runner/hadoop-http-auth-signature-secret
2023-12-05 10:05:33,982 [main] INFO  http.HttpRequestLog (HttpRequestLog.java:getRequestLog(86)) - Http request log for http.requests.scm is not defined
2023-12-05 10:05:33,983 [main] INFO  http.HttpServer2 (HttpServer2.java:addGlobalFilter(1031)) - Added global filter 'safety' (class=org.apache.hadoop.hdds.server.http.HttpServer2$QuotingInputFilter)
2023-12-05 10:05:33,983 [main] INFO  http.HttpServer2 (HttpServer2.java:addFilter(1007)) - Added filter static_user_filter (class=org.apache.hadoop.http.lib.StaticUserWebFilter$StaticUserFilter) to context scm
2023-12-05 10:05:33,984 [main] INFO  http.HttpServer2 (HttpServer2.java:addFilter(1015)) - Added filter static_user_filter (class=org.apache.hadoop.http.lib.StaticUserWebFilter$StaticUserFilter) to context logs
2023-12-05 10:05:33,984 [main] INFO  http.HttpServer2 (HttpServer2.java:addFilter(1015)) - Added filter static_user_filter (class=org.apache.hadoop.http.lib.StaticUserWebFilter$StaticUserFilter) to context static
2023-12-05 10:05:33,984 [main] INFO  http.BaseHttpServer (BaseHttpServer.java:<init>(189)) - HTTP server of scm uses base directory /home/runner/work/ozone/ozone/hadoop-ozone/integration-test/target/test-dir/MiniOzoneClusterImpl-2d7daef6-be11-494e-bdf1-1c9d25d68037/ozone-meta/webserver
2023-12-05 10:05:33,984 [main] INFO  http.HttpServer2 (HttpServer2.java:bindListener(1231)) - Jetty bound to port 15143
2023-12-05 10:05:33,985 [main] INFO  server.Server (Server.java:doStart(375)) - jetty-9.4.53.v20231009; built: 2023-10-09T12:29:09.265Z; git: 27bde00a0b95a1d5bbee0eae7984f891d2d0f8c9; jvm 1.8.0_392-b08
2023-12-05 10:05:33,986 [main] INFO  server.session (DefaultSessionIdManager.java:doStart(334)) - DefaultSessionIdManager workerName=node0
2023-12-05 10:05:33,986 [main] INFO  server.session (DefaultSessionIdManager.java:doStart(339)) - No SessionScavenger set, using defaults
2023-12-05 10:05:33,986 [main] INFO  server.session (HouseKeeper.java:startScavenging(132)) - node0 Scavenging every 660000ms
2023-12-05 10:05:33,987 [main] INFO  handler.ContextHandler (ContextHandler.java:doStart(921)) - Started o.e.j.s.ServletContextHandler@3d54a384{logs,/logs,file:///home/runner/work/ozone/ozone/hadoop-ozone/integration-test/target/log,AVAILABLE}
2023-12-05 10:05:33,987 [main] INFO  handler.ContextHandler (ContextHandler.java:doStart(921)) - Started o.e.j.s.ServletContextHandler@3b5dd166{static,/static,file:///home/runner/work/ozone/ozone/hadoop-ozone/integration-test/target/test-classes/webapps/static,AVAILABLE}
2023-12-05 10:05:33,990 [main] INFO  handler.ContextHandler (ContextHandler.java:doStart(921)) - Started o.e.j.w.WebAppContext@612f5bee{scm,/,file:///home/runner/work/ozone/ozone/hadoop-ozone/integration-test/target/test-classes/webapps/scm/,AVAILABLE}{file:/home/runner/work/ozone/ozone/hadoop-ozone/integration-test/target/test-classes/webapps/scm}
2023-12-05 10:05:33,991 [main] INFO  server.AbstractConnector (AbstractConnector.java:doStart(333)) - Started ServerConnector@72b06c51{HTTP/1.1, (http/1.1)}{0.0.0.0:15143}
2023-12-05 10:05:33,991 [main] INFO  server.Server (Server.java:doStart(415)) - Started @74655ms
2023-12-05 10:05:33,991 [main] WARN  impl.MetricsSystemImpl (MetricsSystemImpl.java:register(279)) - Sink prometheus already exists!
2023-12-05 10:05:33,992 [main] INFO  http.BaseHttpServer (BaseHttpServer.java:updateConnectorAddress(354)) - HTTP server of scm listening at http://0.0.0.0:15143
2023-12-05 10:05:33,992 [main] WARN  server.ServerUtils (ServerUtils.java:getDBPath(311)) - ozone.om.db.dirs is not configured. We recommend adding this setting. Falling back to ozone.metadata.dirs instead.
2023-12-05 10:05:33,994 [main] INFO  ha.OMHANodeDetails (OMHANodeDetails.java:loadOMHAConfig(115)) - ozone.om.internal.service.id is not defined, falling back to ozone.om.service.ids to find serviceID for OzoneManager if it is HA enabled cluster
2023-12-05 10:05:33,994 [main] INFO  ha.OMHANodeDetails (OMHANodeDetails.java:loadOMHAConfig(226)) - Configuration does not have ozone.om.address set. Falling back to the default OM address /127.0.0.1:15144
2023-12-05 10:05:33,994 [main] INFO  ha.OMHANodeDetails (OMHANodeDetails.java:getOMNodeDetailsForNonHA(254)) - OM Service ID is not set. Setting it to the default ID: omServiceIdDefault
2023-12-05 10:05:33,994 [main] INFO  ha.OMHANodeDetails (OMHANodeDetails.java:getOMNodeDetailsForNonHA(261)) - OM Node ID is not set. Setting it to the default ID: om1
2023-12-05 10:05:33,995 [main] WARN  server.ServerUtils (ServerUtils.java:getDBPath(311)) - ozone.om.db.dirs is not configured. We recommend adding this setting. Falling back to ozone.metadata.dirs instead.
2023-12-05 10:05:33,995 [main] INFO  upgrade.AbstractLayoutVersionManager (AbstractLayoutVersionManager.java:init(83)) - Initializing Layout version manager with metadata layout = QUOTA (version = 6), software layout = QUOTA (version = 6)
2023-12-05 10:05:34,031 [main] INFO  reflections.Reflections (Reflections.java:scan(232)) - Reflections took 34 ms to scan 2 urls, producing 190 keys and 527 values [using 4 cores]
2023-12-05 10:05:34,031 [main] INFO  upgrade.OMLayoutVersionManager (OMLayoutVersionManager.java:lambda$0(115)) - Skipping Upgrade Action QuotaRepairUpgradeAction since it has been finalized.
2023-12-05 10:05:34,031 [main] INFO  upgrade.OMLayoutVersionManager (OMLayoutVersionManager.java:lambda$0(115)) - Skipping Upgrade Action MockOmUpgradeAction since it has been finalized.
2023-12-05 10:05:34,031 [main] WARN  server.ServerUtils (ServerUtils.java:getDBPath(311)) - ozone.om.db.dirs is not configured. We recommend adding this setting. Falling back to ozone.metadata.dirs instead.
2023-12-05 10:05:34,032 [main] INFO  proxy.SCMBlockLocationFailoverProxyProvider (SCMBlockLocationFailoverProxyProvider.java:<init>(115)) - Created block location fail-over proxy with 1 nodes: [nodeId=scmNodeId,nodeAddress=/0.0.0.0:15141]
2023-12-05 10:05:34,033 [main] INFO  proxy.SCMBlockLocationFailoverProxyProvider (SCMBlockLocationFailoverProxyProvider.java:<init>(115)) - Created block location fail-over proxy with 1 nodes: [nodeId=scmNodeId,nodeAddress=/0.0.0.0:15141]
2023-12-05 10:05:34,039 [main] INFO  om.OzoneManager (OzoneManager.java:<init>(674)) - OM start with adminUsers: [runner]
2023-12-05 10:05:34,040 [main] WARN  server.ServerUtils (ServerUtils.java:getDBPath(311)) - ozone.om.db.dirs is not configured. We recommend adding this setting. Falling back to ozone.metadata.dirs instead.
2023-12-05 10:05:34,040 [main] INFO  helpers.OmKeyInfo (OmKeyInfo.java:getCodec(71)) - OmKeyInfo.getCodec ignorePipeline = true
2023-12-05 10:05:34,174 [main] INFO  om.OzoneManager (OzoneManager.java:instantiateServices(808)) - S3 Multi-Tenancy is disabled
2023-12-05 10:05:34,174 [main] INFO  om.OmSnapshotManager (OmSnapshotManager.java:<init>(176)) - Ozone filesystem snapshot feature is enabled.
2023-12-05 10:05:34,174 [main] WARN  server.ServerUtils (ServerUtils.java:getDBPath(311)) - ozone.om.snapshot.diff.db.dir is not configured. We recommend adding this setting. Falling back to ozone.metadata.dirs instead.
2023-12-05 10:05:34,189 [main] INFO  snapshot.SnapshotDiffManager (SnapshotDiffManager.java:closeExecutorService(1716)) - Shutting down executorService: 'SstDumpToolExecutor'
2023-12-05 10:05:34,191 [main] INFO  om.OzoneManager (OzoneManager.java:addS3GVolumeToDB(4440)) - Created Volume s3v With Owner runner required for S3Gateway operations.
2023-12-05 10:05:34,191 [main] WARN  server.ServerUtils (ServerUtils.java:getDefaultRatisDirectory(323)) - Storage directory for Ratis is not configured. It is a good idea to map this to an SSD disk. Falling back to ozone.metadata.dirs
2023-12-05 10:05:34,191 [main] WARN  utils.OzoneManagerRatisUtils (OzoneManagerRatisUtils.java:getOMRatisSnapshotDirectory(473)) - ozone.om.ratis.snapshot.dir is not configured. Falling back to ozone.metadata.dirs config
2023-12-05 10:05:34,192 [main] WARN  server.ServerUtils (ServerUtils.java:getDefaultRatisDirectory(323)) - Storage directory for Ratis is not configured. It is a good idea to map this to an SSD disk. Falling back to ozone.metadata.dirs
2023-12-05 10:05:34,193 [main] INFO  ratis.OzoneManagerRatisServer (OzoneManagerRatisServer.java:<init>(168)) - Instantiating OM Ratis server with groupID: omServiceIdDefault and peers: localhost:15147
2023-12-05 10:05:34,193 [main] INFO  ratis.OzoneManagerStateMachine (OzoneManagerStateMachine.java:loadSnapshotInfoFromDB(708)) - LastAppliedIndex is set from TransactionInfo from OM DB as (t:0, i:~)
2023-12-05 10:05:34,194 [main] INFO  server.RaftServer (ConfUtils.java:logGet(46)) - raft.rpc.type = GRPC (default)
2023-12-05 10:05:34,194 [main] INFO  grpc.GrpcConfigKeys (ConfUtils.java:logFallback(53)) - raft.grpc.admin.host = null (fallback to raft.grpc.server.host)
2023-12-05 10:05:34,194 [main] INFO  grpc.GrpcConfigKeys (ConfUtils.java:logFallback(53)) - raft.grpc.admin.port = 15147 (fallback to raft.grpc.server.port)
2023-12-05 10:05:34,194 [main] INFO  grpc.GrpcConfigKeys (ConfUtils.java:logFallback(53)) - raft.grpc.client.host = null (fallback to raft.grpc.server.host)
2023-12-05 10:05:34,195 [main] INFO  grpc.GrpcConfigKeys (ConfUtils.java:logFallback(53)) - raft.grpc.client.port = 15147 (fallback to raft.grpc.server.port)
2023-12-05 10:05:34,195 [main] INFO  grpc.GrpcConfigKeys (ConfUtils.java:logGet(46)) - raft.grpc.server.host = null (default)
2023-12-05 10:05:34,195 [main] INFO  grpc.GrpcConfigKeys (ConfUtils.java:logGet(46)) - raft.grpc.server.port = 15147 (custom)
2023-12-05 10:05:34,195 [main] INFO  server.GrpcService (ConfUtils.java:logGet(46)) - raft.grpc.message.size.max = 4194304 (custom)
2023-12-05 10:05:34,195 [main] INFO  server.RaftServerConfigKeys (ConfUtils.java:logGet(46)) - raft.server.log.appender.buffer.byte-limit = 4194304 (custom)
2023-12-05 10:05:34,195 [main] INFO  server.GrpcService (ConfUtils.java:logGet(46)) - raft.grpc.flow.control.window = 1MB (=1048576) (default)
2023-12-05 10:05:34,195 [main] INFO  server.RaftServerConfigKeys (ConfUtils.java:logGet(46)) - raft.server.rpc.request.timeout = 3000ms (default)
2023-12-05 10:05:34,195 [main] INFO  grpc.GrpcConfigKeys (ConfUtils.java:logGet(46)) - raft.grpc.server.heartbeat.channel = true (default)
2023-12-05 10:05:34,195 [main] INFO  grpc.GrpcConfigKeys (ConfUtils.java:logGet(46)) - raft.grpc.server.async.request.thread.pool.cached = true (default)
2023-12-05 10:05:34,196 [main] INFO  grpc.GrpcConfigKeys (ConfUtils.java:logGet(46)) - raft.grpc.server.async.request.thread.pool.size = 32 (default)
2023-12-05 10:05:34,197 [main] INFO  impl.DataStreamServerImpl (ConfUtils.java:logGet(46)) - raft.datastream.type = DISABLED (default)
2023-12-05 10:05:34,197 [main] INFO  server.RaftServerConfigKeys (ConfUtils.java:logGet(46)) - raft.server.sleep.deviation.threshold = 300ms (default)
2023-12-05 10:05:34,197 [main] INFO  server.RaftServerConfigKeys (ConfUtils.java:logGet(46)) - raft.server.close.threshold = 60s (default)
2023-12-05 10:05:34,197 [main] INFO  server.RaftServerConfigKeys (ConfUtils.java:logGet(46)) - raft.server.leaderelection.leader.step-down.wait-time = 10s (default)
2023-12-05 10:05:34,198 [main] INFO  server.RaftServerConfigKeys (ConfUtils.java:logGet(46)) - raft.server.storage.dir = [/home/runner/work/ozone/ozone/hadoop-ozone/integration-test/target/test-dir/MiniOzoneClusterImpl-2d7daef6-be11-494e-bdf1-1c9d25d68037/ozone-meta/ratis] (custom)
2023-12-05 10:05:34,198 [main] INFO  server.RaftServerConfigKeys (ConfUtils.java:logGet(46)) - raft.server.threadpool.proxy.cached = true (default)
2023-12-05 10:05:34,198 [main] INFO  server.RaftServerConfigKeys (ConfUtils.java:logGet(46)) - raft.server.threadpool.proxy.size = 0 (default)
2023-12-05 10:05:34,198 [main] INFO  server.RaftServer (RaftServerProxy.java:addNew(100)) - om1: addNew group-C5BA1605619E:[om1|localhost:15147] returns group-C5BA1605619E:java.util.concurrent.CompletableFuture@194313a0[Not completed]
2023-12-05 10:05:34,199 [main] INFO  om.OzoneManager (OzoneManager.java:initializeRatisServer(2144)) - OzoneManager Ratis server initialized at port 15147
2023-12-05 10:05:34,199 [main] INFO  om.OzoneManager (OzoneManager.java:getRpcServer(1210)) - Creating RPC Server
2023-12-05 10:05:34,198 [om1-groupManagement] INFO  server.RaftServer$Division (RaftServerImpl.java:<init>(256)) - om1: new RaftServerImpl for group-C5BA1605619E:[om1|localhost:15147] with OzoneManagerStateMachine:uninitialized
2023-12-05 10:05:34,200 [om1-groupManagement] INFO  server.RaftServerConfigKeys (ConfUtils.java:logGet(46)) - raft.server.rpc.timeout.min = 1s (custom)
2023-12-05 10:05:34,200 [om1-groupManagement] INFO  server.RaftServerConfigKeys (ConfUtils.java:logGet(46)) - raft.server.rpc.timeout.max = 1200ms (custom)
2023-12-05 10:05:34,200 [om1-groupManagement] INFO  server.RaftServerConfigKeys (ConfUtils.java:logGet(46)) - raft.server.rpc.sleep.time = 25ms (default)
2023-12-05 10:05:34,200 [om1-groupManagement] INFO  server.RaftServerConfigKeys (ConfUtils.java:logGet(46)) - raft.server.rpc.slowness.timeout = 120s (custom)
2023-12-05 10:05:34,200 [om1-groupManagement] INFO  server.RaftServerConfigKeys (ConfUtils.java:logGet(46)) - raft.server.leaderelection.leader.step-down.wait-time = 10s (default)
2023-12-05 10:05:34,200 [om1-groupManagement] INFO  server.RaftServerConfigKeys (ConfUtils.java:logGet(46)) - raft.server.leaderelection.member.majority-add = false (default)
2023-12-05 10:05:34,200 [om1-groupManagement] INFO  server.RaftServerConfigKeys (ConfUtils.java:logGet(46)) - raft.server.sleep.deviation.threshold = 300ms (default)
2023-12-05 10:05:34,200 [om1-groupManagement] INFO  server.RaftServer$Division (ServerState.java:<init>(113)) - om1@group-C5BA1605619E: ConfigurationManager, init=-1: peers:[om1|localhost:15147]|listeners:[], old=null, confs=<EMPTY_MAP>
2023-12-05 10:05:34,200 [om1-groupManagement] INFO  server.RaftServerConfigKeys (ConfUtils.java:logGet(46)) - raft.server.notification.no-leader.timeout = 120s (custom)
2023-12-05 10:05:34,200 [om1-groupManagement] INFO  server.RaftServerConfigKeys (ConfUtils.java:logGet(46)) - raft.server.read.timeout = 10s (default)
2023-12-05 10:05:34,200 [om1-groupManagement] INFO  server.RaftServerConfigKeys (ConfUtils.java:logGet(46)) - raft.server.retrycache.expirytime = 300s (custom)
2023-12-05 10:05:34,200 [om1-groupManagement] INFO  server.RaftServerConfigKeys (ConfUtils.java:logGet(46)) - raft.server.retrycache.statistics.expirytime = 100ms (default)
2023-12-05 10:05:34,201 [om1-groupManagement] INFO  server.RaftServerConfigKeys (ConfUtils.java:logGet(46)) - raft.server.read.option = DEFAULT (default)
2023-12-05 10:05:34,201 [om1-groupManagement] INFO  server.RaftServerConfigKeys (ConfUtils.java:logGet(46)) - raft.server.read.read-after-write-consistent.write-index-cache.expiry-time = 60s (default)
2023-12-05 10:05:34,201 [om1-groupManagement] INFO  server.RaftServerConfigKeys (ConfUtils.java:logGet(46)) - raft.server.rpc.request.timeout = 3000ms (default)
2023-12-05 10:05:34,201 [om1-groupManagement] INFO  server.RaftServerConfigKeys (ConfUtils.java:logGet(46)) - raft.server.log.appender.install.snapshot.enabled = false (custom)
2023-12-05 10:05:34,201 [om1-groupManagement] INFO  server.RaftServerConfigKeys (ConfUtils.java:logGet(46)) - raft.server.threadpool.server.cached = true (default)
2023-12-05 10:05:34,201 [om1-groupManagement] INFO  server.RaftServerConfigKeys (ConfUtils.java:logGet(46)) - raft.server.threadpool.server.size = 0 (default)
2023-12-05 10:05:34,201 [om1-groupManagement] INFO  server.RaftServerConfigKeys (ConfUtils.java:logGet(46)) - raft.server.threadpool.client.cached = true (default)
2023-12-05 10:05:34,201 [om1-groupManagement] INFO  server.RaftServerConfigKeys (ConfUtils.java:logGet(46)) - raft.server.threadpool.client.size = 0 (default)
2023-12-05 10:05:34,400 [main] INFO  reflections.Reflections (Reflections.java:scan(232)) - Reflections took 198 ms to scan 20 urls, producing 71 keys and 6159 values [using 4 cores]
2023-12-05 10:05:34,401 [main] INFO  ipc.CallQueueManager (CallQueueManager.java:<init>(90)) - Using callQueue: class java.util.concurrent.LinkedBlockingQueue, queueCapacity: 2000, scheduler: class org.apache.hadoop.ipc.DefaultRpcScheduler, ipcBackoff: false.
2023-12-05 10:05:34,401 [main] INFO  ipc.Server (Server.java:<init>(1287)) - Listener at 127.0.0.1:15144
2023-12-05 10:05:34,402 [Socket Reader #1 for port 15144] INFO  ipc.Server (Server.java:run(1323)) - Starting Socket Reader #1 for port 15144
2023-12-05 10:05:34,415 [main] INFO  impl.MetricsSystemImpl (MetricsSystemImpl.java:init(158)) - OzoneManager metrics system started (again)
2023-12-05 10:05:34,423 [main] INFO  om.OzoneManager (OzoneManager.java:start(1632)) - OzoneManager RPC server is listening at localhost/127.0.0.1:15144
2023-12-05 10:05:34,423 [main] INFO  ratis.OzoneManagerRatisServer (OzoneManagerRatisServer.java:start(585)) - Starting OzoneManagerRatisServer om1 at port 15147
2023-12-05 10:05:34,423 [om1-impl-thread1] INFO  server.RaftServerConfigKeys (ConfUtils.java:logGet(46)) - raft.server.storage.free-space.min = 0MB (=0) (default)
2023-12-05 10:05:34,424 [om1-impl-thread1] INFO  server.RaftServerConfigKeys (ConfUtils.java:logGet(46)) - raft.server.log.corruption.policy = EXCEPTION (default)
2023-12-05 10:05:34,424 [om1-impl-thread1] INFO  server.RaftServerConfigKeys (ConfUtils.java:logGet(46)) - raft.server.storage.dir = [/home/runner/work/ozone/ozone/hadoop-ozone/integration-test/target/test-dir/MiniOzoneClusterImpl-2d7daef6-be11-494e-bdf1-1c9d25d68037/ozone-meta/ratis] (custom)
2023-12-05 10:05:34,424 [om1-impl-thread1] INFO  storage.RaftStorageDirectory (RaftStorageDirectoryImpl.java:analyzeStorage(138)) - The storage directory /home/runner/work/ozone/ozone/hadoop-ozone/integration-test/target/test-dir/MiniOzoneClusterImpl-2d7daef6-be11-494e-bdf1-1c9d25d68037/ozone-meta/ratis/bf265839-605b-3f16-9796-c5ba1605619e does not exist. Creating ...
2023-12-05 10:05:34,426 [om1-impl-thread1] INFO  storage.RaftStorageDirectory (RaftStorageDirectoryImpl.java:tryLock(232)) - Lock on /home/runner/work/ozone/ozone/hadoop-ozone/integration-test/target/test-dir/MiniOzoneClusterImpl-2d7daef6-be11-494e-bdf1-1c9d25d68037/ozone-meta/ratis/bf265839-605b-3f16-9796-c5ba1605619e/in_use.lock acquired by nodename 4813@fv-az884-53
2023-12-05 10:05:34,427 [om1-impl-thread1] INFO  storage.RaftStorage (RaftStorageImpl.java:format(97)) - Storage directory /home/runner/work/ozone/ozone/hadoop-ozone/integration-test/target/test-dir/MiniOzoneClusterImpl-2d7daef6-be11-494e-bdf1-1c9d25d68037/ozone-meta/ratis/bf265839-605b-3f16-9796-c5ba1605619e has been successfully formatted.
2023-12-05 10:05:34,427 [om1-impl-thread1] INFO  server.RaftServerConfigKeys (ConfUtils.java:logGet(46)) - raft.server.log.use.memory = false (default)
2023-12-05 10:05:34,427 [om1-impl-thread1] INFO  server.RaftServerConfigKeys (ConfUtils.java:logGet(46)) - raft.server.log.purge.gap = 1000000 (custom)
2023-12-05 10:05:34,428 [om1-impl-thread1] INFO  server.RaftServerConfigKeys (ConfUtils.java:logGet(46)) - raft.server.log.appender.buffer.byte-limit = 4194304 (custom)
2023-12-05 10:05:34,428 [om1-impl-thread1] INFO  server.RaftServerConfigKeys (ConfUtils.java:logGet(46)) - raft.server.log.statemachine.data.read.timeout = 1000ms (default)
2023-12-05 10:05:34,428 [om1-impl-thread1] INFO  server.RaftServerConfigKeys (ConfUtils.java:logGet(46)) - raft.server.log.purge.preservation.log.num = 0 (default)
2023-12-05 10:05:34,428 [om1-impl-thread1] INFO  server.RaftServerConfigKeys (ConfUtils.java:logGet(46)) - raft.server.log.segment.size.max = 4194304 (custom)
2023-12-05 10:05:34,428 [om1-impl-thread1] INFO  server.RaftServerConfigKeys (ConfUtils.java:logGet(46)) - raft.server.log.segment.cache.num.max = 2 (custom)
2023-12-05 10:05:34,428 [om1-impl-thread1] INFO  server.RaftServerConfigKeys (ConfUtils.java:logGet(46)) - raft.server.log.segment.cache.size.max = 200MB (=209715200) (default)
2023-12-05 10:05:34,428 [om1-impl-thread1] INFO  server.RaftServerConfigKeys (ConfUtils.java:logGet(46)) - raft.server.log.appender.buffer.byte-limit = 4194304 (custom)
2023-12-05 10:05:34,428 [om1-impl-thread1] INFO  util.AwaitToRun (AwaitToRun.java:start(81)) - Thread[om1@group-C5BA1605619E-cacheEviction-AwaitToRun,5,main] started
2023-12-05 10:05:34,428 [om1-impl-thread1] INFO  segmented.SegmentedRaftLogWorker (SegmentedRaftLogWorker.java:<init>(184)) - new om1@group-C5BA1605619E-SegmentedRaftLogWorker for RaftStorageImpl:Storage Directory /home/runner/work/ozone/ozone/hadoop-ozone/integration-test/target/test-dir/MiniOzoneClusterImpl-2d7daef6-be11-494e-bdf1-1c9d25d68037/ozone-meta/ratis/bf265839-605b-3f16-9796-c5ba1605619e
2023-12-05 10:05:34,428 [om1-impl-thread1] INFO  server.RaftServerConfigKeys (ConfUtils.java:logGet(46)) - raft.server.log.queue.byte-limit = 64MB (=67108864) (default)
2023-12-05 10:05:34,429 [om1-impl-thread1] INFO  server.RaftServerConfigKeys (ConfUtils.java:logGet(46)) - raft.server.log.queue.element-limit = 4096 (default)
2023-12-05 10:05:34,429 [om1-impl-thread1] INFO  server.RaftServerConfigKeys (ConfUtils.java:logGet(46)) - raft.server.log.segment.size.max = 4194304 (custom)
2023-12-05 10:05:34,429 [om1-impl-thread1] INFO  server.RaftServerConfigKeys (ConfUtils.java:logGet(46)) - raft.server.log.preallocated.size = 4194304 (custom)
2023-12-05 10:05:34,429 [om1-impl-thread1] INFO  server.RaftServerConfigKeys (ConfUtils.java:logGet(46)) - raft.server.log.force.sync.num = 128 (default)
2023-12-05 10:05:34,429 [om1-impl-thread1] INFO  server.RaftServerConfigKeys (ConfUtils.java:logGet(46)) - raft.server.log.statemachine.data.sync = true (default)
2023-12-05 10:05:34,429 [om1-impl-thread1] INFO  server.RaftServerConfigKeys (ConfUtils.java:logGet(46)) - raft.server.log.statemachine.data.sync.timeout = 10s (default)
2023-12-05 10:05:34,429 [om1-impl-thread1] INFO  server.RaftServerConfigKeys (ConfUtils.java:logGet(46)) - raft.server.log.statemachine.data.sync.timeout.retry = -1 (default)
2023-12-05 10:05:34,429 [om1-impl-thread1] INFO  server.RaftServerConfigKeys (ConfUtils.java:logGet(46)) - raft.server.log.write.buffer.size = 4194312 (custom)
2023-12-05 10:05:34,430 [om1-impl-thread1] INFO  server.RaftServerConfigKeys (ConfUtils.java:logGet(46)) - raft.server.log.appender.buffer.byte-limit = 4194304 (custom)
2023-12-05 10:05:34,430 [om1-impl-thread1] INFO  server.RaftServerConfigKeys (ConfUtils.java:logGet(46)) - raft.server.log.unsafe-flush.enabled = false (default)
2023-12-05 10:05:34,430 [om1-impl-thread1] INFO  server.RaftServerConfigKeys (ConfUtils.java:logGet(46)) - raft.server.log.async-flush.enabled = false (default)
2023-12-05 10:05:34,430 [om1-impl-thread1] INFO  server.RaftServerConfigKeys (ConfUtils.java:logGet(46)) - raft.server.log.statemachine.data.caching.enabled = false (default)
2023-12-05 10:05:34,430 [om1-impl-thread1] INFO  segmented.SegmentedRaftLogWorker (SegmentedRaftLogWorker.java:lambda$new$0(135)) - om1@group-C5BA1605619E-SegmentedRaftLogWorker: flushIndex: setUnconditionally 0 -> -1
2023-12-05 10:05:34,430 [om1-impl-thread1] INFO  segmented.SegmentedRaftLogWorker (SegmentedRaftLogWorker.java:lambda$new$0(135)) - om1@group-C5BA1605619E-SegmentedRaftLogWorker: safeCacheEvictIndex: setUnconditionally 0 -> -1
2023-12-05 10:05:34,430 [om1-impl-thread1] INFO  server.RaftServer$Division (RaftServerImpl.java:start(392)) - om1@group-C5BA1605619E: start as a follower, conf=-1: peers:[om1|localhost:15147]|listeners:[], old=null
2023-12-05 10:05:34,430 [om1-impl-thread1] INFO  server.RaftServer$Division (RaftServerImpl.java:setRole(379)) - om1@group-C5BA1605619E: changes role from      null to FOLLOWER at term 0 for startAsFollower
2023-12-05 10:05:34,430 [om1-impl-thread1] INFO  impl.RoleInfo (RoleInfo.java:updateAndGet(139)) - om1: start om1@group-C5BA1605619E-FollowerState
2023-12-05 10:05:34,431 [om1@group-C5BA1605619E-FollowerState] INFO  server.RaftServerConfigKeys (ConfUtils.java:logFallback(53)) - raft.server.rpc.first-election.timeout.min = 1s (fallback to raft.server.rpc.timeout.min)
2023-12-05 10:05:34,431 [om1@group-C5BA1605619E-FollowerState] INFO  server.RaftServerConfigKeys (ConfUtils.java:logFallback(53)) - raft.server.rpc.first-election.timeout.max = 1200ms (fallback to raft.server.rpc.timeout.max)
2023-12-05 10:05:34,431 [om1-impl-thread1] INFO  util.JmxRegister (JmxRegister.java:tryRegister(44)) - Successfully registered JMX Bean with object name Ratis:service=RaftServer,group=group-C5BA1605619E,id=om1
2023-12-05 10:05:34,431 [om1-impl-thread1] INFO  server.RaftServerConfigKeys (ConfUtils.java:logGet(46)) - raft.server.snapshot.trigger-when-stop.enabled = true (default)
2023-12-05 10:05:34,431 [om1-impl-thread1] INFO  server.RaftServerConfigKeys (ConfUtils.java:logGet(46)) - raft.server.snapshot.auto.trigger.enabled = true (custom)
2023-12-05 10:05:34,431 [om1-impl-thread1] INFO  server.RaftServerConfigKeys (ConfUtils.java:logGet(46)) - raft.server.snapshot.auto.trigger.threshold = 400000 (default)
2023-12-05 10:05:34,431 [om1-impl-thread1] INFO  server.RaftServerConfigKeys (ConfUtils.java:logGet(46)) - raft.server.snapshot.retention.file.num = -1 (default)
2023-12-05 10:05:34,431 [om1-impl-thread1] INFO  server.RaftServerConfigKeys (ConfUtils.java:logGet(46)) - raft.server.log.purge.upto.snapshot.index = true (custom)
2023-12-05 10:05:34,431 [main] INFO  server.RaftServer (RaftServerProxy.java:startImpl(406)) - om1: start RPC server
2023-12-05 10:05:34,432 [main] INFO  server.GrpcService (GrpcService.java:startImpl(302)) - om1: GrpcService started, listening on 15147
2023-12-05 10:05:34,433 [JvmPauseMonitor22] INFO  util.JvmPauseMonitor (JvmPauseMonitor.java:run(146)) - JvmPauseMonitor-om1: Started
2023-12-05 10:05:34,433 [main] INFO  om.OzoneManager (OzoneManager.java:start(1648)) - Version File has different layout version (6) than OM DB (null). That is expected if this OM has never been finalized to a newer layout version.
2023-12-05 10:05:34,436 [main] INFO  http.BaseHttpServer (BaseHttpServer.java:newHttpServer2BuilderForOzone(223)) - Starting Web-server for ozoneManager at: http://0.0.0.0:15145
2023-12-05 10:05:34,436 [main] INFO  http.BaseHttpServer (BaseHttpServer.java:<init>(110)) - Hadoop Security Enabled: false Ozone Security Enabled: false Ozone HTTP Security Enabled: false 
2023-12-05 10:05:34,437 [main] WARN  server.AuthenticationFilter (AuthenticationFilter.java:constructSecretProvider(240)) - Unable to initialize FileSignerSecretProvider, falling back to use random secrets. Reason: Could not read signature secret file: /home/runner/hadoop-http-auth-signature-secret
2023-12-05 10:05:34,438 [main] INFO  http.HttpRequestLog (HttpRequestLog.java:getRequestLog(86)) - Http request log for http.requests.ozoneManager is not defined
2023-12-05 10:05:34,439 [main] INFO  http.HttpServer2 (HttpServer2.java:addGlobalFilter(1031)) - Added global filter 'safety' (class=org.apache.hadoop.hdds.server.http.HttpServer2$QuotingInputFilter)
2023-12-05 10:05:34,439 [main] INFO  http.HttpServer2 (HttpServer2.java:addFilter(1007)) - Added filter static_user_filter (class=org.apache.hadoop.http.lib.StaticUserWebFilter$StaticUserFilter) to context ozoneManager
2023-12-05 10:05:34,439 [main] INFO  http.HttpServer2 (HttpServer2.java:addFilter(1015)) - Added filter static_user_filter (class=org.apache.hadoop.http.lib.StaticUserWebFilter$StaticUserFilter) to context logs
2023-12-05 10:05:34,439 [main] INFO  http.HttpServer2 (HttpServer2.java:addFilter(1015)) - Added filter static_user_filter (class=org.apache.hadoop.http.lib.StaticUserWebFilter$StaticUserFilter) to context static
2023-12-05 10:05:34,440 [main] INFO  http.BaseHttpServer (BaseHttpServer.java:<init>(189)) - HTTP server of ozoneManager uses base directory /home/runner/work/ozone/ozone/hadoop-ozone/integration-test/target/test-dir/MiniOzoneClusterImpl-2d7daef6-be11-494e-bdf1-1c9d25d68037/ozone-meta/webserver
2023-12-05 10:05:34,440 [main] INFO  http.HttpServer2 (HttpServer2.java:bindListener(1231)) - Jetty bound to port 15145
2023-12-05 10:05:34,440 [main] INFO  server.Server (Server.java:doStart(375)) - jetty-9.4.53.v20231009; built: 2023-10-09T12:29:09.265Z; git: 27bde00a0b95a1d5bbee0eae7984f891d2d0f8c9; jvm 1.8.0_392-b08
2023-12-05 10:05:34,441 [main] INFO  server.session (DefaultSessionIdManager.java:doStart(334)) - DefaultSessionIdManager workerName=node0
2023-12-05 10:05:34,441 [main] INFO  server.session (DefaultSessionIdManager.java:doStart(339)) - No SessionScavenger set, using defaults
2023-12-05 10:05:34,441 [main] INFO  server.session (HouseKeeper.java:startScavenging(132)) - node0 Scavenging every 600000ms
2023-12-05 10:05:34,442 [main] INFO  handler.ContextHandler (ContextHandler.java:doStart(921)) - Started o.e.j.s.ServletContextHandler@6e4abb58{logs,/logs,file:///home/runner/work/ozone/ozone/hadoop-ozone/integration-test/target/log,AVAILABLE}
2023-12-05 10:05:34,442 [main] INFO  handler.ContextHandler (ContextHandler.java:doStart(921)) - Started o.e.j.s.ServletContextHandler@97231d1{static,/static,file:///home/runner/work/ozone/ozone/hadoop-ozone/integration-test/target/test-classes/webapps/static,AVAILABLE}
2023-12-05 10:05:34,444 [main] INFO  handler.ContextHandler (ContextHandler.java:doStart(921)) - Started o.e.j.w.WebAppContext@7cd919a5{ozoneManager,/,file:///home/runner/work/ozone/ozone/hadoop-ozone/integration-test/target/test-classes/webapps/ozoneManager/,AVAILABLE}{file:/home/runner/work/ozone/ozone/hadoop-ozone/integration-test/target/test-classes/webapps/ozoneManager}
2023-12-05 10:05:34,445 [main] INFO  server.AbstractConnector (AbstractConnector.java:doStart(333)) - Started ServerConnector@d981e45{HTTP/1.1, (http/1.1)}{0.0.0.0:15145}
2023-12-05 10:05:34,445 [main] INFO  server.Server (Server.java:doStart(415)) - Started @75109ms
2023-12-05 10:05:34,445 [main] WARN  impl.MetricsSystemImpl (MetricsSystemImpl.java:register(279)) - Sink prometheus already exists!
2023-12-05 10:05:34,445 [main] INFO  http.BaseHttpServer (BaseHttpServer.java:updateConnectorAddress(354)) - HTTP server of ozoneManager listening at http://0.0.0.0:15145
2023-12-05 10:05:34,446 [IPC Server Responder] INFO  ipc.Server (Server.java:run(1562)) - IPC Server Responder: starting
2023-12-05 10:05:34,446 [IPC Server listener on 15144] INFO  ipc.Server (Server.java:run(1402)) - IPC Server listener on 15144: starting
2023-12-05 10:05:34,449 [main] INFO  om.OzoneManager (OzoneManager.java:startTrashEmptier(2097)) - Trash Interval set to 0. Files deleted won't move to trash
2023-12-05 10:05:34,457 [main] WARN  dropwizard3.Dm3MetricRegistriesImpl (Dm3MetricRegistriesImpl.java:addReporterRegistration(113)) - New reporters are added after registries were created. Some metrics will be missing from the reporter. Please add reporter before adding any new registry.
2023-12-05 10:05:34,458 [main] WARN  dropwizard3.Dm3MetricRegistriesImpl (Dm3MetricRegistriesImpl.java:addReporterRegistration(113)) - New reporters are added after registries were created. Some metrics will be missing from the reporter. Please add reporter before adding any new registry.
2023-12-05 10:05:34,458 [main] INFO  impl.MetricsSystemImpl (MetricsSystemImpl.java:init(158)) - HddsDatanode metrics system started (again)
2023-12-05 10:05:34,466 [main] INFO  ozone.HddsDatanodeService (HddsDatanodeService.java:start(239)) - HddsDatanodeService host:fv-az884-53.nlrrjjsaionubk4jys1hz1dhmg.bx.internal.cloudapp.net ip:10.1.0.7
2023-12-05 10:05:34,481 [main] INFO  upgrade.AbstractLayoutVersionManager (AbstractLayoutVersionManager.java:init(83)) - Initializing Layout version manager with metadata layout = HADOOP_PRC_PORTS_IN_DATANODEDETAILS (version = 7), software layout = HADOOP_PRC_PORTS_IN_DATANODEDETAILS (version = 7)
2023-12-05 10:05:34,481 [main] INFO  statemachine.DatanodeStateMachine (DatanodeStateMachine.java:getEndPointTaskThreadPoolSize(299)) - Datanode State Machine Task Thread Pool size 2
2023-12-05 10:05:34,483 [main] INFO  volume.HddsVolume (HddsVolume.java:<init>(126)) - Creating HddsVolume: /home/runner/work/ozone/ozone/hadoop-ozone/integration-test/target/test-dir/MiniOzoneClusterImpl-2d7daef6-be11-494e-bdf1-1c9d25d68037/datanode-0/data-0/containers/hdds of storage type : DISK capacity : 9223372036854775807
2023-12-05 10:05:34,483 [main] INFO  volume.MutableVolumeSet (MutableVolumeSet.java:initializeVolumeSet(173)) - Added Volume : /home/runner/work/ozone/ozone/hadoop-ozone/integration-test/target/test-dir/MiniOzoneClusterImpl-2d7daef6-be11-494e-bdf1-1c9d25d68037/datanode-0/data-0/containers/hdds to VolumeSet
2023-12-05 10:05:34,483 [main] INFO  volume.MutableVolumeSet (MutableVolumeSet.java:initializeVolumeSet(173)) - Added Volume : /home/runner/work/ozone/ozone/hadoop-ozone/integration-test/target/test-dir/MiniOzoneClusterImpl-2d7daef6-be11-494e-bdf1-1c9d25d68037/datanode-0/data/ratis to VolumeSet
2023-12-05 10:05:34,484 [main] INFO  ozoneimpl.OzoneContainer (HddsVolumeUtil.java:loadAllHddsVolumeDbStore(103)) - Load 1 volumes DbStore cost: 0ms
2023-12-05 10:05:34,484 [91a75bad-db25-440f-8a5d-0b0b19abc853-ContainerReader-0] INFO  ozoneimpl.ContainerReader (ContainerReader.java:readVolume(177)) - Finish verifying containers on volume /home/runner/work/ozone/ozone/hadoop-ozone/integration-test/target/test-dir/MiniOzoneClusterImpl-2d7daef6-be11-494e-bdf1-1c9d25d68037/datanode-0/data-0/containers/hdds
2023-12-05 10:05:34,487 [main] INFO  ozoneimpl.OzoneContainer (OzoneContainer.java:buildContainerSet(326)) - Build ContainerSet costs 0s
2023-12-05 10:05:34,489 [main] INFO  server.RaftServer (ConfUtils.java:logGet(46)) - raft.rpc.type = GRPC (default)
2023-12-05 10:05:34,489 [main] INFO  grpc.GrpcConfigKeys (ConfUtils.java:logFallback(53)) - raft.grpc.admin.host = null (fallback to raft.grpc.server.host)
2023-12-05 10:05:34,489 [main] INFO  grpc.GrpcConfigKeys (ConfUtils.java:logGet(46)) - raft.grpc.admin.port = 15153 (custom)
2023-12-05 10:05:34,489 [main] INFO  grpc.GrpcConfigKeys (ConfUtils.java:logFallback(53)) - raft.grpc.client.host = null (fallback to raft.grpc.server.host)
2023-12-05 10:05:34,489 [main] INFO  grpc.GrpcConfigKeys (ConfUtils.java:logGet(46)) - raft.grpc.client.port = 15152 (custom)
2023-12-05 10:05:34,490 [main] INFO  grpc.GrpcConfigKeys (ConfUtils.java:logGet(46)) - raft.grpc.server.host = null (default)
2023-12-05 10:05:34,490 [main] INFO  grpc.GrpcConfigKeys (ConfUtils.java:logGet(46)) - raft.grpc.server.port = 15154 (custom)
2023-12-05 10:05:34,490 [main] INFO  server.GrpcService (ConfUtils.java:logGet(46)) - raft.grpc.message.size.max = 32MB (=33554432) (custom)
2023-12-05 10:05:34,490 [main] INFO  server.RaftServerConfigKeys (ConfUtils.java:logGet(46)) - raft.server.log.appender.buffer.byte-limit = 8388608 (custom)
2023-12-05 10:05:34,490 [main] INFO  server.GrpcService (ConfUtils.java:logGet(46)) - raft.grpc.flow.control.window = 5MB (=5242880) (custom)
2023-12-05 10:05:34,490 [main] INFO  server.RaftServerConfigKeys (ConfUtils.java:logGet(46)) - raft.server.rpc.request.timeout = 60s (custom)
2023-12-05 10:05:34,490 [main] INFO  grpc.GrpcConfigKeys (ConfUtils.java:logGet(46)) - raft.grpc.server.heartbeat.channel = true (default)
2023-12-05 10:05:34,491 [main] INFO  grpc.GrpcConfigKeys (ConfUtils.java:logGet(46)) - raft.grpc.server.async.request.thread.pool.cached = true (default)
2023-12-05 10:05:34,491 [main] INFO  grpc.GrpcConfigKeys (ConfUtils.java:logGet(46)) - raft.grpc.server.async.request.thread.pool.size = 32 (default)
2023-12-05 10:05:34,493 [main] INFO  impl.DataStreamServerImpl (ConfUtils.java:logGet(46)) - raft.datastream.type = NETTY (custom)
2023-12-05 10:05:34,493 [main] INFO  server.RaftServerConfigKeys (ConfUtils.java:logGet(46)) - raft.server.data-stream.async.request.thread.pool.cached = false (default)
2023-12-05 10:05:34,493 [main] INFO  server.RaftServerConfigKeys (ConfUtils.java:logGet(46)) - raft.server.data-stream.async.request.thread.pool.size = 20 (custom)
2023-12-05 10:05:34,493 [main] INFO  server.RaftServerConfigKeys (ConfUtils.java:logGet(46)) - raft.server.data-stream.async.write.thread.pool.size = 16 (default)
2023-12-05 10:05:34,493 [main] INFO  netty.NettyConfigKeys$DataStream (ConfUtils.java:logGet(46)) - raft.netty.dataStream.server.channel.inactive.grace-period = 10min (default)
2023-12-05 10:05:34,494 [main] INFO  server.RaftServerConfigKeys (ConfUtils.java:logGet(46)) - raft.server.data-stream.client.pool.size = 10 (default)
2023-12-05 10:05:34,494 [main] INFO  netty.NettyConfigKeys$DataStream (ConfUtils.java:logGet(46)) - raft.netty.dataStream.server.use-epoll = true (default)
2023-12-05 10:05:34,494 [main] INFO  netty.NettyConfigKeys$DataStream (ConfUtils.java:logGet(46)) - raft.netty.dataStream.server.boss-group.size = 0 (default)
2023-12-05 10:05:34,494 [main] INFO  netty.NettyUtils (NettyUtils.java:newEventLoopGroup(69)) - Create EpollEventLoopGroup for 91a75bad-db25-440f-8a5d-0b0b19abc853-NettyServerStreamRpc-bossGroup; Thread size is 0.
2023-12-05 10:05:34,495 [main] INFO  netty.NettyConfigKeys$DataStream (ConfUtils.java:logGet(46)) - raft.netty.dataStream.server.worker-group.size = 0 (default)
2023-12-05 10:05:34,495 [main] INFO  netty.NettyUtils (NettyUtils.java:newEventLoopGroup(69)) - Create EpollEventLoopGroup for 91a75bad-db25-440f-8a5d-0b0b19abc853-NettyServerStreamRpc-workerGroup; Thread size is 0.
2023-12-05 10:05:34,495 [main] INFO  netty.NettyConfigKeys$DataStream (ConfUtils.java:logGet(46)) - raft.netty.dataStream.server.tls.conf = null (default)
2023-12-05 10:05:34,496 [main] INFO  netty.NettyConfigKeys$DataStream (ConfUtils.java:logGet(46)) - raft.netty.dataStream.host = null (default)
2023-12-05 10:05:34,496 [main] INFO  netty.NettyConfigKeys$DataStream (ConfUtils.java:logGet(46)) - raft.netty.dataStream.port = 15155 (custom)
2023-12-05 10:05:34,496 [main] INFO  server.RaftServerConfigKeys (ConfUtils.java:logGet(46)) - raft.server.sleep.deviation.threshold = 300ms (default)
2023-12-05 10:05:34,496 [main] INFO  server.RaftServerConfigKeys (ConfUtils.java:logGet(46)) - raft.server.close.threshold = 60s (default)
2023-12-05 10:05:34,497 [main] INFO  server.RaftServerConfigKeys (ConfUtils.java:logGet(46)) - raft.server.leaderelection.leader.step-down.wait-time = 10s (default)
2023-12-05 10:05:34,497 [main] INFO  server.RaftServerConfigKeys (ConfUtils.java:logGet(46)) - raft.server.storage.dir = [/home/runner/work/ozone/ozone/hadoop-ozone/integration-test/target/test-dir/MiniOzoneClusterImpl-2d7daef6-be11-494e-bdf1-1c9d25d68037/datanode-0/data/ratis] (custom)
2023-12-05 10:05:34,497 [main] INFO  server.RaftServerConfigKeys (ConfUtils.java:logGet(46)) - raft.server.threadpool.proxy.cached = true (default)
2023-12-05 10:05:34,497 [main] INFO  server.RaftServerConfigKeys (ConfUtils.java:logGet(46)) - raft.server.threadpool.proxy.size = 0 (default)
2023-12-05 10:05:34,496 [91a75bad-db25-440f-8a5d-0b0b19abc853-NettyServerStreamRpc-bossGroup--thread1] INFO  logging.LoggingHandler (AbstractInternalLogger.java:log(148)) - [id: 0xcf011978] REGISTERED
2023-12-05 10:05:34,498 [91a75bad-db25-440f-8a5d-0b0b19abc853-NettyServerStreamRpc-bossGroup--thread1] INFO  logging.LoggingHandler (AbstractInternalLogger.java:log(148)) - [id: 0xcf011978] BIND: 0.0.0.0/0.0.0.0:15155
2023-12-05 10:05:34,498 [91a75bad-db25-440f-8a5d-0b0b19abc853-NettyServerStreamRpc-bossGroup--thread1] INFO  logging.LoggingHandler (AbstractInternalLogger.java:log(148)) - [id: 0xcf011978, L:/0.0.0.0:15155] ACTIVE
2023-12-05 10:05:34,500 [91a75bad-db25-440f-8a5d-0b0b19abc853-impl-thread1] INFO  server.RaftServer (RaftServerProxy.java:initGroupDir(264)) - 91a75bad-db25-440f-8a5d-0b0b19abc853: found a subdirectory /home/runner/work/ozone/ozone/hadoop-ozone/integration-test/target/test-dir/MiniOzoneClusterImpl-2d7daef6-be11-494e-bdf1-1c9d25d68037/datanode-0/data/ratis/tmp
2023-12-05 10:05:34,500 [91a75bad-db25-440f-8a5d-0b0b19abc853-impl-thread1] INFO  server.RaftServer (RaftServerProxy.java:initGroupDir(269)) - 91a75bad-db25-440f-8a5d-0b0b19abc853: The directory /home/runner/work/ozone/ozone/hadoop-ozone/integration-test/target/test-dir/MiniOzoneClusterImpl-2d7daef6-be11-494e-bdf1-1c9d25d68037/datanode-0/data/ratis/tmp is not a group directory; ignoring it. 
2023-12-05 10:05:34,500 [main] INFO  replication.ReplicationServer (ReplicationServer.java:<init>(85)) - Initializing replication server with thread count = 10 queue length = 4096
2023-12-05 10:05:34,501 [main] INFO  server.XceiverServerGrpc (XceiverServerGrpc.java:<init>(141)) - GrpcServer channel type EpollServerSocketChannel
2023-12-05 10:05:34,503 [main] INFO  replication.ReplicationSupervisor (ReplicationSupervisor.java:build(163)) - Initializing replication supervisor with thread count = 10
2023-12-05 10:05:34,504 [main] INFO  replication.ReplicationSupervisor (ReplicationSupervisor.java:nodeStateUpdated(317)) - Node state updated to IN_SERVICE, scaling executor pool size to 10
2023-12-05 10:05:34,507 [main] INFO  http.BaseHttpServer (BaseHttpServer.java:newHttpServer2BuilderForOzone(223)) - Starting Web-server for hddsDatanode at: http://0.0.0.0:15149
2023-12-05 10:05:34,507 [main] INFO  http.BaseHttpServer (BaseHttpServer.java:<init>(110)) - Hadoop Security Enabled: false Ozone Security Enabled: false Ozone HTTP Security Enabled: false 
2023-12-05 10:05:34,509 [main] WARN  server.AuthenticationFilter (AuthenticationFilter.java:constructSecretProvider(240)) - Unable to initialize FileSignerSecretProvider, falling back to use random secrets. Reason: Could not read signature secret file: /home/runner/hadoop-http-auth-signature-secret
2023-12-05 10:05:34,511 [main] INFO  http.HttpRequestLog (HttpRequestLog.java:getRequestLog(86)) - Http request log for http.requests.hddsDatanode is not defined
2023-12-05 10:05:34,512 [main] INFO  http.HttpServer2 (HttpServer2.java:addGlobalFilter(1031)) - Added global filter 'safety' (class=org.apache.hadoop.hdds.server.http.HttpServer2$QuotingInputFilter)
2023-12-05 10:05:34,512 [main] INFO  http.HttpServer2 (HttpServer2.java:addFilter(1007)) - Added filter static_user_filter (class=org.apache.hadoop.http.lib.StaticUserWebFilter$StaticUserFilter) to context hddsDatanode
2023-12-05 10:05:34,512 [main] INFO  http.HttpServer2 (HttpServer2.java:addFilter(1015)) - Added filter static_user_filter (class=org.apache.hadoop.http.lib.StaticUserWebFilter$StaticUserFilter) to context static
2023-12-05 10:05:34,513 [main] INFO  http.HttpServer2 (HttpServer2.java:addFilter(1015)) - Added filter static_user_filter (class=org.apache.hadoop.http.lib.StaticUserWebFilter$StaticUserFilter) to context logs
2023-12-05 10:05:34,513 [main] INFO  http.BaseHttpServer (BaseHttpServer.java:<init>(189)) - HTTP server of hddsDatanode uses base directory /home/runner/work/ozone/ozone/hadoop-ozone/integration-test/target/test-dir/MiniOzoneClusterImpl-2d7daef6-be11-494e-bdf1-1c9d25d68037/datanode-0/meta/webserver
2023-12-05 10:05:34,513 [main] INFO  http.HttpServer2 (HttpServer2.java:bindListener(1231)) - Jetty bound to port 15149
2023-12-05 10:05:34,513 [main] INFO  server.Server (Server.java:doStart(375)) - jetty-9.4.53.v20231009; built: 2023-10-09T12:29:09.265Z; git: 27bde00a0b95a1d5bbee0eae7984f891d2d0f8c9; jvm 1.8.0_392-b08
2023-12-05 10:05:34,516 [main] INFO  server.session (DefaultSessionIdManager.java:doStart(334)) - DefaultSessionIdManager workerName=node0
2023-12-05 10:05:34,516 [main] INFO  server.session (DefaultSessionIdManager.java:doStart(339)) - No SessionScavenger set, using defaults
2023-12-05 10:05:34,517 [main] INFO  server.session (HouseKeeper.java:startScavenging(132)) - node0 Scavenging every 660000ms
2023-12-05 10:05:34,517 [main] INFO  handler.ContextHandler (ContextHandler.java:doStart(921)) - Started o.e.j.s.ServletContextHandler@73cacff3{logs,/logs,file:///home/runner/work/ozone/ozone/hadoop-ozone/integration-test/target/log,AVAILABLE}
2023-12-05 10:05:34,517 [main] INFO  handler.ContextHandler (ContextHandler.java:doStart(921)) - Started o.e.j.s.ServletContextHandler@4cc394c0{static,/static,jar:file:/home/runner/.m2/repository/org/apache/ozone/hdds-container-service/1.4.0-SNAPSHOT/hdds-container-service-1.4.0-SNAPSHOT.jar!/webapps/static,AVAILABLE}
2023-12-05 10:05:34,553 [main] INFO  handler.ContextHandler (ContextHandler.java:doStart(921)) - Started o.e.j.w.WebAppContext@7e0d4ba1{hddsDatanode,/,file:///home/runner/work/ozone/ozone/hadoop-ozone/integration-test/target/test-dir/MiniOzoneClusterImpl-2d7daef6-be11-494e-bdf1-1c9d25d68037/datanode-0/meta/webserver/jetty-0_0_0_0-15149-hdds-container-service-1_4_0-SNAPSHOT_jar-_-any-4478499523427444501/webapp/,AVAILABLE}{jar:file:/home/runner/.m2/repository/org/apache/ozone/hdds-container-service/1.4.0-SNAPSHOT/hdds-container-service-1.4.0-SNAPSHOT.jar!/webapps/hddsDatanode}
2023-12-05 10:05:34,555 [main] INFO  server.AbstractConnector (AbstractConnector.java:doStart(333)) - Started ServerConnector@af644de{HTTP/1.1, (http/1.1)}{0.0.0.0:15149}
2023-12-05 10:05:34,555 [main] INFO  server.Server (Server.java:doStart(415)) - Started @75219ms
2023-12-05 10:05:34,555 [main] WARN  impl.MetricsSystemImpl (MetricsSystemImpl.java:register(279)) - Sink prometheus already exists!
2023-12-05 10:05:34,556 [main] INFO  http.BaseHttpServer (BaseHttpServer.java:updateConnectorAddress(354)) - HTTP server of hddsDatanode listening at http://0.0.0.0:15149
2023-12-05 10:05:34,556 [main] INFO  ipc.CallQueueManager (CallQueueManager.java:<init>(90)) - Using callQueue: class java.util.concurrent.LinkedBlockingQueue, queueCapacity: 100, scheduler: class org.apache.hadoop.ipc.DefaultRpcScheduler, ipcBackoff: false.
2023-12-05 10:05:34,556 [main] INFO  ipc.Server (Server.java:<init>(1287)) - Listener at 0.0.0.0:15150
2023-12-05 10:05:34,556 [Socket Reader #1 for port 15150] INFO  ipc.Server (Server.java:run(1323)) - Starting Socket Reader #1 for port 15150
2023-12-05 10:05:34,558 [main] INFO  ozone.HddsDatanodeService (HddsDatanodeService.java:start(324)) - Datanode start with admins: [runner]
2023-12-05 10:05:34,558 [main] INFO  ozone.HddsDatanodeClientProtocolServer (HddsDatanodeClientProtocolServer.java:start(72)) - RPC server for Client /0.0.0.0:15150
2023-12-05 10:05:34,558 [IPC Server Responder] INFO  ipc.Server (Server.java:run(1562)) - IPC Server Responder: starting
2023-12-05 10:05:34,558 [IPC Server listener on 15150] INFO  ipc.Server (Server.java:run(1402)) - IPC Server listener on 15150: starting
2023-12-05 10:05:34,559 [91a75bad-db25-440f-8a5d-0b0b19abc853-DatanodeStateMachineDaemonThread] INFO  statemachine.DatanodeStateMachine (DatanodeStateMachine.java:lambda$startDaemon$1(555)) - Ozone container server started.
2023-12-05 10:05:34,559 [main] WARN  dropwizard3.Dm3MetricRegistriesImpl (Dm3MetricRegistriesImpl.java:addReporterRegistration(113)) - New reporters are added after registries were created. Some metrics will be missing from the reporter. Please add reporter before adding any new registry.
2023-12-05 10:05:34,560 [main] WARN  dropwizard3.Dm3MetricRegistriesImpl (Dm3MetricRegistriesImpl.java:addReporterRegistration(113)) - New reporters are added after registries were created. Some metrics will be missing from the reporter. Please add reporter before adding any new registry.
2023-12-05 10:05:34,560 [main] INFO  impl.MetricsSystemImpl (MetricsSystemImpl.java:init(158)) - HddsDatanode metrics system started (again)
2023-12-05 10:05:34,567 [91a75bad-db25-440f-8a5d-0b0b19abc853-DatanodeStateMachineTaskThread-0] INFO  datanode.InitDatanodeState (InitDatanodeState.java:persistContainerDatanodeDetails(139)) - DatanodeDetails is persisted to /home/runner/work/ozone/ozone/hadoop-ozone/integration-test/target/test-dir/MiniOzoneClusterImpl-2d7daef6-be11-494e-bdf1-1c9d25d68037/datanode-0/meta/datanode.id
2023-12-05 10:05:34,569 [main] INFO  ozone.HddsDatanodeService (HddsDatanodeService.java:start(239)) - HddsDatanodeService host:fv-az884-53.nlrrjjsaionubk4jys1hz1dhmg.bx.internal.cloudapp.net ip:10.1.0.7
2023-12-05 10:05:34,584 [main] INFO  upgrade.AbstractLayoutVersionManager (AbstractLayoutVersionManager.java:init(83)) - Initializing Layout version manager with metadata layout = HADOOP_PRC_PORTS_IN_DATANODEDETAILS (version = 7), software layout = HADOOP_PRC_PORTS_IN_DATANODEDETAILS (version = 7)
2023-12-05 10:05:34,585 [main] INFO  statemachine.DatanodeStateMachine (DatanodeStateMachine.java:getEndPointTaskThreadPoolSize(299)) - Datanode State Machine Task Thread Pool size 2
2023-12-05 10:05:34,589 [main] INFO  volume.HddsVolume (HddsVolume.java:<init>(126)) - Creating HddsVolume: /home/runner/work/ozone/ozone/hadoop-ozone/integration-test/target/test-dir/MiniOzoneClusterImpl-2d7daef6-be11-494e-bdf1-1c9d25d68037/datanode-1/data-0/containers/hdds of storage type : DISK capacity : 9223372036854775807
2023-12-05 10:05:34,589 [main] INFO  volume.MutableVolumeSet (MutableVolumeSet.java:initializeVolumeSet(173)) - Added Volume : /home/runner/work/ozone/ozone/hadoop-ozone/integration-test/target/test-dir/MiniOzoneClusterImpl-2d7daef6-be11-494e-bdf1-1c9d25d68037/datanode-1/data-0/containers/hdds to VolumeSet
2023-12-05 10:05:34,589 [main] INFO  volume.MutableVolumeSet (MutableVolumeSet.java:initializeVolumeSet(173)) - Added Volume : /home/runner/work/ozone/ozone/hadoop-ozone/integration-test/target/test-dir/MiniOzoneClusterImpl-2d7daef6-be11-494e-bdf1-1c9d25d68037/datanode-1/data/ratis to VolumeSet
2023-12-05 10:05:34,590 [main] INFO  ozoneimpl.OzoneContainer (HddsVolumeUtil.java:loadAllHddsVolumeDbStore(103)) - Load 1 volumes DbStore cost: 0ms
2023-12-05 10:05:34,590 [e173000e-ec0a-44a3-afc0-889131a99fbf-ContainerReader-0] INFO  ozoneimpl.ContainerReader (ContainerReader.java:readVolume(177)) - Finish verifying containers on volume /home/runner/work/ozone/ozone/hadoop-ozone/integration-test/target/test-dir/MiniOzoneClusterImpl-2d7daef6-be11-494e-bdf1-1c9d25d68037/datanode-1/data-0/containers/hdds
2023-12-05 10:05:34,590 [main] INFO  ozoneimpl.OzoneContainer (OzoneContainer.java:buildContainerSet(326)) - Build ContainerSet costs 0s
2023-12-05 10:05:34,592 [main] INFO  server.RaftServer (ConfUtils.java:logGet(46)) - raft.rpc.type = GRPC (default)
2023-12-05 10:05:34,592 [main] INFO  grpc.GrpcConfigKeys (ConfUtils.java:logFallback(53)) - raft.grpc.admin.host = null (fallback to raft.grpc.server.host)
2023-12-05 10:05:34,592 [main] INFO  grpc.GrpcConfigKeys (ConfUtils.java:logGet(46)) - raft.grpc.admin.port = 15162 (custom)
2023-12-05 10:05:34,593 [main] INFO  grpc.GrpcConfigKeys (ConfUtils.java:logFallback(53)) - raft.grpc.client.host = null (fallback to raft.grpc.server.host)
2023-12-05 10:05:34,593 [main] INFO  grpc.GrpcConfigKeys (ConfUtils.java:logGet(46)) - raft.grpc.client.port = 15161 (custom)
2023-12-05 10:05:34,593 [main] INFO  grpc.GrpcConfigKeys (ConfUtils.java:logGet(46)) - raft.grpc.server.host = null (default)
2023-12-05 10:05:34,593 [main] INFO  grpc.GrpcConfigKeys (ConfUtils.java:logGet(46)) - raft.grpc.server.port = 15163 (custom)
2023-12-05 10:05:34,593 [main] INFO  server.GrpcService (ConfUtils.java:logGet(46)) - raft.grpc.message.size.max = 32MB (=33554432) (custom)
2023-12-05 10:05:34,594 [main] INFO  server.RaftServerConfigKeys (ConfUtils.java:logGet(46)) - raft.server.log.appender.buffer.byte-limit = 8388608 (custom)
2023-12-05 10:05:34,594 [main] INFO  server.GrpcService (ConfUtils.java:logGet(46)) - raft.grpc.flow.control.window = 5MB (=5242880) (custom)
2023-12-05 10:05:34,594 [main] INFO  server.RaftServerConfigKeys (ConfUtils.java:logGet(46)) - raft.server.rpc.request.timeout = 60s (custom)
2023-12-05 10:05:34,594 [main] INFO  grpc.GrpcConfigKeys (ConfUtils.java:logGet(46)) - raft.grpc.server.heartbeat.channel = true (default)
2023-12-05 10:05:34,594 [main] INFO  grpc.GrpcConfigKeys (ConfUtils.java:logGet(46)) - raft.grpc.server.async.request.thread.pool.cached = true (default)
2023-12-05 10:05:34,595 [main] INFO  grpc.GrpcConfigKeys (ConfUtils.java:logGet(46)) - raft.grpc.server.async.request.thread.pool.size = 32 (default)
2023-12-05 10:05:34,597 [main] INFO  impl.DataStreamServerImpl (ConfUtils.java:logGet(46)) - raft.datastream.type = NETTY (custom)
2023-12-05 10:05:34,597 [main] INFO  server.RaftServerConfigKeys (ConfUtils.java:logGet(46)) - raft.server.data-stream.async.request.thread.pool.cached = false (default)
2023-12-05 10:05:34,597 [main] INFO  server.RaftServerConfigKeys (ConfUtils.java:logGet(46)) - raft.server.data-stream.async.request.thread.pool.size = 20 (custom)
2023-12-05 10:05:34,598 [main] INFO  server.RaftServerConfigKeys (ConfUtils.java:logGet(46)) - raft.server.data-stream.async.write.thread.pool.size = 16 (default)
2023-12-05 10:05:34,598 [main] INFO  netty.NettyConfigKeys$DataStream (ConfUtils.java:logGet(46)) - raft.netty.dataStream.server.channel.inactive.grace-period = 10min (default)
2023-12-05 10:05:34,598 [main] INFO  server.RaftServerConfigKeys (ConfUtils.java:logGet(46)) - raft.server.data-stream.client.pool.size = 10 (default)
2023-12-05 10:05:34,598 [main] INFO  netty.NettyConfigKeys$DataStream (ConfUtils.java:logGet(46)) - raft.netty.dataStream.server.use-epoll = true (default)
2023-12-05 10:05:34,598 [main] INFO  netty.NettyConfigKeys$DataStream (ConfUtils.java:logGet(46)) - raft.netty.dataStream.server.boss-group.size = 0 (default)
2023-12-05 10:05:34,599 [main] INFO  netty.NettyUtils (NettyUtils.java:newEventLoopGroup(69)) - Create EpollEventLoopGroup for e173000e-ec0a-44a3-afc0-889131a99fbf-NettyServerStreamRpc-bossGroup; Thread size is 0.
2023-12-05 10:05:34,599 [main] INFO  netty.NettyConfigKeys$DataStream (ConfUtils.java:logGet(46)) - raft.netty.dataStream.server.worker-group.size = 0 (default)
2023-12-05 10:05:34,599 [main] INFO  netty.NettyUtils (NettyUtils.java:newEventLoopGroup(69)) - Create EpollEventLoopGroup for e173000e-ec0a-44a3-afc0-889131a99fbf-NettyServerStreamRpc-workerGroup; Thread size is 0.
2023-12-05 10:05:34,600 [main] INFO  netty.NettyConfigKeys$DataStream (ConfUtils.java:logGet(46)) - raft.netty.dataStream.server.tls.conf = null (default)
2023-12-05 10:05:34,600 [main] INFO  netty.NettyConfigKeys$DataStream (ConfUtils.java:logGet(46)) - raft.netty.dataStream.host = null (default)
2023-12-05 10:05:34,600 [main] INFO  netty.NettyConfigKeys$DataStream (ConfUtils.java:logGet(46)) - raft.netty.dataStream.port = 15164 (custom)
2023-12-05 10:05:34,600 [main] INFO  server.RaftServerConfigKeys (ConfUtils.java:logGet(46)) - raft.server.sleep.deviation.threshold = 300ms (default)
2023-12-05 10:05:34,601 [main] INFO  server.RaftServerConfigKeys (ConfUtils.java:logGet(46)) - raft.server.close.threshold = 60s (default)
2023-12-05 10:05:34,601 [main] INFO  server.RaftServerConfigKeys (ConfUtils.java:logGet(46)) - raft.server.leaderelection.leader.step-down.wait-time = 10s (default)
2023-12-05 10:05:34,601 [e173000e-ec0a-44a3-afc0-889131a99fbf-NettyServerStreamRpc-bossGroup--thread1] INFO  logging.LoggingHandler (AbstractInternalLogger.java:log(148)) - [id: 0x9b428058] REGISTERED
2023-12-05 10:05:34,601 [main] INFO  server.RaftServerConfigKeys (ConfUtils.java:logGet(46)) - raft.server.storage.dir = [/home/runner/work/ozone/ozone/hadoop-ozone/integration-test/target/test-dir/MiniOzoneClusterImpl-2d7daef6-be11-494e-bdf1-1c9d25d68037/datanode-1/data/ratis] (custom)
2023-12-05 10:05:34,601 [e173000e-ec0a-44a3-afc0-889131a99fbf-NettyServerStreamRpc-bossGroup--thread1] INFO  logging.LoggingHandler (AbstractInternalLogger.java:log(148)) - [id: 0x9b428058] BIND: 0.0.0.0/0.0.0.0:15164
2023-12-05 10:05:34,601 [main] INFO  server.RaftServerConfigKeys (ConfUtils.java:logGet(46)) - raft.server.threadpool.proxy.cached = true (default)
2023-12-05 10:05:34,602 [main] INFO  server.RaftServerConfigKeys (ConfUtils.java:logGet(46)) - raft.server.threadpool.proxy.size = 0 (default)
2023-12-05 10:05:34,601 [e173000e-ec0a-44a3-afc0-889131a99fbf-NettyServerStreamRpc-bossGroup--thread1] INFO  logging.LoggingHandler (AbstractInternalLogger.java:log(148)) - [id: 0x9b428058, L:/0.0.0.0:15164] ACTIVE
2023-12-05 10:05:34,602 [e173000e-ec0a-44a3-afc0-889131a99fbf-impl-thread1] INFO  server.RaftServer (RaftServerProxy.java:initGroupDir(264)) - e173000e-ec0a-44a3-afc0-889131a99fbf: found a subdirectory /home/runner/work/ozone/ozone/hadoop-ozone/integration-test/target/test-dir/MiniOzoneClusterImpl-2d7daef6-be11-494e-bdf1-1c9d25d68037/datanode-1/data/ratis/tmp
2023-12-05 10:05:34,602 [e173000e-ec0a-44a3-afc0-889131a99fbf-impl-thread1] INFO  server.RaftServer (RaftServerProxy.java:initGroupDir(269)) - e173000e-ec0a-44a3-afc0-889131a99fbf: The directory /home/runner/work/ozone/ozone/hadoop-ozone/integration-test/target/test-dir/MiniOzoneClusterImpl-2d7daef6-be11-494e-bdf1-1c9d25d68037/datanode-1/data/ratis/tmp is not a group directory; ignoring it. 
2023-12-05 10:05:34,602 [main] INFO  replication.ReplicationServer (ReplicationServer.java:<init>(85)) - Initializing replication server with thread count = 10 queue length = 4096
2023-12-05 10:05:34,603 [main] INFO  server.XceiverServerGrpc (XceiverServerGrpc.java:<init>(141)) - GrpcServer channel type EpollServerSocketChannel
2023-12-05 10:05:34,605 [main] INFO  replication.ReplicationSupervisor (ReplicationSupervisor.java:build(163)) - Initializing replication supervisor with thread count = 10
2023-12-05 10:05:34,605 [main] INFO  replication.ReplicationSupervisor (ReplicationSupervisor.java:nodeStateUpdated(317)) - Node state updated to IN_SERVICE, scaling executor pool size to 10
2023-12-05 10:05:34,607 [main] INFO  http.BaseHttpServer (BaseHttpServer.java:newHttpServer2BuilderForOzone(223)) - Starting Web-server for hddsDatanode at: http://0.0.0.0:15158
2023-12-05 10:05:34,607 [main] INFO  http.BaseHttpServer (BaseHttpServer.java:<init>(110)) - Hadoop Security Enabled: false Ozone Security Enabled: false Ozone HTTP Security Enabled: false 
2023-12-05 10:05:34,608 [main] WARN  server.AuthenticationFilter (AuthenticationFilter.java:constructSecretProvider(240)) - Unable to initialize FileSignerSecretProvider, falling back to use random secrets. Reason: Could not read signature secret file: /home/runner/hadoop-http-auth-signature-secret
2023-12-05 10:05:34,609 [main] INFO  http.HttpRequestLog (HttpRequestLog.java:getRequestLog(86)) - Http request log for http.requests.hddsDatanode is not defined
2023-12-05 10:05:34,610 [main] INFO  http.HttpServer2 (HttpServer2.java:addGlobalFilter(1031)) - Added global filter 'safety' (class=org.apache.hadoop.hdds.server.http.HttpServer2$QuotingInputFilter)
2023-12-05 10:05:34,610 [main] INFO  http.HttpServer2 (HttpServer2.java:addFilter(1007)) - Added filter static_user_filter (class=org.apache.hadoop.http.lib.StaticUserWebFilter$StaticUserFilter) to context hddsDatanode
2023-12-05 10:05:34,610 [main] INFO  http.HttpServer2 (HttpServer2.java:addFilter(1015)) - Added filter static_user_filter (class=org.apache.hadoop.http.lib.StaticUserWebFilter$StaticUserFilter) to context static
2023-12-05 10:05:34,610 [main] INFO  http.HttpServer2 (HttpServer2.java:addFilter(1015)) - Added filter static_user_filter (class=org.apache.hadoop.http.lib.StaticUserWebFilter$StaticUserFilter) to context logs
2023-12-05 10:05:34,611 [main] INFO  http.BaseHttpServer (BaseHttpServer.java:<init>(189)) - HTTP server of hddsDatanode uses base directory /home/runner/work/ozone/ozone/hadoop-ozone/integration-test/target/test-dir/MiniOzoneClusterImpl-2d7daef6-be11-494e-bdf1-1c9d25d68037/datanode-1/meta/webserver
2023-12-05 10:05:34,611 [main] INFO  http.HttpServer2 (HttpServer2.java:bindListener(1231)) - Jetty bound to port 15158
2023-12-05 10:05:34,611 [main] INFO  server.Server (Server.java:doStart(375)) - jetty-9.4.53.v20231009; built: 2023-10-09T12:29:09.265Z; git: 27bde00a0b95a1d5bbee0eae7984f891d2d0f8c9; jvm 1.8.0_392-b08
2023-12-05 10:05:34,624 [main] INFO  server.session (DefaultSessionIdManager.java:doStart(334)) - DefaultSessionIdManager workerName=node0
2023-12-05 10:05:34,624 [main] INFO  server.session (DefaultSessionIdManager.java:doStart(339)) - No SessionScavenger set, using defaults
2023-12-05 10:05:34,624 [main] INFO  server.session (HouseKeeper.java:startScavenging(132)) - node0 Scavenging every 660000ms
2023-12-05 10:05:34,625 [main] INFO  handler.ContextHandler (ContextHandler.java:doStart(921)) - Started o.e.j.s.ServletContextHandler@1c2a359{logs,/logs,file:///home/runner/work/ozone/ozone/hadoop-ozone/integration-test/target/log,AVAILABLE}
2023-12-05 10:05:34,625 [main] INFO  handler.ContextHandler (ContextHandler.java:doStart(921)) - Started o.e.j.s.ServletContextHandler@67c784a6{static,/static,jar:file:/home/runner/.m2/repository/org/apache/ozone/hdds-container-service/1.4.0-SNAPSHOT/hdds-container-service-1.4.0-SNAPSHOT.jar!/webapps/static,AVAILABLE}
2023-12-05 10:05:34,657 [main] INFO  handler.ContextHandler (ContextHandler.java:doStart(921)) - Started o.e.j.w.WebAppContext@69587ec9{hddsDatanode,/,file:///home/runner/work/ozone/ozone/hadoop-ozone/integration-test/target/test-dir/MiniOzoneClusterImpl-2d7daef6-be11-494e-bdf1-1c9d25d68037/datanode-1/meta/webserver/jetty-0_0_0_0-15158-hdds-container-service-1_4_0-SNAPSHOT_jar-_-any-672335164396966582/webapp/,AVAILABLE}{jar:file:/home/runner/.m2/repository/org/apache/ozone/hdds-container-service/1.4.0-SNAPSHOT/hdds-container-service-1.4.0-SNAPSHOT.jar!/webapps/hddsDatanode}
2023-12-05 10:05:34,658 [main] INFO  server.AbstractConnector (AbstractConnector.java:doStart(333)) - Started ServerConnector@32c598fa{HTTP/1.1, (http/1.1)}{0.0.0.0:15158}
2023-12-05 10:05:34,658 [main] INFO  server.Server (Server.java:doStart(415)) - Started @75322ms
2023-12-05 10:05:34,658 [main] WARN  impl.MetricsSystemImpl (MetricsSystemImpl.java:register(279)) - Sink prometheus already exists!
2023-12-05 10:05:34,659 [main] INFO  http.BaseHttpServer (BaseHttpServer.java:updateConnectorAddress(354)) - HTTP server of hddsDatanode listening at http://0.0.0.0:15158
2023-12-05 10:05:34,659 [main] INFO  ipc.CallQueueManager (CallQueueManager.java:<init>(90)) - Using callQueue: class java.util.concurrent.LinkedBlockingQueue, queueCapacity: 100, scheduler: class org.apache.hadoop.ipc.DefaultRpcScheduler, ipcBackoff: false.
2023-12-05 10:05:34,659 [main] INFO  ipc.Server (Server.java:<init>(1287)) - Listener at 0.0.0.0:15159
2023-12-05 10:05:34,659 [Socket Reader #1 for port 15159] INFO  ipc.Server (Server.java:run(1323)) - Starting Socket Reader #1 for port 15159
2023-12-05 10:05:34,661 [main] INFO  ozone.HddsDatanodeService (HddsDatanodeService.java:start(324)) - Datanode start with admins: [runner]
2023-12-05 10:05:34,661 [main] INFO  ozone.HddsDatanodeClientProtocolServer (HddsDatanodeClientProtocolServer.java:start(72)) - RPC server for Client /0.0.0.0:15159
2023-12-05 10:05:34,662 [IPC Server Responder] INFO  ipc.Server (Server.java:run(1562)) - IPC Server Responder: starting
2023-12-05 10:05:34,664 [IPC Server listener on 15159] INFO  ipc.Server (Server.java:run(1402)) - IPC Server listener on 15159: starting
2023-12-05 10:05:34,666 [e173000e-ec0a-44a3-afc0-889131a99fbf-DatanodeStateMachineDaemonThread] INFO  statemachine.DatanodeStateMachine (DatanodeStateMachine.java:lambda$startDaemon$1(555)) - Ozone container server started.
2023-12-05 10:05:34,666 [main] WARN  dropwizard3.Dm3MetricRegistriesImpl (Dm3MetricRegistriesImpl.java:addReporterRegistration(113)) - New reporters are added after registries were created. Some metrics will be missing from the reporter. Please add reporter before adding any new registry.
2023-12-05 10:05:34,666 [main] WARN  dropwizard3.Dm3MetricRegistriesImpl (Dm3MetricRegistriesImpl.java:addReporterRegistration(113)) - New reporters are added after registries were created. Some metrics will be missing from the reporter. Please add reporter before adding any new registry.
2023-12-05 10:05:34,667 [main] INFO  impl.MetricsSystemImpl (MetricsSystemImpl.java:init(158)) - HddsDatanode metrics system started (again)
2023-12-05 10:05:34,674 [e173000e-ec0a-44a3-afc0-889131a99fbf-DatanodeStateMachineTaskThread-0] INFO  datanode.InitDatanodeState (InitDatanodeState.java:persistContainerDatanodeDetails(139)) - DatanodeDetails is persisted to /home/runner/work/ozone/ozone/hadoop-ozone/integration-test/target/test-dir/MiniOzoneClusterImpl-2d7daef6-be11-494e-bdf1-1c9d25d68037/datanode-1/meta/datanode.id
2023-12-05 10:05:34,679 [main] INFO  ozone.HddsDatanodeService (HddsDatanodeService.java:start(239)) - HddsDatanodeService host:fv-az884-53.nlrrjjsaionubk4jys1hz1dhmg.bx.internal.cloudapp.net ip:10.1.0.7
2023-12-05 10:05:34,694 [main] INFO  upgrade.AbstractLayoutVersionManager (AbstractLayoutVersionManager.java:init(83)) - Initializing Layout version manager with metadata layout = HADOOP_PRC_PORTS_IN_DATANODEDETAILS (version = 7), software layout = HADOOP_PRC_PORTS_IN_DATANODEDETAILS (version = 7)
2023-12-05 10:05:34,694 [main] INFO  statemachine.DatanodeStateMachine (DatanodeStateMachine.java:getEndPointTaskThreadPoolSize(299)) - Datanode State Machine Task Thread Pool size 2
2023-12-05 10:05:34,696 [main] INFO  volume.HddsVolume (HddsVolume.java:<init>(126)) - Creating HddsVolume: /home/runner/work/ozone/ozone/hadoop-ozone/integration-test/target/test-dir/MiniOzoneClusterImpl-2d7daef6-be11-494e-bdf1-1c9d25d68037/datanode-2/data-0/containers/hdds of storage type : DISK capacity : 9223372036854775807
2023-12-05 10:05:34,696 [main] INFO  volume.MutableVolumeSet (MutableVolumeSet.java:initializeVolumeSet(173)) - Added Volume : /home/runner/work/ozone/ozone/hadoop-ozone/integration-test/target/test-dir/MiniOzoneClusterImpl-2d7daef6-be11-494e-bdf1-1c9d25d68037/datanode-2/data-0/containers/hdds to VolumeSet
2023-12-05 10:05:34,698 [main] INFO  volume.MutableVolumeSet (MutableVolumeSet.java:initializeVolumeSet(173)) - Added Volume : /home/runner/work/ozone/ozone/hadoop-ozone/integration-test/target/test-dir/MiniOzoneClusterImpl-2d7daef6-be11-494e-bdf1-1c9d25d68037/datanode-2/data/ratis to VolumeSet
2023-12-05 10:05:34,698 [main] INFO  ozoneimpl.OzoneContainer (HddsVolumeUtil.java:loadAllHddsVolumeDbStore(103)) - Load 1 volumes DbStore cost: 0ms
2023-12-05 10:05:34,698 [51001832-6223-4e01-9f82-66e4e6dc013b-ContainerReader-0] INFO  ozoneimpl.ContainerReader (ContainerReader.java:readVolume(177)) - Finish verifying containers on volume /home/runner/work/ozone/ozone/hadoop-ozone/integration-test/target/test-dir/MiniOzoneClusterImpl-2d7daef6-be11-494e-bdf1-1c9d25d68037/datanode-2/data-0/containers/hdds
2023-12-05 10:05:34,698 [main] INFO  ozoneimpl.OzoneContainer (OzoneContainer.java:buildContainerSet(326)) - Build ContainerSet costs 0s
2023-12-05 10:05:34,701 [main] INFO  server.RaftServer (ConfUtils.java:logGet(46)) - raft.rpc.type = GRPC (default)
2023-12-05 10:05:34,701 [main] INFO  grpc.GrpcConfigKeys (ConfUtils.java:logFallback(53)) - raft.grpc.admin.host = null (fallback to raft.grpc.server.host)
2023-12-05 10:05:34,701 [main] INFO  grpc.GrpcConfigKeys (ConfUtils.java:logGet(46)) - raft.grpc.admin.port = 15171 (custom)
2023-12-05 10:05:34,701 [main] INFO  grpc.GrpcConfigKeys (ConfUtils.java:logFallback(53)) - raft.grpc.client.host = null (fallback to raft.grpc.server.host)
2023-12-05 10:05:34,701 [main] INFO  grpc.GrpcConfigKeys (ConfUtils.java:logGet(46)) - raft.grpc.client.port = 15170 (custom)
2023-12-05 10:05:34,701 [main] INFO  grpc.GrpcConfigKeys (ConfUtils.java:logGet(46)) - raft.grpc.server.host = null (default)
2023-12-05 10:05:34,702 [main] INFO  grpc.GrpcConfigKeys (ConfUtils.java:logGet(46)) - raft.grpc.server.port = 15172 (custom)
2023-12-05 10:05:34,702 [main] INFO  server.GrpcService (ConfUtils.java:logGet(46)) - raft.grpc.message.size.max = 32MB (=33554432) (custom)
2023-12-05 10:05:34,702 [main] INFO  server.RaftServerConfigKeys (ConfUtils.java:logGet(46)) - raft.server.log.appender.buffer.byte-limit = 8388608 (custom)
2023-12-05 10:05:34,702 [main] INFO  server.GrpcService (ConfUtils.java:logGet(46)) - raft.grpc.flow.control.window = 5MB (=5242880) (custom)
2023-12-05 10:05:34,702 [main] INFO  server.RaftServerConfigKeys (ConfUtils.java:logGet(46)) - raft.server.rpc.request.timeout = 60s (custom)
2023-12-05 10:05:34,702 [main] INFO  grpc.GrpcConfigKeys (ConfUtils.java:logGet(46)) - raft.grpc.server.heartbeat.channel = true (default)
2023-12-05 10:05:34,702 [main] INFO  grpc.GrpcConfigKeys (ConfUtils.java:logGet(46)) - raft.grpc.server.async.request.thread.pool.cached = true (default)
2023-12-05 10:05:34,702 [main] INFO  grpc.GrpcConfigKeys (ConfUtils.java:logGet(46)) - raft.grpc.server.async.request.thread.pool.size = 32 (default)
2023-12-05 10:05:34,704 [main] INFO  impl.DataStreamServerImpl (ConfUtils.java:logGet(46)) - raft.datastream.type = NETTY (custom)
2023-12-05 10:05:34,704 [main] INFO  server.RaftServerConfigKeys (ConfUtils.java:logGet(46)) - raft.server.data-stream.async.request.thread.pool.cached = false (default)
2023-12-05 10:05:34,704 [main] INFO  server.RaftServerConfigKeys (ConfUtils.java:logGet(46)) - raft.server.data-stream.async.request.thread.pool.size = 20 (custom)
2023-12-05 10:05:34,704 [main] INFO  server.RaftServerConfigKeys (ConfUtils.java:logGet(46)) - raft.server.data-stream.async.write.thread.pool.size = 16 (default)
2023-12-05 10:05:34,705 [main] INFO  netty.NettyConfigKeys$DataStream (ConfUtils.java:logGet(46)) - raft.netty.dataStream.server.channel.inactive.grace-period = 10min (default)
2023-12-05 10:05:34,705 [main] INFO  server.RaftServerConfigKeys (ConfUtils.java:logGet(46)) - raft.server.data-stream.client.pool.size = 10 (default)
2023-12-05 10:05:34,705 [main] INFO  netty.NettyConfigKeys$DataStream (ConfUtils.java:logGet(46)) - raft.netty.dataStream.server.use-epoll = true (default)
2023-12-05 10:05:34,705 [main] INFO  netty.NettyConfigKeys$DataStream (ConfUtils.java:logGet(46)) - raft.netty.dataStream.server.boss-group.size = 0 (default)
2023-12-05 10:05:34,705 [main] INFO  netty.NettyUtils (NettyUtils.java:newEventLoopGroup(69)) - Create EpollEventLoopGroup for 51001832-6223-4e01-9f82-66e4e6dc013b-NettyServerStreamRpc-bossGroup; Thread size is 0.
2023-12-05 10:05:34,705 [main] INFO  netty.NettyConfigKeys$DataStream (ConfUtils.java:logGet(46)) - raft.netty.dataStream.server.worker-group.size = 0 (default)
2023-12-05 10:05:34,705 [main] INFO  netty.NettyUtils (NettyUtils.java:newEventLoopGroup(69)) - Create EpollEventLoopGroup for 51001832-6223-4e01-9f82-66e4e6dc013b-NettyServerStreamRpc-workerGroup; Thread size is 0.
2023-12-05 10:05:34,705 [main] INFO  netty.NettyConfigKeys$DataStream (ConfUtils.java:logGet(46)) - raft.netty.dataStream.server.tls.conf = null (default)
2023-12-05 10:05:34,706 [main] INFO  netty.NettyConfigKeys$DataStream (ConfUtils.java:logGet(46)) - raft.netty.dataStream.host = null (default)
2023-12-05 10:05:34,706 [main] INFO  netty.NettyConfigKeys$DataStream (ConfUtils.java:logGet(46)) - raft.netty.dataStream.port = 15173 (custom)
2023-12-05 10:05:34,706 [main] INFO  server.RaftServerConfigKeys (ConfUtils.java:logGet(46)) - raft.server.sleep.deviation.threshold = 300ms (default)
2023-12-05 10:05:34,706 [main] INFO  server.RaftServerConfigKeys (ConfUtils.java:logGet(46)) - raft.server.close.threshold = 60s (default)
2023-12-05 10:05:34,706 [main] INFO  server.RaftServerConfigKeys (ConfUtils.java:logGet(46)) - raft.server.leaderelection.leader.step-down.wait-time = 10s (default)
2023-12-05 10:05:34,706 [51001832-6223-4e01-9f82-66e4e6dc013b-NettyServerStreamRpc-bossGroup--thread1] INFO  logging.LoggingHandler (AbstractInternalLogger.java:log(148)) - [id: 0xfbcbac48] REGISTERED
2023-12-05 10:05:34,706 [main] INFO  server.RaftServerConfigKeys (ConfUtils.java:logGet(46)) - raft.server.storage.dir = [/home/runner/work/ozone/ozone/hadoop-ozone/integration-test/target/test-dir/MiniOzoneClusterImpl-2d7daef6-be11-494e-bdf1-1c9d25d68037/datanode-2/data/ratis] (custom)
2023-12-05 10:05:34,707 [main] INFO  server.RaftServerConfigKeys (ConfUtils.java:logGet(46)) - raft.server.threadpool.proxy.cached = true (default)
2023-12-05 10:05:34,707 [main] INFO  server.RaftServerConfigKeys (ConfUtils.java:logGet(46)) - raft.server.threadpool.proxy.size = 0 (default)
2023-12-05 10:05:34,706 [51001832-6223-4e01-9f82-66e4e6dc013b-NettyServerStreamRpc-bossGroup--thread1] INFO  logging.LoggingHandler (AbstractInternalLogger.java:log(148)) - [id: 0xfbcbac48] BIND: 0.0.0.0/0.0.0.0:15173
2023-12-05 10:05:34,707 [51001832-6223-4e01-9f82-66e4e6dc013b-NettyServerStreamRpc-bossGroup--thread1] INFO  logging.LoggingHandler (AbstractInternalLogger.java:log(148)) - [id: 0xfbcbac48, L:/0.0.0.0:15173] ACTIVE
2023-12-05 10:05:34,707 [51001832-6223-4e01-9f82-66e4e6dc013b-impl-thread1] INFO  server.RaftServer (RaftServerProxy.java:initGroupDir(264)) - 51001832-6223-4e01-9f82-66e4e6dc013b: found a subdirectory /home/runner/work/ozone/ozone/hadoop-ozone/integration-test/target/test-dir/MiniOzoneClusterImpl-2d7daef6-be11-494e-bdf1-1c9d25d68037/datanode-2/data/ratis/tmp
2023-12-05 10:05:34,707 [51001832-6223-4e01-9f82-66e4e6dc013b-impl-thread1] INFO  server.RaftServer (RaftServerProxy.java:initGroupDir(269)) - 51001832-6223-4e01-9f82-66e4e6dc013b: The directory /home/runner/work/ozone/ozone/hadoop-ozone/integration-test/target/test-dir/MiniOzoneClusterImpl-2d7daef6-be11-494e-bdf1-1c9d25d68037/datanode-2/data/ratis/tmp is not a group directory; ignoring it. 
2023-12-05 10:05:34,707 [main] INFO  replication.ReplicationServer (ReplicationServer.java:<init>(85)) - Initializing replication server with thread count = 10 queue length = 4096
2023-12-05 10:05:34,708 [main] INFO  server.XceiverServerGrpc (XceiverServerGrpc.java:<init>(141)) - GrpcServer channel type EpollServerSocketChannel
2023-12-05 10:05:34,709 [main] INFO  replication.ReplicationSupervisor (ReplicationSupervisor.java:build(163)) - Initializing replication supervisor with thread count = 10
2023-12-05 10:05:34,709 [main] INFO  replication.ReplicationSupervisor (ReplicationSupervisor.java:nodeStateUpdated(317)) - Node state updated to IN_SERVICE, scaling executor pool size to 10
2023-12-05 10:05:34,711 [main] INFO  http.BaseHttpServer (BaseHttpServer.java:newHttpServer2BuilderForOzone(223)) - Starting Web-server for hddsDatanode at: http://0.0.0.0:15167
2023-12-05 10:05:34,711 [main] INFO  http.BaseHttpServer (BaseHttpServer.java:<init>(110)) - Hadoop Security Enabled: false Ozone Security Enabled: false Ozone HTTP Security Enabled: false 
2023-12-05 10:05:34,712 [main] WARN  server.AuthenticationFilter (AuthenticationFilter.java:constructSecretProvider(240)) - Unable to initialize FileSignerSecretProvider, falling back to use random secrets. Reason: Could not read signature secret file: /home/runner/hadoop-http-auth-signature-secret
2023-12-05 10:05:34,713 [main] INFO  http.HttpRequestLog (HttpRequestLog.java:getRequestLog(86)) - Http request log for http.requests.hddsDatanode is not defined
2023-12-05 10:05:34,714 [main] INFO  http.HttpServer2 (HttpServer2.java:addGlobalFilter(1031)) - Added global filter 'safety' (class=org.apache.hadoop.hdds.server.http.HttpServer2$QuotingInputFilter)
2023-12-05 10:05:34,714 [main] INFO  http.HttpServer2 (HttpServer2.java:addFilter(1007)) - Added filter static_user_filter (class=org.apache.hadoop.http.lib.StaticUserWebFilter$StaticUserFilter) to context hddsDatanode
2023-12-05 10:05:34,715 [main] INFO  http.HttpServer2 (HttpServer2.java:addFilter(1015)) - Added filter static_user_filter (class=org.apache.hadoop.http.lib.StaticUserWebFilter$StaticUserFilter) to context logs
2023-12-05 10:05:34,715 [main] INFO  http.HttpServer2 (HttpServer2.java:addFilter(1015)) - Added filter static_user_filter (class=org.apache.hadoop.http.lib.StaticUserWebFilter$StaticUserFilter) to context static
2023-12-05 10:05:34,715 [main] INFO  http.BaseHttpServer (BaseHttpServer.java:<init>(189)) - HTTP server of hddsDatanode uses base directory /home/runner/work/ozone/ozone/hadoop-ozone/integration-test/target/test-dir/MiniOzoneClusterImpl-2d7daef6-be11-494e-bdf1-1c9d25d68037/datanode-2/meta/webserver
2023-12-05 10:05:34,716 [main] INFO  http.HttpServer2 (HttpServer2.java:bindListener(1231)) - Jetty bound to port 15167
2023-12-05 10:05:34,716 [main] INFO  server.Server (Server.java:doStart(375)) - jetty-9.4.53.v20231009; built: 2023-10-09T12:29:09.265Z; git: 27bde00a0b95a1d5bbee0eae7984f891d2d0f8c9; jvm 1.8.0_392-b08
2023-12-05 10:05:34,720 [main] INFO  server.session (DefaultSessionIdManager.java:doStart(334)) - DefaultSessionIdManager workerName=node0
2023-12-05 10:05:34,720 [main] INFO  server.session (DefaultSessionIdManager.java:doStart(339)) - No SessionScavenger set, using defaults
2023-12-05 10:05:34,721 [main] INFO  server.session (HouseKeeper.java:startScavenging(132)) - node0 Scavenging every 660000ms
2023-12-05 10:05:34,721 [main] INFO  handler.ContextHandler (ContextHandler.java:doStart(921)) - Started o.e.j.s.ServletContextHandler@781111d5{logs,/logs,file:///home/runner/work/ozone/ozone/hadoop-ozone/integration-test/target/log,AVAILABLE}
2023-12-05 10:05:34,721 [main] INFO  handler.ContextHandler (ContextHandler.java:doStart(921)) - Started o.e.j.s.ServletContextHandler@2c94770{static,/static,jar:file:/home/runner/.m2/repository/org/apache/ozone/hdds-container-service/1.4.0-SNAPSHOT/hdds-container-service-1.4.0-SNAPSHOT.jar!/webapps/static,AVAILABLE}
2023-12-05 10:05:34,753 [main] INFO  handler.ContextHandler (ContextHandler.java:doStart(921)) - Started o.e.j.w.WebAppContext@47c07998{hddsDatanode,/,file:///home/runner/work/ozone/ozone/hadoop-ozone/integration-test/target/test-dir/MiniOzoneClusterImpl-2d7daef6-be11-494e-bdf1-1c9d25d68037/datanode-2/meta/webserver/jetty-0_0_0_0-15167-hdds-container-service-1_4_0-SNAPSHOT_jar-_-any-2804067931214098774/webapp/,AVAILABLE}{jar:file:/home/runner/.m2/repository/org/apache/ozone/hdds-container-service/1.4.0-SNAPSHOT/hdds-container-service-1.4.0-SNAPSHOT.jar!/webapps/hddsDatanode}
2023-12-05 10:05:34,755 [main] INFO  server.AbstractConnector (AbstractConnector.java:doStart(333)) - Started ServerConnector@5e3979b9{HTTP/1.1, (http/1.1)}{0.0.0.0:15167}
2023-12-05 10:05:34,755 [main] INFO  server.Server (Server.java:doStart(415)) - Started @75419ms
2023-12-05 10:05:34,755 [main] WARN  impl.MetricsSystemImpl (MetricsSystemImpl.java:register(279)) - Sink prometheus already exists!
2023-12-05 10:05:34,756 [main] INFO  http.BaseHttpServer (BaseHttpServer.java:updateConnectorAddress(354)) - HTTP server of hddsDatanode listening at http://0.0.0.0:15167
2023-12-05 10:05:34,756 [main] INFO  ipc.CallQueueManager (CallQueueManager.java:<init>(90)) - Using callQueue: class java.util.concurrent.LinkedBlockingQueue, queueCapacity: 100, scheduler: class org.apache.hadoop.ipc.DefaultRpcScheduler, ipcBackoff: false.
2023-12-05 10:05:34,756 [main] INFO  ipc.Server (Server.java:<init>(1287)) - Listener at 0.0.0.0:15168
2023-12-05 10:05:34,757 [Socket Reader #1 for port 15168] INFO  ipc.Server (Server.java:run(1323)) - Starting Socket Reader #1 for port 15168
2023-12-05 10:05:34,758 [main] INFO  ozone.HddsDatanodeService (HddsDatanodeService.java:start(324)) - Datanode start with admins: [runner]
2023-12-05 10:05:34,758 [main] INFO  ozone.HddsDatanodeClientProtocolServer (HddsDatanodeClientProtocolServer.java:start(72)) - RPC server for Client /0.0.0.0:15168
2023-12-05 10:05:34,758 [IPC Server Responder] INFO  ipc.Server (Server.java:run(1562)) - IPC Server Responder: starting
2023-12-05 10:05:34,759 [IPC Server listener on 15168] INFO  ipc.Server (Server.java:run(1402)) - IPC Server listener on 15168: starting
2023-12-05 10:05:34,759 [51001832-6223-4e01-9f82-66e4e6dc013b-DatanodeStateMachineDaemonThread] INFO  statemachine.DatanodeStateMachine (DatanodeStateMachine.java:lambda$startDaemon$1(555)) - Ozone container server started.
2023-12-05 10:05:34,759 [main] INFO  ozone.MiniOzoneClusterImpl (MiniOzoneClusterImpl.java:lambda$waitForClusterToBeReady$0(229)) - Waiting for nodes to be ready. Got 0 of 3 DN Heartbeats.
2023-12-05 10:05:34,760 [main] INFO  ozone.MiniOzoneClusterImpl (MiniOzoneClusterImpl.java:lambda$waitForClusterToBeReady$0(232)) - Waiting for cluster to exit safe mode
2023-12-05 10:05:34,760 [main] INFO  ozone.MiniOzoneClusterImpl (MiniOzoneClusterImpl.java:lambda$waitForClusterToBeReady$0(234)) - SCM became leader
2023-12-05 10:05:34,762 [51001832-6223-4e01-9f82-66e4e6dc013b-DatanodeStateMachineTaskThread-0] INFO  datanode.InitDatanodeState (InitDatanodeState.java:persistContainerDatanodeDetails(139)) - DatanodeDetails is persisted to /home/runner/work/ozone/ozone/hadoop-ozone/integration-test/target/test-dir/MiniOzoneClusterImpl-2d7daef6-be11-494e-bdf1-1c9d25d68037/datanode-2/meta/datanode.id
2023-12-05 10:05:35,604 [om1@group-C5BA1605619E-FollowerState] INFO  impl.FollowerState (FollowerState.java:run(143)) - om1@group-C5BA1605619E-FollowerState: change to CANDIDATE, lastRpcElapsedTime:1173436365ns, electionTimeout:1173ms
2023-12-05 10:05:35,604 [om1@group-C5BA1605619E-FollowerState] INFO  impl.RoleInfo (RoleInfo.java:shutdownFollowerState(110)) - om1: shutdown om1@group-C5BA1605619E-FollowerState
2023-12-05 10:05:35,604 [om1@group-C5BA1605619E-FollowerState] INFO  server.RaftServer$Division (RaftServerImpl.java:setRole(379)) - om1@group-C5BA1605619E: changes role from  FOLLOWER to CANDIDATE at term 0 for changeToCandidate
2023-12-05 10:05:35,604 [om1@group-C5BA1605619E-FollowerState] INFO  server.RaftServerConfigKeys (ConfUtils.java:logGet(46)) - raft.server.leaderelection.pre-vote = true (default)
2023-12-05 10:05:35,604 [om1@group-C5BA1605619E-FollowerState] INFO  impl.RoleInfo (RoleInfo.java:updateAndGet(139)) - om1: start om1@group-C5BA1605619E-LeaderElection23
2023-12-05 10:05:35,605 [om1@group-C5BA1605619E-LeaderElection23] INFO  impl.LeaderElection (LeaderElection.java:askForVotes(323)) - om1@group-C5BA1605619E-LeaderElection23 PRE_VOTE round 0: submit vote requests at term 0 for -1: peers:[om1|localhost:15147]|listeners:[], old=null
2023-12-05 10:05:35,605 [om1@group-C5BA1605619E-LeaderElection23] INFO  impl.LeaderElection (LeaderElection.java:askForVotes(325)) - om1@group-C5BA1605619E-LeaderElection23 PRE_VOTE round 0: result PASSED (term=0)
2023-12-05 10:05:35,607 [om1@group-C5BA1605619E-LeaderElection23] INFO  impl.LeaderElection (LeaderElection.java:askForVotes(323)) - om1@group-C5BA1605619E-LeaderElection23 ELECTION round 0: submit vote requests at term 1 for -1: peers:[om1|localhost:15147]|listeners:[], old=null
2023-12-05 10:05:35,607 [om1@group-C5BA1605619E-LeaderElection23] INFO  impl.LeaderElection (LeaderElection.java:askForVotes(325)) - om1@group-C5BA1605619E-LeaderElection23 ELECTION round 0: result PASSED (term=1)
2023-12-05 10:05:35,607 [om1@group-C5BA1605619E-LeaderElection23] INFO  impl.RoleInfo (RoleInfo.java:shutdownLeaderElection(130)) - om1: shutdown om1@group-C5BA1605619E-LeaderElection23
2023-12-05 10:05:35,607 [om1@group-C5BA1605619E-LeaderElection23] INFO  server.RaftServer$Division (RaftServerImpl.java:setRole(379)) - om1@group-C5BA1605619E: changes role from CANDIDATE to LEADER at term 1 for changeToLeader
2023-12-05 10:05:35,607 [om1@group-C5BA1605619E-LeaderElection23] INFO  server.RaftServerConfigKeys (ConfUtils.java:logGet(46)) - raft.server.staging.catchup.gap = 1000 (default)
2023-12-05 10:05:35,607 [om1@group-C5BA1605619E-LeaderElection23] INFO  server.RaftServerConfigKeys (ConfUtils.java:logGet(46)) - raft.server.write.element-limit = 4096 (default)
2023-12-05 10:05:35,607 [om1@group-C5BA1605619E-LeaderElection23] INFO  server.RaftServerConfigKeys (ConfUtils.java:logGet(46)) - raft.server.write.byte-limit = 64MB (=67108864) (default)
2023-12-05 10:05:35,607 [om1@group-C5BA1605619E-LeaderElection23] INFO  server.RaftServerConfigKeys (ConfUtils.java:logGet(46)) - raft.server.watch.timeout = 10s (default)
2023-12-05 10:05:35,607 [om1@group-C5BA1605619E-LeaderElection23] INFO  server.RaftServerConfigKeys (ConfUtils.java:logGet(46)) - raft.server.watch.timeout.denomination = 1s (default)
2023-12-05 10:05:35,607 [om1@group-C5BA1605619E-LeaderElection23] INFO  server.RaftServerConfigKeys (ConfUtils.java:logGet(46)) - raft.server.watch.element-limit = 65536 (default)
2023-12-05 10:05:35,607 [om1@group-C5BA1605619E-LeaderElection23] INFO  server.RaftServerConfigKeys (ConfUtils.java:logGet(46)) - raft.server.read.leader.lease.enabled = false (default)
2023-12-05 10:05:35,607 [om1@group-C5BA1605619E-LeaderElection23] INFO  server.RaftServerConfigKeys (ConfUtils.java:logGet(46)) - raft.server.read.leader.lease.timeout.ratio = 0.9 (default)
2023-12-05 10:05:35,608 [om1@group-C5BA1605619E-LeaderElection23] INFO  server.RaftServerConfigKeys (ConfUtils.java:logGet(46)) - raft.server.rpc.timeout.min = 1s (custom)
2023-12-05 10:05:35,608 [om1@group-C5BA1605619E-LeaderElection23] INFO  server.RaftServerConfigKeys (ConfUtils.java:logGet(46)) - raft.server.write.element-limit = 4096 (default)
2023-12-05 10:05:35,608 [om1@group-C5BA1605619E-LeaderElection23] INFO  server.RaftServerConfigKeys (ConfUtils.java:logGet(46)) - raft.server.write.follower.gap.ratio.max = -1.0 (default)
2023-12-05 10:05:35,608 [om1@group-C5BA1605619E-LeaderElection23] INFO  impl.RoleInfo (RoleInfo.java:updateAndGet(139)) - om1: start om1@group-C5BA1605619E-LeaderStateImpl
2023-12-05 10:05:35,608 [om1@group-C5BA1605619E-LeaderElection23] INFO  server.RaftServer$Division (RaftServerImpl.java:setFirstElection(564)) - om1@group-C5BA1605619E: set firstElectionSinceStartup to false for becomeLeader
2023-12-05 10:05:35,608 [om1@group-C5BA1605619E-LeaderElection23] INFO  server.RaftServer$Division (ServerState.java:setLeader(265)) - om1@group-C5BA1605619E: change Leader from null to om1 at term 1 for becomeLeader, leader elected after 1407ms
2023-12-05 10:05:35,608 [om1@group-C5BA1605619E-LeaderElection23] INFO  segmented.SegmentedRaftLogWorker (SegmentedRaftLogWorker.java:startLogSegment(428)) - om1@group-C5BA1605619E-SegmentedRaftLogWorker: Starting segment from index:0
2023-12-05 10:05:35,615 [om1@group-C5BA1605619E-LeaderElection23] INFO  server.RaftServer$Division (ServerState.java:setRaftConf(382)) - om1@group-C5BA1605619E: set configuration 0: peers:[om1|localhost:15147]|listeners:[], old=null
2023-12-05 10:05:35,615 [om1@group-C5BA1605619E-SegmentedRaftLogWorker] INFO  segmented.SegmentedRaftLogWorker (SegmentedRaftLogWorker.java:execute(632)) - om1@group-C5BA1605619E-SegmentedRaftLogWorker: created new log segment /home/runner/work/ozone/ozone/hadoop-ozone/integration-test/target/test-dir/MiniOzoneClusterImpl-2d7daef6-be11-494e-bdf1-1c9d25d68037/ozone-meta/ratis/bf265839-605b-3f16-9796-c5ba1605619e/current/log_inprogress_0
2023-12-05 10:05:35,616 [om1@group-C5BA1605619E-StateMachineUpdater] INFO  ratis.OzoneManagerStateMachine (OzoneManagerStateMachine.java:notifyConfigurationChanged(210)) - Received Configuration change notification from Ratis. New Peer list:
[id: "om1"
address: "localhost:15147"
startupRole: FOLLOWER
]
2023-12-05 10:05:35,616 [om1@group-C5BA1605619E-StateMachineUpdater] INFO  server.RaftServer$Division (LeaderStateImpl.java:isApplied(316)) - leader is ready since appliedIndex == 0 >= startIndex == 0
2023-12-05 10:05:35,760 [main] INFO  ozone.MiniOzoneClusterImpl (MiniOzoneClusterImpl.java:lambda$waitForClusterToBeReady$0(229)) - Waiting for nodes to be ready. Got 0 of 3 DN Heartbeats.
2023-12-05 10:05:35,761 [main] INFO  ozone.MiniOzoneClusterImpl (MiniOzoneClusterImpl.java:lambda$waitForClusterToBeReady$0(232)) - Waiting for cluster to exit safe mode
2023-12-05 10:05:35,761 [main] INFO  ozone.MiniOzoneClusterImpl (MiniOzoneClusterImpl.java:lambda$waitForClusterToBeReady$0(234)) - SCM became leader
2023-12-05 10:05:36,589 [91a75bad-db25-440f-8a5d-0b0b19abc853-EndpointStateMachineTaskThread-/0.0.0.0:15142-0 ] INFO  utils.DatanodeStoreCache (DatanodeStoreCache.java:addDB(66)) - Added db /home/runner/work/ozone/ozone/hadoop-ozone/integration-test/target/test-dir/MiniOzoneClusterImpl-2d7daef6-be11-494e-bdf1-1c9d25d68037/datanode-0/data-0/containers/hdds/2d7daef6-be11-494e-bdf1-1c9d25d68037/DS-2b7dbe43-a800-4fb4-a00c-78de3348e0a2/container.db to cache
2023-12-05 10:05:36,589 [91a75bad-db25-440f-8a5d-0b0b19abc853-EndpointStateMachineTaskThread-/0.0.0.0:15142-0 ] INFO  volume.HddsVolume (HddsVolume.java:createDbStore(422)) - SchemaV3 db is created and loaded at /home/runner/work/ozone/ozone/hadoop-ozone/integration-test/target/test-dir/MiniOzoneClusterImpl-2d7daef6-be11-494e-bdf1-1c9d25d68037/datanode-0/data-0/containers/hdds/2d7daef6-be11-494e-bdf1-1c9d25d68037/DS-2b7dbe43-a800-4fb4-a00c-78de3348e0a2/container.db for volume DS-2b7dbe43-a800-4fb4-a00c-78de3348e0a2
2023-12-05 10:05:36,590 [91a75bad-db25-440f-8a5d-0b0b19abc853-EndpointStateMachineTaskThread-/0.0.0.0:15142-0 ] INFO  volume.ThrottledAsyncChecker (ThrottledAsyncChecker.java:schedule(141)) - Scheduling a check for /home/runner/work/ozone/ozone/hadoop-ozone/integration-test/target/test-dir/MiniOzoneClusterImpl-2d7daef6-be11-494e-bdf1-1c9d25d68037/datanode-0/data-0/containers/hdds
2023-12-05 10:05:36,590 [91a75bad-db25-440f-8a5d-0b0b19abc853-EndpointStateMachineTaskThread-/0.0.0.0:15142-0 ] INFO  volume.StorageVolumeChecker (StorageVolumeChecker.java:checkAllVolumes(218)) - Scheduled health check for volume /home/runner/work/ozone/ozone/hadoop-ozone/integration-test/target/test-dir/MiniOzoneClusterImpl-2d7daef6-be11-494e-bdf1-1c9d25d68037/datanode-0/data-0/containers/hdds
2023-12-05 10:05:36,592 [91a75bad-db25-440f-8a5d-0b0b19abc853-EndpointStateMachineTaskThread-/0.0.0.0:15142-0 ] INFO  volume.ThrottledAsyncChecker (ThrottledAsyncChecker.java:schedule(141)) - Scheduling a check for /home/runner/work/ozone/ozone/hadoop-ozone/integration-test/target/test-dir/MiniOzoneClusterImpl-2d7daef6-be11-494e-bdf1-1c9d25d68037/datanode-0/data/ratis
2023-12-05 10:05:36,592 [91a75bad-db25-440f-8a5d-0b0b19abc853-EndpointStateMachineTaskThread-/0.0.0.0:15142-0 ] INFO  volume.StorageVolumeChecker (StorageVolumeChecker.java:checkAllVolumes(218)) - Scheduled health check for volume /home/runner/work/ozone/ozone/hadoop-ozone/integration-test/target/test-dir/MiniOzoneClusterImpl-2d7daef6-be11-494e-bdf1-1c9d25d68037/datanode-0/data/ratis
2023-12-05 10:05:36,593 [91a75bad-db25-440f-8a5d-0b0b19abc853-EndpointStateMachineTaskThread-/0.0.0.0:15142-0 ] INFO  ozoneimpl.OzoneContainer (OzoneContainer.java:start(441)) - Attempting to start container services.
2023-12-05 10:05:36,593 [91a75bad-db25-440f-8a5d-0b0b19abc853-EndpointStateMachineTaskThread-/0.0.0.0:15142-0 ] INFO  ozoneimpl.OzoneContainer (OzoneContainer.java:startContainerScrub(337)) - Scheduled background container scanners and the on-demand container scanner have been disabled.
2023-12-05 10:05:36,596 [91a75bad-db25-440f-8a5d-0b0b19abc853-EndpointStateMachineTaskThread-/0.0.0.0:15142-0 ] INFO  replication.ReplicationServer (ReplicationServer.java:start(139)) - ReplicationServer is started using port 15156
2023-12-05 10:05:36,596 [91a75bad-db25-440f-8a5d-0b0b19abc853-EndpointStateMachineTaskThread-/0.0.0.0:15142-0 ] INFO  ratis.XceiverServerRatis (XceiverServerRatis.java:start(548)) - Starting XceiverServerRatis 91a75bad-db25-440f-8a5d-0b0b19abc853
2023-12-05 10:05:36,598 [91a75bad-db25-440f-8a5d-0b0b19abc853-EndpointStateMachineTaskThread-/0.0.0.0:15142-0 ] INFO  server.RaftServer (RaftServerProxy.java:startImpl(406)) - 91a75bad-db25-440f-8a5d-0b0b19abc853: start RPC server
2023-12-05 10:05:36,598 [91a75bad-db25-440f-8a5d-0b0b19abc853-EndpointStateMachineTaskThread-/0.0.0.0:15142-0 ] INFO  server.GrpcService (GrpcService.java:startImpl(302)) - 91a75bad-db25-440f-8a5d-0b0b19abc853: GrpcService started, listening on 15152
2023-12-05 10:05:36,599 [91a75bad-db25-440f-8a5d-0b0b19abc853-EndpointStateMachineTaskThread-/0.0.0.0:15142-0 ] INFO  server.GrpcService (GrpcService.java:startImpl(302)) - 91a75bad-db25-440f-8a5d-0b0b19abc853: GrpcService started, listening on 15154
2023-12-05 10:05:36,599 [91a75bad-db25-440f-8a5d-0b0b19abc853-EndpointStateMachineTaskThread-/0.0.0.0:15142-0 ] INFO  server.GrpcService (GrpcService.java:startImpl(302)) - 91a75bad-db25-440f-8a5d-0b0b19abc853: GrpcService started, listening on 15153
2023-12-05 10:05:36,599 [91a75bad-db25-440f-8a5d-0b0b19abc853-EndpointStateMachineTaskThread-/0.0.0.0:15142-0 ] INFO  ratis.XceiverServerRatis (XceiverServerRatis.java:getRealPort(574)) - XceiverServerRatis 91a75bad-db25-440f-8a5d-0b0b19abc853 is started using port 15152 for RATIS
2023-12-05 10:05:36,599 [91a75bad-db25-440f-8a5d-0b0b19abc853-EndpointStateMachineTaskThread-/0.0.0.0:15142-0 ] INFO  ratis.XceiverServerRatis (XceiverServerRatis.java:getRealPort(574)) - XceiverServerRatis 91a75bad-db25-440f-8a5d-0b0b19abc853 is started using port 15153 for RATIS_ADMIN
2023-12-05 10:05:36,599 [91a75bad-db25-440f-8a5d-0b0b19abc853-EndpointStateMachineTaskThread-/0.0.0.0:15142-0 ] INFO  ratis.XceiverServerRatis (XceiverServerRatis.java:getRealPort(574)) - XceiverServerRatis 91a75bad-db25-440f-8a5d-0b0b19abc853 is started using port 15154 for RATIS_SERVER
2023-12-05 10:05:36,599 [91a75bad-db25-440f-8a5d-0b0b19abc853-EndpointStateMachineTaskThread-/0.0.0.0:15142-0 ] INFO  ratis.XceiverServerRatis (XceiverServerRatis.java:getRealPort(574)) - XceiverServerRatis 91a75bad-db25-440f-8a5d-0b0b19abc853 is started using port 15155 for RATIS_DATASTREAM
2023-12-05 10:05:36,599 [JvmPauseMonitor23] INFO  util.JvmPauseMonitor (JvmPauseMonitor.java:run(146)) - JvmPauseMonitor-91a75bad-db25-440f-8a5d-0b0b19abc853: Started
2023-12-05 10:05:36,601 [91a75bad-db25-440f-8a5d-0b0b19abc853-BlockDeletingService#0] INFO  interfaces.ContainerDeletionChoosingPolicyTemplate (ContainerDeletionChoosingPolicyTemplate.java:chooseContainerForBlockDeletion(85)) - Chosen 0/5000 blocks from 0 candidate containers.
2023-12-05 10:05:36,697 [e173000e-ec0a-44a3-afc0-889131a99fbf-EndpointStateMachineTaskThread-/0.0.0.0:15142-0 ] INFO  utils.DatanodeStoreCache (DatanodeStoreCache.java:addDB(66)) - Added db /home/runner/work/ozone/ozone/hadoop-ozone/integration-test/target/test-dir/MiniOzoneClusterImpl-2d7daef6-be11-494e-bdf1-1c9d25d68037/datanode-1/data-0/containers/hdds/2d7daef6-be11-494e-bdf1-1c9d25d68037/DS-57fa7390-6d53-472e-8276-4b44099635d5/container.db to cache
2023-12-05 10:05:36,697 [e173000e-ec0a-44a3-afc0-889131a99fbf-EndpointStateMachineTaskThread-/0.0.0.0:15142-0 ] INFO  volume.HddsVolume (HddsVolume.java:createDbStore(422)) - SchemaV3 db is created and loaded at /home/runner/work/ozone/ozone/hadoop-ozone/integration-test/target/test-dir/MiniOzoneClusterImpl-2d7daef6-be11-494e-bdf1-1c9d25d68037/datanode-1/data-0/containers/hdds/2d7daef6-be11-494e-bdf1-1c9d25d68037/DS-57fa7390-6d53-472e-8276-4b44099635d5/container.db for volume DS-57fa7390-6d53-472e-8276-4b44099635d5
2023-12-05 10:05:36,698 [e173000e-ec0a-44a3-afc0-889131a99fbf-EndpointStateMachineTaskThread-/0.0.0.0:15142-0 ] INFO  volume.ThrottledAsyncChecker (ThrottledAsyncChecker.java:schedule(141)) - Scheduling a check for /home/runner/work/ozone/ozone/hadoop-ozone/integration-test/target/test-dir/MiniOzoneClusterImpl-2d7daef6-be11-494e-bdf1-1c9d25d68037/datanode-1/data-0/containers/hdds
2023-12-05 10:05:36,698 [e173000e-ec0a-44a3-afc0-889131a99fbf-EndpointStateMachineTaskThread-/0.0.0.0:15142-0 ] INFO  volume.StorageVolumeChecker (StorageVolumeChecker.java:checkAllVolumes(218)) - Scheduled health check for volume /home/runner/work/ozone/ozone/hadoop-ozone/integration-test/target/test-dir/MiniOzoneClusterImpl-2d7daef6-be11-494e-bdf1-1c9d25d68037/datanode-1/data-0/containers/hdds
2023-12-05 10:05:36,700 [e173000e-ec0a-44a3-afc0-889131a99fbf-EndpointStateMachineTaskThread-/0.0.0.0:15142-0 ] INFO  volume.ThrottledAsyncChecker (ThrottledAsyncChecker.java:schedule(141)) - Scheduling a check for /home/runner/work/ozone/ozone/hadoop-ozone/integration-test/target/test-dir/MiniOzoneClusterImpl-2d7daef6-be11-494e-bdf1-1c9d25d68037/datanode-1/data/ratis
2023-12-05 10:05:36,700 [e173000e-ec0a-44a3-afc0-889131a99fbf-EndpointStateMachineTaskThread-/0.0.0.0:15142-0 ] INFO  volume.StorageVolumeChecker (StorageVolumeChecker.java:checkAllVolumes(218)) - Scheduled health check for volume /home/runner/work/ozone/ozone/hadoop-ozone/integration-test/target/test-dir/MiniOzoneClusterImpl-2d7daef6-be11-494e-bdf1-1c9d25d68037/datanode-1/data/ratis
2023-12-05 10:05:36,700 [e173000e-ec0a-44a3-afc0-889131a99fbf-EndpointStateMachineTaskThread-/0.0.0.0:15142-0 ] INFO  ozoneimpl.OzoneContainer (OzoneContainer.java:start(441)) - Attempting to start container services.
2023-12-05 10:05:36,700 [e173000e-ec0a-44a3-afc0-889131a99fbf-EndpointStateMachineTaskThread-/0.0.0.0:15142-0 ] INFO  ozoneimpl.OzoneContainer (OzoneContainer.java:startContainerScrub(337)) - Scheduled background container scanners and the on-demand container scanner have been disabled.
2023-12-05 10:05:36,701 [e173000e-ec0a-44a3-afc0-889131a99fbf-EndpointStateMachineTaskThread-/0.0.0.0:15142-0 ] INFO  replication.ReplicationServer (ReplicationServer.java:start(139)) - ReplicationServer is started using port 15165
2023-12-05 10:05:36,701 [e173000e-ec0a-44a3-afc0-889131a99fbf-EndpointStateMachineTaskThread-/0.0.0.0:15142-0 ] INFO  ratis.XceiverServerRatis (XceiverServerRatis.java:start(548)) - Starting XceiverServerRatis e173000e-ec0a-44a3-afc0-889131a99fbf
2023-12-05 10:05:36,701 [e173000e-ec0a-44a3-afc0-889131a99fbf-EndpointStateMachineTaskThread-/0.0.0.0:15142-0 ] INFO  server.RaftServer (RaftServerProxy.java:startImpl(406)) - e173000e-ec0a-44a3-afc0-889131a99fbf: start RPC server
2023-12-05 10:05:36,702 [e173000e-ec0a-44a3-afc0-889131a99fbf-EndpointStateMachineTaskThread-/0.0.0.0:15142-0 ] INFO  server.GrpcService (GrpcService.java:startImpl(302)) - e173000e-ec0a-44a3-afc0-889131a99fbf: GrpcService started, listening on 15161
2023-12-05 10:05:36,702 [e173000e-ec0a-44a3-afc0-889131a99fbf-EndpointStateMachineTaskThread-/0.0.0.0:15142-0 ] INFO  server.GrpcService (GrpcService.java:startImpl(302)) - e173000e-ec0a-44a3-afc0-889131a99fbf: GrpcService started, listening on 15163
2023-12-05 10:05:36,702 [e173000e-ec0a-44a3-afc0-889131a99fbf-EndpointStateMachineTaskThread-/0.0.0.0:15142-0 ] INFO  server.GrpcService (GrpcService.java:startImpl(302)) - e173000e-ec0a-44a3-afc0-889131a99fbf: GrpcService started, listening on 15162
2023-12-05 10:05:36,704 [e173000e-ec0a-44a3-afc0-889131a99fbf-EndpointStateMachineTaskThread-/0.0.0.0:15142-0 ] INFO  ratis.XceiverServerRatis (XceiverServerRatis.java:getRealPort(574)) - XceiverServerRatis e173000e-ec0a-44a3-afc0-889131a99fbf is started using port 15161 for RATIS
2023-12-05 10:05:36,704 [e173000e-ec0a-44a3-afc0-889131a99fbf-EndpointStateMachineTaskThread-/0.0.0.0:15142-0 ] INFO  ratis.XceiverServerRatis (XceiverServerRatis.java:getRealPort(574)) - XceiverServerRatis e173000e-ec0a-44a3-afc0-889131a99fbf is started using port 15162 for RATIS_ADMIN
2023-12-05 10:05:36,704 [e173000e-ec0a-44a3-afc0-889131a99fbf-EndpointStateMachineTaskThread-/0.0.0.0:15142-0 ] INFO  ratis.XceiverServerRatis (XceiverServerRatis.java:getRealPort(574)) - XceiverServerRatis e173000e-ec0a-44a3-afc0-889131a99fbf is started using port 15163 for RATIS_SERVER
2023-12-05 10:05:36,704 [e173000e-ec0a-44a3-afc0-889131a99fbf-EndpointStateMachineTaskThread-/0.0.0.0:15142-0 ] INFO  ratis.XceiverServerRatis (XceiverServerRatis.java:getRealPort(574)) - XceiverServerRatis e173000e-ec0a-44a3-afc0-889131a99fbf is started using port 15164 for RATIS_DATASTREAM
2023-12-05 10:05:36,704 [JvmPauseMonitor24] INFO  util.JvmPauseMonitor (JvmPauseMonitor.java:run(146)) - JvmPauseMonitor-e173000e-ec0a-44a3-afc0-889131a99fbf: Started
2023-12-05 10:05:36,705 [e173000e-ec0a-44a3-afc0-889131a99fbf-BlockDeletingService#0] INFO  interfaces.ContainerDeletionChoosingPolicyTemplate (ContainerDeletionChoosingPolicyTemplate.java:chooseContainerForBlockDeletion(85)) - Chosen 0/5000 blocks from 0 candidate containers.
2023-12-05 10:05:36,761 [main] INFO  ozone.MiniOzoneClusterImpl (MiniOzoneClusterImpl.java:lambda$waitForClusterToBeReady$0(229)) - Waiting for nodes to be ready. Got 0 of 3 DN Heartbeats.
2023-12-05 10:05:36,761 [main] INFO  ozone.MiniOzoneClusterImpl (MiniOzoneClusterImpl.java:lambda$waitForClusterToBeReady$0(232)) - Waiting for cluster to exit safe mode
2023-12-05 10:05:36,761 [main] INFO  ozone.MiniOzoneClusterImpl (MiniOzoneClusterImpl.java:lambda$waitForClusterToBeReady$0(234)) - SCM became leader
2023-12-05 10:05:36,783 [51001832-6223-4e01-9f82-66e4e6dc013b-EndpointStateMachineTaskThread-/0.0.0.0:15142-0 ] INFO  utils.DatanodeStoreCache (DatanodeStoreCache.java:addDB(66)) - Added db /home/runner/work/ozone/ozone/hadoop-ozone/integration-test/target/test-dir/MiniOzoneClusterImpl-2d7daef6-be11-494e-bdf1-1c9d25d68037/datanode-2/data-0/containers/hdds/2d7daef6-be11-494e-bdf1-1c9d25d68037/DS-8560098f-45ad-41b8-b602-ebc585973efb/container.db to cache
2023-12-05 10:05:36,784 [51001832-6223-4e01-9f82-66e4e6dc013b-EndpointStateMachineTaskThread-/0.0.0.0:15142-0 ] INFO  volume.HddsVolume (HddsVolume.java:createDbStore(422)) - SchemaV3 db is created and loaded at /home/runner/work/ozone/ozone/hadoop-ozone/integration-test/target/test-dir/MiniOzoneClusterImpl-2d7daef6-be11-494e-bdf1-1c9d25d68037/datanode-2/data-0/containers/hdds/2d7daef6-be11-494e-bdf1-1c9d25d68037/DS-8560098f-45ad-41b8-b602-ebc585973efb/container.db for volume DS-8560098f-45ad-41b8-b602-ebc585973efb
2023-12-05 10:05:36,784 [51001832-6223-4e01-9f82-66e4e6dc013b-EndpointStateMachineTaskThread-/0.0.0.0:15142-0 ] INFO  volume.ThrottledAsyncChecker (ThrottledAsyncChecker.java:schedule(141)) - Scheduling a check for /home/runner/work/ozone/ozone/hadoop-ozone/integration-test/target/test-dir/MiniOzoneClusterImpl-2d7daef6-be11-494e-bdf1-1c9d25d68037/datanode-2/data-0/containers/hdds
2023-12-05 10:05:36,784 [51001832-6223-4e01-9f82-66e4e6dc013b-EndpointStateMachineTaskThread-/0.0.0.0:15142-0 ] INFO  volume.StorageVolumeChecker (StorageVolumeChecker.java:checkAllVolumes(218)) - Scheduled health check for volume /home/runner/work/ozone/ozone/hadoop-ozone/integration-test/target/test-dir/MiniOzoneClusterImpl-2d7daef6-be11-494e-bdf1-1c9d25d68037/datanode-2/data-0/containers/hdds
2023-12-05 10:05:36,786 [51001832-6223-4e01-9f82-66e4e6dc013b-EndpointStateMachineTaskThread-/0.0.0.0:15142-0 ] INFO  volume.ThrottledAsyncChecker (ThrottledAsyncChecker.java:schedule(141)) - Scheduling a check for /home/runner/work/ozone/ozone/hadoop-ozone/integration-test/target/test-dir/MiniOzoneClusterImpl-2d7daef6-be11-494e-bdf1-1c9d25d68037/datanode-2/data/ratis
2023-12-05 10:05:36,786 [51001832-6223-4e01-9f82-66e4e6dc013b-EndpointStateMachineTaskThread-/0.0.0.0:15142-0 ] INFO  volume.StorageVolumeChecker (StorageVolumeChecker.java:checkAllVolumes(218)) - Scheduled health check for volume /home/runner/work/ozone/ozone/hadoop-ozone/integration-test/target/test-dir/MiniOzoneClusterImpl-2d7daef6-be11-494e-bdf1-1c9d25d68037/datanode-2/data/ratis
2023-12-05 10:05:36,786 [51001832-6223-4e01-9f82-66e4e6dc013b-EndpointStateMachineTaskThread-/0.0.0.0:15142-0 ] INFO  ozoneimpl.OzoneContainer (OzoneContainer.java:start(441)) - Attempting to start container services.
2023-12-05 10:05:36,787 [51001832-6223-4e01-9f82-66e4e6dc013b-EndpointStateMachineTaskThread-/0.0.0.0:15142-0 ] INFO  ozoneimpl.OzoneContainer (OzoneContainer.java:startContainerScrub(337)) - Scheduled background container scanners and the on-demand container scanner have been disabled.
2023-12-05 10:05:36,787 [51001832-6223-4e01-9f82-66e4e6dc013b-EndpointStateMachineTaskThread-/0.0.0.0:15142-0 ] INFO  replication.ReplicationServer (ReplicationServer.java:start(139)) - ReplicationServer is started using port 15174
2023-12-05 10:05:36,787 [51001832-6223-4e01-9f82-66e4e6dc013b-EndpointStateMachineTaskThread-/0.0.0.0:15142-0 ] INFO  ratis.XceiverServerRatis (XceiverServerRatis.java:start(548)) - Starting XceiverServerRatis 51001832-6223-4e01-9f82-66e4e6dc013b
2023-12-05 10:05:36,787 [51001832-6223-4e01-9f82-66e4e6dc013b-EndpointStateMachineTaskThread-/0.0.0.0:15142-0 ] INFO  server.RaftServer (RaftServerProxy.java:startImpl(406)) - 51001832-6223-4e01-9f82-66e4e6dc013b: start RPC server
2023-12-05 10:05:36,788 [51001832-6223-4e01-9f82-66e4e6dc013b-EndpointStateMachineTaskThread-/0.0.0.0:15142-0 ] INFO  server.GrpcService (GrpcService.java:startImpl(302)) - 51001832-6223-4e01-9f82-66e4e6dc013b: GrpcService started, listening on 15170
2023-12-05 10:05:36,788 [51001832-6223-4e01-9f82-66e4e6dc013b-EndpointStateMachineTaskThread-/0.0.0.0:15142-0 ] INFO  server.GrpcService (GrpcService.java:startImpl(302)) - 51001832-6223-4e01-9f82-66e4e6dc013b: GrpcService started, listening on 15172
2023-12-05 10:05:36,788 [51001832-6223-4e01-9f82-66e4e6dc013b-EndpointStateMachineTaskThread-/0.0.0.0:15142-0 ] INFO  server.GrpcService (GrpcService.java:startImpl(302)) - 51001832-6223-4e01-9f82-66e4e6dc013b: GrpcService started, listening on 15171
2023-12-05 10:05:36,789 [51001832-6223-4e01-9f82-66e4e6dc013b-EndpointStateMachineTaskThread-/0.0.0.0:15142-0 ] INFO  ratis.XceiverServerRatis (XceiverServerRatis.java:getRealPort(574)) - XceiverServerRatis 51001832-6223-4e01-9f82-66e4e6dc013b is started using port 15170 for RATIS
2023-12-05 10:05:36,789 [JvmPauseMonitor25] INFO  util.JvmPauseMonitor (JvmPauseMonitor.java:run(146)) - JvmPauseMonitor-51001832-6223-4e01-9f82-66e4e6dc013b: Started
2023-12-05 10:05:36,789 [51001832-6223-4e01-9f82-66e4e6dc013b-EndpointStateMachineTaskThread-/0.0.0.0:15142-0 ] INFO  ratis.XceiverServerRatis (XceiverServerRatis.java:getRealPort(574)) - XceiverServerRatis 51001832-6223-4e01-9f82-66e4e6dc013b is started using port 15171 for RATIS_ADMIN
2023-12-05 10:05:36,789 [51001832-6223-4e01-9f82-66e4e6dc013b-EndpointStateMachineTaskThread-/0.0.0.0:15142-0 ] INFO  ratis.XceiverServerRatis (XceiverServerRatis.java:getRealPort(574)) - XceiverServerRatis 51001832-6223-4e01-9f82-66e4e6dc013b is started using port 15172 for RATIS_SERVER
2023-12-05 10:05:36,789 [51001832-6223-4e01-9f82-66e4e6dc013b-EndpointStateMachineTaskThread-/0.0.0.0:15142-0 ] INFO  ratis.XceiverServerRatis (XceiverServerRatis.java:getRealPort(574)) - XceiverServerRatis 51001832-6223-4e01-9f82-66e4e6dc013b is started using port 15173 for RATIS_DATASTREAM
2023-12-05 10:05:36,790 [51001832-6223-4e01-9f82-66e4e6dc013b-BlockDeletingService#0] INFO  interfaces.ContainerDeletionChoosingPolicyTemplate (ContainerDeletionChoosingPolicyTemplate.java:chooseContainerForBlockDeletion(85)) - Chosen 0/5000 blocks from 0 candidate containers.
2023-12-05 10:05:37,762 [main] INFO  ozone.MiniOzoneClusterImpl (MiniOzoneClusterImpl.java:lambda$waitForClusterToBeReady$0(229)) - Waiting for nodes to be ready. Got 0 of 3 DN Heartbeats.
2023-12-05 10:05:37,762 [main] INFO  ozone.MiniOzoneClusterImpl (MiniOzoneClusterImpl.java:lambda$waitForClusterToBeReady$0(232)) - Waiting for cluster to exit safe mode
2023-12-05 10:05:37,762 [main] INFO  ozone.MiniOzoneClusterImpl (MiniOzoneClusterImpl.java:lambda$waitForClusterToBeReady$0(234)) - SCM became leader
2023-12-05 10:05:38,567 [IPC Server handler 0 on default port 15142] INFO  net.NetworkTopologyImpl (NetworkTopologyImpl.java:add(124)) - Added a new node: /default-rack/91a75bad-db25-440f-8a5d-0b0b19abc853
2023-12-05 10:05:38,567 [IPC Server handler 0 on default port 15142] INFO  node.SCMNodeManager (SCMNodeManager.java:register(405)) - Registered datanode: 91a75bad-db25-440f-8a5d-0b0b19abc853{ip: 10.1.0.7, host: fv-az884-53.nlrrjjsaionubk4jys1hz1dhmg.bx.internal.cloudapp.net, ports: [HTTP=15149, CLIENT_RPC=15150, REPLICATION=15156, RATIS=15152, RATIS_ADMIN=15153, RATIS_SERVER=15154, RATIS_DATASTREAM=15155, STANDALONE=15151], networkLocation: /default-rack, certSerialId: null, persistedOpState: null, persistedOpStateExpiryEpochSec: 0}
2023-12-05 10:05:38,569 [EventQueue-NewNodeForNewNodeHandler] INFO  pipeline.BackgroundPipelineCreator (BackgroundPipelineCreator.java:notifyEventTriggered(280)) - trigger a one-shot run on RatisPipelineUtilsThread.
2023-12-05 10:05:38,569 [EventQueue-NodeRegistrationContainerReportForContainerSafeModeRule] INFO  safemode.SCMSafeModeManager (SCMSafeModeManager.java:validateSafeModeExitRules(200)) - ContainerSafeModeRule rule is successfully validated
2023-12-05 10:05:38,569 [RatisPipelineUtilsThread-0] INFO  pipeline.RatisPipelineProvider (RatisPipelineProvider.java:lambda$create$0(206)) - Sending CreatePipelineCommand for pipeline:PipelineID=43633f54-5cca-44d4-97a6-f3e0629be60c to datanode:91a75bad-db25-440f-8a5d-0b0b19abc853
2023-12-05 10:05:38,572 [EventQueue-PipelineReportForOneReplicaPipelineSafeModeRule] INFO  safemode.SCMSafeModeManager (SCMSafeModeManager.java:validateSafeModeExitRules(200)) - AtleastOneDatanodeReportedRule rule is successfully validated
2023-12-05 10:05:38,573 [RatisPipelineUtilsThread-0] INFO  pipeline.BackgroundPipelineCreator (BackgroundPipelineCreator.java:createPipelines(236)) - Created new pipeline Pipeline[ Id: 43633f54-5cca-44d4-97a6-f3e0629be60c, Nodes: 91a75bad-db25-440f-8a5d-0b0b19abc853(fv-az884-53.nlrrjjsaionubk4jys1hz1dhmg.bx.internal.cloudapp.net/10.1.0.7), ReplicationConfig: RATIS/ONE, State:ALLOCATED, leaderId:, CreationTimestamp2023-12-05T10:05:38.569Z[Etc/UTC]]
2023-12-05 10:05:38,569 [EventQueue-NodeRegistrationContainerReportForDataNodeSafeModeRule] INFO  safemode.SCMSafeModeManager (DataNodeSafeModeRule.java:process(71)) - SCM in safe mode. 1 DataNodes registered, 3 required.
2023-12-05 10:05:38,674 [IPC Server handler 1 on default port 15142] INFO  net.NetworkTopologyImpl (NetworkTopologyImpl.java:add(124)) - Added a new node: /default-rack/e173000e-ec0a-44a3-afc0-889131a99fbf
2023-12-05 10:05:38,674 [IPC Server handler 1 on default port 15142] INFO  node.SCMNodeManager (SCMNodeManager.java:register(405)) - Registered datanode: e173000e-ec0a-44a3-afc0-889131a99fbf{ip: 10.1.0.7, host: fv-az884-53.nlrrjjsaionubk4jys1hz1dhmg.bx.internal.cloudapp.net, ports: [HTTP=15158, CLIENT_RPC=15159, REPLICATION=15165, RATIS=15161, RATIS_ADMIN=15162, RATIS_SERVER=15163, RATIS_DATASTREAM=15164, STANDALONE=15160], networkLocation: /default-rack, certSerialId: null, persistedOpState: null, persistedOpStateExpiryEpochSec: 0}
2023-12-05 10:05:38,675 [EventQueue-NewNodeForNewNodeHandler] INFO  pipeline.BackgroundPipelineCreator (BackgroundPipelineCreator.java:notifyEventTriggered(280)) - trigger a one-shot run on RatisPipelineUtilsThread.
2023-12-05 10:05:38,675 [EventQueue-NodeRegistrationContainerReportForDataNodeSafeModeRule] INFO  safemode.SCMSafeModeManager (DataNodeSafeModeRule.java:process(71)) - SCM in safe mode. 2 DataNodes registered, 3 required.
2023-12-05 10:05:38,675 [RatisPipelineUtilsThread-0] INFO  pipeline.RatisPipelineProvider (RatisPipelineProvider.java:lambda$create$0(206)) - Sending CreatePipelineCommand for pipeline:PipelineID=94e828c7-6d08-4b89-8012-d97bff1a6da9 to datanode:e173000e-ec0a-44a3-afc0-889131a99fbf
2023-12-05 10:05:38,676 [RatisPipelineUtilsThread-0] INFO  pipeline.BackgroundPipelineCreator (BackgroundPipelineCreator.java:createPipelines(236)) - Created new pipeline Pipeline[ Id: 94e828c7-6d08-4b89-8012-d97bff1a6da9, Nodes: e173000e-ec0a-44a3-afc0-889131a99fbf(fv-az884-53.nlrrjjsaionubk4jys1hz1dhmg.bx.internal.cloudapp.net/10.1.0.7), ReplicationConfig: RATIS/ONE, State:ALLOCATED, leaderId:, CreationTimestamp2023-12-05T10:05:38.675Z[Etc/UTC]]
2023-12-05 10:05:38,761 [IPC Server handler 2 on default port 15142] INFO  net.NetworkTopologyImpl (NetworkTopologyImpl.java:add(124)) - Added a new node: /default-rack/51001832-6223-4e01-9f82-66e4e6dc013b
2023-12-05 10:05:38,761 [IPC Server handler 2 on default port 15142] INFO  node.SCMNodeManager (SCMNodeManager.java:register(405)) - Registered datanode: 51001832-6223-4e01-9f82-66e4e6dc013b{ip: 10.1.0.7, host: fv-az884-53.nlrrjjsaionubk4jys1hz1dhmg.bx.internal.cloudapp.net, ports: [HTTP=15167, CLIENT_RPC=15168, REPLICATION=15174, RATIS=15170, RATIS_ADMIN=15171, RATIS_SERVER=15172, RATIS_DATASTREAM=15173, STANDALONE=15169], networkLocation: /default-rack, certSerialId: null, persistedOpState: null, persistedOpStateExpiryEpochSec: 0}
2023-12-05 10:05:38,762 [EventQueue-NewNodeForNewNodeHandler] INFO  pipeline.BackgroundPipelineCreator (BackgroundPipelineCreator.java:notifyEventTriggered(280)) - trigger a one-shot run on RatisPipelineUtilsThread.
2023-12-05 10:05:38,762 [EventQueue-NodeRegistrationContainerReportForDataNodeSafeModeRule] INFO  safemode.SCMSafeModeManager (DataNodeSafeModeRule.java:process(71)) - SCM in safe mode. 3 DataNodes registered, 3 required.
2023-12-05 10:05:38,762 [EventQueue-NodeRegistrationContainerReportForDataNodeSafeModeRule] INFO  safemode.SCMSafeModeManager (SCMSafeModeManager.java:validateSafeModeExitRules(200)) - DataNodeSafeModeRule rule is successfully validated
2023-12-05 10:05:38,762 [EventQueue-NodeRegistrationContainerReportForDataNodeSafeModeRule] INFO  safemode.SCMSafeModeManager (SCMSafeModeManager.java:completePreCheck(229)) - All SCM safe mode pre check rules have passed
2023-12-05 10:05:38,762 [EventQueue-NodeRegistrationContainerReportForDataNodeSafeModeRule] INFO  ha.SCMContext (SCMContext.java:updateSafeModeStatus(230)) - Update SafeModeStatus from SafeModeStatus{safeModeStatus=true, preCheckPassed=false} to SafeModeStatus{safeModeStatus=true, preCheckPassed=true}.
2023-12-05 10:05:38,762 [EventQueue-NodeRegistrationContainerReportForDataNodeSafeModeRule] INFO  pipeline.BackgroundPipelineCreator (BackgroundPipelineCreator.java:notifyEventTriggered(280)) - trigger a one-shot run on RatisPipelineUtilsThread.
2023-12-05 10:05:38,762 [main] INFO  ozone.MiniOzoneClusterImpl (MiniOzoneClusterImpl.java:lambda$waitForClusterToBeReady$0(229)) - Nodes are ready. Got 3 of 3 DN Heartbeats.
2023-12-05 10:05:38,762 [main] INFO  ozone.MiniOzoneClusterImpl (MiniOzoneClusterImpl.java:lambda$waitForClusterToBeReady$0(232)) - Waiting for cluster to exit safe mode
2023-12-05 10:05:38,763 [main] INFO  ozone.MiniOzoneClusterImpl (MiniOzoneClusterImpl.java:lambda$waitForClusterToBeReady$0(234)) - SCM became leader
2023-12-05 10:05:38,763 [RatisPipelineUtilsThread-0] INFO  pipeline.RatisPipelineProvider (RatisPipelineProvider.java:lambda$create$0(206)) - Sending CreatePipelineCommand for pipeline:PipelineID=a9ffa5e9-7b0f-485f-a7d8-b7429489d930 to datanode:51001832-6223-4e01-9f82-66e4e6dc013b
2023-12-05 10:05:38,764 [RatisPipelineUtilsThread-0] INFO  pipeline.BackgroundPipelineCreator (BackgroundPipelineCreator.java:createPipelines(236)) - Created new pipeline Pipeline[ Id: a9ffa5e9-7b0f-485f-a7d8-b7429489d930, Nodes: 51001832-6223-4e01-9f82-66e4e6dc013b(fv-az884-53.nlrrjjsaionubk4jys1hz1dhmg.bx.internal.cloudapp.net/10.1.0.7), ReplicationConfig: RATIS/ONE, State:ALLOCATED, leaderId:, CreationTimestamp2023-12-05T10:05:38.763Z[Etc/UTC]]
2023-12-05 10:05:38,764 [RatisPipelineUtilsThread-0] INFO  pipeline.RatisPipelineProvider (RatisPipelineProvider.java:lambda$create$0(206)) - Sending CreatePipelineCommand for pipeline:PipelineID=66dd9119-27fc-4b1c-a417-1a41835926c4 to datanode:e173000e-ec0a-44a3-afc0-889131a99fbf
2023-12-05 10:05:38,764 [RatisPipelineUtilsThread-0] INFO  pipeline.RatisPipelineProvider (RatisPipelineProvider.java:lambda$create$0(206)) - Sending CreatePipelineCommand for pipeline:PipelineID=66dd9119-27fc-4b1c-a417-1a41835926c4 to datanode:91a75bad-db25-440f-8a5d-0b0b19abc853
2023-12-05 10:05:38,764 [RatisPipelineUtilsThread-0] INFO  pipeline.RatisPipelineProvider (RatisPipelineProvider.java:lambda$create$0(206)) - Sending CreatePipelineCommand for pipeline:PipelineID=66dd9119-27fc-4b1c-a417-1a41835926c4 to datanode:51001832-6223-4e01-9f82-66e4e6dc013b
2023-12-05 10:05:38,765 [RatisPipelineUtilsThread-0] INFO  pipeline.BackgroundPipelineCreator (BackgroundPipelineCreator.java:createPipelines(236)) - Created new pipeline Pipeline[ Id: 66dd9119-27fc-4b1c-a417-1a41835926c4, Nodes: e173000e-ec0a-44a3-afc0-889131a99fbf(fv-az884-53.nlrrjjsaionubk4jys1hz1dhmg.bx.internal.cloudapp.net/10.1.0.7)91a75bad-db25-440f-8a5d-0b0b19abc853(fv-az884-53.nlrrjjsaionubk4jys1hz1dhmg.bx.internal.cloudapp.net/10.1.0.7)51001832-6223-4e01-9f82-66e4e6dc013b(fv-az884-53.nlrrjjsaionubk4jys1hz1dhmg.bx.internal.cloudapp.net/10.1.0.7), ReplicationConfig: RATIS/THREE, State:ALLOCATED, leaderId:, CreationTimestamp2023-12-05T10:05:38.764Z[Etc/UTC]]
2023-12-05 10:05:39,763 [main] INFO  ozone.MiniOzoneClusterImpl (MiniOzoneClusterImpl.java:lambda$waitForClusterToBeReady$0(229)) - Nodes are ready. Got 3 of 3 DN Heartbeats.
2023-12-05 10:05:39,763 [main] INFO  ozone.MiniOzoneClusterImpl (MiniOzoneClusterImpl.java:lambda$waitForClusterToBeReady$0(232)) - Waiting for cluster to exit safe mode
2023-12-05 10:05:39,763 [main] INFO  ozone.MiniOzoneClusterImpl (MiniOzoneClusterImpl.java:lambda$waitForClusterToBeReady$0(234)) - SCM became leader
2023-12-05 10:05:40,763 [main] INFO  ozone.MiniOzoneClusterImpl (MiniOzoneClusterImpl.java:lambda$waitForClusterToBeReady$0(229)) - Nodes are ready. Got 3 of 3 DN Heartbeats.
2023-12-05 10:05:40,764 [main] INFO  ozone.MiniOzoneClusterImpl (MiniOzoneClusterImpl.java:lambda$waitForClusterToBeReady$0(232)) - Waiting for cluster to exit safe mode
2023-12-05 10:05:40,764 [main] INFO  ozone.MiniOzoneClusterImpl (MiniOzoneClusterImpl.java:lambda$waitForClusterToBeReady$0(234)) - SCM became leader
2023-12-05 10:05:41,567 [91a75bad-db25-440f-8a5d-0b0b19abc853-PipelineCommandHandlerThread-0] INFO  server.RaftServer (RaftServerProxy.java:addNew(100)) - 91a75bad-db25-440f-8a5d-0b0b19abc853: addNew group-F3E0629BE60C:[91a75bad-db25-440f-8a5d-0b0b19abc853|10.1.0.7:15154] returns group-F3E0629BE60C:java.util.concurrent.CompletableFuture@220b0b65[Not completed]
2023-12-05 10:05:41,568 [91a75bad-db25-440f-8a5d-0b0b19abc853-groupManagement] INFO  server.RaftServer$Division (RaftServerImpl.java:<init>(256)) - 91a75bad-db25-440f-8a5d-0b0b19abc853: new RaftServerImpl for group-F3E0629BE60C:[91a75bad-db25-440f-8a5d-0b0b19abc853|10.1.0.7:15154] with ContainerStateMachine:uninitialized
2023-12-05 10:05:41,568 [91a75bad-db25-440f-8a5d-0b0b19abc853-groupManagement] INFO  server.RaftServerConfigKeys (ConfUtils.java:logGet(46)) - raft.server.rpc.timeout.min = 5s (custom)
2023-12-05 10:05:41,568 [91a75bad-db25-440f-8a5d-0b0b19abc853-groupManagement] INFO  server.RaftServerConfigKeys (ConfUtils.java:logGet(46)) - raft.server.rpc.timeout.max = 5200ms (custom)
2023-12-05 10:05:41,568 [91a75bad-db25-440f-8a5d-0b0b19abc853-groupManagement] INFO  server.RaftServerConfigKeys (ConfUtils.java:logGet(46)) - raft.server.rpc.sleep.time = 25ms (default)
2023-12-05 10:05:41,568 [91a75bad-db25-440f-8a5d-0b0b19abc853-groupManagement] INFO  server.RaftServerConfigKeys (ConfUtils.java:logGet(46)) - raft.server.rpc.slowness.timeout = 300s (custom)
2023-12-05 10:05:41,568 [91a75bad-db25-440f-8a5d-0b0b19abc853-groupManagement] INFO  server.RaftServerConfigKeys (ConfUtils.java:logGet(46)) - raft.server.leaderelection.leader.step-down.wait-time = 10s (default)
2023-12-05 10:05:41,569 [91a75bad-db25-440f-8a5d-0b0b19abc853-groupManagement] INFO  server.RaftServerConfigKeys (ConfUtils.java:logGet(46)) - raft.server.leaderelection.member.majority-add = false (default)
2023-12-05 10:05:41,569 [91a75bad-db25-440f-8a5d-0b0b19abc853-groupManagement] INFO  server.RaftServerConfigKeys (ConfUtils.java:logGet(46)) - raft.server.sleep.deviation.threshold = 300ms (default)
2023-12-05 10:05:41,569 [91a75bad-db25-440f-8a5d-0b0b19abc853-groupManagement] INFO  server.RaftServer$Division (ServerState.java:<init>(113)) - 91a75bad-db25-440f-8a5d-0b0b19abc853@group-F3E0629BE60C: ConfigurationManager, init=-1: peers:[91a75bad-db25-440f-8a5d-0b0b19abc853|10.1.0.7:15154]|listeners:[], old=null, confs=<EMPTY_MAP>
2023-12-05 10:05:41,569 [91a75bad-db25-440f-8a5d-0b0b19abc853-groupManagement] INFO  server.RaftServerConfigKeys (ConfUtils.java:logGet(46)) - raft.server.notification.no-leader.timeout = 300s (custom)
2023-12-05 10:05:41,569 [91a75bad-db25-440f-8a5d-0b0b19abc853-groupManagement] INFO  server.RaftServerConfigKeys (ConfUtils.java:logGet(46)) - raft.server.read.timeout = 10s (default)
2023-12-05 10:05:41,569 [91a75bad-db25-440f-8a5d-0b0b19abc853-groupManagement] INFO  server.RaftServerConfigKeys (ConfUtils.java:logGet(46)) - raft.server.retrycache.expirytime = 600000ms (custom)
2023-12-05 10:05:41,569 [91a75bad-db25-440f-8a5d-0b0b19abc853-groupManagement] INFO  server.RaftServerConfigKeys (ConfUtils.java:logGet(46)) - raft.server.retrycache.statistics.expirytime = 100ms (default)
2023-12-05 10:05:41,569 [91a75bad-db25-440f-8a5d-0b0b19abc853-groupManagement] INFO  server.RaftServerConfigKeys (ConfUtils.java:logGet(46)) - raft.server.read.option = DEFAULT (default)
2023-12-05 10:05:41,569 [91a75bad-db25-440f-8a5d-0b0b19abc853-groupManagement] INFO  server.RaftServerConfigKeys (ConfUtils.java:logGet(46)) - raft.server.read.read-after-write-consistent.write-index-cache.expiry-time = 60s (default)
2023-12-05 10:05:41,570 [91a75bad-db25-440f-8a5d-0b0b19abc853-groupManagement] INFO  server.RaftServerConfigKeys (ConfUtils.java:logGet(46)) - raft.server.rpc.request.timeout = 60s (custom)
2023-12-05 10:05:41,570 [91a75bad-db25-440f-8a5d-0b0b19abc853-groupManagement] INFO  server.RaftServerConfigKeys (ConfUtils.java:logGet(46)) - raft.server.log.appender.install.snapshot.enabled = false (custom)
2023-12-05 10:05:41,570 [91a75bad-db25-440f-8a5d-0b0b19abc853-groupManagement] INFO  server.RaftServerConfigKeys (ConfUtils.java:logGet(46)) - raft.server.threadpool.server.cached = true (default)
2023-12-05 10:05:41,570 [91a75bad-db25-440f-8a5d-0b0b19abc853-groupManagement] INFO  server.RaftServerConfigKeys (ConfUtils.java:logGet(46)) - raft.server.threadpool.server.size = 0 (default)
2023-12-05 10:05:41,570 [91a75bad-db25-440f-8a5d-0b0b19abc853-groupManagement] INFO  server.RaftServerConfigKeys (ConfUtils.java:logGet(46)) - raft.server.threadpool.client.cached = true (default)
2023-12-05 10:05:41,570 [91a75bad-db25-440f-8a5d-0b0b19abc853-groupManagement] INFO  server.RaftServerConfigKeys (ConfUtils.java:logGet(46)) - raft.server.threadpool.client.size = 0 (default)
2023-12-05 10:05:41,570 [91a75bad-db25-440f-8a5d-0b0b19abc853-groupManagement] INFO  server.RaftServerConfigKeys (ConfUtils.java:logGet(46)) - raft.server.storage.free-space.min = 0MB (=0) (default)
2023-12-05 10:05:41,570 [91a75bad-db25-440f-8a5d-0b0b19abc853-groupManagement] INFO  server.RaftServerConfigKeys (ConfUtils.java:logGet(46)) - raft.server.log.corruption.policy = EXCEPTION (default)
2023-12-05 10:05:41,571 [91a75bad-db25-440f-8a5d-0b0b19abc853-groupManagement] INFO  server.RaftServerConfigKeys (ConfUtils.java:logGet(46)) - raft.server.storage.dir = [/home/runner/work/ozone/ozone/hadoop-ozone/integration-test/target/test-dir/MiniOzoneClusterImpl-2d7daef6-be11-494e-bdf1-1c9d25d68037/datanode-0/data/ratis] (custom)
2023-12-05 10:05:41,571 [91a75bad-db25-440f-8a5d-0b0b19abc853-groupManagement] INFO  storage.RaftStorageDirectory (RaftStorageDirectoryImpl.java:analyzeStorage(138)) - The storage directory /home/runner/work/ozone/ozone/hadoop-ozone/integration-test/target/test-dir/MiniOzoneClusterImpl-2d7daef6-be11-494e-bdf1-1c9d25d68037/datanode-0/data/ratis/43633f54-5cca-44d4-97a6-f3e0629be60c does not exist. Creating ...
2023-12-05 10:05:41,572 [91a75bad-db25-440f-8a5d-0b0b19abc853-groupManagement] INFO  storage.RaftStorageDirectory (RaftStorageDirectoryImpl.java:tryLock(232)) - Lock on /home/runner/work/ozone/ozone/hadoop-ozone/integration-test/target/test-dir/MiniOzoneClusterImpl-2d7daef6-be11-494e-bdf1-1c9d25d68037/datanode-0/data/ratis/43633f54-5cca-44d4-97a6-f3e0629be60c/in_use.lock acquired by nodename 4813@fv-az884-53
2023-12-05 10:05:41,573 [91a75bad-db25-440f-8a5d-0b0b19abc853-groupManagement] INFO  storage.RaftStorage (RaftStorageImpl.java:format(97)) - Storage directory /home/runner/work/ozone/ozone/hadoop-ozone/integration-test/target/test-dir/MiniOzoneClusterImpl-2d7daef6-be11-494e-bdf1-1c9d25d68037/datanode-0/data/ratis/43633f54-5cca-44d4-97a6-f3e0629be60c has been successfully formatted.
2023-12-05 10:05:41,574 [91a75bad-db25-440f-8a5d-0b0b19abc853-groupManagement] INFO  ratis.ContainerStateMachine (ContainerStateMachine.java:loadSnapshot(269)) - group-F3E0629BE60C: The snapshot info is null. Setting the last applied indexto:(t:0, i:~)
2023-12-05 10:05:41,574 [91a75bad-db25-440f-8a5d-0b0b19abc853-groupManagement] INFO  server.RaftServerConfigKeys (ConfUtils.java:logGet(46)) - raft.server.log.use.memory = false (default)
2023-12-05 10:05:41,574 [91a75bad-db25-440f-8a5d-0b0b19abc853-groupManagement] INFO  server.RaftServerConfigKeys (ConfUtils.java:logGet(46)) - raft.server.log.purge.gap = 1000000 (custom)
2023-12-05 10:05:41,574 [91a75bad-db25-440f-8a5d-0b0b19abc853-groupManagement] INFO  server.RaftServerConfigKeys (ConfUtils.java:logGet(46)) - raft.server.log.appender.buffer.byte-limit = 8388608 (custom)
2023-12-05 10:05:41,574 [91a75bad-db25-440f-8a5d-0b0b19abc853-groupManagement] INFO  server.RaftServerConfigKeys (ConfUtils.java:logGet(46)) - raft.server.log.statemachine.data.read.timeout = 1000ms (default)
2023-12-05 10:05:41,574 [91a75bad-db25-440f-8a5d-0b0b19abc853-groupManagement] INFO  server.RaftServerConfigKeys (ConfUtils.java:logGet(46)) - raft.server.log.purge.preservation.log.num = 0 (default)
2023-12-05 10:05:41,575 [91a75bad-db25-440f-8a5d-0b0b19abc853-groupManagement] INFO  server.RaftServerConfigKeys (ConfUtils.java:logGet(46)) - raft.server.log.segment.size.max = 67108864 (custom)
2023-12-05 10:05:41,575 [91a75bad-db25-440f-8a5d-0b0b19abc853-groupManagement] INFO  server.RaftServerConfigKeys (ConfUtils.java:logGet(46)) - raft.server.log.segment.cache.num.max = 2 (custom)
2023-12-05 10:05:41,575 [91a75bad-db25-440f-8a5d-0b0b19abc853-groupManagement] INFO  server.RaftServerConfigKeys (ConfUtils.java:logGet(46)) - raft.server.log.segment.cache.size.max = 200MB (=209715200) (default)
2023-12-05 10:05:41,575 [91a75bad-db25-440f-8a5d-0b0b19abc853-groupManagement] INFO  server.RaftServerConfigKeys (ConfUtils.java:logGet(46)) - raft.server.log.appender.buffer.byte-limit = 8388608 (custom)
2023-12-05 10:05:41,575 [EventQueue-PipelineReportForPipelineReportHandler] INFO  pipeline.PipelineReportHandler (PipelineReportHandler.java:processPipelineReport(136)) - Opened pipeline PipelineID=43633f54-5cca-44d4-97a6-f3e0629be60c
2023-12-05 10:05:41,575 [91a75bad-db25-440f-8a5d-0b0b19abc853-groupManagement] INFO  util.AwaitToRun (AwaitToRun.java:start(81)) - Thread[91a75bad-db25-440f-8a5d-0b0b19abc853@group-F3E0629BE60C-cacheEviction-AwaitToRun,5,main] started
2023-12-05 10:05:41,576 [91a75bad-db25-440f-8a5d-0b0b19abc853-groupManagement] INFO  segmented.SegmentedRaftLogWorker (SegmentedRaftLogWorker.java:<init>(184)) - new 91a75bad-db25-440f-8a5d-0b0b19abc853@group-F3E0629BE60C-SegmentedRaftLogWorker for RaftStorageImpl:Storage Directory /home/runner/work/ozone/ozone/hadoop-ozone/integration-test/target/test-dir/MiniOzoneClusterImpl-2d7daef6-be11-494e-bdf1-1c9d25d68037/datanode-0/data/ratis/43633f54-5cca-44d4-97a6-f3e0629be60c
2023-12-05 10:05:41,576 [91a75bad-db25-440f-8a5d-0b0b19abc853-groupManagement] INFO  server.RaftServerConfigKeys (ConfUtils.java:logGet(46)) - raft.server.log.queue.byte-limit = 4294967296 (custom)
2023-12-05 10:05:41,576 [91a75bad-db25-440f-8a5d-0b0b19abc853-groupManagement] INFO  server.RaftServerConfigKeys (ConfUtils.java:logGet(46)) - raft.server.log.queue.element-limit = 1024 (custom)
2023-12-05 10:05:41,576 [91a75bad-db25-440f-8a5d-0b0b19abc853-groupManagement] INFO  server.RaftServerConfigKeys (ConfUtils.java:logGet(46)) - raft.server.log.segment.size.max = 67108864 (custom)
2023-12-05 10:05:41,576 [91a75bad-db25-440f-8a5d-0b0b19abc853-groupManagement] INFO  server.RaftServerConfigKeys (ConfUtils.java:logGet(46)) - raft.server.log.preallocated.size = 4194304 (custom)
2023-12-05 10:05:41,576 [91a75bad-db25-440f-8a5d-0b0b19abc853-groupManagement] INFO  server.RaftServerConfigKeys (ConfUtils.java:logGet(46)) - raft.server.log.force.sync.num = 128 (default)
2023-12-05 10:05:41,576 [EventQueue-OpenPipelineForHealthyPipelineSafeModeRule] INFO  safemode.SCMSafeModeManager (HealthyPipelineSafeModeRule.java:process(137)) - SCM in safe mode. Healthy pipelines reported count is 0, required healthy pipeline reported count is 1
2023-12-05 10:05:41,576 [91a75bad-db25-440f-8a5d-0b0b19abc853-groupManagement] INFO  server.RaftServerConfigKeys (ConfUtils.java:logGet(46)) - raft.server.log.statemachine.data.sync = true (default)
2023-12-05 10:05:41,577 [91a75bad-db25-440f-8a5d-0b0b19abc853-groupManagement] INFO  server.RaftServerConfigKeys (ConfUtils.java:logGet(46)) - raft.server.log.statemachine.data.sync.timeout = 10s (default)
2023-12-05 10:05:41,577 [91a75bad-db25-440f-8a5d-0b0b19abc853-groupManagement] INFO  server.RaftServerConfigKeys (ConfUtils.java:logGet(46)) - raft.server.log.statemachine.data.sync.timeout.retry = 0 (custom)
2023-12-05 10:05:41,577 [91a75bad-db25-440f-8a5d-0b0b19abc853-groupManagement] INFO  server.RaftServerConfigKeys (ConfUtils.java:logGet(46)) - raft.server.log.write.buffer.size = 8388616 (custom)
2023-12-05 10:05:41,579 [91a75bad-db25-440f-8a5d-0b0b19abc853-groupManagement] INFO  server.RaftServerConfigKeys (ConfUtils.java:logGet(46)) - raft.server.log.appender.buffer.byte-limit = 8388608 (custom)
2023-12-05 10:05:41,579 [91a75bad-db25-440f-8a5d-0b0b19abc853-groupManagement] INFO  server.RaftServerConfigKeys (ConfUtils.java:logGet(46)) - raft.server.log.unsafe-flush.enabled = false (default)
2023-12-05 10:05:41,579 [91a75bad-db25-440f-8a5d-0b0b19abc853-groupManagement] INFO  server.RaftServerConfigKeys (ConfUtils.java:logGet(46)) - raft.server.log.async-flush.enabled = false (default)
2023-12-05 10:05:41,579 [91a75bad-db25-440f-8a5d-0b0b19abc853-groupManagement] INFO  server.RaftServerConfigKeys (ConfUtils.java:logGet(46)) - raft.server.log.statemachine.data.caching.enabled = true (custom)
2023-12-05 10:05:41,579 [91a75bad-db25-440f-8a5d-0b0b19abc853-groupManagement] INFO  segmented.SegmentedRaftLogWorker (SegmentedRaftLogWorker.java:lambda$new$0(135)) - 91a75bad-db25-440f-8a5d-0b0b19abc853@group-F3E0629BE60C-SegmentedRaftLogWorker: flushIndex: setUnconditionally 0 -> -1
2023-12-05 10:05:41,579 [91a75bad-db25-440f-8a5d-0b0b19abc853-groupManagement] INFO  segmented.SegmentedRaftLogWorker (SegmentedRaftLogWorker.java:lambda$new$0(135)) - 91a75bad-db25-440f-8a5d-0b0b19abc853@group-F3E0629BE60C-SegmentedRaftLogWorker: safeCacheEvictIndex: setUnconditionally 0 -> -1
2023-12-05 10:05:41,580 [91a75bad-db25-440f-8a5d-0b0b19abc853-groupManagement] INFO  server.RaftServer$Division (RaftServerImpl.java:start(392)) - 91a75bad-db25-440f-8a5d-0b0b19abc853@group-F3E0629BE60C: start as a follower, conf=-1: peers:[91a75bad-db25-440f-8a5d-0b0b19abc853|10.1.0.7:15154]|listeners:[], old=null
2023-12-05 10:05:41,580 [91a75bad-db25-440f-8a5d-0b0b19abc853-groupManagement] INFO  server.RaftServer$Division (RaftServerImpl.java:setRole(379)) - 91a75bad-db25-440f-8a5d-0b0b19abc853@group-F3E0629BE60C: changes role from      null to FOLLOWER at term 0 for startAsFollower
2023-12-05 10:05:41,580 [91a75bad-db25-440f-8a5d-0b0b19abc853-groupManagement] INFO  impl.RoleInfo (RoleInfo.java:updateAndGet(139)) - 91a75bad-db25-440f-8a5d-0b0b19abc853: start 91a75bad-db25-440f-8a5d-0b0b19abc853@group-F3E0629BE60C-FollowerState
2023-12-05 10:05:41,580 [91a75bad-db25-440f-8a5d-0b0b19abc853-groupManagement] INFO  util.JmxRegister (JmxRegister.java:tryRegister(44)) - Successfully registered JMX Bean with object name Ratis:service=RaftServer,group=group-F3E0629BE60C,id=91a75bad-db25-440f-8a5d-0b0b19abc853
2023-12-05 10:05:41,580 [91a75bad-db25-440f-8a5d-0b0b19abc853-groupManagement] INFO  server.RaftServerConfigKeys (ConfUtils.java:logGet(46)) - raft.server.snapshot.trigger-when-stop.enabled = true (default)
2023-12-05 10:05:41,580 [91a75bad-db25-440f-8a5d-0b0b19abc853-groupManagement] INFO  server.RaftServerConfigKeys (ConfUtils.java:logGet(46)) - raft.server.snapshot.auto.trigger.enabled = true (custom)
2023-12-05 10:05:41,581 [91a75bad-db25-440f-8a5d-0b0b19abc853-groupManagement] INFO  server.RaftServerConfigKeys (ConfUtils.java:logGet(46)) - raft.server.snapshot.auto.trigger.threshold = 10000 (custom)
2023-12-05 10:05:41,581 [91a75bad-db25-440f-8a5d-0b0b19abc853-groupManagement] INFO  server.RaftServerConfigKeys (ConfUtils.java:logGet(46)) - raft.server.snapshot.retention.file.num = 5 (custom)
2023-12-05 10:05:41,581 [91a75bad-db25-440f-8a5d-0b0b19abc853-groupManagement] INFO  server.RaftServerConfigKeys (ConfUtils.java:logGet(46)) - raft.server.log.purge.upto.snapshot.index = false (default)
2023-12-05 10:05:41,581 [91a75bad-db25-440f-8a5d-0b0b19abc853@group-F3E0629BE60C-FollowerState] INFO  server.RaftServerConfigKeys (ConfUtils.java:logFallback(53)) - raft.server.rpc.first-election.timeout.min = 5s (fallback to raft.server.rpc.timeout.min)
2023-12-05 10:05:41,581 [91a75bad-db25-440f-8a5d-0b0b19abc853@group-F3E0629BE60C-FollowerState] INFO  server.RaftServerConfigKeys (ConfUtils.java:logFallback(53)) - raft.server.rpc.first-election.timeout.max = 5200ms (fallback to raft.server.rpc.timeout.max)
2023-12-05 10:05:41,581 [91a75bad-db25-440f-8a5d-0b0b19abc853-PipelineCommandHandlerThread-0] INFO  ratis.XceiverServerRatis (XceiverServerRatis.java:addGroup(837)) - Created group PipelineID=43633f54-5cca-44d4-97a6-f3e0629be60c
2023-12-05 10:05:41,581 [91a75bad-db25-440f-8a5d-0b0b19abc853-PipelineCommandHandlerThread-0] INFO  commandhandler.CreatePipelineCommandHandler (CreatePipelineCommandHandler.java:lambda$handle$2(124)) - Created Pipeline RATIS ONE PipelineID=43633f54-5cca-44d4-97a6-f3e0629be60c.
2023-12-05 10:05:41,582 [91a75bad-db25-440f-8a5d-0b0b19abc853-PipelineCommandHandlerThread-0] INFO  server.RaftServer (RaftServerProxy.java:addNew(100)) - 91a75bad-db25-440f-8a5d-0b0b19abc853: addNew group-1A41835926C4:[91a75bad-db25-440f-8a5d-0b0b19abc853|10.1.0.7:15154, e173000e-ec0a-44a3-afc0-889131a99fbf|10.1.0.7:15163, 51001832-6223-4e01-9f82-66e4e6dc013b|10.1.0.7:15172] returns group-1A41835926C4:java.util.concurrent.CompletableFuture@26348bfc[Not completed]
2023-12-05 10:05:41,583 [91a75bad-db25-440f-8a5d-0b0b19abc853-groupManagement] INFO  server.RaftServer$Division (RaftServerImpl.java:<init>(256)) - 91a75bad-db25-440f-8a5d-0b0b19abc853: new RaftServerImpl for group-1A41835926C4:[91a75bad-db25-440f-8a5d-0b0b19abc853|10.1.0.7:15154, e173000e-ec0a-44a3-afc0-889131a99fbf|10.1.0.7:15163, 51001832-6223-4e01-9f82-66e4e6dc013b|10.1.0.7:15172] with ContainerStateMachine:uninitialized
2023-12-05 10:05:41,583 [91a75bad-db25-440f-8a5d-0b0b19abc853-groupManagement] INFO  server.RaftServerConfigKeys (ConfUtils.java:logGet(46)) - raft.server.rpc.timeout.min = 5s (custom)
2023-12-05 10:05:41,583 [91a75bad-db25-440f-8a5d-0b0b19abc853-groupManagement] INFO  server.RaftServerConfigKeys (ConfUtils.java:logGet(46)) - raft.server.rpc.timeout.max = 5200ms (custom)
2023-12-05 10:05:41,583 [91a75bad-db25-440f-8a5d-0b0b19abc853-groupManagement] INFO  server.RaftServerConfigKeys (ConfUtils.java:logGet(46)) - raft.server.rpc.sleep.time = 25ms (default)
2023-12-05 10:05:41,583 [91a75bad-db25-440f-8a5d-0b0b19abc853-groupManagement] INFO  server.RaftServerConfigKeys (ConfUtils.java:logGet(46)) - raft.server.rpc.slowness.timeout = 300s (custom)
2023-12-05 10:05:41,583 [91a75bad-db25-440f-8a5d-0b0b19abc853-groupManagement] INFO  server.RaftServerConfigKeys (ConfUtils.java:logGet(46)) - raft.server.leaderelection.leader.step-down.wait-time = 10s (default)
2023-12-05 10:05:41,583 [91a75bad-db25-440f-8a5d-0b0b19abc853-groupManagement] INFO  server.RaftServerConfigKeys (ConfUtils.java:logGet(46)) - raft.server.leaderelection.member.majority-add = false (default)
2023-12-05 10:05:41,583 [91a75bad-db25-440f-8a5d-0b0b19abc853-groupManagement] INFO  server.RaftServerConfigKeys (ConfUtils.java:logGet(46)) - raft.server.sleep.deviation.threshold = 300ms (default)
2023-12-05 10:05:41,583 [91a75bad-db25-440f-8a5d-0b0b19abc853-groupManagement] INFO  server.RaftServer$Division (ServerState.java:<init>(113)) - 91a75bad-db25-440f-8a5d-0b0b19abc853@group-1A41835926C4: ConfigurationManager, init=-1: peers:[91a75bad-db25-440f-8a5d-0b0b19abc853|10.1.0.7:15154, e173000e-ec0a-44a3-afc0-889131a99fbf|10.1.0.7:15163, 51001832-6223-4e01-9f82-66e4e6dc013b|10.1.0.7:15172]|listeners:[], old=null, confs=<EMPTY_MAP>
2023-12-05 10:05:41,583 [91a75bad-db25-440f-8a5d-0b0b19abc853-groupManagement] INFO  server.RaftServerConfigKeys (ConfUtils.java:logGet(46)) - raft.server.notification.no-leader.timeout = 300s (custom)
2023-12-05 10:05:41,583 [91a75bad-db25-440f-8a5d-0b0b19abc853-groupManagement] INFO  server.RaftServerConfigKeys (ConfUtils.java:logGet(46)) - raft.server.read.timeout = 10s (default)
2023-12-05 10:05:41,583 [91a75bad-db25-440f-8a5d-0b0b19abc853-groupManagement] INFO  server.RaftServerConfigKeys (ConfUtils.java:logGet(46)) - raft.server.retrycache.expirytime = 600000ms (custom)
2023-12-05 10:05:41,583 [91a75bad-db25-440f-8a5d-0b0b19abc853-groupManagement] INFO  server.RaftServerConfigKeys (ConfUtils.java:logGet(46)) - raft.server.retrycache.statistics.expirytime = 100ms (default)
2023-12-05 10:05:41,583 [91a75bad-db25-440f-8a5d-0b0b19abc853-groupManagement] INFO  server.RaftServerConfigKeys (ConfUtils.java:logGet(46)) - raft.server.read.option = DEFAULT (default)
2023-12-05 10:05:41,583 [91a75bad-db25-440f-8a5d-0b0b19abc853-groupManagement] INFO  server.RaftServerConfigKeys (ConfUtils.java:logGet(46)) - raft.server.read.read-after-write-consistent.write-index-cache.expiry-time = 60s (default)
2023-12-05 10:05:41,584 [91a75bad-db25-440f-8a5d-0b0b19abc853-groupManagement] INFO  server.RaftServerConfigKeys (ConfUtils.java:logGet(46)) - raft.server.rpc.request.timeout = 60s (custom)
2023-12-05 10:05:41,584 [91a75bad-db25-440f-8a5d-0b0b19abc853-groupManagement] INFO  server.RaftServerConfigKeys (ConfUtils.java:logGet(46)) - raft.server.log.appender.install.snapshot.enabled = false (custom)
2023-12-05 10:05:41,584 [91a75bad-db25-440f-8a5d-0b0b19abc853-groupManagement] INFO  server.RaftServerConfigKeys (ConfUtils.java:logGet(46)) - raft.server.threadpool.server.cached = true (default)
2023-12-05 10:05:41,584 [91a75bad-db25-440f-8a5d-0b0b19abc853-groupManagement] INFO  server.RaftServerConfigKeys (ConfUtils.java:logGet(46)) - raft.server.threadpool.server.size = 0 (default)
2023-12-05 10:05:41,585 [91a75bad-db25-440f-8a5d-0b0b19abc853-groupManagement] INFO  server.RaftServerConfigKeys (ConfUtils.java:logGet(46)) - raft.server.threadpool.client.cached = true (default)
2023-12-05 10:05:41,585 [91a75bad-db25-440f-8a5d-0b0b19abc853-groupManagement] INFO  server.RaftServerConfigKeys (ConfUtils.java:logGet(46)) - raft.server.threadpool.client.size = 0 (default)
2023-12-05 10:05:41,585 [91a75bad-db25-440f-8a5d-0b0b19abc853-groupManagement] INFO  server.RaftServerConfigKeys (ConfUtils.java:logGet(46)) - raft.server.storage.free-space.min = 0MB (=0) (default)
2023-12-05 10:05:41,585 [91a75bad-db25-440f-8a5d-0b0b19abc853-groupManagement] INFO  server.RaftServerConfigKeys (ConfUtils.java:logGet(46)) - raft.server.log.corruption.policy = EXCEPTION (default)
2023-12-05 10:05:41,585 [91a75bad-db25-440f-8a5d-0b0b19abc853-groupManagement] INFO  server.RaftServerConfigKeys (ConfUtils.java:logGet(46)) - raft.server.storage.dir = [/home/runner/work/ozone/ozone/hadoop-ozone/integration-test/target/test-dir/MiniOzoneClusterImpl-2d7daef6-be11-494e-bdf1-1c9d25d68037/datanode-0/data/ratis] (custom)
2023-12-05 10:05:41,585 [91a75bad-db25-440f-8a5d-0b0b19abc853-groupManagement] INFO  storage.RaftStorageDirectory (RaftStorageDirectoryImpl.java:analyzeStorage(138)) - The storage directory /home/runner/work/ozone/ozone/hadoop-ozone/integration-test/target/test-dir/MiniOzoneClusterImpl-2d7daef6-be11-494e-bdf1-1c9d25d68037/datanode-0/data/ratis/66dd9119-27fc-4b1c-a417-1a41835926c4 does not exist. Creating ...
2023-12-05 10:05:41,586 [91a75bad-db25-440f-8a5d-0b0b19abc853-groupManagement] INFO  storage.RaftStorageDirectory (RaftStorageDirectoryImpl.java:tryLock(232)) - Lock on /home/runner/work/ozone/ozone/hadoop-ozone/integration-test/target/test-dir/MiniOzoneClusterImpl-2d7daef6-be11-494e-bdf1-1c9d25d68037/datanode-0/data/ratis/66dd9119-27fc-4b1c-a417-1a41835926c4/in_use.lock acquired by nodename 4813@fv-az884-53
2023-12-05 10:05:41,587 [91a75bad-db25-440f-8a5d-0b0b19abc853-groupManagement] INFO  storage.RaftStorage (RaftStorageImpl.java:format(97)) - Storage directory /home/runner/work/ozone/ozone/hadoop-ozone/integration-test/target/test-dir/MiniOzoneClusterImpl-2d7daef6-be11-494e-bdf1-1c9d25d68037/datanode-0/data/ratis/66dd9119-27fc-4b1c-a417-1a41835926c4 has been successfully formatted.
2023-12-05 10:05:41,587 [91a75bad-db25-440f-8a5d-0b0b19abc853-groupManagement] INFO  ratis.ContainerStateMachine (ContainerStateMachine.java:loadSnapshot(269)) - group-1A41835926C4: The snapshot info is null. Setting the last applied indexto:(t:0, i:~)
2023-12-05 10:05:41,587 [91a75bad-db25-440f-8a5d-0b0b19abc853-groupManagement] INFO  server.RaftServerConfigKeys (ConfUtils.java:logGet(46)) - raft.server.log.use.memory = false (default)
2023-12-05 10:05:41,587 [91a75bad-db25-440f-8a5d-0b0b19abc853-groupManagement] INFO  server.RaftServerConfigKeys (ConfUtils.java:logGet(46)) - raft.server.log.purge.gap = 1000000 (custom)
2023-12-05 10:05:41,587 [91a75bad-db25-440f-8a5d-0b0b19abc853-groupManagement] INFO  server.RaftServerConfigKeys (ConfUtils.java:logGet(46)) - raft.server.log.appender.buffer.byte-limit = 8388608 (custom)
2023-12-05 10:05:41,587 [91a75bad-db25-440f-8a5d-0b0b19abc853-groupManagement] INFO  server.RaftServerConfigKeys (ConfUtils.java:logGet(46)) - raft.server.log.statemachine.data.read.timeout = 1000ms (default)
2023-12-05 10:05:41,587 [91a75bad-db25-440f-8a5d-0b0b19abc853-groupManagement] INFO  server.RaftServerConfigKeys (ConfUtils.java:logGet(46)) - raft.server.log.purge.preservation.log.num = 0 (default)
2023-12-05 10:05:41,588 [91a75bad-db25-440f-8a5d-0b0b19abc853-groupManagement] INFO  server.RaftServerConfigKeys (ConfUtils.java:logGet(46)) - raft.server.log.segment.size.max = 67108864 (custom)
2023-12-05 10:05:41,588 [91a75bad-db25-440f-8a5d-0b0b19abc853-groupManagement] INFO  server.RaftServerConfigKeys (ConfUtils.java:logGet(46)) - raft.server.log.segment.cache.num.max = 2 (custom)
2023-12-05 10:05:41,588 [91a75bad-db25-440f-8a5d-0b0b19abc853-groupManagement] INFO  server.RaftServerConfigKeys (ConfUtils.java:logGet(46)) - raft.server.log.segment.cache.size.max = 200MB (=209715200) (default)
2023-12-05 10:05:41,588 [91a75bad-db25-440f-8a5d-0b0b19abc853-groupManagement] INFO  server.RaftServerConfigKeys (ConfUtils.java:logGet(46)) - raft.server.log.appender.buffer.byte-limit = 8388608 (custom)
2023-12-05 10:05:41,589 [91a75bad-db25-440f-8a5d-0b0b19abc853-groupManagement] INFO  util.AwaitToRun (AwaitToRun.java:start(81)) - Thread[91a75bad-db25-440f-8a5d-0b0b19abc853@group-1A41835926C4-cacheEviction-AwaitToRun,5,main] started
2023-12-05 10:05:41,589 [91a75bad-db25-440f-8a5d-0b0b19abc853-groupManagement] INFO  segmented.SegmentedRaftLogWorker (SegmentedRaftLogWorker.java:<init>(184)) - new 91a75bad-db25-440f-8a5d-0b0b19abc853@group-1A41835926C4-SegmentedRaftLogWorker for RaftStorageImpl:Storage Directory /home/runner/work/ozone/ozone/hadoop-ozone/integration-test/target/test-dir/MiniOzoneClusterImpl-2d7daef6-be11-494e-bdf1-1c9d25d68037/datanode-0/data/ratis/66dd9119-27fc-4b1c-a417-1a41835926c4
2023-12-05 10:05:41,589 [EventQueue-OpenPipelineForHealthyPipelineSafeModeRule] INFO  safemode.SCMSafeModeManager (HealthyPipelineSafeModeRule.java:process(137)) - SCM in safe mode. Healthy pipelines reported count is 0, required healthy pipeline reported count is 1
2023-12-05 10:05:41,589 [91a75bad-db25-440f-8a5d-0b0b19abc853-groupManagement] INFO  server.RaftServerConfigKeys (ConfUtils.java:logGet(46)) - raft.server.log.queue.byte-limit = 4294967296 (custom)
2023-12-05 10:05:41,589 [91a75bad-db25-440f-8a5d-0b0b19abc853-groupManagement] INFO  server.RaftServerConfigKeys (ConfUtils.java:logGet(46)) - raft.server.log.queue.element-limit = 1024 (custom)
2023-12-05 10:05:41,589 [91a75bad-db25-440f-8a5d-0b0b19abc853-groupManagement] INFO  server.RaftServerConfigKeys (ConfUtils.java:logGet(46)) - raft.server.log.segment.size.max = 67108864 (custom)
2023-12-05 10:05:41,589 [91a75bad-db25-440f-8a5d-0b0b19abc853-groupManagement] INFO  server.RaftServerConfigKeys (ConfUtils.java:logGet(46)) - raft.server.log.preallocated.size = 4194304 (custom)
2023-12-05 10:05:41,589 [91a75bad-db25-440f-8a5d-0b0b19abc853-groupManagement] INFO  server.RaftServerConfigKeys (ConfUtils.java:logGet(46)) - raft.server.log.force.sync.num = 128 (default)
2023-12-05 10:05:41,589 [91a75bad-db25-440f-8a5d-0b0b19abc853-groupManagement] INFO  server.RaftServerConfigKeys (ConfUtils.java:logGet(46)) - raft.server.log.statemachine.data.sync = true (default)
2023-12-05 10:05:41,589 [91a75bad-db25-440f-8a5d-0b0b19abc853-groupManagement] INFO  server.RaftServerConfigKeys (ConfUtils.java:logGet(46)) - raft.server.log.statemachine.data.sync.timeout = 10s (default)
2023-12-05 10:05:41,589 [91a75bad-db25-440f-8a5d-0b0b19abc853-groupManagement] INFO  server.RaftServerConfigKeys (ConfUtils.java:logGet(46)) - raft.server.log.statemachine.data.sync.timeout.retry = 0 (custom)
2023-12-05 10:05:41,589 [91a75bad-db25-440f-8a5d-0b0b19abc853-groupManagement] INFO  server.RaftServerConfigKeys (ConfUtils.java:logGet(46)) - raft.server.log.write.buffer.size = 8388616 (custom)
2023-12-05 10:05:41,591 [91a75bad-db25-440f-8a5d-0b0b19abc853-groupManagement] INFO  server.RaftServerConfigKeys (ConfUtils.java:logGet(46)) - raft.server.log.appender.buffer.byte-limit = 8388608 (custom)
2023-12-05 10:05:41,592 [91a75bad-db25-440f-8a5d-0b0b19abc853-groupManagement] INFO  server.RaftServerConfigKeys (ConfUtils.java:logGet(46)) - raft.server.log.unsafe-flush.enabled = false (default)
2023-12-05 10:05:41,592 [91a75bad-db25-440f-8a5d-0b0b19abc853-groupManagement] INFO  server.RaftServerConfigKeys (ConfUtils.java:logGet(46)) - raft.server.log.async-flush.enabled = false (default)
2023-12-05 10:05:41,592 [91a75bad-db25-440f-8a5d-0b0b19abc853-groupManagement] INFO  server.RaftServerConfigKeys (ConfUtils.java:logGet(46)) - raft.server.log.statemachine.data.caching.enabled = true (custom)
2023-12-05 10:05:41,592 [91a75bad-db25-440f-8a5d-0b0b19abc853-groupManagement] INFO  segmented.SegmentedRaftLogWorker (SegmentedRaftLogWorker.java:lambda$new$0(135)) - 91a75bad-db25-440f-8a5d-0b0b19abc853@group-1A41835926C4-SegmentedRaftLogWorker: flushIndex: setUnconditionally 0 -> -1
2023-12-05 10:05:41,592 [91a75bad-db25-440f-8a5d-0b0b19abc853-groupManagement] INFO  segmented.SegmentedRaftLogWorker (SegmentedRaftLogWorker.java:lambda$new$0(135)) - 91a75bad-db25-440f-8a5d-0b0b19abc853@group-1A41835926C4-SegmentedRaftLogWorker: safeCacheEvictIndex: setUnconditionally 0 -> -1
2023-12-05 10:05:41,592 [91a75bad-db25-440f-8a5d-0b0b19abc853-groupManagement] INFO  server.RaftServer$Division (RaftServerImpl.java:start(392)) - 91a75bad-db25-440f-8a5d-0b0b19abc853@group-1A41835926C4: start as a follower, conf=-1: peers:[91a75bad-db25-440f-8a5d-0b0b19abc853|10.1.0.7:15154, e173000e-ec0a-44a3-afc0-889131a99fbf|10.1.0.7:15163, 51001832-6223-4e01-9f82-66e4e6dc013b|10.1.0.7:15172]|listeners:[], old=null
2023-12-05 10:05:41,592 [91a75bad-db25-440f-8a5d-0b0b19abc853-groupManagement] INFO  server.RaftServer$Division (RaftServerImpl.java:setRole(379)) - 91a75bad-db25-440f-8a5d-0b0b19abc853@group-1A41835926C4: changes role from      null to FOLLOWER at term 0 for startAsFollower
2023-12-05 10:05:41,592 [91a75bad-db25-440f-8a5d-0b0b19abc853-groupManagement] INFO  impl.RoleInfo (RoleInfo.java:updateAndGet(139)) - 91a75bad-db25-440f-8a5d-0b0b19abc853: start 91a75bad-db25-440f-8a5d-0b0b19abc853@group-1A41835926C4-FollowerState
2023-12-05 10:05:41,593 [91a75bad-db25-440f-8a5d-0b0b19abc853@group-1A41835926C4-FollowerState] INFO  server.RaftServerConfigKeys (ConfUtils.java:logFallback(53)) - raft.server.rpc.first-election.timeout.min = 5s (fallback to raft.server.rpc.timeout.min)
2023-12-05 10:05:41,593 [91a75bad-db25-440f-8a5d-0b0b19abc853-groupManagement] INFO  util.JmxRegister (JmxRegister.java:tryRegister(44)) - Successfully registered JMX Bean with object name Ratis:service=RaftServer,group=group-1A41835926C4,id=91a75bad-db25-440f-8a5d-0b0b19abc853
2023-12-05 10:05:41,593 [91a75bad-db25-440f-8a5d-0b0b19abc853@group-1A41835926C4-FollowerState] INFO  server.RaftServerConfigKeys (ConfUtils.java:logFallback(53)) - raft.server.rpc.first-election.timeout.max = 5200ms (fallback to raft.server.rpc.timeout.max)
2023-12-05 10:05:41,593 [91a75bad-db25-440f-8a5d-0b0b19abc853-groupManagement] INFO  server.RaftServerConfigKeys (ConfUtils.java:logGet(46)) - raft.server.snapshot.trigger-when-stop.enabled = true (default)
2023-12-05 10:05:41,593 [91a75bad-db25-440f-8a5d-0b0b19abc853-groupManagement] INFO  server.RaftServerConfigKeys (ConfUtils.java:logGet(46)) - raft.server.snapshot.auto.trigger.enabled = true (custom)
2023-12-05 10:05:41,593 [91a75bad-db25-440f-8a5d-0b0b19abc853-groupManagement] INFO  server.RaftServerConfigKeys (ConfUtils.java:logGet(46)) - raft.server.snapshot.auto.trigger.threshold = 10000 (custom)
2023-12-05 10:05:41,593 [91a75bad-db25-440f-8a5d-0b0b19abc853-groupManagement] INFO  server.RaftServerConfigKeys (ConfUtils.java:logGet(46)) - raft.server.snapshot.retention.file.num = 5 (custom)
2023-12-05 10:05:41,593 [91a75bad-db25-440f-8a5d-0b0b19abc853-groupManagement] INFO  server.RaftServerConfigKeys (ConfUtils.java:logGet(46)) - raft.server.log.purge.upto.snapshot.index = false (default)
2023-12-05 10:05:41,594 [91a75bad-db25-440f-8a5d-0b0b19abc853-PipelineCommandHandlerThread-0] INFO  ratis.XceiverServerRatis (XceiverServerRatis.java:addGroup(837)) - Created group PipelineID=66dd9119-27fc-4b1c-a417-1a41835926c4
2023-12-05 10:05:41,609 [grpc-default-executor-0] INFO  server.RaftServer (RaftServerProxy.java:addNew(100)) - e173000e-ec0a-44a3-afc0-889131a99fbf: addNew group-1A41835926C4:[91a75bad-db25-440f-8a5d-0b0b19abc853|10.1.0.7:15154, e173000e-ec0a-44a3-afc0-889131a99fbf|10.1.0.7:15163, 51001832-6223-4e01-9f82-66e4e6dc013b|10.1.0.7:15172] returns group-1A41835926C4:java.util.concurrent.CompletableFuture@703dee1[Not completed]
2023-12-05 10:05:41,610 [e173000e-ec0a-44a3-afc0-889131a99fbf-groupManagement] INFO  server.RaftServer$Division (RaftServerImpl.java:<init>(256)) - e173000e-ec0a-44a3-afc0-889131a99fbf: new RaftServerImpl for group-1A41835926C4:[91a75bad-db25-440f-8a5d-0b0b19abc853|10.1.0.7:15154, e173000e-ec0a-44a3-afc0-889131a99fbf|10.1.0.7:15163, 51001832-6223-4e01-9f82-66e4e6dc013b|10.1.0.7:15172] with ContainerStateMachine:uninitialized
2023-12-05 10:05:41,610 [e173000e-ec0a-44a3-afc0-889131a99fbf-groupManagement] INFO  server.RaftServerConfigKeys (ConfUtils.java:logGet(46)) - raft.server.rpc.timeout.min = 5s (custom)
2023-12-05 10:05:41,612 [e173000e-ec0a-44a3-afc0-889131a99fbf-groupManagement] INFO  server.RaftServerConfigKeys (ConfUtils.java:logGet(46)) - raft.server.rpc.timeout.max = 5200ms (custom)
2023-12-05 10:05:41,612 [e173000e-ec0a-44a3-afc0-889131a99fbf-groupManagement] INFO  server.RaftServerConfigKeys (ConfUtils.java:logGet(46)) - raft.server.rpc.sleep.time = 25ms (default)
2023-12-05 10:05:41,612 [e173000e-ec0a-44a3-afc0-889131a99fbf-groupManagement] INFO  server.RaftServerConfigKeys (ConfUtils.java:logGet(46)) - raft.server.rpc.slowness.timeout = 300s (custom)
2023-12-05 10:05:41,612 [e173000e-ec0a-44a3-afc0-889131a99fbf-groupManagement] INFO  server.RaftServerConfigKeys (ConfUtils.java:logGet(46)) - raft.server.leaderelection.leader.step-down.wait-time = 10s (default)
2023-12-05 10:05:41,612 [e173000e-ec0a-44a3-afc0-889131a99fbf-groupManagement] INFO  server.RaftServerConfigKeys (ConfUtils.java:logGet(46)) - raft.server.leaderelection.member.majority-add = false (default)
2023-12-05 10:05:41,612 [e173000e-ec0a-44a3-afc0-889131a99fbf-groupManagement] INFO  server.RaftServerConfigKeys (ConfUtils.java:logGet(46)) - raft.server.sleep.deviation.threshold = 300ms (default)
2023-12-05 10:05:41,612 [e173000e-ec0a-44a3-afc0-889131a99fbf-groupManagement] INFO  server.RaftServer$Division (ServerState.java:<init>(113)) - e173000e-ec0a-44a3-afc0-889131a99fbf@group-1A41835926C4: ConfigurationManager, init=-1: peers:[91a75bad-db25-440f-8a5d-0b0b19abc853|10.1.0.7:15154, e173000e-ec0a-44a3-afc0-889131a99fbf|10.1.0.7:15163, 51001832-6223-4e01-9f82-66e4e6dc013b|10.1.0.7:15172]|listeners:[], old=null, confs=<EMPTY_MAP>
2023-12-05 10:05:41,612 [e173000e-ec0a-44a3-afc0-889131a99fbf-groupManagement] INFO  server.RaftServerConfigKeys (ConfUtils.java:logGet(46)) - raft.server.notification.no-leader.timeout = 300s (custom)
2023-12-05 10:05:41,612 [e173000e-ec0a-44a3-afc0-889131a99fbf-groupManagement] INFO  server.RaftServerConfigKeys (ConfUtils.java:logGet(46)) - raft.server.read.timeout = 10s (default)
2023-12-05 10:05:41,612 [e173000e-ec0a-44a3-afc0-889131a99fbf-groupManagement] INFO  server.RaftServerConfigKeys (ConfUtils.java:logGet(46)) - raft.server.retrycache.expirytime = 600000ms (custom)
2023-12-05 10:05:41,612 [e173000e-ec0a-44a3-afc0-889131a99fbf-groupManagement] INFO  server.RaftServerConfigKeys (ConfUtils.java:logGet(46)) - raft.server.retrycache.statistics.expirytime = 100ms (default)
2023-12-05 10:05:41,613 [e173000e-ec0a-44a3-afc0-889131a99fbf-groupManagement] INFO  server.RaftServerConfigKeys (ConfUtils.java:logGet(46)) - raft.server.read.option = DEFAULT (default)
2023-12-05 10:05:41,613 [e173000e-ec0a-44a3-afc0-889131a99fbf-groupManagement] INFO  server.RaftServerConfigKeys (ConfUtils.java:logGet(46)) - raft.server.read.read-after-write-consistent.write-index-cache.expiry-time = 60s (default)
2023-12-05 10:05:41,614 [e173000e-ec0a-44a3-afc0-889131a99fbf-groupManagement] INFO  server.RaftServerConfigKeys (ConfUtils.java:logGet(46)) - raft.server.rpc.request.timeout = 60s (custom)
2023-12-05 10:05:41,614 [e173000e-ec0a-44a3-afc0-889131a99fbf-groupManagement] INFO  server.RaftServerConfigKeys (ConfUtils.java:logGet(46)) - raft.server.log.appender.install.snapshot.enabled = false (custom)
2023-12-05 10:05:41,614 [e173000e-ec0a-44a3-afc0-889131a99fbf-groupManagement] INFO  server.RaftServerConfigKeys (ConfUtils.java:logGet(46)) - raft.server.threadpool.server.cached = true (default)
2023-12-05 10:05:41,614 [e173000e-ec0a-44a3-afc0-889131a99fbf-groupManagement] INFO  server.RaftServerConfigKeys (ConfUtils.java:logGet(46)) - raft.server.threadpool.server.size = 0 (default)
2023-12-05 10:05:41,614 [e173000e-ec0a-44a3-afc0-889131a99fbf-groupManagement] INFO  server.RaftServerConfigKeys (ConfUtils.java:logGet(46)) - raft.server.threadpool.client.cached = true (default)
2023-12-05 10:05:41,614 [e173000e-ec0a-44a3-afc0-889131a99fbf-groupManagement] INFO  server.RaftServerConfigKeys (ConfUtils.java:logGet(46)) - raft.server.threadpool.client.size = 0 (default)
2023-12-05 10:05:41,614 [e173000e-ec0a-44a3-afc0-889131a99fbf-groupManagement] INFO  server.RaftServerConfigKeys (ConfUtils.java:logGet(46)) - raft.server.storage.free-space.min = 0MB (=0) (default)
2023-12-05 10:05:41,614 [e173000e-ec0a-44a3-afc0-889131a99fbf-groupManagement] INFO  server.RaftServerConfigKeys (ConfUtils.java:logGet(46)) - raft.server.log.corruption.policy = EXCEPTION (default)
2023-12-05 10:05:41,614 [e173000e-ec0a-44a3-afc0-889131a99fbf-groupManagement] INFO  server.RaftServerConfigKeys (ConfUtils.java:logGet(46)) - raft.server.storage.dir = [/home/runner/work/ozone/ozone/hadoop-ozone/integration-test/target/test-dir/MiniOzoneClusterImpl-2d7daef6-be11-494e-bdf1-1c9d25d68037/datanode-1/data/ratis] (custom)
2023-12-05 10:05:41,614 [e173000e-ec0a-44a3-afc0-889131a99fbf-groupManagement] INFO  storage.RaftStorageDirectory (RaftStorageDirectoryImpl.java:analyzeStorage(138)) - The storage directory /home/runner/work/ozone/ozone/hadoop-ozone/integration-test/target/test-dir/MiniOzoneClusterImpl-2d7daef6-be11-494e-bdf1-1c9d25d68037/datanode-1/data/ratis/66dd9119-27fc-4b1c-a417-1a41835926c4 does not exist. Creating ...
2023-12-05 10:05:41,615 [e173000e-ec0a-44a3-afc0-889131a99fbf-groupManagement] INFO  storage.RaftStorageDirectory (RaftStorageDirectoryImpl.java:tryLock(232)) - Lock on /home/runner/work/ozone/ozone/hadoop-ozone/integration-test/target/test-dir/MiniOzoneClusterImpl-2d7daef6-be11-494e-bdf1-1c9d25d68037/datanode-1/data/ratis/66dd9119-27fc-4b1c-a417-1a41835926c4/in_use.lock acquired by nodename 4813@fv-az884-53
2023-12-05 10:05:41,616 [e173000e-ec0a-44a3-afc0-889131a99fbf-groupManagement] INFO  storage.RaftStorage (RaftStorageImpl.java:format(97)) - Storage directory /home/runner/work/ozone/ozone/hadoop-ozone/integration-test/target/test-dir/MiniOzoneClusterImpl-2d7daef6-be11-494e-bdf1-1c9d25d68037/datanode-1/data/ratis/66dd9119-27fc-4b1c-a417-1a41835926c4 has been successfully formatted.
2023-12-05 10:05:41,617 [e173000e-ec0a-44a3-afc0-889131a99fbf-groupManagement] INFO  ratis.ContainerStateMachine (ContainerStateMachine.java:loadSnapshot(269)) - group-1A41835926C4: The snapshot info is null. Setting the last applied indexto:(t:0, i:~)
2023-12-05 10:05:41,617 [e173000e-ec0a-44a3-afc0-889131a99fbf-groupManagement] INFO  server.RaftServerConfigKeys (ConfUtils.java:logGet(46)) - raft.server.log.use.memory = false (default)
2023-12-05 10:05:41,617 [e173000e-ec0a-44a3-afc0-889131a99fbf-groupManagement] INFO  server.RaftServerConfigKeys (ConfUtils.java:logGet(46)) - raft.server.log.purge.gap = 1000000 (custom)
2023-12-05 10:05:41,617 [e173000e-ec0a-44a3-afc0-889131a99fbf-groupManagement] INFO  server.RaftServerConfigKeys (ConfUtils.java:logGet(46)) - raft.server.log.appender.buffer.byte-limit = 8388608 (custom)
2023-12-05 10:05:41,617 [e173000e-ec0a-44a3-afc0-889131a99fbf-groupManagement] INFO  server.RaftServerConfigKeys (ConfUtils.java:logGet(46)) - raft.server.log.statemachine.data.read.timeout = 1000ms (default)
2023-12-05 10:05:41,617 [e173000e-ec0a-44a3-afc0-889131a99fbf-groupManagement] INFO  server.RaftServerConfigKeys (ConfUtils.java:logGet(46)) - raft.server.log.purge.preservation.log.num = 0 (default)
2023-12-05 10:05:41,618 [e173000e-ec0a-44a3-afc0-889131a99fbf-groupManagement] INFO  server.RaftServerConfigKeys (ConfUtils.java:logGet(46)) - raft.server.log.segment.size.max = 67108864 (custom)
2023-12-05 10:05:41,618 [e173000e-ec0a-44a3-afc0-889131a99fbf-groupManagement] INFO  server.RaftServerConfigKeys (ConfUtils.java:logGet(46)) - raft.server.log.segment.cache.num.max = 2 (custom)
2023-12-05 10:05:41,618 [e173000e-ec0a-44a3-afc0-889131a99fbf-groupManagement] INFO  server.RaftServerConfigKeys (ConfUtils.java:logGet(46)) - raft.server.log.segment.cache.size.max = 200MB (=209715200) (default)
2023-12-05 10:05:41,618 [e173000e-ec0a-44a3-afc0-889131a99fbf-groupManagement] INFO  server.RaftServerConfigKeys (ConfUtils.java:logGet(46)) - raft.server.log.appender.buffer.byte-limit = 8388608 (custom)
2023-12-05 10:05:41,618 [e173000e-ec0a-44a3-afc0-889131a99fbf-groupManagement] INFO  util.AwaitToRun (AwaitToRun.java:start(81)) - Thread[e173000e-ec0a-44a3-afc0-889131a99fbf@group-1A41835926C4-cacheEviction-AwaitToRun,5,main] started
2023-12-05 10:05:41,618 [e173000e-ec0a-44a3-afc0-889131a99fbf-groupManagement] INFO  segmented.SegmentedRaftLogWorker (SegmentedRaftLogWorker.java:<init>(184)) - new e173000e-ec0a-44a3-afc0-889131a99fbf@group-1A41835926C4-SegmentedRaftLogWorker for RaftStorageImpl:Storage Directory /home/runner/work/ozone/ozone/hadoop-ozone/integration-test/target/test-dir/MiniOzoneClusterImpl-2d7daef6-be11-494e-bdf1-1c9d25d68037/datanode-1/data/ratis/66dd9119-27fc-4b1c-a417-1a41835926c4
2023-12-05 10:05:41,618 [e173000e-ec0a-44a3-afc0-889131a99fbf-groupManagement] INFO  server.RaftServerConfigKeys (ConfUtils.java:logGet(46)) - raft.server.log.queue.byte-limit = 4294967296 (custom)
2023-12-05 10:05:41,618 [e173000e-ec0a-44a3-afc0-889131a99fbf-groupManagement] INFO  server.RaftServerConfigKeys (ConfUtils.java:logGet(46)) - raft.server.log.queue.element-limit = 1024 (custom)
2023-12-05 10:05:41,618 [e173000e-ec0a-44a3-afc0-889131a99fbf-groupManagement] INFO  server.RaftServerConfigKeys (ConfUtils.java:logGet(46)) - raft.server.log.segment.size.max = 67108864 (custom)
2023-12-05 10:05:41,618 [e173000e-ec0a-44a3-afc0-889131a99fbf-groupManagement] INFO  server.RaftServerConfigKeys (ConfUtils.java:logGet(46)) - raft.server.log.preallocated.size = 4194304 (custom)
2023-12-05 10:05:41,618 [e173000e-ec0a-44a3-afc0-889131a99fbf-groupManagement] INFO  server.RaftServerConfigKeys (ConfUtils.java:logGet(46)) - raft.server.log.force.sync.num = 128 (default)
2023-12-05 10:05:41,619 [e173000e-ec0a-44a3-afc0-889131a99fbf-groupManagement] INFO  server.RaftServerConfigKeys (ConfUtils.java:logGet(46)) - raft.server.log.statemachine.data.sync = true (default)
2023-12-05 10:05:41,619 [e173000e-ec0a-44a3-afc0-889131a99fbf-groupManagement] INFO  server.RaftServerConfigKeys (ConfUtils.java:logGet(46)) - raft.server.log.statemachine.data.sync.timeout = 10s (default)
2023-12-05 10:05:41,619 [e173000e-ec0a-44a3-afc0-889131a99fbf-groupManagement] INFO  server.RaftServerConfigKeys (ConfUtils.java:logGet(46)) - raft.server.log.statemachine.data.sync.timeout.retry = 0 (custom)
2023-12-05 10:05:41,619 [e173000e-ec0a-44a3-afc0-889131a99fbf-groupManagement] INFO  server.RaftServerConfigKeys (ConfUtils.java:logGet(46)) - raft.server.log.write.buffer.size = 8388616 (custom)
2023-12-05 10:05:41,621 [e173000e-ec0a-44a3-afc0-889131a99fbf-groupManagement] INFO  server.RaftServerConfigKeys (ConfUtils.java:logGet(46)) - raft.server.log.appender.buffer.byte-limit = 8388608 (custom)
2023-12-05 10:05:41,621 [e173000e-ec0a-44a3-afc0-889131a99fbf-groupManagement] INFO  server.RaftServerConfigKeys (ConfUtils.java:logGet(46)) - raft.server.log.unsafe-flush.enabled = false (default)
2023-12-05 10:05:41,621 [e173000e-ec0a-44a3-afc0-889131a99fbf-groupManagement] INFO  server.RaftServerConfigKeys (ConfUtils.java:logGet(46)) - raft.server.log.async-flush.enabled = false (default)
2023-12-05 10:05:41,621 [e173000e-ec0a-44a3-afc0-889131a99fbf-groupManagement] INFO  server.RaftServerConfigKeys (ConfUtils.java:logGet(46)) - raft.server.log.statemachine.data.caching.enabled = true (custom)
2023-12-05 10:05:41,622 [e173000e-ec0a-44a3-afc0-889131a99fbf-groupManagement] INFO  segmented.SegmentedRaftLogWorker (SegmentedRaftLogWorker.java:lambda$new$0(135)) - e173000e-ec0a-44a3-afc0-889131a99fbf@group-1A41835926C4-SegmentedRaftLogWorker: flushIndex: setUnconditionally 0 -> -1
2023-12-05 10:05:41,622 [e173000e-ec0a-44a3-afc0-889131a99fbf-groupManagement] INFO  segmented.SegmentedRaftLogWorker (SegmentedRaftLogWorker.java:lambda$new$0(135)) - e173000e-ec0a-44a3-afc0-889131a99fbf@group-1A41835926C4-SegmentedRaftLogWorker: safeCacheEvictIndex: setUnconditionally 0 -> -1
2023-12-05 10:05:41,624 [e173000e-ec0a-44a3-afc0-889131a99fbf-groupManagement] INFO  server.RaftServer$Division (RaftServerImpl.java:start(392)) - e173000e-ec0a-44a3-afc0-889131a99fbf@group-1A41835926C4: start as a follower, conf=-1: peers:[91a75bad-db25-440f-8a5d-0b0b19abc853|10.1.0.7:15154, e173000e-ec0a-44a3-afc0-889131a99fbf|10.1.0.7:15163, 51001832-6223-4e01-9f82-66e4e6dc013b|10.1.0.7:15172]|listeners:[], old=null
2023-12-05 10:05:41,624 [e173000e-ec0a-44a3-afc0-889131a99fbf-groupManagement] INFO  server.RaftServer$Division (RaftServerImpl.java:setRole(379)) - e173000e-ec0a-44a3-afc0-889131a99fbf@group-1A41835926C4: changes role from      null to FOLLOWER at term 0 for startAsFollower
2023-12-05 10:05:41,624 [e173000e-ec0a-44a3-afc0-889131a99fbf-groupManagement] INFO  impl.RoleInfo (RoleInfo.java:updateAndGet(139)) - e173000e-ec0a-44a3-afc0-889131a99fbf: start e173000e-ec0a-44a3-afc0-889131a99fbf@group-1A41835926C4-FollowerState
2023-12-05 10:05:41,625 [e173000e-ec0a-44a3-afc0-889131a99fbf@group-1A41835926C4-FollowerState] INFO  server.RaftServerConfigKeys (ConfUtils.java:logFallback(53)) - raft.server.rpc.first-election.timeout.min = 5s (fallback to raft.server.rpc.timeout.min)
2023-12-05 10:05:41,625 [e173000e-ec0a-44a3-afc0-889131a99fbf@group-1A41835926C4-FollowerState] INFO  server.RaftServerConfigKeys (ConfUtils.java:logFallback(53)) - raft.server.rpc.first-election.timeout.max = 5200ms (fallback to raft.server.rpc.timeout.max)
2023-12-05 10:05:41,626 [e173000e-ec0a-44a3-afc0-889131a99fbf-groupManagement] INFO  util.JmxRegister (JmxRegister.java:tryRegister(44)) - Successfully registered JMX Bean with object name Ratis:service=RaftServer,group=group-1A41835926C4,id=e173000e-ec0a-44a3-afc0-889131a99fbf
2023-12-05 10:05:41,626 [e173000e-ec0a-44a3-afc0-889131a99fbf-groupManagement] INFO  server.RaftServerConfigKeys (ConfUtils.java:logGet(46)) - raft.server.snapshot.trigger-when-stop.enabled = true (default)
2023-12-05 10:05:41,626 [e173000e-ec0a-44a3-afc0-889131a99fbf-groupManagement] INFO  server.RaftServerConfigKeys (ConfUtils.java:logGet(46)) - raft.server.snapshot.auto.trigger.enabled = true (custom)
2023-12-05 10:05:41,627 [e173000e-ec0a-44a3-afc0-889131a99fbf-groupManagement] INFO  server.RaftServerConfigKeys (ConfUtils.java:logGet(46)) - raft.server.snapshot.auto.trigger.threshold = 10000 (custom)
2023-12-05 10:05:41,627 [e173000e-ec0a-44a3-afc0-889131a99fbf-groupManagement] INFO  server.RaftServerConfigKeys (ConfUtils.java:logGet(46)) - raft.server.snapshot.retention.file.num = 5 (custom)
2023-12-05 10:05:41,627 [e173000e-ec0a-44a3-afc0-889131a99fbf-groupManagement] INFO  server.RaftServerConfigKeys (ConfUtils.java:logGet(46)) - raft.server.log.purge.upto.snapshot.index = false (default)
2023-12-05 10:05:41,644 [grpc-default-executor-0] INFO  server.RaftServer (RaftServerProxy.java:addNew(100)) - 51001832-6223-4e01-9f82-66e4e6dc013b: addNew group-1A41835926C4:[91a75bad-db25-440f-8a5d-0b0b19abc853|10.1.0.7:15154, e173000e-ec0a-44a3-afc0-889131a99fbf|10.1.0.7:15163, 51001832-6223-4e01-9f82-66e4e6dc013b|10.1.0.7:15172] returns group-1A41835926C4:java.util.concurrent.CompletableFuture@7704ab9d[Not completed]
2023-12-05 10:05:41,645 [51001832-6223-4e01-9f82-66e4e6dc013b-groupManagement] INFO  server.RaftServer$Division (RaftServerImpl.java:<init>(256)) - 51001832-6223-4e01-9f82-66e4e6dc013b: new RaftServerImpl for group-1A41835926C4:[91a75bad-db25-440f-8a5d-0b0b19abc853|10.1.0.7:15154, e173000e-ec0a-44a3-afc0-889131a99fbf|10.1.0.7:15163, 51001832-6223-4e01-9f82-66e4e6dc013b|10.1.0.7:15172] with ContainerStateMachine:uninitialized
2023-12-05 10:05:41,645 [51001832-6223-4e01-9f82-66e4e6dc013b-groupManagement] INFO  server.RaftServerConfigKeys (ConfUtils.java:logGet(46)) - raft.server.rpc.timeout.min = 5s (custom)
2023-12-05 10:05:41,646 [51001832-6223-4e01-9f82-66e4e6dc013b-groupManagement] INFO  server.RaftServerConfigKeys (ConfUtils.java:logGet(46)) - raft.server.rpc.timeout.max = 5200ms (custom)
2023-12-05 10:05:41,646 [51001832-6223-4e01-9f82-66e4e6dc013b-groupManagement] INFO  server.RaftServerConfigKeys (ConfUtils.java:logGet(46)) - raft.server.rpc.sleep.time = 25ms (default)
2023-12-05 10:05:41,646 [51001832-6223-4e01-9f82-66e4e6dc013b-groupManagement] INFO  server.RaftServerConfigKeys (ConfUtils.java:logGet(46)) - raft.server.rpc.slowness.timeout = 300s (custom)
2023-12-05 10:05:41,646 [51001832-6223-4e01-9f82-66e4e6dc013b-groupManagement] INFO  server.RaftServerConfigKeys (ConfUtils.java:logGet(46)) - raft.server.leaderelection.leader.step-down.wait-time = 10s (default)
2023-12-05 10:05:41,646 [51001832-6223-4e01-9f82-66e4e6dc013b-groupManagement] INFO  server.RaftServerConfigKeys (ConfUtils.java:logGet(46)) - raft.server.leaderelection.member.majority-add = false (default)
2023-12-05 10:05:41,647 [51001832-6223-4e01-9f82-66e4e6dc013b-groupManagement] INFO  server.RaftServerConfigKeys (ConfUtils.java:logGet(46)) - raft.server.sleep.deviation.threshold = 300ms (default)
2023-12-05 10:05:41,647 [51001832-6223-4e01-9f82-66e4e6dc013b-groupManagement] INFO  server.RaftServer$Division (ServerState.java:<init>(113)) - 51001832-6223-4e01-9f82-66e4e6dc013b@group-1A41835926C4: ConfigurationManager, init=-1: peers:[91a75bad-db25-440f-8a5d-0b0b19abc853|10.1.0.7:15154, e173000e-ec0a-44a3-afc0-889131a99fbf|10.1.0.7:15163, 51001832-6223-4e01-9f82-66e4e6dc013b|10.1.0.7:15172]|listeners:[], old=null, confs=<EMPTY_MAP>
2023-12-05 10:05:41,647 [51001832-6223-4e01-9f82-66e4e6dc013b-groupManagement] INFO  server.RaftServerConfigKeys (ConfUtils.java:logGet(46)) - raft.server.notification.no-leader.timeout = 300s (custom)
2023-12-05 10:05:41,648 [51001832-6223-4e01-9f82-66e4e6dc013b-groupManagement] INFO  server.RaftServerConfigKeys (ConfUtils.java:logGet(46)) - raft.server.read.timeout = 10s (default)
2023-12-05 10:05:41,648 [51001832-6223-4e01-9f82-66e4e6dc013b-groupManagement] INFO  server.RaftServerConfigKeys (ConfUtils.java:logGet(46)) - raft.server.retrycache.expirytime = 600000ms (custom)
2023-12-05 10:05:41,648 [51001832-6223-4e01-9f82-66e4e6dc013b-groupManagement] INFO  server.RaftServerConfigKeys (ConfUtils.java:logGet(46)) - raft.server.retrycache.statistics.expirytime = 100ms (default)
2023-12-05 10:05:41,648 [51001832-6223-4e01-9f82-66e4e6dc013b-groupManagement] INFO  server.RaftServerConfigKeys (ConfUtils.java:logGet(46)) - raft.server.read.option = DEFAULT (default)
2023-12-05 10:05:41,649 [51001832-6223-4e01-9f82-66e4e6dc013b-groupManagement] INFO  server.RaftServerConfigKeys (ConfUtils.java:logGet(46)) - raft.server.read.read-after-write-consistent.write-index-cache.expiry-time = 60s (default)
2023-12-05 10:05:41,650 [51001832-6223-4e01-9f82-66e4e6dc013b-groupManagement] INFO  server.RaftServerConfigKeys (ConfUtils.java:logGet(46)) - raft.server.rpc.request.timeout = 60s (custom)
2023-12-05 10:05:41,650 [51001832-6223-4e01-9f82-66e4e6dc013b-groupManagement] INFO  server.RaftServerConfigKeys (ConfUtils.java:logGet(46)) - raft.server.log.appender.install.snapshot.enabled = false (custom)
2023-12-05 10:05:41,650 [51001832-6223-4e01-9f82-66e4e6dc013b-groupManagement] INFO  server.RaftServerConfigKeys (ConfUtils.java:logGet(46)) - raft.server.threadpool.server.cached = true (default)
2023-12-05 10:05:41,650 [51001832-6223-4e01-9f82-66e4e6dc013b-groupManagement] INFO  server.RaftServerConfigKeys (ConfUtils.java:logGet(46)) - raft.server.threadpool.server.size = 0 (default)
2023-12-05 10:05:41,650 [51001832-6223-4e01-9f82-66e4e6dc013b-groupManagement] INFO  server.RaftServerConfigKeys (ConfUtils.java:logGet(46)) - raft.server.threadpool.client.cached = true (default)
2023-12-05 10:05:41,650 [51001832-6223-4e01-9f82-66e4e6dc013b-groupManagement] INFO  server.RaftServerConfigKeys (ConfUtils.java:logGet(46)) - raft.server.threadpool.client.size = 0 (default)
2023-12-05 10:05:41,651 [51001832-6223-4e01-9f82-66e4e6dc013b-groupManagement] INFO  server.RaftServerConfigKeys (ConfUtils.java:logGet(46)) - raft.server.storage.free-space.min = 0MB (=0) (default)
2023-12-05 10:05:41,651 [51001832-6223-4e01-9f82-66e4e6dc013b-groupManagement] INFO  server.RaftServerConfigKeys (ConfUtils.java:logGet(46)) - raft.server.log.corruption.policy = EXCEPTION (default)
2023-12-05 10:05:41,651 [51001832-6223-4e01-9f82-66e4e6dc013b-groupManagement] INFO  server.RaftServerConfigKeys (ConfUtils.java:logGet(46)) - raft.server.storage.dir = [/home/runner/work/ozone/ozone/hadoop-ozone/integration-test/target/test-dir/MiniOzoneClusterImpl-2d7daef6-be11-494e-bdf1-1c9d25d68037/datanode-2/data/ratis] (custom)
2023-12-05 10:05:41,651 [51001832-6223-4e01-9f82-66e4e6dc013b-groupManagement] INFO  storage.RaftStorageDirectory (RaftStorageDirectoryImpl.java:analyzeStorage(138)) - The storage directory /home/runner/work/ozone/ozone/hadoop-ozone/integration-test/target/test-dir/MiniOzoneClusterImpl-2d7daef6-be11-494e-bdf1-1c9d25d68037/datanode-2/data/ratis/66dd9119-27fc-4b1c-a417-1a41835926c4 does not exist. Creating ...
2023-12-05 10:05:41,652 [51001832-6223-4e01-9f82-66e4e6dc013b-groupManagement] INFO  storage.RaftStorageDirectory (RaftStorageDirectoryImpl.java:tryLock(232)) - Lock on /home/runner/work/ozone/ozone/hadoop-ozone/integration-test/target/test-dir/MiniOzoneClusterImpl-2d7daef6-be11-494e-bdf1-1c9d25d68037/datanode-2/data/ratis/66dd9119-27fc-4b1c-a417-1a41835926c4/in_use.lock acquired by nodename 4813@fv-az884-53
2023-12-05 10:05:41,653 [51001832-6223-4e01-9f82-66e4e6dc013b-groupManagement] INFO  storage.RaftStorage (RaftStorageImpl.java:format(97)) - Storage directory /home/runner/work/ozone/ozone/hadoop-ozone/integration-test/target/test-dir/MiniOzoneClusterImpl-2d7daef6-be11-494e-bdf1-1c9d25d68037/datanode-2/data/ratis/66dd9119-27fc-4b1c-a417-1a41835926c4 has been successfully formatted.
2023-12-05 10:05:41,654 [51001832-6223-4e01-9f82-66e4e6dc013b-groupManagement] INFO  ratis.ContainerStateMachine (ContainerStateMachine.java:loadSnapshot(269)) - group-1A41835926C4: The snapshot info is null. Setting the last applied indexto:(t:0, i:~)
2023-12-05 10:05:41,654 [51001832-6223-4e01-9f82-66e4e6dc013b-groupManagement] INFO  server.RaftServerConfigKeys (ConfUtils.java:logGet(46)) - raft.server.log.use.memory = false (default)
2023-12-05 10:05:41,655 [51001832-6223-4e01-9f82-66e4e6dc013b-groupManagement] INFO  server.RaftServerConfigKeys (ConfUtils.java:logGet(46)) - raft.server.log.purge.gap = 1000000 (custom)
2023-12-05 10:05:41,655 [51001832-6223-4e01-9f82-66e4e6dc013b-groupManagement] INFO  server.RaftServerConfigKeys (ConfUtils.java:logGet(46)) - raft.server.log.appender.buffer.byte-limit = 8388608 (custom)
2023-12-05 10:05:41,655 [51001832-6223-4e01-9f82-66e4e6dc013b-groupManagement] INFO  server.RaftServerConfigKeys (ConfUtils.java:logGet(46)) - raft.server.log.statemachine.data.read.timeout = 1000ms (default)
2023-12-05 10:05:41,655 [51001832-6223-4e01-9f82-66e4e6dc013b-groupManagement] INFO  server.RaftServerConfigKeys (ConfUtils.java:logGet(46)) - raft.server.log.purge.preservation.log.num = 0 (default)
2023-12-05 10:05:41,656 [51001832-6223-4e01-9f82-66e4e6dc013b-groupManagement] INFO  server.RaftServerConfigKeys (ConfUtils.java:logGet(46)) - raft.server.log.segment.size.max = 67108864 (custom)
2023-12-05 10:05:41,656 [51001832-6223-4e01-9f82-66e4e6dc013b-groupManagement] INFO  server.RaftServerConfigKeys (ConfUtils.java:logGet(46)) - raft.server.log.segment.cache.num.max = 2 (custom)
2023-12-05 10:05:41,657 [51001832-6223-4e01-9f82-66e4e6dc013b-groupManagement] INFO  server.RaftServerConfigKeys (ConfUtils.java:logGet(46)) - raft.server.log.segment.cache.size.max = 200MB (=209715200) (default)
2023-12-05 10:05:41,657 [51001832-6223-4e01-9f82-66e4e6dc013b-groupManagement] INFO  server.RaftServerConfigKeys (ConfUtils.java:logGet(46)) - raft.server.log.appender.buffer.byte-limit = 8388608 (custom)
2023-12-05 10:05:41,657 [51001832-6223-4e01-9f82-66e4e6dc013b-groupManagement] INFO  util.AwaitToRun (AwaitToRun.java:start(81)) - Thread[51001832-6223-4e01-9f82-66e4e6dc013b@group-1A41835926C4-cacheEviction-AwaitToRun,5,main] started
2023-12-05 10:05:41,657 [51001832-6223-4e01-9f82-66e4e6dc013b-groupManagement] INFO  segmented.SegmentedRaftLogWorker (SegmentedRaftLogWorker.java:<init>(184)) - new 51001832-6223-4e01-9f82-66e4e6dc013b@group-1A41835926C4-SegmentedRaftLogWorker for RaftStorageImpl:Storage Directory /home/runner/work/ozone/ozone/hadoop-ozone/integration-test/target/test-dir/MiniOzoneClusterImpl-2d7daef6-be11-494e-bdf1-1c9d25d68037/datanode-2/data/ratis/66dd9119-27fc-4b1c-a417-1a41835926c4
2023-12-05 10:05:41,658 [51001832-6223-4e01-9f82-66e4e6dc013b-groupManagement] INFO  server.RaftServerConfigKeys (ConfUtils.java:logGet(46)) - raft.server.log.queue.byte-limit = 4294967296 (custom)
2023-12-05 10:05:41,658 [51001832-6223-4e01-9f82-66e4e6dc013b-groupManagement] INFO  server.RaftServerConfigKeys (ConfUtils.java:logGet(46)) - raft.server.log.queue.element-limit = 1024 (custom)
2023-12-05 10:05:41,658 [51001832-6223-4e01-9f82-66e4e6dc013b-groupManagement] INFO  server.RaftServerConfigKeys (ConfUtils.java:logGet(46)) - raft.server.log.segment.size.max = 67108864 (custom)
2023-12-05 10:05:41,658 [51001832-6223-4e01-9f82-66e4e6dc013b-groupManagement] INFO  server.RaftServerConfigKeys (ConfUtils.java:logGet(46)) - raft.server.log.preallocated.size = 4194304 (custom)
2023-12-05 10:05:41,658 [51001832-6223-4e01-9f82-66e4e6dc013b-groupManagement] INFO  server.RaftServerConfigKeys (ConfUtils.java:logGet(46)) - raft.server.log.force.sync.num = 128 (default)
2023-12-05 10:05:41,659 [51001832-6223-4e01-9f82-66e4e6dc013b-groupManagement] INFO  server.RaftServerConfigKeys (ConfUtils.java:logGet(46)) - raft.server.log.statemachine.data.sync = true (default)
2023-12-05 10:05:41,659 [51001832-6223-4e01-9f82-66e4e6dc013b-groupManagement] INFO  server.RaftServerConfigKeys (ConfUtils.java:logGet(46)) - raft.server.log.statemachine.data.sync.timeout = 10s (default)
2023-12-05 10:05:41,659 [51001832-6223-4e01-9f82-66e4e6dc013b-groupManagement] INFO  server.RaftServerConfigKeys (ConfUtils.java:logGet(46)) - raft.server.log.statemachine.data.sync.timeout.retry = 0 (custom)
2023-12-05 10:05:41,659 [51001832-6223-4e01-9f82-66e4e6dc013b-groupManagement] INFO  server.RaftServerConfigKeys (ConfUtils.java:logGet(46)) - raft.server.log.write.buffer.size = 8388616 (custom)
2023-12-05 10:05:41,661 [51001832-6223-4e01-9f82-66e4e6dc013b-groupManagement] INFO  server.RaftServerConfigKeys (ConfUtils.java:logGet(46)) - raft.server.log.appender.buffer.byte-limit = 8388608 (custom)
2023-12-05 10:05:41,661 [51001832-6223-4e01-9f82-66e4e6dc013b-groupManagement] INFO  server.RaftServerConfigKeys (ConfUtils.java:logGet(46)) - raft.server.log.unsafe-flush.enabled = false (default)
2023-12-05 10:05:41,662 [51001832-6223-4e01-9f82-66e4e6dc013b-groupManagement] INFO  server.RaftServerConfigKeys (ConfUtils.java:logGet(46)) - raft.server.log.async-flush.enabled = false (default)
2023-12-05 10:05:41,662 [51001832-6223-4e01-9f82-66e4e6dc013b-groupManagement] INFO  server.RaftServerConfigKeys (ConfUtils.java:logGet(46)) - raft.server.log.statemachine.data.caching.enabled = true (custom)
2023-12-05 10:05:41,662 [51001832-6223-4e01-9f82-66e4e6dc013b-groupManagement] INFO  segmented.SegmentedRaftLogWorker (SegmentedRaftLogWorker.java:lambda$new$0(135)) - 51001832-6223-4e01-9f82-66e4e6dc013b@group-1A41835926C4-SegmentedRaftLogWorker: flushIndex: setUnconditionally 0 -> -1
2023-12-05 10:05:41,662 [51001832-6223-4e01-9f82-66e4e6dc013b-groupManagement] INFO  segmented.SegmentedRaftLogWorker (SegmentedRaftLogWorker.java:lambda$new$0(135)) - 51001832-6223-4e01-9f82-66e4e6dc013b@group-1A41835926C4-SegmentedRaftLogWorker: safeCacheEvictIndex: setUnconditionally 0 -> -1
2023-12-05 10:05:41,662 [51001832-6223-4e01-9f82-66e4e6dc013b-groupManagement] INFO  server.RaftServer$Division (RaftServerImpl.java:start(392)) - 51001832-6223-4e01-9f82-66e4e6dc013b@group-1A41835926C4: start as a follower, conf=-1: peers:[91a75bad-db25-440f-8a5d-0b0b19abc853|10.1.0.7:15154, e173000e-ec0a-44a3-afc0-889131a99fbf|10.1.0.7:15163, 51001832-6223-4e01-9f82-66e4e6dc013b|10.1.0.7:15172]|listeners:[], old=null
2023-12-05 10:05:41,662 [51001832-6223-4e01-9f82-66e4e6dc013b-groupManagement] INFO  server.RaftServer$Division (RaftServerImpl.java:setRole(379)) - 51001832-6223-4e01-9f82-66e4e6dc013b@group-1A41835926C4: changes role from      null to FOLLOWER at term 0 for startAsFollower
2023-12-05 10:05:41,663 [51001832-6223-4e01-9f82-66e4e6dc013b-groupManagement] INFO  impl.RoleInfo (RoleInfo.java:updateAndGet(139)) - 51001832-6223-4e01-9f82-66e4e6dc013b: start 51001832-6223-4e01-9f82-66e4e6dc013b@group-1A41835926C4-FollowerState
2023-12-05 10:05:41,663 [51001832-6223-4e01-9f82-66e4e6dc013b@group-1A41835926C4-FollowerState] INFO  server.RaftServerConfigKeys (ConfUtils.java:logFallback(53)) - raft.server.rpc.first-election.timeout.min = 5s (fallback to raft.server.rpc.timeout.min)
2023-12-05 10:05:41,663 [51001832-6223-4e01-9f82-66e4e6dc013b@group-1A41835926C4-FollowerState] INFO  server.RaftServerConfigKeys (ConfUtils.java:logFallback(53)) - raft.server.rpc.first-election.timeout.max = 5200ms (fallback to raft.server.rpc.timeout.max)
2023-12-05 10:05:41,663 [51001832-6223-4e01-9f82-66e4e6dc013b-groupManagement] INFO  util.JmxRegister (JmxRegister.java:tryRegister(44)) - Successfully registered JMX Bean with object name Ratis:service=RaftServer,group=group-1A41835926C4,id=51001832-6223-4e01-9f82-66e4e6dc013b
2023-12-05 10:05:41,663 [51001832-6223-4e01-9f82-66e4e6dc013b-groupManagement] INFO  server.RaftServerConfigKeys (ConfUtils.java:logGet(46)) - raft.server.snapshot.trigger-when-stop.enabled = true (default)
2023-12-05 10:05:41,663 [51001832-6223-4e01-9f82-66e4e6dc013b-groupManagement] INFO  server.RaftServerConfigKeys (ConfUtils.java:logGet(46)) - raft.server.snapshot.auto.trigger.enabled = true (custom)
2023-12-05 10:05:41,663 [51001832-6223-4e01-9f82-66e4e6dc013b-groupManagement] INFO  server.RaftServerConfigKeys (ConfUtils.java:logGet(46)) - raft.server.snapshot.auto.trigger.threshold = 10000 (custom)
2023-12-05 10:05:41,663 [51001832-6223-4e01-9f82-66e4e6dc013b-groupManagement] INFO  server.RaftServerConfigKeys (ConfUtils.java:logGet(46)) - raft.server.snapshot.retention.file.num = 5 (custom)
2023-12-05 10:05:41,663 [51001832-6223-4e01-9f82-66e4e6dc013b-groupManagement] INFO  server.RaftServerConfigKeys (ConfUtils.java:logGet(46)) - raft.server.log.purge.upto.snapshot.index = false (default)
2023-12-05 10:05:41,668 [91a75bad-db25-440f-8a5d-0b0b19abc853-PipelineCommandHandlerThread-0] INFO  commandhandler.CreatePipelineCommandHandler (CreatePipelineCommandHandler.java:lambda$handle$2(124)) - Created Pipeline RATIS THREE PipelineID=66dd9119-27fc-4b1c-a417-1a41835926c4.
2023-12-05 10:05:41,673 [e173000e-ec0a-44a3-afc0-889131a99fbf-PipelineCommandHandlerThread-0] INFO  server.RaftServer (RaftServerProxy.java:addNew(100)) - e173000e-ec0a-44a3-afc0-889131a99fbf: addNew group-D97BFF1A6DA9:[e173000e-ec0a-44a3-afc0-889131a99fbf|10.1.0.7:15163] returns group-D97BFF1A6DA9:java.util.concurrent.CompletableFuture@6373537a[Not completed]
2023-12-05 10:05:41,674 [e173000e-ec0a-44a3-afc0-889131a99fbf-groupManagement] INFO  server.RaftServer$Division (RaftServerImpl.java:<init>(256)) - e173000e-ec0a-44a3-afc0-889131a99fbf: new RaftServerImpl for group-D97BFF1A6DA9:[e173000e-ec0a-44a3-afc0-889131a99fbf|10.1.0.7:15163] with ContainerStateMachine:uninitialized
2023-12-05 10:05:41,674 [e173000e-ec0a-44a3-afc0-889131a99fbf-groupManagement] INFO  server.RaftServerConfigKeys (ConfUtils.java:logGet(46)) - raft.server.rpc.timeout.min = 5s (custom)
2023-12-05 10:05:41,674 [e173000e-ec0a-44a3-afc0-889131a99fbf-groupManagement] INFO  server.RaftServerConfigKeys (ConfUtils.java:logGet(46)) - raft.server.rpc.timeout.max = 5200ms (custom)
2023-12-05 10:05:41,674 [e173000e-ec0a-44a3-afc0-889131a99fbf-groupManagement] INFO  server.RaftServerConfigKeys (ConfUtils.java:logGet(46)) - raft.server.rpc.sleep.time = 25ms (default)
2023-12-05 10:05:41,675 [e173000e-ec0a-44a3-afc0-889131a99fbf-groupManagement] INFO  server.RaftServerConfigKeys (ConfUtils.java:logGet(46)) - raft.server.rpc.slowness.timeout = 300s (custom)
2023-12-05 10:05:41,675 [e173000e-ec0a-44a3-afc0-889131a99fbf-groupManagement] INFO  server.RaftServerConfigKeys (ConfUtils.java:logGet(46)) - raft.server.leaderelection.leader.step-down.wait-time = 10s (default)
2023-12-05 10:05:41,675 [e173000e-ec0a-44a3-afc0-889131a99fbf-groupManagement] INFO  server.RaftServerConfigKeys (ConfUtils.java:logGet(46)) - raft.server.leaderelection.member.majority-add = false (default)
2023-12-05 10:05:41,675 [e173000e-ec0a-44a3-afc0-889131a99fbf-groupManagement] INFO  server.RaftServerConfigKeys (ConfUtils.java:logGet(46)) - raft.server.sleep.deviation.threshold = 300ms (default)
2023-12-05 10:05:41,675 [e173000e-ec0a-44a3-afc0-889131a99fbf-groupManagement] INFO  server.RaftServer$Division (ServerState.java:<init>(113)) - e173000e-ec0a-44a3-afc0-889131a99fbf@group-D97BFF1A6DA9: ConfigurationManager, init=-1: peers:[e173000e-ec0a-44a3-afc0-889131a99fbf|10.1.0.7:15163]|listeners:[], old=null, confs=<EMPTY_MAP>
2023-12-05 10:05:41,675 [e173000e-ec0a-44a3-afc0-889131a99fbf-groupManagement] INFO  server.RaftServerConfigKeys (ConfUtils.java:logGet(46)) - raft.server.notification.no-leader.timeout = 300s (custom)
2023-12-05 10:05:41,675 [e173000e-ec0a-44a3-afc0-889131a99fbf-groupManagement] INFO  server.RaftServerConfigKeys (ConfUtils.java:logGet(46)) - raft.server.read.timeout = 10s (default)
2023-12-05 10:05:41,675 [e173000e-ec0a-44a3-afc0-889131a99fbf-groupManagement] INFO  server.RaftServerConfigKeys (ConfUtils.java:logGet(46)) - raft.server.retrycache.expirytime = 600000ms (custom)
2023-12-05 10:05:41,675 [e173000e-ec0a-44a3-afc0-889131a99fbf-groupManagement] INFO  server.RaftServerConfigKeys (ConfUtils.java:logGet(46)) - raft.server.retrycache.statistics.expirytime = 100ms (default)
2023-12-05 10:05:41,675 [e173000e-ec0a-44a3-afc0-889131a99fbf-groupManagement] INFO  server.RaftServerConfigKeys (ConfUtils.java:logGet(46)) - raft.server.read.option = DEFAULT (default)
2023-12-05 10:05:41,675 [e173000e-ec0a-44a3-afc0-889131a99fbf-groupManagement] INFO  server.RaftServerConfigKeys (ConfUtils.java:logGet(46)) - raft.server.read.read-after-write-consistent.write-index-cache.expiry-time = 60s (default)
2023-12-05 10:05:41,676 [e173000e-ec0a-44a3-afc0-889131a99fbf-groupManagement] INFO  server.RaftServerConfigKeys (ConfUtils.java:logGet(46)) - raft.server.rpc.request.timeout = 60s (custom)
2023-12-05 10:05:41,676 [e173000e-ec0a-44a3-afc0-889131a99fbf-groupManagement] INFO  server.RaftServerConfigKeys (ConfUtils.java:logGet(46)) - raft.server.log.appender.install.snapshot.enabled = false (custom)
2023-12-05 10:05:41,676 [e173000e-ec0a-44a3-afc0-889131a99fbf-groupManagement] INFO  server.RaftServerConfigKeys (ConfUtils.java:logGet(46)) - raft.server.threadpool.server.cached = true (default)
2023-12-05 10:05:41,676 [e173000e-ec0a-44a3-afc0-889131a99fbf-groupManagement] INFO  server.RaftServerConfigKeys (ConfUtils.java:logGet(46)) - raft.server.threadpool.server.size = 0 (default)
2023-12-05 10:05:41,677 [e173000e-ec0a-44a3-afc0-889131a99fbf-groupManagement] INFO  server.RaftServerConfigKeys (ConfUtils.java:logGet(46)) - raft.server.threadpool.client.cached = true (default)
2023-12-05 10:05:41,677 [e173000e-ec0a-44a3-afc0-889131a99fbf-groupManagement] INFO  server.RaftServerConfigKeys (ConfUtils.java:logGet(46)) - raft.server.threadpool.client.size = 0 (default)
2023-12-05 10:05:41,677 [e173000e-ec0a-44a3-afc0-889131a99fbf-groupManagement] INFO  server.RaftServerConfigKeys (ConfUtils.java:logGet(46)) - raft.server.storage.free-space.min = 0MB (=0) (default)
2023-12-05 10:05:41,677 [e173000e-ec0a-44a3-afc0-889131a99fbf-groupManagement] INFO  server.RaftServerConfigKeys (ConfUtils.java:logGet(46)) - raft.server.log.corruption.policy = EXCEPTION (default)
2023-12-05 10:05:41,677 [e173000e-ec0a-44a3-afc0-889131a99fbf-groupManagement] INFO  server.RaftServerConfigKeys (ConfUtils.java:logGet(46)) - raft.server.storage.dir = [/home/runner/work/ozone/ozone/hadoop-ozone/integration-test/target/test-dir/MiniOzoneClusterImpl-2d7daef6-be11-494e-bdf1-1c9d25d68037/datanode-1/data/ratis] (custom)
2023-12-05 10:05:41,677 [e173000e-ec0a-44a3-afc0-889131a99fbf-groupManagement] INFO  storage.RaftStorageDirectory (RaftStorageDirectoryImpl.java:analyzeStorage(138)) - The storage directory /home/runner/work/ozone/ozone/hadoop-ozone/integration-test/target/test-dir/MiniOzoneClusterImpl-2d7daef6-be11-494e-bdf1-1c9d25d68037/datanode-1/data/ratis/94e828c7-6d08-4b89-8012-d97bff1a6da9 does not exist. Creating ...
2023-12-05 10:05:41,678 [e173000e-ec0a-44a3-afc0-889131a99fbf-groupManagement] INFO  storage.RaftStorageDirectory (RaftStorageDirectoryImpl.java:tryLock(232)) - Lock on /home/runner/work/ozone/ozone/hadoop-ozone/integration-test/target/test-dir/MiniOzoneClusterImpl-2d7daef6-be11-494e-bdf1-1c9d25d68037/datanode-1/data/ratis/94e828c7-6d08-4b89-8012-d97bff1a6da9/in_use.lock acquired by nodename 4813@fv-az884-53
2023-12-05 10:05:41,679 [e173000e-ec0a-44a3-afc0-889131a99fbf-groupManagement] INFO  storage.RaftStorage (RaftStorageImpl.java:format(97)) - Storage directory /home/runner/work/ozone/ozone/hadoop-ozone/integration-test/target/test-dir/MiniOzoneClusterImpl-2d7daef6-be11-494e-bdf1-1c9d25d68037/datanode-1/data/ratis/94e828c7-6d08-4b89-8012-d97bff1a6da9 has been successfully formatted.
2023-12-05 10:05:41,679 [e173000e-ec0a-44a3-afc0-889131a99fbf-groupManagement] INFO  ratis.ContainerStateMachine (ContainerStateMachine.java:loadSnapshot(269)) - group-D97BFF1A6DA9: The snapshot info is null. Setting the last applied indexto:(t:0, i:~)
2023-12-05 10:05:41,679 [e173000e-ec0a-44a3-afc0-889131a99fbf-groupManagement] INFO  server.RaftServerConfigKeys (ConfUtils.java:logGet(46)) - raft.server.log.use.memory = false (default)
2023-12-05 10:05:41,679 [e173000e-ec0a-44a3-afc0-889131a99fbf-groupManagement] INFO  server.RaftServerConfigKeys (ConfUtils.java:logGet(46)) - raft.server.log.purge.gap = 1000000 (custom)
2023-12-05 10:05:41,679 [e173000e-ec0a-44a3-afc0-889131a99fbf-groupManagement] INFO  server.RaftServerConfigKeys (ConfUtils.java:logGet(46)) - raft.server.log.appender.buffer.byte-limit = 8388608 (custom)
2023-12-05 10:05:41,679 [e173000e-ec0a-44a3-afc0-889131a99fbf-groupManagement] INFO  server.RaftServerConfigKeys (ConfUtils.java:logGet(46)) - raft.server.log.statemachine.data.read.timeout = 1000ms (default)
2023-12-05 10:05:41,680 [e173000e-ec0a-44a3-afc0-889131a99fbf-groupManagement] INFO  server.RaftServerConfigKeys (ConfUtils.java:logGet(46)) - raft.server.log.purge.preservation.log.num = 0 (default)
2023-12-05 10:05:41,680 [e173000e-ec0a-44a3-afc0-889131a99fbf-groupManagement] INFO  server.RaftServerConfigKeys (ConfUtils.java:logGet(46)) - raft.server.log.segment.size.max = 67108864 (custom)
2023-12-05 10:05:41,680 [e173000e-ec0a-44a3-afc0-889131a99fbf-groupManagement] INFO  server.RaftServerConfigKeys (ConfUtils.java:logGet(46)) - raft.server.log.segment.cache.num.max = 2 (custom)
2023-12-05 10:05:41,680 [e173000e-ec0a-44a3-afc0-889131a99fbf-groupManagement] INFO  server.RaftServerConfigKeys (ConfUtils.java:logGet(46)) - raft.server.log.segment.cache.size.max = 200MB (=209715200) (default)
2023-12-05 10:05:41,681 [e173000e-ec0a-44a3-afc0-889131a99fbf-groupManagement] INFO  server.RaftServerConfigKeys (ConfUtils.java:logGet(46)) - raft.server.log.appender.buffer.byte-limit = 8388608 (custom)
2023-12-05 10:05:41,681 [EventQueue-PipelineReportForPipelineReportHandler] INFO  pipeline.PipelineReportHandler (PipelineReportHandler.java:processPipelineReport(136)) - Opened pipeline PipelineID=94e828c7-6d08-4b89-8012-d97bff1a6da9
2023-12-05 10:05:41,681 [EventQueue-OpenPipelineForHealthyPipelineSafeModeRule] INFO  safemode.SCMSafeModeManager (HealthyPipelineSafeModeRule.java:process(137)) - SCM in safe mode. Healthy pipelines reported count is 0, required healthy pipeline reported count is 1
2023-12-05 10:05:41,684 [e173000e-ec0a-44a3-afc0-889131a99fbf-groupManagement] INFO  util.AwaitToRun (AwaitToRun.java:start(81)) - Thread[e173000e-ec0a-44a3-afc0-889131a99fbf@group-D97BFF1A6DA9-cacheEviction-AwaitToRun,5,main] started
2023-12-05 10:05:41,684 [e173000e-ec0a-44a3-afc0-889131a99fbf-groupManagement] INFO  segmented.SegmentedRaftLogWorker (SegmentedRaftLogWorker.java:<init>(184)) - new e173000e-ec0a-44a3-afc0-889131a99fbf@group-D97BFF1A6DA9-SegmentedRaftLogWorker for RaftStorageImpl:Storage Directory /home/runner/work/ozone/ozone/hadoop-ozone/integration-test/target/test-dir/MiniOzoneClusterImpl-2d7daef6-be11-494e-bdf1-1c9d25d68037/datanode-1/data/ratis/94e828c7-6d08-4b89-8012-d97bff1a6da9
2023-12-05 10:05:41,684 [e173000e-ec0a-44a3-afc0-889131a99fbf-groupManagement] INFO  server.RaftServerConfigKeys (ConfUtils.java:logGet(46)) - raft.server.log.queue.byte-limit = 4294967296 (custom)
2023-12-05 10:05:41,684 [e173000e-ec0a-44a3-afc0-889131a99fbf-groupManagement] INFO  server.RaftServerConfigKeys (ConfUtils.java:logGet(46)) - raft.server.log.queue.element-limit = 1024 (custom)
2023-12-05 10:05:41,684 [e173000e-ec0a-44a3-afc0-889131a99fbf-groupManagement] INFO  server.RaftServerConfigKeys (ConfUtils.java:logGet(46)) - raft.server.log.segment.size.max = 67108864 (custom)
2023-12-05 10:05:41,684 [e173000e-ec0a-44a3-afc0-889131a99fbf-groupManagement] INFO  server.RaftServerConfigKeys (ConfUtils.java:logGet(46)) - raft.server.log.preallocated.size = 4194304 (custom)
2023-12-05 10:05:41,684 [e173000e-ec0a-44a3-afc0-889131a99fbf-groupManagement] INFO  server.RaftServerConfigKeys (ConfUtils.java:logGet(46)) - raft.server.log.force.sync.num = 128 (default)
2023-12-05 10:05:41,684 [e173000e-ec0a-44a3-afc0-889131a99fbf-groupManagement] INFO  server.RaftServerConfigKeys (ConfUtils.java:logGet(46)) - raft.server.log.statemachine.data.sync = true (default)
2023-12-05 10:05:41,684 [e173000e-ec0a-44a3-afc0-889131a99fbf-groupManagement] INFO  server.RaftServerConfigKeys (ConfUtils.java:logGet(46)) - raft.server.log.statemachine.data.sync.timeout = 10s (default)
2023-12-05 10:05:41,684 [e173000e-ec0a-44a3-afc0-889131a99fbf-groupManagement] INFO  server.RaftServerConfigKeys (ConfUtils.java:logGet(46)) - raft.server.log.statemachine.data.sync.timeout.retry = 0 (custom)
2023-12-05 10:05:41,685 [e173000e-ec0a-44a3-afc0-889131a99fbf-groupManagement] INFO  server.RaftServerConfigKeys (ConfUtils.java:logGet(46)) - raft.server.log.write.buffer.size = 8388616 (custom)
2023-12-05 10:05:41,687 [e173000e-ec0a-44a3-afc0-889131a99fbf-groupManagement] INFO  server.RaftServerConfigKeys (ConfUtils.java:logGet(46)) - raft.server.log.appender.buffer.byte-limit = 8388608 (custom)
2023-12-05 10:05:41,687 [e173000e-ec0a-44a3-afc0-889131a99fbf-groupManagement] INFO  server.RaftServerConfigKeys (ConfUtils.java:logGet(46)) - raft.server.log.unsafe-flush.enabled = false (default)
2023-12-05 10:05:41,687 [e173000e-ec0a-44a3-afc0-889131a99fbf-groupManagement] INFO  server.RaftServerConfigKeys (ConfUtils.java:logGet(46)) - raft.server.log.async-flush.enabled = false (default)
2023-12-05 10:05:41,687 [e173000e-ec0a-44a3-afc0-889131a99fbf-groupManagement] INFO  server.RaftServerConfigKeys (ConfUtils.java:logGet(46)) - raft.server.log.statemachine.data.caching.enabled = true (custom)
2023-12-05 10:05:41,687 [e173000e-ec0a-44a3-afc0-889131a99fbf-groupManagement] INFO  segmented.SegmentedRaftLogWorker (SegmentedRaftLogWorker.java:lambda$new$0(135)) - e173000e-ec0a-44a3-afc0-889131a99fbf@group-D97BFF1A6DA9-SegmentedRaftLogWorker: flushIndex: setUnconditionally 0 -> -1
2023-12-05 10:05:41,688 [e173000e-ec0a-44a3-afc0-889131a99fbf-groupManagement] INFO  segmented.SegmentedRaftLogWorker (SegmentedRaftLogWorker.java:lambda$new$0(135)) - e173000e-ec0a-44a3-afc0-889131a99fbf@group-D97BFF1A6DA9-SegmentedRaftLogWorker: safeCacheEvictIndex: setUnconditionally 0 -> -1
2023-12-05 10:05:41,689 [e173000e-ec0a-44a3-afc0-889131a99fbf-groupManagement] INFO  server.RaftServer$Division (RaftServerImpl.java:start(392)) - e173000e-ec0a-44a3-afc0-889131a99fbf@group-D97BFF1A6DA9: start as a follower, conf=-1: peers:[e173000e-ec0a-44a3-afc0-889131a99fbf|10.1.0.7:15163]|listeners:[], old=null
2023-12-05 10:05:41,689 [e173000e-ec0a-44a3-afc0-889131a99fbf-groupManagement] INFO  server.RaftServer$Division (RaftServerImpl.java:setRole(379)) - e173000e-ec0a-44a3-afc0-889131a99fbf@group-D97BFF1A6DA9: changes role from      null to FOLLOWER at term 0 for startAsFollower
2023-12-05 10:05:41,689 [e173000e-ec0a-44a3-afc0-889131a99fbf-groupManagement] INFO  impl.RoleInfo (RoleInfo.java:updateAndGet(139)) - e173000e-ec0a-44a3-afc0-889131a99fbf: start e173000e-ec0a-44a3-afc0-889131a99fbf@group-D97BFF1A6DA9-FollowerState
2023-12-05 10:05:41,690 [e173000e-ec0a-44a3-afc0-889131a99fbf@group-D97BFF1A6DA9-FollowerState] INFO  server.RaftServerConfigKeys (ConfUtils.java:logFallback(53)) - raft.server.rpc.first-election.timeout.min = 5s (fallback to raft.server.rpc.timeout.min)
2023-12-05 10:05:41,690 [e173000e-ec0a-44a3-afc0-889131a99fbf@group-D97BFF1A6DA9-FollowerState] INFO  server.RaftServerConfigKeys (ConfUtils.java:logFallback(53)) - raft.server.rpc.first-election.timeout.max = 5200ms (fallback to raft.server.rpc.timeout.max)
2023-12-05 10:05:41,690 [e173000e-ec0a-44a3-afc0-889131a99fbf-groupManagement] INFO  util.JmxRegister (JmxRegister.java:tryRegister(44)) - Successfully registered JMX Bean with object name Ratis:service=RaftServer,group=group-D97BFF1A6DA9,id=e173000e-ec0a-44a3-afc0-889131a99fbf
2023-12-05 10:05:41,691 [e173000e-ec0a-44a3-afc0-889131a99fbf-groupManagement] INFO  server.RaftServerConfigKeys (ConfUtils.java:logGet(46)) - raft.server.snapshot.trigger-when-stop.enabled = true (default)
2023-12-05 10:05:41,691 [e173000e-ec0a-44a3-afc0-889131a99fbf-groupManagement] INFO  server.RaftServerConfigKeys (ConfUtils.java:logGet(46)) - raft.server.snapshot.auto.trigger.enabled = true (custom)
2023-12-05 10:05:41,691 [e173000e-ec0a-44a3-afc0-889131a99fbf-groupManagement] INFO  server.RaftServerConfigKeys (ConfUtils.java:logGet(46)) - raft.server.snapshot.auto.trigger.threshold = 10000 (custom)
2023-12-05 10:05:41,692 [e173000e-ec0a-44a3-afc0-889131a99fbf-groupManagement] INFO  server.RaftServerConfigKeys (ConfUtils.java:logGet(46)) - raft.server.snapshot.retention.file.num = 5 (custom)
2023-12-05 10:05:41,692 [e173000e-ec0a-44a3-afc0-889131a99fbf-groupManagement] INFO  server.RaftServerConfigKeys (ConfUtils.java:logGet(46)) - raft.server.log.purge.upto.snapshot.index = false (default)
2023-12-05 10:05:41,693 [e173000e-ec0a-44a3-afc0-889131a99fbf-PipelineCommandHandlerThread-0] INFO  ratis.XceiverServerRatis (XceiverServerRatis.java:addGroup(837)) - Created group PipelineID=94e828c7-6d08-4b89-8012-d97bff1a6da9
2023-12-05 10:05:41,693 [e173000e-ec0a-44a3-afc0-889131a99fbf-PipelineCommandHandlerThread-0] INFO  commandhandler.CreatePipelineCommandHandler (CreatePipelineCommandHandler.java:lambda$handle$2(124)) - Created Pipeline RATIS ONE PipelineID=94e828c7-6d08-4b89-8012-d97bff1a6da9.
2023-12-05 10:05:41,761 [51001832-6223-4e01-9f82-66e4e6dc013b-PipelineCommandHandlerThread-0] INFO  server.RaftServer (RaftServerProxy.java:addNew(100)) - 51001832-6223-4e01-9f82-66e4e6dc013b: addNew group-B7429489D930:[51001832-6223-4e01-9f82-66e4e6dc013b|10.1.0.7:15172] returns group-B7429489D930:java.util.concurrent.CompletableFuture@72aea7b2[Not completed]
2023-12-05 10:05:41,761 [51001832-6223-4e01-9f82-66e4e6dc013b-groupManagement] INFO  server.RaftServer$Division (RaftServerImpl.java:<init>(256)) - 51001832-6223-4e01-9f82-66e4e6dc013b: new RaftServerImpl for group-B7429489D930:[51001832-6223-4e01-9f82-66e4e6dc013b|10.1.0.7:15172] with ContainerStateMachine:uninitialized
2023-12-05 10:05:41,761 [51001832-6223-4e01-9f82-66e4e6dc013b-groupManagement] INFO  server.RaftServerConfigKeys (ConfUtils.java:logGet(46)) - raft.server.rpc.timeout.min = 5s (custom)
2023-12-05 10:05:41,761 [51001832-6223-4e01-9f82-66e4e6dc013b-groupManagement] INFO  server.RaftServerConfigKeys (ConfUtils.java:logGet(46)) - raft.server.rpc.timeout.max = 5200ms (custom)
2023-12-05 10:05:41,761 [51001832-6223-4e01-9f82-66e4e6dc013b-groupManagement] INFO  server.RaftServerConfigKeys (ConfUtils.java:logGet(46)) - raft.server.rpc.sleep.time = 25ms (default)
2023-12-05 10:05:41,762 [51001832-6223-4e01-9f82-66e4e6dc013b-groupManagement] INFO  server.RaftServerConfigKeys (ConfUtils.java:logGet(46)) - raft.server.rpc.slowness.timeout = 300s (custom)
2023-12-05 10:05:41,762 [51001832-6223-4e01-9f82-66e4e6dc013b-groupManagement] INFO  server.RaftServerConfigKeys (ConfUtils.java:logGet(46)) - raft.server.leaderelection.leader.step-down.wait-time = 10s (default)
2023-12-05 10:05:41,762 [51001832-6223-4e01-9f82-66e4e6dc013b-groupManagement] INFO  server.RaftServerConfigKeys (ConfUtils.java:logGet(46)) - raft.server.leaderelection.member.majority-add = false (default)
2023-12-05 10:05:41,762 [51001832-6223-4e01-9f82-66e4e6dc013b-groupManagement] INFO  server.RaftServerConfigKeys (ConfUtils.java:logGet(46)) - raft.server.sleep.deviation.threshold = 300ms (default)
2023-12-05 10:05:41,762 [51001832-6223-4e01-9f82-66e4e6dc013b-groupManagement] INFO  server.RaftServer$Division (ServerState.java:<init>(113)) - 51001832-6223-4e01-9f82-66e4e6dc013b@group-B7429489D930: ConfigurationManager, init=-1: peers:[51001832-6223-4e01-9f82-66e4e6dc013b|10.1.0.7:15172]|listeners:[], old=null, confs=<EMPTY_MAP>
2023-12-05 10:05:41,762 [51001832-6223-4e01-9f82-66e4e6dc013b-groupManagement] INFO  server.RaftServerConfigKeys (ConfUtils.java:logGet(46)) - raft.server.notification.no-leader.timeout = 300s (custom)
2023-12-05 10:05:41,762 [51001832-6223-4e01-9f82-66e4e6dc013b-groupManagement] INFO  server.RaftServerConfigKeys (ConfUtils.java:logGet(46)) - raft.server.read.timeout = 10s (default)
2023-12-05 10:05:41,762 [51001832-6223-4e01-9f82-66e4e6dc013b-groupManagement] INFO  server.RaftServerConfigKeys (ConfUtils.java:logGet(46)) - raft.server.retrycache.expirytime = 600000ms (custom)
2023-12-05 10:05:41,762 [51001832-6223-4e01-9f82-66e4e6dc013b-groupManagement] INFO  server.RaftServerConfigKeys (ConfUtils.java:logGet(46)) - raft.server.retrycache.statistics.expirytime = 100ms (default)
2023-12-05 10:05:41,762 [51001832-6223-4e01-9f82-66e4e6dc013b-groupManagement] INFO  server.RaftServerConfigKeys (ConfUtils.java:logGet(46)) - raft.server.read.option = DEFAULT (default)
2023-12-05 10:05:41,762 [51001832-6223-4e01-9f82-66e4e6dc013b-groupManagement] INFO  server.RaftServerConfigKeys (ConfUtils.java:logGet(46)) - raft.server.read.read-after-write-consistent.write-index-cache.expiry-time = 60s (default)
2023-12-05 10:05:41,763 [51001832-6223-4e01-9f82-66e4e6dc013b-groupManagement] INFO  server.RaftServerConfigKeys (ConfUtils.java:logGet(46)) - raft.server.rpc.request.timeout = 60s (custom)
2023-12-05 10:05:41,763 [51001832-6223-4e01-9f82-66e4e6dc013b-groupManagement] INFO  server.RaftServerConfigKeys (ConfUtils.java:logGet(46)) - raft.server.log.appender.install.snapshot.enabled = false (custom)
2023-12-05 10:05:41,763 [51001832-6223-4e01-9f82-66e4e6dc013b-groupManagement] INFO  server.RaftServerConfigKeys (ConfUtils.java:logGet(46)) - raft.server.threadpool.server.cached = true (default)
2023-12-05 10:05:41,763 [51001832-6223-4e01-9f82-66e4e6dc013b-groupManagement] INFO  server.RaftServerConfigKeys (ConfUtils.java:logGet(46)) - raft.server.threadpool.server.size = 0 (default)
2023-12-05 10:05:41,763 [51001832-6223-4e01-9f82-66e4e6dc013b-groupManagement] INFO  server.RaftServerConfigKeys (ConfUtils.java:logGet(46)) - raft.server.threadpool.client.cached = true (default)
2023-12-05 10:05:41,763 [51001832-6223-4e01-9f82-66e4e6dc013b-groupManagement] INFO  server.RaftServerConfigKeys (ConfUtils.java:logGet(46)) - raft.server.threadpool.client.size = 0 (default)
2023-12-05 10:05:41,763 [51001832-6223-4e01-9f82-66e4e6dc013b-groupManagement] INFO  server.RaftServerConfigKeys (ConfUtils.java:logGet(46)) - raft.server.storage.free-space.min = 0MB (=0) (default)
2023-12-05 10:05:41,763 [51001832-6223-4e01-9f82-66e4e6dc013b-groupManagement] INFO  server.RaftServerConfigKeys (ConfUtils.java:logGet(46)) - raft.server.log.corruption.policy = EXCEPTION (default)
2023-12-05 10:05:41,764 [51001832-6223-4e01-9f82-66e4e6dc013b-groupManagement] INFO  server.RaftServerConfigKeys (ConfUtils.java:logGet(46)) - raft.server.storage.dir = [/home/runner/work/ozone/ozone/hadoop-ozone/integration-test/target/test-dir/MiniOzoneClusterImpl-2d7daef6-be11-494e-bdf1-1c9d25d68037/datanode-2/data/ratis] (custom)
2023-12-05 10:05:41,764 [51001832-6223-4e01-9f82-66e4e6dc013b-groupManagement] INFO  storage.RaftStorageDirectory (RaftStorageDirectoryImpl.java:analyzeStorage(138)) - The storage directory /home/runner/work/ozone/ozone/hadoop-ozone/integration-test/target/test-dir/MiniOzoneClusterImpl-2d7daef6-be11-494e-bdf1-1c9d25d68037/datanode-2/data/ratis/a9ffa5e9-7b0f-485f-a7d8-b7429489d930 does not exist. Creating ...
2023-12-05 10:05:41,764 [main] INFO  ozone.MiniOzoneClusterImpl (MiniOzoneClusterImpl.java:lambda$waitForClusterToBeReady$0(229)) - Nodes are ready. Got 3 of 3 DN Heartbeats.
2023-12-05 10:05:41,764 [main] INFO  ozone.MiniOzoneClusterImpl (MiniOzoneClusterImpl.java:lambda$waitForClusterToBeReady$0(232)) - Waiting for cluster to exit safe mode
2023-12-05 10:05:41,764 [main] INFO  ozone.MiniOzoneClusterImpl (MiniOzoneClusterImpl.java:lambda$waitForClusterToBeReady$0(234)) - SCM became leader
2023-12-05 10:05:41,765 [51001832-6223-4e01-9f82-66e4e6dc013b-groupManagement] INFO  storage.RaftStorageDirectory (RaftStorageDirectoryImpl.java:tryLock(232)) - Lock on /home/runner/work/ozone/ozone/hadoop-ozone/integration-test/target/test-dir/MiniOzoneClusterImpl-2d7daef6-be11-494e-bdf1-1c9d25d68037/datanode-2/data/ratis/a9ffa5e9-7b0f-485f-a7d8-b7429489d930/in_use.lock acquired by nodename 4813@fv-az884-53
2023-12-05 10:05:41,766 [51001832-6223-4e01-9f82-66e4e6dc013b-groupManagement] INFO  storage.RaftStorage (RaftStorageImpl.java:format(97)) - Storage directory /home/runner/work/ozone/ozone/hadoop-ozone/integration-test/target/test-dir/MiniOzoneClusterImpl-2d7daef6-be11-494e-bdf1-1c9d25d68037/datanode-2/data/ratis/a9ffa5e9-7b0f-485f-a7d8-b7429489d930 has been successfully formatted.
2023-12-05 10:05:41,766 [51001832-6223-4e01-9f82-66e4e6dc013b-groupManagement] INFO  ratis.ContainerStateMachine (ContainerStateMachine.java:loadSnapshot(269)) - group-B7429489D930: The snapshot info is null. Setting the last applied indexto:(t:0, i:~)
2023-12-05 10:05:41,766 [51001832-6223-4e01-9f82-66e4e6dc013b-groupManagement] INFO  server.RaftServerConfigKeys (ConfUtils.java:logGet(46)) - raft.server.log.use.memory = false (default)
2023-12-05 10:05:41,766 [51001832-6223-4e01-9f82-66e4e6dc013b-groupManagement] INFO  server.RaftServerConfigKeys (ConfUtils.java:logGet(46)) - raft.server.log.purge.gap = 1000000 (custom)
2023-12-05 10:05:41,766 [51001832-6223-4e01-9f82-66e4e6dc013b-groupManagement] INFO  server.RaftServerConfigKeys (ConfUtils.java:logGet(46)) - raft.server.log.appender.buffer.byte-limit = 8388608 (custom)
2023-12-05 10:05:41,766 [51001832-6223-4e01-9f82-66e4e6dc013b-groupManagement] INFO  server.RaftServerConfigKeys (ConfUtils.java:logGet(46)) - raft.server.log.statemachine.data.read.timeout = 1000ms (default)
2023-12-05 10:05:41,766 [51001832-6223-4e01-9f82-66e4e6dc013b-groupManagement] INFO  server.RaftServerConfigKeys (ConfUtils.java:logGet(46)) - raft.server.log.purge.preservation.log.num = 0 (default)
2023-12-05 10:05:41,767 [51001832-6223-4e01-9f82-66e4e6dc013b-groupManagement] INFO  server.RaftServerConfigKeys (ConfUtils.java:logGet(46)) - raft.server.log.segment.size.max = 67108864 (custom)
2023-12-05 10:05:41,767 [51001832-6223-4e01-9f82-66e4e6dc013b-groupManagement] INFO  server.RaftServerConfigKeys (ConfUtils.java:logGet(46)) - raft.server.log.segment.cache.num.max = 2 (custom)
2023-12-05 10:05:41,767 [51001832-6223-4e01-9f82-66e4e6dc013b-groupManagement] INFO  server.RaftServerConfigKeys (ConfUtils.java:logGet(46)) - raft.server.log.segment.cache.size.max = 200MB (=209715200) (default)
2023-12-05 10:05:41,767 [51001832-6223-4e01-9f82-66e4e6dc013b-groupManagement] INFO  server.RaftServerConfigKeys (ConfUtils.java:logGet(46)) - raft.server.log.appender.buffer.byte-limit = 8388608 (custom)
2023-12-05 10:05:41,767 [51001832-6223-4e01-9f82-66e4e6dc013b-groupManagement] INFO  util.AwaitToRun (AwaitToRun.java:start(81)) - Thread[51001832-6223-4e01-9f82-66e4e6dc013b@group-B7429489D930-cacheEviction-AwaitToRun,5,main] started
2023-12-05 10:05:41,768 [51001832-6223-4e01-9f82-66e4e6dc013b-groupManagement] INFO  segmented.SegmentedRaftLogWorker (SegmentedRaftLogWorker.java:<init>(184)) - new 51001832-6223-4e01-9f82-66e4e6dc013b@group-B7429489D930-SegmentedRaftLogWorker for RaftStorageImpl:Storage Directory /home/runner/work/ozone/ozone/hadoop-ozone/integration-test/target/test-dir/MiniOzoneClusterImpl-2d7daef6-be11-494e-bdf1-1c9d25d68037/datanode-2/data/ratis/a9ffa5e9-7b0f-485f-a7d8-b7429489d930
2023-12-05 10:05:41,768 [51001832-6223-4e01-9f82-66e4e6dc013b-groupManagement] INFO  server.RaftServerConfigKeys (ConfUtils.java:logGet(46)) - raft.server.log.queue.byte-limit = 4294967296 (custom)
2023-12-05 10:05:41,768 [51001832-6223-4e01-9f82-66e4e6dc013b-groupManagement] INFO  server.RaftServerConfigKeys (ConfUtils.java:logGet(46)) - raft.server.log.queue.element-limit = 1024 (custom)
2023-12-05 10:05:41,768 [51001832-6223-4e01-9f82-66e4e6dc013b-groupManagement] INFO  server.RaftServerConfigKeys (ConfUtils.java:logGet(46)) - raft.server.log.segment.size.max = 67108864 (custom)
2023-12-05 10:05:41,768 [51001832-6223-4e01-9f82-66e4e6dc013b-groupManagement] INFO  server.RaftServerConfigKeys (ConfUtils.java:logGet(46)) - raft.server.log.preallocated.size = 4194304 (custom)
2023-12-05 10:05:41,768 [51001832-6223-4e01-9f82-66e4e6dc013b-groupManagement] INFO  server.RaftServerConfigKeys (ConfUtils.java:logGet(46)) - raft.server.log.force.sync.num = 128 (default)
2023-12-05 10:05:41,768 [51001832-6223-4e01-9f82-66e4e6dc013b-groupManagement] INFO  server.RaftServerConfigKeys (ConfUtils.java:logGet(46)) - raft.server.log.statemachine.data.sync = true (default)
2023-12-05 10:05:41,768 [51001832-6223-4e01-9f82-66e4e6dc013b-groupManagement] INFO  server.RaftServerConfigKeys (ConfUtils.java:logGet(46)) - raft.server.log.statemachine.data.sync.timeout = 10s (default)
2023-12-05 10:05:41,768 [51001832-6223-4e01-9f82-66e4e6dc013b-groupManagement] INFO  server.RaftServerConfigKeys (ConfUtils.java:logGet(46)) - raft.server.log.statemachine.data.sync.timeout.retry = 0 (custom)
2023-12-05 10:05:41,768 [EventQueue-PipelineReportForPipelineReportHandler] INFO  pipeline.PipelineReportHandler (PipelineReportHandler.java:processPipelineReport(136)) - Opened pipeline PipelineID=a9ffa5e9-7b0f-485f-a7d8-b7429489d930
2023-12-05 10:05:41,768 [51001832-6223-4e01-9f82-66e4e6dc013b-groupManagement] INFO  server.RaftServerConfigKeys (ConfUtils.java:logGet(46)) - raft.server.log.write.buffer.size = 8388616 (custom)
2023-12-05 10:05:41,768 [EventQueue-OpenPipelineForHealthyPipelineSafeModeRule] INFO  safemode.SCMSafeModeManager (HealthyPipelineSafeModeRule.java:process(137)) - SCM in safe mode. Healthy pipelines reported count is 0, required healthy pipeline reported count is 1
2023-12-05 10:05:41,770 [51001832-6223-4e01-9f82-66e4e6dc013b-groupManagement] INFO  server.RaftServerConfigKeys (ConfUtils.java:logGet(46)) - raft.server.log.appender.buffer.byte-limit = 8388608 (custom)
2023-12-05 10:05:41,796 [51001832-6223-4e01-9f82-66e4e6dc013b-groupManagement] INFO  server.RaftServerConfigKeys (ConfUtils.java:logGet(46)) - raft.server.log.unsafe-flush.enabled = false (default)
2023-12-05 10:05:41,796 [51001832-6223-4e01-9f82-66e4e6dc013b-groupManagement] INFO  server.RaftServerConfigKeys (ConfUtils.java:logGet(46)) - raft.server.log.async-flush.enabled = false (default)
2023-12-05 10:05:41,796 [51001832-6223-4e01-9f82-66e4e6dc013b-groupManagement] INFO  server.RaftServerConfigKeys (ConfUtils.java:logGet(46)) - raft.server.log.statemachine.data.caching.enabled = true (custom)
2023-12-05 10:05:41,797 [51001832-6223-4e01-9f82-66e4e6dc013b-groupManagement] INFO  segmented.SegmentedRaftLogWorker (SegmentedRaftLogWorker.java:lambda$new$0(135)) - 51001832-6223-4e01-9f82-66e4e6dc013b@group-B7429489D930-SegmentedRaftLogWorker: flushIndex: setUnconditionally 0 -> -1
2023-12-05 10:05:41,797 [51001832-6223-4e01-9f82-66e4e6dc013b-groupManagement] INFO  segmented.SegmentedRaftLogWorker (SegmentedRaftLogWorker.java:lambda$new$0(135)) - 51001832-6223-4e01-9f82-66e4e6dc013b@group-B7429489D930-SegmentedRaftLogWorker: safeCacheEvictIndex: setUnconditionally 0 -> -1
2023-12-05 10:05:41,797 [51001832-6223-4e01-9f82-66e4e6dc013b-groupManagement] INFO  server.RaftServer$Division (RaftServerImpl.java:start(392)) - 51001832-6223-4e01-9f82-66e4e6dc013b@group-B7429489D930: start as a follower, conf=-1: peers:[51001832-6223-4e01-9f82-66e4e6dc013b|10.1.0.7:15172]|listeners:[], old=null
2023-12-05 10:05:41,797 [51001832-6223-4e01-9f82-66e4e6dc013b-groupManagement] INFO  server.RaftServer$Division (RaftServerImpl.java:setRole(379)) - 51001832-6223-4e01-9f82-66e4e6dc013b@group-B7429489D930: changes role from      null to FOLLOWER at term 0 for startAsFollower
2023-12-05 10:05:41,797 [51001832-6223-4e01-9f82-66e4e6dc013b-groupManagement] INFO  impl.RoleInfo (RoleInfo.java:updateAndGet(139)) - 51001832-6223-4e01-9f82-66e4e6dc013b: start 51001832-6223-4e01-9f82-66e4e6dc013b@group-B7429489D930-FollowerState
2023-12-05 10:05:41,798 [51001832-6223-4e01-9f82-66e4e6dc013b@group-B7429489D930-FollowerState] INFO  server.RaftServerConfigKeys (ConfUtils.java:logFallback(53)) - raft.server.rpc.first-election.timeout.min = 5s (fallback to raft.server.rpc.timeout.min)
2023-12-05 10:05:41,798 [51001832-6223-4e01-9f82-66e4e6dc013b-groupManagement] INFO  util.JmxRegister (JmxRegister.java:tryRegister(44)) - Successfully registered JMX Bean with object name Ratis:service=RaftServer,group=group-B7429489D930,id=51001832-6223-4e01-9f82-66e4e6dc013b
2023-12-05 10:05:41,798 [51001832-6223-4e01-9f82-66e4e6dc013b-groupManagement] INFO  server.RaftServerConfigKeys (ConfUtils.java:logGet(46)) - raft.server.snapshot.trigger-when-stop.enabled = true (default)
2023-12-05 10:05:41,798 [51001832-6223-4e01-9f82-66e4e6dc013b-groupManagement] INFO  server.RaftServerConfigKeys (ConfUtils.java:logGet(46)) - raft.server.snapshot.auto.trigger.enabled = true (custom)
2023-12-05 10:05:41,798 [51001832-6223-4e01-9f82-66e4e6dc013b-groupManagement] INFO  server.RaftServerConfigKeys (ConfUtils.java:logGet(46)) - raft.server.snapshot.auto.trigger.threshold = 10000 (custom)
2023-12-05 10:05:41,798 [51001832-6223-4e01-9f82-66e4e6dc013b-groupManagement] INFO  server.RaftServerConfigKeys (ConfUtils.java:logGet(46)) - raft.server.snapshot.retention.file.num = 5 (custom)
2023-12-05 10:05:41,798 [51001832-6223-4e01-9f82-66e4e6dc013b-groupManagement] INFO  server.RaftServerConfigKeys (ConfUtils.java:logGet(46)) - raft.server.log.purge.upto.snapshot.index = false (default)
2023-12-05 10:05:41,798 [51001832-6223-4e01-9f82-66e4e6dc013b@group-B7429489D930-FollowerState] INFO  server.RaftServerConfigKeys (ConfUtils.java:logFallback(53)) - raft.server.rpc.first-election.timeout.max = 5200ms (fallback to raft.server.rpc.timeout.max)
2023-12-05 10:05:41,799 [51001832-6223-4e01-9f82-66e4e6dc013b-PipelineCommandHandlerThread-0] INFO  ratis.XceiverServerRatis (XceiverServerRatis.java:addGroup(837)) - Created group PipelineID=a9ffa5e9-7b0f-485f-a7d8-b7429489d930
2023-12-05 10:05:41,799 [51001832-6223-4e01-9f82-66e4e6dc013b-PipelineCommandHandlerThread-0] INFO  commandhandler.CreatePipelineCommandHandler (CreatePipelineCommandHandler.java:lambda$handle$2(124)) - Created Pipeline RATIS ONE PipelineID=a9ffa5e9-7b0f-485f-a7d8-b7429489d930.
2023-12-05 10:05:42,765 [main] INFO  ozone.MiniOzoneClusterImpl (MiniOzoneClusterImpl.java:lambda$waitForClusterToBeReady$0(229)) - Nodes are ready. Got 3 of 3 DN Heartbeats.
2023-12-05 10:05:42,765 [main] INFO  ozone.MiniOzoneClusterImpl (MiniOzoneClusterImpl.java:lambda$waitForClusterToBeReady$0(232)) - Waiting for cluster to exit safe mode
2023-12-05 10:05:42,765 [main] INFO  ozone.MiniOzoneClusterImpl (MiniOzoneClusterImpl.java:lambda$waitForClusterToBeReady$0(234)) - SCM became leader
2023-12-05 10:05:43,765 [main] INFO  ozone.MiniOzoneClusterImpl (MiniOzoneClusterImpl.java:lambda$waitForClusterToBeReady$0(229)) - Nodes are ready. Got 3 of 3 DN Heartbeats.
2023-12-05 10:05:43,765 [main] INFO  ozone.MiniOzoneClusterImpl (MiniOzoneClusterImpl.java:lambda$waitForClusterToBeReady$0(232)) - Waiting for cluster to exit safe mode
2023-12-05 10:05:43,765 [main] INFO  ozone.MiniOzoneClusterImpl (MiniOzoneClusterImpl.java:lambda$waitForClusterToBeReady$0(234)) - SCM became leader
2023-12-05 10:05:44,766 [main] INFO  ozone.MiniOzoneClusterImpl (MiniOzoneClusterImpl.java:lambda$waitForClusterToBeReady$0(229)) - Nodes are ready. Got 3 of 3 DN Heartbeats.
2023-12-05 10:05:44,766 [main] INFO  ozone.MiniOzoneClusterImpl (MiniOzoneClusterImpl.java:lambda$waitForClusterToBeReady$0(232)) - Waiting for cluster to exit safe mode
2023-12-05 10:05:44,766 [main] INFO  ozone.MiniOzoneClusterImpl (MiniOzoneClusterImpl.java:lambda$waitForClusterToBeReady$0(234)) - SCM became leader
2023-12-05 10:05:45,766 [main] INFO  ozone.MiniOzoneClusterImpl (MiniOzoneClusterImpl.java:lambda$waitForClusterToBeReady$0(229)) - Nodes are ready. Got 3 of 3 DN Heartbeats.
2023-12-05 10:05:45,767 [main] INFO  ozone.MiniOzoneClusterImpl (MiniOzoneClusterImpl.java:lambda$waitForClusterToBeReady$0(232)) - Waiting for cluster to exit safe mode
2023-12-05 10:05:45,767 [main] INFO  ozone.MiniOzoneClusterImpl (MiniOzoneClusterImpl.java:lambda$waitForClusterToBeReady$0(234)) - SCM became leader
2023-12-05 10:05:46,690 [91a75bad-db25-440f-8a5d-0b0b19abc853@group-1A41835926C4-FollowerState] INFO  impl.FollowerState (FollowerState.java:run(143)) - 91a75bad-db25-440f-8a5d-0b0b19abc853@group-1A41835926C4-FollowerState: change to CANDIDATE, lastRpcElapsedTime:5097600080ns, electionTimeout:5097ms
2023-12-05 10:05:46,690 [91a75bad-db25-440f-8a5d-0b0b19abc853@group-1A41835926C4-FollowerState] INFO  impl.RoleInfo (RoleInfo.java:shutdownFollowerState(110)) - 91a75bad-db25-440f-8a5d-0b0b19abc853: shutdown 91a75bad-db25-440f-8a5d-0b0b19abc853@group-1A41835926C4-FollowerState
2023-12-05 10:05:46,690 [91a75bad-db25-440f-8a5d-0b0b19abc853@group-1A41835926C4-FollowerState] INFO  server.RaftServer$Division (RaftServerImpl.java:setRole(379)) - 91a75bad-db25-440f-8a5d-0b0b19abc853@group-1A41835926C4: changes role from  FOLLOWER to CANDIDATE at term 0 for changeToCandidate
2023-12-05 10:05:46,690 [91a75bad-db25-440f-8a5d-0b0b19abc853@group-1A41835926C4-FollowerState] INFO  server.RaftServerConfigKeys (ConfUtils.java:logGet(46)) - raft.server.leaderelection.pre-vote = true (default)
2023-12-05 10:05:46,690 [91a75bad-db25-440f-8a5d-0b0b19abc853@group-1A41835926C4-FollowerState] INFO  impl.RoleInfo (RoleInfo.java:updateAndGet(139)) - 91a75bad-db25-440f-8a5d-0b0b19abc853: start 91a75bad-db25-440f-8a5d-0b0b19abc853@group-1A41835926C4-LeaderElection24
2023-12-05 10:05:46,691 [91a75bad-db25-440f-8a5d-0b0b19abc853@group-1A41835926C4-LeaderElection24] INFO  impl.LeaderElection (LeaderElection.java:askForVotes(323)) - 91a75bad-db25-440f-8a5d-0b0b19abc853@group-1A41835926C4-LeaderElection24 PRE_VOTE round 0: submit vote requests at term 0 for -1: peers:[91a75bad-db25-440f-8a5d-0b0b19abc853|10.1.0.7:15154, e173000e-ec0a-44a3-afc0-889131a99fbf|10.1.0.7:15163, 51001832-6223-4e01-9f82-66e4e6dc013b|10.1.0.7:15172]|listeners:[], old=null
2023-12-05 10:05:46,692 [91a75bad-db25-440f-8a5d-0b0b19abc853@group-1A41835926C4-LeaderElection24-1] INFO  server.GrpcServerProtocolClient (GrpcServerProtocolClient.java:<init>(65)) - Build channel for e173000e-ec0a-44a3-afc0-889131a99fbf
2023-12-05 10:05:46,692 [91a75bad-db25-440f-8a5d-0b0b19abc853@group-1A41835926C4-LeaderElection24] INFO  server.RaftServerConfigKeys (ConfUtils.java:logFallback(53)) - raft.server.rpc.first-election.timeout.min = 5s (fallback to raft.server.rpc.timeout.min)
2023-12-05 10:05:46,692 [91a75bad-db25-440f-8a5d-0b0b19abc853@group-1A41835926C4-LeaderElection24] INFO  server.RaftServerConfigKeys (ConfUtils.java:logFallback(53)) - raft.server.rpc.first-election.timeout.max = 5200ms (fallback to raft.server.rpc.timeout.max)
2023-12-05 10:05:46,692 [91a75bad-db25-440f-8a5d-0b0b19abc853@group-1A41835926C4-LeaderElection24-2] INFO  server.GrpcServerProtocolClient (GrpcServerProtocolClient.java:<init>(65)) - Build channel for 51001832-6223-4e01-9f82-66e4e6dc013b
2023-12-05 10:05:46,697 [grpc-default-executor-0] INFO  server.RaftServer$Division (RaftServerImpl.java:requestVote(1377)) - e173000e-ec0a-44a3-afc0-889131a99fbf@group-1A41835926C4: receive requestVote(PRE_VOTE, 91a75bad-db25-440f-8a5d-0b0b19abc853, group-1A41835926C4, 0, (t:0, i:0))
2023-12-05 10:05:46,697 [grpc-default-executor-1] INFO  server.RaftServer$Division (RaftServerImpl.java:requestVote(1377)) - 51001832-6223-4e01-9f82-66e4e6dc013b@group-1A41835926C4: receive requestVote(PRE_VOTE, 91a75bad-db25-440f-8a5d-0b0b19abc853, group-1A41835926C4, 0, (t:0, i:0))
2023-12-05 10:05:46,698 [grpc-default-executor-0] INFO  impl.VoteContext (VoteContext.java:log(49)) - e173000e-ec0a-44a3-afc0-889131a99fbf@group-1A41835926C4-FOLLOWER: accept PRE_VOTE from 91a75bad-db25-440f-8a5d-0b0b19abc853: our priority 0 <= candidate's priority 0
2023-12-05 10:05:46,698 [grpc-default-executor-1] INFO  impl.VoteContext (VoteContext.java:log(49)) - 51001832-6223-4e01-9f82-66e4e6dc013b@group-1A41835926C4-FOLLOWER: reject PRE_VOTE from 91a75bad-db25-440f-8a5d-0b0b19abc853: our priority 1 > candidate's priority 0
2023-12-05 10:05:46,698 [grpc-default-executor-0] INFO  server.RaftServer$Division (RaftServerImpl.java:requestVote(1410)) - e173000e-ec0a-44a3-afc0-889131a99fbf@group-1A41835926C4 replies to PRE_VOTE vote request: 91a75bad-db25-440f-8a5d-0b0b19abc853<-e173000e-ec0a-44a3-afc0-889131a99fbf#0:OK-t0. Peer's state: e173000e-ec0a-44a3-afc0-889131a99fbf@group-1A41835926C4:t0, leader=null, voted=, raftlog=Memoized:e173000e-ec0a-44a3-afc0-889131a99fbf@group-1A41835926C4-SegmentedRaftLog:OPENED:c-1, conf=-1: peers:[91a75bad-db25-440f-8a5d-0b0b19abc853|10.1.0.7:15154, e173000e-ec0a-44a3-afc0-889131a99fbf|10.1.0.7:15163, 51001832-6223-4e01-9f82-66e4e6dc013b|10.1.0.7:15172]|listeners:[], old=null
2023-12-05 10:05:46,698 [grpc-default-executor-1] INFO  server.RaftServer$Division (RaftServerImpl.java:requestVote(1410)) - 51001832-6223-4e01-9f82-66e4e6dc013b@group-1A41835926C4 replies to PRE_VOTE vote request: 91a75bad-db25-440f-8a5d-0b0b19abc853<-51001832-6223-4e01-9f82-66e4e6dc013b#0:FAIL-t0. Peer's state: 51001832-6223-4e01-9f82-66e4e6dc013b@group-1A41835926C4:t0, leader=null, voted=, raftlog=Memoized:51001832-6223-4e01-9f82-66e4e6dc013b@group-1A41835926C4-SegmentedRaftLog:OPENED:c-1, conf=-1: peers:[91a75bad-db25-440f-8a5d-0b0b19abc853|10.1.0.7:15154, e173000e-ec0a-44a3-afc0-889131a99fbf|10.1.0.7:15163, 51001832-6223-4e01-9f82-66e4e6dc013b|10.1.0.7:15172]|listeners:[], old=null
2023-12-05 10:05:46,700 [91a75bad-db25-440f-8a5d-0b0b19abc853@group-1A41835926C4-LeaderElection24] INFO  impl.LeaderElection (LeaderElection.java:logAndReturn(89)) - 91a75bad-db25-440f-8a5d-0b0b19abc853@group-1A41835926C4-LeaderElection24: PRE_VOTE REJECTED received 1 response(s) and 0 exception(s):
2023-12-05 10:05:46,700 [91a75bad-db25-440f-8a5d-0b0b19abc853@group-1A41835926C4-LeaderElection24] INFO  impl.LeaderElection (LeaderElection.java:logAndReturn(93)) -   Response 0: 91a75bad-db25-440f-8a5d-0b0b19abc853<-51001832-6223-4e01-9f82-66e4e6dc013b#0:FAIL-t0
2023-12-05 10:05:46,700 [91a75bad-db25-440f-8a5d-0b0b19abc853@group-1A41835926C4-LeaderElection24] INFO  impl.LeaderElection (LeaderElection.java:askForVotes(325)) - 91a75bad-db25-440f-8a5d-0b0b19abc853@group-1A41835926C4-LeaderElection24 PRE_VOTE round 0: result REJECTED
2023-12-05 10:05:46,700 [91a75bad-db25-440f-8a5d-0b0b19abc853@group-1A41835926C4-LeaderElection24] INFO  server.RaftServer$Division (RaftServerImpl.java:setRole(379)) - 91a75bad-db25-440f-8a5d-0b0b19abc853@group-1A41835926C4: changes role from CANDIDATE to FOLLOWER at term 0 for REJECTED
2023-12-05 10:05:46,700 [91a75bad-db25-440f-8a5d-0b0b19abc853@group-1A41835926C4-LeaderElection24] INFO  impl.RoleInfo (RoleInfo.java:shutdownLeaderElection(130)) - 91a75bad-db25-440f-8a5d-0b0b19abc853: shutdown 91a75bad-db25-440f-8a5d-0b0b19abc853@group-1A41835926C4-LeaderElection24
2023-12-05 10:05:46,700 [91a75bad-db25-440f-8a5d-0b0b19abc853@group-1A41835926C4-LeaderElection24] INFO  impl.RoleInfo (RoleInfo.java:updateAndGet(139)) - 91a75bad-db25-440f-8a5d-0b0b19abc853: start 91a75bad-db25-440f-8a5d-0b0b19abc853@group-1A41835926C4-FollowerState
2023-12-05 10:05:46,700 [91a75bad-db25-440f-8a5d-0b0b19abc853@group-1A41835926C4-LeaderElection24] INFO  server.RaftServer$Division (RaftServerImpl.java:setFirstElection(564)) - 91a75bad-db25-440f-8a5d-0b0b19abc853@group-1A41835926C4: set firstElectionSinceStartup to false for REJECTED
2023-12-05 10:05:46,710 [e173000e-ec0a-44a3-afc0-889131a99fbf@group-1A41835926C4-FollowerState] INFO  server.RaftServerConfigKeys (ConfUtils.java:logFallback(53)) - raft.server.rpc.first-election.timeout.min = 5s (fallback to raft.server.rpc.timeout.min)
2023-12-05 10:05:46,710 [e173000e-ec0a-44a3-afc0-889131a99fbf@group-1A41835926C4-FollowerState] INFO  server.RaftServerConfigKeys (ConfUtils.java:logFallback(53)) - raft.server.rpc.first-election.timeout.max = 5200ms (fallback to raft.server.rpc.timeout.max)
2023-12-05 10:05:46,725 [91a75bad-db25-440f-8a5d-0b0b19abc853@group-F3E0629BE60C-FollowerState] INFO  impl.FollowerState (FollowerState.java:run(143)) - 91a75bad-db25-440f-8a5d-0b0b19abc853@group-F3E0629BE60C-FollowerState: change to CANDIDATE, lastRpcElapsedTime:5145008108ns, electionTimeout:5144ms
2023-12-05 10:05:46,725 [91a75bad-db25-440f-8a5d-0b0b19abc853@group-F3E0629BE60C-FollowerState] INFO  impl.RoleInfo (RoleInfo.java:shutdownFollowerState(110)) - 91a75bad-db25-440f-8a5d-0b0b19abc853: shutdown 91a75bad-db25-440f-8a5d-0b0b19abc853@group-F3E0629BE60C-FollowerState
2023-12-05 10:05:46,725 [91a75bad-db25-440f-8a5d-0b0b19abc853@group-F3E0629BE60C-FollowerState] INFO  server.RaftServer$Division (RaftServerImpl.java:setRole(379)) - 91a75bad-db25-440f-8a5d-0b0b19abc853@group-F3E0629BE60C: changes role from  FOLLOWER to CANDIDATE at term 0 for changeToCandidate
2023-12-05 10:05:46,725 [91a75bad-db25-440f-8a5d-0b0b19abc853@group-F3E0629BE60C-FollowerState] INFO  server.RaftServerConfigKeys (ConfUtils.java:logGet(46)) - raft.server.leaderelection.pre-vote = true (default)
2023-12-05 10:05:46,725 [91a75bad-db25-440f-8a5d-0b0b19abc853@group-F3E0629BE60C-FollowerState] INFO  impl.RoleInfo (RoleInfo.java:updateAndGet(139)) - 91a75bad-db25-440f-8a5d-0b0b19abc853: start 91a75bad-db25-440f-8a5d-0b0b19abc853@group-F3E0629BE60C-LeaderElection25
2023-12-05 10:05:46,727 [91a75bad-db25-440f-8a5d-0b0b19abc853@group-F3E0629BE60C-LeaderElection25] INFO  impl.LeaderElection (LeaderElection.java:askForVotes(323)) - 91a75bad-db25-440f-8a5d-0b0b19abc853@group-F3E0629BE60C-LeaderElection25 PRE_VOTE round 0: submit vote requests at term 0 for -1: peers:[91a75bad-db25-440f-8a5d-0b0b19abc853|10.1.0.7:15154]|listeners:[], old=null
2023-12-05 10:05:46,727 [91a75bad-db25-440f-8a5d-0b0b19abc853@group-F3E0629BE60C-LeaderElection25] INFO  impl.LeaderElection (LeaderElection.java:askForVotes(325)) - 91a75bad-db25-440f-8a5d-0b0b19abc853@group-F3E0629BE60C-LeaderElection25 PRE_VOTE round 0: result PASSED (term=0)
2023-12-05 10:05:46,728 [91a75bad-db25-440f-8a5d-0b0b19abc853@group-F3E0629BE60C-LeaderElection25] INFO  impl.LeaderElection (LeaderElection.java:askForVotes(323)) - 91a75bad-db25-440f-8a5d-0b0b19abc853@group-F3E0629BE60C-LeaderElection25 ELECTION round 0: submit vote requests at term 1 for -1: peers:[91a75bad-db25-440f-8a5d-0b0b19abc853|10.1.0.7:15154]|listeners:[], old=null
2023-12-05 10:05:46,728 [91a75bad-db25-440f-8a5d-0b0b19abc853@group-F3E0629BE60C-LeaderElection25] INFO  impl.LeaderElection (LeaderElection.java:askForVotes(325)) - 91a75bad-db25-440f-8a5d-0b0b19abc853@group-F3E0629BE60C-LeaderElection25 ELECTION round 0: result PASSED (term=1)
2023-12-05 10:05:46,728 [91a75bad-db25-440f-8a5d-0b0b19abc853@group-F3E0629BE60C-LeaderElection25] INFO  impl.RoleInfo (RoleInfo.java:shutdownLeaderElection(130)) - 91a75bad-db25-440f-8a5d-0b0b19abc853: shutdown 91a75bad-db25-440f-8a5d-0b0b19abc853@group-F3E0629BE60C-LeaderElection25
2023-12-05 10:05:46,728 [91a75bad-db25-440f-8a5d-0b0b19abc853@group-F3E0629BE60C-LeaderElection25] INFO  server.RaftServer$Division (RaftServerImpl.java:setRole(379)) - 91a75bad-db25-440f-8a5d-0b0b19abc853@group-F3E0629BE60C: changes role from CANDIDATE to LEADER at term 1 for changeToLeader
2023-12-05 10:05:46,728 [91a75bad-db25-440f-8a5d-0b0b19abc853@group-F3E0629BE60C-LeaderElection25] INFO  server.RaftServerConfigKeys (ConfUtils.java:logGet(46)) - raft.server.staging.catchup.gap = 1000 (default)
2023-12-05 10:05:46,728 [91a75bad-db25-440f-8a5d-0b0b19abc853@group-F3E0629BE60C-LeaderElection25] INFO  server.RaftServerConfigKeys (ConfUtils.java:logGet(46)) - raft.server.write.element-limit = 1024 (custom)
2023-12-05 10:05:46,728 [91a75bad-db25-440f-8a5d-0b0b19abc853@group-F3E0629BE60C-LeaderElection25] INFO  server.RaftServerConfigKeys (ConfUtils.java:logGet(46)) - raft.server.write.byte-limit = 1024 M (=1073741824) (custom)
2023-12-05 10:05:46,728 [91a75bad-db25-440f-8a5d-0b0b19abc853@group-F3E0629BE60C-LeaderElection25] INFO  server.RaftServerConfigKeys (ConfUtils.java:logGet(46)) - raft.server.watch.timeout = 180s (custom)
2023-12-05 10:05:46,728 [91a75bad-db25-440f-8a5d-0b0b19abc853@group-F3E0629BE60C-LeaderElection25] INFO  server.RaftServerConfigKeys (ConfUtils.java:logGet(46)) - raft.server.watch.timeout.denomination = 1s (default)
2023-12-05 10:05:46,729 [91a75bad-db25-440f-8a5d-0b0b19abc853@group-F3E0629BE60C-LeaderElection25] INFO  server.RaftServerConfigKeys (ConfUtils.java:logGet(46)) - raft.server.watch.element-limit = 65536 (default)
2023-12-05 10:05:46,729 [91a75bad-db25-440f-8a5d-0b0b19abc853@group-F3E0629BE60C-LeaderElection25] INFO  server.RaftServerConfigKeys (ConfUtils.java:logGet(46)) - raft.server.read.leader.lease.enabled = false (default)
2023-12-05 10:05:46,729 [91a75bad-db25-440f-8a5d-0b0b19abc853@group-F3E0629BE60C-LeaderElection25] INFO  server.RaftServerConfigKeys (ConfUtils.java:logGet(46)) - raft.server.read.leader.lease.timeout.ratio = 0.9 (default)
2023-12-05 10:05:46,729 [91a75bad-db25-440f-8a5d-0b0b19abc853@group-F3E0629BE60C-LeaderElection25] INFO  server.RaftServerConfigKeys (ConfUtils.java:logGet(46)) - raft.server.rpc.timeout.min = 5s (custom)
2023-12-05 10:05:46,729 [91a75bad-db25-440f-8a5d-0b0b19abc853@group-F3E0629BE60C-LeaderElection25] INFO  server.RaftServerConfigKeys (ConfUtils.java:logGet(46)) - raft.server.write.element-limit = 1024 (custom)
2023-12-05 10:05:46,729 [91a75bad-db25-440f-8a5d-0b0b19abc853@group-F3E0629BE60C-LeaderElection25] INFO  server.RaftServerConfigKeys (ConfUtils.java:logGet(46)) - raft.server.write.follower.gap.ratio.max = -1.0 (default)
2023-12-05 10:05:46,729 [91a75bad-db25-440f-8a5d-0b0b19abc853@group-F3E0629BE60C-LeaderElection25] INFO  impl.RoleInfo (RoleInfo.java:updateAndGet(139)) - 91a75bad-db25-440f-8a5d-0b0b19abc853: start 91a75bad-db25-440f-8a5d-0b0b19abc853@group-F3E0629BE60C-LeaderStateImpl
2023-12-05 10:05:46,729 [91a75bad-db25-440f-8a5d-0b0b19abc853@group-F3E0629BE60C-LeaderElection25] INFO  server.RaftServer$Division (RaftServerImpl.java:setFirstElection(564)) - 91a75bad-db25-440f-8a5d-0b0b19abc853@group-F3E0629BE60C: set firstElectionSinceStartup to false for becomeLeader
2023-12-05 10:05:46,729 [91a75bad-db25-440f-8a5d-0b0b19abc853@group-F3E0629BE60C-LeaderElection25] INFO  ratis.XceiverServerRatis (XceiverServerRatis.java:handleLeaderChangedNotification(935)) - Leader change notification received for group: group-F3E0629BE60C with new leaderId: 91a75bad-db25-440f-8a5d-0b0b19abc853
2023-12-05 10:05:46,729 [91a75bad-db25-440f-8a5d-0b0b19abc853@group-F3E0629BE60C-LeaderElection25] INFO  server.RaftServer$Division (ServerState.java:setLeader(265)) - 91a75bad-db25-440f-8a5d-0b0b19abc853@group-F3E0629BE60C: change Leader from null to 91a75bad-db25-440f-8a5d-0b0b19abc853 at term 1 for becomeLeader, leader elected after 5160ms
2023-12-05 10:05:46,729 [91a75bad-db25-440f-8a5d-0b0b19abc853@group-F3E0629BE60C-LeaderElection25] INFO  segmented.SegmentedRaftLogWorker (SegmentedRaftLogWorker.java:startLogSegment(428)) - 91a75bad-db25-440f-8a5d-0b0b19abc853@group-F3E0629BE60C-SegmentedRaftLogWorker: Starting segment from index:0
2023-12-05 10:05:46,730 [91a75bad-db25-440f-8a5d-0b0b19abc853@group-F3E0629BE60C-LeaderElection25] INFO  server.RaftServer$Division (ServerState.java:setRaftConf(382)) - 91a75bad-db25-440f-8a5d-0b0b19abc853@group-F3E0629BE60C: set configuration 0: peers:[91a75bad-db25-440f-8a5d-0b0b19abc853|10.1.0.7:15154]|listeners:[], old=null
2023-12-05 10:05:46,731 [EventQueue-OpenPipelineForHealthyPipelineSafeModeRule] INFO  safemode.SCMSafeModeManager (HealthyPipelineSafeModeRule.java:process(137)) - SCM in safe mode. Healthy pipelines reported count is 0, required healthy pipeline reported count is 1
2023-12-05 10:05:46,737 [91a75bad-db25-440f-8a5d-0b0b19abc853@group-F3E0629BE60C-SegmentedRaftLogWorker] INFO  segmented.SegmentedRaftLogWorker (SegmentedRaftLogWorker.java:execute(632)) - 91a75bad-db25-440f-8a5d-0b0b19abc853@group-F3E0629BE60C-SegmentedRaftLogWorker: created new log segment /home/runner/work/ozone/ozone/hadoop-ozone/integration-test/target/test-dir/MiniOzoneClusterImpl-2d7daef6-be11-494e-bdf1-1c9d25d68037/datanode-0/data/ratis/43633f54-5cca-44d4-97a6-f3e0629be60c/current/log_inprogress_0
2023-12-05 10:05:46,738 [91a75bad-db25-440f-8a5d-0b0b19abc853@group-F3E0629BE60C-StateMachineUpdater] INFO  server.RaftServer$Division (LeaderStateImpl.java:isApplied(316)) - leader is ready since appliedIndex == 0 >= startIndex == 0
2023-12-05 10:05:46,755 [51001832-6223-4e01-9f82-66e4e6dc013b@group-1A41835926C4-FollowerState] INFO  impl.FollowerState (FollowerState.java:run(143)) - 51001832-6223-4e01-9f82-66e4e6dc013b@group-1A41835926C4-FollowerState: change to CANDIDATE, lastRpcElapsedTime:5092906352ns, electionTimeout:5092ms
2023-12-05 10:05:46,755 [51001832-6223-4e01-9f82-66e4e6dc013b@group-1A41835926C4-FollowerState] INFO  impl.RoleInfo (RoleInfo.java:shutdownFollowerState(110)) - 51001832-6223-4e01-9f82-66e4e6dc013b: shutdown 51001832-6223-4e01-9f82-66e4e6dc013b@group-1A41835926C4-FollowerState
2023-12-05 10:05:46,756 [51001832-6223-4e01-9f82-66e4e6dc013b@group-1A41835926C4-FollowerState] INFO  server.RaftServer$Division (RaftServerImpl.java:setRole(379)) - 51001832-6223-4e01-9f82-66e4e6dc013b@group-1A41835926C4: changes role from  FOLLOWER to CANDIDATE at term 0 for changeToCandidate
2023-12-05 10:05:46,756 [51001832-6223-4e01-9f82-66e4e6dc013b@group-1A41835926C4-FollowerState] INFO  server.RaftServerConfigKeys (ConfUtils.java:logGet(46)) - raft.server.leaderelection.pre-vote = true (default)
2023-12-05 10:05:46,756 [51001832-6223-4e01-9f82-66e4e6dc013b@group-1A41835926C4-FollowerState] INFO  impl.RoleInfo (RoleInfo.java:updateAndGet(139)) - 51001832-6223-4e01-9f82-66e4e6dc013b: start 51001832-6223-4e01-9f82-66e4e6dc013b@group-1A41835926C4-LeaderElection26
2023-12-05 10:05:46,756 [51001832-6223-4e01-9f82-66e4e6dc013b@group-1A41835926C4-LeaderElection26] INFO  impl.LeaderElection (LeaderElection.java:askForVotes(323)) - 51001832-6223-4e01-9f82-66e4e6dc013b@group-1A41835926C4-LeaderElection26 PRE_VOTE round 0: submit vote requests at term 0 for -1: peers:[91a75bad-db25-440f-8a5d-0b0b19abc853|10.1.0.7:15154, e173000e-ec0a-44a3-afc0-889131a99fbf|10.1.0.7:15163, 51001832-6223-4e01-9f82-66e4e6dc013b|10.1.0.7:15172]|listeners:[], old=null
2023-12-05 10:05:46,757 [51001832-6223-4e01-9f82-66e4e6dc013b@group-1A41835926C4-LeaderElection26] INFO  server.RaftServerConfigKeys (ConfUtils.java:logFallback(53)) - raft.server.rpc.first-election.timeout.min = 5s (fallback to raft.server.rpc.timeout.min)
2023-12-05 10:05:46,757 [51001832-6223-4e01-9f82-66e4e6dc013b@group-1A41835926C4-LeaderElection26-2] INFO  server.GrpcServerProtocolClient (GrpcServerProtocolClient.java:<init>(65)) - Build channel for e173000e-ec0a-44a3-afc0-889131a99fbf
2023-12-05 10:05:46,757 [51001832-6223-4e01-9f82-66e4e6dc013b@group-1A41835926C4-LeaderElection26-1] INFO  server.GrpcServerProtocolClient (GrpcServerProtocolClient.java:<init>(65)) - Build channel for 91a75bad-db25-440f-8a5d-0b0b19abc853
2023-12-05 10:05:46,757 [51001832-6223-4e01-9f82-66e4e6dc013b@group-1A41835926C4-LeaderElection26] INFO  server.RaftServerConfigKeys (ConfUtils.java:logFallback(53)) - raft.server.rpc.first-election.timeout.max = 5200ms (fallback to raft.server.rpc.timeout.max)
2023-12-05 10:05:46,764 [grpc-default-executor-1] INFO  server.RaftServer$Division (RaftServerImpl.java:requestVote(1377)) - e173000e-ec0a-44a3-afc0-889131a99fbf@group-1A41835926C4: receive requestVote(PRE_VOTE, 51001832-6223-4e01-9f82-66e4e6dc013b, group-1A41835926C4, 0, (t:0, i:0))
2023-12-05 10:05:46,764 [grpc-default-executor-1] INFO  impl.VoteContext (VoteContext.java:log(49)) - e173000e-ec0a-44a3-afc0-889131a99fbf@group-1A41835926C4-FOLLOWER: accept PRE_VOTE from 51001832-6223-4e01-9f82-66e4e6dc013b: our priority 0 <= candidate's priority 1
2023-12-05 10:05:46,765 [grpc-default-executor-1] INFO  server.RaftServer$Division (RaftServerImpl.java:requestVote(1410)) - e173000e-ec0a-44a3-afc0-889131a99fbf@group-1A41835926C4 replies to PRE_VOTE vote request: 51001832-6223-4e01-9f82-66e4e6dc013b<-e173000e-ec0a-44a3-afc0-889131a99fbf#0:OK-t0. Peer's state: e173000e-ec0a-44a3-afc0-889131a99fbf@group-1A41835926C4:t0, leader=null, voted=, raftlog=Memoized:e173000e-ec0a-44a3-afc0-889131a99fbf@group-1A41835926C4-SegmentedRaftLog:OPENED:c-1, conf=-1: peers:[91a75bad-db25-440f-8a5d-0b0b19abc853|10.1.0.7:15154, e173000e-ec0a-44a3-afc0-889131a99fbf|10.1.0.7:15163, 51001832-6223-4e01-9f82-66e4e6dc013b|10.1.0.7:15172]|listeners:[], old=null
2023-12-05 10:05:46,766 [51001832-6223-4e01-9f82-66e4e6dc013b@group-1A41835926C4-LeaderElection26] INFO  impl.LeaderElection (LeaderElection.java:logAndReturn(89)) - 51001832-6223-4e01-9f82-66e4e6dc013b@group-1A41835926C4-LeaderElection26: PRE_VOTE PASSED received 1 response(s) and 0 exception(s):
2023-12-05 10:05:46,766 [51001832-6223-4e01-9f82-66e4e6dc013b@group-1A41835926C4-LeaderElection26] INFO  impl.LeaderElection (LeaderElection.java:logAndReturn(93)) -   Response 0: 51001832-6223-4e01-9f82-66e4e6dc013b<-e173000e-ec0a-44a3-afc0-889131a99fbf#0:OK-t0
2023-12-05 10:05:46,766 [51001832-6223-4e01-9f82-66e4e6dc013b@group-1A41835926C4-LeaderElection26] INFO  impl.LeaderElection (LeaderElection.java:askForVotes(325)) - 51001832-6223-4e01-9f82-66e4e6dc013b@group-1A41835926C4-LeaderElection26 PRE_VOTE round 0: result PASSED
2023-12-05 10:05:46,767 [main] INFO  ozone.MiniOzoneClusterImpl (MiniOzoneClusterImpl.java:lambda$waitForClusterToBeReady$0(229)) - Nodes are ready. Got 3 of 3 DN Heartbeats.
2023-12-05 10:05:46,767 [main] INFO  ozone.MiniOzoneClusterImpl (MiniOzoneClusterImpl.java:lambda$waitForClusterToBeReady$0(232)) - Waiting for cluster to exit safe mode
2023-12-05 10:05:46,767 [main] INFO  ozone.MiniOzoneClusterImpl (MiniOzoneClusterImpl.java:lambda$waitForClusterToBeReady$0(234)) - SCM became leader
2023-12-05 10:05:46,767 [51001832-6223-4e01-9f82-66e4e6dc013b@group-1A41835926C4-LeaderElection26] INFO  impl.LeaderElection (LeaderElection.java:askForVotes(323)) - 51001832-6223-4e01-9f82-66e4e6dc013b@group-1A41835926C4-LeaderElection26 ELECTION round 0: submit vote requests at term 1 for -1: peers:[91a75bad-db25-440f-8a5d-0b0b19abc853|10.1.0.7:15154, e173000e-ec0a-44a3-afc0-889131a99fbf|10.1.0.7:15163, 51001832-6223-4e01-9f82-66e4e6dc013b|10.1.0.7:15172]|listeners:[], old=null
2023-12-05 10:05:46,768 [grpc-default-executor-1] INFO  server.RaftServer$Division (RaftServerImpl.java:requestVote(1377)) - 91a75bad-db25-440f-8a5d-0b0b19abc853@group-1A41835926C4: receive requestVote(PRE_VOTE, 51001832-6223-4e01-9f82-66e4e6dc013b, group-1A41835926C4, 0, (t:0, i:0))
2023-12-05 10:05:46,768 [grpc-default-executor-1] INFO  impl.VoteContext (VoteContext.java:log(49)) - 91a75bad-db25-440f-8a5d-0b0b19abc853@group-1A41835926C4-FOLLOWER: accept PRE_VOTE from 51001832-6223-4e01-9f82-66e4e6dc013b: our priority 0 <= candidate's priority 1
2023-12-05 10:05:46,768 [grpc-default-executor-1] INFO  server.RaftServer$Division (RaftServerImpl.java:requestVote(1410)) - 91a75bad-db25-440f-8a5d-0b0b19abc853@group-1A41835926C4 replies to PRE_VOTE vote request: 51001832-6223-4e01-9f82-66e4e6dc013b<-91a75bad-db25-440f-8a5d-0b0b19abc853#0:OK-t0. Peer's state: 91a75bad-db25-440f-8a5d-0b0b19abc853@group-1A41835926C4:t0, leader=null, voted=, raftlog=Memoized:91a75bad-db25-440f-8a5d-0b0b19abc853@group-1A41835926C4-SegmentedRaftLog:OPENED:c-1, conf=-1: peers:[91a75bad-db25-440f-8a5d-0b0b19abc853|10.1.0.7:15154, e173000e-ec0a-44a3-afc0-889131a99fbf|10.1.0.7:15163, 51001832-6223-4e01-9f82-66e4e6dc013b|10.1.0.7:15172]|listeners:[], old=null
2023-12-05 10:05:46,769 [51001832-6223-4e01-9f82-66e4e6dc013b@group-1A41835926C4-LeaderElection26] INFO  server.RaftServerConfigKeys (ConfUtils.java:logFallback(53)) - raft.server.rpc.first-election.timeout.min = 5s (fallback to raft.server.rpc.timeout.min)
2023-12-05 10:05:46,769 [51001832-6223-4e01-9f82-66e4e6dc013b@group-1A41835926C4-LeaderElection26] INFO  server.RaftServerConfigKeys (ConfUtils.java:logFallback(53)) - raft.server.rpc.first-election.timeout.max = 5200ms (fallback to raft.server.rpc.timeout.max)
2023-12-05 10:05:46,770 [grpc-default-executor-0] INFO  server.RaftServer$Division (RaftServerImpl.java:requestVote(1377)) - 91a75bad-db25-440f-8a5d-0b0b19abc853@group-1A41835926C4: receive requestVote(ELECTION, 51001832-6223-4e01-9f82-66e4e6dc013b, group-1A41835926C4, 1, (t:0, i:0))
2023-12-05 10:05:46,770 [grpc-default-executor-0] INFO  impl.VoteContext (VoteContext.java:log(49)) - 91a75bad-db25-440f-8a5d-0b0b19abc853@group-1A41835926C4-FOLLOWER: accept ELECTION from 51001832-6223-4e01-9f82-66e4e6dc013b: our priority 0 <= candidate's priority 1
2023-12-05 10:05:46,770 [grpc-default-executor-0] INFO  server.RaftServer$Division (RaftServerImpl.java:setRole(379)) - 91a75bad-db25-440f-8a5d-0b0b19abc853@group-1A41835926C4: changes role from  FOLLOWER to FOLLOWER at term 1 for candidate:51001832-6223-4e01-9f82-66e4e6dc013b
2023-12-05 10:05:46,770 [grpc-default-executor-0] INFO  impl.RoleInfo (RoleInfo.java:shutdownFollowerState(110)) - 91a75bad-db25-440f-8a5d-0b0b19abc853: shutdown 91a75bad-db25-440f-8a5d-0b0b19abc853@group-1A41835926C4-FollowerState
2023-12-05 10:05:46,770 [grpc-default-executor-0] INFO  impl.RoleInfo (RoleInfo.java:updateAndGet(139)) - 91a75bad-db25-440f-8a5d-0b0b19abc853: start 91a75bad-db25-440f-8a5d-0b0b19abc853@group-1A41835926C4-FollowerState
2023-12-05 10:05:46,771 [91a75bad-db25-440f-8a5d-0b0b19abc853@group-1A41835926C4-FollowerState] INFO  impl.FollowerState (FollowerState.java:run(152)) - 91a75bad-db25-440f-8a5d-0b0b19abc853@group-1A41835926C4-FollowerState was interrupted
2023-12-05 10:05:46,772 [grpc-default-executor-0] INFO  server.RaftServer$Division (RaftServerImpl.java:requestVote(1410)) - 91a75bad-db25-440f-8a5d-0b0b19abc853@group-1A41835926C4 replies to ELECTION vote request: 51001832-6223-4e01-9f82-66e4e6dc013b<-91a75bad-db25-440f-8a5d-0b0b19abc853#0:OK-t1. Peer's state: 91a75bad-db25-440f-8a5d-0b0b19abc853@group-1A41835926C4:t1, leader=null, voted=51001832-6223-4e01-9f82-66e4e6dc013b, raftlog=Memoized:91a75bad-db25-440f-8a5d-0b0b19abc853@group-1A41835926C4-SegmentedRaftLog:OPENED:c-1, conf=-1: peers:[91a75bad-db25-440f-8a5d-0b0b19abc853|10.1.0.7:15154, e173000e-ec0a-44a3-afc0-889131a99fbf|10.1.0.7:15163, 51001832-6223-4e01-9f82-66e4e6dc013b|10.1.0.7:15172]|listeners:[], old=null
2023-12-05 10:05:46,772 [grpc-default-executor-1] INFO  server.RaftServer$Division (RaftServerImpl.java:requestVote(1377)) - e173000e-ec0a-44a3-afc0-889131a99fbf@group-1A41835926C4: receive requestVote(ELECTION, 51001832-6223-4e01-9f82-66e4e6dc013b, group-1A41835926C4, 1, (t:0, i:0))
2023-12-05 10:05:46,773 [grpc-default-executor-1] INFO  impl.VoteContext (VoteContext.java:log(49)) - e173000e-ec0a-44a3-afc0-889131a99fbf@group-1A41835926C4-FOLLOWER: accept ELECTION from 51001832-6223-4e01-9f82-66e4e6dc013b: our priority 0 <= candidate's priority 1
2023-12-05 10:05:46,773 [51001832-6223-4e01-9f82-66e4e6dc013b@group-1A41835926C4-LeaderElection26] INFO  impl.LeaderElection (LeaderElection.java:logAndReturn(89)) - 51001832-6223-4e01-9f82-66e4e6dc013b@group-1A41835926C4-LeaderElection26: ELECTION PASSED received 1 response(s) and 0 exception(s):
2023-12-05 10:05:46,773 [grpc-default-executor-1] INFO  server.RaftServer$Division (RaftServerImpl.java:setRole(379)) - e173000e-ec0a-44a3-afc0-889131a99fbf@group-1A41835926C4: changes role from  FOLLOWER to FOLLOWER at term 1 for candidate:51001832-6223-4e01-9f82-66e4e6dc013b
2023-12-05 10:05:46,773 [grpc-default-executor-1] INFO  impl.RoleInfo (RoleInfo.java:shutdownFollowerState(110)) - e173000e-ec0a-44a3-afc0-889131a99fbf: shutdown e173000e-ec0a-44a3-afc0-889131a99fbf@group-1A41835926C4-FollowerState
2023-12-05 10:05:46,773 [grpc-default-executor-1] INFO  impl.RoleInfo (RoleInfo.java:updateAndGet(139)) - e173000e-ec0a-44a3-afc0-889131a99fbf: start e173000e-ec0a-44a3-afc0-889131a99fbf@group-1A41835926C4-FollowerState
2023-12-05 10:05:46,773 [51001832-6223-4e01-9f82-66e4e6dc013b@group-1A41835926C4-LeaderElection26] INFO  impl.LeaderElection (LeaderElection.java:logAndReturn(93)) -   Response 0: 51001832-6223-4e01-9f82-66e4e6dc013b<-91a75bad-db25-440f-8a5d-0b0b19abc853#0:OK-t1
2023-12-05 10:05:46,773 [e173000e-ec0a-44a3-afc0-889131a99fbf@group-1A41835926C4-FollowerState] INFO  impl.FollowerState (FollowerState.java:run(152)) - e173000e-ec0a-44a3-afc0-889131a99fbf@group-1A41835926C4-FollowerState was interrupted
2023-12-05 10:05:46,774 [grpc-default-executor-1] INFO  server.RaftServer$Division (RaftServerImpl.java:setFirstElection(564)) - e173000e-ec0a-44a3-afc0-889131a99fbf@group-1A41835926C4: set firstElectionSinceStartup to false for candidate:51001832-6223-4e01-9f82-66e4e6dc013b
2023-12-05 10:05:46,774 [51001832-6223-4e01-9f82-66e4e6dc013b@group-1A41835926C4-LeaderElection26] INFO  impl.LeaderElection (LeaderElection.java:askForVotes(325)) - 51001832-6223-4e01-9f82-66e4e6dc013b@group-1A41835926C4-LeaderElection26 ELECTION round 0: result PASSED
2023-12-05 10:05:46,774 [51001832-6223-4e01-9f82-66e4e6dc013b@group-1A41835926C4-LeaderElection26] INFO  impl.RoleInfo (RoleInfo.java:shutdownLeaderElection(130)) - 51001832-6223-4e01-9f82-66e4e6dc013b: shutdown 51001832-6223-4e01-9f82-66e4e6dc013b@group-1A41835926C4-LeaderElection26
2023-12-05 10:05:46,774 [51001832-6223-4e01-9f82-66e4e6dc013b@group-1A41835926C4-LeaderElection26] INFO  server.RaftServer$Division (RaftServerImpl.java:setRole(379)) - 51001832-6223-4e01-9f82-66e4e6dc013b@group-1A41835926C4: changes role from CANDIDATE to LEADER at term 1 for changeToLeader
2023-12-05 10:05:46,774 [51001832-6223-4e01-9f82-66e4e6dc013b@group-1A41835926C4-LeaderElection26] INFO  server.RaftServerConfigKeys (ConfUtils.java:logGet(46)) - raft.server.staging.catchup.gap = 1000 (default)
2023-12-05 10:05:46,775 [51001832-6223-4e01-9f82-66e4e6dc013b@group-1A41835926C4-LeaderElection26] INFO  server.RaftServerConfigKeys (ConfUtils.java:logGet(46)) - raft.server.write.element-limit = 1024 (custom)
2023-12-05 10:05:46,775 [51001832-6223-4e01-9f82-66e4e6dc013b@group-1A41835926C4-LeaderElection26] INFO  server.RaftServerConfigKeys (ConfUtils.java:logGet(46)) - raft.server.write.byte-limit = 1024 M (=1073741824) (custom)
2023-12-05 10:05:46,775 [51001832-6223-4e01-9f82-66e4e6dc013b@group-1A41835926C4-LeaderElection26] INFO  server.RaftServerConfigKeys (ConfUtils.java:logGet(46)) - raft.server.watch.timeout = 180s (custom)
2023-12-05 10:05:46,775 [51001832-6223-4e01-9f82-66e4e6dc013b@group-1A41835926C4-LeaderElection26] INFO  server.RaftServerConfigKeys (ConfUtils.java:logGet(46)) - raft.server.watch.timeout.denomination = 1s (default)
2023-12-05 10:05:46,775 [51001832-6223-4e01-9f82-66e4e6dc013b@group-1A41835926C4-LeaderElection26] INFO  server.RaftServerConfigKeys (ConfUtils.java:logGet(46)) - raft.server.watch.element-limit = 65536 (default)
2023-12-05 10:05:46,775 [51001832-6223-4e01-9f82-66e4e6dc013b@group-1A41835926C4-LeaderElection26] INFO  server.RaftServerConfigKeys (ConfUtils.java:logGet(46)) - raft.server.read.leader.lease.enabled = false (default)
2023-12-05 10:05:46,775 [51001832-6223-4e01-9f82-66e4e6dc013b@group-1A41835926C4-LeaderElection26] INFO  server.RaftServerConfigKeys (ConfUtils.java:logGet(46)) - raft.server.read.leader.lease.timeout.ratio = 0.9 (default)
2023-12-05 10:05:46,775 [51001832-6223-4e01-9f82-66e4e6dc013b@group-1A41835926C4-LeaderElection26] INFO  server.RaftServerConfigKeys (ConfUtils.java:logGet(46)) - raft.server.rpc.timeout.min = 5s (custom)
2023-12-05 10:05:46,775 [51001832-6223-4e01-9f82-66e4e6dc013b@group-1A41835926C4-LeaderElection26] INFO  server.RaftServerConfigKeys (ConfUtils.java:logGet(46)) - raft.server.write.element-limit = 1024 (custom)
2023-12-05 10:05:46,775 [51001832-6223-4e01-9f82-66e4e6dc013b@group-1A41835926C4-LeaderElection26] INFO  server.RaftServerConfigKeys (ConfUtils.java:logGet(46)) - raft.server.write.follower.gap.ratio.max = -1.0 (default)
2023-12-05 10:05:46,775 [grpc-default-executor-1] INFO  server.RaftServer$Division (RaftServerImpl.java:requestVote(1410)) - e173000e-ec0a-44a3-afc0-889131a99fbf@group-1A41835926C4 replies to ELECTION vote request: 51001832-6223-4e01-9f82-66e4e6dc013b<-e173000e-ec0a-44a3-afc0-889131a99fbf#0:OK-t1. Peer's state: e173000e-ec0a-44a3-afc0-889131a99fbf@group-1A41835926C4:t1, leader=null, voted=51001832-6223-4e01-9f82-66e4e6dc013b, raftlog=Memoized:e173000e-ec0a-44a3-afc0-889131a99fbf@group-1A41835926C4-SegmentedRaftLog:OPENED:c-1, conf=-1: peers:[91a75bad-db25-440f-8a5d-0b0b19abc853|10.1.0.7:15154, e173000e-ec0a-44a3-afc0-889131a99fbf|10.1.0.7:15163, 51001832-6223-4e01-9f82-66e4e6dc013b|10.1.0.7:15172]|listeners:[], old=null
2023-12-05 10:05:46,775 [51001832-6223-4e01-9f82-66e4e6dc013b@group-1A41835926C4-LeaderElection26] INFO  server.RaftServerConfigKeys (ConfUtils.java:logGet(46)) - raft.server.log.appender.snapshot.chunk.size.max = 16MB (=16777216) (default)
2023-12-05 10:05:46,775 [51001832-6223-4e01-9f82-66e4e6dc013b@group-1A41835926C4-LeaderElection26] INFO  server.RaftServerConfigKeys (ConfUtils.java:logGet(46)) - raft.server.log.appender.buffer.byte-limit = 8388608 (custom)
2023-12-05 10:05:46,776 [51001832-6223-4e01-9f82-66e4e6dc013b@group-1A41835926C4-LeaderElection26] INFO  server.RaftServerConfigKeys (ConfUtils.java:logGet(46)) - raft.server.log.appender.buffer.element-limit = 1 (custom)
2023-12-05 10:05:46,776 [51001832-6223-4e01-9f82-66e4e6dc013b@group-1A41835926C4-LeaderElection26] INFO  server.RaftServerConfigKeys (ConfUtils.java:logGet(46)) - raft.server.log.appender.wait-time.min = 0μs (custom)
2023-12-05 10:05:46,776 [51001832-6223-4e01-9f82-66e4e6dc013b@group-1A41835926C4-LeaderElection26] INFO  grpc.GrpcConfigKeys (ConfUtils.java:logGet(46)) - raft.grpc.server.leader.outstanding.appends.max = 8 (default)
2023-12-05 10:05:46,776 [51001832-6223-4e01-9f82-66e4e6dc013b@group-1A41835926C4-LeaderElection26] INFO  server.RaftServerConfigKeys (ConfUtils.java:logGet(46)) - raft.server.rpc.request.timeout = 60s (custom)
2023-12-05 10:05:46,776 [51001832-6223-4e01-9f82-66e4e6dc013b@group-1A41835926C4-LeaderElection26] INFO  grpc.GrpcConfigKeys (ConfUtils.java:logGet(46)) - raft.grpc.server.install_snapshot.request.element-limit = 8 (default)
2023-12-05 10:05:46,776 [51001832-6223-4e01-9f82-66e4e6dc013b@group-1A41835926C4-LeaderElection26] INFO  grpc.GrpcConfigKeys (ConfUtils.java:logGet(46)) - raft.grpc.server.install_snapshot.request.timeout = 3000ms (default)
2023-12-05 10:05:46,776 [51001832-6223-4e01-9f82-66e4e6dc013b@group-1A41835926C4-LeaderElection26] INFO  server.RaftServerConfigKeys (ConfUtils.java:logGet(46)) - raft.server.log.appender.install.snapshot.enabled = false (custom)
2023-12-05 10:05:46,776 [51001832-6223-4e01-9f82-66e4e6dc013b@group-1A41835926C4-LeaderElection26] INFO  grpc.GrpcConfigKeys (ConfUtils.java:logGet(46)) - raft.grpc.server.heartbeat.channel = true (default)
2023-12-05 10:05:46,777 [51001832-6223-4e01-9f82-66e4e6dc013b@group-1A41835926C4-LeaderElection26] INFO  server.RaftServerConfigKeys (ConfUtils.java:logGet(46)) - raft.server.log.appender.snapshot.chunk.size.max = 16MB (=16777216) (default)
2023-12-05 10:05:46,777 [51001832-6223-4e01-9f82-66e4e6dc013b@group-1A41835926C4-LeaderElection26] INFO  server.RaftServerConfigKeys (ConfUtils.java:logGet(46)) - raft.server.log.appender.buffer.byte-limit = 8388608 (custom)
2023-12-05 10:05:46,777 [51001832-6223-4e01-9f82-66e4e6dc013b@group-1A41835926C4-LeaderElection26] INFO  server.RaftServerConfigKeys (ConfUtils.java:logGet(46)) - raft.server.log.appender.buffer.element-limit = 1 (custom)
2023-12-05 10:05:46,777 [51001832-6223-4e01-9f82-66e4e6dc013b@group-1A41835926C4-LeaderElection26] INFO  server.RaftServerConfigKeys (ConfUtils.java:logGet(46)) - raft.server.log.appender.wait-time.min = 0μs (custom)
2023-12-05 10:05:46,777 [51001832-6223-4e01-9f82-66e4e6dc013b@group-1A41835926C4-LeaderElection26] INFO  grpc.GrpcConfigKeys (ConfUtils.java:logGet(46)) - raft.grpc.server.leader.outstanding.appends.max = 8 (default)
2023-12-05 10:05:46,777 [51001832-6223-4e01-9f82-66e4e6dc013b@group-1A41835926C4-LeaderElection26] INFO  server.RaftServerConfigKeys (ConfUtils.java:logGet(46)) - raft.server.rpc.request.timeout = 60s (custom)
2023-12-05 10:05:46,777 [51001832-6223-4e01-9f82-66e4e6dc013b@group-1A41835926C4-LeaderElection26] INFO  grpc.GrpcConfigKeys (ConfUtils.java:logGet(46)) - raft.grpc.server.install_snapshot.request.element-limit = 8 (default)
2023-12-05 10:05:46,777 [51001832-6223-4e01-9f82-66e4e6dc013b@group-1A41835926C4-LeaderElection26] INFO  grpc.GrpcConfigKeys (ConfUtils.java:logGet(46)) - raft.grpc.server.install_snapshot.request.timeout = 3000ms (default)
2023-12-05 10:05:46,777 [51001832-6223-4e01-9f82-66e4e6dc013b@group-1A41835926C4-LeaderElection26] INFO  server.RaftServerConfigKeys (ConfUtils.java:logGet(46)) - raft.server.log.appender.install.snapshot.enabled = false (custom)
2023-12-05 10:05:46,777 [51001832-6223-4e01-9f82-66e4e6dc013b@group-1A41835926C4-LeaderElection26] INFO  grpc.GrpcConfigKeys (ConfUtils.java:logGet(46)) - raft.grpc.server.heartbeat.channel = true (default)
2023-12-05 10:05:46,777 [51001832-6223-4e01-9f82-66e4e6dc013b@group-1A41835926C4-LeaderElection26] INFO  impl.RoleInfo (RoleInfo.java:updateAndGet(139)) - 51001832-6223-4e01-9f82-66e4e6dc013b: start 51001832-6223-4e01-9f82-66e4e6dc013b@group-1A41835926C4-LeaderStateImpl
2023-12-05 10:05:46,777 [51001832-6223-4e01-9f82-66e4e6dc013b@group-1A41835926C4-LeaderElection26] INFO  server.RaftServer$Division (RaftServerImpl.java:setFirstElection(564)) - 51001832-6223-4e01-9f82-66e4e6dc013b@group-1A41835926C4: set firstElectionSinceStartup to false for becomeLeader
2023-12-05 10:05:46,777 [51001832-6223-4e01-9f82-66e4e6dc013b@group-1A41835926C4-LeaderElection26] INFO  ratis.XceiverServerRatis (XceiverServerRatis.java:handleLeaderChangedNotification(935)) - Leader change notification received for group: group-1A41835926C4 with new leaderId: 51001832-6223-4e01-9f82-66e4e6dc013b
2023-12-05 10:05:46,778 [51001832-6223-4e01-9f82-66e4e6dc013b@group-1A41835926C4-LeaderElection26] INFO  server.RaftServer$Division (ServerState.java:setLeader(265)) - 51001832-6223-4e01-9f82-66e4e6dc013b@group-1A41835926C4: change Leader from null to 51001832-6223-4e01-9f82-66e4e6dc013b at term 1 for becomeLeader, leader elected after 5130ms
2023-12-05 10:05:46,778 [51001832-6223-4e01-9f82-66e4e6dc013b@group-1A41835926C4-LeaderElection26] INFO  segmented.SegmentedRaftLogWorker (SegmentedRaftLogWorker.java:startLogSegment(428)) - 51001832-6223-4e01-9f82-66e4e6dc013b@group-1A41835926C4-SegmentedRaftLogWorker: Starting segment from index:0
2023-12-05 10:05:46,781 [EventQueue-OpenPipelineForHealthyPipelineSafeModeRule] INFO  safemode.SCMSafeModeManager (HealthyPipelineSafeModeRule.java:process(137)) - SCM in safe mode. Healthy pipelines reported count is 0, required healthy pipeline reported count is 1
2023-12-05 10:05:46,782 [EventQueue-PipelineReportForPipelineReportHandler] INFO  pipeline.PipelineReportHandler (PipelineReportHandler.java:processPipelineReport(136)) - Opened pipeline PipelineID=66dd9119-27fc-4b1c-a417-1a41835926c4
2023-12-05 10:05:46,782 [EventQueue-OpenPipelineForHealthyPipelineSafeModeRule] INFO  safemode.SCMSafeModeManager (HealthyPipelineSafeModeRule.java:process(137)) - SCM in safe mode. Healthy pipelines reported count is 1, required healthy pipeline reported count is 1
2023-12-05 10:05:46,782 [EventQueue-OpenPipelineForHealthyPipelineSafeModeRule] INFO  safemode.SCMSafeModeManager (SCMSafeModeManager.java:validateSafeModeExitRules(200)) - HealthyPipelineSafeModeRule rule is successfully validated
2023-12-05 10:05:46,782 [EventQueue-OpenPipelineForHealthyPipelineSafeModeRule] INFO  safemode.SCMSafeModeManager (SCMSafeModeManager.java:validateSafeModeExitRules(215)) - ScmSafeModeManager, all rules are successfully validated
2023-12-05 10:05:46,782 [EventQueue-OpenPipelineForHealthyPipelineSafeModeRule] INFO  safemode.SCMSafeModeManager (SCMSafeModeManager.java:exitSafeMode(244)) - SCM exiting safe mode.
2023-12-05 10:05:46,782 [EventQueue-OpenPipelineForHealthyPipelineSafeModeRule] INFO  ha.SCMContext (SCMContext.java:updateSafeModeStatus(230)) - Update SafeModeStatus from SafeModeStatus{safeModeStatus=true, preCheckPassed=true} to SafeModeStatus{safeModeStatus=false, preCheckPassed=true}.
2023-12-05 10:05:46,782 [EventQueue-OpenPipelineForHealthyPipelineSafeModeRule] INFO  pipeline.BackgroundPipelineCreator (BackgroundPipelineCreator.java:notifyStatusChanged(258)) - Service BackgroundPipelineCreator transitions to RUNNING.
2023-12-05 10:05:46,782 [EventQueue-OpenPipelineForHealthyPipelineSafeModeRule] INFO  BackgroundPipelineScrubber (BackgroundSCMService.java:notifyStatusChanged(82)) - Service BackgroundPipelineScrubber transitions to RUNNING.
2023-12-05 10:05:46,782 [EventQueue-OpenPipelineForHealthyPipelineSafeModeRule] INFO  ExpiredContainerReplicaOpScrubber (BackgroundSCMService.java:notifyStatusChanged(82)) - Service ExpiredContainerReplicaOpScrubber transitions to RUNNING.
2023-12-05 10:05:46,782 [EventQueue-OpenPipelineForHealthyPipelineSafeModeRule] INFO  replication.ReplicationManager (ReplicationManager.java:notifyStatusChanged(1399)) - Service ReplicationManager transitions to RUNNING.
2023-12-05 10:05:46,783 [EventQueue-OpenPipelineForHealthyPipelineSafeModeRule] WARN  balancer.ContainerBalancer (ContainerBalancer.java:shouldRun(134)) - Could not find persisted configuration for ContainerBalancer when checking if ContainerBalancer should run. ContainerBalancer should not run now.
2023-12-05 10:05:46,784 [51001832-6223-4e01-9f82-66e4e6dc013b@group-1A41835926C4-LeaderElection26] INFO  server.RaftServer$Division (ServerState.java:setRaftConf(382)) - 51001832-6223-4e01-9f82-66e4e6dc013b@group-1A41835926C4: set configuration 0: peers:[91a75bad-db25-440f-8a5d-0b0b19abc853|10.1.0.7:15154, e173000e-ec0a-44a3-afc0-889131a99fbf|10.1.0.7:15163, 51001832-6223-4e01-9f82-66e4e6dc013b|10.1.0.7:15172]|listeners:[], old=null
2023-12-05 10:05:46,786 [51001832-6223-4e01-9f82-66e4e6dc013b@group-1A41835926C4-SegmentedRaftLogWorker] INFO  segmented.SegmentedRaftLogWorker (SegmentedRaftLogWorker.java:execute(632)) - 51001832-6223-4e01-9f82-66e4e6dc013b@group-1A41835926C4-SegmentedRaftLogWorker: created new log segment /home/runner/work/ozone/ozone/hadoop-ozone/integration-test/target/test-dir/MiniOzoneClusterImpl-2d7daef6-be11-494e-bdf1-1c9d25d68037/datanode-2/data/ratis/66dd9119-27fc-4b1c-a417-1a41835926c4/current/log_inprogress_0
2023-12-05 10:05:46,794 [91a75bad-db25-440f-8a5d-0b0b19abc853-server-thread1] INFO  ratis.XceiverServerRatis (XceiverServerRatis.java:handleLeaderChangedNotification(935)) - Leader change notification received for group: group-1A41835926C4 with new leaderId: 51001832-6223-4e01-9f82-66e4e6dc013b
2023-12-05 10:05:46,794 [91a75bad-db25-440f-8a5d-0b0b19abc853-server-thread1] INFO  server.RaftServer$Division (ServerState.java:setLeader(265)) - 91a75bad-db25-440f-8a5d-0b0b19abc853@group-1A41835926C4: change Leader from null to 51001832-6223-4e01-9f82-66e4e6dc013b at term 1 for appendEntries, leader elected after 5210ms
2023-12-05 10:05:46,796 [e173000e-ec0a-44a3-afc0-889131a99fbf-server-thread1] INFO  ratis.XceiverServerRatis (XceiverServerRatis.java:handleLeaderChangedNotification(935)) - Leader change notification received for group: group-1A41835926C4 with new leaderId: 51001832-6223-4e01-9f82-66e4e6dc013b
2023-12-05 10:05:46,796 [e173000e-ec0a-44a3-afc0-889131a99fbf-server-thread1] INFO  server.RaftServer$Division (ServerState.java:setLeader(265)) - e173000e-ec0a-44a3-afc0-889131a99fbf@group-1A41835926C4: change Leader from null to 51001832-6223-4e01-9f82-66e4e6dc013b at term 1 for appendEntries, leader elected after 5183ms
2023-12-05 10:05:46,799 [e173000e-ec0a-44a3-afc0-889131a99fbf-server-thread2] INFO  server.RaftServer$Division (ServerState.java:setRaftConf(382)) - e173000e-ec0a-44a3-afc0-889131a99fbf@group-1A41835926C4: set configuration 0: peers:[91a75bad-db25-440f-8a5d-0b0b19abc853|10.1.0.7:15154, e173000e-ec0a-44a3-afc0-889131a99fbf|10.1.0.7:15163, 51001832-6223-4e01-9f82-66e4e6dc013b|10.1.0.7:15172]|listeners:[], old=null
2023-12-05 10:05:46,799 [e173000e-ec0a-44a3-afc0-889131a99fbf-server-thread2] INFO  segmented.SegmentedRaftLogWorker (SegmentedRaftLogWorker.java:startLogSegment(428)) - e173000e-ec0a-44a3-afc0-889131a99fbf@group-1A41835926C4-SegmentedRaftLogWorker: Starting segment from index:0
2023-12-05 10:05:46,800 [91a75bad-db25-440f-8a5d-0b0b19abc853-server-thread3] INFO  server.RaftServer$Division (ServerState.java:setRaftConf(382)) - 91a75bad-db25-440f-8a5d-0b0b19abc853@group-1A41835926C4: set configuration 0: peers:[91a75bad-db25-440f-8a5d-0b0b19abc853|10.1.0.7:15154, e173000e-ec0a-44a3-afc0-889131a99fbf|10.1.0.7:15163, 51001832-6223-4e01-9f82-66e4e6dc013b|10.1.0.7:15172]|listeners:[], old=null
2023-12-05 10:05:46,800 [91a75bad-db25-440f-8a5d-0b0b19abc853-server-thread3] INFO  segmented.SegmentedRaftLogWorker (SegmentedRaftLogWorker.java:startLogSegment(428)) - 91a75bad-db25-440f-8a5d-0b0b19abc853@group-1A41835926C4-SegmentedRaftLogWorker: Starting segment from index:0
2023-12-05 10:05:46,810 [e173000e-ec0a-44a3-afc0-889131a99fbf@group-1A41835926C4-SegmentedRaftLogWorker] INFO  segmented.SegmentedRaftLogWorker (SegmentedRaftLogWorker.java:execute(632)) - e173000e-ec0a-44a3-afc0-889131a99fbf@group-1A41835926C4-SegmentedRaftLogWorker: created new log segment /home/runner/work/ozone/ozone/hadoop-ozone/integration-test/target/test-dir/MiniOzoneClusterImpl-2d7daef6-be11-494e-bdf1-1c9d25d68037/datanode-1/data/ratis/66dd9119-27fc-4b1c-a417-1a41835926c4/current/log_inprogress_0
2023-12-05 10:05:46,810 [91a75bad-db25-440f-8a5d-0b0b19abc853@group-1A41835926C4-SegmentedRaftLogWorker] INFO  segmented.SegmentedRaftLogWorker (SegmentedRaftLogWorker.java:execute(632)) - 91a75bad-db25-440f-8a5d-0b0b19abc853@group-1A41835926C4-SegmentedRaftLogWorker: created new log segment /home/runner/work/ozone/ozone/hadoop-ozone/integration-test/target/test-dir/MiniOzoneClusterImpl-2d7daef6-be11-494e-bdf1-1c9d25d68037/datanode-0/data/ratis/66dd9119-27fc-4b1c-a417-1a41835926c4/current/log_inprogress_0
2023-12-05 10:05:46,810 [e173000e-ec0a-44a3-afc0-889131a99fbf@group-D97BFF1A6DA9-FollowerState] INFO  impl.FollowerState (FollowerState.java:run(143)) - e173000e-ec0a-44a3-afc0-889131a99fbf@group-D97BFF1A6DA9-FollowerState: change to CANDIDATE, lastRpcElapsedTime:5120690767ns, electionTimeout:5120ms
2023-12-05 10:05:46,810 [e173000e-ec0a-44a3-afc0-889131a99fbf@group-D97BFF1A6DA9-FollowerState] INFO  impl.RoleInfo (RoleInfo.java:shutdownFollowerState(110)) - e173000e-ec0a-44a3-afc0-889131a99fbf: shutdown e173000e-ec0a-44a3-afc0-889131a99fbf@group-D97BFF1A6DA9-FollowerState
2023-12-05 10:05:46,810 [e173000e-ec0a-44a3-afc0-889131a99fbf@group-D97BFF1A6DA9-FollowerState] INFO  server.RaftServer$Division (RaftServerImpl.java:setRole(379)) - e173000e-ec0a-44a3-afc0-889131a99fbf@group-D97BFF1A6DA9: changes role from  FOLLOWER to CANDIDATE at term 0 for changeToCandidate
2023-12-05 10:05:46,810 [e173000e-ec0a-44a3-afc0-889131a99fbf@group-D97BFF1A6DA9-FollowerState] INFO  server.RaftServerConfigKeys (ConfUtils.java:logGet(46)) - raft.server.leaderelection.pre-vote = true (default)
2023-12-05 10:05:46,810 [e173000e-ec0a-44a3-afc0-889131a99fbf@group-D97BFF1A6DA9-FollowerState] INFO  impl.RoleInfo (RoleInfo.java:updateAndGet(139)) - e173000e-ec0a-44a3-afc0-889131a99fbf: start e173000e-ec0a-44a3-afc0-889131a99fbf@group-D97BFF1A6DA9-LeaderElection27
2023-12-05 10:05:46,816 [e173000e-ec0a-44a3-afc0-889131a99fbf@group-D97BFF1A6DA9-LeaderElection27] INFO  impl.LeaderElection (LeaderElection.java:askForVotes(323)) - e173000e-ec0a-44a3-afc0-889131a99fbf@group-D97BFF1A6DA9-LeaderElection27 PRE_VOTE round 0: submit vote requests at term 0 for -1: peers:[e173000e-ec0a-44a3-afc0-889131a99fbf|10.1.0.7:15163]|listeners:[], old=null
2023-12-05 10:05:46,816 [e173000e-ec0a-44a3-afc0-889131a99fbf@group-D97BFF1A6DA9-LeaderElection27] INFO  impl.LeaderElection (LeaderElection.java:askForVotes(325)) - e173000e-ec0a-44a3-afc0-889131a99fbf@group-D97BFF1A6DA9-LeaderElection27 PRE_VOTE round 0: result PASSED (term=0)
2023-12-05 10:05:46,818 [51001832-6223-4e01-9f82-66e4e6dc013b@group-1A41835926C4-StateMachineUpdater] INFO  server.RaftServer$Division (LeaderStateImpl.java:isApplied(316)) - leader is ready since appliedIndex == 0 >= startIndex == 0
2023-12-05 10:05:46,818 [e173000e-ec0a-44a3-afc0-889131a99fbf@group-D97BFF1A6DA9-LeaderElection27] INFO  impl.LeaderElection (LeaderElection.java:askForVotes(323)) - e173000e-ec0a-44a3-afc0-889131a99fbf@group-D97BFF1A6DA9-LeaderElection27 ELECTION round 0: submit vote requests at term 1 for -1: peers:[e173000e-ec0a-44a3-afc0-889131a99fbf|10.1.0.7:15163]|listeners:[], old=null
2023-12-05 10:05:46,818 [e173000e-ec0a-44a3-afc0-889131a99fbf@group-D97BFF1A6DA9-LeaderElection27] INFO  impl.LeaderElection (LeaderElection.java:askForVotes(325)) - e173000e-ec0a-44a3-afc0-889131a99fbf@group-D97BFF1A6DA9-LeaderElection27 ELECTION round 0: result PASSED (term=1)
2023-12-05 10:05:46,818 [e173000e-ec0a-44a3-afc0-889131a99fbf@group-D97BFF1A6DA9-LeaderElection27] INFO  impl.RoleInfo (RoleInfo.java:shutdownLeaderElection(130)) - e173000e-ec0a-44a3-afc0-889131a99fbf: shutdown e173000e-ec0a-44a3-afc0-889131a99fbf@group-D97BFF1A6DA9-LeaderElection27
2023-12-05 10:05:46,818 [e173000e-ec0a-44a3-afc0-889131a99fbf@group-D97BFF1A6DA9-LeaderElection27] INFO  server.RaftServer$Division (RaftServerImpl.java:setRole(379)) - e173000e-ec0a-44a3-afc0-889131a99fbf@group-D97BFF1A6DA9: changes role from CANDIDATE to LEADER at term 1 for changeToLeader
2023-12-05 10:05:46,818 [e173000e-ec0a-44a3-afc0-889131a99fbf@group-D97BFF1A6DA9-LeaderElection27] INFO  server.RaftServerConfigKeys (ConfUtils.java:logGet(46)) - raft.server.staging.catchup.gap = 1000 (default)
2023-12-05 10:05:46,818 [e173000e-ec0a-44a3-afc0-889131a99fbf@group-D97BFF1A6DA9-LeaderElection27] INFO  server.RaftServerConfigKeys (ConfUtils.java:logGet(46)) - raft.server.write.element-limit = 1024 (custom)
2023-12-05 10:05:46,819 [e173000e-ec0a-44a3-afc0-889131a99fbf@group-D97BFF1A6DA9-LeaderElection27] INFO  server.RaftServerConfigKeys (ConfUtils.java:logGet(46)) - raft.server.write.byte-limit = 1024 M (=1073741824) (custom)
2023-12-05 10:05:46,819 [e173000e-ec0a-44a3-afc0-889131a99fbf@group-D97BFF1A6DA9-LeaderElection27] INFO  server.RaftServerConfigKeys (ConfUtils.java:logGet(46)) - raft.server.watch.timeout = 180s (custom)
2023-12-05 10:05:46,819 [e173000e-ec0a-44a3-afc0-889131a99fbf@group-D97BFF1A6DA9-LeaderElection27] INFO  server.RaftServerConfigKeys (ConfUtils.java:logGet(46)) - raft.server.watch.timeout.denomination = 1s (default)
2023-12-05 10:05:46,819 [e173000e-ec0a-44a3-afc0-889131a99fbf@group-D97BFF1A6DA9-LeaderElection27] INFO  server.RaftServerConfigKeys (ConfUtils.java:logGet(46)) - raft.server.watch.element-limit = 65536 (default)
2023-12-05 10:05:46,819 [e173000e-ec0a-44a3-afc0-889131a99fbf@group-D97BFF1A6DA9-LeaderElection27] INFO  server.RaftServerConfigKeys (ConfUtils.java:logGet(46)) - raft.server.read.leader.lease.enabled = false (default)
2023-12-05 10:05:46,819 [e173000e-ec0a-44a3-afc0-889131a99fbf@group-D97BFF1A6DA9-LeaderElection27] INFO  server.RaftServerConfigKeys (ConfUtils.java:logGet(46)) - raft.server.read.leader.lease.timeout.ratio = 0.9 (default)
2023-12-05 10:05:46,819 [e173000e-ec0a-44a3-afc0-889131a99fbf@group-D97BFF1A6DA9-LeaderElection27] INFO  server.RaftServerConfigKeys (ConfUtils.java:logGet(46)) - raft.server.rpc.timeout.min = 5s (custom)
2023-12-05 10:05:46,819 [e173000e-ec0a-44a3-afc0-889131a99fbf@group-D97BFF1A6DA9-LeaderElection27] INFO  server.RaftServerConfigKeys (ConfUtils.java:logGet(46)) - raft.server.write.element-limit = 1024 (custom)
2023-12-05 10:05:46,819 [e173000e-ec0a-44a3-afc0-889131a99fbf@group-D97BFF1A6DA9-LeaderElection27] INFO  server.RaftServerConfigKeys (ConfUtils.java:logGet(46)) - raft.server.write.follower.gap.ratio.max = -1.0 (default)
2023-12-05 10:05:46,819 [e173000e-ec0a-44a3-afc0-889131a99fbf@group-D97BFF1A6DA9-LeaderElection27] INFO  impl.RoleInfo (RoleInfo.java:updateAndGet(139)) - e173000e-ec0a-44a3-afc0-889131a99fbf: start e173000e-ec0a-44a3-afc0-889131a99fbf@group-D97BFF1A6DA9-LeaderStateImpl
2023-12-05 10:05:46,819 [e173000e-ec0a-44a3-afc0-889131a99fbf@group-D97BFF1A6DA9-LeaderElection27] INFO  server.RaftServer$Division (RaftServerImpl.java:setFirstElection(564)) - e173000e-ec0a-44a3-afc0-889131a99fbf@group-D97BFF1A6DA9: set firstElectionSinceStartup to false for becomeLeader
2023-12-05 10:05:46,819 [e173000e-ec0a-44a3-afc0-889131a99fbf@group-D97BFF1A6DA9-LeaderElection27] INFO  ratis.XceiverServerRatis (XceiverServerRatis.java:handleLeaderChangedNotification(935)) - Leader change notification received for group: group-D97BFF1A6DA9 with new leaderId: e173000e-ec0a-44a3-afc0-889131a99fbf
2023-12-05 10:05:46,819 [e173000e-ec0a-44a3-afc0-889131a99fbf@group-D97BFF1A6DA9-LeaderElection27] INFO  server.RaftServer$Division (ServerState.java:setLeader(265)) - e173000e-ec0a-44a3-afc0-889131a99fbf@group-D97BFF1A6DA9: change Leader from null to e173000e-ec0a-44a3-afc0-889131a99fbf at term 1 for becomeLeader, leader elected after 5144ms
2023-12-05 10:05:46,819 [e173000e-ec0a-44a3-afc0-889131a99fbf@group-D97BFF1A6DA9-LeaderElection27] INFO  segmented.SegmentedRaftLogWorker (SegmentedRaftLogWorker.java:startLogSegment(428)) - e173000e-ec0a-44a3-afc0-889131a99fbf@group-D97BFF1A6DA9-SegmentedRaftLogWorker: Starting segment from index:0
2023-12-05 10:05:46,822 [e173000e-ec0a-44a3-afc0-889131a99fbf@group-D97BFF1A6DA9-LeaderElection27] INFO  server.RaftServer$Division (ServerState.java:setRaftConf(382)) - e173000e-ec0a-44a3-afc0-889131a99fbf@group-D97BFF1A6DA9: set configuration 0: peers:[e173000e-ec0a-44a3-afc0-889131a99fbf|10.1.0.7:15163]|listeners:[], old=null
2023-12-05 10:05:46,823 [51001832-6223-4e01-9f82-66e4e6dc013b@group-B7429489D930-FollowerState] INFO  impl.FollowerState (FollowerState.java:run(143)) - 51001832-6223-4e01-9f82-66e4e6dc013b@group-B7429489D930-FollowerState: change to CANDIDATE, lastRpcElapsedTime:5025833765ns, electionTimeout:5024ms
2023-12-05 10:05:46,823 [51001832-6223-4e01-9f82-66e4e6dc013b@group-B7429489D930-FollowerState] INFO  impl.RoleInfo (RoleInfo.java:shutdownFollowerState(110)) - 51001832-6223-4e01-9f82-66e4e6dc013b: shutdown 51001832-6223-4e01-9f82-66e4e6dc013b@group-B7429489D930-FollowerState
2023-12-05 10:05:46,823 [51001832-6223-4e01-9f82-66e4e6dc013b@group-B7429489D930-FollowerState] INFO  server.RaftServer$Division (RaftServerImpl.java:setRole(379)) - 51001832-6223-4e01-9f82-66e4e6dc013b@group-B7429489D930: changes role from  FOLLOWER to CANDIDATE at term 0 for changeToCandidate
2023-12-05 10:05:46,823 [51001832-6223-4e01-9f82-66e4e6dc013b@group-B7429489D930-FollowerState] INFO  server.RaftServerConfigKeys (ConfUtils.java:logGet(46)) - raft.server.leaderelection.pre-vote = true (default)
2023-12-05 10:05:46,823 [51001832-6223-4e01-9f82-66e4e6dc013b@group-B7429489D930-FollowerState] INFO  impl.RoleInfo (RoleInfo.java:updateAndGet(139)) - 51001832-6223-4e01-9f82-66e4e6dc013b: start 51001832-6223-4e01-9f82-66e4e6dc013b@group-B7429489D930-LeaderElection28
2023-12-05 10:05:46,824 [51001832-6223-4e01-9f82-66e4e6dc013b@group-B7429489D930-LeaderElection28] INFO  impl.LeaderElection (LeaderElection.java:askForVotes(323)) - 51001832-6223-4e01-9f82-66e4e6dc013b@group-B7429489D930-LeaderElection28 PRE_VOTE round 0: submit vote requests at term 0 for -1: peers:[51001832-6223-4e01-9f82-66e4e6dc013b|10.1.0.7:15172]|listeners:[], old=null
2023-12-05 10:05:46,824 [51001832-6223-4e01-9f82-66e4e6dc013b@group-B7429489D930-LeaderElection28] INFO  impl.LeaderElection (LeaderElection.java:askForVotes(325)) - 51001832-6223-4e01-9f82-66e4e6dc013b@group-B7429489D930-LeaderElection28 PRE_VOTE round 0: result PASSED (term=0)
2023-12-05 10:05:46,826 [51001832-6223-4e01-9f82-66e4e6dc013b@group-B7429489D930-LeaderElection28] INFO  impl.LeaderElection (LeaderElection.java:askForVotes(323)) - 51001832-6223-4e01-9f82-66e4e6dc013b@group-B7429489D930-LeaderElection28 ELECTION round 0: submit vote requests at term 1 for -1: peers:[51001832-6223-4e01-9f82-66e4e6dc013b|10.1.0.7:15172]|listeners:[], old=null
2023-12-05 10:05:46,826 [51001832-6223-4e01-9f82-66e4e6dc013b@group-B7429489D930-LeaderElection28] INFO  impl.LeaderElection (LeaderElection.java:askForVotes(325)) - 51001832-6223-4e01-9f82-66e4e6dc013b@group-B7429489D930-LeaderElection28 ELECTION round 0: result PASSED (term=1)
2023-12-05 10:05:46,826 [51001832-6223-4e01-9f82-66e4e6dc013b@group-B7429489D930-LeaderElection28] INFO  impl.RoleInfo (RoleInfo.java:shutdownLeaderElection(130)) - 51001832-6223-4e01-9f82-66e4e6dc013b: shutdown 51001832-6223-4e01-9f82-66e4e6dc013b@group-B7429489D930-LeaderElection28
2023-12-05 10:05:46,826 [e173000e-ec0a-44a3-afc0-889131a99fbf@group-D97BFF1A6DA9-SegmentedRaftLogWorker] INFO  segmented.SegmentedRaftLogWorker (SegmentedRaftLogWorker.java:execute(632)) - e173000e-ec0a-44a3-afc0-889131a99fbf@group-D97BFF1A6DA9-SegmentedRaftLogWorker: created new log segment /home/runner/work/ozone/ozone/hadoop-ozone/integration-test/target/test-dir/MiniOzoneClusterImpl-2d7daef6-be11-494e-bdf1-1c9d25d68037/datanode-1/data/ratis/94e828c7-6d08-4b89-8012-d97bff1a6da9/current/log_inprogress_0
2023-12-05 10:05:46,826 [51001832-6223-4e01-9f82-66e4e6dc013b@group-B7429489D930-LeaderElection28] INFO  server.RaftServer$Division (RaftServerImpl.java:setRole(379)) - 51001832-6223-4e01-9f82-66e4e6dc013b@group-B7429489D930: changes role from CANDIDATE to LEADER at term 1 for changeToLeader
2023-12-05 10:05:46,826 [51001832-6223-4e01-9f82-66e4e6dc013b@group-B7429489D930-LeaderElection28] INFO  server.RaftServerConfigKeys (ConfUtils.java:logGet(46)) - raft.server.staging.catchup.gap = 1000 (default)
2023-12-05 10:05:46,827 [51001832-6223-4e01-9f82-66e4e6dc013b@group-B7429489D930-LeaderElection28] INFO  server.RaftServerConfigKeys (ConfUtils.java:logGet(46)) - raft.server.write.element-limit = 1024 (custom)
2023-12-05 10:05:46,827 [51001832-6223-4e01-9f82-66e4e6dc013b@group-B7429489D930-LeaderElection28] INFO  server.RaftServerConfigKeys (ConfUtils.java:logGet(46)) - raft.server.write.byte-limit = 1024 M (=1073741824) (custom)
2023-12-05 10:05:46,827 [51001832-6223-4e01-9f82-66e4e6dc013b@group-B7429489D930-LeaderElection28] INFO  server.RaftServerConfigKeys (ConfUtils.java:logGet(46)) - raft.server.watch.timeout = 180s (custom)
2023-12-05 10:05:46,827 [51001832-6223-4e01-9f82-66e4e6dc013b@group-B7429489D930-LeaderElection28] INFO  server.RaftServerConfigKeys (ConfUtils.java:logGet(46)) - raft.server.watch.timeout.denomination = 1s (default)
2023-12-05 10:05:46,827 [e173000e-ec0a-44a3-afc0-889131a99fbf@group-D97BFF1A6DA9-StateMachineUpdater] INFO  server.RaftServer$Division (LeaderStateImpl.java:isApplied(316)) - leader is ready since appliedIndex == 0 >= startIndex == 0
2023-12-05 10:05:46,827 [51001832-6223-4e01-9f82-66e4e6dc013b@group-B7429489D930-LeaderElection28] INFO  server.RaftServerConfigKeys (ConfUtils.java:logGet(46)) - raft.server.watch.element-limit = 65536 (default)
2023-12-05 10:05:46,827 [51001832-6223-4e01-9f82-66e4e6dc013b@group-B7429489D930-LeaderElection28] INFO  server.RaftServerConfigKeys (ConfUtils.java:logGet(46)) - raft.server.read.leader.lease.enabled = false (default)
2023-12-05 10:05:46,827 [51001832-6223-4e01-9f82-66e4e6dc013b@group-B7429489D930-LeaderElection28] INFO  server.RaftServerConfigKeys (ConfUtils.java:logGet(46)) - raft.server.read.leader.lease.timeout.ratio = 0.9 (default)
2023-12-05 10:05:46,828 [51001832-6223-4e01-9f82-66e4e6dc013b@group-B7429489D930-LeaderElection28] INFO  server.RaftServerConfigKeys (ConfUtils.java:logGet(46)) - raft.server.rpc.timeout.min = 5s (custom)
2023-12-05 10:05:46,828 [51001832-6223-4e01-9f82-66e4e6dc013b@group-B7429489D930-LeaderElection28] INFO  server.RaftServerConfigKeys (ConfUtils.java:logGet(46)) - raft.server.write.element-limit = 1024 (custom)
2023-12-05 10:05:46,828 [51001832-6223-4e01-9f82-66e4e6dc013b@group-B7429489D930-LeaderElection28] INFO  server.RaftServerConfigKeys (ConfUtils.java:logGet(46)) - raft.server.write.follower.gap.ratio.max = -1.0 (default)
2023-12-05 10:05:46,828 [51001832-6223-4e01-9f82-66e4e6dc013b@group-B7429489D930-LeaderElection28] INFO  impl.RoleInfo (RoleInfo.java:updateAndGet(139)) - 51001832-6223-4e01-9f82-66e4e6dc013b: start 51001832-6223-4e01-9f82-66e4e6dc013b@group-B7429489D930-LeaderStateImpl
2023-12-05 10:05:46,828 [51001832-6223-4e01-9f82-66e4e6dc013b@group-B7429489D930-LeaderElection28] INFO  server.RaftServer$Division (RaftServerImpl.java:setFirstElection(564)) - 51001832-6223-4e01-9f82-66e4e6dc013b@group-B7429489D930: set firstElectionSinceStartup to false for becomeLeader
2023-12-05 10:05:46,828 [51001832-6223-4e01-9f82-66e4e6dc013b@group-B7429489D930-LeaderElection28] INFO  ratis.XceiverServerRatis (XceiverServerRatis.java:handleLeaderChangedNotification(935)) - Leader change notification received for group: group-B7429489D930 with new leaderId: 51001832-6223-4e01-9f82-66e4e6dc013b
2023-12-05 10:05:46,828 [51001832-6223-4e01-9f82-66e4e6dc013b@group-B7429489D930-LeaderElection28] INFO  server.RaftServer$Division (ServerState.java:setLeader(265)) - 51001832-6223-4e01-9f82-66e4e6dc013b@group-B7429489D930: change Leader from null to 51001832-6223-4e01-9f82-66e4e6dc013b at term 1 for becomeLeader, leader elected after 5065ms
2023-12-05 10:05:46,828 [51001832-6223-4e01-9f82-66e4e6dc013b@group-B7429489D930-LeaderElection28] INFO  segmented.SegmentedRaftLogWorker (SegmentedRaftLogWorker.java:startLogSegment(428)) - 51001832-6223-4e01-9f82-66e4e6dc013b@group-B7429489D930-SegmentedRaftLogWorker: Starting segment from index:0
2023-12-05 10:05:46,831 [51001832-6223-4e01-9f82-66e4e6dc013b@group-B7429489D930-LeaderElection28] INFO  server.RaftServer$Division (ServerState.java:setRaftConf(382)) - 51001832-6223-4e01-9f82-66e4e6dc013b@group-B7429489D930: set configuration 0: peers:[51001832-6223-4e01-9f82-66e4e6dc013b|10.1.0.7:15172]|listeners:[], old=null
2023-12-05 10:05:46,835 [51001832-6223-4e01-9f82-66e4e6dc013b@group-B7429489D930-SegmentedRaftLogWorker] INFO  segmented.SegmentedRaftLogWorker (SegmentedRaftLogWorker.java:execute(632)) - 51001832-6223-4e01-9f82-66e4e6dc013b@group-B7429489D930-SegmentedRaftLogWorker: created new log segment /home/runner/work/ozone/ozone/hadoop-ozone/integration-test/target/test-dir/MiniOzoneClusterImpl-2d7daef6-be11-494e-bdf1-1c9d25d68037/datanode-2/data/ratis/a9ffa5e9-7b0f-485f-a7d8-b7429489d930/current/log_inprogress_0
2023-12-05 10:05:46,836 [51001832-6223-4e01-9f82-66e4e6dc013b@group-B7429489D930-StateMachineUpdater] INFO  server.RaftServer$Division (LeaderStateImpl.java:isApplied(316)) - leader is ready since appliedIndex == 0 >= startIndex == 0
2023-12-05 10:05:47,767 [main] INFO  ozone.MiniOzoneClusterImpl (MiniOzoneClusterImpl.java:lambda$waitForClusterToBeReady$0(229)) - Nodes are ready. Got 3 of 3 DN Heartbeats.
2023-12-05 10:05:47,768 [main] INFO  ozone.MiniOzoneClusterImpl (MiniOzoneClusterImpl.java:lambda$waitForClusterToBeReady$0(232)) - Cluster exits safe mode
2023-12-05 10:05:47,768 [main] INFO  ozone.MiniOzoneClusterImpl (MiniOzoneClusterImpl.java:lambda$waitForClusterToBeReady$0(234)) - SCM became leader
2023-12-05 10:05:47,771 [main] INFO  ha.SequenceIdGenerator (SequenceIdGenerator.java:getNextId(145)) - Allocate a batch for containerId, change lastId from 0 to 1000.
2023-12-05 10:05:47,774 [main] INFO  ozone.MiniOzoneClusterImpl (MiniOzoneClusterImpl.java:shutdown(449)) - Shutting down the Mini Ozone Cluster
2023-12-05 10:05:47,774 [main] INFO  ozone.MiniOzoneClusterImpl (MiniOzoneClusterImpl.java:stop(466)) - Stopping the Mini Ozone Cluster
2023-12-05 10:05:47,774 [main] INFO  om.OzoneManager (OzoneManager.java:stop(2203)) - om1[localhost:15144]: Stopping Ozone Manager
2023-12-05 10:05:47,774 [main] INFO  ipc.Server (Server.java:stop(3523)) - Stopping server on 15144
2023-12-05 10:05:47,776 [IPC Server Responder] INFO  ipc.Server (Server.java:run(1567)) - Stopping IPC Server Responder
2023-12-05 10:05:47,776 [IPC Server listener on 15144] INFO  ipc.Server (Server.java:run(1434)) - Stopping IPC Server listener on 15144
2023-12-05 10:05:47,776 [main] INFO  server.RaftServer (RaftServerProxy.java:lambda$close$9(416)) - om1: close
2023-12-05 10:05:47,776 [main] INFO  server.GrpcService (GrpcService.java:closeImpl(311)) - om1: shutdown server GrpcServerProtocolService now
2023-12-05 10:05:47,776 [om1-impl-thread1] INFO  server.RaftServer$Division (RaftServerImpl.java:lambda$close$3(516)) - om1@group-C5BA1605619E: shutdown
2023-12-05 10:05:47,776 [om1-impl-thread1] INFO  util.JmxRegister (JmxRegister.java:unregister(73)) - Successfully un-registered JMX Bean with object name Ratis:service=RaftServer,group=group-C5BA1605619E,id=om1
2023-12-05 10:05:47,776 [om1-impl-thread1] INFO  impl.RoleInfo (RoleInfo.java:shutdownLeaderState(94)) - om1: shutdown om1@group-C5BA1605619E-LeaderStateImpl
2023-12-05 10:05:47,777 [om1-impl-thread1] INFO  impl.PendingRequests (PendingRequests.java:sendNotLeaderResponses(289)) - om1@group-C5BA1605619E-PendingRequests: sendNotLeaderResponses
2023-12-05 10:05:47,777 [om1-impl-thread1] INFO  impl.StateMachineUpdater (StateMachineUpdater.java:stopAndJoin(157)) - om1@group-C5BA1605619E-StateMachineUpdater: set stopIndex = 0
2023-12-05 10:05:47,777 [om1@group-C5BA1605619E-StateMachineUpdater] INFO  ratis.OzoneManagerStateMachine (OzoneManagerStateMachine.java:takeSnapshot(492)) - Current Snapshot Index (t:1, i:0)
2023-12-05 10:05:47,779 [main] INFO  server.GrpcService (GrpcService.java:closeImpl(320)) - om1: shutdown server GrpcServerProtocolService successfully
2023-12-05 10:05:47,786 [om1@group-C5BA1605619E-StateMachineUpdater] INFO  impl.StateMachineUpdater (StateMachineUpdater.java:takeSnapshot(295)) - om1@group-C5BA1605619E-StateMachineUpdater: Took a snapshot at index 0
2023-12-05 10:05:47,786 [om1@group-C5BA1605619E-StateMachineUpdater] INFO  impl.StateMachineUpdater (StateMachineUpdater.java:lambda$new$0(98)) - om1@group-C5BA1605619E-StateMachineUpdater: snapshotIndex: updateIncreasingly -1 -> 0
2023-12-05 10:05:47,786 [om1@group-C5BA1605619E-StateMachineUpdater] INFO  ratis.OzoneManagerStateMachine (OzoneManagerStateMachine.java:close(546)) - StateMachine has shutdown. Shutdown OzoneManager if not already shutdown.
2023-12-05 10:05:47,786 [om1@group-C5BA1605619E-StateMachineUpdater] INFO  ratis.OzoneManagerDoubleBuffer (OzoneManagerDoubleBuffer.java:stopDaemon(575)) - Stopping OMDoubleBuffer flush thread
2023-12-05 10:05:47,786 [om1-OMDoubleBufferFlushThread] INFO  ratis.OzoneManagerDoubleBuffer (OzoneManagerDoubleBuffer.java:canFlush(662)) - OMDoubleBuffer flush thread om1-OMDoubleBufferFlushThread is interrupted and will exit.
2023-12-05 10:05:47,787 [om1-impl-thread1] INFO  server.RaftServer$Division (ServerState.java:close(423)) - om1@group-C5BA1605619E: applyIndex: 0
2023-12-05 10:05:47,787 [om1@group-C5BA1605619E-cacheEviction-AwaitToRun] INFO  util.AwaitToRun (AwaitToRun.java:run(49)) - om1@group-C5BA1605619E-cacheEviction-AwaitToRun-AwaitForSignal is interrupted
2023-12-05 10:05:48,618 [om1-impl-thread1] INFO  segmented.SegmentedRaftLogWorker (SegmentedRaftLogWorker.java:close(243)) - om1@group-C5BA1605619E-SegmentedRaftLogWorker close()
2023-12-05 10:05:48,618 [JvmPauseMonitor22] INFO  util.JvmPauseMonitor (JvmPauseMonitor.java:run(152)) - JvmPauseMonitor-om1: Stopped
2023-12-05 10:05:48,619 [main] INFO  ratis.OzoneManagerStateMachine (OzoneManagerStateMachine.java:close(546)) - StateMachine has shutdown. Shutdown OzoneManager if not already shutdown.
2023-12-05 10:05:48,619 [main] INFO  ratis.OzoneManagerDoubleBuffer (OzoneManagerDoubleBuffer.java:stopDaemon(584)) - OMDoubleBuffer flush thread is not running.
2023-12-05 10:05:48,619 [main] INFO  utils.BackgroundService (BackgroundService.java:shutdown(160)) - Shutting down service KeyDeletingService
2023-12-05 10:05:48,619 [main] INFO  utils.BackgroundService (BackgroundService.java:shutdown(160)) - Shutting down service DirectoryDeletingService
2023-12-05 10:05:48,619 [main] INFO  utils.BackgroundService (BackgroundService.java:shutdown(160)) - Shutting down service OpenKeyCleanupService
2023-12-05 10:05:48,619 [main] INFO  utils.BackgroundService (BackgroundService.java:shutdown(160)) - Shutting down service SstFilteringService
2023-12-05 10:05:48,619 [main] INFO  utils.BackgroundService (BackgroundService.java:shutdown(160)) - Shutting down service SnapshotDeletingService
2023-12-05 10:05:48,620 [main] INFO  utils.BackgroundService (BackgroundService.java:shutdown(160)) - Shutting down service MultipartUploadCleanupService
2023-12-05 10:05:48,620 [main] INFO  handler.ContextHandler (ContextHandler.java:doStop(1159)) - Stopped o.e.j.w.WebAppContext@7cd919a5{ozoneManager,/,null,STOPPED}{file:/home/runner/work/ozone/ozone/hadoop-ozone/integration-test/target/test-classes/webapps/ozoneManager}
2023-12-05 10:05:48,621 [main] INFO  server.AbstractConnector (AbstractConnector.java:doStop(383)) - Stopped ServerConnector@d981e45{HTTP/1.1, (http/1.1)}{0.0.0.0:15145}
2023-12-05 10:05:48,621 [main] INFO  server.session (HouseKeeper.java:stopScavenging(149)) - node0 Stopped scavenging
2023-12-05 10:05:48,621 [main] INFO  handler.ContextHandler (ContextHandler.java:doStop(1159)) - Stopped o.e.j.s.ServletContextHandler@97231d1{static,/static,file:///home/runner/work/ozone/ozone/hadoop-ozone/integration-test/target/test-classes/webapps/static,STOPPED}
2023-12-05 10:05:48,621 [main] INFO  handler.ContextHandler (ContextHandler.java:doStop(1159)) - Stopped o.e.j.s.ServletContextHandler@6e4abb58{logs,/logs,file:///home/runner/work/ozone/ozone/hadoop-ozone/integration-test/target/log,STOPPED}
2023-12-05 10:05:48,622 [main] INFO  rocksdiff.RocksDBCheckpointDiffer (RocksDBCheckpointDiffer.java:close(310)) - Shutting down CompactionDagPruningService.
2023-12-05 10:05:48,623 [main] INFO  snapshot.SnapshotDiffManager (SnapshotDiffManager.java:closeExecutorService(1716)) - Shutting down executorService: 'SnapDiffExecutor'
2023-12-05 10:05:48,623 [main] INFO  snapshot.SnapshotDiffManager (SnapshotDiffManager.java:closeExecutorService(1716)) - Shutting down executorService: 'SstDumpToolExecutor'
2023-12-05 10:05:48,623 [main] INFO  utils.BackgroundService (BackgroundService.java:shutdown(160)) - Shutting down service SnapshotDiffCleanupService
2023-12-05 10:05:48,624 [main] INFO  ozone.MiniOzoneClusterImpl (MiniOzoneClusterImpl.java:stopDatanodes(536)) - Stopping the HddsDatanodes
2023-12-05 10:05:48,625 [ForkJoinPool.commonPool-worker-0] INFO  ozoneimpl.OzoneContainer (OzoneContainer.java:stop(463)) - Attempting to stop container services.
2023-12-05 10:05:48,626 [ForkJoinPool.commonPool-worker-0] INFO  server.RaftServer (RaftServerProxy.java:lambda$close$9(416)) - 51001832-6223-4e01-9f82-66e4e6dc013b: close
2023-12-05 10:05:48,626 [51001832-6223-4e01-9f82-66e4e6dc013b-impl-thread1] INFO  server.RaftServer$Division (RaftServerImpl.java:lambda$close$3(516)) - 51001832-6223-4e01-9f82-66e4e6dc013b@group-B7429489D930: shutdown
2023-12-05 10:05:48,626 [51001832-6223-4e01-9f82-66e4e6dc013b-impl-thread1] INFO  util.JmxRegister (JmxRegister.java:unregister(73)) - Successfully un-registered JMX Bean with object name Ratis:service=RaftServer,group=group-B7429489D930,id=51001832-6223-4e01-9f82-66e4e6dc013b
2023-12-05 10:05:48,626 [51001832-6223-4e01-9f82-66e4e6dc013b-impl-thread1] INFO  impl.RoleInfo (RoleInfo.java:shutdownLeaderState(94)) - 51001832-6223-4e01-9f82-66e4e6dc013b: shutdown 51001832-6223-4e01-9f82-66e4e6dc013b@group-B7429489D930-LeaderStateImpl
2023-12-05 10:05:48,626 [51001832-6223-4e01-9f82-66e4e6dc013b-impl-thread1] INFO  impl.PendingRequests (PendingRequests.java:sendNotLeaderResponses(289)) - 51001832-6223-4e01-9f82-66e4e6dc013b@group-B7429489D930-PendingRequests: sendNotLeaderResponses
2023-12-05 10:05:48,626 [51001832-6223-4e01-9f82-66e4e6dc013b-impl-thread1] INFO  impl.StateMachineUpdater (StateMachineUpdater.java:stopAndJoin(157)) - 51001832-6223-4e01-9f82-66e4e6dc013b@group-B7429489D930-StateMachineUpdater: set stopIndex = 0
2023-12-05 10:05:48,626 [51001832-6223-4e01-9f82-66e4e6dc013b@group-B7429489D930-StateMachineUpdater] INFO  ratis.ContainerStateMachine (ContainerStateMachine.java:takeSnapshot(337)) - group-B7429489D930: Taking a snapshot at:(t:1, i:0) file /home/runner/work/ozone/ozone/hadoop-ozone/integration-test/target/test-dir/MiniOzoneClusterImpl-2d7daef6-be11-494e-bdf1-1c9d25d68037/datanode-2/data/ratis/a9ffa5e9-7b0f-485f-a7d8-b7429489d930/sm/snapshot.1_0
2023-12-05 10:05:48,627 [ForkJoinPool.commonPool-worker-0] INFO  server.GrpcService (GrpcService.java:closeImpl(311)) - 51001832-6223-4e01-9f82-66e4e6dc013b: shutdown server org.apache.ratis.grpc.server.GrpcClientProtocolService now
2023-12-05 10:05:48,627 [51001832-6223-4e01-9f82-66e4e6dc013b-impl-thread2] INFO  server.RaftServer$Division (RaftServerImpl.java:lambda$close$3(516)) - 51001832-6223-4e01-9f82-66e4e6dc013b@group-1A41835926C4: shutdown
2023-12-05 10:05:48,627 [51001832-6223-4e01-9f82-66e4e6dc013b@group-B7429489D930-StateMachineUpdater] INFO  ratis.ContainerStateMachine (ContainerStateMachine.java:takeSnapshot(348)) - group-B7429489D930: Finished taking a snapshot at:(t:1, i:0) file:/home/runner/work/ozone/ozone/hadoop-ozone/integration-test/target/test-dir/MiniOzoneClusterImpl-2d7daef6-be11-494e-bdf1-1c9d25d68037/datanode-2/data/ratis/a9ffa5e9-7b0f-485f-a7d8-b7429489d930/sm/snapshot.1_0 took: 1 ms
2023-12-05 10:05:48,627 [51001832-6223-4e01-9f82-66e4e6dc013b-impl-thread2] INFO  util.JmxRegister (JmxRegister.java:unregister(73)) - Successfully un-registered JMX Bean with object name Ratis:service=RaftServer,group=group-1A41835926C4,id=51001832-6223-4e01-9f82-66e4e6dc013b
2023-12-05 10:05:48,627 [51001832-6223-4e01-9f82-66e4e6dc013b-impl-thread2] INFO  impl.RoleInfo (RoleInfo.java:shutdownLeaderState(94)) - 51001832-6223-4e01-9f82-66e4e6dc013b: shutdown 51001832-6223-4e01-9f82-66e4e6dc013b@group-1A41835926C4-LeaderStateImpl
2023-12-05 10:05:48,627 [51001832-6223-4e01-9f82-66e4e6dc013b@group-B7429489D930-StateMachineUpdater] INFO  impl.StateMachineUpdater (StateMachineUpdater.java:takeSnapshot(295)) - 51001832-6223-4e01-9f82-66e4e6dc013b@group-B7429489D930-StateMachineUpdater: Took a snapshot at index 0
2023-12-05 10:05:48,627 [51001832-6223-4e01-9f82-66e4e6dc013b@group-B7429489D930-StateMachineUpdater] INFO  impl.StateMachineUpdater (StateMachineUpdater.java:lambda$new$0(98)) - 51001832-6223-4e01-9f82-66e4e6dc013b@group-B7429489D930-StateMachineUpdater: snapshotIndex: updateIncreasingly -1 -> 0
2023-12-05 10:05:48,628 [51001832-6223-4e01-9f82-66e4e6dc013b-impl-thread1] INFO  server.RaftServer$Division (ServerState.java:close(423)) - 51001832-6223-4e01-9f82-66e4e6dc013b@group-B7429489D930: applyIndex: 0
2023-12-05 10:05:48,628 [ForkJoinPool.commonPool-worker-1] INFO  ozoneimpl.OzoneContainer (OzoneContainer.java:stop(463)) - Attempting to stop container services.
2023-12-05 10:05:48,628 [51001832-6223-4e01-9f82-66e4e6dc013b@group-B7429489D930-cacheEviction-AwaitToRun] INFO  util.AwaitToRun (AwaitToRun.java:run(49)) - 51001832-6223-4e01-9f82-66e4e6dc013b@group-B7429489D930-cacheEviction-AwaitToRun-AwaitForSignal is interrupted
2023-12-05 10:05:48,628 [ForkJoinPool.commonPool-worker-1] INFO  server.RaftServer (RaftServerProxy.java:lambda$close$9(416)) - 91a75bad-db25-440f-8a5d-0b0b19abc853: close
2023-12-05 10:05:48,628 [91a75bad-db25-440f-8a5d-0b0b19abc853-impl-thread1] INFO  server.RaftServer$Division (RaftServerImpl.java:lambda$close$3(516)) - 91a75bad-db25-440f-8a5d-0b0b19abc853@group-F3E0629BE60C: shutdown
2023-12-05 10:05:48,628 [ForkJoinPool.commonPool-worker-1] INFO  server.GrpcService (GrpcService.java:closeImpl(311)) - 91a75bad-db25-440f-8a5d-0b0b19abc853: shutdown server org.apache.ratis.grpc.server.GrpcClientProtocolService now
2023-12-05 10:05:48,628 [91a75bad-db25-440f-8a5d-0b0b19abc853-impl-thread2] INFO  server.RaftServer$Division (RaftServerImpl.java:lambda$close$3(516)) - 91a75bad-db25-440f-8a5d-0b0b19abc853@group-1A41835926C4: shutdown
2023-12-05 10:05:48,628 [91a75bad-db25-440f-8a5d-0b0b19abc853-impl-thread2] INFO  util.JmxRegister (JmxRegister.java:unregister(73)) - Successfully un-registered JMX Bean with object name Ratis:service=RaftServer,group=group-1A41835926C4,id=91a75bad-db25-440f-8a5d-0b0b19abc853
2023-12-05 10:05:48,628 [91a75bad-db25-440f-8a5d-0b0b19abc853-impl-thread1] INFO  util.JmxRegister (JmxRegister.java:unregister(73)) - Successfully un-registered JMX Bean with object name Ratis:service=RaftServer,group=group-F3E0629BE60C,id=91a75bad-db25-440f-8a5d-0b0b19abc853
2023-12-05 10:05:48,628 [91a75bad-db25-440f-8a5d-0b0b19abc853-impl-thread1] INFO  impl.RoleInfo (RoleInfo.java:shutdownLeaderState(94)) - 91a75bad-db25-440f-8a5d-0b0b19abc853: shutdown 91a75bad-db25-440f-8a5d-0b0b19abc853@group-F3E0629BE60C-LeaderStateImpl
2023-12-05 10:05:48,628 [91a75bad-db25-440f-8a5d-0b0b19abc853-impl-thread2] INFO  impl.RoleInfo (RoleInfo.java:shutdownFollowerState(110)) - 91a75bad-db25-440f-8a5d-0b0b19abc853: shutdown 91a75bad-db25-440f-8a5d-0b0b19abc853@group-1A41835926C4-FollowerState
2023-12-05 10:05:48,628 [91a75bad-db25-440f-8a5d-0b0b19abc853-impl-thread1] INFO  impl.PendingRequests (PendingRequests.java:sendNotLeaderResponses(289)) - 91a75bad-db25-440f-8a5d-0b0b19abc853@group-F3E0629BE60C-PendingRequests: sendNotLeaderResponses
2023-12-05 10:05:48,629 [91a75bad-db25-440f-8a5d-0b0b19abc853@group-1A41835926C4-FollowerState] INFO  impl.FollowerState (FollowerState.java:run(152)) - 91a75bad-db25-440f-8a5d-0b0b19abc853@group-1A41835926C4-FollowerState was interrupted
2023-12-05 10:05:48,629 [91a75bad-db25-440f-8a5d-0b0b19abc853-impl-thread2] INFO  impl.StateMachineUpdater (StateMachineUpdater.java:stopAndJoin(157)) - 91a75bad-db25-440f-8a5d-0b0b19abc853@group-1A41835926C4-StateMachineUpdater: set stopIndex = -1
2023-12-05 10:05:48,629 [91a75bad-db25-440f-8a5d-0b0b19abc853-impl-thread1] INFO  impl.StateMachineUpdater (StateMachineUpdater.java:stopAndJoin(157)) - 91a75bad-db25-440f-8a5d-0b0b19abc853@group-F3E0629BE60C-StateMachineUpdater: set stopIndex = 0
2023-12-05 10:05:48,629 [91a75bad-db25-440f-8a5d-0b0b19abc853-impl-thread2] INFO  server.RaftServer$Division (ServerState.java:close(423)) - 91a75bad-db25-440f-8a5d-0b0b19abc853@group-1A41835926C4: applyIndex: -1
2023-12-05 10:05:48,629 [91a75bad-db25-440f-8a5d-0b0b19abc853@group-F3E0629BE60C-StateMachineUpdater] INFO  ratis.ContainerStateMachine (ContainerStateMachine.java:takeSnapshot(337)) - group-F3E0629BE60C: Taking a snapshot at:(t:1, i:0) file /home/runner/work/ozone/ozone/hadoop-ozone/integration-test/target/test-dir/MiniOzoneClusterImpl-2d7daef6-be11-494e-bdf1-1c9d25d68037/datanode-0/data/ratis/43633f54-5cca-44d4-97a6-f3e0629be60c/sm/snapshot.1_0
2023-12-05 10:05:48,629 [91a75bad-db25-440f-8a5d-0b0b19abc853@group-1A41835926C4-cacheEviction-AwaitToRun] INFO  util.AwaitToRun (AwaitToRun.java:run(49)) - 91a75bad-db25-440f-8a5d-0b0b19abc853@group-1A41835926C4-cacheEviction-AwaitToRun-AwaitForSignal is interrupted
2023-12-05 10:05:48,629 [91a75bad-db25-440f-8a5d-0b0b19abc853@group-F3E0629BE60C-StateMachineUpdater] INFO  ratis.ContainerStateMachine (ContainerStateMachine.java:takeSnapshot(348)) - group-F3E0629BE60C: Finished taking a snapshot at:(t:1, i:0) file:/home/runner/work/ozone/ozone/hadoop-ozone/integration-test/target/test-dir/MiniOzoneClusterImpl-2d7daef6-be11-494e-bdf1-1c9d25d68037/datanode-0/data/ratis/43633f54-5cca-44d4-97a6-f3e0629be60c/sm/snapshot.1_0 took: 0 ms
2023-12-05 10:05:48,629 [91a75bad-db25-440f-8a5d-0b0b19abc853@group-F3E0629BE60C-StateMachineUpdater] INFO  impl.StateMachineUpdater (StateMachineUpdater.java:takeSnapshot(295)) - 91a75bad-db25-440f-8a5d-0b0b19abc853@group-F3E0629BE60C-StateMachineUpdater: Took a snapshot at index 0
2023-12-05 10:05:48,629 [91a75bad-db25-440f-8a5d-0b0b19abc853@group-F3E0629BE60C-StateMachineUpdater] INFO  impl.StateMachineUpdater (StateMachineUpdater.java:lambda$new$0(98)) - 91a75bad-db25-440f-8a5d-0b0b19abc853@group-F3E0629BE60C-StateMachineUpdater: snapshotIndex: updateIncreasingly -1 -> 0
2023-12-05 10:05:48,630 [91a75bad-db25-440f-8a5d-0b0b19abc853-impl-thread1] INFO  server.RaftServer$Division (ServerState.java:close(423)) - 91a75bad-db25-440f-8a5d-0b0b19abc853@group-F3E0629BE60C: applyIndex: 0
2023-12-05 10:05:48,630 [91a75bad-db25-440f-8a5d-0b0b19abc853@group-F3E0629BE60C-cacheEviction-AwaitToRun] INFO  util.AwaitToRun (AwaitToRun.java:run(49)) - 91a75bad-db25-440f-8a5d-0b0b19abc853@group-F3E0629BE60C-cacheEviction-AwaitToRun-AwaitForSignal is interrupted
2023-12-05 10:05:48,631 [51001832-6223-4e01-9f82-66e4e6dc013b@group-1A41835926C4->91a75bad-db25-440f-8a5d-0b0b19abc853-GrpcLogAppender-LogAppenderDaemon] WARN  server.GrpcLogAppender (GrpcLogAppender.java:mayWait(212)) - 51001832-6223-4e01-9f82-66e4e6dc013b@group-1A41835926C4->91a75bad-db25-440f-8a5d-0b0b19abc853-GrpcLogAppender: Wait interrupted by java.lang.InterruptedException
2023-12-05 10:05:48,631 [51001832-6223-4e01-9f82-66e4e6dc013b@group-1A41835926C4->e173000e-ec0a-44a3-afc0-889131a99fbf-GrpcLogAppender-LogAppenderDaemon] WARN  server.GrpcLogAppender (GrpcLogAppender.java:mayWait(212)) - 51001832-6223-4e01-9f82-66e4e6dc013b@group-1A41835926C4->e173000e-ec0a-44a3-afc0-889131a99fbf-GrpcLogAppender: Wait interrupted by java.lang.InterruptedException
2023-12-05 10:05:48,632 [Thread-2173] INFO  server.GrpcServerProtocolClient (GrpcServerProtocolClient.java:close(103)) - e173000e-ec0a-44a3-afc0-889131a99fbf Close channels
2023-12-05 10:05:48,632 [grpc-default-executor-0] INFO  server.GrpcServerProtocolService (GrpcServerProtocolService.java:onCompleted(157)) - e173000e-ec0a-44a3-afc0-889131a99fbf: Completed APPEND_ENTRIES, lastRequest: null
2023-12-05 10:05:48,632 [grpc-default-executor-3] INFO  server.GrpcServerProtocolService (GrpcServerProtocolService.java:onCompleted(157)) - 91a75bad-db25-440f-8a5d-0b0b19abc853: Completed APPEND_ENTRIES, lastRequest: 51001832-6223-4e01-9f82-66e4e6dc013b->91a75bad-db25-440f-8a5d-0b0b19abc853#1-t1,previous=(t:0, i:0),leaderCommit=-1,initializing? true,entries: size=1, first=(t:1, i:0), CONFIGURATIONENTRY(current:id: "91a75bad-db25-440f-8a5d-0b0b19abc853"
address: "10.1.0.7:15154"
dataStreamAddress: "10.1.0.7:15155"
clientAddress: "10.1.0.7:15152"
adminAddress: "10.1.0.7:15153"
startupRole: FOLLOWER
,id: "e173000e-ec0a-44a3-afc0-889131a99fbf"
address: "10.1.0.7:15163"
dataStreamAddress: "10.1.0.7:15164"
clientAddress: "10.1.0.7:15161"
adminAddress: "10.1.0.7:15162"
startupRole: FOLLOWER
,id: "51001832-6223-4e01-9f82-66e4e6dc013b"
address: "10.1.0.7:15172"
priority: 1
dataStreamAddress: "10.1.0.7:15173"
clientAddress: "10.1.0.7:15170"
adminAddress: "10.1.0.7:15171"
startupRole: FOLLOWER
, old:)
2023-12-05 10:05:48,633 [grpc-default-executor-3] INFO  server.GrpcServerProtocolService (GrpcServerProtocolService.java:lambda$onCompleted$5(159)) - 91a75bad-db25-440f-8a5d-0b0b19abc853: Completed APPEND_ENTRIES, lastReply: null
2023-12-05 10:05:48,631 [Thread-2172] INFO  server.GrpcServerProtocolClient (GrpcServerProtocolClient.java:close(103)) - 91a75bad-db25-440f-8a5d-0b0b19abc853 Close channels
2023-12-05 10:05:48,633 [grpc-default-executor-2] INFO  server.GrpcServerProtocolService (GrpcServerProtocolService.java:onCompleted(157)) - 91a75bad-db25-440f-8a5d-0b0b19abc853: Completed APPEND_ENTRIES, lastRequest: null
2023-12-05 10:05:48,633 [grpc-default-executor-1] INFO  server.GrpcServerProtocolService (GrpcServerProtocolService.java:onCompleted(157)) - e173000e-ec0a-44a3-afc0-889131a99fbf: Completed APPEND_ENTRIES, lastRequest: 51001832-6223-4e01-9f82-66e4e6dc013b->e173000e-ec0a-44a3-afc0-889131a99fbf#1-t1,previous=(t:0, i:0),leaderCommit=-1,initializing? true,entries: size=1, first=(t:1, i:0), CONFIGURATIONENTRY(current:id: "91a75bad-db25-440f-8a5d-0b0b19abc853"
address: "10.1.0.7:15154"
dataStreamAddress: "10.1.0.7:15155"
clientAddress: "10.1.0.7:15152"
adminAddress: "10.1.0.7:15153"
startupRole: FOLLOWER
,id: "e173000e-ec0a-44a3-afc0-889131a99fbf"
address: "10.1.0.7:15163"
dataStreamAddress: "10.1.0.7:15164"
clientAddress: "10.1.0.7:15161"
adminAddress: "10.1.0.7:15162"
startupRole: FOLLOWER
,id: "51001832-6223-4e01-9f82-66e4e6dc013b"
address: "10.1.0.7:15172"
priority: 1
dataStreamAddress: "10.1.0.7:15173"
clientAddress: "10.1.0.7:15170"
adminAddress: "10.1.0.7:15171"
startupRole: FOLLOWER
, old:)
2023-12-05 10:05:48,635 [grpc-default-executor-1] INFO  server.GrpcServerProtocolService (GrpcServerProtocolService.java:lambda$onCompleted$5(159)) - e173000e-ec0a-44a3-afc0-889131a99fbf: Completed APPEND_ENTRIES, lastReply: null
2023-12-05 10:05:48,633 [grpc-default-executor-0] INFO  server.GrpcServerProtocolService (GrpcServerProtocolService.java:lambda$onCompleted$5(159)) - e173000e-ec0a-44a3-afc0-889131a99fbf: Completed APPEND_ENTRIES, lastReply: serverReply {
  requestorId: "51001832-6223-4e01-9f82-66e4e6dc013b"
  replyId: "e173000e-ec0a-44a3-afc0-889131a99fbf"
  raftGroupId {
    id: "f\335\221\031\'\374K\034\244\027\032A\203Y&\304"
  }
  success: true
}
term: 1
nextIndex: 1
followerCommit: 18446744073709551615
matchIndex: 18446744073709551615
isHearbeat: true

2023-12-05 10:05:48,635 [grpc-default-executor-3] INFO  server.GrpcLogAppender (GrpcLogAppender.java:onCompleted(469)) - 51001832-6223-4e01-9f82-66e4e6dc013b@group-1A41835926C4->91a75bad-db25-440f-8a5d-0b0b19abc853-AppendLogResponseHandler: follower responses appendEntries COMPLETED
2023-12-05 10:05:48,635 [grpc-default-executor-3] WARN  server.GrpcLogAppender (GrpcLogAppender.java:resetClient(149)) - 51001832-6223-4e01-9f82-66e4e6dc013b@group-1A41835926C4->91a75bad-db25-440f-8a5d-0b0b19abc853-GrpcLogAppender: Failed to getClient for 91a75bad-db25-440f-8a5d-0b0b19abc853
org.apache.ratis.protocol.exceptions.AlreadyClosedException: 51001832-6223-4e01-9f82-66e4e6dc013b is already CLOSED
	at org.apache.ratis.util.PeerProxyMap$PeerAndProxy.getProxy(PeerProxyMap.java:61)
	at org.apache.ratis.util.PeerProxyMap.getProxy(PeerProxyMap.java:110)
	at org.apache.ratis.grpc.server.GrpcLogAppender.getClient(GrpcLogAppender.java:121)
	at org.apache.ratis.grpc.server.GrpcLogAppender.resetClient(GrpcLogAppender.java:126)
	at org.apache.ratis.grpc.server.GrpcLogAppender.access$800(GrpcLogAppender.java:61)
	at org.apache.ratis.grpc.server.GrpcLogAppender$AppendLogResponseHandler.onCompleted(GrpcLogAppender.java:471)
	at org.apache.ratis.thirdparty.io.grpc.stub.ClientCalls$StreamObserverToCallListenerAdapter.onClose(ClientCalls.java:479)
	at org.apache.ratis.thirdparty.io.grpc.internal.ClientCallImpl.closeObserver(ClientCallImpl.java:567)
	at org.apache.ratis.thirdparty.io.grpc.internal.ClientCallImpl.access$300(ClientCallImpl.java:71)
	at org.apache.ratis.thirdparty.io.grpc.internal.ClientCallImpl$ClientStreamListenerImpl$1StreamClosed.runInternal(ClientCallImpl.java:735)
	at org.apache.ratis.thirdparty.io.grpc.internal.ClientCallImpl$ClientStreamListenerImpl$1StreamClosed.runInContext(ClientCallImpl.java:716)
	at org.apache.ratis.thirdparty.io.grpc.internal.ContextRunnable.run(ContextRunnable.java:37)
	at org.apache.ratis.thirdparty.io.grpc.internal.SerializingExecutor.run(SerializingExecutor.java:133)
	at java.util.concurrent.ThreadPoolExecutor.runWorker(ThreadPoolExecutor.java:1149)
	at java.util.concurrent.ThreadPoolExecutor$Worker.run(ThreadPoolExecutor.java:624)
	at java.lang.Thread.run(Thread.java:750)
2023-12-05 10:05:48,633 [51001832-6223-4e01-9f82-66e4e6dc013b-impl-thread2] INFO  impl.PendingRequests (PendingRequests.java:sendNotLeaderResponses(289)) - 51001832-6223-4e01-9f82-66e4e6dc013b@group-1A41835926C4-PendingRequests: sendNotLeaderResponses
2023-12-05 10:05:48,636 [grpc-default-executor-2] INFO  server.GrpcServerProtocolService (GrpcServerProtocolService.java:lambda$onCompleted$5(159)) - 91a75bad-db25-440f-8a5d-0b0b19abc853: Completed APPEND_ENTRIES, lastReply: serverReply {
  requestorId: "51001832-6223-4e01-9f82-66e4e6dc013b"
  replyId: "91a75bad-db25-440f-8a5d-0b0b19abc853"
  raftGroupId {
    id: "f\335\221\031\'\374K\034\244\027\032A\203Y&\304"
  }
  success: true
}
term: 1
followerCommit: 18446744073709551615
matchIndex: 18446744073709551615
isHearbeat: true

2023-12-05 10:05:48,635 [main] INFO  ozoneimpl.OzoneContainer (OzoneContainer.java:stop(463)) - Attempting to stop container services.
2023-12-05 10:05:48,636 [51001832-6223-4e01-9f82-66e4e6dc013b-impl-thread2] INFO  impl.StateMachineUpdater (StateMachineUpdater.java:stopAndJoin(157)) - 51001832-6223-4e01-9f82-66e4e6dc013b@group-1A41835926C4-StateMachineUpdater: set stopIndex = 0
2023-12-05 10:05:48,635 [Thread-2177] INFO  server.GrpcServerProtocolClient (GrpcServerProtocolClient.java:close(103)) - e173000e-ec0a-44a3-afc0-889131a99fbf Close channels
2023-12-05 10:05:48,636 [51001832-6223-4e01-9f82-66e4e6dc013b@group-1A41835926C4-StateMachineUpdater] INFO  ratis.ContainerStateMachine (ContainerStateMachine.java:takeSnapshot(337)) - group-1A41835926C4: Taking a snapshot at:(t:1, i:0) file /home/runner/work/ozone/ozone/hadoop-ozone/integration-test/target/test-dir/MiniOzoneClusterImpl-2d7daef6-be11-494e-bdf1-1c9d25d68037/datanode-2/data/ratis/66dd9119-27fc-4b1c-a417-1a41835926c4/sm/snapshot.1_0
2023-12-05 10:05:48,636 [main] INFO  server.RaftServer (RaftServerProxy.java:lambda$close$9(416)) - e173000e-ec0a-44a3-afc0-889131a99fbf: close
2023-12-05 10:05:48,637 [51001832-6223-4e01-9f82-66e4e6dc013b@group-1A41835926C4-StateMachineUpdater] INFO  ratis.ContainerStateMachine (ContainerStateMachine.java:takeSnapshot(348)) - group-1A41835926C4: Finished taking a snapshot at:(t:1, i:0) file:/home/runner/work/ozone/ozone/hadoop-ozone/integration-test/target/test-dir/MiniOzoneClusterImpl-2d7daef6-be11-494e-bdf1-1c9d25d68037/datanode-2/data/ratis/66dd9119-27fc-4b1c-a417-1a41835926c4/sm/snapshot.1_0 took: 1 ms
2023-12-05 10:05:48,637 [51001832-6223-4e01-9f82-66e4e6dc013b@group-1A41835926C4-StateMachineUpdater] INFO  impl.StateMachineUpdater (StateMachineUpdater.java:takeSnapshot(295)) - 51001832-6223-4e01-9f82-66e4e6dc013b@group-1A41835926C4-StateMachineUpdater: Took a snapshot at index 0
2023-12-05 10:05:48,637 [51001832-6223-4e01-9f82-66e4e6dc013b@group-1A41835926C4-StateMachineUpdater] INFO  impl.StateMachineUpdater (StateMachineUpdater.java:lambda$new$0(98)) - 51001832-6223-4e01-9f82-66e4e6dc013b@group-1A41835926C4-StateMachineUpdater: snapshotIndex: updateIncreasingly -1 -> 0
2023-12-05 10:05:48,637 [51001832-6223-4e01-9f82-66e4e6dc013b-impl-thread2] INFO  server.RaftServer$Division (ServerState.java:close(423)) - 51001832-6223-4e01-9f82-66e4e6dc013b@group-1A41835926C4: applyIndex: 0
2023-12-05 10:05:48,639 [51001832-6223-4e01-9f82-66e4e6dc013b@group-1A41835926C4-cacheEviction-AwaitToRun] INFO  util.AwaitToRun (AwaitToRun.java:run(49)) - 51001832-6223-4e01-9f82-66e4e6dc013b@group-1A41835926C4-cacheEviction-AwaitToRun-AwaitForSignal is interrupted
2023-12-05 10:05:48,639 [grpc-default-executor-4] INFO  server.GrpcLogAppender (GrpcLogAppender.java:onCompleted(469)) - 51001832-6223-4e01-9f82-66e4e6dc013b@group-1A41835926C4->e173000e-ec0a-44a3-afc0-889131a99fbf-AppendLogResponseHandler: follower responses appendEntries COMPLETED
2023-12-05 10:05:48,639 [grpc-default-executor-4] WARN  server.GrpcLogAppender (GrpcLogAppender.java:resetClient(149)) - 51001832-6223-4e01-9f82-66e4e6dc013b@group-1A41835926C4->e173000e-ec0a-44a3-afc0-889131a99fbf-GrpcLogAppender: Failed to getClient for e173000e-ec0a-44a3-afc0-889131a99fbf
org.apache.ratis.protocol.exceptions.AlreadyClosedException: 51001832-6223-4e01-9f82-66e4e6dc013b is already CLOSED
	at org.apache.ratis.util.PeerProxyMap$PeerAndProxy.getProxy(PeerProxyMap.java:61)
	at org.apache.ratis.util.PeerProxyMap.getProxy(PeerProxyMap.java:110)
	at org.apache.ratis.grpc.server.GrpcLogAppender.getClient(GrpcLogAppender.java:121)
	at org.apache.ratis.grpc.server.GrpcLogAppender.resetClient(GrpcLogAppender.java:126)
	at org.apache.ratis.grpc.server.GrpcLogAppender.access$800(GrpcLogAppender.java:61)
	at org.apache.ratis.grpc.server.GrpcLogAppender$AppendLogResponseHandler.onCompleted(GrpcLogAppender.java:471)
	at org.apache.ratis.thirdparty.io.grpc.stub.ClientCalls$StreamObserverToCallListenerAdapter.onClose(ClientCalls.java:479)
	at org.apache.ratis.thirdparty.io.grpc.internal.ClientCallImpl.closeObserver(ClientCallImpl.java:567)
	at org.apache.ratis.thirdparty.io.grpc.internal.ClientCallImpl.access$300(ClientCallImpl.java:71)
	at org.apache.ratis.thirdparty.io.grpc.internal.ClientCallImpl$ClientStreamListenerImpl$1StreamClosed.runInternal(ClientCallImpl.java:735)
	at org.apache.ratis.thirdparty.io.grpc.internal.ClientCallImpl$ClientStreamListenerImpl$1StreamClosed.runInContext(ClientCallImpl.java:716)
	at org.apache.ratis.thirdparty.io.grpc.internal.ContextRunnable.run(ContextRunnable.java:37)
	at org.apache.ratis.thirdparty.io.grpc.internal.SerializingExecutor.run(SerializingExecutor.java:133)
	at java.util.concurrent.ThreadPoolExecutor.runWorker(ThreadPoolExecutor.java:1149)
	at java.util.concurrent.ThreadPoolExecutor$Worker.run(ThreadPoolExecutor.java:624)
	at java.lang.Thread.run(Thread.java:750)
2023-12-05 10:05:48,640 [Thread-2178] INFO  server.GrpcServerProtocolClient (GrpcServerProtocolClient.java:close(103)) - 51001832-6223-4e01-9f82-66e4e6dc013b Close channels
2023-12-05 10:05:48,640 [e173000e-ec0a-44a3-afc0-889131a99fbf-impl-thread1] INFO  server.RaftServer$Division (RaftServerImpl.java:lambda$close$3(516)) - e173000e-ec0a-44a3-afc0-889131a99fbf@group-D97BFF1A6DA9: shutdown
2023-12-05 10:05:48,640 [e173000e-ec0a-44a3-afc0-889131a99fbf-impl-thread1] INFO  util.JmxRegister (JmxRegister.java:unregister(73)) - Successfully un-registered JMX Bean with object name Ratis:service=RaftServer,group=group-D97BFF1A6DA9,id=e173000e-ec0a-44a3-afc0-889131a99fbf
2023-12-05 10:05:48,640 [e173000e-ec0a-44a3-afc0-889131a99fbf-impl-thread1] INFO  impl.RoleInfo (RoleInfo.java:shutdownLeaderState(94)) - e173000e-ec0a-44a3-afc0-889131a99fbf: shutdown e173000e-ec0a-44a3-afc0-889131a99fbf@group-D97BFF1A6DA9-LeaderStateImpl
2023-12-05 10:05:48,640 [e173000e-ec0a-44a3-afc0-889131a99fbf-impl-thread1] INFO  impl.PendingRequests (PendingRequests.java:sendNotLeaderResponses(289)) - e173000e-ec0a-44a3-afc0-889131a99fbf@group-D97BFF1A6DA9-PendingRequests: sendNotLeaderResponses
2023-12-05 10:05:48,640 [e173000e-ec0a-44a3-afc0-889131a99fbf-impl-thread1] INFO  impl.StateMachineUpdater (StateMachineUpdater.java:stopAndJoin(157)) - e173000e-ec0a-44a3-afc0-889131a99fbf@group-D97BFF1A6DA9-StateMachineUpdater: set stopIndex = 0
2023-12-05 10:05:48,640 [e173000e-ec0a-44a3-afc0-889131a99fbf@group-D97BFF1A6DA9-StateMachineUpdater] INFO  ratis.ContainerStateMachine (ContainerStateMachine.java:takeSnapshot(337)) - group-D97BFF1A6DA9: Taking a snapshot at:(t:1, i:0) file /home/runner/work/ozone/ozone/hadoop-ozone/integration-test/target/test-dir/MiniOzoneClusterImpl-2d7daef6-be11-494e-bdf1-1c9d25d68037/datanode-1/data/ratis/94e828c7-6d08-4b89-8012-d97bff1a6da9/sm/snapshot.1_0
2023-12-05 10:05:48,641 [main] INFO  server.GrpcService (GrpcService.java:closeImpl(311)) - e173000e-ec0a-44a3-afc0-889131a99fbf: shutdown server org.apache.ratis.grpc.server.GrpcClientProtocolService now
2023-12-05 10:05:48,641 [e173000e-ec0a-44a3-afc0-889131a99fbf@group-D97BFF1A6DA9-StateMachineUpdater] INFO  ratis.ContainerStateMachine (ContainerStateMachine.java:takeSnapshot(348)) - group-D97BFF1A6DA9: Finished taking a snapshot at:(t:1, i:0) file:/home/runner/work/ozone/ozone/hadoop-ozone/integration-test/target/test-dir/MiniOzoneClusterImpl-2d7daef6-be11-494e-bdf1-1c9d25d68037/datanode-1/data/ratis/94e828c7-6d08-4b89-8012-d97bff1a6da9/sm/snapshot.1_0 took: 1 ms
2023-12-05 10:05:48,641 [e173000e-ec0a-44a3-afc0-889131a99fbf-impl-thread2] INFO  server.RaftServer$Division (RaftServerImpl.java:lambda$close$3(516)) - e173000e-ec0a-44a3-afc0-889131a99fbf@group-1A41835926C4: shutdown
2023-12-05 10:05:48,641 [e173000e-ec0a-44a3-afc0-889131a99fbf@group-D97BFF1A6DA9-StateMachineUpdater] INFO  impl.StateMachineUpdater (StateMachineUpdater.java:takeSnapshot(295)) - e173000e-ec0a-44a3-afc0-889131a99fbf@group-D97BFF1A6DA9-StateMachineUpdater: Took a snapshot at index 0
2023-12-05 10:05:48,641 [e173000e-ec0a-44a3-afc0-889131a99fbf-impl-thread2] INFO  util.JmxRegister (JmxRegister.java:unregister(73)) - Successfully un-registered JMX Bean with object name Ratis:service=RaftServer,group=group-1A41835926C4,id=e173000e-ec0a-44a3-afc0-889131a99fbf
2023-12-05 10:05:48,641 [e173000e-ec0a-44a3-afc0-889131a99fbf-impl-thread2] INFO  impl.RoleInfo (RoleInfo.java:shutdownFollowerState(110)) - e173000e-ec0a-44a3-afc0-889131a99fbf: shutdown e173000e-ec0a-44a3-afc0-889131a99fbf@group-1A41835926C4-FollowerState
2023-12-05 10:05:48,641 [e173000e-ec0a-44a3-afc0-889131a99fbf-impl-thread2] INFO  impl.StateMachineUpdater (StateMachineUpdater.java:stopAndJoin(157)) - e173000e-ec0a-44a3-afc0-889131a99fbf@group-1A41835926C4-StateMachineUpdater: set stopIndex = -1
2023-12-05 10:05:48,641 [e173000e-ec0a-44a3-afc0-889131a99fbf@group-D97BFF1A6DA9-StateMachineUpdater] INFO  impl.StateMachineUpdater (StateMachineUpdater.java:lambda$new$0(98)) - e173000e-ec0a-44a3-afc0-889131a99fbf@group-D97BFF1A6DA9-StateMachineUpdater: snapshotIndex: updateIncreasingly -1 -> 0
2023-12-05 10:05:48,645 [e173000e-ec0a-44a3-afc0-889131a99fbf-impl-thread1] INFO  server.RaftServer$Division (ServerState.java:close(423)) - e173000e-ec0a-44a3-afc0-889131a99fbf@group-D97BFF1A6DA9: applyIndex: 0
2023-12-05 10:05:48,645 [grpc-default-executor-1] INFO  server.GrpcLogAppender (GrpcLogAppender.java:onCompleted(469)) - 51001832-6223-4e01-9f82-66e4e6dc013b@group-1A41835926C4->91a75bad-db25-440f-8a5d-0b0b19abc853-AppendLogResponseHandler: follower responses appendEntries COMPLETED
2023-12-05 10:05:48,645 [e173000e-ec0a-44a3-afc0-889131a99fbf@group-D97BFF1A6DA9-cacheEviction-AwaitToRun] INFO  util.AwaitToRun (AwaitToRun.java:run(49)) - e173000e-ec0a-44a3-afc0-889131a99fbf@group-D97BFF1A6DA9-cacheEviction-AwaitToRun-AwaitForSignal is interrupted
2023-12-05 10:05:48,645 [grpc-default-executor-1] WARN  server.GrpcLogAppender (GrpcLogAppender.java:resetClient(149)) - 51001832-6223-4e01-9f82-66e4e6dc013b@group-1A41835926C4->91a75bad-db25-440f-8a5d-0b0b19abc853-GrpcLogAppender: Failed to getClient for 91a75bad-db25-440f-8a5d-0b0b19abc853
org.apache.ratis.protocol.exceptions.AlreadyClosedException: 51001832-6223-4e01-9f82-66e4e6dc013b is already CLOSED
	at org.apache.ratis.util.PeerProxyMap$PeerAndProxy.getProxy(PeerProxyMap.java:61)
	at org.apache.ratis.util.PeerProxyMap.getProxy(PeerProxyMap.java:110)
	at org.apache.ratis.grpc.server.GrpcLogAppender.getClient(GrpcLogAppender.java:121)
	at org.apache.ratis.grpc.server.GrpcLogAppender.resetClient(GrpcLogAppender.java:126)
	at org.apache.ratis.grpc.server.GrpcLogAppender.access$800(GrpcLogAppender.java:61)
	at org.apache.ratis.grpc.server.GrpcLogAppender$AppendLogResponseHandler.onCompleted(GrpcLogAppender.java:471)
	at org.apache.ratis.thirdparty.io.grpc.stub.ClientCalls$StreamObserverToCallListenerAdapter.onClose(ClientCalls.java:479)
	at org.apache.ratis.thirdparty.io.grpc.internal.DelayedClientCall$DelayedListener$3.run(DelayedClientCall.java:489)
	at org.apache.ratis.thirdparty.io.grpc.internal.DelayedClientCall$DelayedListener.delayOrExecute(DelayedClientCall.java:453)
	at org.apache.ratis.thirdparty.io.grpc.internal.DelayedClientCall$DelayedListener.onClose(DelayedClientCall.java:486)
	at org.apache.ratis.thirdparty.io.grpc.internal.ClientCallImpl.closeObserver(ClientCallImpl.java:567)
	at org.apache.ratis.thirdparty.io.grpc.internal.ClientCallImpl.access$300(ClientCallImpl.java:71)
	at org.apache.ratis.thirdparty.io.grpc.internal.ClientCallImpl$ClientStreamListenerImpl$1StreamClosed.runInternal(ClientCallImpl.java:735)
	at org.apache.ratis.thirdparty.io.grpc.internal.ClientCallImpl$ClientStreamListenerImpl$1StreamClosed.runInContext(ClientCallImpl.java:716)
	at org.apache.ratis.thirdparty.io.grpc.internal.ContextRunnable.run(ContextRunnable.java:37)
	at org.apache.ratis.thirdparty.io.grpc.internal.SerializingExecutor.run(SerializingExecutor.java:133)
	at java.util.concurrent.ThreadPoolExecutor.runWorker(ThreadPoolExecutor.java:1149)
	at java.util.concurrent.ThreadPoolExecutor$Worker.run(ThreadPoolExecutor.java:624)
	at java.lang.Thread.run(Thread.java:750)
2023-12-05 10:05:48,645 [e173000e-ec0a-44a3-afc0-889131a99fbf-impl-thread2] INFO  server.RaftServer$Division (ServerState.java:close(423)) - e173000e-ec0a-44a3-afc0-889131a99fbf@group-1A41835926C4: applyIndex: -1
2023-12-05 10:05:48,643 [grpc-default-executor-3] INFO  server.GrpcLogAppender (GrpcLogAppender.java:onCompleted(469)) - 51001832-6223-4e01-9f82-66e4e6dc013b@group-1A41835926C4->e173000e-ec0a-44a3-afc0-889131a99fbf-AppendLogResponseHandler: follower responses appendEntries COMPLETED
2023-12-05 10:05:48,646 [grpc-default-executor-3] WARN  server.GrpcLogAppender (GrpcLogAppender.java:resetClient(149)) - 51001832-6223-4e01-9f82-66e4e6dc013b@group-1A41835926C4->e173000e-ec0a-44a3-afc0-889131a99fbf-GrpcLogAppender: Failed to getClient for e173000e-ec0a-44a3-afc0-889131a99fbf
org.apache.ratis.protocol.exceptions.AlreadyClosedException: 51001832-6223-4e01-9f82-66e4e6dc013b is already CLOSED
	at org.apache.ratis.util.PeerProxyMap$PeerAndProxy.getProxy(PeerProxyMap.java:61)
	at org.apache.ratis.util.PeerProxyMap.getProxy(PeerProxyMap.java:110)
	at org.apache.ratis.grpc.server.GrpcLogAppender.getClient(GrpcLogAppender.java:121)
	at org.apache.ratis.grpc.server.GrpcLogAppender.resetClient(GrpcLogAppender.java:126)
	at org.apache.ratis.grpc.server.GrpcLogAppender.access$800(GrpcLogAppender.java:61)
	at org.apache.ratis.grpc.server.GrpcLogAppender$AppendLogResponseHandler.onCompleted(GrpcLogAppender.java:471)
	at org.apache.ratis.thirdparty.io.grpc.stub.ClientCalls$StreamObserverToCallListenerAdapter.onClose(ClientCalls.java:479)
	at org.apache.ratis.thirdparty.io.grpc.internal.ClientCallImpl.closeObserver(ClientCallImpl.java:567)
	at org.apache.ratis.thirdparty.io.grpc.internal.ClientCallImpl.access$300(ClientCallImpl.java:71)
	at org.apache.ratis.thirdparty.io.grpc.internal.ClientCallImpl$ClientStreamListenerImpl$1StreamClosed.runInternal(ClientCallImpl.java:735)
	at org.apache.ratis.thirdparty.io.grpc.internal.ClientCallImpl$ClientStreamListenerImpl$1StreamClosed.runInContext(ClientCallImpl.java:716)
	at org.apache.ratis.thirdparty.io.grpc.internal.ContextRunnable.run(ContextRunnable.java:37)
	at org.apache.ratis.thirdparty.io.grpc.internal.SerializingExecutor.run(SerializingExecutor.java:133)
	at java.util.concurrent.ThreadPoolExecutor.runWorker(ThreadPoolExecutor.java:1149)
	at java.util.concurrent.ThreadPoolExecutor$Worker.run(ThreadPoolExecutor.java:624)
	at java.lang.Thread.run(Thread.java:750)
2023-12-05 10:05:48,642 [e173000e-ec0a-44a3-afc0-889131a99fbf@group-1A41835926C4-FollowerState] INFO  impl.FollowerState (FollowerState.java:run(152)) - e173000e-ec0a-44a3-afc0-889131a99fbf@group-1A41835926C4-FollowerState was interrupted
2023-12-05 10:05:48,646 [ForkJoinPool.commonPool-worker-1] INFO  server.GrpcService (GrpcService.java:closeImpl(320)) - 91a75bad-db25-440f-8a5d-0b0b19abc853: shutdown server org.apache.ratis.grpc.server.GrpcClientProtocolService successfully
2023-12-05 10:05:48,646 [main] INFO  server.GrpcService (GrpcService.java:closeImpl(320)) - e173000e-ec0a-44a3-afc0-889131a99fbf: shutdown server org.apache.ratis.grpc.server.GrpcClientProtocolService successfully
2023-12-05 10:05:48,648 [main] INFO  server.GrpcService (GrpcService.java:closeImpl(311)) - e173000e-ec0a-44a3-afc0-889131a99fbf: shutdown server GrpcServerProtocolService now
2023-12-05 10:05:48,646 [ForkJoinPool.commonPool-worker-1] INFO  server.GrpcService (GrpcService.java:closeImpl(311)) - 91a75bad-db25-440f-8a5d-0b0b19abc853: shutdown server GrpcServerProtocolService now
2023-12-05 10:05:48,648 [e173000e-ec0a-44a3-afc0-889131a99fbf@group-1A41835926C4-cacheEviction-AwaitToRun] INFO  util.AwaitToRun (AwaitToRun.java:run(49)) - e173000e-ec0a-44a3-afc0-889131a99fbf@group-1A41835926C4-cacheEviction-AwaitToRun-AwaitForSignal is interrupted
2023-12-05 10:05:48,652 [main] INFO  server.GrpcService (GrpcService.java:closeImpl(320)) - e173000e-ec0a-44a3-afc0-889131a99fbf: shutdown server GrpcServerProtocolService successfully
2023-12-05 10:05:48,652 [main] INFO  server.GrpcService (GrpcService.java:closeImpl(311)) - e173000e-ec0a-44a3-afc0-889131a99fbf: shutdown server org.apache.ratis.grpc.server.GrpcAdminProtocolService now
2023-12-05 10:05:48,652 [ForkJoinPool.commonPool-worker-0] INFO  server.GrpcService (GrpcService.java:closeImpl(320)) - 51001832-6223-4e01-9f82-66e4e6dc013b: shutdown server org.apache.ratis.grpc.server.GrpcClientProtocolService successfully
2023-12-05 10:05:48,653 [ForkJoinPool.commonPool-worker-0] INFO  server.GrpcService (GrpcService.java:closeImpl(311)) - 51001832-6223-4e01-9f82-66e4e6dc013b: shutdown server GrpcServerProtocolService now
2023-12-05 10:05:48,656 [ForkJoinPool.commonPool-worker-1] INFO  server.GrpcService (GrpcService.java:closeImpl(320)) - 91a75bad-db25-440f-8a5d-0b0b19abc853: shutdown server GrpcServerProtocolService successfully
2023-12-05 10:05:48,656 [ForkJoinPool.commonPool-worker-1] INFO  server.GrpcService (GrpcService.java:closeImpl(311)) - 91a75bad-db25-440f-8a5d-0b0b19abc853: shutdown server org.apache.ratis.grpc.server.GrpcAdminProtocolService now
2023-12-05 10:05:48,656 [main] INFO  server.GrpcService (GrpcService.java:closeImpl(320)) - e173000e-ec0a-44a3-afc0-889131a99fbf: shutdown server org.apache.ratis.grpc.server.GrpcAdminProtocolService successfully
2023-12-05 10:05:48,656 [e173000e-ec0a-44a3-afc0-889131a99fbf-NettyServerStreamRpc-bossGroup--thread1] INFO  logging.LoggingHandler (AbstractInternalLogger.java:log(148)) - [id: 0x9b428058, L:/0.0.0.0:15164] CLOSE
2023-12-05 10:05:48,657 [e173000e-ec0a-44a3-afc0-889131a99fbf-NettyServerStreamRpc-bossGroup--thread1] INFO  logging.LoggingHandler (AbstractInternalLogger.java:log(148)) - [id: 0x9b428058, L:/0.0.0.0:15164] INACTIVE
2023-12-05 10:05:48,657 [e173000e-ec0a-44a3-afc0-889131a99fbf-NettyServerStreamRpc-bossGroup--thread1] INFO  logging.LoggingHandler (AbstractInternalLogger.java:log(148)) - [id: 0x9b428058, L:/0.0.0.0:15164] UNREGISTERED
2023-12-05 10:05:48,660 [ForkJoinPool.commonPool-worker-0] INFO  server.GrpcService (GrpcService.java:closeImpl(320)) - 51001832-6223-4e01-9f82-66e4e6dc013b: shutdown server GrpcServerProtocolService successfully
2023-12-05 10:05:48,660 [ForkJoinPool.commonPool-worker-0] INFO  server.GrpcService (GrpcService.java:closeImpl(311)) - 51001832-6223-4e01-9f82-66e4e6dc013b: shutdown server org.apache.ratis.grpc.server.GrpcAdminProtocolService now
2023-12-05 10:05:48,674 [ForkJoinPool.commonPool-worker-1] INFO  server.GrpcService (GrpcService.java:closeImpl(320)) - 91a75bad-db25-440f-8a5d-0b0b19abc853: shutdown server org.apache.ratis.grpc.server.GrpcAdminProtocolService successfully
2023-12-05 10:05:48,675 [91a75bad-db25-440f-8a5d-0b0b19abc853-NettyServerStreamRpc-bossGroup--thread1] INFO  logging.LoggingHandler (AbstractInternalLogger.java:log(148)) - [id: 0xcf011978, L:/0.0.0.0:15155] CLOSE
2023-12-05 10:05:48,675 [91a75bad-db25-440f-8a5d-0b0b19abc853-NettyServerStreamRpc-bossGroup--thread1] INFO  logging.LoggingHandler (AbstractInternalLogger.java:log(148)) - [id: 0xcf011978, L:/0.0.0.0:15155] INACTIVE
2023-12-05 10:05:48,675 [91a75bad-db25-440f-8a5d-0b0b19abc853-NettyServerStreamRpc-bossGroup--thread1] INFO  logging.LoggingHandler (AbstractInternalLogger.java:log(148)) - [id: 0xcf011978, L:/0.0.0.0:15155] UNREGISTERED
2023-12-05 10:05:48,683 [ForkJoinPool.commonPool-worker-0] INFO  server.GrpcService (GrpcService.java:closeImpl(320)) - 51001832-6223-4e01-9f82-66e4e6dc013b: shutdown server org.apache.ratis.grpc.server.GrpcAdminProtocolService successfully
2023-12-05 10:05:48,683 [51001832-6223-4e01-9f82-66e4e6dc013b-NettyServerStreamRpc-bossGroup--thread1] INFO  logging.LoggingHandler (AbstractInternalLogger.java:log(148)) - [id: 0xfbcbac48, L:/0.0.0.0:15173] CLOSE
2023-12-05 10:05:48,683 [51001832-6223-4e01-9f82-66e4e6dc013b-NettyServerStreamRpc-bossGroup--thread1] INFO  logging.LoggingHandler (AbstractInternalLogger.java:log(148)) - [id: 0xfbcbac48, L:/0.0.0.0:15173] INACTIVE
2023-12-05 10:05:48,683 [51001832-6223-4e01-9f82-66e4e6dc013b-NettyServerStreamRpc-bossGroup--thread1] INFO  logging.LoggingHandler (AbstractInternalLogger.java:log(148)) - [id: 0xfbcbac48, L:/0.0.0.0:15173] UNREGISTERED
2023-12-05 10:05:48,739 [91a75bad-db25-440f-8a5d-0b0b19abc853-impl-thread1] INFO  segmented.SegmentedRaftLogWorker (SegmentedRaftLogWorker.java:close(243)) - 91a75bad-db25-440f-8a5d-0b0b19abc853@group-F3E0629BE60C-SegmentedRaftLogWorker close()
2023-12-05 10:05:48,788 [51001832-6223-4e01-9f82-66e4e6dc013b-impl-thread2] INFO  segmented.SegmentedRaftLogWorker (SegmentedRaftLogWorker.java:close(243)) - 51001832-6223-4e01-9f82-66e4e6dc013b@group-1A41835926C4-SegmentedRaftLogWorker close()
2023-12-05 10:05:48,818 [e173000e-ec0a-44a3-afc0-889131a99fbf-impl-thread2] INFO  segmented.SegmentedRaftLogWorker (SegmentedRaftLogWorker.java:close(243)) - e173000e-ec0a-44a3-afc0-889131a99fbf@group-1A41835926C4-SegmentedRaftLogWorker close()
2023-12-05 10:05:48,818 [91a75bad-db25-440f-8a5d-0b0b19abc853-impl-thread2] INFO  segmented.SegmentedRaftLogWorker (SegmentedRaftLogWorker.java:close(243)) - 91a75bad-db25-440f-8a5d-0b0b19abc853@group-1A41835926C4-SegmentedRaftLogWorker close()
2023-12-05 10:05:48,819 [JvmPauseMonitor23] INFO  util.JvmPauseMonitor (JvmPauseMonitor.java:run(152)) - JvmPauseMonitor-91a75bad-db25-440f-8a5d-0b0b19abc853: Stopped
2023-12-05 10:05:48,827 [e173000e-ec0a-44a3-afc0-889131a99fbf-impl-thread1] INFO  segmented.SegmentedRaftLogWorker (SegmentedRaftLogWorker.java:close(243)) - e173000e-ec0a-44a3-afc0-889131a99fbf@group-D97BFF1A6DA9-SegmentedRaftLogWorker close()
2023-12-05 10:05:48,828 [JvmPauseMonitor24] INFO  util.JvmPauseMonitor (JvmPauseMonitor.java:run(152)) - JvmPauseMonitor-e173000e-ec0a-44a3-afc0-889131a99fbf: Stopped
2023-12-05 10:05:48,836 [51001832-6223-4e01-9f82-66e4e6dc013b-impl-thread1] INFO  segmented.SegmentedRaftLogWorker (SegmentedRaftLogWorker.java:close(243)) - 51001832-6223-4e01-9f82-66e4e6dc013b@group-B7429489D930-SegmentedRaftLogWorker close()
2023-12-05 10:05:48,837 [JvmPauseMonitor25] INFO  util.JvmPauseMonitor (JvmPauseMonitor.java:run(152)) - JvmPauseMonitor-51001832-6223-4e01-9f82-66e4e6dc013b: Stopped
2023-12-05 10:05:50,822 [ForkJoinPool.commonPool-worker-1] INFO  utils.DatanodeStoreCache (DatanodeStoreCache.java:shutdownCache(110)) - Skip clearing cache in mini cluster mode. Entries left: [/home/runner/work/ozone/ozone/hadoop-ozone/integration-test/target/test-dir/MiniOzoneClusterImpl-2d7daef6-be11-494e-bdf1-1c9d25d68037/datanode-0/data-0/containers/hdds/2d7daef6-be11-494e-bdf1-1c9d25d68037/DS-2b7dbe43-a800-4fb4-a00c-78de3348e0a2/container.db, /home/runner/work/ozone/ozone/hadoop-ozone/integration-test/target/test-dir/MiniOzoneClusterImpl-2d7daef6-be11-494e-bdf1-1c9d25d68037/datanode-1/data-0/containers/hdds/2d7daef6-be11-494e-bdf1-1c9d25d68037/DS-57fa7390-6d53-472e-8276-4b44099635d5/container.db, /home/runner/work/ozone/ozone/hadoop-ozone/integration-test/target/test-dir/MiniOzoneClusterImpl-2d7daef6-be11-494e-bdf1-1c9d25d68037/datanode-2/data-0/containers/hdds/2d7daef6-be11-494e-bdf1-1c9d25d68037/DS-8560098f-45ad-41b8-b602-ebc585973efb/container.db]
2023-12-05 10:05:50,824 [ForkJoinPool.commonPool-worker-1] INFO  utils.DatanodeStoreCache (DatanodeStoreCache.java:removeDB(104)) - Removed db /home/runner/work/ozone/ozone/hadoop-ozone/integration-test/target/test-dir/MiniOzoneClusterImpl-2d7daef6-be11-494e-bdf1-1c9d25d68037/datanode-0/data-0/containers/hdds/2d7daef6-be11-494e-bdf1-1c9d25d68037/DS-2b7dbe43-a800-4fb4-a00c-78de3348e0a2/container.db from cache
2023-12-05 10:05:50,824 [ForkJoinPool.commonPool-worker-1] INFO  volume.HddsVolume (HddsVolume.java:closeDbStore(453)) - SchemaV3 db is stopped at /home/runner/work/ozone/ozone/hadoop-ozone/integration-test/target/test-dir/MiniOzoneClusterImpl-2d7daef6-be11-494e-bdf1-1c9d25d68037/datanode-0/data-0/containers/hdds/2d7daef6-be11-494e-bdf1-1c9d25d68037/DS-2b7dbe43-a800-4fb4-a00c-78de3348e0a2/container.db for volume DS-2b7dbe43-a800-4fb4-a00c-78de3348e0a2
2023-12-05 10:05:50,824 [ForkJoinPool.commonPool-worker-1] INFO  utils.BackgroundService (BackgroundService.java:shutdown(160)) - Shutting down service BlockDeletingService
2023-12-05 10:05:50,825 [ForkJoinPool.commonPool-worker-1] INFO  utils.BackgroundService (BackgroundService.java:shutdown(160)) - Shutting down service StaleRecoveringContainerScrubbingService
2023-12-05 10:05:50,825 [ForkJoinPool.commonPool-worker-1] INFO  statemachine.DatanodeStateMachine (DatanodeStateMachine.java:stopDaemon(638)) - Ozone container server stopped.
2023-12-05 10:05:50,827 [ForkJoinPool.commonPool-worker-1] INFO  handler.ContextHandler (ContextHandler.java:doStop(1159)) - Stopped o.e.j.w.WebAppContext@7e0d4ba1{hddsDatanode,/,null,STOPPED}{jar:file:/home/runner/.m2/repository/org/apache/ozone/hdds-container-service/1.4.0-SNAPSHOT/hdds-container-service-1.4.0-SNAPSHOT.jar!/webapps/hddsDatanode}
2023-12-05 10:05:50,827 [ForkJoinPool.commonPool-worker-1] INFO  server.AbstractConnector (AbstractConnector.java:doStop(383)) - Stopped ServerConnector@af644de{HTTP/1.1, (http/1.1)}{0.0.0.0:15149}
2023-12-05 10:05:50,827 [ForkJoinPool.commonPool-worker-1] INFO  server.session (HouseKeeper.java:stopScavenging(149)) - node0 Stopped scavenging
2023-12-05 10:05:50,828 [ForkJoinPool.commonPool-worker-1] INFO  handler.ContextHandler (ContextHandler.java:doStop(1159)) - Stopped o.e.j.s.ServletContextHandler@4cc394c0{static,/static,jar:file:/home/runner/.m2/repository/org/apache/ozone/hdds-container-service/1.4.0-SNAPSHOT/hdds-container-service-1.4.0-SNAPSHOT.jar!/webapps/static,STOPPED}
2023-12-05 10:05:50,828 [ForkJoinPool.commonPool-worker-1] INFO  handler.ContextHandler (ContextHandler.java:doStop(1159)) - Stopped o.e.j.s.ServletContextHandler@73cacff3{logs,/logs,file:///home/runner/work/ozone/ozone/hadoop-ozone/integration-test/target/log,STOPPED}
2023-12-05 10:05:50,829 [ForkJoinPool.commonPool-worker-1] INFO  ozone.HddsDatanodeClientProtocolServer (HddsDatanodeClientProtocolServer.java:stop(78)) - Stopping the RPC server for Client Protocol
2023-12-05 10:05:50,829 [ForkJoinPool.commonPool-worker-1] INFO  ipc.Server (Server.java:stop(3523)) - Stopping server on 15150
2023-12-05 10:05:50,830 [IPC Server listener on 15150] INFO  ipc.Server (Server.java:run(1434)) - Stopping IPC Server listener on 15150
2023-12-05 10:05:50,830 [IPC Server Responder] INFO  ipc.Server (Server.java:run(1567)) - Stopping IPC Server Responder
2023-12-05 10:05:50,830 [main] INFO  utils.DatanodeStoreCache (DatanodeStoreCache.java:shutdownCache(110)) - Skip clearing cache in mini cluster mode. Entries left: [/home/runner/work/ozone/ozone/hadoop-ozone/integration-test/target/test-dir/MiniOzoneClusterImpl-2d7daef6-be11-494e-bdf1-1c9d25d68037/datanode-1/data-0/containers/hdds/2d7daef6-be11-494e-bdf1-1c9d25d68037/DS-57fa7390-6d53-472e-8276-4b44099635d5/container.db, /home/runner/work/ozone/ozone/hadoop-ozone/integration-test/target/test-dir/MiniOzoneClusterImpl-2d7daef6-be11-494e-bdf1-1c9d25d68037/datanode-2/data-0/containers/hdds/2d7daef6-be11-494e-bdf1-1c9d25d68037/DS-8560098f-45ad-41b8-b602-ebc585973efb/container.db]
2023-12-05 10:05:50,831 [main] INFO  utils.DatanodeStoreCache (DatanodeStoreCache.java:removeDB(104)) - Removed db /home/runner/work/ozone/ozone/hadoop-ozone/integration-test/target/test-dir/MiniOzoneClusterImpl-2d7daef6-be11-494e-bdf1-1c9d25d68037/datanode-1/data-0/containers/hdds/2d7daef6-be11-494e-bdf1-1c9d25d68037/DS-57fa7390-6d53-472e-8276-4b44099635d5/container.db from cache
2023-12-05 10:05:50,831 [main] INFO  volume.HddsVolume (HddsVolume.java:closeDbStore(453)) - SchemaV3 db is stopped at /home/runner/work/ozone/ozone/hadoop-ozone/integration-test/target/test-dir/MiniOzoneClusterImpl-2d7daef6-be11-494e-bdf1-1c9d25d68037/datanode-1/data-0/containers/hdds/2d7daef6-be11-494e-bdf1-1c9d25d68037/DS-57fa7390-6d53-472e-8276-4b44099635d5/container.db for volume DS-57fa7390-6d53-472e-8276-4b44099635d5
2023-12-05 10:05:50,832 [main] INFO  utils.BackgroundService (BackgroundService.java:shutdown(160)) - Shutting down service BlockDeletingService
2023-12-05 10:05:50,832 [main] INFO  utils.BackgroundService (BackgroundService.java:shutdown(160)) - Shutting down service StaleRecoveringContainerScrubbingService
2023-12-05 10:05:50,836 [main] INFO  statemachine.DatanodeStateMachine (DatanodeStateMachine.java:stopDaemon(638)) - Ozone container server stopped.
2023-12-05 10:05:50,837 [main] INFO  handler.ContextHandler (ContextHandler.java:doStop(1159)) - Stopped o.e.j.w.WebAppContext@69587ec9{hddsDatanode,/,null,STOPPED}{jar:file:/home/runner/.m2/repository/org/apache/ozone/hdds-container-service/1.4.0-SNAPSHOT/hdds-container-service-1.4.0-SNAPSHOT.jar!/webapps/hddsDatanode}
2023-12-05 10:05:50,837 [main] INFO  server.AbstractConnector (AbstractConnector.java:doStop(383)) - Stopped ServerConnector@32c598fa{HTTP/1.1, (http/1.1)}{0.0.0.0:15158}
2023-12-05 10:05:50,838 [main] INFO  server.session (HouseKeeper.java:stopScavenging(149)) - node0 Stopped scavenging
2023-12-05 10:05:50,838 [main] INFO  handler.ContextHandler (ContextHandler.java:doStop(1159)) - Stopped o.e.j.s.ServletContextHandler@67c784a6{static,/static,jar:file:/home/runner/.m2/repository/org/apache/ozone/hdds-container-service/1.4.0-SNAPSHOT/hdds-container-service-1.4.0-SNAPSHOT.jar!/webapps/static,STOPPED}
2023-12-05 10:05:50,838 [main] INFO  handler.ContextHandler (ContextHandler.java:doStop(1159)) - Stopped o.e.j.s.ServletContextHandler@1c2a359{logs,/logs,file:///home/runner/work/ozone/ozone/hadoop-ozone/integration-test/target/log,STOPPED}
2023-12-05 10:05:50,839 [main] INFO  ozone.HddsDatanodeClientProtocolServer (HddsDatanodeClientProtocolServer.java:stop(78)) - Stopping the RPC server for Client Protocol
2023-12-05 10:05:50,839 [main] INFO  ipc.Server (Server.java:stop(3523)) - Stopping server on 15159
2023-12-05 10:05:50,840 [IPC Server listener on 15159] INFO  ipc.Server (Server.java:run(1434)) - Stopping IPC Server listener on 15159
2023-12-05 10:05:50,840 [IPC Server Responder] INFO  ipc.Server (Server.java:run(1567)) - Stopping IPC Server Responder
2023-12-05 10:05:50,840 [ForkJoinPool.commonPool-worker-0] INFO  utils.DatanodeStoreCache (DatanodeStoreCache.java:shutdownCache(110)) - Skip clearing cache in mini cluster mode. Entries left: [/home/runner/work/ozone/ozone/hadoop-ozone/integration-test/target/test-dir/MiniOzoneClusterImpl-2d7daef6-be11-494e-bdf1-1c9d25d68037/datanode-2/data-0/containers/hdds/2d7daef6-be11-494e-bdf1-1c9d25d68037/DS-8560098f-45ad-41b8-b602-ebc585973efb/container.db]
2023-12-05 10:05:50,841 [ForkJoinPool.commonPool-worker-0] INFO  utils.DatanodeStoreCache (DatanodeStoreCache.java:removeDB(104)) - Removed db /home/runner/work/ozone/ozone/hadoop-ozone/integration-test/target/test-dir/MiniOzoneClusterImpl-2d7daef6-be11-494e-bdf1-1c9d25d68037/datanode-2/data-0/containers/hdds/2d7daef6-be11-494e-bdf1-1c9d25d68037/DS-8560098f-45ad-41b8-b602-ebc585973efb/container.db from cache
2023-12-05 10:05:50,841 [ForkJoinPool.commonPool-worker-0] INFO  volume.HddsVolume (HddsVolume.java:closeDbStore(453)) - SchemaV3 db is stopped at /home/runner/work/ozone/ozone/hadoop-ozone/integration-test/target/test-dir/MiniOzoneClusterImpl-2d7daef6-be11-494e-bdf1-1c9d25d68037/datanode-2/data-0/containers/hdds/2d7daef6-be11-494e-bdf1-1c9d25d68037/DS-8560098f-45ad-41b8-b602-ebc585973efb/container.db for volume DS-8560098f-45ad-41b8-b602-ebc585973efb
2023-12-05 10:05:50,842 [ForkJoinPool.commonPool-worker-0] INFO  utils.BackgroundService (BackgroundService.java:shutdown(160)) - Shutting down service BlockDeletingService
2023-12-05 10:05:50,842 [ForkJoinPool.commonPool-worker-0] INFO  utils.BackgroundService (BackgroundService.java:shutdown(160)) - Shutting down service StaleRecoveringContainerScrubbingService
2023-12-05 10:05:50,843 [ForkJoinPool.commonPool-worker-0] INFO  statemachine.DatanodeStateMachine (DatanodeStateMachine.java:stopDaemon(638)) - Ozone container server stopped.
2023-12-05 10:05:50,844 [ForkJoinPool.commonPool-worker-0] INFO  handler.ContextHandler (ContextHandler.java:doStop(1159)) - Stopped o.e.j.w.WebAppContext@47c07998{hddsDatanode,/,null,STOPPED}{jar:file:/home/runner/.m2/repository/org/apache/ozone/hdds-container-service/1.4.0-SNAPSHOT/hdds-container-service-1.4.0-SNAPSHOT.jar!/webapps/hddsDatanode}
2023-12-05 10:05:50,845 [ForkJoinPool.commonPool-worker-0] INFO  server.AbstractConnector (AbstractConnector.java:doStop(383)) - Stopped ServerConnector@5e3979b9{HTTP/1.1, (http/1.1)}{0.0.0.0:15167}
2023-12-05 10:05:50,845 [ForkJoinPool.commonPool-worker-0] INFO  server.session (HouseKeeper.java:stopScavenging(149)) - node0 Stopped scavenging
2023-12-05 10:05:50,845 [ForkJoinPool.commonPool-worker-0] INFO  handler.ContextHandler (ContextHandler.java:doStop(1159)) - Stopped o.e.j.s.ServletContextHandler@2c94770{static,/static,jar:file:/home/runner/.m2/repository/org/apache/ozone/hdds-container-service/1.4.0-SNAPSHOT/hdds-container-service-1.4.0-SNAPSHOT.jar!/webapps/static,STOPPED}
2023-12-05 10:05:50,846 [ForkJoinPool.commonPool-worker-0] INFO  handler.ContextHandler (ContextHandler.java:doStop(1159)) - Stopped o.e.j.s.ServletContextHandler@781111d5{logs,/logs,file:///home/runner/work/ozone/ozone/hadoop-ozone/integration-test/target/log,STOPPED}
2023-12-05 10:05:50,846 [ForkJoinPool.commonPool-worker-0] INFO  ozone.HddsDatanodeClientProtocolServer (HddsDatanodeClientProtocolServer.java:stop(78)) - Stopping the RPC server for Client Protocol
2023-12-05 10:05:50,846 [ForkJoinPool.commonPool-worker-0] INFO  ipc.Server (Server.java:stop(3523)) - Stopping server on 15168
2023-12-05 10:05:50,847 [IPC Server listener on 15168] INFO  ipc.Server (Server.java:run(1434)) - Stopping IPC Server listener on 15168
2023-12-05 10:05:50,847 [IPC Server Responder] INFO  ipc.Server (Server.java:run(1567)) - Stopping IPC Server Responder
2023-12-05 10:05:50,847 [main] INFO  ozone.MiniOzoneClusterImpl (MiniOzoneClusterImpl.java:stopSCM(551)) - Stopping the StorageContainerManager
2023-12-05 10:05:50,847 [main] INFO  server.StorageContainerManager (StorageContainerManager.java:stop(1620)) - Container Balancer is not running.
2023-12-05 10:05:50,848 [main] INFO  server.StorageContainerManager (StorageContainerManager.java:stopReplicationManager(1753)) - Stopping Replication Manager Service.
2023-12-05 10:05:50,848 [main] INFO  replication.ReplicationManager (ReplicationManager.java:stop(324)) - Stopping Replication Monitor Thread.
2023-12-05 10:05:50,848 [main] INFO  server.StorageContainerManager (StorageContainerManager.java:stop(1629)) - Stopping the Datanode Admin Monitor.
2023-12-05 10:05:50,848 [OverReplicatedProcessor] WARN  replication.UnhealthyReplicationProcessor (UnhealthyReplicationProcessor.java:run(180)) - OverReplicatedProcessor interrupted. Exiting...
2023-12-05 10:05:50,848 [ReplicationMonitor] INFO  replication.ReplicationManager (ReplicationManager.java:run(931)) - Replication Monitor Thread is stopped
2023-12-05 10:05:50,848 [UnderReplicatedProcessor] WARN  replication.UnhealthyReplicationProcessor (UnhealthyReplicationProcessor.java:run(180)) - UnderReplicatedProcessor interrupted. Exiting...
2023-12-05 10:05:50,848 [main] INFO  server.StorageContainerManager (StorageContainerManager.java:stop(1636)) - Stopping datanode service RPC server
2023-12-05 10:05:50,849 [main] INFO  server.SCMDatanodeProtocolServer (SCMDatanodeProtocolServer.java:stop(424)) - Stopping the RPC server for DataNodes
2023-12-05 10:05:50,849 [main] INFO  ipc.Server (Server.java:stop(3523)) - Stopping server on 15142
2023-12-05 10:05:50,850 [IPC Server listener on 15142] INFO  ipc.Server (Server.java:run(1434)) - Stopping IPC Server listener on 15142
2023-12-05 10:05:50,850 [IPC Server Responder] INFO  ipc.Server (Server.java:run(1567)) - Stopping IPC Server Responder
2023-12-05 10:05:50,922 [SCMHeartbeatProcessor-0] WARN  node.NodeStateManager (NodeStateManager.java:scheduleNextHealthCheck(878)) - Current Thread is interrupted, shutting down HB processing thread for Node Manager.
2023-12-05 10:05:50,922 [main] INFO  server.StorageContainerManager (StorageContainerManager.java:stop(1644)) - Stopping block service RPC server
2023-12-05 10:05:50,923 [main] INFO  server.SCMBlockProtocolServer (SCMBlockProtocolServer.java:stop(167)) - Stopping the RPC server for Block Protocol
2023-12-05 10:05:50,923 [main] INFO  ipc.Server (Server.java:stop(3523)) - Stopping server on 15141
2023-12-05 10:05:50,924 [IPC Server listener on 15141] INFO  ipc.Server (Server.java:run(1434)) - Stopping IPC Server listener on 15141
2023-12-05 10:05:50,924 [IPC Server Responder] INFO  ipc.Server (Server.java:run(1567)) - Stopping IPC Server Responder
2023-12-05 10:05:50,925 [main] INFO  server.StorageContainerManager (StorageContainerManager.java:stop(1651)) - Stopping the StorageContainerLocationProtocol RPC server
2023-12-05 10:05:50,925 [main] INFO  server.SCMClientProtocolServer (SCMClientProtocolServer.java:stop(210)) - Stopping the RPC server for Client Protocol
2023-12-05 10:05:50,925 [main] INFO  ipc.Server (Server.java:stop(3523)) - Stopping server on 15140
2023-12-05 10:05:50,926 [IPC Server listener on 15140] INFO  ipc.Server (Server.java:run(1434)) - Stopping IPC Server listener on 15140
2023-12-05 10:05:50,926 [IPC Server Responder] INFO  ipc.Server (Server.java:run(1567)) - Stopping IPC Server Responder
2023-12-05 10:05:50,926 [main] INFO  server.StorageContainerManager (StorageContainerManager.java:stop(1658)) - Stopping Storage Container Manager HTTP server.
2023-12-05 10:05:50,927 [main] INFO  handler.ContextHandler (ContextHandler.java:doStop(1159)) - Stopped o.e.j.w.WebAppContext@612f5bee{scm,/,null,STOPPED}{file:/home/runner/work/ozone/ozone/hadoop-ozone/integration-test/target/test-classes/webapps/scm}
2023-12-05 10:05:50,928 [main] INFO  server.AbstractConnector (AbstractConnector.java:doStop(383)) - Stopped ServerConnector@72b06c51{HTTP/1.1, (http/1.1)}{0.0.0.0:15143}
2023-12-05 10:05:50,928 [main] INFO  server.session (HouseKeeper.java:stopScavenging(149)) - node0 Stopped scavenging
2023-12-05 10:05:50,928 [main] INFO  handler.ContextHandler (ContextHandler.java:doStop(1159)) - Stopped o.e.j.s.ServletContextHandler@3b5dd166{static,/static,file:///home/runner/work/ozone/ozone/hadoop-ozone/integration-test/target/test-classes/webapps/static,STOPPED}
2023-12-05 10:05:50,928 [main] INFO  handler.ContextHandler (ContextHandler.java:doStop(1159)) - Stopped o.e.j.s.ServletContextHandler@3d54a384{logs,/logs,file:///home/runner/work/ozone/ozone/hadoop-ozone/integration-test/target/log,STOPPED}
2023-12-05 10:05:50,929 [main] INFO  server.StorageContainerManager (StorageContainerManager.java:stop(1666)) - Stopping SCM LayoutVersionManager Service.
2023-12-05 10:05:50,929 [main] INFO  server.StorageContainerManager (StorageContainerManager.java:stop(1678)) - Stopping Block Manager Service.
2023-12-05 10:05:50,929 [main] INFO  utils.BackgroundService (BackgroundService.java:shutdown(160)) - Shutting down service SCMBlockDeletingService
2023-12-05 10:05:50,929 [main] INFO  utils.BackgroundService (BackgroundService.java:shutdown(160)) - Shutting down service SCMBlockDeletingService
2023-12-05 10:05:50,929 [main] INFO  server.StorageContainerManager (StorageContainerManager.java:stop(1698)) - Stopping SCM Event Queue.
2023-12-05 10:05:50,930 [JvmPauseMonitor21] INFO  util.JvmPauseMonitor (JvmPauseMonitor.java:run(152)) - JvmPauseMonitor-aecbf140-eb4d-44dd-ae14-36ba70e91b13: Stopped
2023-12-05 10:05:50,930 [main] INFO  server.StorageContainerManager (StorageContainerManager.java:stop(1709)) - Stopping SCM HA services.
2023-12-05 10:05:50,930 [main] INFO  pipeline.BackgroundPipelineCreator (BackgroundPipelineCreator.java:stop(152)) - Stopping RatisPipelineUtilsThread.
2023-12-05 10:05:50,930 [RatisPipelineUtilsThread-0] WARN  pipeline.BackgroundPipelineCreator (BackgroundPipelineCreator.java:run(183)) - RatisPipelineUtilsThread is interrupted.
2023-12-05 10:05:50,930 [main] INFO  BackgroundPipelineScrubber (BackgroundSCMService.java:stop(131)) - Stopping BackgroundPipelineScrubber Service.
2023-12-05 10:05:50,931 [BackgroundPipelineScrubber] WARN  BackgroundPipelineScrubber (BackgroundSCMService.java:run(115)) - BackgroundPipelineScrubber is interrupted, exit
2023-12-05 10:05:50,931 [main] INFO  impl.MetricsSystemImpl (MetricsSystemImpl.java:stop(210)) - Stopping HddsDatanode metrics system...
2023-12-05 10:05:50,932 [prometheus] INFO  impl.MetricsSinkAdapter (MetricsSinkAdapter.java:publishMetricsFromQueue(141)) - prometheus thread interrupted.
2023-12-05 10:05:50,932 [main] INFO  impl.MetricsSystemImpl (MetricsSystemImpl.java:stop(216)) - HddsDatanode metrics system stopped.
2023-12-05 10:05:50,932 [main] WARN  pipeline.BackgroundPipelineCreator (BackgroundPipelineCreator.java:stop(148)) - RatisPipelineUtilsThread is not running, just ignore.
2023-12-05 10:05:50,933 [main] INFO  BackgroundPipelineScrubber (BackgroundSCMService.java:stop(126)) - BackgroundPipelineScrubber Service is not running, skip stop.
2023-12-05 10:05:50,933 [main] INFO  ExpiredContainerReplicaOpScrubber (BackgroundSCMService.java:stop(131)) - Stopping ExpiredContainerReplicaOpScrubber Service.
2023-12-05 10:05:50,933 [main] INFO  utils.BackgroundService (BackgroundService.java:shutdown(160)) - Shutting down service SCMBlockDeletingService
2023-12-05 10:05:50,933 [main] INFO  replication.ReplicationManager (ReplicationManager.java:stop(334)) - Replication Monitor Thread is not running.
2023-12-05 10:05:50,933 [main] WARN  balancer.ContainerBalancer (ContainerBalancer.java:stop(327)) - Cannot stop Container Balancer because it's not running or stopping
2023-12-05 10:05:50,933 [LeaseManager#LeaseMonitor] WARN  lease.LeaseManager (LeaseManager.java:run(287)) - Lease manager is interrupted. Shutting down...
java.lang.InterruptedException
	at java.util.concurrent.locks.AbstractQueuedSynchronizer.doAcquireSharedNanos(AbstractQueuedSynchronizer.java:1039)
	at java.util.concurrent.locks.AbstractQueuedSynchronizer.tryAcquireSharedNanos(AbstractQueuedSynchronizer.java:1328)
	at java.util.concurrent.Semaphore.tryAcquire(Semaphore.java:409)
	at org.apache.hadoop.ozone.lease.LeaseManager$LeaseMonitor.run(LeaseManager.java:285)
	at java.lang.Thread.run(Thread.java:750)
2023-12-05 10:05:50,933 [main] INFO  server.StorageContainerManager (StorageContainerManager.java:stop(1744)) - Stopping SCM MetadataStore.
2023-12-05 10:05:50,934 [ExpiredContainerReplicaOpScrubber] WARN  ExpiredContainerReplicaOpScrubber (BackgroundSCMService.java:run(115)) - ExpiredContainerReplicaOpScrubber is interrupted, exit
2023-12-05 10:05:50,948 [main] INFO  db.CodecTestUtil (CodecTestUtil.java:gc(47)) - gc 0
]]></system-out>
  </testcase>
  <testcase name="testAllocateContainer" classname="org.apache.hadoop.hdds.scm.container.TestContainerStateManagerIntegration" time="16.391">
    <system-out><![CDATA[2023-12-05 10:05:51,196 [main] WARN  server.ServerUtils (ServerUtils.java:getScmDbDir(155)) - ozone.scm.db.dirs is not configured. We recommend adding this setting. Falling back to ozone.metadata.dirs instead.
2023-12-05 10:05:51,197 [main] WARN  server.ServerUtils (ServerUtils.java:getScmDbDir(155)) - ozone.scm.db.dirs is not configured. We recommend adding this setting. Falling back to ozone.metadata.dirs instead.
2023-12-05 10:05:51,198 [main] INFO  ha.SCMHANodeDetails (SCMHANodeDetails.java:loadSCMHAConfig(210)) - ServiceID for StorageContainerManager is null
2023-12-05 10:05:51,198 [main] INFO  ha.SCMHANodeDetails (SCMHANodeDetails.java:loadSCMHAConfig(215)) - ozone.scm.default.service.id is not defined, falling back to ozone.scm.service.ids to find serviceID for StorageContainerManager if it is HA enabled cluster
2023-12-05 10:05:51,199 [main] WARN  utils.HAUtils (HAUtils.java:getMetaDir(339)) - ozone.scm.db.dirs is not configured. We recommend adding this setting. Falling back to ozone.metadata.dirs instead.
2023-12-05 10:05:51,199 [main] WARN  db.DBStoreBuilder (DBStoreBuilder.java:applyDBDefinition(167)) - ozone.scm.db.dirs is not configured. We recommend adding this setting. Falling back to ozone.metadata.dirs instead.
2023-12-05 10:05:51,270 [main] INFO  net.NodeSchemaLoader (NodeSchemaLoader.java:loadSchemaFromFile(129)) - Loading schema from [jar:file:/home/runner/.m2/repository/org/apache/ozone/hdds-common/1.4.0-SNAPSHOT/hdds-common-1.4.0-SNAPSHOT.jar!/network-topology-default.xml]
2023-12-05 10:05:51,270 [main] INFO  net.NodeSchemaLoader (NodeSchemaLoader.java:loadSchema(176)) - Loading network topology layer schema file
2023-12-05 10:05:51,272 [main] INFO  upgrade.AbstractLayoutVersionManager (AbstractLayoutVersionManager.java:init(83)) - Initializing Layout version manager with metadata layout = HADOOP_PRC_PORTS_IN_DATANODEDETAILS (version = 7), software layout = HADOOP_PRC_PORTS_IN_DATANODEDETAILS (version = 7)
2023-12-05 10:05:51,274 [main] INFO  ha.SequenceIdGenerator (SequenceIdGenerator.java:upgradeToSequenceId(370)) - upgrade localId to 111677748019200000
2023-12-05 10:05:51,275 [main] INFO  ha.SequenceIdGenerator (SequenceIdGenerator.java:upgradeToSequenceId(380)) - upgrade delTxnId to 0
2023-12-05 10:05:51,277 [main] INFO  ha.SequenceIdGenerator (SequenceIdGenerator.java:upgradeToSequenceId(397)) - upgrade containerId to 0
2023-12-05 10:05:51,278 [main] INFO  ha.SequenceIdGenerator (SequenceIdGenerator.java:upgradeToCertificateSequenceId(444)) - upgrade CertificateId to 2
2023-12-05 10:05:51,278 [main] INFO  ha.SequenceIdGenerator (SequenceIdGenerator.java:<init>(241)) - Init the HA SequenceIdGenerator.
2023-12-05 10:05:51,278 [main] WARN  server.ServerUtils (ServerUtils.java:sanitizeUserArgs(80)) - ozone.scm.stale.node.interval value = 300000 is larger than max = 100000 based on the key value of ozone.scm.heartbeat.thread.interval, reset to the max value 100000.
2023-12-05 10:05:51,278 [main] WARN  server.ServerUtils (ServerUtils.java:sanitizeUserArgs(80)) - ozone.scm.stale.node.interval value = 300000 is larger than max = 100000 based on the key value of ozone.scm.heartbeat.thread.interval, reset to the max value 100000.
2023-12-05 10:05:51,279 [main] INFO  node.SCMNodeManager (SCMNodeManager.java:<init>(168)) - Entering startup safe mode.
2023-12-05 10:05:51,279 [main] INFO  algorithms.ContainerPlacementPolicyFactory (ContainerPlacementPolicyFactory.java:getPolicyInternal(86)) - Create container placement policy of type org.apache.hadoop.hdds.scm.container.placement.algorithms.SCMContainerPlacementRackAware
2023-12-05 10:05:51,279 [main] INFO  algorithms.ContainerPlacementPolicyFactory (ContainerPlacementPolicyFactory.java:getPolicyInternal(86)) - Create container placement policy of type org.apache.hadoop.hdds.scm.container.placement.algorithms.SCMContainerPlacementRackScatter
2023-12-05 10:05:51,280 [main] INFO  pipeline.PipelineStateManagerImpl (PipelineStateManagerImpl.java:initialize(78)) - No pipeline exists in current db
2023-12-05 10:05:51,280 [main] INFO  algorithms.LeaderChoosePolicyFactory (LeaderChoosePolicyFactory.java:getPolicy(57)) - Create leader choose policy of type org.apache.hadoop.hdds.scm.pipeline.leader.choose.algorithms.MinLeaderCountChoosePolicy
2023-12-05 10:05:51,280 [main] INFO  algorithms.ContainerPlacementPolicyFactory (ContainerPlacementPolicyFactory.java:getPolicyInternal(86)) - Create container placement policy of type org.apache.hadoop.hdds.scm.container.placement.algorithms.SCMContainerPlacementRackScatter
2023-12-05 10:05:51,280 [main] INFO  ha.SCMServiceManager (SCMServiceManager.java:register(42)) - Registering service BackgroundPipelineCreator.
2023-12-05 10:05:51,281 [main] INFO  pipeline.BackgroundPipelineCreator (BackgroundPipelineCreator.java:start(127)) - Starting RatisPipelineUtilsThread.
2023-12-05 10:05:51,281 [main] INFO  BackgroundPipelineScrubber (BackgroundSCMService.java:start(68)) - Starting BackgroundPipelineScrubber Service.
2023-12-05 10:05:51,281 [main] INFO  ha.SCMServiceManager (SCMServiceManager.java:register(42)) - Registering service BackgroundPipelineScrubber.
2023-12-05 10:05:51,281 [main] INFO  ExpiredContainerReplicaOpScrubber (BackgroundSCMService.java:start(68)) - Starting ExpiredContainerReplicaOpScrubber Service.
2023-12-05 10:05:51,281 [main] INFO  ha.SCMServiceManager (SCMServiceManager.java:register(42)) - Registering service ExpiredContainerReplicaOpScrubber.
2023-12-05 10:05:51,282 [main] INFO  algorithms.PipelineChoosePolicyFactory (PipelineChoosePolicyFactory.java:createPipelineChoosePolicyFromClass(78)) - Create pipeline choose policy of type org.apache.hadoop.hdds.scm.pipeline.choose.algorithms.RandomPipelineChoosePolicy
2023-12-05 10:05:51,282 [main] INFO  algorithms.PipelineChoosePolicyFactory (PipelineChoosePolicyFactory.java:createPipelineChoosePolicyFromClass(78)) - Create pipeline choose policy of type org.apache.hadoop.hdds.scm.pipeline.choose.algorithms.RandomPipelineChoosePolicy
2023-12-05 10:05:51,283 [main] INFO  ha.SCMServiceManager (SCMServiceManager.java:register(42)) - Registering service SCMBlockDeletingService.
2023-12-05 10:05:51,283 [main] INFO  replication.ReplicationManager (ReplicationManager.java:start(292)) - Starting Replication Monitor Thread.
2023-12-05 10:05:51,284 [ReplicationMonitor] INFO  replication.ReplicationManager (ReplicationManager.java:processAll(367)) - Replication Manager is not ready to run until 3000ms after safemode exit
2023-12-05 10:05:51,284 [main] INFO  ha.SCMServiceManager (SCMServiceManager.java:register(42)) - Registering service ReplicationManager.
2023-12-05 10:05:51,284 [main] INFO  safemode.ContainerSafeModeRule (ContainerSafeModeRule.java:<init>(90)) - containers with one replica threshold count 0
2023-12-05 10:05:51,284 [main] INFO  safemode.HealthyPipelineSafeModeRule (HealthyPipelineSafeModeRule.java:initializeRule(169)) - Total pipeline count is 0, healthy pipeline threshold count is 1
2023-12-05 10:05:51,284 [main] INFO  safemode.OneReplicaPipelineSafeModeRule (OneReplicaPipelineSafeModeRule.java:initializeRule(180)) - Total pipeline count is 0, pipeline's with at least one datanode reported threshold count is 0
2023-12-05 10:05:51,285 [main] INFO  server.StorageContainerManager (StorageContainerManager.java:<init>(434)) - SCM start with adminUsers: [runner]
2023-12-05 10:05:51,285 [main] INFO  ipc.CallQueueManager (CallQueueManager.java:<init>(90)) - Using callQueue: class java.util.concurrent.LinkedBlockingQueue, queueCapacity: 2000, scheduler: class org.apache.hadoop.ipc.DefaultRpcScheduler, ipcBackoff: false.
2023-12-05 10:05:51,285 [main] INFO  ipc.Server (Server.java:<init>(1287)) - Listener at 0.0.0.0:15177
2023-12-05 10:05:51,286 [Socket Reader #1 for port 15177] INFO  ipc.Server (Server.java:run(1323)) - Starting Socket Reader #1 for port 15177
2023-12-05 10:05:51,286 [main] INFO  ipc.CallQueueManager (CallQueueManager.java:<init>(90)) - Using callQueue: class java.util.concurrent.LinkedBlockingQueue, queueCapacity: 2000, scheduler: class org.apache.hadoop.ipc.DefaultRpcScheduler, ipcBackoff: false.
2023-12-05 10:05:51,286 [main] INFO  ipc.Server (Server.java:<init>(1287)) - Listener at 0.0.0.0:15176
2023-12-05 10:05:51,287 [Socket Reader #1 for port 15176] INFO  ipc.Server (Server.java:run(1323)) - Starting Socket Reader #1 for port 15176
2023-12-05 10:05:51,287 [main] INFO  ipc.CallQueueManager (CallQueueManager.java:<init>(90)) - Using callQueue: class java.util.concurrent.LinkedBlockingQueue, queueCapacity: 2000, scheduler: class org.apache.hadoop.ipc.DefaultRpcScheduler, ipcBackoff: false.
2023-12-05 10:05:51,287 [main] INFO  ipc.Server (Server.java:<init>(1287)) - Listener at 0.0.0.0:15175
2023-12-05 10:05:51,288 [Socket Reader #1 for port 15175] INFO  ipc.Server (Server.java:run(1323)) - Starting Socket Reader #1 for port 15175
2023-12-05 10:05:51,290 [main] INFO  ha.SCMServiceManager (SCMServiceManager.java:register(42)) - Registering service ContainerBalancer.
2023-12-05 10:05:51,290 [main] INFO  server.StorageContainerManager (StorageContainerManager.java:<init>(447)) - 
Container Balancer status:
Key                            Value
Running                        false
Container Balancer Configuration values:
Key                                                Value
Threshold                                          10
Max Datanodes to Involve per Iteration(percent)    20
Max Size to Move per Iteration                     500GB
Max Size Entering Target per Iteration             26GB
Max Size Leaving Source per Iteration              26GB
Number of Iterations                               10
Time Limit for Single Container's Movement         65min
Time Limit for Single Container's Replication      50min
Interval between each Iteration                    70min
Whether to Enable Network Topology                 false
Whether to Trigger Refresh Datanode Usage Info     false
Container IDs to Exclude from Balancing            None
Datanodes Specified to be Balanced                 None
Datanodes Excluded from Balancing                  None

2023-12-05 10:05:51,290 [main] INFO  ha.SCMContext (SCMContext.java:updateSafeModeStatus(230)) - Update SafeModeStatus from SafeModeStatus{safeModeStatus=true, preCheckPassed=false} to SafeModeStatus{safeModeStatus=true, preCheckPassed=false}.
2023-12-05 10:05:51,291 [main] INFO  server.StorageContainerManager (StorageContainerManager.java:start(1512)) - StorageContainerLocationProtocol RPC server is listening at /0.0.0.0:15175
2023-12-05 10:05:51,292 [main] WARN  impl.MetricsConfig (MetricsConfig.java:loadFirst(136)) - Cannot locate configuration: tried hadoop-metrics2-storagecontainermanager.properties,hadoop-metrics2.properties
2023-12-05 10:05:51,292 [main] INFO  impl.MetricsSystemImpl (MetricsSystemImpl.java:startTimer(378)) - Scheduled Metric snapshot period at 10 second(s).
2023-12-05 10:05:51,292 [main] INFO  impl.MetricsSystemImpl (MetricsSystemImpl.java:start(191)) - StorageContainerManager metrics system started
2023-12-05 10:05:51,296 [main] INFO  impl.MetricsSinkAdapter (MetricsSinkAdapter.java:start(204)) - Sink prometheus started
2023-12-05 10:05:51,296 [main] INFO  impl.MetricsSystemImpl (MetricsSystemImpl.java:registerSink(305)) - Registered sink prometheus
2023-12-05 10:05:51,315 [main] INFO  server.SCMClientProtocolServer (SCMClientProtocolServer.java:start(201)) - RPC server for Client  is listening at /0.0.0.0:15175
2023-12-05 10:05:51,315 [IPC Server Responder] INFO  ipc.Server (Server.java:run(1562)) - IPC Server Responder: starting
2023-12-05 10:05:51,321 [main] INFO  server.StorageContainerManager (StorageContainerManager.java:start(1525)) - ScmBlockLocationProtocol RPC server is listening at /0.0.0.0:15176
2023-12-05 10:05:51,321 [main] INFO  server.SCMBlockProtocolServer (SCMBlockProtocolServer.java:start(158)) - RPC server for Block Protocol is listening at /0.0.0.0:15176
2023-12-05 10:05:51,324 [IPC Server listener on 15176] INFO  ipc.Server (Server.java:run(1402)) - IPC Server listener on 15176: starting
2023-12-05 10:05:51,324 [IPC Server Responder] INFO  ipc.Server (Server.java:run(1562)) - IPC Server Responder: starting
2023-12-05 10:05:51,331 [main] INFO  server.SCMDatanodeProtocolServer (SCMDatanodeProtocolServer.java:start(193)) - ScmDatanodeProtocol RPC server for DataNodes is listening at /0.0.0.0:15177
2023-12-05 10:05:51,332 [IPC Server Responder] INFO  ipc.Server (Server.java:run(1562)) - IPC Server Responder: starting
2023-12-05 10:05:51,332 [IPC Server listener on 15177] INFO  ipc.Server (Server.java:run(1402)) - IPC Server listener on 15177: starting
2023-12-05 10:05:51,334 [JvmPauseMonitor26] INFO  util.JvmPauseMonitor (JvmPauseMonitor.java:run(146)) - JvmPauseMonitor-880ebd7b-49bc-48b8-a277-5fdee25951d2: Started
2023-12-05 10:05:51,336 [IPC Server listener on 15175] INFO  ipc.Server (Server.java:run(1402)) - IPC Server listener on 15175: starting
2023-12-05 10:05:51,336 [main] INFO  http.BaseHttpServer (BaseHttpServer.java:newHttpServer2BuilderForOzone(223)) - Starting Web-server for scm at: http://0.0.0.0:15178
2023-12-05 10:05:51,337 [main] INFO  http.BaseHttpServer (BaseHttpServer.java:<init>(110)) - Hadoop Security Enabled: false Ozone Security Enabled: false Ozone HTTP Security Enabled: false 
2023-12-05 10:05:51,338 [main] WARN  server.AuthenticationFilter (AuthenticationFilter.java:constructSecretProvider(240)) - Unable to initialize FileSignerSecretProvider, falling back to use random secrets. Reason: Could not read signature secret file: /home/runner/hadoop-http-auth-signature-secret
2023-12-05 10:05:51,338 [main] INFO  http.HttpRequestLog (HttpRequestLog.java:getRequestLog(86)) - Http request log for http.requests.scm is not defined
2023-12-05 10:05:51,339 [main] INFO  http.HttpServer2 (HttpServer2.java:addGlobalFilter(1031)) - Added global filter 'safety' (class=org.apache.hadoop.hdds.server.http.HttpServer2$QuotingInputFilter)
2023-12-05 10:05:51,340 [main] INFO  http.HttpServer2 (HttpServer2.java:addFilter(1007)) - Added filter static_user_filter (class=org.apache.hadoop.http.lib.StaticUserWebFilter$StaticUserFilter) to context scm
2023-12-05 10:05:51,340 [main] INFO  http.HttpServer2 (HttpServer2.java:addFilter(1015)) - Added filter static_user_filter (class=org.apache.hadoop.http.lib.StaticUserWebFilter$StaticUserFilter) to context static
2023-12-05 10:05:51,340 [main] INFO  http.HttpServer2 (HttpServer2.java:addFilter(1015)) - Added filter static_user_filter (class=org.apache.hadoop.http.lib.StaticUserWebFilter$StaticUserFilter) to context logs
2023-12-05 10:05:51,340 [main] INFO  http.BaseHttpServer (BaseHttpServer.java:<init>(189)) - HTTP server of scm uses base directory /home/runner/work/ozone/ozone/hadoop-ozone/integration-test/target/test-dir/MiniOzoneClusterImpl-1935f9c7-a71b-4f10-8b32-4eef1a617aae/ozone-meta/webserver
2023-12-05 10:05:51,340 [main] INFO  http.HttpServer2 (HttpServer2.java:bindListener(1231)) - Jetty bound to port 15178
2023-12-05 10:05:51,341 [main] INFO  server.Server (Server.java:doStart(375)) - jetty-9.4.53.v20231009; built: 2023-10-09T12:29:09.265Z; git: 27bde00a0b95a1d5bbee0eae7984f891d2d0f8c9; jvm 1.8.0_392-b08
2023-12-05 10:05:51,342 [main] INFO  server.session (DefaultSessionIdManager.java:doStart(334)) - DefaultSessionIdManager workerName=node0
2023-12-05 10:05:51,342 [main] INFO  server.session (DefaultSessionIdManager.java:doStart(339)) - No SessionScavenger set, using defaults
2023-12-05 10:05:51,342 [main] INFO  server.session (HouseKeeper.java:startScavenging(132)) - node0 Scavenging every 660000ms
2023-12-05 10:05:51,343 [main] INFO  handler.ContextHandler (ContextHandler.java:doStart(921)) - Started o.e.j.s.ServletContextHandler@33e0224e{logs,/logs,file:///home/runner/work/ozone/ozone/hadoop-ozone/integration-test/target/log,AVAILABLE}
2023-12-05 10:05:51,343 [main] INFO  handler.ContextHandler (ContextHandler.java:doStart(921)) - Started o.e.j.s.ServletContextHandler@4046e87d{static,/static,file:///home/runner/work/ozone/ozone/hadoop-ozone/integration-test/target/test-classes/webapps/static,AVAILABLE}
2023-12-05 10:05:51,345 [main] INFO  handler.ContextHandler (ContextHandler.java:doStart(921)) - Started o.e.j.w.WebAppContext@6f8d320c{scm,/,file:///home/runner/work/ozone/ozone/hadoop-ozone/integration-test/target/test-classes/webapps/scm/,AVAILABLE}{file:/home/runner/work/ozone/ozone/hadoop-ozone/integration-test/target/test-classes/webapps/scm}
2023-12-05 10:05:51,346 [main] INFO  server.AbstractConnector (AbstractConnector.java:doStart(333)) - Started ServerConnector@2b6a79f{HTTP/1.1, (http/1.1)}{0.0.0.0:15178}
2023-12-05 10:05:51,346 [main] INFO  server.Server (Server.java:doStart(415)) - Started @92010ms
2023-12-05 10:05:51,346 [main] WARN  impl.MetricsSystemImpl (MetricsSystemImpl.java:register(279)) - Sink prometheus already exists!
2023-12-05 10:05:51,346 [main] INFO  http.BaseHttpServer (BaseHttpServer.java:updateConnectorAddress(354)) - HTTP server of scm listening at http://0.0.0.0:15178
2023-12-05 10:05:51,347 [main] WARN  server.ServerUtils (ServerUtils.java:getDBPath(311)) - ozone.om.db.dirs is not configured. We recommend adding this setting. Falling back to ozone.metadata.dirs instead.
2023-12-05 10:05:51,348 [main] INFO  ha.OMHANodeDetails (OMHANodeDetails.java:loadOMHAConfig(115)) - ozone.om.internal.service.id is not defined, falling back to ozone.om.service.ids to find serviceID for OzoneManager if it is HA enabled cluster
2023-12-05 10:05:51,348 [main] INFO  ha.OMHANodeDetails (OMHANodeDetails.java:loadOMHAConfig(226)) - Configuration does not have ozone.om.address set. Falling back to the default OM address /127.0.0.1:15179
2023-12-05 10:05:51,348 [main] INFO  ha.OMHANodeDetails (OMHANodeDetails.java:getOMNodeDetailsForNonHA(254)) - OM Service ID is not set. Setting it to the default ID: omServiceIdDefault
2023-12-05 10:05:51,348 [main] INFO  ha.OMHANodeDetails (OMHANodeDetails.java:getOMNodeDetailsForNonHA(261)) - OM Node ID is not set. Setting it to the default ID: om1
2023-12-05 10:05:51,348 [main] WARN  server.ServerUtils (ServerUtils.java:getDBPath(311)) - ozone.om.db.dirs is not configured. We recommend adding this setting. Falling back to ozone.metadata.dirs instead.
2023-12-05 10:05:51,349 [main] INFO  upgrade.AbstractLayoutVersionManager (AbstractLayoutVersionManager.java:init(83)) - Initializing Layout version manager with metadata layout = QUOTA (version = 6), software layout = QUOTA (version = 6)
2023-12-05 10:05:51,380 [main] INFO  reflections.Reflections (Reflections.java:scan(232)) - Reflections took 31 ms to scan 2 urls, producing 190 keys and 527 values [using 4 cores]
2023-12-05 10:05:51,381 [main] INFO  upgrade.OMLayoutVersionManager (OMLayoutVersionManager.java:lambda$0(115)) - Skipping Upgrade Action QuotaRepairUpgradeAction since it has been finalized.
2023-12-05 10:05:51,381 [main] INFO  upgrade.OMLayoutVersionManager (OMLayoutVersionManager.java:lambda$0(115)) - Skipping Upgrade Action MockOmUpgradeAction since it has been finalized.
2023-12-05 10:05:51,381 [main] WARN  server.ServerUtils (ServerUtils.java:getDBPath(311)) - ozone.om.db.dirs is not configured. We recommend adding this setting. Falling back to ozone.metadata.dirs instead.
2023-12-05 10:05:51,382 [main] INFO  proxy.SCMBlockLocationFailoverProxyProvider (SCMBlockLocationFailoverProxyProvider.java:<init>(115)) - Created block location fail-over proxy with 1 nodes: [nodeId=scmNodeId,nodeAddress=/0.0.0.0:15176]
2023-12-05 10:05:51,383 [main] INFO  proxy.SCMBlockLocationFailoverProxyProvider (SCMBlockLocationFailoverProxyProvider.java:<init>(115)) - Created block location fail-over proxy with 1 nodes: [nodeId=scmNodeId,nodeAddress=/0.0.0.0:15176]
2023-12-05 10:05:51,388 [main] INFO  om.OzoneManager (OzoneManager.java:<init>(674)) - OM start with adminUsers: [runner]
2023-12-05 10:05:51,388 [main] WARN  server.ServerUtils (ServerUtils.java:getDBPath(311)) - ozone.om.db.dirs is not configured. We recommend adding this setting. Falling back to ozone.metadata.dirs instead.
2023-12-05 10:05:51,389 [main] INFO  helpers.OmKeyInfo (OmKeyInfo.java:getCodec(71)) - OmKeyInfo.getCodec ignorePipeline = true
2023-12-05 10:05:51,538 [main] INFO  om.OzoneManager (OzoneManager.java:instantiateServices(808)) - S3 Multi-Tenancy is disabled
2023-12-05 10:05:51,539 [main] INFO  om.OmSnapshotManager (OmSnapshotManager.java:<init>(176)) - Ozone filesystem snapshot feature is enabled.
2023-12-05 10:05:51,539 [main] WARN  server.ServerUtils (ServerUtils.java:getDBPath(311)) - ozone.om.snapshot.diff.db.dir is not configured. We recommend adding this setting. Falling back to ozone.metadata.dirs instead.
2023-12-05 10:05:51,554 [main] INFO  snapshot.SnapshotDiffManager (SnapshotDiffManager.java:closeExecutorService(1716)) - Shutting down executorService: 'SstDumpToolExecutor'
2023-12-05 10:05:51,557 [main] INFO  om.OzoneManager (OzoneManager.java:addS3GVolumeToDB(4440)) - Created Volume s3v With Owner runner required for S3Gateway operations.
2023-12-05 10:05:51,557 [main] WARN  server.ServerUtils (ServerUtils.java:getDefaultRatisDirectory(323)) - Storage directory for Ratis is not configured. It is a good idea to map this to an SSD disk. Falling back to ozone.metadata.dirs
2023-12-05 10:05:51,558 [main] WARN  utils.OzoneManagerRatisUtils (OzoneManagerRatisUtils.java:getOMRatisSnapshotDirectory(473)) - ozone.om.ratis.snapshot.dir is not configured. Falling back to ozone.metadata.dirs config
2023-12-05 10:05:51,558 [main] WARN  server.ServerUtils (ServerUtils.java:getDefaultRatisDirectory(323)) - Storage directory for Ratis is not configured. It is a good idea to map this to an SSD disk. Falling back to ozone.metadata.dirs
2023-12-05 10:05:51,559 [main] INFO  ratis.OzoneManagerRatisServer (OzoneManagerRatisServer.java:<init>(168)) - Instantiating OM Ratis server with groupID: omServiceIdDefault and peers: localhost:15182
2023-12-05 10:05:51,560 [main] INFO  ratis.OzoneManagerStateMachine (OzoneManagerStateMachine.java:loadSnapshotInfoFromDB(708)) - LastAppliedIndex is set from TransactionInfo from OM DB as (t:0, i:~)
2023-12-05 10:05:51,561 [main] INFO  server.RaftServer (ConfUtils.java:logGet(46)) - raft.rpc.type = GRPC (default)
2023-12-05 10:05:51,562 [main] INFO  grpc.GrpcConfigKeys (ConfUtils.java:logFallback(53)) - raft.grpc.admin.host = null (fallback to raft.grpc.server.host)
2023-12-05 10:05:51,562 [main] INFO  grpc.GrpcConfigKeys (ConfUtils.java:logFallback(53)) - raft.grpc.admin.port = 15182 (fallback to raft.grpc.server.port)
2023-12-05 10:05:51,562 [main] INFO  grpc.GrpcConfigKeys (ConfUtils.java:logFallback(53)) - raft.grpc.client.host = null (fallback to raft.grpc.server.host)
2023-12-05 10:05:51,562 [main] INFO  grpc.GrpcConfigKeys (ConfUtils.java:logFallback(53)) - raft.grpc.client.port = 15182 (fallback to raft.grpc.server.port)
2023-12-05 10:05:51,562 [main] INFO  grpc.GrpcConfigKeys (ConfUtils.java:logGet(46)) - raft.grpc.server.host = null (default)
2023-12-05 10:05:51,562 [main] INFO  grpc.GrpcConfigKeys (ConfUtils.java:logGet(46)) - raft.grpc.server.port = 15182 (custom)
2023-12-05 10:05:51,563 [main] INFO  server.GrpcService (ConfUtils.java:logGet(46)) - raft.grpc.message.size.max = 4194304 (custom)
2023-12-05 10:05:51,563 [main] INFO  server.RaftServerConfigKeys (ConfUtils.java:logGet(46)) - raft.server.log.appender.buffer.byte-limit = 4194304 (custom)
2023-12-05 10:05:51,563 [main] INFO  server.GrpcService (ConfUtils.java:logGet(46)) - raft.grpc.flow.control.window = 1MB (=1048576) (default)
2023-12-05 10:05:51,563 [main] INFO  server.RaftServerConfigKeys (ConfUtils.java:logGet(46)) - raft.server.rpc.request.timeout = 3000ms (default)
2023-12-05 10:05:51,563 [main] INFO  grpc.GrpcConfigKeys (ConfUtils.java:logGet(46)) - raft.grpc.server.heartbeat.channel = true (default)
2023-12-05 10:05:51,564 [main] INFO  grpc.GrpcConfigKeys (ConfUtils.java:logGet(46)) - raft.grpc.server.async.request.thread.pool.cached = true (default)
2023-12-05 10:05:51,564 [main] INFO  grpc.GrpcConfigKeys (ConfUtils.java:logGet(46)) - raft.grpc.server.async.request.thread.pool.size = 32 (default)
2023-12-05 10:05:51,565 [main] INFO  impl.DataStreamServerImpl (ConfUtils.java:logGet(46)) - raft.datastream.type = DISABLED (default)
2023-12-05 10:05:51,565 [main] INFO  server.RaftServerConfigKeys (ConfUtils.java:logGet(46)) - raft.server.sleep.deviation.threshold = 300ms (default)
2023-12-05 10:05:51,565 [main] INFO  server.RaftServerConfigKeys (ConfUtils.java:logGet(46)) - raft.server.close.threshold = 60s (default)
2023-12-05 10:05:51,565 [main] INFO  server.RaftServerConfigKeys (ConfUtils.java:logGet(46)) - raft.server.leaderelection.leader.step-down.wait-time = 10s (default)
2023-12-05 10:05:51,566 [main] INFO  server.RaftServerConfigKeys (ConfUtils.java:logGet(46)) - raft.server.storage.dir = [/home/runner/work/ozone/ozone/hadoop-ozone/integration-test/target/test-dir/MiniOzoneClusterImpl-1935f9c7-a71b-4f10-8b32-4eef1a617aae/ozone-meta/ratis] (custom)
2023-12-05 10:05:51,566 [main] INFO  server.RaftServerConfigKeys (ConfUtils.java:logGet(46)) - raft.server.threadpool.proxy.cached = true (default)
2023-12-05 10:05:51,566 [main] INFO  server.RaftServerConfigKeys (ConfUtils.java:logGet(46)) - raft.server.threadpool.proxy.size = 0 (default)
2023-12-05 10:05:51,566 [main] INFO  server.RaftServer (RaftServerProxy.java:addNew(100)) - om1: addNew group-C5BA1605619E:[om1|localhost:15182] returns group-C5BA1605619E:java.util.concurrent.CompletableFuture@7c8a1013[Not completed]
2023-12-05 10:05:51,567 [main] INFO  om.OzoneManager (OzoneManager.java:initializeRatisServer(2144)) - OzoneManager Ratis server initialized at port 15182
2023-12-05 10:05:51,567 [main] INFO  om.OzoneManager (OzoneManager.java:getRpcServer(1210)) - Creating RPC Server
2023-12-05 10:05:51,567 [om1-groupManagement] INFO  server.RaftServer$Division (RaftServerImpl.java:<init>(256)) - om1: new RaftServerImpl for group-C5BA1605619E:[om1|localhost:15182] with OzoneManagerStateMachine:uninitialized
2023-12-05 10:05:51,568 [om1-groupManagement] INFO  server.RaftServerConfigKeys (ConfUtils.java:logGet(46)) - raft.server.rpc.timeout.min = 1s (custom)
2023-12-05 10:05:51,568 [om1-groupManagement] INFO  server.RaftServerConfigKeys (ConfUtils.java:logGet(46)) - raft.server.rpc.timeout.max = 1200ms (custom)
2023-12-05 10:05:51,568 [om1-groupManagement] INFO  server.RaftServerConfigKeys (ConfUtils.java:logGet(46)) - raft.server.rpc.sleep.time = 25ms (default)
2023-12-05 10:05:51,568 [om1-groupManagement] INFO  server.RaftServerConfigKeys (ConfUtils.java:logGet(46)) - raft.server.rpc.slowness.timeout = 120s (custom)
2023-12-05 10:05:51,568 [om1-groupManagement] INFO  server.RaftServerConfigKeys (ConfUtils.java:logGet(46)) - raft.server.leaderelection.leader.step-down.wait-time = 10s (default)
2023-12-05 10:05:51,568 [om1-groupManagement] INFO  server.RaftServerConfigKeys (ConfUtils.java:logGet(46)) - raft.server.leaderelection.member.majority-add = false (default)
2023-12-05 10:05:51,568 [om1-groupManagement] INFO  server.RaftServerConfigKeys (ConfUtils.java:logGet(46)) - raft.server.sleep.deviation.threshold = 300ms (default)
2023-12-05 10:05:51,568 [om1-groupManagement] INFO  server.RaftServer$Division (ServerState.java:<init>(113)) - om1@group-C5BA1605619E: ConfigurationManager, init=-1: peers:[om1|localhost:15182]|listeners:[], old=null, confs=<EMPTY_MAP>
2023-12-05 10:05:51,568 [om1-groupManagement] INFO  server.RaftServerConfigKeys (ConfUtils.java:logGet(46)) - raft.server.notification.no-leader.timeout = 120s (custom)
2023-12-05 10:05:51,569 [om1-groupManagement] INFO  server.RaftServerConfigKeys (ConfUtils.java:logGet(46)) - raft.server.read.timeout = 10s (default)
2023-12-05 10:05:51,569 [om1-groupManagement] INFO  server.RaftServerConfigKeys (ConfUtils.java:logGet(46)) - raft.server.retrycache.expirytime = 300s (custom)
2023-12-05 10:05:51,569 [om1-groupManagement] INFO  server.RaftServerConfigKeys (ConfUtils.java:logGet(46)) - raft.server.retrycache.statistics.expirytime = 100ms (default)
2023-12-05 10:05:51,569 [om1-groupManagement] INFO  server.RaftServerConfigKeys (ConfUtils.java:logGet(46)) - raft.server.read.option = DEFAULT (default)
2023-12-05 10:05:51,569 [om1-groupManagement] INFO  server.RaftServerConfigKeys (ConfUtils.java:logGet(46)) - raft.server.read.read-after-write-consistent.write-index-cache.expiry-time = 60s (default)
2023-12-05 10:05:51,570 [om1-groupManagement] INFO  server.RaftServerConfigKeys (ConfUtils.java:logGet(46)) - raft.server.rpc.request.timeout = 3000ms (default)
2023-12-05 10:05:51,570 [om1-groupManagement] INFO  server.RaftServerConfigKeys (ConfUtils.java:logGet(46)) - raft.server.log.appender.install.snapshot.enabled = false (custom)
2023-12-05 10:05:51,570 [om1-groupManagement] INFO  server.RaftServerConfigKeys (ConfUtils.java:logGet(46)) - raft.server.threadpool.server.cached = true (default)
2023-12-05 10:05:51,570 [om1-groupManagement] INFO  server.RaftServerConfigKeys (ConfUtils.java:logGet(46)) - raft.server.threadpool.server.size = 0 (default)
2023-12-05 10:05:51,570 [om1-groupManagement] INFO  server.RaftServerConfigKeys (ConfUtils.java:logGet(46)) - raft.server.threadpool.client.cached = true (default)
2023-12-05 10:05:51,570 [om1-groupManagement] INFO  server.RaftServerConfigKeys (ConfUtils.java:logGet(46)) - raft.server.threadpool.client.size = 0 (default)
2023-12-05 10:05:51,769 [main] INFO  reflections.Reflections (Reflections.java:scan(232)) - Reflections took 201 ms to scan 20 urls, producing 71 keys and 6159 values [using 4 cores]
2023-12-05 10:05:51,770 [main] INFO  ipc.CallQueueManager (CallQueueManager.java:<init>(90)) - Using callQueue: class java.util.concurrent.LinkedBlockingQueue, queueCapacity: 2000, scheduler: class org.apache.hadoop.ipc.DefaultRpcScheduler, ipcBackoff: false.
2023-12-05 10:05:51,770 [main] INFO  ipc.Server (Server.java:<init>(1287)) - Listener at 127.0.0.1:15179
2023-12-05 10:05:51,771 [Socket Reader #1 for port 15179] INFO  ipc.Server (Server.java:run(1323)) - Starting Socket Reader #1 for port 15179
2023-12-05 10:05:51,785 [main] INFO  impl.MetricsSystemImpl (MetricsSystemImpl.java:init(158)) - OzoneManager metrics system started (again)
2023-12-05 10:05:51,793 [main] INFO  om.OzoneManager (OzoneManager.java:start(1632)) - OzoneManager RPC server is listening at localhost/127.0.0.1:15179
2023-12-05 10:05:51,794 [main] INFO  ratis.OzoneManagerRatisServer (OzoneManagerRatisServer.java:start(585)) - Starting OzoneManagerRatisServer om1 at port 15182
2023-12-05 10:05:51,794 [om1-impl-thread1] INFO  server.RaftServerConfigKeys (ConfUtils.java:logGet(46)) - raft.server.storage.free-space.min = 0MB (=0) (default)
2023-12-05 10:05:51,794 [om1-impl-thread1] INFO  server.RaftServerConfigKeys (ConfUtils.java:logGet(46)) - raft.server.log.corruption.policy = EXCEPTION (default)
2023-12-05 10:05:51,794 [om1-impl-thread1] INFO  server.RaftServerConfigKeys (ConfUtils.java:logGet(46)) - raft.server.storage.dir = [/home/runner/work/ozone/ozone/hadoop-ozone/integration-test/target/test-dir/MiniOzoneClusterImpl-1935f9c7-a71b-4f10-8b32-4eef1a617aae/ozone-meta/ratis] (custom)
2023-12-05 10:05:51,794 [om1-impl-thread1] INFO  storage.RaftStorageDirectory (RaftStorageDirectoryImpl.java:analyzeStorage(138)) - The storage directory /home/runner/work/ozone/ozone/hadoop-ozone/integration-test/target/test-dir/MiniOzoneClusterImpl-1935f9c7-a71b-4f10-8b32-4eef1a617aae/ozone-meta/ratis/bf265839-605b-3f16-9796-c5ba1605619e does not exist. Creating ...
2023-12-05 10:05:51,795 [om1-impl-thread1] INFO  storage.RaftStorageDirectory (RaftStorageDirectoryImpl.java:tryLock(232)) - Lock on /home/runner/work/ozone/ozone/hadoop-ozone/integration-test/target/test-dir/MiniOzoneClusterImpl-1935f9c7-a71b-4f10-8b32-4eef1a617aae/ozone-meta/ratis/bf265839-605b-3f16-9796-c5ba1605619e/in_use.lock acquired by nodename 4813@fv-az884-53
2023-12-05 10:05:51,796 [om1-impl-thread1] INFO  storage.RaftStorage (RaftStorageImpl.java:format(97)) - Storage directory /home/runner/work/ozone/ozone/hadoop-ozone/integration-test/target/test-dir/MiniOzoneClusterImpl-1935f9c7-a71b-4f10-8b32-4eef1a617aae/ozone-meta/ratis/bf265839-605b-3f16-9796-c5ba1605619e has been successfully formatted.
2023-12-05 10:05:51,796 [om1-impl-thread1] INFO  server.RaftServerConfigKeys (ConfUtils.java:logGet(46)) - raft.server.log.use.memory = false (default)
2023-12-05 10:05:51,796 [om1-impl-thread1] INFO  server.RaftServerConfigKeys (ConfUtils.java:logGet(46)) - raft.server.log.purge.gap = 1000000 (custom)
2023-12-05 10:05:51,796 [om1-impl-thread1] INFO  server.RaftServerConfigKeys (ConfUtils.java:logGet(46)) - raft.server.log.appender.buffer.byte-limit = 4194304 (custom)
2023-12-05 10:05:51,796 [om1-impl-thread1] INFO  server.RaftServerConfigKeys (ConfUtils.java:logGet(46)) - raft.server.log.statemachine.data.read.timeout = 1000ms (default)
2023-12-05 10:05:51,796 [om1-impl-thread1] INFO  server.RaftServerConfigKeys (ConfUtils.java:logGet(46)) - raft.server.log.purge.preservation.log.num = 0 (default)
2023-12-05 10:05:51,797 [om1-impl-thread1] INFO  server.RaftServerConfigKeys (ConfUtils.java:logGet(46)) - raft.server.log.segment.size.max = 4194304 (custom)
2023-12-05 10:05:51,797 [om1-impl-thread1] INFO  server.RaftServerConfigKeys (ConfUtils.java:logGet(46)) - raft.server.log.segment.cache.num.max = 2 (custom)
2023-12-05 10:05:51,797 [om1-impl-thread1] INFO  server.RaftServerConfigKeys (ConfUtils.java:logGet(46)) - raft.server.log.segment.cache.size.max = 200MB (=209715200) (default)
2023-12-05 10:05:51,797 [om1-impl-thread1] INFO  server.RaftServerConfigKeys (ConfUtils.java:logGet(46)) - raft.server.log.appender.buffer.byte-limit = 4194304 (custom)
2023-12-05 10:05:51,797 [om1-impl-thread1] INFO  util.AwaitToRun (AwaitToRun.java:start(81)) - Thread[om1@group-C5BA1605619E-cacheEviction-AwaitToRun,5,main] started
2023-12-05 10:05:51,797 [om1-impl-thread1] INFO  segmented.SegmentedRaftLogWorker (SegmentedRaftLogWorker.java:<init>(184)) - new om1@group-C5BA1605619E-SegmentedRaftLogWorker for RaftStorageImpl:Storage Directory /home/runner/work/ozone/ozone/hadoop-ozone/integration-test/target/test-dir/MiniOzoneClusterImpl-1935f9c7-a71b-4f10-8b32-4eef1a617aae/ozone-meta/ratis/bf265839-605b-3f16-9796-c5ba1605619e
2023-12-05 10:05:51,797 [om1-impl-thread1] INFO  server.RaftServerConfigKeys (ConfUtils.java:logGet(46)) - raft.server.log.queue.byte-limit = 64MB (=67108864) (default)
2023-12-05 10:05:51,797 [om1-impl-thread1] INFO  server.RaftServerConfigKeys (ConfUtils.java:logGet(46)) - raft.server.log.queue.element-limit = 4096 (default)
2023-12-05 10:05:51,797 [om1-impl-thread1] INFO  server.RaftServerConfigKeys (ConfUtils.java:logGet(46)) - raft.server.log.segment.size.max = 4194304 (custom)
2023-12-05 10:05:51,797 [om1-impl-thread1] INFO  server.RaftServerConfigKeys (ConfUtils.java:logGet(46)) - raft.server.log.preallocated.size = 4194304 (custom)
2023-12-05 10:05:51,797 [om1-impl-thread1] INFO  server.RaftServerConfigKeys (ConfUtils.java:logGet(46)) - raft.server.log.force.sync.num = 128 (default)
2023-12-05 10:05:51,797 [om1-impl-thread1] INFO  server.RaftServerConfigKeys (ConfUtils.java:logGet(46)) - raft.server.log.statemachine.data.sync = true (default)
2023-12-05 10:05:51,797 [om1-impl-thread1] INFO  server.RaftServerConfigKeys (ConfUtils.java:logGet(46)) - raft.server.log.statemachine.data.sync.timeout = 10s (default)
2023-12-05 10:05:51,797 [om1-impl-thread1] INFO  server.RaftServerConfigKeys (ConfUtils.java:logGet(46)) - raft.server.log.statemachine.data.sync.timeout.retry = -1 (default)
2023-12-05 10:05:51,797 [om1-impl-thread1] INFO  server.RaftServerConfigKeys (ConfUtils.java:logGet(46)) - raft.server.log.write.buffer.size = 4194312 (custom)
2023-12-05 10:05:51,798 [om1-impl-thread1] INFO  server.RaftServerConfigKeys (ConfUtils.java:logGet(46)) - raft.server.log.appender.buffer.byte-limit = 4194304 (custom)
2023-12-05 10:05:51,798 [om1-impl-thread1] INFO  server.RaftServerConfigKeys (ConfUtils.java:logGet(46)) - raft.server.log.unsafe-flush.enabled = false (default)
2023-12-05 10:05:51,799 [om1-impl-thread1] INFO  server.RaftServerConfigKeys (ConfUtils.java:logGet(46)) - raft.server.log.async-flush.enabled = false (default)
2023-12-05 10:05:51,799 [om1-impl-thread1] INFO  server.RaftServerConfigKeys (ConfUtils.java:logGet(46)) - raft.server.log.statemachine.data.caching.enabled = false (default)
2023-12-05 10:05:51,799 [om1-impl-thread1] INFO  segmented.SegmentedRaftLogWorker (SegmentedRaftLogWorker.java:lambda$new$0(135)) - om1@group-C5BA1605619E-SegmentedRaftLogWorker: flushIndex: setUnconditionally 0 -> -1
2023-12-05 10:05:51,799 [om1-impl-thread1] INFO  segmented.SegmentedRaftLogWorker (SegmentedRaftLogWorker.java:lambda$new$0(135)) - om1@group-C5BA1605619E-SegmentedRaftLogWorker: safeCacheEvictIndex: setUnconditionally 0 -> -1
2023-12-05 10:05:51,799 [om1-impl-thread1] INFO  server.RaftServer$Division (RaftServerImpl.java:start(392)) - om1@group-C5BA1605619E: start as a follower, conf=-1: peers:[om1|localhost:15182]|listeners:[], old=null
2023-12-05 10:05:51,799 [om1-impl-thread1] INFO  server.RaftServer$Division (RaftServerImpl.java:setRole(379)) - om1@group-C5BA1605619E: changes role from      null to FOLLOWER at term 0 for startAsFollower
2023-12-05 10:05:51,799 [om1-impl-thread1] INFO  impl.RoleInfo (RoleInfo.java:updateAndGet(139)) - om1: start om1@group-C5BA1605619E-FollowerState
2023-12-05 10:05:51,799 [om1@group-C5BA1605619E-FollowerState] INFO  server.RaftServerConfigKeys (ConfUtils.java:logFallback(53)) - raft.server.rpc.first-election.timeout.min = 1s (fallback to raft.server.rpc.timeout.min)
2023-12-05 10:05:51,799 [om1@group-C5BA1605619E-FollowerState] INFO  server.RaftServerConfigKeys (ConfUtils.java:logFallback(53)) - raft.server.rpc.first-election.timeout.max = 1200ms (fallback to raft.server.rpc.timeout.max)
2023-12-05 10:05:51,799 [om1-impl-thread1] INFO  util.JmxRegister (JmxRegister.java:tryRegister(44)) - Successfully registered JMX Bean with object name Ratis:service=RaftServer,group=group-C5BA1605619E,id=om1
2023-12-05 10:05:51,799 [om1-impl-thread1] INFO  server.RaftServerConfigKeys (ConfUtils.java:logGet(46)) - raft.server.snapshot.trigger-when-stop.enabled = true (default)
2023-12-05 10:05:51,800 [om1-impl-thread1] INFO  server.RaftServerConfigKeys (ConfUtils.java:logGet(46)) - raft.server.snapshot.auto.trigger.enabled = true (custom)
2023-12-05 10:05:51,800 [om1-impl-thread1] INFO  server.RaftServerConfigKeys (ConfUtils.java:logGet(46)) - raft.server.snapshot.auto.trigger.threshold = 400000 (default)
2023-12-05 10:05:51,800 [om1-impl-thread1] INFO  server.RaftServerConfigKeys (ConfUtils.java:logGet(46)) - raft.server.snapshot.retention.file.num = -1 (default)
2023-12-05 10:05:51,800 [om1-impl-thread1] INFO  server.RaftServerConfigKeys (ConfUtils.java:logGet(46)) - raft.server.log.purge.upto.snapshot.index = true (custom)
2023-12-05 10:05:51,800 [main] INFO  server.RaftServer (RaftServerProxy.java:startImpl(406)) - om1: start RPC server
2023-12-05 10:05:51,801 [main] INFO  server.GrpcService (GrpcService.java:startImpl(302)) - om1: GrpcService started, listening on 15182
2023-12-05 10:05:51,801 [JvmPauseMonitor27] INFO  util.JvmPauseMonitor (JvmPauseMonitor.java:run(146)) - JvmPauseMonitor-om1: Started
2023-12-05 10:05:51,801 [main] INFO  om.OzoneManager (OzoneManager.java:start(1648)) - Version File has different layout version (6) than OM DB (null). That is expected if this OM has never been finalized to a newer layout version.
2023-12-05 10:05:51,804 [main] INFO  http.BaseHttpServer (BaseHttpServer.java:newHttpServer2BuilderForOzone(223)) - Starting Web-server for ozoneManager at: http://0.0.0.0:15180
2023-12-05 10:05:51,804 [main] INFO  http.BaseHttpServer (BaseHttpServer.java:<init>(110)) - Hadoop Security Enabled: false Ozone Security Enabled: false Ozone HTTP Security Enabled: false 
2023-12-05 10:05:51,805 [main] WARN  server.AuthenticationFilter (AuthenticationFilter.java:constructSecretProvider(240)) - Unable to initialize FileSignerSecretProvider, falling back to use random secrets. Reason: Could not read signature secret file: /home/runner/hadoop-http-auth-signature-secret
2023-12-05 10:05:51,805 [main] INFO  http.HttpRequestLog (HttpRequestLog.java:getRequestLog(86)) - Http request log for http.requests.ozoneManager is not defined
2023-12-05 10:05:51,807 [main] INFO  http.HttpServer2 (HttpServer2.java:addGlobalFilter(1031)) - Added global filter 'safety' (class=org.apache.hadoop.hdds.server.http.HttpServer2$QuotingInputFilter)
2023-12-05 10:05:51,807 [main] INFO  http.HttpServer2 (HttpServer2.java:addFilter(1007)) - Added filter static_user_filter (class=org.apache.hadoop.http.lib.StaticUserWebFilter$StaticUserFilter) to context ozoneManager
2023-12-05 10:05:51,807 [main] INFO  http.HttpServer2 (HttpServer2.java:addFilter(1015)) - Added filter static_user_filter (class=org.apache.hadoop.http.lib.StaticUserWebFilter$StaticUserFilter) to context logs
2023-12-05 10:05:51,808 [main] INFO  http.HttpServer2 (HttpServer2.java:addFilter(1015)) - Added filter static_user_filter (class=org.apache.hadoop.http.lib.StaticUserWebFilter$StaticUserFilter) to context static
2023-12-05 10:05:51,808 [main] INFO  http.BaseHttpServer (BaseHttpServer.java:<init>(189)) - HTTP server of ozoneManager uses base directory /home/runner/work/ozone/ozone/hadoop-ozone/integration-test/target/test-dir/MiniOzoneClusterImpl-1935f9c7-a71b-4f10-8b32-4eef1a617aae/ozone-meta/webserver
2023-12-05 10:05:51,808 [main] INFO  http.HttpServer2 (HttpServer2.java:bindListener(1231)) - Jetty bound to port 15180
2023-12-05 10:05:51,809 [main] INFO  server.Server (Server.java:doStart(375)) - jetty-9.4.53.v20231009; built: 2023-10-09T12:29:09.265Z; git: 27bde00a0b95a1d5bbee0eae7984f891d2d0f8c9; jvm 1.8.0_392-b08
2023-12-05 10:05:51,810 [main] INFO  server.session (DefaultSessionIdManager.java:doStart(334)) - DefaultSessionIdManager workerName=node0
2023-12-05 10:05:51,810 [main] INFO  server.session (DefaultSessionIdManager.java:doStart(339)) - No SessionScavenger set, using defaults
2023-12-05 10:05:51,810 [main] INFO  server.session (HouseKeeper.java:startScavenging(132)) - node0 Scavenging every 660000ms
2023-12-05 10:05:51,811 [main] INFO  handler.ContextHandler (ContextHandler.java:doStart(921)) - Started o.e.j.s.ServletContextHandler@37ac690d{logs,/logs,file:///home/runner/work/ozone/ozone/hadoop-ozone/integration-test/target/log,AVAILABLE}
2023-12-05 10:05:51,811 [main] INFO  handler.ContextHandler (ContextHandler.java:doStart(921)) - Started o.e.j.s.ServletContextHandler@531d59a9{static,/static,file:///home/runner/work/ozone/ozone/hadoop-ozone/integration-test/target/test-classes/webapps/static,AVAILABLE}
2023-12-05 10:05:51,814 [main] INFO  handler.ContextHandler (ContextHandler.java:doStart(921)) - Started o.e.j.w.WebAppContext@4e677d75{ozoneManager,/,file:///home/runner/work/ozone/ozone/hadoop-ozone/integration-test/target/test-classes/webapps/ozoneManager/,AVAILABLE}{file:/home/runner/work/ozone/ozone/hadoop-ozone/integration-test/target/test-classes/webapps/ozoneManager}
2023-12-05 10:05:51,815 [main] INFO  server.AbstractConnector (AbstractConnector.java:doStart(333)) - Started ServerConnector@790765dc{HTTP/1.1, (http/1.1)}{0.0.0.0:15180}
2023-12-05 10:05:51,816 [main] INFO  server.Server (Server.java:doStart(415)) - Started @92480ms
2023-12-05 10:05:51,816 [main] WARN  impl.MetricsSystemImpl (MetricsSystemImpl.java:register(279)) - Sink prometheus already exists!
2023-12-05 10:05:51,816 [main] INFO  http.BaseHttpServer (BaseHttpServer.java:updateConnectorAddress(354)) - HTTP server of ozoneManager listening at http://0.0.0.0:15180
2023-12-05 10:05:51,817 [IPC Server Responder] INFO  ipc.Server (Server.java:run(1562)) - IPC Server Responder: starting
2023-12-05 10:05:51,820 [IPC Server listener on 15179] INFO  ipc.Server (Server.java:run(1402)) - IPC Server listener on 15179: starting
2023-12-05 10:05:51,829 [main] INFO  om.OzoneManager (OzoneManager.java:startTrashEmptier(2097)) - Trash Interval set to 0. Files deleted won't move to trash
2023-12-05 10:05:51,836 [main] WARN  dropwizard3.Dm3MetricRegistriesImpl (Dm3MetricRegistriesImpl.java:addReporterRegistration(113)) - New reporters are added after registries were created. Some metrics will be missing from the reporter. Please add reporter before adding any new registry.
2023-12-05 10:05:51,836 [main] WARN  dropwizard3.Dm3MetricRegistriesImpl (Dm3MetricRegistriesImpl.java:addReporterRegistration(113)) - New reporters are added after registries were created. Some metrics will be missing from the reporter. Please add reporter before adding any new registry.
2023-12-05 10:05:51,836 [main] INFO  impl.MetricsSystemImpl (MetricsSystemImpl.java:init(158)) - HddsDatanode metrics system started (again)
2023-12-05 10:05:51,844 [main] INFO  ozone.HddsDatanodeService (HddsDatanodeService.java:start(239)) - HddsDatanodeService host:fv-az884-53.nlrrjjsaionubk4jys1hz1dhmg.bx.internal.cloudapp.net ip:10.1.0.7
2023-12-05 10:05:51,860 [main] INFO  upgrade.AbstractLayoutVersionManager (AbstractLayoutVersionManager.java:init(83)) - Initializing Layout version manager with metadata layout = HADOOP_PRC_PORTS_IN_DATANODEDETAILS (version = 7), software layout = HADOOP_PRC_PORTS_IN_DATANODEDETAILS (version = 7)
2023-12-05 10:05:51,860 [main] INFO  statemachine.DatanodeStateMachine (DatanodeStateMachine.java:getEndPointTaskThreadPoolSize(299)) - Datanode State Machine Task Thread Pool size 2
2023-12-05 10:05:51,862 [main] INFO  volume.HddsVolume (HddsVolume.java:<init>(126)) - Creating HddsVolume: /home/runner/work/ozone/ozone/hadoop-ozone/integration-test/target/test-dir/MiniOzoneClusterImpl-1935f9c7-a71b-4f10-8b32-4eef1a617aae/datanode-0/data-0/containers/hdds of storage type : DISK capacity : 9223372036854775807
2023-12-05 10:05:51,862 [main] INFO  volume.MutableVolumeSet (MutableVolumeSet.java:initializeVolumeSet(173)) - Added Volume : /home/runner/work/ozone/ozone/hadoop-ozone/integration-test/target/test-dir/MiniOzoneClusterImpl-1935f9c7-a71b-4f10-8b32-4eef1a617aae/datanode-0/data-0/containers/hdds to VolumeSet
2023-12-05 10:05:51,863 [main] INFO  volume.MutableVolumeSet (MutableVolumeSet.java:initializeVolumeSet(173)) - Added Volume : /home/runner/work/ozone/ozone/hadoop-ozone/integration-test/target/test-dir/MiniOzoneClusterImpl-1935f9c7-a71b-4f10-8b32-4eef1a617aae/datanode-0/data/ratis to VolumeSet
2023-12-05 10:05:51,863 [main] INFO  ozoneimpl.OzoneContainer (HddsVolumeUtil.java:loadAllHddsVolumeDbStore(103)) - Load 1 volumes DbStore cost: 0ms
2023-12-05 10:05:51,864 [bcc7b4f4-64c2-40bd-855e-f062474916f1-ContainerReader-0] INFO  ozoneimpl.ContainerReader (ContainerReader.java:readVolume(177)) - Finish verifying containers on volume /home/runner/work/ozone/ozone/hadoop-ozone/integration-test/target/test-dir/MiniOzoneClusterImpl-1935f9c7-a71b-4f10-8b32-4eef1a617aae/datanode-0/data-0/containers/hdds
2023-12-05 10:05:51,864 [main] INFO  ozoneimpl.OzoneContainer (OzoneContainer.java:buildContainerSet(326)) - Build ContainerSet costs 0s
2023-12-05 10:05:51,866 [main] INFO  server.RaftServer (ConfUtils.java:logGet(46)) - raft.rpc.type = GRPC (default)
2023-12-05 10:05:51,866 [main] INFO  grpc.GrpcConfigKeys (ConfUtils.java:logFallback(53)) - raft.grpc.admin.host = null (fallback to raft.grpc.server.host)
2023-12-05 10:05:51,866 [main] INFO  grpc.GrpcConfigKeys (ConfUtils.java:logGet(46)) - raft.grpc.admin.port = 15188 (custom)
2023-12-05 10:05:51,866 [main] INFO  grpc.GrpcConfigKeys (ConfUtils.java:logFallback(53)) - raft.grpc.client.host = null (fallback to raft.grpc.server.host)
2023-12-05 10:05:51,866 [main] INFO  grpc.GrpcConfigKeys (ConfUtils.java:logGet(46)) - raft.grpc.client.port = 15187 (custom)
2023-12-05 10:05:51,866 [main] INFO  grpc.GrpcConfigKeys (ConfUtils.java:logGet(46)) - raft.grpc.server.host = null (default)
2023-12-05 10:05:51,866 [main] INFO  grpc.GrpcConfigKeys (ConfUtils.java:logGet(46)) - raft.grpc.server.port = 15189 (custom)
2023-12-05 10:05:51,866 [main] INFO  server.GrpcService (ConfUtils.java:logGet(46)) - raft.grpc.message.size.max = 32MB (=33554432) (custom)
2023-12-05 10:05:51,866 [main] INFO  server.RaftServerConfigKeys (ConfUtils.java:logGet(46)) - raft.server.log.appender.buffer.byte-limit = 8388608 (custom)
2023-12-05 10:05:51,867 [main] INFO  server.GrpcService (ConfUtils.java:logGet(46)) - raft.grpc.flow.control.window = 5MB (=5242880) (custom)
2023-12-05 10:05:51,867 [main] INFO  server.RaftServerConfigKeys (ConfUtils.java:logGet(46)) - raft.server.rpc.request.timeout = 60s (custom)
2023-12-05 10:05:51,867 [main] INFO  grpc.GrpcConfigKeys (ConfUtils.java:logGet(46)) - raft.grpc.server.heartbeat.channel = true (default)
2023-12-05 10:05:51,867 [main] INFO  grpc.GrpcConfigKeys (ConfUtils.java:logGet(46)) - raft.grpc.server.async.request.thread.pool.cached = true (default)
2023-12-05 10:05:51,867 [main] INFO  grpc.GrpcConfigKeys (ConfUtils.java:logGet(46)) - raft.grpc.server.async.request.thread.pool.size = 32 (default)
2023-12-05 10:05:51,869 [main] INFO  impl.DataStreamServerImpl (ConfUtils.java:logGet(46)) - raft.datastream.type = NETTY (custom)
2023-12-05 10:05:51,869 [main] INFO  server.RaftServerConfigKeys (ConfUtils.java:logGet(46)) - raft.server.data-stream.async.request.thread.pool.cached = false (default)
2023-12-05 10:05:51,869 [main] INFO  server.RaftServerConfigKeys (ConfUtils.java:logGet(46)) - raft.server.data-stream.async.request.thread.pool.size = 20 (custom)
2023-12-05 10:05:51,869 [main] INFO  server.RaftServerConfigKeys (ConfUtils.java:logGet(46)) - raft.server.data-stream.async.write.thread.pool.size = 16 (default)
2023-12-05 10:05:51,869 [main] INFO  netty.NettyConfigKeys$DataStream (ConfUtils.java:logGet(46)) - raft.netty.dataStream.server.channel.inactive.grace-period = 10min (default)
2023-12-05 10:05:51,869 [main] INFO  server.RaftServerConfigKeys (ConfUtils.java:logGet(46)) - raft.server.data-stream.client.pool.size = 10 (default)
2023-12-05 10:05:51,870 [main] INFO  netty.NettyConfigKeys$DataStream (ConfUtils.java:logGet(46)) - raft.netty.dataStream.server.use-epoll = true (default)
2023-12-05 10:05:51,870 [main] INFO  netty.NettyConfigKeys$DataStream (ConfUtils.java:logGet(46)) - raft.netty.dataStream.server.boss-group.size = 0 (default)
2023-12-05 10:05:51,870 [main] INFO  netty.NettyUtils (NettyUtils.java:newEventLoopGroup(69)) - Create EpollEventLoopGroup for bcc7b4f4-64c2-40bd-855e-f062474916f1-NettyServerStreamRpc-bossGroup; Thread size is 0.
2023-12-05 10:05:51,870 [main] INFO  netty.NettyConfigKeys$DataStream (ConfUtils.java:logGet(46)) - raft.netty.dataStream.server.worker-group.size = 0 (default)
2023-12-05 10:05:51,870 [main] INFO  netty.NettyUtils (NettyUtils.java:newEventLoopGroup(69)) - Create EpollEventLoopGroup for bcc7b4f4-64c2-40bd-855e-f062474916f1-NettyServerStreamRpc-workerGroup; Thread size is 0.
2023-12-05 10:05:51,870 [main] INFO  netty.NettyConfigKeys$DataStream (ConfUtils.java:logGet(46)) - raft.netty.dataStream.server.tls.conf = null (default)
2023-12-05 10:05:51,870 [main] INFO  netty.NettyConfigKeys$DataStream (ConfUtils.java:logGet(46)) - raft.netty.dataStream.host = null (default)
2023-12-05 10:05:51,871 [main] INFO  netty.NettyConfigKeys$DataStream (ConfUtils.java:logGet(46)) - raft.netty.dataStream.port = 15190 (custom)
2023-12-05 10:05:51,871 [main] INFO  server.RaftServerConfigKeys (ConfUtils.java:logGet(46)) - raft.server.sleep.deviation.threshold = 300ms (default)
2023-12-05 10:05:51,871 [main] INFO  server.RaftServerConfigKeys (ConfUtils.java:logGet(46)) - raft.server.close.threshold = 60s (default)
2023-12-05 10:05:51,871 [bcc7b4f4-64c2-40bd-855e-f062474916f1-NettyServerStreamRpc-bossGroup--thread1] INFO  logging.LoggingHandler (AbstractInternalLogger.java:log(148)) - [id: 0x97ad8b38] REGISTERED
2023-12-05 10:05:51,871 [main] INFO  server.RaftServerConfigKeys (ConfUtils.java:logGet(46)) - raft.server.leaderelection.leader.step-down.wait-time = 10s (default)
2023-12-05 10:05:51,871 [bcc7b4f4-64c2-40bd-855e-f062474916f1-NettyServerStreamRpc-bossGroup--thread1] INFO  logging.LoggingHandler (AbstractInternalLogger.java:log(148)) - [id: 0x97ad8b38] BIND: 0.0.0.0/0.0.0.0:15190
2023-12-05 10:05:51,871 [main] INFO  server.RaftServerConfigKeys (ConfUtils.java:logGet(46)) - raft.server.storage.dir = [/home/runner/work/ozone/ozone/hadoop-ozone/integration-test/target/test-dir/MiniOzoneClusterImpl-1935f9c7-a71b-4f10-8b32-4eef1a617aae/datanode-0/data/ratis] (custom)
2023-12-05 10:05:51,871 [bcc7b4f4-64c2-40bd-855e-f062474916f1-NettyServerStreamRpc-bossGroup--thread1] INFO  logging.LoggingHandler (AbstractInternalLogger.java:log(148)) - [id: 0x97ad8b38, L:/0.0.0.0:15190] ACTIVE
2023-12-05 10:05:51,872 [main] INFO  server.RaftServerConfigKeys (ConfUtils.java:logGet(46)) - raft.server.threadpool.proxy.cached = true (default)
2023-12-05 10:05:51,872 [main] INFO  server.RaftServerConfigKeys (ConfUtils.java:logGet(46)) - raft.server.threadpool.proxy.size = 0 (default)
2023-12-05 10:05:51,872 [bcc7b4f4-64c2-40bd-855e-f062474916f1-impl-thread1] INFO  server.RaftServer (RaftServerProxy.java:initGroupDir(264)) - bcc7b4f4-64c2-40bd-855e-f062474916f1: found a subdirectory /home/runner/work/ozone/ozone/hadoop-ozone/integration-test/target/test-dir/MiniOzoneClusterImpl-1935f9c7-a71b-4f10-8b32-4eef1a617aae/datanode-0/data/ratis/tmp
2023-12-05 10:05:51,872 [bcc7b4f4-64c2-40bd-855e-f062474916f1-impl-thread1] INFO  server.RaftServer (RaftServerProxy.java:initGroupDir(269)) - bcc7b4f4-64c2-40bd-855e-f062474916f1: The directory /home/runner/work/ozone/ozone/hadoop-ozone/integration-test/target/test-dir/MiniOzoneClusterImpl-1935f9c7-a71b-4f10-8b32-4eef1a617aae/datanode-0/data/ratis/tmp is not a group directory; ignoring it. 
2023-12-05 10:05:51,872 [main] INFO  replication.ReplicationServer (ReplicationServer.java:<init>(85)) - Initializing replication server with thread count = 10 queue length = 4096
2023-12-05 10:05:51,873 [main] INFO  server.XceiverServerGrpc (XceiverServerGrpc.java:<init>(141)) - GrpcServer channel type EpollServerSocketChannel
2023-12-05 10:05:51,875 [main] INFO  replication.ReplicationSupervisor (ReplicationSupervisor.java:build(163)) - Initializing replication supervisor with thread count = 10
2023-12-05 10:05:51,875 [main] INFO  replication.ReplicationSupervisor (ReplicationSupervisor.java:nodeStateUpdated(317)) - Node state updated to IN_SERVICE, scaling executor pool size to 10
2023-12-05 10:05:51,878 [main] INFO  http.BaseHttpServer (BaseHttpServer.java:newHttpServer2BuilderForOzone(223)) - Starting Web-server for hddsDatanode at: http://0.0.0.0:15184
2023-12-05 10:05:51,878 [main] INFO  http.BaseHttpServer (BaseHttpServer.java:<init>(110)) - Hadoop Security Enabled: false Ozone Security Enabled: false Ozone HTTP Security Enabled: false 
2023-12-05 10:05:51,878 [main] WARN  server.AuthenticationFilter (AuthenticationFilter.java:constructSecretProvider(240)) - Unable to initialize FileSignerSecretProvider, falling back to use random secrets. Reason: Could not read signature secret file: /home/runner/hadoop-http-auth-signature-secret
2023-12-05 10:05:51,879 [main] INFO  http.HttpRequestLog (HttpRequestLog.java:getRequestLog(86)) - Http request log for http.requests.hddsDatanode is not defined
2023-12-05 10:05:51,880 [main] INFO  http.HttpServer2 (HttpServer2.java:addGlobalFilter(1031)) - Added global filter 'safety' (class=org.apache.hadoop.hdds.server.http.HttpServer2$QuotingInputFilter)
2023-12-05 10:05:51,880 [main] INFO  http.HttpServer2 (HttpServer2.java:addFilter(1007)) - Added filter static_user_filter (class=org.apache.hadoop.http.lib.StaticUserWebFilter$StaticUserFilter) to context hddsDatanode
2023-12-05 10:05:51,880 [main] INFO  http.HttpServer2 (HttpServer2.java:addFilter(1015)) - Added filter static_user_filter (class=org.apache.hadoop.http.lib.StaticUserWebFilter$StaticUserFilter) to context logs
2023-12-05 10:05:51,880 [main] INFO  http.HttpServer2 (HttpServer2.java:addFilter(1015)) - Added filter static_user_filter (class=org.apache.hadoop.http.lib.StaticUserWebFilter$StaticUserFilter) to context static
2023-12-05 10:05:51,881 [main] INFO  http.BaseHttpServer (BaseHttpServer.java:<init>(189)) - HTTP server of hddsDatanode uses base directory /home/runner/work/ozone/ozone/hadoop-ozone/integration-test/target/test-dir/MiniOzoneClusterImpl-1935f9c7-a71b-4f10-8b32-4eef1a617aae/datanode-0/meta/webserver
2023-12-05 10:05:51,881 [main] INFO  http.HttpServer2 (HttpServer2.java:bindListener(1231)) - Jetty bound to port 15184
2023-12-05 10:05:51,881 [main] INFO  server.Server (Server.java:doStart(375)) - jetty-9.4.53.v20231009; built: 2023-10-09T12:29:09.265Z; git: 27bde00a0b95a1d5bbee0eae7984f891d2d0f8c9; jvm 1.8.0_392-b08
2023-12-05 10:05:51,882 [main] INFO  server.session (DefaultSessionIdManager.java:doStart(334)) - DefaultSessionIdManager workerName=node0
2023-12-05 10:05:51,882 [main] INFO  server.session (DefaultSessionIdManager.java:doStart(339)) - No SessionScavenger set, using defaults
2023-12-05 10:05:51,882 [main] INFO  server.session (HouseKeeper.java:startScavenging(132)) - node0 Scavenging every 660000ms
2023-12-05 10:05:51,883 [main] INFO  handler.ContextHandler (ContextHandler.java:doStart(921)) - Started o.e.j.s.ServletContextHandler@55f51571{logs,/logs,file:///home/runner/work/ozone/ozone/hadoop-ozone/integration-test/target/log,AVAILABLE}
2023-12-05 10:05:51,883 [main] INFO  handler.ContextHandler (ContextHandler.java:doStart(921)) - Started o.e.j.s.ServletContextHandler@15d3e2d4{static,/static,jar:file:/home/runner/.m2/repository/org/apache/ozone/hdds-container-service/1.4.0-SNAPSHOT/hdds-container-service-1.4.0-SNAPSHOT.jar!/webapps/static,AVAILABLE}
2023-12-05 10:05:51,916 [main] INFO  handler.ContextHandler (ContextHandler.java:doStart(921)) - Started o.e.j.w.WebAppContext@52b70ee6{hddsDatanode,/,file:///home/runner/work/ozone/ozone/hadoop-ozone/integration-test/target/test-dir/MiniOzoneClusterImpl-1935f9c7-a71b-4f10-8b32-4eef1a617aae/datanode-0/meta/webserver/jetty-0_0_0_0-15184-hdds-container-service-1_4_0-SNAPSHOT_jar-_-any-5258053355882392590/webapp/,AVAILABLE}{jar:file:/home/runner/.m2/repository/org/apache/ozone/hdds-container-service/1.4.0-SNAPSHOT/hdds-container-service-1.4.0-SNAPSHOT.jar!/webapps/hddsDatanode}
2023-12-05 10:05:51,917 [main] INFO  server.AbstractConnector (AbstractConnector.java:doStart(333)) - Started ServerConnector@7ea616b3{HTTP/1.1, (http/1.1)}{0.0.0.0:15184}
2023-12-05 10:05:51,917 [main] INFO  server.Server (Server.java:doStart(415)) - Started @92581ms
2023-12-05 10:05:51,918 [main] WARN  impl.MetricsSystemImpl (MetricsSystemImpl.java:register(279)) - Sink prometheus already exists!
2023-12-05 10:05:51,918 [main] INFO  http.BaseHttpServer (BaseHttpServer.java:updateConnectorAddress(354)) - HTTP server of hddsDatanode listening at http://0.0.0.0:15184
2023-12-05 10:05:51,918 [main] INFO  ipc.CallQueueManager (CallQueueManager.java:<init>(90)) - Using callQueue: class java.util.concurrent.LinkedBlockingQueue, queueCapacity: 100, scheduler: class org.apache.hadoop.ipc.DefaultRpcScheduler, ipcBackoff: false.
2023-12-05 10:05:51,919 [main] INFO  ipc.Server (Server.java:<init>(1287)) - Listener at 0.0.0.0:15185
2023-12-05 10:05:51,919 [Socket Reader #1 for port 15185] INFO  ipc.Server (Server.java:run(1323)) - Starting Socket Reader #1 for port 15185
2023-12-05 10:05:51,920 [main] INFO  ozone.HddsDatanodeService (HddsDatanodeService.java:start(324)) - Datanode start with admins: [runner]
2023-12-05 10:05:51,920 [main] INFO  ozone.HddsDatanodeClientProtocolServer (HddsDatanodeClientProtocolServer.java:start(72)) - RPC server for Client /0.0.0.0:15185
2023-12-05 10:05:51,921 [IPC Server Responder] INFO  ipc.Server (Server.java:run(1562)) - IPC Server Responder: starting
2023-12-05 10:05:51,921 [IPC Server listener on 15185] INFO  ipc.Server (Server.java:run(1402)) - IPC Server listener on 15185: starting
2023-12-05 10:05:51,922 [bcc7b4f4-64c2-40bd-855e-f062474916f1-DatanodeStateMachineDaemonThread] INFO  statemachine.DatanodeStateMachine (DatanodeStateMachine.java:lambda$startDaemon$1(555)) - Ozone container server started.
2023-12-05 10:05:51,922 [main] WARN  dropwizard3.Dm3MetricRegistriesImpl (Dm3MetricRegistriesImpl.java:addReporterRegistration(113)) - New reporters are added after registries were created. Some metrics will be missing from the reporter. Please add reporter before adding any new registry.
2023-12-05 10:05:51,923 [main] WARN  dropwizard3.Dm3MetricRegistriesImpl (Dm3MetricRegistriesImpl.java:addReporterRegistration(113)) - New reporters are added after registries were created. Some metrics will be missing from the reporter. Please add reporter before adding any new registry.
2023-12-05 10:05:51,923 [main] INFO  impl.MetricsSystemImpl (MetricsSystemImpl.java:init(158)) - HddsDatanode metrics system started (again)
2023-12-05 10:05:51,929 [bcc7b4f4-64c2-40bd-855e-f062474916f1-DatanodeStateMachineTaskThread-0] INFO  datanode.InitDatanodeState (InitDatanodeState.java:persistContainerDatanodeDetails(139)) - DatanodeDetails is persisted to /home/runner/work/ozone/ozone/hadoop-ozone/integration-test/target/test-dir/MiniOzoneClusterImpl-1935f9c7-a71b-4f10-8b32-4eef1a617aae/datanode-0/meta/datanode.id
2023-12-05 10:05:51,931 [main] INFO  ozone.HddsDatanodeService (HddsDatanodeService.java:start(239)) - HddsDatanodeService host:fv-az884-53.nlrrjjsaionubk4jys1hz1dhmg.bx.internal.cloudapp.net ip:10.1.0.7
2023-12-05 10:05:51,946 [main] INFO  upgrade.AbstractLayoutVersionManager (AbstractLayoutVersionManager.java:init(83)) - Initializing Layout version manager with metadata layout = HADOOP_PRC_PORTS_IN_DATANODEDETAILS (version = 7), software layout = HADOOP_PRC_PORTS_IN_DATANODEDETAILS (version = 7)
2023-12-05 10:05:51,946 [main] INFO  statemachine.DatanodeStateMachine (DatanodeStateMachine.java:getEndPointTaskThreadPoolSize(299)) - Datanode State Machine Task Thread Pool size 2
2023-12-05 10:05:51,947 [main] INFO  volume.HddsVolume (HddsVolume.java:<init>(126)) - Creating HddsVolume: /home/runner/work/ozone/ozone/hadoop-ozone/integration-test/target/test-dir/MiniOzoneClusterImpl-1935f9c7-a71b-4f10-8b32-4eef1a617aae/datanode-1/data-0/containers/hdds of storage type : DISK capacity : 9223372036854775807
2023-12-05 10:05:51,947 [main] INFO  volume.MutableVolumeSet (MutableVolumeSet.java:initializeVolumeSet(173)) - Added Volume : /home/runner/work/ozone/ozone/hadoop-ozone/integration-test/target/test-dir/MiniOzoneClusterImpl-1935f9c7-a71b-4f10-8b32-4eef1a617aae/datanode-1/data-0/containers/hdds to VolumeSet
2023-12-05 10:05:51,948 [main] INFO  volume.MutableVolumeSet (MutableVolumeSet.java:initializeVolumeSet(173)) - Added Volume : /home/runner/work/ozone/ozone/hadoop-ozone/integration-test/target/test-dir/MiniOzoneClusterImpl-1935f9c7-a71b-4f10-8b32-4eef1a617aae/datanode-1/data/ratis to VolumeSet
2023-12-05 10:05:51,948 [main] INFO  ozoneimpl.OzoneContainer (HddsVolumeUtil.java:loadAllHddsVolumeDbStore(103)) - Load 1 volumes DbStore cost: 0ms
2023-12-05 10:05:51,948 [4342bc39-cca9-4f61-b8ed-08126dfe3856-ContainerReader-0] INFO  ozoneimpl.ContainerReader (ContainerReader.java:readVolume(177)) - Finish verifying containers on volume /home/runner/work/ozone/ozone/hadoop-ozone/integration-test/target/test-dir/MiniOzoneClusterImpl-1935f9c7-a71b-4f10-8b32-4eef1a617aae/datanode-1/data-0/containers/hdds
2023-12-05 10:05:51,948 [main] INFO  ozoneimpl.OzoneContainer (OzoneContainer.java:buildContainerSet(326)) - Build ContainerSet costs 0s
2023-12-05 10:05:51,950 [main] INFO  server.RaftServer (ConfUtils.java:logGet(46)) - raft.rpc.type = GRPC (default)
2023-12-05 10:05:51,950 [main] INFO  grpc.GrpcConfigKeys (ConfUtils.java:logFallback(53)) - raft.grpc.admin.host = null (fallback to raft.grpc.server.host)
2023-12-05 10:05:51,950 [main] INFO  grpc.GrpcConfigKeys (ConfUtils.java:logGet(46)) - raft.grpc.admin.port = 15197 (custom)
2023-12-05 10:05:51,950 [main] INFO  grpc.GrpcConfigKeys (ConfUtils.java:logFallback(53)) - raft.grpc.client.host = null (fallback to raft.grpc.server.host)
2023-12-05 10:05:51,951 [main] INFO  grpc.GrpcConfigKeys (ConfUtils.java:logGet(46)) - raft.grpc.client.port = 15196 (custom)
2023-12-05 10:05:51,951 [main] INFO  grpc.GrpcConfigKeys (ConfUtils.java:logGet(46)) - raft.grpc.server.host = null (default)
2023-12-05 10:05:51,951 [main] INFO  grpc.GrpcConfigKeys (ConfUtils.java:logGet(46)) - raft.grpc.server.port = 15198 (custom)
2023-12-05 10:05:51,951 [main] INFO  server.GrpcService (ConfUtils.java:logGet(46)) - raft.grpc.message.size.max = 32MB (=33554432) (custom)
2023-12-05 10:05:51,951 [main] INFO  server.RaftServerConfigKeys (ConfUtils.java:logGet(46)) - raft.server.log.appender.buffer.byte-limit = 8388608 (custom)
2023-12-05 10:05:51,951 [main] INFO  server.GrpcService (ConfUtils.java:logGet(46)) - raft.grpc.flow.control.window = 5MB (=5242880) (custom)
2023-12-05 10:05:51,951 [main] INFO  server.RaftServerConfigKeys (ConfUtils.java:logGet(46)) - raft.server.rpc.request.timeout = 60s (custom)
2023-12-05 10:05:51,951 [main] INFO  grpc.GrpcConfigKeys (ConfUtils.java:logGet(46)) - raft.grpc.server.heartbeat.channel = true (default)
2023-12-05 10:05:51,951 [main] INFO  grpc.GrpcConfigKeys (ConfUtils.java:logGet(46)) - raft.grpc.server.async.request.thread.pool.cached = true (default)
2023-12-05 10:05:51,951 [main] INFO  grpc.GrpcConfigKeys (ConfUtils.java:logGet(46)) - raft.grpc.server.async.request.thread.pool.size = 32 (default)
2023-12-05 10:05:51,953 [main] INFO  impl.DataStreamServerImpl (ConfUtils.java:logGet(46)) - raft.datastream.type = NETTY (custom)
2023-12-05 10:05:51,953 [main] INFO  server.RaftServerConfigKeys (ConfUtils.java:logGet(46)) - raft.server.data-stream.async.request.thread.pool.cached = false (default)
2023-12-05 10:05:51,954 [main] INFO  server.RaftServerConfigKeys (ConfUtils.java:logGet(46)) - raft.server.data-stream.async.request.thread.pool.size = 20 (custom)
2023-12-05 10:05:51,954 [main] INFO  server.RaftServerConfigKeys (ConfUtils.java:logGet(46)) - raft.server.data-stream.async.write.thread.pool.size = 16 (default)
2023-12-05 10:05:51,954 [main] INFO  netty.NettyConfigKeys$DataStream (ConfUtils.java:logGet(46)) - raft.netty.dataStream.server.channel.inactive.grace-period = 10min (default)
2023-12-05 10:05:51,954 [main] INFO  server.RaftServerConfigKeys (ConfUtils.java:logGet(46)) - raft.server.data-stream.client.pool.size = 10 (default)
2023-12-05 10:05:51,954 [main] INFO  netty.NettyConfigKeys$DataStream (ConfUtils.java:logGet(46)) - raft.netty.dataStream.server.use-epoll = true (default)
2023-12-05 10:05:51,954 [main] INFO  netty.NettyConfigKeys$DataStream (ConfUtils.java:logGet(46)) - raft.netty.dataStream.server.boss-group.size = 0 (default)
2023-12-05 10:05:51,954 [main] INFO  netty.NettyUtils (NettyUtils.java:newEventLoopGroup(69)) - Create EpollEventLoopGroup for 4342bc39-cca9-4f61-b8ed-08126dfe3856-NettyServerStreamRpc-bossGroup; Thread size is 0.
2023-12-05 10:05:51,954 [main] INFO  netty.NettyConfigKeys$DataStream (ConfUtils.java:logGet(46)) - raft.netty.dataStream.server.worker-group.size = 0 (default)
2023-12-05 10:05:51,955 [main] INFO  netty.NettyUtils (NettyUtils.java:newEventLoopGroup(69)) - Create EpollEventLoopGroup for 4342bc39-cca9-4f61-b8ed-08126dfe3856-NettyServerStreamRpc-workerGroup; Thread size is 0.
2023-12-05 10:05:51,955 [main] INFO  netty.NettyConfigKeys$DataStream (ConfUtils.java:logGet(46)) - raft.netty.dataStream.server.tls.conf = null (default)
2023-12-05 10:05:51,955 [main] INFO  netty.NettyConfigKeys$DataStream (ConfUtils.java:logGet(46)) - raft.netty.dataStream.host = null (default)
2023-12-05 10:05:51,955 [main] INFO  netty.NettyConfigKeys$DataStream (ConfUtils.java:logGet(46)) - raft.netty.dataStream.port = 15199 (custom)
2023-12-05 10:05:51,955 [main] INFO  server.RaftServerConfigKeys (ConfUtils.java:logGet(46)) - raft.server.sleep.deviation.threshold = 300ms (default)
2023-12-05 10:05:51,955 [main] INFO  server.RaftServerConfigKeys (ConfUtils.java:logGet(46)) - raft.server.close.threshold = 60s (default)
2023-12-05 10:05:51,956 [main] INFO  server.RaftServerConfigKeys (ConfUtils.java:logGet(46)) - raft.server.leaderelection.leader.step-down.wait-time = 10s (default)
2023-12-05 10:05:51,956 [main] INFO  server.RaftServerConfigKeys (ConfUtils.java:logGet(46)) - raft.server.storage.dir = [/home/runner/work/ozone/ozone/hadoop-ozone/integration-test/target/test-dir/MiniOzoneClusterImpl-1935f9c7-a71b-4f10-8b32-4eef1a617aae/datanode-1/data/ratis] (custom)
2023-12-05 10:05:51,956 [4342bc39-cca9-4f61-b8ed-08126dfe3856-NettyServerStreamRpc-bossGroup--thread1] INFO  logging.LoggingHandler (AbstractInternalLogger.java:log(148)) - [id: 0xbd5bcb9a] REGISTERED
2023-12-05 10:05:51,956 [main] INFO  server.RaftServerConfigKeys (ConfUtils.java:logGet(46)) - raft.server.threadpool.proxy.cached = true (default)
2023-12-05 10:05:51,956 [main] INFO  server.RaftServerConfigKeys (ConfUtils.java:logGet(46)) - raft.server.threadpool.proxy.size = 0 (default)
2023-12-05 10:05:51,956 [4342bc39-cca9-4f61-b8ed-08126dfe3856-impl-thread1] INFO  server.RaftServer (RaftServerProxy.java:initGroupDir(264)) - 4342bc39-cca9-4f61-b8ed-08126dfe3856: found a subdirectory /home/runner/work/ozone/ozone/hadoop-ozone/integration-test/target/test-dir/MiniOzoneClusterImpl-1935f9c7-a71b-4f10-8b32-4eef1a617aae/datanode-1/data/ratis/tmp
2023-12-05 10:05:51,956 [4342bc39-cca9-4f61-b8ed-08126dfe3856-impl-thread1] INFO  server.RaftServer (RaftServerProxy.java:initGroupDir(269)) - 4342bc39-cca9-4f61-b8ed-08126dfe3856: The directory /home/runner/work/ozone/ozone/hadoop-ozone/integration-test/target/test-dir/MiniOzoneClusterImpl-1935f9c7-a71b-4f10-8b32-4eef1a617aae/datanode-1/data/ratis/tmp is not a group directory; ignoring it. 
2023-12-05 10:05:51,957 [main] INFO  replication.ReplicationServer (ReplicationServer.java:<init>(85)) - Initializing replication server with thread count = 10 queue length = 4096
2023-12-05 10:05:51,957 [main] INFO  server.XceiverServerGrpc (XceiverServerGrpc.java:<init>(141)) - GrpcServer channel type EpollServerSocketChannel
2023-12-05 10:05:51,958 [4342bc39-cca9-4f61-b8ed-08126dfe3856-NettyServerStreamRpc-bossGroup--thread1] INFO  logging.LoggingHandler (AbstractInternalLogger.java:log(148)) - [id: 0xbd5bcb9a] BIND: 0.0.0.0/0.0.0.0:15199
2023-12-05 10:05:51,958 [4342bc39-cca9-4f61-b8ed-08126dfe3856-NettyServerStreamRpc-bossGroup--thread1] INFO  logging.LoggingHandler (AbstractInternalLogger.java:log(148)) - [id: 0xbd5bcb9a, L:/0.0.0.0:15199] ACTIVE
2023-12-05 10:05:51,959 [main] INFO  replication.ReplicationSupervisor (ReplicationSupervisor.java:build(163)) - Initializing replication supervisor with thread count = 10
2023-12-05 10:05:51,959 [main] INFO  replication.ReplicationSupervisor (ReplicationSupervisor.java:nodeStateUpdated(317)) - Node state updated to IN_SERVICE, scaling executor pool size to 10
2023-12-05 10:05:51,961 [main] INFO  http.BaseHttpServer (BaseHttpServer.java:newHttpServer2BuilderForOzone(223)) - Starting Web-server for hddsDatanode at: http://0.0.0.0:15193
2023-12-05 10:05:51,961 [main] INFO  http.BaseHttpServer (BaseHttpServer.java:<init>(110)) - Hadoop Security Enabled: false Ozone Security Enabled: false Ozone HTTP Security Enabled: false 
2023-12-05 10:05:51,961 [main] WARN  server.AuthenticationFilter (AuthenticationFilter.java:constructSecretProvider(240)) - Unable to initialize FileSignerSecretProvider, falling back to use random secrets. Reason: Could not read signature secret file: /home/runner/hadoop-http-auth-signature-secret
2023-12-05 10:05:51,962 [main] INFO  http.HttpRequestLog (HttpRequestLog.java:getRequestLog(86)) - Http request log for http.requests.hddsDatanode is not defined
2023-12-05 10:05:51,963 [main] INFO  http.HttpServer2 (HttpServer2.java:addGlobalFilter(1031)) - Added global filter 'safety' (class=org.apache.hadoop.hdds.server.http.HttpServer2$QuotingInputFilter)
2023-12-05 10:05:51,963 [main] INFO  http.HttpServer2 (HttpServer2.java:addFilter(1007)) - Added filter static_user_filter (class=org.apache.hadoop.http.lib.StaticUserWebFilter$StaticUserFilter) to context hddsDatanode
2023-12-05 10:05:51,963 [main] INFO  http.HttpServer2 (HttpServer2.java:addFilter(1015)) - Added filter static_user_filter (class=org.apache.hadoop.http.lib.StaticUserWebFilter$StaticUserFilter) to context static
2023-12-05 10:05:51,964 [main] INFO  http.HttpServer2 (HttpServer2.java:addFilter(1015)) - Added filter static_user_filter (class=org.apache.hadoop.http.lib.StaticUserWebFilter$StaticUserFilter) to context logs
2023-12-05 10:05:51,964 [main] INFO  http.BaseHttpServer (BaseHttpServer.java:<init>(189)) - HTTP server of hddsDatanode uses base directory /home/runner/work/ozone/ozone/hadoop-ozone/integration-test/target/test-dir/MiniOzoneClusterImpl-1935f9c7-a71b-4f10-8b32-4eef1a617aae/datanode-1/meta/webserver
2023-12-05 10:05:51,964 [main] INFO  http.HttpServer2 (HttpServer2.java:bindListener(1231)) - Jetty bound to port 15193
2023-12-05 10:05:51,964 [main] INFO  server.Server (Server.java:doStart(375)) - jetty-9.4.53.v20231009; built: 2023-10-09T12:29:09.265Z; git: 27bde00a0b95a1d5bbee0eae7984f891d2d0f8c9; jvm 1.8.0_392-b08
2023-12-05 10:05:51,965 [main] INFO  server.session (DefaultSessionIdManager.java:doStart(334)) - DefaultSessionIdManager workerName=node0
2023-12-05 10:05:51,965 [main] INFO  server.session (DefaultSessionIdManager.java:doStart(339)) - No SessionScavenger set, using defaults
2023-12-05 10:05:51,966 [main] INFO  server.session (HouseKeeper.java:startScavenging(132)) - node0 Scavenging every 600000ms
2023-12-05 10:05:51,966 [main] INFO  handler.ContextHandler (ContextHandler.java:doStart(921)) - Started o.e.j.s.ServletContextHandler@43fb9456{logs,/logs,file:///home/runner/work/ozone/ozone/hadoop-ozone/integration-test/target/log,AVAILABLE}
2023-12-05 10:05:51,966 [main] INFO  handler.ContextHandler (ContextHandler.java:doStart(921)) - Started o.e.j.s.ServletContextHandler@38a43698{static,/static,jar:file:/home/runner/.m2/repository/org/apache/ozone/hdds-container-service/1.4.0-SNAPSHOT/hdds-container-service-1.4.0-SNAPSHOT.jar!/webapps/static,AVAILABLE}
2023-12-05 10:05:52,000 [main] INFO  handler.ContextHandler (ContextHandler.java:doStart(921)) - Started o.e.j.w.WebAppContext@5e1629fe{hddsDatanode,/,file:///home/runner/work/ozone/ozone/hadoop-ozone/integration-test/target/test-dir/MiniOzoneClusterImpl-1935f9c7-a71b-4f10-8b32-4eef1a617aae/datanode-1/meta/webserver/jetty-0_0_0_0-15193-hdds-container-service-1_4_0-SNAPSHOT_jar-_-any-7021708232384428517/webapp/,AVAILABLE}{jar:file:/home/runner/.m2/repository/org/apache/ozone/hdds-container-service/1.4.0-SNAPSHOT/hdds-container-service-1.4.0-SNAPSHOT.jar!/webapps/hddsDatanode}
2023-12-05 10:05:52,002 [main] INFO  server.AbstractConnector (AbstractConnector.java:doStart(333)) - Started ServerConnector@5efff4c8{HTTP/1.1, (http/1.1)}{0.0.0.0:15193}
2023-12-05 10:05:52,002 [main] INFO  server.Server (Server.java:doStart(415)) - Started @92666ms
2023-12-05 10:05:52,002 [main] WARN  impl.MetricsSystemImpl (MetricsSystemImpl.java:register(279)) - Sink prometheus already exists!
2023-12-05 10:05:52,003 [main] INFO  http.BaseHttpServer (BaseHttpServer.java:updateConnectorAddress(354)) - HTTP server of hddsDatanode listening at http://0.0.0.0:15193
2023-12-05 10:05:52,003 [main] INFO  ipc.CallQueueManager (CallQueueManager.java:<init>(90)) - Using callQueue: class java.util.concurrent.LinkedBlockingQueue, queueCapacity: 100, scheduler: class org.apache.hadoop.ipc.DefaultRpcScheduler, ipcBackoff: false.
2023-12-05 10:05:52,003 [main] INFO  ipc.Server (Server.java:<init>(1287)) - Listener at 0.0.0.0:15194
2023-12-05 10:05:52,003 [Socket Reader #1 for port 15194] INFO  ipc.Server (Server.java:run(1323)) - Starting Socket Reader #1 for port 15194
2023-12-05 10:05:52,005 [main] INFO  ozone.HddsDatanodeService (HddsDatanodeService.java:start(324)) - Datanode start with admins: [runner]
2023-12-05 10:05:52,005 [main] INFO  ozone.HddsDatanodeClientProtocolServer (HddsDatanodeClientProtocolServer.java:start(72)) - RPC server for Client /0.0.0.0:15194
2023-12-05 10:05:52,005 [IPC Server Responder] INFO  ipc.Server (Server.java:run(1562)) - IPC Server Responder: starting
2023-12-05 10:05:52,005 [IPC Server listener on 15194] INFO  ipc.Server (Server.java:run(1402)) - IPC Server listener on 15194: starting
2023-12-05 10:05:52,006 [4342bc39-cca9-4f61-b8ed-08126dfe3856-DatanodeStateMachineDaemonThread] INFO  statemachine.DatanodeStateMachine (DatanodeStateMachine.java:lambda$startDaemon$1(555)) - Ozone container server started.
2023-12-05 10:05:52,006 [main] WARN  dropwizard3.Dm3MetricRegistriesImpl (Dm3MetricRegistriesImpl.java:addReporterRegistration(113)) - New reporters are added after registries were created. Some metrics will be missing from the reporter. Please add reporter before adding any new registry.
2023-12-05 10:05:52,007 [main] WARN  dropwizard3.Dm3MetricRegistriesImpl (Dm3MetricRegistriesImpl.java:addReporterRegistration(113)) - New reporters are added after registries were created. Some metrics will be missing from the reporter. Please add reporter before adding any new registry.
2023-12-05 10:05:52,007 [main] INFO  impl.MetricsSystemImpl (MetricsSystemImpl.java:init(158)) - HddsDatanode metrics system started (again)
2023-12-05 10:05:52,009 [4342bc39-cca9-4f61-b8ed-08126dfe3856-DatanodeStateMachineTaskThread-0] INFO  datanode.InitDatanodeState (InitDatanodeState.java:persistContainerDatanodeDetails(139)) - DatanodeDetails is persisted to /home/runner/work/ozone/ozone/hadoop-ozone/integration-test/target/test-dir/MiniOzoneClusterImpl-1935f9c7-a71b-4f10-8b32-4eef1a617aae/datanode-1/meta/datanode.id
2023-12-05 10:05:52,015 [main] INFO  ozone.HddsDatanodeService (HddsDatanodeService.java:start(239)) - HddsDatanodeService host:fv-az884-53.nlrrjjsaionubk4jys1hz1dhmg.bx.internal.cloudapp.net ip:10.1.0.7
2023-12-05 10:05:52,030 [main] INFO  upgrade.AbstractLayoutVersionManager (AbstractLayoutVersionManager.java:init(83)) - Initializing Layout version manager with metadata layout = HADOOP_PRC_PORTS_IN_DATANODEDETAILS (version = 7), software layout = HADOOP_PRC_PORTS_IN_DATANODEDETAILS (version = 7)
2023-12-05 10:05:52,031 [main] INFO  statemachine.DatanodeStateMachine (DatanodeStateMachine.java:getEndPointTaskThreadPoolSize(299)) - Datanode State Machine Task Thread Pool size 2
2023-12-05 10:05:52,032 [main] INFO  volume.HddsVolume (HddsVolume.java:<init>(126)) - Creating HddsVolume: /home/runner/work/ozone/ozone/hadoop-ozone/integration-test/target/test-dir/MiniOzoneClusterImpl-1935f9c7-a71b-4f10-8b32-4eef1a617aae/datanode-2/data-0/containers/hdds of storage type : DISK capacity : 9223372036854775807
2023-12-05 10:05:52,032 [main] INFO  volume.MutableVolumeSet (MutableVolumeSet.java:initializeVolumeSet(173)) - Added Volume : /home/runner/work/ozone/ozone/hadoop-ozone/integration-test/target/test-dir/MiniOzoneClusterImpl-1935f9c7-a71b-4f10-8b32-4eef1a617aae/datanode-2/data-0/containers/hdds to VolumeSet
2023-12-05 10:05:52,032 [main] INFO  volume.MutableVolumeSet (MutableVolumeSet.java:initializeVolumeSet(173)) - Added Volume : /home/runner/work/ozone/ozone/hadoop-ozone/integration-test/target/test-dir/MiniOzoneClusterImpl-1935f9c7-a71b-4f10-8b32-4eef1a617aae/datanode-2/data/ratis to VolumeSet
2023-12-05 10:05:52,033 [main] INFO  ozoneimpl.OzoneContainer (HddsVolumeUtil.java:loadAllHddsVolumeDbStore(103)) - Load 1 volumes DbStore cost: 0ms
2023-12-05 10:05:52,033 [8f0f62b5-c9ed-4a54-85c1-2113097341cf-ContainerReader-0] INFO  ozoneimpl.ContainerReader (ContainerReader.java:readVolume(177)) - Finish verifying containers on volume /home/runner/work/ozone/ozone/hadoop-ozone/integration-test/target/test-dir/MiniOzoneClusterImpl-1935f9c7-a71b-4f10-8b32-4eef1a617aae/datanode-2/data-0/containers/hdds
2023-12-05 10:05:52,033 [main] INFO  ozoneimpl.OzoneContainer (OzoneContainer.java:buildContainerSet(326)) - Build ContainerSet costs 0s
2023-12-05 10:05:52,035 [main] INFO  server.RaftServer (ConfUtils.java:logGet(46)) - raft.rpc.type = GRPC (default)
2023-12-05 10:05:52,035 [main] INFO  grpc.GrpcConfigKeys (ConfUtils.java:logFallback(53)) - raft.grpc.admin.host = null (fallback to raft.grpc.server.host)
2023-12-05 10:05:52,035 [main] INFO  grpc.GrpcConfigKeys (ConfUtils.java:logGet(46)) - raft.grpc.admin.port = 15206 (custom)
2023-12-05 10:05:52,035 [main] INFO  grpc.GrpcConfigKeys (ConfUtils.java:logFallback(53)) - raft.grpc.client.host = null (fallback to raft.grpc.server.host)
2023-12-05 10:05:52,035 [main] INFO  grpc.GrpcConfigKeys (ConfUtils.java:logGet(46)) - raft.grpc.client.port = 15205 (custom)
2023-12-05 10:05:52,035 [main] INFO  grpc.GrpcConfigKeys (ConfUtils.java:logGet(46)) - raft.grpc.server.host = null (default)
2023-12-05 10:05:52,035 [main] INFO  grpc.GrpcConfigKeys (ConfUtils.java:logGet(46)) - raft.grpc.server.port = 15207 (custom)
2023-12-05 10:05:52,035 [main] INFO  server.GrpcService (ConfUtils.java:logGet(46)) - raft.grpc.message.size.max = 32MB (=33554432) (custom)
2023-12-05 10:05:52,035 [main] INFO  server.RaftServerConfigKeys (ConfUtils.java:logGet(46)) - raft.server.log.appender.buffer.byte-limit = 8388608 (custom)
2023-12-05 10:05:52,036 [main] INFO  server.GrpcService (ConfUtils.java:logGet(46)) - raft.grpc.flow.control.window = 5MB (=5242880) (custom)
2023-12-05 10:05:52,036 [main] INFO  server.RaftServerConfigKeys (ConfUtils.java:logGet(46)) - raft.server.rpc.request.timeout = 60s (custom)
2023-12-05 10:05:52,036 [main] INFO  grpc.GrpcConfigKeys (ConfUtils.java:logGet(46)) - raft.grpc.server.heartbeat.channel = true (default)
2023-12-05 10:05:52,036 [main] INFO  grpc.GrpcConfigKeys (ConfUtils.java:logGet(46)) - raft.grpc.server.async.request.thread.pool.cached = true (default)
2023-12-05 10:05:52,036 [main] INFO  grpc.GrpcConfigKeys (ConfUtils.java:logGet(46)) - raft.grpc.server.async.request.thread.pool.size = 32 (default)
2023-12-05 10:05:52,038 [main] INFO  impl.DataStreamServerImpl (ConfUtils.java:logGet(46)) - raft.datastream.type = NETTY (custom)
2023-12-05 10:05:52,038 [main] INFO  server.RaftServerConfigKeys (ConfUtils.java:logGet(46)) - raft.server.data-stream.async.request.thread.pool.cached = false (default)
2023-12-05 10:05:52,038 [main] INFO  server.RaftServerConfigKeys (ConfUtils.java:logGet(46)) - raft.server.data-stream.async.request.thread.pool.size = 20 (custom)
2023-12-05 10:05:52,039 [main] INFO  server.RaftServerConfigKeys (ConfUtils.java:logGet(46)) - raft.server.data-stream.async.write.thread.pool.size = 16 (default)
2023-12-05 10:05:52,039 [main] INFO  netty.NettyConfigKeys$DataStream (ConfUtils.java:logGet(46)) - raft.netty.dataStream.server.channel.inactive.grace-period = 10min (default)
2023-12-05 10:05:52,039 [main] INFO  server.RaftServerConfigKeys (ConfUtils.java:logGet(46)) - raft.server.data-stream.client.pool.size = 10 (default)
2023-12-05 10:05:52,039 [main] INFO  netty.NettyConfigKeys$DataStream (ConfUtils.java:logGet(46)) - raft.netty.dataStream.server.use-epoll = true (default)
2023-12-05 10:05:52,039 [main] INFO  netty.NettyConfigKeys$DataStream (ConfUtils.java:logGet(46)) - raft.netty.dataStream.server.boss-group.size = 0 (default)
2023-12-05 10:05:52,039 [main] INFO  netty.NettyUtils (NettyUtils.java:newEventLoopGroup(69)) - Create EpollEventLoopGroup for 8f0f62b5-c9ed-4a54-85c1-2113097341cf-NettyServerStreamRpc-bossGroup; Thread size is 0.
2023-12-05 10:05:52,039 [main] INFO  netty.NettyConfigKeys$DataStream (ConfUtils.java:logGet(46)) - raft.netty.dataStream.server.worker-group.size = 0 (default)
2023-12-05 10:05:52,039 [main] INFO  netty.NettyUtils (NettyUtils.java:newEventLoopGroup(69)) - Create EpollEventLoopGroup for 8f0f62b5-c9ed-4a54-85c1-2113097341cf-NettyServerStreamRpc-workerGroup; Thread size is 0.
2023-12-05 10:05:52,040 [main] INFO  netty.NettyConfigKeys$DataStream (ConfUtils.java:logGet(46)) - raft.netty.dataStream.server.tls.conf = null (default)
2023-12-05 10:05:52,040 [main] INFO  netty.NettyConfigKeys$DataStream (ConfUtils.java:logGet(46)) - raft.netty.dataStream.host = null (default)
2023-12-05 10:05:52,040 [main] INFO  netty.NettyConfigKeys$DataStream (ConfUtils.java:logGet(46)) - raft.netty.dataStream.port = 15208 (custom)
2023-12-05 10:05:52,040 [main] INFO  server.RaftServerConfigKeys (ConfUtils.java:logGet(46)) - raft.server.sleep.deviation.threshold = 300ms (default)
2023-12-05 10:05:52,040 [main] INFO  server.RaftServerConfigKeys (ConfUtils.java:logGet(46)) - raft.server.close.threshold = 60s (default)
2023-12-05 10:05:52,040 [8f0f62b5-c9ed-4a54-85c1-2113097341cf-NettyServerStreamRpc-bossGroup--thread1] INFO  logging.LoggingHandler (AbstractInternalLogger.java:log(148)) - [id: 0x44e14855] REGISTERED
2023-12-05 10:05:52,040 [main] INFO  server.RaftServerConfigKeys (ConfUtils.java:logGet(46)) - raft.server.leaderelection.leader.step-down.wait-time = 10s (default)
2023-12-05 10:05:52,041 [8f0f62b5-c9ed-4a54-85c1-2113097341cf-NettyServerStreamRpc-bossGroup--thread1] INFO  logging.LoggingHandler (AbstractInternalLogger.java:log(148)) - [id: 0x44e14855] BIND: 0.0.0.0/0.0.0.0:15208
2023-12-05 10:05:52,041 [main] INFO  server.RaftServerConfigKeys (ConfUtils.java:logGet(46)) - raft.server.storage.dir = [/home/runner/work/ozone/ozone/hadoop-ozone/integration-test/target/test-dir/MiniOzoneClusterImpl-1935f9c7-a71b-4f10-8b32-4eef1a617aae/datanode-2/data/ratis] (custom)
2023-12-05 10:05:52,041 [8f0f62b5-c9ed-4a54-85c1-2113097341cf-NettyServerStreamRpc-bossGroup--thread1] INFO  logging.LoggingHandler (AbstractInternalLogger.java:log(148)) - [id: 0x44e14855, L:/0.0.0.0:15208] ACTIVE
2023-12-05 10:05:52,041 [main] INFO  server.RaftServerConfigKeys (ConfUtils.java:logGet(46)) - raft.server.threadpool.proxy.cached = true (default)
2023-12-05 10:05:52,041 [main] INFO  server.RaftServerConfigKeys (ConfUtils.java:logGet(46)) - raft.server.threadpool.proxy.size = 0 (default)
2023-12-05 10:05:52,041 [8f0f62b5-c9ed-4a54-85c1-2113097341cf-impl-thread1] INFO  server.RaftServer (RaftServerProxy.java:initGroupDir(264)) - 8f0f62b5-c9ed-4a54-85c1-2113097341cf: found a subdirectory /home/runner/work/ozone/ozone/hadoop-ozone/integration-test/target/test-dir/MiniOzoneClusterImpl-1935f9c7-a71b-4f10-8b32-4eef1a617aae/datanode-2/data/ratis/tmp
2023-12-05 10:05:52,041 [8f0f62b5-c9ed-4a54-85c1-2113097341cf-impl-thread1] INFO  server.RaftServer (RaftServerProxy.java:initGroupDir(269)) - 8f0f62b5-c9ed-4a54-85c1-2113097341cf: The directory /home/runner/work/ozone/ozone/hadoop-ozone/integration-test/target/test-dir/MiniOzoneClusterImpl-1935f9c7-a71b-4f10-8b32-4eef1a617aae/datanode-2/data/ratis/tmp is not a group directory; ignoring it. 
2023-12-05 10:05:52,042 [main] INFO  replication.ReplicationServer (ReplicationServer.java:<init>(85)) - Initializing replication server with thread count = 10 queue length = 4096
2023-12-05 10:05:52,042 [main] INFO  server.XceiverServerGrpc (XceiverServerGrpc.java:<init>(141)) - GrpcServer channel type EpollServerSocketChannel
2023-12-05 10:05:52,043 [main] INFO  replication.ReplicationSupervisor (ReplicationSupervisor.java:build(163)) - Initializing replication supervisor with thread count = 10
2023-12-05 10:05:52,043 [main] INFO  replication.ReplicationSupervisor (ReplicationSupervisor.java:nodeStateUpdated(317)) - Node state updated to IN_SERVICE, scaling executor pool size to 10
2023-12-05 10:05:52,045 [main] INFO  http.BaseHttpServer (BaseHttpServer.java:newHttpServer2BuilderForOzone(223)) - Starting Web-server for hddsDatanode at: http://0.0.0.0:15202
2023-12-05 10:05:52,045 [main] INFO  http.BaseHttpServer (BaseHttpServer.java:<init>(110)) - Hadoop Security Enabled: false Ozone Security Enabled: false Ozone HTTP Security Enabled: false 
2023-12-05 10:05:52,046 [main] WARN  server.AuthenticationFilter (AuthenticationFilter.java:constructSecretProvider(240)) - Unable to initialize FileSignerSecretProvider, falling back to use random secrets. Reason: Could not read signature secret file: /home/runner/hadoop-http-auth-signature-secret
2023-12-05 10:05:52,046 [main] INFO  http.HttpRequestLog (HttpRequestLog.java:getRequestLog(86)) - Http request log for http.requests.hddsDatanode is not defined
2023-12-05 10:05:52,047 [main] INFO  http.HttpServer2 (HttpServer2.java:addGlobalFilter(1031)) - Added global filter 'safety' (class=org.apache.hadoop.hdds.server.http.HttpServer2$QuotingInputFilter)
2023-12-05 10:05:52,048 [main] INFO  http.HttpServer2 (HttpServer2.java:addFilter(1007)) - Added filter static_user_filter (class=org.apache.hadoop.http.lib.StaticUserWebFilter$StaticUserFilter) to context hddsDatanode
2023-12-05 10:05:52,048 [main] INFO  http.HttpServer2 (HttpServer2.java:addFilter(1015)) - Added filter static_user_filter (class=org.apache.hadoop.http.lib.StaticUserWebFilter$StaticUserFilter) to context logs
2023-12-05 10:05:52,048 [main] INFO  http.HttpServer2 (HttpServer2.java:addFilter(1015)) - Added filter static_user_filter (class=org.apache.hadoop.http.lib.StaticUserWebFilter$StaticUserFilter) to context static
2023-12-05 10:05:52,048 [main] INFO  http.BaseHttpServer (BaseHttpServer.java:<init>(189)) - HTTP server of hddsDatanode uses base directory /home/runner/work/ozone/ozone/hadoop-ozone/integration-test/target/test-dir/MiniOzoneClusterImpl-1935f9c7-a71b-4f10-8b32-4eef1a617aae/datanode-2/meta/webserver
2023-12-05 10:05:52,049 [main] INFO  http.HttpServer2 (HttpServer2.java:bindListener(1231)) - Jetty bound to port 15202
2023-12-05 10:05:52,049 [main] INFO  server.Server (Server.java:doStart(375)) - jetty-9.4.53.v20231009; built: 2023-10-09T12:29:09.265Z; git: 27bde00a0b95a1d5bbee0eae7984f891d2d0f8c9; jvm 1.8.0_392-b08
2023-12-05 10:05:52,050 [main] INFO  server.session (DefaultSessionIdManager.java:doStart(334)) - DefaultSessionIdManager workerName=node0
2023-12-05 10:05:52,050 [main] INFO  server.session (DefaultSessionIdManager.java:doStart(339)) - No SessionScavenger set, using defaults
2023-12-05 10:05:52,050 [main] INFO  server.session (HouseKeeper.java:startScavenging(132)) - node0 Scavenging every 660000ms
2023-12-05 10:05:52,051 [main] INFO  handler.ContextHandler (ContextHandler.java:doStart(921)) - Started o.e.j.s.ServletContextHandler@6f79fb9f{logs,/logs,file:///home/runner/work/ozone/ozone/hadoop-ozone/integration-test/target/log,AVAILABLE}
2023-12-05 10:05:52,051 [main] INFO  handler.ContextHandler (ContextHandler.java:doStart(921)) - Started o.e.j.s.ServletContextHandler@54962710{static,/static,jar:file:/home/runner/.m2/repository/org/apache/ozone/hdds-container-service/1.4.0-SNAPSHOT/hdds-container-service-1.4.0-SNAPSHOT.jar!/webapps/static,AVAILABLE}
2023-12-05 10:05:52,086 [main] INFO  handler.ContextHandler (ContextHandler.java:doStart(921)) - Started o.e.j.w.WebAppContext@4138928c{hddsDatanode,/,file:///home/runner/work/ozone/ozone/hadoop-ozone/integration-test/target/test-dir/MiniOzoneClusterImpl-1935f9c7-a71b-4f10-8b32-4eef1a617aae/datanode-2/meta/webserver/jetty-0_0_0_0-15202-hdds-container-service-1_4_0-SNAPSHOT_jar-_-any-4432698038321227123/webapp/,AVAILABLE}{jar:file:/home/runner/.m2/repository/org/apache/ozone/hdds-container-service/1.4.0-SNAPSHOT/hdds-container-service-1.4.0-SNAPSHOT.jar!/webapps/hddsDatanode}
2023-12-05 10:05:52,087 [main] INFO  server.AbstractConnector (AbstractConnector.java:doStart(333)) - Started ServerConnector@2d310736{HTTP/1.1, (http/1.1)}{0.0.0.0:15202}
2023-12-05 10:05:52,088 [main] INFO  server.Server (Server.java:doStart(415)) - Started @92752ms
2023-12-05 10:05:52,088 [main] WARN  impl.MetricsSystemImpl (MetricsSystemImpl.java:register(279)) - Sink prometheus already exists!
2023-12-05 10:05:52,088 [main] INFO  http.BaseHttpServer (BaseHttpServer.java:updateConnectorAddress(354)) - HTTP server of hddsDatanode listening at http://0.0.0.0:15202
2023-12-05 10:05:52,089 [main] INFO  ipc.CallQueueManager (CallQueueManager.java:<init>(90)) - Using callQueue: class java.util.concurrent.LinkedBlockingQueue, queueCapacity: 100, scheduler: class org.apache.hadoop.ipc.DefaultRpcScheduler, ipcBackoff: false.
2023-12-05 10:05:52,089 [main] INFO  ipc.Server (Server.java:<init>(1287)) - Listener at 0.0.0.0:15203
2023-12-05 10:05:52,089 [Socket Reader #1 for port 15203] INFO  ipc.Server (Server.java:run(1323)) - Starting Socket Reader #1 for port 15203
2023-12-05 10:05:52,093 [main] INFO  ozone.HddsDatanodeService (HddsDatanodeService.java:start(324)) - Datanode start with admins: [runner]
2023-12-05 10:05:52,093 [main] INFO  ozone.HddsDatanodeClientProtocolServer (HddsDatanodeClientProtocolServer.java:start(72)) - RPC server for Client /0.0.0.0:15203
2023-12-05 10:05:52,093 [IPC Server Responder] INFO  ipc.Server (Server.java:run(1562)) - IPC Server Responder: starting
2023-12-05 10:05:52,096 [IPC Server listener on 15203] INFO  ipc.Server (Server.java:run(1402)) - IPC Server listener on 15203: starting
2023-12-05 10:05:52,100 [8f0f62b5-c9ed-4a54-85c1-2113097341cf-DatanodeStateMachineDaemonThread] INFO  statemachine.DatanodeStateMachine (DatanodeStateMachine.java:lambda$startDaemon$1(555)) - Ozone container server started.
2023-12-05 10:05:52,100 [main] INFO  ozone.MiniOzoneClusterImpl (MiniOzoneClusterImpl.java:lambda$waitForClusterToBeReady$0(229)) - Waiting for nodes to be ready. Got 0 of 3 DN Heartbeats.
2023-12-05 10:05:52,101 [main] INFO  ozone.MiniOzoneClusterImpl (MiniOzoneClusterImpl.java:lambda$waitForClusterToBeReady$0(232)) - Waiting for cluster to exit safe mode
2023-12-05 10:05:52,101 [main] INFO  ozone.MiniOzoneClusterImpl (MiniOzoneClusterImpl.java:lambda$waitForClusterToBeReady$0(234)) - SCM became leader
2023-12-05 10:05:52,103 [8f0f62b5-c9ed-4a54-85c1-2113097341cf-DatanodeStateMachineTaskThread-0] INFO  datanode.InitDatanodeState (InitDatanodeState.java:persistContainerDatanodeDetails(139)) - DatanodeDetails is persisted to /home/runner/work/ozone/ozone/hadoop-ozone/integration-test/target/test-dir/MiniOzoneClusterImpl-1935f9c7-a71b-4f10-8b32-4eef1a617aae/datanode-2/meta/datanode.id
2023-12-05 10:05:52,800 [om1@group-C5BA1605619E-FollowerState] INFO  impl.FollowerState (FollowerState.java:run(143)) - om1@group-C5BA1605619E-FollowerState: change to CANDIDATE, lastRpcElapsedTime:1001376289ns, electionTimeout:1001ms
2023-12-05 10:05:52,800 [om1@group-C5BA1605619E-FollowerState] INFO  impl.RoleInfo (RoleInfo.java:shutdownFollowerState(110)) - om1: shutdown om1@group-C5BA1605619E-FollowerState
2023-12-05 10:05:52,801 [om1@group-C5BA1605619E-FollowerState] INFO  server.RaftServer$Division (RaftServerImpl.java:setRole(379)) - om1@group-C5BA1605619E: changes role from  FOLLOWER to CANDIDATE at term 0 for changeToCandidate
2023-12-05 10:05:52,801 [om1@group-C5BA1605619E-FollowerState] INFO  server.RaftServerConfigKeys (ConfUtils.java:logGet(46)) - raft.server.leaderelection.pre-vote = true (default)
2023-12-05 10:05:52,801 [om1@group-C5BA1605619E-FollowerState] INFO  impl.RoleInfo (RoleInfo.java:updateAndGet(139)) - om1: start om1@group-C5BA1605619E-LeaderElection29
2023-12-05 10:05:52,803 [om1@group-C5BA1605619E-LeaderElection29] INFO  impl.LeaderElection (LeaderElection.java:askForVotes(323)) - om1@group-C5BA1605619E-LeaderElection29 PRE_VOTE round 0: submit vote requests at term 0 for -1: peers:[om1|localhost:15182]|listeners:[], old=null
2023-12-05 10:05:52,803 [om1@group-C5BA1605619E-LeaderElection29] INFO  impl.LeaderElection (LeaderElection.java:askForVotes(325)) - om1@group-C5BA1605619E-LeaderElection29 PRE_VOTE round 0: result PASSED (term=0)
2023-12-05 10:05:52,804 [om1@group-C5BA1605619E-LeaderElection29] INFO  impl.LeaderElection (LeaderElection.java:askForVotes(323)) - om1@group-C5BA1605619E-LeaderElection29 ELECTION round 0: submit vote requests at term 1 for -1: peers:[om1|localhost:15182]|listeners:[], old=null
2023-12-05 10:05:52,804 [om1@group-C5BA1605619E-LeaderElection29] INFO  impl.LeaderElection (LeaderElection.java:askForVotes(325)) - om1@group-C5BA1605619E-LeaderElection29 ELECTION round 0: result PASSED (term=1)
2023-12-05 10:05:52,804 [om1@group-C5BA1605619E-LeaderElection29] INFO  impl.RoleInfo (RoleInfo.java:shutdownLeaderElection(130)) - om1: shutdown om1@group-C5BA1605619E-LeaderElection29
2023-12-05 10:05:52,804 [om1@group-C5BA1605619E-LeaderElection29] INFO  server.RaftServer$Division (RaftServerImpl.java:setRole(379)) - om1@group-C5BA1605619E: changes role from CANDIDATE to LEADER at term 1 for changeToLeader
2023-12-05 10:05:52,804 [om1@group-C5BA1605619E-LeaderElection29] INFO  server.RaftServerConfigKeys (ConfUtils.java:logGet(46)) - raft.server.staging.catchup.gap = 1000 (default)
2023-12-05 10:05:52,804 [om1@group-C5BA1605619E-LeaderElection29] INFO  server.RaftServerConfigKeys (ConfUtils.java:logGet(46)) - raft.server.write.element-limit = 4096 (default)
2023-12-05 10:05:52,804 [om1@group-C5BA1605619E-LeaderElection29] INFO  server.RaftServerConfigKeys (ConfUtils.java:logGet(46)) - raft.server.write.byte-limit = 64MB (=67108864) (default)
2023-12-05 10:05:52,804 [om1@group-C5BA1605619E-LeaderElection29] INFO  server.RaftServerConfigKeys (ConfUtils.java:logGet(46)) - raft.server.watch.timeout = 10s (default)
2023-12-05 10:05:52,804 [om1@group-C5BA1605619E-LeaderElection29] INFO  server.RaftServerConfigKeys (ConfUtils.java:logGet(46)) - raft.server.watch.timeout.denomination = 1s (default)
2023-12-05 10:05:52,804 [om1@group-C5BA1605619E-LeaderElection29] INFO  server.RaftServerConfigKeys (ConfUtils.java:logGet(46)) - raft.server.watch.element-limit = 65536 (default)
2023-12-05 10:05:52,804 [om1@group-C5BA1605619E-LeaderElection29] INFO  server.RaftServerConfigKeys (ConfUtils.java:logGet(46)) - raft.server.read.leader.lease.enabled = false (default)
2023-12-05 10:05:52,805 [om1@group-C5BA1605619E-LeaderElection29] INFO  server.RaftServerConfigKeys (ConfUtils.java:logGet(46)) - raft.server.read.leader.lease.timeout.ratio = 0.9 (default)
2023-12-05 10:05:52,805 [om1@group-C5BA1605619E-LeaderElection29] INFO  server.RaftServerConfigKeys (ConfUtils.java:logGet(46)) - raft.server.rpc.timeout.min = 1s (custom)
2023-12-05 10:05:52,805 [om1@group-C5BA1605619E-LeaderElection29] INFO  server.RaftServerConfigKeys (ConfUtils.java:logGet(46)) - raft.server.write.element-limit = 4096 (default)
2023-12-05 10:05:52,805 [om1@group-C5BA1605619E-LeaderElection29] INFO  server.RaftServerConfigKeys (ConfUtils.java:logGet(46)) - raft.server.write.follower.gap.ratio.max = -1.0 (default)
2023-12-05 10:05:52,805 [om1@group-C5BA1605619E-LeaderElection29] INFO  impl.RoleInfo (RoleInfo.java:updateAndGet(139)) - om1: start om1@group-C5BA1605619E-LeaderStateImpl
2023-12-05 10:05:52,805 [om1@group-C5BA1605619E-LeaderElection29] INFO  server.RaftServer$Division (RaftServerImpl.java:setFirstElection(564)) - om1@group-C5BA1605619E: set firstElectionSinceStartup to false for becomeLeader
2023-12-05 10:05:52,805 [om1@group-C5BA1605619E-LeaderElection29] INFO  server.RaftServer$Division (ServerState.java:setLeader(265)) - om1@group-C5BA1605619E: change Leader from null to om1 at term 1 for becomeLeader, leader elected after 1236ms
2023-12-05 10:05:52,805 [om1@group-C5BA1605619E-LeaderElection29] INFO  segmented.SegmentedRaftLogWorker (SegmentedRaftLogWorker.java:startLogSegment(428)) - om1@group-C5BA1605619E-SegmentedRaftLogWorker: Starting segment from index:0
2023-12-05 10:05:52,807 [om1@group-C5BA1605619E-LeaderElection29] INFO  server.RaftServer$Division (ServerState.java:setRaftConf(382)) - om1@group-C5BA1605619E: set configuration 0: peers:[om1|localhost:15182]|listeners:[], old=null
2023-12-05 10:05:52,812 [om1@group-C5BA1605619E-SegmentedRaftLogWorker] INFO  segmented.SegmentedRaftLogWorker (SegmentedRaftLogWorker.java:execute(632)) - om1@group-C5BA1605619E-SegmentedRaftLogWorker: created new log segment /home/runner/work/ozone/ozone/hadoop-ozone/integration-test/target/test-dir/MiniOzoneClusterImpl-1935f9c7-a71b-4f10-8b32-4eef1a617aae/ozone-meta/ratis/bf265839-605b-3f16-9796-c5ba1605619e/current/log_inprogress_0
2023-12-05 10:05:52,813 [om1@group-C5BA1605619E-StateMachineUpdater] INFO  ratis.OzoneManagerStateMachine (OzoneManagerStateMachine.java:notifyConfigurationChanged(210)) - Received Configuration change notification from Ratis. New Peer list:
[id: "om1"
address: "localhost:15182"
startupRole: FOLLOWER
]
2023-12-05 10:05:52,813 [om1@group-C5BA1605619E-StateMachineUpdater] INFO  server.RaftServer$Division (LeaderStateImpl.java:isApplied(316)) - leader is ready since appliedIndex == 0 >= startIndex == 0
2023-12-05 10:05:53,101 [main] INFO  ozone.MiniOzoneClusterImpl (MiniOzoneClusterImpl.java:lambda$waitForClusterToBeReady$0(229)) - Waiting for nodes to be ready. Got 0 of 3 DN Heartbeats.
2023-12-05 10:05:53,101 [main] INFO  ozone.MiniOzoneClusterImpl (MiniOzoneClusterImpl.java:lambda$waitForClusterToBeReady$0(232)) - Waiting for cluster to exit safe mode
2023-12-05 10:05:53,101 [main] INFO  ozone.MiniOzoneClusterImpl (MiniOzoneClusterImpl.java:lambda$waitForClusterToBeReady$0(234)) - SCM became leader
2023-12-05 10:05:53,947 [bcc7b4f4-64c2-40bd-855e-f062474916f1-EndpointStateMachineTaskThread-/0.0.0.0:15177-0 ] INFO  utils.DatanodeStoreCache (DatanodeStoreCache.java:addDB(66)) - Added db /home/runner/work/ozone/ozone/hadoop-ozone/integration-test/target/test-dir/MiniOzoneClusterImpl-1935f9c7-a71b-4f10-8b32-4eef1a617aae/datanode-0/data-0/containers/hdds/1935f9c7-a71b-4f10-8b32-4eef1a617aae/DS-3ee6603b-6b99-4da4-ba3e-d8f680927db9/container.db to cache
2023-12-05 10:05:53,947 [bcc7b4f4-64c2-40bd-855e-f062474916f1-EndpointStateMachineTaskThread-/0.0.0.0:15177-0 ] INFO  volume.HddsVolume (HddsVolume.java:createDbStore(422)) - SchemaV3 db is created and loaded at /home/runner/work/ozone/ozone/hadoop-ozone/integration-test/target/test-dir/MiniOzoneClusterImpl-1935f9c7-a71b-4f10-8b32-4eef1a617aae/datanode-0/data-0/containers/hdds/1935f9c7-a71b-4f10-8b32-4eef1a617aae/DS-3ee6603b-6b99-4da4-ba3e-d8f680927db9/container.db for volume DS-3ee6603b-6b99-4da4-ba3e-d8f680927db9
2023-12-05 10:05:53,948 [bcc7b4f4-64c2-40bd-855e-f062474916f1-EndpointStateMachineTaskThread-/0.0.0.0:15177-0 ] INFO  volume.ThrottledAsyncChecker (ThrottledAsyncChecker.java:schedule(141)) - Scheduling a check for /home/runner/work/ozone/ozone/hadoop-ozone/integration-test/target/test-dir/MiniOzoneClusterImpl-1935f9c7-a71b-4f10-8b32-4eef1a617aae/datanode-0/data-0/containers/hdds
2023-12-05 10:05:53,948 [bcc7b4f4-64c2-40bd-855e-f062474916f1-EndpointStateMachineTaskThread-/0.0.0.0:15177-0 ] INFO  volume.StorageVolumeChecker (StorageVolumeChecker.java:checkAllVolumes(218)) - Scheduled health check for volume /home/runner/work/ozone/ozone/hadoop-ozone/integration-test/target/test-dir/MiniOzoneClusterImpl-1935f9c7-a71b-4f10-8b32-4eef1a617aae/datanode-0/data-0/containers/hdds
2023-12-05 10:05:53,950 [bcc7b4f4-64c2-40bd-855e-f062474916f1-EndpointStateMachineTaskThread-/0.0.0.0:15177-0 ] INFO  volume.ThrottledAsyncChecker (ThrottledAsyncChecker.java:schedule(141)) - Scheduling a check for /home/runner/work/ozone/ozone/hadoop-ozone/integration-test/target/test-dir/MiniOzoneClusterImpl-1935f9c7-a71b-4f10-8b32-4eef1a617aae/datanode-0/data/ratis
2023-12-05 10:05:53,950 [bcc7b4f4-64c2-40bd-855e-f062474916f1-EndpointStateMachineTaskThread-/0.0.0.0:15177-0 ] INFO  volume.StorageVolumeChecker (StorageVolumeChecker.java:checkAllVolumes(218)) - Scheduled health check for volume /home/runner/work/ozone/ozone/hadoop-ozone/integration-test/target/test-dir/MiniOzoneClusterImpl-1935f9c7-a71b-4f10-8b32-4eef1a617aae/datanode-0/data/ratis
2023-12-05 10:05:53,951 [bcc7b4f4-64c2-40bd-855e-f062474916f1-EndpointStateMachineTaskThread-/0.0.0.0:15177-0 ] INFO  ozoneimpl.OzoneContainer (OzoneContainer.java:start(441)) - Attempting to start container services.
2023-12-05 10:05:53,951 [bcc7b4f4-64c2-40bd-855e-f062474916f1-EndpointStateMachineTaskThread-/0.0.0.0:15177-0 ] INFO  ozoneimpl.OzoneContainer (OzoneContainer.java:startContainerScrub(337)) - Scheduled background container scanners and the on-demand container scanner have been disabled.
2023-12-05 10:05:53,952 [bcc7b4f4-64c2-40bd-855e-f062474916f1-EndpointStateMachineTaskThread-/0.0.0.0:15177-0 ] INFO  replication.ReplicationServer (ReplicationServer.java:start(139)) - ReplicationServer is started using port 15191
2023-12-05 10:05:53,952 [bcc7b4f4-64c2-40bd-855e-f062474916f1-EndpointStateMachineTaskThread-/0.0.0.0:15177-0 ] INFO  ratis.XceiverServerRatis (XceiverServerRatis.java:start(548)) - Starting XceiverServerRatis bcc7b4f4-64c2-40bd-855e-f062474916f1
2023-12-05 10:05:53,952 [bcc7b4f4-64c2-40bd-855e-f062474916f1-EndpointStateMachineTaskThread-/0.0.0.0:15177-0 ] INFO  server.RaftServer (RaftServerProxy.java:startImpl(406)) - bcc7b4f4-64c2-40bd-855e-f062474916f1: start RPC server
2023-12-05 10:05:53,952 [bcc7b4f4-64c2-40bd-855e-f062474916f1-EndpointStateMachineTaskThread-/0.0.0.0:15177-0 ] INFO  server.GrpcService (GrpcService.java:startImpl(302)) - bcc7b4f4-64c2-40bd-855e-f062474916f1: GrpcService started, listening on 15187
2023-12-05 10:05:53,953 [bcc7b4f4-64c2-40bd-855e-f062474916f1-EndpointStateMachineTaskThread-/0.0.0.0:15177-0 ] INFO  server.GrpcService (GrpcService.java:startImpl(302)) - bcc7b4f4-64c2-40bd-855e-f062474916f1: GrpcService started, listening on 15189
2023-12-05 10:05:53,953 [bcc7b4f4-64c2-40bd-855e-f062474916f1-EndpointStateMachineTaskThread-/0.0.0.0:15177-0 ] INFO  server.GrpcService (GrpcService.java:startImpl(302)) - bcc7b4f4-64c2-40bd-855e-f062474916f1: GrpcService started, listening on 15188
2023-12-05 10:05:53,953 [bcc7b4f4-64c2-40bd-855e-f062474916f1-EndpointStateMachineTaskThread-/0.0.0.0:15177-0 ] INFO  ratis.XceiverServerRatis (XceiverServerRatis.java:getRealPort(574)) - XceiverServerRatis bcc7b4f4-64c2-40bd-855e-f062474916f1 is started using port 15187 for RATIS
2023-12-05 10:05:53,953 [JvmPauseMonitor28] INFO  util.JvmPauseMonitor (JvmPauseMonitor.java:run(146)) - JvmPauseMonitor-bcc7b4f4-64c2-40bd-855e-f062474916f1: Started
2023-12-05 10:05:53,953 [bcc7b4f4-64c2-40bd-855e-f062474916f1-EndpointStateMachineTaskThread-/0.0.0.0:15177-0 ] INFO  ratis.XceiverServerRatis (XceiverServerRatis.java:getRealPort(574)) - XceiverServerRatis bcc7b4f4-64c2-40bd-855e-f062474916f1 is started using port 15188 for RATIS_ADMIN
2023-12-05 10:05:53,953 [bcc7b4f4-64c2-40bd-855e-f062474916f1-EndpointStateMachineTaskThread-/0.0.0.0:15177-0 ] INFO  ratis.XceiverServerRatis (XceiverServerRatis.java:getRealPort(574)) - XceiverServerRatis bcc7b4f4-64c2-40bd-855e-f062474916f1 is started using port 15189 for RATIS_SERVER
2023-12-05 10:05:53,953 [bcc7b4f4-64c2-40bd-855e-f062474916f1-EndpointStateMachineTaskThread-/0.0.0.0:15177-0 ] INFO  ratis.XceiverServerRatis (XceiverServerRatis.java:getRealPort(574)) - XceiverServerRatis bcc7b4f4-64c2-40bd-855e-f062474916f1 is started using port 15190 for RATIS_DATASTREAM
2023-12-05 10:05:53,954 [bcc7b4f4-64c2-40bd-855e-f062474916f1-BlockDeletingService#0] INFO  interfaces.ContainerDeletionChoosingPolicyTemplate (ContainerDeletionChoosingPolicyTemplate.java:chooseContainerForBlockDeletion(85)) - Chosen 0/5000 blocks from 0 candidate containers.
2023-12-05 10:05:54,029 [4342bc39-cca9-4f61-b8ed-08126dfe3856-EndpointStateMachineTaskThread-/0.0.0.0:15177-0 ] INFO  utils.DatanodeStoreCache (DatanodeStoreCache.java:addDB(66)) - Added db /home/runner/work/ozone/ozone/hadoop-ozone/integration-test/target/test-dir/MiniOzoneClusterImpl-1935f9c7-a71b-4f10-8b32-4eef1a617aae/datanode-1/data-0/containers/hdds/1935f9c7-a71b-4f10-8b32-4eef1a617aae/DS-f3bfee4d-dbc2-4723-a9c2-e449411288a0/container.db to cache
2023-12-05 10:05:54,030 [4342bc39-cca9-4f61-b8ed-08126dfe3856-EndpointStateMachineTaskThread-/0.0.0.0:15177-0 ] INFO  volume.HddsVolume (HddsVolume.java:createDbStore(422)) - SchemaV3 db is created and loaded at /home/runner/work/ozone/ozone/hadoop-ozone/integration-test/target/test-dir/MiniOzoneClusterImpl-1935f9c7-a71b-4f10-8b32-4eef1a617aae/datanode-1/data-0/containers/hdds/1935f9c7-a71b-4f10-8b32-4eef1a617aae/DS-f3bfee4d-dbc2-4723-a9c2-e449411288a0/container.db for volume DS-f3bfee4d-dbc2-4723-a9c2-e449411288a0
2023-12-05 10:05:54,030 [4342bc39-cca9-4f61-b8ed-08126dfe3856-EndpointStateMachineTaskThread-/0.0.0.0:15177-0 ] INFO  volume.ThrottledAsyncChecker (ThrottledAsyncChecker.java:schedule(141)) - Scheduling a check for /home/runner/work/ozone/ozone/hadoop-ozone/integration-test/target/test-dir/MiniOzoneClusterImpl-1935f9c7-a71b-4f10-8b32-4eef1a617aae/datanode-1/data-0/containers/hdds
2023-12-05 10:05:54,030 [4342bc39-cca9-4f61-b8ed-08126dfe3856-EndpointStateMachineTaskThread-/0.0.0.0:15177-0 ] INFO  volume.StorageVolumeChecker (StorageVolumeChecker.java:checkAllVolumes(218)) - Scheduled health check for volume /home/runner/work/ozone/ozone/hadoop-ozone/integration-test/target/test-dir/MiniOzoneClusterImpl-1935f9c7-a71b-4f10-8b32-4eef1a617aae/datanode-1/data-0/containers/hdds
2023-12-05 10:05:54,032 [4342bc39-cca9-4f61-b8ed-08126dfe3856-EndpointStateMachineTaskThread-/0.0.0.0:15177-0 ] INFO  volume.ThrottledAsyncChecker (ThrottledAsyncChecker.java:schedule(141)) - Scheduling a check for /home/runner/work/ozone/ozone/hadoop-ozone/integration-test/target/test-dir/MiniOzoneClusterImpl-1935f9c7-a71b-4f10-8b32-4eef1a617aae/datanode-1/data/ratis
2023-12-05 10:05:54,032 [4342bc39-cca9-4f61-b8ed-08126dfe3856-EndpointStateMachineTaskThread-/0.0.0.0:15177-0 ] INFO  volume.StorageVolumeChecker (StorageVolumeChecker.java:checkAllVolumes(218)) - Scheduled health check for volume /home/runner/work/ozone/ozone/hadoop-ozone/integration-test/target/test-dir/MiniOzoneClusterImpl-1935f9c7-a71b-4f10-8b32-4eef1a617aae/datanode-1/data/ratis
2023-12-05 10:05:54,033 [4342bc39-cca9-4f61-b8ed-08126dfe3856-EndpointStateMachineTaskThread-/0.0.0.0:15177-0 ] INFO  ozoneimpl.OzoneContainer (OzoneContainer.java:start(441)) - Attempting to start container services.
2023-12-05 10:05:54,033 [4342bc39-cca9-4f61-b8ed-08126dfe3856-EndpointStateMachineTaskThread-/0.0.0.0:15177-0 ] INFO  ozoneimpl.OzoneContainer (OzoneContainer.java:startContainerScrub(337)) - Scheduled background container scanners and the on-demand container scanner have been disabled.
2023-12-05 10:05:54,034 [4342bc39-cca9-4f61-b8ed-08126dfe3856-EndpointStateMachineTaskThread-/0.0.0.0:15177-0 ] INFO  replication.ReplicationServer (ReplicationServer.java:start(139)) - ReplicationServer is started using port 15200
2023-12-05 10:05:54,034 [4342bc39-cca9-4f61-b8ed-08126dfe3856-EndpointStateMachineTaskThread-/0.0.0.0:15177-0 ] INFO  ratis.XceiverServerRatis (XceiverServerRatis.java:start(548)) - Starting XceiverServerRatis 4342bc39-cca9-4f61-b8ed-08126dfe3856
2023-12-05 10:05:54,034 [4342bc39-cca9-4f61-b8ed-08126dfe3856-EndpointStateMachineTaskThread-/0.0.0.0:15177-0 ] INFO  server.RaftServer (RaftServerProxy.java:startImpl(406)) - 4342bc39-cca9-4f61-b8ed-08126dfe3856: start RPC server
2023-12-05 10:05:54,034 [4342bc39-cca9-4f61-b8ed-08126dfe3856-EndpointStateMachineTaskThread-/0.0.0.0:15177-0 ] INFO  server.GrpcService (GrpcService.java:startImpl(302)) - 4342bc39-cca9-4f61-b8ed-08126dfe3856: GrpcService started, listening on 15196
2023-12-05 10:05:54,035 [4342bc39-cca9-4f61-b8ed-08126dfe3856-EndpointStateMachineTaskThread-/0.0.0.0:15177-0 ] INFO  server.GrpcService (GrpcService.java:startImpl(302)) - 4342bc39-cca9-4f61-b8ed-08126dfe3856: GrpcService started, listening on 15198
2023-12-05 10:05:54,035 [4342bc39-cca9-4f61-b8ed-08126dfe3856-EndpointStateMachineTaskThread-/0.0.0.0:15177-0 ] INFO  server.GrpcService (GrpcService.java:startImpl(302)) - 4342bc39-cca9-4f61-b8ed-08126dfe3856: GrpcService started, listening on 15197
2023-12-05 10:05:54,035 [4342bc39-cca9-4f61-b8ed-08126dfe3856-EndpointStateMachineTaskThread-/0.0.0.0:15177-0 ] INFO  ratis.XceiverServerRatis (XceiverServerRatis.java:getRealPort(574)) - XceiverServerRatis 4342bc39-cca9-4f61-b8ed-08126dfe3856 is started using port 15196 for RATIS
2023-12-05 10:05:54,035 [JvmPauseMonitor29] INFO  util.JvmPauseMonitor (JvmPauseMonitor.java:run(146)) - JvmPauseMonitor-4342bc39-cca9-4f61-b8ed-08126dfe3856: Started
2023-12-05 10:05:54,035 [4342bc39-cca9-4f61-b8ed-08126dfe3856-EndpointStateMachineTaskThread-/0.0.0.0:15177-0 ] INFO  ratis.XceiverServerRatis (XceiverServerRatis.java:getRealPort(574)) - XceiverServerRatis 4342bc39-cca9-4f61-b8ed-08126dfe3856 is started using port 15197 for RATIS_ADMIN
2023-12-05 10:05:54,035 [4342bc39-cca9-4f61-b8ed-08126dfe3856-EndpointStateMachineTaskThread-/0.0.0.0:15177-0 ] INFO  ratis.XceiverServerRatis (XceiverServerRatis.java:getRealPort(574)) - XceiverServerRatis 4342bc39-cca9-4f61-b8ed-08126dfe3856 is started using port 15198 for RATIS_SERVER
2023-12-05 10:05:54,035 [4342bc39-cca9-4f61-b8ed-08126dfe3856-EndpointStateMachineTaskThread-/0.0.0.0:15177-0 ] INFO  ratis.XceiverServerRatis (XceiverServerRatis.java:getRealPort(574)) - XceiverServerRatis 4342bc39-cca9-4f61-b8ed-08126dfe3856 is started using port 15199 for RATIS_DATASTREAM
2023-12-05 10:05:54,036 [4342bc39-cca9-4f61-b8ed-08126dfe3856-BlockDeletingService#0] INFO  interfaces.ContainerDeletionChoosingPolicyTemplate (ContainerDeletionChoosingPolicyTemplate.java:chooseContainerForBlockDeletion(85)) - Chosen 0/5000 blocks from 0 candidate containers.
2023-12-05 10:05:54,101 [main] INFO  ozone.MiniOzoneClusterImpl (MiniOzoneClusterImpl.java:lambda$waitForClusterToBeReady$0(229)) - Waiting for nodes to be ready. Got 0 of 3 DN Heartbeats.
2023-12-05 10:05:54,102 [main] INFO  ozone.MiniOzoneClusterImpl (MiniOzoneClusterImpl.java:lambda$waitForClusterToBeReady$0(232)) - Waiting for cluster to exit safe mode
2023-12-05 10:05:54,102 [main] INFO  ozone.MiniOzoneClusterImpl (MiniOzoneClusterImpl.java:lambda$waitForClusterToBeReady$0(234)) - SCM became leader
2023-12-05 10:05:54,126 [8f0f62b5-c9ed-4a54-85c1-2113097341cf-EndpointStateMachineTaskThread-/0.0.0.0:15177-0 ] INFO  utils.DatanodeStoreCache (DatanodeStoreCache.java:addDB(66)) - Added db /home/runner/work/ozone/ozone/hadoop-ozone/integration-test/target/test-dir/MiniOzoneClusterImpl-1935f9c7-a71b-4f10-8b32-4eef1a617aae/datanode-2/data-0/containers/hdds/1935f9c7-a71b-4f10-8b32-4eef1a617aae/DS-1a428226-d6a4-405c-bcbc-025c33e8b3d8/container.db to cache
2023-12-05 10:05:54,126 [8f0f62b5-c9ed-4a54-85c1-2113097341cf-EndpointStateMachineTaskThread-/0.0.0.0:15177-0 ] INFO  volume.HddsVolume (HddsVolume.java:createDbStore(422)) - SchemaV3 db is created and loaded at /home/runner/work/ozone/ozone/hadoop-ozone/integration-test/target/test-dir/MiniOzoneClusterImpl-1935f9c7-a71b-4f10-8b32-4eef1a617aae/datanode-2/data-0/containers/hdds/1935f9c7-a71b-4f10-8b32-4eef1a617aae/DS-1a428226-d6a4-405c-bcbc-025c33e8b3d8/container.db for volume DS-1a428226-d6a4-405c-bcbc-025c33e8b3d8
2023-12-05 10:05:54,127 [8f0f62b5-c9ed-4a54-85c1-2113097341cf-EndpointStateMachineTaskThread-/0.0.0.0:15177-0 ] INFO  volume.ThrottledAsyncChecker (ThrottledAsyncChecker.java:schedule(141)) - Scheduling a check for /home/runner/work/ozone/ozone/hadoop-ozone/integration-test/target/test-dir/MiniOzoneClusterImpl-1935f9c7-a71b-4f10-8b32-4eef1a617aae/datanode-2/data-0/containers/hdds
2023-12-05 10:05:54,127 [8f0f62b5-c9ed-4a54-85c1-2113097341cf-EndpointStateMachineTaskThread-/0.0.0.0:15177-0 ] INFO  volume.StorageVolumeChecker (StorageVolumeChecker.java:checkAllVolumes(218)) - Scheduled health check for volume /home/runner/work/ozone/ozone/hadoop-ozone/integration-test/target/test-dir/MiniOzoneClusterImpl-1935f9c7-a71b-4f10-8b32-4eef1a617aae/datanode-2/data-0/containers/hdds
2023-12-05 10:05:54,128 [8f0f62b5-c9ed-4a54-85c1-2113097341cf-EndpointStateMachineTaskThread-/0.0.0.0:15177-0 ] INFO  volume.ThrottledAsyncChecker (ThrottledAsyncChecker.java:schedule(141)) - Scheduling a check for /home/runner/work/ozone/ozone/hadoop-ozone/integration-test/target/test-dir/MiniOzoneClusterImpl-1935f9c7-a71b-4f10-8b32-4eef1a617aae/datanode-2/data/ratis
2023-12-05 10:05:54,128 [8f0f62b5-c9ed-4a54-85c1-2113097341cf-EndpointStateMachineTaskThread-/0.0.0.0:15177-0 ] INFO  volume.StorageVolumeChecker (StorageVolumeChecker.java:checkAllVolumes(218)) - Scheduled health check for volume /home/runner/work/ozone/ozone/hadoop-ozone/integration-test/target/test-dir/MiniOzoneClusterImpl-1935f9c7-a71b-4f10-8b32-4eef1a617aae/datanode-2/data/ratis
2023-12-05 10:05:54,129 [8f0f62b5-c9ed-4a54-85c1-2113097341cf-EndpointStateMachineTaskThread-/0.0.0.0:15177-0 ] INFO  ozoneimpl.OzoneContainer (OzoneContainer.java:start(441)) - Attempting to start container services.
2023-12-05 10:05:54,129 [8f0f62b5-c9ed-4a54-85c1-2113097341cf-EndpointStateMachineTaskThread-/0.0.0.0:15177-0 ] INFO  ozoneimpl.OzoneContainer (OzoneContainer.java:startContainerScrub(337)) - Scheduled background container scanners and the on-demand container scanner have been disabled.
2023-12-05 10:05:54,129 [8f0f62b5-c9ed-4a54-85c1-2113097341cf-EndpointStateMachineTaskThread-/0.0.0.0:15177-0 ] INFO  replication.ReplicationServer (ReplicationServer.java:start(139)) - ReplicationServer is started using port 15209
2023-12-05 10:05:54,129 [8f0f62b5-c9ed-4a54-85c1-2113097341cf-EndpointStateMachineTaskThread-/0.0.0.0:15177-0 ] INFO  ratis.XceiverServerRatis (XceiverServerRatis.java:start(548)) - Starting XceiverServerRatis 8f0f62b5-c9ed-4a54-85c1-2113097341cf
2023-12-05 10:05:54,130 [8f0f62b5-c9ed-4a54-85c1-2113097341cf-EndpointStateMachineTaskThread-/0.0.0.0:15177-0 ] INFO  server.RaftServer (RaftServerProxy.java:startImpl(406)) - 8f0f62b5-c9ed-4a54-85c1-2113097341cf: start RPC server
2023-12-05 10:05:54,130 [8f0f62b5-c9ed-4a54-85c1-2113097341cf-EndpointStateMachineTaskThread-/0.0.0.0:15177-0 ] INFO  server.GrpcService (GrpcService.java:startImpl(302)) - 8f0f62b5-c9ed-4a54-85c1-2113097341cf: GrpcService started, listening on 15205
2023-12-05 10:05:54,131 [8f0f62b5-c9ed-4a54-85c1-2113097341cf-EndpointStateMachineTaskThread-/0.0.0.0:15177-0 ] INFO  server.GrpcService (GrpcService.java:startImpl(302)) - 8f0f62b5-c9ed-4a54-85c1-2113097341cf: GrpcService started, listening on 15207
2023-12-05 10:05:54,131 [8f0f62b5-c9ed-4a54-85c1-2113097341cf-EndpointStateMachineTaskThread-/0.0.0.0:15177-0 ] INFO  server.GrpcService (GrpcService.java:startImpl(302)) - 8f0f62b5-c9ed-4a54-85c1-2113097341cf: GrpcService started, listening on 15206
2023-12-05 10:05:54,131 [8f0f62b5-c9ed-4a54-85c1-2113097341cf-EndpointStateMachineTaskThread-/0.0.0.0:15177-0 ] INFO  ratis.XceiverServerRatis (XceiverServerRatis.java:getRealPort(574)) - XceiverServerRatis 8f0f62b5-c9ed-4a54-85c1-2113097341cf is started using port 15205 for RATIS
2023-12-05 10:05:54,131 [8f0f62b5-c9ed-4a54-85c1-2113097341cf-EndpointStateMachineTaskThread-/0.0.0.0:15177-0 ] INFO  ratis.XceiverServerRatis (XceiverServerRatis.java:getRealPort(574)) - XceiverServerRatis 8f0f62b5-c9ed-4a54-85c1-2113097341cf is started using port 15206 for RATIS_ADMIN
2023-12-05 10:05:54,131 [8f0f62b5-c9ed-4a54-85c1-2113097341cf-EndpointStateMachineTaskThread-/0.0.0.0:15177-0 ] INFO  ratis.XceiverServerRatis (XceiverServerRatis.java:getRealPort(574)) - XceiverServerRatis 8f0f62b5-c9ed-4a54-85c1-2113097341cf is started using port 15207 for RATIS_SERVER
2023-12-05 10:05:54,131 [8f0f62b5-c9ed-4a54-85c1-2113097341cf-EndpointStateMachineTaskThread-/0.0.0.0:15177-0 ] INFO  ratis.XceiverServerRatis (XceiverServerRatis.java:getRealPort(574)) - XceiverServerRatis 8f0f62b5-c9ed-4a54-85c1-2113097341cf is started using port 15208 for RATIS_DATASTREAM
2023-12-05 10:05:54,131 [JvmPauseMonitor30] INFO  util.JvmPauseMonitor (JvmPauseMonitor.java:run(146)) - JvmPauseMonitor-8f0f62b5-c9ed-4a54-85c1-2113097341cf: Started
2023-12-05 10:05:54,132 [8f0f62b5-c9ed-4a54-85c1-2113097341cf-BlockDeletingService#0] INFO  interfaces.ContainerDeletionChoosingPolicyTemplate (ContainerDeletionChoosingPolicyTemplate.java:chooseContainerForBlockDeletion(85)) - Chosen 0/5000 blocks from 0 candidate containers.
2023-12-05 10:05:55,102 [main] INFO  ozone.MiniOzoneClusterImpl (MiniOzoneClusterImpl.java:lambda$waitForClusterToBeReady$0(229)) - Waiting for nodes to be ready. Got 0 of 3 DN Heartbeats.
2023-12-05 10:05:55,102 [main] INFO  ozone.MiniOzoneClusterImpl (MiniOzoneClusterImpl.java:lambda$waitForClusterToBeReady$0(232)) - Waiting for cluster to exit safe mode
2023-12-05 10:05:55,102 [main] INFO  ozone.MiniOzoneClusterImpl (MiniOzoneClusterImpl.java:lambda$waitForClusterToBeReady$0(234)) - SCM became leader
2023-12-05 10:05:55,926 [IPC Server handler 0 on default port 15177] INFO  net.NetworkTopologyImpl (NetworkTopologyImpl.java:add(124)) - Added a new node: /default-rack/bcc7b4f4-64c2-40bd-855e-f062474916f1
2023-12-05 10:05:55,926 [IPC Server handler 0 on default port 15177] INFO  node.SCMNodeManager (SCMNodeManager.java:register(405)) - Registered datanode: bcc7b4f4-64c2-40bd-855e-f062474916f1{ip: 10.1.0.7, host: fv-az884-53.nlrrjjsaionubk4jys1hz1dhmg.bx.internal.cloudapp.net, ports: [HTTP=15184, CLIENT_RPC=15185, REPLICATION=15191, RATIS=15187, RATIS_ADMIN=15188, RATIS_SERVER=15189, RATIS_DATASTREAM=15190, STANDALONE=15186], networkLocation: /default-rack, certSerialId: null, persistedOpState: null, persistedOpStateExpiryEpochSec: 0}
2023-12-05 10:05:55,927 [EventQueue-NodeRegistrationContainerReportForDataNodeSafeModeRule] INFO  safemode.SCMSafeModeManager (DataNodeSafeModeRule.java:process(71)) - SCM in safe mode. 1 DataNodes registered, 3 required.
2023-12-05 10:05:55,928 [EventQueue-NodeRegistrationContainerReportForContainerSafeModeRule] INFO  safemode.SCMSafeModeManager (SCMSafeModeManager.java:validateSafeModeExitRules(200)) - ContainerSafeModeRule rule is successfully validated
2023-12-05 10:05:55,929 [EventQueue-PipelineReportForOneReplicaPipelineSafeModeRule] INFO  safemode.SCMSafeModeManager (SCMSafeModeManager.java:validateSafeModeExitRules(200)) - AtleastOneDatanodeReportedRule rule is successfully validated
2023-12-05 10:05:55,929 [EventQueue-NewNodeForNewNodeHandler] INFO  pipeline.BackgroundPipelineCreator (BackgroundPipelineCreator.java:notifyEventTriggered(280)) - trigger a one-shot run on RatisPipelineUtilsThread.
2023-12-05 10:05:55,929 [RatisPipelineUtilsThread-0] INFO  pipeline.RatisPipelineProvider (RatisPipelineProvider.java:lambda$create$0(206)) - Sending CreatePipelineCommand for pipeline:PipelineID=35a37947-9c39-45f6-a4d6-450af8bb60df to datanode:bcc7b4f4-64c2-40bd-855e-f062474916f1
2023-12-05 10:05:55,930 [RatisPipelineUtilsThread-0] INFO  pipeline.BackgroundPipelineCreator (BackgroundPipelineCreator.java:createPipelines(236)) - Created new pipeline Pipeline[ Id: 35a37947-9c39-45f6-a4d6-450af8bb60df, Nodes: bcc7b4f4-64c2-40bd-855e-f062474916f1(fv-az884-53.nlrrjjsaionubk4jys1hz1dhmg.bx.internal.cloudapp.net/10.1.0.7), ReplicationConfig: RATIS/ONE, State:ALLOCATED, leaderId:, CreationTimestamp2023-12-05T10:05:55.929Z[Etc/UTC]]
2023-12-05 10:05:56,008 [IPC Server handler 1 on default port 15177] INFO  net.NetworkTopologyImpl (NetworkTopologyImpl.java:add(124)) - Added a new node: /default-rack/4342bc39-cca9-4f61-b8ed-08126dfe3856
2023-12-05 10:05:56,009 [IPC Server handler 1 on default port 15177] INFO  node.SCMNodeManager (SCMNodeManager.java:register(405)) - Registered datanode: 4342bc39-cca9-4f61-b8ed-08126dfe3856{ip: 10.1.0.7, host: fv-az884-53.nlrrjjsaionubk4jys1hz1dhmg.bx.internal.cloudapp.net, ports: [HTTP=15193, CLIENT_RPC=15194, REPLICATION=15200, RATIS=15196, RATIS_ADMIN=15197, RATIS_SERVER=15198, RATIS_DATASTREAM=15199, STANDALONE=15195], networkLocation: /default-rack, certSerialId: null, persistedOpState: null, persistedOpStateExpiryEpochSec: 0}
2023-12-05 10:05:56,009 [EventQueue-NewNodeForNewNodeHandler] INFO  pipeline.BackgroundPipelineCreator (BackgroundPipelineCreator.java:notifyEventTriggered(280)) - trigger a one-shot run on RatisPipelineUtilsThread.
2023-12-05 10:05:56,009 [EventQueue-NodeRegistrationContainerReportForDataNodeSafeModeRule] INFO  safemode.SCMSafeModeManager (DataNodeSafeModeRule.java:process(71)) - SCM in safe mode. 2 DataNodes registered, 3 required.
2023-12-05 10:05:56,009 [RatisPipelineUtilsThread-0] INFO  pipeline.RatisPipelineProvider (RatisPipelineProvider.java:lambda$create$0(206)) - Sending CreatePipelineCommand for pipeline:PipelineID=f13225e4-d3b9-4a7d-b860-590312d6f41a to datanode:4342bc39-cca9-4f61-b8ed-08126dfe3856
2023-12-05 10:05:56,010 [RatisPipelineUtilsThread-0] INFO  pipeline.BackgroundPipelineCreator (BackgroundPipelineCreator.java:createPipelines(236)) - Created new pipeline Pipeline[ Id: f13225e4-d3b9-4a7d-b860-590312d6f41a, Nodes: 4342bc39-cca9-4f61-b8ed-08126dfe3856(fv-az884-53.nlrrjjsaionubk4jys1hz1dhmg.bx.internal.cloudapp.net/10.1.0.7), ReplicationConfig: RATIS/ONE, State:ALLOCATED, leaderId:, CreationTimestamp2023-12-05T10:05:56.009Z[Etc/UTC]]
2023-12-05 10:05:56,103 [main] INFO  ozone.MiniOzoneClusterImpl (MiniOzoneClusterImpl.java:lambda$waitForClusterToBeReady$0(229)) - Waiting for nodes to be ready. Got 2 of 3 DN Heartbeats.
2023-12-05 10:05:56,103 [main] INFO  ozone.MiniOzoneClusterImpl (MiniOzoneClusterImpl.java:lambda$waitForClusterToBeReady$0(232)) - Waiting for cluster to exit safe mode
2023-12-05 10:05:56,103 [main] INFO  ozone.MiniOzoneClusterImpl (MiniOzoneClusterImpl.java:lambda$waitForClusterToBeReady$0(234)) - SCM became leader
2023-12-05 10:05:56,104 [IPC Server handler 2 on default port 15177] INFO  net.NetworkTopologyImpl (NetworkTopologyImpl.java:add(124)) - Added a new node: /default-rack/8f0f62b5-c9ed-4a54-85c1-2113097341cf
2023-12-05 10:05:56,104 [IPC Server handler 2 on default port 15177] INFO  node.SCMNodeManager (SCMNodeManager.java:register(405)) - Registered datanode: 8f0f62b5-c9ed-4a54-85c1-2113097341cf{ip: 10.1.0.7, host: fv-az884-53.nlrrjjsaionubk4jys1hz1dhmg.bx.internal.cloudapp.net, ports: [HTTP=15202, CLIENT_RPC=15203, REPLICATION=15209, RATIS=15205, RATIS_ADMIN=15206, RATIS_SERVER=15207, RATIS_DATASTREAM=15208, STANDALONE=15204], networkLocation: /default-rack, certSerialId: null, persistedOpState: null, persistedOpStateExpiryEpochSec: 0}
2023-12-05 10:05:56,105 [EventQueue-NodeRegistrationContainerReportForDataNodeSafeModeRule] INFO  safemode.SCMSafeModeManager (DataNodeSafeModeRule.java:process(71)) - SCM in safe mode. 3 DataNodes registered, 3 required.
2023-12-05 10:05:56,105 [EventQueue-NodeRegistrationContainerReportForDataNodeSafeModeRule] INFO  safemode.SCMSafeModeManager (SCMSafeModeManager.java:validateSafeModeExitRules(200)) - DataNodeSafeModeRule rule is successfully validated
2023-12-05 10:05:56,105 [EventQueue-NodeRegistrationContainerReportForDataNodeSafeModeRule] INFO  safemode.SCMSafeModeManager (SCMSafeModeManager.java:completePreCheck(229)) - All SCM safe mode pre check rules have passed
2023-12-05 10:05:56,105 [EventQueue-NodeRegistrationContainerReportForDataNodeSafeModeRule] INFO  ha.SCMContext (SCMContext.java:updateSafeModeStatus(230)) - Update SafeModeStatus from SafeModeStatus{safeModeStatus=true, preCheckPassed=false} to SafeModeStatus{safeModeStatus=true, preCheckPassed=true}.
2023-12-05 10:05:56,105 [EventQueue-NodeRegistrationContainerReportForDataNodeSafeModeRule] INFO  pipeline.BackgroundPipelineCreator (BackgroundPipelineCreator.java:notifyEventTriggered(280)) - trigger a one-shot run on RatisPipelineUtilsThread.
2023-12-05 10:05:56,105 [EventQueue-NewNodeForNewNodeHandler] INFO  pipeline.BackgroundPipelineCreator (BackgroundPipelineCreator.java:notifyEventTriggered(280)) - trigger a one-shot run on RatisPipelineUtilsThread.
2023-12-05 10:05:56,105 [RatisPipelineUtilsThread-0] INFO  pipeline.RatisPipelineProvider (RatisPipelineProvider.java:lambda$create$0(206)) - Sending CreatePipelineCommand for pipeline:PipelineID=526eab55-3990-4eb7-9c60-07b6a43326f6 to datanode:8f0f62b5-c9ed-4a54-85c1-2113097341cf
2023-12-05 10:05:56,106 [RatisPipelineUtilsThread-0] INFO  pipeline.BackgroundPipelineCreator (BackgroundPipelineCreator.java:createPipelines(236)) - Created new pipeline Pipeline[ Id: 526eab55-3990-4eb7-9c60-07b6a43326f6, Nodes: 8f0f62b5-c9ed-4a54-85c1-2113097341cf(fv-az884-53.nlrrjjsaionubk4jys1hz1dhmg.bx.internal.cloudapp.net/10.1.0.7), ReplicationConfig: RATIS/ONE, State:ALLOCATED, leaderId:, CreationTimestamp2023-12-05T10:05:56.105Z[Etc/UTC]]
2023-12-05 10:05:56,107 [RatisPipelineUtilsThread-0] INFO  pipeline.RatisPipelineProvider (RatisPipelineProvider.java:lambda$create$0(206)) - Sending CreatePipelineCommand for pipeline:PipelineID=bf847b04-caf5-47b7-9593-510b90cf76d5 to datanode:4342bc39-cca9-4f61-b8ed-08126dfe3856
2023-12-05 10:05:56,107 [RatisPipelineUtilsThread-0] INFO  pipeline.RatisPipelineProvider (RatisPipelineProvider.java:lambda$create$0(206)) - Sending CreatePipelineCommand for pipeline:PipelineID=bf847b04-caf5-47b7-9593-510b90cf76d5 to datanode:8f0f62b5-c9ed-4a54-85c1-2113097341cf
2023-12-05 10:05:56,107 [RatisPipelineUtilsThread-0] INFO  pipeline.RatisPipelineProvider (RatisPipelineProvider.java:lambda$create$0(206)) - Sending CreatePipelineCommand for pipeline:PipelineID=bf847b04-caf5-47b7-9593-510b90cf76d5 to datanode:bcc7b4f4-64c2-40bd-855e-f062474916f1
2023-12-05 10:05:56,107 [RatisPipelineUtilsThread-0] INFO  pipeline.BackgroundPipelineCreator (BackgroundPipelineCreator.java:createPipelines(236)) - Created new pipeline Pipeline[ Id: bf847b04-caf5-47b7-9593-510b90cf76d5, Nodes: 4342bc39-cca9-4f61-b8ed-08126dfe3856(fv-az884-53.nlrrjjsaionubk4jys1hz1dhmg.bx.internal.cloudapp.net/10.1.0.7)8f0f62b5-c9ed-4a54-85c1-2113097341cf(fv-az884-53.nlrrjjsaionubk4jys1hz1dhmg.bx.internal.cloudapp.net/10.1.0.7)bcc7b4f4-64c2-40bd-855e-f062474916f1(fv-az884-53.nlrrjjsaionubk4jys1hz1dhmg.bx.internal.cloudapp.net/10.1.0.7), ReplicationConfig: RATIS/THREE, State:ALLOCATED, leaderId:, CreationTimestamp2023-12-05T10:05:56.107Z[Etc/UTC]]
2023-12-05 10:05:57,103 [main] INFO  ozone.MiniOzoneClusterImpl (MiniOzoneClusterImpl.java:lambda$waitForClusterToBeReady$0(229)) - Nodes are ready. Got 3 of 3 DN Heartbeats.
2023-12-05 10:05:57,103 [main] INFO  ozone.MiniOzoneClusterImpl (MiniOzoneClusterImpl.java:lambda$waitForClusterToBeReady$0(232)) - Waiting for cluster to exit safe mode
2023-12-05 10:05:57,104 [main] INFO  ozone.MiniOzoneClusterImpl (MiniOzoneClusterImpl.java:lambda$waitForClusterToBeReady$0(234)) - SCM became leader
2023-12-05 10:05:58,104 [main] INFO  ozone.MiniOzoneClusterImpl (MiniOzoneClusterImpl.java:lambda$waitForClusterToBeReady$0(229)) - Nodes are ready. Got 3 of 3 DN Heartbeats.
2023-12-05 10:05:58,104 [main] INFO  ozone.MiniOzoneClusterImpl (MiniOzoneClusterImpl.java:lambda$waitForClusterToBeReady$0(232)) - Waiting for cluster to exit safe mode
2023-12-05 10:05:58,104 [main] INFO  ozone.MiniOzoneClusterImpl (MiniOzoneClusterImpl.java:lambda$waitForClusterToBeReady$0(234)) - SCM became leader
2023-12-05 10:05:58,925 [bcc7b4f4-64c2-40bd-855e-f062474916f1-PipelineCommandHandlerThread-0] INFO  server.RaftServer (RaftServerProxy.java:addNew(100)) - bcc7b4f4-64c2-40bd-855e-f062474916f1: addNew group-450AF8BB60DF:[bcc7b4f4-64c2-40bd-855e-f062474916f1|10.1.0.7:15189] returns group-450AF8BB60DF:java.util.concurrent.CompletableFuture@260f1156[Not completed]
2023-12-05 10:05:58,926 [bcc7b4f4-64c2-40bd-855e-f062474916f1-groupManagement] INFO  server.RaftServer$Division (RaftServerImpl.java:<init>(256)) - bcc7b4f4-64c2-40bd-855e-f062474916f1: new RaftServerImpl for group-450AF8BB60DF:[bcc7b4f4-64c2-40bd-855e-f062474916f1|10.1.0.7:15189] with ContainerStateMachine:uninitialized
2023-12-05 10:05:58,927 [bcc7b4f4-64c2-40bd-855e-f062474916f1-groupManagement] INFO  server.RaftServerConfigKeys (ConfUtils.java:logGet(46)) - raft.server.rpc.timeout.min = 5s (custom)
2023-12-05 10:05:58,927 [bcc7b4f4-64c2-40bd-855e-f062474916f1-groupManagement] INFO  server.RaftServerConfigKeys (ConfUtils.java:logGet(46)) - raft.server.rpc.timeout.max = 5200ms (custom)
2023-12-05 10:05:58,927 [bcc7b4f4-64c2-40bd-855e-f062474916f1-groupManagement] INFO  server.RaftServerConfigKeys (ConfUtils.java:logGet(46)) - raft.server.rpc.sleep.time = 25ms (default)
2023-12-05 10:05:58,927 [bcc7b4f4-64c2-40bd-855e-f062474916f1-groupManagement] INFO  server.RaftServerConfigKeys (ConfUtils.java:logGet(46)) - raft.server.rpc.slowness.timeout = 300s (custom)
2023-12-05 10:05:58,927 [bcc7b4f4-64c2-40bd-855e-f062474916f1-groupManagement] INFO  server.RaftServerConfigKeys (ConfUtils.java:logGet(46)) - raft.server.leaderelection.leader.step-down.wait-time = 10s (default)
2023-12-05 10:05:58,927 [bcc7b4f4-64c2-40bd-855e-f062474916f1-groupManagement] INFO  server.RaftServerConfigKeys (ConfUtils.java:logGet(46)) - raft.server.leaderelection.member.majority-add = false (default)
2023-12-05 10:05:58,927 [bcc7b4f4-64c2-40bd-855e-f062474916f1-groupManagement] INFO  server.RaftServerConfigKeys (ConfUtils.java:logGet(46)) - raft.server.sleep.deviation.threshold = 300ms (default)
2023-12-05 10:05:58,927 [bcc7b4f4-64c2-40bd-855e-f062474916f1-groupManagement] INFO  server.RaftServer$Division (ServerState.java:<init>(113)) - bcc7b4f4-64c2-40bd-855e-f062474916f1@group-450AF8BB60DF: ConfigurationManager, init=-1: peers:[bcc7b4f4-64c2-40bd-855e-f062474916f1|10.1.0.7:15189]|listeners:[], old=null, confs=<EMPTY_MAP>
2023-12-05 10:05:58,927 [bcc7b4f4-64c2-40bd-855e-f062474916f1-groupManagement] INFO  server.RaftServerConfigKeys (ConfUtils.java:logGet(46)) - raft.server.notification.no-leader.timeout = 300s (custom)
2023-12-05 10:05:58,927 [bcc7b4f4-64c2-40bd-855e-f062474916f1-groupManagement] INFO  server.RaftServerConfigKeys (ConfUtils.java:logGet(46)) - raft.server.read.timeout = 10s (default)
2023-12-05 10:05:58,927 [bcc7b4f4-64c2-40bd-855e-f062474916f1-groupManagement] INFO  server.RaftServerConfigKeys (ConfUtils.java:logGet(46)) - raft.server.retrycache.expirytime = 600000ms (custom)
2023-12-05 10:05:58,927 [bcc7b4f4-64c2-40bd-855e-f062474916f1-groupManagement] INFO  server.RaftServerConfigKeys (ConfUtils.java:logGet(46)) - raft.server.retrycache.statistics.expirytime = 100ms (default)
2023-12-05 10:05:58,927 [bcc7b4f4-64c2-40bd-855e-f062474916f1-groupManagement] INFO  server.RaftServerConfigKeys (ConfUtils.java:logGet(46)) - raft.server.read.option = DEFAULT (default)
2023-12-05 10:05:58,927 [bcc7b4f4-64c2-40bd-855e-f062474916f1-groupManagement] INFO  server.RaftServerConfigKeys (ConfUtils.java:logGet(46)) - raft.server.read.read-after-write-consistent.write-index-cache.expiry-time = 60s (default)
2023-12-05 10:05:58,929 [bcc7b4f4-64c2-40bd-855e-f062474916f1-groupManagement] INFO  server.RaftServerConfigKeys (ConfUtils.java:logGet(46)) - raft.server.rpc.request.timeout = 60s (custom)
2023-12-05 10:05:58,929 [bcc7b4f4-64c2-40bd-855e-f062474916f1-groupManagement] INFO  server.RaftServerConfigKeys (ConfUtils.java:logGet(46)) - raft.server.log.appender.install.snapshot.enabled = false (custom)
2023-12-05 10:05:58,929 [bcc7b4f4-64c2-40bd-855e-f062474916f1-groupManagement] INFO  server.RaftServerConfigKeys (ConfUtils.java:logGet(46)) - raft.server.threadpool.server.cached = true (default)
2023-12-05 10:05:58,929 [bcc7b4f4-64c2-40bd-855e-f062474916f1-groupManagement] INFO  server.RaftServerConfigKeys (ConfUtils.java:logGet(46)) - raft.server.threadpool.server.size = 0 (default)
2023-12-05 10:05:58,929 [bcc7b4f4-64c2-40bd-855e-f062474916f1-groupManagement] INFO  server.RaftServerConfigKeys (ConfUtils.java:logGet(46)) - raft.server.threadpool.client.cached = true (default)
2023-12-05 10:05:58,929 [bcc7b4f4-64c2-40bd-855e-f062474916f1-groupManagement] INFO  server.RaftServerConfigKeys (ConfUtils.java:logGet(46)) - raft.server.threadpool.client.size = 0 (default)
2023-12-05 10:05:58,929 [bcc7b4f4-64c2-40bd-855e-f062474916f1-groupManagement] INFO  server.RaftServerConfigKeys (ConfUtils.java:logGet(46)) - raft.server.storage.free-space.min = 0MB (=0) (default)
2023-12-05 10:05:58,929 [bcc7b4f4-64c2-40bd-855e-f062474916f1-groupManagement] INFO  server.RaftServerConfigKeys (ConfUtils.java:logGet(46)) - raft.server.log.corruption.policy = EXCEPTION (default)
2023-12-05 10:05:58,929 [bcc7b4f4-64c2-40bd-855e-f062474916f1-groupManagement] INFO  server.RaftServerConfigKeys (ConfUtils.java:logGet(46)) - raft.server.storage.dir = [/home/runner/work/ozone/ozone/hadoop-ozone/integration-test/target/test-dir/MiniOzoneClusterImpl-1935f9c7-a71b-4f10-8b32-4eef1a617aae/datanode-0/data/ratis] (custom)
2023-12-05 10:05:58,929 [bcc7b4f4-64c2-40bd-855e-f062474916f1-groupManagement] INFO  storage.RaftStorageDirectory (RaftStorageDirectoryImpl.java:analyzeStorage(138)) - The storage directory /home/runner/work/ozone/ozone/hadoop-ozone/integration-test/target/test-dir/MiniOzoneClusterImpl-1935f9c7-a71b-4f10-8b32-4eef1a617aae/datanode-0/data/ratis/35a37947-9c39-45f6-a4d6-450af8bb60df does not exist. Creating ...
2023-12-05 10:05:58,930 [bcc7b4f4-64c2-40bd-855e-f062474916f1-groupManagement] INFO  storage.RaftStorageDirectory (RaftStorageDirectoryImpl.java:tryLock(232)) - Lock on /home/runner/work/ozone/ozone/hadoop-ozone/integration-test/target/test-dir/MiniOzoneClusterImpl-1935f9c7-a71b-4f10-8b32-4eef1a617aae/datanode-0/data/ratis/35a37947-9c39-45f6-a4d6-450af8bb60df/in_use.lock acquired by nodename 4813@fv-az884-53
2023-12-05 10:05:58,931 [bcc7b4f4-64c2-40bd-855e-f062474916f1-groupManagement] INFO  storage.RaftStorage (RaftStorageImpl.java:format(97)) - Storage directory /home/runner/work/ozone/ozone/hadoop-ozone/integration-test/target/test-dir/MiniOzoneClusterImpl-1935f9c7-a71b-4f10-8b32-4eef1a617aae/datanode-0/data/ratis/35a37947-9c39-45f6-a4d6-450af8bb60df has been successfully formatted.
2023-12-05 10:05:58,932 [bcc7b4f4-64c2-40bd-855e-f062474916f1-groupManagement] INFO  ratis.ContainerStateMachine (ContainerStateMachine.java:loadSnapshot(269)) - group-450AF8BB60DF: The snapshot info is null. Setting the last applied indexto:(t:0, i:~)
2023-12-05 10:05:58,932 [bcc7b4f4-64c2-40bd-855e-f062474916f1-groupManagement] INFO  server.RaftServerConfigKeys (ConfUtils.java:logGet(46)) - raft.server.log.use.memory = false (default)
2023-12-05 10:05:58,932 [bcc7b4f4-64c2-40bd-855e-f062474916f1-groupManagement] INFO  server.RaftServerConfigKeys (ConfUtils.java:logGet(46)) - raft.server.log.purge.gap = 1000000 (custom)
2023-12-05 10:05:58,932 [bcc7b4f4-64c2-40bd-855e-f062474916f1-groupManagement] INFO  server.RaftServerConfigKeys (ConfUtils.java:logGet(46)) - raft.server.log.appender.buffer.byte-limit = 8388608 (custom)
2023-12-05 10:05:58,932 [bcc7b4f4-64c2-40bd-855e-f062474916f1-groupManagement] INFO  server.RaftServerConfigKeys (ConfUtils.java:logGet(46)) - raft.server.log.statemachine.data.read.timeout = 1000ms (default)
2023-12-05 10:05:58,932 [bcc7b4f4-64c2-40bd-855e-f062474916f1-groupManagement] INFO  server.RaftServerConfigKeys (ConfUtils.java:logGet(46)) - raft.server.log.purge.preservation.log.num = 0 (default)
2023-12-05 10:05:58,933 [bcc7b4f4-64c2-40bd-855e-f062474916f1-groupManagement] INFO  server.RaftServerConfigKeys (ConfUtils.java:logGet(46)) - raft.server.log.segment.size.max = 67108864 (custom)
2023-12-05 10:05:58,933 [bcc7b4f4-64c2-40bd-855e-f062474916f1-groupManagement] INFO  server.RaftServerConfigKeys (ConfUtils.java:logGet(46)) - raft.server.log.segment.cache.num.max = 2 (custom)
2023-12-05 10:05:58,933 [bcc7b4f4-64c2-40bd-855e-f062474916f1-groupManagement] INFO  server.RaftServerConfigKeys (ConfUtils.java:logGet(46)) - raft.server.log.segment.cache.size.max = 200MB (=209715200) (default)
2023-12-05 10:05:58,934 [bcc7b4f4-64c2-40bd-855e-f062474916f1-groupManagement] INFO  server.RaftServerConfigKeys (ConfUtils.java:logGet(46)) - raft.server.log.appender.buffer.byte-limit = 8388608 (custom)
2023-12-05 10:05:58,934 [bcc7b4f4-64c2-40bd-855e-f062474916f1-groupManagement] INFO  util.AwaitToRun (AwaitToRun.java:start(81)) - Thread[bcc7b4f4-64c2-40bd-855e-f062474916f1@group-450AF8BB60DF-cacheEviction-AwaitToRun,5,main] started
2023-12-05 10:05:58,934 [bcc7b4f4-64c2-40bd-855e-f062474916f1-groupManagement] INFO  segmented.SegmentedRaftLogWorker (SegmentedRaftLogWorker.java:<init>(184)) - new bcc7b4f4-64c2-40bd-855e-f062474916f1@group-450AF8BB60DF-SegmentedRaftLogWorker for RaftStorageImpl:Storage Directory /home/runner/work/ozone/ozone/hadoop-ozone/integration-test/target/test-dir/MiniOzoneClusterImpl-1935f9c7-a71b-4f10-8b32-4eef1a617aae/datanode-0/data/ratis/35a37947-9c39-45f6-a4d6-450af8bb60df
2023-12-05 10:05:58,934 [bcc7b4f4-64c2-40bd-855e-f062474916f1-groupManagement] INFO  server.RaftServerConfigKeys (ConfUtils.java:logGet(46)) - raft.server.log.queue.byte-limit = 4294967296 (custom)
2023-12-05 10:05:58,934 [bcc7b4f4-64c2-40bd-855e-f062474916f1-groupManagement] INFO  server.RaftServerConfigKeys (ConfUtils.java:logGet(46)) - raft.server.log.queue.element-limit = 1024 (custom)
2023-12-05 10:05:58,934 [EventQueue-PipelineReportForPipelineReportHandler] INFO  pipeline.PipelineReportHandler (PipelineReportHandler.java:processPipelineReport(136)) - Opened pipeline PipelineID=35a37947-9c39-45f6-a4d6-450af8bb60df
2023-12-05 10:05:58,934 [bcc7b4f4-64c2-40bd-855e-f062474916f1-groupManagement] INFO  server.RaftServerConfigKeys (ConfUtils.java:logGet(46)) - raft.server.log.segment.size.max = 67108864 (custom)
2023-12-05 10:05:58,935 [bcc7b4f4-64c2-40bd-855e-f062474916f1-groupManagement] INFO  server.RaftServerConfigKeys (ConfUtils.java:logGet(46)) - raft.server.log.preallocated.size = 4194304 (custom)
2023-12-05 10:05:58,935 [bcc7b4f4-64c2-40bd-855e-f062474916f1-groupManagement] INFO  server.RaftServerConfigKeys (ConfUtils.java:logGet(46)) - raft.server.log.force.sync.num = 128 (default)
2023-12-05 10:05:58,935 [bcc7b4f4-64c2-40bd-855e-f062474916f1-groupManagement] INFO  server.RaftServerConfigKeys (ConfUtils.java:logGet(46)) - raft.server.log.statemachine.data.sync = true (default)
2023-12-05 10:05:58,935 [bcc7b4f4-64c2-40bd-855e-f062474916f1-groupManagement] INFO  server.RaftServerConfigKeys (ConfUtils.java:logGet(46)) - raft.server.log.statemachine.data.sync.timeout = 10s (default)
2023-12-05 10:05:58,935 [bcc7b4f4-64c2-40bd-855e-f062474916f1-groupManagement] INFO  server.RaftServerConfigKeys (ConfUtils.java:logGet(46)) - raft.server.log.statemachine.data.sync.timeout.retry = 0 (custom)
2023-12-05 10:05:58,935 [bcc7b4f4-64c2-40bd-855e-f062474916f1-groupManagement] INFO  server.RaftServerConfigKeys (ConfUtils.java:logGet(46)) - raft.server.log.write.buffer.size = 8388616 (custom)
2023-12-05 10:05:58,937 [bcc7b4f4-64c2-40bd-855e-f062474916f1-groupManagement] INFO  server.RaftServerConfigKeys (ConfUtils.java:logGet(46)) - raft.server.log.appender.buffer.byte-limit = 8388608 (custom)
2023-12-05 10:05:58,937 [bcc7b4f4-64c2-40bd-855e-f062474916f1-groupManagement] INFO  server.RaftServerConfigKeys (ConfUtils.java:logGet(46)) - raft.server.log.unsafe-flush.enabled = false (default)
2023-12-05 10:05:58,937 [bcc7b4f4-64c2-40bd-855e-f062474916f1-groupManagement] INFO  server.RaftServerConfigKeys (ConfUtils.java:logGet(46)) - raft.server.log.async-flush.enabled = false (default)
2023-12-05 10:05:58,937 [bcc7b4f4-64c2-40bd-855e-f062474916f1-groupManagement] INFO  server.RaftServerConfigKeys (ConfUtils.java:logGet(46)) - raft.server.log.statemachine.data.caching.enabled = true (custom)
2023-12-05 10:05:58,938 [bcc7b4f4-64c2-40bd-855e-f062474916f1-groupManagement] INFO  segmented.SegmentedRaftLogWorker (SegmentedRaftLogWorker.java:lambda$new$0(135)) - bcc7b4f4-64c2-40bd-855e-f062474916f1@group-450AF8BB60DF-SegmentedRaftLogWorker: flushIndex: setUnconditionally 0 -> -1
2023-12-05 10:05:58,938 [bcc7b4f4-64c2-40bd-855e-f062474916f1-groupManagement] INFO  segmented.SegmentedRaftLogWorker (SegmentedRaftLogWorker.java:lambda$new$0(135)) - bcc7b4f4-64c2-40bd-855e-f062474916f1@group-450AF8BB60DF-SegmentedRaftLogWorker: safeCacheEvictIndex: setUnconditionally 0 -> -1
2023-12-05 10:05:58,938 [bcc7b4f4-64c2-40bd-855e-f062474916f1-groupManagement] INFO  server.RaftServer$Division (RaftServerImpl.java:start(392)) - bcc7b4f4-64c2-40bd-855e-f062474916f1@group-450AF8BB60DF: start as a follower, conf=-1: peers:[bcc7b4f4-64c2-40bd-855e-f062474916f1|10.1.0.7:15189]|listeners:[], old=null
2023-12-05 10:05:58,938 [bcc7b4f4-64c2-40bd-855e-f062474916f1-groupManagement] INFO  server.RaftServer$Division (RaftServerImpl.java:setRole(379)) - bcc7b4f4-64c2-40bd-855e-f062474916f1@group-450AF8BB60DF: changes role from      null to FOLLOWER at term 0 for startAsFollower
2023-12-05 10:05:58,938 [EventQueue-OpenPipelineForHealthyPipelineSafeModeRule] INFO  safemode.SCMSafeModeManager (HealthyPipelineSafeModeRule.java:process(137)) - SCM in safe mode. Healthy pipelines reported count is 0, required healthy pipeline reported count is 1
2023-12-05 10:05:58,938 [bcc7b4f4-64c2-40bd-855e-f062474916f1-groupManagement] INFO  impl.RoleInfo (RoleInfo.java:updateAndGet(139)) - bcc7b4f4-64c2-40bd-855e-f062474916f1: start bcc7b4f4-64c2-40bd-855e-f062474916f1@group-450AF8BB60DF-FollowerState
2023-12-05 10:05:58,938 [bcc7b4f4-64c2-40bd-855e-f062474916f1@group-450AF8BB60DF-FollowerState] INFO  server.RaftServerConfigKeys (ConfUtils.java:logFallback(53)) - raft.server.rpc.first-election.timeout.min = 5s (fallback to raft.server.rpc.timeout.min)
2023-12-05 10:05:58,938 [bcc7b4f4-64c2-40bd-855e-f062474916f1-groupManagement] INFO  util.JmxRegister (JmxRegister.java:tryRegister(44)) - Successfully registered JMX Bean with object name Ratis:service=RaftServer,group=group-450AF8BB60DF,id=bcc7b4f4-64c2-40bd-855e-f062474916f1
2023-12-05 10:05:58,938 [bcc7b4f4-64c2-40bd-855e-f062474916f1@group-450AF8BB60DF-FollowerState] INFO  server.RaftServerConfigKeys (ConfUtils.java:logFallback(53)) - raft.server.rpc.first-election.timeout.max = 5200ms (fallback to raft.server.rpc.timeout.max)
2023-12-05 10:05:58,938 [bcc7b4f4-64c2-40bd-855e-f062474916f1-groupManagement] INFO  server.RaftServerConfigKeys (ConfUtils.java:logGet(46)) - raft.server.snapshot.trigger-when-stop.enabled = true (default)
2023-12-05 10:05:58,938 [bcc7b4f4-64c2-40bd-855e-f062474916f1-groupManagement] INFO  server.RaftServerConfigKeys (ConfUtils.java:logGet(46)) - raft.server.snapshot.auto.trigger.enabled = true (custom)
2023-12-05 10:05:58,938 [bcc7b4f4-64c2-40bd-855e-f062474916f1-groupManagement] INFO  server.RaftServerConfigKeys (ConfUtils.java:logGet(46)) - raft.server.snapshot.auto.trigger.threshold = 10000 (custom)
2023-12-05 10:05:58,938 [bcc7b4f4-64c2-40bd-855e-f062474916f1-groupManagement] INFO  server.RaftServerConfigKeys (ConfUtils.java:logGet(46)) - raft.server.snapshot.retention.file.num = 5 (custom)
2023-12-05 10:05:58,938 [bcc7b4f4-64c2-40bd-855e-f062474916f1-groupManagement] INFO  server.RaftServerConfigKeys (ConfUtils.java:logGet(46)) - raft.server.log.purge.upto.snapshot.index = false (default)
2023-12-05 10:05:58,939 [bcc7b4f4-64c2-40bd-855e-f062474916f1-PipelineCommandHandlerThread-0] INFO  ratis.XceiverServerRatis (XceiverServerRatis.java:addGroup(837)) - Created group PipelineID=35a37947-9c39-45f6-a4d6-450af8bb60df
2023-12-05 10:05:58,939 [bcc7b4f4-64c2-40bd-855e-f062474916f1-PipelineCommandHandlerThread-0] INFO  commandhandler.CreatePipelineCommandHandler (CreatePipelineCommandHandler.java:lambda$handle$2(124)) - Created Pipeline RATIS ONE PipelineID=35a37947-9c39-45f6-a4d6-450af8bb60df.
2023-12-05 10:05:58,939 [bcc7b4f4-64c2-40bd-855e-f062474916f1-PipelineCommandHandlerThread-0] INFO  server.RaftServer (RaftServerProxy.java:addNew(100)) - bcc7b4f4-64c2-40bd-855e-f062474916f1: addNew group-510B90CF76D5:[bcc7b4f4-64c2-40bd-855e-f062474916f1|10.1.0.7:15189, 8f0f62b5-c9ed-4a54-85c1-2113097341cf|10.1.0.7:15207, 4342bc39-cca9-4f61-b8ed-08126dfe3856|10.1.0.7:15198] returns group-510B90CF76D5:java.util.concurrent.CompletableFuture@2230814f[Not completed]
2023-12-05 10:05:58,940 [bcc7b4f4-64c2-40bd-855e-f062474916f1-groupManagement] INFO  server.RaftServer$Division (RaftServerImpl.java:<init>(256)) - bcc7b4f4-64c2-40bd-855e-f062474916f1: new RaftServerImpl for group-510B90CF76D5:[bcc7b4f4-64c2-40bd-855e-f062474916f1|10.1.0.7:15189, 8f0f62b5-c9ed-4a54-85c1-2113097341cf|10.1.0.7:15207, 4342bc39-cca9-4f61-b8ed-08126dfe3856|10.1.0.7:15198] with ContainerStateMachine:uninitialized
2023-12-05 10:05:58,940 [bcc7b4f4-64c2-40bd-855e-f062474916f1-groupManagement] INFO  server.RaftServerConfigKeys (ConfUtils.java:logGet(46)) - raft.server.rpc.timeout.min = 5s (custom)
2023-12-05 10:05:58,940 [bcc7b4f4-64c2-40bd-855e-f062474916f1-groupManagement] INFO  server.RaftServerConfigKeys (ConfUtils.java:logGet(46)) - raft.server.rpc.timeout.max = 5200ms (custom)
2023-12-05 10:05:58,940 [bcc7b4f4-64c2-40bd-855e-f062474916f1-groupManagement] INFO  server.RaftServerConfigKeys (ConfUtils.java:logGet(46)) - raft.server.rpc.sleep.time = 25ms (default)
2023-12-05 10:05:58,940 [bcc7b4f4-64c2-40bd-855e-f062474916f1-groupManagement] INFO  server.RaftServerConfigKeys (ConfUtils.java:logGet(46)) - raft.server.rpc.slowness.timeout = 300s (custom)
2023-12-05 10:05:58,940 [bcc7b4f4-64c2-40bd-855e-f062474916f1-groupManagement] INFO  server.RaftServerConfigKeys (ConfUtils.java:logGet(46)) - raft.server.leaderelection.leader.step-down.wait-time = 10s (default)
2023-12-05 10:05:58,940 [bcc7b4f4-64c2-40bd-855e-f062474916f1-groupManagement] INFO  server.RaftServerConfigKeys (ConfUtils.java:logGet(46)) - raft.server.leaderelection.member.majority-add = false (default)
2023-12-05 10:05:58,940 [bcc7b4f4-64c2-40bd-855e-f062474916f1-groupManagement] INFO  server.RaftServerConfigKeys (ConfUtils.java:logGet(46)) - raft.server.sleep.deviation.threshold = 300ms (default)
2023-12-05 10:05:58,941 [bcc7b4f4-64c2-40bd-855e-f062474916f1-groupManagement] INFO  server.RaftServer$Division (ServerState.java:<init>(113)) - bcc7b4f4-64c2-40bd-855e-f062474916f1@group-510B90CF76D5: ConfigurationManager, init=-1: peers:[bcc7b4f4-64c2-40bd-855e-f062474916f1|10.1.0.7:15189, 8f0f62b5-c9ed-4a54-85c1-2113097341cf|10.1.0.7:15207, 4342bc39-cca9-4f61-b8ed-08126dfe3856|10.1.0.7:15198]|listeners:[], old=null, confs=<EMPTY_MAP>
2023-12-05 10:05:58,941 [bcc7b4f4-64c2-40bd-855e-f062474916f1-groupManagement] INFO  server.RaftServerConfigKeys (ConfUtils.java:logGet(46)) - raft.server.notification.no-leader.timeout = 300s (custom)
2023-12-05 10:05:58,941 [bcc7b4f4-64c2-40bd-855e-f062474916f1-groupManagement] INFO  server.RaftServerConfigKeys (ConfUtils.java:logGet(46)) - raft.server.read.timeout = 10s (default)
2023-12-05 10:05:58,941 [bcc7b4f4-64c2-40bd-855e-f062474916f1-groupManagement] INFO  server.RaftServerConfigKeys (ConfUtils.java:logGet(46)) - raft.server.retrycache.expirytime = 600000ms (custom)
2023-12-05 10:05:58,941 [bcc7b4f4-64c2-40bd-855e-f062474916f1-groupManagement] INFO  server.RaftServerConfigKeys (ConfUtils.java:logGet(46)) - raft.server.retrycache.statistics.expirytime = 100ms (default)
2023-12-05 10:05:58,941 [bcc7b4f4-64c2-40bd-855e-f062474916f1-groupManagement] INFO  server.RaftServerConfigKeys (ConfUtils.java:logGet(46)) - raft.server.read.option = DEFAULT (default)
2023-12-05 10:05:58,941 [bcc7b4f4-64c2-40bd-855e-f062474916f1-groupManagement] INFO  server.RaftServerConfigKeys (ConfUtils.java:logGet(46)) - raft.server.read.read-after-write-consistent.write-index-cache.expiry-time = 60s (default)
2023-12-05 10:05:58,942 [bcc7b4f4-64c2-40bd-855e-f062474916f1-groupManagement] INFO  server.RaftServerConfigKeys (ConfUtils.java:logGet(46)) - raft.server.rpc.request.timeout = 60s (custom)
2023-12-05 10:05:58,942 [bcc7b4f4-64c2-40bd-855e-f062474916f1-groupManagement] INFO  server.RaftServerConfigKeys (ConfUtils.java:logGet(46)) - raft.server.log.appender.install.snapshot.enabled = false (custom)
2023-12-05 10:05:58,942 [bcc7b4f4-64c2-40bd-855e-f062474916f1-groupManagement] INFO  server.RaftServerConfigKeys (ConfUtils.java:logGet(46)) - raft.server.threadpool.server.cached = true (default)
2023-12-05 10:05:58,942 [bcc7b4f4-64c2-40bd-855e-f062474916f1-groupManagement] INFO  server.RaftServerConfigKeys (ConfUtils.java:logGet(46)) - raft.server.threadpool.server.size = 0 (default)
2023-12-05 10:05:58,942 [bcc7b4f4-64c2-40bd-855e-f062474916f1-groupManagement] INFO  server.RaftServerConfigKeys (ConfUtils.java:logGet(46)) - raft.server.threadpool.client.cached = true (default)
2023-12-05 10:05:58,942 [bcc7b4f4-64c2-40bd-855e-f062474916f1-groupManagement] INFO  server.RaftServerConfigKeys (ConfUtils.java:logGet(46)) - raft.server.threadpool.client.size = 0 (default)
2023-12-05 10:05:58,942 [bcc7b4f4-64c2-40bd-855e-f062474916f1-groupManagement] INFO  server.RaftServerConfigKeys (ConfUtils.java:logGet(46)) - raft.server.storage.free-space.min = 0MB (=0) (default)
2023-12-05 10:05:58,942 [bcc7b4f4-64c2-40bd-855e-f062474916f1-groupManagement] INFO  server.RaftServerConfigKeys (ConfUtils.java:logGet(46)) - raft.server.log.corruption.policy = EXCEPTION (default)
2023-12-05 10:05:58,942 [bcc7b4f4-64c2-40bd-855e-f062474916f1-groupManagement] INFO  server.RaftServerConfigKeys (ConfUtils.java:logGet(46)) - raft.server.storage.dir = [/home/runner/work/ozone/ozone/hadoop-ozone/integration-test/target/test-dir/MiniOzoneClusterImpl-1935f9c7-a71b-4f10-8b32-4eef1a617aae/datanode-0/data/ratis] (custom)
2023-12-05 10:05:58,943 [bcc7b4f4-64c2-40bd-855e-f062474916f1-groupManagement] INFO  storage.RaftStorageDirectory (RaftStorageDirectoryImpl.java:analyzeStorage(138)) - The storage directory /home/runner/work/ozone/ozone/hadoop-ozone/integration-test/target/test-dir/MiniOzoneClusterImpl-1935f9c7-a71b-4f10-8b32-4eef1a617aae/datanode-0/data/ratis/bf847b04-caf5-47b7-9593-510b90cf76d5 does not exist. Creating ...
2023-12-05 10:05:58,943 [bcc7b4f4-64c2-40bd-855e-f062474916f1-groupManagement] INFO  storage.RaftStorageDirectory (RaftStorageDirectoryImpl.java:tryLock(232)) - Lock on /home/runner/work/ozone/ozone/hadoop-ozone/integration-test/target/test-dir/MiniOzoneClusterImpl-1935f9c7-a71b-4f10-8b32-4eef1a617aae/datanode-0/data/ratis/bf847b04-caf5-47b7-9593-510b90cf76d5/in_use.lock acquired by nodename 4813@fv-az884-53
2023-12-05 10:05:58,944 [bcc7b4f4-64c2-40bd-855e-f062474916f1-groupManagement] INFO  storage.RaftStorage (RaftStorageImpl.java:format(97)) - Storage directory /home/runner/work/ozone/ozone/hadoop-ozone/integration-test/target/test-dir/MiniOzoneClusterImpl-1935f9c7-a71b-4f10-8b32-4eef1a617aae/datanode-0/data/ratis/bf847b04-caf5-47b7-9593-510b90cf76d5 has been successfully formatted.
2023-12-05 10:05:58,945 [bcc7b4f4-64c2-40bd-855e-f062474916f1-groupManagement] INFO  ratis.ContainerStateMachine (ContainerStateMachine.java:loadSnapshot(269)) - group-510B90CF76D5: The snapshot info is null. Setting the last applied indexto:(t:0, i:~)
2023-12-05 10:05:58,945 [bcc7b4f4-64c2-40bd-855e-f062474916f1-groupManagement] INFO  server.RaftServerConfigKeys (ConfUtils.java:logGet(46)) - raft.server.log.use.memory = false (default)
2023-12-05 10:05:58,945 [bcc7b4f4-64c2-40bd-855e-f062474916f1-groupManagement] INFO  server.RaftServerConfigKeys (ConfUtils.java:logGet(46)) - raft.server.log.purge.gap = 1000000 (custom)
2023-12-05 10:05:58,945 [bcc7b4f4-64c2-40bd-855e-f062474916f1-groupManagement] INFO  server.RaftServerConfigKeys (ConfUtils.java:logGet(46)) - raft.server.log.appender.buffer.byte-limit = 8388608 (custom)
2023-12-05 10:05:58,945 [bcc7b4f4-64c2-40bd-855e-f062474916f1-groupManagement] INFO  server.RaftServerConfigKeys (ConfUtils.java:logGet(46)) - raft.server.log.statemachine.data.read.timeout = 1000ms (default)
2023-12-05 10:05:58,945 [bcc7b4f4-64c2-40bd-855e-f062474916f1-groupManagement] INFO  server.RaftServerConfigKeys (ConfUtils.java:logGet(46)) - raft.server.log.purge.preservation.log.num = 0 (default)
2023-12-05 10:05:58,946 [bcc7b4f4-64c2-40bd-855e-f062474916f1-groupManagement] INFO  server.RaftServerConfigKeys (ConfUtils.java:logGet(46)) - raft.server.log.segment.size.max = 67108864 (custom)
2023-12-05 10:05:58,946 [bcc7b4f4-64c2-40bd-855e-f062474916f1-groupManagement] INFO  server.RaftServerConfigKeys (ConfUtils.java:logGet(46)) - raft.server.log.segment.cache.num.max = 2 (custom)
2023-12-05 10:05:58,946 [bcc7b4f4-64c2-40bd-855e-f062474916f1-groupManagement] INFO  server.RaftServerConfigKeys (ConfUtils.java:logGet(46)) - raft.server.log.segment.cache.size.max = 200MB (=209715200) (default)
2023-12-05 10:05:58,946 [bcc7b4f4-64c2-40bd-855e-f062474916f1-groupManagement] INFO  server.RaftServerConfigKeys (ConfUtils.java:logGet(46)) - raft.server.log.appender.buffer.byte-limit = 8388608 (custom)
2023-12-05 10:05:58,946 [EventQueue-OpenPipelineForHealthyPipelineSafeModeRule] INFO  safemode.SCMSafeModeManager (HealthyPipelineSafeModeRule.java:process(137)) - SCM in safe mode. Healthy pipelines reported count is 0, required healthy pipeline reported count is 1
2023-12-05 10:05:58,947 [bcc7b4f4-64c2-40bd-855e-f062474916f1-groupManagement] INFO  util.AwaitToRun (AwaitToRun.java:start(81)) - Thread[bcc7b4f4-64c2-40bd-855e-f062474916f1@group-510B90CF76D5-cacheEviction-AwaitToRun,5,main] started
2023-12-05 10:05:58,947 [bcc7b4f4-64c2-40bd-855e-f062474916f1-groupManagement] INFO  segmented.SegmentedRaftLogWorker (SegmentedRaftLogWorker.java:<init>(184)) - new bcc7b4f4-64c2-40bd-855e-f062474916f1@group-510B90CF76D5-SegmentedRaftLogWorker for RaftStorageImpl:Storage Directory /home/runner/work/ozone/ozone/hadoop-ozone/integration-test/target/test-dir/MiniOzoneClusterImpl-1935f9c7-a71b-4f10-8b32-4eef1a617aae/datanode-0/data/ratis/bf847b04-caf5-47b7-9593-510b90cf76d5
2023-12-05 10:05:58,947 [bcc7b4f4-64c2-40bd-855e-f062474916f1-groupManagement] INFO  server.RaftServerConfigKeys (ConfUtils.java:logGet(46)) - raft.server.log.queue.byte-limit = 4294967296 (custom)
2023-12-05 10:05:58,947 [bcc7b4f4-64c2-40bd-855e-f062474916f1-groupManagement] INFO  server.RaftServerConfigKeys (ConfUtils.java:logGet(46)) - raft.server.log.queue.element-limit = 1024 (custom)
2023-12-05 10:05:58,947 [bcc7b4f4-64c2-40bd-855e-f062474916f1-groupManagement] INFO  server.RaftServerConfigKeys (ConfUtils.java:logGet(46)) - raft.server.log.segment.size.max = 67108864 (custom)
2023-12-05 10:05:58,947 [bcc7b4f4-64c2-40bd-855e-f062474916f1-groupManagement] INFO  server.RaftServerConfigKeys (ConfUtils.java:logGet(46)) - raft.server.log.preallocated.size = 4194304 (custom)
2023-12-05 10:05:58,947 [bcc7b4f4-64c2-40bd-855e-f062474916f1-groupManagement] INFO  server.RaftServerConfigKeys (ConfUtils.java:logGet(46)) - raft.server.log.force.sync.num = 128 (default)
2023-12-05 10:05:58,947 [bcc7b4f4-64c2-40bd-855e-f062474916f1-groupManagement] INFO  server.RaftServerConfigKeys (ConfUtils.java:logGet(46)) - raft.server.log.statemachine.data.sync = true (default)
2023-12-05 10:05:58,947 [bcc7b4f4-64c2-40bd-855e-f062474916f1-groupManagement] INFO  server.RaftServerConfigKeys (ConfUtils.java:logGet(46)) - raft.server.log.statemachine.data.sync.timeout = 10s (default)
2023-12-05 10:05:58,947 [bcc7b4f4-64c2-40bd-855e-f062474916f1-groupManagement] INFO  server.RaftServerConfigKeys (ConfUtils.java:logGet(46)) - raft.server.log.statemachine.data.sync.timeout.retry = 0 (custom)
2023-12-05 10:05:58,947 [bcc7b4f4-64c2-40bd-855e-f062474916f1-groupManagement] INFO  server.RaftServerConfigKeys (ConfUtils.java:logGet(46)) - raft.server.log.write.buffer.size = 8388616 (custom)
2023-12-05 10:05:58,949 [bcc7b4f4-64c2-40bd-855e-f062474916f1-groupManagement] INFO  server.RaftServerConfigKeys (ConfUtils.java:logGet(46)) - raft.server.log.appender.buffer.byte-limit = 8388608 (custom)
2023-12-05 10:05:58,949 [bcc7b4f4-64c2-40bd-855e-f062474916f1-groupManagement] INFO  server.RaftServerConfigKeys (ConfUtils.java:logGet(46)) - raft.server.log.unsafe-flush.enabled = false (default)
2023-12-05 10:05:58,949 [bcc7b4f4-64c2-40bd-855e-f062474916f1-groupManagement] INFO  server.RaftServerConfigKeys (ConfUtils.java:logGet(46)) - raft.server.log.async-flush.enabled = false (default)
2023-12-05 10:05:58,949 [bcc7b4f4-64c2-40bd-855e-f062474916f1-groupManagement] INFO  server.RaftServerConfigKeys (ConfUtils.java:logGet(46)) - raft.server.log.statemachine.data.caching.enabled = true (custom)
2023-12-05 10:05:58,949 [bcc7b4f4-64c2-40bd-855e-f062474916f1-groupManagement] INFO  segmented.SegmentedRaftLogWorker (SegmentedRaftLogWorker.java:lambda$new$0(135)) - bcc7b4f4-64c2-40bd-855e-f062474916f1@group-510B90CF76D5-SegmentedRaftLogWorker: flushIndex: setUnconditionally 0 -> -1
2023-12-05 10:05:58,949 [bcc7b4f4-64c2-40bd-855e-f062474916f1-groupManagement] INFO  segmented.SegmentedRaftLogWorker (SegmentedRaftLogWorker.java:lambda$new$0(135)) - bcc7b4f4-64c2-40bd-855e-f062474916f1@group-510B90CF76D5-SegmentedRaftLogWorker: safeCacheEvictIndex: setUnconditionally 0 -> -1
2023-12-05 10:05:58,950 [bcc7b4f4-64c2-40bd-855e-f062474916f1-groupManagement] INFO  server.RaftServer$Division (RaftServerImpl.java:start(392)) - bcc7b4f4-64c2-40bd-855e-f062474916f1@group-510B90CF76D5: start as a follower, conf=-1: peers:[bcc7b4f4-64c2-40bd-855e-f062474916f1|10.1.0.7:15189, 8f0f62b5-c9ed-4a54-85c1-2113097341cf|10.1.0.7:15207, 4342bc39-cca9-4f61-b8ed-08126dfe3856|10.1.0.7:15198]|listeners:[], old=null
2023-12-05 10:05:58,950 [bcc7b4f4-64c2-40bd-855e-f062474916f1-groupManagement] INFO  server.RaftServer$Division (RaftServerImpl.java:setRole(379)) - bcc7b4f4-64c2-40bd-855e-f062474916f1@group-510B90CF76D5: changes role from      null to FOLLOWER at term 0 for startAsFollower
2023-12-05 10:05:58,950 [bcc7b4f4-64c2-40bd-855e-f062474916f1-groupManagement] INFO  impl.RoleInfo (RoleInfo.java:updateAndGet(139)) - bcc7b4f4-64c2-40bd-855e-f062474916f1: start bcc7b4f4-64c2-40bd-855e-f062474916f1@group-510B90CF76D5-FollowerState
2023-12-05 10:05:58,950 [bcc7b4f4-64c2-40bd-855e-f062474916f1@group-510B90CF76D5-FollowerState] INFO  server.RaftServerConfigKeys (ConfUtils.java:logFallback(53)) - raft.server.rpc.first-election.timeout.min = 5s (fallback to raft.server.rpc.timeout.min)
2023-12-05 10:05:58,950 [bcc7b4f4-64c2-40bd-855e-f062474916f1-groupManagement] INFO  util.JmxRegister (JmxRegister.java:tryRegister(44)) - Successfully registered JMX Bean with object name Ratis:service=RaftServer,group=group-510B90CF76D5,id=bcc7b4f4-64c2-40bd-855e-f062474916f1
2023-12-05 10:05:58,950 [bcc7b4f4-64c2-40bd-855e-f062474916f1@group-510B90CF76D5-FollowerState] INFO  server.RaftServerConfigKeys (ConfUtils.java:logFallback(53)) - raft.server.rpc.first-election.timeout.max = 5200ms (fallback to raft.server.rpc.timeout.max)
2023-12-05 10:05:58,950 [bcc7b4f4-64c2-40bd-855e-f062474916f1-groupManagement] INFO  server.RaftServerConfigKeys (ConfUtils.java:logGet(46)) - raft.server.snapshot.trigger-when-stop.enabled = true (default)
2023-12-05 10:05:58,950 [bcc7b4f4-64c2-40bd-855e-f062474916f1-groupManagement] INFO  server.RaftServerConfigKeys (ConfUtils.java:logGet(46)) - raft.server.snapshot.auto.trigger.enabled = true (custom)
2023-12-05 10:05:58,950 [bcc7b4f4-64c2-40bd-855e-f062474916f1-groupManagement] INFO  server.RaftServerConfigKeys (ConfUtils.java:logGet(46)) - raft.server.snapshot.auto.trigger.threshold = 10000 (custom)
2023-12-05 10:05:58,950 [bcc7b4f4-64c2-40bd-855e-f062474916f1-groupManagement] INFO  server.RaftServerConfigKeys (ConfUtils.java:logGet(46)) - raft.server.snapshot.retention.file.num = 5 (custom)
2023-12-05 10:05:58,950 [bcc7b4f4-64c2-40bd-855e-f062474916f1-groupManagement] INFO  server.RaftServerConfigKeys (ConfUtils.java:logGet(46)) - raft.server.log.purge.upto.snapshot.index = false (default)
2023-12-05 10:05:58,951 [bcc7b4f4-64c2-40bd-855e-f062474916f1-PipelineCommandHandlerThread-0] INFO  ratis.XceiverServerRatis (XceiverServerRatis.java:addGroup(837)) - Created group PipelineID=bf847b04-caf5-47b7-9593-510b90cf76d5
2023-12-05 10:05:58,959 [grpc-default-executor-0] INFO  server.RaftServer (RaftServerProxy.java:addNew(100)) - 4342bc39-cca9-4f61-b8ed-08126dfe3856: addNew group-510B90CF76D5:[bcc7b4f4-64c2-40bd-855e-f062474916f1|10.1.0.7:15189, 8f0f62b5-c9ed-4a54-85c1-2113097341cf|10.1.0.7:15207, 4342bc39-cca9-4f61-b8ed-08126dfe3856|10.1.0.7:15198] returns group-510B90CF76D5:java.util.concurrent.CompletableFuture@3ea7555e[Not completed]
2023-12-05 10:05:58,960 [4342bc39-cca9-4f61-b8ed-08126dfe3856-groupManagement] INFO  server.RaftServer$Division (RaftServerImpl.java:<init>(256)) - 4342bc39-cca9-4f61-b8ed-08126dfe3856: new RaftServerImpl for group-510B90CF76D5:[bcc7b4f4-64c2-40bd-855e-f062474916f1|10.1.0.7:15189, 8f0f62b5-c9ed-4a54-85c1-2113097341cf|10.1.0.7:15207, 4342bc39-cca9-4f61-b8ed-08126dfe3856|10.1.0.7:15198] with ContainerStateMachine:uninitialized
2023-12-05 10:05:58,960 [4342bc39-cca9-4f61-b8ed-08126dfe3856-groupManagement] INFO  server.RaftServerConfigKeys (ConfUtils.java:logGet(46)) - raft.server.rpc.timeout.min = 5s (custom)
2023-12-05 10:05:58,960 [4342bc39-cca9-4f61-b8ed-08126dfe3856-groupManagement] INFO  server.RaftServerConfigKeys (ConfUtils.java:logGet(46)) - raft.server.rpc.timeout.max = 5200ms (custom)
2023-12-05 10:05:58,960 [4342bc39-cca9-4f61-b8ed-08126dfe3856-groupManagement] INFO  server.RaftServerConfigKeys (ConfUtils.java:logGet(46)) - raft.server.rpc.sleep.time = 25ms (default)
2023-12-05 10:05:58,961 [4342bc39-cca9-4f61-b8ed-08126dfe3856-groupManagement] INFO  server.RaftServerConfigKeys (ConfUtils.java:logGet(46)) - raft.server.rpc.slowness.timeout = 300s (custom)
2023-12-05 10:05:58,961 [4342bc39-cca9-4f61-b8ed-08126dfe3856-groupManagement] INFO  server.RaftServerConfigKeys (ConfUtils.java:logGet(46)) - raft.server.leaderelection.leader.step-down.wait-time = 10s (default)
2023-12-05 10:05:58,961 [4342bc39-cca9-4f61-b8ed-08126dfe3856-groupManagement] INFO  server.RaftServerConfigKeys (ConfUtils.java:logGet(46)) - raft.server.leaderelection.member.majority-add = false (default)
2023-12-05 10:05:58,961 [4342bc39-cca9-4f61-b8ed-08126dfe3856-groupManagement] INFO  server.RaftServerConfigKeys (ConfUtils.java:logGet(46)) - raft.server.sleep.deviation.threshold = 300ms (default)
2023-12-05 10:05:58,961 [4342bc39-cca9-4f61-b8ed-08126dfe3856-groupManagement] INFO  server.RaftServer$Division (ServerState.java:<init>(113)) - 4342bc39-cca9-4f61-b8ed-08126dfe3856@group-510B90CF76D5: ConfigurationManager, init=-1: peers:[bcc7b4f4-64c2-40bd-855e-f062474916f1|10.1.0.7:15189, 8f0f62b5-c9ed-4a54-85c1-2113097341cf|10.1.0.7:15207, 4342bc39-cca9-4f61-b8ed-08126dfe3856|10.1.0.7:15198]|listeners:[], old=null, confs=<EMPTY_MAP>
2023-12-05 10:05:58,961 [4342bc39-cca9-4f61-b8ed-08126dfe3856-groupManagement] INFO  server.RaftServerConfigKeys (ConfUtils.java:logGet(46)) - raft.server.notification.no-leader.timeout = 300s (custom)
2023-12-05 10:05:58,961 [4342bc39-cca9-4f61-b8ed-08126dfe3856-groupManagement] INFO  server.RaftServerConfigKeys (ConfUtils.java:logGet(46)) - raft.server.read.timeout = 10s (default)
2023-12-05 10:05:58,961 [4342bc39-cca9-4f61-b8ed-08126dfe3856-groupManagement] INFO  server.RaftServerConfigKeys (ConfUtils.java:logGet(46)) - raft.server.retrycache.expirytime = 600000ms (custom)
2023-12-05 10:05:58,961 [4342bc39-cca9-4f61-b8ed-08126dfe3856-groupManagement] INFO  server.RaftServerConfigKeys (ConfUtils.java:logGet(46)) - raft.server.retrycache.statistics.expirytime = 100ms (default)
2023-12-05 10:05:58,961 [4342bc39-cca9-4f61-b8ed-08126dfe3856-groupManagement] INFO  server.RaftServerConfigKeys (ConfUtils.java:logGet(46)) - raft.server.read.option = DEFAULT (default)
2023-12-05 10:05:58,961 [4342bc39-cca9-4f61-b8ed-08126dfe3856-groupManagement] INFO  server.RaftServerConfigKeys (ConfUtils.java:logGet(46)) - raft.server.read.read-after-write-consistent.write-index-cache.expiry-time = 60s (default)
2023-12-05 10:05:58,962 [4342bc39-cca9-4f61-b8ed-08126dfe3856-groupManagement] INFO  server.RaftServerConfigKeys (ConfUtils.java:logGet(46)) - raft.server.rpc.request.timeout = 60s (custom)
2023-12-05 10:05:58,962 [4342bc39-cca9-4f61-b8ed-08126dfe3856-groupManagement] INFO  server.RaftServerConfigKeys (ConfUtils.java:logGet(46)) - raft.server.log.appender.install.snapshot.enabled = false (custom)
2023-12-05 10:05:58,962 [4342bc39-cca9-4f61-b8ed-08126dfe3856-groupManagement] INFO  server.RaftServerConfigKeys (ConfUtils.java:logGet(46)) - raft.server.threadpool.server.cached = true (default)
2023-12-05 10:05:58,962 [4342bc39-cca9-4f61-b8ed-08126dfe3856-groupManagement] INFO  server.RaftServerConfigKeys (ConfUtils.java:logGet(46)) - raft.server.threadpool.server.size = 0 (default)
2023-12-05 10:05:58,962 [4342bc39-cca9-4f61-b8ed-08126dfe3856-groupManagement] INFO  server.RaftServerConfigKeys (ConfUtils.java:logGet(46)) - raft.server.threadpool.client.cached = true (default)
2023-12-05 10:05:58,962 [4342bc39-cca9-4f61-b8ed-08126dfe3856-groupManagement] INFO  server.RaftServerConfigKeys (ConfUtils.java:logGet(46)) - raft.server.threadpool.client.size = 0 (default)
2023-12-05 10:05:58,962 [4342bc39-cca9-4f61-b8ed-08126dfe3856-groupManagement] INFO  server.RaftServerConfigKeys (ConfUtils.java:logGet(46)) - raft.server.storage.free-space.min = 0MB (=0) (default)
2023-12-05 10:05:58,962 [4342bc39-cca9-4f61-b8ed-08126dfe3856-groupManagement] INFO  server.RaftServerConfigKeys (ConfUtils.java:logGet(46)) - raft.server.log.corruption.policy = EXCEPTION (default)
2023-12-05 10:05:58,962 [4342bc39-cca9-4f61-b8ed-08126dfe3856-groupManagement] INFO  server.RaftServerConfigKeys (ConfUtils.java:logGet(46)) - raft.server.storage.dir = [/home/runner/work/ozone/ozone/hadoop-ozone/integration-test/target/test-dir/MiniOzoneClusterImpl-1935f9c7-a71b-4f10-8b32-4eef1a617aae/datanode-1/data/ratis] (custom)
2023-12-05 10:05:58,962 [4342bc39-cca9-4f61-b8ed-08126dfe3856-groupManagement] INFO  storage.RaftStorageDirectory (RaftStorageDirectoryImpl.java:analyzeStorage(138)) - The storage directory /home/runner/work/ozone/ozone/hadoop-ozone/integration-test/target/test-dir/MiniOzoneClusterImpl-1935f9c7-a71b-4f10-8b32-4eef1a617aae/datanode-1/data/ratis/bf847b04-caf5-47b7-9593-510b90cf76d5 does not exist. Creating ...
2023-12-05 10:05:58,963 [4342bc39-cca9-4f61-b8ed-08126dfe3856-groupManagement] INFO  storage.RaftStorageDirectory (RaftStorageDirectoryImpl.java:tryLock(232)) - Lock on /home/runner/work/ozone/ozone/hadoop-ozone/integration-test/target/test-dir/MiniOzoneClusterImpl-1935f9c7-a71b-4f10-8b32-4eef1a617aae/datanode-1/data/ratis/bf847b04-caf5-47b7-9593-510b90cf76d5/in_use.lock acquired by nodename 4813@fv-az884-53
2023-12-05 10:05:58,964 [4342bc39-cca9-4f61-b8ed-08126dfe3856-groupManagement] INFO  storage.RaftStorage (RaftStorageImpl.java:format(97)) - Storage directory /home/runner/work/ozone/ozone/hadoop-ozone/integration-test/target/test-dir/MiniOzoneClusterImpl-1935f9c7-a71b-4f10-8b32-4eef1a617aae/datanode-1/data/ratis/bf847b04-caf5-47b7-9593-510b90cf76d5 has been successfully formatted.
2023-12-05 10:05:58,965 [4342bc39-cca9-4f61-b8ed-08126dfe3856-groupManagement] INFO  ratis.ContainerStateMachine (ContainerStateMachine.java:loadSnapshot(269)) - group-510B90CF76D5: The snapshot info is null. Setting the last applied indexto:(t:0, i:~)
2023-12-05 10:05:58,965 [4342bc39-cca9-4f61-b8ed-08126dfe3856-groupManagement] INFO  server.RaftServerConfigKeys (ConfUtils.java:logGet(46)) - raft.server.log.use.memory = false (default)
2023-12-05 10:05:58,965 [4342bc39-cca9-4f61-b8ed-08126dfe3856-groupManagement] INFO  server.RaftServerConfigKeys (ConfUtils.java:logGet(46)) - raft.server.log.purge.gap = 1000000 (custom)
2023-12-05 10:05:58,965 [4342bc39-cca9-4f61-b8ed-08126dfe3856-groupManagement] INFO  server.RaftServerConfigKeys (ConfUtils.java:logGet(46)) - raft.server.log.appender.buffer.byte-limit = 8388608 (custom)
2023-12-05 10:05:58,965 [4342bc39-cca9-4f61-b8ed-08126dfe3856-groupManagement] INFO  server.RaftServerConfigKeys (ConfUtils.java:logGet(46)) - raft.server.log.statemachine.data.read.timeout = 1000ms (default)
2023-12-05 10:05:58,965 [4342bc39-cca9-4f61-b8ed-08126dfe3856-groupManagement] INFO  server.RaftServerConfigKeys (ConfUtils.java:logGet(46)) - raft.server.log.purge.preservation.log.num = 0 (default)
2023-12-05 10:05:58,966 [4342bc39-cca9-4f61-b8ed-08126dfe3856-groupManagement] INFO  server.RaftServerConfigKeys (ConfUtils.java:logGet(46)) - raft.server.log.segment.size.max = 67108864 (custom)
2023-12-05 10:05:58,966 [4342bc39-cca9-4f61-b8ed-08126dfe3856-groupManagement] INFO  server.RaftServerConfigKeys (ConfUtils.java:logGet(46)) - raft.server.log.segment.cache.num.max = 2 (custom)
2023-12-05 10:05:58,966 [4342bc39-cca9-4f61-b8ed-08126dfe3856-groupManagement] INFO  server.RaftServerConfigKeys (ConfUtils.java:logGet(46)) - raft.server.log.segment.cache.size.max = 200MB (=209715200) (default)
2023-12-05 10:05:58,966 [4342bc39-cca9-4f61-b8ed-08126dfe3856-groupManagement] INFO  server.RaftServerConfigKeys (ConfUtils.java:logGet(46)) - raft.server.log.appender.buffer.byte-limit = 8388608 (custom)
2023-12-05 10:05:58,966 [4342bc39-cca9-4f61-b8ed-08126dfe3856-groupManagement] INFO  util.AwaitToRun (AwaitToRun.java:start(81)) - Thread[4342bc39-cca9-4f61-b8ed-08126dfe3856@group-510B90CF76D5-cacheEviction-AwaitToRun,5,main] started
2023-12-05 10:05:58,966 [4342bc39-cca9-4f61-b8ed-08126dfe3856-groupManagement] INFO  segmented.SegmentedRaftLogWorker (SegmentedRaftLogWorker.java:<init>(184)) - new 4342bc39-cca9-4f61-b8ed-08126dfe3856@group-510B90CF76D5-SegmentedRaftLogWorker for RaftStorageImpl:Storage Directory /home/runner/work/ozone/ozone/hadoop-ozone/integration-test/target/test-dir/MiniOzoneClusterImpl-1935f9c7-a71b-4f10-8b32-4eef1a617aae/datanode-1/data/ratis/bf847b04-caf5-47b7-9593-510b90cf76d5
2023-12-05 10:05:58,966 [4342bc39-cca9-4f61-b8ed-08126dfe3856-groupManagement] INFO  server.RaftServerConfigKeys (ConfUtils.java:logGet(46)) - raft.server.log.queue.byte-limit = 4294967296 (custom)
2023-12-05 10:05:58,966 [4342bc39-cca9-4f61-b8ed-08126dfe3856-groupManagement] INFO  server.RaftServerConfigKeys (ConfUtils.java:logGet(46)) - raft.server.log.queue.element-limit = 1024 (custom)
2023-12-05 10:05:58,966 [4342bc39-cca9-4f61-b8ed-08126dfe3856-groupManagement] INFO  server.RaftServerConfigKeys (ConfUtils.java:logGet(46)) - raft.server.log.segment.size.max = 67108864 (custom)
2023-12-05 10:05:58,966 [4342bc39-cca9-4f61-b8ed-08126dfe3856-groupManagement] INFO  server.RaftServerConfigKeys (ConfUtils.java:logGet(46)) - raft.server.log.preallocated.size = 4194304 (custom)
2023-12-05 10:05:58,966 [4342bc39-cca9-4f61-b8ed-08126dfe3856-groupManagement] INFO  server.RaftServerConfigKeys (ConfUtils.java:logGet(46)) - raft.server.log.force.sync.num = 128 (default)
2023-12-05 10:05:58,966 [4342bc39-cca9-4f61-b8ed-08126dfe3856-groupManagement] INFO  server.RaftServerConfigKeys (ConfUtils.java:logGet(46)) - raft.server.log.statemachine.data.sync = true (default)
2023-12-05 10:05:58,966 [4342bc39-cca9-4f61-b8ed-08126dfe3856-groupManagement] INFO  server.RaftServerConfigKeys (ConfUtils.java:logGet(46)) - raft.server.log.statemachine.data.sync.timeout = 10s (default)
2023-12-05 10:05:58,966 [4342bc39-cca9-4f61-b8ed-08126dfe3856-groupManagement] INFO  server.RaftServerConfigKeys (ConfUtils.java:logGet(46)) - raft.server.log.statemachine.data.sync.timeout.retry = 0 (custom)
2023-12-05 10:05:58,966 [4342bc39-cca9-4f61-b8ed-08126dfe3856-groupManagement] INFO  server.RaftServerConfigKeys (ConfUtils.java:logGet(46)) - raft.server.log.write.buffer.size = 8388616 (custom)
2023-12-05 10:05:58,968 [4342bc39-cca9-4f61-b8ed-08126dfe3856-groupManagement] INFO  server.RaftServerConfigKeys (ConfUtils.java:logGet(46)) - raft.server.log.appender.buffer.byte-limit = 8388608 (custom)
2023-12-05 10:05:58,968 [4342bc39-cca9-4f61-b8ed-08126dfe3856-groupManagement] INFO  server.RaftServerConfigKeys (ConfUtils.java:logGet(46)) - raft.server.log.unsafe-flush.enabled = false (default)
2023-12-05 10:05:58,968 [4342bc39-cca9-4f61-b8ed-08126dfe3856-groupManagement] INFO  server.RaftServerConfigKeys (ConfUtils.java:logGet(46)) - raft.server.log.async-flush.enabled = false (default)
2023-12-05 10:05:58,969 [4342bc39-cca9-4f61-b8ed-08126dfe3856-groupManagement] INFO  server.RaftServerConfigKeys (ConfUtils.java:logGet(46)) - raft.server.log.statemachine.data.caching.enabled = true (custom)
2023-12-05 10:05:58,969 [4342bc39-cca9-4f61-b8ed-08126dfe3856-groupManagement] INFO  segmented.SegmentedRaftLogWorker (SegmentedRaftLogWorker.java:lambda$new$0(135)) - 4342bc39-cca9-4f61-b8ed-08126dfe3856@group-510B90CF76D5-SegmentedRaftLogWorker: flushIndex: setUnconditionally 0 -> -1
2023-12-05 10:05:58,969 [4342bc39-cca9-4f61-b8ed-08126dfe3856-groupManagement] INFO  segmented.SegmentedRaftLogWorker (SegmentedRaftLogWorker.java:lambda$new$0(135)) - 4342bc39-cca9-4f61-b8ed-08126dfe3856@group-510B90CF76D5-SegmentedRaftLogWorker: safeCacheEvictIndex: setUnconditionally 0 -> -1
2023-12-05 10:05:58,969 [4342bc39-cca9-4f61-b8ed-08126dfe3856-groupManagement] INFO  server.RaftServer$Division (RaftServerImpl.java:start(392)) - 4342bc39-cca9-4f61-b8ed-08126dfe3856@group-510B90CF76D5: start as a follower, conf=-1: peers:[bcc7b4f4-64c2-40bd-855e-f062474916f1|10.1.0.7:15189, 8f0f62b5-c9ed-4a54-85c1-2113097341cf|10.1.0.7:15207, 4342bc39-cca9-4f61-b8ed-08126dfe3856|10.1.0.7:15198]|listeners:[], old=null
2023-12-05 10:05:58,969 [4342bc39-cca9-4f61-b8ed-08126dfe3856-groupManagement] INFO  server.RaftServer$Division (RaftServerImpl.java:setRole(379)) - 4342bc39-cca9-4f61-b8ed-08126dfe3856@group-510B90CF76D5: changes role from      null to FOLLOWER at term 0 for startAsFollower
2023-12-05 10:05:58,969 [4342bc39-cca9-4f61-b8ed-08126dfe3856-groupManagement] INFO  impl.RoleInfo (RoleInfo.java:updateAndGet(139)) - 4342bc39-cca9-4f61-b8ed-08126dfe3856: start 4342bc39-cca9-4f61-b8ed-08126dfe3856@group-510B90CF76D5-FollowerState
2023-12-05 10:05:58,969 [4342bc39-cca9-4f61-b8ed-08126dfe3856@group-510B90CF76D5-FollowerState] INFO  server.RaftServerConfigKeys (ConfUtils.java:logFallback(53)) - raft.server.rpc.first-election.timeout.min = 5s (fallback to raft.server.rpc.timeout.min)
2023-12-05 10:05:58,969 [4342bc39-cca9-4f61-b8ed-08126dfe3856-groupManagement] INFO  util.JmxRegister (JmxRegister.java:tryRegister(44)) - Successfully registered JMX Bean with object name Ratis:service=RaftServer,group=group-510B90CF76D5,id=4342bc39-cca9-4f61-b8ed-08126dfe3856
2023-12-05 10:05:58,969 [4342bc39-cca9-4f61-b8ed-08126dfe3856@group-510B90CF76D5-FollowerState] INFO  server.RaftServerConfigKeys (ConfUtils.java:logFallback(53)) - raft.server.rpc.first-election.timeout.max = 5200ms (fallback to raft.server.rpc.timeout.max)
2023-12-05 10:05:58,969 [4342bc39-cca9-4f61-b8ed-08126dfe3856-groupManagement] INFO  server.RaftServerConfigKeys (ConfUtils.java:logGet(46)) - raft.server.snapshot.trigger-when-stop.enabled = true (default)
2023-12-05 10:05:58,969 [4342bc39-cca9-4f61-b8ed-08126dfe3856-groupManagement] INFO  server.RaftServerConfigKeys (ConfUtils.java:logGet(46)) - raft.server.snapshot.auto.trigger.enabled = true (custom)
2023-12-05 10:05:58,969 [4342bc39-cca9-4f61-b8ed-08126dfe3856-groupManagement] INFO  server.RaftServerConfigKeys (ConfUtils.java:logGet(46)) - raft.server.snapshot.auto.trigger.threshold = 10000 (custom)
2023-12-05 10:05:58,969 [4342bc39-cca9-4f61-b8ed-08126dfe3856-groupManagement] INFO  server.RaftServerConfigKeys (ConfUtils.java:logGet(46)) - raft.server.snapshot.retention.file.num = 5 (custom)
2023-12-05 10:05:58,969 [4342bc39-cca9-4f61-b8ed-08126dfe3856-groupManagement] INFO  server.RaftServerConfigKeys (ConfUtils.java:logGet(46)) - raft.server.log.purge.upto.snapshot.index = false (default)
2023-12-05 10:05:58,980 [grpc-default-executor-0] INFO  server.RaftServer (RaftServerProxy.java:addNew(100)) - 8f0f62b5-c9ed-4a54-85c1-2113097341cf: addNew group-510B90CF76D5:[bcc7b4f4-64c2-40bd-855e-f062474916f1|10.1.0.7:15189, 8f0f62b5-c9ed-4a54-85c1-2113097341cf|10.1.0.7:15207, 4342bc39-cca9-4f61-b8ed-08126dfe3856|10.1.0.7:15198] returns group-510B90CF76D5:java.util.concurrent.CompletableFuture@3ae993d7[Not completed]
2023-12-05 10:05:58,980 [8f0f62b5-c9ed-4a54-85c1-2113097341cf-groupManagement] INFO  server.RaftServer$Division (RaftServerImpl.java:<init>(256)) - 8f0f62b5-c9ed-4a54-85c1-2113097341cf: new RaftServerImpl for group-510B90CF76D5:[bcc7b4f4-64c2-40bd-855e-f062474916f1|10.1.0.7:15189, 8f0f62b5-c9ed-4a54-85c1-2113097341cf|10.1.0.7:15207, 4342bc39-cca9-4f61-b8ed-08126dfe3856|10.1.0.7:15198] with ContainerStateMachine:uninitialized
2023-12-05 10:05:58,980 [8f0f62b5-c9ed-4a54-85c1-2113097341cf-groupManagement] INFO  server.RaftServerConfigKeys (ConfUtils.java:logGet(46)) - raft.server.rpc.timeout.min = 5s (custom)
2023-12-05 10:05:58,980 [8f0f62b5-c9ed-4a54-85c1-2113097341cf-groupManagement] INFO  server.RaftServerConfigKeys (ConfUtils.java:logGet(46)) - raft.server.rpc.timeout.max = 5200ms (custom)
2023-12-05 10:05:58,981 [8f0f62b5-c9ed-4a54-85c1-2113097341cf-groupManagement] INFO  server.RaftServerConfigKeys (ConfUtils.java:logGet(46)) - raft.server.rpc.sleep.time = 25ms (default)
2023-12-05 10:05:58,981 [8f0f62b5-c9ed-4a54-85c1-2113097341cf-groupManagement] INFO  server.RaftServerConfigKeys (ConfUtils.java:logGet(46)) - raft.server.rpc.slowness.timeout = 300s (custom)
2023-12-05 10:05:58,981 [8f0f62b5-c9ed-4a54-85c1-2113097341cf-groupManagement] INFO  server.RaftServerConfigKeys (ConfUtils.java:logGet(46)) - raft.server.leaderelection.leader.step-down.wait-time = 10s (default)
2023-12-05 10:05:58,981 [8f0f62b5-c9ed-4a54-85c1-2113097341cf-groupManagement] INFO  server.RaftServerConfigKeys (ConfUtils.java:logGet(46)) - raft.server.leaderelection.member.majority-add = false (default)
2023-12-05 10:05:58,981 [8f0f62b5-c9ed-4a54-85c1-2113097341cf-groupManagement] INFO  server.RaftServerConfigKeys (ConfUtils.java:logGet(46)) - raft.server.sleep.deviation.threshold = 300ms (default)
2023-12-05 10:05:58,981 [8f0f62b5-c9ed-4a54-85c1-2113097341cf-groupManagement] INFO  server.RaftServer$Division (ServerState.java:<init>(113)) - 8f0f62b5-c9ed-4a54-85c1-2113097341cf@group-510B90CF76D5: ConfigurationManager, init=-1: peers:[bcc7b4f4-64c2-40bd-855e-f062474916f1|10.1.0.7:15189, 8f0f62b5-c9ed-4a54-85c1-2113097341cf|10.1.0.7:15207, 4342bc39-cca9-4f61-b8ed-08126dfe3856|10.1.0.7:15198]|listeners:[], old=null, confs=<EMPTY_MAP>
2023-12-05 10:05:58,981 [8f0f62b5-c9ed-4a54-85c1-2113097341cf-groupManagement] INFO  server.RaftServerConfigKeys (ConfUtils.java:logGet(46)) - raft.server.notification.no-leader.timeout = 300s (custom)
2023-12-05 10:05:58,981 [8f0f62b5-c9ed-4a54-85c1-2113097341cf-groupManagement] INFO  server.RaftServerConfigKeys (ConfUtils.java:logGet(46)) - raft.server.read.timeout = 10s (default)
2023-12-05 10:05:58,981 [8f0f62b5-c9ed-4a54-85c1-2113097341cf-groupManagement] INFO  server.RaftServerConfigKeys (ConfUtils.java:logGet(46)) - raft.server.retrycache.expirytime = 600000ms (custom)
2023-12-05 10:05:58,981 [8f0f62b5-c9ed-4a54-85c1-2113097341cf-groupManagement] INFO  server.RaftServerConfigKeys (ConfUtils.java:logGet(46)) - raft.server.retrycache.statistics.expirytime = 100ms (default)
2023-12-05 10:05:58,981 [8f0f62b5-c9ed-4a54-85c1-2113097341cf-groupManagement] INFO  server.RaftServerConfigKeys (ConfUtils.java:logGet(46)) - raft.server.read.option = DEFAULT (default)
2023-12-05 10:05:58,981 [8f0f62b5-c9ed-4a54-85c1-2113097341cf-groupManagement] INFO  server.RaftServerConfigKeys (ConfUtils.java:logGet(46)) - raft.server.read.read-after-write-consistent.write-index-cache.expiry-time = 60s (default)
2023-12-05 10:05:58,982 [8f0f62b5-c9ed-4a54-85c1-2113097341cf-groupManagement] INFO  server.RaftServerConfigKeys (ConfUtils.java:logGet(46)) - raft.server.rpc.request.timeout = 60s (custom)
2023-12-05 10:05:58,982 [8f0f62b5-c9ed-4a54-85c1-2113097341cf-groupManagement] INFO  server.RaftServerConfigKeys (ConfUtils.java:logGet(46)) - raft.server.log.appender.install.snapshot.enabled = false (custom)
2023-12-05 10:05:58,982 [8f0f62b5-c9ed-4a54-85c1-2113097341cf-groupManagement] INFO  server.RaftServerConfigKeys (ConfUtils.java:logGet(46)) - raft.server.threadpool.server.cached = true (default)
2023-12-05 10:05:58,982 [8f0f62b5-c9ed-4a54-85c1-2113097341cf-groupManagement] INFO  server.RaftServerConfigKeys (ConfUtils.java:logGet(46)) - raft.server.threadpool.server.size = 0 (default)
2023-12-05 10:05:58,982 [8f0f62b5-c9ed-4a54-85c1-2113097341cf-groupManagement] INFO  server.RaftServerConfigKeys (ConfUtils.java:logGet(46)) - raft.server.threadpool.client.cached = true (default)
2023-12-05 10:05:58,982 [8f0f62b5-c9ed-4a54-85c1-2113097341cf-groupManagement] INFO  server.RaftServerConfigKeys (ConfUtils.java:logGet(46)) - raft.server.threadpool.client.size = 0 (default)
2023-12-05 10:05:58,982 [8f0f62b5-c9ed-4a54-85c1-2113097341cf-groupManagement] INFO  server.RaftServerConfigKeys (ConfUtils.java:logGet(46)) - raft.server.storage.free-space.min = 0MB (=0) (default)
2023-12-05 10:05:58,982 [8f0f62b5-c9ed-4a54-85c1-2113097341cf-groupManagement] INFO  server.RaftServerConfigKeys (ConfUtils.java:logGet(46)) - raft.server.log.corruption.policy = EXCEPTION (default)
2023-12-05 10:05:58,982 [8f0f62b5-c9ed-4a54-85c1-2113097341cf-groupManagement] INFO  server.RaftServerConfigKeys (ConfUtils.java:logGet(46)) - raft.server.storage.dir = [/home/runner/work/ozone/ozone/hadoop-ozone/integration-test/target/test-dir/MiniOzoneClusterImpl-1935f9c7-a71b-4f10-8b32-4eef1a617aae/datanode-2/data/ratis] (custom)
2023-12-05 10:05:58,982 [8f0f62b5-c9ed-4a54-85c1-2113097341cf-groupManagement] INFO  storage.RaftStorageDirectory (RaftStorageDirectoryImpl.java:analyzeStorage(138)) - The storage directory /home/runner/work/ozone/ozone/hadoop-ozone/integration-test/target/test-dir/MiniOzoneClusterImpl-1935f9c7-a71b-4f10-8b32-4eef1a617aae/datanode-2/data/ratis/bf847b04-caf5-47b7-9593-510b90cf76d5 does not exist. Creating ...
2023-12-05 10:05:58,983 [8f0f62b5-c9ed-4a54-85c1-2113097341cf-groupManagement] INFO  storage.RaftStorageDirectory (RaftStorageDirectoryImpl.java:tryLock(232)) - Lock on /home/runner/work/ozone/ozone/hadoop-ozone/integration-test/target/test-dir/MiniOzoneClusterImpl-1935f9c7-a71b-4f10-8b32-4eef1a617aae/datanode-2/data/ratis/bf847b04-caf5-47b7-9593-510b90cf76d5/in_use.lock acquired by nodename 4813@fv-az884-53
2023-12-05 10:05:58,984 [8f0f62b5-c9ed-4a54-85c1-2113097341cf-groupManagement] INFO  storage.RaftStorage (RaftStorageImpl.java:format(97)) - Storage directory /home/runner/work/ozone/ozone/hadoop-ozone/integration-test/target/test-dir/MiniOzoneClusterImpl-1935f9c7-a71b-4f10-8b32-4eef1a617aae/datanode-2/data/ratis/bf847b04-caf5-47b7-9593-510b90cf76d5 has been successfully formatted.
2023-12-05 10:05:58,985 [8f0f62b5-c9ed-4a54-85c1-2113097341cf-groupManagement] INFO  ratis.ContainerStateMachine (ContainerStateMachine.java:loadSnapshot(269)) - group-510B90CF76D5: The snapshot info is null. Setting the last applied indexto:(t:0, i:~)
2023-12-05 10:05:58,985 [8f0f62b5-c9ed-4a54-85c1-2113097341cf-groupManagement] INFO  server.RaftServerConfigKeys (ConfUtils.java:logGet(46)) - raft.server.log.use.memory = false (default)
2023-12-05 10:05:58,985 [8f0f62b5-c9ed-4a54-85c1-2113097341cf-groupManagement] INFO  server.RaftServerConfigKeys (ConfUtils.java:logGet(46)) - raft.server.log.purge.gap = 1000000 (custom)
2023-12-05 10:05:58,985 [8f0f62b5-c9ed-4a54-85c1-2113097341cf-groupManagement] INFO  server.RaftServerConfigKeys (ConfUtils.java:logGet(46)) - raft.server.log.appender.buffer.byte-limit = 8388608 (custom)
2023-12-05 10:05:58,985 [8f0f62b5-c9ed-4a54-85c1-2113097341cf-groupManagement] INFO  server.RaftServerConfigKeys (ConfUtils.java:logGet(46)) - raft.server.log.statemachine.data.read.timeout = 1000ms (default)
2023-12-05 10:05:58,985 [8f0f62b5-c9ed-4a54-85c1-2113097341cf-groupManagement] INFO  server.RaftServerConfigKeys (ConfUtils.java:logGet(46)) - raft.server.log.purge.preservation.log.num = 0 (default)
2023-12-05 10:05:58,986 [8f0f62b5-c9ed-4a54-85c1-2113097341cf-groupManagement] INFO  server.RaftServerConfigKeys (ConfUtils.java:logGet(46)) - raft.server.log.segment.size.max = 67108864 (custom)
2023-12-05 10:05:58,986 [8f0f62b5-c9ed-4a54-85c1-2113097341cf-groupManagement] INFO  server.RaftServerConfigKeys (ConfUtils.java:logGet(46)) - raft.server.log.segment.cache.num.max = 2 (custom)
2023-12-05 10:05:58,986 [8f0f62b5-c9ed-4a54-85c1-2113097341cf-groupManagement] INFO  server.RaftServerConfigKeys (ConfUtils.java:logGet(46)) - raft.server.log.segment.cache.size.max = 200MB (=209715200) (default)
2023-12-05 10:05:58,986 [8f0f62b5-c9ed-4a54-85c1-2113097341cf-groupManagement] INFO  server.RaftServerConfigKeys (ConfUtils.java:logGet(46)) - raft.server.log.appender.buffer.byte-limit = 8388608 (custom)
2023-12-05 10:05:58,987 [8f0f62b5-c9ed-4a54-85c1-2113097341cf-groupManagement] INFO  util.AwaitToRun (AwaitToRun.java:start(81)) - Thread[8f0f62b5-c9ed-4a54-85c1-2113097341cf@group-510B90CF76D5-cacheEviction-AwaitToRun,5,main] started
2023-12-05 10:05:58,987 [8f0f62b5-c9ed-4a54-85c1-2113097341cf-groupManagement] INFO  segmented.SegmentedRaftLogWorker (SegmentedRaftLogWorker.java:<init>(184)) - new 8f0f62b5-c9ed-4a54-85c1-2113097341cf@group-510B90CF76D5-SegmentedRaftLogWorker for RaftStorageImpl:Storage Directory /home/runner/work/ozone/ozone/hadoop-ozone/integration-test/target/test-dir/MiniOzoneClusterImpl-1935f9c7-a71b-4f10-8b32-4eef1a617aae/datanode-2/data/ratis/bf847b04-caf5-47b7-9593-510b90cf76d5
2023-12-05 10:05:58,987 [8f0f62b5-c9ed-4a54-85c1-2113097341cf-groupManagement] INFO  server.RaftServerConfigKeys (ConfUtils.java:logGet(46)) - raft.server.log.queue.byte-limit = 4294967296 (custom)
2023-12-05 10:05:58,987 [8f0f62b5-c9ed-4a54-85c1-2113097341cf-groupManagement] INFO  server.RaftServerConfigKeys (ConfUtils.java:logGet(46)) - raft.server.log.queue.element-limit = 1024 (custom)
2023-12-05 10:05:58,987 [8f0f62b5-c9ed-4a54-85c1-2113097341cf-groupManagement] INFO  server.RaftServerConfigKeys (ConfUtils.java:logGet(46)) - raft.server.log.segment.size.max = 67108864 (custom)
2023-12-05 10:05:58,987 [8f0f62b5-c9ed-4a54-85c1-2113097341cf-groupManagement] INFO  server.RaftServerConfigKeys (ConfUtils.java:logGet(46)) - raft.server.log.preallocated.size = 4194304 (custom)
2023-12-05 10:05:58,987 [8f0f62b5-c9ed-4a54-85c1-2113097341cf-groupManagement] INFO  server.RaftServerConfigKeys (ConfUtils.java:logGet(46)) - raft.server.log.force.sync.num = 128 (default)
2023-12-05 10:05:58,987 [8f0f62b5-c9ed-4a54-85c1-2113097341cf-groupManagement] INFO  server.RaftServerConfigKeys (ConfUtils.java:logGet(46)) - raft.server.log.statemachine.data.sync = true (default)
2023-12-05 10:05:58,987 [8f0f62b5-c9ed-4a54-85c1-2113097341cf-groupManagement] INFO  server.RaftServerConfigKeys (ConfUtils.java:logGet(46)) - raft.server.log.statemachine.data.sync.timeout = 10s (default)
2023-12-05 10:05:58,987 [8f0f62b5-c9ed-4a54-85c1-2113097341cf-groupManagement] INFO  server.RaftServerConfigKeys (ConfUtils.java:logGet(46)) - raft.server.log.statemachine.data.sync.timeout.retry = 0 (custom)
2023-12-05 10:05:58,987 [8f0f62b5-c9ed-4a54-85c1-2113097341cf-groupManagement] INFO  server.RaftServerConfigKeys (ConfUtils.java:logGet(46)) - raft.server.log.write.buffer.size = 8388616 (custom)
2023-12-05 10:05:58,988 [8f0f62b5-c9ed-4a54-85c1-2113097341cf-groupManagement] INFO  server.RaftServerConfigKeys (ConfUtils.java:logGet(46)) - raft.server.log.appender.buffer.byte-limit = 8388608 (custom)
2023-12-05 10:05:58,989 [8f0f62b5-c9ed-4a54-85c1-2113097341cf-groupManagement] INFO  server.RaftServerConfigKeys (ConfUtils.java:logGet(46)) - raft.server.log.unsafe-flush.enabled = false (default)
2023-12-05 10:05:58,989 [8f0f62b5-c9ed-4a54-85c1-2113097341cf-groupManagement] INFO  server.RaftServerConfigKeys (ConfUtils.java:logGet(46)) - raft.server.log.async-flush.enabled = false (default)
2023-12-05 10:05:58,989 [8f0f62b5-c9ed-4a54-85c1-2113097341cf-groupManagement] INFO  server.RaftServerConfigKeys (ConfUtils.java:logGet(46)) - raft.server.log.statemachine.data.caching.enabled = true (custom)
2023-12-05 10:05:58,989 [8f0f62b5-c9ed-4a54-85c1-2113097341cf-groupManagement] INFO  segmented.SegmentedRaftLogWorker (SegmentedRaftLogWorker.java:lambda$new$0(135)) - 8f0f62b5-c9ed-4a54-85c1-2113097341cf@group-510B90CF76D5-SegmentedRaftLogWorker: flushIndex: setUnconditionally 0 -> -1
2023-12-05 10:05:58,989 [8f0f62b5-c9ed-4a54-85c1-2113097341cf-groupManagement] INFO  segmented.SegmentedRaftLogWorker (SegmentedRaftLogWorker.java:lambda$new$0(135)) - 8f0f62b5-c9ed-4a54-85c1-2113097341cf@group-510B90CF76D5-SegmentedRaftLogWorker: safeCacheEvictIndex: setUnconditionally 0 -> -1
2023-12-05 10:05:58,989 [8f0f62b5-c9ed-4a54-85c1-2113097341cf-groupManagement] INFO  server.RaftServer$Division (RaftServerImpl.java:start(392)) - 8f0f62b5-c9ed-4a54-85c1-2113097341cf@group-510B90CF76D5: start as a follower, conf=-1: peers:[bcc7b4f4-64c2-40bd-855e-f062474916f1|10.1.0.7:15189, 8f0f62b5-c9ed-4a54-85c1-2113097341cf|10.1.0.7:15207, 4342bc39-cca9-4f61-b8ed-08126dfe3856|10.1.0.7:15198]|listeners:[], old=null
2023-12-05 10:05:58,989 [8f0f62b5-c9ed-4a54-85c1-2113097341cf-groupManagement] INFO  server.RaftServer$Division (RaftServerImpl.java:setRole(379)) - 8f0f62b5-c9ed-4a54-85c1-2113097341cf@group-510B90CF76D5: changes role from      null to FOLLOWER at term 0 for startAsFollower
2023-12-05 10:05:58,989 [8f0f62b5-c9ed-4a54-85c1-2113097341cf-groupManagement] INFO  impl.RoleInfo (RoleInfo.java:updateAndGet(139)) - 8f0f62b5-c9ed-4a54-85c1-2113097341cf: start 8f0f62b5-c9ed-4a54-85c1-2113097341cf@group-510B90CF76D5-FollowerState
2023-12-05 10:05:58,990 [8f0f62b5-c9ed-4a54-85c1-2113097341cf@group-510B90CF76D5-FollowerState] INFO  server.RaftServerConfigKeys (ConfUtils.java:logFallback(53)) - raft.server.rpc.first-election.timeout.min = 5s (fallback to raft.server.rpc.timeout.min)
2023-12-05 10:05:58,990 [8f0f62b5-c9ed-4a54-85c1-2113097341cf-groupManagement] INFO  util.JmxRegister (JmxRegister.java:tryRegister(44)) - Successfully registered JMX Bean with object name Ratis:service=RaftServer,group=group-510B90CF76D5,id=8f0f62b5-c9ed-4a54-85c1-2113097341cf
2023-12-05 10:05:58,990 [8f0f62b5-c9ed-4a54-85c1-2113097341cf@group-510B90CF76D5-FollowerState] INFO  server.RaftServerConfigKeys (ConfUtils.java:logFallback(53)) - raft.server.rpc.first-election.timeout.max = 5200ms (fallback to raft.server.rpc.timeout.max)
2023-12-05 10:05:58,990 [8f0f62b5-c9ed-4a54-85c1-2113097341cf-groupManagement] INFO  server.RaftServerConfigKeys (ConfUtils.java:logGet(46)) - raft.server.snapshot.trigger-when-stop.enabled = true (default)
2023-12-05 10:05:58,990 [8f0f62b5-c9ed-4a54-85c1-2113097341cf-groupManagement] INFO  server.RaftServerConfigKeys (ConfUtils.java:logGet(46)) - raft.server.snapshot.auto.trigger.enabled = true (custom)
2023-12-05 10:05:58,990 [8f0f62b5-c9ed-4a54-85c1-2113097341cf-groupManagement] INFO  server.RaftServerConfigKeys (ConfUtils.java:logGet(46)) - raft.server.snapshot.auto.trigger.threshold = 10000 (custom)
2023-12-05 10:05:58,990 [8f0f62b5-c9ed-4a54-85c1-2113097341cf-groupManagement] INFO  server.RaftServerConfigKeys (ConfUtils.java:logGet(46)) - raft.server.snapshot.retention.file.num = 5 (custom)
2023-12-05 10:05:58,990 [8f0f62b5-c9ed-4a54-85c1-2113097341cf-groupManagement] INFO  server.RaftServerConfigKeys (ConfUtils.java:logGet(46)) - raft.server.log.purge.upto.snapshot.index = false (default)
2023-12-05 10:05:58,993 [bcc7b4f4-64c2-40bd-855e-f062474916f1-PipelineCommandHandlerThread-0] INFO  commandhandler.CreatePipelineCommandHandler (CreatePipelineCommandHandler.java:lambda$handle$2(124)) - Created Pipeline RATIS THREE PipelineID=bf847b04-caf5-47b7-9593-510b90cf76d5.
2023-12-05 10:05:59,008 [4342bc39-cca9-4f61-b8ed-08126dfe3856-PipelineCommandHandlerThread-0] INFO  server.RaftServer (RaftServerProxy.java:addNew(100)) - 4342bc39-cca9-4f61-b8ed-08126dfe3856: addNew group-590312D6F41A:[4342bc39-cca9-4f61-b8ed-08126dfe3856|10.1.0.7:15198] returns group-590312D6F41A:java.util.concurrent.CompletableFuture@7284a68d[Not completed]
2023-12-05 10:05:59,009 [4342bc39-cca9-4f61-b8ed-08126dfe3856-groupManagement] INFO  server.RaftServer$Division (RaftServerImpl.java:<init>(256)) - 4342bc39-cca9-4f61-b8ed-08126dfe3856: new RaftServerImpl for group-590312D6F41A:[4342bc39-cca9-4f61-b8ed-08126dfe3856|10.1.0.7:15198] with ContainerStateMachine:uninitialized
2023-12-05 10:05:59,009 [4342bc39-cca9-4f61-b8ed-08126dfe3856-groupManagement] INFO  server.RaftServerConfigKeys (ConfUtils.java:logGet(46)) - raft.server.rpc.timeout.min = 5s (custom)
2023-12-05 10:05:59,009 [4342bc39-cca9-4f61-b8ed-08126dfe3856-groupManagement] INFO  server.RaftServerConfigKeys (ConfUtils.java:logGet(46)) - raft.server.rpc.timeout.max = 5200ms (custom)
2023-12-05 10:05:59,009 [4342bc39-cca9-4f61-b8ed-08126dfe3856-groupManagement] INFO  server.RaftServerConfigKeys (ConfUtils.java:logGet(46)) - raft.server.rpc.sleep.time = 25ms (default)
2023-12-05 10:05:59,009 [4342bc39-cca9-4f61-b8ed-08126dfe3856-groupManagement] INFO  server.RaftServerConfigKeys (ConfUtils.java:logGet(46)) - raft.server.rpc.slowness.timeout = 300s (custom)
2023-12-05 10:05:59,009 [4342bc39-cca9-4f61-b8ed-08126dfe3856-groupManagement] INFO  server.RaftServerConfigKeys (ConfUtils.java:logGet(46)) - raft.server.leaderelection.leader.step-down.wait-time = 10s (default)
2023-12-05 10:05:59,009 [4342bc39-cca9-4f61-b8ed-08126dfe3856-groupManagement] INFO  server.RaftServerConfigKeys (ConfUtils.java:logGet(46)) - raft.server.leaderelection.member.majority-add = false (default)
2023-12-05 10:05:59,009 [4342bc39-cca9-4f61-b8ed-08126dfe3856-groupManagement] INFO  server.RaftServerConfigKeys (ConfUtils.java:logGet(46)) - raft.server.sleep.deviation.threshold = 300ms (default)
2023-12-05 10:05:59,009 [4342bc39-cca9-4f61-b8ed-08126dfe3856-groupManagement] INFO  server.RaftServer$Division (ServerState.java:<init>(113)) - 4342bc39-cca9-4f61-b8ed-08126dfe3856@group-590312D6F41A: ConfigurationManager, init=-1: peers:[4342bc39-cca9-4f61-b8ed-08126dfe3856|10.1.0.7:15198]|listeners:[], old=null, confs=<EMPTY_MAP>
2023-12-05 10:05:59,009 [4342bc39-cca9-4f61-b8ed-08126dfe3856-groupManagement] INFO  server.RaftServerConfigKeys (ConfUtils.java:logGet(46)) - raft.server.notification.no-leader.timeout = 300s (custom)
2023-12-05 10:05:59,009 [4342bc39-cca9-4f61-b8ed-08126dfe3856-groupManagement] INFO  server.RaftServerConfigKeys (ConfUtils.java:logGet(46)) - raft.server.read.timeout = 10s (default)
2023-12-05 10:05:59,010 [4342bc39-cca9-4f61-b8ed-08126dfe3856-groupManagement] INFO  server.RaftServerConfigKeys (ConfUtils.java:logGet(46)) - raft.server.retrycache.expirytime = 600000ms (custom)
2023-12-05 10:05:59,010 [4342bc39-cca9-4f61-b8ed-08126dfe3856-groupManagement] INFO  server.RaftServerConfigKeys (ConfUtils.java:logGet(46)) - raft.server.retrycache.statistics.expirytime = 100ms (default)
2023-12-05 10:05:59,010 [4342bc39-cca9-4f61-b8ed-08126dfe3856-groupManagement] INFO  server.RaftServerConfigKeys (ConfUtils.java:logGet(46)) - raft.server.read.option = DEFAULT (default)
2023-12-05 10:05:59,010 [4342bc39-cca9-4f61-b8ed-08126dfe3856-groupManagement] INFO  server.RaftServerConfigKeys (ConfUtils.java:logGet(46)) - raft.server.read.read-after-write-consistent.write-index-cache.expiry-time = 60s (default)
2023-12-05 10:05:59,011 [4342bc39-cca9-4f61-b8ed-08126dfe3856-groupManagement] INFO  server.RaftServerConfigKeys (ConfUtils.java:logGet(46)) - raft.server.rpc.request.timeout = 60s (custom)
2023-12-05 10:05:59,011 [4342bc39-cca9-4f61-b8ed-08126dfe3856-groupManagement] INFO  server.RaftServerConfigKeys (ConfUtils.java:logGet(46)) - raft.server.log.appender.install.snapshot.enabled = false (custom)
2023-12-05 10:05:59,011 [4342bc39-cca9-4f61-b8ed-08126dfe3856-groupManagement] INFO  server.RaftServerConfigKeys (ConfUtils.java:logGet(46)) - raft.server.threadpool.server.cached = true (default)
2023-12-05 10:05:59,011 [4342bc39-cca9-4f61-b8ed-08126dfe3856-groupManagement] INFO  server.RaftServerConfigKeys (ConfUtils.java:logGet(46)) - raft.server.threadpool.server.size = 0 (default)
2023-12-05 10:05:59,011 [4342bc39-cca9-4f61-b8ed-08126dfe3856-groupManagement] INFO  server.RaftServerConfigKeys (ConfUtils.java:logGet(46)) - raft.server.threadpool.client.cached = true (default)
2023-12-05 10:05:59,011 [4342bc39-cca9-4f61-b8ed-08126dfe3856-groupManagement] INFO  server.RaftServerConfigKeys (ConfUtils.java:logGet(46)) - raft.server.threadpool.client.size = 0 (default)
2023-12-05 10:05:59,011 [4342bc39-cca9-4f61-b8ed-08126dfe3856-groupManagement] INFO  server.RaftServerConfigKeys (ConfUtils.java:logGet(46)) - raft.server.storage.free-space.min = 0MB (=0) (default)
2023-12-05 10:05:59,012 [4342bc39-cca9-4f61-b8ed-08126dfe3856-groupManagement] INFO  server.RaftServerConfigKeys (ConfUtils.java:logGet(46)) - raft.server.log.corruption.policy = EXCEPTION (default)
2023-12-05 10:05:59,012 [4342bc39-cca9-4f61-b8ed-08126dfe3856-groupManagement] INFO  server.RaftServerConfigKeys (ConfUtils.java:logGet(46)) - raft.server.storage.dir = [/home/runner/work/ozone/ozone/hadoop-ozone/integration-test/target/test-dir/MiniOzoneClusterImpl-1935f9c7-a71b-4f10-8b32-4eef1a617aae/datanode-1/data/ratis] (custom)
2023-12-05 10:05:59,012 [4342bc39-cca9-4f61-b8ed-08126dfe3856-groupManagement] INFO  storage.RaftStorageDirectory (RaftStorageDirectoryImpl.java:analyzeStorage(138)) - The storage directory /home/runner/work/ozone/ozone/hadoop-ozone/integration-test/target/test-dir/MiniOzoneClusterImpl-1935f9c7-a71b-4f10-8b32-4eef1a617aae/datanode-1/data/ratis/f13225e4-d3b9-4a7d-b860-590312d6f41a does not exist. Creating ...
2023-12-05 10:05:59,013 [4342bc39-cca9-4f61-b8ed-08126dfe3856-groupManagement] INFO  storage.RaftStorageDirectory (RaftStorageDirectoryImpl.java:tryLock(232)) - Lock on /home/runner/work/ozone/ozone/hadoop-ozone/integration-test/target/test-dir/MiniOzoneClusterImpl-1935f9c7-a71b-4f10-8b32-4eef1a617aae/datanode-1/data/ratis/f13225e4-d3b9-4a7d-b860-590312d6f41a/in_use.lock acquired by nodename 4813@fv-az884-53
2023-12-05 10:05:59,014 [4342bc39-cca9-4f61-b8ed-08126dfe3856-groupManagement] INFO  storage.RaftStorage (RaftStorageImpl.java:format(97)) - Storage directory /home/runner/work/ozone/ozone/hadoop-ozone/integration-test/target/test-dir/MiniOzoneClusterImpl-1935f9c7-a71b-4f10-8b32-4eef1a617aae/datanode-1/data/ratis/f13225e4-d3b9-4a7d-b860-590312d6f41a has been successfully formatted.
2023-12-05 10:05:59,014 [4342bc39-cca9-4f61-b8ed-08126dfe3856-groupManagement] INFO  ratis.ContainerStateMachine (ContainerStateMachine.java:loadSnapshot(269)) - group-590312D6F41A: The snapshot info is null. Setting the last applied indexto:(t:0, i:~)
2023-12-05 10:05:59,014 [4342bc39-cca9-4f61-b8ed-08126dfe3856-groupManagement] INFO  server.RaftServerConfigKeys (ConfUtils.java:logGet(46)) - raft.server.log.use.memory = false (default)
2023-12-05 10:05:59,014 [4342bc39-cca9-4f61-b8ed-08126dfe3856-groupManagement] INFO  server.RaftServerConfigKeys (ConfUtils.java:logGet(46)) - raft.server.log.purge.gap = 1000000 (custom)
2023-12-05 10:05:59,014 [4342bc39-cca9-4f61-b8ed-08126dfe3856-groupManagement] INFO  server.RaftServerConfigKeys (ConfUtils.java:logGet(46)) - raft.server.log.appender.buffer.byte-limit = 8388608 (custom)
2023-12-05 10:05:59,014 [4342bc39-cca9-4f61-b8ed-08126dfe3856-groupManagement] INFO  server.RaftServerConfigKeys (ConfUtils.java:logGet(46)) - raft.server.log.statemachine.data.read.timeout = 1000ms (default)
2023-12-05 10:05:59,014 [4342bc39-cca9-4f61-b8ed-08126dfe3856-groupManagement] INFO  server.RaftServerConfigKeys (ConfUtils.java:logGet(46)) - raft.server.log.purge.preservation.log.num = 0 (default)
2023-12-05 10:05:59,016 [EventQueue-PipelineReportForPipelineReportHandler] INFO  pipeline.PipelineReportHandler (PipelineReportHandler.java:processPipelineReport(136)) - Opened pipeline PipelineID=f13225e4-d3b9-4a7d-b860-590312d6f41a
2023-12-05 10:05:59,016 [EventQueue-OpenPipelineForHealthyPipelineSafeModeRule] INFO  safemode.SCMSafeModeManager (HealthyPipelineSafeModeRule.java:process(137)) - SCM in safe mode. Healthy pipelines reported count is 0, required healthy pipeline reported count is 1
2023-12-05 10:05:59,016 [4342bc39-cca9-4f61-b8ed-08126dfe3856-groupManagement] INFO  server.RaftServerConfigKeys (ConfUtils.java:logGet(46)) - raft.server.log.segment.size.max = 67108864 (custom)
2023-12-05 10:05:59,016 [4342bc39-cca9-4f61-b8ed-08126dfe3856-groupManagement] INFO  server.RaftServerConfigKeys (ConfUtils.java:logGet(46)) - raft.server.log.segment.cache.num.max = 2 (custom)
2023-12-05 10:05:59,017 [4342bc39-cca9-4f61-b8ed-08126dfe3856-groupManagement] INFO  server.RaftServerConfigKeys (ConfUtils.java:logGet(46)) - raft.server.log.segment.cache.size.max = 200MB (=209715200) (default)
2023-12-05 10:05:59,017 [4342bc39-cca9-4f61-b8ed-08126dfe3856-groupManagement] INFO  server.RaftServerConfigKeys (ConfUtils.java:logGet(46)) - raft.server.log.appender.buffer.byte-limit = 8388608 (custom)
2023-12-05 10:05:59,017 [4342bc39-cca9-4f61-b8ed-08126dfe3856-groupManagement] INFO  util.AwaitToRun (AwaitToRun.java:start(81)) - Thread[4342bc39-cca9-4f61-b8ed-08126dfe3856@group-590312D6F41A-cacheEviction-AwaitToRun,5,main] started
2023-12-05 10:05:59,017 [4342bc39-cca9-4f61-b8ed-08126dfe3856-groupManagement] INFO  segmented.SegmentedRaftLogWorker (SegmentedRaftLogWorker.java:<init>(184)) - new 4342bc39-cca9-4f61-b8ed-08126dfe3856@group-590312D6F41A-SegmentedRaftLogWorker for RaftStorageImpl:Storage Directory /home/runner/work/ozone/ozone/hadoop-ozone/integration-test/target/test-dir/MiniOzoneClusterImpl-1935f9c7-a71b-4f10-8b32-4eef1a617aae/datanode-1/data/ratis/f13225e4-d3b9-4a7d-b860-590312d6f41a
2023-12-05 10:05:59,017 [4342bc39-cca9-4f61-b8ed-08126dfe3856-groupManagement] INFO  server.RaftServerConfigKeys (ConfUtils.java:logGet(46)) - raft.server.log.queue.byte-limit = 4294967296 (custom)
2023-12-05 10:05:59,017 [4342bc39-cca9-4f61-b8ed-08126dfe3856-groupManagement] INFO  server.RaftServerConfigKeys (ConfUtils.java:logGet(46)) - raft.server.log.queue.element-limit = 1024 (custom)
2023-12-05 10:05:59,017 [4342bc39-cca9-4f61-b8ed-08126dfe3856-groupManagement] INFO  server.RaftServerConfigKeys (ConfUtils.java:logGet(46)) - raft.server.log.segment.size.max = 67108864 (custom)
2023-12-05 10:05:59,017 [4342bc39-cca9-4f61-b8ed-08126dfe3856-groupManagement] INFO  server.RaftServerConfigKeys (ConfUtils.java:logGet(46)) - raft.server.log.preallocated.size = 4194304 (custom)
2023-12-05 10:05:59,018 [4342bc39-cca9-4f61-b8ed-08126dfe3856-groupManagement] INFO  server.RaftServerConfigKeys (ConfUtils.java:logGet(46)) - raft.server.log.force.sync.num = 128 (default)
2023-12-05 10:05:59,018 [4342bc39-cca9-4f61-b8ed-08126dfe3856-groupManagement] INFO  server.RaftServerConfigKeys (ConfUtils.java:logGet(46)) - raft.server.log.statemachine.data.sync = true (default)
2023-12-05 10:05:59,018 [4342bc39-cca9-4f61-b8ed-08126dfe3856-groupManagement] INFO  server.RaftServerConfigKeys (ConfUtils.java:logGet(46)) - raft.server.log.statemachine.data.sync.timeout = 10s (default)
2023-12-05 10:05:59,018 [4342bc39-cca9-4f61-b8ed-08126dfe3856-groupManagement] INFO  server.RaftServerConfigKeys (ConfUtils.java:logGet(46)) - raft.server.log.statemachine.data.sync.timeout.retry = 0 (custom)
2023-12-05 10:05:59,018 [4342bc39-cca9-4f61-b8ed-08126dfe3856-groupManagement] INFO  server.RaftServerConfigKeys (ConfUtils.java:logGet(46)) - raft.server.log.write.buffer.size = 8388616 (custom)
2023-12-05 10:05:59,020 [4342bc39-cca9-4f61-b8ed-08126dfe3856-groupManagement] INFO  server.RaftServerConfigKeys (ConfUtils.java:logGet(46)) - raft.server.log.appender.buffer.byte-limit = 8388608 (custom)
2023-12-05 10:05:59,020 [4342bc39-cca9-4f61-b8ed-08126dfe3856-groupManagement] INFO  server.RaftServerConfigKeys (ConfUtils.java:logGet(46)) - raft.server.log.unsafe-flush.enabled = false (default)
2023-12-05 10:05:59,020 [4342bc39-cca9-4f61-b8ed-08126dfe3856-groupManagement] INFO  server.RaftServerConfigKeys (ConfUtils.java:logGet(46)) - raft.server.log.async-flush.enabled = false (default)
2023-12-05 10:05:59,020 [4342bc39-cca9-4f61-b8ed-08126dfe3856-groupManagement] INFO  server.RaftServerConfigKeys (ConfUtils.java:logGet(46)) - raft.server.log.statemachine.data.caching.enabled = true (custom)
2023-12-05 10:05:59,020 [4342bc39-cca9-4f61-b8ed-08126dfe3856-groupManagement] INFO  segmented.SegmentedRaftLogWorker (SegmentedRaftLogWorker.java:lambda$new$0(135)) - 4342bc39-cca9-4f61-b8ed-08126dfe3856@group-590312D6F41A-SegmentedRaftLogWorker: flushIndex: setUnconditionally 0 -> -1
2023-12-05 10:05:59,021 [4342bc39-cca9-4f61-b8ed-08126dfe3856-groupManagement] INFO  segmented.SegmentedRaftLogWorker (SegmentedRaftLogWorker.java:lambda$new$0(135)) - 4342bc39-cca9-4f61-b8ed-08126dfe3856@group-590312D6F41A-SegmentedRaftLogWorker: safeCacheEvictIndex: setUnconditionally 0 -> -1
2023-12-05 10:05:59,021 [4342bc39-cca9-4f61-b8ed-08126dfe3856-groupManagement] INFO  server.RaftServer$Division (RaftServerImpl.java:start(392)) - 4342bc39-cca9-4f61-b8ed-08126dfe3856@group-590312D6F41A: start as a follower, conf=-1: peers:[4342bc39-cca9-4f61-b8ed-08126dfe3856|10.1.0.7:15198]|listeners:[], old=null
2023-12-05 10:05:59,021 [4342bc39-cca9-4f61-b8ed-08126dfe3856-groupManagement] INFO  server.RaftServer$Division (RaftServerImpl.java:setRole(379)) - 4342bc39-cca9-4f61-b8ed-08126dfe3856@group-590312D6F41A: changes role from      null to FOLLOWER at term 0 for startAsFollower
2023-12-05 10:05:59,021 [4342bc39-cca9-4f61-b8ed-08126dfe3856-groupManagement] INFO  impl.RoleInfo (RoleInfo.java:updateAndGet(139)) - 4342bc39-cca9-4f61-b8ed-08126dfe3856: start 4342bc39-cca9-4f61-b8ed-08126dfe3856@group-590312D6F41A-FollowerState
2023-12-05 10:05:59,021 [4342bc39-cca9-4f61-b8ed-08126dfe3856@group-590312D6F41A-FollowerState] INFO  server.RaftServerConfigKeys (ConfUtils.java:logFallback(53)) - raft.server.rpc.first-election.timeout.min = 5s (fallback to raft.server.rpc.timeout.min)
2023-12-05 10:05:59,021 [4342bc39-cca9-4f61-b8ed-08126dfe3856-groupManagement] INFO  util.JmxRegister (JmxRegister.java:tryRegister(44)) - Successfully registered JMX Bean with object name Ratis:service=RaftServer,group=group-590312D6F41A,id=4342bc39-cca9-4f61-b8ed-08126dfe3856
2023-12-05 10:05:59,021 [4342bc39-cca9-4f61-b8ed-08126dfe3856-groupManagement] INFO  server.RaftServerConfigKeys (ConfUtils.java:logGet(46)) - raft.server.snapshot.trigger-when-stop.enabled = true (default)
2023-12-05 10:05:59,021 [4342bc39-cca9-4f61-b8ed-08126dfe3856-groupManagement] INFO  server.RaftServerConfigKeys (ConfUtils.java:logGet(46)) - raft.server.snapshot.auto.trigger.enabled = true (custom)
2023-12-05 10:05:59,021 [4342bc39-cca9-4f61-b8ed-08126dfe3856-groupManagement] INFO  server.RaftServerConfigKeys (ConfUtils.java:logGet(46)) - raft.server.snapshot.auto.trigger.threshold = 10000 (custom)
2023-12-05 10:05:59,021 [4342bc39-cca9-4f61-b8ed-08126dfe3856-groupManagement] INFO  server.RaftServerConfigKeys (ConfUtils.java:logGet(46)) - raft.server.snapshot.retention.file.num = 5 (custom)
2023-12-05 10:05:59,022 [4342bc39-cca9-4f61-b8ed-08126dfe3856-groupManagement] INFO  server.RaftServerConfigKeys (ConfUtils.java:logGet(46)) - raft.server.log.purge.upto.snapshot.index = false (default)
2023-12-05 10:05:59,021 [4342bc39-cca9-4f61-b8ed-08126dfe3856@group-590312D6F41A-FollowerState] INFO  server.RaftServerConfigKeys (ConfUtils.java:logFallback(53)) - raft.server.rpc.first-election.timeout.max = 5200ms (fallback to raft.server.rpc.timeout.max)
2023-12-05 10:05:59,022 [4342bc39-cca9-4f61-b8ed-08126dfe3856-PipelineCommandHandlerThread-0] INFO  ratis.XceiverServerRatis (XceiverServerRatis.java:addGroup(837)) - Created group PipelineID=f13225e4-d3b9-4a7d-b860-590312d6f41a
2023-12-05 10:05:59,022 [4342bc39-cca9-4f61-b8ed-08126dfe3856-PipelineCommandHandlerThread-0] INFO  commandhandler.CreatePipelineCommandHandler (CreatePipelineCommandHandler.java:lambda$handle$2(124)) - Created Pipeline RATIS ONE PipelineID=f13225e4-d3b9-4a7d-b860-590312d6f41a.
2023-12-05 10:05:59,103 [8f0f62b5-c9ed-4a54-85c1-2113097341cf-PipelineCommandHandlerThread-0] INFO  server.RaftServer (RaftServerProxy.java:addNew(100)) - 8f0f62b5-c9ed-4a54-85c1-2113097341cf: addNew group-07B6A43326F6:[8f0f62b5-c9ed-4a54-85c1-2113097341cf|10.1.0.7:15207] returns group-07B6A43326F6:java.util.concurrent.CompletableFuture@50bd01cb[Not completed]
2023-12-05 10:05:59,103 [8f0f62b5-c9ed-4a54-85c1-2113097341cf-groupManagement] INFO  server.RaftServer$Division (RaftServerImpl.java:<init>(256)) - 8f0f62b5-c9ed-4a54-85c1-2113097341cf: new RaftServerImpl for group-07B6A43326F6:[8f0f62b5-c9ed-4a54-85c1-2113097341cf|10.1.0.7:15207] with ContainerStateMachine:uninitialized
2023-12-05 10:05:59,103 [8f0f62b5-c9ed-4a54-85c1-2113097341cf-groupManagement] INFO  server.RaftServerConfigKeys (ConfUtils.java:logGet(46)) - raft.server.rpc.timeout.min = 5s (custom)
2023-12-05 10:05:59,103 [8f0f62b5-c9ed-4a54-85c1-2113097341cf-groupManagement] INFO  server.RaftServerConfigKeys (ConfUtils.java:logGet(46)) - raft.server.rpc.timeout.max = 5200ms (custom)
2023-12-05 10:05:59,104 [8f0f62b5-c9ed-4a54-85c1-2113097341cf-groupManagement] INFO  server.RaftServerConfigKeys (ConfUtils.java:logGet(46)) - raft.server.rpc.sleep.time = 25ms (default)
2023-12-05 10:05:59,104 [8f0f62b5-c9ed-4a54-85c1-2113097341cf-groupManagement] INFO  server.RaftServerConfigKeys (ConfUtils.java:logGet(46)) - raft.server.rpc.slowness.timeout = 300s (custom)
2023-12-05 10:05:59,104 [8f0f62b5-c9ed-4a54-85c1-2113097341cf-groupManagement] INFO  server.RaftServerConfigKeys (ConfUtils.java:logGet(46)) - raft.server.leaderelection.leader.step-down.wait-time = 10s (default)
2023-12-05 10:05:59,104 [8f0f62b5-c9ed-4a54-85c1-2113097341cf-groupManagement] INFO  server.RaftServerConfigKeys (ConfUtils.java:logGet(46)) - raft.server.leaderelection.member.majority-add = false (default)
2023-12-05 10:05:59,104 [8f0f62b5-c9ed-4a54-85c1-2113097341cf-groupManagement] INFO  server.RaftServerConfigKeys (ConfUtils.java:logGet(46)) - raft.server.sleep.deviation.threshold = 300ms (default)
2023-12-05 10:05:59,104 [8f0f62b5-c9ed-4a54-85c1-2113097341cf-groupManagement] INFO  server.RaftServer$Division (ServerState.java:<init>(113)) - 8f0f62b5-c9ed-4a54-85c1-2113097341cf@group-07B6A43326F6: ConfigurationManager, init=-1: peers:[8f0f62b5-c9ed-4a54-85c1-2113097341cf|10.1.0.7:15207]|listeners:[], old=null, confs=<EMPTY_MAP>
2023-12-05 10:05:59,104 [8f0f62b5-c9ed-4a54-85c1-2113097341cf-groupManagement] INFO  server.RaftServerConfigKeys (ConfUtils.java:logGet(46)) - raft.server.notification.no-leader.timeout = 300s (custom)
2023-12-05 10:05:59,104 [8f0f62b5-c9ed-4a54-85c1-2113097341cf-groupManagement] INFO  server.RaftServerConfigKeys (ConfUtils.java:logGet(46)) - raft.server.read.timeout = 10s (default)
2023-12-05 10:05:59,104 [8f0f62b5-c9ed-4a54-85c1-2113097341cf-groupManagement] INFO  server.RaftServerConfigKeys (ConfUtils.java:logGet(46)) - raft.server.retrycache.expirytime = 600000ms (custom)
2023-12-05 10:05:59,104 [8f0f62b5-c9ed-4a54-85c1-2113097341cf-groupManagement] INFO  server.RaftServerConfigKeys (ConfUtils.java:logGet(46)) - raft.server.retrycache.statistics.expirytime = 100ms (default)
2023-12-05 10:05:59,104 [8f0f62b5-c9ed-4a54-85c1-2113097341cf-groupManagement] INFO  server.RaftServerConfigKeys (ConfUtils.java:logGet(46)) - raft.server.read.option = DEFAULT (default)
2023-12-05 10:05:59,104 [8f0f62b5-c9ed-4a54-85c1-2113097341cf-groupManagement] INFO  server.RaftServerConfigKeys (ConfUtils.java:logGet(46)) - raft.server.read.read-after-write-consistent.write-index-cache.expiry-time = 60s (default)
2023-12-05 10:05:59,105 [main] INFO  ozone.MiniOzoneClusterImpl (MiniOzoneClusterImpl.java:lambda$waitForClusterToBeReady$0(229)) - Nodes are ready. Got 3 of 3 DN Heartbeats.
2023-12-05 10:05:59,105 [main] INFO  ozone.MiniOzoneClusterImpl (MiniOzoneClusterImpl.java:lambda$waitForClusterToBeReady$0(232)) - Waiting for cluster to exit safe mode
2023-12-05 10:05:59,105 [main] INFO  ozone.MiniOzoneClusterImpl (MiniOzoneClusterImpl.java:lambda$waitForClusterToBeReady$0(234)) - SCM became leader
2023-12-05 10:05:59,106 [8f0f62b5-c9ed-4a54-85c1-2113097341cf-groupManagement] INFO  server.RaftServerConfigKeys (ConfUtils.java:logGet(46)) - raft.server.rpc.request.timeout = 60s (custom)
2023-12-05 10:05:59,106 [8f0f62b5-c9ed-4a54-85c1-2113097341cf-groupManagement] INFO  server.RaftServerConfigKeys (ConfUtils.java:logGet(46)) - raft.server.log.appender.install.snapshot.enabled = false (custom)
2023-12-05 10:05:59,106 [8f0f62b5-c9ed-4a54-85c1-2113097341cf-groupManagement] INFO  server.RaftServerConfigKeys (ConfUtils.java:logGet(46)) - raft.server.threadpool.server.cached = true (default)
2023-12-05 10:05:59,106 [8f0f62b5-c9ed-4a54-85c1-2113097341cf-groupManagement] INFO  server.RaftServerConfigKeys (ConfUtils.java:logGet(46)) - raft.server.threadpool.server.size = 0 (default)
2023-12-05 10:05:59,106 [8f0f62b5-c9ed-4a54-85c1-2113097341cf-groupManagement] INFO  server.RaftServerConfigKeys (ConfUtils.java:logGet(46)) - raft.server.threadpool.client.cached = true (default)
2023-12-05 10:05:59,106 [8f0f62b5-c9ed-4a54-85c1-2113097341cf-groupManagement] INFO  server.RaftServerConfigKeys (ConfUtils.java:logGet(46)) - raft.server.threadpool.client.size = 0 (default)
2023-12-05 10:05:59,106 [8f0f62b5-c9ed-4a54-85c1-2113097341cf-groupManagement] INFO  server.RaftServerConfigKeys (ConfUtils.java:logGet(46)) - raft.server.storage.free-space.min = 0MB (=0) (default)
2023-12-05 10:05:59,106 [8f0f62b5-c9ed-4a54-85c1-2113097341cf-groupManagement] INFO  server.RaftServerConfigKeys (ConfUtils.java:logGet(46)) - raft.server.log.corruption.policy = EXCEPTION (default)
2023-12-05 10:05:59,106 [8f0f62b5-c9ed-4a54-85c1-2113097341cf-groupManagement] INFO  server.RaftServerConfigKeys (ConfUtils.java:logGet(46)) - raft.server.storage.dir = [/home/runner/work/ozone/ozone/hadoop-ozone/integration-test/target/test-dir/MiniOzoneClusterImpl-1935f9c7-a71b-4f10-8b32-4eef1a617aae/datanode-2/data/ratis] (custom)
2023-12-05 10:05:59,106 [8f0f62b5-c9ed-4a54-85c1-2113097341cf-groupManagement] INFO  storage.RaftStorageDirectory (RaftStorageDirectoryImpl.java:analyzeStorage(138)) - The storage directory /home/runner/work/ozone/ozone/hadoop-ozone/integration-test/target/test-dir/MiniOzoneClusterImpl-1935f9c7-a71b-4f10-8b32-4eef1a617aae/datanode-2/data/ratis/526eab55-3990-4eb7-9c60-07b6a43326f6 does not exist. Creating ...
2023-12-05 10:05:59,107 [8f0f62b5-c9ed-4a54-85c1-2113097341cf-groupManagement] INFO  storage.RaftStorageDirectory (RaftStorageDirectoryImpl.java:tryLock(232)) - Lock on /home/runner/work/ozone/ozone/hadoop-ozone/integration-test/target/test-dir/MiniOzoneClusterImpl-1935f9c7-a71b-4f10-8b32-4eef1a617aae/datanode-2/data/ratis/526eab55-3990-4eb7-9c60-07b6a43326f6/in_use.lock acquired by nodename 4813@fv-az884-53
2023-12-05 10:05:59,108 [8f0f62b5-c9ed-4a54-85c1-2113097341cf-groupManagement] INFO  storage.RaftStorage (RaftStorageImpl.java:format(97)) - Storage directory /home/runner/work/ozone/ozone/hadoop-ozone/integration-test/target/test-dir/MiniOzoneClusterImpl-1935f9c7-a71b-4f10-8b32-4eef1a617aae/datanode-2/data/ratis/526eab55-3990-4eb7-9c60-07b6a43326f6 has been successfully formatted.
2023-12-05 10:05:59,108 [8f0f62b5-c9ed-4a54-85c1-2113097341cf-groupManagement] INFO  ratis.ContainerStateMachine (ContainerStateMachine.java:loadSnapshot(269)) - group-07B6A43326F6: The snapshot info is null. Setting the last applied indexto:(t:0, i:~)
2023-12-05 10:05:59,109 [8f0f62b5-c9ed-4a54-85c1-2113097341cf-groupManagement] INFO  server.RaftServerConfigKeys (ConfUtils.java:logGet(46)) - raft.server.log.use.memory = false (default)
2023-12-05 10:05:59,109 [8f0f62b5-c9ed-4a54-85c1-2113097341cf-groupManagement] INFO  server.RaftServerConfigKeys (ConfUtils.java:logGet(46)) - raft.server.log.purge.gap = 1000000 (custom)
2023-12-05 10:05:59,109 [8f0f62b5-c9ed-4a54-85c1-2113097341cf-groupManagement] INFO  server.RaftServerConfigKeys (ConfUtils.java:logGet(46)) - raft.server.log.appender.buffer.byte-limit = 8388608 (custom)
2023-12-05 10:05:59,109 [8f0f62b5-c9ed-4a54-85c1-2113097341cf-groupManagement] INFO  server.RaftServerConfigKeys (ConfUtils.java:logGet(46)) - raft.server.log.statemachine.data.read.timeout = 1000ms (default)
2023-12-05 10:05:59,109 [8f0f62b5-c9ed-4a54-85c1-2113097341cf-groupManagement] INFO  server.RaftServerConfigKeys (ConfUtils.java:logGet(46)) - raft.server.log.purge.preservation.log.num = 0 (default)
2023-12-05 10:05:59,110 [8f0f62b5-c9ed-4a54-85c1-2113097341cf-groupManagement] INFO  server.RaftServerConfigKeys (ConfUtils.java:logGet(46)) - raft.server.log.segment.size.max = 67108864 (custom)
2023-12-05 10:05:59,110 [8f0f62b5-c9ed-4a54-85c1-2113097341cf-groupManagement] INFO  server.RaftServerConfigKeys (ConfUtils.java:logGet(46)) - raft.server.log.segment.cache.num.max = 2 (custom)
2023-12-05 10:05:59,110 [8f0f62b5-c9ed-4a54-85c1-2113097341cf-groupManagement] INFO  server.RaftServerConfigKeys (ConfUtils.java:logGet(46)) - raft.server.log.segment.cache.size.max = 200MB (=209715200) (default)
2023-12-05 10:05:59,110 [8f0f62b5-c9ed-4a54-85c1-2113097341cf-groupManagement] INFO  server.RaftServerConfigKeys (ConfUtils.java:logGet(46)) - raft.server.log.appender.buffer.byte-limit = 8388608 (custom)
2023-12-05 10:05:59,110 [8f0f62b5-c9ed-4a54-85c1-2113097341cf-groupManagement] INFO  util.AwaitToRun (AwaitToRun.java:start(81)) - Thread[8f0f62b5-c9ed-4a54-85c1-2113097341cf@group-07B6A43326F6-cacheEviction-AwaitToRun,5,main] started
2023-12-05 10:05:59,110 [8f0f62b5-c9ed-4a54-85c1-2113097341cf-groupManagement] INFO  segmented.SegmentedRaftLogWorker (SegmentedRaftLogWorker.java:<init>(184)) - new 8f0f62b5-c9ed-4a54-85c1-2113097341cf@group-07B6A43326F6-SegmentedRaftLogWorker for RaftStorageImpl:Storage Directory /home/runner/work/ozone/ozone/hadoop-ozone/integration-test/target/test-dir/MiniOzoneClusterImpl-1935f9c7-a71b-4f10-8b32-4eef1a617aae/datanode-2/data/ratis/526eab55-3990-4eb7-9c60-07b6a43326f6
2023-12-05 10:05:59,110 [8f0f62b5-c9ed-4a54-85c1-2113097341cf-groupManagement] INFO  server.RaftServerConfigKeys (ConfUtils.java:logGet(46)) - raft.server.log.queue.byte-limit = 4294967296 (custom)
2023-12-05 10:05:59,110 [8f0f62b5-c9ed-4a54-85c1-2113097341cf-groupManagement] INFO  server.RaftServerConfigKeys (ConfUtils.java:logGet(46)) - raft.server.log.queue.element-limit = 1024 (custom)
2023-12-05 10:05:59,110 [8f0f62b5-c9ed-4a54-85c1-2113097341cf-groupManagement] INFO  server.RaftServerConfigKeys (ConfUtils.java:logGet(46)) - raft.server.log.segment.size.max = 67108864 (custom)
2023-12-05 10:05:59,111 [8f0f62b5-c9ed-4a54-85c1-2113097341cf-groupManagement] INFO  server.RaftServerConfigKeys (ConfUtils.java:logGet(46)) - raft.server.log.preallocated.size = 4194304 (custom)
2023-12-05 10:05:59,111 [EventQueue-PipelineReportForPipelineReportHandler] INFO  pipeline.PipelineReportHandler (PipelineReportHandler.java:processPipelineReport(136)) - Opened pipeline PipelineID=526eab55-3990-4eb7-9c60-07b6a43326f6
2023-12-05 10:05:59,111 [8f0f62b5-c9ed-4a54-85c1-2113097341cf-groupManagement] INFO  server.RaftServerConfigKeys (ConfUtils.java:logGet(46)) - raft.server.log.force.sync.num = 128 (default)
2023-12-05 10:05:59,111 [8f0f62b5-c9ed-4a54-85c1-2113097341cf-groupManagement] INFO  server.RaftServerConfigKeys (ConfUtils.java:logGet(46)) - raft.server.log.statemachine.data.sync = true (default)
2023-12-05 10:05:59,111 [8f0f62b5-c9ed-4a54-85c1-2113097341cf-groupManagement] INFO  server.RaftServerConfigKeys (ConfUtils.java:logGet(46)) - raft.server.log.statemachine.data.sync.timeout = 10s (default)
2023-12-05 10:05:59,111 [8f0f62b5-c9ed-4a54-85c1-2113097341cf-groupManagement] INFO  server.RaftServerConfigKeys (ConfUtils.java:logGet(46)) - raft.server.log.statemachine.data.sync.timeout.retry = 0 (custom)
2023-12-05 10:05:59,111 [8f0f62b5-c9ed-4a54-85c1-2113097341cf-groupManagement] INFO  server.RaftServerConfigKeys (ConfUtils.java:logGet(46)) - raft.server.log.write.buffer.size = 8388616 (custom)
2023-12-05 10:05:59,111 [EventQueue-OpenPipelineForHealthyPipelineSafeModeRule] INFO  safemode.SCMSafeModeManager (HealthyPipelineSafeModeRule.java:process(137)) - SCM in safe mode. Healthy pipelines reported count is 0, required healthy pipeline reported count is 1
2023-12-05 10:05:59,113 [8f0f62b5-c9ed-4a54-85c1-2113097341cf-groupManagement] INFO  server.RaftServerConfigKeys (ConfUtils.java:logGet(46)) - raft.server.log.appender.buffer.byte-limit = 8388608 (custom)
2023-12-05 10:05:59,114 [8f0f62b5-c9ed-4a54-85c1-2113097341cf-groupManagement] INFO  server.RaftServerConfigKeys (ConfUtils.java:logGet(46)) - raft.server.log.unsafe-flush.enabled = false (default)
2023-12-05 10:05:59,114 [8f0f62b5-c9ed-4a54-85c1-2113097341cf-groupManagement] INFO  server.RaftServerConfigKeys (ConfUtils.java:logGet(46)) - raft.server.log.async-flush.enabled = false (default)
2023-12-05 10:05:59,114 [8f0f62b5-c9ed-4a54-85c1-2113097341cf-groupManagement] INFO  server.RaftServerConfigKeys (ConfUtils.java:logGet(46)) - raft.server.log.statemachine.data.caching.enabled = true (custom)
2023-12-05 10:05:59,114 [8f0f62b5-c9ed-4a54-85c1-2113097341cf-groupManagement] INFO  segmented.SegmentedRaftLogWorker (SegmentedRaftLogWorker.java:lambda$new$0(135)) - 8f0f62b5-c9ed-4a54-85c1-2113097341cf@group-07B6A43326F6-SegmentedRaftLogWorker: flushIndex: setUnconditionally 0 -> -1
2023-12-05 10:05:59,114 [8f0f62b5-c9ed-4a54-85c1-2113097341cf-groupManagement] INFO  segmented.SegmentedRaftLogWorker (SegmentedRaftLogWorker.java:lambda$new$0(135)) - 8f0f62b5-c9ed-4a54-85c1-2113097341cf@group-07B6A43326F6-SegmentedRaftLogWorker: safeCacheEvictIndex: setUnconditionally 0 -> -1
2023-12-05 10:05:59,114 [8f0f62b5-c9ed-4a54-85c1-2113097341cf-groupManagement] INFO  server.RaftServer$Division (RaftServerImpl.java:start(392)) - 8f0f62b5-c9ed-4a54-85c1-2113097341cf@group-07B6A43326F6: start as a follower, conf=-1: peers:[8f0f62b5-c9ed-4a54-85c1-2113097341cf|10.1.0.7:15207]|listeners:[], old=null
2023-12-05 10:05:59,114 [8f0f62b5-c9ed-4a54-85c1-2113097341cf-groupManagement] INFO  server.RaftServer$Division (RaftServerImpl.java:setRole(379)) - 8f0f62b5-c9ed-4a54-85c1-2113097341cf@group-07B6A43326F6: changes role from      null to FOLLOWER at term 0 for startAsFollower
2023-12-05 10:05:59,114 [8f0f62b5-c9ed-4a54-85c1-2113097341cf-groupManagement] INFO  impl.RoleInfo (RoleInfo.java:updateAndGet(139)) - 8f0f62b5-c9ed-4a54-85c1-2113097341cf: start 8f0f62b5-c9ed-4a54-85c1-2113097341cf@group-07B6A43326F6-FollowerState
2023-12-05 10:05:59,114 [8f0f62b5-c9ed-4a54-85c1-2113097341cf-groupManagement] INFO  util.JmxRegister (JmxRegister.java:tryRegister(44)) - Successfully registered JMX Bean with object name Ratis:service=RaftServer,group=group-07B6A43326F6,id=8f0f62b5-c9ed-4a54-85c1-2113097341cf
2023-12-05 10:05:59,115 [8f0f62b5-c9ed-4a54-85c1-2113097341cf-groupManagement] INFO  server.RaftServerConfigKeys (ConfUtils.java:logGet(46)) - raft.server.snapshot.trigger-when-stop.enabled = true (default)
2023-12-05 10:05:59,115 [8f0f62b5-c9ed-4a54-85c1-2113097341cf-groupManagement] INFO  server.RaftServerConfigKeys (ConfUtils.java:logGet(46)) - raft.server.snapshot.auto.trigger.enabled = true (custom)
2023-12-05 10:05:59,115 [8f0f62b5-c9ed-4a54-85c1-2113097341cf-groupManagement] INFO  server.RaftServerConfigKeys (ConfUtils.java:logGet(46)) - raft.server.snapshot.auto.trigger.threshold = 10000 (custom)
2023-12-05 10:05:59,115 [8f0f62b5-c9ed-4a54-85c1-2113097341cf-groupManagement] INFO  server.RaftServerConfigKeys (ConfUtils.java:logGet(46)) - raft.server.snapshot.retention.file.num = 5 (custom)
2023-12-05 10:05:59,115 [8f0f62b5-c9ed-4a54-85c1-2113097341cf-groupManagement] INFO  server.RaftServerConfigKeys (ConfUtils.java:logGet(46)) - raft.server.log.purge.upto.snapshot.index = false (default)
2023-12-05 10:05:59,114 [8f0f62b5-c9ed-4a54-85c1-2113097341cf@group-07B6A43326F6-FollowerState] INFO  server.RaftServerConfigKeys (ConfUtils.java:logFallback(53)) - raft.server.rpc.first-election.timeout.min = 5s (fallback to raft.server.rpc.timeout.min)
2023-12-05 10:05:59,115 [8f0f62b5-c9ed-4a54-85c1-2113097341cf@group-07B6A43326F6-FollowerState] INFO  server.RaftServerConfigKeys (ConfUtils.java:logFallback(53)) - raft.server.rpc.first-election.timeout.max = 5200ms (fallback to raft.server.rpc.timeout.max)
2023-12-05 10:05:59,115 [8f0f62b5-c9ed-4a54-85c1-2113097341cf-PipelineCommandHandlerThread-0] INFO  ratis.XceiverServerRatis (XceiverServerRatis.java:addGroup(837)) - Created group PipelineID=526eab55-3990-4eb7-9c60-07b6a43326f6
2023-12-05 10:05:59,115 [8f0f62b5-c9ed-4a54-85c1-2113097341cf-PipelineCommandHandlerThread-0] INFO  commandhandler.CreatePipelineCommandHandler (CreatePipelineCommandHandler.java:lambda$handle$2(124)) - Created Pipeline RATIS ONE PipelineID=526eab55-3990-4eb7-9c60-07b6a43326f6.
2023-12-05 10:06:00,105 [main] INFO  ozone.MiniOzoneClusterImpl (MiniOzoneClusterImpl.java:lambda$waitForClusterToBeReady$0(229)) - Nodes are ready. Got 3 of 3 DN Heartbeats.
2023-12-05 10:06:00,105 [main] INFO  ozone.MiniOzoneClusterImpl (MiniOzoneClusterImpl.java:lambda$waitForClusterToBeReady$0(232)) - Waiting for cluster to exit safe mode
2023-12-05 10:06:00,105 [main] INFO  ozone.MiniOzoneClusterImpl (MiniOzoneClusterImpl.java:lambda$waitForClusterToBeReady$0(234)) - SCM became leader
2023-12-05 10:06:01,106 [main] INFO  ozone.MiniOzoneClusterImpl (MiniOzoneClusterImpl.java:lambda$waitForClusterToBeReady$0(229)) - Nodes are ready. Got 3 of 3 DN Heartbeats.
2023-12-05 10:06:01,106 [main] INFO  ozone.MiniOzoneClusterImpl (MiniOzoneClusterImpl.java:lambda$waitForClusterToBeReady$0(232)) - Waiting for cluster to exit safe mode
2023-12-05 10:06:01,106 [main] INFO  ozone.MiniOzoneClusterImpl (MiniOzoneClusterImpl.java:lambda$waitForClusterToBeReady$0(234)) - SCM became leader
2023-12-05 10:06:02,106 [main] INFO  ozone.MiniOzoneClusterImpl (MiniOzoneClusterImpl.java:lambda$waitForClusterToBeReady$0(229)) - Nodes are ready. Got 3 of 3 DN Heartbeats.
2023-12-05 10:06:02,106 [main] INFO  ozone.MiniOzoneClusterImpl (MiniOzoneClusterImpl.java:lambda$waitForClusterToBeReady$0(232)) - Waiting for cluster to exit safe mode
2023-12-05 10:06:02,107 [main] INFO  ozone.MiniOzoneClusterImpl (MiniOzoneClusterImpl.java:lambda$waitForClusterToBeReady$0(234)) - SCM became leader
2023-12-05 10:06:03,107 [main] INFO  ozone.MiniOzoneClusterImpl (MiniOzoneClusterImpl.java:lambda$waitForClusterToBeReady$0(229)) - Nodes are ready. Got 3 of 3 DN Heartbeats.
2023-12-05 10:06:03,107 [main] INFO  ozone.MiniOzoneClusterImpl (MiniOzoneClusterImpl.java:lambda$waitForClusterToBeReady$0(232)) - Waiting for cluster to exit safe mode
2023-12-05 10:06:03,107 [main] INFO  ozone.MiniOzoneClusterImpl (MiniOzoneClusterImpl.java:lambda$waitForClusterToBeReady$0(234)) - SCM became leader
2023-12-05 10:06:04,032 [4342bc39-cca9-4f61-b8ed-08126dfe3856@group-510B90CF76D5-FollowerState] INFO  impl.FollowerState (FollowerState.java:run(143)) - 4342bc39-cca9-4f61-b8ed-08126dfe3856@group-510B90CF76D5-FollowerState: change to CANDIDATE, lastRpcElapsedTime:5063422755ns, electionTimeout:5063ms
2023-12-05 10:06:04,033 [4342bc39-cca9-4f61-b8ed-08126dfe3856@group-510B90CF76D5-FollowerState] INFO  impl.RoleInfo (RoleInfo.java:shutdownFollowerState(110)) - 4342bc39-cca9-4f61-b8ed-08126dfe3856: shutdown 4342bc39-cca9-4f61-b8ed-08126dfe3856@group-510B90CF76D5-FollowerState
2023-12-05 10:06:04,033 [4342bc39-cca9-4f61-b8ed-08126dfe3856@group-510B90CF76D5-FollowerState] INFO  server.RaftServer$Division (RaftServerImpl.java:setRole(379)) - 4342bc39-cca9-4f61-b8ed-08126dfe3856@group-510B90CF76D5: changes role from  FOLLOWER to CANDIDATE at term 0 for changeToCandidate
2023-12-05 10:06:04,033 [4342bc39-cca9-4f61-b8ed-08126dfe3856@group-510B90CF76D5-FollowerState] INFO  server.RaftServerConfigKeys (ConfUtils.java:logGet(46)) - raft.server.leaderelection.pre-vote = true (default)
2023-12-05 10:06:04,033 [4342bc39-cca9-4f61-b8ed-08126dfe3856@group-510B90CF76D5-FollowerState] INFO  impl.RoleInfo (RoleInfo.java:updateAndGet(139)) - 4342bc39-cca9-4f61-b8ed-08126dfe3856: start 4342bc39-cca9-4f61-b8ed-08126dfe3856@group-510B90CF76D5-LeaderElection30
2023-12-05 10:06:04,034 [4342bc39-cca9-4f61-b8ed-08126dfe3856@group-510B90CF76D5-LeaderElection30] INFO  impl.LeaderElection (LeaderElection.java:askForVotes(323)) - 4342bc39-cca9-4f61-b8ed-08126dfe3856@group-510B90CF76D5-LeaderElection30 PRE_VOTE round 0: submit vote requests at term 0 for -1: peers:[bcc7b4f4-64c2-40bd-855e-f062474916f1|10.1.0.7:15189, 8f0f62b5-c9ed-4a54-85c1-2113097341cf|10.1.0.7:15207, 4342bc39-cca9-4f61-b8ed-08126dfe3856|10.1.0.7:15198]|listeners:[], old=null
2023-12-05 10:06:04,035 [4342bc39-cca9-4f61-b8ed-08126dfe3856@group-510B90CF76D5-LeaderElection30-1] INFO  server.GrpcServerProtocolClient (GrpcServerProtocolClient.java:<init>(65)) - Build channel for bcc7b4f4-64c2-40bd-855e-f062474916f1
2023-12-05 10:06:04,035 [4342bc39-cca9-4f61-b8ed-08126dfe3856@group-510B90CF76D5-LeaderElection30-2] INFO  server.GrpcServerProtocolClient (GrpcServerProtocolClient.java:<init>(65)) - Build channel for 8f0f62b5-c9ed-4a54-85c1-2113097341cf
2023-12-05 10:06:04,035 [4342bc39-cca9-4f61-b8ed-08126dfe3856@group-510B90CF76D5-LeaderElection30] INFO  server.RaftServerConfigKeys (ConfUtils.java:logFallback(53)) - raft.server.rpc.first-election.timeout.min = 5s (fallback to raft.server.rpc.timeout.min)
2023-12-05 10:06:04,035 [4342bc39-cca9-4f61-b8ed-08126dfe3856@group-510B90CF76D5-LeaderElection30] INFO  server.RaftServerConfigKeys (ConfUtils.java:logFallback(53)) - raft.server.rpc.first-election.timeout.max = 5200ms (fallback to raft.server.rpc.timeout.max)
2023-12-05 10:06:04,042 [grpc-default-executor-1] INFO  server.RaftServer$Division (RaftServerImpl.java:requestVote(1377)) - bcc7b4f4-64c2-40bd-855e-f062474916f1@group-510B90CF76D5: receive requestVote(PRE_VOTE, 4342bc39-cca9-4f61-b8ed-08126dfe3856, group-510B90CF76D5, 0, (t:0, i:0))
2023-12-05 10:06:04,042 [grpc-default-executor-1] INFO  impl.VoteContext (VoteContext.java:log(49)) - bcc7b4f4-64c2-40bd-855e-f062474916f1@group-510B90CF76D5-FOLLOWER: accept PRE_VOTE from 4342bc39-cca9-4f61-b8ed-08126dfe3856: our priority 0 <= candidate's priority 1
2023-12-05 10:06:04,043 [grpc-default-executor-0] INFO  server.RaftServer$Division (RaftServerImpl.java:requestVote(1377)) - 8f0f62b5-c9ed-4a54-85c1-2113097341cf@group-510B90CF76D5: receive requestVote(PRE_VOTE, 4342bc39-cca9-4f61-b8ed-08126dfe3856, group-510B90CF76D5, 0, (t:0, i:0))
2023-12-05 10:06:04,043 [grpc-default-executor-0] INFO  impl.VoteContext (VoteContext.java:log(49)) - 8f0f62b5-c9ed-4a54-85c1-2113097341cf@group-510B90CF76D5-FOLLOWER: accept PRE_VOTE from 4342bc39-cca9-4f61-b8ed-08126dfe3856: our priority 0 <= candidate's priority 1
2023-12-05 10:06:04,043 [grpc-default-executor-0] INFO  server.RaftServer$Division (RaftServerImpl.java:requestVote(1410)) - 8f0f62b5-c9ed-4a54-85c1-2113097341cf@group-510B90CF76D5 replies to PRE_VOTE vote request: 4342bc39-cca9-4f61-b8ed-08126dfe3856<-8f0f62b5-c9ed-4a54-85c1-2113097341cf#0:OK-t0. Peer's state: 8f0f62b5-c9ed-4a54-85c1-2113097341cf@group-510B90CF76D5:t0, leader=null, voted=, raftlog=Memoized:8f0f62b5-c9ed-4a54-85c1-2113097341cf@group-510B90CF76D5-SegmentedRaftLog:OPENED:c-1, conf=-1: peers:[bcc7b4f4-64c2-40bd-855e-f062474916f1|10.1.0.7:15189, 8f0f62b5-c9ed-4a54-85c1-2113097341cf|10.1.0.7:15207, 4342bc39-cca9-4f61-b8ed-08126dfe3856|10.1.0.7:15198]|listeners:[], old=null
2023-12-05 10:06:04,044 [grpc-default-executor-1] INFO  server.RaftServer$Division (RaftServerImpl.java:requestVote(1410)) - bcc7b4f4-64c2-40bd-855e-f062474916f1@group-510B90CF76D5 replies to PRE_VOTE vote request: 4342bc39-cca9-4f61-b8ed-08126dfe3856<-bcc7b4f4-64c2-40bd-855e-f062474916f1#0:OK-t0. Peer's state: bcc7b4f4-64c2-40bd-855e-f062474916f1@group-510B90CF76D5:t0, leader=null, voted=, raftlog=Memoized:bcc7b4f4-64c2-40bd-855e-f062474916f1@group-510B90CF76D5-SegmentedRaftLog:OPENED:c-1, conf=-1: peers:[bcc7b4f4-64c2-40bd-855e-f062474916f1|10.1.0.7:15189, 8f0f62b5-c9ed-4a54-85c1-2113097341cf|10.1.0.7:15207, 4342bc39-cca9-4f61-b8ed-08126dfe3856|10.1.0.7:15198]|listeners:[], old=null
2023-12-05 10:06:04,044 [4342bc39-cca9-4f61-b8ed-08126dfe3856@group-590312D6F41A-FollowerState] INFO  impl.FollowerState (FollowerState.java:run(143)) - 4342bc39-cca9-4f61-b8ed-08126dfe3856@group-590312D6F41A-FollowerState: change to CANDIDATE, lastRpcElapsedTime:5023365644ns, electionTimeout:5022ms
2023-12-05 10:06:04,044 [4342bc39-cca9-4f61-b8ed-08126dfe3856@group-590312D6F41A-FollowerState] INFO  impl.RoleInfo (RoleInfo.java:shutdownFollowerState(110)) - 4342bc39-cca9-4f61-b8ed-08126dfe3856: shutdown 4342bc39-cca9-4f61-b8ed-08126dfe3856@group-590312D6F41A-FollowerState
2023-12-05 10:06:04,044 [4342bc39-cca9-4f61-b8ed-08126dfe3856@group-590312D6F41A-FollowerState] INFO  server.RaftServer$Division (RaftServerImpl.java:setRole(379)) - 4342bc39-cca9-4f61-b8ed-08126dfe3856@group-590312D6F41A: changes role from  FOLLOWER to CANDIDATE at term 0 for changeToCandidate
2023-12-05 10:06:04,044 [4342bc39-cca9-4f61-b8ed-08126dfe3856@group-590312D6F41A-FollowerState] INFO  server.RaftServerConfigKeys (ConfUtils.java:logGet(46)) - raft.server.leaderelection.pre-vote = true (default)
2023-12-05 10:06:04,044 [4342bc39-cca9-4f61-b8ed-08126dfe3856@group-590312D6F41A-FollowerState] INFO  impl.RoleInfo (RoleInfo.java:updateAndGet(139)) - 4342bc39-cca9-4f61-b8ed-08126dfe3856: start 4342bc39-cca9-4f61-b8ed-08126dfe3856@group-590312D6F41A-LeaderElection31
2023-12-05 10:06:04,044 [4342bc39-cca9-4f61-b8ed-08126dfe3856@group-510B90CF76D5-LeaderElection30] INFO  impl.LeaderElection (LeaderElection.java:logAndReturn(89)) - 4342bc39-cca9-4f61-b8ed-08126dfe3856@group-510B90CF76D5-LeaderElection30: PRE_VOTE PASSED received 1 response(s) and 0 exception(s):
2023-12-05 10:06:04,045 [4342bc39-cca9-4f61-b8ed-08126dfe3856@group-510B90CF76D5-LeaderElection30] INFO  impl.LeaderElection (LeaderElection.java:logAndReturn(93)) -   Response 0: 4342bc39-cca9-4f61-b8ed-08126dfe3856<-8f0f62b5-c9ed-4a54-85c1-2113097341cf#0:OK-t0
2023-12-05 10:06:04,049 [4342bc39-cca9-4f61-b8ed-08126dfe3856@group-590312D6F41A-LeaderElection31] INFO  impl.LeaderElection (LeaderElection.java:askForVotes(323)) - 4342bc39-cca9-4f61-b8ed-08126dfe3856@group-590312D6F41A-LeaderElection31 PRE_VOTE round 0: submit vote requests at term 0 for -1: peers:[4342bc39-cca9-4f61-b8ed-08126dfe3856|10.1.0.7:15198]|listeners:[], old=null
2023-12-05 10:06:04,049 [4342bc39-cca9-4f61-b8ed-08126dfe3856@group-590312D6F41A-LeaderElection31] INFO  impl.LeaderElection (LeaderElection.java:askForVotes(325)) - 4342bc39-cca9-4f61-b8ed-08126dfe3856@group-590312D6F41A-LeaderElection31 PRE_VOTE round 0: result PASSED (term=0)
2023-12-05 10:06:04,049 [4342bc39-cca9-4f61-b8ed-08126dfe3856@group-510B90CF76D5-LeaderElection30] INFO  impl.LeaderElection (LeaderElection.java:askForVotes(325)) - 4342bc39-cca9-4f61-b8ed-08126dfe3856@group-510B90CF76D5-LeaderElection30 PRE_VOTE round 0: result PASSED
2023-12-05 10:06:04,051 [4342bc39-cca9-4f61-b8ed-08126dfe3856@group-590312D6F41A-LeaderElection31] INFO  impl.LeaderElection (LeaderElection.java:askForVotes(323)) - 4342bc39-cca9-4f61-b8ed-08126dfe3856@group-590312D6F41A-LeaderElection31 ELECTION round 0: submit vote requests at term 1 for -1: peers:[4342bc39-cca9-4f61-b8ed-08126dfe3856|10.1.0.7:15198]|listeners:[], old=null
2023-12-05 10:06:04,051 [4342bc39-cca9-4f61-b8ed-08126dfe3856@group-590312D6F41A-LeaderElection31] INFO  impl.LeaderElection (LeaderElection.java:askForVotes(325)) - 4342bc39-cca9-4f61-b8ed-08126dfe3856@group-590312D6F41A-LeaderElection31 ELECTION round 0: result PASSED (term=1)
2023-12-05 10:06:04,051 [4342bc39-cca9-4f61-b8ed-08126dfe3856@group-510B90CF76D5-LeaderElection30] INFO  impl.LeaderElection (LeaderElection.java:askForVotes(323)) - 4342bc39-cca9-4f61-b8ed-08126dfe3856@group-510B90CF76D5-LeaderElection30 ELECTION round 0: submit vote requests at term 1 for -1: peers:[bcc7b4f4-64c2-40bd-855e-f062474916f1|10.1.0.7:15189, 8f0f62b5-c9ed-4a54-85c1-2113097341cf|10.1.0.7:15207, 4342bc39-cca9-4f61-b8ed-08126dfe3856|10.1.0.7:15198]|listeners:[], old=null
2023-12-05 10:06:04,051 [4342bc39-cca9-4f61-b8ed-08126dfe3856@group-590312D6F41A-LeaderElection31] INFO  impl.RoleInfo (RoleInfo.java:shutdownLeaderElection(130)) - 4342bc39-cca9-4f61-b8ed-08126dfe3856: shutdown 4342bc39-cca9-4f61-b8ed-08126dfe3856@group-590312D6F41A-LeaderElection31
2023-12-05 10:06:04,051 [4342bc39-cca9-4f61-b8ed-08126dfe3856@group-590312D6F41A-LeaderElection31] INFO  server.RaftServer$Division (RaftServerImpl.java:setRole(379)) - 4342bc39-cca9-4f61-b8ed-08126dfe3856@group-590312D6F41A: changes role from CANDIDATE to LEADER at term 1 for changeToLeader
2023-12-05 10:06:04,051 [4342bc39-cca9-4f61-b8ed-08126dfe3856@group-590312D6F41A-LeaderElection31] INFO  server.RaftServerConfigKeys (ConfUtils.java:logGet(46)) - raft.server.staging.catchup.gap = 1000 (default)
2023-12-05 10:06:04,052 [4342bc39-cca9-4f61-b8ed-08126dfe3856@group-510B90CF76D5-LeaderElection30] INFO  server.RaftServerConfigKeys (ConfUtils.java:logFallback(53)) - raft.server.rpc.first-election.timeout.min = 5s (fallback to raft.server.rpc.timeout.min)
2023-12-05 10:06:04,052 [4342bc39-cca9-4f61-b8ed-08126dfe3856@group-510B90CF76D5-LeaderElection30] INFO  server.RaftServerConfigKeys (ConfUtils.java:logFallback(53)) - raft.server.rpc.first-election.timeout.max = 5200ms (fallback to raft.server.rpc.timeout.max)
2023-12-05 10:06:04,052 [4342bc39-cca9-4f61-b8ed-08126dfe3856@group-590312D6F41A-LeaderElection31] INFO  server.RaftServerConfigKeys (ConfUtils.java:logGet(46)) - raft.server.write.element-limit = 1024 (custom)
2023-12-05 10:06:04,052 [4342bc39-cca9-4f61-b8ed-08126dfe3856@group-590312D6F41A-LeaderElection31] INFO  server.RaftServerConfigKeys (ConfUtils.java:logGet(46)) - raft.server.write.byte-limit = 1024 M (=1073741824) (custom)
2023-12-05 10:06:04,052 [4342bc39-cca9-4f61-b8ed-08126dfe3856@group-590312D6F41A-LeaderElection31] INFO  server.RaftServerConfigKeys (ConfUtils.java:logGet(46)) - raft.server.watch.timeout = 180s (custom)
2023-12-05 10:06:04,052 [4342bc39-cca9-4f61-b8ed-08126dfe3856@group-590312D6F41A-LeaderElection31] INFO  server.RaftServerConfigKeys (ConfUtils.java:logGet(46)) - raft.server.watch.timeout.denomination = 1s (default)
2023-12-05 10:06:04,052 [4342bc39-cca9-4f61-b8ed-08126dfe3856@group-590312D6F41A-LeaderElection31] INFO  server.RaftServerConfigKeys (ConfUtils.java:logGet(46)) - raft.server.watch.element-limit = 65536 (default)
2023-12-05 10:06:04,053 [4342bc39-cca9-4f61-b8ed-08126dfe3856@group-590312D6F41A-LeaderElection31] INFO  server.RaftServerConfigKeys (ConfUtils.java:logGet(46)) - raft.server.read.leader.lease.enabled = false (default)
2023-12-05 10:06:04,053 [4342bc39-cca9-4f61-b8ed-08126dfe3856@group-590312D6F41A-LeaderElection31] INFO  server.RaftServerConfigKeys (ConfUtils.java:logGet(46)) - raft.server.read.leader.lease.timeout.ratio = 0.9 (default)
2023-12-05 10:06:04,056 [4342bc39-cca9-4f61-b8ed-08126dfe3856@group-590312D6F41A-LeaderElection31] INFO  server.RaftServerConfigKeys (ConfUtils.java:logGet(46)) - raft.server.rpc.timeout.min = 5s (custom)
2023-12-05 10:06:04,056 [4342bc39-cca9-4f61-b8ed-08126dfe3856@group-590312D6F41A-LeaderElection31] INFO  server.RaftServerConfigKeys (ConfUtils.java:logGet(46)) - raft.server.write.element-limit = 1024 (custom)
2023-12-05 10:06:04,056 [4342bc39-cca9-4f61-b8ed-08126dfe3856@group-590312D6F41A-LeaderElection31] INFO  server.RaftServerConfigKeys (ConfUtils.java:logGet(46)) - raft.server.write.follower.gap.ratio.max = -1.0 (default)
2023-12-05 10:06:04,056 [4342bc39-cca9-4f61-b8ed-08126dfe3856@group-590312D6F41A-LeaderElection31] INFO  impl.RoleInfo (RoleInfo.java:updateAndGet(139)) - 4342bc39-cca9-4f61-b8ed-08126dfe3856: start 4342bc39-cca9-4f61-b8ed-08126dfe3856@group-590312D6F41A-LeaderStateImpl
2023-12-05 10:06:04,056 [4342bc39-cca9-4f61-b8ed-08126dfe3856@group-590312D6F41A-LeaderElection31] INFO  server.RaftServer$Division (RaftServerImpl.java:setFirstElection(564)) - 4342bc39-cca9-4f61-b8ed-08126dfe3856@group-590312D6F41A: set firstElectionSinceStartup to false for becomeLeader
2023-12-05 10:06:04,056 [4342bc39-cca9-4f61-b8ed-08126dfe3856@group-590312D6F41A-LeaderElection31] INFO  ratis.XceiverServerRatis (XceiverServerRatis.java:handleLeaderChangedNotification(935)) - Leader change notification received for group: group-590312D6F41A with new leaderId: 4342bc39-cca9-4f61-b8ed-08126dfe3856
2023-12-05 10:06:04,057 [4342bc39-cca9-4f61-b8ed-08126dfe3856@group-590312D6F41A-LeaderElection31] INFO  server.RaftServer$Division (ServerState.java:setLeader(265)) - 4342bc39-cca9-4f61-b8ed-08126dfe3856@group-590312D6F41A: change Leader from null to 4342bc39-cca9-4f61-b8ed-08126dfe3856 at term 1 for becomeLeader, leader elected after 5047ms
2023-12-05 10:06:04,057 [4342bc39-cca9-4f61-b8ed-08126dfe3856@group-590312D6F41A-LeaderElection31] INFO  segmented.SegmentedRaftLogWorker (SegmentedRaftLogWorker.java:startLogSegment(428)) - 4342bc39-cca9-4f61-b8ed-08126dfe3856@group-590312D6F41A-SegmentedRaftLogWorker: Starting segment from index:0
2023-12-05 10:06:04,057 [grpc-default-executor-0] INFO  server.RaftServer$Division (RaftServerImpl.java:requestVote(1377)) - bcc7b4f4-64c2-40bd-855e-f062474916f1@group-510B90CF76D5: receive requestVote(ELECTION, 4342bc39-cca9-4f61-b8ed-08126dfe3856, group-510B90CF76D5, 1, (t:0, i:0))
2023-12-05 10:06:04,058 [4342bc39-cca9-4f61-b8ed-08126dfe3856@group-590312D6F41A-LeaderElection31] INFO  server.RaftServer$Division (ServerState.java:setRaftConf(382)) - 4342bc39-cca9-4f61-b8ed-08126dfe3856@group-590312D6F41A: set configuration 0: peers:[4342bc39-cca9-4f61-b8ed-08126dfe3856|10.1.0.7:15198]|listeners:[], old=null
2023-12-05 10:06:04,058 [grpc-default-executor-0] INFO  impl.VoteContext (VoteContext.java:log(49)) - bcc7b4f4-64c2-40bd-855e-f062474916f1@group-510B90CF76D5-FOLLOWER: accept ELECTION from 4342bc39-cca9-4f61-b8ed-08126dfe3856: our priority 0 <= candidate's priority 1
2023-12-05 10:06:04,058 [grpc-default-executor-1] INFO  server.RaftServer$Division (RaftServerImpl.java:requestVote(1377)) - 8f0f62b5-c9ed-4a54-85c1-2113097341cf@group-510B90CF76D5: receive requestVote(ELECTION, 4342bc39-cca9-4f61-b8ed-08126dfe3856, group-510B90CF76D5, 1, (t:0, i:0))
2023-12-05 10:06:04,058 [grpc-default-executor-0] INFO  server.RaftServer$Division (RaftServerImpl.java:setRole(379)) - bcc7b4f4-64c2-40bd-855e-f062474916f1@group-510B90CF76D5: changes role from  FOLLOWER to FOLLOWER at term 1 for candidate:4342bc39-cca9-4f61-b8ed-08126dfe3856
2023-12-05 10:06:04,061 [EventQueue-OpenPipelineForHealthyPipelineSafeModeRule] INFO  safemode.SCMSafeModeManager (HealthyPipelineSafeModeRule.java:process(137)) - SCM in safe mode. Healthy pipelines reported count is 0, required healthy pipeline reported count is 1
2023-12-05 10:06:04,060 [grpc-default-executor-1] INFO  impl.VoteContext (VoteContext.java:log(49)) - 8f0f62b5-c9ed-4a54-85c1-2113097341cf@group-510B90CF76D5-FOLLOWER: accept ELECTION from 4342bc39-cca9-4f61-b8ed-08126dfe3856: our priority 0 <= candidate's priority 1
2023-12-05 10:06:04,062 [grpc-default-executor-0] INFO  impl.RoleInfo (RoleInfo.java:shutdownFollowerState(110)) - bcc7b4f4-64c2-40bd-855e-f062474916f1: shutdown bcc7b4f4-64c2-40bd-855e-f062474916f1@group-510B90CF76D5-FollowerState
2023-12-05 10:06:04,062 [grpc-default-executor-1] INFO  server.RaftServer$Division (RaftServerImpl.java:setRole(379)) - 8f0f62b5-c9ed-4a54-85c1-2113097341cf@group-510B90CF76D5: changes role from  FOLLOWER to FOLLOWER at term 1 for candidate:4342bc39-cca9-4f61-b8ed-08126dfe3856
2023-12-05 10:06:04,062 [grpc-default-executor-0] INFO  impl.RoleInfo (RoleInfo.java:updateAndGet(139)) - bcc7b4f4-64c2-40bd-855e-f062474916f1: start bcc7b4f4-64c2-40bd-855e-f062474916f1@group-510B90CF76D5-FollowerState
2023-12-05 10:06:04,062 [bcc7b4f4-64c2-40bd-855e-f062474916f1@group-510B90CF76D5-FollowerState] INFO  impl.FollowerState (FollowerState.java:run(152)) - bcc7b4f4-64c2-40bd-855e-f062474916f1@group-510B90CF76D5-FollowerState was interrupted
2023-12-05 10:06:04,062 [grpc-default-executor-0] INFO  server.RaftServer$Division (RaftServerImpl.java:setFirstElection(564)) - bcc7b4f4-64c2-40bd-855e-f062474916f1@group-510B90CF76D5: set firstElectionSinceStartup to false for candidate:4342bc39-cca9-4f61-b8ed-08126dfe3856
2023-12-05 10:06:04,062 [grpc-default-executor-1] INFO  impl.RoleInfo (RoleInfo.java:shutdownFollowerState(110)) - 8f0f62b5-c9ed-4a54-85c1-2113097341cf: shutdown 8f0f62b5-c9ed-4a54-85c1-2113097341cf@group-510B90CF76D5-FollowerState
2023-12-05 10:06:04,063 [grpc-default-executor-1] INFO  impl.RoleInfo (RoleInfo.java:updateAndGet(139)) - 8f0f62b5-c9ed-4a54-85c1-2113097341cf: start 8f0f62b5-c9ed-4a54-85c1-2113097341cf@group-510B90CF76D5-FollowerState
2023-12-05 10:06:04,063 [8f0f62b5-c9ed-4a54-85c1-2113097341cf@group-510B90CF76D5-FollowerState] INFO  impl.FollowerState (FollowerState.java:run(152)) - 8f0f62b5-c9ed-4a54-85c1-2113097341cf@group-510B90CF76D5-FollowerState was interrupted
2023-12-05 10:06:04,064 [grpc-default-executor-1] INFO  server.RaftServer$Division (RaftServerImpl.java:setFirstElection(564)) - 8f0f62b5-c9ed-4a54-85c1-2113097341cf@group-510B90CF76D5: set firstElectionSinceStartup to false for candidate:4342bc39-cca9-4f61-b8ed-08126dfe3856
2023-12-05 10:06:04,071 [grpc-default-executor-0] INFO  server.RaftServer$Division (RaftServerImpl.java:requestVote(1410)) - bcc7b4f4-64c2-40bd-855e-f062474916f1@group-510B90CF76D5 replies to ELECTION vote request: 4342bc39-cca9-4f61-b8ed-08126dfe3856<-bcc7b4f4-64c2-40bd-855e-f062474916f1#0:OK-t1. Peer's state: bcc7b4f4-64c2-40bd-855e-f062474916f1@group-510B90CF76D5:t1, leader=null, voted=4342bc39-cca9-4f61-b8ed-08126dfe3856, raftlog=Memoized:bcc7b4f4-64c2-40bd-855e-f062474916f1@group-510B90CF76D5-SegmentedRaftLog:OPENED:c-1, conf=-1: peers:[bcc7b4f4-64c2-40bd-855e-f062474916f1|10.1.0.7:15189, 8f0f62b5-c9ed-4a54-85c1-2113097341cf|10.1.0.7:15207, 4342bc39-cca9-4f61-b8ed-08126dfe3856|10.1.0.7:15198]|listeners:[], old=null
2023-12-05 10:06:04,073 [4342bc39-cca9-4f61-b8ed-08126dfe3856@group-510B90CF76D5-LeaderElection30] INFO  impl.LeaderElection (LeaderElection.java:logAndReturn(89)) - 4342bc39-cca9-4f61-b8ed-08126dfe3856@group-510B90CF76D5-LeaderElection30: ELECTION PASSED received 1 response(s) and 0 exception(s):
2023-12-05 10:06:04,073 [4342bc39-cca9-4f61-b8ed-08126dfe3856@group-510B90CF76D5-LeaderElection30] INFO  impl.LeaderElection (LeaderElection.java:logAndReturn(93)) -   Response 0: 4342bc39-cca9-4f61-b8ed-08126dfe3856<-bcc7b4f4-64c2-40bd-855e-f062474916f1#0:OK-t1
2023-12-05 10:06:04,073 [4342bc39-cca9-4f61-b8ed-08126dfe3856@group-510B90CF76D5-LeaderElection30] INFO  impl.LeaderElection (LeaderElection.java:askForVotes(325)) - 4342bc39-cca9-4f61-b8ed-08126dfe3856@group-510B90CF76D5-LeaderElection30 ELECTION round 0: result PASSED
2023-12-05 10:06:04,073 [4342bc39-cca9-4f61-b8ed-08126dfe3856@group-510B90CF76D5-LeaderElection30] INFO  impl.RoleInfo (RoleInfo.java:shutdownLeaderElection(130)) - 4342bc39-cca9-4f61-b8ed-08126dfe3856: shutdown 4342bc39-cca9-4f61-b8ed-08126dfe3856@group-510B90CF76D5-LeaderElection30
2023-12-05 10:06:04,073 [4342bc39-cca9-4f61-b8ed-08126dfe3856@group-510B90CF76D5-LeaderElection30] INFO  server.RaftServer$Division (RaftServerImpl.java:setRole(379)) - 4342bc39-cca9-4f61-b8ed-08126dfe3856@group-510B90CF76D5: changes role from CANDIDATE to LEADER at term 1 for changeToLeader
2023-12-05 10:06:04,073 [4342bc39-cca9-4f61-b8ed-08126dfe3856@group-510B90CF76D5-LeaderElection30] INFO  server.RaftServerConfigKeys (ConfUtils.java:logGet(46)) - raft.server.staging.catchup.gap = 1000 (default)
2023-12-05 10:06:04,073 [4342bc39-cca9-4f61-b8ed-08126dfe3856@group-510B90CF76D5-LeaderElection30] INFO  server.RaftServerConfigKeys (ConfUtils.java:logGet(46)) - raft.server.write.element-limit = 1024 (custom)
2023-12-05 10:06:04,073 [4342bc39-cca9-4f61-b8ed-08126dfe3856@group-510B90CF76D5-LeaderElection30] INFO  server.RaftServerConfigKeys (ConfUtils.java:logGet(46)) - raft.server.write.byte-limit = 1024 M (=1073741824) (custom)
2023-12-05 10:06:04,073 [4342bc39-cca9-4f61-b8ed-08126dfe3856@group-510B90CF76D5-LeaderElection30] INFO  server.RaftServerConfigKeys (ConfUtils.java:logGet(46)) - raft.server.watch.timeout = 180s (custom)
2023-12-05 10:06:04,073 [4342bc39-cca9-4f61-b8ed-08126dfe3856@group-510B90CF76D5-LeaderElection30] INFO  server.RaftServerConfigKeys (ConfUtils.java:logGet(46)) - raft.server.watch.timeout.denomination = 1s (default)
2023-12-05 10:06:04,074 [4342bc39-cca9-4f61-b8ed-08126dfe3856@group-510B90CF76D5-LeaderElection30] INFO  server.RaftServerConfigKeys (ConfUtils.java:logGet(46)) - raft.server.watch.element-limit = 65536 (default)
2023-12-05 10:06:04,074 [4342bc39-cca9-4f61-b8ed-08126dfe3856@group-510B90CF76D5-LeaderElection30] INFO  server.RaftServerConfigKeys (ConfUtils.java:logGet(46)) - raft.server.read.leader.lease.enabled = false (default)
2023-12-05 10:06:04,074 [4342bc39-cca9-4f61-b8ed-08126dfe3856@group-510B90CF76D5-LeaderElection30] INFO  server.RaftServerConfigKeys (ConfUtils.java:logGet(46)) - raft.server.read.leader.lease.timeout.ratio = 0.9 (default)
2023-12-05 10:06:04,074 [4342bc39-cca9-4f61-b8ed-08126dfe3856@group-510B90CF76D5-LeaderElection30] INFO  server.RaftServerConfigKeys (ConfUtils.java:logGet(46)) - raft.server.rpc.timeout.min = 5s (custom)
2023-12-05 10:06:04,074 [grpc-default-executor-1] INFO  server.RaftServer$Division (RaftServerImpl.java:requestVote(1410)) - 8f0f62b5-c9ed-4a54-85c1-2113097341cf@group-510B90CF76D5 replies to ELECTION vote request: 4342bc39-cca9-4f61-b8ed-08126dfe3856<-8f0f62b5-c9ed-4a54-85c1-2113097341cf#0:OK-t1. Peer's state: 8f0f62b5-c9ed-4a54-85c1-2113097341cf@group-510B90CF76D5:t1, leader=null, voted=4342bc39-cca9-4f61-b8ed-08126dfe3856, raftlog=Memoized:8f0f62b5-c9ed-4a54-85c1-2113097341cf@group-510B90CF76D5-SegmentedRaftLog:OPENED:c-1, conf=-1: peers:[bcc7b4f4-64c2-40bd-855e-f062474916f1|10.1.0.7:15189, 8f0f62b5-c9ed-4a54-85c1-2113097341cf|10.1.0.7:15207, 4342bc39-cca9-4f61-b8ed-08126dfe3856|10.1.0.7:15198]|listeners:[], old=null
2023-12-05 10:06:04,074 [4342bc39-cca9-4f61-b8ed-08126dfe3856@group-590312D6F41A-SegmentedRaftLogWorker] INFO  segmented.SegmentedRaftLogWorker (SegmentedRaftLogWorker.java:execute(632)) - 4342bc39-cca9-4f61-b8ed-08126dfe3856@group-590312D6F41A-SegmentedRaftLogWorker: created new log segment /home/runner/work/ozone/ozone/hadoop-ozone/integration-test/target/test-dir/MiniOzoneClusterImpl-1935f9c7-a71b-4f10-8b32-4eef1a617aae/datanode-1/data/ratis/f13225e4-d3b9-4a7d-b860-590312d6f41a/current/log_inprogress_0
2023-12-05 10:06:04,074 [4342bc39-cca9-4f61-b8ed-08126dfe3856@group-510B90CF76D5-LeaderElection30] INFO  server.RaftServerConfigKeys (ConfUtils.java:logGet(46)) - raft.server.write.element-limit = 1024 (custom)
2023-12-05 10:06:04,074 [4342bc39-cca9-4f61-b8ed-08126dfe3856@group-510B90CF76D5-LeaderElection30] INFO  server.RaftServerConfigKeys (ConfUtils.java:logGet(46)) - raft.server.write.follower.gap.ratio.max = -1.0 (default)
2023-12-05 10:06:04,075 [4342bc39-cca9-4f61-b8ed-08126dfe3856@group-510B90CF76D5-LeaderElection30] INFO  server.RaftServerConfigKeys (ConfUtils.java:logGet(46)) - raft.server.log.appender.snapshot.chunk.size.max = 16MB (=16777216) (default)
2023-12-05 10:06:04,075 [4342bc39-cca9-4f61-b8ed-08126dfe3856@group-510B90CF76D5-LeaderElection30] INFO  server.RaftServerConfigKeys (ConfUtils.java:logGet(46)) - raft.server.log.appender.buffer.byte-limit = 8388608 (custom)
2023-12-05 10:06:04,075 [4342bc39-cca9-4f61-b8ed-08126dfe3856@group-510B90CF76D5-LeaderElection30] INFO  server.RaftServerConfigKeys (ConfUtils.java:logGet(46)) - raft.server.log.appender.buffer.element-limit = 1 (custom)
2023-12-05 10:06:04,075 [4342bc39-cca9-4f61-b8ed-08126dfe3856@group-510B90CF76D5-LeaderElection30] INFO  server.RaftServerConfigKeys (ConfUtils.java:logGet(46)) - raft.server.log.appender.wait-time.min = 0μs (custom)
2023-12-05 10:06:04,075 [4342bc39-cca9-4f61-b8ed-08126dfe3856@group-510B90CF76D5-LeaderElection30] INFO  grpc.GrpcConfigKeys (ConfUtils.java:logGet(46)) - raft.grpc.server.leader.outstanding.appends.max = 8 (default)
2023-12-05 10:06:04,075 [4342bc39-cca9-4f61-b8ed-08126dfe3856@group-510B90CF76D5-LeaderElection30] INFO  server.RaftServerConfigKeys (ConfUtils.java:logGet(46)) - raft.server.rpc.request.timeout = 60s (custom)
2023-12-05 10:06:04,075 [4342bc39-cca9-4f61-b8ed-08126dfe3856@group-510B90CF76D5-LeaderElection30] INFO  grpc.GrpcConfigKeys (ConfUtils.java:logGet(46)) - raft.grpc.server.install_snapshot.request.element-limit = 8 (default)
2023-12-05 10:06:04,075 [4342bc39-cca9-4f61-b8ed-08126dfe3856@group-510B90CF76D5-LeaderElection30] INFO  grpc.GrpcConfigKeys (ConfUtils.java:logGet(46)) - raft.grpc.server.install_snapshot.request.timeout = 3000ms (default)
2023-12-05 10:06:04,075 [4342bc39-cca9-4f61-b8ed-08126dfe3856@group-510B90CF76D5-LeaderElection30] INFO  server.RaftServerConfigKeys (ConfUtils.java:logGet(46)) - raft.server.log.appender.install.snapshot.enabled = false (custom)
2023-12-05 10:06:04,075 [4342bc39-cca9-4f61-b8ed-08126dfe3856@group-510B90CF76D5-LeaderElection30] INFO  grpc.GrpcConfigKeys (ConfUtils.java:logGet(46)) - raft.grpc.server.heartbeat.channel = true (default)
2023-12-05 10:06:04,076 [4342bc39-cca9-4f61-b8ed-08126dfe3856@group-510B90CF76D5-LeaderElection30] INFO  server.RaftServerConfigKeys (ConfUtils.java:logGet(46)) - raft.server.log.appender.snapshot.chunk.size.max = 16MB (=16777216) (default)
2023-12-05 10:06:04,076 [4342bc39-cca9-4f61-b8ed-08126dfe3856@group-510B90CF76D5-LeaderElection30] INFO  server.RaftServerConfigKeys (ConfUtils.java:logGet(46)) - raft.server.log.appender.buffer.byte-limit = 8388608 (custom)
2023-12-05 10:06:04,076 [4342bc39-cca9-4f61-b8ed-08126dfe3856@group-510B90CF76D5-LeaderElection30] INFO  server.RaftServerConfigKeys (ConfUtils.java:logGet(46)) - raft.server.log.appender.buffer.element-limit = 1 (custom)
2023-12-05 10:06:04,076 [4342bc39-cca9-4f61-b8ed-08126dfe3856@group-510B90CF76D5-LeaderElection30] INFO  server.RaftServerConfigKeys (ConfUtils.java:logGet(46)) - raft.server.log.appender.wait-time.min = 0μs (custom)
2023-12-05 10:06:04,076 [4342bc39-cca9-4f61-b8ed-08126dfe3856@group-510B90CF76D5-LeaderElection30] INFO  grpc.GrpcConfigKeys (ConfUtils.java:logGet(46)) - raft.grpc.server.leader.outstanding.appends.max = 8 (default)
2023-12-05 10:06:04,076 [4342bc39-cca9-4f61-b8ed-08126dfe3856@group-510B90CF76D5-LeaderElection30] INFO  server.RaftServerConfigKeys (ConfUtils.java:logGet(46)) - raft.server.rpc.request.timeout = 60s (custom)
2023-12-05 10:06:04,076 [4342bc39-cca9-4f61-b8ed-08126dfe3856@group-510B90CF76D5-LeaderElection30] INFO  grpc.GrpcConfigKeys (ConfUtils.java:logGet(46)) - raft.grpc.server.install_snapshot.request.element-limit = 8 (default)
2023-12-05 10:06:04,076 [4342bc39-cca9-4f61-b8ed-08126dfe3856@group-510B90CF76D5-LeaderElection30] INFO  grpc.GrpcConfigKeys (ConfUtils.java:logGet(46)) - raft.grpc.server.install_snapshot.request.timeout = 3000ms (default)
2023-12-05 10:06:04,077 [4342bc39-cca9-4f61-b8ed-08126dfe3856@group-510B90CF76D5-LeaderElection30] INFO  server.RaftServerConfigKeys (ConfUtils.java:logGet(46)) - raft.server.log.appender.install.snapshot.enabled = false (custom)
2023-12-05 10:06:04,077 [4342bc39-cca9-4f61-b8ed-08126dfe3856@group-510B90CF76D5-LeaderElection30] INFO  grpc.GrpcConfigKeys (ConfUtils.java:logGet(46)) - raft.grpc.server.heartbeat.channel = true (default)
2023-12-05 10:06:04,077 [4342bc39-cca9-4f61-b8ed-08126dfe3856@group-510B90CF76D5-LeaderElection30] INFO  impl.RoleInfo (RoleInfo.java:updateAndGet(139)) - 4342bc39-cca9-4f61-b8ed-08126dfe3856: start 4342bc39-cca9-4f61-b8ed-08126dfe3856@group-510B90CF76D5-LeaderStateImpl
2023-12-05 10:06:04,077 [4342bc39-cca9-4f61-b8ed-08126dfe3856@group-510B90CF76D5-LeaderElection30] INFO  server.RaftServer$Division (RaftServerImpl.java:setFirstElection(564)) - 4342bc39-cca9-4f61-b8ed-08126dfe3856@group-510B90CF76D5: set firstElectionSinceStartup to false for becomeLeader
2023-12-05 10:06:04,077 [4342bc39-cca9-4f61-b8ed-08126dfe3856@group-510B90CF76D5-LeaderElection30] INFO  ratis.XceiverServerRatis (XceiverServerRatis.java:handleLeaderChangedNotification(935)) - Leader change notification received for group: group-510B90CF76D5 with new leaderId: 4342bc39-cca9-4f61-b8ed-08126dfe3856
2023-12-05 10:06:04,077 [4342bc39-cca9-4f61-b8ed-08126dfe3856@group-510B90CF76D5-LeaderElection30] INFO  server.RaftServer$Division (ServerState.java:setLeader(265)) - 4342bc39-cca9-4f61-b8ed-08126dfe3856@group-510B90CF76D5: change Leader from null to 4342bc39-cca9-4f61-b8ed-08126dfe3856 at term 1 for becomeLeader, leader elected after 5116ms
2023-12-05 10:06:04,077 [4342bc39-cca9-4f61-b8ed-08126dfe3856@group-510B90CF76D5-LeaderElection30] INFO  segmented.SegmentedRaftLogWorker (SegmentedRaftLogWorker.java:startLogSegment(428)) - 4342bc39-cca9-4f61-b8ed-08126dfe3856@group-510B90CF76D5-SegmentedRaftLogWorker: Starting segment from index:0
2023-12-05 10:06:04,077 [4342bc39-cca9-4f61-b8ed-08126dfe3856@group-590312D6F41A-StateMachineUpdater] INFO  server.RaftServer$Division (LeaderStateImpl.java:isApplied(316)) - leader is ready since appliedIndex == 0 >= startIndex == 0
2023-12-05 10:06:04,078 [4342bc39-cca9-4f61-b8ed-08126dfe3856@group-510B90CF76D5-LeaderElection30] INFO  server.RaftServer$Division (ServerState.java:setRaftConf(382)) - 4342bc39-cca9-4f61-b8ed-08126dfe3856@group-510B90CF76D5: set configuration 0: peers:[bcc7b4f4-64c2-40bd-855e-f062474916f1|10.1.0.7:15189, 8f0f62b5-c9ed-4a54-85c1-2113097341cf|10.1.0.7:15207, 4342bc39-cca9-4f61-b8ed-08126dfe3856|10.1.0.7:15198]|listeners:[], old=null
2023-12-05 10:06:04,084 [bcc7b4f4-64c2-40bd-855e-f062474916f1-server-thread1] INFO  ratis.XceiverServerRatis (XceiverServerRatis.java:handleLeaderChangedNotification(935)) - Leader change notification received for group: group-510B90CF76D5 with new leaderId: 4342bc39-cca9-4f61-b8ed-08126dfe3856
2023-12-05 10:06:04,084 [bcc7b4f4-64c2-40bd-855e-f062474916f1-server-thread1] INFO  server.RaftServer$Division (ServerState.java:setLeader(265)) - bcc7b4f4-64c2-40bd-855e-f062474916f1@group-510B90CF76D5: change Leader from null to 4342bc39-cca9-4f61-b8ed-08126dfe3856 at term 1 for appendEntries, leader elected after 5143ms
2023-12-05 10:06:04,084 [EventQueue-PipelineReportForPipelineReportHandler] INFO  pipeline.PipelineReportHandler (PipelineReportHandler.java:processPipelineReport(136)) - Opened pipeline PipelineID=bf847b04-caf5-47b7-9593-510b90cf76d5
2023-12-05 10:06:04,085 [EventQueue-OpenPipelineForHealthyPipelineSafeModeRule] INFO  safemode.SCMSafeModeManager (HealthyPipelineSafeModeRule.java:process(137)) - SCM in safe mode. Healthy pipelines reported count is 1, required healthy pipeline reported count is 1
2023-12-05 10:06:04,085 [EventQueue-OpenPipelineForHealthyPipelineSafeModeRule] INFO  safemode.SCMSafeModeManager (SCMSafeModeManager.java:validateSafeModeExitRules(200)) - HealthyPipelineSafeModeRule rule is successfully validated
2023-12-05 10:06:04,085 [EventQueue-OpenPipelineForHealthyPipelineSafeModeRule] INFO  safemode.SCMSafeModeManager (SCMSafeModeManager.java:validateSafeModeExitRules(215)) - ScmSafeModeManager, all rules are successfully validated
2023-12-05 10:06:04,085 [EventQueue-OpenPipelineForHealthyPipelineSafeModeRule] INFO  safemode.SCMSafeModeManager (SCMSafeModeManager.java:exitSafeMode(244)) - SCM exiting safe mode.
2023-12-05 10:06:04,085 [EventQueue-OpenPipelineForHealthyPipelineSafeModeRule] INFO  ha.SCMContext (SCMContext.java:updateSafeModeStatus(230)) - Update SafeModeStatus from SafeModeStatus{safeModeStatus=true, preCheckPassed=true} to SafeModeStatus{safeModeStatus=false, preCheckPassed=true}.
2023-12-05 10:06:04,085 [EventQueue-OpenPipelineForHealthyPipelineSafeModeRule] INFO  pipeline.BackgroundPipelineCreator (BackgroundPipelineCreator.java:notifyStatusChanged(258)) - Service BackgroundPipelineCreator transitions to RUNNING.
2023-12-05 10:06:04,085 [EventQueue-OpenPipelineForHealthyPipelineSafeModeRule] INFO  BackgroundPipelineScrubber (BackgroundSCMService.java:notifyStatusChanged(82)) - Service BackgroundPipelineScrubber transitions to RUNNING.
2023-12-05 10:06:04,085 [EventQueue-OpenPipelineForHealthyPipelineSafeModeRule] INFO  ExpiredContainerReplicaOpScrubber (BackgroundSCMService.java:notifyStatusChanged(82)) - Service ExpiredContainerReplicaOpScrubber transitions to RUNNING.
2023-12-05 10:06:04,085 [EventQueue-OpenPipelineForHealthyPipelineSafeModeRule] INFO  replication.ReplicationManager (ReplicationManager.java:notifyStatusChanged(1399)) - Service ReplicationManager transitions to RUNNING.
2023-12-05 10:06:04,086 [EventQueue-OpenPipelineForHealthyPipelineSafeModeRule] WARN  balancer.ContainerBalancer (ContainerBalancer.java:shouldRun(134)) - Could not find persisted configuration for ContainerBalancer when checking if ContainerBalancer should run. ContainerBalancer should not run now.
2023-12-05 10:06:04,086 [bcc7b4f4-64c2-40bd-855e-f062474916f1-server-thread2] INFO  server.RaftServer$Division (ServerState.java:setRaftConf(382)) - bcc7b4f4-64c2-40bd-855e-f062474916f1@group-510B90CF76D5: set configuration 0: peers:[bcc7b4f4-64c2-40bd-855e-f062474916f1|10.1.0.7:15189, 8f0f62b5-c9ed-4a54-85c1-2113097341cf|10.1.0.7:15207, 4342bc39-cca9-4f61-b8ed-08126dfe3856|10.1.0.7:15198]|listeners:[], old=null
2023-12-05 10:06:04,086 [bcc7b4f4-64c2-40bd-855e-f062474916f1-server-thread2] INFO  segmented.SegmentedRaftLogWorker (SegmentedRaftLogWorker.java:startLogSegment(428)) - bcc7b4f4-64c2-40bd-855e-f062474916f1@group-510B90CF76D5-SegmentedRaftLogWorker: Starting segment from index:0
2023-12-05 10:06:04,088 [4342bc39-cca9-4f61-b8ed-08126dfe3856@group-510B90CF76D5-SegmentedRaftLogWorker] INFO  segmented.SegmentedRaftLogWorker (SegmentedRaftLogWorker.java:execute(632)) - 4342bc39-cca9-4f61-b8ed-08126dfe3856@group-510B90CF76D5-SegmentedRaftLogWorker: created new log segment /home/runner/work/ozone/ozone/hadoop-ozone/integration-test/target/test-dir/MiniOzoneClusterImpl-1935f9c7-a71b-4f10-8b32-4eef1a617aae/datanode-1/data/ratis/bf847b04-caf5-47b7-9593-510b90cf76d5/current/log_inprogress_0
2023-12-05 10:06:04,090 [8f0f62b5-c9ed-4a54-85c1-2113097341cf-server-thread1] INFO  ratis.XceiverServerRatis (XceiverServerRatis.java:handleLeaderChangedNotification(935)) - Leader change notification received for group: group-510B90CF76D5 with new leaderId: 4342bc39-cca9-4f61-b8ed-08126dfe3856
2023-12-05 10:06:04,091 [8f0f62b5-c9ed-4a54-85c1-2113097341cf-server-thread1] INFO  server.RaftServer$Division (ServerState.java:setLeader(265)) - 8f0f62b5-c9ed-4a54-85c1-2113097341cf@group-510B90CF76D5: change Leader from null to 4342bc39-cca9-4f61-b8ed-08126dfe3856 at term 1 for appendEntries, leader elected after 5109ms
2023-12-05 10:06:04,092 [8f0f62b5-c9ed-4a54-85c1-2113097341cf-server-thread2] INFO  server.RaftServer$Division (ServerState.java:setRaftConf(382)) - 8f0f62b5-c9ed-4a54-85c1-2113097341cf@group-510B90CF76D5: set configuration 0: peers:[bcc7b4f4-64c2-40bd-855e-f062474916f1|10.1.0.7:15189, 8f0f62b5-c9ed-4a54-85c1-2113097341cf|10.1.0.7:15207, 4342bc39-cca9-4f61-b8ed-08126dfe3856|10.1.0.7:15198]|listeners:[], old=null
2023-12-05 10:06:04,092 [8f0f62b5-c9ed-4a54-85c1-2113097341cf-server-thread2] INFO  segmented.SegmentedRaftLogWorker (SegmentedRaftLogWorker.java:startLogSegment(428)) - 8f0f62b5-c9ed-4a54-85c1-2113097341cf@group-510B90CF76D5-SegmentedRaftLogWorker: Starting segment from index:0
2023-12-05 10:06:04,098 [bcc7b4f4-64c2-40bd-855e-f062474916f1@group-510B90CF76D5-SegmentedRaftLogWorker] INFO  segmented.SegmentedRaftLogWorker (SegmentedRaftLogWorker.java:execute(632)) - bcc7b4f4-64c2-40bd-855e-f062474916f1@group-510B90CF76D5-SegmentedRaftLogWorker: created new log segment /home/runner/work/ozone/ozone/hadoop-ozone/integration-test/target/test-dir/MiniOzoneClusterImpl-1935f9c7-a71b-4f10-8b32-4eef1a617aae/datanode-0/data/ratis/bf847b04-caf5-47b7-9593-510b90cf76d5/current/log_inprogress_0
2023-12-05 10:06:04,099 [8f0f62b5-c9ed-4a54-85c1-2113097341cf@group-510B90CF76D5-SegmentedRaftLogWorker] INFO  segmented.SegmentedRaftLogWorker (SegmentedRaftLogWorker.java:execute(632)) - 8f0f62b5-c9ed-4a54-85c1-2113097341cf@group-510B90CF76D5-SegmentedRaftLogWorker: created new log segment /home/runner/work/ozone/ozone/hadoop-ozone/integration-test/target/test-dir/MiniOzoneClusterImpl-1935f9c7-a71b-4f10-8b32-4eef1a617aae/datanode-2/data/ratis/bf847b04-caf5-47b7-9593-510b90cf76d5/current/log_inprogress_0
2023-12-05 10:06:04,101 [4342bc39-cca9-4f61-b8ed-08126dfe3856@group-510B90CF76D5-StateMachineUpdater] INFO  server.RaftServer$Division (LeaderStateImpl.java:isApplied(316)) - leader is ready since appliedIndex == 0 >= startIndex == 0
2023-12-05 10:06:04,107 [main] INFO  ozone.MiniOzoneClusterImpl (MiniOzoneClusterImpl.java:lambda$waitForClusterToBeReady$0(229)) - Nodes are ready. Got 3 of 3 DN Heartbeats.
2023-12-05 10:06:04,107 [main] INFO  ozone.MiniOzoneClusterImpl (MiniOzoneClusterImpl.java:lambda$waitForClusterToBeReady$0(232)) - Cluster exits safe mode
2023-12-05 10:06:04,108 [main] INFO  ozone.MiniOzoneClusterImpl (MiniOzoneClusterImpl.java:lambda$waitForClusterToBeReady$0(234)) - SCM became leader
2023-12-05 10:06:04,110 [main] INFO  ha.SequenceIdGenerator (SequenceIdGenerator.java:getNextId(145)) - Allocate a batch for containerId, change lastId from 0 to 1000.
2023-12-05 10:06:04,112 [main] INFO  ozone.MiniOzoneClusterImpl (MiniOzoneClusterImpl.java:shutdown(449)) - Shutting down the Mini Ozone Cluster
2023-12-05 10:06:04,112 [main] INFO  ozone.MiniOzoneClusterImpl (MiniOzoneClusterImpl.java:stop(466)) - Stopping the Mini Ozone Cluster
2023-12-05 10:06:04,112 [main] INFO  om.OzoneManager (OzoneManager.java:stop(2203)) - om1[localhost:15179]: Stopping Ozone Manager
2023-12-05 10:06:04,113 [main] INFO  ipc.Server (Server.java:stop(3523)) - Stopping server on 15179
2023-12-05 10:06:04,114 [IPC Server Responder] INFO  ipc.Server (Server.java:run(1567)) - Stopping IPC Server Responder
2023-12-05 10:06:04,114 [IPC Server listener on 15179] INFO  ipc.Server (Server.java:run(1434)) - Stopping IPC Server listener on 15179
2023-12-05 10:06:04,115 [main] INFO  server.RaftServer (RaftServerProxy.java:lambda$close$9(416)) - om1: close
2023-12-05 10:06:04,115 [om1-impl-thread1] INFO  server.RaftServer$Division (RaftServerImpl.java:lambda$close$3(516)) - om1@group-C5BA1605619E: shutdown
2023-12-05 10:06:04,115 [om1-impl-thread1] INFO  util.JmxRegister (JmxRegister.java:unregister(73)) - Successfully un-registered JMX Bean with object name Ratis:service=RaftServer,group=group-C5BA1605619E,id=om1
2023-12-05 10:06:04,116 [om1-impl-thread1] INFO  impl.RoleInfo (RoleInfo.java:shutdownLeaderState(94)) - om1: shutdown om1@group-C5BA1605619E-LeaderStateImpl
2023-12-05 10:06:04,116 [om1-impl-thread1] INFO  impl.PendingRequests (PendingRequests.java:sendNotLeaderResponses(289)) - om1@group-C5BA1605619E-PendingRequests: sendNotLeaderResponses
2023-12-05 10:06:04,116 [om1-impl-thread1] INFO  impl.StateMachineUpdater (StateMachineUpdater.java:stopAndJoin(157)) - om1@group-C5BA1605619E-StateMachineUpdater: set stopIndex = 0
2023-12-05 10:06:04,116 [om1@group-C5BA1605619E-StateMachineUpdater] INFO  ratis.OzoneManagerStateMachine (OzoneManagerStateMachine.java:takeSnapshot(492)) - Current Snapshot Index (t:1, i:0)
2023-12-05 10:06:04,116 [main] INFO  server.GrpcService (GrpcService.java:closeImpl(311)) - om1: shutdown server GrpcServerProtocolService now
2023-12-05 10:06:04,116 [main] INFO  server.GrpcService (GrpcService.java:closeImpl(320)) - om1: shutdown server GrpcServerProtocolService successfully
2023-12-05 10:06:04,123 [om1@group-C5BA1605619E-StateMachineUpdater] INFO  impl.StateMachineUpdater (StateMachineUpdater.java:takeSnapshot(295)) - om1@group-C5BA1605619E-StateMachineUpdater: Took a snapshot at index 0
2023-12-05 10:06:04,123 [om1@group-C5BA1605619E-StateMachineUpdater] INFO  impl.StateMachineUpdater (StateMachineUpdater.java:lambda$new$0(98)) - om1@group-C5BA1605619E-StateMachineUpdater: snapshotIndex: updateIncreasingly -1 -> 0
2023-12-05 10:06:04,123 [om1@group-C5BA1605619E-StateMachineUpdater] INFO  ratis.OzoneManagerStateMachine (OzoneManagerStateMachine.java:close(546)) - StateMachine has shutdown. Shutdown OzoneManager if not already shutdown.
2023-12-05 10:06:04,123 [om1@group-C5BA1605619E-StateMachineUpdater] INFO  ratis.OzoneManagerDoubleBuffer (OzoneManagerDoubleBuffer.java:stopDaemon(575)) - Stopping OMDoubleBuffer flush thread
2023-12-05 10:06:04,123 [om1-OMDoubleBufferFlushThread] INFO  ratis.OzoneManagerDoubleBuffer (OzoneManagerDoubleBuffer.java:canFlush(662)) - OMDoubleBuffer flush thread om1-OMDoubleBufferFlushThread is interrupted and will exit.
2023-12-05 10:06:04,124 [om1-impl-thread1] INFO  server.RaftServer$Division (ServerState.java:close(423)) - om1@group-C5BA1605619E: applyIndex: 0
2023-12-05 10:06:04,124 [om1@group-C5BA1605619E-cacheEviction-AwaitToRun] INFO  util.AwaitToRun (AwaitToRun.java:run(49)) - om1@group-C5BA1605619E-cacheEviction-AwaitToRun-AwaitForSignal is interrupted
2023-12-05 10:06:04,137 [bcc7b4f4-64c2-40bd-855e-f062474916f1@group-450AF8BB60DF-FollowerState] INFO  impl.FollowerState (FollowerState.java:run(143)) - bcc7b4f4-64c2-40bd-855e-f062474916f1@group-450AF8BB60DF-FollowerState: change to CANDIDATE, lastRpcElapsedTime:5199432300ns, electionTimeout:5199ms
2023-12-05 10:06:04,138 [bcc7b4f4-64c2-40bd-855e-f062474916f1@group-450AF8BB60DF-FollowerState] INFO  impl.RoleInfo (RoleInfo.java:shutdownFollowerState(110)) - bcc7b4f4-64c2-40bd-855e-f062474916f1: shutdown bcc7b4f4-64c2-40bd-855e-f062474916f1@group-450AF8BB60DF-FollowerState
2023-12-05 10:06:04,138 [bcc7b4f4-64c2-40bd-855e-f062474916f1@group-450AF8BB60DF-FollowerState] INFO  server.RaftServer$Division (RaftServerImpl.java:setRole(379)) - bcc7b4f4-64c2-40bd-855e-f062474916f1@group-450AF8BB60DF: changes role from  FOLLOWER to CANDIDATE at term 0 for changeToCandidate
2023-12-05 10:06:04,138 [bcc7b4f4-64c2-40bd-855e-f062474916f1@group-450AF8BB60DF-FollowerState] INFO  server.RaftServerConfigKeys (ConfUtils.java:logGet(46)) - raft.server.leaderelection.pre-vote = true (default)
2023-12-05 10:06:04,138 [bcc7b4f4-64c2-40bd-855e-f062474916f1@group-450AF8BB60DF-FollowerState] INFO  impl.RoleInfo (RoleInfo.java:updateAndGet(139)) - bcc7b4f4-64c2-40bd-855e-f062474916f1: start bcc7b4f4-64c2-40bd-855e-f062474916f1@group-450AF8BB60DF-LeaderElection32
2023-12-05 10:06:04,139 [bcc7b4f4-64c2-40bd-855e-f062474916f1@group-450AF8BB60DF-LeaderElection32] INFO  impl.LeaderElection (LeaderElection.java:askForVotes(323)) - bcc7b4f4-64c2-40bd-855e-f062474916f1@group-450AF8BB60DF-LeaderElection32 PRE_VOTE round 0: submit vote requests at term 0 for -1: peers:[bcc7b4f4-64c2-40bd-855e-f062474916f1|10.1.0.7:15189]|listeners:[], old=null
2023-12-05 10:06:04,139 [bcc7b4f4-64c2-40bd-855e-f062474916f1@group-450AF8BB60DF-LeaderElection32] INFO  impl.LeaderElection (LeaderElection.java:askForVotes(325)) - bcc7b4f4-64c2-40bd-855e-f062474916f1@group-450AF8BB60DF-LeaderElection32 PRE_VOTE round 0: result PASSED (term=0)
2023-12-05 10:06:04,140 [bcc7b4f4-64c2-40bd-855e-f062474916f1@group-450AF8BB60DF-LeaderElection32] INFO  impl.LeaderElection (LeaderElection.java:askForVotes(323)) - bcc7b4f4-64c2-40bd-855e-f062474916f1@group-450AF8BB60DF-LeaderElection32 ELECTION round 0: submit vote requests at term 1 for -1: peers:[bcc7b4f4-64c2-40bd-855e-f062474916f1|10.1.0.7:15189]|listeners:[], old=null
2023-12-05 10:06:04,140 [bcc7b4f4-64c2-40bd-855e-f062474916f1@group-450AF8BB60DF-LeaderElection32] INFO  impl.LeaderElection (LeaderElection.java:askForVotes(325)) - bcc7b4f4-64c2-40bd-855e-f062474916f1@group-450AF8BB60DF-LeaderElection32 ELECTION round 0: result PASSED (term=1)
2023-12-05 10:06:04,140 [bcc7b4f4-64c2-40bd-855e-f062474916f1@group-450AF8BB60DF-LeaderElection32] INFO  impl.RoleInfo (RoleInfo.java:shutdownLeaderElection(130)) - bcc7b4f4-64c2-40bd-855e-f062474916f1: shutdown bcc7b4f4-64c2-40bd-855e-f062474916f1@group-450AF8BB60DF-LeaderElection32
2023-12-05 10:06:04,140 [bcc7b4f4-64c2-40bd-855e-f062474916f1@group-450AF8BB60DF-LeaderElection32] INFO  server.RaftServer$Division (RaftServerImpl.java:setRole(379)) - bcc7b4f4-64c2-40bd-855e-f062474916f1@group-450AF8BB60DF: changes role from CANDIDATE to LEADER at term 1 for changeToLeader
2023-12-05 10:06:04,140 [bcc7b4f4-64c2-40bd-855e-f062474916f1@group-450AF8BB60DF-LeaderElection32] INFO  server.RaftServerConfigKeys (ConfUtils.java:logGet(46)) - raft.server.staging.catchup.gap = 1000 (default)
2023-12-05 10:06:04,140 [bcc7b4f4-64c2-40bd-855e-f062474916f1@group-450AF8BB60DF-LeaderElection32] INFO  server.RaftServerConfigKeys (ConfUtils.java:logGet(46)) - raft.server.write.element-limit = 1024 (custom)
2023-12-05 10:06:04,141 [bcc7b4f4-64c2-40bd-855e-f062474916f1@group-450AF8BB60DF-LeaderElection32] INFO  server.RaftServerConfigKeys (ConfUtils.java:logGet(46)) - raft.server.write.byte-limit = 1024 M (=1073741824) (custom)
2023-12-05 10:06:04,141 [bcc7b4f4-64c2-40bd-855e-f062474916f1@group-450AF8BB60DF-LeaderElection32] INFO  server.RaftServerConfigKeys (ConfUtils.java:logGet(46)) - raft.server.watch.timeout = 180s (custom)
2023-12-05 10:06:04,141 [bcc7b4f4-64c2-40bd-855e-f062474916f1@group-450AF8BB60DF-LeaderElection32] INFO  server.RaftServerConfigKeys (ConfUtils.java:logGet(46)) - raft.server.watch.timeout.denomination = 1s (default)
2023-12-05 10:06:04,141 [bcc7b4f4-64c2-40bd-855e-f062474916f1@group-450AF8BB60DF-LeaderElection32] INFO  server.RaftServerConfigKeys (ConfUtils.java:logGet(46)) - raft.server.watch.element-limit = 65536 (default)
2023-12-05 10:06:04,141 [bcc7b4f4-64c2-40bd-855e-f062474916f1@group-450AF8BB60DF-LeaderElection32] INFO  server.RaftServerConfigKeys (ConfUtils.java:logGet(46)) - raft.server.read.leader.lease.enabled = false (default)
2023-12-05 10:06:04,141 [bcc7b4f4-64c2-40bd-855e-f062474916f1@group-450AF8BB60DF-LeaderElection32] INFO  server.RaftServerConfigKeys (ConfUtils.java:logGet(46)) - raft.server.read.leader.lease.timeout.ratio = 0.9 (default)
2023-12-05 10:06:04,141 [bcc7b4f4-64c2-40bd-855e-f062474916f1@group-450AF8BB60DF-LeaderElection32] INFO  server.RaftServerConfigKeys (ConfUtils.java:logGet(46)) - raft.server.rpc.timeout.min = 5s (custom)
2023-12-05 10:06:04,141 [bcc7b4f4-64c2-40bd-855e-f062474916f1@group-450AF8BB60DF-LeaderElection32] INFO  server.RaftServerConfigKeys (ConfUtils.java:logGet(46)) - raft.server.write.element-limit = 1024 (custom)
2023-12-05 10:06:04,141 [bcc7b4f4-64c2-40bd-855e-f062474916f1@group-450AF8BB60DF-LeaderElection32] INFO  server.RaftServerConfigKeys (ConfUtils.java:logGet(46)) - raft.server.write.follower.gap.ratio.max = -1.0 (default)
2023-12-05 10:06:04,141 [bcc7b4f4-64c2-40bd-855e-f062474916f1@group-450AF8BB60DF-LeaderElection32] INFO  impl.RoleInfo (RoleInfo.java:updateAndGet(139)) - bcc7b4f4-64c2-40bd-855e-f062474916f1: start bcc7b4f4-64c2-40bd-855e-f062474916f1@group-450AF8BB60DF-LeaderStateImpl
2023-12-05 10:06:04,141 [bcc7b4f4-64c2-40bd-855e-f062474916f1@group-450AF8BB60DF-LeaderElection32] INFO  server.RaftServer$Division (RaftServerImpl.java:setFirstElection(564)) - bcc7b4f4-64c2-40bd-855e-f062474916f1@group-450AF8BB60DF: set firstElectionSinceStartup to false for becomeLeader
2023-12-05 10:06:04,141 [bcc7b4f4-64c2-40bd-855e-f062474916f1@group-450AF8BB60DF-LeaderElection32] INFO  ratis.XceiverServerRatis (XceiverServerRatis.java:handleLeaderChangedNotification(935)) - Leader change notification received for group: group-450AF8BB60DF with new leaderId: bcc7b4f4-64c2-40bd-855e-f062474916f1
2023-12-05 10:06:04,141 [bcc7b4f4-64c2-40bd-855e-f062474916f1@group-450AF8BB60DF-LeaderElection32] INFO  server.RaftServer$Division (ServerState.java:setLeader(265)) - bcc7b4f4-64c2-40bd-855e-f062474916f1@group-450AF8BB60DF: change Leader from null to bcc7b4f4-64c2-40bd-855e-f062474916f1 at term 1 for becomeLeader, leader elected after 5214ms
2023-12-05 10:06:04,142 [bcc7b4f4-64c2-40bd-855e-f062474916f1@group-450AF8BB60DF-LeaderElection32] INFO  segmented.SegmentedRaftLogWorker (SegmentedRaftLogWorker.java:startLogSegment(428)) - bcc7b4f4-64c2-40bd-855e-f062474916f1@group-450AF8BB60DF-SegmentedRaftLogWorker: Starting segment from index:0
2023-12-05 10:06:04,142 [bcc7b4f4-64c2-40bd-855e-f062474916f1@group-450AF8BB60DF-LeaderElection32] INFO  server.RaftServer$Division (ServerState.java:setRaftConf(382)) - bcc7b4f4-64c2-40bd-855e-f062474916f1@group-450AF8BB60DF: set configuration 0: peers:[bcc7b4f4-64c2-40bd-855e-f062474916f1|10.1.0.7:15189]|listeners:[], old=null
2023-12-05 10:06:04,150 [bcc7b4f4-64c2-40bd-855e-f062474916f1@group-450AF8BB60DF-SegmentedRaftLogWorker] INFO  segmented.SegmentedRaftLogWorker (SegmentedRaftLogWorker.java:execute(632)) - bcc7b4f4-64c2-40bd-855e-f062474916f1@group-450AF8BB60DF-SegmentedRaftLogWorker: created new log segment /home/runner/work/ozone/ozone/hadoop-ozone/integration-test/target/test-dir/MiniOzoneClusterImpl-1935f9c7-a71b-4f10-8b32-4eef1a617aae/datanode-0/data/ratis/35a37947-9c39-45f6-a4d6-450af8bb60df/current/log_inprogress_0
2023-12-05 10:06:04,151 [bcc7b4f4-64c2-40bd-855e-f062474916f1@group-450AF8BB60DF-StateMachineUpdater] INFO  server.RaftServer$Division (LeaderStateImpl.java:isApplied(316)) - leader is ready since appliedIndex == 0 >= startIndex == 0
2023-12-05 10:06:04,216 [8f0f62b5-c9ed-4a54-85c1-2113097341cf@group-07B6A43326F6-FollowerState] INFO  impl.FollowerState (FollowerState.java:run(143)) - 8f0f62b5-c9ed-4a54-85c1-2113097341cf@group-07B6A43326F6-FollowerState: change to CANDIDATE, lastRpcElapsedTime:5101895497ns, electionTimeout:5101ms
2023-12-05 10:06:04,216 [8f0f62b5-c9ed-4a54-85c1-2113097341cf@group-07B6A43326F6-FollowerState] INFO  impl.RoleInfo (RoleInfo.java:shutdownFollowerState(110)) - 8f0f62b5-c9ed-4a54-85c1-2113097341cf: shutdown 8f0f62b5-c9ed-4a54-85c1-2113097341cf@group-07B6A43326F6-FollowerState
2023-12-05 10:06:04,216 [8f0f62b5-c9ed-4a54-85c1-2113097341cf@group-07B6A43326F6-FollowerState] INFO  server.RaftServer$Division (RaftServerImpl.java:setRole(379)) - 8f0f62b5-c9ed-4a54-85c1-2113097341cf@group-07B6A43326F6: changes role from  FOLLOWER to CANDIDATE at term 0 for changeToCandidate
2023-12-05 10:06:04,216 [8f0f62b5-c9ed-4a54-85c1-2113097341cf@group-07B6A43326F6-FollowerState] INFO  server.RaftServerConfigKeys (ConfUtils.java:logGet(46)) - raft.server.leaderelection.pre-vote = true (default)
2023-12-05 10:06:04,217 [8f0f62b5-c9ed-4a54-85c1-2113097341cf@group-07B6A43326F6-FollowerState] INFO  impl.RoleInfo (RoleInfo.java:updateAndGet(139)) - 8f0f62b5-c9ed-4a54-85c1-2113097341cf: start 8f0f62b5-c9ed-4a54-85c1-2113097341cf@group-07B6A43326F6-LeaderElection33
2023-12-05 10:06:04,218 [8f0f62b5-c9ed-4a54-85c1-2113097341cf@group-07B6A43326F6-LeaderElection33] INFO  impl.LeaderElection (LeaderElection.java:askForVotes(323)) - 8f0f62b5-c9ed-4a54-85c1-2113097341cf@group-07B6A43326F6-LeaderElection33 PRE_VOTE round 0: submit vote requests at term 0 for -1: peers:[8f0f62b5-c9ed-4a54-85c1-2113097341cf|10.1.0.7:15207]|listeners:[], old=null
2023-12-05 10:06:04,218 [8f0f62b5-c9ed-4a54-85c1-2113097341cf@group-07B6A43326F6-LeaderElection33] INFO  impl.LeaderElection (LeaderElection.java:askForVotes(325)) - 8f0f62b5-c9ed-4a54-85c1-2113097341cf@group-07B6A43326F6-LeaderElection33 PRE_VOTE round 0: result PASSED (term=0)
2023-12-05 10:06:04,219 [8f0f62b5-c9ed-4a54-85c1-2113097341cf@group-07B6A43326F6-LeaderElection33] INFO  impl.LeaderElection (LeaderElection.java:askForVotes(323)) - 8f0f62b5-c9ed-4a54-85c1-2113097341cf@group-07B6A43326F6-LeaderElection33 ELECTION round 0: submit vote requests at term 1 for -1: peers:[8f0f62b5-c9ed-4a54-85c1-2113097341cf|10.1.0.7:15207]|listeners:[], old=null
2023-12-05 10:06:04,219 [8f0f62b5-c9ed-4a54-85c1-2113097341cf@group-07B6A43326F6-LeaderElection33] INFO  impl.LeaderElection (LeaderElection.java:askForVotes(325)) - 8f0f62b5-c9ed-4a54-85c1-2113097341cf@group-07B6A43326F6-LeaderElection33 ELECTION round 0: result PASSED (term=1)
2023-12-05 10:06:04,219 [8f0f62b5-c9ed-4a54-85c1-2113097341cf@group-07B6A43326F6-LeaderElection33] INFO  impl.RoleInfo (RoleInfo.java:shutdownLeaderElection(130)) - 8f0f62b5-c9ed-4a54-85c1-2113097341cf: shutdown 8f0f62b5-c9ed-4a54-85c1-2113097341cf@group-07B6A43326F6-LeaderElection33
2023-12-05 10:06:04,219 [8f0f62b5-c9ed-4a54-85c1-2113097341cf@group-07B6A43326F6-LeaderElection33] INFO  server.RaftServer$Division (RaftServerImpl.java:setRole(379)) - 8f0f62b5-c9ed-4a54-85c1-2113097341cf@group-07B6A43326F6: changes role from CANDIDATE to LEADER at term 1 for changeToLeader
2023-12-05 10:06:04,219 [8f0f62b5-c9ed-4a54-85c1-2113097341cf@group-07B6A43326F6-LeaderElection33] INFO  server.RaftServerConfigKeys (ConfUtils.java:logGet(46)) - raft.server.staging.catchup.gap = 1000 (default)
2023-12-05 10:06:04,219 [8f0f62b5-c9ed-4a54-85c1-2113097341cf@group-07B6A43326F6-LeaderElection33] INFO  server.RaftServerConfigKeys (ConfUtils.java:logGet(46)) - raft.server.write.element-limit = 1024 (custom)
2023-12-05 10:06:04,219 [8f0f62b5-c9ed-4a54-85c1-2113097341cf@group-07B6A43326F6-LeaderElection33] INFO  server.RaftServerConfigKeys (ConfUtils.java:logGet(46)) - raft.server.write.byte-limit = 1024 M (=1073741824) (custom)
2023-12-05 10:06:04,220 [8f0f62b5-c9ed-4a54-85c1-2113097341cf@group-07B6A43326F6-LeaderElection33] INFO  server.RaftServerConfigKeys (ConfUtils.java:logGet(46)) - raft.server.watch.timeout = 180s (custom)
2023-12-05 10:06:04,220 [8f0f62b5-c9ed-4a54-85c1-2113097341cf@group-07B6A43326F6-LeaderElection33] INFO  server.RaftServerConfigKeys (ConfUtils.java:logGet(46)) - raft.server.watch.timeout.denomination = 1s (default)
2023-12-05 10:06:04,220 [8f0f62b5-c9ed-4a54-85c1-2113097341cf@group-07B6A43326F6-LeaderElection33] INFO  server.RaftServerConfigKeys (ConfUtils.java:logGet(46)) - raft.server.watch.element-limit = 65536 (default)
2023-12-05 10:06:04,220 [8f0f62b5-c9ed-4a54-85c1-2113097341cf@group-07B6A43326F6-LeaderElection33] INFO  server.RaftServerConfigKeys (ConfUtils.java:logGet(46)) - raft.server.read.leader.lease.enabled = false (default)
2023-12-05 10:06:04,220 [8f0f62b5-c9ed-4a54-85c1-2113097341cf@group-07B6A43326F6-LeaderElection33] INFO  server.RaftServerConfigKeys (ConfUtils.java:logGet(46)) - raft.server.read.leader.lease.timeout.ratio = 0.9 (default)
2023-12-05 10:06:04,220 [8f0f62b5-c9ed-4a54-85c1-2113097341cf@group-07B6A43326F6-LeaderElection33] INFO  server.RaftServerConfigKeys (ConfUtils.java:logGet(46)) - raft.server.rpc.timeout.min = 5s (custom)
2023-12-05 10:06:04,220 [8f0f62b5-c9ed-4a54-85c1-2113097341cf@group-07B6A43326F6-LeaderElection33] INFO  server.RaftServerConfigKeys (ConfUtils.java:logGet(46)) - raft.server.write.element-limit = 1024 (custom)
2023-12-05 10:06:04,220 [8f0f62b5-c9ed-4a54-85c1-2113097341cf@group-07B6A43326F6-LeaderElection33] INFO  server.RaftServerConfigKeys (ConfUtils.java:logGet(46)) - raft.server.write.follower.gap.ratio.max = -1.0 (default)
2023-12-05 10:06:04,220 [8f0f62b5-c9ed-4a54-85c1-2113097341cf@group-07B6A43326F6-LeaderElection33] INFO  impl.RoleInfo (RoleInfo.java:updateAndGet(139)) - 8f0f62b5-c9ed-4a54-85c1-2113097341cf: start 8f0f62b5-c9ed-4a54-85c1-2113097341cf@group-07B6A43326F6-LeaderStateImpl
2023-12-05 10:06:04,220 [8f0f62b5-c9ed-4a54-85c1-2113097341cf@group-07B6A43326F6-LeaderElection33] INFO  server.RaftServer$Division (RaftServerImpl.java:setFirstElection(564)) - 8f0f62b5-c9ed-4a54-85c1-2113097341cf@group-07B6A43326F6: set firstElectionSinceStartup to false for becomeLeader
2023-12-05 10:06:04,220 [8f0f62b5-c9ed-4a54-85c1-2113097341cf@group-07B6A43326F6-LeaderElection33] INFO  ratis.XceiverServerRatis (XceiverServerRatis.java:handleLeaderChangedNotification(935)) - Leader change notification received for group: group-07B6A43326F6 with new leaderId: 8f0f62b5-c9ed-4a54-85c1-2113097341cf
2023-12-05 10:06:04,220 [8f0f62b5-c9ed-4a54-85c1-2113097341cf@group-07B6A43326F6-LeaderElection33] INFO  server.RaftServer$Division (ServerState.java:setLeader(265)) - 8f0f62b5-c9ed-4a54-85c1-2113097341cf@group-07B6A43326F6: change Leader from null to 8f0f62b5-c9ed-4a54-85c1-2113097341cf at term 1 for becomeLeader, leader elected after 5116ms
2023-12-05 10:06:04,221 [8f0f62b5-c9ed-4a54-85c1-2113097341cf@group-07B6A43326F6-LeaderElection33] INFO  segmented.SegmentedRaftLogWorker (SegmentedRaftLogWorker.java:startLogSegment(428)) - 8f0f62b5-c9ed-4a54-85c1-2113097341cf@group-07B6A43326F6-SegmentedRaftLogWorker: Starting segment from index:0
2023-12-05 10:06:04,224 [8f0f62b5-c9ed-4a54-85c1-2113097341cf@group-07B6A43326F6-LeaderElection33] INFO  server.RaftServer$Division (ServerState.java:setRaftConf(382)) - 8f0f62b5-c9ed-4a54-85c1-2113097341cf@group-07B6A43326F6: set configuration 0: peers:[8f0f62b5-c9ed-4a54-85c1-2113097341cf|10.1.0.7:15207]|listeners:[], old=null
2023-12-05 10:06:04,228 [8f0f62b5-c9ed-4a54-85c1-2113097341cf@group-07B6A43326F6-SegmentedRaftLogWorker] INFO  segmented.SegmentedRaftLogWorker (SegmentedRaftLogWorker.java:execute(632)) - 8f0f62b5-c9ed-4a54-85c1-2113097341cf@group-07B6A43326F6-SegmentedRaftLogWorker: created new log segment /home/runner/work/ozone/ozone/hadoop-ozone/integration-test/target/test-dir/MiniOzoneClusterImpl-1935f9c7-a71b-4f10-8b32-4eef1a617aae/datanode-2/data/ratis/526eab55-3990-4eb7-9c60-07b6a43326f6/current/log_inprogress_0
2023-12-05 10:06:04,229 [8f0f62b5-c9ed-4a54-85c1-2113097341cf@group-07B6A43326F6-StateMachineUpdater] INFO  server.RaftServer$Division (LeaderStateImpl.java:isApplied(316)) - leader is ready since appliedIndex == 0 >= startIndex == 0
2023-12-05 10:06:04,815 [om1-impl-thread1] INFO  segmented.SegmentedRaftLogWorker (SegmentedRaftLogWorker.java:close(243)) - om1@group-C5BA1605619E-SegmentedRaftLogWorker close()
2023-12-05 10:06:04,815 [JvmPauseMonitor27] INFO  util.JvmPauseMonitor (JvmPauseMonitor.java:run(152)) - JvmPauseMonitor-om1: Stopped
2023-12-05 10:06:04,815 [main] INFO  ratis.OzoneManagerStateMachine (OzoneManagerStateMachine.java:close(546)) - StateMachine has shutdown. Shutdown OzoneManager if not already shutdown.
2023-12-05 10:06:04,815 [main] INFO  ratis.OzoneManagerDoubleBuffer (OzoneManagerDoubleBuffer.java:stopDaemon(584)) - OMDoubleBuffer flush thread is not running.
2023-12-05 10:06:04,816 [main] INFO  utils.BackgroundService (BackgroundService.java:shutdown(160)) - Shutting down service KeyDeletingService
2023-12-05 10:06:04,816 [main] INFO  utils.BackgroundService (BackgroundService.java:shutdown(160)) - Shutting down service DirectoryDeletingService
2023-12-05 10:06:04,816 [main] INFO  utils.BackgroundService (BackgroundService.java:shutdown(160)) - Shutting down service OpenKeyCleanupService
2023-12-05 10:06:04,816 [main] INFO  utils.BackgroundService (BackgroundService.java:shutdown(160)) - Shutting down service SstFilteringService
2023-12-05 10:06:04,816 [main] INFO  utils.BackgroundService (BackgroundService.java:shutdown(160)) - Shutting down service SnapshotDeletingService
2023-12-05 10:06:04,816 [main] INFO  utils.BackgroundService (BackgroundService.java:shutdown(160)) - Shutting down service MultipartUploadCleanupService
2023-12-05 10:06:04,817 [main] INFO  handler.ContextHandler (ContextHandler.java:doStop(1159)) - Stopped o.e.j.w.WebAppContext@4e677d75{ozoneManager,/,null,STOPPED}{file:/home/runner/work/ozone/ozone/hadoop-ozone/integration-test/target/test-classes/webapps/ozoneManager}
2023-12-05 10:06:04,818 [main] INFO  server.AbstractConnector (AbstractConnector.java:doStop(383)) - Stopped ServerConnector@790765dc{HTTP/1.1, (http/1.1)}{0.0.0.0:15180}
2023-12-05 10:06:04,818 [main] INFO  server.session (HouseKeeper.java:stopScavenging(149)) - node0 Stopped scavenging
2023-12-05 10:06:04,818 [main] INFO  handler.ContextHandler (ContextHandler.java:doStop(1159)) - Stopped o.e.j.s.ServletContextHandler@531d59a9{static,/static,file:///home/runner/work/ozone/ozone/hadoop-ozone/integration-test/target/test-classes/webapps/static,STOPPED}
2023-12-05 10:06:04,818 [main] INFO  handler.ContextHandler (ContextHandler.java:doStop(1159)) - Stopped o.e.j.s.ServletContextHandler@37ac690d{logs,/logs,file:///home/runner/work/ozone/ozone/hadoop-ozone/integration-test/target/log,STOPPED}
2023-12-05 10:06:04,819 [main] INFO  rocksdiff.RocksDBCheckpointDiffer (RocksDBCheckpointDiffer.java:close(310)) - Shutting down CompactionDagPruningService.
2023-12-05 10:06:04,820 [main] INFO  snapshot.SnapshotDiffManager (SnapshotDiffManager.java:closeExecutorService(1716)) - Shutting down executorService: 'SnapDiffExecutor'
2023-12-05 10:06:04,820 [main] INFO  snapshot.SnapshotDiffManager (SnapshotDiffManager.java:closeExecutorService(1716)) - Shutting down executorService: 'SstDumpToolExecutor'
2023-12-05 10:06:04,821 [main] INFO  utils.BackgroundService (BackgroundService.java:shutdown(160)) - Shutting down service SnapshotDiffCleanupService
2023-12-05 10:06:04,821 [main] INFO  ozone.MiniOzoneClusterImpl (MiniOzoneClusterImpl.java:stopDatanodes(536)) - Stopping the HddsDatanodes
2023-12-05 10:06:04,822 [ForkJoinPool.commonPool-worker-2] INFO  ozoneimpl.OzoneContainer (OzoneContainer.java:stop(463)) - Attempting to stop container services.
2023-12-05 10:06:04,823 [ForkJoinPool.commonPool-worker-2] INFO  server.RaftServer (RaftServerProxy.java:lambda$close$9(416)) - bcc7b4f4-64c2-40bd-855e-f062474916f1: close
2023-12-05 10:06:04,823 [bcc7b4f4-64c2-40bd-855e-f062474916f1-impl-thread1] INFO  server.RaftServer$Division (RaftServerImpl.java:lambda$close$3(516)) - bcc7b4f4-64c2-40bd-855e-f062474916f1@group-510B90CF76D5: shutdown
2023-12-05 10:06:04,823 [bcc7b4f4-64c2-40bd-855e-f062474916f1-impl-thread1] INFO  util.JmxRegister (JmxRegister.java:unregister(73)) - Successfully un-registered JMX Bean with object name Ratis:service=RaftServer,group=group-510B90CF76D5,id=bcc7b4f4-64c2-40bd-855e-f062474916f1
2023-12-05 10:06:04,823 [ForkJoinPool.commonPool-worker-2] INFO  server.GrpcService (GrpcService.java:closeImpl(311)) - bcc7b4f4-64c2-40bd-855e-f062474916f1: shutdown server org.apache.ratis.grpc.server.GrpcClientProtocolService now
2023-12-05 10:06:04,823 [ForkJoinPool.commonPool-worker-0] INFO  ozoneimpl.OzoneContainer (OzoneContainer.java:stop(463)) - Attempting to stop container services.
2023-12-05 10:06:04,823 [bcc7b4f4-64c2-40bd-855e-f062474916f1-impl-thread2] INFO  server.RaftServer$Division (RaftServerImpl.java:lambda$close$3(516)) - bcc7b4f4-64c2-40bd-855e-f062474916f1@group-450AF8BB60DF: shutdown
2023-12-05 10:06:04,823 [bcc7b4f4-64c2-40bd-855e-f062474916f1-impl-thread2] INFO  util.JmxRegister (JmxRegister.java:unregister(73)) - Successfully un-registered JMX Bean with object name Ratis:service=RaftServer,group=group-450AF8BB60DF,id=bcc7b4f4-64c2-40bd-855e-f062474916f1
2023-12-05 10:06:04,823 [bcc7b4f4-64c2-40bd-855e-f062474916f1-impl-thread2] INFO  impl.RoleInfo (RoleInfo.java:shutdownLeaderState(94)) - bcc7b4f4-64c2-40bd-855e-f062474916f1: shutdown bcc7b4f4-64c2-40bd-855e-f062474916f1@group-450AF8BB60DF-LeaderStateImpl
2023-12-05 10:06:04,823 [bcc7b4f4-64c2-40bd-855e-f062474916f1-impl-thread1] INFO  impl.RoleInfo (RoleInfo.java:shutdownFollowerState(110)) - bcc7b4f4-64c2-40bd-855e-f062474916f1: shutdown bcc7b4f4-64c2-40bd-855e-f062474916f1@group-510B90CF76D5-FollowerState
2023-12-05 10:06:04,823 [bcc7b4f4-64c2-40bd-855e-f062474916f1-impl-thread2] INFO  impl.PendingRequests (PendingRequests.java:sendNotLeaderResponses(289)) - bcc7b4f4-64c2-40bd-855e-f062474916f1@group-450AF8BB60DF-PendingRequests: sendNotLeaderResponses
2023-12-05 10:06:04,823 [ForkJoinPool.commonPool-worker-0] INFO  server.RaftServer (RaftServerProxy.java:lambda$close$9(416)) - 8f0f62b5-c9ed-4a54-85c1-2113097341cf: close
2023-12-05 10:06:04,824 [bcc7b4f4-64c2-40bd-855e-f062474916f1-impl-thread2] INFO  impl.StateMachineUpdater (StateMachineUpdater.java:stopAndJoin(157)) - bcc7b4f4-64c2-40bd-855e-f062474916f1@group-450AF8BB60DF-StateMachineUpdater: set stopIndex = 0
2023-12-05 10:06:04,824 [bcc7b4f4-64c2-40bd-855e-f062474916f1@group-450AF8BB60DF-StateMachineUpdater] INFO  ratis.ContainerStateMachine (ContainerStateMachine.java:takeSnapshot(337)) - group-450AF8BB60DF: Taking a snapshot at:(t:1, i:0) file /home/runner/work/ozone/ozone/hadoop-ozone/integration-test/target/test-dir/MiniOzoneClusterImpl-1935f9c7-a71b-4f10-8b32-4eef1a617aae/datanode-0/data/ratis/35a37947-9c39-45f6-a4d6-450af8bb60df/sm/snapshot.1_0
2023-12-05 10:06:04,824 [bcc7b4f4-64c2-40bd-855e-f062474916f1@group-510B90CF76D5-FollowerState] INFO  impl.FollowerState (FollowerState.java:run(152)) - bcc7b4f4-64c2-40bd-855e-f062474916f1@group-510B90CF76D5-FollowerState was interrupted
2023-12-05 10:06:04,825 [bcc7b4f4-64c2-40bd-855e-f062474916f1-impl-thread1] INFO  impl.StateMachineUpdater (StateMachineUpdater.java:stopAndJoin(157)) - bcc7b4f4-64c2-40bd-855e-f062474916f1@group-510B90CF76D5-StateMachineUpdater: set stopIndex = -1
2023-12-05 10:06:04,825 [bcc7b4f4-64c2-40bd-855e-f062474916f1-impl-thread1] INFO  server.RaftServer$Division (ServerState.java:close(423)) - bcc7b4f4-64c2-40bd-855e-f062474916f1@group-510B90CF76D5: applyIndex: -1
2023-12-05 10:06:04,825 [8f0f62b5-c9ed-4a54-85c1-2113097341cf-impl-thread1] INFO  server.RaftServer$Division (RaftServerImpl.java:lambda$close$3(516)) - 8f0f62b5-c9ed-4a54-85c1-2113097341cf@group-510B90CF76D5: shutdown
2023-12-05 10:06:04,825 [8f0f62b5-c9ed-4a54-85c1-2113097341cf-impl-thread1] INFO  util.JmxRegister (JmxRegister.java:unregister(73)) - Successfully un-registered JMX Bean with object name Ratis:service=RaftServer,group=group-510B90CF76D5,id=8f0f62b5-c9ed-4a54-85c1-2113097341cf
2023-12-05 10:06:04,825 [ForkJoinPool.commonPool-worker-0] INFO  server.GrpcService (GrpcService.java:closeImpl(311)) - 8f0f62b5-c9ed-4a54-85c1-2113097341cf: shutdown server org.apache.ratis.grpc.server.GrpcClientProtocolService now
2023-12-05 10:06:04,825 [8f0f62b5-c9ed-4a54-85c1-2113097341cf-impl-thread2] INFO  server.RaftServer$Division (RaftServerImpl.java:lambda$close$3(516)) - 8f0f62b5-c9ed-4a54-85c1-2113097341cf@group-07B6A43326F6: shutdown
2023-12-05 10:06:04,825 [8f0f62b5-c9ed-4a54-85c1-2113097341cf-impl-thread1] INFO  impl.RoleInfo (RoleInfo.java:shutdownFollowerState(110)) - 8f0f62b5-c9ed-4a54-85c1-2113097341cf: shutdown 8f0f62b5-c9ed-4a54-85c1-2113097341cf@group-510B90CF76D5-FollowerState
2023-12-05 10:06:04,826 [8f0f62b5-c9ed-4a54-85c1-2113097341cf-impl-thread1] INFO  impl.StateMachineUpdater (StateMachineUpdater.java:stopAndJoin(157)) - 8f0f62b5-c9ed-4a54-85c1-2113097341cf@group-510B90CF76D5-StateMachineUpdater: set stopIndex = -1
2023-12-05 10:06:04,826 [8f0f62b5-c9ed-4a54-85c1-2113097341cf-impl-thread1] INFO  server.RaftServer$Division (ServerState.java:close(423)) - 8f0f62b5-c9ed-4a54-85c1-2113097341cf@group-510B90CF76D5: applyIndex: -1
2023-12-05 10:06:04,826 [bcc7b4f4-64c2-40bd-855e-f062474916f1@group-450AF8BB60DF-StateMachineUpdater] INFO  ratis.ContainerStateMachine (ContainerStateMachine.java:takeSnapshot(348)) - group-450AF8BB60DF: Finished taking a snapshot at:(t:1, i:0) file:/home/runner/work/ozone/ozone/hadoop-ozone/integration-test/target/test-dir/MiniOzoneClusterImpl-1935f9c7-a71b-4f10-8b32-4eef1a617aae/datanode-0/data/ratis/35a37947-9c39-45f6-a4d6-450af8bb60df/sm/snapshot.1_0 took: 2 ms
2023-12-05 10:06:04,826 [ForkJoinPool.commonPool-worker-0] INFO  server.GrpcService (GrpcService.java:closeImpl(320)) - 8f0f62b5-c9ed-4a54-85c1-2113097341cf: shutdown server org.apache.ratis.grpc.server.GrpcClientProtocolService successfully
2023-12-05 10:06:04,826 [ForkJoinPool.commonPool-worker-0] INFO  server.GrpcService (GrpcService.java:closeImpl(311)) - 8f0f62b5-c9ed-4a54-85c1-2113097341cf: shutdown server GrpcServerProtocolService now
2023-12-05 10:06:04,826 [bcc7b4f4-64c2-40bd-855e-f062474916f1@group-450AF8BB60DF-StateMachineUpdater] INFO  impl.StateMachineUpdater (StateMachineUpdater.java:takeSnapshot(295)) - bcc7b4f4-64c2-40bd-855e-f062474916f1@group-450AF8BB60DF-StateMachineUpdater: Took a snapshot at index 0
2023-12-05 10:06:04,826 [bcc7b4f4-64c2-40bd-855e-f062474916f1@group-450AF8BB60DF-StateMachineUpdater] INFO  impl.StateMachineUpdater (StateMachineUpdater.java:lambda$new$0(98)) - bcc7b4f4-64c2-40bd-855e-f062474916f1@group-450AF8BB60DF-StateMachineUpdater: snapshotIndex: updateIncreasingly -1 -> 0
2023-12-05 10:06:04,827 [bcc7b4f4-64c2-40bd-855e-f062474916f1-impl-thread2] INFO  server.RaftServer$Division (ServerState.java:close(423)) - bcc7b4f4-64c2-40bd-855e-f062474916f1@group-450AF8BB60DF: applyIndex: 0
2023-12-05 10:06:04,825 [8f0f62b5-c9ed-4a54-85c1-2113097341cf-impl-thread2] INFO  util.JmxRegister (JmxRegister.java:unregister(73)) - Successfully un-registered JMX Bean with object name Ratis:service=RaftServer,group=group-07B6A43326F6,id=8f0f62b5-c9ed-4a54-85c1-2113097341cf
2023-12-05 10:06:04,827 [8f0f62b5-c9ed-4a54-85c1-2113097341cf-impl-thread2] INFO  impl.RoleInfo (RoleInfo.java:shutdownLeaderState(94)) - 8f0f62b5-c9ed-4a54-85c1-2113097341cf: shutdown 8f0f62b5-c9ed-4a54-85c1-2113097341cf@group-07B6A43326F6-LeaderStateImpl
2023-12-05 10:06:04,826 [8f0f62b5-c9ed-4a54-85c1-2113097341cf@group-510B90CF76D5-FollowerState] INFO  impl.FollowerState (FollowerState.java:run(152)) - 8f0f62b5-c9ed-4a54-85c1-2113097341cf@group-510B90CF76D5-FollowerState was interrupted
2023-12-05 10:06:04,827 [8f0f62b5-c9ed-4a54-85c1-2113097341cf-impl-thread2] INFO  impl.PendingRequests (PendingRequests.java:sendNotLeaderResponses(289)) - 8f0f62b5-c9ed-4a54-85c1-2113097341cf@group-07B6A43326F6-PendingRequests: sendNotLeaderResponses
2023-12-05 10:06:04,828 [8f0f62b5-c9ed-4a54-85c1-2113097341cf-impl-thread2] INFO  impl.StateMachineUpdater (StateMachineUpdater.java:stopAndJoin(157)) - 8f0f62b5-c9ed-4a54-85c1-2113097341cf@group-07B6A43326F6-StateMachineUpdater: set stopIndex = 0
2023-12-05 10:06:04,828 [8f0f62b5-c9ed-4a54-85c1-2113097341cf@group-07B6A43326F6-StateMachineUpdater] INFO  ratis.ContainerStateMachine (ContainerStateMachine.java:takeSnapshot(337)) - group-07B6A43326F6: Taking a snapshot at:(t:1, i:0) file /home/runner/work/ozone/ozone/hadoop-ozone/integration-test/target/test-dir/MiniOzoneClusterImpl-1935f9c7-a71b-4f10-8b32-4eef1a617aae/datanode-2/data/ratis/526eab55-3990-4eb7-9c60-07b6a43326f6/sm/snapshot.1_0
2023-12-05 10:06:04,828 [grpc-default-executor-0] WARN  server.GrpcLogAppender (LogUtils.java:warn(121)) - 4342bc39-cca9-4f61-b8ed-08126dfe3856@group-510B90CF76D5->8f0f62b5-c9ed-4a54-85c1-2113097341cf-AppendLogResponseHandler: Failed appendEntries: org.apache.ratis.thirdparty.io.grpc.StatusRuntimeException: CANCELLED: RST_STREAM closed stream. HTTP/2 error code: CANCEL
2023-12-05 10:06:04,828 [grpc-default-executor-0] WARN  server.GrpcLogAppender (GrpcLogAppender.java:resetClient(140)) - 4342bc39-cca9-4f61-b8ed-08126dfe3856@group-510B90CF76D5->8f0f62b5-c9ed-4a54-85c1-2113097341cf-GrpcLogAppender: Follower failed and request == null,  keep nextIndex (1) unchanged and retry.
2023-12-05 10:06:04,829 [8f0f62b5-c9ed-4a54-85c1-2113097341cf@group-07B6A43326F6-StateMachineUpdater] INFO  ratis.ContainerStateMachine (ContainerStateMachine.java:takeSnapshot(348)) - group-07B6A43326F6: Finished taking a snapshot at:(t:1, i:0) file:/home/runner/work/ozone/ozone/hadoop-ozone/integration-test/target/test-dir/MiniOzoneClusterImpl-1935f9c7-a71b-4f10-8b32-4eef1a617aae/datanode-2/data/ratis/526eab55-3990-4eb7-9c60-07b6a43326f6/sm/snapshot.1_0 took: 0 ms
2023-12-05 10:06:04,829 [8f0f62b5-c9ed-4a54-85c1-2113097341cf@group-07B6A43326F6-StateMachineUpdater] INFO  impl.StateMachineUpdater (StateMachineUpdater.java:takeSnapshot(295)) - 8f0f62b5-c9ed-4a54-85c1-2113097341cf@group-07B6A43326F6-StateMachineUpdater: Took a snapshot at index 0
2023-12-05 10:06:04,829 [8f0f62b5-c9ed-4a54-85c1-2113097341cf@group-07B6A43326F6-StateMachineUpdater] INFO  impl.StateMachineUpdater (StateMachineUpdater.java:lambda$new$0(98)) - 8f0f62b5-c9ed-4a54-85c1-2113097341cf@group-07B6A43326F6-StateMachineUpdater: snapshotIndex: updateIncreasingly -1 -> 0
2023-12-05 10:06:04,828 [grpc-default-executor-1] WARN  server.GrpcServerProtocolService (LogUtils.java:warn(121)) - 8f0f62b5-c9ed-4a54-85c1-2113097341cf: APPEND_ENTRIES onError, lastRequest: 4342bc39-cca9-4f61-b8ed-08126dfe3856->8f0f62b5-c9ed-4a54-85c1-2113097341cf#1-t1,previous=(t:0, i:0),leaderCommit=-1,initializing? true,entries: size=1, first=(t:1, i:0), CONFIGURATIONENTRY(current:id: "bcc7b4f4-64c2-40bd-855e-f062474916f1"
address: "10.1.0.7:15189"
dataStreamAddress: "10.1.0.7:15190"
clientAddress: "10.1.0.7:15187"
adminAddress: "10.1.0.7:15188"
startupRole: FOLLOWER
,id: "8f0f62b5-c9ed-4a54-85c1-2113097341cf"
address: "10.1.0.7:15207"
dataStreamAddress: "10.1.0.7:15208"
clientAddress: "10.1.0.7:15205"
adminAddress: "10.1.0.7:15206"
startupRole: FOLLOWER
,id: "4342bc39-cca9-4f61-b8ed-08126dfe3856"
address: "10.1.0.7:15198"
priority: 1
dataStreamAddress: "10.1.0.7:15199"
clientAddress: "10.1.0.7:15196"
adminAddress: "10.1.0.7:15197"
startupRole: FOLLOWER
, old:): org.apache.ratis.thirdparty.io.grpc.StatusRuntimeException: CANCELLED: client cancelled
2023-12-05 10:06:04,829 [8f0f62b5-c9ed-4a54-85c1-2113097341cf-impl-thread2] INFO  server.RaftServer$Division (ServerState.java:close(423)) - 8f0f62b5-c9ed-4a54-85c1-2113097341cf@group-07B6A43326F6: applyIndex: 0
2023-12-05 10:06:04,829 [8f0f62b5-c9ed-4a54-85c1-2113097341cf@group-07B6A43326F6-cacheEviction-AwaitToRun] INFO  util.AwaitToRun (AwaitToRun.java:run(49)) - 8f0f62b5-c9ed-4a54-85c1-2113097341cf@group-07B6A43326F6-cacheEviction-AwaitToRun-AwaitForSignal is interrupted
2023-12-05 10:06:04,831 [ForkJoinPool.commonPool-worker-2] INFO  server.GrpcService (GrpcService.java:closeImpl(320)) - bcc7b4f4-64c2-40bd-855e-f062474916f1: shutdown server org.apache.ratis.grpc.server.GrpcClientProtocolService successfully
2023-12-05 10:06:04,831 [ForkJoinPool.commonPool-worker-2] INFO  server.GrpcService (GrpcService.java:closeImpl(311)) - bcc7b4f4-64c2-40bd-855e-f062474916f1: shutdown server GrpcServerProtocolService now
2023-12-05 10:06:04,831 [main] INFO  ozoneimpl.OzoneContainer (OzoneContainer.java:stop(463)) - Attempting to stop container services.
2023-12-05 10:06:04,832 [main] INFO  server.RaftServer (RaftServerProxy.java:lambda$close$9(416)) - 4342bc39-cca9-4f61-b8ed-08126dfe3856: close
2023-12-05 10:06:04,832 [8f0f62b5-c9ed-4a54-85c1-2113097341cf@group-510B90CF76D5-cacheEviction-AwaitToRun] INFO  util.AwaitToRun (AwaitToRun.java:run(49)) - 8f0f62b5-c9ed-4a54-85c1-2113097341cf@group-510B90CF76D5-cacheEviction-AwaitToRun-AwaitForSignal is interrupted
2023-12-05 10:06:04,832 [bcc7b4f4-64c2-40bd-855e-f062474916f1@group-510B90CF76D5-cacheEviction-AwaitToRun] INFO  util.AwaitToRun (AwaitToRun.java:run(49)) - bcc7b4f4-64c2-40bd-855e-f062474916f1@group-510B90CF76D5-cacheEviction-AwaitToRun-AwaitForSignal is interrupted
2023-12-05 10:06:04,832 [4342bc39-cca9-4f61-b8ed-08126dfe3856-impl-thread1] INFO  server.RaftServer$Division (RaftServerImpl.java:lambda$close$3(516)) - 4342bc39-cca9-4f61-b8ed-08126dfe3856@group-510B90CF76D5: shutdown
2023-12-05 10:06:04,833 [4342bc39-cca9-4f61-b8ed-08126dfe3856-impl-thread1] INFO  util.JmxRegister (JmxRegister.java:unregister(73)) - Successfully un-registered JMX Bean with object name Ratis:service=RaftServer,group=group-510B90CF76D5,id=4342bc39-cca9-4f61-b8ed-08126dfe3856
2023-12-05 10:06:04,856 [4342bc39-cca9-4f61-b8ed-08126dfe3856-impl-thread1] INFO  impl.RoleInfo (RoleInfo.java:shutdownLeaderState(94)) - 4342bc39-cca9-4f61-b8ed-08126dfe3856: shutdown 4342bc39-cca9-4f61-b8ed-08126dfe3856@group-510B90CF76D5-LeaderStateImpl
2023-12-05 10:06:04,856 [4342bc39-cca9-4f61-b8ed-08126dfe3856@group-510B90CF76D5->bcc7b4f4-64c2-40bd-855e-f062474916f1-GrpcLogAppender-LogAppenderDaemon] WARN  server.GrpcLogAppender (GrpcLogAppender.java:mayWait(212)) - 4342bc39-cca9-4f61-b8ed-08126dfe3856@group-510B90CF76D5->bcc7b4f4-64c2-40bd-855e-f062474916f1-GrpcLogAppender: Wait interrupted by java.lang.InterruptedException
2023-12-05 10:06:04,856 [4342bc39-cca9-4f61-b8ed-08126dfe3856-impl-thread1] INFO  impl.PendingRequests (PendingRequests.java:sendNotLeaderResponses(289)) - 4342bc39-cca9-4f61-b8ed-08126dfe3856@group-510B90CF76D5-PendingRequests: sendNotLeaderResponses
2023-12-05 10:06:04,856 [grpc-default-executor-5] INFO  server.GrpcLogAppender (GrpcLogAppender.java:onError(457)) - 4342bc39-cca9-4f61-b8ed-08126dfe3856@group-510B90CF76D5->bcc7b4f4-64c2-40bd-855e-f062474916f1-GrpcLogAppender is already stopped
2023-12-05 10:06:04,833 [bcc7b4f4-64c2-40bd-855e-f062474916f1@group-450AF8BB60DF-cacheEviction-AwaitToRun] INFO  util.AwaitToRun (AwaitToRun.java:run(49)) - bcc7b4f4-64c2-40bd-855e-f062474916f1@group-450AF8BB60DF-cacheEviction-AwaitToRun-AwaitForSignal is interrupted
2023-12-05 10:06:04,856 [grpc-default-executor-3] WARN  server.GrpcServerProtocolService (LogUtils.java:warn(121)) - bcc7b4f4-64c2-40bd-855e-f062474916f1: APPEND_ENTRIES onError, lastRequest: null: org.apache.ratis.thirdparty.io.grpc.StatusRuntimeException: CANCELLED: client cancelled
2023-12-05 10:06:04,857 [4342bc39-cca9-4f61-b8ed-08126dfe3856@group-510B90CF76D5->8f0f62b5-c9ed-4a54-85c1-2113097341cf-GrpcLogAppender-LogAppenderDaemon] WARN  server.GrpcLogAppender (GrpcLogAppender.java:mayWait(212)) - 4342bc39-cca9-4f61-b8ed-08126dfe3856@group-510B90CF76D5->8f0f62b5-c9ed-4a54-85c1-2113097341cf-GrpcLogAppender: Wait interrupted by java.lang.InterruptedException
2023-12-05 10:06:04,857 [4342bc39-cca9-4f61-b8ed-08126dfe3856-impl-thread1] INFO  impl.StateMachineUpdater (StateMachineUpdater.java:stopAndJoin(157)) - 4342bc39-cca9-4f61-b8ed-08126dfe3856@group-510B90CF76D5-StateMachineUpdater: set stopIndex = 0
2023-12-05 10:06:04,857 [4342bc39-cca9-4f61-b8ed-08126dfe3856@group-510B90CF76D5-StateMachineUpdater] INFO  ratis.ContainerStateMachine (ContainerStateMachine.java:takeSnapshot(337)) - group-510B90CF76D5: Taking a snapshot at:(t:1, i:0) file /home/runner/work/ozone/ozone/hadoop-ozone/integration-test/target/test-dir/MiniOzoneClusterImpl-1935f9c7-a71b-4f10-8b32-4eef1a617aae/datanode-1/data/ratis/bf847b04-caf5-47b7-9593-510b90cf76d5/sm/snapshot.1_0
2023-12-05 10:06:04,857 [main] INFO  server.GrpcService (GrpcService.java:closeImpl(311)) - 4342bc39-cca9-4f61-b8ed-08126dfe3856: shutdown server org.apache.ratis.grpc.server.GrpcClientProtocolService now
2023-12-05 10:06:04,858 [grpc-default-executor-4] WARN  server.GrpcServerProtocolService (LogUtils.java:warn(121)) - 8f0f62b5-c9ed-4a54-85c1-2113097341cf: APPEND_ENTRIES onError, lastRequest: null: org.apache.ratis.thirdparty.io.grpc.StatusRuntimeException: CANCELLED: client cancelled
2023-12-05 10:06:04,858 [grpc-default-executor-3] INFO  server.GrpcLogAppender (GrpcLogAppender.java:onError(457)) - 4342bc39-cca9-4f61-b8ed-08126dfe3856@group-510B90CF76D5->8f0f62b5-c9ed-4a54-85c1-2113097341cf-GrpcLogAppender is already stopped
2023-12-05 10:06:04,857 [4342bc39-cca9-4f61-b8ed-08126dfe3856-impl-thread2] INFO  server.RaftServer$Division (RaftServerImpl.java:lambda$close$3(516)) - 4342bc39-cca9-4f61-b8ed-08126dfe3856@group-590312D6F41A: shutdown
2023-12-05 10:06:04,859 [4342bc39-cca9-4f61-b8ed-08126dfe3856-impl-thread2] INFO  util.JmxRegister (JmxRegister.java:unregister(73)) - Successfully un-registered JMX Bean with object name Ratis:service=RaftServer,group=group-590312D6F41A,id=4342bc39-cca9-4f61-b8ed-08126dfe3856
2023-12-05 10:06:04,857 [4342bc39-cca9-4f61-b8ed-08126dfe3856@group-510B90CF76D5-StateMachineUpdater] INFO  ratis.ContainerStateMachine (ContainerStateMachine.java:takeSnapshot(348)) - group-510B90CF76D5: Finished taking a snapshot at:(t:1, i:0) file:/home/runner/work/ozone/ozone/hadoop-ozone/integration-test/target/test-dir/MiniOzoneClusterImpl-1935f9c7-a71b-4f10-8b32-4eef1a617aae/datanode-1/data/ratis/bf847b04-caf5-47b7-9593-510b90cf76d5/sm/snapshot.1_0 took: 0 ms
2023-12-05 10:06:04,859 [4342bc39-cca9-4f61-b8ed-08126dfe3856-impl-thread2] INFO  impl.RoleInfo (RoleInfo.java:shutdownLeaderState(94)) - 4342bc39-cca9-4f61-b8ed-08126dfe3856: shutdown 4342bc39-cca9-4f61-b8ed-08126dfe3856@group-590312D6F41A-LeaderStateImpl
2023-12-05 10:06:04,859 [grpc-default-executor-6] WARN  server.GrpcServerProtocolService (LogUtils.java:warn(121)) - bcc7b4f4-64c2-40bd-855e-f062474916f1: APPEND_ENTRIES onError, lastRequest: 4342bc39-cca9-4f61-b8ed-08126dfe3856->bcc7b4f4-64c2-40bd-855e-f062474916f1#1-t1,previous=(t:0, i:0),leaderCommit=-1,initializing? true,entries: size=1, first=(t:1, i:0), CONFIGURATIONENTRY(current:id: "bcc7b4f4-64c2-40bd-855e-f062474916f1"
address: "10.1.0.7:15189"
dataStreamAddress: "10.1.0.7:15190"
clientAddress: "10.1.0.7:15187"
adminAddress: "10.1.0.7:15188"
startupRole: FOLLOWER
,id: "8f0f62b5-c9ed-4a54-85c1-2113097341cf"
address: "10.1.0.7:15207"
dataStreamAddress: "10.1.0.7:15208"
clientAddress: "10.1.0.7:15205"
adminAddress: "10.1.0.7:15206"
startupRole: FOLLOWER
,id: "4342bc39-cca9-4f61-b8ed-08126dfe3856"
address: "10.1.0.7:15198"
priority: 1
dataStreamAddress: "10.1.0.7:15199"
clientAddress: "10.1.0.7:15196"
adminAddress: "10.1.0.7:15197"
startupRole: FOLLOWER
, old:): org.apache.ratis.thirdparty.io.grpc.StatusRuntimeException: CANCELLED: client cancelled
2023-12-05 10:06:04,859 [4342bc39-cca9-4f61-b8ed-08126dfe3856@group-510B90CF76D5-StateMachineUpdater] INFO  impl.StateMachineUpdater (StateMachineUpdater.java:takeSnapshot(295)) - 4342bc39-cca9-4f61-b8ed-08126dfe3856@group-510B90CF76D5-StateMachineUpdater: Took a snapshot at index 0
2023-12-05 10:06:04,859 [4342bc39-cca9-4f61-b8ed-08126dfe3856@group-510B90CF76D5-StateMachineUpdater] INFO  impl.StateMachineUpdater (StateMachineUpdater.java:lambda$new$0(98)) - 4342bc39-cca9-4f61-b8ed-08126dfe3856@group-510B90CF76D5-StateMachineUpdater: snapshotIndex: updateIncreasingly -1 -> 0
2023-12-05 10:06:04,859 [4342bc39-cca9-4f61-b8ed-08126dfe3856-impl-thread2] INFO  impl.PendingRequests (PendingRequests.java:sendNotLeaderResponses(289)) - 4342bc39-cca9-4f61-b8ed-08126dfe3856@group-590312D6F41A-PendingRequests: sendNotLeaderResponses
2023-12-05 10:06:04,859 [grpc-default-executor-3] INFO  server.GrpcLogAppender (GrpcLogAppender.java:onError(457)) - 4342bc39-cca9-4f61-b8ed-08126dfe3856@group-510B90CF76D5->bcc7b4f4-64c2-40bd-855e-f062474916f1-GrpcLogAppender is already stopped
2023-12-05 10:06:04,860 [4342bc39-cca9-4f61-b8ed-08126dfe3856-impl-thread1] INFO  server.RaftServer$Division (ServerState.java:close(423)) - 4342bc39-cca9-4f61-b8ed-08126dfe3856@group-510B90CF76D5: applyIndex: 0
2023-12-05 10:06:04,860 [4342bc39-cca9-4f61-b8ed-08126dfe3856-impl-thread2] INFO  impl.StateMachineUpdater (StateMachineUpdater.java:stopAndJoin(157)) - 4342bc39-cca9-4f61-b8ed-08126dfe3856@group-590312D6F41A-StateMachineUpdater: set stopIndex = 0
2023-12-05 10:06:04,860 [4342bc39-cca9-4f61-b8ed-08126dfe3856@group-590312D6F41A-StateMachineUpdater] INFO  ratis.ContainerStateMachine (ContainerStateMachine.java:takeSnapshot(337)) - group-590312D6F41A: Taking a snapshot at:(t:1, i:0) file /home/runner/work/ozone/ozone/hadoop-ozone/integration-test/target/test-dir/MiniOzoneClusterImpl-1935f9c7-a71b-4f10-8b32-4eef1a617aae/datanode-1/data/ratis/f13225e4-d3b9-4a7d-b860-590312d6f41a/sm/snapshot.1_0
2023-12-05 10:06:04,860 [4342bc39-cca9-4f61-b8ed-08126dfe3856@group-510B90CF76D5-cacheEviction-AwaitToRun] INFO  util.AwaitToRun (AwaitToRun.java:run(49)) - 4342bc39-cca9-4f61-b8ed-08126dfe3856@group-510B90CF76D5-cacheEviction-AwaitToRun-AwaitForSignal is interrupted
2023-12-05 10:06:04,860 [ForkJoinPool.commonPool-worker-2] INFO  server.GrpcService (GrpcService.java:closeImpl(320)) - bcc7b4f4-64c2-40bd-855e-f062474916f1: shutdown server GrpcServerProtocolService successfully
2023-12-05 10:06:04,860 [ForkJoinPool.commonPool-worker-2] INFO  server.GrpcService (GrpcService.java:closeImpl(311)) - bcc7b4f4-64c2-40bd-855e-f062474916f1: shutdown server org.apache.ratis.grpc.server.GrpcAdminProtocolService now
2023-12-05 10:06:04,860 [4342bc39-cca9-4f61-b8ed-08126dfe3856@group-590312D6F41A-StateMachineUpdater] INFO  ratis.ContainerStateMachine (ContainerStateMachine.java:takeSnapshot(348)) - group-590312D6F41A: Finished taking a snapshot at:(t:1, i:0) file:/home/runner/work/ozone/ozone/hadoop-ozone/integration-test/target/test-dir/MiniOzoneClusterImpl-1935f9c7-a71b-4f10-8b32-4eef1a617aae/datanode-1/data/ratis/f13225e4-d3b9-4a7d-b860-590312d6f41a/sm/snapshot.1_0 took: 0 ms
2023-12-05 10:06:04,861 [4342bc39-cca9-4f61-b8ed-08126dfe3856@group-590312D6F41A-StateMachineUpdater] INFO  impl.StateMachineUpdater (StateMachineUpdater.java:takeSnapshot(295)) - 4342bc39-cca9-4f61-b8ed-08126dfe3856@group-590312D6F41A-StateMachineUpdater: Took a snapshot at index 0
2023-12-05 10:06:04,862 [4342bc39-cca9-4f61-b8ed-08126dfe3856@group-590312D6F41A-StateMachineUpdater] INFO  impl.StateMachineUpdater (StateMachineUpdater.java:lambda$new$0(98)) - 4342bc39-cca9-4f61-b8ed-08126dfe3856@group-590312D6F41A-StateMachineUpdater: snapshotIndex: updateIncreasingly -1 -> 0
2023-12-05 10:06:04,862 [4342bc39-cca9-4f61-b8ed-08126dfe3856-impl-thread2] INFO  server.RaftServer$Division (ServerState.java:close(423)) - 4342bc39-cca9-4f61-b8ed-08126dfe3856@group-590312D6F41A: applyIndex: 0
2023-12-05 10:06:04,862 [4342bc39-cca9-4f61-b8ed-08126dfe3856@group-590312D6F41A-cacheEviction-AwaitToRun] INFO  util.AwaitToRun (AwaitToRun.java:run(49)) - 4342bc39-cca9-4f61-b8ed-08126dfe3856@group-590312D6F41A-cacheEviction-AwaitToRun-AwaitForSignal is interrupted
2023-12-05 10:06:04,861 [Thread-2623] INFO  server.GrpcServerProtocolClient (GrpcServerProtocolClient.java:close(103)) - 8f0f62b5-c9ed-4a54-85c1-2113097341cf Close channels
2023-12-05 10:06:04,861 [Thread-2622] INFO  server.GrpcServerProtocolClient (GrpcServerProtocolClient.java:close(103)) - bcc7b4f4-64c2-40bd-855e-f062474916f1 Close channels
2023-12-05 10:06:04,861 [ForkJoinPool.commonPool-worker-0] INFO  server.GrpcService (GrpcService.java:closeImpl(320)) - 8f0f62b5-c9ed-4a54-85c1-2113097341cf: shutdown server GrpcServerProtocolService successfully
2023-12-05 10:06:04,863 [ForkJoinPool.commonPool-worker-0] INFO  server.GrpcService (GrpcService.java:closeImpl(311)) - 8f0f62b5-c9ed-4a54-85c1-2113097341cf: shutdown server org.apache.ratis.grpc.server.GrpcAdminProtocolService now
2023-12-05 10:06:04,868 [ForkJoinPool.commonPool-worker-2] INFO  server.GrpcService (GrpcService.java:closeImpl(320)) - bcc7b4f4-64c2-40bd-855e-f062474916f1: shutdown server org.apache.ratis.grpc.server.GrpcAdminProtocolService successfully
2023-12-05 10:06:04,868 [bcc7b4f4-64c2-40bd-855e-f062474916f1-NettyServerStreamRpc-bossGroup--thread1] INFO  logging.LoggingHandler (AbstractInternalLogger.java:log(148)) - [id: 0x97ad8b38, L:/0.0.0.0:15190] CLOSE
2023-12-05 10:06:04,868 [bcc7b4f4-64c2-40bd-855e-f062474916f1-NettyServerStreamRpc-bossGroup--thread1] INFO  logging.LoggingHandler (AbstractInternalLogger.java:log(148)) - [id: 0x97ad8b38, L:/0.0.0.0:15190] INACTIVE
2023-12-05 10:06:04,868 [bcc7b4f4-64c2-40bd-855e-f062474916f1-NettyServerStreamRpc-bossGroup--thread1] INFO  logging.LoggingHandler (AbstractInternalLogger.java:log(148)) - [id: 0x97ad8b38, L:/0.0.0.0:15190] UNREGISTERED
2023-12-05 10:06:04,869 [main] INFO  server.GrpcService (GrpcService.java:closeImpl(320)) - 4342bc39-cca9-4f61-b8ed-08126dfe3856: shutdown server org.apache.ratis.grpc.server.GrpcClientProtocolService successfully
2023-12-05 10:06:04,869 [main] INFO  server.GrpcService (GrpcService.java:closeImpl(311)) - 4342bc39-cca9-4f61-b8ed-08126dfe3856: shutdown server GrpcServerProtocolService now
2023-12-05 10:06:04,878 [ForkJoinPool.commonPool-worker-0] INFO  server.GrpcService (GrpcService.java:closeImpl(320)) - 8f0f62b5-c9ed-4a54-85c1-2113097341cf: shutdown server org.apache.ratis.grpc.server.GrpcAdminProtocolService successfully
2023-12-05 10:06:04,878 [8f0f62b5-c9ed-4a54-85c1-2113097341cf-NettyServerStreamRpc-bossGroup--thread1] INFO  logging.LoggingHandler (AbstractInternalLogger.java:log(148)) - [id: 0x44e14855, L:/0.0.0.0:15208] CLOSE
2023-12-05 10:06:04,878 [8f0f62b5-c9ed-4a54-85c1-2113097341cf-NettyServerStreamRpc-bossGroup--thread1] INFO  logging.LoggingHandler (AbstractInternalLogger.java:log(148)) - [id: 0x44e14855, L:/0.0.0.0:15208] INACTIVE
2023-12-05 10:06:04,879 [8f0f62b5-c9ed-4a54-85c1-2113097341cf-NettyServerStreamRpc-bossGroup--thread1] INFO  logging.LoggingHandler (AbstractInternalLogger.java:log(148)) - [id: 0x44e14855, L:/0.0.0.0:15208] UNREGISTERED
2023-12-05 10:06:04,884 [main] INFO  server.GrpcService (GrpcService.java:closeImpl(320)) - 4342bc39-cca9-4f61-b8ed-08126dfe3856: shutdown server GrpcServerProtocolService successfully
2023-12-05 10:06:04,884 [main] INFO  server.GrpcService (GrpcService.java:closeImpl(311)) - 4342bc39-cca9-4f61-b8ed-08126dfe3856: shutdown server org.apache.ratis.grpc.server.GrpcAdminProtocolService now
2023-12-05 10:06:04,886 [main] INFO  server.GrpcService (GrpcService.java:closeImpl(320)) - 4342bc39-cca9-4f61-b8ed-08126dfe3856: shutdown server org.apache.ratis.grpc.server.GrpcAdminProtocolService successfully
2023-12-05 10:06:04,886 [4342bc39-cca9-4f61-b8ed-08126dfe3856-NettyServerStreamRpc-bossGroup--thread1] INFO  logging.LoggingHandler (AbstractInternalLogger.java:log(148)) - [id: 0xbd5bcb9a, L:/0.0.0.0:15199] CLOSE
2023-12-05 10:06:04,886 [4342bc39-cca9-4f61-b8ed-08126dfe3856-NettyServerStreamRpc-bossGroup--thread1] INFO  logging.LoggingHandler (AbstractInternalLogger.java:log(148)) - [id: 0xbd5bcb9a, L:/0.0.0.0:15199] INACTIVE
2023-12-05 10:06:04,886 [4342bc39-cca9-4f61-b8ed-08126dfe3856-NettyServerStreamRpc-bossGroup--thread1] INFO  logging.LoggingHandler (AbstractInternalLogger.java:log(148)) - [id: 0xbd5bcb9a, L:/0.0.0.0:15199] UNREGISTERED
2023-12-05 10:06:05,077 [4342bc39-cca9-4f61-b8ed-08126dfe3856-impl-thread2] INFO  segmented.SegmentedRaftLogWorker (SegmentedRaftLogWorker.java:close(243)) - 4342bc39-cca9-4f61-b8ed-08126dfe3856@group-590312D6F41A-SegmentedRaftLogWorker close()
2023-12-05 10:06:05,091 [4342bc39-cca9-4f61-b8ed-08126dfe3856-impl-thread1] INFO  segmented.SegmentedRaftLogWorker (SegmentedRaftLogWorker.java:close(243)) - 4342bc39-cca9-4f61-b8ed-08126dfe3856@group-510B90CF76D5-SegmentedRaftLogWorker close()
2023-12-05 10:06:05,091 [JvmPauseMonitor29] INFO  util.JvmPauseMonitor (JvmPauseMonitor.java:run(152)) - JvmPauseMonitor-4342bc39-cca9-4f61-b8ed-08126dfe3856: Stopped
2023-12-05 10:06:05,100 [8f0f62b5-c9ed-4a54-85c1-2113097341cf-impl-thread1] INFO  segmented.SegmentedRaftLogWorker (SegmentedRaftLogWorker.java:close(243)) - 8f0f62b5-c9ed-4a54-85c1-2113097341cf@group-510B90CF76D5-SegmentedRaftLogWorker close()
2023-12-05 10:06:05,100 [bcc7b4f4-64c2-40bd-855e-f062474916f1-impl-thread1] INFO  segmented.SegmentedRaftLogWorker (SegmentedRaftLogWorker.java:close(243)) - bcc7b4f4-64c2-40bd-855e-f062474916f1@group-510B90CF76D5-SegmentedRaftLogWorker close()
2023-12-05 10:06:05,152 [bcc7b4f4-64c2-40bd-855e-f062474916f1-impl-thread2] INFO  segmented.SegmentedRaftLogWorker (SegmentedRaftLogWorker.java:close(243)) - bcc7b4f4-64c2-40bd-855e-f062474916f1@group-450AF8BB60DF-SegmentedRaftLogWorker close()
2023-12-05 10:06:05,152 [JvmPauseMonitor28] INFO  util.JvmPauseMonitor (JvmPauseMonitor.java:run(152)) - JvmPauseMonitor-bcc7b4f4-64c2-40bd-855e-f062474916f1: Stopped
2023-12-05 10:06:05,229 [8f0f62b5-c9ed-4a54-85c1-2113097341cf-impl-thread2] INFO  segmented.SegmentedRaftLogWorker (SegmentedRaftLogWorker.java:close(243)) - 8f0f62b5-c9ed-4a54-85c1-2113097341cf@group-07B6A43326F6-SegmentedRaftLogWorker close()
2023-12-05 10:06:05,230 [JvmPauseMonitor30] INFO  util.JvmPauseMonitor (JvmPauseMonitor.java:run(152)) - JvmPauseMonitor-8f0f62b5-c9ed-4a54-85c1-2113097341cf: Stopped
2023-12-05 10:06:07,094 [main] INFO  utils.DatanodeStoreCache (DatanodeStoreCache.java:shutdownCache(110)) - Skip clearing cache in mini cluster mode. Entries left: [/home/runner/work/ozone/ozone/hadoop-ozone/integration-test/target/test-dir/MiniOzoneClusterImpl-1935f9c7-a71b-4f10-8b32-4eef1a617aae/datanode-0/data-0/containers/hdds/1935f9c7-a71b-4f10-8b32-4eef1a617aae/DS-3ee6603b-6b99-4da4-ba3e-d8f680927db9/container.db, /home/runner/work/ozone/ozone/hadoop-ozone/integration-test/target/test-dir/MiniOzoneClusterImpl-1935f9c7-a71b-4f10-8b32-4eef1a617aae/datanode-1/data-0/containers/hdds/1935f9c7-a71b-4f10-8b32-4eef1a617aae/DS-f3bfee4d-dbc2-4723-a9c2-e449411288a0/container.db, /home/runner/work/ozone/ozone/hadoop-ozone/integration-test/target/test-dir/MiniOzoneClusterImpl-1935f9c7-a71b-4f10-8b32-4eef1a617aae/datanode-2/data-0/containers/hdds/1935f9c7-a71b-4f10-8b32-4eef1a617aae/DS-1a428226-d6a4-405c-bcbc-025c33e8b3d8/container.db]
2023-12-05 10:06:07,095 [main] INFO  utils.DatanodeStoreCache (DatanodeStoreCache.java:removeDB(104)) - Removed db /home/runner/work/ozone/ozone/hadoop-ozone/integration-test/target/test-dir/MiniOzoneClusterImpl-1935f9c7-a71b-4f10-8b32-4eef1a617aae/datanode-1/data-0/containers/hdds/1935f9c7-a71b-4f10-8b32-4eef1a617aae/DS-f3bfee4d-dbc2-4723-a9c2-e449411288a0/container.db from cache
2023-12-05 10:06:07,095 [main] INFO  volume.HddsVolume (HddsVolume.java:closeDbStore(453)) - SchemaV3 db is stopped at /home/runner/work/ozone/ozone/hadoop-ozone/integration-test/target/test-dir/MiniOzoneClusterImpl-1935f9c7-a71b-4f10-8b32-4eef1a617aae/datanode-1/data-0/containers/hdds/1935f9c7-a71b-4f10-8b32-4eef1a617aae/DS-f3bfee4d-dbc2-4723-a9c2-e449411288a0/container.db for volume DS-f3bfee4d-dbc2-4723-a9c2-e449411288a0
2023-12-05 10:06:07,095 [main] INFO  utils.BackgroundService (BackgroundService.java:shutdown(160)) - Shutting down service BlockDeletingService
2023-12-05 10:06:07,096 [main] INFO  utils.BackgroundService (BackgroundService.java:shutdown(160)) - Shutting down service StaleRecoveringContainerScrubbingService
2023-12-05 10:06:07,096 [main] INFO  statemachine.DatanodeStateMachine (DatanodeStateMachine.java:stopDaemon(638)) - Ozone container server stopped.
2023-12-05 10:06:07,097 [main] INFO  handler.ContextHandler (ContextHandler.java:doStop(1159)) - Stopped o.e.j.w.WebAppContext@5e1629fe{hddsDatanode,/,null,STOPPED}{jar:file:/home/runner/.m2/repository/org/apache/ozone/hdds-container-service/1.4.0-SNAPSHOT/hdds-container-service-1.4.0-SNAPSHOT.jar!/webapps/hddsDatanode}
2023-12-05 10:06:07,098 [main] INFO  server.AbstractConnector (AbstractConnector.java:doStop(383)) - Stopped ServerConnector@5efff4c8{HTTP/1.1, (http/1.1)}{0.0.0.0:15193}
2023-12-05 10:06:07,098 [main] INFO  server.session (HouseKeeper.java:stopScavenging(149)) - node0 Stopped scavenging
2023-12-05 10:06:07,098 [main] INFO  handler.ContextHandler (ContextHandler.java:doStop(1159)) - Stopped o.e.j.s.ServletContextHandler@38a43698{static,/static,jar:file:/home/runner/.m2/repository/org/apache/ozone/hdds-container-service/1.4.0-SNAPSHOT/hdds-container-service-1.4.0-SNAPSHOT.jar!/webapps/static,STOPPED}
2023-12-05 10:06:07,098 [main] INFO  handler.ContextHandler (ContextHandler.java:doStop(1159)) - Stopped o.e.j.s.ServletContextHandler@43fb9456{logs,/logs,file:///home/runner/work/ozone/ozone/hadoop-ozone/integration-test/target/log,STOPPED}
2023-12-05 10:06:07,099 [main] INFO  ozone.HddsDatanodeClientProtocolServer (HddsDatanodeClientProtocolServer.java:stop(78)) - Stopping the RPC server for Client Protocol
2023-12-05 10:06:07,099 [main] INFO  ipc.Server (Server.java:stop(3523)) - Stopping server on 15194
2023-12-05 10:06:07,099 [IPC Server listener on 15194] INFO  ipc.Server (Server.java:run(1434)) - Stopping IPC Server listener on 15194
2023-12-05 10:06:07,099 [IPC Server Responder] INFO  ipc.Server (Server.java:run(1567)) - Stopping IPC Server Responder
2023-12-05 10:06:07,154 [ForkJoinPool.commonPool-worker-2] INFO  utils.DatanodeStoreCache (DatanodeStoreCache.java:shutdownCache(110)) - Skip clearing cache in mini cluster mode. Entries left: [/home/runner/work/ozone/ozone/hadoop-ozone/integration-test/target/test-dir/MiniOzoneClusterImpl-1935f9c7-a71b-4f10-8b32-4eef1a617aae/datanode-0/data-0/containers/hdds/1935f9c7-a71b-4f10-8b32-4eef1a617aae/DS-3ee6603b-6b99-4da4-ba3e-d8f680927db9/container.db, /home/runner/work/ozone/ozone/hadoop-ozone/integration-test/target/test-dir/MiniOzoneClusterImpl-1935f9c7-a71b-4f10-8b32-4eef1a617aae/datanode-2/data-0/containers/hdds/1935f9c7-a71b-4f10-8b32-4eef1a617aae/DS-1a428226-d6a4-405c-bcbc-025c33e8b3d8/container.db]
2023-12-05 10:06:07,156 [ForkJoinPool.commonPool-worker-2] INFO  utils.DatanodeStoreCache (DatanodeStoreCache.java:removeDB(104)) - Removed db /home/runner/work/ozone/ozone/hadoop-ozone/integration-test/target/test-dir/MiniOzoneClusterImpl-1935f9c7-a71b-4f10-8b32-4eef1a617aae/datanode-0/data-0/containers/hdds/1935f9c7-a71b-4f10-8b32-4eef1a617aae/DS-3ee6603b-6b99-4da4-ba3e-d8f680927db9/container.db from cache
2023-12-05 10:06:07,156 [ForkJoinPool.commonPool-worker-2] INFO  volume.HddsVolume (HddsVolume.java:closeDbStore(453)) - SchemaV3 db is stopped at /home/runner/work/ozone/ozone/hadoop-ozone/integration-test/target/test-dir/MiniOzoneClusterImpl-1935f9c7-a71b-4f10-8b32-4eef1a617aae/datanode-0/data-0/containers/hdds/1935f9c7-a71b-4f10-8b32-4eef1a617aae/DS-3ee6603b-6b99-4da4-ba3e-d8f680927db9/container.db for volume DS-3ee6603b-6b99-4da4-ba3e-d8f680927db9
2023-12-05 10:06:07,156 [ForkJoinPool.commonPool-worker-2] INFO  utils.BackgroundService (BackgroundService.java:shutdown(160)) - Shutting down service BlockDeletingService
2023-12-05 10:06:07,156 [ForkJoinPool.commonPool-worker-2] INFO  utils.BackgroundService (BackgroundService.java:shutdown(160)) - Shutting down service StaleRecoveringContainerScrubbingService
2023-12-05 10:06:07,157 [ForkJoinPool.commonPool-worker-2] INFO  statemachine.DatanodeStateMachine (DatanodeStateMachine.java:stopDaemon(638)) - Ozone container server stopped.
2023-12-05 10:06:07,158 [ForkJoinPool.commonPool-worker-2] INFO  handler.ContextHandler (ContextHandler.java:doStop(1159)) - Stopped o.e.j.w.WebAppContext@52b70ee6{hddsDatanode,/,null,STOPPED}{jar:file:/home/runner/.m2/repository/org/apache/ozone/hdds-container-service/1.4.0-SNAPSHOT/hdds-container-service-1.4.0-SNAPSHOT.jar!/webapps/hddsDatanode}
2023-12-05 10:06:07,159 [ForkJoinPool.commonPool-worker-2] INFO  server.AbstractConnector (AbstractConnector.java:doStop(383)) - Stopped ServerConnector@7ea616b3{HTTP/1.1, (http/1.1)}{0.0.0.0:15184}
2023-12-05 10:06:07,159 [ForkJoinPool.commonPool-worker-2] INFO  server.session (HouseKeeper.java:stopScavenging(149)) - node0 Stopped scavenging
2023-12-05 10:06:07,159 [ForkJoinPool.commonPool-worker-2] INFO  handler.ContextHandler (ContextHandler.java:doStop(1159)) - Stopped o.e.j.s.ServletContextHandler@15d3e2d4{static,/static,jar:file:/home/runner/.m2/repository/org/apache/ozone/hdds-container-service/1.4.0-SNAPSHOT/hdds-container-service-1.4.0-SNAPSHOT.jar!/webapps/static,STOPPED}
2023-12-05 10:06:07,159 [ForkJoinPool.commonPool-worker-2] INFO  handler.ContextHandler (ContextHandler.java:doStop(1159)) - Stopped o.e.j.s.ServletContextHandler@55f51571{logs,/logs,file:///home/runner/work/ozone/ozone/hadoop-ozone/integration-test/target/log,STOPPED}
2023-12-05 10:06:07,160 [ForkJoinPool.commonPool-worker-2] INFO  ozone.HddsDatanodeClientProtocolServer (HddsDatanodeClientProtocolServer.java:stop(78)) - Stopping the RPC server for Client Protocol
2023-12-05 10:06:07,160 [ForkJoinPool.commonPool-worker-2] INFO  ipc.Server (Server.java:stop(3523)) - Stopping server on 15185
2023-12-05 10:06:07,161 [IPC Server listener on 15185] INFO  ipc.Server (Server.java:run(1434)) - Stopping IPC Server listener on 15185
2023-12-05 10:06:07,161 [IPC Server Responder] INFO  ipc.Server (Server.java:run(1567)) - Stopping IPC Server Responder
2023-12-05 10:06:07,232 [ForkJoinPool.commonPool-worker-0] INFO  utils.DatanodeStoreCache (DatanodeStoreCache.java:shutdownCache(110)) - Skip clearing cache in mini cluster mode. Entries left: [/home/runner/work/ozone/ozone/hadoop-ozone/integration-test/target/test-dir/MiniOzoneClusterImpl-1935f9c7-a71b-4f10-8b32-4eef1a617aae/datanode-2/data-0/containers/hdds/1935f9c7-a71b-4f10-8b32-4eef1a617aae/DS-1a428226-d6a4-405c-bcbc-025c33e8b3d8/container.db]
2023-12-05 10:06:07,234 [ForkJoinPool.commonPool-worker-0] INFO  utils.DatanodeStoreCache (DatanodeStoreCache.java:removeDB(104)) - Removed db /home/runner/work/ozone/ozone/hadoop-ozone/integration-test/target/test-dir/MiniOzoneClusterImpl-1935f9c7-a71b-4f10-8b32-4eef1a617aae/datanode-2/data-0/containers/hdds/1935f9c7-a71b-4f10-8b32-4eef1a617aae/DS-1a428226-d6a4-405c-bcbc-025c33e8b3d8/container.db from cache
2023-12-05 10:06:07,234 [ForkJoinPool.commonPool-worker-0] INFO  volume.HddsVolume (HddsVolume.java:closeDbStore(453)) - SchemaV3 db is stopped at /home/runner/work/ozone/ozone/hadoop-ozone/integration-test/target/test-dir/MiniOzoneClusterImpl-1935f9c7-a71b-4f10-8b32-4eef1a617aae/datanode-2/data-0/containers/hdds/1935f9c7-a71b-4f10-8b32-4eef1a617aae/DS-1a428226-d6a4-405c-bcbc-025c33e8b3d8/container.db for volume DS-1a428226-d6a4-405c-bcbc-025c33e8b3d8
2023-12-05 10:06:07,234 [ForkJoinPool.commonPool-worker-0] INFO  utils.BackgroundService (BackgroundService.java:shutdown(160)) - Shutting down service BlockDeletingService
2023-12-05 10:06:07,235 [ForkJoinPool.commonPool-worker-0] INFO  utils.BackgroundService (BackgroundService.java:shutdown(160)) - Shutting down service StaleRecoveringContainerScrubbingService
2023-12-05 10:06:07,235 [ForkJoinPool.commonPool-worker-0] INFO  statemachine.DatanodeStateMachine (DatanodeStateMachine.java:stopDaemon(638)) - Ozone container server stopped.
2023-12-05 10:06:07,236 [ForkJoinPool.commonPool-worker-0] INFO  handler.ContextHandler (ContextHandler.java:doStop(1159)) - Stopped o.e.j.w.WebAppContext@4138928c{hddsDatanode,/,null,STOPPED}{jar:file:/home/runner/.m2/repository/org/apache/ozone/hdds-container-service/1.4.0-SNAPSHOT/hdds-container-service-1.4.0-SNAPSHOT.jar!/webapps/hddsDatanode}
2023-12-05 10:06:07,237 [ForkJoinPool.commonPool-worker-0] INFO  server.AbstractConnector (AbstractConnector.java:doStop(383)) - Stopped ServerConnector@2d310736{HTTP/1.1, (http/1.1)}{0.0.0.0:15202}
2023-12-05 10:06:07,237 [ForkJoinPool.commonPool-worker-0] INFO  server.session (HouseKeeper.java:stopScavenging(149)) - node0 Stopped scavenging
2023-12-05 10:06:07,237 [ForkJoinPool.commonPool-worker-0] INFO  handler.ContextHandler (ContextHandler.java:doStop(1159)) - Stopped o.e.j.s.ServletContextHandler@54962710{static,/static,jar:file:/home/runner/.m2/repository/org/apache/ozone/hdds-container-service/1.4.0-SNAPSHOT/hdds-container-service-1.4.0-SNAPSHOT.jar!/webapps/static,STOPPED}
2023-12-05 10:06:07,237 [ForkJoinPool.commonPool-worker-0] INFO  handler.ContextHandler (ContextHandler.java:doStop(1159)) - Stopped o.e.j.s.ServletContextHandler@6f79fb9f{logs,/logs,file:///home/runner/work/ozone/ozone/hadoop-ozone/integration-test/target/log,STOPPED}
2023-12-05 10:06:07,238 [ForkJoinPool.commonPool-worker-0] INFO  ozone.HddsDatanodeClientProtocolServer (HddsDatanodeClientProtocolServer.java:stop(78)) - Stopping the RPC server for Client Protocol
2023-12-05 10:06:07,238 [ForkJoinPool.commonPool-worker-0] INFO  ipc.Server (Server.java:stop(3523)) - Stopping server on 15203
2023-12-05 10:06:07,238 [IPC Server listener on 15203] INFO  ipc.Server (Server.java:run(1434)) - Stopping IPC Server listener on 15203
2023-12-05 10:06:07,239 [IPC Server Responder] INFO  ipc.Server (Server.java:run(1567)) - Stopping IPC Server Responder
2023-12-05 10:06:07,239 [main] INFO  ozone.MiniOzoneClusterImpl (MiniOzoneClusterImpl.java:stopSCM(551)) - Stopping the StorageContainerManager
2023-12-05 10:06:07,239 [main] INFO  server.StorageContainerManager (StorageContainerManager.java:stop(1620)) - Container Balancer is not running.
2023-12-05 10:06:07,240 [main] INFO  server.StorageContainerManager (StorageContainerManager.java:stopReplicationManager(1753)) - Stopping Replication Manager Service.
2023-12-05 10:06:07,240 [main] INFO  replication.ReplicationManager (ReplicationManager.java:stop(324)) - Stopping Replication Monitor Thread.
2023-12-05 10:06:07,240 [main] INFO  server.StorageContainerManager (StorageContainerManager.java:stop(1629)) - Stopping the Datanode Admin Monitor.
2023-12-05 10:06:07,240 [ReplicationMonitor] INFO  replication.ReplicationManager (ReplicationManager.java:run(931)) - Replication Monitor Thread is stopped
2023-12-05 10:06:07,240 [UnderReplicatedProcessor] WARN  replication.UnhealthyReplicationProcessor (UnhealthyReplicationProcessor.java:run(180)) - UnderReplicatedProcessor interrupted. Exiting...
2023-12-05 10:06:07,240 [main] INFO  server.StorageContainerManager (StorageContainerManager.java:stop(1636)) - Stopping datanode service RPC server
2023-12-05 10:06:07,240 [main] INFO  server.SCMDatanodeProtocolServer (SCMDatanodeProtocolServer.java:stop(424)) - Stopping the RPC server for DataNodes
2023-12-05 10:06:07,240 [OverReplicatedProcessor] WARN  replication.UnhealthyReplicationProcessor (UnhealthyReplicationProcessor.java:run(180)) - OverReplicatedProcessor interrupted. Exiting...
2023-12-05 10:06:07,240 [main] INFO  ipc.Server (Server.java:stop(3523)) - Stopping server on 15177
2023-12-05 10:06:07,241 [IPC Server Responder] INFO  ipc.Server (Server.java:run(1567)) - Stopping IPC Server Responder
2023-12-05 10:06:07,242 [IPC Server listener on 15177] INFO  ipc.Server (Server.java:run(1434)) - Stopping IPC Server listener on 15177
2023-12-05 10:06:07,293 [SCMHeartbeatProcessor-0] WARN  node.NodeStateManager (NodeStateManager.java:scheduleNextHealthCheck(878)) - Current Thread is interrupted, shutting down HB processing thread for Node Manager.
2023-12-05 10:06:07,294 [main] INFO  server.StorageContainerManager (StorageContainerManager.java:stop(1644)) - Stopping block service RPC server
2023-12-05 10:06:07,294 [main] INFO  server.SCMBlockProtocolServer (SCMBlockProtocolServer.java:stop(167)) - Stopping the RPC server for Block Protocol
2023-12-05 10:06:07,294 [main] INFO  ipc.Server (Server.java:stop(3523)) - Stopping server on 15176
2023-12-05 10:06:07,295 [IPC Server listener on 15176] INFO  ipc.Server (Server.java:run(1434)) - Stopping IPC Server listener on 15176
2023-12-05 10:06:07,295 [IPC Server Responder] INFO  ipc.Server (Server.java:run(1567)) - Stopping IPC Server Responder
2023-12-05 10:06:07,295 [main] INFO  server.StorageContainerManager (StorageContainerManager.java:stop(1651)) - Stopping the StorageContainerLocationProtocol RPC server
2023-12-05 10:06:07,295 [main] INFO  server.SCMClientProtocolServer (SCMClientProtocolServer.java:stop(210)) - Stopping the RPC server for Client Protocol
2023-12-05 10:06:07,296 [main] INFO  ipc.Server (Server.java:stop(3523)) - Stopping server on 15175
2023-12-05 10:06:07,296 [IPC Server Responder] INFO  ipc.Server (Server.java:run(1567)) - Stopping IPC Server Responder
2023-12-05 10:06:07,296 [IPC Server listener on 15175] INFO  ipc.Server (Server.java:run(1434)) - Stopping IPC Server listener on 15175
2023-12-05 10:06:07,297 [main] INFO  server.StorageContainerManager (StorageContainerManager.java:stop(1658)) - Stopping Storage Container Manager HTTP server.
2023-12-05 10:06:07,298 [main] INFO  handler.ContextHandler (ContextHandler.java:doStop(1159)) - Stopped o.e.j.w.WebAppContext@6f8d320c{scm,/,null,STOPPED}{file:/home/runner/work/ozone/ozone/hadoop-ozone/integration-test/target/test-classes/webapps/scm}
2023-12-05 10:06:07,298 [main] INFO  server.AbstractConnector (AbstractConnector.java:doStop(383)) - Stopped ServerConnector@2b6a79f{HTTP/1.1, (http/1.1)}{0.0.0.0:15178}
2023-12-05 10:06:07,298 [main] INFO  server.session (HouseKeeper.java:stopScavenging(149)) - node0 Stopped scavenging
2023-12-05 10:06:07,298 [main] INFO  handler.ContextHandler (ContextHandler.java:doStop(1159)) - Stopped o.e.j.s.ServletContextHandler@4046e87d{static,/static,file:///home/runner/work/ozone/ozone/hadoop-ozone/integration-test/target/test-classes/webapps/static,STOPPED}
2023-12-05 10:06:07,299 [main] INFO  handler.ContextHandler (ContextHandler.java:doStop(1159)) - Stopped o.e.j.s.ServletContextHandler@33e0224e{logs,/logs,file:///home/runner/work/ozone/ozone/hadoop-ozone/integration-test/target/log,STOPPED}
2023-12-05 10:06:07,299 [main] INFO  server.StorageContainerManager (StorageContainerManager.java:stop(1666)) - Stopping SCM LayoutVersionManager Service.
2023-12-05 10:06:07,299 [main] INFO  server.StorageContainerManager (StorageContainerManager.java:stop(1678)) - Stopping Block Manager Service.
2023-12-05 10:06:07,299 [main] INFO  utils.BackgroundService (BackgroundService.java:shutdown(160)) - Shutting down service SCMBlockDeletingService
2023-12-05 10:06:07,299 [main] INFO  utils.BackgroundService (BackgroundService.java:shutdown(160)) - Shutting down service SCMBlockDeletingService
2023-12-05 10:06:07,299 [main] INFO  server.StorageContainerManager (StorageContainerManager.java:stop(1698)) - Stopping SCM Event Queue.
2023-12-05 10:06:07,300 [JvmPauseMonitor26] INFO  util.JvmPauseMonitor (JvmPauseMonitor.java:run(152)) - JvmPauseMonitor-880ebd7b-49bc-48b8-a277-5fdee25951d2: Stopped
2023-12-05 10:06:07,300 [main] INFO  server.StorageContainerManager (StorageContainerManager.java:stop(1709)) - Stopping SCM HA services.
2023-12-05 10:06:07,300 [main] INFO  pipeline.BackgroundPipelineCreator (BackgroundPipelineCreator.java:stop(152)) - Stopping RatisPipelineUtilsThread.
2023-12-05 10:06:07,300 [RatisPipelineUtilsThread-0] WARN  pipeline.BackgroundPipelineCreator (BackgroundPipelineCreator.java:run(183)) - RatisPipelineUtilsThread is interrupted.
2023-12-05 10:06:07,300 [main] INFO  BackgroundPipelineScrubber (BackgroundSCMService.java:stop(131)) - Stopping BackgroundPipelineScrubber Service.
2023-12-05 10:06:07,300 [BackgroundPipelineScrubber] WARN  BackgroundPipelineScrubber (BackgroundSCMService.java:run(115)) - BackgroundPipelineScrubber is interrupted, exit
2023-12-05 10:06:07,301 [main] INFO  impl.MetricsSystemImpl (MetricsSystemImpl.java:stop(210)) - Stopping HddsDatanode metrics system...
2023-12-05 10:06:07,302 [prometheus] INFO  impl.MetricsSinkAdapter (MetricsSinkAdapter.java:publishMetricsFromQueue(141)) - prometheus thread interrupted.
2023-12-05 10:06:07,302 [main] INFO  impl.MetricsSystemImpl (MetricsSystemImpl.java:stop(216)) - HddsDatanode metrics system stopped.
2023-12-05 10:06:07,302 [main] WARN  pipeline.BackgroundPipelineCreator (BackgroundPipelineCreator.java:stop(148)) - RatisPipelineUtilsThread is not running, just ignore.
2023-12-05 10:06:07,302 [main] INFO  BackgroundPipelineScrubber (BackgroundSCMService.java:stop(126)) - BackgroundPipelineScrubber Service is not running, skip stop.
2023-12-05 10:06:07,302 [main] INFO  ExpiredContainerReplicaOpScrubber (BackgroundSCMService.java:stop(131)) - Stopping ExpiredContainerReplicaOpScrubber Service.
2023-12-05 10:06:07,302 [ExpiredContainerReplicaOpScrubber] WARN  ExpiredContainerReplicaOpScrubber (BackgroundSCMService.java:run(115)) - ExpiredContainerReplicaOpScrubber is interrupted, exit
2023-12-05 10:06:07,302 [main] INFO  utils.BackgroundService (BackgroundService.java:shutdown(160)) - Shutting down service SCMBlockDeletingService
2023-12-05 10:06:07,303 [main] INFO  replication.ReplicationManager (ReplicationManager.java:stop(334)) - Replication Monitor Thread is not running.
2023-12-05 10:06:07,303 [main] WARN  balancer.ContainerBalancer (ContainerBalancer.java:stop(327)) - Cannot stop Container Balancer because it's not running or stopping
2023-12-05 10:06:07,303 [LeaseManager#LeaseMonitor] WARN  lease.LeaseManager (LeaseManager.java:run(287)) - Lease manager is interrupted. Shutting down...
java.lang.InterruptedException
	at java.util.concurrent.locks.AbstractQueuedSynchronizer.doAcquireSharedNanos(AbstractQueuedSynchronizer.java:1039)
	at java.util.concurrent.locks.AbstractQueuedSynchronizer.tryAcquireSharedNanos(AbstractQueuedSynchronizer.java:1328)
	at java.util.concurrent.Semaphore.tryAcquire(Semaphore.java:409)
	at org.apache.hadoop.ozone.lease.LeaseManager$LeaseMonitor.run(LeaseManager.java:285)
	at java.lang.Thread.run(Thread.java:750)
2023-12-05 10:06:07,303 [main] INFO  server.StorageContainerManager (StorageContainerManager.java:stop(1744)) - Stopping SCM MetadataStore.
2023-12-05 10:06:07,316 [main] INFO  db.CodecTestUtil (CodecTestUtil.java:gc(47)) - gc 0
]]></system-out>
  </testcase>
  <testcase name="testUpdateContainerState" classname="org.apache.hadoop.hdds.scm.container.TestContainerStateManagerIntegration" time="16.418">
    <system-out><![CDATA[2023-12-05 10:06:07,589 [main] WARN  server.ServerUtils (ServerUtils.java:getScmDbDir(155)) - ozone.scm.db.dirs is not configured. We recommend adding this setting. Falling back to ozone.metadata.dirs instead.
2023-12-05 10:06:07,590 [main] WARN  server.ServerUtils (ServerUtils.java:getScmDbDir(155)) - ozone.scm.db.dirs is not configured. We recommend adding this setting. Falling back to ozone.metadata.dirs instead.
2023-12-05 10:06:07,591 [main] INFO  ha.SCMHANodeDetails (SCMHANodeDetails.java:loadSCMHAConfig(210)) - ServiceID for StorageContainerManager is null
2023-12-05 10:06:07,591 [main] INFO  ha.SCMHANodeDetails (SCMHANodeDetails.java:loadSCMHAConfig(215)) - ozone.scm.default.service.id is not defined, falling back to ozone.scm.service.ids to find serviceID for StorageContainerManager if it is HA enabled cluster
2023-12-05 10:06:07,591 [main] WARN  utils.HAUtils (HAUtils.java:getMetaDir(339)) - ozone.scm.db.dirs is not configured. We recommend adding this setting. Falling back to ozone.metadata.dirs instead.
2023-12-05 10:06:07,592 [main] WARN  db.DBStoreBuilder (DBStoreBuilder.java:applyDBDefinition(167)) - ozone.scm.db.dirs is not configured. We recommend adding this setting. Falling back to ozone.metadata.dirs instead.
2023-12-05 10:06:07,662 [main] INFO  net.NodeSchemaLoader (NodeSchemaLoader.java:loadSchemaFromFile(129)) - Loading schema from [jar:file:/home/runner/.m2/repository/org/apache/ozone/hdds-common/1.4.0-SNAPSHOT/hdds-common-1.4.0-SNAPSHOT.jar!/network-topology-default.xml]
2023-12-05 10:06:07,662 [main] INFO  net.NodeSchemaLoader (NodeSchemaLoader.java:loadSchema(176)) - Loading network topology layer schema file
2023-12-05 10:06:07,664 [main] INFO  upgrade.AbstractLayoutVersionManager (AbstractLayoutVersionManager.java:init(83)) - Initializing Layout version manager with metadata layout = HADOOP_PRC_PORTS_IN_DATANODEDETAILS (version = 7), software layout = HADOOP_PRC_PORTS_IN_DATANODEDETAILS (version = 7)
2023-12-05 10:06:07,665 [main] INFO  ha.SequenceIdGenerator (SequenceIdGenerator.java:upgradeToSequenceId(370)) - upgrade localId to 111677748019200000
2023-12-05 10:06:07,666 [main] INFO  ha.SequenceIdGenerator (SequenceIdGenerator.java:upgradeToSequenceId(380)) - upgrade delTxnId to 0
2023-12-05 10:06:07,667 [main] INFO  ha.SequenceIdGenerator (SequenceIdGenerator.java:upgradeToSequenceId(397)) - upgrade containerId to 0
2023-12-05 10:06:07,668 [main] INFO  ha.SequenceIdGenerator (SequenceIdGenerator.java:upgradeToCertificateSequenceId(444)) - upgrade CertificateId to 2
2023-12-05 10:06:07,669 [main] INFO  ha.SequenceIdGenerator (SequenceIdGenerator.java:<init>(241)) - Init the HA SequenceIdGenerator.
2023-12-05 10:06:07,669 [main] WARN  server.ServerUtils (ServerUtils.java:sanitizeUserArgs(80)) - ozone.scm.stale.node.interval value = 300000 is larger than max = 100000 based on the key value of ozone.scm.heartbeat.thread.interval, reset to the max value 100000.
2023-12-05 10:06:07,669 [main] WARN  server.ServerUtils (ServerUtils.java:sanitizeUserArgs(80)) - ozone.scm.stale.node.interval value = 300000 is larger than max = 100000 based on the key value of ozone.scm.heartbeat.thread.interval, reset to the max value 100000.
2023-12-05 10:06:07,669 [main] INFO  node.SCMNodeManager (SCMNodeManager.java:<init>(168)) - Entering startup safe mode.
2023-12-05 10:06:07,670 [main] INFO  algorithms.ContainerPlacementPolicyFactory (ContainerPlacementPolicyFactory.java:getPolicyInternal(86)) - Create container placement policy of type org.apache.hadoop.hdds.scm.container.placement.algorithms.SCMContainerPlacementRackAware
2023-12-05 10:06:07,670 [main] INFO  algorithms.ContainerPlacementPolicyFactory (ContainerPlacementPolicyFactory.java:getPolicyInternal(86)) - Create container placement policy of type org.apache.hadoop.hdds.scm.container.placement.algorithms.SCMContainerPlacementRackScatter
2023-12-05 10:06:07,670 [main] INFO  pipeline.PipelineStateManagerImpl (PipelineStateManagerImpl.java:initialize(78)) - No pipeline exists in current db
2023-12-05 10:06:07,671 [main] INFO  algorithms.LeaderChoosePolicyFactory (LeaderChoosePolicyFactory.java:getPolicy(57)) - Create leader choose policy of type org.apache.hadoop.hdds.scm.pipeline.leader.choose.algorithms.MinLeaderCountChoosePolicy
2023-12-05 10:06:07,671 [main] INFO  algorithms.ContainerPlacementPolicyFactory (ContainerPlacementPolicyFactory.java:getPolicyInternal(86)) - Create container placement policy of type org.apache.hadoop.hdds.scm.container.placement.algorithms.SCMContainerPlacementRackScatter
2023-12-05 10:06:07,671 [main] INFO  ha.SCMServiceManager (SCMServiceManager.java:register(42)) - Registering service BackgroundPipelineCreator.
2023-12-05 10:06:07,671 [main] INFO  pipeline.BackgroundPipelineCreator (BackgroundPipelineCreator.java:start(127)) - Starting RatisPipelineUtilsThread.
2023-12-05 10:06:07,672 [main] INFO  BackgroundPipelineScrubber (BackgroundSCMService.java:start(68)) - Starting BackgroundPipelineScrubber Service.
2023-12-05 10:06:07,672 [main] INFO  ha.SCMServiceManager (SCMServiceManager.java:register(42)) - Registering service BackgroundPipelineScrubber.
2023-12-05 10:06:07,672 [main] INFO  ExpiredContainerReplicaOpScrubber (BackgroundSCMService.java:start(68)) - Starting ExpiredContainerReplicaOpScrubber Service.
2023-12-05 10:06:07,672 [main] INFO  ha.SCMServiceManager (SCMServiceManager.java:register(42)) - Registering service ExpiredContainerReplicaOpScrubber.
2023-12-05 10:06:07,673 [main] INFO  algorithms.PipelineChoosePolicyFactory (PipelineChoosePolicyFactory.java:createPipelineChoosePolicyFromClass(78)) - Create pipeline choose policy of type org.apache.hadoop.hdds.scm.pipeline.choose.algorithms.RandomPipelineChoosePolicy
2023-12-05 10:06:07,673 [main] INFO  algorithms.PipelineChoosePolicyFactory (PipelineChoosePolicyFactory.java:createPipelineChoosePolicyFromClass(78)) - Create pipeline choose policy of type org.apache.hadoop.hdds.scm.pipeline.choose.algorithms.RandomPipelineChoosePolicy
2023-12-05 10:06:07,674 [main] INFO  ha.SCMServiceManager (SCMServiceManager.java:register(42)) - Registering service SCMBlockDeletingService.
2023-12-05 10:06:07,675 [main] INFO  replication.ReplicationManager (ReplicationManager.java:start(292)) - Starting Replication Monitor Thread.
2023-12-05 10:06:07,675 [ReplicationMonitor] INFO  replication.ReplicationManager (ReplicationManager.java:processAll(367)) - Replication Manager is not ready to run until 3000ms after safemode exit
2023-12-05 10:06:07,675 [main] INFO  ha.SCMServiceManager (SCMServiceManager.java:register(42)) - Registering service ReplicationManager.
2023-12-05 10:06:07,676 [main] INFO  safemode.ContainerSafeModeRule (ContainerSafeModeRule.java:<init>(90)) - containers with one replica threshold count 0
2023-12-05 10:06:07,676 [main] INFO  safemode.HealthyPipelineSafeModeRule (HealthyPipelineSafeModeRule.java:initializeRule(169)) - Total pipeline count is 0, healthy pipeline threshold count is 1
2023-12-05 10:06:07,676 [main] INFO  safemode.OneReplicaPipelineSafeModeRule (OneReplicaPipelineSafeModeRule.java:initializeRule(180)) - Total pipeline count is 0, pipeline's with at least one datanode reported threshold count is 0
2023-12-05 10:06:07,676 [main] INFO  server.StorageContainerManager (StorageContainerManager.java:<init>(434)) - SCM start with adminUsers: [runner]
2023-12-05 10:06:07,677 [main] INFO  ipc.CallQueueManager (CallQueueManager.java:<init>(90)) - Using callQueue: class java.util.concurrent.LinkedBlockingQueue, queueCapacity: 2000, scheduler: class org.apache.hadoop.ipc.DefaultRpcScheduler, ipcBackoff: false.
2023-12-05 10:06:07,677 [main] INFO  ipc.Server (Server.java:<init>(1287)) - Listener at 0.0.0.0:15212
2023-12-05 10:06:07,677 [Socket Reader #1 for port 15212] INFO  ipc.Server (Server.java:run(1323)) - Starting Socket Reader #1 for port 15212
2023-12-05 10:06:07,678 [main] INFO  ipc.CallQueueManager (CallQueueManager.java:<init>(90)) - Using callQueue: class java.util.concurrent.LinkedBlockingQueue, queueCapacity: 2000, scheduler: class org.apache.hadoop.ipc.DefaultRpcScheduler, ipcBackoff: false.
2023-12-05 10:06:07,678 [main] INFO  ipc.Server (Server.java:<init>(1287)) - Listener at 0.0.0.0:15211
2023-12-05 10:06:07,678 [Socket Reader #1 for port 15211] INFO  ipc.Server (Server.java:run(1323)) - Starting Socket Reader #1 for port 15211
2023-12-05 10:06:07,679 [main] INFO  ipc.CallQueueManager (CallQueueManager.java:<init>(90)) - Using callQueue: class java.util.concurrent.LinkedBlockingQueue, queueCapacity: 2000, scheduler: class org.apache.hadoop.ipc.DefaultRpcScheduler, ipcBackoff: false.
2023-12-05 10:06:07,679 [main] INFO  ipc.Server (Server.java:<init>(1287)) - Listener at 0.0.0.0:15210
2023-12-05 10:06:07,679 [Socket Reader #1 for port 15210] INFO  ipc.Server (Server.java:run(1323)) - Starting Socket Reader #1 for port 15210
2023-12-05 10:06:07,681 [main] INFO  ha.SCMServiceManager (SCMServiceManager.java:register(42)) - Registering service ContainerBalancer.
2023-12-05 10:06:07,681 [main] INFO  server.StorageContainerManager (StorageContainerManager.java:<init>(447)) - 
Container Balancer status:
Key                            Value
Running                        false
Container Balancer Configuration values:
Key                                                Value
Threshold                                          10
Max Datanodes to Involve per Iteration(percent)    20
Max Size to Move per Iteration                     500GB
Max Size Entering Target per Iteration             26GB
Max Size Leaving Source per Iteration              26GB
Number of Iterations                               10
Time Limit for Single Container's Movement         65min
Time Limit for Single Container's Replication      50min
Interval between each Iteration                    70min
Whether to Enable Network Topology                 false
Whether to Trigger Refresh Datanode Usage Info     false
Container IDs to Exclude from Balancing            None
Datanodes Specified to be Balanced                 None
Datanodes Excluded from Balancing                  None

2023-12-05 10:06:07,682 [main] INFO  ha.SCMContext (SCMContext.java:updateSafeModeStatus(230)) - Update SafeModeStatus from SafeModeStatus{safeModeStatus=true, preCheckPassed=false} to SafeModeStatus{safeModeStatus=true, preCheckPassed=false}.
2023-12-05 10:06:07,682 [main] INFO  server.StorageContainerManager (StorageContainerManager.java:start(1512)) - StorageContainerLocationProtocol RPC server is listening at /0.0.0.0:15210
2023-12-05 10:06:07,683 [main] WARN  impl.MetricsConfig (MetricsConfig.java:loadFirst(136)) - Cannot locate configuration: tried hadoop-metrics2-storagecontainermanager.properties,hadoop-metrics2.properties
2023-12-05 10:06:07,684 [main] INFO  impl.MetricsSystemImpl (MetricsSystemImpl.java:startTimer(378)) - Scheduled Metric snapshot period at 10 second(s).
2023-12-05 10:06:07,684 [main] INFO  impl.MetricsSystemImpl (MetricsSystemImpl.java:start(191)) - StorageContainerManager metrics system started
2023-12-05 10:06:07,689 [main] INFO  impl.MetricsSinkAdapter (MetricsSinkAdapter.java:start(204)) - Sink prometheus started
2023-12-05 10:06:07,689 [main] INFO  impl.MetricsSystemImpl (MetricsSystemImpl.java:registerSink(305)) - Registered sink prometheus
2023-12-05 10:06:07,709 [main] INFO  server.SCMClientProtocolServer (SCMClientProtocolServer.java:start(201)) - RPC server for Client  is listening at /0.0.0.0:15210
2023-12-05 10:06:07,710 [IPC Server Responder] INFO  ipc.Server (Server.java:run(1562)) - IPC Server Responder: starting
2023-12-05 10:06:07,712 [IPC Server listener on 15210] INFO  ipc.Server (Server.java:run(1402)) - IPC Server listener on 15210: starting
2023-12-05 10:06:07,720 [main] INFO  server.StorageContainerManager (StorageContainerManager.java:start(1525)) - ScmBlockLocationProtocol RPC server is listening at /0.0.0.0:15211
2023-12-05 10:06:07,720 [main] INFO  server.SCMBlockProtocolServer (SCMBlockProtocolServer.java:start(158)) - RPC server for Block Protocol is listening at /0.0.0.0:15211
2023-12-05 10:06:07,721 [IPC Server Responder] INFO  ipc.Server (Server.java:run(1562)) - IPC Server Responder: starting
2023-12-05 10:06:07,723 [IPC Server listener on 15211] INFO  ipc.Server (Server.java:run(1402)) - IPC Server listener on 15211: starting
2023-12-05 10:06:07,730 [main] INFO  server.SCMDatanodeProtocolServer (SCMDatanodeProtocolServer.java:start(193)) - ScmDatanodeProtocol RPC server for DataNodes is listening at /0.0.0.0:15212
2023-12-05 10:06:07,731 [IPC Server Responder] INFO  ipc.Server (Server.java:run(1562)) - IPC Server Responder: starting
2023-12-05 10:06:07,731 [IPC Server listener on 15212] INFO  ipc.Server (Server.java:run(1402)) - IPC Server listener on 15212: starting
2023-12-05 10:06:07,737 [JvmPauseMonitor31] INFO  util.JvmPauseMonitor (JvmPauseMonitor.java:run(146)) - JvmPauseMonitor-e89c875a-9649-43bd-908b-4faef706ec90: Started
2023-12-05 10:06:07,740 [main] INFO  http.BaseHttpServer (BaseHttpServer.java:newHttpServer2BuilderForOzone(223)) - Starting Web-server for scm at: http://0.0.0.0:15213
2023-12-05 10:06:07,740 [main] INFO  http.BaseHttpServer (BaseHttpServer.java:<init>(110)) - Hadoop Security Enabled: false Ozone Security Enabled: false Ozone HTTP Security Enabled: false 
2023-12-05 10:06:07,741 [main] WARN  server.AuthenticationFilter (AuthenticationFilter.java:constructSecretProvider(240)) - Unable to initialize FileSignerSecretProvider, falling back to use random secrets. Reason: Could not read signature secret file: /home/runner/hadoop-http-auth-signature-secret
2023-12-05 10:06:07,742 [main] INFO  http.HttpRequestLog (HttpRequestLog.java:getRequestLog(86)) - Http request log for http.requests.scm is not defined
2023-12-05 10:06:07,743 [main] INFO  http.HttpServer2 (HttpServer2.java:addGlobalFilter(1031)) - Added global filter 'safety' (class=org.apache.hadoop.hdds.server.http.HttpServer2$QuotingInputFilter)
2023-12-05 10:06:07,743 [main] INFO  http.HttpServer2 (HttpServer2.java:addFilter(1007)) - Added filter static_user_filter (class=org.apache.hadoop.http.lib.StaticUserWebFilter$StaticUserFilter) to context scm
2023-12-05 10:06:07,743 [main] INFO  http.HttpServer2 (HttpServer2.java:addFilter(1015)) - Added filter static_user_filter (class=org.apache.hadoop.http.lib.StaticUserWebFilter$StaticUserFilter) to context logs
2023-12-05 10:06:07,743 [main] INFO  http.HttpServer2 (HttpServer2.java:addFilter(1015)) - Added filter static_user_filter (class=org.apache.hadoop.http.lib.StaticUserWebFilter$StaticUserFilter) to context static
2023-12-05 10:06:07,744 [main] INFO  http.BaseHttpServer (BaseHttpServer.java:<init>(189)) - HTTP server of scm uses base directory /home/runner/work/ozone/ozone/hadoop-ozone/integration-test/target/test-dir/MiniOzoneClusterImpl-3c72e0ff-8f58-4301-abb3-579d07aff8c3/ozone-meta/webserver
2023-12-05 10:06:07,744 [main] INFO  http.HttpServer2 (HttpServer2.java:bindListener(1231)) - Jetty bound to port 15213
2023-12-05 10:06:07,744 [main] INFO  server.Server (Server.java:doStart(375)) - jetty-9.4.53.v20231009; built: 2023-10-09T12:29:09.265Z; git: 27bde00a0b95a1d5bbee0eae7984f891d2d0f8c9; jvm 1.8.0_392-b08
2023-12-05 10:06:07,746 [main] INFO  server.session (DefaultSessionIdManager.java:doStart(334)) - DefaultSessionIdManager workerName=node0
2023-12-05 10:06:07,746 [main] INFO  server.session (DefaultSessionIdManager.java:doStart(339)) - No SessionScavenger set, using defaults
2023-12-05 10:06:07,747 [main] INFO  server.session (HouseKeeper.java:startScavenging(132)) - node0 Scavenging every 660000ms
2023-12-05 10:06:07,747 [main] INFO  handler.ContextHandler (ContextHandler.java:doStart(921)) - Started o.e.j.s.ServletContextHandler@6a8695f8{logs,/logs,file:///home/runner/work/ozone/ozone/hadoop-ozone/integration-test/target/log,AVAILABLE}
2023-12-05 10:06:07,748 [main] INFO  handler.ContextHandler (ContextHandler.java:doStart(921)) - Started o.e.j.s.ServletContextHandler@b8b3874{static,/static,file:///home/runner/work/ozone/ozone/hadoop-ozone/integration-test/target/test-classes/webapps/static,AVAILABLE}
2023-12-05 10:06:07,753 [main] INFO  handler.ContextHandler (ContextHandler.java:doStart(921)) - Started o.e.j.w.WebAppContext@2fa4d438{scm,/,file:///home/runner/work/ozone/ozone/hadoop-ozone/integration-test/target/test-classes/webapps/scm/,AVAILABLE}{file:/home/runner/work/ozone/ozone/hadoop-ozone/integration-test/target/test-classes/webapps/scm}
2023-12-05 10:06:07,754 [main] INFO  server.AbstractConnector (AbstractConnector.java:doStart(333)) - Started ServerConnector@5649af04{HTTP/1.1, (http/1.1)}{0.0.0.0:15213}
2023-12-05 10:06:07,754 [main] INFO  server.Server (Server.java:doStart(415)) - Started @108418ms
2023-12-05 10:06:07,754 [main] WARN  impl.MetricsSystemImpl (MetricsSystemImpl.java:register(279)) - Sink prometheus already exists!
2023-12-05 10:06:07,755 [main] INFO  http.BaseHttpServer (BaseHttpServer.java:updateConnectorAddress(354)) - HTTP server of scm listening at http://0.0.0.0:15213
2023-12-05 10:06:07,755 [main] WARN  server.ServerUtils (ServerUtils.java:getDBPath(311)) - ozone.om.db.dirs is not configured. We recommend adding this setting. Falling back to ozone.metadata.dirs instead.
2023-12-05 10:06:07,756 [main] INFO  ha.OMHANodeDetails (OMHANodeDetails.java:loadOMHAConfig(115)) - ozone.om.internal.service.id is not defined, falling back to ozone.om.service.ids to find serviceID for OzoneManager if it is HA enabled cluster
2023-12-05 10:06:07,756 [main] INFO  ha.OMHANodeDetails (OMHANodeDetails.java:loadOMHAConfig(226)) - Configuration does not have ozone.om.address set. Falling back to the default OM address /127.0.0.1:15214
2023-12-05 10:06:07,756 [main] INFO  ha.OMHANodeDetails (OMHANodeDetails.java:getOMNodeDetailsForNonHA(254)) - OM Service ID is not set. Setting it to the default ID: omServiceIdDefault
2023-12-05 10:06:07,756 [main] INFO  ha.OMHANodeDetails (OMHANodeDetails.java:getOMNodeDetailsForNonHA(261)) - OM Node ID is not set. Setting it to the default ID: om1
2023-12-05 10:06:07,757 [main] WARN  server.ServerUtils (ServerUtils.java:getDBPath(311)) - ozone.om.db.dirs is not configured. We recommend adding this setting. Falling back to ozone.metadata.dirs instead.
2023-12-05 10:06:07,758 [main] INFO  upgrade.AbstractLayoutVersionManager (AbstractLayoutVersionManager.java:init(83)) - Initializing Layout version manager with metadata layout = QUOTA (version = 6), software layout = QUOTA (version = 6)
2023-12-05 10:06:07,800 [main] INFO  reflections.Reflections (Reflections.java:scan(232)) - Reflections took 42 ms to scan 2 urls, producing 190 keys and 527 values [using 4 cores]
2023-12-05 10:06:07,800 [main] INFO  upgrade.OMLayoutVersionManager (OMLayoutVersionManager.java:lambda$0(115)) - Skipping Upgrade Action QuotaRepairUpgradeAction since it has been finalized.
2023-12-05 10:06:07,800 [main] INFO  upgrade.OMLayoutVersionManager (OMLayoutVersionManager.java:lambda$0(115)) - Skipping Upgrade Action MockOmUpgradeAction since it has been finalized.
2023-12-05 10:06:07,801 [main] WARN  server.ServerUtils (ServerUtils.java:getDBPath(311)) - ozone.om.db.dirs is not configured. We recommend adding this setting. Falling back to ozone.metadata.dirs instead.
2023-12-05 10:06:07,801 [main] INFO  proxy.SCMBlockLocationFailoverProxyProvider (SCMBlockLocationFailoverProxyProvider.java:<init>(115)) - Created block location fail-over proxy with 1 nodes: [nodeId=scmNodeId,nodeAddress=/0.0.0.0:15211]
2023-12-05 10:06:07,802 [main] INFO  proxy.SCMBlockLocationFailoverProxyProvider (SCMBlockLocationFailoverProxyProvider.java:<init>(115)) - Created block location fail-over proxy with 1 nodes: [nodeId=scmNodeId,nodeAddress=/0.0.0.0:15211]
2023-12-05 10:06:07,809 [main] INFO  om.OzoneManager (OzoneManager.java:<init>(674)) - OM start with adminUsers: [runner]
2023-12-05 10:06:07,809 [main] WARN  server.ServerUtils (ServerUtils.java:getDBPath(311)) - ozone.om.db.dirs is not configured. We recommend adding this setting. Falling back to ozone.metadata.dirs instead.
2023-12-05 10:06:07,810 [main] INFO  helpers.OmKeyInfo (OmKeyInfo.java:getCodec(71)) - OmKeyInfo.getCodec ignorePipeline = true
2023-12-05 10:06:07,948 [main] INFO  om.OzoneManager (OzoneManager.java:instantiateServices(808)) - S3 Multi-Tenancy is disabled
2023-12-05 10:06:07,949 [main] INFO  om.OmSnapshotManager (OmSnapshotManager.java:<init>(176)) - Ozone filesystem snapshot feature is enabled.
2023-12-05 10:06:07,949 [main] WARN  server.ServerUtils (ServerUtils.java:getDBPath(311)) - ozone.om.snapshot.diff.db.dir is not configured. We recommend adding this setting. Falling back to ozone.metadata.dirs instead.
2023-12-05 10:06:07,964 [main] INFO  snapshot.SnapshotDiffManager (SnapshotDiffManager.java:closeExecutorService(1716)) - Shutting down executorService: 'SstDumpToolExecutor'
2023-12-05 10:06:07,966 [main] INFO  om.OzoneManager (OzoneManager.java:addS3GVolumeToDB(4440)) - Created Volume s3v With Owner runner required for S3Gateway operations.
2023-12-05 10:06:07,966 [main] WARN  server.ServerUtils (ServerUtils.java:getDefaultRatisDirectory(323)) - Storage directory for Ratis is not configured. It is a good idea to map this to an SSD disk. Falling back to ozone.metadata.dirs
2023-12-05 10:06:07,966 [main] WARN  utils.OzoneManagerRatisUtils (OzoneManagerRatisUtils.java:getOMRatisSnapshotDirectory(473)) - ozone.om.ratis.snapshot.dir is not configured. Falling back to ozone.metadata.dirs config
2023-12-05 10:06:07,967 [main] WARN  server.ServerUtils (ServerUtils.java:getDefaultRatisDirectory(323)) - Storage directory for Ratis is not configured. It is a good idea to map this to an SSD disk. Falling back to ozone.metadata.dirs
2023-12-05 10:06:07,968 [main] INFO  ratis.OzoneManagerRatisServer (OzoneManagerRatisServer.java:<init>(168)) - Instantiating OM Ratis server with groupID: omServiceIdDefault and peers: localhost:15217
2023-12-05 10:06:07,968 [main] INFO  ratis.OzoneManagerStateMachine (OzoneManagerStateMachine.java:loadSnapshotInfoFromDB(708)) - LastAppliedIndex is set from TransactionInfo from OM DB as (t:0, i:~)
2023-12-05 10:06:07,969 [main] INFO  server.RaftServer (ConfUtils.java:logGet(46)) - raft.rpc.type = GRPC (default)
2023-12-05 10:06:07,969 [main] INFO  grpc.GrpcConfigKeys (ConfUtils.java:logFallback(53)) - raft.grpc.admin.host = null (fallback to raft.grpc.server.host)
2023-12-05 10:06:07,969 [main] INFO  grpc.GrpcConfigKeys (ConfUtils.java:logFallback(53)) - raft.grpc.admin.port = 15217 (fallback to raft.grpc.server.port)
2023-12-05 10:06:07,969 [main] INFO  grpc.GrpcConfigKeys (ConfUtils.java:logFallback(53)) - raft.grpc.client.host = null (fallback to raft.grpc.server.host)
2023-12-05 10:06:07,969 [main] INFO  grpc.GrpcConfigKeys (ConfUtils.java:logFallback(53)) - raft.grpc.client.port = 15217 (fallback to raft.grpc.server.port)
2023-12-05 10:06:07,970 [main] INFO  grpc.GrpcConfigKeys (ConfUtils.java:logGet(46)) - raft.grpc.server.host = null (default)
2023-12-05 10:06:07,970 [main] INFO  grpc.GrpcConfigKeys (ConfUtils.java:logGet(46)) - raft.grpc.server.port = 15217 (custom)
2023-12-05 10:06:07,970 [main] INFO  server.GrpcService (ConfUtils.java:logGet(46)) - raft.grpc.message.size.max = 4194304 (custom)
2023-12-05 10:06:07,970 [main] INFO  server.RaftServerConfigKeys (ConfUtils.java:logGet(46)) - raft.server.log.appender.buffer.byte-limit = 4194304 (custom)
2023-12-05 10:06:07,970 [main] INFO  server.GrpcService (ConfUtils.java:logGet(46)) - raft.grpc.flow.control.window = 1MB (=1048576) (default)
2023-12-05 10:06:07,970 [main] INFO  server.RaftServerConfigKeys (ConfUtils.java:logGet(46)) - raft.server.rpc.request.timeout = 3000ms (default)
2023-12-05 10:06:07,971 [main] INFO  grpc.GrpcConfigKeys (ConfUtils.java:logGet(46)) - raft.grpc.server.heartbeat.channel = true (default)
2023-12-05 10:06:07,971 [main] INFO  grpc.GrpcConfigKeys (ConfUtils.java:logGet(46)) - raft.grpc.server.async.request.thread.pool.cached = true (default)
2023-12-05 10:06:07,971 [main] INFO  grpc.GrpcConfigKeys (ConfUtils.java:logGet(46)) - raft.grpc.server.async.request.thread.pool.size = 32 (default)
2023-12-05 10:06:07,972 [main] INFO  impl.DataStreamServerImpl (ConfUtils.java:logGet(46)) - raft.datastream.type = DISABLED (default)
2023-12-05 10:06:07,972 [main] INFO  server.RaftServerConfigKeys (ConfUtils.java:logGet(46)) - raft.server.sleep.deviation.threshold = 300ms (default)
2023-12-05 10:06:07,973 [main] INFO  server.RaftServerConfigKeys (ConfUtils.java:logGet(46)) - raft.server.close.threshold = 60s (default)
2023-12-05 10:06:07,973 [main] INFO  server.RaftServerConfigKeys (ConfUtils.java:logGet(46)) - raft.server.leaderelection.leader.step-down.wait-time = 10s (default)
2023-12-05 10:06:07,973 [main] INFO  server.RaftServerConfigKeys (ConfUtils.java:logGet(46)) - raft.server.storage.dir = [/home/runner/work/ozone/ozone/hadoop-ozone/integration-test/target/test-dir/MiniOzoneClusterImpl-3c72e0ff-8f58-4301-abb3-579d07aff8c3/ozone-meta/ratis] (custom)
2023-12-05 10:06:07,973 [main] INFO  server.RaftServerConfigKeys (ConfUtils.java:logGet(46)) - raft.server.threadpool.proxy.cached = true (default)
2023-12-05 10:06:07,973 [main] INFO  server.RaftServerConfigKeys (ConfUtils.java:logGet(46)) - raft.server.threadpool.proxy.size = 0 (default)
2023-12-05 10:06:07,974 [main] INFO  server.RaftServer (RaftServerProxy.java:addNew(100)) - om1: addNew group-C5BA1605619E:[om1|localhost:15217] returns group-C5BA1605619E:java.util.concurrent.CompletableFuture@6dd038c2[Not completed]
2023-12-05 10:06:07,974 [om1-groupManagement] INFO  server.RaftServer$Division (RaftServerImpl.java:<init>(256)) - om1: new RaftServerImpl for group-C5BA1605619E:[om1|localhost:15217] with OzoneManagerStateMachine:uninitialized
2023-12-05 10:06:07,974 [main] INFO  om.OzoneManager (OzoneManager.java:initializeRatisServer(2144)) - OzoneManager Ratis server initialized at port 15217
2023-12-05 10:06:07,974 [om1-groupManagement] INFO  server.RaftServerConfigKeys (ConfUtils.java:logGet(46)) - raft.server.rpc.timeout.min = 1s (custom)
2023-12-05 10:06:07,974 [main] INFO  om.OzoneManager (OzoneManager.java:getRpcServer(1210)) - Creating RPC Server
2023-12-05 10:06:07,974 [om1-groupManagement] INFO  server.RaftServerConfigKeys (ConfUtils.java:logGet(46)) - raft.server.rpc.timeout.max = 1200ms (custom)
2023-12-05 10:06:07,974 [om1-groupManagement] INFO  server.RaftServerConfigKeys (ConfUtils.java:logGet(46)) - raft.server.rpc.sleep.time = 25ms (default)
2023-12-05 10:06:07,975 [om1-groupManagement] INFO  server.RaftServerConfigKeys (ConfUtils.java:logGet(46)) - raft.server.rpc.slowness.timeout = 120s (custom)
2023-12-05 10:06:07,975 [om1-groupManagement] INFO  server.RaftServerConfigKeys (ConfUtils.java:logGet(46)) - raft.server.leaderelection.leader.step-down.wait-time = 10s (default)
2023-12-05 10:06:07,975 [om1-groupManagement] INFO  server.RaftServerConfigKeys (ConfUtils.java:logGet(46)) - raft.server.leaderelection.member.majority-add = false (default)
2023-12-05 10:06:07,975 [om1-groupManagement] INFO  server.RaftServerConfigKeys (ConfUtils.java:logGet(46)) - raft.server.sleep.deviation.threshold = 300ms (default)
2023-12-05 10:06:07,975 [om1-groupManagement] INFO  server.RaftServer$Division (ServerState.java:<init>(113)) - om1@group-C5BA1605619E: ConfigurationManager, init=-1: peers:[om1|localhost:15217]|listeners:[], old=null, confs=<EMPTY_MAP>
2023-12-05 10:06:07,975 [om1-groupManagement] INFO  server.RaftServerConfigKeys (ConfUtils.java:logGet(46)) - raft.server.notification.no-leader.timeout = 120s (custom)
2023-12-05 10:06:07,975 [om1-groupManagement] INFO  server.RaftServerConfigKeys (ConfUtils.java:logGet(46)) - raft.server.read.timeout = 10s (default)
2023-12-05 10:06:07,975 [om1-groupManagement] INFO  server.RaftServerConfigKeys (ConfUtils.java:logGet(46)) - raft.server.retrycache.expirytime = 300s (custom)
2023-12-05 10:06:07,975 [om1-groupManagement] INFO  server.RaftServerConfigKeys (ConfUtils.java:logGet(46)) - raft.server.retrycache.statistics.expirytime = 100ms (default)
2023-12-05 10:06:07,975 [om1-groupManagement] INFO  server.RaftServerConfigKeys (ConfUtils.java:logGet(46)) - raft.server.read.option = DEFAULT (default)
2023-12-05 10:06:07,975 [om1-groupManagement] INFO  server.RaftServerConfigKeys (ConfUtils.java:logGet(46)) - raft.server.read.read-after-write-consistent.write-index-cache.expiry-time = 60s (default)
2023-12-05 10:06:07,976 [om1-groupManagement] INFO  server.RaftServerConfigKeys (ConfUtils.java:logGet(46)) - raft.server.rpc.request.timeout = 3000ms (default)
2023-12-05 10:06:07,976 [om1-groupManagement] INFO  server.RaftServerConfigKeys (ConfUtils.java:logGet(46)) - raft.server.log.appender.install.snapshot.enabled = false (custom)
2023-12-05 10:06:07,976 [om1-groupManagement] INFO  server.RaftServerConfigKeys (ConfUtils.java:logGet(46)) - raft.server.threadpool.server.cached = true (default)
2023-12-05 10:06:07,976 [om1-groupManagement] INFO  server.RaftServerConfigKeys (ConfUtils.java:logGet(46)) - raft.server.threadpool.server.size = 0 (default)
2023-12-05 10:06:07,976 [om1-groupManagement] INFO  server.RaftServerConfigKeys (ConfUtils.java:logGet(46)) - raft.server.threadpool.client.cached = true (default)
2023-12-05 10:06:07,976 [om1-groupManagement] INFO  server.RaftServerConfigKeys (ConfUtils.java:logGet(46)) - raft.server.threadpool.client.size = 0 (default)
2023-12-05 10:06:08,177 [main] INFO  reflections.Reflections (Reflections.java:scan(232)) - Reflections took 201 ms to scan 20 urls, producing 71 keys and 6159 values [using 4 cores]
2023-12-05 10:06:08,178 [main] INFO  ipc.CallQueueManager (CallQueueManager.java:<init>(90)) - Using callQueue: class java.util.concurrent.LinkedBlockingQueue, queueCapacity: 2000, scheduler: class org.apache.hadoop.ipc.DefaultRpcScheduler, ipcBackoff: false.
2023-12-05 10:06:08,178 [main] INFO  ipc.Server (Server.java:<init>(1287)) - Listener at 127.0.0.1:15214
2023-12-05 10:06:08,179 [Socket Reader #1 for port 15214] INFO  ipc.Server (Server.java:run(1323)) - Starting Socket Reader #1 for port 15214
2023-12-05 10:06:08,192 [main] INFO  impl.MetricsSystemImpl (MetricsSystemImpl.java:init(158)) - OzoneManager metrics system started (again)
2023-12-05 10:06:08,199 [main] INFO  om.OzoneManager (OzoneManager.java:start(1632)) - OzoneManager RPC server is listening at localhost/127.0.0.1:15214
2023-12-05 10:06:08,200 [main] INFO  ratis.OzoneManagerRatisServer (OzoneManagerRatisServer.java:start(585)) - Starting OzoneManagerRatisServer om1 at port 15217
2023-12-05 10:06:08,204 [om1-impl-thread1] INFO  server.RaftServerConfigKeys (ConfUtils.java:logGet(46)) - raft.server.storage.free-space.min = 0MB (=0) (default)
2023-12-05 10:06:08,204 [om1-impl-thread1] INFO  server.RaftServerConfigKeys (ConfUtils.java:logGet(46)) - raft.server.log.corruption.policy = EXCEPTION (default)
2023-12-05 10:06:08,204 [om1-impl-thread1] INFO  server.RaftServerConfigKeys (ConfUtils.java:logGet(46)) - raft.server.storage.dir = [/home/runner/work/ozone/ozone/hadoop-ozone/integration-test/target/test-dir/MiniOzoneClusterImpl-3c72e0ff-8f58-4301-abb3-579d07aff8c3/ozone-meta/ratis] (custom)
2023-12-05 10:06:08,204 [om1-impl-thread1] INFO  storage.RaftStorageDirectory (RaftStorageDirectoryImpl.java:analyzeStorage(138)) - The storage directory /home/runner/work/ozone/ozone/hadoop-ozone/integration-test/target/test-dir/MiniOzoneClusterImpl-3c72e0ff-8f58-4301-abb3-579d07aff8c3/ozone-meta/ratis/bf265839-605b-3f16-9796-c5ba1605619e does not exist. Creating ...
2023-12-05 10:06:08,205 [om1-impl-thread1] INFO  storage.RaftStorageDirectory (RaftStorageDirectoryImpl.java:tryLock(232)) - Lock on /home/runner/work/ozone/ozone/hadoop-ozone/integration-test/target/test-dir/MiniOzoneClusterImpl-3c72e0ff-8f58-4301-abb3-579d07aff8c3/ozone-meta/ratis/bf265839-605b-3f16-9796-c5ba1605619e/in_use.lock acquired by nodename 4813@fv-az884-53
2023-12-05 10:06:08,206 [om1-impl-thread1] INFO  storage.RaftStorage (RaftStorageImpl.java:format(97)) - Storage directory /home/runner/work/ozone/ozone/hadoop-ozone/integration-test/target/test-dir/MiniOzoneClusterImpl-3c72e0ff-8f58-4301-abb3-579d07aff8c3/ozone-meta/ratis/bf265839-605b-3f16-9796-c5ba1605619e has been successfully formatted.
2023-12-05 10:06:08,206 [om1-impl-thread1] INFO  server.RaftServerConfigKeys (ConfUtils.java:logGet(46)) - raft.server.log.use.memory = false (default)
2023-12-05 10:06:08,206 [om1-impl-thread1] INFO  server.RaftServerConfigKeys (ConfUtils.java:logGet(46)) - raft.server.log.purge.gap = 1000000 (custom)
2023-12-05 10:06:08,207 [om1-impl-thread1] INFO  server.RaftServerConfigKeys (ConfUtils.java:logGet(46)) - raft.server.log.appender.buffer.byte-limit = 4194304 (custom)
2023-12-05 10:06:08,207 [om1-impl-thread1] INFO  server.RaftServerConfigKeys (ConfUtils.java:logGet(46)) - raft.server.log.statemachine.data.read.timeout = 1000ms (default)
2023-12-05 10:06:08,207 [om1-impl-thread1] INFO  server.RaftServerConfigKeys (ConfUtils.java:logGet(46)) - raft.server.log.purge.preservation.log.num = 0 (default)
2023-12-05 10:06:08,207 [om1-impl-thread1] INFO  server.RaftServerConfigKeys (ConfUtils.java:logGet(46)) - raft.server.log.segment.size.max = 4194304 (custom)
2023-12-05 10:06:08,207 [om1-impl-thread1] INFO  server.RaftServerConfigKeys (ConfUtils.java:logGet(46)) - raft.server.log.segment.cache.num.max = 2 (custom)
2023-12-05 10:06:08,207 [om1-impl-thread1] INFO  server.RaftServerConfigKeys (ConfUtils.java:logGet(46)) - raft.server.log.segment.cache.size.max = 200MB (=209715200) (default)
2023-12-05 10:06:08,207 [om1-impl-thread1] INFO  server.RaftServerConfigKeys (ConfUtils.java:logGet(46)) - raft.server.log.appender.buffer.byte-limit = 4194304 (custom)
2023-12-05 10:06:08,208 [om1-impl-thread1] INFO  util.AwaitToRun (AwaitToRun.java:start(81)) - Thread[om1@group-C5BA1605619E-cacheEviction-AwaitToRun,5,main] started
2023-12-05 10:06:08,208 [om1-impl-thread1] INFO  segmented.SegmentedRaftLogWorker (SegmentedRaftLogWorker.java:<init>(184)) - new om1@group-C5BA1605619E-SegmentedRaftLogWorker for RaftStorageImpl:Storage Directory /home/runner/work/ozone/ozone/hadoop-ozone/integration-test/target/test-dir/MiniOzoneClusterImpl-3c72e0ff-8f58-4301-abb3-579d07aff8c3/ozone-meta/ratis/bf265839-605b-3f16-9796-c5ba1605619e
2023-12-05 10:06:08,208 [om1-impl-thread1] INFO  server.RaftServerConfigKeys (ConfUtils.java:logGet(46)) - raft.server.log.queue.byte-limit = 64MB (=67108864) (default)
2023-12-05 10:06:08,208 [om1-impl-thread1] INFO  server.RaftServerConfigKeys (ConfUtils.java:logGet(46)) - raft.server.log.queue.element-limit = 4096 (default)
2023-12-05 10:06:08,208 [om1-impl-thread1] INFO  server.RaftServerConfigKeys (ConfUtils.java:logGet(46)) - raft.server.log.segment.size.max = 4194304 (custom)
2023-12-05 10:06:08,208 [om1-impl-thread1] INFO  server.RaftServerConfigKeys (ConfUtils.java:logGet(46)) - raft.server.log.preallocated.size = 4194304 (custom)
2023-12-05 10:06:08,208 [om1-impl-thread1] INFO  server.RaftServerConfigKeys (ConfUtils.java:logGet(46)) - raft.server.log.force.sync.num = 128 (default)
2023-12-05 10:06:08,208 [om1-impl-thread1] INFO  server.RaftServerConfigKeys (ConfUtils.java:logGet(46)) - raft.server.log.statemachine.data.sync = true (default)
2023-12-05 10:06:08,208 [om1-impl-thread1] INFO  server.RaftServerConfigKeys (ConfUtils.java:logGet(46)) - raft.server.log.statemachine.data.sync.timeout = 10s (default)
2023-12-05 10:06:08,208 [om1-impl-thread1] INFO  server.RaftServerConfigKeys (ConfUtils.java:logGet(46)) - raft.server.log.statemachine.data.sync.timeout.retry = -1 (default)
2023-12-05 10:06:08,208 [om1-impl-thread1] INFO  server.RaftServerConfigKeys (ConfUtils.java:logGet(46)) - raft.server.log.write.buffer.size = 4194312 (custom)
2023-12-05 10:06:08,209 [om1-impl-thread1] INFO  server.RaftServerConfigKeys (ConfUtils.java:logGet(46)) - raft.server.log.appender.buffer.byte-limit = 4194304 (custom)
2023-12-05 10:06:08,210 [om1-impl-thread1] INFO  server.RaftServerConfigKeys (ConfUtils.java:logGet(46)) - raft.server.log.unsafe-flush.enabled = false (default)
2023-12-05 10:06:08,210 [om1-impl-thread1] INFO  server.RaftServerConfigKeys (ConfUtils.java:logGet(46)) - raft.server.log.async-flush.enabled = false (default)
2023-12-05 10:06:08,210 [om1-impl-thread1] INFO  server.RaftServerConfigKeys (ConfUtils.java:logGet(46)) - raft.server.log.statemachine.data.caching.enabled = false (default)
2023-12-05 10:06:08,210 [om1-impl-thread1] INFO  segmented.SegmentedRaftLogWorker (SegmentedRaftLogWorker.java:lambda$new$0(135)) - om1@group-C5BA1605619E-SegmentedRaftLogWorker: flushIndex: setUnconditionally 0 -> -1
2023-12-05 10:06:08,210 [om1-impl-thread1] INFO  segmented.SegmentedRaftLogWorker (SegmentedRaftLogWorker.java:lambda$new$0(135)) - om1@group-C5BA1605619E-SegmentedRaftLogWorker: safeCacheEvictIndex: setUnconditionally 0 -> -1
2023-12-05 10:06:08,210 [om1-impl-thread1] INFO  server.RaftServer$Division (RaftServerImpl.java:start(392)) - om1@group-C5BA1605619E: start as a follower, conf=-1: peers:[om1|localhost:15217]|listeners:[], old=null
2023-12-05 10:06:08,210 [om1-impl-thread1] INFO  server.RaftServer$Division (RaftServerImpl.java:setRole(379)) - om1@group-C5BA1605619E: changes role from      null to FOLLOWER at term 0 for startAsFollower
2023-12-05 10:06:08,210 [om1-impl-thread1] INFO  impl.RoleInfo (RoleInfo.java:updateAndGet(139)) - om1: start om1@group-C5BA1605619E-FollowerState
2023-12-05 10:06:08,211 [om1@group-C5BA1605619E-FollowerState] INFO  server.RaftServerConfigKeys (ConfUtils.java:logFallback(53)) - raft.server.rpc.first-election.timeout.min = 1s (fallback to raft.server.rpc.timeout.min)
2023-12-05 10:06:08,211 [om1@group-C5BA1605619E-FollowerState] INFO  server.RaftServerConfigKeys (ConfUtils.java:logFallback(53)) - raft.server.rpc.first-election.timeout.max = 1200ms (fallback to raft.server.rpc.timeout.max)
2023-12-05 10:06:08,211 [om1-impl-thread1] INFO  util.JmxRegister (JmxRegister.java:tryRegister(44)) - Successfully registered JMX Bean with object name Ratis:service=RaftServer,group=group-C5BA1605619E,id=om1
2023-12-05 10:06:08,211 [om1-impl-thread1] INFO  server.RaftServerConfigKeys (ConfUtils.java:logGet(46)) - raft.server.snapshot.trigger-when-stop.enabled = true (default)
2023-12-05 10:06:08,211 [om1-impl-thread1] INFO  server.RaftServerConfigKeys (ConfUtils.java:logGet(46)) - raft.server.snapshot.auto.trigger.enabled = true (custom)
2023-12-05 10:06:08,211 [om1-impl-thread1] INFO  server.RaftServerConfigKeys (ConfUtils.java:logGet(46)) - raft.server.snapshot.auto.trigger.threshold = 400000 (default)
2023-12-05 10:06:08,211 [om1-impl-thread1] INFO  server.RaftServerConfigKeys (ConfUtils.java:logGet(46)) - raft.server.snapshot.retention.file.num = -1 (default)
2023-12-05 10:06:08,211 [om1-impl-thread1] INFO  server.RaftServerConfigKeys (ConfUtils.java:logGet(46)) - raft.server.log.purge.upto.snapshot.index = true (custom)
2023-12-05 10:06:08,212 [main] INFO  server.RaftServer (RaftServerProxy.java:startImpl(406)) - om1: start RPC server
2023-12-05 10:06:08,212 [main] INFO  server.GrpcService (GrpcService.java:startImpl(302)) - om1: GrpcService started, listening on 15217
2023-12-05 10:06:08,213 [JvmPauseMonitor32] INFO  util.JvmPauseMonitor (JvmPauseMonitor.java:run(146)) - JvmPauseMonitor-om1: Started
2023-12-05 10:06:08,213 [main] INFO  om.OzoneManager (OzoneManager.java:start(1648)) - Version File has different layout version (6) than OM DB (null). That is expected if this OM has never been finalized to a newer layout version.
2023-12-05 10:06:08,216 [main] INFO  http.BaseHttpServer (BaseHttpServer.java:newHttpServer2BuilderForOzone(223)) - Starting Web-server for ozoneManager at: http://0.0.0.0:15215
2023-12-05 10:06:08,216 [main] INFO  http.BaseHttpServer (BaseHttpServer.java:<init>(110)) - Hadoop Security Enabled: false Ozone Security Enabled: false Ozone HTTP Security Enabled: false 
2023-12-05 10:06:08,217 [main] WARN  server.AuthenticationFilter (AuthenticationFilter.java:constructSecretProvider(240)) - Unable to initialize FileSignerSecretProvider, falling back to use random secrets. Reason: Could not read signature secret file: /home/runner/hadoop-http-auth-signature-secret
2023-12-05 10:06:08,217 [main] INFO  http.HttpRequestLog (HttpRequestLog.java:getRequestLog(86)) - Http request log for http.requests.ozoneManager is not defined
2023-12-05 10:06:08,218 [main] INFO  http.HttpServer2 (HttpServer2.java:addGlobalFilter(1031)) - Added global filter 'safety' (class=org.apache.hadoop.hdds.server.http.HttpServer2$QuotingInputFilter)
2023-12-05 10:06:08,218 [main] INFO  http.HttpServer2 (HttpServer2.java:addFilter(1007)) - Added filter static_user_filter (class=org.apache.hadoop.http.lib.StaticUserWebFilter$StaticUserFilter) to context ozoneManager
2023-12-05 10:06:08,218 [main] INFO  http.HttpServer2 (HttpServer2.java:addFilter(1015)) - Added filter static_user_filter (class=org.apache.hadoop.http.lib.StaticUserWebFilter$StaticUserFilter) to context logs
2023-12-05 10:06:08,218 [main] INFO  http.HttpServer2 (HttpServer2.java:addFilter(1015)) - Added filter static_user_filter (class=org.apache.hadoop.http.lib.StaticUserWebFilter$StaticUserFilter) to context static
2023-12-05 10:06:08,219 [main] INFO  http.BaseHttpServer (BaseHttpServer.java:<init>(189)) - HTTP server of ozoneManager uses base directory /home/runner/work/ozone/ozone/hadoop-ozone/integration-test/target/test-dir/MiniOzoneClusterImpl-3c72e0ff-8f58-4301-abb3-579d07aff8c3/ozone-meta/webserver
2023-12-05 10:06:08,219 [main] INFO  http.HttpServer2 (HttpServer2.java:bindListener(1231)) - Jetty bound to port 15215
2023-12-05 10:06:08,219 [main] INFO  server.Server (Server.java:doStart(375)) - jetty-9.4.53.v20231009; built: 2023-10-09T12:29:09.265Z; git: 27bde00a0b95a1d5bbee0eae7984f891d2d0f8c9; jvm 1.8.0_392-b08
2023-12-05 10:06:08,220 [main] INFO  server.session (DefaultSessionIdManager.java:doStart(334)) - DefaultSessionIdManager workerName=node0
2023-12-05 10:06:08,220 [main] INFO  server.session (DefaultSessionIdManager.java:doStart(339)) - No SessionScavenger set, using defaults
2023-12-05 10:06:08,220 [main] INFO  server.session (HouseKeeper.java:startScavenging(132)) - node0 Scavenging every 660000ms
2023-12-05 10:06:08,221 [main] INFO  handler.ContextHandler (ContextHandler.java:doStart(921)) - Started o.e.j.s.ServletContextHandler@4f50a274{logs,/logs,file:///home/runner/work/ozone/ozone/hadoop-ozone/integration-test/target/log,AVAILABLE}
2023-12-05 10:06:08,221 [main] INFO  handler.ContextHandler (ContextHandler.java:doStart(921)) - Started o.e.j.s.ServletContextHandler@61bc42ca{static,/static,file:///home/runner/work/ozone/ozone/hadoop-ozone/integration-test/target/test-classes/webapps/static,AVAILABLE}
2023-12-05 10:06:08,223 [main] INFO  handler.ContextHandler (ContextHandler.java:doStart(921)) - Started o.e.j.w.WebAppContext@563db2f5{ozoneManager,/,file:///home/runner/work/ozone/ozone/hadoop-ozone/integration-test/target/test-classes/webapps/ozoneManager/,AVAILABLE}{file:/home/runner/work/ozone/ozone/hadoop-ozone/integration-test/target/test-classes/webapps/ozoneManager}
2023-12-05 10:06:08,224 [main] INFO  server.AbstractConnector (AbstractConnector.java:doStart(333)) - Started ServerConnector@1caf0ef6{HTTP/1.1, (http/1.1)}{0.0.0.0:15215}
2023-12-05 10:06:08,224 [main] INFO  server.Server (Server.java:doStart(415)) - Started @108888ms
2023-12-05 10:06:08,225 [main] WARN  impl.MetricsSystemImpl (MetricsSystemImpl.java:register(279)) - Sink prometheus already exists!
2023-12-05 10:06:08,226 [main] INFO  http.BaseHttpServer (BaseHttpServer.java:updateConnectorAddress(354)) - HTTP server of ozoneManager listening at http://0.0.0.0:15215
2023-12-05 10:06:08,226 [IPC Server Responder] INFO  ipc.Server (Server.java:run(1562)) - IPC Server Responder: starting
2023-12-05 10:06:08,226 [IPC Server listener on 15214] INFO  ipc.Server (Server.java:run(1402)) - IPC Server listener on 15214: starting
2023-12-05 10:06:08,229 [main] INFO  om.OzoneManager (OzoneManager.java:startTrashEmptier(2097)) - Trash Interval set to 0. Files deleted won't move to trash
2023-12-05 10:06:08,234 [main] WARN  dropwizard3.Dm3MetricRegistriesImpl (Dm3MetricRegistriesImpl.java:addReporterRegistration(113)) - New reporters are added after registries were created. Some metrics will be missing from the reporter. Please add reporter before adding any new registry.
2023-12-05 10:06:08,234 [main] WARN  dropwizard3.Dm3MetricRegistriesImpl (Dm3MetricRegistriesImpl.java:addReporterRegistration(113)) - New reporters are added after registries were created. Some metrics will be missing from the reporter. Please add reporter before adding any new registry.
2023-12-05 10:06:08,234 [main] INFO  impl.MetricsSystemImpl (MetricsSystemImpl.java:init(158)) - HddsDatanode metrics system started (again)
2023-12-05 10:06:08,243 [main] INFO  ozone.HddsDatanodeService (HddsDatanodeService.java:start(239)) - HddsDatanodeService host:fv-az884-53.nlrrjjsaionubk4jys1hz1dhmg.bx.internal.cloudapp.net ip:10.1.0.7
2023-12-05 10:06:08,259 [main] INFO  upgrade.AbstractLayoutVersionManager (AbstractLayoutVersionManager.java:init(83)) - Initializing Layout version manager with metadata layout = HADOOP_PRC_PORTS_IN_DATANODEDETAILS (version = 7), software layout = HADOOP_PRC_PORTS_IN_DATANODEDETAILS (version = 7)
2023-12-05 10:06:08,260 [main] INFO  statemachine.DatanodeStateMachine (DatanodeStateMachine.java:getEndPointTaskThreadPoolSize(299)) - Datanode State Machine Task Thread Pool size 2
2023-12-05 10:06:08,261 [main] INFO  volume.HddsVolume (HddsVolume.java:<init>(126)) - Creating HddsVolume: /home/runner/work/ozone/ozone/hadoop-ozone/integration-test/target/test-dir/MiniOzoneClusterImpl-3c72e0ff-8f58-4301-abb3-579d07aff8c3/datanode-0/data-0/containers/hdds of storage type : DISK capacity : 9223372036854775807
2023-12-05 10:06:08,261 [main] INFO  volume.MutableVolumeSet (MutableVolumeSet.java:initializeVolumeSet(173)) - Added Volume : /home/runner/work/ozone/ozone/hadoop-ozone/integration-test/target/test-dir/MiniOzoneClusterImpl-3c72e0ff-8f58-4301-abb3-579d07aff8c3/datanode-0/data-0/containers/hdds to VolumeSet
2023-12-05 10:06:08,261 [main] INFO  volume.MutableVolumeSet (MutableVolumeSet.java:initializeVolumeSet(173)) - Added Volume : /home/runner/work/ozone/ozone/hadoop-ozone/integration-test/target/test-dir/MiniOzoneClusterImpl-3c72e0ff-8f58-4301-abb3-579d07aff8c3/datanode-0/data/ratis to VolumeSet
2023-12-05 10:06:08,262 [main] INFO  ozoneimpl.OzoneContainer (HddsVolumeUtil.java:loadAllHddsVolumeDbStore(103)) - Load 1 volumes DbStore cost: 0ms
2023-12-05 10:06:08,262 [6ac84334-a6f6-4892-817f-c86ff695522c-ContainerReader-0] INFO  ozoneimpl.ContainerReader (ContainerReader.java:readVolume(177)) - Finish verifying containers on volume /home/runner/work/ozone/ozone/hadoop-ozone/integration-test/target/test-dir/MiniOzoneClusterImpl-3c72e0ff-8f58-4301-abb3-579d07aff8c3/datanode-0/data-0/containers/hdds
2023-12-05 10:06:08,262 [main] INFO  ozoneimpl.OzoneContainer (OzoneContainer.java:buildContainerSet(326)) - Build ContainerSet costs 0s
2023-12-05 10:06:08,264 [main] INFO  server.RaftServer (ConfUtils.java:logGet(46)) - raft.rpc.type = GRPC (default)
2023-12-05 10:06:08,264 [main] INFO  grpc.GrpcConfigKeys (ConfUtils.java:logFallback(53)) - raft.grpc.admin.host = null (fallback to raft.grpc.server.host)
2023-12-05 10:06:08,264 [main] INFO  grpc.GrpcConfigKeys (ConfUtils.java:logGet(46)) - raft.grpc.admin.port = 15223 (custom)
2023-12-05 10:06:08,264 [main] INFO  grpc.GrpcConfigKeys (ConfUtils.java:logFallback(53)) - raft.grpc.client.host = null (fallback to raft.grpc.server.host)
2023-12-05 10:06:08,264 [main] INFO  grpc.GrpcConfigKeys (ConfUtils.java:logGet(46)) - raft.grpc.client.port = 15222 (custom)
2023-12-05 10:06:08,265 [main] INFO  grpc.GrpcConfigKeys (ConfUtils.java:logGet(46)) - raft.grpc.server.host = null (default)
2023-12-05 10:06:08,265 [main] INFO  grpc.GrpcConfigKeys (ConfUtils.java:logGet(46)) - raft.grpc.server.port = 15224 (custom)
2023-12-05 10:06:08,265 [main] INFO  server.GrpcService (ConfUtils.java:logGet(46)) - raft.grpc.message.size.max = 32MB (=33554432) (custom)
2023-12-05 10:06:08,265 [main] INFO  server.RaftServerConfigKeys (ConfUtils.java:logGet(46)) - raft.server.log.appender.buffer.byte-limit = 8388608 (custom)
2023-12-05 10:06:08,265 [main] INFO  server.GrpcService (ConfUtils.java:logGet(46)) - raft.grpc.flow.control.window = 5MB (=5242880) (custom)
2023-12-05 10:06:08,266 [main] INFO  server.RaftServerConfigKeys (ConfUtils.java:logGet(46)) - raft.server.rpc.request.timeout = 60s (custom)
2023-12-05 10:06:08,266 [main] INFO  grpc.GrpcConfigKeys (ConfUtils.java:logGet(46)) - raft.grpc.server.heartbeat.channel = true (default)
2023-12-05 10:06:08,266 [main] INFO  grpc.GrpcConfigKeys (ConfUtils.java:logGet(46)) - raft.grpc.server.async.request.thread.pool.cached = true (default)
2023-12-05 10:06:08,266 [main] INFO  grpc.GrpcConfigKeys (ConfUtils.java:logGet(46)) - raft.grpc.server.async.request.thread.pool.size = 32 (default)
2023-12-05 10:06:08,268 [main] INFO  impl.DataStreamServerImpl (ConfUtils.java:logGet(46)) - raft.datastream.type = NETTY (custom)
2023-12-05 10:06:08,268 [main] INFO  server.RaftServerConfigKeys (ConfUtils.java:logGet(46)) - raft.server.data-stream.async.request.thread.pool.cached = false (default)
2023-12-05 10:06:08,268 [main] INFO  server.RaftServerConfigKeys (ConfUtils.java:logGet(46)) - raft.server.data-stream.async.request.thread.pool.size = 20 (custom)
2023-12-05 10:06:08,269 [main] INFO  server.RaftServerConfigKeys (ConfUtils.java:logGet(46)) - raft.server.data-stream.async.write.thread.pool.size = 16 (default)
2023-12-05 10:06:08,269 [main] INFO  netty.NettyConfigKeys$DataStream (ConfUtils.java:logGet(46)) - raft.netty.dataStream.server.channel.inactive.grace-period = 10min (default)
2023-12-05 10:06:08,269 [main] INFO  server.RaftServerConfigKeys (ConfUtils.java:logGet(46)) - raft.server.data-stream.client.pool.size = 10 (default)
2023-12-05 10:06:08,269 [main] INFO  netty.NettyConfigKeys$DataStream (ConfUtils.java:logGet(46)) - raft.netty.dataStream.server.use-epoll = true (default)
2023-12-05 10:06:08,269 [main] INFO  netty.NettyConfigKeys$DataStream (ConfUtils.java:logGet(46)) - raft.netty.dataStream.server.boss-group.size = 0 (default)
2023-12-05 10:06:08,269 [main] INFO  netty.NettyUtils (NettyUtils.java:newEventLoopGroup(69)) - Create EpollEventLoopGroup for 6ac84334-a6f6-4892-817f-c86ff695522c-NettyServerStreamRpc-bossGroup; Thread size is 0.
2023-12-05 10:06:08,270 [main] INFO  netty.NettyConfigKeys$DataStream (ConfUtils.java:logGet(46)) - raft.netty.dataStream.server.worker-group.size = 0 (default)
2023-12-05 10:06:08,270 [main] INFO  netty.NettyUtils (NettyUtils.java:newEventLoopGroup(69)) - Create EpollEventLoopGroup for 6ac84334-a6f6-4892-817f-c86ff695522c-NettyServerStreamRpc-workerGroup; Thread size is 0.
2023-12-05 10:06:08,270 [main] INFO  netty.NettyConfigKeys$DataStream (ConfUtils.java:logGet(46)) - raft.netty.dataStream.server.tls.conf = null (default)
2023-12-05 10:06:08,270 [main] INFO  netty.NettyConfigKeys$DataStream (ConfUtils.java:logGet(46)) - raft.netty.dataStream.host = null (default)
2023-12-05 10:06:08,270 [main] INFO  netty.NettyConfigKeys$DataStream (ConfUtils.java:logGet(46)) - raft.netty.dataStream.port = 15225 (custom)
2023-12-05 10:06:08,271 [main] INFO  server.RaftServerConfigKeys (ConfUtils.java:logGet(46)) - raft.server.sleep.deviation.threshold = 300ms (default)
2023-12-05 10:06:08,271 [main] INFO  server.RaftServerConfigKeys (ConfUtils.java:logGet(46)) - raft.server.close.threshold = 60s (default)
2023-12-05 10:06:08,271 [6ac84334-a6f6-4892-817f-c86ff695522c-NettyServerStreamRpc-bossGroup--thread1] INFO  logging.LoggingHandler (AbstractInternalLogger.java:log(148)) - [id: 0xee87ea65] REGISTERED
2023-12-05 10:06:08,271 [main] INFO  server.RaftServerConfigKeys (ConfUtils.java:logGet(46)) - raft.server.leaderelection.leader.step-down.wait-time = 10s (default)
2023-12-05 10:06:08,271 [6ac84334-a6f6-4892-817f-c86ff695522c-NettyServerStreamRpc-bossGroup--thread1] INFO  logging.LoggingHandler (AbstractInternalLogger.java:log(148)) - [id: 0xee87ea65] BIND: 0.0.0.0/0.0.0.0:15225
2023-12-05 10:06:08,271 [main] INFO  server.RaftServerConfigKeys (ConfUtils.java:logGet(46)) - raft.server.storage.dir = [/home/runner/work/ozone/ozone/hadoop-ozone/integration-test/target/test-dir/MiniOzoneClusterImpl-3c72e0ff-8f58-4301-abb3-579d07aff8c3/datanode-0/data/ratis] (custom)
2023-12-05 10:06:08,271 [6ac84334-a6f6-4892-817f-c86ff695522c-NettyServerStreamRpc-bossGroup--thread1] INFO  logging.LoggingHandler (AbstractInternalLogger.java:log(148)) - [id: 0xee87ea65, L:/0.0.0.0:15225] ACTIVE
2023-12-05 10:06:08,272 [main] INFO  server.RaftServerConfigKeys (ConfUtils.java:logGet(46)) - raft.server.threadpool.proxy.cached = true (default)
2023-12-05 10:06:08,272 [main] INFO  server.RaftServerConfigKeys (ConfUtils.java:logGet(46)) - raft.server.threadpool.proxy.size = 0 (default)
2023-12-05 10:06:08,272 [6ac84334-a6f6-4892-817f-c86ff695522c-impl-thread1] INFO  server.RaftServer (RaftServerProxy.java:initGroupDir(264)) - 6ac84334-a6f6-4892-817f-c86ff695522c: found a subdirectory /home/runner/work/ozone/ozone/hadoop-ozone/integration-test/target/test-dir/MiniOzoneClusterImpl-3c72e0ff-8f58-4301-abb3-579d07aff8c3/datanode-0/data/ratis/tmp
2023-12-05 10:06:08,272 [6ac84334-a6f6-4892-817f-c86ff695522c-impl-thread1] INFO  server.RaftServer (RaftServerProxy.java:initGroupDir(269)) - 6ac84334-a6f6-4892-817f-c86ff695522c: The directory /home/runner/work/ozone/ozone/hadoop-ozone/integration-test/target/test-dir/MiniOzoneClusterImpl-3c72e0ff-8f58-4301-abb3-579d07aff8c3/datanode-0/data/ratis/tmp is not a group directory; ignoring it. 
2023-12-05 10:06:08,273 [main] INFO  replication.ReplicationServer (ReplicationServer.java:<init>(85)) - Initializing replication server with thread count = 10 queue length = 4096
2023-12-05 10:06:08,274 [main] INFO  server.XceiverServerGrpc (XceiverServerGrpc.java:<init>(141)) - GrpcServer channel type EpollServerSocketChannel
2023-12-05 10:06:08,275 [main] INFO  replication.ReplicationSupervisor (ReplicationSupervisor.java:build(163)) - Initializing replication supervisor with thread count = 10
2023-12-05 10:06:08,276 [main] INFO  replication.ReplicationSupervisor (ReplicationSupervisor.java:nodeStateUpdated(317)) - Node state updated to IN_SERVICE, scaling executor pool size to 10
2023-12-05 10:06:08,277 [main] INFO  http.BaseHttpServer (BaseHttpServer.java:newHttpServer2BuilderForOzone(223)) - Starting Web-server for hddsDatanode at: http://0.0.0.0:15219
2023-12-05 10:06:08,277 [main] INFO  http.BaseHttpServer (BaseHttpServer.java:<init>(110)) - Hadoop Security Enabled: false Ozone Security Enabled: false Ozone HTTP Security Enabled: false 
2023-12-05 10:06:08,278 [main] WARN  server.AuthenticationFilter (AuthenticationFilter.java:constructSecretProvider(240)) - Unable to initialize FileSignerSecretProvider, falling back to use random secrets. Reason: Could not read signature secret file: /home/runner/hadoop-http-auth-signature-secret
2023-12-05 10:06:08,279 [main] INFO  http.HttpRequestLog (HttpRequestLog.java:getRequestLog(86)) - Http request log for http.requests.hddsDatanode is not defined
2023-12-05 10:06:08,280 [main] INFO  http.HttpServer2 (HttpServer2.java:addGlobalFilter(1031)) - Added global filter 'safety' (class=org.apache.hadoop.hdds.server.http.HttpServer2$QuotingInputFilter)
2023-12-05 10:06:08,280 [main] INFO  http.HttpServer2 (HttpServer2.java:addFilter(1007)) - Added filter static_user_filter (class=org.apache.hadoop.http.lib.StaticUserWebFilter$StaticUserFilter) to context hddsDatanode
2023-12-05 10:06:08,281 [main] INFO  http.HttpServer2 (HttpServer2.java:addFilter(1015)) - Added filter static_user_filter (class=org.apache.hadoop.http.lib.StaticUserWebFilter$StaticUserFilter) to context logs
2023-12-05 10:06:08,281 [main] INFO  http.HttpServer2 (HttpServer2.java:addFilter(1015)) - Added filter static_user_filter (class=org.apache.hadoop.http.lib.StaticUserWebFilter$StaticUserFilter) to context static
2023-12-05 10:06:08,281 [main] INFO  http.BaseHttpServer (BaseHttpServer.java:<init>(189)) - HTTP server of hddsDatanode uses base directory /home/runner/work/ozone/ozone/hadoop-ozone/integration-test/target/test-dir/MiniOzoneClusterImpl-3c72e0ff-8f58-4301-abb3-579d07aff8c3/datanode-0/meta/webserver
2023-12-05 10:06:08,281 [main] INFO  http.HttpServer2 (HttpServer2.java:bindListener(1231)) - Jetty bound to port 15219
2023-12-05 10:06:08,281 [main] INFO  server.Server (Server.java:doStart(375)) - jetty-9.4.53.v20231009; built: 2023-10-09T12:29:09.265Z; git: 27bde00a0b95a1d5bbee0eae7984f891d2d0f8c9; jvm 1.8.0_392-b08
2023-12-05 10:06:08,285 [main] INFO  server.session (DefaultSessionIdManager.java:doStart(334)) - DefaultSessionIdManager workerName=node0
2023-12-05 10:06:08,286 [main] INFO  server.session (DefaultSessionIdManager.java:doStart(339)) - No SessionScavenger set, using defaults
2023-12-05 10:06:08,286 [main] INFO  server.session (HouseKeeper.java:startScavenging(132)) - node0 Scavenging every 660000ms
2023-12-05 10:06:08,287 [main] INFO  handler.ContextHandler (ContextHandler.java:doStart(921)) - Started o.e.j.s.ServletContextHandler@7653e109{logs,/logs,file:///home/runner/work/ozone/ozone/hadoop-ozone/integration-test/target/log,AVAILABLE}
2023-12-05 10:06:08,287 [main] INFO  handler.ContextHandler (ContextHandler.java:doStart(921)) - Started o.e.j.s.ServletContextHandler@64fe3584{static,/static,jar:file:/home/runner/.m2/repository/org/apache/ozone/hdds-container-service/1.4.0-SNAPSHOT/hdds-container-service-1.4.0-SNAPSHOT.jar!/webapps/static,AVAILABLE}
2023-12-05 10:06:08,319 [main] INFO  handler.ContextHandler (ContextHandler.java:doStart(921)) - Started o.e.j.w.WebAppContext@6ca73ab2{hddsDatanode,/,file:///home/runner/work/ozone/ozone/hadoop-ozone/integration-test/target/test-dir/MiniOzoneClusterImpl-3c72e0ff-8f58-4301-abb3-579d07aff8c3/datanode-0/meta/webserver/jetty-0_0_0_0-15219-hdds-container-service-1_4_0-SNAPSHOT_jar-_-any-5823934313060187323/webapp/,AVAILABLE}{jar:file:/home/runner/.m2/repository/org/apache/ozone/hdds-container-service/1.4.0-SNAPSHOT/hdds-container-service-1.4.0-SNAPSHOT.jar!/webapps/hddsDatanode}
2023-12-05 10:06:08,320 [main] INFO  server.AbstractConnector (AbstractConnector.java:doStart(333)) - Started ServerConnector@55f8d659{HTTP/1.1, (http/1.1)}{0.0.0.0:15219}
2023-12-05 10:06:08,320 [main] INFO  server.Server (Server.java:doStart(415)) - Started @108984ms
2023-12-05 10:06:08,320 [main] WARN  impl.MetricsSystemImpl (MetricsSystemImpl.java:register(279)) - Sink prometheus already exists!
2023-12-05 10:06:08,321 [main] INFO  http.BaseHttpServer (BaseHttpServer.java:updateConnectorAddress(354)) - HTTP server of hddsDatanode listening at http://0.0.0.0:15219
2023-12-05 10:06:08,321 [main] INFO  ipc.CallQueueManager (CallQueueManager.java:<init>(90)) - Using callQueue: class java.util.concurrent.LinkedBlockingQueue, queueCapacity: 100, scheduler: class org.apache.hadoop.ipc.DefaultRpcScheduler, ipcBackoff: false.
2023-12-05 10:06:08,321 [main] INFO  ipc.Server (Server.java:<init>(1287)) - Listener at 0.0.0.0:15220
2023-12-05 10:06:08,322 [Socket Reader #1 for port 15220] INFO  ipc.Server (Server.java:run(1323)) - Starting Socket Reader #1 for port 15220
2023-12-05 10:06:08,323 [main] INFO  ozone.HddsDatanodeService (HddsDatanodeService.java:start(324)) - Datanode start with admins: [runner]
2023-12-05 10:06:08,323 [main] INFO  ozone.HddsDatanodeClientProtocolServer (HddsDatanodeClientProtocolServer.java:start(72)) - RPC server for Client /0.0.0.0:15220
2023-12-05 10:06:08,323 [IPC Server Responder] INFO  ipc.Server (Server.java:run(1562)) - IPC Server Responder: starting
2023-12-05 10:06:08,324 [IPC Server listener on 15220] INFO  ipc.Server (Server.java:run(1402)) - IPC Server listener on 15220: starting
2023-12-05 10:06:08,324 [6ac84334-a6f6-4892-817f-c86ff695522c-DatanodeStateMachineDaemonThread] INFO  statemachine.DatanodeStateMachine (DatanodeStateMachine.java:lambda$startDaemon$1(555)) - Ozone container server started.
2023-12-05 10:06:08,330 [main] WARN  dropwizard3.Dm3MetricRegistriesImpl (Dm3MetricRegistriesImpl.java:addReporterRegistration(113)) - New reporters are added after registries were created. Some metrics will be missing from the reporter. Please add reporter before adding any new registry.
2023-12-05 10:06:08,330 [main] WARN  dropwizard3.Dm3MetricRegistriesImpl (Dm3MetricRegistriesImpl.java:addReporterRegistration(113)) - New reporters are added after registries were created. Some metrics will be missing from the reporter. Please add reporter before adding any new registry.
2023-12-05 10:06:08,331 [main] INFO  impl.MetricsSystemImpl (MetricsSystemImpl.java:init(158)) - HddsDatanode metrics system started (again)
2023-12-05 10:06:08,333 [6ac84334-a6f6-4892-817f-c86ff695522c-DatanodeStateMachineTaskThread-0] INFO  datanode.InitDatanodeState (InitDatanodeState.java:persistContainerDatanodeDetails(139)) - DatanodeDetails is persisted to /home/runner/work/ozone/ozone/hadoop-ozone/integration-test/target/test-dir/MiniOzoneClusterImpl-3c72e0ff-8f58-4301-abb3-579d07aff8c3/datanode-0/meta/datanode.id
2023-12-05 10:06:08,339 [main] INFO  ozone.HddsDatanodeService (HddsDatanodeService.java:start(239)) - HddsDatanodeService host:fv-az884-53.nlrrjjsaionubk4jys1hz1dhmg.bx.internal.cloudapp.net ip:10.1.0.7
2023-12-05 10:06:08,354 [main] INFO  upgrade.AbstractLayoutVersionManager (AbstractLayoutVersionManager.java:init(83)) - Initializing Layout version manager with metadata layout = HADOOP_PRC_PORTS_IN_DATANODEDETAILS (version = 7), software layout = HADOOP_PRC_PORTS_IN_DATANODEDETAILS (version = 7)
2023-12-05 10:06:08,355 [main] INFO  statemachine.DatanodeStateMachine (DatanodeStateMachine.java:getEndPointTaskThreadPoolSize(299)) - Datanode State Machine Task Thread Pool size 2
2023-12-05 10:06:08,356 [main] INFO  volume.HddsVolume (HddsVolume.java:<init>(126)) - Creating HddsVolume: /home/runner/work/ozone/ozone/hadoop-ozone/integration-test/target/test-dir/MiniOzoneClusterImpl-3c72e0ff-8f58-4301-abb3-579d07aff8c3/datanode-1/data-0/containers/hdds of storage type : DISK capacity : 9223372036854775807
2023-12-05 10:06:08,356 [main] INFO  volume.MutableVolumeSet (MutableVolumeSet.java:initializeVolumeSet(173)) - Added Volume : /home/runner/work/ozone/ozone/hadoop-ozone/integration-test/target/test-dir/MiniOzoneClusterImpl-3c72e0ff-8f58-4301-abb3-579d07aff8c3/datanode-1/data-0/containers/hdds to VolumeSet
2023-12-05 10:06:08,357 [main] INFO  volume.MutableVolumeSet (MutableVolumeSet.java:initializeVolumeSet(173)) - Added Volume : /home/runner/work/ozone/ozone/hadoop-ozone/integration-test/target/test-dir/MiniOzoneClusterImpl-3c72e0ff-8f58-4301-abb3-579d07aff8c3/datanode-1/data/ratis to VolumeSet
2023-12-05 10:06:08,357 [main] INFO  ozoneimpl.OzoneContainer (HddsVolumeUtil.java:loadAllHddsVolumeDbStore(103)) - Load 1 volumes DbStore cost: 0ms
2023-12-05 10:06:08,357 [6f95716b-3660-49a7-9d3e-d882775bc705-ContainerReader-0] INFO  ozoneimpl.ContainerReader (ContainerReader.java:readVolume(177)) - Finish verifying containers on volume /home/runner/work/ozone/ozone/hadoop-ozone/integration-test/target/test-dir/MiniOzoneClusterImpl-3c72e0ff-8f58-4301-abb3-579d07aff8c3/datanode-1/data-0/containers/hdds
2023-12-05 10:06:08,357 [main] INFO  ozoneimpl.OzoneContainer (OzoneContainer.java:buildContainerSet(326)) - Build ContainerSet costs 0s
2023-12-05 10:06:08,359 [main] INFO  server.RaftServer (ConfUtils.java:logGet(46)) - raft.rpc.type = GRPC (default)
2023-12-05 10:06:08,359 [main] INFO  grpc.GrpcConfigKeys (ConfUtils.java:logFallback(53)) - raft.grpc.admin.host = null (fallback to raft.grpc.server.host)
2023-12-05 10:06:08,359 [main] INFO  grpc.GrpcConfigKeys (ConfUtils.java:logGet(46)) - raft.grpc.admin.port = 15232 (custom)
2023-12-05 10:06:08,359 [main] INFO  grpc.GrpcConfigKeys (ConfUtils.java:logFallback(53)) - raft.grpc.client.host = null (fallback to raft.grpc.server.host)
2023-12-05 10:06:08,359 [main] INFO  grpc.GrpcConfigKeys (ConfUtils.java:logGet(46)) - raft.grpc.client.port = 15231 (custom)
2023-12-05 10:06:08,360 [main] INFO  grpc.GrpcConfigKeys (ConfUtils.java:logGet(46)) - raft.grpc.server.host = null (default)
2023-12-05 10:06:08,360 [main] INFO  grpc.GrpcConfigKeys (ConfUtils.java:logGet(46)) - raft.grpc.server.port = 15233 (custom)
2023-12-05 10:06:08,360 [main] INFO  server.GrpcService (ConfUtils.java:logGet(46)) - raft.grpc.message.size.max = 32MB (=33554432) (custom)
2023-12-05 10:06:08,360 [main] INFO  server.RaftServerConfigKeys (ConfUtils.java:logGet(46)) - raft.server.log.appender.buffer.byte-limit = 8388608 (custom)
2023-12-05 10:06:08,360 [main] INFO  server.GrpcService (ConfUtils.java:logGet(46)) - raft.grpc.flow.control.window = 5MB (=5242880) (custom)
2023-12-05 10:06:08,360 [main] INFO  server.RaftServerConfigKeys (ConfUtils.java:logGet(46)) - raft.server.rpc.request.timeout = 60s (custom)
2023-12-05 10:06:08,361 [main] INFO  grpc.GrpcConfigKeys (ConfUtils.java:logGet(46)) - raft.grpc.server.heartbeat.channel = true (default)
2023-12-05 10:06:08,361 [main] INFO  grpc.GrpcConfigKeys (ConfUtils.java:logGet(46)) - raft.grpc.server.async.request.thread.pool.cached = true (default)
2023-12-05 10:06:08,361 [main] INFO  grpc.GrpcConfigKeys (ConfUtils.java:logGet(46)) - raft.grpc.server.async.request.thread.pool.size = 32 (default)
2023-12-05 10:06:08,363 [main] INFO  impl.DataStreamServerImpl (ConfUtils.java:logGet(46)) - raft.datastream.type = NETTY (custom)
2023-12-05 10:06:08,363 [main] INFO  server.RaftServerConfigKeys (ConfUtils.java:logGet(46)) - raft.server.data-stream.async.request.thread.pool.cached = false (default)
2023-12-05 10:06:08,363 [main] INFO  server.RaftServerConfigKeys (ConfUtils.java:logGet(46)) - raft.server.data-stream.async.request.thread.pool.size = 20 (custom)
2023-12-05 10:06:08,363 [main] INFO  server.RaftServerConfigKeys (ConfUtils.java:logGet(46)) - raft.server.data-stream.async.write.thread.pool.size = 16 (default)
2023-12-05 10:06:08,364 [main] INFO  netty.NettyConfigKeys$DataStream (ConfUtils.java:logGet(46)) - raft.netty.dataStream.server.channel.inactive.grace-period = 10min (default)
2023-12-05 10:06:08,364 [main] INFO  server.RaftServerConfigKeys (ConfUtils.java:logGet(46)) - raft.server.data-stream.client.pool.size = 10 (default)
2023-12-05 10:06:08,364 [main] INFO  netty.NettyConfigKeys$DataStream (ConfUtils.java:logGet(46)) - raft.netty.dataStream.server.use-epoll = true (default)
2023-12-05 10:06:08,364 [main] INFO  netty.NettyConfigKeys$DataStream (ConfUtils.java:logGet(46)) - raft.netty.dataStream.server.boss-group.size = 0 (default)
2023-12-05 10:06:08,364 [main] INFO  netty.NettyUtils (NettyUtils.java:newEventLoopGroup(69)) - Create EpollEventLoopGroup for 6f95716b-3660-49a7-9d3e-d882775bc705-NettyServerStreamRpc-bossGroup; Thread size is 0.
2023-12-05 10:06:08,365 [main] INFO  netty.NettyConfigKeys$DataStream (ConfUtils.java:logGet(46)) - raft.netty.dataStream.server.worker-group.size = 0 (default)
2023-12-05 10:06:08,365 [main] INFO  netty.NettyUtils (NettyUtils.java:newEventLoopGroup(69)) - Create EpollEventLoopGroup for 6f95716b-3660-49a7-9d3e-d882775bc705-NettyServerStreamRpc-workerGroup; Thread size is 0.
2023-12-05 10:06:08,365 [main] INFO  netty.NettyConfigKeys$DataStream (ConfUtils.java:logGet(46)) - raft.netty.dataStream.server.tls.conf = null (default)
2023-12-05 10:06:08,365 [main] INFO  netty.NettyConfigKeys$DataStream (ConfUtils.java:logGet(46)) - raft.netty.dataStream.host = null (default)
2023-12-05 10:06:08,366 [main] INFO  netty.NettyConfigKeys$DataStream (ConfUtils.java:logGet(46)) - raft.netty.dataStream.port = 15234 (custom)
2023-12-05 10:06:08,366 [main] INFO  server.RaftServerConfigKeys (ConfUtils.java:logGet(46)) - raft.server.sleep.deviation.threshold = 300ms (default)
2023-12-05 10:06:08,366 [main] INFO  server.RaftServerConfigKeys (ConfUtils.java:logGet(46)) - raft.server.close.threshold = 60s (default)
2023-12-05 10:06:08,366 [6f95716b-3660-49a7-9d3e-d882775bc705-NettyServerStreamRpc-bossGroup--thread1] INFO  logging.LoggingHandler (AbstractInternalLogger.java:log(148)) - [id: 0x1691d045] REGISTERED
2023-12-05 10:06:08,366 [main] INFO  server.RaftServerConfigKeys (ConfUtils.java:logGet(46)) - raft.server.leaderelection.leader.step-down.wait-time = 10s (default)
2023-12-05 10:06:08,366 [6f95716b-3660-49a7-9d3e-d882775bc705-NettyServerStreamRpc-bossGroup--thread1] INFO  logging.LoggingHandler (AbstractInternalLogger.java:log(148)) - [id: 0x1691d045] BIND: 0.0.0.0/0.0.0.0:15234
2023-12-05 10:06:08,366 [main] INFO  server.RaftServerConfigKeys (ConfUtils.java:logGet(46)) - raft.server.storage.dir = [/home/runner/work/ozone/ozone/hadoop-ozone/integration-test/target/test-dir/MiniOzoneClusterImpl-3c72e0ff-8f58-4301-abb3-579d07aff8c3/datanode-1/data/ratis] (custom)
2023-12-05 10:06:08,366 [6f95716b-3660-49a7-9d3e-d882775bc705-NettyServerStreamRpc-bossGroup--thread1] INFO  logging.LoggingHandler (AbstractInternalLogger.java:log(148)) - [id: 0x1691d045, L:/0.0.0.0:15234] ACTIVE
2023-12-05 10:06:08,367 [main] INFO  server.RaftServerConfigKeys (ConfUtils.java:logGet(46)) - raft.server.threadpool.proxy.cached = true (default)
2023-12-05 10:06:08,367 [main] INFO  server.RaftServerConfigKeys (ConfUtils.java:logGet(46)) - raft.server.threadpool.proxy.size = 0 (default)
2023-12-05 10:06:08,367 [6f95716b-3660-49a7-9d3e-d882775bc705-impl-thread1] INFO  server.RaftServer (RaftServerProxy.java:initGroupDir(264)) - 6f95716b-3660-49a7-9d3e-d882775bc705: found a subdirectory /home/runner/work/ozone/ozone/hadoop-ozone/integration-test/target/test-dir/MiniOzoneClusterImpl-3c72e0ff-8f58-4301-abb3-579d07aff8c3/datanode-1/data/ratis/tmp
2023-12-05 10:06:08,367 [6f95716b-3660-49a7-9d3e-d882775bc705-impl-thread1] INFO  server.RaftServer (RaftServerProxy.java:initGroupDir(269)) - 6f95716b-3660-49a7-9d3e-d882775bc705: The directory /home/runner/work/ozone/ozone/hadoop-ozone/integration-test/target/test-dir/MiniOzoneClusterImpl-3c72e0ff-8f58-4301-abb3-579d07aff8c3/datanode-1/data/ratis/tmp is not a group directory; ignoring it. 
2023-12-05 10:06:08,367 [main] INFO  replication.ReplicationServer (ReplicationServer.java:<init>(85)) - Initializing replication server with thread count = 10 queue length = 4096
2023-12-05 10:06:08,368 [main] INFO  server.XceiverServerGrpc (XceiverServerGrpc.java:<init>(141)) - GrpcServer channel type EpollServerSocketChannel
2023-12-05 10:06:08,369 [main] INFO  replication.ReplicationSupervisor (ReplicationSupervisor.java:build(163)) - Initializing replication supervisor with thread count = 10
2023-12-05 10:06:08,369 [main] INFO  replication.ReplicationSupervisor (ReplicationSupervisor.java:nodeStateUpdated(317)) - Node state updated to IN_SERVICE, scaling executor pool size to 10
2023-12-05 10:06:08,371 [main] INFO  http.BaseHttpServer (BaseHttpServer.java:newHttpServer2BuilderForOzone(223)) - Starting Web-server for hddsDatanode at: http://0.0.0.0:15228
2023-12-05 10:06:08,371 [main] INFO  http.BaseHttpServer (BaseHttpServer.java:<init>(110)) - Hadoop Security Enabled: false Ozone Security Enabled: false Ozone HTTP Security Enabled: false 
2023-12-05 10:06:08,372 [main] WARN  server.AuthenticationFilter (AuthenticationFilter.java:constructSecretProvider(240)) - Unable to initialize FileSignerSecretProvider, falling back to use random secrets. Reason: Could not read signature secret file: /home/runner/hadoop-http-auth-signature-secret
2023-12-05 10:06:08,372 [main] INFO  http.HttpRequestLog (HttpRequestLog.java:getRequestLog(86)) - Http request log for http.requests.hddsDatanode is not defined
2023-12-05 10:06:08,373 [main] INFO  http.HttpServer2 (HttpServer2.java:addGlobalFilter(1031)) - Added global filter 'safety' (class=org.apache.hadoop.hdds.server.http.HttpServer2$QuotingInputFilter)
2023-12-05 10:06:08,373 [main] INFO  http.HttpServer2 (HttpServer2.java:addFilter(1007)) - Added filter static_user_filter (class=org.apache.hadoop.http.lib.StaticUserWebFilter$StaticUserFilter) to context hddsDatanode
2023-12-05 10:06:08,373 [main] INFO  http.HttpServer2 (HttpServer2.java:addFilter(1015)) - Added filter static_user_filter (class=org.apache.hadoop.http.lib.StaticUserWebFilter$StaticUserFilter) to context logs
2023-12-05 10:06:08,373 [main] INFO  http.HttpServer2 (HttpServer2.java:addFilter(1015)) - Added filter static_user_filter (class=org.apache.hadoop.http.lib.StaticUserWebFilter$StaticUserFilter) to context static
2023-12-05 10:06:08,373 [main] INFO  http.BaseHttpServer (BaseHttpServer.java:<init>(189)) - HTTP server of hddsDatanode uses base directory /home/runner/work/ozone/ozone/hadoop-ozone/integration-test/target/test-dir/MiniOzoneClusterImpl-3c72e0ff-8f58-4301-abb3-579d07aff8c3/datanode-1/meta/webserver
2023-12-05 10:06:08,374 [main] INFO  http.HttpServer2 (HttpServer2.java:bindListener(1231)) - Jetty bound to port 15228
2023-12-05 10:06:08,374 [main] INFO  server.Server (Server.java:doStart(375)) - jetty-9.4.53.v20231009; built: 2023-10-09T12:29:09.265Z; git: 27bde00a0b95a1d5bbee0eae7984f891d2d0f8c9; jvm 1.8.0_392-b08
2023-12-05 10:06:08,375 [main] INFO  server.session (DefaultSessionIdManager.java:doStart(334)) - DefaultSessionIdManager workerName=node0
2023-12-05 10:06:08,375 [main] INFO  server.session (DefaultSessionIdManager.java:doStart(339)) - No SessionScavenger set, using defaults
2023-12-05 10:06:08,375 [main] INFO  server.session (HouseKeeper.java:startScavenging(132)) - node0 Scavenging every 600000ms
2023-12-05 10:06:08,376 [main] INFO  handler.ContextHandler (ContextHandler.java:doStart(921)) - Started o.e.j.s.ServletContextHandler@344666ff{logs,/logs,file:///home/runner/work/ozone/ozone/hadoop-ozone/integration-test/target/log,AVAILABLE}
2023-12-05 10:06:08,376 [main] INFO  handler.ContextHandler (ContextHandler.java:doStart(921)) - Started o.e.j.s.ServletContextHandler@d66374c{static,/static,jar:file:/home/runner/.m2/repository/org/apache/ozone/hdds-container-service/1.4.0-SNAPSHOT/hdds-container-service-1.4.0-SNAPSHOT.jar!/webapps/static,AVAILABLE}
2023-12-05 10:06:08,408 [main] INFO  handler.ContextHandler (ContextHandler.java:doStart(921)) - Started o.e.j.w.WebAppContext@504b5208{hddsDatanode,/,file:///home/runner/work/ozone/ozone/hadoop-ozone/integration-test/target/test-dir/MiniOzoneClusterImpl-3c72e0ff-8f58-4301-abb3-579d07aff8c3/datanode-1/meta/webserver/jetty-0_0_0_0-15228-hdds-container-service-1_4_0-SNAPSHOT_jar-_-any-6118620258008045147/webapp/,AVAILABLE}{jar:file:/home/runner/.m2/repository/org/apache/ozone/hdds-container-service/1.4.0-SNAPSHOT/hdds-container-service-1.4.0-SNAPSHOT.jar!/webapps/hddsDatanode}
2023-12-05 10:06:08,409 [main] INFO  server.AbstractConnector (AbstractConnector.java:doStart(333)) - Started ServerConnector@6c89e0ee{HTTP/1.1, (http/1.1)}{0.0.0.0:15228}
2023-12-05 10:06:08,409 [main] INFO  server.Server (Server.java:doStart(415)) - Started @109074ms
2023-12-05 10:06:08,410 [main] WARN  impl.MetricsSystemImpl (MetricsSystemImpl.java:register(279)) - Sink prometheus already exists!
2023-12-05 10:06:08,410 [main] INFO  http.BaseHttpServer (BaseHttpServer.java:updateConnectorAddress(354)) - HTTP server of hddsDatanode listening at http://0.0.0.0:15228
2023-12-05 10:06:08,410 [main] INFO  ipc.CallQueueManager (CallQueueManager.java:<init>(90)) - Using callQueue: class java.util.concurrent.LinkedBlockingQueue, queueCapacity: 100, scheduler: class org.apache.hadoop.ipc.DefaultRpcScheduler, ipcBackoff: false.
2023-12-05 10:06:08,411 [main] INFO  ipc.Server (Server.java:<init>(1287)) - Listener at 0.0.0.0:15229
2023-12-05 10:06:08,411 [Socket Reader #1 for port 15229] INFO  ipc.Server (Server.java:run(1323)) - Starting Socket Reader #1 for port 15229
2023-12-05 10:06:08,413 [main] INFO  ozone.HddsDatanodeService (HddsDatanodeService.java:start(324)) - Datanode start with admins: [runner]
2023-12-05 10:06:08,413 [main] INFO  ozone.HddsDatanodeClientProtocolServer (HddsDatanodeClientProtocolServer.java:start(72)) - RPC server for Client /0.0.0.0:15229
2023-12-05 10:06:08,418 [IPC Server listener on 15229] INFO  ipc.Server (Server.java:run(1402)) - IPC Server listener on 15229: starting
2023-12-05 10:06:08,418 [IPC Server Responder] INFO  ipc.Server (Server.java:run(1562)) - IPC Server Responder: starting
2023-12-05 10:06:08,424 [6f95716b-3660-49a7-9d3e-d882775bc705-DatanodeStateMachineDaemonThread] INFO  statemachine.DatanodeStateMachine (DatanodeStateMachine.java:lambda$startDaemon$1(555)) - Ozone container server started.
2023-12-05 10:06:08,425 [main] WARN  dropwizard3.Dm3MetricRegistriesImpl (Dm3MetricRegistriesImpl.java:addReporterRegistration(113)) - New reporters are added after registries were created. Some metrics will be missing from the reporter. Please add reporter before adding any new registry.
2023-12-05 10:06:08,425 [main] WARN  dropwizard3.Dm3MetricRegistriesImpl (Dm3MetricRegistriesImpl.java:addReporterRegistration(113)) - New reporters are added after registries were created. Some metrics will be missing from the reporter. Please add reporter before adding any new registry.
2023-12-05 10:06:08,425 [main] INFO  impl.MetricsSystemImpl (MetricsSystemImpl.java:init(158)) - HddsDatanode metrics system started (again)
2023-12-05 10:06:08,428 [6f95716b-3660-49a7-9d3e-d882775bc705-DatanodeStateMachineTaskThread-0] INFO  datanode.InitDatanodeState (InitDatanodeState.java:persistContainerDatanodeDetails(139)) - DatanodeDetails is persisted to /home/runner/work/ozone/ozone/hadoop-ozone/integration-test/target/test-dir/MiniOzoneClusterImpl-3c72e0ff-8f58-4301-abb3-579d07aff8c3/datanode-1/meta/datanode.id
2023-12-05 10:06:08,438 [main] INFO  ozone.HddsDatanodeService (HddsDatanodeService.java:start(239)) - HddsDatanodeService host:fv-az884-53.nlrrjjsaionubk4jys1hz1dhmg.bx.internal.cloudapp.net ip:10.1.0.7
2023-12-05 10:06:08,455 [main] INFO  upgrade.AbstractLayoutVersionManager (AbstractLayoutVersionManager.java:init(83)) - Initializing Layout version manager with metadata layout = HADOOP_PRC_PORTS_IN_DATANODEDETAILS (version = 7), software layout = HADOOP_PRC_PORTS_IN_DATANODEDETAILS (version = 7)
2023-12-05 10:06:08,456 [main] INFO  statemachine.DatanodeStateMachine (DatanodeStateMachine.java:getEndPointTaskThreadPoolSize(299)) - Datanode State Machine Task Thread Pool size 2
2023-12-05 10:06:08,457 [main] INFO  volume.HddsVolume (HddsVolume.java:<init>(126)) - Creating HddsVolume: /home/runner/work/ozone/ozone/hadoop-ozone/integration-test/target/test-dir/MiniOzoneClusterImpl-3c72e0ff-8f58-4301-abb3-579d07aff8c3/datanode-2/data-0/containers/hdds of storage type : DISK capacity : 9223372036854775807
2023-12-05 10:06:08,457 [main] INFO  volume.MutableVolumeSet (MutableVolumeSet.java:initializeVolumeSet(173)) - Added Volume : /home/runner/work/ozone/ozone/hadoop-ozone/integration-test/target/test-dir/MiniOzoneClusterImpl-3c72e0ff-8f58-4301-abb3-579d07aff8c3/datanode-2/data-0/containers/hdds to VolumeSet
2023-12-05 10:06:08,457 [main] INFO  volume.MutableVolumeSet (MutableVolumeSet.java:initializeVolumeSet(173)) - Added Volume : /home/runner/work/ozone/ozone/hadoop-ozone/integration-test/target/test-dir/MiniOzoneClusterImpl-3c72e0ff-8f58-4301-abb3-579d07aff8c3/datanode-2/data/ratis to VolumeSet
2023-12-05 10:06:08,457 [main] INFO  ozoneimpl.OzoneContainer (HddsVolumeUtil.java:loadAllHddsVolumeDbStore(103)) - Load 1 volumes DbStore cost: 0ms
2023-12-05 10:06:08,458 [4698bbfe-1326-4b8d-b9e8-ec717de956b7-ContainerReader-0] INFO  ozoneimpl.ContainerReader (ContainerReader.java:readVolume(177)) - Finish verifying containers on volume /home/runner/work/ozone/ozone/hadoop-ozone/integration-test/target/test-dir/MiniOzoneClusterImpl-3c72e0ff-8f58-4301-abb3-579d07aff8c3/datanode-2/data-0/containers/hdds
2023-12-05 10:06:08,458 [main] INFO  ozoneimpl.OzoneContainer (OzoneContainer.java:buildContainerSet(326)) - Build ContainerSet costs 0s
2023-12-05 10:06:08,459 [main] INFO  server.RaftServer (ConfUtils.java:logGet(46)) - raft.rpc.type = GRPC (default)
2023-12-05 10:06:08,459 [main] INFO  grpc.GrpcConfigKeys (ConfUtils.java:logFallback(53)) - raft.grpc.admin.host = null (fallback to raft.grpc.server.host)
2023-12-05 10:06:08,460 [main] INFO  grpc.GrpcConfigKeys (ConfUtils.java:logGet(46)) - raft.grpc.admin.port = 15241 (custom)
2023-12-05 10:06:08,460 [main] INFO  grpc.GrpcConfigKeys (ConfUtils.java:logFallback(53)) - raft.grpc.client.host = null (fallback to raft.grpc.server.host)
2023-12-05 10:06:08,460 [main] INFO  grpc.GrpcConfigKeys (ConfUtils.java:logGet(46)) - raft.grpc.client.port = 15240 (custom)
2023-12-05 10:06:08,460 [main] INFO  grpc.GrpcConfigKeys (ConfUtils.java:logGet(46)) - raft.grpc.server.host = null (default)
2023-12-05 10:06:08,460 [main] INFO  grpc.GrpcConfigKeys (ConfUtils.java:logGet(46)) - raft.grpc.server.port = 15242 (custom)
2023-12-05 10:06:08,460 [main] INFO  server.GrpcService (ConfUtils.java:logGet(46)) - raft.grpc.message.size.max = 32MB (=33554432) (custom)
2023-12-05 10:06:08,460 [main] INFO  server.RaftServerConfigKeys (ConfUtils.java:logGet(46)) - raft.server.log.appender.buffer.byte-limit = 8388608 (custom)
2023-12-05 10:06:08,460 [main] INFO  server.GrpcService (ConfUtils.java:logGet(46)) - raft.grpc.flow.control.window = 5MB (=5242880) (custom)
2023-12-05 10:06:08,460 [main] INFO  server.RaftServerConfigKeys (ConfUtils.java:logGet(46)) - raft.server.rpc.request.timeout = 60s (custom)
2023-12-05 10:06:08,461 [main] INFO  grpc.GrpcConfigKeys (ConfUtils.java:logGet(46)) - raft.grpc.server.heartbeat.channel = true (default)
2023-12-05 10:06:08,461 [main] INFO  grpc.GrpcConfigKeys (ConfUtils.java:logGet(46)) - raft.grpc.server.async.request.thread.pool.cached = true (default)
2023-12-05 10:06:08,461 [main] INFO  grpc.GrpcConfigKeys (ConfUtils.java:logGet(46)) - raft.grpc.server.async.request.thread.pool.size = 32 (default)
2023-12-05 10:06:08,462 [main] INFO  impl.DataStreamServerImpl (ConfUtils.java:logGet(46)) - raft.datastream.type = NETTY (custom)
2023-12-05 10:06:08,463 [main] INFO  server.RaftServerConfigKeys (ConfUtils.java:logGet(46)) - raft.server.data-stream.async.request.thread.pool.cached = false (default)
2023-12-05 10:06:08,463 [main] INFO  server.RaftServerConfigKeys (ConfUtils.java:logGet(46)) - raft.server.data-stream.async.request.thread.pool.size = 20 (custom)
2023-12-05 10:06:08,463 [main] INFO  server.RaftServerConfigKeys (ConfUtils.java:logGet(46)) - raft.server.data-stream.async.write.thread.pool.size = 16 (default)
2023-12-05 10:06:08,463 [main] INFO  netty.NettyConfigKeys$DataStream (ConfUtils.java:logGet(46)) - raft.netty.dataStream.server.channel.inactive.grace-period = 10min (default)
2023-12-05 10:06:08,463 [main] INFO  server.RaftServerConfigKeys (ConfUtils.java:logGet(46)) - raft.server.data-stream.client.pool.size = 10 (default)
2023-12-05 10:06:08,463 [main] INFO  netty.NettyConfigKeys$DataStream (ConfUtils.java:logGet(46)) - raft.netty.dataStream.server.use-epoll = true (default)
2023-12-05 10:06:08,463 [main] INFO  netty.NettyConfigKeys$DataStream (ConfUtils.java:logGet(46)) - raft.netty.dataStream.server.boss-group.size = 0 (default)
2023-12-05 10:06:08,463 [main] INFO  netty.NettyUtils (NettyUtils.java:newEventLoopGroup(69)) - Create EpollEventLoopGroup for 4698bbfe-1326-4b8d-b9e8-ec717de956b7-NettyServerStreamRpc-bossGroup; Thread size is 0.
2023-12-05 10:06:08,464 [main] INFO  netty.NettyConfigKeys$DataStream (ConfUtils.java:logGet(46)) - raft.netty.dataStream.server.worker-group.size = 0 (default)
2023-12-05 10:06:08,464 [main] INFO  netty.NettyUtils (NettyUtils.java:newEventLoopGroup(69)) - Create EpollEventLoopGroup for 4698bbfe-1326-4b8d-b9e8-ec717de956b7-NettyServerStreamRpc-workerGroup; Thread size is 0.
2023-12-05 10:06:08,464 [main] INFO  netty.NettyConfigKeys$DataStream (ConfUtils.java:logGet(46)) - raft.netty.dataStream.server.tls.conf = null (default)
2023-12-05 10:06:08,465 [main] INFO  netty.NettyConfigKeys$DataStream (ConfUtils.java:logGet(46)) - raft.netty.dataStream.host = null (default)
2023-12-05 10:06:08,465 [main] INFO  netty.NettyConfigKeys$DataStream (ConfUtils.java:logGet(46)) - raft.netty.dataStream.port = 15243 (custom)
2023-12-05 10:06:08,468 [main] INFO  server.RaftServerConfigKeys (ConfUtils.java:logGet(46)) - raft.server.sleep.deviation.threshold = 300ms (default)
2023-12-05 10:06:08,468 [main] INFO  server.RaftServerConfigKeys (ConfUtils.java:logGet(46)) - raft.server.close.threshold = 60s (default)
2023-12-05 10:06:08,468 [main] INFO  server.RaftServerConfigKeys (ConfUtils.java:logGet(46)) - raft.server.leaderelection.leader.step-down.wait-time = 10s (default)
2023-12-05 10:06:08,468 [main] INFO  server.RaftServerConfigKeys (ConfUtils.java:logGet(46)) - raft.server.storage.dir = [/home/runner/work/ozone/ozone/hadoop-ozone/integration-test/target/test-dir/MiniOzoneClusterImpl-3c72e0ff-8f58-4301-abb3-579d07aff8c3/datanode-2/data/ratis] (custom)
2023-12-05 10:06:08,469 [main] INFO  server.RaftServerConfigKeys (ConfUtils.java:logGet(46)) - raft.server.threadpool.proxy.cached = true (default)
2023-12-05 10:06:08,469 [main] INFO  server.RaftServerConfigKeys (ConfUtils.java:logGet(46)) - raft.server.threadpool.proxy.size = 0 (default)
2023-12-05 10:06:08,469 [4698bbfe-1326-4b8d-b9e8-ec717de956b7-NettyServerStreamRpc-bossGroup--thread1] INFO  logging.LoggingHandler (AbstractInternalLogger.java:log(148)) - [id: 0xc6e2fb39] REGISTERED
2023-12-05 10:06:08,470 [4698bbfe-1326-4b8d-b9e8-ec717de956b7-NettyServerStreamRpc-bossGroup--thread1] INFO  logging.LoggingHandler (AbstractInternalLogger.java:log(148)) - [id: 0xc6e2fb39] BIND: 0.0.0.0/0.0.0.0:15243
2023-12-05 10:06:08,470 [4698bbfe-1326-4b8d-b9e8-ec717de956b7-NettyServerStreamRpc-bossGroup--thread1] INFO  logging.LoggingHandler (AbstractInternalLogger.java:log(148)) - [id: 0xc6e2fb39, L:/0.0.0.0:15243] ACTIVE
2023-12-05 10:06:08,472 [4698bbfe-1326-4b8d-b9e8-ec717de956b7-impl-thread1] INFO  server.RaftServer (RaftServerProxy.java:initGroupDir(264)) - 4698bbfe-1326-4b8d-b9e8-ec717de956b7: found a subdirectory /home/runner/work/ozone/ozone/hadoop-ozone/integration-test/target/test-dir/MiniOzoneClusterImpl-3c72e0ff-8f58-4301-abb3-579d07aff8c3/datanode-2/data/ratis/tmp
2023-12-05 10:06:08,472 [4698bbfe-1326-4b8d-b9e8-ec717de956b7-impl-thread1] INFO  server.RaftServer (RaftServerProxy.java:initGroupDir(269)) - 4698bbfe-1326-4b8d-b9e8-ec717de956b7: The directory /home/runner/work/ozone/ozone/hadoop-ozone/integration-test/target/test-dir/MiniOzoneClusterImpl-3c72e0ff-8f58-4301-abb3-579d07aff8c3/datanode-2/data/ratis/tmp is not a group directory; ignoring it. 
2023-12-05 10:06:08,472 [main] INFO  replication.ReplicationServer (ReplicationServer.java:<init>(85)) - Initializing replication server with thread count = 10 queue length = 4096
2023-12-05 10:06:08,473 [main] INFO  server.XceiverServerGrpc (XceiverServerGrpc.java:<init>(141)) - GrpcServer channel type EpollServerSocketChannel
2023-12-05 10:06:08,475 [main] INFO  replication.ReplicationSupervisor (ReplicationSupervisor.java:build(163)) - Initializing replication supervisor with thread count = 10
2023-12-05 10:06:08,475 [main] INFO  replication.ReplicationSupervisor (ReplicationSupervisor.java:nodeStateUpdated(317)) - Node state updated to IN_SERVICE, scaling executor pool size to 10
2023-12-05 10:06:08,476 [main] INFO  http.BaseHttpServer (BaseHttpServer.java:newHttpServer2BuilderForOzone(223)) - Starting Web-server for hddsDatanode at: http://0.0.0.0:15237
2023-12-05 10:06:08,477 [main] INFO  http.BaseHttpServer (BaseHttpServer.java:<init>(110)) - Hadoop Security Enabled: false Ozone Security Enabled: false Ozone HTTP Security Enabled: false 
2023-12-05 10:06:08,478 [main] WARN  server.AuthenticationFilter (AuthenticationFilter.java:constructSecretProvider(240)) - Unable to initialize FileSignerSecretProvider, falling back to use random secrets. Reason: Could not read signature secret file: /home/runner/hadoop-http-auth-signature-secret
2023-12-05 10:06:08,478 [main] INFO  http.HttpRequestLog (HttpRequestLog.java:getRequestLog(86)) - Http request log for http.requests.hddsDatanode is not defined
2023-12-05 10:06:08,479 [main] INFO  http.HttpServer2 (HttpServer2.java:addGlobalFilter(1031)) - Added global filter 'safety' (class=org.apache.hadoop.hdds.server.http.HttpServer2$QuotingInputFilter)
2023-12-05 10:06:08,480 [main] INFO  http.HttpServer2 (HttpServer2.java:addFilter(1007)) - Added filter static_user_filter (class=org.apache.hadoop.http.lib.StaticUserWebFilter$StaticUserFilter) to context hddsDatanode
2023-12-05 10:06:08,480 [main] INFO  http.HttpServer2 (HttpServer2.java:addFilter(1015)) - Added filter static_user_filter (class=org.apache.hadoop.http.lib.StaticUserWebFilter$StaticUserFilter) to context logs
2023-12-05 10:06:08,480 [main] INFO  http.HttpServer2 (HttpServer2.java:addFilter(1015)) - Added filter static_user_filter (class=org.apache.hadoop.http.lib.StaticUserWebFilter$StaticUserFilter) to context static
2023-12-05 10:06:08,480 [main] INFO  http.BaseHttpServer (BaseHttpServer.java:<init>(189)) - HTTP server of hddsDatanode uses base directory /home/runner/work/ozone/ozone/hadoop-ozone/integration-test/target/test-dir/MiniOzoneClusterImpl-3c72e0ff-8f58-4301-abb3-579d07aff8c3/datanode-2/meta/webserver
2023-12-05 10:06:08,481 [main] INFO  http.HttpServer2 (HttpServer2.java:bindListener(1231)) - Jetty bound to port 15237
2023-12-05 10:06:08,481 [main] INFO  server.Server (Server.java:doStart(375)) - jetty-9.4.53.v20231009; built: 2023-10-09T12:29:09.265Z; git: 27bde00a0b95a1d5bbee0eae7984f891d2d0f8c9; jvm 1.8.0_392-b08
2023-12-05 10:06:08,487 [main] INFO  server.session (DefaultSessionIdManager.java:doStart(334)) - DefaultSessionIdManager workerName=node0
2023-12-05 10:06:08,488 [main] INFO  server.session (DefaultSessionIdManager.java:doStart(339)) - No SessionScavenger set, using defaults
2023-12-05 10:06:08,488 [main] INFO  server.session (HouseKeeper.java:startScavenging(132)) - node0 Scavenging every 660000ms
2023-12-05 10:06:08,489 [main] INFO  handler.ContextHandler (ContextHandler.java:doStart(921)) - Started o.e.j.s.ServletContextHandler@782d2e29{logs,/logs,file:///home/runner/work/ozone/ozone/hadoop-ozone/integration-test/target/log,AVAILABLE}
2023-12-05 10:06:08,489 [main] INFO  handler.ContextHandler (ContextHandler.java:doStart(921)) - Started o.e.j.s.ServletContextHandler@26c19dca{static,/static,jar:file:/home/runner/.m2/repository/org/apache/ozone/hdds-container-service/1.4.0-SNAPSHOT/hdds-container-service-1.4.0-SNAPSHOT.jar!/webapps/static,AVAILABLE}
2023-12-05 10:06:08,525 [main] INFO  handler.ContextHandler (ContextHandler.java:doStart(921)) - Started o.e.j.w.WebAppContext@2eff8bc4{hddsDatanode,/,file:///home/runner/work/ozone/ozone/hadoop-ozone/integration-test/target/test-dir/MiniOzoneClusterImpl-3c72e0ff-8f58-4301-abb3-579d07aff8c3/datanode-2/meta/webserver/jetty-0_0_0_0-15237-hdds-container-service-1_4_0-SNAPSHOT_jar-_-any-854953206662538193/webapp/,AVAILABLE}{jar:file:/home/runner/.m2/repository/org/apache/ozone/hdds-container-service/1.4.0-SNAPSHOT/hdds-container-service-1.4.0-SNAPSHOT.jar!/webapps/hddsDatanode}
2023-12-05 10:06:08,527 [main] INFO  server.AbstractConnector (AbstractConnector.java:doStart(333)) - Started ServerConnector@147cbf8a{HTTP/1.1, (http/1.1)}{0.0.0.0:15237}
2023-12-05 10:06:08,527 [main] INFO  server.Server (Server.java:doStart(415)) - Started @109191ms
2023-12-05 10:06:08,527 [main] WARN  impl.MetricsSystemImpl (MetricsSystemImpl.java:register(279)) - Sink prometheus already exists!
2023-12-05 10:06:08,528 [main] INFO  http.BaseHttpServer (BaseHttpServer.java:updateConnectorAddress(354)) - HTTP server of hddsDatanode listening at http://0.0.0.0:15237
2023-12-05 10:06:08,528 [main] INFO  ipc.CallQueueManager (CallQueueManager.java:<init>(90)) - Using callQueue: class java.util.concurrent.LinkedBlockingQueue, queueCapacity: 100, scheduler: class org.apache.hadoop.ipc.DefaultRpcScheduler, ipcBackoff: false.
2023-12-05 10:06:08,528 [main] INFO  ipc.Server (Server.java:<init>(1287)) - Listener at 0.0.0.0:15238
2023-12-05 10:06:08,529 [Socket Reader #1 for port 15238] INFO  ipc.Server (Server.java:run(1323)) - Starting Socket Reader #1 for port 15238
2023-12-05 10:06:08,533 [main] INFO  ozone.HddsDatanodeService (HddsDatanodeService.java:start(324)) - Datanode start with admins: [runner]
2023-12-05 10:06:08,533 [main] INFO  ozone.HddsDatanodeClientProtocolServer (HddsDatanodeClientProtocolServer.java:start(72)) - RPC server for Client /0.0.0.0:15238
2023-12-05 10:06:08,534 [IPC Server Responder] INFO  ipc.Server (Server.java:run(1562)) - IPC Server Responder: starting
2023-12-05 10:06:08,534 [4698bbfe-1326-4b8d-b9e8-ec717de956b7-DatanodeStateMachineDaemonThread] INFO  statemachine.DatanodeStateMachine (DatanodeStateMachine.java:lambda$startDaemon$1(555)) - Ozone container server started.
2023-12-05 10:06:08,534 [main] INFO  ozone.MiniOzoneClusterImpl (MiniOzoneClusterImpl.java:lambda$waitForClusterToBeReady$0(229)) - Waiting for nodes to be ready. Got 0 of 3 DN Heartbeats.
2023-12-05 10:06:08,535 [main] INFO  ozone.MiniOzoneClusterImpl (MiniOzoneClusterImpl.java:lambda$waitForClusterToBeReady$0(232)) - Waiting for cluster to exit safe mode
2023-12-05 10:06:08,535 [main] INFO  ozone.MiniOzoneClusterImpl (MiniOzoneClusterImpl.java:lambda$waitForClusterToBeReady$0(234)) - SCM became leader
2023-12-05 10:06:08,535 [IPC Server listener on 15238] INFO  ipc.Server (Server.java:run(1402)) - IPC Server listener on 15238: starting
2023-12-05 10:06:08,538 [4698bbfe-1326-4b8d-b9e8-ec717de956b7-DatanodeStateMachineTaskThread-0] INFO  datanode.InitDatanodeState (InitDatanodeState.java:persistContainerDatanodeDetails(139)) - DatanodeDetails is persisted to /home/runner/work/ozone/ozone/hadoop-ozone/integration-test/target/test-dir/MiniOzoneClusterImpl-3c72e0ff-8f58-4301-abb3-579d07aff8c3/datanode-2/meta/datanode.id
2023-12-05 10:06:09,399 [om1@group-C5BA1605619E-FollowerState] INFO  impl.FollowerState (FollowerState.java:run(143)) - om1@group-C5BA1605619E-FollowerState: change to CANDIDATE, lastRpcElapsedTime:1188459591ns, electionTimeout:1188ms
2023-12-05 10:06:09,399 [om1@group-C5BA1605619E-FollowerState] INFO  impl.RoleInfo (RoleInfo.java:shutdownFollowerState(110)) - om1: shutdown om1@group-C5BA1605619E-FollowerState
2023-12-05 10:06:09,399 [om1@group-C5BA1605619E-FollowerState] INFO  server.RaftServer$Division (RaftServerImpl.java:setRole(379)) - om1@group-C5BA1605619E: changes role from  FOLLOWER to CANDIDATE at term 0 for changeToCandidate
2023-12-05 10:06:09,399 [om1@group-C5BA1605619E-FollowerState] INFO  server.RaftServerConfigKeys (ConfUtils.java:logGet(46)) - raft.server.leaderelection.pre-vote = true (default)
2023-12-05 10:06:09,399 [om1@group-C5BA1605619E-FollowerState] INFO  impl.RoleInfo (RoleInfo.java:updateAndGet(139)) - om1: start om1@group-C5BA1605619E-LeaderElection34
2023-12-05 10:06:09,400 [om1@group-C5BA1605619E-LeaderElection34] INFO  impl.LeaderElection (LeaderElection.java:askForVotes(323)) - om1@group-C5BA1605619E-LeaderElection34 PRE_VOTE round 0: submit vote requests at term 0 for -1: peers:[om1|localhost:15217]|listeners:[], old=null
2023-12-05 10:06:09,400 [om1@group-C5BA1605619E-LeaderElection34] INFO  impl.LeaderElection (LeaderElection.java:askForVotes(325)) - om1@group-C5BA1605619E-LeaderElection34 PRE_VOTE round 0: result PASSED (term=0)
2023-12-05 10:06:09,402 [om1@group-C5BA1605619E-LeaderElection34] INFO  impl.LeaderElection (LeaderElection.java:askForVotes(323)) - om1@group-C5BA1605619E-LeaderElection34 ELECTION round 0: submit vote requests at term 1 for -1: peers:[om1|localhost:15217]|listeners:[], old=null
2023-12-05 10:06:09,402 [om1@group-C5BA1605619E-LeaderElection34] INFO  impl.LeaderElection (LeaderElection.java:askForVotes(325)) - om1@group-C5BA1605619E-LeaderElection34 ELECTION round 0: result PASSED (term=1)
2023-12-05 10:06:09,402 [om1@group-C5BA1605619E-LeaderElection34] INFO  impl.RoleInfo (RoleInfo.java:shutdownLeaderElection(130)) - om1: shutdown om1@group-C5BA1605619E-LeaderElection34
2023-12-05 10:06:09,402 [om1@group-C5BA1605619E-LeaderElection34] INFO  server.RaftServer$Division (RaftServerImpl.java:setRole(379)) - om1@group-C5BA1605619E: changes role from CANDIDATE to LEADER at term 1 for changeToLeader
2023-12-05 10:06:09,402 [om1@group-C5BA1605619E-LeaderElection34] INFO  server.RaftServerConfigKeys (ConfUtils.java:logGet(46)) - raft.server.staging.catchup.gap = 1000 (default)
2023-12-05 10:06:09,402 [om1@group-C5BA1605619E-LeaderElection34] INFO  server.RaftServerConfigKeys (ConfUtils.java:logGet(46)) - raft.server.write.element-limit = 4096 (default)
2023-12-05 10:06:09,403 [om1@group-C5BA1605619E-LeaderElection34] INFO  server.RaftServerConfigKeys (ConfUtils.java:logGet(46)) - raft.server.write.byte-limit = 64MB (=67108864) (default)
2023-12-05 10:06:09,403 [om1@group-C5BA1605619E-LeaderElection34] INFO  server.RaftServerConfigKeys (ConfUtils.java:logGet(46)) - raft.server.watch.timeout = 10s (default)
2023-12-05 10:06:09,403 [om1@group-C5BA1605619E-LeaderElection34] INFO  server.RaftServerConfigKeys (ConfUtils.java:logGet(46)) - raft.server.watch.timeout.denomination = 1s (default)
2023-12-05 10:06:09,403 [om1@group-C5BA1605619E-LeaderElection34] INFO  server.RaftServerConfigKeys (ConfUtils.java:logGet(46)) - raft.server.watch.element-limit = 65536 (default)
2023-12-05 10:06:09,403 [om1@group-C5BA1605619E-LeaderElection34] INFO  server.RaftServerConfigKeys (ConfUtils.java:logGet(46)) - raft.server.read.leader.lease.enabled = false (default)
2023-12-05 10:06:09,403 [om1@group-C5BA1605619E-LeaderElection34] INFO  server.RaftServerConfigKeys (ConfUtils.java:logGet(46)) - raft.server.read.leader.lease.timeout.ratio = 0.9 (default)
2023-12-05 10:06:09,403 [om1@group-C5BA1605619E-LeaderElection34] INFO  server.RaftServerConfigKeys (ConfUtils.java:logGet(46)) - raft.server.rpc.timeout.min = 1s (custom)
2023-12-05 10:06:09,403 [om1@group-C5BA1605619E-LeaderElection34] INFO  server.RaftServerConfigKeys (ConfUtils.java:logGet(46)) - raft.server.write.element-limit = 4096 (default)
2023-12-05 10:06:09,403 [om1@group-C5BA1605619E-LeaderElection34] INFO  server.RaftServerConfigKeys (ConfUtils.java:logGet(46)) - raft.server.write.follower.gap.ratio.max = -1.0 (default)
2023-12-05 10:06:09,403 [om1@group-C5BA1605619E-LeaderElection34] INFO  impl.RoleInfo (RoleInfo.java:updateAndGet(139)) - om1: start om1@group-C5BA1605619E-LeaderStateImpl
2023-12-05 10:06:09,403 [om1@group-C5BA1605619E-LeaderElection34] INFO  server.RaftServer$Division (RaftServerImpl.java:setFirstElection(564)) - om1@group-C5BA1605619E: set firstElectionSinceStartup to false for becomeLeader
2023-12-05 10:06:09,403 [om1@group-C5BA1605619E-LeaderElection34] INFO  server.RaftServer$Division (ServerState.java:setLeader(265)) - om1@group-C5BA1605619E: change Leader from null to om1 at term 1 for becomeLeader, leader elected after 1428ms
2023-12-05 10:06:09,404 [om1@group-C5BA1605619E-LeaderElection34] INFO  segmented.SegmentedRaftLogWorker (SegmentedRaftLogWorker.java:startLogSegment(428)) - om1@group-C5BA1605619E-SegmentedRaftLogWorker: Starting segment from index:0
2023-12-05 10:06:09,404 [om1@group-C5BA1605619E-LeaderElection34] INFO  server.RaftServer$Division (ServerState.java:setRaftConf(382)) - om1@group-C5BA1605619E: set configuration 0: peers:[om1|localhost:15217]|listeners:[], old=null
2023-12-05 10:06:09,412 [om1@group-C5BA1605619E-SegmentedRaftLogWorker] INFO  segmented.SegmentedRaftLogWorker (SegmentedRaftLogWorker.java:execute(632)) - om1@group-C5BA1605619E-SegmentedRaftLogWorker: created new log segment /home/runner/work/ozone/ozone/hadoop-ozone/integration-test/target/test-dir/MiniOzoneClusterImpl-3c72e0ff-8f58-4301-abb3-579d07aff8c3/ozone-meta/ratis/bf265839-605b-3f16-9796-c5ba1605619e/current/log_inprogress_0
2023-12-05 10:06:09,413 [om1@group-C5BA1605619E-StateMachineUpdater] INFO  ratis.OzoneManagerStateMachine (OzoneManagerStateMachine.java:notifyConfigurationChanged(210)) - Received Configuration change notification from Ratis. New Peer list:
[id: "om1"
address: "localhost:15217"
startupRole: FOLLOWER
]
2023-12-05 10:06:09,413 [om1@group-C5BA1605619E-StateMachineUpdater] INFO  server.RaftServer$Division (LeaderStateImpl.java:isApplied(316)) - leader is ready since appliedIndex == 0 >= startIndex == 0
2023-12-05 10:06:09,536 [main] INFO  ozone.MiniOzoneClusterImpl (MiniOzoneClusterImpl.java:lambda$waitForClusterToBeReady$0(229)) - Waiting for nodes to be ready. Got 0 of 3 DN Heartbeats.
2023-12-05 10:06:09,536 [main] INFO  ozone.MiniOzoneClusterImpl (MiniOzoneClusterImpl.java:lambda$waitForClusterToBeReady$0(232)) - Waiting for cluster to exit safe mode
2023-12-05 10:06:09,536 [main] INFO  ozone.MiniOzoneClusterImpl (MiniOzoneClusterImpl.java:lambda$waitForClusterToBeReady$0(234)) - SCM became leader
2023-12-05 10:06:10,357 [6ac84334-a6f6-4892-817f-c86ff695522c-EndpointStateMachineTaskThread-/0.0.0.0:15212-0 ] INFO  utils.DatanodeStoreCache (DatanodeStoreCache.java:addDB(66)) - Added db /home/runner/work/ozone/ozone/hadoop-ozone/integration-test/target/test-dir/MiniOzoneClusterImpl-3c72e0ff-8f58-4301-abb3-579d07aff8c3/datanode-0/data-0/containers/hdds/3c72e0ff-8f58-4301-abb3-579d07aff8c3/DS-770b6874-28f0-4ea1-b871-d394bdafb390/container.db to cache
2023-12-05 10:06:10,357 [6ac84334-a6f6-4892-817f-c86ff695522c-EndpointStateMachineTaskThread-/0.0.0.0:15212-0 ] INFO  volume.HddsVolume (HddsVolume.java:createDbStore(422)) - SchemaV3 db is created and loaded at /home/runner/work/ozone/ozone/hadoop-ozone/integration-test/target/test-dir/MiniOzoneClusterImpl-3c72e0ff-8f58-4301-abb3-579d07aff8c3/datanode-0/data-0/containers/hdds/3c72e0ff-8f58-4301-abb3-579d07aff8c3/DS-770b6874-28f0-4ea1-b871-d394bdafb390/container.db for volume DS-770b6874-28f0-4ea1-b871-d394bdafb390
2023-12-05 10:06:10,357 [6ac84334-a6f6-4892-817f-c86ff695522c-EndpointStateMachineTaskThread-/0.0.0.0:15212-0 ] INFO  volume.ThrottledAsyncChecker (ThrottledAsyncChecker.java:schedule(141)) - Scheduling a check for /home/runner/work/ozone/ozone/hadoop-ozone/integration-test/target/test-dir/MiniOzoneClusterImpl-3c72e0ff-8f58-4301-abb3-579d07aff8c3/datanode-0/data-0/containers/hdds
2023-12-05 10:06:10,357 [6ac84334-a6f6-4892-817f-c86ff695522c-EndpointStateMachineTaskThread-/0.0.0.0:15212-0 ] INFO  volume.StorageVolumeChecker (StorageVolumeChecker.java:checkAllVolumes(218)) - Scheduled health check for volume /home/runner/work/ozone/ozone/hadoop-ozone/integration-test/target/test-dir/MiniOzoneClusterImpl-3c72e0ff-8f58-4301-abb3-579d07aff8c3/datanode-0/data-0/containers/hdds
2023-12-05 10:06:10,359 [6ac84334-a6f6-4892-817f-c86ff695522c-EndpointStateMachineTaskThread-/0.0.0.0:15212-0 ] INFO  volume.ThrottledAsyncChecker (ThrottledAsyncChecker.java:schedule(141)) - Scheduling a check for /home/runner/work/ozone/ozone/hadoop-ozone/integration-test/target/test-dir/MiniOzoneClusterImpl-3c72e0ff-8f58-4301-abb3-579d07aff8c3/datanode-0/data/ratis
2023-12-05 10:06:10,359 [6ac84334-a6f6-4892-817f-c86ff695522c-EndpointStateMachineTaskThread-/0.0.0.0:15212-0 ] INFO  volume.StorageVolumeChecker (StorageVolumeChecker.java:checkAllVolumes(218)) - Scheduled health check for volume /home/runner/work/ozone/ozone/hadoop-ozone/integration-test/target/test-dir/MiniOzoneClusterImpl-3c72e0ff-8f58-4301-abb3-579d07aff8c3/datanode-0/data/ratis
2023-12-05 10:06:10,360 [6ac84334-a6f6-4892-817f-c86ff695522c-EndpointStateMachineTaskThread-/0.0.0.0:15212-0 ] INFO  ozoneimpl.OzoneContainer (OzoneContainer.java:start(441)) - Attempting to start container services.
2023-12-05 10:06:10,360 [6ac84334-a6f6-4892-817f-c86ff695522c-EndpointStateMachineTaskThread-/0.0.0.0:15212-0 ] INFO  ozoneimpl.OzoneContainer (OzoneContainer.java:startContainerScrub(337)) - Scheduled background container scanners and the on-demand container scanner have been disabled.
2023-12-05 10:06:10,360 [6ac84334-a6f6-4892-817f-c86ff695522c-EndpointStateMachineTaskThread-/0.0.0.0:15212-0 ] INFO  replication.ReplicationServer (ReplicationServer.java:start(139)) - ReplicationServer is started using port 15226
2023-12-05 10:06:10,360 [6ac84334-a6f6-4892-817f-c86ff695522c-EndpointStateMachineTaskThread-/0.0.0.0:15212-0 ] INFO  ratis.XceiverServerRatis (XceiverServerRatis.java:start(548)) - Starting XceiverServerRatis 6ac84334-a6f6-4892-817f-c86ff695522c
2023-12-05 10:06:10,361 [6ac84334-a6f6-4892-817f-c86ff695522c-EndpointStateMachineTaskThread-/0.0.0.0:15212-0 ] INFO  server.RaftServer (RaftServerProxy.java:startImpl(406)) - 6ac84334-a6f6-4892-817f-c86ff695522c: start RPC server
2023-12-05 10:06:10,361 [6ac84334-a6f6-4892-817f-c86ff695522c-EndpointStateMachineTaskThread-/0.0.0.0:15212-0 ] INFO  server.GrpcService (GrpcService.java:startImpl(302)) - 6ac84334-a6f6-4892-817f-c86ff695522c: GrpcService started, listening on 15222
2023-12-05 10:06:10,361 [6ac84334-a6f6-4892-817f-c86ff695522c-EndpointStateMachineTaskThread-/0.0.0.0:15212-0 ] INFO  server.GrpcService (GrpcService.java:startImpl(302)) - 6ac84334-a6f6-4892-817f-c86ff695522c: GrpcService started, listening on 15224
2023-12-05 10:06:10,362 [6ac84334-a6f6-4892-817f-c86ff695522c-EndpointStateMachineTaskThread-/0.0.0.0:15212-0 ] INFO  server.GrpcService (GrpcService.java:startImpl(302)) - 6ac84334-a6f6-4892-817f-c86ff695522c: GrpcService started, listening on 15223
2023-12-05 10:06:10,362 [6ac84334-a6f6-4892-817f-c86ff695522c-EndpointStateMachineTaskThread-/0.0.0.0:15212-0 ] INFO  ratis.XceiverServerRatis (XceiverServerRatis.java:getRealPort(574)) - XceiverServerRatis 6ac84334-a6f6-4892-817f-c86ff695522c is started using port 15222 for RATIS
2023-12-05 10:06:10,362 [6ac84334-a6f6-4892-817f-c86ff695522c-EndpointStateMachineTaskThread-/0.0.0.0:15212-0 ] INFO  ratis.XceiverServerRatis (XceiverServerRatis.java:getRealPort(574)) - XceiverServerRatis 6ac84334-a6f6-4892-817f-c86ff695522c is started using port 15223 for RATIS_ADMIN
2023-12-05 10:06:10,362 [6ac84334-a6f6-4892-817f-c86ff695522c-EndpointStateMachineTaskThread-/0.0.0.0:15212-0 ] INFO  ratis.XceiverServerRatis (XceiverServerRatis.java:getRealPort(574)) - XceiverServerRatis 6ac84334-a6f6-4892-817f-c86ff695522c is started using port 15224 for RATIS_SERVER
2023-12-05 10:06:10,362 [6ac84334-a6f6-4892-817f-c86ff695522c-EndpointStateMachineTaskThread-/0.0.0.0:15212-0 ] INFO  ratis.XceiverServerRatis (XceiverServerRatis.java:getRealPort(574)) - XceiverServerRatis 6ac84334-a6f6-4892-817f-c86ff695522c is started using port 15225 for RATIS_DATASTREAM
2023-12-05 10:06:10,362 [JvmPauseMonitor33] INFO  util.JvmPauseMonitor (JvmPauseMonitor.java:run(146)) - JvmPauseMonitor-6ac84334-a6f6-4892-817f-c86ff695522c: Started
2023-12-05 10:06:10,363 [6ac84334-a6f6-4892-817f-c86ff695522c-BlockDeletingService#0] INFO  interfaces.ContainerDeletionChoosingPolicyTemplate (ContainerDeletionChoosingPolicyTemplate.java:chooseContainerForBlockDeletion(85)) - Chosen 0/5000 blocks from 0 candidate containers.
2023-12-05 10:06:10,448 [6f95716b-3660-49a7-9d3e-d882775bc705-EndpointStateMachineTaskThread-/0.0.0.0:15212-0 ] INFO  utils.DatanodeStoreCache (DatanodeStoreCache.java:addDB(66)) - Added db /home/runner/work/ozone/ozone/hadoop-ozone/integration-test/target/test-dir/MiniOzoneClusterImpl-3c72e0ff-8f58-4301-abb3-579d07aff8c3/datanode-1/data-0/containers/hdds/3c72e0ff-8f58-4301-abb3-579d07aff8c3/DS-51a5bff1-b53d-424d-888f-406798096079/container.db to cache
2023-12-05 10:06:10,448 [6f95716b-3660-49a7-9d3e-d882775bc705-EndpointStateMachineTaskThread-/0.0.0.0:15212-0 ] INFO  volume.HddsVolume (HddsVolume.java:createDbStore(422)) - SchemaV3 db is created and loaded at /home/runner/work/ozone/ozone/hadoop-ozone/integration-test/target/test-dir/MiniOzoneClusterImpl-3c72e0ff-8f58-4301-abb3-579d07aff8c3/datanode-1/data-0/containers/hdds/3c72e0ff-8f58-4301-abb3-579d07aff8c3/DS-51a5bff1-b53d-424d-888f-406798096079/container.db for volume DS-51a5bff1-b53d-424d-888f-406798096079
2023-12-05 10:06:10,449 [6f95716b-3660-49a7-9d3e-d882775bc705-EndpointStateMachineTaskThread-/0.0.0.0:15212-0 ] INFO  volume.ThrottledAsyncChecker (ThrottledAsyncChecker.java:schedule(141)) - Scheduling a check for /home/runner/work/ozone/ozone/hadoop-ozone/integration-test/target/test-dir/MiniOzoneClusterImpl-3c72e0ff-8f58-4301-abb3-579d07aff8c3/datanode-1/data-0/containers/hdds
2023-12-05 10:06:10,449 [6f95716b-3660-49a7-9d3e-d882775bc705-EndpointStateMachineTaskThread-/0.0.0.0:15212-0 ] INFO  volume.StorageVolumeChecker (StorageVolumeChecker.java:checkAllVolumes(218)) - Scheduled health check for volume /home/runner/work/ozone/ozone/hadoop-ozone/integration-test/target/test-dir/MiniOzoneClusterImpl-3c72e0ff-8f58-4301-abb3-579d07aff8c3/datanode-1/data-0/containers/hdds
2023-12-05 10:06:10,451 [6f95716b-3660-49a7-9d3e-d882775bc705-EndpointStateMachineTaskThread-/0.0.0.0:15212-0 ] INFO  volume.ThrottledAsyncChecker (ThrottledAsyncChecker.java:schedule(141)) - Scheduling a check for /home/runner/work/ozone/ozone/hadoop-ozone/integration-test/target/test-dir/MiniOzoneClusterImpl-3c72e0ff-8f58-4301-abb3-579d07aff8c3/datanode-1/data/ratis
2023-12-05 10:06:10,451 [6f95716b-3660-49a7-9d3e-d882775bc705-EndpointStateMachineTaskThread-/0.0.0.0:15212-0 ] INFO  volume.StorageVolumeChecker (StorageVolumeChecker.java:checkAllVolumes(218)) - Scheduled health check for volume /home/runner/work/ozone/ozone/hadoop-ozone/integration-test/target/test-dir/MiniOzoneClusterImpl-3c72e0ff-8f58-4301-abb3-579d07aff8c3/datanode-1/data/ratis
2023-12-05 10:06:10,452 [6f95716b-3660-49a7-9d3e-d882775bc705-EndpointStateMachineTaskThread-/0.0.0.0:15212-0 ] INFO  ozoneimpl.OzoneContainer (OzoneContainer.java:start(441)) - Attempting to start container services.
2023-12-05 10:06:10,452 [6f95716b-3660-49a7-9d3e-d882775bc705-EndpointStateMachineTaskThread-/0.0.0.0:15212-0 ] INFO  ozoneimpl.OzoneContainer (OzoneContainer.java:startContainerScrub(337)) - Scheduled background container scanners and the on-demand container scanner have been disabled.
2023-12-05 10:06:10,452 [6f95716b-3660-49a7-9d3e-d882775bc705-EndpointStateMachineTaskThread-/0.0.0.0:15212-0 ] INFO  replication.ReplicationServer (ReplicationServer.java:start(139)) - ReplicationServer is started using port 15235
2023-12-05 10:06:10,453 [6f95716b-3660-49a7-9d3e-d882775bc705-EndpointStateMachineTaskThread-/0.0.0.0:15212-0 ] INFO  ratis.XceiverServerRatis (XceiverServerRatis.java:start(548)) - Starting XceiverServerRatis 6f95716b-3660-49a7-9d3e-d882775bc705
2023-12-05 10:06:10,453 [6f95716b-3660-49a7-9d3e-d882775bc705-EndpointStateMachineTaskThread-/0.0.0.0:15212-0 ] INFO  server.RaftServer (RaftServerProxy.java:startImpl(406)) - 6f95716b-3660-49a7-9d3e-d882775bc705: start RPC server
2023-12-05 10:06:10,453 [6f95716b-3660-49a7-9d3e-d882775bc705-EndpointStateMachineTaskThread-/0.0.0.0:15212-0 ] INFO  server.GrpcService (GrpcService.java:startImpl(302)) - 6f95716b-3660-49a7-9d3e-d882775bc705: GrpcService started, listening on 15231
2023-12-05 10:06:10,454 [6f95716b-3660-49a7-9d3e-d882775bc705-EndpointStateMachineTaskThread-/0.0.0.0:15212-0 ] INFO  server.GrpcService (GrpcService.java:startImpl(302)) - 6f95716b-3660-49a7-9d3e-d882775bc705: GrpcService started, listening on 15233
2023-12-05 10:06:10,454 [6f95716b-3660-49a7-9d3e-d882775bc705-EndpointStateMachineTaskThread-/0.0.0.0:15212-0 ] INFO  server.GrpcService (GrpcService.java:startImpl(302)) - 6f95716b-3660-49a7-9d3e-d882775bc705: GrpcService started, listening on 15232
2023-12-05 10:06:10,454 [6f95716b-3660-49a7-9d3e-d882775bc705-EndpointStateMachineTaskThread-/0.0.0.0:15212-0 ] INFO  ratis.XceiverServerRatis (XceiverServerRatis.java:getRealPort(574)) - XceiverServerRatis 6f95716b-3660-49a7-9d3e-d882775bc705 is started using port 15231 for RATIS
2023-12-05 10:06:10,454 [6f95716b-3660-49a7-9d3e-d882775bc705-EndpointStateMachineTaskThread-/0.0.0.0:15212-0 ] INFO  ratis.XceiverServerRatis (XceiverServerRatis.java:getRealPort(574)) - XceiverServerRatis 6f95716b-3660-49a7-9d3e-d882775bc705 is started using port 15232 for RATIS_ADMIN
2023-12-05 10:06:10,454 [6f95716b-3660-49a7-9d3e-d882775bc705-EndpointStateMachineTaskThread-/0.0.0.0:15212-0 ] INFO  ratis.XceiverServerRatis (XceiverServerRatis.java:getRealPort(574)) - XceiverServerRatis 6f95716b-3660-49a7-9d3e-d882775bc705 is started using port 15233 for RATIS_SERVER
2023-12-05 10:06:10,454 [6f95716b-3660-49a7-9d3e-d882775bc705-EndpointStateMachineTaskThread-/0.0.0.0:15212-0 ] INFO  ratis.XceiverServerRatis (XceiverServerRatis.java:getRealPort(574)) - XceiverServerRatis 6f95716b-3660-49a7-9d3e-d882775bc705 is started using port 15234 for RATIS_DATASTREAM
2023-12-05 10:06:10,455 [JvmPauseMonitor34] INFO  util.JvmPauseMonitor (JvmPauseMonitor.java:run(146)) - JvmPauseMonitor-6f95716b-3660-49a7-9d3e-d882775bc705: Started
2023-12-05 10:06:10,456 [6f95716b-3660-49a7-9d3e-d882775bc705-BlockDeletingService#0] INFO  interfaces.ContainerDeletionChoosingPolicyTemplate (ContainerDeletionChoosingPolicyTemplate.java:chooseContainerForBlockDeletion(85)) - Chosen 0/5000 blocks from 0 candidate containers.
2023-12-05 10:06:10,536 [main] INFO  ozone.MiniOzoneClusterImpl (MiniOzoneClusterImpl.java:lambda$waitForClusterToBeReady$0(229)) - Waiting for nodes to be ready. Got 0 of 3 DN Heartbeats.
2023-12-05 10:06:10,536 [main] INFO  ozone.MiniOzoneClusterImpl (MiniOzoneClusterImpl.java:lambda$waitForClusterToBeReady$0(232)) - Waiting for cluster to exit safe mode
2023-12-05 10:06:10,536 [main] INFO  ozone.MiniOzoneClusterImpl (MiniOzoneClusterImpl.java:lambda$waitForClusterToBeReady$0(234)) - SCM became leader
2023-12-05 10:06:10,560 [4698bbfe-1326-4b8d-b9e8-ec717de956b7-EndpointStateMachineTaskThread-/0.0.0.0:15212-0 ] INFO  utils.DatanodeStoreCache (DatanodeStoreCache.java:addDB(66)) - Added db /home/runner/work/ozone/ozone/hadoop-ozone/integration-test/target/test-dir/MiniOzoneClusterImpl-3c72e0ff-8f58-4301-abb3-579d07aff8c3/datanode-2/data-0/containers/hdds/3c72e0ff-8f58-4301-abb3-579d07aff8c3/DS-f33022ec-6a17-4da6-8260-af25e5dc2161/container.db to cache
2023-12-05 10:06:10,560 [4698bbfe-1326-4b8d-b9e8-ec717de956b7-EndpointStateMachineTaskThread-/0.0.0.0:15212-0 ] INFO  volume.HddsVolume (HddsVolume.java:createDbStore(422)) - SchemaV3 db is created and loaded at /home/runner/work/ozone/ozone/hadoop-ozone/integration-test/target/test-dir/MiniOzoneClusterImpl-3c72e0ff-8f58-4301-abb3-579d07aff8c3/datanode-2/data-0/containers/hdds/3c72e0ff-8f58-4301-abb3-579d07aff8c3/DS-f33022ec-6a17-4da6-8260-af25e5dc2161/container.db for volume DS-f33022ec-6a17-4da6-8260-af25e5dc2161
2023-12-05 10:06:10,560 [4698bbfe-1326-4b8d-b9e8-ec717de956b7-EndpointStateMachineTaskThread-/0.0.0.0:15212-0 ] INFO  volume.ThrottledAsyncChecker (ThrottledAsyncChecker.java:schedule(141)) - Scheduling a check for /home/runner/work/ozone/ozone/hadoop-ozone/integration-test/target/test-dir/MiniOzoneClusterImpl-3c72e0ff-8f58-4301-abb3-579d07aff8c3/datanode-2/data-0/containers/hdds
2023-12-05 10:06:10,560 [4698bbfe-1326-4b8d-b9e8-ec717de956b7-EndpointStateMachineTaskThread-/0.0.0.0:15212-0 ] INFO  volume.StorageVolumeChecker (StorageVolumeChecker.java:checkAllVolumes(218)) - Scheduled health check for volume /home/runner/work/ozone/ozone/hadoop-ozone/integration-test/target/test-dir/MiniOzoneClusterImpl-3c72e0ff-8f58-4301-abb3-579d07aff8c3/datanode-2/data-0/containers/hdds
2023-12-05 10:06:10,561 [4698bbfe-1326-4b8d-b9e8-ec717de956b7-EndpointStateMachineTaskThread-/0.0.0.0:15212-0 ] INFO  volume.ThrottledAsyncChecker (ThrottledAsyncChecker.java:schedule(141)) - Scheduling a check for /home/runner/work/ozone/ozone/hadoop-ozone/integration-test/target/test-dir/MiniOzoneClusterImpl-3c72e0ff-8f58-4301-abb3-579d07aff8c3/datanode-2/data/ratis
2023-12-05 10:06:10,561 [4698bbfe-1326-4b8d-b9e8-ec717de956b7-EndpointStateMachineTaskThread-/0.0.0.0:15212-0 ] INFO  volume.StorageVolumeChecker (StorageVolumeChecker.java:checkAllVolumes(218)) - Scheduled health check for volume /home/runner/work/ozone/ozone/hadoop-ozone/integration-test/target/test-dir/MiniOzoneClusterImpl-3c72e0ff-8f58-4301-abb3-579d07aff8c3/datanode-2/data/ratis
2023-12-05 10:06:10,562 [4698bbfe-1326-4b8d-b9e8-ec717de956b7-EndpointStateMachineTaskThread-/0.0.0.0:15212-0 ] INFO  ozoneimpl.OzoneContainer (OzoneContainer.java:start(441)) - Attempting to start container services.
2023-12-05 10:06:10,562 [4698bbfe-1326-4b8d-b9e8-ec717de956b7-EndpointStateMachineTaskThread-/0.0.0.0:15212-0 ] INFO  ozoneimpl.OzoneContainer (OzoneContainer.java:startContainerScrub(337)) - Scheduled background container scanners and the on-demand container scanner have been disabled.
2023-12-05 10:06:10,563 [4698bbfe-1326-4b8d-b9e8-ec717de956b7-EndpointStateMachineTaskThread-/0.0.0.0:15212-0 ] INFO  replication.ReplicationServer (ReplicationServer.java:start(139)) - ReplicationServer is started using port 15244
2023-12-05 10:06:10,563 [4698bbfe-1326-4b8d-b9e8-ec717de956b7-EndpointStateMachineTaskThread-/0.0.0.0:15212-0 ] INFO  ratis.XceiverServerRatis (XceiverServerRatis.java:start(548)) - Starting XceiverServerRatis 4698bbfe-1326-4b8d-b9e8-ec717de956b7
2023-12-05 10:06:10,564 [4698bbfe-1326-4b8d-b9e8-ec717de956b7-EndpointStateMachineTaskThread-/0.0.0.0:15212-0 ] INFO  server.RaftServer (RaftServerProxy.java:startImpl(406)) - 4698bbfe-1326-4b8d-b9e8-ec717de956b7: start RPC server
2023-12-05 10:06:10,564 [4698bbfe-1326-4b8d-b9e8-ec717de956b7-EndpointStateMachineTaskThread-/0.0.0.0:15212-0 ] INFO  server.GrpcService (GrpcService.java:startImpl(302)) - 4698bbfe-1326-4b8d-b9e8-ec717de956b7: GrpcService started, listening on 15240
2023-12-05 10:06:10,564 [4698bbfe-1326-4b8d-b9e8-ec717de956b7-EndpointStateMachineTaskThread-/0.0.0.0:15212-0 ] INFO  server.GrpcService (GrpcService.java:startImpl(302)) - 4698bbfe-1326-4b8d-b9e8-ec717de956b7: GrpcService started, listening on 15242
2023-12-05 10:06:10,564 [4698bbfe-1326-4b8d-b9e8-ec717de956b7-EndpointStateMachineTaskThread-/0.0.0.0:15212-0 ] INFO  server.GrpcService (GrpcService.java:startImpl(302)) - 4698bbfe-1326-4b8d-b9e8-ec717de956b7: GrpcService started, listening on 15241
2023-12-05 10:06:10,565 [4698bbfe-1326-4b8d-b9e8-ec717de956b7-EndpointStateMachineTaskThread-/0.0.0.0:15212-0 ] INFO  ratis.XceiverServerRatis (XceiverServerRatis.java:getRealPort(574)) - XceiverServerRatis 4698bbfe-1326-4b8d-b9e8-ec717de956b7 is started using port 15240 for RATIS
2023-12-05 10:06:10,565 [JvmPauseMonitor35] INFO  util.JvmPauseMonitor (JvmPauseMonitor.java:run(146)) - JvmPauseMonitor-4698bbfe-1326-4b8d-b9e8-ec717de956b7: Started
2023-12-05 10:06:10,565 [4698bbfe-1326-4b8d-b9e8-ec717de956b7-EndpointStateMachineTaskThread-/0.0.0.0:15212-0 ] INFO  ratis.XceiverServerRatis (XceiverServerRatis.java:getRealPort(574)) - XceiverServerRatis 4698bbfe-1326-4b8d-b9e8-ec717de956b7 is started using port 15241 for RATIS_ADMIN
2023-12-05 10:06:10,565 [4698bbfe-1326-4b8d-b9e8-ec717de956b7-EndpointStateMachineTaskThread-/0.0.0.0:15212-0 ] INFO  ratis.XceiverServerRatis (XceiverServerRatis.java:getRealPort(574)) - XceiverServerRatis 4698bbfe-1326-4b8d-b9e8-ec717de956b7 is started using port 15242 for RATIS_SERVER
2023-12-05 10:06:10,565 [4698bbfe-1326-4b8d-b9e8-ec717de956b7-EndpointStateMachineTaskThread-/0.0.0.0:15212-0 ] INFO  ratis.XceiverServerRatis (XceiverServerRatis.java:getRealPort(574)) - XceiverServerRatis 4698bbfe-1326-4b8d-b9e8-ec717de956b7 is started using port 15243 for RATIS_DATASTREAM
2023-12-05 10:06:10,565 [4698bbfe-1326-4b8d-b9e8-ec717de956b7-BlockDeletingService#0] INFO  interfaces.ContainerDeletionChoosingPolicyTemplate (ContainerDeletionChoosingPolicyTemplate.java:chooseContainerForBlockDeletion(85)) - Chosen 0/5000 blocks from 0 candidate containers.
2023-12-05 10:06:11,537 [main] INFO  ozone.MiniOzoneClusterImpl (MiniOzoneClusterImpl.java:lambda$waitForClusterToBeReady$0(229)) - Waiting for nodes to be ready. Got 0 of 3 DN Heartbeats.
2023-12-05 10:06:11,537 [main] INFO  ozone.MiniOzoneClusterImpl (MiniOzoneClusterImpl.java:lambda$waitForClusterToBeReady$0(232)) - Waiting for cluster to exit safe mode
2023-12-05 10:06:11,537 [main] INFO  ozone.MiniOzoneClusterImpl (MiniOzoneClusterImpl.java:lambda$waitForClusterToBeReady$0(234)) - SCM became leader
2023-12-05 10:06:12,333 [IPC Server handler 0 on default port 15212] INFO  net.NetworkTopologyImpl (NetworkTopologyImpl.java:add(124)) - Added a new node: /default-rack/6ac84334-a6f6-4892-817f-c86ff695522c
2023-12-05 10:06:12,333 [IPC Server handler 0 on default port 15212] INFO  node.SCMNodeManager (SCMNodeManager.java:register(405)) - Registered datanode: 6ac84334-a6f6-4892-817f-c86ff695522c{ip: 10.1.0.7, host: fv-az884-53.nlrrjjsaionubk4jys1hz1dhmg.bx.internal.cloudapp.net, ports: [HTTP=15219, CLIENT_RPC=15220, REPLICATION=15226, RATIS=15222, RATIS_ADMIN=15223, RATIS_SERVER=15224, RATIS_DATASTREAM=15225, STANDALONE=15221], networkLocation: /default-rack, certSerialId: null, persistedOpState: null, persistedOpStateExpiryEpochSec: 0}
2023-12-05 10:06:12,334 [EventQueue-NewNodeForNewNodeHandler] INFO  pipeline.BackgroundPipelineCreator (BackgroundPipelineCreator.java:notifyEventTriggered(280)) - trigger a one-shot run on RatisPipelineUtilsThread.
2023-12-05 10:06:12,335 [EventQueue-NodeRegistrationContainerReportForDataNodeSafeModeRule] INFO  safemode.SCMSafeModeManager (DataNodeSafeModeRule.java:process(71)) - SCM in safe mode. 1 DataNodes registered, 3 required.
2023-12-05 10:06:12,335 [RatisPipelineUtilsThread-0] INFO  pipeline.RatisPipelineProvider (RatisPipelineProvider.java:lambda$create$0(206)) - Sending CreatePipelineCommand for pipeline:PipelineID=71c28145-2bee-4356-9b23-dcde4c756f5f to datanode:6ac84334-a6f6-4892-817f-c86ff695522c
2023-12-05 10:06:12,335 [EventQueue-NodeRegistrationContainerReportForContainerSafeModeRule] INFO  safemode.SCMSafeModeManager (SCMSafeModeManager.java:validateSafeModeExitRules(200)) - ContainerSafeModeRule rule is successfully validated
2023-12-05 10:06:12,336 [EventQueue-PipelineReportForOneReplicaPipelineSafeModeRule] INFO  safemode.SCMSafeModeManager (SCMSafeModeManager.java:validateSafeModeExitRules(200)) - AtleastOneDatanodeReportedRule rule is successfully validated
2023-12-05 10:06:12,336 [RatisPipelineUtilsThread-0] INFO  pipeline.BackgroundPipelineCreator (BackgroundPipelineCreator.java:createPipelines(236)) - Created new pipeline Pipeline[ Id: 71c28145-2bee-4356-9b23-dcde4c756f5f, Nodes: 6ac84334-a6f6-4892-817f-c86ff695522c(fv-az884-53.nlrrjjsaionubk4jys1hz1dhmg.bx.internal.cloudapp.net/10.1.0.7), ReplicationConfig: RATIS/ONE, State:ALLOCATED, leaderId:, CreationTimestamp2023-12-05T10:06:12.335Z[Etc/UTC]]
2023-12-05 10:06:12,426 [IPC Server handler 1 on default port 15212] INFO  net.NetworkTopologyImpl (NetworkTopologyImpl.java:add(124)) - Added a new node: /default-rack/6f95716b-3660-49a7-9d3e-d882775bc705
2023-12-05 10:06:12,426 [IPC Server handler 1 on default port 15212] INFO  node.SCMNodeManager (SCMNodeManager.java:register(405)) - Registered datanode: 6f95716b-3660-49a7-9d3e-d882775bc705{ip: 10.1.0.7, host: fv-az884-53.nlrrjjsaionubk4jys1hz1dhmg.bx.internal.cloudapp.net, ports: [HTTP=15228, CLIENT_RPC=15229, REPLICATION=15235, RATIS=15231, RATIS_ADMIN=15232, RATIS_SERVER=15233, RATIS_DATASTREAM=15234, STANDALONE=15230], networkLocation: /default-rack, certSerialId: null, persistedOpState: null, persistedOpStateExpiryEpochSec: 0}
2023-12-05 10:06:12,427 [EventQueue-NodeRegistrationContainerReportForDataNodeSafeModeRule] INFO  safemode.SCMSafeModeManager (DataNodeSafeModeRule.java:process(71)) - SCM in safe mode. 2 DataNodes registered, 3 required.
2023-12-05 10:06:12,427 [EventQueue-NewNodeForNewNodeHandler] INFO  pipeline.BackgroundPipelineCreator (BackgroundPipelineCreator.java:notifyEventTriggered(280)) - trigger a one-shot run on RatisPipelineUtilsThread.
2023-12-05 10:06:12,428 [RatisPipelineUtilsThread-0] INFO  pipeline.RatisPipelineProvider (RatisPipelineProvider.java:lambda$create$0(206)) - Sending CreatePipelineCommand for pipeline:PipelineID=2857e50f-d82a-48ca-9f85-d7a9f2f84d09 to datanode:6f95716b-3660-49a7-9d3e-d882775bc705
2023-12-05 10:06:12,429 [RatisPipelineUtilsThread-0] INFO  pipeline.BackgroundPipelineCreator (BackgroundPipelineCreator.java:createPipelines(236)) - Created new pipeline Pipeline[ Id: 2857e50f-d82a-48ca-9f85-d7a9f2f84d09, Nodes: 6f95716b-3660-49a7-9d3e-d882775bc705(fv-az884-53.nlrrjjsaionubk4jys1hz1dhmg.bx.internal.cloudapp.net/10.1.0.7), ReplicationConfig: RATIS/ONE, State:ALLOCATED, leaderId:, CreationTimestamp2023-12-05T10:06:12.428Z[Etc/UTC]]
2023-12-05 10:06:12,537 [main] INFO  ozone.MiniOzoneClusterImpl (MiniOzoneClusterImpl.java:lambda$waitForClusterToBeReady$0(229)) - Waiting for nodes to be ready. Got 2 of 3 DN Heartbeats.
2023-12-05 10:06:12,537 [main] INFO  ozone.MiniOzoneClusterImpl (MiniOzoneClusterImpl.java:lambda$waitForClusterToBeReady$0(232)) - Waiting for cluster to exit safe mode
2023-12-05 10:06:12,538 [main] INFO  ozone.MiniOzoneClusterImpl (MiniOzoneClusterImpl.java:lambda$waitForClusterToBeReady$0(234)) - SCM became leader
2023-12-05 10:06:12,538 [IPC Server handler 2 on default port 15212] INFO  net.NetworkTopologyImpl (NetworkTopologyImpl.java:add(124)) - Added a new node: /default-rack/4698bbfe-1326-4b8d-b9e8-ec717de956b7
2023-12-05 10:06:12,538 [IPC Server handler 2 on default port 15212] INFO  node.SCMNodeManager (SCMNodeManager.java:register(405)) - Registered datanode: 4698bbfe-1326-4b8d-b9e8-ec717de956b7{ip: 10.1.0.7, host: fv-az884-53.nlrrjjsaionubk4jys1hz1dhmg.bx.internal.cloudapp.net, ports: [HTTP=15237, CLIENT_RPC=15238, REPLICATION=15244, RATIS=15240, RATIS_ADMIN=15241, RATIS_SERVER=15242, RATIS_DATASTREAM=15243, STANDALONE=15239], networkLocation: /default-rack, certSerialId: null, persistedOpState: null, persistedOpStateExpiryEpochSec: 0}
2023-12-05 10:06:12,538 [EventQueue-NewNodeForNewNodeHandler] INFO  pipeline.BackgroundPipelineCreator (BackgroundPipelineCreator.java:notifyEventTriggered(280)) - trigger a one-shot run on RatisPipelineUtilsThread.
2023-12-05 10:06:12,538 [EventQueue-NodeRegistrationContainerReportForDataNodeSafeModeRule] INFO  safemode.SCMSafeModeManager (DataNodeSafeModeRule.java:process(71)) - SCM in safe mode. 3 DataNodes registered, 3 required.
2023-12-05 10:06:12,538 [EventQueue-NodeRegistrationContainerReportForDataNodeSafeModeRule] INFO  safemode.SCMSafeModeManager (SCMSafeModeManager.java:validateSafeModeExitRules(200)) - DataNodeSafeModeRule rule is successfully validated
2023-12-05 10:06:12,538 [EventQueue-NodeRegistrationContainerReportForDataNodeSafeModeRule] INFO  safemode.SCMSafeModeManager (SCMSafeModeManager.java:completePreCheck(229)) - All SCM safe mode pre check rules have passed
2023-12-05 10:06:12,538 [EventQueue-NodeRegistrationContainerReportForDataNodeSafeModeRule] INFO  ha.SCMContext (SCMContext.java:updateSafeModeStatus(230)) - Update SafeModeStatus from SafeModeStatus{safeModeStatus=true, preCheckPassed=false} to SafeModeStatus{safeModeStatus=true, preCheckPassed=true}.
2023-12-05 10:06:12,538 [EventQueue-NodeRegistrationContainerReportForDataNodeSafeModeRule] INFO  pipeline.BackgroundPipelineCreator (BackgroundPipelineCreator.java:notifyEventTriggered(280)) - trigger a one-shot run on RatisPipelineUtilsThread.
2023-12-05 10:06:12,539 [RatisPipelineUtilsThread-0] INFO  pipeline.RatisPipelineProvider (RatisPipelineProvider.java:lambda$create$0(206)) - Sending CreatePipelineCommand for pipeline:PipelineID=d443e26c-9f13-4ff7-b272-c12e2b5e2adf to datanode:4698bbfe-1326-4b8d-b9e8-ec717de956b7
2023-12-05 10:06:12,539 [RatisPipelineUtilsThread-0] INFO  pipeline.BackgroundPipelineCreator (BackgroundPipelineCreator.java:createPipelines(236)) - Created new pipeline Pipeline[ Id: d443e26c-9f13-4ff7-b272-c12e2b5e2adf, Nodes: 4698bbfe-1326-4b8d-b9e8-ec717de956b7(fv-az884-53.nlrrjjsaionubk4jys1hz1dhmg.bx.internal.cloudapp.net/10.1.0.7), ReplicationConfig: RATIS/ONE, State:ALLOCATED, leaderId:, CreationTimestamp2023-12-05T10:06:12.539Z[Etc/UTC]]
2023-12-05 10:06:12,539 [RatisPipelineUtilsThread-0] INFO  pipeline.RatisPipelineProvider (RatisPipelineProvider.java:lambda$create$0(206)) - Sending CreatePipelineCommand for pipeline:PipelineID=6b83caf6-f4f5-41a7-94a0-db478ea26896 to datanode:6ac84334-a6f6-4892-817f-c86ff695522c
2023-12-05 10:06:12,539 [RatisPipelineUtilsThread-0] INFO  pipeline.RatisPipelineProvider (RatisPipelineProvider.java:lambda$create$0(206)) - Sending CreatePipelineCommand for pipeline:PipelineID=6b83caf6-f4f5-41a7-94a0-db478ea26896 to datanode:6f95716b-3660-49a7-9d3e-d882775bc705
2023-12-05 10:06:12,540 [RatisPipelineUtilsThread-0] INFO  pipeline.RatisPipelineProvider (RatisPipelineProvider.java:lambda$create$0(206)) - Sending CreatePipelineCommand for pipeline:PipelineID=6b83caf6-f4f5-41a7-94a0-db478ea26896 to datanode:4698bbfe-1326-4b8d-b9e8-ec717de956b7
2023-12-05 10:06:12,540 [RatisPipelineUtilsThread-0] INFO  pipeline.BackgroundPipelineCreator (BackgroundPipelineCreator.java:createPipelines(236)) - Created new pipeline Pipeline[ Id: 6b83caf6-f4f5-41a7-94a0-db478ea26896, Nodes: 6ac84334-a6f6-4892-817f-c86ff695522c(fv-az884-53.nlrrjjsaionubk4jys1hz1dhmg.bx.internal.cloudapp.net/10.1.0.7)6f95716b-3660-49a7-9d3e-d882775bc705(fv-az884-53.nlrrjjsaionubk4jys1hz1dhmg.bx.internal.cloudapp.net/10.1.0.7)4698bbfe-1326-4b8d-b9e8-ec717de956b7(fv-az884-53.nlrrjjsaionubk4jys1hz1dhmg.bx.internal.cloudapp.net/10.1.0.7), ReplicationConfig: RATIS/THREE, State:ALLOCATED, leaderId:, CreationTimestamp2023-12-05T10:06:12.539Z[Etc/UTC]]
2023-12-05 10:06:13,538 [main] INFO  ozone.MiniOzoneClusterImpl (MiniOzoneClusterImpl.java:lambda$waitForClusterToBeReady$0(229)) - Nodes are ready. Got 3 of 3 DN Heartbeats.
2023-12-05 10:06:13,538 [main] INFO  ozone.MiniOzoneClusterImpl (MiniOzoneClusterImpl.java:lambda$waitForClusterToBeReady$0(232)) - Waiting for cluster to exit safe mode
2023-12-05 10:06:13,538 [main] INFO  ozone.MiniOzoneClusterImpl (MiniOzoneClusterImpl.java:lambda$waitForClusterToBeReady$0(234)) - SCM became leader
2023-12-05 10:06:14,538 [main] INFO  ozone.MiniOzoneClusterImpl (MiniOzoneClusterImpl.java:lambda$waitForClusterToBeReady$0(229)) - Nodes are ready. Got 3 of 3 DN Heartbeats.
2023-12-05 10:06:14,539 [main] INFO  ozone.MiniOzoneClusterImpl (MiniOzoneClusterImpl.java:lambda$waitForClusterToBeReady$0(232)) - Waiting for cluster to exit safe mode
2023-12-05 10:06:14,539 [main] INFO  ozone.MiniOzoneClusterImpl (MiniOzoneClusterImpl.java:lambda$waitForClusterToBeReady$0(234)) - SCM became leader
2023-12-05 10:06:15,332 [6ac84334-a6f6-4892-817f-c86ff695522c-PipelineCommandHandlerThread-0] INFO  server.RaftServer (RaftServerProxy.java:addNew(100)) - 6ac84334-a6f6-4892-817f-c86ff695522c: addNew group-DCDE4C756F5F:[6ac84334-a6f6-4892-817f-c86ff695522c|10.1.0.7:15224] returns group-DCDE4C756F5F:java.util.concurrent.CompletableFuture@64f00103[Not completed]
2023-12-05 10:06:15,333 [6ac84334-a6f6-4892-817f-c86ff695522c-groupManagement] INFO  server.RaftServer$Division (RaftServerImpl.java:<init>(256)) - 6ac84334-a6f6-4892-817f-c86ff695522c: new RaftServerImpl for group-DCDE4C756F5F:[6ac84334-a6f6-4892-817f-c86ff695522c|10.1.0.7:15224] with ContainerStateMachine:uninitialized
2023-12-05 10:06:15,333 [6ac84334-a6f6-4892-817f-c86ff695522c-groupManagement] INFO  server.RaftServerConfigKeys (ConfUtils.java:logGet(46)) - raft.server.rpc.timeout.min = 5s (custom)
2023-12-05 10:06:15,333 [6ac84334-a6f6-4892-817f-c86ff695522c-groupManagement] INFO  server.RaftServerConfigKeys (ConfUtils.java:logGet(46)) - raft.server.rpc.timeout.max = 5200ms (custom)
2023-12-05 10:06:15,333 [6ac84334-a6f6-4892-817f-c86ff695522c-groupManagement] INFO  server.RaftServerConfigKeys (ConfUtils.java:logGet(46)) - raft.server.rpc.sleep.time = 25ms (default)
2023-12-05 10:06:15,333 [6ac84334-a6f6-4892-817f-c86ff695522c-groupManagement] INFO  server.RaftServerConfigKeys (ConfUtils.java:logGet(46)) - raft.server.rpc.slowness.timeout = 300s (custom)
2023-12-05 10:06:15,333 [6ac84334-a6f6-4892-817f-c86ff695522c-groupManagement] INFO  server.RaftServerConfigKeys (ConfUtils.java:logGet(46)) - raft.server.leaderelection.leader.step-down.wait-time = 10s (default)
2023-12-05 10:06:15,334 [6ac84334-a6f6-4892-817f-c86ff695522c-groupManagement] INFO  server.RaftServerConfigKeys (ConfUtils.java:logGet(46)) - raft.server.leaderelection.member.majority-add = false (default)
2023-12-05 10:06:15,334 [6ac84334-a6f6-4892-817f-c86ff695522c-groupManagement] INFO  server.RaftServerConfigKeys (ConfUtils.java:logGet(46)) - raft.server.sleep.deviation.threshold = 300ms (default)
2023-12-05 10:06:15,334 [6ac84334-a6f6-4892-817f-c86ff695522c-groupManagement] INFO  server.RaftServer$Division (ServerState.java:<init>(113)) - 6ac84334-a6f6-4892-817f-c86ff695522c@group-DCDE4C756F5F: ConfigurationManager, init=-1: peers:[6ac84334-a6f6-4892-817f-c86ff695522c|10.1.0.7:15224]|listeners:[], old=null, confs=<EMPTY_MAP>
2023-12-05 10:06:15,334 [6ac84334-a6f6-4892-817f-c86ff695522c-groupManagement] INFO  server.RaftServerConfigKeys (ConfUtils.java:logGet(46)) - raft.server.notification.no-leader.timeout = 300s (custom)
2023-12-05 10:06:15,334 [6ac84334-a6f6-4892-817f-c86ff695522c-groupManagement] INFO  server.RaftServerConfigKeys (ConfUtils.java:logGet(46)) - raft.server.read.timeout = 10s (default)
2023-12-05 10:06:15,334 [6ac84334-a6f6-4892-817f-c86ff695522c-groupManagement] INFO  server.RaftServerConfigKeys (ConfUtils.java:logGet(46)) - raft.server.retrycache.expirytime = 600000ms (custom)
2023-12-05 10:06:15,334 [6ac84334-a6f6-4892-817f-c86ff695522c-groupManagement] INFO  server.RaftServerConfigKeys (ConfUtils.java:logGet(46)) - raft.server.retrycache.statistics.expirytime = 100ms (default)
2023-12-05 10:06:15,334 [6ac84334-a6f6-4892-817f-c86ff695522c-groupManagement] INFO  server.RaftServerConfigKeys (ConfUtils.java:logGet(46)) - raft.server.read.option = DEFAULT (default)
2023-12-05 10:06:15,334 [6ac84334-a6f6-4892-817f-c86ff695522c-groupManagement] INFO  server.RaftServerConfigKeys (ConfUtils.java:logGet(46)) - raft.server.read.read-after-write-consistent.write-index-cache.expiry-time = 60s (default)
2023-12-05 10:06:15,335 [6ac84334-a6f6-4892-817f-c86ff695522c-groupManagement] INFO  server.RaftServerConfigKeys (ConfUtils.java:logGet(46)) - raft.server.rpc.request.timeout = 60s (custom)
2023-12-05 10:06:15,335 [6ac84334-a6f6-4892-817f-c86ff695522c-groupManagement] INFO  server.RaftServerConfigKeys (ConfUtils.java:logGet(46)) - raft.server.log.appender.install.snapshot.enabled = false (custom)
2023-12-05 10:06:15,336 [6ac84334-a6f6-4892-817f-c86ff695522c-groupManagement] INFO  server.RaftServerConfigKeys (ConfUtils.java:logGet(46)) - raft.server.threadpool.server.cached = true (default)
2023-12-05 10:06:15,336 [6ac84334-a6f6-4892-817f-c86ff695522c-groupManagement] INFO  server.RaftServerConfigKeys (ConfUtils.java:logGet(46)) - raft.server.threadpool.server.size = 0 (default)
2023-12-05 10:06:15,336 [6ac84334-a6f6-4892-817f-c86ff695522c-groupManagement] INFO  server.RaftServerConfigKeys (ConfUtils.java:logGet(46)) - raft.server.threadpool.client.cached = true (default)
2023-12-05 10:06:15,336 [6ac84334-a6f6-4892-817f-c86ff695522c-groupManagement] INFO  server.RaftServerConfigKeys (ConfUtils.java:logGet(46)) - raft.server.threadpool.client.size = 0 (default)
2023-12-05 10:06:15,336 [6ac84334-a6f6-4892-817f-c86ff695522c-groupManagement] INFO  server.RaftServerConfigKeys (ConfUtils.java:logGet(46)) - raft.server.storage.free-space.min = 0MB (=0) (default)
2023-12-05 10:06:15,336 [6ac84334-a6f6-4892-817f-c86ff695522c-groupManagement] INFO  server.RaftServerConfigKeys (ConfUtils.java:logGet(46)) - raft.server.log.corruption.policy = EXCEPTION (default)
2023-12-05 10:06:15,336 [6ac84334-a6f6-4892-817f-c86ff695522c-groupManagement] INFO  server.RaftServerConfigKeys (ConfUtils.java:logGet(46)) - raft.server.storage.dir = [/home/runner/work/ozone/ozone/hadoop-ozone/integration-test/target/test-dir/MiniOzoneClusterImpl-3c72e0ff-8f58-4301-abb3-579d07aff8c3/datanode-0/data/ratis] (custom)
2023-12-05 10:06:15,336 [6ac84334-a6f6-4892-817f-c86ff695522c-groupManagement] INFO  storage.RaftStorageDirectory (RaftStorageDirectoryImpl.java:analyzeStorage(138)) - The storage directory /home/runner/work/ozone/ozone/hadoop-ozone/integration-test/target/test-dir/MiniOzoneClusterImpl-3c72e0ff-8f58-4301-abb3-579d07aff8c3/datanode-0/data/ratis/71c28145-2bee-4356-9b23-dcde4c756f5f does not exist. Creating ...
2023-12-05 10:06:15,337 [6ac84334-a6f6-4892-817f-c86ff695522c-groupManagement] INFO  storage.RaftStorageDirectory (RaftStorageDirectoryImpl.java:tryLock(232)) - Lock on /home/runner/work/ozone/ozone/hadoop-ozone/integration-test/target/test-dir/MiniOzoneClusterImpl-3c72e0ff-8f58-4301-abb3-579d07aff8c3/datanode-0/data/ratis/71c28145-2bee-4356-9b23-dcde4c756f5f/in_use.lock acquired by nodename 4813@fv-az884-53
2023-12-05 10:06:15,338 [6ac84334-a6f6-4892-817f-c86ff695522c-groupManagement] INFO  storage.RaftStorage (RaftStorageImpl.java:format(97)) - Storage directory /home/runner/work/ozone/ozone/hadoop-ozone/integration-test/target/test-dir/MiniOzoneClusterImpl-3c72e0ff-8f58-4301-abb3-579d07aff8c3/datanode-0/data/ratis/71c28145-2bee-4356-9b23-dcde4c756f5f has been successfully formatted.
2023-12-05 10:06:15,339 [6ac84334-a6f6-4892-817f-c86ff695522c-groupManagement] INFO  ratis.ContainerStateMachine (ContainerStateMachine.java:loadSnapshot(269)) - group-DCDE4C756F5F: The snapshot info is null. Setting the last applied indexto:(t:0, i:~)
2023-12-05 10:06:15,339 [6ac84334-a6f6-4892-817f-c86ff695522c-groupManagement] INFO  server.RaftServerConfigKeys (ConfUtils.java:logGet(46)) - raft.server.log.use.memory = false (default)
2023-12-05 10:06:15,339 [6ac84334-a6f6-4892-817f-c86ff695522c-groupManagement] INFO  server.RaftServerConfigKeys (ConfUtils.java:logGet(46)) - raft.server.log.purge.gap = 1000000 (custom)
2023-12-05 10:06:15,339 [6ac84334-a6f6-4892-817f-c86ff695522c-groupManagement] INFO  server.RaftServerConfigKeys (ConfUtils.java:logGet(46)) - raft.server.log.appender.buffer.byte-limit = 8388608 (custom)
2023-12-05 10:06:15,339 [6ac84334-a6f6-4892-817f-c86ff695522c-groupManagement] INFO  server.RaftServerConfigKeys (ConfUtils.java:logGet(46)) - raft.server.log.statemachine.data.read.timeout = 1000ms (default)
2023-12-05 10:06:15,339 [6ac84334-a6f6-4892-817f-c86ff695522c-groupManagement] INFO  server.RaftServerConfigKeys (ConfUtils.java:logGet(46)) - raft.server.log.purge.preservation.log.num = 0 (default)
2023-12-05 10:06:15,340 [6ac84334-a6f6-4892-817f-c86ff695522c-groupManagement] INFO  server.RaftServerConfigKeys (ConfUtils.java:logGet(46)) - raft.server.log.segment.size.max = 67108864 (custom)
2023-12-05 10:06:15,340 [6ac84334-a6f6-4892-817f-c86ff695522c-groupManagement] INFO  server.RaftServerConfigKeys (ConfUtils.java:logGet(46)) - raft.server.log.segment.cache.num.max = 2 (custom)
2023-12-05 10:06:15,340 [6ac84334-a6f6-4892-817f-c86ff695522c-groupManagement] INFO  server.RaftServerConfigKeys (ConfUtils.java:logGet(46)) - raft.server.log.segment.cache.size.max = 200MB (=209715200) (default)
2023-12-05 10:06:15,340 [6ac84334-a6f6-4892-817f-c86ff695522c-groupManagement] INFO  server.RaftServerConfigKeys (ConfUtils.java:logGet(46)) - raft.server.log.appender.buffer.byte-limit = 8388608 (custom)
2023-12-05 10:06:15,341 [6ac84334-a6f6-4892-817f-c86ff695522c-groupManagement] INFO  util.AwaitToRun (AwaitToRun.java:start(81)) - Thread[6ac84334-a6f6-4892-817f-c86ff695522c@group-DCDE4C756F5F-cacheEviction-AwaitToRun,5,main] started
2023-12-05 10:06:15,341 [EventQueue-PipelineReportForPipelineReportHandler] INFO  pipeline.PipelineReportHandler (PipelineReportHandler.java:processPipelineReport(136)) - Opened pipeline PipelineID=71c28145-2bee-4356-9b23-dcde4c756f5f
2023-12-05 10:06:15,341 [6ac84334-a6f6-4892-817f-c86ff695522c-groupManagement] INFO  segmented.SegmentedRaftLogWorker (SegmentedRaftLogWorker.java:<init>(184)) - new 6ac84334-a6f6-4892-817f-c86ff695522c@group-DCDE4C756F5F-SegmentedRaftLogWorker for RaftStorageImpl:Storage Directory /home/runner/work/ozone/ozone/hadoop-ozone/integration-test/target/test-dir/MiniOzoneClusterImpl-3c72e0ff-8f58-4301-abb3-579d07aff8c3/datanode-0/data/ratis/71c28145-2bee-4356-9b23-dcde4c756f5f
2023-12-05 10:06:15,341 [6ac84334-a6f6-4892-817f-c86ff695522c-groupManagement] INFO  server.RaftServerConfigKeys (ConfUtils.java:logGet(46)) - raft.server.log.queue.byte-limit = 4294967296 (custom)
2023-12-05 10:06:15,341 [6ac84334-a6f6-4892-817f-c86ff695522c-groupManagement] INFO  server.RaftServerConfigKeys (ConfUtils.java:logGet(46)) - raft.server.log.queue.element-limit = 1024 (custom)
2023-12-05 10:06:15,341 [6ac84334-a6f6-4892-817f-c86ff695522c-groupManagement] INFO  server.RaftServerConfigKeys (ConfUtils.java:logGet(46)) - raft.server.log.segment.size.max = 67108864 (custom)
2023-12-05 10:06:15,341 [6ac84334-a6f6-4892-817f-c86ff695522c-groupManagement] INFO  server.RaftServerConfigKeys (ConfUtils.java:logGet(46)) - raft.server.log.preallocated.size = 4194304 (custom)
2023-12-05 10:06:15,341 [6ac84334-a6f6-4892-817f-c86ff695522c-groupManagement] INFO  server.RaftServerConfigKeys (ConfUtils.java:logGet(46)) - raft.server.log.force.sync.num = 128 (default)
2023-12-05 10:06:15,342 [EventQueue-OpenPipelineForHealthyPipelineSafeModeRule] INFO  safemode.SCMSafeModeManager (HealthyPipelineSafeModeRule.java:process(137)) - SCM in safe mode. Healthy pipelines reported count is 0, required healthy pipeline reported count is 1
2023-12-05 10:06:15,342 [6ac84334-a6f6-4892-817f-c86ff695522c-groupManagement] INFO  server.RaftServerConfigKeys (ConfUtils.java:logGet(46)) - raft.server.log.statemachine.data.sync = true (default)
2023-12-05 10:06:15,342 [6ac84334-a6f6-4892-817f-c86ff695522c-groupManagement] INFO  server.RaftServerConfigKeys (ConfUtils.java:logGet(46)) - raft.server.log.statemachine.data.sync.timeout = 10s (default)
2023-12-05 10:06:15,342 [6ac84334-a6f6-4892-817f-c86ff695522c-groupManagement] INFO  server.RaftServerConfigKeys (ConfUtils.java:logGet(46)) - raft.server.log.statemachine.data.sync.timeout.retry = 0 (custom)
2023-12-05 10:06:15,342 [6ac84334-a6f6-4892-817f-c86ff695522c-groupManagement] INFO  server.RaftServerConfigKeys (ConfUtils.java:logGet(46)) - raft.server.log.write.buffer.size = 8388616 (custom)
2023-12-05 10:06:15,344 [6ac84334-a6f6-4892-817f-c86ff695522c-groupManagement] INFO  server.RaftServerConfigKeys (ConfUtils.java:logGet(46)) - raft.server.log.appender.buffer.byte-limit = 8388608 (custom)
2023-12-05 10:06:15,344 [6ac84334-a6f6-4892-817f-c86ff695522c-groupManagement] INFO  server.RaftServerConfigKeys (ConfUtils.java:logGet(46)) - raft.server.log.unsafe-flush.enabled = false (default)
2023-12-05 10:06:15,344 [6ac84334-a6f6-4892-817f-c86ff695522c-groupManagement] INFO  server.RaftServerConfigKeys (ConfUtils.java:logGet(46)) - raft.server.log.async-flush.enabled = false (default)
2023-12-05 10:06:15,345 [6ac84334-a6f6-4892-817f-c86ff695522c-groupManagement] INFO  server.RaftServerConfigKeys (ConfUtils.java:logGet(46)) - raft.server.log.statemachine.data.caching.enabled = true (custom)
2023-12-05 10:06:15,345 [6ac84334-a6f6-4892-817f-c86ff695522c-groupManagement] INFO  segmented.SegmentedRaftLogWorker (SegmentedRaftLogWorker.java:lambda$new$0(135)) - 6ac84334-a6f6-4892-817f-c86ff695522c@group-DCDE4C756F5F-SegmentedRaftLogWorker: flushIndex: setUnconditionally 0 -> -1
2023-12-05 10:06:15,345 [6ac84334-a6f6-4892-817f-c86ff695522c-groupManagement] INFO  segmented.SegmentedRaftLogWorker (SegmentedRaftLogWorker.java:lambda$new$0(135)) - 6ac84334-a6f6-4892-817f-c86ff695522c@group-DCDE4C756F5F-SegmentedRaftLogWorker: safeCacheEvictIndex: setUnconditionally 0 -> -1
2023-12-05 10:06:15,345 [6ac84334-a6f6-4892-817f-c86ff695522c-groupManagement] INFO  server.RaftServer$Division (RaftServerImpl.java:start(392)) - 6ac84334-a6f6-4892-817f-c86ff695522c@group-DCDE4C756F5F: start as a follower, conf=-1: peers:[6ac84334-a6f6-4892-817f-c86ff695522c|10.1.0.7:15224]|listeners:[], old=null
2023-12-05 10:06:15,345 [6ac84334-a6f6-4892-817f-c86ff695522c-groupManagement] INFO  server.RaftServer$Division (RaftServerImpl.java:setRole(379)) - 6ac84334-a6f6-4892-817f-c86ff695522c@group-DCDE4C756F5F: changes role from      null to FOLLOWER at term 0 for startAsFollower
2023-12-05 10:06:15,345 [6ac84334-a6f6-4892-817f-c86ff695522c-groupManagement] INFO  impl.RoleInfo (RoleInfo.java:updateAndGet(139)) - 6ac84334-a6f6-4892-817f-c86ff695522c: start 6ac84334-a6f6-4892-817f-c86ff695522c@group-DCDE4C756F5F-FollowerState
2023-12-05 10:06:15,345 [6ac84334-a6f6-4892-817f-c86ff695522c@group-DCDE4C756F5F-FollowerState] INFO  server.RaftServerConfigKeys (ConfUtils.java:logFallback(53)) - raft.server.rpc.first-election.timeout.min = 5s (fallback to raft.server.rpc.timeout.min)
2023-12-05 10:06:15,345 [6ac84334-a6f6-4892-817f-c86ff695522c-groupManagement] INFO  util.JmxRegister (JmxRegister.java:tryRegister(44)) - Successfully registered JMX Bean with object name Ratis:service=RaftServer,group=group-DCDE4C756F5F,id=6ac84334-a6f6-4892-817f-c86ff695522c
2023-12-05 10:06:15,346 [6ac84334-a6f6-4892-817f-c86ff695522c-groupManagement] INFO  server.RaftServerConfigKeys (ConfUtils.java:logGet(46)) - raft.server.snapshot.trigger-when-stop.enabled = true (default)
2023-12-05 10:06:15,346 [6ac84334-a6f6-4892-817f-c86ff695522c-groupManagement] INFO  server.RaftServerConfigKeys (ConfUtils.java:logGet(46)) - raft.server.snapshot.auto.trigger.enabled = true (custom)
2023-12-05 10:06:15,346 [6ac84334-a6f6-4892-817f-c86ff695522c-groupManagement] INFO  server.RaftServerConfigKeys (ConfUtils.java:logGet(46)) - raft.server.snapshot.auto.trigger.threshold = 10000 (custom)
2023-12-05 10:06:15,346 [6ac84334-a6f6-4892-817f-c86ff695522c-groupManagement] INFO  server.RaftServerConfigKeys (ConfUtils.java:logGet(46)) - raft.server.snapshot.retention.file.num = 5 (custom)
2023-12-05 10:06:15,346 [6ac84334-a6f6-4892-817f-c86ff695522c-groupManagement] INFO  server.RaftServerConfigKeys (ConfUtils.java:logGet(46)) - raft.server.log.purge.upto.snapshot.index = false (default)
2023-12-05 10:06:15,346 [6ac84334-a6f6-4892-817f-c86ff695522c@group-DCDE4C756F5F-FollowerState] INFO  server.RaftServerConfigKeys (ConfUtils.java:logFallback(53)) - raft.server.rpc.first-election.timeout.max = 5200ms (fallback to raft.server.rpc.timeout.max)
2023-12-05 10:06:15,346 [6ac84334-a6f6-4892-817f-c86ff695522c-PipelineCommandHandlerThread-0] INFO  ratis.XceiverServerRatis (XceiverServerRatis.java:addGroup(837)) - Created group PipelineID=71c28145-2bee-4356-9b23-dcde4c756f5f
2023-12-05 10:06:15,346 [6ac84334-a6f6-4892-817f-c86ff695522c-PipelineCommandHandlerThread-0] INFO  commandhandler.CreatePipelineCommandHandler (CreatePipelineCommandHandler.java:lambda$handle$2(124)) - Created Pipeline RATIS ONE PipelineID=71c28145-2bee-4356-9b23-dcde4c756f5f.
2023-12-05 10:06:15,347 [6ac84334-a6f6-4892-817f-c86ff695522c-PipelineCommandHandlerThread-0] INFO  server.RaftServer (RaftServerProxy.java:addNew(100)) - 6ac84334-a6f6-4892-817f-c86ff695522c: addNew group-DB478EA26896:[6f95716b-3660-49a7-9d3e-d882775bc705|10.1.0.7:15233, 4698bbfe-1326-4b8d-b9e8-ec717de956b7|10.1.0.7:15242, 6ac84334-a6f6-4892-817f-c86ff695522c|10.1.0.7:15224] returns group-DB478EA26896:java.util.concurrent.CompletableFuture@60cf8945[Not completed]
2023-12-05 10:06:15,347 [6ac84334-a6f6-4892-817f-c86ff695522c-groupManagement] INFO  server.RaftServer$Division (RaftServerImpl.java:<init>(256)) - 6ac84334-a6f6-4892-817f-c86ff695522c: new RaftServerImpl for group-DB478EA26896:[6f95716b-3660-49a7-9d3e-d882775bc705|10.1.0.7:15233, 4698bbfe-1326-4b8d-b9e8-ec717de956b7|10.1.0.7:15242, 6ac84334-a6f6-4892-817f-c86ff695522c|10.1.0.7:15224] with ContainerStateMachine:uninitialized
2023-12-05 10:06:15,348 [6ac84334-a6f6-4892-817f-c86ff695522c-groupManagement] INFO  server.RaftServerConfigKeys (ConfUtils.java:logGet(46)) - raft.server.rpc.timeout.min = 5s (custom)
2023-12-05 10:06:15,348 [6ac84334-a6f6-4892-817f-c86ff695522c-groupManagement] INFO  server.RaftServerConfigKeys (ConfUtils.java:logGet(46)) - raft.server.rpc.timeout.max = 5200ms (custom)
2023-12-05 10:06:15,348 [6ac84334-a6f6-4892-817f-c86ff695522c-groupManagement] INFO  server.RaftServerConfigKeys (ConfUtils.java:logGet(46)) - raft.server.rpc.sleep.time = 25ms (default)
2023-12-05 10:06:15,348 [6ac84334-a6f6-4892-817f-c86ff695522c-groupManagement] INFO  server.RaftServerConfigKeys (ConfUtils.java:logGet(46)) - raft.server.rpc.slowness.timeout = 300s (custom)
2023-12-05 10:06:15,348 [6ac84334-a6f6-4892-817f-c86ff695522c-groupManagement] INFO  server.RaftServerConfigKeys (ConfUtils.java:logGet(46)) - raft.server.leaderelection.leader.step-down.wait-time = 10s (default)
2023-12-05 10:06:15,348 [6ac84334-a6f6-4892-817f-c86ff695522c-groupManagement] INFO  server.RaftServerConfigKeys (ConfUtils.java:logGet(46)) - raft.server.leaderelection.member.majority-add = false (default)
2023-12-05 10:06:15,348 [6ac84334-a6f6-4892-817f-c86ff695522c-groupManagement] INFO  server.RaftServerConfigKeys (ConfUtils.java:logGet(46)) - raft.server.sleep.deviation.threshold = 300ms (default)
2023-12-05 10:06:15,348 [6ac84334-a6f6-4892-817f-c86ff695522c-groupManagement] INFO  server.RaftServer$Division (ServerState.java:<init>(113)) - 6ac84334-a6f6-4892-817f-c86ff695522c@group-DB478EA26896: ConfigurationManager, init=-1: peers:[6f95716b-3660-49a7-9d3e-d882775bc705|10.1.0.7:15233, 4698bbfe-1326-4b8d-b9e8-ec717de956b7|10.1.0.7:15242, 6ac84334-a6f6-4892-817f-c86ff695522c|10.1.0.7:15224]|listeners:[], old=null, confs=<EMPTY_MAP>
2023-12-05 10:06:15,348 [6ac84334-a6f6-4892-817f-c86ff695522c-groupManagement] INFO  server.RaftServerConfigKeys (ConfUtils.java:logGet(46)) - raft.server.notification.no-leader.timeout = 300s (custom)
2023-12-05 10:06:15,348 [6ac84334-a6f6-4892-817f-c86ff695522c-groupManagement] INFO  server.RaftServerConfigKeys (ConfUtils.java:logGet(46)) - raft.server.read.timeout = 10s (default)
2023-12-05 10:06:15,348 [6ac84334-a6f6-4892-817f-c86ff695522c-groupManagement] INFO  server.RaftServerConfigKeys (ConfUtils.java:logGet(46)) - raft.server.retrycache.expirytime = 600000ms (custom)
2023-12-05 10:06:15,348 [6ac84334-a6f6-4892-817f-c86ff695522c-groupManagement] INFO  server.RaftServerConfigKeys (ConfUtils.java:logGet(46)) - raft.server.retrycache.statistics.expirytime = 100ms (default)
2023-12-05 10:06:15,348 [6ac84334-a6f6-4892-817f-c86ff695522c-groupManagement] INFO  server.RaftServerConfigKeys (ConfUtils.java:logGet(46)) - raft.server.read.option = DEFAULT (default)
2023-12-05 10:06:15,348 [6ac84334-a6f6-4892-817f-c86ff695522c-groupManagement] INFO  server.RaftServerConfigKeys (ConfUtils.java:logGet(46)) - raft.server.read.read-after-write-consistent.write-index-cache.expiry-time = 60s (default)
2023-12-05 10:06:15,349 [6ac84334-a6f6-4892-817f-c86ff695522c-groupManagement] INFO  server.RaftServerConfigKeys (ConfUtils.java:logGet(46)) - raft.server.rpc.request.timeout = 60s (custom)
2023-12-05 10:06:15,349 [6ac84334-a6f6-4892-817f-c86ff695522c-groupManagement] INFO  server.RaftServerConfigKeys (ConfUtils.java:logGet(46)) - raft.server.log.appender.install.snapshot.enabled = false (custom)
2023-12-05 10:06:15,349 [6ac84334-a6f6-4892-817f-c86ff695522c-groupManagement] INFO  server.RaftServerConfigKeys (ConfUtils.java:logGet(46)) - raft.server.threadpool.server.cached = true (default)
2023-12-05 10:06:15,349 [6ac84334-a6f6-4892-817f-c86ff695522c-groupManagement] INFO  server.RaftServerConfigKeys (ConfUtils.java:logGet(46)) - raft.server.threadpool.server.size = 0 (default)
2023-12-05 10:06:15,349 [6ac84334-a6f6-4892-817f-c86ff695522c-groupManagement] INFO  server.RaftServerConfigKeys (ConfUtils.java:logGet(46)) - raft.server.threadpool.client.cached = true (default)
2023-12-05 10:06:15,349 [6ac84334-a6f6-4892-817f-c86ff695522c-groupManagement] INFO  server.RaftServerConfigKeys (ConfUtils.java:logGet(46)) - raft.server.threadpool.client.size = 0 (default)
2023-12-05 10:06:15,349 [6ac84334-a6f6-4892-817f-c86ff695522c-groupManagement] INFO  server.RaftServerConfigKeys (ConfUtils.java:logGet(46)) - raft.server.storage.free-space.min = 0MB (=0) (default)
2023-12-05 10:06:15,349 [6ac84334-a6f6-4892-817f-c86ff695522c-groupManagement] INFO  server.RaftServerConfigKeys (ConfUtils.java:logGet(46)) - raft.server.log.corruption.policy = EXCEPTION (default)
2023-12-05 10:06:15,349 [6ac84334-a6f6-4892-817f-c86ff695522c-groupManagement] INFO  server.RaftServerConfigKeys (ConfUtils.java:logGet(46)) - raft.server.storage.dir = [/home/runner/work/ozone/ozone/hadoop-ozone/integration-test/target/test-dir/MiniOzoneClusterImpl-3c72e0ff-8f58-4301-abb3-579d07aff8c3/datanode-0/data/ratis] (custom)
2023-12-05 10:06:15,349 [6ac84334-a6f6-4892-817f-c86ff695522c-groupManagement] INFO  storage.RaftStorageDirectory (RaftStorageDirectoryImpl.java:analyzeStorage(138)) - The storage directory /home/runner/work/ozone/ozone/hadoop-ozone/integration-test/target/test-dir/MiniOzoneClusterImpl-3c72e0ff-8f58-4301-abb3-579d07aff8c3/datanode-0/data/ratis/6b83caf6-f4f5-41a7-94a0-db478ea26896 does not exist. Creating ...
2023-12-05 10:06:15,351 [6ac84334-a6f6-4892-817f-c86ff695522c-groupManagement] INFO  storage.RaftStorageDirectory (RaftStorageDirectoryImpl.java:tryLock(232)) - Lock on /home/runner/work/ozone/ozone/hadoop-ozone/integration-test/target/test-dir/MiniOzoneClusterImpl-3c72e0ff-8f58-4301-abb3-579d07aff8c3/datanode-0/data/ratis/6b83caf6-f4f5-41a7-94a0-db478ea26896/in_use.lock acquired by nodename 4813@fv-az884-53
2023-12-05 10:06:15,351 [6ac84334-a6f6-4892-817f-c86ff695522c-groupManagement] INFO  storage.RaftStorage (RaftStorageImpl.java:format(97)) - Storage directory /home/runner/work/ozone/ozone/hadoop-ozone/integration-test/target/test-dir/MiniOzoneClusterImpl-3c72e0ff-8f58-4301-abb3-579d07aff8c3/datanode-0/data/ratis/6b83caf6-f4f5-41a7-94a0-db478ea26896 has been successfully formatted.
2023-12-05 10:06:15,352 [6ac84334-a6f6-4892-817f-c86ff695522c-groupManagement] INFO  ratis.ContainerStateMachine (ContainerStateMachine.java:loadSnapshot(269)) - group-DB478EA26896: The snapshot info is null. Setting the last applied indexto:(t:0, i:~)
2023-12-05 10:06:15,352 [6ac84334-a6f6-4892-817f-c86ff695522c-groupManagement] INFO  server.RaftServerConfigKeys (ConfUtils.java:logGet(46)) - raft.server.log.use.memory = false (default)
2023-12-05 10:06:15,352 [6ac84334-a6f6-4892-817f-c86ff695522c-groupManagement] INFO  server.RaftServerConfigKeys (ConfUtils.java:logGet(46)) - raft.server.log.purge.gap = 1000000 (custom)
2023-12-05 10:06:15,352 [6ac84334-a6f6-4892-817f-c86ff695522c-groupManagement] INFO  server.RaftServerConfigKeys (ConfUtils.java:logGet(46)) - raft.server.log.appender.buffer.byte-limit = 8388608 (custom)
2023-12-05 10:06:15,352 [6ac84334-a6f6-4892-817f-c86ff695522c-groupManagement] INFO  server.RaftServerConfigKeys (ConfUtils.java:logGet(46)) - raft.server.log.statemachine.data.read.timeout = 1000ms (default)
2023-12-05 10:06:15,352 [6ac84334-a6f6-4892-817f-c86ff695522c-groupManagement] INFO  server.RaftServerConfigKeys (ConfUtils.java:logGet(46)) - raft.server.log.purge.preservation.log.num = 0 (default)
2023-12-05 10:06:15,353 [6ac84334-a6f6-4892-817f-c86ff695522c-groupManagement] INFO  server.RaftServerConfigKeys (ConfUtils.java:logGet(46)) - raft.server.log.segment.size.max = 67108864 (custom)
2023-12-05 10:06:15,353 [6ac84334-a6f6-4892-817f-c86ff695522c-groupManagement] INFO  server.RaftServerConfigKeys (ConfUtils.java:logGet(46)) - raft.server.log.segment.cache.num.max = 2 (custom)
2023-12-05 10:06:15,353 [6ac84334-a6f6-4892-817f-c86ff695522c-groupManagement] INFO  server.RaftServerConfigKeys (ConfUtils.java:logGet(46)) - raft.server.log.segment.cache.size.max = 200MB (=209715200) (default)
2023-12-05 10:06:15,353 [6ac84334-a6f6-4892-817f-c86ff695522c-groupManagement] INFO  server.RaftServerConfigKeys (ConfUtils.java:logGet(46)) - raft.server.log.appender.buffer.byte-limit = 8388608 (custom)
2023-12-05 10:06:15,353 [EventQueue-OpenPipelineForHealthyPipelineSafeModeRule] INFO  safemode.SCMSafeModeManager (HealthyPipelineSafeModeRule.java:process(137)) - SCM in safe mode. Healthy pipelines reported count is 0, required healthy pipeline reported count is 1
2023-12-05 10:06:15,353 [6ac84334-a6f6-4892-817f-c86ff695522c-groupManagement] INFO  util.AwaitToRun (AwaitToRun.java:start(81)) - Thread[6ac84334-a6f6-4892-817f-c86ff695522c@group-DB478EA26896-cacheEviction-AwaitToRun,5,main] started
2023-12-05 10:06:15,354 [6ac84334-a6f6-4892-817f-c86ff695522c-groupManagement] INFO  segmented.SegmentedRaftLogWorker (SegmentedRaftLogWorker.java:<init>(184)) - new 6ac84334-a6f6-4892-817f-c86ff695522c@group-DB478EA26896-SegmentedRaftLogWorker for RaftStorageImpl:Storage Directory /home/runner/work/ozone/ozone/hadoop-ozone/integration-test/target/test-dir/MiniOzoneClusterImpl-3c72e0ff-8f58-4301-abb3-579d07aff8c3/datanode-0/data/ratis/6b83caf6-f4f5-41a7-94a0-db478ea26896
2023-12-05 10:06:15,354 [6ac84334-a6f6-4892-817f-c86ff695522c-groupManagement] INFO  server.RaftServerConfigKeys (ConfUtils.java:logGet(46)) - raft.server.log.queue.byte-limit = 4294967296 (custom)
2023-12-05 10:06:15,354 [6ac84334-a6f6-4892-817f-c86ff695522c-groupManagement] INFO  server.RaftServerConfigKeys (ConfUtils.java:logGet(46)) - raft.server.log.queue.element-limit = 1024 (custom)
2023-12-05 10:06:15,354 [6ac84334-a6f6-4892-817f-c86ff695522c-groupManagement] INFO  server.RaftServerConfigKeys (ConfUtils.java:logGet(46)) - raft.server.log.segment.size.max = 67108864 (custom)
2023-12-05 10:06:15,354 [6ac84334-a6f6-4892-817f-c86ff695522c-groupManagement] INFO  server.RaftServerConfigKeys (ConfUtils.java:logGet(46)) - raft.server.log.preallocated.size = 4194304 (custom)
2023-12-05 10:06:15,354 [6ac84334-a6f6-4892-817f-c86ff695522c-groupManagement] INFO  server.RaftServerConfigKeys (ConfUtils.java:logGet(46)) - raft.server.log.force.sync.num = 128 (default)
2023-12-05 10:06:15,354 [6ac84334-a6f6-4892-817f-c86ff695522c-groupManagement] INFO  server.RaftServerConfigKeys (ConfUtils.java:logGet(46)) - raft.server.log.statemachine.data.sync = true (default)
2023-12-05 10:06:15,354 [6ac84334-a6f6-4892-817f-c86ff695522c-groupManagement] INFO  server.RaftServerConfigKeys (ConfUtils.java:logGet(46)) - raft.server.log.statemachine.data.sync.timeout = 10s (default)
2023-12-05 10:06:15,354 [6ac84334-a6f6-4892-817f-c86ff695522c-groupManagement] INFO  server.RaftServerConfigKeys (ConfUtils.java:logGet(46)) - raft.server.log.statemachine.data.sync.timeout.retry = 0 (custom)
2023-12-05 10:06:15,354 [6ac84334-a6f6-4892-817f-c86ff695522c-groupManagement] INFO  server.RaftServerConfigKeys (ConfUtils.java:logGet(46)) - raft.server.log.write.buffer.size = 8388616 (custom)
2023-12-05 10:06:15,356 [6ac84334-a6f6-4892-817f-c86ff695522c-groupManagement] INFO  server.RaftServerConfigKeys (ConfUtils.java:logGet(46)) - raft.server.log.appender.buffer.byte-limit = 8388608 (custom)
2023-12-05 10:06:15,357 [6ac84334-a6f6-4892-817f-c86ff695522c-groupManagement] INFO  server.RaftServerConfigKeys (ConfUtils.java:logGet(46)) - raft.server.log.unsafe-flush.enabled = false (default)
2023-12-05 10:06:15,357 [6ac84334-a6f6-4892-817f-c86ff695522c-groupManagement] INFO  server.RaftServerConfigKeys (ConfUtils.java:logGet(46)) - raft.server.log.async-flush.enabled = false (default)
2023-12-05 10:06:15,357 [6ac84334-a6f6-4892-817f-c86ff695522c-groupManagement] INFO  server.RaftServerConfigKeys (ConfUtils.java:logGet(46)) - raft.server.log.statemachine.data.caching.enabled = true (custom)
2023-12-05 10:06:15,357 [6ac84334-a6f6-4892-817f-c86ff695522c-groupManagement] INFO  segmented.SegmentedRaftLogWorker (SegmentedRaftLogWorker.java:lambda$new$0(135)) - 6ac84334-a6f6-4892-817f-c86ff695522c@group-DB478EA26896-SegmentedRaftLogWorker: flushIndex: setUnconditionally 0 -> -1
2023-12-05 10:06:15,357 [6ac84334-a6f6-4892-817f-c86ff695522c-groupManagement] INFO  segmented.SegmentedRaftLogWorker (SegmentedRaftLogWorker.java:lambda$new$0(135)) - 6ac84334-a6f6-4892-817f-c86ff695522c@group-DB478EA26896-SegmentedRaftLogWorker: safeCacheEvictIndex: setUnconditionally 0 -> -1
2023-12-05 10:06:15,357 [6ac84334-a6f6-4892-817f-c86ff695522c-groupManagement] INFO  server.RaftServer$Division (RaftServerImpl.java:start(392)) - 6ac84334-a6f6-4892-817f-c86ff695522c@group-DB478EA26896: start as a follower, conf=-1: peers:[6f95716b-3660-49a7-9d3e-d882775bc705|10.1.0.7:15233, 4698bbfe-1326-4b8d-b9e8-ec717de956b7|10.1.0.7:15242, 6ac84334-a6f6-4892-817f-c86ff695522c|10.1.0.7:15224]|listeners:[], old=null
2023-12-05 10:06:15,357 [6ac84334-a6f6-4892-817f-c86ff695522c-groupManagement] INFO  server.RaftServer$Division (RaftServerImpl.java:setRole(379)) - 6ac84334-a6f6-4892-817f-c86ff695522c@group-DB478EA26896: changes role from      null to FOLLOWER at term 0 for startAsFollower
2023-12-05 10:06:15,357 [6ac84334-a6f6-4892-817f-c86ff695522c-groupManagement] INFO  impl.RoleInfo (RoleInfo.java:updateAndGet(139)) - 6ac84334-a6f6-4892-817f-c86ff695522c: start 6ac84334-a6f6-4892-817f-c86ff695522c@group-DB478EA26896-FollowerState
2023-12-05 10:06:15,358 [6ac84334-a6f6-4892-817f-c86ff695522c@group-DB478EA26896-FollowerState] INFO  server.RaftServerConfigKeys (ConfUtils.java:logFallback(53)) - raft.server.rpc.first-election.timeout.min = 5s (fallback to raft.server.rpc.timeout.min)
2023-12-05 10:06:15,358 [6ac84334-a6f6-4892-817f-c86ff695522c@group-DB478EA26896-FollowerState] INFO  server.RaftServerConfigKeys (ConfUtils.java:logFallback(53)) - raft.server.rpc.first-election.timeout.max = 5200ms (fallback to raft.server.rpc.timeout.max)
2023-12-05 10:06:15,358 [6ac84334-a6f6-4892-817f-c86ff695522c-groupManagement] INFO  util.JmxRegister (JmxRegister.java:tryRegister(44)) - Successfully registered JMX Bean with object name Ratis:service=RaftServer,group=group-DB478EA26896,id=6ac84334-a6f6-4892-817f-c86ff695522c
2023-12-05 10:06:15,358 [6ac84334-a6f6-4892-817f-c86ff695522c-groupManagement] INFO  server.RaftServerConfigKeys (ConfUtils.java:logGet(46)) - raft.server.snapshot.trigger-when-stop.enabled = true (default)
2023-12-05 10:06:15,358 [6ac84334-a6f6-4892-817f-c86ff695522c-groupManagement] INFO  server.RaftServerConfigKeys (ConfUtils.java:logGet(46)) - raft.server.snapshot.auto.trigger.enabled = true (custom)
2023-12-05 10:06:15,358 [6ac84334-a6f6-4892-817f-c86ff695522c-groupManagement] INFO  server.RaftServerConfigKeys (ConfUtils.java:logGet(46)) - raft.server.snapshot.auto.trigger.threshold = 10000 (custom)
2023-12-05 10:06:15,358 [6ac84334-a6f6-4892-817f-c86ff695522c-groupManagement] INFO  server.RaftServerConfigKeys (ConfUtils.java:logGet(46)) - raft.server.snapshot.retention.file.num = 5 (custom)
2023-12-05 10:06:15,358 [6ac84334-a6f6-4892-817f-c86ff695522c-groupManagement] INFO  server.RaftServerConfigKeys (ConfUtils.java:logGet(46)) - raft.server.log.purge.upto.snapshot.index = false (default)
2023-12-05 10:06:15,359 [6ac84334-a6f6-4892-817f-c86ff695522c-PipelineCommandHandlerThread-0] INFO  ratis.XceiverServerRatis (XceiverServerRatis.java:addGroup(837)) - Created group PipelineID=6b83caf6-f4f5-41a7-94a0-db478ea26896
2023-12-05 10:06:15,367 [grpc-default-executor-0] INFO  server.RaftServer (RaftServerProxy.java:addNew(100)) - 6f95716b-3660-49a7-9d3e-d882775bc705: addNew group-DB478EA26896:[6f95716b-3660-49a7-9d3e-d882775bc705|10.1.0.7:15233, 4698bbfe-1326-4b8d-b9e8-ec717de956b7|10.1.0.7:15242, 6ac84334-a6f6-4892-817f-c86ff695522c|10.1.0.7:15224] returns group-DB478EA26896:java.util.concurrent.CompletableFuture@3cbf8aee[Not completed]
2023-12-05 10:06:15,368 [6f95716b-3660-49a7-9d3e-d882775bc705-groupManagement] INFO  server.RaftServer$Division (RaftServerImpl.java:<init>(256)) - 6f95716b-3660-49a7-9d3e-d882775bc705: new RaftServerImpl for group-DB478EA26896:[6f95716b-3660-49a7-9d3e-d882775bc705|10.1.0.7:15233, 4698bbfe-1326-4b8d-b9e8-ec717de956b7|10.1.0.7:15242, 6ac84334-a6f6-4892-817f-c86ff695522c|10.1.0.7:15224] with ContainerStateMachine:uninitialized
2023-12-05 10:06:15,368 [6f95716b-3660-49a7-9d3e-d882775bc705-groupManagement] INFO  server.RaftServerConfigKeys (ConfUtils.java:logGet(46)) - raft.server.rpc.timeout.min = 5s (custom)
2023-12-05 10:06:15,368 [6f95716b-3660-49a7-9d3e-d882775bc705-groupManagement] INFO  server.RaftServerConfigKeys (ConfUtils.java:logGet(46)) - raft.server.rpc.timeout.max = 5200ms (custom)
2023-12-05 10:06:15,368 [6f95716b-3660-49a7-9d3e-d882775bc705-groupManagement] INFO  server.RaftServerConfigKeys (ConfUtils.java:logGet(46)) - raft.server.rpc.sleep.time = 25ms (default)
2023-12-05 10:06:15,368 [6f95716b-3660-49a7-9d3e-d882775bc705-groupManagement] INFO  server.RaftServerConfigKeys (ConfUtils.java:logGet(46)) - raft.server.rpc.slowness.timeout = 300s (custom)
2023-12-05 10:06:15,368 [6f95716b-3660-49a7-9d3e-d882775bc705-groupManagement] INFO  server.RaftServerConfigKeys (ConfUtils.java:logGet(46)) - raft.server.leaderelection.leader.step-down.wait-time = 10s (default)
2023-12-05 10:06:15,368 [6f95716b-3660-49a7-9d3e-d882775bc705-groupManagement] INFO  server.RaftServerConfigKeys (ConfUtils.java:logGet(46)) - raft.server.leaderelection.member.majority-add = false (default)
2023-12-05 10:06:15,368 [6f95716b-3660-49a7-9d3e-d882775bc705-groupManagement] INFO  server.RaftServerConfigKeys (ConfUtils.java:logGet(46)) - raft.server.sleep.deviation.threshold = 300ms (default)
2023-12-05 10:06:15,369 [6f95716b-3660-49a7-9d3e-d882775bc705-groupManagement] INFO  server.RaftServer$Division (ServerState.java:<init>(113)) - 6f95716b-3660-49a7-9d3e-d882775bc705@group-DB478EA26896: ConfigurationManager, init=-1: peers:[6f95716b-3660-49a7-9d3e-d882775bc705|10.1.0.7:15233, 4698bbfe-1326-4b8d-b9e8-ec717de956b7|10.1.0.7:15242, 6ac84334-a6f6-4892-817f-c86ff695522c|10.1.0.7:15224]|listeners:[], old=null, confs=<EMPTY_MAP>
2023-12-05 10:06:15,369 [6f95716b-3660-49a7-9d3e-d882775bc705-groupManagement] INFO  server.RaftServerConfigKeys (ConfUtils.java:logGet(46)) - raft.server.notification.no-leader.timeout = 300s (custom)
2023-12-05 10:06:15,369 [6f95716b-3660-49a7-9d3e-d882775bc705-groupManagement] INFO  server.RaftServerConfigKeys (ConfUtils.java:logGet(46)) - raft.server.read.timeout = 10s (default)
2023-12-05 10:06:15,369 [6f95716b-3660-49a7-9d3e-d882775bc705-groupManagement] INFO  server.RaftServerConfigKeys (ConfUtils.java:logGet(46)) - raft.server.retrycache.expirytime = 600000ms (custom)
2023-12-05 10:06:15,369 [6f95716b-3660-49a7-9d3e-d882775bc705-groupManagement] INFO  server.RaftServerConfigKeys (ConfUtils.java:logGet(46)) - raft.server.retrycache.statistics.expirytime = 100ms (default)
2023-12-05 10:06:15,369 [6f95716b-3660-49a7-9d3e-d882775bc705-groupManagement] INFO  server.RaftServerConfigKeys (ConfUtils.java:logGet(46)) - raft.server.read.option = DEFAULT (default)
2023-12-05 10:06:15,369 [6f95716b-3660-49a7-9d3e-d882775bc705-groupManagement] INFO  server.RaftServerConfigKeys (ConfUtils.java:logGet(46)) - raft.server.read.read-after-write-consistent.write-index-cache.expiry-time = 60s (default)
2023-12-05 10:06:15,370 [6f95716b-3660-49a7-9d3e-d882775bc705-groupManagement] INFO  server.RaftServerConfigKeys (ConfUtils.java:logGet(46)) - raft.server.rpc.request.timeout = 60s (custom)
2023-12-05 10:06:15,370 [6f95716b-3660-49a7-9d3e-d882775bc705-groupManagement] INFO  server.RaftServerConfigKeys (ConfUtils.java:logGet(46)) - raft.server.log.appender.install.snapshot.enabled = false (custom)
2023-12-05 10:06:15,370 [6f95716b-3660-49a7-9d3e-d882775bc705-groupManagement] INFO  server.RaftServerConfigKeys (ConfUtils.java:logGet(46)) - raft.server.threadpool.server.cached = true (default)
2023-12-05 10:06:15,370 [6f95716b-3660-49a7-9d3e-d882775bc705-groupManagement] INFO  server.RaftServerConfigKeys (ConfUtils.java:logGet(46)) - raft.server.threadpool.server.size = 0 (default)
2023-12-05 10:06:15,370 [6f95716b-3660-49a7-9d3e-d882775bc705-groupManagement] INFO  server.RaftServerConfigKeys (ConfUtils.java:logGet(46)) - raft.server.threadpool.client.cached = true (default)
2023-12-05 10:06:15,371 [6f95716b-3660-49a7-9d3e-d882775bc705-groupManagement] INFO  server.RaftServerConfigKeys (ConfUtils.java:logGet(46)) - raft.server.threadpool.client.size = 0 (default)
2023-12-05 10:06:15,371 [6f95716b-3660-49a7-9d3e-d882775bc705-groupManagement] INFO  server.RaftServerConfigKeys (ConfUtils.java:logGet(46)) - raft.server.storage.free-space.min = 0MB (=0) (default)
2023-12-05 10:06:15,371 [6f95716b-3660-49a7-9d3e-d882775bc705-groupManagement] INFO  server.RaftServerConfigKeys (ConfUtils.java:logGet(46)) - raft.server.log.corruption.policy = EXCEPTION (default)
2023-12-05 10:06:15,371 [6f95716b-3660-49a7-9d3e-d882775bc705-groupManagement] INFO  server.RaftServerConfigKeys (ConfUtils.java:logGet(46)) - raft.server.storage.dir = [/home/runner/work/ozone/ozone/hadoop-ozone/integration-test/target/test-dir/MiniOzoneClusterImpl-3c72e0ff-8f58-4301-abb3-579d07aff8c3/datanode-1/data/ratis] (custom)
2023-12-05 10:06:15,371 [6f95716b-3660-49a7-9d3e-d882775bc705-groupManagement] INFO  storage.RaftStorageDirectory (RaftStorageDirectoryImpl.java:analyzeStorage(138)) - The storage directory /home/runner/work/ozone/ozone/hadoop-ozone/integration-test/target/test-dir/MiniOzoneClusterImpl-3c72e0ff-8f58-4301-abb3-579d07aff8c3/datanode-1/data/ratis/6b83caf6-f4f5-41a7-94a0-db478ea26896 does not exist. Creating ...
2023-12-05 10:06:15,372 [6f95716b-3660-49a7-9d3e-d882775bc705-groupManagement] INFO  storage.RaftStorageDirectory (RaftStorageDirectoryImpl.java:tryLock(232)) - Lock on /home/runner/work/ozone/ozone/hadoop-ozone/integration-test/target/test-dir/MiniOzoneClusterImpl-3c72e0ff-8f58-4301-abb3-579d07aff8c3/datanode-1/data/ratis/6b83caf6-f4f5-41a7-94a0-db478ea26896/in_use.lock acquired by nodename 4813@fv-az884-53
2023-12-05 10:06:15,373 [6f95716b-3660-49a7-9d3e-d882775bc705-groupManagement] INFO  storage.RaftStorage (RaftStorageImpl.java:format(97)) - Storage directory /home/runner/work/ozone/ozone/hadoop-ozone/integration-test/target/test-dir/MiniOzoneClusterImpl-3c72e0ff-8f58-4301-abb3-579d07aff8c3/datanode-1/data/ratis/6b83caf6-f4f5-41a7-94a0-db478ea26896 has been successfully formatted.
2023-12-05 10:06:15,374 [6f95716b-3660-49a7-9d3e-d882775bc705-groupManagement] INFO  ratis.ContainerStateMachine (ContainerStateMachine.java:loadSnapshot(269)) - group-DB478EA26896: The snapshot info is null. Setting the last applied indexto:(t:0, i:~)
2023-12-05 10:06:15,375 [6f95716b-3660-49a7-9d3e-d882775bc705-groupManagement] INFO  server.RaftServerConfigKeys (ConfUtils.java:logGet(46)) - raft.server.log.use.memory = false (default)
2023-12-05 10:06:15,376 [6f95716b-3660-49a7-9d3e-d882775bc705-groupManagement] INFO  server.RaftServerConfigKeys (ConfUtils.java:logGet(46)) - raft.server.log.purge.gap = 1000000 (custom)
2023-12-05 10:06:15,377 [6f95716b-3660-49a7-9d3e-d882775bc705-groupManagement] INFO  server.RaftServerConfigKeys (ConfUtils.java:logGet(46)) - raft.server.log.appender.buffer.byte-limit = 8388608 (custom)
2023-12-05 10:06:15,377 [6f95716b-3660-49a7-9d3e-d882775bc705-groupManagement] INFO  server.RaftServerConfigKeys (ConfUtils.java:logGet(46)) - raft.server.log.statemachine.data.read.timeout = 1000ms (default)
2023-12-05 10:06:15,377 [6f95716b-3660-49a7-9d3e-d882775bc705-groupManagement] INFO  server.RaftServerConfigKeys (ConfUtils.java:logGet(46)) - raft.server.log.purge.preservation.log.num = 0 (default)
2023-12-05 10:06:15,378 [6f95716b-3660-49a7-9d3e-d882775bc705-groupManagement] INFO  server.RaftServerConfigKeys (ConfUtils.java:logGet(46)) - raft.server.log.segment.size.max = 67108864 (custom)
2023-12-05 10:06:15,378 [6f95716b-3660-49a7-9d3e-d882775bc705-groupManagement] INFO  server.RaftServerConfigKeys (ConfUtils.java:logGet(46)) - raft.server.log.segment.cache.num.max = 2 (custom)
2023-12-05 10:06:15,378 [6f95716b-3660-49a7-9d3e-d882775bc705-groupManagement] INFO  server.RaftServerConfigKeys (ConfUtils.java:logGet(46)) - raft.server.log.segment.cache.size.max = 200MB (=209715200) (default)
2023-12-05 10:06:15,379 [6f95716b-3660-49a7-9d3e-d882775bc705-groupManagement] INFO  server.RaftServerConfigKeys (ConfUtils.java:logGet(46)) - raft.server.log.appender.buffer.byte-limit = 8388608 (custom)
2023-12-05 10:06:15,379 [6f95716b-3660-49a7-9d3e-d882775bc705-groupManagement] INFO  util.AwaitToRun (AwaitToRun.java:start(81)) - Thread[6f95716b-3660-49a7-9d3e-d882775bc705@group-DB478EA26896-cacheEviction-AwaitToRun,5,main] started
2023-12-05 10:06:15,379 [6f95716b-3660-49a7-9d3e-d882775bc705-groupManagement] INFO  segmented.SegmentedRaftLogWorker (SegmentedRaftLogWorker.java:<init>(184)) - new 6f95716b-3660-49a7-9d3e-d882775bc705@group-DB478EA26896-SegmentedRaftLogWorker for RaftStorageImpl:Storage Directory /home/runner/work/ozone/ozone/hadoop-ozone/integration-test/target/test-dir/MiniOzoneClusterImpl-3c72e0ff-8f58-4301-abb3-579d07aff8c3/datanode-1/data/ratis/6b83caf6-f4f5-41a7-94a0-db478ea26896
2023-12-05 10:06:15,379 [6f95716b-3660-49a7-9d3e-d882775bc705-groupManagement] INFO  server.RaftServerConfigKeys (ConfUtils.java:logGet(46)) - raft.server.log.queue.byte-limit = 4294967296 (custom)
2023-12-05 10:06:15,380 [6f95716b-3660-49a7-9d3e-d882775bc705-groupManagement] INFO  server.RaftServerConfigKeys (ConfUtils.java:logGet(46)) - raft.server.log.queue.element-limit = 1024 (custom)
2023-12-05 10:06:15,380 [6f95716b-3660-49a7-9d3e-d882775bc705-groupManagement] INFO  server.RaftServerConfigKeys (ConfUtils.java:logGet(46)) - raft.server.log.segment.size.max = 67108864 (custom)
2023-12-05 10:06:15,380 [6f95716b-3660-49a7-9d3e-d882775bc705-groupManagement] INFO  server.RaftServerConfigKeys (ConfUtils.java:logGet(46)) - raft.server.log.preallocated.size = 4194304 (custom)
2023-12-05 10:06:15,380 [6f95716b-3660-49a7-9d3e-d882775bc705-groupManagement] INFO  server.RaftServerConfigKeys (ConfUtils.java:logGet(46)) - raft.server.log.force.sync.num = 128 (default)
2023-12-05 10:06:15,380 [6f95716b-3660-49a7-9d3e-d882775bc705-groupManagement] INFO  server.RaftServerConfigKeys (ConfUtils.java:logGet(46)) - raft.server.log.statemachine.data.sync = true (default)
2023-12-05 10:06:15,380 [6f95716b-3660-49a7-9d3e-d882775bc705-groupManagement] INFO  server.RaftServerConfigKeys (ConfUtils.java:logGet(46)) - raft.server.log.statemachine.data.sync.timeout = 10s (default)
2023-12-05 10:06:15,380 [6f95716b-3660-49a7-9d3e-d882775bc705-groupManagement] INFO  server.RaftServerConfigKeys (ConfUtils.java:logGet(46)) - raft.server.log.statemachine.data.sync.timeout.retry = 0 (custom)
2023-12-05 10:06:15,380 [6f95716b-3660-49a7-9d3e-d882775bc705-groupManagement] INFO  server.RaftServerConfigKeys (ConfUtils.java:logGet(46)) - raft.server.log.write.buffer.size = 8388616 (custom)
2023-12-05 10:06:15,382 [6f95716b-3660-49a7-9d3e-d882775bc705-groupManagement] INFO  server.RaftServerConfigKeys (ConfUtils.java:logGet(46)) - raft.server.log.appender.buffer.byte-limit = 8388608 (custom)
2023-12-05 10:06:15,383 [6f95716b-3660-49a7-9d3e-d882775bc705-groupManagement] INFO  server.RaftServerConfigKeys (ConfUtils.java:logGet(46)) - raft.server.log.unsafe-flush.enabled = false (default)
2023-12-05 10:06:15,383 [6f95716b-3660-49a7-9d3e-d882775bc705-groupManagement] INFO  server.RaftServerConfigKeys (ConfUtils.java:logGet(46)) - raft.server.log.async-flush.enabled = false (default)
2023-12-05 10:06:15,383 [6f95716b-3660-49a7-9d3e-d882775bc705-groupManagement] INFO  server.RaftServerConfigKeys (ConfUtils.java:logGet(46)) - raft.server.log.statemachine.data.caching.enabled = true (custom)
2023-12-05 10:06:15,383 [6f95716b-3660-49a7-9d3e-d882775bc705-groupManagement] INFO  segmented.SegmentedRaftLogWorker (SegmentedRaftLogWorker.java:lambda$new$0(135)) - 6f95716b-3660-49a7-9d3e-d882775bc705@group-DB478EA26896-SegmentedRaftLogWorker: flushIndex: setUnconditionally 0 -> -1
2023-12-05 10:06:15,383 [6f95716b-3660-49a7-9d3e-d882775bc705-groupManagement] INFO  segmented.SegmentedRaftLogWorker (SegmentedRaftLogWorker.java:lambda$new$0(135)) - 6f95716b-3660-49a7-9d3e-d882775bc705@group-DB478EA26896-SegmentedRaftLogWorker: safeCacheEvictIndex: setUnconditionally 0 -> -1
2023-12-05 10:06:15,383 [6f95716b-3660-49a7-9d3e-d882775bc705-groupManagement] INFO  server.RaftServer$Division (RaftServerImpl.java:start(392)) - 6f95716b-3660-49a7-9d3e-d882775bc705@group-DB478EA26896: start as a follower, conf=-1: peers:[6f95716b-3660-49a7-9d3e-d882775bc705|10.1.0.7:15233, 4698bbfe-1326-4b8d-b9e8-ec717de956b7|10.1.0.7:15242, 6ac84334-a6f6-4892-817f-c86ff695522c|10.1.0.7:15224]|listeners:[], old=null
2023-12-05 10:06:15,383 [6f95716b-3660-49a7-9d3e-d882775bc705-groupManagement] INFO  server.RaftServer$Division (RaftServerImpl.java:setRole(379)) - 6f95716b-3660-49a7-9d3e-d882775bc705@group-DB478EA26896: changes role from      null to FOLLOWER at term 0 for startAsFollower
2023-12-05 10:06:15,383 [6f95716b-3660-49a7-9d3e-d882775bc705-groupManagement] INFO  impl.RoleInfo (RoleInfo.java:updateAndGet(139)) - 6f95716b-3660-49a7-9d3e-d882775bc705: start 6f95716b-3660-49a7-9d3e-d882775bc705@group-DB478EA26896-FollowerState
2023-12-05 10:06:15,384 [6f95716b-3660-49a7-9d3e-d882775bc705@group-DB478EA26896-FollowerState] INFO  server.RaftServerConfigKeys (ConfUtils.java:logFallback(53)) - raft.server.rpc.first-election.timeout.min = 5s (fallback to raft.server.rpc.timeout.min)
2023-12-05 10:06:15,384 [6f95716b-3660-49a7-9d3e-d882775bc705-groupManagement] INFO  util.JmxRegister (JmxRegister.java:tryRegister(44)) - Successfully registered JMX Bean with object name Ratis:service=RaftServer,group=group-DB478EA26896,id=6f95716b-3660-49a7-9d3e-d882775bc705
2023-12-05 10:06:15,384 [6f95716b-3660-49a7-9d3e-d882775bc705@group-DB478EA26896-FollowerState] INFO  server.RaftServerConfigKeys (ConfUtils.java:logFallback(53)) - raft.server.rpc.first-election.timeout.max = 5200ms (fallback to raft.server.rpc.timeout.max)
2023-12-05 10:06:15,384 [6f95716b-3660-49a7-9d3e-d882775bc705-groupManagement] INFO  server.RaftServerConfigKeys (ConfUtils.java:logGet(46)) - raft.server.snapshot.trigger-when-stop.enabled = true (default)
2023-12-05 10:06:15,384 [6f95716b-3660-49a7-9d3e-d882775bc705-groupManagement] INFO  server.RaftServerConfigKeys (ConfUtils.java:logGet(46)) - raft.server.snapshot.auto.trigger.enabled = true (custom)
2023-12-05 10:06:15,384 [6f95716b-3660-49a7-9d3e-d882775bc705-groupManagement] INFO  server.RaftServerConfigKeys (ConfUtils.java:logGet(46)) - raft.server.snapshot.auto.trigger.threshold = 10000 (custom)
2023-12-05 10:06:15,384 [6f95716b-3660-49a7-9d3e-d882775bc705-groupManagement] INFO  server.RaftServerConfigKeys (ConfUtils.java:logGet(46)) - raft.server.snapshot.retention.file.num = 5 (custom)
2023-12-05 10:06:15,384 [6f95716b-3660-49a7-9d3e-d882775bc705-groupManagement] INFO  server.RaftServerConfigKeys (ConfUtils.java:logGet(46)) - raft.server.log.purge.upto.snapshot.index = false (default)
2023-12-05 10:06:15,393 [grpc-default-executor-0] INFO  server.RaftServer (RaftServerProxy.java:addNew(100)) - 4698bbfe-1326-4b8d-b9e8-ec717de956b7: addNew group-DB478EA26896:[6f95716b-3660-49a7-9d3e-d882775bc705|10.1.0.7:15233, 4698bbfe-1326-4b8d-b9e8-ec717de956b7|10.1.0.7:15242, 6ac84334-a6f6-4892-817f-c86ff695522c|10.1.0.7:15224] returns group-DB478EA26896:java.util.concurrent.CompletableFuture@623392eb[Not completed]
2023-12-05 10:06:15,394 [4698bbfe-1326-4b8d-b9e8-ec717de956b7-groupManagement] INFO  server.RaftServer$Division (RaftServerImpl.java:<init>(256)) - 4698bbfe-1326-4b8d-b9e8-ec717de956b7: new RaftServerImpl for group-DB478EA26896:[6f95716b-3660-49a7-9d3e-d882775bc705|10.1.0.7:15233, 4698bbfe-1326-4b8d-b9e8-ec717de956b7|10.1.0.7:15242, 6ac84334-a6f6-4892-817f-c86ff695522c|10.1.0.7:15224] with ContainerStateMachine:uninitialized
2023-12-05 10:06:15,394 [4698bbfe-1326-4b8d-b9e8-ec717de956b7-groupManagement] INFO  server.RaftServerConfigKeys (ConfUtils.java:logGet(46)) - raft.server.rpc.timeout.min = 5s (custom)
2023-12-05 10:06:15,394 [4698bbfe-1326-4b8d-b9e8-ec717de956b7-groupManagement] INFO  server.RaftServerConfigKeys (ConfUtils.java:logGet(46)) - raft.server.rpc.timeout.max = 5200ms (custom)
2023-12-05 10:06:15,395 [4698bbfe-1326-4b8d-b9e8-ec717de956b7-groupManagement] INFO  server.RaftServerConfigKeys (ConfUtils.java:logGet(46)) - raft.server.rpc.sleep.time = 25ms (default)
2023-12-05 10:06:15,395 [4698bbfe-1326-4b8d-b9e8-ec717de956b7-groupManagement] INFO  server.RaftServerConfigKeys (ConfUtils.java:logGet(46)) - raft.server.rpc.slowness.timeout = 300s (custom)
2023-12-05 10:06:15,395 [4698bbfe-1326-4b8d-b9e8-ec717de956b7-groupManagement] INFO  server.RaftServerConfigKeys (ConfUtils.java:logGet(46)) - raft.server.leaderelection.leader.step-down.wait-time = 10s (default)
2023-12-05 10:06:15,395 [4698bbfe-1326-4b8d-b9e8-ec717de956b7-groupManagement] INFO  server.RaftServerConfigKeys (ConfUtils.java:logGet(46)) - raft.server.leaderelection.member.majority-add = false (default)
2023-12-05 10:06:15,395 [4698bbfe-1326-4b8d-b9e8-ec717de956b7-groupManagement] INFO  server.RaftServerConfigKeys (ConfUtils.java:logGet(46)) - raft.server.sleep.deviation.threshold = 300ms (default)
2023-12-05 10:06:15,395 [4698bbfe-1326-4b8d-b9e8-ec717de956b7-groupManagement] INFO  server.RaftServer$Division (ServerState.java:<init>(113)) - 4698bbfe-1326-4b8d-b9e8-ec717de956b7@group-DB478EA26896: ConfigurationManager, init=-1: peers:[6f95716b-3660-49a7-9d3e-d882775bc705|10.1.0.7:15233, 4698bbfe-1326-4b8d-b9e8-ec717de956b7|10.1.0.7:15242, 6ac84334-a6f6-4892-817f-c86ff695522c|10.1.0.7:15224]|listeners:[], old=null, confs=<EMPTY_MAP>
2023-12-05 10:06:15,396 [4698bbfe-1326-4b8d-b9e8-ec717de956b7-groupManagement] INFO  server.RaftServerConfigKeys (ConfUtils.java:logGet(46)) - raft.server.notification.no-leader.timeout = 300s (custom)
2023-12-05 10:06:15,396 [4698bbfe-1326-4b8d-b9e8-ec717de956b7-groupManagement] INFO  server.RaftServerConfigKeys (ConfUtils.java:logGet(46)) - raft.server.read.timeout = 10s (default)
2023-12-05 10:06:15,396 [4698bbfe-1326-4b8d-b9e8-ec717de956b7-groupManagement] INFO  server.RaftServerConfigKeys (ConfUtils.java:logGet(46)) - raft.server.retrycache.expirytime = 600000ms (custom)
2023-12-05 10:06:15,396 [4698bbfe-1326-4b8d-b9e8-ec717de956b7-groupManagement] INFO  server.RaftServerConfigKeys (ConfUtils.java:logGet(46)) - raft.server.retrycache.statistics.expirytime = 100ms (default)
2023-12-05 10:06:15,397 [4698bbfe-1326-4b8d-b9e8-ec717de956b7-groupManagement] INFO  server.RaftServerConfigKeys (ConfUtils.java:logGet(46)) - raft.server.read.option = DEFAULT (default)
2023-12-05 10:06:15,397 [4698bbfe-1326-4b8d-b9e8-ec717de956b7-groupManagement] INFO  server.RaftServerConfigKeys (ConfUtils.java:logGet(46)) - raft.server.read.read-after-write-consistent.write-index-cache.expiry-time = 60s (default)
2023-12-05 10:06:15,398 [4698bbfe-1326-4b8d-b9e8-ec717de956b7-groupManagement] INFO  server.RaftServerConfigKeys (ConfUtils.java:logGet(46)) - raft.server.rpc.request.timeout = 60s (custom)
2023-12-05 10:06:15,398 [4698bbfe-1326-4b8d-b9e8-ec717de956b7-groupManagement] INFO  server.RaftServerConfigKeys (ConfUtils.java:logGet(46)) - raft.server.log.appender.install.snapshot.enabled = false (custom)
2023-12-05 10:06:15,398 [4698bbfe-1326-4b8d-b9e8-ec717de956b7-groupManagement] INFO  server.RaftServerConfigKeys (ConfUtils.java:logGet(46)) - raft.server.threadpool.server.cached = true (default)
2023-12-05 10:06:15,398 [4698bbfe-1326-4b8d-b9e8-ec717de956b7-groupManagement] INFO  server.RaftServerConfigKeys (ConfUtils.java:logGet(46)) - raft.server.threadpool.server.size = 0 (default)
2023-12-05 10:06:15,398 [4698bbfe-1326-4b8d-b9e8-ec717de956b7-groupManagement] INFO  server.RaftServerConfigKeys (ConfUtils.java:logGet(46)) - raft.server.threadpool.client.cached = true (default)
2023-12-05 10:06:15,399 [4698bbfe-1326-4b8d-b9e8-ec717de956b7-groupManagement] INFO  server.RaftServerConfigKeys (ConfUtils.java:logGet(46)) - raft.server.threadpool.client.size = 0 (default)
2023-12-05 10:06:15,399 [4698bbfe-1326-4b8d-b9e8-ec717de956b7-groupManagement] INFO  server.RaftServerConfigKeys (ConfUtils.java:logGet(46)) - raft.server.storage.free-space.min = 0MB (=0) (default)
2023-12-05 10:06:15,399 [4698bbfe-1326-4b8d-b9e8-ec717de956b7-groupManagement] INFO  server.RaftServerConfigKeys (ConfUtils.java:logGet(46)) - raft.server.log.corruption.policy = EXCEPTION (default)
2023-12-05 10:06:15,399 [4698bbfe-1326-4b8d-b9e8-ec717de956b7-groupManagement] INFO  server.RaftServerConfigKeys (ConfUtils.java:logGet(46)) - raft.server.storage.dir = [/home/runner/work/ozone/ozone/hadoop-ozone/integration-test/target/test-dir/MiniOzoneClusterImpl-3c72e0ff-8f58-4301-abb3-579d07aff8c3/datanode-2/data/ratis] (custom)
2023-12-05 10:06:15,400 [4698bbfe-1326-4b8d-b9e8-ec717de956b7-groupManagement] INFO  storage.RaftStorageDirectory (RaftStorageDirectoryImpl.java:analyzeStorage(138)) - The storage directory /home/runner/work/ozone/ozone/hadoop-ozone/integration-test/target/test-dir/MiniOzoneClusterImpl-3c72e0ff-8f58-4301-abb3-579d07aff8c3/datanode-2/data/ratis/6b83caf6-f4f5-41a7-94a0-db478ea26896 does not exist. Creating ...
2023-12-05 10:06:15,400 [4698bbfe-1326-4b8d-b9e8-ec717de956b7-groupManagement] INFO  storage.RaftStorageDirectory (RaftStorageDirectoryImpl.java:tryLock(232)) - Lock on /home/runner/work/ozone/ozone/hadoop-ozone/integration-test/target/test-dir/MiniOzoneClusterImpl-3c72e0ff-8f58-4301-abb3-579d07aff8c3/datanode-2/data/ratis/6b83caf6-f4f5-41a7-94a0-db478ea26896/in_use.lock acquired by nodename 4813@fv-az884-53
2023-12-05 10:06:15,401 [4698bbfe-1326-4b8d-b9e8-ec717de956b7-groupManagement] INFO  storage.RaftStorage (RaftStorageImpl.java:format(97)) - Storage directory /home/runner/work/ozone/ozone/hadoop-ozone/integration-test/target/test-dir/MiniOzoneClusterImpl-3c72e0ff-8f58-4301-abb3-579d07aff8c3/datanode-2/data/ratis/6b83caf6-f4f5-41a7-94a0-db478ea26896 has been successfully formatted.
2023-12-05 10:06:15,402 [4698bbfe-1326-4b8d-b9e8-ec717de956b7-groupManagement] INFO  ratis.ContainerStateMachine (ContainerStateMachine.java:loadSnapshot(269)) - group-DB478EA26896: The snapshot info is null. Setting the last applied indexto:(t:0, i:~)
2023-12-05 10:06:15,402 [4698bbfe-1326-4b8d-b9e8-ec717de956b7-groupManagement] INFO  server.RaftServerConfigKeys (ConfUtils.java:logGet(46)) - raft.server.log.use.memory = false (default)
2023-12-05 10:06:15,402 [4698bbfe-1326-4b8d-b9e8-ec717de956b7-groupManagement] INFO  server.RaftServerConfigKeys (ConfUtils.java:logGet(46)) - raft.server.log.purge.gap = 1000000 (custom)
2023-12-05 10:06:15,402 [4698bbfe-1326-4b8d-b9e8-ec717de956b7-groupManagement] INFO  server.RaftServerConfigKeys (ConfUtils.java:logGet(46)) - raft.server.log.appender.buffer.byte-limit = 8388608 (custom)
2023-12-05 10:06:15,403 [4698bbfe-1326-4b8d-b9e8-ec717de956b7-groupManagement] INFO  server.RaftServerConfigKeys (ConfUtils.java:logGet(46)) - raft.server.log.statemachine.data.read.timeout = 1000ms (default)
2023-12-05 10:06:15,403 [4698bbfe-1326-4b8d-b9e8-ec717de956b7-groupManagement] INFO  server.RaftServerConfigKeys (ConfUtils.java:logGet(46)) - raft.server.log.purge.preservation.log.num = 0 (default)
2023-12-05 10:06:15,403 [4698bbfe-1326-4b8d-b9e8-ec717de956b7-groupManagement] INFO  server.RaftServerConfigKeys (ConfUtils.java:logGet(46)) - raft.server.log.segment.size.max = 67108864 (custom)
2023-12-05 10:06:15,403 [4698bbfe-1326-4b8d-b9e8-ec717de956b7-groupManagement] INFO  server.RaftServerConfigKeys (ConfUtils.java:logGet(46)) - raft.server.log.segment.cache.num.max = 2 (custom)
2023-12-05 10:06:15,403 [4698bbfe-1326-4b8d-b9e8-ec717de956b7-groupManagement] INFO  server.RaftServerConfigKeys (ConfUtils.java:logGet(46)) - raft.server.log.segment.cache.size.max = 200MB (=209715200) (default)
2023-12-05 10:06:15,404 [4698bbfe-1326-4b8d-b9e8-ec717de956b7-groupManagement] INFO  server.RaftServerConfigKeys (ConfUtils.java:logGet(46)) - raft.server.log.appender.buffer.byte-limit = 8388608 (custom)
2023-12-05 10:06:15,404 [4698bbfe-1326-4b8d-b9e8-ec717de956b7-groupManagement] INFO  util.AwaitToRun (AwaitToRun.java:start(81)) - Thread[4698bbfe-1326-4b8d-b9e8-ec717de956b7@group-DB478EA26896-cacheEviction-AwaitToRun,5,main] started
2023-12-05 10:06:15,404 [4698bbfe-1326-4b8d-b9e8-ec717de956b7-groupManagement] INFO  segmented.SegmentedRaftLogWorker (SegmentedRaftLogWorker.java:<init>(184)) - new 4698bbfe-1326-4b8d-b9e8-ec717de956b7@group-DB478EA26896-SegmentedRaftLogWorker for RaftStorageImpl:Storage Directory /home/runner/work/ozone/ozone/hadoop-ozone/integration-test/target/test-dir/MiniOzoneClusterImpl-3c72e0ff-8f58-4301-abb3-579d07aff8c3/datanode-2/data/ratis/6b83caf6-f4f5-41a7-94a0-db478ea26896
2023-12-05 10:06:15,404 [4698bbfe-1326-4b8d-b9e8-ec717de956b7-groupManagement] INFO  server.RaftServerConfigKeys (ConfUtils.java:logGet(46)) - raft.server.log.queue.byte-limit = 4294967296 (custom)
2023-12-05 10:06:15,404 [4698bbfe-1326-4b8d-b9e8-ec717de956b7-groupManagement] INFO  server.RaftServerConfigKeys (ConfUtils.java:logGet(46)) - raft.server.log.queue.element-limit = 1024 (custom)
2023-12-05 10:06:15,404 [4698bbfe-1326-4b8d-b9e8-ec717de956b7-groupManagement] INFO  server.RaftServerConfigKeys (ConfUtils.java:logGet(46)) - raft.server.log.segment.size.max = 67108864 (custom)
2023-12-05 10:06:15,404 [4698bbfe-1326-4b8d-b9e8-ec717de956b7-groupManagement] INFO  server.RaftServerConfigKeys (ConfUtils.java:logGet(46)) - raft.server.log.preallocated.size = 4194304 (custom)
2023-12-05 10:06:15,404 [4698bbfe-1326-4b8d-b9e8-ec717de956b7-groupManagement] INFO  server.RaftServerConfigKeys (ConfUtils.java:logGet(46)) - raft.server.log.force.sync.num = 128 (default)
2023-12-05 10:06:15,404 [4698bbfe-1326-4b8d-b9e8-ec717de956b7-groupManagement] INFO  server.RaftServerConfigKeys (ConfUtils.java:logGet(46)) - raft.server.log.statemachine.data.sync = true (default)
2023-12-05 10:06:15,404 [4698bbfe-1326-4b8d-b9e8-ec717de956b7-groupManagement] INFO  server.RaftServerConfigKeys (ConfUtils.java:logGet(46)) - raft.server.log.statemachine.data.sync.timeout = 10s (default)
2023-12-05 10:06:15,404 [4698bbfe-1326-4b8d-b9e8-ec717de956b7-groupManagement] INFO  server.RaftServerConfigKeys (ConfUtils.java:logGet(46)) - raft.server.log.statemachine.data.sync.timeout.retry = 0 (custom)
2023-12-05 10:06:15,404 [4698bbfe-1326-4b8d-b9e8-ec717de956b7-groupManagement] INFO  server.RaftServerConfigKeys (ConfUtils.java:logGet(46)) - raft.server.log.write.buffer.size = 8388616 (custom)
2023-12-05 10:06:15,407 [4698bbfe-1326-4b8d-b9e8-ec717de956b7-groupManagement] INFO  server.RaftServerConfigKeys (ConfUtils.java:logGet(46)) - raft.server.log.appender.buffer.byte-limit = 8388608 (custom)
2023-12-05 10:06:15,407 [4698bbfe-1326-4b8d-b9e8-ec717de956b7-groupManagement] INFO  server.RaftServerConfigKeys (ConfUtils.java:logGet(46)) - raft.server.log.unsafe-flush.enabled = false (default)
2023-12-05 10:06:15,407 [4698bbfe-1326-4b8d-b9e8-ec717de956b7-groupManagement] INFO  server.RaftServerConfigKeys (ConfUtils.java:logGet(46)) - raft.server.log.async-flush.enabled = false (default)
2023-12-05 10:06:15,407 [4698bbfe-1326-4b8d-b9e8-ec717de956b7-groupManagement] INFO  server.RaftServerConfigKeys (ConfUtils.java:logGet(46)) - raft.server.log.statemachine.data.caching.enabled = true (custom)
2023-12-05 10:06:15,407 [4698bbfe-1326-4b8d-b9e8-ec717de956b7-groupManagement] INFO  segmented.SegmentedRaftLogWorker (SegmentedRaftLogWorker.java:lambda$new$0(135)) - 4698bbfe-1326-4b8d-b9e8-ec717de956b7@group-DB478EA26896-SegmentedRaftLogWorker: flushIndex: setUnconditionally 0 -> -1
2023-12-05 10:06:15,407 [4698bbfe-1326-4b8d-b9e8-ec717de956b7-groupManagement] INFO  segmented.SegmentedRaftLogWorker (SegmentedRaftLogWorker.java:lambda$new$0(135)) - 4698bbfe-1326-4b8d-b9e8-ec717de956b7@group-DB478EA26896-SegmentedRaftLogWorker: safeCacheEvictIndex: setUnconditionally 0 -> -1
2023-12-05 10:06:15,408 [4698bbfe-1326-4b8d-b9e8-ec717de956b7-groupManagement] INFO  server.RaftServer$Division (RaftServerImpl.java:start(392)) - 4698bbfe-1326-4b8d-b9e8-ec717de956b7@group-DB478EA26896: start as a follower, conf=-1: peers:[6f95716b-3660-49a7-9d3e-d882775bc705|10.1.0.7:15233, 4698bbfe-1326-4b8d-b9e8-ec717de956b7|10.1.0.7:15242, 6ac84334-a6f6-4892-817f-c86ff695522c|10.1.0.7:15224]|listeners:[], old=null
2023-12-05 10:06:15,408 [4698bbfe-1326-4b8d-b9e8-ec717de956b7-groupManagement] INFO  server.RaftServer$Division (RaftServerImpl.java:setRole(379)) - 4698bbfe-1326-4b8d-b9e8-ec717de956b7@group-DB478EA26896: changes role from      null to FOLLOWER at term 0 for startAsFollower
2023-12-05 10:06:15,408 [4698bbfe-1326-4b8d-b9e8-ec717de956b7-groupManagement] INFO  impl.RoleInfo (RoleInfo.java:updateAndGet(139)) - 4698bbfe-1326-4b8d-b9e8-ec717de956b7: start 4698bbfe-1326-4b8d-b9e8-ec717de956b7@group-DB478EA26896-FollowerState
2023-12-05 10:06:15,408 [4698bbfe-1326-4b8d-b9e8-ec717de956b7-groupManagement] INFO  util.JmxRegister (JmxRegister.java:tryRegister(44)) - Successfully registered JMX Bean with object name Ratis:service=RaftServer,group=group-DB478EA26896,id=4698bbfe-1326-4b8d-b9e8-ec717de956b7
2023-12-05 10:06:15,408 [4698bbfe-1326-4b8d-b9e8-ec717de956b7-groupManagement] INFO  server.RaftServerConfigKeys (ConfUtils.java:logGet(46)) - raft.server.snapshot.trigger-when-stop.enabled = true (default)
2023-12-05 10:06:15,408 [4698bbfe-1326-4b8d-b9e8-ec717de956b7-groupManagement] INFO  server.RaftServerConfigKeys (ConfUtils.java:logGet(46)) - raft.server.snapshot.auto.trigger.enabled = true (custom)
2023-12-05 10:06:15,408 [4698bbfe-1326-4b8d-b9e8-ec717de956b7-groupManagement] INFO  server.RaftServerConfigKeys (ConfUtils.java:logGet(46)) - raft.server.snapshot.auto.trigger.threshold = 10000 (custom)
2023-12-05 10:06:15,408 [4698bbfe-1326-4b8d-b9e8-ec717de956b7-groupManagement] INFO  server.RaftServerConfigKeys (ConfUtils.java:logGet(46)) - raft.server.snapshot.retention.file.num = 5 (custom)
2023-12-05 10:06:15,408 [4698bbfe-1326-4b8d-b9e8-ec717de956b7-groupManagement] INFO  server.RaftServerConfigKeys (ConfUtils.java:logGet(46)) - raft.server.log.purge.upto.snapshot.index = false (default)
2023-12-05 10:06:15,409 [4698bbfe-1326-4b8d-b9e8-ec717de956b7@group-DB478EA26896-FollowerState] INFO  server.RaftServerConfigKeys (ConfUtils.java:logFallback(53)) - raft.server.rpc.first-election.timeout.min = 5s (fallback to raft.server.rpc.timeout.min)
2023-12-05 10:06:15,409 [4698bbfe-1326-4b8d-b9e8-ec717de956b7@group-DB478EA26896-FollowerState] INFO  server.RaftServerConfigKeys (ConfUtils.java:logFallback(53)) - raft.server.rpc.first-election.timeout.max = 5200ms (fallback to raft.server.rpc.timeout.max)
2023-12-05 10:06:15,412 [6ac84334-a6f6-4892-817f-c86ff695522c-PipelineCommandHandlerThread-0] INFO  commandhandler.CreatePipelineCommandHandler (CreatePipelineCommandHandler.java:lambda$handle$2(124)) - Created Pipeline RATIS THREE PipelineID=6b83caf6-f4f5-41a7-94a0-db478ea26896.
2023-12-05 10:06:15,426 [6f95716b-3660-49a7-9d3e-d882775bc705-PipelineCommandHandlerThread-0] INFO  server.RaftServer (RaftServerProxy.java:addNew(100)) - 6f95716b-3660-49a7-9d3e-d882775bc705: addNew group-D7A9F2F84D09:[6f95716b-3660-49a7-9d3e-d882775bc705|10.1.0.7:15233] returns group-D7A9F2F84D09:java.util.concurrent.CompletableFuture@57eb2018[Not completed]
2023-12-05 10:06:15,427 [6f95716b-3660-49a7-9d3e-d882775bc705-groupManagement] INFO  server.RaftServer$Division (RaftServerImpl.java:<init>(256)) - 6f95716b-3660-49a7-9d3e-d882775bc705: new RaftServerImpl for group-D7A9F2F84D09:[6f95716b-3660-49a7-9d3e-d882775bc705|10.1.0.7:15233] with ContainerStateMachine:uninitialized
2023-12-05 10:06:15,427 [6f95716b-3660-49a7-9d3e-d882775bc705-groupManagement] INFO  server.RaftServerConfigKeys (ConfUtils.java:logGet(46)) - raft.server.rpc.timeout.min = 5s (custom)
2023-12-05 10:06:15,427 [6f95716b-3660-49a7-9d3e-d882775bc705-groupManagement] INFO  server.RaftServerConfigKeys (ConfUtils.java:logGet(46)) - raft.server.rpc.timeout.max = 5200ms (custom)
2023-12-05 10:06:15,427 [6f95716b-3660-49a7-9d3e-d882775bc705-groupManagement] INFO  server.RaftServerConfigKeys (ConfUtils.java:logGet(46)) - raft.server.rpc.sleep.time = 25ms (default)
2023-12-05 10:06:15,427 [6f95716b-3660-49a7-9d3e-d882775bc705-groupManagement] INFO  server.RaftServerConfigKeys (ConfUtils.java:logGet(46)) - raft.server.rpc.slowness.timeout = 300s (custom)
2023-12-05 10:06:15,427 [6f95716b-3660-49a7-9d3e-d882775bc705-groupManagement] INFO  server.RaftServerConfigKeys (ConfUtils.java:logGet(46)) - raft.server.leaderelection.leader.step-down.wait-time = 10s (default)
2023-12-05 10:06:15,427 [6f95716b-3660-49a7-9d3e-d882775bc705-groupManagement] INFO  server.RaftServerConfigKeys (ConfUtils.java:logGet(46)) - raft.server.leaderelection.member.majority-add = false (default)
2023-12-05 10:06:15,427 [6f95716b-3660-49a7-9d3e-d882775bc705-groupManagement] INFO  server.RaftServerConfigKeys (ConfUtils.java:logGet(46)) - raft.server.sleep.deviation.threshold = 300ms (default)
2023-12-05 10:06:15,427 [6f95716b-3660-49a7-9d3e-d882775bc705-groupManagement] INFO  server.RaftServer$Division (ServerState.java:<init>(113)) - 6f95716b-3660-49a7-9d3e-d882775bc705@group-D7A9F2F84D09: ConfigurationManager, init=-1: peers:[6f95716b-3660-49a7-9d3e-d882775bc705|10.1.0.7:15233]|listeners:[], old=null, confs=<EMPTY_MAP>
2023-12-05 10:06:15,427 [6f95716b-3660-49a7-9d3e-d882775bc705-groupManagement] INFO  server.RaftServerConfigKeys (ConfUtils.java:logGet(46)) - raft.server.notification.no-leader.timeout = 300s (custom)
2023-12-05 10:06:15,427 [6f95716b-3660-49a7-9d3e-d882775bc705-groupManagement] INFO  server.RaftServerConfigKeys (ConfUtils.java:logGet(46)) - raft.server.read.timeout = 10s (default)
2023-12-05 10:06:15,427 [6f95716b-3660-49a7-9d3e-d882775bc705-groupManagement] INFO  server.RaftServerConfigKeys (ConfUtils.java:logGet(46)) - raft.server.retrycache.expirytime = 600000ms (custom)
2023-12-05 10:06:15,427 [6f95716b-3660-49a7-9d3e-d882775bc705-groupManagement] INFO  server.RaftServerConfigKeys (ConfUtils.java:logGet(46)) - raft.server.retrycache.statistics.expirytime = 100ms (default)
2023-12-05 10:06:15,428 [6f95716b-3660-49a7-9d3e-d882775bc705-groupManagement] INFO  server.RaftServerConfigKeys (ConfUtils.java:logGet(46)) - raft.server.read.option = DEFAULT (default)
2023-12-05 10:06:15,428 [6f95716b-3660-49a7-9d3e-d882775bc705-groupManagement] INFO  server.RaftServerConfigKeys (ConfUtils.java:logGet(46)) - raft.server.read.read-after-write-consistent.write-index-cache.expiry-time = 60s (default)
2023-12-05 10:06:15,429 [6f95716b-3660-49a7-9d3e-d882775bc705-groupManagement] INFO  server.RaftServerConfigKeys (ConfUtils.java:logGet(46)) - raft.server.rpc.request.timeout = 60s (custom)
2023-12-05 10:06:15,429 [6f95716b-3660-49a7-9d3e-d882775bc705-groupManagement] INFO  server.RaftServerConfigKeys (ConfUtils.java:logGet(46)) - raft.server.log.appender.install.snapshot.enabled = false (custom)
2023-12-05 10:06:15,429 [6f95716b-3660-49a7-9d3e-d882775bc705-groupManagement] INFO  server.RaftServerConfigKeys (ConfUtils.java:logGet(46)) - raft.server.threadpool.server.cached = true (default)
2023-12-05 10:06:15,429 [6f95716b-3660-49a7-9d3e-d882775bc705-groupManagement] INFO  server.RaftServerConfigKeys (ConfUtils.java:logGet(46)) - raft.server.threadpool.server.size = 0 (default)
2023-12-05 10:06:15,429 [6f95716b-3660-49a7-9d3e-d882775bc705-groupManagement] INFO  server.RaftServerConfigKeys (ConfUtils.java:logGet(46)) - raft.server.threadpool.client.cached = true (default)
2023-12-05 10:06:15,429 [6f95716b-3660-49a7-9d3e-d882775bc705-groupManagement] INFO  server.RaftServerConfigKeys (ConfUtils.java:logGet(46)) - raft.server.threadpool.client.size = 0 (default)
2023-12-05 10:06:15,429 [6f95716b-3660-49a7-9d3e-d882775bc705-groupManagement] INFO  server.RaftServerConfigKeys (ConfUtils.java:logGet(46)) - raft.server.storage.free-space.min = 0MB (=0) (default)
2023-12-05 10:06:15,429 [6f95716b-3660-49a7-9d3e-d882775bc705-groupManagement] INFO  server.RaftServerConfigKeys (ConfUtils.java:logGet(46)) - raft.server.log.corruption.policy = EXCEPTION (default)
2023-12-05 10:06:15,429 [6f95716b-3660-49a7-9d3e-d882775bc705-groupManagement] INFO  server.RaftServerConfigKeys (ConfUtils.java:logGet(46)) - raft.server.storage.dir = [/home/runner/work/ozone/ozone/hadoop-ozone/integration-test/target/test-dir/MiniOzoneClusterImpl-3c72e0ff-8f58-4301-abb3-579d07aff8c3/datanode-1/data/ratis] (custom)
2023-12-05 10:06:15,430 [6f95716b-3660-49a7-9d3e-d882775bc705-groupManagement] INFO  storage.RaftStorageDirectory (RaftStorageDirectoryImpl.java:analyzeStorage(138)) - The storage directory /home/runner/work/ozone/ozone/hadoop-ozone/integration-test/target/test-dir/MiniOzoneClusterImpl-3c72e0ff-8f58-4301-abb3-579d07aff8c3/datanode-1/data/ratis/2857e50f-d82a-48ca-9f85-d7a9f2f84d09 does not exist. Creating ...
2023-12-05 10:06:15,430 [6f95716b-3660-49a7-9d3e-d882775bc705-groupManagement] INFO  storage.RaftStorageDirectory (RaftStorageDirectoryImpl.java:tryLock(232)) - Lock on /home/runner/work/ozone/ozone/hadoop-ozone/integration-test/target/test-dir/MiniOzoneClusterImpl-3c72e0ff-8f58-4301-abb3-579d07aff8c3/datanode-1/data/ratis/2857e50f-d82a-48ca-9f85-d7a9f2f84d09/in_use.lock acquired by nodename 4813@fv-az884-53
2023-12-05 10:06:15,431 [6f95716b-3660-49a7-9d3e-d882775bc705-groupManagement] INFO  storage.RaftStorage (RaftStorageImpl.java:format(97)) - Storage directory /home/runner/work/ozone/ozone/hadoop-ozone/integration-test/target/test-dir/MiniOzoneClusterImpl-3c72e0ff-8f58-4301-abb3-579d07aff8c3/datanode-1/data/ratis/2857e50f-d82a-48ca-9f85-d7a9f2f84d09 has been successfully formatted.
2023-12-05 10:06:15,431 [6f95716b-3660-49a7-9d3e-d882775bc705-groupManagement] INFO  ratis.ContainerStateMachine (ContainerStateMachine.java:loadSnapshot(269)) - group-D7A9F2F84D09: The snapshot info is null. Setting the last applied indexto:(t:0, i:~)
2023-12-05 10:06:15,431 [6f95716b-3660-49a7-9d3e-d882775bc705-groupManagement] INFO  server.RaftServerConfigKeys (ConfUtils.java:logGet(46)) - raft.server.log.use.memory = false (default)
2023-12-05 10:06:15,432 [6f95716b-3660-49a7-9d3e-d882775bc705-groupManagement] INFO  server.RaftServerConfigKeys (ConfUtils.java:logGet(46)) - raft.server.log.purge.gap = 1000000 (custom)
2023-12-05 10:06:15,432 [6f95716b-3660-49a7-9d3e-d882775bc705-groupManagement] INFO  server.RaftServerConfigKeys (ConfUtils.java:logGet(46)) - raft.server.log.appender.buffer.byte-limit = 8388608 (custom)
2023-12-05 10:06:15,432 [6f95716b-3660-49a7-9d3e-d882775bc705-groupManagement] INFO  server.RaftServerConfigKeys (ConfUtils.java:logGet(46)) - raft.server.log.statemachine.data.read.timeout = 1000ms (default)
2023-12-05 10:06:15,432 [6f95716b-3660-49a7-9d3e-d882775bc705-groupManagement] INFO  server.RaftServerConfigKeys (ConfUtils.java:logGet(46)) - raft.server.log.purge.preservation.log.num = 0 (default)
2023-12-05 10:06:15,433 [6f95716b-3660-49a7-9d3e-d882775bc705-groupManagement] INFO  server.RaftServerConfigKeys (ConfUtils.java:logGet(46)) - raft.server.log.segment.size.max = 67108864 (custom)
2023-12-05 10:06:15,433 [6f95716b-3660-49a7-9d3e-d882775bc705-groupManagement] INFO  server.RaftServerConfigKeys (ConfUtils.java:logGet(46)) - raft.server.log.segment.cache.num.max = 2 (custom)
2023-12-05 10:06:15,433 [6f95716b-3660-49a7-9d3e-d882775bc705-groupManagement] INFO  server.RaftServerConfigKeys (ConfUtils.java:logGet(46)) - raft.server.log.segment.cache.size.max = 200MB (=209715200) (default)
2023-12-05 10:06:15,433 [6f95716b-3660-49a7-9d3e-d882775bc705-groupManagement] INFO  server.RaftServerConfigKeys (ConfUtils.java:logGet(46)) - raft.server.log.appender.buffer.byte-limit = 8388608 (custom)
2023-12-05 10:06:15,433 [6f95716b-3660-49a7-9d3e-d882775bc705-groupManagement] INFO  util.AwaitToRun (AwaitToRun.java:start(81)) - Thread[6f95716b-3660-49a7-9d3e-d882775bc705@group-D7A9F2F84D09-cacheEviction-AwaitToRun,5,main] started
2023-12-05 10:06:15,433 [6f95716b-3660-49a7-9d3e-d882775bc705-groupManagement] INFO  segmented.SegmentedRaftLogWorker (SegmentedRaftLogWorker.java:<init>(184)) - new 6f95716b-3660-49a7-9d3e-d882775bc705@group-D7A9F2F84D09-SegmentedRaftLogWorker for RaftStorageImpl:Storage Directory /home/runner/work/ozone/ozone/hadoop-ozone/integration-test/target/test-dir/MiniOzoneClusterImpl-3c72e0ff-8f58-4301-abb3-579d07aff8c3/datanode-1/data/ratis/2857e50f-d82a-48ca-9f85-d7a9f2f84d09
2023-12-05 10:06:15,433 [EventQueue-PipelineReportForPipelineReportHandler] INFO  pipeline.PipelineReportHandler (PipelineReportHandler.java:processPipelineReport(136)) - Opened pipeline PipelineID=2857e50f-d82a-48ca-9f85-d7a9f2f84d09
2023-12-05 10:06:15,433 [EventQueue-OpenPipelineForHealthyPipelineSafeModeRule] INFO  safemode.SCMSafeModeManager (HealthyPipelineSafeModeRule.java:process(137)) - SCM in safe mode. Healthy pipelines reported count is 0, required healthy pipeline reported count is 1
2023-12-05 10:06:15,433 [6f95716b-3660-49a7-9d3e-d882775bc705-groupManagement] INFO  server.RaftServerConfigKeys (ConfUtils.java:logGet(46)) - raft.server.log.queue.byte-limit = 4294967296 (custom)
2023-12-05 10:06:15,433 [6f95716b-3660-49a7-9d3e-d882775bc705-groupManagement] INFO  server.RaftServerConfigKeys (ConfUtils.java:logGet(46)) - raft.server.log.queue.element-limit = 1024 (custom)
2023-12-05 10:06:15,433 [6f95716b-3660-49a7-9d3e-d882775bc705-groupManagement] INFO  server.RaftServerConfigKeys (ConfUtils.java:logGet(46)) - raft.server.log.segment.size.max = 67108864 (custom)
2023-12-05 10:06:15,434 [6f95716b-3660-49a7-9d3e-d882775bc705-groupManagement] INFO  server.RaftServerConfigKeys (ConfUtils.java:logGet(46)) - raft.server.log.preallocated.size = 4194304 (custom)
2023-12-05 10:06:15,434 [6f95716b-3660-49a7-9d3e-d882775bc705-groupManagement] INFO  server.RaftServerConfigKeys (ConfUtils.java:logGet(46)) - raft.server.log.force.sync.num = 128 (default)
2023-12-05 10:06:15,434 [6f95716b-3660-49a7-9d3e-d882775bc705-groupManagement] INFO  server.RaftServerConfigKeys (ConfUtils.java:logGet(46)) - raft.server.log.statemachine.data.sync = true (default)
2023-12-05 10:06:15,434 [6f95716b-3660-49a7-9d3e-d882775bc705-groupManagement] INFO  server.RaftServerConfigKeys (ConfUtils.java:logGet(46)) - raft.server.log.statemachine.data.sync.timeout = 10s (default)
2023-12-05 10:06:15,434 [6f95716b-3660-49a7-9d3e-d882775bc705-groupManagement] INFO  server.RaftServerConfigKeys (ConfUtils.java:logGet(46)) - raft.server.log.statemachine.data.sync.timeout.retry = 0 (custom)
2023-12-05 10:06:15,434 [6f95716b-3660-49a7-9d3e-d882775bc705-groupManagement] INFO  server.RaftServerConfigKeys (ConfUtils.java:logGet(46)) - raft.server.log.write.buffer.size = 8388616 (custom)
2023-12-05 10:06:15,436 [6f95716b-3660-49a7-9d3e-d882775bc705-groupManagement] INFO  server.RaftServerConfigKeys (ConfUtils.java:logGet(46)) - raft.server.log.appender.buffer.byte-limit = 8388608 (custom)
2023-12-05 10:06:15,437 [6f95716b-3660-49a7-9d3e-d882775bc705-groupManagement] INFO  server.RaftServerConfigKeys (ConfUtils.java:logGet(46)) - raft.server.log.unsafe-flush.enabled = false (default)
2023-12-05 10:06:15,437 [6f95716b-3660-49a7-9d3e-d882775bc705-groupManagement] INFO  server.RaftServerConfigKeys (ConfUtils.java:logGet(46)) - raft.server.log.async-flush.enabled = false (default)
2023-12-05 10:06:15,437 [6f95716b-3660-49a7-9d3e-d882775bc705-groupManagement] INFO  server.RaftServerConfigKeys (ConfUtils.java:logGet(46)) - raft.server.log.statemachine.data.caching.enabled = true (custom)
2023-12-05 10:06:15,437 [6f95716b-3660-49a7-9d3e-d882775bc705-groupManagement] INFO  segmented.SegmentedRaftLogWorker (SegmentedRaftLogWorker.java:lambda$new$0(135)) - 6f95716b-3660-49a7-9d3e-d882775bc705@group-D7A9F2F84D09-SegmentedRaftLogWorker: flushIndex: setUnconditionally 0 -> -1
2023-12-05 10:06:15,437 [6f95716b-3660-49a7-9d3e-d882775bc705-groupManagement] INFO  segmented.SegmentedRaftLogWorker (SegmentedRaftLogWorker.java:lambda$new$0(135)) - 6f95716b-3660-49a7-9d3e-d882775bc705@group-D7A9F2F84D09-SegmentedRaftLogWorker: safeCacheEvictIndex: setUnconditionally 0 -> -1
2023-12-05 10:06:15,437 [6f95716b-3660-49a7-9d3e-d882775bc705-groupManagement] INFO  server.RaftServer$Division (RaftServerImpl.java:start(392)) - 6f95716b-3660-49a7-9d3e-d882775bc705@group-D7A9F2F84D09: start as a follower, conf=-1: peers:[6f95716b-3660-49a7-9d3e-d882775bc705|10.1.0.7:15233]|listeners:[], old=null
2023-12-05 10:06:15,437 [6f95716b-3660-49a7-9d3e-d882775bc705-groupManagement] INFO  server.RaftServer$Division (RaftServerImpl.java:setRole(379)) - 6f95716b-3660-49a7-9d3e-d882775bc705@group-D7A9F2F84D09: changes role from      null to FOLLOWER at term 0 for startAsFollower
2023-12-05 10:06:15,437 [6f95716b-3660-49a7-9d3e-d882775bc705-groupManagement] INFO  impl.RoleInfo (RoleInfo.java:updateAndGet(139)) - 6f95716b-3660-49a7-9d3e-d882775bc705: start 6f95716b-3660-49a7-9d3e-d882775bc705@group-D7A9F2F84D09-FollowerState
2023-12-05 10:06:15,438 [6f95716b-3660-49a7-9d3e-d882775bc705@group-D7A9F2F84D09-FollowerState] INFO  server.RaftServerConfigKeys (ConfUtils.java:logFallback(53)) - raft.server.rpc.first-election.timeout.min = 5s (fallback to raft.server.rpc.timeout.min)
2023-12-05 10:06:15,439 [6f95716b-3660-49a7-9d3e-d882775bc705-groupManagement] INFO  util.JmxRegister (JmxRegister.java:tryRegister(44)) - Successfully registered JMX Bean with object name Ratis:service=RaftServer,group=group-D7A9F2F84D09,id=6f95716b-3660-49a7-9d3e-d882775bc705
2023-12-05 10:06:15,439 [6f95716b-3660-49a7-9d3e-d882775bc705@group-D7A9F2F84D09-FollowerState] INFO  server.RaftServerConfigKeys (ConfUtils.java:logFallback(53)) - raft.server.rpc.first-election.timeout.max = 5200ms (fallback to raft.server.rpc.timeout.max)
2023-12-05 10:06:15,439 [6f95716b-3660-49a7-9d3e-d882775bc705-groupManagement] INFO  server.RaftServerConfigKeys (ConfUtils.java:logGet(46)) - raft.server.snapshot.trigger-when-stop.enabled = true (default)
2023-12-05 10:06:15,439 [6f95716b-3660-49a7-9d3e-d882775bc705-groupManagement] INFO  server.RaftServerConfigKeys (ConfUtils.java:logGet(46)) - raft.server.snapshot.auto.trigger.enabled = true (custom)
2023-12-05 10:06:15,439 [6f95716b-3660-49a7-9d3e-d882775bc705-groupManagement] INFO  server.RaftServerConfigKeys (ConfUtils.java:logGet(46)) - raft.server.snapshot.auto.trigger.threshold = 10000 (custom)
2023-12-05 10:06:15,439 [6f95716b-3660-49a7-9d3e-d882775bc705-groupManagement] INFO  server.RaftServerConfigKeys (ConfUtils.java:logGet(46)) - raft.server.snapshot.retention.file.num = 5 (custom)
2023-12-05 10:06:15,439 [6f95716b-3660-49a7-9d3e-d882775bc705-groupManagement] INFO  server.RaftServerConfigKeys (ConfUtils.java:logGet(46)) - raft.server.log.purge.upto.snapshot.index = false (default)
2023-12-05 10:06:15,440 [6f95716b-3660-49a7-9d3e-d882775bc705-PipelineCommandHandlerThread-0] INFO  ratis.XceiverServerRatis (XceiverServerRatis.java:addGroup(837)) - Created group PipelineID=2857e50f-d82a-48ca-9f85-d7a9f2f84d09
2023-12-05 10:06:15,440 [6f95716b-3660-49a7-9d3e-d882775bc705-PipelineCommandHandlerThread-0] INFO  commandhandler.CreatePipelineCommandHandler (CreatePipelineCommandHandler.java:lambda$handle$2(124)) - Created Pipeline RATIS ONE PipelineID=2857e50f-d82a-48ca-9f85-d7a9f2f84d09.
2023-12-05 10:06:15,536 [4698bbfe-1326-4b8d-b9e8-ec717de956b7-PipelineCommandHandlerThread-0] INFO  server.RaftServer (RaftServerProxy.java:addNew(100)) - 4698bbfe-1326-4b8d-b9e8-ec717de956b7: addNew group-C12E2B5E2ADF:[4698bbfe-1326-4b8d-b9e8-ec717de956b7|10.1.0.7:15242] returns group-C12E2B5E2ADF:java.util.concurrent.CompletableFuture@b85332c[Not completed]
2023-12-05 10:06:15,537 [4698bbfe-1326-4b8d-b9e8-ec717de956b7-groupManagement] INFO  server.RaftServer$Division (RaftServerImpl.java:<init>(256)) - 4698bbfe-1326-4b8d-b9e8-ec717de956b7: new RaftServerImpl for group-C12E2B5E2ADF:[4698bbfe-1326-4b8d-b9e8-ec717de956b7|10.1.0.7:15242] with ContainerStateMachine:uninitialized
2023-12-05 10:06:15,537 [4698bbfe-1326-4b8d-b9e8-ec717de956b7-groupManagement] INFO  server.RaftServerConfigKeys (ConfUtils.java:logGet(46)) - raft.server.rpc.timeout.min = 5s (custom)
2023-12-05 10:06:15,537 [4698bbfe-1326-4b8d-b9e8-ec717de956b7-groupManagement] INFO  server.RaftServerConfigKeys (ConfUtils.java:logGet(46)) - raft.server.rpc.timeout.max = 5200ms (custom)
2023-12-05 10:06:15,537 [4698bbfe-1326-4b8d-b9e8-ec717de956b7-groupManagement] INFO  server.RaftServerConfigKeys (ConfUtils.java:logGet(46)) - raft.server.rpc.sleep.time = 25ms (default)
2023-12-05 10:06:15,537 [4698bbfe-1326-4b8d-b9e8-ec717de956b7-groupManagement] INFO  server.RaftServerConfigKeys (ConfUtils.java:logGet(46)) - raft.server.rpc.slowness.timeout = 300s (custom)
2023-12-05 10:06:15,537 [4698bbfe-1326-4b8d-b9e8-ec717de956b7-groupManagement] INFO  server.RaftServerConfigKeys (ConfUtils.java:logGet(46)) - raft.server.leaderelection.leader.step-down.wait-time = 10s (default)
2023-12-05 10:06:15,537 [4698bbfe-1326-4b8d-b9e8-ec717de956b7-groupManagement] INFO  server.RaftServerConfigKeys (ConfUtils.java:logGet(46)) - raft.server.leaderelection.member.majority-add = false (default)
2023-12-05 10:06:15,538 [4698bbfe-1326-4b8d-b9e8-ec717de956b7-groupManagement] INFO  server.RaftServerConfigKeys (ConfUtils.java:logGet(46)) - raft.server.sleep.deviation.threshold = 300ms (default)
2023-12-05 10:06:15,538 [4698bbfe-1326-4b8d-b9e8-ec717de956b7-groupManagement] INFO  server.RaftServer$Division (ServerState.java:<init>(113)) - 4698bbfe-1326-4b8d-b9e8-ec717de956b7@group-C12E2B5E2ADF: ConfigurationManager, init=-1: peers:[4698bbfe-1326-4b8d-b9e8-ec717de956b7|10.1.0.7:15242]|listeners:[], old=null, confs=<EMPTY_MAP>
2023-12-05 10:06:15,538 [4698bbfe-1326-4b8d-b9e8-ec717de956b7-groupManagement] INFO  server.RaftServerConfigKeys (ConfUtils.java:logGet(46)) - raft.server.notification.no-leader.timeout = 300s (custom)
2023-12-05 10:06:15,538 [4698bbfe-1326-4b8d-b9e8-ec717de956b7-groupManagement] INFO  server.RaftServerConfigKeys (ConfUtils.java:logGet(46)) - raft.server.read.timeout = 10s (default)
2023-12-05 10:06:15,538 [4698bbfe-1326-4b8d-b9e8-ec717de956b7-groupManagement] INFO  server.RaftServerConfigKeys (ConfUtils.java:logGet(46)) - raft.server.retrycache.expirytime = 600000ms (custom)
2023-12-05 10:06:15,538 [4698bbfe-1326-4b8d-b9e8-ec717de956b7-groupManagement] INFO  server.RaftServerConfigKeys (ConfUtils.java:logGet(46)) - raft.server.retrycache.statistics.expirytime = 100ms (default)
2023-12-05 10:06:15,538 [4698bbfe-1326-4b8d-b9e8-ec717de956b7-groupManagement] INFO  server.RaftServerConfigKeys (ConfUtils.java:logGet(46)) - raft.server.read.option = DEFAULT (default)
2023-12-05 10:06:15,538 [4698bbfe-1326-4b8d-b9e8-ec717de956b7-groupManagement] INFO  server.RaftServerConfigKeys (ConfUtils.java:logGet(46)) - raft.server.read.read-after-write-consistent.write-index-cache.expiry-time = 60s (default)
2023-12-05 10:06:15,539 [4698bbfe-1326-4b8d-b9e8-ec717de956b7-groupManagement] INFO  server.RaftServerConfigKeys (ConfUtils.java:logGet(46)) - raft.server.rpc.request.timeout = 60s (custom)
2023-12-05 10:06:15,539 [4698bbfe-1326-4b8d-b9e8-ec717de956b7-groupManagement] INFO  server.RaftServerConfigKeys (ConfUtils.java:logGet(46)) - raft.server.log.appender.install.snapshot.enabled = false (custom)
2023-12-05 10:06:15,539 [4698bbfe-1326-4b8d-b9e8-ec717de956b7-groupManagement] INFO  server.RaftServerConfigKeys (ConfUtils.java:logGet(46)) - raft.server.threadpool.server.cached = true (default)
2023-12-05 10:06:15,539 [4698bbfe-1326-4b8d-b9e8-ec717de956b7-groupManagement] INFO  server.RaftServerConfigKeys (ConfUtils.java:logGet(46)) - raft.server.threadpool.server.size = 0 (default)
2023-12-05 10:06:15,539 [4698bbfe-1326-4b8d-b9e8-ec717de956b7-groupManagement] INFO  server.RaftServerConfigKeys (ConfUtils.java:logGet(46)) - raft.server.threadpool.client.cached = true (default)
2023-12-05 10:06:15,539 [4698bbfe-1326-4b8d-b9e8-ec717de956b7-groupManagement] INFO  server.RaftServerConfigKeys (ConfUtils.java:logGet(46)) - raft.server.threadpool.client.size = 0 (default)
2023-12-05 10:06:15,539 [4698bbfe-1326-4b8d-b9e8-ec717de956b7-groupManagement] INFO  server.RaftServerConfigKeys (ConfUtils.java:logGet(46)) - raft.server.storage.free-space.min = 0MB (=0) (default)
2023-12-05 10:06:15,539 [4698bbfe-1326-4b8d-b9e8-ec717de956b7-groupManagement] INFO  server.RaftServerConfigKeys (ConfUtils.java:logGet(46)) - raft.server.log.corruption.policy = EXCEPTION (default)
2023-12-05 10:06:15,539 [4698bbfe-1326-4b8d-b9e8-ec717de956b7-groupManagement] INFO  server.RaftServerConfigKeys (ConfUtils.java:logGet(46)) - raft.server.storage.dir = [/home/runner/work/ozone/ozone/hadoop-ozone/integration-test/target/test-dir/MiniOzoneClusterImpl-3c72e0ff-8f58-4301-abb3-579d07aff8c3/datanode-2/data/ratis] (custom)
2023-12-05 10:06:15,540 [4698bbfe-1326-4b8d-b9e8-ec717de956b7-groupManagement] INFO  storage.RaftStorageDirectory (RaftStorageDirectoryImpl.java:analyzeStorage(138)) - The storage directory /home/runner/work/ozone/ozone/hadoop-ozone/integration-test/target/test-dir/MiniOzoneClusterImpl-3c72e0ff-8f58-4301-abb3-579d07aff8c3/datanode-2/data/ratis/d443e26c-9f13-4ff7-b272-c12e2b5e2adf does not exist. Creating ...
2023-12-05 10:06:15,540 [main] INFO  ozone.MiniOzoneClusterImpl (MiniOzoneClusterImpl.java:lambda$waitForClusterToBeReady$0(229)) - Nodes are ready. Got 3 of 3 DN Heartbeats.
2023-12-05 10:06:15,540 [main] INFO  ozone.MiniOzoneClusterImpl (MiniOzoneClusterImpl.java:lambda$waitForClusterToBeReady$0(232)) - Waiting for cluster to exit safe mode
2023-12-05 10:06:15,540 [main] INFO  ozone.MiniOzoneClusterImpl (MiniOzoneClusterImpl.java:lambda$waitForClusterToBeReady$0(234)) - SCM became leader
2023-12-05 10:06:15,541 [4698bbfe-1326-4b8d-b9e8-ec717de956b7-groupManagement] INFO  storage.RaftStorageDirectory (RaftStorageDirectoryImpl.java:tryLock(232)) - Lock on /home/runner/work/ozone/ozone/hadoop-ozone/integration-test/target/test-dir/MiniOzoneClusterImpl-3c72e0ff-8f58-4301-abb3-579d07aff8c3/datanode-2/data/ratis/d443e26c-9f13-4ff7-b272-c12e2b5e2adf/in_use.lock acquired by nodename 4813@fv-az884-53
2023-12-05 10:06:15,541 [4698bbfe-1326-4b8d-b9e8-ec717de956b7-groupManagement] INFO  storage.RaftStorage (RaftStorageImpl.java:format(97)) - Storage directory /home/runner/work/ozone/ozone/hadoop-ozone/integration-test/target/test-dir/MiniOzoneClusterImpl-3c72e0ff-8f58-4301-abb3-579d07aff8c3/datanode-2/data/ratis/d443e26c-9f13-4ff7-b272-c12e2b5e2adf has been successfully formatted.
2023-12-05 10:06:15,542 [4698bbfe-1326-4b8d-b9e8-ec717de956b7-groupManagement] INFO  ratis.ContainerStateMachine (ContainerStateMachine.java:loadSnapshot(269)) - group-C12E2B5E2ADF: The snapshot info is null. Setting the last applied indexto:(t:0, i:~)
2023-12-05 10:06:15,542 [4698bbfe-1326-4b8d-b9e8-ec717de956b7-groupManagement] INFO  server.RaftServerConfigKeys (ConfUtils.java:logGet(46)) - raft.server.log.use.memory = false (default)
2023-12-05 10:06:15,542 [4698bbfe-1326-4b8d-b9e8-ec717de956b7-groupManagement] INFO  server.RaftServerConfigKeys (ConfUtils.java:logGet(46)) - raft.server.log.purge.gap = 1000000 (custom)
2023-12-05 10:06:15,542 [4698bbfe-1326-4b8d-b9e8-ec717de956b7-groupManagement] INFO  server.RaftServerConfigKeys (ConfUtils.java:logGet(46)) - raft.server.log.appender.buffer.byte-limit = 8388608 (custom)
2023-12-05 10:06:15,542 [4698bbfe-1326-4b8d-b9e8-ec717de956b7-groupManagement] INFO  server.RaftServerConfigKeys (ConfUtils.java:logGet(46)) - raft.server.log.statemachine.data.read.timeout = 1000ms (default)
2023-12-05 10:06:15,542 [4698bbfe-1326-4b8d-b9e8-ec717de956b7-groupManagement] INFO  server.RaftServerConfigKeys (ConfUtils.java:logGet(46)) - raft.server.log.purge.preservation.log.num = 0 (default)
2023-12-05 10:06:15,543 [EventQueue-PipelineReportForPipelineReportHandler] INFO  pipeline.PipelineReportHandler (PipelineReportHandler.java:processPipelineReport(136)) - Opened pipeline PipelineID=d443e26c-9f13-4ff7-b272-c12e2b5e2adf
2023-12-05 10:06:15,543 [EventQueue-OpenPipelineForHealthyPipelineSafeModeRule] INFO  safemode.SCMSafeModeManager (HealthyPipelineSafeModeRule.java:process(137)) - SCM in safe mode. Healthy pipelines reported count is 0, required healthy pipeline reported count is 1
2023-12-05 10:06:15,543 [4698bbfe-1326-4b8d-b9e8-ec717de956b7-groupManagement] INFO  server.RaftServerConfigKeys (ConfUtils.java:logGet(46)) - raft.server.log.segment.size.max = 67108864 (custom)
2023-12-05 10:06:15,544 [4698bbfe-1326-4b8d-b9e8-ec717de956b7-groupManagement] INFO  server.RaftServerConfigKeys (ConfUtils.java:logGet(46)) - raft.server.log.segment.cache.num.max = 2 (custom)
2023-12-05 10:06:15,544 [4698bbfe-1326-4b8d-b9e8-ec717de956b7-groupManagement] INFO  server.RaftServerConfigKeys (ConfUtils.java:logGet(46)) - raft.server.log.segment.cache.size.max = 200MB (=209715200) (default)
2023-12-05 10:06:15,544 [4698bbfe-1326-4b8d-b9e8-ec717de956b7-groupManagement] INFO  server.RaftServerConfigKeys (ConfUtils.java:logGet(46)) - raft.server.log.appender.buffer.byte-limit = 8388608 (custom)
2023-12-05 10:06:15,544 [4698bbfe-1326-4b8d-b9e8-ec717de956b7-groupManagement] INFO  util.AwaitToRun (AwaitToRun.java:start(81)) - Thread[4698bbfe-1326-4b8d-b9e8-ec717de956b7@group-C12E2B5E2ADF-cacheEviction-AwaitToRun,5,main] started
2023-12-05 10:06:15,544 [4698bbfe-1326-4b8d-b9e8-ec717de956b7-groupManagement] INFO  segmented.SegmentedRaftLogWorker (SegmentedRaftLogWorker.java:<init>(184)) - new 4698bbfe-1326-4b8d-b9e8-ec717de956b7@group-C12E2B5E2ADF-SegmentedRaftLogWorker for RaftStorageImpl:Storage Directory /home/runner/work/ozone/ozone/hadoop-ozone/integration-test/target/test-dir/MiniOzoneClusterImpl-3c72e0ff-8f58-4301-abb3-579d07aff8c3/datanode-2/data/ratis/d443e26c-9f13-4ff7-b272-c12e2b5e2adf
2023-12-05 10:06:15,544 [4698bbfe-1326-4b8d-b9e8-ec717de956b7-groupManagement] INFO  server.RaftServerConfigKeys (ConfUtils.java:logGet(46)) - raft.server.log.queue.byte-limit = 4294967296 (custom)
2023-12-05 10:06:15,544 [4698bbfe-1326-4b8d-b9e8-ec717de956b7-groupManagement] INFO  server.RaftServerConfigKeys (ConfUtils.java:logGet(46)) - raft.server.log.queue.element-limit = 1024 (custom)
2023-12-05 10:06:15,544 [4698bbfe-1326-4b8d-b9e8-ec717de956b7-groupManagement] INFO  server.RaftServerConfigKeys (ConfUtils.java:logGet(46)) - raft.server.log.segment.size.max = 67108864 (custom)
2023-12-05 10:06:15,544 [4698bbfe-1326-4b8d-b9e8-ec717de956b7-groupManagement] INFO  server.RaftServerConfigKeys (ConfUtils.java:logGet(46)) - raft.server.log.preallocated.size = 4194304 (custom)
2023-12-05 10:06:15,544 [4698bbfe-1326-4b8d-b9e8-ec717de956b7-groupManagement] INFO  server.RaftServerConfigKeys (ConfUtils.java:logGet(46)) - raft.server.log.force.sync.num = 128 (default)
2023-12-05 10:06:15,544 [4698bbfe-1326-4b8d-b9e8-ec717de956b7-groupManagement] INFO  server.RaftServerConfigKeys (ConfUtils.java:logGet(46)) - raft.server.log.statemachine.data.sync = true (default)
2023-12-05 10:06:15,544 [4698bbfe-1326-4b8d-b9e8-ec717de956b7-groupManagement] INFO  server.RaftServerConfigKeys (ConfUtils.java:logGet(46)) - raft.server.log.statemachine.data.sync.timeout = 10s (default)
2023-12-05 10:06:15,544 [4698bbfe-1326-4b8d-b9e8-ec717de956b7-groupManagement] INFO  server.RaftServerConfigKeys (ConfUtils.java:logGet(46)) - raft.server.log.statemachine.data.sync.timeout.retry = 0 (custom)
2023-12-05 10:06:15,545 [4698bbfe-1326-4b8d-b9e8-ec717de956b7-groupManagement] INFO  server.RaftServerConfigKeys (ConfUtils.java:logGet(46)) - raft.server.log.write.buffer.size = 8388616 (custom)
2023-12-05 10:06:15,546 [4698bbfe-1326-4b8d-b9e8-ec717de956b7-groupManagement] INFO  server.RaftServerConfigKeys (ConfUtils.java:logGet(46)) - raft.server.log.appender.buffer.byte-limit = 8388608 (custom)
2023-12-05 10:06:15,547 [4698bbfe-1326-4b8d-b9e8-ec717de956b7-groupManagement] INFO  server.RaftServerConfigKeys (ConfUtils.java:logGet(46)) - raft.server.log.unsafe-flush.enabled = false (default)
2023-12-05 10:06:15,547 [4698bbfe-1326-4b8d-b9e8-ec717de956b7-groupManagement] INFO  server.RaftServerConfigKeys (ConfUtils.java:logGet(46)) - raft.server.log.async-flush.enabled = false (default)
2023-12-05 10:06:15,547 [4698bbfe-1326-4b8d-b9e8-ec717de956b7-groupManagement] INFO  server.RaftServerConfigKeys (ConfUtils.java:logGet(46)) - raft.server.log.statemachine.data.caching.enabled = true (custom)
2023-12-05 10:06:15,547 [4698bbfe-1326-4b8d-b9e8-ec717de956b7-groupManagement] INFO  segmented.SegmentedRaftLogWorker (SegmentedRaftLogWorker.java:lambda$new$0(135)) - 4698bbfe-1326-4b8d-b9e8-ec717de956b7@group-C12E2B5E2ADF-SegmentedRaftLogWorker: flushIndex: setUnconditionally 0 -> -1
2023-12-05 10:06:15,547 [4698bbfe-1326-4b8d-b9e8-ec717de956b7-groupManagement] INFO  segmented.SegmentedRaftLogWorker (SegmentedRaftLogWorker.java:lambda$new$0(135)) - 4698bbfe-1326-4b8d-b9e8-ec717de956b7@group-C12E2B5E2ADF-SegmentedRaftLogWorker: safeCacheEvictIndex: setUnconditionally 0 -> -1
2023-12-05 10:06:15,548 [4698bbfe-1326-4b8d-b9e8-ec717de956b7-groupManagement] INFO  server.RaftServer$Division (RaftServerImpl.java:start(392)) - 4698bbfe-1326-4b8d-b9e8-ec717de956b7@group-C12E2B5E2ADF: start as a follower, conf=-1: peers:[4698bbfe-1326-4b8d-b9e8-ec717de956b7|10.1.0.7:15242]|listeners:[], old=null
2023-12-05 10:06:15,548 [4698bbfe-1326-4b8d-b9e8-ec717de956b7-groupManagement] INFO  server.RaftServer$Division (RaftServerImpl.java:setRole(379)) - 4698bbfe-1326-4b8d-b9e8-ec717de956b7@group-C12E2B5E2ADF: changes role from      null to FOLLOWER at term 0 for startAsFollower
2023-12-05 10:06:15,548 [4698bbfe-1326-4b8d-b9e8-ec717de956b7-groupManagement] INFO  impl.RoleInfo (RoleInfo.java:updateAndGet(139)) - 4698bbfe-1326-4b8d-b9e8-ec717de956b7: start 4698bbfe-1326-4b8d-b9e8-ec717de956b7@group-C12E2B5E2ADF-FollowerState
2023-12-05 10:06:15,548 [4698bbfe-1326-4b8d-b9e8-ec717de956b7@group-C12E2B5E2ADF-FollowerState] INFO  server.RaftServerConfigKeys (ConfUtils.java:logFallback(53)) - raft.server.rpc.first-election.timeout.min = 5s (fallback to raft.server.rpc.timeout.min)
2023-12-05 10:06:15,548 [4698bbfe-1326-4b8d-b9e8-ec717de956b7-groupManagement] INFO  util.JmxRegister (JmxRegister.java:tryRegister(44)) - Successfully registered JMX Bean with object name Ratis:service=RaftServer,group=group-C12E2B5E2ADF,id=4698bbfe-1326-4b8d-b9e8-ec717de956b7
2023-12-05 10:06:15,548 [4698bbfe-1326-4b8d-b9e8-ec717de956b7@group-C12E2B5E2ADF-FollowerState] INFO  server.RaftServerConfigKeys (ConfUtils.java:logFallback(53)) - raft.server.rpc.first-election.timeout.max = 5200ms (fallback to raft.server.rpc.timeout.max)
2023-12-05 10:06:15,548 [4698bbfe-1326-4b8d-b9e8-ec717de956b7-groupManagement] INFO  server.RaftServerConfigKeys (ConfUtils.java:logGet(46)) - raft.server.snapshot.trigger-when-stop.enabled = true (default)
2023-12-05 10:06:15,548 [4698bbfe-1326-4b8d-b9e8-ec717de956b7-groupManagement] INFO  server.RaftServerConfigKeys (ConfUtils.java:logGet(46)) - raft.server.snapshot.auto.trigger.enabled = true (custom)
2023-12-05 10:06:15,548 [4698bbfe-1326-4b8d-b9e8-ec717de956b7-groupManagement] INFO  server.RaftServerConfigKeys (ConfUtils.java:logGet(46)) - raft.server.snapshot.auto.trigger.threshold = 10000 (custom)
2023-12-05 10:06:15,548 [4698bbfe-1326-4b8d-b9e8-ec717de956b7-groupManagement] INFO  server.RaftServerConfigKeys (ConfUtils.java:logGet(46)) - raft.server.snapshot.retention.file.num = 5 (custom)
2023-12-05 10:06:15,548 [4698bbfe-1326-4b8d-b9e8-ec717de956b7-groupManagement] INFO  server.RaftServerConfigKeys (ConfUtils.java:logGet(46)) - raft.server.log.purge.upto.snapshot.index = false (default)
2023-12-05 10:06:15,549 [4698bbfe-1326-4b8d-b9e8-ec717de956b7-PipelineCommandHandlerThread-0] INFO  ratis.XceiverServerRatis (XceiverServerRatis.java:addGroup(837)) - Created group PipelineID=d443e26c-9f13-4ff7-b272-c12e2b5e2adf
2023-12-05 10:06:15,549 [4698bbfe-1326-4b8d-b9e8-ec717de956b7-PipelineCommandHandlerThread-0] INFO  commandhandler.CreatePipelineCommandHandler (CreatePipelineCommandHandler.java:lambda$handle$2(124)) - Created Pipeline RATIS ONE PipelineID=d443e26c-9f13-4ff7-b272-c12e2b5e2adf.
2023-12-05 10:06:16,540 [main] INFO  ozone.MiniOzoneClusterImpl (MiniOzoneClusterImpl.java:lambda$waitForClusterToBeReady$0(229)) - Nodes are ready. Got 3 of 3 DN Heartbeats.
2023-12-05 10:06:16,541 [main] INFO  ozone.MiniOzoneClusterImpl (MiniOzoneClusterImpl.java:lambda$waitForClusterToBeReady$0(232)) - Waiting for cluster to exit safe mode
2023-12-05 10:06:16,541 [main] INFO  ozone.MiniOzoneClusterImpl (MiniOzoneClusterImpl.java:lambda$waitForClusterToBeReady$0(234)) - SCM became leader
2023-12-05 10:06:17,541 [main] INFO  ozone.MiniOzoneClusterImpl (MiniOzoneClusterImpl.java:lambda$waitForClusterToBeReady$0(229)) - Nodes are ready. Got 3 of 3 DN Heartbeats.
2023-12-05 10:06:17,541 [main] INFO  ozone.MiniOzoneClusterImpl (MiniOzoneClusterImpl.java:lambda$waitForClusterToBeReady$0(232)) - Waiting for cluster to exit safe mode
2023-12-05 10:06:17,541 [main] INFO  ozone.MiniOzoneClusterImpl (MiniOzoneClusterImpl.java:lambda$waitForClusterToBeReady$0(234)) - SCM became leader
2023-12-05 10:06:18,542 [main] INFO  ozone.MiniOzoneClusterImpl (MiniOzoneClusterImpl.java:lambda$waitForClusterToBeReady$0(229)) - Nodes are ready. Got 3 of 3 DN Heartbeats.
2023-12-05 10:06:18,543 [main] INFO  ozone.MiniOzoneClusterImpl (MiniOzoneClusterImpl.java:lambda$waitForClusterToBeReady$0(232)) - Waiting for cluster to exit safe mode
2023-12-05 10:06:18,543 [main] INFO  ozone.MiniOzoneClusterImpl (MiniOzoneClusterImpl.java:lambda$waitForClusterToBeReady$0(234)) - SCM became leader
2023-12-05 10:06:19,543 [main] INFO  ozone.MiniOzoneClusterImpl (MiniOzoneClusterImpl.java:lambda$waitForClusterToBeReady$0(229)) - Nodes are ready. Got 3 of 3 DN Heartbeats.
2023-12-05 10:06:19,543 [main] INFO  ozone.MiniOzoneClusterImpl (MiniOzoneClusterImpl.java:lambda$waitForClusterToBeReady$0(232)) - Waiting for cluster to exit safe mode
2023-12-05 10:06:19,544 [main] INFO  ozone.MiniOzoneClusterImpl (MiniOzoneClusterImpl.java:lambda$waitForClusterToBeReady$0(234)) - SCM became leader
2023-12-05 10:06:20,483 [6ac84334-a6f6-4892-817f-c86ff695522c@group-DCDE4C756F5F-FollowerState] INFO  impl.FollowerState (FollowerState.java:run(143)) - 6ac84334-a6f6-4892-817f-c86ff695522c@group-DCDE4C756F5F-FollowerState: change to CANDIDATE, lastRpcElapsedTime:5138290834ns, electionTimeout:5137ms
2023-12-05 10:06:20,484 [6ac84334-a6f6-4892-817f-c86ff695522c@group-DCDE4C756F5F-FollowerState] INFO  impl.RoleInfo (RoleInfo.java:shutdownFollowerState(110)) - 6ac84334-a6f6-4892-817f-c86ff695522c: shutdown 6ac84334-a6f6-4892-817f-c86ff695522c@group-DCDE4C756F5F-FollowerState
2023-12-05 10:06:20,484 [6ac84334-a6f6-4892-817f-c86ff695522c@group-DCDE4C756F5F-FollowerState] INFO  server.RaftServer$Division (RaftServerImpl.java:setRole(379)) - 6ac84334-a6f6-4892-817f-c86ff695522c@group-DCDE4C756F5F: changes role from  FOLLOWER to CANDIDATE at term 0 for changeToCandidate
2023-12-05 10:06:20,484 [6ac84334-a6f6-4892-817f-c86ff695522c@group-DCDE4C756F5F-FollowerState] INFO  server.RaftServerConfigKeys (ConfUtils.java:logGet(46)) - raft.server.leaderelection.pre-vote = true (default)
2023-12-05 10:06:20,484 [6ac84334-a6f6-4892-817f-c86ff695522c@group-DCDE4C756F5F-FollowerState] INFO  impl.RoleInfo (RoleInfo.java:updateAndGet(139)) - 6ac84334-a6f6-4892-817f-c86ff695522c: start 6ac84334-a6f6-4892-817f-c86ff695522c@group-DCDE4C756F5F-LeaderElection35
2023-12-05 10:06:20,484 [6ac84334-a6f6-4892-817f-c86ff695522c@group-DB478EA26896-FollowerState] INFO  impl.FollowerState (FollowerState.java:run(143)) - 6ac84334-a6f6-4892-817f-c86ff695522c@group-DB478EA26896-FollowerState: change to CANDIDATE, lastRpcElapsedTime:5126466582ns, electionTimeout:5126ms
2023-12-05 10:06:20,484 [6ac84334-a6f6-4892-817f-c86ff695522c@group-DB478EA26896-FollowerState] INFO  impl.RoleInfo (RoleInfo.java:shutdownFollowerState(110)) - 6ac84334-a6f6-4892-817f-c86ff695522c: shutdown 6ac84334-a6f6-4892-817f-c86ff695522c@group-DB478EA26896-FollowerState
2023-12-05 10:06:20,484 [6ac84334-a6f6-4892-817f-c86ff695522c@group-DB478EA26896-FollowerState] INFO  server.RaftServer$Division (RaftServerImpl.java:setRole(379)) - 6ac84334-a6f6-4892-817f-c86ff695522c@group-DB478EA26896: changes role from  FOLLOWER to CANDIDATE at term 0 for changeToCandidate
2023-12-05 10:06:20,484 [6ac84334-a6f6-4892-817f-c86ff695522c@group-DB478EA26896-FollowerState] INFO  server.RaftServerConfigKeys (ConfUtils.java:logGet(46)) - raft.server.leaderelection.pre-vote = true (default)
2023-12-05 10:06:20,484 [6ac84334-a6f6-4892-817f-c86ff695522c@group-DB478EA26896-FollowerState] INFO  impl.RoleInfo (RoleInfo.java:updateAndGet(139)) - 6ac84334-a6f6-4892-817f-c86ff695522c: start 6ac84334-a6f6-4892-817f-c86ff695522c@group-DB478EA26896-LeaderElection36
2023-12-05 10:06:20,485 [6ac84334-a6f6-4892-817f-c86ff695522c@group-DCDE4C756F5F-LeaderElection35] INFO  impl.LeaderElection (LeaderElection.java:askForVotes(323)) - 6ac84334-a6f6-4892-817f-c86ff695522c@group-DCDE4C756F5F-LeaderElection35 PRE_VOTE round 0: submit vote requests at term 0 for -1: peers:[6ac84334-a6f6-4892-817f-c86ff695522c|10.1.0.7:15224]|listeners:[], old=null
2023-12-05 10:06:20,485 [6ac84334-a6f6-4892-817f-c86ff695522c@group-DCDE4C756F5F-LeaderElection35] INFO  impl.LeaderElection (LeaderElection.java:askForVotes(325)) - 6ac84334-a6f6-4892-817f-c86ff695522c@group-DCDE4C756F5F-LeaderElection35 PRE_VOTE round 0: result PASSED (term=0)
2023-12-05 10:06:20,486 [6ac84334-a6f6-4892-817f-c86ff695522c@group-DB478EA26896-LeaderElection36] INFO  impl.LeaderElection (LeaderElection.java:askForVotes(323)) - 6ac84334-a6f6-4892-817f-c86ff695522c@group-DB478EA26896-LeaderElection36 PRE_VOTE round 0: submit vote requests at term 0 for -1: peers:[6f95716b-3660-49a7-9d3e-d882775bc705|10.1.0.7:15233, 4698bbfe-1326-4b8d-b9e8-ec717de956b7|10.1.0.7:15242, 6ac84334-a6f6-4892-817f-c86ff695522c|10.1.0.7:15224]|listeners:[], old=null
2023-12-05 10:06:20,486 [6ac84334-a6f6-4892-817f-c86ff695522c@group-DB478EA26896-LeaderElection36-1] INFO  server.GrpcServerProtocolClient (GrpcServerProtocolClient.java:<init>(65)) - Build channel for 6f95716b-3660-49a7-9d3e-d882775bc705
2023-12-05 10:06:20,486 [6ac84334-a6f6-4892-817f-c86ff695522c@group-DB478EA26896-LeaderElection36-2] INFO  server.GrpcServerProtocolClient (GrpcServerProtocolClient.java:<init>(65)) - Build channel for 4698bbfe-1326-4b8d-b9e8-ec717de956b7
2023-12-05 10:06:20,486 [6ac84334-a6f6-4892-817f-c86ff695522c@group-DB478EA26896-LeaderElection36] INFO  server.RaftServerConfigKeys (ConfUtils.java:logFallback(53)) - raft.server.rpc.first-election.timeout.min = 5s (fallback to raft.server.rpc.timeout.min)
2023-12-05 10:06:20,487 [6ac84334-a6f6-4892-817f-c86ff695522c@group-DCDE4C756F5F-LeaderElection35] INFO  impl.LeaderElection (LeaderElection.java:askForVotes(323)) - 6ac84334-a6f6-4892-817f-c86ff695522c@group-DCDE4C756F5F-LeaderElection35 ELECTION round 0: submit vote requests at term 1 for -1: peers:[6ac84334-a6f6-4892-817f-c86ff695522c|10.1.0.7:15224]|listeners:[], old=null
2023-12-05 10:06:20,487 [6ac84334-a6f6-4892-817f-c86ff695522c@group-DB478EA26896-LeaderElection36] INFO  server.RaftServerConfigKeys (ConfUtils.java:logFallback(53)) - raft.server.rpc.first-election.timeout.max = 5200ms (fallback to raft.server.rpc.timeout.max)
2023-12-05 10:06:20,487 [6ac84334-a6f6-4892-817f-c86ff695522c@group-DCDE4C756F5F-LeaderElection35] INFO  impl.LeaderElection (LeaderElection.java:askForVotes(325)) - 6ac84334-a6f6-4892-817f-c86ff695522c@group-DCDE4C756F5F-LeaderElection35 ELECTION round 0: result PASSED (term=1)
2023-12-05 10:06:20,487 [6ac84334-a6f6-4892-817f-c86ff695522c@group-DCDE4C756F5F-LeaderElection35] INFO  impl.RoleInfo (RoleInfo.java:shutdownLeaderElection(130)) - 6ac84334-a6f6-4892-817f-c86ff695522c: shutdown 6ac84334-a6f6-4892-817f-c86ff695522c@group-DCDE4C756F5F-LeaderElection35
2023-12-05 10:06:20,487 [6ac84334-a6f6-4892-817f-c86ff695522c@group-DCDE4C756F5F-LeaderElection35] INFO  server.RaftServer$Division (RaftServerImpl.java:setRole(379)) - 6ac84334-a6f6-4892-817f-c86ff695522c@group-DCDE4C756F5F: changes role from CANDIDATE to LEADER at term 1 for changeToLeader
2023-12-05 10:06:20,487 [6ac84334-a6f6-4892-817f-c86ff695522c@group-DCDE4C756F5F-LeaderElection35] INFO  server.RaftServerConfigKeys (ConfUtils.java:logGet(46)) - raft.server.staging.catchup.gap = 1000 (default)
2023-12-05 10:06:20,487 [6ac84334-a6f6-4892-817f-c86ff695522c@group-DCDE4C756F5F-LeaderElection35] INFO  server.RaftServerConfigKeys (ConfUtils.java:logGet(46)) - raft.server.write.element-limit = 1024 (custom)
2023-12-05 10:06:20,487 [6ac84334-a6f6-4892-817f-c86ff695522c@group-DCDE4C756F5F-LeaderElection35] INFO  server.RaftServerConfigKeys (ConfUtils.java:logGet(46)) - raft.server.write.byte-limit = 1024 M (=1073741824) (custom)
2023-12-05 10:06:20,488 [6ac84334-a6f6-4892-817f-c86ff695522c@group-DCDE4C756F5F-LeaderElection35] INFO  server.RaftServerConfigKeys (ConfUtils.java:logGet(46)) - raft.server.watch.timeout = 180s (custom)
2023-12-05 10:06:20,488 [6ac84334-a6f6-4892-817f-c86ff695522c@group-DCDE4C756F5F-LeaderElection35] INFO  server.RaftServerConfigKeys (ConfUtils.java:logGet(46)) - raft.server.watch.timeout.denomination = 1s (default)
2023-12-05 10:06:20,488 [6ac84334-a6f6-4892-817f-c86ff695522c@group-DCDE4C756F5F-LeaderElection35] INFO  server.RaftServerConfigKeys (ConfUtils.java:logGet(46)) - raft.server.watch.element-limit = 65536 (default)
2023-12-05 10:06:20,488 [6ac84334-a6f6-4892-817f-c86ff695522c@group-DCDE4C756F5F-LeaderElection35] INFO  server.RaftServerConfigKeys (ConfUtils.java:logGet(46)) - raft.server.read.leader.lease.enabled = false (default)
2023-12-05 10:06:20,488 [6ac84334-a6f6-4892-817f-c86ff695522c@group-DCDE4C756F5F-LeaderElection35] INFO  server.RaftServerConfigKeys (ConfUtils.java:logGet(46)) - raft.server.read.leader.lease.timeout.ratio = 0.9 (default)
2023-12-05 10:06:20,488 [6ac84334-a6f6-4892-817f-c86ff695522c@group-DCDE4C756F5F-LeaderElection35] INFO  server.RaftServerConfigKeys (ConfUtils.java:logGet(46)) - raft.server.rpc.timeout.min = 5s (custom)
2023-12-05 10:06:20,488 [6ac84334-a6f6-4892-817f-c86ff695522c@group-DCDE4C756F5F-LeaderElection35] INFO  server.RaftServerConfigKeys (ConfUtils.java:logGet(46)) - raft.server.write.element-limit = 1024 (custom)
2023-12-05 10:06:20,488 [6ac84334-a6f6-4892-817f-c86ff695522c@group-DCDE4C756F5F-LeaderElection35] INFO  server.RaftServerConfigKeys (ConfUtils.java:logGet(46)) - raft.server.write.follower.gap.ratio.max = -1.0 (default)
2023-12-05 10:06:20,488 [6ac84334-a6f6-4892-817f-c86ff695522c@group-DCDE4C756F5F-LeaderElection35] INFO  impl.RoleInfo (RoleInfo.java:updateAndGet(139)) - 6ac84334-a6f6-4892-817f-c86ff695522c: start 6ac84334-a6f6-4892-817f-c86ff695522c@group-DCDE4C756F5F-LeaderStateImpl
2023-12-05 10:06:20,488 [6ac84334-a6f6-4892-817f-c86ff695522c@group-DCDE4C756F5F-LeaderElection35] INFO  server.RaftServer$Division (RaftServerImpl.java:setFirstElection(564)) - 6ac84334-a6f6-4892-817f-c86ff695522c@group-DCDE4C756F5F: set firstElectionSinceStartup to false for becomeLeader
2023-12-05 10:06:20,488 [6ac84334-a6f6-4892-817f-c86ff695522c@group-DCDE4C756F5F-LeaderElection35] INFO  ratis.XceiverServerRatis (XceiverServerRatis.java:handleLeaderChangedNotification(935)) - Leader change notification received for group: group-DCDE4C756F5F with new leaderId: 6ac84334-a6f6-4892-817f-c86ff695522c
2023-12-05 10:06:20,488 [6ac84334-a6f6-4892-817f-c86ff695522c@group-DCDE4C756F5F-LeaderElection35] INFO  server.RaftServer$Division (ServerState.java:setLeader(265)) - 6ac84334-a6f6-4892-817f-c86ff695522c@group-DCDE4C756F5F: change Leader from null to 6ac84334-a6f6-4892-817f-c86ff695522c at term 1 for becomeLeader, leader elected after 5154ms
2023-12-05 10:06:20,489 [6ac84334-a6f6-4892-817f-c86ff695522c@group-DCDE4C756F5F-LeaderElection35] INFO  segmented.SegmentedRaftLogWorker (SegmentedRaftLogWorker.java:startLogSegment(428)) - 6ac84334-a6f6-4892-817f-c86ff695522c@group-DCDE4C756F5F-SegmentedRaftLogWorker: Starting segment from index:0
2023-12-05 10:06:20,489 [6ac84334-a6f6-4892-817f-c86ff695522c@group-DCDE4C756F5F-LeaderElection35] INFO  server.RaftServer$Division (ServerState.java:setRaftConf(382)) - 6ac84334-a6f6-4892-817f-c86ff695522c@group-DCDE4C756F5F: set configuration 0: peers:[6ac84334-a6f6-4892-817f-c86ff695522c|10.1.0.7:15224]|listeners:[], old=null
2023-12-05 10:06:20,496 [EventQueue-OpenPipelineForHealthyPipelineSafeModeRule] INFO  safemode.SCMSafeModeManager (HealthyPipelineSafeModeRule.java:process(137)) - SCM in safe mode. Healthy pipelines reported count is 0, required healthy pipeline reported count is 1
2023-12-05 10:06:20,496 [grpc-default-executor-1] INFO  server.RaftServer$Division (RaftServerImpl.java:requestVote(1377)) - 6f95716b-3660-49a7-9d3e-d882775bc705@group-DB478EA26896: receive requestVote(PRE_VOTE, 6ac84334-a6f6-4892-817f-c86ff695522c, group-DB478EA26896, 0, (t:0, i:0))
2023-12-05 10:06:20,497 [grpc-default-executor-1] INFO  impl.VoteContext (VoteContext.java:log(49)) - 6f95716b-3660-49a7-9d3e-d882775bc705@group-DB478EA26896-FOLLOWER: accept PRE_VOTE from 6ac84334-a6f6-4892-817f-c86ff695522c: our priority 0 <= candidate's priority 1
2023-12-05 10:06:20,497 [grpc-default-executor-1] INFO  server.RaftServer$Division (RaftServerImpl.java:requestVote(1410)) - 6f95716b-3660-49a7-9d3e-d882775bc705@group-DB478EA26896 replies to PRE_VOTE vote request: 6ac84334-a6f6-4892-817f-c86ff695522c<-6f95716b-3660-49a7-9d3e-d882775bc705#0:OK-t0. Peer's state: 6f95716b-3660-49a7-9d3e-d882775bc705@group-DB478EA26896:t0, leader=null, voted=, raftlog=Memoized:6f95716b-3660-49a7-9d3e-d882775bc705@group-DB478EA26896-SegmentedRaftLog:OPENED:c-1, conf=-1: peers:[6f95716b-3660-49a7-9d3e-d882775bc705|10.1.0.7:15233, 4698bbfe-1326-4b8d-b9e8-ec717de956b7|10.1.0.7:15242, 6ac84334-a6f6-4892-817f-c86ff695522c|10.1.0.7:15224]|listeners:[], old=null
2023-12-05 10:06:20,498 [grpc-default-executor-0] INFO  server.RaftServer$Division (RaftServerImpl.java:requestVote(1377)) - 4698bbfe-1326-4b8d-b9e8-ec717de956b7@group-DB478EA26896: receive requestVote(PRE_VOTE, 6ac84334-a6f6-4892-817f-c86ff695522c, group-DB478EA26896, 0, (t:0, i:0))
2023-12-05 10:06:20,498 [6ac84334-a6f6-4892-817f-c86ff695522c@group-DB478EA26896-LeaderElection36] INFO  impl.LeaderElection (LeaderElection.java:logAndReturn(89)) - 6ac84334-a6f6-4892-817f-c86ff695522c@group-DB478EA26896-LeaderElection36: PRE_VOTE PASSED received 1 response(s) and 0 exception(s):
2023-12-05 10:06:20,498 [6ac84334-a6f6-4892-817f-c86ff695522c@group-DB478EA26896-LeaderElection36] INFO  impl.LeaderElection (LeaderElection.java:logAndReturn(93)) -   Response 0: 6ac84334-a6f6-4892-817f-c86ff695522c<-6f95716b-3660-49a7-9d3e-d882775bc705#0:OK-t0
2023-12-05 10:06:20,498 [grpc-default-executor-0] INFO  impl.VoteContext (VoteContext.java:log(49)) - 4698bbfe-1326-4b8d-b9e8-ec717de956b7@group-DB478EA26896-FOLLOWER: accept PRE_VOTE from 6ac84334-a6f6-4892-817f-c86ff695522c: our priority 0 <= candidate's priority 1
2023-12-05 10:06:20,498 [grpc-default-executor-0] INFO  server.RaftServer$Division (RaftServerImpl.java:requestVote(1410)) - 4698bbfe-1326-4b8d-b9e8-ec717de956b7@group-DB478EA26896 replies to PRE_VOTE vote request: 6ac84334-a6f6-4892-817f-c86ff695522c<-4698bbfe-1326-4b8d-b9e8-ec717de956b7#0:OK-t0. Peer's state: 4698bbfe-1326-4b8d-b9e8-ec717de956b7@group-DB478EA26896:t0, leader=null, voted=, raftlog=Memoized:4698bbfe-1326-4b8d-b9e8-ec717de956b7@group-DB478EA26896-SegmentedRaftLog:OPENED:c-1, conf=-1: peers:[6f95716b-3660-49a7-9d3e-d882775bc705|10.1.0.7:15233, 4698bbfe-1326-4b8d-b9e8-ec717de956b7|10.1.0.7:15242, 6ac84334-a6f6-4892-817f-c86ff695522c|10.1.0.7:15224]|listeners:[], old=null
2023-12-05 10:06:20,498 [6ac84334-a6f6-4892-817f-c86ff695522c@group-DB478EA26896-LeaderElection36] INFO  impl.LeaderElection (LeaderElection.java:askForVotes(325)) - 6ac84334-a6f6-4892-817f-c86ff695522c@group-DB478EA26896-LeaderElection36 PRE_VOTE round 0: result PASSED
2023-12-05 10:06:20,500 [6ac84334-a6f6-4892-817f-c86ff695522c@group-DB478EA26896-LeaderElection36] INFO  impl.LeaderElection (LeaderElection.java:askForVotes(323)) - 6ac84334-a6f6-4892-817f-c86ff695522c@group-DB478EA26896-LeaderElection36 ELECTION round 0: submit vote requests at term 1 for -1: peers:[6f95716b-3660-49a7-9d3e-d882775bc705|10.1.0.7:15233, 4698bbfe-1326-4b8d-b9e8-ec717de956b7|10.1.0.7:15242, 6ac84334-a6f6-4892-817f-c86ff695522c|10.1.0.7:15224]|listeners:[], old=null
2023-12-05 10:06:20,500 [6ac84334-a6f6-4892-817f-c86ff695522c@group-DCDE4C756F5F-SegmentedRaftLogWorker] INFO  segmented.SegmentedRaftLogWorker (SegmentedRaftLogWorker.java:execute(632)) - 6ac84334-a6f6-4892-817f-c86ff695522c@group-DCDE4C756F5F-SegmentedRaftLogWorker: created new log segment /home/runner/work/ozone/ozone/hadoop-ozone/integration-test/target/test-dir/MiniOzoneClusterImpl-3c72e0ff-8f58-4301-abb3-579d07aff8c3/datanode-0/data/ratis/71c28145-2bee-4356-9b23-dcde4c756f5f/current/log_inprogress_0
2023-12-05 10:06:20,500 [6ac84334-a6f6-4892-817f-c86ff695522c@group-DB478EA26896-LeaderElection36] INFO  server.RaftServerConfigKeys (ConfUtils.java:logFallback(53)) - raft.server.rpc.first-election.timeout.min = 5s (fallback to raft.server.rpc.timeout.min)
2023-12-05 10:06:20,500 [6ac84334-a6f6-4892-817f-c86ff695522c@group-DB478EA26896-LeaderElection36] INFO  server.RaftServerConfigKeys (ConfUtils.java:logFallback(53)) - raft.server.rpc.first-election.timeout.max = 5200ms (fallback to raft.server.rpc.timeout.max)
2023-12-05 10:06:20,500 [6ac84334-a6f6-4892-817f-c86ff695522c@group-DCDE4C756F5F-StateMachineUpdater] INFO  server.RaftServer$Division (LeaderStateImpl.java:isApplied(316)) - leader is ready since appliedIndex == 0 >= startIndex == 0
2023-12-05 10:06:20,502 [grpc-default-executor-0] INFO  server.RaftServer$Division (RaftServerImpl.java:requestVote(1377)) - 6f95716b-3660-49a7-9d3e-d882775bc705@group-DB478EA26896: receive requestVote(ELECTION, 6ac84334-a6f6-4892-817f-c86ff695522c, group-DB478EA26896, 1, (t:0, i:0))
2023-12-05 10:06:20,502 [grpc-default-executor-0] INFO  impl.VoteContext (VoteContext.java:log(49)) - 6f95716b-3660-49a7-9d3e-d882775bc705@group-DB478EA26896-FOLLOWER: accept ELECTION from 6ac84334-a6f6-4892-817f-c86ff695522c: our priority 0 <= candidate's priority 1
2023-12-05 10:06:20,502 [grpc-default-executor-0] INFO  server.RaftServer$Division (RaftServerImpl.java:setRole(379)) - 6f95716b-3660-49a7-9d3e-d882775bc705@group-DB478EA26896: changes role from  FOLLOWER to FOLLOWER at term 1 for candidate:6ac84334-a6f6-4892-817f-c86ff695522c
2023-12-05 10:06:20,502 [grpc-default-executor-0] INFO  impl.RoleInfo (RoleInfo.java:shutdownFollowerState(110)) - 6f95716b-3660-49a7-9d3e-d882775bc705: shutdown 6f95716b-3660-49a7-9d3e-d882775bc705@group-DB478EA26896-FollowerState
2023-12-05 10:06:20,503 [grpc-default-executor-0] INFO  impl.RoleInfo (RoleInfo.java:updateAndGet(139)) - 6f95716b-3660-49a7-9d3e-d882775bc705: start 6f95716b-3660-49a7-9d3e-d882775bc705@group-DB478EA26896-FollowerState
2023-12-05 10:06:20,503 [6f95716b-3660-49a7-9d3e-d882775bc705@group-DB478EA26896-FollowerState] INFO  impl.FollowerState (FollowerState.java:run(152)) - 6f95716b-3660-49a7-9d3e-d882775bc705@group-DB478EA26896-FollowerState was interrupted
2023-12-05 10:06:20,503 [grpc-default-executor-0] INFO  server.RaftServer$Division (RaftServerImpl.java:setFirstElection(564)) - 6f95716b-3660-49a7-9d3e-d882775bc705@group-DB478EA26896: set firstElectionSinceStartup to false for candidate:6ac84334-a6f6-4892-817f-c86ff695522c
2023-12-05 10:06:20,504 [grpc-default-executor-1] INFO  server.RaftServer$Division (RaftServerImpl.java:requestVote(1377)) - 4698bbfe-1326-4b8d-b9e8-ec717de956b7@group-DB478EA26896: receive requestVote(ELECTION, 6ac84334-a6f6-4892-817f-c86ff695522c, group-DB478EA26896, 1, (t:0, i:0))
2023-12-05 10:06:20,505 [grpc-default-executor-1] INFO  impl.VoteContext (VoteContext.java:log(49)) - 4698bbfe-1326-4b8d-b9e8-ec717de956b7@group-DB478EA26896-FOLLOWER: accept ELECTION from 6ac84334-a6f6-4892-817f-c86ff695522c: our priority 0 <= candidate's priority 1
2023-12-05 10:06:20,505 [grpc-default-executor-0] INFO  server.RaftServer$Division (RaftServerImpl.java:requestVote(1410)) - 6f95716b-3660-49a7-9d3e-d882775bc705@group-DB478EA26896 replies to ELECTION vote request: 6ac84334-a6f6-4892-817f-c86ff695522c<-6f95716b-3660-49a7-9d3e-d882775bc705#0:OK-t1. Peer's state: 6f95716b-3660-49a7-9d3e-d882775bc705@group-DB478EA26896:t1, leader=null, voted=6ac84334-a6f6-4892-817f-c86ff695522c, raftlog=Memoized:6f95716b-3660-49a7-9d3e-d882775bc705@group-DB478EA26896-SegmentedRaftLog:OPENED:c-1, conf=-1: peers:[6f95716b-3660-49a7-9d3e-d882775bc705|10.1.0.7:15233, 4698bbfe-1326-4b8d-b9e8-ec717de956b7|10.1.0.7:15242, 6ac84334-a6f6-4892-817f-c86ff695522c|10.1.0.7:15224]|listeners:[], old=null
2023-12-05 10:06:20,505 [grpc-default-executor-1] INFO  server.RaftServer$Division (RaftServerImpl.java:setRole(379)) - 4698bbfe-1326-4b8d-b9e8-ec717de956b7@group-DB478EA26896: changes role from  FOLLOWER to FOLLOWER at term 1 for candidate:6ac84334-a6f6-4892-817f-c86ff695522c
2023-12-05 10:06:20,505 [grpc-default-executor-1] INFO  impl.RoleInfo (RoleInfo.java:shutdownFollowerState(110)) - 4698bbfe-1326-4b8d-b9e8-ec717de956b7: shutdown 4698bbfe-1326-4b8d-b9e8-ec717de956b7@group-DB478EA26896-FollowerState
2023-12-05 10:06:20,505 [grpc-default-executor-1] INFO  impl.RoleInfo (RoleInfo.java:updateAndGet(139)) - 4698bbfe-1326-4b8d-b9e8-ec717de956b7: start 4698bbfe-1326-4b8d-b9e8-ec717de956b7@group-DB478EA26896-FollowerState
2023-12-05 10:06:20,505 [grpc-default-executor-1] INFO  server.RaftServer$Division (RaftServerImpl.java:setFirstElection(564)) - 4698bbfe-1326-4b8d-b9e8-ec717de956b7@group-DB478EA26896: set firstElectionSinceStartup to false for candidate:6ac84334-a6f6-4892-817f-c86ff695522c
2023-12-05 10:06:20,506 [grpc-default-executor-1] INFO  server.RaftServer$Division (RaftServerImpl.java:requestVote(1410)) - 4698bbfe-1326-4b8d-b9e8-ec717de956b7@group-DB478EA26896 replies to ELECTION vote request: 6ac84334-a6f6-4892-817f-c86ff695522c<-4698bbfe-1326-4b8d-b9e8-ec717de956b7#0:OK-t1. Peer's state: 4698bbfe-1326-4b8d-b9e8-ec717de956b7@group-DB478EA26896:t1, leader=null, voted=6ac84334-a6f6-4892-817f-c86ff695522c, raftlog=Memoized:4698bbfe-1326-4b8d-b9e8-ec717de956b7@group-DB478EA26896-SegmentedRaftLog:OPENED:c-1, conf=-1: peers:[6f95716b-3660-49a7-9d3e-d882775bc705|10.1.0.7:15233, 4698bbfe-1326-4b8d-b9e8-ec717de956b7|10.1.0.7:15242, 6ac84334-a6f6-4892-817f-c86ff695522c|10.1.0.7:15224]|listeners:[], old=null
2023-12-05 10:06:20,507 [6ac84334-a6f6-4892-817f-c86ff695522c@group-DB478EA26896-LeaderElection36] INFO  impl.LeaderElection (LeaderElection.java:logAndReturn(89)) - 6ac84334-a6f6-4892-817f-c86ff695522c@group-DB478EA26896-LeaderElection36: ELECTION PASSED received 1 response(s) and 0 exception(s):
2023-12-05 10:06:20,507 [6ac84334-a6f6-4892-817f-c86ff695522c@group-DB478EA26896-LeaderElection36] INFO  impl.LeaderElection (LeaderElection.java:logAndReturn(93)) -   Response 0: 6ac84334-a6f6-4892-817f-c86ff695522c<-6f95716b-3660-49a7-9d3e-d882775bc705#0:OK-t1
2023-12-05 10:06:20,507 [6ac84334-a6f6-4892-817f-c86ff695522c@group-DB478EA26896-LeaderElection36] INFO  impl.LeaderElection (LeaderElection.java:askForVotes(325)) - 6ac84334-a6f6-4892-817f-c86ff695522c@group-DB478EA26896-LeaderElection36 ELECTION round 0: result PASSED
2023-12-05 10:06:20,507 [6ac84334-a6f6-4892-817f-c86ff695522c@group-DB478EA26896-LeaderElection36] INFO  impl.RoleInfo (RoleInfo.java:shutdownLeaderElection(130)) - 6ac84334-a6f6-4892-817f-c86ff695522c: shutdown 6ac84334-a6f6-4892-817f-c86ff695522c@group-DB478EA26896-LeaderElection36
2023-12-05 10:06:20,507 [6ac84334-a6f6-4892-817f-c86ff695522c@group-DB478EA26896-LeaderElection36] INFO  server.RaftServer$Division (RaftServerImpl.java:setRole(379)) - 6ac84334-a6f6-4892-817f-c86ff695522c@group-DB478EA26896: changes role from CANDIDATE to LEADER at term 1 for changeToLeader
2023-12-05 10:06:20,507 [6ac84334-a6f6-4892-817f-c86ff695522c@group-DB478EA26896-LeaderElection36] INFO  server.RaftServerConfigKeys (ConfUtils.java:logGet(46)) - raft.server.staging.catchup.gap = 1000 (default)
2023-12-05 10:06:20,507 [4698bbfe-1326-4b8d-b9e8-ec717de956b7@group-DB478EA26896-FollowerState] INFO  impl.FollowerState (FollowerState.java:run(152)) - 4698bbfe-1326-4b8d-b9e8-ec717de956b7@group-DB478EA26896-FollowerState was interrupted
2023-12-05 10:06:20,507 [6ac84334-a6f6-4892-817f-c86ff695522c@group-DB478EA26896-LeaderElection36] INFO  server.RaftServerConfigKeys (ConfUtils.java:logGet(46)) - raft.server.write.element-limit = 1024 (custom)
2023-12-05 10:06:20,507 [6ac84334-a6f6-4892-817f-c86ff695522c@group-DB478EA26896-LeaderElection36] INFO  server.RaftServerConfigKeys (ConfUtils.java:logGet(46)) - raft.server.write.byte-limit = 1024 M (=1073741824) (custom)
2023-12-05 10:06:20,508 [6ac84334-a6f6-4892-817f-c86ff695522c@group-DB478EA26896-LeaderElection36] INFO  server.RaftServerConfigKeys (ConfUtils.java:logGet(46)) - raft.server.watch.timeout = 180s (custom)
2023-12-05 10:06:20,508 [6ac84334-a6f6-4892-817f-c86ff695522c@group-DB478EA26896-LeaderElection36] INFO  server.RaftServerConfigKeys (ConfUtils.java:logGet(46)) - raft.server.watch.timeout.denomination = 1s (default)
2023-12-05 10:06:20,508 [6ac84334-a6f6-4892-817f-c86ff695522c@group-DB478EA26896-LeaderElection36] INFO  server.RaftServerConfigKeys (ConfUtils.java:logGet(46)) - raft.server.watch.element-limit = 65536 (default)
2023-12-05 10:06:20,508 [6ac84334-a6f6-4892-817f-c86ff695522c@group-DB478EA26896-LeaderElection36] INFO  server.RaftServerConfigKeys (ConfUtils.java:logGet(46)) - raft.server.read.leader.lease.enabled = false (default)
2023-12-05 10:06:20,508 [6ac84334-a6f6-4892-817f-c86ff695522c@group-DB478EA26896-LeaderElection36] INFO  server.RaftServerConfigKeys (ConfUtils.java:logGet(46)) - raft.server.read.leader.lease.timeout.ratio = 0.9 (default)
2023-12-05 10:06:20,508 [6ac84334-a6f6-4892-817f-c86ff695522c@group-DB478EA26896-LeaderElection36] INFO  server.RaftServerConfigKeys (ConfUtils.java:logGet(46)) - raft.server.rpc.timeout.min = 5s (custom)
2023-12-05 10:06:20,508 [6ac84334-a6f6-4892-817f-c86ff695522c@group-DB478EA26896-LeaderElection36] INFO  server.RaftServerConfigKeys (ConfUtils.java:logGet(46)) - raft.server.write.element-limit = 1024 (custom)
2023-12-05 10:06:20,508 [6ac84334-a6f6-4892-817f-c86ff695522c@group-DB478EA26896-LeaderElection36] INFO  server.RaftServerConfigKeys (ConfUtils.java:logGet(46)) - raft.server.write.follower.gap.ratio.max = -1.0 (default)
2023-12-05 10:06:20,508 [6ac84334-a6f6-4892-817f-c86ff695522c@group-DB478EA26896-LeaderElection36] INFO  server.RaftServerConfigKeys (ConfUtils.java:logGet(46)) - raft.server.log.appender.snapshot.chunk.size.max = 16MB (=16777216) (default)
2023-12-05 10:06:20,508 [6ac84334-a6f6-4892-817f-c86ff695522c@group-DB478EA26896-LeaderElection36] INFO  server.RaftServerConfigKeys (ConfUtils.java:logGet(46)) - raft.server.log.appender.buffer.byte-limit = 8388608 (custom)
2023-12-05 10:06:20,508 [6ac84334-a6f6-4892-817f-c86ff695522c@group-DB478EA26896-LeaderElection36] INFO  server.RaftServerConfigKeys (ConfUtils.java:logGet(46)) - raft.server.log.appender.buffer.element-limit = 1 (custom)
2023-12-05 10:06:20,508 [6ac84334-a6f6-4892-817f-c86ff695522c@group-DB478EA26896-LeaderElection36] INFO  server.RaftServerConfigKeys (ConfUtils.java:logGet(46)) - raft.server.log.appender.wait-time.min = 0μs (custom)
2023-12-05 10:06:20,508 [6ac84334-a6f6-4892-817f-c86ff695522c@group-DB478EA26896-LeaderElection36] INFO  grpc.GrpcConfigKeys (ConfUtils.java:logGet(46)) - raft.grpc.server.leader.outstanding.appends.max = 8 (default)
2023-12-05 10:06:20,509 [6ac84334-a6f6-4892-817f-c86ff695522c@group-DB478EA26896-LeaderElection36] INFO  server.RaftServerConfigKeys (ConfUtils.java:logGet(46)) - raft.server.rpc.request.timeout = 60s (custom)
2023-12-05 10:06:20,509 [6ac84334-a6f6-4892-817f-c86ff695522c@group-DB478EA26896-LeaderElection36] INFO  grpc.GrpcConfigKeys (ConfUtils.java:logGet(46)) - raft.grpc.server.install_snapshot.request.element-limit = 8 (default)
2023-12-05 10:06:20,509 [6ac84334-a6f6-4892-817f-c86ff695522c@group-DB478EA26896-LeaderElection36] INFO  grpc.GrpcConfigKeys (ConfUtils.java:logGet(46)) - raft.grpc.server.install_snapshot.request.timeout = 3000ms (default)
2023-12-05 10:06:20,509 [6ac84334-a6f6-4892-817f-c86ff695522c@group-DB478EA26896-LeaderElection36] INFO  server.RaftServerConfigKeys (ConfUtils.java:logGet(46)) - raft.server.log.appender.install.snapshot.enabled = false (custom)
2023-12-05 10:06:20,509 [6ac84334-a6f6-4892-817f-c86ff695522c@group-DB478EA26896-LeaderElection36] INFO  grpc.GrpcConfigKeys (ConfUtils.java:logGet(46)) - raft.grpc.server.heartbeat.channel = true (default)
2023-12-05 10:06:20,509 [6ac84334-a6f6-4892-817f-c86ff695522c@group-DB478EA26896-LeaderElection36] INFO  server.RaftServerConfigKeys (ConfUtils.java:logGet(46)) - raft.server.log.appender.snapshot.chunk.size.max = 16MB (=16777216) (default)
2023-12-05 10:06:20,509 [6ac84334-a6f6-4892-817f-c86ff695522c@group-DB478EA26896-LeaderElection36] INFO  server.RaftServerConfigKeys (ConfUtils.java:logGet(46)) - raft.server.log.appender.buffer.byte-limit = 8388608 (custom)
2023-12-05 10:06:20,509 [6ac84334-a6f6-4892-817f-c86ff695522c@group-DB478EA26896-LeaderElection36] INFO  server.RaftServerConfigKeys (ConfUtils.java:logGet(46)) - raft.server.log.appender.buffer.element-limit = 1 (custom)
2023-12-05 10:06:20,510 [6ac84334-a6f6-4892-817f-c86ff695522c@group-DB478EA26896-LeaderElection36] INFO  server.RaftServerConfigKeys (ConfUtils.java:logGet(46)) - raft.server.log.appender.wait-time.min = 0μs (custom)
2023-12-05 10:06:20,510 [6ac84334-a6f6-4892-817f-c86ff695522c@group-DB478EA26896-LeaderElection36] INFO  grpc.GrpcConfigKeys (ConfUtils.java:logGet(46)) - raft.grpc.server.leader.outstanding.appends.max = 8 (default)
2023-12-05 10:06:20,510 [6ac84334-a6f6-4892-817f-c86ff695522c@group-DB478EA26896-LeaderElection36] INFO  server.RaftServerConfigKeys (ConfUtils.java:logGet(46)) - raft.server.rpc.request.timeout = 60s (custom)
2023-12-05 10:06:20,510 [6ac84334-a6f6-4892-817f-c86ff695522c@group-DB478EA26896-LeaderElection36] INFO  grpc.GrpcConfigKeys (ConfUtils.java:logGet(46)) - raft.grpc.server.install_snapshot.request.element-limit = 8 (default)
2023-12-05 10:06:20,510 [6ac84334-a6f6-4892-817f-c86ff695522c@group-DB478EA26896-LeaderElection36] INFO  grpc.GrpcConfigKeys (ConfUtils.java:logGet(46)) - raft.grpc.server.install_snapshot.request.timeout = 3000ms (default)
2023-12-05 10:06:20,510 [6ac84334-a6f6-4892-817f-c86ff695522c@group-DB478EA26896-LeaderElection36] INFO  server.RaftServerConfigKeys (ConfUtils.java:logGet(46)) - raft.server.log.appender.install.snapshot.enabled = false (custom)
2023-12-05 10:06:20,510 [6ac84334-a6f6-4892-817f-c86ff695522c@group-DB478EA26896-LeaderElection36] INFO  grpc.GrpcConfigKeys (ConfUtils.java:logGet(46)) - raft.grpc.server.heartbeat.channel = true (default)
2023-12-05 10:06:20,510 [6ac84334-a6f6-4892-817f-c86ff695522c@group-DB478EA26896-LeaderElection36] INFO  impl.RoleInfo (RoleInfo.java:updateAndGet(139)) - 6ac84334-a6f6-4892-817f-c86ff695522c: start 6ac84334-a6f6-4892-817f-c86ff695522c@group-DB478EA26896-LeaderStateImpl
2023-12-05 10:06:20,510 [6ac84334-a6f6-4892-817f-c86ff695522c@group-DB478EA26896-LeaderElection36] INFO  server.RaftServer$Division (RaftServerImpl.java:setFirstElection(564)) - 6ac84334-a6f6-4892-817f-c86ff695522c@group-DB478EA26896: set firstElectionSinceStartup to false for becomeLeader
2023-12-05 10:06:20,510 [6ac84334-a6f6-4892-817f-c86ff695522c@group-DB478EA26896-LeaderElection36] INFO  ratis.XceiverServerRatis (XceiverServerRatis.java:handleLeaderChangedNotification(935)) - Leader change notification received for group: group-DB478EA26896 with new leaderId: 6ac84334-a6f6-4892-817f-c86ff695522c
2023-12-05 10:06:20,510 [6ac84334-a6f6-4892-817f-c86ff695522c@group-DB478EA26896-LeaderElection36] INFO  server.RaftServer$Division (ServerState.java:setLeader(265)) - 6ac84334-a6f6-4892-817f-c86ff695522c@group-DB478EA26896: change Leader from null to 6ac84334-a6f6-4892-817f-c86ff695522c at term 1 for becomeLeader, leader elected after 5162ms
2023-12-05 10:06:20,510 [6ac84334-a6f6-4892-817f-c86ff695522c@group-DB478EA26896-LeaderElection36] INFO  segmented.SegmentedRaftLogWorker (SegmentedRaftLogWorker.java:startLogSegment(428)) - 6ac84334-a6f6-4892-817f-c86ff695522c@group-DB478EA26896-SegmentedRaftLogWorker: Starting segment from index:0
2023-12-05 10:06:20,511 [6ac84334-a6f6-4892-817f-c86ff695522c@group-DB478EA26896-LeaderElection36] INFO  server.RaftServer$Division (ServerState.java:setRaftConf(382)) - 6ac84334-a6f6-4892-817f-c86ff695522c@group-DB478EA26896: set configuration 0: peers:[6f95716b-3660-49a7-9d3e-d882775bc705|10.1.0.7:15233, 4698bbfe-1326-4b8d-b9e8-ec717de956b7|10.1.0.7:15242, 6ac84334-a6f6-4892-817f-c86ff695522c|10.1.0.7:15224]|listeners:[], old=null
2023-12-05 10:06:20,512 [EventQueue-PipelineReportForPipelineReportHandler] INFO  pipeline.PipelineReportHandler (PipelineReportHandler.java:processPipelineReport(136)) - Opened pipeline PipelineID=6b83caf6-f4f5-41a7-94a0-db478ea26896
2023-12-05 10:06:20,512 [EventQueue-OpenPipelineForHealthyPipelineSafeModeRule] INFO  safemode.SCMSafeModeManager (HealthyPipelineSafeModeRule.java:process(137)) - SCM in safe mode. Healthy pipelines reported count is 1, required healthy pipeline reported count is 1
2023-12-05 10:06:20,513 [EventQueue-OpenPipelineForHealthyPipelineSafeModeRule] INFO  safemode.SCMSafeModeManager (SCMSafeModeManager.java:validateSafeModeExitRules(200)) - HealthyPipelineSafeModeRule rule is successfully validated
2023-12-05 10:06:20,513 [EventQueue-OpenPipelineForHealthyPipelineSafeModeRule] INFO  safemode.SCMSafeModeManager (SCMSafeModeManager.java:validateSafeModeExitRules(215)) - ScmSafeModeManager, all rules are successfully validated
2023-12-05 10:06:20,513 [EventQueue-OpenPipelineForHealthyPipelineSafeModeRule] INFO  safemode.SCMSafeModeManager (SCMSafeModeManager.java:exitSafeMode(244)) - SCM exiting safe mode.
2023-12-05 10:06:20,513 [EventQueue-OpenPipelineForHealthyPipelineSafeModeRule] INFO  ha.SCMContext (SCMContext.java:updateSafeModeStatus(230)) - Update SafeModeStatus from SafeModeStatus{safeModeStatus=true, preCheckPassed=true} to SafeModeStatus{safeModeStatus=false, preCheckPassed=true}.
2023-12-05 10:06:20,513 [EventQueue-OpenPipelineForHealthyPipelineSafeModeRule] INFO  pipeline.BackgroundPipelineCreator (BackgroundPipelineCreator.java:notifyStatusChanged(258)) - Service BackgroundPipelineCreator transitions to RUNNING.
2023-12-05 10:06:20,513 [EventQueue-OpenPipelineForHealthyPipelineSafeModeRule] INFO  BackgroundPipelineScrubber (BackgroundSCMService.java:notifyStatusChanged(82)) - Service BackgroundPipelineScrubber transitions to RUNNING.
2023-12-05 10:06:20,513 [EventQueue-OpenPipelineForHealthyPipelineSafeModeRule] INFO  ExpiredContainerReplicaOpScrubber (BackgroundSCMService.java:notifyStatusChanged(82)) - Service ExpiredContainerReplicaOpScrubber transitions to RUNNING.
2023-12-05 10:06:20,513 [EventQueue-OpenPipelineForHealthyPipelineSafeModeRule] INFO  replication.ReplicationManager (ReplicationManager.java:notifyStatusChanged(1399)) - Service ReplicationManager transitions to RUNNING.
2023-12-05 10:06:20,513 [EventQueue-OpenPipelineForHealthyPipelineSafeModeRule] WARN  balancer.ContainerBalancer (ContainerBalancer.java:shouldRun(134)) - Could not find persisted configuration for ContainerBalancer when checking if ContainerBalancer should run. ContainerBalancer should not run now.
2023-12-05 10:06:20,519 [4698bbfe-1326-4b8d-b9e8-ec717de956b7-server-thread1] INFO  ratis.XceiverServerRatis (XceiverServerRatis.java:handleLeaderChangedNotification(935)) - Leader change notification received for group: group-DB478EA26896 with new leaderId: 6ac84334-a6f6-4892-817f-c86ff695522c
2023-12-05 10:06:20,520 [4698bbfe-1326-4b8d-b9e8-ec717de956b7-server-thread1] INFO  server.RaftServer$Division (ServerState.java:setLeader(265)) - 4698bbfe-1326-4b8d-b9e8-ec717de956b7@group-DB478EA26896: change Leader from null to 6ac84334-a6f6-4892-817f-c86ff695522c at term 1 for appendEntries, leader elected after 5123ms
2023-12-05 10:06:20,520 [6ac84334-a6f6-4892-817f-c86ff695522c@group-DB478EA26896-SegmentedRaftLogWorker] INFO  segmented.SegmentedRaftLogWorker (SegmentedRaftLogWorker.java:execute(632)) - 6ac84334-a6f6-4892-817f-c86ff695522c@group-DB478EA26896-SegmentedRaftLogWorker: created new log segment /home/runner/work/ozone/ozone/hadoop-ozone/integration-test/target/test-dir/MiniOzoneClusterImpl-3c72e0ff-8f58-4301-abb3-579d07aff8c3/datanode-0/data/ratis/6b83caf6-f4f5-41a7-94a0-db478ea26896/current/log_inprogress_0
2023-12-05 10:06:20,524 [6f95716b-3660-49a7-9d3e-d882775bc705-server-thread1] INFO  ratis.XceiverServerRatis (XceiverServerRatis.java:handleLeaderChangedNotification(935)) - Leader change notification received for group: group-DB478EA26896 with new leaderId: 6ac84334-a6f6-4892-817f-c86ff695522c
2023-12-05 10:06:20,524 [6f95716b-3660-49a7-9d3e-d882775bc705-server-thread1] INFO  server.RaftServer$Division (ServerState.java:setLeader(265)) - 6f95716b-3660-49a7-9d3e-d882775bc705@group-DB478EA26896: change Leader from null to 6ac84334-a6f6-4892-817f-c86ff695522c at term 1 for appendEntries, leader elected after 5155ms
2023-12-05 10:06:20,532 [6f95716b-3660-49a7-9d3e-d882775bc705-server-thread2] INFO  server.RaftServer$Division (ServerState.java:setRaftConf(382)) - 6f95716b-3660-49a7-9d3e-d882775bc705@group-DB478EA26896: set configuration 0: peers:[6f95716b-3660-49a7-9d3e-d882775bc705|10.1.0.7:15233, 4698bbfe-1326-4b8d-b9e8-ec717de956b7|10.1.0.7:15242, 6ac84334-a6f6-4892-817f-c86ff695522c|10.1.0.7:15224]|listeners:[], old=null
2023-12-05 10:06:20,532 [6f95716b-3660-49a7-9d3e-d882775bc705-server-thread2] INFO  segmented.SegmentedRaftLogWorker (SegmentedRaftLogWorker.java:startLogSegment(428)) - 6f95716b-3660-49a7-9d3e-d882775bc705@group-DB478EA26896-SegmentedRaftLogWorker: Starting segment from index:0
2023-12-05 10:06:20,533 [4698bbfe-1326-4b8d-b9e8-ec717de956b7-server-thread2] INFO  server.RaftServer$Division (ServerState.java:setRaftConf(382)) - 4698bbfe-1326-4b8d-b9e8-ec717de956b7@group-DB478EA26896: set configuration 0: peers:[6f95716b-3660-49a7-9d3e-d882775bc705|10.1.0.7:15233, 4698bbfe-1326-4b8d-b9e8-ec717de956b7|10.1.0.7:15242, 6ac84334-a6f6-4892-817f-c86ff695522c|10.1.0.7:15224]|listeners:[], old=null
2023-12-05 10:06:20,533 [4698bbfe-1326-4b8d-b9e8-ec717de956b7-server-thread2] INFO  segmented.SegmentedRaftLogWorker (SegmentedRaftLogWorker.java:startLogSegment(428)) - 4698bbfe-1326-4b8d-b9e8-ec717de956b7@group-DB478EA26896-SegmentedRaftLogWorker: Starting segment from index:0
2023-12-05 10:06:20,544 [main] INFO  ozone.MiniOzoneClusterImpl (MiniOzoneClusterImpl.java:lambda$waitForClusterToBeReady$0(229)) - Nodes are ready. Got 3 of 3 DN Heartbeats.
2023-12-05 10:06:20,544 [main] INFO  ozone.MiniOzoneClusterImpl (MiniOzoneClusterImpl.java:lambda$waitForClusterToBeReady$0(232)) - Cluster exits safe mode
2023-12-05 10:06:20,544 [main] INFO  ozone.MiniOzoneClusterImpl (MiniOzoneClusterImpl.java:lambda$waitForClusterToBeReady$0(234)) - SCM became leader
2023-12-05 10:06:20,546 [main] INFO  ha.SequenceIdGenerator (SequenceIdGenerator.java:getNextId(145)) - Allocate a batch for containerId, change lastId from 0 to 1000.
2023-12-05 10:06:20,546 [4698bbfe-1326-4b8d-b9e8-ec717de956b7@group-DB478EA26896-SegmentedRaftLogWorker] INFO  segmented.SegmentedRaftLogWorker (SegmentedRaftLogWorker.java:execute(632)) - 4698bbfe-1326-4b8d-b9e8-ec717de956b7@group-DB478EA26896-SegmentedRaftLogWorker: created new log segment /home/runner/work/ozone/ozone/hadoop-ozone/integration-test/target/test-dir/MiniOzoneClusterImpl-3c72e0ff-8f58-4301-abb3-579d07aff8c3/datanode-2/data/ratis/6b83caf6-f4f5-41a7-94a0-db478ea26896/current/log_inprogress_0
2023-12-05 10:06:20,547 [6f95716b-3660-49a7-9d3e-d882775bc705@group-DB478EA26896-SegmentedRaftLogWorker] INFO  segmented.SegmentedRaftLogWorker (SegmentedRaftLogWorker.java:execute(632)) - 6f95716b-3660-49a7-9d3e-d882775bc705@group-DB478EA26896-SegmentedRaftLogWorker: created new log segment /home/runner/work/ozone/ozone/hadoop-ozone/integration-test/target/test-dir/MiniOzoneClusterImpl-3c72e0ff-8f58-4301-abb3-579d07aff8c3/datanode-1/data/ratis/6b83caf6-f4f5-41a7-94a0-db478ea26896/current/log_inprogress_0
2023-12-05 10:06:20,548 [6ac84334-a6f6-4892-817f-c86ff695522c@group-DB478EA26896-StateMachineUpdater] INFO  server.RaftServer$Division (LeaderStateImpl.java:isApplied(316)) - leader is ready since appliedIndex == 0 >= startIndex == 0
2023-12-05 10:06:20,555 [main] INFO  ozone.MiniOzoneClusterImpl (MiniOzoneClusterImpl.java:shutdown(449)) - Shutting down the Mini Ozone Cluster
2023-12-05 10:06:20,555 [main] INFO  ozone.MiniOzoneClusterImpl (MiniOzoneClusterImpl.java:stop(466)) - Stopping the Mini Ozone Cluster
2023-12-05 10:06:20,555 [main] INFO  om.OzoneManager (OzoneManager.java:stop(2203)) - om1[localhost:15214]: Stopping Ozone Manager
2023-12-05 10:06:20,555 [main] INFO  ipc.Server (Server.java:stop(3523)) - Stopping server on 15214
2023-12-05 10:06:20,557 [IPC Server listener on 15214] INFO  ipc.Server (Server.java:run(1434)) - Stopping IPC Server listener on 15214
2023-12-05 10:06:20,557 [IPC Server Responder] INFO  ipc.Server (Server.java:run(1567)) - Stopping IPC Server Responder
2023-12-05 10:06:20,559 [6f95716b-3660-49a7-9d3e-d882775bc705@group-D7A9F2F84D09-FollowerState] INFO  impl.FollowerState (FollowerState.java:run(143)) - 6f95716b-3660-49a7-9d3e-d882775bc705@group-D7A9F2F84D09-FollowerState: change to CANDIDATE, lastRpcElapsedTime:5121224034ns, electionTimeout:5118ms
2023-12-05 10:06:20,559 [6f95716b-3660-49a7-9d3e-d882775bc705@group-D7A9F2F84D09-FollowerState] INFO  impl.RoleInfo (RoleInfo.java:shutdownFollowerState(110)) - 6f95716b-3660-49a7-9d3e-d882775bc705: shutdown 6f95716b-3660-49a7-9d3e-d882775bc705@group-D7A9F2F84D09-FollowerState
2023-12-05 10:06:20,559 [6f95716b-3660-49a7-9d3e-d882775bc705@group-D7A9F2F84D09-FollowerState] INFO  server.RaftServer$Division (RaftServerImpl.java:setRole(379)) - 6f95716b-3660-49a7-9d3e-d882775bc705@group-D7A9F2F84D09: changes role from  FOLLOWER to CANDIDATE at term 0 for changeToCandidate
2023-12-05 10:06:20,559 [6f95716b-3660-49a7-9d3e-d882775bc705@group-D7A9F2F84D09-FollowerState] INFO  server.RaftServerConfigKeys (ConfUtils.java:logGet(46)) - raft.server.leaderelection.pre-vote = true (default)
2023-12-05 10:06:20,559 [6f95716b-3660-49a7-9d3e-d882775bc705@group-D7A9F2F84D09-FollowerState] INFO  impl.RoleInfo (RoleInfo.java:updateAndGet(139)) - 6f95716b-3660-49a7-9d3e-d882775bc705: start 6f95716b-3660-49a7-9d3e-d882775bc705@group-D7A9F2F84D09-LeaderElection37
2023-12-05 10:06:20,559 [main] INFO  server.RaftServer (RaftServerProxy.java:lambda$close$9(416)) - om1: close
2023-12-05 10:06:20,559 [main] INFO  server.GrpcService (GrpcService.java:closeImpl(311)) - om1: shutdown server GrpcServerProtocolService now
2023-12-05 10:06:20,559 [om1-impl-thread1] INFO  server.RaftServer$Division (RaftServerImpl.java:lambda$close$3(516)) - om1@group-C5BA1605619E: shutdown
2023-12-05 10:06:20,559 [om1-impl-thread1] INFO  util.JmxRegister (JmxRegister.java:unregister(73)) - Successfully un-registered JMX Bean with object name Ratis:service=RaftServer,group=group-C5BA1605619E,id=om1
2023-12-05 10:06:20,559 [om1-impl-thread1] INFO  impl.RoleInfo (RoleInfo.java:shutdownLeaderState(94)) - om1: shutdown om1@group-C5BA1605619E-LeaderStateImpl
2023-12-05 10:06:20,559 [om1-impl-thread1] INFO  impl.PendingRequests (PendingRequests.java:sendNotLeaderResponses(289)) - om1@group-C5BA1605619E-PendingRequests: sendNotLeaderResponses
2023-12-05 10:06:20,560 [om1-impl-thread1] INFO  impl.StateMachineUpdater (StateMachineUpdater.java:stopAndJoin(157)) - om1@group-C5BA1605619E-StateMachineUpdater: set stopIndex = 0
2023-12-05 10:06:20,560 [om1@group-C5BA1605619E-StateMachineUpdater] INFO  ratis.OzoneManagerStateMachine (OzoneManagerStateMachine.java:takeSnapshot(492)) - Current Snapshot Index (t:1, i:0)
2023-12-05 10:06:20,563 [6f95716b-3660-49a7-9d3e-d882775bc705@group-D7A9F2F84D09-LeaderElection37] INFO  impl.LeaderElection (LeaderElection.java:askForVotes(323)) - 6f95716b-3660-49a7-9d3e-d882775bc705@group-D7A9F2F84D09-LeaderElection37 PRE_VOTE round 0: submit vote requests at term 0 for -1: peers:[6f95716b-3660-49a7-9d3e-d882775bc705|10.1.0.7:15233]|listeners:[], old=null
2023-12-05 10:06:20,563 [6f95716b-3660-49a7-9d3e-d882775bc705@group-D7A9F2F84D09-LeaderElection37] INFO  impl.LeaderElection (LeaderElection.java:askForVotes(325)) - 6f95716b-3660-49a7-9d3e-d882775bc705@group-D7A9F2F84D09-LeaderElection37 PRE_VOTE round 0: result PASSED (term=0)
2023-12-05 10:06:20,563 [main] INFO  server.GrpcService (GrpcService.java:closeImpl(320)) - om1: shutdown server GrpcServerProtocolService successfully
2023-12-05 10:06:20,564 [6f95716b-3660-49a7-9d3e-d882775bc705@group-D7A9F2F84D09-LeaderElection37] INFO  impl.LeaderElection (LeaderElection.java:askForVotes(323)) - 6f95716b-3660-49a7-9d3e-d882775bc705@group-D7A9F2F84D09-LeaderElection37 ELECTION round 0: submit vote requests at term 1 for -1: peers:[6f95716b-3660-49a7-9d3e-d882775bc705|10.1.0.7:15233]|listeners:[], old=null
2023-12-05 10:06:20,564 [6f95716b-3660-49a7-9d3e-d882775bc705@group-D7A9F2F84D09-LeaderElection37] INFO  impl.LeaderElection (LeaderElection.java:askForVotes(325)) - 6f95716b-3660-49a7-9d3e-d882775bc705@group-D7A9F2F84D09-LeaderElection37 ELECTION round 0: result PASSED (term=1)
2023-12-05 10:06:20,564 [6f95716b-3660-49a7-9d3e-d882775bc705@group-D7A9F2F84D09-LeaderElection37] INFO  impl.RoleInfo (RoleInfo.java:shutdownLeaderElection(130)) - 6f95716b-3660-49a7-9d3e-d882775bc705: shutdown 6f95716b-3660-49a7-9d3e-d882775bc705@group-D7A9F2F84D09-LeaderElection37
2023-12-05 10:06:20,564 [6f95716b-3660-49a7-9d3e-d882775bc705@group-D7A9F2F84D09-LeaderElection37] INFO  server.RaftServer$Division (RaftServerImpl.java:setRole(379)) - 6f95716b-3660-49a7-9d3e-d882775bc705@group-D7A9F2F84D09: changes role from CANDIDATE to LEADER at term 1 for changeToLeader
2023-12-05 10:06:20,564 [6f95716b-3660-49a7-9d3e-d882775bc705@group-D7A9F2F84D09-LeaderElection37] INFO  server.RaftServerConfigKeys (ConfUtils.java:logGet(46)) - raft.server.staging.catchup.gap = 1000 (default)
2023-12-05 10:06:20,565 [6f95716b-3660-49a7-9d3e-d882775bc705@group-D7A9F2F84D09-LeaderElection37] INFO  server.RaftServerConfigKeys (ConfUtils.java:logGet(46)) - raft.server.write.element-limit = 1024 (custom)
2023-12-05 10:06:20,565 [6f95716b-3660-49a7-9d3e-d882775bc705@group-D7A9F2F84D09-LeaderElection37] INFO  server.RaftServerConfigKeys (ConfUtils.java:logGet(46)) - raft.server.write.byte-limit = 1024 M (=1073741824) (custom)
2023-12-05 10:06:20,565 [6f95716b-3660-49a7-9d3e-d882775bc705@group-D7A9F2F84D09-LeaderElection37] INFO  server.RaftServerConfigKeys (ConfUtils.java:logGet(46)) - raft.server.watch.timeout = 180s (custom)
2023-12-05 10:06:20,565 [6f95716b-3660-49a7-9d3e-d882775bc705@group-D7A9F2F84D09-LeaderElection37] INFO  server.RaftServerConfigKeys (ConfUtils.java:logGet(46)) - raft.server.watch.timeout.denomination = 1s (default)
2023-12-05 10:06:20,565 [6f95716b-3660-49a7-9d3e-d882775bc705@group-D7A9F2F84D09-LeaderElection37] INFO  server.RaftServerConfigKeys (ConfUtils.java:logGet(46)) - raft.server.watch.element-limit = 65536 (default)
2023-12-05 10:06:20,565 [6f95716b-3660-49a7-9d3e-d882775bc705@group-D7A9F2F84D09-LeaderElection37] INFO  server.RaftServerConfigKeys (ConfUtils.java:logGet(46)) - raft.server.read.leader.lease.enabled = false (default)
2023-12-05 10:06:20,565 [6f95716b-3660-49a7-9d3e-d882775bc705@group-D7A9F2F84D09-LeaderElection37] INFO  server.RaftServerConfigKeys (ConfUtils.java:logGet(46)) - raft.server.read.leader.lease.timeout.ratio = 0.9 (default)
2023-12-05 10:06:20,565 [6f95716b-3660-49a7-9d3e-d882775bc705@group-D7A9F2F84D09-LeaderElection37] INFO  server.RaftServerConfigKeys (ConfUtils.java:logGet(46)) - raft.server.rpc.timeout.min = 5s (custom)
2023-12-05 10:06:20,566 [6f95716b-3660-49a7-9d3e-d882775bc705@group-D7A9F2F84D09-LeaderElection37] INFO  server.RaftServerConfigKeys (ConfUtils.java:logGet(46)) - raft.server.write.element-limit = 1024 (custom)
2023-12-05 10:06:20,566 [6f95716b-3660-49a7-9d3e-d882775bc705@group-D7A9F2F84D09-LeaderElection37] INFO  server.RaftServerConfigKeys (ConfUtils.java:logGet(46)) - raft.server.write.follower.gap.ratio.max = -1.0 (default)
2023-12-05 10:06:20,566 [6f95716b-3660-49a7-9d3e-d882775bc705@group-D7A9F2F84D09-LeaderElection37] INFO  impl.RoleInfo (RoleInfo.java:updateAndGet(139)) - 6f95716b-3660-49a7-9d3e-d882775bc705: start 6f95716b-3660-49a7-9d3e-d882775bc705@group-D7A9F2F84D09-LeaderStateImpl
2023-12-05 10:06:20,566 [6f95716b-3660-49a7-9d3e-d882775bc705@group-D7A9F2F84D09-LeaderElection37] INFO  server.RaftServer$Division (RaftServerImpl.java:setFirstElection(564)) - 6f95716b-3660-49a7-9d3e-d882775bc705@group-D7A9F2F84D09: set firstElectionSinceStartup to false for becomeLeader
2023-12-05 10:06:20,566 [6f95716b-3660-49a7-9d3e-d882775bc705@group-D7A9F2F84D09-LeaderElection37] INFO  ratis.XceiverServerRatis (XceiverServerRatis.java:handleLeaderChangedNotification(935)) - Leader change notification received for group: group-D7A9F2F84D09 with new leaderId: 6f95716b-3660-49a7-9d3e-d882775bc705
2023-12-05 10:06:20,566 [6f95716b-3660-49a7-9d3e-d882775bc705@group-D7A9F2F84D09-LeaderElection37] INFO  server.RaftServer$Division (ServerState.java:setLeader(265)) - 6f95716b-3660-49a7-9d3e-d882775bc705@group-D7A9F2F84D09: change Leader from null to 6f95716b-3660-49a7-9d3e-d882775bc705 at term 1 for becomeLeader, leader elected after 5138ms
2023-12-05 10:06:20,566 [6f95716b-3660-49a7-9d3e-d882775bc705@group-D7A9F2F84D09-LeaderElection37] INFO  segmented.SegmentedRaftLogWorker (SegmentedRaftLogWorker.java:startLogSegment(428)) - 6f95716b-3660-49a7-9d3e-d882775bc705@group-D7A9F2F84D09-SegmentedRaftLogWorker: Starting segment from index:0
2023-12-05 10:06:20,567 [6f95716b-3660-49a7-9d3e-d882775bc705@group-D7A9F2F84D09-LeaderElection37] INFO  server.RaftServer$Division (ServerState.java:setRaftConf(382)) - 6f95716b-3660-49a7-9d3e-d882775bc705@group-D7A9F2F84D09: set configuration 0: peers:[6f95716b-3660-49a7-9d3e-d882775bc705|10.1.0.7:15233]|listeners:[], old=null
2023-12-05 10:06:20,573 [6f95716b-3660-49a7-9d3e-d882775bc705@group-D7A9F2F84D09-SegmentedRaftLogWorker] INFO  segmented.SegmentedRaftLogWorker (SegmentedRaftLogWorker.java:execute(632)) - 6f95716b-3660-49a7-9d3e-d882775bc705@group-D7A9F2F84D09-SegmentedRaftLogWorker: created new log segment /home/runner/work/ozone/ozone/hadoop-ozone/integration-test/target/test-dir/MiniOzoneClusterImpl-3c72e0ff-8f58-4301-abb3-579d07aff8c3/datanode-1/data/ratis/2857e50f-d82a-48ca-9f85-d7a9f2f84d09/current/log_inprogress_0
2023-12-05 10:06:20,574 [6f95716b-3660-49a7-9d3e-d882775bc705@group-D7A9F2F84D09-StateMachineUpdater] INFO  server.RaftServer$Division (LeaderStateImpl.java:isApplied(316)) - leader is ready since appliedIndex == 0 >= startIndex == 0
2023-12-05 10:06:20,576 [om1@group-C5BA1605619E-StateMachineUpdater] INFO  impl.StateMachineUpdater (StateMachineUpdater.java:takeSnapshot(295)) - om1@group-C5BA1605619E-StateMachineUpdater: Took a snapshot at index 0
2023-12-05 10:06:20,576 [om1@group-C5BA1605619E-StateMachineUpdater] INFO  impl.StateMachineUpdater (StateMachineUpdater.java:lambda$new$0(98)) - om1@group-C5BA1605619E-StateMachineUpdater: snapshotIndex: updateIncreasingly -1 -> 0
2023-12-05 10:06:20,576 [om1@group-C5BA1605619E-StateMachineUpdater] INFO  ratis.OzoneManagerStateMachine (OzoneManagerStateMachine.java:close(546)) - StateMachine has shutdown. Shutdown OzoneManager if not already shutdown.
2023-12-05 10:06:20,576 [om1@group-C5BA1605619E-StateMachineUpdater] INFO  ratis.OzoneManagerDoubleBuffer (OzoneManagerDoubleBuffer.java:stopDaemon(575)) - Stopping OMDoubleBuffer flush thread
2023-12-05 10:06:20,576 [om1-OMDoubleBufferFlushThread] INFO  ratis.OzoneManagerDoubleBuffer (OzoneManagerDoubleBuffer.java:canFlush(662)) - OMDoubleBuffer flush thread om1-OMDoubleBufferFlushThread is interrupted and will exit.
2023-12-05 10:06:20,577 [om1-impl-thread1] INFO  server.RaftServer$Division (ServerState.java:close(423)) - om1@group-C5BA1605619E: applyIndex: 0
2023-12-05 10:06:20,577 [om1@group-C5BA1605619E-cacheEviction-AwaitToRun] INFO  util.AwaitToRun (AwaitToRun.java:run(49)) - om1@group-C5BA1605619E-cacheEviction-AwaitToRun-AwaitForSignal is interrupted
2023-12-05 10:06:20,614 [4698bbfe-1326-4b8d-b9e8-ec717de956b7@group-C12E2B5E2ADF-FollowerState] INFO  impl.FollowerState (FollowerState.java:run(143)) - 4698bbfe-1326-4b8d-b9e8-ec717de956b7@group-C12E2B5E2ADF-FollowerState: change to CANDIDATE, lastRpcElapsedTime:5066452333ns, electionTimeout:5066ms
2023-12-05 10:06:20,614 [4698bbfe-1326-4b8d-b9e8-ec717de956b7@group-C12E2B5E2ADF-FollowerState] INFO  impl.RoleInfo (RoleInfo.java:shutdownFollowerState(110)) - 4698bbfe-1326-4b8d-b9e8-ec717de956b7: shutdown 4698bbfe-1326-4b8d-b9e8-ec717de956b7@group-C12E2B5E2ADF-FollowerState
2023-12-05 10:06:20,614 [4698bbfe-1326-4b8d-b9e8-ec717de956b7@group-C12E2B5E2ADF-FollowerState] INFO  server.RaftServer$Division (RaftServerImpl.java:setRole(379)) - 4698bbfe-1326-4b8d-b9e8-ec717de956b7@group-C12E2B5E2ADF: changes role from  FOLLOWER to CANDIDATE at term 0 for changeToCandidate
2023-12-05 10:06:20,614 [4698bbfe-1326-4b8d-b9e8-ec717de956b7@group-C12E2B5E2ADF-FollowerState] INFO  server.RaftServerConfigKeys (ConfUtils.java:logGet(46)) - raft.server.leaderelection.pre-vote = true (default)
2023-12-05 10:06:20,614 [4698bbfe-1326-4b8d-b9e8-ec717de956b7@group-C12E2B5E2ADF-FollowerState] INFO  impl.RoleInfo (RoleInfo.java:updateAndGet(139)) - 4698bbfe-1326-4b8d-b9e8-ec717de956b7: start 4698bbfe-1326-4b8d-b9e8-ec717de956b7@group-C12E2B5E2ADF-LeaderElection38
2023-12-05 10:06:20,617 [4698bbfe-1326-4b8d-b9e8-ec717de956b7@group-C12E2B5E2ADF-LeaderElection38] INFO  impl.LeaderElection (LeaderElection.java:askForVotes(323)) - 4698bbfe-1326-4b8d-b9e8-ec717de956b7@group-C12E2B5E2ADF-LeaderElection38 PRE_VOTE round 0: submit vote requests at term 0 for -1: peers:[4698bbfe-1326-4b8d-b9e8-ec717de956b7|10.1.0.7:15242]|listeners:[], old=null
2023-12-05 10:06:20,617 [4698bbfe-1326-4b8d-b9e8-ec717de956b7@group-C12E2B5E2ADF-LeaderElection38] INFO  impl.LeaderElection (LeaderElection.java:askForVotes(325)) - 4698bbfe-1326-4b8d-b9e8-ec717de956b7@group-C12E2B5E2ADF-LeaderElection38 PRE_VOTE round 0: result PASSED (term=0)
2023-12-05 10:06:20,618 [4698bbfe-1326-4b8d-b9e8-ec717de956b7@group-C12E2B5E2ADF-LeaderElection38] INFO  impl.LeaderElection (LeaderElection.java:askForVotes(323)) - 4698bbfe-1326-4b8d-b9e8-ec717de956b7@group-C12E2B5E2ADF-LeaderElection38 ELECTION round 0: submit vote requests at term 1 for -1: peers:[4698bbfe-1326-4b8d-b9e8-ec717de956b7|10.1.0.7:15242]|listeners:[], old=null
2023-12-05 10:06:20,618 [4698bbfe-1326-4b8d-b9e8-ec717de956b7@group-C12E2B5E2ADF-LeaderElection38] INFO  impl.LeaderElection (LeaderElection.java:askForVotes(325)) - 4698bbfe-1326-4b8d-b9e8-ec717de956b7@group-C12E2B5E2ADF-LeaderElection38 ELECTION round 0: result PASSED (term=1)
2023-12-05 10:06:20,618 [4698bbfe-1326-4b8d-b9e8-ec717de956b7@group-C12E2B5E2ADF-LeaderElection38] INFO  impl.RoleInfo (RoleInfo.java:shutdownLeaderElection(130)) - 4698bbfe-1326-4b8d-b9e8-ec717de956b7: shutdown 4698bbfe-1326-4b8d-b9e8-ec717de956b7@group-C12E2B5E2ADF-LeaderElection38
2023-12-05 10:06:20,618 [4698bbfe-1326-4b8d-b9e8-ec717de956b7@group-C12E2B5E2ADF-LeaderElection38] INFO  server.RaftServer$Division (RaftServerImpl.java:setRole(379)) - 4698bbfe-1326-4b8d-b9e8-ec717de956b7@group-C12E2B5E2ADF: changes role from CANDIDATE to LEADER at term 1 for changeToLeader
2023-12-05 10:06:20,618 [4698bbfe-1326-4b8d-b9e8-ec717de956b7@group-C12E2B5E2ADF-LeaderElection38] INFO  server.RaftServerConfigKeys (ConfUtils.java:logGet(46)) - raft.server.staging.catchup.gap = 1000 (default)
2023-12-05 10:06:20,618 [4698bbfe-1326-4b8d-b9e8-ec717de956b7@group-C12E2B5E2ADF-LeaderElection38] INFO  server.RaftServerConfigKeys (ConfUtils.java:logGet(46)) - raft.server.write.element-limit = 1024 (custom)
2023-12-05 10:06:20,618 [4698bbfe-1326-4b8d-b9e8-ec717de956b7@group-C12E2B5E2ADF-LeaderElection38] INFO  server.RaftServerConfigKeys (ConfUtils.java:logGet(46)) - raft.server.write.byte-limit = 1024 M (=1073741824) (custom)
2023-12-05 10:06:20,619 [4698bbfe-1326-4b8d-b9e8-ec717de956b7@group-C12E2B5E2ADF-LeaderElection38] INFO  server.RaftServerConfigKeys (ConfUtils.java:logGet(46)) - raft.server.watch.timeout = 180s (custom)
2023-12-05 10:06:20,619 [4698bbfe-1326-4b8d-b9e8-ec717de956b7@group-C12E2B5E2ADF-LeaderElection38] INFO  server.RaftServerConfigKeys (ConfUtils.java:logGet(46)) - raft.server.watch.timeout.denomination = 1s (default)
2023-12-05 10:06:20,619 [4698bbfe-1326-4b8d-b9e8-ec717de956b7@group-C12E2B5E2ADF-LeaderElection38] INFO  server.RaftServerConfigKeys (ConfUtils.java:logGet(46)) - raft.server.watch.element-limit = 65536 (default)
2023-12-05 10:06:20,619 [4698bbfe-1326-4b8d-b9e8-ec717de956b7@group-C12E2B5E2ADF-LeaderElection38] INFO  server.RaftServerConfigKeys (ConfUtils.java:logGet(46)) - raft.server.read.leader.lease.enabled = false (default)
2023-12-05 10:06:20,619 [4698bbfe-1326-4b8d-b9e8-ec717de956b7@group-C12E2B5E2ADF-LeaderElection38] INFO  server.RaftServerConfigKeys (ConfUtils.java:logGet(46)) - raft.server.read.leader.lease.timeout.ratio = 0.9 (default)
2023-12-05 10:06:20,619 [4698bbfe-1326-4b8d-b9e8-ec717de956b7@group-C12E2B5E2ADF-LeaderElection38] INFO  server.RaftServerConfigKeys (ConfUtils.java:logGet(46)) - raft.server.rpc.timeout.min = 5s (custom)
2023-12-05 10:06:20,619 [4698bbfe-1326-4b8d-b9e8-ec717de956b7@group-C12E2B5E2ADF-LeaderElection38] INFO  server.RaftServerConfigKeys (ConfUtils.java:logGet(46)) - raft.server.write.element-limit = 1024 (custom)
2023-12-05 10:06:20,619 [4698bbfe-1326-4b8d-b9e8-ec717de956b7@group-C12E2B5E2ADF-LeaderElection38] INFO  server.RaftServerConfigKeys (ConfUtils.java:logGet(46)) - raft.server.write.follower.gap.ratio.max = -1.0 (default)
2023-12-05 10:06:20,619 [4698bbfe-1326-4b8d-b9e8-ec717de956b7@group-C12E2B5E2ADF-LeaderElection38] INFO  impl.RoleInfo (RoleInfo.java:updateAndGet(139)) - 4698bbfe-1326-4b8d-b9e8-ec717de956b7: start 4698bbfe-1326-4b8d-b9e8-ec717de956b7@group-C12E2B5E2ADF-LeaderStateImpl
2023-12-05 10:06:20,619 [4698bbfe-1326-4b8d-b9e8-ec717de956b7@group-C12E2B5E2ADF-LeaderElection38] INFO  server.RaftServer$Division (RaftServerImpl.java:setFirstElection(564)) - 4698bbfe-1326-4b8d-b9e8-ec717de956b7@group-C12E2B5E2ADF: set firstElectionSinceStartup to false for becomeLeader
2023-12-05 10:06:20,619 [4698bbfe-1326-4b8d-b9e8-ec717de956b7@group-C12E2B5E2ADF-LeaderElection38] INFO  ratis.XceiverServerRatis (XceiverServerRatis.java:handleLeaderChangedNotification(935)) - Leader change notification received for group: group-C12E2B5E2ADF with new leaderId: 4698bbfe-1326-4b8d-b9e8-ec717de956b7
2023-12-05 10:06:20,619 [4698bbfe-1326-4b8d-b9e8-ec717de956b7@group-C12E2B5E2ADF-LeaderElection38] INFO  server.RaftServer$Division (ServerState.java:setLeader(265)) - 4698bbfe-1326-4b8d-b9e8-ec717de956b7@group-C12E2B5E2ADF: change Leader from null to 4698bbfe-1326-4b8d-b9e8-ec717de956b7 at term 1 for becomeLeader, leader elected after 5081ms
2023-12-05 10:06:20,619 [4698bbfe-1326-4b8d-b9e8-ec717de956b7@group-C12E2B5E2ADF-LeaderElection38] INFO  segmented.SegmentedRaftLogWorker (SegmentedRaftLogWorker.java:startLogSegment(428)) - 4698bbfe-1326-4b8d-b9e8-ec717de956b7@group-C12E2B5E2ADF-SegmentedRaftLogWorker: Starting segment from index:0
2023-12-05 10:06:20,624 [4698bbfe-1326-4b8d-b9e8-ec717de956b7@group-C12E2B5E2ADF-LeaderElection38] INFO  server.RaftServer$Division (ServerState.java:setRaftConf(382)) - 4698bbfe-1326-4b8d-b9e8-ec717de956b7@group-C12E2B5E2ADF: set configuration 0: peers:[4698bbfe-1326-4b8d-b9e8-ec717de956b7|10.1.0.7:15242]|listeners:[], old=null
2023-12-05 10:06:20,627 [4698bbfe-1326-4b8d-b9e8-ec717de956b7@group-C12E2B5E2ADF-SegmentedRaftLogWorker] INFO  segmented.SegmentedRaftLogWorker (SegmentedRaftLogWorker.java:execute(632)) - 4698bbfe-1326-4b8d-b9e8-ec717de956b7@group-C12E2B5E2ADF-SegmentedRaftLogWorker: created new log segment /home/runner/work/ozone/ozone/hadoop-ozone/integration-test/target/test-dir/MiniOzoneClusterImpl-3c72e0ff-8f58-4301-abb3-579d07aff8c3/datanode-2/data/ratis/d443e26c-9f13-4ff7-b272-c12e2b5e2adf/current/log_inprogress_0
2023-12-05 10:06:20,628 [4698bbfe-1326-4b8d-b9e8-ec717de956b7@group-C12E2B5E2ADF-StateMachineUpdater] INFO  server.RaftServer$Division (LeaderStateImpl.java:isApplied(316)) - leader is ready since appliedIndex == 0 >= startIndex == 0
2023-12-05 10:06:21,414 [om1-impl-thread1] INFO  segmented.SegmentedRaftLogWorker (SegmentedRaftLogWorker.java:close(243)) - om1@group-C5BA1605619E-SegmentedRaftLogWorker close()
2023-12-05 10:06:21,415 [JvmPauseMonitor32] INFO  util.JvmPauseMonitor (JvmPauseMonitor.java:run(152)) - JvmPauseMonitor-om1: Stopped
2023-12-05 10:06:21,415 [main] INFO  ratis.OzoneManagerStateMachine (OzoneManagerStateMachine.java:close(546)) - StateMachine has shutdown. Shutdown OzoneManager if not already shutdown.
2023-12-05 10:06:21,415 [main] INFO  ratis.OzoneManagerDoubleBuffer (OzoneManagerDoubleBuffer.java:stopDaemon(584)) - OMDoubleBuffer flush thread is not running.
2023-12-05 10:06:21,415 [main] INFO  utils.BackgroundService (BackgroundService.java:shutdown(160)) - Shutting down service KeyDeletingService
2023-12-05 10:06:21,415 [main] INFO  utils.BackgroundService (BackgroundService.java:shutdown(160)) - Shutting down service DirectoryDeletingService
2023-12-05 10:06:21,416 [main] INFO  utils.BackgroundService (BackgroundService.java:shutdown(160)) - Shutting down service OpenKeyCleanupService
2023-12-05 10:06:21,416 [main] INFO  utils.BackgroundService (BackgroundService.java:shutdown(160)) - Shutting down service SstFilteringService
2023-12-05 10:06:21,416 [main] INFO  utils.BackgroundService (BackgroundService.java:shutdown(160)) - Shutting down service SnapshotDeletingService
2023-12-05 10:06:21,416 [main] INFO  utils.BackgroundService (BackgroundService.java:shutdown(160)) - Shutting down service MultipartUploadCleanupService
2023-12-05 10:06:21,417 [main] INFO  handler.ContextHandler (ContextHandler.java:doStop(1159)) - Stopped o.e.j.w.WebAppContext@563db2f5{ozoneManager,/,null,STOPPED}{file:/home/runner/work/ozone/ozone/hadoop-ozone/integration-test/target/test-classes/webapps/ozoneManager}
2023-12-05 10:06:21,417 [main] INFO  server.AbstractConnector (AbstractConnector.java:doStop(383)) - Stopped ServerConnector@1caf0ef6{HTTP/1.1, (http/1.1)}{0.0.0.0:15215}
2023-12-05 10:06:21,418 [main] INFO  server.session (HouseKeeper.java:stopScavenging(149)) - node0 Stopped scavenging
2023-12-05 10:06:21,418 [main] INFO  handler.ContextHandler (ContextHandler.java:doStop(1159)) - Stopped o.e.j.s.ServletContextHandler@61bc42ca{static,/static,file:///home/runner/work/ozone/ozone/hadoop-ozone/integration-test/target/test-classes/webapps/static,STOPPED}
2023-12-05 10:06:21,418 [main] INFO  handler.ContextHandler (ContextHandler.java:doStop(1159)) - Stopped o.e.j.s.ServletContextHandler@4f50a274{logs,/logs,file:///home/runner/work/ozone/ozone/hadoop-ozone/integration-test/target/log,STOPPED}
2023-12-05 10:06:21,419 [main] INFO  rocksdiff.RocksDBCheckpointDiffer (RocksDBCheckpointDiffer.java:close(310)) - Shutting down CompactionDagPruningService.
2023-12-05 10:06:21,420 [main] INFO  snapshot.SnapshotDiffManager (SnapshotDiffManager.java:closeExecutorService(1716)) - Shutting down executorService: 'SnapDiffExecutor'
2023-12-05 10:06:21,420 [main] INFO  snapshot.SnapshotDiffManager (SnapshotDiffManager.java:closeExecutorService(1716)) - Shutting down executorService: 'SstDumpToolExecutor'
2023-12-05 10:06:21,420 [main] INFO  utils.BackgroundService (BackgroundService.java:shutdown(160)) - Shutting down service SnapshotDiffCleanupService
2023-12-05 10:06:21,421 [main] INFO  ozone.MiniOzoneClusterImpl (MiniOzoneClusterImpl.java:stopDatanodes(536)) - Stopping the HddsDatanodes
2023-12-05 10:06:21,422 [ForkJoinPool.commonPool-worker-1] INFO  ozoneimpl.OzoneContainer (OzoneContainer.java:stop(463)) - Attempting to stop container services.
2023-12-05 10:06:21,422 [main] INFO  ozoneimpl.OzoneContainer (OzoneContainer.java:stop(463)) - Attempting to stop container services.
2023-12-05 10:06:21,423 [ForkJoinPool.commonPool-worker-1] INFO  server.RaftServer (RaftServerProxy.java:lambda$close$9(416)) - 4698bbfe-1326-4b8d-b9e8-ec717de956b7: close
2023-12-05 10:06:21,423 [4698bbfe-1326-4b8d-b9e8-ec717de956b7-impl-thread1] INFO  server.RaftServer$Division (RaftServerImpl.java:lambda$close$3(516)) - 4698bbfe-1326-4b8d-b9e8-ec717de956b7@group-DB478EA26896: shutdown
2023-12-05 10:06:21,423 [4698bbfe-1326-4b8d-b9e8-ec717de956b7-impl-thread1] INFO  util.JmxRegister (JmxRegister.java:unregister(73)) - Successfully un-registered JMX Bean with object name Ratis:service=RaftServer,group=group-DB478EA26896,id=4698bbfe-1326-4b8d-b9e8-ec717de956b7
2023-12-05 10:06:21,423 [4698bbfe-1326-4b8d-b9e8-ec717de956b7-impl-thread1] INFO  impl.RoleInfo (RoleInfo.java:shutdownFollowerState(110)) - 4698bbfe-1326-4b8d-b9e8-ec717de956b7: shutdown 4698bbfe-1326-4b8d-b9e8-ec717de956b7@group-DB478EA26896-FollowerState
2023-12-05 10:06:21,423 [ForkJoinPool.commonPool-worker-3] INFO  ozoneimpl.OzoneContainer (OzoneContainer.java:stop(463)) - Attempting to stop container services.
2023-12-05 10:06:21,423 [4698bbfe-1326-4b8d-b9e8-ec717de956b7-impl-thread2] INFO  server.RaftServer$Division (RaftServerImpl.java:lambda$close$3(516)) - 4698bbfe-1326-4b8d-b9e8-ec717de956b7@group-C12E2B5E2ADF: shutdown
2023-12-05 10:06:21,423 [4698bbfe-1326-4b8d-b9e8-ec717de956b7@group-DB478EA26896-FollowerState] INFO  impl.FollowerState (FollowerState.java:run(152)) - 4698bbfe-1326-4b8d-b9e8-ec717de956b7@group-DB478EA26896-FollowerState was interrupted
2023-12-05 10:06:21,423 [main] INFO  server.RaftServer (RaftServerProxy.java:lambda$close$9(416)) - 6f95716b-3660-49a7-9d3e-d882775bc705: close
2023-12-05 10:06:21,423 [4698bbfe-1326-4b8d-b9e8-ec717de956b7-impl-thread1] INFO  impl.StateMachineUpdater (StateMachineUpdater.java:stopAndJoin(157)) - 4698bbfe-1326-4b8d-b9e8-ec717de956b7@group-DB478EA26896-StateMachineUpdater: set stopIndex = -1
2023-12-05 10:06:21,424 [6f95716b-3660-49a7-9d3e-d882775bc705-impl-thread1] INFO  server.RaftServer$Division (RaftServerImpl.java:lambda$close$3(516)) - 6f95716b-3660-49a7-9d3e-d882775bc705@group-DB478EA26896: shutdown
2023-12-05 10:06:21,424 [main] INFO  server.GrpcService (GrpcService.java:closeImpl(311)) - 6f95716b-3660-49a7-9d3e-d882775bc705: shutdown server org.apache.ratis.grpc.server.GrpcClientProtocolService now
2023-12-05 10:06:21,423 [ForkJoinPool.commonPool-worker-1] INFO  server.GrpcService (GrpcService.java:closeImpl(311)) - 4698bbfe-1326-4b8d-b9e8-ec717de956b7: shutdown server org.apache.ratis.grpc.server.GrpcClientProtocolService now
2023-12-05 10:06:21,424 [6f95716b-3660-49a7-9d3e-d882775bc705-impl-thread1] INFO  util.JmxRegister (JmxRegister.java:unregister(73)) - Successfully un-registered JMX Bean with object name Ratis:service=RaftServer,group=group-DB478EA26896,id=6f95716b-3660-49a7-9d3e-d882775bc705
2023-12-05 10:06:21,424 [4698bbfe-1326-4b8d-b9e8-ec717de956b7-impl-thread1] INFO  server.RaftServer$Division (ServerState.java:close(423)) - 4698bbfe-1326-4b8d-b9e8-ec717de956b7@group-DB478EA26896: applyIndex: -1
2023-12-05 10:06:21,423 [ForkJoinPool.commonPool-worker-3] INFO  server.RaftServer (RaftServerProxy.java:lambda$close$9(416)) - 6ac84334-a6f6-4892-817f-c86ff695522c: close
2023-12-05 10:06:21,423 [4698bbfe-1326-4b8d-b9e8-ec717de956b7-impl-thread2] INFO  util.JmxRegister (JmxRegister.java:unregister(73)) - Successfully un-registered JMX Bean with object name Ratis:service=RaftServer,group=group-C12E2B5E2ADF,id=4698bbfe-1326-4b8d-b9e8-ec717de956b7
2023-12-05 10:06:21,424 [6f95716b-3660-49a7-9d3e-d882775bc705-impl-thread1] INFO  impl.RoleInfo (RoleInfo.java:shutdownFollowerState(110)) - 6f95716b-3660-49a7-9d3e-d882775bc705: shutdown 6f95716b-3660-49a7-9d3e-d882775bc705@group-DB478EA26896-FollowerState
2023-12-05 10:06:21,424 [6f95716b-3660-49a7-9d3e-d882775bc705-impl-thread2] INFO  server.RaftServer$Division (RaftServerImpl.java:lambda$close$3(516)) - 6f95716b-3660-49a7-9d3e-d882775bc705@group-D7A9F2F84D09: shutdown
2023-12-05 10:06:21,425 [4698bbfe-1326-4b8d-b9e8-ec717de956b7-impl-thread2] INFO  impl.RoleInfo (RoleInfo.java:shutdownLeaderState(94)) - 4698bbfe-1326-4b8d-b9e8-ec717de956b7: shutdown 4698bbfe-1326-4b8d-b9e8-ec717de956b7@group-C12E2B5E2ADF-LeaderStateImpl
2023-12-05 10:06:21,425 [4698bbfe-1326-4b8d-b9e8-ec717de956b7-impl-thread2] INFO  impl.PendingRequests (PendingRequests.java:sendNotLeaderResponses(289)) - 4698bbfe-1326-4b8d-b9e8-ec717de956b7@group-C12E2B5E2ADF-PendingRequests: sendNotLeaderResponses
2023-12-05 10:06:21,426 [6f95716b-3660-49a7-9d3e-d882775bc705-impl-thread2] INFO  util.JmxRegister (JmxRegister.java:unregister(73)) - Successfully un-registered JMX Bean with object name Ratis:service=RaftServer,group=group-D7A9F2F84D09,id=6f95716b-3660-49a7-9d3e-d882775bc705
2023-12-05 10:06:21,426 [6f95716b-3660-49a7-9d3e-d882775bc705-impl-thread2] INFO  impl.RoleInfo (RoleInfo.java:shutdownLeaderState(94)) - 6f95716b-3660-49a7-9d3e-d882775bc705: shutdown 6f95716b-3660-49a7-9d3e-d882775bc705@group-D7A9F2F84D09-LeaderStateImpl
2023-12-05 10:06:21,426 [6f95716b-3660-49a7-9d3e-d882775bc705-impl-thread2] INFO  impl.PendingRequests (PendingRequests.java:sendNotLeaderResponses(289)) - 6f95716b-3660-49a7-9d3e-d882775bc705@group-D7A9F2F84D09-PendingRequests: sendNotLeaderResponses
2023-12-05 10:06:21,426 [4698bbfe-1326-4b8d-b9e8-ec717de956b7@group-C12E2B5E2ADF-StateMachineUpdater] INFO  ratis.ContainerStateMachine (ContainerStateMachine.java:takeSnapshot(337)) - group-C12E2B5E2ADF: Taking a snapshot at:(t:1, i:0) file /home/runner/work/ozone/ozone/hadoop-ozone/integration-test/target/test-dir/MiniOzoneClusterImpl-3c72e0ff-8f58-4301-abb3-579d07aff8c3/datanode-2/data/ratis/d443e26c-9f13-4ff7-b272-c12e2b5e2adf/sm/snapshot.1_0
2023-12-05 10:06:21,426 [6f95716b-3660-49a7-9d3e-d882775bc705-impl-thread1] INFO  impl.StateMachineUpdater (StateMachineUpdater.java:stopAndJoin(157)) - 6f95716b-3660-49a7-9d3e-d882775bc705@group-DB478EA26896-StateMachineUpdater: set stopIndex = -1
2023-12-05 10:06:21,426 [6f95716b-3660-49a7-9d3e-d882775bc705@group-DB478EA26896-FollowerState] INFO  impl.FollowerState (FollowerState.java:run(152)) - 6f95716b-3660-49a7-9d3e-d882775bc705@group-DB478EA26896-FollowerState was interrupted
2023-12-05 10:06:21,426 [4698bbfe-1326-4b8d-b9e8-ec717de956b7-impl-thread2] INFO  impl.StateMachineUpdater (StateMachineUpdater.java:stopAndJoin(157)) - 4698bbfe-1326-4b8d-b9e8-ec717de956b7@group-C12E2B5E2ADF-StateMachineUpdater: set stopIndex = 0
2023-12-05 10:06:21,426 [6ac84334-a6f6-4892-817f-c86ff695522c-impl-thread1] INFO  server.RaftServer$Division (RaftServerImpl.java:lambda$close$3(516)) - 6ac84334-a6f6-4892-817f-c86ff695522c@group-DB478EA26896: shutdown
2023-12-05 10:06:21,427 [6ac84334-a6f6-4892-817f-c86ff695522c-impl-thread1] INFO  util.JmxRegister (JmxRegister.java:unregister(73)) - Successfully un-registered JMX Bean with object name Ratis:service=RaftServer,group=group-DB478EA26896,id=6ac84334-a6f6-4892-817f-c86ff695522c
2023-12-05 10:06:21,427 [6ac84334-a6f6-4892-817f-c86ff695522c-impl-thread1] INFO  impl.RoleInfo (RoleInfo.java:shutdownLeaderState(94)) - 6ac84334-a6f6-4892-817f-c86ff695522c: shutdown 6ac84334-a6f6-4892-817f-c86ff695522c@group-DB478EA26896-LeaderStateImpl
2023-12-05 10:06:21,426 [6f95716b-3660-49a7-9d3e-d882775bc705-impl-thread1] INFO  server.RaftServer$Division (ServerState.java:close(423)) - 6f95716b-3660-49a7-9d3e-d882775bc705@group-DB478EA26896: applyIndex: -1
2023-12-05 10:06:21,427 [6f95716b-3660-49a7-9d3e-d882775bc705@group-D7A9F2F84D09-StateMachineUpdater] INFO  ratis.ContainerStateMachine (ContainerStateMachine.java:takeSnapshot(337)) - group-D7A9F2F84D09: Taking a snapshot at:(t:1, i:0) file /home/runner/work/ozone/ozone/hadoop-ozone/integration-test/target/test-dir/MiniOzoneClusterImpl-3c72e0ff-8f58-4301-abb3-579d07aff8c3/datanode-1/data/ratis/2857e50f-d82a-48ca-9f85-d7a9f2f84d09/sm/snapshot.1_0
2023-12-05 10:06:21,427 [main] INFO  server.GrpcService (GrpcService.java:closeImpl(320)) - 6f95716b-3660-49a7-9d3e-d882775bc705: shutdown server org.apache.ratis.grpc.server.GrpcClientProtocolService successfully
2023-12-05 10:06:21,427 [main] INFO  server.GrpcService (GrpcService.java:closeImpl(311)) - 6f95716b-3660-49a7-9d3e-d882775bc705: shutdown server GrpcServerProtocolService now
2023-12-05 10:06:21,427 [6f95716b-3660-49a7-9d3e-d882775bc705@group-DB478EA26896-cacheEviction-AwaitToRun] INFO  util.AwaitToRun (AwaitToRun.java:run(49)) - 6f95716b-3660-49a7-9d3e-d882775bc705@group-DB478EA26896-cacheEviction-AwaitToRun-AwaitForSignal is interrupted
2023-12-05 10:06:21,427 [6f95716b-3660-49a7-9d3e-d882775bc705-impl-thread2] INFO  impl.StateMachineUpdater (StateMachineUpdater.java:stopAndJoin(157)) - 6f95716b-3660-49a7-9d3e-d882775bc705@group-D7A9F2F84D09-StateMachineUpdater: set stopIndex = 0
2023-12-05 10:06:21,428 [6ac84334-a6f6-4892-817f-c86ff695522c-impl-thread2] INFO  server.RaftServer$Division (RaftServerImpl.java:lambda$close$3(516)) - 6ac84334-a6f6-4892-817f-c86ff695522c@group-DCDE4C756F5F: shutdown
2023-12-05 10:06:21,428 [4698bbfe-1326-4b8d-b9e8-ec717de956b7@group-DB478EA26896-cacheEviction-AwaitToRun] INFO  util.AwaitToRun (AwaitToRun.java:run(49)) - 4698bbfe-1326-4b8d-b9e8-ec717de956b7@group-DB478EA26896-cacheEviction-AwaitToRun-AwaitForSignal is interrupted
2023-12-05 10:06:21,429 [4698bbfe-1326-4b8d-b9e8-ec717de956b7@group-C12E2B5E2ADF-StateMachineUpdater] INFO  ratis.ContainerStateMachine (ContainerStateMachine.java:takeSnapshot(348)) - group-C12E2B5E2ADF: Finished taking a snapshot at:(t:1, i:0) file:/home/runner/work/ozone/ozone/hadoop-ozone/integration-test/target/test-dir/MiniOzoneClusterImpl-3c72e0ff-8f58-4301-abb3-579d07aff8c3/datanode-2/data/ratis/d443e26c-9f13-4ff7-b272-c12e2b5e2adf/sm/snapshot.1_0 took: 3 ms
2023-12-05 10:06:21,429 [4698bbfe-1326-4b8d-b9e8-ec717de956b7@group-C12E2B5E2ADF-StateMachineUpdater] INFO  impl.StateMachineUpdater (StateMachineUpdater.java:takeSnapshot(295)) - 4698bbfe-1326-4b8d-b9e8-ec717de956b7@group-C12E2B5E2ADF-StateMachineUpdater: Took a snapshot at index 0
2023-12-05 10:06:21,429 [grpc-default-executor-2] WARN  server.GrpcServerProtocolService (LogUtils.java:warn(121)) - 6f95716b-3660-49a7-9d3e-d882775bc705: APPEND_ENTRIES onError, lastRequest: 6ac84334-a6f6-4892-817f-c86ff695522c->6f95716b-3660-49a7-9d3e-d882775bc705#1-t1,previous=(t:0, i:0),leaderCommit=-1,initializing? true,entries: size=1, first=(t:1, i:0), CONFIGURATIONENTRY(current:id: "6f95716b-3660-49a7-9d3e-d882775bc705"
address: "10.1.0.7:15233"
dataStreamAddress: "10.1.0.7:15234"
clientAddress: "10.1.0.7:15231"
adminAddress: "10.1.0.7:15232"
startupRole: FOLLOWER
,id: "4698bbfe-1326-4b8d-b9e8-ec717de956b7"
address: "10.1.0.7:15242"
dataStreamAddress: "10.1.0.7:15243"
clientAddress: "10.1.0.7:15240"
adminAddress: "10.1.0.7:15241"
startupRole: FOLLOWER
,id: "6ac84334-a6f6-4892-817f-c86ff695522c"
address: "10.1.0.7:15224"
priority: 1
dataStreamAddress: "10.1.0.7:15225"
clientAddress: "10.1.0.7:15222"
adminAddress: "10.1.0.7:15223"
startupRole: FOLLOWER
, old:): org.apache.ratis.thirdparty.io.grpc.StatusRuntimeException: CANCELLED: client cancelled
2023-12-05 10:06:21,429 [grpc-default-executor-1] WARN  server.GrpcServerProtocolService (LogUtils.java:warn(121)) - 6f95716b-3660-49a7-9d3e-d882775bc705: APPEND_ENTRIES onError, lastRequest: null: org.apache.ratis.thirdparty.io.grpc.StatusRuntimeException: CANCELLED: client cancelled
2023-12-05 10:06:21,429 [grpc-default-executor-0] INFO  server.GrpcLogAppender (GrpcLogAppender.java:onError(457)) - 6ac84334-a6f6-4892-817f-c86ff695522c@group-DB478EA26896->6f95716b-3660-49a7-9d3e-d882775bc705-GrpcLogAppender is already stopped
2023-12-05 10:06:21,428 [ForkJoinPool.commonPool-worker-3] INFO  server.GrpcService (GrpcService.java:closeImpl(311)) - 6ac84334-a6f6-4892-817f-c86ff695522c: shutdown server org.apache.ratis.grpc.server.GrpcClientProtocolService now
2023-12-05 10:06:21,427 [6ac84334-a6f6-4892-817f-c86ff695522c@group-DB478EA26896->4698bbfe-1326-4b8d-b9e8-ec717de956b7-GrpcLogAppender-LogAppenderDaemon] WARN  server.GrpcLogAppender (GrpcLogAppender.java:mayWait(212)) - 6ac84334-a6f6-4892-817f-c86ff695522c@group-DB478EA26896->4698bbfe-1326-4b8d-b9e8-ec717de956b7-GrpcLogAppender: Wait interrupted by java.lang.InterruptedException
2023-12-05 10:06:21,427 [6ac84334-a6f6-4892-817f-c86ff695522c@group-DB478EA26896->6f95716b-3660-49a7-9d3e-d882775bc705-GrpcLogAppender-LogAppenderDaemon] WARN  server.GrpcLogAppender (GrpcLogAppender.java:mayWait(212)) - 6ac84334-a6f6-4892-817f-c86ff695522c@group-DB478EA26896->6f95716b-3660-49a7-9d3e-d882775bc705-GrpcLogAppender: Wait interrupted by java.lang.InterruptedException
2023-12-05 10:06:21,427 [6ac84334-a6f6-4892-817f-c86ff695522c-impl-thread1] INFO  impl.PendingRequests (PendingRequests.java:sendNotLeaderResponses(289)) - 6ac84334-a6f6-4892-817f-c86ff695522c@group-DB478EA26896-PendingRequests: sendNotLeaderResponses
2023-12-05 10:06:21,430 [grpc-default-executor-0] INFO  server.GrpcServerProtocolService (GrpcServerProtocolService.java:onCompleted(157)) - 4698bbfe-1326-4b8d-b9e8-ec717de956b7: Completed APPEND_ENTRIES, lastRequest: null
2023-12-05 10:06:21,430 [6ac84334-a6f6-4892-817f-c86ff695522c-impl-thread1] INFO  impl.StateMachineUpdater (StateMachineUpdater.java:stopAndJoin(157)) - 6ac84334-a6f6-4892-817f-c86ff695522c@group-DB478EA26896-StateMachineUpdater: set stopIndex = 0
2023-12-05 10:06:21,430 [6ac84334-a6f6-4892-817f-c86ff695522c@group-DB478EA26896-StateMachineUpdater] INFO  ratis.ContainerStateMachine (ContainerStateMachine.java:takeSnapshot(337)) - group-DB478EA26896: Taking a snapshot at:(t:1, i:0) file /home/runner/work/ozone/ozone/hadoop-ozone/integration-test/target/test-dir/MiniOzoneClusterImpl-3c72e0ff-8f58-4301-abb3-579d07aff8c3/datanode-0/data/ratis/6b83caf6-f4f5-41a7-94a0-db478ea26896/sm/snapshot.1_0
2023-12-05 10:06:21,427 [ForkJoinPool.commonPool-worker-1] INFO  server.GrpcService (GrpcService.java:closeImpl(320)) - 4698bbfe-1326-4b8d-b9e8-ec717de956b7: shutdown server org.apache.ratis.grpc.server.GrpcClientProtocolService successfully
2023-12-05 10:06:21,430 [ForkJoinPool.commonPool-worker-1] INFO  server.GrpcService (GrpcService.java:closeImpl(311)) - 4698bbfe-1326-4b8d-b9e8-ec717de956b7: shutdown server GrpcServerProtocolService now
2023-12-05 10:06:21,429 [6f95716b-3660-49a7-9d3e-d882775bc705@group-D7A9F2F84D09-StateMachineUpdater] INFO  ratis.ContainerStateMachine (ContainerStateMachine.java:takeSnapshot(348)) - group-D7A9F2F84D09: Finished taking a snapshot at:(t:1, i:0) file:/home/runner/work/ozone/ozone/hadoop-ozone/integration-test/target/test-dir/MiniOzoneClusterImpl-3c72e0ff-8f58-4301-abb3-579d07aff8c3/datanode-1/data/ratis/2857e50f-d82a-48ca-9f85-d7a9f2f84d09/sm/snapshot.1_0 took: 3 ms
2023-12-05 10:06:21,430 [6ac84334-a6f6-4892-817f-c86ff695522c@group-DB478EA26896-StateMachineUpdater] INFO  ratis.ContainerStateMachine (ContainerStateMachine.java:takeSnapshot(348)) - group-DB478EA26896: Finished taking a snapshot at:(t:1, i:0) file:/home/runner/work/ozone/ozone/hadoop-ozone/integration-test/target/test-dir/MiniOzoneClusterImpl-3c72e0ff-8f58-4301-abb3-579d07aff8c3/datanode-0/data/ratis/6b83caf6-f4f5-41a7-94a0-db478ea26896/sm/snapshot.1_0 took: 0 ms
2023-12-05 10:06:21,429 [4698bbfe-1326-4b8d-b9e8-ec717de956b7@group-C12E2B5E2ADF-StateMachineUpdater] INFO  impl.StateMachineUpdater (StateMachineUpdater.java:lambda$new$0(98)) - 4698bbfe-1326-4b8d-b9e8-ec717de956b7@group-C12E2B5E2ADF-StateMachineUpdater: snapshotIndex: updateIncreasingly -1 -> 0
2023-12-05 10:06:21,431 [6f95716b-3660-49a7-9d3e-d882775bc705@group-D7A9F2F84D09-StateMachineUpdater] INFO  impl.StateMachineUpdater (StateMachineUpdater.java:takeSnapshot(295)) - 6f95716b-3660-49a7-9d3e-d882775bc705@group-D7A9F2F84D09-StateMachineUpdater: Took a snapshot at index 0
2023-12-05 10:06:21,431 [6ac84334-a6f6-4892-817f-c86ff695522c@group-DB478EA26896-StateMachineUpdater] INFO  impl.StateMachineUpdater (StateMachineUpdater.java:takeSnapshot(295)) - 6ac84334-a6f6-4892-817f-c86ff695522c@group-DB478EA26896-StateMachineUpdater: Took a snapshot at index 0
2023-12-05 10:06:21,431 [6f95716b-3660-49a7-9d3e-d882775bc705@group-D7A9F2F84D09-StateMachineUpdater] INFO  impl.StateMachineUpdater (StateMachineUpdater.java:lambda$new$0(98)) - 6f95716b-3660-49a7-9d3e-d882775bc705@group-D7A9F2F84D09-StateMachineUpdater: snapshotIndex: updateIncreasingly -1 -> 0
2023-12-05 10:06:21,431 [6ac84334-a6f6-4892-817f-c86ff695522c@group-DB478EA26896-StateMachineUpdater] INFO  impl.StateMachineUpdater (StateMachineUpdater.java:lambda$new$0(98)) - 6ac84334-a6f6-4892-817f-c86ff695522c@group-DB478EA26896-StateMachineUpdater: snapshotIndex: updateIncreasingly -1 -> 0
2023-12-05 10:06:21,431 [4698bbfe-1326-4b8d-b9e8-ec717de956b7-impl-thread2] INFO  server.RaftServer$Division (ServerState.java:close(423)) - 4698bbfe-1326-4b8d-b9e8-ec717de956b7@group-C12E2B5E2ADF: applyIndex: 0
2023-12-05 10:06:21,431 [6f95716b-3660-49a7-9d3e-d882775bc705-impl-thread2] INFO  server.RaftServer$Division (ServerState.java:close(423)) - 6f95716b-3660-49a7-9d3e-d882775bc705@group-D7A9F2F84D09: applyIndex: 0
2023-12-05 10:06:21,428 [6ac84334-a6f6-4892-817f-c86ff695522c-impl-thread2] INFO  util.JmxRegister (JmxRegister.java:unregister(73)) - Successfully un-registered JMX Bean with object name Ratis:service=RaftServer,group=group-DCDE4C756F5F,id=6ac84334-a6f6-4892-817f-c86ff695522c
2023-12-05 10:06:21,431 [6ac84334-a6f6-4892-817f-c86ff695522c-impl-thread1] INFO  server.RaftServer$Division (ServerState.java:close(423)) - 6ac84334-a6f6-4892-817f-c86ff695522c@group-DB478EA26896: applyIndex: 0
2023-12-05 10:06:21,431 [6ac84334-a6f6-4892-817f-c86ff695522c@group-DB478EA26896-cacheEviction-AwaitToRun] INFO  util.AwaitToRun (AwaitToRun.java:run(49)) - 6ac84334-a6f6-4892-817f-c86ff695522c@group-DB478EA26896-cacheEviction-AwaitToRun-AwaitForSignal is interrupted
2023-12-05 10:06:21,431 [6ac84334-a6f6-4892-817f-c86ff695522c-impl-thread2] INFO  impl.RoleInfo (RoleInfo.java:shutdownLeaderState(94)) - 6ac84334-a6f6-4892-817f-c86ff695522c: shutdown 6ac84334-a6f6-4892-817f-c86ff695522c@group-DCDE4C756F5F-LeaderStateImpl
2023-12-05 10:06:21,432 [6ac84334-a6f6-4892-817f-c86ff695522c-impl-thread2] INFO  impl.PendingRequests (PendingRequests.java:sendNotLeaderResponses(289)) - 6ac84334-a6f6-4892-817f-c86ff695522c@group-DCDE4C756F5F-PendingRequests: sendNotLeaderResponses
2023-12-05 10:06:21,432 [6f95716b-3660-49a7-9d3e-d882775bc705@group-D7A9F2F84D09-cacheEviction-AwaitToRun] INFO  util.AwaitToRun (AwaitToRun.java:run(49)) - 6f95716b-3660-49a7-9d3e-d882775bc705@group-D7A9F2F84D09-cacheEviction-AwaitToRun-AwaitForSignal is interrupted
2023-12-05 10:06:21,432 [6ac84334-a6f6-4892-817f-c86ff695522c-impl-thread2] INFO  impl.StateMachineUpdater (StateMachineUpdater.java:stopAndJoin(157)) - 6ac84334-a6f6-4892-817f-c86ff695522c@group-DCDE4C756F5F-StateMachineUpdater: set stopIndex = 0
2023-12-05 10:06:21,432 [6ac84334-a6f6-4892-817f-c86ff695522c@group-DCDE4C756F5F-StateMachineUpdater] INFO  ratis.ContainerStateMachine (ContainerStateMachine.java:takeSnapshot(337)) - group-DCDE4C756F5F: Taking a snapshot at:(t:1, i:0) file /home/runner/work/ozone/ozone/hadoop-ozone/integration-test/target/test-dir/MiniOzoneClusterImpl-3c72e0ff-8f58-4301-abb3-579d07aff8c3/datanode-0/data/ratis/71c28145-2bee-4356-9b23-dcde4c756f5f/sm/snapshot.1_0
2023-12-05 10:06:21,432 [4698bbfe-1326-4b8d-b9e8-ec717de956b7@group-C12E2B5E2ADF-cacheEviction-AwaitToRun] INFO  util.AwaitToRun (AwaitToRun.java:run(49)) - 4698bbfe-1326-4b8d-b9e8-ec717de956b7@group-C12E2B5E2ADF-cacheEviction-AwaitToRun-AwaitForSignal is interrupted
2023-12-05 10:06:21,436 [grpc-default-executor-4] INFO  server.GrpcLogAppender (GrpcLogAppender.java:onError(457)) - 6ac84334-a6f6-4892-817f-c86ff695522c@group-DB478EA26896->6f95716b-3660-49a7-9d3e-d882775bc705-GrpcLogAppender is already stopped
2023-12-05 10:06:21,436 [main] INFO  server.GrpcService (GrpcService.java:closeImpl(320)) - 6f95716b-3660-49a7-9d3e-d882775bc705: shutdown server GrpcServerProtocolService successfully
2023-12-05 10:06:21,437 [main] INFO  server.GrpcService (GrpcService.java:closeImpl(311)) - 6f95716b-3660-49a7-9d3e-d882775bc705: shutdown server org.apache.ratis.grpc.server.GrpcAdminProtocolService now
2023-12-05 10:06:21,437 [grpc-default-executor-4] INFO  server.GrpcLogAppender (GrpcLogAppender.java:onError(457)) - 6ac84334-a6f6-4892-817f-c86ff695522c@group-DB478EA26896->4698bbfe-1326-4b8d-b9e8-ec717de956b7-GrpcLogAppender is already stopped
2023-12-05 10:06:21,437 [grpc-default-executor-0] INFO  server.GrpcServerProtocolService (GrpcServerProtocolService.java:lambda$onCompleted$5(159)) - 4698bbfe-1326-4b8d-b9e8-ec717de956b7: Completed APPEND_ENTRIES, lastReply: serverReply {
  requestorId: "6ac84334-a6f6-4892-817f-c86ff695522c"
  replyId: "4698bbfe-1326-4b8d-b9e8-ec717de956b7"
  raftGroupId {
    id: "k\203\312\366\364\365A\247\224\240\333G\216\242h\226"
  }
  success: true
}
term: 1
followerCommit: 18446744073709551615
matchIndex: 18446744073709551615
isHearbeat: true

2023-12-05 10:06:21,437 [6ac84334-a6f6-4892-817f-c86ff695522c@group-DCDE4C756F5F-StateMachineUpdater] INFO  ratis.ContainerStateMachine (ContainerStateMachine.java:takeSnapshot(348)) - group-DCDE4C756F5F: Finished taking a snapshot at:(t:1, i:0) file:/home/runner/work/ozone/ozone/hadoop-ozone/integration-test/target/test-dir/MiniOzoneClusterImpl-3c72e0ff-8f58-4301-abb3-579d07aff8c3/datanode-0/data/ratis/71c28145-2bee-4356-9b23-dcde4c756f5f/sm/snapshot.1_0 took: 4 ms
2023-12-05 10:06:21,436 [Thread-3055] INFO  server.GrpcServerProtocolClient (GrpcServerProtocolClient.java:close(103)) - 6f95716b-3660-49a7-9d3e-d882775bc705 Close channels
2023-12-05 10:06:21,438 [6ac84334-a6f6-4892-817f-c86ff695522c@group-DCDE4C756F5F-StateMachineUpdater] INFO  impl.StateMachineUpdater (StateMachineUpdater.java:takeSnapshot(295)) - 6ac84334-a6f6-4892-817f-c86ff695522c@group-DCDE4C756F5F-StateMachineUpdater: Took a snapshot at index 0
2023-12-05 10:06:21,438 [6ac84334-a6f6-4892-817f-c86ff695522c@group-DCDE4C756F5F-StateMachineUpdater] INFO  impl.StateMachineUpdater (StateMachineUpdater.java:lambda$new$0(98)) - 6ac84334-a6f6-4892-817f-c86ff695522c@group-DCDE4C756F5F-StateMachineUpdater: snapshotIndex: updateIncreasingly -1 -> 0
2023-12-05 10:06:21,437 [grpc-default-executor-3] WARN  server.GrpcServerProtocolService (LogUtils.java:warn(121)) - 4698bbfe-1326-4b8d-b9e8-ec717de956b7: APPEND_ENTRIES onError, lastRequest: 6ac84334-a6f6-4892-817f-c86ff695522c->4698bbfe-1326-4b8d-b9e8-ec717de956b7#1-t1,previous=(t:0, i:0),leaderCommit=-1,initializing? true,entries: size=1, first=(t:1, i:0), CONFIGURATIONENTRY(current:id: "6f95716b-3660-49a7-9d3e-d882775bc705"
address: "10.1.0.7:15233"
dataStreamAddress: "10.1.0.7:15234"
clientAddress: "10.1.0.7:15231"
adminAddress: "10.1.0.7:15232"
startupRole: FOLLOWER
,id: "4698bbfe-1326-4b8d-b9e8-ec717de956b7"
address: "10.1.0.7:15242"
dataStreamAddress: "10.1.0.7:15243"
clientAddress: "10.1.0.7:15240"
adminAddress: "10.1.0.7:15241"
startupRole: FOLLOWER
,id: "6ac84334-a6f6-4892-817f-c86ff695522c"
address: "10.1.0.7:15224"
priority: 1
dataStreamAddress: "10.1.0.7:15225"
clientAddress: "10.1.0.7:15222"
adminAddress: "10.1.0.7:15223"
startupRole: FOLLOWER
, old:): org.apache.ratis.thirdparty.io.grpc.StatusRuntimeException: CANCELLED: client cancelled
2023-12-05 10:06:21,438 [6ac84334-a6f6-4892-817f-c86ff695522c-impl-thread2] INFO  server.RaftServer$Division (ServerState.java:close(423)) - 6ac84334-a6f6-4892-817f-c86ff695522c@group-DCDE4C756F5F: applyIndex: 0
2023-12-05 10:06:21,438 [6ac84334-a6f6-4892-817f-c86ff695522c@group-DCDE4C756F5F-cacheEviction-AwaitToRun] INFO  util.AwaitToRun (AwaitToRun.java:run(49)) - 6ac84334-a6f6-4892-817f-c86ff695522c@group-DCDE4C756F5F-cacheEviction-AwaitToRun-AwaitForSignal is interrupted
2023-12-05 10:06:21,440 [main] INFO  server.GrpcService (GrpcService.java:closeImpl(320)) - 6f95716b-3660-49a7-9d3e-d882775bc705: shutdown server org.apache.ratis.grpc.server.GrpcAdminProtocolService successfully
2023-12-05 10:06:21,440 [Thread-3056] INFO  server.GrpcServerProtocolClient (GrpcServerProtocolClient.java:close(103)) - 4698bbfe-1326-4b8d-b9e8-ec717de956b7 Close channels
2023-12-05 10:06:21,441 [6f95716b-3660-49a7-9d3e-d882775bc705-NettyServerStreamRpc-bossGroup--thread1] INFO  logging.LoggingHandler (AbstractInternalLogger.java:log(148)) - [id: 0x1691d045, L:/0.0.0.0:15234] CLOSE
2023-12-05 10:06:21,441 [6f95716b-3660-49a7-9d3e-d882775bc705-NettyServerStreamRpc-bossGroup--thread1] INFO  logging.LoggingHandler (AbstractInternalLogger.java:log(148)) - [id: 0x1691d045, L:/0.0.0.0:15234] INACTIVE
2023-12-05 10:06:21,442 [6f95716b-3660-49a7-9d3e-d882775bc705-NettyServerStreamRpc-bossGroup--thread1] INFO  logging.LoggingHandler (AbstractInternalLogger.java:log(148)) - [id: 0x1691d045, L:/0.0.0.0:15234] UNREGISTERED
2023-12-05 10:06:21,442 [ForkJoinPool.commonPool-worker-1] INFO  server.GrpcService (GrpcService.java:closeImpl(320)) - 4698bbfe-1326-4b8d-b9e8-ec717de956b7: shutdown server GrpcServerProtocolService successfully
2023-12-05 10:06:21,442 [ForkJoinPool.commonPool-worker-1] INFO  server.GrpcService (GrpcService.java:closeImpl(311)) - 4698bbfe-1326-4b8d-b9e8-ec717de956b7: shutdown server org.apache.ratis.grpc.server.GrpcAdminProtocolService now
2023-12-05 10:06:21,442 [grpc-default-executor-3] INFO  server.GrpcLogAppender (GrpcLogAppender.java:onError(457)) - 6ac84334-a6f6-4892-817f-c86ff695522c@group-DB478EA26896->4698bbfe-1326-4b8d-b9e8-ec717de956b7-GrpcLogAppender is already stopped
2023-12-05 10:06:21,444 [ForkJoinPool.commonPool-worker-3] INFO  server.GrpcService (GrpcService.java:closeImpl(320)) - 6ac84334-a6f6-4892-817f-c86ff695522c: shutdown server org.apache.ratis.grpc.server.GrpcClientProtocolService successfully
2023-12-05 10:06:21,444 [ForkJoinPool.commonPool-worker-3] INFO  server.GrpcService (GrpcService.java:closeImpl(311)) - 6ac84334-a6f6-4892-817f-c86ff695522c: shutdown server GrpcServerProtocolService now
2023-12-05 10:06:21,445 [ForkJoinPool.commonPool-worker-1] INFO  server.GrpcService (GrpcService.java:closeImpl(320)) - 4698bbfe-1326-4b8d-b9e8-ec717de956b7: shutdown server org.apache.ratis.grpc.server.GrpcAdminProtocolService successfully
2023-12-05 10:06:21,445 [4698bbfe-1326-4b8d-b9e8-ec717de956b7-NettyServerStreamRpc-bossGroup--thread1] INFO  logging.LoggingHandler (AbstractInternalLogger.java:log(148)) - [id: 0xc6e2fb39, L:/0.0.0.0:15243] CLOSE
2023-12-05 10:06:21,445 [4698bbfe-1326-4b8d-b9e8-ec717de956b7-NettyServerStreamRpc-bossGroup--thread1] INFO  logging.LoggingHandler (AbstractInternalLogger.java:log(148)) - [id: 0xc6e2fb39, L:/0.0.0.0:15243] INACTIVE
2023-12-05 10:06:21,445 [4698bbfe-1326-4b8d-b9e8-ec717de956b7-NettyServerStreamRpc-bossGroup--thread1] INFO  logging.LoggingHandler (AbstractInternalLogger.java:log(148)) - [id: 0xc6e2fb39, L:/0.0.0.0:15243] UNREGISTERED
2023-12-05 10:06:21,445 [ForkJoinPool.commonPool-worker-3] INFO  server.GrpcService (GrpcService.java:closeImpl(320)) - 6ac84334-a6f6-4892-817f-c86ff695522c: shutdown server GrpcServerProtocolService successfully
2023-12-05 10:06:21,445 [ForkJoinPool.commonPool-worker-3] INFO  server.GrpcService (GrpcService.java:closeImpl(311)) - 6ac84334-a6f6-4892-817f-c86ff695522c: shutdown server org.apache.ratis.grpc.server.GrpcAdminProtocolService now
2023-12-05 10:06:21,450 [ForkJoinPool.commonPool-worker-3] INFO  server.GrpcService (GrpcService.java:closeImpl(320)) - 6ac84334-a6f6-4892-817f-c86ff695522c: shutdown server org.apache.ratis.grpc.server.GrpcAdminProtocolService successfully
2023-12-05 10:06:21,450 [6ac84334-a6f6-4892-817f-c86ff695522c-NettyServerStreamRpc-bossGroup--thread1] INFO  logging.LoggingHandler (AbstractInternalLogger.java:log(148)) - [id: 0xee87ea65, L:/0.0.0.0:15225] CLOSE
2023-12-05 10:06:21,450 [6ac84334-a6f6-4892-817f-c86ff695522c-NettyServerStreamRpc-bossGroup--thread1] INFO  logging.LoggingHandler (AbstractInternalLogger.java:log(148)) - [id: 0xee87ea65, L:/0.0.0.0:15225] INACTIVE
2023-12-05 10:06:21,450 [6ac84334-a6f6-4892-817f-c86ff695522c-NettyServerStreamRpc-bossGroup--thread1] INFO  logging.LoggingHandler (AbstractInternalLogger.java:log(148)) - [id: 0xee87ea65, L:/0.0.0.0:15225] UNREGISTERED
2023-12-05 10:06:21,501 [6ac84334-a6f6-4892-817f-c86ff695522c-impl-thread2] INFO  segmented.SegmentedRaftLogWorker (SegmentedRaftLogWorker.java:close(243)) - 6ac84334-a6f6-4892-817f-c86ff695522c@group-DCDE4C756F5F-SegmentedRaftLogWorker close()
2023-12-05 10:06:21,525 [6ac84334-a6f6-4892-817f-c86ff695522c-impl-thread1] INFO  segmented.SegmentedRaftLogWorker (SegmentedRaftLogWorker.java:close(243)) - 6ac84334-a6f6-4892-817f-c86ff695522c@group-DB478EA26896-SegmentedRaftLogWorker close()
2023-12-05 10:06:21,525 [JvmPauseMonitor33] INFO  util.JvmPauseMonitor (JvmPauseMonitor.java:run(152)) - JvmPauseMonitor-6ac84334-a6f6-4892-817f-c86ff695522c: Stopped
2023-12-05 10:06:21,548 [6f95716b-3660-49a7-9d3e-d882775bc705-impl-thread1] INFO  segmented.SegmentedRaftLogWorker (SegmentedRaftLogWorker.java:close(243)) - 6f95716b-3660-49a7-9d3e-d882775bc705@group-DB478EA26896-SegmentedRaftLogWorker close()
2023-12-05 10:06:21,549 [4698bbfe-1326-4b8d-b9e8-ec717de956b7-impl-thread1] INFO  segmented.SegmentedRaftLogWorker (SegmentedRaftLogWorker.java:close(243)) - 4698bbfe-1326-4b8d-b9e8-ec717de956b7@group-DB478EA26896-SegmentedRaftLogWorker close()
2023-12-05 10:06:21,575 [6f95716b-3660-49a7-9d3e-d882775bc705-impl-thread2] INFO  segmented.SegmentedRaftLogWorker (SegmentedRaftLogWorker.java:close(243)) - 6f95716b-3660-49a7-9d3e-d882775bc705@group-D7A9F2F84D09-SegmentedRaftLogWorker close()
2023-12-05 10:06:21,575 [JvmPauseMonitor34] INFO  util.JvmPauseMonitor (JvmPauseMonitor.java:run(152)) - JvmPauseMonitor-6f95716b-3660-49a7-9d3e-d882775bc705: Stopped
2023-12-05 10:06:21,628 [4698bbfe-1326-4b8d-b9e8-ec717de956b7-impl-thread2] INFO  segmented.SegmentedRaftLogWorker (SegmentedRaftLogWorker.java:close(243)) - 4698bbfe-1326-4b8d-b9e8-ec717de956b7@group-C12E2B5E2ADF-SegmentedRaftLogWorker close()
2023-12-05 10:06:21,629 [JvmPauseMonitor35] INFO  util.JvmPauseMonitor (JvmPauseMonitor.java:run(152)) - JvmPauseMonitor-4698bbfe-1326-4b8d-b9e8-ec717de956b7: Stopped
2023-12-05 10:06:23,528 [ForkJoinPool.commonPool-worker-3] INFO  utils.DatanodeStoreCache (DatanodeStoreCache.java:shutdownCache(110)) - Skip clearing cache in mini cluster mode. Entries left: [/home/runner/work/ozone/ozone/hadoop-ozone/integration-test/target/test-dir/MiniOzoneClusterImpl-3c72e0ff-8f58-4301-abb3-579d07aff8c3/datanode-0/data-0/containers/hdds/3c72e0ff-8f58-4301-abb3-579d07aff8c3/DS-770b6874-28f0-4ea1-b871-d394bdafb390/container.db, /home/runner/work/ozone/ozone/hadoop-ozone/integration-test/target/test-dir/MiniOzoneClusterImpl-3c72e0ff-8f58-4301-abb3-579d07aff8c3/datanode-1/data-0/containers/hdds/3c72e0ff-8f58-4301-abb3-579d07aff8c3/DS-51a5bff1-b53d-424d-888f-406798096079/container.db, /home/runner/work/ozone/ozone/hadoop-ozone/integration-test/target/test-dir/MiniOzoneClusterImpl-3c72e0ff-8f58-4301-abb3-579d07aff8c3/datanode-2/data-0/containers/hdds/3c72e0ff-8f58-4301-abb3-579d07aff8c3/DS-f33022ec-6a17-4da6-8260-af25e5dc2161/container.db]
2023-12-05 10:06:23,529 [ForkJoinPool.commonPool-worker-3] INFO  utils.DatanodeStoreCache (DatanodeStoreCache.java:removeDB(104)) - Removed db /home/runner/work/ozone/ozone/hadoop-ozone/integration-test/target/test-dir/MiniOzoneClusterImpl-3c72e0ff-8f58-4301-abb3-579d07aff8c3/datanode-0/data-0/containers/hdds/3c72e0ff-8f58-4301-abb3-579d07aff8c3/DS-770b6874-28f0-4ea1-b871-d394bdafb390/container.db from cache
2023-12-05 10:06:23,529 [ForkJoinPool.commonPool-worker-3] INFO  volume.HddsVolume (HddsVolume.java:closeDbStore(453)) - SchemaV3 db is stopped at /home/runner/work/ozone/ozone/hadoop-ozone/integration-test/target/test-dir/MiniOzoneClusterImpl-3c72e0ff-8f58-4301-abb3-579d07aff8c3/datanode-0/data-0/containers/hdds/3c72e0ff-8f58-4301-abb3-579d07aff8c3/DS-770b6874-28f0-4ea1-b871-d394bdafb390/container.db for volume DS-770b6874-28f0-4ea1-b871-d394bdafb390
2023-12-05 10:06:23,530 [ForkJoinPool.commonPool-worker-3] INFO  utils.BackgroundService (BackgroundService.java:shutdown(160)) - Shutting down service BlockDeletingService
2023-12-05 10:06:23,530 [ForkJoinPool.commonPool-worker-3] INFO  utils.BackgroundService (BackgroundService.java:shutdown(160)) - Shutting down service StaleRecoveringContainerScrubbingService
2023-12-05 10:06:23,531 [ForkJoinPool.commonPool-worker-3] INFO  statemachine.DatanodeStateMachine (DatanodeStateMachine.java:stopDaemon(638)) - Ozone container server stopped.
2023-12-05 10:06:23,532 [ForkJoinPool.commonPool-worker-3] INFO  handler.ContextHandler (ContextHandler.java:doStop(1159)) - Stopped o.e.j.w.WebAppContext@6ca73ab2{hddsDatanode,/,null,STOPPED}{jar:file:/home/runner/.m2/repository/org/apache/ozone/hdds-container-service/1.4.0-SNAPSHOT/hdds-container-service-1.4.0-SNAPSHOT.jar!/webapps/hddsDatanode}
2023-12-05 10:06:23,532 [ForkJoinPool.commonPool-worker-3] INFO  server.AbstractConnector (AbstractConnector.java:doStop(383)) - Stopped ServerConnector@55f8d659{HTTP/1.1, (http/1.1)}{0.0.0.0:15219}
2023-12-05 10:06:23,532 [ForkJoinPool.commonPool-worker-3] INFO  server.session (HouseKeeper.java:stopScavenging(149)) - node0 Stopped scavenging
2023-12-05 10:06:23,533 [ForkJoinPool.commonPool-worker-3] INFO  handler.ContextHandler (ContextHandler.java:doStop(1159)) - Stopped o.e.j.s.ServletContextHandler@64fe3584{static,/static,jar:file:/home/runner/.m2/repository/org/apache/ozone/hdds-container-service/1.4.0-SNAPSHOT/hdds-container-service-1.4.0-SNAPSHOT.jar!/webapps/static,STOPPED}
2023-12-05 10:06:23,533 [ForkJoinPool.commonPool-worker-3] INFO  handler.ContextHandler (ContextHandler.java:doStop(1159)) - Stopped o.e.j.s.ServletContextHandler@7653e109{logs,/logs,file:///home/runner/work/ozone/ozone/hadoop-ozone/integration-test/target/log,STOPPED}
2023-12-05 10:06:23,534 [ForkJoinPool.commonPool-worker-3] INFO  ozone.HddsDatanodeClientProtocolServer (HddsDatanodeClientProtocolServer.java:stop(78)) - Stopping the RPC server for Client Protocol
2023-12-05 10:06:23,534 [ForkJoinPool.commonPool-worker-3] INFO  ipc.Server (Server.java:stop(3523)) - Stopping server on 15220
2023-12-05 10:06:23,535 [IPC Server listener on 15220] INFO  ipc.Server (Server.java:run(1434)) - Stopping IPC Server listener on 15220
2023-12-05 10:06:23,535 [IPC Server Responder] INFO  ipc.Server (Server.java:run(1567)) - Stopping IPC Server Responder
2023-12-05 10:06:23,577 [main] INFO  utils.DatanodeStoreCache (DatanodeStoreCache.java:shutdownCache(110)) - Skip clearing cache in mini cluster mode. Entries left: [/home/runner/work/ozone/ozone/hadoop-ozone/integration-test/target/test-dir/MiniOzoneClusterImpl-3c72e0ff-8f58-4301-abb3-579d07aff8c3/datanode-1/data-0/containers/hdds/3c72e0ff-8f58-4301-abb3-579d07aff8c3/DS-51a5bff1-b53d-424d-888f-406798096079/container.db, /home/runner/work/ozone/ozone/hadoop-ozone/integration-test/target/test-dir/MiniOzoneClusterImpl-3c72e0ff-8f58-4301-abb3-579d07aff8c3/datanode-2/data-0/containers/hdds/3c72e0ff-8f58-4301-abb3-579d07aff8c3/DS-f33022ec-6a17-4da6-8260-af25e5dc2161/container.db]
2023-12-05 10:06:23,578 [main] INFO  utils.DatanodeStoreCache (DatanodeStoreCache.java:removeDB(104)) - Removed db /home/runner/work/ozone/ozone/hadoop-ozone/integration-test/target/test-dir/MiniOzoneClusterImpl-3c72e0ff-8f58-4301-abb3-579d07aff8c3/datanode-1/data-0/containers/hdds/3c72e0ff-8f58-4301-abb3-579d07aff8c3/DS-51a5bff1-b53d-424d-888f-406798096079/container.db from cache
2023-12-05 10:06:23,579 [main] INFO  volume.HddsVolume (HddsVolume.java:closeDbStore(453)) - SchemaV3 db is stopped at /home/runner/work/ozone/ozone/hadoop-ozone/integration-test/target/test-dir/MiniOzoneClusterImpl-3c72e0ff-8f58-4301-abb3-579d07aff8c3/datanode-1/data-0/containers/hdds/3c72e0ff-8f58-4301-abb3-579d07aff8c3/DS-51a5bff1-b53d-424d-888f-406798096079/container.db for volume DS-51a5bff1-b53d-424d-888f-406798096079
2023-12-05 10:06:23,579 [main] INFO  utils.BackgroundService (BackgroundService.java:shutdown(160)) - Shutting down service BlockDeletingService
2023-12-05 10:06:23,579 [main] INFO  utils.BackgroundService (BackgroundService.java:shutdown(160)) - Shutting down service StaleRecoveringContainerScrubbingService
2023-12-05 10:06:23,580 [main] INFO  statemachine.DatanodeStateMachine (DatanodeStateMachine.java:stopDaemon(638)) - Ozone container server stopped.
2023-12-05 10:06:23,581 [main] INFO  handler.ContextHandler (ContextHandler.java:doStop(1159)) - Stopped o.e.j.w.WebAppContext@504b5208{hddsDatanode,/,null,STOPPED}{jar:file:/home/runner/.m2/repository/org/apache/ozone/hdds-container-service/1.4.0-SNAPSHOT/hdds-container-service-1.4.0-SNAPSHOT.jar!/webapps/hddsDatanode}
2023-12-05 10:06:23,581 [main] INFO  server.AbstractConnector (AbstractConnector.java:doStop(383)) - Stopped ServerConnector@6c89e0ee{HTTP/1.1, (http/1.1)}{0.0.0.0:15228}
2023-12-05 10:06:23,581 [main] INFO  server.session (HouseKeeper.java:stopScavenging(149)) - node0 Stopped scavenging
2023-12-05 10:06:23,581 [main] INFO  handler.ContextHandler (ContextHandler.java:doStop(1159)) - Stopped o.e.j.s.ServletContextHandler@d66374c{static,/static,jar:file:/home/runner/.m2/repository/org/apache/ozone/hdds-container-service/1.4.0-SNAPSHOT/hdds-container-service-1.4.0-SNAPSHOT.jar!/webapps/static,STOPPED}
2023-12-05 10:06:23,582 [main] INFO  handler.ContextHandler (ContextHandler.java:doStop(1159)) - Stopped o.e.j.s.ServletContextHandler@344666ff{logs,/logs,file:///home/runner/work/ozone/ozone/hadoop-ozone/integration-test/target/log,STOPPED}
2023-12-05 10:06:23,582 [main] INFO  ozone.HddsDatanodeClientProtocolServer (HddsDatanodeClientProtocolServer.java:stop(78)) - Stopping the RPC server for Client Protocol
2023-12-05 10:06:23,582 [main] INFO  ipc.Server (Server.java:stop(3523)) - Stopping server on 15229
2023-12-05 10:06:23,583 [IPC Server listener on 15229] INFO  ipc.Server (Server.java:run(1434)) - Stopping IPC Server listener on 15229
2023-12-05 10:06:23,583 [IPC Server Responder] INFO  ipc.Server (Server.java:run(1567)) - Stopping IPC Server Responder
2023-12-05 10:06:23,631 [ForkJoinPool.commonPool-worker-1] INFO  utils.DatanodeStoreCache (DatanodeStoreCache.java:shutdownCache(110)) - Skip clearing cache in mini cluster mode. Entries left: [/home/runner/work/ozone/ozone/hadoop-ozone/integration-test/target/test-dir/MiniOzoneClusterImpl-3c72e0ff-8f58-4301-abb3-579d07aff8c3/datanode-2/data-0/containers/hdds/3c72e0ff-8f58-4301-abb3-579d07aff8c3/DS-f33022ec-6a17-4da6-8260-af25e5dc2161/container.db]
2023-12-05 10:06:23,633 [ForkJoinPool.commonPool-worker-1] INFO  utils.DatanodeStoreCache (DatanodeStoreCache.java:removeDB(104)) - Removed db /home/runner/work/ozone/ozone/hadoop-ozone/integration-test/target/test-dir/MiniOzoneClusterImpl-3c72e0ff-8f58-4301-abb3-579d07aff8c3/datanode-2/data-0/containers/hdds/3c72e0ff-8f58-4301-abb3-579d07aff8c3/DS-f33022ec-6a17-4da6-8260-af25e5dc2161/container.db from cache
2023-12-05 10:06:23,633 [ForkJoinPool.commonPool-worker-1] INFO  volume.HddsVolume (HddsVolume.java:closeDbStore(453)) - SchemaV3 db is stopped at /home/runner/work/ozone/ozone/hadoop-ozone/integration-test/target/test-dir/MiniOzoneClusterImpl-3c72e0ff-8f58-4301-abb3-579d07aff8c3/datanode-2/data-0/containers/hdds/3c72e0ff-8f58-4301-abb3-579d07aff8c3/DS-f33022ec-6a17-4da6-8260-af25e5dc2161/container.db for volume DS-f33022ec-6a17-4da6-8260-af25e5dc2161
2023-12-05 10:06:23,633 [ForkJoinPool.commonPool-worker-1] INFO  utils.BackgroundService (BackgroundService.java:shutdown(160)) - Shutting down service BlockDeletingService
2023-12-05 10:06:23,633 [ForkJoinPool.commonPool-worker-1] INFO  utils.BackgroundService (BackgroundService.java:shutdown(160)) - Shutting down service StaleRecoveringContainerScrubbingService
2023-12-05 10:06:23,634 [ForkJoinPool.commonPool-worker-1] INFO  statemachine.DatanodeStateMachine (DatanodeStateMachine.java:stopDaemon(638)) - Ozone container server stopped.
2023-12-05 10:06:23,637 [ForkJoinPool.commonPool-worker-1] INFO  handler.ContextHandler (ContextHandler.java:doStop(1159)) - Stopped o.e.j.w.WebAppContext@2eff8bc4{hddsDatanode,/,null,STOPPED}{jar:file:/home/runner/.m2/repository/org/apache/ozone/hdds-container-service/1.4.0-SNAPSHOT/hdds-container-service-1.4.0-SNAPSHOT.jar!/webapps/hddsDatanode}
2023-12-05 10:06:23,637 [ForkJoinPool.commonPool-worker-1] INFO  server.AbstractConnector (AbstractConnector.java:doStop(383)) - Stopped ServerConnector@147cbf8a{HTTP/1.1, (http/1.1)}{0.0.0.0:15237}
2023-12-05 10:06:23,637 [ForkJoinPool.commonPool-worker-1] INFO  server.session (HouseKeeper.java:stopScavenging(149)) - node0 Stopped scavenging
2023-12-05 10:06:23,638 [ForkJoinPool.commonPool-worker-1] INFO  handler.ContextHandler (ContextHandler.java:doStop(1159)) - Stopped o.e.j.s.ServletContextHandler@26c19dca{static,/static,jar:file:/home/runner/.m2/repository/org/apache/ozone/hdds-container-service/1.4.0-SNAPSHOT/hdds-container-service-1.4.0-SNAPSHOT.jar!/webapps/static,STOPPED}
2023-12-05 10:06:23,638 [ForkJoinPool.commonPool-worker-1] INFO  handler.ContextHandler (ContextHandler.java:doStop(1159)) - Stopped o.e.j.s.ServletContextHandler@782d2e29{logs,/logs,file:///home/runner/work/ozone/ozone/hadoop-ozone/integration-test/target/log,STOPPED}
2023-12-05 10:06:23,639 [ForkJoinPool.commonPool-worker-1] INFO  ozone.HddsDatanodeClientProtocolServer (HddsDatanodeClientProtocolServer.java:stop(78)) - Stopping the RPC server for Client Protocol
2023-12-05 10:06:23,639 [ForkJoinPool.commonPool-worker-1] INFO  ipc.Server (Server.java:stop(3523)) - Stopping server on 15238
2023-12-05 10:06:23,639 [IPC Server listener on 15238] INFO  ipc.Server (Server.java:run(1434)) - Stopping IPC Server listener on 15238
2023-12-05 10:06:23,639 [IPC Server Responder] INFO  ipc.Server (Server.java:run(1567)) - Stopping IPC Server Responder
2023-12-05 10:06:23,640 [main] INFO  ozone.MiniOzoneClusterImpl (MiniOzoneClusterImpl.java:stopSCM(551)) - Stopping the StorageContainerManager
2023-12-05 10:06:23,640 [main] INFO  server.StorageContainerManager (StorageContainerManager.java:stop(1620)) - Container Balancer is not running.
2023-12-05 10:06:23,640 [main] INFO  server.StorageContainerManager (StorageContainerManager.java:stopReplicationManager(1753)) - Stopping Replication Manager Service.
2023-12-05 10:06:23,640 [main] INFO  replication.ReplicationManager (ReplicationManager.java:stop(324)) - Stopping Replication Monitor Thread.
2023-12-05 10:06:23,640 [main] INFO  server.StorageContainerManager (StorageContainerManager.java:stop(1629)) - Stopping the Datanode Admin Monitor.
2023-12-05 10:06:23,640 [ReplicationMonitor] INFO  replication.ReplicationManager (ReplicationManager.java:run(931)) - Replication Monitor Thread is stopped
2023-12-05 10:06:23,640 [OverReplicatedProcessor] WARN  replication.UnhealthyReplicationProcessor (UnhealthyReplicationProcessor.java:run(180)) - OverReplicatedProcessor interrupted. Exiting...
2023-12-05 10:06:23,641 [main] INFO  server.StorageContainerManager (StorageContainerManager.java:stop(1636)) - Stopping datanode service RPC server
2023-12-05 10:06:23,641 [main] INFO  server.SCMDatanodeProtocolServer (SCMDatanodeProtocolServer.java:stop(424)) - Stopping the RPC server for DataNodes
2023-12-05 10:06:23,641 [main] INFO  ipc.Server (Server.java:stop(3523)) - Stopping server on 15212
2023-12-05 10:06:23,640 [UnderReplicatedProcessor] WARN  replication.UnhealthyReplicationProcessor (UnhealthyReplicationProcessor.java:run(180)) - UnderReplicatedProcessor interrupted. Exiting...
2023-12-05 10:06:23,642 [IPC Server listener on 15212] INFO  ipc.Server (Server.java:run(1434)) - Stopping IPC Server listener on 15212
2023-12-05 10:06:23,643 [IPC Server Responder] INFO  ipc.Server (Server.java:run(1567)) - Stopping IPC Server Responder
2023-12-05 10:06:23,689 [SCMHeartbeatProcessor-0] WARN  node.NodeStateManager (NodeStateManager.java:scheduleNextHealthCheck(878)) - Current Thread is interrupted, shutting down HB processing thread for Node Manager.
2023-12-05 10:06:23,689 [main] INFO  server.StorageContainerManager (StorageContainerManager.java:stop(1644)) - Stopping block service RPC server
2023-12-05 10:06:23,689 [main] INFO  server.SCMBlockProtocolServer (SCMBlockProtocolServer.java:stop(167)) - Stopping the RPC server for Block Protocol
2023-12-05 10:06:23,689 [main] INFO  ipc.Server (Server.java:stop(3523)) - Stopping server on 15211
2023-12-05 10:06:23,690 [IPC Server Responder] INFO  ipc.Server (Server.java:run(1567)) - Stopping IPC Server Responder
2023-12-05 10:06:23,690 [IPC Server listener on 15211] INFO  ipc.Server (Server.java:run(1434)) - Stopping IPC Server listener on 15211
2023-12-05 10:06:23,691 [main] INFO  server.StorageContainerManager (StorageContainerManager.java:stop(1651)) - Stopping the StorageContainerLocationProtocol RPC server
2023-12-05 10:06:23,691 [main] INFO  server.SCMClientProtocolServer (SCMClientProtocolServer.java:stop(210)) - Stopping the RPC server for Client Protocol
2023-12-05 10:06:23,691 [main] INFO  ipc.Server (Server.java:stop(3523)) - Stopping server on 15210
2023-12-05 10:06:23,692 [IPC Server listener on 15210] INFO  ipc.Server (Server.java:run(1434)) - Stopping IPC Server listener on 15210
2023-12-05 10:06:23,692 [IPC Server Responder] INFO  ipc.Server (Server.java:run(1567)) - Stopping IPC Server Responder
2023-12-05 10:06:23,692 [main] INFO  server.StorageContainerManager (StorageContainerManager.java:stop(1658)) - Stopping Storage Container Manager HTTP server.
2023-12-05 10:06:23,693 [main] INFO  handler.ContextHandler (ContextHandler.java:doStop(1159)) - Stopped o.e.j.w.WebAppContext@2fa4d438{scm,/,null,STOPPED}{file:/home/runner/work/ozone/ozone/hadoop-ozone/integration-test/target/test-classes/webapps/scm}
2023-12-05 10:06:23,693 [main] INFO  server.AbstractConnector (AbstractConnector.java:doStop(383)) - Stopped ServerConnector@5649af04{HTTP/1.1, (http/1.1)}{0.0.0.0:15213}
2023-12-05 10:06:23,694 [main] INFO  server.session (HouseKeeper.java:stopScavenging(149)) - node0 Stopped scavenging
2023-12-05 10:06:23,694 [main] INFO  handler.ContextHandler (ContextHandler.java:doStop(1159)) - Stopped o.e.j.s.ServletContextHandler@b8b3874{static,/static,file:///home/runner/work/ozone/ozone/hadoop-ozone/integration-test/target/test-classes/webapps/static,STOPPED}
2023-12-05 10:06:23,694 [main] INFO  handler.ContextHandler (ContextHandler.java:doStop(1159)) - Stopped o.e.j.s.ServletContextHandler@6a8695f8{logs,/logs,file:///home/runner/work/ozone/ozone/hadoop-ozone/integration-test/target/log,STOPPED}
2023-12-05 10:06:23,694 [main] INFO  server.StorageContainerManager (StorageContainerManager.java:stop(1666)) - Stopping SCM LayoutVersionManager Service.
2023-12-05 10:06:23,694 [main] INFO  server.StorageContainerManager (StorageContainerManager.java:stop(1678)) - Stopping Block Manager Service.
2023-12-05 10:06:23,694 [main] INFO  utils.BackgroundService (BackgroundService.java:shutdown(160)) - Shutting down service SCMBlockDeletingService
2023-12-05 10:06:23,695 [main] INFO  utils.BackgroundService (BackgroundService.java:shutdown(160)) - Shutting down service SCMBlockDeletingService
2023-12-05 10:06:23,695 [main] INFO  server.StorageContainerManager (StorageContainerManager.java:stop(1698)) - Stopping SCM Event Queue.
2023-12-05 10:06:23,695 [JvmPauseMonitor31] INFO  util.JvmPauseMonitor (JvmPauseMonitor.java:run(152)) - JvmPauseMonitor-e89c875a-9649-43bd-908b-4faef706ec90: Stopped
2023-12-05 10:06:23,695 [main] INFO  server.StorageContainerManager (StorageContainerManager.java:stop(1709)) - Stopping SCM HA services.
2023-12-05 10:06:23,696 [main] INFO  pipeline.BackgroundPipelineCreator (BackgroundPipelineCreator.java:stop(152)) - Stopping RatisPipelineUtilsThread.
2023-12-05 10:06:23,696 [RatisPipelineUtilsThread-0] WARN  pipeline.BackgroundPipelineCreator (BackgroundPipelineCreator.java:run(183)) - RatisPipelineUtilsThread is interrupted.
2023-12-05 10:06:23,696 [BackgroundPipelineScrubber] WARN  BackgroundPipelineScrubber (BackgroundSCMService.java:run(115)) - BackgroundPipelineScrubber is interrupted, exit
2023-12-05 10:06:23,696 [main] INFO  BackgroundPipelineScrubber (BackgroundSCMService.java:stop(131)) - Stopping BackgroundPipelineScrubber Service.
2023-12-05 10:06:23,697 [main] INFO  impl.MetricsSystemImpl (MetricsSystemImpl.java:stop(210)) - Stopping HddsDatanode metrics system...
2023-12-05 10:06:23,697 [prometheus] INFO  impl.MetricsSinkAdapter (MetricsSinkAdapter.java:publishMetricsFromQueue(141)) - prometheus thread interrupted.
2023-12-05 10:06:23,698 [main] INFO  impl.MetricsSystemImpl (MetricsSystemImpl.java:stop(216)) - HddsDatanode metrics system stopped.
2023-12-05 10:06:23,698 [main] WARN  pipeline.BackgroundPipelineCreator (BackgroundPipelineCreator.java:stop(148)) - RatisPipelineUtilsThread is not running, just ignore.
2023-12-05 10:06:23,698 [main] INFO  BackgroundPipelineScrubber (BackgroundSCMService.java:stop(126)) - BackgroundPipelineScrubber Service is not running, skip stop.
2023-12-05 10:06:23,698 [ExpiredContainerReplicaOpScrubber] WARN  ExpiredContainerReplicaOpScrubber (BackgroundSCMService.java:run(115)) - ExpiredContainerReplicaOpScrubber is interrupted, exit
2023-12-05 10:06:23,698 [main] INFO  ExpiredContainerReplicaOpScrubber (BackgroundSCMService.java:stop(131)) - Stopping ExpiredContainerReplicaOpScrubber Service.
2023-12-05 10:06:23,698 [main] INFO  utils.BackgroundService (BackgroundService.java:shutdown(160)) - Shutting down service SCMBlockDeletingService
2023-12-05 10:06:23,698 [main] INFO  replication.ReplicationManager (ReplicationManager.java:stop(334)) - Replication Monitor Thread is not running.
2023-12-05 10:06:23,698 [main] WARN  balancer.ContainerBalancer (ContainerBalancer.java:stop(327)) - Cannot stop Container Balancer because it's not running or stopping
2023-12-05 10:06:23,699 [LeaseManager#LeaseMonitor] WARN  lease.LeaseManager (LeaseManager.java:run(287)) - Lease manager is interrupted. Shutting down...
java.lang.InterruptedException
	at java.util.concurrent.locks.AbstractQueuedSynchronizer.doAcquireSharedNanos(AbstractQueuedSynchronizer.java:1039)
	at java.util.concurrent.locks.AbstractQueuedSynchronizer.tryAcquireSharedNanos(AbstractQueuedSynchronizer.java:1328)
	at java.util.concurrent.Semaphore.tryAcquire(Semaphore.java:409)
	at org.apache.hadoop.ozone.lease.LeaseManager$LeaseMonitor.run(LeaseManager.java:285)
	at java.lang.Thread.run(Thread.java:750)
2023-12-05 10:06:23,699 [main] INFO  server.StorageContainerManager (StorageContainerManager.java:stop(1744)) - Stopping SCM MetadataStore.
2023-12-05 10:06:23,711 [main] INFO  db.CodecTestUtil (CodecTestUtil.java:gc(47)) - gc 0
]]></system-out>
  </testcase>
</testsuite>