<?xml version="1.0" encoding="UTF-8"?>
<testsuite xmlns:xsi="http://www.w3.org/2001/XMLSchema-instance" xsi:noNamespaceSchemaLocation="https://maven.apache.org/surefire/maven-surefire-plugin/xsd/surefire-test-report.xsd" name="org.apache.hadoop.ozone.scm.node.TestDecommissionAndMaintenance" time="470.506" tests="11" errors="0" skipped="0" failures="1">
  <properties>
    <property name="awt.toolkit" value="sun.awt.X11.XToolkit"/>
    <property name="file.encoding.pkg" value="sun.io"/>
    <property name="java.specification.version" value="1.8"/>
    <property name="sun.cpu.isalist" value=""/>
    <property name="sun.jnu.encoding" value="ANSI_X3.4-1968"/>
    <property name="java.class.path" value="/github/workspace/mnt/ozone/hadoop-ozone/integration-test/target/test-classes:/github/workspace/mnt/ozone/hadoop-ozone/integration-test/target/classes:/home/user/.m2/repository/org/apache/hadoop/hadoop-ozone-common/1.1.0-SNAPSHOT/hadoop-ozone-common-1.1.0-SNAPSHOT.jar:/home/user/.m2/repository/org/apache/commons/commons-compress/1.4.1/commons-compress-1.4.1.jar:/home/user/.m2/repository/org/tukaani/xz/1.0/xz-1.0.jar:/home/user/.m2/repository/org/apache/hadoop/hadoop-hdds-common/1.1.0-SNAPSHOT/hadoop-hdds-common-1.1.0-SNAPSHOT.jar:/home/user/.m2/repository/org/apache/hadoop/hadoop-hdds-client/1.1.0-SNAPSHOT/hadoop-hdds-client-1.1.0-SNAPSHOT.jar:/home/user/.m2/repository/org/apache/hadoop/hadoop-ozone-interface-client/1.1.0-SNAPSHOT/hadoop-ozone-interface-client-1.1.0-SNAPSHOT.jar:/home/user/.m2/repository/org/apache/hadoop/hadoop-hdds-test-utils/1.1.0-SNAPSHOT/hadoop-hdds-test-utils-1.1.0-SNAPSHOT.jar:/home/user/.m2/repository/com/google/guava/guava/28.2-jre/guava-28.2-jre.jar:/home/user/.m2/repository/com/google/guava/failureaccess/1.0.1/failureaccess-1.0.1.jar:/home/user/.m2/repository/com/google/guava/listenablefuture/9999.0-empty-to-avoid-conflict-with-guava/listenablefuture-9999.0-empty-to-avoid-conflict-with-guava.jar:/home/user/.m2/repository/com/google/code/findbugs/jsr305/3.0.0/jsr305-3.0.0.jar:/home/user/.m2/repository/org/checkerframework/checker-qual/2.10.0/checker-qual-2.10.0.jar:/home/user/.m2/repository/com/google/errorprone/error_prone_annotations/2.2.0/error_prone_annotations-2.2.0.jar:/home/user/.m2/repository/com/google/j2objc/j2objc-annotations/1.3/j2objc-annotations-1.3.jar:/home/user/.m2/repository/commons-io/commons-io/2.5/commons-io-2.5.jar:/home/user/.m2/repository/commons-logging/commons-logging/1.2/commons-logging-1.2.jar:/home/user/.m2/repository/log4j/log4j/1.2.17/log4j-1.2.17.jar:/home/user/.m2/repository/org/slf4j/slf4j-api/1.7.30/slf4j-api-1.7.30.jar:/home/user/.m2/repository/org/apache/hadoop/hadoop-hdds-server-scm/1.1.0-SNAPSHOT/hadoop-hdds-server-scm-1.1.0-SNAPSHOT.jar:/home/user/.m2/repository/org/apache/hadoop/hadoop-hdds-container-service/1.1.0-SNAPSHOT/hadoop-hdds-container-service-1.1.0-SNAPSHOT.jar:/home/user/.m2/repository/org/apache/hadoop/hadoop-hdds-hadoop-dependency-server/1.1.0-SNAPSHOT/hadoop-hdds-hadoop-dependency-server-1.1.0-SNAPSHOT.jar:/home/user/.m2/repository/org/apache/hadoop/hadoop-hdfs/3.2.1/hadoop-hdfs-3.2.1.jar:/home/user/.m2/repository/org/apache/hadoop/hadoop-hdds-server-framework/1.1.0-SNAPSHOT/hadoop-hdds-server-framework-1.1.0-SNAPSHOT.jar:/home/user/.m2/repository/org/apache/hadoop/hadoop-hdds-interface-server/1.1.0-SNAPSHOT/hadoop-hdds-interface-server-1.1.0-SNAPSHOT.jar:/home/user/.m2/repository/org/apache/hadoop/hadoop-hdds-interface-admin/1.1.0-SNAPSHOT/hadoop-hdds-interface-admin-1.1.0-SNAPSHOT.jar:/home/user/.m2/repository/org/eclipse/jetty/jetty-servlet/9.4.34.v20201102/jetty-servlet-9.4.34.v20201102.jar:/home/user/.m2/repository/org/eclipse/jetty/jetty-security/9.4.34.v20201102/jetty-security-9.4.34.v20201102.jar:/home/user/.m2/repository/org/rocksdb/rocksdbjni/6.8.1/rocksdbjni-6.8.1.jar:/home/user/.m2/repository/io/prometheus/simpleclient_dropwizard/0.7.0/simpleclient_dropwizard-0.7.0.jar:/home/user/.m2/repository/io/prometheus/simpleclient/0.7.0/simpleclient-0.7.0.jar:/home/user/.m2/repository/io/prometheus/simpleclient_common/0.7.0/simpleclient_common-0.7.0.jar:/home/user/.m2/repository/com/fasterxml/jackson/datatype/jackson-datatype-jsr310/2.10.3/jackson-datatype-jsr310-2.10.3.jar:/home/user/.m2/repository/io/dropwizard/metrics/metrics-core/3.2.4/metrics-core-3.2.4.jar:/home/user/.m2/repository/org/apache/hadoop/hadoop-hdfs-client/3.2.1/hadoop-hdfs-client-3.2.1.jar:/home/user/.m2/repository/org/bouncycastle/bcprov-jdk15on/1.67/bcprov-jdk15on-1.67.jar:/home/user/.m2/repository/org/apache/hadoop/hadoop-ozone-ozone-manager/1.1.0-SNAPSHOT/hadoop-ozone-ozone-manager-1.1.0-SNAPSHOT.jar:/home/user/.m2/repository/org/apache/hadoop/hadoop-hdds-interface-client/1.1.0-SNAPSHOT/hadoop-hdds-interface-client-1.1.0-SNAPSHOT.jar:/home/user/.m2/repository/org/apache/ratis/ratis-thirdparty-misc/0.6.0-SNAPSHOT/ratis-thirdparty-misc-0.6.0-SNAPSHOT.jar:/home/user/.m2/repository/org/apache/hadoop/hadoop-ozone-interface-storage/1.1.0-SNAPSHOT/hadoop-ozone-interface-storage-1.1.0-SNAPSHOT.jar:/home/user/.m2/repository/org/apache/hadoop/hadoop-minikdc/3.2.1/hadoop-minikdc-3.2.1.jar:/home/user/.m2/repository/org/apache/kerby/kerb-simplekdc/1.0.1/kerb-simplekdc-1.0.1.jar:/home/user/.m2/repository/org/apache/kerby/kerb-client/1.0.1/kerb-client-1.0.1.jar:/home/user/.m2/repository/org/apache/kerby/kerby-config/1.0.1/kerby-config-1.0.1.jar:/home/user/.m2/repository/org/apache/kerby/kerb-core/1.0.1/kerb-core-1.0.1.jar:/home/user/.m2/repository/org/apache/kerby/kerby-pkix/1.0.1/kerby-pkix-1.0.1.jar:/home/user/.m2/repository/org/apache/kerby/kerby-asn1/1.0.1/kerby-asn1-1.0.1.jar:/home/user/.m2/repository/org/apache/kerby/kerby-util/1.0.1/kerby-util-1.0.1.jar:/home/user/.m2/repository/org/apache/kerby/kerb-common/1.0.1/kerb-common-1.0.1.jar:/home/user/.m2/repository/org/apache/kerby/kerb-crypto/1.0.1/kerb-crypto-1.0.1.jar:/home/user/.m2/repository/org/apache/kerby/kerb-util/1.0.1/kerb-util-1.0.1.jar:/home/user/.m2/repository/org/apache/kerby/token-provider/1.0.1/token-provider-1.0.1.jar:/home/user/.m2/repository/org/apache/kerby/kerb-admin/1.0.1/kerb-admin-1.0.1.jar:/home/user/.m2/repository/org/apache/kerby/kerb-server/1.0.1/kerb-server-1.0.1.jar:/home/user/.m2/repository/org/apache/kerby/kerb-identity/1.0.1/kerb-identity-1.0.1.jar:/home/user/.m2/repository/org/apache/kerby/kerby-xdr/1.0.1/kerby-xdr-1.0.1.jar:/home/user/.m2/repository/org/slf4j/slf4j-log4j12/1.7.30/slf4j-log4j12-1.7.30.jar:/home/user/.m2/repository/org/apache/hadoop/hadoop-ozone-s3gateway/1.1.0-SNAPSHOT/hadoop-ozone-s3gateway-1.1.0-SNAPSHOT.jar:/home/user/.m2/repository/org/jboss/weld/servlet/weld-servlet/2.4.7.Final/weld-servlet-2.4.7.Final.jar:/home/user/.m2/repository/org/glassfish/jersey/containers/jersey-container-servlet-core/2.27/jersey-container-servlet-core-2.27.jar:/home/user/.m2/repository/org/glassfish/hk2/external/javax.inject/2.5.0-b42/javax.inject-2.5.0-b42.jar:/home/user/.m2/repository/org/glassfish/jersey/core/jersey-common/2.27/jersey-common-2.27.jar:/home/user/.m2/repository/org/glassfish/hk2/osgi-resource-locator/1.0.1/osgi-resource-locator-1.0.1.jar:/home/user/.m2/repository/javax/ws/rs/javax.ws.rs-api/2.1/javax.ws.rs-api-2.1.jar:/home/user/.m2/repository/org/glassfish/jersey/ext/cdi/jersey-cdi1x/2.27/jersey-cdi1x-2.27.jar:/home/user/.m2/repository/org/glassfish/jersey/inject/jersey-hk2/2.27/jersey-hk2-2.27.jar:/home/user/.m2/repository/org/glassfish/hk2/hk2-locator/2.5.0-b42/hk2-locator-2.5.0-b42.jar:/home/user/.m2/repository/org/javassist/javassist/3.22.0-CR2/javassist-3.22.0-CR2.jar:/home/user/.m2/repository/org/glassfish/hk2/hk2-api/2.5.0/hk2-api-2.5.0.jar:/home/user/.m2/repository/org/glassfish/hk2/external/jakarta.inject/2.5.0/jakarta.inject-2.5.0.jar:/home/user/.m2/repository/org/glassfish/hk2/hk2-utils/2.5.0/hk2-utils-2.5.0.jar:/home/user/.m2/repository/jakarta/annotation/jakarta.annotation-api/1.3.4/jakarta.annotation-api-1.3.4.jar:/home/user/.m2/repository/org/glassfish/hk2/external/aopalliance-repackaged/2.5.0/aopalliance-repackaged-2.5.0.jar:/home/user/.m2/repository/com/fasterxml/jackson/dataformat/jackson-dataformat-xml/2.10.3/jackson-dataformat-xml-2.10.3.jar:/home/user/.m2/repository/com/fasterxml/jackson/core/jackson-core/2.10.3/jackson-core-2.10.3.jar:/home/user/.m2/repository/com/fasterxml/jackson/module/jackson-module-jaxb-annotations/2.10.3/jackson-module-jaxb-annotations-2.10.3.jar:/home/user/.m2/repository/jakarta/xml/bind/jakarta.xml.bind-api/2.3.2/jakarta.xml.bind-api-2.3.2.jar:/home/user/.m2/repository/jakarta/activation/jakarta.activation-api/1.2.1/jakarta.activation-api-1.2.1.jar:/home/user/.m2/repository/org/codehaus/woodstox/stax2-api/3.1.4/stax2-api-3.1.4.jar:/home/user/.m2/repository/com/fasterxml/woodstox/woodstox-core/5.0.3/woodstox-core-5.0.3.jar:/home/user/.m2/repository/javax/enterprise/cdi-api/1.2/cdi-api-1.2.jar:/home/user/.m2/repository/javax/el/javax.el-api/3.0.0/javax.el-api-3.0.0.jar:/home/user/.m2/repository/javax/interceptor/javax.interceptor-api/1.2/javax.interceptor-api-1.2.jar:/home/user/.m2/repository/javax/inject/javax.inject/1/javax.inject-1.jar:/home/user/.m2/repository/com/sun/xml/bind/jaxb-impl/2.3.0.1/jaxb-impl-2.3.0.1.jar:/home/user/.m2/repository/com/sun/xml/bind/jaxb-core/2.3.0.1/jaxb-core-2.3.0.1.jar:/home/user/.m2/repository/javax/xml/bind/jaxb-api/2.3.0/jaxb-api-2.3.0.jar:/home/user/.m2/repository/javax/activation/activation/1.1.1/activation-1.1.1.jar:/home/user/.m2/repository/org/apache/hadoop/hadoop-ozone-csi/1.1.0-SNAPSHOT/hadoop-ozone-csi-1.1.0-SNAPSHOT.jar:/home/user/.m2/repository/com/google/protobuf/protobuf-java-util/3.11.0/protobuf-java-util-3.11.0.jar:/home/user/.m2/repository/com/google/code/gson/gson/2.2.4/gson-2.2.4.jar:/home/user/.m2/repository/org/apache/hadoop/hadoop-hdds-config/1.1.0-SNAPSHOT/hadoop-hdds-config-1.1.0-SNAPSHOT.jar:/home/user/.m2/repository/com/google/protobuf/protobuf-java/2.5.0/protobuf-java-2.5.0.jar:/home/user/.m2/repository/io/grpc/grpc-netty/1.29.0/grpc-netty-1.29.0.jar:/home/user/.m2/repository/io/grpc/grpc-core/1.29.0/grpc-core-1.29.0.jar:/home/user/.m2/repository/com/google/android/annotations/4.1.1.4/annotations-4.1.1.4.jar:/home/user/.m2/repository/io/perfmark/perfmark-api/0.19.0/perfmark-api-0.19.0.jar:/home/user/.m2/repository/io/netty/netty-codec-http2/4.1.48.Final/netty-codec-http2-4.1.48.Final.jar:/home/user/.m2/repository/io/netty/netty-codec/4.1.48.Final/netty-codec-4.1.48.Final.jar:/home/user/.m2/repository/io/netty/netty-handler/4.1.48.Final/netty-handler-4.1.48.Final.jar:/home/user/.m2/repository/io/netty/netty-codec-http/4.1.48.Final/netty-codec-http-4.1.48.Final.jar:/home/user/.m2/repository/io/netty/netty-handler-proxy/4.1.48.Final/netty-handler-proxy-4.1.48.Final.jar:/home/user/.m2/repository/io/netty/netty-codec-socks/4.1.48.Final/netty-codec-socks-4.1.48.Final.jar:/home/user/.m2/repository/io/netty/netty-transport-native-epoll/4.1.48.Final/netty-transport-native-epoll-4.1.48.Final.jar:/home/user/.m2/repository/io/netty/netty-common/4.1.48.Final/netty-common-4.1.48.Final.jar:/home/user/.m2/repository/io/netty/netty-buffer/4.1.48.Final/netty-buffer-4.1.48.Final.jar:/home/user/.m2/repository/io/netty/netty-transport/4.1.48.Final/netty-transport-4.1.48.Final.jar:/home/user/.m2/repository/io/netty/netty-resolver/4.1.48.Final/netty-resolver-4.1.48.Final.jar:/home/user/.m2/repository/io/netty/netty-transport-native-unix-common/4.1.48.Final/netty-transport-native-unix-common-4.1.48.Final.jar:/home/user/.m2/repository/io/grpc/grpc-protobuf/1.29.0/grpc-protobuf-1.29.0.jar:/home/user/.m2/repository/io/grpc/grpc-api/1.29.0/grpc-api-1.29.0.jar:/home/user/.m2/repository/io/grpc/grpc-context/1.29.0/grpc-context-1.29.0.jar:/home/user/.m2/repository/org/codehaus/mojo/animal-sniffer-annotations/1.18/animal-sniffer-annotations-1.18.jar:/home/user/.m2/repository/com/google/api/grpc/proto-google-common-protos/1.17.0/proto-google-common-protos-1.17.0.jar:/home/user/.m2/repository/io/grpc/grpc-protobuf-lite/1.29.0/grpc-protobuf-lite-1.29.0.jar:/home/user/.m2/repository/io/grpc/grpc-stub/1.29.0/grpc-stub-1.29.0.jar:/home/user/.m2/repository/org/apache/hadoop/hadoop-ozone-recon/1.1.0-SNAPSHOT/hadoop-ozone-recon-1.1.0-SNAPSHOT.jar:/home/user/.m2/repository/org/apache/hadoop/hadoop-ozone-reconcodegen/1.1.0-SNAPSHOT/hadoop-ozone-reconcodegen-1.1.0-SNAPSHOT.jar:/home/user/.m2/repository/com/google/inject/extensions/guice-multibindings/4.0/guice-multibindings-4.0.jar:/home/user/.m2/repository/com/google/inject/guice/4.0/guice-4.0.jar:/home/user/.m2/repository/aopalliance/aopalliance/1.0/aopalliance-1.0.jar:/home/user/.m2/repository/com/google/inject/extensions/guice-assistedinject/4.0/guice-assistedinject-4.0.jar:/home/user/.m2/repository/com/google/inject/extensions/guice-servlet/4.0/guice-servlet-4.0.jar:/home/user/.m2/repository/org/glassfish/jersey/containers/jersey-container-servlet/2.27/jersey-container-servlet-2.27.jar:/home/user/.m2/repository/org/glassfish/hk2/guice-bridge/2.5.0/guice-bridge-2.5.0.jar:/home/user/.m2/repository/org/glassfish/jersey/core/jersey-server/2.27/jersey-server-2.27.jar:/home/user/.m2/repository/org/glassfish/jersey/core/jersey-client/2.27/jersey-client-2.27.jar:/home/user/.m2/repository/org/glassfish/jersey/media/jersey-media-jaxb/2.27/jersey-media-jaxb-2.27.jar:/home/user/.m2/repository/javax/validation/validation-api/1.1.0.Final/validation-api-1.1.0.Final.jar:/home/user/.m2/repository/org/glassfish/jersey/media/jersey-media-json-jackson/2.27/jersey-media-json-jackson-2.27.jar:/home/user/.m2/repository/org/glassfish/jersey/ext/jersey-entity-filtering/2.27/jersey-entity-filtering-2.27.jar:/home/user/.m2/repository/org/jooq/jooq/3.11.10/jooq-3.11.10.jar:/home/user/.m2/repository/org/jooq/jooq-meta/3.11.10/jooq-meta-3.11.10.jar:/home/user/.m2/repository/org/jooq/jooq-codegen/3.11.10/jooq-codegen-3.11.10.jar:/home/user/.m2/repository/com/jolbox/bonecp/0.8.0.RELEASE/bonecp-0.8.0.RELEASE.jar:/home/user/.m2/repository/org/apache/derby/derby/10.14.2.0/derby-10.14.2.0.jar:/home/user/.m2/repository/org/xerial/sqlite-jdbc/3.25.2/sqlite-jdbc-3.25.2.jar:/home/user/.m2/repository/org/springframework/spring-jdbc/5.2.11.RELEASE/spring-jdbc-5.2.11.RELEASE.jar:/home/user/.m2/repository/org/springframework/spring-beans/5.2.11.RELEASE/spring-beans-5.2.11.RELEASE.jar:/home/user/.m2/repository/org/springframework/spring-core/5.2.11.RELEASE/spring-core-5.2.11.RELEASE.jar:/home/user/.m2/repository/org/springframework/spring-jcl/5.2.11.RELEASE/spring-jcl-5.2.11.RELEASE.jar:/home/user/.m2/repository/org/springframework/spring-tx/5.2.11.RELEASE/spring-tx-5.2.11.RELEASE.jar:/home/user/.m2/repository/org/apache/hadoop/hadoop-ozone-client/1.1.0-SNAPSHOT/hadoop-ozone-client-1.1.0-SNAPSHOT.jar:/home/user/.m2/repository/org/apache/hadoop/hadoop-ozone-filesystem/1.1.0-SNAPSHOT/hadoop-ozone-filesystem-1.1.0-SNAPSHOT.jar:/home/user/.m2/repository/org/apache/hadoop/hadoop-ozone-filesystem-common/1.1.0-SNAPSHOT/hadoop-ozone-filesystem-common-1.1.0-SNAPSHOT.jar:/home/user/.m2/repository/org/apache/hadoop/hadoop-ozone-tools/1.1.0-SNAPSHOT/hadoop-ozone-tools-1.1.0-SNAPSHOT.jar:/home/user/.m2/repository/org/apache/ratis/ratis-tools/1.1.0-35f17fa-SNAPSHOT/ratis-tools-1.1.0-35f17fa-SNAPSHOT.jar:/home/user/.m2/repository/org/apache/ratis/ratis-proto/1.1.0-35f17fa-SNAPSHOT/ratis-proto-1.1.0-35f17fa-SNAPSHOT.jar:/home/user/.m2/repository/org/apache/ratis/ratis-common/1.1.0-35f17fa-SNAPSHOT/ratis-common-1.1.0-35f17fa-SNAPSHOT.jar:/home/user/.m2/repository/com/amazonaws/aws-java-sdk-core/1.11.901/aws-java-sdk-core-1.11.901.jar:/home/user/.m2/repository/org/apache/httpcomponents/httpclient/4.5.13/httpclient-4.5.13.jar:/home/user/.m2/repository/org/apache/httpcomponents/httpcore/4.4.13/httpcore-4.4.13.jar:/home/user/.m2/repository/software/amazon/ion/ion-java/1.0.2/ion-java-1.0.2.jar:/home/user/.m2/repository/com/fasterxml/jackson/dataformat/jackson-dataformat-cbor/2.10.3/jackson-dataformat-cbor-2.10.3.jar:/home/user/.m2/repository/joda-time/joda-time/2.8.1/joda-time-2.8.1.jar:/home/user/.m2/repository/com/amazonaws/aws-java-sdk-s3/1.11.901/aws-java-sdk-s3-1.11.901.jar:/home/user/.m2/repository/com/amazonaws/aws-java-sdk-kms/1.11.901/aws-java-sdk-kms-1.11.901.jar:/home/user/.m2/repository/com/amazonaws/jmespath-java/1.11.901/jmespath-java-1.11.901.jar:/home/user/.m2/repository/org/kohsuke/metainf-services/metainf-services/1.8/metainf-services-1.8.jar:/home/user/.m2/repository/org/apache/hadoop/hadoop-hdds-tools/1.1.0-SNAPSHOT/hadoop-hdds-tools-1.1.0-SNAPSHOT.jar:/home/user/.m2/repository/commons-cli/commons-cli/1.2/commons-cli-1.2.jar:/home/user/.m2/repository/org/apache/commons/commons-lang3/3.7/commons-lang3-3.7.jar:/home/user/.m2/repository/org/apache/hadoop/hadoop-ozone-ozone-manager/1.1.0-SNAPSHOT/hadoop-ozone-ozone-manager-1.1.0-SNAPSHOT-tests.jar:/home/user/.m2/repository/org/apache/hadoop/hadoop-hdds-common/1.1.0-SNAPSHOT/hadoop-hdds-common-1.1.0-SNAPSHOT-tests.jar:/home/user/.m2/repository/org/apache/hadoop/hadoop-hdds-hadoop-dependency-client/1.1.0-SNAPSHOT/hadoop-hdds-hadoop-dependency-client-1.1.0-SNAPSHOT.jar:/home/user/.m2/repository/info/picocli/picocli/4.4.0/picocli-4.4.0.jar:/home/user/.m2/repository/com/fasterxml/jackson/core/jackson-annotations/2.10.3/jackson-annotations-2.10.3.jar:/home/user/.m2/repository/javax/annotation/javax.annotation-api/1.2/javax.annotation-api-1.2.jar:/home/user/.m2/repository/org/fusesource/leveldbjni/leveldbjni-all/1.8/leveldbjni-all-1.8.jar:/home/user/.m2/repository/org/apache/ratis/ratis-server/1.1.0-35f17fa-SNAPSHOT/ratis-server-1.1.0-35f17fa-SNAPSHOT.jar:/home/user/.m2/repository/org/apache/ratis/ratis-client/1.1.0-35f17fa-SNAPSHOT/ratis-client-1.1.0-35f17fa-SNAPSHOT.jar:/home/user/.m2/repository/org/apache/ratis/ratis-server-api/1.1.0-35f17fa-SNAPSHOT/ratis-server-api-1.1.0-35f17fa-SNAPSHOT.jar:/home/user/.m2/repository/org/apache/ratis/ratis-metrics/1.1.0-35f17fa-SNAPSHOT/ratis-metrics-1.1.0-35f17fa-SNAPSHOT.jar:/home/user/.m2/repository/org/apache/ratis/ratis-netty/1.1.0-35f17fa-SNAPSHOT/ratis-netty-1.1.0-35f17fa-SNAPSHOT.jar:/home/user/.m2/repository/org/apache/ratis/ratis-grpc/1.1.0-35f17fa-SNAPSHOT/ratis-grpc-1.1.0-35f17fa-SNAPSHOT.jar:/home/user/.m2/repository/org/apache/logging/log4j/log4j-api/2.13.3/log4j-api-2.13.3.jar:/home/user/.m2/repository/org/apache/logging/log4j/log4j-core/2.13.3/log4j-core-2.13.3.jar:/home/user/.m2/repository/com/lmax/disruptor/3.4.2/disruptor-3.4.2.jar:/home/user/.m2/repository/org/apache/commons/commons-pool2/2.6.0/commons-pool2-2.6.0.jar:/home/user/.m2/repository/org/bouncycastle/bcpkix-jdk15on/1.67/bcpkix-jdk15on-1.67.jar:/home/user/.m2/repository/commons-validator/commons-validator/1.6/commons-validator-1.6.jar:/home/user/.m2/repository/commons-beanutils/commons-beanutils/1.9.4/commons-beanutils-1.9.4.jar:/home/user/.m2/repository/commons-digester/commons-digester/1.8.1/commons-digester-1.8.1.jar:/home/user/.m2/repository/commons-collections/commons-collections/3.2.2/commons-collections-3.2.2.jar:/home/user/.m2/repository/io/jaegertracing/jaeger-client/1.2.0/jaeger-client-1.2.0.jar:/home/user/.m2/repository/io/jaegertracing/jaeger-thrift/1.2.0/jaeger-thrift-1.2.0.jar:/home/user/.m2/repository/org/apache/thrift/libthrift/0.13.0/libthrift-0.13.0.jar:/home/user/.m2/repository/com/squareup/okhttp3/okhttp/4.2.2/okhttp-4.2.2.jar:/home/user/.m2/repository/com/squareup/okio/okio/2.2.2/okio-2.2.2.jar:/home/user/.m2/repository/org/jetbrains/kotlin/kotlin-stdlib/1.3.50/kotlin-stdlib-1.3.50.jar:/home/user/.m2/repository/org/jetbrains/kotlin/kotlin-stdlib-common/1.3.50/kotlin-stdlib-common-1.3.50.jar:/home/user/.m2/repository/org/jetbrains/annotations/13.0/annotations-13.0.jar:/home/user/.m2/repository/io/jaegertracing/jaeger-core/1.2.0/jaeger-core-1.2.0.jar:/home/user/.m2/repository/io/jaegertracing/jaeger-tracerresolver/1.2.0/jaeger-tracerresolver-1.2.0.jar:/home/user/.m2/repository/io/opentracing/contrib/opentracing-tracerresolver/0.1.8/opentracing-tracerresolver-0.1.8.jar:/home/user/.m2/repository/io/opentracing/opentracing-util/0.33.0/opentracing-util-0.33.0.jar:/home/user/.m2/repository/io/opentracing/opentracing-api/0.33.0/opentracing-api-0.33.0.jar:/home/user/.m2/repository/io/opentracing/opentracing-noop/0.33.0/opentracing-noop-0.33.0.jar:/home/user/.m2/repository/org/yaml/snakeyaml/1.26/snakeyaml-1.26.jar:/home/user/.m2/repository/junit/junit/4.11/junit-4.11.jar:/home/user/.m2/repository/org/hamcrest/hamcrest-core/1.3/hamcrest-core-1.3.jar:/home/user/.m2/repository/org/openjdk/jmh/jmh-core/1.19/jmh-core-1.19.jar:/home/user/.m2/repository/net/sf/jopt-simple/jopt-simple/4.6/jopt-simple-4.6.jar:/home/user/.m2/repository/org/apache/commons/commons-math3/3.1.1/commons-math3-3.1.1.jar:/home/user/.m2/repository/org/openjdk/jmh/jmh-generator-annprocess/1.19/jmh-generator-annprocess-1.19.jar:/home/user/.m2/repository/org/mockito/mockito-all/1.8.5/mockito-all-1.8.5.jar:/home/user/.m2/repository/org/apache/hadoop/hadoop-kms/3.2.1/hadoop-kms-3.2.1.jar:/home/user/.m2/repository/org/apache/hadoop/hadoop-auth/3.2.1/hadoop-auth-3.2.1.jar:/home/user/.m2/repository/com/nimbusds/nimbus-jose-jwt/7.9/nimbus-jose-jwt-7.9.jar:/home/user/.m2/repository/com/github/stephenc/jcip/jcip-annotations/1.0-1/jcip-annotations-1.0-1.jar:/home/user/.m2/repository/net/minidev/json-smart/2.3/json-smart-2.3.jar:/home/user/.m2/repository/net/minidev/accessors-smart/1.2/accessors-smart-1.2.jar:/home/user/.m2/repository/org/ow2/asm/asm/5.0.4/asm-5.0.4.jar:/home/user/.m2/repository/org/apache/zookeeper/zookeeper/3.4.13/zookeeper-3.4.13.jar:/home/user/.m2/repository/org/apache/yetus/audience-annotations/0.5.0/audience-annotations-0.5.0.jar:/home/user/.m2/repository/org/apache/curator/curator-framework/2.13.0/curator-framework-2.13.0.jar:/home/user/.m2/repository/com/sun/jersey/jersey-core/1.19/jersey-core-1.19.jar:/home/user/.m2/repository/javax/ws/rs/jsr311-api/1.1.1/jsr311-api-1.1.1.jar:/home/user/.m2/repository/com/sun/jersey/jersey-server/1.19/jersey-server-1.19.jar:/home/user/.m2/repository/javax/servlet/javax.servlet-api/3.1.0/javax.servlet-api-3.1.0.jar:/home/user/.m2/repository/org/eclipse/jetty/jetty-server/9.4.34.v20201102/jetty-server-9.4.34.v20201102.jar:/home/user/.m2/repository/org/eclipse/jetty/jetty-http/9.4.34.v20201102/jetty-http-9.4.34.v20201102.jar:/home/user/.m2/repository/org/eclipse/jetty/jetty-io/9.4.34.v20201102/jetty-io-9.4.34.v20201102.jar:/home/user/.m2/repository/org/eclipse/jetty/jetty-webapp/9.4.34.v20201102/jetty-webapp-9.4.34.v20201102.jar:/home/user/.m2/repository/org/eclipse/jetty/jetty-xml/9.4.34.v20201102/jetty-xml-9.4.34.v20201102.jar:/home/user/.m2/repository/org/apache/hadoop/hadoop-common/3.2.1/hadoop-common-3.2.1.jar:/home/user/.m2/repository/commons-net/commons-net/3.6/commons-net-3.6.jar:/home/user/.m2/repository/com/sun/jersey/jersey-servlet/1.19/jersey-servlet-1.19.jar:/home/user/.m2/repository/com/sun/jersey/jersey-json/1.19/jersey-json-1.19.jar:/home/user/.m2/repository/org/codehaus/jettison/jettison/1.1/jettison-1.1.jar:/home/user/.m2/repository/org/codehaus/jackson/jackson-jaxrs/1.9.2/jackson-jaxrs-1.9.2.jar:/home/user/.m2/repository/org/codehaus/jackson/jackson-xc/1.9.2/jackson-xc-1.9.2.jar:/home/user/.m2/repository/org/apache/commons/commons-configuration2/2.1.1/commons-configuration2-2.1.1.jar:/home/user/.m2/repository/org/apache/commons/commons-text/1.4/commons-text-1.4.jar:/home/user/.m2/repository/com/google/re2j/re2j/1.1/re2j-1.1.jar:/home/user/.m2/repository/com/jcraft/jsch/0.1.54/jsch-0.1.54.jar:/home/user/.m2/repository/org/apache/curator/curator-client/2.13.0/curator-client-2.13.0.jar:/home/user/.m2/repository/org/apache/curator/curator-recipes/2.13.0/curator-recipes-2.13.0.jar:/home/user/.m2/repository/dnsjava/dnsjava/2.1.7/dnsjava-2.1.7.jar:/home/user/.m2/repository/org/slf4j/jul-to-slf4j/1.7.30/jul-to-slf4j-1.7.30.jar:/home/user/.m2/repository/org/eclipse/jetty/jetty-util/9.4.34.v20201102/jetty-util-9.4.34.v20201102.jar:/home/user/.m2/repository/com/fasterxml/jackson/core/jackson-databind/2.10.3/jackson-databind-2.10.3.jar:/home/user/.m2/repository/org/apache/hadoop/hadoop-kms/3.2.1/hadoop-kms-3.2.1-tests.jar:/home/user/.m2/repository/org/apache/hadoop/hadoop-hdds-server-scm/1.1.0-SNAPSHOT/hadoop-hdds-server-scm-1.1.0-SNAPSHOT-tests.jar:/home/user/.m2/repository/org/apache/hadoop/hadoop-hdds-container-service/1.1.0-SNAPSHOT/hadoop-hdds-container-service-1.1.0-SNAPSHOT-tests.jar:/home/user/.m2/repository/commons-codec/commons-codec/1.11/commons-codec-1.11.jar:/home/user/.m2/repository/org/apache/hadoop/hadoop-hdds-hadoop-dependency-test/1.1.0-SNAPSHOT/hadoop-hdds-hadoop-dependency-test-1.1.0-SNAPSHOT.jar:/home/user/.m2/repository/org/apache/hadoop/hadoop-common/3.2.1/hadoop-common-3.2.1-tests.jar:/home/user/.m2/repository/org/apache/hadoop/hadoop-hdfs/3.2.1/hadoop-hdfs-3.2.1-tests.jar:/home/user/.m2/repository/org/eclipse/jetty/jetty-util-ajax/9.4.34.v20201102/jetty-util-ajax-9.4.34.v20201102.jar:/home/user/.m2/repository/commons-daemon/commons-daemon/1.0.13/commons-daemon-1.0.13.jar:/home/user/.m2/repository/io/netty/netty/3.10.5.Final/netty-3.10.5.Final.jar:/home/user/.m2/repository/io/netty/netty-all/4.1.48.Final/netty-all-4.1.48.Final.jar:/home/user/.m2/repository/org/apache/htrace/htrace-core4/4.1.0-incubating/htrace-core4-4.1.0-incubating.jar:/home/user/.m2/repository/org/apache/hadoop/hadoop-distcp/3.2.1/hadoop-distcp-3.2.1.jar:/home/user/.m2/repository/org/apache/hadoop/hadoop-mapreduce-client-jobclient/3.2.1/hadoop-mapreduce-client-jobclient-3.2.1.jar:/home/user/.m2/repository/org/apache/hadoop/hadoop-mapreduce-client-common/3.2.1/hadoop-mapreduce-client-common-3.2.1.jar:/home/user/.m2/repository/org/apache/hadoop/hadoop-yarn-common/3.2.1/hadoop-yarn-common-3.2.1.jar:/home/user/.m2/repository/org/apache/hadoop/hadoop-yarn-api/3.2.1/hadoop-yarn-api-3.2.1.jar:/home/user/.m2/repository/com/sun/jersey/jersey-client/1.19/jersey-client-1.19.jar:/home/user/.m2/repository/com/sun/jersey/contribs/jersey-guice/1.19/jersey-guice-1.19.jar:/home/user/.m2/repository/com/fasterxml/jackson/jaxrs/jackson-jaxrs-json-provider/2.10.3/jackson-jaxrs-json-provider-2.10.3.jar:/home/user/.m2/repository/com/fasterxml/jackson/jaxrs/jackson-jaxrs-base/2.10.3/jackson-jaxrs-base-2.10.3.jar:/home/user/.m2/repository/org/apache/hadoop/hadoop-yarn-client/3.2.1/hadoop-yarn-client-3.2.1.jar:/home/user/.m2/repository/org/apache/hadoop/hadoop-mapreduce-client-core/3.2.1/hadoop-mapreduce-client-core-3.2.1.jar:/home/user/.m2/repository/org/apache/avro/avro/1.7.7/avro-1.7.7.jar:/home/user/.m2/repository/org/codehaus/jackson/jackson-core-asl/1.9.13/jackson-core-asl-1.9.13.jar:/home/user/.m2/repository/org/codehaus/jackson/jackson-mapper-asl/1.9.13/jackson-mapper-asl-1.9.13.jar:/home/user/.m2/repository/com/thoughtworks/paranamer/paranamer/2.3/paranamer-2.3.jar:/home/user/.m2/repository/org/xerial/snappy/snappy-java/1.0.5/snappy-java-1.0.5.jar:/home/user/.m2/repository/org/apache/hadoop/hadoop-annotations/3.2.1/hadoop-annotations-3.2.1.jar:/usr/lib/jvm/java-1.8.0-openjdk-1.8.0.232.b09-0.el7_7.x86_64/jre/../lib/tools.jar:/home/user/.m2/repository/org/apache/hadoop/hadoop-distcp/3.2.1/hadoop-distcp-3.2.1-tests.jar:"/>
    <property name="java.vm.vendor" value="Oracle Corporation"/>
    <property name="sun.arch.data.model" value="64"/>
    <property name="test.build.dir" value="/github/workspace/mnt/ozone/hadoop-ozone/integration-test/target/test-dir"/>
    <property name="test.cache.data" value=""/>
    <property name="java.vendor.url" value="http://java.oracle.com/"/>
    <property name="user.timezone" value=""/>
    <property name="java.vm.specification.version" value="1.8"/>
    <property name="os.name" value="Linux"/>
    <property name="test.build.data" value="/github/workspace/mnt/ozone/hadoop-ozone/integration-test/target/test-dir"/>
    <property name="user.country" value="US"/>
    <property name="sun.java.launcher" value="SUN_STANDARD"/>
    <property name="sun.boot.library.path" value="/usr/lib/jvm/java-1.8.0-openjdk-1.8.0.232.b09-0.el7_7.x86_64/jre/lib/amd64"/>
    <property name="sun.java.command" value="/github/workspace/mnt/ozone/hadoop-ozone/integration-test/target/surefire/surefirebooter1831768072132656815.jar /github/workspace/mnt/ozone/hadoop-ozone/integration-test/target/surefire 2021-01-08T03-55-19_638-jvmRun1 surefire5631413089392276286tmp surefire_413771763139547864891tmp"/>
    <property name="surefire.test.class.path" value="/github/workspace/mnt/ozone/hadoop-ozone/integration-test/target/test-classes:/github/workspace/mnt/ozone/hadoop-ozone/integration-test/target/classes:/home/user/.m2/repository/org/apache/hadoop/hadoop-ozone-common/1.1.0-SNAPSHOT/hadoop-ozone-common-1.1.0-SNAPSHOT.jar:/home/user/.m2/repository/org/apache/commons/commons-compress/1.4.1/commons-compress-1.4.1.jar:/home/user/.m2/repository/org/tukaani/xz/1.0/xz-1.0.jar:/home/user/.m2/repository/org/apache/hadoop/hadoop-hdds-common/1.1.0-SNAPSHOT/hadoop-hdds-common-1.1.0-SNAPSHOT.jar:/home/user/.m2/repository/org/apache/hadoop/hadoop-hdds-client/1.1.0-SNAPSHOT/hadoop-hdds-client-1.1.0-SNAPSHOT.jar:/home/user/.m2/repository/org/apache/hadoop/hadoop-ozone-interface-client/1.1.0-SNAPSHOT/hadoop-ozone-interface-client-1.1.0-SNAPSHOT.jar:/home/user/.m2/repository/org/apache/hadoop/hadoop-hdds-test-utils/1.1.0-SNAPSHOT/hadoop-hdds-test-utils-1.1.0-SNAPSHOT.jar:/home/user/.m2/repository/com/google/guava/guava/28.2-jre/guava-28.2-jre.jar:/home/user/.m2/repository/com/google/guava/failureaccess/1.0.1/failureaccess-1.0.1.jar:/home/user/.m2/repository/com/google/guava/listenablefuture/9999.0-empty-to-avoid-conflict-with-guava/listenablefuture-9999.0-empty-to-avoid-conflict-with-guava.jar:/home/user/.m2/repository/com/google/code/findbugs/jsr305/3.0.0/jsr305-3.0.0.jar:/home/user/.m2/repository/org/checkerframework/checker-qual/2.10.0/checker-qual-2.10.0.jar:/home/user/.m2/repository/com/google/errorprone/error_prone_annotations/2.2.0/error_prone_annotations-2.2.0.jar:/home/user/.m2/repository/com/google/j2objc/j2objc-annotations/1.3/j2objc-annotations-1.3.jar:/home/user/.m2/repository/commons-io/commons-io/2.5/commons-io-2.5.jar:/home/user/.m2/repository/commons-logging/commons-logging/1.2/commons-logging-1.2.jar:/home/user/.m2/repository/log4j/log4j/1.2.17/log4j-1.2.17.jar:/home/user/.m2/repository/org/slf4j/slf4j-api/1.7.30/slf4j-api-1.7.30.jar:/home/user/.m2/repository/org/apache/hadoop/hadoop-hdds-server-scm/1.1.0-SNAPSHOT/hadoop-hdds-server-scm-1.1.0-SNAPSHOT.jar:/home/user/.m2/repository/org/apache/hadoop/hadoop-hdds-container-service/1.1.0-SNAPSHOT/hadoop-hdds-container-service-1.1.0-SNAPSHOT.jar:/home/user/.m2/repository/org/apache/hadoop/hadoop-hdds-hadoop-dependency-server/1.1.0-SNAPSHOT/hadoop-hdds-hadoop-dependency-server-1.1.0-SNAPSHOT.jar:/home/user/.m2/repository/org/apache/hadoop/hadoop-hdfs/3.2.1/hadoop-hdfs-3.2.1.jar:/home/user/.m2/repository/org/apache/hadoop/hadoop-hdds-server-framework/1.1.0-SNAPSHOT/hadoop-hdds-server-framework-1.1.0-SNAPSHOT.jar:/home/user/.m2/repository/org/apache/hadoop/hadoop-hdds-interface-server/1.1.0-SNAPSHOT/hadoop-hdds-interface-server-1.1.0-SNAPSHOT.jar:/home/user/.m2/repository/org/apache/hadoop/hadoop-hdds-interface-admin/1.1.0-SNAPSHOT/hadoop-hdds-interface-admin-1.1.0-SNAPSHOT.jar:/home/user/.m2/repository/org/eclipse/jetty/jetty-servlet/9.4.34.v20201102/jetty-servlet-9.4.34.v20201102.jar:/home/user/.m2/repository/org/eclipse/jetty/jetty-security/9.4.34.v20201102/jetty-security-9.4.34.v20201102.jar:/home/user/.m2/repository/org/rocksdb/rocksdbjni/6.8.1/rocksdbjni-6.8.1.jar:/home/user/.m2/repository/io/prometheus/simpleclient_dropwizard/0.7.0/simpleclient_dropwizard-0.7.0.jar:/home/user/.m2/repository/io/prometheus/simpleclient/0.7.0/simpleclient-0.7.0.jar:/home/user/.m2/repository/io/prometheus/simpleclient_common/0.7.0/simpleclient_common-0.7.0.jar:/home/user/.m2/repository/com/fasterxml/jackson/datatype/jackson-datatype-jsr310/2.10.3/jackson-datatype-jsr310-2.10.3.jar:/home/user/.m2/repository/io/dropwizard/metrics/metrics-core/3.2.4/metrics-core-3.2.4.jar:/home/user/.m2/repository/org/apache/hadoop/hadoop-hdfs-client/3.2.1/hadoop-hdfs-client-3.2.1.jar:/home/user/.m2/repository/org/bouncycastle/bcprov-jdk15on/1.67/bcprov-jdk15on-1.67.jar:/home/user/.m2/repository/org/apache/hadoop/hadoop-ozone-ozone-manager/1.1.0-SNAPSHOT/hadoop-ozone-ozone-manager-1.1.0-SNAPSHOT.jar:/home/user/.m2/repository/org/apache/hadoop/hadoop-hdds-interface-client/1.1.0-SNAPSHOT/hadoop-hdds-interface-client-1.1.0-SNAPSHOT.jar:/home/user/.m2/repository/org/apache/ratis/ratis-thirdparty-misc/0.6.0-SNAPSHOT/ratis-thirdparty-misc-0.6.0-SNAPSHOT.jar:/home/user/.m2/repository/org/apache/hadoop/hadoop-ozone-interface-storage/1.1.0-SNAPSHOT/hadoop-ozone-interface-storage-1.1.0-SNAPSHOT.jar:/home/user/.m2/repository/org/apache/hadoop/hadoop-minikdc/3.2.1/hadoop-minikdc-3.2.1.jar:/home/user/.m2/repository/org/apache/kerby/kerb-simplekdc/1.0.1/kerb-simplekdc-1.0.1.jar:/home/user/.m2/repository/org/apache/kerby/kerb-client/1.0.1/kerb-client-1.0.1.jar:/home/user/.m2/repository/org/apache/kerby/kerby-config/1.0.1/kerby-config-1.0.1.jar:/home/user/.m2/repository/org/apache/kerby/kerb-core/1.0.1/kerb-core-1.0.1.jar:/home/user/.m2/repository/org/apache/kerby/kerby-pkix/1.0.1/kerby-pkix-1.0.1.jar:/home/user/.m2/repository/org/apache/kerby/kerby-asn1/1.0.1/kerby-asn1-1.0.1.jar:/home/user/.m2/repository/org/apache/kerby/kerby-util/1.0.1/kerby-util-1.0.1.jar:/home/user/.m2/repository/org/apache/kerby/kerb-common/1.0.1/kerb-common-1.0.1.jar:/home/user/.m2/repository/org/apache/kerby/kerb-crypto/1.0.1/kerb-crypto-1.0.1.jar:/home/user/.m2/repository/org/apache/kerby/kerb-util/1.0.1/kerb-util-1.0.1.jar:/home/user/.m2/repository/org/apache/kerby/token-provider/1.0.1/token-provider-1.0.1.jar:/home/user/.m2/repository/org/apache/kerby/kerb-admin/1.0.1/kerb-admin-1.0.1.jar:/home/user/.m2/repository/org/apache/kerby/kerb-server/1.0.1/kerb-server-1.0.1.jar:/home/user/.m2/repository/org/apache/kerby/kerb-identity/1.0.1/kerb-identity-1.0.1.jar:/home/user/.m2/repository/org/apache/kerby/kerby-xdr/1.0.1/kerby-xdr-1.0.1.jar:/home/user/.m2/repository/org/slf4j/slf4j-log4j12/1.7.30/slf4j-log4j12-1.7.30.jar:/home/user/.m2/repository/org/apache/hadoop/hadoop-ozone-s3gateway/1.1.0-SNAPSHOT/hadoop-ozone-s3gateway-1.1.0-SNAPSHOT.jar:/home/user/.m2/repository/org/jboss/weld/servlet/weld-servlet/2.4.7.Final/weld-servlet-2.4.7.Final.jar:/home/user/.m2/repository/org/glassfish/jersey/containers/jersey-container-servlet-core/2.27/jersey-container-servlet-core-2.27.jar:/home/user/.m2/repository/org/glassfish/hk2/external/javax.inject/2.5.0-b42/javax.inject-2.5.0-b42.jar:/home/user/.m2/repository/org/glassfish/jersey/core/jersey-common/2.27/jersey-common-2.27.jar:/home/user/.m2/repository/org/glassfish/hk2/osgi-resource-locator/1.0.1/osgi-resource-locator-1.0.1.jar:/home/user/.m2/repository/javax/ws/rs/javax.ws.rs-api/2.1/javax.ws.rs-api-2.1.jar:/home/user/.m2/repository/org/glassfish/jersey/ext/cdi/jersey-cdi1x/2.27/jersey-cdi1x-2.27.jar:/home/user/.m2/repository/org/glassfish/jersey/inject/jersey-hk2/2.27/jersey-hk2-2.27.jar:/home/user/.m2/repository/org/glassfish/hk2/hk2-locator/2.5.0-b42/hk2-locator-2.5.0-b42.jar:/home/user/.m2/repository/org/javassist/javassist/3.22.0-CR2/javassist-3.22.0-CR2.jar:/home/user/.m2/repository/org/glassfish/hk2/hk2-api/2.5.0/hk2-api-2.5.0.jar:/home/user/.m2/repository/org/glassfish/hk2/external/jakarta.inject/2.5.0/jakarta.inject-2.5.0.jar:/home/user/.m2/repository/org/glassfish/hk2/hk2-utils/2.5.0/hk2-utils-2.5.0.jar:/home/user/.m2/repository/jakarta/annotation/jakarta.annotation-api/1.3.4/jakarta.annotation-api-1.3.4.jar:/home/user/.m2/repository/org/glassfish/hk2/external/aopalliance-repackaged/2.5.0/aopalliance-repackaged-2.5.0.jar:/home/user/.m2/repository/com/fasterxml/jackson/dataformat/jackson-dataformat-xml/2.10.3/jackson-dataformat-xml-2.10.3.jar:/home/user/.m2/repository/com/fasterxml/jackson/core/jackson-core/2.10.3/jackson-core-2.10.3.jar:/home/user/.m2/repository/com/fasterxml/jackson/module/jackson-module-jaxb-annotations/2.10.3/jackson-module-jaxb-annotations-2.10.3.jar:/home/user/.m2/repository/jakarta/xml/bind/jakarta.xml.bind-api/2.3.2/jakarta.xml.bind-api-2.3.2.jar:/home/user/.m2/repository/jakarta/activation/jakarta.activation-api/1.2.1/jakarta.activation-api-1.2.1.jar:/home/user/.m2/repository/org/codehaus/woodstox/stax2-api/3.1.4/stax2-api-3.1.4.jar:/home/user/.m2/repository/com/fasterxml/woodstox/woodstox-core/5.0.3/woodstox-core-5.0.3.jar:/home/user/.m2/repository/javax/enterprise/cdi-api/1.2/cdi-api-1.2.jar:/home/user/.m2/repository/javax/el/javax.el-api/3.0.0/javax.el-api-3.0.0.jar:/home/user/.m2/repository/javax/interceptor/javax.interceptor-api/1.2/javax.interceptor-api-1.2.jar:/home/user/.m2/repository/javax/inject/javax.inject/1/javax.inject-1.jar:/home/user/.m2/repository/com/sun/xml/bind/jaxb-impl/2.3.0.1/jaxb-impl-2.3.0.1.jar:/home/user/.m2/repository/com/sun/xml/bind/jaxb-core/2.3.0.1/jaxb-core-2.3.0.1.jar:/home/user/.m2/repository/javax/xml/bind/jaxb-api/2.3.0/jaxb-api-2.3.0.jar:/home/user/.m2/repository/javax/activation/activation/1.1.1/activation-1.1.1.jar:/home/user/.m2/repository/org/apache/hadoop/hadoop-ozone-csi/1.1.0-SNAPSHOT/hadoop-ozone-csi-1.1.0-SNAPSHOT.jar:/home/user/.m2/repository/com/google/protobuf/protobuf-java-util/3.11.0/protobuf-java-util-3.11.0.jar:/home/user/.m2/repository/com/google/code/gson/gson/2.2.4/gson-2.2.4.jar:/home/user/.m2/repository/org/apache/hadoop/hadoop-hdds-config/1.1.0-SNAPSHOT/hadoop-hdds-config-1.1.0-SNAPSHOT.jar:/home/user/.m2/repository/com/google/protobuf/protobuf-java/2.5.0/protobuf-java-2.5.0.jar:/home/user/.m2/repository/io/grpc/grpc-netty/1.29.0/grpc-netty-1.29.0.jar:/home/user/.m2/repository/io/grpc/grpc-core/1.29.0/grpc-core-1.29.0.jar:/home/user/.m2/repository/com/google/android/annotations/4.1.1.4/annotations-4.1.1.4.jar:/home/user/.m2/repository/io/perfmark/perfmark-api/0.19.0/perfmark-api-0.19.0.jar:/home/user/.m2/repository/io/netty/netty-codec-http2/4.1.48.Final/netty-codec-http2-4.1.48.Final.jar:/home/user/.m2/repository/io/netty/netty-codec/4.1.48.Final/netty-codec-4.1.48.Final.jar:/home/user/.m2/repository/io/netty/netty-handler/4.1.48.Final/netty-handler-4.1.48.Final.jar:/home/user/.m2/repository/io/netty/netty-codec-http/4.1.48.Final/netty-codec-http-4.1.48.Final.jar:/home/user/.m2/repository/io/netty/netty-handler-proxy/4.1.48.Final/netty-handler-proxy-4.1.48.Final.jar:/home/user/.m2/repository/io/netty/netty-codec-socks/4.1.48.Final/netty-codec-socks-4.1.48.Final.jar:/home/user/.m2/repository/io/netty/netty-transport-native-epoll/4.1.48.Final/netty-transport-native-epoll-4.1.48.Final.jar:/home/user/.m2/repository/io/netty/netty-common/4.1.48.Final/netty-common-4.1.48.Final.jar:/home/user/.m2/repository/io/netty/netty-buffer/4.1.48.Final/netty-buffer-4.1.48.Final.jar:/home/user/.m2/repository/io/netty/netty-transport/4.1.48.Final/netty-transport-4.1.48.Final.jar:/home/user/.m2/repository/io/netty/netty-resolver/4.1.48.Final/netty-resolver-4.1.48.Final.jar:/home/user/.m2/repository/io/netty/netty-transport-native-unix-common/4.1.48.Final/netty-transport-native-unix-common-4.1.48.Final.jar:/home/user/.m2/repository/io/grpc/grpc-protobuf/1.29.0/grpc-protobuf-1.29.0.jar:/home/user/.m2/repository/io/grpc/grpc-api/1.29.0/grpc-api-1.29.0.jar:/home/user/.m2/repository/io/grpc/grpc-context/1.29.0/grpc-context-1.29.0.jar:/home/user/.m2/repository/org/codehaus/mojo/animal-sniffer-annotations/1.18/animal-sniffer-annotations-1.18.jar:/home/user/.m2/repository/com/google/api/grpc/proto-google-common-protos/1.17.0/proto-google-common-protos-1.17.0.jar:/home/user/.m2/repository/io/grpc/grpc-protobuf-lite/1.29.0/grpc-protobuf-lite-1.29.0.jar:/home/user/.m2/repository/io/grpc/grpc-stub/1.29.0/grpc-stub-1.29.0.jar:/home/user/.m2/repository/org/apache/hadoop/hadoop-ozone-recon/1.1.0-SNAPSHOT/hadoop-ozone-recon-1.1.0-SNAPSHOT.jar:/home/user/.m2/repository/org/apache/hadoop/hadoop-ozone-reconcodegen/1.1.0-SNAPSHOT/hadoop-ozone-reconcodegen-1.1.0-SNAPSHOT.jar:/home/user/.m2/repository/com/google/inject/extensions/guice-multibindings/4.0/guice-multibindings-4.0.jar:/home/user/.m2/repository/com/google/inject/guice/4.0/guice-4.0.jar:/home/user/.m2/repository/aopalliance/aopalliance/1.0/aopalliance-1.0.jar:/home/user/.m2/repository/com/google/inject/extensions/guice-assistedinject/4.0/guice-assistedinject-4.0.jar:/home/user/.m2/repository/com/google/inject/extensions/guice-servlet/4.0/guice-servlet-4.0.jar:/home/user/.m2/repository/org/glassfish/jersey/containers/jersey-container-servlet/2.27/jersey-container-servlet-2.27.jar:/home/user/.m2/repository/org/glassfish/hk2/guice-bridge/2.5.0/guice-bridge-2.5.0.jar:/home/user/.m2/repository/org/glassfish/jersey/core/jersey-server/2.27/jersey-server-2.27.jar:/home/user/.m2/repository/org/glassfish/jersey/core/jersey-client/2.27/jersey-client-2.27.jar:/home/user/.m2/repository/org/glassfish/jersey/media/jersey-media-jaxb/2.27/jersey-media-jaxb-2.27.jar:/home/user/.m2/repository/javax/validation/validation-api/1.1.0.Final/validation-api-1.1.0.Final.jar:/home/user/.m2/repository/org/glassfish/jersey/media/jersey-media-json-jackson/2.27/jersey-media-json-jackson-2.27.jar:/home/user/.m2/repository/org/glassfish/jersey/ext/jersey-entity-filtering/2.27/jersey-entity-filtering-2.27.jar:/home/user/.m2/repository/org/jooq/jooq/3.11.10/jooq-3.11.10.jar:/home/user/.m2/repository/org/jooq/jooq-meta/3.11.10/jooq-meta-3.11.10.jar:/home/user/.m2/repository/org/jooq/jooq-codegen/3.11.10/jooq-codegen-3.11.10.jar:/home/user/.m2/repository/com/jolbox/bonecp/0.8.0.RELEASE/bonecp-0.8.0.RELEASE.jar:/home/user/.m2/repository/org/apache/derby/derby/10.14.2.0/derby-10.14.2.0.jar:/home/user/.m2/repository/org/xerial/sqlite-jdbc/3.25.2/sqlite-jdbc-3.25.2.jar:/home/user/.m2/repository/org/springframework/spring-jdbc/5.2.11.RELEASE/spring-jdbc-5.2.11.RELEASE.jar:/home/user/.m2/repository/org/springframework/spring-beans/5.2.11.RELEASE/spring-beans-5.2.11.RELEASE.jar:/home/user/.m2/repository/org/springframework/spring-core/5.2.11.RELEASE/spring-core-5.2.11.RELEASE.jar:/home/user/.m2/repository/org/springframework/spring-jcl/5.2.11.RELEASE/spring-jcl-5.2.11.RELEASE.jar:/home/user/.m2/repository/org/springframework/spring-tx/5.2.11.RELEASE/spring-tx-5.2.11.RELEASE.jar:/home/user/.m2/repository/org/apache/hadoop/hadoop-ozone-client/1.1.0-SNAPSHOT/hadoop-ozone-client-1.1.0-SNAPSHOT.jar:/home/user/.m2/repository/org/apache/hadoop/hadoop-ozone-filesystem/1.1.0-SNAPSHOT/hadoop-ozone-filesystem-1.1.0-SNAPSHOT.jar:/home/user/.m2/repository/org/apache/hadoop/hadoop-ozone-filesystem-common/1.1.0-SNAPSHOT/hadoop-ozone-filesystem-common-1.1.0-SNAPSHOT.jar:/home/user/.m2/repository/org/apache/hadoop/hadoop-ozone-tools/1.1.0-SNAPSHOT/hadoop-ozone-tools-1.1.0-SNAPSHOT.jar:/home/user/.m2/repository/org/apache/ratis/ratis-tools/1.1.0-35f17fa-SNAPSHOT/ratis-tools-1.1.0-35f17fa-SNAPSHOT.jar:/home/user/.m2/repository/org/apache/ratis/ratis-proto/1.1.0-35f17fa-SNAPSHOT/ratis-proto-1.1.0-35f17fa-SNAPSHOT.jar:/home/user/.m2/repository/org/apache/ratis/ratis-common/1.1.0-35f17fa-SNAPSHOT/ratis-common-1.1.0-35f17fa-SNAPSHOT.jar:/home/user/.m2/repository/com/amazonaws/aws-java-sdk-core/1.11.901/aws-java-sdk-core-1.11.901.jar:/home/user/.m2/repository/org/apache/httpcomponents/httpclient/4.5.13/httpclient-4.5.13.jar:/home/user/.m2/repository/org/apache/httpcomponents/httpcore/4.4.13/httpcore-4.4.13.jar:/home/user/.m2/repository/software/amazon/ion/ion-java/1.0.2/ion-java-1.0.2.jar:/home/user/.m2/repository/com/fasterxml/jackson/dataformat/jackson-dataformat-cbor/2.10.3/jackson-dataformat-cbor-2.10.3.jar:/home/user/.m2/repository/joda-time/joda-time/2.8.1/joda-time-2.8.1.jar:/home/user/.m2/repository/com/amazonaws/aws-java-sdk-s3/1.11.901/aws-java-sdk-s3-1.11.901.jar:/home/user/.m2/repository/com/amazonaws/aws-java-sdk-kms/1.11.901/aws-java-sdk-kms-1.11.901.jar:/home/user/.m2/repository/com/amazonaws/jmespath-java/1.11.901/jmespath-java-1.11.901.jar:/home/user/.m2/repository/org/kohsuke/metainf-services/metainf-services/1.8/metainf-services-1.8.jar:/home/user/.m2/repository/org/apache/hadoop/hadoop-hdds-tools/1.1.0-SNAPSHOT/hadoop-hdds-tools-1.1.0-SNAPSHOT.jar:/home/user/.m2/repository/commons-cli/commons-cli/1.2/commons-cli-1.2.jar:/home/user/.m2/repository/org/apache/commons/commons-lang3/3.7/commons-lang3-3.7.jar:/home/user/.m2/repository/org/apache/hadoop/hadoop-ozone-ozone-manager/1.1.0-SNAPSHOT/hadoop-ozone-ozone-manager-1.1.0-SNAPSHOT-tests.jar:/home/user/.m2/repository/org/apache/hadoop/hadoop-hdds-common/1.1.0-SNAPSHOT/hadoop-hdds-common-1.1.0-SNAPSHOT-tests.jar:/home/user/.m2/repository/org/apache/hadoop/hadoop-hdds-hadoop-dependency-client/1.1.0-SNAPSHOT/hadoop-hdds-hadoop-dependency-client-1.1.0-SNAPSHOT.jar:/home/user/.m2/repository/info/picocli/picocli/4.4.0/picocli-4.4.0.jar:/home/user/.m2/repository/com/fasterxml/jackson/core/jackson-annotations/2.10.3/jackson-annotations-2.10.3.jar:/home/user/.m2/repository/javax/annotation/javax.annotation-api/1.2/javax.annotation-api-1.2.jar:/home/user/.m2/repository/org/fusesource/leveldbjni/leveldbjni-all/1.8/leveldbjni-all-1.8.jar:/home/user/.m2/repository/org/apache/ratis/ratis-server/1.1.0-35f17fa-SNAPSHOT/ratis-server-1.1.0-35f17fa-SNAPSHOT.jar:/home/user/.m2/repository/org/apache/ratis/ratis-client/1.1.0-35f17fa-SNAPSHOT/ratis-client-1.1.0-35f17fa-SNAPSHOT.jar:/home/user/.m2/repository/org/apache/ratis/ratis-server-api/1.1.0-35f17fa-SNAPSHOT/ratis-server-api-1.1.0-35f17fa-SNAPSHOT.jar:/home/user/.m2/repository/org/apache/ratis/ratis-metrics/1.1.0-35f17fa-SNAPSHOT/ratis-metrics-1.1.0-35f17fa-SNAPSHOT.jar:/home/user/.m2/repository/org/apache/ratis/ratis-netty/1.1.0-35f17fa-SNAPSHOT/ratis-netty-1.1.0-35f17fa-SNAPSHOT.jar:/home/user/.m2/repository/org/apache/ratis/ratis-grpc/1.1.0-35f17fa-SNAPSHOT/ratis-grpc-1.1.0-35f17fa-SNAPSHOT.jar:/home/user/.m2/repository/org/apache/logging/log4j/log4j-api/2.13.3/log4j-api-2.13.3.jar:/home/user/.m2/repository/org/apache/logging/log4j/log4j-core/2.13.3/log4j-core-2.13.3.jar:/home/user/.m2/repository/com/lmax/disruptor/3.4.2/disruptor-3.4.2.jar:/home/user/.m2/repository/org/apache/commons/commons-pool2/2.6.0/commons-pool2-2.6.0.jar:/home/user/.m2/repository/org/bouncycastle/bcpkix-jdk15on/1.67/bcpkix-jdk15on-1.67.jar:/home/user/.m2/repository/commons-validator/commons-validator/1.6/commons-validator-1.6.jar:/home/user/.m2/repository/commons-beanutils/commons-beanutils/1.9.4/commons-beanutils-1.9.4.jar:/home/user/.m2/repository/commons-digester/commons-digester/1.8.1/commons-digester-1.8.1.jar:/home/user/.m2/repository/commons-collections/commons-collections/3.2.2/commons-collections-3.2.2.jar:/home/user/.m2/repository/io/jaegertracing/jaeger-client/1.2.0/jaeger-client-1.2.0.jar:/home/user/.m2/repository/io/jaegertracing/jaeger-thrift/1.2.0/jaeger-thrift-1.2.0.jar:/home/user/.m2/repository/org/apache/thrift/libthrift/0.13.0/libthrift-0.13.0.jar:/home/user/.m2/repository/com/squareup/okhttp3/okhttp/4.2.2/okhttp-4.2.2.jar:/home/user/.m2/repository/com/squareup/okio/okio/2.2.2/okio-2.2.2.jar:/home/user/.m2/repository/org/jetbrains/kotlin/kotlin-stdlib/1.3.50/kotlin-stdlib-1.3.50.jar:/home/user/.m2/repository/org/jetbrains/kotlin/kotlin-stdlib-common/1.3.50/kotlin-stdlib-common-1.3.50.jar:/home/user/.m2/repository/org/jetbrains/annotations/13.0/annotations-13.0.jar:/home/user/.m2/repository/io/jaegertracing/jaeger-core/1.2.0/jaeger-core-1.2.0.jar:/home/user/.m2/repository/io/jaegertracing/jaeger-tracerresolver/1.2.0/jaeger-tracerresolver-1.2.0.jar:/home/user/.m2/repository/io/opentracing/contrib/opentracing-tracerresolver/0.1.8/opentracing-tracerresolver-0.1.8.jar:/home/user/.m2/repository/io/opentracing/opentracing-util/0.33.0/opentracing-util-0.33.0.jar:/home/user/.m2/repository/io/opentracing/opentracing-api/0.33.0/opentracing-api-0.33.0.jar:/home/user/.m2/repository/io/opentracing/opentracing-noop/0.33.0/opentracing-noop-0.33.0.jar:/home/user/.m2/repository/org/yaml/snakeyaml/1.26/snakeyaml-1.26.jar:/home/user/.m2/repository/junit/junit/4.11/junit-4.11.jar:/home/user/.m2/repository/org/hamcrest/hamcrest-core/1.3/hamcrest-core-1.3.jar:/home/user/.m2/repository/org/openjdk/jmh/jmh-core/1.19/jmh-core-1.19.jar:/home/user/.m2/repository/net/sf/jopt-simple/jopt-simple/4.6/jopt-simple-4.6.jar:/home/user/.m2/repository/org/apache/commons/commons-math3/3.1.1/commons-math3-3.1.1.jar:/home/user/.m2/repository/org/openjdk/jmh/jmh-generator-annprocess/1.19/jmh-generator-annprocess-1.19.jar:/home/user/.m2/repository/org/mockito/mockito-all/1.8.5/mockito-all-1.8.5.jar:/home/user/.m2/repository/org/apache/hadoop/hadoop-kms/3.2.1/hadoop-kms-3.2.1.jar:/home/user/.m2/repository/org/apache/hadoop/hadoop-auth/3.2.1/hadoop-auth-3.2.1.jar:/home/user/.m2/repository/com/nimbusds/nimbus-jose-jwt/7.9/nimbus-jose-jwt-7.9.jar:/home/user/.m2/repository/com/github/stephenc/jcip/jcip-annotations/1.0-1/jcip-annotations-1.0-1.jar:/home/user/.m2/repository/net/minidev/json-smart/2.3/json-smart-2.3.jar:/home/user/.m2/repository/net/minidev/accessors-smart/1.2/accessors-smart-1.2.jar:/home/user/.m2/repository/org/ow2/asm/asm/5.0.4/asm-5.0.4.jar:/home/user/.m2/repository/org/apache/zookeeper/zookeeper/3.4.13/zookeeper-3.4.13.jar:/home/user/.m2/repository/org/apache/yetus/audience-annotations/0.5.0/audience-annotations-0.5.0.jar:/home/user/.m2/repository/org/apache/curator/curator-framework/2.13.0/curator-framework-2.13.0.jar:/home/user/.m2/repository/com/sun/jersey/jersey-core/1.19/jersey-core-1.19.jar:/home/user/.m2/repository/javax/ws/rs/jsr311-api/1.1.1/jsr311-api-1.1.1.jar:/home/user/.m2/repository/com/sun/jersey/jersey-server/1.19/jersey-server-1.19.jar:/home/user/.m2/repository/javax/servlet/javax.servlet-api/3.1.0/javax.servlet-api-3.1.0.jar:/home/user/.m2/repository/org/eclipse/jetty/jetty-server/9.4.34.v20201102/jetty-server-9.4.34.v20201102.jar:/home/user/.m2/repository/org/eclipse/jetty/jetty-http/9.4.34.v20201102/jetty-http-9.4.34.v20201102.jar:/home/user/.m2/repository/org/eclipse/jetty/jetty-io/9.4.34.v20201102/jetty-io-9.4.34.v20201102.jar:/home/user/.m2/repository/org/eclipse/jetty/jetty-webapp/9.4.34.v20201102/jetty-webapp-9.4.34.v20201102.jar:/home/user/.m2/repository/org/eclipse/jetty/jetty-xml/9.4.34.v20201102/jetty-xml-9.4.34.v20201102.jar:/home/user/.m2/repository/org/apache/hadoop/hadoop-common/3.2.1/hadoop-common-3.2.1.jar:/home/user/.m2/repository/commons-net/commons-net/3.6/commons-net-3.6.jar:/home/user/.m2/repository/com/sun/jersey/jersey-servlet/1.19/jersey-servlet-1.19.jar:/home/user/.m2/repository/com/sun/jersey/jersey-json/1.19/jersey-json-1.19.jar:/home/user/.m2/repository/org/codehaus/jettison/jettison/1.1/jettison-1.1.jar:/home/user/.m2/repository/org/codehaus/jackson/jackson-jaxrs/1.9.2/jackson-jaxrs-1.9.2.jar:/home/user/.m2/repository/org/codehaus/jackson/jackson-xc/1.9.2/jackson-xc-1.9.2.jar:/home/user/.m2/repository/org/apache/commons/commons-configuration2/2.1.1/commons-configuration2-2.1.1.jar:/home/user/.m2/repository/org/apache/commons/commons-text/1.4/commons-text-1.4.jar:/home/user/.m2/repository/com/google/re2j/re2j/1.1/re2j-1.1.jar:/home/user/.m2/repository/com/jcraft/jsch/0.1.54/jsch-0.1.54.jar:/home/user/.m2/repository/org/apache/curator/curator-client/2.13.0/curator-client-2.13.0.jar:/home/user/.m2/repository/org/apache/curator/curator-recipes/2.13.0/curator-recipes-2.13.0.jar:/home/user/.m2/repository/dnsjava/dnsjava/2.1.7/dnsjava-2.1.7.jar:/home/user/.m2/repository/org/slf4j/jul-to-slf4j/1.7.30/jul-to-slf4j-1.7.30.jar:/home/user/.m2/repository/org/eclipse/jetty/jetty-util/9.4.34.v20201102/jetty-util-9.4.34.v20201102.jar:/home/user/.m2/repository/com/fasterxml/jackson/core/jackson-databind/2.10.3/jackson-databind-2.10.3.jar:/home/user/.m2/repository/org/apache/hadoop/hadoop-kms/3.2.1/hadoop-kms-3.2.1-tests.jar:/home/user/.m2/repository/org/apache/hadoop/hadoop-hdds-server-scm/1.1.0-SNAPSHOT/hadoop-hdds-server-scm-1.1.0-SNAPSHOT-tests.jar:/home/user/.m2/repository/org/apache/hadoop/hadoop-hdds-container-service/1.1.0-SNAPSHOT/hadoop-hdds-container-service-1.1.0-SNAPSHOT-tests.jar:/home/user/.m2/repository/commons-codec/commons-codec/1.11/commons-codec-1.11.jar:/home/user/.m2/repository/org/apache/hadoop/hadoop-hdds-hadoop-dependency-test/1.1.0-SNAPSHOT/hadoop-hdds-hadoop-dependency-test-1.1.0-SNAPSHOT.jar:/home/user/.m2/repository/org/apache/hadoop/hadoop-common/3.2.1/hadoop-common-3.2.1-tests.jar:/home/user/.m2/repository/org/apache/hadoop/hadoop-hdfs/3.2.1/hadoop-hdfs-3.2.1-tests.jar:/home/user/.m2/repository/org/eclipse/jetty/jetty-util-ajax/9.4.34.v20201102/jetty-util-ajax-9.4.34.v20201102.jar:/home/user/.m2/repository/commons-daemon/commons-daemon/1.0.13/commons-daemon-1.0.13.jar:/home/user/.m2/repository/io/netty/netty/3.10.5.Final/netty-3.10.5.Final.jar:/home/user/.m2/repository/io/netty/netty-all/4.1.48.Final/netty-all-4.1.48.Final.jar:/home/user/.m2/repository/org/apache/htrace/htrace-core4/4.1.0-incubating/htrace-core4-4.1.0-incubating.jar:/home/user/.m2/repository/org/apache/hadoop/hadoop-distcp/3.2.1/hadoop-distcp-3.2.1.jar:/home/user/.m2/repository/org/apache/hadoop/hadoop-mapreduce-client-jobclient/3.2.1/hadoop-mapreduce-client-jobclient-3.2.1.jar:/home/user/.m2/repository/org/apache/hadoop/hadoop-mapreduce-client-common/3.2.1/hadoop-mapreduce-client-common-3.2.1.jar:/home/user/.m2/repository/org/apache/hadoop/hadoop-yarn-common/3.2.1/hadoop-yarn-common-3.2.1.jar:/home/user/.m2/repository/org/apache/hadoop/hadoop-yarn-api/3.2.1/hadoop-yarn-api-3.2.1.jar:/home/user/.m2/repository/com/sun/jersey/jersey-client/1.19/jersey-client-1.19.jar:/home/user/.m2/repository/com/sun/jersey/contribs/jersey-guice/1.19/jersey-guice-1.19.jar:/home/user/.m2/repository/com/fasterxml/jackson/jaxrs/jackson-jaxrs-json-provider/2.10.3/jackson-jaxrs-json-provider-2.10.3.jar:/home/user/.m2/repository/com/fasterxml/jackson/jaxrs/jackson-jaxrs-base/2.10.3/jackson-jaxrs-base-2.10.3.jar:/home/user/.m2/repository/org/apache/hadoop/hadoop-yarn-client/3.2.1/hadoop-yarn-client-3.2.1.jar:/home/user/.m2/repository/org/apache/hadoop/hadoop-mapreduce-client-core/3.2.1/hadoop-mapreduce-client-core-3.2.1.jar:/home/user/.m2/repository/org/apache/avro/avro/1.7.7/avro-1.7.7.jar:/home/user/.m2/repository/org/codehaus/jackson/jackson-core-asl/1.9.13/jackson-core-asl-1.9.13.jar:/home/user/.m2/repository/org/codehaus/jackson/jackson-mapper-asl/1.9.13/jackson-mapper-asl-1.9.13.jar:/home/user/.m2/repository/com/thoughtworks/paranamer/paranamer/2.3/paranamer-2.3.jar:/home/user/.m2/repository/org/xerial/snappy/snappy-java/1.0.5/snappy-java-1.0.5.jar:/home/user/.m2/repository/org/apache/hadoop/hadoop-annotations/3.2.1/hadoop-annotations-3.2.1.jar:/usr/lib/jvm/java-1.8.0-openjdk-1.8.0.232.b09-0.el7_7.x86_64/jre/../lib/tools.jar:/home/user/.m2/repository/org/apache/hadoop/hadoop-distcp/3.2.1/hadoop-distcp-3.2.1-tests.jar:"/>
    <property name="sun.cpu.endian" value="little"/>
    <property name="user.home" value="/home/user"/>
    <property name="user.language" value="en"/>
    <property name="java.specification.vendor" value="Oracle Corporation"/>
    <property name="java.home" value="/usr/lib/jvm/java-1.8.0-openjdk-1.8.0.232.b09-0.el7_7.x86_64/jre"/>
    <property name="java.security.krb5.conf" value="/github/workspace/mnt/ozone/hadoop-ozone/integration-test/target/test-classes/krb5.conf"/>
    <property name="basedir" value="/github/workspace/mnt/ozone/hadoop-ozone/integration-test"/>
    <property name="file.separator" value="/"/>
    <property name="line.separator" value="&#10;"/>
    <property name="java.vm.specification.vendor" value="Oracle Corporation"/>
    <property name="java.specification.name" value="Java Platform API Specification"/>
    <property name="java.awt.graphicsenv" value="sun.awt.X11GraphicsEnvironment"/>
    <property name="skip.installnpx" value="true"/>
    <property name="surefire.real.class.path" value="/github/workspace/mnt/ozone/hadoop-ozone/integration-test/target/surefire/surefirebooter1831768072132656815.jar:/home/user/.m2/repository/org/jacoco/org.jacoco.agent/0.8.5/org.jacoco.agent-0.8.5-runtime.jar"/>
    <property name="hadoop.log.dir" value="/github/workspace/mnt/ozone/hadoop-ozone/integration-test/target/log"/>
    <property name="sun.boot.class.path" value="/usr/lib/jvm/java-1.8.0-openjdk-1.8.0.232.b09-0.el7_7.x86_64/jre/lib/resources.jar:/usr/lib/jvm/java-1.8.0-openjdk-1.8.0.232.b09-0.el7_7.x86_64/jre/lib/rt.jar:/usr/lib/jvm/java-1.8.0-openjdk-1.8.0.232.b09-0.el7_7.x86_64/jre/lib/sunrsasign.jar:/usr/lib/jvm/java-1.8.0-openjdk-1.8.0.232.b09-0.el7_7.x86_64/jre/lib/jsse.jar:/usr/lib/jvm/java-1.8.0-openjdk-1.8.0.232.b09-0.el7_7.x86_64/jre/lib/jce.jar:/usr/lib/jvm/java-1.8.0-openjdk-1.8.0.232.b09-0.el7_7.x86_64/jre/lib/charsets.jar:/usr/lib/jvm/java-1.8.0-openjdk-1.8.0.232.b09-0.el7_7.x86_64/jre/lib/jfr.jar:/usr/lib/jvm/java-1.8.0-openjdk-1.8.0.232.b09-0.el7_7.x86_64/jre/classes"/>
    <property name="sun.management.compiler" value="HotSpot 64-Bit Tiered Compilers"/>
    <property name="skip.npx" value="true"/>
    <property name="java.runtime.version" value="1.8.0_232-b09"/>
    <property name="java.net.preferIPv4Stack" value="true"/>
    <property name="user.name" value="jenkins1001"/>
    <property name="path.separator" value=":"/>
    <property name="java.security.egd" value="file:///dev/urandom"/>
    <property name="os.version" value="5.4.0-1032-azure"/>
    <property name="java.endorsed.dirs" value="/usr/lib/jvm/java-1.8.0-openjdk-1.8.0.232.b09-0.el7_7.x86_64/jre/lib/endorsed"/>
    <property name="java.runtime.name" value="OpenJDK Runtime Environment"/>
    <property name="file.encoding" value="ANSI_X3.4-1968"/>
    <property name="java.vm.name" value="OpenJDK 64-Bit Server VM"/>
    <property name="test.build.webapps" value=""/>
    <property name="localRepository" value="/home/user/.m2/repository"/>
    <property name="java.vendor.url.bug" value="http://bugreport.sun.com/bugreport/"/>
    <property name="java.io.tmpdir" value="/tmp"/>
    <property name="require.test.libhadoop" value=""/>
    <property name="java.version" value="1.8.0_232"/>
    <property name="user.dir" value="/github/workspace/mnt/ozone/hadoop-ozone/integration-test"/>
    <property name="os.arch" value="amd64"/>
    <property name="java.vm.specification.name" value="Java Virtual Machine Specification"/>
    <property name="test.build.classes" value="/github/workspace/mnt/ozone/hadoop-ozone/integration-test/target/test-classes"/>
    <property name="java.awt.printerjob" value="sun.print.PSPrinterJob"/>
    <property name="sun.os.patch.level" value="unknown"/>
    <property name="hadoop.tmp.dir" value="/github/workspace/mnt/ozone/hadoop-ozone/integration-test/target/tmp"/>
    <property name="java.library.path" value="/usr/lib:/usr/java/packages/lib/amd64:/usr/lib64:/lib64:/lib:/usr/lib"/>
    <property name="java.vm.info" value="mixed mode"/>
    <property name="java.vendor" value="Oracle Corporation"/>
    <property name="java.vm.version" value="25.232-b09"/>
    <property name="java.ext.dirs" value="/usr/lib/jvm/java-1.8.0-openjdk-1.8.0.232.b09-0.el7_7.x86_64/jre/lib/ext:/usr/java/packages/lib/ext"/>
    <property name="sun.io.unicode.encoding" value="UnicodeLittle"/>
    <property name="java.class.version" value="52.0"/>
  </properties>
  <testcase name="testStoppedMaintenanceNodeTakesScmStateOnRestart" classname="org.apache.hadoop.ozone.scm.node.TestDecommissionAndMaintenance" time="53.22"/>
  <testcase name="testContainerIsReplicatedWhenAllNodesGotoMaintenance" classname="org.apache.hadoop.ozone.scm.node.TestDecommissionAndMaintenance" time="46.784"/>
  <testcase name="testDecommissionedStateReinstatedAfterSCMRestart" classname="org.apache.hadoop.ozone.scm.node.TestDecommissionAndMaintenance" time="34.84"/>
  <testcase name="testMaintenanceEndsAutomaticallyAtTimeout" classname="org.apache.hadoop.ozone.scm.node.TestDecommissionAndMaintenance" time="56.705"/>
  <testcase name="testDecommissionedNodeCanBeRecommissioned" classname="org.apache.hadoop.ozone.scm.node.TestDecommissionAndMaintenance" time="22.847"/>
  <testcase name="testNodeWithOpenPipelineCanBeDecommissioned" classname="org.apache.hadoop.ozone.scm.node.TestDecommissionAndMaintenance" time="37.885"/>
  <testcase name="testSingleNodeWithOpenPipelineCanGotoMaintenance" classname="org.apache.hadoop.ozone.scm.node.TestDecommissionAndMaintenance" time="37.952"/>
  <testcase name="testSCMHandlesRestartForMaintenanceNode" classname="org.apache.hadoop.ozone.scm.node.TestDecommissionAndMaintenance" time="44.233"/>
  <testcase name="testStoppedDecommissionedNodeTakesSCMStateOnRestart" classname="org.apache.hadoop.ozone.scm.node.TestDecommissionAndMaintenance" time="49.99"/>
  <testcase name="testEnteringMaintenanceNodeCompletesAfterSCMRestart" classname="org.apache.hadoop.ozone.scm.node.TestDecommissionAndMaintenance" time="40.427">
    <failure message="expected:&lt;5&gt; but was:&lt;4&gt;" type="junit.framework.AssertionFailedError"><![CDATA[junit.framework.AssertionFailedError: expected:<5> but was:<4>
	at junit.framework.Assert.fail(Assert.java:57)
	at junit.framework.Assert.failNotEquals(Assert.java:329)
	at junit.framework.Assert.assertEquals(Assert.java:78)
	at junit.framework.Assert.assertEquals(Assert.java:234)
	at junit.framework.Assert.assertEquals(Assert.java:241)
	at junit.framework.TestCase.assertEquals(TestCase.java:409)
	at org.apache.hadoop.ozone.scm.node.TestDecommissionAndMaintenance.testEnteringMaintenanceNodeCompletesAfterSCMRestart(TestDecommissionAndMaintenance.java:449)
	at sun.reflect.NativeMethodAccessorImpl.invoke0(Native Method)
	at sun.reflect.NativeMethodAccessorImpl.invoke(NativeMethodAccessorImpl.java:62)
	at sun.reflect.DelegatingMethodAccessorImpl.invoke(DelegatingMethodAccessorImpl.java:43)
	at java.lang.reflect.Method.invoke(Method.java:498)
	at org.junit.runners.model.FrameworkMethod$1.runReflectiveCall(FrameworkMethod.java:47)
	at org.junit.internal.runners.model.ReflectiveCallable.run(ReflectiveCallable.java:12)
	at org.junit.runners.model.FrameworkMethod.invokeExplosively(FrameworkMethod.java:44)
	at org.junit.internal.runners.statements.InvokeMethod.evaluate(InvokeMethod.java:17)
	at org.junit.internal.runners.statements.RunBefores.evaluate(RunBefores.java:26)
	at org.junit.internal.runners.statements.RunAfters.evaluate(RunAfters.java:27)
	at org.junit.runners.ParentRunner.runLeaf(ParentRunner.java:271)
	at org.junit.runners.BlockJUnit4ClassRunner.runChild(BlockJUnit4ClassRunner.java:70)
	at org.junit.runners.BlockJUnit4ClassRunner.runChild(BlockJUnit4ClassRunner.java:50)
	at org.junit.runners.ParentRunner$3.run(ParentRunner.java:238)
	at org.junit.runners.ParentRunner$1.schedule(ParentRunner.java:63)
	at org.junit.runners.ParentRunner.runChildren(ParentRunner.java:236)
	at org.junit.runners.ParentRunner.access$000(ParentRunner.java:53)
	at org.junit.runners.ParentRunner$2.evaluate(ParentRunner.java:229)
	at org.junit.runners.ParentRunner.run(ParentRunner.java:309)
	at org.apache.maven.surefire.junit4.JUnit4Provider.execute(JUnit4Provider.java:365)
	at org.apache.maven.surefire.junit4.JUnit4Provider.executeWithRerun(JUnit4Provider.java:273)
	at org.apache.maven.surefire.junit4.JUnit4Provider.executeTestSet(JUnit4Provider.java:238)
	at org.apache.maven.surefire.junit4.JUnit4Provider.invoke(JUnit4Provider.java:159)
	at org.apache.maven.surefire.booter.ForkedBooter.invokeProviderInSameClassLoader(ForkedBooter.java:384)
	at org.apache.maven.surefire.booter.ForkedBooter.runSuitesInProcess(ForkedBooter.java:345)
	at org.apache.maven.surefire.booter.ForkedBooter.execute(ForkedBooter.java:126)
	at org.apache.maven.surefire.booter.ForkedBooter.main(ForkedBooter.java:418)
]]></failure>
    <system-out><![CDATA[2021-01-08 04:46:43,653 [Listener at 127.0.0.1/39739] WARN  server.ServerUtils (ServerUtils.java:getScmDbDir(148)) - ozone.scm.db.dirs is not configured. We recommend adding this setting. Falling back to ozone.metadata.dirs instead.
2021-01-08 04:46:43,656 [Listener at 127.0.0.1/39739] WARN  server.ServerUtils (ServerUtils.java:getScmDbDir(148)) - ozone.scm.db.dirs is not configured. We recommend adding this setting. Falling back to ozone.metadata.dirs instead.
2021-01-08 04:46:43,656 [Listener at 127.0.0.1/39739] WARN  db.DBStoreBuilder (DBStoreBuilder.java:applyDBDefinition(145)) - ozone.scm.db.dirs is not configured. We recommend adding this setting. Falling back to ozone.metadata.dirs instead.
2021-01-08 04:46:43,681 [Listener at 127.0.0.1/39739] INFO  net.NodeSchemaLoader (NodeSchemaLoader.java:loadSchemaFromFile(126)) - Loading file from sun.misc.CompoundEnumeration@432c9f47
2021-01-08 04:46:43,681 [Listener at 127.0.0.1/39739] INFO  net.NodeSchemaLoader (NodeSchemaLoader.java:loadSchema(172)) - Loading network topology layer schema file
2021-01-08 04:46:43,687 [Listener at 127.0.0.1/39739] INFO  node.SCMNodeManager (SCMNodeManager.java:<init>(123)) - Entering startup safe mode.
2021-01-08 04:46:43,687 [Listener at 127.0.0.1/39739] INFO  algorithms.ContainerPlacementPolicyFactory (ContainerPlacementPolicyFactory.java:getPolicy(60)) - Create container placement policy of type org.apache.hadoop.hdds.scm.container.placement.algorithms.SCMContainerPlacementRandom
2021-01-08 04:46:43,687 [Listener at 127.0.0.1/39739] INFO  algorithms.LeaderChoosePolicyFactory (LeaderChoosePolicyFactory.java:getPolicy(57)) - Create leader choose policy of type org.apache.hadoop.hdds.scm.pipeline.leader.choose.algorithms.DefaultLeaderChoosePolicy
2021-01-08 04:46:43,688 [Listener at 127.0.0.1/39739] INFO  pipeline.SCMPipelineManager (SCMPipelineManager.java:initializePipelineState(161)) - No pipeline exists in current db
2021-01-08 04:46:43,689 [Listener at 127.0.0.1/39739] INFO  algorithms.PipelineChoosePolicyFactory (PipelineChoosePolicyFactory.java:createPipelineChoosePolicyFromClass(75)) - Create pipeline choose policy of type org.apache.hadoop.hdds.scm.pipeline.choose.algorithms.RandomPipelineChoosePolicy
2021-01-08 04:46:43,693 [Listener at 127.0.0.1/39739] INFO  safemode.HealthyPipelineSafeModeRule (HealthyPipelineSafeModeRule.java:<init>(89)) - Total pipeline count is 0, healthy pipeline threshold count is 0
2021-01-08 04:46:43,693 [Listener at 127.0.0.1/39739] INFO  safemode.OneReplicaPipelineSafeModeRule (OneReplicaPipelineSafeModeRule.java:<init>(85)) - Total pipeline count is 0, pipeline's with at least one datanode reported threshold count is 0
2021-01-08 04:46:43,695 [Listener at 127.0.0.1/39739] INFO  ipc.CallQueueManager (CallQueueManager.java:<init>(84)) - Using callQueue: class java.util.concurrent.LinkedBlockingQueue, queueCapacity: 2000, scheduler: class org.apache.hadoop.ipc.DefaultRpcScheduler, ipcBackoff: false.
2021-01-08 04:46:43,696 [Socket Reader #1 for port 0] INFO  ipc.Server (Server.java:run(1219)) - Starting Socket Reader #1 for port 0
2021-01-08 04:46:43,697 [Listener at 0.0.0.0/36571] INFO  ipc.CallQueueManager (CallQueueManager.java:<init>(84)) - Using callQueue: class java.util.concurrent.LinkedBlockingQueue, queueCapacity: 2000, scheduler: class org.apache.hadoop.ipc.DefaultRpcScheduler, ipcBackoff: false.
2021-01-08 04:46:43,697 [Socket Reader #1 for port 0] INFO  ipc.Server (Server.java:run(1219)) - Starting Socket Reader #1 for port 0
2021-01-08 04:46:43,700 [Listener at 0.0.0.0/41627] INFO  ipc.CallQueueManager (CallQueueManager.java:<init>(84)) - Using callQueue: class java.util.concurrent.LinkedBlockingQueue, queueCapacity: 2000, scheduler: class org.apache.hadoop.ipc.DefaultRpcScheduler, ipcBackoff: false.
2021-01-08 04:46:43,703 [Socket Reader #1 for port 0] INFO  ipc.Server (Server.java:run(1219)) - Starting Socket Reader #1 for port 0
2021-01-08 04:46:43,707 [Listener at 0.0.0.0/34827] INFO  http.BaseHttpServer (BaseHttpServer.java:newHttpServer2BuilderForOzone(207)) - Starting Web-server for scm at: http://0.0.0.0:0
2021-01-08 04:46:43,707 [Listener at 0.0.0.0/34827] INFO  http.BaseHttpServer (BaseHttpServer.java:<init>(106)) - Hadoop Security Enabled: false Ozone Security Enabled: false Ozone HTTP Security Enabled: false 
2021-01-08 04:46:43,708 [Listener at 0.0.0.0/34827] INFO  server.AuthenticationFilter (AuthenticationFilter.java:constructSecretProvider(240)) - Unable to initialize FileSignerSecretProvider, falling back to use random secrets.
2021-01-08 04:46:43,708 [Listener at 0.0.0.0/34827] WARN  http.HttpRequestLog (HttpRequestLog.java:getRequestLog(103)) - Jetty request log can only be enabled using Log4j
2021-01-08 04:46:43,709 [Listener at 0.0.0.0/34827] INFO  http.HttpServer2 (HttpServer2.java:addGlobalFilter(1020)) - Added global filter 'safety' (class=org.apache.hadoop.hdds.server.http.HttpServer2$QuotingInputFilter)
2021-01-08 04:46:43,710 [Listener at 0.0.0.0/34827] INFO  http.HttpServer2 (HttpServer2.java:addFilter(996)) - Added filter static_user_filter (class=org.apache.hadoop.http.lib.StaticUserWebFilter$StaticUserFilter) to context scm
2021-01-08 04:46:43,710 [Listener at 0.0.0.0/34827] INFO  http.HttpServer2 (HttpServer2.java:addFilter(1004)) - Added filter static_user_filter (class=org.apache.hadoop.http.lib.StaticUserWebFilter$StaticUserFilter) to context static
2021-01-08 04:46:43,710 [Listener at 0.0.0.0/34827] INFO  http.HttpServer2 (HttpServer2.java:addFilter(1004)) - Added filter static_user_filter (class=org.apache.hadoop.http.lib.StaticUserWebFilter$StaticUserFilter) to context logs
2021-01-08 04:46:43,711 [Listener at 0.0.0.0/34827] INFO  server.StorageContainerManager (StorageContainerManager.java:start(789)) - StorageContainerLocationProtocol RPC server is listening at /0.0.0.0:34827
2021-01-08 04:46:43,713 [Listener at 0.0.0.0/34827] WARN  impl.MetricsConfig (MetricsConfig.java:loadFirst(134)) - Cannot locate configuration: tried hadoop-metrics2-storagecontainermanager.properties,hadoop-metrics2.properties
2021-01-08 04:46:43,715 [Listener at 0.0.0.0/34827] INFO  impl.MetricsSystemImpl (MetricsSystemImpl.java:startTimer(374)) - Scheduled Metric snapshot period at 10 second(s).
2021-01-08 04:46:43,715 [Listener at 0.0.0.0/34827] INFO  impl.MetricsSystemImpl (MetricsSystemImpl.java:start(191)) - StorageContainerManager metrics system started
2021-01-08 04:46:43,737 [Listener at 0.0.0.0/34827] WARN  impl.MetricsSystemImpl (MetricsSystemImpl.java:register(276)) - Sink prometheus already exists!
2021-01-08 04:46:43,762 [Listener at 0.0.0.0/34827] INFO  server.SCMClientProtocolServer (SCMClientProtocolServer.java:start(159)) - RPC server for Client  is listening at /0.0.0.0:34827
2021-01-08 04:46:43,762 [IPC Server Responder] INFO  ipc.Server (Server.java:run(1460)) - IPC Server Responder: starting
2021-01-08 04:46:43,767 [IPC Server listener on 0] INFO  ipc.Server (Server.java:run(1298)) - IPC Server listener on 0: starting
2021-01-08 04:46:43,773 [Listener at 0.0.0.0/34827] INFO  server.StorageContainerManager (StorageContainerManager.java:start(801)) - ScmBlockLocationProtocol RPC server is listening at /0.0.0.0:41627
2021-01-08 04:46:43,773 [Listener at 0.0.0.0/34827] INFO  server.SCMBlockProtocolServer (SCMBlockProtocolServer.java:start(150)) - RPC server for Block Protocol is listening at /0.0.0.0:41627
2021-01-08 04:46:43,773 [IPC Server Responder] INFO  ipc.Server (Server.java:run(1460)) - IPC Server Responder: starting
2021-01-08 04:46:43,773 [IPC Server listener on 0] INFO  ipc.Server (Server.java:run(1298)) - IPC Server listener on 0: starting
2021-01-08 04:46:43,781 [Listener at 0.0.0.0/34827] INFO  server.StorageContainerManager (StorageContainerManager.java:start(807)) - ScmDatanodeProtocl RPC server is listening at /0.0.0.0:36571
2021-01-08 04:46:43,781 [Listener at 0.0.0.0/34827] INFO  server.SCMDatanodeProtocolServer (SCMDatanodeProtocolServer.java:start(174)) - RPC server for DataNodes is listening at /0.0.0.0:36571
2021-01-08 04:46:43,781 [IPC Server Responder] INFO  ipc.Server (Server.java:run(1460)) - IPC Server Responder: starting
2021-01-08 04:46:43,783 [IPC Server listener on 0] INFO  ipc.Server (Server.java:run(1298)) - IPC Server listener on 0: starting
2021-01-08 04:46:43,802 [Listener at 0.0.0.0/34827] INFO  http.HttpServer2 (HttpServer2.java:bindListener(1238)) - Jetty bound to port 46077
2021-01-08 04:46:43,802 [Listener at 0.0.0.0/34827] INFO  server.Server (Server.java:doStart(375)) - jetty-9.4.34.v20201102; built: 2020-11-02T14:15:39.302Z; git: e46af88704a893fc12cb0e3bf46e2c7b48a009e7; jvm 1.8.0_232-b09
2021-01-08 04:46:43,805 [Listener at 0.0.0.0/34827] INFO  server.session (DefaultSessionIdManager.java:doStart(334)) - DefaultSessionIdManager workerName=node0
2021-01-08 04:46:43,805 [Listener at 0.0.0.0/34827] INFO  server.session (DefaultSessionIdManager.java:doStart(339)) - No SessionScavenger set, using defaults
2021-01-08 04:46:43,805 [Listener at 0.0.0.0/34827] INFO  server.session (HouseKeeper.java:startScavenging(132)) - node0 Scavenging every 600000ms
2021-01-08 04:46:43,806 [Listener at 0.0.0.0/34827] INFO  handler.ContextHandler (ContextHandler.java:doStart(916)) - Started o.e.j.s.ServletContextHandler@b9645ca{logs,/logs,file:///github/workspace/mnt/ozone/hadoop-ozone/integration-test/target/log,AVAILABLE}
2021-01-08 04:46:43,806 [Listener at 0.0.0.0/34827] INFO  handler.ContextHandler (ContextHandler.java:doStart(916)) - Started o.e.j.s.ServletContextHandler@12f2f402{static,/static,file:///github/workspace/mnt/ozone/hadoop-ozone/integration-test/target/test-classes/webapps/static,AVAILABLE}
2021-01-08 04:46:43,811 [Listener at 0.0.0.0/34827] INFO  handler.ContextHandler (ContextHandler.java:doStart(916)) - Started o.e.j.w.WebAppContext@2d3e28ba{scm,/,file:///github/workspace/mnt/ozone/hadoop-ozone/integration-test/target/test-classes/webapps/scm/,AVAILABLE}{file:/github/workspace/mnt/ozone/hadoop-ozone/integration-test/target/test-classes/webapps/scm}
2021-01-08 04:46:43,814 [Listener at 0.0.0.0/34827] INFO  server.AbstractConnector (AbstractConnector.java:doStart(331)) - Started ServerConnector@6d2ea1bc{HTTP/1.1, (http/1.1)}{0.0.0.0:46077}
2021-01-08 04:46:43,814 [Listener at 0.0.0.0/34827] INFO  server.Server (Server.java:doStart(415)) - Started @385570ms
2021-01-08 04:46:43,814 [Listener at 0.0.0.0/34827] WARN  impl.MetricsSystemImpl (MetricsSystemImpl.java:register(276)) - Sink prometheus already exists!
2021-01-08 04:46:43,817 [Listener at 0.0.0.0/34827] INFO  http.BaseHttpServer (BaseHttpServer.java:updateConnectorAddress(327)) - HTTP server of scm listening at http://0.0.0.0:46077
2021-01-08 04:46:43,822 [Listener at 0.0.0.0/34827] WARN  server.ServerUtils (ServerUtils.java:getDBPath(225)) - ozone.om.db.dirs is not configured. We recommend adding this setting. Falling back to ozone.metadata.dirs instead.
2021-01-08 04:46:43,823 [org.apache.hadoop.util.JvmPauseMonitor$Monitor@69b039f6] INFO  util.JvmPauseMonitor (JvmPauseMonitor.java:run(188)) - Starting JVM pause monitor
2021-01-08 04:46:43,824 [Listener at 0.0.0.0/34827] INFO  ha.OMHANodeDetails (OMHANodeDetails.java:loadOMHAConfig(104)) - ozone.om.internal.service.id is not defined, falling back to ozone.om.service.ids to find serviceID for OzoneManager if it is HA enabled cluster
2021-01-08 04:46:43,824 [Listener at 0.0.0.0/34827] INFO  ha.OMHANodeDetails (OMHANodeDetails.java:loadOMHAConfig(213)) - Configuration either no ozone.om.address set. Falling back to the default OM address /127.0.0.1:0
2021-01-08 04:46:43,824 [Listener at 0.0.0.0/34827] INFO  ha.OMHANodeDetails (OMHANodeDetails.java:getOMNodeDetails(241)) - OM Service ID is not set. Setting it to the default ID: omServiceIdDefault
2021-01-08 04:46:43,824 [Listener at 0.0.0.0/34827] WARN  server.ServerUtils (ServerUtils.java:getDBPath(225)) - ozone.om.db.dirs is not configured. We recommend adding this setting. Falling back to ozone.metadata.dirs instead.
2021-01-08 04:46:43,825 [Listener at 0.0.0.0/34827] WARN  server.ServerUtils (ServerUtils.java:getDBPath(225)) - ozone.om.db.dirs is not configured. We recommend adding this setting. Falling back to ozone.metadata.dirs instead.
2021-01-08 04:46:43,840 [Listener at 0.0.0.0/34827] WARN  server.ServerUtils (ServerUtils.java:getDBPath(225)) - ozone.om.db.dirs is not configured. We recommend adding this setting. Falling back to ozone.metadata.dirs instead.
2021-01-08 04:46:43,840 [Listener at 0.0.0.0/34827] INFO  codec.OmKeyInfoCodec (OmKeyInfoCodec.java:<init>(41)) - OmKeyInfoCodec ignorePipeline = true
2021-01-08 04:46:43,840 [Listener at 0.0.0.0/34827] INFO  codec.RepeatedOmKeyInfoCodec (RepeatedOmKeyInfoCodec.java:<init>(40)) - RepeatedOmKeyInfoCodec ignorePipeline = true
2021-01-08 04:46:43,898 [Listener at 0.0.0.0/34827] INFO  om.OzoneManager (OzoneManager.java:addS3GVolumeToDB(3738)) - Created Volume s3v With Owner jenkins1001 required for S3Gateway operations.
2021-01-08 04:46:43,904 [Listener at 0.0.0.0/34827] INFO  ipc.CallQueueManager (CallQueueManager.java:<init>(84)) - Using callQueue: class java.util.concurrent.LinkedBlockingQueue, queueCapacity: 2000, scheduler: class org.apache.hadoop.ipc.DefaultRpcScheduler, ipcBackoff: false.
2021-01-08 04:46:43,904 [Socket Reader #1 for port 0] INFO  ipc.Server (Server.java:run(1219)) - Starting Socket Reader #1 for port 0
2021-01-08 04:46:43,923 [Listener at 127.0.0.1/45829] INFO  impl.MetricsSystemImpl (MetricsSystemImpl.java:init(158)) - OzoneManager metrics system started (again)
2021-01-08 04:46:43,925 [Listener at 127.0.0.1/45829] INFO  om.OzoneManager (OzoneManager.java:start(1160)) - OzoneManager RPC server is listening at localhost/127.0.0.1:45829
2021-01-08 04:46:43,929 [Listener at 127.0.0.1/45829] INFO  http.BaseHttpServer (BaseHttpServer.java:newHttpServer2BuilderForOzone(207)) - Starting Web-server for ozoneManager at: http://0.0.0.0:0
2021-01-08 04:46:43,929 [Listener at 127.0.0.1/45829] INFO  http.BaseHttpServer (BaseHttpServer.java:<init>(106)) - Hadoop Security Enabled: false Ozone Security Enabled: false Ozone HTTP Security Enabled: false 
2021-01-08 04:46:43,930 [Listener at 127.0.0.1/45829] INFO  server.AuthenticationFilter (AuthenticationFilter.java:constructSecretProvider(240)) - Unable to initialize FileSignerSecretProvider, falling back to use random secrets.
2021-01-08 04:46:43,930 [Listener at 127.0.0.1/45829] WARN  http.HttpRequestLog (HttpRequestLog.java:getRequestLog(103)) - Jetty request log can only be enabled using Log4j
2021-01-08 04:46:43,931 [Listener at 127.0.0.1/45829] INFO  http.HttpServer2 (HttpServer2.java:addGlobalFilter(1020)) - Added global filter 'safety' (class=org.apache.hadoop.hdds.server.http.HttpServer2$QuotingInputFilter)
2021-01-08 04:46:43,931 [Listener at 127.0.0.1/45829] INFO  http.HttpServer2 (HttpServer2.java:addFilter(996)) - Added filter static_user_filter (class=org.apache.hadoop.http.lib.StaticUserWebFilter$StaticUserFilter) to context ozoneManager
2021-01-08 04:46:43,931 [Listener at 127.0.0.1/45829] INFO  http.HttpServer2 (HttpServer2.java:addFilter(1004)) - Added filter static_user_filter (class=org.apache.hadoop.http.lib.StaticUserWebFilter$StaticUserFilter) to context logs
2021-01-08 04:46:43,931 [Listener at 127.0.0.1/45829] INFO  http.HttpServer2 (HttpServer2.java:addFilter(1004)) - Added filter static_user_filter (class=org.apache.hadoop.http.lib.StaticUserWebFilter$StaticUserFilter) to context static
2021-01-08 04:46:43,932 [Listener at 127.0.0.1/45829] INFO  http.HttpServer2 (HttpServer2.java:bindListener(1238)) - Jetty bound to port 43147
2021-01-08 04:46:43,932 [Listener at 127.0.0.1/45829] INFO  server.Server (Server.java:doStart(375)) - jetty-9.4.34.v20201102; built: 2020-11-02T14:15:39.302Z; git: e46af88704a893fc12cb0e3bf46e2c7b48a009e7; jvm 1.8.0_232-b09
2021-01-08 04:46:43,935 [Listener at 127.0.0.1/45829] INFO  server.session (DefaultSessionIdManager.java:doStart(334)) - DefaultSessionIdManager workerName=node0
2021-01-08 04:46:43,936 [Listener at 127.0.0.1/45829] INFO  server.session (DefaultSessionIdManager.java:doStart(339)) - No SessionScavenger set, using defaults
2021-01-08 04:46:43,936 [Listener at 127.0.0.1/45829] INFO  server.session (HouseKeeper.java:startScavenging(132)) - node0 Scavenging every 660000ms
2021-01-08 04:46:43,937 [Listener at 127.0.0.1/45829] INFO  handler.ContextHandler (ContextHandler.java:doStart(916)) - Started o.e.j.s.ServletContextHandler@954e5d5{logs,/logs,file:///github/workspace/mnt/ozone/hadoop-ozone/integration-test/target/log,AVAILABLE}
2021-01-08 04:46:43,937 [Listener at 127.0.0.1/45829] INFO  handler.ContextHandler (ContextHandler.java:doStart(916)) - Started o.e.j.s.ServletContextHandler@927e34d{static,/static,file:///github/workspace/mnt/ozone/hadoop-ozone/integration-test/target/test-classes/webapps/static,AVAILABLE}
2021-01-08 04:46:43,940 [Listener at 127.0.0.1/45829] INFO  handler.ContextHandler (ContextHandler.java:doStart(916)) - Started o.e.j.w.WebAppContext@2441e2d3{ozoneManager,/,file:///github/workspace/mnt/ozone/hadoop-ozone/integration-test/target/test-classes/webapps/ozoneManager/,AVAILABLE}{file:/github/workspace/mnt/ozone/hadoop-ozone/integration-test/target/test-classes/webapps/ozoneManager}
2021-01-08 04:46:43,941 [Listener at 127.0.0.1/45829] INFO  server.AbstractConnector (AbstractConnector.java:doStart(331)) - Started ServerConnector@39012a67{HTTP/1.1, (http/1.1)}{0.0.0.0:43147}
2021-01-08 04:46:43,941 [Listener at 127.0.0.1/45829] INFO  server.Server (Server.java:doStart(415)) - Started @385698ms
2021-01-08 04:46:43,941 [Listener at 127.0.0.1/45829] WARN  impl.MetricsSystemImpl (MetricsSystemImpl.java:register(276)) - Sink prometheus already exists!
2021-01-08 04:46:43,945 [Listener at 127.0.0.1/45829] INFO  http.BaseHttpServer (BaseHttpServer.java:updateConnectorAddress(327)) - HTTP server of ozoneManager listening at http://0.0.0.0:43147
2021-01-08 04:46:43,945 [IPC Server Responder] INFO  ipc.Server (Server.java:run(1460)) - IPC Server Responder: starting
2021-01-08 04:46:43,946 [IPC Server listener on 0] INFO  ipc.Server (Server.java:run(1298)) - IPC Server listener on 0: starting
2021-01-08 04:46:43,951 [Listener at 127.0.0.1/45829] INFO  om.OzoneManager (OzoneManager.java:startTrashEmptier(1281)) - Trash Interval set to 0. Files deleted will not move to trash
2021-01-08 04:46:43,968 [org.apache.hadoop.util.JvmPauseMonitor$Monitor@5638bee0] INFO  util.JvmPauseMonitor (JvmPauseMonitor.java:run(188)) - Starting JVM pause monitor
2021-01-08 04:46:43,971 [Listener at 127.0.0.1/45829] INFO  impl.MetricsSystemImpl (MetricsSystemImpl.java:init(158)) - HddsDatanode metrics system started (again)
2021-01-08 04:46:43,973 [Listener at 127.0.0.1/45829] INFO  ozone.HddsDatanodeService (HddsDatanodeService.java:start(215)) - HddsDatanodeService host:36857d2baa53 ip:172.17.0.2
2021-01-08 04:46:43,974 [Listener at 127.0.0.1/45829] INFO  volume.HddsVolume (HddsVolume.java:<init>(176)) - Creating Volume: /github/workspace/mnt/ozone/hadoop-ozone/integration-test/target/test-dir/MiniOzoneClusterImpl-8e553afa-60cb-4a34-8c5d-9ccb1efc285c/datanode-0/data-0/containers/hdds of storage type : DISK and capacity : 9223372036854775807
2021-01-08 04:46:43,974 [Listener at 127.0.0.1/45829] INFO  volume.MutableVolumeSet (MutableVolumeSet.java:initializeVolumeSet(179)) - Added Volume : /github/workspace/mnt/ozone/hadoop-ozone/integration-test/target/test-dir/MiniOzoneClusterImpl-8e553afa-60cb-4a34-8c5d-9ccb1efc285c/datanode-0/data-0/containers/hdds to VolumeSet
2021-01-08 04:46:43,974 [Listener at 127.0.0.1/45829] INFO  volume.ThrottledAsyncChecker (ThrottledAsyncChecker.java:schedule(141)) - Scheduling a check for /github/workspace/mnt/ozone/hadoop-ozone/integration-test/target/test-dir/MiniOzoneClusterImpl-8e553afa-60cb-4a34-8c5d-9ccb1efc285c/datanode-0/data-0/containers/hdds
2021-01-08 04:46:43,975 [Listener at 127.0.0.1/45829] INFO  volume.HddsVolumeChecker (HddsVolumeChecker.java:checkAllVolumes(200)) - Scheduled health check for volume /github/workspace/mnt/ozone/hadoop-ozone/integration-test/target/test-dir/MiniOzoneClusterImpl-8e553afa-60cb-4a34-8c5d-9ccb1efc285c/datanode-0/data-0/containers/hdds
2021-01-08 04:46:43,988 [Thread-5688] INFO  ozoneimpl.ContainerReader (ContainerReader.java:readVolume(123)) - Start to verify containers on volume /github/workspace/mnt/ozone/hadoop-ozone/integration-test/target/test-dir/MiniOzoneClusterImpl-8e553afa-60cb-4a34-8c5d-9ccb1efc285c/datanode-0/data-0/containers/hdds
2021-01-08 04:46:43,988 [Thread-5688] INFO  ozoneimpl.ContainerReader (ContainerReader.java:readVolume(148)) - Finish verifying containers on volume /github/workspace/mnt/ozone/hadoop-ozone/integration-test/target/test-dir/MiniOzoneClusterImpl-8e553afa-60cb-4a34-8c5d-9ccb1efc285c/datanode-0/data-0/containers/hdds
2021-01-08 04:46:43,988 [Listener at 127.0.0.1/45829] INFO  ozoneimpl.OzoneContainer (OzoneContainer.java:buildContainerSet(206)) - Build ContainerSet costs 0s
2021-01-08 04:46:43,990 [Listener at 127.0.0.1/45829] INFO  server.RaftServer (ConfUtils.java:logGet(44)) - raft.rpc.type = GRPC (default)
2021-01-08 04:46:43,990 [Listener at 127.0.0.1/45829] INFO  grpc.GrpcFactory (GrpcFactory.java:checkPooledByteBufAllocatorUseCacheForAllThreads(48)) - PERFORMANCE WARNING: useCacheForAllThreads is true that may cause Netty to create a lot garbage objects and, as a result, trigger GC.
	It is recommended to disable useCacheForAllThreads by setting -Dorg.apache.ratis.thirdparty.io.netty.allocator.useCacheForAllThreads=false in command line.
2021-01-08 04:46:43,990 [Listener at 127.0.0.1/45829] INFO  grpc.GrpcConfigKeys (ConfUtils.java:logGet(44)) - raft.grpc.server.port = 0 (default)
2021-01-08 04:46:43,990 [Listener at 127.0.0.1/45829] INFO  server.GrpcService (ConfUtils.java:logGet(44)) - raft.grpc.message.size.max = 32MB (=33554432) (custom)
2021-01-08 04:46:43,990 [Listener at 127.0.0.1/45829] INFO  server.RaftServerConfigKeys (ConfUtils.java:logGet(44)) - raft.server.log.appender.buffer.byte-limit = 33554432 (custom)
2021-01-08 04:46:43,990 [Listener at 127.0.0.1/45829] INFO  server.GrpcService (ConfUtils.java:logGet(44)) - raft.grpc.flow.control.window = 5MB (=5242880) (custom)
2021-01-08 04:46:43,991 [Listener at 127.0.0.1/45829] INFO  server.RaftServerConfigKeys (ConfUtils.java:logGet(44)) - raft.server.rpc.request.timeout = 60s (custom)
2021-01-08 04:46:43,991 [Listener at 127.0.0.1/45829] INFO  impl.DataStreamServerImpl (ConfUtils.java:logGet(44)) - raft.datastream.type = DISABLED (default)
2021-01-08 04:46:43,992 [Listener at 127.0.0.1/45829] INFO  server.RaftServerConfigKeys (ConfUtils.java:logGet(44)) - raft.server.rpc.slowness.timeout = 300s (custom)
2021-01-08 04:46:43,992 [Listener at 127.0.0.1/45829] INFO  server.RaftServerConfigKeys (ConfUtils.java:logGet(44)) - raft.server.leaderelection.leader.step-down.wait-time = 10s (default)
2021-01-08 04:46:43,992 [Listener at 127.0.0.1/45829] INFO  server.RaftServerConfigKeys (ConfUtils.java:logGet(44)) - raft.server.storage.dir = [/github/workspace/mnt/ozone/hadoop-ozone/integration-test/target/test-dir/MiniOzoneClusterImpl-8e553afa-60cb-4a34-8c5d-9ccb1efc285c/datanode-0/data/ratis] (custom)
2021-01-08 04:46:43,997 [Listener at 127.0.0.1/45829] INFO  http.BaseHttpServer (BaseHttpServer.java:newHttpServer2BuilderForOzone(207)) - Starting Web-server for hddsDatanode at: http://0.0.0.0:0
2021-01-08 04:46:43,997 [Listener at 127.0.0.1/45829] INFO  http.BaseHttpServer (BaseHttpServer.java:<init>(106)) - Hadoop Security Enabled: false Ozone Security Enabled: false Ozone HTTP Security Enabled: false 
2021-01-08 04:46:43,998 [Listener at 127.0.0.1/45829] INFO  server.AuthenticationFilter (AuthenticationFilter.java:constructSecretProvider(240)) - Unable to initialize FileSignerSecretProvider, falling back to use random secrets.
2021-01-08 04:46:43,998 [Listener at 127.0.0.1/45829] WARN  http.HttpRequestLog (HttpRequestLog.java:getRequestLog(103)) - Jetty request log can only be enabled using Log4j
2021-01-08 04:46:43,999 [Listener at 127.0.0.1/45829] INFO  http.HttpServer2 (HttpServer2.java:addGlobalFilter(1020)) - Added global filter 'safety' (class=org.apache.hadoop.hdds.server.http.HttpServer2$QuotingInputFilter)
2021-01-08 04:46:43,999 [Listener at 127.0.0.1/45829] INFO  http.HttpServer2 (HttpServer2.java:addFilter(996)) - Added filter static_user_filter (class=org.apache.hadoop.http.lib.StaticUserWebFilter$StaticUserFilter) to context hddsDatanode
2021-01-08 04:46:43,999 [Listener at 127.0.0.1/45829] INFO  http.HttpServer2 (HttpServer2.java:addFilter(1004)) - Added filter static_user_filter (class=org.apache.hadoop.http.lib.StaticUserWebFilter$StaticUserFilter) to context logs
2021-01-08 04:46:43,999 [Listener at 127.0.0.1/45829] INFO  http.HttpServer2 (HttpServer2.java:addFilter(1004)) - Added filter static_user_filter (class=org.apache.hadoop.http.lib.StaticUserWebFilter$StaticUserFilter) to context static
2021-01-08 04:46:44,000 [Listener at 127.0.0.1/45829] INFO  http.HttpServer2 (HttpServer2.java:bindListener(1238)) - Jetty bound to port 33967
2021-01-08 04:46:44,000 [Listener at 127.0.0.1/45829] INFO  server.Server (Server.java:doStart(375)) - jetty-9.4.34.v20201102; built: 2020-11-02T14:15:39.302Z; git: e46af88704a893fc12cb0e3bf46e2c7b48a009e7; jvm 1.8.0_232-b09
2021-01-08 04:46:44,001 [Listener at 127.0.0.1/45829] INFO  server.session (DefaultSessionIdManager.java:doStart(334)) - DefaultSessionIdManager workerName=node0
2021-01-08 04:46:44,001 [Listener at 127.0.0.1/45829] INFO  server.session (DefaultSessionIdManager.java:doStart(339)) - No SessionScavenger set, using defaults
2021-01-08 04:46:44,002 [Listener at 127.0.0.1/45829] INFO  server.session (HouseKeeper.java:startScavenging(132)) - node0 Scavenging every 600000ms
2021-01-08 04:46:44,002 [Listener at 127.0.0.1/45829] INFO  handler.ContextHandler (ContextHandler.java:doStart(916)) - Started o.e.j.s.ServletContextHandler@51ac1dce{logs,/logs,file:///github/workspace/mnt/ozone/hadoop-ozone/integration-test/target/log,AVAILABLE}
2021-01-08 04:46:44,002 [Listener at 127.0.0.1/45829] INFO  handler.ContextHandler (ContextHandler.java:doStart(916)) - Started o.e.j.s.ServletContextHandler@5286aa41{static,/static,jar:file:/home/user/.m2/repository/org/apache/hadoop/hadoop-hdds-container-service/1.1.0-SNAPSHOT/hadoop-hdds-container-service-1.1.0-SNAPSHOT.jar!/webapps/static,AVAILABLE}
2021-01-08 04:46:44,173 [Listener at 127.0.0.1/45829] INFO  handler.ContextHandler (ContextHandler.java:doStart(916)) - Started o.e.j.w.WebAppContext@42300e1c{hddsDatanode,/,file:///tmp/jetty-0_0_0_0-33967-hadoop-hdds-container-service-1_1_0-SNAPSHOT_jar-_-any-6949170212849751131/webapp/,AVAILABLE}{jar:file:/home/user/.m2/repository/org/apache/hadoop/hadoop-hdds-container-service/1.1.0-SNAPSHOT/hadoop-hdds-container-service-1.1.0-SNAPSHOT.jar!/webapps/hddsDatanode}
2021-01-08 04:46:44,174 [Listener at 127.0.0.1/45829] INFO  server.AbstractConnector (AbstractConnector.java:doStart(331)) - Started ServerConnector@280b0df9{HTTP/1.1, (http/1.1)}{0.0.0.0:33967}
2021-01-08 04:46:44,174 [Listener at 127.0.0.1/45829] INFO  server.Server (Server.java:doStart(415)) - Started @385931ms
2021-01-08 04:46:44,175 [Listener at 127.0.0.1/45829] WARN  impl.MetricsSystemImpl (MetricsSystemImpl.java:register(276)) - Sink prometheus already exists!
2021-01-08 04:46:44,178 [Listener at 127.0.0.1/45829] INFO  http.BaseHttpServer (BaseHttpServer.java:updateConnectorAddress(327)) - HTTP server of hddsDatanode listening at http://0.0.0.0:33967
2021-01-08 04:46:44,178 [Listener at 127.0.0.1/45829] INFO  impl.MetricsSystemImpl (MetricsSystemImpl.java:init(158)) - HddsDatanode metrics system started (again)
2021-01-08 04:46:44,180 [Listener at 127.0.0.1/45829] INFO  ozone.HddsDatanodeService (HddsDatanodeService.java:start(215)) - HddsDatanodeService host:36857d2baa53 ip:172.17.0.2
2021-01-08 04:46:44,181 [Listener at 127.0.0.1/45829] INFO  volume.HddsVolume (HddsVolume.java:<init>(176)) - Creating Volume: /github/workspace/mnt/ozone/hadoop-ozone/integration-test/target/test-dir/MiniOzoneClusterImpl-8e553afa-60cb-4a34-8c5d-9ccb1efc285c/datanode-1/data-0/containers/hdds of storage type : DISK and capacity : 9223372036854775807
2021-01-08 04:46:44,181 [Listener at 127.0.0.1/45829] INFO  volume.MutableVolumeSet (MutableVolumeSet.java:initializeVolumeSet(179)) - Added Volume : /github/workspace/mnt/ozone/hadoop-ozone/integration-test/target/test-dir/MiniOzoneClusterImpl-8e553afa-60cb-4a34-8c5d-9ccb1efc285c/datanode-1/data-0/containers/hdds to VolumeSet
2021-01-08 04:46:44,181 [Listener at 127.0.0.1/45829] INFO  volume.ThrottledAsyncChecker (ThrottledAsyncChecker.java:schedule(141)) - Scheduling a check for /github/workspace/mnt/ozone/hadoop-ozone/integration-test/target/test-dir/MiniOzoneClusterImpl-8e553afa-60cb-4a34-8c5d-9ccb1efc285c/datanode-1/data-0/containers/hdds
2021-01-08 04:46:44,182 [Listener at 127.0.0.1/45829] INFO  volume.HddsVolumeChecker (HddsVolumeChecker.java:checkAllVolumes(200)) - Scheduled health check for volume /github/workspace/mnt/ozone/hadoop-ozone/integration-test/target/test-dir/MiniOzoneClusterImpl-8e553afa-60cb-4a34-8c5d-9ccb1efc285c/datanode-1/data-0/containers/hdds
2021-01-08 04:46:44,200 [Datanode State Machine Task Thread - 0] INFO  datanode.InitDatanodeState (InitDatanodeState.java:persistContainerDatanodeDetails(145)) - DatanodeDetails is persisted to /github/workspace/mnt/ozone/hadoop-ozone/integration-test/target/test-dir/MiniOzoneClusterImpl-8e553afa-60cb-4a34-8c5d-9ccb1efc285c/datanode-0/meta/datanode.id
2021-01-08 04:46:44,200 [org.apache.hadoop.util.JvmPauseMonitor$Monitor@552e5501] INFO  util.JvmPauseMonitor (JvmPauseMonitor.java:run(188)) - Starting JVM pause monitor
2021-01-08 04:46:44,200 [Thread-5697] INFO  ozoneimpl.ContainerReader (ContainerReader.java:readVolume(123)) - Start to verify containers on volume /github/workspace/mnt/ozone/hadoop-ozone/integration-test/target/test-dir/MiniOzoneClusterImpl-8e553afa-60cb-4a34-8c5d-9ccb1efc285c/datanode-1/data-0/containers/hdds
2021-01-08 04:46:44,200 [Thread-5697] INFO  ozoneimpl.ContainerReader (ContainerReader.java:readVolume(148)) - Finish verifying containers on volume /github/workspace/mnt/ozone/hadoop-ozone/integration-test/target/test-dir/MiniOzoneClusterImpl-8e553afa-60cb-4a34-8c5d-9ccb1efc285c/datanode-1/data-0/containers/hdds
2021-01-08 04:46:44,200 [Listener at 127.0.0.1/45829] INFO  ozoneimpl.OzoneContainer (OzoneContainer.java:buildContainerSet(206)) - Build ContainerSet costs 0s
2021-01-08 04:46:44,202 [Listener at 127.0.0.1/45829] INFO  server.RaftServer (ConfUtils.java:logGet(44)) - raft.rpc.type = GRPC (default)
2021-01-08 04:46:44,202 [Listener at 127.0.0.1/45829] INFO  grpc.GrpcFactory (GrpcFactory.java:checkPooledByteBufAllocatorUseCacheForAllThreads(48)) - PERFORMANCE WARNING: useCacheForAllThreads is true that may cause Netty to create a lot garbage objects and, as a result, trigger GC.
	It is recommended to disable useCacheForAllThreads by setting -Dorg.apache.ratis.thirdparty.io.netty.allocator.useCacheForAllThreads=false in command line.
2021-01-08 04:46:44,202 [Listener at 127.0.0.1/45829] INFO  grpc.GrpcConfigKeys (ConfUtils.java:logGet(44)) - raft.grpc.server.port = 0 (default)
2021-01-08 04:46:44,202 [Listener at 127.0.0.1/45829] INFO  server.GrpcService (ConfUtils.java:logGet(44)) - raft.grpc.message.size.max = 32MB (=33554432) (custom)
2021-01-08 04:46:44,202 [Listener at 127.0.0.1/45829] INFO  server.RaftServerConfigKeys (ConfUtils.java:logGet(44)) - raft.server.log.appender.buffer.byte-limit = 33554432 (custom)
2021-01-08 04:46:44,203 [Listener at 127.0.0.1/45829] INFO  server.GrpcService (ConfUtils.java:logGet(44)) - raft.grpc.flow.control.window = 5MB (=5242880) (custom)
2021-01-08 04:46:44,203 [Listener at 127.0.0.1/45829] INFO  server.RaftServerConfigKeys (ConfUtils.java:logGet(44)) - raft.server.rpc.request.timeout = 60s (custom)
2021-01-08 04:46:44,204 [Listener at 127.0.0.1/45829] INFO  impl.DataStreamServerImpl (ConfUtils.java:logGet(44)) - raft.datastream.type = DISABLED (default)
2021-01-08 04:46:44,204 [Listener at 127.0.0.1/45829] INFO  server.RaftServerConfigKeys (ConfUtils.java:logGet(44)) - raft.server.rpc.slowness.timeout = 300s (custom)
2021-01-08 04:46:44,204 [Listener at 127.0.0.1/45829] INFO  server.RaftServerConfigKeys (ConfUtils.java:logGet(44)) - raft.server.leaderelection.leader.step-down.wait-time = 10s (default)
2021-01-08 04:46:44,204 [Listener at 127.0.0.1/45829] INFO  server.RaftServerConfigKeys (ConfUtils.java:logGet(44)) - raft.server.storage.dir = [/github/workspace/mnt/ozone/hadoop-ozone/integration-test/target/test-dir/MiniOzoneClusterImpl-8e553afa-60cb-4a34-8c5d-9ccb1efc285c/datanode-1/data/ratis] (custom)
2021-01-08 04:46:44,209 [Listener at 127.0.0.1/45829] INFO  http.BaseHttpServer (BaseHttpServer.java:newHttpServer2BuilderForOzone(207)) - Starting Web-server for hddsDatanode at: http://0.0.0.0:0
2021-01-08 04:46:44,209 [Listener at 127.0.0.1/45829] INFO  http.BaseHttpServer (BaseHttpServer.java:<init>(106)) - Hadoop Security Enabled: false Ozone Security Enabled: false Ozone HTTP Security Enabled: false 
2021-01-08 04:46:44,210 [Listener at 127.0.0.1/45829] INFO  server.AuthenticationFilter (AuthenticationFilter.java:constructSecretProvider(240)) - Unable to initialize FileSignerSecretProvider, falling back to use random secrets.
2021-01-08 04:46:44,211 [Listener at 127.0.0.1/45829] WARN  http.HttpRequestLog (HttpRequestLog.java:getRequestLog(103)) - Jetty request log can only be enabled using Log4j
2021-01-08 04:46:44,211 [Listener at 127.0.0.1/45829] INFO  http.HttpServer2 (HttpServer2.java:addGlobalFilter(1020)) - Added global filter 'safety' (class=org.apache.hadoop.hdds.server.http.HttpServer2$QuotingInputFilter)
2021-01-08 04:46:44,212 [Listener at 127.0.0.1/45829] INFO  http.HttpServer2 (HttpServer2.java:addFilter(996)) - Added filter static_user_filter (class=org.apache.hadoop.http.lib.StaticUserWebFilter$StaticUserFilter) to context hddsDatanode
2021-01-08 04:46:44,212 [Listener at 127.0.0.1/45829] INFO  http.HttpServer2 (HttpServer2.java:addFilter(1004)) - Added filter static_user_filter (class=org.apache.hadoop.http.lib.StaticUserWebFilter$StaticUserFilter) to context static
2021-01-08 04:46:44,212 [Listener at 127.0.0.1/45829] INFO  http.HttpServer2 (HttpServer2.java:addFilter(1004)) - Added filter static_user_filter (class=org.apache.hadoop.http.lib.StaticUserWebFilter$StaticUserFilter) to context logs
2021-01-08 04:46:44,212 [Listener at 127.0.0.1/45829] INFO  http.HttpServer2 (HttpServer2.java:bindListener(1238)) - Jetty bound to port 37471
2021-01-08 04:46:44,212 [Listener at 127.0.0.1/45829] INFO  server.Server (Server.java:doStart(375)) - jetty-9.4.34.v20201102; built: 2020-11-02T14:15:39.302Z; git: e46af88704a893fc12cb0e3bf46e2c7b48a009e7; jvm 1.8.0_232-b09
2021-01-08 04:46:44,214 [Listener at 127.0.0.1/45829] INFO  server.session (DefaultSessionIdManager.java:doStart(334)) - DefaultSessionIdManager workerName=node0
2021-01-08 04:46:44,214 [Listener at 127.0.0.1/45829] INFO  server.session (DefaultSessionIdManager.java:doStart(339)) - No SessionScavenger set, using defaults
2021-01-08 04:46:44,214 [Listener at 127.0.0.1/45829] INFO  server.session (HouseKeeper.java:startScavenging(132)) - node0 Scavenging every 660000ms
2021-01-08 04:46:44,214 [Listener at 127.0.0.1/45829] INFO  handler.ContextHandler (ContextHandler.java:doStart(916)) - Started o.e.j.s.ServletContextHandler@d2df0f5{logs,/logs,file:///github/workspace/mnt/ozone/hadoop-ozone/integration-test/target/log,AVAILABLE}
2021-01-08 04:46:44,215 [Listener at 127.0.0.1/45829] INFO  handler.ContextHandler (ContextHandler.java:doStart(916)) - Started o.e.j.s.ServletContextHandler@3770cb15{static,/static,jar:file:/home/user/.m2/repository/org/apache/hadoop/hadoop-hdds-container-service/1.1.0-SNAPSHOT/hadoop-hdds-container-service-1.1.0-SNAPSHOT.jar!/webapps/static,AVAILABLE}
2021-01-08 04:46:44,379 [Listener at 127.0.0.1/45829] INFO  handler.ContextHandler (ContextHandler.java:doStart(916)) - Started o.e.j.w.WebAppContext@7cfc07ef{hddsDatanode,/,file:///tmp/jetty-0_0_0_0-37471-hadoop-hdds-container-service-1_1_0-SNAPSHOT_jar-_-any-8807158110790735454/webapp/,AVAILABLE}{jar:file:/home/user/.m2/repository/org/apache/hadoop/hadoop-hdds-container-service/1.1.0-SNAPSHOT/hadoop-hdds-container-service-1.1.0-SNAPSHOT.jar!/webapps/hddsDatanode}
2021-01-08 04:46:44,381 [Listener at 127.0.0.1/45829] INFO  server.AbstractConnector (AbstractConnector.java:doStart(331)) - Started ServerConnector@69a3e1ef{HTTP/1.1, (http/1.1)}{0.0.0.0:37471}
2021-01-08 04:46:44,381 [Listener at 127.0.0.1/45829] INFO  server.Server (Server.java:doStart(415)) - Started @386137ms
2021-01-08 04:46:44,381 [Listener at 127.0.0.1/45829] WARN  impl.MetricsSystemImpl (MetricsSystemImpl.java:register(276)) - Sink prometheus already exists!
2021-01-08 04:46:44,384 [Listener at 127.0.0.1/45829] INFO  http.BaseHttpServer (BaseHttpServer.java:updateConnectorAddress(327)) - HTTP server of hddsDatanode listening at http://0.0.0.0:37471
2021-01-08 04:46:44,384 [Listener at 127.0.0.1/45829] INFO  impl.MetricsSystemImpl (MetricsSystemImpl.java:init(158)) - HddsDatanode metrics system started (again)
2021-01-08 04:46:44,386 [Listener at 127.0.0.1/45829] INFO  ozone.HddsDatanodeService (HddsDatanodeService.java:start(215)) - HddsDatanodeService host:36857d2baa53 ip:172.17.0.2
2021-01-08 04:46:44,387 [org.apache.hadoop.util.JvmPauseMonitor$Monitor@6936005d] INFO  util.JvmPauseMonitor (JvmPauseMonitor.java:run(188)) - Starting JVM pause monitor
2021-01-08 04:46:44,387 [Listener at 127.0.0.1/45829] INFO  volume.HddsVolume (HddsVolume.java:<init>(176)) - Creating Volume: /github/workspace/mnt/ozone/hadoop-ozone/integration-test/target/test-dir/MiniOzoneClusterImpl-8e553afa-60cb-4a34-8c5d-9ccb1efc285c/datanode-2/data-0/containers/hdds of storage type : DISK and capacity : 9223372036854775807
2021-01-08 04:46:44,387 [Listener at 127.0.0.1/45829] INFO  volume.MutableVolumeSet (MutableVolumeSet.java:initializeVolumeSet(179)) - Added Volume : /github/workspace/mnt/ozone/hadoop-ozone/integration-test/target/test-dir/MiniOzoneClusterImpl-8e553afa-60cb-4a34-8c5d-9ccb1efc285c/datanode-2/data-0/containers/hdds to VolumeSet
2021-01-08 04:46:44,388 [Listener at 127.0.0.1/45829] INFO  volume.ThrottledAsyncChecker (ThrottledAsyncChecker.java:schedule(141)) - Scheduling a check for /github/workspace/mnt/ozone/hadoop-ozone/integration-test/target/test-dir/MiniOzoneClusterImpl-8e553afa-60cb-4a34-8c5d-9ccb1efc285c/datanode-2/data-0/containers/hdds
2021-01-08 04:46:44,388 [Datanode State Machine Task Thread - 0] INFO  datanode.InitDatanodeState (InitDatanodeState.java:persistContainerDatanodeDetails(145)) - DatanodeDetails is persisted to /github/workspace/mnt/ozone/hadoop-ozone/integration-test/target/test-dir/MiniOzoneClusterImpl-8e553afa-60cb-4a34-8c5d-9ccb1efc285c/datanode-1/meta/datanode.id
2021-01-08 04:46:44,388 [Listener at 127.0.0.1/45829] INFO  volume.HddsVolumeChecker (HddsVolumeChecker.java:checkAllVolumes(200)) - Scheduled health check for volume /github/workspace/mnt/ozone/hadoop-ozone/integration-test/target/test-dir/MiniOzoneClusterImpl-8e553afa-60cb-4a34-8c5d-9ccb1efc285c/datanode-2/data-0/containers/hdds
2021-01-08 04:46:44,404 [Thread-5710] INFO  ozoneimpl.ContainerReader (ContainerReader.java:readVolume(123)) - Start to verify containers on volume /github/workspace/mnt/ozone/hadoop-ozone/integration-test/target/test-dir/MiniOzoneClusterImpl-8e553afa-60cb-4a34-8c5d-9ccb1efc285c/datanode-2/data-0/containers/hdds
2021-01-08 04:46:44,404 [Thread-5710] INFO  ozoneimpl.ContainerReader (ContainerReader.java:readVolume(148)) - Finish verifying containers on volume /github/workspace/mnt/ozone/hadoop-ozone/integration-test/target/test-dir/MiniOzoneClusterImpl-8e553afa-60cb-4a34-8c5d-9ccb1efc285c/datanode-2/data-0/containers/hdds
2021-01-08 04:46:44,404 [Listener at 127.0.0.1/45829] INFO  ozoneimpl.OzoneContainer (OzoneContainer.java:buildContainerSet(206)) - Build ContainerSet costs 0s
2021-01-08 04:46:44,405 [Listener at 127.0.0.1/45829] INFO  server.RaftServer (ConfUtils.java:logGet(44)) - raft.rpc.type = GRPC (default)
2021-01-08 04:46:44,405 [Listener at 127.0.0.1/45829] INFO  grpc.GrpcFactory (GrpcFactory.java:checkPooledByteBufAllocatorUseCacheForAllThreads(48)) - PERFORMANCE WARNING: useCacheForAllThreads is true that may cause Netty to create a lot garbage objects and, as a result, trigger GC.
	It is recommended to disable useCacheForAllThreads by setting -Dorg.apache.ratis.thirdparty.io.netty.allocator.useCacheForAllThreads=false in command line.
2021-01-08 04:46:44,406 [Listener at 127.0.0.1/45829] INFO  grpc.GrpcConfigKeys (ConfUtils.java:logGet(44)) - raft.grpc.server.port = 0 (default)
2021-01-08 04:46:44,406 [Listener at 127.0.0.1/45829] INFO  server.GrpcService (ConfUtils.java:logGet(44)) - raft.grpc.message.size.max = 32MB (=33554432) (custom)
2021-01-08 04:46:44,406 [Listener at 127.0.0.1/45829] INFO  server.RaftServerConfigKeys (ConfUtils.java:logGet(44)) - raft.server.log.appender.buffer.byte-limit = 33554432 (custom)
2021-01-08 04:46:44,406 [Listener at 127.0.0.1/45829] INFO  server.GrpcService (ConfUtils.java:logGet(44)) - raft.grpc.flow.control.window = 5MB (=5242880) (custom)
2021-01-08 04:46:44,406 [Listener at 127.0.0.1/45829] INFO  server.RaftServerConfigKeys (ConfUtils.java:logGet(44)) - raft.server.rpc.request.timeout = 60s (custom)
2021-01-08 04:46:44,407 [Listener at 127.0.0.1/45829] INFO  impl.DataStreamServerImpl (ConfUtils.java:logGet(44)) - raft.datastream.type = DISABLED (default)
2021-01-08 04:46:44,407 [Listener at 127.0.0.1/45829] INFO  server.RaftServerConfigKeys (ConfUtils.java:logGet(44)) - raft.server.rpc.slowness.timeout = 300s (custom)
2021-01-08 04:46:44,407 [Listener at 127.0.0.1/45829] INFO  server.RaftServerConfigKeys (ConfUtils.java:logGet(44)) - raft.server.leaderelection.leader.step-down.wait-time = 10s (default)
2021-01-08 04:46:44,408 [Listener at 127.0.0.1/45829] INFO  server.RaftServerConfigKeys (ConfUtils.java:logGet(44)) - raft.server.storage.dir = [/github/workspace/mnt/ozone/hadoop-ozone/integration-test/target/test-dir/MiniOzoneClusterImpl-8e553afa-60cb-4a34-8c5d-9ccb1efc285c/datanode-2/data/ratis] (custom)
2021-01-08 04:46:44,412 [Listener at 127.0.0.1/45829] INFO  http.BaseHttpServer (BaseHttpServer.java:newHttpServer2BuilderForOzone(207)) - Starting Web-server for hddsDatanode at: http://0.0.0.0:0
2021-01-08 04:46:44,412 [Listener at 127.0.0.1/45829] INFO  http.BaseHttpServer (BaseHttpServer.java:<init>(106)) - Hadoop Security Enabled: false Ozone Security Enabled: false Ozone HTTP Security Enabled: false 
2021-01-08 04:46:44,413 [Listener at 127.0.0.1/45829] INFO  server.AuthenticationFilter (AuthenticationFilter.java:constructSecretProvider(240)) - Unable to initialize FileSignerSecretProvider, falling back to use random secrets.
2021-01-08 04:46:44,414 [Listener at 127.0.0.1/45829] WARN  http.HttpRequestLog (HttpRequestLog.java:getRequestLog(103)) - Jetty request log can only be enabled using Log4j
2021-01-08 04:46:44,414 [Listener at 127.0.0.1/45829] INFO  http.HttpServer2 (HttpServer2.java:addGlobalFilter(1020)) - Added global filter 'safety' (class=org.apache.hadoop.hdds.server.http.HttpServer2$QuotingInputFilter)
2021-01-08 04:46:44,415 [Listener at 127.0.0.1/45829] INFO  http.HttpServer2 (HttpServer2.java:addFilter(996)) - Added filter static_user_filter (class=org.apache.hadoop.http.lib.StaticUserWebFilter$StaticUserFilter) to context hddsDatanode
2021-01-08 04:46:44,415 [Listener at 127.0.0.1/45829] INFO  http.HttpServer2 (HttpServer2.java:addFilter(1004)) - Added filter static_user_filter (class=org.apache.hadoop.http.lib.StaticUserWebFilter$StaticUserFilter) to context static
2021-01-08 04:46:44,415 [Listener at 127.0.0.1/45829] INFO  http.HttpServer2 (HttpServer2.java:addFilter(1004)) - Added filter static_user_filter (class=org.apache.hadoop.http.lib.StaticUserWebFilter$StaticUserFilter) to context logs
2021-01-08 04:46:44,415 [Listener at 127.0.0.1/45829] INFO  http.HttpServer2 (HttpServer2.java:bindListener(1238)) - Jetty bound to port 44193
2021-01-08 04:46:44,416 [Listener at 127.0.0.1/45829] INFO  server.Server (Server.java:doStart(375)) - jetty-9.4.34.v20201102; built: 2020-11-02T14:15:39.302Z; git: e46af88704a893fc12cb0e3bf46e2c7b48a009e7; jvm 1.8.0_232-b09
2021-01-08 04:46:44,417 [Listener at 127.0.0.1/45829] INFO  server.session (DefaultSessionIdManager.java:doStart(334)) - DefaultSessionIdManager workerName=node0
2021-01-08 04:46:44,417 [Listener at 127.0.0.1/45829] INFO  server.session (DefaultSessionIdManager.java:doStart(339)) - No SessionScavenger set, using defaults
2021-01-08 04:46:44,417 [Listener at 127.0.0.1/45829] INFO  server.session (HouseKeeper.java:startScavenging(132)) - node0 Scavenging every 600000ms
2021-01-08 04:46:44,418 [Listener at 127.0.0.1/45829] INFO  handler.ContextHandler (ContextHandler.java:doStart(916)) - Started o.e.j.s.ServletContextHandler@1bdc5006{logs,/logs,file:///github/workspace/mnt/ozone/hadoop-ozone/integration-test/target/log,AVAILABLE}
2021-01-08 04:46:44,418 [Listener at 127.0.0.1/45829] INFO  handler.ContextHandler (ContextHandler.java:doStart(916)) - Started o.e.j.s.ServletContextHandler@24a170e0{static,/static,jar:file:/home/user/.m2/repository/org/apache/hadoop/hadoop-hdds-container-service/1.1.0-SNAPSHOT/hadoop-hdds-container-service-1.1.0-SNAPSHOT.jar!/webapps/static,AVAILABLE}
2021-01-08 04:46:44,594 [Listener at 127.0.0.1/45829] INFO  handler.ContextHandler (ContextHandler.java:doStart(916)) - Started o.e.j.w.WebAppContext@c9acbec{hddsDatanode,/,file:///tmp/jetty-0_0_0_0-44193-hadoop-hdds-container-service-1_1_0-SNAPSHOT_jar-_-any-489852209018024247/webapp/,AVAILABLE}{jar:file:/home/user/.m2/repository/org/apache/hadoop/hadoop-hdds-container-service/1.1.0-SNAPSHOT/hadoop-hdds-container-service-1.1.0-SNAPSHOT.jar!/webapps/hddsDatanode}
2021-01-08 04:46:44,595 [Listener at 127.0.0.1/45829] INFO  server.AbstractConnector (AbstractConnector.java:doStart(331)) - Started ServerConnector@397411e1{HTTP/1.1, (http/1.1)}{0.0.0.0:44193}
2021-01-08 04:46:44,595 [Listener at 127.0.0.1/45829] INFO  server.Server (Server.java:doStart(415)) - Started @386351ms
2021-01-08 04:46:44,595 [Listener at 127.0.0.1/45829] WARN  impl.MetricsSystemImpl (MetricsSystemImpl.java:register(276)) - Sink prometheus already exists!
2021-01-08 04:46:44,598 [Listener at 127.0.0.1/45829] INFO  http.BaseHttpServer (BaseHttpServer.java:updateConnectorAddress(327)) - HTTP server of hddsDatanode listening at http://0.0.0.0:44193
2021-01-08 04:46:44,599 [Listener at 127.0.0.1/45829] INFO  impl.MetricsSystemImpl (MetricsSystemImpl.java:init(158)) - HddsDatanode metrics system started (again)
2021-01-08 04:46:44,601 [Listener at 127.0.0.1/45829] INFO  ozone.HddsDatanodeService (HddsDatanodeService.java:start(215)) - HddsDatanodeService host:36857d2baa53 ip:172.17.0.2
2021-01-08 04:46:44,601 [org.apache.hadoop.util.JvmPauseMonitor$Monitor@290c1231] INFO  util.JvmPauseMonitor (JvmPauseMonitor.java:run(188)) - Starting JVM pause monitor
2021-01-08 04:46:44,602 [Listener at 127.0.0.1/45829] INFO  volume.HddsVolume (HddsVolume.java:<init>(176)) - Creating Volume: /github/workspace/mnt/ozone/hadoop-ozone/integration-test/target/test-dir/MiniOzoneClusterImpl-8e553afa-60cb-4a34-8c5d-9ccb1efc285c/datanode-3/data-0/containers/hdds of storage type : DISK and capacity : 9223372036854775807
2021-01-08 04:46:44,602 [Datanode State Machine Task Thread - 0] INFO  datanode.InitDatanodeState (InitDatanodeState.java:persistContainerDatanodeDetails(145)) - DatanodeDetails is persisted to /github/workspace/mnt/ozone/hadoop-ozone/integration-test/target/test-dir/MiniOzoneClusterImpl-8e553afa-60cb-4a34-8c5d-9ccb1efc285c/datanode-2/meta/datanode.id
2021-01-08 04:46:44,602 [Listener at 127.0.0.1/45829] INFO  volume.MutableVolumeSet (MutableVolumeSet.java:initializeVolumeSet(179)) - Added Volume : /github/workspace/mnt/ozone/hadoop-ozone/integration-test/target/test-dir/MiniOzoneClusterImpl-8e553afa-60cb-4a34-8c5d-9ccb1efc285c/datanode-3/data-0/containers/hdds to VolumeSet
2021-01-08 04:46:44,602 [Listener at 127.0.0.1/45829] INFO  volume.ThrottledAsyncChecker (ThrottledAsyncChecker.java:schedule(141)) - Scheduling a check for /github/workspace/mnt/ozone/hadoop-ozone/integration-test/target/test-dir/MiniOzoneClusterImpl-8e553afa-60cb-4a34-8c5d-9ccb1efc285c/datanode-3/data-0/containers/hdds
2021-01-08 04:46:44,603 [Listener at 127.0.0.1/45829] INFO  volume.HddsVolumeChecker (HddsVolumeChecker.java:checkAllVolumes(200)) - Scheduled health check for volume /github/workspace/mnt/ozone/hadoop-ozone/integration-test/target/test-dir/MiniOzoneClusterImpl-8e553afa-60cb-4a34-8c5d-9ccb1efc285c/datanode-3/data-0/containers/hdds
2021-01-08 04:46:44,616 [Thread-5721] INFO  ozoneimpl.ContainerReader (ContainerReader.java:readVolume(123)) - Start to verify containers on volume /github/workspace/mnt/ozone/hadoop-ozone/integration-test/target/test-dir/MiniOzoneClusterImpl-8e553afa-60cb-4a34-8c5d-9ccb1efc285c/datanode-3/data-0/containers/hdds
2021-01-08 04:46:44,616 [Thread-5721] INFO  ozoneimpl.ContainerReader (ContainerReader.java:readVolume(148)) - Finish verifying containers on volume /github/workspace/mnt/ozone/hadoop-ozone/integration-test/target/test-dir/MiniOzoneClusterImpl-8e553afa-60cb-4a34-8c5d-9ccb1efc285c/datanode-3/data-0/containers/hdds
2021-01-08 04:46:44,616 [Listener at 127.0.0.1/45829] INFO  ozoneimpl.OzoneContainer (OzoneContainer.java:buildContainerSet(206)) - Build ContainerSet costs 0s
2021-01-08 04:46:44,617 [Listener at 127.0.0.1/45829] INFO  server.RaftServer (ConfUtils.java:logGet(44)) - raft.rpc.type = GRPC (default)
2021-01-08 04:46:44,617 [Listener at 127.0.0.1/45829] INFO  grpc.GrpcFactory (GrpcFactory.java:checkPooledByteBufAllocatorUseCacheForAllThreads(48)) - PERFORMANCE WARNING: useCacheForAllThreads is true that may cause Netty to create a lot garbage objects and, as a result, trigger GC.
	It is recommended to disable useCacheForAllThreads by setting -Dorg.apache.ratis.thirdparty.io.netty.allocator.useCacheForAllThreads=false in command line.
2021-01-08 04:46:44,618 [Listener at 127.0.0.1/45829] INFO  grpc.GrpcConfigKeys (ConfUtils.java:logGet(44)) - raft.grpc.server.port = 0 (default)
2021-01-08 04:46:44,618 [Listener at 127.0.0.1/45829] INFO  server.GrpcService (ConfUtils.java:logGet(44)) - raft.grpc.message.size.max = 32MB (=33554432) (custom)
2021-01-08 04:46:44,618 [Listener at 127.0.0.1/45829] INFO  server.RaftServerConfigKeys (ConfUtils.java:logGet(44)) - raft.server.log.appender.buffer.byte-limit = 33554432 (custom)
2021-01-08 04:46:44,618 [Listener at 127.0.0.1/45829] INFO  server.GrpcService (ConfUtils.java:logGet(44)) - raft.grpc.flow.control.window = 5MB (=5242880) (custom)
2021-01-08 04:46:44,618 [Listener at 127.0.0.1/45829] INFO  server.RaftServerConfigKeys (ConfUtils.java:logGet(44)) - raft.server.rpc.request.timeout = 60s (custom)
2021-01-08 04:46:44,621 [Listener at 127.0.0.1/45829] INFO  impl.DataStreamServerImpl (ConfUtils.java:logGet(44)) - raft.datastream.type = DISABLED (default)
2021-01-08 04:46:44,621 [Listener at 127.0.0.1/45829] INFO  server.RaftServerConfigKeys (ConfUtils.java:logGet(44)) - raft.server.rpc.slowness.timeout = 300s (custom)
2021-01-08 04:46:44,621 [Listener at 127.0.0.1/45829] INFO  server.RaftServerConfigKeys (ConfUtils.java:logGet(44)) - raft.server.leaderelection.leader.step-down.wait-time = 10s (default)
2021-01-08 04:46:44,621 [Listener at 127.0.0.1/45829] INFO  server.RaftServerConfigKeys (ConfUtils.java:logGet(44)) - raft.server.storage.dir = [/github/workspace/mnt/ozone/hadoop-ozone/integration-test/target/test-dir/MiniOzoneClusterImpl-8e553afa-60cb-4a34-8c5d-9ccb1efc285c/datanode-3/data/ratis] (custom)
2021-01-08 04:46:44,627 [Listener at 127.0.0.1/45829] INFO  http.BaseHttpServer (BaseHttpServer.java:newHttpServer2BuilderForOzone(207)) - Starting Web-server for hddsDatanode at: http://0.0.0.0:0
2021-01-08 04:46:44,627 [Listener at 127.0.0.1/45829] INFO  http.BaseHttpServer (BaseHttpServer.java:<init>(106)) - Hadoop Security Enabled: false Ozone Security Enabled: false Ozone HTTP Security Enabled: false 
2021-01-08 04:46:44,628 [Listener at 127.0.0.1/45829] INFO  server.AuthenticationFilter (AuthenticationFilter.java:constructSecretProvider(240)) - Unable to initialize FileSignerSecretProvider, falling back to use random secrets.
2021-01-08 04:46:44,628 [Listener at 127.0.0.1/45829] WARN  http.HttpRequestLog (HttpRequestLog.java:getRequestLog(103)) - Jetty request log can only be enabled using Log4j
2021-01-08 04:46:44,629 [Listener at 127.0.0.1/45829] INFO  http.HttpServer2 (HttpServer2.java:addGlobalFilter(1020)) - Added global filter 'safety' (class=org.apache.hadoop.hdds.server.http.HttpServer2$QuotingInputFilter)
2021-01-08 04:46:44,629 [Listener at 127.0.0.1/45829] INFO  http.HttpServer2 (HttpServer2.java:addFilter(996)) - Added filter static_user_filter (class=org.apache.hadoop.http.lib.StaticUserWebFilter$StaticUserFilter) to context hddsDatanode
2021-01-08 04:46:44,630 [Listener at 127.0.0.1/45829] INFO  http.HttpServer2 (HttpServer2.java:addFilter(1004)) - Added filter static_user_filter (class=org.apache.hadoop.http.lib.StaticUserWebFilter$StaticUserFilter) to context logs
2021-01-08 04:46:44,630 [Listener at 127.0.0.1/45829] INFO  http.HttpServer2 (HttpServer2.java:addFilter(1004)) - Added filter static_user_filter (class=org.apache.hadoop.http.lib.StaticUserWebFilter$StaticUserFilter) to context static
2021-01-08 04:46:44,630 [Listener at 127.0.0.1/45829] INFO  http.HttpServer2 (HttpServer2.java:bindListener(1238)) - Jetty bound to port 46475
2021-01-08 04:46:44,630 [Listener at 127.0.0.1/45829] INFO  server.Server (Server.java:doStart(375)) - jetty-9.4.34.v20201102; built: 2020-11-02T14:15:39.302Z; git: e46af88704a893fc12cb0e3bf46e2c7b48a009e7; jvm 1.8.0_232-b09
2021-01-08 04:46:44,631 [Listener at 127.0.0.1/45829] INFO  server.session (DefaultSessionIdManager.java:doStart(334)) - DefaultSessionIdManager workerName=node0
2021-01-08 04:46:44,632 [Listener at 127.0.0.1/45829] INFO  server.session (DefaultSessionIdManager.java:doStart(339)) - No SessionScavenger set, using defaults
2021-01-08 04:46:44,632 [Listener at 127.0.0.1/45829] INFO  server.session (HouseKeeper.java:startScavenging(132)) - node0 Scavenging every 660000ms
2021-01-08 04:46:44,635 [Listener at 127.0.0.1/45829] INFO  handler.ContextHandler (ContextHandler.java:doStart(916)) - Started o.e.j.s.ServletContextHandler@204fb56d{logs,/logs,file:///github/workspace/mnt/ozone/hadoop-ozone/integration-test/target/log,AVAILABLE}
2021-01-08 04:46:44,635 [Listener at 127.0.0.1/45829] INFO  handler.ContextHandler (ContextHandler.java:doStart(916)) - Started o.e.j.s.ServletContextHandler@f498ae5{static,/static,jar:file:/home/user/.m2/repository/org/apache/hadoop/hadoop-hdds-container-service/1.1.0-SNAPSHOT/hadoop-hdds-container-service-1.1.0-SNAPSHOT.jar!/webapps/static,AVAILABLE}
2021-01-08 04:46:44,798 [Listener at 127.0.0.1/45829] INFO  handler.ContextHandler (ContextHandler.java:doStart(916)) - Started o.e.j.w.WebAppContext@44bb068c{hddsDatanode,/,file:///tmp/jetty-0_0_0_0-46475-hadoop-hdds-container-service-1_1_0-SNAPSHOT_jar-_-any-5512316549485211405/webapp/,AVAILABLE}{jar:file:/home/user/.m2/repository/org/apache/hadoop/hadoop-hdds-container-service/1.1.0-SNAPSHOT/hadoop-hdds-container-service-1.1.0-SNAPSHOT.jar!/webapps/hddsDatanode}
2021-01-08 04:46:44,799 [Listener at 127.0.0.1/45829] INFO  server.AbstractConnector (AbstractConnector.java:doStart(331)) - Started ServerConnector@7f385cbe{HTTP/1.1, (http/1.1)}{0.0.0.0:46475}
2021-01-08 04:46:44,799 [Listener at 127.0.0.1/45829] INFO  server.Server (Server.java:doStart(415)) - Started @386556ms
2021-01-08 04:46:44,800 [Listener at 127.0.0.1/45829] WARN  impl.MetricsSystemImpl (MetricsSystemImpl.java:register(276)) - Sink prometheus already exists!
2021-01-08 04:46:44,803 [Listener at 127.0.0.1/45829] INFO  http.BaseHttpServer (BaseHttpServer.java:updateConnectorAddress(327)) - HTTP server of hddsDatanode listening at http://0.0.0.0:46475
2021-01-08 04:46:44,803 [Listener at 127.0.0.1/45829] INFO  impl.MetricsSystemImpl (MetricsSystemImpl.java:init(158)) - HddsDatanode metrics system started (again)
2021-01-08 04:46:44,805 [Listener at 127.0.0.1/45829] INFO  ozone.HddsDatanodeService (HddsDatanodeService.java:start(215)) - HddsDatanodeService host:36857d2baa53 ip:172.17.0.2
2021-01-08 04:46:44,806 [Listener at 127.0.0.1/45829] INFO  volume.HddsVolume (HddsVolume.java:<init>(176)) - Creating Volume: /github/workspace/mnt/ozone/hadoop-ozone/integration-test/target/test-dir/MiniOzoneClusterImpl-8e553afa-60cb-4a34-8c5d-9ccb1efc285c/datanode-4/data-0/containers/hdds of storage type : DISK and capacity : 9223372036854775807
2021-01-08 04:46:44,807 [Listener at 127.0.0.1/45829] INFO  volume.MutableVolumeSet (MutableVolumeSet.java:initializeVolumeSet(179)) - Added Volume : /github/workspace/mnt/ozone/hadoop-ozone/integration-test/target/test-dir/MiniOzoneClusterImpl-8e553afa-60cb-4a34-8c5d-9ccb1efc285c/datanode-4/data-0/containers/hdds to VolumeSet
2021-01-08 04:46:44,807 [Listener at 127.0.0.1/45829] INFO  volume.ThrottledAsyncChecker (ThrottledAsyncChecker.java:schedule(141)) - Scheduling a check for /github/workspace/mnt/ozone/hadoop-ozone/integration-test/target/test-dir/MiniOzoneClusterImpl-8e553afa-60cb-4a34-8c5d-9ccb1efc285c/datanode-4/data-0/containers/hdds
2021-01-08 04:46:44,811 [Listener at 127.0.0.1/45829] INFO  volume.HddsVolumeChecker (HddsVolumeChecker.java:checkAllVolumes(200)) - Scheduled health check for volume /github/workspace/mnt/ozone/hadoop-ozone/integration-test/target/test-dir/MiniOzoneClusterImpl-8e553afa-60cb-4a34-8c5d-9ccb1efc285c/datanode-4/data-0/containers/hdds
2021-01-08 04:46:44,811 [org.apache.hadoop.util.JvmPauseMonitor$Monitor@5937e785] INFO  util.JvmPauseMonitor (JvmPauseMonitor.java:run(188)) - Starting JVM pause monitor
2021-01-08 04:46:44,812 [Datanode State Machine Task Thread - 0] INFO  datanode.InitDatanodeState (InitDatanodeState.java:persistContainerDatanodeDetails(145)) - DatanodeDetails is persisted to /github/workspace/mnt/ozone/hadoop-ozone/integration-test/target/test-dir/MiniOzoneClusterImpl-8e553afa-60cb-4a34-8c5d-9ccb1efc285c/datanode-3/meta/datanode.id
2021-01-08 04:46:44,829 [Thread-5732] INFO  ozoneimpl.ContainerReader (ContainerReader.java:readVolume(123)) - Start to verify containers on volume /github/workspace/mnt/ozone/hadoop-ozone/integration-test/target/test-dir/MiniOzoneClusterImpl-8e553afa-60cb-4a34-8c5d-9ccb1efc285c/datanode-4/data-0/containers/hdds
2021-01-08 04:46:44,829 [Thread-5732] INFO  ozoneimpl.ContainerReader (ContainerReader.java:readVolume(148)) - Finish verifying containers on volume /github/workspace/mnt/ozone/hadoop-ozone/integration-test/target/test-dir/MiniOzoneClusterImpl-8e553afa-60cb-4a34-8c5d-9ccb1efc285c/datanode-4/data-0/containers/hdds
2021-01-08 04:46:44,829 [Listener at 127.0.0.1/45829] INFO  ozoneimpl.OzoneContainer (OzoneContainer.java:buildContainerSet(206)) - Build ContainerSet costs 0s
2021-01-08 04:46:44,830 [Listener at 127.0.0.1/45829] INFO  server.RaftServer (ConfUtils.java:logGet(44)) - raft.rpc.type = GRPC (default)
2021-01-08 04:46:44,831 [Listener at 127.0.0.1/45829] INFO  grpc.GrpcFactory (GrpcFactory.java:checkPooledByteBufAllocatorUseCacheForAllThreads(48)) - PERFORMANCE WARNING: useCacheForAllThreads is true that may cause Netty to create a lot garbage objects and, as a result, trigger GC.
	It is recommended to disable useCacheForAllThreads by setting -Dorg.apache.ratis.thirdparty.io.netty.allocator.useCacheForAllThreads=false in command line.
2021-01-08 04:46:44,837 [Listener at 127.0.0.1/45829] INFO  grpc.GrpcConfigKeys (ConfUtils.java:logGet(44)) - raft.grpc.server.port = 0 (default)
2021-01-08 04:46:44,837 [Listener at 127.0.0.1/45829] INFO  server.GrpcService (ConfUtils.java:logGet(44)) - raft.grpc.message.size.max = 32MB (=33554432) (custom)
2021-01-08 04:46:44,837 [Listener at 127.0.0.1/45829] INFO  server.RaftServerConfigKeys (ConfUtils.java:logGet(44)) - raft.server.log.appender.buffer.byte-limit = 33554432 (custom)
2021-01-08 04:46:44,837 [Listener at 127.0.0.1/45829] INFO  server.GrpcService (ConfUtils.java:logGet(44)) - raft.grpc.flow.control.window = 5MB (=5242880) (custom)
2021-01-08 04:46:44,837 [Listener at 127.0.0.1/45829] INFO  server.RaftServerConfigKeys (ConfUtils.java:logGet(44)) - raft.server.rpc.request.timeout = 60s (custom)
2021-01-08 04:46:44,838 [Listener at 127.0.0.1/45829] INFO  impl.DataStreamServerImpl (ConfUtils.java:logGet(44)) - raft.datastream.type = DISABLED (default)
2021-01-08 04:46:44,838 [Listener at 127.0.0.1/45829] INFO  server.RaftServerConfigKeys (ConfUtils.java:logGet(44)) - raft.server.rpc.slowness.timeout = 300s (custom)
2021-01-08 04:46:44,838 [Listener at 127.0.0.1/45829] INFO  server.RaftServerConfigKeys (ConfUtils.java:logGet(44)) - raft.server.leaderelection.leader.step-down.wait-time = 10s (default)
2021-01-08 04:46:44,839 [Listener at 127.0.0.1/45829] INFO  server.RaftServerConfigKeys (ConfUtils.java:logGet(44)) - raft.server.storage.dir = [/github/workspace/mnt/ozone/hadoop-ozone/integration-test/target/test-dir/MiniOzoneClusterImpl-8e553afa-60cb-4a34-8c5d-9ccb1efc285c/datanode-4/data/ratis] (custom)
2021-01-08 04:46:44,843 [Listener at 127.0.0.1/45829] INFO  http.BaseHttpServer (BaseHttpServer.java:newHttpServer2BuilderForOzone(207)) - Starting Web-server for hddsDatanode at: http://0.0.0.0:0
2021-01-08 04:46:44,843 [Listener at 127.0.0.1/45829] INFO  http.BaseHttpServer (BaseHttpServer.java:<init>(106)) - Hadoop Security Enabled: false Ozone Security Enabled: false Ozone HTTP Security Enabled: false 
2021-01-08 04:46:44,844 [Listener at 127.0.0.1/45829] INFO  server.AuthenticationFilter (AuthenticationFilter.java:constructSecretProvider(240)) - Unable to initialize FileSignerSecretProvider, falling back to use random secrets.
2021-01-08 04:46:44,848 [Listener at 127.0.0.1/45829] WARN  http.HttpRequestLog (HttpRequestLog.java:getRequestLog(103)) - Jetty request log can only be enabled using Log4j
2021-01-08 04:46:44,849 [Listener at 127.0.0.1/45829] INFO  http.HttpServer2 (HttpServer2.java:addGlobalFilter(1020)) - Added global filter 'safety' (class=org.apache.hadoop.hdds.server.http.HttpServer2$QuotingInputFilter)
2021-01-08 04:46:44,850 [Listener at 127.0.0.1/45829] INFO  http.HttpServer2 (HttpServer2.java:addFilter(996)) - Added filter static_user_filter (class=org.apache.hadoop.http.lib.StaticUserWebFilter$StaticUserFilter) to context hddsDatanode
2021-01-08 04:46:44,850 [Listener at 127.0.0.1/45829] INFO  http.HttpServer2 (HttpServer2.java:addFilter(1004)) - Added filter static_user_filter (class=org.apache.hadoop.http.lib.StaticUserWebFilter$StaticUserFilter) to context static
2021-01-08 04:46:44,850 [Listener at 127.0.0.1/45829] INFO  http.HttpServer2 (HttpServer2.java:addFilter(1004)) - Added filter static_user_filter (class=org.apache.hadoop.http.lib.StaticUserWebFilter$StaticUserFilter) to context logs
2021-01-08 04:46:44,850 [Listener at 127.0.0.1/45829] INFO  http.HttpServer2 (HttpServer2.java:bindListener(1238)) - Jetty bound to port 43411
2021-01-08 04:46:44,851 [Listener at 127.0.0.1/45829] INFO  server.Server (Server.java:doStart(375)) - jetty-9.4.34.v20201102; built: 2020-11-02T14:15:39.302Z; git: e46af88704a893fc12cb0e3bf46e2c7b48a009e7; jvm 1.8.0_232-b09
2021-01-08 04:46:44,857 [Listener at 127.0.0.1/45829] INFO  server.session (DefaultSessionIdManager.java:doStart(334)) - DefaultSessionIdManager workerName=node0
2021-01-08 04:46:44,857 [Listener at 127.0.0.1/45829] INFO  server.session (DefaultSessionIdManager.java:doStart(339)) - No SessionScavenger set, using defaults
2021-01-08 04:46:44,857 [Listener at 127.0.0.1/45829] INFO  server.session (HouseKeeper.java:startScavenging(132)) - node0 Scavenging every 600000ms
2021-01-08 04:46:44,858 [Listener at 127.0.0.1/45829] INFO  handler.ContextHandler (ContextHandler.java:doStart(916)) - Started o.e.j.s.ServletContextHandler@786296ca{logs,/logs,file:///github/workspace/mnt/ozone/hadoop-ozone/integration-test/target/log,AVAILABLE}
2021-01-08 04:46:44,859 [Listener at 127.0.0.1/45829] INFO  handler.ContextHandler (ContextHandler.java:doStart(916)) - Started o.e.j.s.ServletContextHandler@bc60f71{static,/static,jar:file:/home/user/.m2/repository/org/apache/hadoop/hadoop-hdds-container-service/1.1.0-SNAPSHOT/hadoop-hdds-container-service-1.1.0-SNAPSHOT.jar!/webapps/static,AVAILABLE}
2021-01-08 04:46:45,016 [Listener at 127.0.0.1/45829] INFO  handler.ContextHandler (ContextHandler.java:doStart(916)) - Started o.e.j.w.WebAppContext@5043e5a7{hddsDatanode,/,file:///tmp/jetty-0_0_0_0-43411-hadoop-hdds-container-service-1_1_0-SNAPSHOT_jar-_-any-482278473444303570/webapp/,AVAILABLE}{jar:file:/home/user/.m2/repository/org/apache/hadoop/hadoop-hdds-container-service/1.1.0-SNAPSHOT/hadoop-hdds-container-service-1.1.0-SNAPSHOT.jar!/webapps/hddsDatanode}
2021-01-08 04:46:45,018 [Listener at 127.0.0.1/45829] INFO  server.AbstractConnector (AbstractConnector.java:doStart(331)) - Started ServerConnector@3fa5c9ae{HTTP/1.1, (http/1.1)}{0.0.0.0:43411}
2021-01-08 04:46:45,018 [Listener at 127.0.0.1/45829] INFO  server.Server (Server.java:doStart(415)) - Started @386775ms
2021-01-08 04:46:45,019 [Listener at 127.0.0.1/45829] WARN  impl.MetricsSystemImpl (MetricsSystemImpl.java:register(276)) - Sink prometheus already exists!
2021-01-08 04:46:45,021 [Listener at 127.0.0.1/45829] INFO  http.BaseHttpServer (BaseHttpServer.java:updateConnectorAddress(327)) - HTTP server of hddsDatanode listening at http://0.0.0.0:43411
2021-01-08 04:46:45,022 [Listener at 127.0.0.1/45829] INFO  impl.MetricsSystemImpl (MetricsSystemImpl.java:init(158)) - HddsDatanode metrics system started (again)
2021-01-08 04:46:45,024 [Listener at 127.0.0.1/45829] INFO  ozone.HddsDatanodeService (HddsDatanodeService.java:start(215)) - HddsDatanodeService host:36857d2baa53 ip:172.17.0.2
2021-01-08 04:46:45,025 [org.apache.hadoop.util.JvmPauseMonitor$Monitor@a33fc51] INFO  util.JvmPauseMonitor (JvmPauseMonitor.java:run(188)) - Starting JVM pause monitor
2021-01-08 04:46:45,025 [Listener at 127.0.0.1/45829] INFO  volume.HddsVolume (HddsVolume.java:<init>(176)) - Creating Volume: /github/workspace/mnt/ozone/hadoop-ozone/integration-test/target/test-dir/MiniOzoneClusterImpl-8e553afa-60cb-4a34-8c5d-9ccb1efc285c/datanode-5/data-0/containers/hdds of storage type : DISK and capacity : 9223372036854775807
2021-01-08 04:46:45,026 [Listener at 127.0.0.1/45829] INFO  volume.MutableVolumeSet (MutableVolumeSet.java:initializeVolumeSet(179)) - Added Volume : /github/workspace/mnt/ozone/hadoop-ozone/integration-test/target/test-dir/MiniOzoneClusterImpl-8e553afa-60cb-4a34-8c5d-9ccb1efc285c/datanode-5/data-0/containers/hdds to VolumeSet
2021-01-08 04:46:45,026 [Listener at 127.0.0.1/45829] INFO  volume.ThrottledAsyncChecker (ThrottledAsyncChecker.java:schedule(141)) - Scheduling a check for /github/workspace/mnt/ozone/hadoop-ozone/integration-test/target/test-dir/MiniOzoneClusterImpl-8e553afa-60cb-4a34-8c5d-9ccb1efc285c/datanode-5/data-0/containers/hdds
2021-01-08 04:46:45,031 [Datanode State Machine Task Thread - 0] INFO  datanode.InitDatanodeState (InitDatanodeState.java:persistContainerDatanodeDetails(145)) - DatanodeDetails is persisted to /github/workspace/mnt/ozone/hadoop-ozone/integration-test/target/test-dir/MiniOzoneClusterImpl-8e553afa-60cb-4a34-8c5d-9ccb1efc285c/datanode-4/meta/datanode.id
2021-01-08 04:46:45,031 [Listener at 127.0.0.1/45829] INFO  volume.HddsVolumeChecker (HddsVolumeChecker.java:checkAllVolumes(200)) - Scheduled health check for volume /github/workspace/mnt/ozone/hadoop-ozone/integration-test/target/test-dir/MiniOzoneClusterImpl-8e553afa-60cb-4a34-8c5d-9ccb1efc285c/datanode-5/data-0/containers/hdds
2021-01-08 04:46:45,044 [Thread-5743] INFO  ozoneimpl.ContainerReader (ContainerReader.java:readVolume(123)) - Start to verify containers on volume /github/workspace/mnt/ozone/hadoop-ozone/integration-test/target/test-dir/MiniOzoneClusterImpl-8e553afa-60cb-4a34-8c5d-9ccb1efc285c/datanode-5/data-0/containers/hdds
2021-01-08 04:46:45,044 [Thread-5743] INFO  ozoneimpl.ContainerReader (ContainerReader.java:readVolume(148)) - Finish verifying containers on volume /github/workspace/mnt/ozone/hadoop-ozone/integration-test/target/test-dir/MiniOzoneClusterImpl-8e553afa-60cb-4a34-8c5d-9ccb1efc285c/datanode-5/data-0/containers/hdds
2021-01-08 04:46:45,044 [Listener at 127.0.0.1/45829] INFO  ozoneimpl.OzoneContainer (OzoneContainer.java:buildContainerSet(206)) - Build ContainerSet costs 0s
2021-01-08 04:46:45,045 [Listener at 127.0.0.1/45829] INFO  server.RaftServer (ConfUtils.java:logGet(44)) - raft.rpc.type = GRPC (default)
2021-01-08 04:46:45,045 [Listener at 127.0.0.1/45829] INFO  grpc.GrpcFactory (GrpcFactory.java:checkPooledByteBufAllocatorUseCacheForAllThreads(48)) - PERFORMANCE WARNING: useCacheForAllThreads is true that may cause Netty to create a lot garbage objects and, as a result, trigger GC.
	It is recommended to disable useCacheForAllThreads by setting -Dorg.apache.ratis.thirdparty.io.netty.allocator.useCacheForAllThreads=false in command line.
2021-01-08 04:46:45,045 [Listener at 127.0.0.1/45829] INFO  grpc.GrpcConfigKeys (ConfUtils.java:logGet(44)) - raft.grpc.server.port = 0 (default)
2021-01-08 04:46:45,045 [Listener at 127.0.0.1/45829] INFO  server.GrpcService (ConfUtils.java:logGet(44)) - raft.grpc.message.size.max = 32MB (=33554432) (custom)
2021-01-08 04:46:45,046 [Listener at 127.0.0.1/45829] INFO  server.RaftServerConfigKeys (ConfUtils.java:logGet(44)) - raft.server.log.appender.buffer.byte-limit = 33554432 (custom)
2021-01-08 04:46:45,046 [Listener at 127.0.0.1/45829] INFO  server.GrpcService (ConfUtils.java:logGet(44)) - raft.grpc.flow.control.window = 5MB (=5242880) (custom)
2021-01-08 04:46:45,046 [Listener at 127.0.0.1/45829] INFO  server.RaftServerConfigKeys (ConfUtils.java:logGet(44)) - raft.server.rpc.request.timeout = 60s (custom)
2021-01-08 04:46:45,047 [Listener at 127.0.0.1/45829] INFO  impl.DataStreamServerImpl (ConfUtils.java:logGet(44)) - raft.datastream.type = DISABLED (default)
2021-01-08 04:46:45,047 [Listener at 127.0.0.1/45829] INFO  server.RaftServerConfigKeys (ConfUtils.java:logGet(44)) - raft.server.rpc.slowness.timeout = 300s (custom)
2021-01-08 04:46:45,047 [Listener at 127.0.0.1/45829] INFO  server.RaftServerConfigKeys (ConfUtils.java:logGet(44)) - raft.server.leaderelection.leader.step-down.wait-time = 10s (default)
2021-01-08 04:46:45,047 [Listener at 127.0.0.1/45829] INFO  server.RaftServerConfigKeys (ConfUtils.java:logGet(44)) - raft.server.storage.dir = [/github/workspace/mnt/ozone/hadoop-ozone/integration-test/target/test-dir/MiniOzoneClusterImpl-8e553afa-60cb-4a34-8c5d-9ccb1efc285c/datanode-5/data/ratis] (custom)
2021-01-08 04:46:45,052 [Listener at 127.0.0.1/45829] INFO  http.BaseHttpServer (BaseHttpServer.java:newHttpServer2BuilderForOzone(207)) - Starting Web-server for hddsDatanode at: http://0.0.0.0:0
2021-01-08 04:46:45,052 [Listener at 127.0.0.1/45829] INFO  http.BaseHttpServer (BaseHttpServer.java:<init>(106)) - Hadoop Security Enabled: false Ozone Security Enabled: false Ozone HTTP Security Enabled: false 
2021-01-08 04:46:45,053 [Listener at 127.0.0.1/45829] INFO  server.AuthenticationFilter (AuthenticationFilter.java:constructSecretProvider(240)) - Unable to initialize FileSignerSecretProvider, falling back to use random secrets.
2021-01-08 04:46:45,053 [Listener at 127.0.0.1/45829] WARN  http.HttpRequestLog (HttpRequestLog.java:getRequestLog(103)) - Jetty request log can only be enabled using Log4j
2021-01-08 04:46:45,054 [Listener at 127.0.0.1/45829] INFO  http.HttpServer2 (HttpServer2.java:addGlobalFilter(1020)) - Added global filter 'safety' (class=org.apache.hadoop.hdds.server.http.HttpServer2$QuotingInputFilter)
2021-01-08 04:46:45,056 [Listener at 127.0.0.1/45829] INFO  http.HttpServer2 (HttpServer2.java:addFilter(996)) - Added filter static_user_filter (class=org.apache.hadoop.http.lib.StaticUserWebFilter$StaticUserFilter) to context hddsDatanode
2021-01-08 04:46:45,056 [Listener at 127.0.0.1/45829] INFO  http.HttpServer2 (HttpServer2.java:addFilter(1004)) - Added filter static_user_filter (class=org.apache.hadoop.http.lib.StaticUserWebFilter$StaticUserFilter) to context logs
2021-01-08 04:46:45,056 [Listener at 127.0.0.1/45829] INFO  http.HttpServer2 (HttpServer2.java:addFilter(1004)) - Added filter static_user_filter (class=org.apache.hadoop.http.lib.StaticUserWebFilter$StaticUserFilter) to context static
2021-01-08 04:46:45,056 [Listener at 127.0.0.1/45829] INFO  http.HttpServer2 (HttpServer2.java:bindListener(1238)) - Jetty bound to port 43225
2021-01-08 04:46:45,056 [Listener at 127.0.0.1/45829] INFO  server.Server (Server.java:doStart(375)) - jetty-9.4.34.v20201102; built: 2020-11-02T14:15:39.302Z; git: e46af88704a893fc12cb0e3bf46e2c7b48a009e7; jvm 1.8.0_232-b09
2021-01-08 04:46:45,058 [Listener at 127.0.0.1/45829] INFO  server.session (DefaultSessionIdManager.java:doStart(334)) - DefaultSessionIdManager workerName=node0
2021-01-08 04:46:45,058 [Listener at 127.0.0.1/45829] INFO  server.session (DefaultSessionIdManager.java:doStart(339)) - No SessionScavenger set, using defaults
2021-01-08 04:46:45,058 [Listener at 127.0.0.1/45829] INFO  server.session (HouseKeeper.java:startScavenging(132)) - node0 Scavenging every 660000ms
2021-01-08 04:46:45,059 [Listener at 127.0.0.1/45829] INFO  handler.ContextHandler (ContextHandler.java:doStart(916)) - Started o.e.j.s.ServletContextHandler@34953064{logs,/logs,file:///github/workspace/mnt/ozone/hadoop-ozone/integration-test/target/log,AVAILABLE}
2021-01-08 04:46:45,059 [Listener at 127.0.0.1/45829] INFO  handler.ContextHandler (ContextHandler.java:doStart(916)) - Started o.e.j.s.ServletContextHandler@7b4c8fa9{static,/static,jar:file:/home/user/.m2/repository/org/apache/hadoop/hadoop-hdds-container-service/1.1.0-SNAPSHOT/hadoop-hdds-container-service-1.1.0-SNAPSHOT.jar!/webapps/static,AVAILABLE}
2021-01-08 04:46:45,220 [Listener at 127.0.0.1/45829] INFO  handler.ContextHandler (ContextHandler.java:doStart(916)) - Started o.e.j.w.WebAppContext@8a8e1f7{hddsDatanode,/,file:///tmp/jetty-0_0_0_0-43225-hadoop-hdds-container-service-1_1_0-SNAPSHOT_jar-_-any-198427386267045591/webapp/,AVAILABLE}{jar:file:/home/user/.m2/repository/org/apache/hadoop/hadoop-hdds-container-service/1.1.0-SNAPSHOT/hadoop-hdds-container-service-1.1.0-SNAPSHOT.jar!/webapps/hddsDatanode}
2021-01-08 04:46:45,222 [Listener at 127.0.0.1/45829] INFO  server.AbstractConnector (AbstractConnector.java:doStart(331)) - Started ServerConnector@62f5d080{HTTP/1.1, (http/1.1)}{0.0.0.0:43225}
2021-01-08 04:46:45,222 [Listener at 127.0.0.1/45829] INFO  server.Server (Server.java:doStart(415)) - Started @386978ms
2021-01-08 04:46:45,222 [Listener at 127.0.0.1/45829] WARN  impl.MetricsSystemImpl (MetricsSystemImpl.java:register(276)) - Sink prometheus already exists!
2021-01-08 04:46:45,225 [Listener at 127.0.0.1/45829] INFO  http.BaseHttpServer (BaseHttpServer.java:updateConnectorAddress(327)) - HTTP server of hddsDatanode listening at http://0.0.0.0:43225
2021-01-08 04:46:45,226 [Listener at 127.0.0.1/45829] INFO  ozone.MiniOzoneClusterImpl (MiniOzoneClusterImpl.java:lambda$waitForClusterToBeReady$0(179)) - Waiting for nodes to be ready. Got 0 of 6 DN Heartbeats.
2021-01-08 04:46:45,226 [Listener at 127.0.0.1/45829] INFO  ozone.MiniOzoneClusterImpl (MiniOzoneClusterImpl.java:lambda$waitForClusterToBeReady$0(182)) - Waiting for cluster to exit safe mode
2021-01-08 04:46:45,227 [org.apache.hadoop.util.JvmPauseMonitor$Monitor@1a5b1689] INFO  util.JvmPauseMonitor (JvmPauseMonitor.java:run(188)) - Starting JVM pause monitor
2021-01-08 04:46:45,227 [Datanode State Machine Task Thread - 0] INFO  datanode.InitDatanodeState (InitDatanodeState.java:persistContainerDatanodeDetails(145)) - DatanodeDetails is persisted to /github/workspace/mnt/ozone/hadoop-ozone/integration-test/target/test-dir/MiniOzoneClusterImpl-8e553afa-60cb-4a34-8c5d-9ccb1efc285c/datanode-5/meta/datanode.id
2021-01-08 04:46:46,204 [EndpointStateMachine task thread for /0.0.0.0:36571 - 0 ] INFO  ozoneimpl.OzoneContainer (OzoneContainer.java:start(255)) - Attempting to start container services.
2021-01-08 04:46:46,204 [EndpointStateMachine task thread for /0.0.0.0:36571 - 0 ] INFO  ozoneimpl.OzoneContainer (OzoneContainer.java:startContainerScrub(219)) - Background container scanner has been disabled.
2021-01-08 04:46:46,205 [EndpointStateMachine task thread for /0.0.0.0:36571 - 0 ] INFO  replication.ReplicationServer (ReplicationServer.java:start(111)) - ReplicationServer is started using port 42093
2021-01-08 04:46:46,205 [EndpointStateMachine task thread for /0.0.0.0:36571 - 0 ] INFO  ratis.XceiverServerRatis (XceiverServerRatis.java:start(455)) - Starting XceiverServerRatis 24be368e-9912-49e9-b36f-3be1586466e8 at port 0
2021-01-08 04:46:46,206 [EndpointStateMachine task thread for /0.0.0.0:36571 - 0 ] INFO  server.RaftServer (RaftServerProxy.java:lambda$start$5(372)) - 24be368e-9912-49e9-b36f-3be1586466e8: start RPC server
2021-01-08 04:46:46,206 [EndpointStateMachine task thread for /0.0.0.0:36571 - 0 ] INFO  server.GrpcService (GrpcService.java:startImpl(176)) - 24be368e-9912-49e9-b36f-3be1586466e8: GrpcService started, listening on 0.0.0.0/0.0.0.0:45243
2021-01-08 04:46:46,206 [EndpointStateMachine task thread for /0.0.0.0:36571 - 0 ] INFO  ratis.XceiverServerRatis (XceiverServerRatis.java:start(467)) - XceiverServerRatis 24be368e-9912-49e9-b36f-3be1586466e8 is started using port 45243
2021-01-08 04:46:46,207 [org.apache.ratis.util.JvmPauseMonitor$$Lambda$223/318830336@737e942a] INFO  util.JvmPauseMonitor (JvmPauseMonitor.java:run(103)) - JvmPauseMonitor-24be368e-9912-49e9-b36f-3be1586466e8: Started
2021-01-08 04:46:46,207 [EndpointStateMachine task thread for /0.0.0.0:36571 - 0 ] INFO  server.XceiverServerGrpc (XceiverServerGrpc.java:start(139)) - XceiverServerGrpc 24be368e-9912-49e9-b36f-3be1586466e8 is started using port 42787
2021-01-08 04:46:46,226 [Listener at 127.0.0.1/45829] INFO  ozone.MiniOzoneClusterImpl (MiniOzoneClusterImpl.java:lambda$waitForClusterToBeReady$0(179)) - Waiting for nodes to be ready. Got 0 of 6 DN Heartbeats.
2021-01-08 04:46:46,226 [Listener at 127.0.0.1/45829] INFO  ozone.MiniOzoneClusterImpl (MiniOzoneClusterImpl.java:lambda$waitForClusterToBeReady$0(182)) - Waiting for cluster to exit safe mode
2021-01-08 04:46:46,390 [EndpointStateMachine task thread for /0.0.0.0:36571 - 0 ] INFO  ozoneimpl.OzoneContainer (OzoneContainer.java:start(255)) - Attempting to start container services.
2021-01-08 04:46:46,390 [EndpointStateMachine task thread for /0.0.0.0:36571 - 0 ] INFO  ozoneimpl.OzoneContainer (OzoneContainer.java:startContainerScrub(219)) - Background container scanner has been disabled.
2021-01-08 04:46:46,390 [EndpointStateMachine task thread for /0.0.0.0:36571 - 0 ] INFO  replication.ReplicationServer (ReplicationServer.java:start(111)) - ReplicationServer is started using port 41719
2021-01-08 04:46:46,390 [EndpointStateMachine task thread for /0.0.0.0:36571 - 0 ] INFO  ratis.XceiverServerRatis (XceiverServerRatis.java:start(455)) - Starting XceiverServerRatis 55aa2eb3-e7d2-43c8-9100-77f9e6fde891 at port 0
2021-01-08 04:46:46,392 [EndpointStateMachine task thread for /0.0.0.0:36571 - 0 ] INFO  server.RaftServer (RaftServerProxy.java:lambda$start$5(372)) - 55aa2eb3-e7d2-43c8-9100-77f9e6fde891: start RPC server
2021-01-08 04:46:46,392 [EndpointStateMachine task thread for /0.0.0.0:36571 - 0 ] INFO  server.GrpcService (GrpcService.java:startImpl(176)) - 55aa2eb3-e7d2-43c8-9100-77f9e6fde891: GrpcService started, listening on 0.0.0.0/0.0.0.0:35207
2021-01-08 04:46:46,392 [EndpointStateMachine task thread for /0.0.0.0:36571 - 0 ] INFO  ratis.XceiverServerRatis (XceiverServerRatis.java:start(467)) - XceiverServerRatis 55aa2eb3-e7d2-43c8-9100-77f9e6fde891 is started using port 35207
2021-01-08 04:46:46,392 [org.apache.ratis.util.JvmPauseMonitor$$Lambda$223/318830336@5efd1a10] INFO  util.JvmPauseMonitor (JvmPauseMonitor.java:run(103)) - JvmPauseMonitor-55aa2eb3-e7d2-43c8-9100-77f9e6fde891: Started
2021-01-08 04:46:46,392 [EndpointStateMachine task thread for /0.0.0.0:36571 - 0 ] INFO  server.XceiverServerGrpc (XceiverServerGrpc.java:start(139)) - XceiverServerGrpc 55aa2eb3-e7d2-43c8-9100-77f9e6fde891 is started using port 41829
2021-01-08 04:46:46,604 [EndpointStateMachine task thread for /0.0.0.0:36571 - 0 ] INFO  ozoneimpl.OzoneContainer (OzoneContainer.java:start(255)) - Attempting to start container services.
2021-01-08 04:46:46,604 [EndpointStateMachine task thread for /0.0.0.0:36571 - 0 ] INFO  ozoneimpl.OzoneContainer (OzoneContainer.java:startContainerScrub(219)) - Background container scanner has been disabled.
2021-01-08 04:46:46,605 [EndpointStateMachine task thread for /0.0.0.0:36571 - 0 ] INFO  replication.ReplicationServer (ReplicationServer.java:start(111)) - ReplicationServer is started using port 37977
2021-01-08 04:46:46,605 [EndpointStateMachine task thread for /0.0.0.0:36571 - 0 ] INFO  ratis.XceiverServerRatis (XceiverServerRatis.java:start(455)) - Starting XceiverServerRatis 027ea797-585b-4d73-a004-b5fa2cd87a42 at port 0
2021-01-08 04:46:46,606 [EndpointStateMachine task thread for /0.0.0.0:36571 - 0 ] INFO  server.RaftServer (RaftServerProxy.java:lambda$start$5(372)) - 027ea797-585b-4d73-a004-b5fa2cd87a42: start RPC server
2021-01-08 04:46:46,607 [EndpointStateMachine task thread for /0.0.0.0:36571 - 0 ] INFO  server.GrpcService (GrpcService.java:startImpl(176)) - 027ea797-585b-4d73-a004-b5fa2cd87a42: GrpcService started, listening on 0.0.0.0/0.0.0.0:43035
2021-01-08 04:46:46,607 [EndpointStateMachine task thread for /0.0.0.0:36571 - 0 ] INFO  ratis.XceiverServerRatis (XceiverServerRatis.java:start(467)) - XceiverServerRatis 027ea797-585b-4d73-a004-b5fa2cd87a42 is started using port 43035
2021-01-08 04:46:46,607 [org.apache.ratis.util.JvmPauseMonitor$$Lambda$223/318830336@76eb081d] INFO  util.JvmPauseMonitor (JvmPauseMonitor.java:run(103)) - JvmPauseMonitor-027ea797-585b-4d73-a004-b5fa2cd87a42: Started
2021-01-08 04:46:46,607 [EndpointStateMachine task thread for /0.0.0.0:36571 - 0 ] INFO  server.XceiverServerGrpc (XceiverServerGrpc.java:start(139)) - XceiverServerGrpc 027ea797-585b-4d73-a004-b5fa2cd87a42 is started using port 46835
2021-01-08 04:46:46,813 [EndpointStateMachine task thread for /0.0.0.0:36571 - 0 ] INFO  ozoneimpl.OzoneContainer (OzoneContainer.java:start(255)) - Attempting to start container services.
2021-01-08 04:46:46,813 [EndpointStateMachine task thread for /0.0.0.0:36571 - 0 ] INFO  ozoneimpl.OzoneContainer (OzoneContainer.java:startContainerScrub(219)) - Background container scanner has been disabled.
2021-01-08 04:46:46,813 [EndpointStateMachine task thread for /0.0.0.0:36571 - 0 ] INFO  replication.ReplicationServer (ReplicationServer.java:start(111)) - ReplicationServer is started using port 39189
2021-01-08 04:46:46,813 [EndpointStateMachine task thread for /0.0.0.0:36571 - 0 ] INFO  ratis.XceiverServerRatis (XceiverServerRatis.java:start(455)) - Starting XceiverServerRatis 7c042e84-4356-40d3-8d58-8573f50c8ed6 at port 0
2021-01-08 04:46:46,815 [EndpointStateMachine task thread for /0.0.0.0:36571 - 0 ] INFO  server.RaftServer (RaftServerProxy.java:lambda$start$5(372)) - 7c042e84-4356-40d3-8d58-8573f50c8ed6: start RPC server
2021-01-08 04:46:46,816 [EndpointStateMachine task thread for /0.0.0.0:36571 - 0 ] INFO  server.GrpcService (GrpcService.java:startImpl(176)) - 7c042e84-4356-40d3-8d58-8573f50c8ed6: GrpcService started, listening on 0.0.0.0/0.0.0.0:35077
2021-01-08 04:46:46,816 [EndpointStateMachine task thread for /0.0.0.0:36571 - 0 ] INFO  ratis.XceiverServerRatis (XceiverServerRatis.java:start(467)) - XceiverServerRatis 7c042e84-4356-40d3-8d58-8573f50c8ed6 is started using port 35077
2021-01-08 04:46:46,816 [org.apache.ratis.util.JvmPauseMonitor$$Lambda$223/318830336@5c8fd689] INFO  util.JvmPauseMonitor (JvmPauseMonitor.java:run(103)) - JvmPauseMonitor-7c042e84-4356-40d3-8d58-8573f50c8ed6: Started
2021-01-08 04:46:46,816 [EndpointStateMachine task thread for /0.0.0.0:36571 - 0 ] INFO  server.XceiverServerGrpc (XceiverServerGrpc.java:start(139)) - XceiverServerGrpc 7c042e84-4356-40d3-8d58-8573f50c8ed6 is started using port 44903
2021-01-08 04:46:47,027 [EndpointStateMachine task thread for /0.0.0.0:36571 - 0 ] INFO  ozoneimpl.OzoneContainer (OzoneContainer.java:start(255)) - Attempting to start container services.
2021-01-08 04:46:47,028 [EndpointStateMachine task thread for /0.0.0.0:36571 - 0 ] INFO  ozoneimpl.OzoneContainer (OzoneContainer.java:startContainerScrub(219)) - Background container scanner has been disabled.
2021-01-08 04:46:47,028 [EndpointStateMachine task thread for /0.0.0.0:36571 - 0 ] INFO  replication.ReplicationServer (ReplicationServer.java:start(111)) - ReplicationServer is started using port 33727
2021-01-08 04:46:47,028 [EndpointStateMachine task thread for /0.0.0.0:36571 - 0 ] INFO  ratis.XceiverServerRatis (XceiverServerRatis.java:start(455)) - Starting XceiverServerRatis c1649de0-22a9-4a2d-8f9f-08808ec0c035 at port 0
2021-01-08 04:46:47,030 [EndpointStateMachine task thread for /0.0.0.0:36571 - 0 ] INFO  server.RaftServer (RaftServerProxy.java:lambda$start$5(372)) - c1649de0-22a9-4a2d-8f9f-08808ec0c035: start RPC server
2021-01-08 04:46:47,030 [EndpointStateMachine task thread for /0.0.0.0:36571 - 0 ] INFO  server.GrpcService (GrpcService.java:startImpl(176)) - c1649de0-22a9-4a2d-8f9f-08808ec0c035: GrpcService started, listening on 0.0.0.0/0.0.0.0:36837
2021-01-08 04:46:47,031 [EndpointStateMachine task thread for /0.0.0.0:36571 - 0 ] INFO  ratis.XceiverServerRatis (XceiverServerRatis.java:start(467)) - XceiverServerRatis c1649de0-22a9-4a2d-8f9f-08808ec0c035 is started using port 36837
2021-01-08 04:46:47,031 [org.apache.ratis.util.JvmPauseMonitor$$Lambda$223/318830336@3803f6be] INFO  util.JvmPauseMonitor (JvmPauseMonitor.java:run(103)) - JvmPauseMonitor-c1649de0-22a9-4a2d-8f9f-08808ec0c035: Started
2021-01-08 04:46:47,031 [EndpointStateMachine task thread for /0.0.0.0:36571 - 0 ] INFO  server.XceiverServerGrpc (XceiverServerGrpc.java:start(139)) - XceiverServerGrpc c1649de0-22a9-4a2d-8f9f-08808ec0c035 is started using port 33935
2021-01-08 04:46:47,227 [Listener at 127.0.0.1/45829] INFO  ozone.MiniOzoneClusterImpl (MiniOzoneClusterImpl.java:lambda$waitForClusterToBeReady$0(179)) - Waiting for nodes to be ready. Got 0 of 6 DN Heartbeats.
2021-01-08 04:46:47,227 [Listener at 127.0.0.1/45829] INFO  ozone.MiniOzoneClusterImpl (MiniOzoneClusterImpl.java:lambda$waitForClusterToBeReady$0(182)) - Waiting for cluster to exit safe mode
2021-01-08 04:46:47,229 [EndpointStateMachine task thread for /0.0.0.0:36571 - 0 ] INFO  ozoneimpl.OzoneContainer (OzoneContainer.java:start(255)) - Attempting to start container services.
2021-01-08 04:46:47,229 [EndpointStateMachine task thread for /0.0.0.0:36571 - 0 ] INFO  ozoneimpl.OzoneContainer (OzoneContainer.java:startContainerScrub(219)) - Background container scanner has been disabled.
2021-01-08 04:46:47,230 [EndpointStateMachine task thread for /0.0.0.0:36571 - 0 ] INFO  replication.ReplicationServer (ReplicationServer.java:start(111)) - ReplicationServer is started using port 36939
2021-01-08 04:46:47,230 [EndpointStateMachine task thread for /0.0.0.0:36571 - 0 ] INFO  ratis.XceiverServerRatis (XceiverServerRatis.java:start(455)) - Starting XceiverServerRatis 689c23cd-66ac-4afb-b938-b7ca1102e3b6 at port 0
2021-01-08 04:46:47,231 [EndpointStateMachine task thread for /0.0.0.0:36571 - 0 ] INFO  server.RaftServer (RaftServerProxy.java:lambda$start$5(372)) - 689c23cd-66ac-4afb-b938-b7ca1102e3b6: start RPC server
2021-01-08 04:46:47,232 [EndpointStateMachine task thread for /0.0.0.0:36571 - 0 ] INFO  server.GrpcService (GrpcService.java:startImpl(176)) - 689c23cd-66ac-4afb-b938-b7ca1102e3b6: GrpcService started, listening on 0.0.0.0/0.0.0.0:43779
2021-01-08 04:46:47,232 [EndpointStateMachine task thread for /0.0.0.0:36571 - 0 ] INFO  ratis.XceiverServerRatis (XceiverServerRatis.java:start(467)) - XceiverServerRatis 689c23cd-66ac-4afb-b938-b7ca1102e3b6 is started using port 43779
2021-01-08 04:46:47,232 [org.apache.ratis.util.JvmPauseMonitor$$Lambda$223/318830336@33302ffe] INFO  util.JvmPauseMonitor (JvmPauseMonitor.java:run(103)) - JvmPauseMonitor-689c23cd-66ac-4afb-b938-b7ca1102e3b6: Started
2021-01-08 04:46:47,232 [EndpointStateMachine task thread for /0.0.0.0:36571 - 0 ] INFO  server.XceiverServerGrpc (XceiverServerGrpc.java:start(139)) - XceiverServerGrpc 689c23cd-66ac-4afb-b938-b7ca1102e3b6 is started using port 37571
2021-01-08 04:46:48,199 [IPC Server handler 1 on default port 36571] INFO  net.NetworkTopologyImpl (NetworkTopologyImpl.java:add(111)) - Added a new node: /default-rack/24be368e-9912-49e9-b36f-3be1586466e8
2021-01-08 04:46:48,201 [IPC Server handler 1 on default port 36571] INFO  node.SCMNodeManager (SCMNodeManager.java:register(341)) - Registered Data node : 24be368e-9912-49e9-b36f-3be1586466e8{ip: 172.17.0.2, host: 36857d2baa53, networkLocation: /default-rack, certSerialId: null, persistedOpState: IN_SERVICE, persistedOpStateExpiryEpochSec: 0}
2021-01-08 04:46:48,201 [RatisPipelineUtilsThread] INFO  pipeline.RatisPipelineProvider (RatisPipelineProvider.java:lambda$create$0(161)) - Sending CreatePipelineCommand for pipeline:PipelineID=3b8d15e9-0caa-4fd8-8822-7ada723e8857 to datanode:24be368e-9912-49e9-b36f-3be1586466e8
2021-01-08 04:46:48,202 [EventQueue-NodeRegistrationContainerReportForContainerSafeModeRule] INFO  safemode.SCMSafeModeManager (SCMSafeModeManager.java:validateSafeModeExitRules(214)) - ContainerSafeModeRule rule is successfully validated
2021-01-08 04:46:48,202 [EventQueue-NodeRegistrationContainerReportForDataNodeSafeModeRule] INFO  safemode.SCMSafeModeManager (DataNodeSafeModeRule.java:process(71)) - SCM in safe mode. 1 DataNodes registered, 1 required.
2021-01-08 04:46:48,202 [RatisPipelineUtilsThread] INFO  pipeline.PipelineStateManager (PipelineStateManager.java:addPipeline(54)) - Created pipeline Pipeline[ Id: 3b8d15e9-0caa-4fd8-8822-7ada723e8857, Nodes: 24be368e-9912-49e9-b36f-3be1586466e8{ip: 172.17.0.2, host: 36857d2baa53, networkLocation: /default-rack, certSerialId: null, persistedOpState: IN_SERVICE, persistedOpStateExpiryEpochSec: 0}, Type:RATIS, Factor:ONE, State:ALLOCATED, leaderId:, CreationTimestamp2021-01-08T04:46:48.201Z]
2021-01-08 04:46:48,207 [EventQueue-PipelineReportForOneReplicaPipelineSafeModeRule] INFO  safemode.SCMSafeModeManager (SCMSafeModeManager.java:validateSafeModeExitRules(214)) - AtleastOneDatanodeReportedRule rule is successfully validated
2021-01-08 04:46:48,208 [EventQueue-NodeRegistrationContainerReportForDataNodeSafeModeRule] INFO  safemode.SCMSafeModeManager (SCMSafeModeManager.java:validateSafeModeExitRules(214)) - DataNodeSafeModeRule rule is successfully validated
2021-01-08 04:46:48,208 [EventQueue-NodeRegistrationContainerReportForDataNodeSafeModeRule] INFO  safemode.SCMSafeModeManager (SCMSafeModeManager.java:completePreCheck(242)) - All SCM safe mode pre check rules have passed
2021-01-08 04:46:48,208 [RatisPipelineUtilsThread] WARN  pipeline.PipelinePlacementPolicy (PipelinePlacementPolicy.java:filterViableNodes(139)) - Pipeline creation failed due to no sufficient healthy datanodes. Required 3. Found 1.
2021-01-08 04:46:48,227 [Listener at 127.0.0.1/45829] INFO  ozone.MiniOzoneClusterImpl (MiniOzoneClusterImpl.java:lambda$waitForClusterToBeReady$0(179)) - Waiting for nodes to be ready. Got 1 of 6 DN Heartbeats.
2021-01-08 04:46:48,227 [Listener at 127.0.0.1/45829] INFO  ozone.MiniOzoneClusterImpl (MiniOzoneClusterImpl.java:lambda$waitForClusterToBeReady$0(182)) - Waiting for cluster to exit safe mode
2021-01-08 04:46:48,387 [IPC Server handler 3 on default port 36571] INFO  net.NetworkTopologyImpl (NetworkTopologyImpl.java:add(111)) - Added a new node: /default-rack/55aa2eb3-e7d2-43c8-9100-77f9e6fde891
2021-01-08 04:46:48,387 [IPC Server handler 3 on default port 36571] INFO  node.SCMNodeManager (SCMNodeManager.java:register(341)) - Registered Data node : 55aa2eb3-e7d2-43c8-9100-77f9e6fde891{ip: 172.17.0.2, host: 36857d2baa53, networkLocation: /default-rack, certSerialId: null, persistedOpState: IN_SERVICE, persistedOpStateExpiryEpochSec: 0}
2021-01-08 04:46:48,388 [EventQueue-PipelineReportForOneReplicaPipelineSafeModeRule] INFO  safemode.SCMSafeModeManager (SCMSafeModeManager.java:validateSafeModeExitRules(214)) - AtleastOneDatanodeReportedRule rule is successfully validated
2021-01-08 04:46:48,388 [EventQueue-NodeRegistrationContainerReportForContainerSafeModeRule] INFO  safemode.SCMSafeModeManager (SCMSafeModeManager.java:validateSafeModeExitRules(214)) - ContainerSafeModeRule rule is successfully validated
2021-01-08 04:46:48,388 [EventQueue-NodeRegistrationContainerReportForDataNodeSafeModeRule] INFO  safemode.SCMSafeModeManager (SCMSafeModeManager.java:validateSafeModeExitRules(214)) - DataNodeSafeModeRule rule is successfully validated
2021-01-08 04:46:48,389 [RatisPipelineUtilsThread] INFO  pipeline.RatisPipelineProvider (RatisPipelineProvider.java:lambda$create$0(161)) - Sending CreatePipelineCommand for pipeline:PipelineID=629994de-218d-4344-8a88-9340e0db6825 to datanode:55aa2eb3-e7d2-43c8-9100-77f9e6fde891
2021-01-08 04:46:48,389 [RatisPipelineUtilsThread] INFO  pipeline.PipelineStateManager (PipelineStateManager.java:addPipeline(54)) - Created pipeline Pipeline[ Id: 629994de-218d-4344-8a88-9340e0db6825, Nodes: 55aa2eb3-e7d2-43c8-9100-77f9e6fde891{ip: 172.17.0.2, host: 36857d2baa53, networkLocation: /default-rack, certSerialId: null, persistedOpState: IN_SERVICE, persistedOpStateExpiryEpochSec: 0}, Type:RATIS, Factor:ONE, State:ALLOCATED, leaderId:, CreationTimestamp2021-01-08T04:46:48.389Z]
2021-01-08 04:46:48,389 [RatisPipelineUtilsThread] WARN  pipeline.PipelinePlacementPolicy (PipelinePlacementPolicy.java:filterViableNodes(139)) - Pipeline creation failed due to no sufficient healthy datanodes. Required 3. Found 2.
2021-01-08 04:46:48,602 [IPC Server handler 4 on default port 36571] INFO  net.NetworkTopologyImpl (NetworkTopologyImpl.java:add(111)) - Added a new node: /default-rack/027ea797-585b-4d73-a004-b5fa2cd87a42
2021-01-08 04:46:48,602 [IPC Server handler 4 on default port 36571] INFO  node.SCMNodeManager (SCMNodeManager.java:register(341)) - Registered Data node : 027ea797-585b-4d73-a004-b5fa2cd87a42{ip: 172.17.0.2, host: 36857d2baa53, networkLocation: /default-rack, certSerialId: null, persistedOpState: IN_SERVICE, persistedOpStateExpiryEpochSec: 0}
2021-01-08 04:46:48,602 [RatisPipelineUtilsThread] INFO  pipeline.RatisPipelineProvider (RatisPipelineProvider.java:lambda$create$0(161)) - Sending CreatePipelineCommand for pipeline:PipelineID=624fe8c8-c66d-4f0e-9e67-7b8723723bae to datanode:027ea797-585b-4d73-a004-b5fa2cd87a42
2021-01-08 04:46:48,603 [RatisPipelineUtilsThread] INFO  pipeline.PipelineStateManager (PipelineStateManager.java:addPipeline(54)) - Created pipeline Pipeline[ Id: 624fe8c8-c66d-4f0e-9e67-7b8723723bae, Nodes: 027ea797-585b-4d73-a004-b5fa2cd87a42{ip: 172.17.0.2, host: 36857d2baa53, networkLocation: /default-rack, certSerialId: null, persistedOpState: IN_SERVICE, persistedOpStateExpiryEpochSec: 0}, Type:RATIS, Factor:ONE, State:ALLOCATED, leaderId:, CreationTimestamp2021-01-08T04:46:48.602Z]
2021-01-08 04:46:48,603 [EventQueue-PipelineReportForOneReplicaPipelineSafeModeRule] INFO  safemode.SCMSafeModeManager (SCMSafeModeManager.java:validateSafeModeExitRules(214)) - AtleastOneDatanodeReportedRule rule is successfully validated
2021-01-08 04:46:48,603 [EventQueue-NodeRegistrationContainerReportForDataNodeSafeModeRule] INFO  safemode.SCMSafeModeManager (SCMSafeModeManager.java:validateSafeModeExitRules(214)) - DataNodeSafeModeRule rule is successfully validated
2021-01-08 04:46:48,603 [RatisPipelineUtilsThread] INFO  pipeline.RatisPipelineProvider (RatisPipelineProvider.java:lambda$create$0(161)) - Sending CreatePipelineCommand for pipeline:PipelineID=dae6ff18-9ef8-4c63-9f66-6b5012d43b73 to datanode:027ea797-585b-4d73-a004-b5fa2cd87a42
2021-01-08 04:46:48,603 [RatisPipelineUtilsThread] INFO  pipeline.RatisPipelineProvider (RatisPipelineProvider.java:lambda$create$0(161)) - Sending CreatePipelineCommand for pipeline:PipelineID=dae6ff18-9ef8-4c63-9f66-6b5012d43b73 to datanode:55aa2eb3-e7d2-43c8-9100-77f9e6fde891
2021-01-08 04:46:48,603 [RatisPipelineUtilsThread] INFO  pipeline.RatisPipelineProvider (RatisPipelineProvider.java:lambda$create$0(161)) - Sending CreatePipelineCommand for pipeline:PipelineID=dae6ff18-9ef8-4c63-9f66-6b5012d43b73 to datanode:24be368e-9912-49e9-b36f-3be1586466e8
2021-01-08 04:46:48,603 [RatisPipelineUtilsThread] INFO  pipeline.PipelineStateManager (PipelineStateManager.java:addPipeline(54)) - Created pipeline Pipeline[ Id: dae6ff18-9ef8-4c63-9f66-6b5012d43b73, Nodes: 027ea797-585b-4d73-a004-b5fa2cd87a42{ip: 172.17.0.2, host: 36857d2baa53, networkLocation: /default-rack, certSerialId: null, persistedOpState: IN_SERVICE, persistedOpStateExpiryEpochSec: 0}55aa2eb3-e7d2-43c8-9100-77f9e6fde891{ip: 172.17.0.2, host: 36857d2baa53, networkLocation: /default-rack, certSerialId: null, persistedOpState: IN_SERVICE, persistedOpStateExpiryEpochSec: 0}24be368e-9912-49e9-b36f-3be1586466e8{ip: 172.17.0.2, host: 36857d2baa53, networkLocation: /default-rack, certSerialId: null, persistedOpState: IN_SERVICE, persistedOpStateExpiryEpochSec: 0}, Type:RATIS, Factor:THREE, State:ALLOCATED, leaderId:, CreationTimestamp2021-01-08T04:46:48.603Z]
2021-01-08 04:46:48,603 [EventQueue-NodeRegistrationContainerReportForContainerSafeModeRule] INFO  safemode.SCMSafeModeManager (SCMSafeModeManager.java:validateSafeModeExitRules(214)) - ContainerSafeModeRule rule is successfully validated
2021-01-08 04:46:48,812 [IPC Server handler 2 on default port 36571] INFO  net.NetworkTopologyImpl (NetworkTopologyImpl.java:add(111)) - Added a new node: /default-rack/7c042e84-4356-40d3-8d58-8573f50c8ed6
2021-01-08 04:46:48,812 [IPC Server handler 2 on default port 36571] INFO  node.SCMNodeManager (SCMNodeManager.java:register(341)) - Registered Data node : 7c042e84-4356-40d3-8d58-8573f50c8ed6{ip: 172.17.0.2, host: 36857d2baa53, networkLocation: /default-rack, certSerialId: null, persistedOpState: IN_SERVICE, persistedOpStateExpiryEpochSec: 0}
2021-01-08 04:46:48,812 [EventQueue-NodeRegistrationContainerReportForDataNodeSafeModeRule] INFO  safemode.SCMSafeModeManager (SCMSafeModeManager.java:validateSafeModeExitRules(214)) - DataNodeSafeModeRule rule is successfully validated
2021-01-08 04:46:48,813 [EventQueue-PipelineReportForOneReplicaPipelineSafeModeRule] INFO  safemode.SCMSafeModeManager (SCMSafeModeManager.java:validateSafeModeExitRules(214)) - AtleastOneDatanodeReportedRule rule is successfully validated
2021-01-08 04:46:48,813 [EventQueue-NodeRegistrationContainerReportForContainerSafeModeRule] INFO  safemode.SCMSafeModeManager (SCMSafeModeManager.java:validateSafeModeExitRules(214)) - ContainerSafeModeRule rule is successfully validated
2021-01-08 04:46:48,813 [RatisPipelineUtilsThread] INFO  pipeline.RatisPipelineProvider (RatisPipelineProvider.java:lambda$create$0(161)) - Sending CreatePipelineCommand for pipeline:PipelineID=40443567-9854-4c53-aa49-ed62677dc460 to datanode:7c042e84-4356-40d3-8d58-8573f50c8ed6
2021-01-08 04:46:48,813 [RatisPipelineUtilsThread] INFO  pipeline.PipelineStateManager (PipelineStateManager.java:addPipeline(54)) - Created pipeline Pipeline[ Id: 40443567-9854-4c53-aa49-ed62677dc460, Nodes: 7c042e84-4356-40d3-8d58-8573f50c8ed6{ip: 172.17.0.2, host: 36857d2baa53, networkLocation: /default-rack, certSerialId: null, persistedOpState: IN_SERVICE, persistedOpStateExpiryEpochSec: 0}, Type:RATIS, Factor:ONE, State:ALLOCATED, leaderId:, CreationTimestamp2021-01-08T04:46:48.813Z]
2021-01-08 04:46:49,026 [IPC Server handler 1 on default port 36571] INFO  net.NetworkTopologyImpl (NetworkTopologyImpl.java:add(111)) - Added a new node: /default-rack/c1649de0-22a9-4a2d-8f9f-08808ec0c035
2021-01-08 04:46:49,027 [IPC Server handler 1 on default port 36571] INFO  node.SCMNodeManager (SCMNodeManager.java:register(341)) - Registered Data node : c1649de0-22a9-4a2d-8f9f-08808ec0c035{ip: 172.17.0.2, host: 36857d2baa53, networkLocation: /default-rack, certSerialId: null, persistedOpState: IN_SERVICE, persistedOpStateExpiryEpochSec: 0}
2021-01-08 04:46:49,027 [RatisPipelineUtilsThread] INFO  pipeline.RatisPipelineProvider (RatisPipelineProvider.java:lambda$create$0(161)) - Sending CreatePipelineCommand for pipeline:PipelineID=36c0d7f8-04c4-46f7-b093-80e7d1d024f0 to datanode:c1649de0-22a9-4a2d-8f9f-08808ec0c035
2021-01-08 04:46:49,027 [EventQueue-NodeRegistrationContainerReportForDataNodeSafeModeRule] INFO  safemode.SCMSafeModeManager (SCMSafeModeManager.java:validateSafeModeExitRules(214)) - DataNodeSafeModeRule rule is successfully validated
2021-01-08 04:46:49,027 [EventQueue-PipelineReportForOneReplicaPipelineSafeModeRule] INFO  safemode.SCMSafeModeManager (SCMSafeModeManager.java:validateSafeModeExitRules(214)) - AtleastOneDatanodeReportedRule rule is successfully validated
2021-01-08 04:46:49,027 [RatisPipelineUtilsThread] INFO  pipeline.PipelineStateManager (PipelineStateManager.java:addPipeline(54)) - Created pipeline Pipeline[ Id: 36c0d7f8-04c4-46f7-b093-80e7d1d024f0, Nodes: c1649de0-22a9-4a2d-8f9f-08808ec0c035{ip: 172.17.0.2, host: 36857d2baa53, networkLocation: /default-rack, certSerialId: null, persistedOpState: IN_SERVICE, persistedOpStateExpiryEpochSec: 0}, Type:RATIS, Factor:ONE, State:ALLOCATED, leaderId:, CreationTimestamp2021-01-08T04:46:49.027Z]
2021-01-08 04:46:49,027 [EventQueue-NodeRegistrationContainerReportForContainerSafeModeRule] INFO  safemode.SCMSafeModeManager (SCMSafeModeManager.java:validateSafeModeExitRules(214)) - ContainerSafeModeRule rule is successfully validated
2021-01-08 04:46:49,228 [Listener at 127.0.0.1/45829] INFO  ozone.MiniOzoneClusterImpl (MiniOzoneClusterImpl.java:lambda$waitForClusterToBeReady$0(179)) - Waiting for nodes to be ready. Got 5 of 6 DN Heartbeats.
2021-01-08 04:46:49,228 [Listener at 127.0.0.1/45829] INFO  ozone.MiniOzoneClusterImpl (MiniOzoneClusterImpl.java:lambda$waitForClusterToBeReady$0(182)) - Waiting for cluster to exit safe mode
2021-01-08 04:46:49,228 [IPC Server handler 3 on default port 36571] INFO  net.NetworkTopologyImpl (NetworkTopologyImpl.java:add(111)) - Added a new node: /default-rack/689c23cd-66ac-4afb-b938-b7ca1102e3b6
2021-01-08 04:46:49,228 [IPC Server handler 3 on default port 36571] INFO  node.SCMNodeManager (SCMNodeManager.java:register(341)) - Registered Data node : 689c23cd-66ac-4afb-b938-b7ca1102e3b6{ip: 172.17.0.2, host: 36857d2baa53, networkLocation: /default-rack, certSerialId: null, persistedOpState: IN_SERVICE, persistedOpStateExpiryEpochSec: 0}
2021-01-08 04:46:49,228 [EventQueue-PipelineReportForOneReplicaPipelineSafeModeRule] INFO  safemode.SCMSafeModeManager (SCMSafeModeManager.java:validateSafeModeExitRules(214)) - AtleastOneDatanodeReportedRule rule is successfully validated
2021-01-08 04:46:49,228 [EventQueue-NodeRegistrationContainerReportForDataNodeSafeModeRule] INFO  safemode.SCMSafeModeManager (SCMSafeModeManager.java:validateSafeModeExitRules(214)) - DataNodeSafeModeRule rule is successfully validated
2021-01-08 04:46:49,228 [EventQueue-NodeRegistrationContainerReportForContainerSafeModeRule] INFO  safemode.SCMSafeModeManager (SCMSafeModeManager.java:validateSafeModeExitRules(214)) - ContainerSafeModeRule rule is successfully validated
2021-01-08 04:46:49,228 [RatisPipelineUtilsThread] INFO  pipeline.RatisPipelineProvider (RatisPipelineProvider.java:lambda$create$0(161)) - Sending CreatePipelineCommand for pipeline:PipelineID=0c6fd33d-8443-43ed-8b67-0c6720dd0921 to datanode:689c23cd-66ac-4afb-b938-b7ca1102e3b6
2021-01-08 04:46:49,229 [RatisPipelineUtilsThread] INFO  pipeline.PipelineStateManager (PipelineStateManager.java:addPipeline(54)) - Created pipeline Pipeline[ Id: 0c6fd33d-8443-43ed-8b67-0c6720dd0921, Nodes: 689c23cd-66ac-4afb-b938-b7ca1102e3b6{ip: 172.17.0.2, host: 36857d2baa53, networkLocation: /default-rack, certSerialId: null, persistedOpState: IN_SERVICE, persistedOpStateExpiryEpochSec: 0}, Type:RATIS, Factor:ONE, State:ALLOCATED, leaderId:, CreationTimestamp2021-01-08T04:46:49.228Z]
2021-01-08 04:46:49,229 [RatisPipelineUtilsThread] INFO  pipeline.RatisPipelineProvider (RatisPipelineProvider.java:lambda$create$0(161)) - Sending CreatePipelineCommand for pipeline:PipelineID=ab80aac2-71f0-4096-900d-729eb5f5a5a9 to datanode:689c23cd-66ac-4afb-b938-b7ca1102e3b6
2021-01-08 04:46:49,229 [RatisPipelineUtilsThread] INFO  pipeline.RatisPipelineProvider (RatisPipelineProvider.java:lambda$create$0(161)) - Sending CreatePipelineCommand for pipeline:PipelineID=ab80aac2-71f0-4096-900d-729eb5f5a5a9 to datanode:7c042e84-4356-40d3-8d58-8573f50c8ed6
2021-01-08 04:46:49,229 [RatisPipelineUtilsThread] INFO  pipeline.RatisPipelineProvider (RatisPipelineProvider.java:lambda$create$0(161)) - Sending CreatePipelineCommand for pipeline:PipelineID=ab80aac2-71f0-4096-900d-729eb5f5a5a9 to datanode:c1649de0-22a9-4a2d-8f9f-08808ec0c035
2021-01-08 04:46:49,230 [RatisPipelineUtilsThread] INFO  pipeline.PipelineStateManager (PipelineStateManager.java:addPipeline(54)) - Created pipeline Pipeline[ Id: ab80aac2-71f0-4096-900d-729eb5f5a5a9, Nodes: 689c23cd-66ac-4afb-b938-b7ca1102e3b6{ip: 172.17.0.2, host: 36857d2baa53, networkLocation: /default-rack, certSerialId: null, persistedOpState: IN_SERVICE, persistedOpStateExpiryEpochSec: 0}7c042e84-4356-40d3-8d58-8573f50c8ed6{ip: 172.17.0.2, host: 36857d2baa53, networkLocation: /default-rack, certSerialId: null, persistedOpState: IN_SERVICE, persistedOpStateExpiryEpochSec: 0}c1649de0-22a9-4a2d-8f9f-08808ec0c035{ip: 172.17.0.2, host: 36857d2baa53, networkLocation: /default-rack, certSerialId: null, persistedOpState: IN_SERVICE, persistedOpStateExpiryEpochSec: 0}, Type:RATIS, Factor:THREE, State:ALLOCATED, leaderId:, CreationTimestamp2021-01-08T04:46:49.229Z]
2021-01-08 04:46:50,200 [EventQueue-PipelineReportForOneReplicaPipelineSafeModeRule] INFO  safemode.SCMSafeModeManager (SCMSafeModeManager.java:validateSafeModeExitRules(214)) - AtleastOneDatanodeReportedRule rule is successfully validated
2021-01-08 04:46:50,228 [Listener at 127.0.0.1/45829] INFO  ozone.MiniOzoneClusterImpl (MiniOzoneClusterImpl.java:lambda$waitForClusterToBeReady$0(179)) - Nodes are ready. Got 6 of 6 DN Heartbeats.
2021-01-08 04:46:50,228 [Listener at 127.0.0.1/45829] INFO  ozone.MiniOzoneClusterImpl (MiniOzoneClusterImpl.java:lambda$waitForClusterToBeReady$0(182)) - Waiting for cluster to exit safe mode
2021-01-08 04:46:50,387 [EventQueue-PipelineReportForOneReplicaPipelineSafeModeRule] INFO  safemode.SCMSafeModeManager (SCMSafeModeManager.java:validateSafeModeExitRules(214)) - AtleastOneDatanodeReportedRule rule is successfully validated
2021-01-08 04:46:50,603 [EventQueue-PipelineReportForOneReplicaPipelineSafeModeRule] INFO  safemode.SCMSafeModeManager (SCMSafeModeManager.java:validateSafeModeExitRules(214)) - AtleastOneDatanodeReportedRule rule is successfully validated
2021-01-08 04:46:50,812 [EventQueue-PipelineReportForOneReplicaPipelineSafeModeRule] INFO  safemode.SCMSafeModeManager (SCMSafeModeManager.java:validateSafeModeExitRules(214)) - AtleastOneDatanodeReportedRule rule is successfully validated
2021-01-08 04:46:51,026 [EventQueue-PipelineReportForOneReplicaPipelineSafeModeRule] INFO  safemode.SCMSafeModeManager (SCMSafeModeManager.java:validateSafeModeExitRules(214)) - AtleastOneDatanodeReportedRule rule is successfully validated
2021-01-08 04:46:51,198 [Command processor thread] INFO  server.RaftServer (RaftServerProxy.java:addNew(95)) - 24be368e-9912-49e9-b36f-3be1586466e8: addNew group-7ADA723E8857:[24be368e-9912-49e9-b36f-3be1586466e8|rpc:172.17.0.2:45243|priority:0] returns group-7ADA723E8857:java.util.concurrent.CompletableFuture@2bd91e3e[Not completed]
2021-01-08 04:46:51,200 [EventQueue-PipelineReportForOneReplicaPipelineSafeModeRule] INFO  safemode.SCMSafeModeManager (SCMSafeModeManager.java:validateSafeModeExitRules(214)) - AtleastOneDatanodeReportedRule rule is successfully validated
2021-01-08 04:46:51,201 [pool-1912-thread-1] INFO  server.RaftServer$Division (RaftServerImpl.java:<init>(179)) - 24be368e-9912-49e9-b36f-3be1586466e8: new RaftServerImpl for group-7ADA723E8857:[24be368e-9912-49e9-b36f-3be1586466e8|rpc:172.17.0.2:45243|priority:0] with ContainerStateMachine:uninitialized
2021-01-08 04:46:51,201 [pool-1912-thread-1] INFO  server.RaftServerConfigKeys (ConfUtils.java:logGet(44)) - raft.server.rpc.timeout.min = 5s (custom)
2021-01-08 04:46:51,201 [pool-1912-thread-1] INFO  server.RaftServerConfigKeys (ConfUtils.java:logGet(44)) - raft.server.rpc.timeout.max = 5200ms (custom)
2021-01-08 04:46:51,201 [pool-1912-thread-1] INFO  server.RaftServerConfigKeys (ConfUtils.java:logGet(44)) - raft.server.rpc.sleep.time = 25ms (default)
2021-01-08 04:46:51,201 [pool-1912-thread-1] INFO  server.RaftServerConfigKeys (ConfUtils.java:logGet(44)) - raft.server.rpc.slowness.timeout = 300s (custom)
2021-01-08 04:46:51,201 [pool-1912-thread-1] INFO  server.RaftServerConfigKeys (ConfUtils.java:logGet(44)) - raft.server.leaderelection.leader.step-down.wait-time = 10s (default)
2021-01-08 04:46:51,201 [pool-1912-thread-1] INFO  server.RaftServerConfigKeys (ConfUtils.java:logGet(44)) - raft.server.sleep.deviation.threshold = 300ms (default)
2021-01-08 04:46:51,201 [pool-1912-thread-1] INFO  server.RaftServerConfigKeys (ConfUtils.java:logGet(44)) - raft.server.log.appender.install.snapshot.enabled = false (custom)
2021-01-08 04:46:51,201 [pool-1912-thread-1] INFO  server.RaftServer$Division (ServerState.java:<init>(103)) - 24be368e-9912-49e9-b36f-3be1586466e8@group-7ADA723E8857: ConfigurationManager, init=-1: [24be368e-9912-49e9-b36f-3be1586466e8|rpc:172.17.0.2:45243|priority:0], old=null, confs=<EMPTY_MAP>
2021-01-08 04:46:51,201 [pool-1912-thread-1] INFO  server.RaftServerConfigKeys (ConfUtils.java:logGet(44)) - raft.server.storage.dir = [/github/workspace/mnt/ozone/hadoop-ozone/integration-test/target/test-dir/MiniOzoneClusterImpl-8e553afa-60cb-4a34-8c5d-9ccb1efc285c/datanode-0/data/ratis] (custom)
2021-01-08 04:46:51,202 [pool-1912-thread-1] INFO  server.RaftServerConfigKeys (ConfUtils.java:logGet(44)) - raft.server.log.corruption.policy = EXCEPTION (default)
2021-01-08 04:46:51,202 [pool-1912-thread-1] INFO  storage.RaftStorageDirectory (RaftStorageDirectoryImpl.java:analyzeStorage(132)) - The storage directory /github/workspace/mnt/ozone/hadoop-ozone/integration-test/target/test-dir/MiniOzoneClusterImpl-8e553afa-60cb-4a34-8c5d-9ccb1efc285c/datanode-0/data/ratis/3b8d15e9-0caa-4fd8-8822-7ada723e8857 does not exist. Creating ...
2021-01-08 04:46:51,204 [pool-1912-thread-1] INFO  storage.RaftStorageDirectory (RaftStorageDirectoryImpl.java:tryLock(215)) - Lock on /github/workspace/mnt/ozone/hadoop-ozone/integration-test/target/test-dir/MiniOzoneClusterImpl-8e553afa-60cb-4a34-8c5d-9ccb1efc285c/datanode-0/data/ratis/3b8d15e9-0caa-4fd8-8822-7ada723e8857/in_use.lock acquired by nodename 7486@36857d2baa53
2021-01-08 04:46:51,205 [pool-1912-thread-1] INFO  storage.RaftStorage (RaftStorageImpl.java:format(87)) - Storage directory /github/workspace/mnt/ozone/hadoop-ozone/integration-test/target/test-dir/MiniOzoneClusterImpl-8e553afa-60cb-4a34-8c5d-9ccb1efc285c/datanode-0/data/ratis/3b8d15e9-0caa-4fd8-8822-7ada723e8857 has been successfully formatted.
2021-01-08 04:46:51,205 [pool-1912-thread-1] INFO  ratis.ContainerStateMachine (ContainerStateMachine.java:loadSnapshot(223)) - group-7ADA723E8857: The snapshot info is null. Setting the last applied indexto:(t:0, i:~)
2021-01-08 04:46:51,205 [pool-1912-thread-1] ERROR storage.RaftStorage (RaftStorageImpl.java:readRaftConfiguration(147)) - Failed reading configuration from file:/github/workspace/mnt/ozone/hadoop-ozone/integration-test/target/test-dir/MiniOzoneClusterImpl-8e553afa-60cb-4a34-8c5d-9ccb1efc285c/datanode-0/data/ratis/3b8d15e9-0caa-4fd8-8822-7ada723e8857/current/raft-meta.conf
java.io.FileNotFoundException: /github/workspace/mnt/ozone/hadoop-ozone/integration-test/target/test-dir/MiniOzoneClusterImpl-8e553afa-60cb-4a34-8c5d-9ccb1efc285c/datanode-0/data/ratis/3b8d15e9-0caa-4fd8-8822-7ada723e8857/current/raft-meta.conf (No such file or directory)
	at java.io.FileInputStream.open0(Native Method)
	at java.io.FileInputStream.open(FileInputStream.java:195)
	at java.io.FileInputStream.<init>(FileInputStream.java:138)
	at org.apache.ratis.server.storage.RaftStorageImpl.readRaftConfiguration(RaftStorageImpl.java:143)
	at org.apache.ratis.server.impl.ServerState.<init>(ServerState.java:113)
	at org.apache.ratis.server.impl.RaftServerImpl.<init>(RaftServerImpl.java:192)
	at org.apache.ratis.server.impl.RaftServerProxy.lambda$newRaftServerImpl$4(RaftServerProxy.java:266)
	at java.util.concurrent.CompletableFuture$AsyncSupply.run(CompletableFuture.java:1604)
	at java.util.concurrent.ThreadPoolExecutor.runWorker(ThreadPoolExecutor.java:1149)
	at java.util.concurrent.ThreadPoolExecutor$Worker.run(ThreadPoolExecutor.java:624)
	at java.lang.Thread.run(Thread.java:748)
2021-01-08 04:46:51,205 [pool-1912-thread-1] INFO  server.RaftServerConfigKeys (ConfUtils.java:logGet(44)) - raft.server.notification.no-leader.timeout = 300s (custom)
2021-01-08 04:46:51,205 [pool-1912-thread-1] INFO  server.RaftServerConfigKeys (ConfUtils.java:logGet(44)) - raft.server.log.use.memory = false (default)
2021-01-08 04:46:51,206 [pool-1912-thread-1] INFO  server.RaftServerConfigKeys (ConfUtils.java:logGet(44)) - raft.server.log.purge.gap = 1000000 (custom)
2021-01-08 04:46:51,206 [pool-1912-thread-1] INFO  server.RaftServerConfigKeys (ConfUtils.java:logGet(44)) - raft.server.log.appender.buffer.byte-limit = 33554432 (custom)
2021-01-08 04:46:51,206 [pool-1912-thread-1] INFO  metrics.RatisMetrics (RatisMetrics.java:lambda$create$0(36)) - Creating Metrics Registry : ratis.log_worker.24be368e-9912-49e9-b36f-3be1586466e8@group-7ADA723E8857
2021-01-08 04:46:51,206 [EventQueue-PipelineReportForPipelineReportHandler] INFO  pipeline.PipelineStateManager (PipelineStateManager.java:openPipeline(132)) - Pipeline Pipeline[ Id: 3b8d15e9-0caa-4fd8-8822-7ada723e8857, Nodes: 24be368e-9912-49e9-b36f-3be1586466e8{ip: 172.17.0.2, host: 36857d2baa53, networkLocation: /default-rack, certSerialId: null, persistedOpState: IN_SERVICE, persistedOpStateExpiryEpochSec: 0}, Type:RATIS, Factor:ONE, State:ALLOCATED, leaderId:24be368e-9912-49e9-b36f-3be1586466e8, CreationTimestamp2021-01-08T04:46:48.201Z] moved to OPEN state
2021-01-08 04:46:51,206 [pool-1912-thread-1] INFO  server.RaftServerConfigKeys (ConfUtils.java:logGet(44)) - raft.server.log.segment.size.max = 1048576 (custom)
2021-01-08 04:46:51,206 [EventQueue-PipelineReportForOneReplicaPipelineSafeModeRule] INFO  safemode.SCMSafeModeManager (SCMSafeModeManager.java:validateSafeModeExitRules(214)) - AtleastOneDatanodeReportedRule rule is successfully validated
2021-01-08 04:46:51,207 [EventQueue-OpenPipelineForHealthyPipelineSafeModeRule] INFO  safemode.SCMSafeModeManager (HealthyPipelineSafeModeRule.java:process(128)) - SCM in safe mode. Healthy pipelines reported count is 0, required healthy pipeline reported count is 1
2021-01-08 04:46:51,208 [pool-1912-thread-1] INFO  server.RaftServerConfigKeys (ConfUtils.java:logGet(44)) - raft.server.log.segment.cache.num.max = 2 (custom)
2021-01-08 04:46:51,208 [pool-1912-thread-1] INFO  server.RaftServerConfigKeys (ConfUtils.java:logGet(44)) - raft.server.log.segment.cache.size.max = 200MB (=209715200) (default)
2021-01-08 04:46:51,208 [pool-1912-thread-1] INFO  segmented.SegmentedRaftLogWorker (SegmentedRaftLogWorker.java:<init>(181)) - new 24be368e-9912-49e9-b36f-3be1586466e8@group-7ADA723E8857-SegmentedRaftLogWorker for RaftStorageImpl:Storage Directory /github/workspace/mnt/ozone/hadoop-ozone/integration-test/target/test-dir/MiniOzoneClusterImpl-8e553afa-60cb-4a34-8c5d-9ccb1efc285c/datanode-0/data/ratis/3b8d15e9-0caa-4fd8-8822-7ada723e8857
2021-01-08 04:46:51,209 [pool-1912-thread-1] INFO  server.RaftServerConfigKeys (ConfUtils.java:logGet(44)) - raft.server.log.queue.byte-limit = 2147483647 (custom)
2021-01-08 04:46:51,209 [pool-1912-thread-1] INFO  server.RaftServerConfigKeys (ConfUtils.java:logGet(44)) - raft.server.log.queue.element-limit = 1024 (custom)
2021-01-08 04:46:51,209 [pool-1912-thread-1] INFO  server.RaftServerConfigKeys (ConfUtils.java:logGet(44)) - raft.server.log.segment.size.max = 1048576 (custom)
2021-01-08 04:46:51,209 [pool-1912-thread-1] INFO  server.RaftServerConfigKeys (ConfUtils.java:logGet(44)) - raft.server.log.preallocated.size = 16384 (custom)
2021-01-08 04:46:51,209 [pool-1912-thread-1] INFO  server.RaftServerConfigKeys (ConfUtils.java:logGet(44)) - raft.server.log.force.sync.num = 128 (default)
2021-01-08 04:46:51,209 [pool-1912-thread-1] INFO  server.RaftServerConfigKeys (ConfUtils.java:logGet(44)) - raft.server.log.statemachine.data.sync = true (default)
2021-01-08 04:46:51,209 [pool-1912-thread-1] INFO  server.RaftServerConfigKeys (ConfUtils.java:logGet(44)) - raft.server.log.statemachine.data.sync.timeout = 10s (default)
2021-01-08 04:46:51,209 [pool-1912-thread-1] INFO  server.RaftServerConfigKeys (ConfUtils.java:logGet(44)) - raft.server.log.statemachine.data.sync.timeout.retry = -1 (default)
2021-01-08 04:46:51,212 [pool-1912-thread-1] INFO  server.RaftServerConfigKeys (ConfUtils.java:logGet(44)) - raft.server.log.write.buffer.size = 1048576 (custom)
2021-01-08 04:46:51,212 [pool-1912-thread-1] INFO  server.RaftServerConfigKeys (ConfUtils.java:logGet(44)) - raft.server.log.statemachine.data.caching.enabled = true (custom)
2021-01-08 04:46:51,212 [pool-1912-thread-1] INFO  segmented.SegmentedRaftLogWorker (SegmentedRaftLogWorker.java:lambda$new$0(132)) - 24be368e-9912-49e9-b36f-3be1586466e8@group-7ADA723E8857-SegmentedRaftLogWorker: flushIndex: setUnconditionally 0 -> -1
2021-01-08 04:46:51,212 [pool-1912-thread-1] INFO  segmented.SegmentedRaftLogWorker (SegmentedRaftLogWorker.java:lambda$new$0(132)) - 24be368e-9912-49e9-b36f-3be1586466e8@group-7ADA723E8857-SegmentedRaftLogWorker: safeCacheEvictIndex: setUnconditionally 0 -> -1
2021-01-08 04:46:51,213 [pool-1912-thread-1] INFO  server.RaftServerConfigKeys (ConfUtils.java:logGet(44)) - raft.server.snapshot.auto.trigger.enabled = true (custom)
2021-01-08 04:46:51,213 [pool-1912-thread-1] INFO  server.RaftServerConfigKeys (ConfUtils.java:logGet(44)) - raft.server.snapshot.auto.trigger.threshold = 10000 (custom)
2021-01-08 04:46:51,213 [pool-1912-thread-1] INFO  server.RaftServerConfigKeys (ConfUtils.java:logGet(44)) - raft.server.snapshot.retention.file.num = 5 (custom)
2021-01-08 04:46:51,213 [pool-1912-thread-1] INFO  server.RaftServerConfigKeys (ConfUtils.java:logGet(44)) - raft.server.log.purge.upto.snapshot.index = false (default)
2021-01-08 04:46:51,213 [pool-1912-thread-1] INFO  server.RaftServerConfigKeys (ConfUtils.java:logGet(44)) - raft.server.retrycache.expirytime = 600000ms (custom)
2021-01-08 04:46:51,213 [pool-1912-thread-1] INFO  server.RaftServerConfigKeys (ConfUtils.java:logGet(44)) - raft.server.retrycache.statistics.expirytime = 100?s (default)
2021-01-08 04:46:51,213 [pool-1912-thread-1] INFO  metrics.RatisMetrics (RatisMetrics.java:lambda$create$0(36)) - Creating Metrics Registry : ratis.leader_election.24be368e-9912-49e9-b36f-3be1586466e8@group-7ADA723E8857
2021-01-08 04:46:51,214 [pool-1912-thread-1] INFO  metrics.RatisMetrics (RatisMetrics.java:lambda$create$0(36)) - Creating Metrics Registry : ratis.server.24be368e-9912-49e9-b36f-3be1586466e8@group-7ADA723E8857
2021-01-08 04:46:51,217 [pool-1912-thread-1] INFO  server.RaftServer$Division (RaftServerImpl.java:start(294)) - 24be368e-9912-49e9-b36f-3be1586466e8@group-7ADA723E8857: start as a follower, conf=-1: [24be368e-9912-49e9-b36f-3be1586466e8|rpc:172.17.0.2:45243|priority:0], old=null
2021-01-08 04:46:51,218 [pool-1912-thread-1] INFO  server.RaftServer$Division (RaftServerImpl.java:setRole(283)) - 24be368e-9912-49e9-b36f-3be1586466e8@group-7ADA723E8857: changes role from      null to FOLLOWER at term 0 for startAsFollower
2021-01-08 04:46:51,218 [pool-1912-thread-1] INFO  impl.RoleInfo (RoleInfo.java:updateAndGet(130)) - 24be368e-9912-49e9-b36f-3be1586466e8: start 24be368e-9912-49e9-b36f-3be1586466e8@group-7ADA723E8857-FollowerState
2021-01-08 04:46:51,219 [pool-1912-thread-1] INFO  util.JmxRegister (JmxRegister.java:tryRegister(44)) - Successfully registered JMX Bean with object name Ratis:service=RaftServer,group=group-7ADA723E8857,id=24be368e-9912-49e9-b36f-3be1586466e8
2021-01-08 04:46:51,219 [pool-1912-thread-1] INFO  metrics.RatisMetrics (RatisMetrics.java:lambda$create$0(36)) - Creating Metrics Registry : ratis.state_machine.24be368e-9912-49e9-b36f-3be1586466e8@group-7ADA723E8857
2021-01-08 04:46:51,220 [Command processor thread] INFO  commandhandler.CreatePipelineCommandHandler (CreatePipelineCommandHandler.java:handle(106)) - Created Pipeline RATIS ONE PipelineID=3b8d15e9-0caa-4fd8-8822-7ada723e8857.
2021-01-08 04:46:51,220 [Command processor thread] INFO  server.RaftServer (RaftServerProxy.java:addNew(95)) - 24be368e-9912-49e9-b36f-3be1586466e8: addNew group-6B5012D43B73:[55aa2eb3-e7d2-43c8-9100-77f9e6fde891|rpc:172.17.0.2:35207|priority:0, 027ea797-585b-4d73-a004-b5fa2cd87a42|rpc:172.17.0.2:43035|priority:0, 24be368e-9912-49e9-b36f-3be1586466e8|rpc:172.17.0.2:45243|priority:0] returns group-6B5012D43B73:java.util.concurrent.CompletableFuture@2fe69f9d[Not completed]
2021-01-08 04:46:51,221 [pool-1912-thread-1] INFO  server.RaftServer$Division (RaftServerImpl.java:<init>(179)) - 24be368e-9912-49e9-b36f-3be1586466e8: new RaftServerImpl for group-6B5012D43B73:[55aa2eb3-e7d2-43c8-9100-77f9e6fde891|rpc:172.17.0.2:35207|priority:0, 027ea797-585b-4d73-a004-b5fa2cd87a42|rpc:172.17.0.2:43035|priority:0, 24be368e-9912-49e9-b36f-3be1586466e8|rpc:172.17.0.2:45243|priority:0] with ContainerStateMachine:uninitialized
2021-01-08 04:46:51,221 [pool-1912-thread-1] INFO  server.RaftServerConfigKeys (ConfUtils.java:logGet(44)) - raft.server.rpc.timeout.min = 5s (custom)
2021-01-08 04:46:51,221 [pool-1912-thread-1] INFO  server.RaftServerConfigKeys (ConfUtils.java:logGet(44)) - raft.server.rpc.timeout.max = 5200ms (custom)
2021-01-08 04:46:51,221 [pool-1912-thread-1] INFO  server.RaftServerConfigKeys (ConfUtils.java:logGet(44)) - raft.server.rpc.sleep.time = 25ms (default)
2021-01-08 04:46:51,221 [pool-1912-thread-1] INFO  server.RaftServerConfigKeys (ConfUtils.java:logGet(44)) - raft.server.rpc.slowness.timeout = 300s (custom)
2021-01-08 04:46:51,221 [pool-1912-thread-1] INFO  server.RaftServerConfigKeys (ConfUtils.java:logGet(44)) - raft.server.leaderelection.leader.step-down.wait-time = 10s (default)
2021-01-08 04:46:51,221 [pool-1912-thread-1] INFO  server.RaftServerConfigKeys (ConfUtils.java:logGet(44)) - raft.server.sleep.deviation.threshold = 300ms (default)
2021-01-08 04:46:51,221 [pool-1912-thread-1] INFO  server.RaftServerConfigKeys (ConfUtils.java:logGet(44)) - raft.server.log.appender.install.snapshot.enabled = false (custom)
2021-01-08 04:46:51,221 [pool-1912-thread-1] INFO  server.RaftServer$Division (ServerState.java:<init>(103)) - 24be368e-9912-49e9-b36f-3be1586466e8@group-6B5012D43B73: ConfigurationManager, init=-1: [55aa2eb3-e7d2-43c8-9100-77f9e6fde891|rpc:172.17.0.2:35207|priority:0, 027ea797-585b-4d73-a004-b5fa2cd87a42|rpc:172.17.0.2:43035|priority:0, 24be368e-9912-49e9-b36f-3be1586466e8|rpc:172.17.0.2:45243|priority:0], old=null, confs=<EMPTY_MAP>
2021-01-08 04:46:51,221 [pool-1912-thread-1] INFO  server.RaftServerConfigKeys (ConfUtils.java:logGet(44)) - raft.server.storage.dir = [/github/workspace/mnt/ozone/hadoop-ozone/integration-test/target/test-dir/MiniOzoneClusterImpl-8e553afa-60cb-4a34-8c5d-9ccb1efc285c/datanode-0/data/ratis] (custom)
2021-01-08 04:46:51,222 [pool-1912-thread-1] INFO  server.RaftServerConfigKeys (ConfUtils.java:logGet(44)) - raft.server.log.corruption.policy = EXCEPTION (default)
2021-01-08 04:46:51,222 [pool-1912-thread-1] INFO  storage.RaftStorageDirectory (RaftStorageDirectoryImpl.java:analyzeStorage(132)) - The storage directory /github/workspace/mnt/ozone/hadoop-ozone/integration-test/target/test-dir/MiniOzoneClusterImpl-8e553afa-60cb-4a34-8c5d-9ccb1efc285c/datanode-0/data/ratis/dae6ff18-9ef8-4c63-9f66-6b5012d43b73 does not exist. Creating ...
2021-01-08 04:46:51,223 [pool-1912-thread-1] INFO  storage.RaftStorageDirectory (RaftStorageDirectoryImpl.java:tryLock(215)) - Lock on /github/workspace/mnt/ozone/hadoop-ozone/integration-test/target/test-dir/MiniOzoneClusterImpl-8e553afa-60cb-4a34-8c5d-9ccb1efc285c/datanode-0/data/ratis/dae6ff18-9ef8-4c63-9f66-6b5012d43b73/in_use.lock acquired by nodename 7486@36857d2baa53
2021-01-08 04:46:51,224 [pool-1912-thread-1] INFO  storage.RaftStorage (RaftStorageImpl.java:format(87)) - Storage directory /github/workspace/mnt/ozone/hadoop-ozone/integration-test/target/test-dir/MiniOzoneClusterImpl-8e553afa-60cb-4a34-8c5d-9ccb1efc285c/datanode-0/data/ratis/dae6ff18-9ef8-4c63-9f66-6b5012d43b73 has been successfully formatted.
2021-01-08 04:46:51,224 [pool-1912-thread-1] INFO  ratis.ContainerStateMachine (ContainerStateMachine.java:loadSnapshot(223)) - group-6B5012D43B73: The snapshot info is null. Setting the last applied indexto:(t:0, i:~)
2021-01-08 04:46:51,224 [pool-1912-thread-1] ERROR storage.RaftStorage (RaftStorageImpl.java:readRaftConfiguration(147)) - Failed reading configuration from file:/github/workspace/mnt/ozone/hadoop-ozone/integration-test/target/test-dir/MiniOzoneClusterImpl-8e553afa-60cb-4a34-8c5d-9ccb1efc285c/datanode-0/data/ratis/dae6ff18-9ef8-4c63-9f66-6b5012d43b73/current/raft-meta.conf
java.io.FileNotFoundException: /github/workspace/mnt/ozone/hadoop-ozone/integration-test/target/test-dir/MiniOzoneClusterImpl-8e553afa-60cb-4a34-8c5d-9ccb1efc285c/datanode-0/data/ratis/dae6ff18-9ef8-4c63-9f66-6b5012d43b73/current/raft-meta.conf (No such file or directory)
	at java.io.FileInputStream.open0(Native Method)
	at java.io.FileInputStream.open(FileInputStream.java:195)
	at java.io.FileInputStream.<init>(FileInputStream.java:138)
	at org.apache.ratis.server.storage.RaftStorageImpl.readRaftConfiguration(RaftStorageImpl.java:143)
	at org.apache.ratis.server.impl.ServerState.<init>(ServerState.java:113)
	at org.apache.ratis.server.impl.RaftServerImpl.<init>(RaftServerImpl.java:192)
	at org.apache.ratis.server.impl.RaftServerProxy.lambda$newRaftServerImpl$4(RaftServerProxy.java:266)
	at java.util.concurrent.CompletableFuture$AsyncSupply.run(CompletableFuture.java:1604)
	at java.util.concurrent.ThreadPoolExecutor.runWorker(ThreadPoolExecutor.java:1149)
	at java.util.concurrent.ThreadPoolExecutor$Worker.run(ThreadPoolExecutor.java:624)
	at java.lang.Thread.run(Thread.java:748)
2021-01-08 04:46:51,224 [pool-1912-thread-1] INFO  server.RaftServerConfigKeys (ConfUtils.java:logGet(44)) - raft.server.notification.no-leader.timeout = 300s (custom)
2021-01-08 04:46:51,225 [pool-1912-thread-1] INFO  server.RaftServerConfigKeys (ConfUtils.java:logGet(44)) - raft.server.log.use.memory = false (default)
2021-01-08 04:46:51,225 [EventQueue-PipelineReportForOneReplicaPipelineSafeModeRule] INFO  safemode.SCMSafeModeManager (SCMSafeModeManager.java:validateSafeModeExitRules(214)) - AtleastOneDatanodeReportedRule rule is successfully validated
2021-01-08 04:46:51,225 [pool-1912-thread-1] INFO  server.RaftServerConfigKeys (ConfUtils.java:logGet(44)) - raft.server.log.purge.gap = 1000000 (custom)
2021-01-08 04:46:51,225 [pool-1912-thread-1] INFO  server.RaftServerConfigKeys (ConfUtils.java:logGet(44)) - raft.server.log.appender.buffer.byte-limit = 33554432 (custom)
2021-01-08 04:46:51,225 [EventQueue-OpenPipelineForHealthyPipelineSafeModeRule] INFO  safemode.SCMSafeModeManager (HealthyPipelineSafeModeRule.java:process(128)) - SCM in safe mode. Healthy pipelines reported count is 0, required healthy pipeline reported count is 1
2021-01-08 04:46:51,225 [pool-1912-thread-1] INFO  metrics.RatisMetrics (RatisMetrics.java:lambda$create$0(36)) - Creating Metrics Registry : ratis.log_worker.24be368e-9912-49e9-b36f-3be1586466e8@group-6B5012D43B73
2021-01-08 04:46:51,225 [pool-1912-thread-1] INFO  server.RaftServerConfigKeys (ConfUtils.java:logGet(44)) - raft.server.log.segment.size.max = 1048576 (custom)
2021-01-08 04:46:51,227 [pool-1912-thread-1] INFO  server.RaftServerConfigKeys (ConfUtils.java:logGet(44)) - raft.server.log.segment.cache.num.max = 2 (custom)
2021-01-08 04:46:51,227 [pool-1912-thread-1] INFO  server.RaftServerConfigKeys (ConfUtils.java:logGet(44)) - raft.server.log.segment.cache.size.max = 200MB (=209715200) (default)
2021-01-08 04:46:51,227 [pool-1912-thread-1] INFO  segmented.SegmentedRaftLogWorker (SegmentedRaftLogWorker.java:<init>(181)) - new 24be368e-9912-49e9-b36f-3be1586466e8@group-6B5012D43B73-SegmentedRaftLogWorker for RaftStorageImpl:Storage Directory /github/workspace/mnt/ozone/hadoop-ozone/integration-test/target/test-dir/MiniOzoneClusterImpl-8e553afa-60cb-4a34-8c5d-9ccb1efc285c/datanode-0/data/ratis/dae6ff18-9ef8-4c63-9f66-6b5012d43b73
2021-01-08 04:46:51,227 [pool-1912-thread-1] INFO  server.RaftServerConfigKeys (ConfUtils.java:logGet(44)) - raft.server.log.queue.byte-limit = 2147483647 (custom)
2021-01-08 04:46:51,227 [pool-1912-thread-1] INFO  server.RaftServerConfigKeys (ConfUtils.java:logGet(44)) - raft.server.log.queue.element-limit = 1024 (custom)
2021-01-08 04:46:51,227 [pool-1912-thread-1] INFO  server.RaftServerConfigKeys (ConfUtils.java:logGet(44)) - raft.server.log.segment.size.max = 1048576 (custom)
2021-01-08 04:46:51,227 [pool-1912-thread-1] INFO  server.RaftServerConfigKeys (ConfUtils.java:logGet(44)) - raft.server.log.preallocated.size = 16384 (custom)
2021-01-08 04:46:51,227 [pool-1912-thread-1] INFO  server.RaftServerConfigKeys (ConfUtils.java:logGet(44)) - raft.server.log.force.sync.num = 128 (default)
2021-01-08 04:46:51,228 [pool-1912-thread-1] INFO  server.RaftServerConfigKeys (ConfUtils.java:logGet(44)) - raft.server.log.statemachine.data.sync = true (default)
2021-01-08 04:46:51,228 [pool-1912-thread-1] INFO  server.RaftServerConfigKeys (ConfUtils.java:logGet(44)) - raft.server.log.statemachine.data.sync.timeout = 10s (default)
2021-01-08 04:46:51,228 [pool-1912-thread-1] INFO  server.RaftServerConfigKeys (ConfUtils.java:logGet(44)) - raft.server.log.statemachine.data.sync.timeout.retry = -1 (default)
2021-01-08 04:46:51,230 [Listener at 127.0.0.1/45829] INFO  ozone.MiniOzoneClusterImpl (MiniOzoneClusterImpl.java:lambda$waitForClusterToBeReady$0(179)) - Nodes are ready. Got 6 of 6 DN Heartbeats.
2021-01-08 04:46:51,230 [Listener at 127.0.0.1/45829] INFO  ozone.MiniOzoneClusterImpl (MiniOzoneClusterImpl.java:lambda$waitForClusterToBeReady$0(182)) - Waiting for cluster to exit safe mode
2021-01-08 04:46:51,230 [EventQueue-PipelineReportForOneReplicaPipelineSafeModeRule] INFO  safemode.SCMSafeModeManager (SCMSafeModeManager.java:validateSafeModeExitRules(214)) - AtleastOneDatanodeReportedRule rule is successfully validated
2021-01-08 04:46:51,232 [pool-1912-thread-1] INFO  server.RaftServerConfigKeys (ConfUtils.java:logGet(44)) - raft.server.log.write.buffer.size = 1048576 (custom)
2021-01-08 04:46:51,233 [pool-1912-thread-1] INFO  server.RaftServerConfigKeys (ConfUtils.java:logGet(44)) - raft.server.log.statemachine.data.caching.enabled = true (custom)
2021-01-08 04:46:51,233 [pool-1912-thread-1] INFO  segmented.SegmentedRaftLogWorker (SegmentedRaftLogWorker.java:lambda$new$0(132)) - 24be368e-9912-49e9-b36f-3be1586466e8@group-6B5012D43B73-SegmentedRaftLogWorker: flushIndex: setUnconditionally 0 -> -1
2021-01-08 04:46:51,233 [pool-1912-thread-1] INFO  segmented.SegmentedRaftLogWorker (SegmentedRaftLogWorker.java:lambda$new$0(132)) - 24be368e-9912-49e9-b36f-3be1586466e8@group-6B5012D43B73-SegmentedRaftLogWorker: safeCacheEvictIndex: setUnconditionally 0 -> -1
2021-01-08 04:46:51,233 [pool-1912-thread-1] INFO  server.RaftServerConfigKeys (ConfUtils.java:logGet(44)) - raft.server.snapshot.auto.trigger.enabled = true (custom)
2021-01-08 04:46:51,233 [pool-1912-thread-1] INFO  server.RaftServerConfigKeys (ConfUtils.java:logGet(44)) - raft.server.snapshot.auto.trigger.threshold = 10000 (custom)
2021-01-08 04:46:51,233 [pool-1912-thread-1] INFO  server.RaftServerConfigKeys (ConfUtils.java:logGet(44)) - raft.server.snapshot.retention.file.num = 5 (custom)
2021-01-08 04:46:51,233 [pool-1912-thread-1] INFO  server.RaftServerConfigKeys (ConfUtils.java:logGet(44)) - raft.server.log.purge.upto.snapshot.index = false (default)
2021-01-08 04:46:51,233 [pool-1912-thread-1] INFO  server.RaftServerConfigKeys (ConfUtils.java:logGet(44)) - raft.server.retrycache.expirytime = 600000ms (custom)
2021-01-08 04:46:51,234 [pool-1912-thread-1] INFO  server.RaftServerConfigKeys (ConfUtils.java:logGet(44)) - raft.server.retrycache.statistics.expirytime = 100?s (default)
2021-01-08 04:46:51,234 [pool-1912-thread-1] INFO  metrics.RatisMetrics (RatisMetrics.java:lambda$create$0(36)) - Creating Metrics Registry : ratis.leader_election.24be368e-9912-49e9-b36f-3be1586466e8@group-6B5012D43B73
2021-01-08 04:46:51,235 [pool-1912-thread-1] INFO  metrics.RatisMetrics (RatisMetrics.java:lambda$create$0(36)) - Creating Metrics Registry : ratis.server.24be368e-9912-49e9-b36f-3be1586466e8@group-6B5012D43B73
2021-01-08 04:46:51,237 [pool-1912-thread-1] INFO  server.RaftServer$Division (RaftServerImpl.java:start(294)) - 24be368e-9912-49e9-b36f-3be1586466e8@group-6B5012D43B73: start as a follower, conf=-1: [55aa2eb3-e7d2-43c8-9100-77f9e6fde891|rpc:172.17.0.2:35207|priority:0, 027ea797-585b-4d73-a004-b5fa2cd87a42|rpc:172.17.0.2:43035|priority:0, 24be368e-9912-49e9-b36f-3be1586466e8|rpc:172.17.0.2:45243|priority:0], old=null
2021-01-08 04:46:51,237 [pool-1912-thread-1] INFO  server.RaftServer$Division (RaftServerImpl.java:setRole(283)) - 24be368e-9912-49e9-b36f-3be1586466e8@group-6B5012D43B73: changes role from      null to FOLLOWER at term 0 for startAsFollower
2021-01-08 04:46:51,237 [pool-1912-thread-1] INFO  impl.RoleInfo (RoleInfo.java:updateAndGet(130)) - 24be368e-9912-49e9-b36f-3be1586466e8: start 24be368e-9912-49e9-b36f-3be1586466e8@group-6B5012D43B73-FollowerState
2021-01-08 04:46:51,238 [pool-1912-thread-1] INFO  util.JmxRegister (JmxRegister.java:tryRegister(44)) - Successfully registered JMX Bean with object name Ratis:service=RaftServer,group=group-6B5012D43B73,id=24be368e-9912-49e9-b36f-3be1586466e8
2021-01-08 04:46:51,238 [pool-1912-thread-1] INFO  metrics.RatisMetrics (RatisMetrics.java:lambda$create$0(36)) - Creating Metrics Registry : ratis.state_machine.24be368e-9912-49e9-b36f-3be1586466e8@group-6B5012D43B73
2021-01-08 04:46:51,240 [Command processor thread] INFO  metrics.RatisMetrics (RatisMetrics.java:lambda$create$0(36)) - Creating Metrics Registry : ratis.client_message_metrics.client-9C05B5B1304F->027ea797-585b-4d73-a004-b5fa2cd87a42
2021-01-08 04:46:51,245 [grpc-default-executor-5] INFO  metrics.RatisMetrics (RatisMetrics.java:lambda$create$0(36)) - Creating Metrics Registry : ratis.server_message_metrics.027ea797-585b-4d73-a004-b5fa2cd87a42
2021-01-08 04:46:51,246 [grpc-default-executor-5] INFO  server.RaftServer (RaftServerProxy.java:addNew(95)) - 027ea797-585b-4d73-a004-b5fa2cd87a42: addNew group-6B5012D43B73:[55aa2eb3-e7d2-43c8-9100-77f9e6fde891|rpc:172.17.0.2:35207|dataStream:|priority:0, 027ea797-585b-4d73-a004-b5fa2cd87a42|rpc:172.17.0.2:43035|dataStream:|priority:0, 24be368e-9912-49e9-b36f-3be1586466e8|rpc:172.17.0.2:45243|dataStream:|priority:0] returns group-6B5012D43B73:java.util.concurrent.CompletableFuture@dd8765d[Not completed]
2021-01-08 04:46:51,246 [pool-1944-thread-1] INFO  server.RaftServer$Division (RaftServerImpl.java:<init>(179)) - 027ea797-585b-4d73-a004-b5fa2cd87a42: new RaftServerImpl for group-6B5012D43B73:[55aa2eb3-e7d2-43c8-9100-77f9e6fde891|rpc:172.17.0.2:35207|dataStream:|priority:0, 027ea797-585b-4d73-a004-b5fa2cd87a42|rpc:172.17.0.2:43035|dataStream:|priority:0, 24be368e-9912-49e9-b36f-3be1586466e8|rpc:172.17.0.2:45243|dataStream:|priority:0] with ContainerStateMachine:uninitialized
2021-01-08 04:46:51,246 [pool-1944-thread-1] INFO  server.RaftServerConfigKeys (ConfUtils.java:logGet(44)) - raft.server.rpc.timeout.min = 5s (custom)
2021-01-08 04:46:51,247 [pool-1944-thread-1] INFO  server.RaftServerConfigKeys (ConfUtils.java:logGet(44)) - raft.server.rpc.timeout.max = 5200ms (custom)
2021-01-08 04:46:51,247 [pool-1944-thread-1] INFO  server.RaftServerConfigKeys (ConfUtils.java:logGet(44)) - raft.server.rpc.sleep.time = 25ms (default)
2021-01-08 04:46:51,247 [pool-1944-thread-1] INFO  server.RaftServerConfigKeys (ConfUtils.java:logGet(44)) - raft.server.rpc.slowness.timeout = 300s (custom)
2021-01-08 04:46:51,247 [pool-1944-thread-1] INFO  server.RaftServerConfigKeys (ConfUtils.java:logGet(44)) - raft.server.leaderelection.leader.step-down.wait-time = 10s (default)
2021-01-08 04:46:51,247 [pool-1944-thread-1] INFO  server.RaftServerConfigKeys (ConfUtils.java:logGet(44)) - raft.server.sleep.deviation.threshold = 300ms (default)
2021-01-08 04:46:51,247 [pool-1944-thread-1] INFO  server.RaftServerConfigKeys (ConfUtils.java:logGet(44)) - raft.server.log.appender.install.snapshot.enabled = false (custom)
2021-01-08 04:46:51,247 [pool-1944-thread-1] INFO  server.RaftServer$Division (ServerState.java:<init>(103)) - 027ea797-585b-4d73-a004-b5fa2cd87a42@group-6B5012D43B73: ConfigurationManager, init=-1: [55aa2eb3-e7d2-43c8-9100-77f9e6fde891|rpc:172.17.0.2:35207|dataStream:|priority:0, 027ea797-585b-4d73-a004-b5fa2cd87a42|rpc:172.17.0.2:43035|dataStream:|priority:0, 24be368e-9912-49e9-b36f-3be1586466e8|rpc:172.17.0.2:45243|dataStream:|priority:0], old=null, confs=<EMPTY_MAP>
2021-01-08 04:46:51,247 [pool-1944-thread-1] INFO  server.RaftServerConfigKeys (ConfUtils.java:logGet(44)) - raft.server.storage.dir = [/github/workspace/mnt/ozone/hadoop-ozone/integration-test/target/test-dir/MiniOzoneClusterImpl-8e553afa-60cb-4a34-8c5d-9ccb1efc285c/datanode-2/data/ratis] (custom)
2021-01-08 04:46:51,248 [pool-1944-thread-1] INFO  server.RaftServerConfigKeys (ConfUtils.java:logGet(44)) - raft.server.log.corruption.policy = EXCEPTION (default)
2021-01-08 04:46:51,248 [pool-1944-thread-1] INFO  storage.RaftStorageDirectory (RaftStorageDirectoryImpl.java:analyzeStorage(132)) - The storage directory /github/workspace/mnt/ozone/hadoop-ozone/integration-test/target/test-dir/MiniOzoneClusterImpl-8e553afa-60cb-4a34-8c5d-9ccb1efc285c/datanode-2/data/ratis/dae6ff18-9ef8-4c63-9f66-6b5012d43b73 does not exist. Creating ...
2021-01-08 04:46:51,249 [pool-1944-thread-1] INFO  storage.RaftStorageDirectory (RaftStorageDirectoryImpl.java:tryLock(215)) - Lock on /github/workspace/mnt/ozone/hadoop-ozone/integration-test/target/test-dir/MiniOzoneClusterImpl-8e553afa-60cb-4a34-8c5d-9ccb1efc285c/datanode-2/data/ratis/dae6ff18-9ef8-4c63-9f66-6b5012d43b73/in_use.lock acquired by nodename 7486@36857d2baa53
2021-01-08 04:46:51,250 [pool-1944-thread-1] INFO  storage.RaftStorage (RaftStorageImpl.java:format(87)) - Storage directory /github/workspace/mnt/ozone/hadoop-ozone/integration-test/target/test-dir/MiniOzoneClusterImpl-8e553afa-60cb-4a34-8c5d-9ccb1efc285c/datanode-2/data/ratis/dae6ff18-9ef8-4c63-9f66-6b5012d43b73 has been successfully formatted.
2021-01-08 04:46:51,251 [pool-1944-thread-1] INFO  ratis.ContainerStateMachine (ContainerStateMachine.java:loadSnapshot(223)) - group-6B5012D43B73: The snapshot info is null. Setting the last applied indexto:(t:0, i:~)
2021-01-08 04:46:51,251 [pool-1944-thread-1] ERROR storage.RaftStorage (RaftStorageImpl.java:readRaftConfiguration(147)) - Failed reading configuration from file:/github/workspace/mnt/ozone/hadoop-ozone/integration-test/target/test-dir/MiniOzoneClusterImpl-8e553afa-60cb-4a34-8c5d-9ccb1efc285c/datanode-2/data/ratis/dae6ff18-9ef8-4c63-9f66-6b5012d43b73/current/raft-meta.conf
java.io.FileNotFoundException: /github/workspace/mnt/ozone/hadoop-ozone/integration-test/target/test-dir/MiniOzoneClusterImpl-8e553afa-60cb-4a34-8c5d-9ccb1efc285c/datanode-2/data/ratis/dae6ff18-9ef8-4c63-9f66-6b5012d43b73/current/raft-meta.conf (No such file or directory)
	at java.io.FileInputStream.open0(Native Method)
	at java.io.FileInputStream.open(FileInputStream.java:195)
	at java.io.FileInputStream.<init>(FileInputStream.java:138)
	at org.apache.ratis.server.storage.RaftStorageImpl.readRaftConfiguration(RaftStorageImpl.java:143)
	at org.apache.ratis.server.impl.ServerState.<init>(ServerState.java:113)
	at org.apache.ratis.server.impl.RaftServerImpl.<init>(RaftServerImpl.java:192)
	at org.apache.ratis.server.impl.RaftServerProxy.lambda$newRaftServerImpl$4(RaftServerProxy.java:266)
	at java.util.concurrent.CompletableFuture$AsyncSupply.run(CompletableFuture.java:1604)
	at java.util.concurrent.ThreadPoolExecutor.runWorker(ThreadPoolExecutor.java:1149)
	at java.util.concurrent.ThreadPoolExecutor$Worker.run(ThreadPoolExecutor.java:624)
	at java.lang.Thread.run(Thread.java:748)
2021-01-08 04:46:51,251 [pool-1944-thread-1] INFO  server.RaftServerConfigKeys (ConfUtils.java:logGet(44)) - raft.server.notification.no-leader.timeout = 300s (custom)
2021-01-08 04:46:51,251 [pool-1944-thread-1] INFO  server.RaftServerConfigKeys (ConfUtils.java:logGet(44)) - raft.server.log.use.memory = false (default)
2021-01-08 04:46:51,251 [pool-1944-thread-1] INFO  server.RaftServerConfigKeys (ConfUtils.java:logGet(44)) - raft.server.log.purge.gap = 1000000 (custom)
2021-01-08 04:46:51,251 [pool-1944-thread-1] INFO  server.RaftServerConfigKeys (ConfUtils.java:logGet(44)) - raft.server.log.appender.buffer.byte-limit = 33554432 (custom)
2021-01-08 04:46:51,251 [EventQueue-PipelineReportForOneReplicaPipelineSafeModeRule] INFO  safemode.SCMSafeModeManager (SCMSafeModeManager.java:validateSafeModeExitRules(214)) - AtleastOneDatanodeReportedRule rule is successfully validated
2021-01-08 04:46:51,251 [pool-1944-thread-1] INFO  metrics.RatisMetrics (RatisMetrics.java:lambda$create$0(36)) - Creating Metrics Registry : ratis.log_worker.027ea797-585b-4d73-a004-b5fa2cd87a42@group-6B5012D43B73
2021-01-08 04:46:51,252 [pool-1944-thread-1] INFO  server.RaftServerConfigKeys (ConfUtils.java:logGet(44)) - raft.server.log.segment.size.max = 1048576 (custom)
2021-01-08 04:46:51,253 [pool-1944-thread-1] INFO  server.RaftServerConfigKeys (ConfUtils.java:logGet(44)) - raft.server.log.segment.cache.num.max = 2 (custom)
2021-01-08 04:46:51,253 [pool-1944-thread-1] INFO  server.RaftServerConfigKeys (ConfUtils.java:logGet(44)) - raft.server.log.segment.cache.size.max = 200MB (=209715200) (default)
2021-01-08 04:46:51,253 [pool-1944-thread-1] INFO  segmented.SegmentedRaftLogWorker (SegmentedRaftLogWorker.java:<init>(181)) - new 027ea797-585b-4d73-a004-b5fa2cd87a42@group-6B5012D43B73-SegmentedRaftLogWorker for RaftStorageImpl:Storage Directory /github/workspace/mnt/ozone/hadoop-ozone/integration-test/target/test-dir/MiniOzoneClusterImpl-8e553afa-60cb-4a34-8c5d-9ccb1efc285c/datanode-2/data/ratis/dae6ff18-9ef8-4c63-9f66-6b5012d43b73
2021-01-08 04:46:51,253 [pool-1944-thread-1] INFO  server.RaftServerConfigKeys (ConfUtils.java:logGet(44)) - raft.server.log.queue.byte-limit = 2147483647 (custom)
2021-01-08 04:46:51,254 [pool-1944-thread-1] INFO  server.RaftServerConfigKeys (ConfUtils.java:logGet(44)) - raft.server.log.queue.element-limit = 1024 (custom)
2021-01-08 04:46:51,254 [pool-1944-thread-1] INFO  server.RaftServerConfigKeys (ConfUtils.java:logGet(44)) - raft.server.log.segment.size.max = 1048576 (custom)
2021-01-08 04:46:51,254 [pool-1944-thread-1] INFO  server.RaftServerConfigKeys (ConfUtils.java:logGet(44)) - raft.server.log.preallocated.size = 16384 (custom)
2021-01-08 04:46:51,254 [pool-1944-thread-1] INFO  server.RaftServerConfigKeys (ConfUtils.java:logGet(44)) - raft.server.log.force.sync.num = 128 (default)
2021-01-08 04:46:51,254 [pool-1944-thread-1] INFO  server.RaftServerConfigKeys (ConfUtils.java:logGet(44)) - raft.server.log.statemachine.data.sync = true (default)
2021-01-08 04:46:51,254 [pool-1944-thread-1] INFO  server.RaftServerConfigKeys (ConfUtils.java:logGet(44)) - raft.server.log.statemachine.data.sync.timeout = 10s (default)
2021-01-08 04:46:51,254 [pool-1944-thread-1] INFO  server.RaftServerConfigKeys (ConfUtils.java:logGet(44)) - raft.server.log.statemachine.data.sync.timeout.retry = -1 (default)
2021-01-08 04:46:51,257 [pool-1944-thread-1] INFO  server.RaftServerConfigKeys (ConfUtils.java:logGet(44)) - raft.server.log.write.buffer.size = 1048576 (custom)
2021-01-08 04:46:51,258 [pool-1944-thread-1] INFO  server.RaftServerConfigKeys (ConfUtils.java:logGet(44)) - raft.server.log.statemachine.data.caching.enabled = true (custom)
2021-01-08 04:46:51,258 [pool-1944-thread-1] INFO  segmented.SegmentedRaftLogWorker (SegmentedRaftLogWorker.java:lambda$new$0(132)) - 027ea797-585b-4d73-a004-b5fa2cd87a42@group-6B5012D43B73-SegmentedRaftLogWorker: flushIndex: setUnconditionally 0 -> -1
2021-01-08 04:46:51,258 [pool-1944-thread-1] INFO  segmented.SegmentedRaftLogWorker (SegmentedRaftLogWorker.java:lambda$new$0(132)) - 027ea797-585b-4d73-a004-b5fa2cd87a42@group-6B5012D43B73-SegmentedRaftLogWorker: safeCacheEvictIndex: setUnconditionally 0 -> -1
2021-01-08 04:46:51,258 [pool-1944-thread-1] INFO  server.RaftServerConfigKeys (ConfUtils.java:logGet(44)) - raft.server.snapshot.auto.trigger.enabled = true (custom)
2021-01-08 04:46:51,258 [pool-1944-thread-1] INFO  server.RaftServerConfigKeys (ConfUtils.java:logGet(44)) - raft.server.snapshot.auto.trigger.threshold = 10000 (custom)
2021-01-08 04:46:51,258 [pool-1944-thread-1] INFO  server.RaftServerConfigKeys (ConfUtils.java:logGet(44)) - raft.server.snapshot.retention.file.num = 5 (custom)
2021-01-08 04:46:51,259 [pool-1944-thread-1] INFO  server.RaftServerConfigKeys (ConfUtils.java:logGet(44)) - raft.server.log.purge.upto.snapshot.index = false (default)
2021-01-08 04:46:51,259 [pool-1944-thread-1] INFO  server.RaftServerConfigKeys (ConfUtils.java:logGet(44)) - raft.server.retrycache.expirytime = 600000ms (custom)
2021-01-08 04:46:51,259 [pool-1944-thread-1] INFO  server.RaftServerConfigKeys (ConfUtils.java:logGet(44)) - raft.server.retrycache.statistics.expirytime = 100?s (default)
2021-01-08 04:46:51,259 [pool-1944-thread-1] INFO  metrics.RatisMetrics (RatisMetrics.java:lambda$create$0(36)) - Creating Metrics Registry : ratis.leader_election.027ea797-585b-4d73-a004-b5fa2cd87a42@group-6B5012D43B73
2021-01-08 04:46:51,260 [pool-1944-thread-1] INFO  metrics.RatisMetrics (RatisMetrics.java:lambda$create$0(36)) - Creating Metrics Registry : ratis.server.027ea797-585b-4d73-a004-b5fa2cd87a42@group-6B5012D43B73
2021-01-08 04:46:51,262 [pool-1944-thread-1] INFO  server.RaftServer$Division (RaftServerImpl.java:start(294)) - 027ea797-585b-4d73-a004-b5fa2cd87a42@group-6B5012D43B73: start as a follower, conf=-1: [55aa2eb3-e7d2-43c8-9100-77f9e6fde891|rpc:172.17.0.2:35207|dataStream:|priority:0, 027ea797-585b-4d73-a004-b5fa2cd87a42|rpc:172.17.0.2:43035|dataStream:|priority:0, 24be368e-9912-49e9-b36f-3be1586466e8|rpc:172.17.0.2:45243|dataStream:|priority:0], old=null
2021-01-08 04:46:51,262 [pool-1944-thread-1] INFO  server.RaftServer$Division (RaftServerImpl.java:setRole(283)) - 027ea797-585b-4d73-a004-b5fa2cd87a42@group-6B5012D43B73: changes role from      null to FOLLOWER at term 0 for startAsFollower
2021-01-08 04:46:51,263 [pool-1944-thread-1] INFO  impl.RoleInfo (RoleInfo.java:updateAndGet(130)) - 027ea797-585b-4d73-a004-b5fa2cd87a42: start 027ea797-585b-4d73-a004-b5fa2cd87a42@group-6B5012D43B73-FollowerState
2021-01-08 04:46:51,263 [pool-1944-thread-1] INFO  util.JmxRegister (JmxRegister.java:tryRegister(44)) - Successfully registered JMX Bean with object name Ratis:service=RaftServer,group=group-6B5012D43B73,id=027ea797-585b-4d73-a004-b5fa2cd87a42
2021-01-08 04:46:51,263 [pool-1944-thread-1] INFO  metrics.RatisMetrics (RatisMetrics.java:lambda$create$0(36)) - Creating Metrics Registry : ratis.state_machine.027ea797-585b-4d73-a004-b5fa2cd87a42@group-6B5012D43B73
2021-01-08 04:46:51,270 [Command processor thread] INFO  metrics.RatisMetrics (RatisMetrics.java:lambda$create$0(36)) - Creating Metrics Registry : ratis.client_message_metrics.client-9A6111D24BF7->55aa2eb3-e7d2-43c8-9100-77f9e6fde891
2021-01-08 04:46:51,274 [grpc-default-executor-5] INFO  metrics.RatisMetrics (RatisMetrics.java:lambda$create$0(36)) - Creating Metrics Registry : ratis.server_message_metrics.55aa2eb3-e7d2-43c8-9100-77f9e6fde891
2021-01-08 04:46:51,276 [grpc-default-executor-5] INFO  server.RaftServer (RaftServerProxy.java:addNew(95)) - 55aa2eb3-e7d2-43c8-9100-77f9e6fde891: addNew group-6B5012D43B73:[55aa2eb3-e7d2-43c8-9100-77f9e6fde891|rpc:172.17.0.2:35207|dataStream:|priority:0, 027ea797-585b-4d73-a004-b5fa2cd87a42|rpc:172.17.0.2:43035|dataStream:|priority:0, 24be368e-9912-49e9-b36f-3be1586466e8|rpc:172.17.0.2:45243|dataStream:|priority:0] returns group-6B5012D43B73:java.util.concurrent.CompletableFuture@5f48ee95[Not completed]
2021-01-08 04:46:51,276 [pool-1928-thread-1] INFO  server.RaftServer$Division (RaftServerImpl.java:<init>(179)) - 55aa2eb3-e7d2-43c8-9100-77f9e6fde891: new RaftServerImpl for group-6B5012D43B73:[55aa2eb3-e7d2-43c8-9100-77f9e6fde891|rpc:172.17.0.2:35207|dataStream:|priority:0, 027ea797-585b-4d73-a004-b5fa2cd87a42|rpc:172.17.0.2:43035|dataStream:|priority:0, 24be368e-9912-49e9-b36f-3be1586466e8|rpc:172.17.0.2:45243|dataStream:|priority:0] with ContainerStateMachine:uninitialized
2021-01-08 04:46:51,276 [pool-1928-thread-1] INFO  server.RaftServerConfigKeys (ConfUtils.java:logGet(44)) - raft.server.rpc.timeout.min = 5s (custom)
2021-01-08 04:46:51,276 [pool-1928-thread-1] INFO  server.RaftServerConfigKeys (ConfUtils.java:logGet(44)) - raft.server.rpc.timeout.max = 5200ms (custom)
2021-01-08 04:46:51,276 [pool-1928-thread-1] INFO  server.RaftServerConfigKeys (ConfUtils.java:logGet(44)) - raft.server.rpc.sleep.time = 25ms (default)
2021-01-08 04:46:51,276 [pool-1928-thread-1] INFO  server.RaftServerConfigKeys (ConfUtils.java:logGet(44)) - raft.server.rpc.slowness.timeout = 300s (custom)
2021-01-08 04:46:51,276 [pool-1928-thread-1] INFO  server.RaftServerConfigKeys (ConfUtils.java:logGet(44)) - raft.server.leaderelection.leader.step-down.wait-time = 10s (default)
2021-01-08 04:46:51,277 [pool-1928-thread-1] INFO  server.RaftServerConfigKeys (ConfUtils.java:logGet(44)) - raft.server.sleep.deviation.threshold = 300ms (default)
2021-01-08 04:46:51,277 [pool-1928-thread-1] INFO  server.RaftServerConfigKeys (ConfUtils.java:logGet(44)) - raft.server.log.appender.install.snapshot.enabled = false (custom)
2021-01-08 04:46:51,277 [pool-1928-thread-1] INFO  server.RaftServer$Division (ServerState.java:<init>(103)) - 55aa2eb3-e7d2-43c8-9100-77f9e6fde891@group-6B5012D43B73: ConfigurationManager, init=-1: [55aa2eb3-e7d2-43c8-9100-77f9e6fde891|rpc:172.17.0.2:35207|dataStream:|priority:0, 027ea797-585b-4d73-a004-b5fa2cd87a42|rpc:172.17.0.2:43035|dataStream:|priority:0, 24be368e-9912-49e9-b36f-3be1586466e8|rpc:172.17.0.2:45243|dataStream:|priority:0], old=null, confs=<EMPTY_MAP>
2021-01-08 04:46:51,277 [pool-1928-thread-1] INFO  server.RaftServerConfigKeys (ConfUtils.java:logGet(44)) - raft.server.storage.dir = [/github/workspace/mnt/ozone/hadoop-ozone/integration-test/target/test-dir/MiniOzoneClusterImpl-8e553afa-60cb-4a34-8c5d-9ccb1efc285c/datanode-1/data/ratis] (custom)
2021-01-08 04:46:51,277 [pool-1928-thread-1] INFO  server.RaftServerConfigKeys (ConfUtils.java:logGet(44)) - raft.server.log.corruption.policy = EXCEPTION (default)
2021-01-08 04:46:51,277 [pool-1928-thread-1] INFO  storage.RaftStorageDirectory (RaftStorageDirectoryImpl.java:analyzeStorage(132)) - The storage directory /github/workspace/mnt/ozone/hadoop-ozone/integration-test/target/test-dir/MiniOzoneClusterImpl-8e553afa-60cb-4a34-8c5d-9ccb1efc285c/datanode-1/data/ratis/dae6ff18-9ef8-4c63-9f66-6b5012d43b73 does not exist. Creating ...
2021-01-08 04:46:51,278 [pool-1928-thread-1] INFO  storage.RaftStorageDirectory (RaftStorageDirectoryImpl.java:tryLock(215)) - Lock on /github/workspace/mnt/ozone/hadoop-ozone/integration-test/target/test-dir/MiniOzoneClusterImpl-8e553afa-60cb-4a34-8c5d-9ccb1efc285c/datanode-1/data/ratis/dae6ff18-9ef8-4c63-9f66-6b5012d43b73/in_use.lock acquired by nodename 7486@36857d2baa53
2021-01-08 04:46:51,279 [pool-1928-thread-1] INFO  storage.RaftStorage (RaftStorageImpl.java:format(87)) - Storage directory /github/workspace/mnt/ozone/hadoop-ozone/integration-test/target/test-dir/MiniOzoneClusterImpl-8e553afa-60cb-4a34-8c5d-9ccb1efc285c/datanode-1/data/ratis/dae6ff18-9ef8-4c63-9f66-6b5012d43b73 has been successfully formatted.
2021-01-08 04:46:51,279 [pool-1928-thread-1] INFO  ratis.ContainerStateMachine (ContainerStateMachine.java:loadSnapshot(223)) - group-6B5012D43B73: The snapshot info is null. Setting the last applied indexto:(t:0, i:~)
2021-01-08 04:46:51,280 [pool-1928-thread-1] ERROR storage.RaftStorage (RaftStorageImpl.java:readRaftConfiguration(147)) - Failed reading configuration from file:/github/workspace/mnt/ozone/hadoop-ozone/integration-test/target/test-dir/MiniOzoneClusterImpl-8e553afa-60cb-4a34-8c5d-9ccb1efc285c/datanode-1/data/ratis/dae6ff18-9ef8-4c63-9f66-6b5012d43b73/current/raft-meta.conf
java.io.FileNotFoundException: /github/workspace/mnt/ozone/hadoop-ozone/integration-test/target/test-dir/MiniOzoneClusterImpl-8e553afa-60cb-4a34-8c5d-9ccb1efc285c/datanode-1/data/ratis/dae6ff18-9ef8-4c63-9f66-6b5012d43b73/current/raft-meta.conf (No such file or directory)
	at java.io.FileInputStream.open0(Native Method)
	at java.io.FileInputStream.open(FileInputStream.java:195)
	at java.io.FileInputStream.<init>(FileInputStream.java:138)
	at org.apache.ratis.server.storage.RaftStorageImpl.readRaftConfiguration(RaftStorageImpl.java:143)
	at org.apache.ratis.server.impl.ServerState.<init>(ServerState.java:113)
	at org.apache.ratis.server.impl.RaftServerImpl.<init>(RaftServerImpl.java:192)
	at org.apache.ratis.server.impl.RaftServerProxy.lambda$newRaftServerImpl$4(RaftServerProxy.java:266)
	at java.util.concurrent.CompletableFuture$AsyncSupply.run(CompletableFuture.java:1604)
	at java.util.concurrent.ThreadPoolExecutor.runWorker(ThreadPoolExecutor.java:1149)
	at java.util.concurrent.ThreadPoolExecutor$Worker.run(ThreadPoolExecutor.java:624)
	at java.lang.Thread.run(Thread.java:748)
2021-01-08 04:46:51,280 [EventQueue-PipelineReportForOneReplicaPipelineSafeModeRule] INFO  safemode.SCMSafeModeManager (SCMSafeModeManager.java:validateSafeModeExitRules(214)) - AtleastOneDatanodeReportedRule rule is successfully validated
2021-01-08 04:46:51,280 [pool-1928-thread-1] INFO  server.RaftServerConfigKeys (ConfUtils.java:logGet(44)) - raft.server.notification.no-leader.timeout = 300s (custom)
2021-01-08 04:46:51,281 [pool-1928-thread-1] INFO  server.RaftServerConfigKeys (ConfUtils.java:logGet(44)) - raft.server.log.use.memory = false (default)
2021-01-08 04:46:51,281 [pool-1928-thread-1] INFO  server.RaftServerConfigKeys (ConfUtils.java:logGet(44)) - raft.server.log.purge.gap = 1000000 (custom)
2021-01-08 04:46:51,281 [pool-1928-thread-1] INFO  server.RaftServerConfigKeys (ConfUtils.java:logGet(44)) - raft.server.log.appender.buffer.byte-limit = 33554432 (custom)
2021-01-08 04:46:51,281 [pool-1928-thread-1] INFO  metrics.RatisMetrics (RatisMetrics.java:lambda$create$0(36)) - Creating Metrics Registry : ratis.log_worker.55aa2eb3-e7d2-43c8-9100-77f9e6fde891@group-6B5012D43B73
2021-01-08 04:46:51,281 [pool-1928-thread-1] INFO  server.RaftServerConfigKeys (ConfUtils.java:logGet(44)) - raft.server.log.segment.size.max = 1048576 (custom)
2021-01-08 04:46:51,282 [pool-1928-thread-1] INFO  server.RaftServerConfigKeys (ConfUtils.java:logGet(44)) - raft.server.log.segment.cache.num.max = 2 (custom)
2021-01-08 04:46:51,282 [pool-1928-thread-1] INFO  server.RaftServerConfigKeys (ConfUtils.java:logGet(44)) - raft.server.log.segment.cache.size.max = 200MB (=209715200) (default)
2021-01-08 04:46:51,282 [pool-1928-thread-1] INFO  segmented.SegmentedRaftLogWorker (SegmentedRaftLogWorker.java:<init>(181)) - new 55aa2eb3-e7d2-43c8-9100-77f9e6fde891@group-6B5012D43B73-SegmentedRaftLogWorker for RaftStorageImpl:Storage Directory /github/workspace/mnt/ozone/hadoop-ozone/integration-test/target/test-dir/MiniOzoneClusterImpl-8e553afa-60cb-4a34-8c5d-9ccb1efc285c/datanode-1/data/ratis/dae6ff18-9ef8-4c63-9f66-6b5012d43b73
2021-01-08 04:46:51,283 [pool-1928-thread-1] INFO  server.RaftServerConfigKeys (ConfUtils.java:logGet(44)) - raft.server.log.queue.byte-limit = 2147483647 (custom)
2021-01-08 04:46:51,283 [pool-1928-thread-1] INFO  server.RaftServerConfigKeys (ConfUtils.java:logGet(44)) - raft.server.log.queue.element-limit = 1024 (custom)
2021-01-08 04:46:51,283 [pool-1928-thread-1] INFO  server.RaftServerConfigKeys (ConfUtils.java:logGet(44)) - raft.server.log.segment.size.max = 1048576 (custom)
2021-01-08 04:46:51,283 [pool-1928-thread-1] INFO  server.RaftServerConfigKeys (ConfUtils.java:logGet(44)) - raft.server.log.preallocated.size = 16384 (custom)
2021-01-08 04:46:51,283 [pool-1928-thread-1] INFO  server.RaftServerConfigKeys (ConfUtils.java:logGet(44)) - raft.server.log.force.sync.num = 128 (default)
2021-01-08 04:46:51,283 [pool-1928-thread-1] INFO  server.RaftServerConfigKeys (ConfUtils.java:logGet(44)) - raft.server.log.statemachine.data.sync = true (default)
2021-01-08 04:46:51,283 [pool-1928-thread-1] INFO  server.RaftServerConfigKeys (ConfUtils.java:logGet(44)) - raft.server.log.statemachine.data.sync.timeout = 10s (default)
2021-01-08 04:46:51,283 [pool-1928-thread-1] INFO  server.RaftServerConfigKeys (ConfUtils.java:logGet(44)) - raft.server.log.statemachine.data.sync.timeout.retry = -1 (default)
2021-01-08 04:46:51,286 [pool-1928-thread-1] INFO  server.RaftServerConfigKeys (ConfUtils.java:logGet(44)) - raft.server.log.write.buffer.size = 1048576 (custom)
2021-01-08 04:46:51,286 [pool-1928-thread-1] INFO  server.RaftServerConfigKeys (ConfUtils.java:logGet(44)) - raft.server.log.statemachine.data.caching.enabled = true (custom)
2021-01-08 04:46:51,286 [pool-1928-thread-1] INFO  segmented.SegmentedRaftLogWorker (SegmentedRaftLogWorker.java:lambda$new$0(132)) - 55aa2eb3-e7d2-43c8-9100-77f9e6fde891@group-6B5012D43B73-SegmentedRaftLogWorker: flushIndex: setUnconditionally 0 -> -1
2021-01-08 04:46:51,286 [pool-1928-thread-1] INFO  segmented.SegmentedRaftLogWorker (SegmentedRaftLogWorker.java:lambda$new$0(132)) - 55aa2eb3-e7d2-43c8-9100-77f9e6fde891@group-6B5012D43B73-SegmentedRaftLogWorker: safeCacheEvictIndex: setUnconditionally 0 -> -1
2021-01-08 04:46:51,286 [pool-1928-thread-1] INFO  server.RaftServerConfigKeys (ConfUtils.java:logGet(44)) - raft.server.snapshot.auto.trigger.enabled = true (custom)
2021-01-08 04:46:51,287 [pool-1928-thread-1] INFO  server.RaftServerConfigKeys (ConfUtils.java:logGet(44)) - raft.server.snapshot.auto.trigger.threshold = 10000 (custom)
2021-01-08 04:46:51,287 [pool-1928-thread-1] INFO  server.RaftServerConfigKeys (ConfUtils.java:logGet(44)) - raft.server.snapshot.retention.file.num = 5 (custom)
2021-01-08 04:46:51,287 [pool-1928-thread-1] INFO  server.RaftServerConfigKeys (ConfUtils.java:logGet(44)) - raft.server.log.purge.upto.snapshot.index = false (default)
2021-01-08 04:46:51,287 [pool-1928-thread-1] INFO  server.RaftServerConfigKeys (ConfUtils.java:logGet(44)) - raft.server.retrycache.expirytime = 600000ms (custom)
2021-01-08 04:46:51,287 [pool-1928-thread-1] INFO  server.RaftServerConfigKeys (ConfUtils.java:logGet(44)) - raft.server.retrycache.statistics.expirytime = 100?s (default)
2021-01-08 04:46:51,287 [pool-1928-thread-1] INFO  metrics.RatisMetrics (RatisMetrics.java:lambda$create$0(36)) - Creating Metrics Registry : ratis.leader_election.55aa2eb3-e7d2-43c8-9100-77f9e6fde891@group-6B5012D43B73
2021-01-08 04:46:51,288 [pool-1928-thread-1] INFO  metrics.RatisMetrics (RatisMetrics.java:lambda$create$0(36)) - Creating Metrics Registry : ratis.server.55aa2eb3-e7d2-43c8-9100-77f9e6fde891@group-6B5012D43B73
2021-01-08 04:46:51,291 [pool-1928-thread-1] INFO  server.RaftServer$Division (RaftServerImpl.java:start(294)) - 55aa2eb3-e7d2-43c8-9100-77f9e6fde891@group-6B5012D43B73: start as a follower, conf=-1: [55aa2eb3-e7d2-43c8-9100-77f9e6fde891|rpc:172.17.0.2:35207|dataStream:|priority:0, 027ea797-585b-4d73-a004-b5fa2cd87a42|rpc:172.17.0.2:43035|dataStream:|priority:0, 24be368e-9912-49e9-b36f-3be1586466e8|rpc:172.17.0.2:45243|dataStream:|priority:0], old=null
2021-01-08 04:46:51,291 [pool-1928-thread-1] INFO  server.RaftServer$Division (RaftServerImpl.java:setRole(283)) - 55aa2eb3-e7d2-43c8-9100-77f9e6fde891@group-6B5012D43B73: changes role from      null to FOLLOWER at term 0 for startAsFollower
2021-01-08 04:46:51,291 [pool-1928-thread-1] INFO  impl.RoleInfo (RoleInfo.java:updateAndGet(130)) - 55aa2eb3-e7d2-43c8-9100-77f9e6fde891: start 55aa2eb3-e7d2-43c8-9100-77f9e6fde891@group-6B5012D43B73-FollowerState
2021-01-08 04:46:51,292 [pool-1928-thread-1] INFO  util.JmxRegister (JmxRegister.java:tryRegister(44)) - Successfully registered JMX Bean with object name Ratis:service=RaftServer,group=group-6B5012D43B73,id=55aa2eb3-e7d2-43c8-9100-77f9e6fde891
2021-01-08 04:46:51,292 [pool-1928-thread-1] INFO  metrics.RatisMetrics (RatisMetrics.java:lambda$create$0(36)) - Creating Metrics Registry : ratis.state_machine.55aa2eb3-e7d2-43c8-9100-77f9e6fde891@group-6B5012D43B73
2021-01-08 04:46:51,299 [Command processor thread] INFO  commandhandler.CreatePipelineCommandHandler (CreatePipelineCommandHandler.java:handle(106)) - Created Pipeline RATIS THREE PipelineID=dae6ff18-9ef8-4c63-9f66-6b5012d43b73.
2021-01-08 04:46:51,386 [Command processor thread] INFO  server.RaftServer (RaftServerProxy.java:addNew(95)) - 55aa2eb3-e7d2-43c8-9100-77f9e6fde891: addNew group-9340E0DB6825:[55aa2eb3-e7d2-43c8-9100-77f9e6fde891|rpc:172.17.0.2:35207|priority:0] returns group-9340E0DB6825:java.util.concurrent.CompletableFuture@50730cc6[Not completed]
2021-01-08 04:46:51,387 [pool-1928-thread-1] INFO  server.RaftServer$Division (RaftServerImpl.java:<init>(179)) - 55aa2eb3-e7d2-43c8-9100-77f9e6fde891: new RaftServerImpl for group-9340E0DB6825:[55aa2eb3-e7d2-43c8-9100-77f9e6fde891|rpc:172.17.0.2:35207|priority:0] with ContainerStateMachine:uninitialized
2021-01-08 04:46:51,387 [pool-1928-thread-1] INFO  server.RaftServerConfigKeys (ConfUtils.java:logGet(44)) - raft.server.rpc.timeout.min = 5s (custom)
2021-01-08 04:46:51,387 [pool-1928-thread-1] INFO  server.RaftServerConfigKeys (ConfUtils.java:logGet(44)) - raft.server.rpc.timeout.max = 5200ms (custom)
2021-01-08 04:46:51,387 [pool-1928-thread-1] INFO  server.RaftServerConfigKeys (ConfUtils.java:logGet(44)) - raft.server.rpc.sleep.time = 25ms (default)
2021-01-08 04:46:51,387 [pool-1928-thread-1] INFO  server.RaftServerConfigKeys (ConfUtils.java:logGet(44)) - raft.server.rpc.slowness.timeout = 300s (custom)
2021-01-08 04:46:51,387 [pool-1928-thread-1] INFO  server.RaftServerConfigKeys (ConfUtils.java:logGet(44)) - raft.server.leaderelection.leader.step-down.wait-time = 10s (default)
2021-01-08 04:46:51,387 [pool-1928-thread-1] INFO  server.RaftServerConfigKeys (ConfUtils.java:logGet(44)) - raft.server.sleep.deviation.threshold = 300ms (default)
2021-01-08 04:46:51,387 [pool-1928-thread-1] INFO  server.RaftServerConfigKeys (ConfUtils.java:logGet(44)) - raft.server.log.appender.install.snapshot.enabled = false (custom)
2021-01-08 04:46:51,388 [pool-1928-thread-1] INFO  server.RaftServer$Division (ServerState.java:<init>(103)) - 55aa2eb3-e7d2-43c8-9100-77f9e6fde891@group-9340E0DB6825: ConfigurationManager, init=-1: [55aa2eb3-e7d2-43c8-9100-77f9e6fde891|rpc:172.17.0.2:35207|priority:0], old=null, confs=<EMPTY_MAP>
2021-01-08 04:46:51,388 [pool-1928-thread-1] INFO  server.RaftServerConfigKeys (ConfUtils.java:logGet(44)) - raft.server.storage.dir = [/github/workspace/mnt/ozone/hadoop-ozone/integration-test/target/test-dir/MiniOzoneClusterImpl-8e553afa-60cb-4a34-8c5d-9ccb1efc285c/datanode-1/data/ratis] (custom)
2021-01-08 04:46:51,388 [pool-1928-thread-1] INFO  server.RaftServerConfigKeys (ConfUtils.java:logGet(44)) - raft.server.log.corruption.policy = EXCEPTION (default)
2021-01-08 04:46:51,388 [pool-1928-thread-1] INFO  storage.RaftStorageDirectory (RaftStorageDirectoryImpl.java:analyzeStorage(132)) - The storage directory /github/workspace/mnt/ozone/hadoop-ozone/integration-test/target/test-dir/MiniOzoneClusterImpl-8e553afa-60cb-4a34-8c5d-9ccb1efc285c/datanode-1/data/ratis/629994de-218d-4344-8a88-9340e0db6825 does not exist. Creating ...
2021-01-08 04:46:51,389 [pool-1928-thread-1] INFO  storage.RaftStorageDirectory (RaftStorageDirectoryImpl.java:tryLock(215)) - Lock on /github/workspace/mnt/ozone/hadoop-ozone/integration-test/target/test-dir/MiniOzoneClusterImpl-8e553afa-60cb-4a34-8c5d-9ccb1efc285c/datanode-1/data/ratis/629994de-218d-4344-8a88-9340e0db6825/in_use.lock acquired by nodename 7486@36857d2baa53
2021-01-08 04:46:51,390 [pool-1928-thread-1] INFO  storage.RaftStorage (RaftStorageImpl.java:format(87)) - Storage directory /github/workspace/mnt/ozone/hadoop-ozone/integration-test/target/test-dir/MiniOzoneClusterImpl-8e553afa-60cb-4a34-8c5d-9ccb1efc285c/datanode-1/data/ratis/629994de-218d-4344-8a88-9340e0db6825 has been successfully formatted.
2021-01-08 04:46:51,391 [pool-1928-thread-1] INFO  ratis.ContainerStateMachine (ContainerStateMachine.java:loadSnapshot(223)) - group-9340E0DB6825: The snapshot info is null. Setting the last applied indexto:(t:0, i:~)
2021-01-08 04:46:51,391 [pool-1928-thread-1] ERROR storage.RaftStorage (RaftStorageImpl.java:readRaftConfiguration(147)) - Failed reading configuration from file:/github/workspace/mnt/ozone/hadoop-ozone/integration-test/target/test-dir/MiniOzoneClusterImpl-8e553afa-60cb-4a34-8c5d-9ccb1efc285c/datanode-1/data/ratis/629994de-218d-4344-8a88-9340e0db6825/current/raft-meta.conf
java.io.FileNotFoundException: /github/workspace/mnt/ozone/hadoop-ozone/integration-test/target/test-dir/MiniOzoneClusterImpl-8e553afa-60cb-4a34-8c5d-9ccb1efc285c/datanode-1/data/ratis/629994de-218d-4344-8a88-9340e0db6825/current/raft-meta.conf (No such file or directory)
	at java.io.FileInputStream.open0(Native Method)
	at java.io.FileInputStream.open(FileInputStream.java:195)
	at java.io.FileInputStream.<init>(FileInputStream.java:138)
	at org.apache.ratis.server.storage.RaftStorageImpl.readRaftConfiguration(RaftStorageImpl.java:143)
	at org.apache.ratis.server.impl.ServerState.<init>(ServerState.java:113)
	at org.apache.ratis.server.impl.RaftServerImpl.<init>(RaftServerImpl.java:192)
	at org.apache.ratis.server.impl.RaftServerProxy.lambda$newRaftServerImpl$4(RaftServerProxy.java:266)
	at java.util.concurrent.CompletableFuture$AsyncSupply.run(CompletableFuture.java:1604)
	at java.util.concurrent.ThreadPoolExecutor.runWorker(ThreadPoolExecutor.java:1149)
	at java.util.concurrent.ThreadPoolExecutor$Worker.run(ThreadPoolExecutor.java:624)
	at java.lang.Thread.run(Thread.java:748)
2021-01-08 04:46:51,394 [pool-1928-thread-1] INFO  server.RaftServerConfigKeys (ConfUtils.java:logGet(44)) - raft.server.notification.no-leader.timeout = 300s (custom)
2021-01-08 04:46:51,395 [EventQueue-PipelineReportForOneReplicaPipelineSafeModeRule] INFO  safemode.SCMSafeModeManager (SCMSafeModeManager.java:validateSafeModeExitRules(214)) - AtleastOneDatanodeReportedRule rule is successfully validated
2021-01-08 04:46:51,395 [pool-1928-thread-1] INFO  server.RaftServerConfigKeys (ConfUtils.java:logGet(44)) - raft.server.log.use.memory = false (default)
2021-01-08 04:46:51,395 [EventQueue-PipelineReportForPipelineReportHandler] INFO  pipeline.PipelineStateManager (PipelineStateManager.java:openPipeline(132)) - Pipeline Pipeline[ Id: 629994de-218d-4344-8a88-9340e0db6825, Nodes: 55aa2eb3-e7d2-43c8-9100-77f9e6fde891{ip: 172.17.0.2, host: 36857d2baa53, networkLocation: /default-rack, certSerialId: null, persistedOpState: IN_SERVICE, persistedOpStateExpiryEpochSec: 0}, Type:RATIS, Factor:ONE, State:ALLOCATED, leaderId:55aa2eb3-e7d2-43c8-9100-77f9e6fde891, CreationTimestamp2021-01-08T04:46:48.389Z] moved to OPEN state
2021-01-08 04:46:51,395 [EventQueue-OpenPipelineForHealthyPipelineSafeModeRule] INFO  safemode.SCMSafeModeManager (HealthyPipelineSafeModeRule.java:process(128)) - SCM in safe mode. Healthy pipelines reported count is 0, required healthy pipeline reported count is 1
2021-01-08 04:46:51,399 [pool-1928-thread-1] INFO  server.RaftServerConfigKeys (ConfUtils.java:logGet(44)) - raft.server.log.purge.gap = 1000000 (custom)
2021-01-08 04:46:51,399 [pool-1928-thread-1] INFO  server.RaftServerConfigKeys (ConfUtils.java:logGet(44)) - raft.server.log.appender.buffer.byte-limit = 33554432 (custom)
2021-01-08 04:46:51,399 [pool-1928-thread-1] INFO  metrics.RatisMetrics (RatisMetrics.java:lambda$create$0(36)) - Creating Metrics Registry : ratis.log_worker.55aa2eb3-e7d2-43c8-9100-77f9e6fde891@group-9340E0DB6825
2021-01-08 04:46:51,399 [pool-1928-thread-1] INFO  server.RaftServerConfigKeys (ConfUtils.java:logGet(44)) - raft.server.log.segment.size.max = 1048576 (custom)
2021-01-08 04:46:51,401 [pool-1928-thread-1] INFO  server.RaftServerConfigKeys (ConfUtils.java:logGet(44)) - raft.server.log.segment.cache.num.max = 2 (custom)
2021-01-08 04:46:51,401 [pool-1928-thread-1] INFO  server.RaftServerConfigKeys (ConfUtils.java:logGet(44)) - raft.server.log.segment.cache.size.max = 200MB (=209715200) (default)
2021-01-08 04:46:51,401 [pool-1928-thread-1] INFO  segmented.SegmentedRaftLogWorker (SegmentedRaftLogWorker.java:<init>(181)) - new 55aa2eb3-e7d2-43c8-9100-77f9e6fde891@group-9340E0DB6825-SegmentedRaftLogWorker for RaftStorageImpl:Storage Directory /github/workspace/mnt/ozone/hadoop-ozone/integration-test/target/test-dir/MiniOzoneClusterImpl-8e553afa-60cb-4a34-8c5d-9ccb1efc285c/datanode-1/data/ratis/629994de-218d-4344-8a88-9340e0db6825
2021-01-08 04:46:51,401 [pool-1928-thread-1] INFO  server.RaftServerConfigKeys (ConfUtils.java:logGet(44)) - raft.server.log.queue.byte-limit = 2147483647 (custom)
2021-01-08 04:46:51,401 [pool-1928-thread-1] INFO  server.RaftServerConfigKeys (ConfUtils.java:logGet(44)) - raft.server.log.queue.element-limit = 1024 (custom)
2021-01-08 04:46:51,401 [pool-1928-thread-1] INFO  server.RaftServerConfigKeys (ConfUtils.java:logGet(44)) - raft.server.log.segment.size.max = 1048576 (custom)
2021-01-08 04:46:51,401 [pool-1928-thread-1] INFO  server.RaftServerConfigKeys (ConfUtils.java:logGet(44)) - raft.server.log.preallocated.size = 16384 (custom)
2021-01-08 04:46:51,401 [pool-1928-thread-1] INFO  server.RaftServerConfigKeys (ConfUtils.java:logGet(44)) - raft.server.log.force.sync.num = 128 (default)
2021-01-08 04:46:51,401 [pool-1928-thread-1] INFO  server.RaftServerConfigKeys (ConfUtils.java:logGet(44)) - raft.server.log.statemachine.data.sync = true (default)
2021-01-08 04:46:51,401 [pool-1928-thread-1] INFO  server.RaftServerConfigKeys (ConfUtils.java:logGet(44)) - raft.server.log.statemachine.data.sync.timeout = 10s (default)
2021-01-08 04:46:51,401 [pool-1928-thread-1] INFO  server.RaftServerConfigKeys (ConfUtils.java:logGet(44)) - raft.server.log.statemachine.data.sync.timeout.retry = -1 (default)
2021-01-08 04:46:51,404 [pool-1928-thread-1] INFO  server.RaftServerConfigKeys (ConfUtils.java:logGet(44)) - raft.server.log.write.buffer.size = 1048576 (custom)
2021-01-08 04:46:51,405 [pool-1928-thread-1] INFO  server.RaftServerConfigKeys (ConfUtils.java:logGet(44)) - raft.server.log.statemachine.data.caching.enabled = true (custom)
2021-01-08 04:46:51,405 [pool-1928-thread-1] INFO  segmented.SegmentedRaftLogWorker (SegmentedRaftLogWorker.java:lambda$new$0(132)) - 55aa2eb3-e7d2-43c8-9100-77f9e6fde891@group-9340E0DB6825-SegmentedRaftLogWorker: flushIndex: setUnconditionally 0 -> -1
2021-01-08 04:46:51,405 [pool-1928-thread-1] INFO  segmented.SegmentedRaftLogWorker (SegmentedRaftLogWorker.java:lambda$new$0(132)) - 55aa2eb3-e7d2-43c8-9100-77f9e6fde891@group-9340E0DB6825-SegmentedRaftLogWorker: safeCacheEvictIndex: setUnconditionally 0 -> -1
2021-01-08 04:46:51,406 [pool-1928-thread-1] INFO  server.RaftServerConfigKeys (ConfUtils.java:logGet(44)) - raft.server.snapshot.auto.trigger.enabled = true (custom)
2021-01-08 04:46:51,406 [pool-1928-thread-1] INFO  server.RaftServerConfigKeys (ConfUtils.java:logGet(44)) - raft.server.snapshot.auto.trigger.threshold = 10000 (custom)
2021-01-08 04:46:51,406 [pool-1928-thread-1] INFO  server.RaftServerConfigKeys (ConfUtils.java:logGet(44)) - raft.server.snapshot.retention.file.num = 5 (custom)
2021-01-08 04:46:51,406 [pool-1928-thread-1] INFO  server.RaftServerConfigKeys (ConfUtils.java:logGet(44)) - raft.server.log.purge.upto.snapshot.index = false (default)
2021-01-08 04:46:51,406 [pool-1928-thread-1] INFO  server.RaftServerConfigKeys (ConfUtils.java:logGet(44)) - raft.server.retrycache.expirytime = 600000ms (custom)
2021-01-08 04:46:51,406 [pool-1928-thread-1] INFO  server.RaftServerConfigKeys (ConfUtils.java:logGet(44)) - raft.server.retrycache.statistics.expirytime = 100?s (default)
2021-01-08 04:46:51,406 [pool-1928-thread-1] INFO  metrics.RatisMetrics (RatisMetrics.java:lambda$create$0(36)) - Creating Metrics Registry : ratis.leader_election.55aa2eb3-e7d2-43c8-9100-77f9e6fde891@group-9340E0DB6825
2021-01-08 04:46:51,407 [pool-1928-thread-1] INFO  metrics.RatisMetrics (RatisMetrics.java:lambda$create$0(36)) - Creating Metrics Registry : ratis.server.55aa2eb3-e7d2-43c8-9100-77f9e6fde891@group-9340E0DB6825
2021-01-08 04:46:51,410 [pool-1928-thread-1] INFO  server.RaftServer$Division (RaftServerImpl.java:start(294)) - 55aa2eb3-e7d2-43c8-9100-77f9e6fde891@group-9340E0DB6825: start as a follower, conf=-1: [55aa2eb3-e7d2-43c8-9100-77f9e6fde891|rpc:172.17.0.2:35207|priority:0], old=null
2021-01-08 04:46:51,410 [pool-1928-thread-1] INFO  server.RaftServer$Division (RaftServerImpl.java:setRole(283)) - 55aa2eb3-e7d2-43c8-9100-77f9e6fde891@group-9340E0DB6825: changes role from      null to FOLLOWER at term 0 for startAsFollower
2021-01-08 04:46:51,410 [pool-1928-thread-1] INFO  impl.RoleInfo (RoleInfo.java:updateAndGet(130)) - 55aa2eb3-e7d2-43c8-9100-77f9e6fde891: start 55aa2eb3-e7d2-43c8-9100-77f9e6fde891@group-9340E0DB6825-FollowerState
2021-01-08 04:46:51,413 [pool-1928-thread-1] INFO  util.JmxRegister (JmxRegister.java:tryRegister(44)) - Successfully registered JMX Bean with object name Ratis:service=RaftServer,group=group-9340E0DB6825,id=55aa2eb3-e7d2-43c8-9100-77f9e6fde891
2021-01-08 04:46:51,413 [pool-1928-thread-1] INFO  metrics.RatisMetrics (RatisMetrics.java:lambda$create$0(36)) - Creating Metrics Registry : ratis.state_machine.55aa2eb3-e7d2-43c8-9100-77f9e6fde891@group-9340E0DB6825
2021-01-08 04:46:51,414 [Command processor thread] INFO  commandhandler.CreatePipelineCommandHandler (CreatePipelineCommandHandler.java:handle(106)) - Created Pipeline RATIS ONE PipelineID=629994de-218d-4344-8a88-9340e0db6825.
2021-01-08 04:46:51,602 [Command processor thread] INFO  server.RaftServer (RaftServerProxy.java:addNew(95)) - 027ea797-585b-4d73-a004-b5fa2cd87a42: addNew group-7B8723723BAE:[027ea797-585b-4d73-a004-b5fa2cd87a42|rpc:172.17.0.2:43035|priority:0] returns group-7B8723723BAE:java.util.concurrent.CompletableFuture@3dceb30a[Not completed]
2021-01-08 04:46:51,602 [pool-1944-thread-1] INFO  server.RaftServer$Division (RaftServerImpl.java:<init>(179)) - 027ea797-585b-4d73-a004-b5fa2cd87a42: new RaftServerImpl for group-7B8723723BAE:[027ea797-585b-4d73-a004-b5fa2cd87a42|rpc:172.17.0.2:43035|priority:0] with ContainerStateMachine:uninitialized
2021-01-08 04:46:51,603 [pool-1944-thread-1] INFO  server.RaftServerConfigKeys (ConfUtils.java:logGet(44)) - raft.server.rpc.timeout.min = 5s (custom)
2021-01-08 04:46:51,603 [pool-1944-thread-1] INFO  server.RaftServerConfigKeys (ConfUtils.java:logGet(44)) - raft.server.rpc.timeout.max = 5200ms (custom)
2021-01-08 04:46:51,603 [pool-1944-thread-1] INFO  server.RaftServerConfigKeys (ConfUtils.java:logGet(44)) - raft.server.rpc.sleep.time = 25ms (default)
2021-01-08 04:46:51,603 [pool-1944-thread-1] INFO  server.RaftServerConfigKeys (ConfUtils.java:logGet(44)) - raft.server.rpc.slowness.timeout = 300s (custom)
2021-01-08 04:46:51,603 [pool-1944-thread-1] INFO  server.RaftServerConfigKeys (ConfUtils.java:logGet(44)) - raft.server.leaderelection.leader.step-down.wait-time = 10s (default)
2021-01-08 04:46:51,603 [pool-1944-thread-1] INFO  server.RaftServerConfigKeys (ConfUtils.java:logGet(44)) - raft.server.sleep.deviation.threshold = 300ms (default)
2021-01-08 04:46:51,603 [pool-1944-thread-1] INFO  server.RaftServerConfigKeys (ConfUtils.java:logGet(44)) - raft.server.log.appender.install.snapshot.enabled = false (custom)
2021-01-08 04:46:51,603 [pool-1944-thread-1] INFO  server.RaftServer$Division (ServerState.java:<init>(103)) - 027ea797-585b-4d73-a004-b5fa2cd87a42@group-7B8723723BAE: ConfigurationManager, init=-1: [027ea797-585b-4d73-a004-b5fa2cd87a42|rpc:172.17.0.2:43035|priority:0], old=null, confs=<EMPTY_MAP>
2021-01-08 04:46:51,603 [pool-1944-thread-1] INFO  server.RaftServerConfigKeys (ConfUtils.java:logGet(44)) - raft.server.storage.dir = [/github/workspace/mnt/ozone/hadoop-ozone/integration-test/target/test-dir/MiniOzoneClusterImpl-8e553afa-60cb-4a34-8c5d-9ccb1efc285c/datanode-2/data/ratis] (custom)
2021-01-08 04:46:51,603 [pool-1944-thread-1] INFO  server.RaftServerConfigKeys (ConfUtils.java:logGet(44)) - raft.server.log.corruption.policy = EXCEPTION (default)
2021-01-08 04:46:51,604 [pool-1944-thread-1] INFO  storage.RaftStorageDirectory (RaftStorageDirectoryImpl.java:analyzeStorage(132)) - The storage directory /github/workspace/mnt/ozone/hadoop-ozone/integration-test/target/test-dir/MiniOzoneClusterImpl-8e553afa-60cb-4a34-8c5d-9ccb1efc285c/datanode-2/data/ratis/624fe8c8-c66d-4f0e-9e67-7b8723723bae does not exist. Creating ...
2021-01-08 04:46:51,605 [pool-1944-thread-1] INFO  storage.RaftStorageDirectory (RaftStorageDirectoryImpl.java:tryLock(215)) - Lock on /github/workspace/mnt/ozone/hadoop-ozone/integration-test/target/test-dir/MiniOzoneClusterImpl-8e553afa-60cb-4a34-8c5d-9ccb1efc285c/datanode-2/data/ratis/624fe8c8-c66d-4f0e-9e67-7b8723723bae/in_use.lock acquired by nodename 7486@36857d2baa53
2021-01-08 04:46:51,606 [pool-1944-thread-1] INFO  storage.RaftStorage (RaftStorageImpl.java:format(87)) - Storage directory /github/workspace/mnt/ozone/hadoop-ozone/integration-test/target/test-dir/MiniOzoneClusterImpl-8e553afa-60cb-4a34-8c5d-9ccb1efc285c/datanode-2/data/ratis/624fe8c8-c66d-4f0e-9e67-7b8723723bae has been successfully formatted.
2021-01-08 04:46:51,606 [pool-1944-thread-1] INFO  ratis.ContainerStateMachine (ContainerStateMachine.java:loadSnapshot(223)) - group-7B8723723BAE: The snapshot info is null. Setting the last applied indexto:(t:0, i:~)
2021-01-08 04:46:51,607 [pool-1944-thread-1] ERROR storage.RaftStorage (RaftStorageImpl.java:readRaftConfiguration(147)) - Failed reading configuration from file:/github/workspace/mnt/ozone/hadoop-ozone/integration-test/target/test-dir/MiniOzoneClusterImpl-8e553afa-60cb-4a34-8c5d-9ccb1efc285c/datanode-2/data/ratis/624fe8c8-c66d-4f0e-9e67-7b8723723bae/current/raft-meta.conf
java.io.FileNotFoundException: /github/workspace/mnt/ozone/hadoop-ozone/integration-test/target/test-dir/MiniOzoneClusterImpl-8e553afa-60cb-4a34-8c5d-9ccb1efc285c/datanode-2/data/ratis/624fe8c8-c66d-4f0e-9e67-7b8723723bae/current/raft-meta.conf (No such file or directory)
	at java.io.FileInputStream.open0(Native Method)
	at java.io.FileInputStream.open(FileInputStream.java:195)
	at java.io.FileInputStream.<init>(FileInputStream.java:138)
	at org.apache.ratis.server.storage.RaftStorageImpl.readRaftConfiguration(RaftStorageImpl.java:143)
	at org.apache.ratis.server.impl.ServerState.<init>(ServerState.java:113)
	at org.apache.ratis.server.impl.RaftServerImpl.<init>(RaftServerImpl.java:192)
	at org.apache.ratis.server.impl.RaftServerProxy.lambda$newRaftServerImpl$4(RaftServerProxy.java:266)
	at java.util.concurrent.CompletableFuture$AsyncSupply.run(CompletableFuture.java:1604)
	at java.util.concurrent.ThreadPoolExecutor.runWorker(ThreadPoolExecutor.java:1149)
	at java.util.concurrent.ThreadPoolExecutor$Worker.run(ThreadPoolExecutor.java:624)
	at java.lang.Thread.run(Thread.java:748)
2021-01-08 04:46:51,607 [pool-1944-thread-1] INFO  server.RaftServerConfigKeys (ConfUtils.java:logGet(44)) - raft.server.notification.no-leader.timeout = 300s (custom)
2021-01-08 04:46:51,607 [EventQueue-PipelineReportForPipelineReportHandler] INFO  pipeline.PipelineStateManager (PipelineStateManager.java:openPipeline(132)) - Pipeline Pipeline[ Id: 624fe8c8-c66d-4f0e-9e67-7b8723723bae, Nodes: 027ea797-585b-4d73-a004-b5fa2cd87a42{ip: 172.17.0.2, host: 36857d2baa53, networkLocation: /default-rack, certSerialId: null, persistedOpState: IN_SERVICE, persistedOpStateExpiryEpochSec: 0}, Type:RATIS, Factor:ONE, State:ALLOCATED, leaderId:027ea797-585b-4d73-a004-b5fa2cd87a42, CreationTimestamp2021-01-08T04:46:48.602Z] moved to OPEN state
2021-01-08 04:46:51,607 [EventQueue-PipelineReportForOneReplicaPipelineSafeModeRule] INFO  safemode.SCMSafeModeManager (SCMSafeModeManager.java:validateSafeModeExitRules(214)) - AtleastOneDatanodeReportedRule rule is successfully validated
2021-01-08 04:46:51,608 [EventQueue-OpenPipelineForHealthyPipelineSafeModeRule] INFO  safemode.SCMSafeModeManager (HealthyPipelineSafeModeRule.java:process(128)) - SCM in safe mode. Healthy pipelines reported count is 0, required healthy pipeline reported count is 1
2021-01-08 04:46:51,608 [pool-1944-thread-1] INFO  server.RaftServerConfigKeys (ConfUtils.java:logGet(44)) - raft.server.log.use.memory = false (default)
2021-01-08 04:46:51,609 [pool-1944-thread-1] INFO  server.RaftServerConfigKeys (ConfUtils.java:logGet(44)) - raft.server.log.purge.gap = 1000000 (custom)
2021-01-08 04:46:51,609 [pool-1944-thread-1] INFO  server.RaftServerConfigKeys (ConfUtils.java:logGet(44)) - raft.server.log.appender.buffer.byte-limit = 33554432 (custom)
2021-01-08 04:46:51,609 [pool-1944-thread-1] INFO  metrics.RatisMetrics (RatisMetrics.java:lambda$create$0(36)) - Creating Metrics Registry : ratis.log_worker.027ea797-585b-4d73-a004-b5fa2cd87a42@group-7B8723723BAE
2021-01-08 04:46:51,609 [pool-1944-thread-1] INFO  server.RaftServerConfigKeys (ConfUtils.java:logGet(44)) - raft.server.log.segment.size.max = 1048576 (custom)
2021-01-08 04:46:51,611 [pool-1944-thread-1] INFO  server.RaftServerConfigKeys (ConfUtils.java:logGet(44)) - raft.server.log.segment.cache.num.max = 2 (custom)
2021-01-08 04:46:51,611 [pool-1944-thread-1] INFO  server.RaftServerConfigKeys (ConfUtils.java:logGet(44)) - raft.server.log.segment.cache.size.max = 200MB (=209715200) (default)
2021-01-08 04:46:51,611 [pool-1944-thread-1] INFO  segmented.SegmentedRaftLogWorker (SegmentedRaftLogWorker.java:<init>(181)) - new 027ea797-585b-4d73-a004-b5fa2cd87a42@group-7B8723723BAE-SegmentedRaftLogWorker for RaftStorageImpl:Storage Directory /github/workspace/mnt/ozone/hadoop-ozone/integration-test/target/test-dir/MiniOzoneClusterImpl-8e553afa-60cb-4a34-8c5d-9ccb1efc285c/datanode-2/data/ratis/624fe8c8-c66d-4f0e-9e67-7b8723723bae
2021-01-08 04:46:51,611 [pool-1944-thread-1] INFO  server.RaftServerConfigKeys (ConfUtils.java:logGet(44)) - raft.server.log.queue.byte-limit = 2147483647 (custom)
2021-01-08 04:46:51,611 [pool-1944-thread-1] INFO  server.RaftServerConfigKeys (ConfUtils.java:logGet(44)) - raft.server.log.queue.element-limit = 1024 (custom)
2021-01-08 04:46:51,611 [pool-1944-thread-1] INFO  server.RaftServerConfigKeys (ConfUtils.java:logGet(44)) - raft.server.log.segment.size.max = 1048576 (custom)
2021-01-08 04:46:51,611 [pool-1944-thread-1] INFO  server.RaftServerConfigKeys (ConfUtils.java:logGet(44)) - raft.server.log.preallocated.size = 16384 (custom)
2021-01-08 04:46:51,611 [pool-1944-thread-1] INFO  server.RaftServerConfigKeys (ConfUtils.java:logGet(44)) - raft.server.log.force.sync.num = 128 (default)
2021-01-08 04:46:51,611 [pool-1944-thread-1] INFO  server.RaftServerConfigKeys (ConfUtils.java:logGet(44)) - raft.server.log.statemachine.data.sync = true (default)
2021-01-08 04:46:51,611 [pool-1944-thread-1] INFO  server.RaftServerConfigKeys (ConfUtils.java:logGet(44)) - raft.server.log.statemachine.data.sync.timeout = 10s (default)
2021-01-08 04:46:51,611 [pool-1944-thread-1] INFO  server.RaftServerConfigKeys (ConfUtils.java:logGet(44)) - raft.server.log.statemachine.data.sync.timeout.retry = -1 (default)
2021-01-08 04:46:51,614 [pool-1944-thread-1] INFO  server.RaftServerConfigKeys (ConfUtils.java:logGet(44)) - raft.server.log.write.buffer.size = 1048576 (custom)
2021-01-08 04:46:51,615 [pool-1944-thread-1] INFO  server.RaftServerConfigKeys (ConfUtils.java:logGet(44)) - raft.server.log.statemachine.data.caching.enabled = true (custom)
2021-01-08 04:46:51,615 [pool-1944-thread-1] INFO  segmented.SegmentedRaftLogWorker (SegmentedRaftLogWorker.java:lambda$new$0(132)) - 027ea797-585b-4d73-a004-b5fa2cd87a42@group-7B8723723BAE-SegmentedRaftLogWorker: flushIndex: setUnconditionally 0 -> -1
2021-01-08 04:46:51,615 [pool-1944-thread-1] INFO  segmented.SegmentedRaftLogWorker (SegmentedRaftLogWorker.java:lambda$new$0(132)) - 027ea797-585b-4d73-a004-b5fa2cd87a42@group-7B8723723BAE-SegmentedRaftLogWorker: safeCacheEvictIndex: setUnconditionally 0 -> -1
2021-01-08 04:46:51,616 [pool-1944-thread-1] INFO  server.RaftServerConfigKeys (ConfUtils.java:logGet(44)) - raft.server.snapshot.auto.trigger.enabled = true (custom)
2021-01-08 04:46:51,616 [pool-1944-thread-1] INFO  server.RaftServerConfigKeys (ConfUtils.java:logGet(44)) - raft.server.snapshot.auto.trigger.threshold = 10000 (custom)
2021-01-08 04:46:51,616 [pool-1944-thread-1] INFO  server.RaftServerConfigKeys (ConfUtils.java:logGet(44)) - raft.server.snapshot.retention.file.num = 5 (custom)
2021-01-08 04:46:51,616 [pool-1944-thread-1] INFO  server.RaftServerConfigKeys (ConfUtils.java:logGet(44)) - raft.server.log.purge.upto.snapshot.index = false (default)
2021-01-08 04:46:51,616 [pool-1944-thread-1] INFO  server.RaftServerConfigKeys (ConfUtils.java:logGet(44)) - raft.server.retrycache.expirytime = 600000ms (custom)
2021-01-08 04:46:51,616 [pool-1944-thread-1] INFO  server.RaftServerConfigKeys (ConfUtils.java:logGet(44)) - raft.server.retrycache.statistics.expirytime = 100?s (default)
2021-01-08 04:46:51,616 [pool-1944-thread-1] INFO  metrics.RatisMetrics (RatisMetrics.java:lambda$create$0(36)) - Creating Metrics Registry : ratis.leader_election.027ea797-585b-4d73-a004-b5fa2cd87a42@group-7B8723723BAE
2021-01-08 04:46:51,617 [pool-1944-thread-1] INFO  metrics.RatisMetrics (RatisMetrics.java:lambda$create$0(36)) - Creating Metrics Registry : ratis.server.027ea797-585b-4d73-a004-b5fa2cd87a42@group-7B8723723BAE
2021-01-08 04:46:51,620 [pool-1944-thread-1] INFO  server.RaftServer$Division (RaftServerImpl.java:start(294)) - 027ea797-585b-4d73-a004-b5fa2cd87a42@group-7B8723723BAE: start as a follower, conf=-1: [027ea797-585b-4d73-a004-b5fa2cd87a42|rpc:172.17.0.2:43035|priority:0], old=null
2021-01-08 04:46:51,620 [pool-1944-thread-1] INFO  server.RaftServer$Division (RaftServerImpl.java:setRole(283)) - 027ea797-585b-4d73-a004-b5fa2cd87a42@group-7B8723723BAE: changes role from      null to FOLLOWER at term 0 for startAsFollower
2021-01-08 04:46:51,620 [pool-1944-thread-1] INFO  impl.RoleInfo (RoleInfo.java:updateAndGet(130)) - 027ea797-585b-4d73-a004-b5fa2cd87a42: start 027ea797-585b-4d73-a004-b5fa2cd87a42@group-7B8723723BAE-FollowerState
2021-01-08 04:46:51,620 [pool-1944-thread-1] INFO  util.JmxRegister (JmxRegister.java:tryRegister(44)) - Successfully registered JMX Bean with object name Ratis:service=RaftServer,group=group-7B8723723BAE,id=027ea797-585b-4d73-a004-b5fa2cd87a42
2021-01-08 04:46:51,620 [pool-1944-thread-1] INFO  metrics.RatisMetrics (RatisMetrics.java:lambda$create$0(36)) - Creating Metrics Registry : ratis.state_machine.027ea797-585b-4d73-a004-b5fa2cd87a42@group-7B8723723BAE
2021-01-08 04:46:51,622 [Command processor thread] INFO  commandhandler.CreatePipelineCommandHandler (CreatePipelineCommandHandler.java:handle(106)) - Created Pipeline RATIS ONE PipelineID=624fe8c8-c66d-4f0e-9e67-7b8723723bae.
2021-01-08 04:46:51,811 [Command processor thread] INFO  server.RaftServer (RaftServerProxy.java:addNew(95)) - 7c042e84-4356-40d3-8d58-8573f50c8ed6: addNew group-ED62677DC460:[7c042e84-4356-40d3-8d58-8573f50c8ed6|rpc:172.17.0.2:35077|priority:0] returns group-ED62677DC460:java.util.concurrent.CompletableFuture@3000b9c9[Not completed]
2021-01-08 04:46:51,812 [EventQueue-PipelineReportForOneReplicaPipelineSafeModeRule] INFO  safemode.SCMSafeModeManager (SCMSafeModeManager.java:validateSafeModeExitRules(214)) - AtleastOneDatanodeReportedRule rule is successfully validated
2021-01-08 04:46:51,813 [pool-1960-thread-1] INFO  server.RaftServer$Division (RaftServerImpl.java:<init>(179)) - 7c042e84-4356-40d3-8d58-8573f50c8ed6: new RaftServerImpl for group-ED62677DC460:[7c042e84-4356-40d3-8d58-8573f50c8ed6|rpc:172.17.0.2:35077|priority:0] with ContainerStateMachine:uninitialized
2021-01-08 04:46:51,813 [pool-1960-thread-1] INFO  server.RaftServerConfigKeys (ConfUtils.java:logGet(44)) - raft.server.rpc.timeout.min = 5s (custom)
2021-01-08 04:46:51,813 [pool-1960-thread-1] INFO  server.RaftServerConfigKeys (ConfUtils.java:logGet(44)) - raft.server.rpc.timeout.max = 5200ms (custom)
2021-01-08 04:46:51,813 [pool-1960-thread-1] INFO  server.RaftServerConfigKeys (ConfUtils.java:logGet(44)) - raft.server.rpc.sleep.time = 25ms (default)
2021-01-08 04:46:51,813 [pool-1960-thread-1] INFO  server.RaftServerConfigKeys (ConfUtils.java:logGet(44)) - raft.server.rpc.slowness.timeout = 300s (custom)
2021-01-08 04:46:51,813 [pool-1960-thread-1] INFO  server.RaftServerConfigKeys (ConfUtils.java:logGet(44)) - raft.server.leaderelection.leader.step-down.wait-time = 10s (default)
2021-01-08 04:46:51,813 [pool-1960-thread-1] INFO  server.RaftServerConfigKeys (ConfUtils.java:logGet(44)) - raft.server.sleep.deviation.threshold = 300ms (default)
2021-01-08 04:46:51,813 [pool-1960-thread-1] INFO  server.RaftServerConfigKeys (ConfUtils.java:logGet(44)) - raft.server.log.appender.install.snapshot.enabled = false (custom)
2021-01-08 04:46:51,813 [pool-1960-thread-1] INFO  server.RaftServer$Division (ServerState.java:<init>(103)) - 7c042e84-4356-40d3-8d58-8573f50c8ed6@group-ED62677DC460: ConfigurationManager, init=-1: [7c042e84-4356-40d3-8d58-8573f50c8ed6|rpc:172.17.0.2:35077|priority:0], old=null, confs=<EMPTY_MAP>
2021-01-08 04:46:51,813 [pool-1960-thread-1] INFO  server.RaftServerConfigKeys (ConfUtils.java:logGet(44)) - raft.server.storage.dir = [/github/workspace/mnt/ozone/hadoop-ozone/integration-test/target/test-dir/MiniOzoneClusterImpl-8e553afa-60cb-4a34-8c5d-9ccb1efc285c/datanode-3/data/ratis] (custom)
2021-01-08 04:46:51,814 [pool-1960-thread-1] INFO  server.RaftServerConfigKeys (ConfUtils.java:logGet(44)) - raft.server.log.corruption.policy = EXCEPTION (default)
2021-01-08 04:46:51,814 [pool-1960-thread-1] INFO  storage.RaftStorageDirectory (RaftStorageDirectoryImpl.java:analyzeStorage(132)) - The storage directory /github/workspace/mnt/ozone/hadoop-ozone/integration-test/target/test-dir/MiniOzoneClusterImpl-8e553afa-60cb-4a34-8c5d-9ccb1efc285c/datanode-3/data/ratis/40443567-9854-4c53-aa49-ed62677dc460 does not exist. Creating ...
2021-01-08 04:46:51,815 [pool-1960-thread-1] INFO  storage.RaftStorageDirectory (RaftStorageDirectoryImpl.java:tryLock(215)) - Lock on /github/workspace/mnt/ozone/hadoop-ozone/integration-test/target/test-dir/MiniOzoneClusterImpl-8e553afa-60cb-4a34-8c5d-9ccb1efc285c/datanode-3/data/ratis/40443567-9854-4c53-aa49-ed62677dc460/in_use.lock acquired by nodename 7486@36857d2baa53
2021-01-08 04:46:51,816 [pool-1960-thread-1] INFO  storage.RaftStorage (RaftStorageImpl.java:format(87)) - Storage directory /github/workspace/mnt/ozone/hadoop-ozone/integration-test/target/test-dir/MiniOzoneClusterImpl-8e553afa-60cb-4a34-8c5d-9ccb1efc285c/datanode-3/data/ratis/40443567-9854-4c53-aa49-ed62677dc460 has been successfully formatted.
2021-01-08 04:46:51,816 [pool-1960-thread-1] INFO  ratis.ContainerStateMachine (ContainerStateMachine.java:loadSnapshot(223)) - group-ED62677DC460: The snapshot info is null. Setting the last applied indexto:(t:0, i:~)
2021-01-08 04:46:51,816 [pool-1960-thread-1] ERROR storage.RaftStorage (RaftStorageImpl.java:readRaftConfiguration(147)) - Failed reading configuration from file:/github/workspace/mnt/ozone/hadoop-ozone/integration-test/target/test-dir/MiniOzoneClusterImpl-8e553afa-60cb-4a34-8c5d-9ccb1efc285c/datanode-3/data/ratis/40443567-9854-4c53-aa49-ed62677dc460/current/raft-meta.conf
java.io.FileNotFoundException: /github/workspace/mnt/ozone/hadoop-ozone/integration-test/target/test-dir/MiniOzoneClusterImpl-8e553afa-60cb-4a34-8c5d-9ccb1efc285c/datanode-3/data/ratis/40443567-9854-4c53-aa49-ed62677dc460/current/raft-meta.conf (No such file or directory)
	at java.io.FileInputStream.open0(Native Method)
	at java.io.FileInputStream.open(FileInputStream.java:195)
	at java.io.FileInputStream.<init>(FileInputStream.java:138)
	at org.apache.ratis.server.storage.RaftStorageImpl.readRaftConfiguration(RaftStorageImpl.java:143)
	at org.apache.ratis.server.impl.ServerState.<init>(ServerState.java:113)
	at org.apache.ratis.server.impl.RaftServerImpl.<init>(RaftServerImpl.java:192)
	at org.apache.ratis.server.impl.RaftServerProxy.lambda$newRaftServerImpl$4(RaftServerProxy.java:266)
	at java.util.concurrent.CompletableFuture$AsyncSupply.run(CompletableFuture.java:1604)
	at java.util.concurrent.ThreadPoolExecutor.runWorker(ThreadPoolExecutor.java:1149)
	at java.util.concurrent.ThreadPoolExecutor$Worker.run(ThreadPoolExecutor.java:624)
	at java.lang.Thread.run(Thread.java:748)
2021-01-08 04:46:51,817 [pool-1960-thread-1] INFO  server.RaftServerConfigKeys (ConfUtils.java:logGet(44)) - raft.server.notification.no-leader.timeout = 300s (custom)
2021-01-08 04:46:51,817 [EventQueue-PipelineReportForPipelineReportHandler] INFO  pipeline.PipelineStateManager (PipelineStateManager.java:openPipeline(132)) - Pipeline Pipeline[ Id: 40443567-9854-4c53-aa49-ed62677dc460, Nodes: 7c042e84-4356-40d3-8d58-8573f50c8ed6{ip: 172.17.0.2, host: 36857d2baa53, networkLocation: /default-rack, certSerialId: null, persistedOpState: IN_SERVICE, persistedOpStateExpiryEpochSec: 0}, Type:RATIS, Factor:ONE, State:ALLOCATED, leaderId:7c042e84-4356-40d3-8d58-8573f50c8ed6, CreationTimestamp2021-01-08T04:46:48.813Z] moved to OPEN state
2021-01-08 04:46:51,817 [EventQueue-PipelineReportForOneReplicaPipelineSafeModeRule] INFO  safemode.SCMSafeModeManager (SCMSafeModeManager.java:validateSafeModeExitRules(214)) - AtleastOneDatanodeReportedRule rule is successfully validated
2021-01-08 04:46:51,817 [pool-1960-thread-1] INFO  server.RaftServerConfigKeys (ConfUtils.java:logGet(44)) - raft.server.log.use.memory = false (default)
2021-01-08 04:46:51,817 [EventQueue-OpenPipelineForHealthyPipelineSafeModeRule] INFO  safemode.SCMSafeModeManager (HealthyPipelineSafeModeRule.java:process(128)) - SCM in safe mode. Healthy pipelines reported count is 0, required healthy pipeline reported count is 1
2021-01-08 04:46:51,817 [pool-1960-thread-1] INFO  server.RaftServerConfigKeys (ConfUtils.java:logGet(44)) - raft.server.log.purge.gap = 1000000 (custom)
2021-01-08 04:46:51,817 [pool-1960-thread-1] INFO  server.RaftServerConfigKeys (ConfUtils.java:logGet(44)) - raft.server.log.appender.buffer.byte-limit = 33554432 (custom)
2021-01-08 04:46:51,818 [pool-1960-thread-1] INFO  metrics.RatisMetrics (RatisMetrics.java:lambda$create$0(36)) - Creating Metrics Registry : ratis.log_worker.7c042e84-4356-40d3-8d58-8573f50c8ed6@group-ED62677DC460
2021-01-08 04:46:51,818 [pool-1960-thread-1] INFO  server.RaftServerConfigKeys (ConfUtils.java:logGet(44)) - raft.server.log.segment.size.max = 1048576 (custom)
2021-01-08 04:46:51,819 [pool-1960-thread-1] INFO  server.RaftServerConfigKeys (ConfUtils.java:logGet(44)) - raft.server.log.segment.cache.num.max = 2 (custom)
2021-01-08 04:46:51,819 [pool-1960-thread-1] INFO  server.RaftServerConfigKeys (ConfUtils.java:logGet(44)) - raft.server.log.segment.cache.size.max = 200MB (=209715200) (default)
2021-01-08 04:46:51,819 [pool-1960-thread-1] INFO  segmented.SegmentedRaftLogWorker (SegmentedRaftLogWorker.java:<init>(181)) - new 7c042e84-4356-40d3-8d58-8573f50c8ed6@group-ED62677DC460-SegmentedRaftLogWorker for RaftStorageImpl:Storage Directory /github/workspace/mnt/ozone/hadoop-ozone/integration-test/target/test-dir/MiniOzoneClusterImpl-8e553afa-60cb-4a34-8c5d-9ccb1efc285c/datanode-3/data/ratis/40443567-9854-4c53-aa49-ed62677dc460
2021-01-08 04:46:51,819 [pool-1960-thread-1] INFO  server.RaftServerConfigKeys (ConfUtils.java:logGet(44)) - raft.server.log.queue.byte-limit = 2147483647 (custom)
2021-01-08 04:46:51,819 [pool-1960-thread-1] INFO  server.RaftServerConfigKeys (ConfUtils.java:logGet(44)) - raft.server.log.queue.element-limit = 1024 (custom)
2021-01-08 04:46:51,819 [pool-1960-thread-1] INFO  server.RaftServerConfigKeys (ConfUtils.java:logGet(44)) - raft.server.log.segment.size.max = 1048576 (custom)
2021-01-08 04:46:51,820 [pool-1960-thread-1] INFO  server.RaftServerConfigKeys (ConfUtils.java:logGet(44)) - raft.server.log.preallocated.size = 16384 (custom)
2021-01-08 04:46:51,820 [pool-1960-thread-1] INFO  server.RaftServerConfigKeys (ConfUtils.java:logGet(44)) - raft.server.log.force.sync.num = 128 (default)
2021-01-08 04:46:51,820 [pool-1960-thread-1] INFO  server.RaftServerConfigKeys (ConfUtils.java:logGet(44)) - raft.server.log.statemachine.data.sync = true (default)
2021-01-08 04:46:51,820 [pool-1960-thread-1] INFO  server.RaftServerConfigKeys (ConfUtils.java:logGet(44)) - raft.server.log.statemachine.data.sync.timeout = 10s (default)
2021-01-08 04:46:51,820 [pool-1960-thread-1] INFO  server.RaftServerConfigKeys (ConfUtils.java:logGet(44)) - raft.server.log.statemachine.data.sync.timeout.retry = -1 (default)
2021-01-08 04:46:51,823 [pool-1960-thread-1] INFO  server.RaftServerConfigKeys (ConfUtils.java:logGet(44)) - raft.server.log.write.buffer.size = 1048576 (custom)
2021-01-08 04:46:51,823 [pool-1960-thread-1] INFO  server.RaftServerConfigKeys (ConfUtils.java:logGet(44)) - raft.server.log.statemachine.data.caching.enabled = true (custom)
2021-01-08 04:46:51,823 [pool-1960-thread-1] INFO  segmented.SegmentedRaftLogWorker (SegmentedRaftLogWorker.java:lambda$new$0(132)) - 7c042e84-4356-40d3-8d58-8573f50c8ed6@group-ED62677DC460-SegmentedRaftLogWorker: flushIndex: setUnconditionally 0 -> -1
2021-01-08 04:46:51,823 [pool-1960-thread-1] INFO  segmented.SegmentedRaftLogWorker (SegmentedRaftLogWorker.java:lambda$new$0(132)) - 7c042e84-4356-40d3-8d58-8573f50c8ed6@group-ED62677DC460-SegmentedRaftLogWorker: safeCacheEvictIndex: setUnconditionally 0 -> -1
2021-01-08 04:46:51,823 [pool-1960-thread-1] INFO  server.RaftServerConfigKeys (ConfUtils.java:logGet(44)) - raft.server.snapshot.auto.trigger.enabled = true (custom)
2021-01-08 04:46:51,824 [pool-1960-thread-1] INFO  server.RaftServerConfigKeys (ConfUtils.java:logGet(44)) - raft.server.snapshot.auto.trigger.threshold = 10000 (custom)
2021-01-08 04:46:51,824 [pool-1960-thread-1] INFO  server.RaftServerConfigKeys (ConfUtils.java:logGet(44)) - raft.server.snapshot.retention.file.num = 5 (custom)
2021-01-08 04:46:51,824 [pool-1960-thread-1] INFO  server.RaftServerConfigKeys (ConfUtils.java:logGet(44)) - raft.server.log.purge.upto.snapshot.index = false (default)
2021-01-08 04:46:51,824 [pool-1960-thread-1] INFO  server.RaftServerConfigKeys (ConfUtils.java:logGet(44)) - raft.server.retrycache.expirytime = 600000ms (custom)
2021-01-08 04:46:51,824 [pool-1960-thread-1] INFO  server.RaftServerConfigKeys (ConfUtils.java:logGet(44)) - raft.server.retrycache.statistics.expirytime = 100?s (default)
2021-01-08 04:46:51,824 [pool-1960-thread-1] INFO  metrics.RatisMetrics (RatisMetrics.java:lambda$create$0(36)) - Creating Metrics Registry : ratis.leader_election.7c042e84-4356-40d3-8d58-8573f50c8ed6@group-ED62677DC460
2021-01-08 04:46:51,907 [pool-1960-thread-1] INFO  metrics.RatisMetrics (RatisMetrics.java:lambda$create$0(36)) - Creating Metrics Registry : ratis.server.7c042e84-4356-40d3-8d58-8573f50c8ed6@group-ED62677DC460
2021-01-08 04:46:51,912 [pool-1960-thread-1] INFO  server.RaftServer$Division (RaftServerImpl.java:start(294)) - 7c042e84-4356-40d3-8d58-8573f50c8ed6@group-ED62677DC460: start as a follower, conf=-1: [7c042e84-4356-40d3-8d58-8573f50c8ed6|rpc:172.17.0.2:35077|priority:0], old=null
2021-01-08 04:46:51,912 [pool-1960-thread-1] INFO  server.RaftServer$Division (RaftServerImpl.java:setRole(283)) - 7c042e84-4356-40d3-8d58-8573f50c8ed6@group-ED62677DC460: changes role from      null to FOLLOWER at term 0 for startAsFollower
2021-01-08 04:46:51,913 [pool-1960-thread-1] INFO  impl.RoleInfo (RoleInfo.java:updateAndGet(130)) - 7c042e84-4356-40d3-8d58-8573f50c8ed6: start 7c042e84-4356-40d3-8d58-8573f50c8ed6@group-ED62677DC460-FollowerState
2021-01-08 04:46:51,916 [pool-1960-thread-1] INFO  util.JmxRegister (JmxRegister.java:tryRegister(44)) - Successfully registered JMX Bean with object name Ratis:service=RaftServer,group=group-ED62677DC460,id=7c042e84-4356-40d3-8d58-8573f50c8ed6
2021-01-08 04:46:51,916 [pool-1960-thread-1] INFO  metrics.RatisMetrics (RatisMetrics.java:lambda$create$0(36)) - Creating Metrics Registry : ratis.state_machine.7c042e84-4356-40d3-8d58-8573f50c8ed6@group-ED62677DC460
2021-01-08 04:46:51,920 [Command processor thread] INFO  commandhandler.CreatePipelineCommandHandler (CreatePipelineCommandHandler.java:handle(106)) - Created Pipeline RATIS ONE PipelineID=40443567-9854-4c53-aa49-ed62677dc460.
2021-01-08 04:46:51,923 [Command processor thread] INFO  server.RaftServer (RaftServerProxy.java:addNew(95)) - 7c042e84-4356-40d3-8d58-8573f50c8ed6: addNew group-729EB5F5A5A9:[7c042e84-4356-40d3-8d58-8573f50c8ed6|rpc:172.17.0.2:35077|priority:0, c1649de0-22a9-4a2d-8f9f-08808ec0c035|rpc:172.17.0.2:36837|priority:0, 689c23cd-66ac-4afb-b938-b7ca1102e3b6|rpc:172.17.0.2:43779|priority:0] returns group-729EB5F5A5A9:java.util.concurrent.CompletableFuture@343f2b11[Not completed]
2021-01-08 04:46:51,923 [pool-1960-thread-1] INFO  server.RaftServer$Division (RaftServerImpl.java:<init>(179)) - 7c042e84-4356-40d3-8d58-8573f50c8ed6: new RaftServerImpl for group-729EB5F5A5A9:[7c042e84-4356-40d3-8d58-8573f50c8ed6|rpc:172.17.0.2:35077|priority:0, c1649de0-22a9-4a2d-8f9f-08808ec0c035|rpc:172.17.0.2:36837|priority:0, 689c23cd-66ac-4afb-b938-b7ca1102e3b6|rpc:172.17.0.2:43779|priority:0] with ContainerStateMachine:uninitialized
2021-01-08 04:46:51,923 [pool-1960-thread-1] INFO  server.RaftServerConfigKeys (ConfUtils.java:logGet(44)) - raft.server.rpc.timeout.min = 5s (custom)
2021-01-08 04:46:51,923 [pool-1960-thread-1] INFO  server.RaftServerConfigKeys (ConfUtils.java:logGet(44)) - raft.server.rpc.timeout.max = 5200ms (custom)
2021-01-08 04:46:51,923 [pool-1960-thread-1] INFO  server.RaftServerConfigKeys (ConfUtils.java:logGet(44)) - raft.server.rpc.sleep.time = 25ms (default)
2021-01-08 04:46:51,923 [pool-1960-thread-1] INFO  server.RaftServerConfigKeys (ConfUtils.java:logGet(44)) - raft.server.rpc.slowness.timeout = 300s (custom)
2021-01-08 04:46:51,923 [pool-1960-thread-1] INFO  server.RaftServerConfigKeys (ConfUtils.java:logGet(44)) - raft.server.leaderelection.leader.step-down.wait-time = 10s (default)
2021-01-08 04:46:51,923 [pool-1960-thread-1] INFO  server.RaftServerConfigKeys (ConfUtils.java:logGet(44)) - raft.server.sleep.deviation.threshold = 300ms (default)
2021-01-08 04:46:51,923 [pool-1960-thread-1] INFO  server.RaftServerConfigKeys (ConfUtils.java:logGet(44)) - raft.server.log.appender.install.snapshot.enabled = false (custom)
2021-01-08 04:46:51,923 [pool-1960-thread-1] INFO  server.RaftServer$Division (ServerState.java:<init>(103)) - 7c042e84-4356-40d3-8d58-8573f50c8ed6@group-729EB5F5A5A9: ConfigurationManager, init=-1: [7c042e84-4356-40d3-8d58-8573f50c8ed6|rpc:172.17.0.2:35077|priority:0, c1649de0-22a9-4a2d-8f9f-08808ec0c035|rpc:172.17.0.2:36837|priority:0, 689c23cd-66ac-4afb-b938-b7ca1102e3b6|rpc:172.17.0.2:43779|priority:0], old=null, confs=<EMPTY_MAP>
2021-01-08 04:46:51,923 [pool-1960-thread-1] INFO  server.RaftServerConfigKeys (ConfUtils.java:logGet(44)) - raft.server.storage.dir = [/github/workspace/mnt/ozone/hadoop-ozone/integration-test/target/test-dir/MiniOzoneClusterImpl-8e553afa-60cb-4a34-8c5d-9ccb1efc285c/datanode-3/data/ratis] (custom)
2021-01-08 04:46:51,924 [pool-1960-thread-1] INFO  server.RaftServerConfigKeys (ConfUtils.java:logGet(44)) - raft.server.log.corruption.policy = EXCEPTION (default)
2021-01-08 04:46:51,924 [pool-1960-thread-1] INFO  storage.RaftStorageDirectory (RaftStorageDirectoryImpl.java:analyzeStorage(132)) - The storage directory /github/workspace/mnt/ozone/hadoop-ozone/integration-test/target/test-dir/MiniOzoneClusterImpl-8e553afa-60cb-4a34-8c5d-9ccb1efc285c/datanode-3/data/ratis/ab80aac2-71f0-4096-900d-729eb5f5a5a9 does not exist. Creating ...
2021-01-08 04:46:51,925 [pool-1960-thread-1] INFO  storage.RaftStorageDirectory (RaftStorageDirectoryImpl.java:tryLock(215)) - Lock on /github/workspace/mnt/ozone/hadoop-ozone/integration-test/target/test-dir/MiniOzoneClusterImpl-8e553afa-60cb-4a34-8c5d-9ccb1efc285c/datanode-3/data/ratis/ab80aac2-71f0-4096-900d-729eb5f5a5a9/in_use.lock acquired by nodename 7486@36857d2baa53
2021-01-08 04:46:51,926 [pool-1960-thread-1] INFO  storage.RaftStorage (RaftStorageImpl.java:format(87)) - Storage directory /github/workspace/mnt/ozone/hadoop-ozone/integration-test/target/test-dir/MiniOzoneClusterImpl-8e553afa-60cb-4a34-8c5d-9ccb1efc285c/datanode-3/data/ratis/ab80aac2-71f0-4096-900d-729eb5f5a5a9 has been successfully formatted.
2021-01-08 04:46:51,926 [pool-1960-thread-1] INFO  ratis.ContainerStateMachine (ContainerStateMachine.java:loadSnapshot(223)) - group-729EB5F5A5A9: The snapshot info is null. Setting the last applied indexto:(t:0, i:~)
2021-01-08 04:46:51,926 [pool-1960-thread-1] ERROR storage.RaftStorage (RaftStorageImpl.java:readRaftConfiguration(147)) - Failed reading configuration from file:/github/workspace/mnt/ozone/hadoop-ozone/integration-test/target/test-dir/MiniOzoneClusterImpl-8e553afa-60cb-4a34-8c5d-9ccb1efc285c/datanode-3/data/ratis/ab80aac2-71f0-4096-900d-729eb5f5a5a9/current/raft-meta.conf
java.io.FileNotFoundException: /github/workspace/mnt/ozone/hadoop-ozone/integration-test/target/test-dir/MiniOzoneClusterImpl-8e553afa-60cb-4a34-8c5d-9ccb1efc285c/datanode-3/data/ratis/ab80aac2-71f0-4096-900d-729eb5f5a5a9/current/raft-meta.conf (No such file or directory)
	at java.io.FileInputStream.open0(Native Method)
	at java.io.FileInputStream.open(FileInputStream.java:195)
	at java.io.FileInputStream.<init>(FileInputStream.java:138)
	at org.apache.ratis.server.storage.RaftStorageImpl.readRaftConfiguration(RaftStorageImpl.java:143)
	at org.apache.ratis.server.impl.ServerState.<init>(ServerState.java:113)
	at org.apache.ratis.server.impl.RaftServerImpl.<init>(RaftServerImpl.java:192)
	at org.apache.ratis.server.impl.RaftServerProxy.lambda$newRaftServerImpl$4(RaftServerProxy.java:266)
	at java.util.concurrent.CompletableFuture$AsyncSupply.run(CompletableFuture.java:1604)
	at java.util.concurrent.ThreadPoolExecutor.runWorker(ThreadPoolExecutor.java:1149)
	at java.util.concurrent.ThreadPoolExecutor$Worker.run(ThreadPoolExecutor.java:624)
	at java.lang.Thread.run(Thread.java:748)
2021-01-08 04:46:51,927 [pool-1960-thread-1] INFO  server.RaftServerConfigKeys (ConfUtils.java:logGet(44)) - raft.server.notification.no-leader.timeout = 300s (custom)
2021-01-08 04:46:51,927 [EventQueue-OpenPipelineForHealthyPipelineSafeModeRule] INFO  safemode.SCMSafeModeManager (HealthyPipelineSafeModeRule.java:process(128)) - SCM in safe mode. Healthy pipelines reported count is 0, required healthy pipeline reported count is 1
2021-01-08 04:46:51,927 [EventQueue-PipelineReportForOneReplicaPipelineSafeModeRule] INFO  safemode.SCMSafeModeManager (SCMSafeModeManager.java:validateSafeModeExitRules(214)) - AtleastOneDatanodeReportedRule rule is successfully validated
2021-01-08 04:46:51,929 [pool-1960-thread-1] INFO  server.RaftServerConfigKeys (ConfUtils.java:logGet(44)) - raft.server.log.use.memory = false (default)
2021-01-08 04:46:51,929 [pool-1960-thread-1] INFO  server.RaftServerConfigKeys (ConfUtils.java:logGet(44)) - raft.server.log.purge.gap = 1000000 (custom)
2021-01-08 04:46:51,929 [pool-1960-thread-1] INFO  server.RaftServerConfigKeys (ConfUtils.java:logGet(44)) - raft.server.log.appender.buffer.byte-limit = 33554432 (custom)
2021-01-08 04:46:51,929 [pool-1960-thread-1] INFO  metrics.RatisMetrics (RatisMetrics.java:lambda$create$0(36)) - Creating Metrics Registry : ratis.log_worker.7c042e84-4356-40d3-8d58-8573f50c8ed6@group-729EB5F5A5A9
2021-01-08 04:46:51,929 [pool-1960-thread-1] INFO  server.RaftServerConfigKeys (ConfUtils.java:logGet(44)) - raft.server.log.segment.size.max = 1048576 (custom)
2021-01-08 04:46:51,931 [pool-1960-thread-1] INFO  server.RaftServerConfigKeys (ConfUtils.java:logGet(44)) - raft.server.log.segment.cache.num.max = 2 (custom)
2021-01-08 04:46:51,931 [pool-1960-thread-1] INFO  server.RaftServerConfigKeys (ConfUtils.java:logGet(44)) - raft.server.log.segment.cache.size.max = 200MB (=209715200) (default)
2021-01-08 04:46:51,931 [pool-1960-thread-1] INFO  segmented.SegmentedRaftLogWorker (SegmentedRaftLogWorker.java:<init>(181)) - new 7c042e84-4356-40d3-8d58-8573f50c8ed6@group-729EB5F5A5A9-SegmentedRaftLogWorker for RaftStorageImpl:Storage Directory /github/workspace/mnt/ozone/hadoop-ozone/integration-test/target/test-dir/MiniOzoneClusterImpl-8e553afa-60cb-4a34-8c5d-9ccb1efc285c/datanode-3/data/ratis/ab80aac2-71f0-4096-900d-729eb5f5a5a9
2021-01-08 04:46:51,931 [pool-1960-thread-1] INFO  server.RaftServerConfigKeys (ConfUtils.java:logGet(44)) - raft.server.log.queue.byte-limit = 2147483647 (custom)
2021-01-08 04:46:51,931 [pool-1960-thread-1] INFO  server.RaftServerConfigKeys (ConfUtils.java:logGet(44)) - raft.server.log.queue.element-limit = 1024 (custom)
2021-01-08 04:46:51,931 [pool-1960-thread-1] INFO  server.RaftServerConfigKeys (ConfUtils.java:logGet(44)) - raft.server.log.segment.size.max = 1048576 (custom)
2021-01-08 04:46:51,931 [pool-1960-thread-1] INFO  server.RaftServerConfigKeys (ConfUtils.java:logGet(44)) - raft.server.log.preallocated.size = 16384 (custom)
2021-01-08 04:46:51,931 [pool-1960-thread-1] INFO  server.RaftServerConfigKeys (ConfUtils.java:logGet(44)) - raft.server.log.force.sync.num = 128 (default)
2021-01-08 04:46:51,931 [pool-1960-thread-1] INFO  server.RaftServerConfigKeys (ConfUtils.java:logGet(44)) - raft.server.log.statemachine.data.sync = true (default)
2021-01-08 04:46:51,932 [pool-1960-thread-1] INFO  server.RaftServerConfigKeys (ConfUtils.java:logGet(44)) - raft.server.log.statemachine.data.sync.timeout = 10s (default)
2021-01-08 04:46:51,932 [pool-1960-thread-1] INFO  server.RaftServerConfigKeys (ConfUtils.java:logGet(44)) - raft.server.log.statemachine.data.sync.timeout.retry = -1 (default)
2021-01-08 04:46:51,934 [pool-1960-thread-1] INFO  server.RaftServerConfigKeys (ConfUtils.java:logGet(44)) - raft.server.log.write.buffer.size = 1048576 (custom)
2021-01-08 04:46:51,935 [pool-1960-thread-1] INFO  server.RaftServerConfigKeys (ConfUtils.java:logGet(44)) - raft.server.log.statemachine.data.caching.enabled = true (custom)
2021-01-08 04:46:51,935 [pool-1960-thread-1] INFO  segmented.SegmentedRaftLogWorker (SegmentedRaftLogWorker.java:lambda$new$0(132)) - 7c042e84-4356-40d3-8d58-8573f50c8ed6@group-729EB5F5A5A9-SegmentedRaftLogWorker: flushIndex: setUnconditionally 0 -> -1
2021-01-08 04:46:51,935 [pool-1960-thread-1] INFO  segmented.SegmentedRaftLogWorker (SegmentedRaftLogWorker.java:lambda$new$0(132)) - 7c042e84-4356-40d3-8d58-8573f50c8ed6@group-729EB5F5A5A9-SegmentedRaftLogWorker: safeCacheEvictIndex: setUnconditionally 0 -> -1
2021-01-08 04:46:51,935 [pool-1960-thread-1] INFO  server.RaftServerConfigKeys (ConfUtils.java:logGet(44)) - raft.server.snapshot.auto.trigger.enabled = true (custom)
2021-01-08 04:46:51,935 [pool-1960-thread-1] INFO  server.RaftServerConfigKeys (ConfUtils.java:logGet(44)) - raft.server.snapshot.auto.trigger.threshold = 10000 (custom)
2021-01-08 04:46:51,935 [pool-1960-thread-1] INFO  server.RaftServerConfigKeys (ConfUtils.java:logGet(44)) - raft.server.snapshot.retention.file.num = 5 (custom)
2021-01-08 04:46:51,935 [pool-1960-thread-1] INFO  server.RaftServerConfigKeys (ConfUtils.java:logGet(44)) - raft.server.log.purge.upto.snapshot.index = false (default)
2021-01-08 04:46:51,935 [pool-1960-thread-1] INFO  server.RaftServerConfigKeys (ConfUtils.java:logGet(44)) - raft.server.retrycache.expirytime = 600000ms (custom)
2021-01-08 04:46:51,935 [pool-1960-thread-1] INFO  server.RaftServerConfigKeys (ConfUtils.java:logGet(44)) - raft.server.retrycache.statistics.expirytime = 100?s (default)
2021-01-08 04:46:51,936 [pool-1960-thread-1] INFO  metrics.RatisMetrics (RatisMetrics.java:lambda$create$0(36)) - Creating Metrics Registry : ratis.leader_election.7c042e84-4356-40d3-8d58-8573f50c8ed6@group-729EB5F5A5A9
2021-01-08 04:46:51,937 [pool-1960-thread-1] INFO  metrics.RatisMetrics (RatisMetrics.java:lambda$create$0(36)) - Creating Metrics Registry : ratis.server.7c042e84-4356-40d3-8d58-8573f50c8ed6@group-729EB5F5A5A9
2021-01-08 04:46:51,939 [pool-1960-thread-1] INFO  server.RaftServer$Division (RaftServerImpl.java:start(294)) - 7c042e84-4356-40d3-8d58-8573f50c8ed6@group-729EB5F5A5A9: start as a follower, conf=-1: [7c042e84-4356-40d3-8d58-8573f50c8ed6|rpc:172.17.0.2:35077|priority:0, c1649de0-22a9-4a2d-8f9f-08808ec0c035|rpc:172.17.0.2:36837|priority:0, 689c23cd-66ac-4afb-b938-b7ca1102e3b6|rpc:172.17.0.2:43779|priority:0], old=null
2021-01-08 04:46:51,939 [pool-1960-thread-1] INFO  server.RaftServer$Division (RaftServerImpl.java:setRole(283)) - 7c042e84-4356-40d3-8d58-8573f50c8ed6@group-729EB5F5A5A9: changes role from      null to FOLLOWER at term 0 for startAsFollower
2021-01-08 04:46:51,939 [pool-1960-thread-1] INFO  impl.RoleInfo (RoleInfo.java:updateAndGet(130)) - 7c042e84-4356-40d3-8d58-8573f50c8ed6: start 7c042e84-4356-40d3-8d58-8573f50c8ed6@group-729EB5F5A5A9-FollowerState
2021-01-08 04:46:51,940 [pool-1960-thread-1] INFO  util.JmxRegister (JmxRegister.java:tryRegister(44)) - Successfully registered JMX Bean with object name Ratis:service=RaftServer,group=group-729EB5F5A5A9,id=7c042e84-4356-40d3-8d58-8573f50c8ed6
2021-01-08 04:46:51,940 [pool-1960-thread-1] INFO  metrics.RatisMetrics (RatisMetrics.java:lambda$create$0(36)) - Creating Metrics Registry : ratis.state_machine.7c042e84-4356-40d3-8d58-8573f50c8ed6@group-729EB5F5A5A9
2021-01-08 04:46:51,942 [Command processor thread] INFO  metrics.RatisMetrics (RatisMetrics.java:lambda$create$0(36)) - Creating Metrics Registry : ratis.client_message_metrics.client-5FE776C9A0EC->689c23cd-66ac-4afb-b938-b7ca1102e3b6
2021-01-08 04:46:51,951 [grpc-default-executor-5] INFO  metrics.RatisMetrics (RatisMetrics.java:lambda$create$0(36)) - Creating Metrics Registry : ratis.server_message_metrics.689c23cd-66ac-4afb-b938-b7ca1102e3b6
2021-01-08 04:46:51,959 [grpc-default-executor-5] INFO  server.RaftServer (RaftServerProxy.java:addNew(95)) - 689c23cd-66ac-4afb-b938-b7ca1102e3b6: addNew group-729EB5F5A5A9:[7c042e84-4356-40d3-8d58-8573f50c8ed6|rpc:172.17.0.2:35077|dataStream:|priority:0, c1649de0-22a9-4a2d-8f9f-08808ec0c035|rpc:172.17.0.2:36837|dataStream:|priority:0, 689c23cd-66ac-4afb-b938-b7ca1102e3b6|rpc:172.17.0.2:43779|dataStream:|priority:0] returns group-729EB5F5A5A9:java.util.concurrent.CompletableFuture@270cc6c4[Not completed]
2021-01-08 04:46:51,959 [pool-1992-thread-1] INFO  server.RaftServer$Division (RaftServerImpl.java:<init>(179)) - 689c23cd-66ac-4afb-b938-b7ca1102e3b6: new RaftServerImpl for group-729EB5F5A5A9:[7c042e84-4356-40d3-8d58-8573f50c8ed6|rpc:172.17.0.2:35077|dataStream:|priority:0, c1649de0-22a9-4a2d-8f9f-08808ec0c035|rpc:172.17.0.2:36837|dataStream:|priority:0, 689c23cd-66ac-4afb-b938-b7ca1102e3b6|rpc:172.17.0.2:43779|dataStream:|priority:0] with ContainerStateMachine:uninitialized
2021-01-08 04:46:51,960 [pool-1992-thread-1] INFO  server.RaftServerConfigKeys (ConfUtils.java:logGet(44)) - raft.server.rpc.timeout.min = 5s (custom)
2021-01-08 04:46:51,960 [pool-1992-thread-1] INFO  server.RaftServerConfigKeys (ConfUtils.java:logGet(44)) - raft.server.rpc.timeout.max = 5200ms (custom)
2021-01-08 04:46:51,960 [pool-1992-thread-1] INFO  server.RaftServerConfigKeys (ConfUtils.java:logGet(44)) - raft.server.rpc.sleep.time = 25ms (default)
2021-01-08 04:46:51,960 [pool-1992-thread-1] INFO  server.RaftServerConfigKeys (ConfUtils.java:logGet(44)) - raft.server.rpc.slowness.timeout = 300s (custom)
2021-01-08 04:46:51,960 [pool-1992-thread-1] INFO  server.RaftServerConfigKeys (ConfUtils.java:logGet(44)) - raft.server.leaderelection.leader.step-down.wait-time = 10s (default)
2021-01-08 04:46:51,960 [pool-1992-thread-1] INFO  server.RaftServerConfigKeys (ConfUtils.java:logGet(44)) - raft.server.sleep.deviation.threshold = 300ms (default)
2021-01-08 04:46:51,960 [pool-1992-thread-1] INFO  server.RaftServerConfigKeys (ConfUtils.java:logGet(44)) - raft.server.log.appender.install.snapshot.enabled = false (custom)
2021-01-08 04:46:51,960 [pool-1992-thread-1] INFO  server.RaftServer$Division (ServerState.java:<init>(103)) - 689c23cd-66ac-4afb-b938-b7ca1102e3b6@group-729EB5F5A5A9: ConfigurationManager, init=-1: [7c042e84-4356-40d3-8d58-8573f50c8ed6|rpc:172.17.0.2:35077|dataStream:|priority:0, c1649de0-22a9-4a2d-8f9f-08808ec0c035|rpc:172.17.0.2:36837|dataStream:|priority:0, 689c23cd-66ac-4afb-b938-b7ca1102e3b6|rpc:172.17.0.2:43779|dataStream:|priority:0], old=null, confs=<EMPTY_MAP>
2021-01-08 04:46:51,960 [pool-1992-thread-1] INFO  server.RaftServerConfigKeys (ConfUtils.java:logGet(44)) - raft.server.storage.dir = [/github/workspace/mnt/ozone/hadoop-ozone/integration-test/target/test-dir/MiniOzoneClusterImpl-8e553afa-60cb-4a34-8c5d-9ccb1efc285c/datanode-5/data/ratis] (custom)
2021-01-08 04:46:51,960 [pool-1992-thread-1] INFO  server.RaftServerConfigKeys (ConfUtils.java:logGet(44)) - raft.server.log.corruption.policy = EXCEPTION (default)
2021-01-08 04:46:51,961 [pool-1992-thread-1] INFO  storage.RaftStorageDirectory (RaftStorageDirectoryImpl.java:analyzeStorage(132)) - The storage directory /github/workspace/mnt/ozone/hadoop-ozone/integration-test/target/test-dir/MiniOzoneClusterImpl-8e553afa-60cb-4a34-8c5d-9ccb1efc285c/datanode-5/data/ratis/ab80aac2-71f0-4096-900d-729eb5f5a5a9 does not exist. Creating ...
2021-01-08 04:46:51,962 [pool-1992-thread-1] INFO  storage.RaftStorageDirectory (RaftStorageDirectoryImpl.java:tryLock(215)) - Lock on /github/workspace/mnt/ozone/hadoop-ozone/integration-test/target/test-dir/MiniOzoneClusterImpl-8e553afa-60cb-4a34-8c5d-9ccb1efc285c/datanode-5/data/ratis/ab80aac2-71f0-4096-900d-729eb5f5a5a9/in_use.lock acquired by nodename 7486@36857d2baa53
2021-01-08 04:46:51,963 [pool-1992-thread-1] INFO  storage.RaftStorage (RaftStorageImpl.java:format(87)) - Storage directory /github/workspace/mnt/ozone/hadoop-ozone/integration-test/target/test-dir/MiniOzoneClusterImpl-8e553afa-60cb-4a34-8c5d-9ccb1efc285c/datanode-5/data/ratis/ab80aac2-71f0-4096-900d-729eb5f5a5a9 has been successfully formatted.
2021-01-08 04:46:51,963 [pool-1992-thread-1] INFO  ratis.ContainerStateMachine (ContainerStateMachine.java:loadSnapshot(223)) - group-729EB5F5A5A9: The snapshot info is null. Setting the last applied indexto:(t:0, i:~)
2021-01-08 04:46:51,963 [pool-1992-thread-1] ERROR storage.RaftStorage (RaftStorageImpl.java:readRaftConfiguration(147)) - Failed reading configuration from file:/github/workspace/mnt/ozone/hadoop-ozone/integration-test/target/test-dir/MiniOzoneClusterImpl-8e553afa-60cb-4a34-8c5d-9ccb1efc285c/datanode-5/data/ratis/ab80aac2-71f0-4096-900d-729eb5f5a5a9/current/raft-meta.conf
java.io.FileNotFoundException: /github/workspace/mnt/ozone/hadoop-ozone/integration-test/target/test-dir/MiniOzoneClusterImpl-8e553afa-60cb-4a34-8c5d-9ccb1efc285c/datanode-5/data/ratis/ab80aac2-71f0-4096-900d-729eb5f5a5a9/current/raft-meta.conf (No such file or directory)
	at java.io.FileInputStream.open0(Native Method)
	at java.io.FileInputStream.open(FileInputStream.java:195)
	at java.io.FileInputStream.<init>(FileInputStream.java:138)
	at org.apache.ratis.server.storage.RaftStorageImpl.readRaftConfiguration(RaftStorageImpl.java:143)
	at org.apache.ratis.server.impl.ServerState.<init>(ServerState.java:113)
	at org.apache.ratis.server.impl.RaftServerImpl.<init>(RaftServerImpl.java:192)
	at org.apache.ratis.server.impl.RaftServerProxy.lambda$newRaftServerImpl$4(RaftServerProxy.java:266)
	at java.util.concurrent.CompletableFuture$AsyncSupply.run(CompletableFuture.java:1604)
	at java.util.concurrent.ThreadPoolExecutor.runWorker(ThreadPoolExecutor.java:1149)
	at java.util.concurrent.ThreadPoolExecutor$Worker.run(ThreadPoolExecutor.java:624)
	at java.lang.Thread.run(Thread.java:748)
2021-01-08 04:46:51,963 [EventQueue-PipelineReportForOneReplicaPipelineSafeModeRule] INFO  safemode.SCMSafeModeManager (SCMSafeModeManager.java:validateSafeModeExitRules(214)) - AtleastOneDatanodeReportedRule rule is successfully validated
2021-01-08 04:46:51,964 [pool-1992-thread-1] INFO  server.RaftServerConfigKeys (ConfUtils.java:logGet(44)) - raft.server.notification.no-leader.timeout = 300s (custom)
2021-01-08 04:46:51,964 [pool-1992-thread-1] INFO  server.RaftServerConfigKeys (ConfUtils.java:logGet(44)) - raft.server.log.use.memory = false (default)
2021-01-08 04:46:51,964 [pool-1992-thread-1] INFO  server.RaftServerConfigKeys (ConfUtils.java:logGet(44)) - raft.server.log.purge.gap = 1000000 (custom)
2021-01-08 04:46:51,964 [pool-1992-thread-1] INFO  server.RaftServerConfigKeys (ConfUtils.java:logGet(44)) - raft.server.log.appender.buffer.byte-limit = 33554432 (custom)
2021-01-08 04:46:51,964 [pool-1992-thread-1] INFO  metrics.RatisMetrics (RatisMetrics.java:lambda$create$0(36)) - Creating Metrics Registry : ratis.log_worker.689c23cd-66ac-4afb-b938-b7ca1102e3b6@group-729EB5F5A5A9
2021-01-08 04:46:51,964 [pool-1992-thread-1] INFO  server.RaftServerConfigKeys (ConfUtils.java:logGet(44)) - raft.server.log.segment.size.max = 1048576 (custom)
2021-01-08 04:46:51,966 [pool-1992-thread-1] INFO  server.RaftServerConfigKeys (ConfUtils.java:logGet(44)) - raft.server.log.segment.cache.num.max = 2 (custom)
2021-01-08 04:46:51,966 [pool-1992-thread-1] INFO  server.RaftServerConfigKeys (ConfUtils.java:logGet(44)) - raft.server.log.segment.cache.size.max = 200MB (=209715200) (default)
2021-01-08 04:46:51,966 [pool-1992-thread-1] INFO  segmented.SegmentedRaftLogWorker (SegmentedRaftLogWorker.java:<init>(181)) - new 689c23cd-66ac-4afb-b938-b7ca1102e3b6@group-729EB5F5A5A9-SegmentedRaftLogWorker for RaftStorageImpl:Storage Directory /github/workspace/mnt/ozone/hadoop-ozone/integration-test/target/test-dir/MiniOzoneClusterImpl-8e553afa-60cb-4a34-8c5d-9ccb1efc285c/datanode-5/data/ratis/ab80aac2-71f0-4096-900d-729eb5f5a5a9
2021-01-08 04:46:51,966 [pool-1992-thread-1] INFO  server.RaftServerConfigKeys (ConfUtils.java:logGet(44)) - raft.server.log.queue.byte-limit = 2147483647 (custom)
2021-01-08 04:46:51,966 [pool-1992-thread-1] INFO  server.RaftServerConfigKeys (ConfUtils.java:logGet(44)) - raft.server.log.queue.element-limit = 1024 (custom)
2021-01-08 04:46:51,966 [pool-1992-thread-1] INFO  server.RaftServerConfigKeys (ConfUtils.java:logGet(44)) - raft.server.log.segment.size.max = 1048576 (custom)
2021-01-08 04:46:51,966 [pool-1992-thread-1] INFO  server.RaftServerConfigKeys (ConfUtils.java:logGet(44)) - raft.server.log.preallocated.size = 16384 (custom)
2021-01-08 04:46:51,966 [pool-1992-thread-1] INFO  server.RaftServerConfigKeys (ConfUtils.java:logGet(44)) - raft.server.log.force.sync.num = 128 (default)
2021-01-08 04:46:51,966 [pool-1992-thread-1] INFO  server.RaftServerConfigKeys (ConfUtils.java:logGet(44)) - raft.server.log.statemachine.data.sync = true (default)
2021-01-08 04:46:51,966 [pool-1992-thread-1] INFO  server.RaftServerConfigKeys (ConfUtils.java:logGet(44)) - raft.server.log.statemachine.data.sync.timeout = 10s (default)
2021-01-08 04:46:51,966 [pool-1992-thread-1] INFO  server.RaftServerConfigKeys (ConfUtils.java:logGet(44)) - raft.server.log.statemachine.data.sync.timeout.retry = -1 (default)
2021-01-08 04:46:51,969 [pool-1992-thread-1] INFO  server.RaftServerConfigKeys (ConfUtils.java:logGet(44)) - raft.server.log.write.buffer.size = 1048576 (custom)
2021-01-08 04:46:51,970 [pool-1992-thread-1] INFO  server.RaftServerConfigKeys (ConfUtils.java:logGet(44)) - raft.server.log.statemachine.data.caching.enabled = true (custom)
2021-01-08 04:46:51,970 [pool-1992-thread-1] INFO  segmented.SegmentedRaftLogWorker (SegmentedRaftLogWorker.java:lambda$new$0(132)) - 689c23cd-66ac-4afb-b938-b7ca1102e3b6@group-729EB5F5A5A9-SegmentedRaftLogWorker: flushIndex: setUnconditionally 0 -> -1
2021-01-08 04:46:51,970 [pool-1992-thread-1] INFO  segmented.SegmentedRaftLogWorker (SegmentedRaftLogWorker.java:lambda$new$0(132)) - 689c23cd-66ac-4afb-b938-b7ca1102e3b6@group-729EB5F5A5A9-SegmentedRaftLogWorker: safeCacheEvictIndex: setUnconditionally 0 -> -1
2021-01-08 04:46:51,971 [pool-1992-thread-1] INFO  server.RaftServerConfigKeys (ConfUtils.java:logGet(44)) - raft.server.snapshot.auto.trigger.enabled = true (custom)
2021-01-08 04:46:51,971 [pool-1992-thread-1] INFO  server.RaftServerConfigKeys (ConfUtils.java:logGet(44)) - raft.server.snapshot.auto.trigger.threshold = 10000 (custom)
2021-01-08 04:46:51,971 [pool-1992-thread-1] INFO  server.RaftServerConfigKeys (ConfUtils.java:logGet(44)) - raft.server.snapshot.retention.file.num = 5 (custom)
2021-01-08 04:46:51,971 [pool-1992-thread-1] INFO  server.RaftServerConfigKeys (ConfUtils.java:logGet(44)) - raft.server.log.purge.upto.snapshot.index = false (default)
2021-01-08 04:46:51,971 [pool-1992-thread-1] INFO  server.RaftServerConfigKeys (ConfUtils.java:logGet(44)) - raft.server.retrycache.expirytime = 600000ms (custom)
2021-01-08 04:46:51,972 [pool-1992-thread-1] INFO  server.RaftServerConfigKeys (ConfUtils.java:logGet(44)) - raft.server.retrycache.statistics.expirytime = 100?s (default)
2021-01-08 04:46:51,972 [pool-1992-thread-1] INFO  metrics.RatisMetrics (RatisMetrics.java:lambda$create$0(36)) - Creating Metrics Registry : ratis.leader_election.689c23cd-66ac-4afb-b938-b7ca1102e3b6@group-729EB5F5A5A9
2021-01-08 04:46:51,973 [pool-1992-thread-1] INFO  metrics.RatisMetrics (RatisMetrics.java:lambda$create$0(36)) - Creating Metrics Registry : ratis.server.689c23cd-66ac-4afb-b938-b7ca1102e3b6@group-729EB5F5A5A9
2021-01-08 04:46:51,975 [pool-1992-thread-1] INFO  server.RaftServer$Division (RaftServerImpl.java:start(294)) - 689c23cd-66ac-4afb-b938-b7ca1102e3b6@group-729EB5F5A5A9: start as a follower, conf=-1: [7c042e84-4356-40d3-8d58-8573f50c8ed6|rpc:172.17.0.2:35077|dataStream:|priority:0, c1649de0-22a9-4a2d-8f9f-08808ec0c035|rpc:172.17.0.2:36837|dataStream:|priority:0, 689c23cd-66ac-4afb-b938-b7ca1102e3b6|rpc:172.17.0.2:43779|dataStream:|priority:0], old=null
2021-01-08 04:46:51,975 [pool-1992-thread-1] INFO  server.RaftServer$Division (RaftServerImpl.java:setRole(283)) - 689c23cd-66ac-4afb-b938-b7ca1102e3b6@group-729EB5F5A5A9: changes role from      null to FOLLOWER at term 0 for startAsFollower
2021-01-08 04:46:51,976 [pool-1992-thread-1] INFO  impl.RoleInfo (RoleInfo.java:updateAndGet(130)) - 689c23cd-66ac-4afb-b938-b7ca1102e3b6: start 689c23cd-66ac-4afb-b938-b7ca1102e3b6@group-729EB5F5A5A9-FollowerState
2021-01-08 04:46:51,976 [pool-1992-thread-1] INFO  util.JmxRegister (JmxRegister.java:tryRegister(44)) - Successfully registered JMX Bean with object name Ratis:service=RaftServer,group=group-729EB5F5A5A9,id=689c23cd-66ac-4afb-b938-b7ca1102e3b6
2021-01-08 04:46:51,976 [pool-1992-thread-1] INFO  metrics.RatisMetrics (RatisMetrics.java:lambda$create$0(36)) - Creating Metrics Registry : ratis.state_machine.689c23cd-66ac-4afb-b938-b7ca1102e3b6@group-729EB5F5A5A9
2021-01-08 04:46:51,984 [Command processor thread] INFO  metrics.RatisMetrics (RatisMetrics.java:lambda$create$0(36)) - Creating Metrics Registry : ratis.client_message_metrics.client-32DC28CCF63B->c1649de0-22a9-4a2d-8f9f-08808ec0c035
2021-01-08 04:46:51,988 [grpc-default-executor-5] INFO  metrics.RatisMetrics (RatisMetrics.java:lambda$create$0(36)) - Creating Metrics Registry : ratis.server_message_metrics.c1649de0-22a9-4a2d-8f9f-08808ec0c035
2021-01-08 04:46:51,990 [grpc-default-executor-5] INFO  server.RaftServer (RaftServerProxy.java:addNew(95)) - c1649de0-22a9-4a2d-8f9f-08808ec0c035: addNew group-729EB5F5A5A9:[7c042e84-4356-40d3-8d58-8573f50c8ed6|rpc:172.17.0.2:35077|dataStream:|priority:0, c1649de0-22a9-4a2d-8f9f-08808ec0c035|rpc:172.17.0.2:36837|dataStream:|priority:0, 689c23cd-66ac-4afb-b938-b7ca1102e3b6|rpc:172.17.0.2:43779|dataStream:|priority:0] returns group-729EB5F5A5A9:java.util.concurrent.CompletableFuture@3c80e34c[Not completed]
2021-01-08 04:46:51,992 [pool-1976-thread-1] INFO  server.RaftServer$Division (RaftServerImpl.java:<init>(179)) - c1649de0-22a9-4a2d-8f9f-08808ec0c035: new RaftServerImpl for group-729EB5F5A5A9:[7c042e84-4356-40d3-8d58-8573f50c8ed6|rpc:172.17.0.2:35077|dataStream:|priority:0, c1649de0-22a9-4a2d-8f9f-08808ec0c035|rpc:172.17.0.2:36837|dataStream:|priority:0, 689c23cd-66ac-4afb-b938-b7ca1102e3b6|rpc:172.17.0.2:43779|dataStream:|priority:0] with ContainerStateMachine:uninitialized
2021-01-08 04:46:51,992 [pool-1976-thread-1] INFO  server.RaftServerConfigKeys (ConfUtils.java:logGet(44)) - raft.server.rpc.timeout.min = 5s (custom)
2021-01-08 04:46:51,992 [pool-1976-thread-1] INFO  server.RaftServerConfigKeys (ConfUtils.java:logGet(44)) - raft.server.rpc.timeout.max = 5200ms (custom)
2021-01-08 04:46:51,992 [pool-1976-thread-1] INFO  server.RaftServerConfigKeys (ConfUtils.java:logGet(44)) - raft.server.rpc.sleep.time = 25ms (default)
2021-01-08 04:46:51,992 [pool-1976-thread-1] INFO  server.RaftServerConfigKeys (ConfUtils.java:logGet(44)) - raft.server.rpc.slowness.timeout = 300s (custom)
2021-01-08 04:46:51,992 [pool-1976-thread-1] INFO  server.RaftServerConfigKeys (ConfUtils.java:logGet(44)) - raft.server.leaderelection.leader.step-down.wait-time = 10s (default)
2021-01-08 04:46:51,993 [pool-1976-thread-1] INFO  server.RaftServerConfigKeys (ConfUtils.java:logGet(44)) - raft.server.sleep.deviation.threshold = 300ms (default)
2021-01-08 04:46:51,993 [pool-1976-thread-1] INFO  server.RaftServerConfigKeys (ConfUtils.java:logGet(44)) - raft.server.log.appender.install.snapshot.enabled = false (custom)
2021-01-08 04:46:51,993 [pool-1976-thread-1] INFO  server.RaftServer$Division (ServerState.java:<init>(103)) - c1649de0-22a9-4a2d-8f9f-08808ec0c035@group-729EB5F5A5A9: ConfigurationManager, init=-1: [7c042e84-4356-40d3-8d58-8573f50c8ed6|rpc:172.17.0.2:35077|dataStream:|priority:0, c1649de0-22a9-4a2d-8f9f-08808ec0c035|rpc:172.17.0.2:36837|dataStream:|priority:0, 689c23cd-66ac-4afb-b938-b7ca1102e3b6|rpc:172.17.0.2:43779|dataStream:|priority:0], old=null, confs=<EMPTY_MAP>
2021-01-08 04:46:51,993 [pool-1976-thread-1] INFO  server.RaftServerConfigKeys (ConfUtils.java:logGet(44)) - raft.server.storage.dir = [/github/workspace/mnt/ozone/hadoop-ozone/integration-test/target/test-dir/MiniOzoneClusterImpl-8e553afa-60cb-4a34-8c5d-9ccb1efc285c/datanode-4/data/ratis] (custom)
2021-01-08 04:46:51,993 [pool-1976-thread-1] INFO  server.RaftServerConfigKeys (ConfUtils.java:logGet(44)) - raft.server.log.corruption.policy = EXCEPTION (default)
2021-01-08 04:46:51,994 [pool-1976-thread-1] INFO  storage.RaftStorageDirectory (RaftStorageDirectoryImpl.java:analyzeStorage(132)) - The storage directory /github/workspace/mnt/ozone/hadoop-ozone/integration-test/target/test-dir/MiniOzoneClusterImpl-8e553afa-60cb-4a34-8c5d-9ccb1efc285c/datanode-4/data/ratis/ab80aac2-71f0-4096-900d-729eb5f5a5a9 does not exist. Creating ...
2021-01-08 04:46:51,995 [pool-1976-thread-1] INFO  storage.RaftStorageDirectory (RaftStorageDirectoryImpl.java:tryLock(215)) - Lock on /github/workspace/mnt/ozone/hadoop-ozone/integration-test/target/test-dir/MiniOzoneClusterImpl-8e553afa-60cb-4a34-8c5d-9ccb1efc285c/datanode-4/data/ratis/ab80aac2-71f0-4096-900d-729eb5f5a5a9/in_use.lock acquired by nodename 7486@36857d2baa53
2021-01-08 04:46:51,996 [pool-1976-thread-1] INFO  storage.RaftStorage (RaftStorageImpl.java:format(87)) - Storage directory /github/workspace/mnt/ozone/hadoop-ozone/integration-test/target/test-dir/MiniOzoneClusterImpl-8e553afa-60cb-4a34-8c5d-9ccb1efc285c/datanode-4/data/ratis/ab80aac2-71f0-4096-900d-729eb5f5a5a9 has been successfully formatted.
2021-01-08 04:46:51,996 [pool-1976-thread-1] INFO  ratis.ContainerStateMachine (ContainerStateMachine.java:loadSnapshot(223)) - group-729EB5F5A5A9: The snapshot info is null. Setting the last applied indexto:(t:0, i:~)
2021-01-08 04:46:51,996 [pool-1976-thread-1] ERROR storage.RaftStorage (RaftStorageImpl.java:readRaftConfiguration(147)) - Failed reading configuration from file:/github/workspace/mnt/ozone/hadoop-ozone/integration-test/target/test-dir/MiniOzoneClusterImpl-8e553afa-60cb-4a34-8c5d-9ccb1efc285c/datanode-4/data/ratis/ab80aac2-71f0-4096-900d-729eb5f5a5a9/current/raft-meta.conf
java.io.FileNotFoundException: /github/workspace/mnt/ozone/hadoop-ozone/integration-test/target/test-dir/MiniOzoneClusterImpl-8e553afa-60cb-4a34-8c5d-9ccb1efc285c/datanode-4/data/ratis/ab80aac2-71f0-4096-900d-729eb5f5a5a9/current/raft-meta.conf (No such file or directory)
	at java.io.FileInputStream.open0(Native Method)
	at java.io.FileInputStream.open(FileInputStream.java:195)
	at java.io.FileInputStream.<init>(FileInputStream.java:138)
	at org.apache.ratis.server.storage.RaftStorageImpl.readRaftConfiguration(RaftStorageImpl.java:143)
	at org.apache.ratis.server.impl.ServerState.<init>(ServerState.java:113)
	at org.apache.ratis.server.impl.RaftServerImpl.<init>(RaftServerImpl.java:192)
	at org.apache.ratis.server.impl.RaftServerProxy.lambda$newRaftServerImpl$4(RaftServerProxy.java:266)
	at java.util.concurrent.CompletableFuture$AsyncSupply.run(CompletableFuture.java:1604)
	at java.util.concurrent.ThreadPoolExecutor.runWorker(ThreadPoolExecutor.java:1149)
	at java.util.concurrent.ThreadPoolExecutor$Worker.run(ThreadPoolExecutor.java:624)
	at java.lang.Thread.run(Thread.java:748)
2021-01-08 04:46:51,997 [pool-1976-thread-1] INFO  server.RaftServerConfigKeys (ConfUtils.java:logGet(44)) - raft.server.notification.no-leader.timeout = 300s (custom)
2021-01-08 04:46:51,997 [pool-1976-thread-1] INFO  server.RaftServerConfigKeys (ConfUtils.java:logGet(44)) - raft.server.log.use.memory = false (default)
2021-01-08 04:46:51,997 [pool-1976-thread-1] INFO  server.RaftServerConfigKeys (ConfUtils.java:logGet(44)) - raft.server.log.purge.gap = 1000000 (custom)
2021-01-08 04:46:51,997 [pool-1976-thread-1] INFO  server.RaftServerConfigKeys (ConfUtils.java:logGet(44)) - raft.server.log.appender.buffer.byte-limit = 33554432 (custom)
2021-01-08 04:46:51,997 [pool-1976-thread-1] INFO  metrics.RatisMetrics (RatisMetrics.java:lambda$create$0(36)) - Creating Metrics Registry : ratis.log_worker.c1649de0-22a9-4a2d-8f9f-08808ec0c035@group-729EB5F5A5A9
2021-01-08 04:46:51,997 [EventQueue-PipelineReportForOneReplicaPipelineSafeModeRule] INFO  safemode.SCMSafeModeManager (SCMSafeModeManager.java:validateSafeModeExitRules(214)) - AtleastOneDatanodeReportedRule rule is successfully validated
2021-01-08 04:46:51,998 [pool-1976-thread-1] INFO  server.RaftServerConfigKeys (ConfUtils.java:logGet(44)) - raft.server.log.segment.size.max = 1048576 (custom)
2021-01-08 04:46:51,999 [pool-1976-thread-1] INFO  server.RaftServerConfigKeys (ConfUtils.java:logGet(44)) - raft.server.log.segment.cache.num.max = 2 (custom)
2021-01-08 04:46:51,999 [pool-1976-thread-1] INFO  server.RaftServerConfigKeys (ConfUtils.java:logGet(44)) - raft.server.log.segment.cache.size.max = 200MB (=209715200) (default)
2021-01-08 04:46:51,999 [pool-1976-thread-1] INFO  segmented.SegmentedRaftLogWorker (SegmentedRaftLogWorker.java:<init>(181)) - new c1649de0-22a9-4a2d-8f9f-08808ec0c035@group-729EB5F5A5A9-SegmentedRaftLogWorker for RaftStorageImpl:Storage Directory /github/workspace/mnt/ozone/hadoop-ozone/integration-test/target/test-dir/MiniOzoneClusterImpl-8e553afa-60cb-4a34-8c5d-9ccb1efc285c/datanode-4/data/ratis/ab80aac2-71f0-4096-900d-729eb5f5a5a9
2021-01-08 04:46:51,999 [pool-1976-thread-1] INFO  server.RaftServerConfigKeys (ConfUtils.java:logGet(44)) - raft.server.log.queue.byte-limit = 2147483647 (custom)
2021-01-08 04:46:51,999 [pool-1976-thread-1] INFO  server.RaftServerConfigKeys (ConfUtils.java:logGet(44)) - raft.server.log.queue.element-limit = 1024 (custom)
2021-01-08 04:46:51,999 [pool-1976-thread-1] INFO  server.RaftServerConfigKeys (ConfUtils.java:logGet(44)) - raft.server.log.segment.size.max = 1048576 (custom)
2021-01-08 04:46:51,999 [pool-1976-thread-1] INFO  server.RaftServerConfigKeys (ConfUtils.java:logGet(44)) - raft.server.log.preallocated.size = 16384 (custom)
2021-01-08 04:46:51,999 [pool-1976-thread-1] INFO  server.RaftServerConfigKeys (ConfUtils.java:logGet(44)) - raft.server.log.force.sync.num = 128 (default)
2021-01-08 04:46:51,999 [pool-1976-thread-1] INFO  server.RaftServerConfigKeys (ConfUtils.java:logGet(44)) - raft.server.log.statemachine.data.sync = true (default)
2021-01-08 04:46:51,999 [pool-1976-thread-1] INFO  server.RaftServerConfigKeys (ConfUtils.java:logGet(44)) - raft.server.log.statemachine.data.sync.timeout = 10s (default)
2021-01-08 04:46:52,000 [pool-1976-thread-1] INFO  server.RaftServerConfigKeys (ConfUtils.java:logGet(44)) - raft.server.log.statemachine.data.sync.timeout.retry = -1 (default)
2021-01-08 04:46:52,002 [pool-1976-thread-1] INFO  server.RaftServerConfigKeys (ConfUtils.java:logGet(44)) - raft.server.log.write.buffer.size = 1048576 (custom)
2021-01-08 04:46:52,003 [pool-1976-thread-1] INFO  server.RaftServerConfigKeys (ConfUtils.java:logGet(44)) - raft.server.log.statemachine.data.caching.enabled = true (custom)
2021-01-08 04:46:52,003 [pool-1976-thread-1] INFO  segmented.SegmentedRaftLogWorker (SegmentedRaftLogWorker.java:lambda$new$0(132)) - c1649de0-22a9-4a2d-8f9f-08808ec0c035@group-729EB5F5A5A9-SegmentedRaftLogWorker: flushIndex: setUnconditionally 0 -> -1
2021-01-08 04:46:52,003 [pool-1976-thread-1] INFO  segmented.SegmentedRaftLogWorker (SegmentedRaftLogWorker.java:lambda$new$0(132)) - c1649de0-22a9-4a2d-8f9f-08808ec0c035@group-729EB5F5A5A9-SegmentedRaftLogWorker: safeCacheEvictIndex: setUnconditionally 0 -> -1
2021-01-08 04:46:52,003 [pool-1976-thread-1] INFO  server.RaftServerConfigKeys (ConfUtils.java:logGet(44)) - raft.server.snapshot.auto.trigger.enabled = true (custom)
2021-01-08 04:46:52,003 [pool-1976-thread-1] INFO  server.RaftServerConfigKeys (ConfUtils.java:logGet(44)) - raft.server.snapshot.auto.trigger.threshold = 10000 (custom)
2021-01-08 04:46:52,003 [pool-1976-thread-1] INFO  server.RaftServerConfigKeys (ConfUtils.java:logGet(44)) - raft.server.snapshot.retention.file.num = 5 (custom)
2021-01-08 04:46:52,003 [pool-1976-thread-1] INFO  server.RaftServerConfigKeys (ConfUtils.java:logGet(44)) - raft.server.log.purge.upto.snapshot.index = false (default)
2021-01-08 04:46:52,003 [pool-1976-thread-1] INFO  server.RaftServerConfigKeys (ConfUtils.java:logGet(44)) - raft.server.retrycache.expirytime = 600000ms (custom)
2021-01-08 04:46:52,003 [pool-1976-thread-1] INFO  server.RaftServerConfigKeys (ConfUtils.java:logGet(44)) - raft.server.retrycache.statistics.expirytime = 100?s (default)
2021-01-08 04:46:52,004 [pool-1976-thread-1] INFO  metrics.RatisMetrics (RatisMetrics.java:lambda$create$0(36)) - Creating Metrics Registry : ratis.leader_election.c1649de0-22a9-4a2d-8f9f-08808ec0c035@group-729EB5F5A5A9
2021-01-08 04:46:52,005 [pool-1976-thread-1] INFO  metrics.RatisMetrics (RatisMetrics.java:lambda$create$0(36)) - Creating Metrics Registry : ratis.server.c1649de0-22a9-4a2d-8f9f-08808ec0c035@group-729EB5F5A5A9
2021-01-08 04:46:52,007 [pool-1976-thread-1] INFO  server.RaftServer$Division (RaftServerImpl.java:start(294)) - c1649de0-22a9-4a2d-8f9f-08808ec0c035@group-729EB5F5A5A9: start as a follower, conf=-1: [7c042e84-4356-40d3-8d58-8573f50c8ed6|rpc:172.17.0.2:35077|dataStream:|priority:0, c1649de0-22a9-4a2d-8f9f-08808ec0c035|rpc:172.17.0.2:36837|dataStream:|priority:0, 689c23cd-66ac-4afb-b938-b7ca1102e3b6|rpc:172.17.0.2:43779|dataStream:|priority:0], old=null
2021-01-08 04:46:52,007 [pool-1976-thread-1] INFO  server.RaftServer$Division (RaftServerImpl.java:setRole(283)) - c1649de0-22a9-4a2d-8f9f-08808ec0c035@group-729EB5F5A5A9: changes role from      null to FOLLOWER at term 0 for startAsFollower
2021-01-08 04:46:52,007 [pool-1976-thread-1] INFO  impl.RoleInfo (RoleInfo.java:updateAndGet(130)) - c1649de0-22a9-4a2d-8f9f-08808ec0c035: start c1649de0-22a9-4a2d-8f9f-08808ec0c035@group-729EB5F5A5A9-FollowerState
2021-01-08 04:46:52,008 [pool-1976-thread-1] INFO  util.JmxRegister (JmxRegister.java:tryRegister(44)) - Successfully registered JMX Bean with object name Ratis:service=RaftServer,group=group-729EB5F5A5A9,id=c1649de0-22a9-4a2d-8f9f-08808ec0c035
2021-01-08 04:46:52,008 [pool-1976-thread-1] INFO  metrics.RatisMetrics (RatisMetrics.java:lambda$create$0(36)) - Creating Metrics Registry : ratis.state_machine.c1649de0-22a9-4a2d-8f9f-08808ec0c035@group-729EB5F5A5A9
2021-01-08 04:46:52,019 [Command processor thread] INFO  commandhandler.CreatePipelineCommandHandler (CreatePipelineCommandHandler.java:handle(106)) - Created Pipeline RATIS THREE PipelineID=ab80aac2-71f0-4096-900d-729eb5f5a5a9.
2021-01-08 04:46:52,025 [Command processor thread] INFO  server.RaftServer (RaftServerProxy.java:addNew(95)) - c1649de0-22a9-4a2d-8f9f-08808ec0c035: addNew group-80E7D1D024F0:[c1649de0-22a9-4a2d-8f9f-08808ec0c035|rpc:172.17.0.2:36837|priority:0] returns group-80E7D1D024F0:java.util.concurrent.CompletableFuture@27df921c[Not completed]
2021-01-08 04:46:52,026 [pool-1976-thread-1] INFO  server.RaftServer$Division (RaftServerImpl.java:<init>(179)) - c1649de0-22a9-4a2d-8f9f-08808ec0c035: new RaftServerImpl for group-80E7D1D024F0:[c1649de0-22a9-4a2d-8f9f-08808ec0c035|rpc:172.17.0.2:36837|priority:0] with ContainerStateMachine:uninitialized
2021-01-08 04:46:52,026 [pool-1976-thread-1] INFO  server.RaftServerConfigKeys (ConfUtils.java:logGet(44)) - raft.server.rpc.timeout.min = 5s (custom)
2021-01-08 04:46:52,026 [pool-1976-thread-1] INFO  server.RaftServerConfigKeys (ConfUtils.java:logGet(44)) - raft.server.rpc.timeout.max = 5200ms (custom)
2021-01-08 04:46:52,026 [pool-1976-thread-1] INFO  server.RaftServerConfigKeys (ConfUtils.java:logGet(44)) - raft.server.rpc.sleep.time = 25ms (default)
2021-01-08 04:46:52,026 [pool-1976-thread-1] INFO  server.RaftServerConfigKeys (ConfUtils.java:logGet(44)) - raft.server.rpc.slowness.timeout = 300s (custom)
2021-01-08 04:46:52,026 [pool-1976-thread-1] INFO  server.RaftServerConfigKeys (ConfUtils.java:logGet(44)) - raft.server.leaderelection.leader.step-down.wait-time = 10s (default)
2021-01-08 04:46:52,026 [pool-1976-thread-1] INFO  server.RaftServerConfigKeys (ConfUtils.java:logGet(44)) - raft.server.sleep.deviation.threshold = 300ms (default)
2021-01-08 04:46:52,027 [pool-1976-thread-1] INFO  server.RaftServerConfigKeys (ConfUtils.java:logGet(44)) - raft.server.log.appender.install.snapshot.enabled = false (custom)
2021-01-08 04:46:52,027 [pool-1976-thread-1] INFO  server.RaftServer$Division (ServerState.java:<init>(103)) - c1649de0-22a9-4a2d-8f9f-08808ec0c035@group-80E7D1D024F0: ConfigurationManager, init=-1: [c1649de0-22a9-4a2d-8f9f-08808ec0c035|rpc:172.17.0.2:36837|priority:0], old=null, confs=<EMPTY_MAP>
2021-01-08 04:46:52,027 [pool-1976-thread-1] INFO  server.RaftServerConfigKeys (ConfUtils.java:logGet(44)) - raft.server.storage.dir = [/github/workspace/mnt/ozone/hadoop-ozone/integration-test/target/test-dir/MiniOzoneClusterImpl-8e553afa-60cb-4a34-8c5d-9ccb1efc285c/datanode-4/data/ratis] (custom)
2021-01-08 04:46:52,027 [pool-1976-thread-1] INFO  server.RaftServerConfigKeys (ConfUtils.java:logGet(44)) - raft.server.log.corruption.policy = EXCEPTION (default)
2021-01-08 04:46:52,027 [pool-1976-thread-1] INFO  storage.RaftStorageDirectory (RaftStorageDirectoryImpl.java:analyzeStorage(132)) - The storage directory /github/workspace/mnt/ozone/hadoop-ozone/integration-test/target/test-dir/MiniOzoneClusterImpl-8e553afa-60cb-4a34-8c5d-9ccb1efc285c/datanode-4/data/ratis/36c0d7f8-04c4-46f7-b093-80e7d1d024f0 does not exist. Creating ...
2021-01-08 04:46:52,028 [pool-1976-thread-1] INFO  storage.RaftStorageDirectory (RaftStorageDirectoryImpl.java:tryLock(215)) - Lock on /github/workspace/mnt/ozone/hadoop-ozone/integration-test/target/test-dir/MiniOzoneClusterImpl-8e553afa-60cb-4a34-8c5d-9ccb1efc285c/datanode-4/data/ratis/36c0d7f8-04c4-46f7-b093-80e7d1d024f0/in_use.lock acquired by nodename 7486@36857d2baa53
2021-01-08 04:46:52,029 [pool-1976-thread-1] INFO  storage.RaftStorage (RaftStorageImpl.java:format(87)) - Storage directory /github/workspace/mnt/ozone/hadoop-ozone/integration-test/target/test-dir/MiniOzoneClusterImpl-8e553afa-60cb-4a34-8c5d-9ccb1efc285c/datanode-4/data/ratis/36c0d7f8-04c4-46f7-b093-80e7d1d024f0 has been successfully formatted.
2021-01-08 04:46:52,029 [pool-1976-thread-1] INFO  ratis.ContainerStateMachine (ContainerStateMachine.java:loadSnapshot(223)) - group-80E7D1D024F0: The snapshot info is null. Setting the last applied indexto:(t:0, i:~)
2021-01-08 04:46:52,029 [pool-1976-thread-1] ERROR storage.RaftStorage (RaftStorageImpl.java:readRaftConfiguration(147)) - Failed reading configuration from file:/github/workspace/mnt/ozone/hadoop-ozone/integration-test/target/test-dir/MiniOzoneClusterImpl-8e553afa-60cb-4a34-8c5d-9ccb1efc285c/datanode-4/data/ratis/36c0d7f8-04c4-46f7-b093-80e7d1d024f0/current/raft-meta.conf
java.io.FileNotFoundException: /github/workspace/mnt/ozone/hadoop-ozone/integration-test/target/test-dir/MiniOzoneClusterImpl-8e553afa-60cb-4a34-8c5d-9ccb1efc285c/datanode-4/data/ratis/36c0d7f8-04c4-46f7-b093-80e7d1d024f0/current/raft-meta.conf (No such file or directory)
	at java.io.FileInputStream.open0(Native Method)
	at java.io.FileInputStream.open(FileInputStream.java:195)
	at java.io.FileInputStream.<init>(FileInputStream.java:138)
	at org.apache.ratis.server.storage.RaftStorageImpl.readRaftConfiguration(RaftStorageImpl.java:143)
	at org.apache.ratis.server.impl.ServerState.<init>(ServerState.java:113)
	at org.apache.ratis.server.impl.RaftServerImpl.<init>(RaftServerImpl.java:192)
	at org.apache.ratis.server.impl.RaftServerProxy.lambda$newRaftServerImpl$4(RaftServerProxy.java:266)
	at java.util.concurrent.CompletableFuture$AsyncSupply.run(CompletableFuture.java:1604)
	at java.util.concurrent.ThreadPoolExecutor.runWorker(ThreadPoolExecutor.java:1149)
	at java.util.concurrent.ThreadPoolExecutor$Worker.run(ThreadPoolExecutor.java:624)
	at java.lang.Thread.run(Thread.java:748)
2021-01-08 04:46:52,030 [pool-1976-thread-1] INFO  server.RaftServerConfigKeys (ConfUtils.java:logGet(44)) - raft.server.notification.no-leader.timeout = 300s (custom)
2021-01-08 04:46:52,030 [pool-1976-thread-1] INFO  server.RaftServerConfigKeys (ConfUtils.java:logGet(44)) - raft.server.log.use.memory = false (default)
2021-01-08 04:46:52,030 [EventQueue-PipelineReportForPipelineReportHandler] INFO  pipeline.PipelineStateManager (PipelineStateManager.java:openPipeline(132)) - Pipeline Pipeline[ Id: 36c0d7f8-04c4-46f7-b093-80e7d1d024f0, Nodes: c1649de0-22a9-4a2d-8f9f-08808ec0c035{ip: 172.17.0.2, host: 36857d2baa53, networkLocation: /default-rack, certSerialId: null, persistedOpState: IN_SERVICE, persistedOpStateExpiryEpochSec: 0}, Type:RATIS, Factor:ONE, State:ALLOCATED, leaderId:c1649de0-22a9-4a2d-8f9f-08808ec0c035, CreationTimestamp2021-01-08T04:46:49.027Z] moved to OPEN state
2021-01-08 04:46:52,030 [EventQueue-PipelineReportForOneReplicaPipelineSafeModeRule] INFO  safemode.SCMSafeModeManager (SCMSafeModeManager.java:validateSafeModeExitRules(214)) - AtleastOneDatanodeReportedRule rule is successfully validated
2021-01-08 04:46:52,031 [EventQueue-OpenPipelineForHealthyPipelineSafeModeRule] INFO  safemode.SCMSafeModeManager (HealthyPipelineSafeModeRule.java:process(128)) - SCM in safe mode. Healthy pipelines reported count is 0, required healthy pipeline reported count is 1
2021-01-08 04:46:52,031 [pool-1976-thread-1] INFO  server.RaftServerConfigKeys (ConfUtils.java:logGet(44)) - raft.server.log.purge.gap = 1000000 (custom)
2021-01-08 04:46:52,031 [pool-1976-thread-1] INFO  server.RaftServerConfigKeys (ConfUtils.java:logGet(44)) - raft.server.log.appender.buffer.byte-limit = 33554432 (custom)
2021-01-08 04:46:52,031 [pool-1976-thread-1] INFO  metrics.RatisMetrics (RatisMetrics.java:lambda$create$0(36)) - Creating Metrics Registry : ratis.log_worker.c1649de0-22a9-4a2d-8f9f-08808ec0c035@group-80E7D1D024F0
2021-01-08 04:46:52,031 [pool-1976-thread-1] INFO  server.RaftServerConfigKeys (ConfUtils.java:logGet(44)) - raft.server.log.segment.size.max = 1048576 (custom)
2021-01-08 04:46:52,032 [pool-1976-thread-1] INFO  server.RaftServerConfigKeys (ConfUtils.java:logGet(44)) - raft.server.log.segment.cache.num.max = 2 (custom)
2021-01-08 04:46:52,032 [pool-1976-thread-1] INFO  server.RaftServerConfigKeys (ConfUtils.java:logGet(44)) - raft.server.log.segment.cache.size.max = 200MB (=209715200) (default)
2021-01-08 04:46:52,033 [pool-1976-thread-1] INFO  segmented.SegmentedRaftLogWorker (SegmentedRaftLogWorker.java:<init>(181)) - new c1649de0-22a9-4a2d-8f9f-08808ec0c035@group-80E7D1D024F0-SegmentedRaftLogWorker for RaftStorageImpl:Storage Directory /github/workspace/mnt/ozone/hadoop-ozone/integration-test/target/test-dir/MiniOzoneClusterImpl-8e553afa-60cb-4a34-8c5d-9ccb1efc285c/datanode-4/data/ratis/36c0d7f8-04c4-46f7-b093-80e7d1d024f0
2021-01-08 04:46:52,033 [pool-1976-thread-1] INFO  server.RaftServerConfigKeys (ConfUtils.java:logGet(44)) - raft.server.log.queue.byte-limit = 2147483647 (custom)
2021-01-08 04:46:52,033 [pool-1976-thread-1] INFO  server.RaftServerConfigKeys (ConfUtils.java:logGet(44)) - raft.server.log.queue.element-limit = 1024 (custom)
2021-01-08 04:46:52,033 [pool-1976-thread-1] INFO  server.RaftServerConfigKeys (ConfUtils.java:logGet(44)) - raft.server.log.segment.size.max = 1048576 (custom)
2021-01-08 04:46:52,033 [pool-1976-thread-1] INFO  server.RaftServerConfigKeys (ConfUtils.java:logGet(44)) - raft.server.log.preallocated.size = 16384 (custom)
2021-01-08 04:46:52,033 [pool-1976-thread-1] INFO  server.RaftServerConfigKeys (ConfUtils.java:logGet(44)) - raft.server.log.force.sync.num = 128 (default)
2021-01-08 04:46:52,033 [pool-1976-thread-1] INFO  server.RaftServerConfigKeys (ConfUtils.java:logGet(44)) - raft.server.log.statemachine.data.sync = true (default)
2021-01-08 04:46:52,033 [pool-1976-thread-1] INFO  server.RaftServerConfigKeys (ConfUtils.java:logGet(44)) - raft.server.log.statemachine.data.sync.timeout = 10s (default)
2021-01-08 04:46:52,033 [pool-1976-thread-1] INFO  server.RaftServerConfigKeys (ConfUtils.java:logGet(44)) - raft.server.log.statemachine.data.sync.timeout.retry = -1 (default)
2021-01-08 04:46:52,036 [pool-1976-thread-1] INFO  server.RaftServerConfigKeys (ConfUtils.java:logGet(44)) - raft.server.log.write.buffer.size = 1048576 (custom)
2021-01-08 04:46:52,036 [pool-1976-thread-1] INFO  server.RaftServerConfigKeys (ConfUtils.java:logGet(44)) - raft.server.log.statemachine.data.caching.enabled = true (custom)
2021-01-08 04:46:52,036 [pool-1976-thread-1] INFO  segmented.SegmentedRaftLogWorker (SegmentedRaftLogWorker.java:lambda$new$0(132)) - c1649de0-22a9-4a2d-8f9f-08808ec0c035@group-80E7D1D024F0-SegmentedRaftLogWorker: flushIndex: setUnconditionally 0 -> -1
2021-01-08 04:46:52,036 [pool-1976-thread-1] INFO  segmented.SegmentedRaftLogWorker (SegmentedRaftLogWorker.java:lambda$new$0(132)) - c1649de0-22a9-4a2d-8f9f-08808ec0c035@group-80E7D1D024F0-SegmentedRaftLogWorker: safeCacheEvictIndex: setUnconditionally 0 -> -1
2021-01-08 04:46:52,037 [pool-1976-thread-1] INFO  server.RaftServerConfigKeys (ConfUtils.java:logGet(44)) - raft.server.snapshot.auto.trigger.enabled = true (custom)
2021-01-08 04:46:52,037 [pool-1976-thread-1] INFO  server.RaftServerConfigKeys (ConfUtils.java:logGet(44)) - raft.server.snapshot.auto.trigger.threshold = 10000 (custom)
2021-01-08 04:46:52,037 [pool-1976-thread-1] INFO  server.RaftServerConfigKeys (ConfUtils.java:logGet(44)) - raft.server.snapshot.retention.file.num = 5 (custom)
2021-01-08 04:46:52,037 [pool-1976-thread-1] INFO  server.RaftServerConfigKeys (ConfUtils.java:logGet(44)) - raft.server.log.purge.upto.snapshot.index = false (default)
2021-01-08 04:46:52,037 [pool-1976-thread-1] INFO  server.RaftServerConfigKeys (ConfUtils.java:logGet(44)) - raft.server.retrycache.expirytime = 600000ms (custom)
2021-01-08 04:46:52,037 [pool-1976-thread-1] INFO  server.RaftServerConfigKeys (ConfUtils.java:logGet(44)) - raft.server.retrycache.statistics.expirytime = 100?s (default)
2021-01-08 04:46:52,037 [pool-1976-thread-1] INFO  metrics.RatisMetrics (RatisMetrics.java:lambda$create$0(36)) - Creating Metrics Registry : ratis.leader_election.c1649de0-22a9-4a2d-8f9f-08808ec0c035@group-80E7D1D024F0
2021-01-08 04:46:52,038 [pool-1976-thread-1] INFO  metrics.RatisMetrics (RatisMetrics.java:lambda$create$0(36)) - Creating Metrics Registry : ratis.server.c1649de0-22a9-4a2d-8f9f-08808ec0c035@group-80E7D1D024F0
2021-01-08 04:46:52,041 [pool-1976-thread-1] INFO  server.RaftServer$Division (RaftServerImpl.java:start(294)) - c1649de0-22a9-4a2d-8f9f-08808ec0c035@group-80E7D1D024F0: start as a follower, conf=-1: [c1649de0-22a9-4a2d-8f9f-08808ec0c035|rpc:172.17.0.2:36837|priority:0], old=null
2021-01-08 04:46:52,041 [pool-1976-thread-1] INFO  server.RaftServer$Division (RaftServerImpl.java:setRole(283)) - c1649de0-22a9-4a2d-8f9f-08808ec0c035@group-80E7D1D024F0: changes role from      null to FOLLOWER at term 0 for startAsFollower
2021-01-08 04:46:52,041 [pool-1976-thread-1] INFO  impl.RoleInfo (RoleInfo.java:updateAndGet(130)) - c1649de0-22a9-4a2d-8f9f-08808ec0c035: start c1649de0-22a9-4a2d-8f9f-08808ec0c035@group-80E7D1D024F0-FollowerState
2021-01-08 04:46:52,041 [pool-1976-thread-1] INFO  util.JmxRegister (JmxRegister.java:tryRegister(44)) - Successfully registered JMX Bean with object name Ratis:service=RaftServer,group=group-80E7D1D024F0,id=c1649de0-22a9-4a2d-8f9f-08808ec0c035
2021-01-08 04:46:52,041 [pool-1976-thread-1] INFO  metrics.RatisMetrics (RatisMetrics.java:lambda$create$0(36)) - Creating Metrics Registry : ratis.state_machine.c1649de0-22a9-4a2d-8f9f-08808ec0c035@group-80E7D1D024F0
2021-01-08 04:46:52,043 [Command processor thread] INFO  commandhandler.CreatePipelineCommandHandler (CreatePipelineCommandHandler.java:handle(106)) - Created Pipeline RATIS ONE PipelineID=36c0d7f8-04c4-46f7-b093-80e7d1d024f0.
2021-01-08 04:46:52,225 [EventQueue-OpenPipelineForHealthyPipelineSafeModeRule] INFO  safemode.SCMSafeModeManager (HealthyPipelineSafeModeRule.java:process(128)) - SCM in safe mode. Healthy pipelines reported count is 0, required healthy pipeline reported count is 1
2021-01-08 04:46:52,225 [EventQueue-PipelineReportForOneReplicaPipelineSafeModeRule] INFO  safemode.SCMSafeModeManager (SCMSafeModeManager.java:validateSafeModeExitRules(214)) - AtleastOneDatanodeReportedRule rule is successfully validated
2021-01-08 04:46:52,228 [Command processor thread] INFO  server.RaftServer (RaftServerProxy.java:addNew(95)) - 689c23cd-66ac-4afb-b938-b7ca1102e3b6: addNew group-0C6720DD0921:[689c23cd-66ac-4afb-b938-b7ca1102e3b6|rpc:172.17.0.2:43779|priority:0] returns group-0C6720DD0921:java.util.concurrent.CompletableFuture@4cec8932[Not completed]
2021-01-08 04:46:52,228 [pool-1992-thread-1] INFO  server.RaftServer$Division (RaftServerImpl.java:<init>(179)) - 689c23cd-66ac-4afb-b938-b7ca1102e3b6: new RaftServerImpl for group-0C6720DD0921:[689c23cd-66ac-4afb-b938-b7ca1102e3b6|rpc:172.17.0.2:43779|priority:0] with ContainerStateMachine:uninitialized
2021-01-08 04:46:52,229 [pool-1992-thread-1] INFO  server.RaftServerConfigKeys (ConfUtils.java:logGet(44)) - raft.server.rpc.timeout.min = 5s (custom)
2021-01-08 04:46:52,229 [pool-1992-thread-1] INFO  server.RaftServerConfigKeys (ConfUtils.java:logGet(44)) - raft.server.rpc.timeout.max = 5200ms (custom)
2021-01-08 04:46:52,229 [pool-1992-thread-1] INFO  server.RaftServerConfigKeys (ConfUtils.java:logGet(44)) - raft.server.rpc.sleep.time = 25ms (default)
2021-01-08 04:46:52,229 [pool-1992-thread-1] INFO  server.RaftServerConfigKeys (ConfUtils.java:logGet(44)) - raft.server.rpc.slowness.timeout = 300s (custom)
2021-01-08 04:46:52,229 [pool-1992-thread-1] INFO  server.RaftServerConfigKeys (ConfUtils.java:logGet(44)) - raft.server.leaderelection.leader.step-down.wait-time = 10s (default)
2021-01-08 04:46:52,229 [pool-1992-thread-1] INFO  server.RaftServerConfigKeys (ConfUtils.java:logGet(44)) - raft.server.sleep.deviation.threshold = 300ms (default)
2021-01-08 04:46:52,229 [pool-1992-thread-1] INFO  server.RaftServerConfigKeys (ConfUtils.java:logGet(44)) - raft.server.log.appender.install.snapshot.enabled = false (custom)
2021-01-08 04:46:52,229 [pool-1992-thread-1] INFO  server.RaftServer$Division (ServerState.java:<init>(103)) - 689c23cd-66ac-4afb-b938-b7ca1102e3b6@group-0C6720DD0921: ConfigurationManager, init=-1: [689c23cd-66ac-4afb-b938-b7ca1102e3b6|rpc:172.17.0.2:43779|priority:0], old=null, confs=<EMPTY_MAP>
2021-01-08 04:46:52,229 [pool-1992-thread-1] INFO  server.RaftServerConfigKeys (ConfUtils.java:logGet(44)) - raft.server.storage.dir = [/github/workspace/mnt/ozone/hadoop-ozone/integration-test/target/test-dir/MiniOzoneClusterImpl-8e553afa-60cb-4a34-8c5d-9ccb1efc285c/datanode-5/data/ratis] (custom)
2021-01-08 04:46:52,229 [pool-1992-thread-1] INFO  server.RaftServerConfigKeys (ConfUtils.java:logGet(44)) - raft.server.log.corruption.policy = EXCEPTION (default)
2021-01-08 04:46:52,230 [pool-1992-thread-1] INFO  storage.RaftStorageDirectory (RaftStorageDirectoryImpl.java:analyzeStorage(132)) - The storage directory /github/workspace/mnt/ozone/hadoop-ozone/integration-test/target/test-dir/MiniOzoneClusterImpl-8e553afa-60cb-4a34-8c5d-9ccb1efc285c/datanode-5/data/ratis/0c6fd33d-8443-43ed-8b67-0c6720dd0921 does not exist. Creating ...
2021-01-08 04:46:52,230 [Listener at 127.0.0.1/45829] INFO  ozone.MiniOzoneClusterImpl (MiniOzoneClusterImpl.java:lambda$waitForClusterToBeReady$0(179)) - Nodes are ready. Got 6 of 6 DN Heartbeats.
2021-01-08 04:46:52,230 [Listener at 127.0.0.1/45829] INFO  ozone.MiniOzoneClusterImpl (MiniOzoneClusterImpl.java:lambda$waitForClusterToBeReady$0(182)) - Waiting for cluster to exit safe mode
2021-01-08 04:46:52,231 [pool-1992-thread-1] INFO  storage.RaftStorageDirectory (RaftStorageDirectoryImpl.java:tryLock(215)) - Lock on /github/workspace/mnt/ozone/hadoop-ozone/integration-test/target/test-dir/MiniOzoneClusterImpl-8e553afa-60cb-4a34-8c5d-9ccb1efc285c/datanode-5/data/ratis/0c6fd33d-8443-43ed-8b67-0c6720dd0921/in_use.lock acquired by nodename 7486@36857d2baa53
2021-01-08 04:46:52,232 [pool-1992-thread-1] INFO  storage.RaftStorage (RaftStorageImpl.java:format(87)) - Storage directory /github/workspace/mnt/ozone/hadoop-ozone/integration-test/target/test-dir/MiniOzoneClusterImpl-8e553afa-60cb-4a34-8c5d-9ccb1efc285c/datanode-5/data/ratis/0c6fd33d-8443-43ed-8b67-0c6720dd0921 has been successfully formatted.
2021-01-08 04:46:52,232 [pool-1992-thread-1] INFO  ratis.ContainerStateMachine (ContainerStateMachine.java:loadSnapshot(223)) - group-0C6720DD0921: The snapshot info is null. Setting the last applied indexto:(t:0, i:~)
2021-01-08 04:46:52,233 [pool-1992-thread-1] ERROR storage.RaftStorage (RaftStorageImpl.java:readRaftConfiguration(147)) - Failed reading configuration from file:/github/workspace/mnt/ozone/hadoop-ozone/integration-test/target/test-dir/MiniOzoneClusterImpl-8e553afa-60cb-4a34-8c5d-9ccb1efc285c/datanode-5/data/ratis/0c6fd33d-8443-43ed-8b67-0c6720dd0921/current/raft-meta.conf
java.io.FileNotFoundException: /github/workspace/mnt/ozone/hadoop-ozone/integration-test/target/test-dir/MiniOzoneClusterImpl-8e553afa-60cb-4a34-8c5d-9ccb1efc285c/datanode-5/data/ratis/0c6fd33d-8443-43ed-8b67-0c6720dd0921/current/raft-meta.conf (No such file or directory)
	at java.io.FileInputStream.open0(Native Method)
	at java.io.FileInputStream.open(FileInputStream.java:195)
	at java.io.FileInputStream.<init>(FileInputStream.java:138)
	at org.apache.ratis.server.storage.RaftStorageImpl.readRaftConfiguration(RaftStorageImpl.java:143)
	at org.apache.ratis.server.impl.ServerState.<init>(ServerState.java:113)
	at org.apache.ratis.server.impl.RaftServerImpl.<init>(RaftServerImpl.java:192)
	at org.apache.ratis.server.impl.RaftServerProxy.lambda$newRaftServerImpl$4(RaftServerProxy.java:266)
	at java.util.concurrent.CompletableFuture$AsyncSupply.run(CompletableFuture.java:1604)
	at java.util.concurrent.ThreadPoolExecutor.runWorker(ThreadPoolExecutor.java:1149)
	at java.util.concurrent.ThreadPoolExecutor$Worker.run(ThreadPoolExecutor.java:624)
	at java.lang.Thread.run(Thread.java:748)
2021-01-08 04:46:52,233 [EventQueue-PipelineReportForPipelineReportHandler] INFO  pipeline.PipelineStateManager (PipelineStateManager.java:openPipeline(132)) - Pipeline Pipeline[ Id: 0c6fd33d-8443-43ed-8b67-0c6720dd0921, Nodes: 689c23cd-66ac-4afb-b938-b7ca1102e3b6{ip: 172.17.0.2, host: 36857d2baa53, networkLocation: /default-rack, certSerialId: null, persistedOpState: IN_SERVICE, persistedOpStateExpiryEpochSec: 0}, Type:RATIS, Factor:ONE, State:ALLOCATED, leaderId:689c23cd-66ac-4afb-b938-b7ca1102e3b6, CreationTimestamp2021-01-08T04:46:49.228Z] moved to OPEN state
2021-01-08 04:46:52,233 [EventQueue-PipelineReportForOneReplicaPipelineSafeModeRule] INFO  safemode.SCMSafeModeManager (SCMSafeModeManager.java:validateSafeModeExitRules(214)) - AtleastOneDatanodeReportedRule rule is successfully validated
2021-01-08 04:46:52,234 [EventQueue-OpenPipelineForHealthyPipelineSafeModeRule] INFO  safemode.SCMSafeModeManager (HealthyPipelineSafeModeRule.java:process(128)) - SCM in safe mode. Healthy pipelines reported count is 0, required healthy pipeline reported count is 1
2021-01-08 04:46:52,234 [pool-1992-thread-1] INFO  server.RaftServerConfigKeys (ConfUtils.java:logGet(44)) - raft.server.notification.no-leader.timeout = 300s (custom)
2021-01-08 04:46:52,234 [pool-1992-thread-1] INFO  server.RaftServerConfigKeys (ConfUtils.java:logGet(44)) - raft.server.log.use.memory = false (default)
2021-01-08 04:46:52,234 [pool-1992-thread-1] INFO  server.RaftServerConfigKeys (ConfUtils.java:logGet(44)) - raft.server.log.purge.gap = 1000000 (custom)
2021-01-08 04:46:52,234 [pool-1992-thread-1] INFO  server.RaftServerConfigKeys (ConfUtils.java:logGet(44)) - raft.server.log.appender.buffer.byte-limit = 33554432 (custom)
2021-01-08 04:46:52,235 [pool-1992-thread-1] INFO  metrics.RatisMetrics (RatisMetrics.java:lambda$create$0(36)) - Creating Metrics Registry : ratis.log_worker.689c23cd-66ac-4afb-b938-b7ca1102e3b6@group-0C6720DD0921
2021-01-08 04:46:52,235 [pool-1992-thread-1] INFO  server.RaftServerConfigKeys (ConfUtils.java:logGet(44)) - raft.server.log.segment.size.max = 1048576 (custom)
2021-01-08 04:46:52,236 [pool-1992-thread-1] INFO  server.RaftServerConfigKeys (ConfUtils.java:logGet(44)) - raft.server.log.segment.cache.num.max = 2 (custom)
2021-01-08 04:46:52,236 [pool-1992-thread-1] INFO  server.RaftServerConfigKeys (ConfUtils.java:logGet(44)) - raft.server.log.segment.cache.size.max = 200MB (=209715200) (default)
2021-01-08 04:46:52,237 [pool-1992-thread-1] INFO  segmented.SegmentedRaftLogWorker (SegmentedRaftLogWorker.java:<init>(181)) - new 689c23cd-66ac-4afb-b938-b7ca1102e3b6@group-0C6720DD0921-SegmentedRaftLogWorker for RaftStorageImpl:Storage Directory /github/workspace/mnt/ozone/hadoop-ozone/integration-test/target/test-dir/MiniOzoneClusterImpl-8e553afa-60cb-4a34-8c5d-9ccb1efc285c/datanode-5/data/ratis/0c6fd33d-8443-43ed-8b67-0c6720dd0921
2021-01-08 04:46:52,237 [pool-1992-thread-1] INFO  server.RaftServerConfigKeys (ConfUtils.java:logGet(44)) - raft.server.log.queue.byte-limit = 2147483647 (custom)
2021-01-08 04:46:52,237 [pool-1992-thread-1] INFO  server.RaftServerConfigKeys (ConfUtils.java:logGet(44)) - raft.server.log.queue.element-limit = 1024 (custom)
2021-01-08 04:46:52,237 [pool-1992-thread-1] INFO  server.RaftServerConfigKeys (ConfUtils.java:logGet(44)) - raft.server.log.segment.size.max = 1048576 (custom)
2021-01-08 04:46:52,237 [pool-1992-thread-1] INFO  server.RaftServerConfigKeys (ConfUtils.java:logGet(44)) - raft.server.log.preallocated.size = 16384 (custom)
2021-01-08 04:46:52,237 [pool-1992-thread-1] INFO  server.RaftServerConfigKeys (ConfUtils.java:logGet(44)) - raft.server.log.force.sync.num = 128 (default)
2021-01-08 04:46:52,237 [pool-1992-thread-1] INFO  server.RaftServerConfigKeys (ConfUtils.java:logGet(44)) - raft.server.log.statemachine.data.sync = true (default)
2021-01-08 04:46:52,237 [pool-1992-thread-1] INFO  server.RaftServerConfigKeys (ConfUtils.java:logGet(44)) - raft.server.log.statemachine.data.sync.timeout = 10s (default)
2021-01-08 04:46:52,238 [pool-1992-thread-1] INFO  server.RaftServerConfigKeys (ConfUtils.java:logGet(44)) - raft.server.log.statemachine.data.sync.timeout.retry = -1 (default)
2021-01-08 04:46:52,241 [pool-1992-thread-1] INFO  server.RaftServerConfigKeys (ConfUtils.java:logGet(44)) - raft.server.log.write.buffer.size = 1048576 (custom)
2021-01-08 04:46:52,241 [pool-1992-thread-1] INFO  server.RaftServerConfigKeys (ConfUtils.java:logGet(44)) - raft.server.log.statemachine.data.caching.enabled = true (custom)
2021-01-08 04:46:52,242 [pool-1992-thread-1] INFO  segmented.SegmentedRaftLogWorker (SegmentedRaftLogWorker.java:lambda$new$0(132)) - 689c23cd-66ac-4afb-b938-b7ca1102e3b6@group-0C6720DD0921-SegmentedRaftLogWorker: flushIndex: setUnconditionally 0 -> -1
2021-01-08 04:46:52,242 [pool-1992-thread-1] INFO  segmented.SegmentedRaftLogWorker (SegmentedRaftLogWorker.java:lambda$new$0(132)) - 689c23cd-66ac-4afb-b938-b7ca1102e3b6@group-0C6720DD0921-SegmentedRaftLogWorker: safeCacheEvictIndex: setUnconditionally 0 -> -1
2021-01-08 04:46:52,242 [pool-1992-thread-1] INFO  server.RaftServerConfigKeys (ConfUtils.java:logGet(44)) - raft.server.snapshot.auto.trigger.enabled = true (custom)
2021-01-08 04:46:52,242 [pool-1992-thread-1] INFO  server.RaftServerConfigKeys (ConfUtils.java:logGet(44)) - raft.server.snapshot.auto.trigger.threshold = 10000 (custom)
2021-01-08 04:46:52,242 [pool-1992-thread-1] INFO  server.RaftServerConfigKeys (ConfUtils.java:logGet(44)) - raft.server.snapshot.retention.file.num = 5 (custom)
2021-01-08 04:46:52,242 [pool-1992-thread-1] INFO  server.RaftServerConfigKeys (ConfUtils.java:logGet(44)) - raft.server.log.purge.upto.snapshot.index = false (default)
2021-01-08 04:46:52,242 [pool-1992-thread-1] INFO  server.RaftServerConfigKeys (ConfUtils.java:logGet(44)) - raft.server.retrycache.expirytime = 600000ms (custom)
2021-01-08 04:46:52,242 [pool-1992-thread-1] INFO  server.RaftServerConfigKeys (ConfUtils.java:logGet(44)) - raft.server.retrycache.statistics.expirytime = 100?s (default)
2021-01-08 04:46:52,243 [pool-1992-thread-1] INFO  metrics.RatisMetrics (RatisMetrics.java:lambda$create$0(36)) - Creating Metrics Registry : ratis.leader_election.689c23cd-66ac-4afb-b938-b7ca1102e3b6@group-0C6720DD0921
2021-01-08 04:46:52,244 [pool-1992-thread-1] INFO  metrics.RatisMetrics (RatisMetrics.java:lambda$create$0(36)) - Creating Metrics Registry : ratis.server.689c23cd-66ac-4afb-b938-b7ca1102e3b6@group-0C6720DD0921
2021-01-08 04:46:52,246 [pool-1992-thread-1] INFO  server.RaftServer$Division (RaftServerImpl.java:start(294)) - 689c23cd-66ac-4afb-b938-b7ca1102e3b6@group-0C6720DD0921: start as a follower, conf=-1: [689c23cd-66ac-4afb-b938-b7ca1102e3b6|rpc:172.17.0.2:43779|priority:0], old=null
2021-01-08 04:46:52,246 [pool-1992-thread-1] INFO  server.RaftServer$Division (RaftServerImpl.java:setRole(283)) - 689c23cd-66ac-4afb-b938-b7ca1102e3b6@group-0C6720DD0921: changes role from      null to FOLLOWER at term 0 for startAsFollower
2021-01-08 04:46:52,246 [pool-1992-thread-1] INFO  impl.RoleInfo (RoleInfo.java:updateAndGet(130)) - 689c23cd-66ac-4afb-b938-b7ca1102e3b6: start 689c23cd-66ac-4afb-b938-b7ca1102e3b6@group-0C6720DD0921-FollowerState
2021-01-08 04:46:52,251 [pool-1992-thread-1] INFO  util.JmxRegister (JmxRegister.java:tryRegister(44)) - Successfully registered JMX Bean with object name Ratis:service=RaftServer,group=group-0C6720DD0921,id=689c23cd-66ac-4afb-b938-b7ca1102e3b6
2021-01-08 04:46:52,251 [pool-1992-thread-1] INFO  metrics.RatisMetrics (RatisMetrics.java:lambda$create$0(36)) - Creating Metrics Registry : ratis.state_machine.689c23cd-66ac-4afb-b938-b7ca1102e3b6@group-0C6720DD0921
2021-01-08 04:46:52,252 [Command processor thread] INFO  commandhandler.CreatePipelineCommandHandler (CreatePipelineCommandHandler.java:handle(106)) - Created Pipeline RATIS ONE PipelineID=0c6fd33d-8443-43ed-8b67-0c6720dd0921.
2021-01-08 04:46:52,391 [EventQueue-PipelineReportForOneReplicaPipelineSafeModeRule] INFO  safemode.SCMSafeModeManager (SCMSafeModeManager.java:validateSafeModeExitRules(214)) - AtleastOneDatanodeReportedRule rule is successfully validated
2021-01-08 04:46:52,391 [EventQueue-OpenPipelineForHealthyPipelineSafeModeRule] INFO  safemode.SCMSafeModeManager (HealthyPipelineSafeModeRule.java:process(128)) - SCM in safe mode. Healthy pipelines reported count is 0, required healthy pipeline reported count is 1
2021-01-08 04:46:52,607 [EventQueue-PipelineReportForOneReplicaPipelineSafeModeRule] INFO  safemode.SCMSafeModeManager (SCMSafeModeManager.java:validateSafeModeExitRules(214)) - AtleastOneDatanodeReportedRule rule is successfully validated
2021-01-08 04:46:52,607 [EventQueue-OpenPipelineForHealthyPipelineSafeModeRule] INFO  safemode.SCMSafeModeManager (HealthyPipelineSafeModeRule.java:process(128)) - SCM in safe mode. Healthy pipelines reported count is 0, required healthy pipeline reported count is 1
2021-01-08 04:46:52,927 [EventQueue-PipelineReportForOneReplicaPipelineSafeModeRule] INFO  safemode.SCMSafeModeManager (SCMSafeModeManager.java:validateSafeModeExitRules(214)) - AtleastOneDatanodeReportedRule rule is successfully validated
2021-01-08 04:46:52,927 [EventQueue-OpenPipelineForHealthyPipelineSafeModeRule] INFO  safemode.SCMSafeModeManager (HealthyPipelineSafeModeRule.java:process(128)) - SCM in safe mode. Healthy pipelines reported count is 0, required healthy pipeline reported count is 1
2021-01-08 04:46:53,030 [EventQueue-PipelineReportForOneReplicaPipelineSafeModeRule] INFO  safemode.SCMSafeModeManager (SCMSafeModeManager.java:validateSafeModeExitRules(214)) - AtleastOneDatanodeReportedRule rule is successfully validated
2021-01-08 04:46:53,030 [EventQueue-OpenPipelineForHealthyPipelineSafeModeRule] INFO  safemode.SCMSafeModeManager (HealthyPipelineSafeModeRule.java:process(128)) - SCM in safe mode. Healthy pipelines reported count is 0, required healthy pipeline reported count is 1
2021-01-08 04:46:53,225 [EventQueue-PipelineReportForOneReplicaPipelineSafeModeRule] INFO  safemode.SCMSafeModeManager (SCMSafeModeManager.java:validateSafeModeExitRules(214)) - AtleastOneDatanodeReportedRule rule is successfully validated
2021-01-08 04:46:53,225 [EventQueue-OpenPipelineForHealthyPipelineSafeModeRule] INFO  safemode.SCMSafeModeManager (HealthyPipelineSafeModeRule.java:process(128)) - SCM in safe mode. Healthy pipelines reported count is 0, required healthy pipeline reported count is 1
2021-01-08 04:46:53,230 [Listener at 127.0.0.1/45829] INFO  ozone.MiniOzoneClusterImpl (MiniOzoneClusterImpl.java:lambda$waitForClusterToBeReady$0(179)) - Nodes are ready. Got 6 of 6 DN Heartbeats.
2021-01-08 04:46:53,230 [Listener at 127.0.0.1/45829] INFO  ozone.MiniOzoneClusterImpl (MiniOzoneClusterImpl.java:lambda$waitForClusterToBeReady$0(182)) - Waiting for cluster to exit safe mode
2021-01-08 04:46:53,233 [EventQueue-PipelineReportForOneReplicaPipelineSafeModeRule] INFO  safemode.SCMSafeModeManager (SCMSafeModeManager.java:validateSafeModeExitRules(214)) - AtleastOneDatanodeReportedRule rule is successfully validated
2021-01-08 04:46:53,233 [EventQueue-OpenPipelineForHealthyPipelineSafeModeRule] INFO  safemode.SCMSafeModeManager (HealthyPipelineSafeModeRule.java:process(128)) - SCM in safe mode. Healthy pipelines reported count is 0, required healthy pipeline reported count is 1
2021-01-08 04:46:53,391 [EventQueue-PipelineReportForOneReplicaPipelineSafeModeRule] INFO  safemode.SCMSafeModeManager (SCMSafeModeManager.java:validateSafeModeExitRules(214)) - AtleastOneDatanodeReportedRule rule is successfully validated
2021-01-08 04:46:53,392 [EventQueue-OpenPipelineForHealthyPipelineSafeModeRule] INFO  safemode.SCMSafeModeManager (HealthyPipelineSafeModeRule.java:process(128)) - SCM in safe mode. Healthy pipelines reported count is 0, required healthy pipeline reported count is 1
2021-01-08 04:46:53,608 [EventQueue-OpenPipelineForHealthyPipelineSafeModeRule] INFO  safemode.SCMSafeModeManager (HealthyPipelineSafeModeRule.java:process(128)) - SCM in safe mode. Healthy pipelines reported count is 0, required healthy pipeline reported count is 1
2021-01-08 04:46:53,608 [EventQueue-PipelineReportForOneReplicaPipelineSafeModeRule] INFO  safemode.SCMSafeModeManager (SCMSafeModeManager.java:validateSafeModeExitRules(214)) - AtleastOneDatanodeReportedRule rule is successfully validated
2021-01-08 04:46:53,927 [EventQueue-PipelineReportForOneReplicaPipelineSafeModeRule] INFO  safemode.SCMSafeModeManager (SCMSafeModeManager.java:validateSafeModeExitRules(214)) - AtleastOneDatanodeReportedRule rule is successfully validated
2021-01-08 04:46:53,927 [EventQueue-OpenPipelineForHealthyPipelineSafeModeRule] INFO  safemode.SCMSafeModeManager (HealthyPipelineSafeModeRule.java:process(128)) - SCM in safe mode. Healthy pipelines reported count is 0, required healthy pipeline reported count is 1
2021-01-08 04:46:54,030 [EventQueue-OpenPipelineForHealthyPipelineSafeModeRule] INFO  safemode.SCMSafeModeManager (HealthyPipelineSafeModeRule.java:process(128)) - SCM in safe mode. Healthy pipelines reported count is 0, required healthy pipeline reported count is 1
2021-01-08 04:46:54,030 [EventQueue-PipelineReportForOneReplicaPipelineSafeModeRule] INFO  safemode.SCMSafeModeManager (SCMSafeModeManager.java:validateSafeModeExitRules(214)) - AtleastOneDatanodeReportedRule rule is successfully validated
2021-01-08 04:46:54,225 [EventQueue-OpenPipelineForHealthyPipelineSafeModeRule] INFO  safemode.SCMSafeModeManager (HealthyPipelineSafeModeRule.java:process(128)) - SCM in safe mode. Healthy pipelines reported count is 0, required healthy pipeline reported count is 1
2021-01-08 04:46:54,225 [EventQueue-PipelineReportForOneReplicaPipelineSafeModeRule] INFO  safemode.SCMSafeModeManager (SCMSafeModeManager.java:validateSafeModeExitRules(214)) - AtleastOneDatanodeReportedRule rule is successfully validated
2021-01-08 04:46:54,231 [Listener at 127.0.0.1/45829] INFO  ozone.MiniOzoneClusterImpl (MiniOzoneClusterImpl.java:lambda$waitForClusterToBeReady$0(179)) - Nodes are ready. Got 6 of 6 DN Heartbeats.
2021-01-08 04:46:54,231 [Listener at 127.0.0.1/45829] INFO  ozone.MiniOzoneClusterImpl (MiniOzoneClusterImpl.java:lambda$waitForClusterToBeReady$0(182)) - Waiting for cluster to exit safe mode
2021-01-08 04:46:54,233 [EventQueue-OpenPipelineForHealthyPipelineSafeModeRule] INFO  safemode.SCMSafeModeManager (HealthyPipelineSafeModeRule.java:process(128)) - SCM in safe mode. Healthy pipelines reported count is 0, required healthy pipeline reported count is 1
2021-01-08 04:46:54,233 [EventQueue-PipelineReportForOneReplicaPipelineSafeModeRule] INFO  safemode.SCMSafeModeManager (SCMSafeModeManager.java:validateSafeModeExitRules(214)) - AtleastOneDatanodeReportedRule rule is successfully validated
2021-01-08 04:46:54,392 [EventQueue-PipelineReportForOneReplicaPipelineSafeModeRule] INFO  safemode.SCMSafeModeManager (SCMSafeModeManager.java:validateSafeModeExitRules(214)) - AtleastOneDatanodeReportedRule rule is successfully validated
2021-01-08 04:46:54,392 [EventQueue-OpenPipelineForHealthyPipelineSafeModeRule] INFO  safemode.SCMSafeModeManager (HealthyPipelineSafeModeRule.java:process(128)) - SCM in safe mode. Healthy pipelines reported count is 0, required healthy pipeline reported count is 1
2021-01-08 04:46:54,607 [EventQueue-PipelineReportForOneReplicaPipelineSafeModeRule] INFO  safemode.SCMSafeModeManager (SCMSafeModeManager.java:validateSafeModeExitRules(214)) - AtleastOneDatanodeReportedRule rule is successfully validated
2021-01-08 04:46:54,607 [EventQueue-OpenPipelineForHealthyPipelineSafeModeRule] INFO  safemode.SCMSafeModeManager (HealthyPipelineSafeModeRule.java:process(128)) - SCM in safe mode. Healthy pipelines reported count is 0, required healthy pipeline reported count is 1
2021-01-08 04:46:54,927 [EventQueue-PipelineReportForOneReplicaPipelineSafeModeRule] INFO  safemode.SCMSafeModeManager (SCMSafeModeManager.java:validateSafeModeExitRules(214)) - AtleastOneDatanodeReportedRule rule is successfully validated
2021-01-08 04:46:54,928 [EventQueue-OpenPipelineForHealthyPipelineSafeModeRule] INFO  safemode.SCMSafeModeManager (HealthyPipelineSafeModeRule.java:process(128)) - SCM in safe mode. Healthy pipelines reported count is 0, required healthy pipeline reported count is 1
2021-01-08 04:46:55,030 [EventQueue-OpenPipelineForHealthyPipelineSafeModeRule] INFO  safemode.SCMSafeModeManager (HealthyPipelineSafeModeRule.java:process(128)) - SCM in safe mode. Healthy pipelines reported count is 0, required healthy pipeline reported count is 1
2021-01-08 04:46:55,031 [EventQueue-PipelineReportForOneReplicaPipelineSafeModeRule] INFO  safemode.SCMSafeModeManager (SCMSafeModeManager.java:validateSafeModeExitRules(214)) - AtleastOneDatanodeReportedRule rule is successfully validated
2021-01-08 04:46:55,225 [EventQueue-PipelineReportForOneReplicaPipelineSafeModeRule] INFO  safemode.SCMSafeModeManager (SCMSafeModeManager.java:validateSafeModeExitRules(214)) - AtleastOneDatanodeReportedRule rule is successfully validated
2021-01-08 04:46:55,226 [EventQueue-OpenPipelineForHealthyPipelineSafeModeRule] INFO  safemode.SCMSafeModeManager (HealthyPipelineSafeModeRule.java:process(128)) - SCM in safe mode. Healthy pipelines reported count is 0, required healthy pipeline reported count is 1
2021-01-08 04:46:55,231 [Listener at 127.0.0.1/45829] INFO  ozone.MiniOzoneClusterImpl (MiniOzoneClusterImpl.java:lambda$waitForClusterToBeReady$0(179)) - Nodes are ready. Got 6 of 6 DN Heartbeats.
2021-01-08 04:46:55,231 [Listener at 127.0.0.1/45829] INFO  ozone.MiniOzoneClusterImpl (MiniOzoneClusterImpl.java:lambda$waitForClusterToBeReady$0(182)) - Waiting for cluster to exit safe mode
2021-01-08 04:46:55,233 [EventQueue-PipelineReportForOneReplicaPipelineSafeModeRule] INFO  safemode.SCMSafeModeManager (SCMSafeModeManager.java:validateSafeModeExitRules(214)) - AtleastOneDatanodeReportedRule rule is successfully validated
2021-01-08 04:46:55,233 [EventQueue-OpenPipelineForHealthyPipelineSafeModeRule] INFO  safemode.SCMSafeModeManager (HealthyPipelineSafeModeRule.java:process(128)) - SCM in safe mode. Healthy pipelines reported count is 0, required healthy pipeline reported count is 1
2021-01-08 04:46:55,392 [EventQueue-PipelineReportForOneReplicaPipelineSafeModeRule] INFO  safemode.SCMSafeModeManager (SCMSafeModeManager.java:validateSafeModeExitRules(214)) - AtleastOneDatanodeReportedRule rule is successfully validated
2021-01-08 04:46:55,392 [EventQueue-OpenPipelineForHealthyPipelineSafeModeRule] INFO  safemode.SCMSafeModeManager (HealthyPipelineSafeModeRule.java:process(128)) - SCM in safe mode. Healthy pipelines reported count is 0, required healthy pipeline reported count is 1
2021-01-08 04:46:55,607 [EventQueue-PipelineReportForOneReplicaPipelineSafeModeRule] INFO  safemode.SCMSafeModeManager (SCMSafeModeManager.java:validateSafeModeExitRules(214)) - AtleastOneDatanodeReportedRule rule is successfully validated
2021-01-08 04:46:55,607 [EventQueue-OpenPipelineForHealthyPipelineSafeModeRule] INFO  safemode.SCMSafeModeManager (HealthyPipelineSafeModeRule.java:process(128)) - SCM in safe mode. Healthy pipelines reported count is 0, required healthy pipeline reported count is 1
2021-01-08 04:46:55,927 [EventQueue-PipelineReportForOneReplicaPipelineSafeModeRule] INFO  safemode.SCMSafeModeManager (SCMSafeModeManager.java:validateSafeModeExitRules(214)) - AtleastOneDatanodeReportedRule rule is successfully validated
2021-01-08 04:46:55,927 [EventQueue-OpenPipelineForHealthyPipelineSafeModeRule] INFO  safemode.SCMSafeModeManager (HealthyPipelineSafeModeRule.java:process(128)) - SCM in safe mode. Healthy pipelines reported count is 0, required healthy pipeline reported count is 1
2021-01-08 04:46:56,030 [EventQueue-PipelineReportForOneReplicaPipelineSafeModeRule] INFO  safemode.SCMSafeModeManager (SCMSafeModeManager.java:validateSafeModeExitRules(214)) - AtleastOneDatanodeReportedRule rule is successfully validated
2021-01-08 04:46:56,030 [EventQueue-OpenPipelineForHealthyPipelineSafeModeRule] INFO  safemode.SCMSafeModeManager (HealthyPipelineSafeModeRule.java:process(128)) - SCM in safe mode. Healthy pipelines reported count is 0, required healthy pipeline reported count is 1
2021-01-08 04:46:56,226 [EventQueue-PipelineReportForOneReplicaPipelineSafeModeRule] INFO  safemode.SCMSafeModeManager (SCMSafeModeManager.java:validateSafeModeExitRules(214)) - AtleastOneDatanodeReportedRule rule is successfully validated
2021-01-08 04:46:56,226 [EventQueue-OpenPipelineForHealthyPipelineSafeModeRule] INFO  safemode.SCMSafeModeManager (HealthyPipelineSafeModeRule.java:process(128)) - SCM in safe mode. Healthy pipelines reported count is 0, required healthy pipeline reported count is 1
2021-01-08 04:46:56,232 [Listener at 127.0.0.1/45829] INFO  ozone.MiniOzoneClusterImpl (MiniOzoneClusterImpl.java:lambda$waitForClusterToBeReady$0(179)) - Nodes are ready. Got 6 of 6 DN Heartbeats.
2021-01-08 04:46:56,232 [Listener at 127.0.0.1/45829] INFO  ozone.MiniOzoneClusterImpl (MiniOzoneClusterImpl.java:lambda$waitForClusterToBeReady$0(182)) - Waiting for cluster to exit safe mode
2021-01-08 04:46:56,233 [EventQueue-OpenPipelineForHealthyPipelineSafeModeRule] INFO  safemode.SCMSafeModeManager (HealthyPipelineSafeModeRule.java:process(128)) - SCM in safe mode. Healthy pipelines reported count is 0, required healthy pipeline reported count is 1
2021-01-08 04:46:56,233 [EventQueue-PipelineReportForOneReplicaPipelineSafeModeRule] INFO  safemode.SCMSafeModeManager (SCMSafeModeManager.java:validateSafeModeExitRules(214)) - AtleastOneDatanodeReportedRule rule is successfully validated
2021-01-08 04:46:56,358 [Thread-5783] INFO  impl.FollowerState (FollowerState.java:run(133)) - 24be368e-9912-49e9-b36f-3be1586466e8@group-7ADA723E8857-FollowerState: change to CANDIDATE, lastRpcElapsedTime:5140631409ns, electionTimeout:5138ms
2021-01-08 04:46:56,359 [Thread-5783] INFO  impl.RoleInfo (RoleInfo.java:shutdownFollowerState(108)) - 24be368e-9912-49e9-b36f-3be1586466e8: shutdown 24be368e-9912-49e9-b36f-3be1586466e8@group-7ADA723E8857-FollowerState
2021-01-08 04:46:56,359 [Thread-5783] INFO  server.RaftServer$Division (RaftServerImpl.java:setRole(283)) - 24be368e-9912-49e9-b36f-3be1586466e8@group-7ADA723E8857: changes role from  FOLLOWER to CANDIDATE at term 0 for changeToCandidate
2021-01-08 04:46:56,359 [Thread-5783] INFO  impl.RoleInfo (RoleInfo.java:updateAndGet(130)) - 24be368e-9912-49e9-b36f-3be1586466e8: start 24be368e-9912-49e9-b36f-3be1586466e8@group-7ADA723E8857-LeaderElection80
2021-01-08 04:46:56,361 [24be368e-9912-49e9-b36f-3be1586466e8@group-7ADA723E8857-LeaderElection80] INFO  impl.LeaderElection (LeaderElection.java:askForPreVotes(259)) - 24be368e-9912-49e9-b36f-3be1586466e8@group-7ADA723E8857-LeaderElection80: begin a pre-vote at term 0 for -1: [24be368e-9912-49e9-b36f-3be1586466e8|rpc:172.17.0.2:45243|priority:0], old=null
2021-01-08 04:46:56,361 [24be368e-9912-49e9-b36f-3be1586466e8@group-7ADA723E8857-LeaderElection80] INFO  impl.LeaderElection (LeaderElection.java:askForPreVotes(261)) - 24be368e-9912-49e9-b36f-3be1586466e8@group-7ADA723E8857-LeaderElection80 pre-vote result is PASSED.
2021-01-08 04:46:56,362 [24be368e-9912-49e9-b36f-3be1586466e8@group-7ADA723E8857-LeaderElection80] INFO  impl.LeaderElection (LeaderElection.java:askForVotes(308)) - 24be368e-9912-49e9-b36f-3be1586466e8@group-7ADA723E8857-LeaderElection80: begin an election at term 1 for -1: [24be368e-9912-49e9-b36f-3be1586466e8|rpc:172.17.0.2:45243|priority:0], old=null
2021-01-08 04:46:56,363 [24be368e-9912-49e9-b36f-3be1586466e8@group-7ADA723E8857-LeaderElection80] INFO  impl.RoleInfo (RoleInfo.java:shutdownLeaderElection(121)) - 24be368e-9912-49e9-b36f-3be1586466e8: shutdown 24be368e-9912-49e9-b36f-3be1586466e8@group-7ADA723E8857-LeaderElection80
2021-01-08 04:46:56,363 [24be368e-9912-49e9-b36f-3be1586466e8@group-7ADA723E8857-LeaderElection80] INFO  server.RaftServer$Division (RaftServerImpl.java:setRole(283)) - 24be368e-9912-49e9-b36f-3be1586466e8@group-7ADA723E8857: changes role from CANDIDATE to LEADER at term 1 for changeToLeader
2021-01-08 04:46:56,363 [24be368e-9912-49e9-b36f-3be1586466e8@group-7ADA723E8857-LeaderElection80] INFO  ratis.XceiverServerRatis (XceiverServerRatis.java:handleLeaderChangedNotification(868)) - Leader change notification received for group: group-7ADA723E8857 with new leaderId: 24be368e-9912-49e9-b36f-3be1586466e8
2021-01-08 04:46:56,363 [24be368e-9912-49e9-b36f-3be1586466e8@group-7ADA723E8857-LeaderElection80] INFO  server.RaftServer$Division (ServerState.java:setLeader(249)) - 24be368e-9912-49e9-b36f-3be1586466e8@group-7ADA723E8857: change Leader from null to 24be368e-9912-49e9-b36f-3be1586466e8 at term 1 for becomeLeader, leader elected after 5157ms
2021-01-08 04:46:56,363 [24be368e-9912-49e9-b36f-3be1586466e8@group-7ADA723E8857-LeaderElection80] INFO  server.RaftServerConfigKeys (ConfUtils.java:logGet(44)) - raft.server.staging.catchup.gap = 1000 (default)
2021-01-08 04:46:56,363 [24be368e-9912-49e9-b36f-3be1586466e8@group-7ADA723E8857-LeaderElection80] INFO  metrics.RatisMetrics (RatisMetrics.java:lambda$create$0(36)) - Creating Metrics Registry : ratis.log_appender.24be368e-9912-49e9-b36f-3be1586466e8@group-7ADA723E8857
2021-01-08 04:46:56,364 [EventQueue-PipelineReportForOneReplicaPipelineSafeModeRule] INFO  safemode.SCMSafeModeManager (SCMSafeModeManager.java:validateSafeModeExitRules(214)) - AtleastOneDatanodeReportedRule rule is successfully validated
2021-01-08 04:46:56,364 [EventQueue-OpenPipelineForHealthyPipelineSafeModeRule] INFO  safemode.SCMSafeModeManager (HealthyPipelineSafeModeRule.java:process(128)) - SCM in safe mode. Healthy pipelines reported count is 0, required healthy pipeline reported count is 1
2021-01-08 04:46:56,364 [24be368e-9912-49e9-b36f-3be1586466e8@group-7ADA723E8857-LeaderElection80] INFO  server.RaftServerConfigKeys (ConfUtils.java:logGet(44)) - raft.server.write.element-limit = 1024 (custom)
2021-01-08 04:46:56,364 [24be368e-9912-49e9-b36f-3be1586466e8@group-7ADA723E8857-LeaderElection80] INFO  server.RaftServerConfigKeys (ConfUtils.java:logGet(44)) - raft.server.write.byte-limit = 1073741824 (custom)
2021-01-08 04:46:56,365 [24be368e-9912-49e9-b36f-3be1586466e8@group-7ADA723E8857-LeaderElection80] INFO  server.RaftServerConfigKeys (ConfUtils.java:logGet(44)) - raft.server.watch.timeout = 180s (custom)
2021-01-08 04:46:56,365 [24be368e-9912-49e9-b36f-3be1586466e8@group-7ADA723E8857-LeaderElection80] INFO  server.RaftServerConfigKeys (ConfUtils.java:logGet(44)) - raft.server.watch.timeout.denomination = 1s (default)
2021-01-08 04:46:56,365 [24be368e-9912-49e9-b36f-3be1586466e8@group-7ADA723E8857-LeaderElection80] INFO  server.RaftServerConfigKeys (ConfUtils.java:logGet(44)) - raft.server.watch.element-limit = 65536 (default)
2021-01-08 04:46:56,365 [24be368e-9912-49e9-b36f-3be1586466e8@group-7ADA723E8857-LeaderElection80] INFO  impl.RoleInfo (RoleInfo.java:updateAndGet(130)) - 24be368e-9912-49e9-b36f-3be1586466e8: start 24be368e-9912-49e9-b36f-3be1586466e8@group-7ADA723E8857-LeaderStateImpl
2021-01-08 04:46:56,366 [24be368e-9912-49e9-b36f-3be1586466e8@group-7ADA723E8857-LeaderElection80] INFO  segmented.SegmentedRaftLogWorker (SegmentedRaftLogWorker.java:startLogSegment(392)) - 24be368e-9912-49e9-b36f-3be1586466e8@group-7ADA723E8857-SegmentedRaftLogWorker: Starting segment from index:0
2021-01-08 04:46:56,368 [24be368e-9912-49e9-b36f-3be1586466e8@group-7ADA723E8857-SegmentedRaftLogWorker] INFO  segmented.SegmentedRaftLogWorker (SegmentedRaftLogWorker.java:execute(599)) - 24be368e-9912-49e9-b36f-3be1586466e8@group-7ADA723E8857-SegmentedRaftLogWorker: created new log segment /github/workspace/mnt/ozone/hadoop-ozone/integration-test/target/test-dir/MiniOzoneClusterImpl-8e553afa-60cb-4a34-8c5d-9ccb1efc285c/datanode-0/data/ratis/3b8d15e9-0caa-4fd8-8822-7ada723e8857/current/log_inprogress_0
2021-01-08 04:46:56,372 [24be368e-9912-49e9-b36f-3be1586466e8@group-7ADA723E8857-LeaderElection80] INFO  server.RaftServer$Division (ServerState.java:setRaftConf(368)) - 24be368e-9912-49e9-b36f-3be1586466e8@group-7ADA723E8857: set configuration 0: [24be368e-9912-49e9-b36f-3be1586466e8|rpc:172.17.0.2:45243|dataStream:|priority:0], old=null
2021-01-08 04:46:56,392 [EventQueue-PipelineReportForOneReplicaPipelineSafeModeRule] INFO  safemode.SCMSafeModeManager (SCMSafeModeManager.java:validateSafeModeExitRules(214)) - AtleastOneDatanodeReportedRule rule is successfully validated
2021-01-08 04:46:56,392 [EventQueue-OpenPipelineForHealthyPipelineSafeModeRule] INFO  safemode.SCMSafeModeManager (HealthyPipelineSafeModeRule.java:process(128)) - SCM in safe mode. Healthy pipelines reported count is 0, required healthy pipeline reported count is 1
2021-01-08 04:46:56,409 [Thread-5787] INFO  impl.FollowerState (FollowerState.java:run(133)) - 027ea797-585b-4d73-a004-b5fa2cd87a42@group-6B5012D43B73-FollowerState: change to CANDIDATE, lastRpcElapsedTime:5146374417ns, electionTimeout:5146ms
2021-01-08 04:46:56,410 [Thread-5787] INFO  impl.RoleInfo (RoleInfo.java:shutdownFollowerState(108)) - 027ea797-585b-4d73-a004-b5fa2cd87a42: shutdown 027ea797-585b-4d73-a004-b5fa2cd87a42@group-6B5012D43B73-FollowerState
2021-01-08 04:46:56,410 [Thread-5787] INFO  server.RaftServer$Division (RaftServerImpl.java:setRole(283)) - 027ea797-585b-4d73-a004-b5fa2cd87a42@group-6B5012D43B73: changes role from  FOLLOWER to CANDIDATE at term 0 for changeToCandidate
2021-01-08 04:46:56,410 [Thread-5787] INFO  impl.RoleInfo (RoleInfo.java:updateAndGet(130)) - 027ea797-585b-4d73-a004-b5fa2cd87a42: start 027ea797-585b-4d73-a004-b5fa2cd87a42@group-6B5012D43B73-LeaderElection81
2021-01-08 04:46:56,411 [027ea797-585b-4d73-a004-b5fa2cd87a42@group-6B5012D43B73-LeaderElection81] INFO  impl.LeaderElection (LeaderElection.java:askForPreVotes(259)) - 027ea797-585b-4d73-a004-b5fa2cd87a42@group-6B5012D43B73-LeaderElection81: begin a pre-vote at term 0 for -1: [55aa2eb3-e7d2-43c8-9100-77f9e6fde891|rpc:172.17.0.2:35207|dataStream:|priority:0, 027ea797-585b-4d73-a004-b5fa2cd87a42|rpc:172.17.0.2:43035|dataStream:|priority:0, 24be368e-9912-49e9-b36f-3be1586466e8|rpc:172.17.0.2:45243|dataStream:|priority:0], old=null
2021-01-08 04:46:56,415 [Thread-5785] INFO  impl.FollowerState (FollowerState.java:run(133)) - 24be368e-9912-49e9-b36f-3be1586466e8@group-6B5012D43B73-FollowerState: change to CANDIDATE, lastRpcElapsedTime:5177726062ns, electionTimeout:5177ms
2021-01-08 04:46:56,416 [Thread-5785] INFO  impl.RoleInfo (RoleInfo.java:shutdownFollowerState(108)) - 24be368e-9912-49e9-b36f-3be1586466e8: shutdown 24be368e-9912-49e9-b36f-3be1586466e8@group-6B5012D43B73-FollowerState
2021-01-08 04:46:56,416 [Thread-5785] INFO  server.RaftServer$Division (RaftServerImpl.java:setRole(283)) - 24be368e-9912-49e9-b36f-3be1586466e8@group-6B5012D43B73: changes role from  FOLLOWER to CANDIDATE at term 0 for changeToCandidate
2021-01-08 04:46:56,416 [Thread-5785] INFO  impl.RoleInfo (RoleInfo.java:updateAndGet(130)) - 24be368e-9912-49e9-b36f-3be1586466e8: start 24be368e-9912-49e9-b36f-3be1586466e8@group-6B5012D43B73-LeaderElection82
2021-01-08 04:46:56,418 [Thread-5790] INFO  impl.FollowerState (FollowerState.java:run(133)) - 55aa2eb3-e7d2-43c8-9100-77f9e6fde891@group-6B5012D43B73-FollowerState: change to CANDIDATE, lastRpcElapsedTime:5127362590ns, electionTimeout:5126ms
2021-01-08 04:46:56,419 [Thread-5790] INFO  impl.RoleInfo (RoleInfo.java:shutdownFollowerState(108)) - 55aa2eb3-e7d2-43c8-9100-77f9e6fde891: shutdown 55aa2eb3-e7d2-43c8-9100-77f9e6fde891@group-6B5012D43B73-FollowerState
2021-01-08 04:46:56,419 [Thread-5790] INFO  server.RaftServer$Division (RaftServerImpl.java:setRole(283)) - 55aa2eb3-e7d2-43c8-9100-77f9e6fde891@group-6B5012D43B73: changes role from  FOLLOWER to CANDIDATE at term 0 for changeToCandidate
2021-01-08 04:46:56,419 [Thread-5790] INFO  impl.RoleInfo (RoleInfo.java:updateAndGet(130)) - 55aa2eb3-e7d2-43c8-9100-77f9e6fde891: start 55aa2eb3-e7d2-43c8-9100-77f9e6fde891@group-6B5012D43B73-LeaderElection83
2021-01-08 04:46:56,419 [24be368e-9912-49e9-b36f-3be1586466e8@group-6B5012D43B73-LeaderElection82] INFO  impl.LeaderElection (LeaderElection.java:askForPreVotes(259)) - 24be368e-9912-49e9-b36f-3be1586466e8@group-6B5012D43B73-LeaderElection82: begin a pre-vote at term 0 for -1: [55aa2eb3-e7d2-43c8-9100-77f9e6fde891|rpc:172.17.0.2:35207|priority:0, 027ea797-585b-4d73-a004-b5fa2cd87a42|rpc:172.17.0.2:43035|priority:0, 24be368e-9912-49e9-b36f-3be1586466e8|rpc:172.17.0.2:45243|priority:0], old=null
2021-01-08 04:46:56,419 [grpc-default-executor-5] INFO  metrics.RatisMetrics (RatisMetrics.java:lambda$create$0(36)) - Creating Metrics Registry : ratis.server_message_metrics.24be368e-9912-49e9-b36f-3be1586466e8
2021-01-08 04:46:56,424 [grpc-default-executor-5] INFO  server.RaftServer$Division (RaftServerImpl.java:requestPreVote(1060)) - 24be368e-9912-49e9-b36f-3be1586466e8@group-6B5012D43B73: receive preVote(027ea797-585b-4d73-a004-b5fa2cd87a42, group-6B5012D43B73, 0, (t:0, i:0))
2021-01-08 04:46:56,424 [grpc-default-executor-5] INFO  server.RaftServer$Division (RaftServerImpl.java:requestPreVote(1081)) - 24be368e-9912-49e9-b36f-3be1586466e8@group-6B5012D43B73 role:CANDIDATE allow pre-vote from:027ea797-585b-4d73-a004-b5fa2cd87a42
2021-01-08 04:46:56,424 [grpc-default-executor-5] INFO  server.RaftServer$Division (RaftServerImpl.java:requestPreVote(1099)) - 24be368e-9912-49e9-b36f-3be1586466e8@group-6B5012D43B73 replies to pre-vote request: 027ea797-585b-4d73-a004-b5fa2cd87a42<-24be368e-9912-49e9-b36f-3be1586466e8#0:OK-t0. Peer's state: 24be368e-9912-49e9-b36f-3be1586466e8@group-6B5012D43B73:t0, leader=null, voted=, raftlog=24be368e-9912-49e9-b36f-3be1586466e8@group-6B5012D43B73-SegmentedRaftLog:OPENED:c-1,f-1,i0, conf=-1: [55aa2eb3-e7d2-43c8-9100-77f9e6fde891|rpc:172.17.0.2:35207|priority:0, 027ea797-585b-4d73-a004-b5fa2cd87a42|rpc:172.17.0.2:43035|priority:0, 24be368e-9912-49e9-b36f-3be1586466e8|rpc:172.17.0.2:45243|priority:0], old=null
2021-01-08 04:46:56,430 [55aa2eb3-e7d2-43c8-9100-77f9e6fde891@group-6B5012D43B73-LeaderElection83] INFO  impl.LeaderElection (LeaderElection.java:askForPreVotes(259)) - 55aa2eb3-e7d2-43c8-9100-77f9e6fde891@group-6B5012D43B73-LeaderElection83: begin a pre-vote at term 0 for -1: [55aa2eb3-e7d2-43c8-9100-77f9e6fde891|rpc:172.17.0.2:35207|dataStream:|priority:0, 027ea797-585b-4d73-a004-b5fa2cd87a42|rpc:172.17.0.2:43035|dataStream:|priority:0, 24be368e-9912-49e9-b36f-3be1586466e8|rpc:172.17.0.2:45243|dataStream:|priority:0], old=null
2021-01-08 04:46:56,438 [grpc-default-executor-5] INFO  server.RaftServer$Division (RaftServerImpl.java:requestPreVote(1060)) - 55aa2eb3-e7d2-43c8-9100-77f9e6fde891@group-6B5012D43B73: receive preVote(24be368e-9912-49e9-b36f-3be1586466e8, group-6B5012D43B73, 0, (t:0, i:0))
2021-01-08 04:46:56,438 [grpc-default-executor-5] INFO  server.RaftServer$Division (RaftServerImpl.java:requestPreVote(1081)) - 55aa2eb3-e7d2-43c8-9100-77f9e6fde891@group-6B5012D43B73 role:CANDIDATE allow pre-vote from:24be368e-9912-49e9-b36f-3be1586466e8
2021-01-08 04:46:56,438 [grpc-default-executor-5] INFO  server.RaftServer$Division (RaftServerImpl.java:requestPreVote(1099)) - 55aa2eb3-e7d2-43c8-9100-77f9e6fde891@group-6B5012D43B73 replies to pre-vote request: 24be368e-9912-49e9-b36f-3be1586466e8<-55aa2eb3-e7d2-43c8-9100-77f9e6fde891#0:OK-t0. Peer's state: 55aa2eb3-e7d2-43c8-9100-77f9e6fde891@group-6B5012D43B73:t0, leader=null, voted=, raftlog=55aa2eb3-e7d2-43c8-9100-77f9e6fde891@group-6B5012D43B73-SegmentedRaftLog:OPENED:c-1,f-1,i0, conf=-1: [55aa2eb3-e7d2-43c8-9100-77f9e6fde891|rpc:172.17.0.2:35207|dataStream:|priority:0, 027ea797-585b-4d73-a004-b5fa2cd87a42|rpc:172.17.0.2:43035|dataStream:|priority:0, 24be368e-9912-49e9-b36f-3be1586466e8|rpc:172.17.0.2:45243|dataStream:|priority:0], old=null
2021-01-08 04:46:56,439 [027ea797-585b-4d73-a004-b5fa2cd87a42@group-6B5012D43B73-LeaderElection81] INFO  impl.LeaderElection (LeaderElection.java:logAndReturn(68)) - 027ea797-585b-4d73-a004-b5fa2cd87a42@group-6B5012D43B73-LeaderElection81: Pre-vote  PASSED received 1 response(s):[027ea797-585b-4d73-a004-b5fa2cd87a42<-24be368e-9912-49e9-b36f-3be1586466e8#0:OK-t0]
2021-01-08 04:46:56,439 [grpc-default-executor-3] INFO  server.RaftServer$Division (RaftServerImpl.java:requestPreVote(1060)) - 55aa2eb3-e7d2-43c8-9100-77f9e6fde891@group-6B5012D43B73: receive preVote(027ea797-585b-4d73-a004-b5fa2cd87a42, group-6B5012D43B73, 0, (t:0, i:0))
2021-01-08 04:46:56,439 [grpc-default-executor-3] INFO  server.RaftServer$Division (RaftServerImpl.java:requestPreVote(1081)) - 55aa2eb3-e7d2-43c8-9100-77f9e6fde891@group-6B5012D43B73 role:CANDIDATE allow pre-vote from:027ea797-585b-4d73-a004-b5fa2cd87a42
2021-01-08 04:46:56,439 [grpc-default-executor-3] INFO  server.RaftServer$Division (RaftServerImpl.java:requestPreVote(1099)) - 55aa2eb3-e7d2-43c8-9100-77f9e6fde891@group-6B5012D43B73 replies to pre-vote request: 027ea797-585b-4d73-a004-b5fa2cd87a42<-55aa2eb3-e7d2-43c8-9100-77f9e6fde891#0:OK-t0. Peer's state: 55aa2eb3-e7d2-43c8-9100-77f9e6fde891@group-6B5012D43B73:t0, leader=null, voted=, raftlog=55aa2eb3-e7d2-43c8-9100-77f9e6fde891@group-6B5012D43B73-SegmentedRaftLog:OPENED:c-1,f-1,i0, conf=-1: [55aa2eb3-e7d2-43c8-9100-77f9e6fde891|rpc:172.17.0.2:35207|dataStream:|priority:0, 027ea797-585b-4d73-a004-b5fa2cd87a42|rpc:172.17.0.2:43035|dataStream:|priority:0, 24be368e-9912-49e9-b36f-3be1586466e8|rpc:172.17.0.2:45243|dataStream:|priority:0], old=null
2021-01-08 04:46:56,439 [027ea797-585b-4d73-a004-b5fa2cd87a42@group-6B5012D43B73-LeaderElection81] INFO  impl.LeaderElection (LeaderElection.java:askForPreVotes(261)) - 027ea797-585b-4d73-a004-b5fa2cd87a42@group-6B5012D43B73-LeaderElection81 pre-vote result is PASSED.
2021-01-08 04:46:56,441 [027ea797-585b-4d73-a004-b5fa2cd87a42@group-6B5012D43B73-LeaderElection81] INFO  impl.LeaderElection (LeaderElection.java:askForVotes(308)) - 027ea797-585b-4d73-a004-b5fa2cd87a42@group-6B5012D43B73-LeaderElection81: begin an election at term 1 for -1: [55aa2eb3-e7d2-43c8-9100-77f9e6fde891|rpc:172.17.0.2:35207|dataStream:|priority:0, 027ea797-585b-4d73-a004-b5fa2cd87a42|rpc:172.17.0.2:43035|dataStream:|priority:0, 24be368e-9912-49e9-b36f-3be1586466e8|rpc:172.17.0.2:45243|dataStream:|priority:0], old=null
2021-01-08 04:46:56,441 [grpc-default-executor-3] INFO  server.RaftServer$Division (RaftServerImpl.java:requestPreVote(1060)) - 027ea797-585b-4d73-a004-b5fa2cd87a42@group-6B5012D43B73: receive preVote(24be368e-9912-49e9-b36f-3be1586466e8, group-6B5012D43B73, 0, (t:0, i:0))
2021-01-08 04:46:56,441 [grpc-default-executor-3] INFO  server.RaftServer$Division (RaftServerImpl.java:requestPreVote(1081)) - 027ea797-585b-4d73-a004-b5fa2cd87a42@group-6B5012D43B73 role:CANDIDATE allow pre-vote from:24be368e-9912-49e9-b36f-3be1586466e8
2021-01-08 04:46:56,441 [grpc-default-executor-3] INFO  server.RaftServer$Division (RaftServerImpl.java:requestPreVote(1099)) - 027ea797-585b-4d73-a004-b5fa2cd87a42@group-6B5012D43B73 replies to pre-vote request: 24be368e-9912-49e9-b36f-3be1586466e8<-027ea797-585b-4d73-a004-b5fa2cd87a42#0:OK-t1. Peer's state: 027ea797-585b-4d73-a004-b5fa2cd87a42@group-6B5012D43B73:t1, leader=null, voted=027ea797-585b-4d73-a004-b5fa2cd87a42, raftlog=027ea797-585b-4d73-a004-b5fa2cd87a42@group-6B5012D43B73-SegmentedRaftLog:OPENED:c-1,f-1,i0, conf=-1: [55aa2eb3-e7d2-43c8-9100-77f9e6fde891|rpc:172.17.0.2:35207|dataStream:|priority:0, 027ea797-585b-4d73-a004-b5fa2cd87a42|rpc:172.17.0.2:43035|dataStream:|priority:0, 24be368e-9912-49e9-b36f-3be1586466e8|rpc:172.17.0.2:45243|dataStream:|priority:0], old=null
2021-01-08 04:46:56,444 [24be368e-9912-49e9-b36f-3be1586466e8@group-6B5012D43B73-LeaderElection82] INFO  impl.LeaderElection (LeaderElection.java:logAndReturn(68)) - 24be368e-9912-49e9-b36f-3be1586466e8@group-6B5012D43B73-LeaderElection82: Pre-vote  PASSED received 1 response(s):[24be368e-9912-49e9-b36f-3be1586466e8<-55aa2eb3-e7d2-43c8-9100-77f9e6fde891#0:OK-t0]
2021-01-08 04:46:56,444 [24be368e-9912-49e9-b36f-3be1586466e8@group-6B5012D43B73-LeaderElection82] INFO  impl.LeaderElection (LeaderElection.java:askForPreVotes(261)) - 24be368e-9912-49e9-b36f-3be1586466e8@group-6B5012D43B73-LeaderElection82 pre-vote result is PASSED.
2021-01-08 04:46:56,453 [grpc-default-executor-5] INFO  server.RaftServer$Division (RaftServerImpl.java:requestPreVote(1060)) - 24be368e-9912-49e9-b36f-3be1586466e8@group-6B5012D43B73: receive preVote(55aa2eb3-e7d2-43c8-9100-77f9e6fde891, group-6B5012D43B73, 0, (t:0, i:0))
2021-01-08 04:46:56,457 [24be368e-9912-49e9-b36f-3be1586466e8@group-6B5012D43B73-LeaderElection82] INFO  impl.LeaderElection (LeaderElection.java:askForVotes(308)) - 24be368e-9912-49e9-b36f-3be1586466e8@group-6B5012D43B73-LeaderElection82: begin an election at term 1 for -1: [55aa2eb3-e7d2-43c8-9100-77f9e6fde891|rpc:172.17.0.2:35207|priority:0, 027ea797-585b-4d73-a004-b5fa2cd87a42|rpc:172.17.0.2:43035|priority:0, 24be368e-9912-49e9-b36f-3be1586466e8|rpc:172.17.0.2:45243|priority:0], old=null
2021-01-08 04:46:56,458 [grpc-default-executor-5] INFO  server.RaftServer$Division (RaftServerImpl.java:requestPreVote(1081)) - 24be368e-9912-49e9-b36f-3be1586466e8@group-6B5012D43B73 role:CANDIDATE allow pre-vote from:55aa2eb3-e7d2-43c8-9100-77f9e6fde891
2021-01-08 04:46:56,458 [grpc-default-executor-5] INFO  server.RaftServer$Division (RaftServerImpl.java:requestPreVote(1099)) - 24be368e-9912-49e9-b36f-3be1586466e8@group-6B5012D43B73 replies to pre-vote request: 55aa2eb3-e7d2-43c8-9100-77f9e6fde891<-24be368e-9912-49e9-b36f-3be1586466e8#0:OK-t1. Peer's state: 24be368e-9912-49e9-b36f-3be1586466e8@group-6B5012D43B73:t1, leader=null, voted=24be368e-9912-49e9-b36f-3be1586466e8, raftlog=24be368e-9912-49e9-b36f-3be1586466e8@group-6B5012D43B73-SegmentedRaftLog:OPENED:c-1,f-1,i0, conf=-1: [55aa2eb3-e7d2-43c8-9100-77f9e6fde891|rpc:172.17.0.2:35207|priority:0, 027ea797-585b-4d73-a004-b5fa2cd87a42|rpc:172.17.0.2:43035|priority:0, 24be368e-9912-49e9-b36f-3be1586466e8|rpc:172.17.0.2:45243|priority:0], old=null
2021-01-08 04:46:56,471 [55aa2eb3-e7d2-43c8-9100-77f9e6fde891@group-6B5012D43B73-LeaderElection83] INFO  impl.LeaderElection (LeaderElection.java:logAndReturn(68)) - 55aa2eb3-e7d2-43c8-9100-77f9e6fde891@group-6B5012D43B73-LeaderElection83: Pre-vote  PASSED received 1 response(s):[55aa2eb3-e7d2-43c8-9100-77f9e6fde891<-24be368e-9912-49e9-b36f-3be1586466e8#0:OK-t1]
2021-01-08 04:46:56,471 [55aa2eb3-e7d2-43c8-9100-77f9e6fde891@group-6B5012D43B73-LeaderElection83] INFO  impl.LeaderElection (LeaderElection.java:askForPreVotes(261)) - 55aa2eb3-e7d2-43c8-9100-77f9e6fde891@group-6B5012D43B73-LeaderElection83 pre-vote result is PASSED.
2021-01-08 04:46:56,472 [grpc-default-executor-4] INFO  server.RaftServer$Division (RaftServerImpl.java:requestPreVote(1060)) - 027ea797-585b-4d73-a004-b5fa2cd87a42@group-6B5012D43B73: receive preVote(55aa2eb3-e7d2-43c8-9100-77f9e6fde891, group-6B5012D43B73, 0, (t:0, i:0))
2021-01-08 04:46:56,472 [grpc-default-executor-4] INFO  server.RaftServer$Division (RaftServerImpl.java:requestPreVote(1081)) - 027ea797-585b-4d73-a004-b5fa2cd87a42@group-6B5012D43B73 role:CANDIDATE allow pre-vote from:55aa2eb3-e7d2-43c8-9100-77f9e6fde891
2021-01-08 04:46:56,473 [grpc-default-executor-4] INFO  server.RaftServer$Division (RaftServerImpl.java:requestPreVote(1099)) - 027ea797-585b-4d73-a004-b5fa2cd87a42@group-6B5012D43B73 replies to pre-vote request: 55aa2eb3-e7d2-43c8-9100-77f9e6fde891<-027ea797-585b-4d73-a004-b5fa2cd87a42#0:OK-t1. Peer's state: 027ea797-585b-4d73-a004-b5fa2cd87a42@group-6B5012D43B73:t1, leader=null, voted=027ea797-585b-4d73-a004-b5fa2cd87a42, raftlog=027ea797-585b-4d73-a004-b5fa2cd87a42@group-6B5012D43B73-SegmentedRaftLog:OPENED:c-1,f-1,i0, conf=-1: [55aa2eb3-e7d2-43c8-9100-77f9e6fde891|rpc:172.17.0.2:35207|dataStream:|priority:0, 027ea797-585b-4d73-a004-b5fa2cd87a42|rpc:172.17.0.2:43035|dataStream:|priority:0, 24be368e-9912-49e9-b36f-3be1586466e8|rpc:172.17.0.2:45243|dataStream:|priority:0], old=null
2021-01-08 04:46:56,472 [55aa2eb3-e7d2-43c8-9100-77f9e6fde891@group-6B5012D43B73-LeaderElection83] INFO  impl.LeaderElection (LeaderElection.java:askForVotes(308)) - 55aa2eb3-e7d2-43c8-9100-77f9e6fde891@group-6B5012D43B73-LeaderElection83: begin an election at term 1 for -1: [55aa2eb3-e7d2-43c8-9100-77f9e6fde891|rpc:172.17.0.2:35207|dataStream:|priority:0, 027ea797-585b-4d73-a004-b5fa2cd87a42|rpc:172.17.0.2:43035|dataStream:|priority:0, 24be368e-9912-49e9-b36f-3be1586466e8|rpc:172.17.0.2:45243|dataStream:|priority:0], old=null
2021-01-08 04:46:56,474 [027ea797-585b-4d73-a004-b5fa2cd87a42@group-6B5012D43B73-LeaderElection81] INFO  impl.LeaderElection (LeaderElection.java:logAndReturn(68)) - 027ea797-585b-4d73-a004-b5fa2cd87a42@group-6B5012D43B73-LeaderElection81: Election  REJECTED received 2 response(s):[027ea797-585b-4d73-a004-b5fa2cd87a42<-55aa2eb3-e7d2-43c8-9100-77f9e6fde891#0:FAIL-t1, 027ea797-585b-4d73-a004-b5fa2cd87a42<-24be368e-9912-49e9-b36f-3be1586466e8#0:FAIL-t1]
2021-01-08 04:46:56,475 [027ea797-585b-4d73-a004-b5fa2cd87a42@group-6B5012D43B73-LeaderElection81] INFO  server.RaftServer$Division (RaftServerImpl.java:setRole(283)) - 027ea797-585b-4d73-a004-b5fa2cd87a42@group-6B5012D43B73: changes role from CANDIDATE to FOLLOWER at term 1 for DISCOVERED_A_NEW_TERM
2021-01-08 04:46:56,475 [027ea797-585b-4d73-a004-b5fa2cd87a42@group-6B5012D43B73-LeaderElection81] INFO  impl.RoleInfo (RoleInfo.java:shutdownLeaderElection(121)) - 027ea797-585b-4d73-a004-b5fa2cd87a42: shutdown 027ea797-585b-4d73-a004-b5fa2cd87a42@group-6B5012D43B73-LeaderElection81
2021-01-08 04:46:56,475 [027ea797-585b-4d73-a004-b5fa2cd87a42@group-6B5012D43B73-LeaderElection81] INFO  impl.RoleInfo (RoleInfo.java:updateAndGet(130)) - 027ea797-585b-4d73-a004-b5fa2cd87a42: start 027ea797-585b-4d73-a004-b5fa2cd87a42@group-6B5012D43B73-FollowerState
2021-01-08 04:46:56,476 [24be368e-9912-49e9-b36f-3be1586466e8@group-6B5012D43B73-LeaderElection82] INFO  impl.LeaderElection (LeaderElection.java:logAndReturn(68)) - 24be368e-9912-49e9-b36f-3be1586466e8@group-6B5012D43B73-LeaderElection82: Election  REJECTED received 2 response(s):[24be368e-9912-49e9-b36f-3be1586466e8<-55aa2eb3-e7d2-43c8-9100-77f9e6fde891#0:FAIL-t1, 24be368e-9912-49e9-b36f-3be1586466e8<-027ea797-585b-4d73-a004-b5fa2cd87a42#0:FAIL-t1]
2021-01-08 04:46:56,478 [24be368e-9912-49e9-b36f-3be1586466e8@group-6B5012D43B73-LeaderElection82] INFO  server.RaftServer$Division (RaftServerImpl.java:setRole(283)) - 24be368e-9912-49e9-b36f-3be1586466e8@group-6B5012D43B73: changes role from CANDIDATE to FOLLOWER at term 1 for DISCOVERED_A_NEW_TERM
2021-01-08 04:46:56,478 [24be368e-9912-49e9-b36f-3be1586466e8@group-6B5012D43B73-LeaderElection82] INFO  impl.RoleInfo (RoleInfo.java:shutdownLeaderElection(121)) - 24be368e-9912-49e9-b36f-3be1586466e8: shutdown 24be368e-9912-49e9-b36f-3be1586466e8@group-6B5012D43B73-LeaderElection82
2021-01-08 04:46:56,478 [24be368e-9912-49e9-b36f-3be1586466e8@group-6B5012D43B73-LeaderElection82] INFO  impl.RoleInfo (RoleInfo.java:updateAndGet(130)) - 24be368e-9912-49e9-b36f-3be1586466e8: start 24be368e-9912-49e9-b36f-3be1586466e8@group-6B5012D43B73-FollowerState
2021-01-08 04:46:56,480 [55aa2eb3-e7d2-43c8-9100-77f9e6fde891@group-6B5012D43B73-LeaderElection83] INFO  impl.LeaderElection (LeaderElection.java:logAndReturn(68)) - 55aa2eb3-e7d2-43c8-9100-77f9e6fde891@group-6B5012D43B73-LeaderElection83: Election  REJECTED received 2 response(s):[55aa2eb3-e7d2-43c8-9100-77f9e6fde891<-027ea797-585b-4d73-a004-b5fa2cd87a42#0:FAIL-t1, 55aa2eb3-e7d2-43c8-9100-77f9e6fde891<-24be368e-9912-49e9-b36f-3be1586466e8#0:FAIL-t1]
2021-01-08 04:46:56,480 [55aa2eb3-e7d2-43c8-9100-77f9e6fde891@group-6B5012D43B73-LeaderElection83] INFO  server.RaftServer$Division (RaftServerImpl.java:setRole(283)) - 55aa2eb3-e7d2-43c8-9100-77f9e6fde891@group-6B5012D43B73: changes role from CANDIDATE to FOLLOWER at term 1 for DISCOVERED_A_NEW_TERM
2021-01-08 04:46:56,480 [55aa2eb3-e7d2-43c8-9100-77f9e6fde891@group-6B5012D43B73-LeaderElection83] INFO  impl.RoleInfo (RoleInfo.java:shutdownLeaderElection(121)) - 55aa2eb3-e7d2-43c8-9100-77f9e6fde891: shutdown 55aa2eb3-e7d2-43c8-9100-77f9e6fde891@group-6B5012D43B73-LeaderElection83
2021-01-08 04:46:56,480 [55aa2eb3-e7d2-43c8-9100-77f9e6fde891@group-6B5012D43B73-LeaderElection83] INFO  impl.RoleInfo (RoleInfo.java:updateAndGet(130)) - 55aa2eb3-e7d2-43c8-9100-77f9e6fde891: start 55aa2eb3-e7d2-43c8-9100-77f9e6fde891@group-6B5012D43B73-FollowerState
2021-01-08 04:46:56,602 [Thread-5793] INFO  impl.FollowerState (FollowerState.java:run(133)) - 55aa2eb3-e7d2-43c8-9100-77f9e6fde891@group-9340E0DB6825-FollowerState: change to CANDIDATE, lastRpcElapsedTime:5191796882ns, electionTimeout:5189ms
2021-01-08 04:46:56,602 [Thread-5793] INFO  impl.RoleInfo (RoleInfo.java:shutdownFollowerState(108)) - 55aa2eb3-e7d2-43c8-9100-77f9e6fde891: shutdown 55aa2eb3-e7d2-43c8-9100-77f9e6fde891@group-9340E0DB6825-FollowerState
2021-01-08 04:46:56,602 [Thread-5793] INFO  server.RaftServer$Division (RaftServerImpl.java:setRole(283)) - 55aa2eb3-e7d2-43c8-9100-77f9e6fde891@group-9340E0DB6825: changes role from  FOLLOWER to CANDIDATE at term 0 for changeToCandidate
2021-01-08 04:46:56,602 [Thread-5793] INFO  impl.RoleInfo (RoleInfo.java:updateAndGet(130)) - 55aa2eb3-e7d2-43c8-9100-77f9e6fde891: start 55aa2eb3-e7d2-43c8-9100-77f9e6fde891@group-9340E0DB6825-LeaderElection84
2021-01-08 04:46:56,604 [55aa2eb3-e7d2-43c8-9100-77f9e6fde891@group-9340E0DB6825-LeaderElection84] INFO  impl.LeaderElection (LeaderElection.java:askForPreVotes(259)) - 55aa2eb3-e7d2-43c8-9100-77f9e6fde891@group-9340E0DB6825-LeaderElection84: begin a pre-vote at term 0 for -1: [55aa2eb3-e7d2-43c8-9100-77f9e6fde891|rpc:172.17.0.2:35207|priority:0], old=null
2021-01-08 04:46:56,604 [55aa2eb3-e7d2-43c8-9100-77f9e6fde891@group-9340E0DB6825-LeaderElection84] INFO  impl.LeaderElection (LeaderElection.java:askForPreVotes(261)) - 55aa2eb3-e7d2-43c8-9100-77f9e6fde891@group-9340E0DB6825-LeaderElection84 pre-vote result is PASSED.
2021-01-08 04:46:56,606 [55aa2eb3-e7d2-43c8-9100-77f9e6fde891@group-9340E0DB6825-LeaderElection84] INFO  impl.LeaderElection (LeaderElection.java:askForVotes(308)) - 55aa2eb3-e7d2-43c8-9100-77f9e6fde891@group-9340E0DB6825-LeaderElection84: begin an election at term 1 for -1: [55aa2eb3-e7d2-43c8-9100-77f9e6fde891|rpc:172.17.0.2:35207|priority:0], old=null
2021-01-08 04:46:56,606 [55aa2eb3-e7d2-43c8-9100-77f9e6fde891@group-9340E0DB6825-LeaderElection84] INFO  impl.RoleInfo (RoleInfo.java:shutdownLeaderElection(121)) - 55aa2eb3-e7d2-43c8-9100-77f9e6fde891: shutdown 55aa2eb3-e7d2-43c8-9100-77f9e6fde891@group-9340E0DB6825-LeaderElection84
2021-01-08 04:46:56,606 [55aa2eb3-e7d2-43c8-9100-77f9e6fde891@group-9340E0DB6825-LeaderElection84] INFO  server.RaftServer$Division (RaftServerImpl.java:setRole(283)) - 55aa2eb3-e7d2-43c8-9100-77f9e6fde891@group-9340E0DB6825: changes role from CANDIDATE to LEADER at term 1 for changeToLeader
2021-01-08 04:46:56,606 [55aa2eb3-e7d2-43c8-9100-77f9e6fde891@group-9340E0DB6825-LeaderElection84] INFO  ratis.XceiverServerRatis (XceiverServerRatis.java:handleLeaderChangedNotification(868)) - Leader change notification received for group: group-9340E0DB6825 with new leaderId: 55aa2eb3-e7d2-43c8-9100-77f9e6fde891
2021-01-08 04:46:56,606 [55aa2eb3-e7d2-43c8-9100-77f9e6fde891@group-9340E0DB6825-LeaderElection84] INFO  server.RaftServer$Division (ServerState.java:setLeader(249)) - 55aa2eb3-e7d2-43c8-9100-77f9e6fde891@group-9340E0DB6825: change Leader from null to 55aa2eb3-e7d2-43c8-9100-77f9e6fde891 at term 1 for becomeLeader, leader elected after 5211ms
2021-01-08 04:46:56,606 [55aa2eb3-e7d2-43c8-9100-77f9e6fde891@group-9340E0DB6825-LeaderElection84] INFO  server.RaftServerConfigKeys (ConfUtils.java:logGet(44)) - raft.server.staging.catchup.gap = 1000 (default)
2021-01-08 04:46:56,607 [55aa2eb3-e7d2-43c8-9100-77f9e6fde891@group-9340E0DB6825-LeaderElection84] INFO  metrics.RatisMetrics (RatisMetrics.java:lambda$create$0(36)) - Creating Metrics Registry : ratis.log_appender.55aa2eb3-e7d2-43c8-9100-77f9e6fde891@group-9340E0DB6825
2021-01-08 04:46:56,607 [EventQueue-OpenPipelineForHealthyPipelineSafeModeRule] INFO  safemode.SCMSafeModeManager (HealthyPipelineSafeModeRule.java:process(128)) - SCM in safe mode. Healthy pipelines reported count is 0, required healthy pipeline reported count is 1
2021-01-08 04:46:56,607 [EventQueue-PipelineReportForOneReplicaPipelineSafeModeRule] INFO  safemode.SCMSafeModeManager (SCMSafeModeManager.java:validateSafeModeExitRules(214)) - AtleastOneDatanodeReportedRule rule is successfully validated
2021-01-08 04:46:56,607 [55aa2eb3-e7d2-43c8-9100-77f9e6fde891@group-9340E0DB6825-LeaderElection84] INFO  server.RaftServerConfigKeys (ConfUtils.java:logGet(44)) - raft.server.write.element-limit = 1024 (custom)
2021-01-08 04:46:56,607 [55aa2eb3-e7d2-43c8-9100-77f9e6fde891@group-9340E0DB6825-LeaderElection84] INFO  server.RaftServerConfigKeys (ConfUtils.java:logGet(44)) - raft.server.write.byte-limit = 1073741824 (custom)
2021-01-08 04:46:56,608 [EventQueue-PipelineReportForOneReplicaPipelineSafeModeRule] INFO  safemode.SCMSafeModeManager (SCMSafeModeManager.java:validateSafeModeExitRules(214)) - AtleastOneDatanodeReportedRule rule is successfully validated
2021-01-08 04:46:56,608 [EventQueue-OpenPipelineForHealthyPipelineSafeModeRule] INFO  safemode.SCMSafeModeManager (HealthyPipelineSafeModeRule.java:process(128)) - SCM in safe mode. Healthy pipelines reported count is 0, required healthy pipeline reported count is 1
2021-01-08 04:46:56,609 [55aa2eb3-e7d2-43c8-9100-77f9e6fde891@group-9340E0DB6825-LeaderElection84] INFO  server.RaftServerConfigKeys (ConfUtils.java:logGet(44)) - raft.server.watch.timeout = 180s (custom)
2021-01-08 04:46:56,609 [55aa2eb3-e7d2-43c8-9100-77f9e6fde891@group-9340E0DB6825-LeaderElection84] INFO  server.RaftServerConfigKeys (ConfUtils.java:logGet(44)) - raft.server.watch.timeout.denomination = 1s (default)
2021-01-08 04:46:56,609 [55aa2eb3-e7d2-43c8-9100-77f9e6fde891@group-9340E0DB6825-LeaderElection84] INFO  server.RaftServerConfigKeys (ConfUtils.java:logGet(44)) - raft.server.watch.element-limit = 65536 (default)
2021-01-08 04:46:56,609 [55aa2eb3-e7d2-43c8-9100-77f9e6fde891@group-9340E0DB6825-LeaderElection84] INFO  impl.RoleInfo (RoleInfo.java:updateAndGet(130)) - 55aa2eb3-e7d2-43c8-9100-77f9e6fde891: start 55aa2eb3-e7d2-43c8-9100-77f9e6fde891@group-9340E0DB6825-LeaderStateImpl
2021-01-08 04:46:56,610 [55aa2eb3-e7d2-43c8-9100-77f9e6fde891@group-9340E0DB6825-LeaderElection84] INFO  segmented.SegmentedRaftLogWorker (SegmentedRaftLogWorker.java:startLogSegment(392)) - 55aa2eb3-e7d2-43c8-9100-77f9e6fde891@group-9340E0DB6825-SegmentedRaftLogWorker: Starting segment from index:0
2021-01-08 04:46:56,611 [55aa2eb3-e7d2-43c8-9100-77f9e6fde891@group-9340E0DB6825-LeaderElection84] INFO  server.RaftServer$Division (ServerState.java:setRaftConf(368)) - 55aa2eb3-e7d2-43c8-9100-77f9e6fde891@group-9340E0DB6825: set configuration 0: [55aa2eb3-e7d2-43c8-9100-77f9e6fde891|rpc:172.17.0.2:35207|dataStream:|priority:0], old=null
2021-01-08 04:46:56,613 [55aa2eb3-e7d2-43c8-9100-77f9e6fde891@group-9340E0DB6825-SegmentedRaftLogWorker] INFO  segmented.SegmentedRaftLogWorker (SegmentedRaftLogWorker.java:execute(599)) - 55aa2eb3-e7d2-43c8-9100-77f9e6fde891@group-9340E0DB6825-SegmentedRaftLogWorker: created new log segment /github/workspace/mnt/ozone/hadoop-ozone/integration-test/target/test-dir/MiniOzoneClusterImpl-8e553afa-60cb-4a34-8c5d-9ccb1efc285c/datanode-1/data/ratis/629994de-218d-4344-8a88-9340e0db6825/current/log_inprogress_0
2021-01-08 04:46:56,729 [Thread-5795] INFO  impl.FollowerState (FollowerState.java:run(133)) - 027ea797-585b-4d73-a004-b5fa2cd87a42@group-7B8723723BAE-FollowerState: change to CANDIDATE, lastRpcElapsedTime:5109399064ns, electionTimeout:5109ms
2021-01-08 04:46:56,730 [Thread-5795] INFO  impl.RoleInfo (RoleInfo.java:shutdownFollowerState(108)) - 027ea797-585b-4d73-a004-b5fa2cd87a42: shutdown 027ea797-585b-4d73-a004-b5fa2cd87a42@group-7B8723723BAE-FollowerState
2021-01-08 04:46:56,730 [Thread-5795] INFO  server.RaftServer$Division (RaftServerImpl.java:setRole(283)) - 027ea797-585b-4d73-a004-b5fa2cd87a42@group-7B8723723BAE: changes role from  FOLLOWER to CANDIDATE at term 0 for changeToCandidate
2021-01-08 04:46:56,730 [Thread-5795] INFO  impl.RoleInfo (RoleInfo.java:updateAndGet(130)) - 027ea797-585b-4d73-a004-b5fa2cd87a42: start 027ea797-585b-4d73-a004-b5fa2cd87a42@group-7B8723723BAE-LeaderElection85
2021-01-08 04:46:56,732 [027ea797-585b-4d73-a004-b5fa2cd87a42@group-7B8723723BAE-LeaderElection85] INFO  impl.LeaderElection (LeaderElection.java:askForPreVotes(259)) - 027ea797-585b-4d73-a004-b5fa2cd87a42@group-7B8723723BAE-LeaderElection85: begin a pre-vote at term 0 for -1: [027ea797-585b-4d73-a004-b5fa2cd87a42|rpc:172.17.0.2:43035|priority:0], old=null
2021-01-08 04:46:56,732 [027ea797-585b-4d73-a004-b5fa2cd87a42@group-7B8723723BAE-LeaderElection85] INFO  impl.LeaderElection (LeaderElection.java:askForPreVotes(261)) - 027ea797-585b-4d73-a004-b5fa2cd87a42@group-7B8723723BAE-LeaderElection85 pre-vote result is PASSED.
2021-01-08 04:46:56,733 [027ea797-585b-4d73-a004-b5fa2cd87a42@group-7B8723723BAE-LeaderElection85] INFO  impl.LeaderElection (LeaderElection.java:askForVotes(308)) - 027ea797-585b-4d73-a004-b5fa2cd87a42@group-7B8723723BAE-LeaderElection85: begin an election at term 1 for -1: [027ea797-585b-4d73-a004-b5fa2cd87a42|rpc:172.17.0.2:43035|priority:0], old=null
2021-01-08 04:46:56,734 [027ea797-585b-4d73-a004-b5fa2cd87a42@group-7B8723723BAE-LeaderElection85] INFO  impl.RoleInfo (RoleInfo.java:shutdownLeaderElection(121)) - 027ea797-585b-4d73-a004-b5fa2cd87a42: shutdown 027ea797-585b-4d73-a004-b5fa2cd87a42@group-7B8723723BAE-LeaderElection85
2021-01-08 04:46:56,734 [027ea797-585b-4d73-a004-b5fa2cd87a42@group-7B8723723BAE-LeaderElection85] INFO  server.RaftServer$Division (RaftServerImpl.java:setRole(283)) - 027ea797-585b-4d73-a004-b5fa2cd87a42@group-7B8723723BAE: changes role from CANDIDATE to LEADER at term 1 for changeToLeader
2021-01-08 04:46:56,734 [027ea797-585b-4d73-a004-b5fa2cd87a42@group-7B8723723BAE-LeaderElection85] INFO  ratis.XceiverServerRatis (XceiverServerRatis.java:handleLeaderChangedNotification(868)) - Leader change notification received for group: group-7B8723723BAE with new leaderId: 027ea797-585b-4d73-a004-b5fa2cd87a42
2021-01-08 04:46:56,734 [027ea797-585b-4d73-a004-b5fa2cd87a42@group-7B8723723BAE-LeaderElection85] INFO  server.RaftServer$Division (ServerState.java:setLeader(249)) - 027ea797-585b-4d73-a004-b5fa2cd87a42@group-7B8723723BAE: change Leader from null to 027ea797-585b-4d73-a004-b5fa2cd87a42 at term 1 for becomeLeader, leader elected after 5126ms
2021-01-08 04:46:56,734 [027ea797-585b-4d73-a004-b5fa2cd87a42@group-7B8723723BAE-LeaderElection85] INFO  server.RaftServerConfigKeys (ConfUtils.java:logGet(44)) - raft.server.staging.catchup.gap = 1000 (default)
2021-01-08 04:46:56,734 [027ea797-585b-4d73-a004-b5fa2cd87a42@group-7B8723723BAE-LeaderElection85] INFO  metrics.RatisMetrics (RatisMetrics.java:lambda$create$0(36)) - Creating Metrics Registry : ratis.log_appender.027ea797-585b-4d73-a004-b5fa2cd87a42@group-7B8723723BAE
2021-01-08 04:46:56,735 [027ea797-585b-4d73-a004-b5fa2cd87a42@group-7B8723723BAE-LeaderElection85] INFO  server.RaftServerConfigKeys (ConfUtils.java:logGet(44)) - raft.server.write.element-limit = 1024 (custom)
2021-01-08 04:46:56,735 [EventQueue-PipelineReportForOneReplicaPipelineSafeModeRule] INFO  safemode.SCMSafeModeManager (SCMSafeModeManager.java:validateSafeModeExitRules(214)) - AtleastOneDatanodeReportedRule rule is successfully validated
2021-01-08 04:46:56,739 [EventQueue-OpenPipelineForHealthyPipelineSafeModeRule] INFO  safemode.SCMSafeModeManager (HealthyPipelineSafeModeRule.java:process(128)) - SCM in safe mode. Healthy pipelines reported count is 0, required healthy pipeline reported count is 1
2021-01-08 04:46:56,735 [027ea797-585b-4d73-a004-b5fa2cd87a42@group-7B8723723BAE-LeaderElection85] INFO  server.RaftServerConfigKeys (ConfUtils.java:logGet(44)) - raft.server.write.byte-limit = 1073741824 (custom)
2021-01-08 04:46:56,740 [027ea797-585b-4d73-a004-b5fa2cd87a42@group-7B8723723BAE-LeaderElection85] INFO  server.RaftServerConfigKeys (ConfUtils.java:logGet(44)) - raft.server.watch.timeout = 180s (custom)
2021-01-08 04:46:56,740 [027ea797-585b-4d73-a004-b5fa2cd87a42@group-7B8723723BAE-LeaderElection85] INFO  server.RaftServerConfigKeys (ConfUtils.java:logGet(44)) - raft.server.watch.timeout.denomination = 1s (default)
2021-01-08 04:46:56,740 [027ea797-585b-4d73-a004-b5fa2cd87a42@group-7B8723723BAE-LeaderElection85] INFO  server.RaftServerConfigKeys (ConfUtils.java:logGet(44)) - raft.server.watch.element-limit = 65536 (default)
2021-01-08 04:46:56,740 [027ea797-585b-4d73-a004-b5fa2cd87a42@group-7B8723723BAE-LeaderElection85] INFO  impl.RoleInfo (RoleInfo.java:updateAndGet(130)) - 027ea797-585b-4d73-a004-b5fa2cd87a42: start 027ea797-585b-4d73-a004-b5fa2cd87a42@group-7B8723723BAE-LeaderStateImpl
2021-01-08 04:46:56,741 [027ea797-585b-4d73-a004-b5fa2cd87a42@group-7B8723723BAE-LeaderElection85] INFO  segmented.SegmentedRaftLogWorker (SegmentedRaftLogWorker.java:startLogSegment(392)) - 027ea797-585b-4d73-a004-b5fa2cd87a42@group-7B8723723BAE-SegmentedRaftLogWorker: Starting segment from index:0
2021-01-08 04:46:56,745 [027ea797-585b-4d73-a004-b5fa2cd87a42@group-7B8723723BAE-LeaderElection85] INFO  server.RaftServer$Division (ServerState.java:setRaftConf(368)) - 027ea797-585b-4d73-a004-b5fa2cd87a42@group-7B8723723BAE: set configuration 0: [027ea797-585b-4d73-a004-b5fa2cd87a42|rpc:172.17.0.2:43035|dataStream:|priority:0], old=null
2021-01-08 04:46:56,745 [027ea797-585b-4d73-a004-b5fa2cd87a42@group-7B8723723BAE-SegmentedRaftLogWorker] INFO  segmented.SegmentedRaftLogWorker (SegmentedRaftLogWorker.java:execute(599)) - 027ea797-585b-4d73-a004-b5fa2cd87a42@group-7B8723723BAE-SegmentedRaftLogWorker: created new log segment /github/workspace/mnt/ozone/hadoop-ozone/integration-test/target/test-dir/MiniOzoneClusterImpl-8e553afa-60cb-4a34-8c5d-9ccb1efc285c/datanode-2/data/ratis/624fe8c8-c66d-4f0e-9e67-7b8723723bae/current/log_inprogress_0
2021-01-08 04:46:56,927 [EventQueue-OpenPipelineForHealthyPipelineSafeModeRule] INFO  safemode.SCMSafeModeManager (HealthyPipelineSafeModeRule.java:process(128)) - SCM in safe mode. Healthy pipelines reported count is 0, required healthy pipeline reported count is 1
2021-01-08 04:46:56,927 [EventQueue-PipelineReportForOneReplicaPipelineSafeModeRule] INFO  safemode.SCMSafeModeManager (SCMSafeModeManager.java:validateSafeModeExitRules(214)) - AtleastOneDatanodeReportedRule rule is successfully validated
2021-01-08 04:46:57,023 [Thread-5797] INFO  impl.FollowerState (FollowerState.java:run(133)) - 7c042e84-4356-40d3-8d58-8573f50c8ed6@group-ED62677DC460-FollowerState: change to CANDIDATE, lastRpcElapsedTime:5110434265ns, electionTimeout:5103ms
2021-01-08 04:46:57,024 [Thread-5797] INFO  impl.RoleInfo (RoleInfo.java:shutdownFollowerState(108)) - 7c042e84-4356-40d3-8d58-8573f50c8ed6: shutdown 7c042e84-4356-40d3-8d58-8573f50c8ed6@group-ED62677DC460-FollowerState
2021-01-08 04:46:57,024 [Thread-5797] INFO  server.RaftServer$Division (RaftServerImpl.java:setRole(283)) - 7c042e84-4356-40d3-8d58-8573f50c8ed6@group-ED62677DC460: changes role from  FOLLOWER to CANDIDATE at term 0 for changeToCandidate
2021-01-08 04:46:57,024 [Thread-5797] INFO  impl.RoleInfo (RoleInfo.java:updateAndGet(130)) - 7c042e84-4356-40d3-8d58-8573f50c8ed6: start 7c042e84-4356-40d3-8d58-8573f50c8ed6@group-ED62677DC460-LeaderElection86
2021-01-08 04:46:57,026 [7c042e84-4356-40d3-8d58-8573f50c8ed6@group-ED62677DC460-LeaderElection86] INFO  impl.LeaderElection (LeaderElection.java:askForPreVotes(259)) - 7c042e84-4356-40d3-8d58-8573f50c8ed6@group-ED62677DC460-LeaderElection86: begin a pre-vote at term 0 for -1: [7c042e84-4356-40d3-8d58-8573f50c8ed6|rpc:172.17.0.2:35077|priority:0], old=null
2021-01-08 04:46:57,026 [7c042e84-4356-40d3-8d58-8573f50c8ed6@group-ED62677DC460-LeaderElection86] INFO  impl.LeaderElection (LeaderElection.java:askForPreVotes(261)) - 7c042e84-4356-40d3-8d58-8573f50c8ed6@group-ED62677DC460-LeaderElection86 pre-vote result is PASSED.
2021-01-08 04:46:57,027 [7c042e84-4356-40d3-8d58-8573f50c8ed6@group-ED62677DC460-LeaderElection86] INFO  impl.LeaderElection (LeaderElection.java:askForVotes(308)) - 7c042e84-4356-40d3-8d58-8573f50c8ed6@group-ED62677DC460-LeaderElection86: begin an election at term 1 for -1: [7c042e84-4356-40d3-8d58-8573f50c8ed6|rpc:172.17.0.2:35077|priority:0], old=null
2021-01-08 04:46:57,027 [7c042e84-4356-40d3-8d58-8573f50c8ed6@group-ED62677DC460-LeaderElection86] INFO  impl.RoleInfo (RoleInfo.java:shutdownLeaderElection(121)) - 7c042e84-4356-40d3-8d58-8573f50c8ed6: shutdown 7c042e84-4356-40d3-8d58-8573f50c8ed6@group-ED62677DC460-LeaderElection86
2021-01-08 04:46:57,027 [7c042e84-4356-40d3-8d58-8573f50c8ed6@group-ED62677DC460-LeaderElection86] INFO  server.RaftServer$Division (RaftServerImpl.java:setRole(283)) - 7c042e84-4356-40d3-8d58-8573f50c8ed6@group-ED62677DC460: changes role from CANDIDATE to LEADER at term 1 for changeToLeader
2021-01-08 04:46:57,027 [7c042e84-4356-40d3-8d58-8573f50c8ed6@group-ED62677DC460-LeaderElection86] INFO  ratis.XceiverServerRatis (XceiverServerRatis.java:handleLeaderChangedNotification(868)) - Leader change notification received for group: group-ED62677DC460 with new leaderId: 7c042e84-4356-40d3-8d58-8573f50c8ed6
2021-01-08 04:46:57,027 [7c042e84-4356-40d3-8d58-8573f50c8ed6@group-ED62677DC460-LeaderElection86] INFO  server.RaftServer$Division (ServerState.java:setLeader(249)) - 7c042e84-4356-40d3-8d58-8573f50c8ed6@group-ED62677DC460: change Leader from null to 7c042e84-4356-40d3-8d58-8573f50c8ed6 at term 1 for becomeLeader, leader elected after 5210ms
2021-01-08 04:46:57,027 [7c042e84-4356-40d3-8d58-8573f50c8ed6@group-ED62677DC460-LeaderElection86] INFO  server.RaftServerConfigKeys (ConfUtils.java:logGet(44)) - raft.server.staging.catchup.gap = 1000 (default)
2021-01-08 04:46:57,027 [7c042e84-4356-40d3-8d58-8573f50c8ed6@group-ED62677DC460-LeaderElection86] INFO  metrics.RatisMetrics (RatisMetrics.java:lambda$create$0(36)) - Creating Metrics Registry : ratis.log_appender.7c042e84-4356-40d3-8d58-8573f50c8ed6@group-ED62677DC460
2021-01-08 04:46:57,028 [EventQueue-PipelineReportForOneReplicaPipelineSafeModeRule] INFO  safemode.SCMSafeModeManager (SCMSafeModeManager.java:validateSafeModeExitRules(214)) - AtleastOneDatanodeReportedRule rule is successfully validated
2021-01-08 04:46:57,028 [EventQueue-OpenPipelineForHealthyPipelineSafeModeRule] INFO  safemode.SCMSafeModeManager (HealthyPipelineSafeModeRule.java:process(128)) - SCM in safe mode. Healthy pipelines reported count is 0, required healthy pipeline reported count is 1
2021-01-08 04:46:57,028 [7c042e84-4356-40d3-8d58-8573f50c8ed6@group-ED62677DC460-LeaderElection86] INFO  server.RaftServerConfigKeys (ConfUtils.java:logGet(44)) - raft.server.write.element-limit = 1024 (custom)
2021-01-08 04:46:57,030 [7c042e84-4356-40d3-8d58-8573f50c8ed6@group-ED62677DC460-LeaderElection86] INFO  server.RaftServerConfigKeys (ConfUtils.java:logGet(44)) - raft.server.write.byte-limit = 1073741824 (custom)
2021-01-08 04:46:57,030 [EventQueue-OpenPipelineForHealthyPipelineSafeModeRule] INFO  safemode.SCMSafeModeManager (HealthyPipelineSafeModeRule.java:process(128)) - SCM in safe mode. Healthy pipelines reported count is 0, required healthy pipeline reported count is 1
2021-01-08 04:46:57,030 [EventQueue-PipelineReportForOneReplicaPipelineSafeModeRule] INFO  safemode.SCMSafeModeManager (SCMSafeModeManager.java:validateSafeModeExitRules(214)) - AtleastOneDatanodeReportedRule rule is successfully validated
2021-01-08 04:46:57,031 [7c042e84-4356-40d3-8d58-8573f50c8ed6@group-ED62677DC460-LeaderElection86] INFO  server.RaftServerConfigKeys (ConfUtils.java:logGet(44)) - raft.server.watch.timeout = 180s (custom)
2021-01-08 04:46:57,032 [7c042e84-4356-40d3-8d58-8573f50c8ed6@group-ED62677DC460-LeaderElection86] INFO  server.RaftServerConfigKeys (ConfUtils.java:logGet(44)) - raft.server.watch.timeout.denomination = 1s (default)
2021-01-08 04:46:57,032 [7c042e84-4356-40d3-8d58-8573f50c8ed6@group-ED62677DC460-LeaderElection86] INFO  server.RaftServerConfigKeys (ConfUtils.java:logGet(44)) - raft.server.watch.element-limit = 65536 (default)
2021-01-08 04:46:57,032 [7c042e84-4356-40d3-8d58-8573f50c8ed6@group-ED62677DC460-LeaderElection86] INFO  impl.RoleInfo (RoleInfo.java:updateAndGet(130)) - 7c042e84-4356-40d3-8d58-8573f50c8ed6: start 7c042e84-4356-40d3-8d58-8573f50c8ed6@group-ED62677DC460-LeaderStateImpl
2021-01-08 04:46:57,032 [7c042e84-4356-40d3-8d58-8573f50c8ed6@group-ED62677DC460-LeaderElection86] INFO  segmented.SegmentedRaftLogWorker (SegmentedRaftLogWorker.java:startLogSegment(392)) - 7c042e84-4356-40d3-8d58-8573f50c8ed6@group-ED62677DC460-SegmentedRaftLogWorker: Starting segment from index:0
2021-01-08 04:46:57,034 [7c042e84-4356-40d3-8d58-8573f50c8ed6@group-ED62677DC460-LeaderElection86] INFO  server.RaftServer$Division (ServerState.java:setRaftConf(368)) - 7c042e84-4356-40d3-8d58-8573f50c8ed6@group-ED62677DC460: set configuration 0: [7c042e84-4356-40d3-8d58-8573f50c8ed6|rpc:172.17.0.2:35077|dataStream:|priority:0], old=null
2021-01-08 04:46:57,035 [7c042e84-4356-40d3-8d58-8573f50c8ed6@group-ED62677DC460-SegmentedRaftLogWorker] INFO  segmented.SegmentedRaftLogWorker (SegmentedRaftLogWorker.java:execute(599)) - 7c042e84-4356-40d3-8d58-8573f50c8ed6@group-ED62677DC460-SegmentedRaftLogWorker: created new log segment /github/workspace/mnt/ozone/hadoop-ozone/integration-test/target/test-dir/MiniOzoneClusterImpl-8e553afa-60cb-4a34-8c5d-9ccb1efc285c/datanode-3/data/ratis/40443567-9854-4c53-aa49-ed62677dc460/current/log_inprogress_0
2021-01-08 04:46:57,050 [Thread-5807] INFO  impl.FollowerState (FollowerState.java:run(133)) - c1649de0-22a9-4a2d-8f9f-08808ec0c035@group-80E7D1D024F0-FollowerState: change to CANDIDATE, lastRpcElapsedTime:5008816220ns, electionTimeout:5007ms
2021-01-08 04:46:57,050 [Thread-5807] INFO  impl.RoleInfo (RoleInfo.java:shutdownFollowerState(108)) - c1649de0-22a9-4a2d-8f9f-08808ec0c035: shutdown c1649de0-22a9-4a2d-8f9f-08808ec0c035@group-80E7D1D024F0-FollowerState
2021-01-08 04:46:57,050 [Thread-5807] INFO  server.RaftServer$Division (RaftServerImpl.java:setRole(283)) - c1649de0-22a9-4a2d-8f9f-08808ec0c035@group-80E7D1D024F0: changes role from  FOLLOWER to CANDIDATE at term 0 for changeToCandidate
2021-01-08 04:46:57,050 [Thread-5807] INFO  impl.RoleInfo (RoleInfo.java:updateAndGet(130)) - c1649de0-22a9-4a2d-8f9f-08808ec0c035: start c1649de0-22a9-4a2d-8f9f-08808ec0c035@group-80E7D1D024F0-LeaderElection87
2021-01-08 04:46:57,054 [c1649de0-22a9-4a2d-8f9f-08808ec0c035@group-80E7D1D024F0-LeaderElection87] INFO  impl.LeaderElection (LeaderElection.java:askForPreVotes(259)) - c1649de0-22a9-4a2d-8f9f-08808ec0c035@group-80E7D1D024F0-LeaderElection87: begin a pre-vote at term 0 for -1: [c1649de0-22a9-4a2d-8f9f-08808ec0c035|rpc:172.17.0.2:36837|priority:0], old=null
2021-01-08 04:46:57,054 [c1649de0-22a9-4a2d-8f9f-08808ec0c035@group-80E7D1D024F0-LeaderElection87] INFO  impl.LeaderElection (LeaderElection.java:askForPreVotes(261)) - c1649de0-22a9-4a2d-8f9f-08808ec0c035@group-80E7D1D024F0-LeaderElection87 pre-vote result is PASSED.
2021-01-08 04:46:57,055 [c1649de0-22a9-4a2d-8f9f-08808ec0c035@group-80E7D1D024F0-LeaderElection87] INFO  impl.LeaderElection (LeaderElection.java:askForVotes(308)) - c1649de0-22a9-4a2d-8f9f-08808ec0c035@group-80E7D1D024F0-LeaderElection87: begin an election at term 1 for -1: [c1649de0-22a9-4a2d-8f9f-08808ec0c035|rpc:172.17.0.2:36837|priority:0], old=null
2021-01-08 04:46:57,055 [c1649de0-22a9-4a2d-8f9f-08808ec0c035@group-80E7D1D024F0-LeaderElection87] INFO  impl.RoleInfo (RoleInfo.java:shutdownLeaderElection(121)) - c1649de0-22a9-4a2d-8f9f-08808ec0c035: shutdown c1649de0-22a9-4a2d-8f9f-08808ec0c035@group-80E7D1D024F0-LeaderElection87
2021-01-08 04:46:57,055 [c1649de0-22a9-4a2d-8f9f-08808ec0c035@group-80E7D1D024F0-LeaderElection87] INFO  server.RaftServer$Division (RaftServerImpl.java:setRole(283)) - c1649de0-22a9-4a2d-8f9f-08808ec0c035@group-80E7D1D024F0: changes role from CANDIDATE to LEADER at term 1 for changeToLeader
2021-01-08 04:46:57,055 [c1649de0-22a9-4a2d-8f9f-08808ec0c035@group-80E7D1D024F0-LeaderElection87] INFO  ratis.XceiverServerRatis (XceiverServerRatis.java:handleLeaderChangedNotification(868)) - Leader change notification received for group: group-80E7D1D024F0 with new leaderId: c1649de0-22a9-4a2d-8f9f-08808ec0c035
2021-01-08 04:46:57,055 [c1649de0-22a9-4a2d-8f9f-08808ec0c035@group-80E7D1D024F0-LeaderElection87] INFO  server.RaftServer$Division (ServerState.java:setLeader(249)) - c1649de0-22a9-4a2d-8f9f-08808ec0c035@group-80E7D1D024F0: change Leader from null to c1649de0-22a9-4a2d-8f9f-08808ec0c035 at term 1 for becomeLeader, leader elected after 5025ms
2021-01-08 04:46:57,055 [c1649de0-22a9-4a2d-8f9f-08808ec0c035@group-80E7D1D024F0-LeaderElection87] INFO  server.RaftServerConfigKeys (ConfUtils.java:logGet(44)) - raft.server.staging.catchup.gap = 1000 (default)
2021-01-08 04:46:57,055 [c1649de0-22a9-4a2d-8f9f-08808ec0c035@group-80E7D1D024F0-LeaderElection87] INFO  metrics.RatisMetrics (RatisMetrics.java:lambda$create$0(36)) - Creating Metrics Registry : ratis.log_appender.c1649de0-22a9-4a2d-8f9f-08808ec0c035@group-80E7D1D024F0
2021-01-08 04:46:57,056 [EventQueue-PipelineReportForOneReplicaPipelineSafeModeRule] INFO  safemode.SCMSafeModeManager (SCMSafeModeManager.java:validateSafeModeExitRules(214)) - AtleastOneDatanodeReportedRule rule is successfully validated
2021-01-08 04:46:57,056 [EventQueue-OpenPipelineForHealthyPipelineSafeModeRule] INFO  safemode.SCMSafeModeManager (HealthyPipelineSafeModeRule.java:process(128)) - SCM in safe mode. Healthy pipelines reported count is 0, required healthy pipeline reported count is 1
2021-01-08 04:46:57,056 [c1649de0-22a9-4a2d-8f9f-08808ec0c035@group-80E7D1D024F0-LeaderElection87] INFO  server.RaftServerConfigKeys (ConfUtils.java:logGet(44)) - raft.server.write.element-limit = 1024 (custom)
2021-01-08 04:46:57,056 [c1649de0-22a9-4a2d-8f9f-08808ec0c035@group-80E7D1D024F0-LeaderElection87] INFO  server.RaftServerConfigKeys (ConfUtils.java:logGet(44)) - raft.server.write.byte-limit = 1073741824 (custom)
2021-01-08 04:46:57,057 [c1649de0-22a9-4a2d-8f9f-08808ec0c035@group-80E7D1D024F0-LeaderElection87] INFO  server.RaftServerConfigKeys (ConfUtils.java:logGet(44)) - raft.server.watch.timeout = 180s (custom)
2021-01-08 04:46:57,057 [c1649de0-22a9-4a2d-8f9f-08808ec0c035@group-80E7D1D024F0-LeaderElection87] INFO  server.RaftServerConfigKeys (ConfUtils.java:logGet(44)) - raft.server.watch.timeout.denomination = 1s (default)
2021-01-08 04:46:57,057 [c1649de0-22a9-4a2d-8f9f-08808ec0c035@group-80E7D1D024F0-LeaderElection87] INFO  server.RaftServerConfigKeys (ConfUtils.java:logGet(44)) - raft.server.watch.element-limit = 65536 (default)
2021-01-08 04:46:57,057 [c1649de0-22a9-4a2d-8f9f-08808ec0c035@group-80E7D1D024F0-LeaderElection87] INFO  impl.RoleInfo (RoleInfo.java:updateAndGet(130)) - c1649de0-22a9-4a2d-8f9f-08808ec0c035: start c1649de0-22a9-4a2d-8f9f-08808ec0c035@group-80E7D1D024F0-LeaderStateImpl
2021-01-08 04:46:57,058 [c1649de0-22a9-4a2d-8f9f-08808ec0c035@group-80E7D1D024F0-LeaderElection87] INFO  segmented.SegmentedRaftLogWorker (SegmentedRaftLogWorker.java:startLogSegment(392)) - c1649de0-22a9-4a2d-8f9f-08808ec0c035@group-80E7D1D024F0-SegmentedRaftLogWorker: Starting segment from index:0
2021-01-08 04:46:57,063 [c1649de0-22a9-4a2d-8f9f-08808ec0c035@group-80E7D1D024F0-LeaderElection87] INFO  server.RaftServer$Division (ServerState.java:setRaftConf(368)) - c1649de0-22a9-4a2d-8f9f-08808ec0c035@group-80E7D1D024F0: set configuration 0: [c1649de0-22a9-4a2d-8f9f-08808ec0c035|rpc:172.17.0.2:36837|dataStream:|priority:0], old=null
2021-01-08 04:46:57,066 [c1649de0-22a9-4a2d-8f9f-08808ec0c035@group-80E7D1D024F0-SegmentedRaftLogWorker] INFO  segmented.SegmentedRaftLogWorker (SegmentedRaftLogWorker.java:execute(599)) - c1649de0-22a9-4a2d-8f9f-08808ec0c035@group-80E7D1D024F0-SegmentedRaftLogWorker: created new log segment /github/workspace/mnt/ozone/hadoop-ozone/integration-test/target/test-dir/MiniOzoneClusterImpl-8e553afa-60cb-4a34-8c5d-9ccb1efc285c/datanode-4/data/ratis/36c0d7f8-04c4-46f7-b093-80e7d1d024f0/current/log_inprogress_0
2021-01-08 04:46:57,092 [Thread-5804] INFO  impl.FollowerState (FollowerState.java:run(133)) - c1649de0-22a9-4a2d-8f9f-08808ec0c035@group-729EB5F5A5A9-FollowerState: change to CANDIDATE, lastRpcElapsedTime:5084372828ns, electionTimeout:5084ms
2021-01-08 04:46:57,092 [Thread-5804] INFO  impl.RoleInfo (RoleInfo.java:shutdownFollowerState(108)) - c1649de0-22a9-4a2d-8f9f-08808ec0c035: shutdown c1649de0-22a9-4a2d-8f9f-08808ec0c035@group-729EB5F5A5A9-FollowerState
2021-01-08 04:46:57,092 [Thread-5804] INFO  server.RaftServer$Division (RaftServerImpl.java:setRole(283)) - c1649de0-22a9-4a2d-8f9f-08808ec0c035@group-729EB5F5A5A9: changes role from  FOLLOWER to CANDIDATE at term 0 for changeToCandidate
2021-01-08 04:46:57,092 [Thread-5804] INFO  impl.RoleInfo (RoleInfo.java:updateAndGet(130)) - c1649de0-22a9-4a2d-8f9f-08808ec0c035: start c1649de0-22a9-4a2d-8f9f-08808ec0c035@group-729EB5F5A5A9-LeaderElection88
2021-01-08 04:46:57,094 [c1649de0-22a9-4a2d-8f9f-08808ec0c035@group-729EB5F5A5A9-LeaderElection88] INFO  impl.LeaderElection (LeaderElection.java:askForPreVotes(259)) - c1649de0-22a9-4a2d-8f9f-08808ec0c035@group-729EB5F5A5A9-LeaderElection88: begin a pre-vote at term 0 for -1: [7c042e84-4356-40d3-8d58-8573f50c8ed6|rpc:172.17.0.2:35077|dataStream:|priority:0, c1649de0-22a9-4a2d-8f9f-08808ec0c035|rpc:172.17.0.2:36837|dataStream:|priority:0, 689c23cd-66ac-4afb-b938-b7ca1102e3b6|rpc:172.17.0.2:43779|dataStream:|priority:0], old=null
2021-01-08 04:46:57,099 [grpc-default-executor-4] INFO  metrics.RatisMetrics (RatisMetrics.java:lambda$create$0(36)) - Creating Metrics Registry : ratis.server_message_metrics.7c042e84-4356-40d3-8d58-8573f50c8ed6
2021-01-08 04:46:57,100 [grpc-default-executor-4] INFO  server.RaftServer$Division (RaftServerImpl.java:requestPreVote(1060)) - 7c042e84-4356-40d3-8d58-8573f50c8ed6@group-729EB5F5A5A9: receive preVote(c1649de0-22a9-4a2d-8f9f-08808ec0c035, group-729EB5F5A5A9, 0, (t:0, i:0))
2021-01-08 04:46:57,100 [grpc-default-executor-4] INFO  server.RaftServer$Division (RaftServerImpl.java:requestPreVote(1081)) - 7c042e84-4356-40d3-8d58-8573f50c8ed6@group-729EB5F5A5A9 role: FOLLOWER allow pre-vote from:c1649de0-22a9-4a2d-8f9f-08808ec0c035
2021-01-08 04:46:57,100 [grpc-default-executor-4] INFO  server.RaftServer$Division (RaftServerImpl.java:requestPreVote(1099)) - 7c042e84-4356-40d3-8d58-8573f50c8ed6@group-729EB5F5A5A9 replies to pre-vote request: c1649de0-22a9-4a2d-8f9f-08808ec0c035<-7c042e84-4356-40d3-8d58-8573f50c8ed6#0:OK-t0. Peer's state: 7c042e84-4356-40d3-8d58-8573f50c8ed6@group-729EB5F5A5A9:t0, leader=null, voted=, raftlog=7c042e84-4356-40d3-8d58-8573f50c8ed6@group-729EB5F5A5A9-SegmentedRaftLog:OPENED:c-1,f-1,i0, conf=-1: [7c042e84-4356-40d3-8d58-8573f50c8ed6|rpc:172.17.0.2:35077|priority:0, c1649de0-22a9-4a2d-8f9f-08808ec0c035|rpc:172.17.0.2:36837|priority:0, 689c23cd-66ac-4afb-b938-b7ca1102e3b6|rpc:172.17.0.2:43779|priority:0], old=null
2021-01-08 04:46:57,101 [c1649de0-22a9-4a2d-8f9f-08808ec0c035@group-729EB5F5A5A9-LeaderElection88] INFO  impl.LeaderElection (LeaderElection.java:logAndReturn(68)) - c1649de0-22a9-4a2d-8f9f-08808ec0c035@group-729EB5F5A5A9-LeaderElection88: Pre-vote  PASSED received 1 response(s):[c1649de0-22a9-4a2d-8f9f-08808ec0c035<-7c042e84-4356-40d3-8d58-8573f50c8ed6#0:OK-t0]
2021-01-08 04:46:57,101 [c1649de0-22a9-4a2d-8f9f-08808ec0c035@group-729EB5F5A5A9-LeaderElection88] INFO  impl.LeaderElection (LeaderElection.java:askForPreVotes(261)) - c1649de0-22a9-4a2d-8f9f-08808ec0c035@group-729EB5F5A5A9-LeaderElection88 pre-vote result is PASSED.
2021-01-08 04:46:57,103 [grpc-default-executor-4] INFO  server.RaftServer$Division (RaftServerImpl.java:requestPreVote(1060)) - 689c23cd-66ac-4afb-b938-b7ca1102e3b6@group-729EB5F5A5A9: receive preVote(c1649de0-22a9-4a2d-8f9f-08808ec0c035, group-729EB5F5A5A9, 0, (t:0, i:0))
2021-01-08 04:46:57,103 [grpc-default-executor-4] INFO  server.RaftServer$Division (RaftServerImpl.java:requestPreVote(1081)) - 689c23cd-66ac-4afb-b938-b7ca1102e3b6@group-729EB5F5A5A9 role: FOLLOWER allow pre-vote from:c1649de0-22a9-4a2d-8f9f-08808ec0c035
2021-01-08 04:46:57,103 [grpc-default-executor-4] INFO  server.RaftServer$Division (RaftServerImpl.java:requestPreVote(1099)) - 689c23cd-66ac-4afb-b938-b7ca1102e3b6@group-729EB5F5A5A9 replies to pre-vote request: c1649de0-22a9-4a2d-8f9f-08808ec0c035<-689c23cd-66ac-4afb-b938-b7ca1102e3b6#0:OK-t0. Peer's state: 689c23cd-66ac-4afb-b938-b7ca1102e3b6@group-729EB5F5A5A9:t0, leader=null, voted=, raftlog=689c23cd-66ac-4afb-b938-b7ca1102e3b6@group-729EB5F5A5A9-SegmentedRaftLog:OPENED:c-1,f-1,i0, conf=-1: [7c042e84-4356-40d3-8d58-8573f50c8ed6|rpc:172.17.0.2:35077|dataStream:|priority:0, c1649de0-22a9-4a2d-8f9f-08808ec0c035|rpc:172.17.0.2:36837|dataStream:|priority:0, 689c23cd-66ac-4afb-b938-b7ca1102e3b6|rpc:172.17.0.2:43779|dataStream:|priority:0], old=null
2021-01-08 04:46:57,103 [c1649de0-22a9-4a2d-8f9f-08808ec0c035@group-729EB5F5A5A9-LeaderElection88] INFO  impl.LeaderElection (LeaderElection.java:askForVotes(308)) - c1649de0-22a9-4a2d-8f9f-08808ec0c035@group-729EB5F5A5A9-LeaderElection88: begin an election at term 1 for -1: [7c042e84-4356-40d3-8d58-8573f50c8ed6|rpc:172.17.0.2:35077|dataStream:|priority:0, c1649de0-22a9-4a2d-8f9f-08808ec0c035|rpc:172.17.0.2:36837|dataStream:|priority:0, 689c23cd-66ac-4afb-b938-b7ca1102e3b6|rpc:172.17.0.2:43779|dataStream:|priority:0], old=null
2021-01-08 04:46:57,106 [grpc-default-executor-4] INFO  server.RaftServer$Division (RaftServerImpl.java:setRole(283)) - 7c042e84-4356-40d3-8d58-8573f50c8ed6@group-729EB5F5A5A9: changes role from  FOLLOWER to FOLLOWER at term 1 for recognizeCandidate:c1649de0-22a9-4a2d-8f9f-08808ec0c035
2021-01-08 04:46:57,106 [grpc-default-executor-4] INFO  impl.RoleInfo (RoleInfo.java:shutdownFollowerState(108)) - 7c042e84-4356-40d3-8d58-8573f50c8ed6: shutdown 7c042e84-4356-40d3-8d58-8573f50c8ed6@group-729EB5F5A5A9-FollowerState
2021-01-08 04:46:57,108 [grpc-default-executor-4] INFO  impl.RoleInfo (RoleInfo.java:updateAndGet(130)) - 7c042e84-4356-40d3-8d58-8573f50c8ed6: start 7c042e84-4356-40d3-8d58-8573f50c8ed6@group-729EB5F5A5A9-FollowerState
2021-01-08 04:46:57,108 [Thread-5799] INFO  impl.FollowerState (FollowerState.java:run(142)) - 7c042e84-4356-40d3-8d58-8573f50c8ed6@group-729EB5F5A5A9-FollowerState was interrupted: {}
java.lang.InterruptedException: sleep interrupted
	at java.lang.Thread.sleep(Native Method)
	at java.lang.Thread.sleep(Thread.java:340)
	at java.util.concurrent.TimeUnit.sleep(TimeUnit.java:386)
	at org.apache.ratis.util.TimeDuration.sleep(TimeDuration.java:324)
	at org.apache.ratis.util.TimeDuration.sleep(TimeDuration.java:309)
	at org.apache.ratis.server.impl.FollowerState.run(FollowerState.java:117)
2021-01-08 04:46:57,109 [grpc-default-executor-4] INFO  server.RaftServer$Division (RaftServerImpl.java:requestVote(1137)) -  FOLLOWER 7c042e84-4356-40d3-8d58-8573f50c8ed6@group-729EB5F5A5A9:t1, leader=null, voted=null, raftlog=7c042e84-4356-40d3-8d58-8573f50c8ed6@group-729EB5F5A5A9-SegmentedRaftLog:OPENED:c-1,f-1,i0, conf=-1: [7c042e84-4356-40d3-8d58-8573f50c8ed6|rpc:172.17.0.2:35077|priority:0, c1649de0-22a9-4a2d-8f9f-08808ec0c035|rpc:172.17.0.2:36837|priority:0, 689c23cd-66ac-4afb-b938-b7ca1102e3b6|rpc:172.17.0.2:43779|priority:0], old=null RUNNING priority:0 candidate:c1649de0-22a9-4a2d-8f9f-08808ec0c035|rpc:172.17.0.2:36837|priority:0 candidatePriority:0 compare:0
2021-01-08 04:46:57,110 [grpc-default-executor-3] INFO  server.RaftServer$Division (RaftServerImpl.java:setRole(283)) - 689c23cd-66ac-4afb-b938-b7ca1102e3b6@group-729EB5F5A5A9: changes role from  FOLLOWER to FOLLOWER at term 1 for recognizeCandidate:c1649de0-22a9-4a2d-8f9f-08808ec0c035
2021-01-08 04:46:57,110 [grpc-default-executor-3] INFO  impl.RoleInfo (RoleInfo.java:shutdownFollowerState(108)) - 689c23cd-66ac-4afb-b938-b7ca1102e3b6: shutdown 689c23cd-66ac-4afb-b938-b7ca1102e3b6@group-729EB5F5A5A9-FollowerState
2021-01-08 04:46:57,110 [grpc-default-executor-3] INFO  impl.RoleInfo (RoleInfo.java:updateAndGet(130)) - 689c23cd-66ac-4afb-b938-b7ca1102e3b6: start 689c23cd-66ac-4afb-b938-b7ca1102e3b6@group-729EB5F5A5A9-FollowerState
2021-01-08 04:46:57,111 [Thread-5801] INFO  impl.FollowerState (FollowerState.java:run(142)) - 689c23cd-66ac-4afb-b938-b7ca1102e3b6@group-729EB5F5A5A9-FollowerState was interrupted: {}
java.lang.InterruptedException: sleep interrupted
	at java.lang.Thread.sleep(Native Method)
	at java.lang.Thread.sleep(Thread.java:340)
	at java.util.concurrent.TimeUnit.sleep(TimeUnit.java:386)
	at org.apache.ratis.util.TimeDuration.sleep(TimeDuration.java:324)
	at org.apache.ratis.util.TimeDuration.sleep(TimeDuration.java:309)
	at org.apache.ratis.server.impl.FollowerState.run(FollowerState.java:117)
2021-01-08 04:46:57,111 [grpc-default-executor-3] INFO  server.RaftServer$Division (RaftServerImpl.java:requestVote(1137)) -  FOLLOWER 689c23cd-66ac-4afb-b938-b7ca1102e3b6@group-729EB5F5A5A9:t1, leader=null, voted=null, raftlog=689c23cd-66ac-4afb-b938-b7ca1102e3b6@group-729EB5F5A5A9-SegmentedRaftLog:OPENED:c-1,f-1,i0, conf=-1: [7c042e84-4356-40d3-8d58-8573f50c8ed6|rpc:172.17.0.2:35077|dataStream:|priority:0, c1649de0-22a9-4a2d-8f9f-08808ec0c035|rpc:172.17.0.2:36837|dataStream:|priority:0, 689c23cd-66ac-4afb-b938-b7ca1102e3b6|rpc:172.17.0.2:43779|dataStream:|priority:0], old=null RUNNING priority:0 candidate:c1649de0-22a9-4a2d-8f9f-08808ec0c035|rpc:172.17.0.2:36837|dataStream:|priority:0 candidatePriority:0 compare:0
2021-01-08 04:46:57,111 [c1649de0-22a9-4a2d-8f9f-08808ec0c035@group-729EB5F5A5A9-LeaderElection88] INFO  impl.LeaderElection (LeaderElection.java:logAndReturn(68)) - c1649de0-22a9-4a2d-8f9f-08808ec0c035@group-729EB5F5A5A9-LeaderElection88: Election  PASSED received 1 response(s):[c1649de0-22a9-4a2d-8f9f-08808ec0c035<-7c042e84-4356-40d3-8d58-8573f50c8ed6#0:OK-t1]
2021-01-08 04:46:57,111 [c1649de0-22a9-4a2d-8f9f-08808ec0c035@group-729EB5F5A5A9-LeaderElection88] INFO  impl.RoleInfo (RoleInfo.java:shutdownLeaderElection(121)) - c1649de0-22a9-4a2d-8f9f-08808ec0c035: shutdown c1649de0-22a9-4a2d-8f9f-08808ec0c035@group-729EB5F5A5A9-LeaderElection88
2021-01-08 04:46:57,111 [c1649de0-22a9-4a2d-8f9f-08808ec0c035@group-729EB5F5A5A9-LeaderElection88] INFO  server.RaftServer$Division (RaftServerImpl.java:setRole(283)) - c1649de0-22a9-4a2d-8f9f-08808ec0c035@group-729EB5F5A5A9: changes role from CANDIDATE to LEADER at term 1 for changeToLeader
2021-01-08 04:46:57,112 [c1649de0-22a9-4a2d-8f9f-08808ec0c035@group-729EB5F5A5A9-LeaderElection88] INFO  ratis.XceiverServerRatis (XceiverServerRatis.java:handleLeaderChangedNotification(868)) - Leader change notification received for group: group-729EB5F5A5A9 with new leaderId: c1649de0-22a9-4a2d-8f9f-08808ec0c035
2021-01-08 04:46:57,112 [c1649de0-22a9-4a2d-8f9f-08808ec0c035@group-729EB5F5A5A9-LeaderElection88] INFO  server.RaftServer$Division (ServerState.java:setLeader(249)) - c1649de0-22a9-4a2d-8f9f-08808ec0c035@group-729EB5F5A5A9: change Leader from null to c1649de0-22a9-4a2d-8f9f-08808ec0c035 at term 1 for becomeLeader, leader elected after 5114ms
2021-01-08 04:46:57,112 [c1649de0-22a9-4a2d-8f9f-08808ec0c035@group-729EB5F5A5A9-LeaderElection88] INFO  server.RaftServerConfigKeys (ConfUtils.java:logGet(44)) - raft.server.staging.catchup.gap = 1000 (default)
2021-01-08 04:46:57,112 [c1649de0-22a9-4a2d-8f9f-08808ec0c035@group-729EB5F5A5A9-LeaderElection88] INFO  metrics.RatisMetrics (RatisMetrics.java:lambda$create$0(36)) - Creating Metrics Registry : ratis.log_appender.c1649de0-22a9-4a2d-8f9f-08808ec0c035@group-729EB5F5A5A9
2021-01-08 04:46:57,112 [c1649de0-22a9-4a2d-8f9f-08808ec0c035@group-729EB5F5A5A9-LeaderElection88] INFO  server.RaftServerConfigKeys (ConfUtils.java:logGet(44)) - raft.server.write.element-limit = 1024 (custom)
2021-01-08 04:46:57,112 [c1649de0-22a9-4a2d-8f9f-08808ec0c035@group-729EB5F5A5A9-LeaderElection88] INFO  server.RaftServerConfigKeys (ConfUtils.java:logGet(44)) - raft.server.write.byte-limit = 1073741824 (custom)
2021-01-08 04:46:57,113 [c1649de0-22a9-4a2d-8f9f-08808ec0c035@group-729EB5F5A5A9-LeaderElection88] INFO  server.RaftServerConfigKeys (ConfUtils.java:logGet(44)) - raft.server.watch.timeout = 180s (custom)
2021-01-08 04:46:57,113 [c1649de0-22a9-4a2d-8f9f-08808ec0c035@group-729EB5F5A5A9-LeaderElection88] INFO  server.RaftServerConfigKeys (ConfUtils.java:logGet(44)) - raft.server.watch.timeout.denomination = 1s (default)
2021-01-08 04:46:57,113 [c1649de0-22a9-4a2d-8f9f-08808ec0c035@group-729EB5F5A5A9-LeaderElection88] INFO  server.RaftServerConfigKeys (ConfUtils.java:logGet(44)) - raft.server.watch.element-limit = 65536 (default)
2021-01-08 04:46:57,113 [c1649de0-22a9-4a2d-8f9f-08808ec0c035@group-729EB5F5A5A9-LeaderElection88] INFO  server.RaftServerConfigKeys (ConfUtils.java:logGet(44)) - raft.server.log.appender.snapshot.chunk.size.max = 16MB (=16777216) (default)
2021-01-08 04:46:57,113 [c1649de0-22a9-4a2d-8f9f-08808ec0c035@group-729EB5F5A5A9-LeaderElection88] INFO  server.RaftServerConfigKeys (ConfUtils.java:logGet(44)) - raft.server.log.appender.buffer.byte-limit = 33554432 (custom)
2021-01-08 04:46:57,113 [c1649de0-22a9-4a2d-8f9f-08808ec0c035@group-729EB5F5A5A9-LeaderElection88] INFO  server.RaftServerConfigKeys (ConfUtils.java:logGet(44)) - raft.server.log.appender.buffer.element-limit = 1 (custom)
2021-01-08 04:46:57,114 [c1649de0-22a9-4a2d-8f9f-08808ec0c035@group-729EB5F5A5A9-LeaderElection88] INFO  grpc.GrpcConfigKeys (ConfUtils.java:logGet(44)) - raft.grpc.server.leader.outstanding.appends.max = 128 (default)
2021-01-08 04:46:57,114 [c1649de0-22a9-4a2d-8f9f-08808ec0c035@group-729EB5F5A5A9-LeaderElection88] INFO  server.RaftServerConfigKeys (ConfUtils.java:logGet(44)) - raft.server.rpc.request.timeout = 60s (custom)
2021-01-08 04:46:57,114 [c1649de0-22a9-4a2d-8f9f-08808ec0c035@group-729EB5F5A5A9-LeaderElection88] INFO  server.RaftServerConfigKeys (ConfUtils.java:logGet(44)) - raft.server.log.appender.install.snapshot.enabled = false (custom)
2021-01-08 04:46:57,114 [c1649de0-22a9-4a2d-8f9f-08808ec0c035@group-729EB5F5A5A9-LeaderElection88] INFO  metrics.RatisMetrics (RatisMetrics.java:lambda$create$0(36)) - Creating Metrics Registry : ratis_grpc.log_appender.c1649de0-22a9-4a2d-8f9f-08808ec0c035@group-729EB5F5A5A9
2021-01-08 04:46:57,115 [EventQueue-PipelineReportForOneReplicaPipelineSafeModeRule] INFO  safemode.SCMSafeModeManager (SCMSafeModeManager.java:validateSafeModeExitRules(214)) - AtleastOneDatanodeReportedRule rule is successfully validated
2021-01-08 04:46:57,115 [EventQueue-PipelineReportForPipelineReportHandler] INFO  pipeline.PipelineStateManager (PipelineStateManager.java:openPipeline(132)) - Pipeline Pipeline[ Id: ab80aac2-71f0-4096-900d-729eb5f5a5a9, Nodes: 689c23cd-66ac-4afb-b938-b7ca1102e3b6{ip: 172.17.0.2, host: 36857d2baa53, networkLocation: /default-rack, certSerialId: null, persistedOpState: IN_SERVICE, persistedOpStateExpiryEpochSec: 0}7c042e84-4356-40d3-8d58-8573f50c8ed6{ip: 172.17.0.2, host: 36857d2baa53, networkLocation: /default-rack, certSerialId: null, persistedOpState: IN_SERVICE, persistedOpStateExpiryEpochSec: 0}c1649de0-22a9-4a2d-8f9f-08808ec0c035{ip: 172.17.0.2, host: 36857d2baa53, networkLocation: /default-rack, certSerialId: null, persistedOpState: IN_SERVICE, persistedOpStateExpiryEpochSec: 0}, Type:RATIS, Factor:THREE, State:ALLOCATED, leaderId:c1649de0-22a9-4a2d-8f9f-08808ec0c035, CreationTimestamp2021-01-08T04:46:49.229Z] moved to OPEN state
2021-01-08 04:46:57,116 [EventQueue-OpenPipelineForHealthyPipelineSafeModeRule] INFO  safemode.SCMSafeModeManager (HealthyPipelineSafeModeRule.java:process(128)) - SCM in safe mode. Healthy pipelines reported count is 1, required healthy pipeline reported count is 1
2021-01-08 04:46:57,116 [EventQueue-OpenPipelineForHealthyPipelineSafeModeRule] INFO  safemode.SCMSafeModeManager (SCMSafeModeManager.java:validateSafeModeExitRules(214)) - HealthyPipelineSafeModeRule rule is successfully validated
2021-01-08 04:46:57,116 [EventQueue-OpenPipelineForHealthyPipelineSafeModeRule] INFO  safemode.SCMSafeModeManager (SCMSafeModeManager.java:validateSafeModeExitRules(228)) - ScmSafeModeManager, all rules are successfully validated
2021-01-08 04:46:57,116 [EventQueue-OpenPipelineForHealthyPipelineSafeModeRule] INFO  safemode.SCMSafeModeManager (SCMSafeModeManager.java:exitSafeMode(257)) - SCM exiting safe mode.
2021-01-08 04:46:57,118 [c1649de0-22a9-4a2d-8f9f-08808ec0c035@group-729EB5F5A5A9-LeaderElection88] INFO  server.RaftServerConfigKeys (ConfUtils.java:logGet(44)) - raft.server.log.appender.snapshot.chunk.size.max = 16MB (=16777216) (default)
2021-01-08 04:46:57,118 [c1649de0-22a9-4a2d-8f9f-08808ec0c035@group-729EB5F5A5A9-LeaderElection88] INFO  server.RaftServerConfigKeys (ConfUtils.java:logGet(44)) - raft.server.log.appender.buffer.byte-limit = 33554432 (custom)
2021-01-08 04:46:57,118 [c1649de0-22a9-4a2d-8f9f-08808ec0c035@group-729EB5F5A5A9-LeaderElection88] INFO  server.RaftServerConfigKeys (ConfUtils.java:logGet(44)) - raft.server.log.appender.buffer.element-limit = 1 (custom)
2021-01-08 04:46:57,118 [c1649de0-22a9-4a2d-8f9f-08808ec0c035@group-729EB5F5A5A9-LeaderElection88] INFO  grpc.GrpcConfigKeys (ConfUtils.java:logGet(44)) - raft.grpc.server.leader.outstanding.appends.max = 128 (default)
2021-01-08 04:46:57,118 [c1649de0-22a9-4a2d-8f9f-08808ec0c035@group-729EB5F5A5A9-LeaderElection88] INFO  server.RaftServerConfigKeys (ConfUtils.java:logGet(44)) - raft.server.rpc.request.timeout = 60s (custom)
2021-01-08 04:46:57,118 [c1649de0-22a9-4a2d-8f9f-08808ec0c035@group-729EB5F5A5A9-LeaderElection88] INFO  server.RaftServerConfigKeys (ConfUtils.java:logGet(44)) - raft.server.log.appender.install.snapshot.enabled = false (custom)
2021-01-08 04:46:57,121 [c1649de0-22a9-4a2d-8f9f-08808ec0c035@group-729EB5F5A5A9-LeaderElection88] INFO  impl.RoleInfo (RoleInfo.java:updateAndGet(130)) - c1649de0-22a9-4a2d-8f9f-08808ec0c035: start c1649de0-22a9-4a2d-8f9f-08808ec0c035@group-729EB5F5A5A9-LeaderStateImpl
2021-01-08 04:46:57,122 [c1649de0-22a9-4a2d-8f9f-08808ec0c035@group-729EB5F5A5A9-LeaderElection88] INFO  segmented.SegmentedRaftLogWorker (SegmentedRaftLogWorker.java:startLogSegment(392)) - c1649de0-22a9-4a2d-8f9f-08808ec0c035@group-729EB5F5A5A9-SegmentedRaftLogWorker: Starting segment from index:0
2021-01-08 04:46:57,124 [c1649de0-22a9-4a2d-8f9f-08808ec0c035@group-729EB5F5A5A9-LeaderElection88] INFO  server.RaftServer$Division (ServerState.java:setRaftConf(368)) - c1649de0-22a9-4a2d-8f9f-08808ec0c035@group-729EB5F5A5A9: set configuration 0: [7c042e84-4356-40d3-8d58-8573f50c8ed6|rpc:172.17.0.2:35077|dataStream:|priority:0, c1649de0-22a9-4a2d-8f9f-08808ec0c035|rpc:172.17.0.2:36837|dataStream:|priority:0, 689c23cd-66ac-4afb-b938-b7ca1102e3b6|rpc:172.17.0.2:43779|dataStream:|priority:0], old=null
2021-01-08 04:46:57,124 [c1649de0-22a9-4a2d-8f9f-08808ec0c035@group-729EB5F5A5A9-SegmentedRaftLogWorker] INFO  segmented.SegmentedRaftLogWorker (SegmentedRaftLogWorker.java:execute(599)) - c1649de0-22a9-4a2d-8f9f-08808ec0c035@group-729EB5F5A5A9-SegmentedRaftLogWorker: created new log segment /github/workspace/mnt/ozone/hadoop-ozone/integration-test/target/test-dir/MiniOzoneClusterImpl-8e553afa-60cb-4a34-8c5d-9ccb1efc285c/datanode-4/data/ratis/ab80aac2-71f0-4096-900d-729eb5f5a5a9/current/log_inprogress_0
2021-01-08 04:46:57,140 [grpc-default-executor-4] INFO  ratis.XceiverServerRatis (XceiverServerRatis.java:handleLeaderChangedNotification(868)) - Leader change notification received for group: group-729EB5F5A5A9 with new leaderId: c1649de0-22a9-4a2d-8f9f-08808ec0c035
2021-01-08 04:46:57,140 [grpc-default-executor-4] INFO  server.RaftServer$Division (ServerState.java:setLeader(249)) - 689c23cd-66ac-4afb-b938-b7ca1102e3b6@group-729EB5F5A5A9: change Leader from null to c1649de0-22a9-4a2d-8f9f-08808ec0c035 at term 1 for appendEntries, leader elected after 5176ms
2021-01-08 04:46:57,147 [grpc-default-executor-5] INFO  ratis.XceiverServerRatis (XceiverServerRatis.java:handleLeaderChangedNotification(868)) - Leader change notification received for group: group-729EB5F5A5A9 with new leaderId: c1649de0-22a9-4a2d-8f9f-08808ec0c035
2021-01-08 04:46:57,147 [grpc-default-executor-5] INFO  server.RaftServer$Division (ServerState.java:setLeader(249)) - 7c042e84-4356-40d3-8d58-8573f50c8ed6@group-729EB5F5A5A9: change Leader from null to c1649de0-22a9-4a2d-8f9f-08808ec0c035 at term 1 for appendEntries, leader elected after 5220ms
2021-01-08 04:46:57,158 [grpc-default-executor-3] INFO  server.RaftServer$Division (ServerState.java:setRaftConf(368)) - 689c23cd-66ac-4afb-b938-b7ca1102e3b6@group-729EB5F5A5A9: set configuration 0: [7c042e84-4356-40d3-8d58-8573f50c8ed6|rpc:172.17.0.2:35077|dataStream:|priority:0, c1649de0-22a9-4a2d-8f9f-08808ec0c035|rpc:172.17.0.2:36837|dataStream:|priority:0, 689c23cd-66ac-4afb-b938-b7ca1102e3b6|rpc:172.17.0.2:43779|dataStream:|priority:0], old=null
2021-01-08 04:46:57,158 [grpc-default-executor-3] INFO  segmented.SegmentedRaftLogWorker (SegmentedRaftLogWorker.java:startLogSegment(392)) - 689c23cd-66ac-4afb-b938-b7ca1102e3b6@group-729EB5F5A5A9-SegmentedRaftLogWorker: Starting segment from index:0
2021-01-08 04:46:57,160 [grpc-default-executor-5] INFO  server.RaftServer$Division (ServerState.java:setRaftConf(368)) - 7c042e84-4356-40d3-8d58-8573f50c8ed6@group-729EB5F5A5A9: set configuration 0: [7c042e84-4356-40d3-8d58-8573f50c8ed6|rpc:172.17.0.2:35077|dataStream:|priority:0, c1649de0-22a9-4a2d-8f9f-08808ec0c035|rpc:172.17.0.2:36837|dataStream:|priority:0, 689c23cd-66ac-4afb-b938-b7ca1102e3b6|rpc:172.17.0.2:43779|dataStream:|priority:0], old=null
2021-01-08 04:46:57,161 [grpc-default-executor-5] INFO  segmented.SegmentedRaftLogWorker (SegmentedRaftLogWorker.java:startLogSegment(392)) - 7c042e84-4356-40d3-8d58-8573f50c8ed6@group-729EB5F5A5A9-SegmentedRaftLogWorker: Starting segment from index:0
2021-01-08 04:46:57,161 [689c23cd-66ac-4afb-b938-b7ca1102e3b6@group-729EB5F5A5A9-SegmentedRaftLogWorker] INFO  segmented.SegmentedRaftLogWorker (SegmentedRaftLogWorker.java:execute(599)) - 689c23cd-66ac-4afb-b938-b7ca1102e3b6@group-729EB5F5A5A9-SegmentedRaftLogWorker: created new log segment /github/workspace/mnt/ozone/hadoop-ozone/integration-test/target/test-dir/MiniOzoneClusterImpl-8e553afa-60cb-4a34-8c5d-9ccb1efc285c/datanode-5/data/ratis/ab80aac2-71f0-4096-900d-729eb5f5a5a9/current/log_inprogress_0
2021-01-08 04:46:57,165 [7c042e84-4356-40d3-8d58-8573f50c8ed6@group-729EB5F5A5A9-SegmentedRaftLogWorker] INFO  segmented.SegmentedRaftLogWorker (SegmentedRaftLogWorker.java:execute(599)) - 7c042e84-4356-40d3-8d58-8573f50c8ed6@group-729EB5F5A5A9-SegmentedRaftLogWorker: created new log segment /github/workspace/mnt/ozone/hadoop-ozone/integration-test/target/test-dir/MiniOzoneClusterImpl-8e553afa-60cb-4a34-8c5d-9ccb1efc285c/datanode-3/data/ratis/ab80aac2-71f0-4096-900d-729eb5f5a5a9/current/log_inprogress_0
2021-01-08 04:46:57,232 [Listener at 127.0.0.1/45829] INFO  ozone.MiniOzoneClusterImpl (MiniOzoneClusterImpl.java:lambda$waitForClusterToBeReady$0(179)) - Nodes are ready. Got 6 of 6 DN Heartbeats.
2021-01-08 04:46:57,232 [Listener at 127.0.0.1/45829] INFO  ozone.MiniOzoneClusterImpl (MiniOzoneClusterImpl.java:lambda$waitForClusterToBeReady$0(182)) - Cluster exits safe mode
2021-01-08 04:46:57,249 [Listener at 127.0.0.1/45829] INFO  rpc.RpcClient (RpcClient.java:createVolume(273)) - Creating Volume: vol1, with user20549 as owner.
2021-01-08 04:46:57,251 [IPC Server handler 3 on default port 45829] INFO  volume.OMVolumeCreateRequest (OMVolumeCreateRequest.java:validateAndUpdateCache(196)) - created volume:vol1 for user:user20549
2021-01-08 04:46:57,258 [Listener at 127.0.0.1/45829] INFO  rpc.RpcClient (RpcClient.java:createBucket(429)) - Creating Bucket: vol1/bucket1, with Versioning false and Storage Type set to DISK and Encryption set to false 
2021-01-08 04:46:57,395 [Thread-5809] INFO  impl.FollowerState (FollowerState.java:run(133)) - 689c23cd-66ac-4afb-b938-b7ca1102e3b6@group-0C6720DD0921-FollowerState: change to CANDIDATE, lastRpcElapsedTime:5148791118ns, electionTimeout:5143ms
2021-01-08 04:46:57,396 [Thread-5809] INFO  impl.RoleInfo (RoleInfo.java:shutdownFollowerState(108)) - 689c23cd-66ac-4afb-b938-b7ca1102e3b6: shutdown 689c23cd-66ac-4afb-b938-b7ca1102e3b6@group-0C6720DD0921-FollowerState
2021-01-08 04:46:57,396 [Thread-5809] INFO  server.RaftServer$Division (RaftServerImpl.java:setRole(283)) - 689c23cd-66ac-4afb-b938-b7ca1102e3b6@group-0C6720DD0921: changes role from  FOLLOWER to CANDIDATE at term 0 for changeToCandidate
2021-01-08 04:46:57,396 [Thread-5809] INFO  impl.RoleInfo (RoleInfo.java:updateAndGet(130)) - 689c23cd-66ac-4afb-b938-b7ca1102e3b6: start 689c23cd-66ac-4afb-b938-b7ca1102e3b6@group-0C6720DD0921-LeaderElection89
2021-01-08 04:46:57,398 [689c23cd-66ac-4afb-b938-b7ca1102e3b6@group-0C6720DD0921-LeaderElection89] INFO  impl.LeaderElection (LeaderElection.java:askForPreVotes(259)) - 689c23cd-66ac-4afb-b938-b7ca1102e3b6@group-0C6720DD0921-LeaderElection89: begin a pre-vote at term 0 for -1: [689c23cd-66ac-4afb-b938-b7ca1102e3b6|rpc:172.17.0.2:43779|priority:0], old=null
2021-01-08 04:46:57,398 [689c23cd-66ac-4afb-b938-b7ca1102e3b6@group-0C6720DD0921-LeaderElection89] INFO  impl.LeaderElection (LeaderElection.java:askForPreVotes(261)) - 689c23cd-66ac-4afb-b938-b7ca1102e3b6@group-0C6720DD0921-LeaderElection89 pre-vote result is PASSED.
2021-01-08 04:46:57,400 [689c23cd-66ac-4afb-b938-b7ca1102e3b6@group-0C6720DD0921-LeaderElection89] INFO  impl.LeaderElection (LeaderElection.java:askForVotes(308)) - 689c23cd-66ac-4afb-b938-b7ca1102e3b6@group-0C6720DD0921-LeaderElection89: begin an election at term 1 for -1: [689c23cd-66ac-4afb-b938-b7ca1102e3b6|rpc:172.17.0.2:43779|priority:0], old=null
2021-01-08 04:46:57,400 [689c23cd-66ac-4afb-b938-b7ca1102e3b6@group-0C6720DD0921-LeaderElection89] INFO  impl.RoleInfo (RoleInfo.java:shutdownLeaderElection(121)) - 689c23cd-66ac-4afb-b938-b7ca1102e3b6: shutdown 689c23cd-66ac-4afb-b938-b7ca1102e3b6@group-0C6720DD0921-LeaderElection89
2021-01-08 04:46:57,400 [689c23cd-66ac-4afb-b938-b7ca1102e3b6@group-0C6720DD0921-LeaderElection89] INFO  server.RaftServer$Division (RaftServerImpl.java:setRole(283)) - 689c23cd-66ac-4afb-b938-b7ca1102e3b6@group-0C6720DD0921: changes role from CANDIDATE to LEADER at term 1 for changeToLeader
2021-01-08 04:46:57,400 [689c23cd-66ac-4afb-b938-b7ca1102e3b6@group-0C6720DD0921-LeaderElection89] INFO  ratis.XceiverServerRatis (XceiverServerRatis.java:handleLeaderChangedNotification(868)) - Leader change notification received for group: group-0C6720DD0921 with new leaderId: 689c23cd-66ac-4afb-b938-b7ca1102e3b6
2021-01-08 04:46:57,400 [689c23cd-66ac-4afb-b938-b7ca1102e3b6@group-0C6720DD0921-LeaderElection89] INFO  server.RaftServer$Division (ServerState.java:setLeader(249)) - 689c23cd-66ac-4afb-b938-b7ca1102e3b6@group-0C6720DD0921: change Leader from null to 689c23cd-66ac-4afb-b938-b7ca1102e3b6 at term 1 for becomeLeader, leader elected after 5165ms
2021-01-08 04:46:57,400 [689c23cd-66ac-4afb-b938-b7ca1102e3b6@group-0C6720DD0921-LeaderElection89] INFO  server.RaftServerConfigKeys (ConfUtils.java:logGet(44)) - raft.server.staging.catchup.gap = 1000 (default)
2021-01-08 04:46:57,400 [689c23cd-66ac-4afb-b938-b7ca1102e3b6@group-0C6720DD0921-LeaderElection89] INFO  metrics.RatisMetrics (RatisMetrics.java:lambda$create$0(36)) - Creating Metrics Registry : ratis.log_appender.689c23cd-66ac-4afb-b938-b7ca1102e3b6@group-0C6720DD0921
2021-01-08 04:46:57,401 [689c23cd-66ac-4afb-b938-b7ca1102e3b6@group-0C6720DD0921-LeaderElection89] INFO  server.RaftServerConfigKeys (ConfUtils.java:logGet(44)) - raft.server.write.element-limit = 1024 (custom)
2021-01-08 04:46:57,401 [689c23cd-66ac-4afb-b938-b7ca1102e3b6@group-0C6720DD0921-LeaderElection89] INFO  server.RaftServerConfigKeys (ConfUtils.java:logGet(44)) - raft.server.write.byte-limit = 1073741824 (custom)
2021-01-08 04:46:57,402 [689c23cd-66ac-4afb-b938-b7ca1102e3b6@group-0C6720DD0921-LeaderElection89] INFO  server.RaftServerConfigKeys (ConfUtils.java:logGet(44)) - raft.server.watch.timeout = 180s (custom)
2021-01-08 04:46:57,402 [689c23cd-66ac-4afb-b938-b7ca1102e3b6@group-0C6720DD0921-LeaderElection89] INFO  server.RaftServerConfigKeys (ConfUtils.java:logGet(44)) - raft.server.watch.timeout.denomination = 1s (default)
2021-01-08 04:46:57,402 [689c23cd-66ac-4afb-b938-b7ca1102e3b6@group-0C6720DD0921-LeaderElection89] INFO  server.RaftServerConfigKeys (ConfUtils.java:logGet(44)) - raft.server.watch.element-limit = 65536 (default)
2021-01-08 04:46:57,402 [689c23cd-66ac-4afb-b938-b7ca1102e3b6@group-0C6720DD0921-LeaderElection89] INFO  impl.RoleInfo (RoleInfo.java:updateAndGet(130)) - 689c23cd-66ac-4afb-b938-b7ca1102e3b6: start 689c23cd-66ac-4afb-b938-b7ca1102e3b6@group-0C6720DD0921-LeaderStateImpl
2021-01-08 04:46:57,403 [689c23cd-66ac-4afb-b938-b7ca1102e3b6@group-0C6720DD0921-LeaderElection89] INFO  segmented.SegmentedRaftLogWorker (SegmentedRaftLogWorker.java:startLogSegment(392)) - 689c23cd-66ac-4afb-b938-b7ca1102e3b6@group-0C6720DD0921-SegmentedRaftLogWorker: Starting segment from index:0
2021-01-08 04:46:57,403 [689c23cd-66ac-4afb-b938-b7ca1102e3b6@group-0C6720DD0921-LeaderElection89] INFO  server.RaftServer$Division (ServerState.java:setRaftConf(368)) - 689c23cd-66ac-4afb-b938-b7ca1102e3b6@group-0C6720DD0921: set configuration 0: [689c23cd-66ac-4afb-b938-b7ca1102e3b6|rpc:172.17.0.2:43779|dataStream:|priority:0], old=null
2021-01-08 04:46:57,405 [689c23cd-66ac-4afb-b938-b7ca1102e3b6@group-0C6720DD0921-SegmentedRaftLogWorker] INFO  segmented.SegmentedRaftLogWorker (SegmentedRaftLogWorker.java:execute(599)) - 689c23cd-66ac-4afb-b938-b7ca1102e3b6@group-0C6720DD0921-SegmentedRaftLogWorker: created new log segment /github/workspace/mnt/ozone/hadoop-ozone/integration-test/target/test-dir/MiniOzoneClusterImpl-8e553afa-60cb-4a34-8c5d-9ccb1efc285c/datanode-5/data/ratis/0c6fd33d-8443-43ed-8b67-0c6720dd0921/current/log_inprogress_0
2021-01-08 04:47:00,124 [EventQueue-Delayed safe mode statusForReplicationManager] INFO  container.ReplicationManager (ReplicationManager.java:start(186)) - Starting Replication Monitor Thread.
2021-01-08 04:47:00,124 [ReplicationMonitor] INFO  container.ReplicationManager (ReplicationManager.java:run(250)) - Replication Monitor Thread took 0 milliseconds for processing 0 containers.
2021-01-08 04:47:00,263 [Listener at 127.0.0.1/45829] INFO  container.ReplicationManager (ReplicationManager.java:stop(227)) - Stopping Replication Monitor Thread.
2021-01-08 04:47:00,275 [Listener at 127.0.0.1/45829] INFO  metrics.RatisMetrics (RatisMetrics.java:lambda$create$0(36)) - Creating Metrics Registry : ratis.client_message_metrics.client-1379B1849A16->c1649de0-22a9-4a2d-8f9f-08808ec0c035
2021-01-08 04:47:01,487 [Thread-5828] INFO  impl.FollowerState (FollowerState.java:run(133)) - 24be368e-9912-49e9-b36f-3be1586466e8@group-6B5012D43B73-FollowerState: change to CANDIDATE, lastRpcElapsedTime:5009215112ns, electionTimeout:5007ms
2021-01-08 04:47:01,487 [Thread-5828] INFO  impl.RoleInfo (RoleInfo.java:shutdownFollowerState(108)) - 24be368e-9912-49e9-b36f-3be1586466e8: shutdown 24be368e-9912-49e9-b36f-3be1586466e8@group-6B5012D43B73-FollowerState
2021-01-08 04:47:01,487 [Thread-5828] INFO  server.RaftServer$Division (RaftServerImpl.java:setRole(283)) - 24be368e-9912-49e9-b36f-3be1586466e8@group-6B5012D43B73: changes role from  FOLLOWER to CANDIDATE at term 1 for changeToCandidate
2021-01-08 04:47:01,487 [Thread-5828] INFO  impl.RoleInfo (RoleInfo.java:updateAndGet(130)) - 24be368e-9912-49e9-b36f-3be1586466e8: start 24be368e-9912-49e9-b36f-3be1586466e8@group-6B5012D43B73-LeaderElection90
2021-01-08 04:47:01,488 [24be368e-9912-49e9-b36f-3be1586466e8@group-6B5012D43B73-LeaderElection90] INFO  impl.LeaderElection (LeaderElection.java:askForPreVotes(259)) - 24be368e-9912-49e9-b36f-3be1586466e8@group-6B5012D43B73-LeaderElection90: begin a pre-vote at term 1 for -1: [55aa2eb3-e7d2-43c8-9100-77f9e6fde891|rpc:172.17.0.2:35207|priority:0, 027ea797-585b-4d73-a004-b5fa2cd87a42|rpc:172.17.0.2:43035|priority:0, 24be368e-9912-49e9-b36f-3be1586466e8|rpc:172.17.0.2:45243|priority:0], old=null
2021-01-08 04:47:01,489 [grpc-default-executor-3] INFO  server.RaftServer$Division (RaftServerImpl.java:requestPreVote(1060)) - 55aa2eb3-e7d2-43c8-9100-77f9e6fde891@group-6B5012D43B73: receive preVote(24be368e-9912-49e9-b36f-3be1586466e8, group-6B5012D43B73, 1, (t:0, i:0))
2021-01-08 04:47:01,489 [grpc-default-executor-3] INFO  server.RaftServer$Division (RaftServerImpl.java:requestPreVote(1081)) - 55aa2eb3-e7d2-43c8-9100-77f9e6fde891@group-6B5012D43B73 role: FOLLOWER allow pre-vote from:24be368e-9912-49e9-b36f-3be1586466e8
2021-01-08 04:47:01,490 [grpc-default-executor-3] INFO  server.RaftServer$Division (RaftServerImpl.java:requestPreVote(1099)) - 55aa2eb3-e7d2-43c8-9100-77f9e6fde891@group-6B5012D43B73 replies to pre-vote request: 24be368e-9912-49e9-b36f-3be1586466e8<-55aa2eb3-e7d2-43c8-9100-77f9e6fde891#0:OK-t1. Peer's state: 55aa2eb3-e7d2-43c8-9100-77f9e6fde891@group-6B5012D43B73:t1, leader=null, voted=55aa2eb3-e7d2-43c8-9100-77f9e6fde891, raftlog=55aa2eb3-e7d2-43c8-9100-77f9e6fde891@group-6B5012D43B73-SegmentedRaftLog:OPENED:c-1,f-1,i0, conf=-1: [55aa2eb3-e7d2-43c8-9100-77f9e6fde891|rpc:172.17.0.2:35207|dataStream:|priority:0, 027ea797-585b-4d73-a004-b5fa2cd87a42|rpc:172.17.0.2:43035|dataStream:|priority:0, 24be368e-9912-49e9-b36f-3be1586466e8|rpc:172.17.0.2:45243|dataStream:|priority:0], old=null
2021-01-08 04:47:01,490 [24be368e-9912-49e9-b36f-3be1586466e8@group-6B5012D43B73-LeaderElection90] INFO  impl.LeaderElection (LeaderElection.java:logAndReturn(68)) - 24be368e-9912-49e9-b36f-3be1586466e8@group-6B5012D43B73-LeaderElection90: Pre-vote  PASSED received 1 response(s):[24be368e-9912-49e9-b36f-3be1586466e8<-55aa2eb3-e7d2-43c8-9100-77f9e6fde891#0:OK-t1]
2021-01-08 04:47:01,490 [24be368e-9912-49e9-b36f-3be1586466e8@group-6B5012D43B73-LeaderElection90] INFO  impl.LeaderElection (LeaderElection.java:askForPreVotes(261)) - 24be368e-9912-49e9-b36f-3be1586466e8@group-6B5012D43B73-LeaderElection90 pre-vote result is PASSED.
2021-01-08 04:47:01,492 [24be368e-9912-49e9-b36f-3be1586466e8@group-6B5012D43B73-LeaderElection90] INFO  impl.LeaderElection (LeaderElection.java:askForVotes(308)) - 24be368e-9912-49e9-b36f-3be1586466e8@group-6B5012D43B73-LeaderElection90: begin an election at term 2 for -1: [55aa2eb3-e7d2-43c8-9100-77f9e6fde891|rpc:172.17.0.2:35207|priority:0, 027ea797-585b-4d73-a004-b5fa2cd87a42|rpc:172.17.0.2:43035|priority:0, 24be368e-9912-49e9-b36f-3be1586466e8|rpc:172.17.0.2:45243|priority:0], old=null
2021-01-08 04:47:01,492 [grpc-default-executor-3] INFO  server.RaftServer$Division (RaftServerImpl.java:requestPreVote(1060)) - 027ea797-585b-4d73-a004-b5fa2cd87a42@group-6B5012D43B73: receive preVote(24be368e-9912-49e9-b36f-3be1586466e8, group-6B5012D43B73, 1, (t:0, i:0))
2021-01-08 04:47:01,492 [grpc-default-executor-3] INFO  server.RaftServer$Division (RaftServerImpl.java:requestPreVote(1081)) - 027ea797-585b-4d73-a004-b5fa2cd87a42@group-6B5012D43B73 role: FOLLOWER allow pre-vote from:24be368e-9912-49e9-b36f-3be1586466e8
2021-01-08 04:47:01,492 [grpc-default-executor-3] INFO  server.RaftServer$Division (RaftServerImpl.java:requestPreVote(1099)) - 027ea797-585b-4d73-a004-b5fa2cd87a42@group-6B5012D43B73 replies to pre-vote request: 24be368e-9912-49e9-b36f-3be1586466e8<-027ea797-585b-4d73-a004-b5fa2cd87a42#0:OK-t1. Peer's state: 027ea797-585b-4d73-a004-b5fa2cd87a42@group-6B5012D43B73:t1, leader=null, voted=027ea797-585b-4d73-a004-b5fa2cd87a42, raftlog=027ea797-585b-4d73-a004-b5fa2cd87a42@group-6B5012D43B73-SegmentedRaftLog:OPENED:c-1,f-1,i0, conf=-1: [55aa2eb3-e7d2-43c8-9100-77f9e6fde891|rpc:172.17.0.2:35207|dataStream:|priority:0, 027ea797-585b-4d73-a004-b5fa2cd87a42|rpc:172.17.0.2:43035|dataStream:|priority:0, 24be368e-9912-49e9-b36f-3be1586466e8|rpc:172.17.0.2:45243|dataStream:|priority:0], old=null
2021-01-08 04:47:01,494 [grpc-default-executor-3] INFO  server.RaftServer$Division (RaftServerImpl.java:setRole(283)) - 55aa2eb3-e7d2-43c8-9100-77f9e6fde891@group-6B5012D43B73: changes role from  FOLLOWER to FOLLOWER at term 2 for recognizeCandidate:24be368e-9912-49e9-b36f-3be1586466e8
2021-01-08 04:47:01,494 [grpc-default-executor-3] INFO  impl.RoleInfo (RoleInfo.java:shutdownFollowerState(108)) - 55aa2eb3-e7d2-43c8-9100-77f9e6fde891: shutdown 55aa2eb3-e7d2-43c8-9100-77f9e6fde891@group-6B5012D43B73-FollowerState
2021-01-08 04:47:01,494 [grpc-default-executor-3] INFO  impl.RoleInfo (RoleInfo.java:updateAndGet(130)) - 55aa2eb3-e7d2-43c8-9100-77f9e6fde891: start 55aa2eb3-e7d2-43c8-9100-77f9e6fde891@group-6B5012D43B73-FollowerState
2021-01-08 04:47:01,494 [Thread-5829] INFO  impl.FollowerState (FollowerState.java:run(142)) - 55aa2eb3-e7d2-43c8-9100-77f9e6fde891@group-6B5012D43B73-FollowerState was interrupted: {}
java.lang.InterruptedException: sleep interrupted
	at java.lang.Thread.sleep(Native Method)
	at java.lang.Thread.sleep(Thread.java:340)
	at java.util.concurrent.TimeUnit.sleep(TimeUnit.java:386)
	at org.apache.ratis.util.TimeDuration.sleep(TimeDuration.java:324)
	at org.apache.ratis.util.TimeDuration.sleep(TimeDuration.java:309)
	at org.apache.ratis.server.impl.FollowerState.run(FollowerState.java:117)
2021-01-08 04:47:01,495 [grpc-default-executor-4] INFO  server.RaftServer$Division (RaftServerImpl.java:setRole(283)) - 027ea797-585b-4d73-a004-b5fa2cd87a42@group-6B5012D43B73: changes role from  FOLLOWER to FOLLOWER at term 2 for recognizeCandidate:24be368e-9912-49e9-b36f-3be1586466e8
2021-01-08 04:47:01,495 [grpc-default-executor-4] INFO  impl.RoleInfo (RoleInfo.java:shutdownFollowerState(108)) - 027ea797-585b-4d73-a004-b5fa2cd87a42: shutdown 027ea797-585b-4d73-a004-b5fa2cd87a42@group-6B5012D43B73-FollowerState
2021-01-08 04:47:01,496 [grpc-default-executor-3] INFO  server.RaftServer$Division (RaftServerImpl.java:requestVote(1137)) -  FOLLOWER 55aa2eb3-e7d2-43c8-9100-77f9e6fde891@group-6B5012D43B73:t2, leader=null, voted=null, raftlog=55aa2eb3-e7d2-43c8-9100-77f9e6fde891@group-6B5012D43B73-SegmentedRaftLog:OPENED:c-1,f-1,i0, conf=-1: [55aa2eb3-e7d2-43c8-9100-77f9e6fde891|rpc:172.17.0.2:35207|dataStream:|priority:0, 027ea797-585b-4d73-a004-b5fa2cd87a42|rpc:172.17.0.2:43035|dataStream:|priority:0, 24be368e-9912-49e9-b36f-3be1586466e8|rpc:172.17.0.2:45243|dataStream:|priority:0], old=null RUNNING priority:0 candidate:24be368e-9912-49e9-b36f-3be1586466e8|rpc:172.17.0.2:45243|dataStream:|priority:0 candidatePriority:0 compare:0
2021-01-08 04:47:01,496 [grpc-default-executor-4] INFO  impl.RoleInfo (RoleInfo.java:updateAndGet(130)) - 027ea797-585b-4d73-a004-b5fa2cd87a42: start 027ea797-585b-4d73-a004-b5fa2cd87a42@group-6B5012D43B73-FollowerState
2021-01-08 04:47:01,496 [Thread-5827] INFO  impl.FollowerState (FollowerState.java:run(142)) - 027ea797-585b-4d73-a004-b5fa2cd87a42@group-6B5012D43B73-FollowerState was interrupted: {}
java.lang.InterruptedException: sleep interrupted
	at java.lang.Thread.sleep(Native Method)
	at java.lang.Thread.sleep(Thread.java:340)
	at java.util.concurrent.TimeUnit.sleep(TimeUnit.java:386)
	at org.apache.ratis.util.TimeDuration.sleep(TimeDuration.java:324)
	at org.apache.ratis.util.TimeDuration.sleep(TimeDuration.java:309)
	at org.apache.ratis.server.impl.FollowerState.run(FollowerState.java:117)
2021-01-08 04:47:01,496 [grpc-default-executor-4] INFO  server.RaftServer$Division (RaftServerImpl.java:requestVote(1137)) -  FOLLOWER 027ea797-585b-4d73-a004-b5fa2cd87a42@group-6B5012D43B73:t2, leader=null, voted=null, raftlog=027ea797-585b-4d73-a004-b5fa2cd87a42@group-6B5012D43B73-SegmentedRaftLog:OPENED:c-1,f-1,i0, conf=-1: [55aa2eb3-e7d2-43c8-9100-77f9e6fde891|rpc:172.17.0.2:35207|dataStream:|priority:0, 027ea797-585b-4d73-a004-b5fa2cd87a42|rpc:172.17.0.2:43035|dataStream:|priority:0, 24be368e-9912-49e9-b36f-3be1586466e8|rpc:172.17.0.2:45243|dataStream:|priority:0], old=null RUNNING priority:0 candidate:24be368e-9912-49e9-b36f-3be1586466e8|rpc:172.17.0.2:45243|dataStream:|priority:0 candidatePriority:0 compare:0
2021-01-08 04:47:01,497 [24be368e-9912-49e9-b36f-3be1586466e8@group-6B5012D43B73-LeaderElection90] INFO  impl.LeaderElection (LeaderElection.java:logAndReturn(68)) - 24be368e-9912-49e9-b36f-3be1586466e8@group-6B5012D43B73-LeaderElection90: Election  PASSED received 1 response(s):[24be368e-9912-49e9-b36f-3be1586466e8<-55aa2eb3-e7d2-43c8-9100-77f9e6fde891#0:OK-t2]
2021-01-08 04:47:01,497 [24be368e-9912-49e9-b36f-3be1586466e8@group-6B5012D43B73-LeaderElection90] INFO  impl.RoleInfo (RoleInfo.java:shutdownLeaderElection(121)) - 24be368e-9912-49e9-b36f-3be1586466e8: shutdown 24be368e-9912-49e9-b36f-3be1586466e8@group-6B5012D43B73-LeaderElection90
2021-01-08 04:47:01,497 [24be368e-9912-49e9-b36f-3be1586466e8@group-6B5012D43B73-LeaderElection90] INFO  server.RaftServer$Division (RaftServerImpl.java:setRole(283)) - 24be368e-9912-49e9-b36f-3be1586466e8@group-6B5012D43B73: changes role from CANDIDATE to LEADER at term 2 for changeToLeader
2021-01-08 04:47:01,497 [24be368e-9912-49e9-b36f-3be1586466e8@group-6B5012D43B73-LeaderElection90] INFO  ratis.XceiverServerRatis (XceiverServerRatis.java:handleLeaderChangedNotification(868)) - Leader change notification received for group: group-6B5012D43B73 with new leaderId: 24be368e-9912-49e9-b36f-3be1586466e8
2021-01-08 04:47:01,497 [24be368e-9912-49e9-b36f-3be1586466e8@group-6B5012D43B73-LeaderElection90] INFO  server.RaftServer$Division (ServerState.java:setLeader(249)) - 24be368e-9912-49e9-b36f-3be1586466e8@group-6B5012D43B73: change Leader from null to 24be368e-9912-49e9-b36f-3be1586466e8 at term 2 for becomeLeader, leader elected after 10272ms
2021-01-08 04:47:01,498 [24be368e-9912-49e9-b36f-3be1586466e8@group-6B5012D43B73-LeaderElection90] INFO  server.RaftServerConfigKeys (ConfUtils.java:logGet(44)) - raft.server.staging.catchup.gap = 1000 (default)
2021-01-08 04:47:01,498 [24be368e-9912-49e9-b36f-3be1586466e8@group-6B5012D43B73-LeaderElection90] INFO  metrics.RatisMetrics (RatisMetrics.java:lambda$create$0(36)) - Creating Metrics Registry : ratis.log_appender.24be368e-9912-49e9-b36f-3be1586466e8@group-6B5012D43B73
2021-01-08 04:47:01,498 [24be368e-9912-49e9-b36f-3be1586466e8@group-6B5012D43B73-LeaderElection90] INFO  server.RaftServerConfigKeys (ConfUtils.java:logGet(44)) - raft.server.write.element-limit = 1024 (custom)
2021-01-08 04:47:01,498 [24be368e-9912-49e9-b36f-3be1586466e8@group-6B5012D43B73-LeaderElection90] INFO  server.RaftServerConfigKeys (ConfUtils.java:logGet(44)) - raft.server.write.byte-limit = 1073741824 (custom)
2021-01-08 04:47:01,499 [EventQueue-PipelineReportForPipelineReportHandler] INFO  pipeline.PipelineStateManager (PipelineStateManager.java:openPipeline(132)) - Pipeline Pipeline[ Id: dae6ff18-9ef8-4c63-9f66-6b5012d43b73, Nodes: 027ea797-585b-4d73-a004-b5fa2cd87a42{ip: 172.17.0.2, host: 36857d2baa53, networkLocation: /default-rack, certSerialId: null, persistedOpState: IN_SERVICE, persistedOpStateExpiryEpochSec: 0}55aa2eb3-e7d2-43c8-9100-77f9e6fde891{ip: 172.17.0.2, host: 36857d2baa53, networkLocation: /default-rack, certSerialId: null, persistedOpState: IN_SERVICE, persistedOpStateExpiryEpochSec: 0}24be368e-9912-49e9-b36f-3be1586466e8{ip: 172.17.0.2, host: 36857d2baa53, networkLocation: /default-rack, certSerialId: null, persistedOpState: IN_SERVICE, persistedOpStateExpiryEpochSec: 0}, Type:RATIS, Factor:THREE, State:ALLOCATED, leaderId:24be368e-9912-49e9-b36f-3be1586466e8, CreationTimestamp2021-01-08T04:46:48.603Z] moved to OPEN state
2021-01-08 04:47:01,500 [24be368e-9912-49e9-b36f-3be1586466e8@group-6B5012D43B73-LeaderElection90] INFO  server.RaftServerConfigKeys (ConfUtils.java:logGet(44)) - raft.server.watch.timeout = 180s (custom)
2021-01-08 04:47:01,500 [24be368e-9912-49e9-b36f-3be1586466e8@group-6B5012D43B73-LeaderElection90] INFO  server.RaftServerConfigKeys (ConfUtils.java:logGet(44)) - raft.server.watch.timeout.denomination = 1s (default)
2021-01-08 04:47:01,500 [24be368e-9912-49e9-b36f-3be1586466e8@group-6B5012D43B73-LeaderElection90] INFO  server.RaftServerConfigKeys (ConfUtils.java:logGet(44)) - raft.server.watch.element-limit = 65536 (default)
2021-01-08 04:47:01,500 [24be368e-9912-49e9-b36f-3be1586466e8@group-6B5012D43B73-LeaderElection90] INFO  server.RaftServerConfigKeys (ConfUtils.java:logGet(44)) - raft.server.log.appender.snapshot.chunk.size.max = 16MB (=16777216) (default)
2021-01-08 04:47:01,500 [24be368e-9912-49e9-b36f-3be1586466e8@group-6B5012D43B73-LeaderElection90] INFO  server.RaftServerConfigKeys (ConfUtils.java:logGet(44)) - raft.server.log.appender.buffer.byte-limit = 33554432 (custom)
2021-01-08 04:47:01,501 [24be368e-9912-49e9-b36f-3be1586466e8@group-6B5012D43B73-LeaderElection90] INFO  server.RaftServerConfigKeys (ConfUtils.java:logGet(44)) - raft.server.log.appender.buffer.element-limit = 1 (custom)
2021-01-08 04:47:01,501 [24be368e-9912-49e9-b36f-3be1586466e8@group-6B5012D43B73-LeaderElection90] INFO  grpc.GrpcConfigKeys (ConfUtils.java:logGet(44)) - raft.grpc.server.leader.outstanding.appends.max = 128 (default)
2021-01-08 04:47:01,501 [24be368e-9912-49e9-b36f-3be1586466e8@group-6B5012D43B73-LeaderElection90] INFO  server.RaftServerConfigKeys (ConfUtils.java:logGet(44)) - raft.server.rpc.request.timeout = 60s (custom)
2021-01-08 04:47:01,501 [24be368e-9912-49e9-b36f-3be1586466e8@group-6B5012D43B73-LeaderElection90] INFO  server.RaftServerConfigKeys (ConfUtils.java:logGet(44)) - raft.server.log.appender.install.snapshot.enabled = false (custom)
2021-01-08 04:47:01,501 [24be368e-9912-49e9-b36f-3be1586466e8@group-6B5012D43B73-LeaderElection90] INFO  metrics.RatisMetrics (RatisMetrics.java:lambda$create$0(36)) - Creating Metrics Registry : ratis_grpc.log_appender.24be368e-9912-49e9-b36f-3be1586466e8@group-6B5012D43B73
2021-01-08 04:47:01,504 [24be368e-9912-49e9-b36f-3be1586466e8@group-6B5012D43B73-LeaderElection90] INFO  server.RaftServerConfigKeys (ConfUtils.java:logGet(44)) - raft.server.log.appender.snapshot.chunk.size.max = 16MB (=16777216) (default)
2021-01-08 04:47:01,504 [24be368e-9912-49e9-b36f-3be1586466e8@group-6B5012D43B73-LeaderElection90] INFO  server.RaftServerConfigKeys (ConfUtils.java:logGet(44)) - raft.server.log.appender.buffer.byte-limit = 33554432 (custom)
2021-01-08 04:47:01,504 [24be368e-9912-49e9-b36f-3be1586466e8@group-6B5012D43B73-LeaderElection90] INFO  server.RaftServerConfigKeys (ConfUtils.java:logGet(44)) - raft.server.log.appender.buffer.element-limit = 1 (custom)
2021-01-08 04:47:01,505 [24be368e-9912-49e9-b36f-3be1586466e8@group-6B5012D43B73-LeaderElection90] INFO  grpc.GrpcConfigKeys (ConfUtils.java:logGet(44)) - raft.grpc.server.leader.outstanding.appends.max = 128 (default)
2021-01-08 04:47:01,505 [24be368e-9912-49e9-b36f-3be1586466e8@group-6B5012D43B73-LeaderElection90] INFO  server.RaftServerConfigKeys (ConfUtils.java:logGet(44)) - raft.server.rpc.request.timeout = 60s (custom)
2021-01-08 04:47:01,505 [24be368e-9912-49e9-b36f-3be1586466e8@group-6B5012D43B73-LeaderElection90] INFO  server.RaftServerConfigKeys (ConfUtils.java:logGet(44)) - raft.server.log.appender.install.snapshot.enabled = false (custom)
2021-01-08 04:47:01,508 [24be368e-9912-49e9-b36f-3be1586466e8@group-6B5012D43B73-LeaderElection90] INFO  impl.RoleInfo (RoleInfo.java:updateAndGet(130)) - 24be368e-9912-49e9-b36f-3be1586466e8: start 24be368e-9912-49e9-b36f-3be1586466e8@group-6B5012D43B73-LeaderStateImpl
2021-01-08 04:47:01,508 [24be368e-9912-49e9-b36f-3be1586466e8@group-6B5012D43B73-LeaderElection90] INFO  segmented.SegmentedRaftLogWorker (SegmentedRaftLogWorker.java:startLogSegment(392)) - 24be368e-9912-49e9-b36f-3be1586466e8@group-6B5012D43B73-SegmentedRaftLogWorker: Starting segment from index:0
2021-01-08 04:47:01,511 [24be368e-9912-49e9-b36f-3be1586466e8@group-6B5012D43B73-SegmentedRaftLogWorker] INFO  segmented.SegmentedRaftLogWorker (SegmentedRaftLogWorker.java:execute(599)) - 24be368e-9912-49e9-b36f-3be1586466e8@group-6B5012D43B73-SegmentedRaftLogWorker: created new log segment /github/workspace/mnt/ozone/hadoop-ozone/integration-test/target/test-dir/MiniOzoneClusterImpl-8e553afa-60cb-4a34-8c5d-9ccb1efc285c/datanode-0/data/ratis/dae6ff18-9ef8-4c63-9f66-6b5012d43b73/current/log_inprogress_0
2021-01-08 04:47:01,520 [24be368e-9912-49e9-b36f-3be1586466e8@group-6B5012D43B73-LeaderElection90] INFO  server.RaftServer$Division (ServerState.java:setRaftConf(368)) - 24be368e-9912-49e9-b36f-3be1586466e8@group-6B5012D43B73: set configuration 0: [55aa2eb3-e7d2-43c8-9100-77f9e6fde891|rpc:172.17.0.2:35207|dataStream:|priority:0, 027ea797-585b-4d73-a004-b5fa2cd87a42|rpc:172.17.0.2:43035|dataStream:|priority:0, 24be368e-9912-49e9-b36f-3be1586466e8|rpc:172.17.0.2:45243|dataStream:|priority:0], old=null
2021-01-08 04:47:01,529 [grpc-default-executor-3] INFO  ratis.XceiverServerRatis (XceiverServerRatis.java:handleLeaderChangedNotification(868)) - Leader change notification received for group: group-6B5012D43B73 with new leaderId: 24be368e-9912-49e9-b36f-3be1586466e8
2021-01-08 04:47:01,529 [grpc-default-executor-3] INFO  server.RaftServer$Division (ServerState.java:setLeader(249)) - 55aa2eb3-e7d2-43c8-9100-77f9e6fde891@group-6B5012D43B73: change Leader from null to 24be368e-9912-49e9-b36f-3be1586466e8 at term 2 for appendEntries, leader elected after 10248ms
2021-01-08 04:47:01,534 [grpc-default-executor-3] INFO  ratis.XceiverServerRatis (XceiverServerRatis.java:handleLeaderChangedNotification(868)) - Leader change notification received for group: group-6B5012D43B73 with new leaderId: 24be368e-9912-49e9-b36f-3be1586466e8
2021-01-08 04:47:01,534 [grpc-default-executor-3] INFO  server.RaftServer$Division (ServerState.java:setLeader(249)) - 027ea797-585b-4d73-a004-b5fa2cd87a42@group-6B5012D43B73: change Leader from null to 24be368e-9912-49e9-b36f-3be1586466e8 at term 2 for appendEntries, leader elected after 10282ms
2021-01-08 04:47:01,535 [grpc-default-executor-5] INFO  server.RaftServer$Division (ServerState.java:setRaftConf(368)) - 55aa2eb3-e7d2-43c8-9100-77f9e6fde891@group-6B5012D43B73: set configuration 0: [55aa2eb3-e7d2-43c8-9100-77f9e6fde891|rpc:172.17.0.2:35207|dataStream:|priority:0, 027ea797-585b-4d73-a004-b5fa2cd87a42|rpc:172.17.0.2:43035|dataStream:|priority:0, 24be368e-9912-49e9-b36f-3be1586466e8|rpc:172.17.0.2:45243|dataStream:|priority:0], old=null
2021-01-08 04:47:01,536 [grpc-default-executor-5] INFO  segmented.SegmentedRaftLogWorker (SegmentedRaftLogWorker.java:startLogSegment(392)) - 55aa2eb3-e7d2-43c8-9100-77f9e6fde891@group-6B5012D43B73-SegmentedRaftLogWorker: Starting segment from index:0
2021-01-08 04:47:01,538 [grpc-default-executor-5] INFO  server.RaftServer$Division (ServerState.java:setRaftConf(368)) - 027ea797-585b-4d73-a004-b5fa2cd87a42@group-6B5012D43B73: set configuration 0: [55aa2eb3-e7d2-43c8-9100-77f9e6fde891|rpc:172.17.0.2:35207|dataStream:|priority:0, 027ea797-585b-4d73-a004-b5fa2cd87a42|rpc:172.17.0.2:43035|dataStream:|priority:0, 24be368e-9912-49e9-b36f-3be1586466e8|rpc:172.17.0.2:45243|dataStream:|priority:0], old=null
2021-01-08 04:47:01,538 [grpc-default-executor-5] INFO  segmented.SegmentedRaftLogWorker (SegmentedRaftLogWorker.java:startLogSegment(392)) - 027ea797-585b-4d73-a004-b5fa2cd87a42@group-6B5012D43B73-SegmentedRaftLogWorker: Starting segment from index:0
2021-01-08 04:47:01,542 [55aa2eb3-e7d2-43c8-9100-77f9e6fde891@group-6B5012D43B73-SegmentedRaftLogWorker] INFO  segmented.SegmentedRaftLogWorker (SegmentedRaftLogWorker.java:execute(599)) - 55aa2eb3-e7d2-43c8-9100-77f9e6fde891@group-6B5012D43B73-SegmentedRaftLogWorker: created new log segment /github/workspace/mnt/ozone/hadoop-ozone/integration-test/target/test-dir/MiniOzoneClusterImpl-8e553afa-60cb-4a34-8c5d-9ccb1efc285c/datanode-1/data/ratis/dae6ff18-9ef8-4c63-9f66-6b5012d43b73/current/log_inprogress_0
2021-01-08 04:47:01,543 [027ea797-585b-4d73-a004-b5fa2cd87a42@group-6B5012D43B73-SegmentedRaftLogWorker] INFO  segmented.SegmentedRaftLogWorker (SegmentedRaftLogWorker.java:execute(599)) - 027ea797-585b-4d73-a004-b5fa2cd87a42@group-6B5012D43B73-SegmentedRaftLogWorker: created new log segment /github/workspace/mnt/ozone/hadoop-ozone/integration-test/target/test-dir/MiniOzoneClusterImpl-8e553afa-60cb-4a34-8c5d-9ccb1efc285c/datanode-2/data/ratis/dae6ff18-9ef8-4c63-9f66-6b5012d43b73/current/log_inprogress_0
2021-01-08 04:47:03,079 [Listener at 127.0.0.1/45829] INFO  metrics.RatisMetrics (RatisMetrics.java:lambda$create$0(36)) - Creating Metrics Registry : ratis.client_message_metrics.client-29897A4D647D->24be368e-9912-49e9-b36f-3be1586466e8
2021-01-08 04:47:06,029 [IPC Server handler 0 on default port 34827] INFO  node.NodeDecommissionManager (NodeDecommissionManager.java:startMaintenance(344)) - Starting Maintenance for node c1649de0-22a9-4a2d-8f9f-08808ec0c035{ip: 172.17.0.2, host: 36857d2baa53, networkLocation: /default-rack, certSerialId: null, persistedOpState: IN_SERVICE, persistedOpStateExpiryEpochSec: 0}
2021-01-08 04:47:06,030 [IPC Server handler 0 on default port 34827] INFO  node.NodeDecommissionManager (NodeDecommissionManager.java:startMaintenance(344)) - Starting Maintenance for node 689c23cd-66ac-4afb-b938-b7ca1102e3b6{ip: 172.17.0.2, host: 36857d2baa53, networkLocation: /default-rack, certSerialId: null, persistedOpState: IN_SERVICE, persistedOpStateExpiryEpochSec: 0}
2021-01-08 04:47:06,030 [IPC Server handler 0 on default port 34827] INFO  node.NodeDecommissionManager (NodeDecommissionManager.java:startMaintenance(344)) - Starting Maintenance for node 7c042e84-4356-40d3-8d58-8573f50c8ed6{ip: 172.17.0.2, host: 36857d2baa53, networkLocation: /default-rack, certSerialId: null, persistedOpState: IN_SERVICE, persistedOpStateExpiryEpochSec: 0}
2021-01-08 04:47:06,435 [IPC Server handler 15 on default port 36571] INFO  node.SCMNodeManager (SCMNodeManager.java:updateDatanodeOpState(419)) - Scheduling a command to update the operationalState persisted on the datanode as the reported value (IN_SERVICE, 0) does not match the value stored in SCM (ENTERING_MAINTENANCE, 0)
2021-01-08 04:47:06,442 [IPC Server handler 16 on default port 36571] INFO  node.SCMNodeManager (SCMNodeManager.java:updateDatanodeOpState(419)) - Scheduling a command to update the operationalState persisted on the datanode as the reported value (IN_SERVICE, 0) does not match the value stored in SCM (ENTERING_MAINTENANCE, 0)
2021-01-08 04:47:06,446 [IPC Server handler 18 on default port 36571] INFO  node.SCMNodeManager (SCMNodeManager.java:updateDatanodeOpState(419)) - Scheduling a command to update the operationalState persisted on the datanode as the reported value (IN_SERVICE, 0) does not match the value stored in SCM (ENTERING_MAINTENANCE, 0)
2021-01-08 04:47:06,695 [DatanodeAdminManager-0] INFO  node.DatanodeAdminMonitorImpl (DatanodeAdminMonitorImpl.java:checkPipelinesClosedOnNode(267)) - Waiting for pipelines to close for 689c23cd-66ac-4afb-b938-b7ca1102e3b6{ip: 172.17.0.2, host: 36857d2baa53, networkLocation: /default-rack, certSerialId: null, persistedOpState: IN_SERVICE, persistedOpStateExpiryEpochSec: 0}. There are 2 pipelines
2021-01-08 04:47:06,695 [DatanodeAdminManager-0] INFO  node.DatanodeAdminMonitorImpl (DatanodeAdminMonitorImpl.java:checkPipelinesClosedOnNode(267)) - Waiting for pipelines to close for 7c042e84-4356-40d3-8d58-8573f50c8ed6{ip: 172.17.0.2, host: 36857d2baa53, networkLocation: /default-rack, certSerialId: null, persistedOpState: IN_SERVICE, persistedOpStateExpiryEpochSec: 0}. There are 2 pipelines
2021-01-08 04:47:06,695 [EventQueue-StartAdminOnNodeForStartDatanodeAdminHandler] INFO  node.StartDatanodeAdminHandler (StartDatanodeAdminHandler.java:onMessage(56)) - Admin start on datanode c1649de0-22a9-4a2d-8f9f-08808ec0c035{ip: 172.17.0.2, host: 36857d2baa53, networkLocation: /default-rack, certSerialId: null, persistedOpState: IN_SERVICE, persistedOpStateExpiryEpochSec: 0}. Finalizing its pipelines [PipelineID=ab80aac2-71f0-4096-900d-729eb5f5a5a9, PipelineID=36c0d7f8-04c4-46f7-b093-80e7d1d024f0]
2021-01-08 04:47:06,696 [DatanodeAdminManager-0] INFO  node.DatanodeAdminMonitorImpl (DatanodeAdminMonitorImpl.java:checkPipelinesClosedOnNode(267)) - Waiting for pipelines to close for c1649de0-22a9-4a2d-8f9f-08808ec0c035{ip: 172.17.0.2, host: 36857d2baa53, networkLocation: /default-rack, certSerialId: null, persistedOpState: IN_SERVICE, persistedOpStateExpiryEpochSec: 0}. There are 2 pipelines
2021-01-08 04:47:06,696 [EventQueue-StartAdminOnNodeForStartDatanodeAdminHandler] INFO  pipeline.SCMPipelineManager (SCMPipelineManager.java:finalizeAndDestroyPipeline(482)) - Destroying pipeline:Pipeline[ Id: ab80aac2-71f0-4096-900d-729eb5f5a5a9, Nodes: 689c23cd-66ac-4afb-b938-b7ca1102e3b6{ip: 172.17.0.2, host: 36857d2baa53, networkLocation: /default-rack, certSerialId: null, persistedOpState: IN_SERVICE, persistedOpStateExpiryEpochSec: 0}7c042e84-4356-40d3-8d58-8573f50c8ed6{ip: 172.17.0.2, host: 36857d2baa53, networkLocation: /default-rack, certSerialId: null, persistedOpState: IN_SERVICE, persistedOpStateExpiryEpochSec: 0}c1649de0-22a9-4a2d-8f9f-08808ec0c035{ip: 172.17.0.2, host: 36857d2baa53, networkLocation: /default-rack, certSerialId: null, persistedOpState: IN_SERVICE, persistedOpStateExpiryEpochSec: 0}, Type:RATIS, Factor:THREE, State:OPEN, leaderId:c1649de0-22a9-4a2d-8f9f-08808ec0c035, CreationTimestamp2021-01-08T04:46:49.229Z]
2021-01-08 04:47:06,696 [DatanodeAdminManager-0] INFO  node.DatanodeAdminMonitorImpl (DatanodeAdminMonitorImpl.java:run(136)) - There are 3 nodes tracked for decommission and maintenance. 0 pending nodes.
2021-01-08 04:47:06,696 [EventQueue-StartAdminOnNodeForStartDatanodeAdminHandler] INFO  pipeline.PipelineStateManager (PipelineStateManager.java:finalizePipeline(121)) - Pipeline Pipeline[ Id: ab80aac2-71f0-4096-900d-729eb5f5a5a9, Nodes: 689c23cd-66ac-4afb-b938-b7ca1102e3b6{ip: 172.17.0.2, host: 36857d2baa53, networkLocation: /default-rack, certSerialId: null, persistedOpState: IN_SERVICE, persistedOpStateExpiryEpochSec: 0}7c042e84-4356-40d3-8d58-8573f50c8ed6{ip: 172.17.0.2, host: 36857d2baa53, networkLocation: /default-rack, certSerialId: null, persistedOpState: IN_SERVICE, persistedOpStateExpiryEpochSec: 0}c1649de0-22a9-4a2d-8f9f-08808ec0c035{ip: 172.17.0.2, host: 36857d2baa53, networkLocation: /default-rack, certSerialId: null, persistedOpState: IN_SERVICE, persistedOpStateExpiryEpochSec: 0}, Type:RATIS, Factor:THREE, State:CLOSED, leaderId:c1649de0-22a9-4a2d-8f9f-08808ec0c035, CreationTimestamp2021-01-08T04:46:49.229Z] moved to CLOSED state
2021-01-08 04:47:06,696 [EventQueue-StartAdminOnNodeForStartDatanodeAdminHandler] INFO  pipeline.RatisPipelineProvider (RatisPipelineProvider.java:lambda$close$1(199)) - Send pipeline:PipelineID=ab80aac2-71f0-4096-900d-729eb5f5a5a9 close command to datanode 689c23cd-66ac-4afb-b938-b7ca1102e3b6
2021-01-08 04:47:06,696 [EventQueue-CloseContainerForCloseContainerEventHandler] INFO  container.CloseContainerEventHandler (CloseContainerEventHandler.java:onMessage(61)) - Close container Event triggered for container : #1
2021-01-08 04:47:06,697 [EventQueue-StartAdminOnNodeForStartDatanodeAdminHandler] INFO  pipeline.RatisPipelineProvider (RatisPipelineProvider.java:lambda$close$1(199)) - Send pipeline:PipelineID=ab80aac2-71f0-4096-900d-729eb5f5a5a9 close command to datanode 7c042e84-4356-40d3-8d58-8573f50c8ed6
2021-01-08 04:47:06,697 [EventQueue-StartAdminOnNodeForStartDatanodeAdminHandler] INFO  pipeline.RatisPipelineProvider (RatisPipelineProvider.java:lambda$close$1(199)) - Send pipeline:PipelineID=ab80aac2-71f0-4096-900d-729eb5f5a5a9 close command to datanode c1649de0-22a9-4a2d-8f9f-08808ec0c035
2021-01-08 04:47:06,697 [EventQueue-CloseContainerForCloseContainerEventHandler] INFO  container.CloseContainerEventHandler (CloseContainerEventHandler.java:onMessage(61)) - Close container Event triggered for container : #2
2021-01-08 04:47:06,697 [EventQueue-StartAdminOnNodeForStartDatanodeAdminHandler] INFO  pipeline.PipelineStateManager (PipelineStateManager.java:removePipeline(106)) - Pipeline Pipeline[ Id: ab80aac2-71f0-4096-900d-729eb5f5a5a9, Nodes: 689c23cd-66ac-4afb-b938-b7ca1102e3b6{ip: 172.17.0.2, host: 36857d2baa53, networkLocation: /default-rack, certSerialId: null, persistedOpState: IN_SERVICE, persistedOpStateExpiryEpochSec: 0}7c042e84-4356-40d3-8d58-8573f50c8ed6{ip: 172.17.0.2, host: 36857d2baa53, networkLocation: /default-rack, certSerialId: null, persistedOpState: IN_SERVICE, persistedOpStateExpiryEpochSec: 0}c1649de0-22a9-4a2d-8f9f-08808ec0c035{ip: 172.17.0.2, host: 36857d2baa53, networkLocation: /default-rack, certSerialId: null, persistedOpState: IN_SERVICE, persistedOpStateExpiryEpochSec: 0}, Type:RATIS, Factor:THREE, State:CLOSED, leaderId:c1649de0-22a9-4a2d-8f9f-08808ec0c035, CreationTimestamp2021-01-08T04:46:49.229Z] removed from db
2021-01-08 04:47:06,698 [EventQueue-CloseContainerForCloseContainerEventHandler] WARN  container.SCMContainerManager (SCMContainerManager.java:updateContainerState(367)) - Unable to remove container #2 from pipeline PipelineID=ab80aac2-71f0-4096-900d-729eb5f5a5a9  as the pipeline no longer exists
2021-01-08 04:47:06,699 [EventQueue-StartAdminOnNodeForStartDatanodeAdminHandler] INFO  pipeline.SCMPipelineManager (SCMPipelineManager.java:finalizeAndDestroyPipeline(482)) - Destroying pipeline:Pipeline[ Id: 36c0d7f8-04c4-46f7-b093-80e7d1d024f0, Nodes: c1649de0-22a9-4a2d-8f9f-08808ec0c035{ip: 172.17.0.2, host: 36857d2baa53, networkLocation: /default-rack, certSerialId: null, persistedOpState: IN_SERVICE, persistedOpStateExpiryEpochSec: 0}, Type:RATIS, Factor:ONE, State:OPEN, leaderId:c1649de0-22a9-4a2d-8f9f-08808ec0c035, CreationTimestamp2021-01-08T04:46:49.027Z]
2021-01-08 04:47:06,699 [EventQueue-StartAdminOnNodeForStartDatanodeAdminHandler] INFO  pipeline.PipelineStateManager (PipelineStateManager.java:finalizePipeline(121)) - Pipeline Pipeline[ Id: 36c0d7f8-04c4-46f7-b093-80e7d1d024f0, Nodes: c1649de0-22a9-4a2d-8f9f-08808ec0c035{ip: 172.17.0.2, host: 36857d2baa53, networkLocation: /default-rack, certSerialId: null, persistedOpState: IN_SERVICE, persistedOpStateExpiryEpochSec: 0}, Type:RATIS, Factor:ONE, State:CLOSED, leaderId:c1649de0-22a9-4a2d-8f9f-08808ec0c035, CreationTimestamp2021-01-08T04:46:49.027Z] moved to CLOSED state
2021-01-08 04:47:06,699 [EventQueue-StartAdminOnNodeForStartDatanodeAdminHandler] INFO  pipeline.RatisPipelineProvider (RatisPipelineProvider.java:lambda$close$1(199)) - Send pipeline:PipelineID=36c0d7f8-04c4-46f7-b093-80e7d1d024f0 close command to datanode c1649de0-22a9-4a2d-8f9f-08808ec0c035
2021-01-08 04:47:06,699 [EventQueue-StartAdminOnNodeForStartDatanodeAdminHandler] INFO  pipeline.PipelineStateManager (PipelineStateManager.java:removePipeline(106)) - Pipeline Pipeline[ Id: 36c0d7f8-04c4-46f7-b093-80e7d1d024f0, Nodes: c1649de0-22a9-4a2d-8f9f-08808ec0c035{ip: 172.17.0.2, host: 36857d2baa53, networkLocation: /default-rack, certSerialId: null, persistedOpState: IN_SERVICE, persistedOpStateExpiryEpochSec: 0}, Type:RATIS, Factor:ONE, State:CLOSED, leaderId:c1649de0-22a9-4a2d-8f9f-08808ec0c035, CreationTimestamp2021-01-08T04:46:49.027Z] removed from db
2021-01-08 04:47:06,699 [EventQueue-StartAdminOnNodeForStartDatanodeAdminHandler] INFO  node.StartDatanodeAdminHandler (StartDatanodeAdminHandler.java:onMessage(56)) - Admin start on datanode 689c23cd-66ac-4afb-b938-b7ca1102e3b6{ip: 172.17.0.2, host: 36857d2baa53, networkLocation: /default-rack, certSerialId: null, persistedOpState: IN_SERVICE, persistedOpStateExpiryEpochSec: 0}. Finalizing its pipelines [PipelineID=0c6fd33d-8443-43ed-8b67-0c6720dd0921]
2021-01-08 04:47:06,700 [EventQueue-StartAdminOnNodeForStartDatanodeAdminHandler] INFO  pipeline.SCMPipelineManager (SCMPipelineManager.java:finalizeAndDestroyPipeline(482)) - Destroying pipeline:Pipeline[ Id: 0c6fd33d-8443-43ed-8b67-0c6720dd0921, Nodes: 689c23cd-66ac-4afb-b938-b7ca1102e3b6{ip: 172.17.0.2, host: 36857d2baa53, networkLocation: /default-rack, certSerialId: null, persistedOpState: IN_SERVICE, persistedOpStateExpiryEpochSec: 0}, Type:RATIS, Factor:ONE, State:OPEN, leaderId:689c23cd-66ac-4afb-b938-b7ca1102e3b6, CreationTimestamp2021-01-08T04:46:49.228Z]
2021-01-08 04:47:06,701 [EventQueue-StartAdminOnNodeForStartDatanodeAdminHandler] INFO  pipeline.PipelineStateManager (PipelineStateManager.java:finalizePipeline(121)) - Pipeline Pipeline[ Id: 0c6fd33d-8443-43ed-8b67-0c6720dd0921, Nodes: 689c23cd-66ac-4afb-b938-b7ca1102e3b6{ip: 172.17.0.2, host: 36857d2baa53, networkLocation: /default-rack, certSerialId: null, persistedOpState: IN_SERVICE, persistedOpStateExpiryEpochSec: 0}, Type:RATIS, Factor:ONE, State:CLOSED, leaderId:689c23cd-66ac-4afb-b938-b7ca1102e3b6, CreationTimestamp2021-01-08T04:46:49.228Z] moved to CLOSED state
2021-01-08 04:47:06,701 [EventQueue-StartAdminOnNodeForStartDatanodeAdminHandler] INFO  pipeline.RatisPipelineProvider (RatisPipelineProvider.java:lambda$close$1(199)) - Send pipeline:PipelineID=0c6fd33d-8443-43ed-8b67-0c6720dd0921 close command to datanode 689c23cd-66ac-4afb-b938-b7ca1102e3b6
2021-01-08 04:47:06,701 [EventQueue-StartAdminOnNodeForStartDatanodeAdminHandler] INFO  pipeline.PipelineStateManager (PipelineStateManager.java:removePipeline(106)) - Pipeline Pipeline[ Id: 0c6fd33d-8443-43ed-8b67-0c6720dd0921, Nodes: 689c23cd-66ac-4afb-b938-b7ca1102e3b6{ip: 172.17.0.2, host: 36857d2baa53, networkLocation: /default-rack, certSerialId: null, persistedOpState: IN_SERVICE, persistedOpStateExpiryEpochSec: 0}, Type:RATIS, Factor:ONE, State:CLOSED, leaderId:689c23cd-66ac-4afb-b938-b7ca1102e3b6, CreationTimestamp2021-01-08T04:46:49.228Z] removed from db
2021-01-08 04:47:06,701 [EventQueue-StartAdminOnNodeForStartDatanodeAdminHandler] INFO  node.StartDatanodeAdminHandler (StartDatanodeAdminHandler.java:onMessage(56)) - Admin start on datanode 7c042e84-4356-40d3-8d58-8573f50c8ed6{ip: 172.17.0.2, host: 36857d2baa53, networkLocation: /default-rack, certSerialId: null, persistedOpState: IN_SERVICE, persistedOpStateExpiryEpochSec: 0}. Finalizing its pipelines [PipelineID=40443567-9854-4c53-aa49-ed62677dc460]
2021-01-08 04:47:06,702 [EventQueue-StartAdminOnNodeForStartDatanodeAdminHandler] INFO  pipeline.SCMPipelineManager (SCMPipelineManager.java:finalizeAndDestroyPipeline(482)) - Destroying pipeline:Pipeline[ Id: 40443567-9854-4c53-aa49-ed62677dc460, Nodes: 7c042e84-4356-40d3-8d58-8573f50c8ed6{ip: 172.17.0.2, host: 36857d2baa53, networkLocation: /default-rack, certSerialId: null, persistedOpState: IN_SERVICE, persistedOpStateExpiryEpochSec: 0}, Type:RATIS, Factor:ONE, State:OPEN, leaderId:7c042e84-4356-40d3-8d58-8573f50c8ed6, CreationTimestamp2021-01-08T04:46:48.813Z]
2021-01-08 04:47:06,702 [EventQueue-StartAdminOnNodeForStartDatanodeAdminHandler] INFO  pipeline.PipelineStateManager (PipelineStateManager.java:finalizePipeline(121)) - Pipeline Pipeline[ Id: 40443567-9854-4c53-aa49-ed62677dc460, Nodes: 7c042e84-4356-40d3-8d58-8573f50c8ed6{ip: 172.17.0.2, host: 36857d2baa53, networkLocation: /default-rack, certSerialId: null, persistedOpState: IN_SERVICE, persistedOpStateExpiryEpochSec: 0}, Type:RATIS, Factor:ONE, State:CLOSED, leaderId:7c042e84-4356-40d3-8d58-8573f50c8ed6, CreationTimestamp2021-01-08T04:46:48.813Z] moved to CLOSED state
2021-01-08 04:47:06,702 [EventQueue-StartAdminOnNodeForStartDatanodeAdminHandler] INFO  pipeline.RatisPipelineProvider (RatisPipelineProvider.java:lambda$close$1(199)) - Send pipeline:PipelineID=40443567-9854-4c53-aa49-ed62677dc460 close command to datanode 7c042e84-4356-40d3-8d58-8573f50c8ed6
2021-01-08 04:47:06,702 [EventQueue-StartAdminOnNodeForStartDatanodeAdminHandler] INFO  pipeline.PipelineStateManager (PipelineStateManager.java:removePipeline(106)) - Pipeline Pipeline[ Id: 40443567-9854-4c53-aa49-ed62677dc460, Nodes: 7c042e84-4356-40d3-8d58-8573f50c8ed6{ip: 172.17.0.2, host: 36857d2baa53, networkLocation: /default-rack, certSerialId: null, persistedOpState: IN_SERVICE, persistedOpStateExpiryEpochSec: 0}, Type:RATIS, Factor:ONE, State:CLOSED, leaderId:7c042e84-4356-40d3-8d58-8573f50c8ed6, CreationTimestamp2021-01-08T04:46:48.813Z] removed from db
2021-01-08 04:47:07,435 [IPC Server handler 15 on default port 36571] INFO  node.SCMNodeManager (SCMNodeManager.java:updateDatanodeOpState(419)) - Scheduling a command to update the operationalState persisted on the datanode as the reported value (IN_SERVICE, 0) does not match the value stored in SCM (ENTERING_MAINTENANCE, 0)
2021-01-08 04:47:07,442 [IPC Server handler 16 on default port 36571] INFO  node.SCMNodeManager (SCMNodeManager.java:updateDatanodeOpState(419)) - Scheduling a command to update the operationalState persisted on the datanode as the reported value (IN_SERVICE, 0) does not match the value stored in SCM (ENTERING_MAINTENANCE, 0)
2021-01-08 04:47:07,695 [DatanodeAdminManager-0] INFO  node.DatanodeAdminMonitorImpl (DatanodeAdminMonitorImpl.java:checkContainersReplicatedOnNode(297)) - 7c042e84-4356-40d3-8d58-8573f50c8ed6{ip: 172.17.0.2, host: 36857d2baa53, networkLocation: /default-rack, certSerialId: null, persistedOpState: ENTERING_MAINTENANCE, persistedOpStateExpiryEpochSec: 0} has 2 sufficientlyReplicated, 0 underReplicated and 2 unhealthy containers
2021-01-08 04:47:07,695 [DatanodeAdminManager-0] INFO  node.DatanodeAdminMonitorImpl (DatanodeAdminMonitorImpl.java:run(136)) - There are 3 nodes tracked for decommission and maintenance. 0 pending nodes.
2021-01-08 04:47:08,435 [Command processor thread] INFO  server.RaftServer (RaftServerProxy.java:remove(106)) - c1649de0-22a9-4a2d-8f9f-08808ec0c035: remove    LEADER c1649de0-22a9-4a2d-8f9f-08808ec0c035@group-729EB5F5A5A9:t1, leader=c1649de0-22a9-4a2d-8f9f-08808ec0c035, voted=c1649de0-22a9-4a2d-8f9f-08808ec0c035, raftlog=c1649de0-22a9-4a2d-8f9f-08808ec0c035@group-729EB5F5A5A9-SegmentedRaftLog:OPENED:c57,f57,i57, conf=0: [7c042e84-4356-40d3-8d58-8573f50c8ed6|rpc:172.17.0.2:35077|dataStream:|priority:0, c1649de0-22a9-4a2d-8f9f-08808ec0c035|rpc:172.17.0.2:36837|dataStream:|priority:0, 689c23cd-66ac-4afb-b938-b7ca1102e3b6|rpc:172.17.0.2:43779|dataStream:|priority:0], old=null RUNNING
2021-01-08 04:47:08,435 [Command processor thread] INFO  server.RaftServer$Division (RaftServerImpl.java:lambda$close$4(405)) - c1649de0-22a9-4a2d-8f9f-08808ec0c035@group-729EB5F5A5A9: shutdown
2021-01-08 04:47:08,435 [Command processor thread] INFO  util.JmxRegister (JmxRegister.java:unregister(73)) - Successfully un-registered JMX Bean with object name Ratis:service=RaftServer,group=group-729EB5F5A5A9,id=c1649de0-22a9-4a2d-8f9f-08808ec0c035
2021-01-08 04:47:08,435 [Command processor thread] INFO  impl.RoleInfo (RoleInfo.java:shutdownLeaderState(91)) - c1649de0-22a9-4a2d-8f9f-08808ec0c035: shutdown c1649de0-22a9-4a2d-8f9f-08808ec0c035@group-729EB5F5A5A9-LeaderStateImpl
2021-01-08 04:47:08,436 [Command processor thread] INFO  metrics.RatisMetrics (RatisMetrics.java:unregister(43)) - Unregistering Metrics Registry : ratis_grpc.log_appender.c1649de0-22a9-4a2d-8f9f-08808ec0c035@group-729EB5F5A5A9
2021-01-08 04:47:08,436 [Command processor thread] INFO  metrics.RatisMetrics (RatisMetrics.java:unregister(43)) - Unregistering Metrics Registry : ratis_grpc.log_appender.c1649de0-22a9-4a2d-8f9f-08808ec0c035@group-729EB5F5A5A9
2021-01-08 04:47:08,436 [Command processor thread] INFO  impl.PendingRequests (PendingRequests.java:sendNotLeaderResponses(249)) - c1649de0-22a9-4a2d-8f9f-08808ec0c035@group-729EB5F5A5A9-PendingRequests: sendNotLeaderResponses
2021-01-08 04:47:08,436 [c1649de0-22a9-4a2d-8f9f-08808ec0c035@group-729EB5F5A5A9->7c042e84-4356-40d3-8d58-8573f50c8ed6-GrpcLogAppender-LogAppenderDaemon] WARN  server.GrpcLogAppender (GrpcLogAppender.java:mayWait(175)) - c1649de0-22a9-4a2d-8f9f-08808ec0c035@group-729EB5F5A5A9->7c042e84-4356-40d3-8d58-8573f50c8ed6-GrpcLogAppender: Wait interrupted by java.lang.InterruptedException
2021-01-08 04:47:08,438 [grpc-default-executor-4] INFO  server.GrpcServerProtocolService (GrpcServerProtocolService.java:onCompleted(138)) - 7c042e84-4356-40d3-8d58-8573f50c8ed6: Completed APPEND_ENTRIES, lastRequest: c1649de0-22a9-4a2d-8f9f-08808ec0c035->7c042e84-4356-40d3-8d58-8573f50c8ed6#674-t1,previous=(t:1, i:56),leaderCommit=55,initializing? true,entries: size=1, first=(t:1, i:57), METADATAENTRY(c:55)
2021-01-08 04:47:08,438 [Command processor thread] INFO  metrics.RatisMetrics (RatisMetrics.java:unregister(43)) - Unregistering Metrics Registry : ratis.log_appender.c1649de0-22a9-4a2d-8f9f-08808ec0c035@group-729EB5F5A5A9
2021-01-08 04:47:08,438 [Command processor thread] INFO  metrics.RatisMetrics (RatisMetrics.java:unregister(43)) - Unregistering Metrics Registry : ratis.server.c1649de0-22a9-4a2d-8f9f-08808ec0c035@group-729EB5F5A5A9
2021-01-08 04:47:08,437 [c1649de0-22a9-4a2d-8f9f-08808ec0c035@group-729EB5F5A5A9->689c23cd-66ac-4afb-b938-b7ca1102e3b6-GrpcLogAppender-LogAppenderDaemon] WARN  server.GrpcLogAppender (GrpcLogAppender.java:mayWait(175)) - c1649de0-22a9-4a2d-8f9f-08808ec0c035@group-729EB5F5A5A9->689c23cd-66ac-4afb-b938-b7ca1102e3b6-GrpcLogAppender: Wait interrupted by java.lang.InterruptedException
2021-01-08 04:47:08,439 [grpc-default-executor-3] INFO  server.GrpcServerProtocolService (GrpcServerProtocolService.java:onCompleted(138)) - 689c23cd-66ac-4afb-b938-b7ca1102e3b6: Completed APPEND_ENTRIES, lastRequest: c1649de0-22a9-4a2d-8f9f-08808ec0c035->689c23cd-66ac-4afb-b938-b7ca1102e3b6#680-t1,previous=(t:1, i:56),leaderCommit=55,initializing? true,entries: size=1, first=(t:1, i:57), METADATAENTRY(c:55)
2021-01-08 04:47:08,441 [grpc-default-executor-5] INFO  server.GrpcLogAppender (GrpcLogAppender.java:onCompleted(344)) - c1649de0-22a9-4a2d-8f9f-08808ec0c035@group-729EB5F5A5A9->7c042e84-4356-40d3-8d58-8573f50c8ed6-AppendLogResponseHandler: follower responses appendEntries COMPLETED
2021-01-08 04:47:08,441 [grpc-default-executor-5] INFO  leader.FollowerInfo (FollowerInfoImpl.java:lambda$new$0(46)) - c1649de0-22a9-4a2d-8f9f-08808ec0c035@group-729EB5F5A5A9->7c042e84-4356-40d3-8d58-8573f50c8ed6: nextIndex: updateUnconditionally 58 -> 57
2021-01-08 04:47:08,443 [grpc-default-executor-0] INFO  server.GrpcLogAppender (GrpcLogAppender.java:onCompleted(344)) - c1649de0-22a9-4a2d-8f9f-08808ec0c035@group-729EB5F5A5A9->689c23cd-66ac-4afb-b938-b7ca1102e3b6-AppendLogResponseHandler: follower responses appendEntries COMPLETED
2021-01-08 04:47:08,443 [grpc-default-executor-0] INFO  leader.FollowerInfo (FollowerInfoImpl.java:lambda$new$0(46)) - c1649de0-22a9-4a2d-8f9f-08808ec0c035@group-729EB5F5A5A9->689c23cd-66ac-4afb-b938-b7ca1102e3b6: nextIndex: updateUnconditionally 58 -> 57
2021-01-08 04:47:08,445 [c1649de0-22a9-4a2d-8f9f-08808ec0c035@group-729EB5F5A5A9-StateMachineUpdater] INFO  ratis.ContainerStateMachine (ContainerStateMachine.java:takeSnapshot(291)) - group-729EB5F5A5A9: Taking a snapshot at:(t:1, i:57) file /github/workspace/mnt/ozone/hadoop-ozone/integration-test/target/test-dir/MiniOzoneClusterImpl-8e553afa-60cb-4a34-8c5d-9ccb1efc285c/datanode-4/data/ratis/ab80aac2-71f0-4096-900d-729eb5f5a5a9/sm/snapshot.1_57
2021-01-08 04:47:08,445 [Command processor thread] INFO  impl.StateMachineUpdater (StateMachineUpdater.java:stopAndJoin(148)) - c1649de0-22a9-4a2d-8f9f-08808ec0c035@group-729EB5F5A5A9-StateMachineUpdater: set stopIndex = 57
2021-01-08 04:47:08,446 [c1649de0-22a9-4a2d-8f9f-08808ec0c035@group-729EB5F5A5A9-StateMachineUpdater] INFO  ratis.ContainerStateMachine (ContainerStateMachine.java:takeSnapshot(302)) - group-729EB5F5A5A9: Finished taking a snapshot at:(t:1, i:57) file:/github/workspace/mnt/ozone/hadoop-ozone/integration-test/target/test-dir/MiniOzoneClusterImpl-8e553afa-60cb-4a34-8c5d-9ccb1efc285c/datanode-4/data/ratis/ab80aac2-71f0-4096-900d-729eb5f5a5a9/sm/snapshot.1_57 took: 1 ms
2021-01-08 04:47:08,446 [c1649de0-22a9-4a2d-8f9f-08808ec0c035@group-729EB5F5A5A9-StateMachineUpdater] INFO  impl.StateMachineUpdater (StateMachineUpdater.java:takeSnapshot(279)) - c1649de0-22a9-4a2d-8f9f-08808ec0c035@group-729EB5F5A5A9-StateMachineUpdater: Took a snapshot at index 57
2021-01-08 04:47:08,447 [c1649de0-22a9-4a2d-8f9f-08808ec0c035@group-729EB5F5A5A9-StateMachineUpdater] INFO  impl.StateMachineUpdater (StateMachineUpdater.java:lambda$new$0(88)) - c1649de0-22a9-4a2d-8f9f-08808ec0c035@group-729EB5F5A5A9-StateMachineUpdater: snapshotIndex: updateIncreasingly -1 -> 57
2021-01-08 04:47:08,447 [c1649de0-22a9-4a2d-8f9f-08808ec0c035@group-729EB5F5A5A9-StateMachineUpdater] INFO  metrics.RatisMetrics (RatisMetrics.java:unregister(43)) - Unregistering Metrics Registry : ratis.state_machine.c1649de0-22a9-4a2d-8f9f-08808ec0c035@group-729EB5F5A5A9
2021-01-08 04:47:08,448 [Command processor thread] INFO  server.RaftServer$Division (ServerState.java:close(400)) - c1649de0-22a9-4a2d-8f9f-08808ec0c035@group-729EB5F5A5A9: closes. applyIndex: 57
2021-01-08 04:47:08,448 [c1649de0-22a9-4a2d-8f9f-08808ec0c035@group-729EB5F5A5A9-SegmentedRaftLogWorker] INFO  segmented.SegmentedRaftLogWorker (SegmentedRaftLogWorker.java:run(326)) - c1649de0-22a9-4a2d-8f9f-08808ec0c035@group-729EB5F5A5A9-SegmentedRaftLogWorker was interrupted, exiting. There are 0 tasks remaining in the queue.
2021-01-08 04:47:08,448 [Command processor thread] INFO  segmented.SegmentedRaftLogWorker (SegmentedRaftLogWorker.java:close(236)) - c1649de0-22a9-4a2d-8f9f-08808ec0c035@group-729EB5F5A5A9-SegmentedRaftLogWorker close()
2021-01-08 04:47:08,449 [Command processor thread] INFO  metrics.RatisMetrics (RatisMetrics.java:unregister(43)) - Unregistering Metrics Registry : ratis.log_worker.c1649de0-22a9-4a2d-8f9f-08808ec0c035@group-729EB5F5A5A9
2021-01-08 04:47:08,449 [Command processor thread] INFO  metrics.RatisMetrics (RatisMetrics.java:unregister(43)) - Unregistering Metrics Registry : ratis.leader_election.c1649de0-22a9-4a2d-8f9f-08808ec0c035@group-729EB5F5A5A9
2021-01-08 04:47:08,449 [Command processor thread] INFO  metrics.RatisMetrics (RatisMetrics.java:unregister(43)) - Unregistering Metrics Registry : ratis.server.c1649de0-22a9-4a2d-8f9f-08808ec0c035@group-729EB5F5A5A9
2021-01-08 04:47:08,452 [Command processor thread] INFO  keyvalue.KeyValueContainer (KeyValueContainer.java:flushAndSyncDB(388)) - Container 1 is synced with bcsId 55.
2021-01-08 04:47:08,452 [Command processor thread] INFO  keyvalue.KeyValueContainer (KeyValueContainer.java:flushAndSyncDB(388)) - Container 1 is synced with bcsId 55.
2021-01-08 04:47:08,454 [EventQueue-IncrementalContainerReportForIncrementalContainerReportHandler] INFO  container.IncrementalContainerReportHandler (AbstractContainerReportHandler.java:updateContainerState(208)) - Moving container #1 to QUASI_CLOSED state, datanode c1649de0-22a9-4a2d-8f9f-08808ec0c035{ip: 172.17.0.2, host: 36857d2baa53, networkLocation: /default-rack, certSerialId: null, persistedOpState: ENTERING_MAINTENANCE, persistedOpStateExpiryEpochSec: 0} reported QUASI_CLOSED replica.
2021-01-08 04:47:08,456 [Command processor thread] INFO  keyvalue.KeyValueContainer (KeyValueContainer.java:flushAndSyncDB(388)) - Container 2 is synced with bcsId 51.
2021-01-08 04:47:08,457 [Command processor thread] INFO  keyvalue.KeyValueContainer (KeyValueContainer.java:flushAndSyncDB(388)) - Container 2 is synced with bcsId 51.
2021-01-08 04:47:08,460 [EventQueue-IncrementalContainerReportForIncrementalContainerReportHandler] INFO  container.IncrementalContainerReportHandler (AbstractContainerReportHandler.java:updateContainerState(208)) - Moving container #2 to QUASI_CLOSED state, datanode c1649de0-22a9-4a2d-8f9f-08808ec0c035{ip: 172.17.0.2, host: 36857d2baa53, networkLocation: /default-rack, certSerialId: null, persistedOpState: ENTERING_MAINTENANCE, persistedOpStateExpiryEpochSec: 0} reported QUASI_CLOSED replica.
2021-01-08 04:47:08,460 [Command processor thread] INFO  server.RaftServer$Division (RaftServerImpl.java:groupRemove(375)) - c1649de0-22a9-4a2d-8f9f-08808ec0c035@group-729EB5F5A5A9: Succeed to remove RaftStorageDirectory Storage Directory /github/workspace/mnt/ozone/hadoop-ozone/integration-test/target/test-dir/MiniOzoneClusterImpl-8e553afa-60cb-4a34-8c5d-9ccb1efc285c/datanode-4/data/ratis/ab80aac2-71f0-4096-900d-729eb5f5a5a9
2021-01-08 04:47:08,460 [Command processor thread] INFO  commandhandler.ClosePipelineCommandHandler (ClosePipelineCommandHandler.java:handle(75)) - Close Pipeline PipelineID=ab80aac2-71f0-4096-900d-729eb5f5a5a9 command on datanode c1649de0-22a9-4a2d-8f9f-08808ec0c035.
2021-01-08 04:47:08,460 [Command processor thread] INFO  server.RaftServer (RaftServerProxy.java:remove(106)) - c1649de0-22a9-4a2d-8f9f-08808ec0c035: remove    LEADER c1649de0-22a9-4a2d-8f9f-08808ec0c035@group-80E7D1D024F0:t1, leader=c1649de0-22a9-4a2d-8f9f-08808ec0c035, voted=c1649de0-22a9-4a2d-8f9f-08808ec0c035, raftlog=c1649de0-22a9-4a2d-8f9f-08808ec0c035@group-80E7D1D024F0-SegmentedRaftLog:OPENED:c0,f0,i0, conf=0: [c1649de0-22a9-4a2d-8f9f-08808ec0c035|rpc:172.17.0.2:36837|dataStream:|priority:0], old=null RUNNING
2021-01-08 04:47:08,460 [Command processor thread] INFO  server.RaftServer$Division (RaftServerImpl.java:lambda$close$4(405)) - c1649de0-22a9-4a2d-8f9f-08808ec0c035@group-80E7D1D024F0: shutdown
2021-01-08 04:47:08,460 [Command processor thread] INFO  util.JmxRegister (JmxRegister.java:unregister(73)) - Successfully un-registered JMX Bean with object name Ratis:service=RaftServer,group=group-80E7D1D024F0,id=c1649de0-22a9-4a2d-8f9f-08808ec0c035
2021-01-08 04:47:08,460 [Command processor thread] INFO  impl.RoleInfo (RoleInfo.java:shutdownLeaderState(91)) - c1649de0-22a9-4a2d-8f9f-08808ec0c035: shutdown c1649de0-22a9-4a2d-8f9f-08808ec0c035@group-80E7D1D024F0-LeaderStateImpl
2021-01-08 04:47:08,460 [Command processor thread] INFO  impl.PendingRequests (PendingRequests.java:sendNotLeaderResponses(249)) - c1649de0-22a9-4a2d-8f9f-08808ec0c035@group-80E7D1D024F0-PendingRequests: sendNotLeaderResponses
2021-01-08 04:47:08,461 [Command processor thread] INFO  metrics.RatisMetrics (RatisMetrics.java:unregister(43)) - Unregistering Metrics Registry : ratis.log_appender.c1649de0-22a9-4a2d-8f9f-08808ec0c035@group-80E7D1D024F0
2021-01-08 04:47:08,461 [Command processor thread] INFO  metrics.RatisMetrics (RatisMetrics.java:unregister(43)) - Unregistering Metrics Registry : ratis.server.c1649de0-22a9-4a2d-8f9f-08808ec0c035@group-80E7D1D024F0
2021-01-08 04:47:08,462 [Command processor thread] INFO  impl.StateMachineUpdater (StateMachineUpdater.java:stopAndJoin(148)) - c1649de0-22a9-4a2d-8f9f-08808ec0c035@group-80E7D1D024F0-StateMachineUpdater: set stopIndex = 0
2021-01-08 04:47:08,462 [c1649de0-22a9-4a2d-8f9f-08808ec0c035@group-80E7D1D024F0-StateMachineUpdater] INFO  ratis.ContainerStateMachine (ContainerStateMachine.java:takeSnapshot(291)) - group-80E7D1D024F0: Taking a snapshot at:(t:1, i:0) file /github/workspace/mnt/ozone/hadoop-ozone/integration-test/target/test-dir/MiniOzoneClusterImpl-8e553afa-60cb-4a34-8c5d-9ccb1efc285c/datanode-4/data/ratis/36c0d7f8-04c4-46f7-b093-80e7d1d024f0/sm/snapshot.1_0
2021-01-08 04:47:08,463 [c1649de0-22a9-4a2d-8f9f-08808ec0c035@group-80E7D1D024F0-StateMachineUpdater] INFO  ratis.ContainerStateMachine (ContainerStateMachine.java:takeSnapshot(302)) - group-80E7D1D024F0: Finished taking a snapshot at:(t:1, i:0) file:/github/workspace/mnt/ozone/hadoop-ozone/integration-test/target/test-dir/MiniOzoneClusterImpl-8e553afa-60cb-4a34-8c5d-9ccb1efc285c/datanode-4/data/ratis/36c0d7f8-04c4-46f7-b093-80e7d1d024f0/sm/snapshot.1_0 took: 1 ms
2021-01-08 04:47:08,463 [c1649de0-22a9-4a2d-8f9f-08808ec0c035@group-80E7D1D024F0-StateMachineUpdater] INFO  impl.StateMachineUpdater (StateMachineUpdater.java:takeSnapshot(279)) - c1649de0-22a9-4a2d-8f9f-08808ec0c035@group-80E7D1D024F0-StateMachineUpdater: Took a snapshot at index 0
2021-01-08 04:47:08,463 [c1649de0-22a9-4a2d-8f9f-08808ec0c035@group-80E7D1D024F0-StateMachineUpdater] INFO  impl.StateMachineUpdater (StateMachineUpdater.java:lambda$new$0(88)) - c1649de0-22a9-4a2d-8f9f-08808ec0c035@group-80E7D1D024F0-StateMachineUpdater: snapshotIndex: updateIncreasingly -1 -> 0
2021-01-08 04:47:08,463 [c1649de0-22a9-4a2d-8f9f-08808ec0c035@group-80E7D1D024F0-StateMachineUpdater] INFO  metrics.RatisMetrics (RatisMetrics.java:unregister(43)) - Unregistering Metrics Registry : ratis.state_machine.c1649de0-22a9-4a2d-8f9f-08808ec0c035@group-80E7D1D024F0
2021-01-08 04:47:08,463 [Command processor thread] INFO  server.RaftServer$Division (ServerState.java:close(400)) - c1649de0-22a9-4a2d-8f9f-08808ec0c035@group-80E7D1D024F0: closes. applyIndex: 0
2021-01-08 04:47:08,464 [c1649de0-22a9-4a2d-8f9f-08808ec0c035@group-80E7D1D024F0-SegmentedRaftLogWorker] INFO  segmented.SegmentedRaftLogWorker (SegmentedRaftLogWorker.java:run(326)) - c1649de0-22a9-4a2d-8f9f-08808ec0c035@group-80E7D1D024F0-SegmentedRaftLogWorker was interrupted, exiting. There are 0 tasks remaining in the queue.
2021-01-08 04:47:08,464 [Command processor thread] INFO  segmented.SegmentedRaftLogWorker (SegmentedRaftLogWorker.java:close(236)) - c1649de0-22a9-4a2d-8f9f-08808ec0c035@group-80E7D1D024F0-SegmentedRaftLogWorker close()
2021-01-08 04:47:08,464 [Command processor thread] INFO  metrics.RatisMetrics (RatisMetrics.java:unregister(43)) - Unregistering Metrics Registry : ratis.log_worker.c1649de0-22a9-4a2d-8f9f-08808ec0c035@group-80E7D1D024F0
2021-01-08 04:47:08,465 [Command processor thread] INFO  metrics.RatisMetrics (RatisMetrics.java:unregister(43)) - Unregistering Metrics Registry : ratis.leader_election.c1649de0-22a9-4a2d-8f9f-08808ec0c035@group-80E7D1D024F0
2021-01-08 04:47:08,465 [Command processor thread] INFO  metrics.RatisMetrics (RatisMetrics.java:unregister(43)) - Unregistering Metrics Registry : ratis.server.c1649de0-22a9-4a2d-8f9f-08808ec0c035@group-80E7D1D024F0
2021-01-08 04:47:08,465 [Command processor thread] INFO  server.RaftServer$Division (RaftServerImpl.java:groupRemove(375)) - c1649de0-22a9-4a2d-8f9f-08808ec0c035@group-80E7D1D024F0: Succeed to remove RaftStorageDirectory Storage Directory /github/workspace/mnt/ozone/hadoop-ozone/integration-test/target/test-dir/MiniOzoneClusterImpl-8e553afa-60cb-4a34-8c5d-9ccb1efc285c/datanode-4/data/ratis/36c0d7f8-04c4-46f7-b093-80e7d1d024f0
2021-01-08 04:47:08,465 [Command processor thread] INFO  commandhandler.ClosePipelineCommandHandler (ClosePipelineCommandHandler.java:handle(75)) - Close Pipeline PipelineID=36c0d7f8-04c4-46f7-b093-80e7d1d024f0 command on datanode c1649de0-22a9-4a2d-8f9f-08808ec0c035.
2021-01-08 04:47:08,466 [Command processor thread] WARN  server.RaftServer (RaftServerProxy.java:remove(101)) - c1649de0-22a9-4a2d-8f9f-08808ec0c035: does not contain group: group-729EB5F5A5A9
2021-01-08 04:47:08,466 [Command processor thread] ERROR commandhandler.ClosePipelineCommandHandler (ClosePipelineCommandHandler.java:handle(78)) - Can't close pipeline PipelineID=ab80aac2-71f0-4096-900d-729eb5f5a5a9
java.io.IOException: c1649de0-22a9-4a2d-8f9f-08808ec0c035: Group group-729EB5F5A5A9 not found.
	at org.apache.hadoop.ozone.container.common.transport.server.ratis.XceiverServerRatis.removeGroup(XceiverServerRatis.java:788)
	at org.apache.hadoop.ozone.container.common.statemachine.commandhandler.ClosePipelineCommandHandler.handle(ClosePipelineCommandHandler.java:74)
	at org.apache.hadoop.ozone.container.common.statemachine.commandhandler.CommandDispatcher.handle(CommandDispatcher.java:99)
	at org.apache.hadoop.ozone.container.common.statemachine.DatanodeStateMachine.lambda$initCommandHandlerThread$2(DatanodeStateMachine.java:498)
	at java.lang.Thread.run(Thread.java:748)
Caused by: org.apache.ratis.protocol.exceptions.GroupMismatchException: c1649de0-22a9-4a2d-8f9f-08808ec0c035: Group group-729EB5F5A5A9 not found.
	at org.apache.ratis.server.impl.RaftServerProxy.groupRemoveAsync(RaftServerProxy.java:502)
	at org.apache.ratis.server.impl.RaftServerProxy.groupManagementAsync(RaftServerProxy.java:458)
	at org.apache.ratis.server.impl.RaftServerProxy.groupManagement(RaftServerProxy.java:438)
	at org.apache.hadoop.ozone.container.common.transport.server.ratis.XceiverServerRatis.removeGroup(XceiverServerRatis.java:786)
	... 4 more
2021-01-08 04:47:08,466 [Command processor thread] WARN  server.RaftServer (RaftServerProxy.java:remove(101)) - c1649de0-22a9-4a2d-8f9f-08808ec0c035: does not contain group: group-80E7D1D024F0
2021-01-08 04:47:08,466 [Command processor thread] ERROR commandhandler.ClosePipelineCommandHandler (ClosePipelineCommandHandler.java:handle(78)) - Can't close pipeline PipelineID=36c0d7f8-04c4-46f7-b093-80e7d1d024f0
java.io.IOException: c1649de0-22a9-4a2d-8f9f-08808ec0c035: Group group-80E7D1D024F0 not found.
	at org.apache.hadoop.ozone.container.common.transport.server.ratis.XceiverServerRatis.removeGroup(XceiverServerRatis.java:788)
	at org.apache.hadoop.ozone.container.common.statemachine.commandhandler.ClosePipelineCommandHandler.handle(ClosePipelineCommandHandler.java:74)
	at org.apache.hadoop.ozone.container.common.statemachine.commandhandler.CommandDispatcher.handle(CommandDispatcher.java:99)
	at org.apache.hadoop.ozone.container.common.statemachine.DatanodeStateMachine.lambda$initCommandHandlerThread$2(DatanodeStateMachine.java:498)
	at java.lang.Thread.run(Thread.java:748)
Caused by: org.apache.ratis.protocol.exceptions.GroupMismatchException: c1649de0-22a9-4a2d-8f9f-08808ec0c035: Group group-80E7D1D024F0 not found.
	at org.apache.ratis.server.impl.RaftServerProxy.groupRemoveAsync(RaftServerProxy.java:502)
	at org.apache.ratis.server.impl.RaftServerProxy.groupManagementAsync(RaftServerProxy.java:458)
	at org.apache.ratis.server.impl.RaftServerProxy.groupManagement(RaftServerProxy.java:438)
	at org.apache.hadoop.ozone.container.common.transport.server.ratis.XceiverServerRatis.removeGroup(XceiverServerRatis.java:786)
	... 4 more
2021-01-08 04:47:08,466 [Command processor thread] WARN  server.RaftServer (RaftServerProxy.java:remove(101)) - c1649de0-22a9-4a2d-8f9f-08808ec0c035: does not contain group: group-729EB5F5A5A9
2021-01-08 04:47:08,466 [Command processor thread] ERROR commandhandler.ClosePipelineCommandHandler (ClosePipelineCommandHandler.java:handle(78)) - Can't close pipeline PipelineID=ab80aac2-71f0-4096-900d-729eb5f5a5a9
java.io.IOException: c1649de0-22a9-4a2d-8f9f-08808ec0c035: Group group-729EB5F5A5A9 not found.
	at org.apache.hadoop.ozone.container.common.transport.server.ratis.XceiverServerRatis.removeGroup(XceiverServerRatis.java:788)
	at org.apache.hadoop.ozone.container.common.statemachine.commandhandler.ClosePipelineCommandHandler.handle(ClosePipelineCommandHandler.java:74)
	at org.apache.hadoop.ozone.container.common.statemachine.commandhandler.CommandDispatcher.handle(CommandDispatcher.java:99)
	at org.apache.hadoop.ozone.container.common.statemachine.DatanodeStateMachine.lambda$initCommandHandlerThread$2(DatanodeStateMachine.java:498)
	at java.lang.Thread.run(Thread.java:748)
Caused by: org.apache.ratis.protocol.exceptions.GroupMismatchException: c1649de0-22a9-4a2d-8f9f-08808ec0c035: Group group-729EB5F5A5A9 not found.
	at org.apache.ratis.server.impl.RaftServerProxy.groupRemoveAsync(RaftServerProxy.java:502)
	at org.apache.ratis.server.impl.RaftServerProxy.groupManagementAsync(RaftServerProxy.java:458)
	at org.apache.ratis.server.impl.RaftServerProxy.groupManagement(RaftServerProxy.java:438)
	at org.apache.hadoop.ozone.container.common.transport.server.ratis.XceiverServerRatis.removeGroup(XceiverServerRatis.java:786)
	... 4 more
2021-01-08 04:47:08,467 [Command processor thread] WARN  server.RaftServer (RaftServerProxy.java:remove(101)) - c1649de0-22a9-4a2d-8f9f-08808ec0c035: does not contain group: group-80E7D1D024F0
2021-01-08 04:47:08,467 [Command processor thread] ERROR commandhandler.ClosePipelineCommandHandler (ClosePipelineCommandHandler.java:handle(78)) - Can't close pipeline PipelineID=36c0d7f8-04c4-46f7-b093-80e7d1d024f0
java.io.IOException: c1649de0-22a9-4a2d-8f9f-08808ec0c035: Group group-80E7D1D024F0 not found.
	at org.apache.hadoop.ozone.container.common.transport.server.ratis.XceiverServerRatis.removeGroup(XceiverServerRatis.java:788)
	at org.apache.hadoop.ozone.container.common.statemachine.commandhandler.ClosePipelineCommandHandler.handle(ClosePipelineCommandHandler.java:74)
	at org.apache.hadoop.ozone.container.common.statemachine.commandhandler.CommandDispatcher.handle(CommandDispatcher.java:99)
	at org.apache.hadoop.ozone.container.common.statemachine.DatanodeStateMachine.lambda$initCommandHandlerThread$2(DatanodeStateMachine.java:498)
	at java.lang.Thread.run(Thread.java:748)
Caused by: org.apache.ratis.protocol.exceptions.GroupMismatchException: c1649de0-22a9-4a2d-8f9f-08808ec0c035: Group group-80E7D1D024F0 not found.
	at org.apache.ratis.server.impl.RaftServerProxy.groupRemoveAsync(RaftServerProxy.java:502)
	at org.apache.ratis.server.impl.RaftServerProxy.groupManagementAsync(RaftServerProxy.java:458)
	at org.apache.ratis.server.impl.RaftServerProxy.groupManagement(RaftServerProxy.java:438)
	at org.apache.hadoop.ozone.container.common.transport.server.ratis.XceiverServerRatis.removeGroup(XceiverServerRatis.java:786)
	... 4 more
2021-01-08 04:47:08,467 [Command processor thread] WARN  server.RaftServer (RaftServerProxy.java:remove(101)) - c1649de0-22a9-4a2d-8f9f-08808ec0c035: does not contain group: group-729EB5F5A5A9
2021-01-08 04:47:08,467 [Command processor thread] ERROR commandhandler.ClosePipelineCommandHandler (ClosePipelineCommandHandler.java:handle(78)) - Can't close pipeline PipelineID=ab80aac2-71f0-4096-900d-729eb5f5a5a9
java.io.IOException: c1649de0-22a9-4a2d-8f9f-08808ec0c035: Group group-729EB5F5A5A9 not found.
	at org.apache.hadoop.ozone.container.common.transport.server.ratis.XceiverServerRatis.removeGroup(XceiverServerRatis.java:788)
	at org.apache.hadoop.ozone.container.common.statemachine.commandhandler.ClosePipelineCommandHandler.handle(ClosePipelineCommandHandler.java:74)
	at org.apache.hadoop.ozone.container.common.statemachine.commandhandler.CommandDispatcher.handle(CommandDispatcher.java:99)
	at org.apache.hadoop.ozone.container.common.statemachine.DatanodeStateMachine.lambda$initCommandHandlerThread$2(DatanodeStateMachine.java:498)
	at java.lang.Thread.run(Thread.java:748)
Caused by: org.apache.ratis.protocol.exceptions.GroupMismatchException: c1649de0-22a9-4a2d-8f9f-08808ec0c035: Group group-729EB5F5A5A9 not found.
	at org.apache.ratis.server.impl.RaftServerProxy.groupRemoveAsync(RaftServerProxy.java:502)
	at org.apache.ratis.server.impl.RaftServerProxy.groupManagementAsync(RaftServerProxy.java:458)
	at org.apache.ratis.server.impl.RaftServerProxy.groupManagement(RaftServerProxy.java:438)
	at org.apache.hadoop.ozone.container.common.transport.server.ratis.XceiverServerRatis.removeGroup(XceiverServerRatis.java:786)
	... 4 more
2021-01-08 04:47:08,467 [Command processor thread] WARN  server.RaftServer (RaftServerProxy.java:remove(101)) - c1649de0-22a9-4a2d-8f9f-08808ec0c035: does not contain group: group-80E7D1D024F0
2021-01-08 04:47:08,467 [Command processor thread] ERROR commandhandler.ClosePipelineCommandHandler (ClosePipelineCommandHandler.java:handle(78)) - Can't close pipeline PipelineID=36c0d7f8-04c4-46f7-b093-80e7d1d024f0
java.io.IOException: c1649de0-22a9-4a2d-8f9f-08808ec0c035: Group group-80E7D1D024F0 not found.
	at org.apache.hadoop.ozone.container.common.transport.server.ratis.XceiverServerRatis.removeGroup(XceiverServerRatis.java:788)
	at org.apache.hadoop.ozone.container.common.statemachine.commandhandler.ClosePipelineCommandHandler.handle(ClosePipelineCommandHandler.java:74)
	at org.apache.hadoop.ozone.container.common.statemachine.commandhandler.CommandDispatcher.handle(CommandDispatcher.java:99)
	at org.apache.hadoop.ozone.container.common.statemachine.DatanodeStateMachine.lambda$initCommandHandlerThread$2(DatanodeStateMachine.java:498)
	at java.lang.Thread.run(Thread.java:748)
Caused by: org.apache.ratis.protocol.exceptions.GroupMismatchException: c1649de0-22a9-4a2d-8f9f-08808ec0c035: Group group-80E7D1D024F0 not found.
	at org.apache.ratis.server.impl.RaftServerProxy.groupRemoveAsync(RaftServerProxy.java:502)
	at org.apache.ratis.server.impl.RaftServerProxy.groupManagementAsync(RaftServerProxy.java:458)
	at org.apache.ratis.server.impl.RaftServerProxy.groupManagement(RaftServerProxy.java:438)
	at org.apache.hadoop.ozone.container.common.transport.server.ratis.XceiverServerRatis.removeGroup(XceiverServerRatis.java:786)
	... 4 more
2021-01-08 04:47:08,467 [Command processor thread] WARN  server.RaftServer (RaftServerProxy.java:remove(101)) - c1649de0-22a9-4a2d-8f9f-08808ec0c035: does not contain group: group-729EB5F5A5A9
2021-01-08 04:47:08,467 [Command processor thread] ERROR commandhandler.ClosePipelineCommandHandler (ClosePipelineCommandHandler.java:handle(78)) - Can't close pipeline PipelineID=ab80aac2-71f0-4096-900d-729eb5f5a5a9
java.io.IOException: c1649de0-22a9-4a2d-8f9f-08808ec0c035: Group group-729EB5F5A5A9 not found.
	at org.apache.hadoop.ozone.container.common.transport.server.ratis.XceiverServerRatis.removeGroup(XceiverServerRatis.java:788)
	at org.apache.hadoop.ozone.container.common.statemachine.commandhandler.ClosePipelineCommandHandler.handle(ClosePipelineCommandHandler.java:74)
	at org.apache.hadoop.ozone.container.common.statemachine.commandhandler.CommandDispatcher.handle(CommandDispatcher.java:99)
	at org.apache.hadoop.ozone.container.common.statemachine.DatanodeStateMachine.lambda$initCommandHandlerThread$2(DatanodeStateMachine.java:498)
	at java.lang.Thread.run(Thread.java:748)
Caused by: org.apache.ratis.protocol.exceptions.GroupMismatchException: c1649de0-22a9-4a2d-8f9f-08808ec0c035: Group group-729EB5F5A5A9 not found.
	at org.apache.ratis.server.impl.RaftServerProxy.groupRemoveAsync(RaftServerProxy.java:502)
	at org.apache.ratis.server.impl.RaftServerProxy.groupManagementAsync(RaftServerProxy.java:458)
	at org.apache.ratis.server.impl.RaftServerProxy.groupManagement(RaftServerProxy.java:438)
	at org.apache.hadoop.ozone.container.common.transport.server.ratis.XceiverServerRatis.removeGroup(XceiverServerRatis.java:786)
	... 4 more
2021-01-08 04:47:08,467 [Command processor thread] WARN  server.RaftServer (RaftServerProxy.java:remove(101)) - c1649de0-22a9-4a2d-8f9f-08808ec0c035: does not contain group: group-80E7D1D024F0
2021-01-08 04:47:08,468 [Command processor thread] ERROR commandhandler.ClosePipelineCommandHandler (ClosePipelineCommandHandler.java:handle(78)) - Can't close pipeline PipelineID=36c0d7f8-04c4-46f7-b093-80e7d1d024f0
java.io.IOException: c1649de0-22a9-4a2d-8f9f-08808ec0c035: Group group-80E7D1D024F0 not found.
	at org.apache.hadoop.ozone.container.common.transport.server.ratis.XceiverServerRatis.removeGroup(XceiverServerRatis.java:788)
	at org.apache.hadoop.ozone.container.common.statemachine.commandhandler.ClosePipelineCommandHandler.handle(ClosePipelineCommandHandler.java:74)
	at org.apache.hadoop.ozone.container.common.statemachine.commandhandler.CommandDispatcher.handle(CommandDispatcher.java:99)
	at org.apache.hadoop.ozone.container.common.statemachine.DatanodeStateMachine.lambda$initCommandHandlerThread$2(DatanodeStateMachine.java:498)
	at java.lang.Thread.run(Thread.java:748)
Caused by: org.apache.ratis.protocol.exceptions.GroupMismatchException: c1649de0-22a9-4a2d-8f9f-08808ec0c035: Group group-80E7D1D024F0 not found.
	at org.apache.ratis.server.impl.RaftServerProxy.groupRemoveAsync(RaftServerProxy.java:502)
	at org.apache.ratis.server.impl.RaftServerProxy.groupManagementAsync(RaftServerProxy.java:458)
	at org.apache.ratis.server.impl.RaftServerProxy.groupManagement(RaftServerProxy.java:438)
	at org.apache.hadoop.ozone.container.common.transport.server.ratis.XceiverServerRatis.removeGroup(XceiverServerRatis.java:786)
	... 4 more
2021-01-08 04:47:08,468 [Command processor thread] WARN  server.RaftServer (RaftServerProxy.java:remove(101)) - c1649de0-22a9-4a2d-8f9f-08808ec0c035: does not contain group: group-729EB5F5A5A9
2021-01-08 04:47:08,468 [Command processor thread] ERROR commandhandler.ClosePipelineCommandHandler (ClosePipelineCommandHandler.java:handle(78)) - Can't close pipeline PipelineID=ab80aac2-71f0-4096-900d-729eb5f5a5a9
java.io.IOException: c1649de0-22a9-4a2d-8f9f-08808ec0c035: Group group-729EB5F5A5A9 not found.
	at org.apache.hadoop.ozone.container.common.transport.server.ratis.XceiverServerRatis.removeGroup(XceiverServerRatis.java:788)
	at org.apache.hadoop.ozone.container.common.statemachine.commandhandler.ClosePipelineCommandHandler.handle(ClosePipelineCommandHandler.java:74)
	at org.apache.hadoop.ozone.container.common.statemachine.commandhandler.CommandDispatcher.handle(CommandDispatcher.java:99)
	at org.apache.hadoop.ozone.container.common.statemachine.DatanodeStateMachine.lambda$initCommandHandlerThread$2(DatanodeStateMachine.java:498)
	at java.lang.Thread.run(Thread.java:748)
Caused by: org.apache.ratis.protocol.exceptions.GroupMismatchException: c1649de0-22a9-4a2d-8f9f-08808ec0c035: Group group-729EB5F5A5A9 not found.
	at org.apache.ratis.server.impl.RaftServerProxy.groupRemoveAsync(RaftServerProxy.java:502)
	at org.apache.ratis.server.impl.RaftServerProxy.groupManagementAsync(RaftServerProxy.java:458)
	at org.apache.ratis.server.impl.RaftServerProxy.groupManagement(RaftServerProxy.java:438)
	at org.apache.hadoop.ozone.container.common.transport.server.ratis.XceiverServerRatis.removeGroup(XceiverServerRatis.java:786)
	... 4 more
2021-01-08 04:47:08,468 [Command processor thread] WARN  server.RaftServer (RaftServerProxy.java:remove(101)) - c1649de0-22a9-4a2d-8f9f-08808ec0c035: does not contain group: group-80E7D1D024F0
2021-01-08 04:47:08,468 [Command processor thread] ERROR commandhandler.ClosePipelineCommandHandler (ClosePipelineCommandHandler.java:handle(78)) - Can't close pipeline PipelineID=36c0d7f8-04c4-46f7-b093-80e7d1d024f0
java.io.IOException: c1649de0-22a9-4a2d-8f9f-08808ec0c035: Group group-80E7D1D024F0 not found.
	at org.apache.hadoop.ozone.container.common.transport.server.ratis.XceiverServerRatis.removeGroup(XceiverServerRatis.java:788)
	at org.apache.hadoop.ozone.container.common.statemachine.commandhandler.ClosePipelineCommandHandler.handle(ClosePipelineCommandHandler.java:74)
	at org.apache.hadoop.ozone.container.common.statemachine.commandhandler.CommandDispatcher.handle(CommandDispatcher.java:99)
	at org.apache.hadoop.ozone.container.common.statemachine.DatanodeStateMachine.lambda$initCommandHandlerThread$2(DatanodeStateMachine.java:498)
	at java.lang.Thread.run(Thread.java:748)
Caused by: org.apache.ratis.protocol.exceptions.GroupMismatchException: c1649de0-22a9-4a2d-8f9f-08808ec0c035: Group group-80E7D1D024F0 not found.
	at org.apache.ratis.server.impl.RaftServerProxy.groupRemoveAsync(RaftServerProxy.java:502)
	at org.apache.ratis.server.impl.RaftServerProxy.groupManagementAsync(RaftServerProxy.java:458)
	at org.apache.ratis.server.impl.RaftServerProxy.groupManagement(RaftServerProxy.java:438)
	at org.apache.hadoop.ozone.container.common.transport.server.ratis.XceiverServerRatis.removeGroup(XceiverServerRatis.java:786)
	... 4 more
2021-01-08 04:47:08,631 [Listener at 127.0.0.1/45829] INFO  server.StorageContainerManager (StorageContainerManager.java:stop(832)) - Stopping Replication Manager Service.
2021-01-08 04:47:08,632 [Listener at 127.0.0.1/45829] INFO  container.ReplicationManager (ReplicationManager.java:stop(234)) - Replication Monitor Thread is not running.
2021-01-08 04:47:08,632 [Listener at 127.0.0.1/45829] INFO  server.StorageContainerManager (StorageContainerManager.java:stop(839)) - Stopping the Datanode Admin Monitor.
2021-01-08 04:47:08,632 [Listener at 127.0.0.1/45829] INFO  server.StorageContainerManager (StorageContainerManager.java:stop(846)) - Stopping Lease Manager of the command watchers
2021-01-08 04:47:08,632 [Listener at 127.0.0.1/45829] INFO  server.StorageContainerManager (StorageContainerManager.java:stop(853)) - Stopping datanode service RPC server
2021-01-08 04:47:08,632 [Listener at 127.0.0.1/45829] INFO  server.SCMDatanodeProtocolServer (SCMDatanodeProtocolServer.java:stop(369)) - Stopping the RPC server for DataNodes
2021-01-08 04:47:08,632 [Listener at 127.0.0.1/45829] INFO  ipc.Server (Server.java:stop(3359)) - Stopping server on 36571
2021-01-08 04:47:08,636 [IPC Server Responder] INFO  ipc.Server (Server.java:run(1465)) - Stopping IPC Server Responder
2021-01-08 04:47:08,637 [IPC Server listener on 0] INFO  ipc.Server (Server.java:run(1330)) - Stopping IPC Server listener on 0
2021-01-08 04:47:08,729 [SCM Heartbeat Processing Thread - 0] WARN  node.NodeStateManager (NodeStateManager.java:scheduleNextHealthCheck(688)) - Current Thread is interrupted, shutting down HB processing thread for Node Manager.
2021-01-08 04:47:08,729 [Listener at 127.0.0.1/45829] INFO  server.StorageContainerManager (StorageContainerManager.java:stop(861)) - Stopping block service RPC server
2021-01-08 04:47:08,729 [Listener at 127.0.0.1/45829] INFO  server.SCMBlockProtocolServer (SCMBlockProtocolServer.java:stop(159)) - Stopping the RPC server for Block Protocol
2021-01-08 04:47:08,729 [Listener at 127.0.0.1/45829] INFO  ipc.Server (Server.java:stop(3359)) - Stopping server on 41627
2021-01-08 04:47:08,730 [IPC Server listener on 0] INFO  ipc.Server (Server.java:run(1330)) - Stopping IPC Server listener on 0
2021-01-08 04:47:08,734 [IPC Server Responder] INFO  ipc.Server (Server.java:run(1465)) - Stopping IPC Server Responder
2021-01-08 04:47:08,734 [Listener at 127.0.0.1/45829] INFO  server.StorageContainerManager (StorageContainerManager.java:stop(868)) - Stopping the StorageContainerLocationProtocol RPC server
2021-01-08 04:47:08,734 [Listener at 127.0.0.1/45829] INFO  server.SCMClientProtocolServer (SCMClientProtocolServer.java:stop(168)) - Stopping the RPC server for Client Protocol
2021-01-08 04:47:08,734 [Listener at 127.0.0.1/45829] INFO  ipc.Server (Server.java:stop(3359)) - Stopping server on 34827
2021-01-08 04:47:08,738 [IPC Server listener on 0] INFO  ipc.Server (Server.java:run(1330)) - Stopping IPC Server listener on 0
2021-01-08 04:47:08,739 [IPC Server Responder] INFO  ipc.Server (Server.java:run(1465)) - Stopping IPC Server Responder
2021-01-08 04:47:08,739 [Listener at 127.0.0.1/45829] INFO  server.StorageContainerManager (StorageContainerManager.java:stop(875)) - Stopping Storage Container Manager HTTP server.
2021-01-08 04:47:08,740 [Listener at 127.0.0.1/45829] INFO  handler.ContextHandler (ContextHandler.java:doStop(1154)) - Stopped o.e.j.w.WebAppContext@2d3e28ba{scm,/,null,STOPPED}{file:/github/workspace/mnt/ozone/hadoop-ozone/integration-test/target/test-classes/webapps/scm}
2021-01-08 04:47:08,741 [Listener at 127.0.0.1/45829] INFO  server.AbstractConnector (AbstractConnector.java:doStop(381)) - Stopped ServerConnector@6d2ea1bc{HTTP/1.1, (http/1.1)}{0.0.0.0:0}
2021-01-08 04:47:08,741 [Listener at 127.0.0.1/45829] INFO  server.session (HouseKeeper.java:stopScavenging(149)) - node0 Stopped scavenging
2021-01-08 04:47:08,742 [EndpointStateMachine task thread for /0.0.0.0:36571 - 0 ] WARN  statemachine.EndpointStateMachine (EndpointStateMachine.java:logIfNeeded(233)) - Unable to communicate to SCM server at 0.0.0.0:36571 for past 0 seconds.
java.io.EOFException: End of File Exception between local host is: "36857d2baa53/172.17.0.2"; destination host is: "0.0.0.0":36571; : java.io.EOFException; For more details see:  http://wiki.apache.org/hadoop/EOFException
	at sun.reflect.NativeConstructorAccessorImpl.newInstance0(Native Method)
	at sun.reflect.NativeConstructorAccessorImpl.newInstance(NativeConstructorAccessorImpl.java:62)
	at sun.reflect.DelegatingConstructorAccessorImpl.newInstance(DelegatingConstructorAccessorImpl.java:45)
	at java.lang.reflect.Constructor.newInstance(Constructor.java:423)
	at org.apache.hadoop.net.NetUtils.wrapWithMessage(NetUtils.java:833)
	at org.apache.hadoop.net.NetUtils.wrapException(NetUtils.java:791)
	at org.apache.hadoop.ipc.Client.getRpcResponse(Client.java:1549)
	at org.apache.hadoop.ipc.Client.call(Client.java:1491)
	at org.apache.hadoop.ipc.Client.call(Client.java:1388)
	at org.apache.hadoop.ipc.ProtobufRpcEngine$Invoker.invoke(ProtobufRpcEngine.java:233)
	at org.apache.hadoop.ipc.ProtobufRpcEngine$Invoker.invoke(ProtobufRpcEngine.java:118)
	at com.sun.proxy.$Proxy33.submitRequest(Unknown Source)
	at org.apache.hadoop.ozone.protocolPB.StorageContainerDatanodeProtocolClientSideTranslatorPB.submitRequest(StorageContainerDatanodeProtocolClientSideTranslatorPB.java:117)
	at org.apache.hadoop.ozone.protocolPB.StorageContainerDatanodeProtocolClientSideTranslatorPB.sendHeartbeat(StorageContainerDatanodeProtocolClientSideTranslatorPB.java:149)
	at org.apache.hadoop.ozone.container.common.states.endpoint.HeartbeatEndpointTask.call(HeartbeatEndpointTask.java:146)
	at org.apache.hadoop.ozone.container.common.states.endpoint.HeartbeatEndpointTask.call(HeartbeatEndpointTask.java:77)
	at java.util.concurrent.FutureTask.run(FutureTask.java:266)
	at java.util.concurrent.ThreadPoolExecutor.runWorker(ThreadPoolExecutor.java:1149)
	at java.util.concurrent.ThreadPoolExecutor$Worker.run(ThreadPoolExecutor.java:624)
	at java.lang.Thread.run(Thread.java:748)
Caused by: java.io.EOFException
	at java.io.DataInputStream.readInt(DataInputStream.java:392)
	at org.apache.hadoop.ipc.Client$IpcStreams.readResponse(Client.java:1850)
	at org.apache.hadoop.ipc.Client$Connection.receiveRpcResponse(Client.java:1183)
	at org.apache.hadoop.ipc.Client$Connection.run(Client.java:1079)
2021-01-08 04:47:08,742 [Listener at 127.0.0.1/45829] INFO  handler.ContextHandler (ContextHandler.java:doStop(1154)) - Stopped o.e.j.s.ServletContextHandler@12f2f402{static,/static,file:///github/workspace/mnt/ozone/hadoop-ozone/integration-test/target/test-classes/webapps/static,STOPPED}
2021-01-08 04:47:08,744 [Listener at 127.0.0.1/45829] INFO  handler.ContextHandler (ContextHandler.java:doStop(1154)) - Stopped o.e.j.s.ServletContextHandler@b9645ca{logs,/logs,file:///github/workspace/mnt/ozone/hadoop-ozone/integration-test/target/log,STOPPED}
2021-01-08 04:47:08,748 [Listener at 127.0.0.1/45829] INFO  server.StorageContainerManager (StorageContainerManager.java:stop(886)) - Stopping Block Manager Service.
2021-01-08 04:47:08,748 [Listener at 127.0.0.1/45829] INFO  utils.BackgroundService (BackgroundService.java:shutdown(132)) - Shutting down service SCMBlockDeletingService
2021-01-08 04:47:08,748 [Listener at 127.0.0.1/45829] INFO  utils.BackgroundService (BackgroundService.java:shutdown(132)) - Shutting down service SCMBlockDeletingService
2021-01-08 04:47:08,749 [Listener at 127.0.0.1/45829] INFO  server.StorageContainerManager (StorageContainerManager.java:stop(911)) - Stopping SCM Event Queue.
2021-01-08 04:47:08,756 [Listener at 127.0.0.1/45829] INFO  impl.MetricsSystemImpl (MetricsSystemImpl.java:stop(210)) - Stopping HddsDatanode metrics system...
2021-01-08 04:47:08,758 [Listener at 127.0.0.1/45829] INFO  impl.MetricsSystemImpl (MetricsSystemImpl.java:stop(216)) - HddsDatanode metrics system stopped.
2021-01-08 04:47:08,759 [Listener at 127.0.0.1/45829] WARN  server.ServerUtils (ServerUtils.java:getScmDbDir(148)) - ozone.scm.db.dirs is not configured. We recommend adding this setting. Falling back to ozone.metadata.dirs instead.
2021-01-08 04:47:08,760 [Listener at 127.0.0.1/45829] WARN  db.DBStoreBuilder (DBStoreBuilder.java:applyDBDefinition(145)) - ozone.scm.db.dirs is not configured. We recommend adding this setting. Falling back to ozone.metadata.dirs instead.
2021-01-08 04:47:08,775 [Listener at 127.0.0.1/45829] INFO  net.NodeSchemaLoader (NodeSchemaLoader.java:loadSchemaFromFile(126)) - Loading file from sun.misc.CompoundEnumeration@6796ec2b
2021-01-08 04:47:08,775 [Listener at 127.0.0.1/45829] INFO  net.NodeSchemaLoader (NodeSchemaLoader.java:loadSchema(172)) - Loading network topology layer schema file
2021-01-08 04:47:08,777 [Listener at 127.0.0.1/45829] INFO  node.SCMNodeManager (SCMNodeManager.java:<init>(123)) - Entering startup safe mode.
2021-01-08 04:47:08,778 [Listener at 127.0.0.1/45829] INFO  algorithms.ContainerPlacementPolicyFactory (ContainerPlacementPolicyFactory.java:getPolicy(60)) - Create container placement policy of type org.apache.hadoop.hdds.scm.container.placement.algorithms.SCMContainerPlacementRandom
2021-01-08 04:47:08,778 [Listener at 127.0.0.1/45829] INFO  algorithms.LeaderChoosePolicyFactory (LeaderChoosePolicyFactory.java:getPolicy(57)) - Create leader choose policy of type org.apache.hadoop.hdds.scm.pipeline.leader.choose.algorithms.DefaultLeaderChoosePolicy
2021-01-08 04:47:08,778 [Listener at 127.0.0.1/45829] INFO  pipeline.PipelineStateManager (PipelineStateManager.java:addPipeline(54)) - Created pipeline Pipeline[ Id: 3b8d15e9-0caa-4fd8-8822-7ada723e8857, Nodes: 24be368e-9912-49e9-b36f-3be1586466e8{ip: 172.17.0.2, host: 36857d2baa53, networkLocation: /default-rack, certSerialId: null, persistedOpState: IN_SERVICE, persistedOpStateExpiryEpochSec: 0}, Type:RATIS, Factor:ONE, State:OPEN, leaderId:24be368e-9912-49e9-b36f-3be1586466e8, CreationTimestamp2021-01-08T04:47:08.778Z]
2021-01-08 04:47:08,779 [Listener at 127.0.0.1/45829] INFO  pipeline.PipelineStateManager (PipelineStateManager.java:addPipeline(54)) - Created pipeline Pipeline[ Id: 624fe8c8-c66d-4f0e-9e67-7b8723723bae, Nodes: 027ea797-585b-4d73-a004-b5fa2cd87a42{ip: 172.17.0.2, host: 36857d2baa53, networkLocation: /default-rack, certSerialId: null, persistedOpState: IN_SERVICE, persistedOpStateExpiryEpochSec: 0}, Type:RATIS, Factor:ONE, State:OPEN, leaderId:027ea797-585b-4d73-a004-b5fa2cd87a42, CreationTimestamp2021-01-08T04:47:08.779Z]
2021-01-08 04:47:08,779 [Listener at 127.0.0.1/45829] INFO  pipeline.PipelineStateManager (PipelineStateManager.java:addPipeline(54)) - Created pipeline Pipeline[ Id: 629994de-218d-4344-8a88-9340e0db6825, Nodes: 55aa2eb3-e7d2-43c8-9100-77f9e6fde891{ip: 172.17.0.2, host: 36857d2baa53, networkLocation: /default-rack, certSerialId: null, persistedOpState: IN_SERVICE, persistedOpStateExpiryEpochSec: 0}, Type:RATIS, Factor:ONE, State:OPEN, leaderId:55aa2eb3-e7d2-43c8-9100-77f9e6fde891, CreationTimestamp2021-01-08T04:47:08.779Z]
2021-01-08 04:47:08,779 [Listener at 127.0.0.1/45829] INFO  pipeline.PipelineStateManager (PipelineStateManager.java:addPipeline(54)) - Created pipeline Pipeline[ Id: dae6ff18-9ef8-4c63-9f66-6b5012d43b73, Nodes: 027ea797-585b-4d73-a004-b5fa2cd87a42{ip: 172.17.0.2, host: 36857d2baa53, networkLocation: /default-rack, certSerialId: null, persistedOpState: IN_SERVICE, persistedOpStateExpiryEpochSec: 0}55aa2eb3-e7d2-43c8-9100-77f9e6fde891{ip: 172.17.0.2, host: 36857d2baa53, networkLocation: /default-rack, certSerialId: null, persistedOpState: IN_SERVICE, persistedOpStateExpiryEpochSec: 0}24be368e-9912-49e9-b36f-3be1586466e8{ip: 172.17.0.2, host: 36857d2baa53, networkLocation: /default-rack, certSerialId: null, persistedOpState: IN_SERVICE, persistedOpStateExpiryEpochSec: 0}, Type:RATIS, Factor:THREE, State:OPEN, leaderId:24be368e-9912-49e9-b36f-3be1586466e8, CreationTimestamp2021-01-08T04:47:08.779Z]
2021-01-08 04:47:08,780 [Listener at 127.0.0.1/45829] INFO  algorithms.PipelineChoosePolicyFactory (PipelineChoosePolicyFactory.java:createPipelineChoosePolicyFromClass(75)) - Create pipeline choose policy of type org.apache.hadoop.hdds.scm.pipeline.choose.algorithms.RandomPipelineChoosePolicy
2021-01-08 04:47:08,781 [Listener at 127.0.0.1/45829] INFO  safemode.HealthyPipelineSafeModeRule (HealthyPipelineSafeModeRule.java:<init>(89)) - Total pipeline count is 1, healthy pipeline threshold count is 1
2021-01-08 04:47:08,782 [Listener at 127.0.0.1/45829] INFO  safemode.OneReplicaPipelineSafeModeRule (OneReplicaPipelineSafeModeRule.java:<init>(85)) - Total pipeline count is 1, pipeline's with at least one datanode reported threshold count is 1
2021-01-08 04:47:08,783 [Listener at 127.0.0.1/45829] INFO  ipc.CallQueueManager (CallQueueManager.java:<init>(84)) - Using callQueue: class java.util.concurrent.LinkedBlockingQueue, queueCapacity: 2000, scheduler: class org.apache.hadoop.ipc.DefaultRpcScheduler, ipcBackoff: false.
2021-01-08 04:47:08,787 [Socket Reader #1 for port 36571] INFO  ipc.Server (Server.java:run(1219)) - Starting Socket Reader #1 for port 36571
2021-01-08 04:47:08,792 [Listener at 0.0.0.0/36571] INFO  ipc.CallQueueManager (CallQueueManager.java:<init>(84)) - Using callQueue: class java.util.concurrent.LinkedBlockingQueue, queueCapacity: 2000, scheduler: class org.apache.hadoop.ipc.DefaultRpcScheduler, ipcBackoff: false.
2021-01-08 04:47:08,792 [Socket Reader #1 for port 41627] INFO  ipc.Server (Server.java:run(1219)) - Starting Socket Reader #1 for port 41627
2021-01-08 04:47:08,796 [Listener at 0.0.0.0/41627] INFO  ipc.CallQueueManager (CallQueueManager.java:<init>(84)) - Using callQueue: class java.util.concurrent.LinkedBlockingQueue, queueCapacity: 2000, scheduler: class org.apache.hadoop.ipc.DefaultRpcScheduler, ipcBackoff: false.
2021-01-08 04:47:08,798 [Socket Reader #1 for port 34827] INFO  ipc.Server (Server.java:run(1219)) - Starting Socket Reader #1 for port 34827
2021-01-08 04:47:08,801 [Listener at 0.0.0.0/34827] INFO  http.BaseHttpServer (BaseHttpServer.java:newHttpServer2BuilderForOzone(207)) - Starting Web-server for scm at: http://0.0.0.0:46077
2021-01-08 04:47:08,801 [Listener at 0.0.0.0/34827] INFO  http.BaseHttpServer (BaseHttpServer.java:<init>(106)) - Hadoop Security Enabled: false Ozone Security Enabled: false Ozone HTTP Security Enabled: false 
2021-01-08 04:47:08,802 [Listener at 0.0.0.0/34827] INFO  server.AuthenticationFilter (AuthenticationFilter.java:constructSecretProvider(240)) - Unable to initialize FileSignerSecretProvider, falling back to use random secrets.
2021-01-08 04:47:08,803 [Listener at 0.0.0.0/34827] WARN  http.HttpRequestLog (HttpRequestLog.java:getRequestLog(103)) - Jetty request log can only be enabled using Log4j
2021-01-08 04:47:08,803 [Listener at 0.0.0.0/34827] INFO  http.HttpServer2 (HttpServer2.java:addGlobalFilter(1020)) - Added global filter 'safety' (class=org.apache.hadoop.hdds.server.http.HttpServer2$QuotingInputFilter)
2021-01-08 04:47:08,804 [Listener at 0.0.0.0/34827] INFO  http.HttpServer2 (HttpServer2.java:addFilter(996)) - Added filter static_user_filter (class=org.apache.hadoop.http.lib.StaticUserWebFilter$StaticUserFilter) to context scm
2021-01-08 04:47:08,804 [Listener at 0.0.0.0/34827] INFO  http.HttpServer2 (HttpServer2.java:addFilter(1004)) - Added filter static_user_filter (class=org.apache.hadoop.http.lib.StaticUserWebFilter$StaticUserFilter) to context logs
2021-01-08 04:47:08,804 [Listener at 0.0.0.0/34827] INFO  http.HttpServer2 (HttpServer2.java:addFilter(1004)) - Added filter static_user_filter (class=org.apache.hadoop.http.lib.StaticUserWebFilter$StaticUserFilter) to context static
2021-01-08 04:47:08,806 [Listener at 0.0.0.0/34827] INFO  server.StorageContainerManager (StorageContainerManager.java:start(789)) - StorageContainerLocationProtocol RPC server is listening at /0.0.0.0:34827
2021-01-08 04:47:08,807 [Listener at 0.0.0.0/34827] WARN  impl.MetricsConfig (MetricsConfig.java:loadFirst(134)) - Cannot locate configuration: tried hadoop-metrics2-storagecontainermanager.properties,hadoop-metrics2.properties
2021-01-08 04:47:08,810 [Listener at 0.0.0.0/34827] INFO  impl.MetricsSystemImpl (MetricsSystemImpl.java:startTimer(374)) - Scheduled Metric snapshot period at 10 second(s).
2021-01-08 04:47:08,810 [Listener at 0.0.0.0/34827] INFO  impl.MetricsSystemImpl (MetricsSystemImpl.java:start(191)) - StorageContainerManager metrics system started
2021-01-08 04:47:08,953 [Listener at 0.0.0.0/34827] WARN  impl.MetricsSystemImpl (MetricsSystemImpl.java:register(276)) - Sink prometheus already exists!
2021-01-08 04:47:09,030 [Listener at 0.0.0.0/34827] INFO  server.SCMClientProtocolServer (SCMClientProtocolServer.java:start(159)) - RPC server for Client  is listening at /0.0.0.0:34827
2021-01-08 04:47:09,031 [IPC Server Responder] INFO  ipc.Server (Server.java:run(1460)) - IPC Server Responder: starting
2021-01-08 04:47:09,032 [IPC Server listener on 34827] INFO  ipc.Server (Server.java:run(1298)) - IPC Server listener on 34827: starting
2021-01-08 04:47:09,038 [Listener at 0.0.0.0/34827] INFO  server.StorageContainerManager (StorageContainerManager.java:start(801)) - ScmBlockLocationProtocol RPC server is listening at /0.0.0.0:41627
2021-01-08 04:47:09,038 [Listener at 0.0.0.0/34827] INFO  server.SCMBlockProtocolServer (SCMBlockProtocolServer.java:start(150)) - RPC server for Block Protocol is listening at /0.0.0.0:41627
2021-01-08 04:47:09,039 [IPC Server Responder] INFO  ipc.Server (Server.java:run(1460)) - IPC Server Responder: starting
2021-01-08 04:47:09,039 [IPC Server listener on 41627] INFO  ipc.Server (Server.java:run(1298)) - IPC Server listener on 41627: starting
2021-01-08 04:47:09,049 [Listener at 0.0.0.0/34827] INFO  server.StorageContainerManager (StorageContainerManager.java:start(807)) - ScmDatanodeProtocl RPC server is listening at /0.0.0.0:36571
2021-01-08 04:47:09,049 [Listener at 0.0.0.0/34827] INFO  server.SCMDatanodeProtocolServer (SCMDatanodeProtocolServer.java:start(174)) - RPC server for DataNodes is listening at /0.0.0.0:36571
2021-01-08 04:47:09,049 [IPC Server Responder] INFO  ipc.Server (Server.java:run(1460)) - IPC Server Responder: starting
2021-01-08 04:47:09,049 [IPC Server listener on 36571] INFO  ipc.Server (Server.java:run(1298)) - IPC Server listener on 36571: starting
2021-01-08 04:47:09,055 [Listener at 0.0.0.0/34827] INFO  http.HttpServer2 (HttpServer2.java:bindListener(1238)) - Jetty bound to port 46077
2021-01-08 04:47:09,055 [Listener at 0.0.0.0/34827] INFO  server.Server (Server.java:doStart(375)) - jetty-9.4.34.v20201102; built: 2020-11-02T14:15:39.302Z; git: e46af88704a893fc12cb0e3bf46e2c7b48a009e7; jvm 1.8.0_232-b09
2021-01-08 04:47:09,056 [Listener at 0.0.0.0/34827] INFO  server.session (DefaultSessionIdManager.java:doStart(334)) - DefaultSessionIdManager workerName=node0
2021-01-08 04:47:09,057 [Listener at 0.0.0.0/34827] INFO  server.session (DefaultSessionIdManager.java:doStart(339)) - No SessionScavenger set, using defaults
2021-01-08 04:47:09,057 [Listener at 0.0.0.0/34827] INFO  server.session (HouseKeeper.java:startScavenging(132)) - node0 Scavenging every 600000ms
2021-01-08 04:47:09,057 [Listener at 0.0.0.0/34827] INFO  handler.ContextHandler (ContextHandler.java:doStart(916)) - Started o.e.j.s.ServletContextHandler@5234f6c5{logs,/logs,file:///github/workspace/mnt/ozone/hadoop-ozone/integration-test/target/log,AVAILABLE}
2021-01-08 04:47:09,058 [Listener at 0.0.0.0/34827] INFO  handler.ContextHandler (ContextHandler.java:doStart(916)) - Started o.e.j.s.ServletContextHandler@366558a2{static,/static,file:///github/workspace/mnt/ozone/hadoop-ozone/integration-test/target/test-classes/webapps/static,AVAILABLE}
2021-01-08 04:47:09,061 [Listener at 0.0.0.0/34827] INFO  handler.ContextHandler (ContextHandler.java:doStart(916)) - Started o.e.j.w.WebAppContext@4db4e2dc{scm,/,file:///github/workspace/mnt/ozone/hadoop-ozone/integration-test/target/test-classes/webapps/scm/,AVAILABLE}{file:/github/workspace/mnt/ozone/hadoop-ozone/integration-test/target/test-classes/webapps/scm}
2021-01-08 04:47:09,064 [Listener at 0.0.0.0/34827] INFO  server.AbstractConnector (AbstractConnector.java:doStart(331)) - Started ServerConnector@2259490{HTTP/1.1, (http/1.1)}{0.0.0.0:46077}
2021-01-08 04:47:09,064 [Listener at 0.0.0.0/34827] INFO  server.Server (Server.java:doStart(415)) - Started @410821ms
2021-01-08 04:47:09,064 [Listener at 0.0.0.0/34827] WARN  impl.MetricsSystemImpl (MetricsSystemImpl.java:register(276)) - Sink prometheus already exists!
2021-01-08 04:47:09,067 [Listener at 0.0.0.0/34827] INFO  http.BaseHttpServer (BaseHttpServer.java:updateConnectorAddress(327)) - HTTP server of scm listening at http://0.0.0.0:46077
2021-01-08 04:47:09,068 [Listener at 0.0.0.0/34827] INFO  ozone.MiniOzoneClusterImpl (MiniOzoneClusterImpl.java:lambda$waitForClusterToBeReady$0(179)) - Waiting for nodes to be ready. Got 0 of 6 DN Heartbeats.
2021-01-08 04:47:09,068 [Listener at 0.0.0.0/34827] INFO  ozone.MiniOzoneClusterImpl (MiniOzoneClusterImpl.java:lambda$waitForClusterToBeReady$0(182)) - Waiting for cluster to exit safe mode
2021-01-08 04:47:09,068 [org.apache.hadoop.util.JvmPauseMonitor$Monitor@5bebe912] INFO  util.JvmPauseMonitor (JvmPauseMonitor.java:run(188)) - Starting JVM pause monitor
2021-01-08 04:47:09,443 [Command processor thread] INFO  server.RaftServer (RaftServerProxy.java:remove(106)) - 689c23cd-66ac-4afb-b938-b7ca1102e3b6: remove  FOLLOWER 689c23cd-66ac-4afb-b938-b7ca1102e3b6@group-729EB5F5A5A9:t1, leader=c1649de0-22a9-4a2d-8f9f-08808ec0c035, voted=c1649de0-22a9-4a2d-8f9f-08808ec0c035, raftlog=689c23cd-66ac-4afb-b938-b7ca1102e3b6@group-729EB5F5A5A9-SegmentedRaftLog:OPENED:c55,f57,i57, conf=0: [7c042e84-4356-40d3-8d58-8573f50c8ed6|rpc:172.17.0.2:35077|dataStream:|priority:0, c1649de0-22a9-4a2d-8f9f-08808ec0c035|rpc:172.17.0.2:36837|dataStream:|priority:0, 689c23cd-66ac-4afb-b938-b7ca1102e3b6|rpc:172.17.0.2:43779|dataStream:|priority:0], old=null RUNNING
2021-01-08 04:47:09,443 [Command processor thread] INFO  server.RaftServer$Division (RaftServerImpl.java:lambda$close$4(405)) - 689c23cd-66ac-4afb-b938-b7ca1102e3b6@group-729EB5F5A5A9: shutdown
2021-01-08 04:47:09,443 [Command processor thread] INFO  util.JmxRegister (JmxRegister.java:unregister(73)) - Successfully un-registered JMX Bean with object name Ratis:service=RaftServer,group=group-729EB5F5A5A9,id=689c23cd-66ac-4afb-b938-b7ca1102e3b6
2021-01-08 04:47:09,443 [Command processor thread] INFO  impl.RoleInfo (RoleInfo.java:shutdownFollowerState(108)) - 689c23cd-66ac-4afb-b938-b7ca1102e3b6: shutdown 689c23cd-66ac-4afb-b938-b7ca1102e3b6@group-729EB5F5A5A9-FollowerState
2021-01-08 04:47:09,443 [Command processor thread] INFO  impl.StateMachineUpdater (StateMachineUpdater.java:stopAndJoin(148)) - 689c23cd-66ac-4afb-b938-b7ca1102e3b6@group-729EB5F5A5A9-StateMachineUpdater: set stopIndex = 55
2021-01-08 04:47:09,443 [Thread-5844] INFO  impl.FollowerState (FollowerState.java:run(142)) - 689c23cd-66ac-4afb-b938-b7ca1102e3b6@group-729EB5F5A5A9-FollowerState was interrupted: {}
java.lang.InterruptedException: sleep interrupted
	at java.lang.Thread.sleep(Native Method)
	at java.lang.Thread.sleep(Thread.java:340)
	at java.util.concurrent.TimeUnit.sleep(TimeUnit.java:386)
	at org.apache.ratis.util.TimeDuration.sleep(TimeDuration.java:324)
	at org.apache.ratis.util.TimeDuration.sleep(TimeDuration.java:309)
	at org.apache.ratis.server.impl.FollowerState.run(FollowerState.java:117)
2021-01-08 04:47:09,444 [689c23cd-66ac-4afb-b938-b7ca1102e3b6@group-729EB5F5A5A9-StateMachineUpdater] INFO  ratis.ContainerStateMachine (ContainerStateMachine.java:takeSnapshot(291)) - group-729EB5F5A5A9: Taking a snapshot at:(t:1, i:55) file /github/workspace/mnt/ozone/hadoop-ozone/integration-test/target/test-dir/MiniOzoneClusterImpl-8e553afa-60cb-4a34-8c5d-9ccb1efc285c/datanode-5/data/ratis/ab80aac2-71f0-4096-900d-729eb5f5a5a9/sm/snapshot.1_55
2021-01-08 04:47:09,445 [689c23cd-66ac-4afb-b938-b7ca1102e3b6@group-729EB5F5A5A9-StateMachineUpdater] INFO  ratis.ContainerStateMachine (ContainerStateMachine.java:takeSnapshot(302)) - group-729EB5F5A5A9: Finished taking a snapshot at:(t:1, i:55) file:/github/workspace/mnt/ozone/hadoop-ozone/integration-test/target/test-dir/MiniOzoneClusterImpl-8e553afa-60cb-4a34-8c5d-9ccb1efc285c/datanode-5/data/ratis/ab80aac2-71f0-4096-900d-729eb5f5a5a9/sm/snapshot.1_55 took: 2 ms
2021-01-08 04:47:09,445 [689c23cd-66ac-4afb-b938-b7ca1102e3b6@group-729EB5F5A5A9-StateMachineUpdater] INFO  impl.StateMachineUpdater (StateMachineUpdater.java:takeSnapshot(279)) - 689c23cd-66ac-4afb-b938-b7ca1102e3b6@group-729EB5F5A5A9-StateMachineUpdater: Took a snapshot at index 55
2021-01-08 04:47:09,445 [689c23cd-66ac-4afb-b938-b7ca1102e3b6@group-729EB5F5A5A9-StateMachineUpdater] INFO  impl.StateMachineUpdater (StateMachineUpdater.java:lambda$new$0(88)) - 689c23cd-66ac-4afb-b938-b7ca1102e3b6@group-729EB5F5A5A9-StateMachineUpdater: snapshotIndex: updateIncreasingly -1 -> 55
2021-01-08 04:47:09,445 [689c23cd-66ac-4afb-b938-b7ca1102e3b6@group-729EB5F5A5A9-StateMachineUpdater] INFO  metrics.RatisMetrics (RatisMetrics.java:unregister(43)) - Unregistering Metrics Registry : ratis.state_machine.689c23cd-66ac-4afb-b938-b7ca1102e3b6@group-729EB5F5A5A9
2021-01-08 04:47:09,445 [Command processor thread] INFO  server.RaftServer$Division (ServerState.java:close(400)) - 689c23cd-66ac-4afb-b938-b7ca1102e3b6@group-729EB5F5A5A9: closes. applyIndex: 55
2021-01-08 04:47:09,446 [689c23cd-66ac-4afb-b938-b7ca1102e3b6@group-729EB5F5A5A9-SegmentedRaftLogWorker] INFO  segmented.SegmentedRaftLogWorker (SegmentedRaftLogWorker.java:run(326)) - 689c23cd-66ac-4afb-b938-b7ca1102e3b6@group-729EB5F5A5A9-SegmentedRaftLogWorker was interrupted, exiting. There are 0 tasks remaining in the queue.
2021-01-08 04:47:09,446 [Command processor thread] INFO  segmented.SegmentedRaftLogWorker (SegmentedRaftLogWorker.java:close(236)) - 689c23cd-66ac-4afb-b938-b7ca1102e3b6@group-729EB5F5A5A9-SegmentedRaftLogWorker close()
2021-01-08 04:47:09,447 [Command processor thread] INFO  server.RaftServer (RaftServerProxy.java:remove(106)) - 7c042e84-4356-40d3-8d58-8573f50c8ed6: remove  FOLLOWER 7c042e84-4356-40d3-8d58-8573f50c8ed6@group-729EB5F5A5A9:t1, leader=c1649de0-22a9-4a2d-8f9f-08808ec0c035, voted=c1649de0-22a9-4a2d-8f9f-08808ec0c035, raftlog=7c042e84-4356-40d3-8d58-8573f50c8ed6@group-729EB5F5A5A9-SegmentedRaftLog:OPENED:c55,f57,i57, conf=0: [7c042e84-4356-40d3-8d58-8573f50c8ed6|rpc:172.17.0.2:35077|dataStream:|priority:0, c1649de0-22a9-4a2d-8f9f-08808ec0c035|rpc:172.17.0.2:36837|dataStream:|priority:0, 689c23cd-66ac-4afb-b938-b7ca1102e3b6|rpc:172.17.0.2:43779|dataStream:|priority:0], old=null RUNNING
2021-01-08 04:47:09,447 [Command processor thread] INFO  server.RaftServer$Division (RaftServerImpl.java:lambda$close$4(405)) - 7c042e84-4356-40d3-8d58-8573f50c8ed6@group-729EB5F5A5A9: shutdown
2021-01-08 04:47:09,447 [Command processor thread] INFO  util.JmxRegister (JmxRegister.java:unregister(73)) - Successfully un-registered JMX Bean with object name Ratis:service=RaftServer,group=group-729EB5F5A5A9,id=7c042e84-4356-40d3-8d58-8573f50c8ed6
2021-01-08 04:47:09,447 [Command processor thread] INFO  impl.RoleInfo (RoleInfo.java:shutdownFollowerState(108)) - 7c042e84-4356-40d3-8d58-8573f50c8ed6: shutdown 7c042e84-4356-40d3-8d58-8573f50c8ed6@group-729EB5F5A5A9-FollowerState
2021-01-08 04:47:09,448 [Command processor thread] INFO  impl.StateMachineUpdater (StateMachineUpdater.java:stopAndJoin(148)) - 7c042e84-4356-40d3-8d58-8573f50c8ed6@group-729EB5F5A5A9-StateMachineUpdater: set stopIndex = 55
2021-01-08 04:47:09,448 [Thread-5843] INFO  impl.FollowerState (FollowerState.java:run(142)) - 7c042e84-4356-40d3-8d58-8573f50c8ed6@group-729EB5F5A5A9-FollowerState was interrupted: {}
java.lang.InterruptedException: sleep interrupted
	at java.lang.Thread.sleep(Native Method)
	at java.lang.Thread.sleep(Thread.java:340)
	at java.util.concurrent.TimeUnit.sleep(TimeUnit.java:386)
	at org.apache.ratis.util.TimeDuration.sleep(TimeDuration.java:324)
	at org.apache.ratis.util.TimeDuration.sleep(TimeDuration.java:309)
	at org.apache.ratis.server.impl.FollowerState.run(FollowerState.java:117)
2021-01-08 04:47:09,448 [7c042e84-4356-40d3-8d58-8573f50c8ed6@group-729EB5F5A5A9-StateMachineUpdater] INFO  ratis.ContainerStateMachine (ContainerStateMachine.java:takeSnapshot(291)) - group-729EB5F5A5A9: Taking a snapshot at:(t:1, i:55) file /github/workspace/mnt/ozone/hadoop-ozone/integration-test/target/test-dir/MiniOzoneClusterImpl-8e553afa-60cb-4a34-8c5d-9ccb1efc285c/datanode-3/data/ratis/ab80aac2-71f0-4096-900d-729eb5f5a5a9/sm/snapshot.1_55
2021-01-08 04:47:09,449 [Command processor thread] INFO  metrics.RatisMetrics (RatisMetrics.java:unregister(43)) - Unregistering Metrics Registry : ratis.log_worker.689c23cd-66ac-4afb-b938-b7ca1102e3b6@group-729EB5F5A5A9
2021-01-08 04:47:09,449 [Command processor thread] INFO  metrics.RatisMetrics (RatisMetrics.java:unregister(43)) - Unregistering Metrics Registry : ratis.leader_election.689c23cd-66ac-4afb-b938-b7ca1102e3b6@group-729EB5F5A5A9
2021-01-08 04:47:09,449 [Command processor thread] INFO  metrics.RatisMetrics (RatisMetrics.java:unregister(43)) - Unregistering Metrics Registry : ratis.server.689c23cd-66ac-4afb-b938-b7ca1102e3b6@group-729EB5F5A5A9
2021-01-08 04:47:09,450 [7c042e84-4356-40d3-8d58-8573f50c8ed6@group-729EB5F5A5A9-StateMachineUpdater] INFO  ratis.ContainerStateMachine (ContainerStateMachine.java:takeSnapshot(302)) - group-729EB5F5A5A9: Finished taking a snapshot at:(t:1, i:55) file:/github/workspace/mnt/ozone/hadoop-ozone/integration-test/target/test-dir/MiniOzoneClusterImpl-8e553afa-60cb-4a34-8c5d-9ccb1efc285c/datanode-3/data/ratis/ab80aac2-71f0-4096-900d-729eb5f5a5a9/sm/snapshot.1_55 took: 2 ms
2021-01-08 04:47:09,450 [7c042e84-4356-40d3-8d58-8573f50c8ed6@group-729EB5F5A5A9-StateMachineUpdater] INFO  impl.StateMachineUpdater (StateMachineUpdater.java:takeSnapshot(279)) - 7c042e84-4356-40d3-8d58-8573f50c8ed6@group-729EB5F5A5A9-StateMachineUpdater: Took a snapshot at index 55
2021-01-08 04:47:09,450 [7c042e84-4356-40d3-8d58-8573f50c8ed6@group-729EB5F5A5A9-StateMachineUpdater] INFO  impl.StateMachineUpdater (StateMachineUpdater.java:lambda$new$0(88)) - 7c042e84-4356-40d3-8d58-8573f50c8ed6@group-729EB5F5A5A9-StateMachineUpdater: snapshotIndex: updateIncreasingly -1 -> 55
2021-01-08 04:47:09,450 [7c042e84-4356-40d3-8d58-8573f50c8ed6@group-729EB5F5A5A9-StateMachineUpdater] INFO  metrics.RatisMetrics (RatisMetrics.java:unregister(43)) - Unregistering Metrics Registry : ratis.state_machine.7c042e84-4356-40d3-8d58-8573f50c8ed6@group-729EB5F5A5A9
2021-01-08 04:47:09,451 [Command processor thread] INFO  server.RaftServer$Division (ServerState.java:close(400)) - 7c042e84-4356-40d3-8d58-8573f50c8ed6@group-729EB5F5A5A9: closes. applyIndex: 55
2021-01-08 04:47:09,451 [7c042e84-4356-40d3-8d58-8573f50c8ed6@group-729EB5F5A5A9-SegmentedRaftLogWorker] INFO  segmented.SegmentedRaftLogWorker (SegmentedRaftLogWorker.java:run(326)) - 7c042e84-4356-40d3-8d58-8573f50c8ed6@group-729EB5F5A5A9-SegmentedRaftLogWorker was interrupted, exiting. There are 0 tasks remaining in the queue.
2021-01-08 04:47:09,451 [Command processor thread] INFO  segmented.SegmentedRaftLogWorker (SegmentedRaftLogWorker.java:close(236)) - 7c042e84-4356-40d3-8d58-8573f50c8ed6@group-729EB5F5A5A9-SegmentedRaftLogWorker close()
2021-01-08 04:47:09,452 [Command processor thread] INFO  metrics.RatisMetrics (RatisMetrics.java:unregister(43)) - Unregistering Metrics Registry : ratis.log_worker.7c042e84-4356-40d3-8d58-8573f50c8ed6@group-729EB5F5A5A9
2021-01-08 04:47:09,453 [Command processor thread] INFO  metrics.RatisMetrics (RatisMetrics.java:unregister(43)) - Unregistering Metrics Registry : ratis.leader_election.7c042e84-4356-40d3-8d58-8573f50c8ed6@group-729EB5F5A5A9
2021-01-08 04:47:09,453 [Command processor thread] INFO  metrics.RatisMetrics (RatisMetrics.java:unregister(43)) - Unregistering Metrics Registry : ratis.server.7c042e84-4356-40d3-8d58-8573f50c8ed6@group-729EB5F5A5A9
2021-01-08 04:47:09,455 [Command processor thread] INFO  keyvalue.KeyValueContainer (KeyValueContainer.java:flushAndSyncDB(388)) - Container 1 is synced with bcsId 55.
2021-01-08 04:47:09,455 [Command processor thread] INFO  keyvalue.KeyValueContainer (KeyValueContainer.java:flushAndSyncDB(388)) - Container 1 is synced with bcsId 55.
2021-01-08 04:47:09,456 [Command processor thread] INFO  keyvalue.KeyValueContainer (KeyValueContainer.java:flushAndSyncDB(388)) - Container 1 is synced with bcsId 55.
2021-01-08 04:47:09,456 [Command processor thread] INFO  keyvalue.KeyValueContainer (KeyValueContainer.java:flushAndSyncDB(388)) - Container 1 is synced with bcsId 55.
2021-01-08 04:47:09,462 [Datanode State Machine Thread - 0] WARN  statemachine.StateContext (StateContext.java:execute(532)) - No available thread in pool for past 1 seconds.
2021-01-08 04:47:09,463 [Command processor thread] INFO  keyvalue.KeyValueContainer (KeyValueContainer.java:flushAndSyncDB(388)) - Container 2 is synced with bcsId 51.
2021-01-08 04:47:09,463 [Command processor thread] INFO  keyvalue.KeyValueContainer (KeyValueContainer.java:flushAndSyncDB(388)) - Container 2 is synced with bcsId 51.
2021-01-08 04:47:09,464 [Datanode State Machine Thread - 0] WARN  statemachine.StateContext (StateContext.java:execute(532)) - No available thread in pool for past 1 seconds.
2021-01-08 04:47:09,465 [Command processor thread] INFO  keyvalue.KeyValueContainer (KeyValueContainer.java:flushAndSyncDB(388)) - Container 2 is synced with bcsId 51.
2021-01-08 04:47:09,465 [Command processor thread] INFO  keyvalue.KeyValueContainer (KeyValueContainer.java:flushAndSyncDB(388)) - Container 2 is synced with bcsId 51.
2021-01-08 04:47:09,466 [Command processor thread] INFO  server.RaftServer$Division (RaftServerImpl.java:groupRemove(375)) - 7c042e84-4356-40d3-8d58-8573f50c8ed6@group-729EB5F5A5A9: Succeed to remove RaftStorageDirectory Storage Directory /github/workspace/mnt/ozone/hadoop-ozone/integration-test/target/test-dir/MiniOzoneClusterImpl-8e553afa-60cb-4a34-8c5d-9ccb1efc285c/datanode-3/data/ratis/ab80aac2-71f0-4096-900d-729eb5f5a5a9
2021-01-08 04:47:09,467 [Command processor thread] INFO  commandhandler.ClosePipelineCommandHandler (ClosePipelineCommandHandler.java:handle(75)) - Close Pipeline PipelineID=ab80aac2-71f0-4096-900d-729eb5f5a5a9 command on datanode 7c042e84-4356-40d3-8d58-8573f50c8ed6.
2021-01-08 04:47:09,467 [Command processor thread] INFO  server.RaftServer (RaftServerProxy.java:remove(106)) - 7c042e84-4356-40d3-8d58-8573f50c8ed6: remove    LEADER 7c042e84-4356-40d3-8d58-8573f50c8ed6@group-ED62677DC460:t1, leader=7c042e84-4356-40d3-8d58-8573f50c8ed6, voted=7c042e84-4356-40d3-8d58-8573f50c8ed6, raftlog=7c042e84-4356-40d3-8d58-8573f50c8ed6@group-ED62677DC460-SegmentedRaftLog:OPENED:c0,f0,i0, conf=0: [7c042e84-4356-40d3-8d58-8573f50c8ed6|rpc:172.17.0.2:35077|dataStream:|priority:0], old=null RUNNING
2021-01-08 04:47:09,467 [Command processor thread] INFO  server.RaftServer$Division (RaftServerImpl.java:lambda$close$4(405)) - 7c042e84-4356-40d3-8d58-8573f50c8ed6@group-ED62677DC460: shutdown
2021-01-08 04:47:09,467 [Command processor thread] INFO  util.JmxRegister (JmxRegister.java:unregister(73)) - Successfully un-registered JMX Bean with object name Ratis:service=RaftServer,group=group-ED62677DC460,id=7c042e84-4356-40d3-8d58-8573f50c8ed6
2021-01-08 04:47:09,467 [Command processor thread] INFO  impl.RoleInfo (RoleInfo.java:shutdownLeaderState(91)) - 7c042e84-4356-40d3-8d58-8573f50c8ed6: shutdown 7c042e84-4356-40d3-8d58-8573f50c8ed6@group-ED62677DC460-LeaderStateImpl
2021-01-08 04:47:09,467 [Command processor thread] INFO  impl.PendingRequests (PendingRequests.java:sendNotLeaderResponses(249)) - 7c042e84-4356-40d3-8d58-8573f50c8ed6@group-ED62677DC460-PendingRequests: sendNotLeaderResponses
2021-01-08 04:47:09,467 [Command processor thread] INFO  metrics.RatisMetrics (RatisMetrics.java:unregister(43)) - Unregistering Metrics Registry : ratis.log_appender.7c042e84-4356-40d3-8d58-8573f50c8ed6@group-ED62677DC460
2021-01-08 04:47:09,467 [Command processor thread] INFO  metrics.RatisMetrics (RatisMetrics.java:unregister(43)) - Unregistering Metrics Registry : ratis.server.7c042e84-4356-40d3-8d58-8573f50c8ed6@group-ED62677DC460
2021-01-08 04:47:09,468 [Command processor thread] INFO  impl.StateMachineUpdater (StateMachineUpdater.java:stopAndJoin(148)) - 7c042e84-4356-40d3-8d58-8573f50c8ed6@group-ED62677DC460-StateMachineUpdater: set stopIndex = 0
2021-01-08 04:47:09,469 [7c042e84-4356-40d3-8d58-8573f50c8ed6@group-ED62677DC460-StateMachineUpdater] INFO  ratis.ContainerStateMachine (ContainerStateMachine.java:takeSnapshot(291)) - group-ED62677DC460: Taking a snapshot at:(t:1, i:0) file /github/workspace/mnt/ozone/hadoop-ozone/integration-test/target/test-dir/MiniOzoneClusterImpl-8e553afa-60cb-4a34-8c5d-9ccb1efc285c/datanode-3/data/ratis/40443567-9854-4c53-aa49-ed62677dc460/sm/snapshot.1_0
2021-01-08 04:47:09,470 [7c042e84-4356-40d3-8d58-8573f50c8ed6@group-ED62677DC460-StateMachineUpdater] INFO  ratis.ContainerStateMachine (ContainerStateMachine.java:takeSnapshot(302)) - group-ED62677DC460: Finished taking a snapshot at:(t:1, i:0) file:/github/workspace/mnt/ozone/hadoop-ozone/integration-test/target/test-dir/MiniOzoneClusterImpl-8e553afa-60cb-4a34-8c5d-9ccb1efc285c/datanode-3/data/ratis/40443567-9854-4c53-aa49-ed62677dc460/sm/snapshot.1_0 took: 1 ms
2021-01-08 04:47:09,470 [7c042e84-4356-40d3-8d58-8573f50c8ed6@group-ED62677DC460-StateMachineUpdater] INFO  impl.StateMachineUpdater (StateMachineUpdater.java:takeSnapshot(279)) - 7c042e84-4356-40d3-8d58-8573f50c8ed6@group-ED62677DC460-StateMachineUpdater: Took a snapshot at index 0
2021-01-08 04:47:09,470 [7c042e84-4356-40d3-8d58-8573f50c8ed6@group-ED62677DC460-StateMachineUpdater] INFO  impl.StateMachineUpdater (StateMachineUpdater.java:lambda$new$0(88)) - 7c042e84-4356-40d3-8d58-8573f50c8ed6@group-ED62677DC460-StateMachineUpdater: snapshotIndex: updateIncreasingly -1 -> 0
2021-01-08 04:47:09,470 [Command processor thread] INFO  server.RaftServer$Division (RaftServerImpl.java:groupRemove(375)) - 689c23cd-66ac-4afb-b938-b7ca1102e3b6@group-729EB5F5A5A9: Succeed to remove RaftStorageDirectory Storage Directory /github/workspace/mnt/ozone/hadoop-ozone/integration-test/target/test-dir/MiniOzoneClusterImpl-8e553afa-60cb-4a34-8c5d-9ccb1efc285c/datanode-5/data/ratis/ab80aac2-71f0-4096-900d-729eb5f5a5a9
2021-01-08 04:47:09,470 [Command processor thread] INFO  commandhandler.ClosePipelineCommandHandler (ClosePipelineCommandHandler.java:handle(75)) - Close Pipeline PipelineID=ab80aac2-71f0-4096-900d-729eb5f5a5a9 command on datanode 689c23cd-66ac-4afb-b938-b7ca1102e3b6.
2021-01-08 04:47:09,470 [7c042e84-4356-40d3-8d58-8573f50c8ed6@group-ED62677DC460-StateMachineUpdater] INFO  metrics.RatisMetrics (RatisMetrics.java:unregister(43)) - Unregistering Metrics Registry : ratis.state_machine.7c042e84-4356-40d3-8d58-8573f50c8ed6@group-ED62677DC460
2021-01-08 04:47:09,470 [Command processor thread] INFO  server.RaftServer (RaftServerProxy.java:remove(106)) - 689c23cd-66ac-4afb-b938-b7ca1102e3b6: remove    LEADER 689c23cd-66ac-4afb-b938-b7ca1102e3b6@group-0C6720DD0921:t1, leader=689c23cd-66ac-4afb-b938-b7ca1102e3b6, voted=689c23cd-66ac-4afb-b938-b7ca1102e3b6, raftlog=689c23cd-66ac-4afb-b938-b7ca1102e3b6@group-0C6720DD0921-SegmentedRaftLog:OPENED:c0,f0,i0, conf=0: [689c23cd-66ac-4afb-b938-b7ca1102e3b6|rpc:172.17.0.2:43779|dataStream:|priority:0], old=null RUNNING
2021-01-08 04:47:09,470 [Command processor thread] INFO  server.RaftServer$Division (RaftServerImpl.java:lambda$close$4(405)) - 689c23cd-66ac-4afb-b938-b7ca1102e3b6@group-0C6720DD0921: shutdown
2021-01-08 04:47:09,471 [Command processor thread] INFO  util.JmxRegister (JmxRegister.java:unregister(73)) - Successfully un-registered JMX Bean with object name Ratis:service=RaftServer,group=group-0C6720DD0921,id=689c23cd-66ac-4afb-b938-b7ca1102e3b6
2021-01-08 04:47:09,471 [Command processor thread] INFO  impl.RoleInfo (RoleInfo.java:shutdownLeaderState(91)) - 689c23cd-66ac-4afb-b938-b7ca1102e3b6: shutdown 689c23cd-66ac-4afb-b938-b7ca1102e3b6@group-0C6720DD0921-LeaderStateImpl
2021-01-08 04:47:09,471 [Command processor thread] INFO  impl.PendingRequests (PendingRequests.java:sendNotLeaderResponses(249)) - 689c23cd-66ac-4afb-b938-b7ca1102e3b6@group-0C6720DD0921-PendingRequests: sendNotLeaderResponses
2021-01-08 04:47:09,471 [Command processor thread] INFO  metrics.RatisMetrics (RatisMetrics.java:unregister(43)) - Unregistering Metrics Registry : ratis.log_appender.689c23cd-66ac-4afb-b938-b7ca1102e3b6@group-0C6720DD0921
2021-01-08 04:47:09,471 [Command processor thread] INFO  metrics.RatisMetrics (RatisMetrics.java:unregister(43)) - Unregistering Metrics Registry : ratis.server.689c23cd-66ac-4afb-b938-b7ca1102e3b6@group-0C6720DD0921
2021-01-08 04:47:09,472 [Command processor thread] INFO  impl.StateMachineUpdater (StateMachineUpdater.java:stopAndJoin(148)) - 689c23cd-66ac-4afb-b938-b7ca1102e3b6@group-0C6720DD0921-StateMachineUpdater: set stopIndex = 0
2021-01-08 04:47:09,472 [Command processor thread] INFO  server.RaftServer$Division (ServerState.java:close(400)) - 7c042e84-4356-40d3-8d58-8573f50c8ed6@group-ED62677DC460: closes. applyIndex: 0
2021-01-08 04:47:09,472 [689c23cd-66ac-4afb-b938-b7ca1102e3b6@group-0C6720DD0921-StateMachineUpdater] INFO  ratis.ContainerStateMachine (ContainerStateMachine.java:takeSnapshot(291)) - group-0C6720DD0921: Taking a snapshot at:(t:1, i:0) file /github/workspace/mnt/ozone/hadoop-ozone/integration-test/target/test-dir/MiniOzoneClusterImpl-8e553afa-60cb-4a34-8c5d-9ccb1efc285c/datanode-5/data/ratis/0c6fd33d-8443-43ed-8b67-0c6720dd0921/sm/snapshot.1_0
2021-01-08 04:47:09,473 [7c042e84-4356-40d3-8d58-8573f50c8ed6@group-ED62677DC460-SegmentedRaftLogWorker] INFO  segmented.SegmentedRaftLogWorker (SegmentedRaftLogWorker.java:run(326)) - 7c042e84-4356-40d3-8d58-8573f50c8ed6@group-ED62677DC460-SegmentedRaftLogWorker was interrupted, exiting. There are 0 tasks remaining in the queue.
2021-01-08 04:47:09,473 [Command processor thread] INFO  segmented.SegmentedRaftLogWorker (SegmentedRaftLogWorker.java:close(236)) - 7c042e84-4356-40d3-8d58-8573f50c8ed6@group-ED62677DC460-SegmentedRaftLogWorker close()
2021-01-08 04:47:09,473 [689c23cd-66ac-4afb-b938-b7ca1102e3b6@group-0C6720DD0921-StateMachineUpdater] INFO  ratis.ContainerStateMachine (ContainerStateMachine.java:takeSnapshot(302)) - group-0C6720DD0921: Finished taking a snapshot at:(t:1, i:0) file:/github/workspace/mnt/ozone/hadoop-ozone/integration-test/target/test-dir/MiniOzoneClusterImpl-8e553afa-60cb-4a34-8c5d-9ccb1efc285c/datanode-5/data/ratis/0c6fd33d-8443-43ed-8b67-0c6720dd0921/sm/snapshot.1_0 took: 1 ms
2021-01-08 04:47:09,474 [Command processor thread] INFO  metrics.RatisMetrics (RatisMetrics.java:unregister(43)) - Unregistering Metrics Registry : ratis.log_worker.7c042e84-4356-40d3-8d58-8573f50c8ed6@group-ED62677DC460
2021-01-08 04:47:09,474 [689c23cd-66ac-4afb-b938-b7ca1102e3b6@group-0C6720DD0921-StateMachineUpdater] INFO  impl.StateMachineUpdater (StateMachineUpdater.java:takeSnapshot(279)) - 689c23cd-66ac-4afb-b938-b7ca1102e3b6@group-0C6720DD0921-StateMachineUpdater: Took a snapshot at index 0
2021-01-08 04:47:09,474 [689c23cd-66ac-4afb-b938-b7ca1102e3b6@group-0C6720DD0921-StateMachineUpdater] INFO  impl.StateMachineUpdater (StateMachineUpdater.java:lambda$new$0(88)) - 689c23cd-66ac-4afb-b938-b7ca1102e3b6@group-0C6720DD0921-StateMachineUpdater: snapshotIndex: updateIncreasingly -1 -> 0
2021-01-08 04:47:09,474 [Command processor thread] INFO  metrics.RatisMetrics (RatisMetrics.java:unregister(43)) - Unregistering Metrics Registry : ratis.leader_election.7c042e84-4356-40d3-8d58-8573f50c8ed6@group-ED62677DC460
2021-01-08 04:47:09,474 [689c23cd-66ac-4afb-b938-b7ca1102e3b6@group-0C6720DD0921-StateMachineUpdater] INFO  metrics.RatisMetrics (RatisMetrics.java:unregister(43)) - Unregistering Metrics Registry : ratis.state_machine.689c23cd-66ac-4afb-b938-b7ca1102e3b6@group-0C6720DD0921
2021-01-08 04:47:09,474 [Command processor thread] INFO  metrics.RatisMetrics (RatisMetrics.java:unregister(43)) - Unregistering Metrics Registry : ratis.server.7c042e84-4356-40d3-8d58-8573f50c8ed6@group-ED62677DC460
2021-01-08 04:47:09,474 [Command processor thread] INFO  server.RaftServer$Division (ServerState.java:close(400)) - 689c23cd-66ac-4afb-b938-b7ca1102e3b6@group-0C6720DD0921: closes. applyIndex: 0
2021-01-08 04:47:09,475 [689c23cd-66ac-4afb-b938-b7ca1102e3b6@group-0C6720DD0921-SegmentedRaftLogWorker] INFO  segmented.SegmentedRaftLogWorker (SegmentedRaftLogWorker.java:run(326)) - 689c23cd-66ac-4afb-b938-b7ca1102e3b6@group-0C6720DD0921-SegmentedRaftLogWorker was interrupted, exiting. There are 0 tasks remaining in the queue.
2021-01-08 04:47:09,475 [Command processor thread] INFO  segmented.SegmentedRaftLogWorker (SegmentedRaftLogWorker.java:close(236)) - 689c23cd-66ac-4afb-b938-b7ca1102e3b6@group-0C6720DD0921-SegmentedRaftLogWorker close()
2021-01-08 04:47:09,475 [Command processor thread] INFO  server.RaftServer$Division (RaftServerImpl.java:groupRemove(375)) - 7c042e84-4356-40d3-8d58-8573f50c8ed6@group-ED62677DC460: Succeed to remove RaftStorageDirectory Storage Directory /github/workspace/mnt/ozone/hadoop-ozone/integration-test/target/test-dir/MiniOzoneClusterImpl-8e553afa-60cb-4a34-8c5d-9ccb1efc285c/datanode-3/data/ratis/40443567-9854-4c53-aa49-ed62677dc460
2021-01-08 04:47:09,476 [Command processor thread] INFO  metrics.RatisMetrics (RatisMetrics.java:unregister(43)) - Unregistering Metrics Registry : ratis.log_worker.689c23cd-66ac-4afb-b938-b7ca1102e3b6@group-0C6720DD0921
2021-01-08 04:47:09,476 [Command processor thread] INFO  commandhandler.ClosePipelineCommandHandler (ClosePipelineCommandHandler.java:handle(75)) - Close Pipeline PipelineID=40443567-9854-4c53-aa49-ed62677dc460 command on datanode 7c042e84-4356-40d3-8d58-8573f50c8ed6.
2021-01-08 04:47:09,476 [Command processor thread] INFO  metrics.RatisMetrics (RatisMetrics.java:unregister(43)) - Unregistering Metrics Registry : ratis.leader_election.689c23cd-66ac-4afb-b938-b7ca1102e3b6@group-0C6720DD0921
2021-01-08 04:47:09,476 [Command processor thread] WARN  server.RaftServer (RaftServerProxy.java:remove(101)) - 7c042e84-4356-40d3-8d58-8573f50c8ed6: does not contain group: group-ED62677DC460
2021-01-08 04:47:09,476 [Command processor thread] ERROR commandhandler.ClosePipelineCommandHandler (ClosePipelineCommandHandler.java:handle(78)) - Can't close pipeline PipelineID=40443567-9854-4c53-aa49-ed62677dc460
java.io.IOException: 7c042e84-4356-40d3-8d58-8573f50c8ed6: Group group-ED62677DC460 not found.
	at org.apache.hadoop.ozone.container.common.transport.server.ratis.XceiverServerRatis.removeGroup(XceiverServerRatis.java:788)
	at org.apache.hadoop.ozone.container.common.statemachine.commandhandler.ClosePipelineCommandHandler.handle(ClosePipelineCommandHandler.java:74)
	at org.apache.hadoop.ozone.container.common.statemachine.commandhandler.CommandDispatcher.handle(CommandDispatcher.java:99)
	at org.apache.hadoop.ozone.container.common.statemachine.DatanodeStateMachine.lambda$initCommandHandlerThread$2(DatanodeStateMachine.java:498)
	at java.lang.Thread.run(Thread.java:748)
Caused by: org.apache.ratis.protocol.exceptions.GroupMismatchException: 7c042e84-4356-40d3-8d58-8573f50c8ed6: Group group-ED62677DC460 not found.
	at org.apache.ratis.server.impl.RaftServerProxy.groupRemoveAsync(RaftServerProxy.java:502)
	at org.apache.ratis.server.impl.RaftServerProxy.groupManagementAsync(RaftServerProxy.java:458)
	at org.apache.ratis.server.impl.RaftServerProxy.groupManagement(RaftServerProxy.java:438)
	at org.apache.hadoop.ozone.container.common.transport.server.ratis.XceiverServerRatis.removeGroup(XceiverServerRatis.java:786)
	... 4 more
2021-01-08 04:47:09,476 [Command processor thread] WARN  server.RaftServer (RaftServerProxy.java:remove(101)) - 7c042e84-4356-40d3-8d58-8573f50c8ed6: does not contain group: group-729EB5F5A5A9
2021-01-08 04:47:09,476 [Command processor thread] ERROR commandhandler.ClosePipelineCommandHandler (ClosePipelineCommandHandler.java:handle(78)) - Can't close pipeline PipelineID=ab80aac2-71f0-4096-900d-729eb5f5a5a9
java.io.IOException: 7c042e84-4356-40d3-8d58-8573f50c8ed6: Group group-729EB5F5A5A9 not found.
	at org.apache.hadoop.ozone.container.common.transport.server.ratis.XceiverServerRatis.removeGroup(XceiverServerRatis.java:788)
	at org.apache.hadoop.ozone.container.common.statemachine.commandhandler.ClosePipelineCommandHandler.handle(ClosePipelineCommandHandler.java:74)
	at org.apache.hadoop.ozone.container.common.statemachine.commandhandler.CommandDispatcher.handle(CommandDispatcher.java:99)
	at org.apache.hadoop.ozone.container.common.statemachine.DatanodeStateMachine.lambda$initCommandHandlerThread$2(DatanodeStateMachine.java:498)
	at java.lang.Thread.run(Thread.java:748)
Caused by: org.apache.ratis.protocol.exceptions.GroupMismatchException: 7c042e84-4356-40d3-8d58-8573f50c8ed6: Group group-729EB5F5A5A9 not found.
	at org.apache.ratis.server.impl.RaftServerProxy.groupRemoveAsync(RaftServerProxy.java:502)
	at org.apache.ratis.server.impl.RaftServerProxy.groupManagementAsync(RaftServerProxy.java:458)
	at org.apache.ratis.server.impl.RaftServerProxy.groupManagement(RaftServerProxy.java:438)
	at org.apache.hadoop.ozone.container.common.transport.server.ratis.XceiverServerRatis.removeGroup(XceiverServerRatis.java:786)
	... 4 more
2021-01-08 04:47:09,476 [Command processor thread] INFO  metrics.RatisMetrics (RatisMetrics.java:unregister(43)) - Unregistering Metrics Registry : ratis.server.689c23cd-66ac-4afb-b938-b7ca1102e3b6@group-0C6720DD0921
2021-01-08 04:47:09,477 [Command processor thread] INFO  server.RaftServer$Division (RaftServerImpl.java:groupRemove(375)) - 689c23cd-66ac-4afb-b938-b7ca1102e3b6@group-0C6720DD0921: Succeed to remove RaftStorageDirectory Storage Directory /github/workspace/mnt/ozone/hadoop-ozone/integration-test/target/test-dir/MiniOzoneClusterImpl-8e553afa-60cb-4a34-8c5d-9ccb1efc285c/datanode-5/data/ratis/0c6fd33d-8443-43ed-8b67-0c6720dd0921
2021-01-08 04:47:09,477 [Command processor thread] INFO  commandhandler.ClosePipelineCommandHandler (ClosePipelineCommandHandler.java:handle(75)) - Close Pipeline PipelineID=0c6fd33d-8443-43ed-8b67-0c6720dd0921 command on datanode 689c23cd-66ac-4afb-b938-b7ca1102e3b6.
2021-01-08 04:47:09,478 [Command processor thread] WARN  server.RaftServer (RaftServerProxy.java:remove(101)) - 689c23cd-66ac-4afb-b938-b7ca1102e3b6: does not contain group: group-0C6720DD0921
2021-01-08 04:47:09,478 [Command processor thread] ERROR commandhandler.ClosePipelineCommandHandler (ClosePipelineCommandHandler.java:handle(78)) - Can't close pipeline PipelineID=0c6fd33d-8443-43ed-8b67-0c6720dd0921
java.io.IOException: 689c23cd-66ac-4afb-b938-b7ca1102e3b6: Group group-0C6720DD0921 not found.
	at org.apache.hadoop.ozone.container.common.transport.server.ratis.XceiverServerRatis.removeGroup(XceiverServerRatis.java:788)
	at org.apache.hadoop.ozone.container.common.statemachine.commandhandler.ClosePipelineCommandHandler.handle(ClosePipelineCommandHandler.java:74)
	at org.apache.hadoop.ozone.container.common.statemachine.commandhandler.CommandDispatcher.handle(CommandDispatcher.java:99)
	at org.apache.hadoop.ozone.container.common.statemachine.DatanodeStateMachine.lambda$initCommandHandlerThread$2(DatanodeStateMachine.java:498)
	at java.lang.Thread.run(Thread.java:748)
Caused by: org.apache.ratis.protocol.exceptions.GroupMismatchException: 689c23cd-66ac-4afb-b938-b7ca1102e3b6: Group group-0C6720DD0921 not found.
	at org.apache.ratis.server.impl.RaftServerProxy.groupRemoveAsync(RaftServerProxy.java:502)
	at org.apache.ratis.server.impl.RaftServerProxy.groupManagementAsync(RaftServerProxy.java:458)
	at org.apache.ratis.server.impl.RaftServerProxy.groupManagement(RaftServerProxy.java:438)
	at org.apache.hadoop.ozone.container.common.transport.server.ratis.XceiverServerRatis.removeGroup(XceiverServerRatis.java:786)
	... 4 more
2021-01-08 04:47:09,478 [Command processor thread] WARN  server.RaftServer (RaftServerProxy.java:remove(101)) - 689c23cd-66ac-4afb-b938-b7ca1102e3b6: does not contain group: group-729EB5F5A5A9
2021-01-08 04:47:09,478 [Command processor thread] ERROR commandhandler.ClosePipelineCommandHandler (ClosePipelineCommandHandler.java:handle(78)) - Can't close pipeline PipelineID=ab80aac2-71f0-4096-900d-729eb5f5a5a9
java.io.IOException: 689c23cd-66ac-4afb-b938-b7ca1102e3b6: Group group-729EB5F5A5A9 not found.
	at org.apache.hadoop.ozone.container.common.transport.server.ratis.XceiverServerRatis.removeGroup(XceiverServerRatis.java:788)
	at org.apache.hadoop.ozone.container.common.statemachine.commandhandler.ClosePipelineCommandHandler.handle(ClosePipelineCommandHandler.java:74)
	at org.apache.hadoop.ozone.container.common.statemachine.commandhandler.CommandDispatcher.handle(CommandDispatcher.java:99)
	at org.apache.hadoop.ozone.container.common.statemachine.DatanodeStateMachine.lambda$initCommandHandlerThread$2(DatanodeStateMachine.java:498)
	at java.lang.Thread.run(Thread.java:748)
Caused by: org.apache.ratis.protocol.exceptions.GroupMismatchException: 689c23cd-66ac-4afb-b938-b7ca1102e3b6: Group group-729EB5F5A5A9 not found.
	at org.apache.ratis.server.impl.RaftServerProxy.groupRemoveAsync(RaftServerProxy.java:502)
	at org.apache.ratis.server.impl.RaftServerProxy.groupManagementAsync(RaftServerProxy.java:458)
	at org.apache.ratis.server.impl.RaftServerProxy.groupManagement(RaftServerProxy.java:438)
	at org.apache.hadoop.ozone.container.common.transport.server.ratis.XceiverServerRatis.removeGroup(XceiverServerRatis.java:786)
	... 4 more
2021-01-08 04:47:09,748 [EndpointStateMachine task thread for /0.0.0.0:36571 - 0 ] INFO  ipc.Client (Client.java:handleConnectionFailure(958)) - Retrying connect to server: 0.0.0.0/0.0.0.0:36571. Already tried 0 time(s); retry policy is RetryUpToMaximumCountWithFixedSleep(maxRetries=15, sleepTime=1000 MILLISECONDS)
2021-01-08 04:47:09,752 [IPC Server handler 0 on default port 36571] INFO  server.SCMDatanodeHeartbeatDispatcher (SCMDatanodeHeartbeatDispatcher.java:dispatch(96)) - SCM received heartbeat from an unregistered datanode 027ea797-585b-4d73-a004-b5fa2cd87a42{ip: 172.17.0.2, host: 36857d2baa53, networkLocation: /default-rack, certSerialId: null, persistedOpState: null, persistedOpStateExpiryEpochSec: 0}. Asking datanode to re-register.
2021-01-08 04:47:09,753 [IPC Server handler 0 on default port 36571] INFO  server.SCMDatanodeHeartbeatDispatcher (SCMDatanodeHeartbeatDispatcher.java:dispatch(96)) - SCM received heartbeat from an unregistered datanode 55aa2eb3-e7d2-43c8-9100-77f9e6fde891{ip: 172.17.0.2, host: 36857d2baa53, networkLocation: /default-rack, certSerialId: null, persistedOpState: null, persistedOpStateExpiryEpochSec: 0}. Asking datanode to re-register.
2021-01-08 04:47:09,753 [IPC Server handler 0 on default port 36571] INFO  server.SCMDatanodeHeartbeatDispatcher (SCMDatanodeHeartbeatDispatcher.java:dispatch(96)) - SCM received heartbeat from an unregistered datanode 689c23cd-66ac-4afb-b938-b7ca1102e3b6{ip: 172.17.0.2, host: 36857d2baa53, networkLocation: /default-rack, certSerialId: null, persistedOpState: ENTERING_MAINTENANCE, persistedOpStateExpiryEpochSec: 0}. Asking datanode to re-register.
2021-01-08 04:47:09,753 [IPC Server handler 0 on default port 36571] INFO  server.SCMDatanodeHeartbeatDispatcher (SCMDatanodeHeartbeatDispatcher.java:dispatch(96)) - SCM received heartbeat from an unregistered datanode 7c042e84-4356-40d3-8d58-8573f50c8ed6{ip: 172.17.0.2, host: 36857d2baa53, networkLocation: /default-rack, certSerialId: null, persistedOpState: ENTERING_MAINTENANCE, persistedOpStateExpiryEpochSec: 0}. Asking datanode to re-register.
2021-01-08 04:47:09,753 [IPC Server handler 0 on default port 36571] INFO  server.SCMDatanodeHeartbeatDispatcher (SCMDatanodeHeartbeatDispatcher.java:dispatch(96)) - SCM received heartbeat from an unregistered datanode c1649de0-22a9-4a2d-8f9f-08808ec0c035{ip: 172.17.0.2, host: 36857d2baa53, networkLocation: /default-rack, certSerialId: null, persistedOpState: ENTERING_MAINTENANCE, persistedOpStateExpiryEpochSec: 0}. Asking datanode to re-register.
2021-01-08 04:47:09,754 [IPC Server handler 5 on default port 36571] INFO  server.SCMDatanodeHeartbeatDispatcher (SCMDatanodeHeartbeatDispatcher.java:dispatch(96)) - SCM received heartbeat from an unregistered datanode 24be368e-9912-49e9-b36f-3be1586466e8{ip: 172.17.0.2, host: 36857d2baa53, networkLocation: /default-rack, certSerialId: null, persistedOpState: null, persistedOpStateExpiryEpochSec: 0}. Asking datanode to re-register.
2021-01-08 04:47:09,755 [IPC Server handler 6 on default port 36571] INFO  server.SCMDatanodeHeartbeatDispatcher (SCMDatanodeHeartbeatDispatcher.java:dispatch(96)) - SCM received heartbeat from an unregistered datanode 7c042e84-4356-40d3-8d58-8573f50c8ed6{ip: 172.17.0.2, host: 36857d2baa53, networkLocation: /default-rack, certSerialId: null, persistedOpState: ENTERING_MAINTENANCE, persistedOpStateExpiryEpochSec: 0}. Asking datanode to re-register.
2021-01-08 04:47:09,756 [IPC Server handler 6 on default port 36571] INFO  server.SCMDatanodeHeartbeatDispatcher (SCMDatanodeHeartbeatDispatcher.java:dispatch(96)) - SCM received heartbeat from an unregistered datanode 689c23cd-66ac-4afb-b938-b7ca1102e3b6{ip: 172.17.0.2, host: 36857d2baa53, networkLocation: /default-rack, certSerialId: null, persistedOpState: ENTERING_MAINTENANCE, persistedOpStateExpiryEpochSec: 0}. Asking datanode to re-register.
2021-01-08 04:47:09,756 [IPC Server handler 8 on default port 36571] INFO  server.SCMDatanodeHeartbeatDispatcher (SCMDatanodeHeartbeatDispatcher.java:dispatch(96)) - SCM received heartbeat from an unregistered datanode 689c23cd-66ac-4afb-b938-b7ca1102e3b6{ip: 172.17.0.2, host: 36857d2baa53, networkLocation: /default-rack, certSerialId: null, persistedOpState: ENTERING_MAINTENANCE, persistedOpStateExpiryEpochSec: 0}. Asking datanode to re-register.
2021-01-08 04:47:09,757 [IPC Server handler 9 on default port 36571] INFO  server.SCMDatanodeHeartbeatDispatcher (SCMDatanodeHeartbeatDispatcher.java:dispatch(96)) - SCM received heartbeat from an unregistered datanode 55aa2eb3-e7d2-43c8-9100-77f9e6fde891{ip: 172.17.0.2, host: 36857d2baa53, networkLocation: /default-rack, certSerialId: null, persistedOpState: null, persistedOpStateExpiryEpochSec: 0}. Asking datanode to re-register.
2021-01-08 04:47:09,757 [IPC Server handler 10 on default port 36571] INFO  server.SCMDatanodeHeartbeatDispatcher (SCMDatanodeHeartbeatDispatcher.java:dispatch(96)) - SCM received heartbeat from an unregistered datanode 027ea797-585b-4d73-a004-b5fa2cd87a42{ip: 172.17.0.2, host: 36857d2baa53, networkLocation: /default-rack, certSerialId: null, persistedOpState: null, persistedOpStateExpiryEpochSec: 0}. Asking datanode to re-register.
2021-01-08 04:47:09,758 [IPC Server handler 11 on default port 36571] INFO  server.SCMDatanodeHeartbeatDispatcher (SCMDatanodeHeartbeatDispatcher.java:dispatch(96)) - SCM received heartbeat from an unregistered datanode 7c042e84-4356-40d3-8d58-8573f50c8ed6{ip: 172.17.0.2, host: 36857d2baa53, networkLocation: /default-rack, certSerialId: null, persistedOpState: ENTERING_MAINTENANCE, persistedOpStateExpiryEpochSec: 0}. Asking datanode to re-register.
2021-01-08 04:47:10,068 [Listener at 0.0.0.0/34827] INFO  ozone.MiniOzoneClusterImpl (MiniOzoneClusterImpl.java:lambda$waitForClusterToBeReady$0(179)) - Waiting for nodes to be ready. Got 0 of 6 DN Heartbeats.
2021-01-08 04:47:10,068 [Listener at 0.0.0.0/34827] INFO  ozone.MiniOzoneClusterImpl (MiniOzoneClusterImpl.java:lambda$waitForClusterToBeReady$0(182)) - Waiting for cluster to exit safe mode
2021-01-08 04:47:10,462 [IPC Server handler 0 on default port 36571] INFO  net.NetworkTopologyImpl (NetworkTopologyImpl.java:add(111)) - Added a new node: /default-rack/c1649de0-22a9-4a2d-8f9f-08808ec0c035
2021-01-08 04:47:10,462 [IPC Server handler 0 on default port 36571] INFO  node.NodeStateManager (NodeStateManager.java:newNodeStatus(257)) - Updating nodeOperationalState on registration as the datanode has a persisted state of ENTERING_MAINTENANCE and expiry of 0
2021-01-08 04:47:10,463 [IPC Server handler 0 on default port 36571] INFO  node.SCMNodeManager (SCMNodeManager.java:register(341)) - Registered Data node : c1649de0-22a9-4a2d-8f9f-08808ec0c035{ip: 172.17.0.2, host: 36857d2baa53, networkLocation: /default-rack, certSerialId: null, persistedOpState: ENTERING_MAINTENANCE, persistedOpStateExpiryEpochSec: 0}
2021-01-08 04:47:10,467 [EventQueue-NodeRegistrationContainerReportForContainerSafeModeRule] INFO  safemode.SCMSafeModeManager (ContainerSafeModeRule.java:process(116)) - SCM in safe mode. 100.0 % containers have at least one reported replica.
2021-01-08 04:47:10,467 [EventQueue-NodeRegistrationContainerReportForContainerSafeModeRule] INFO  safemode.SCMSafeModeManager (SCMSafeModeManager.java:validateSafeModeExitRules(214)) - ContainerSafeModeRule rule is successfully validated
2021-01-08 04:47:10,467 [EventQueue-PipelineReportForOneReplicaPipelineSafeModeRule] INFO  safemode.SCMSafeModeManager (OneReplicaPipelineSafeModeRule.java:process(128)) - SCM in safe mode. Pipelines with at least one datanode reported count is 0, required at least one datanode reported per pipeline count is 1
2021-01-08 04:47:10,468 [EventQueue-NodeRegistrationContainerReportForDataNodeSafeModeRule] INFO  safemode.SCMSafeModeManager (DataNodeSafeModeRule.java:process(71)) - SCM in safe mode. 1 DataNodes registered, 1 required.
2021-01-08 04:47:10,468 [IPC Server handler 6 on default port 36571] INFO  net.NetworkTopologyImpl (NetworkTopologyImpl.java:add(111)) - Added a new node: /default-rack/7c042e84-4356-40d3-8d58-8573f50c8ed6
2021-01-08 04:47:10,468 [IPC Server handler 6 on default port 36571] INFO  node.NodeStateManager (NodeStateManager.java:newNodeStatus(257)) - Updating nodeOperationalState on registration as the datanode has a persisted state of ENTERING_MAINTENANCE and expiry of 0
2021-01-08 04:47:10,469 [IPC Server handler 6 on default port 36571] INFO  node.SCMNodeManager (SCMNodeManager.java:register(341)) - Registered Data node : 7c042e84-4356-40d3-8d58-8573f50c8ed6{ip: 172.17.0.2, host: 36857d2baa53, networkLocation: /default-rack, certSerialId: null, persistedOpState: ENTERING_MAINTENANCE, persistedOpStateExpiryEpochSec: 0}
2021-01-08 04:47:10,469 [EventQueue-PipelineReportForOneReplicaPipelineSafeModeRule] INFO  safemode.SCMSafeModeManager (OneReplicaPipelineSafeModeRule.java:process(128)) - SCM in safe mode. Pipelines with at least one datanode reported count is 0, required at least one datanode reported per pipeline count is 1
2021-01-08 04:47:10,475 [IPC Server handler 8 on default port 36571] INFO  net.NetworkTopologyImpl (NetworkTopologyImpl.java:add(111)) - Added a new node: /default-rack/689c23cd-66ac-4afb-b938-b7ca1102e3b6
2021-01-08 04:47:10,475 [IPC Server handler 8 on default port 36571] INFO  node.NodeStateManager (NodeStateManager.java:newNodeStatus(257)) - Updating nodeOperationalState on registration as the datanode has a persisted state of ENTERING_MAINTENANCE and expiry of 0
2021-01-08 04:47:10,471 [EventQueue-NodeRegistrationContainerReportForDataNodeSafeModeRule] INFO  safemode.SCMSafeModeManager (SCMSafeModeManager.java:validateSafeModeExitRules(214)) - DataNodeSafeModeRule rule is successfully validated
2021-01-08 04:47:10,476 [EventQueue-NodeRegistrationContainerReportForDataNodeSafeModeRule] INFO  safemode.SCMSafeModeManager (SCMSafeModeManager.java:completePreCheck(242)) - All SCM safe mode pre check rules have passed
2021-01-08 04:47:10,475 [IPC Server handler 8 on default port 36571] INFO  node.SCMNodeManager (SCMNodeManager.java:register(341)) - Registered Data node : 689c23cd-66ac-4afb-b938-b7ca1102e3b6{ip: 172.17.0.2, host: 36857d2baa53, networkLocation: /default-rack, certSerialId: null, persistedOpState: ENTERING_MAINTENANCE, persistedOpStateExpiryEpochSec: 0}
2021-01-08 04:47:10,476 [EventQueue-NodeRegistrationContainerReportForContainerSafeModeRule] INFO  safemode.SCMSafeModeManager (SCMSafeModeManager.java:validateSafeModeExitRules(214)) - ContainerSafeModeRule rule is successfully validated
2021-01-08 04:47:10,476 [EventQueue-NodeRegistrationContainerReportForContainerSafeModeRule] INFO  safemode.SCMSafeModeManager (SCMSafeModeManager.java:validateSafeModeExitRules(214)) - ContainerSafeModeRule rule is successfully validated
2021-01-08 04:47:10,476 [EventQueue-NodeRegistrationContainerReportForDataNodeSafeModeRule] INFO  safemode.SCMSafeModeManager (SCMSafeModeManager.java:validateSafeModeExitRules(214)) - DataNodeSafeModeRule rule is successfully validated
2021-01-08 04:47:10,476 [EventQueue-NodeRegistrationContainerReportForDataNodeSafeModeRule] INFO  safemode.SCMSafeModeManager (SCMSafeModeManager.java:validateSafeModeExitRules(214)) - DataNodeSafeModeRule rule is successfully validated
2021-01-08 04:47:10,476 [EventQueue-PipelineReportForOneReplicaPipelineSafeModeRule] INFO  safemode.SCMSafeModeManager (OneReplicaPipelineSafeModeRule.java:process(128)) - SCM in safe mode. Pipelines with at least one datanode reported count is 0, required at least one datanode reported per pipeline count is 1
2021-01-08 04:47:10,739 [IPC Server handler 5 on default port 36571] INFO  net.NetworkTopologyImpl (NetworkTopologyImpl.java:add(111)) - Added a new node: /default-rack/24be368e-9912-49e9-b36f-3be1586466e8
2021-01-08 04:47:10,739 [IPC Server handler 5 on default port 36571] INFO  node.SCMNodeManager (SCMNodeManager.java:register(341)) - Registered Data node : 24be368e-9912-49e9-b36f-3be1586466e8{ip: 172.17.0.2, host: 36857d2baa53, networkLocation: /default-rack, certSerialId: null, persistedOpState: IN_SERVICE, persistedOpStateExpiryEpochSec: 0}
2021-01-08 04:47:10,740 [EventQueue-PipelineReportForOneReplicaPipelineSafeModeRule] INFO  safemode.SCMSafeModeManager (OneReplicaPipelineSafeModeRule.java:process(128)) - SCM in safe mode. Pipelines with at least one datanode reported count is 1, required at least one datanode reported per pipeline count is 1
2021-01-08 04:47:10,740 [EventQueue-PipelineReportForOneReplicaPipelineSafeModeRule] INFO  safemode.SCMSafeModeManager (SCMSafeModeManager.java:validateSafeModeExitRules(214)) - AtleastOneDatanodeReportedRule rule is successfully validated
2021-01-08 04:47:10,740 [EventQueue-NodeRegistrationContainerReportForContainerSafeModeRule] INFO  safemode.SCMSafeModeManager (SCMSafeModeManager.java:validateSafeModeExitRules(214)) - ContainerSafeModeRule rule is successfully validated
2021-01-08 04:47:10,741 [EventQueue-NodeRegistrationContainerReportForDataNodeSafeModeRule] INFO  safemode.SCMSafeModeManager (SCMSafeModeManager.java:validateSafeModeExitRules(214)) - DataNodeSafeModeRule rule is successfully validated
2021-01-08 04:47:10,741 [EventQueue-OpenPipelineForHealthyPipelineSafeModeRule] INFO  safemode.SCMSafeModeManager (HealthyPipelineSafeModeRule.java:process(128)) - SCM in safe mode. Healthy pipelines reported count is 0, required healthy pipeline reported count is 1
2021-01-08 04:47:10,744 [IPC Server handler 9 on default port 36571] INFO  net.NetworkTopologyImpl (NetworkTopologyImpl.java:add(111)) - Added a new node: /default-rack/027ea797-585b-4d73-a004-b5fa2cd87a42
2021-01-08 04:47:10,744 [IPC Server handler 9 on default port 36571] INFO  node.SCMNodeManager (SCMNodeManager.java:register(341)) - Registered Data node : 027ea797-585b-4d73-a004-b5fa2cd87a42{ip: 172.17.0.2, host: 36857d2baa53, networkLocation: /default-rack, certSerialId: null, persistedOpState: IN_SERVICE, persistedOpStateExpiryEpochSec: 0}
2021-01-08 04:47:10,744 [RatisPipelineUtilsThread] WARN  pipeline.PipelinePlacementPolicy (PipelinePlacementPolicy.java:filterViableNodes(139)) - Pipeline creation failed due to no sufficient healthy datanodes. Required 3. Found 2.
2021-01-08 04:47:10,744 [EventQueue-NodeRegistrationContainerReportForContainerSafeModeRule] INFO  safemode.SCMSafeModeManager (SCMSafeModeManager.java:validateSafeModeExitRules(214)) - ContainerSafeModeRule rule is successfully validated
2021-01-08 04:47:10,745 [EventQueue-PipelineReportForOneReplicaPipelineSafeModeRule] INFO  safemode.SCMSafeModeManager (SCMSafeModeManager.java:validateSafeModeExitRules(214)) - AtleastOneDatanodeReportedRule rule is successfully validated
2021-01-08 04:47:10,745 [EventQueue-NodeRegistrationContainerReportForDataNodeSafeModeRule] INFO  safemode.SCMSafeModeManager (SCMSafeModeManager.java:validateSafeModeExitRules(214)) - DataNodeSafeModeRule rule is successfully validated
2021-01-08 04:47:10,745 [EventQueue-OpenPipelineForHealthyPipelineSafeModeRule] INFO  safemode.SCMSafeModeManager (HealthyPipelineSafeModeRule.java:process(128)) - SCM in safe mode. Healthy pipelines reported count is 0, required healthy pipeline reported count is 1
2021-01-08 04:47:10,745 [IPC Server handler 10 on default port 36571] INFO  net.NetworkTopologyImpl (NetworkTopologyImpl.java:add(111)) - Added a new node: /default-rack/55aa2eb3-e7d2-43c8-9100-77f9e6fde891
2021-01-08 04:47:10,745 [IPC Server handler 10 on default port 36571] INFO  node.SCMNodeManager (SCMNodeManager.java:register(341)) - Registered Data node : 55aa2eb3-e7d2-43c8-9100-77f9e6fde891{ip: 172.17.0.2, host: 36857d2baa53, networkLocation: /default-rack, certSerialId: null, persistedOpState: IN_SERVICE, persistedOpStateExpiryEpochSec: 0}
2021-01-08 04:47:10,746 [EventQueue-PipelineReportForOneReplicaPipelineSafeModeRule] INFO  safemode.SCMSafeModeManager (SCMSafeModeManager.java:validateSafeModeExitRules(214)) - AtleastOneDatanodeReportedRule rule is successfully validated
2021-01-08 04:47:10,746 [EventQueue-NodeRegistrationContainerReportForContainerSafeModeRule] INFO  safemode.SCMSafeModeManager (SCMSafeModeManager.java:validateSafeModeExitRules(214)) - ContainerSafeModeRule rule is successfully validated
2021-01-08 04:47:10,746 [EventQueue-NodeRegistrationContainerReportForDataNodeSafeModeRule] INFO  safemode.SCMSafeModeManager (SCMSafeModeManager.java:validateSafeModeExitRules(214)) - DataNodeSafeModeRule rule is successfully validated
2021-01-08 04:47:10,749 [EventQueue-OpenPipelineForHealthyPipelineSafeModeRule] INFO  safemode.SCMSafeModeManager (HealthyPipelineSafeModeRule.java:process(128)) - SCM in safe mode. Healthy pipelines reported count is 1, required healthy pipeline reported count is 1
2021-01-08 04:47:10,749 [EventQueue-OpenPipelineForHealthyPipelineSafeModeRule] INFO  safemode.SCMSafeModeManager (SCMSafeModeManager.java:validateSafeModeExitRules(214)) - HealthyPipelineSafeModeRule rule is successfully validated
2021-01-08 04:47:10,749 [EventQueue-OpenPipelineForHealthyPipelineSafeModeRule] INFO  safemode.SCMSafeModeManager (SCMSafeModeManager.java:validateSafeModeExitRules(228)) - ScmSafeModeManager, all rules are successfully validated
2021-01-08 04:47:10,749 [EventQueue-OpenPipelineForHealthyPipelineSafeModeRule] INFO  safemode.SCMSafeModeManager (SCMSafeModeManager.java:exitSafeMode(257)) - SCM exiting safe mode.
2021-01-08 04:47:10,783 [EventQueue-StartAdminOnNodeForStartDatanodeAdminHandler] INFO  node.StartDatanodeAdminHandler (StartDatanodeAdminHandler.java:onMessage(56)) - Admin start on datanode c1649de0-22a9-4a2d-8f9f-08808ec0c035{ip: 172.17.0.2, host: 36857d2baa53, networkLocation: /default-rack, certSerialId: null, persistedOpState: ENTERING_MAINTENANCE, persistedOpStateExpiryEpochSec: 0}. Finalizing its pipelines []
2021-01-08 04:47:10,783 [EventQueue-StartAdminOnNodeForStartDatanodeAdminHandler] INFO  node.StartDatanodeAdminHandler (StartDatanodeAdminHandler.java:onMessage(56)) - Admin start on datanode 7c042e84-4356-40d3-8d58-8573f50c8ed6{ip: 172.17.0.2, host: 36857d2baa53, networkLocation: /default-rack, certSerialId: null, persistedOpState: ENTERING_MAINTENANCE, persistedOpStateExpiryEpochSec: 0}. Finalizing its pipelines []
2021-01-08 04:47:10,783 [EventQueue-StartAdminOnNodeForStartDatanodeAdminHandler] INFO  node.StartDatanodeAdminHandler (StartDatanodeAdminHandler.java:onMessage(56)) - Admin start on datanode 689c23cd-66ac-4afb-b938-b7ca1102e3b6{ip: 172.17.0.2, host: 36857d2baa53, networkLocation: /default-rack, certSerialId: null, persistedOpState: ENTERING_MAINTENANCE, persistedOpStateExpiryEpochSec: 0}. Finalizing its pipelines []
2021-01-08 04:47:10,783 [DatanodeAdminManager-0] INFO  node.DatanodeAdminMonitorImpl (DatanodeAdminMonitorImpl.java:checkContainersReplicatedOnNode(297)) - 689c23cd-66ac-4afb-b938-b7ca1102e3b6{ip: 172.17.0.2, host: 36857d2baa53, networkLocation: /default-rack, certSerialId: null, persistedOpState: ENTERING_MAINTENANCE, persistedOpStateExpiryEpochSec: 0} has 0 sufficientlyReplicated, 2 underReplicated and 0 unhealthy containers
2021-01-08 04:47:10,783 [DatanodeAdminManager-0] INFO  node.DatanodeAdminMonitorImpl (DatanodeAdminMonitorImpl.java:checkContainersReplicatedOnNode(297)) - 7c042e84-4356-40d3-8d58-8573f50c8ed6{ip: 172.17.0.2, host: 36857d2baa53, networkLocation: /default-rack, certSerialId: null, persistedOpState: ENTERING_MAINTENANCE, persistedOpStateExpiryEpochSec: 0} has 0 sufficientlyReplicated, 2 underReplicated and 0 unhealthy containers
2021-01-08 04:47:10,784 [DatanodeAdminManager-0] INFO  node.DatanodeAdminMonitorImpl (DatanodeAdminMonitorImpl.java:checkContainersReplicatedOnNode(297)) - c1649de0-22a9-4a2d-8f9f-08808ec0c035{ip: 172.17.0.2, host: 36857d2baa53, networkLocation: /default-rack, certSerialId: null, persistedOpState: ENTERING_MAINTENANCE, persistedOpStateExpiryEpochSec: 0} has 0 sufficientlyReplicated, 2 underReplicated and 0 unhealthy containers
2021-01-08 04:47:10,784 [DatanodeAdminManager-0] INFO  node.DatanodeAdminMonitorImpl (DatanodeAdminMonitorImpl.java:run(136)) - There are 3 nodes tracked for decommission and maintenance. 0 pending nodes.
2021-01-08 04:47:11,068 [Listener at 0.0.0.0/34827] INFO  ozone.MiniOzoneClusterImpl (MiniOzoneClusterImpl.java:lambda$waitForClusterToBeReady$0(179)) - Nodes are ready. Got 6 of 6 DN Heartbeats.
2021-01-08 04:47:11,069 [Listener at 0.0.0.0/34827] INFO  ozone.MiniOzoneClusterImpl (MiniOzoneClusterImpl.java:lambda$waitForClusterToBeReady$0(182)) - Cluster exits safe mode
2021-01-08 04:47:11,783 [DatanodeAdminManager-0] INFO  node.DatanodeAdminMonitorImpl (DatanodeAdminMonitorImpl.java:checkContainersReplicatedOnNode(297)) - 689c23cd-66ac-4afb-b938-b7ca1102e3b6{ip: 172.17.0.2, host: 36857d2baa53, networkLocation: /default-rack, certSerialId: null, persistedOpState: ENTERING_MAINTENANCE, persistedOpStateExpiryEpochSec: 0} has 0 sufficientlyReplicated, 2 underReplicated and 0 unhealthy containers
2021-01-08 04:47:11,783 [DatanodeAdminManager-0] INFO  node.DatanodeAdminMonitorImpl (DatanodeAdminMonitorImpl.java:checkContainersReplicatedOnNode(297)) - 7c042e84-4356-40d3-8d58-8573f50c8ed6{ip: 172.17.0.2, host: 36857d2baa53, networkLocation: /default-rack, certSerialId: null, persistedOpState: ENTERING_MAINTENANCE, persistedOpStateExpiryEpochSec: 0} has 0 sufficientlyReplicated, 2 underReplicated and 0 unhealthy containers
2021-01-08 04:47:11,783 [DatanodeAdminManager-0] INFO  node.DatanodeAdminMonitorImpl (DatanodeAdminMonitorImpl.java:checkContainersReplicatedOnNode(297)) - c1649de0-22a9-4a2d-8f9f-08808ec0c035{ip: 172.17.0.2, host: 36857d2baa53, networkLocation: /default-rack, certSerialId: null, persistedOpState: ENTERING_MAINTENANCE, persistedOpStateExpiryEpochSec: 0} has 0 sufficientlyReplicated, 2 underReplicated and 0 unhealthy containers
2021-01-08 04:47:11,783 [DatanodeAdminManager-0] INFO  node.DatanodeAdminMonitorImpl (DatanodeAdminMonitorImpl.java:run(136)) - There are 3 nodes tracked for decommission and maintenance. 0 pending nodes.
2021-01-08 04:47:12,783 [DatanodeAdminManager-0] INFO  node.DatanodeAdminMonitorImpl (DatanodeAdminMonitorImpl.java:checkContainersReplicatedOnNode(297)) - 689c23cd-66ac-4afb-b938-b7ca1102e3b6{ip: 172.17.0.2, host: 36857d2baa53, networkLocation: /default-rack, certSerialId: null, persistedOpState: ENTERING_MAINTENANCE, persistedOpStateExpiryEpochSec: 0} has 0 sufficientlyReplicated, 2 underReplicated and 0 unhealthy containers
2021-01-08 04:47:12,783 [DatanodeAdminManager-0] INFO  node.DatanodeAdminMonitorImpl (DatanodeAdminMonitorImpl.java:checkContainersReplicatedOnNode(297)) - 7c042e84-4356-40d3-8d58-8573f50c8ed6{ip: 172.17.0.2, host: 36857d2baa53, networkLocation: /default-rack, certSerialId: null, persistedOpState: ENTERING_MAINTENANCE, persistedOpStateExpiryEpochSec: 0} has 0 sufficientlyReplicated, 2 underReplicated and 0 unhealthy containers
2021-01-08 04:47:12,783 [DatanodeAdminManager-0] INFO  node.DatanodeAdminMonitorImpl (DatanodeAdminMonitorImpl.java:checkContainersReplicatedOnNode(297)) - c1649de0-22a9-4a2d-8f9f-08808ec0c035{ip: 172.17.0.2, host: 36857d2baa53, networkLocation: /default-rack, certSerialId: null, persistedOpState: ENTERING_MAINTENANCE, persistedOpStateExpiryEpochSec: 0} has 0 sufficientlyReplicated, 2 underReplicated and 0 unhealthy containers
2021-01-08 04:47:12,783 [DatanodeAdminManager-0] INFO  node.DatanodeAdminMonitorImpl (DatanodeAdminMonitorImpl.java:run(136)) - There are 3 nodes tracked for decommission and maintenance. 0 pending nodes.
2021-01-08 04:47:13,750 [EventQueue-Delayed safe mode statusForReplicationManager] INFO  container.ReplicationManager (ReplicationManager.java:start(186)) - Starting Replication Monitor Thread.
2021-01-08 04:47:13,754 [ReplicationMonitor] INFO  container.ReplicationManager (ReplicationManager.java:forceCloseContainer(633)) - Force closing container #1 with BCSID 55, which is in QUASI_CLOSED state.
2021-01-08 04:47:13,755 [ReplicationMonitor] INFO  container.ReplicationManager (ReplicationManager.java:sendCloseCommand(948)) - Sending close container command for container #1 to datanode c1649de0-22a9-4a2d-8f9f-08808ec0c035{ip: 172.17.0.2, host: 36857d2baa53, networkLocation: /default-rack, certSerialId: null, persistedOpState: ENTERING_MAINTENANCE, persistedOpStateExpiryEpochSec: 0}.
2021-01-08 04:47:13,755 [ReplicationMonitor] INFO  container.ReplicationManager (ReplicationManager.java:sendCloseCommand(948)) - Sending close container command for container #1 to datanode 689c23cd-66ac-4afb-b938-b7ca1102e3b6{ip: 172.17.0.2, host: 36857d2baa53, networkLocation: /default-rack, certSerialId: null, persistedOpState: ENTERING_MAINTENANCE, persistedOpStateExpiryEpochSec: 0}.
2021-01-08 04:47:13,755 [ReplicationMonitor] INFO  container.ReplicationManager (ReplicationManager.java:sendCloseCommand(948)) - Sending close container command for container #1 to datanode 7c042e84-4356-40d3-8d58-8573f50c8ed6{ip: 172.17.0.2, host: 36857d2baa53, networkLocation: /default-rack, certSerialId: null, persistedOpState: ENTERING_MAINTENANCE, persistedOpStateExpiryEpochSec: 0}.
2021-01-08 04:47:13,756 [ReplicationMonitor] INFO  container.ReplicationManager (ReplicationManager.java:forceCloseContainer(633)) - Force closing container #2 with BCSID 51, which is in QUASI_CLOSED state.
2021-01-08 04:47:13,756 [ReplicationMonitor] INFO  container.ReplicationManager (ReplicationManager.java:sendCloseCommand(948)) - Sending close container command for container #2 to datanode 689c23cd-66ac-4afb-b938-b7ca1102e3b6{ip: 172.17.0.2, host: 36857d2baa53, networkLocation: /default-rack, certSerialId: null, persistedOpState: ENTERING_MAINTENANCE, persistedOpStateExpiryEpochSec: 0}.
2021-01-08 04:47:13,756 [ReplicationMonitor] INFO  container.ReplicationManager (ReplicationManager.java:sendCloseCommand(948)) - Sending close container command for container #2 to datanode 7c042e84-4356-40d3-8d58-8573f50c8ed6{ip: 172.17.0.2, host: 36857d2baa53, networkLocation: /default-rack, certSerialId: null, persistedOpState: ENTERING_MAINTENANCE, persistedOpStateExpiryEpochSec: 0}.
2021-01-08 04:47:13,756 [ReplicationMonitor] INFO  container.ReplicationManager (ReplicationManager.java:sendCloseCommand(948)) - Sending close container command for container #2 to datanode c1649de0-22a9-4a2d-8f9f-08808ec0c035{ip: 172.17.0.2, host: 36857d2baa53, networkLocation: /default-rack, certSerialId: null, persistedOpState: ENTERING_MAINTENANCE, persistedOpStateExpiryEpochSec: 0}.
2021-01-08 04:47:13,756 [ReplicationMonitor] INFO  container.ReplicationManager (ReplicationManager.java:run(250)) - Replication Monitor Thread took 3 milliseconds for processing 4 containers.
2021-01-08 04:47:13,783 [DatanodeAdminManager-0] INFO  node.DatanodeAdminMonitorImpl (DatanodeAdminMonitorImpl.java:checkContainersReplicatedOnNode(297)) - 689c23cd-66ac-4afb-b938-b7ca1102e3b6{ip: 172.17.0.2, host: 36857d2baa53, networkLocation: /default-rack, certSerialId: null, persistedOpState: ENTERING_MAINTENANCE, persistedOpStateExpiryEpochSec: 0} has 0 sufficientlyReplicated, 2 underReplicated and 0 unhealthy containers
2021-01-08 04:47:13,783 [DatanodeAdminManager-0] INFO  node.DatanodeAdminMonitorImpl (DatanodeAdminMonitorImpl.java:checkContainersReplicatedOnNode(297)) - 7c042e84-4356-40d3-8d58-8573f50c8ed6{ip: 172.17.0.2, host: 36857d2baa53, networkLocation: /default-rack, certSerialId: null, persistedOpState: ENTERING_MAINTENANCE, persistedOpStateExpiryEpochSec: 0} has 0 sufficientlyReplicated, 2 underReplicated and 0 unhealthy containers
2021-01-08 04:47:13,783 [DatanodeAdminManager-0] INFO  node.DatanodeAdminMonitorImpl (DatanodeAdminMonitorImpl.java:checkContainersReplicatedOnNode(297)) - c1649de0-22a9-4a2d-8f9f-08808ec0c035{ip: 172.17.0.2, host: 36857d2baa53, networkLocation: /default-rack, certSerialId: null, persistedOpState: ENTERING_MAINTENANCE, persistedOpStateExpiryEpochSec: 0} has 0 sufficientlyReplicated, 2 underReplicated and 0 unhealthy containers
2021-01-08 04:47:13,783 [DatanodeAdminManager-0] INFO  node.DatanodeAdminMonitorImpl (DatanodeAdminMonitorImpl.java:run(136)) - There are 3 nodes tracked for decommission and maintenance. 0 pending nodes.
2021-01-08 04:47:14,756 [ReplicationMonitor] INFO  container.ReplicationManager (ReplicationManager.java:forceCloseContainer(633)) - Force closing container #1 with BCSID 55, which is in QUASI_CLOSED state.
2021-01-08 04:47:14,757 [ReplicationMonitor] INFO  container.ReplicationManager (ReplicationManager.java:sendCloseCommand(948)) - Sending close container command for container #1 to datanode c1649de0-22a9-4a2d-8f9f-08808ec0c035{ip: 172.17.0.2, host: 36857d2baa53, networkLocation: /default-rack, certSerialId: null, persistedOpState: ENTERING_MAINTENANCE, persistedOpStateExpiryEpochSec: 0}.
2021-01-08 04:47:14,757 [ReplicationMonitor] INFO  container.ReplicationManager (ReplicationManager.java:sendCloseCommand(948)) - Sending close container command for container #1 to datanode 689c23cd-66ac-4afb-b938-b7ca1102e3b6{ip: 172.17.0.2, host: 36857d2baa53, networkLocation: /default-rack, certSerialId: null, persistedOpState: ENTERING_MAINTENANCE, persistedOpStateExpiryEpochSec: 0}.
2021-01-08 04:47:14,757 [ReplicationMonitor] INFO  container.ReplicationManager (ReplicationManager.java:sendCloseCommand(948)) - Sending close container command for container #1 to datanode 7c042e84-4356-40d3-8d58-8573f50c8ed6{ip: 172.17.0.2, host: 36857d2baa53, networkLocation: /default-rack, certSerialId: null, persistedOpState: ENTERING_MAINTENANCE, persistedOpStateExpiryEpochSec: 0}.
2021-01-08 04:47:14,757 [ReplicationMonitor] INFO  container.ReplicationManager (ReplicationManager.java:forceCloseContainer(633)) - Force closing container #2 with BCSID 51, which is in QUASI_CLOSED state.
2021-01-08 04:47:14,757 [ReplicationMonitor] INFO  container.ReplicationManager (ReplicationManager.java:sendCloseCommand(948)) - Sending close container command for container #2 to datanode 689c23cd-66ac-4afb-b938-b7ca1102e3b6{ip: 172.17.0.2, host: 36857d2baa53, networkLocation: /default-rack, certSerialId: null, persistedOpState: ENTERING_MAINTENANCE, persistedOpStateExpiryEpochSec: 0}.
2021-01-08 04:47:14,757 [ReplicationMonitor] INFO  container.ReplicationManager (ReplicationManager.java:sendCloseCommand(948)) - Sending close container command for container #2 to datanode 7c042e84-4356-40d3-8d58-8573f50c8ed6{ip: 172.17.0.2, host: 36857d2baa53, networkLocation: /default-rack, certSerialId: null, persistedOpState: ENTERING_MAINTENANCE, persistedOpStateExpiryEpochSec: 0}.
2021-01-08 04:47:14,757 [ReplicationMonitor] INFO  container.ReplicationManager (ReplicationManager.java:sendCloseCommand(948)) - Sending close container command for container #2 to datanode c1649de0-22a9-4a2d-8f9f-08808ec0c035{ip: 172.17.0.2, host: 36857d2baa53, networkLocation: /default-rack, certSerialId: null, persistedOpState: ENTERING_MAINTENANCE, persistedOpStateExpiryEpochSec: 0}.
2021-01-08 04:47:14,757 [ReplicationMonitor] INFO  container.ReplicationManager (ReplicationManager.java:run(250)) - Replication Monitor Thread took 1 milliseconds for processing 4 containers.
2021-01-08 04:47:14,783 [DatanodeAdminManager-0] INFO  node.DatanodeAdminMonitorImpl (DatanodeAdminMonitorImpl.java:checkContainersReplicatedOnNode(297)) - 689c23cd-66ac-4afb-b938-b7ca1102e3b6{ip: 172.17.0.2, host: 36857d2baa53, networkLocation: /default-rack, certSerialId: null, persistedOpState: ENTERING_MAINTENANCE, persistedOpStateExpiryEpochSec: 0} has 0 sufficientlyReplicated, 2 underReplicated and 0 unhealthy containers
2021-01-08 04:47:14,783 [DatanodeAdminManager-0] INFO  node.DatanodeAdminMonitorImpl (DatanodeAdminMonitorImpl.java:checkContainersReplicatedOnNode(297)) - 7c042e84-4356-40d3-8d58-8573f50c8ed6{ip: 172.17.0.2, host: 36857d2baa53, networkLocation: /default-rack, certSerialId: null, persistedOpState: ENTERING_MAINTENANCE, persistedOpStateExpiryEpochSec: 0} has 0 sufficientlyReplicated, 2 underReplicated and 0 unhealthy containers
2021-01-08 04:47:14,783 [DatanodeAdminManager-0] INFO  node.DatanodeAdminMonitorImpl (DatanodeAdminMonitorImpl.java:checkContainersReplicatedOnNode(297)) - c1649de0-22a9-4a2d-8f9f-08808ec0c035{ip: 172.17.0.2, host: 36857d2baa53, networkLocation: /default-rack, certSerialId: null, persistedOpState: ENTERING_MAINTENANCE, persistedOpStateExpiryEpochSec: 0} has 0 sufficientlyReplicated, 2 underReplicated and 0 unhealthy containers
2021-01-08 04:47:14,783 [DatanodeAdminManager-0] INFO  node.DatanodeAdminMonitorImpl (DatanodeAdminMonitorImpl.java:run(136)) - There are 3 nodes tracked for decommission and maintenance. 0 pending nodes.
2021-01-08 04:47:15,461 [Command processor thread] INFO  keyvalue.KeyValueContainer (KeyValueContainer.java:flushAndSyncDB(388)) - Container 1 is synced with bcsId 55.
2021-01-08 04:47:15,461 [Command processor thread] INFO  keyvalue.KeyValueContainer (KeyValueContainer.java:flushAndSyncDB(388)) - Container 1 is synced with bcsId 55.
2021-01-08 04:47:15,463 [Command processor thread] INFO  keyvalue.KeyValueContainer (KeyValueContainer.java:close(326)) - Container 1 is closed with bcsId 55.
2021-01-08 04:47:15,463 [Command processor thread] INFO  keyvalue.KeyValueContainer (KeyValueContainer.java:flushAndSyncDB(388)) - Container 2 is synced with bcsId 51.
2021-01-08 04:47:15,463 [Command processor thread] INFO  keyvalue.KeyValueContainer (KeyValueContainer.java:flushAndSyncDB(388)) - Container 2 is synced with bcsId 51.
2021-01-08 04:47:15,466 [Command processor thread] INFO  keyvalue.KeyValueContainer (KeyValueContainer.java:close(326)) - Container 2 is closed with bcsId 51.
2021-01-08 04:47:15,466 [EventQueue-IncrementalContainerReportForIncrementalContainerReportHandler] INFO  container.IncrementalContainerReportHandler (AbstractContainerReportHandler.java:updateContainerState(241)) - Moving container #1 to CLOSED state, datanode c1649de0-22a9-4a2d-8f9f-08808ec0c035{ip: 172.17.0.2, host: 36857d2baa53, networkLocation: /default-rack, certSerialId: null, persistedOpState: ENTERING_MAINTENANCE, persistedOpStateExpiryEpochSec: 0} reported CLOSED replica.
2021-01-08 04:47:15,467 [EventQueue-IncrementalContainerReportForIncrementalContainerReportHandler] INFO  container.IncrementalContainerReportHandler (AbstractContainerReportHandler.java:updateContainerState(241)) - Moving container #2 to CLOSED state, datanode c1649de0-22a9-4a2d-8f9f-08808ec0c035{ip: 172.17.0.2, host: 36857d2baa53, networkLocation: /default-rack, certSerialId: null, persistedOpState: ENTERING_MAINTENANCE, persistedOpStateExpiryEpochSec: 0} reported CLOSED replica.
2021-01-08 04:47:15,758 [ReplicationMonitor] INFO  container.ReplicationManager (ReplicationManager.java:handleUnderReplicatedContainer(722)) - Container #1 is under replicated. Expected replica count is 3, but found 1.
2021-01-08 04:47:15,758 [ReplicationMonitor] INFO  container.ReplicationManager (ReplicationManager.java:sendReplicateCommand(970)) - Sending replicate container command for container #1 to datanode 24be368e-9912-49e9-b36f-3be1586466e8{ip: 172.17.0.2, host: 36857d2baa53, networkLocation: /default-rack, certSerialId: null, persistedOpState: IN_SERVICE, persistedOpStateExpiryEpochSec: 0}
2021-01-08 04:47:15,758 [ReplicationMonitor] INFO  container.ReplicationManager (ReplicationManager.java:sendReplicateCommand(970)) - Sending replicate container command for container #1 to datanode 027ea797-585b-4d73-a004-b5fa2cd87a42{ip: 172.17.0.2, host: 36857d2baa53, networkLocation: /default-rack, certSerialId: null, persistedOpState: IN_SERVICE, persistedOpStateExpiryEpochSec: 0}
2021-01-08 04:47:15,758 [ReplicationMonitor] INFO  container.ReplicationManager (ReplicationManager.java:handleUnderReplicatedContainer(722)) - Container #2 is under replicated. Expected replica count is 3, but found 1.
2021-01-08 04:47:15,758 [ReplicationMonitor] INFO  container.ReplicationManager (ReplicationManager.java:sendReplicateCommand(970)) - Sending replicate container command for container #2 to datanode 027ea797-585b-4d73-a004-b5fa2cd87a42{ip: 172.17.0.2, host: 36857d2baa53, networkLocation: /default-rack, certSerialId: null, persistedOpState: IN_SERVICE, persistedOpStateExpiryEpochSec: 0}
2021-01-08 04:47:15,758 [ReplicationMonitor] INFO  container.ReplicationManager (ReplicationManager.java:sendReplicateCommand(970)) - Sending replicate container command for container #2 to datanode 24be368e-9912-49e9-b36f-3be1586466e8{ip: 172.17.0.2, host: 36857d2baa53, networkLocation: /default-rack, certSerialId: null, persistedOpState: IN_SERVICE, persistedOpStateExpiryEpochSec: 0}
2021-01-08 04:47:15,758 [ReplicationMonitor] INFO  container.ReplicationManager (ReplicationManager.java:run(250)) - Replication Monitor Thread took 1 milliseconds for processing 4 containers.
2021-01-08 04:47:15,783 [DatanodeAdminManager-0] INFO  node.DatanodeAdminMonitorImpl (DatanodeAdminMonitorImpl.java:checkContainersReplicatedOnNode(297)) - 689c23cd-66ac-4afb-b938-b7ca1102e3b6{ip: 172.17.0.2, host: 36857d2baa53, networkLocation: /default-rack, certSerialId: null, persistedOpState: ENTERING_MAINTENANCE, persistedOpStateExpiryEpochSec: 0} has 0 sufficientlyReplicated, 2 underReplicated and 0 unhealthy containers
2021-01-08 04:47:15,783 [DatanodeAdminManager-0] INFO  node.DatanodeAdminMonitorImpl (DatanodeAdminMonitorImpl.java:checkContainersReplicatedOnNode(297)) - 7c042e84-4356-40d3-8d58-8573f50c8ed6{ip: 172.17.0.2, host: 36857d2baa53, networkLocation: /default-rack, certSerialId: null, persistedOpState: ENTERING_MAINTENANCE, persistedOpStateExpiryEpochSec: 0} has 0 sufficientlyReplicated, 2 underReplicated and 0 unhealthy containers
2021-01-08 04:47:15,783 [DatanodeAdminManager-0] INFO  node.DatanodeAdminMonitorImpl (DatanodeAdminMonitorImpl.java:checkContainersReplicatedOnNode(297)) - c1649de0-22a9-4a2d-8f9f-08808ec0c035{ip: 172.17.0.2, host: 36857d2baa53, networkLocation: /default-rack, certSerialId: null, persistedOpState: ENTERING_MAINTENANCE, persistedOpStateExpiryEpochSec: 0} has 0 sufficientlyReplicated, 2 underReplicated and 0 unhealthy containers
2021-01-08 04:47:15,783 [DatanodeAdminManager-0] INFO  node.DatanodeAdminMonitorImpl (DatanodeAdminMonitorImpl.java:run(136)) - There are 3 nodes tracked for decommission and maintenance. 0 pending nodes.
2021-01-08 04:47:16,467 [Command processor thread] INFO  keyvalue.KeyValueContainer (KeyValueContainer.java:flushAndSyncDB(388)) - Container 1 is synced with bcsId 55.
2021-01-08 04:47:16,468 [Command processor thread] INFO  keyvalue.KeyValueContainer (KeyValueContainer.java:flushAndSyncDB(388)) - Container 1 is synced with bcsId 55.
2021-01-08 04:47:16,470 [Command processor thread] INFO  keyvalue.KeyValueContainer (KeyValueContainer.java:close(326)) - Container 1 is closed with bcsId 55.
2021-01-08 04:47:16,470 [Command processor thread] INFO  keyvalue.KeyValueContainer (KeyValueContainer.java:flushAndSyncDB(388)) - Container 2 is synced with bcsId 51.
2021-01-08 04:47:16,471 [Command processor thread] INFO  keyvalue.KeyValueContainer (KeyValueContainer.java:flushAndSyncDB(388)) - Container 2 is synced with bcsId 51.
2021-01-08 04:47:16,472 [Command processor thread] INFO  keyvalue.KeyValueContainer (KeyValueContainer.java:flushAndSyncDB(388)) - Container 1 is synced with bcsId 55.
2021-01-08 04:47:16,472 [Command processor thread] INFO  keyvalue.KeyValueContainer (KeyValueContainer.java:flushAndSyncDB(388)) - Container 1 is synced with bcsId 55.
2021-01-08 04:47:16,472 [Command processor thread] INFO  keyvalue.KeyValueContainer (KeyValueContainer.java:close(326)) - Container 2 is closed with bcsId 51.
2021-01-08 04:47:16,475 [Command processor thread] INFO  keyvalue.KeyValueContainer (KeyValueContainer.java:close(326)) - Container 1 is closed with bcsId 55.
2021-01-08 04:47:16,475 [Command processor thread] INFO  keyvalue.KeyValueContainer (KeyValueContainer.java:flushAndSyncDB(388)) - Container 2 is synced with bcsId 51.
2021-01-08 04:47:16,475 [Command processor thread] INFO  keyvalue.KeyValueContainer (KeyValueContainer.java:flushAndSyncDB(388)) - Container 2 is synced with bcsId 51.
2021-01-08 04:47:16,477 [Command processor thread] INFO  keyvalue.KeyValueContainer (KeyValueContainer.java:close(326)) - Container 2 is closed with bcsId 51.
2021-01-08 04:47:16,759 [ReplicationMonitor] INFO  container.ReplicationManager (ReplicationManager.java:run(250)) - Replication Monitor Thread took 0 milliseconds for processing 4 containers.
2021-01-08 04:47:16,783 [DatanodeAdminManager-0] INFO  node.DatanodeAdminMonitorImpl (DatanodeAdminMonitorImpl.java:checkContainersReplicatedOnNode(297)) - 689c23cd-66ac-4afb-b938-b7ca1102e3b6{ip: 172.17.0.2, host: 36857d2baa53, networkLocation: /default-rack, certSerialId: null, persistedOpState: ENTERING_MAINTENANCE, persistedOpStateExpiryEpochSec: 0} has 0 sufficientlyReplicated, 2 underReplicated and 0 unhealthy containers
2021-01-08 04:47:16,783 [DatanodeAdminManager-0] INFO  node.DatanodeAdminMonitorImpl (DatanodeAdminMonitorImpl.java:checkContainersReplicatedOnNode(297)) - 7c042e84-4356-40d3-8d58-8573f50c8ed6{ip: 172.17.0.2, host: 36857d2baa53, networkLocation: /default-rack, certSerialId: null, persistedOpState: ENTERING_MAINTENANCE, persistedOpStateExpiryEpochSec: 0} has 0 sufficientlyReplicated, 2 underReplicated and 0 unhealthy containers
2021-01-08 04:47:16,783 [DatanodeAdminManager-0] INFO  node.DatanodeAdminMonitorImpl (DatanodeAdminMonitorImpl.java:checkContainersReplicatedOnNode(297)) - c1649de0-22a9-4a2d-8f9f-08808ec0c035{ip: 172.17.0.2, host: 36857d2baa53, networkLocation: /default-rack, certSerialId: null, persistedOpState: ENTERING_MAINTENANCE, persistedOpStateExpiryEpochSec: 0} has 0 sufficientlyReplicated, 2 underReplicated and 0 unhealthy containers
2021-01-08 04:47:16,783 [DatanodeAdminManager-0] INFO  node.DatanodeAdminMonitorImpl (DatanodeAdminMonitorImpl.java:run(136)) - There are 3 nodes tracked for decommission and maintenance. 0 pending nodes.
2021-01-08 04:47:17,745 [ContainerReplicationThread-0] INFO  replication.DownloadAndImportReplicator (DownloadAndImportReplicator.java:replicate(106)) - Starting replication of container 1 from [c1649de0-22a9-4a2d-8f9f-08808ec0c035{ip: 172.17.0.2, host: 36857d2baa53, networkLocation: /default-rack, certSerialId: null, persistedOpState: ENTERING_MAINTENANCE, persistedOpStateExpiryEpochSec: 0}, 689c23cd-66ac-4afb-b938-b7ca1102e3b6{ip: 172.17.0.2, host: 36857d2baa53, networkLocation: /default-rack, certSerialId: null, persistedOpState: ENTERING_MAINTENANCE, persistedOpStateExpiryEpochSec: 0}, 7c042e84-4356-40d3-8d58-8573f50c8ed6{ip: 172.17.0.2, host: 36857d2baa53, networkLocation: /default-rack, certSerialId: null, persistedOpState: ENTERING_MAINTENANCE, persistedOpStateExpiryEpochSec: 0}]
2021-01-08 04:47:17,746 [ContainerReplicationThread-1] INFO  replication.DownloadAndImportReplicator (DownloadAndImportReplicator.java:replicate(106)) - Starting replication of container 2 from [689c23cd-66ac-4afb-b938-b7ca1102e3b6{ip: 172.17.0.2, host: 36857d2baa53, networkLocation: /default-rack, certSerialId: null, persistedOpState: ENTERING_MAINTENANCE, persistedOpStateExpiryEpochSec: 0}, 7c042e84-4356-40d3-8d58-8573f50c8ed6{ip: 172.17.0.2, host: 36857d2baa53, networkLocation: /default-rack, certSerialId: null, persistedOpState: ENTERING_MAINTENANCE, persistedOpStateExpiryEpochSec: 0}, c1649de0-22a9-4a2d-8f9f-08808ec0c035{ip: 172.17.0.2, host: 36857d2baa53, networkLocation: /default-rack, certSerialId: null, persistedOpState: ENTERING_MAINTENANCE, persistedOpStateExpiryEpochSec: 0}]
2021-01-08 04:47:17,751 [grpc-default-executor-3] INFO  replication.GrpcReplicationService (GrpcReplicationService.java:download(52)) - Streaming container data (2) to other datanode
2021-01-08 04:47:17,760 [ReplicationMonitor] INFO  container.ReplicationManager (ReplicationManager.java:run(250)) - Replication Monitor Thread took 0 milliseconds for processing 4 containers.
2021-01-08 04:47:17,761 [grpc-default-executor-3] INFO  replication.GrpcOutputStream (GrpcOutputStream.java:close(104)) - Sent 10829 bytes for container 2
2021-01-08 04:47:17,762 [grpc-default-executor-0] INFO  replication.GrpcReplicationClient (GrpcReplicationClient.java:onCompleted(186)) - Container 2 is downloaded to /github/workspace/mnt/ozone/hadoop-ozone/integration-test/target/test-dir/MiniOzoneClusterImpl-8e553afa-60cb-4a34-8c5d-9ccb1efc285c/datanode-2/data/replication/work/container-2.tar.gz
2021-01-08 04:47:17,762 [grpc-default-executor-4] INFO  replication.GrpcReplicationService (GrpcReplicationService.java:download(52)) - Streaming container data (1) to other datanode
2021-01-08 04:47:17,764 [ContainerReplicationThread-1] INFO  replication.DownloadAndImportReplicator (DownloadAndImportReplicator.java:replicate(117)) - Container 2 is downloaded, starting to import.
2021-01-08 04:47:17,775 [grpc-default-executor-4] INFO  replication.GrpcOutputStream (GrpcOutputStream.java:close(104)) - Sent 10815 bytes for container 1
2021-01-08 04:47:17,776 [grpc-default-executor-0] INFO  replication.GrpcReplicationClient (GrpcReplicationClient.java:onCompleted(186)) - Container 1 is downloaded to /github/workspace/mnt/ozone/hadoop-ozone/integration-test/target/test-dir/MiniOzoneClusterImpl-8e553afa-60cb-4a34-8c5d-9ccb1efc285c/datanode-2/data/replication/work/container-1.tar.gz
2021-01-08 04:47:17,780 [ContainerReplicationThread-0] INFO  replication.DownloadAndImportReplicator (DownloadAndImportReplicator.java:replicate(117)) - Container 1 is downloaded, starting to import.
2021-01-08 04:47:17,783 [DatanodeAdminManager-0] INFO  node.DatanodeAdminMonitorImpl (DatanodeAdminMonitorImpl.java:checkContainersReplicatedOnNode(297)) - 689c23cd-66ac-4afb-b938-b7ca1102e3b6{ip: 172.17.0.2, host: 36857d2baa53, networkLocation: /default-rack, certSerialId: null, persistedOpState: ENTERING_MAINTENANCE, persistedOpStateExpiryEpochSec: 0} has 0 sufficientlyReplicated, 2 underReplicated and 0 unhealthy containers
2021-01-08 04:47:17,783 [DatanodeAdminManager-0] INFO  node.DatanodeAdminMonitorImpl (DatanodeAdminMonitorImpl.java:checkContainersReplicatedOnNode(297)) - 7c042e84-4356-40d3-8d58-8573f50c8ed6{ip: 172.17.0.2, host: 36857d2baa53, networkLocation: /default-rack, certSerialId: null, persistedOpState: ENTERING_MAINTENANCE, persistedOpStateExpiryEpochSec: 0} has 0 sufficientlyReplicated, 2 underReplicated and 0 unhealthy containers
2021-01-08 04:47:17,783 [DatanodeAdminManager-0] INFO  node.DatanodeAdminMonitorImpl (DatanodeAdminMonitorImpl.java:checkContainersReplicatedOnNode(297)) - c1649de0-22a9-4a2d-8f9f-08808ec0c035{ip: 172.17.0.2, host: 36857d2baa53, networkLocation: /default-rack, certSerialId: null, persistedOpState: ENTERING_MAINTENANCE, persistedOpStateExpiryEpochSec: 0} has 0 sufficientlyReplicated, 2 underReplicated and 0 unhealthy containers
2021-01-08 04:47:17,783 [DatanodeAdminManager-0] INFO  node.DatanodeAdminMonitorImpl (DatanodeAdminMonitorImpl.java:run(136)) - There are 3 nodes tracked for decommission and maintenance. 0 pending nodes.
2021-01-08 04:47:17,797 [ContainerReplicationThread-1] INFO  replication.DownloadAndImportReplicator (DownloadAndImportReplicator.java:replicate(120)) - Container 2 is replicated successfully
2021-01-08 04:47:17,797 [ContainerReplicationThread-1] INFO  replication.ReplicationSupervisor (ReplicationSupervisor.java:run(146)) - Container 2 is replicated.
2021-01-08 04:47:17,802 [ContainerReplicationThread-0] INFO  replication.DownloadAndImportReplicator (DownloadAndImportReplicator.java:replicate(120)) - Container 1 is replicated successfully
2021-01-08 04:47:17,802 [ContainerReplicationThread-0] INFO  replication.ReplicationSupervisor (ReplicationSupervisor.java:run(146)) - Container 1 is replicated.
2021-01-08 04:47:18,739 [ContainerReplicationThread-0] INFO  replication.DownloadAndImportReplicator (DownloadAndImportReplicator.java:replicate(106)) - Starting replication of container 1 from [c1649de0-22a9-4a2d-8f9f-08808ec0c035{ip: 172.17.0.2, host: 36857d2baa53, networkLocation: /default-rack, certSerialId: null, persistedOpState: ENTERING_MAINTENANCE, persistedOpStateExpiryEpochSec: 0}, 689c23cd-66ac-4afb-b938-b7ca1102e3b6{ip: 172.17.0.2, host: 36857d2baa53, networkLocation: /default-rack, certSerialId: null, persistedOpState: ENTERING_MAINTENANCE, persistedOpStateExpiryEpochSec: 0}, 7c042e84-4356-40d3-8d58-8573f50c8ed6{ip: 172.17.0.2, host: 36857d2baa53, networkLocation: /default-rack, certSerialId: null, persistedOpState: ENTERING_MAINTENANCE, persistedOpStateExpiryEpochSec: 0}]
2021-01-08 04:47:18,739 [ContainerReplicationThread-1] INFO  replication.DownloadAndImportReplicator (DownloadAndImportReplicator.java:replicate(106)) - Starting replication of container 2 from [689c23cd-66ac-4afb-b938-b7ca1102e3b6{ip: 172.17.0.2, host: 36857d2baa53, networkLocation: /default-rack, certSerialId: null, persistedOpState: ENTERING_MAINTENANCE, persistedOpStateExpiryEpochSec: 0}, 7c042e84-4356-40d3-8d58-8573f50c8ed6{ip: 172.17.0.2, host: 36857d2baa53, networkLocation: /default-rack, certSerialId: null, persistedOpState: ENTERING_MAINTENANCE, persistedOpStateExpiryEpochSec: 0}, c1649de0-22a9-4a2d-8f9f-08808ec0c035{ip: 172.17.0.2, host: 36857d2baa53, networkLocation: /default-rack, certSerialId: null, persistedOpState: ENTERING_MAINTENANCE, persistedOpStateExpiryEpochSec: 0}]
2021-01-08 04:47:18,747 [grpc-default-executor-0] INFO  replication.GrpcReplicationService (GrpcReplicationService.java:download(52)) - Streaming container data (2) to other datanode
2021-01-08 04:47:18,749 [grpc-default-executor-4] INFO  replication.GrpcReplicationService (GrpcReplicationService.java:download(52)) - Streaming container data (1) to other datanode
2021-01-08 04:47:18,760 [ReplicationMonitor] INFO  container.ReplicationManager (ReplicationManager.java:run(250)) - Replication Monitor Thread took 0 milliseconds for processing 4 containers.
2021-01-08 04:47:18,784 [DatanodeAdminManager-0] INFO  node.DatanodeAdminMonitorImpl (DatanodeAdminMonitorImpl.java:checkContainersReplicatedOnNode(297)) - 689c23cd-66ac-4afb-b938-b7ca1102e3b6{ip: 172.17.0.2, host: 36857d2baa53, networkLocation: /default-rack, certSerialId: null, persistedOpState: ENTERING_MAINTENANCE, persistedOpStateExpiryEpochSec: 0} has 0 sufficientlyReplicated, 2 underReplicated and 0 unhealthy containers
2021-01-08 04:47:18,784 [DatanodeAdminManager-0] INFO  node.DatanodeAdminMonitorImpl (DatanodeAdminMonitorImpl.java:checkContainersReplicatedOnNode(297)) - 7c042e84-4356-40d3-8d58-8573f50c8ed6{ip: 172.17.0.2, host: 36857d2baa53, networkLocation: /default-rack, certSerialId: null, persistedOpState: ENTERING_MAINTENANCE, persistedOpStateExpiryEpochSec: 0} has 0 sufficientlyReplicated, 2 underReplicated and 0 unhealthy containers
2021-01-08 04:47:18,784 [DatanodeAdminManager-0] INFO  node.DatanodeAdminMonitorImpl (DatanodeAdminMonitorImpl.java:checkContainersReplicatedOnNode(297)) - c1649de0-22a9-4a2d-8f9f-08808ec0c035{ip: 172.17.0.2, host: 36857d2baa53, networkLocation: /default-rack, certSerialId: null, persistedOpState: ENTERING_MAINTENANCE, persistedOpStateExpiryEpochSec: 0} has 0 sufficientlyReplicated, 2 underReplicated and 0 unhealthy containers
2021-01-08 04:47:18,784 [DatanodeAdminManager-0] INFO  node.DatanodeAdminMonitorImpl (DatanodeAdminMonitorImpl.java:run(136)) - There are 3 nodes tracked for decommission and maintenance. 0 pending nodes.
2021-01-08 04:47:18,784 [grpc-default-executor-4] INFO  replication.GrpcOutputStream (GrpcOutputStream.java:close(104)) - Sent 19512 bytes for container 1
2021-01-08 04:47:18,784 [grpc-default-executor-0] INFO  replication.GrpcOutputStream (GrpcOutputStream.java:close(104)) - Sent 19604 bytes for container 2
2021-01-08 04:47:18,788 [grpc-default-executor-0] INFO  replication.GrpcReplicationClient (GrpcReplicationClient.java:onCompleted(186)) - Container 2 is downloaded to /github/workspace/mnt/ozone/hadoop-ozone/integration-test/target/test-dir/MiniOzoneClusterImpl-8e553afa-60cb-4a34-8c5d-9ccb1efc285c/datanode-0/data/replication/work/container-2.tar.gz
2021-01-08 04:47:18,788 [grpc-default-executor-4] INFO  replication.GrpcReplicationClient (GrpcReplicationClient.java:onCompleted(186)) - Container 1 is downloaded to /github/workspace/mnt/ozone/hadoop-ozone/integration-test/target/test-dir/MiniOzoneClusterImpl-8e553afa-60cb-4a34-8c5d-9ccb1efc285c/datanode-0/data/replication/work/container-1.tar.gz
2021-01-08 04:47:18,790 [ContainerReplicationThread-0] INFO  replication.DownloadAndImportReplicator (DownloadAndImportReplicator.java:replicate(117)) - Container 1 is downloaded, starting to import.
2021-01-08 04:47:18,795 [ContainerReplicationThread-1] INFO  replication.DownloadAndImportReplicator (DownloadAndImportReplicator.java:replicate(117)) - Container 2 is downloaded, starting to import.
2021-01-08 04:47:18,819 [ContainerReplicationThread-1] INFO  replication.DownloadAndImportReplicator (DownloadAndImportReplicator.java:replicate(120)) - Container 2 is replicated successfully
2021-01-08 04:47:18,819 [ContainerReplicationThread-1] INFO  replication.ReplicationSupervisor (ReplicationSupervisor.java:run(146)) - Container 2 is replicated.
2021-01-08 04:47:18,819 [ContainerReplicationThread-0] INFO  replication.DownloadAndImportReplicator (DownloadAndImportReplicator.java:replicate(120)) - Container 1 is replicated successfully
2021-01-08 04:47:18,819 [ContainerReplicationThread-0] INFO  replication.ReplicationSupervisor (ReplicationSupervisor.java:run(146)) - Container 1 is replicated.
2021-01-08 04:47:19,761 [ReplicationMonitor] INFO  container.ReplicationManager (ReplicationManager.java:run(250)) - Replication Monitor Thread took 0 milliseconds for processing 4 containers.
2021-01-08 04:47:19,783 [DatanodeAdminManager-0] INFO  node.DatanodeAdminMonitorImpl (DatanodeAdminMonitorImpl.java:checkContainersReplicatedOnNode(297)) - 689c23cd-66ac-4afb-b938-b7ca1102e3b6{ip: 172.17.0.2, host: 36857d2baa53, networkLocation: /default-rack, certSerialId: null, persistedOpState: ENTERING_MAINTENANCE, persistedOpStateExpiryEpochSec: 0} has 2 sufficientlyReplicated, 0 underReplicated and 0 unhealthy containers
2021-01-08 04:47:19,783 [DatanodeAdminManager-0] INFO  node.DatanodeAdminMonitorImpl (DatanodeAdminMonitorImpl.java:putIntoMaintenance(313)) - Datanode 689c23cd-66ac-4afb-b938-b7ca1102e3b6{ip: 172.17.0.2, host: 36857d2baa53, networkLocation: /default-rack, certSerialId: null, persistedOpState: ENTERING_MAINTENANCE, persistedOpStateExpiryEpochSec: 0} has entered maintenance
2021-01-08 04:47:19,783 [DatanodeAdminManager-0] INFO  node.DatanodeAdminMonitorImpl (DatanodeAdminMonitorImpl.java:checkContainersReplicatedOnNode(297)) - 7c042e84-4356-40d3-8d58-8573f50c8ed6{ip: 172.17.0.2, host: 36857d2baa53, networkLocation: /default-rack, certSerialId: null, persistedOpState: ENTERING_MAINTENANCE, persistedOpStateExpiryEpochSec: 0} has 2 sufficientlyReplicated, 0 underReplicated and 0 unhealthy containers
2021-01-08 04:47:19,784 [DatanodeAdminManager-0] INFO  node.DatanodeAdminMonitorImpl (DatanodeAdminMonitorImpl.java:putIntoMaintenance(313)) - Datanode 7c042e84-4356-40d3-8d58-8573f50c8ed6{ip: 172.17.0.2, host: 36857d2baa53, networkLocation: /default-rack, certSerialId: null, persistedOpState: ENTERING_MAINTENANCE, persistedOpStateExpiryEpochSec: 0} has entered maintenance
2021-01-08 04:47:19,784 [DatanodeAdminManager-0] INFO  node.DatanodeAdminMonitorImpl (DatanodeAdminMonitorImpl.java:checkContainersReplicatedOnNode(297)) - c1649de0-22a9-4a2d-8f9f-08808ec0c035{ip: 172.17.0.2, host: 36857d2baa53, networkLocation: /default-rack, certSerialId: null, persistedOpState: ENTERING_MAINTENANCE, persistedOpStateExpiryEpochSec: 0} has 2 sufficientlyReplicated, 0 underReplicated and 0 unhealthy containers
2021-01-08 04:47:19,784 [DatanodeAdminManager-0] INFO  node.DatanodeAdminMonitorImpl (DatanodeAdminMonitorImpl.java:putIntoMaintenance(313)) - Datanode c1649de0-22a9-4a2d-8f9f-08808ec0c035{ip: 172.17.0.2, host: 36857d2baa53, networkLocation: /default-rack, certSerialId: null, persistedOpState: ENTERING_MAINTENANCE, persistedOpStateExpiryEpochSec: 0} has entered maintenance
2021-01-08 04:47:19,784 [DatanodeAdminManager-0] INFO  node.DatanodeAdminMonitorImpl (DatanodeAdminMonitorImpl.java:run(136)) - There are 3 nodes tracked for decommission and maintenance. 0 pending nodes.
2021-01-08 04:47:19,873 [Listener at 0.0.0.0/34827] INFO  ozone.MiniOzoneClusterImpl (MiniOzoneClusterImpl.java:shutdown(389)) - Shutting down the Mini Ozone Cluster
2021-01-08 04:47:19,874 [Listener at 0.0.0.0/34827] INFO  ozone.MiniOzoneClusterImpl (MiniOzoneClusterImpl.java:stop(404)) - Stopping the Mini Ozone Cluster
2021-01-08 04:47:19,874 [Listener at 0.0.0.0/34827] INFO  ozone.MiniOzoneClusterImpl (MiniOzoneClusterImpl.java:stopOM(486)) - Stopping the OzoneManager
2021-01-08 04:47:19,874 [Listener at 0.0.0.0/34827] INFO  ipc.Server (Server.java:stop(3359)) - Stopping server on 45829
2021-01-08 04:47:19,878 [IPC Server listener on 0] INFO  ipc.Server (Server.java:run(1330)) - Stopping IPC Server listener on 0
2021-01-08 04:47:19,879 [Listener at 0.0.0.0/34827] INFO  ratis.OzoneManagerDoubleBuffer (OzoneManagerDoubleBuffer.java:stop(425)) - Stopping OMDoubleBuffer flush thread
2021-01-08 04:47:19,879 [IPC Server Responder] INFO  ipc.Server (Server.java:run(1465)) - Stopping IPC Server Responder
2021-01-08 04:47:19,879 [OMDoubleBufferFlushThread] INFO  ratis.OzoneManagerDoubleBuffer (OzoneManagerDoubleBuffer.java:flushTransactions(352)) - OMDoubleBuffer flush thread OMDoubleBufferFlushThread is interrupted and will exit. OMDoubleBufferFlushThread
2021-01-08 04:47:19,880 [Listener at 0.0.0.0/34827] INFO  utils.BackgroundService (BackgroundService.java:shutdown(132)) - Shutting down service KeyDeletingService
2021-01-08 04:47:19,880 [Listener at 0.0.0.0/34827] INFO  handler.ContextHandler (ContextHandler.java:doStop(1154)) - Stopped o.e.j.w.WebAppContext@2441e2d3{ozoneManager,/,null,STOPPED}{file:/github/workspace/mnt/ozone/hadoop-ozone/integration-test/target/test-classes/webapps/ozoneManager}
2021-01-08 04:47:19,881 [Listener at 0.0.0.0/34827] INFO  server.AbstractConnector (AbstractConnector.java:doStop(381)) - Stopped ServerConnector@39012a67{HTTP/1.1, (http/1.1)}{0.0.0.0:0}
2021-01-08 04:47:19,881 [Listener at 0.0.0.0/34827] INFO  server.session (HouseKeeper.java:stopScavenging(149)) - node0 Stopped scavenging
2021-01-08 04:47:19,881 [Listener at 0.0.0.0/34827] INFO  handler.ContextHandler (ContextHandler.java:doStop(1154)) - Stopped o.e.j.s.ServletContextHandler@927e34d{static,/static,file:///github/workspace/mnt/ozone/hadoop-ozone/integration-test/target/test-classes/webapps/static,STOPPED}
2021-01-08 04:47:19,881 [Listener at 0.0.0.0/34827] INFO  handler.ContextHandler (ContextHandler.java:doStop(1154)) - Stopped o.e.j.s.ServletContextHandler@954e5d5{logs,/logs,file:///github/workspace/mnt/ozone/hadoop-ozone/integration-test/target/log,STOPPED}
2021-01-08 04:47:19,883 [Listener at 0.0.0.0/34827] INFO  ozone.MiniOzoneClusterImpl (MiniOzoneClusterImpl.java:stopDatanodes(463)) - Stopping the HddsDatanodes
2021-01-08 04:47:20,467 [IPC Server handler 8 on default port 36571] INFO  node.SCMNodeManager (SCMNodeManager.java:updateDatanodeOpState(419)) - Scheduling a command to update the operationalState persisted on the datanode as the reported value (ENTERING_MAINTENANCE, 0) does not match the value stored in SCM (IN_MAINTENANCE, 0)
2021-01-08 04:47:20,472 [Datanode State Machine Thread - 0] INFO  statemachine.DatanodeStateMachine (DatanodeStateMachine.java:lambda$startDaemon$0(408)) - Ozone container server started.
2021-01-08 04:47:20,478 [IPC Server handler 1 on default port 36571] INFO  node.SCMNodeManager (SCMNodeManager.java:updateDatanodeOpState(419)) - Scheduling a command to update the operationalState persisted on the datanode as the reported value (ENTERING_MAINTENANCE, 0) does not match the value stored in SCM (IN_MAINTENANCE, 0)
2021-01-08 04:47:20,747 [Datanode State Machine Thread - 0] INFO  statemachine.DatanodeStateMachine (DatanodeStateMachine.java:lambda$startDaemon$0(408)) - Ozone container server started.
2021-01-08 04:47:20,761 [ReplicationMonitor] INFO  container.ReplicationManager (ReplicationManager.java:handleUnderReplicatedContainer(722)) - Container #1 is under replicated. Expected replica count is 3, but found 2.
2021-01-08 04:47:20,761 [ReplicationMonitor] INFO  container.ReplicationManager (ReplicationManager.java:sendReplicateCommand(970)) - Sending replicate container command for container #1 to datanode 24be368e-9912-49e9-b36f-3be1586466e8{ip: 172.17.0.2, host: 36857d2baa53, networkLocation: /default-rack, certSerialId: null, persistedOpState: IN_SERVICE, persistedOpStateExpiryEpochSec: 0}
2021-01-08 04:47:20,762 [ReplicationMonitor] INFO  container.ReplicationManager (ReplicationManager.java:handleUnderReplicatedContainer(722)) - Container #2 is under replicated. Expected replica count is 3, but found 2.
2021-01-08 04:47:20,762 [ReplicationMonitor] INFO  container.ReplicationManager (ReplicationManager.java:sendReplicateCommand(970)) - Sending replicate container command for container #2 to datanode 55aa2eb3-e7d2-43c8-9100-77f9e6fde891{ip: 172.17.0.2, host: 36857d2baa53, networkLocation: /default-rack, certSerialId: null, persistedOpState: IN_SERVICE, persistedOpStateExpiryEpochSec: 0}
2021-01-08 04:47:20,762 [ReplicationMonitor] INFO  container.ReplicationManager (ReplicationManager.java:run(250)) - Replication Monitor Thread took 0 milliseconds for processing 4 containers.
2021-01-08 04:47:20,783 [DatanodeAdminManager-0] INFO  node.DatanodeAdminMonitorImpl (DatanodeAdminMonitorImpl.java:run(136)) - There are 3 nodes tracked for decommission and maintenance. 0 pending nodes.
2021-01-08 04:47:20,812 [Listener at 0.0.0.0/34827] INFO  ozoneimpl.OzoneContainer (OzoneContainer.java:stop(273)) - Attempting to stop container services.
2021-01-08 04:47:20,812 [Listener at 0.0.0.0/34827] INFO  server.RaftServer (RaftServerProxy.java:lambda$close$6(389)) - 7c042e84-4356-40d3-8d58-8573f50c8ed6: close
2021-01-08 04:47:20,813 [Listener at 0.0.0.0/34827] INFO  server.GrpcService (GrpcService.java:closeImpl(183)) - 7c042e84-4356-40d3-8d58-8573f50c8ed6: shutdown server with port 35077 now
2021-01-08 04:47:20,816 [Listener at 0.0.0.0/34827] INFO  server.GrpcService (GrpcService.java:closeImpl(192)) - 7c042e84-4356-40d3-8d58-8573f50c8ed6: shutdown server with port 35077 successfully
2021-01-08 04:47:20,816 [org.apache.ratis.util.JvmPauseMonitor$$Lambda$223/318830336@5c8fd689] INFO  util.JvmPauseMonitor (JvmPauseMonitor.java:run(109)) - JvmPauseMonitor-7c042e84-4356-40d3-8d58-8573f50c8ed6: Stopped
2021-01-08 04:47:20,817 [Listener at 0.0.0.0/34827] INFO  utils.BackgroundService (BackgroundService.java:shutdown(132)) - Shutting down service BlockDeletingService
2021-01-08 04:47:20,820 [Listener at 0.0.0.0/34827] INFO  statemachine.DatanodeStateMachine (DatanodeStateMachine.java:stopDaemon(461)) - Ozone container server stopped.
2021-01-08 04:47:20,831 [Listener at 0.0.0.0/34827] INFO  handler.ContextHandler (ContextHandler.java:doStop(1154)) - Stopped o.e.j.w.WebAppContext@44bb068c{hddsDatanode,/,null,STOPPED}{jar:file:/home/user/.m2/repository/org/apache/hadoop/hadoop-hdds-container-service/1.1.0-SNAPSHOT/hadoop-hdds-container-service-1.1.0-SNAPSHOT.jar!/webapps/hddsDatanode}
2021-01-08 04:47:20,831 [Listener at 0.0.0.0/34827] INFO  server.AbstractConnector (AbstractConnector.java:doStop(381)) - Stopped ServerConnector@7f385cbe{HTTP/1.1, (http/1.1)}{0.0.0.0:0}
2021-01-08 04:47:20,831 [Listener at 0.0.0.0/34827] INFO  server.session (HouseKeeper.java:stopScavenging(149)) - node0 Stopped scavenging
2021-01-08 04:47:20,832 [Listener at 0.0.0.0/34827] INFO  handler.ContextHandler (ContextHandler.java:doStop(1154)) - Stopped o.e.j.s.ServletContextHandler@f498ae5{static,/static,jar:file:/home/user/.m2/repository/org/apache/hadoop/hadoop-hdds-container-service/1.1.0-SNAPSHOT/hadoop-hdds-container-service-1.1.0-SNAPSHOT.jar!/webapps/static,STOPPED}
2021-01-08 04:47:20,832 [Listener at 0.0.0.0/34827] INFO  handler.ContextHandler (ContextHandler.java:doStop(1154)) - Stopped o.e.j.s.ServletContextHandler@204fb56d{logs,/logs,file:///github/workspace/mnt/ozone/hadoop-ozone/integration-test/target/log,STOPPED}
2021-01-08 04:47:21,069 [ForkJoinPool.commonPool-worker-1] INFO  ozoneimpl.OzoneContainer (OzoneContainer.java:stop(273)) - Attempting to stop container services.
2021-01-08 04:47:21,070 [ForkJoinPool.commonPool-worker-1] INFO  server.RaftServer (RaftServerProxy.java:lambda$close$6(389)) - 55aa2eb3-e7d2-43c8-9100-77f9e6fde891: close
2021-01-08 04:47:21,070 [ForkJoinPool.commonPool-worker-1] INFO  server.RaftServer$Division (RaftServerImpl.java:lambda$close$4(405)) - 55aa2eb3-e7d2-43c8-9100-77f9e6fde891@group-6B5012D43B73: shutdown
2021-01-08 04:47:21,070 [ForkJoinPool.commonPool-worker-1] INFO  util.JmxRegister (JmxRegister.java:unregister(73)) - Successfully un-registered JMX Bean with object name Ratis:service=RaftServer,group=group-6B5012D43B73,id=55aa2eb3-e7d2-43c8-9100-77f9e6fde891
2021-01-08 04:47:21,070 [ForkJoinPool.commonPool-worker-1] INFO  impl.RoleInfo (RoleInfo.java:shutdownFollowerState(108)) - 55aa2eb3-e7d2-43c8-9100-77f9e6fde891: shutdown 55aa2eb3-e7d2-43c8-9100-77f9e6fde891@group-6B5012D43B73-FollowerState
2021-01-08 04:47:21,070 [ForkJoinPool.commonPool-worker-1] INFO  impl.StateMachineUpdater (StateMachineUpdater.java:stopAndJoin(148)) - 55aa2eb3-e7d2-43c8-9100-77f9e6fde891@group-6B5012D43B73-StateMachineUpdater: set stopIndex = 19
2021-01-08 04:47:21,070 [Thread-5904] INFO  impl.FollowerState (FollowerState.java:run(142)) - 55aa2eb3-e7d2-43c8-9100-77f9e6fde891@group-6B5012D43B73-FollowerState was interrupted: {}
java.lang.InterruptedException: sleep interrupted
	at java.lang.Thread.sleep(Native Method)
	at java.lang.Thread.sleep(Thread.java:340)
	at java.util.concurrent.TimeUnit.sleep(TimeUnit.java:386)
	at org.apache.ratis.util.TimeDuration.sleep(TimeDuration.java:324)
	at org.apache.ratis.util.TimeDuration.sleep(TimeDuration.java:309)
	at org.apache.ratis.server.impl.FollowerState.run(FollowerState.java:117)
2021-01-08 04:47:21,071 [55aa2eb3-e7d2-43c8-9100-77f9e6fde891@group-6B5012D43B73-StateMachineUpdater] INFO  ratis.ContainerStateMachine (ContainerStateMachine.java:takeSnapshot(291)) - group-6B5012D43B73: Taking a snapshot at:(t:2, i:19) file /github/workspace/mnt/ozone/hadoop-ozone/integration-test/target/test-dir/MiniOzoneClusterImpl-8e553afa-60cb-4a34-8c5d-9ccb1efc285c/datanode-1/data/ratis/dae6ff18-9ef8-4c63-9f66-6b5012d43b73/sm/snapshot.2_19
2021-01-08 04:47:21,073 [55aa2eb3-e7d2-43c8-9100-77f9e6fde891@group-6B5012D43B73-StateMachineUpdater] INFO  ratis.ContainerStateMachine (ContainerStateMachine.java:takeSnapshot(302)) - group-6B5012D43B73: Finished taking a snapshot at:(t:2, i:19) file:/github/workspace/mnt/ozone/hadoop-ozone/integration-test/target/test-dir/MiniOzoneClusterImpl-8e553afa-60cb-4a34-8c5d-9ccb1efc285c/datanode-1/data/ratis/dae6ff18-9ef8-4c63-9f66-6b5012d43b73/sm/snapshot.2_19 took: 1 ms
2021-01-08 04:47:21,073 [55aa2eb3-e7d2-43c8-9100-77f9e6fde891@group-6B5012D43B73-StateMachineUpdater] INFO  impl.StateMachineUpdater (StateMachineUpdater.java:takeSnapshot(279)) - 55aa2eb3-e7d2-43c8-9100-77f9e6fde891@group-6B5012D43B73-StateMachineUpdater: Took a snapshot at index 19
2021-01-08 04:47:21,073 [55aa2eb3-e7d2-43c8-9100-77f9e6fde891@group-6B5012D43B73-StateMachineUpdater] INFO  impl.StateMachineUpdater (StateMachineUpdater.java:lambda$new$0(88)) - 55aa2eb3-e7d2-43c8-9100-77f9e6fde891@group-6B5012D43B73-StateMachineUpdater: snapshotIndex: updateIncreasingly -1 -> 19
2021-01-08 04:47:21,073 [55aa2eb3-e7d2-43c8-9100-77f9e6fde891@group-6B5012D43B73-StateMachineUpdater] INFO  metrics.RatisMetrics (RatisMetrics.java:unregister(43)) - Unregistering Metrics Registry : ratis.state_machine.55aa2eb3-e7d2-43c8-9100-77f9e6fde891@group-6B5012D43B73
2021-01-08 04:47:21,073 [ForkJoinPool.commonPool-worker-1] INFO  server.RaftServer$Division (ServerState.java:close(400)) - 55aa2eb3-e7d2-43c8-9100-77f9e6fde891@group-6B5012D43B73: closes. applyIndex: 19
2021-01-08 04:47:21,074 [55aa2eb3-e7d2-43c8-9100-77f9e6fde891@group-6B5012D43B73-SegmentedRaftLogWorker] INFO  segmented.SegmentedRaftLogWorker (SegmentedRaftLogWorker.java:run(326)) - 55aa2eb3-e7d2-43c8-9100-77f9e6fde891@group-6B5012D43B73-SegmentedRaftLogWorker was interrupted, exiting. There are 0 tasks remaining in the queue.
2021-01-08 04:47:21,074 [ForkJoinPool.commonPool-worker-1] INFO  segmented.SegmentedRaftLogWorker (SegmentedRaftLogWorker.java:close(236)) - 55aa2eb3-e7d2-43c8-9100-77f9e6fde891@group-6B5012D43B73-SegmentedRaftLogWorker close()
2021-01-08 04:47:21,075 [ForkJoinPool.commonPool-worker-1] INFO  metrics.RatisMetrics (RatisMetrics.java:unregister(43)) - Unregistering Metrics Registry : ratis.log_worker.55aa2eb3-e7d2-43c8-9100-77f9e6fde891@group-6B5012D43B73
2021-01-08 04:47:21,075 [ForkJoinPool.commonPool-worker-1] INFO  metrics.RatisMetrics (RatisMetrics.java:unregister(43)) - Unregistering Metrics Registry : ratis.leader_election.55aa2eb3-e7d2-43c8-9100-77f9e6fde891@group-6B5012D43B73
2021-01-08 04:47:21,075 [ForkJoinPool.commonPool-worker-1] INFO  metrics.RatisMetrics (RatisMetrics.java:unregister(43)) - Unregistering Metrics Registry : ratis.server.55aa2eb3-e7d2-43c8-9100-77f9e6fde891@group-6B5012D43B73
2021-01-08 04:47:21,075 [ForkJoinPool.commonPool-worker-1] INFO  server.RaftServer$Division (RaftServerImpl.java:lambda$close$4(405)) - 55aa2eb3-e7d2-43c8-9100-77f9e6fde891@group-9340E0DB6825: shutdown
2021-01-08 04:47:21,075 [ForkJoinPool.commonPool-worker-1] INFO  util.JmxRegister (JmxRegister.java:unregister(73)) - Successfully un-registered JMX Bean with object name Ratis:service=RaftServer,group=group-9340E0DB6825,id=55aa2eb3-e7d2-43c8-9100-77f9e6fde891
2021-01-08 04:47:21,076 [ForkJoinPool.commonPool-worker-1] INFO  impl.RoleInfo (RoleInfo.java:shutdownLeaderState(91)) - 55aa2eb3-e7d2-43c8-9100-77f9e6fde891: shutdown 55aa2eb3-e7d2-43c8-9100-77f9e6fde891@group-9340E0DB6825-LeaderStateImpl
2021-01-08 04:47:21,076 [ForkJoinPool.commonPool-worker-1] INFO  impl.PendingRequests (PendingRequests.java:sendNotLeaderResponses(249)) - 55aa2eb3-e7d2-43c8-9100-77f9e6fde891@group-9340E0DB6825-PendingRequests: sendNotLeaderResponses
2021-01-08 04:47:21,076 [ForkJoinPool.commonPool-worker-1] INFO  metrics.RatisMetrics (RatisMetrics.java:unregister(43)) - Unregistering Metrics Registry : ratis.log_appender.55aa2eb3-e7d2-43c8-9100-77f9e6fde891@group-9340E0DB6825
2021-01-08 04:47:21,076 [ForkJoinPool.commonPool-worker-1] INFO  metrics.RatisMetrics (RatisMetrics.java:unregister(43)) - Unregistering Metrics Registry : ratis.server.55aa2eb3-e7d2-43c8-9100-77f9e6fde891@group-9340E0DB6825
2021-01-08 04:47:21,077 [ForkJoinPool.commonPool-worker-1] INFO  impl.StateMachineUpdater (StateMachineUpdater.java:stopAndJoin(148)) - 55aa2eb3-e7d2-43c8-9100-77f9e6fde891@group-9340E0DB6825-StateMachineUpdater: set stopIndex = 0
2021-01-08 04:47:21,078 [55aa2eb3-e7d2-43c8-9100-77f9e6fde891@group-9340E0DB6825-StateMachineUpdater] INFO  ratis.ContainerStateMachine (ContainerStateMachine.java:takeSnapshot(291)) - group-9340E0DB6825: Taking a snapshot at:(t:1, i:0) file /github/workspace/mnt/ozone/hadoop-ozone/integration-test/target/test-dir/MiniOzoneClusterImpl-8e553afa-60cb-4a34-8c5d-9ccb1efc285c/datanode-1/data/ratis/629994de-218d-4344-8a88-9340e0db6825/sm/snapshot.1_0
2021-01-08 04:47:21,078 [55aa2eb3-e7d2-43c8-9100-77f9e6fde891@group-9340E0DB6825-StateMachineUpdater] INFO  ratis.ContainerStateMachine (ContainerStateMachine.java:takeSnapshot(302)) - group-9340E0DB6825: Finished taking a snapshot at:(t:1, i:0) file:/github/workspace/mnt/ozone/hadoop-ozone/integration-test/target/test-dir/MiniOzoneClusterImpl-8e553afa-60cb-4a34-8c5d-9ccb1efc285c/datanode-1/data/ratis/629994de-218d-4344-8a88-9340e0db6825/sm/snapshot.1_0 took: 0 ms
2021-01-08 04:47:21,079 [55aa2eb3-e7d2-43c8-9100-77f9e6fde891@group-9340E0DB6825-StateMachineUpdater] INFO  impl.StateMachineUpdater (StateMachineUpdater.java:takeSnapshot(279)) - 55aa2eb3-e7d2-43c8-9100-77f9e6fde891@group-9340E0DB6825-StateMachineUpdater: Took a snapshot at index 0
2021-01-08 04:47:21,079 [55aa2eb3-e7d2-43c8-9100-77f9e6fde891@group-9340E0DB6825-StateMachineUpdater] INFO  impl.StateMachineUpdater (StateMachineUpdater.java:lambda$new$0(88)) - 55aa2eb3-e7d2-43c8-9100-77f9e6fde891@group-9340E0DB6825-StateMachineUpdater: snapshotIndex: updateIncreasingly -1 -> 0
2021-01-08 04:47:21,079 [55aa2eb3-e7d2-43c8-9100-77f9e6fde891@group-9340E0DB6825-StateMachineUpdater] INFO  metrics.RatisMetrics (RatisMetrics.java:unregister(43)) - Unregistering Metrics Registry : ratis.state_machine.55aa2eb3-e7d2-43c8-9100-77f9e6fde891@group-9340E0DB6825
2021-01-08 04:47:21,079 [ForkJoinPool.commonPool-worker-1] INFO  server.RaftServer$Division (ServerState.java:close(400)) - 55aa2eb3-e7d2-43c8-9100-77f9e6fde891@group-9340E0DB6825: closes. applyIndex: 0
2021-01-08 04:47:21,079 [55aa2eb3-e7d2-43c8-9100-77f9e6fde891@group-9340E0DB6825-SegmentedRaftLogWorker] INFO  segmented.SegmentedRaftLogWorker (SegmentedRaftLogWorker.java:run(326)) - 55aa2eb3-e7d2-43c8-9100-77f9e6fde891@group-9340E0DB6825-SegmentedRaftLogWorker was interrupted, exiting. There are 0 tasks remaining in the queue.
2021-01-08 04:47:21,079 [ForkJoinPool.commonPool-worker-1] INFO  segmented.SegmentedRaftLogWorker (SegmentedRaftLogWorker.java:close(236)) - 55aa2eb3-e7d2-43c8-9100-77f9e6fde891@group-9340E0DB6825-SegmentedRaftLogWorker close()
2021-01-08 04:47:21,080 [ForkJoinPool.commonPool-worker-1] INFO  metrics.RatisMetrics (RatisMetrics.java:unregister(43)) - Unregistering Metrics Registry : ratis.log_worker.55aa2eb3-e7d2-43c8-9100-77f9e6fde891@group-9340E0DB6825
2021-01-08 04:47:21,080 [ForkJoinPool.commonPool-worker-1] INFO  metrics.RatisMetrics (RatisMetrics.java:unregister(43)) - Unregistering Metrics Registry : ratis.leader_election.55aa2eb3-e7d2-43c8-9100-77f9e6fde891@group-9340E0DB6825
2021-01-08 04:47:21,080 [ForkJoinPool.commonPool-worker-1] INFO  metrics.RatisMetrics (RatisMetrics.java:unregister(43)) - Unregistering Metrics Registry : ratis.server.55aa2eb3-e7d2-43c8-9100-77f9e6fde891@group-9340E0DB6825
2021-01-08 04:47:21,081 [ForkJoinPool.commonPool-worker-1] INFO  server.GrpcService (GrpcService.java:closeImpl(183)) - 55aa2eb3-e7d2-43c8-9100-77f9e6fde891: shutdown server with port 35207 now
2021-01-08 04:47:21,084 [grpc-default-executor-0] WARN  server.GrpcServerProtocolService (LogUtils.java:warn(122)) - 55aa2eb3-e7d2-43c8-9100-77f9e6fde891: installSnapshot onError, lastRequest: 24be368e-9912-49e9-b36f-3be1586466e8->55aa2eb3-e7d2-43c8-9100-77f9e6fde891#468-t2,previous=(t:2, i:18),leaderCommit=17,initializing? true,entries: size=1, first=(t:2, i:19), METADATAENTRY(c:17): org.apache.ratis.thirdparty.io.grpc.StatusRuntimeException: CANCELLED: cancelled before receiving half close
2021-01-08 04:47:21,084 [grpc-default-executor-3] WARN  server.GrpcLogAppender (LogUtils.java:warn(122)) - 24be368e-9912-49e9-b36f-3be1586466e8@group-6B5012D43B73->55aa2eb3-e7d2-43c8-9100-77f9e6fde891-AppendLogResponseHandler: Failed appendEntries: org.apache.ratis.thirdparty.io.grpc.StatusRuntimeException: CANCELLED: HTTP/2 error code: CANCEL
Received Rst Stream
2021-01-08 04:47:21,084 [grpc-default-executor-3] INFO  leader.FollowerInfo (FollowerInfoImpl.java:lambda$new$0(46)) - 24be368e-9912-49e9-b36f-3be1586466e8@group-6B5012D43B73->55aa2eb3-e7d2-43c8-9100-77f9e6fde891: nextIndex: updateUnconditionally 20 -> 19
2021-01-08 04:47:21,088 [ForkJoinPool.commonPool-worker-1] INFO  server.GrpcService (GrpcService.java:closeImpl(192)) - 55aa2eb3-e7d2-43c8-9100-77f9e6fde891: shutdown server with port 35207 successfully
2021-01-08 04:47:21,088 [org.apache.ratis.util.JvmPauseMonitor$$Lambda$223/318830336@5efd1a10] INFO  util.JvmPauseMonitor (JvmPauseMonitor.java:run(109)) - JvmPauseMonitor-55aa2eb3-e7d2-43c8-9100-77f9e6fde891: Stopped
2021-01-08 04:47:21,090 [ForkJoinPool.commonPool-worker-1] INFO  utils.BackgroundService (BackgroundService.java:shutdown(132)) - Shutting down service BlockDeletingService
2021-01-08 04:47:21,092 [grpc-default-executor-0] WARN  server.GrpcLogAppender (LogUtils.java:warn(122)) - 24be368e-9912-49e9-b36f-3be1586466e8@group-6B5012D43B73->55aa2eb3-e7d2-43c8-9100-77f9e6fde891-AppendLogResponseHandler: Failed appendEntries: org.apache.ratis.thirdparty.io.grpc.StatusRuntimeException: UNAVAILABLE: io exception
2021-01-08 04:47:21,093 [grpc-default-executor-0] INFO  leader.FollowerInfo (FollowerInfoImpl.java:lambda$new$0(46)) - 24be368e-9912-49e9-b36f-3be1586466e8@group-6B5012D43B73->55aa2eb3-e7d2-43c8-9100-77f9e6fde891: nextIndex: updateUnconditionally 20 -> 19
2021-01-08 04:47:21,096 [ForkJoinPool.commonPool-worker-1] INFO  statemachine.DatanodeStateMachine (DatanodeStateMachine.java:stopDaemon(461)) - Ozone container server stopped.
2021-01-08 04:47:21,107 [ForkJoinPool.commonPool-worker-1] INFO  handler.ContextHandler (ContextHandler.java:doStop(1154)) - Stopped o.e.j.w.WebAppContext@7cfc07ef{hddsDatanode,/,null,STOPPED}{jar:file:/home/user/.m2/repository/org/apache/hadoop/hadoop-hdds-container-service/1.1.0-SNAPSHOT/hadoop-hdds-container-service-1.1.0-SNAPSHOT.jar!/webapps/hddsDatanode}
2021-01-08 04:47:21,109 [ForkJoinPool.commonPool-worker-1] INFO  server.AbstractConnector (AbstractConnector.java:doStop(381)) - Stopped ServerConnector@69a3e1ef{HTTP/1.1, (http/1.1)}{0.0.0.0:0}
2021-01-08 04:47:21,110 [ForkJoinPool.commonPool-worker-1] INFO  server.session (HouseKeeper.java:stopScavenging(149)) - node0 Stopped scavenging
2021-01-08 04:47:21,111 [ForkJoinPool.commonPool-worker-1] INFO  handler.ContextHandler (ContextHandler.java:doStop(1154)) - Stopped o.e.j.s.ServletContextHandler@3770cb15{static,/static,jar:file:/home/user/.m2/repository/org/apache/hadoop/hadoop-hdds-container-service/1.1.0-SNAPSHOT/hadoop-hdds-container-service-1.1.0-SNAPSHOT.jar!/webapps/static,STOPPED}
2021-01-08 04:47:21,111 [ForkJoinPool.commonPool-worker-1] INFO  handler.ContextHandler (ContextHandler.java:doStop(1154)) - Stopped o.e.j.s.ServletContextHandler@d2df0f5{logs,/logs,file:///github/workspace/mnt/ozone/hadoop-ozone/integration-test/target/log,STOPPED}
2021-01-08 04:47:21,230 [Datanode State Machine Thread - 0] INFO  statemachine.DatanodeStateMachine (DatanodeStateMachine.java:lambda$startDaemon$0(408)) - Ozone container server started.
2021-01-08 04:47:21,231 [Listener at 0.0.0.0/34827] INFO  ozoneimpl.OzoneContainer (OzoneContainer.java:stop(273)) - Attempting to stop container services.
2021-01-08 04:47:21,231 [Listener at 0.0.0.0/34827] INFO  server.RaftServer (RaftServerProxy.java:lambda$close$6(389)) - 689c23cd-66ac-4afb-b938-b7ca1102e3b6: close
2021-01-08 04:47:21,231 [Listener at 0.0.0.0/34827] INFO  server.GrpcService (GrpcService.java:closeImpl(183)) - 689c23cd-66ac-4afb-b938-b7ca1102e3b6: shutdown server with port 43779 now
2021-01-08 04:47:21,232 [Listener at 0.0.0.0/34827] INFO  server.GrpcService (GrpcService.java:closeImpl(192)) - 689c23cd-66ac-4afb-b938-b7ca1102e3b6: shutdown server with port 43779 successfully
2021-01-08 04:47:21,232 [org.apache.ratis.util.JvmPauseMonitor$$Lambda$223/318830336@33302ffe] INFO  util.JvmPauseMonitor (JvmPauseMonitor.java:run(109)) - JvmPauseMonitor-689c23cd-66ac-4afb-b938-b7ca1102e3b6: Stopped
2021-01-08 04:47:21,234 [Listener at 0.0.0.0/34827] INFO  utils.BackgroundService (BackgroundService.java:shutdown(132)) - Shutting down service BlockDeletingService
2021-01-08 04:47:21,236 [Listener at 0.0.0.0/34827] INFO  statemachine.DatanodeStateMachine (DatanodeStateMachine.java:stopDaemon(461)) - Ozone container server stopped.
2021-01-08 04:47:21,246 [Listener at 0.0.0.0/34827] INFO  handler.ContextHandler (ContextHandler.java:doStop(1154)) - Stopped o.e.j.w.WebAppContext@8a8e1f7{hddsDatanode,/,null,STOPPED}{jar:file:/home/user/.m2/repository/org/apache/hadoop/hadoop-hdds-container-service/1.1.0-SNAPSHOT/hadoop-hdds-container-service-1.1.0-SNAPSHOT.jar!/webapps/hddsDatanode}
2021-01-08 04:47:21,247 [Listener at 0.0.0.0/34827] INFO  server.AbstractConnector (AbstractConnector.java:doStop(381)) - Stopped ServerConnector@62f5d080{HTTP/1.1, (http/1.1)}{0.0.0.0:0}
2021-01-08 04:47:21,247 [Listener at 0.0.0.0/34827] INFO  server.session (HouseKeeper.java:stopScavenging(149)) - node0 Stopped scavenging
2021-01-08 04:47:21,247 [Listener at 0.0.0.0/34827] INFO  handler.ContextHandler (ContextHandler.java:doStop(1154)) - Stopped o.e.j.s.ServletContextHandler@7b4c8fa9{static,/static,jar:file:/home/user/.m2/repository/org/apache/hadoop/hadoop-hdds-container-service/1.1.0-SNAPSHOT/hadoop-hdds-container-service-1.1.0-SNAPSHOT.jar!/webapps/static,STOPPED}
2021-01-08 04:47:21,247 [Listener at 0.0.0.0/34827] INFO  handler.ContextHandler (ContextHandler.java:doStop(1154)) - Stopped o.e.j.s.ServletContextHandler@34953064{logs,/logs,file:///github/workspace/mnt/ozone/hadoop-ozone/integration-test/target/log,STOPPED}
2021-01-08 04:47:21,466 [Datanode State Machine Thread - 0] INFO  statemachine.DatanodeStateMachine (DatanodeStateMachine.java:lambda$startDaemon$0(408)) - Ozone container server started.
2021-01-08 04:47:21,762 [ReplicationMonitor] INFO  container.ReplicationManager (ReplicationManager.java:run(250)) - Replication Monitor Thread took 0 milliseconds for processing 4 containers.
2021-01-08 04:47:21,783 [DatanodeAdminManager-0] INFO  node.DatanodeAdminMonitorImpl (DatanodeAdminMonitorImpl.java:run(136)) - There are 3 nodes tracked for decommission and maintenance. 0 pending nodes.
2021-01-08 04:47:21,803 [Datanode State Machine Thread - 0] INFO  statemachine.DatanodeStateMachine (DatanodeStateMachine.java:lambda$startDaemon$0(408)) - Ozone container server started.
2021-01-08 04:47:22,111 [ForkJoinPool.commonPool-worker-1] INFO  ozoneimpl.OzoneContainer (OzoneContainer.java:stop(273)) - Attempting to stop container services.
2021-01-08 04:47:22,112 [ForkJoinPool.commonPool-worker-1] INFO  server.RaftServer (RaftServerProxy.java:lambda$close$6(389)) - 027ea797-585b-4d73-a004-b5fa2cd87a42: close
2021-01-08 04:47:22,112 [ForkJoinPool.commonPool-worker-1] INFO  server.RaftServer$Division (RaftServerImpl.java:lambda$close$4(405)) - 027ea797-585b-4d73-a004-b5fa2cd87a42@group-6B5012D43B73: shutdown
2021-01-08 04:47:22,112 [ForkJoinPool.commonPool-worker-1] INFO  util.JmxRegister (JmxRegister.java:unregister(73)) - Successfully un-registered JMX Bean with object name Ratis:service=RaftServer,group=group-6B5012D43B73,id=027ea797-585b-4d73-a004-b5fa2cd87a42
2021-01-08 04:47:22,112 [ForkJoinPool.commonPool-worker-1] INFO  impl.RoleInfo (RoleInfo.java:shutdownFollowerState(108)) - 027ea797-585b-4d73-a004-b5fa2cd87a42: shutdown 027ea797-585b-4d73-a004-b5fa2cd87a42@group-6B5012D43B73-FollowerState
2021-01-08 04:47:22,113 [ForkJoinPool.commonPool-worker-1] INFO  impl.StateMachineUpdater (StateMachineUpdater.java:stopAndJoin(148)) - 027ea797-585b-4d73-a004-b5fa2cd87a42@group-6B5012D43B73-StateMachineUpdater: set stopIndex = 19
2021-01-08 04:47:22,113 [027ea797-585b-4d73-a004-b5fa2cd87a42@group-6B5012D43B73-StateMachineUpdater] INFO  ratis.ContainerStateMachine (ContainerStateMachine.java:takeSnapshot(291)) - group-6B5012D43B73: Taking a snapshot at:(t:2, i:19) file /github/workspace/mnt/ozone/hadoop-ozone/integration-test/target/test-dir/MiniOzoneClusterImpl-8e553afa-60cb-4a34-8c5d-9ccb1efc285c/datanode-2/data/ratis/dae6ff18-9ef8-4c63-9f66-6b5012d43b73/sm/snapshot.2_19
2021-01-08 04:47:22,113 [Thread-5905] INFO  impl.FollowerState (FollowerState.java:run(142)) - 027ea797-585b-4d73-a004-b5fa2cd87a42@group-6B5012D43B73-FollowerState was interrupted: {}
java.lang.InterruptedException: sleep interrupted
	at java.lang.Thread.sleep(Native Method)
	at java.lang.Thread.sleep(Thread.java:340)
	at java.util.concurrent.TimeUnit.sleep(TimeUnit.java:386)
	at org.apache.ratis.util.TimeDuration.sleep(TimeDuration.java:324)
	at org.apache.ratis.util.TimeDuration.sleep(TimeDuration.java:309)
	at org.apache.ratis.server.impl.FollowerState.run(FollowerState.java:117)
2021-01-08 04:47:22,114 [027ea797-585b-4d73-a004-b5fa2cd87a42@group-6B5012D43B73-StateMachineUpdater] INFO  ratis.ContainerStateMachine (ContainerStateMachine.java:takeSnapshot(302)) - group-6B5012D43B73: Finished taking a snapshot at:(t:2, i:19) file:/github/workspace/mnt/ozone/hadoop-ozone/integration-test/target/test-dir/MiniOzoneClusterImpl-8e553afa-60cb-4a34-8c5d-9ccb1efc285c/datanode-2/data/ratis/dae6ff18-9ef8-4c63-9f66-6b5012d43b73/sm/snapshot.2_19 took: 1 ms
2021-01-08 04:47:22,115 [027ea797-585b-4d73-a004-b5fa2cd87a42@group-6B5012D43B73-StateMachineUpdater] INFO  impl.StateMachineUpdater (StateMachineUpdater.java:takeSnapshot(279)) - 027ea797-585b-4d73-a004-b5fa2cd87a42@group-6B5012D43B73-StateMachineUpdater: Took a snapshot at index 19
2021-01-08 04:47:22,115 [027ea797-585b-4d73-a004-b5fa2cd87a42@group-6B5012D43B73-StateMachineUpdater] INFO  impl.StateMachineUpdater (StateMachineUpdater.java:lambda$new$0(88)) - 027ea797-585b-4d73-a004-b5fa2cd87a42@group-6B5012D43B73-StateMachineUpdater: snapshotIndex: updateIncreasingly -1 -> 19
2021-01-08 04:47:22,115 [027ea797-585b-4d73-a004-b5fa2cd87a42@group-6B5012D43B73-StateMachineUpdater] INFO  metrics.RatisMetrics (RatisMetrics.java:unregister(43)) - Unregistering Metrics Registry : ratis.state_machine.027ea797-585b-4d73-a004-b5fa2cd87a42@group-6B5012D43B73
2021-01-08 04:47:22,116 [ForkJoinPool.commonPool-worker-1] INFO  server.RaftServer$Division (ServerState.java:close(400)) - 027ea797-585b-4d73-a004-b5fa2cd87a42@group-6B5012D43B73: closes. applyIndex: 19
2021-01-08 04:47:22,117 [027ea797-585b-4d73-a004-b5fa2cd87a42@group-6B5012D43B73-SegmentedRaftLogWorker] INFO  segmented.SegmentedRaftLogWorker (SegmentedRaftLogWorker.java:run(326)) - 027ea797-585b-4d73-a004-b5fa2cd87a42@group-6B5012D43B73-SegmentedRaftLogWorker was interrupted, exiting. There are 0 tasks remaining in the queue.
2021-01-08 04:47:22,117 [ForkJoinPool.commonPool-worker-1] INFO  segmented.SegmentedRaftLogWorker (SegmentedRaftLogWorker.java:close(236)) - 027ea797-585b-4d73-a004-b5fa2cd87a42@group-6B5012D43B73-SegmentedRaftLogWorker close()
2021-01-08 04:47:22,119 [ForkJoinPool.commonPool-worker-1] INFO  metrics.RatisMetrics (RatisMetrics.java:unregister(43)) - Unregistering Metrics Registry : ratis.log_worker.027ea797-585b-4d73-a004-b5fa2cd87a42@group-6B5012D43B73
2021-01-08 04:47:22,120 [ForkJoinPool.commonPool-worker-1] INFO  metrics.RatisMetrics (RatisMetrics.java:unregister(43)) - Unregistering Metrics Registry : ratis.leader_election.027ea797-585b-4d73-a004-b5fa2cd87a42@group-6B5012D43B73
2021-01-08 04:47:22,120 [ForkJoinPool.commonPool-worker-1] INFO  metrics.RatisMetrics (RatisMetrics.java:unregister(43)) - Unregistering Metrics Registry : ratis.server.027ea797-585b-4d73-a004-b5fa2cd87a42@group-6B5012D43B73
2021-01-08 04:47:22,120 [ForkJoinPool.commonPool-worker-1] INFO  server.RaftServer$Division (RaftServerImpl.java:lambda$close$4(405)) - 027ea797-585b-4d73-a004-b5fa2cd87a42@group-7B8723723BAE: shutdown
2021-01-08 04:47:22,120 [ForkJoinPool.commonPool-worker-1] INFO  util.JmxRegister (JmxRegister.java:unregister(73)) - Successfully un-registered JMX Bean with object name Ratis:service=RaftServer,group=group-7B8723723BAE,id=027ea797-585b-4d73-a004-b5fa2cd87a42
2021-01-08 04:47:22,120 [ForkJoinPool.commonPool-worker-1] INFO  impl.RoleInfo (RoleInfo.java:shutdownLeaderState(91)) - 027ea797-585b-4d73-a004-b5fa2cd87a42: shutdown 027ea797-585b-4d73-a004-b5fa2cd87a42@group-7B8723723BAE-LeaderStateImpl
2021-01-08 04:47:22,120 [ForkJoinPool.commonPool-worker-1] INFO  impl.PendingRequests (PendingRequests.java:sendNotLeaderResponses(249)) - 027ea797-585b-4d73-a004-b5fa2cd87a42@group-7B8723723BAE-PendingRequests: sendNotLeaderResponses
2021-01-08 04:47:22,120 [ForkJoinPool.commonPool-worker-1] INFO  metrics.RatisMetrics (RatisMetrics.java:unregister(43)) - Unregistering Metrics Registry : ratis.log_appender.027ea797-585b-4d73-a004-b5fa2cd87a42@group-7B8723723BAE
2021-01-08 04:47:22,121 [ForkJoinPool.commonPool-worker-1] INFO  metrics.RatisMetrics (RatisMetrics.java:unregister(43)) - Unregistering Metrics Registry : ratis.server.027ea797-585b-4d73-a004-b5fa2cd87a42@group-7B8723723BAE
2021-01-08 04:47:22,122 [ForkJoinPool.commonPool-worker-1] INFO  impl.StateMachineUpdater (StateMachineUpdater.java:stopAndJoin(148)) - 027ea797-585b-4d73-a004-b5fa2cd87a42@group-7B8723723BAE-StateMachineUpdater: set stopIndex = 0
2021-01-08 04:47:22,122 [027ea797-585b-4d73-a004-b5fa2cd87a42@group-7B8723723BAE-StateMachineUpdater] INFO  ratis.ContainerStateMachine (ContainerStateMachine.java:takeSnapshot(291)) - group-7B8723723BAE: Taking a snapshot at:(t:1, i:0) file /github/workspace/mnt/ozone/hadoop-ozone/integration-test/target/test-dir/MiniOzoneClusterImpl-8e553afa-60cb-4a34-8c5d-9ccb1efc285c/datanode-2/data/ratis/624fe8c8-c66d-4f0e-9e67-7b8723723bae/sm/snapshot.1_0
2021-01-08 04:47:22,123 [027ea797-585b-4d73-a004-b5fa2cd87a42@group-7B8723723BAE-StateMachineUpdater] INFO  ratis.ContainerStateMachine (ContainerStateMachine.java:takeSnapshot(302)) - group-7B8723723BAE: Finished taking a snapshot at:(t:1, i:0) file:/github/workspace/mnt/ozone/hadoop-ozone/integration-test/target/test-dir/MiniOzoneClusterImpl-8e553afa-60cb-4a34-8c5d-9ccb1efc285c/datanode-2/data/ratis/624fe8c8-c66d-4f0e-9e67-7b8723723bae/sm/snapshot.1_0 took: 1 ms
2021-01-08 04:47:22,123 [027ea797-585b-4d73-a004-b5fa2cd87a42@group-7B8723723BAE-StateMachineUpdater] INFO  impl.StateMachineUpdater (StateMachineUpdater.java:takeSnapshot(279)) - 027ea797-585b-4d73-a004-b5fa2cd87a42@group-7B8723723BAE-StateMachineUpdater: Took a snapshot at index 0
2021-01-08 04:47:22,123 [027ea797-585b-4d73-a004-b5fa2cd87a42@group-7B8723723BAE-StateMachineUpdater] INFO  impl.StateMachineUpdater (StateMachineUpdater.java:lambda$new$0(88)) - 027ea797-585b-4d73-a004-b5fa2cd87a42@group-7B8723723BAE-StateMachineUpdater: snapshotIndex: updateIncreasingly -1 -> 0
2021-01-08 04:47:22,123 [027ea797-585b-4d73-a004-b5fa2cd87a42@group-7B8723723BAE-StateMachineUpdater] INFO  metrics.RatisMetrics (RatisMetrics.java:unregister(43)) - Unregistering Metrics Registry : ratis.state_machine.027ea797-585b-4d73-a004-b5fa2cd87a42@group-7B8723723BAE
2021-01-08 04:47:22,124 [ForkJoinPool.commonPool-worker-1] INFO  server.RaftServer$Division (ServerState.java:close(400)) - 027ea797-585b-4d73-a004-b5fa2cd87a42@group-7B8723723BAE: closes. applyIndex: 0
2021-01-08 04:47:22,124 [027ea797-585b-4d73-a004-b5fa2cd87a42@group-7B8723723BAE-SegmentedRaftLogWorker] INFO  segmented.SegmentedRaftLogWorker (SegmentedRaftLogWorker.java:run(326)) - 027ea797-585b-4d73-a004-b5fa2cd87a42@group-7B8723723BAE-SegmentedRaftLogWorker was interrupted, exiting. There are 0 tasks remaining in the queue.
2021-01-08 04:47:22,124 [ForkJoinPool.commonPool-worker-1] INFO  segmented.SegmentedRaftLogWorker (SegmentedRaftLogWorker.java:close(236)) - 027ea797-585b-4d73-a004-b5fa2cd87a42@group-7B8723723BAE-SegmentedRaftLogWorker close()
2021-01-08 04:47:22,124 [ForkJoinPool.commonPool-worker-1] INFO  metrics.RatisMetrics (RatisMetrics.java:unregister(43)) - Unregistering Metrics Registry : ratis.log_worker.027ea797-585b-4d73-a004-b5fa2cd87a42@group-7B8723723BAE
2021-01-08 04:47:22,125 [ForkJoinPool.commonPool-worker-1] INFO  metrics.RatisMetrics (RatisMetrics.java:unregister(43)) - Unregistering Metrics Registry : ratis.leader_election.027ea797-585b-4d73-a004-b5fa2cd87a42@group-7B8723723BAE
2021-01-08 04:47:22,125 [ForkJoinPool.commonPool-worker-1] INFO  metrics.RatisMetrics (RatisMetrics.java:unregister(43)) - Unregistering Metrics Registry : ratis.server.027ea797-585b-4d73-a004-b5fa2cd87a42@group-7B8723723BAE
2021-01-08 04:47:22,125 [ForkJoinPool.commonPool-worker-1] INFO  server.GrpcService (GrpcService.java:closeImpl(183)) - 027ea797-585b-4d73-a004-b5fa2cd87a42: shutdown server with port 43035 now
2021-01-08 04:47:22,130 [grpc-default-executor-3] WARN  server.GrpcServerProtocolService (LogUtils.java:warn(122)) - 027ea797-585b-4d73-a004-b5fa2cd87a42: installSnapshot onError, lastRequest: 24be368e-9912-49e9-b36f-3be1586466e8->027ea797-585b-4d73-a004-b5fa2cd87a42#307-t2,previous=(t:2, i:18),leaderCommit=17,initializing? true,entries: size=1, first=(t:2, i:19), METADATAENTRY(c:17): org.apache.ratis.thirdparty.io.grpc.StatusRuntimeException: CANCELLED: cancelled before receiving half close
2021-01-08 04:47:22,130 [grpc-default-executor-3] WARN  server.GrpcLogAppender (LogUtils.java:warn(122)) - 24be368e-9912-49e9-b36f-3be1586466e8@group-6B5012D43B73->027ea797-585b-4d73-a004-b5fa2cd87a42-AppendLogResponseHandler: Failed appendEntries: org.apache.ratis.thirdparty.io.grpc.StatusRuntimeException: CANCELLED: HTTP/2 error code: CANCEL
Received Rst Stream
2021-01-08 04:47:22,131 [grpc-default-executor-3] INFO  leader.FollowerInfo (FollowerInfoImpl.java:lambda$new$0(46)) - 24be368e-9912-49e9-b36f-3be1586466e8@group-6B5012D43B73->027ea797-585b-4d73-a004-b5fa2cd87a42: nextIndex: updateUnconditionally 20 -> 19
2021-01-08 04:47:22,134 [ForkJoinPool.commonPool-worker-1] INFO  server.GrpcService (GrpcService.java:closeImpl(192)) - 027ea797-585b-4d73-a004-b5fa2cd87a42: shutdown server with port 43035 successfully
2021-01-08 04:47:22,135 [org.apache.ratis.util.JvmPauseMonitor$$Lambda$223/318830336@76eb081d] INFO  util.JvmPauseMonitor (JvmPauseMonitor.java:run(109)) - JvmPauseMonitor-027ea797-585b-4d73-a004-b5fa2cd87a42: Stopped
2021-01-08 04:47:22,136 [grpc-default-executor-0] WARN  server.GrpcLogAppender (LogUtils.java:warn(122)) - 24be368e-9912-49e9-b36f-3be1586466e8@group-6B5012D43B73->027ea797-585b-4d73-a004-b5fa2cd87a42-AppendLogResponseHandler: Failed appendEntries: org.apache.ratis.thirdparty.io.grpc.StatusRuntimeException: UNAVAILABLE: io exception
2021-01-08 04:47:22,136 [grpc-default-executor-0] INFO  leader.FollowerInfo (FollowerInfoImpl.java:lambda$new$0(46)) - 24be368e-9912-49e9-b36f-3be1586466e8@group-6B5012D43B73->027ea797-585b-4d73-a004-b5fa2cd87a42: nextIndex: updateUnconditionally 20 -> 19
2021-01-08 04:47:22,138 [ForkJoinPool.commonPool-worker-1] INFO  utils.BackgroundService (BackgroundService.java:shutdown(132)) - Shutting down service BlockDeletingService
2021-01-08 04:47:22,139 [ForkJoinPool.commonPool-worker-1] INFO  statemachine.DatanodeStateMachine (DatanodeStateMachine.java:stopDaemon(461)) - Ozone container server stopped.
2021-01-08 04:47:22,151 [ForkJoinPool.commonPool-worker-1] INFO  handler.ContextHandler (ContextHandler.java:doStop(1154)) - Stopped o.e.j.w.WebAppContext@c9acbec{hddsDatanode,/,null,STOPPED}{jar:file:/home/user/.m2/repository/org/apache/hadoop/hadoop-hdds-container-service/1.1.0-SNAPSHOT/hadoop-hdds-container-service-1.1.0-SNAPSHOT.jar!/webapps/hddsDatanode}
2021-01-08 04:47:22,151 [ForkJoinPool.commonPool-worker-1] INFO  server.AbstractConnector (AbstractConnector.java:doStop(381)) - Stopped ServerConnector@397411e1{HTTP/1.1, (http/1.1)}{0.0.0.0:0}
2021-01-08 04:47:22,151 [ForkJoinPool.commonPool-worker-1] INFO  server.session (HouseKeeper.java:stopScavenging(149)) - node0 Stopped scavenging
2021-01-08 04:47:22,153 [ForkJoinPool.commonPool-worker-1] INFO  handler.ContextHandler (ContextHandler.java:doStop(1154)) - Stopped o.e.j.s.ServletContextHandler@24a170e0{static,/static,jar:file:/home/user/.m2/repository/org/apache/hadoop/hadoop-hdds-container-service/1.1.0-SNAPSHOT/hadoop-hdds-container-service-1.1.0-SNAPSHOT.jar!/webapps/static,STOPPED}
2021-01-08 04:47:22,154 [ForkJoinPool.commonPool-worker-1] INFO  handler.ContextHandler (ContextHandler.java:doStop(1154)) - Stopped o.e.j.s.ServletContextHandler@1bdc5006{logs,/logs,file:///github/workspace/mnt/ozone/hadoop-ozone/integration-test/target/log,STOPPED}
2021-01-08 04:47:22,493 [EventQueue-StaleNodeForStaleNodeHandler] INFO  node.StaleNodeHandler (StaleNodeHandler.java:onMessage(58)) - Datanode 7c042e84-4356-40d3-8d58-8573f50c8ed6{ip: 172.17.0.2, host: 36857d2baa53, networkLocation: /default-rack, certSerialId: null, persistedOpState: ENTERING_MAINTENANCE, persistedOpStateExpiryEpochSec: 0} moved to stale state. Finalizing its pipelines []
2021-01-08 04:47:22,729 [Listener at 0.0.0.0/34827] INFO  ozoneimpl.OzoneContainer (OzoneContainer.java:stop(273)) - Attempting to stop container services.
2021-01-08 04:47:22,730 [Listener at 0.0.0.0/34827] INFO  server.RaftServer (RaftServerProxy.java:lambda$close$6(389)) - c1649de0-22a9-4a2d-8f9f-08808ec0c035: close
2021-01-08 04:47:22,730 [Listener at 0.0.0.0/34827] INFO  server.GrpcService (GrpcService.java:closeImpl(183)) - c1649de0-22a9-4a2d-8f9f-08808ec0c035: shutdown server with port 36837 now
2021-01-08 04:47:22,731 [grpc-default-executor-3] WARN  client.GrpcClientProtocolService (LogUtils.java:warn(122)) - 1-UnorderedRequestStreamObserver1: onError: org.apache.ratis.thirdparty.io.grpc.StatusRuntimeException: CANCELLED: cancelled before receiving half close
2021-01-08 04:47:22,731 [Listener at 0.0.0.0/34827] INFO  server.GrpcService (GrpcService.java:closeImpl(192)) - c1649de0-22a9-4a2d-8f9f-08808ec0c035: shutdown server with port 36837 successfully
2021-01-08 04:47:22,731 [org.apache.ratis.util.JvmPauseMonitor$$Lambda$223/318830336@3803f6be] INFO  util.JvmPauseMonitor (JvmPauseMonitor.java:run(109)) - JvmPauseMonitor-c1649de0-22a9-4a2d-8f9f-08808ec0c035: Stopped
2021-01-08 04:47:22,732 [Listener at 0.0.0.0/34827] INFO  utils.BackgroundService (BackgroundService.java:shutdown(132)) - Shutting down service BlockDeletingService
2021-01-08 04:47:22,736 [Listener at 0.0.0.0/34827] INFO  statemachine.DatanodeStateMachine (DatanodeStateMachine.java:stopDaemon(461)) - Ozone container server stopped.
2021-01-08 04:47:22,757 [Listener at 0.0.0.0/34827] INFO  handler.ContextHandler (ContextHandler.java:doStop(1154)) - Stopped o.e.j.w.WebAppContext@5043e5a7{hddsDatanode,/,null,STOPPED}{jar:file:/home/user/.m2/repository/org/apache/hadoop/hadoop-hdds-container-service/1.1.0-SNAPSHOT/hadoop-hdds-container-service-1.1.0-SNAPSHOT.jar!/webapps/hddsDatanode}
2021-01-08 04:47:22,761 [Listener at 0.0.0.0/34827] INFO  server.AbstractConnector (AbstractConnector.java:doStop(381)) - Stopped ServerConnector@3fa5c9ae{HTTP/1.1, (http/1.1)}{0.0.0.0:0}
2021-01-08 04:47:22,761 [Listener at 0.0.0.0/34827] INFO  server.session (HouseKeeper.java:stopScavenging(149)) - node0 Stopped scavenging
2021-01-08 04:47:22,762 [Listener at 0.0.0.0/34827] INFO  handler.ContextHandler (ContextHandler.java:doStop(1154)) - Stopped o.e.j.s.ServletContextHandler@bc60f71{static,/static,jar:file:/home/user/.m2/repository/org/apache/hadoop/hadoop-hdds-container-service/1.1.0-SNAPSHOT/hadoop-hdds-container-service-1.1.0-SNAPSHOT.jar!/webapps/static,STOPPED}
2021-01-08 04:47:22,762 [Listener at 0.0.0.0/34827] INFO  handler.ContextHandler (ContextHandler.java:doStop(1154)) - Stopped o.e.j.s.ServletContextHandler@786296ca{logs,/logs,file:///github/workspace/mnt/ozone/hadoop-ozone/integration-test/target/log,STOPPED}
2021-01-08 04:47:22,763 [ReplicationMonitor] INFO  container.ReplicationManager (ReplicationManager.java:run(250)) - Replication Monitor Thread took 0 milliseconds for processing 4 containers.
2021-01-08 04:47:22,783 [DatanodeAdminManager-0] INFO  node.DatanodeAdminMonitorImpl (DatanodeAdminMonitorImpl.java:run(136)) - There are 3 nodes tracked for decommission and maintenance. 0 pending nodes.
2021-01-08 04:47:22,794 [EventQueue-StaleNodeForStaleNodeHandler] INFO  node.StaleNodeHandler (StaleNodeHandler.java:onMessage(58)) - Datanode 55aa2eb3-e7d2-43c8-9100-77f9e6fde891{ip: 172.17.0.2, host: 36857d2baa53, networkLocation: /default-rack, certSerialId: null, persistedOpState: IN_SERVICE, persistedOpStateExpiryEpochSec: 0} moved to stale state. Finalizing its pipelines [PipelineID=dae6ff18-9ef8-4c63-9f66-6b5012d43b73, PipelineID=629994de-218d-4344-8a88-9340e0db6825]
2021-01-08 04:47:22,794 [EventQueue-StaleNodeForStaleNodeHandler] INFO  pipeline.SCMPipelineManager (SCMPipelineManager.java:finalizeAndDestroyPipeline(482)) - Destroying pipeline:Pipeline[ Id: dae6ff18-9ef8-4c63-9f66-6b5012d43b73, Nodes: 027ea797-585b-4d73-a004-b5fa2cd87a42{ip: 172.17.0.2, host: 36857d2baa53, networkLocation: /default-rack, certSerialId: null, persistedOpState: IN_SERVICE, persistedOpStateExpiryEpochSec: 0}55aa2eb3-e7d2-43c8-9100-77f9e6fde891{ip: 172.17.0.2, host: 36857d2baa53, networkLocation: /default-rack, certSerialId: null, persistedOpState: IN_SERVICE, persistedOpStateExpiryEpochSec: 0}24be368e-9912-49e9-b36f-3be1586466e8{ip: 172.17.0.2, host: 36857d2baa53, networkLocation: /default-rack, certSerialId: null, persistedOpState: IN_SERVICE, persistedOpStateExpiryEpochSec: 0}, Type:RATIS, Factor:THREE, State:OPEN, leaderId:24be368e-9912-49e9-b36f-3be1586466e8, CreationTimestamp2021-01-08T04:47:08.779Z]
2021-01-08 04:47:22,794 [EventQueue-StaleNodeForStaleNodeHandler] INFO  pipeline.PipelineStateManager (PipelineStateManager.java:finalizePipeline(121)) - Pipeline Pipeline[ Id: dae6ff18-9ef8-4c63-9f66-6b5012d43b73, Nodes: 027ea797-585b-4d73-a004-b5fa2cd87a42{ip: 172.17.0.2, host: 36857d2baa53, networkLocation: /default-rack, certSerialId: null, persistedOpState: IN_SERVICE, persistedOpStateExpiryEpochSec: 0}55aa2eb3-e7d2-43c8-9100-77f9e6fde891{ip: 172.17.0.2, host: 36857d2baa53, networkLocation: /default-rack, certSerialId: null, persistedOpState: IN_SERVICE, persistedOpStateExpiryEpochSec: 0}24be368e-9912-49e9-b36f-3be1586466e8{ip: 172.17.0.2, host: 36857d2baa53, networkLocation: /default-rack, certSerialId: null, persistedOpState: IN_SERVICE, persistedOpStateExpiryEpochSec: 0}, Type:RATIS, Factor:THREE, State:CLOSED, leaderId:24be368e-9912-49e9-b36f-3be1586466e8, CreationTimestamp2021-01-08T04:47:08.779Z] moved to CLOSED state
2021-01-08 04:47:22,795 [EventQueue-StaleNodeForStaleNodeHandler] INFO  pipeline.SCMPipelineManager (SCMPipelineManager.java:finalizeAndDestroyPipeline(482)) - Destroying pipeline:Pipeline[ Id: 629994de-218d-4344-8a88-9340e0db6825, Nodes: 55aa2eb3-e7d2-43c8-9100-77f9e6fde891{ip: 172.17.0.2, host: 36857d2baa53, networkLocation: /default-rack, certSerialId: null, persistedOpState: IN_SERVICE, persistedOpStateExpiryEpochSec: 0}, Type:RATIS, Factor:ONE, State:OPEN, leaderId:55aa2eb3-e7d2-43c8-9100-77f9e6fde891, CreationTimestamp2021-01-08T04:47:08.779Z]
2021-01-08 04:47:22,795 [EventQueue-CloseContainerForCloseContainerEventHandler] INFO  container.CloseContainerEventHandler (CloseContainerEventHandler.java:onMessage(61)) - Close container Event triggered for container : #3
2021-01-08 04:47:22,795 [EventQueue-StaleNodeForStaleNodeHandler] INFO  pipeline.PipelineStateManager (PipelineStateManager.java:finalizePipeline(121)) - Pipeline Pipeline[ Id: 629994de-218d-4344-8a88-9340e0db6825, Nodes: 55aa2eb3-e7d2-43c8-9100-77f9e6fde891{ip: 172.17.0.2, host: 36857d2baa53, networkLocation: /default-rack, certSerialId: null, persistedOpState: IN_SERVICE, persistedOpStateExpiryEpochSec: 0}, Type:RATIS, Factor:ONE, State:CLOSED, leaderId:55aa2eb3-e7d2-43c8-9100-77f9e6fde891, CreationTimestamp2021-01-08T04:47:08.779Z] moved to CLOSED state
2021-01-08 04:47:22,795 [EventQueue-CloseContainerForCloseContainerEventHandler] INFO  container.CloseContainerEventHandler (CloseContainerEventHandler.java:onMessage(61)) - Close container Event triggered for container : #4
2021-01-08 04:47:22,821 [Datanode State Machine Thread - 0] INFO  statemachine.DatanodeStateMachine (DatanodeStateMachine.java:lambda$startDaemon$0(408)) - Ozone container server started.
2021-01-08 04:47:23,495 [EventQueue-StaleNodeForStaleNodeHandler] INFO  node.StaleNodeHandler (StaleNodeHandler.java:onMessage(58)) - Datanode 689c23cd-66ac-4afb-b938-b7ca1102e3b6{ip: 172.17.0.2, host: 36857d2baa53, networkLocation: /default-rack, certSerialId: null, persistedOpState: ENTERING_MAINTENANCE, persistedOpStateExpiryEpochSec: 0} moved to stale state. Finalizing its pipelines []
2021-01-08 04:47:23,495 [EventQueue-StaleNodeForStaleNodeHandler] INFO  node.StaleNodeHandler (StaleNodeHandler.java:onMessage(58)) - Datanode c1649de0-22a9-4a2d-8f9f-08808ec0c035{ip: 172.17.0.2, host: 36857d2baa53, networkLocation: /default-rack, certSerialId: null, persistedOpState: ENTERING_MAINTENANCE, persistedOpStateExpiryEpochSec: 0} moved to stale state. Finalizing its pipelines []
2021-01-08 04:47:23,592 [grpc-default-executor-4] WARN  server.GrpcLogAppender (LogUtils.java:warn(122)) - 24be368e-9912-49e9-b36f-3be1586466e8@group-6B5012D43B73->55aa2eb3-e7d2-43c8-9100-77f9e6fde891-AppendLogResponseHandler: Failed appendEntries: org.apache.ratis.thirdparty.io.grpc.StatusRuntimeException: UNAVAILABLE: io exception
2021-01-08 04:47:23,593 [grpc-default-executor-4] INFO  leader.FollowerInfo (FollowerInfoImpl.java:lambda$new$0(46)) - 24be368e-9912-49e9-b36f-3be1586466e8@group-6B5012D43B73->55aa2eb3-e7d2-43c8-9100-77f9e6fde891: nextIndex: updateUnconditionally 20 -> 19
2021-01-08 04:47:23,763 [ReplicationMonitor] INFO  container.ReplicationManager (ReplicationManager.java:sendCloseCommand(948)) - Sending close container command for container #3 to datanode 027ea797-585b-4d73-a004-b5fa2cd87a42{ip: 172.17.0.2, host: 36857d2baa53, networkLocation: /default-rack, certSerialId: null, persistedOpState: IN_SERVICE, persistedOpStateExpiryEpochSec: 0}.
2021-01-08 04:47:23,763 [ReplicationMonitor] INFO  container.ReplicationManager (ReplicationManager.java:sendCloseCommand(948)) - Sending close container command for container #3 to datanode 55aa2eb3-e7d2-43c8-9100-77f9e6fde891{ip: 172.17.0.2, host: 36857d2baa53, networkLocation: /default-rack, certSerialId: null, persistedOpState: IN_SERVICE, persistedOpStateExpiryEpochSec: 0}.
2021-01-08 04:47:23,763 [ReplicationMonitor] INFO  container.ReplicationManager (ReplicationManager.java:sendCloseCommand(948)) - Sending close container command for container #3 to datanode 24be368e-9912-49e9-b36f-3be1586466e8{ip: 172.17.0.2, host: 36857d2baa53, networkLocation: /default-rack, certSerialId: null, persistedOpState: IN_SERVICE, persistedOpStateExpiryEpochSec: 0}.
2021-01-08 04:47:23,763 [ReplicationMonitor] INFO  container.ReplicationManager (ReplicationManager.java:sendCloseCommand(948)) - Sending close container command for container #4 to datanode 027ea797-585b-4d73-a004-b5fa2cd87a42{ip: 172.17.0.2, host: 36857d2baa53, networkLocation: /default-rack, certSerialId: null, persistedOpState: IN_SERVICE, persistedOpStateExpiryEpochSec: 0}.
2021-01-08 04:47:23,763 [ReplicationMonitor] INFO  container.ReplicationManager (ReplicationManager.java:sendCloseCommand(948)) - Sending close container command for container #4 to datanode 24be368e-9912-49e9-b36f-3be1586466e8{ip: 172.17.0.2, host: 36857d2baa53, networkLocation: /default-rack, certSerialId: null, persistedOpState: IN_SERVICE, persistedOpStateExpiryEpochSec: 0}.
2021-01-08 04:47:23,763 [ReplicationMonitor] INFO  container.ReplicationManager (ReplicationManager.java:sendCloseCommand(948)) - Sending close container command for container #4 to datanode 55aa2eb3-e7d2-43c8-9100-77f9e6fde891{ip: 172.17.0.2, host: 36857d2baa53, networkLocation: /default-rack, certSerialId: null, persistedOpState: IN_SERVICE, persistedOpStateExpiryEpochSec: 0}.
2021-01-08 04:47:23,763 [ReplicationMonitor] INFO  container.ReplicationManager (ReplicationManager.java:run(250)) - Replication Monitor Thread took 1 milliseconds for processing 4 containers.
2021-01-08 04:47:23,783 [DatanodeAdminManager-0] INFO  node.DatanodeAdminMonitorImpl (DatanodeAdminMonitorImpl.java:run(136)) - There are 3 nodes tracked for decommission and maintenance. 0 pending nodes.
2021-01-08 04:47:23,857 [ForkJoinPool.commonPool-worker-1] INFO  ozoneimpl.OzoneContainer (OzoneContainer.java:stop(273)) - Attempting to stop container services.
2021-01-08 04:47:23,858 [ForkJoinPool.commonPool-worker-1] INFO  server.RaftServer (RaftServerProxy.java:lambda$close$6(389)) - 24be368e-9912-49e9-b36f-3be1586466e8: close
2021-01-08 04:47:23,858 [ForkJoinPool.commonPool-worker-1] INFO  server.RaftServer$Division (RaftServerImpl.java:lambda$close$4(405)) - 24be368e-9912-49e9-b36f-3be1586466e8@group-6B5012D43B73: shutdown
2021-01-08 04:47:23,858 [ForkJoinPool.commonPool-worker-1] INFO  util.JmxRegister (JmxRegister.java:unregister(73)) - Successfully un-registered JMX Bean with object name Ratis:service=RaftServer,group=group-6B5012D43B73,id=24be368e-9912-49e9-b36f-3be1586466e8
2021-01-08 04:47:23,858 [ForkJoinPool.commonPool-worker-1] INFO  impl.RoleInfo (RoleInfo.java:shutdownLeaderState(91)) - 24be368e-9912-49e9-b36f-3be1586466e8: shutdown 24be368e-9912-49e9-b36f-3be1586466e8@group-6B5012D43B73-LeaderStateImpl
2021-01-08 04:47:23,859 [ForkJoinPool.commonPool-worker-1] INFO  metrics.RatisMetrics (RatisMetrics.java:unregister(43)) - Unregistering Metrics Registry : ratis_grpc.log_appender.24be368e-9912-49e9-b36f-3be1586466e8@group-6B5012D43B73
2021-01-08 04:47:23,859 [ForkJoinPool.commonPool-worker-1] INFO  metrics.RatisMetrics (RatisMetrics.java:unregister(43)) - Unregistering Metrics Registry : ratis_grpc.log_appender.24be368e-9912-49e9-b36f-3be1586466e8@group-6B5012D43B73
2021-01-08 04:47:23,859 [24be368e-9912-49e9-b36f-3be1586466e8@group-6B5012D43B73->55aa2eb3-e7d2-43c8-9100-77f9e6fde891-GrpcLogAppender-LogAppenderDaemon] WARN  server.GrpcLogAppender (GrpcLogAppender.java:mayWait(175)) - 24be368e-9912-49e9-b36f-3be1586466e8@group-6B5012D43B73->55aa2eb3-e7d2-43c8-9100-77f9e6fde891-GrpcLogAppender: Wait interrupted by java.lang.InterruptedException
2021-01-08 04:47:23,859 [ForkJoinPool.commonPool-worker-1] INFO  impl.PendingRequests (PendingRequests.java:sendNotLeaderResponses(249)) - 24be368e-9912-49e9-b36f-3be1586466e8@group-6B5012D43B73-PendingRequests: sendNotLeaderResponses
2021-01-08 04:47:23,860 [24be368e-9912-49e9-b36f-3be1586466e8@group-6B5012D43B73->027ea797-585b-4d73-a004-b5fa2cd87a42-GrpcLogAppender-LogAppenderDaemon] WARN  server.GrpcLogAppender (GrpcLogAppender.java:mayWait(175)) - 24be368e-9912-49e9-b36f-3be1586466e8@group-6B5012D43B73->027ea797-585b-4d73-a004-b5fa2cd87a42-GrpcLogAppender: Wait interrupted by java.lang.InterruptedException
2021-01-08 04:47:23,861 [ForkJoinPool.commonPool-worker-1] INFO  metrics.RatisMetrics (RatisMetrics.java:unregister(43)) - Unregistering Metrics Registry : ratis.log_appender.24be368e-9912-49e9-b36f-3be1586466e8@group-6B5012D43B73
2021-01-08 04:47:23,861 [ForkJoinPool.commonPool-worker-1] INFO  metrics.RatisMetrics (RatisMetrics.java:unregister(43)) - Unregistering Metrics Registry : ratis.server.24be368e-9912-49e9-b36f-3be1586466e8@group-6B5012D43B73
2021-01-08 04:47:23,863 [ForkJoinPool.commonPool-worker-1] INFO  impl.StateMachineUpdater (StateMachineUpdater.java:stopAndJoin(148)) - 24be368e-9912-49e9-b36f-3be1586466e8@group-6B5012D43B73-StateMachineUpdater: set stopIndex = 19
2021-01-08 04:47:23,865 [24be368e-9912-49e9-b36f-3be1586466e8@group-6B5012D43B73-StateMachineUpdater] INFO  ratis.ContainerStateMachine (ContainerStateMachine.java:takeSnapshot(291)) - group-6B5012D43B73: Taking a snapshot at:(t:2, i:19) file /github/workspace/mnt/ozone/hadoop-ozone/integration-test/target/test-dir/MiniOzoneClusterImpl-8e553afa-60cb-4a34-8c5d-9ccb1efc285c/datanode-0/data/ratis/dae6ff18-9ef8-4c63-9f66-6b5012d43b73/sm/snapshot.2_19
2021-01-08 04:47:23,866 [24be368e-9912-49e9-b36f-3be1586466e8@group-6B5012D43B73-StateMachineUpdater] INFO  ratis.ContainerStateMachine (ContainerStateMachine.java:takeSnapshot(302)) - group-6B5012D43B73: Finished taking a snapshot at:(t:2, i:19) file:/github/workspace/mnt/ozone/hadoop-ozone/integration-test/target/test-dir/MiniOzoneClusterImpl-8e553afa-60cb-4a34-8c5d-9ccb1efc285c/datanode-0/data/ratis/dae6ff18-9ef8-4c63-9f66-6b5012d43b73/sm/snapshot.2_19 took: 1 ms
2021-01-08 04:47:23,867 [24be368e-9912-49e9-b36f-3be1586466e8@group-6B5012D43B73-StateMachineUpdater] INFO  impl.StateMachineUpdater (StateMachineUpdater.java:takeSnapshot(279)) - 24be368e-9912-49e9-b36f-3be1586466e8@group-6B5012D43B73-StateMachineUpdater: Took a snapshot at index 19
2021-01-08 04:47:23,867 [24be368e-9912-49e9-b36f-3be1586466e8@group-6B5012D43B73-StateMachineUpdater] INFO  impl.StateMachineUpdater (StateMachineUpdater.java:lambda$new$0(88)) - 24be368e-9912-49e9-b36f-3be1586466e8@group-6B5012D43B73-StateMachineUpdater: snapshotIndex: updateIncreasingly -1 -> 19
2021-01-08 04:47:23,867 [24be368e-9912-49e9-b36f-3be1586466e8@group-6B5012D43B73-StateMachineUpdater] INFO  metrics.RatisMetrics (RatisMetrics.java:unregister(43)) - Unregistering Metrics Registry : ratis.state_machine.24be368e-9912-49e9-b36f-3be1586466e8@group-6B5012D43B73
2021-01-08 04:47:23,875 [ForkJoinPool.commonPool-worker-1] INFO  server.RaftServer$Division (ServerState.java:close(400)) - 24be368e-9912-49e9-b36f-3be1586466e8@group-6B5012D43B73: closes. applyIndex: 19
2021-01-08 04:47:23,875 [24be368e-9912-49e9-b36f-3be1586466e8@group-6B5012D43B73-SegmentedRaftLogWorker] INFO  segmented.SegmentedRaftLogWorker (SegmentedRaftLogWorker.java:run(326)) - 24be368e-9912-49e9-b36f-3be1586466e8@group-6B5012D43B73-SegmentedRaftLogWorker was interrupted, exiting. There are 0 tasks remaining in the queue.
2021-01-08 04:47:23,875 [ForkJoinPool.commonPool-worker-1] INFO  segmented.SegmentedRaftLogWorker (SegmentedRaftLogWorker.java:close(236)) - 24be368e-9912-49e9-b36f-3be1586466e8@group-6B5012D43B73-SegmentedRaftLogWorker close()
2021-01-08 04:47:23,875 [ForkJoinPool.commonPool-worker-1] INFO  metrics.RatisMetrics (RatisMetrics.java:unregister(43)) - Unregistering Metrics Registry : ratis.log_worker.24be368e-9912-49e9-b36f-3be1586466e8@group-6B5012D43B73
2021-01-08 04:47:23,876 [ForkJoinPool.commonPool-worker-1] INFO  metrics.RatisMetrics (RatisMetrics.java:unregister(43)) - Unregistering Metrics Registry : ratis.leader_election.24be368e-9912-49e9-b36f-3be1586466e8@group-6B5012D43B73
2021-01-08 04:47:23,876 [ForkJoinPool.commonPool-worker-1] INFO  metrics.RatisMetrics (RatisMetrics.java:unregister(43)) - Unregistering Metrics Registry : ratis.server.24be368e-9912-49e9-b36f-3be1586466e8@group-6B5012D43B73
2021-01-08 04:47:23,876 [ForkJoinPool.commonPool-worker-1] INFO  server.RaftServer$Division (RaftServerImpl.java:lambda$close$4(405)) - 24be368e-9912-49e9-b36f-3be1586466e8@group-7ADA723E8857: shutdown
2021-01-08 04:47:23,876 [ForkJoinPool.commonPool-worker-1] INFO  util.JmxRegister (JmxRegister.java:unregister(73)) - Successfully un-registered JMX Bean with object name Ratis:service=RaftServer,group=group-7ADA723E8857,id=24be368e-9912-49e9-b36f-3be1586466e8
2021-01-08 04:47:23,876 [ForkJoinPool.commonPool-worker-1] INFO  impl.RoleInfo (RoleInfo.java:shutdownLeaderState(91)) - 24be368e-9912-49e9-b36f-3be1586466e8: shutdown 24be368e-9912-49e9-b36f-3be1586466e8@group-7ADA723E8857-LeaderStateImpl
2021-01-08 04:47:23,876 [ForkJoinPool.commonPool-worker-1] INFO  impl.PendingRequests (PendingRequests.java:sendNotLeaderResponses(249)) - 24be368e-9912-49e9-b36f-3be1586466e8@group-7ADA723E8857-PendingRequests: sendNotLeaderResponses
2021-01-08 04:47:23,876 [ForkJoinPool.commonPool-worker-1] INFO  metrics.RatisMetrics (RatisMetrics.java:unregister(43)) - Unregistering Metrics Registry : ratis.log_appender.24be368e-9912-49e9-b36f-3be1586466e8@group-7ADA723E8857
2021-01-08 04:47:23,877 [ForkJoinPool.commonPool-worker-1] INFO  metrics.RatisMetrics (RatisMetrics.java:unregister(43)) - Unregistering Metrics Registry : ratis.server.24be368e-9912-49e9-b36f-3be1586466e8@group-7ADA723E8857
2021-01-08 04:47:23,878 [24be368e-9912-49e9-b36f-3be1586466e8@group-7ADA723E8857-StateMachineUpdater] INFO  ratis.ContainerStateMachine (ContainerStateMachine.java:takeSnapshot(291)) - group-7ADA723E8857: Taking a snapshot at:(t:1, i:0) file /github/workspace/mnt/ozone/hadoop-ozone/integration-test/target/test-dir/MiniOzoneClusterImpl-8e553afa-60cb-4a34-8c5d-9ccb1efc285c/datanode-0/data/ratis/3b8d15e9-0caa-4fd8-8822-7ada723e8857/sm/snapshot.1_0
2021-01-08 04:47:23,879 [ForkJoinPool.commonPool-worker-1] INFO  impl.StateMachineUpdater (StateMachineUpdater.java:stopAndJoin(148)) - 24be368e-9912-49e9-b36f-3be1586466e8@group-7ADA723E8857-StateMachineUpdater: set stopIndex = 0
2021-01-08 04:47:23,879 [24be368e-9912-49e9-b36f-3be1586466e8@group-7ADA723E8857-StateMachineUpdater] INFO  ratis.ContainerStateMachine (ContainerStateMachine.java:takeSnapshot(302)) - group-7ADA723E8857: Finished taking a snapshot at:(t:1, i:0) file:/github/workspace/mnt/ozone/hadoop-ozone/integration-test/target/test-dir/MiniOzoneClusterImpl-8e553afa-60cb-4a34-8c5d-9ccb1efc285c/datanode-0/data/ratis/3b8d15e9-0caa-4fd8-8822-7ada723e8857/sm/snapshot.1_0 took: 1 ms
2021-01-08 04:47:23,879 [24be368e-9912-49e9-b36f-3be1586466e8@group-7ADA723E8857-StateMachineUpdater] INFO  impl.StateMachineUpdater (StateMachineUpdater.java:takeSnapshot(279)) - 24be368e-9912-49e9-b36f-3be1586466e8@group-7ADA723E8857-StateMachineUpdater: Took a snapshot at index 0
2021-01-08 04:47:23,879 [24be368e-9912-49e9-b36f-3be1586466e8@group-7ADA723E8857-StateMachineUpdater] INFO  impl.StateMachineUpdater (StateMachineUpdater.java:lambda$new$0(88)) - 24be368e-9912-49e9-b36f-3be1586466e8@group-7ADA723E8857-StateMachineUpdater: snapshotIndex: updateIncreasingly -1 -> 0
2021-01-08 04:47:23,879 [24be368e-9912-49e9-b36f-3be1586466e8@group-7ADA723E8857-StateMachineUpdater] INFO  metrics.RatisMetrics (RatisMetrics.java:unregister(43)) - Unregistering Metrics Registry : ratis.state_machine.24be368e-9912-49e9-b36f-3be1586466e8@group-7ADA723E8857
2021-01-08 04:47:23,880 [ForkJoinPool.commonPool-worker-1] INFO  server.RaftServer$Division (ServerState.java:close(400)) - 24be368e-9912-49e9-b36f-3be1586466e8@group-7ADA723E8857: closes. applyIndex: 0
2021-01-08 04:47:23,880 [24be368e-9912-49e9-b36f-3be1586466e8@group-7ADA723E8857-SegmentedRaftLogWorker] INFO  segmented.SegmentedRaftLogWorker (SegmentedRaftLogWorker.java:run(326)) - 24be368e-9912-49e9-b36f-3be1586466e8@group-7ADA723E8857-SegmentedRaftLogWorker was interrupted, exiting. There are 0 tasks remaining in the queue.
2021-01-08 04:47:23,880 [ForkJoinPool.commonPool-worker-1] INFO  segmented.SegmentedRaftLogWorker (SegmentedRaftLogWorker.java:close(236)) - 24be368e-9912-49e9-b36f-3be1586466e8@group-7ADA723E8857-SegmentedRaftLogWorker close()
2021-01-08 04:47:23,880 [ForkJoinPool.commonPool-worker-1] INFO  metrics.RatisMetrics (RatisMetrics.java:unregister(43)) - Unregistering Metrics Registry : ratis.log_worker.24be368e-9912-49e9-b36f-3be1586466e8@group-7ADA723E8857
2021-01-08 04:47:23,880 [ForkJoinPool.commonPool-worker-1] INFO  metrics.RatisMetrics (RatisMetrics.java:unregister(43)) - Unregistering Metrics Registry : ratis.leader_election.24be368e-9912-49e9-b36f-3be1586466e8@group-7ADA723E8857
2021-01-08 04:47:23,881 [ForkJoinPool.commonPool-worker-1] INFO  metrics.RatisMetrics (RatisMetrics.java:unregister(43)) - Unregistering Metrics Registry : ratis.server.24be368e-9912-49e9-b36f-3be1586466e8@group-7ADA723E8857
2021-01-08 04:47:23,881 [ForkJoinPool.commonPool-worker-1] INFO  server.GrpcService (GrpcService.java:closeImpl(183)) - 24be368e-9912-49e9-b36f-3be1586466e8: shutdown server with port 45243 now
2021-01-08 04:47:23,882 [grpc-default-executor-4] WARN  client.GrpcClientProtocolService (LogUtils.java:warn(122)) - 1-UnorderedRequestStreamObserver1: onError: org.apache.ratis.thirdparty.io.grpc.StatusRuntimeException: CANCELLED: cancelled before receiving half close
2021-01-08 04:47:23,883 [ForkJoinPool.commonPool-worker-1] INFO  server.GrpcService (GrpcService.java:closeImpl(192)) - 24be368e-9912-49e9-b36f-3be1586466e8: shutdown server with port 45243 successfully
2021-01-08 04:47:23,884 [org.apache.ratis.util.JvmPauseMonitor$$Lambda$223/318830336@737e942a] INFO  util.JvmPauseMonitor (JvmPauseMonitor.java:run(109)) - JvmPauseMonitor-24be368e-9912-49e9-b36f-3be1586466e8: Stopped
2021-01-08 04:47:23,885 [ForkJoinPool.commonPool-worker-1] INFO  utils.BackgroundService (BackgroundService.java:shutdown(132)) - Shutting down service BlockDeletingService
2021-01-08 04:47:23,887 [ForkJoinPool.commonPool-worker-1] INFO  statemachine.DatanodeStateMachine (DatanodeStateMachine.java:stopDaemon(461)) - Ozone container server stopped.
2021-01-08 04:47:23,895 [EventQueue-StaleNodeForStaleNodeHandler] INFO  node.StaleNodeHandler (StaleNodeHandler.java:onMessage(58)) - Datanode 027ea797-585b-4d73-a004-b5fa2cd87a42{ip: 172.17.0.2, host: 36857d2baa53, networkLocation: /default-rack, certSerialId: null, persistedOpState: IN_SERVICE, persistedOpStateExpiryEpochSec: 0} moved to stale state. Finalizing its pipelines [PipelineID=dae6ff18-9ef8-4c63-9f66-6b5012d43b73, PipelineID=624fe8c8-c66d-4f0e-9e67-7b8723723bae]
2021-01-08 04:47:23,895 [EventQueue-StaleNodeForStaleNodeHandler] INFO  pipeline.SCMPipelineManager (SCMPipelineManager.java:finalizeAndDestroyPipeline(482)) - Destroying pipeline:Pipeline[ Id: dae6ff18-9ef8-4c63-9f66-6b5012d43b73, Nodes: 027ea797-585b-4d73-a004-b5fa2cd87a42{ip: 172.17.0.2, host: 36857d2baa53, networkLocation: /default-rack, certSerialId: null, persistedOpState: IN_SERVICE, persistedOpStateExpiryEpochSec: 0}55aa2eb3-e7d2-43c8-9100-77f9e6fde891{ip: 172.17.0.2, host: 36857d2baa53, networkLocation: /default-rack, certSerialId: null, persistedOpState: IN_SERVICE, persistedOpStateExpiryEpochSec: 0}24be368e-9912-49e9-b36f-3be1586466e8{ip: 172.17.0.2, host: 36857d2baa53, networkLocation: /default-rack, certSerialId: null, persistedOpState: IN_SERVICE, persistedOpStateExpiryEpochSec: 0}, Type:RATIS, Factor:THREE, State:CLOSED, leaderId:24be368e-9912-49e9-b36f-3be1586466e8, CreationTimestamp2021-01-08T04:47:08.779Z]
2021-01-08 04:47:23,896 [EventQueue-StaleNodeForStaleNodeHandler] INFO  pipeline.SCMPipelineManager (SCMPipelineManager.java:finalizeAndDestroyPipeline(482)) - Destroying pipeline:Pipeline[ Id: 624fe8c8-c66d-4f0e-9e67-7b8723723bae, Nodes: 027ea797-585b-4d73-a004-b5fa2cd87a42{ip: 172.17.0.2, host: 36857d2baa53, networkLocation: /default-rack, certSerialId: null, persistedOpState: IN_SERVICE, persistedOpStateExpiryEpochSec: 0}, Type:RATIS, Factor:ONE, State:OPEN, leaderId:027ea797-585b-4d73-a004-b5fa2cd87a42, CreationTimestamp2021-01-08T04:47:08.779Z]
2021-01-08 04:47:23,896 [EventQueue-StaleNodeForStaleNodeHandler] INFO  pipeline.PipelineStateManager (PipelineStateManager.java:finalizePipeline(121)) - Pipeline Pipeline[ Id: 624fe8c8-c66d-4f0e-9e67-7b8723723bae, Nodes: 027ea797-585b-4d73-a004-b5fa2cd87a42{ip: 172.17.0.2, host: 36857d2baa53, networkLocation: /default-rack, certSerialId: null, persistedOpState: IN_SERVICE, persistedOpStateExpiryEpochSec: 0}, Type:RATIS, Factor:ONE, State:CLOSED, leaderId:027ea797-585b-4d73-a004-b5fa2cd87a42, CreationTimestamp2021-01-08T04:47:08.779Z] moved to CLOSED state
2021-01-08 04:47:23,900 [ForkJoinPool.commonPool-worker-1] INFO  handler.ContextHandler (ContextHandler.java:doStop(1154)) - Stopped o.e.j.w.WebAppContext@42300e1c{hddsDatanode,/,null,STOPPED}{jar:file:/home/user/.m2/repository/org/apache/hadoop/hadoop-hdds-container-service/1.1.0-SNAPSHOT/hadoop-hdds-container-service-1.1.0-SNAPSHOT.jar!/webapps/hddsDatanode}
2021-01-08 04:47:23,900 [ForkJoinPool.commonPool-worker-1] INFO  server.AbstractConnector (AbstractConnector.java:doStop(381)) - Stopped ServerConnector@280b0df9{HTTP/1.1, (http/1.1)}{0.0.0.0:0}
2021-01-08 04:47:23,901 [ForkJoinPool.commonPool-worker-1] INFO  server.session (HouseKeeper.java:stopScavenging(149)) - node0 Stopped scavenging
2021-01-08 04:47:23,902 [ForkJoinPool.commonPool-worker-1] INFO  handler.ContextHandler (ContextHandler.java:doStop(1154)) - Stopped o.e.j.s.ServletContextHandler@5286aa41{static,/static,jar:file:/home/user/.m2/repository/org/apache/hadoop/hadoop-hdds-container-service/1.1.0-SNAPSHOT/hadoop-hdds-container-service-1.1.0-SNAPSHOT.jar!/webapps/static,STOPPED}
2021-01-08 04:47:23,903 [ForkJoinPool.commonPool-worker-1] INFO  handler.ContextHandler (ContextHandler.java:doStop(1154)) - Stopped o.e.j.s.ServletContextHandler@51ac1dce{logs,/logs,file:///github/workspace/mnt/ozone/hadoop-ozone/integration-test/target/log,STOPPED}
2021-01-08 04:47:23,903 [Listener at 0.0.0.0/34827] INFO  ozone.MiniOzoneClusterImpl (MiniOzoneClusterImpl.java:stopSCM(478)) - Stopping the StorageContainerManager
2021-01-08 04:47:23,904 [Listener at 0.0.0.0/34827] INFO  server.StorageContainerManager (StorageContainerManager.java:stop(832)) - Stopping Replication Manager Service.
2021-01-08 04:47:23,904 [Listener at 0.0.0.0/34827] INFO  container.ReplicationManager (ReplicationManager.java:stop(227)) - Stopping Replication Monitor Thread.
2021-01-08 04:47:23,904 [Listener at 0.0.0.0/34827] INFO  server.StorageContainerManager (StorageContainerManager.java:stop(839)) - Stopping the Datanode Admin Monitor.
2021-01-08 04:47:23,904 [Listener at 0.0.0.0/34827] INFO  server.StorageContainerManager (StorageContainerManager.java:stop(846)) - Stopping Lease Manager of the command watchers
2021-01-08 04:47:23,904 [Listener at 0.0.0.0/34827] INFO  server.StorageContainerManager (StorageContainerManager.java:stop(853)) - Stopping datanode service RPC server
2021-01-08 04:47:23,904 [Listener at 0.0.0.0/34827] INFO  server.SCMDatanodeProtocolServer (SCMDatanodeProtocolServer.java:stop(369)) - Stopping the RPC server for DataNodes
2021-01-08 04:47:23,904 [Listener at 0.0.0.0/34827] INFO  ipc.Server (Server.java:stop(3359)) - Stopping server on 36571
2021-01-08 04:47:23,912 [IPC Server listener on 36571] INFO  ipc.Server (Server.java:run(1330)) - Stopping IPC Server listener on 36571
2021-01-08 04:47:23,915 [IPC Server Responder] INFO  ipc.Server (Server.java:run(1465)) - Stopping IPC Server Responder
2021-01-08 04:47:23,995 [SCM Heartbeat Processing Thread - 0] WARN  node.NodeStateManager (NodeStateManager.java:scheduleNextHealthCheck(688)) - Current Thread is interrupted, shutting down HB processing thread for Node Manager.
2021-01-08 04:47:23,995 [Listener at 0.0.0.0/34827] INFO  server.StorageContainerManager (StorageContainerManager.java:stop(861)) - Stopping block service RPC server
2021-01-08 04:47:23,996 [Listener at 0.0.0.0/34827] INFO  server.SCMBlockProtocolServer (SCMBlockProtocolServer.java:stop(159)) - Stopping the RPC server for Block Protocol
2021-01-08 04:47:23,996 [Listener at 0.0.0.0/34827] INFO  ipc.Server (Server.java:stop(3359)) - Stopping server on 41627
2021-01-08 04:47:23,998 [Listener at 0.0.0.0/34827] INFO  server.StorageContainerManager (StorageContainerManager.java:stop(868)) - Stopping the StorageContainerLocationProtocol RPC server
2021-01-08 04:47:23,998 [Listener at 0.0.0.0/34827] INFO  server.SCMClientProtocolServer (SCMClientProtocolServer.java:stop(168)) - Stopping the RPC server for Client Protocol
2021-01-08 04:47:23,998 [Listener at 0.0.0.0/34827] INFO  ipc.Server (Server.java:stop(3359)) - Stopping server on 34827
2021-01-08 04:47:23,998 [IPC Server Responder] INFO  ipc.Server (Server.java:run(1465)) - Stopping IPC Server Responder
2021-01-08 04:47:23,998 [IPC Server listener on 41627] INFO  ipc.Server (Server.java:run(1330)) - Stopping IPC Server listener on 41627
2021-01-08 04:47:24,001 [Listener at 0.0.0.0/34827] INFO  server.StorageContainerManager (StorageContainerManager.java:stop(875)) - Stopping Storage Container Manager HTTP server.
2021-01-08 04:47:24,001 [IPC Server Responder] INFO  ipc.Server (Server.java:run(1465)) - Stopping IPC Server Responder
2021-01-08 04:47:24,001 [Listener at 0.0.0.0/34827] INFO  handler.ContextHandler (ContextHandler.java:doStop(1154)) - Stopped o.e.j.w.WebAppContext@4db4e2dc{scm,/,null,STOPPED}{file:/github/workspace/mnt/ozone/hadoop-ozone/integration-test/target/test-classes/webapps/scm}
2021-01-08 04:47:24,002 [IPC Server listener on 34827] INFO  ipc.Server (Server.java:run(1330)) - Stopping IPC Server listener on 34827
2021-01-08 04:47:24,003 [Listener at 0.0.0.0/34827] INFO  server.AbstractConnector (AbstractConnector.java:doStop(381)) - Stopped ServerConnector@2259490{HTTP/1.1, (http/1.1)}{0.0.0.0:46077}
2021-01-08 04:47:24,004 [Listener at 0.0.0.0/34827] INFO  server.session (HouseKeeper.java:stopScavenging(149)) - node0 Stopped scavenging
2021-01-08 04:47:24,004 [Listener at 0.0.0.0/34827] INFO  handler.ContextHandler (ContextHandler.java:doStop(1154)) - Stopped o.e.j.s.ServletContextHandler@366558a2{static,/static,file:///github/workspace/mnt/ozone/hadoop-ozone/integration-test/target/test-classes/webapps/static,STOPPED}
2021-01-08 04:47:24,004 [Listener at 0.0.0.0/34827] INFO  handler.ContextHandler (ContextHandler.java:doStop(1154)) - Stopped o.e.j.s.ServletContextHandler@5234f6c5{logs,/logs,file:///github/workspace/mnt/ozone/hadoop-ozone/integration-test/target/log,STOPPED}
2021-01-08 04:47:24,006 [Listener at 0.0.0.0/34827] INFO  server.StorageContainerManager (StorageContainerManager.java:stop(886)) - Stopping Block Manager Service.
2021-01-08 04:47:24,006 [Listener at 0.0.0.0/34827] INFO  utils.BackgroundService (BackgroundService.java:shutdown(132)) - Shutting down service SCMBlockDeletingService
2021-01-08 04:47:24,006 [Listener at 0.0.0.0/34827] INFO  utils.BackgroundService (BackgroundService.java:shutdown(132)) - Shutting down service SCMBlockDeletingService
2021-01-08 04:47:24,007 [Listener at 0.0.0.0/34827] INFO  server.StorageContainerManager (StorageContainerManager.java:stop(911)) - Stopping SCM Event Queue.
2021-01-08 04:47:24,017 [Listener at 0.0.0.0/34827] INFO  impl.MetricsSystemImpl (MetricsSystemImpl.java:stop(210)) - Stopping StorageContainerManager metrics system...
2021-01-08 04:47:24,024 [Listener at 0.0.0.0/34827] INFO  impl.MetricsSystemImpl (MetricsSystemImpl.java:stop(216)) - StorageContainerManager metrics system stopped.
]]></system-out>
    <system-err><![CDATA[Jan 08, 2021 4:46:51 AM org.apache.ratis.thirdparty.io.grpc.internal.ManagedChannelOrphanWrapper$ManagedChannelReference cleanQueue
SEVERE: *~*~*~ Channel ManagedChannelImpl{logId=695, target=172.17.0.2:33729} was not shutdown properly!!! ~*~*~*
    Make sure to call shutdown()/shutdownNow() and wait until awaitTermination() returns true.
java.lang.RuntimeException: ManagedChannel allocation site
	at org.apache.ratis.thirdparty.io.grpc.internal.ManagedChannelOrphanWrapper$ManagedChannelReference.<init>(ManagedChannelOrphanWrapper.java:93)
	at org.apache.ratis.thirdparty.io.grpc.internal.ManagedChannelOrphanWrapper.<init>(ManagedChannelOrphanWrapper.java:53)
	at org.apache.ratis.thirdparty.io.grpc.internal.ManagedChannelOrphanWrapper.<init>(ManagedChannelOrphanWrapper.java:44)
	at org.apache.ratis.thirdparty.io.grpc.internal.AbstractManagedChannelImplBuilder.build(AbstractManagedChannelImplBuilder.java:518)
	at org.apache.ratis.grpc.client.GrpcClientProtocolClient.<init>(GrpcClientProtocolClient.java:135)
	at org.apache.ratis.grpc.client.GrpcClientRpc.lambda$new$0(GrpcClientRpc.java:57)
	at org.apache.ratis.util.PeerProxyMap$PeerAndProxy.lambda$getProxy$0(PeerProxyMap.java:63)
	at org.apache.ratis.util.LifeCycle.startAndTransition(LifeCycle.java:270)
	at org.apache.ratis.util.PeerProxyMap$PeerAndProxy.getProxy(PeerProxyMap.java:62)
	at org.apache.ratis.util.PeerProxyMap.getProxy(PeerProxyMap.java:114)
	at org.apache.ratis.grpc.client.GrpcClientRpc.sendRequestAsync(GrpcClientRpc.java:68)
	at org.apache.ratis.client.impl.OrderedAsync.sendRequest(OrderedAsync.java:235)
	at org.apache.ratis.client.impl.OrderedAsync.sendRequestWithRetry(OrderedAsync.java:189)
	at org.apache.ratis.util.SlidingWindow$Client.sendOrDelayRequest(SlidingWindow.java:278)
	at org.apache.ratis.util.SlidingWindow$Client.submitNewRequest(SlidingWindow.java:257)
	at org.apache.ratis.client.impl.OrderedAsync.send(OrderedAsync.java:170)
	at org.apache.ratis.client.impl.OrderedAsync.newInstance(OrderedAsync.java:118)
	at org.apache.ratis.client.impl.RaftClientImpl.lambda$new$0(RaftClientImpl.java:148)
	at org.apache.ratis.util.MemoizedSupplier.get(MemoizedSupplier.java:62)
	at org.apache.ratis.client.impl.RaftClientImpl.getOrderedAsync(RaftClientImpl.java:201)
	at org.apache.ratis.client.impl.AsyncImpl.send(AsyncImpl.java:41)
	at org.apache.ratis.client.impl.AsyncImpl.send(AsyncImpl.java:46)
	at org.apache.hadoop.hdds.scm.XceiverClientRatis.lambda$sendRequestAsync$3(XceiverClientRatis.java:225)
	at org.apache.hadoop.hdds.tracing.TracingUtil.executeInNewSpan(TracingUtil.java:159)
	at org.apache.hadoop.hdds.scm.XceiverClientRatis.sendRequestAsync(XceiverClientRatis.java:210)
	at org.apache.hadoop.hdds.scm.XceiverClientRatis.sendCommandAsync(XceiverClientRatis.java:306)
	at org.apache.hadoop.hdds.scm.storage.ContainerProtocolCalls.writeChunkAsync(ContainerProtocolCalls.java:304)
	at org.apache.hadoop.hdds.scm.storage.BlockOutputStream.writeChunkToContainer(BlockOutputStream.java:664)
	at org.apache.hadoop.hdds.scm.storage.BlockOutputStream.writeChunk(BlockOutputStream.java:506)
	at org.apache.hadoop.hdds.scm.storage.BlockOutputStream.handleFlush(BlockOutputStream.java:520)
	at org.apache.hadoop.hdds.scm.storage.BlockOutputStream.close(BlockOutputStream.java:547)
	at org.apache.hadoop.ozone.client.io.BlockOutputStreamEntry.close(BlockOutputStreamEntry.java:129)
	at org.apache.hadoop.ozone.client.io.KeyOutputStream.handleStreamAction(KeyOutputStream.java:497)
	at org.apache.hadoop.ozone.client.io.KeyOutputStream.handleFlushOrClose(KeyOutputStream.java:471)
	at org.apache.hadoop.ozone.client.io.KeyOutputStream.close(KeyOutputStream.java:524)
	at org.apache.hadoop.ozone.client.io.OzoneOutputStream.close(OzoneOutputStream.java:60)
	at org.apache.hadoop.ozone.TestDataUtil.createKey(TestDataUtil.java:87)
	at org.apache.hadoop.ozone.scm.node.TestDecommissionAndMaintenance.generateData(TestDecommissionAndMaintenance.java:574)
	at org.apache.hadoop.ozone.scm.node.TestDecommissionAndMaintenance.testDecommissionedNodeCanBeRecommissioned(TestDecommissionAndMaintenance.java:275)
	at sun.reflect.NativeMethodAccessorImpl.invoke0(Native Method)
	at sun.reflect.NativeMethodAccessorImpl.invoke(NativeMethodAccessorImpl.java:62)
	at sun.reflect.DelegatingMethodAccessorImpl.invoke(DelegatingMethodAccessorImpl.java:43)
	at java.lang.reflect.Method.invoke(Method.java:498)
	at org.junit.runners.model.FrameworkMethod$1.runReflectiveCall(FrameworkMethod.java:47)
	at org.junit.internal.runners.model.ReflectiveCallable.run(ReflectiveCallable.java:12)
	at org.junit.runners.model.FrameworkMethod.invokeExplosively(FrameworkMethod.java:44)
	at org.junit.internal.runners.statements.InvokeMethod.evaluate(InvokeMethod.java:17)
	at org.junit.internal.runners.statements.RunBefores.evaluate(RunBefores.java:26)
	at org.junit.internal.runners.statements.RunAfters.evaluate(RunAfters.java:27)
	at org.junit.runners.ParentRunner.runLeaf(ParentRunner.java:271)
	at org.junit.runners.BlockJUnit4ClassRunner.runChild(BlockJUnit4ClassRunner.java:70)
	at org.junit.runners.BlockJUnit4ClassRunner.runChild(BlockJUnit4ClassRunner.java:50)
	at org.junit.runners.ParentRunner$3.run(ParentRunner.java:238)
	at org.junit.runners.ParentRunner$1.schedule(ParentRunner.java:63)
	at org.junit.runners.ParentRunner.runChildren(ParentRunner.java:236)
	at org.junit.runners.ParentRunner.access$000(ParentRunner.java:53)
	at org.junit.runners.ParentRunner$2.evaluate(ParentRunner.java:229)
	at org.junit.runners.ParentRunner.run(ParentRunner.java:309)
	at org.apache.maven.surefire.junit4.JUnit4Provider.execute(JUnit4Provider.java:365)
	at org.apache.maven.surefire.junit4.JUnit4Provider.executeWithRerun(JUnit4Provider.java:273)
	at org.apache.maven.surefire.junit4.JUnit4Provider.executeTestSet(JUnit4Provider.java:238)
	at org.apache.maven.surefire.junit4.JUnit4Provider.invoke(JUnit4Provider.java:159)
	at org.apache.maven.surefire.booter.ForkedBooter.invokeProviderInSameClassLoader(ForkedBooter.java:384)
	at org.apache.maven.surefire.booter.ForkedBooter.runSuitesInProcess(ForkedBooter.java:345)
	at org.apache.maven.surefire.booter.ForkedBooter.execute(ForkedBooter.java:126)
	at org.apache.maven.surefire.booter.ForkedBooter.main(ForkedBooter.java:418)

Jan 08, 2021 4:46:51 AM org.apache.ratis.thirdparty.io.grpc.internal.ManagedChannelOrphanWrapper$ManagedChannelReference cleanQueue
SEVERE: *~*~*~ Channel ManagedChannelImpl{logId=700, target=172.17.0.2:35941} was not shutdown properly!!! ~*~*~*
    Make sure to call shutdown()/shutdownNow() and wait until awaitTermination() returns true.
java.lang.RuntimeException: ManagedChannel allocation site
	at org.apache.ratis.thirdparty.io.grpc.internal.ManagedChannelOrphanWrapper$ManagedChannelReference.<init>(ManagedChannelOrphanWrapper.java:93)
	at org.apache.ratis.thirdparty.io.grpc.internal.ManagedChannelOrphanWrapper.<init>(ManagedChannelOrphanWrapper.java:53)
	at org.apache.ratis.thirdparty.io.grpc.internal.ManagedChannelOrphanWrapper.<init>(ManagedChannelOrphanWrapper.java:44)
	at org.apache.ratis.thirdparty.io.grpc.internal.AbstractManagedChannelImplBuilder.build(AbstractManagedChannelImplBuilder.java:518)
	at org.apache.ratis.grpc.client.GrpcClientProtocolClient.<init>(GrpcClientProtocolClient.java:135)
	at org.apache.ratis.grpc.client.GrpcClientRpc.lambda$new$0(GrpcClientRpc.java:57)
	at org.apache.ratis.util.PeerProxyMap$PeerAndProxy.lambda$getProxy$0(PeerProxyMap.java:63)
	at org.apache.ratis.util.LifeCycle.startAndTransition(LifeCycle.java:270)
	at org.apache.ratis.util.PeerProxyMap$PeerAndProxy.getProxy(PeerProxyMap.java:62)
	at org.apache.ratis.util.PeerProxyMap.getProxy(PeerProxyMap.java:114)
	at org.apache.ratis.grpc.client.GrpcClientRpc.sendRequestAsync(GrpcClientRpc.java:68)
	at org.apache.ratis.client.impl.OrderedAsync.sendRequest(OrderedAsync.java:235)
	at org.apache.ratis.client.impl.OrderedAsync.sendRequestWithRetry(OrderedAsync.java:189)
	at org.apache.ratis.util.SlidingWindow$Client.sendOrDelayRequest(SlidingWindow.java:278)
	at org.apache.ratis.util.SlidingWindow$Client.submitNewRequest(SlidingWindow.java:257)
	at org.apache.ratis.client.impl.OrderedAsync.send(OrderedAsync.java:170)
	at org.apache.ratis.client.impl.OrderedAsync.newInstance(OrderedAsync.java:118)
	at org.apache.ratis.client.impl.RaftClientImpl.lambda$new$0(RaftClientImpl.java:148)
	at org.apache.ratis.util.MemoizedSupplier.get(MemoizedSupplier.java:62)
	at org.apache.ratis.client.impl.RaftClientImpl.getOrderedAsync(RaftClientImpl.java:201)
	at org.apache.ratis.client.impl.AsyncImpl.send(AsyncImpl.java:41)
	at org.apache.ratis.client.impl.AsyncImpl.send(AsyncImpl.java:46)
	at org.apache.hadoop.hdds.scm.XceiverClientRatis.lambda$sendRequestAsync$3(XceiverClientRatis.java:225)
	at org.apache.hadoop.hdds.tracing.TracingUtil.executeInNewSpan(TracingUtil.java:159)
	at org.apache.hadoop.hdds.scm.XceiverClientRatis.sendRequestAsync(XceiverClientRatis.java:210)
	at org.apache.hadoop.hdds.scm.XceiverClientRatis.sendCommandAsync(XceiverClientRatis.java:306)
	at org.apache.hadoop.hdds.scm.storage.ContainerProtocolCalls.writeChunkAsync(ContainerProtocolCalls.java:304)
	at org.apache.hadoop.hdds.scm.storage.BlockOutputStream.writeChunkToContainer(BlockOutputStream.java:664)
	at org.apache.hadoop.hdds.scm.storage.BlockOutputStream.writeChunk(BlockOutputStream.java:506)
	at org.apache.hadoop.hdds.scm.storage.BlockOutputStream.handleFlush(BlockOutputStream.java:520)
	at org.apache.hadoop.hdds.scm.storage.BlockOutputStream.close(BlockOutputStream.java:547)
	at org.apache.hadoop.ozone.client.io.BlockOutputStreamEntry.close(BlockOutputStreamEntry.java:129)
	at org.apache.hadoop.ozone.client.io.KeyOutputStream.handleStreamAction(KeyOutputStream.java:497)
	at org.apache.hadoop.ozone.client.io.KeyOutputStream.handleFlushOrClose(KeyOutputStream.java:471)
	at org.apache.hadoop.ozone.client.io.KeyOutputStream.close(KeyOutputStream.java:524)
	at org.apache.hadoop.ozone.client.io.OzoneOutputStream.close(OzoneOutputStream.java:60)
	at org.apache.hadoop.ozone.TestDataUtil.createKey(TestDataUtil.java:87)
	at org.apache.hadoop.ozone.scm.node.TestDecommissionAndMaintenance.generateData(TestDecommissionAndMaintenance.java:574)
	at org.apache.hadoop.ozone.scm.node.TestDecommissionAndMaintenance.testDecommissionedNodeCanBeRecommissioned(TestDecommissionAndMaintenance.java:275)
	at sun.reflect.NativeMethodAccessorImpl.invoke0(Native Method)
	at sun.reflect.NativeMethodAccessorImpl.invoke(NativeMethodAccessorImpl.java:62)
	at sun.reflect.DelegatingMethodAccessorImpl.invoke(DelegatingMethodAccessorImpl.java:43)
	at java.lang.reflect.Method.invoke(Method.java:498)
	at org.junit.runners.model.FrameworkMethod$1.runReflectiveCall(FrameworkMethod.java:47)
	at org.junit.internal.runners.model.ReflectiveCallable.run(ReflectiveCallable.java:12)
	at org.junit.runners.model.FrameworkMethod.invokeExplosively(FrameworkMethod.java:44)
	at org.junit.internal.runners.statements.InvokeMethod.evaluate(InvokeMethod.java:17)
	at org.junit.internal.runners.statements.RunBefores.evaluate(RunBefores.java:26)
	at org.junit.internal.runners.statements.RunAfters.evaluate(RunAfters.java:27)
	at org.junit.runners.ParentRunner.runLeaf(ParentRunner.java:271)
	at org.junit.runners.BlockJUnit4ClassRunner.runChild(BlockJUnit4ClassRunner.java:70)
	at org.junit.runners.BlockJUnit4ClassRunner.runChild(BlockJUnit4ClassRunner.java:50)
	at org.junit.runners.ParentRunner$3.run(ParentRunner.java:238)
	at org.junit.runners.ParentRunner$1.schedule(ParentRunner.java:63)
	at org.junit.runners.ParentRunner.runChildren(ParentRunner.java:236)
	at org.junit.runners.ParentRunner.access$000(ParentRunner.java:53)
	at org.junit.runners.ParentRunner$2.evaluate(ParentRunner.java:229)
	at org.junit.runners.ParentRunner.run(ParentRunner.java:309)
	at org.apache.maven.surefire.junit4.JUnit4Provider.execute(JUnit4Provider.java:365)
	at org.apache.maven.surefire.junit4.JUnit4Provider.executeWithRerun(JUnit4Provider.java:273)
	at org.apache.maven.surefire.junit4.JUnit4Provider.executeTestSet(JUnit4Provider.java:238)
	at org.apache.maven.surefire.junit4.JUnit4Provider.invoke(JUnit4Provider.java:159)
	at org.apache.maven.surefire.booter.ForkedBooter.invokeProviderInSameClassLoader(ForkedBooter.java:384)
	at org.apache.maven.surefire.booter.ForkedBooter.runSuitesInProcess(ForkedBooter.java:345)
	at org.apache.maven.surefire.booter.ForkedBooter.execute(ForkedBooter.java:126)
	at org.apache.maven.surefire.booter.ForkedBooter.main(ForkedBooter.java:418)

]]></system-err>
  </testcase>
  <testcase name="testDecommissioningNodesCompleteDecommissionOnSCMRestart" classname="org.apache.hadoop.ozone.scm.node.TestDecommissionAndMaintenance" time="45.384"/>
</testsuite>