<?xml version="1.0" encoding="UTF-8"?>
<testsuite xmlns:xsi="http://www.w3.org/2001/XMLSchema-instance" xsi:noNamespaceSchemaLocation="https://maven.apache.org/surefire/maven-surefire-plugin/xsd/surefire-test-report-3.0.xsd" version="3.0" name="org.apache.hadoop.fs.ozone.TestOzoneFileSystemWithFSO" time="147.751" tests="102" errors="0" skipped="10" failures="1">
  <properties>
    <property name="awt.toolkit" value="sun.awt.X11.XToolkit"/>
    <property name="file.encoding.pkg" value="sun.io"/>
    <property name="java.specification.version" value="1.8"/>
    <property name="sun.cpu.isalist" value=""/>
    <property name="sun.jnu.encoding" value="UTF-8"/>
    <property name="java.class.path" value="/home/runner/work/ozone/ozone/hadoop-ozone/integration-test/target/test-classes:/home/runner/work/ozone/ozone/hadoop-ozone/integration-test/target/classes:/home/runner/.m2/repository/org/apache/ozone/ozone-common/1.4.0-SNAPSHOT/ozone-common-1.4.0-SNAPSHOT.jar:/home/runner/.m2/repository/io/grpc/grpc-netty/1.51.1/grpc-netty-1.51.1.jar:/home/runner/.m2/repository/io/grpc/grpc-core/1.51.1/grpc-core-1.51.1.jar:/home/runner/.m2/repository/com/google/android/annotations/4.1.1.4/annotations-4.1.1.4.jar:/home/runner/.m2/repository/org/codehaus/mojo/animal-sniffer-annotations/1.21/animal-sniffer-annotations-1.21.jar:/home/runner/.m2/repository/com/google/errorprone/error_prone_annotations/2.2.0/error_prone_annotations-2.2.0.jar:/home/runner/.m2/repository/io/perfmark/perfmark-api/0.25.0/perfmark-api-0.25.0.jar:/home/runner/.m2/repository/io/netty/netty-codec-http2/4.1.94.Final/netty-codec-http2-4.1.94.Final.jar:/home/runner/.m2/repository/io/netty/netty-common/4.1.94.Final/netty-common-4.1.94.Final.jar:/home/runner/.m2/repository/io/netty/netty-buffer/4.1.94.Final/netty-buffer-4.1.94.Final.jar:/home/runner/.m2/repository/io/netty/netty-codec-http/4.1.94.Final/netty-codec-http-4.1.94.Final.jar:/home/runner/.m2/repository/io/netty/netty-handler-proxy/4.1.94.Final/netty-handler-proxy-4.1.94.Final.jar:/home/runner/.m2/repository/io/netty/netty-codec-socks/4.1.94.Final/netty-codec-socks-4.1.94.Final.jar:/home/runner/.m2/repository/io/netty/netty-tcnative-boringssl-static/2.0.61.Final/netty-tcnative-boringssl-static-2.0.61.Final.jar:/home/runner/.m2/repository/io/netty/netty-tcnative-classes/2.0.61.Final/netty-tcnative-classes-2.0.61.Final.jar:/home/runner/.m2/repository/io/netty/netty-tcnative-boringssl-static/2.0.61.Final/netty-tcnative-boringssl-static-2.0.61.Final-linux-x86_64.jar:/home/runner/.m2/repository/io/netty/netty-tcnative-boringssl-static/2.0.61.Final/netty-tcnative-boringssl-static-2.0.61.Final-linux-aarch_64.jar:/home/runner/.m2/repository/io/netty/netty-tcnative-boringssl-static/2.0.61.Final/netty-tcnative-boringssl-static-2.0.61.Final-osx-x86_64.jar:/home/runner/.m2/repository/io/netty/netty-tcnative-boringssl-static/2.0.61.Final/netty-tcnative-boringssl-static-2.0.61.Final-osx-aarch_64.jar:/home/runner/.m2/repository/io/netty/netty-tcnative-boringssl-static/2.0.61.Final/netty-tcnative-boringssl-static-2.0.61.Final-windows-x86_64.jar:/home/runner/.m2/repository/org/apache/commons/commons-compress/1.21/commons-compress-1.21.jar:/home/runner/.m2/repository/org/apache/ozone/hdds-common/1.4.0-SNAPSHOT/hdds-common-1.4.0-SNAPSHOT.jar:/home/runner/.m2/repository/org/apache/ozone/hdds-client/1.4.0-SNAPSHOT/hdds-client-1.4.0-SNAPSHOT.jar:/home/runner/.m2/repository/org/apache/ozone/ozone-interface-client/1.4.0-SNAPSHOT/ozone-interface-client-1.4.0-SNAPSHOT.jar:/home/runner/.m2/repository/org/apache/hadoop/hadoop-hdfs-client/3.3.6/hadoop-hdfs-client-3.3.6.jar:/home/runner/.m2/repository/com/squareup/okhttp3/okhttp/4.9.3/okhttp-4.9.3.jar:/home/runner/.m2/repository/com/squareup/okio/okio/3.4.0/okio-3.4.0.jar:/home/runner/.m2/repository/com/squareup/okio/okio-jvm/3.4.0/okio-jvm-3.4.0.jar:/home/runner/.m2/repository/org/jetbrains/kotlin/kotlin-stdlib-jdk8/1.8.0/kotlin-stdlib-jdk8-1.8.0.jar:/home/runner/.m2/repository/org/jetbrains/kotlin/kotlin-stdlib-jdk7/1.8.0/kotlin-stdlib-jdk7-1.8.0.jar:/home/runner/.m2/repository/org/jetbrains/kotlin/kotlin-stdlib-common/1.6.21/kotlin-stdlib-common-1.6.21.jar:/home/runner/.m2/repository/org/apache/ozone/hdds-test-utils/1.4.0-SNAPSHOT/hdds-test-utils-1.4.0-SNAPSHOT.jar:/home/runner/.m2/repository/com/google/guava/guava/32.0.0-jre/guava-32.0.0-jre.jar:/home/runner/.m2/repository/com/google/guava/failureaccess/1.0.1/failureaccess-1.0.1.jar:/home/runner/.m2/repository/com/google/guava/listenablefuture/9999.0-empty-to-avoid-conflict-with-guava/listenablefuture-9999.0-empty-to-avoid-conflict-with-guava.jar:/home/runner/.m2/repository/com/google/code/findbugs/jsr305/3.0.0/jsr305-3.0.0.jar:/home/runner/.m2/repository/org/checkerframework/checker-qual/3.33.0/checker-qual-3.33.0.jar:/home/runner/.m2/repository/com/google/j2objc/j2objc-annotations/2.8/j2objc-annotations-2.8.jar:/home/runner/.m2/repository/commons-io/commons-io/2.11.0/commons-io-2.11.0.jar:/home/runner/.m2/repository/commons-logging/commons-logging/1.2/commons-logging-1.2.jar:/home/runner/.m2/repository/ch/qos/reload4j/reload4j/1.2.22/reload4j-1.2.22.jar:/home/runner/.m2/repository/org/slf4j/slf4j-api/1.7.36/slf4j-api-1.7.36.jar:/home/runner/.m2/repository/org/apache/logging/log4j/log4j-api/2.17.1/log4j-api-2.17.1.jar:/home/runner/.m2/repository/org/apache/ozone/hdds-server-scm/1.4.0-SNAPSHOT/hdds-server-scm-1.4.0-SNAPSHOT.jar:/home/runner/.m2/repository/org/apache/ozone/hdds-container-service/1.4.0-SNAPSHOT/hdds-container-service-1.4.0-SNAPSHOT.jar:/home/runner/.m2/repository/org/apache/ozone/hdds-hadoop-dependency-server/1.4.0-SNAPSHOT/hdds-hadoop-dependency-server-1.4.0-SNAPSHOT.jar:/home/runner/.m2/repository/org/apache/hadoop/hadoop-hdfs/3.3.6/hadoop-hdfs-3.3.6.jar:/home/runner/.m2/repository/commons-daemon/commons-daemon/1.0.13/commons-daemon-1.0.13.jar:/home/runner/.m2/repository/org/apache/ozone/hdds-server-framework/1.4.0-SNAPSHOT/hdds-server-framework-1.4.0-SNAPSHOT.jar:/home/runner/.m2/repository/io/dropwizard/metrics/metrics-core/3.2.4/metrics-core-3.2.4.jar:/home/runner/.m2/repository/org/apache/commons/commons-text/1.10.0/commons-text-1.10.0.jar:/home/runner/.m2/repository/org/bouncycastle/bcprov-jdk15on/1.67/bcprov-jdk15on-1.67.jar:/home/runner/.m2/repository/com/google/protobuf/protobuf-java/2.5.0/protobuf-java-2.5.0.jar:/home/runner/.m2/repository/org/apache/ozone/hdds-server-framework/1.4.0-SNAPSHOT/hdds-server-framework-1.4.0-SNAPSHOT-tests.jar:/home/runner/.m2/repository/org/apache/ozone/hdds-interface-server/1.4.0-SNAPSHOT/hdds-interface-server-1.4.0-SNAPSHOT.jar:/home/runner/.m2/repository/org/apache/ozone/hdds-interface-admin/1.4.0-SNAPSHOT/hdds-interface-admin-1.4.0-SNAPSHOT.jar:/home/runner/.m2/repository/org/apache/ozone/hdds-managed-rocksdb/1.4.0-SNAPSHOT/hdds-managed-rocksdb-1.4.0-SNAPSHOT.jar:/home/runner/.m2/repository/org/rocksdb/rocksdbjni/7.7.3/rocksdbjni-7.7.3.jar:/home/runner/.m2/repository/org/slf4j/slf4j-reload4j/1.7.36/slf4j-reload4j-1.7.36.jar:/home/runner/.m2/repository/org/apache/commons/commons-configuration2/2.1.1/commons-configuration2-2.1.1.jar:/home/runner/.m2/repository/commons-fileupload/commons-fileupload/1.5/commons-fileupload-1.5.jar:/home/runner/.m2/repository/org/apache/logging/log4j/log4j-core/2.17.1/log4j-core-2.17.1.jar:/home/runner/.m2/repository/com/lmax/disruptor/3.4.2/disruptor-3.4.2.jar:/home/runner/.m2/repository/org/eclipse/jetty/jetty-util/9.4.51.v20230217/jetty-util-9.4.51.v20230217.jar:/home/runner/.m2/repository/org/eclipse/jetty/jetty-server/9.4.51.v20230217/jetty-server-9.4.51.v20230217.jar:/home/runner/.m2/repository/org/eclipse/jetty/jetty-http/9.4.51.v20230217/jetty-http-9.4.51.v20230217.jar:/home/runner/.m2/repository/org/eclipse/jetty/jetty-io/9.4.51.v20230217/jetty-io-9.4.51.v20230217.jar:/home/runner/.m2/repository/org/eclipse/jetty/jetty-servlet/9.4.51.v20230217/jetty-servlet-9.4.51.v20230217.jar:/home/runner/.m2/repository/org/eclipse/jetty/jetty-security/9.4.51.v20230217/jetty-security-9.4.51.v20230217.jar:/home/runner/.m2/repository/org/eclipse/jetty/jetty-util-ajax/9.4.51.v20230217/jetty-util-ajax-9.4.51.v20230217.jar:/home/runner/.m2/repository/org/eclipse/jetty/jetty-webapp/9.4.51.v20230217/jetty-webapp-9.4.51.v20230217.jar:/home/runner/.m2/repository/org/eclipse/jetty/jetty-xml/9.4.51.v20230217/jetty-xml-9.4.51.v20230217.jar:/home/runner/.m2/repository/org/apache/ratis/ratis-server/2.5.1/ratis-server-2.5.1.jar:/home/runner/.m2/repository/org/apache/ratis/ratis-thirdparty-misc/1.0.4/ratis-thirdparty-misc-1.0.4.jar:/home/runner/.m2/repository/org/apache/ratis/ratis-proto/2.5.1/ratis-proto-2.5.1.jar:/home/runner/.m2/repository/org/apache/ratis/ratis-common/2.5.1/ratis-common-2.5.1.jar:/home/runner/.m2/repository/org/apache/ratis/ratis-client/2.5.1/ratis-client-2.5.1.jar:/home/runner/.m2/repository/org/apache/ratis/ratis-server-api/2.5.1/ratis-server-api-2.5.1.jar:/home/runner/.m2/repository/org/apache/ratis/ratis-metrics/2.5.1/ratis-metrics-2.5.1.jar:/home/runner/.m2/repository/io/prometheus/simpleclient_dropwizard/0.7.0/simpleclient_dropwizard-0.7.0.jar:/home/runner/.m2/repository/io/prometheus/simpleclient/0.7.0/simpleclient-0.7.0.jar:/home/runner/.m2/repository/io/prometheus/simpleclient_common/0.7.0/simpleclient_common-0.7.0.jar:/home/runner/.m2/repository/com/fasterxml/jackson/datatype/jackson-datatype-jsr310/2.13.4/jackson-datatype-jsr310-2.13.4.jar:/home/runner/.m2/repository/com/fasterxml/jackson/core/jackson-core/2.13.4/jackson-core-2.13.4.jar:/home/runner/.m2/repository/com/github/spotbugs/spotbugs-annotations/3.1.12/spotbugs-annotations-3.1.12.jar:/home/runner/.m2/repository/org/apache/ozone/rocksdb-checkpoint-differ/1.4.0-SNAPSHOT/rocksdb-checkpoint-differ-1.4.0-SNAPSHOT.jar:/home/runner/.m2/repository/org/jgrapht/jgrapht-core/1.0.1/jgrapht-core-1.0.1.jar:/home/runner/.m2/repository/org/jgrapht/jgrapht-ext/1.0.1/jgrapht-ext-1.0.1.jar:/home/runner/.m2/repository/org/tinyjee/jgraphx/jgraphx/2.0.0.1/jgraphx-2.0.0.1.jar:/home/runner/.m2/repository/jgraph/jgraph/5.13.0.0/jgraph-5.13.0.0.jar:/home/runner/.m2/repository/org/antlr/antlr4-runtime/4.5.3/antlr4-runtime-4.5.3.jar:/home/runner/.m2/repository/org/awaitility/awaitility/4.2.0/awaitility-4.2.0.jar:/home/runner/.m2/repository/org/hamcrest/hamcrest/2.1/hamcrest-2.1.jar:/home/runner/.m2/repository/org/apache/ozone/ozone-manager/1.4.0-SNAPSHOT/ozone-manager-1.4.0-SNAPSHOT.jar:/home/runner/.m2/repository/org/aspectj/aspectjrt/1.9.7/aspectjrt-1.9.7.jar:/home/runner/.m2/repository/org/aspectj/aspectjweaver/1.9.7/aspectjweaver-1.9.7.jar:/home/runner/.m2/repository/org/apache/ozone/hdds-interface-client/1.4.0-SNAPSHOT/hdds-interface-client-1.4.0-SNAPSHOT.jar:/home/runner/.m2/repository/org/apache/hadoop/thirdparty/hadoop-shaded-protobuf_3_7/1.1.1/hadoop-shaded-protobuf_3_7-1.1.1.jar:/home/runner/.m2/repository/org/apache/ozone/ozone-interface-storage/1.4.0-SNAPSHOT/ozone-interface-storage-1.4.0-SNAPSHOT.jar:/home/runner/.m2/repository/org/reflections/reflections/0.9.11/reflections-0.9.11.jar:/home/runner/.m2/repository/com/sun/jersey/jersey-client/1.19/jersey-client-1.19.jar:/home/runner/.m2/repository/org/codehaus/jackson/jackson-core-asl/1.9.13/jackson-core-asl-1.9.13.jar:/home/runner/.m2/repository/org/codehaus/jackson/jackson-mapper-asl/1.9.13/jackson-mapper-asl-1.9.13.jar:/home/runner/.m2/repository/org/codehaus/jackson/jackson-jaxrs/1.9.13/jackson-jaxrs-1.9.13.jar:/home/runner/.m2/repository/org/apache/ranger/ranger-intg/2.3.0/ranger-intg-2.3.0.jar:/home/runner/.m2/repository/org/apache/ranger/ranger-plugins-common/2.3.0/ranger-plugins-common-2.3.0.jar:/home/runner/.m2/repository/commons-lang/commons-lang/2.6/commons-lang-2.6.jar:/home/runner/.m2/repository/org/apache/ranger/ranger-plugins-cred/2.3.0/ranger-plugins-cred-2.3.0.jar:/home/runner/.m2/repository/org/apache/ranger/ranger-plugins-audit/2.3.0/ranger-plugins-audit-2.3.0.jar:/home/runner/.m2/repository/org/eclipse/jetty/jetty-client/9.4.51.v20230217/jetty-client-9.4.51.v20230217.jar:/home/runner/.m2/repository/org/apache/httpcomponents/httpmime/4.5.6/httpmime-4.5.6.jar:/home/runner/.m2/repository/org/apache/httpcomponents/httpcore-nio/4.4.13/httpcore-nio-4.4.13.jar:/home/runner/.m2/repository/org/apache/httpcomponents/httpasyncclient/4.1.3/httpasyncclient-4.1.3.jar:/home/runner/.m2/repository/com/carrotsearch/hppc/0.8.0/hppc-0.8.0.jar:/home/runner/.m2/repository/org/apache/orc/orc-core/1.5.8/orc-core-1.5.8.jar:/home/runner/.m2/repository/net/java/dev/jna/jna/5.2.0/jna-5.2.0.jar:/home/runner/.m2/repository/net/java/dev/jna/jna-platform/5.2.0/jna-platform-5.2.0.jar:/home/runner/.m2/repository/com/kstruct/gethostname4j/0.0.2/gethostname4j-0.0.2.jar:/home/runner/.m2/repository/org/apache/ranger/ranger-plugin-classloader/2.3.0/ranger-plugin-classloader-2.3.0.jar:/home/runner/.m2/repository/org/apache/ozone/hdds-rocks-native/1.4.0-SNAPSHOT/hdds-rocks-native-1.4.0-SNAPSHOT.jar:/home/runner/.m2/repository/org/apache/hadoop/hadoop-minikdc/3.3.6/hadoop-minikdc-3.3.6.jar:/home/runner/.m2/repository/org/apache/kerby/kerb-simplekdc/1.0.1/kerb-simplekdc-1.0.1.jar:/home/runner/.m2/repository/org/apache/kerby/kerb-client/1.0.1/kerb-client-1.0.1.jar:/home/runner/.m2/repository/org/apache/kerby/kerby-config/1.0.1/kerby-config-1.0.1.jar:/home/runner/.m2/repository/org/apache/kerby/kerb-common/1.0.1/kerb-common-1.0.1.jar:/home/runner/.m2/repository/org/apache/kerby/kerb-crypto/1.0.1/kerb-crypto-1.0.1.jar:/home/runner/.m2/repository/org/apache/kerby/kerb-util/1.0.1/kerb-util-1.0.1.jar:/home/runner/.m2/repository/org/apache/kerby/token-provider/1.0.1/token-provider-1.0.1.jar:/home/runner/.m2/repository/org/apache/kerby/kerb-admin/1.0.1/kerb-admin-1.0.1.jar:/home/runner/.m2/repository/org/apache/kerby/kerb-server/1.0.1/kerb-server-1.0.1.jar:/home/runner/.m2/repository/org/apache/kerby/kerb-identity/1.0.1/kerb-identity-1.0.1.jar:/home/runner/.m2/repository/org/apache/kerby/kerby-xdr/1.0.1/kerby-xdr-1.0.1.jar:/home/runner/.m2/repository/org/apache/ozone/ozone-s3gateway/1.4.0-SNAPSHOT/ozone-s3gateway-1.4.0-SNAPSHOT.jar:/home/runner/.m2/repository/org/javassist/javassist/3.21.0-GA/javassist-3.21.0-GA.jar:/home/runner/.m2/repository/org/jboss/weld/servlet/weld-servlet-shaded/3.1.9.Final/weld-servlet-shaded-3.1.9.Final.jar:/home/runner/.m2/repository/org/glassfish/jersey/containers/jersey-container-servlet-core/2.34/jersey-container-servlet-core-2.34.jar:/home/runner/.m2/repository/org/glassfish/hk2/external/jakarta.inject/2.6.1/jakarta.inject-2.6.1.jar:/home/runner/.m2/repository/org/glassfish/jersey/core/jersey-common/2.34/jersey-common-2.34.jar:/home/runner/.m2/repository/jakarta/ws/rs/jakarta.ws.rs-api/2.1.6/jakarta.ws.rs-api-2.1.6.jar:/home/runner/.m2/repository/org/glassfish/jersey/ext/cdi/jersey-cdi1x/2.34/jersey-cdi1x-2.34.jar:/home/runner/.m2/repository/org/glassfish/jersey/inject/jersey-hk2/2.34/jersey-hk2-2.34.jar:/home/runner/.m2/repository/org/glassfish/hk2/hk2-locator/2.6.1/hk2-locator-2.6.1.jar:/home/runner/.m2/repository/org/glassfish/jersey/media/jersey-media-jaxb/2.34/jersey-media-jaxb-2.34.jar:/home/runner/.m2/repository/org/glassfish/hk2/osgi-resource-locator/1.0.3/osgi-resource-locator-1.0.3.jar:/home/runner/.m2/repository/org/glassfish/hk2/hk2-api/2.5.0/hk2-api-2.5.0.jar:/home/runner/.m2/repository/org/glassfish/hk2/hk2-utils/2.5.0/hk2-utils-2.5.0.jar:/home/runner/.m2/repository/org/glassfish/hk2/external/aopalliance-repackaged/2.5.0/aopalliance-repackaged-2.5.0.jar:/home/runner/.m2/repository/com/fasterxml/jackson/dataformat/jackson-dataformat-xml/2.13.4/jackson-dataformat-xml-2.13.4.jar:/home/runner/.m2/repository/org/codehaus/woodstox/stax2-api/4.2.1/stax2-api-4.2.1.jar:/home/runner/.m2/repository/com/fasterxml/woodstox/woodstox-core/5.4.0/woodstox-core-5.4.0.jar:/home/runner/.m2/repository/com/fasterxml/jackson/module/jackson-module-jaxb-annotations/2.13.4/jackson-module-jaxb-annotations-2.13.4.jar:/home/runner/.m2/repository/jakarta/xml/bind/jakarta.xml.bind-api/2.3.3/jakarta.xml.bind-api-2.3.3.jar:/home/runner/.m2/repository/jakarta/activation/jakarta.activation-api/1.2.2/jakarta.activation-api-1.2.2.jar:/home/runner/.m2/repository/javax/enterprise/cdi-api/2.0/cdi-api-2.0.jar:/home/runner/.m2/repository/javax/el/javax.el-api/3.0.0/javax.el-api-3.0.0.jar:/home/runner/.m2/repository/javax/interceptor/javax.interceptor-api/1.2/javax.interceptor-api-1.2.jar:/home/runner/.m2/repository/javax/inject/javax.inject/1/javax.inject-1.jar:/home/runner/.m2/repository/javax/xml/bind/jaxb-api/2.3.0/jaxb-api-2.3.0.jar:/home/runner/.m2/repository/org/glassfish/jaxb/jaxb-runtime/2.3.0.1/jaxb-runtime-2.3.0.1.jar:/home/runner/.m2/repository/org/glassfish/jaxb/jaxb-core/2.3.0.1/jaxb-core-2.3.0.1.jar:/home/runner/.m2/repository/org/glassfish/jaxb/txw2/2.3.0.1/txw2-2.3.0.1.jar:/home/runner/.m2/repository/com/sun/istack/istack-commons-runtime/3.0.5/istack-commons-runtime-3.0.5.jar:/home/runner/.m2/repository/org/jvnet/staxex/stax-ex/1.7.8/stax-ex-1.7.8.jar:/home/runner/.m2/repository/com/sun/xml/fastinfoset/FastInfoset/1.2.13/FastInfoset-1.2.13.jar:/home/runner/.m2/repository/javax/activation/activation/1.1.1/activation-1.1.1.jar:/home/runner/.m2/repository/io/grpc/grpc-protobuf/1.51.1/grpc-protobuf-1.51.1.jar:/home/runner/.m2/repository/com/google/api/grpc/proto-google-common-protos/2.9.0/proto-google-common-protos-2.9.0.jar:/home/runner/.m2/repository/io/grpc/grpc-protobuf-lite/1.51.1/grpc-protobuf-lite-1.51.1.jar:/home/runner/.m2/repository/io/grpc/grpc-stub/1.51.1/grpc-stub-1.51.1.jar:/home/runner/.m2/repository/io/netty/netty-transport/4.1.94.Final/netty-transport-4.1.94.Final.jar:/home/runner/.m2/repository/io/netty/netty-resolver/4.1.94.Final/netty-resolver-4.1.94.Final.jar:/home/runner/.m2/repository/org/apache/ozone/ozone-csi/1.4.0-SNAPSHOT/ozone-csi-1.4.0-SNAPSHOT.jar:/home/runner/.m2/repository/com/google/protobuf/protobuf-java-util/3.19.6/protobuf-java-util-3.19.6.jar:/home/runner/.m2/repository/com/google/code/gson/gson/2.9.0/gson-2.9.0.jar:/home/runner/.m2/repository/org/apache/ozone/hdds-config/1.4.0-SNAPSHOT/hdds-config-1.4.0-SNAPSHOT.jar:/home/runner/.m2/repository/io/netty/netty-transport-native-epoll/4.1.94.Final/netty-transport-native-epoll-4.1.94.Final-linux-x86_64.jar:/home/runner/.m2/repository/io/netty/netty-transport-classes-epoll/4.1.94.Final/netty-transport-classes-epoll-4.1.94.Final.jar:/home/runner/.m2/repository/io/netty/netty-transport-native-unix-common/4.1.94.Final/netty-transport-native-unix-common-4.1.94.Final.jar:/home/runner/.m2/repository/org/apache/ozone/ozone-recon/1.4.0-SNAPSHOT/ozone-recon-1.4.0-SNAPSHOT.jar:/home/runner/.m2/repository/org/apache/ozone/ozone-reconcodegen/1.4.0-SNAPSHOT/ozone-reconcodegen-1.4.0-SNAPSHOT.jar:/home/runner/.m2/repository/com/google/inject/guice/5.1.0/guice-5.1.0.jar:/home/runner/.m2/repository/aopalliance/aopalliance/1.0/aopalliance-1.0.jar:/home/runner/.m2/repository/com/google/inject/extensions/guice-assistedinject/5.1.0/guice-assistedinject-5.1.0.jar:/home/runner/.m2/repository/com/google/inject/extensions/guice-servlet/5.1.0/guice-servlet-5.1.0.jar:/home/runner/.m2/repository/org/glassfish/jersey/containers/jersey-container-servlet/2.34/jersey-container-servlet-2.34.jar:/home/runner/.m2/repository/org/glassfish/hk2/guice-bridge/2.5.0/guice-bridge-2.5.0.jar:/home/runner/.m2/repository/org/glassfish/jersey/core/jersey-server/2.34/jersey-server-2.34.jar:/home/runner/.m2/repository/org/glassfish/jersey/core/jersey-client/2.34/jersey-client-2.34.jar:/home/runner/.m2/repository/jakarta/annotation/jakarta.annotation-api/1.3.5/jakarta.annotation-api-1.3.5.jar:/home/runner/.m2/repository/jakarta/validation/jakarta.validation-api/2.0.2/jakarta.validation-api-2.0.2.jar:/home/runner/.m2/repository/org/glassfish/jersey/media/jersey-media-json-jackson/2.34/jersey-media-json-jackson-2.34.jar:/home/runner/.m2/repository/org/glassfish/jersey/ext/jersey-entity-filtering/2.34/jersey-entity-filtering-2.34.jar:/home/runner/.m2/repository/org/jooq/jooq/3.11.10/jooq-3.11.10.jar:/home/runner/.m2/repository/org/jooq/jooq-meta/3.11.10/jooq-meta-3.11.10.jar:/home/runner/.m2/repository/org/jooq/jooq-codegen/3.11.10/jooq-codegen-3.11.10.jar:/home/runner/.m2/repository/com/jolbox/bonecp/0.8.0.RELEASE/bonecp-0.8.0.RELEASE.jar:/home/runner/.m2/repository/org/apache/derby/derby/10.14.2.0/derby-10.14.2.0.jar:/home/runner/.m2/repository/org/xerial/sqlite-jdbc/3.41.2.2/sqlite-jdbc-3.41.2.2.jar:/home/runner/.m2/repository/org/springframework/spring-jdbc/5.3.27/spring-jdbc-5.3.27.jar:/home/runner/.m2/repository/org/springframework/spring-beans/5.3.27/spring-beans-5.3.27.jar:/home/runner/.m2/repository/org/springframework/spring-core/5.3.27/spring-core-5.3.27.jar:/home/runner/.m2/repository/org/springframework/spring-tx/5.3.27/spring-tx-5.3.27.jar:/home/runner/.m2/repository/org/apache/ozone/ozone-client/1.4.0-SNAPSHOT/ozone-client-1.4.0-SNAPSHOT.jar:/home/runner/.m2/repository/org/apache/ozone/hdds-erasurecode/1.4.0-SNAPSHOT/hdds-erasurecode-1.4.0-SNAPSHOT.jar:/home/runner/.m2/repository/org/apache/ozone/ozone-filesystem/1.4.0-SNAPSHOT/ozone-filesystem-1.4.0-SNAPSHOT.jar:/home/runner/.m2/repository/org/apache/ozone/ozone-filesystem-common/1.4.0-SNAPSHOT/ozone-filesystem-common-1.4.0-SNAPSHOT.jar:/home/runner/.m2/repository/org/apache/ozone/ozone-tools/1.4.0-SNAPSHOT/ozone-tools-1.4.0-SNAPSHOT.jar:/home/runner/.m2/repository/com/amazonaws/aws-java-sdk-core/1.12.261/aws-java-sdk-core-1.12.261.jar:/home/runner/.m2/repository/org/apache/httpcomponents/httpclient/4.5.13/httpclient-4.5.13.jar:/home/runner/.m2/repository/org/apache/httpcomponents/httpcore/4.4.13/httpcore-4.4.13.jar:/home/runner/.m2/repository/software/amazon/ion/ion-java/1.0.2/ion-java-1.0.2.jar:/home/runner/.m2/repository/com/fasterxml/jackson/dataformat/jackson-dataformat-cbor/2.13.4/jackson-dataformat-cbor-2.13.4.jar:/home/runner/.m2/repository/joda-time/joda-time/2.10.6/joda-time-2.10.6.jar:/home/runner/.m2/repository/com/amazonaws/aws-java-sdk-s3/1.12.261/aws-java-sdk-s3-1.12.261.jar:/home/runner/.m2/repository/com/amazonaws/aws-java-sdk-kms/1.12.261/aws-java-sdk-kms-1.12.261.jar:/home/runner/.m2/repository/com/amazonaws/jmespath-java/1.12.261/jmespath-java-1.12.261.jar:/home/runner/.m2/repository/org/kohsuke/metainf-services/metainf-services/1.8/metainf-services-1.8.jar:/home/runner/.m2/repository/org/apache/ozone/hdds-tools/1.4.0-SNAPSHOT/hdds-tools-1.4.0-SNAPSHOT.jar:/home/runner/.m2/repository/org/apache/ratis/ratis-tools/2.5.1/ratis-tools-2.5.1.jar:/home/runner/.m2/repository/commons-cli/commons-cli/1.2/commons-cli-1.2.jar:/home/runner/.m2/repository/org/apache/commons/commons-lang3/3.7/commons-lang3-3.7.jar:/home/runner/.m2/repository/org/apache/ozone/ozone-manager/1.4.0-SNAPSHOT/ozone-manager-1.4.0-SNAPSHOT-tests.jar:/home/runner/.m2/repository/org/apache/ozone/hdds-common/1.4.0-SNAPSHOT/hdds-common-1.4.0-SNAPSHOT-tests.jar:/home/runner/.m2/repository/org/apache/ozone/hdds-hadoop-dependency-client/1.4.0-SNAPSHOT/hdds-hadoop-dependency-client-1.4.0-SNAPSHOT.jar:/home/runner/.m2/repository/info/picocli/picocli/4.6.1/picocli-4.6.1.jar:/home/runner/.m2/repository/com/fasterxml/jackson/core/jackson-annotations/2.13.4/jackson-annotations-2.13.4.jar:/home/runner/.m2/repository/org/apache/ozone/hdds-annotation-processing/1.4.0-SNAPSHOT/hdds-annotation-processing-1.4.0-SNAPSHOT.jar:/home/runner/.m2/repository/javax/annotation/javax.annotation-api/1.2/javax.annotation-api-1.2.jar:/home/runner/.m2/repository/org/apache/ratis/ratis-netty/2.5.1/ratis-netty-2.5.1.jar:/home/runner/.m2/repository/org/apache/ratis/ratis-grpc/2.5.1/ratis-grpc-2.5.1.jar:/home/runner/.m2/repository/org/apache/commons/commons-pool2/2.6.0/commons-pool2-2.6.0.jar:/home/runner/.m2/repository/org/bouncycastle/bcpkix-jdk15on/1.67/bcpkix-jdk15on-1.67.jar:/home/runner/.m2/repository/commons-validator/commons-validator/1.6/commons-validator-1.6.jar:/home/runner/.m2/repository/commons-beanutils/commons-beanutils/1.9.4/commons-beanutils-1.9.4.jar:/home/runner/.m2/repository/commons-digester/commons-digester/1.8.1/commons-digester-1.8.1.jar:/home/runner/.m2/repository/commons-collections/commons-collections/3.2.2/commons-collections-3.2.2.jar:/home/runner/.m2/repository/io/jaegertracing/jaeger-client/1.6.0/jaeger-client-1.6.0.jar:/home/runner/.m2/repository/io/jaegertracing/jaeger-thrift/1.6.0/jaeger-thrift-1.6.0.jar:/home/runner/.m2/repository/org/apache/thrift/libthrift/0.14.1/libthrift-0.14.1.jar:/home/runner/.m2/repository/io/jaegertracing/jaeger-core/1.6.0/jaeger-core-1.6.0.jar:/home/runner/.m2/repository/io/jaegertracing/jaeger-tracerresolver/1.6.0/jaeger-tracerresolver-1.6.0.jar:/home/runner/.m2/repository/io/opentracing/contrib/opentracing-tracerresolver/0.1.8/opentracing-tracerresolver-0.1.8.jar:/home/runner/.m2/repository/org/jetbrains/kotlin/kotlin-stdlib/1.6.21/kotlin-stdlib-1.6.21.jar:/home/runner/.m2/repository/org/jetbrains/annotations/13.0/annotations-13.0.jar:/home/runner/.m2/repository/io/opentracing/opentracing-util/0.33.0/opentracing-util-0.33.0.jar:/home/runner/.m2/repository/io/opentracing/opentracing-api/0.33.0/opentracing-api-0.33.0.jar:/home/runner/.m2/repository/io/opentracing/opentracing-noop/0.33.0/opentracing-noop-0.33.0.jar:/home/runner/.m2/repository/org/yaml/snakeyaml/2.0/snakeyaml-2.0.jar:/home/runner/.m2/repository/io/grpc/grpc-api/1.51.1/grpc-api-1.51.1.jar:/home/runner/.m2/repository/io/grpc/grpc-context/1.51.1/grpc-context-1.51.1.jar:/home/runner/.m2/repository/junit/junit/4.13.1/junit-4.13.1.jar:/home/runner/.m2/repository/org/hamcrest/hamcrest-core/1.3/hamcrest-core-1.3.jar:/home/runner/.m2/repository/org/junit/jupiter/junit-jupiter-api/5.8.2/junit-jupiter-api-5.8.2.jar:/home/runner/.m2/repository/org/opentest4j/opentest4j/1.2.0/opentest4j-1.2.0.jar:/home/runner/.m2/repository/org/junit/platform/junit-platform-commons/1.8.2/junit-platform-commons-1.8.2.jar:/home/runner/.m2/repository/org/apiguardian/apiguardian-api/1.1.2/apiguardian-api-1.1.2.jar:/home/runner/.m2/repository/org/junit/jupiter/junit-jupiter-params/5.8.2/junit-jupiter-params-5.8.2.jar:/home/runner/.m2/repository/org/junit/jupiter/junit-jupiter-migrationsupport/5.8.2/junit-jupiter-migrationsupport-5.8.2.jar:/home/runner/.m2/repository/org/junit/jupiter/junit-jupiter-engine/5.8.2/junit-jupiter-engine-5.8.2.jar:/home/runner/.m2/repository/org/junit/platform/junit-platform-engine/1.8.2/junit-platform-engine-1.8.2.jar:/home/runner/.m2/repository/org/junit/vintage/junit-vintage-engine/5.8.2/junit-vintage-engine-5.8.2.jar:/home/runner/.m2/repository/org/junit/platform/junit-platform-launcher/1.8.2/junit-platform-launcher-1.8.2.jar:/home/runner/.m2/repository/org/mockito/mockito-core/3.5.9/mockito-core-3.5.9.jar:/home/runner/.m2/repository/net/bytebuddy/byte-buddy/1.10.13/byte-buddy-1.10.13.jar:/home/runner/.m2/repository/net/bytebuddy/byte-buddy-agent/1.10.13/byte-buddy-agent-1.10.13.jar:/home/runner/.m2/repository/org/objenesis/objenesis/1.0/objenesis-1.0.jar:/home/runner/.m2/repository/org/apache/hadoop/hadoop-kms/3.3.6/hadoop-kms-3.3.6.jar:/home/runner/.m2/repository/org/apache/hadoop/hadoop-auth/3.3.6/hadoop-auth-3.3.6.jar:/home/runner/.m2/repository/com/nimbusds/nimbus-jose-jwt/9.8.1/nimbus-jose-jwt-9.8.1.jar:/home/runner/.m2/repository/com/github/stephenc/jcip/jcip-annotations/1.0-1/jcip-annotations-1.0-1.jar:/home/runner/.m2/repository/org/apache/zookeeper/zookeeper/3.5.6/zookeeper-3.5.6.jar:/home/runner/.m2/repository/org/apache/zookeeper/zookeeper-jute/3.5.6/zookeeper-jute-3.5.6.jar:/home/runner/.m2/repository/org/apache/yetus/audience-annotations/0.5.0/audience-annotations-0.5.0.jar:/home/runner/.m2/repository/org/apache/curator/curator-framework/4.2.0/curator-framework-4.2.0.jar:/home/runner/.m2/repository/org/apache/hadoop/thirdparty/hadoop-shaded-guava/1.1.1/hadoop-shaded-guava-1.1.1.jar:/home/runner/.m2/repository/com/sun/jersey/jersey-core/1.19/jersey-core-1.19.jar:/home/runner/.m2/repository/javax/ws/rs/jsr311-api/1.1.1/jsr311-api-1.1.1.jar:/home/runner/.m2/repository/com/sun/jersey/jersey-server/1.19/jersey-server-1.19.jar:/home/runner/.m2/repository/javax/servlet/javax.servlet-api/3.1.0/javax.servlet-api-3.1.0.jar:/home/runner/.m2/repository/org/apache/hadoop/hadoop-common/3.3.6/hadoop-common-3.3.6.jar:/home/runner/.m2/repository/org/apache/commons/commons-math3/3.1.1/commons-math3-3.1.1.jar:/home/runner/.m2/repository/commons-net/commons-net/3.9.0/commons-net-3.9.0.jar:/home/runner/.m2/repository/com/sun/jersey/jersey-servlet/1.19/jersey-servlet-1.19.jar:/home/runner/.m2/repository/com/github/pjfanning/jersey-json/1.20/jersey-json-1.20.jar:/home/runner/.m2/repository/org/codehaus/jettison/jettison/1.1/jettison-1.1.jar:/home/runner/.m2/repository/com/sun/xml/bind/jaxb-impl/2.2.3-1/jaxb-impl-2.2.3-1.jar:/home/runner/.m2/repository/com/google/re2j/re2j/1.1/re2j-1.1.jar:/home/runner/.m2/repository/com/jcraft/jsch/0.1.54/jsch-0.1.54.jar:/home/runner/.m2/repository/org/apache/curator/curator-client/4.2.0/curator-client-4.2.0.jar:/home/runner/.m2/repository/org/apache/curator/curator-recipes/5.2.0/curator-recipes-5.2.0.jar:/home/runner/.m2/repository/org/apache/kerby/kerb-core/1.0.1/kerb-core-1.0.1.jar:/home/runner/.m2/repository/org/apache/kerby/kerby-pkix/1.0.1/kerby-pkix-1.0.1.jar:/home/runner/.m2/repository/org/apache/kerby/kerby-asn1/1.0.1/kerby-asn1-1.0.1.jar:/home/runner/.m2/repository/org/apache/kerby/kerby-util/1.0.1/kerby-util-1.0.1.jar:/home/runner/.m2/repository/dnsjava/dnsjava/2.1.7/dnsjava-2.1.7.jar:/home/runner/.m2/repository/org/xerial/snappy/snappy-java/1.1.8.2/snappy-java-1.1.8.2.jar:/home/runner/.m2/repository/com/fasterxml/jackson/core/jackson-databind/2.13.4.2/jackson-databind-2.13.4.2.jar:/home/runner/.m2/repository/org/apache/hadoop/hadoop-kms/3.3.6/hadoop-kms-3.3.6-tests.jar:/home/runner/.m2/repository/org/apache/ozone/hdds-server-scm/1.4.0-SNAPSHOT/hdds-server-scm-1.4.0-SNAPSHOT-tests.jar:/home/runner/.m2/repository/org/apache/ozone/hdds-container-service/1.4.0-SNAPSHOT/hdds-container-service-1.4.0-SNAPSHOT-tests.jar:/home/runner/.m2/repository/com/github/luben/zstd-jni/1.5.2-5/zstd-jni-1.5.2-5.jar:/home/runner/.m2/repository/commons-codec/commons-codec/1.15/commons-codec-1.15.jar:/home/runner/.m2/repository/io/netty/netty-codec/4.1.94.Final/netty-codec-4.1.94.Final.jar:/home/runner/.m2/repository/io/netty/netty-handler/4.1.94.Final/netty-handler-4.1.94.Final.jar:/home/runner/.m2/repository/org/apache/ozone/hdds-hadoop-dependency-test/1.4.0-SNAPSHOT/hdds-hadoop-dependency-test-1.4.0-SNAPSHOT.jar:/home/runner/.m2/repository/org/apache/hadoop/hadoop-common/3.3.6/hadoop-common-3.3.6-tests.jar:/home/runner/.m2/repository/org/apache/hadoop/hadoop-hdfs/3.3.6/hadoop-hdfs-3.3.6-tests.jar:/home/runner/.m2/repository/org/assertj/assertj-core/3.12.2/assertj-core-3.12.2.jar:/home/runner/.m2/repository/org/apache/hadoop/hadoop-distcp/3.3.6/hadoop-distcp-3.3.6.jar:/home/runner/.m2/repository/org/apache/hadoop/hadoop-mapreduce-client-jobclient/3.3.6/hadoop-mapreduce-client-jobclient-3.3.6.jar:/home/runner/.m2/repository/org/apache/hadoop/hadoop-mapreduce-client-common/3.3.6/hadoop-mapreduce-client-common-3.3.6.jar:/home/runner/.m2/repository/org/apache/hadoop/hadoop-yarn-common/3.3.6/hadoop-yarn-common-3.3.6.jar:/home/runner/.m2/repository/org/apache/hadoop/hadoop-yarn-api/3.3.6/hadoop-yarn-api-3.3.6.jar:/home/runner/.m2/repository/com/sun/jersey/contribs/jersey-guice/1.19/jersey-guice-1.19.jar:/home/runner/.m2/repository/com/fasterxml/jackson/jaxrs/jackson-jaxrs-json-provider/2.13.4/jackson-jaxrs-json-provider-2.13.4.jar:/home/runner/.m2/repository/com/fasterxml/jackson/jaxrs/jackson-jaxrs-base/2.13.4/jackson-jaxrs-base-2.13.4.jar:/home/runner/.m2/repository/org/apache/hadoop/hadoop-yarn-client/3.3.6/hadoop-yarn-client-3.3.6.jar:/home/runner/.m2/repository/org/eclipse/jetty/websocket/websocket-client/9.4.51.v20230217/websocket-client-9.4.51.v20230217.jar:/home/runner/.m2/repository/org/eclipse/jetty/websocket/websocket-common/9.4.51.v20230217/websocket-common-9.4.51.v20230217.jar:/home/runner/.m2/repository/org/eclipse/jetty/websocket/websocket-api/9.4.51.v20230217/websocket-api-9.4.51.v20230217.jar:/home/runner/.m2/repository/org/jline/jline/3.9.0/jline-3.9.0.jar:/home/runner/.m2/repository/org/apache/hadoop/hadoop-mapreduce-client-core/3.3.6/hadoop-mapreduce-client-core-3.3.6.jar:/home/runner/.m2/repository/org/apache/avro/avro/1.7.7/avro-1.7.7.jar:/home/runner/.m2/repository/com/thoughtworks/paranamer/paranamer/2.3/paranamer-2.3.jar:/home/runner/.m2/repository/org/apache/hadoop/hadoop-annotations/3.3.6/hadoop-annotations-3.3.6.jar:/usr/lib/jvm/temurin-8-jdk-amd64/jre/../lib/tools.jar:/home/runner/.m2/repository/io/netty/netty/3.10.6.Final/netty-3.10.6.Final.jar:/home/runner/.m2/repository/org/apache/hadoop/hadoop-distcp/3.3.6/hadoop-distcp-3.3.6-tests.jar:/home/runner/.m2/repository/org/slf4j/jul-to-slf4j/1.7.36/jul-to-slf4j-1.7.36.jar:"/>
    <property name="java.vm.vendor" value="Temurin"/>
    <property name="sun.arch.data.model" value="64"/>
    <property name="test.build.dir" value="/home/runner/work/ozone/ozone/hadoop-ozone/integration-test/target/test-dir"/>
    <property name="test.cache.data" value=""/>
    <property name="java.vendor.url" value="https://adoptium.net/"/>
    <property name="user.timezone" value="Etc/UTC"/>
    <property name="java.vm.specification.version" value="1.8"/>
    <property name="os.name" value="Linux"/>
    <property name="test.build.data" value="/home/runner/work/ozone/ozone/hadoop-ozone/integration-test/target/test-dir"/>
    <property name="sun.java.launcher" value="SUN_STANDARD"/>
    <property name="sun.boot.library.path" value="/usr/lib/jvm/temurin-8-jdk-amd64/jre/lib/amd64"/>
    <property name="sun.java.command" value="/home/runner/work/ozone/ozone/hadoop-ozone/integration-test/target/surefire/surefirebooter1418256777165463663.jar /home/runner/work/ozone/ozone/hadoop-ozone/integration-test/target/surefire 2023-07-25T10-49-55_197-jvmRun1 surefire8766758883451469998tmp surefire_33081341438881296843tmp"/>
    <property name="native.lib.tmp.dir" value="/tmp"/>
    <property name="surefire.test.class.path" value="/home/runner/work/ozone/ozone/hadoop-ozone/integration-test/target/test-classes:/home/runner/work/ozone/ozone/hadoop-ozone/integration-test/target/classes:/home/runner/.m2/repository/org/apache/ozone/ozone-common/1.4.0-SNAPSHOT/ozone-common-1.4.0-SNAPSHOT.jar:/home/runner/.m2/repository/io/grpc/grpc-netty/1.51.1/grpc-netty-1.51.1.jar:/home/runner/.m2/repository/io/grpc/grpc-core/1.51.1/grpc-core-1.51.1.jar:/home/runner/.m2/repository/com/google/android/annotations/4.1.1.4/annotations-4.1.1.4.jar:/home/runner/.m2/repository/org/codehaus/mojo/animal-sniffer-annotations/1.21/animal-sniffer-annotations-1.21.jar:/home/runner/.m2/repository/com/google/errorprone/error_prone_annotations/2.2.0/error_prone_annotations-2.2.0.jar:/home/runner/.m2/repository/io/perfmark/perfmark-api/0.25.0/perfmark-api-0.25.0.jar:/home/runner/.m2/repository/io/netty/netty-codec-http2/4.1.94.Final/netty-codec-http2-4.1.94.Final.jar:/home/runner/.m2/repository/io/netty/netty-common/4.1.94.Final/netty-common-4.1.94.Final.jar:/home/runner/.m2/repository/io/netty/netty-buffer/4.1.94.Final/netty-buffer-4.1.94.Final.jar:/home/runner/.m2/repository/io/netty/netty-codec-http/4.1.94.Final/netty-codec-http-4.1.94.Final.jar:/home/runner/.m2/repository/io/netty/netty-handler-proxy/4.1.94.Final/netty-handler-proxy-4.1.94.Final.jar:/home/runner/.m2/repository/io/netty/netty-codec-socks/4.1.94.Final/netty-codec-socks-4.1.94.Final.jar:/home/runner/.m2/repository/io/netty/netty-tcnative-boringssl-static/2.0.61.Final/netty-tcnative-boringssl-static-2.0.61.Final.jar:/home/runner/.m2/repository/io/netty/netty-tcnative-classes/2.0.61.Final/netty-tcnative-classes-2.0.61.Final.jar:/home/runner/.m2/repository/io/netty/netty-tcnative-boringssl-static/2.0.61.Final/netty-tcnative-boringssl-static-2.0.61.Final-linux-x86_64.jar:/home/runner/.m2/repository/io/netty/netty-tcnative-boringssl-static/2.0.61.Final/netty-tcnative-boringssl-static-2.0.61.Final-linux-aarch_64.jar:/home/runner/.m2/repository/io/netty/netty-tcnative-boringssl-static/2.0.61.Final/netty-tcnative-boringssl-static-2.0.61.Final-osx-x86_64.jar:/home/runner/.m2/repository/io/netty/netty-tcnative-boringssl-static/2.0.61.Final/netty-tcnative-boringssl-static-2.0.61.Final-osx-aarch_64.jar:/home/runner/.m2/repository/io/netty/netty-tcnative-boringssl-static/2.0.61.Final/netty-tcnative-boringssl-static-2.0.61.Final-windows-x86_64.jar:/home/runner/.m2/repository/org/apache/commons/commons-compress/1.21/commons-compress-1.21.jar:/home/runner/.m2/repository/org/apache/ozone/hdds-common/1.4.0-SNAPSHOT/hdds-common-1.4.0-SNAPSHOT.jar:/home/runner/.m2/repository/org/apache/ozone/hdds-client/1.4.0-SNAPSHOT/hdds-client-1.4.0-SNAPSHOT.jar:/home/runner/.m2/repository/org/apache/ozone/ozone-interface-client/1.4.0-SNAPSHOT/ozone-interface-client-1.4.0-SNAPSHOT.jar:/home/runner/.m2/repository/org/apache/hadoop/hadoop-hdfs-client/3.3.6/hadoop-hdfs-client-3.3.6.jar:/home/runner/.m2/repository/com/squareup/okhttp3/okhttp/4.9.3/okhttp-4.9.3.jar:/home/runner/.m2/repository/com/squareup/okio/okio/3.4.0/okio-3.4.0.jar:/home/runner/.m2/repository/com/squareup/okio/okio-jvm/3.4.0/okio-jvm-3.4.0.jar:/home/runner/.m2/repository/org/jetbrains/kotlin/kotlin-stdlib-jdk8/1.8.0/kotlin-stdlib-jdk8-1.8.0.jar:/home/runner/.m2/repository/org/jetbrains/kotlin/kotlin-stdlib-jdk7/1.8.0/kotlin-stdlib-jdk7-1.8.0.jar:/home/runner/.m2/repository/org/jetbrains/kotlin/kotlin-stdlib-common/1.6.21/kotlin-stdlib-common-1.6.21.jar:/home/runner/.m2/repository/org/apache/ozone/hdds-test-utils/1.4.0-SNAPSHOT/hdds-test-utils-1.4.0-SNAPSHOT.jar:/home/runner/.m2/repository/com/google/guava/guava/32.0.0-jre/guava-32.0.0-jre.jar:/home/runner/.m2/repository/com/google/guava/failureaccess/1.0.1/failureaccess-1.0.1.jar:/home/runner/.m2/repository/com/google/guava/listenablefuture/9999.0-empty-to-avoid-conflict-with-guava/listenablefuture-9999.0-empty-to-avoid-conflict-with-guava.jar:/home/runner/.m2/repository/com/google/code/findbugs/jsr305/3.0.0/jsr305-3.0.0.jar:/home/runner/.m2/repository/org/checkerframework/checker-qual/3.33.0/checker-qual-3.33.0.jar:/home/runner/.m2/repository/com/google/j2objc/j2objc-annotations/2.8/j2objc-annotations-2.8.jar:/home/runner/.m2/repository/commons-io/commons-io/2.11.0/commons-io-2.11.0.jar:/home/runner/.m2/repository/commons-logging/commons-logging/1.2/commons-logging-1.2.jar:/home/runner/.m2/repository/ch/qos/reload4j/reload4j/1.2.22/reload4j-1.2.22.jar:/home/runner/.m2/repository/org/slf4j/slf4j-api/1.7.36/slf4j-api-1.7.36.jar:/home/runner/.m2/repository/org/apache/logging/log4j/log4j-api/2.17.1/log4j-api-2.17.1.jar:/home/runner/.m2/repository/org/apache/ozone/hdds-server-scm/1.4.0-SNAPSHOT/hdds-server-scm-1.4.0-SNAPSHOT.jar:/home/runner/.m2/repository/org/apache/ozone/hdds-container-service/1.4.0-SNAPSHOT/hdds-container-service-1.4.0-SNAPSHOT.jar:/home/runner/.m2/repository/org/apache/ozone/hdds-hadoop-dependency-server/1.4.0-SNAPSHOT/hdds-hadoop-dependency-server-1.4.0-SNAPSHOT.jar:/home/runner/.m2/repository/org/apache/hadoop/hadoop-hdfs/3.3.6/hadoop-hdfs-3.3.6.jar:/home/runner/.m2/repository/commons-daemon/commons-daemon/1.0.13/commons-daemon-1.0.13.jar:/home/runner/.m2/repository/org/apache/ozone/hdds-server-framework/1.4.0-SNAPSHOT/hdds-server-framework-1.4.0-SNAPSHOT.jar:/home/runner/.m2/repository/io/dropwizard/metrics/metrics-core/3.2.4/metrics-core-3.2.4.jar:/home/runner/.m2/repository/org/apache/commons/commons-text/1.10.0/commons-text-1.10.0.jar:/home/runner/.m2/repository/org/bouncycastle/bcprov-jdk15on/1.67/bcprov-jdk15on-1.67.jar:/home/runner/.m2/repository/com/google/protobuf/protobuf-java/2.5.0/protobuf-java-2.5.0.jar:/home/runner/.m2/repository/org/apache/ozone/hdds-server-framework/1.4.0-SNAPSHOT/hdds-server-framework-1.4.0-SNAPSHOT-tests.jar:/home/runner/.m2/repository/org/apache/ozone/hdds-interface-server/1.4.0-SNAPSHOT/hdds-interface-server-1.4.0-SNAPSHOT.jar:/home/runner/.m2/repository/org/apache/ozone/hdds-interface-admin/1.4.0-SNAPSHOT/hdds-interface-admin-1.4.0-SNAPSHOT.jar:/home/runner/.m2/repository/org/apache/ozone/hdds-managed-rocksdb/1.4.0-SNAPSHOT/hdds-managed-rocksdb-1.4.0-SNAPSHOT.jar:/home/runner/.m2/repository/org/rocksdb/rocksdbjni/7.7.3/rocksdbjni-7.7.3.jar:/home/runner/.m2/repository/org/slf4j/slf4j-reload4j/1.7.36/slf4j-reload4j-1.7.36.jar:/home/runner/.m2/repository/org/apache/commons/commons-configuration2/2.1.1/commons-configuration2-2.1.1.jar:/home/runner/.m2/repository/commons-fileupload/commons-fileupload/1.5/commons-fileupload-1.5.jar:/home/runner/.m2/repository/org/apache/logging/log4j/log4j-core/2.17.1/log4j-core-2.17.1.jar:/home/runner/.m2/repository/com/lmax/disruptor/3.4.2/disruptor-3.4.2.jar:/home/runner/.m2/repository/org/eclipse/jetty/jetty-util/9.4.51.v20230217/jetty-util-9.4.51.v20230217.jar:/home/runner/.m2/repository/org/eclipse/jetty/jetty-server/9.4.51.v20230217/jetty-server-9.4.51.v20230217.jar:/home/runner/.m2/repository/org/eclipse/jetty/jetty-http/9.4.51.v20230217/jetty-http-9.4.51.v20230217.jar:/home/runner/.m2/repository/org/eclipse/jetty/jetty-io/9.4.51.v20230217/jetty-io-9.4.51.v20230217.jar:/home/runner/.m2/repository/org/eclipse/jetty/jetty-servlet/9.4.51.v20230217/jetty-servlet-9.4.51.v20230217.jar:/home/runner/.m2/repository/org/eclipse/jetty/jetty-security/9.4.51.v20230217/jetty-security-9.4.51.v20230217.jar:/home/runner/.m2/repository/org/eclipse/jetty/jetty-util-ajax/9.4.51.v20230217/jetty-util-ajax-9.4.51.v20230217.jar:/home/runner/.m2/repository/org/eclipse/jetty/jetty-webapp/9.4.51.v20230217/jetty-webapp-9.4.51.v20230217.jar:/home/runner/.m2/repository/org/eclipse/jetty/jetty-xml/9.4.51.v20230217/jetty-xml-9.4.51.v20230217.jar:/home/runner/.m2/repository/org/apache/ratis/ratis-server/2.5.1/ratis-server-2.5.1.jar:/home/runner/.m2/repository/org/apache/ratis/ratis-thirdparty-misc/1.0.4/ratis-thirdparty-misc-1.0.4.jar:/home/runner/.m2/repository/org/apache/ratis/ratis-proto/2.5.1/ratis-proto-2.5.1.jar:/home/runner/.m2/repository/org/apache/ratis/ratis-common/2.5.1/ratis-common-2.5.1.jar:/home/runner/.m2/repository/org/apache/ratis/ratis-client/2.5.1/ratis-client-2.5.1.jar:/home/runner/.m2/repository/org/apache/ratis/ratis-server-api/2.5.1/ratis-server-api-2.5.1.jar:/home/runner/.m2/repository/org/apache/ratis/ratis-metrics/2.5.1/ratis-metrics-2.5.1.jar:/home/runner/.m2/repository/io/prometheus/simpleclient_dropwizard/0.7.0/simpleclient_dropwizard-0.7.0.jar:/home/runner/.m2/repository/io/prometheus/simpleclient/0.7.0/simpleclient-0.7.0.jar:/home/runner/.m2/repository/io/prometheus/simpleclient_common/0.7.0/simpleclient_common-0.7.0.jar:/home/runner/.m2/repository/com/fasterxml/jackson/datatype/jackson-datatype-jsr310/2.13.4/jackson-datatype-jsr310-2.13.4.jar:/home/runner/.m2/repository/com/fasterxml/jackson/core/jackson-core/2.13.4/jackson-core-2.13.4.jar:/home/runner/.m2/repository/com/github/spotbugs/spotbugs-annotations/3.1.12/spotbugs-annotations-3.1.12.jar:/home/runner/.m2/repository/org/apache/ozone/rocksdb-checkpoint-differ/1.4.0-SNAPSHOT/rocksdb-checkpoint-differ-1.4.0-SNAPSHOT.jar:/home/runner/.m2/repository/org/jgrapht/jgrapht-core/1.0.1/jgrapht-core-1.0.1.jar:/home/runner/.m2/repository/org/jgrapht/jgrapht-ext/1.0.1/jgrapht-ext-1.0.1.jar:/home/runner/.m2/repository/org/tinyjee/jgraphx/jgraphx/2.0.0.1/jgraphx-2.0.0.1.jar:/home/runner/.m2/repository/jgraph/jgraph/5.13.0.0/jgraph-5.13.0.0.jar:/home/runner/.m2/repository/org/antlr/antlr4-runtime/4.5.3/antlr4-runtime-4.5.3.jar:/home/runner/.m2/repository/org/awaitility/awaitility/4.2.0/awaitility-4.2.0.jar:/home/runner/.m2/repository/org/hamcrest/hamcrest/2.1/hamcrest-2.1.jar:/home/runner/.m2/repository/org/apache/ozone/ozone-manager/1.4.0-SNAPSHOT/ozone-manager-1.4.0-SNAPSHOT.jar:/home/runner/.m2/repository/org/aspectj/aspectjrt/1.9.7/aspectjrt-1.9.7.jar:/home/runner/.m2/repository/org/aspectj/aspectjweaver/1.9.7/aspectjweaver-1.9.7.jar:/home/runner/.m2/repository/org/apache/ozone/hdds-interface-client/1.4.0-SNAPSHOT/hdds-interface-client-1.4.0-SNAPSHOT.jar:/home/runner/.m2/repository/org/apache/hadoop/thirdparty/hadoop-shaded-protobuf_3_7/1.1.1/hadoop-shaded-protobuf_3_7-1.1.1.jar:/home/runner/.m2/repository/org/apache/ozone/ozone-interface-storage/1.4.0-SNAPSHOT/ozone-interface-storage-1.4.0-SNAPSHOT.jar:/home/runner/.m2/repository/org/reflections/reflections/0.9.11/reflections-0.9.11.jar:/home/runner/.m2/repository/com/sun/jersey/jersey-client/1.19/jersey-client-1.19.jar:/home/runner/.m2/repository/org/codehaus/jackson/jackson-core-asl/1.9.13/jackson-core-asl-1.9.13.jar:/home/runner/.m2/repository/org/codehaus/jackson/jackson-mapper-asl/1.9.13/jackson-mapper-asl-1.9.13.jar:/home/runner/.m2/repository/org/codehaus/jackson/jackson-jaxrs/1.9.13/jackson-jaxrs-1.9.13.jar:/home/runner/.m2/repository/org/apache/ranger/ranger-intg/2.3.0/ranger-intg-2.3.0.jar:/home/runner/.m2/repository/org/apache/ranger/ranger-plugins-common/2.3.0/ranger-plugins-common-2.3.0.jar:/home/runner/.m2/repository/commons-lang/commons-lang/2.6/commons-lang-2.6.jar:/home/runner/.m2/repository/org/apache/ranger/ranger-plugins-cred/2.3.0/ranger-plugins-cred-2.3.0.jar:/home/runner/.m2/repository/org/apache/ranger/ranger-plugins-audit/2.3.0/ranger-plugins-audit-2.3.0.jar:/home/runner/.m2/repository/org/eclipse/jetty/jetty-client/9.4.51.v20230217/jetty-client-9.4.51.v20230217.jar:/home/runner/.m2/repository/org/apache/httpcomponents/httpmime/4.5.6/httpmime-4.5.6.jar:/home/runner/.m2/repository/org/apache/httpcomponents/httpcore-nio/4.4.13/httpcore-nio-4.4.13.jar:/home/runner/.m2/repository/org/apache/httpcomponents/httpasyncclient/4.1.3/httpasyncclient-4.1.3.jar:/home/runner/.m2/repository/com/carrotsearch/hppc/0.8.0/hppc-0.8.0.jar:/home/runner/.m2/repository/org/apache/orc/orc-core/1.5.8/orc-core-1.5.8.jar:/home/runner/.m2/repository/net/java/dev/jna/jna/5.2.0/jna-5.2.0.jar:/home/runner/.m2/repository/net/java/dev/jna/jna-platform/5.2.0/jna-platform-5.2.0.jar:/home/runner/.m2/repository/com/kstruct/gethostname4j/0.0.2/gethostname4j-0.0.2.jar:/home/runner/.m2/repository/org/apache/ranger/ranger-plugin-classloader/2.3.0/ranger-plugin-classloader-2.3.0.jar:/home/runner/.m2/repository/org/apache/ozone/hdds-rocks-native/1.4.0-SNAPSHOT/hdds-rocks-native-1.4.0-SNAPSHOT.jar:/home/runner/.m2/repository/org/apache/hadoop/hadoop-minikdc/3.3.6/hadoop-minikdc-3.3.6.jar:/home/runner/.m2/repository/org/apache/kerby/kerb-simplekdc/1.0.1/kerb-simplekdc-1.0.1.jar:/home/runner/.m2/repository/org/apache/kerby/kerb-client/1.0.1/kerb-client-1.0.1.jar:/home/runner/.m2/repository/org/apache/kerby/kerby-config/1.0.1/kerby-config-1.0.1.jar:/home/runner/.m2/repository/org/apache/kerby/kerb-common/1.0.1/kerb-common-1.0.1.jar:/home/runner/.m2/repository/org/apache/kerby/kerb-crypto/1.0.1/kerb-crypto-1.0.1.jar:/home/runner/.m2/repository/org/apache/kerby/kerb-util/1.0.1/kerb-util-1.0.1.jar:/home/runner/.m2/repository/org/apache/kerby/token-provider/1.0.1/token-provider-1.0.1.jar:/home/runner/.m2/repository/org/apache/kerby/kerb-admin/1.0.1/kerb-admin-1.0.1.jar:/home/runner/.m2/repository/org/apache/kerby/kerb-server/1.0.1/kerb-server-1.0.1.jar:/home/runner/.m2/repository/org/apache/kerby/kerb-identity/1.0.1/kerb-identity-1.0.1.jar:/home/runner/.m2/repository/org/apache/kerby/kerby-xdr/1.0.1/kerby-xdr-1.0.1.jar:/home/runner/.m2/repository/org/apache/ozone/ozone-s3gateway/1.4.0-SNAPSHOT/ozone-s3gateway-1.4.0-SNAPSHOT.jar:/home/runner/.m2/repository/org/javassist/javassist/3.21.0-GA/javassist-3.21.0-GA.jar:/home/runner/.m2/repository/org/jboss/weld/servlet/weld-servlet-shaded/3.1.9.Final/weld-servlet-shaded-3.1.9.Final.jar:/home/runner/.m2/repository/org/glassfish/jersey/containers/jersey-container-servlet-core/2.34/jersey-container-servlet-core-2.34.jar:/home/runner/.m2/repository/org/glassfish/hk2/external/jakarta.inject/2.6.1/jakarta.inject-2.6.1.jar:/home/runner/.m2/repository/org/glassfish/jersey/core/jersey-common/2.34/jersey-common-2.34.jar:/home/runner/.m2/repository/jakarta/ws/rs/jakarta.ws.rs-api/2.1.6/jakarta.ws.rs-api-2.1.6.jar:/home/runner/.m2/repository/org/glassfish/jersey/ext/cdi/jersey-cdi1x/2.34/jersey-cdi1x-2.34.jar:/home/runner/.m2/repository/org/glassfish/jersey/inject/jersey-hk2/2.34/jersey-hk2-2.34.jar:/home/runner/.m2/repository/org/glassfish/hk2/hk2-locator/2.6.1/hk2-locator-2.6.1.jar:/home/runner/.m2/repository/org/glassfish/jersey/media/jersey-media-jaxb/2.34/jersey-media-jaxb-2.34.jar:/home/runner/.m2/repository/org/glassfish/hk2/osgi-resource-locator/1.0.3/osgi-resource-locator-1.0.3.jar:/home/runner/.m2/repository/org/glassfish/hk2/hk2-api/2.5.0/hk2-api-2.5.0.jar:/home/runner/.m2/repository/org/glassfish/hk2/hk2-utils/2.5.0/hk2-utils-2.5.0.jar:/home/runner/.m2/repository/org/glassfish/hk2/external/aopalliance-repackaged/2.5.0/aopalliance-repackaged-2.5.0.jar:/home/runner/.m2/repository/com/fasterxml/jackson/dataformat/jackson-dataformat-xml/2.13.4/jackson-dataformat-xml-2.13.4.jar:/home/runner/.m2/repository/org/codehaus/woodstox/stax2-api/4.2.1/stax2-api-4.2.1.jar:/home/runner/.m2/repository/com/fasterxml/woodstox/woodstox-core/5.4.0/woodstox-core-5.4.0.jar:/home/runner/.m2/repository/com/fasterxml/jackson/module/jackson-module-jaxb-annotations/2.13.4/jackson-module-jaxb-annotations-2.13.4.jar:/home/runner/.m2/repository/jakarta/xml/bind/jakarta.xml.bind-api/2.3.3/jakarta.xml.bind-api-2.3.3.jar:/home/runner/.m2/repository/jakarta/activation/jakarta.activation-api/1.2.2/jakarta.activation-api-1.2.2.jar:/home/runner/.m2/repository/javax/enterprise/cdi-api/2.0/cdi-api-2.0.jar:/home/runner/.m2/repository/javax/el/javax.el-api/3.0.0/javax.el-api-3.0.0.jar:/home/runner/.m2/repository/javax/interceptor/javax.interceptor-api/1.2/javax.interceptor-api-1.2.jar:/home/runner/.m2/repository/javax/inject/javax.inject/1/javax.inject-1.jar:/home/runner/.m2/repository/javax/xml/bind/jaxb-api/2.3.0/jaxb-api-2.3.0.jar:/home/runner/.m2/repository/org/glassfish/jaxb/jaxb-runtime/2.3.0.1/jaxb-runtime-2.3.0.1.jar:/home/runner/.m2/repository/org/glassfish/jaxb/jaxb-core/2.3.0.1/jaxb-core-2.3.0.1.jar:/home/runner/.m2/repository/org/glassfish/jaxb/txw2/2.3.0.1/txw2-2.3.0.1.jar:/home/runner/.m2/repository/com/sun/istack/istack-commons-runtime/3.0.5/istack-commons-runtime-3.0.5.jar:/home/runner/.m2/repository/org/jvnet/staxex/stax-ex/1.7.8/stax-ex-1.7.8.jar:/home/runner/.m2/repository/com/sun/xml/fastinfoset/FastInfoset/1.2.13/FastInfoset-1.2.13.jar:/home/runner/.m2/repository/javax/activation/activation/1.1.1/activation-1.1.1.jar:/home/runner/.m2/repository/io/grpc/grpc-protobuf/1.51.1/grpc-protobuf-1.51.1.jar:/home/runner/.m2/repository/com/google/api/grpc/proto-google-common-protos/2.9.0/proto-google-common-protos-2.9.0.jar:/home/runner/.m2/repository/io/grpc/grpc-protobuf-lite/1.51.1/grpc-protobuf-lite-1.51.1.jar:/home/runner/.m2/repository/io/grpc/grpc-stub/1.51.1/grpc-stub-1.51.1.jar:/home/runner/.m2/repository/io/netty/netty-transport/4.1.94.Final/netty-transport-4.1.94.Final.jar:/home/runner/.m2/repository/io/netty/netty-resolver/4.1.94.Final/netty-resolver-4.1.94.Final.jar:/home/runner/.m2/repository/org/apache/ozone/ozone-csi/1.4.0-SNAPSHOT/ozone-csi-1.4.0-SNAPSHOT.jar:/home/runner/.m2/repository/com/google/protobuf/protobuf-java-util/3.19.6/protobuf-java-util-3.19.6.jar:/home/runner/.m2/repository/com/google/code/gson/gson/2.9.0/gson-2.9.0.jar:/home/runner/.m2/repository/org/apache/ozone/hdds-config/1.4.0-SNAPSHOT/hdds-config-1.4.0-SNAPSHOT.jar:/home/runner/.m2/repository/io/netty/netty-transport-native-epoll/4.1.94.Final/netty-transport-native-epoll-4.1.94.Final-linux-x86_64.jar:/home/runner/.m2/repository/io/netty/netty-transport-classes-epoll/4.1.94.Final/netty-transport-classes-epoll-4.1.94.Final.jar:/home/runner/.m2/repository/io/netty/netty-transport-native-unix-common/4.1.94.Final/netty-transport-native-unix-common-4.1.94.Final.jar:/home/runner/.m2/repository/org/apache/ozone/ozone-recon/1.4.0-SNAPSHOT/ozone-recon-1.4.0-SNAPSHOT.jar:/home/runner/.m2/repository/org/apache/ozone/ozone-reconcodegen/1.4.0-SNAPSHOT/ozone-reconcodegen-1.4.0-SNAPSHOT.jar:/home/runner/.m2/repository/com/google/inject/guice/5.1.0/guice-5.1.0.jar:/home/runner/.m2/repository/aopalliance/aopalliance/1.0/aopalliance-1.0.jar:/home/runner/.m2/repository/com/google/inject/extensions/guice-assistedinject/5.1.0/guice-assistedinject-5.1.0.jar:/home/runner/.m2/repository/com/google/inject/extensions/guice-servlet/5.1.0/guice-servlet-5.1.0.jar:/home/runner/.m2/repository/org/glassfish/jersey/containers/jersey-container-servlet/2.34/jersey-container-servlet-2.34.jar:/home/runner/.m2/repository/org/glassfish/hk2/guice-bridge/2.5.0/guice-bridge-2.5.0.jar:/home/runner/.m2/repository/org/glassfish/jersey/core/jersey-server/2.34/jersey-server-2.34.jar:/home/runner/.m2/repository/org/glassfish/jersey/core/jersey-client/2.34/jersey-client-2.34.jar:/home/runner/.m2/repository/jakarta/annotation/jakarta.annotation-api/1.3.5/jakarta.annotation-api-1.3.5.jar:/home/runner/.m2/repository/jakarta/validation/jakarta.validation-api/2.0.2/jakarta.validation-api-2.0.2.jar:/home/runner/.m2/repository/org/glassfish/jersey/media/jersey-media-json-jackson/2.34/jersey-media-json-jackson-2.34.jar:/home/runner/.m2/repository/org/glassfish/jersey/ext/jersey-entity-filtering/2.34/jersey-entity-filtering-2.34.jar:/home/runner/.m2/repository/org/jooq/jooq/3.11.10/jooq-3.11.10.jar:/home/runner/.m2/repository/org/jooq/jooq-meta/3.11.10/jooq-meta-3.11.10.jar:/home/runner/.m2/repository/org/jooq/jooq-codegen/3.11.10/jooq-codegen-3.11.10.jar:/home/runner/.m2/repository/com/jolbox/bonecp/0.8.0.RELEASE/bonecp-0.8.0.RELEASE.jar:/home/runner/.m2/repository/org/apache/derby/derby/10.14.2.0/derby-10.14.2.0.jar:/home/runner/.m2/repository/org/xerial/sqlite-jdbc/3.41.2.2/sqlite-jdbc-3.41.2.2.jar:/home/runner/.m2/repository/org/springframework/spring-jdbc/5.3.27/spring-jdbc-5.3.27.jar:/home/runner/.m2/repository/org/springframework/spring-beans/5.3.27/spring-beans-5.3.27.jar:/home/runner/.m2/repository/org/springframework/spring-core/5.3.27/spring-core-5.3.27.jar:/home/runner/.m2/repository/org/springframework/spring-tx/5.3.27/spring-tx-5.3.27.jar:/home/runner/.m2/repository/org/apache/ozone/ozone-client/1.4.0-SNAPSHOT/ozone-client-1.4.0-SNAPSHOT.jar:/home/runner/.m2/repository/org/apache/ozone/hdds-erasurecode/1.4.0-SNAPSHOT/hdds-erasurecode-1.4.0-SNAPSHOT.jar:/home/runner/.m2/repository/org/apache/ozone/ozone-filesystem/1.4.0-SNAPSHOT/ozone-filesystem-1.4.0-SNAPSHOT.jar:/home/runner/.m2/repository/org/apache/ozone/ozone-filesystem-common/1.4.0-SNAPSHOT/ozone-filesystem-common-1.4.0-SNAPSHOT.jar:/home/runner/.m2/repository/org/apache/ozone/ozone-tools/1.4.0-SNAPSHOT/ozone-tools-1.4.0-SNAPSHOT.jar:/home/runner/.m2/repository/com/amazonaws/aws-java-sdk-core/1.12.261/aws-java-sdk-core-1.12.261.jar:/home/runner/.m2/repository/org/apache/httpcomponents/httpclient/4.5.13/httpclient-4.5.13.jar:/home/runner/.m2/repository/org/apache/httpcomponents/httpcore/4.4.13/httpcore-4.4.13.jar:/home/runner/.m2/repository/software/amazon/ion/ion-java/1.0.2/ion-java-1.0.2.jar:/home/runner/.m2/repository/com/fasterxml/jackson/dataformat/jackson-dataformat-cbor/2.13.4/jackson-dataformat-cbor-2.13.4.jar:/home/runner/.m2/repository/joda-time/joda-time/2.10.6/joda-time-2.10.6.jar:/home/runner/.m2/repository/com/amazonaws/aws-java-sdk-s3/1.12.261/aws-java-sdk-s3-1.12.261.jar:/home/runner/.m2/repository/com/amazonaws/aws-java-sdk-kms/1.12.261/aws-java-sdk-kms-1.12.261.jar:/home/runner/.m2/repository/com/amazonaws/jmespath-java/1.12.261/jmespath-java-1.12.261.jar:/home/runner/.m2/repository/org/kohsuke/metainf-services/metainf-services/1.8/metainf-services-1.8.jar:/home/runner/.m2/repository/org/apache/ozone/hdds-tools/1.4.0-SNAPSHOT/hdds-tools-1.4.0-SNAPSHOT.jar:/home/runner/.m2/repository/org/apache/ratis/ratis-tools/2.5.1/ratis-tools-2.5.1.jar:/home/runner/.m2/repository/commons-cli/commons-cli/1.2/commons-cli-1.2.jar:/home/runner/.m2/repository/org/apache/commons/commons-lang3/3.7/commons-lang3-3.7.jar:/home/runner/.m2/repository/org/apache/ozone/ozone-manager/1.4.0-SNAPSHOT/ozone-manager-1.4.0-SNAPSHOT-tests.jar:/home/runner/.m2/repository/org/apache/ozone/hdds-common/1.4.0-SNAPSHOT/hdds-common-1.4.0-SNAPSHOT-tests.jar:/home/runner/.m2/repository/org/apache/ozone/hdds-hadoop-dependency-client/1.4.0-SNAPSHOT/hdds-hadoop-dependency-client-1.4.0-SNAPSHOT.jar:/home/runner/.m2/repository/info/picocli/picocli/4.6.1/picocli-4.6.1.jar:/home/runner/.m2/repository/com/fasterxml/jackson/core/jackson-annotations/2.13.4/jackson-annotations-2.13.4.jar:/home/runner/.m2/repository/org/apache/ozone/hdds-annotation-processing/1.4.0-SNAPSHOT/hdds-annotation-processing-1.4.0-SNAPSHOT.jar:/home/runner/.m2/repository/javax/annotation/javax.annotation-api/1.2/javax.annotation-api-1.2.jar:/home/runner/.m2/repository/org/apache/ratis/ratis-netty/2.5.1/ratis-netty-2.5.1.jar:/home/runner/.m2/repository/org/apache/ratis/ratis-grpc/2.5.1/ratis-grpc-2.5.1.jar:/home/runner/.m2/repository/org/apache/commons/commons-pool2/2.6.0/commons-pool2-2.6.0.jar:/home/runner/.m2/repository/org/bouncycastle/bcpkix-jdk15on/1.67/bcpkix-jdk15on-1.67.jar:/home/runner/.m2/repository/commons-validator/commons-validator/1.6/commons-validator-1.6.jar:/home/runner/.m2/repository/commons-beanutils/commons-beanutils/1.9.4/commons-beanutils-1.9.4.jar:/home/runner/.m2/repository/commons-digester/commons-digester/1.8.1/commons-digester-1.8.1.jar:/home/runner/.m2/repository/commons-collections/commons-collections/3.2.2/commons-collections-3.2.2.jar:/home/runner/.m2/repository/io/jaegertracing/jaeger-client/1.6.0/jaeger-client-1.6.0.jar:/home/runner/.m2/repository/io/jaegertracing/jaeger-thrift/1.6.0/jaeger-thrift-1.6.0.jar:/home/runner/.m2/repository/org/apache/thrift/libthrift/0.14.1/libthrift-0.14.1.jar:/home/runner/.m2/repository/io/jaegertracing/jaeger-core/1.6.0/jaeger-core-1.6.0.jar:/home/runner/.m2/repository/io/jaegertracing/jaeger-tracerresolver/1.6.0/jaeger-tracerresolver-1.6.0.jar:/home/runner/.m2/repository/io/opentracing/contrib/opentracing-tracerresolver/0.1.8/opentracing-tracerresolver-0.1.8.jar:/home/runner/.m2/repository/org/jetbrains/kotlin/kotlin-stdlib/1.6.21/kotlin-stdlib-1.6.21.jar:/home/runner/.m2/repository/org/jetbrains/annotations/13.0/annotations-13.0.jar:/home/runner/.m2/repository/io/opentracing/opentracing-util/0.33.0/opentracing-util-0.33.0.jar:/home/runner/.m2/repository/io/opentracing/opentracing-api/0.33.0/opentracing-api-0.33.0.jar:/home/runner/.m2/repository/io/opentracing/opentracing-noop/0.33.0/opentracing-noop-0.33.0.jar:/home/runner/.m2/repository/org/yaml/snakeyaml/2.0/snakeyaml-2.0.jar:/home/runner/.m2/repository/io/grpc/grpc-api/1.51.1/grpc-api-1.51.1.jar:/home/runner/.m2/repository/io/grpc/grpc-context/1.51.1/grpc-context-1.51.1.jar:/home/runner/.m2/repository/junit/junit/4.13.1/junit-4.13.1.jar:/home/runner/.m2/repository/org/hamcrest/hamcrest-core/1.3/hamcrest-core-1.3.jar:/home/runner/.m2/repository/org/junit/jupiter/junit-jupiter-api/5.8.2/junit-jupiter-api-5.8.2.jar:/home/runner/.m2/repository/org/opentest4j/opentest4j/1.2.0/opentest4j-1.2.0.jar:/home/runner/.m2/repository/org/junit/platform/junit-platform-commons/1.8.2/junit-platform-commons-1.8.2.jar:/home/runner/.m2/repository/org/apiguardian/apiguardian-api/1.1.2/apiguardian-api-1.1.2.jar:/home/runner/.m2/repository/org/junit/jupiter/junit-jupiter-params/5.8.2/junit-jupiter-params-5.8.2.jar:/home/runner/.m2/repository/org/junit/jupiter/junit-jupiter-migrationsupport/5.8.2/junit-jupiter-migrationsupport-5.8.2.jar:/home/runner/.m2/repository/org/junit/jupiter/junit-jupiter-engine/5.8.2/junit-jupiter-engine-5.8.2.jar:/home/runner/.m2/repository/org/junit/platform/junit-platform-engine/1.8.2/junit-platform-engine-1.8.2.jar:/home/runner/.m2/repository/org/junit/vintage/junit-vintage-engine/5.8.2/junit-vintage-engine-5.8.2.jar:/home/runner/.m2/repository/org/junit/platform/junit-platform-launcher/1.8.2/junit-platform-launcher-1.8.2.jar:/home/runner/.m2/repository/org/mockito/mockito-core/3.5.9/mockito-core-3.5.9.jar:/home/runner/.m2/repository/net/bytebuddy/byte-buddy/1.10.13/byte-buddy-1.10.13.jar:/home/runner/.m2/repository/net/bytebuddy/byte-buddy-agent/1.10.13/byte-buddy-agent-1.10.13.jar:/home/runner/.m2/repository/org/objenesis/objenesis/1.0/objenesis-1.0.jar:/home/runner/.m2/repository/org/apache/hadoop/hadoop-kms/3.3.6/hadoop-kms-3.3.6.jar:/home/runner/.m2/repository/org/apache/hadoop/hadoop-auth/3.3.6/hadoop-auth-3.3.6.jar:/home/runner/.m2/repository/com/nimbusds/nimbus-jose-jwt/9.8.1/nimbus-jose-jwt-9.8.1.jar:/home/runner/.m2/repository/com/github/stephenc/jcip/jcip-annotations/1.0-1/jcip-annotations-1.0-1.jar:/home/runner/.m2/repository/org/apache/zookeeper/zookeeper/3.5.6/zookeeper-3.5.6.jar:/home/runner/.m2/repository/org/apache/zookeeper/zookeeper-jute/3.5.6/zookeeper-jute-3.5.6.jar:/home/runner/.m2/repository/org/apache/yetus/audience-annotations/0.5.0/audience-annotations-0.5.0.jar:/home/runner/.m2/repository/org/apache/curator/curator-framework/4.2.0/curator-framework-4.2.0.jar:/home/runner/.m2/repository/org/apache/hadoop/thirdparty/hadoop-shaded-guava/1.1.1/hadoop-shaded-guava-1.1.1.jar:/home/runner/.m2/repository/com/sun/jersey/jersey-core/1.19/jersey-core-1.19.jar:/home/runner/.m2/repository/javax/ws/rs/jsr311-api/1.1.1/jsr311-api-1.1.1.jar:/home/runner/.m2/repository/com/sun/jersey/jersey-server/1.19/jersey-server-1.19.jar:/home/runner/.m2/repository/javax/servlet/javax.servlet-api/3.1.0/javax.servlet-api-3.1.0.jar:/home/runner/.m2/repository/org/apache/hadoop/hadoop-common/3.3.6/hadoop-common-3.3.6.jar:/home/runner/.m2/repository/org/apache/commons/commons-math3/3.1.1/commons-math3-3.1.1.jar:/home/runner/.m2/repository/commons-net/commons-net/3.9.0/commons-net-3.9.0.jar:/home/runner/.m2/repository/com/sun/jersey/jersey-servlet/1.19/jersey-servlet-1.19.jar:/home/runner/.m2/repository/com/github/pjfanning/jersey-json/1.20/jersey-json-1.20.jar:/home/runner/.m2/repository/org/codehaus/jettison/jettison/1.1/jettison-1.1.jar:/home/runner/.m2/repository/com/sun/xml/bind/jaxb-impl/2.2.3-1/jaxb-impl-2.2.3-1.jar:/home/runner/.m2/repository/com/google/re2j/re2j/1.1/re2j-1.1.jar:/home/runner/.m2/repository/com/jcraft/jsch/0.1.54/jsch-0.1.54.jar:/home/runner/.m2/repository/org/apache/curator/curator-client/4.2.0/curator-client-4.2.0.jar:/home/runner/.m2/repository/org/apache/curator/curator-recipes/5.2.0/curator-recipes-5.2.0.jar:/home/runner/.m2/repository/org/apache/kerby/kerb-core/1.0.1/kerb-core-1.0.1.jar:/home/runner/.m2/repository/org/apache/kerby/kerby-pkix/1.0.1/kerby-pkix-1.0.1.jar:/home/runner/.m2/repository/org/apache/kerby/kerby-asn1/1.0.1/kerby-asn1-1.0.1.jar:/home/runner/.m2/repository/org/apache/kerby/kerby-util/1.0.1/kerby-util-1.0.1.jar:/home/runner/.m2/repository/dnsjava/dnsjava/2.1.7/dnsjava-2.1.7.jar:/home/runner/.m2/repository/org/xerial/snappy/snappy-java/1.1.8.2/snappy-java-1.1.8.2.jar:/home/runner/.m2/repository/com/fasterxml/jackson/core/jackson-databind/2.13.4.2/jackson-databind-2.13.4.2.jar:/home/runner/.m2/repository/org/apache/hadoop/hadoop-kms/3.3.6/hadoop-kms-3.3.6-tests.jar:/home/runner/.m2/repository/org/apache/ozone/hdds-server-scm/1.4.0-SNAPSHOT/hdds-server-scm-1.4.0-SNAPSHOT-tests.jar:/home/runner/.m2/repository/org/apache/ozone/hdds-container-service/1.4.0-SNAPSHOT/hdds-container-service-1.4.0-SNAPSHOT-tests.jar:/home/runner/.m2/repository/com/github/luben/zstd-jni/1.5.2-5/zstd-jni-1.5.2-5.jar:/home/runner/.m2/repository/commons-codec/commons-codec/1.15/commons-codec-1.15.jar:/home/runner/.m2/repository/io/netty/netty-codec/4.1.94.Final/netty-codec-4.1.94.Final.jar:/home/runner/.m2/repository/io/netty/netty-handler/4.1.94.Final/netty-handler-4.1.94.Final.jar:/home/runner/.m2/repository/org/apache/ozone/hdds-hadoop-dependency-test/1.4.0-SNAPSHOT/hdds-hadoop-dependency-test-1.4.0-SNAPSHOT.jar:/home/runner/.m2/repository/org/apache/hadoop/hadoop-common/3.3.6/hadoop-common-3.3.6-tests.jar:/home/runner/.m2/repository/org/apache/hadoop/hadoop-hdfs/3.3.6/hadoop-hdfs-3.3.6-tests.jar:/home/runner/.m2/repository/org/assertj/assertj-core/3.12.2/assertj-core-3.12.2.jar:/home/runner/.m2/repository/org/apache/hadoop/hadoop-distcp/3.3.6/hadoop-distcp-3.3.6.jar:/home/runner/.m2/repository/org/apache/hadoop/hadoop-mapreduce-client-jobclient/3.3.6/hadoop-mapreduce-client-jobclient-3.3.6.jar:/home/runner/.m2/repository/org/apache/hadoop/hadoop-mapreduce-client-common/3.3.6/hadoop-mapreduce-client-common-3.3.6.jar:/home/runner/.m2/repository/org/apache/hadoop/hadoop-yarn-common/3.3.6/hadoop-yarn-common-3.3.6.jar:/home/runner/.m2/repository/org/apache/hadoop/hadoop-yarn-api/3.3.6/hadoop-yarn-api-3.3.6.jar:/home/runner/.m2/repository/com/sun/jersey/contribs/jersey-guice/1.19/jersey-guice-1.19.jar:/home/runner/.m2/repository/com/fasterxml/jackson/jaxrs/jackson-jaxrs-json-provider/2.13.4/jackson-jaxrs-json-provider-2.13.4.jar:/home/runner/.m2/repository/com/fasterxml/jackson/jaxrs/jackson-jaxrs-base/2.13.4/jackson-jaxrs-base-2.13.4.jar:/home/runner/.m2/repository/org/apache/hadoop/hadoop-yarn-client/3.3.6/hadoop-yarn-client-3.3.6.jar:/home/runner/.m2/repository/org/eclipse/jetty/websocket/websocket-client/9.4.51.v20230217/websocket-client-9.4.51.v20230217.jar:/home/runner/.m2/repository/org/eclipse/jetty/websocket/websocket-common/9.4.51.v20230217/websocket-common-9.4.51.v20230217.jar:/home/runner/.m2/repository/org/eclipse/jetty/websocket/websocket-api/9.4.51.v20230217/websocket-api-9.4.51.v20230217.jar:/home/runner/.m2/repository/org/jline/jline/3.9.0/jline-3.9.0.jar:/home/runner/.m2/repository/org/apache/hadoop/hadoop-mapreduce-client-core/3.3.6/hadoop-mapreduce-client-core-3.3.6.jar:/home/runner/.m2/repository/org/apache/avro/avro/1.7.7/avro-1.7.7.jar:/home/runner/.m2/repository/com/thoughtworks/paranamer/paranamer/2.3/paranamer-2.3.jar:/home/runner/.m2/repository/org/apache/hadoop/hadoop-annotations/3.3.6/hadoop-annotations-3.3.6.jar:/usr/lib/jvm/temurin-8-jdk-amd64/jre/../lib/tools.jar:/home/runner/.m2/repository/io/netty/netty/3.10.6.Final/netty-3.10.6.Final.jar:/home/runner/.m2/repository/org/apache/hadoop/hadoop-distcp/3.3.6/hadoop-distcp-3.3.6-tests.jar:/home/runner/.m2/repository/org/slf4j/jul-to-slf4j/1.7.36/jul-to-slf4j-1.7.36.jar:"/>
    <property name="sun.cpu.endian" value="little"/>
    <property name="user.home" value="/home/runner"/>
    <property name="user.language" value="en"/>
    <property name="java.specification.vendor" value="Oracle Corporation"/>
    <property name="java.home" value="/usr/lib/jvm/temurin-8-jdk-amd64/jre"/>
    <property name="java.security.krb5.conf" value="/home/runner/work/ozone/ozone/hadoop-ozone/integration-test/target/test-classes/krb5.conf"/>
    <property name="basedir" value="/home/runner/work/ozone/ozone/hadoop-ozone/integration-test"/>
    <property name="file.separator" value="/"/>
    <property name="line.separator" value="&#10;"/>
    <property name="java.vm.specification.vendor" value="Oracle Corporation"/>
    <property name="java.specification.name" value="Java Platform API Specification"/>
    <property name="java.awt.graphicsenv" value="sun.awt.X11GraphicsEnvironment"/>
    <property name="skip.installnpx" value="true"/>
    <property name="surefire.real.class.path" value="/home/runner/work/ozone/ozone/hadoop-ozone/integration-test/target/surefire/surefirebooter1418256777165463663.jar:/home/runner/.m2/repository/org/jacoco/org.jacoco.agent/0.8.5/org.jacoco.agent-0.8.5-runtime.jar"/>
    <property name="hadoop.log.dir" value="/home/runner/work/ozone/ozone/hadoop-ozone/integration-test/target/log"/>
    <property name="sun.boot.class.path" value="/usr/lib/jvm/temurin-8-jdk-amd64/jre/lib/resources.jar:/usr/lib/jvm/temurin-8-jdk-amd64/jre/lib/rt.jar:/usr/lib/jvm/temurin-8-jdk-amd64/jre/lib/sunrsasign.jar:/usr/lib/jvm/temurin-8-jdk-amd64/jre/lib/jsse.jar:/usr/lib/jvm/temurin-8-jdk-amd64/jre/lib/jce.jar:/usr/lib/jvm/temurin-8-jdk-amd64/jre/lib/charsets.jar:/usr/lib/jvm/temurin-8-jdk-amd64/jre/lib/jfr.jar:/usr/lib/jvm/temurin-8-jdk-amd64/jre/classes"/>
    <property name="sun.management.compiler" value="HotSpot 64-Bit Tiered Compilers"/>
    <property name="skip.npx" value="true"/>
    <property name="java.runtime.version" value="1.8.0_372-b07"/>
    <property name="java.net.preferIPv4Stack" value="true"/>
    <property name="user.name" value="runner"/>
    <property name="path.separator" value=":"/>
    <property name="java.security.egd" value="file:///dev/urandom"/>
    <property name="os.version" value="5.15.0-1041-azure"/>
    <property name="java.endorsed.dirs" value="/usr/lib/jvm/temurin-8-jdk-amd64/jre/lib/endorsed"/>
    <property name="java.runtime.name" value="OpenJDK Runtime Environment"/>
    <property name="file.encoding" value="UTF-8"/>
    <property name="java.vm.name" value="OpenJDK 64-Bit Server VM"/>
    <property name="test.build.webapps" value=""/>
    <property name="localRepository" value="/home/runner/.m2/repository"/>
    <property name="jetty.git.hash" value="b45c405e4544384de066f814ed42ae3dceacdd49"/>
    <property name="java.vendor.url.bug" value="https://github.com/adoptium/adoptium-support/issues"/>
    <property name="java.io.tmpdir" value="/tmp"/>
    <property name="require.test.libhadoop" value=""/>
    <property name="java.version" value="1.8.0_372"/>
    <property name="user.dir" value="/home/runner/work/ozone/ozone/hadoop-ozone/integration-test"/>
    <property name="os.arch" value="amd64"/>
    <property name="java.vm.specification.name" value="Java Virtual Machine Specification"/>
    <property name="test.build.classes" value="/home/runner/work/ozone/ozone/hadoop-ozone/integration-test/target/test-classes"/>
    <property name="java.awt.printerjob" value="sun.print.PSPrinterJob"/>
    <property name="sun.os.patch.level" value="unknown"/>
    <property name="org.apache.ratis.thirdparty.io.netty.allocator.useCacheForAllThreads" value="false"/>
    <property name="hadoop.tmp.dir" value="/home/runner/work/ozone/ozone/hadoop-ozone/integration-test/target/tmp"/>
    <property name="java.library.path" value="/usr/java/packages/lib/amd64:/usr/lib64:/lib64:/lib:/usr/lib"/>
    <property name="java.vm.info" value="mixed mode"/>
    <property name="java.vendor" value="Temurin"/>
    <property name="java.vm.version" value="25.372-b07"/>
    <property name="java.specification.maintenance.version" value="4"/>
    <property name="java.ext.dirs" value="/usr/lib/jvm/temurin-8-jdk-amd64/jre/lib/ext:/usr/java/packages/lib/ext"/>
    <property name="sun.io.unicode.encoding" value="UnicodeLittle"/>
    <property name="java.class.version" value="52.0"/>
  </properties>
  <testcase name="testRenameDirToItsOwnSubDir" classname="TestOzoneFileSystemWithFSO" time="26.167">
    <system-out><![CDATA[2023-07-25 10:55:04,861 [main] WARN  server.ServerUtils (ServerUtils.java:getScmDbDir(155)) - ozone.scm.db.dirs is not configured. We recommend adding this setting. Falling back to ozone.metadata.dirs instead.
2023-07-25 10:55:05,162 [main] INFO  reflections.Reflections (Reflections.java:scan(232)) - Reflections took 224 ms to scan 7 urls, producing 160 keys and 378 values 
2023-07-25 10:55:05,365 [main] WARN  server.ServerUtils (ServerUtils.java:getScmDbDir(155)) - ozone.scm.db.dirs is not configured. We recommend adding this setting. Falling back to ozone.metadata.dirs instead.
2023-07-25 10:55:05,369 [main] INFO  ha.SCMHANodeDetails (SCMHANodeDetails.java:loadSCMHAConfig(210)) - ServiceID for StorageContainerManager is null
2023-07-25 10:55:05,386 [main] WARN  ha.SCMHANodeDetails (SCMHANodeDetails.java:validateSCMHAConfig(183)) - Invalid config ozone.scm.ratis.enable. The config was not specified, but the default value true conflicts with the expected config value false. Falling back to the expected value. Current State of SCM: SCM is running in Non-HA without Ratis Ratis SCM -> Non Ratis SCM or Non HA SCM -> HA SCM is not supported
2023-07-25 10:55:05,387 [main] INFO  ha.SCMHANodeDetails (SCMHANodeDetails.java:loadSCMHAConfig(215)) - ozone.scm.default.service.id is not defined, falling back to ozone.scm.service.ids to find serviceID for StorageContainerManager if it is HA enabled cluster
2023-07-25 10:55:06,185 [main] WARN  utils.HAUtils (HAUtils.java:getMetaDir(339)) - ozone.scm.db.dirs is not configured. We recommend adding this setting. Falling back to ozone.metadata.dirs instead.
2023-07-25 10:55:06,356 [main] WARN  db.DBStoreBuilder (DBStoreBuilder.java:applyDBDefinition(166)) - ozone.scm.db.dirs is not configured. We recommend adding this setting. Falling back to ozone.metadata.dirs instead.
2023-07-25 10:55:06,679 [main] INFO  net.NodeSchemaLoader (NodeSchemaLoader.java:loadSchemaFromFile(129)) - Loading schema from [jar:file:/home/runner/.m2/repository/org/apache/ozone/hdds-common/1.4.0-SNAPSHOT/hdds-common-1.4.0-SNAPSHOT.jar!/network-topology-default.xml]
2023-07-25 10:55:06,681 [main] INFO  net.NodeSchemaLoader (NodeSchemaLoader.java:loadSchema(176)) - Loading network topology layer schema file
2023-07-25 10:55:06,739 [main] INFO  metrics.MetricRegistries (MetricRegistriesLoader.java:load(64)) - Loaded MetricRegistries class org.apache.ratis.metrics.impl.MetricRegistriesImpl
2023-07-25 10:55:06,756 [main] INFO  upgrade.AbstractLayoutVersionManager (AbstractLayoutVersionManager.java:init(83)) - Initializing Layout version manager with metadata layout = HADOOP_PRC_PORTS_IN_DATANODEDETAILS (version = 7), software layout = HADOOP_PRC_PORTS_IN_DATANODEDETAILS (version = 7)
2023-07-25 10:55:07,005 [main] INFO  ha.SequenceIdGenerator (SequenceIdGenerator.java:upgradeToSequenceId(365)) - upgrade localId to 111677748019200000
2023-07-25 10:55:07,007 [main] INFO  ha.SequenceIdGenerator (SequenceIdGenerator.java:upgradeToSequenceId(375)) - upgrade delTxnId to 0
2023-07-25 10:55:07,015 [main] INFO  ha.SequenceIdGenerator (SequenceIdGenerator.java:upgradeToSequenceId(392)) - upgrade containerId to 0
2023-07-25 10:55:07,019 [main] INFO  ha.SequenceIdGenerator (SequenceIdGenerator.java:upgradeToSequenceId(428)) - upgrade rootCertificateId to 1
2023-07-25 10:55:07,021 [main] INFO  ha.SequenceIdGenerator (SequenceIdGenerator.java:<init>(236)) - Init the HA SequenceIdGenerator.
2023-07-25 10:55:07,101 [main] WARN  server.ServerUtils (ServerUtils.java:sanitizeUserArgs(80)) - ozone.scm.stale.node.interval value = 300000 is larger than max = 100000 based on the key value of ozone.scm.heartbeat.thread.interval, reset to the max value 100000.
2023-07-25 10:55:07,102 [main] WARN  server.ServerUtils (ServerUtils.java:sanitizeUserArgs(80)) - ozone.scm.stale.node.interval value = 300000 is larger than max = 100000 based on the key value of ozone.scm.heartbeat.thread.interval, reset to the max value 100000.
2023-07-25 10:55:07,109 [main] INFO  node.SCMNodeManager (SCMNodeManager.java:<init>(157)) - Entering startup safe mode.
2023-07-25 10:55:07,130 [main] INFO  algorithms.ContainerPlacementPolicyFactory (ContainerPlacementPolicyFactory.java:getPolicyInternal(86)) - Create container placement policy of type org.apache.hadoop.hdds.scm.container.placement.algorithms.SCMContainerPlacementRackAware
2023-07-25 10:55:07,134 [main] INFO  algorithms.ContainerPlacementPolicyFactory (ContainerPlacementPolicyFactory.java:getPolicyInternal(86)) - Create container placement policy of type org.apache.hadoop.hdds.scm.container.placement.algorithms.SCMContainerPlacementRackScatter
2023-07-25 10:55:07,145 [main] INFO  pipeline.PipelineStateManagerImpl (PipelineStateManagerImpl.java:initialize(78)) - No pipeline exists in current db
2023-07-25 10:55:07,162 [main] INFO  algorithms.LeaderChoosePolicyFactory (LeaderChoosePolicyFactory.java:getPolicy(57)) - Create leader choose policy of type org.apache.hadoop.hdds.scm.pipeline.leader.choose.algorithms.MinLeaderCountChoosePolicy
2023-07-25 10:55:07,164 [main] INFO  algorithms.ContainerPlacementPolicyFactory (ContainerPlacementPolicyFactory.java:getPolicyInternal(86)) - Create container placement policy of type org.apache.hadoop.hdds.scm.container.placement.algorithms.SCMContainerPlacementRackScatter
2023-07-25 10:55:07,172 [main] INFO  ha.SCMServiceManager (SCMServiceManager.java:register(42)) - Registering service BackgroundPipelineCreator.
2023-07-25 10:55:07,172 [main] INFO  pipeline.BackgroundPipelineCreator (BackgroundPipelineCreator.java:start(124)) - Starting RatisPipelineUtilsThread.
2023-07-25 10:55:07,176 [main] INFO  BackgroundPipelineScrubber (BackgroundSCMService.java:start(68)) - Starting BackgroundPipelineScrubber Service.
2023-07-25 10:55:07,181 [main] INFO  ha.SCMServiceManager (SCMServiceManager.java:register(42)) - Registering service BackgroundPipelineScrubber.
2023-07-25 10:55:07,190 [main] INFO  ExpiredContainerReplicaOpScrubber (BackgroundSCMService.java:start(68)) - Starting ExpiredContainerReplicaOpScrubber Service.
2023-07-25 10:55:07,197 [main] INFO  ha.SCMServiceManager (SCMServiceManager.java:register(42)) - Registering service ExpiredContainerReplicaOpScrubber.
2023-07-25 10:55:07,229 [main] INFO  algorithms.PipelineChoosePolicyFactory (PipelineChoosePolicyFactory.java:createPipelineChoosePolicyFromClass(78)) - Create pipeline choose policy of type org.apache.hadoop.hdds.scm.pipeline.choose.algorithms.RandomPipelineChoosePolicy
2023-07-25 10:55:07,229 [main] INFO  algorithms.PipelineChoosePolicyFactory (PipelineChoosePolicyFactory.java:createPipelineChoosePolicyFromClass(78)) - Create pipeline choose policy of type org.apache.hadoop.hdds.scm.pipeline.choose.algorithms.RandomPipelineChoosePolicy
2023-07-25 10:55:07,253 [main] INFO  ha.SCMServiceManager (SCMServiceManager.java:register(42)) - Registering service SCMBlockDeletingService.
2023-07-25 10:55:07,335 [main] INFO  replication.ReplicationManager (ReplicationManager.java:start(286)) - Starting Replication Monitor Thread.
2023-07-25 10:55:07,360 [main] INFO  ha.SCMServiceManager (SCMServiceManager.java:register(42)) - Registering service ReplicationManager.
2023-07-25 10:55:07,363 [ReplicationMonitor] INFO  replication.ReplicationManager (ReplicationManager.java:processAll(361)) - Replication Manager is not ready to run until 3000ms after safemode exit
2023-07-25 10:55:07,388 [main] INFO  safemode.ContainerSafeModeRule (ContainerSafeModeRule.java:<init>(89)) - containers with one replica threshold count 0
2023-07-25 10:55:07,394 [main] INFO  safemode.HealthyPipelineSafeModeRule (HealthyPipelineSafeModeRule.java:initializeRule(169)) - Total pipeline count is 0, healthy pipeline threshold count is 1
2023-07-25 10:55:07,397 [main] INFO  safemode.OneReplicaPipelineSafeModeRule (OneReplicaPipelineSafeModeRule.java:initializeRule(180)) - Total pipeline count is 0, pipeline's with at least one datanode reported threshold count is 0
2023-07-25 10:55:07,462 [main] INFO  server.StorageContainerManager (StorageContainerManager.java:<init>(424)) - SCM start with adminUsers: [runner]
2023-07-25 10:55:07,994 [main] INFO  audit.AuditLogger (AuditLogger.java:refreshDebugCmdSet(126)) - Refresh DebugCmdSet for SCMAudit to [].
2023-07-25 10:55:08,055 [main] INFO  ipc.CallQueueManager (CallQueueManager.java:<init>(90)) - Using callQueue: class java.util.concurrent.LinkedBlockingQueue, queueCapacity: 2000, scheduler: class org.apache.hadoop.ipc.DefaultRpcScheduler, ipcBackoff: false.
2023-07-25 10:55:08,124 [main] INFO  ipc.Server (Server.java:<init>(1287)) - Listener at 0.0.0.0:15002
2023-07-25 10:55:08,131 [Socket Reader #1 for port 15002] INFO  ipc.Server (Server.java:run(1323)) - Starting Socket Reader #1 for port 15002
2023-07-25 10:55:08,230 [main] INFO  audit.AuditLogger (AuditLogger.java:refreshDebugCmdSet(126)) - Refresh DebugCmdSet for SCMAudit to [].
2023-07-25 10:55:08,239 [main] INFO  ipc.CallQueueManager (CallQueueManager.java:<init>(90)) - Using callQueue: class java.util.concurrent.LinkedBlockingQueue, queueCapacity: 2000, scheduler: class org.apache.hadoop.ipc.DefaultRpcScheduler, ipcBackoff: false.
2023-07-25 10:55:08,241 [main] INFO  ipc.Server (Server.java:<init>(1287)) - Listener at 0.0.0.0:15001
2023-07-25 10:55:08,245 [Socket Reader #1 for port 15001] INFO  ipc.Server (Server.java:run(1323)) - Starting Socket Reader #1 for port 15001
2023-07-25 10:55:08,299 [main] INFO  audit.AuditLogger (AuditLogger.java:refreshDebugCmdSet(126)) - Refresh DebugCmdSet for SCMAudit to [].
2023-07-25 10:55:08,313 [main] INFO  ipc.CallQueueManager (CallQueueManager.java:<init>(90)) - Using callQueue: class java.util.concurrent.LinkedBlockingQueue, queueCapacity: 2000, scheduler: class org.apache.hadoop.ipc.DefaultRpcScheduler, ipcBackoff: false.
2023-07-25 10:55:08,314 [main] INFO  ipc.Server (Server.java:<init>(1287)) - Listener at 0.0.0.0:15000
2023-07-25 10:55:08,317 [Socket Reader #1 for port 15000] INFO  ipc.Server (Server.java:run(1323)) - Starting Socket Reader #1 for port 15000
2023-07-25 10:55:08,431 [main] INFO  ha.SCMServiceManager (SCMServiceManager.java:register(42)) - Registering service ContainerBalancer.
2023-07-25 10:55:08,431 [main] INFO  server.StorageContainerManager (StorageContainerManager.java:<init>(437)) - 
Container Balancer status:
Key                            Value
Running                        false
Container Balancer Configuration values:
Key                                                Value
Threshold                                          10
Max Datanodes to Involve per Iteration(percent)    20
Max Size to Move per Iteration                     500GB
Max Size Entering Target per Iteration             26GB
Max Size Leaving Source per Iteration              26GB

2023-07-25 10:55:08,433 [main] INFO  ha.SCMContext (SCMContext.java:updateSafeModeStatus(228)) - Update SafeModeStatus from SafeModeStatus{safeModeStatus=true, preCheckPassed=false} to SafeModeStatus{safeModeStatus=true, preCheckPassed=false}.
2023-07-25 10:55:08,438 [main] INFO  server.StorageContainerManager (StorageContainerManager.java:start(1491)) - StorageContainerLocationProtocol RPC server is listening at /0.0.0.0:15000
2023-07-25 10:55:08,537 [main] WARN  impl.MetricsConfig (MetricsConfig.java:loadFirst(136)) - Cannot locate configuration: tried hadoop-metrics2-storagecontainermanager.properties,hadoop-metrics2.properties
2023-07-25 10:55:08,553 [main] INFO  impl.MetricsSystemImpl (MetricsSystemImpl.java:startTimer(378)) - Scheduled Metric snapshot period at 10 second(s).
2023-07-25 10:55:08,553 [main] INFO  impl.MetricsSystemImpl (MetricsSystemImpl.java:start(191)) - StorageContainerManager metrics system started
2023-07-25 10:55:08,938 [main] INFO  server.SCMClientProtocolServer (SCMClientProtocolServer.java:start(200)) - RPC server for Client  is listening at /0.0.0.0:15000
2023-07-25 10:55:08,941 [IPC Server Responder] INFO  ipc.Server (Server.java:run(1562)) - IPC Server Responder: starting
2023-07-25 10:55:08,947 [IPC Server listener on 15000] INFO  ipc.Server (Server.java:run(1402)) - IPC Server listener on 15000: starting
2023-07-25 10:55:09,015 [main] INFO  server.StorageContainerManager (StorageContainerManager.java:start(1504)) - ScmBlockLocationProtocol RPC server is listening at /0.0.0.0:15001
2023-07-25 10:55:09,016 [main] INFO  server.SCMBlockProtocolServer (SCMBlockProtocolServer.java:start(152)) - RPC server for Block Protocol is listening at /0.0.0.0:15001
2023-07-25 10:55:09,018 [IPC Server listener on 15001] INFO  ipc.Server (Server.java:run(1402)) - IPC Server listener on 15001: starting
2023-07-25 10:55:09,019 [IPC Server Responder] INFO  ipc.Server (Server.java:run(1562)) - IPC Server Responder: starting
2023-07-25 10:55:09,067 [main] INFO  server.SCMDatanodeProtocolServer (SCMDatanodeProtocolServer.java:start(193)) - ScmDatanodeProtocol RPC server for DataNodes is listening at /0.0.0.0:15002
2023-07-25 10:55:09,071 [IPC Server listener on 15002] INFO  ipc.Server (Server.java:run(1402)) - IPC Server listener on 15002: starting
2023-07-25 10:55:09,073 [IPC Server Responder] INFO  ipc.Server (Server.java:run(1562)) - IPC Server Responder: starting
2023-07-25 10:55:09,103 [JvmPauseMonitor0] INFO  util.JvmPauseMonitor (JvmPauseMonitor.java:run(103)) - JvmPauseMonitor-74952708-3439-44db-b96c-8ed9eb973400: Started
2023-07-25 10:55:09,115 [main] INFO  http.BaseHttpServer (BaseHttpServer.java:newHttpServer2BuilderForOzone(224)) - Starting Web-server for scm at: http://0.0.0.0:15003
2023-07-25 10:55:09,116 [main] INFO  http.BaseHttpServer (BaseHttpServer.java:<init>(111)) - Hadoop Security Enabled: false Ozone Security Enabled: false Ozone HTTP Security Enabled: false 
2023-07-25 10:55:09,154 [main] INFO  util.log (Log.java:initialized(170)) - Logging initialized @6572ms to org.eclipse.jetty.util.log.Slf4jLog
2023-07-25 10:55:09,288 [main] WARN  server.AuthenticationFilter (AuthenticationFilter.java:constructSecretProvider(240)) - Unable to initialize FileSignerSecretProvider, falling back to use random secrets. Reason: Could not read signature secret file: /home/runner/hadoop-http-auth-signature-secret
2023-07-25 10:55:09,300 [main] INFO  http.HttpRequestLog (HttpRequestLog.java:getRequestLog(86)) - Http request log for http.requests.scm is not defined
2023-07-25 10:55:09,310 [main] INFO  http.HttpServer2 (HttpServer2.java:addGlobalFilter(1031)) - Added global filter 'safety' (class=org.apache.hadoop.hdds.server.http.HttpServer2$QuotingInputFilter)
2023-07-25 10:55:09,315 [main] INFO  http.HttpServer2 (HttpServer2.java:addFilter(1007)) - Added filter static_user_filter (class=org.apache.hadoop.http.lib.StaticUserWebFilter$StaticUserFilter) to context scm
2023-07-25 10:55:09,315 [main] INFO  http.HttpServer2 (HttpServer2.java:addFilter(1015)) - Added filter static_user_filter (class=org.apache.hadoop.http.lib.StaticUserWebFilter$StaticUserFilter) to context static
2023-07-25 10:55:09,316 [main] INFO  http.HttpServer2 (HttpServer2.java:addFilter(1015)) - Added filter static_user_filter (class=org.apache.hadoop.http.lib.StaticUserWebFilter$StaticUserFilter) to context logs
2023-07-25 10:55:09,377 [main] INFO  http.BaseHttpServer (BaseHttpServer.java:<init>(190)) - HTTP server of scm uses base directory /home/runner/work/ozone/ozone/hadoop-ozone/integration-test/target/test-dir/MiniOzoneClusterImpl-71add7ef-0b93-4dd0-b3e1-91a97b11c72d/ozone-meta/webserver
2023-07-25 10:55:09,379 [main] INFO  http.HttpServer2 (HttpServer2.java:bindListener(1250)) - Jetty bound to port 15003
2023-07-25 10:55:09,381 [main] INFO  server.Server (Server.java:doStart(375)) - jetty-9.4.51.v20230217; built: 2023-02-17T08:19:37.309Z; git: b45c405e4544384de066f814ed42ae3dceacdd49; jvm 1.8.0_372-b07
2023-07-25 10:55:09,428 [main] INFO  server.session (DefaultSessionIdManager.java:doStart(334)) - DefaultSessionIdManager workerName=node0
2023-07-25 10:55:09,429 [main] INFO  server.session (DefaultSessionIdManager.java:doStart(339)) - No SessionScavenger set, using defaults
2023-07-25 10:55:09,431 [main] INFO  server.session (HouseKeeper.java:startScavenging(132)) - node0 Scavenging every 660000ms
2023-07-25 10:55:09,456 [main] INFO  handler.ContextHandler (ContextHandler.java:doStart(921)) - Started o.e.j.s.ServletContextHandler@4290fcd7{logs,/logs,file:///home/runner/work/ozone/ozone/hadoop-ozone/integration-test/target/log,AVAILABLE}
2023-07-25 10:55:09,457 [main] INFO  handler.ContextHandler (ContextHandler.java:doStart(921)) - Started o.e.j.s.ServletContextHandler@6ba19932{static,/static,file:///home/runner/work/ozone/ozone/hadoop-ozone/integration-test/target/test-classes/webapps/static,AVAILABLE}
2023-07-25 10:55:09,536 [main] INFO  handler.ContextHandler (ContextHandler.java:doStart(921)) - Started o.e.j.w.WebAppContext@61f2bf3a{scm,/,file:///home/runner/work/ozone/ozone/hadoop-ozone/integration-test/target/test-classes/webapps/scm/,AVAILABLE}{file:/home/runner/work/ozone/ozone/hadoop-ozone/integration-test/target/test-classes/webapps/scm}
2023-07-25 10:55:09,551 [main] INFO  server.AbstractConnector (AbstractConnector.java:doStart(333)) - Started ServerConnector@2700f556{HTTP/1.1, (http/1.1)}{0.0.0.0:15003}
2023-07-25 10:55:09,551 [main] INFO  server.Server (Server.java:doStart(415)) - Started @6970ms
2023-07-25 10:55:09,555 [main] INFO  impl.MetricsSinkAdapter (MetricsSinkAdapter.java:start(204)) - Sink prometheus started
2023-07-25 10:55:09,555 [main] INFO  impl.MetricsSystemImpl (MetricsSystemImpl.java:registerSink(305)) - Registered sink prometheus
2023-07-25 10:55:09,557 [main] INFO  http.BaseHttpServer (BaseHttpServer.java:updateConnectorAddress(344)) - HTTP server of scm listening at http://0.0.0.0:15003
2023-07-25 10:55:09,566 [main] WARN  server.ServerUtils (ServerUtils.java:getDBPath(311)) - ozone.om.db.dirs is not configured. We recommend adding this setting. Falling back to ozone.metadata.dirs instead.
2023-07-25 10:55:09,666 [main] INFO  audit.AuditLogger (AuditLogger.java:refreshDebugCmdSet(126)) - Refresh DebugCmdSet for OMAudit to [].
2023-07-25 10:55:09,780 [main] INFO  ha.OMHANodeDetails (OMHANodeDetails.java:loadOMHAConfig(115)) - ozone.om.internal.service.id is not defined, falling back to ozone.om.service.ids to find serviceID for OzoneManager if it is HA enabled cluster
2023-07-25 10:55:09,791 [main] INFO  ha.OMHANodeDetails (OMHANodeDetails.java:loadOMHAConfig(226)) - Configuration does not have ozone.om.address set. Falling back to the default OM address /127.0.0.1:15004
2023-07-25 10:55:09,791 [main] INFO  ha.OMHANodeDetails (OMHANodeDetails.java:getOMNodeDetailsForNonHA(254)) - OM Service ID is not set. Setting it to the default ID: omServiceIdDefault
2023-07-25 10:55:09,791 [main] INFO  ha.OMHANodeDetails (OMHANodeDetails.java:getOMNodeDetailsForNonHA(261)) - OM Node ID is not set. Setting it to the default ID: om1
2023-07-25 10:55:09,802 [main] WARN  server.ServerUtils (ServerUtils.java:getDBPath(311)) - ozone.om.db.dirs is not configured. We recommend adding this setting. Falling back to ozone.metadata.dirs instead.
2023-07-25 10:55:09,811 [main] INFO  upgrade.AbstractLayoutVersionManager (AbstractLayoutVersionManager.java:init(83)) - Initializing Layout version manager with metadata layout = QUOTA (version = 6), software layout = QUOTA (version = 6)
2023-07-25 10:55:09,934 [main] INFO  reflections.Reflections (Reflections.java:scan(232)) - Reflections took 118 ms to scan 2 urls, producing 188 keys and 512 values [using 2 cores]
2023-07-25 10:55:09,941 [main] INFO  upgrade.OMLayoutVersionManager (OMLayoutVersionManager.java:lambda$0(115)) - Skipping Upgrade Action QuotaRepairUpgradeAction since it has been finalized.
2023-07-25 10:55:09,943 [main] INFO  upgrade.OMLayoutVersionManager (OMLayoutVersionManager.java:lambda$0(115)) - Skipping Upgrade Action MockOmUpgradeAction since it has been finalized.
2023-07-25 10:55:09,946 [main] WARN  server.ServerUtils (ServerUtils.java:getDBPath(311)) - ozone.om.db.dirs is not configured. We recommend adding this setting. Falling back to ozone.metadata.dirs instead.
2023-07-25 10:55:10,230 [main] INFO  proxy.SCMBlockLocationFailoverProxyProvider (SCMBlockLocationFailoverProxyProvider.java:<init>(114)) - Created block location fail-over proxy with 1 nodes: [nodeId=scmNodeId,nodeAddress=/0.0.0.0:15001]
2023-07-25 10:55:10,326 [main] INFO  proxy.SCMBlockLocationFailoverProxyProvider (SCMBlockLocationFailoverProxyProvider.java:<init>(114)) - Created block location fail-over proxy with 1 nodes: [nodeId=scmNodeId,nodeAddress=/0.0.0.0:15001]
2023-07-25 10:55:10,656 [main] INFO  om.OzoneManager (OzoneManager.java:<init>(663)) - OM start with adminUsers: [runner]
2023-07-25 10:55:10,695 [main] WARN  server.ServerUtils (ServerUtils.java:getDBPath(311)) - ozone.om.db.dirs is not configured. We recommend adding this setting. Falling back to ozone.metadata.dirs instead.
2023-07-25 10:55:10,730 [main] INFO  helpers.OmKeyInfo (OmKeyInfo.java:getCodec(71)) - OmKeyInfo.getCodec ignorePipeline = true
2023-07-25 10:55:11,157 [main] INFO  om.OzoneManager (OzoneManager.java:instantiateServices(792)) - S3 Multi-Tenancy is disabled
2023-07-25 10:55:11,201 [main] INFO  om.OmSnapshotManager (OmSnapshotManager.java:<init>(175)) - Ozone filesystem snapshot feature is enabled.
2023-07-25 10:55:11,214 [main] WARN  server.ServerUtils (ServerUtils.java:getDBPath(311)) - ozone.om.snapshot.diff.db.dir is not configured. We recommend adding this setting. Falling back to ozone.metadata.dirs instead.
2023-07-25 10:55:11,295 [main] INFO  utils.NativeLibraryLoader (NativeLibraryLoader.java:loadLibrary(105)) - Loading Library: ozone_rocksdb_tools
2023-07-25 10:55:11,297 [main] INFO  snapshot.SnapshotDiffManager (SnapshotDiffManager.java:closeExecutorService(1720)) - Shutting down executorService: 'SstDumpToolExecutor'
2023-07-25 10:55:11,406 [main] INFO  om.OzoneManager (OzoneManager.java:addS3GVolumeToDB(4298)) - Created Volume s3v With Owner runner required for S3Gateway operations.
2023-07-25 10:55:11,480 [main] WARN  server.ServerUtils (ServerUtils.java:getDefaultRatisDirectory(323)) - Storage directory for Ratis is not configured. It is a good idea to map this to an SSD disk. Falling back to ozone.metadata.dirs
2023-07-25 10:55:11,481 [main] WARN  utils.OzoneManagerRatisUtils (OzoneManagerRatisUtils.java:getOMRatisSnapshotDirectory(461)) - ozone.om.ratis.snapshot.dir is not configured. Falling back to ozone.metadata.dirs config
2023-07-25 10:55:11,500 [main] WARN  server.ServerUtils (ServerUtils.java:getDefaultRatisDirectory(323)) - Storage directory for Ratis is not configured. It is a good idea to map this to an SSD disk. Falling back to ozone.metadata.dirs
2023-07-25 10:55:11,544 [main] INFO  ratis.OzoneManagerRatisServer (OzoneManagerRatisServer.java:<init>(163)) - Instantiating OM Ratis server with groupID: omServiceIdDefault and peers: localhost:15007
2023-07-25 10:55:11,558 [main] INFO  ratis.OzoneManagerStateMachine (OzoneManagerStateMachine.java:loadSnapshotInfoFromDB(687)) - LastAppliedIndex is set from TransactionInfo from OM DB as (t:0, i:~)
2023-07-25 10:55:11,646 [main] INFO  server.RaftServer (ConfUtils.java:logGet(46)) - raft.rpc.type = GRPC (default)
2023-07-25 10:55:11,661 [main] INFO  grpc.GrpcConfigKeys (ConfUtils.java:logFallback(53)) - raft.grpc.admin.host = null (fallback to raft.grpc.server.host)
2023-07-25 10:55:11,663 [main] INFO  grpc.GrpcConfigKeys (ConfUtils.java:logFallback(53)) - raft.grpc.admin.port = 15007 (fallback to raft.grpc.server.port)
2023-07-25 10:55:11,664 [main] INFO  grpc.GrpcConfigKeys (ConfUtils.java:logFallback(53)) - raft.grpc.client.host = null (fallback to raft.grpc.server.host)
2023-07-25 10:55:11,665 [main] INFO  grpc.GrpcConfigKeys (ConfUtils.java:logFallback(53)) - raft.grpc.client.port = 15007 (fallback to raft.grpc.server.port)
2023-07-25 10:55:11,665 [main] INFO  grpc.GrpcConfigKeys (ConfUtils.java:logGet(46)) - raft.grpc.server.host = null (default)
2023-07-25 10:55:11,666 [main] INFO  grpc.GrpcConfigKeys (ConfUtils.java:logGet(46)) - raft.grpc.server.port = 15007 (custom)
2023-07-25 10:55:11,667 [main] INFO  server.GrpcService (ConfUtils.java:logGet(46)) - raft.grpc.message.size.max = 33554432 (custom)
2023-07-25 10:55:11,670 [main] INFO  server.RaftServerConfigKeys (ConfUtils.java:logGet(46)) - raft.server.log.appender.buffer.byte-limit = 33554432 (custom)
2023-07-25 10:55:11,670 [main] INFO  server.GrpcService (ConfUtils.java:logGet(46)) - raft.grpc.flow.control.window = 1MB (=1048576) (default)
2023-07-25 10:55:11,671 [main] INFO  server.RaftServerConfigKeys (ConfUtils.java:logGet(46)) - raft.server.rpc.request.timeout = 3000ms (default)
2023-07-25 10:55:11,689 [main] INFO  grpc.GrpcConfigKeys (ConfUtils.java:logGet(46)) - raft.grpc.server.heartbeat.channel = true (default)
2023-07-25 10:55:11,694 [main] INFO  grpc.GrpcConfigKeys (ConfUtils.java:logGet(46)) - raft.grpc.server.async.request.thread.pool.cached = true (default)
2023-07-25 10:55:11,695 [main] INFO  grpc.GrpcConfigKeys (ConfUtils.java:logGet(46)) - raft.grpc.server.async.request.thread.pool.size = 32 (default)
2023-07-25 10:55:12,042 [main] INFO  impl.DataStreamServerImpl (ConfUtils.java:logGet(46)) - raft.datastream.type = DISABLED (default)
2023-07-25 10:55:12,046 [main] INFO  server.RaftServerConfigKeys (ConfUtils.java:logGet(46)) - raft.server.threadpool.proxy.cached = true (default)
2023-07-25 10:55:12,047 [main] INFO  server.RaftServerConfigKeys (ConfUtils.java:logGet(46)) - raft.server.threadpool.proxy.size = 0 (default)
2023-07-25 10:55:12,047 [main] INFO  server.RaftServerConfigKeys (ConfUtils.java:logGet(46)) - raft.server.rpc.slowness.timeout = 120s (custom)
2023-07-25 10:55:12,050 [main] INFO  server.RaftServerConfigKeys (ConfUtils.java:logGet(46)) - raft.server.leaderelection.leader.step-down.wait-time = 10s (default)
2023-07-25 10:55:12,053 [main] INFO  server.RaftServerConfigKeys (ConfUtils.java:logGet(46)) - raft.server.storage.dir = [/home/runner/work/ozone/ozone/hadoop-ozone/integration-test/target/test-dir/MiniOzoneClusterImpl-71add7ef-0b93-4dd0-b3e1-91a97b11c72d/ozone-meta/ratis] (custom)
2023-07-25 10:55:12,069 [main] INFO  server.RaftServer (RaftServerProxy.java:addNew(98)) - om1: addNew group-C5BA1605619E:[om1|rpc:localhost:15007|priority:0|startupRole:FOLLOWER] returns group-C5BA1605619E:java.util.concurrent.CompletableFuture@5938d600[Not completed]
2023-07-25 10:55:12,070 [main] INFO  om.OzoneManager (OzoneManager.java:initializeRatisServer(2139)) - OzoneManager Ratis server initialized at port 15007
2023-07-25 10:55:12,075 [main] INFO  om.OzoneManager (OzoneManager.java:getRpcServer(1194)) - Creating RPC Server
2023-07-25 10:55:12,273 [JvmPauseMonitor0] WARN  util.JvmPauseMonitor (JvmPauseMonitor.java:detectPause(124)) - JvmPauseMonitor-74952708-3439-44db-b96c-8ed9eb973400: Detected pause in JVM or host machine approximately 0.162s with 0.219s GC time.
GC pool 'PS MarkSweep' had collection(s): count=1 time=174ms
GC pool 'PS Scavenge' had collection(s): count=2 time=45ms
2023-07-25 10:55:12,292 [om1-groupManagement] INFO  server.RaftServer$Division (RaftServerImpl.java:<init>(198)) - om1: new RaftServerImpl for group-C5BA1605619E:[om1|rpc:localhost:15007|priority:0|startupRole:FOLLOWER] with OzoneManagerStateMachine:uninitialized
2023-07-25 10:55:12,296 [om1-groupManagement] INFO  server.RaftServerConfigKeys (ConfUtils.java:logGet(46)) - raft.server.rpc.timeout.min = 1s (custom)
2023-07-25 10:55:12,296 [om1-groupManagement] INFO  server.RaftServerConfigKeys (ConfUtils.java:logGet(46)) - raft.server.rpc.timeout.max = 1200ms (custom)
2023-07-25 10:55:12,296 [om1-groupManagement] INFO  server.RaftServerConfigKeys (ConfUtils.java:logGet(46)) - raft.server.rpc.sleep.time = 25ms (default)
2023-07-25 10:55:12,297 [om1-groupManagement] INFO  server.RaftServerConfigKeys (ConfUtils.java:logGet(46)) - raft.server.rpc.slowness.timeout = 120s (custom)
2023-07-25 10:55:12,297 [om1-groupManagement] INFO  server.RaftServerConfigKeys (ConfUtils.java:logGet(46)) - raft.server.leaderelection.leader.step-down.wait-time = 10s (default)
2023-07-25 10:55:12,298 [om1-groupManagement] INFO  server.RaftServerConfigKeys (ConfUtils.java:logGet(46)) - raft.server.sleep.deviation.threshold = 300ms (default)
2023-07-25 10:55:12,309 [om1-groupManagement] INFO  server.RaftServer$Division (ServerState.java:<init>(120)) - om1@group-C5BA1605619E: ConfigurationManager, init=-1: peers:[om1|rpc:localhost:15007|priority:0|startupRole:FOLLOWER]|listeners:[], old=null, confs=<EMPTY_MAP>
2023-07-25 10:55:12,310 [om1-groupManagement] INFO  server.RaftServerConfigKeys (ConfUtils.java:logGet(46)) - raft.server.storage.dir = [/home/runner/work/ozone/ozone/hadoop-ozone/integration-test/target/test-dir/MiniOzoneClusterImpl-71add7ef-0b93-4dd0-b3e1-91a97b11c72d/ozone-meta/ratis] (custom)
2023-07-25 10:55:12,322 [om1-groupManagement] INFO  server.RaftServerConfigKeys (ConfUtils.java:logGet(46)) - raft.server.log.corruption.policy = EXCEPTION (default)
2023-07-25 10:55:12,322 [om1-groupManagement] INFO  server.RaftServerConfigKeys (ConfUtils.java:logGet(46)) - raft.server.storage.free-space.min = 0MB (=0) (default)
2023-07-25 10:55:12,341 [om1-groupManagement] INFO  server.RaftServerConfigKeys (ConfUtils.java:logGet(46)) - raft.server.notification.no-leader.timeout = 120s (custom)
2023-07-25 10:55:12,362 [om1-groupManagement] INFO  server.RaftServerConfigKeys (ConfUtils.java:logGet(46)) - raft.server.read.timeout = 10s (default)
2023-07-25 10:55:12,369 [om1-groupManagement] INFO  server.RaftServerConfigKeys (ConfUtils.java:logGet(46)) - raft.server.retrycache.expirytime = 300s (custom)
2023-07-25 10:55:12,369 [om1-groupManagement] INFO  server.RaftServerConfigKeys (ConfUtils.java:logGet(46)) - raft.server.retrycache.statistics.expirytime = 100μs (default)
2023-07-25 10:55:12,468 [om1-groupManagement] INFO  server.RaftServerConfigKeys (ConfUtils.java:logGet(46)) - raft.server.read.option = DEFAULT (default)
2023-07-25 10:55:12,544 [om1-groupManagement] INFO  server.RaftServerConfigKeys (ConfUtils.java:logGet(46)) - raft.server.rpc.request.timeout = 3000ms (default)
2023-07-25 10:55:12,552 [om1-groupManagement] INFO  server.RaftServerConfigKeys (ConfUtils.java:logGet(46)) - raft.server.log.appender.install.snapshot.enabled = false (custom)
2023-07-25 10:55:12,552 [om1-groupManagement] INFO  server.RaftServerConfigKeys (ConfUtils.java:logGet(46)) - raft.server.threadpool.server.cached = true (default)
2023-07-25 10:55:12,552 [om1-groupManagement] INFO  server.RaftServerConfigKeys (ConfUtils.java:logGet(46)) - raft.server.threadpool.server.size = 0 (default)
2023-07-25 10:55:12,554 [om1-groupManagement] INFO  server.RaftServerConfigKeys (ConfUtils.java:logGet(46)) - raft.server.threadpool.client.cached = true (default)
2023-07-25 10:55:12,554 [om1-groupManagement] INFO  server.RaftServerConfigKeys (ConfUtils.java:logGet(46)) - raft.server.threadpool.client.size = 0 (default)
2023-07-25 10:55:13,316 [main] INFO  reflections.Reflections (Reflections.java:scan(232)) - Reflections took 970 ms to scan 19 urls, producing 70 keys and 5577 values [using 2 cores]
2023-07-25 10:55:13,540 [main] INFO  ipc.CallQueueManager (CallQueueManager.java:<init>(90)) - Using callQueue: class java.util.concurrent.LinkedBlockingQueue, queueCapacity: 2000, scheduler: class org.apache.hadoop.ipc.DefaultRpcScheduler, ipcBackoff: false.
2023-07-25 10:55:13,541 [main] INFO  ipc.Server (Server.java:<init>(1287)) - Listener at 127.0.0.1:15004
2023-07-25 10:55:13,542 [Socket Reader #1 for port 15004] INFO  ipc.Server (Server.java:run(1323)) - Starting Socket Reader #1 for port 15004
2023-07-25 10:55:13,584 [main] INFO  impl.MetricsSystemImpl (MetricsSystemImpl.java:init(158)) - OzoneManager metrics system started (again)
2023-07-25 10:55:13,601 [main] INFO  om.OzoneManager (OzoneManager.java:start(1624)) - OzoneManager RPC server is listening at localhost/127.0.0.1:15004
2023-07-25 10:55:13,602 [main] INFO  ratis.OzoneManagerRatisServer (OzoneManagerRatisServer.java:start(558)) - Starting OzoneManagerRatisServer om1 at port 15007
2023-07-25 10:55:13,605 [om1-impl-thread1] INFO  storage.RaftStorageDirectory (RaftStorageDirectoryImpl.java:analyzeStorage(137)) - The storage directory /home/runner/work/ozone/ozone/hadoop-ozone/integration-test/target/test-dir/MiniOzoneClusterImpl-71add7ef-0b93-4dd0-b3e1-91a97b11c72d/ozone-meta/ratis/bf265839-605b-3f16-9796-c5ba1605619e does not exist. Creating ...
2023-07-25 10:55:13,613 [om1-impl-thread1] INFO  storage.RaftStorageDirectory (RaftStorageDirectoryImpl.java:tryLock(231)) - Lock on /home/runner/work/ozone/ozone/hadoop-ozone/integration-test/target/test-dir/MiniOzoneClusterImpl-71add7ef-0b93-4dd0-b3e1-91a97b11c72d/ozone-meta/ratis/bf265839-605b-3f16-9796-c5ba1605619e/in_use.lock acquired by nodename 12703@fv-az82-323
2023-07-25 10:55:13,621 [om1-impl-thread1] INFO  storage.RaftStorage (RaftStorageImpl.java:format(96)) - Storage directory /home/runner/work/ozone/ozone/hadoop-ozone/integration-test/target/test-dir/MiniOzoneClusterImpl-71add7ef-0b93-4dd0-b3e1-91a97b11c72d/ozone-meta/ratis/bf265839-605b-3f16-9796-c5ba1605619e has been successfully formatted.
2023-07-25 10:55:13,625 [om1-impl-thread1] INFO  server.RaftServerConfigKeys (ConfUtils.java:logGet(46)) - raft.server.log.use.memory = false (default)
2023-07-25 10:55:13,634 [om1-impl-thread1] INFO  server.RaftServerConfigKeys (ConfUtils.java:logGet(46)) - raft.server.log.purge.gap = 1000000 (custom)
2023-07-25 10:55:13,634 [om1-impl-thread1] INFO  server.RaftServerConfigKeys (ConfUtils.java:logGet(46)) - raft.server.log.appender.buffer.byte-limit = 33554432 (custom)
2023-07-25 10:55:13,636 [om1-impl-thread1] INFO  server.RaftServerConfigKeys (ConfUtils.java:logGet(46)) - raft.server.log.statemachine.data.read.timeout = 1000ms (default)
2023-07-25 10:55:13,637 [om1-impl-thread1] INFO  server.RaftServerConfigKeys (ConfUtils.java:logGet(46)) - raft.server.log.purge.preservation.log.num = 0 (default)
2023-07-25 10:55:13,639 [om1-impl-thread1] INFO  server.RaftServerConfigKeys (ConfUtils.java:logGet(46)) - raft.server.log.segment.size.max = 4194304 (custom)
2023-07-25 10:55:13,647 [om1-impl-thread1] INFO  server.RaftServerConfigKeys (ConfUtils.java:logGet(46)) - raft.server.log.segment.cache.num.max = 2 (custom)
2023-07-25 10:55:13,647 [om1-impl-thread1] INFO  server.RaftServerConfigKeys (ConfUtils.java:logGet(46)) - raft.server.log.segment.cache.size.max = 200MB (=209715200) (default)
2023-07-25 10:55:13,647 [om1-impl-thread1] INFO  server.RaftServerConfigKeys (ConfUtils.java:logGet(46)) - raft.server.log.appender.buffer.byte-limit = 33554432 (custom)
2023-07-25 10:55:13,654 [om1-impl-thread1] INFO  segmented.SegmentedRaftLogWorker (SegmentedRaftLogWorker.java:<init>(188)) - new om1@group-C5BA1605619E-SegmentedRaftLogWorker for RaftStorageImpl:Storage Directory /home/runner/work/ozone/ozone/hadoop-ozone/integration-test/target/test-dir/MiniOzoneClusterImpl-71add7ef-0b93-4dd0-b3e1-91a97b11c72d/ozone-meta/ratis/bf265839-605b-3f16-9796-c5ba1605619e
2023-07-25 10:55:13,654 [om1-impl-thread1] INFO  server.RaftServerConfigKeys (ConfUtils.java:logGet(46)) - raft.server.log.queue.byte-limit = 64MB (=67108864) (default)
2023-07-25 10:55:13,655 [om1-impl-thread1] INFO  server.RaftServerConfigKeys (ConfUtils.java:logGet(46)) - raft.server.log.queue.element-limit = 4096 (default)
2023-07-25 10:55:13,656 [om1-impl-thread1] INFO  server.RaftServerConfigKeys (ConfUtils.java:logGet(46)) - raft.server.log.segment.size.max = 4194304 (custom)
2023-07-25 10:55:13,656 [om1-impl-thread1] INFO  server.RaftServerConfigKeys (ConfUtils.java:logGet(46)) - raft.server.log.preallocated.size = 4194304 (custom)
2023-07-25 10:55:13,656 [om1-impl-thread1] INFO  server.RaftServerConfigKeys (ConfUtils.java:logGet(46)) - raft.server.log.force.sync.num = 128 (default)
2023-07-25 10:55:13,657 [om1-impl-thread1] INFO  server.RaftServerConfigKeys (ConfUtils.java:logGet(46)) - raft.server.log.statemachine.data.sync = true (default)
2023-07-25 10:55:13,658 [om1-impl-thread1] INFO  server.RaftServerConfigKeys (ConfUtils.java:logGet(46)) - raft.server.log.statemachine.data.sync.timeout = 10s (default)
2023-07-25 10:55:13,659 [om1-impl-thread1] INFO  server.RaftServerConfigKeys (ConfUtils.java:logGet(46)) - raft.server.log.statemachine.data.sync.timeout.retry = -1 (default)
2023-07-25 10:55:13,669 [om1-impl-thread1] INFO  server.RaftServerConfigKeys (ConfUtils.java:logGet(46)) - raft.server.log.write.buffer.size = 64KB (=65536) (default)
2023-07-25 10:55:13,670 [om1-impl-thread1] INFO  server.RaftServerConfigKeys (ConfUtils.java:logGet(46)) - raft.server.log.appender.buffer.byte-limit = 33554432 (custom)
2023-07-25 10:55:13,677 [om1-impl-thread1] INFO  server.RaftServerConfigKeys (ConfUtils.java:logGet(46)) - raft.server.log.unsafe-flush.enabled = false (default)
2023-07-25 10:55:13,678 [om1-impl-thread1] INFO  server.RaftServerConfigKeys (ConfUtils.java:logGet(46)) - raft.server.log.async-flush.enabled = false (default)
2023-07-25 10:55:13,678 [om1-impl-thread1] INFO  server.RaftServerConfigKeys (ConfUtils.java:logGet(46)) - raft.server.log.statemachine.data.caching.enabled = false (default)
2023-07-25 10:55:13,684 [om1-impl-thread1] INFO  segmented.SegmentedRaftLogWorker (SegmentedRaftLogWorker.java:lambda$new$0(135)) - om1@group-C5BA1605619E-SegmentedRaftLogWorker: flushIndex: setUnconditionally 0 -> -1
2023-07-25 10:55:13,684 [om1-impl-thread1] INFO  segmented.SegmentedRaftLogWorker (SegmentedRaftLogWorker.java:lambda$new$0(135)) - om1@group-C5BA1605619E-SegmentedRaftLogWorker: safeCacheEvictIndex: setUnconditionally 0 -> -1
2023-07-25 10:55:13,686 [om1-impl-thread1] INFO  server.RaftServer$Division (RaftServerImpl.java:start(342)) - om1@group-C5BA1605619E: start as a follower, conf=-1: peers:[om1|rpc:localhost:15007|priority:0|startupRole:FOLLOWER]|listeners:[], old=null
2023-07-25 10:55:13,687 [om1-impl-thread1] INFO  server.RaftServer$Division (RaftServerImpl.java:setRole(329)) - om1@group-C5BA1605619E: changes role from      null to FOLLOWER at term 0 for startAsFollower
2023-07-25 10:55:13,689 [om1-impl-thread1] INFO  impl.RoleInfo (RoleInfo.java:updateAndGet(139)) - om1: start om1@group-C5BA1605619E-FollowerState
2023-07-25 10:55:13,694 [om1-impl-thread1] INFO  util.JmxRegister (JmxRegister.java:tryRegister(44)) - Successfully registered JMX Bean with object name Ratis:service=RaftServer,group=group-C5BA1605619E,id=om1
2023-07-25 10:55:13,697 [om1@group-C5BA1605619E-FollowerState] INFO  server.RaftServerConfigKeys (ConfUtils.java:logFallback(53)) - raft.server.rpc.first-election.timeout.min = 1s (fallback to raft.server.rpc.timeout.min)
2023-07-25 10:55:13,697 [om1@group-C5BA1605619E-FollowerState] INFO  server.RaftServerConfigKeys (ConfUtils.java:logFallback(53)) - raft.server.rpc.first-election.timeout.max = 1200ms (fallback to raft.server.rpc.timeout.max)
2023-07-25 10:55:13,697 [om1-impl-thread1] INFO  server.RaftServerConfigKeys (ConfUtils.java:logGet(46)) - raft.server.snapshot.auto.trigger.enabled = true (custom)
2023-07-25 10:55:13,698 [om1-impl-thread1] INFO  server.RaftServerConfigKeys (ConfUtils.java:logGet(46)) - raft.server.snapshot.auto.trigger.threshold = 400000 (default)
2023-07-25 10:55:13,698 [om1-impl-thread1] INFO  server.RaftServerConfigKeys (ConfUtils.java:logGet(46)) - raft.server.snapshot.retention.file.num = -1 (default)
2023-07-25 10:55:13,699 [om1-impl-thread1] INFO  server.RaftServerConfigKeys (ConfUtils.java:logGet(46)) - raft.server.log.purge.upto.snapshot.index = true (custom)
2023-07-25 10:55:13,702 [main] INFO  server.RaftServer (RaftServerProxy.java:startImpl(400)) - om1: start RPC server
2023-07-25 10:55:13,772 [main] INFO  server.GrpcService (GrpcService.java:startImpl(302)) - om1: GrpcService started, listening on 15007
2023-07-25 10:55:13,774 [main] INFO  om.OzoneManager (OzoneManager.java:start(1640)) - Version File has different layout version (6) than OM DB (null). That is expected if this OM has never been finalized to a newer layout version.
2023-07-25 10:55:13,777 [JvmPauseMonitor1] INFO  util.JvmPauseMonitor (JvmPauseMonitor.java:run(103)) - JvmPauseMonitor-om1: Started
2023-07-25 10:55:13,806 [main] INFO  http.BaseHttpServer (BaseHttpServer.java:newHttpServer2BuilderForOzone(224)) - Starting Web-server for ozoneManager at: http://0.0.0.0:15005
2023-07-25 10:55:13,806 [main] INFO  http.BaseHttpServer (BaseHttpServer.java:<init>(111)) - Hadoop Security Enabled: false Ozone Security Enabled: false Ozone HTTP Security Enabled: false 
2023-07-25 10:55:13,814 [main] WARN  server.AuthenticationFilter (AuthenticationFilter.java:constructSecretProvider(240)) - Unable to initialize FileSignerSecretProvider, falling back to use random secrets. Reason: Could not read signature secret file: /home/runner/hadoop-http-auth-signature-secret
2023-07-25 10:55:13,815 [main] INFO  http.HttpRequestLog (HttpRequestLog.java:getRequestLog(86)) - Http request log for http.requests.ozoneManager is not defined
2023-07-25 10:55:13,819 [main] INFO  http.HttpServer2 (HttpServer2.java:addGlobalFilter(1031)) - Added global filter 'safety' (class=org.apache.hadoop.hdds.server.http.HttpServer2$QuotingInputFilter)
2023-07-25 10:55:13,820 [main] INFO  http.HttpServer2 (HttpServer2.java:addFilter(1007)) - Added filter static_user_filter (class=org.apache.hadoop.http.lib.StaticUserWebFilter$StaticUserFilter) to context ozoneManager
2023-07-25 10:55:13,820 [main] INFO  http.HttpServer2 (HttpServer2.java:addFilter(1015)) - Added filter static_user_filter (class=org.apache.hadoop.http.lib.StaticUserWebFilter$StaticUserFilter) to context logs
2023-07-25 10:55:13,821 [main] INFO  http.HttpServer2 (HttpServer2.java:addFilter(1015)) - Added filter static_user_filter (class=org.apache.hadoop.http.lib.StaticUserWebFilter$StaticUserFilter) to context static
2023-07-25 10:55:13,824 [main] INFO  http.BaseHttpServer (BaseHttpServer.java:<init>(190)) - HTTP server of ozoneManager uses base directory /home/runner/work/ozone/ozone/hadoop-ozone/integration-test/target/test-dir/MiniOzoneClusterImpl-71add7ef-0b93-4dd0-b3e1-91a97b11c72d/ozone-meta/webserver
2023-07-25 10:55:13,835 [main] INFO  http.HttpServer2 (HttpServer2.java:bindListener(1250)) - Jetty bound to port 15005
2023-07-25 10:55:13,835 [main] INFO  server.Server (Server.java:doStart(375)) - jetty-9.4.51.v20230217; built: 2023-02-17T08:19:37.309Z; git: b45c405e4544384de066f814ed42ae3dceacdd49; jvm 1.8.0_372-b07
2023-07-25 10:55:13,841 [main] INFO  server.session (DefaultSessionIdManager.java:doStart(334)) - DefaultSessionIdManager workerName=node0
2023-07-25 10:55:13,841 [main] INFO  server.session (DefaultSessionIdManager.java:doStart(339)) - No SessionScavenger set, using defaults
2023-07-25 10:55:13,842 [main] INFO  server.session (HouseKeeper.java:startScavenging(132)) - node0 Scavenging every 660000ms
2023-07-25 10:55:13,848 [main] INFO  handler.ContextHandler (ContextHandler.java:doStart(921)) - Started o.e.j.s.ServletContextHandler@576e46af{logs,/logs,file:///home/runner/work/ozone/ozone/hadoop-ozone/integration-test/target/log,AVAILABLE}
2023-07-25 10:55:13,848 [main] INFO  handler.ContextHandler (ContextHandler.java:doStart(921)) - Started o.e.j.s.ServletContextHandler@59d05dcb{static,/static,file:///home/runner/work/ozone/ozone/hadoop-ozone/integration-test/target/test-classes/webapps/static,AVAILABLE}
2023-07-25 10:55:13,853 [main] INFO  handler.ContextHandler (ContextHandler.java:doStart(921)) - Started o.e.j.w.WebAppContext@7c4715bb{ozoneManager,/,file:///home/runner/work/ozone/ozone/hadoop-ozone/integration-test/target/test-classes/webapps/ozoneManager/,AVAILABLE}{file:/home/runner/work/ozone/ozone/hadoop-ozone/integration-test/target/test-classes/webapps/ozoneManager}
2023-07-25 10:55:13,855 [main] INFO  server.AbstractConnector (AbstractConnector.java:doStart(333)) - Started ServerConnector@17ed0311{HTTP/1.1, (http/1.1)}{0.0.0.0:15005}
2023-07-25 10:55:13,855 [main] INFO  server.Server (Server.java:doStart(415)) - Started @11274ms
2023-07-25 10:55:13,855 [main] WARN  impl.MetricsSystemImpl (MetricsSystemImpl.java:register(279)) - Sink prometheus already exists!
2023-07-25 10:55:13,856 [main] INFO  http.BaseHttpServer (BaseHttpServer.java:updateConnectorAddress(344)) - HTTP server of ozoneManager listening at http://0.0.0.0:15005
2023-07-25 10:55:13,857 [IPC Server Responder] INFO  ipc.Server (Server.java:run(1562)) - IPC Server Responder: starting
2023-07-25 10:55:13,857 [IPC Server listener on 15004] INFO  ipc.Server (Server.java:run(1402)) - IPC Server listener on 15004: starting
2023-07-25 10:55:13,907 [main] INFO  om.TrashPolicyOzone (TrashPolicyOzone.java:<init>(277)) - Ozone Manager trash configuration: Deletion interval = 0 minutes, Emptier interval = 0 minutes.
2023-07-25 10:55:14,121 [main] WARN  impl.MetricRegistriesImpl (MetricRegistriesImpl.java:addReporterRegistration(111)) - New reporters are added after registries were created. Some metrics will be missing from the reporter. Please add reporter before adding any new registry.
2023-07-25 10:55:14,121 [main] WARN  impl.MetricRegistriesImpl (MetricRegistriesImpl.java:addReporterRegistration(111)) - New reporters are added after registries were created. Some metrics will be missing from the reporter. Please add reporter before adding any new registry.
2023-07-25 10:55:14,122 [main] INFO  impl.MetricsSystemImpl (MetricsSystemImpl.java:init(158)) - HddsDatanode metrics system started (again)
2023-07-25 10:55:14,151 [main] INFO  ozone.HddsDatanodeService (HddsDatanodeService.java:start(237)) - HddsDatanodeService host:fv-az82-323 ip:10.1.0.57
2023-07-25 10:55:14,210 [main] INFO  upgrade.AbstractLayoutVersionManager (AbstractLayoutVersionManager.java:init(83)) - Initializing Layout version manager with metadata layout = HADOOP_PRC_PORTS_IN_DATANODEDETAILS (version = 7), software layout = HADOOP_PRC_PORTS_IN_DATANODEDETAILS (version = 7)
2023-07-25 10:55:14,217 [main] INFO  statemachine.DatanodeStateMachine (DatanodeStateMachine.java:getEndPointTaskThreadPoolSize(279)) - Datanode State Machine Task Thread Pool size 2
2023-07-25 10:55:14,373 [main] INFO  volume.HddsVolume (HddsVolume.java:<init>(126)) - Creating HddsVolume: /home/runner/work/ozone/ozone/hadoop-ozone/integration-test/target/test-dir/MiniOzoneClusterImpl-71add7ef-0b93-4dd0-b3e1-91a97b11c72d/datanode-0/data-0/containers/hdds of storage type : DISK capacity : 9223372036854775807
2023-07-25 10:55:14,378 [main] INFO  volume.MutableVolumeSet (MutableVolumeSet.java:initializeVolumeSet(173)) - Added Volume : /home/runner/work/ozone/ozone/hadoop-ozone/integration-test/target/test-dir/MiniOzoneClusterImpl-71add7ef-0b93-4dd0-b3e1-91a97b11c72d/datanode-0/data-0/containers/hdds to VolumeSet
2023-07-25 10:55:14,392 [main] INFO  volume.MutableVolumeSet (MutableVolumeSet.java:initializeVolumeSet(173)) - Added Volume : /home/runner/work/ozone/ozone/hadoop-ozone/integration-test/target/test-dir/MiniOzoneClusterImpl-71add7ef-0b93-4dd0-b3e1-91a97b11c72d/datanode-0/data/ratis to VolumeSet
2023-07-25 10:55:14,414 [Thread-139] INFO  ozoneimpl.ContainerReader (ContainerReader.java:readVolume(177)) - Finish verifying containers on volume /home/runner/work/ozone/ozone/hadoop-ozone/integration-test/target/test-dir/MiniOzoneClusterImpl-71add7ef-0b93-4dd0-b3e1-91a97b11c72d/datanode-0/data-0/containers/hdds
2023-07-25 10:55:14,415 [main] INFO  ozoneimpl.OzoneContainer (OzoneContainer.java:buildContainerSet(316)) - Build ContainerSet costs 0s
2023-07-25 10:55:14,493 [main] INFO  audit.AuditLogger (AuditLogger.java:refreshDebugCmdSet(126)) - Refresh DebugCmdSet for DNAudit to [].
2023-07-25 10:55:14,534 [main] INFO  server.RaftServer (ConfUtils.java:logGet(46)) - raft.rpc.type = GRPC (default)
2023-07-25 10:55:14,535 [main] INFO  grpc.GrpcConfigKeys (ConfUtils.java:logFallback(53)) - raft.grpc.admin.host = null (fallback to raft.grpc.server.host)
2023-07-25 10:55:14,535 [main] INFO  grpc.GrpcConfigKeys (ConfUtils.java:logGet(46)) - raft.grpc.admin.port = 15013 (custom)
2023-07-25 10:55:14,535 [main] INFO  grpc.GrpcConfigKeys (ConfUtils.java:logFallback(53)) - raft.grpc.client.host = null (fallback to raft.grpc.server.host)
2023-07-25 10:55:14,535 [main] INFO  grpc.GrpcConfigKeys (ConfUtils.java:logGet(46)) - raft.grpc.client.port = 15012 (custom)
2023-07-25 10:55:14,536 [main] INFO  grpc.GrpcConfigKeys (ConfUtils.java:logGet(46)) - raft.grpc.server.host = null (default)
2023-07-25 10:55:14,536 [main] INFO  grpc.GrpcConfigKeys (ConfUtils.java:logGet(46)) - raft.grpc.server.port = 15014 (custom)
2023-07-25 10:55:14,536 [main] INFO  server.GrpcService (ConfUtils.java:logGet(46)) - raft.grpc.message.size.max = 32MB (=33554432) (custom)
2023-07-25 10:55:14,536 [main] INFO  server.RaftServerConfigKeys (ConfUtils.java:logGet(46)) - raft.server.log.appender.buffer.byte-limit = 33554432 (custom)
2023-07-25 10:55:14,536 [main] INFO  server.GrpcService (ConfUtils.java:logGet(46)) - raft.grpc.flow.control.window = 5MB (=5242880) (custom)
2023-07-25 10:55:14,537 [main] INFO  server.RaftServerConfigKeys (ConfUtils.java:logGet(46)) - raft.server.rpc.request.timeout = 60s (custom)
2023-07-25 10:55:14,537 [main] INFO  grpc.GrpcConfigKeys (ConfUtils.java:logGet(46)) - raft.grpc.server.heartbeat.channel = true (default)
2023-07-25 10:55:14,537 [main] INFO  grpc.GrpcConfigKeys (ConfUtils.java:logGet(46)) - raft.grpc.server.async.request.thread.pool.cached = true (default)
2023-07-25 10:55:14,537 [main] INFO  grpc.GrpcConfigKeys (ConfUtils.java:logGet(46)) - raft.grpc.server.async.request.thread.pool.size = 32 (default)
2023-07-25 10:55:14,541 [main] INFO  impl.DataStreamServerImpl (ConfUtils.java:logGet(46)) - raft.datastream.type = NETTY (custom)
2023-07-25 10:55:14,552 [main] INFO  server.RaftServerConfigKeys (ConfUtils.java:logGet(46)) - raft.server.data-stream.async.request.thread.pool.cached = false (default)
2023-07-25 10:55:14,553 [main] INFO  server.RaftServerConfigKeys (ConfUtils.java:logGet(46)) - raft.server.data-stream.async.request.thread.pool.size = 20 (custom)
2023-07-25 10:55:14,554 [main] INFO  server.RaftServerConfigKeys (ConfUtils.java:logGet(46)) - raft.server.data-stream.async.write.thread.pool.size = 16 (default)
2023-07-25 10:55:14,556 [main] INFO  server.RaftServerConfigKeys (ConfUtils.java:logGet(46)) - raft.server.data-stream.client.pool.size = 10 (default)
2023-07-25 10:55:14,560 [main] INFO  netty.NettyConfigKeys$DataStream (ConfUtils.java:logGet(46)) - raft.netty.dataStream.server.use-epoll = false (default)
2023-07-25 10:55:14,560 [main] INFO  netty.NettyConfigKeys$DataStream (ConfUtils.java:logGet(46)) - raft.netty.dataStream.server.boss-group.size = 0 (default)
2023-07-25 10:55:14,568 [main] INFO  netty.NettyConfigKeys$DataStream (ConfUtils.java:logGet(46)) - raft.netty.dataStream.server.worker-group.size = 0 (default)
2023-07-25 10:55:14,582 [main] INFO  netty.NettyConfigKeys$DataStream (ConfUtils.java:logGet(46)) - raft.netty.dataStream.server.tls.conf = null (default)
2023-07-25 10:55:14,584 [main] INFO  netty.NettyConfigKeys$DataStream (ConfUtils.java:logGet(46)) - raft.netty.dataStream.host = null (default)
2023-07-25 10:55:14,585 [main] INFO  netty.NettyConfigKeys$DataStream (ConfUtils.java:logGet(46)) - raft.netty.dataStream.port = 15015 (custom)
2023-07-25 10:55:14,598 [main] INFO  server.RaftServerConfigKeys (ConfUtils.java:logGet(46)) - raft.server.threadpool.proxy.cached = true (default)
2023-07-25 10:55:14,598 [main] INFO  server.RaftServerConfigKeys (ConfUtils.java:logGet(46)) - raft.server.threadpool.proxy.size = 0 (default)
2023-07-25 10:55:14,599 [main] INFO  server.RaftServerConfigKeys (ConfUtils.java:logGet(46)) - raft.server.rpc.slowness.timeout = 300s (custom)
2023-07-25 10:55:14,599 [main] INFO  server.RaftServerConfigKeys (ConfUtils.java:logGet(46)) - raft.server.leaderelection.leader.step-down.wait-time = 10s (default)
2023-07-25 10:55:14,599 [main] INFO  server.RaftServerConfigKeys (ConfUtils.java:logGet(46)) - raft.server.storage.dir = [/home/runner/work/ozone/ozone/hadoop-ozone/integration-test/target/test-dir/MiniOzoneClusterImpl-71add7ef-0b93-4dd0-b3e1-91a97b11c72d/datanode-0/data/ratis] (custom)
2023-07-25 10:55:14,600 [d61495e8-faf1-4655-91e1-42a45bad4237-impl-thread1] INFO  server.RaftServer (RaftServerProxy.java:initGroupDir(258)) - d61495e8-faf1-4655-91e1-42a45bad4237: found a subdirectory /home/runner/work/ozone/ozone/hadoop-ozone/integration-test/target/test-dir/MiniOzoneClusterImpl-71add7ef-0b93-4dd0-b3e1-91a97b11c72d/datanode-0/data/ratis/tmp
2023-07-25 10:55:14,603 [d61495e8-faf1-4655-91e1-42a45bad4237-impl-thread1] INFO  server.RaftServer (RaftServerProxy.java:initGroupDir(263)) - d61495e8-faf1-4655-91e1-42a45bad4237: The directory /home/runner/work/ozone/ozone/hadoop-ozone/integration-test/target/test-dir/MiniOzoneClusterImpl-71add7ef-0b93-4dd0-b3e1-91a97b11c72d/datanode-0/data/ratis/tmp is not a group directory; ignoring it. 
2023-07-25 10:55:14,634 [main] INFO  server.XceiverServerGrpc (XceiverServerGrpc.java:<init>(132)) - GrpcServer channel type EpollServerSocketChannel
2023-07-25 10:55:14,635 [d61495e8-faf1-4655-91e1-42a45bad4237-NettyServerStreamRpc-bossGroup--thread1] INFO  logging.LoggingHandler (AbstractInternalLogger.java:log(148)) - [id: 0x064b017a] REGISTERED
2023-07-25 10:55:14,636 [d61495e8-faf1-4655-91e1-42a45bad4237-NettyServerStreamRpc-bossGroup--thread1] INFO  logging.LoggingHandler (AbstractInternalLogger.java:log(148)) - [id: 0x064b017a] BIND: 0.0.0.0/0.0.0.0:15015
2023-07-25 10:55:14,637 [d61495e8-faf1-4655-91e1-42a45bad4237-NettyServerStreamRpc-bossGroup--thread1] INFO  logging.LoggingHandler (AbstractInternalLogger.java:log(148)) - [id: 0x064b017a, L:/0:0:0:0:0:0:0:0:15015] ACTIVE
2023-07-25 10:55:14,682 [main] INFO  replication.ReplicationSupervisor (ReplicationSupervisor.java:nodeStateUpdated(305)) - Node state updated to IN_SERVICE, scaling executor pool size to 10
2023-07-25 10:55:14,749 [main] INFO  http.BaseHttpServer (BaseHttpServer.java:newHttpServer2BuilderForOzone(224)) - Starting Web-server for hddsDatanode at: http://0.0.0.0:15009
2023-07-25 10:55:14,750 [main] INFO  http.BaseHttpServer (BaseHttpServer.java:<init>(111)) - Hadoop Security Enabled: false Ozone Security Enabled: false Ozone HTTP Security Enabled: false 
2023-07-25 10:55:14,752 [main] WARN  server.AuthenticationFilter (AuthenticationFilter.java:constructSecretProvider(240)) - Unable to initialize FileSignerSecretProvider, falling back to use random secrets. Reason: Could not read signature secret file: /home/runner/hadoop-http-auth-signature-secret
2023-07-25 10:55:14,753 [main] INFO  http.HttpRequestLog (HttpRequestLog.java:getRequestLog(86)) - Http request log for http.requests.hddsDatanode is not defined
2023-07-25 10:55:14,756 [main] INFO  http.HttpServer2 (HttpServer2.java:addGlobalFilter(1031)) - Added global filter 'safety' (class=org.apache.hadoop.hdds.server.http.HttpServer2$QuotingInputFilter)
2023-07-25 10:55:14,757 [main] INFO  http.HttpServer2 (HttpServer2.java:addFilter(1007)) - Added filter static_user_filter (class=org.apache.hadoop.http.lib.StaticUserWebFilter$StaticUserFilter) to context hddsDatanode
2023-07-25 10:55:14,757 [main] INFO  http.HttpServer2 (HttpServer2.java:addFilter(1015)) - Added filter static_user_filter (class=org.apache.hadoop.http.lib.StaticUserWebFilter$StaticUserFilter) to context static
2023-07-25 10:55:14,757 [main] INFO  http.HttpServer2 (HttpServer2.java:addFilter(1015)) - Added filter static_user_filter (class=org.apache.hadoop.http.lib.StaticUserWebFilter$StaticUserFilter) to context logs
2023-07-25 10:55:14,759 [main] INFO  http.BaseHttpServer (BaseHttpServer.java:<init>(190)) - HTTP server of hddsDatanode uses base directory /home/runner/work/ozone/ozone/hadoop-ozone/integration-test/target/test-dir/MiniOzoneClusterImpl-71add7ef-0b93-4dd0-b3e1-91a97b11c72d/datanode-0/meta/webserver
2023-07-25 10:55:14,759 [main] INFO  http.HttpServer2 (HttpServer2.java:bindListener(1250)) - Jetty bound to port 15009
2023-07-25 10:55:14,760 [main] INFO  server.Server (Server.java:doStart(375)) - jetty-9.4.51.v20230217; built: 2023-02-17T08:19:37.309Z; git: b45c405e4544384de066f814ed42ae3dceacdd49; jvm 1.8.0_372-b07
2023-07-25 10:55:14,785 [main] INFO  server.session (DefaultSessionIdManager.java:doStart(334)) - DefaultSessionIdManager workerName=node0
2023-07-25 10:55:14,785 [main] INFO  server.session (DefaultSessionIdManager.java:doStart(339)) - No SessionScavenger set, using defaults
2023-07-25 10:55:14,786 [main] INFO  server.session (HouseKeeper.java:startScavenging(132)) - node0 Scavenging every 660000ms
2023-07-25 10:55:14,794 [main] INFO  handler.ContextHandler (ContextHandler.java:doStart(921)) - Started o.e.j.s.ServletContextHandler@101bd174{logs,/logs,file:///home/runner/work/ozone/ozone/hadoop-ozone/integration-test/target/log,AVAILABLE}
2023-07-25 10:55:14,795 [main] INFO  handler.ContextHandler (ContextHandler.java:doStart(921)) - Started o.e.j.s.ServletContextHandler@29c2418{static,/static,jar:file:/home/runner/.m2/repository/org/apache/ozone/hdds-container-service/1.4.0-SNAPSHOT/hdds-container-service-1.4.0-SNAPSHOT.jar!/webapps/static,AVAILABLE}
2023-07-25 10:55:14,869 [om1@group-C5BA1605619E-FollowerState] INFO  impl.FollowerState (FollowerState.java:run(143)) - om1@group-C5BA1605619E-FollowerState: change to CANDIDATE, lastRpcElapsedTime:1181119592ns, electionTimeout:1171ms
2023-07-25 10:55:14,871 [om1@group-C5BA1605619E-FollowerState] INFO  impl.RoleInfo (RoleInfo.java:shutdownFollowerState(110)) - om1: shutdown om1@group-C5BA1605619E-FollowerState
2023-07-25 10:55:14,871 [om1@group-C5BA1605619E-FollowerState] INFO  server.RaftServer$Division (RaftServerImpl.java:setRole(329)) - om1@group-C5BA1605619E: changes role from  FOLLOWER to CANDIDATE at term 0 for changeToCandidate
2023-07-25 10:55:14,876 [om1@group-C5BA1605619E-FollowerState] INFO  server.RaftServerConfigKeys (ConfUtils.java:logGet(46)) - raft.server.leaderelection.pre-vote = true (default)
2023-07-25 10:55:14,876 [om1@group-C5BA1605619E-FollowerState] INFO  impl.RoleInfo (RoleInfo.java:updateAndGet(139)) - om1: start om1@group-C5BA1605619E-LeaderElection1
2023-07-25 10:55:14,887 [om1@group-C5BA1605619E-LeaderElection1] INFO  impl.LeaderElection (LeaderElection.java:askForVotes(321)) - om1@group-C5BA1605619E-LeaderElection1 PRE_VOTE round 0: submit vote requests at term 0 for -1: peers:[om1|rpc:localhost:15007|priority:0|startupRole:FOLLOWER]|listeners:[], old=null
2023-07-25 10:55:14,889 [om1@group-C5BA1605619E-LeaderElection1] INFO  impl.LeaderElection (LeaderElection.java:askForVotes(323)) - om1@group-C5BA1605619E-LeaderElection1 PRE_VOTE round 0: result PASSED (term=0)
2023-07-25 10:55:14,894 [om1@group-C5BA1605619E-LeaderElection1] INFO  impl.LeaderElection (LeaderElection.java:askForVotes(321)) - om1@group-C5BA1605619E-LeaderElection1 ELECTION round 0: submit vote requests at term 1 for -1: peers:[om1|rpc:localhost:15007|priority:0|startupRole:FOLLOWER]|listeners:[], old=null
2023-07-25 10:55:14,894 [om1@group-C5BA1605619E-LeaderElection1] INFO  impl.LeaderElection (LeaderElection.java:askForVotes(323)) - om1@group-C5BA1605619E-LeaderElection1 ELECTION round 0: result PASSED (term=1)
2023-07-25 10:55:14,895 [om1@group-C5BA1605619E-LeaderElection1] INFO  impl.RoleInfo (RoleInfo.java:shutdownLeaderElection(130)) - om1: shutdown om1@group-C5BA1605619E-LeaderElection1
2023-07-25 10:55:14,895 [om1@group-C5BA1605619E-LeaderElection1] INFO  server.RaftServer$Division (RaftServerImpl.java:setRole(329)) - om1@group-C5BA1605619E: changes role from CANDIDATE to LEADER at term 1 for changeToLeader
2023-07-25 10:55:14,899 [om1@group-C5BA1605619E-LeaderElection1] INFO  server.RaftServer$Division (ServerState.java:setLeader(317)) - om1@group-C5BA1605619E: change Leader from null to om1 at term 1 for becomeLeader, leader elected after 2554ms
2023-07-25 10:55:14,917 [om1@group-C5BA1605619E-LeaderElection1] INFO  server.RaftServerConfigKeys (ConfUtils.java:logGet(46)) - raft.server.staging.catchup.gap = 1000 (default)
2023-07-25 10:55:14,934 [om1@group-C5BA1605619E-LeaderElection1] INFO  server.RaftServerConfigKeys (ConfUtils.java:logGet(46)) - raft.server.write.element-limit = 4096 (default)
2023-07-25 10:55:14,936 [om1@group-C5BA1605619E-LeaderElection1] INFO  server.RaftServerConfigKeys (ConfUtils.java:logGet(46)) - raft.server.write.byte-limit = 64MB (=67108864) (default)
2023-07-25 10:55:14,948 [om1@group-C5BA1605619E-LeaderElection1] INFO  server.RaftServerConfigKeys (ConfUtils.java:logGet(46)) - raft.server.watch.timeout = 10s (default)
2023-07-25 10:55:14,949 [om1@group-C5BA1605619E-LeaderElection1] INFO  server.RaftServerConfigKeys (ConfUtils.java:logGet(46)) - raft.server.watch.timeout.denomination = 1s (default)
2023-07-25 10:55:14,950 [om1@group-C5BA1605619E-LeaderElection1] INFO  server.RaftServerConfigKeys (ConfUtils.java:logGet(46)) - raft.server.watch.element-limit = 65536 (default)
2023-07-25 10:55:14,969 [om1@group-C5BA1605619E-LeaderElection1] INFO  server.RaftServerConfigKeys (ConfUtils.java:logGet(46)) - raft.server.write.element-limit = 4096 (default)
2023-07-25 10:55:14,975 [om1@group-C5BA1605619E-LeaderElection1] INFO  server.RaftServerConfigKeys (ConfUtils.java:logGet(46)) - raft.server.write.follower.gap.ratio.max = -1.0 (default)
2023-07-25 10:55:14,983 [om1@group-C5BA1605619E-LeaderElection1] INFO  impl.RoleInfo (RoleInfo.java:updateAndGet(139)) - om1: start om1@group-C5BA1605619E-LeaderStateImpl
2023-07-25 10:55:15,028 [om1@group-C5BA1605619E-LeaderElection1] INFO  segmented.SegmentedRaftLogWorker (SegmentedRaftLogWorker.java:startLogSegment(447)) - om1@group-C5BA1605619E-SegmentedRaftLogWorker: Starting segment from index:0
2023-07-25 10:55:15,137 [om1@group-C5BA1605619E-LeaderElection1] INFO  server.RaftServer$Division (ServerState.java:setRaftConf(434)) - om1@group-C5BA1605619E: set configuration 0: peers:[om1|rpc:localhost:15007|admin:|client:|dataStream:|priority:0|startupRole:FOLLOWER]|listeners:[], old=null
2023-07-25 10:55:15,219 [om1@group-C5BA1605619E-SegmentedRaftLogWorker] INFO  segmented.SegmentedRaftLogWorker (SegmentedRaftLogWorker.java:execute(651)) - om1@group-C5BA1605619E-SegmentedRaftLogWorker: created new log segment /home/runner/work/ozone/ozone/hadoop-ozone/integration-test/target/test-dir/MiniOzoneClusterImpl-71add7ef-0b93-4dd0-b3e1-91a97b11c72d/ozone-meta/ratis/bf265839-605b-3f16-9796-c5ba1605619e/current/log_inprogress_0
2023-07-25 10:55:15,225 [main] INFO  handler.ContextHandler (ContextHandler.java:doStart(921)) - Started o.e.j.w.WebAppContext@76b5f3f0{hddsDatanode,/,file:///home/runner/work/ozone/ozone/hadoop-ozone/integration-test/target/test-dir/MiniOzoneClusterImpl-71add7ef-0b93-4dd0-b3e1-91a97b11c72d/datanode-0/meta/webserver/jetty-0_0_0_0-15009-hdds-container-service-1_4_0-SNAPSHOT_jar-_-any-1961754449944397328/webapp/,AVAILABLE}{jar:file:/home/runner/.m2/repository/org/apache/ozone/hdds-container-service/1.4.0-SNAPSHOT/hdds-container-service-1.4.0-SNAPSHOT.jar!/webapps/hddsDatanode}
2023-07-25 10:55:15,227 [main] INFO  server.AbstractConnector (AbstractConnector.java:doStart(333)) - Started ServerConnector@2a5c851b{HTTP/1.1, (http/1.1)}{0.0.0.0:15009}
2023-07-25 10:55:15,228 [main] INFO  server.Server (Server.java:doStart(415)) - Started @12646ms
2023-07-25 10:55:15,228 [main] WARN  impl.MetricsSystemImpl (MetricsSystemImpl.java:register(279)) - Sink prometheus already exists!
2023-07-25 10:55:15,229 [main] INFO  http.BaseHttpServer (BaseHttpServer.java:updateConnectorAddress(344)) - HTTP server of hddsDatanode listening at http://0.0.0.0:15009
2023-07-25 10:55:15,233 [main] INFO  ipc.CallQueueManager (CallQueueManager.java:<init>(90)) - Using callQueue: class java.util.concurrent.LinkedBlockingQueue, queueCapacity: 100, scheduler: class org.apache.hadoop.ipc.DefaultRpcScheduler, ipcBackoff: false.
2023-07-25 10:55:15,233 [main] INFO  ipc.Server (Server.java:<init>(1287)) - Listener at 0.0.0.0:15010
2023-07-25 10:55:15,234 [Socket Reader #1 for port 15010] INFO  ipc.Server (Server.java:run(1323)) - Starting Socket Reader #1 for port 15010
2023-07-25 10:55:15,236 [main] INFO  ozone.HddsDatanodeService (HddsDatanodeService.java:start(315)) - Datanode start with admins: [runner]
2023-07-25 10:55:15,237 [main] INFO  ozone.HddsDatanodeClientProtocolServer (HddsDatanodeClientProtocolServer.java:start(72)) - RPC server for Client /0.0.0.0:15010
2023-07-25 10:55:15,237 [IPC Server Responder] INFO  ipc.Server (Server.java:run(1562)) - IPC Server Responder: starting
2023-07-25 10:55:15,237 [IPC Server listener on 15010] INFO  ipc.Server (Server.java:run(1402)) - IPC Server listener on 15010: starting
2023-07-25 10:55:15,241 [main] WARN  impl.MetricRegistriesImpl (MetricRegistriesImpl.java:addReporterRegistration(111)) - New reporters are added after registries were created. Some metrics will be missing from the reporter. Please add reporter before adding any new registry.
2023-07-25 10:55:15,241 [main] WARN  impl.MetricRegistriesImpl (MetricRegistriesImpl.java:addReporterRegistration(111)) - New reporters are added after registries were created. Some metrics will be missing from the reporter. Please add reporter before adding any new registry.
2023-07-25 10:55:15,242 [main] INFO  impl.MetricsSystemImpl (MetricsSystemImpl.java:init(158)) - HddsDatanode metrics system started (again)
2023-07-25 10:55:15,259 [Datanode State Machine Daemon Thread] INFO  statemachine.DatanodeStateMachine (DatanodeStateMachine.java:lambda$startDaemon$0(531)) - Ozone container server started.
2023-07-25 10:55:15,297 [main] INFO  ozone.HddsDatanodeService (HddsDatanodeService.java:start(237)) - HddsDatanodeService host:fv-az82-323 ip:10.1.0.57
2023-07-25 10:55:15,344 [main] INFO  upgrade.AbstractLayoutVersionManager (AbstractLayoutVersionManager.java:init(83)) - Initializing Layout version manager with metadata layout = HADOOP_PRC_PORTS_IN_DATANODEDETAILS (version = 7), software layout = HADOOP_PRC_PORTS_IN_DATANODEDETAILS (version = 7)
2023-07-25 10:55:15,353 [main] INFO  statemachine.DatanodeStateMachine (DatanodeStateMachine.java:getEndPointTaskThreadPoolSize(279)) - Datanode State Machine Task Thread Pool size 2
2023-07-25 10:55:15,376 [main] INFO  volume.HddsVolume (HddsVolume.java:<init>(126)) - Creating HddsVolume: /home/runner/work/ozone/ozone/hadoop-ozone/integration-test/target/test-dir/MiniOzoneClusterImpl-71add7ef-0b93-4dd0-b3e1-91a97b11c72d/datanode-1/data-0/containers/hdds of storage type : DISK capacity : 9223372036854775807
2023-07-25 10:55:15,376 [main] INFO  volume.MutableVolumeSet (MutableVolumeSet.java:initializeVolumeSet(173)) - Added Volume : /home/runner/work/ozone/ozone/hadoop-ozone/integration-test/target/test-dir/MiniOzoneClusterImpl-71add7ef-0b93-4dd0-b3e1-91a97b11c72d/datanode-1/data-0/containers/hdds to VolumeSet
2023-07-25 10:55:15,382 [main] INFO  volume.MutableVolumeSet (MutableVolumeSet.java:initializeVolumeSet(173)) - Added Volume : /home/runner/work/ozone/ozone/hadoop-ozone/integration-test/target/test-dir/MiniOzoneClusterImpl-71add7ef-0b93-4dd0-b3e1-91a97b11c72d/datanode-1/data/ratis to VolumeSet
2023-07-25 10:55:15,387 [Thread-158] INFO  ozoneimpl.ContainerReader (ContainerReader.java:readVolume(177)) - Finish verifying containers on volume /home/runner/work/ozone/ozone/hadoop-ozone/integration-test/target/test-dir/MiniOzoneClusterImpl-71add7ef-0b93-4dd0-b3e1-91a97b11c72d/datanode-1/data-0/containers/hdds
2023-07-25 10:55:15,389 [main] INFO  ozoneimpl.OzoneContainer (OzoneContainer.java:buildContainerSet(316)) - Build ContainerSet costs 0s
2023-07-25 10:55:15,396 [main] INFO  server.RaftServer (ConfUtils.java:logGet(46)) - raft.rpc.type = GRPC (default)
2023-07-25 10:55:15,397 [main] INFO  grpc.GrpcConfigKeys (ConfUtils.java:logFallback(53)) - raft.grpc.admin.host = null (fallback to raft.grpc.server.host)
2023-07-25 10:55:15,397 [main] INFO  grpc.GrpcConfigKeys (ConfUtils.java:logGet(46)) - raft.grpc.admin.port = 15022 (custom)
2023-07-25 10:55:15,397 [main] INFO  grpc.GrpcConfigKeys (ConfUtils.java:logFallback(53)) - raft.grpc.client.host = null (fallback to raft.grpc.server.host)
2023-07-25 10:55:15,397 [main] INFO  grpc.GrpcConfigKeys (ConfUtils.java:logGet(46)) - raft.grpc.client.port = 15021 (custom)
2023-07-25 10:55:15,397 [main] INFO  grpc.GrpcConfigKeys (ConfUtils.java:logGet(46)) - raft.grpc.server.host = null (default)
2023-07-25 10:55:15,398 [main] INFO  grpc.GrpcConfigKeys (ConfUtils.java:logGet(46)) - raft.grpc.server.port = 15023 (custom)
2023-07-25 10:55:15,398 [main] INFO  server.GrpcService (ConfUtils.java:logGet(46)) - raft.grpc.message.size.max = 32MB (=33554432) (custom)
2023-07-25 10:55:15,398 [main] INFO  server.RaftServerConfigKeys (ConfUtils.java:logGet(46)) - raft.server.log.appender.buffer.byte-limit = 33554432 (custom)
2023-07-25 10:55:15,398 [main] INFO  server.GrpcService (ConfUtils.java:logGet(46)) - raft.grpc.flow.control.window = 5MB (=5242880) (custom)
2023-07-25 10:55:15,398 [main] INFO  server.RaftServerConfigKeys (ConfUtils.java:logGet(46)) - raft.server.rpc.request.timeout = 60s (custom)
2023-07-25 10:55:15,399 [main] INFO  grpc.GrpcConfigKeys (ConfUtils.java:logGet(46)) - raft.grpc.server.heartbeat.channel = true (default)
2023-07-25 10:55:15,399 [main] INFO  grpc.GrpcConfigKeys (ConfUtils.java:logGet(46)) - raft.grpc.server.async.request.thread.pool.cached = true (default)
2023-07-25 10:55:15,399 [main] INFO  grpc.GrpcConfigKeys (ConfUtils.java:logGet(46)) - raft.grpc.server.async.request.thread.pool.size = 32 (default)
2023-07-25 10:55:15,419 [main] INFO  impl.DataStreamServerImpl (ConfUtils.java:logGet(46)) - raft.datastream.type = NETTY (custom)
2023-07-25 10:55:15,422 [main] INFO  server.RaftServerConfigKeys (ConfUtils.java:logGet(46)) - raft.server.data-stream.async.request.thread.pool.cached = false (default)
2023-07-25 10:55:15,422 [main] INFO  server.RaftServerConfigKeys (ConfUtils.java:logGet(46)) - raft.server.data-stream.async.request.thread.pool.size = 20 (custom)
2023-07-25 10:55:15,422 [main] INFO  server.RaftServerConfigKeys (ConfUtils.java:logGet(46)) - raft.server.data-stream.async.write.thread.pool.size = 16 (default)
2023-07-25 10:55:15,423 [main] INFO  server.RaftServerConfigKeys (ConfUtils.java:logGet(46)) - raft.server.data-stream.client.pool.size = 10 (default)
2023-07-25 10:55:15,425 [main] INFO  netty.NettyConfigKeys$DataStream (ConfUtils.java:logGet(46)) - raft.netty.dataStream.server.use-epoll = false (default)
2023-07-25 10:55:15,425 [main] INFO  netty.NettyConfigKeys$DataStream (ConfUtils.java:logGet(46)) - raft.netty.dataStream.server.boss-group.size = 0 (default)
2023-07-25 10:55:15,426 [main] INFO  netty.NettyConfigKeys$DataStream (ConfUtils.java:logGet(46)) - raft.netty.dataStream.server.worker-group.size = 0 (default)
2023-07-25 10:55:15,429 [main] INFO  netty.NettyConfigKeys$DataStream (ConfUtils.java:logGet(46)) - raft.netty.dataStream.server.tls.conf = null (default)
2023-07-25 10:55:15,429 [main] INFO  netty.NettyConfigKeys$DataStream (ConfUtils.java:logGet(46)) - raft.netty.dataStream.host = null (default)
2023-07-25 10:55:15,429 [main] INFO  netty.NettyConfigKeys$DataStream (ConfUtils.java:logGet(46)) - raft.netty.dataStream.port = 15024 (custom)
2023-07-25 10:55:15,445 [main] INFO  server.RaftServerConfigKeys (ConfUtils.java:logGet(46)) - raft.server.threadpool.proxy.cached = true (default)
2023-07-25 10:55:15,445 [main] INFO  server.RaftServerConfigKeys (ConfUtils.java:logGet(46)) - raft.server.threadpool.proxy.size = 0 (default)
2023-07-25 10:55:15,446 [main] INFO  server.RaftServerConfigKeys (ConfUtils.java:logGet(46)) - raft.server.rpc.slowness.timeout = 300s (custom)
2023-07-25 10:55:15,446 [main] INFO  server.RaftServerConfigKeys (ConfUtils.java:logGet(46)) - raft.server.leaderelection.leader.step-down.wait-time = 10s (default)
2023-07-25 10:55:15,446 [main] INFO  server.RaftServerConfigKeys (ConfUtils.java:logGet(46)) - raft.server.storage.dir = [/home/runner/work/ozone/ozone/hadoop-ozone/integration-test/target/test-dir/MiniOzoneClusterImpl-71add7ef-0b93-4dd0-b3e1-91a97b11c72d/datanode-1/data/ratis] (custom)
2023-07-25 10:55:15,458 [a4e02de4-0a57-448c-8e91-91a041d5e72b-impl-thread1] INFO  server.RaftServer (RaftServerProxy.java:initGroupDir(258)) - a4e02de4-0a57-448c-8e91-91a041d5e72b: found a subdirectory /home/runner/work/ozone/ozone/hadoop-ozone/integration-test/target/test-dir/MiniOzoneClusterImpl-71add7ef-0b93-4dd0-b3e1-91a97b11c72d/datanode-1/data/ratis/tmp
2023-07-25 10:55:15,459 [a4e02de4-0a57-448c-8e91-91a041d5e72b-impl-thread1] INFO  server.RaftServer (RaftServerProxy.java:initGroupDir(263)) - a4e02de4-0a57-448c-8e91-91a041d5e72b: The directory /home/runner/work/ozone/ozone/hadoop-ozone/integration-test/target/test-dir/MiniOzoneClusterImpl-71add7ef-0b93-4dd0-b3e1-91a97b11c72d/datanode-1/data/ratis/tmp is not a group directory; ignoring it. 
2023-07-25 10:55:15,460 [a4e02de4-0a57-448c-8e91-91a041d5e72b-NettyServerStreamRpc-bossGroup--thread1] INFO  logging.LoggingHandler (AbstractInternalLogger.java:log(148)) - [id: 0x9cea422e] REGISTERED
2023-07-25 10:55:15,460 [a4e02de4-0a57-448c-8e91-91a041d5e72b-NettyServerStreamRpc-bossGroup--thread1] INFO  logging.LoggingHandler (AbstractInternalLogger.java:log(148)) - [id: 0x9cea422e] BIND: 0.0.0.0/0.0.0.0:15024
2023-07-25 10:55:15,461 [a4e02de4-0a57-448c-8e91-91a041d5e72b-NettyServerStreamRpc-bossGroup--thread1] INFO  logging.LoggingHandler (AbstractInternalLogger.java:log(148)) - [id: 0x9cea422e, L:/0:0:0:0:0:0:0:0:15024] ACTIVE
2023-07-25 10:55:15,463 [main] INFO  server.XceiverServerGrpc (XceiverServerGrpc.java:<init>(132)) - GrpcServer channel type EpollServerSocketChannel
2023-07-25 10:55:15,468 [main] INFO  replication.ReplicationSupervisor (ReplicationSupervisor.java:nodeStateUpdated(305)) - Node state updated to IN_SERVICE, scaling executor pool size to 10
2023-07-25 10:55:15,488 [main] INFO  http.BaseHttpServer (BaseHttpServer.java:newHttpServer2BuilderForOzone(224)) - Starting Web-server for hddsDatanode at: http://0.0.0.0:15018
2023-07-25 10:55:15,488 [main] INFO  http.BaseHttpServer (BaseHttpServer.java:<init>(111)) - Hadoop Security Enabled: false Ozone Security Enabled: false Ozone HTTP Security Enabled: false 
2023-07-25 10:55:15,490 [main] WARN  server.AuthenticationFilter (AuthenticationFilter.java:constructSecretProvider(240)) - Unable to initialize FileSignerSecretProvider, falling back to use random secrets. Reason: Could not read signature secret file: /home/runner/hadoop-http-auth-signature-secret
2023-07-25 10:55:15,491 [main] INFO  http.HttpRequestLog (HttpRequestLog.java:getRequestLog(86)) - Http request log for http.requests.hddsDatanode is not defined
2023-07-25 10:55:15,493 [main] INFO  http.HttpServer2 (HttpServer2.java:addGlobalFilter(1031)) - Added global filter 'safety' (class=org.apache.hadoop.hdds.server.http.HttpServer2$QuotingInputFilter)
2023-07-25 10:55:15,494 [main] INFO  http.HttpServer2 (HttpServer2.java:addFilter(1007)) - Added filter static_user_filter (class=org.apache.hadoop.http.lib.StaticUserWebFilter$StaticUserFilter) to context hddsDatanode
2023-07-25 10:55:15,495 [main] INFO  http.HttpServer2 (HttpServer2.java:addFilter(1015)) - Added filter static_user_filter (class=org.apache.hadoop.http.lib.StaticUserWebFilter$StaticUserFilter) to context static
2023-07-25 10:55:15,495 [main] INFO  http.HttpServer2 (HttpServer2.java:addFilter(1015)) - Added filter static_user_filter (class=org.apache.hadoop.http.lib.StaticUserWebFilter$StaticUserFilter) to context logs
2023-07-25 10:55:15,496 [main] INFO  http.BaseHttpServer (BaseHttpServer.java:<init>(190)) - HTTP server of hddsDatanode uses base directory /home/runner/work/ozone/ozone/hadoop-ozone/integration-test/target/test-dir/MiniOzoneClusterImpl-71add7ef-0b93-4dd0-b3e1-91a97b11c72d/datanode-1/meta/webserver
2023-07-25 10:55:15,496 [main] INFO  http.HttpServer2 (HttpServer2.java:bindListener(1250)) - Jetty bound to port 15018
2023-07-25 10:55:15,496 [main] INFO  server.Server (Server.java:doStart(375)) - jetty-9.4.51.v20230217; built: 2023-02-17T08:19:37.309Z; git: b45c405e4544384de066f814ed42ae3dceacdd49; jvm 1.8.0_372-b07
2023-07-25 10:55:15,557 [main] INFO  server.session (DefaultSessionIdManager.java:doStart(334)) - DefaultSessionIdManager workerName=node0
2023-07-25 10:55:15,558 [main] INFO  server.session (DefaultSessionIdManager.java:doStart(339)) - No SessionScavenger set, using defaults
2023-07-25 10:55:15,558 [main] INFO  server.session (HouseKeeper.java:startScavenging(132)) - node0 Scavenging every 660000ms
2023-07-25 10:55:15,563 [main] INFO  handler.ContextHandler (ContextHandler.java:doStart(921)) - Started o.e.j.s.ServletContextHandler@37f3e60c{logs,/logs,file:///home/runner/work/ozone/ozone/hadoop-ozone/integration-test/target/log,AVAILABLE}
2023-07-25 10:55:15,564 [main] INFO  handler.ContextHandler (ContextHandler.java:doStart(921)) - Started o.e.j.s.ServletContextHandler@1db3118{static,/static,jar:file:/home/runner/.m2/repository/org/apache/ozone/hdds-container-service/1.4.0-SNAPSHOT/hdds-container-service-1.4.0-SNAPSHOT.jar!/webapps/static,AVAILABLE}
2023-07-25 10:55:15,568 [om1@group-C5BA1605619E-StateMachineUpdater] INFO  ratis.OzoneManagerStateMachine (OzoneManagerStateMachine.java:notifyConfigurationChanged(202)) - Received Configuration change notification from Ratis. New Peer list:
[id: "om1"
address: "localhost:15007"
startupRole: FOLLOWER
]
2023-07-25 10:55:15,597 [Datanode State Machine Task Thread - 0] INFO  datanode.InitDatanodeState (InitDatanodeState.java:persistContainerDatanodeDetails(138)) - DatanodeDetails is persisted to /home/runner/work/ozone/ozone/hadoop-ozone/integration-test/target/test-dir/MiniOzoneClusterImpl-71add7ef-0b93-4dd0-b3e1-91a97b11c72d/datanode-0/meta/datanode.id
2023-07-25 10:55:15,840 [main] INFO  handler.ContextHandler (ContextHandler.java:doStart(921)) - Started o.e.j.w.WebAppContext@12c1a880{hddsDatanode,/,file:///home/runner/work/ozone/ozone/hadoop-ozone/integration-test/target/test-dir/MiniOzoneClusterImpl-71add7ef-0b93-4dd0-b3e1-91a97b11c72d/datanode-1/meta/webserver/jetty-0_0_0_0-15018-hdds-container-service-1_4_0-SNAPSHOT_jar-_-any-8570265367997456334/webapp/,AVAILABLE}{jar:file:/home/runner/.m2/repository/org/apache/ozone/hdds-container-service/1.4.0-SNAPSHOT/hdds-container-service-1.4.0-SNAPSHOT.jar!/webapps/hddsDatanode}
2023-07-25 10:55:15,841 [main] INFO  server.AbstractConnector (AbstractConnector.java:doStart(333)) - Started ServerConnector@3de86254{HTTP/1.1, (http/1.1)}{0.0.0.0:15018}
2023-07-25 10:55:15,842 [main] INFO  server.Server (Server.java:doStart(415)) - Started @13260ms
2023-07-25 10:55:15,842 [main] WARN  impl.MetricsSystemImpl (MetricsSystemImpl.java:register(279)) - Sink prometheus already exists!
2023-07-25 10:55:15,843 [main] INFO  http.BaseHttpServer (BaseHttpServer.java:updateConnectorAddress(344)) - HTTP server of hddsDatanode listening at http://0.0.0.0:15018
2023-07-25 10:55:15,843 [main] INFO  ipc.CallQueueManager (CallQueueManager.java:<init>(90)) - Using callQueue: class java.util.concurrent.LinkedBlockingQueue, queueCapacity: 100, scheduler: class org.apache.hadoop.ipc.DefaultRpcScheduler, ipcBackoff: false.
2023-07-25 10:55:15,844 [main] INFO  ipc.Server (Server.java:<init>(1287)) - Listener at 0.0.0.0:15019
2023-07-25 10:55:15,848 [Socket Reader #1 for port 15019] INFO  ipc.Server (Server.java:run(1323)) - Starting Socket Reader #1 for port 15019
2023-07-25 10:55:15,861 [main] INFO  ozone.HddsDatanodeService (HddsDatanodeService.java:start(315)) - Datanode start with admins: [runner]
2023-07-25 10:55:15,861 [main] INFO  ozone.HddsDatanodeClientProtocolServer (HddsDatanodeClientProtocolServer.java:start(72)) - RPC server for Client /0.0.0.0:15019
2023-07-25 10:55:15,862 [IPC Server Responder] INFO  ipc.Server (Server.java:run(1562)) - IPC Server Responder: starting
2023-07-25 10:55:15,863 [IPC Server listener on 15019] INFO  ipc.Server (Server.java:run(1402)) - IPC Server listener on 15019: starting
2023-07-25 10:55:15,864 [main] WARN  impl.MetricRegistriesImpl (MetricRegistriesImpl.java:addReporterRegistration(111)) - New reporters are added after registries were created. Some metrics will be missing from the reporter. Please add reporter before adding any new registry.
2023-07-25 10:55:15,864 [main] WARN  impl.MetricRegistriesImpl (MetricRegistriesImpl.java:addReporterRegistration(111)) - New reporters are added after registries were created. Some metrics will be missing from the reporter. Please add reporter before adding any new registry.
2023-07-25 10:55:15,865 [main] INFO  impl.MetricsSystemImpl (MetricsSystemImpl.java:init(158)) - HddsDatanode metrics system started (again)
2023-07-25 10:55:15,879 [Datanode State Machine Daemon Thread] INFO  statemachine.DatanodeStateMachine (DatanodeStateMachine.java:lambda$startDaemon$0(531)) - Ozone container server started.
2023-07-25 10:55:15,896 [main] INFO  ozone.HddsDatanodeService (HddsDatanodeService.java:start(237)) - HddsDatanodeService host:fv-az82-323 ip:10.1.0.57
2023-07-25 10:55:15,906 [Datanode State Machine Task Thread - 0] INFO  datanode.InitDatanodeState (InitDatanodeState.java:persistContainerDatanodeDetails(138)) - DatanodeDetails is persisted to /home/runner/work/ozone/ozone/hadoop-ozone/integration-test/target/test-dir/MiniOzoneClusterImpl-71add7ef-0b93-4dd0-b3e1-91a97b11c72d/datanode-1/meta/datanode.id
2023-07-25 10:55:15,945 [main] INFO  upgrade.AbstractLayoutVersionManager (AbstractLayoutVersionManager.java:init(83)) - Initializing Layout version manager with metadata layout = HADOOP_PRC_PORTS_IN_DATANODEDETAILS (version = 7), software layout = HADOOP_PRC_PORTS_IN_DATANODEDETAILS (version = 7)
2023-07-25 10:55:15,946 [main] INFO  statemachine.DatanodeStateMachine (DatanodeStateMachine.java:getEndPointTaskThreadPoolSize(279)) - Datanode State Machine Task Thread Pool size 2
2023-07-25 10:55:15,949 [main] INFO  volume.HddsVolume (HddsVolume.java:<init>(126)) - Creating HddsVolume: /home/runner/work/ozone/ozone/hadoop-ozone/integration-test/target/test-dir/MiniOzoneClusterImpl-71add7ef-0b93-4dd0-b3e1-91a97b11c72d/datanode-2/data-0/containers/hdds of storage type : DISK capacity : 9223372036854775807
2023-07-25 10:55:15,949 [main] INFO  volume.MutableVolumeSet (MutableVolumeSet.java:initializeVolumeSet(173)) - Added Volume : /home/runner/work/ozone/ozone/hadoop-ozone/integration-test/target/test-dir/MiniOzoneClusterImpl-71add7ef-0b93-4dd0-b3e1-91a97b11c72d/datanode-2/data-0/containers/hdds to VolumeSet
2023-07-25 10:55:15,957 [main] INFO  volume.MutableVolumeSet (MutableVolumeSet.java:initializeVolumeSet(173)) - Added Volume : /home/runner/work/ozone/ozone/hadoop-ozone/integration-test/target/test-dir/MiniOzoneClusterImpl-71add7ef-0b93-4dd0-b3e1-91a97b11c72d/datanode-2/data/ratis to VolumeSet
2023-07-25 10:55:15,965 [Thread-175] INFO  ozoneimpl.ContainerReader (ContainerReader.java:readVolume(177)) - Finish verifying containers on volume /home/runner/work/ozone/ozone/hadoop-ozone/integration-test/target/test-dir/MiniOzoneClusterImpl-71add7ef-0b93-4dd0-b3e1-91a97b11c72d/datanode-2/data-0/containers/hdds
2023-07-25 10:55:15,965 [main] INFO  ozoneimpl.OzoneContainer (OzoneContainer.java:buildContainerSet(316)) - Build ContainerSet costs 0s
2023-07-25 10:55:15,976 [main] INFO  server.RaftServer (ConfUtils.java:logGet(46)) - raft.rpc.type = GRPC (default)
2023-07-25 10:55:15,977 [main] INFO  grpc.GrpcConfigKeys (ConfUtils.java:logFallback(53)) - raft.grpc.admin.host = null (fallback to raft.grpc.server.host)
2023-07-25 10:55:15,977 [main] INFO  grpc.GrpcConfigKeys (ConfUtils.java:logGet(46)) - raft.grpc.admin.port = 15031 (custom)
2023-07-25 10:55:15,978 [main] INFO  grpc.GrpcConfigKeys (ConfUtils.java:logFallback(53)) - raft.grpc.client.host = null (fallback to raft.grpc.server.host)
2023-07-25 10:55:15,978 [main] INFO  grpc.GrpcConfigKeys (ConfUtils.java:logGet(46)) - raft.grpc.client.port = 15030 (custom)
2023-07-25 10:55:15,978 [main] INFO  grpc.GrpcConfigKeys (ConfUtils.java:logGet(46)) - raft.grpc.server.host = null (default)
2023-07-25 10:55:15,979 [main] INFO  grpc.GrpcConfigKeys (ConfUtils.java:logGet(46)) - raft.grpc.server.port = 15032 (custom)
2023-07-25 10:55:15,979 [main] INFO  server.GrpcService (ConfUtils.java:logGet(46)) - raft.grpc.message.size.max = 32MB (=33554432) (custom)
2023-07-25 10:55:15,979 [main] INFO  server.RaftServerConfigKeys (ConfUtils.java:logGet(46)) - raft.server.log.appender.buffer.byte-limit = 33554432 (custom)
2023-07-25 10:55:15,979 [main] INFO  server.GrpcService (ConfUtils.java:logGet(46)) - raft.grpc.flow.control.window = 5MB (=5242880) (custom)
2023-07-25 10:55:15,981 [main] INFO  server.RaftServerConfigKeys (ConfUtils.java:logGet(46)) - raft.server.rpc.request.timeout = 60s (custom)
2023-07-25 10:55:15,981 [main] INFO  grpc.GrpcConfigKeys (ConfUtils.java:logGet(46)) - raft.grpc.server.heartbeat.channel = true (default)
2023-07-25 10:55:15,982 [main] INFO  grpc.GrpcConfigKeys (ConfUtils.java:logGet(46)) - raft.grpc.server.async.request.thread.pool.cached = true (default)
2023-07-25 10:55:15,982 [main] INFO  grpc.GrpcConfigKeys (ConfUtils.java:logGet(46)) - raft.grpc.server.async.request.thread.pool.size = 32 (default)
2023-07-25 10:55:15,986 [main] INFO  impl.DataStreamServerImpl (ConfUtils.java:logGet(46)) - raft.datastream.type = NETTY (custom)
2023-07-25 10:55:15,987 [main] INFO  server.RaftServerConfigKeys (ConfUtils.java:logGet(46)) - raft.server.data-stream.async.request.thread.pool.cached = false (default)
2023-07-25 10:55:15,987 [main] INFO  server.RaftServerConfigKeys (ConfUtils.java:logGet(46)) - raft.server.data-stream.async.request.thread.pool.size = 20 (custom)
2023-07-25 10:55:15,987 [main] INFO  server.RaftServerConfigKeys (ConfUtils.java:logGet(46)) - raft.server.data-stream.async.write.thread.pool.size = 16 (default)
2023-07-25 10:55:15,987 [main] INFO  server.RaftServerConfigKeys (ConfUtils.java:logGet(46)) - raft.server.data-stream.client.pool.size = 10 (default)
2023-07-25 10:55:15,988 [main] INFO  netty.NettyConfigKeys$DataStream (ConfUtils.java:logGet(46)) - raft.netty.dataStream.server.use-epoll = false (default)
2023-07-25 10:55:15,988 [main] INFO  netty.NettyConfigKeys$DataStream (ConfUtils.java:logGet(46)) - raft.netty.dataStream.server.boss-group.size = 0 (default)
2023-07-25 10:55:15,988 [main] INFO  netty.NettyConfigKeys$DataStream (ConfUtils.java:logGet(46)) - raft.netty.dataStream.server.worker-group.size = 0 (default)
2023-07-25 10:55:15,989 [main] INFO  netty.NettyConfigKeys$DataStream (ConfUtils.java:logGet(46)) - raft.netty.dataStream.server.tls.conf = null (default)
2023-07-25 10:55:15,990 [main] INFO  netty.NettyConfigKeys$DataStream (ConfUtils.java:logGet(46)) - raft.netty.dataStream.host = null (default)
2023-07-25 10:55:15,990 [main] INFO  netty.NettyConfigKeys$DataStream (ConfUtils.java:logGet(46)) - raft.netty.dataStream.port = 15033 (custom)
2023-07-25 10:55:15,990 [main] INFO  server.RaftServerConfigKeys (ConfUtils.java:logGet(46)) - raft.server.threadpool.proxy.cached = true (default)
2023-07-25 10:55:15,991 [main] INFO  server.RaftServerConfigKeys (ConfUtils.java:logGet(46)) - raft.server.threadpool.proxy.size = 0 (default)
2023-07-25 10:55:15,992 [main] INFO  server.RaftServerConfigKeys (ConfUtils.java:logGet(46)) - raft.server.rpc.slowness.timeout = 300s (custom)
2023-07-25 10:55:15,992 [main] INFO  server.RaftServerConfigKeys (ConfUtils.java:logGet(46)) - raft.server.leaderelection.leader.step-down.wait-time = 10s (default)
2023-07-25 10:55:15,992 [main] INFO  server.RaftServerConfigKeys (ConfUtils.java:logGet(46)) - raft.server.storage.dir = [/home/runner/work/ozone/ozone/hadoop-ozone/integration-test/target/test-dir/MiniOzoneClusterImpl-71add7ef-0b93-4dd0-b3e1-91a97b11c72d/datanode-2/data/ratis] (custom)
2023-07-25 10:55:15,993 [558084a2-61c9-4ed7-bb35-b0adeee70698-impl-thread1] INFO  server.RaftServer (RaftServerProxy.java:initGroupDir(258)) - 558084a2-61c9-4ed7-bb35-b0adeee70698: found a subdirectory /home/runner/work/ozone/ozone/hadoop-ozone/integration-test/target/test-dir/MiniOzoneClusterImpl-71add7ef-0b93-4dd0-b3e1-91a97b11c72d/datanode-2/data/ratis/tmp
2023-07-25 10:55:15,993 [558084a2-61c9-4ed7-bb35-b0adeee70698-impl-thread1] INFO  server.RaftServer (RaftServerProxy.java:initGroupDir(263)) - 558084a2-61c9-4ed7-bb35-b0adeee70698: The directory /home/runner/work/ozone/ozone/hadoop-ozone/integration-test/target/test-dir/MiniOzoneClusterImpl-71add7ef-0b93-4dd0-b3e1-91a97b11c72d/datanode-2/data/ratis/tmp is not a group directory; ignoring it. 
2023-07-25 10:55:15,996 [558084a2-61c9-4ed7-bb35-b0adeee70698-NettyServerStreamRpc-bossGroup--thread1] INFO  logging.LoggingHandler (AbstractInternalLogger.java:log(148)) - [id: 0x35a74c75] REGISTERED
2023-07-25 10:55:15,996 [558084a2-61c9-4ed7-bb35-b0adeee70698-NettyServerStreamRpc-bossGroup--thread1] INFO  logging.LoggingHandler (AbstractInternalLogger.java:log(148)) - [id: 0x35a74c75] BIND: 0.0.0.0/0.0.0.0:15033
2023-07-25 10:55:15,997 [558084a2-61c9-4ed7-bb35-b0adeee70698-NettyServerStreamRpc-bossGroup--thread1] INFO  logging.LoggingHandler (AbstractInternalLogger.java:log(148)) - [id: 0x35a74c75, L:/0:0:0:0:0:0:0:0:15033] ACTIVE
2023-07-25 10:55:15,998 [main] INFO  server.XceiverServerGrpc (XceiverServerGrpc.java:<init>(132)) - GrpcServer channel type EpollServerSocketChannel
2023-07-25 10:55:16,001 [main] INFO  replication.ReplicationSupervisor (ReplicationSupervisor.java:nodeStateUpdated(305)) - Node state updated to IN_SERVICE, scaling executor pool size to 10
2023-07-25 10:55:16,005 [main] INFO  http.BaseHttpServer (BaseHttpServer.java:newHttpServer2BuilderForOzone(224)) - Starting Web-server for hddsDatanode at: http://0.0.0.0:15027
2023-07-25 10:55:16,005 [main] INFO  http.BaseHttpServer (BaseHttpServer.java:<init>(111)) - Hadoop Security Enabled: false Ozone Security Enabled: false Ozone HTTP Security Enabled: false 
2023-07-25 10:55:16,007 [main] WARN  server.AuthenticationFilter (AuthenticationFilter.java:constructSecretProvider(240)) - Unable to initialize FileSignerSecretProvider, falling back to use random secrets. Reason: Could not read signature secret file: /home/runner/hadoop-http-auth-signature-secret
2023-07-25 10:55:16,009 [main] INFO  http.HttpRequestLog (HttpRequestLog.java:getRequestLog(86)) - Http request log for http.requests.hddsDatanode is not defined
2023-07-25 10:55:16,011 [main] INFO  http.HttpServer2 (HttpServer2.java:addGlobalFilter(1031)) - Added global filter 'safety' (class=org.apache.hadoop.hdds.server.http.HttpServer2$QuotingInputFilter)
2023-07-25 10:55:16,012 [main] INFO  http.HttpServer2 (HttpServer2.java:addFilter(1007)) - Added filter static_user_filter (class=org.apache.hadoop.http.lib.StaticUserWebFilter$StaticUserFilter) to context hddsDatanode
2023-07-25 10:55:16,012 [main] INFO  http.HttpServer2 (HttpServer2.java:addFilter(1015)) - Added filter static_user_filter (class=org.apache.hadoop.http.lib.StaticUserWebFilter$StaticUserFilter) to context logs
2023-07-25 10:55:16,012 [main] INFO  http.HttpServer2 (HttpServer2.java:addFilter(1015)) - Added filter static_user_filter (class=org.apache.hadoop.http.lib.StaticUserWebFilter$StaticUserFilter) to context static
2023-07-25 10:55:16,013 [main] INFO  http.BaseHttpServer (BaseHttpServer.java:<init>(190)) - HTTP server of hddsDatanode uses base directory /home/runner/work/ozone/ozone/hadoop-ozone/integration-test/target/test-dir/MiniOzoneClusterImpl-71add7ef-0b93-4dd0-b3e1-91a97b11c72d/datanode-2/meta/webserver
2023-07-25 10:55:16,015 [main] INFO  http.HttpServer2 (HttpServer2.java:bindListener(1250)) - Jetty bound to port 15027
2023-07-25 10:55:16,015 [main] INFO  server.Server (Server.java:doStart(375)) - jetty-9.4.51.v20230217; built: 2023-02-17T08:19:37.309Z; git: b45c405e4544384de066f814ed42ae3dceacdd49; jvm 1.8.0_372-b07
2023-07-25 10:55:16,030 [main] INFO  server.session (DefaultSessionIdManager.java:doStart(334)) - DefaultSessionIdManager workerName=node0
2023-07-25 10:55:16,030 [main] INFO  server.session (DefaultSessionIdManager.java:doStart(339)) - No SessionScavenger set, using defaults
2023-07-25 10:55:16,031 [main] INFO  server.session (HouseKeeper.java:startScavenging(132)) - node0 Scavenging every 660000ms
2023-07-25 10:55:16,033 [main] INFO  handler.ContextHandler (ContextHandler.java:doStart(921)) - Started o.e.j.s.ServletContextHandler@24e04318{logs,/logs,file:///home/runner/work/ozone/ozone/hadoop-ozone/integration-test/target/log,AVAILABLE}
2023-07-25 10:55:16,033 [main] INFO  handler.ContextHandler (ContextHandler.java:doStart(921)) - Started o.e.j.s.ServletContextHandler@24acd393{static,/static,jar:file:/home/runner/.m2/repository/org/apache/ozone/hdds-container-service/1.4.0-SNAPSHOT/hdds-container-service-1.4.0-SNAPSHOT.jar!/webapps/static,AVAILABLE}
2023-07-25 10:55:16,297 [main] INFO  handler.ContextHandler (ContextHandler.java:doStart(921)) - Started o.e.j.w.WebAppContext@6aecf059{hddsDatanode,/,file:///home/runner/work/ozone/ozone/hadoop-ozone/integration-test/target/test-dir/MiniOzoneClusterImpl-71add7ef-0b93-4dd0-b3e1-91a97b11c72d/datanode-2/meta/webserver/jetty-0_0_0_0-15027-hdds-container-service-1_4_0-SNAPSHOT_jar-_-any-1301029411479754656/webapp/,AVAILABLE}{jar:file:/home/runner/.m2/repository/org/apache/ozone/hdds-container-service/1.4.0-SNAPSHOT/hdds-container-service-1.4.0-SNAPSHOT.jar!/webapps/hddsDatanode}
2023-07-25 10:55:16,299 [main] INFO  server.AbstractConnector (AbstractConnector.java:doStart(333)) - Started ServerConnector@2b96995d{HTTP/1.1, (http/1.1)}{0.0.0.0:15027}
2023-07-25 10:55:16,299 [main] INFO  server.Server (Server.java:doStart(415)) - Started @13718ms
2023-07-25 10:55:16,300 [main] WARN  impl.MetricsSystemImpl (MetricsSystemImpl.java:register(279)) - Sink prometheus already exists!
2023-07-25 10:55:16,301 [main] INFO  http.BaseHttpServer (BaseHttpServer.java:updateConnectorAddress(344)) - HTTP server of hddsDatanode listening at http://0.0.0.0:15027
2023-07-25 10:55:16,302 [main] INFO  ipc.CallQueueManager (CallQueueManager.java:<init>(90)) - Using callQueue: class java.util.concurrent.LinkedBlockingQueue, queueCapacity: 100, scheduler: class org.apache.hadoop.ipc.DefaultRpcScheduler, ipcBackoff: false.
2023-07-25 10:55:16,302 [main] INFO  ipc.Server (Server.java:<init>(1287)) - Listener at 0.0.0.0:15028
2023-07-25 10:55:16,303 [Socket Reader #1 for port 15028] INFO  ipc.Server (Server.java:run(1323)) - Starting Socket Reader #1 for port 15028
2023-07-25 10:55:16,311 [main] INFO  ozone.HddsDatanodeService (HddsDatanodeService.java:start(315)) - Datanode start with admins: [runner]
2023-07-25 10:55:16,311 [main] INFO  ozone.HddsDatanodeClientProtocolServer (HddsDatanodeClientProtocolServer.java:start(72)) - RPC server for Client /0.0.0.0:15028
2023-07-25 10:55:16,312 [IPC Server Responder] INFO  ipc.Server (Server.java:run(1562)) - IPC Server Responder: starting
2023-07-25 10:55:16,312 [IPC Server listener on 15028] INFO  ipc.Server (Server.java:run(1402)) - IPC Server listener on 15028: starting
2023-07-25 10:55:16,314 [main] WARN  impl.MetricRegistriesImpl (MetricRegistriesImpl.java:addReporterRegistration(111)) - New reporters are added after registries were created. Some metrics will be missing from the reporter. Please add reporter before adding any new registry.
2023-07-25 10:55:16,314 [main] WARN  impl.MetricRegistriesImpl (MetricRegistriesImpl.java:addReporterRegistration(111)) - New reporters are added after registries were created. Some metrics will be missing from the reporter. Please add reporter before adding any new registry.
2023-07-25 10:55:16,314 [main] INFO  impl.MetricsSystemImpl (MetricsSystemImpl.java:init(158)) - HddsDatanode metrics system started (again)
2023-07-25 10:55:16,315 [Datanode State Machine Daemon Thread] INFO  statemachine.DatanodeStateMachine (DatanodeStateMachine.java:lambda$startDaemon$0(531)) - Ozone container server started.
2023-07-25 10:55:16,329 [main] INFO  ozone.HddsDatanodeService (HddsDatanodeService.java:start(237)) - HddsDatanodeService host:fv-az82-323 ip:10.1.0.57
2023-07-25 10:55:16,355 [Datanode State Machine Task Thread - 0] INFO  datanode.InitDatanodeState (InitDatanodeState.java:persistContainerDatanodeDetails(138)) - DatanodeDetails is persisted to /home/runner/work/ozone/ozone/hadoop-ozone/integration-test/target/test-dir/MiniOzoneClusterImpl-71add7ef-0b93-4dd0-b3e1-91a97b11c72d/datanode-2/meta/datanode.id
2023-07-25 10:55:16,369 [main] INFO  upgrade.AbstractLayoutVersionManager (AbstractLayoutVersionManager.java:init(83)) - Initializing Layout version manager with metadata layout = HADOOP_PRC_PORTS_IN_DATANODEDETAILS (version = 7), software layout = HADOOP_PRC_PORTS_IN_DATANODEDETAILS (version = 7)
2023-07-25 10:55:16,370 [main] INFO  statemachine.DatanodeStateMachine (DatanodeStateMachine.java:getEndPointTaskThreadPoolSize(279)) - Datanode State Machine Task Thread Pool size 2
2023-07-25 10:55:16,373 [main] INFO  volume.HddsVolume (HddsVolume.java:<init>(126)) - Creating HddsVolume: /home/runner/work/ozone/ozone/hadoop-ozone/integration-test/target/test-dir/MiniOzoneClusterImpl-71add7ef-0b93-4dd0-b3e1-91a97b11c72d/datanode-3/data-0/containers/hdds of storage type : DISK capacity : 9223372036854775807
2023-07-25 10:55:16,374 [main] INFO  volume.MutableVolumeSet (MutableVolumeSet.java:initializeVolumeSet(173)) - Added Volume : /home/runner/work/ozone/ozone/hadoop-ozone/integration-test/target/test-dir/MiniOzoneClusterImpl-71add7ef-0b93-4dd0-b3e1-91a97b11c72d/datanode-3/data-0/containers/hdds to VolumeSet
2023-07-25 10:55:16,375 [main] INFO  volume.MutableVolumeSet (MutableVolumeSet.java:initializeVolumeSet(173)) - Added Volume : /home/runner/work/ozone/ozone/hadoop-ozone/integration-test/target/test-dir/MiniOzoneClusterImpl-71add7ef-0b93-4dd0-b3e1-91a97b11c72d/datanode-3/data/ratis to VolumeSet
2023-07-25 10:55:16,377 [Thread-192] INFO  ozoneimpl.ContainerReader (ContainerReader.java:readVolume(177)) - Finish verifying containers on volume /home/runner/work/ozone/ozone/hadoop-ozone/integration-test/target/test-dir/MiniOzoneClusterImpl-71add7ef-0b93-4dd0-b3e1-91a97b11c72d/datanode-3/data-0/containers/hdds
2023-07-25 10:55:16,377 [main] INFO  ozoneimpl.OzoneContainer (OzoneContainer.java:buildContainerSet(316)) - Build ContainerSet costs 0s
2023-07-25 10:55:16,382 [main] INFO  server.RaftServer (ConfUtils.java:logGet(46)) - raft.rpc.type = GRPC (default)
2023-07-25 10:55:16,382 [main] INFO  grpc.GrpcConfigKeys (ConfUtils.java:logFallback(53)) - raft.grpc.admin.host = null (fallback to raft.grpc.server.host)
2023-07-25 10:55:16,382 [main] INFO  grpc.GrpcConfigKeys (ConfUtils.java:logGet(46)) - raft.grpc.admin.port = 15040 (custom)
2023-07-25 10:55:16,382 [main] INFO  grpc.GrpcConfigKeys (ConfUtils.java:logFallback(53)) - raft.grpc.client.host = null (fallback to raft.grpc.server.host)
2023-07-25 10:55:16,383 [main] INFO  grpc.GrpcConfigKeys (ConfUtils.java:logGet(46)) - raft.grpc.client.port = 15039 (custom)
2023-07-25 10:55:16,383 [main] INFO  grpc.GrpcConfigKeys (ConfUtils.java:logGet(46)) - raft.grpc.server.host = null (default)
2023-07-25 10:55:16,383 [main] INFO  grpc.GrpcConfigKeys (ConfUtils.java:logGet(46)) - raft.grpc.server.port = 15041 (custom)
2023-07-25 10:55:16,383 [main] INFO  server.GrpcService (ConfUtils.java:logGet(46)) - raft.grpc.message.size.max = 32MB (=33554432) (custom)
2023-07-25 10:55:16,383 [main] INFO  server.RaftServerConfigKeys (ConfUtils.java:logGet(46)) - raft.server.log.appender.buffer.byte-limit = 33554432 (custom)
2023-07-25 10:55:16,383 [main] INFO  server.GrpcService (ConfUtils.java:logGet(46)) - raft.grpc.flow.control.window = 5MB (=5242880) (custom)
2023-07-25 10:55:16,384 [main] INFO  server.RaftServerConfigKeys (ConfUtils.java:logGet(46)) - raft.server.rpc.request.timeout = 60s (custom)
2023-07-25 10:55:16,384 [main] INFO  grpc.GrpcConfigKeys (ConfUtils.java:logGet(46)) - raft.grpc.server.heartbeat.channel = true (default)
2023-07-25 10:55:16,384 [main] INFO  grpc.GrpcConfigKeys (ConfUtils.java:logGet(46)) - raft.grpc.server.async.request.thread.pool.cached = true (default)
2023-07-25 10:55:16,384 [main] INFO  grpc.GrpcConfigKeys (ConfUtils.java:logGet(46)) - raft.grpc.server.async.request.thread.pool.size = 32 (default)
2023-07-25 10:55:16,387 [main] INFO  impl.DataStreamServerImpl (ConfUtils.java:logGet(46)) - raft.datastream.type = NETTY (custom)
2023-07-25 10:55:16,388 [main] INFO  server.RaftServerConfigKeys (ConfUtils.java:logGet(46)) - raft.server.data-stream.async.request.thread.pool.cached = false (default)
2023-07-25 10:55:16,388 [main] INFO  server.RaftServerConfigKeys (ConfUtils.java:logGet(46)) - raft.server.data-stream.async.request.thread.pool.size = 20 (custom)
2023-07-25 10:55:16,388 [main] INFO  server.RaftServerConfigKeys (ConfUtils.java:logGet(46)) - raft.server.data-stream.async.write.thread.pool.size = 16 (default)
2023-07-25 10:55:16,388 [main] INFO  server.RaftServerConfigKeys (ConfUtils.java:logGet(46)) - raft.server.data-stream.client.pool.size = 10 (default)
2023-07-25 10:55:16,389 [main] INFO  netty.NettyConfigKeys$DataStream (ConfUtils.java:logGet(46)) - raft.netty.dataStream.server.use-epoll = false (default)
2023-07-25 10:55:16,389 [main] INFO  netty.NettyConfigKeys$DataStream (ConfUtils.java:logGet(46)) - raft.netty.dataStream.server.boss-group.size = 0 (default)
2023-07-25 10:55:16,389 [main] INFO  netty.NettyConfigKeys$DataStream (ConfUtils.java:logGet(46)) - raft.netty.dataStream.server.worker-group.size = 0 (default)
2023-07-25 10:55:16,390 [main] INFO  netty.NettyConfigKeys$DataStream (ConfUtils.java:logGet(46)) - raft.netty.dataStream.server.tls.conf = null (default)
2023-07-25 10:55:16,390 [main] INFO  netty.NettyConfigKeys$DataStream (ConfUtils.java:logGet(46)) - raft.netty.dataStream.host = null (default)
2023-07-25 10:55:16,390 [main] INFO  netty.NettyConfigKeys$DataStream (ConfUtils.java:logGet(46)) - raft.netty.dataStream.port = 15042 (custom)
2023-07-25 10:55:16,391 [main] INFO  server.RaftServerConfigKeys (ConfUtils.java:logGet(46)) - raft.server.threadpool.proxy.cached = true (default)
2023-07-25 10:55:16,391 [main] INFO  server.RaftServerConfigKeys (ConfUtils.java:logGet(46)) - raft.server.threadpool.proxy.size = 0 (default)
2023-07-25 10:55:16,391 [main] INFO  server.RaftServerConfigKeys (ConfUtils.java:logGet(46)) - raft.server.rpc.slowness.timeout = 300s (custom)
2023-07-25 10:55:16,391 [main] INFO  server.RaftServerConfigKeys (ConfUtils.java:logGet(46)) - raft.server.leaderelection.leader.step-down.wait-time = 10s (default)
2023-07-25 10:55:16,392 [main] INFO  server.RaftServerConfigKeys (ConfUtils.java:logGet(46)) - raft.server.storage.dir = [/home/runner/work/ozone/ozone/hadoop-ozone/integration-test/target/test-dir/MiniOzoneClusterImpl-71add7ef-0b93-4dd0-b3e1-91a97b11c72d/datanode-3/data/ratis] (custom)
2023-07-25 10:55:16,394 [f263b8be-c5cb-46a8-8a56-20deb1bbcbcc-NettyServerStreamRpc-bossGroup--thread1] INFO  logging.LoggingHandler (AbstractInternalLogger.java:log(148)) - [id: 0xbb928f1e] REGISTERED
2023-07-25 10:55:16,394 [f263b8be-c5cb-46a8-8a56-20deb1bbcbcc-NettyServerStreamRpc-bossGroup--thread1] INFO  logging.LoggingHandler (AbstractInternalLogger.java:log(148)) - [id: 0xbb928f1e] BIND: 0.0.0.0/0.0.0.0:15042
2023-07-25 10:55:16,394 [f263b8be-c5cb-46a8-8a56-20deb1bbcbcc-NettyServerStreamRpc-bossGroup--thread1] INFO  logging.LoggingHandler (AbstractInternalLogger.java:log(148)) - [id: 0xbb928f1e, L:/0:0:0:0:0:0:0:0:15042] ACTIVE
2023-07-25 10:55:16,394 [f263b8be-c5cb-46a8-8a56-20deb1bbcbcc-impl-thread1] INFO  server.RaftServer (RaftServerProxy.java:initGroupDir(258)) - f263b8be-c5cb-46a8-8a56-20deb1bbcbcc: found a subdirectory /home/runner/work/ozone/ozone/hadoop-ozone/integration-test/target/test-dir/MiniOzoneClusterImpl-71add7ef-0b93-4dd0-b3e1-91a97b11c72d/datanode-3/data/ratis/tmp
2023-07-25 10:55:16,394 [f263b8be-c5cb-46a8-8a56-20deb1bbcbcc-impl-thread1] INFO  server.RaftServer (RaftServerProxy.java:initGroupDir(263)) - f263b8be-c5cb-46a8-8a56-20deb1bbcbcc: The directory /home/runner/work/ozone/ozone/hadoop-ozone/integration-test/target/test-dir/MiniOzoneClusterImpl-71add7ef-0b93-4dd0-b3e1-91a97b11c72d/datanode-3/data/ratis/tmp is not a group directory; ignoring it. 
2023-07-25 10:55:16,396 [main] INFO  server.XceiverServerGrpc (XceiverServerGrpc.java:<init>(132)) - GrpcServer channel type EpollServerSocketChannel
2023-07-25 10:55:16,399 [main] INFO  replication.ReplicationSupervisor (ReplicationSupervisor.java:nodeStateUpdated(305)) - Node state updated to IN_SERVICE, scaling executor pool size to 10
2023-07-25 10:55:16,406 [main] INFO  http.BaseHttpServer (BaseHttpServer.java:newHttpServer2BuilderForOzone(224)) - Starting Web-server for hddsDatanode at: http://0.0.0.0:15036
2023-07-25 10:55:16,407 [main] INFO  http.BaseHttpServer (BaseHttpServer.java:<init>(111)) - Hadoop Security Enabled: false Ozone Security Enabled: false Ozone HTTP Security Enabled: false 
2023-07-25 10:55:16,409 [main] WARN  server.AuthenticationFilter (AuthenticationFilter.java:constructSecretProvider(240)) - Unable to initialize FileSignerSecretProvider, falling back to use random secrets. Reason: Could not read signature secret file: /home/runner/hadoop-http-auth-signature-secret
2023-07-25 10:55:16,409 [main] INFO  http.HttpRequestLog (HttpRequestLog.java:getRequestLog(86)) - Http request log for http.requests.hddsDatanode is not defined
2023-07-25 10:55:16,411 [main] INFO  http.HttpServer2 (HttpServer2.java:addGlobalFilter(1031)) - Added global filter 'safety' (class=org.apache.hadoop.hdds.server.http.HttpServer2$QuotingInputFilter)
2023-07-25 10:55:16,412 [main] INFO  http.HttpServer2 (HttpServer2.java:addFilter(1007)) - Added filter static_user_filter (class=org.apache.hadoop.http.lib.StaticUserWebFilter$StaticUserFilter) to context hddsDatanode
2023-07-25 10:55:16,412 [main] INFO  http.HttpServer2 (HttpServer2.java:addFilter(1015)) - Added filter static_user_filter (class=org.apache.hadoop.http.lib.StaticUserWebFilter$StaticUserFilter) to context logs
2023-07-25 10:55:16,412 [main] INFO  http.HttpServer2 (HttpServer2.java:addFilter(1015)) - Added filter static_user_filter (class=org.apache.hadoop.http.lib.StaticUserWebFilter$StaticUserFilter) to context static
2023-07-25 10:55:16,413 [main] INFO  http.BaseHttpServer (BaseHttpServer.java:<init>(190)) - HTTP server of hddsDatanode uses base directory /home/runner/work/ozone/ozone/hadoop-ozone/integration-test/target/test-dir/MiniOzoneClusterImpl-71add7ef-0b93-4dd0-b3e1-91a97b11c72d/datanode-3/meta/webserver
2023-07-25 10:55:16,414 [main] INFO  http.HttpServer2 (HttpServer2.java:bindListener(1250)) - Jetty bound to port 15036
2023-07-25 10:55:16,414 [main] INFO  server.Server (Server.java:doStart(375)) - jetty-9.4.51.v20230217; built: 2023-02-17T08:19:37.309Z; git: b45c405e4544384de066f814ed42ae3dceacdd49; jvm 1.8.0_372-b07
2023-07-25 10:55:16,419 [main] INFO  server.session (DefaultSessionIdManager.java:doStart(334)) - DefaultSessionIdManager workerName=node0
2023-07-25 10:55:16,420 [main] INFO  server.session (DefaultSessionIdManager.java:doStart(339)) - No SessionScavenger set, using defaults
2023-07-25 10:55:16,420 [main] INFO  server.session (HouseKeeper.java:startScavenging(132)) - node0 Scavenging every 660000ms
2023-07-25 10:55:16,421 [main] INFO  handler.ContextHandler (ContextHandler.java:doStart(921)) - Started o.e.j.s.ServletContextHandler@507ad113{logs,/logs,file:///home/runner/work/ozone/ozone/hadoop-ozone/integration-test/target/log,AVAILABLE}
2023-07-25 10:55:16,421 [main] INFO  handler.ContextHandler (ContextHandler.java:doStart(921)) - Started o.e.j.s.ServletContextHandler@47d0ef4c{static,/static,jar:file:/home/runner/.m2/repository/org/apache/ozone/hdds-container-service/1.4.0-SNAPSHOT/hdds-container-service-1.4.0-SNAPSHOT.jar!/webapps/static,AVAILABLE}
2023-07-25 10:55:16,701 [main] INFO  handler.ContextHandler (ContextHandler.java:doStart(921)) - Started o.e.j.w.WebAppContext@26db2470{hddsDatanode,/,file:///home/runner/work/ozone/ozone/hadoop-ozone/integration-test/target/test-dir/MiniOzoneClusterImpl-71add7ef-0b93-4dd0-b3e1-91a97b11c72d/datanode-3/meta/webserver/jetty-0_0_0_0-15036-hdds-container-service-1_4_0-SNAPSHOT_jar-_-any-361842669087603758/webapp/,AVAILABLE}{jar:file:/home/runner/.m2/repository/org/apache/ozone/hdds-container-service/1.4.0-SNAPSHOT/hdds-container-service-1.4.0-SNAPSHOT.jar!/webapps/hddsDatanode}
2023-07-25 10:55:16,704 [main] INFO  server.AbstractConnector (AbstractConnector.java:doStart(333)) - Started ServerConnector@53addeb9{HTTP/1.1, (http/1.1)}{0.0.0.0:15036}
2023-07-25 10:55:16,704 [main] INFO  server.Server (Server.java:doStart(415)) - Started @14122ms
2023-07-25 10:55:16,704 [main] WARN  impl.MetricsSystemImpl (MetricsSystemImpl.java:register(279)) - Sink prometheus already exists!
2023-07-25 10:55:16,705 [main] INFO  http.BaseHttpServer (BaseHttpServer.java:updateConnectorAddress(344)) - HTTP server of hddsDatanode listening at http://0.0.0.0:15036
2023-07-25 10:55:16,705 [main] INFO  ipc.CallQueueManager (CallQueueManager.java:<init>(90)) - Using callQueue: class java.util.concurrent.LinkedBlockingQueue, queueCapacity: 100, scheduler: class org.apache.hadoop.ipc.DefaultRpcScheduler, ipcBackoff: false.
2023-07-25 10:55:16,706 [main] INFO  ipc.Server (Server.java:<init>(1287)) - Listener at 0.0.0.0:15037
2023-07-25 10:55:16,709 [Socket Reader #1 for port 15037] INFO  ipc.Server (Server.java:run(1323)) - Starting Socket Reader #1 for port 15037
2023-07-25 10:55:16,714 [main] INFO  ozone.HddsDatanodeService (HddsDatanodeService.java:start(315)) - Datanode start with admins: [runner]
2023-07-25 10:55:16,722 [main] INFO  ozone.HddsDatanodeClientProtocolServer (HddsDatanodeClientProtocolServer.java:start(72)) - RPC server for Client /0.0.0.0:15037
2023-07-25 10:55:16,722 [IPC Server Responder] INFO  ipc.Server (Server.java:run(1562)) - IPC Server Responder: starting
2023-07-25 10:55:16,723 [IPC Server listener on 15037] INFO  ipc.Server (Server.java:run(1402)) - IPC Server listener on 15037: starting
2023-07-25 10:55:16,723 [Datanode State Machine Daemon Thread] INFO  statemachine.DatanodeStateMachine (DatanodeStateMachine.java:lambda$startDaemon$0(531)) - Ozone container server started.
2023-07-25 10:55:16,723 [main] WARN  impl.MetricRegistriesImpl (MetricRegistriesImpl.java:addReporterRegistration(111)) - New reporters are added after registries were created. Some metrics will be missing from the reporter. Please add reporter before adding any new registry.
2023-07-25 10:55:16,724 [main] WARN  impl.MetricRegistriesImpl (MetricRegistriesImpl.java:addReporterRegistration(111)) - New reporters are added after registries were created. Some metrics will be missing from the reporter. Please add reporter before adding any new registry.
2023-07-25 10:55:16,724 [main] INFO  impl.MetricsSystemImpl (MetricsSystemImpl.java:init(158)) - HddsDatanode metrics system started (again)
2023-07-25 10:55:16,744 [main] INFO  ozone.HddsDatanodeService (HddsDatanodeService.java:start(237)) - HddsDatanodeService host:fv-az82-323 ip:10.1.0.57
2023-07-25 10:55:16,748 [Datanode State Machine Task Thread - 0] INFO  datanode.InitDatanodeState (InitDatanodeState.java:persistContainerDatanodeDetails(138)) - DatanodeDetails is persisted to /home/runner/work/ozone/ozone/hadoop-ozone/integration-test/target/test-dir/MiniOzoneClusterImpl-71add7ef-0b93-4dd0-b3e1-91a97b11c72d/datanode-3/meta/datanode.id
2023-07-25 10:55:16,783 [main] INFO  upgrade.AbstractLayoutVersionManager (AbstractLayoutVersionManager.java:init(83)) - Initializing Layout version manager with metadata layout = HADOOP_PRC_PORTS_IN_DATANODEDETAILS (version = 7), software layout = HADOOP_PRC_PORTS_IN_DATANODEDETAILS (version = 7)
2023-07-25 10:55:16,784 [main] INFO  statemachine.DatanodeStateMachine (DatanodeStateMachine.java:getEndPointTaskThreadPoolSize(279)) - Datanode State Machine Task Thread Pool size 2
2023-07-25 10:55:16,788 [main] INFO  volume.HddsVolume (HddsVolume.java:<init>(126)) - Creating HddsVolume: /home/runner/work/ozone/ozone/hadoop-ozone/integration-test/target/test-dir/MiniOzoneClusterImpl-71add7ef-0b93-4dd0-b3e1-91a97b11c72d/datanode-4/data-0/containers/hdds of storage type : DISK capacity : 9223372036854775807
2023-07-25 10:55:16,788 [main] INFO  volume.MutableVolumeSet (MutableVolumeSet.java:initializeVolumeSet(173)) - Added Volume : /home/runner/work/ozone/ozone/hadoop-ozone/integration-test/target/test-dir/MiniOzoneClusterImpl-71add7ef-0b93-4dd0-b3e1-91a97b11c72d/datanode-4/data-0/containers/hdds to VolumeSet
2023-07-25 10:55:16,790 [main] INFO  volume.MutableVolumeSet (MutableVolumeSet.java:initializeVolumeSet(173)) - Added Volume : /home/runner/work/ozone/ozone/hadoop-ozone/integration-test/target/test-dir/MiniOzoneClusterImpl-71add7ef-0b93-4dd0-b3e1-91a97b11c72d/datanode-4/data/ratis to VolumeSet
2023-07-25 10:55:16,791 [Thread-209] INFO  ozoneimpl.ContainerReader (ContainerReader.java:readVolume(177)) - Finish verifying containers on volume /home/runner/work/ozone/ozone/hadoop-ozone/integration-test/target/test-dir/MiniOzoneClusterImpl-71add7ef-0b93-4dd0-b3e1-91a97b11c72d/datanode-4/data-0/containers/hdds
2023-07-25 10:55:16,791 [main] INFO  ozoneimpl.OzoneContainer (OzoneContainer.java:buildContainerSet(316)) - Build ContainerSet costs 0s
2023-07-25 10:55:16,795 [main] INFO  server.RaftServer (ConfUtils.java:logGet(46)) - raft.rpc.type = GRPC (default)
2023-07-25 10:55:16,795 [main] INFO  grpc.GrpcConfigKeys (ConfUtils.java:logFallback(53)) - raft.grpc.admin.host = null (fallback to raft.grpc.server.host)
2023-07-25 10:55:16,795 [main] INFO  grpc.GrpcConfigKeys (ConfUtils.java:logGet(46)) - raft.grpc.admin.port = 15049 (custom)
2023-07-25 10:55:16,796 [main] INFO  grpc.GrpcConfigKeys (ConfUtils.java:logFallback(53)) - raft.grpc.client.host = null (fallback to raft.grpc.server.host)
2023-07-25 10:55:16,796 [main] INFO  grpc.GrpcConfigKeys (ConfUtils.java:logGet(46)) - raft.grpc.client.port = 15048 (custom)
2023-07-25 10:55:16,796 [main] INFO  grpc.GrpcConfigKeys (ConfUtils.java:logGet(46)) - raft.grpc.server.host = null (default)
2023-07-25 10:55:16,796 [main] INFO  grpc.GrpcConfigKeys (ConfUtils.java:logGet(46)) - raft.grpc.server.port = 15050 (custom)
2023-07-25 10:55:16,796 [main] INFO  server.GrpcService (ConfUtils.java:logGet(46)) - raft.grpc.message.size.max = 32MB (=33554432) (custom)
2023-07-25 10:55:16,797 [main] INFO  server.RaftServerConfigKeys (ConfUtils.java:logGet(46)) - raft.server.log.appender.buffer.byte-limit = 33554432 (custom)
2023-07-25 10:55:16,798 [main] INFO  server.GrpcService (ConfUtils.java:logGet(46)) - raft.grpc.flow.control.window = 5MB (=5242880) (custom)
2023-07-25 10:55:16,798 [main] INFO  server.RaftServerConfigKeys (ConfUtils.java:logGet(46)) - raft.server.rpc.request.timeout = 60s (custom)
2023-07-25 10:55:16,798 [main] INFO  grpc.GrpcConfigKeys (ConfUtils.java:logGet(46)) - raft.grpc.server.heartbeat.channel = true (default)
2023-07-25 10:55:16,798 [main] INFO  grpc.GrpcConfigKeys (ConfUtils.java:logGet(46)) - raft.grpc.server.async.request.thread.pool.cached = true (default)
2023-07-25 10:55:16,798 [main] INFO  grpc.GrpcConfigKeys (ConfUtils.java:logGet(46)) - raft.grpc.server.async.request.thread.pool.size = 32 (default)
2023-07-25 10:55:16,802 [main] INFO  impl.DataStreamServerImpl (ConfUtils.java:logGet(46)) - raft.datastream.type = NETTY (custom)
2023-07-25 10:55:16,803 [main] INFO  server.RaftServerConfigKeys (ConfUtils.java:logGet(46)) - raft.server.data-stream.async.request.thread.pool.cached = false (default)
2023-07-25 10:55:16,803 [main] INFO  server.RaftServerConfigKeys (ConfUtils.java:logGet(46)) - raft.server.data-stream.async.request.thread.pool.size = 20 (custom)
2023-07-25 10:55:16,803 [main] INFO  server.RaftServerConfigKeys (ConfUtils.java:logGet(46)) - raft.server.data-stream.async.write.thread.pool.size = 16 (default)
2023-07-25 10:55:16,803 [main] INFO  server.RaftServerConfigKeys (ConfUtils.java:logGet(46)) - raft.server.data-stream.client.pool.size = 10 (default)
2023-07-25 10:55:16,803 [main] INFO  netty.NettyConfigKeys$DataStream (ConfUtils.java:logGet(46)) - raft.netty.dataStream.server.use-epoll = false (default)
2023-07-25 10:55:16,804 [main] INFO  netty.NettyConfigKeys$DataStream (ConfUtils.java:logGet(46)) - raft.netty.dataStream.server.boss-group.size = 0 (default)
2023-07-25 10:55:16,804 [main] INFO  netty.NettyConfigKeys$DataStream (ConfUtils.java:logGet(46)) - raft.netty.dataStream.server.worker-group.size = 0 (default)
2023-07-25 10:55:16,805 [main] INFO  netty.NettyConfigKeys$DataStream (ConfUtils.java:logGet(46)) - raft.netty.dataStream.server.tls.conf = null (default)
2023-07-25 10:55:16,805 [main] INFO  netty.NettyConfigKeys$DataStream (ConfUtils.java:logGet(46)) - raft.netty.dataStream.host = null (default)
2023-07-25 10:55:16,805 [main] INFO  netty.NettyConfigKeys$DataStream (ConfUtils.java:logGet(46)) - raft.netty.dataStream.port = 15051 (custom)
2023-07-25 10:55:16,810 [main] INFO  server.RaftServerConfigKeys (ConfUtils.java:logGet(46)) - raft.server.threadpool.proxy.cached = true (default)
2023-07-25 10:55:16,811 [main] INFO  server.RaftServerConfigKeys (ConfUtils.java:logGet(46)) - raft.server.threadpool.proxy.size = 0 (default)
2023-07-25 10:55:16,811 [main] INFO  server.RaftServerConfigKeys (ConfUtils.java:logGet(46)) - raft.server.rpc.slowness.timeout = 300s (custom)
2023-07-25 10:55:16,812 [main] INFO  server.RaftServerConfigKeys (ConfUtils.java:logGet(46)) - raft.server.leaderelection.leader.step-down.wait-time = 10s (default)
2023-07-25 10:55:16,812 [main] INFO  server.RaftServerConfigKeys (ConfUtils.java:logGet(46)) - raft.server.storage.dir = [/home/runner/work/ozone/ozone/hadoop-ozone/integration-test/target/test-dir/MiniOzoneClusterImpl-71add7ef-0b93-4dd0-b3e1-91a97b11c72d/datanode-4/data/ratis] (custom)
2023-07-25 10:55:16,812 [87a8a85d-028f-41d9-845c-5fb83f876637-NettyServerStreamRpc-bossGroup--thread1] INFO  logging.LoggingHandler (AbstractInternalLogger.java:log(148)) - [id: 0x8dc7339c] REGISTERED
2023-07-25 10:55:16,813 [87a8a85d-028f-41d9-845c-5fb83f876637-impl-thread1] INFO  server.RaftServer (RaftServerProxy.java:initGroupDir(258)) - 87a8a85d-028f-41d9-845c-5fb83f876637: found a subdirectory /home/runner/work/ozone/ozone/hadoop-ozone/integration-test/target/test-dir/MiniOzoneClusterImpl-71add7ef-0b93-4dd0-b3e1-91a97b11c72d/datanode-4/data/ratis/tmp
2023-07-25 10:55:16,813 [87a8a85d-028f-41d9-845c-5fb83f876637-impl-thread1] INFO  server.RaftServer (RaftServerProxy.java:initGroupDir(263)) - 87a8a85d-028f-41d9-845c-5fb83f876637: The directory /home/runner/work/ozone/ozone/hadoop-ozone/integration-test/target/test-dir/MiniOzoneClusterImpl-71add7ef-0b93-4dd0-b3e1-91a97b11c72d/datanode-4/data/ratis/tmp is not a group directory; ignoring it. 
2023-07-25 10:55:16,815 [main] INFO  server.XceiverServerGrpc (XceiverServerGrpc.java:<init>(132)) - GrpcServer channel type EpollServerSocketChannel
2023-07-25 10:55:16,818 [main] INFO  replication.ReplicationSupervisor (ReplicationSupervisor.java:nodeStateUpdated(305)) - Node state updated to IN_SERVICE, scaling executor pool size to 10
2023-07-25 10:55:16,822 [87a8a85d-028f-41d9-845c-5fb83f876637-NettyServerStreamRpc-bossGroup--thread1] INFO  logging.LoggingHandler (AbstractInternalLogger.java:log(148)) - [id: 0x8dc7339c] BIND: 0.0.0.0/0.0.0.0:15051
2023-07-25 10:55:16,822 [main] INFO  http.BaseHttpServer (BaseHttpServer.java:newHttpServer2BuilderForOzone(224)) - Starting Web-server for hddsDatanode at: http://0.0.0.0:15045
2023-07-25 10:55:16,822 [main] INFO  http.BaseHttpServer (BaseHttpServer.java:<init>(111)) - Hadoop Security Enabled: false Ozone Security Enabled: false Ozone HTTP Security Enabled: false 
2023-07-25 10:55:16,823 [87a8a85d-028f-41d9-845c-5fb83f876637-NettyServerStreamRpc-bossGroup--thread1] INFO  logging.LoggingHandler (AbstractInternalLogger.java:log(148)) - [id: 0x8dc7339c, L:/0:0:0:0:0:0:0:0:15051] ACTIVE
2023-07-25 10:55:16,824 [main] WARN  server.AuthenticationFilter (AuthenticationFilter.java:constructSecretProvider(240)) - Unable to initialize FileSignerSecretProvider, falling back to use random secrets. Reason: Could not read signature secret file: /home/runner/hadoop-http-auth-signature-secret
2023-07-25 10:55:16,826 [main] INFO  http.HttpRequestLog (HttpRequestLog.java:getRequestLog(86)) - Http request log for http.requests.hddsDatanode is not defined
2023-07-25 10:55:16,828 [main] INFO  http.HttpServer2 (HttpServer2.java:addGlobalFilter(1031)) - Added global filter 'safety' (class=org.apache.hadoop.hdds.server.http.HttpServer2$QuotingInputFilter)
2023-07-25 10:55:16,828 [main] INFO  http.HttpServer2 (HttpServer2.java:addFilter(1007)) - Added filter static_user_filter (class=org.apache.hadoop.http.lib.StaticUserWebFilter$StaticUserFilter) to context hddsDatanode
2023-07-25 10:55:16,829 [main] INFO  http.HttpServer2 (HttpServer2.java:addFilter(1015)) - Added filter static_user_filter (class=org.apache.hadoop.http.lib.StaticUserWebFilter$StaticUserFilter) to context logs
2023-07-25 10:55:16,829 [main] INFO  http.HttpServer2 (HttpServer2.java:addFilter(1015)) - Added filter static_user_filter (class=org.apache.hadoop.http.lib.StaticUserWebFilter$StaticUserFilter) to context static
2023-07-25 10:55:16,831 [main] INFO  http.BaseHttpServer (BaseHttpServer.java:<init>(190)) - HTTP server of hddsDatanode uses base directory /home/runner/work/ozone/ozone/hadoop-ozone/integration-test/target/test-dir/MiniOzoneClusterImpl-71add7ef-0b93-4dd0-b3e1-91a97b11c72d/datanode-4/meta/webserver
2023-07-25 10:55:16,831 [main] INFO  http.HttpServer2 (HttpServer2.java:bindListener(1250)) - Jetty bound to port 15045
2023-07-25 10:55:16,831 [main] INFO  server.Server (Server.java:doStart(375)) - jetty-9.4.51.v20230217; built: 2023-02-17T08:19:37.309Z; git: b45c405e4544384de066f814ed42ae3dceacdd49; jvm 1.8.0_372-b07
2023-07-25 10:55:16,846 [main] INFO  server.session (DefaultSessionIdManager.java:doStart(334)) - DefaultSessionIdManager workerName=node0
2023-07-25 10:55:16,847 [main] INFO  server.session (DefaultSessionIdManager.java:doStart(339)) - No SessionScavenger set, using defaults
2023-07-25 10:55:16,849 [main] INFO  server.session (HouseKeeper.java:startScavenging(132)) - node0 Scavenging every 600000ms
2023-07-25 10:55:16,850 [main] INFO  handler.ContextHandler (ContextHandler.java:doStart(921)) - Started o.e.j.s.ServletContextHandler@323a870c{logs,/logs,file:///home/runner/work/ozone/ozone/hadoop-ozone/integration-test/target/log,AVAILABLE}
2023-07-25 10:55:16,851 [main] INFO  handler.ContextHandler (ContextHandler.java:doStart(921)) - Started o.e.j.s.ServletContextHandler@63e6c111{static,/static,jar:file:/home/runner/.m2/repository/org/apache/ozone/hdds-container-service/1.4.0-SNAPSHOT/hdds-container-service-1.4.0-SNAPSHOT.jar!/webapps/static,AVAILABLE}
2023-07-25 10:55:17,159 [main] INFO  handler.ContextHandler (ContextHandler.java:doStart(921)) - Started o.e.j.w.WebAppContext@1db93cce{hddsDatanode,/,file:///home/runner/work/ozone/ozone/hadoop-ozone/integration-test/target/test-dir/MiniOzoneClusterImpl-71add7ef-0b93-4dd0-b3e1-91a97b11c72d/datanode-4/meta/webserver/jetty-0_0_0_0-15045-hdds-container-service-1_4_0-SNAPSHOT_jar-_-any-8437113245027880000/webapp/,AVAILABLE}{jar:file:/home/runner/.m2/repository/org/apache/ozone/hdds-container-service/1.4.0-SNAPSHOT/hdds-container-service-1.4.0-SNAPSHOT.jar!/webapps/hddsDatanode}
2023-07-25 10:55:17,162 [main] INFO  server.AbstractConnector (AbstractConnector.java:doStart(333)) - Started ServerConnector@60dbfb7f{HTTP/1.1, (http/1.1)}{0.0.0.0:15045}
2023-07-25 10:55:17,163 [main] INFO  server.Server (Server.java:doStart(415)) - Started @14581ms
2023-07-25 10:55:17,163 [main] WARN  impl.MetricsSystemImpl (MetricsSystemImpl.java:register(279)) - Sink prometheus already exists!
2023-07-25 10:55:17,164 [main] INFO  http.BaseHttpServer (BaseHttpServer.java:updateConnectorAddress(344)) - HTTP server of hddsDatanode listening at http://0.0.0.0:15045
2023-07-25 10:55:17,164 [main] INFO  ipc.CallQueueManager (CallQueueManager.java:<init>(90)) - Using callQueue: class java.util.concurrent.LinkedBlockingQueue, queueCapacity: 100, scheduler: class org.apache.hadoop.ipc.DefaultRpcScheduler, ipcBackoff: false.
2023-07-25 10:55:17,165 [main] INFO  ipc.Server (Server.java:<init>(1287)) - Listener at 0.0.0.0:15046
2023-07-25 10:55:17,173 [Socket Reader #1 for port 15046] INFO  ipc.Server (Server.java:run(1323)) - Starting Socket Reader #1 for port 15046
2023-07-25 10:55:17,180 [main] INFO  ozone.HddsDatanodeService (HddsDatanodeService.java:start(315)) - Datanode start with admins: [runner]
2023-07-25 10:55:17,180 [main] INFO  ozone.HddsDatanodeClientProtocolServer (HddsDatanodeClientProtocolServer.java:start(72)) - RPC server for Client /0.0.0.0:15046
2023-07-25 10:55:17,181 [IPC Server Responder] INFO  ipc.Server (Server.java:run(1562)) - IPC Server Responder: starting
2023-07-25 10:55:17,181 [IPC Server listener on 15046] INFO  ipc.Server (Server.java:run(1402)) - IPC Server listener on 15046: starting
2023-07-25 10:55:17,182 [Datanode State Machine Daemon Thread] INFO  statemachine.DatanodeStateMachine (DatanodeStateMachine.java:lambda$startDaemon$0(531)) - Ozone container server started.
2023-07-25 10:55:17,183 [main] INFO  ozone.MiniOzoneClusterImpl (MiniOzoneClusterImpl.java:lambda$waitForClusterToBeReady$0(224)) - Waiting for nodes to be ready. Got 0 of 5 DN Heartbeats.
2023-07-25 10:55:17,184 [main] INFO  ozone.MiniOzoneClusterImpl (MiniOzoneClusterImpl.java:lambda$waitForClusterToBeReady$0(227)) - Waiting for cluster to exit safe mode
2023-07-25 10:55:17,184 [main] INFO  ozone.MiniOzoneClusterImpl (MiniOzoneClusterImpl.java:lambda$waitForClusterToBeReady$0(229)) - SCM became leader
2023-07-25 10:55:17,203 [Datanode State Machine Task Thread - 0] INFO  datanode.InitDatanodeState (InitDatanodeState.java:persistContainerDatanodeDetails(138)) - DatanodeDetails is persisted to /home/runner/work/ozone/ozone/hadoop-ozone/integration-test/target/test-dir/MiniOzoneClusterImpl-71add7ef-0b93-4dd0-b3e1-91a97b11c72d/datanode-4/meta/datanode.id
2023-07-25 10:55:17,448 [EndpointStateMachine task thread for /0.0.0.0:15002 - 0 ] INFO  utils.DatanodeStoreCache (DatanodeStoreCache.java:addDB(66)) - Added db /home/runner/work/ozone/ozone/hadoop-ozone/integration-test/target/test-dir/MiniOzoneClusterImpl-71add7ef-0b93-4dd0-b3e1-91a97b11c72d/datanode-0/data-0/containers/hdds/71add7ef-0b93-4dd0-b3e1-91a97b11c72d/DS-d6e69edc-0dc9-4eab-b83e-f552228fdf47/container.db to cache
2023-07-25 10:55:17,448 [EndpointStateMachine task thread for /0.0.0.0:15002 - 0 ] INFO  volume.HddsVolume (HddsVolume.java:createDbStore(422)) - SchemaV3 db is created and loaded at /home/runner/work/ozone/ozone/hadoop-ozone/integration-test/target/test-dir/MiniOzoneClusterImpl-71add7ef-0b93-4dd0-b3e1-91a97b11c72d/datanode-0/data-0/containers/hdds/71add7ef-0b93-4dd0-b3e1-91a97b11c72d/DS-d6e69edc-0dc9-4eab-b83e-f552228fdf47/container.db for volume DS-d6e69edc-0dc9-4eab-b83e-f552228fdf47
2023-07-25 10:55:17,454 [EndpointStateMachine task thread for /0.0.0.0:15002 - 0 ] INFO  volume.ThrottledAsyncChecker (ThrottledAsyncChecker.java:schedule(141)) - Scheduling a check for /home/runner/work/ozone/ozone/hadoop-ozone/integration-test/target/test-dir/MiniOzoneClusterImpl-71add7ef-0b93-4dd0-b3e1-91a97b11c72d/datanode-0/data-0/containers/hdds
2023-07-25 10:55:17,474 [EndpointStateMachine task thread for /0.0.0.0:15002 - 0 ] INFO  volume.StorageVolumeChecker (StorageVolumeChecker.java:checkAllVolumes(213)) - Scheduled health check for volume /home/runner/work/ozone/ozone/hadoop-ozone/integration-test/target/test-dir/MiniOzoneClusterImpl-71add7ef-0b93-4dd0-b3e1-91a97b11c72d/datanode-0/data-0/containers/hdds
2023-07-25 10:55:17,487 [EndpointStateMachine task thread for /0.0.0.0:15002 - 0 ] INFO  volume.ThrottledAsyncChecker (ThrottledAsyncChecker.java:schedule(141)) - Scheduling a check for /home/runner/work/ozone/ozone/hadoop-ozone/integration-test/target/test-dir/MiniOzoneClusterImpl-71add7ef-0b93-4dd0-b3e1-91a97b11c72d/datanode-0/data/ratis
2023-07-25 10:55:17,488 [EndpointStateMachine task thread for /0.0.0.0:15002 - 0 ] INFO  volume.StorageVolumeChecker (StorageVolumeChecker.java:checkAllVolumes(213)) - Scheduled health check for volume /home/runner/work/ozone/ozone/hadoop-ozone/integration-test/target/test-dir/MiniOzoneClusterImpl-71add7ef-0b93-4dd0-b3e1-91a97b11c72d/datanode-0/data/ratis
2023-07-25 10:55:17,489 [EndpointStateMachine task thread for /0.0.0.0:15002 - 0 ] INFO  ozoneimpl.OzoneContainer (OzoneContainer.java:start(431)) - Attempting to start container services.
2023-07-25 10:55:17,493 [EndpointStateMachine task thread for /0.0.0.0:15002 - 0 ] INFO  ozoneimpl.OzoneContainer (OzoneContainer.java:startContainerScrub(327)) - Scheduled background container scanners and the on-demand container scanner have been disabled.
2023-07-25 10:55:17,495 [EndpointStateMachine task thread for /0.0.0.0:15002 - 0 ] INFO  replication.ReplicationServer (ReplicationServer.java:start(128)) - ReplicationServer is started using port 15016
2023-07-25 10:55:17,495 [EndpointStateMachine task thread for /0.0.0.0:15002 - 0 ] INFO  ratis.XceiverServerRatis (XceiverServerRatis.java:start(517)) - Starting XceiverServerRatis d61495e8-faf1-4655-91e1-42a45bad4237
2023-07-25 10:55:17,501 [EndpointStateMachine task thread for /0.0.0.0:15002 - 0 ] INFO  server.RaftServer (RaftServerProxy.java:startImpl(400)) - d61495e8-faf1-4655-91e1-42a45bad4237: start RPC server
2023-07-25 10:55:17,506 [EndpointStateMachine task thread for /0.0.0.0:15002 - 0 ] INFO  server.GrpcService (GrpcService.java:startImpl(302)) - d61495e8-faf1-4655-91e1-42a45bad4237: GrpcService started, listening on 15012
2023-07-25 10:55:17,509 [EndpointStateMachine task thread for /0.0.0.0:15002 - 0 ] INFO  server.GrpcService (GrpcService.java:startImpl(302)) - d61495e8-faf1-4655-91e1-42a45bad4237: GrpcService started, listening on 15014
2023-07-25 10:55:17,511 [EndpointStateMachine task thread for /0.0.0.0:15002 - 0 ] INFO  server.GrpcService (GrpcService.java:startImpl(302)) - d61495e8-faf1-4655-91e1-42a45bad4237: GrpcService started, listening on 15013
2023-07-25 10:55:17,511 [EndpointStateMachine task thread for /0.0.0.0:15002 - 0 ] INFO  ratis.XceiverServerRatis (XceiverServerRatis.java:getRealPort(543)) - XceiverServerRatis d61495e8-faf1-4655-91e1-42a45bad4237 is started using port 15012 for RATIS
2023-07-25 10:55:17,512 [EndpointStateMachine task thread for /0.0.0.0:15002 - 0 ] INFO  ratis.XceiverServerRatis (XceiverServerRatis.java:getRealPort(543)) - XceiverServerRatis d61495e8-faf1-4655-91e1-42a45bad4237 is started using port 15013 for RATIS_ADMIN
2023-07-25 10:55:17,512 [EndpointStateMachine task thread for /0.0.0.0:15002 - 0 ] INFO  ratis.XceiverServerRatis (XceiverServerRatis.java:getRealPort(543)) - XceiverServerRatis d61495e8-faf1-4655-91e1-42a45bad4237 is started using port 15014 for RATIS_SERVER
2023-07-25 10:55:17,512 [EndpointStateMachine task thread for /0.0.0.0:15002 - 0 ] INFO  ratis.XceiverServerRatis (XceiverServerRatis.java:getRealPort(543)) - XceiverServerRatis d61495e8-faf1-4655-91e1-42a45bad4237 is started using port 15015 for RATIS_DATASTREAM
2023-07-25 10:55:17,512 [JvmPauseMonitor2] INFO  util.JvmPauseMonitor (JvmPauseMonitor.java:run(103)) - JvmPauseMonitor-d61495e8-faf1-4655-91e1-42a45bad4237: Started
2023-07-25 10:55:17,537 [BlockDeletingService#0] INFO  interfaces.ContainerDeletionChoosingPolicyTemplate (ContainerDeletionChoosingPolicyTemplate.java:chooseContainerForBlockDeletion(83)) - Chosen 0/5000 blocks from 0 candidate containers.
2023-07-25 10:55:17,957 [EndpointStateMachine task thread for /0.0.0.0:15002 - 0 ] INFO  utils.DatanodeStoreCache (DatanodeStoreCache.java:addDB(66)) - Added db /home/runner/work/ozone/ozone/hadoop-ozone/integration-test/target/test-dir/MiniOzoneClusterImpl-71add7ef-0b93-4dd0-b3e1-91a97b11c72d/datanode-1/data-0/containers/hdds/71add7ef-0b93-4dd0-b3e1-91a97b11c72d/DS-cd80ee1d-c5d8-4d58-aa6b-d9a121e4e026/container.db to cache
2023-07-25 10:55:17,957 [EndpointStateMachine task thread for /0.0.0.0:15002 - 0 ] INFO  volume.HddsVolume (HddsVolume.java:createDbStore(422)) - SchemaV3 db is created and loaded at /home/runner/work/ozone/ozone/hadoop-ozone/integration-test/target/test-dir/MiniOzoneClusterImpl-71add7ef-0b93-4dd0-b3e1-91a97b11c72d/datanode-1/data-0/containers/hdds/71add7ef-0b93-4dd0-b3e1-91a97b11c72d/DS-cd80ee1d-c5d8-4d58-aa6b-d9a121e4e026/container.db for volume DS-cd80ee1d-c5d8-4d58-aa6b-d9a121e4e026
2023-07-25 10:55:17,959 [EndpointStateMachine task thread for /0.0.0.0:15002 - 0 ] INFO  volume.ThrottledAsyncChecker (ThrottledAsyncChecker.java:schedule(141)) - Scheduling a check for /home/runner/work/ozone/ozone/hadoop-ozone/integration-test/target/test-dir/MiniOzoneClusterImpl-71add7ef-0b93-4dd0-b3e1-91a97b11c72d/datanode-1/data-0/containers/hdds
2023-07-25 10:55:17,962 [EndpointStateMachine task thread for /0.0.0.0:15002 - 0 ] INFO  volume.StorageVolumeChecker (StorageVolumeChecker.java:checkAllVolumes(213)) - Scheduled health check for volume /home/runner/work/ozone/ozone/hadoop-ozone/integration-test/target/test-dir/MiniOzoneClusterImpl-71add7ef-0b93-4dd0-b3e1-91a97b11c72d/datanode-1/data-0/containers/hdds
2023-07-25 10:55:17,976 [EndpointStateMachine task thread for /0.0.0.0:15002 - 0 ] INFO  volume.ThrottledAsyncChecker (ThrottledAsyncChecker.java:schedule(141)) - Scheduling a check for /home/runner/work/ozone/ozone/hadoop-ozone/integration-test/target/test-dir/MiniOzoneClusterImpl-71add7ef-0b93-4dd0-b3e1-91a97b11c72d/datanode-1/data/ratis
2023-07-25 10:55:17,976 [EndpointStateMachine task thread for /0.0.0.0:15002 - 0 ] INFO  volume.StorageVolumeChecker (StorageVolumeChecker.java:checkAllVolumes(213)) - Scheduled health check for volume /home/runner/work/ozone/ozone/hadoop-ozone/integration-test/target/test-dir/MiniOzoneClusterImpl-71add7ef-0b93-4dd0-b3e1-91a97b11c72d/datanode-1/data/ratis
2023-07-25 10:55:17,977 [EndpointStateMachine task thread for /0.0.0.0:15002 - 0 ] INFO  ozoneimpl.OzoneContainer (OzoneContainer.java:start(431)) - Attempting to start container services.
2023-07-25 10:55:17,978 [EndpointStateMachine task thread for /0.0.0.0:15002 - 0 ] INFO  ozoneimpl.OzoneContainer (OzoneContainer.java:startContainerScrub(327)) - Scheduled background container scanners and the on-demand container scanner have been disabled.
2023-07-25 10:55:17,980 [EndpointStateMachine task thread for /0.0.0.0:15002 - 0 ] INFO  replication.ReplicationServer (ReplicationServer.java:start(128)) - ReplicationServer is started using port 15025
2023-07-25 10:55:17,980 [EndpointStateMachine task thread for /0.0.0.0:15002 - 0 ] INFO  ratis.XceiverServerRatis (XceiverServerRatis.java:start(517)) - Starting XceiverServerRatis a4e02de4-0a57-448c-8e91-91a041d5e72b
2023-07-25 10:55:17,982 [EndpointStateMachine task thread for /0.0.0.0:15002 - 0 ] INFO  server.RaftServer (RaftServerProxy.java:startImpl(400)) - a4e02de4-0a57-448c-8e91-91a041d5e72b: start RPC server
2023-07-25 10:55:17,984 [EndpointStateMachine task thread for /0.0.0.0:15002 - 0 ] INFO  server.GrpcService (GrpcService.java:startImpl(302)) - a4e02de4-0a57-448c-8e91-91a041d5e72b: GrpcService started, listening on 15021
2023-07-25 10:55:17,986 [EndpointStateMachine task thread for /0.0.0.0:15002 - 0 ] INFO  server.GrpcService (GrpcService.java:startImpl(302)) - a4e02de4-0a57-448c-8e91-91a041d5e72b: GrpcService started, listening on 15023
2023-07-25 10:55:17,989 [EndpointStateMachine task thread for /0.0.0.0:15002 - 0 ] INFO  server.GrpcService (GrpcService.java:startImpl(302)) - a4e02de4-0a57-448c-8e91-91a041d5e72b: GrpcService started, listening on 15022
2023-07-25 10:55:17,990 [EndpointStateMachine task thread for /0.0.0.0:15002 - 0 ] INFO  ratis.XceiverServerRatis (XceiverServerRatis.java:getRealPort(543)) - XceiverServerRatis a4e02de4-0a57-448c-8e91-91a041d5e72b is started using port 15021 for RATIS
2023-07-25 10:55:17,990 [EndpointStateMachine task thread for /0.0.0.0:15002 - 0 ] INFO  ratis.XceiverServerRatis (XceiverServerRatis.java:getRealPort(543)) - XceiverServerRatis a4e02de4-0a57-448c-8e91-91a041d5e72b is started using port 15022 for RATIS_ADMIN
2023-07-25 10:55:17,990 [EndpointStateMachine task thread for /0.0.0.0:15002 - 0 ] INFO  ratis.XceiverServerRatis (XceiverServerRatis.java:getRealPort(543)) - XceiverServerRatis a4e02de4-0a57-448c-8e91-91a041d5e72b is started using port 15023 for RATIS_SERVER
2023-07-25 10:55:17,990 [EndpointStateMachine task thread for /0.0.0.0:15002 - 0 ] INFO  ratis.XceiverServerRatis (XceiverServerRatis.java:getRealPort(543)) - XceiverServerRatis a4e02de4-0a57-448c-8e91-91a041d5e72b is started using port 15024 for RATIS_DATASTREAM
2023-07-25 10:55:17,990 [JvmPauseMonitor3] INFO  util.JvmPauseMonitor (JvmPauseMonitor.java:run(103)) - JvmPauseMonitor-a4e02de4-0a57-448c-8e91-91a041d5e72b: Started
2023-07-25 10:55:18,002 [BlockDeletingService#0] INFO  interfaces.ContainerDeletionChoosingPolicyTemplate (ContainerDeletionChoosingPolicyTemplate.java:chooseContainerForBlockDeletion(83)) - Chosen 0/5000 blocks from 0 candidate containers.
2023-07-25 10:55:18,184 [main] INFO  ozone.MiniOzoneClusterImpl (MiniOzoneClusterImpl.java:lambda$waitForClusterToBeReady$0(224)) - Waiting for nodes to be ready. Got 0 of 5 DN Heartbeats.
2023-07-25 10:55:18,184 [main] INFO  ozone.MiniOzoneClusterImpl (MiniOzoneClusterImpl.java:lambda$waitForClusterToBeReady$0(227)) - Waiting for cluster to exit safe mode
2023-07-25 10:55:18,185 [main] INFO  ozone.MiniOzoneClusterImpl (MiniOzoneClusterImpl.java:lambda$waitForClusterToBeReady$0(229)) - SCM became leader
2023-07-25 10:55:18,404 [EndpointStateMachine task thread for /0.0.0.0:15002 - 0 ] INFO  utils.DatanodeStoreCache (DatanodeStoreCache.java:addDB(66)) - Added db /home/runner/work/ozone/ozone/hadoop-ozone/integration-test/target/test-dir/MiniOzoneClusterImpl-71add7ef-0b93-4dd0-b3e1-91a97b11c72d/datanode-2/data-0/containers/hdds/71add7ef-0b93-4dd0-b3e1-91a97b11c72d/DS-614263bf-00d5-4de0-a14d-43b40a065e5c/container.db to cache
2023-07-25 10:55:18,404 [EndpointStateMachine task thread for /0.0.0.0:15002 - 0 ] INFO  volume.HddsVolume (HddsVolume.java:createDbStore(422)) - SchemaV3 db is created and loaded at /home/runner/work/ozone/ozone/hadoop-ozone/integration-test/target/test-dir/MiniOzoneClusterImpl-71add7ef-0b93-4dd0-b3e1-91a97b11c72d/datanode-2/data-0/containers/hdds/71add7ef-0b93-4dd0-b3e1-91a97b11c72d/DS-614263bf-00d5-4de0-a14d-43b40a065e5c/container.db for volume DS-614263bf-00d5-4de0-a14d-43b40a065e5c
2023-07-25 10:55:18,412 [EndpointStateMachine task thread for /0.0.0.0:15002 - 0 ] INFO  volume.ThrottledAsyncChecker (ThrottledAsyncChecker.java:schedule(141)) - Scheduling a check for /home/runner/work/ozone/ozone/hadoop-ozone/integration-test/target/test-dir/MiniOzoneClusterImpl-71add7ef-0b93-4dd0-b3e1-91a97b11c72d/datanode-2/data-0/containers/hdds
2023-07-25 10:55:18,412 [EndpointStateMachine task thread for /0.0.0.0:15002 - 0 ] INFO  volume.StorageVolumeChecker (StorageVolumeChecker.java:checkAllVolumes(213)) - Scheduled health check for volume /home/runner/work/ozone/ozone/hadoop-ozone/integration-test/target/test-dir/MiniOzoneClusterImpl-71add7ef-0b93-4dd0-b3e1-91a97b11c72d/datanode-2/data-0/containers/hdds
2023-07-25 10:55:18,416 [EndpointStateMachine task thread for /0.0.0.0:15002 - 0 ] INFO  volume.ThrottledAsyncChecker (ThrottledAsyncChecker.java:schedule(141)) - Scheduling a check for /home/runner/work/ozone/ozone/hadoop-ozone/integration-test/target/test-dir/MiniOzoneClusterImpl-71add7ef-0b93-4dd0-b3e1-91a97b11c72d/datanode-2/data/ratis
2023-07-25 10:55:18,417 [EndpointStateMachine task thread for /0.0.0.0:15002 - 0 ] INFO  volume.StorageVolumeChecker (StorageVolumeChecker.java:checkAllVolumes(213)) - Scheduled health check for volume /home/runner/work/ozone/ozone/hadoop-ozone/integration-test/target/test-dir/MiniOzoneClusterImpl-71add7ef-0b93-4dd0-b3e1-91a97b11c72d/datanode-2/data/ratis
2023-07-25 10:55:18,419 [EndpointStateMachine task thread for /0.0.0.0:15002 - 0 ] INFO  ozoneimpl.OzoneContainer (OzoneContainer.java:start(431)) - Attempting to start container services.
2023-07-25 10:55:18,419 [EndpointStateMachine task thread for /0.0.0.0:15002 - 0 ] INFO  ozoneimpl.OzoneContainer (OzoneContainer.java:startContainerScrub(327)) - Scheduled background container scanners and the on-demand container scanner have been disabled.
2023-07-25 10:55:18,422 [EndpointStateMachine task thread for /0.0.0.0:15002 - 0 ] INFO  replication.ReplicationServer (ReplicationServer.java:start(128)) - ReplicationServer is started using port 15034
2023-07-25 10:55:18,422 [EndpointStateMachine task thread for /0.0.0.0:15002 - 0 ] INFO  ratis.XceiverServerRatis (XceiverServerRatis.java:start(517)) - Starting XceiverServerRatis 558084a2-61c9-4ed7-bb35-b0adeee70698
2023-07-25 10:55:18,423 [EndpointStateMachine task thread for /0.0.0.0:15002 - 0 ] INFO  server.RaftServer (RaftServerProxy.java:startImpl(400)) - 558084a2-61c9-4ed7-bb35-b0adeee70698: start RPC server
2023-07-25 10:55:18,425 [EndpointStateMachine task thread for /0.0.0.0:15002 - 0 ] INFO  server.GrpcService (GrpcService.java:startImpl(302)) - 558084a2-61c9-4ed7-bb35-b0adeee70698: GrpcService started, listening on 15030
2023-07-25 10:55:18,427 [EndpointStateMachine task thread for /0.0.0.0:15002 - 0 ] INFO  server.GrpcService (GrpcService.java:startImpl(302)) - 558084a2-61c9-4ed7-bb35-b0adeee70698: GrpcService started, listening on 15032
2023-07-25 10:55:18,430 [EndpointStateMachine task thread for /0.0.0.0:15002 - 0 ] INFO  server.GrpcService (GrpcService.java:startImpl(302)) - 558084a2-61c9-4ed7-bb35-b0adeee70698: GrpcService started, listening on 15031
2023-07-25 10:55:18,431 [EndpointStateMachine task thread for /0.0.0.0:15002 - 0 ] INFO  ratis.XceiverServerRatis (XceiverServerRatis.java:getRealPort(543)) - XceiverServerRatis 558084a2-61c9-4ed7-bb35-b0adeee70698 is started using port 15030 for RATIS
2023-07-25 10:55:18,431 [JvmPauseMonitor4] INFO  util.JvmPauseMonitor (JvmPauseMonitor.java:run(103)) - JvmPauseMonitor-558084a2-61c9-4ed7-bb35-b0adeee70698: Started
2023-07-25 10:55:18,431 [EndpointStateMachine task thread for /0.0.0.0:15002 - 0 ] INFO  ratis.XceiverServerRatis (XceiverServerRatis.java:getRealPort(543)) - XceiverServerRatis 558084a2-61c9-4ed7-bb35-b0adeee70698 is started using port 15031 for RATIS_ADMIN
2023-07-25 10:55:18,431 [EndpointStateMachine task thread for /0.0.0.0:15002 - 0 ] INFO  ratis.XceiverServerRatis (XceiverServerRatis.java:getRealPort(543)) - XceiverServerRatis 558084a2-61c9-4ed7-bb35-b0adeee70698 is started using port 15032 for RATIS_SERVER
2023-07-25 10:55:18,431 [EndpointStateMachine task thread for /0.0.0.0:15002 - 0 ] INFO  ratis.XceiverServerRatis (XceiverServerRatis.java:getRealPort(543)) - XceiverServerRatis 558084a2-61c9-4ed7-bb35-b0adeee70698 is started using port 15033 for RATIS_DATASTREAM
2023-07-25 10:55:18,437 [BlockDeletingService#0] INFO  interfaces.ContainerDeletionChoosingPolicyTemplate (ContainerDeletionChoosingPolicyTemplate.java:chooseContainerForBlockDeletion(83)) - Chosen 0/5000 blocks from 0 candidate containers.
2023-07-25 10:55:18,796 [EndpointStateMachine task thread for /0.0.0.0:15002 - 0 ] INFO  utils.DatanodeStoreCache (DatanodeStoreCache.java:addDB(66)) - Added db /home/runner/work/ozone/ozone/hadoop-ozone/integration-test/target/test-dir/MiniOzoneClusterImpl-71add7ef-0b93-4dd0-b3e1-91a97b11c72d/datanode-3/data-0/containers/hdds/71add7ef-0b93-4dd0-b3e1-91a97b11c72d/DS-8b9f6557-586f-4b50-a1e7-2707c261bbe2/container.db to cache
2023-07-25 10:55:18,796 [EndpointStateMachine task thread for /0.0.0.0:15002 - 0 ] INFO  volume.HddsVolume (HddsVolume.java:createDbStore(422)) - SchemaV3 db is created and loaded at /home/runner/work/ozone/ozone/hadoop-ozone/integration-test/target/test-dir/MiniOzoneClusterImpl-71add7ef-0b93-4dd0-b3e1-91a97b11c72d/datanode-3/data-0/containers/hdds/71add7ef-0b93-4dd0-b3e1-91a97b11c72d/DS-8b9f6557-586f-4b50-a1e7-2707c261bbe2/container.db for volume DS-8b9f6557-586f-4b50-a1e7-2707c261bbe2
2023-07-25 10:55:18,797 [EndpointStateMachine task thread for /0.0.0.0:15002 - 0 ] INFO  volume.ThrottledAsyncChecker (ThrottledAsyncChecker.java:schedule(141)) - Scheduling a check for /home/runner/work/ozone/ozone/hadoop-ozone/integration-test/target/test-dir/MiniOzoneClusterImpl-71add7ef-0b93-4dd0-b3e1-91a97b11c72d/datanode-3/data-0/containers/hdds
2023-07-25 10:55:18,799 [EndpointStateMachine task thread for /0.0.0.0:15002 - 0 ] INFO  volume.StorageVolumeChecker (StorageVolumeChecker.java:checkAllVolumes(213)) - Scheduled health check for volume /home/runner/work/ozone/ozone/hadoop-ozone/integration-test/target/test-dir/MiniOzoneClusterImpl-71add7ef-0b93-4dd0-b3e1-91a97b11c72d/datanode-3/data-0/containers/hdds
2023-07-25 10:55:18,803 [EndpointStateMachine task thread for /0.0.0.0:15002 - 0 ] INFO  volume.ThrottledAsyncChecker (ThrottledAsyncChecker.java:schedule(141)) - Scheduling a check for /home/runner/work/ozone/ozone/hadoop-ozone/integration-test/target/test-dir/MiniOzoneClusterImpl-71add7ef-0b93-4dd0-b3e1-91a97b11c72d/datanode-3/data/ratis
2023-07-25 10:55:18,804 [EndpointStateMachine task thread for /0.0.0.0:15002 - 0 ] INFO  volume.StorageVolumeChecker (StorageVolumeChecker.java:checkAllVolumes(213)) - Scheduled health check for volume /home/runner/work/ozone/ozone/hadoop-ozone/integration-test/target/test-dir/MiniOzoneClusterImpl-71add7ef-0b93-4dd0-b3e1-91a97b11c72d/datanode-3/data/ratis
2023-07-25 10:55:18,805 [EndpointStateMachine task thread for /0.0.0.0:15002 - 0 ] INFO  ozoneimpl.OzoneContainer (OzoneContainer.java:start(431)) - Attempting to start container services.
2023-07-25 10:55:18,805 [EndpointStateMachine task thread for /0.0.0.0:15002 - 0 ] INFO  ozoneimpl.OzoneContainer (OzoneContainer.java:startContainerScrub(327)) - Scheduled background container scanners and the on-demand container scanner have been disabled.
2023-07-25 10:55:18,809 [EndpointStateMachine task thread for /0.0.0.0:15002 - 0 ] INFO  replication.ReplicationServer (ReplicationServer.java:start(128)) - ReplicationServer is started using port 15043
2023-07-25 10:55:18,809 [EndpointStateMachine task thread for /0.0.0.0:15002 - 0 ] INFO  ratis.XceiverServerRatis (XceiverServerRatis.java:start(517)) - Starting XceiverServerRatis f263b8be-c5cb-46a8-8a56-20deb1bbcbcc
2023-07-25 10:55:18,813 [EndpointStateMachine task thread for /0.0.0.0:15002 - 0 ] INFO  server.RaftServer (RaftServerProxy.java:startImpl(400)) - f263b8be-c5cb-46a8-8a56-20deb1bbcbcc: start RPC server
2023-07-25 10:55:18,821 [EndpointStateMachine task thread for /0.0.0.0:15002 - 0 ] INFO  server.GrpcService (GrpcService.java:startImpl(302)) - f263b8be-c5cb-46a8-8a56-20deb1bbcbcc: GrpcService started, listening on 15039
2023-07-25 10:55:18,823 [EndpointStateMachine task thread for /0.0.0.0:15002 - 0 ] INFO  server.GrpcService (GrpcService.java:startImpl(302)) - f263b8be-c5cb-46a8-8a56-20deb1bbcbcc: GrpcService started, listening on 15041
2023-07-25 10:55:18,829 [EndpointStateMachine task thread for /0.0.0.0:15002 - 0 ] INFO  server.GrpcService (GrpcService.java:startImpl(302)) - f263b8be-c5cb-46a8-8a56-20deb1bbcbcc: GrpcService started, listening on 15040
2023-07-25 10:55:18,833 [EndpointStateMachine task thread for /0.0.0.0:15002 - 0 ] INFO  ratis.XceiverServerRatis (XceiverServerRatis.java:getRealPort(543)) - XceiverServerRatis f263b8be-c5cb-46a8-8a56-20deb1bbcbcc is started using port 15039 for RATIS
2023-07-25 10:55:18,834 [EndpointStateMachine task thread for /0.0.0.0:15002 - 0 ] INFO  ratis.XceiverServerRatis (XceiverServerRatis.java:getRealPort(543)) - XceiverServerRatis f263b8be-c5cb-46a8-8a56-20deb1bbcbcc is started using port 15040 for RATIS_ADMIN
2023-07-25 10:55:18,834 [EndpointStateMachine task thread for /0.0.0.0:15002 - 0 ] INFO  ratis.XceiverServerRatis (XceiverServerRatis.java:getRealPort(543)) - XceiverServerRatis f263b8be-c5cb-46a8-8a56-20deb1bbcbcc is started using port 15041 for RATIS_SERVER
2023-07-25 10:55:18,834 [EndpointStateMachine task thread for /0.0.0.0:15002 - 0 ] INFO  ratis.XceiverServerRatis (XceiverServerRatis.java:getRealPort(543)) - XceiverServerRatis f263b8be-c5cb-46a8-8a56-20deb1bbcbcc is started using port 15042 for RATIS_DATASTREAM
2023-07-25 10:55:18,834 [JvmPauseMonitor5] INFO  util.JvmPauseMonitor (JvmPauseMonitor.java:run(103)) - JvmPauseMonitor-f263b8be-c5cb-46a8-8a56-20deb1bbcbcc: Started
2023-07-25 10:55:18,843 [BlockDeletingService#0] INFO  interfaces.ContainerDeletionChoosingPolicyTemplate (ContainerDeletionChoosingPolicyTemplate.java:chooseContainerForBlockDeletion(83)) - Chosen 0/5000 blocks from 0 candidate containers.
2023-07-25 10:55:19,185 [main] INFO  ozone.MiniOzoneClusterImpl (MiniOzoneClusterImpl.java:lambda$waitForClusterToBeReady$0(224)) - Waiting for nodes to be ready. Got 0 of 5 DN Heartbeats.
2023-07-25 10:55:19,185 [main] INFO  ozone.MiniOzoneClusterImpl (MiniOzoneClusterImpl.java:lambda$waitForClusterToBeReady$0(227)) - Waiting for cluster to exit safe mode
2023-07-25 10:55:19,185 [main] INFO  ozone.MiniOzoneClusterImpl (MiniOzoneClusterImpl.java:lambda$waitForClusterToBeReady$0(229)) - SCM became leader
2023-07-25 10:55:19,254 [EndpointStateMachine task thread for /0.0.0.0:15002 - 0 ] INFO  utils.DatanodeStoreCache (DatanodeStoreCache.java:addDB(66)) - Added db /home/runner/work/ozone/ozone/hadoop-ozone/integration-test/target/test-dir/MiniOzoneClusterImpl-71add7ef-0b93-4dd0-b3e1-91a97b11c72d/datanode-4/data-0/containers/hdds/71add7ef-0b93-4dd0-b3e1-91a97b11c72d/DS-3f652aa6-3eeb-484d-97be-e1d0481bdc66/container.db to cache
2023-07-25 10:55:19,254 [EndpointStateMachine task thread for /0.0.0.0:15002 - 0 ] INFO  volume.HddsVolume (HddsVolume.java:createDbStore(422)) - SchemaV3 db is created and loaded at /home/runner/work/ozone/ozone/hadoop-ozone/integration-test/target/test-dir/MiniOzoneClusterImpl-71add7ef-0b93-4dd0-b3e1-91a97b11c72d/datanode-4/data-0/containers/hdds/71add7ef-0b93-4dd0-b3e1-91a97b11c72d/DS-3f652aa6-3eeb-484d-97be-e1d0481bdc66/container.db for volume DS-3f652aa6-3eeb-484d-97be-e1d0481bdc66
2023-07-25 10:55:19,255 [EndpointStateMachine task thread for /0.0.0.0:15002 - 0 ] INFO  volume.ThrottledAsyncChecker (ThrottledAsyncChecker.java:schedule(141)) - Scheduling a check for /home/runner/work/ozone/ozone/hadoop-ozone/integration-test/target/test-dir/MiniOzoneClusterImpl-71add7ef-0b93-4dd0-b3e1-91a97b11c72d/datanode-4/data-0/containers/hdds
2023-07-25 10:55:19,256 [EndpointStateMachine task thread for /0.0.0.0:15002 - 0 ] INFO  volume.StorageVolumeChecker (StorageVolumeChecker.java:checkAllVolumes(213)) - Scheduled health check for volume /home/runner/work/ozone/ozone/hadoop-ozone/integration-test/target/test-dir/MiniOzoneClusterImpl-71add7ef-0b93-4dd0-b3e1-91a97b11c72d/datanode-4/data-0/containers/hdds
2023-07-25 10:55:19,260 [EndpointStateMachine task thread for /0.0.0.0:15002 - 0 ] INFO  volume.ThrottledAsyncChecker (ThrottledAsyncChecker.java:schedule(141)) - Scheduling a check for /home/runner/work/ozone/ozone/hadoop-ozone/integration-test/target/test-dir/MiniOzoneClusterImpl-71add7ef-0b93-4dd0-b3e1-91a97b11c72d/datanode-4/data/ratis
2023-07-25 10:55:19,261 [EndpointStateMachine task thread for /0.0.0.0:15002 - 0 ] INFO  volume.StorageVolumeChecker (StorageVolumeChecker.java:checkAllVolumes(213)) - Scheduled health check for volume /home/runner/work/ozone/ozone/hadoop-ozone/integration-test/target/test-dir/MiniOzoneClusterImpl-71add7ef-0b93-4dd0-b3e1-91a97b11c72d/datanode-4/data/ratis
2023-07-25 10:55:19,263 [EndpointStateMachine task thread for /0.0.0.0:15002 - 0 ] INFO  ozoneimpl.OzoneContainer (OzoneContainer.java:start(431)) - Attempting to start container services.
2023-07-25 10:55:19,263 [EndpointStateMachine task thread for /0.0.0.0:15002 - 0 ] INFO  ozoneimpl.OzoneContainer (OzoneContainer.java:startContainerScrub(327)) - Scheduled background container scanners and the on-demand container scanner have been disabled.
2023-07-25 10:55:19,264 [EndpointStateMachine task thread for /0.0.0.0:15002 - 0 ] INFO  replication.ReplicationServer (ReplicationServer.java:start(128)) - ReplicationServer is started using port 15052
2023-07-25 10:55:19,265 [EndpointStateMachine task thread for /0.0.0.0:15002 - 0 ] INFO  ratis.XceiverServerRatis (XceiverServerRatis.java:start(517)) - Starting XceiverServerRatis 87a8a85d-028f-41d9-845c-5fb83f876637
2023-07-25 10:55:19,268 [EndpointStateMachine task thread for /0.0.0.0:15002 - 0 ] INFO  server.RaftServer (RaftServerProxy.java:startImpl(400)) - 87a8a85d-028f-41d9-845c-5fb83f876637: start RPC server
2023-07-25 10:55:19,269 [EndpointStateMachine task thread for /0.0.0.0:15002 - 0 ] INFO  server.GrpcService (GrpcService.java:startImpl(302)) - 87a8a85d-028f-41d9-845c-5fb83f876637: GrpcService started, listening on 15048
2023-07-25 10:55:19,270 [EndpointStateMachine task thread for /0.0.0.0:15002 - 0 ] INFO  server.GrpcService (GrpcService.java:startImpl(302)) - 87a8a85d-028f-41d9-845c-5fb83f876637: GrpcService started, listening on 15050
2023-07-25 10:55:19,271 [EndpointStateMachine task thread for /0.0.0.0:15002 - 0 ] INFO  server.GrpcService (GrpcService.java:startImpl(302)) - 87a8a85d-028f-41d9-845c-5fb83f876637: GrpcService started, listening on 15049
2023-07-25 10:55:19,271 [EndpointStateMachine task thread for /0.0.0.0:15002 - 0 ] INFO  ratis.XceiverServerRatis (XceiverServerRatis.java:getRealPort(543)) - XceiverServerRatis 87a8a85d-028f-41d9-845c-5fb83f876637 is started using port 15048 for RATIS
2023-07-25 10:55:19,272 [EndpointStateMachine task thread for /0.0.0.0:15002 - 0 ] INFO  ratis.XceiverServerRatis (XceiverServerRatis.java:getRealPort(543)) - XceiverServerRatis 87a8a85d-028f-41d9-845c-5fb83f876637 is started using port 15049 for RATIS_ADMIN
2023-07-25 10:55:19,272 [EndpointStateMachine task thread for /0.0.0.0:15002 - 0 ] INFO  ratis.XceiverServerRatis (XceiverServerRatis.java:getRealPort(543)) - XceiverServerRatis 87a8a85d-028f-41d9-845c-5fb83f876637 is started using port 15050 for RATIS_SERVER
2023-07-25 10:55:19,272 [EndpointStateMachine task thread for /0.0.0.0:15002 - 0 ] INFO  ratis.XceiverServerRatis (XceiverServerRatis.java:getRealPort(543)) - XceiverServerRatis 87a8a85d-028f-41d9-845c-5fb83f876637 is started using port 15051 for RATIS_DATASTREAM
2023-07-25 10:55:19,290 [JvmPauseMonitor6] INFO  util.JvmPauseMonitor (JvmPauseMonitor.java:run(103)) - JvmPauseMonitor-87a8a85d-028f-41d9-845c-5fb83f876637: Started
2023-07-25 10:55:19,290 [BlockDeletingService#0] INFO  interfaces.ContainerDeletionChoosingPolicyTemplate (ContainerDeletionChoosingPolicyTemplate.java:chooseContainerForBlockDeletion(83)) - Chosen 0/5000 blocks from 0 candidate containers.
2023-07-25 10:55:19,413 [IPC Server handler 2 on default port 15002] INFO  net.NetworkTopologyImpl (NetworkTopologyImpl.java:add(112)) - Added a new node: /default-rack/d61495e8-faf1-4655-91e1-42a45bad4237
2023-07-25 10:55:19,416 [IPC Server handler 2 on default port 15002] INFO  node.SCMNodeManager (SCMNodeManager.java:register(405)) - Registered Data node : d61495e8-faf1-4655-91e1-42a45bad4237{ip: 10.1.0.57, host: fv-az82-323, ports: [HTTP=15009, CLIENT_RPC=15010, REPLICATION=15016, RATIS=15012, RATIS_ADMIN=15013, RATIS_SERVER=15014, RATIS_DATASTREAM=15015, STANDALONE=15011], networkLocation: /default-rack, certSerialId: null, persistedOpState: null, persistedOpStateExpiryEpochSec: 0}
2023-07-25 10:55:19,426 [EventQueue-NodeRegistrationContainerReportForDataNodeSafeModeRule] INFO  safemode.SCMSafeModeManager (DataNodeSafeModeRule.java:process(71)) - SCM in safe mode. 1 DataNodes registered, 3 required.
2023-07-25 10:55:19,428 [EventQueue-NewNodeForNewNodeHandler] INFO  pipeline.BackgroundPipelineCreator (BackgroundPipelineCreator.java:notifyEventTriggered(277)) - trigger a one-shot run on RatisPipelineUtilsThread.
2023-07-25 10:55:19,427 [EventQueue-NodeRegistrationContainerReportForContainerSafeModeRule] INFO  safemode.SCMSafeModeManager (SCMSafeModeManager.java:validateSafeModeExitRules(200)) - ContainerSafeModeRule rule is successfully validated
2023-07-25 10:55:19,448 [EventQueue-PipelineReportForOneReplicaPipelineSafeModeRule] INFO  safemode.SCMSafeModeManager (SCMSafeModeManager.java:validateSafeModeExitRules(200)) - AtleastOneDatanodeReportedRule rule is successfully validated
2023-07-25 10:55:19,461 [RatisPipelineUtilsThread - 0] INFO  pipeline.RatisPipelineProvider (RatisPipelineProvider.java:lambda$create$0(206)) - Sending CreatePipelineCommand for pipeline:PipelineID=b62af638-e18a-4218-ab65-fd8ef7ad9a98 to datanode:d61495e8-faf1-4655-91e1-42a45bad4237
2023-07-25 10:55:19,485 [RatisPipelineUtilsThread - 0] INFO  pipeline.BackgroundPipelineCreator (BackgroundPipelineCreator.java:createPipelines(233)) - Created new pipeline Pipeline[ Id: b62af638-e18a-4218-ab65-fd8ef7ad9a98, Nodes: d61495e8-faf1-4655-91e1-42a45bad4237(fv-az82-323/10.1.0.57), ReplicationConfig: RATIS/ONE, State:ALLOCATED, leaderId:, CreationTimestamp2023-07-25T10:55:19.459Z[Etc/UTC]]
2023-07-25 10:55:19,896 [IPC Server handler 4 on default port 15002] INFO  net.NetworkTopologyImpl (NetworkTopologyImpl.java:add(112)) - Added a new node: /default-rack/a4e02de4-0a57-448c-8e91-91a041d5e72b
2023-07-25 10:55:19,896 [IPC Server handler 4 on default port 15002] INFO  node.SCMNodeManager (SCMNodeManager.java:register(405)) - Registered Data node : a4e02de4-0a57-448c-8e91-91a041d5e72b{ip: 10.1.0.57, host: fv-az82-323, ports: [HTTP=15018, CLIENT_RPC=15019, REPLICATION=15025, RATIS=15021, RATIS_ADMIN=15022, RATIS_SERVER=15023, RATIS_DATASTREAM=15024, STANDALONE=15020], networkLocation: /default-rack, certSerialId: null, persistedOpState: null, persistedOpStateExpiryEpochSec: 0}
2023-07-25 10:55:19,897 [EventQueue-NewNodeForNewNodeHandler] INFO  pipeline.BackgroundPipelineCreator (BackgroundPipelineCreator.java:notifyEventTriggered(277)) - trigger a one-shot run on RatisPipelineUtilsThread.
2023-07-25 10:55:19,898 [EventQueue-NodeRegistrationContainerReportForDataNodeSafeModeRule] INFO  safemode.SCMSafeModeManager (DataNodeSafeModeRule.java:process(71)) - SCM in safe mode. 2 DataNodes registered, 3 required.
2023-07-25 10:55:19,899 [RatisPipelineUtilsThread - 0] INFO  pipeline.RatisPipelineProvider (RatisPipelineProvider.java:lambda$create$0(206)) - Sending CreatePipelineCommand for pipeline:PipelineID=dff6f4f0-ed1d-4fe7-8776-e3748f8d343d to datanode:a4e02de4-0a57-448c-8e91-91a041d5e72b
2023-07-25 10:55:19,901 [RatisPipelineUtilsThread - 0] INFO  pipeline.BackgroundPipelineCreator (BackgroundPipelineCreator.java:createPipelines(233)) - Created new pipeline Pipeline[ Id: dff6f4f0-ed1d-4fe7-8776-e3748f8d343d, Nodes: a4e02de4-0a57-448c-8e91-91a041d5e72b(fv-az82-323/10.1.0.57), ReplicationConfig: RATIS/ONE, State:ALLOCATED, leaderId:, CreationTimestamp2023-07-25T10:55:19.899Z[Etc/UTC]]
2023-07-25 10:55:20,186 [main] INFO  ozone.MiniOzoneClusterImpl (MiniOzoneClusterImpl.java:lambda$waitForClusterToBeReady$0(224)) - Waiting for nodes to be ready. Got 2 of 5 DN Heartbeats.
2023-07-25 10:55:20,186 [main] INFO  ozone.MiniOzoneClusterImpl (MiniOzoneClusterImpl.java:lambda$waitForClusterToBeReady$0(227)) - Waiting for cluster to exit safe mode
2023-07-25 10:55:20,187 [main] INFO  ozone.MiniOzoneClusterImpl (MiniOzoneClusterImpl.java:lambda$waitForClusterToBeReady$0(229)) - SCM became leader
2023-07-25 10:55:20,348 [IPC Server handler 1 on default port 15002] INFO  net.NetworkTopologyImpl (NetworkTopologyImpl.java:add(112)) - Added a new node: /default-rack/558084a2-61c9-4ed7-bb35-b0adeee70698
2023-07-25 10:55:20,348 [IPC Server handler 1 on default port 15002] INFO  node.SCMNodeManager (SCMNodeManager.java:register(405)) - Registered Data node : 558084a2-61c9-4ed7-bb35-b0adeee70698{ip: 10.1.0.57, host: fv-az82-323, ports: [HTTP=15027, CLIENT_RPC=15028, REPLICATION=15034, RATIS=15030, RATIS_ADMIN=15031, RATIS_SERVER=15032, RATIS_DATASTREAM=15033, STANDALONE=15029], networkLocation: /default-rack, certSerialId: null, persistedOpState: null, persistedOpStateExpiryEpochSec: 0}
2023-07-25 10:55:20,349 [EventQueue-NewNodeForNewNodeHandler] INFO  pipeline.BackgroundPipelineCreator (BackgroundPipelineCreator.java:notifyEventTriggered(277)) - trigger a one-shot run on RatisPipelineUtilsThread.
2023-07-25 10:55:20,350 [EventQueue-NodeRegistrationContainerReportForDataNodeSafeModeRule] INFO  safemode.SCMSafeModeManager (DataNodeSafeModeRule.java:process(71)) - SCM in safe mode. 3 DataNodes registered, 3 required.
2023-07-25 10:55:20,350 [EventQueue-NodeRegistrationContainerReportForDataNodeSafeModeRule] INFO  safemode.SCMSafeModeManager (SCMSafeModeManager.java:validateSafeModeExitRules(200)) - DataNodeSafeModeRule rule is successfully validated
2023-07-25 10:55:20,350 [EventQueue-NodeRegistrationContainerReportForDataNodeSafeModeRule] INFO  safemode.SCMSafeModeManager (SCMSafeModeManager.java:completePreCheck(229)) - All SCM safe mode pre check rules have passed
2023-07-25 10:55:20,350 [EventQueue-NodeRegistrationContainerReportForDataNodeSafeModeRule] INFO  ha.SCMContext (SCMContext.java:updateSafeModeStatus(228)) - Update SafeModeStatus from SafeModeStatus{safeModeStatus=true, preCheckPassed=false} to SafeModeStatus{safeModeStatus=true, preCheckPassed=true}.
2023-07-25 10:55:20,350 [EventQueue-NodeRegistrationContainerReportForDataNodeSafeModeRule] INFO  pipeline.BackgroundPipelineCreator (BackgroundPipelineCreator.java:notifyEventTriggered(277)) - trigger a one-shot run on RatisPipelineUtilsThread.
2023-07-25 10:55:20,350 [RatisPipelineUtilsThread - 0] INFO  pipeline.RatisPipelineProvider (RatisPipelineProvider.java:lambda$create$0(206)) - Sending CreatePipelineCommand for pipeline:PipelineID=02cc9d56-cfde-4344-b940-9a4bd74b7787 to datanode:558084a2-61c9-4ed7-bb35-b0adeee70698
2023-07-25 10:55:20,352 [RatisPipelineUtilsThread - 0] INFO  pipeline.BackgroundPipelineCreator (BackgroundPipelineCreator.java:createPipelines(233)) - Created new pipeline Pipeline[ Id: 02cc9d56-cfde-4344-b940-9a4bd74b7787, Nodes: 558084a2-61c9-4ed7-bb35-b0adeee70698(fv-az82-323/10.1.0.57), ReplicationConfig: RATIS/ONE, State:ALLOCATED, leaderId:, CreationTimestamp2023-07-25T10:55:20.350Z[Etc/UTC]]
2023-07-25 10:55:20,364 [RatisPipelineUtilsThread - 0] INFO  pipeline.RatisPipelineProvider (RatisPipelineProvider.java:lambda$create$0(206)) - Sending CreatePipelineCommand for pipeline:PipelineID=d1b2a856-b23c-4622-9693-e6e162410c5d to datanode:558084a2-61c9-4ed7-bb35-b0adeee70698
2023-07-25 10:55:20,364 [RatisPipelineUtilsThread - 0] INFO  pipeline.RatisPipelineProvider (RatisPipelineProvider.java:lambda$create$0(206)) - Sending CreatePipelineCommand for pipeline:PipelineID=d1b2a856-b23c-4622-9693-e6e162410c5d to datanode:a4e02de4-0a57-448c-8e91-91a041d5e72b
2023-07-25 10:55:20,364 [RatisPipelineUtilsThread - 0] INFO  pipeline.RatisPipelineProvider (RatisPipelineProvider.java:lambda$create$0(206)) - Sending CreatePipelineCommand for pipeline:PipelineID=d1b2a856-b23c-4622-9693-e6e162410c5d to datanode:d61495e8-faf1-4655-91e1-42a45bad4237
2023-07-25 10:55:20,366 [RatisPipelineUtilsThread - 0] INFO  pipeline.BackgroundPipelineCreator (BackgroundPipelineCreator.java:createPipelines(233)) - Created new pipeline Pipeline[ Id: d1b2a856-b23c-4622-9693-e6e162410c5d, Nodes: 558084a2-61c9-4ed7-bb35-b0adeee70698(fv-az82-323/10.1.0.57)a4e02de4-0a57-448c-8e91-91a041d5e72b(fv-az82-323/10.1.0.57)d61495e8-faf1-4655-91e1-42a45bad4237(fv-az82-323/10.1.0.57), ReplicationConfig: RATIS/THREE, State:ALLOCATED, leaderId:, CreationTimestamp2023-07-25T10:55:20.363Z[Etc/UTC]]
2023-07-25 10:55:20,368 [RatisPipelineUtilsThread - 0] INFO  pipeline.RatisPipelineProvider (RatisPipelineProvider.java:lambda$create$0(206)) - Sending CreatePipelineCommand for pipeline:PipelineID=02988bac-003c-4425-b79a-661fd194f38d to datanode:558084a2-61c9-4ed7-bb35-b0adeee70698
2023-07-25 10:55:20,368 [RatisPipelineUtilsThread - 0] INFO  pipeline.RatisPipelineProvider (RatisPipelineProvider.java:lambda$create$0(206)) - Sending CreatePipelineCommand for pipeline:PipelineID=02988bac-003c-4425-b79a-661fd194f38d to datanode:a4e02de4-0a57-448c-8e91-91a041d5e72b
2023-07-25 10:55:20,368 [RatisPipelineUtilsThread - 0] INFO  pipeline.RatisPipelineProvider (RatisPipelineProvider.java:lambda$create$0(206)) - Sending CreatePipelineCommand for pipeline:PipelineID=02988bac-003c-4425-b79a-661fd194f38d to datanode:d61495e8-faf1-4655-91e1-42a45bad4237
2023-07-25 10:55:20,370 [RatisPipelineUtilsThread - 0] INFO  pipeline.PipelineManagerImpl (PipelineManagerImpl.java:recordMetricsForPipeline(895)) - Pipeline: PipelineID=02988bac-003c-4425-b79a-661fd194f38d contains same datanodes as previous pipelines: PipelineID=d1b2a856-b23c-4622-9693-e6e162410c5d nodeIds: 558084a2-61c9-4ed7-bb35-b0adeee70698, a4e02de4-0a57-448c-8e91-91a041d5e72b, d61495e8-faf1-4655-91e1-42a45bad4237
2023-07-25 10:55:20,370 [RatisPipelineUtilsThread - 0] INFO  pipeline.BackgroundPipelineCreator (BackgroundPipelineCreator.java:createPipelines(233)) - Created new pipeline Pipeline[ Id: 02988bac-003c-4425-b79a-661fd194f38d, Nodes: 558084a2-61c9-4ed7-bb35-b0adeee70698(fv-az82-323/10.1.0.57)a4e02de4-0a57-448c-8e91-91a041d5e72b(fv-az82-323/10.1.0.57)d61495e8-faf1-4655-91e1-42a45bad4237(fv-az82-323/10.1.0.57), ReplicationConfig: RATIS/THREE, State:ALLOCATED, leaderId:, CreationTimestamp2023-07-25T10:55:20.368Z[Etc/UTC]]
2023-07-25 10:55:20,370 [RatisPipelineUtilsThread - 0] WARN  pipeline.PipelinePlacementPolicy (PipelinePlacementPolicy.java:filterViableNodes(166)) - Pipeline creation failed due to no sufficient healthy datanodes. Required 3. Found 0. Excluded 3.
2023-07-25 10:55:20,372 [RatisPipelineUtilsThread - 0] WARN  pipeline.PipelinePlacementPolicy (PipelinePlacementPolicy.java:filterViableNodes(166)) - Pipeline creation failed due to no sufficient healthy datanodes. Required 3. Found 0. Excluded 3.
2023-07-25 10:55:20,742 [IPC Server handler 4 on default port 15002] INFO  net.NetworkTopologyImpl (NetworkTopologyImpl.java:add(112)) - Added a new node: /default-rack/f263b8be-c5cb-46a8-8a56-20deb1bbcbcc
2023-07-25 10:55:20,743 [IPC Server handler 4 on default port 15002] INFO  node.SCMNodeManager (SCMNodeManager.java:register(405)) - Registered Data node : f263b8be-c5cb-46a8-8a56-20deb1bbcbcc{ip: 10.1.0.57, host: fv-az82-323, ports: [HTTP=15036, CLIENT_RPC=15037, REPLICATION=15043, RATIS=15039, RATIS_ADMIN=15040, RATIS_SERVER=15041, RATIS_DATASTREAM=15042, STANDALONE=15038], networkLocation: /default-rack, certSerialId: null, persistedOpState: null, persistedOpStateExpiryEpochSec: 0}
2023-07-25 10:55:20,746 [EventQueue-NewNodeForNewNodeHandler] INFO  pipeline.BackgroundPipelineCreator (BackgroundPipelineCreator.java:notifyEventTriggered(277)) - trigger a one-shot run on RatisPipelineUtilsThread.
2023-07-25 10:55:20,748 [RatisPipelineUtilsThread - 0] INFO  pipeline.RatisPipelineProvider (RatisPipelineProvider.java:lambda$create$0(206)) - Sending CreatePipelineCommand for pipeline:PipelineID=c9c93c22-7a98-4c25-9ee3-aa91e0ac9a44 to datanode:f263b8be-c5cb-46a8-8a56-20deb1bbcbcc
2023-07-25 10:55:20,750 [RatisPipelineUtilsThread - 0] INFO  pipeline.BackgroundPipelineCreator (BackgroundPipelineCreator.java:createPipelines(233)) - Created new pipeline Pipeline[ Id: c9c93c22-7a98-4c25-9ee3-aa91e0ac9a44, Nodes: f263b8be-c5cb-46a8-8a56-20deb1bbcbcc(fv-az82-323/10.1.0.57), ReplicationConfig: RATIS/ONE, State:ALLOCATED, leaderId:, CreationTimestamp2023-07-25T10:55:20.748Z[Etc/UTC]]
2023-07-25 10:55:20,752 [RatisPipelineUtilsThread - 0] WARN  pipeline.PipelinePlacementPolicy (PipelinePlacementPolicy.java:filterViableNodes(166)) - Pipeline creation failed due to no sufficient healthy datanodes. Required 3. Found 1. Excluded 3.
2023-07-25 10:55:21,187 [main] INFO  ozone.MiniOzoneClusterImpl (MiniOzoneClusterImpl.java:lambda$waitForClusterToBeReady$0(224)) - Waiting for nodes to be ready. Got 4 of 5 DN Heartbeats.
2023-07-25 10:55:21,187 [main] INFO  ozone.MiniOzoneClusterImpl (MiniOzoneClusterImpl.java:lambda$waitForClusterToBeReady$0(227)) - Waiting for cluster to exit safe mode
2023-07-25 10:55:21,188 [main] INFO  ozone.MiniOzoneClusterImpl (MiniOzoneClusterImpl.java:lambda$waitForClusterToBeReady$0(229)) - SCM became leader
2023-07-25 10:55:21,202 [IPC Server handler 16 on default port 15002] INFO  net.NetworkTopologyImpl (NetworkTopologyImpl.java:add(112)) - Added a new node: /default-rack/87a8a85d-028f-41d9-845c-5fb83f876637
2023-07-25 10:55:21,202 [IPC Server handler 16 on default port 15002] INFO  node.SCMNodeManager (SCMNodeManager.java:register(405)) - Registered Data node : 87a8a85d-028f-41d9-845c-5fb83f876637{ip: 10.1.0.57, host: fv-az82-323, ports: [HTTP=15045, CLIENT_RPC=15046, REPLICATION=15052, RATIS=15048, RATIS_ADMIN=15049, RATIS_SERVER=15050, RATIS_DATASTREAM=15051, STANDALONE=15047], networkLocation: /default-rack, certSerialId: null, persistedOpState: null, persistedOpStateExpiryEpochSec: 0}
2023-07-25 10:55:21,203 [EventQueue-NewNodeForNewNodeHandler] INFO  pipeline.BackgroundPipelineCreator (BackgroundPipelineCreator.java:notifyEventTriggered(277)) - trigger a one-shot run on RatisPipelineUtilsThread.
2023-07-25 10:55:21,204 [RatisPipelineUtilsThread - 0] INFO  pipeline.RatisPipelineProvider (RatisPipelineProvider.java:lambda$create$0(206)) - Sending CreatePipelineCommand for pipeline:PipelineID=5aa47c2c-eddc-4cf3-914f-0f6d2f82d3ca to datanode:87a8a85d-028f-41d9-845c-5fb83f876637
2023-07-25 10:55:21,205 [RatisPipelineUtilsThread - 0] INFO  pipeline.BackgroundPipelineCreator (BackgroundPipelineCreator.java:createPipelines(233)) - Created new pipeline Pipeline[ Id: 5aa47c2c-eddc-4cf3-914f-0f6d2f82d3ca, Nodes: 87a8a85d-028f-41d9-845c-5fb83f876637(fv-az82-323/10.1.0.57), ReplicationConfig: RATIS/ONE, State:ALLOCATED, leaderId:, CreationTimestamp2023-07-25T10:55:21.204Z[Etc/UTC]]
2023-07-25 10:55:21,206 [RatisPipelineUtilsThread - 0] WARN  pipeline.PipelinePlacementPolicy (PipelinePlacementPolicy.java:filterViableNodes(166)) - Pipeline creation failed due to no sufficient healthy datanodes. Required 3. Found 2. Excluded 3.
2023-07-25 10:55:22,188 [main] INFO  ozone.MiniOzoneClusterImpl (MiniOzoneClusterImpl.java:lambda$waitForClusterToBeReady$0(224)) - Nodes are ready. Got 5 of 5 DN Heartbeats.
2023-07-25 10:55:22,188 [main] INFO  ozone.MiniOzoneClusterImpl (MiniOzoneClusterImpl.java:lambda$waitForClusterToBeReady$0(227)) - Waiting for cluster to exit safe mode
2023-07-25 10:55:22,188 [main] INFO  ozone.MiniOzoneClusterImpl (MiniOzoneClusterImpl.java:lambda$waitForClusterToBeReady$0(229)) - SCM became leader
2023-07-25 10:55:22,318 [PipelineCommandHandlerThread-0] INFO  server.RaftServer (RaftServerProxy.java:addNew(98)) - d61495e8-faf1-4655-91e1-42a45bad4237: addNew group-FD8EF7AD9A98:[d61495e8-faf1-4655-91e1-42a45bad4237|rpc:10.1.0.57:15014|admin:10.1.0.57:15013|client:10.1.0.57:15012|dataStream:10.1.0.57:15015|priority:1|startupRole:FOLLOWER] returns group-FD8EF7AD9A98:java.util.concurrent.CompletableFuture@21110787[Not completed]
2023-07-25 10:55:22,338 [d61495e8-faf1-4655-91e1-42a45bad4237-groupManagement] INFO  server.RaftServer$Division (RaftServerImpl.java:<init>(198)) - d61495e8-faf1-4655-91e1-42a45bad4237: new RaftServerImpl for group-FD8EF7AD9A98:[d61495e8-faf1-4655-91e1-42a45bad4237|rpc:10.1.0.57:15014|admin:10.1.0.57:15013|client:10.1.0.57:15012|dataStream:10.1.0.57:15015|priority:1|startupRole:FOLLOWER] with ContainerStateMachine:uninitialized
2023-07-25 10:55:22,338 [d61495e8-faf1-4655-91e1-42a45bad4237-groupManagement] INFO  server.RaftServerConfigKeys (ConfUtils.java:logGet(46)) - raft.server.rpc.timeout.min = 5s (custom)
2023-07-25 10:55:22,338 [d61495e8-faf1-4655-91e1-42a45bad4237-groupManagement] INFO  server.RaftServerConfigKeys (ConfUtils.java:logGet(46)) - raft.server.rpc.timeout.max = 5200ms (custom)
2023-07-25 10:55:22,338 [d61495e8-faf1-4655-91e1-42a45bad4237-groupManagement] INFO  server.RaftServerConfigKeys (ConfUtils.java:logGet(46)) - raft.server.rpc.sleep.time = 25ms (default)
2023-07-25 10:55:22,339 [d61495e8-faf1-4655-91e1-42a45bad4237-groupManagement] INFO  server.RaftServerConfigKeys (ConfUtils.java:logGet(46)) - raft.server.rpc.slowness.timeout = 300s (custom)
2023-07-25 10:55:22,339 [d61495e8-faf1-4655-91e1-42a45bad4237-groupManagement] INFO  server.RaftServerConfigKeys (ConfUtils.java:logGet(46)) - raft.server.leaderelection.leader.step-down.wait-time = 10s (default)
2023-07-25 10:55:22,339 [d61495e8-faf1-4655-91e1-42a45bad4237-groupManagement] INFO  server.RaftServerConfigKeys (ConfUtils.java:logGet(46)) - raft.server.sleep.deviation.threshold = 300ms (default)
2023-07-25 10:55:22,339 [d61495e8-faf1-4655-91e1-42a45bad4237-groupManagement] INFO  server.RaftServer$Division (ServerState.java:<init>(120)) - d61495e8-faf1-4655-91e1-42a45bad4237@group-FD8EF7AD9A98: ConfigurationManager, init=-1: peers:[d61495e8-faf1-4655-91e1-42a45bad4237|rpc:10.1.0.57:15014|admin:10.1.0.57:15013|client:10.1.0.57:15012|dataStream:10.1.0.57:15015|priority:1|startupRole:FOLLOWER]|listeners:[], old=null, confs=<EMPTY_MAP>
2023-07-25 10:55:22,339 [d61495e8-faf1-4655-91e1-42a45bad4237-groupManagement] INFO  server.RaftServerConfigKeys (ConfUtils.java:logGet(46)) - raft.server.storage.dir = [/home/runner/work/ozone/ozone/hadoop-ozone/integration-test/target/test-dir/MiniOzoneClusterImpl-71add7ef-0b93-4dd0-b3e1-91a97b11c72d/datanode-0/data/ratis] (custom)
2023-07-25 10:55:22,339 [d61495e8-faf1-4655-91e1-42a45bad4237-groupManagement] INFO  server.RaftServerConfigKeys (ConfUtils.java:logGet(46)) - raft.server.log.corruption.policy = EXCEPTION (default)
2023-07-25 10:55:22,340 [d61495e8-faf1-4655-91e1-42a45bad4237-groupManagement] INFO  server.RaftServerConfigKeys (ConfUtils.java:logGet(46)) - raft.server.storage.free-space.min = 0MB (=0) (default)
2023-07-25 10:55:22,340 [d61495e8-faf1-4655-91e1-42a45bad4237-groupManagement] INFO  server.RaftServerConfigKeys (ConfUtils.java:logGet(46)) - raft.server.notification.no-leader.timeout = 300s (custom)
2023-07-25 10:55:22,340 [d61495e8-faf1-4655-91e1-42a45bad4237-groupManagement] INFO  server.RaftServerConfigKeys (ConfUtils.java:logGet(46)) - raft.server.read.timeout = 10s (default)
2023-07-25 10:55:22,340 [d61495e8-faf1-4655-91e1-42a45bad4237-groupManagement] INFO  server.RaftServerConfigKeys (ConfUtils.java:logGet(46)) - raft.server.retrycache.expirytime = 600000ms (custom)
2023-07-25 10:55:22,340 [d61495e8-faf1-4655-91e1-42a45bad4237-groupManagement] INFO  server.RaftServerConfigKeys (ConfUtils.java:logGet(46)) - raft.server.retrycache.statistics.expirytime = 100μs (default)
2023-07-25 10:55:22,340 [d61495e8-faf1-4655-91e1-42a45bad4237-groupManagement] INFO  server.RaftServerConfigKeys (ConfUtils.java:logGet(46)) - raft.server.read.option = DEFAULT (default)
2023-07-25 10:55:22,344 [d61495e8-faf1-4655-91e1-42a45bad4237-groupManagement] INFO  server.RaftServerConfigKeys (ConfUtils.java:logGet(46)) - raft.server.rpc.request.timeout = 60s (custom)
2023-07-25 10:55:22,344 [d61495e8-faf1-4655-91e1-42a45bad4237-groupManagement] INFO  server.RaftServerConfigKeys (ConfUtils.java:logGet(46)) - raft.server.log.appender.install.snapshot.enabled = false (custom)
2023-07-25 10:55:22,344 [d61495e8-faf1-4655-91e1-42a45bad4237-groupManagement] INFO  server.RaftServerConfigKeys (ConfUtils.java:logGet(46)) - raft.server.threadpool.server.cached = true (default)
2023-07-25 10:55:22,346 [d61495e8-faf1-4655-91e1-42a45bad4237-groupManagement] INFO  server.RaftServerConfigKeys (ConfUtils.java:logGet(46)) - raft.server.threadpool.server.size = 0 (default)
2023-07-25 10:55:22,347 [d61495e8-faf1-4655-91e1-42a45bad4237-groupManagement] INFO  server.RaftServerConfigKeys (ConfUtils.java:logGet(46)) - raft.server.threadpool.client.cached = true (default)
2023-07-25 10:55:22,347 [d61495e8-faf1-4655-91e1-42a45bad4237-groupManagement] INFO  server.RaftServerConfigKeys (ConfUtils.java:logGet(46)) - raft.server.threadpool.client.size = 0 (default)
2023-07-25 10:55:22,352 [d61495e8-faf1-4655-91e1-42a45bad4237-groupManagement] INFO  storage.RaftStorageDirectory (RaftStorageDirectoryImpl.java:analyzeStorage(137)) - The storage directory /home/runner/work/ozone/ozone/hadoop-ozone/integration-test/target/test-dir/MiniOzoneClusterImpl-71add7ef-0b93-4dd0-b3e1-91a97b11c72d/datanode-0/data/ratis/b62af638-e18a-4218-ab65-fd8ef7ad9a98 does not exist. Creating ...
2023-07-25 10:55:22,355 [d61495e8-faf1-4655-91e1-42a45bad4237-groupManagement] INFO  storage.RaftStorageDirectory (RaftStorageDirectoryImpl.java:tryLock(231)) - Lock on /home/runner/work/ozone/ozone/hadoop-ozone/integration-test/target/test-dir/MiniOzoneClusterImpl-71add7ef-0b93-4dd0-b3e1-91a97b11c72d/datanode-0/data/ratis/b62af638-e18a-4218-ab65-fd8ef7ad9a98/in_use.lock acquired by nodename 12703@fv-az82-323
2023-07-25 10:55:22,359 [d61495e8-faf1-4655-91e1-42a45bad4237-groupManagement] INFO  storage.RaftStorage (RaftStorageImpl.java:format(96)) - Storage directory /home/runner/work/ozone/ozone/hadoop-ozone/integration-test/target/test-dir/MiniOzoneClusterImpl-71add7ef-0b93-4dd0-b3e1-91a97b11c72d/datanode-0/data/ratis/b62af638-e18a-4218-ab65-fd8ef7ad9a98 has been successfully formatted.
2023-07-25 10:55:22,369 [d61495e8-faf1-4655-91e1-42a45bad4237-groupManagement] INFO  ratis.ContainerStateMachine (ContainerStateMachine.java:loadSnapshot(262)) - group-FD8EF7AD9A98: The snapshot info is null. Setting the last applied indexto:(t:0, i:~)
2023-07-25 10:55:22,369 [d61495e8-faf1-4655-91e1-42a45bad4237-groupManagement] INFO  server.RaftServerConfigKeys (ConfUtils.java:logGet(46)) - raft.server.log.use.memory = false (default)
2023-07-25 10:55:22,369 [d61495e8-faf1-4655-91e1-42a45bad4237-groupManagement] INFO  server.RaftServerConfigKeys (ConfUtils.java:logGet(46)) - raft.server.log.purge.gap = 1000000 (custom)
2023-07-25 10:55:22,369 [d61495e8-faf1-4655-91e1-42a45bad4237-groupManagement] INFO  server.RaftServerConfigKeys (ConfUtils.java:logGet(46)) - raft.server.log.appender.buffer.byte-limit = 33554432 (custom)
2023-07-25 10:55:22,369 [d61495e8-faf1-4655-91e1-42a45bad4237-groupManagement] INFO  server.RaftServerConfigKeys (ConfUtils.java:logGet(46)) - raft.server.log.statemachine.data.read.timeout = 1000ms (default)
2023-07-25 10:55:22,369 [d61495e8-faf1-4655-91e1-42a45bad4237-groupManagement] INFO  server.RaftServerConfigKeys (ConfUtils.java:logGet(46)) - raft.server.log.purge.preservation.log.num = 0 (default)
2023-07-25 10:55:22,370 [d61495e8-faf1-4655-91e1-42a45bad4237-groupManagement] INFO  server.RaftServerConfigKeys (ConfUtils.java:logGet(46)) - raft.server.log.segment.size.max = 1048576 (custom)
2023-07-25 10:55:22,371 [d61495e8-faf1-4655-91e1-42a45bad4237-groupManagement] INFO  server.RaftServerConfigKeys (ConfUtils.java:logGet(46)) - raft.server.log.segment.cache.num.max = 2 (custom)
2023-07-25 10:55:22,371 [d61495e8-faf1-4655-91e1-42a45bad4237-groupManagement] INFO  server.RaftServerConfigKeys (ConfUtils.java:logGet(46)) - raft.server.log.segment.cache.size.max = 200MB (=209715200) (default)
2023-07-25 10:55:22,371 [d61495e8-faf1-4655-91e1-42a45bad4237-groupManagement] INFO  server.RaftServerConfigKeys (ConfUtils.java:logGet(46)) - raft.server.log.appender.buffer.byte-limit = 33554432 (custom)
2023-07-25 10:55:22,371 [d61495e8-faf1-4655-91e1-42a45bad4237-groupManagement] INFO  segmented.SegmentedRaftLogWorker (SegmentedRaftLogWorker.java:<init>(188)) - new d61495e8-faf1-4655-91e1-42a45bad4237@group-FD8EF7AD9A98-SegmentedRaftLogWorker for RaftStorageImpl:Storage Directory /home/runner/work/ozone/ozone/hadoop-ozone/integration-test/target/test-dir/MiniOzoneClusterImpl-71add7ef-0b93-4dd0-b3e1-91a97b11c72d/datanode-0/data/ratis/b62af638-e18a-4218-ab65-fd8ef7ad9a98
2023-07-25 10:55:22,371 [d61495e8-faf1-4655-91e1-42a45bad4237-groupManagement] INFO  server.RaftServerConfigKeys (ConfUtils.java:logGet(46)) - raft.server.log.queue.byte-limit = 4294967296 (custom)
2023-07-25 10:55:22,371 [d61495e8-faf1-4655-91e1-42a45bad4237-groupManagement] INFO  server.RaftServerConfigKeys (ConfUtils.java:logGet(46)) - raft.server.log.queue.element-limit = 1024 (custom)
2023-07-25 10:55:22,371 [d61495e8-faf1-4655-91e1-42a45bad4237-groupManagement] INFO  server.RaftServerConfigKeys (ConfUtils.java:logGet(46)) - raft.server.log.segment.size.max = 1048576 (custom)
2023-07-25 10:55:22,372 [d61495e8-faf1-4655-91e1-42a45bad4237-groupManagement] INFO  server.RaftServerConfigKeys (ConfUtils.java:logGet(46)) - raft.server.log.preallocated.size = 16384 (custom)
2023-07-25 10:55:22,372 [d61495e8-faf1-4655-91e1-42a45bad4237-groupManagement] INFO  server.RaftServerConfigKeys (ConfUtils.java:logGet(46)) - raft.server.log.force.sync.num = 128 (default)
2023-07-25 10:55:22,372 [d61495e8-faf1-4655-91e1-42a45bad4237-groupManagement] INFO  server.RaftServerConfigKeys (ConfUtils.java:logGet(46)) - raft.server.log.statemachine.data.sync = true (default)
2023-07-25 10:55:22,372 [d61495e8-faf1-4655-91e1-42a45bad4237-groupManagement] INFO  server.RaftServerConfigKeys (ConfUtils.java:logGet(46)) - raft.server.log.statemachine.data.sync.timeout = 10s (default)
2023-07-25 10:55:22,372 [d61495e8-faf1-4655-91e1-42a45bad4237-groupManagement] INFO  server.RaftServerConfigKeys (ConfUtils.java:logGet(46)) - raft.server.log.statemachine.data.sync.timeout.retry = -1 (default)
2023-07-25 10:55:22,375 [d61495e8-faf1-4655-91e1-42a45bad4237-groupManagement] INFO  server.RaftServerConfigKeys (ConfUtils.java:logGet(46)) - raft.server.log.write.buffer.size = 1048576 (custom)
2023-07-25 10:55:22,375 [d61495e8-faf1-4655-91e1-42a45bad4237-groupManagement] INFO  server.RaftServerConfigKeys (ConfUtils.java:logGet(46)) - raft.server.log.appender.buffer.byte-limit = 33554432 (custom)
2023-07-25 10:55:22,382 [d61495e8-faf1-4655-91e1-42a45bad4237-groupManagement] INFO  server.RaftServerConfigKeys (ConfUtils.java:logGet(46)) - raft.server.log.unsafe-flush.enabled = false (default)
2023-07-25 10:55:22,382 [d61495e8-faf1-4655-91e1-42a45bad4237-groupManagement] INFO  server.RaftServerConfigKeys (ConfUtils.java:logGet(46)) - raft.server.log.async-flush.enabled = false (default)
2023-07-25 10:55:22,382 [d61495e8-faf1-4655-91e1-42a45bad4237-groupManagement] INFO  server.RaftServerConfigKeys (ConfUtils.java:logGet(46)) - raft.server.log.statemachine.data.caching.enabled = true (custom)
2023-07-25 10:55:22,382 [d61495e8-faf1-4655-91e1-42a45bad4237-groupManagement] INFO  segmented.SegmentedRaftLogWorker (SegmentedRaftLogWorker.java:lambda$new$0(135)) - d61495e8-faf1-4655-91e1-42a45bad4237@group-FD8EF7AD9A98-SegmentedRaftLogWorker: flushIndex: setUnconditionally 0 -> -1
2023-07-25 10:55:22,382 [d61495e8-faf1-4655-91e1-42a45bad4237-groupManagement] INFO  segmented.SegmentedRaftLogWorker (SegmentedRaftLogWorker.java:lambda$new$0(135)) - d61495e8-faf1-4655-91e1-42a45bad4237@group-FD8EF7AD9A98-SegmentedRaftLogWorker: safeCacheEvictIndex: setUnconditionally 0 -> -1
2023-07-25 10:55:22,383 [d61495e8-faf1-4655-91e1-42a45bad4237-groupManagement] INFO  server.RaftServer$Division (RaftServerImpl.java:start(342)) - d61495e8-faf1-4655-91e1-42a45bad4237@group-FD8EF7AD9A98: start as a follower, conf=-1: peers:[d61495e8-faf1-4655-91e1-42a45bad4237|rpc:10.1.0.57:15014|admin:10.1.0.57:15013|client:10.1.0.57:15012|dataStream:10.1.0.57:15015|priority:1|startupRole:FOLLOWER]|listeners:[], old=null
2023-07-25 10:55:22,383 [d61495e8-faf1-4655-91e1-42a45bad4237-groupManagement] INFO  server.RaftServer$Division (RaftServerImpl.java:setRole(329)) - d61495e8-faf1-4655-91e1-42a45bad4237@group-FD8EF7AD9A98: changes role from      null to FOLLOWER at term 0 for startAsFollower
2023-07-25 10:55:22,383 [d61495e8-faf1-4655-91e1-42a45bad4237-groupManagement] INFO  impl.RoleInfo (RoleInfo.java:updateAndGet(139)) - d61495e8-faf1-4655-91e1-42a45bad4237: start d61495e8-faf1-4655-91e1-42a45bad4237@group-FD8EF7AD9A98-FollowerState
2023-07-25 10:55:22,383 [d61495e8-faf1-4655-91e1-42a45bad4237-groupManagement] INFO  util.JmxRegister (JmxRegister.java:tryRegister(44)) - Successfully registered JMX Bean with object name Ratis:service=RaftServer,group=group-FD8EF7AD9A98,id=d61495e8-faf1-4655-91e1-42a45bad4237
2023-07-25 10:55:22,383 [d61495e8-faf1-4655-91e1-42a45bad4237-groupManagement] INFO  server.RaftServerConfigKeys (ConfUtils.java:logGet(46)) - raft.server.snapshot.auto.trigger.enabled = true (custom)
2023-07-25 10:55:22,384 [d61495e8-faf1-4655-91e1-42a45bad4237-groupManagement] INFO  server.RaftServerConfigKeys (ConfUtils.java:logGet(46)) - raft.server.snapshot.auto.trigger.threshold = 10000 (custom)
2023-07-25 10:55:22,384 [d61495e8-faf1-4655-91e1-42a45bad4237-groupManagement] INFO  server.RaftServerConfigKeys (ConfUtils.java:logGet(46)) - raft.server.snapshot.retention.file.num = 5 (custom)
2023-07-25 10:55:22,384 [d61495e8-faf1-4655-91e1-42a45bad4237-groupManagement] INFO  server.RaftServerConfigKeys (ConfUtils.java:logGet(46)) - raft.server.log.purge.upto.snapshot.index = false (default)
2023-07-25 10:55:22,385 [d61495e8-faf1-4655-91e1-42a45bad4237@group-FD8EF7AD9A98-FollowerState] INFO  server.RaftServerConfigKeys (ConfUtils.java:logFallback(53)) - raft.server.rpc.first-election.timeout.min = 5s (fallback to raft.server.rpc.timeout.min)
2023-07-25 10:55:22,385 [d61495e8-faf1-4655-91e1-42a45bad4237@group-FD8EF7AD9A98-FollowerState] INFO  server.RaftServerConfigKeys (ConfUtils.java:logFallback(53)) - raft.server.rpc.first-election.timeout.max = 5200ms (fallback to raft.server.rpc.timeout.max)
2023-07-25 10:55:22,400 [PipelineCommandHandlerThread-0] INFO  ratis.XceiverServerRatis (XceiverServerRatis.java:addGroup(804)) - Created group PipelineID=b62af638-e18a-4218-ab65-fd8ef7ad9a98
2023-07-25 10:55:22,401 [PipelineCommandHandlerThread-0] INFO  commandhandler.CreatePipelineCommandHandler (CreatePipelineCommandHandler.java:lambda$handle$2(124)) - Created Pipeline RATIS ONE PipelineID=b62af638-e18a-4218-ab65-fd8ef7ad9a98.
2023-07-25 10:55:22,401 [PipelineCommandHandlerThread-0] INFO  server.RaftServer (RaftServerProxy.java:addNew(98)) - d61495e8-faf1-4655-91e1-42a45bad4237: addNew group-E6E162410C5D:[a4e02de4-0a57-448c-8e91-91a041d5e72b|rpc:10.1.0.57:15023|admin:10.1.0.57:15022|client:10.1.0.57:15021|dataStream:10.1.0.57:15024|priority:1|startupRole:FOLLOWER, 558084a2-61c9-4ed7-bb35-b0adeee70698|rpc:10.1.0.57:15032|admin:10.1.0.57:15031|client:10.1.0.57:15030|dataStream:10.1.0.57:15033|priority:0|startupRole:FOLLOWER, d61495e8-faf1-4655-91e1-42a45bad4237|rpc:10.1.0.57:15014|admin:10.1.0.57:15013|client:10.1.0.57:15012|dataStream:10.1.0.57:15015|priority:0|startupRole:FOLLOWER] returns group-E6E162410C5D:java.util.concurrent.CompletableFuture@bf29b19[Not completed]
2023-07-25 10:55:22,404 [d61495e8-faf1-4655-91e1-42a45bad4237-groupManagement] INFO  server.RaftServer$Division (RaftServerImpl.java:<init>(198)) - d61495e8-faf1-4655-91e1-42a45bad4237: new RaftServerImpl for group-E6E162410C5D:[a4e02de4-0a57-448c-8e91-91a041d5e72b|rpc:10.1.0.57:15023|admin:10.1.0.57:15022|client:10.1.0.57:15021|dataStream:10.1.0.57:15024|priority:1|startupRole:FOLLOWER, 558084a2-61c9-4ed7-bb35-b0adeee70698|rpc:10.1.0.57:15032|admin:10.1.0.57:15031|client:10.1.0.57:15030|dataStream:10.1.0.57:15033|priority:0|startupRole:FOLLOWER, d61495e8-faf1-4655-91e1-42a45bad4237|rpc:10.1.0.57:15014|admin:10.1.0.57:15013|client:10.1.0.57:15012|dataStream:10.1.0.57:15015|priority:0|startupRole:FOLLOWER] with ContainerStateMachine:uninitialized
2023-07-25 10:55:22,405 [d61495e8-faf1-4655-91e1-42a45bad4237-groupManagement] INFO  server.RaftServerConfigKeys (ConfUtils.java:logGet(46)) - raft.server.rpc.timeout.min = 5s (custom)
2023-07-25 10:55:22,405 [d61495e8-faf1-4655-91e1-42a45bad4237-groupManagement] INFO  server.RaftServerConfigKeys (ConfUtils.java:logGet(46)) - raft.server.rpc.timeout.max = 5200ms (custom)
2023-07-25 10:55:22,405 [d61495e8-faf1-4655-91e1-42a45bad4237-groupManagement] INFO  server.RaftServerConfigKeys (ConfUtils.java:logGet(46)) - raft.server.rpc.sleep.time = 25ms (default)
2023-07-25 10:55:22,406 [d61495e8-faf1-4655-91e1-42a45bad4237-groupManagement] INFO  server.RaftServerConfigKeys (ConfUtils.java:logGet(46)) - raft.server.rpc.slowness.timeout = 300s (custom)
2023-07-25 10:55:22,406 [d61495e8-faf1-4655-91e1-42a45bad4237-groupManagement] INFO  server.RaftServerConfigKeys (ConfUtils.java:logGet(46)) - raft.server.leaderelection.leader.step-down.wait-time = 10s (default)
2023-07-25 10:55:22,406 [d61495e8-faf1-4655-91e1-42a45bad4237-groupManagement] INFO  server.RaftServerConfigKeys (ConfUtils.java:logGet(46)) - raft.server.sleep.deviation.threshold = 300ms (default)
2023-07-25 10:55:22,406 [d61495e8-faf1-4655-91e1-42a45bad4237-groupManagement] INFO  server.RaftServer$Division (ServerState.java:<init>(120)) - d61495e8-faf1-4655-91e1-42a45bad4237@group-E6E162410C5D: ConfigurationManager, init=-1: peers:[a4e02de4-0a57-448c-8e91-91a041d5e72b|rpc:10.1.0.57:15023|admin:10.1.0.57:15022|client:10.1.0.57:15021|dataStream:10.1.0.57:15024|priority:1|startupRole:FOLLOWER, 558084a2-61c9-4ed7-bb35-b0adeee70698|rpc:10.1.0.57:15032|admin:10.1.0.57:15031|client:10.1.0.57:15030|dataStream:10.1.0.57:15033|priority:0|startupRole:FOLLOWER, d61495e8-faf1-4655-91e1-42a45bad4237|rpc:10.1.0.57:15014|admin:10.1.0.57:15013|client:10.1.0.57:15012|dataStream:10.1.0.57:15015|priority:0|startupRole:FOLLOWER]|listeners:[], old=null, confs=<EMPTY_MAP>
2023-07-25 10:55:22,407 [d61495e8-faf1-4655-91e1-42a45bad4237-groupManagement] INFO  server.RaftServerConfigKeys (ConfUtils.java:logGet(46)) - raft.server.storage.dir = [/home/runner/work/ozone/ozone/hadoop-ozone/integration-test/target/test-dir/MiniOzoneClusterImpl-71add7ef-0b93-4dd0-b3e1-91a97b11c72d/datanode-0/data/ratis] (custom)
2023-07-25 10:55:22,407 [d61495e8-faf1-4655-91e1-42a45bad4237-groupManagement] INFO  server.RaftServerConfigKeys (ConfUtils.java:logGet(46)) - raft.server.log.corruption.policy = EXCEPTION (default)
2023-07-25 10:55:22,407 [d61495e8-faf1-4655-91e1-42a45bad4237-groupManagement] INFO  server.RaftServerConfigKeys (ConfUtils.java:logGet(46)) - raft.server.storage.free-space.min = 0MB (=0) (default)
2023-07-25 10:55:22,408 [d61495e8-faf1-4655-91e1-42a45bad4237-groupManagement] INFO  server.RaftServerConfigKeys (ConfUtils.java:logGet(46)) - raft.server.notification.no-leader.timeout = 300s (custom)
2023-07-25 10:55:22,408 [d61495e8-faf1-4655-91e1-42a45bad4237-groupManagement] INFO  server.RaftServerConfigKeys (ConfUtils.java:logGet(46)) - raft.server.read.timeout = 10s (default)
2023-07-25 10:55:22,409 [d61495e8-faf1-4655-91e1-42a45bad4237-groupManagement] INFO  server.RaftServerConfigKeys (ConfUtils.java:logGet(46)) - raft.server.retrycache.expirytime = 600000ms (custom)
2023-07-25 10:55:22,409 [d61495e8-faf1-4655-91e1-42a45bad4237-groupManagement] INFO  server.RaftServerConfigKeys (ConfUtils.java:logGet(46)) - raft.server.retrycache.statistics.expirytime = 100μs (default)
2023-07-25 10:55:22,409 [d61495e8-faf1-4655-91e1-42a45bad4237-groupManagement] INFO  server.RaftServerConfigKeys (ConfUtils.java:logGet(46)) - raft.server.read.option = DEFAULT (default)
2023-07-25 10:55:22,413 [EventQueue-PipelineReportForPipelineReportHandler] INFO  pipeline.PipelineReportHandler (PipelineReportHandler.java:processPipelineReport(136)) - Opened pipeline PipelineID=b62af638-e18a-4218-ab65-fd8ef7ad9a98
2023-07-25 10:55:22,417 [d61495e8-faf1-4655-91e1-42a45bad4237-groupManagement] INFO  server.RaftServerConfigKeys (ConfUtils.java:logGet(46)) - raft.server.rpc.request.timeout = 60s (custom)
2023-07-25 10:55:22,420 [d61495e8-faf1-4655-91e1-42a45bad4237-groupManagement] INFO  server.RaftServerConfigKeys (ConfUtils.java:logGet(46)) - raft.server.log.appender.install.snapshot.enabled = false (custom)
2023-07-25 10:55:22,420 [d61495e8-faf1-4655-91e1-42a45bad4237-groupManagement] INFO  server.RaftServerConfigKeys (ConfUtils.java:logGet(46)) - raft.server.threadpool.server.cached = true (default)
2023-07-25 10:55:22,420 [d61495e8-faf1-4655-91e1-42a45bad4237-groupManagement] INFO  server.RaftServerConfigKeys (ConfUtils.java:logGet(46)) - raft.server.threadpool.server.size = 0 (default)
2023-07-25 10:55:22,420 [d61495e8-faf1-4655-91e1-42a45bad4237-groupManagement] INFO  server.RaftServerConfigKeys (ConfUtils.java:logGet(46)) - raft.server.threadpool.client.cached = true (default)
2023-07-25 10:55:22,420 [d61495e8-faf1-4655-91e1-42a45bad4237-groupManagement] INFO  server.RaftServerConfigKeys (ConfUtils.java:logGet(46)) - raft.server.threadpool.client.size = 0 (default)
2023-07-25 10:55:22,420 [d61495e8-faf1-4655-91e1-42a45bad4237-groupManagement] INFO  storage.RaftStorageDirectory (RaftStorageDirectoryImpl.java:analyzeStorage(137)) - The storage directory /home/runner/work/ozone/ozone/hadoop-ozone/integration-test/target/test-dir/MiniOzoneClusterImpl-71add7ef-0b93-4dd0-b3e1-91a97b11c72d/datanode-0/data/ratis/d1b2a856-b23c-4622-9693-e6e162410c5d does not exist. Creating ...
2023-07-25 10:55:22,422 [d61495e8-faf1-4655-91e1-42a45bad4237-groupManagement] INFO  storage.RaftStorageDirectory (RaftStorageDirectoryImpl.java:tryLock(231)) - Lock on /home/runner/work/ozone/ozone/hadoop-ozone/integration-test/target/test-dir/MiniOzoneClusterImpl-71add7ef-0b93-4dd0-b3e1-91a97b11c72d/datanode-0/data/ratis/d1b2a856-b23c-4622-9693-e6e162410c5d/in_use.lock acquired by nodename 12703@fv-az82-323
2023-07-25 10:55:22,425 [d61495e8-faf1-4655-91e1-42a45bad4237-groupManagement] INFO  storage.RaftStorage (RaftStorageImpl.java:format(96)) - Storage directory /home/runner/work/ozone/ozone/hadoop-ozone/integration-test/target/test-dir/MiniOzoneClusterImpl-71add7ef-0b93-4dd0-b3e1-91a97b11c72d/datanode-0/data/ratis/d1b2a856-b23c-4622-9693-e6e162410c5d has been successfully formatted.
2023-07-25 10:55:22,425 [EventQueue-OpenPipelineForHealthyPipelineSafeModeRule] INFO  safemode.SCMSafeModeManager (HealthyPipelineSafeModeRule.java:process(137)) - SCM in safe mode. Healthy pipelines reported count is 0, required healthy pipeline reported count is 1
2023-07-25 10:55:22,426 [d61495e8-faf1-4655-91e1-42a45bad4237-groupManagement] INFO  ratis.ContainerStateMachine (ContainerStateMachine.java:loadSnapshot(262)) - group-E6E162410C5D: The snapshot info is null. Setting the last applied indexto:(t:0, i:~)
2023-07-25 10:55:22,426 [d61495e8-faf1-4655-91e1-42a45bad4237-groupManagement] INFO  server.RaftServerConfigKeys (ConfUtils.java:logGet(46)) - raft.server.log.use.memory = false (default)
2023-07-25 10:55:22,426 [d61495e8-faf1-4655-91e1-42a45bad4237-groupManagement] INFO  server.RaftServerConfigKeys (ConfUtils.java:logGet(46)) - raft.server.log.purge.gap = 1000000 (custom)
2023-07-25 10:55:22,426 [d61495e8-faf1-4655-91e1-42a45bad4237-groupManagement] INFO  server.RaftServerConfigKeys (ConfUtils.java:logGet(46)) - raft.server.log.appender.buffer.byte-limit = 33554432 (custom)
2023-07-25 10:55:22,426 [d61495e8-faf1-4655-91e1-42a45bad4237-groupManagement] INFO  server.RaftServerConfigKeys (ConfUtils.java:logGet(46)) - raft.server.log.statemachine.data.read.timeout = 1000ms (default)
2023-07-25 10:55:22,426 [d61495e8-faf1-4655-91e1-42a45bad4237-groupManagement] INFO  server.RaftServerConfigKeys (ConfUtils.java:logGet(46)) - raft.server.log.purge.preservation.log.num = 0 (default)
2023-07-25 10:55:22,426 [d61495e8-faf1-4655-91e1-42a45bad4237-groupManagement] INFO  server.RaftServerConfigKeys (ConfUtils.java:logGet(46)) - raft.server.log.segment.size.max = 1048576 (custom)
2023-07-25 10:55:22,429 [d61495e8-faf1-4655-91e1-42a45bad4237-groupManagement] INFO  server.RaftServerConfigKeys (ConfUtils.java:logGet(46)) - raft.server.log.segment.cache.num.max = 2 (custom)
2023-07-25 10:55:22,429 [d61495e8-faf1-4655-91e1-42a45bad4237-groupManagement] INFO  server.RaftServerConfigKeys (ConfUtils.java:logGet(46)) - raft.server.log.segment.cache.size.max = 200MB (=209715200) (default)
2023-07-25 10:55:22,429 [d61495e8-faf1-4655-91e1-42a45bad4237-groupManagement] INFO  server.RaftServerConfigKeys (ConfUtils.java:logGet(46)) - raft.server.log.appender.buffer.byte-limit = 33554432 (custom)
2023-07-25 10:55:22,429 [d61495e8-faf1-4655-91e1-42a45bad4237-groupManagement] INFO  segmented.SegmentedRaftLogWorker (SegmentedRaftLogWorker.java:<init>(188)) - new d61495e8-faf1-4655-91e1-42a45bad4237@group-E6E162410C5D-SegmentedRaftLogWorker for RaftStorageImpl:Storage Directory /home/runner/work/ozone/ozone/hadoop-ozone/integration-test/target/test-dir/MiniOzoneClusterImpl-71add7ef-0b93-4dd0-b3e1-91a97b11c72d/datanode-0/data/ratis/d1b2a856-b23c-4622-9693-e6e162410c5d
2023-07-25 10:55:22,429 [d61495e8-faf1-4655-91e1-42a45bad4237-groupManagement] INFO  server.RaftServerConfigKeys (ConfUtils.java:logGet(46)) - raft.server.log.queue.byte-limit = 4294967296 (custom)
2023-07-25 10:55:22,429 [d61495e8-faf1-4655-91e1-42a45bad4237-groupManagement] INFO  server.RaftServerConfigKeys (ConfUtils.java:logGet(46)) - raft.server.log.queue.element-limit = 1024 (custom)
2023-07-25 10:55:22,429 [d61495e8-faf1-4655-91e1-42a45bad4237-groupManagement] INFO  server.RaftServerConfigKeys (ConfUtils.java:logGet(46)) - raft.server.log.segment.size.max = 1048576 (custom)
2023-07-25 10:55:22,429 [d61495e8-faf1-4655-91e1-42a45bad4237-groupManagement] INFO  server.RaftServerConfigKeys (ConfUtils.java:logGet(46)) - raft.server.log.preallocated.size = 16384 (custom)
2023-07-25 10:55:22,430 [d61495e8-faf1-4655-91e1-42a45bad4237-groupManagement] INFO  server.RaftServerConfigKeys (ConfUtils.java:logGet(46)) - raft.server.log.force.sync.num = 128 (default)
2023-07-25 10:55:22,430 [d61495e8-faf1-4655-91e1-42a45bad4237-groupManagement] INFO  server.RaftServerConfigKeys (ConfUtils.java:logGet(46)) - raft.server.log.statemachine.data.sync = true (default)
2023-07-25 10:55:22,430 [EventQueue-OpenPipelineForHealthyPipelineSafeModeRule] INFO  safemode.SCMSafeModeManager (HealthyPipelineSafeModeRule.java:process(137)) - SCM in safe mode. Healthy pipelines reported count is 0, required healthy pipeline reported count is 1
2023-07-25 10:55:22,430 [d61495e8-faf1-4655-91e1-42a45bad4237-groupManagement] INFO  server.RaftServerConfigKeys (ConfUtils.java:logGet(46)) - raft.server.log.statemachine.data.sync.timeout = 10s (default)
2023-07-25 10:55:22,431 [d61495e8-faf1-4655-91e1-42a45bad4237-groupManagement] INFO  server.RaftServerConfigKeys (ConfUtils.java:logGet(46)) - raft.server.log.statemachine.data.sync.timeout.retry = -1 (default)
2023-07-25 10:55:22,435 [d61495e8-faf1-4655-91e1-42a45bad4237-groupManagement] INFO  server.RaftServerConfigKeys (ConfUtils.java:logGet(46)) - raft.server.log.write.buffer.size = 1048576 (custom)
2023-07-25 10:55:22,436 [d61495e8-faf1-4655-91e1-42a45bad4237-groupManagement] INFO  server.RaftServerConfigKeys (ConfUtils.java:logGet(46)) - raft.server.log.appender.buffer.byte-limit = 33554432 (custom)
2023-07-25 10:55:22,444 [d61495e8-faf1-4655-91e1-42a45bad4237-groupManagement] INFO  server.RaftServerConfigKeys (ConfUtils.java:logGet(46)) - raft.server.log.unsafe-flush.enabled = false (default)
2023-07-25 10:55:22,445 [d61495e8-faf1-4655-91e1-42a45bad4237-groupManagement] INFO  server.RaftServerConfigKeys (ConfUtils.java:logGet(46)) - raft.server.log.async-flush.enabled = false (default)
2023-07-25 10:55:22,445 [d61495e8-faf1-4655-91e1-42a45bad4237-groupManagement] INFO  server.RaftServerConfigKeys (ConfUtils.java:logGet(46)) - raft.server.log.statemachine.data.caching.enabled = true (custom)
2023-07-25 10:55:22,445 [d61495e8-faf1-4655-91e1-42a45bad4237-groupManagement] INFO  segmented.SegmentedRaftLogWorker (SegmentedRaftLogWorker.java:lambda$new$0(135)) - d61495e8-faf1-4655-91e1-42a45bad4237@group-E6E162410C5D-SegmentedRaftLogWorker: flushIndex: setUnconditionally 0 -> -1
2023-07-25 10:55:22,445 [d61495e8-faf1-4655-91e1-42a45bad4237-groupManagement] INFO  segmented.SegmentedRaftLogWorker (SegmentedRaftLogWorker.java:lambda$new$0(135)) - d61495e8-faf1-4655-91e1-42a45bad4237@group-E6E162410C5D-SegmentedRaftLogWorker: safeCacheEvictIndex: setUnconditionally 0 -> -1
2023-07-25 10:55:22,446 [d61495e8-faf1-4655-91e1-42a45bad4237-groupManagement] INFO  server.RaftServer$Division (RaftServerImpl.java:start(342)) - d61495e8-faf1-4655-91e1-42a45bad4237@group-E6E162410C5D: start as a follower, conf=-1: peers:[a4e02de4-0a57-448c-8e91-91a041d5e72b|rpc:10.1.0.57:15023|admin:10.1.0.57:15022|client:10.1.0.57:15021|dataStream:10.1.0.57:15024|priority:1|startupRole:FOLLOWER, 558084a2-61c9-4ed7-bb35-b0adeee70698|rpc:10.1.0.57:15032|admin:10.1.0.57:15031|client:10.1.0.57:15030|dataStream:10.1.0.57:15033|priority:0|startupRole:FOLLOWER, d61495e8-faf1-4655-91e1-42a45bad4237|rpc:10.1.0.57:15014|admin:10.1.0.57:15013|client:10.1.0.57:15012|dataStream:10.1.0.57:15015|priority:0|startupRole:FOLLOWER]|listeners:[], old=null
2023-07-25 10:55:22,446 [d61495e8-faf1-4655-91e1-42a45bad4237-groupManagement] INFO  server.RaftServer$Division (RaftServerImpl.java:setRole(329)) - d61495e8-faf1-4655-91e1-42a45bad4237@group-E6E162410C5D: changes role from      null to FOLLOWER at term 0 for startAsFollower
2023-07-25 10:55:22,446 [d61495e8-faf1-4655-91e1-42a45bad4237-groupManagement] INFO  impl.RoleInfo (RoleInfo.java:updateAndGet(139)) - d61495e8-faf1-4655-91e1-42a45bad4237: start d61495e8-faf1-4655-91e1-42a45bad4237@group-E6E162410C5D-FollowerState
2023-07-25 10:55:22,446 [d61495e8-faf1-4655-91e1-42a45bad4237-groupManagement] INFO  util.JmxRegister (JmxRegister.java:tryRegister(44)) - Successfully registered JMX Bean with object name Ratis:service=RaftServer,group=group-E6E162410C5D,id=d61495e8-faf1-4655-91e1-42a45bad4237
2023-07-25 10:55:22,446 [d61495e8-faf1-4655-91e1-42a45bad4237-groupManagement] INFO  server.RaftServerConfigKeys (ConfUtils.java:logGet(46)) - raft.server.snapshot.auto.trigger.enabled = true (custom)
2023-07-25 10:55:22,447 [d61495e8-faf1-4655-91e1-42a45bad4237-groupManagement] INFO  server.RaftServerConfigKeys (ConfUtils.java:logGet(46)) - raft.server.snapshot.auto.trigger.threshold = 10000 (custom)
2023-07-25 10:55:22,447 [d61495e8-faf1-4655-91e1-42a45bad4237-groupManagement] INFO  server.RaftServerConfigKeys (ConfUtils.java:logGet(46)) - raft.server.snapshot.retention.file.num = 5 (custom)
2023-07-25 10:55:22,447 [d61495e8-faf1-4655-91e1-42a45bad4237-groupManagement] INFO  server.RaftServerConfigKeys (ConfUtils.java:logGet(46)) - raft.server.log.purge.upto.snapshot.index = false (default)
2023-07-25 10:55:22,448 [d61495e8-faf1-4655-91e1-42a45bad4237@group-E6E162410C5D-FollowerState] INFO  server.RaftServerConfigKeys (ConfUtils.java:logFallback(53)) - raft.server.rpc.first-election.timeout.min = 5s (fallback to raft.server.rpc.timeout.min)
2023-07-25 10:55:22,448 [PipelineCommandHandlerThread-0] INFO  ratis.XceiverServerRatis (XceiverServerRatis.java:addGroup(804)) - Created group PipelineID=d1b2a856-b23c-4622-9693-e6e162410c5d
2023-07-25 10:55:22,457 [d61495e8-faf1-4655-91e1-42a45bad4237@group-E6E162410C5D-FollowerState] INFO  server.RaftServerConfigKeys (ConfUtils.java:logFallback(53)) - raft.server.rpc.first-election.timeout.max = 5200ms (fallback to raft.server.rpc.timeout.max)
2023-07-25 10:55:22,907 [PipelineCommandHandlerThread-0] INFO  server.RaftServer (RaftServerProxy.java:addNew(98)) - a4e02de4-0a57-448c-8e91-91a041d5e72b: addNew group-E3748F8D343D:[a4e02de4-0a57-448c-8e91-91a041d5e72b|rpc:10.1.0.57:15023|admin:10.1.0.57:15022|client:10.1.0.57:15021|dataStream:10.1.0.57:15024|priority:1|startupRole:FOLLOWER] returns group-E3748F8D343D:java.util.concurrent.CompletableFuture@3fc0f534[Not completed]
2023-07-25 10:55:22,912 [a4e02de4-0a57-448c-8e91-91a041d5e72b-groupManagement] INFO  server.RaftServer$Division (RaftServerImpl.java:<init>(198)) - a4e02de4-0a57-448c-8e91-91a041d5e72b: new RaftServerImpl for group-E3748F8D343D:[a4e02de4-0a57-448c-8e91-91a041d5e72b|rpc:10.1.0.57:15023|admin:10.1.0.57:15022|client:10.1.0.57:15021|dataStream:10.1.0.57:15024|priority:1|startupRole:FOLLOWER] with ContainerStateMachine:uninitialized
2023-07-25 10:55:22,912 [a4e02de4-0a57-448c-8e91-91a041d5e72b-groupManagement] INFO  server.RaftServerConfigKeys (ConfUtils.java:logGet(46)) - raft.server.rpc.timeout.min = 5s (custom)
2023-07-25 10:55:22,912 [a4e02de4-0a57-448c-8e91-91a041d5e72b-groupManagement] INFO  server.RaftServerConfigKeys (ConfUtils.java:logGet(46)) - raft.server.rpc.timeout.max = 5200ms (custom)
2023-07-25 10:55:22,913 [a4e02de4-0a57-448c-8e91-91a041d5e72b-groupManagement] INFO  server.RaftServerConfigKeys (ConfUtils.java:logGet(46)) - raft.server.rpc.sleep.time = 25ms (default)
2023-07-25 10:55:22,913 [a4e02de4-0a57-448c-8e91-91a041d5e72b-groupManagement] INFO  server.RaftServerConfigKeys (ConfUtils.java:logGet(46)) - raft.server.rpc.slowness.timeout = 300s (custom)
2023-07-25 10:55:22,913 [a4e02de4-0a57-448c-8e91-91a041d5e72b-groupManagement] INFO  server.RaftServerConfigKeys (ConfUtils.java:logGet(46)) - raft.server.leaderelection.leader.step-down.wait-time = 10s (default)
2023-07-25 10:55:22,913 [a4e02de4-0a57-448c-8e91-91a041d5e72b-groupManagement] INFO  server.RaftServerConfigKeys (ConfUtils.java:logGet(46)) - raft.server.sleep.deviation.threshold = 300ms (default)
2023-07-25 10:55:22,913 [a4e02de4-0a57-448c-8e91-91a041d5e72b-groupManagement] INFO  server.RaftServer$Division (ServerState.java:<init>(120)) - a4e02de4-0a57-448c-8e91-91a041d5e72b@group-E3748F8D343D: ConfigurationManager, init=-1: peers:[a4e02de4-0a57-448c-8e91-91a041d5e72b|rpc:10.1.0.57:15023|admin:10.1.0.57:15022|client:10.1.0.57:15021|dataStream:10.1.0.57:15024|priority:1|startupRole:FOLLOWER]|listeners:[], old=null, confs=<EMPTY_MAP>
2023-07-25 10:55:22,913 [a4e02de4-0a57-448c-8e91-91a041d5e72b-groupManagement] INFO  server.RaftServerConfigKeys (ConfUtils.java:logGet(46)) - raft.server.storage.dir = [/home/runner/work/ozone/ozone/hadoop-ozone/integration-test/target/test-dir/MiniOzoneClusterImpl-71add7ef-0b93-4dd0-b3e1-91a97b11c72d/datanode-1/data/ratis] (custom)
2023-07-25 10:55:22,913 [a4e02de4-0a57-448c-8e91-91a041d5e72b-groupManagement] INFO  server.RaftServerConfigKeys (ConfUtils.java:logGet(46)) - raft.server.log.corruption.policy = EXCEPTION (default)
2023-07-25 10:55:22,914 [a4e02de4-0a57-448c-8e91-91a041d5e72b-groupManagement] INFO  server.RaftServerConfigKeys (ConfUtils.java:logGet(46)) - raft.server.storage.free-space.min = 0MB (=0) (default)
2023-07-25 10:55:22,914 [a4e02de4-0a57-448c-8e91-91a041d5e72b-groupManagement] INFO  server.RaftServerConfigKeys (ConfUtils.java:logGet(46)) - raft.server.notification.no-leader.timeout = 300s (custom)
2023-07-25 10:55:22,914 [a4e02de4-0a57-448c-8e91-91a041d5e72b-groupManagement] INFO  server.RaftServerConfigKeys (ConfUtils.java:logGet(46)) - raft.server.read.timeout = 10s (default)
2023-07-25 10:55:22,914 [a4e02de4-0a57-448c-8e91-91a041d5e72b-groupManagement] INFO  server.RaftServerConfigKeys (ConfUtils.java:logGet(46)) - raft.server.retrycache.expirytime = 600000ms (custom)
2023-07-25 10:55:22,914 [a4e02de4-0a57-448c-8e91-91a041d5e72b-groupManagement] INFO  server.RaftServerConfigKeys (ConfUtils.java:logGet(46)) - raft.server.retrycache.statistics.expirytime = 100μs (default)
2023-07-25 10:55:22,914 [a4e02de4-0a57-448c-8e91-91a041d5e72b-groupManagement] INFO  server.RaftServerConfigKeys (ConfUtils.java:logGet(46)) - raft.server.read.option = DEFAULT (default)
2023-07-25 10:55:22,929 [a4e02de4-0a57-448c-8e91-91a041d5e72b-groupManagement] INFO  server.RaftServerConfigKeys (ConfUtils.java:logGet(46)) - raft.server.rpc.request.timeout = 60s (custom)
2023-07-25 10:55:22,929 [a4e02de4-0a57-448c-8e91-91a041d5e72b-groupManagement] INFO  server.RaftServerConfigKeys (ConfUtils.java:logGet(46)) - raft.server.log.appender.install.snapshot.enabled = false (custom)
2023-07-25 10:55:22,929 [a4e02de4-0a57-448c-8e91-91a041d5e72b-groupManagement] INFO  server.RaftServerConfigKeys (ConfUtils.java:logGet(46)) - raft.server.threadpool.server.cached = true (default)
2023-07-25 10:55:22,929 [a4e02de4-0a57-448c-8e91-91a041d5e72b-groupManagement] INFO  server.RaftServerConfigKeys (ConfUtils.java:logGet(46)) - raft.server.threadpool.server.size = 0 (default)
2023-07-25 10:55:22,931 [a4e02de4-0a57-448c-8e91-91a041d5e72b-groupManagement] INFO  server.RaftServerConfigKeys (ConfUtils.java:logGet(46)) - raft.server.threadpool.client.cached = true (default)
2023-07-25 10:55:22,931 [a4e02de4-0a57-448c-8e91-91a041d5e72b-groupManagement] INFO  server.RaftServerConfigKeys (ConfUtils.java:logGet(46)) - raft.server.threadpool.client.size = 0 (default)
2023-07-25 10:55:22,931 [a4e02de4-0a57-448c-8e91-91a041d5e72b-groupManagement] INFO  storage.RaftStorageDirectory (RaftStorageDirectoryImpl.java:analyzeStorage(137)) - The storage directory /home/runner/work/ozone/ozone/hadoop-ozone/integration-test/target/test-dir/MiniOzoneClusterImpl-71add7ef-0b93-4dd0-b3e1-91a97b11c72d/datanode-1/data/ratis/dff6f4f0-ed1d-4fe7-8776-e3748f8d343d does not exist. Creating ...
2023-07-25 10:55:22,934 [a4e02de4-0a57-448c-8e91-91a041d5e72b-groupManagement] INFO  storage.RaftStorageDirectory (RaftStorageDirectoryImpl.java:tryLock(231)) - Lock on /home/runner/work/ozone/ozone/hadoop-ozone/integration-test/target/test-dir/MiniOzoneClusterImpl-71add7ef-0b93-4dd0-b3e1-91a97b11c72d/datanode-1/data/ratis/dff6f4f0-ed1d-4fe7-8776-e3748f8d343d/in_use.lock acquired by nodename 12703@fv-az82-323
2023-07-25 10:55:22,940 [a4e02de4-0a57-448c-8e91-91a041d5e72b-groupManagement] INFO  storage.RaftStorage (RaftStorageImpl.java:format(96)) - Storage directory /home/runner/work/ozone/ozone/hadoop-ozone/integration-test/target/test-dir/MiniOzoneClusterImpl-71add7ef-0b93-4dd0-b3e1-91a97b11c72d/datanode-1/data/ratis/dff6f4f0-ed1d-4fe7-8776-e3748f8d343d has been successfully formatted.
2023-07-25 10:55:22,949 [EventQueue-PipelineReportForPipelineReportHandler] INFO  pipeline.PipelineReportHandler (PipelineReportHandler.java:processPipelineReport(136)) - Opened pipeline PipelineID=dff6f4f0-ed1d-4fe7-8776-e3748f8d343d
2023-07-25 10:55:22,949 [EventQueue-OpenPipelineForHealthyPipelineSafeModeRule] INFO  safemode.SCMSafeModeManager (HealthyPipelineSafeModeRule.java:process(137)) - SCM in safe mode. Healthy pipelines reported count is 0, required healthy pipeline reported count is 1
2023-07-25 10:55:22,949 [a4e02de4-0a57-448c-8e91-91a041d5e72b-groupManagement] INFO  ratis.ContainerStateMachine (ContainerStateMachine.java:loadSnapshot(262)) - group-E3748F8D343D: The snapshot info is null. Setting the last applied indexto:(t:0, i:~)
2023-07-25 10:55:22,953 [a4e02de4-0a57-448c-8e91-91a041d5e72b-groupManagement] INFO  server.RaftServerConfigKeys (ConfUtils.java:logGet(46)) - raft.server.log.use.memory = false (default)
2023-07-25 10:55:22,953 [a4e02de4-0a57-448c-8e91-91a041d5e72b-groupManagement] INFO  server.RaftServerConfigKeys (ConfUtils.java:logGet(46)) - raft.server.log.purge.gap = 1000000 (custom)
2023-07-25 10:55:22,953 [a4e02de4-0a57-448c-8e91-91a041d5e72b-groupManagement] INFO  server.RaftServerConfigKeys (ConfUtils.java:logGet(46)) - raft.server.log.appender.buffer.byte-limit = 33554432 (custom)
2023-07-25 10:55:22,953 [a4e02de4-0a57-448c-8e91-91a041d5e72b-groupManagement] INFO  server.RaftServerConfigKeys (ConfUtils.java:logGet(46)) - raft.server.log.statemachine.data.read.timeout = 1000ms (default)
2023-07-25 10:55:22,954 [a4e02de4-0a57-448c-8e91-91a041d5e72b-groupManagement] INFO  server.RaftServerConfigKeys (ConfUtils.java:logGet(46)) - raft.server.log.purge.preservation.log.num = 0 (default)
2023-07-25 10:55:22,954 [a4e02de4-0a57-448c-8e91-91a041d5e72b-groupManagement] INFO  server.RaftServerConfigKeys (ConfUtils.java:logGet(46)) - raft.server.log.segment.size.max = 1048576 (custom)
2023-07-25 10:55:22,955 [a4e02de4-0a57-448c-8e91-91a041d5e72b-groupManagement] INFO  server.RaftServerConfigKeys (ConfUtils.java:logGet(46)) - raft.server.log.segment.cache.num.max = 2 (custom)
2023-07-25 10:55:22,955 [a4e02de4-0a57-448c-8e91-91a041d5e72b-groupManagement] INFO  server.RaftServerConfigKeys (ConfUtils.java:logGet(46)) - raft.server.log.segment.cache.size.max = 200MB (=209715200) (default)
2023-07-25 10:55:22,955 [a4e02de4-0a57-448c-8e91-91a041d5e72b-groupManagement] INFO  server.RaftServerConfigKeys (ConfUtils.java:logGet(46)) - raft.server.log.appender.buffer.byte-limit = 33554432 (custom)
2023-07-25 10:55:22,955 [a4e02de4-0a57-448c-8e91-91a041d5e72b-groupManagement] INFO  segmented.SegmentedRaftLogWorker (SegmentedRaftLogWorker.java:<init>(188)) - new a4e02de4-0a57-448c-8e91-91a041d5e72b@group-E3748F8D343D-SegmentedRaftLogWorker for RaftStorageImpl:Storage Directory /home/runner/work/ozone/ozone/hadoop-ozone/integration-test/target/test-dir/MiniOzoneClusterImpl-71add7ef-0b93-4dd0-b3e1-91a97b11c72d/datanode-1/data/ratis/dff6f4f0-ed1d-4fe7-8776-e3748f8d343d
2023-07-25 10:55:22,955 [a4e02de4-0a57-448c-8e91-91a041d5e72b-groupManagement] INFO  server.RaftServerConfigKeys (ConfUtils.java:logGet(46)) - raft.server.log.queue.byte-limit = 4294967296 (custom)
2023-07-25 10:55:22,955 [a4e02de4-0a57-448c-8e91-91a041d5e72b-groupManagement] INFO  server.RaftServerConfigKeys (ConfUtils.java:logGet(46)) - raft.server.log.queue.element-limit = 1024 (custom)
2023-07-25 10:55:22,955 [a4e02de4-0a57-448c-8e91-91a041d5e72b-groupManagement] INFO  server.RaftServerConfigKeys (ConfUtils.java:logGet(46)) - raft.server.log.segment.size.max = 1048576 (custom)
2023-07-25 10:55:22,955 [a4e02de4-0a57-448c-8e91-91a041d5e72b-groupManagement] INFO  server.RaftServerConfigKeys (ConfUtils.java:logGet(46)) - raft.server.log.preallocated.size = 16384 (custom)
2023-07-25 10:55:22,955 [a4e02de4-0a57-448c-8e91-91a041d5e72b-groupManagement] INFO  server.RaftServerConfigKeys (ConfUtils.java:logGet(46)) - raft.server.log.force.sync.num = 128 (default)
2023-07-25 10:55:22,956 [a4e02de4-0a57-448c-8e91-91a041d5e72b-groupManagement] INFO  server.RaftServerConfigKeys (ConfUtils.java:logGet(46)) - raft.server.log.statemachine.data.sync = true (default)
2023-07-25 10:55:22,956 [a4e02de4-0a57-448c-8e91-91a041d5e72b-groupManagement] INFO  server.RaftServerConfigKeys (ConfUtils.java:logGet(46)) - raft.server.log.statemachine.data.sync.timeout = 10s (default)
2023-07-25 10:55:22,956 [a4e02de4-0a57-448c-8e91-91a041d5e72b-groupManagement] INFO  server.RaftServerConfigKeys (ConfUtils.java:logGet(46)) - raft.server.log.statemachine.data.sync.timeout.retry = -1 (default)
2023-07-25 10:55:22,958 [a4e02de4-0a57-448c-8e91-91a041d5e72b-groupManagement] INFO  server.RaftServerConfigKeys (ConfUtils.java:logGet(46)) - raft.server.log.write.buffer.size = 1048576 (custom)
2023-07-25 10:55:22,959 [a4e02de4-0a57-448c-8e91-91a041d5e72b-groupManagement] INFO  server.RaftServerConfigKeys (ConfUtils.java:logGet(46)) - raft.server.log.appender.buffer.byte-limit = 33554432 (custom)
2023-07-25 10:55:22,972 [a4e02de4-0a57-448c-8e91-91a041d5e72b-groupManagement] INFO  server.RaftServerConfigKeys (ConfUtils.java:logGet(46)) - raft.server.log.unsafe-flush.enabled = false (default)
2023-07-25 10:55:22,972 [a4e02de4-0a57-448c-8e91-91a041d5e72b-groupManagement] INFO  server.RaftServerConfigKeys (ConfUtils.java:logGet(46)) - raft.server.log.async-flush.enabled = false (default)
2023-07-25 10:55:22,972 [a4e02de4-0a57-448c-8e91-91a041d5e72b-groupManagement] INFO  server.RaftServerConfigKeys (ConfUtils.java:logGet(46)) - raft.server.log.statemachine.data.caching.enabled = true (custom)
2023-07-25 10:55:22,973 [a4e02de4-0a57-448c-8e91-91a041d5e72b-groupManagement] INFO  segmented.SegmentedRaftLogWorker (SegmentedRaftLogWorker.java:lambda$new$0(135)) - a4e02de4-0a57-448c-8e91-91a041d5e72b@group-E3748F8D343D-SegmentedRaftLogWorker: flushIndex: setUnconditionally 0 -> -1
2023-07-25 10:55:22,973 [a4e02de4-0a57-448c-8e91-91a041d5e72b-groupManagement] INFO  segmented.SegmentedRaftLogWorker (SegmentedRaftLogWorker.java:lambda$new$0(135)) - a4e02de4-0a57-448c-8e91-91a041d5e72b@group-E3748F8D343D-SegmentedRaftLogWorker: safeCacheEvictIndex: setUnconditionally 0 -> -1
2023-07-25 10:55:22,973 [a4e02de4-0a57-448c-8e91-91a041d5e72b-groupManagement] INFO  server.RaftServer$Division (RaftServerImpl.java:start(342)) - a4e02de4-0a57-448c-8e91-91a041d5e72b@group-E3748F8D343D: start as a follower, conf=-1: peers:[a4e02de4-0a57-448c-8e91-91a041d5e72b|rpc:10.1.0.57:15023|admin:10.1.0.57:15022|client:10.1.0.57:15021|dataStream:10.1.0.57:15024|priority:1|startupRole:FOLLOWER]|listeners:[], old=null
2023-07-25 10:55:22,973 [a4e02de4-0a57-448c-8e91-91a041d5e72b-groupManagement] INFO  server.RaftServer$Division (RaftServerImpl.java:setRole(329)) - a4e02de4-0a57-448c-8e91-91a041d5e72b@group-E3748F8D343D: changes role from      null to FOLLOWER at term 0 for startAsFollower
2023-07-25 10:55:22,974 [a4e02de4-0a57-448c-8e91-91a041d5e72b-groupManagement] INFO  impl.RoleInfo (RoleInfo.java:updateAndGet(139)) - a4e02de4-0a57-448c-8e91-91a041d5e72b: start a4e02de4-0a57-448c-8e91-91a041d5e72b@group-E3748F8D343D-FollowerState
2023-07-25 10:55:22,974 [a4e02de4-0a57-448c-8e91-91a041d5e72b-groupManagement] INFO  util.JmxRegister (JmxRegister.java:tryRegister(44)) - Successfully registered JMX Bean with object name Ratis:service=RaftServer,group=group-E3748F8D343D,id=a4e02de4-0a57-448c-8e91-91a041d5e72b
2023-07-25 10:55:22,982 [a4e02de4-0a57-448c-8e91-91a041d5e72b-groupManagement] INFO  server.RaftServerConfigKeys (ConfUtils.java:logGet(46)) - raft.server.snapshot.auto.trigger.enabled = true (custom)
2023-07-25 10:55:22,982 [a4e02de4-0a57-448c-8e91-91a041d5e72b-groupManagement] INFO  server.RaftServerConfigKeys (ConfUtils.java:logGet(46)) - raft.server.snapshot.auto.trigger.threshold = 10000 (custom)
2023-07-25 10:55:22,982 [a4e02de4-0a57-448c-8e91-91a041d5e72b-groupManagement] INFO  server.RaftServerConfigKeys (ConfUtils.java:logGet(46)) - raft.server.snapshot.retention.file.num = 5 (custom)
2023-07-25 10:55:22,982 [a4e02de4-0a57-448c-8e91-91a041d5e72b-groupManagement] INFO  server.RaftServerConfigKeys (ConfUtils.java:logGet(46)) - raft.server.log.purge.upto.snapshot.index = false (default)
2023-07-25 10:55:22,983 [PipelineCommandHandlerThread-0] INFO  ratis.XceiverServerRatis (XceiverServerRatis.java:addGroup(804)) - Created group PipelineID=dff6f4f0-ed1d-4fe7-8776-e3748f8d343d
2023-07-25 10:55:22,983 [PipelineCommandHandlerThread-0] INFO  commandhandler.CreatePipelineCommandHandler (CreatePipelineCommandHandler.java:lambda$handle$2(124)) - Created Pipeline RATIS ONE PipelineID=dff6f4f0-ed1d-4fe7-8776-e3748f8d343d.
2023-07-25 10:55:22,987 [PipelineCommandHandlerThread-0] INFO  server.RaftServer (RaftServerProxy.java:addNew(98)) - a4e02de4-0a57-448c-8e91-91a041d5e72b: addNew group-E6E162410C5D:[a4e02de4-0a57-448c-8e91-91a041d5e72b|rpc:10.1.0.57:15023|admin:10.1.0.57:15022|client:10.1.0.57:15021|dataStream:10.1.0.57:15024|priority:1|startupRole:FOLLOWER, 558084a2-61c9-4ed7-bb35-b0adeee70698|rpc:10.1.0.57:15032|admin:10.1.0.57:15031|client:10.1.0.57:15030|dataStream:10.1.0.57:15033|priority:0|startupRole:FOLLOWER, d61495e8-faf1-4655-91e1-42a45bad4237|rpc:10.1.0.57:15014|admin:10.1.0.57:15013|client:10.1.0.57:15012|dataStream:10.1.0.57:15015|priority:0|startupRole:FOLLOWER] returns group-E6E162410C5D:java.util.concurrent.CompletableFuture@3bff7614[Not completed]
2023-07-25 10:55:22,988 [a4e02de4-0a57-448c-8e91-91a041d5e72b-groupManagement] INFO  server.RaftServer$Division (RaftServerImpl.java:<init>(198)) - a4e02de4-0a57-448c-8e91-91a041d5e72b: new RaftServerImpl for group-E6E162410C5D:[a4e02de4-0a57-448c-8e91-91a041d5e72b|rpc:10.1.0.57:15023|admin:10.1.0.57:15022|client:10.1.0.57:15021|dataStream:10.1.0.57:15024|priority:1|startupRole:FOLLOWER, 558084a2-61c9-4ed7-bb35-b0adeee70698|rpc:10.1.0.57:15032|admin:10.1.0.57:15031|client:10.1.0.57:15030|dataStream:10.1.0.57:15033|priority:0|startupRole:FOLLOWER, d61495e8-faf1-4655-91e1-42a45bad4237|rpc:10.1.0.57:15014|admin:10.1.0.57:15013|client:10.1.0.57:15012|dataStream:10.1.0.57:15015|priority:0|startupRole:FOLLOWER] with ContainerStateMachine:uninitialized
2023-07-25 10:55:22,988 [a4e02de4-0a57-448c-8e91-91a041d5e72b-groupManagement] INFO  server.RaftServerConfigKeys (ConfUtils.java:logGet(46)) - raft.server.rpc.timeout.min = 5s (custom)
2023-07-25 10:55:22,989 [a4e02de4-0a57-448c-8e91-91a041d5e72b-groupManagement] INFO  server.RaftServerConfigKeys (ConfUtils.java:logGet(46)) - raft.server.rpc.timeout.max = 5200ms (custom)
2023-07-25 10:55:22,989 [a4e02de4-0a57-448c-8e91-91a041d5e72b-groupManagement] INFO  server.RaftServerConfigKeys (ConfUtils.java:logGet(46)) - raft.server.rpc.sleep.time = 25ms (default)
2023-07-25 10:55:22,989 [a4e02de4-0a57-448c-8e91-91a041d5e72b-groupManagement] INFO  server.RaftServerConfigKeys (ConfUtils.java:logGet(46)) - raft.server.rpc.slowness.timeout = 300s (custom)
2023-07-25 10:55:22,989 [a4e02de4-0a57-448c-8e91-91a041d5e72b-groupManagement] INFO  server.RaftServerConfigKeys (ConfUtils.java:logGet(46)) - raft.server.leaderelection.leader.step-down.wait-time = 10s (default)
2023-07-25 10:55:22,989 [a4e02de4-0a57-448c-8e91-91a041d5e72b-groupManagement] INFO  server.RaftServerConfigKeys (ConfUtils.java:logGet(46)) - raft.server.sleep.deviation.threshold = 300ms (default)
2023-07-25 10:55:22,989 [a4e02de4-0a57-448c-8e91-91a041d5e72b-groupManagement] INFO  server.RaftServer$Division (ServerState.java:<init>(120)) - a4e02de4-0a57-448c-8e91-91a041d5e72b@group-E6E162410C5D: ConfigurationManager, init=-1: peers:[a4e02de4-0a57-448c-8e91-91a041d5e72b|rpc:10.1.0.57:15023|admin:10.1.0.57:15022|client:10.1.0.57:15021|dataStream:10.1.0.57:15024|priority:1|startupRole:FOLLOWER, 558084a2-61c9-4ed7-bb35-b0adeee70698|rpc:10.1.0.57:15032|admin:10.1.0.57:15031|client:10.1.0.57:15030|dataStream:10.1.0.57:15033|priority:0|startupRole:FOLLOWER, d61495e8-faf1-4655-91e1-42a45bad4237|rpc:10.1.0.57:15014|admin:10.1.0.57:15013|client:10.1.0.57:15012|dataStream:10.1.0.57:15015|priority:0|startupRole:FOLLOWER]|listeners:[], old=null, confs=<EMPTY_MAP>
2023-07-25 10:55:22,989 [a4e02de4-0a57-448c-8e91-91a041d5e72b-groupManagement] INFO  server.RaftServerConfigKeys (ConfUtils.java:logGet(46)) - raft.server.storage.dir = [/home/runner/work/ozone/ozone/hadoop-ozone/integration-test/target/test-dir/MiniOzoneClusterImpl-71add7ef-0b93-4dd0-b3e1-91a97b11c72d/datanode-1/data/ratis] (custom)
2023-07-25 10:55:22,990 [a4e02de4-0a57-448c-8e91-91a041d5e72b-groupManagement] INFO  server.RaftServerConfigKeys (ConfUtils.java:logGet(46)) - raft.server.log.corruption.policy = EXCEPTION (default)
2023-07-25 10:55:22,990 [a4e02de4-0a57-448c-8e91-91a041d5e72b-groupManagement] INFO  server.RaftServerConfigKeys (ConfUtils.java:logGet(46)) - raft.server.storage.free-space.min = 0MB (=0) (default)
2023-07-25 10:55:22,990 [a4e02de4-0a57-448c-8e91-91a041d5e72b-groupManagement] INFO  server.RaftServerConfigKeys (ConfUtils.java:logGet(46)) - raft.server.notification.no-leader.timeout = 300s (custom)
2023-07-25 10:55:22,990 [a4e02de4-0a57-448c-8e91-91a041d5e72b-groupManagement] INFO  server.RaftServerConfigKeys (ConfUtils.java:logGet(46)) - raft.server.read.timeout = 10s (default)
2023-07-25 10:55:22,990 [a4e02de4-0a57-448c-8e91-91a041d5e72b-groupManagement] INFO  server.RaftServerConfigKeys (ConfUtils.java:logGet(46)) - raft.server.retrycache.expirytime = 600000ms (custom)
2023-07-25 10:55:22,990 [a4e02de4-0a57-448c-8e91-91a041d5e72b-groupManagement] INFO  server.RaftServerConfigKeys (ConfUtils.java:logGet(46)) - raft.server.retrycache.statistics.expirytime = 100μs (default)
2023-07-25 10:55:22,990 [a4e02de4-0a57-448c-8e91-91a041d5e72b-groupManagement] INFO  server.RaftServerConfigKeys (ConfUtils.java:logGet(46)) - raft.server.read.option = DEFAULT (default)
2023-07-25 10:55:22,992 [a4e02de4-0a57-448c-8e91-91a041d5e72b-groupManagement] INFO  server.RaftServerConfigKeys (ConfUtils.java:logGet(46)) - raft.server.rpc.request.timeout = 60s (custom)
2023-07-25 10:55:22,992 [a4e02de4-0a57-448c-8e91-91a041d5e72b-groupManagement] INFO  server.RaftServerConfigKeys (ConfUtils.java:logGet(46)) - raft.server.log.appender.install.snapshot.enabled = false (custom)
2023-07-25 10:55:22,992 [a4e02de4-0a57-448c-8e91-91a041d5e72b-groupManagement] INFO  server.RaftServerConfigKeys (ConfUtils.java:logGet(46)) - raft.server.threadpool.server.cached = true (default)
2023-07-25 10:55:22,992 [a4e02de4-0a57-448c-8e91-91a041d5e72b-groupManagement] INFO  server.RaftServerConfigKeys (ConfUtils.java:logGet(46)) - raft.server.threadpool.server.size = 0 (default)
2023-07-25 10:55:22,992 [a4e02de4-0a57-448c-8e91-91a041d5e72b-groupManagement] INFO  server.RaftServerConfigKeys (ConfUtils.java:logGet(46)) - raft.server.threadpool.client.cached = true (default)
2023-07-25 10:55:22,992 [a4e02de4-0a57-448c-8e91-91a041d5e72b-groupManagement] INFO  server.RaftServerConfigKeys (ConfUtils.java:logGet(46)) - raft.server.threadpool.client.size = 0 (default)
2023-07-25 10:55:22,993 [a4e02de4-0a57-448c-8e91-91a041d5e72b-groupManagement] INFO  storage.RaftStorageDirectory (RaftStorageDirectoryImpl.java:analyzeStorage(137)) - The storage directory /home/runner/work/ozone/ozone/hadoop-ozone/integration-test/target/test-dir/MiniOzoneClusterImpl-71add7ef-0b93-4dd0-b3e1-91a97b11c72d/datanode-1/data/ratis/d1b2a856-b23c-4622-9693-e6e162410c5d does not exist. Creating ...
2023-07-25 10:55:22,993 [a4e02de4-0a57-448c-8e91-91a041d5e72b@group-E3748F8D343D-FollowerState] INFO  server.RaftServerConfigKeys (ConfUtils.java:logFallback(53)) - raft.server.rpc.first-election.timeout.min = 5s (fallback to raft.server.rpc.timeout.min)
2023-07-25 10:55:23,001 [a4e02de4-0a57-448c-8e91-91a041d5e72b@group-E3748F8D343D-FollowerState] INFO  server.RaftServerConfigKeys (ConfUtils.java:logFallback(53)) - raft.server.rpc.first-election.timeout.max = 5200ms (fallback to raft.server.rpc.timeout.max)
2023-07-25 10:55:23,005 [a4e02de4-0a57-448c-8e91-91a041d5e72b-groupManagement] INFO  storage.RaftStorageDirectory (RaftStorageDirectoryImpl.java:tryLock(231)) - Lock on /home/runner/work/ozone/ozone/hadoop-ozone/integration-test/target/test-dir/MiniOzoneClusterImpl-71add7ef-0b93-4dd0-b3e1-91a97b11c72d/datanode-1/data/ratis/d1b2a856-b23c-4622-9693-e6e162410c5d/in_use.lock acquired by nodename 12703@fv-az82-323
2023-07-25 10:55:23,013 [a4e02de4-0a57-448c-8e91-91a041d5e72b-groupManagement] INFO  storage.RaftStorage (RaftStorageImpl.java:format(96)) - Storage directory /home/runner/work/ozone/ozone/hadoop-ozone/integration-test/target/test-dir/MiniOzoneClusterImpl-71add7ef-0b93-4dd0-b3e1-91a97b11c72d/datanode-1/data/ratis/d1b2a856-b23c-4622-9693-e6e162410c5d has been successfully formatted.
2023-07-25 10:55:23,014 [a4e02de4-0a57-448c-8e91-91a041d5e72b-groupManagement] INFO  ratis.ContainerStateMachine (ContainerStateMachine.java:loadSnapshot(262)) - group-E6E162410C5D: The snapshot info is null. Setting the last applied indexto:(t:0, i:~)
2023-07-25 10:55:23,014 [a4e02de4-0a57-448c-8e91-91a041d5e72b-groupManagement] INFO  server.RaftServerConfigKeys (ConfUtils.java:logGet(46)) - raft.server.log.use.memory = false (default)
2023-07-25 10:55:23,014 [a4e02de4-0a57-448c-8e91-91a041d5e72b-groupManagement] INFO  server.RaftServerConfigKeys (ConfUtils.java:logGet(46)) - raft.server.log.purge.gap = 1000000 (custom)
2023-07-25 10:55:23,014 [a4e02de4-0a57-448c-8e91-91a041d5e72b-groupManagement] INFO  server.RaftServerConfigKeys (ConfUtils.java:logGet(46)) - raft.server.log.appender.buffer.byte-limit = 33554432 (custom)
2023-07-25 10:55:23,014 [a4e02de4-0a57-448c-8e91-91a041d5e72b-groupManagement] INFO  server.RaftServerConfigKeys (ConfUtils.java:logGet(46)) - raft.server.log.statemachine.data.read.timeout = 1000ms (default)
2023-07-25 10:55:23,014 [a4e02de4-0a57-448c-8e91-91a041d5e72b-groupManagement] INFO  server.RaftServerConfigKeys (ConfUtils.java:logGet(46)) - raft.server.log.purge.preservation.log.num = 0 (default)
2023-07-25 10:55:23,015 [a4e02de4-0a57-448c-8e91-91a041d5e72b-groupManagement] INFO  server.RaftServerConfigKeys (ConfUtils.java:logGet(46)) - raft.server.log.segment.size.max = 1048576 (custom)
2023-07-25 10:55:23,016 [a4e02de4-0a57-448c-8e91-91a041d5e72b-groupManagement] INFO  server.RaftServerConfigKeys (ConfUtils.java:logGet(46)) - raft.server.log.segment.cache.num.max = 2 (custom)
2023-07-25 10:55:23,016 [a4e02de4-0a57-448c-8e91-91a041d5e72b-groupManagement] INFO  server.RaftServerConfigKeys (ConfUtils.java:logGet(46)) - raft.server.log.segment.cache.size.max = 200MB (=209715200) (default)
2023-07-25 10:55:23,016 [a4e02de4-0a57-448c-8e91-91a041d5e72b-groupManagement] INFO  server.RaftServerConfigKeys (ConfUtils.java:logGet(46)) - raft.server.log.appender.buffer.byte-limit = 33554432 (custom)
2023-07-25 10:55:23,016 [a4e02de4-0a57-448c-8e91-91a041d5e72b-groupManagement] INFO  segmented.SegmentedRaftLogWorker (SegmentedRaftLogWorker.java:<init>(188)) - new a4e02de4-0a57-448c-8e91-91a041d5e72b@group-E6E162410C5D-SegmentedRaftLogWorker for RaftStorageImpl:Storage Directory /home/runner/work/ozone/ozone/hadoop-ozone/integration-test/target/test-dir/MiniOzoneClusterImpl-71add7ef-0b93-4dd0-b3e1-91a97b11c72d/datanode-1/data/ratis/d1b2a856-b23c-4622-9693-e6e162410c5d
2023-07-25 10:55:23,016 [a4e02de4-0a57-448c-8e91-91a041d5e72b-groupManagement] INFO  server.RaftServerConfigKeys (ConfUtils.java:logGet(46)) - raft.server.log.queue.byte-limit = 4294967296 (custom)
2023-07-25 10:55:23,016 [a4e02de4-0a57-448c-8e91-91a041d5e72b-groupManagement] INFO  server.RaftServerConfigKeys (ConfUtils.java:logGet(46)) - raft.server.log.queue.element-limit = 1024 (custom)
2023-07-25 10:55:23,016 [a4e02de4-0a57-448c-8e91-91a041d5e72b-groupManagement] INFO  server.RaftServerConfigKeys (ConfUtils.java:logGet(46)) - raft.server.log.segment.size.max = 1048576 (custom)
2023-07-25 10:55:23,016 [a4e02de4-0a57-448c-8e91-91a041d5e72b-groupManagement] INFO  server.RaftServerConfigKeys (ConfUtils.java:logGet(46)) - raft.server.log.preallocated.size = 16384 (custom)
2023-07-25 10:55:23,016 [a4e02de4-0a57-448c-8e91-91a041d5e72b-groupManagement] INFO  server.RaftServerConfigKeys (ConfUtils.java:logGet(46)) - raft.server.log.force.sync.num = 128 (default)
2023-07-25 10:55:23,016 [a4e02de4-0a57-448c-8e91-91a041d5e72b-groupManagement] INFO  server.RaftServerConfigKeys (ConfUtils.java:logGet(46)) - raft.server.log.statemachine.data.sync = true (default)
2023-07-25 10:55:23,017 [a4e02de4-0a57-448c-8e91-91a041d5e72b-groupManagement] INFO  server.RaftServerConfigKeys (ConfUtils.java:logGet(46)) - raft.server.log.statemachine.data.sync.timeout = 10s (default)
2023-07-25 10:55:23,017 [a4e02de4-0a57-448c-8e91-91a041d5e72b-groupManagement] INFO  server.RaftServerConfigKeys (ConfUtils.java:logGet(46)) - raft.server.log.statemachine.data.sync.timeout.retry = -1 (default)
2023-07-25 10:55:23,021 [EventQueue-OpenPipelineForHealthyPipelineSafeModeRule] INFO  safemode.SCMSafeModeManager (HealthyPipelineSafeModeRule.java:process(137)) - SCM in safe mode. Healthy pipelines reported count is 0, required healthy pipeline reported count is 1
2023-07-25 10:55:23,024 [a4e02de4-0a57-448c-8e91-91a041d5e72b-groupManagement] INFO  server.RaftServerConfigKeys (ConfUtils.java:logGet(46)) - raft.server.log.write.buffer.size = 1048576 (custom)
2023-07-25 10:55:23,024 [a4e02de4-0a57-448c-8e91-91a041d5e72b-groupManagement] INFO  server.RaftServerConfigKeys (ConfUtils.java:logGet(46)) - raft.server.log.appender.buffer.byte-limit = 33554432 (custom)
2023-07-25 10:55:23,037 [a4e02de4-0a57-448c-8e91-91a041d5e72b-groupManagement] INFO  server.RaftServerConfigKeys (ConfUtils.java:logGet(46)) - raft.server.log.unsafe-flush.enabled = false (default)
2023-07-25 10:55:23,038 [a4e02de4-0a57-448c-8e91-91a041d5e72b-groupManagement] INFO  server.RaftServerConfigKeys (ConfUtils.java:logGet(46)) - raft.server.log.async-flush.enabled = false (default)
2023-07-25 10:55:23,038 [a4e02de4-0a57-448c-8e91-91a041d5e72b-groupManagement] INFO  server.RaftServerConfigKeys (ConfUtils.java:logGet(46)) - raft.server.log.statemachine.data.caching.enabled = true (custom)
2023-07-25 10:55:23,038 [a4e02de4-0a57-448c-8e91-91a041d5e72b-groupManagement] INFO  segmented.SegmentedRaftLogWorker (SegmentedRaftLogWorker.java:lambda$new$0(135)) - a4e02de4-0a57-448c-8e91-91a041d5e72b@group-E6E162410C5D-SegmentedRaftLogWorker: flushIndex: setUnconditionally 0 -> -1
2023-07-25 10:55:23,038 [a4e02de4-0a57-448c-8e91-91a041d5e72b-groupManagement] INFO  segmented.SegmentedRaftLogWorker (SegmentedRaftLogWorker.java:lambda$new$0(135)) - a4e02de4-0a57-448c-8e91-91a041d5e72b@group-E6E162410C5D-SegmentedRaftLogWorker: safeCacheEvictIndex: setUnconditionally 0 -> -1
2023-07-25 10:55:23,039 [grpc-default-executor-0] INFO  server.RaftServer (RaftServerProxy.java:addNew(98)) - 558084a2-61c9-4ed7-bb35-b0adeee70698: addNew group-E6E162410C5D:[a4e02de4-0a57-448c-8e91-91a041d5e72b|rpc:10.1.0.57:15023|admin:10.1.0.57:15022|client:10.1.0.57:15021|dataStream:10.1.0.57:15024|priority:1|startupRole:FOLLOWER, 558084a2-61c9-4ed7-bb35-b0adeee70698|rpc:10.1.0.57:15032|admin:10.1.0.57:15031|client:10.1.0.57:15030|dataStream:10.1.0.57:15033|priority:0|startupRole:FOLLOWER, d61495e8-faf1-4655-91e1-42a45bad4237|rpc:10.1.0.57:15014|admin:10.1.0.57:15013|client:10.1.0.57:15012|dataStream:10.1.0.57:15015|priority:0|startupRole:FOLLOWER] returns group-E6E162410C5D:java.util.concurrent.CompletableFuture@37bb6397[Not completed]
2023-07-25 10:55:23,043 [558084a2-61c9-4ed7-bb35-b0adeee70698-groupManagement] INFO  server.RaftServer$Division (RaftServerImpl.java:<init>(198)) - 558084a2-61c9-4ed7-bb35-b0adeee70698: new RaftServerImpl for group-E6E162410C5D:[a4e02de4-0a57-448c-8e91-91a041d5e72b|rpc:10.1.0.57:15023|admin:10.1.0.57:15022|client:10.1.0.57:15021|dataStream:10.1.0.57:15024|priority:1|startupRole:FOLLOWER, 558084a2-61c9-4ed7-bb35-b0adeee70698|rpc:10.1.0.57:15032|admin:10.1.0.57:15031|client:10.1.0.57:15030|dataStream:10.1.0.57:15033|priority:0|startupRole:FOLLOWER, d61495e8-faf1-4655-91e1-42a45bad4237|rpc:10.1.0.57:15014|admin:10.1.0.57:15013|client:10.1.0.57:15012|dataStream:10.1.0.57:15015|priority:0|startupRole:FOLLOWER] with ContainerStateMachine:uninitialized
2023-07-25 10:55:23,043 [558084a2-61c9-4ed7-bb35-b0adeee70698-groupManagement] INFO  server.RaftServerConfigKeys (ConfUtils.java:logGet(46)) - raft.server.rpc.timeout.min = 5s (custom)
2023-07-25 10:55:23,043 [558084a2-61c9-4ed7-bb35-b0adeee70698-groupManagement] INFO  server.RaftServerConfigKeys (ConfUtils.java:logGet(46)) - raft.server.rpc.timeout.max = 5200ms (custom)
2023-07-25 10:55:23,043 [558084a2-61c9-4ed7-bb35-b0adeee70698-groupManagement] INFO  server.RaftServerConfigKeys (ConfUtils.java:logGet(46)) - raft.server.rpc.sleep.time = 25ms (default)
2023-07-25 10:55:23,043 [558084a2-61c9-4ed7-bb35-b0adeee70698-groupManagement] INFO  server.RaftServerConfigKeys (ConfUtils.java:logGet(46)) - raft.server.rpc.slowness.timeout = 300s (custom)
2023-07-25 10:55:23,043 [558084a2-61c9-4ed7-bb35-b0adeee70698-groupManagement] INFO  server.RaftServerConfigKeys (ConfUtils.java:logGet(46)) - raft.server.leaderelection.leader.step-down.wait-time = 10s (default)
2023-07-25 10:55:23,043 [558084a2-61c9-4ed7-bb35-b0adeee70698-groupManagement] INFO  server.RaftServerConfigKeys (ConfUtils.java:logGet(46)) - raft.server.sleep.deviation.threshold = 300ms (default)
2023-07-25 10:55:23,043 [558084a2-61c9-4ed7-bb35-b0adeee70698-groupManagement] INFO  server.RaftServer$Division (ServerState.java:<init>(120)) - 558084a2-61c9-4ed7-bb35-b0adeee70698@group-E6E162410C5D: ConfigurationManager, init=-1: peers:[a4e02de4-0a57-448c-8e91-91a041d5e72b|rpc:10.1.0.57:15023|admin:10.1.0.57:15022|client:10.1.0.57:15021|dataStream:10.1.0.57:15024|priority:1|startupRole:FOLLOWER, 558084a2-61c9-4ed7-bb35-b0adeee70698|rpc:10.1.0.57:15032|admin:10.1.0.57:15031|client:10.1.0.57:15030|dataStream:10.1.0.57:15033|priority:0|startupRole:FOLLOWER, d61495e8-faf1-4655-91e1-42a45bad4237|rpc:10.1.0.57:15014|admin:10.1.0.57:15013|client:10.1.0.57:15012|dataStream:10.1.0.57:15015|priority:0|startupRole:FOLLOWER]|listeners:[], old=null, confs=<EMPTY_MAP>
2023-07-25 10:55:23,044 [558084a2-61c9-4ed7-bb35-b0adeee70698-groupManagement] INFO  server.RaftServerConfigKeys (ConfUtils.java:logGet(46)) - raft.server.storage.dir = [/home/runner/work/ozone/ozone/hadoop-ozone/integration-test/target/test-dir/MiniOzoneClusterImpl-71add7ef-0b93-4dd0-b3e1-91a97b11c72d/datanode-2/data/ratis] (custom)
2023-07-25 10:55:23,044 [558084a2-61c9-4ed7-bb35-b0adeee70698-groupManagement] INFO  server.RaftServerConfigKeys (ConfUtils.java:logGet(46)) - raft.server.log.corruption.policy = EXCEPTION (default)
2023-07-25 10:55:23,044 [558084a2-61c9-4ed7-bb35-b0adeee70698-groupManagement] INFO  server.RaftServerConfigKeys (ConfUtils.java:logGet(46)) - raft.server.storage.free-space.min = 0MB (=0) (default)
2023-07-25 10:55:23,044 [558084a2-61c9-4ed7-bb35-b0adeee70698-groupManagement] INFO  server.RaftServerConfigKeys (ConfUtils.java:logGet(46)) - raft.server.notification.no-leader.timeout = 300s (custom)
2023-07-25 10:55:23,044 [558084a2-61c9-4ed7-bb35-b0adeee70698-groupManagement] INFO  server.RaftServerConfigKeys (ConfUtils.java:logGet(46)) - raft.server.read.timeout = 10s (default)
2023-07-25 10:55:23,044 [558084a2-61c9-4ed7-bb35-b0adeee70698-groupManagement] INFO  server.RaftServerConfigKeys (ConfUtils.java:logGet(46)) - raft.server.retrycache.expirytime = 600000ms (custom)
2023-07-25 10:55:23,044 [558084a2-61c9-4ed7-bb35-b0adeee70698-groupManagement] INFO  server.RaftServerConfigKeys (ConfUtils.java:logGet(46)) - raft.server.retrycache.statistics.expirytime = 100μs (default)
2023-07-25 10:55:23,045 [a4e02de4-0a57-448c-8e91-91a041d5e72b-groupManagement] INFO  server.RaftServer$Division (RaftServerImpl.java:start(342)) - a4e02de4-0a57-448c-8e91-91a041d5e72b@group-E6E162410C5D: start as a follower, conf=-1: peers:[a4e02de4-0a57-448c-8e91-91a041d5e72b|rpc:10.1.0.57:15023|admin:10.1.0.57:15022|client:10.1.0.57:15021|dataStream:10.1.0.57:15024|priority:1|startupRole:FOLLOWER, 558084a2-61c9-4ed7-bb35-b0adeee70698|rpc:10.1.0.57:15032|admin:10.1.0.57:15031|client:10.1.0.57:15030|dataStream:10.1.0.57:15033|priority:0|startupRole:FOLLOWER, d61495e8-faf1-4655-91e1-42a45bad4237|rpc:10.1.0.57:15014|admin:10.1.0.57:15013|client:10.1.0.57:15012|dataStream:10.1.0.57:15015|priority:0|startupRole:FOLLOWER]|listeners:[], old=null
2023-07-25 10:55:23,048 [a4e02de4-0a57-448c-8e91-91a041d5e72b-groupManagement] INFO  server.RaftServer$Division (RaftServerImpl.java:setRole(329)) - a4e02de4-0a57-448c-8e91-91a041d5e72b@group-E6E162410C5D: changes role from      null to FOLLOWER at term 0 for startAsFollower
2023-07-25 10:55:23,048 [a4e02de4-0a57-448c-8e91-91a041d5e72b-groupManagement] INFO  impl.RoleInfo (RoleInfo.java:updateAndGet(139)) - a4e02de4-0a57-448c-8e91-91a041d5e72b: start a4e02de4-0a57-448c-8e91-91a041d5e72b@group-E6E162410C5D-FollowerState
2023-07-25 10:55:23,048 [a4e02de4-0a57-448c-8e91-91a041d5e72b@group-E6E162410C5D-FollowerState] INFO  server.RaftServerConfigKeys (ConfUtils.java:logFallback(53)) - raft.server.rpc.first-election.timeout.min = 5s (fallback to raft.server.rpc.timeout.min)
2023-07-25 10:55:23,048 [a4e02de4-0a57-448c-8e91-91a041d5e72b-groupManagement] INFO  util.JmxRegister (JmxRegister.java:tryRegister(44)) - Successfully registered JMX Bean with object name Ratis:service=RaftServer,group=group-E6E162410C5D,id=a4e02de4-0a57-448c-8e91-91a041d5e72b
2023-07-25 10:55:23,049 [a4e02de4-0a57-448c-8e91-91a041d5e72b-groupManagement] INFO  server.RaftServerConfigKeys (ConfUtils.java:logGet(46)) - raft.server.snapshot.auto.trigger.enabled = true (custom)
2023-07-25 10:55:23,049 [a4e02de4-0a57-448c-8e91-91a041d5e72b-groupManagement] INFO  server.RaftServerConfigKeys (ConfUtils.java:logGet(46)) - raft.server.snapshot.auto.trigger.threshold = 10000 (custom)
2023-07-25 10:55:23,049 [a4e02de4-0a57-448c-8e91-91a041d5e72b-groupManagement] INFO  server.RaftServerConfigKeys (ConfUtils.java:logGet(46)) - raft.server.snapshot.retention.file.num = 5 (custom)
2023-07-25 10:55:23,049 [a4e02de4-0a57-448c-8e91-91a041d5e72b-groupManagement] INFO  server.RaftServerConfigKeys (ConfUtils.java:logGet(46)) - raft.server.log.purge.upto.snapshot.index = false (default)
2023-07-25 10:55:23,051 [a4e02de4-0a57-448c-8e91-91a041d5e72b@group-E6E162410C5D-FollowerState] INFO  server.RaftServerConfigKeys (ConfUtils.java:logFallback(53)) - raft.server.rpc.first-election.timeout.max = 5200ms (fallback to raft.server.rpc.timeout.max)
2023-07-25 10:55:23,051 [PipelineCommandHandlerThread-0] INFO  ratis.XceiverServerRatis (XceiverServerRatis.java:addGroup(804)) - Created group PipelineID=d1b2a856-b23c-4622-9693-e6e162410c5d
2023-07-25 10:55:23,066 [558084a2-61c9-4ed7-bb35-b0adeee70698-groupManagement] INFO  server.RaftServerConfigKeys (ConfUtils.java:logGet(46)) - raft.server.read.option = DEFAULT (default)
2023-07-25 10:55:23,068 [558084a2-61c9-4ed7-bb35-b0adeee70698-groupManagement] INFO  server.RaftServerConfigKeys (ConfUtils.java:logGet(46)) - raft.server.rpc.request.timeout = 60s (custom)
2023-07-25 10:55:23,069 [558084a2-61c9-4ed7-bb35-b0adeee70698-groupManagement] INFO  server.RaftServerConfigKeys (ConfUtils.java:logGet(46)) - raft.server.log.appender.install.snapshot.enabled = false (custom)
2023-07-25 10:55:23,069 [558084a2-61c9-4ed7-bb35-b0adeee70698-groupManagement] INFO  server.RaftServerConfigKeys (ConfUtils.java:logGet(46)) - raft.server.threadpool.server.cached = true (default)
2023-07-25 10:55:23,069 [558084a2-61c9-4ed7-bb35-b0adeee70698-groupManagement] INFO  server.RaftServerConfigKeys (ConfUtils.java:logGet(46)) - raft.server.threadpool.server.size = 0 (default)
2023-07-25 10:55:23,073 [558084a2-61c9-4ed7-bb35-b0adeee70698-groupManagement] INFO  server.RaftServerConfigKeys (ConfUtils.java:logGet(46)) - raft.server.threadpool.client.cached = true (default)
2023-07-25 10:55:23,073 [558084a2-61c9-4ed7-bb35-b0adeee70698-groupManagement] INFO  server.RaftServerConfigKeys (ConfUtils.java:logGet(46)) - raft.server.threadpool.client.size = 0 (default)
2023-07-25 10:55:23,074 [558084a2-61c9-4ed7-bb35-b0adeee70698-groupManagement] INFO  storage.RaftStorageDirectory (RaftStorageDirectoryImpl.java:analyzeStorage(137)) - The storage directory /home/runner/work/ozone/ozone/hadoop-ozone/integration-test/target/test-dir/MiniOzoneClusterImpl-71add7ef-0b93-4dd0-b3e1-91a97b11c72d/datanode-2/data/ratis/d1b2a856-b23c-4622-9693-e6e162410c5d does not exist. Creating ...
2023-07-25 10:55:23,077 [558084a2-61c9-4ed7-bb35-b0adeee70698-groupManagement] INFO  storage.RaftStorageDirectory (RaftStorageDirectoryImpl.java:tryLock(231)) - Lock on /home/runner/work/ozone/ozone/hadoop-ozone/integration-test/target/test-dir/MiniOzoneClusterImpl-71add7ef-0b93-4dd0-b3e1-91a97b11c72d/datanode-2/data/ratis/d1b2a856-b23c-4622-9693-e6e162410c5d/in_use.lock acquired by nodename 12703@fv-az82-323
2023-07-25 10:55:23,085 [558084a2-61c9-4ed7-bb35-b0adeee70698-groupManagement] INFO  storage.RaftStorage (RaftStorageImpl.java:format(96)) - Storage directory /home/runner/work/ozone/ozone/hadoop-ozone/integration-test/target/test-dir/MiniOzoneClusterImpl-71add7ef-0b93-4dd0-b3e1-91a97b11c72d/datanode-2/data/ratis/d1b2a856-b23c-4622-9693-e6e162410c5d has been successfully formatted.
2023-07-25 10:55:23,087 [558084a2-61c9-4ed7-bb35-b0adeee70698-groupManagement] INFO  ratis.ContainerStateMachine (ContainerStateMachine.java:loadSnapshot(262)) - group-E6E162410C5D: The snapshot info is null. Setting the last applied indexto:(t:0, i:~)
2023-07-25 10:55:23,087 [558084a2-61c9-4ed7-bb35-b0adeee70698-groupManagement] INFO  server.RaftServerConfigKeys (ConfUtils.java:logGet(46)) - raft.server.log.use.memory = false (default)
2023-07-25 10:55:23,087 [558084a2-61c9-4ed7-bb35-b0adeee70698-groupManagement] INFO  server.RaftServerConfigKeys (ConfUtils.java:logGet(46)) - raft.server.log.purge.gap = 1000000 (custom)
2023-07-25 10:55:23,089 [558084a2-61c9-4ed7-bb35-b0adeee70698-groupManagement] INFO  server.RaftServerConfigKeys (ConfUtils.java:logGet(46)) - raft.server.log.appender.buffer.byte-limit = 33554432 (custom)
2023-07-25 10:55:23,089 [558084a2-61c9-4ed7-bb35-b0adeee70698-groupManagement] INFO  server.RaftServerConfigKeys (ConfUtils.java:logGet(46)) - raft.server.log.statemachine.data.read.timeout = 1000ms (default)
2023-07-25 10:55:23,089 [558084a2-61c9-4ed7-bb35-b0adeee70698-groupManagement] INFO  server.RaftServerConfigKeys (ConfUtils.java:logGet(46)) - raft.server.log.purge.preservation.log.num = 0 (default)
2023-07-25 10:55:23,089 [558084a2-61c9-4ed7-bb35-b0adeee70698-groupManagement] INFO  server.RaftServerConfigKeys (ConfUtils.java:logGet(46)) - raft.server.log.segment.size.max = 1048576 (custom)
2023-07-25 10:55:23,090 [558084a2-61c9-4ed7-bb35-b0adeee70698-groupManagement] INFO  server.RaftServerConfigKeys (ConfUtils.java:logGet(46)) - raft.server.log.segment.cache.num.max = 2 (custom)
2023-07-25 10:55:23,090 [558084a2-61c9-4ed7-bb35-b0adeee70698-groupManagement] INFO  server.RaftServerConfigKeys (ConfUtils.java:logGet(46)) - raft.server.log.segment.cache.size.max = 200MB (=209715200) (default)
2023-07-25 10:55:23,090 [558084a2-61c9-4ed7-bb35-b0adeee70698-groupManagement] INFO  server.RaftServerConfigKeys (ConfUtils.java:logGet(46)) - raft.server.log.appender.buffer.byte-limit = 33554432 (custom)
2023-07-25 10:55:23,091 [558084a2-61c9-4ed7-bb35-b0adeee70698-groupManagement] INFO  segmented.SegmentedRaftLogWorker (SegmentedRaftLogWorker.java:<init>(188)) - new 558084a2-61c9-4ed7-bb35-b0adeee70698@group-E6E162410C5D-SegmentedRaftLogWorker for RaftStorageImpl:Storage Directory /home/runner/work/ozone/ozone/hadoop-ozone/integration-test/target/test-dir/MiniOzoneClusterImpl-71add7ef-0b93-4dd0-b3e1-91a97b11c72d/datanode-2/data/ratis/d1b2a856-b23c-4622-9693-e6e162410c5d
2023-07-25 10:55:23,091 [558084a2-61c9-4ed7-bb35-b0adeee70698-groupManagement] INFO  server.RaftServerConfigKeys (ConfUtils.java:logGet(46)) - raft.server.log.queue.byte-limit = 4294967296 (custom)
2023-07-25 10:55:23,091 [558084a2-61c9-4ed7-bb35-b0adeee70698-groupManagement] INFO  server.RaftServerConfigKeys (ConfUtils.java:logGet(46)) - raft.server.log.queue.element-limit = 1024 (custom)
2023-07-25 10:55:23,099 [558084a2-61c9-4ed7-bb35-b0adeee70698-groupManagement] INFO  server.RaftServerConfigKeys (ConfUtils.java:logGet(46)) - raft.server.log.segment.size.max = 1048576 (custom)
2023-07-25 10:55:23,122 [558084a2-61c9-4ed7-bb35-b0adeee70698-groupManagement] INFO  server.RaftServerConfigKeys (ConfUtils.java:logGet(46)) - raft.server.log.preallocated.size = 16384 (custom)
2023-07-25 10:55:23,122 [558084a2-61c9-4ed7-bb35-b0adeee70698-groupManagement] INFO  server.RaftServerConfigKeys (ConfUtils.java:logGet(46)) - raft.server.log.force.sync.num = 128 (default)
2023-07-25 10:55:23,122 [558084a2-61c9-4ed7-bb35-b0adeee70698-groupManagement] INFO  server.RaftServerConfigKeys (ConfUtils.java:logGet(46)) - raft.server.log.statemachine.data.sync = true (default)
2023-07-25 10:55:23,122 [558084a2-61c9-4ed7-bb35-b0adeee70698-groupManagement] INFO  server.RaftServerConfigKeys (ConfUtils.java:logGet(46)) - raft.server.log.statemachine.data.sync.timeout = 10s (default)
2023-07-25 10:55:23,122 [558084a2-61c9-4ed7-bb35-b0adeee70698-groupManagement] INFO  server.RaftServerConfigKeys (ConfUtils.java:logGet(46)) - raft.server.log.statemachine.data.sync.timeout.retry = -1 (default)
2023-07-25 10:55:23,125 [558084a2-61c9-4ed7-bb35-b0adeee70698-groupManagement] INFO  server.RaftServerConfigKeys (ConfUtils.java:logGet(46)) - raft.server.log.write.buffer.size = 1048576 (custom)
2023-07-25 10:55:23,126 [558084a2-61c9-4ed7-bb35-b0adeee70698-groupManagement] INFO  server.RaftServerConfigKeys (ConfUtils.java:logGet(46)) - raft.server.log.appender.buffer.byte-limit = 33554432 (custom)
2023-07-25 10:55:23,139 [558084a2-61c9-4ed7-bb35-b0adeee70698-groupManagement] INFO  server.RaftServerConfigKeys (ConfUtils.java:logGet(46)) - raft.server.log.unsafe-flush.enabled = false (default)
2023-07-25 10:55:23,140 [558084a2-61c9-4ed7-bb35-b0adeee70698-groupManagement] INFO  server.RaftServerConfigKeys (ConfUtils.java:logGet(46)) - raft.server.log.async-flush.enabled = false (default)
2023-07-25 10:55:23,140 [558084a2-61c9-4ed7-bb35-b0adeee70698-groupManagement] INFO  server.RaftServerConfigKeys (ConfUtils.java:logGet(46)) - raft.server.log.statemachine.data.caching.enabled = true (custom)
2023-07-25 10:55:23,140 [558084a2-61c9-4ed7-bb35-b0adeee70698-groupManagement] INFO  segmented.SegmentedRaftLogWorker (SegmentedRaftLogWorker.java:lambda$new$0(135)) - 558084a2-61c9-4ed7-bb35-b0adeee70698@group-E6E162410C5D-SegmentedRaftLogWorker: flushIndex: setUnconditionally 0 -> -1
2023-07-25 10:55:23,140 [558084a2-61c9-4ed7-bb35-b0adeee70698-groupManagement] INFO  segmented.SegmentedRaftLogWorker (SegmentedRaftLogWorker.java:lambda$new$0(135)) - 558084a2-61c9-4ed7-bb35-b0adeee70698@group-E6E162410C5D-SegmentedRaftLogWorker: safeCacheEvictIndex: setUnconditionally 0 -> -1
2023-07-25 10:55:23,144 [558084a2-61c9-4ed7-bb35-b0adeee70698-groupManagement] INFO  server.RaftServer$Division (RaftServerImpl.java:start(342)) - 558084a2-61c9-4ed7-bb35-b0adeee70698@group-E6E162410C5D: start as a follower, conf=-1: peers:[a4e02de4-0a57-448c-8e91-91a041d5e72b|rpc:10.1.0.57:15023|admin:10.1.0.57:15022|client:10.1.0.57:15021|dataStream:10.1.0.57:15024|priority:1|startupRole:FOLLOWER, 558084a2-61c9-4ed7-bb35-b0adeee70698|rpc:10.1.0.57:15032|admin:10.1.0.57:15031|client:10.1.0.57:15030|dataStream:10.1.0.57:15033|priority:0|startupRole:FOLLOWER, d61495e8-faf1-4655-91e1-42a45bad4237|rpc:10.1.0.57:15014|admin:10.1.0.57:15013|client:10.1.0.57:15012|dataStream:10.1.0.57:15015|priority:0|startupRole:FOLLOWER]|listeners:[], old=null
2023-07-25 10:55:23,144 [558084a2-61c9-4ed7-bb35-b0adeee70698-groupManagement] INFO  server.RaftServer$Division (RaftServerImpl.java:setRole(329)) - 558084a2-61c9-4ed7-bb35-b0adeee70698@group-E6E162410C5D: changes role from      null to FOLLOWER at term 0 for startAsFollower
2023-07-25 10:55:23,144 [558084a2-61c9-4ed7-bb35-b0adeee70698-groupManagement] INFO  impl.RoleInfo (RoleInfo.java:updateAndGet(139)) - 558084a2-61c9-4ed7-bb35-b0adeee70698: start 558084a2-61c9-4ed7-bb35-b0adeee70698@group-E6E162410C5D-FollowerState
2023-07-25 10:55:23,144 [558084a2-61c9-4ed7-bb35-b0adeee70698-groupManagement] INFO  util.JmxRegister (JmxRegister.java:tryRegister(44)) - Successfully registered JMX Bean with object name Ratis:service=RaftServer,group=group-E6E162410C5D,id=558084a2-61c9-4ed7-bb35-b0adeee70698
2023-07-25 10:55:23,145 [558084a2-61c9-4ed7-bb35-b0adeee70698-groupManagement] INFO  server.RaftServerConfigKeys (ConfUtils.java:logGet(46)) - raft.server.snapshot.auto.trigger.enabled = true (custom)
2023-07-25 10:55:23,145 [558084a2-61c9-4ed7-bb35-b0adeee70698-groupManagement] INFO  server.RaftServerConfigKeys (ConfUtils.java:logGet(46)) - raft.server.snapshot.auto.trigger.threshold = 10000 (custom)
2023-07-25 10:55:23,145 [558084a2-61c9-4ed7-bb35-b0adeee70698-groupManagement] INFO  server.RaftServerConfigKeys (ConfUtils.java:logGet(46)) - raft.server.snapshot.retention.file.num = 5 (custom)
2023-07-25 10:55:23,145 [558084a2-61c9-4ed7-bb35-b0adeee70698-groupManagement] INFO  server.RaftServerConfigKeys (ConfUtils.java:logGet(46)) - raft.server.log.purge.upto.snapshot.index = false (default)
2023-07-25 10:55:23,146 [558084a2-61c9-4ed7-bb35-b0adeee70698@group-E6E162410C5D-FollowerState] INFO  server.RaftServerConfigKeys (ConfUtils.java:logFallback(53)) - raft.server.rpc.first-election.timeout.min = 5s (fallback to raft.server.rpc.timeout.min)
2023-07-25 10:55:23,147 [558084a2-61c9-4ed7-bb35-b0adeee70698@group-E6E162410C5D-FollowerState] INFO  server.RaftServerConfigKeys (ConfUtils.java:logFallback(53)) - raft.server.rpc.first-election.timeout.max = 5200ms (fallback to raft.server.rpc.timeout.max)
2023-07-25 10:55:23,189 [main] INFO  ozone.MiniOzoneClusterImpl (MiniOzoneClusterImpl.java:lambda$waitForClusterToBeReady$0(224)) - Nodes are ready. Got 5 of 5 DN Heartbeats.
2023-07-25 10:55:23,189 [main] INFO  ozone.MiniOzoneClusterImpl (MiniOzoneClusterImpl.java:lambda$waitForClusterToBeReady$0(227)) - Waiting for cluster to exit safe mode
2023-07-25 10:55:23,189 [main] INFO  ozone.MiniOzoneClusterImpl (MiniOzoneClusterImpl.java:lambda$waitForClusterToBeReady$0(229)) - SCM became leader
2023-07-25 10:55:23,347 [558084a2-61c9-4ed7-bb35-b0adeee70698-groupManagement] INFO  server.RaftServer$Division (RaftServerImpl.java:<init>(198)) - 558084a2-61c9-4ed7-bb35-b0adeee70698: new RaftServerImpl for group-9A4BD74B7787:[558084a2-61c9-4ed7-bb35-b0adeee70698|rpc:10.1.0.57:15032|admin:10.1.0.57:15031|client:10.1.0.57:15030|dataStream:10.1.0.57:15033|priority:1|startupRole:FOLLOWER] with ContainerStateMachine:uninitialized
2023-07-25 10:55:23,347 [558084a2-61c9-4ed7-bb35-b0adeee70698-groupManagement] INFO  server.RaftServerConfigKeys (ConfUtils.java:logGet(46)) - raft.server.rpc.timeout.min = 5s (custom)
2023-07-25 10:55:23,347 [558084a2-61c9-4ed7-bb35-b0adeee70698-groupManagement] INFO  server.RaftServerConfigKeys (ConfUtils.java:logGet(46)) - raft.server.rpc.timeout.max = 5200ms (custom)
2023-07-25 10:55:23,348 [558084a2-61c9-4ed7-bb35-b0adeee70698-groupManagement] INFO  server.RaftServerConfigKeys (ConfUtils.java:logGet(46)) - raft.server.rpc.sleep.time = 25ms (default)
2023-07-25 10:55:23,348 [558084a2-61c9-4ed7-bb35-b0adeee70698-groupManagement] INFO  server.RaftServerConfigKeys (ConfUtils.java:logGet(46)) - raft.server.rpc.slowness.timeout = 300s (custom)
2023-07-25 10:55:23,348 [558084a2-61c9-4ed7-bb35-b0adeee70698-groupManagement] INFO  server.RaftServerConfigKeys (ConfUtils.java:logGet(46)) - raft.server.leaderelection.leader.step-down.wait-time = 10s (default)
2023-07-25 10:55:23,348 [558084a2-61c9-4ed7-bb35-b0adeee70698-groupManagement] INFO  server.RaftServerConfigKeys (ConfUtils.java:logGet(46)) - raft.server.sleep.deviation.threshold = 300ms (default)
2023-07-25 10:55:23,348 [558084a2-61c9-4ed7-bb35-b0adeee70698-groupManagement] INFO  server.RaftServer$Division (ServerState.java:<init>(120)) - 558084a2-61c9-4ed7-bb35-b0adeee70698@group-9A4BD74B7787: ConfigurationManager, init=-1: peers:[558084a2-61c9-4ed7-bb35-b0adeee70698|rpc:10.1.0.57:15032|admin:10.1.0.57:15031|client:10.1.0.57:15030|dataStream:10.1.0.57:15033|priority:1|startupRole:FOLLOWER]|listeners:[], old=null, confs=<EMPTY_MAP>
2023-07-25 10:55:23,348 [558084a2-61c9-4ed7-bb35-b0adeee70698-groupManagement] INFO  server.RaftServerConfigKeys (ConfUtils.java:logGet(46)) - raft.server.storage.dir = [/home/runner/work/ozone/ozone/hadoop-ozone/integration-test/target/test-dir/MiniOzoneClusterImpl-71add7ef-0b93-4dd0-b3e1-91a97b11c72d/datanode-2/data/ratis] (custom)
2023-07-25 10:55:23,351 [PipelineCommandHandlerThread-0] INFO  commandhandler.CreatePipelineCommandHandler (CreatePipelineCommandHandler.java:lambda$handle$2(124)) - Created Pipeline RATIS THREE PipelineID=d1b2a856-b23c-4622-9693-e6e162410c5d.
2023-07-25 10:55:23,351 [PipelineCommandHandlerThread-0] INFO  server.RaftServer (RaftServerProxy.java:addNew(98)) - d61495e8-faf1-4655-91e1-42a45bad4237: addNew group-661FD194F38D:[a4e02de4-0a57-448c-8e91-91a041d5e72b|rpc:10.1.0.57:15023|admin:10.1.0.57:15022|client:10.1.0.57:15021|dataStream:10.1.0.57:15024|priority:0|startupRole:FOLLOWER, 558084a2-61c9-4ed7-bb35-b0adeee70698|rpc:10.1.0.57:15032|admin:10.1.0.57:15031|client:10.1.0.57:15030|dataStream:10.1.0.57:15033|priority:0|startupRole:FOLLOWER, d61495e8-faf1-4655-91e1-42a45bad4237|rpc:10.1.0.57:15014|admin:10.1.0.57:15013|client:10.1.0.57:15012|dataStream:10.1.0.57:15015|priority:1|startupRole:FOLLOWER] returns group-661FD194F38D:java.util.concurrent.CompletableFuture@628dd6d1[Not completed]
2023-07-25 10:55:23,353 [558084a2-61c9-4ed7-bb35-b0adeee70698-groupManagement] INFO  server.RaftServerConfigKeys (ConfUtils.java:logGet(46)) - raft.server.log.corruption.policy = EXCEPTION (default)
2023-07-25 10:55:23,353 [558084a2-61c9-4ed7-bb35-b0adeee70698-groupManagement] INFO  server.RaftServerConfigKeys (ConfUtils.java:logGet(46)) - raft.server.storage.free-space.min = 0MB (=0) (default)
2023-07-25 10:55:23,353 [558084a2-61c9-4ed7-bb35-b0adeee70698-groupManagement] INFO  server.RaftServerConfigKeys (ConfUtils.java:logGet(46)) - raft.server.notification.no-leader.timeout = 300s (custom)
2023-07-25 10:55:23,353 [558084a2-61c9-4ed7-bb35-b0adeee70698-groupManagement] INFO  server.RaftServerConfigKeys (ConfUtils.java:logGet(46)) - raft.server.read.timeout = 10s (default)
2023-07-25 10:55:23,353 [558084a2-61c9-4ed7-bb35-b0adeee70698-groupManagement] INFO  server.RaftServerConfigKeys (ConfUtils.java:logGet(46)) - raft.server.retrycache.expirytime = 600000ms (custom)
2023-07-25 10:55:23,353 [558084a2-61c9-4ed7-bb35-b0adeee70698-groupManagement] INFO  server.RaftServerConfigKeys (ConfUtils.java:logGet(46)) - raft.server.retrycache.statistics.expirytime = 100μs (default)
2023-07-25 10:55:23,354 [558084a2-61c9-4ed7-bb35-b0adeee70698-groupManagement] INFO  server.RaftServerConfigKeys (ConfUtils.java:logGet(46)) - raft.server.read.option = DEFAULT (default)
2023-07-25 10:55:23,355 [558084a2-61c9-4ed7-bb35-b0adeee70698-groupManagement] INFO  server.RaftServerConfigKeys (ConfUtils.java:logGet(46)) - raft.server.rpc.request.timeout = 60s (custom)
2023-07-25 10:55:23,355 [558084a2-61c9-4ed7-bb35-b0adeee70698-groupManagement] INFO  server.RaftServerConfigKeys (ConfUtils.java:logGet(46)) - raft.server.log.appender.install.snapshot.enabled = false (custom)
2023-07-25 10:55:23,355 [558084a2-61c9-4ed7-bb35-b0adeee70698-groupManagement] INFO  server.RaftServerConfigKeys (ConfUtils.java:logGet(46)) - raft.server.threadpool.server.cached = true (default)
2023-07-25 10:55:23,355 [558084a2-61c9-4ed7-bb35-b0adeee70698-groupManagement] INFO  server.RaftServerConfigKeys (ConfUtils.java:logGet(46)) - raft.server.threadpool.server.size = 0 (default)
2023-07-25 10:55:23,355 [558084a2-61c9-4ed7-bb35-b0adeee70698-groupManagement] INFO  server.RaftServerConfigKeys (ConfUtils.java:logGet(46)) - raft.server.threadpool.client.cached = true (default)
2023-07-25 10:55:23,355 [558084a2-61c9-4ed7-bb35-b0adeee70698-groupManagement] INFO  server.RaftServerConfigKeys (ConfUtils.java:logGet(46)) - raft.server.threadpool.client.size = 0 (default)
2023-07-25 10:55:23,356 [PipelineCommandHandlerThread-0] INFO  server.RaftServer (RaftServerProxy.java:addNew(98)) - 558084a2-61c9-4ed7-bb35-b0adeee70698: addNew group-9A4BD74B7787:[558084a2-61c9-4ed7-bb35-b0adeee70698|rpc:10.1.0.57:15032|admin:10.1.0.57:15031|client:10.1.0.57:15030|dataStream:10.1.0.57:15033|priority:1|startupRole:FOLLOWER] returns      null 558084a2-61c9-4ed7-bb35-b0adeee70698@group-9A4BD74B7787:t0, leader=null, voted=null, raftlog=UNINITIALIZED, conf=-1: peers:[558084a2-61c9-4ed7-bb35-b0adeee70698|rpc:10.1.0.57:15032|admin:10.1.0.57:15031|client:10.1.0.57:15030|dataStream:10.1.0.57:15033|priority:1|startupRole:FOLLOWER]|listeners:[], old=null NEW
2023-07-25 10:55:23,361 [d61495e8-faf1-4655-91e1-42a45bad4237-groupManagement] INFO  server.RaftServer$Division (RaftServerImpl.java:<init>(198)) - d61495e8-faf1-4655-91e1-42a45bad4237: new RaftServerImpl for group-661FD194F38D:[a4e02de4-0a57-448c-8e91-91a041d5e72b|rpc:10.1.0.57:15023|admin:10.1.0.57:15022|client:10.1.0.57:15021|dataStream:10.1.0.57:15024|priority:0|startupRole:FOLLOWER, 558084a2-61c9-4ed7-bb35-b0adeee70698|rpc:10.1.0.57:15032|admin:10.1.0.57:15031|client:10.1.0.57:15030|dataStream:10.1.0.57:15033|priority:0|startupRole:FOLLOWER, d61495e8-faf1-4655-91e1-42a45bad4237|rpc:10.1.0.57:15014|admin:10.1.0.57:15013|client:10.1.0.57:15012|dataStream:10.1.0.57:15015|priority:1|startupRole:FOLLOWER] with ContainerStateMachine:uninitialized
2023-07-25 10:55:23,362 [d61495e8-faf1-4655-91e1-42a45bad4237-groupManagement] INFO  server.RaftServerConfigKeys (ConfUtils.java:logGet(46)) - raft.server.rpc.timeout.min = 5s (custom)
2023-07-25 10:55:23,362 [d61495e8-faf1-4655-91e1-42a45bad4237-groupManagement] INFO  server.RaftServerConfigKeys (ConfUtils.java:logGet(46)) - raft.server.rpc.timeout.max = 5200ms (custom)
2023-07-25 10:55:23,362 [d61495e8-faf1-4655-91e1-42a45bad4237-groupManagement] INFO  server.RaftServerConfigKeys (ConfUtils.java:logGet(46)) - raft.server.rpc.sleep.time = 25ms (default)
2023-07-25 10:55:23,362 [d61495e8-faf1-4655-91e1-42a45bad4237-groupManagement] INFO  server.RaftServerConfigKeys (ConfUtils.java:logGet(46)) - raft.server.rpc.slowness.timeout = 300s (custom)
2023-07-25 10:55:23,362 [d61495e8-faf1-4655-91e1-42a45bad4237-groupManagement] INFO  server.RaftServerConfigKeys (ConfUtils.java:logGet(46)) - raft.server.leaderelection.leader.step-down.wait-time = 10s (default)
2023-07-25 10:55:23,362 [d61495e8-faf1-4655-91e1-42a45bad4237-groupManagement] INFO  server.RaftServerConfigKeys (ConfUtils.java:logGet(46)) - raft.server.sleep.deviation.threshold = 300ms (default)
2023-07-25 10:55:23,363 [d61495e8-faf1-4655-91e1-42a45bad4237-groupManagement] INFO  server.RaftServer$Division (ServerState.java:<init>(120)) - d61495e8-faf1-4655-91e1-42a45bad4237@group-661FD194F38D: ConfigurationManager, init=-1: peers:[a4e02de4-0a57-448c-8e91-91a041d5e72b|rpc:10.1.0.57:15023|admin:10.1.0.57:15022|client:10.1.0.57:15021|dataStream:10.1.0.57:15024|priority:0|startupRole:FOLLOWER, 558084a2-61c9-4ed7-bb35-b0adeee70698|rpc:10.1.0.57:15032|admin:10.1.0.57:15031|client:10.1.0.57:15030|dataStream:10.1.0.57:15033|priority:0|startupRole:FOLLOWER, d61495e8-faf1-4655-91e1-42a45bad4237|rpc:10.1.0.57:15014|admin:10.1.0.57:15013|client:10.1.0.57:15012|dataStream:10.1.0.57:15015|priority:1|startupRole:FOLLOWER]|listeners:[], old=null, confs=<EMPTY_MAP>
2023-07-25 10:55:23,363 [d61495e8-faf1-4655-91e1-42a45bad4237-groupManagement] INFO  server.RaftServerConfigKeys (ConfUtils.java:logGet(46)) - raft.server.storage.dir = [/home/runner/work/ozone/ozone/hadoop-ozone/integration-test/target/test-dir/MiniOzoneClusterImpl-71add7ef-0b93-4dd0-b3e1-91a97b11c72d/datanode-0/data/ratis] (custom)
2023-07-25 10:55:23,363 [d61495e8-faf1-4655-91e1-42a45bad4237-groupManagement] INFO  server.RaftServerConfigKeys (ConfUtils.java:logGet(46)) - raft.server.log.corruption.policy = EXCEPTION (default)
2023-07-25 10:55:23,363 [d61495e8-faf1-4655-91e1-42a45bad4237-groupManagement] INFO  server.RaftServerConfigKeys (ConfUtils.java:logGet(46)) - raft.server.storage.free-space.min = 0MB (=0) (default)
2023-07-25 10:55:23,363 [d61495e8-faf1-4655-91e1-42a45bad4237-groupManagement] INFO  server.RaftServerConfigKeys (ConfUtils.java:logGet(46)) - raft.server.notification.no-leader.timeout = 300s (custom)
2023-07-25 10:55:23,363 [d61495e8-faf1-4655-91e1-42a45bad4237-groupManagement] INFO  server.RaftServerConfigKeys (ConfUtils.java:logGet(46)) - raft.server.read.timeout = 10s (default)
2023-07-25 10:55:23,363 [d61495e8-faf1-4655-91e1-42a45bad4237-groupManagement] INFO  server.RaftServerConfigKeys (ConfUtils.java:logGet(46)) - raft.server.retrycache.expirytime = 600000ms (custom)
2023-07-25 10:55:23,364 [d61495e8-faf1-4655-91e1-42a45bad4237-groupManagement] INFO  server.RaftServerConfigKeys (ConfUtils.java:logGet(46)) - raft.server.retrycache.statistics.expirytime = 100μs (default)
2023-07-25 10:55:23,364 [d61495e8-faf1-4655-91e1-42a45bad4237-groupManagement] INFO  server.RaftServerConfigKeys (ConfUtils.java:logGet(46)) - raft.server.read.option = DEFAULT (default)
2023-07-25 10:55:23,365 [558084a2-61c9-4ed7-bb35-b0adeee70698-groupManagement] INFO  storage.RaftStorageDirectory (RaftStorageDirectoryImpl.java:analyzeStorage(137)) - The storage directory /home/runner/work/ozone/ozone/hadoop-ozone/integration-test/target/test-dir/MiniOzoneClusterImpl-71add7ef-0b93-4dd0-b3e1-91a97b11c72d/datanode-2/data/ratis/02cc9d56-cfde-4344-b940-9a4bd74b7787 does not exist. Creating ...
2023-07-25 10:55:23,365 [d61495e8-faf1-4655-91e1-42a45bad4237-groupManagement] INFO  server.RaftServerConfigKeys (ConfUtils.java:logGet(46)) - raft.server.rpc.request.timeout = 60s (custom)
2023-07-25 10:55:23,370 [d61495e8-faf1-4655-91e1-42a45bad4237-groupManagement] INFO  server.RaftServerConfigKeys (ConfUtils.java:logGet(46)) - raft.server.log.appender.install.snapshot.enabled = false (custom)
2023-07-25 10:55:23,370 [d61495e8-faf1-4655-91e1-42a45bad4237-groupManagement] INFO  server.RaftServerConfigKeys (ConfUtils.java:logGet(46)) - raft.server.threadpool.server.cached = true (default)
2023-07-25 10:55:23,371 [d61495e8-faf1-4655-91e1-42a45bad4237-groupManagement] INFO  server.RaftServerConfigKeys (ConfUtils.java:logGet(46)) - raft.server.threadpool.server.size = 0 (default)
2023-07-25 10:55:23,371 [558084a2-61c9-4ed7-bb35-b0adeee70698-groupManagement] INFO  storage.RaftStorageDirectory (RaftStorageDirectoryImpl.java:tryLock(231)) - Lock on /home/runner/work/ozone/ozone/hadoop-ozone/integration-test/target/test-dir/MiniOzoneClusterImpl-71add7ef-0b93-4dd0-b3e1-91a97b11c72d/datanode-2/data/ratis/02cc9d56-cfde-4344-b940-9a4bd74b7787/in_use.lock acquired by nodename 12703@fv-az82-323
2023-07-25 10:55:23,371 [d61495e8-faf1-4655-91e1-42a45bad4237-groupManagement] INFO  server.RaftServerConfigKeys (ConfUtils.java:logGet(46)) - raft.server.threadpool.client.cached = true (default)
2023-07-25 10:55:23,372 [d61495e8-faf1-4655-91e1-42a45bad4237-groupManagement] INFO  server.RaftServerConfigKeys (ConfUtils.java:logGet(46)) - raft.server.threadpool.client.size = 0 (default)
2023-07-25 10:55:23,372 [d61495e8-faf1-4655-91e1-42a45bad4237-groupManagement] INFO  storage.RaftStorageDirectory (RaftStorageDirectoryImpl.java:analyzeStorage(137)) - The storage directory /home/runner/work/ozone/ozone/hadoop-ozone/integration-test/target/test-dir/MiniOzoneClusterImpl-71add7ef-0b93-4dd0-b3e1-91a97b11c72d/datanode-0/data/ratis/02988bac-003c-4425-b79a-661fd194f38d does not exist. Creating ...
2023-07-25 10:55:23,372 [PipelineCommandHandlerThread-0] INFO  commandhandler.CreatePipelineCommandHandler (CreatePipelineCommandHandler.java:lambda$handle$2(124)) - Created Pipeline RATIS THREE PipelineID=d1b2a856-b23c-4622-9693-e6e162410c5d.
2023-07-25 10:55:23,373 [PipelineCommandHandlerThread-0] INFO  server.RaftServer (RaftServerProxy.java:addNew(98)) - a4e02de4-0a57-448c-8e91-91a041d5e72b: addNew group-661FD194F38D:[a4e02de4-0a57-448c-8e91-91a041d5e72b|rpc:10.1.0.57:15023|admin:10.1.0.57:15022|client:10.1.0.57:15021|dataStream:10.1.0.57:15024|priority:0|startupRole:FOLLOWER, 558084a2-61c9-4ed7-bb35-b0adeee70698|rpc:10.1.0.57:15032|admin:10.1.0.57:15031|client:10.1.0.57:15030|dataStream:10.1.0.57:15033|priority:0|startupRole:FOLLOWER, d61495e8-faf1-4655-91e1-42a45bad4237|rpc:10.1.0.57:15014|admin:10.1.0.57:15013|client:10.1.0.57:15012|dataStream:10.1.0.57:15015|priority:1|startupRole:FOLLOWER] returns group-661FD194F38D:java.util.concurrent.CompletableFuture@56a05611[Not completed]
2023-07-25 10:55:23,375 [a4e02de4-0a57-448c-8e91-91a041d5e72b-groupManagement] INFO  server.RaftServer$Division (RaftServerImpl.java:<init>(198)) - a4e02de4-0a57-448c-8e91-91a041d5e72b: new RaftServerImpl for group-661FD194F38D:[a4e02de4-0a57-448c-8e91-91a041d5e72b|rpc:10.1.0.57:15023|admin:10.1.0.57:15022|client:10.1.0.57:15021|dataStream:10.1.0.57:15024|priority:0|startupRole:FOLLOWER, 558084a2-61c9-4ed7-bb35-b0adeee70698|rpc:10.1.0.57:15032|admin:10.1.0.57:15031|client:10.1.0.57:15030|dataStream:10.1.0.57:15033|priority:0|startupRole:FOLLOWER, d61495e8-faf1-4655-91e1-42a45bad4237|rpc:10.1.0.57:15014|admin:10.1.0.57:15013|client:10.1.0.57:15012|dataStream:10.1.0.57:15015|priority:1|startupRole:FOLLOWER] with ContainerStateMachine:uninitialized
2023-07-25 10:55:23,375 [a4e02de4-0a57-448c-8e91-91a041d5e72b-groupManagement] INFO  server.RaftServerConfigKeys (ConfUtils.java:logGet(46)) - raft.server.rpc.timeout.min = 5s (custom)
2023-07-25 10:55:23,375 [a4e02de4-0a57-448c-8e91-91a041d5e72b-groupManagement] INFO  server.RaftServerConfigKeys (ConfUtils.java:logGet(46)) - raft.server.rpc.timeout.max = 5200ms (custom)
2023-07-25 10:55:23,375 [a4e02de4-0a57-448c-8e91-91a041d5e72b-groupManagement] INFO  server.RaftServerConfigKeys (ConfUtils.java:logGet(46)) - raft.server.rpc.sleep.time = 25ms (default)
2023-07-25 10:55:23,375 [a4e02de4-0a57-448c-8e91-91a041d5e72b-groupManagement] INFO  server.RaftServerConfigKeys (ConfUtils.java:logGet(46)) - raft.server.rpc.slowness.timeout = 300s (custom)
2023-07-25 10:55:23,375 [a4e02de4-0a57-448c-8e91-91a041d5e72b-groupManagement] INFO  server.RaftServerConfigKeys (ConfUtils.java:logGet(46)) - raft.server.leaderelection.leader.step-down.wait-time = 10s (default)
2023-07-25 10:55:23,375 [a4e02de4-0a57-448c-8e91-91a041d5e72b-groupManagement] INFO  server.RaftServerConfigKeys (ConfUtils.java:logGet(46)) - raft.server.sleep.deviation.threshold = 300ms (default)
2023-07-25 10:55:23,375 [a4e02de4-0a57-448c-8e91-91a041d5e72b-groupManagement] INFO  server.RaftServer$Division (ServerState.java:<init>(120)) - a4e02de4-0a57-448c-8e91-91a041d5e72b@group-661FD194F38D: ConfigurationManager, init=-1: peers:[a4e02de4-0a57-448c-8e91-91a041d5e72b|rpc:10.1.0.57:15023|admin:10.1.0.57:15022|client:10.1.0.57:15021|dataStream:10.1.0.57:15024|priority:0|startupRole:FOLLOWER, 558084a2-61c9-4ed7-bb35-b0adeee70698|rpc:10.1.0.57:15032|admin:10.1.0.57:15031|client:10.1.0.57:15030|dataStream:10.1.0.57:15033|priority:0|startupRole:FOLLOWER, d61495e8-faf1-4655-91e1-42a45bad4237|rpc:10.1.0.57:15014|admin:10.1.0.57:15013|client:10.1.0.57:15012|dataStream:10.1.0.57:15015|priority:1|startupRole:FOLLOWER]|listeners:[], old=null, confs=<EMPTY_MAP>
2023-07-25 10:55:23,376 [a4e02de4-0a57-448c-8e91-91a041d5e72b-groupManagement] INFO  server.RaftServerConfigKeys (ConfUtils.java:logGet(46)) - raft.server.storage.dir = [/home/runner/work/ozone/ozone/hadoop-ozone/integration-test/target/test-dir/MiniOzoneClusterImpl-71add7ef-0b93-4dd0-b3e1-91a97b11c72d/datanode-1/data/ratis] (custom)
2023-07-25 10:55:23,376 [a4e02de4-0a57-448c-8e91-91a041d5e72b-groupManagement] INFO  server.RaftServerConfigKeys (ConfUtils.java:logGet(46)) - raft.server.log.corruption.policy = EXCEPTION (default)
2023-07-25 10:55:23,376 [a4e02de4-0a57-448c-8e91-91a041d5e72b-groupManagement] INFO  server.RaftServerConfigKeys (ConfUtils.java:logGet(46)) - raft.server.storage.free-space.min = 0MB (=0) (default)
2023-07-25 10:55:23,376 [a4e02de4-0a57-448c-8e91-91a041d5e72b-groupManagement] INFO  server.RaftServerConfigKeys (ConfUtils.java:logGet(46)) - raft.server.notification.no-leader.timeout = 300s (custom)
2023-07-25 10:55:23,376 [a4e02de4-0a57-448c-8e91-91a041d5e72b-groupManagement] INFO  server.RaftServerConfigKeys (ConfUtils.java:logGet(46)) - raft.server.read.timeout = 10s (default)
2023-07-25 10:55:23,376 [a4e02de4-0a57-448c-8e91-91a041d5e72b-groupManagement] INFO  server.RaftServerConfigKeys (ConfUtils.java:logGet(46)) - raft.server.retrycache.expirytime = 600000ms (custom)
2023-07-25 10:55:23,376 [a4e02de4-0a57-448c-8e91-91a041d5e72b-groupManagement] INFO  server.RaftServerConfigKeys (ConfUtils.java:logGet(46)) - raft.server.retrycache.statistics.expirytime = 100μs (default)
2023-07-25 10:55:23,376 [a4e02de4-0a57-448c-8e91-91a041d5e72b-groupManagement] INFO  server.RaftServerConfigKeys (ConfUtils.java:logGet(46)) - raft.server.read.option = DEFAULT (default)
2023-07-25 10:55:23,379 [558084a2-61c9-4ed7-bb35-b0adeee70698-groupManagement] INFO  storage.RaftStorage (RaftStorageImpl.java:format(96)) - Storage directory /home/runner/work/ozone/ozone/hadoop-ozone/integration-test/target/test-dir/MiniOzoneClusterImpl-71add7ef-0b93-4dd0-b3e1-91a97b11c72d/datanode-2/data/ratis/02cc9d56-cfde-4344-b940-9a4bd74b7787 has been successfully formatted.
2023-07-25 10:55:23,382 [558084a2-61c9-4ed7-bb35-b0adeee70698-groupManagement] INFO  ratis.ContainerStateMachine (ContainerStateMachine.java:loadSnapshot(262)) - group-9A4BD74B7787: The snapshot info is null. Setting the last applied indexto:(t:0, i:~)
2023-07-25 10:55:23,382 [558084a2-61c9-4ed7-bb35-b0adeee70698-groupManagement] INFO  server.RaftServerConfigKeys (ConfUtils.java:logGet(46)) - raft.server.log.use.memory = false (default)
2023-07-25 10:55:23,382 [558084a2-61c9-4ed7-bb35-b0adeee70698-groupManagement] INFO  server.RaftServerConfigKeys (ConfUtils.java:logGet(46)) - raft.server.log.purge.gap = 1000000 (custom)
2023-07-25 10:55:23,382 [558084a2-61c9-4ed7-bb35-b0adeee70698-groupManagement] INFO  server.RaftServerConfigKeys (ConfUtils.java:logGet(46)) - raft.server.log.appender.buffer.byte-limit = 33554432 (custom)
2023-07-25 10:55:23,386 [558084a2-61c9-4ed7-bb35-b0adeee70698-groupManagement] INFO  server.RaftServerConfigKeys (ConfUtils.java:logGet(46)) - raft.server.log.statemachine.data.read.timeout = 1000ms (default)
2023-07-25 10:55:23,386 [558084a2-61c9-4ed7-bb35-b0adeee70698-groupManagement] INFO  server.RaftServerConfigKeys (ConfUtils.java:logGet(46)) - raft.server.log.purge.preservation.log.num = 0 (default)
2023-07-25 10:55:23,386 [558084a2-61c9-4ed7-bb35-b0adeee70698-groupManagement] INFO  server.RaftServerConfigKeys (ConfUtils.java:logGet(46)) - raft.server.log.segment.size.max = 1048576 (custom)
2023-07-25 10:55:23,387 [558084a2-61c9-4ed7-bb35-b0adeee70698-groupManagement] INFO  server.RaftServerConfigKeys (ConfUtils.java:logGet(46)) - raft.server.log.segment.cache.num.max = 2 (custom)
2023-07-25 10:55:23,387 [558084a2-61c9-4ed7-bb35-b0adeee70698-groupManagement] INFO  server.RaftServerConfigKeys (ConfUtils.java:logGet(46)) - raft.server.log.segment.cache.size.max = 200MB (=209715200) (default)
2023-07-25 10:55:23,387 [558084a2-61c9-4ed7-bb35-b0adeee70698-groupManagement] INFO  server.RaftServerConfigKeys (ConfUtils.java:logGet(46)) - raft.server.log.appender.buffer.byte-limit = 33554432 (custom)
2023-07-25 10:55:23,387 [558084a2-61c9-4ed7-bb35-b0adeee70698-groupManagement] INFO  segmented.SegmentedRaftLogWorker (SegmentedRaftLogWorker.java:<init>(188)) - new 558084a2-61c9-4ed7-bb35-b0adeee70698@group-9A4BD74B7787-SegmentedRaftLogWorker for RaftStorageImpl:Storage Directory /home/runner/work/ozone/ozone/hadoop-ozone/integration-test/target/test-dir/MiniOzoneClusterImpl-71add7ef-0b93-4dd0-b3e1-91a97b11c72d/datanode-2/data/ratis/02cc9d56-cfde-4344-b940-9a4bd74b7787
2023-07-25 10:55:23,388 [558084a2-61c9-4ed7-bb35-b0adeee70698-groupManagement] INFO  server.RaftServerConfigKeys (ConfUtils.java:logGet(46)) - raft.server.log.queue.byte-limit = 4294967296 (custom)
2023-07-25 10:55:23,388 [558084a2-61c9-4ed7-bb35-b0adeee70698-groupManagement] INFO  server.RaftServerConfigKeys (ConfUtils.java:logGet(46)) - raft.server.log.queue.element-limit = 1024 (custom)
2023-07-25 10:55:23,388 [558084a2-61c9-4ed7-bb35-b0adeee70698-groupManagement] INFO  server.RaftServerConfigKeys (ConfUtils.java:logGet(46)) - raft.server.log.segment.size.max = 1048576 (custom)
2023-07-25 10:55:23,388 [558084a2-61c9-4ed7-bb35-b0adeee70698-groupManagement] INFO  server.RaftServerConfigKeys (ConfUtils.java:logGet(46)) - raft.server.log.preallocated.size = 16384 (custom)
2023-07-25 10:55:23,388 [558084a2-61c9-4ed7-bb35-b0adeee70698-groupManagement] INFO  server.RaftServerConfigKeys (ConfUtils.java:logGet(46)) - raft.server.log.force.sync.num = 128 (default)
2023-07-25 10:55:23,388 [558084a2-61c9-4ed7-bb35-b0adeee70698-groupManagement] INFO  server.RaftServerConfigKeys (ConfUtils.java:logGet(46)) - raft.server.log.statemachine.data.sync = true (default)
2023-07-25 10:55:23,388 [558084a2-61c9-4ed7-bb35-b0adeee70698-groupManagement] INFO  server.RaftServerConfigKeys (ConfUtils.java:logGet(46)) - raft.server.log.statemachine.data.sync.timeout = 10s (default)
2023-07-25 10:55:23,388 [558084a2-61c9-4ed7-bb35-b0adeee70698-groupManagement] INFO  server.RaftServerConfigKeys (ConfUtils.java:logGet(46)) - raft.server.log.statemachine.data.sync.timeout.retry = -1 (default)
2023-07-25 10:55:23,381 [d61495e8-faf1-4655-91e1-42a45bad4237-groupManagement] INFO  storage.RaftStorageDirectory (RaftStorageDirectoryImpl.java:tryLock(231)) - Lock on /home/runner/work/ozone/ozone/hadoop-ozone/integration-test/target/test-dir/MiniOzoneClusterImpl-71add7ef-0b93-4dd0-b3e1-91a97b11c72d/datanode-0/data/ratis/02988bac-003c-4425-b79a-661fd194f38d/in_use.lock acquired by nodename 12703@fv-az82-323
2023-07-25 10:55:23,388 [a4e02de4-0a57-448c-8e91-91a041d5e72b-groupManagement] INFO  server.RaftServerConfigKeys (ConfUtils.java:logGet(46)) - raft.server.rpc.request.timeout = 60s (custom)
2023-07-25 10:55:23,385 [EventQueue-PipelineReportForPipelineReportHandler] INFO  pipeline.PipelineReportHandler (PipelineReportHandler.java:processPipelineReport(136)) - Opened pipeline PipelineID=02cc9d56-cfde-4344-b940-9a4bd74b7787
2023-07-25 10:55:23,390 [EventQueue-OpenPipelineForHealthyPipelineSafeModeRule] INFO  safemode.SCMSafeModeManager (HealthyPipelineSafeModeRule.java:process(137)) - SCM in safe mode. Healthy pipelines reported count is 0, required healthy pipeline reported count is 1
2023-07-25 10:55:23,390 [a4e02de4-0a57-448c-8e91-91a041d5e72b-groupManagement] INFO  server.RaftServerConfigKeys (ConfUtils.java:logGet(46)) - raft.server.log.appender.install.snapshot.enabled = false (custom)
2023-07-25 10:55:23,390 [a4e02de4-0a57-448c-8e91-91a041d5e72b-groupManagement] INFO  server.RaftServerConfigKeys (ConfUtils.java:logGet(46)) - raft.server.threadpool.server.cached = true (default)
2023-07-25 10:55:23,390 [a4e02de4-0a57-448c-8e91-91a041d5e72b-groupManagement] INFO  server.RaftServerConfigKeys (ConfUtils.java:logGet(46)) - raft.server.threadpool.server.size = 0 (default)
2023-07-25 10:55:23,390 [a4e02de4-0a57-448c-8e91-91a041d5e72b-groupManagement] INFO  server.RaftServerConfigKeys (ConfUtils.java:logGet(46)) - raft.server.threadpool.client.cached = true (default)
2023-07-25 10:55:23,390 [a4e02de4-0a57-448c-8e91-91a041d5e72b-groupManagement] INFO  server.RaftServerConfigKeys (ConfUtils.java:logGet(46)) - raft.server.threadpool.client.size = 0 (default)
2023-07-25 10:55:23,391 [a4e02de4-0a57-448c-8e91-91a041d5e72b-groupManagement] INFO  storage.RaftStorageDirectory (RaftStorageDirectoryImpl.java:analyzeStorage(137)) - The storage directory /home/runner/work/ozone/ozone/hadoop-ozone/integration-test/target/test-dir/MiniOzoneClusterImpl-71add7ef-0b93-4dd0-b3e1-91a97b11c72d/datanode-1/data/ratis/02988bac-003c-4425-b79a-661fd194f38d does not exist. Creating ...
2023-07-25 10:55:23,393 [558084a2-61c9-4ed7-bb35-b0adeee70698-groupManagement] INFO  server.RaftServerConfigKeys (ConfUtils.java:logGet(46)) - raft.server.log.write.buffer.size = 1048576 (custom)
2023-07-25 10:55:23,394 [558084a2-61c9-4ed7-bb35-b0adeee70698-groupManagement] INFO  server.RaftServerConfigKeys (ConfUtils.java:logGet(46)) - raft.server.log.appender.buffer.byte-limit = 33554432 (custom)
2023-07-25 10:55:23,395 [d61495e8-faf1-4655-91e1-42a45bad4237-groupManagement] INFO  storage.RaftStorage (RaftStorageImpl.java:format(96)) - Storage directory /home/runner/work/ozone/ozone/hadoop-ozone/integration-test/target/test-dir/MiniOzoneClusterImpl-71add7ef-0b93-4dd0-b3e1-91a97b11c72d/datanode-0/data/ratis/02988bac-003c-4425-b79a-661fd194f38d has been successfully formatted.
2023-07-25 10:55:23,395 [d61495e8-faf1-4655-91e1-42a45bad4237-groupManagement] INFO  ratis.ContainerStateMachine (ContainerStateMachine.java:loadSnapshot(262)) - group-661FD194F38D: The snapshot info is null. Setting the last applied indexto:(t:0, i:~)
2023-07-25 10:55:23,395 [d61495e8-faf1-4655-91e1-42a45bad4237-groupManagement] INFO  server.RaftServerConfigKeys (ConfUtils.java:logGet(46)) - raft.server.log.use.memory = false (default)
2023-07-25 10:55:23,396 [d61495e8-faf1-4655-91e1-42a45bad4237-groupManagement] INFO  server.RaftServerConfigKeys (ConfUtils.java:logGet(46)) - raft.server.log.purge.gap = 1000000 (custom)
2023-07-25 10:55:23,396 [d61495e8-faf1-4655-91e1-42a45bad4237-groupManagement] INFO  server.RaftServerConfigKeys (ConfUtils.java:logGet(46)) - raft.server.log.appender.buffer.byte-limit = 33554432 (custom)
2023-07-25 10:55:23,398 [d61495e8-faf1-4655-91e1-42a45bad4237-groupManagement] INFO  server.RaftServerConfigKeys (ConfUtils.java:logGet(46)) - raft.server.log.statemachine.data.read.timeout = 1000ms (default)
2023-07-25 10:55:23,398 [d61495e8-faf1-4655-91e1-42a45bad4237-groupManagement] INFO  server.RaftServerConfigKeys (ConfUtils.java:logGet(46)) - raft.server.log.purge.preservation.log.num = 0 (default)
2023-07-25 10:55:23,399 [d61495e8-faf1-4655-91e1-42a45bad4237-groupManagement] INFO  server.RaftServerConfigKeys (ConfUtils.java:logGet(46)) - raft.server.log.segment.size.max = 1048576 (custom)
2023-07-25 10:55:23,396 [a4e02de4-0a57-448c-8e91-91a041d5e72b-groupManagement] INFO  storage.RaftStorageDirectory (RaftStorageDirectoryImpl.java:tryLock(231)) - Lock on /home/runner/work/ozone/ozone/hadoop-ozone/integration-test/target/test-dir/MiniOzoneClusterImpl-71add7ef-0b93-4dd0-b3e1-91a97b11c72d/datanode-1/data/ratis/02988bac-003c-4425-b79a-661fd194f38d/in_use.lock acquired by nodename 12703@fv-az82-323
2023-07-25 10:55:23,409 [558084a2-61c9-4ed7-bb35-b0adeee70698-groupManagement] INFO  server.RaftServerConfigKeys (ConfUtils.java:logGet(46)) - raft.server.log.unsafe-flush.enabled = false (default)
2023-07-25 10:55:23,409 [558084a2-61c9-4ed7-bb35-b0adeee70698-groupManagement] INFO  server.RaftServerConfigKeys (ConfUtils.java:logGet(46)) - raft.server.log.async-flush.enabled = false (default)
2023-07-25 10:55:23,409 [558084a2-61c9-4ed7-bb35-b0adeee70698-groupManagement] INFO  server.RaftServerConfigKeys (ConfUtils.java:logGet(46)) - raft.server.log.statemachine.data.caching.enabled = true (custom)
2023-07-25 10:55:23,410 [EventQueue-OpenPipelineForHealthyPipelineSafeModeRule] INFO  safemode.SCMSafeModeManager (HealthyPipelineSafeModeRule.java:process(137)) - SCM in safe mode. Healthy pipelines reported count is 0, required healthy pipeline reported count is 1
2023-07-25 10:55:23,409 [a4e02de4-0a57-448c-8e91-91a041d5e72b-groupManagement] INFO  storage.RaftStorage (RaftStorageImpl.java:format(96)) - Storage directory /home/runner/work/ozone/ozone/hadoop-ozone/integration-test/target/test-dir/MiniOzoneClusterImpl-71add7ef-0b93-4dd0-b3e1-91a97b11c72d/datanode-1/data/ratis/02988bac-003c-4425-b79a-661fd194f38d has been successfully formatted.
2023-07-25 10:55:23,411 [558084a2-61c9-4ed7-bb35-b0adeee70698-groupManagement] INFO  segmented.SegmentedRaftLogWorker (SegmentedRaftLogWorker.java:lambda$new$0(135)) - 558084a2-61c9-4ed7-bb35-b0adeee70698@group-9A4BD74B7787-SegmentedRaftLogWorker: flushIndex: setUnconditionally 0 -> -1
2023-07-25 10:55:23,411 [558084a2-61c9-4ed7-bb35-b0adeee70698-groupManagement] INFO  segmented.SegmentedRaftLogWorker (SegmentedRaftLogWorker.java:lambda$new$0(135)) - 558084a2-61c9-4ed7-bb35-b0adeee70698@group-9A4BD74B7787-SegmentedRaftLogWorker: safeCacheEvictIndex: setUnconditionally 0 -> -1
2023-07-25 10:55:23,411 [558084a2-61c9-4ed7-bb35-b0adeee70698-groupManagement] INFO  server.RaftServer$Division (RaftServerImpl.java:start(342)) - 558084a2-61c9-4ed7-bb35-b0adeee70698@group-9A4BD74B7787: start as a follower, conf=-1: peers:[558084a2-61c9-4ed7-bb35-b0adeee70698|rpc:10.1.0.57:15032|admin:10.1.0.57:15031|client:10.1.0.57:15030|dataStream:10.1.0.57:15033|priority:1|startupRole:FOLLOWER]|listeners:[], old=null
2023-07-25 10:55:23,411 [558084a2-61c9-4ed7-bb35-b0adeee70698-groupManagement] INFO  server.RaftServer$Division (RaftServerImpl.java:setRole(329)) - 558084a2-61c9-4ed7-bb35-b0adeee70698@group-9A4BD74B7787: changes role from      null to FOLLOWER at term 0 for startAsFollower
2023-07-25 10:55:23,412 [558084a2-61c9-4ed7-bb35-b0adeee70698-groupManagement] INFO  impl.RoleInfo (RoleInfo.java:updateAndGet(139)) - 558084a2-61c9-4ed7-bb35-b0adeee70698: start 558084a2-61c9-4ed7-bb35-b0adeee70698@group-9A4BD74B7787-FollowerState
2023-07-25 10:55:23,414 [558084a2-61c9-4ed7-bb35-b0adeee70698@group-9A4BD74B7787-FollowerState] INFO  server.RaftServerConfigKeys (ConfUtils.java:logFallback(53)) - raft.server.rpc.first-election.timeout.min = 5s (fallback to raft.server.rpc.timeout.min)
2023-07-25 10:55:23,414 [558084a2-61c9-4ed7-bb35-b0adeee70698@group-9A4BD74B7787-FollowerState] INFO  server.RaftServerConfigKeys (ConfUtils.java:logFallback(53)) - raft.server.rpc.first-election.timeout.max = 5200ms (fallback to raft.server.rpc.timeout.max)
2023-07-25 10:55:23,417 [a4e02de4-0a57-448c-8e91-91a041d5e72b-groupManagement] INFO  ratis.ContainerStateMachine (ContainerStateMachine.java:loadSnapshot(262)) - group-661FD194F38D: The snapshot info is null. Setting the last applied indexto:(t:0, i:~)
2023-07-25 10:55:23,417 [a4e02de4-0a57-448c-8e91-91a041d5e72b-groupManagement] INFO  server.RaftServerConfigKeys (ConfUtils.java:logGet(46)) - raft.server.log.use.memory = false (default)
2023-07-25 10:55:23,417 [a4e02de4-0a57-448c-8e91-91a041d5e72b-groupManagement] INFO  server.RaftServerConfigKeys (ConfUtils.java:logGet(46)) - raft.server.log.purge.gap = 1000000 (custom)
2023-07-25 10:55:23,417 [a4e02de4-0a57-448c-8e91-91a041d5e72b-groupManagement] INFO  server.RaftServerConfigKeys (ConfUtils.java:logGet(46)) - raft.server.log.appender.buffer.byte-limit = 33554432 (custom)
2023-07-25 10:55:23,417 [a4e02de4-0a57-448c-8e91-91a041d5e72b-groupManagement] INFO  server.RaftServerConfigKeys (ConfUtils.java:logGet(46)) - raft.server.log.statemachine.data.read.timeout = 1000ms (default)
2023-07-25 10:55:23,417 [a4e02de4-0a57-448c-8e91-91a041d5e72b-groupManagement] INFO  server.RaftServerConfigKeys (ConfUtils.java:logGet(46)) - raft.server.log.purge.preservation.log.num = 0 (default)
2023-07-25 10:55:23,417 [558084a2-61c9-4ed7-bb35-b0adeee70698-groupManagement] INFO  util.JmxRegister (JmxRegister.java:tryRegister(44)) - Successfully registered JMX Bean with object name Ratis:service=RaftServer,group=group-9A4BD74B7787,id=558084a2-61c9-4ed7-bb35-b0adeee70698
2023-07-25 10:55:23,418 [a4e02de4-0a57-448c-8e91-91a041d5e72b-groupManagement] INFO  server.RaftServerConfigKeys (ConfUtils.java:logGet(46)) - raft.server.log.segment.size.max = 1048576 (custom)
2023-07-25 10:55:23,418 [558084a2-61c9-4ed7-bb35-b0adeee70698-groupManagement] INFO  server.RaftServerConfigKeys (ConfUtils.java:logGet(46)) - raft.server.snapshot.auto.trigger.enabled = true (custom)
2023-07-25 10:55:23,418 [558084a2-61c9-4ed7-bb35-b0adeee70698-groupManagement] INFO  server.RaftServerConfigKeys (ConfUtils.java:logGet(46)) - raft.server.snapshot.auto.trigger.threshold = 10000 (custom)
2023-07-25 10:55:23,419 [558084a2-61c9-4ed7-bb35-b0adeee70698-groupManagement] INFO  server.RaftServerConfigKeys (ConfUtils.java:logGet(46)) - raft.server.snapshot.retention.file.num = 5 (custom)
2023-07-25 10:55:23,419 [558084a2-61c9-4ed7-bb35-b0adeee70698-groupManagement] INFO  server.RaftServerConfigKeys (ConfUtils.java:logGet(46)) - raft.server.log.purge.upto.snapshot.index = false (default)
2023-07-25 10:55:23,420 [EventQueue-OpenPipelineForHealthyPipelineSafeModeRule] INFO  safemode.SCMSafeModeManager (HealthyPipelineSafeModeRule.java:process(137)) - SCM in safe mode. Healthy pipelines reported count is 0, required healthy pipeline reported count is 1
2023-07-25 10:55:23,423 [d61495e8-faf1-4655-91e1-42a45bad4237-groupManagement] INFO  server.RaftServerConfigKeys (ConfUtils.java:logGet(46)) - raft.server.log.segment.cache.num.max = 2 (custom)
2023-07-25 10:55:23,423 [d61495e8-faf1-4655-91e1-42a45bad4237-groupManagement] INFO  server.RaftServerConfigKeys (ConfUtils.java:logGet(46)) - raft.server.log.segment.cache.size.max = 200MB (=209715200) (default)
2023-07-25 10:55:23,423 [d61495e8-faf1-4655-91e1-42a45bad4237-groupManagement] INFO  server.RaftServerConfigKeys (ConfUtils.java:logGet(46)) - raft.server.log.appender.buffer.byte-limit = 33554432 (custom)
2023-07-25 10:55:23,423 [d61495e8-faf1-4655-91e1-42a45bad4237-groupManagement] INFO  segmented.SegmentedRaftLogWorker (SegmentedRaftLogWorker.java:<init>(188)) - new d61495e8-faf1-4655-91e1-42a45bad4237@group-661FD194F38D-SegmentedRaftLogWorker for RaftStorageImpl:Storage Directory /home/runner/work/ozone/ozone/hadoop-ozone/integration-test/target/test-dir/MiniOzoneClusterImpl-71add7ef-0b93-4dd0-b3e1-91a97b11c72d/datanode-0/data/ratis/02988bac-003c-4425-b79a-661fd194f38d
2023-07-25 10:55:23,423 [d61495e8-faf1-4655-91e1-42a45bad4237-groupManagement] INFO  server.RaftServerConfigKeys (ConfUtils.java:logGet(46)) - raft.server.log.queue.byte-limit = 4294967296 (custom)
2023-07-25 10:55:23,423 [d61495e8-faf1-4655-91e1-42a45bad4237-groupManagement] INFO  server.RaftServerConfigKeys (ConfUtils.java:logGet(46)) - raft.server.log.queue.element-limit = 1024 (custom)
2023-07-25 10:55:23,423 [d61495e8-faf1-4655-91e1-42a45bad4237-groupManagement] INFO  server.RaftServerConfigKeys (ConfUtils.java:logGet(46)) - raft.server.log.segment.size.max = 1048576 (custom)
2023-07-25 10:55:23,423 [d61495e8-faf1-4655-91e1-42a45bad4237-groupManagement] INFO  server.RaftServerConfigKeys (ConfUtils.java:logGet(46)) - raft.server.log.preallocated.size = 16384 (custom)
2023-07-25 10:55:23,423 [d61495e8-faf1-4655-91e1-42a45bad4237-groupManagement] INFO  server.RaftServerConfigKeys (ConfUtils.java:logGet(46)) - raft.server.log.force.sync.num = 128 (default)
2023-07-25 10:55:23,423 [d61495e8-faf1-4655-91e1-42a45bad4237-groupManagement] INFO  server.RaftServerConfigKeys (ConfUtils.java:logGet(46)) - raft.server.log.statemachine.data.sync = true (default)
2023-07-25 10:55:23,423 [d61495e8-faf1-4655-91e1-42a45bad4237-groupManagement] INFO  server.RaftServerConfigKeys (ConfUtils.java:logGet(46)) - raft.server.log.statemachine.data.sync.timeout = 10s (default)
2023-07-25 10:55:23,424 [d61495e8-faf1-4655-91e1-42a45bad4237-groupManagement] INFO  server.RaftServerConfigKeys (ConfUtils.java:logGet(46)) - raft.server.log.statemachine.data.sync.timeout.retry = -1 (default)
2023-07-25 10:55:23,426 [a4e02de4-0a57-448c-8e91-91a041d5e72b-groupManagement] INFO  server.RaftServerConfigKeys (ConfUtils.java:logGet(46)) - raft.server.log.segment.cache.num.max = 2 (custom)
2023-07-25 10:55:23,426 [a4e02de4-0a57-448c-8e91-91a041d5e72b-groupManagement] INFO  server.RaftServerConfigKeys (ConfUtils.java:logGet(46)) - raft.server.log.segment.cache.size.max = 200MB (=209715200) (default)
2023-07-25 10:55:23,426 [a4e02de4-0a57-448c-8e91-91a041d5e72b-groupManagement] INFO  server.RaftServerConfigKeys (ConfUtils.java:logGet(46)) - raft.server.log.appender.buffer.byte-limit = 33554432 (custom)
2023-07-25 10:55:23,427 [a4e02de4-0a57-448c-8e91-91a041d5e72b-groupManagement] INFO  segmented.SegmentedRaftLogWorker (SegmentedRaftLogWorker.java:<init>(188)) - new a4e02de4-0a57-448c-8e91-91a041d5e72b@group-661FD194F38D-SegmentedRaftLogWorker for RaftStorageImpl:Storage Directory /home/runner/work/ozone/ozone/hadoop-ozone/integration-test/target/test-dir/MiniOzoneClusterImpl-71add7ef-0b93-4dd0-b3e1-91a97b11c72d/datanode-1/data/ratis/02988bac-003c-4425-b79a-661fd194f38d
2023-07-25 10:55:23,427 [a4e02de4-0a57-448c-8e91-91a041d5e72b-groupManagement] INFO  server.RaftServerConfigKeys (ConfUtils.java:logGet(46)) - raft.server.log.queue.byte-limit = 4294967296 (custom)
2023-07-25 10:55:23,427 [a4e02de4-0a57-448c-8e91-91a041d5e72b-groupManagement] INFO  server.RaftServerConfigKeys (ConfUtils.java:logGet(46)) - raft.server.log.queue.element-limit = 1024 (custom)
2023-07-25 10:55:23,427 [a4e02de4-0a57-448c-8e91-91a041d5e72b-groupManagement] INFO  server.RaftServerConfigKeys (ConfUtils.java:logGet(46)) - raft.server.log.segment.size.max = 1048576 (custom)
2023-07-25 10:55:23,427 [a4e02de4-0a57-448c-8e91-91a041d5e72b-groupManagement] INFO  server.RaftServerConfigKeys (ConfUtils.java:logGet(46)) - raft.server.log.preallocated.size = 16384 (custom)
2023-07-25 10:55:23,427 [a4e02de4-0a57-448c-8e91-91a041d5e72b-groupManagement] INFO  server.RaftServerConfigKeys (ConfUtils.java:logGet(46)) - raft.server.log.force.sync.num = 128 (default)
2023-07-25 10:55:23,427 [a4e02de4-0a57-448c-8e91-91a041d5e72b-groupManagement] INFO  server.RaftServerConfigKeys (ConfUtils.java:logGet(46)) - raft.server.log.statemachine.data.sync = true (default)
2023-07-25 10:55:23,427 [a4e02de4-0a57-448c-8e91-91a041d5e72b-groupManagement] INFO  server.RaftServerConfigKeys (ConfUtils.java:logGet(46)) - raft.server.log.statemachine.data.sync.timeout = 10s (default)
2023-07-25 10:55:23,427 [a4e02de4-0a57-448c-8e91-91a041d5e72b-groupManagement] INFO  server.RaftServerConfigKeys (ConfUtils.java:logGet(46)) - raft.server.log.statemachine.data.sync.timeout.retry = -1 (default)
2023-07-25 10:55:23,428 [PipelineCommandHandlerThread-0] INFO  ratis.XceiverServerRatis (XceiverServerRatis.java:addGroup(804)) - Created group PipelineID=02cc9d56-cfde-4344-b940-9a4bd74b7787
2023-07-25 10:55:23,429 [PipelineCommandHandlerThread-0] INFO  commandhandler.CreatePipelineCommandHandler (CreatePipelineCommandHandler.java:lambda$handle$2(124)) - Created Pipeline RATIS ONE PipelineID=02cc9d56-cfde-4344-b940-9a4bd74b7787.
2023-07-25 10:55:23,429 [a4e02de4-0a57-448c-8e91-91a041d5e72b-groupManagement] INFO  server.RaftServerConfigKeys (ConfUtils.java:logGet(46)) - raft.server.log.write.buffer.size = 1048576 (custom)
2023-07-25 10:55:23,429 [PipelineCommandHandlerThread-0] INFO  server.RaftServer (RaftServerProxy.java:addNew(98)) - 558084a2-61c9-4ed7-bb35-b0adeee70698: addNew group-661FD194F38D:[a4e02de4-0a57-448c-8e91-91a041d5e72b|rpc:10.1.0.57:15023|admin:10.1.0.57:15022|client:10.1.0.57:15021|dataStream:10.1.0.57:15024|priority:0|startupRole:FOLLOWER, 558084a2-61c9-4ed7-bb35-b0adeee70698|rpc:10.1.0.57:15032|admin:10.1.0.57:15031|client:10.1.0.57:15030|dataStream:10.1.0.57:15033|priority:0|startupRole:FOLLOWER, d61495e8-faf1-4655-91e1-42a45bad4237|rpc:10.1.0.57:15014|admin:10.1.0.57:15013|client:10.1.0.57:15012|dataStream:10.1.0.57:15015|priority:1|startupRole:FOLLOWER] returns group-661FD194F38D:java.util.concurrent.CompletableFuture@6d2bba89[Not completed]
2023-07-25 10:55:23,429 [a4e02de4-0a57-448c-8e91-91a041d5e72b-groupManagement] INFO  server.RaftServerConfigKeys (ConfUtils.java:logGet(46)) - raft.server.log.appender.buffer.byte-limit = 33554432 (custom)
2023-07-25 10:55:23,431 [558084a2-61c9-4ed7-bb35-b0adeee70698-groupManagement] INFO  server.RaftServer$Division (RaftServerImpl.java:<init>(198)) - 558084a2-61c9-4ed7-bb35-b0adeee70698: new RaftServerImpl for group-661FD194F38D:[a4e02de4-0a57-448c-8e91-91a041d5e72b|rpc:10.1.0.57:15023|admin:10.1.0.57:15022|client:10.1.0.57:15021|dataStream:10.1.0.57:15024|priority:0|startupRole:FOLLOWER, 558084a2-61c9-4ed7-bb35-b0adeee70698|rpc:10.1.0.57:15032|admin:10.1.0.57:15031|client:10.1.0.57:15030|dataStream:10.1.0.57:15033|priority:0|startupRole:FOLLOWER, d61495e8-faf1-4655-91e1-42a45bad4237|rpc:10.1.0.57:15014|admin:10.1.0.57:15013|client:10.1.0.57:15012|dataStream:10.1.0.57:15015|priority:1|startupRole:FOLLOWER] with ContainerStateMachine:uninitialized
2023-07-25 10:55:23,439 [558084a2-61c9-4ed7-bb35-b0adeee70698-groupManagement] INFO  server.RaftServerConfigKeys (ConfUtils.java:logGet(46)) - raft.server.rpc.timeout.min = 5s (custom)
2023-07-25 10:55:23,439 [558084a2-61c9-4ed7-bb35-b0adeee70698-groupManagement] INFO  server.RaftServerConfigKeys (ConfUtils.java:logGet(46)) - raft.server.rpc.timeout.max = 5200ms (custom)
2023-07-25 10:55:23,439 [558084a2-61c9-4ed7-bb35-b0adeee70698-groupManagement] INFO  server.RaftServerConfigKeys (ConfUtils.java:logGet(46)) - raft.server.rpc.sleep.time = 25ms (default)
2023-07-25 10:55:23,439 [a4e02de4-0a57-448c-8e91-91a041d5e72b-groupManagement] INFO  server.RaftServerConfigKeys (ConfUtils.java:logGet(46)) - raft.server.log.unsafe-flush.enabled = false (default)
2023-07-25 10:55:23,440 [558084a2-61c9-4ed7-bb35-b0adeee70698-groupManagement] INFO  server.RaftServerConfigKeys (ConfUtils.java:logGet(46)) - raft.server.rpc.slowness.timeout = 300s (custom)
2023-07-25 10:55:23,440 [558084a2-61c9-4ed7-bb35-b0adeee70698-groupManagement] INFO  server.RaftServerConfigKeys (ConfUtils.java:logGet(46)) - raft.server.leaderelection.leader.step-down.wait-time = 10s (default)
2023-07-25 10:55:23,440 [558084a2-61c9-4ed7-bb35-b0adeee70698-groupManagement] INFO  server.RaftServerConfigKeys (ConfUtils.java:logGet(46)) - raft.server.sleep.deviation.threshold = 300ms (default)
2023-07-25 10:55:23,440 [558084a2-61c9-4ed7-bb35-b0adeee70698-groupManagement] INFO  server.RaftServer$Division (ServerState.java:<init>(120)) - 558084a2-61c9-4ed7-bb35-b0adeee70698@group-661FD194F38D: ConfigurationManager, init=-1: peers:[a4e02de4-0a57-448c-8e91-91a041d5e72b|rpc:10.1.0.57:15023|admin:10.1.0.57:15022|client:10.1.0.57:15021|dataStream:10.1.0.57:15024|priority:0|startupRole:FOLLOWER, 558084a2-61c9-4ed7-bb35-b0adeee70698|rpc:10.1.0.57:15032|admin:10.1.0.57:15031|client:10.1.0.57:15030|dataStream:10.1.0.57:15033|priority:0|startupRole:FOLLOWER, d61495e8-faf1-4655-91e1-42a45bad4237|rpc:10.1.0.57:15014|admin:10.1.0.57:15013|client:10.1.0.57:15012|dataStream:10.1.0.57:15015|priority:1|startupRole:FOLLOWER]|listeners:[], old=null, confs=<EMPTY_MAP>
2023-07-25 10:55:23,441 [558084a2-61c9-4ed7-bb35-b0adeee70698-groupManagement] INFO  server.RaftServerConfigKeys (ConfUtils.java:logGet(46)) - raft.server.storage.dir = [/home/runner/work/ozone/ozone/hadoop-ozone/integration-test/target/test-dir/MiniOzoneClusterImpl-71add7ef-0b93-4dd0-b3e1-91a97b11c72d/datanode-2/data/ratis] (custom)
2023-07-25 10:55:23,441 [558084a2-61c9-4ed7-bb35-b0adeee70698-groupManagement] INFO  server.RaftServerConfigKeys (ConfUtils.java:logGet(46)) - raft.server.log.corruption.policy = EXCEPTION (default)
2023-07-25 10:55:23,441 [558084a2-61c9-4ed7-bb35-b0adeee70698-groupManagement] INFO  server.RaftServerConfigKeys (ConfUtils.java:logGet(46)) - raft.server.storage.free-space.min = 0MB (=0) (default)
2023-07-25 10:55:23,441 [558084a2-61c9-4ed7-bb35-b0adeee70698-groupManagement] INFO  server.RaftServerConfigKeys (ConfUtils.java:logGet(46)) - raft.server.notification.no-leader.timeout = 300s (custom)
2023-07-25 10:55:23,442 [558084a2-61c9-4ed7-bb35-b0adeee70698-groupManagement] INFO  server.RaftServerConfigKeys (ConfUtils.java:logGet(46)) - raft.server.read.timeout = 10s (default)
2023-07-25 10:55:23,442 [558084a2-61c9-4ed7-bb35-b0adeee70698-groupManagement] INFO  server.RaftServerConfigKeys (ConfUtils.java:logGet(46)) - raft.server.retrycache.expirytime = 600000ms (custom)
2023-07-25 10:55:23,442 [558084a2-61c9-4ed7-bb35-b0adeee70698-groupManagement] INFO  server.RaftServerConfigKeys (ConfUtils.java:logGet(46)) - raft.server.retrycache.statistics.expirytime = 100μs (default)
2023-07-25 10:55:23,443 [558084a2-61c9-4ed7-bb35-b0adeee70698-groupManagement] INFO  server.RaftServerConfigKeys (ConfUtils.java:logGet(46)) - raft.server.read.option = DEFAULT (default)
2023-07-25 10:55:23,439 [d61495e8-faf1-4655-91e1-42a45bad4237-groupManagement] INFO  server.RaftServerConfigKeys (ConfUtils.java:logGet(46)) - raft.server.log.write.buffer.size = 1048576 (custom)
2023-07-25 10:55:23,451 [d61495e8-faf1-4655-91e1-42a45bad4237-groupManagement] INFO  server.RaftServerConfigKeys (ConfUtils.java:logGet(46)) - raft.server.log.appender.buffer.byte-limit = 33554432 (custom)
2023-07-25 10:55:23,451 [a4e02de4-0a57-448c-8e91-91a041d5e72b-groupManagement] INFO  server.RaftServerConfigKeys (ConfUtils.java:logGet(46)) - raft.server.log.async-flush.enabled = false (default)
2023-07-25 10:55:23,457 [a4e02de4-0a57-448c-8e91-91a041d5e72b-groupManagement] INFO  server.RaftServerConfigKeys (ConfUtils.java:logGet(46)) - raft.server.log.statemachine.data.caching.enabled = true (custom)
2023-07-25 10:55:23,458 [a4e02de4-0a57-448c-8e91-91a041d5e72b-groupManagement] INFO  segmented.SegmentedRaftLogWorker (SegmentedRaftLogWorker.java:lambda$new$0(135)) - a4e02de4-0a57-448c-8e91-91a041d5e72b@group-661FD194F38D-SegmentedRaftLogWorker: flushIndex: setUnconditionally 0 -> -1
2023-07-25 10:55:23,458 [a4e02de4-0a57-448c-8e91-91a041d5e72b-groupManagement] INFO  segmented.SegmentedRaftLogWorker (SegmentedRaftLogWorker.java:lambda$new$0(135)) - a4e02de4-0a57-448c-8e91-91a041d5e72b@group-661FD194F38D-SegmentedRaftLogWorker: safeCacheEvictIndex: setUnconditionally 0 -> -1
2023-07-25 10:55:23,450 [558084a2-61c9-4ed7-bb35-b0adeee70698-groupManagement] INFO  server.RaftServerConfigKeys (ConfUtils.java:logGet(46)) - raft.server.rpc.request.timeout = 60s (custom)
2023-07-25 10:55:23,459 [558084a2-61c9-4ed7-bb35-b0adeee70698-groupManagement] INFO  server.RaftServerConfigKeys (ConfUtils.java:logGet(46)) - raft.server.log.appender.install.snapshot.enabled = false (custom)
2023-07-25 10:55:23,459 [558084a2-61c9-4ed7-bb35-b0adeee70698-groupManagement] INFO  server.RaftServerConfigKeys (ConfUtils.java:logGet(46)) - raft.server.threadpool.server.cached = true (default)
2023-07-25 10:55:23,459 [558084a2-61c9-4ed7-bb35-b0adeee70698-groupManagement] INFO  server.RaftServerConfigKeys (ConfUtils.java:logGet(46)) - raft.server.threadpool.server.size = 0 (default)
2023-07-25 10:55:23,794 [558084a2-61c9-4ed7-bb35-b0adeee70698-groupManagement] INFO  server.RaftServerConfigKeys (ConfUtils.java:logGet(46)) - raft.server.threadpool.client.cached = true (default)
2023-07-25 10:55:23,794 [558084a2-61c9-4ed7-bb35-b0adeee70698-groupManagement] INFO  server.RaftServerConfigKeys (ConfUtils.java:logGet(46)) - raft.server.threadpool.client.size = 0 (default)
2023-07-25 10:55:23,794 [558084a2-61c9-4ed7-bb35-b0adeee70698-groupManagement] INFO  storage.RaftStorageDirectory (RaftStorageDirectoryImpl.java:analyzeStorage(137)) - The storage directory /home/runner/work/ozone/ozone/hadoop-ozone/integration-test/target/test-dir/MiniOzoneClusterImpl-71add7ef-0b93-4dd0-b3e1-91a97b11c72d/datanode-2/data/ratis/02988bac-003c-4425-b79a-661fd194f38d does not exist. Creating ...
2023-07-25 10:55:23,795 [a4e02de4-0a57-448c-8e91-91a041d5e72b-groupManagement] INFO  server.RaftServer$Division (RaftServerImpl.java:start(342)) - a4e02de4-0a57-448c-8e91-91a041d5e72b@group-661FD194F38D: start as a follower, conf=-1: peers:[a4e02de4-0a57-448c-8e91-91a041d5e72b|rpc:10.1.0.57:15023|admin:10.1.0.57:15022|client:10.1.0.57:15021|dataStream:10.1.0.57:15024|priority:0|startupRole:FOLLOWER, 558084a2-61c9-4ed7-bb35-b0adeee70698|rpc:10.1.0.57:15032|admin:10.1.0.57:15031|client:10.1.0.57:15030|dataStream:10.1.0.57:15033|priority:0|startupRole:FOLLOWER, d61495e8-faf1-4655-91e1-42a45bad4237|rpc:10.1.0.57:15014|admin:10.1.0.57:15013|client:10.1.0.57:15012|dataStream:10.1.0.57:15015|priority:1|startupRole:FOLLOWER]|listeners:[], old=null
2023-07-25 10:55:23,795 [a4e02de4-0a57-448c-8e91-91a041d5e72b-groupManagement] INFO  server.RaftServer$Division (RaftServerImpl.java:setRole(329)) - a4e02de4-0a57-448c-8e91-91a041d5e72b@group-661FD194F38D: changes role from      null to FOLLOWER at term 0 for startAsFollower
2023-07-25 10:55:23,801 [JvmPauseMonitor2] WARN  util.JvmPauseMonitor (JvmPauseMonitor.java:detectPause(124)) - JvmPauseMonitor-d61495e8-faf1-4655-91e1-42a45bad4237: Detected pause in JVM or host machine approximately 0.286s with 0.328s GC time.
GC pool 'PS MarkSweep' had collection(s): count=1 time=214ms
GC pool 'PS Scavenge' had collection(s): count=1 time=114ms
2023-07-25 10:55:23,805 [558084a2-61c9-4ed7-bb35-b0adeee70698-groupManagement] INFO  storage.RaftStorageDirectory (RaftStorageDirectoryImpl.java:tryLock(231)) - Lock on /home/runner/work/ozone/ozone/hadoop-ozone/integration-test/target/test-dir/MiniOzoneClusterImpl-71add7ef-0b93-4dd0-b3e1-91a97b11c72d/datanode-2/data/ratis/02988bac-003c-4425-b79a-661fd194f38d/in_use.lock acquired by nodename 12703@fv-az82-323
2023-07-25 10:55:23,804 [d61495e8-faf1-4655-91e1-42a45bad4237-groupManagement] INFO  server.RaftServerConfigKeys (ConfUtils.java:logGet(46)) - raft.server.log.unsafe-flush.enabled = false (default)
2023-07-25 10:55:23,808 [d61495e8-faf1-4655-91e1-42a45bad4237-groupManagement] INFO  server.RaftServerConfigKeys (ConfUtils.java:logGet(46)) - raft.server.log.async-flush.enabled = false (default)
2023-07-25 10:55:23,808 [d61495e8-faf1-4655-91e1-42a45bad4237-groupManagement] INFO  server.RaftServerConfigKeys (ConfUtils.java:logGet(46)) - raft.server.log.statemachine.data.caching.enabled = true (custom)
2023-07-25 10:55:23,804 [JvmPauseMonitor3] WARN  util.JvmPauseMonitor (JvmPauseMonitor.java:detectPause(124)) - JvmPauseMonitor-a4e02de4-0a57-448c-8e91-91a041d5e72b: Detected pause in JVM or host machine approximately 0.301s with 0.328s GC time.
GC pool 'PS MarkSweep' had collection(s): count=1 time=214ms
GC pool 'PS Scavenge' had collection(s): count=1 time=114ms
2023-07-25 10:55:23,806 [a4e02de4-0a57-448c-8e91-91a041d5e72b-groupManagement] INFO  impl.RoleInfo (RoleInfo.java:updateAndGet(139)) - a4e02de4-0a57-448c-8e91-91a041d5e72b: start a4e02de4-0a57-448c-8e91-91a041d5e72b@group-661FD194F38D-FollowerState
2023-07-25 10:55:23,809 [d61495e8-faf1-4655-91e1-42a45bad4237-groupManagement] INFO  segmented.SegmentedRaftLogWorker (SegmentedRaftLogWorker.java:lambda$new$0(135)) - d61495e8-faf1-4655-91e1-42a45bad4237@group-661FD194F38D-SegmentedRaftLogWorker: flushIndex: setUnconditionally 0 -> -1
2023-07-25 10:55:23,809 [d61495e8-faf1-4655-91e1-42a45bad4237-groupManagement] INFO  segmented.SegmentedRaftLogWorker (SegmentedRaftLogWorker.java:lambda$new$0(135)) - d61495e8-faf1-4655-91e1-42a45bad4237@group-661FD194F38D-SegmentedRaftLogWorker: safeCacheEvictIndex: setUnconditionally 0 -> -1
2023-07-25 10:55:23,810 [a4e02de4-0a57-448c-8e91-91a041d5e72b-groupManagement] INFO  util.JmxRegister (JmxRegister.java:tryRegister(44)) - Successfully registered JMX Bean with object name Ratis:service=RaftServer,group=group-661FD194F38D,id=a4e02de4-0a57-448c-8e91-91a041d5e72b
2023-07-25 10:55:23,810 [a4e02de4-0a57-448c-8e91-91a041d5e72b-groupManagement] INFO  server.RaftServerConfigKeys (ConfUtils.java:logGet(46)) - raft.server.snapshot.auto.trigger.enabled = true (custom)
2023-07-25 10:55:23,810 [a4e02de4-0a57-448c-8e91-91a041d5e72b-groupManagement] INFO  server.RaftServerConfigKeys (ConfUtils.java:logGet(46)) - raft.server.snapshot.auto.trigger.threshold = 10000 (custom)
2023-07-25 10:55:23,810 [a4e02de4-0a57-448c-8e91-91a041d5e72b-groupManagement] INFO  server.RaftServerConfigKeys (ConfUtils.java:logGet(46)) - raft.server.snapshot.retention.file.num = 5 (custom)
2023-07-25 10:55:23,810 [a4e02de4-0a57-448c-8e91-91a041d5e72b-groupManagement] INFO  server.RaftServerConfigKeys (ConfUtils.java:logGet(46)) - raft.server.log.purge.upto.snapshot.index = false (default)
2023-07-25 10:55:23,811 [558084a2-61c9-4ed7-bb35-b0adeee70698-groupManagement] INFO  storage.RaftStorage (RaftStorageImpl.java:format(96)) - Storage directory /home/runner/work/ozone/ozone/hadoop-ozone/integration-test/target/test-dir/MiniOzoneClusterImpl-71add7ef-0b93-4dd0-b3e1-91a97b11c72d/datanode-2/data/ratis/02988bac-003c-4425-b79a-661fd194f38d has been successfully formatted.
2023-07-25 10:55:23,812 [a4e02de4-0a57-448c-8e91-91a041d5e72b@group-661FD194F38D-FollowerState] INFO  server.RaftServerConfigKeys (ConfUtils.java:logFallback(53)) - raft.server.rpc.first-election.timeout.min = 5s (fallback to raft.server.rpc.timeout.min)
2023-07-25 10:55:23,812 [a4e02de4-0a57-448c-8e91-91a041d5e72b@group-661FD194F38D-FollowerState] INFO  server.RaftServerConfigKeys (ConfUtils.java:logFallback(53)) - raft.server.rpc.first-election.timeout.max = 5200ms (fallback to raft.server.rpc.timeout.max)
2023-07-25 10:55:23,813 [PipelineCommandHandlerThread-0] INFO  ratis.XceiverServerRatis (XceiverServerRatis.java:addGroup(804)) - Created group PipelineID=02988bac-003c-4425-b79a-661fd194f38d
2023-07-25 10:55:23,823 [d61495e8-faf1-4655-91e1-42a45bad4237-groupManagement] INFO  server.RaftServer$Division (RaftServerImpl.java:start(342)) - d61495e8-faf1-4655-91e1-42a45bad4237@group-661FD194F38D: start as a follower, conf=-1: peers:[a4e02de4-0a57-448c-8e91-91a041d5e72b|rpc:10.1.0.57:15023|admin:10.1.0.57:15022|client:10.1.0.57:15021|dataStream:10.1.0.57:15024|priority:0|startupRole:FOLLOWER, 558084a2-61c9-4ed7-bb35-b0adeee70698|rpc:10.1.0.57:15032|admin:10.1.0.57:15031|client:10.1.0.57:15030|dataStream:10.1.0.57:15033|priority:0|startupRole:FOLLOWER, d61495e8-faf1-4655-91e1-42a45bad4237|rpc:10.1.0.57:15014|admin:10.1.0.57:15013|client:10.1.0.57:15012|dataStream:10.1.0.57:15015|priority:1|startupRole:FOLLOWER]|listeners:[], old=null
2023-07-25 10:55:23,823 [d61495e8-faf1-4655-91e1-42a45bad4237-groupManagement] INFO  server.RaftServer$Division (RaftServerImpl.java:setRole(329)) - d61495e8-faf1-4655-91e1-42a45bad4237@group-661FD194F38D: changes role from      null to FOLLOWER at term 0 for startAsFollower
2023-07-25 10:55:23,823 [d61495e8-faf1-4655-91e1-42a45bad4237-groupManagement] INFO  impl.RoleInfo (RoleInfo.java:updateAndGet(139)) - d61495e8-faf1-4655-91e1-42a45bad4237: start d61495e8-faf1-4655-91e1-42a45bad4237@group-661FD194F38D-FollowerState
2023-07-25 10:55:23,824 [d61495e8-faf1-4655-91e1-42a45bad4237-groupManagement] INFO  util.JmxRegister (JmxRegister.java:tryRegister(44)) - Successfully registered JMX Bean with object name Ratis:service=RaftServer,group=group-661FD194F38D,id=d61495e8-faf1-4655-91e1-42a45bad4237
2023-07-25 10:55:23,824 [d61495e8-faf1-4655-91e1-42a45bad4237@group-661FD194F38D-FollowerState] INFO  server.RaftServerConfigKeys (ConfUtils.java:logFallback(53)) - raft.server.rpc.first-election.timeout.min = 5s (fallback to raft.server.rpc.timeout.min)
2023-07-25 10:55:23,827 [PipelineCommandHandlerThread-0] INFO  server.RaftServer (RaftServerProxy.java:addNew(98)) - f263b8be-c5cb-46a8-8a56-20deb1bbcbcc: addNew group-AA91E0AC9A44:[f263b8be-c5cb-46a8-8a56-20deb1bbcbcc|rpc:10.1.0.57:15041|admin:10.1.0.57:15040|client:10.1.0.57:15039|dataStream:10.1.0.57:15042|priority:1|startupRole:FOLLOWER] returns group-AA91E0AC9A44:java.util.concurrent.CompletableFuture@3dd1229d[Not completed]
2023-07-25 10:55:23,824 [558084a2-61c9-4ed7-bb35-b0adeee70698-groupManagement] INFO  ratis.ContainerStateMachine (ContainerStateMachine.java:loadSnapshot(262)) - group-661FD194F38D: The snapshot info is null. Setting the last applied indexto:(t:0, i:~)
2023-07-25 10:55:23,842 [558084a2-61c9-4ed7-bb35-b0adeee70698-groupManagement] INFO  server.RaftServerConfigKeys (ConfUtils.java:logGet(46)) - raft.server.log.use.memory = false (default)
2023-07-25 10:55:23,842 [558084a2-61c9-4ed7-bb35-b0adeee70698-groupManagement] INFO  server.RaftServerConfigKeys (ConfUtils.java:logGet(46)) - raft.server.log.purge.gap = 1000000 (custom)
2023-07-25 10:55:23,842 [558084a2-61c9-4ed7-bb35-b0adeee70698-groupManagement] INFO  server.RaftServerConfigKeys (ConfUtils.java:logGet(46)) - raft.server.log.appender.buffer.byte-limit = 33554432 (custom)
2023-07-25 10:55:23,842 [558084a2-61c9-4ed7-bb35-b0adeee70698-groupManagement] INFO  server.RaftServerConfigKeys (ConfUtils.java:logGet(46)) - raft.server.log.statemachine.data.read.timeout = 1000ms (default)
2023-07-25 10:55:23,842 [558084a2-61c9-4ed7-bb35-b0adeee70698-groupManagement] INFO  server.RaftServerConfigKeys (ConfUtils.java:logGet(46)) - raft.server.log.purge.preservation.log.num = 0 (default)
2023-07-25 10:55:23,843 [558084a2-61c9-4ed7-bb35-b0adeee70698-groupManagement] INFO  server.RaftServerConfigKeys (ConfUtils.java:logGet(46)) - raft.server.log.segment.size.max = 1048576 (custom)
2023-07-25 10:55:23,843 [558084a2-61c9-4ed7-bb35-b0adeee70698-groupManagement] INFO  server.RaftServerConfigKeys (ConfUtils.java:logGet(46)) - raft.server.log.segment.cache.num.max = 2 (custom)
2023-07-25 10:55:23,843 [558084a2-61c9-4ed7-bb35-b0adeee70698-groupManagement] INFO  server.RaftServerConfigKeys (ConfUtils.java:logGet(46)) - raft.server.log.segment.cache.size.max = 200MB (=209715200) (default)
2023-07-25 10:55:23,843 [558084a2-61c9-4ed7-bb35-b0adeee70698-groupManagement] INFO  server.RaftServerConfigKeys (ConfUtils.java:logGet(46)) - raft.server.log.appender.buffer.byte-limit = 33554432 (custom)
2023-07-25 10:55:23,843 [558084a2-61c9-4ed7-bb35-b0adeee70698-groupManagement] INFO  segmented.SegmentedRaftLogWorker (SegmentedRaftLogWorker.java:<init>(188)) - new 558084a2-61c9-4ed7-bb35-b0adeee70698@group-661FD194F38D-SegmentedRaftLogWorker for RaftStorageImpl:Storage Directory /home/runner/work/ozone/ozone/hadoop-ozone/integration-test/target/test-dir/MiniOzoneClusterImpl-71add7ef-0b93-4dd0-b3e1-91a97b11c72d/datanode-2/data/ratis/02988bac-003c-4425-b79a-661fd194f38d
2023-07-25 10:55:23,843 [558084a2-61c9-4ed7-bb35-b0adeee70698-groupManagement] INFO  server.RaftServerConfigKeys (ConfUtils.java:logGet(46)) - raft.server.log.queue.byte-limit = 4294967296 (custom)
2023-07-25 10:55:23,844 [558084a2-61c9-4ed7-bb35-b0adeee70698-groupManagement] INFO  server.RaftServerConfigKeys (ConfUtils.java:logGet(46)) - raft.server.log.queue.element-limit = 1024 (custom)
2023-07-25 10:55:23,844 [558084a2-61c9-4ed7-bb35-b0adeee70698-groupManagement] INFO  server.RaftServerConfigKeys (ConfUtils.java:logGet(46)) - raft.server.log.segment.size.max = 1048576 (custom)
2023-07-25 10:55:23,844 [558084a2-61c9-4ed7-bb35-b0adeee70698-groupManagement] INFO  server.RaftServerConfigKeys (ConfUtils.java:logGet(46)) - raft.server.log.preallocated.size = 16384 (custom)
2023-07-25 10:55:23,844 [558084a2-61c9-4ed7-bb35-b0adeee70698-groupManagement] INFO  server.RaftServerConfigKeys (ConfUtils.java:logGet(46)) - raft.server.log.force.sync.num = 128 (default)
2023-07-25 10:55:23,844 [558084a2-61c9-4ed7-bb35-b0adeee70698-groupManagement] INFO  server.RaftServerConfigKeys (ConfUtils.java:logGet(46)) - raft.server.log.statemachine.data.sync = true (default)
2023-07-25 10:55:23,844 [558084a2-61c9-4ed7-bb35-b0adeee70698-groupManagement] INFO  server.RaftServerConfigKeys (ConfUtils.java:logGet(46)) - raft.server.log.statemachine.data.sync.timeout = 10s (default)
2023-07-25 10:55:23,844 [558084a2-61c9-4ed7-bb35-b0adeee70698-groupManagement] INFO  server.RaftServerConfigKeys (ConfUtils.java:logGet(46)) - raft.server.log.statemachine.data.sync.timeout.retry = -1 (default)
2023-07-25 10:55:23,845 [f263b8be-c5cb-46a8-8a56-20deb1bbcbcc-groupManagement] INFO  server.RaftServer$Division (RaftServerImpl.java:<init>(198)) - f263b8be-c5cb-46a8-8a56-20deb1bbcbcc: new RaftServerImpl for group-AA91E0AC9A44:[f263b8be-c5cb-46a8-8a56-20deb1bbcbcc|rpc:10.1.0.57:15041|admin:10.1.0.57:15040|client:10.1.0.57:15039|dataStream:10.1.0.57:15042|priority:1|startupRole:FOLLOWER] with ContainerStateMachine:uninitialized
2023-07-25 10:55:23,824 [d61495e8-faf1-4655-91e1-42a45bad4237-groupManagement] INFO  server.RaftServerConfigKeys (ConfUtils.java:logGet(46)) - raft.server.snapshot.auto.trigger.enabled = true (custom)
2023-07-25 10:55:23,845 [d61495e8-faf1-4655-91e1-42a45bad4237-groupManagement] INFO  server.RaftServerConfigKeys (ConfUtils.java:logGet(46)) - raft.server.snapshot.auto.trigger.threshold = 10000 (custom)
2023-07-25 10:55:23,845 [d61495e8-faf1-4655-91e1-42a45bad4237-groupManagement] INFO  server.RaftServerConfigKeys (ConfUtils.java:logGet(46)) - raft.server.snapshot.retention.file.num = 5 (custom)
2023-07-25 10:55:23,845 [d61495e8-faf1-4655-91e1-42a45bad4237-groupManagement] INFO  server.RaftServerConfigKeys (ConfUtils.java:logGet(46)) - raft.server.log.purge.upto.snapshot.index = false (default)
2023-07-25 10:55:23,845 [f263b8be-c5cb-46a8-8a56-20deb1bbcbcc-groupManagement] INFO  server.RaftServerConfigKeys (ConfUtils.java:logGet(46)) - raft.server.rpc.timeout.min = 5s (custom)
2023-07-25 10:55:23,845 [558084a2-61c9-4ed7-bb35-b0adeee70698-groupManagement] INFO  server.RaftServerConfigKeys (ConfUtils.java:logGet(46)) - raft.server.log.write.buffer.size = 1048576 (custom)
2023-07-25 10:55:23,846 [558084a2-61c9-4ed7-bb35-b0adeee70698-groupManagement] INFO  server.RaftServerConfigKeys (ConfUtils.java:logGet(46)) - raft.server.log.appender.buffer.byte-limit = 33554432 (custom)
2023-07-25 10:55:23,848 [d61495e8-faf1-4655-91e1-42a45bad4237@group-661FD194F38D-FollowerState] INFO  server.RaftServerConfigKeys (ConfUtils.java:logFallback(53)) - raft.server.rpc.first-election.timeout.max = 5200ms (fallback to raft.server.rpc.timeout.max)
2023-07-25 10:55:23,845 [f263b8be-c5cb-46a8-8a56-20deb1bbcbcc-groupManagement] INFO  server.RaftServerConfigKeys (ConfUtils.java:logGet(46)) - raft.server.rpc.timeout.max = 5200ms (custom)
2023-07-25 10:55:23,849 [f263b8be-c5cb-46a8-8a56-20deb1bbcbcc-groupManagement] INFO  server.RaftServerConfigKeys (ConfUtils.java:logGet(46)) - raft.server.rpc.sleep.time = 25ms (default)
2023-07-25 10:55:23,849 [f263b8be-c5cb-46a8-8a56-20deb1bbcbcc-groupManagement] INFO  server.RaftServerConfigKeys (ConfUtils.java:logGet(46)) - raft.server.rpc.slowness.timeout = 300s (custom)
2023-07-25 10:55:23,849 [f263b8be-c5cb-46a8-8a56-20deb1bbcbcc-groupManagement] INFO  server.RaftServerConfigKeys (ConfUtils.java:logGet(46)) - raft.server.leaderelection.leader.step-down.wait-time = 10s (default)
2023-07-25 10:55:23,849 [f263b8be-c5cb-46a8-8a56-20deb1bbcbcc-groupManagement] INFO  server.RaftServerConfigKeys (ConfUtils.java:logGet(46)) - raft.server.sleep.deviation.threshold = 300ms (default)
2023-07-25 10:55:23,849 [f263b8be-c5cb-46a8-8a56-20deb1bbcbcc-groupManagement] INFO  server.RaftServer$Division (ServerState.java:<init>(120)) - f263b8be-c5cb-46a8-8a56-20deb1bbcbcc@group-AA91E0AC9A44: ConfigurationManager, init=-1: peers:[f263b8be-c5cb-46a8-8a56-20deb1bbcbcc|rpc:10.1.0.57:15041|admin:10.1.0.57:15040|client:10.1.0.57:15039|dataStream:10.1.0.57:15042|priority:1|startupRole:FOLLOWER]|listeners:[], old=null, confs=<EMPTY_MAP>
2023-07-25 10:55:23,850 [f263b8be-c5cb-46a8-8a56-20deb1bbcbcc-groupManagement] INFO  server.RaftServerConfigKeys (ConfUtils.java:logGet(46)) - raft.server.storage.dir = [/home/runner/work/ozone/ozone/hadoop-ozone/integration-test/target/test-dir/MiniOzoneClusterImpl-71add7ef-0b93-4dd0-b3e1-91a97b11c72d/datanode-3/data/ratis] (custom)
2023-07-25 10:55:23,850 [f263b8be-c5cb-46a8-8a56-20deb1bbcbcc-groupManagement] INFO  server.RaftServerConfigKeys (ConfUtils.java:logGet(46)) - raft.server.log.corruption.policy = EXCEPTION (default)
2023-07-25 10:55:23,850 [f263b8be-c5cb-46a8-8a56-20deb1bbcbcc-groupManagement] INFO  server.RaftServerConfigKeys (ConfUtils.java:logGet(46)) - raft.server.storage.free-space.min = 0MB (=0) (default)
2023-07-25 10:55:23,850 [f263b8be-c5cb-46a8-8a56-20deb1bbcbcc-groupManagement] INFO  server.RaftServerConfigKeys (ConfUtils.java:logGet(46)) - raft.server.notification.no-leader.timeout = 300s (custom)
2023-07-25 10:55:23,850 [f263b8be-c5cb-46a8-8a56-20deb1bbcbcc-groupManagement] INFO  server.RaftServerConfigKeys (ConfUtils.java:logGet(46)) - raft.server.read.timeout = 10s (default)
2023-07-25 10:55:23,850 [f263b8be-c5cb-46a8-8a56-20deb1bbcbcc-groupManagement] INFO  server.RaftServerConfigKeys (ConfUtils.java:logGet(46)) - raft.server.retrycache.expirytime = 600000ms (custom)
2023-07-25 10:55:23,854 [f263b8be-c5cb-46a8-8a56-20deb1bbcbcc-groupManagement] INFO  server.RaftServerConfigKeys (ConfUtils.java:logGet(46)) - raft.server.retrycache.statistics.expirytime = 100μs (default)
2023-07-25 10:55:23,854 [f263b8be-c5cb-46a8-8a56-20deb1bbcbcc-groupManagement] INFO  server.RaftServerConfigKeys (ConfUtils.java:logGet(46)) - raft.server.read.option = DEFAULT (default)
2023-07-25 10:55:23,855 [PipelineCommandHandlerThread-0] INFO  ratis.XceiverServerRatis (XceiverServerRatis.java:addGroup(804)) - Created group PipelineID=02988bac-003c-4425-b79a-661fd194f38d
2023-07-25 10:55:23,856 [f263b8be-c5cb-46a8-8a56-20deb1bbcbcc-groupManagement] INFO  server.RaftServerConfigKeys (ConfUtils.java:logGet(46)) - raft.server.rpc.request.timeout = 60s (custom)
2023-07-25 10:55:23,856 [f263b8be-c5cb-46a8-8a56-20deb1bbcbcc-groupManagement] INFO  server.RaftServerConfigKeys (ConfUtils.java:logGet(46)) - raft.server.log.appender.install.snapshot.enabled = false (custom)
2023-07-25 10:55:23,856 [f263b8be-c5cb-46a8-8a56-20deb1bbcbcc-groupManagement] INFO  server.RaftServerConfigKeys (ConfUtils.java:logGet(46)) - raft.server.threadpool.server.cached = true (default)
2023-07-25 10:55:23,856 [f263b8be-c5cb-46a8-8a56-20deb1bbcbcc-groupManagement] INFO  server.RaftServerConfigKeys (ConfUtils.java:logGet(46)) - raft.server.threadpool.server.size = 0 (default)
2023-07-25 10:55:23,856 [f263b8be-c5cb-46a8-8a56-20deb1bbcbcc-groupManagement] INFO  server.RaftServerConfigKeys (ConfUtils.java:logGet(46)) - raft.server.threadpool.client.cached = true (default)
2023-07-25 10:55:23,856 [f263b8be-c5cb-46a8-8a56-20deb1bbcbcc-groupManagement] INFO  server.RaftServerConfigKeys (ConfUtils.java:logGet(46)) - raft.server.threadpool.client.size = 0 (default)
2023-07-25 10:55:23,857 [f263b8be-c5cb-46a8-8a56-20deb1bbcbcc-groupManagement] INFO  storage.RaftStorageDirectory (RaftStorageDirectoryImpl.java:analyzeStorage(137)) - The storage directory /home/runner/work/ozone/ozone/hadoop-ozone/integration-test/target/test-dir/MiniOzoneClusterImpl-71add7ef-0b93-4dd0-b3e1-91a97b11c72d/datanode-3/data/ratis/c9c93c22-7a98-4c25-9ee3-aa91e0ac9a44 does not exist. Creating ...
2023-07-25 10:55:23,854 [558084a2-61c9-4ed7-bb35-b0adeee70698-groupManagement] INFO  server.RaftServerConfigKeys (ConfUtils.java:logGet(46)) - raft.server.log.unsafe-flush.enabled = false (default)
2023-07-25 10:55:23,857 [558084a2-61c9-4ed7-bb35-b0adeee70698-groupManagement] INFO  server.RaftServerConfigKeys (ConfUtils.java:logGet(46)) - raft.server.log.async-flush.enabled = false (default)
2023-07-25 10:55:23,857 [558084a2-61c9-4ed7-bb35-b0adeee70698-groupManagement] INFO  server.RaftServerConfigKeys (ConfUtils.java:logGet(46)) - raft.server.log.statemachine.data.caching.enabled = true (custom)
2023-07-25 10:55:23,858 [558084a2-61c9-4ed7-bb35-b0adeee70698-groupManagement] INFO  segmented.SegmentedRaftLogWorker (SegmentedRaftLogWorker.java:lambda$new$0(135)) - 558084a2-61c9-4ed7-bb35-b0adeee70698@group-661FD194F38D-SegmentedRaftLogWorker: flushIndex: setUnconditionally 0 -> -1
2023-07-25 10:55:23,858 [558084a2-61c9-4ed7-bb35-b0adeee70698-groupManagement] INFO  segmented.SegmentedRaftLogWorker (SegmentedRaftLogWorker.java:lambda$new$0(135)) - 558084a2-61c9-4ed7-bb35-b0adeee70698@group-661FD194F38D-SegmentedRaftLogWorker: safeCacheEvictIndex: setUnconditionally 0 -> -1
2023-07-25 10:55:23,858 [EventQueue-OpenPipelineForHealthyPipelineSafeModeRule] INFO  safemode.SCMSafeModeManager (HealthyPipelineSafeModeRule.java:process(137)) - SCM in safe mode. Healthy pipelines reported count is 0, required healthy pipeline reported count is 1
2023-07-25 10:55:23,859 [558084a2-61c9-4ed7-bb35-b0adeee70698-groupManagement] INFO  server.RaftServer$Division (RaftServerImpl.java:start(342)) - 558084a2-61c9-4ed7-bb35-b0adeee70698@group-661FD194F38D: start as a follower, conf=-1: peers:[a4e02de4-0a57-448c-8e91-91a041d5e72b|rpc:10.1.0.57:15023|admin:10.1.0.57:15022|client:10.1.0.57:15021|dataStream:10.1.0.57:15024|priority:0|startupRole:FOLLOWER, 558084a2-61c9-4ed7-bb35-b0adeee70698|rpc:10.1.0.57:15032|admin:10.1.0.57:15031|client:10.1.0.57:15030|dataStream:10.1.0.57:15033|priority:0|startupRole:FOLLOWER, d61495e8-faf1-4655-91e1-42a45bad4237|rpc:10.1.0.57:15014|admin:10.1.0.57:15013|client:10.1.0.57:15012|dataStream:10.1.0.57:15015|priority:1|startupRole:FOLLOWER]|listeners:[], old=null
2023-07-25 10:55:23,859 [558084a2-61c9-4ed7-bb35-b0adeee70698-groupManagement] INFO  server.RaftServer$Division (RaftServerImpl.java:setRole(329)) - 558084a2-61c9-4ed7-bb35-b0adeee70698@group-661FD194F38D: changes role from      null to FOLLOWER at term 0 for startAsFollower
2023-07-25 10:55:23,859 [558084a2-61c9-4ed7-bb35-b0adeee70698-groupManagement] INFO  impl.RoleInfo (RoleInfo.java:updateAndGet(139)) - 558084a2-61c9-4ed7-bb35-b0adeee70698: start 558084a2-61c9-4ed7-bb35-b0adeee70698@group-661FD194F38D-FollowerState
2023-07-25 10:55:23,860 [f263b8be-c5cb-46a8-8a56-20deb1bbcbcc-groupManagement] INFO  storage.RaftStorageDirectory (RaftStorageDirectoryImpl.java:tryLock(231)) - Lock on /home/runner/work/ozone/ozone/hadoop-ozone/integration-test/target/test-dir/MiniOzoneClusterImpl-71add7ef-0b93-4dd0-b3e1-91a97b11c72d/datanode-3/data/ratis/c9c93c22-7a98-4c25-9ee3-aa91e0ac9a44/in_use.lock acquired by nodename 12703@fv-az82-323
2023-07-25 10:55:23,863 [558084a2-61c9-4ed7-bb35-b0adeee70698-groupManagement] INFO  util.JmxRegister (JmxRegister.java:tryRegister(44)) - Successfully registered JMX Bean with object name Ratis:service=RaftServer,group=group-661FD194F38D,id=558084a2-61c9-4ed7-bb35-b0adeee70698
2023-07-25 10:55:23,872 [558084a2-61c9-4ed7-bb35-b0adeee70698-groupManagement] INFO  server.RaftServerConfigKeys (ConfUtils.java:logGet(46)) - raft.server.snapshot.auto.trigger.enabled = true (custom)
2023-07-25 10:55:23,872 [558084a2-61c9-4ed7-bb35-b0adeee70698-groupManagement] INFO  server.RaftServerConfigKeys (ConfUtils.java:logGet(46)) - raft.server.snapshot.auto.trigger.threshold = 10000 (custom)
2023-07-25 10:55:23,872 [558084a2-61c9-4ed7-bb35-b0adeee70698-groupManagement] INFO  server.RaftServerConfigKeys (ConfUtils.java:logGet(46)) - raft.server.snapshot.retention.file.num = 5 (custom)
2023-07-25 10:55:23,872 [558084a2-61c9-4ed7-bb35-b0adeee70698-groupManagement] INFO  server.RaftServerConfigKeys (ConfUtils.java:logGet(46)) - raft.server.log.purge.upto.snapshot.index = false (default)
2023-07-25 10:55:23,872 [558084a2-61c9-4ed7-bb35-b0adeee70698@group-661FD194F38D-FollowerState] INFO  server.RaftServerConfigKeys (ConfUtils.java:logFallback(53)) - raft.server.rpc.first-election.timeout.min = 5s (fallback to raft.server.rpc.timeout.min)
2023-07-25 10:55:23,873 [558084a2-61c9-4ed7-bb35-b0adeee70698@group-661FD194F38D-FollowerState] INFO  server.RaftServerConfigKeys (ConfUtils.java:logFallback(53)) - raft.server.rpc.first-election.timeout.max = 5200ms (fallback to raft.server.rpc.timeout.max)
2023-07-25 10:55:23,873 [PipelineCommandHandlerThread-0] INFO  ratis.XceiverServerRatis (XceiverServerRatis.java:addGroup(804)) - Created group PipelineID=02988bac-003c-4425-b79a-661fd194f38d
2023-07-25 10:55:23,886 [f263b8be-c5cb-46a8-8a56-20deb1bbcbcc-groupManagement] INFO  storage.RaftStorage (RaftStorageImpl.java:format(96)) - Storage directory /home/runner/work/ozone/ozone/hadoop-ozone/integration-test/target/test-dir/MiniOzoneClusterImpl-71add7ef-0b93-4dd0-b3e1-91a97b11c72d/datanode-3/data/ratis/c9c93c22-7a98-4c25-9ee3-aa91e0ac9a44 has been successfully formatted.
2023-07-25 10:55:23,890 [f263b8be-c5cb-46a8-8a56-20deb1bbcbcc-groupManagement] INFO  ratis.ContainerStateMachine (ContainerStateMachine.java:loadSnapshot(262)) - group-AA91E0AC9A44: The snapshot info is null. Setting the last applied indexto:(t:0, i:~)
2023-07-25 10:55:23,890 [f263b8be-c5cb-46a8-8a56-20deb1bbcbcc-groupManagement] INFO  server.RaftServerConfigKeys (ConfUtils.java:logGet(46)) - raft.server.log.use.memory = false (default)
2023-07-25 10:55:23,890 [f263b8be-c5cb-46a8-8a56-20deb1bbcbcc-groupManagement] INFO  server.RaftServerConfigKeys (ConfUtils.java:logGet(46)) - raft.server.log.purge.gap = 1000000 (custom)
2023-07-25 10:55:23,890 [f263b8be-c5cb-46a8-8a56-20deb1bbcbcc-groupManagement] INFO  server.RaftServerConfigKeys (ConfUtils.java:logGet(46)) - raft.server.log.appender.buffer.byte-limit = 33554432 (custom)
2023-07-25 10:55:23,890 [f263b8be-c5cb-46a8-8a56-20deb1bbcbcc-groupManagement] INFO  server.RaftServerConfigKeys (ConfUtils.java:logGet(46)) - raft.server.log.statemachine.data.read.timeout = 1000ms (default)
2023-07-25 10:55:23,890 [f263b8be-c5cb-46a8-8a56-20deb1bbcbcc-groupManagement] INFO  server.RaftServerConfigKeys (ConfUtils.java:logGet(46)) - raft.server.log.purge.preservation.log.num = 0 (default)
2023-07-25 10:55:23,891 [f263b8be-c5cb-46a8-8a56-20deb1bbcbcc-groupManagement] INFO  server.RaftServerConfigKeys (ConfUtils.java:logGet(46)) - raft.server.log.segment.size.max = 1048576 (custom)
2023-07-25 10:55:23,891 [f263b8be-c5cb-46a8-8a56-20deb1bbcbcc-groupManagement] INFO  server.RaftServerConfigKeys (ConfUtils.java:logGet(46)) - raft.server.log.segment.cache.num.max = 2 (custom)
2023-07-25 10:55:23,893 [f263b8be-c5cb-46a8-8a56-20deb1bbcbcc-groupManagement] INFO  server.RaftServerConfigKeys (ConfUtils.java:logGet(46)) - raft.server.log.segment.cache.size.max = 200MB (=209715200) (default)
2023-07-25 10:55:23,893 [f263b8be-c5cb-46a8-8a56-20deb1bbcbcc-groupManagement] INFO  server.RaftServerConfigKeys (ConfUtils.java:logGet(46)) - raft.server.log.appender.buffer.byte-limit = 33554432 (custom)
2023-07-25 10:55:23,893 [f263b8be-c5cb-46a8-8a56-20deb1bbcbcc-groupManagement] INFO  segmented.SegmentedRaftLogWorker (SegmentedRaftLogWorker.java:<init>(188)) - new f263b8be-c5cb-46a8-8a56-20deb1bbcbcc@group-AA91E0AC9A44-SegmentedRaftLogWorker for RaftStorageImpl:Storage Directory /home/runner/work/ozone/ozone/hadoop-ozone/integration-test/target/test-dir/MiniOzoneClusterImpl-71add7ef-0b93-4dd0-b3e1-91a97b11c72d/datanode-3/data/ratis/c9c93c22-7a98-4c25-9ee3-aa91e0ac9a44
2023-07-25 10:55:23,893 [f263b8be-c5cb-46a8-8a56-20deb1bbcbcc-groupManagement] INFO  server.RaftServerConfigKeys (ConfUtils.java:logGet(46)) - raft.server.log.queue.byte-limit = 4294967296 (custom)
2023-07-25 10:55:23,893 [f263b8be-c5cb-46a8-8a56-20deb1bbcbcc-groupManagement] INFO  server.RaftServerConfigKeys (ConfUtils.java:logGet(46)) - raft.server.log.queue.element-limit = 1024 (custom)
2023-07-25 10:55:23,893 [f263b8be-c5cb-46a8-8a56-20deb1bbcbcc-groupManagement] INFO  server.RaftServerConfigKeys (ConfUtils.java:logGet(46)) - raft.server.log.segment.size.max = 1048576 (custom)
2023-07-25 10:55:23,893 [f263b8be-c5cb-46a8-8a56-20deb1bbcbcc-groupManagement] INFO  server.RaftServerConfigKeys (ConfUtils.java:logGet(46)) - raft.server.log.preallocated.size = 16384 (custom)
2023-07-25 10:55:23,894 [f263b8be-c5cb-46a8-8a56-20deb1bbcbcc-groupManagement] INFO  server.RaftServerConfigKeys (ConfUtils.java:logGet(46)) - raft.server.log.force.sync.num = 128 (default)
2023-07-25 10:55:23,894 [f263b8be-c5cb-46a8-8a56-20deb1bbcbcc-groupManagement] INFO  server.RaftServerConfigKeys (ConfUtils.java:logGet(46)) - raft.server.log.statemachine.data.sync = true (default)
2023-07-25 10:55:23,894 [f263b8be-c5cb-46a8-8a56-20deb1bbcbcc-groupManagement] INFO  server.RaftServerConfigKeys (ConfUtils.java:logGet(46)) - raft.server.log.statemachine.data.sync.timeout = 10s (default)
2023-07-25 10:55:23,895 [f263b8be-c5cb-46a8-8a56-20deb1bbcbcc-groupManagement] INFO  server.RaftServerConfigKeys (ConfUtils.java:logGet(46)) - raft.server.log.statemachine.data.sync.timeout.retry = -1 (default)
2023-07-25 10:55:23,897 [EventQueue-PipelineReportForPipelineReportHandler] INFO  pipeline.PipelineReportHandler (PipelineReportHandler.java:processPipelineReport(136)) - Opened pipeline PipelineID=c9c93c22-7a98-4c25-9ee3-aa91e0ac9a44
2023-07-25 10:55:23,899 [EventQueue-OpenPipelineForHealthyPipelineSafeModeRule] INFO  safemode.SCMSafeModeManager (HealthyPipelineSafeModeRule.java:process(137)) - SCM in safe mode. Healthy pipelines reported count is 0, required healthy pipeline reported count is 1
2023-07-25 10:55:23,901 [f263b8be-c5cb-46a8-8a56-20deb1bbcbcc-groupManagement] INFO  server.RaftServerConfigKeys (ConfUtils.java:logGet(46)) - raft.server.log.write.buffer.size = 1048576 (custom)
2023-07-25 10:55:23,902 [f263b8be-c5cb-46a8-8a56-20deb1bbcbcc-groupManagement] INFO  server.RaftServerConfigKeys (ConfUtils.java:logGet(46)) - raft.server.log.appender.buffer.byte-limit = 33554432 (custom)
2023-07-25 10:55:23,911 [f263b8be-c5cb-46a8-8a56-20deb1bbcbcc-groupManagement] INFO  server.RaftServerConfigKeys (ConfUtils.java:logGet(46)) - raft.server.log.unsafe-flush.enabled = false (default)
2023-07-25 10:55:23,911 [f263b8be-c5cb-46a8-8a56-20deb1bbcbcc-groupManagement] INFO  server.RaftServerConfigKeys (ConfUtils.java:logGet(46)) - raft.server.log.async-flush.enabled = false (default)
2023-07-25 10:55:23,911 [f263b8be-c5cb-46a8-8a56-20deb1bbcbcc-groupManagement] INFO  server.RaftServerConfigKeys (ConfUtils.java:logGet(46)) - raft.server.log.statemachine.data.caching.enabled = true (custom)
2023-07-25 10:55:23,912 [f263b8be-c5cb-46a8-8a56-20deb1bbcbcc-groupManagement] INFO  segmented.SegmentedRaftLogWorker (SegmentedRaftLogWorker.java:lambda$new$0(135)) - f263b8be-c5cb-46a8-8a56-20deb1bbcbcc@group-AA91E0AC9A44-SegmentedRaftLogWorker: flushIndex: setUnconditionally 0 -> -1
2023-07-25 10:55:23,912 [f263b8be-c5cb-46a8-8a56-20deb1bbcbcc-groupManagement] INFO  segmented.SegmentedRaftLogWorker (SegmentedRaftLogWorker.java:lambda$new$0(135)) - f263b8be-c5cb-46a8-8a56-20deb1bbcbcc@group-AA91E0AC9A44-SegmentedRaftLogWorker: safeCacheEvictIndex: setUnconditionally 0 -> -1
2023-07-25 10:55:23,913 [f263b8be-c5cb-46a8-8a56-20deb1bbcbcc-groupManagement] INFO  server.RaftServer$Division (RaftServerImpl.java:start(342)) - f263b8be-c5cb-46a8-8a56-20deb1bbcbcc@group-AA91E0AC9A44: start as a follower, conf=-1: peers:[f263b8be-c5cb-46a8-8a56-20deb1bbcbcc|rpc:10.1.0.57:15041|admin:10.1.0.57:15040|client:10.1.0.57:15039|dataStream:10.1.0.57:15042|priority:1|startupRole:FOLLOWER]|listeners:[], old=null
2023-07-25 10:55:23,913 [f263b8be-c5cb-46a8-8a56-20deb1bbcbcc-groupManagement] INFO  server.RaftServer$Division (RaftServerImpl.java:setRole(329)) - f263b8be-c5cb-46a8-8a56-20deb1bbcbcc@group-AA91E0AC9A44: changes role from      null to FOLLOWER at term 0 for startAsFollower
2023-07-25 10:55:23,913 [f263b8be-c5cb-46a8-8a56-20deb1bbcbcc-groupManagement] INFO  impl.RoleInfo (RoleInfo.java:updateAndGet(139)) - f263b8be-c5cb-46a8-8a56-20deb1bbcbcc: start f263b8be-c5cb-46a8-8a56-20deb1bbcbcc@group-AA91E0AC9A44-FollowerState
2023-07-25 10:55:23,913 [f263b8be-c5cb-46a8-8a56-20deb1bbcbcc-groupManagement] INFO  util.JmxRegister (JmxRegister.java:tryRegister(44)) - Successfully registered JMX Bean with object name Ratis:service=RaftServer,group=group-AA91E0AC9A44,id=f263b8be-c5cb-46a8-8a56-20deb1bbcbcc
2023-07-25 10:55:23,913 [f263b8be-c5cb-46a8-8a56-20deb1bbcbcc-groupManagement] INFO  server.RaftServerConfigKeys (ConfUtils.java:logGet(46)) - raft.server.snapshot.auto.trigger.enabled = true (custom)
2023-07-25 10:55:23,913 [f263b8be-c5cb-46a8-8a56-20deb1bbcbcc-groupManagement] INFO  server.RaftServerConfigKeys (ConfUtils.java:logGet(46)) - raft.server.snapshot.auto.trigger.threshold = 10000 (custom)
2023-07-25 10:55:23,914 [f263b8be-c5cb-46a8-8a56-20deb1bbcbcc-groupManagement] INFO  server.RaftServerConfigKeys (ConfUtils.java:logGet(46)) - raft.server.snapshot.retention.file.num = 5 (custom)
2023-07-25 10:55:23,914 [f263b8be-c5cb-46a8-8a56-20deb1bbcbcc-groupManagement] INFO  server.RaftServerConfigKeys (ConfUtils.java:logGet(46)) - raft.server.log.purge.upto.snapshot.index = false (default)
2023-07-25 10:55:23,914 [f263b8be-c5cb-46a8-8a56-20deb1bbcbcc@group-AA91E0AC9A44-FollowerState] INFO  server.RaftServerConfigKeys (ConfUtils.java:logFallback(53)) - raft.server.rpc.first-election.timeout.min = 5s (fallback to raft.server.rpc.timeout.min)
2023-07-25 10:55:23,914 [f263b8be-c5cb-46a8-8a56-20deb1bbcbcc@group-AA91E0AC9A44-FollowerState] INFO  server.RaftServerConfigKeys (ConfUtils.java:logFallback(53)) - raft.server.rpc.first-election.timeout.max = 5200ms (fallback to raft.server.rpc.timeout.max)
2023-07-25 10:55:23,915 [PipelineCommandHandlerThread-0] INFO  ratis.XceiverServerRatis (XceiverServerRatis.java:addGroup(804)) - Created group PipelineID=c9c93c22-7a98-4c25-9ee3-aa91e0ac9a44
2023-07-25 10:55:23,916 [PipelineCommandHandlerThread-0] INFO  commandhandler.CreatePipelineCommandHandler (CreatePipelineCommandHandler.java:lambda$handle$2(124)) - Created Pipeline RATIS ONE PipelineID=c9c93c22-7a98-4c25-9ee3-aa91e0ac9a44.
2023-07-25 10:55:24,010 [PipelineCommandHandlerThread-0] INFO  commandhandler.CreatePipelineCommandHandler (CreatePipelineCommandHandler.java:lambda$handle$2(124)) - Created Pipeline RATIS THREE PipelineID=02988bac-003c-4425-b79a-661fd194f38d.
2023-07-25 10:55:24,066 [PipelineCommandHandlerThread-0] INFO  commandhandler.CreatePipelineCommandHandler (CreatePipelineCommandHandler.java:lambda$handle$2(124)) - Created Pipeline RATIS THREE PipelineID=02988bac-003c-4425-b79a-661fd194f38d.
2023-07-25 10:55:24,069 [PipelineCommandHandlerThread-0] INFO  commandhandler.CreatePipelineCommandHandler (CreatePipelineCommandHandler.java:lambda$handle$2(124)) - Created Pipeline RATIS THREE PipelineID=02988bac-003c-4425-b79a-661fd194f38d.
2023-07-25 10:55:24,190 [main] INFO  ozone.MiniOzoneClusterImpl (MiniOzoneClusterImpl.java:lambda$waitForClusterToBeReady$0(224)) - Nodes are ready. Got 5 of 5 DN Heartbeats.
2023-07-25 10:55:24,190 [main] INFO  ozone.MiniOzoneClusterImpl (MiniOzoneClusterImpl.java:lambda$waitForClusterToBeReady$0(227)) - Waiting for cluster to exit safe mode
2023-07-25 10:55:24,190 [main] INFO  ozone.MiniOzoneClusterImpl (MiniOzoneClusterImpl.java:lambda$waitForClusterToBeReady$0(229)) - SCM became leader
2023-07-25 10:55:24,205 [PipelineCommandHandlerThread-0] INFO  server.RaftServer (RaftServerProxy.java:addNew(98)) - 87a8a85d-028f-41d9-845c-5fb83f876637: addNew group-0F6D2F82D3CA:[87a8a85d-028f-41d9-845c-5fb83f876637|rpc:10.1.0.57:15050|admin:10.1.0.57:15049|client:10.1.0.57:15048|dataStream:10.1.0.57:15051|priority:1|startupRole:FOLLOWER] returns group-0F6D2F82D3CA:java.util.concurrent.CompletableFuture@78e28a9f[Not completed]
2023-07-25 10:55:24,214 [87a8a85d-028f-41d9-845c-5fb83f876637-groupManagement] INFO  server.RaftServer$Division (RaftServerImpl.java:<init>(198)) - 87a8a85d-028f-41d9-845c-5fb83f876637: new RaftServerImpl for group-0F6D2F82D3CA:[87a8a85d-028f-41d9-845c-5fb83f876637|rpc:10.1.0.57:15050|admin:10.1.0.57:15049|client:10.1.0.57:15048|dataStream:10.1.0.57:15051|priority:1|startupRole:FOLLOWER] with ContainerStateMachine:uninitialized
2023-07-25 10:55:24,214 [87a8a85d-028f-41d9-845c-5fb83f876637-groupManagement] INFO  server.RaftServerConfigKeys (ConfUtils.java:logGet(46)) - raft.server.rpc.timeout.min = 5s (custom)
2023-07-25 10:55:24,214 [87a8a85d-028f-41d9-845c-5fb83f876637-groupManagement] INFO  server.RaftServerConfigKeys (ConfUtils.java:logGet(46)) - raft.server.rpc.timeout.max = 5200ms (custom)
2023-07-25 10:55:24,214 [87a8a85d-028f-41d9-845c-5fb83f876637-groupManagement] INFO  server.RaftServerConfigKeys (ConfUtils.java:logGet(46)) - raft.server.rpc.sleep.time = 25ms (default)
2023-07-25 10:55:24,214 [87a8a85d-028f-41d9-845c-5fb83f876637-groupManagement] INFO  server.RaftServerConfigKeys (ConfUtils.java:logGet(46)) - raft.server.rpc.slowness.timeout = 300s (custom)
2023-07-25 10:55:24,214 [87a8a85d-028f-41d9-845c-5fb83f876637-groupManagement] INFO  server.RaftServerConfigKeys (ConfUtils.java:logGet(46)) - raft.server.leaderelection.leader.step-down.wait-time = 10s (default)
2023-07-25 10:55:24,214 [87a8a85d-028f-41d9-845c-5fb83f876637-groupManagement] INFO  server.RaftServerConfigKeys (ConfUtils.java:logGet(46)) - raft.server.sleep.deviation.threshold = 300ms (default)
2023-07-25 10:55:24,214 [87a8a85d-028f-41d9-845c-5fb83f876637-groupManagement] INFO  server.RaftServer$Division (ServerState.java:<init>(120)) - 87a8a85d-028f-41d9-845c-5fb83f876637@group-0F6D2F82D3CA: ConfigurationManager, init=-1: peers:[87a8a85d-028f-41d9-845c-5fb83f876637|rpc:10.1.0.57:15050|admin:10.1.0.57:15049|client:10.1.0.57:15048|dataStream:10.1.0.57:15051|priority:1|startupRole:FOLLOWER]|listeners:[], old=null, confs=<EMPTY_MAP>
2023-07-25 10:55:24,215 [87a8a85d-028f-41d9-845c-5fb83f876637-groupManagement] INFO  server.RaftServerConfigKeys (ConfUtils.java:logGet(46)) - raft.server.storage.dir = [/home/runner/work/ozone/ozone/hadoop-ozone/integration-test/target/test-dir/MiniOzoneClusterImpl-71add7ef-0b93-4dd0-b3e1-91a97b11c72d/datanode-4/data/ratis] (custom)
2023-07-25 10:55:24,215 [87a8a85d-028f-41d9-845c-5fb83f876637-groupManagement] INFO  server.RaftServerConfigKeys (ConfUtils.java:logGet(46)) - raft.server.log.corruption.policy = EXCEPTION (default)
2023-07-25 10:55:24,218 [87a8a85d-028f-41d9-845c-5fb83f876637-groupManagement] INFO  server.RaftServerConfigKeys (ConfUtils.java:logGet(46)) - raft.server.storage.free-space.min = 0MB (=0) (default)
2023-07-25 10:55:24,219 [87a8a85d-028f-41d9-845c-5fb83f876637-groupManagement] INFO  server.RaftServerConfigKeys (ConfUtils.java:logGet(46)) - raft.server.notification.no-leader.timeout = 300s (custom)
2023-07-25 10:55:24,219 [87a8a85d-028f-41d9-845c-5fb83f876637-groupManagement] INFO  server.RaftServerConfigKeys (ConfUtils.java:logGet(46)) - raft.server.read.timeout = 10s (default)
2023-07-25 10:55:24,219 [87a8a85d-028f-41d9-845c-5fb83f876637-groupManagement] INFO  server.RaftServerConfigKeys (ConfUtils.java:logGet(46)) - raft.server.retrycache.expirytime = 600000ms (custom)
2023-07-25 10:55:24,219 [87a8a85d-028f-41d9-845c-5fb83f876637-groupManagement] INFO  server.RaftServerConfigKeys (ConfUtils.java:logGet(46)) - raft.server.retrycache.statistics.expirytime = 100μs (default)
2023-07-25 10:55:24,219 [87a8a85d-028f-41d9-845c-5fb83f876637-groupManagement] INFO  server.RaftServerConfigKeys (ConfUtils.java:logGet(46)) - raft.server.read.option = DEFAULT (default)
2023-07-25 10:55:24,222 [87a8a85d-028f-41d9-845c-5fb83f876637-groupManagement] INFO  server.RaftServerConfigKeys (ConfUtils.java:logGet(46)) - raft.server.rpc.request.timeout = 60s (custom)
2023-07-25 10:55:24,222 [87a8a85d-028f-41d9-845c-5fb83f876637-groupManagement] INFO  server.RaftServerConfigKeys (ConfUtils.java:logGet(46)) - raft.server.log.appender.install.snapshot.enabled = false (custom)
2023-07-25 10:55:24,222 [87a8a85d-028f-41d9-845c-5fb83f876637-groupManagement] INFO  server.RaftServerConfigKeys (ConfUtils.java:logGet(46)) - raft.server.threadpool.server.cached = true (default)
2023-07-25 10:55:24,222 [87a8a85d-028f-41d9-845c-5fb83f876637-groupManagement] INFO  server.RaftServerConfigKeys (ConfUtils.java:logGet(46)) - raft.server.threadpool.server.size = 0 (default)
2023-07-25 10:55:24,222 [87a8a85d-028f-41d9-845c-5fb83f876637-groupManagement] INFO  server.RaftServerConfigKeys (ConfUtils.java:logGet(46)) - raft.server.threadpool.client.cached = true (default)
2023-07-25 10:55:24,222 [87a8a85d-028f-41d9-845c-5fb83f876637-groupManagement] INFO  server.RaftServerConfigKeys (ConfUtils.java:logGet(46)) - raft.server.threadpool.client.size = 0 (default)
2023-07-25 10:55:24,222 [87a8a85d-028f-41d9-845c-5fb83f876637-groupManagement] INFO  storage.RaftStorageDirectory (RaftStorageDirectoryImpl.java:analyzeStorage(137)) - The storage directory /home/runner/work/ozone/ozone/hadoop-ozone/integration-test/target/test-dir/MiniOzoneClusterImpl-71add7ef-0b93-4dd0-b3e1-91a97b11c72d/datanode-4/data/ratis/5aa47c2c-eddc-4cf3-914f-0f6d2f82d3ca does not exist. Creating ...
2023-07-25 10:55:24,224 [87a8a85d-028f-41d9-845c-5fb83f876637-groupManagement] INFO  storage.RaftStorageDirectory (RaftStorageDirectoryImpl.java:tryLock(231)) - Lock on /home/runner/work/ozone/ozone/hadoop-ozone/integration-test/target/test-dir/MiniOzoneClusterImpl-71add7ef-0b93-4dd0-b3e1-91a97b11c72d/datanode-4/data/ratis/5aa47c2c-eddc-4cf3-914f-0f6d2f82d3ca/in_use.lock acquired by nodename 12703@fv-az82-323
2023-07-25 10:55:24,225 [87a8a85d-028f-41d9-845c-5fb83f876637-groupManagement] INFO  storage.RaftStorage (RaftStorageImpl.java:format(96)) - Storage directory /home/runner/work/ozone/ozone/hadoop-ozone/integration-test/target/test-dir/MiniOzoneClusterImpl-71add7ef-0b93-4dd0-b3e1-91a97b11c72d/datanode-4/data/ratis/5aa47c2c-eddc-4cf3-914f-0f6d2f82d3ca has been successfully formatted.
2023-07-25 10:55:24,227 [87a8a85d-028f-41d9-845c-5fb83f876637-groupManagement] INFO  ratis.ContainerStateMachine (ContainerStateMachine.java:loadSnapshot(262)) - group-0F6D2F82D3CA: The snapshot info is null. Setting the last applied indexto:(t:0, i:~)
2023-07-25 10:55:24,228 [87a8a85d-028f-41d9-845c-5fb83f876637-groupManagement] INFO  server.RaftServerConfigKeys (ConfUtils.java:logGet(46)) - raft.server.log.use.memory = false (default)
2023-07-25 10:55:24,228 [87a8a85d-028f-41d9-845c-5fb83f876637-groupManagement] INFO  server.RaftServerConfigKeys (ConfUtils.java:logGet(46)) - raft.server.log.purge.gap = 1000000 (custom)
2023-07-25 10:55:24,228 [87a8a85d-028f-41d9-845c-5fb83f876637-groupManagement] INFO  server.RaftServerConfigKeys (ConfUtils.java:logGet(46)) - raft.server.log.appender.buffer.byte-limit = 33554432 (custom)
2023-07-25 10:55:24,228 [87a8a85d-028f-41d9-845c-5fb83f876637-groupManagement] INFO  server.RaftServerConfigKeys (ConfUtils.java:logGet(46)) - raft.server.log.statemachine.data.read.timeout = 1000ms (default)
2023-07-25 10:55:24,228 [87a8a85d-028f-41d9-845c-5fb83f876637-groupManagement] INFO  server.RaftServerConfigKeys (ConfUtils.java:logGet(46)) - raft.server.log.purge.preservation.log.num = 0 (default)
2023-07-25 10:55:24,228 [87a8a85d-028f-41d9-845c-5fb83f876637-groupManagement] INFO  server.RaftServerConfigKeys (ConfUtils.java:logGet(46)) - raft.server.log.segment.size.max = 1048576 (custom)
2023-07-25 10:55:24,230 [87a8a85d-028f-41d9-845c-5fb83f876637-groupManagement] INFO  server.RaftServerConfigKeys (ConfUtils.java:logGet(46)) - raft.server.log.segment.cache.num.max = 2 (custom)
2023-07-25 10:55:24,231 [87a8a85d-028f-41d9-845c-5fb83f876637-groupManagement] INFO  server.RaftServerConfigKeys (ConfUtils.java:logGet(46)) - raft.server.log.segment.cache.size.max = 200MB (=209715200) (default)
2023-07-25 10:55:24,233 [EventQueue-PipelineReportForPipelineReportHandler] INFO  pipeline.PipelineReportHandler (PipelineReportHandler.java:processPipelineReport(136)) - Opened pipeline PipelineID=5aa47c2c-eddc-4cf3-914f-0f6d2f82d3ca
2023-07-25 10:55:24,234 [87a8a85d-028f-41d9-845c-5fb83f876637-groupManagement] INFO  server.RaftServerConfigKeys (ConfUtils.java:logGet(46)) - raft.server.log.appender.buffer.byte-limit = 33554432 (custom)
2023-07-25 10:55:24,234 [EventQueue-OpenPipelineForHealthyPipelineSafeModeRule] INFO  safemode.SCMSafeModeManager (HealthyPipelineSafeModeRule.java:process(137)) - SCM in safe mode. Healthy pipelines reported count is 0, required healthy pipeline reported count is 1
2023-07-25 10:55:24,234 [87a8a85d-028f-41d9-845c-5fb83f876637-groupManagement] INFO  segmented.SegmentedRaftLogWorker (SegmentedRaftLogWorker.java:<init>(188)) - new 87a8a85d-028f-41d9-845c-5fb83f876637@group-0F6D2F82D3CA-SegmentedRaftLogWorker for RaftStorageImpl:Storage Directory /home/runner/work/ozone/ozone/hadoop-ozone/integration-test/target/test-dir/MiniOzoneClusterImpl-71add7ef-0b93-4dd0-b3e1-91a97b11c72d/datanode-4/data/ratis/5aa47c2c-eddc-4cf3-914f-0f6d2f82d3ca
2023-07-25 10:55:24,234 [87a8a85d-028f-41d9-845c-5fb83f876637-groupManagement] INFO  server.RaftServerConfigKeys (ConfUtils.java:logGet(46)) - raft.server.log.queue.byte-limit = 4294967296 (custom)
2023-07-25 10:55:24,235 [87a8a85d-028f-41d9-845c-5fb83f876637-groupManagement] INFO  server.RaftServerConfigKeys (ConfUtils.java:logGet(46)) - raft.server.log.queue.element-limit = 1024 (custom)
2023-07-25 10:55:24,235 [87a8a85d-028f-41d9-845c-5fb83f876637-groupManagement] INFO  server.RaftServerConfigKeys (ConfUtils.java:logGet(46)) - raft.server.log.segment.size.max = 1048576 (custom)
2023-07-25 10:55:24,235 [87a8a85d-028f-41d9-845c-5fb83f876637-groupManagement] INFO  server.RaftServerConfigKeys (ConfUtils.java:logGet(46)) - raft.server.log.preallocated.size = 16384 (custom)
2023-07-25 10:55:24,235 [87a8a85d-028f-41d9-845c-5fb83f876637-groupManagement] INFO  server.RaftServerConfigKeys (ConfUtils.java:logGet(46)) - raft.server.log.force.sync.num = 128 (default)
2023-07-25 10:55:24,235 [87a8a85d-028f-41d9-845c-5fb83f876637-groupManagement] INFO  server.RaftServerConfigKeys (ConfUtils.java:logGet(46)) - raft.server.log.statemachine.data.sync = true (default)
2023-07-25 10:55:24,235 [87a8a85d-028f-41d9-845c-5fb83f876637-groupManagement] INFO  server.RaftServerConfigKeys (ConfUtils.java:logGet(46)) - raft.server.log.statemachine.data.sync.timeout = 10s (default)
2023-07-25 10:55:24,235 [87a8a85d-028f-41d9-845c-5fb83f876637-groupManagement] INFO  server.RaftServerConfigKeys (ConfUtils.java:logGet(46)) - raft.server.log.statemachine.data.sync.timeout.retry = -1 (default)
2023-07-25 10:55:24,238 [87a8a85d-028f-41d9-845c-5fb83f876637-groupManagement] INFO  server.RaftServerConfigKeys (ConfUtils.java:logGet(46)) - raft.server.log.write.buffer.size = 1048576 (custom)
2023-07-25 10:55:24,238 [87a8a85d-028f-41d9-845c-5fb83f876637-groupManagement] INFO  server.RaftServerConfigKeys (ConfUtils.java:logGet(46)) - raft.server.log.appender.buffer.byte-limit = 33554432 (custom)
2023-07-25 10:55:24,246 [87a8a85d-028f-41d9-845c-5fb83f876637-groupManagement] INFO  server.RaftServerConfigKeys (ConfUtils.java:logGet(46)) - raft.server.log.unsafe-flush.enabled = false (default)
2023-07-25 10:55:24,247 [87a8a85d-028f-41d9-845c-5fb83f876637-groupManagement] INFO  server.RaftServerConfigKeys (ConfUtils.java:logGet(46)) - raft.server.log.async-flush.enabled = false (default)
2023-07-25 10:55:24,247 [87a8a85d-028f-41d9-845c-5fb83f876637-groupManagement] INFO  server.RaftServerConfigKeys (ConfUtils.java:logGet(46)) - raft.server.log.statemachine.data.caching.enabled = true (custom)
2023-07-25 10:55:24,248 [87a8a85d-028f-41d9-845c-5fb83f876637-groupManagement] INFO  segmented.SegmentedRaftLogWorker (SegmentedRaftLogWorker.java:lambda$new$0(135)) - 87a8a85d-028f-41d9-845c-5fb83f876637@group-0F6D2F82D3CA-SegmentedRaftLogWorker: flushIndex: setUnconditionally 0 -> -1
2023-07-25 10:55:24,248 [87a8a85d-028f-41d9-845c-5fb83f876637-groupManagement] INFO  segmented.SegmentedRaftLogWorker (SegmentedRaftLogWorker.java:lambda$new$0(135)) - 87a8a85d-028f-41d9-845c-5fb83f876637@group-0F6D2F82D3CA-SegmentedRaftLogWorker: safeCacheEvictIndex: setUnconditionally 0 -> -1
2023-07-25 10:55:24,248 [87a8a85d-028f-41d9-845c-5fb83f876637-groupManagement] INFO  server.RaftServer$Division (RaftServerImpl.java:start(342)) - 87a8a85d-028f-41d9-845c-5fb83f876637@group-0F6D2F82D3CA: start as a follower, conf=-1: peers:[87a8a85d-028f-41d9-845c-5fb83f876637|rpc:10.1.0.57:15050|admin:10.1.0.57:15049|client:10.1.0.57:15048|dataStream:10.1.0.57:15051|priority:1|startupRole:FOLLOWER]|listeners:[], old=null
2023-07-25 10:55:24,248 [87a8a85d-028f-41d9-845c-5fb83f876637-groupManagement] INFO  server.RaftServer$Division (RaftServerImpl.java:setRole(329)) - 87a8a85d-028f-41d9-845c-5fb83f876637@group-0F6D2F82D3CA: changes role from      null to FOLLOWER at term 0 for startAsFollower
2023-07-25 10:55:24,249 [87a8a85d-028f-41d9-845c-5fb83f876637-groupManagement] INFO  impl.RoleInfo (RoleInfo.java:updateAndGet(139)) - 87a8a85d-028f-41d9-845c-5fb83f876637: start 87a8a85d-028f-41d9-845c-5fb83f876637@group-0F6D2F82D3CA-FollowerState
2023-07-25 10:55:24,253 [87a8a85d-028f-41d9-845c-5fb83f876637-groupManagement] INFO  util.JmxRegister (JmxRegister.java:tryRegister(44)) - Successfully registered JMX Bean with object name Ratis:service=RaftServer,group=group-0F6D2F82D3CA,id=87a8a85d-028f-41d9-845c-5fb83f876637
2023-07-25 10:55:24,253 [87a8a85d-028f-41d9-845c-5fb83f876637-groupManagement] INFO  server.RaftServerConfigKeys (ConfUtils.java:logGet(46)) - raft.server.snapshot.auto.trigger.enabled = true (custom)
2023-07-25 10:55:24,253 [87a8a85d-028f-41d9-845c-5fb83f876637-groupManagement] INFO  server.RaftServerConfigKeys (ConfUtils.java:logGet(46)) - raft.server.snapshot.auto.trigger.threshold = 10000 (custom)
2023-07-25 10:55:24,254 [87a8a85d-028f-41d9-845c-5fb83f876637-groupManagement] INFO  server.RaftServerConfigKeys (ConfUtils.java:logGet(46)) - raft.server.snapshot.retention.file.num = 5 (custom)
2023-07-25 10:55:24,254 [87a8a85d-028f-41d9-845c-5fb83f876637-groupManagement] INFO  server.RaftServerConfigKeys (ConfUtils.java:logGet(46)) - raft.server.log.purge.upto.snapshot.index = false (default)
2023-07-25 10:55:24,254 [87a8a85d-028f-41d9-845c-5fb83f876637@group-0F6D2F82D3CA-FollowerState] INFO  server.RaftServerConfigKeys (ConfUtils.java:logFallback(53)) - raft.server.rpc.first-election.timeout.min = 5s (fallback to raft.server.rpc.timeout.min)
2023-07-25 10:55:24,255 [87a8a85d-028f-41d9-845c-5fb83f876637@group-0F6D2F82D3CA-FollowerState] INFO  server.RaftServerConfigKeys (ConfUtils.java:logFallback(53)) - raft.server.rpc.first-election.timeout.max = 5200ms (fallback to raft.server.rpc.timeout.max)
2023-07-25 10:55:24,256 [PipelineCommandHandlerThread-0] INFO  ratis.XceiverServerRatis (XceiverServerRatis.java:addGroup(804)) - Created group PipelineID=5aa47c2c-eddc-4cf3-914f-0f6d2f82d3ca
2023-07-25 10:55:24,256 [PipelineCommandHandlerThread-0] INFO  commandhandler.CreatePipelineCommandHandler (CreatePipelineCommandHandler.java:lambda$handle$2(124)) - Created Pipeline RATIS ONE PipelineID=5aa47c2c-eddc-4cf3-914f-0f6d2f82d3ca.
2023-07-25 10:55:25,190 [main] INFO  ozone.MiniOzoneClusterImpl (MiniOzoneClusterImpl.java:lambda$waitForClusterToBeReady$0(224)) - Nodes are ready. Got 5 of 5 DN Heartbeats.
2023-07-25 10:55:25,191 [main] INFO  ozone.MiniOzoneClusterImpl (MiniOzoneClusterImpl.java:lambda$waitForClusterToBeReady$0(227)) - Waiting for cluster to exit safe mode
2023-07-25 10:55:25,191 [main] INFO  ozone.MiniOzoneClusterImpl (MiniOzoneClusterImpl.java:lambda$waitForClusterToBeReady$0(229)) - SCM became leader
2023-07-25 10:55:26,191 [main] INFO  ozone.MiniOzoneClusterImpl (MiniOzoneClusterImpl.java:lambda$waitForClusterToBeReady$0(224)) - Nodes are ready. Got 5 of 5 DN Heartbeats.
2023-07-25 10:55:26,192 [main] INFO  ozone.MiniOzoneClusterImpl (MiniOzoneClusterImpl.java:lambda$waitForClusterToBeReady$0(227)) - Waiting for cluster to exit safe mode
2023-07-25 10:55:26,192 [main] INFO  ozone.MiniOzoneClusterImpl (MiniOzoneClusterImpl.java:lambda$waitForClusterToBeReady$0(229)) - SCM became leader
2023-07-25 10:55:27,192 [main] INFO  ozone.MiniOzoneClusterImpl (MiniOzoneClusterImpl.java:lambda$waitForClusterToBeReady$0(224)) - Nodes are ready. Got 5 of 5 DN Heartbeats.
2023-07-25 10:55:27,193 [main] INFO  ozone.MiniOzoneClusterImpl (MiniOzoneClusterImpl.java:lambda$waitForClusterToBeReady$0(227)) - Waiting for cluster to exit safe mode
2023-07-25 10:55:27,193 [main] INFO  ozone.MiniOzoneClusterImpl (MiniOzoneClusterImpl.java:lambda$waitForClusterToBeReady$0(229)) - SCM became leader
2023-07-25 10:55:27,454 [d61495e8-faf1-4655-91e1-42a45bad4237@group-FD8EF7AD9A98-FollowerState] INFO  impl.FollowerState (FollowerState.java:run(143)) - d61495e8-faf1-4655-91e1-42a45bad4237@group-FD8EF7AD9A98-FollowerState: change to CANDIDATE, lastRpcElapsedTime:5071586322ns, electionTimeout:5069ms
2023-07-25 10:55:27,455 [d61495e8-faf1-4655-91e1-42a45bad4237@group-FD8EF7AD9A98-FollowerState] INFO  impl.RoleInfo (RoleInfo.java:shutdownFollowerState(110)) - d61495e8-faf1-4655-91e1-42a45bad4237: shutdown d61495e8-faf1-4655-91e1-42a45bad4237@group-FD8EF7AD9A98-FollowerState
2023-07-25 10:55:27,455 [d61495e8-faf1-4655-91e1-42a45bad4237@group-FD8EF7AD9A98-FollowerState] INFO  server.RaftServer$Division (RaftServerImpl.java:setRole(329)) - d61495e8-faf1-4655-91e1-42a45bad4237@group-FD8EF7AD9A98: changes role from  FOLLOWER to CANDIDATE at term 0 for changeToCandidate
2023-07-25 10:55:27,456 [d61495e8-faf1-4655-91e1-42a45bad4237@group-FD8EF7AD9A98-FollowerState] INFO  server.RaftServerConfigKeys (ConfUtils.java:logGet(46)) - raft.server.leaderelection.pre-vote = true (default)
2023-07-25 10:55:27,456 [d61495e8-faf1-4655-91e1-42a45bad4237@group-FD8EF7AD9A98-FollowerState] INFO  impl.RoleInfo (RoleInfo.java:updateAndGet(139)) - d61495e8-faf1-4655-91e1-42a45bad4237: start d61495e8-faf1-4655-91e1-42a45bad4237@group-FD8EF7AD9A98-LeaderElection2
2023-07-25 10:55:27,464 [d61495e8-faf1-4655-91e1-42a45bad4237@group-FD8EF7AD9A98-LeaderElection2] INFO  impl.LeaderElection (LeaderElection.java:askForVotes(321)) - d61495e8-faf1-4655-91e1-42a45bad4237@group-FD8EF7AD9A98-LeaderElection2 PRE_VOTE round 0: submit vote requests at term 0 for -1: peers:[d61495e8-faf1-4655-91e1-42a45bad4237|rpc:10.1.0.57:15014|admin:10.1.0.57:15013|client:10.1.0.57:15012|dataStream:10.1.0.57:15015|priority:1|startupRole:FOLLOWER]|listeners:[], old=null
2023-07-25 10:55:27,464 [d61495e8-faf1-4655-91e1-42a45bad4237@group-FD8EF7AD9A98-LeaderElection2] INFO  impl.LeaderElection (LeaderElection.java:askForVotes(323)) - d61495e8-faf1-4655-91e1-42a45bad4237@group-FD8EF7AD9A98-LeaderElection2 PRE_VOTE round 0: result PASSED (term=0)
2023-07-25 10:55:27,466 [d61495e8-faf1-4655-91e1-42a45bad4237@group-FD8EF7AD9A98-LeaderElection2] INFO  impl.LeaderElection (LeaderElection.java:askForVotes(321)) - d61495e8-faf1-4655-91e1-42a45bad4237@group-FD8EF7AD9A98-LeaderElection2 ELECTION round 0: submit vote requests at term 1 for -1: peers:[d61495e8-faf1-4655-91e1-42a45bad4237|rpc:10.1.0.57:15014|admin:10.1.0.57:15013|client:10.1.0.57:15012|dataStream:10.1.0.57:15015|priority:1|startupRole:FOLLOWER]|listeners:[], old=null
2023-07-25 10:55:27,466 [d61495e8-faf1-4655-91e1-42a45bad4237@group-FD8EF7AD9A98-LeaderElection2] INFO  impl.LeaderElection (LeaderElection.java:askForVotes(323)) - d61495e8-faf1-4655-91e1-42a45bad4237@group-FD8EF7AD9A98-LeaderElection2 ELECTION round 0: result PASSED (term=1)
2023-07-25 10:55:27,466 [d61495e8-faf1-4655-91e1-42a45bad4237@group-FD8EF7AD9A98-LeaderElection2] INFO  impl.RoleInfo (RoleInfo.java:shutdownLeaderElection(130)) - d61495e8-faf1-4655-91e1-42a45bad4237: shutdown d61495e8-faf1-4655-91e1-42a45bad4237@group-FD8EF7AD9A98-LeaderElection2
2023-07-25 10:55:27,466 [d61495e8-faf1-4655-91e1-42a45bad4237@group-FD8EF7AD9A98-LeaderElection2] INFO  server.RaftServer$Division (RaftServerImpl.java:setRole(329)) - d61495e8-faf1-4655-91e1-42a45bad4237@group-FD8EF7AD9A98: changes role from CANDIDATE to LEADER at term 1 for changeToLeader
2023-07-25 10:55:27,466 [d61495e8-faf1-4655-91e1-42a45bad4237@group-FD8EF7AD9A98-LeaderElection2] INFO  ratis.XceiverServerRatis (XceiverServerRatis.java:handleLeaderChangedNotification(902)) - Leader change notification received for group: group-FD8EF7AD9A98 with new leaderId: d61495e8-faf1-4655-91e1-42a45bad4237
2023-07-25 10:55:27,466 [d61495e8-faf1-4655-91e1-42a45bad4237@group-FD8EF7AD9A98-LeaderElection2] INFO  server.RaftServer$Division (ServerState.java:setLeader(317)) - d61495e8-faf1-4655-91e1-42a45bad4237@group-FD8EF7AD9A98: change Leader from null to d61495e8-faf1-4655-91e1-42a45bad4237 at term 1 for becomeLeader, leader elected after 5126ms
2023-07-25 10:55:27,466 [d61495e8-faf1-4655-91e1-42a45bad4237@group-FD8EF7AD9A98-LeaderElection2] INFO  server.RaftServerConfigKeys (ConfUtils.java:logGet(46)) - raft.server.staging.catchup.gap = 1000 (default)
2023-07-25 10:55:27,467 [d61495e8-faf1-4655-91e1-42a45bad4237@group-FD8EF7AD9A98-LeaderElection2] INFO  server.RaftServerConfigKeys (ConfUtils.java:logGet(46)) - raft.server.write.element-limit = 1024 (custom)
2023-07-25 10:55:27,467 [d61495e8-faf1-4655-91e1-42a45bad4237@group-FD8EF7AD9A98-LeaderElection2] INFO  server.RaftServerConfigKeys (ConfUtils.java:logGet(46)) - raft.server.write.byte-limit = 1024 M (=1073741824) (custom)
2023-07-25 10:55:27,468 [d61495e8-faf1-4655-91e1-42a45bad4237@group-FD8EF7AD9A98-LeaderElection2] INFO  server.RaftServerConfigKeys (ConfUtils.java:logGet(46)) - raft.server.watch.timeout = 180s (custom)
2023-07-25 10:55:27,468 [d61495e8-faf1-4655-91e1-42a45bad4237@group-FD8EF7AD9A98-LeaderElection2] INFO  server.RaftServerConfigKeys (ConfUtils.java:logGet(46)) - raft.server.watch.timeout.denomination = 1s (default)
2023-07-25 10:55:27,468 [d61495e8-faf1-4655-91e1-42a45bad4237@group-FD8EF7AD9A98-LeaderElection2] INFO  server.RaftServerConfigKeys (ConfUtils.java:logGet(46)) - raft.server.watch.element-limit = 65536 (default)
2023-07-25 10:55:27,468 [d61495e8-faf1-4655-91e1-42a45bad4237@group-FD8EF7AD9A98-LeaderElection2] INFO  server.RaftServerConfigKeys (ConfUtils.java:logGet(46)) - raft.server.write.element-limit = 1024 (custom)
2023-07-25 10:55:27,468 [d61495e8-faf1-4655-91e1-42a45bad4237@group-FD8EF7AD9A98-LeaderElection2] INFO  server.RaftServerConfigKeys (ConfUtils.java:logGet(46)) - raft.server.write.follower.gap.ratio.max = -1.0 (default)
2023-07-25 10:55:27,468 [d61495e8-faf1-4655-91e1-42a45bad4237@group-FD8EF7AD9A98-LeaderElection2] INFO  impl.RoleInfo (RoleInfo.java:updateAndGet(139)) - d61495e8-faf1-4655-91e1-42a45bad4237: start d61495e8-faf1-4655-91e1-42a45bad4237@group-FD8EF7AD9A98-LeaderStateImpl
2023-07-25 10:55:27,469 [EventQueue-OpenPipelineForHealthyPipelineSafeModeRule] INFO  safemode.SCMSafeModeManager (HealthyPipelineSafeModeRule.java:process(137)) - SCM in safe mode. Healthy pipelines reported count is 0, required healthy pipeline reported count is 1
2023-07-25 10:55:27,469 [d61495e8-faf1-4655-91e1-42a45bad4237@group-FD8EF7AD9A98-LeaderElection2] INFO  segmented.SegmentedRaftLogWorker (SegmentedRaftLogWorker.java:startLogSegment(447)) - d61495e8-faf1-4655-91e1-42a45bad4237@group-FD8EF7AD9A98-SegmentedRaftLogWorker: Starting segment from index:0
2023-07-25 10:55:27,471 [d61495e8-faf1-4655-91e1-42a45bad4237@group-FD8EF7AD9A98-SegmentedRaftLogWorker] INFO  segmented.SegmentedRaftLogWorker (SegmentedRaftLogWorker.java:execute(651)) - d61495e8-faf1-4655-91e1-42a45bad4237@group-FD8EF7AD9A98-SegmentedRaftLogWorker: created new log segment /home/runner/work/ozone/ozone/hadoop-ozone/integration-test/target/test-dir/MiniOzoneClusterImpl-71add7ef-0b93-4dd0-b3e1-91a97b11c72d/datanode-0/data/ratis/b62af638-e18a-4218-ab65-fd8ef7ad9a98/current/log_inprogress_0
2023-07-25 10:55:27,474 [d61495e8-faf1-4655-91e1-42a45bad4237@group-FD8EF7AD9A98-LeaderElection2] INFO  server.RaftServer$Division (ServerState.java:setRaftConf(434)) - d61495e8-faf1-4655-91e1-42a45bad4237@group-FD8EF7AD9A98: set configuration 0: peers:[d61495e8-faf1-4655-91e1-42a45bad4237|rpc:10.1.0.57:15014|admin:10.1.0.57:15013|client:10.1.0.57:15012|dataStream:10.1.0.57:15015|priority:1|startupRole:FOLLOWER]|listeners:[], old=null
2023-07-25 10:55:27,485 [d61495e8-faf1-4655-91e1-42a45bad4237@group-E6E162410C5D-FollowerState] INFO  impl.FollowerState (FollowerState.java:run(143)) - d61495e8-faf1-4655-91e1-42a45bad4237@group-E6E162410C5D-FollowerState: change to CANDIDATE, lastRpcElapsedTime:5039155342ns, electionTimeout:5028ms
2023-07-25 10:55:27,486 [d61495e8-faf1-4655-91e1-42a45bad4237@group-E6E162410C5D-FollowerState] INFO  impl.RoleInfo (RoleInfo.java:shutdownFollowerState(110)) - d61495e8-faf1-4655-91e1-42a45bad4237: shutdown d61495e8-faf1-4655-91e1-42a45bad4237@group-E6E162410C5D-FollowerState
2023-07-25 10:55:27,486 [d61495e8-faf1-4655-91e1-42a45bad4237@group-E6E162410C5D-FollowerState] INFO  server.RaftServer$Division (RaftServerImpl.java:setRole(329)) - d61495e8-faf1-4655-91e1-42a45bad4237@group-E6E162410C5D: changes role from  FOLLOWER to CANDIDATE at term 0 for changeToCandidate
2023-07-25 10:55:27,487 [d61495e8-faf1-4655-91e1-42a45bad4237@group-E6E162410C5D-FollowerState] INFO  server.RaftServerConfigKeys (ConfUtils.java:logGet(46)) - raft.server.leaderelection.pre-vote = true (default)
2023-07-25 10:55:27,487 [d61495e8-faf1-4655-91e1-42a45bad4237@group-E6E162410C5D-FollowerState] INFO  impl.RoleInfo (RoleInfo.java:updateAndGet(139)) - d61495e8-faf1-4655-91e1-42a45bad4237: start d61495e8-faf1-4655-91e1-42a45bad4237@group-E6E162410C5D-LeaderElection3
2023-07-25 10:55:27,490 [d61495e8-faf1-4655-91e1-42a45bad4237@group-E6E162410C5D-LeaderElection3] INFO  impl.LeaderElection (LeaderElection.java:askForVotes(321)) - d61495e8-faf1-4655-91e1-42a45bad4237@group-E6E162410C5D-LeaderElection3 PRE_VOTE round 0: submit vote requests at term 0 for -1: peers:[a4e02de4-0a57-448c-8e91-91a041d5e72b|rpc:10.1.0.57:15023|admin:10.1.0.57:15022|client:10.1.0.57:15021|dataStream:10.1.0.57:15024|priority:1|startupRole:FOLLOWER, 558084a2-61c9-4ed7-bb35-b0adeee70698|rpc:10.1.0.57:15032|admin:10.1.0.57:15031|client:10.1.0.57:15030|dataStream:10.1.0.57:15033|priority:0|startupRole:FOLLOWER, d61495e8-faf1-4655-91e1-42a45bad4237|rpc:10.1.0.57:15014|admin:10.1.0.57:15013|client:10.1.0.57:15012|dataStream:10.1.0.57:15015|priority:0|startupRole:FOLLOWER]|listeners:[], old=null
2023-07-25 10:55:27,508 [d61495e8-faf1-4655-91e1-42a45bad4237@group-E6E162410C5D-LeaderElection3-1] INFO  server.GrpcServerProtocolClient (GrpcServerProtocolClient.java:<init>(65)) - Build channel for a4e02de4-0a57-448c-8e91-91a041d5e72b
2023-07-25 10:55:27,508 [d61495e8-faf1-4655-91e1-42a45bad4237@group-E6E162410C5D-LeaderElection3] INFO  server.RaftServerConfigKeys (ConfUtils.java:logFallback(53)) - raft.server.rpc.first-election.timeout.min = 5s (fallback to raft.server.rpc.timeout.min)
2023-07-25 10:55:27,508 [d61495e8-faf1-4655-91e1-42a45bad4237@group-E6E162410C5D-LeaderElection3-2] INFO  server.GrpcServerProtocolClient (GrpcServerProtocolClient.java:<init>(65)) - Build channel for 558084a2-61c9-4ed7-bb35-b0adeee70698
2023-07-25 10:55:27,512 [d61495e8-faf1-4655-91e1-42a45bad4237@group-E6E162410C5D-LeaderElection3] INFO  server.RaftServerConfigKeys (ConfUtils.java:logFallback(53)) - raft.server.rpc.first-election.timeout.max = 5200ms (fallback to raft.server.rpc.timeout.max)
2023-07-25 10:55:27,545 [grpc-default-executor-1] INFO  server.RaftServer$Division (RaftServerImpl.java:requestVote(1302)) - a4e02de4-0a57-448c-8e91-91a041d5e72b@group-E6E162410C5D: receive requestVote(PRE_VOTE, d61495e8-faf1-4655-91e1-42a45bad4237, group-E6E162410C5D, 0, (t:0, i:0))
2023-07-25 10:55:27,548 [grpc-default-executor-2] INFO  server.RaftServer$Division (RaftServerImpl.java:requestVote(1302)) - 558084a2-61c9-4ed7-bb35-b0adeee70698@group-E6E162410C5D: receive requestVote(PRE_VOTE, d61495e8-faf1-4655-91e1-42a45bad4237, group-E6E162410C5D, 0, (t:0, i:0))
2023-07-25 10:55:27,548 [grpc-default-executor-1] INFO  impl.VoteContext (VoteContext.java:log(49)) - a4e02de4-0a57-448c-8e91-91a041d5e72b@group-E6E162410C5D-FOLLOWER: reject PRE_VOTE from d61495e8-faf1-4655-91e1-42a45bad4237: our priority 1 > candidate's priority 0
2023-07-25 10:55:27,548 [grpc-default-executor-2] INFO  impl.VoteContext (VoteContext.java:log(49)) - 558084a2-61c9-4ed7-bb35-b0adeee70698@group-E6E162410C5D-FOLLOWER: accept PRE_VOTE from d61495e8-faf1-4655-91e1-42a45bad4237: our priority 0 <= candidate's priority 0
2023-07-25 10:55:27,554 [grpc-default-executor-1] INFO  server.RaftServer$Division (RaftServerImpl.java:requestVote(1335)) - a4e02de4-0a57-448c-8e91-91a041d5e72b@group-E6E162410C5D replies to PRE_VOTE vote request: d61495e8-faf1-4655-91e1-42a45bad4237<-a4e02de4-0a57-448c-8e91-91a041d5e72b#0:FAIL-t0. Peer's state: a4e02de4-0a57-448c-8e91-91a041d5e72b@group-E6E162410C5D:t0, leader=null, voted=, raftlog=Memoized:a4e02de4-0a57-448c-8e91-91a041d5e72b@group-E6E162410C5D-SegmentedRaftLog:OPENED:c-1, conf=-1: peers:[a4e02de4-0a57-448c-8e91-91a041d5e72b|rpc:10.1.0.57:15023|admin:10.1.0.57:15022|client:10.1.0.57:15021|dataStream:10.1.0.57:15024|priority:1|startupRole:FOLLOWER, 558084a2-61c9-4ed7-bb35-b0adeee70698|rpc:10.1.0.57:15032|admin:10.1.0.57:15031|client:10.1.0.57:15030|dataStream:10.1.0.57:15033|priority:0|startupRole:FOLLOWER, d61495e8-faf1-4655-91e1-42a45bad4237|rpc:10.1.0.57:15014|admin:10.1.0.57:15013|client:10.1.0.57:15012|dataStream:10.1.0.57:15015|priority:0|startupRole:FOLLOWER]|listeners:[], old=null
2023-07-25 10:55:27,554 [grpc-default-executor-2] INFO  server.RaftServer$Division (RaftServerImpl.java:requestVote(1335)) - 558084a2-61c9-4ed7-bb35-b0adeee70698@group-E6E162410C5D replies to PRE_VOTE vote request: d61495e8-faf1-4655-91e1-42a45bad4237<-558084a2-61c9-4ed7-bb35-b0adeee70698#0:OK-t0. Peer's state: 558084a2-61c9-4ed7-bb35-b0adeee70698@group-E6E162410C5D:t0, leader=null, voted=, raftlog=Memoized:558084a2-61c9-4ed7-bb35-b0adeee70698@group-E6E162410C5D-SegmentedRaftLog:OPENED:c-1, conf=-1: peers:[a4e02de4-0a57-448c-8e91-91a041d5e72b|rpc:10.1.0.57:15023|admin:10.1.0.57:15022|client:10.1.0.57:15021|dataStream:10.1.0.57:15024|priority:1|startupRole:FOLLOWER, 558084a2-61c9-4ed7-bb35-b0adeee70698|rpc:10.1.0.57:15032|admin:10.1.0.57:15031|client:10.1.0.57:15030|dataStream:10.1.0.57:15033|priority:0|startupRole:FOLLOWER, d61495e8-faf1-4655-91e1-42a45bad4237|rpc:10.1.0.57:15014|admin:10.1.0.57:15013|client:10.1.0.57:15012|dataStream:10.1.0.57:15015|priority:0|startupRole:FOLLOWER]|listeners:[], old=null
2023-07-25 10:55:27,561 [d61495e8-faf1-4655-91e1-42a45bad4237@group-E6E162410C5D-LeaderElection3] INFO  impl.LeaderElection (LeaderElection.java:logAndReturn(90)) - d61495e8-faf1-4655-91e1-42a45bad4237@group-E6E162410C5D-LeaderElection3: PRE_VOTE REJECTED received 2 response(s) and 0 exception(s):
2023-07-25 10:55:27,561 [d61495e8-faf1-4655-91e1-42a45bad4237@group-E6E162410C5D-LeaderElection3] INFO  impl.LeaderElection (LeaderElection.java:logAndReturn(94)) -   Response 0: d61495e8-faf1-4655-91e1-42a45bad4237<-a4e02de4-0a57-448c-8e91-91a041d5e72b#0:FAIL-t0
2023-07-25 10:55:27,561 [d61495e8-faf1-4655-91e1-42a45bad4237@group-E6E162410C5D-LeaderElection3] INFO  impl.LeaderElection (LeaderElection.java:logAndReturn(94)) -   Response 1: d61495e8-faf1-4655-91e1-42a45bad4237<-558084a2-61c9-4ed7-bb35-b0adeee70698#0:OK-t0
2023-07-25 10:55:27,562 [d61495e8-faf1-4655-91e1-42a45bad4237@group-E6E162410C5D-LeaderElection3] INFO  impl.LeaderElection (LeaderElection.java:askForVotes(323)) - d61495e8-faf1-4655-91e1-42a45bad4237@group-E6E162410C5D-LeaderElection3 PRE_VOTE round 0: result REJECTED
2023-07-25 10:55:27,562 [d61495e8-faf1-4655-91e1-42a45bad4237@group-E6E162410C5D-LeaderElection3] INFO  server.RaftServer$Division (RaftServerImpl.java:setRole(329)) - d61495e8-faf1-4655-91e1-42a45bad4237@group-E6E162410C5D: changes role from CANDIDATE to FOLLOWER at term 0 for REJECTED
2023-07-25 10:55:27,562 [d61495e8-faf1-4655-91e1-42a45bad4237@group-E6E162410C5D-LeaderElection3] INFO  impl.RoleInfo (RoleInfo.java:shutdownLeaderElection(130)) - d61495e8-faf1-4655-91e1-42a45bad4237: shutdown d61495e8-faf1-4655-91e1-42a45bad4237@group-E6E162410C5D-LeaderElection3
2023-07-25 10:55:27,562 [d61495e8-faf1-4655-91e1-42a45bad4237@group-E6E162410C5D-LeaderElection3] INFO  impl.RoleInfo (RoleInfo.java:updateAndGet(139)) - d61495e8-faf1-4655-91e1-42a45bad4237: start d61495e8-faf1-4655-91e1-42a45bad4237@group-E6E162410C5D-FollowerState
2023-07-25 10:55:28,084 [a4e02de4-0a57-448c-8e91-91a041d5e72b@group-E3748F8D343D-FollowerState] INFO  impl.FollowerState (FollowerState.java:run(143)) - a4e02de4-0a57-448c-8e91-91a041d5e72b@group-E3748F8D343D-FollowerState: change to CANDIDATE, lastRpcElapsedTime:5110662702ns, electionTimeout:5083ms
2023-07-25 10:55:28,088 [a4e02de4-0a57-448c-8e91-91a041d5e72b@group-E3748F8D343D-FollowerState] INFO  impl.RoleInfo (RoleInfo.java:shutdownFollowerState(110)) - a4e02de4-0a57-448c-8e91-91a041d5e72b: shutdown a4e02de4-0a57-448c-8e91-91a041d5e72b@group-E3748F8D343D-FollowerState
2023-07-25 10:55:28,088 [a4e02de4-0a57-448c-8e91-91a041d5e72b@group-E3748F8D343D-FollowerState] INFO  server.RaftServer$Division (RaftServerImpl.java:setRole(329)) - a4e02de4-0a57-448c-8e91-91a041d5e72b@group-E3748F8D343D: changes role from  FOLLOWER to CANDIDATE at term 0 for changeToCandidate
2023-07-25 10:55:28,090 [a4e02de4-0a57-448c-8e91-91a041d5e72b@group-E3748F8D343D-FollowerState] INFO  server.RaftServerConfigKeys (ConfUtils.java:logGet(46)) - raft.server.leaderelection.pre-vote = true (default)
2023-07-25 10:55:28,090 [a4e02de4-0a57-448c-8e91-91a041d5e72b@group-E3748F8D343D-FollowerState] INFO  impl.RoleInfo (RoleInfo.java:updateAndGet(139)) - a4e02de4-0a57-448c-8e91-91a041d5e72b: start a4e02de4-0a57-448c-8e91-91a041d5e72b@group-E3748F8D343D-LeaderElection4
2023-07-25 10:55:28,094 [a4e02de4-0a57-448c-8e91-91a041d5e72b@group-E3748F8D343D-LeaderElection4] INFO  impl.LeaderElection (LeaderElection.java:askForVotes(321)) - a4e02de4-0a57-448c-8e91-91a041d5e72b@group-E3748F8D343D-LeaderElection4 PRE_VOTE round 0: submit vote requests at term 0 for -1: peers:[a4e02de4-0a57-448c-8e91-91a041d5e72b|rpc:10.1.0.57:15023|admin:10.1.0.57:15022|client:10.1.0.57:15021|dataStream:10.1.0.57:15024|priority:1|startupRole:FOLLOWER]|listeners:[], old=null
2023-07-25 10:55:28,094 [a4e02de4-0a57-448c-8e91-91a041d5e72b@group-E3748F8D343D-LeaderElection4] INFO  impl.LeaderElection (LeaderElection.java:askForVotes(323)) - a4e02de4-0a57-448c-8e91-91a041d5e72b@group-E3748F8D343D-LeaderElection4 PRE_VOTE round 0: result PASSED (term=0)
2023-07-25 10:55:28,096 [a4e02de4-0a57-448c-8e91-91a041d5e72b@group-E3748F8D343D-LeaderElection4] INFO  impl.LeaderElection (LeaderElection.java:askForVotes(321)) - a4e02de4-0a57-448c-8e91-91a041d5e72b@group-E3748F8D343D-LeaderElection4 ELECTION round 0: submit vote requests at term 1 for -1: peers:[a4e02de4-0a57-448c-8e91-91a041d5e72b|rpc:10.1.0.57:15023|admin:10.1.0.57:15022|client:10.1.0.57:15021|dataStream:10.1.0.57:15024|priority:1|startupRole:FOLLOWER]|listeners:[], old=null
2023-07-25 10:55:28,096 [a4e02de4-0a57-448c-8e91-91a041d5e72b@group-E3748F8D343D-LeaderElection4] INFO  impl.LeaderElection (LeaderElection.java:askForVotes(323)) - a4e02de4-0a57-448c-8e91-91a041d5e72b@group-E3748F8D343D-LeaderElection4 ELECTION round 0: result PASSED (term=1)
2023-07-25 10:55:28,097 [a4e02de4-0a57-448c-8e91-91a041d5e72b@group-E3748F8D343D-LeaderElection4] INFO  impl.RoleInfo (RoleInfo.java:shutdownLeaderElection(130)) - a4e02de4-0a57-448c-8e91-91a041d5e72b: shutdown a4e02de4-0a57-448c-8e91-91a041d5e72b@group-E3748F8D343D-LeaderElection4
2023-07-25 10:55:28,097 [a4e02de4-0a57-448c-8e91-91a041d5e72b@group-E3748F8D343D-LeaderElection4] INFO  server.RaftServer$Division (RaftServerImpl.java:setRole(329)) - a4e02de4-0a57-448c-8e91-91a041d5e72b@group-E3748F8D343D: changes role from CANDIDATE to LEADER at term 1 for changeToLeader
2023-07-25 10:55:28,097 [a4e02de4-0a57-448c-8e91-91a041d5e72b@group-E3748F8D343D-LeaderElection4] INFO  ratis.XceiverServerRatis (XceiverServerRatis.java:handleLeaderChangedNotification(902)) - Leader change notification received for group: group-E3748F8D343D with new leaderId: a4e02de4-0a57-448c-8e91-91a041d5e72b
2023-07-25 10:55:28,097 [a4e02de4-0a57-448c-8e91-91a041d5e72b@group-E3748F8D343D-LeaderElection4] INFO  server.RaftServer$Division (ServerState.java:setLeader(317)) - a4e02de4-0a57-448c-8e91-91a041d5e72b@group-E3748F8D343D: change Leader from null to a4e02de4-0a57-448c-8e91-91a041d5e72b at term 1 for becomeLeader, leader elected after 5182ms
2023-07-25 10:55:28,097 [a4e02de4-0a57-448c-8e91-91a041d5e72b@group-E3748F8D343D-LeaderElection4] INFO  server.RaftServerConfigKeys (ConfUtils.java:logGet(46)) - raft.server.staging.catchup.gap = 1000 (default)
2023-07-25 10:55:28,097 [a4e02de4-0a57-448c-8e91-91a041d5e72b@group-E3748F8D343D-LeaderElection4] INFO  server.RaftServerConfigKeys (ConfUtils.java:logGet(46)) - raft.server.write.element-limit = 1024 (custom)
2023-07-25 10:55:28,098 [a4e02de4-0a57-448c-8e91-91a041d5e72b@group-E3748F8D343D-LeaderElection4] INFO  server.RaftServerConfigKeys (ConfUtils.java:logGet(46)) - raft.server.write.byte-limit = 1024 M (=1073741824) (custom)
2023-07-25 10:55:28,098 [a4e02de4-0a57-448c-8e91-91a041d5e72b@group-E3748F8D343D-LeaderElection4] INFO  server.RaftServerConfigKeys (ConfUtils.java:logGet(46)) - raft.server.watch.timeout = 180s (custom)
2023-07-25 10:55:28,098 [a4e02de4-0a57-448c-8e91-91a041d5e72b@group-E3748F8D343D-LeaderElection4] INFO  server.RaftServerConfigKeys (ConfUtils.java:logGet(46)) - raft.server.watch.timeout.denomination = 1s (default)
2023-07-25 10:55:28,098 [a4e02de4-0a57-448c-8e91-91a041d5e72b@group-E3748F8D343D-LeaderElection4] INFO  server.RaftServerConfigKeys (ConfUtils.java:logGet(46)) - raft.server.watch.element-limit = 65536 (default)
2023-07-25 10:55:28,098 [a4e02de4-0a57-448c-8e91-91a041d5e72b@group-E3748F8D343D-LeaderElection4] INFO  server.RaftServerConfigKeys (ConfUtils.java:logGet(46)) - raft.server.write.element-limit = 1024 (custom)
2023-07-25 10:55:28,099 [a4e02de4-0a57-448c-8e91-91a041d5e72b@group-E3748F8D343D-LeaderElection4] INFO  server.RaftServerConfigKeys (ConfUtils.java:logGet(46)) - raft.server.write.follower.gap.ratio.max = -1.0 (default)
2023-07-25 10:55:28,100 [a4e02de4-0a57-448c-8e91-91a041d5e72b@group-E3748F8D343D-LeaderElection4] INFO  impl.RoleInfo (RoleInfo.java:updateAndGet(139)) - a4e02de4-0a57-448c-8e91-91a041d5e72b: start a4e02de4-0a57-448c-8e91-91a041d5e72b@group-E3748F8D343D-LeaderStateImpl
2023-07-25 10:55:28,100 [a4e02de4-0a57-448c-8e91-91a041d5e72b@group-E3748F8D343D-LeaderElection4] INFO  segmented.SegmentedRaftLogWorker (SegmentedRaftLogWorker.java:startLogSegment(447)) - a4e02de4-0a57-448c-8e91-91a041d5e72b@group-E3748F8D343D-SegmentedRaftLogWorker: Starting segment from index:0
2023-07-25 10:55:28,106 [a4e02de4-0a57-448c-8e91-91a041d5e72b@group-E3748F8D343D-LeaderElection4] INFO  server.RaftServer$Division (ServerState.java:setRaftConf(434)) - a4e02de4-0a57-448c-8e91-91a041d5e72b@group-E3748F8D343D: set configuration 0: peers:[a4e02de4-0a57-448c-8e91-91a041d5e72b|rpc:10.1.0.57:15023|admin:10.1.0.57:15022|client:10.1.0.57:15021|dataStream:10.1.0.57:15024|priority:1|startupRole:FOLLOWER]|listeners:[], old=null
2023-07-25 10:55:28,108 [EventQueue-OpenPipelineForHealthyPipelineSafeModeRule] INFO  safemode.SCMSafeModeManager (HealthyPipelineSafeModeRule.java:process(137)) - SCM in safe mode. Healthy pipelines reported count is 0, required healthy pipeline reported count is 1
2023-07-25 10:55:28,109 [a4e02de4-0a57-448c-8e91-91a041d5e72b@group-E3748F8D343D-SegmentedRaftLogWorker] INFO  segmented.SegmentedRaftLogWorker (SegmentedRaftLogWorker.java:execute(651)) - a4e02de4-0a57-448c-8e91-91a041d5e72b@group-E3748F8D343D-SegmentedRaftLogWorker: created new log segment /home/runner/work/ozone/ozone/hadoop-ozone/integration-test/target/test-dir/MiniOzoneClusterImpl-71add7ef-0b93-4dd0-b3e1-91a97b11c72d/datanode-1/data/ratis/dff6f4f0-ed1d-4fe7-8776-e3748f8d343d/current/log_inprogress_0
2023-07-25 10:55:28,176 [a4e02de4-0a57-448c-8e91-91a041d5e72b@group-E6E162410C5D-FollowerState] INFO  impl.FollowerState (FollowerState.java:run(143)) - a4e02de4-0a57-448c-8e91-91a041d5e72b@group-E6E162410C5D-FollowerState: change to CANDIDATE, lastRpcElapsedTime:5128558092ns, electionTimeout:5124ms
2023-07-25 10:55:28,177 [a4e02de4-0a57-448c-8e91-91a041d5e72b@group-E6E162410C5D-FollowerState] INFO  impl.RoleInfo (RoleInfo.java:shutdownFollowerState(110)) - a4e02de4-0a57-448c-8e91-91a041d5e72b: shutdown a4e02de4-0a57-448c-8e91-91a041d5e72b@group-E6E162410C5D-FollowerState
2023-07-25 10:55:28,177 [a4e02de4-0a57-448c-8e91-91a041d5e72b@group-E6E162410C5D-FollowerState] INFO  server.RaftServer$Division (RaftServerImpl.java:setRole(329)) - a4e02de4-0a57-448c-8e91-91a041d5e72b@group-E6E162410C5D: changes role from  FOLLOWER to CANDIDATE at term 0 for changeToCandidate
2023-07-25 10:55:28,178 [a4e02de4-0a57-448c-8e91-91a041d5e72b@group-E6E162410C5D-FollowerState] INFO  server.RaftServerConfigKeys (ConfUtils.java:logGet(46)) - raft.server.leaderelection.pre-vote = true (default)
2023-07-25 10:55:28,178 [a4e02de4-0a57-448c-8e91-91a041d5e72b@group-E6E162410C5D-FollowerState] INFO  impl.RoleInfo (RoleInfo.java:updateAndGet(139)) - a4e02de4-0a57-448c-8e91-91a041d5e72b: start a4e02de4-0a57-448c-8e91-91a041d5e72b@group-E6E162410C5D-LeaderElection5
2023-07-25 10:55:28,179 [a4e02de4-0a57-448c-8e91-91a041d5e72b@group-E6E162410C5D-LeaderElection5] INFO  impl.LeaderElection (LeaderElection.java:askForVotes(321)) - a4e02de4-0a57-448c-8e91-91a041d5e72b@group-E6E162410C5D-LeaderElection5 PRE_VOTE round 0: submit vote requests at term 0 for -1: peers:[a4e02de4-0a57-448c-8e91-91a041d5e72b|rpc:10.1.0.57:15023|admin:10.1.0.57:15022|client:10.1.0.57:15021|dataStream:10.1.0.57:15024|priority:1|startupRole:FOLLOWER, 558084a2-61c9-4ed7-bb35-b0adeee70698|rpc:10.1.0.57:15032|admin:10.1.0.57:15031|client:10.1.0.57:15030|dataStream:10.1.0.57:15033|priority:0|startupRole:FOLLOWER, d61495e8-faf1-4655-91e1-42a45bad4237|rpc:10.1.0.57:15014|admin:10.1.0.57:15013|client:10.1.0.57:15012|dataStream:10.1.0.57:15015|priority:0|startupRole:FOLLOWER]|listeners:[], old=null
2023-07-25 10:55:28,180 [a4e02de4-0a57-448c-8e91-91a041d5e72b@group-E6E162410C5D-LeaderElection5-1] INFO  server.GrpcServerProtocolClient (GrpcServerProtocolClient.java:<init>(65)) - Build channel for 558084a2-61c9-4ed7-bb35-b0adeee70698
2023-07-25 10:55:28,183 [a4e02de4-0a57-448c-8e91-91a041d5e72b@group-E6E162410C5D-LeaderElection5] INFO  server.RaftServerConfigKeys (ConfUtils.java:logFallback(53)) - raft.server.rpc.first-election.timeout.min = 5s (fallback to raft.server.rpc.timeout.min)
2023-07-25 10:55:28,184 [a4e02de4-0a57-448c-8e91-91a041d5e72b@group-E6E162410C5D-LeaderElection5] INFO  server.RaftServerConfigKeys (ConfUtils.java:logFallback(53)) - raft.server.rpc.first-election.timeout.max = 5200ms (fallback to raft.server.rpc.timeout.max)
2023-07-25 10:55:28,187 [a4e02de4-0a57-448c-8e91-91a041d5e72b@group-E6E162410C5D-LeaderElection5-2] INFO  server.GrpcServerProtocolClient (GrpcServerProtocolClient.java:<init>(65)) - Build channel for d61495e8-faf1-4655-91e1-42a45bad4237
2023-07-25 10:55:28,193 [main] INFO  ozone.MiniOzoneClusterImpl (MiniOzoneClusterImpl.java:lambda$waitForClusterToBeReady$0(224)) - Nodes are ready. Got 5 of 5 DN Heartbeats.
2023-07-25 10:55:28,193 [main] INFO  ozone.MiniOzoneClusterImpl (MiniOzoneClusterImpl.java:lambda$waitForClusterToBeReady$0(227)) - Waiting for cluster to exit safe mode
2023-07-25 10:55:28,194 [main] INFO  ozone.MiniOzoneClusterImpl (MiniOzoneClusterImpl.java:lambda$waitForClusterToBeReady$0(229)) - SCM became leader
2023-07-25 10:55:28,195 [grpc-default-executor-1] INFO  server.RaftServer$Division (RaftServerImpl.java:requestVote(1302)) - 558084a2-61c9-4ed7-bb35-b0adeee70698@group-E6E162410C5D: receive requestVote(PRE_VOTE, a4e02de4-0a57-448c-8e91-91a041d5e72b, group-E6E162410C5D, 0, (t:0, i:0))
2023-07-25 10:55:28,195 [grpc-default-executor-1] INFO  impl.VoteContext (VoteContext.java:log(49)) - 558084a2-61c9-4ed7-bb35-b0adeee70698@group-E6E162410C5D-FOLLOWER: accept PRE_VOTE from a4e02de4-0a57-448c-8e91-91a041d5e72b: our priority 0 <= candidate's priority 1
2023-07-25 10:55:28,196 [grpc-default-executor-1] INFO  server.RaftServer$Division (RaftServerImpl.java:requestVote(1335)) - 558084a2-61c9-4ed7-bb35-b0adeee70698@group-E6E162410C5D replies to PRE_VOTE vote request: a4e02de4-0a57-448c-8e91-91a041d5e72b<-558084a2-61c9-4ed7-bb35-b0adeee70698#0:OK-t0. Peer's state: 558084a2-61c9-4ed7-bb35-b0adeee70698@group-E6E162410C5D:t0, leader=null, voted=, raftlog=Memoized:558084a2-61c9-4ed7-bb35-b0adeee70698@group-E6E162410C5D-SegmentedRaftLog:OPENED:c-1, conf=-1: peers:[a4e02de4-0a57-448c-8e91-91a041d5e72b|rpc:10.1.0.57:15023|admin:10.1.0.57:15022|client:10.1.0.57:15021|dataStream:10.1.0.57:15024|priority:1|startupRole:FOLLOWER, 558084a2-61c9-4ed7-bb35-b0adeee70698|rpc:10.1.0.57:15032|admin:10.1.0.57:15031|client:10.1.0.57:15030|dataStream:10.1.0.57:15033|priority:0|startupRole:FOLLOWER, d61495e8-faf1-4655-91e1-42a45bad4237|rpc:10.1.0.57:15014|admin:10.1.0.57:15013|client:10.1.0.57:15012|dataStream:10.1.0.57:15015|priority:0|startupRole:FOLLOWER]|listeners:[], old=null
2023-07-25 10:55:28,203 [a4e02de4-0a57-448c-8e91-91a041d5e72b@group-E6E162410C5D-LeaderElection5] INFO  impl.LeaderElection (LeaderElection.java:logAndReturn(90)) - a4e02de4-0a57-448c-8e91-91a041d5e72b@group-E6E162410C5D-LeaderElection5: PRE_VOTE PASSED received 1 response(s) and 0 exception(s):
2023-07-25 10:55:28,203 [a4e02de4-0a57-448c-8e91-91a041d5e72b@group-E6E162410C5D-LeaderElection5] INFO  impl.LeaderElection (LeaderElection.java:logAndReturn(94)) -   Response 0: a4e02de4-0a57-448c-8e91-91a041d5e72b<-558084a2-61c9-4ed7-bb35-b0adeee70698#0:OK-t0
2023-07-25 10:55:28,203 [a4e02de4-0a57-448c-8e91-91a041d5e72b@group-E6E162410C5D-LeaderElection5] INFO  impl.LeaderElection (LeaderElection.java:askForVotes(323)) - a4e02de4-0a57-448c-8e91-91a041d5e72b@group-E6E162410C5D-LeaderElection5 PRE_VOTE round 0: result PASSED
2023-07-25 10:55:28,207 [a4e02de4-0a57-448c-8e91-91a041d5e72b@group-E6E162410C5D-LeaderElection5] INFO  impl.LeaderElection (LeaderElection.java:askForVotes(321)) - a4e02de4-0a57-448c-8e91-91a041d5e72b@group-E6E162410C5D-LeaderElection5 ELECTION round 0: submit vote requests at term 1 for -1: peers:[a4e02de4-0a57-448c-8e91-91a041d5e72b|rpc:10.1.0.57:15023|admin:10.1.0.57:15022|client:10.1.0.57:15021|dataStream:10.1.0.57:15024|priority:1|startupRole:FOLLOWER, 558084a2-61c9-4ed7-bb35-b0adeee70698|rpc:10.1.0.57:15032|admin:10.1.0.57:15031|client:10.1.0.57:15030|dataStream:10.1.0.57:15033|priority:0|startupRole:FOLLOWER, d61495e8-faf1-4655-91e1-42a45bad4237|rpc:10.1.0.57:15014|admin:10.1.0.57:15013|client:10.1.0.57:15012|dataStream:10.1.0.57:15015|priority:0|startupRole:FOLLOWER]|listeners:[], old=null
2023-07-25 10:55:28,208 [a4e02de4-0a57-448c-8e91-91a041d5e72b@group-E6E162410C5D-LeaderElection5] INFO  server.RaftServerConfigKeys (ConfUtils.java:logFallback(53)) - raft.server.rpc.first-election.timeout.min = 5s (fallback to raft.server.rpc.timeout.min)
2023-07-25 10:55:28,208 [a4e02de4-0a57-448c-8e91-91a041d5e72b@group-E6E162410C5D-LeaderElection5] INFO  server.RaftServerConfigKeys (ConfUtils.java:logFallback(53)) - raft.server.rpc.first-election.timeout.max = 5200ms (fallback to raft.server.rpc.timeout.max)
2023-07-25 10:55:28,212 [grpc-default-executor-1] INFO  server.RaftServer$Division (RaftServerImpl.java:requestVote(1302)) - d61495e8-faf1-4655-91e1-42a45bad4237@group-E6E162410C5D: receive requestVote(PRE_VOTE, a4e02de4-0a57-448c-8e91-91a041d5e72b, group-E6E162410C5D, 0, (t:0, i:0))
2023-07-25 10:55:28,213 [grpc-default-executor-1] INFO  impl.VoteContext (VoteContext.java:log(49)) - d61495e8-faf1-4655-91e1-42a45bad4237@group-E6E162410C5D-FOLLOWER: accept PRE_VOTE from a4e02de4-0a57-448c-8e91-91a041d5e72b: our priority 0 <= candidate's priority 1
2023-07-25 10:55:28,213 [grpc-default-executor-1] INFO  server.RaftServer$Division (RaftServerImpl.java:requestVote(1335)) - d61495e8-faf1-4655-91e1-42a45bad4237@group-E6E162410C5D replies to PRE_VOTE vote request: a4e02de4-0a57-448c-8e91-91a041d5e72b<-d61495e8-faf1-4655-91e1-42a45bad4237#0:OK-t0. Peer's state: d61495e8-faf1-4655-91e1-42a45bad4237@group-E6E162410C5D:t0, leader=null, voted=, raftlog=Memoized:d61495e8-faf1-4655-91e1-42a45bad4237@group-E6E162410C5D-SegmentedRaftLog:OPENED:c-1, conf=-1: peers:[a4e02de4-0a57-448c-8e91-91a041d5e72b|rpc:10.1.0.57:15023|admin:10.1.0.57:15022|client:10.1.0.57:15021|dataStream:10.1.0.57:15024|priority:1|startupRole:FOLLOWER, 558084a2-61c9-4ed7-bb35-b0adeee70698|rpc:10.1.0.57:15032|admin:10.1.0.57:15031|client:10.1.0.57:15030|dataStream:10.1.0.57:15033|priority:0|startupRole:FOLLOWER, d61495e8-faf1-4655-91e1-42a45bad4237|rpc:10.1.0.57:15014|admin:10.1.0.57:15013|client:10.1.0.57:15012|dataStream:10.1.0.57:15015|priority:0|startupRole:FOLLOWER]|listeners:[], old=null
2023-07-25 10:55:28,226 [grpc-default-executor-1] INFO  server.RaftServer$Division (RaftServerImpl.java:requestVote(1302)) - 558084a2-61c9-4ed7-bb35-b0adeee70698@group-E6E162410C5D: receive requestVote(ELECTION, a4e02de4-0a57-448c-8e91-91a041d5e72b, group-E6E162410C5D, 1, (t:0, i:0))
2023-07-25 10:55:28,226 [grpc-default-executor-1] INFO  impl.VoteContext (VoteContext.java:log(49)) - 558084a2-61c9-4ed7-bb35-b0adeee70698@group-E6E162410C5D-FOLLOWER: accept ELECTION from a4e02de4-0a57-448c-8e91-91a041d5e72b: our priority 0 <= candidate's priority 1
2023-07-25 10:55:28,226 [grpc-default-executor-1] INFO  server.RaftServer$Division (RaftServerImpl.java:setRole(329)) - 558084a2-61c9-4ed7-bb35-b0adeee70698@group-E6E162410C5D: changes role from  FOLLOWER to FOLLOWER at term 1 for candidate:a4e02de4-0a57-448c-8e91-91a041d5e72b
2023-07-25 10:55:28,226 [grpc-default-executor-1] INFO  impl.RoleInfo (RoleInfo.java:shutdownFollowerState(110)) - 558084a2-61c9-4ed7-bb35-b0adeee70698: shutdown 558084a2-61c9-4ed7-bb35-b0adeee70698@group-E6E162410C5D-FollowerState
2023-07-25 10:55:28,226 [558084a2-61c9-4ed7-bb35-b0adeee70698@group-E6E162410C5D-FollowerState] INFO  impl.FollowerState (FollowerState.java:run(152)) - 558084a2-61c9-4ed7-bb35-b0adeee70698@group-E6E162410C5D-FollowerState was interrupted
2023-07-25 10:55:28,227 [grpc-default-executor-1] INFO  impl.RoleInfo (RoleInfo.java:updateAndGet(139)) - 558084a2-61c9-4ed7-bb35-b0adeee70698: start 558084a2-61c9-4ed7-bb35-b0adeee70698@group-E6E162410C5D-FollowerState
2023-07-25 10:55:28,229 [grpc-default-executor-2] INFO  server.RaftServer$Division (RaftServerImpl.java:requestVote(1302)) - d61495e8-faf1-4655-91e1-42a45bad4237@group-E6E162410C5D: receive requestVote(ELECTION, a4e02de4-0a57-448c-8e91-91a041d5e72b, group-E6E162410C5D, 1, (t:0, i:0))
2023-07-25 10:55:28,230 [grpc-default-executor-2] INFO  impl.VoteContext (VoteContext.java:log(49)) - d61495e8-faf1-4655-91e1-42a45bad4237@group-E6E162410C5D-FOLLOWER: accept ELECTION from a4e02de4-0a57-448c-8e91-91a041d5e72b: our priority 0 <= candidate's priority 1
2023-07-25 10:55:28,230 [grpc-default-executor-2] INFO  server.RaftServer$Division (RaftServerImpl.java:setRole(329)) - d61495e8-faf1-4655-91e1-42a45bad4237@group-E6E162410C5D: changes role from  FOLLOWER to FOLLOWER at term 1 for candidate:a4e02de4-0a57-448c-8e91-91a041d5e72b
2023-07-25 10:55:28,230 [grpc-default-executor-2] INFO  impl.RoleInfo (RoleInfo.java:shutdownFollowerState(110)) - d61495e8-faf1-4655-91e1-42a45bad4237: shutdown d61495e8-faf1-4655-91e1-42a45bad4237@group-E6E162410C5D-FollowerState
2023-07-25 10:55:28,230 [grpc-default-executor-2] INFO  impl.RoleInfo (RoleInfo.java:updateAndGet(139)) - d61495e8-faf1-4655-91e1-42a45bad4237: start d61495e8-faf1-4655-91e1-42a45bad4237@group-E6E162410C5D-FollowerState
2023-07-25 10:55:28,230 [d61495e8-faf1-4655-91e1-42a45bad4237@group-E6E162410C5D-FollowerState] INFO  impl.FollowerState (FollowerState.java:run(152)) - d61495e8-faf1-4655-91e1-42a45bad4237@group-E6E162410C5D-FollowerState was interrupted
2023-07-25 10:55:28,231 [grpc-default-executor-1] INFO  server.RaftServer$Division (RaftServerImpl.java:requestVote(1335)) - 558084a2-61c9-4ed7-bb35-b0adeee70698@group-E6E162410C5D replies to ELECTION vote request: a4e02de4-0a57-448c-8e91-91a041d5e72b<-558084a2-61c9-4ed7-bb35-b0adeee70698#0:OK-t1. Peer's state: 558084a2-61c9-4ed7-bb35-b0adeee70698@group-E6E162410C5D:t1, leader=null, voted=a4e02de4-0a57-448c-8e91-91a041d5e72b, raftlog=Memoized:558084a2-61c9-4ed7-bb35-b0adeee70698@group-E6E162410C5D-SegmentedRaftLog:OPENED:c-1, conf=-1: peers:[a4e02de4-0a57-448c-8e91-91a041d5e72b|rpc:10.1.0.57:15023|admin:10.1.0.57:15022|client:10.1.0.57:15021|dataStream:10.1.0.57:15024|priority:1|startupRole:FOLLOWER, 558084a2-61c9-4ed7-bb35-b0adeee70698|rpc:10.1.0.57:15032|admin:10.1.0.57:15031|client:10.1.0.57:15030|dataStream:10.1.0.57:15033|priority:0|startupRole:FOLLOWER, d61495e8-faf1-4655-91e1-42a45bad4237|rpc:10.1.0.57:15014|admin:10.1.0.57:15013|client:10.1.0.57:15012|dataStream:10.1.0.57:15015|priority:0|startupRole:FOLLOWER]|listeners:[], old=null
2023-07-25 10:55:28,234 [grpc-default-executor-2] INFO  server.RaftServer$Division (RaftServerImpl.java:requestVote(1335)) - d61495e8-faf1-4655-91e1-42a45bad4237@group-E6E162410C5D replies to ELECTION vote request: a4e02de4-0a57-448c-8e91-91a041d5e72b<-d61495e8-faf1-4655-91e1-42a45bad4237#0:OK-t1. Peer's state: d61495e8-faf1-4655-91e1-42a45bad4237@group-E6E162410C5D:t1, leader=null, voted=a4e02de4-0a57-448c-8e91-91a041d5e72b, raftlog=Memoized:d61495e8-faf1-4655-91e1-42a45bad4237@group-E6E162410C5D-SegmentedRaftLog:OPENED:c-1, conf=-1: peers:[a4e02de4-0a57-448c-8e91-91a041d5e72b|rpc:10.1.0.57:15023|admin:10.1.0.57:15022|client:10.1.0.57:15021|dataStream:10.1.0.57:15024|priority:1|startupRole:FOLLOWER, 558084a2-61c9-4ed7-bb35-b0adeee70698|rpc:10.1.0.57:15032|admin:10.1.0.57:15031|client:10.1.0.57:15030|dataStream:10.1.0.57:15033|priority:0|startupRole:FOLLOWER, d61495e8-faf1-4655-91e1-42a45bad4237|rpc:10.1.0.57:15014|admin:10.1.0.57:15013|client:10.1.0.57:15012|dataStream:10.1.0.57:15015|priority:0|startupRole:FOLLOWER]|listeners:[], old=null
2023-07-25 10:55:28,235 [a4e02de4-0a57-448c-8e91-91a041d5e72b@group-E6E162410C5D-LeaderElection5] INFO  impl.LeaderElection (LeaderElection.java:logAndReturn(90)) - a4e02de4-0a57-448c-8e91-91a041d5e72b@group-E6E162410C5D-LeaderElection5: ELECTION PASSED received 1 response(s) and 0 exception(s):
2023-07-25 10:55:28,240 [a4e02de4-0a57-448c-8e91-91a041d5e72b@group-E6E162410C5D-LeaderElection5] INFO  impl.LeaderElection (LeaderElection.java:logAndReturn(94)) -   Response 0: a4e02de4-0a57-448c-8e91-91a041d5e72b<-558084a2-61c9-4ed7-bb35-b0adeee70698#0:OK-t1
2023-07-25 10:55:28,240 [a4e02de4-0a57-448c-8e91-91a041d5e72b@group-E6E162410C5D-LeaderElection5] INFO  impl.LeaderElection (LeaderElection.java:askForVotes(323)) - a4e02de4-0a57-448c-8e91-91a041d5e72b@group-E6E162410C5D-LeaderElection5 ELECTION round 0: result PASSED
2023-07-25 10:55:28,241 [a4e02de4-0a57-448c-8e91-91a041d5e72b@group-E6E162410C5D-LeaderElection5] INFO  impl.RoleInfo (RoleInfo.java:shutdownLeaderElection(130)) - a4e02de4-0a57-448c-8e91-91a041d5e72b: shutdown a4e02de4-0a57-448c-8e91-91a041d5e72b@group-E6E162410C5D-LeaderElection5
2023-07-25 10:55:28,241 [a4e02de4-0a57-448c-8e91-91a041d5e72b@group-E6E162410C5D-LeaderElection5] INFO  server.RaftServer$Division (RaftServerImpl.java:setRole(329)) - a4e02de4-0a57-448c-8e91-91a041d5e72b@group-E6E162410C5D: changes role from CANDIDATE to LEADER at term 1 for changeToLeader
2023-07-25 10:55:28,241 [a4e02de4-0a57-448c-8e91-91a041d5e72b@group-E6E162410C5D-LeaderElection5] INFO  ratis.XceiverServerRatis (XceiverServerRatis.java:handleLeaderChangedNotification(902)) - Leader change notification received for group: group-E6E162410C5D with new leaderId: a4e02de4-0a57-448c-8e91-91a041d5e72b
2023-07-25 10:55:28,241 [a4e02de4-0a57-448c-8e91-91a041d5e72b@group-E6E162410C5D-LeaderElection5] INFO  server.RaftServer$Division (ServerState.java:setLeader(317)) - a4e02de4-0a57-448c-8e91-91a041d5e72b@group-E6E162410C5D: change Leader from null to a4e02de4-0a57-448c-8e91-91a041d5e72b at term 1 for becomeLeader, leader elected after 5250ms
2023-07-25 10:55:28,241 [a4e02de4-0a57-448c-8e91-91a041d5e72b@group-E6E162410C5D-LeaderElection5] INFO  server.RaftServerConfigKeys (ConfUtils.java:logGet(46)) - raft.server.staging.catchup.gap = 1000 (default)
2023-07-25 10:55:28,241 [a4e02de4-0a57-448c-8e91-91a041d5e72b@group-E6E162410C5D-LeaderElection5] INFO  server.RaftServerConfigKeys (ConfUtils.java:logGet(46)) - raft.server.write.element-limit = 1024 (custom)
2023-07-25 10:55:28,242 [a4e02de4-0a57-448c-8e91-91a041d5e72b@group-E6E162410C5D-LeaderElection5] INFO  server.RaftServerConfigKeys (ConfUtils.java:logGet(46)) - raft.server.write.byte-limit = 1024 M (=1073741824) (custom)
2023-07-25 10:55:28,242 [a4e02de4-0a57-448c-8e91-91a041d5e72b@group-E6E162410C5D-LeaderElection5] INFO  server.RaftServerConfigKeys (ConfUtils.java:logGet(46)) - raft.server.watch.timeout = 180s (custom)
2023-07-25 10:55:28,242 [a4e02de4-0a57-448c-8e91-91a041d5e72b@group-E6E162410C5D-LeaderElection5] INFO  server.RaftServerConfigKeys (ConfUtils.java:logGet(46)) - raft.server.watch.timeout.denomination = 1s (default)
2023-07-25 10:55:28,242 [a4e02de4-0a57-448c-8e91-91a041d5e72b@group-E6E162410C5D-LeaderElection5] INFO  server.RaftServerConfigKeys (ConfUtils.java:logGet(46)) - raft.server.watch.element-limit = 65536 (default)
2023-07-25 10:55:28,242 [a4e02de4-0a57-448c-8e91-91a041d5e72b@group-E6E162410C5D-LeaderElection5] INFO  server.RaftServerConfigKeys (ConfUtils.java:logGet(46)) - raft.server.write.element-limit = 1024 (custom)
2023-07-25 10:55:28,242 [a4e02de4-0a57-448c-8e91-91a041d5e72b@group-E6E162410C5D-LeaderElection5] INFO  server.RaftServerConfigKeys (ConfUtils.java:logGet(46)) - raft.server.write.follower.gap.ratio.max = -1.0 (default)
2023-07-25 10:55:28,253 [EventQueue-PipelineReportForPipelineReportHandler] INFO  pipeline.PipelineReportHandler (PipelineReportHandler.java:processPipelineReport(136)) - Opened pipeline PipelineID=d1b2a856-b23c-4622-9693-e6e162410c5d
2023-07-25 10:55:28,255 [EventQueue-OpenPipelineForHealthyPipelineSafeModeRule] INFO  safemode.SCMSafeModeManager (HealthyPipelineSafeModeRule.java:process(137)) - SCM in safe mode. Healthy pipelines reported count is 1, required healthy pipeline reported count is 1
2023-07-25 10:55:28,255 [EventQueue-OpenPipelineForHealthyPipelineSafeModeRule] INFO  safemode.SCMSafeModeManager (SCMSafeModeManager.java:validateSafeModeExitRules(200)) - HealthyPipelineSafeModeRule rule is successfully validated
2023-07-25 10:55:28,255 [EventQueue-OpenPipelineForHealthyPipelineSafeModeRule] INFO  safemode.SCMSafeModeManager (SCMSafeModeManager.java:validateSafeModeExitRules(215)) - ScmSafeModeManager, all rules are successfully validated
2023-07-25 10:55:28,255 [EventQueue-OpenPipelineForHealthyPipelineSafeModeRule] INFO  safemode.SCMSafeModeManager (SCMSafeModeManager.java:exitSafeMode(244)) - SCM exiting safe mode.
2023-07-25 10:55:28,255 [EventQueue-OpenPipelineForHealthyPipelineSafeModeRule] INFO  ha.SCMContext (SCMContext.java:updateSafeModeStatus(228)) - Update SafeModeStatus from SafeModeStatus{safeModeStatus=true, preCheckPassed=true} to SafeModeStatus{safeModeStatus=false, preCheckPassed=true}.
2023-07-25 10:55:28,255 [EventQueue-OpenPipelineForHealthyPipelineSafeModeRule] INFO  pipeline.BackgroundPipelineCreator (BackgroundPipelineCreator.java:notifyStatusChanged(255)) - Service BackgroundPipelineCreator transitions to RUNNING.
2023-07-25 10:55:28,256 [EventQueue-OpenPipelineForHealthyPipelineSafeModeRule] INFO  BackgroundPipelineScrubber (BackgroundSCMService.java:notifyStatusChanged(82)) - Service BackgroundPipelineScrubber transitions to RUNNING.
2023-07-25 10:55:28,256 [EventQueue-OpenPipelineForHealthyPipelineSafeModeRule] INFO  ExpiredContainerReplicaOpScrubber (BackgroundSCMService.java:notifyStatusChanged(82)) - Service ExpiredContainerReplicaOpScrubber transitions to RUNNING.
2023-07-25 10:55:28,256 [EventQueue-OpenPipelineForHealthyPipelineSafeModeRule] INFO  replication.ReplicationManager (ReplicationManager.java:notifyStatusChanged(1366)) - Service ReplicationManager transitions to RUNNING.
2023-07-25 10:55:28,261 [EventQueue-OpenPipelineForHealthyPipelineSafeModeRule] WARN  balancer.ContainerBalancer (ContainerBalancer.java:shouldRun(134)) - Could not find persisted configuration for ContainerBalancer when checking if ContainerBalancer should run. ContainerBalancer should not run now.
2023-07-25 10:55:28,267 [a4e02de4-0a57-448c-8e91-91a041d5e72b@group-E6E162410C5D-LeaderElection5] INFO  server.RaftServerConfigKeys (ConfUtils.java:logGet(46)) - raft.server.log.appender.snapshot.chunk.size.max = 16MB (=16777216) (default)
2023-07-25 10:55:28,267 [a4e02de4-0a57-448c-8e91-91a041d5e72b@group-E6E162410C5D-LeaderElection5] INFO  server.RaftServerConfigKeys (ConfUtils.java:logGet(46)) - raft.server.log.appender.buffer.byte-limit = 33554432 (custom)
2023-07-25 10:55:28,268 [a4e02de4-0a57-448c-8e91-91a041d5e72b@group-E6E162410C5D-LeaderElection5] INFO  server.RaftServerConfigKeys (ConfUtils.java:logGet(46)) - raft.server.log.appender.buffer.element-limit = 1 (custom)
2023-07-25 10:55:28,272 [a4e02de4-0a57-448c-8e91-91a041d5e72b@group-E6E162410C5D-LeaderElection5] INFO  server.RaftServerConfigKeys (ConfUtils.java:logGet(46)) - raft.server.log.appender.wait-time.min = 10ms (default)
2023-07-25 10:55:28,273 [a4e02de4-0a57-448c-8e91-91a041d5e72b@group-E6E162410C5D-LeaderElection5] INFO  grpc.GrpcConfigKeys (ConfUtils.java:logGet(46)) - raft.grpc.server.leader.outstanding.appends.max = 128 (default)
2023-07-25 10:55:28,273 [a4e02de4-0a57-448c-8e91-91a041d5e72b@group-E6E162410C5D-LeaderElection5] INFO  server.RaftServerConfigKeys (ConfUtils.java:logGet(46)) - raft.server.rpc.request.timeout = 60s (custom)
2023-07-25 10:55:28,273 [a4e02de4-0a57-448c-8e91-91a041d5e72b@group-E6E162410C5D-LeaderElection5] INFO  grpc.GrpcConfigKeys (ConfUtils.java:logGet(46)) - raft.grpc.server.install_snapshot.request.element-limit = 8 (default)
2023-07-25 10:55:28,274 [a4e02de4-0a57-448c-8e91-91a041d5e72b@group-E6E162410C5D-LeaderElection5] INFO  grpc.GrpcConfigKeys (ConfUtils.java:logGet(46)) - raft.grpc.server.install_snapshot.request.timeout = 3000ms (default)
2023-07-25 10:55:28,274 [a4e02de4-0a57-448c-8e91-91a041d5e72b@group-E6E162410C5D-LeaderElection5] INFO  server.RaftServerConfigKeys (ConfUtils.java:logGet(46)) - raft.server.log.appender.install.snapshot.enabled = false (custom)
2023-07-25 10:55:28,274 [a4e02de4-0a57-448c-8e91-91a041d5e72b@group-E6E162410C5D-LeaderElection5] INFO  grpc.GrpcConfigKeys (ConfUtils.java:logGet(46)) - raft.grpc.server.heartbeat.channel = true (default)
2023-07-25 10:55:28,277 [a4e02de4-0a57-448c-8e91-91a041d5e72b@group-E6E162410C5D-LeaderElection5] INFO  server.RaftServerConfigKeys (ConfUtils.java:logGet(46)) - raft.server.log.appender.snapshot.chunk.size.max = 16MB (=16777216) (default)
2023-07-25 10:55:28,277 [a4e02de4-0a57-448c-8e91-91a041d5e72b@group-E6E162410C5D-LeaderElection5] INFO  server.RaftServerConfigKeys (ConfUtils.java:logGet(46)) - raft.server.log.appender.buffer.byte-limit = 33554432 (custom)
2023-07-25 10:55:28,277 [a4e02de4-0a57-448c-8e91-91a041d5e72b@group-E6E162410C5D-LeaderElection5] INFO  server.RaftServerConfigKeys (ConfUtils.java:logGet(46)) - raft.server.log.appender.buffer.element-limit = 1 (custom)
2023-07-25 10:55:28,277 [a4e02de4-0a57-448c-8e91-91a041d5e72b@group-E6E162410C5D-LeaderElection5] INFO  server.RaftServerConfigKeys (ConfUtils.java:logGet(46)) - raft.server.log.appender.wait-time.min = 10ms (default)
2023-07-25 10:55:28,277 [a4e02de4-0a57-448c-8e91-91a041d5e72b@group-E6E162410C5D-LeaderElection5] INFO  grpc.GrpcConfigKeys (ConfUtils.java:logGet(46)) - raft.grpc.server.leader.outstanding.appends.max = 128 (default)
2023-07-25 10:55:28,277 [a4e02de4-0a57-448c-8e91-91a041d5e72b@group-E6E162410C5D-LeaderElection5] INFO  server.RaftServerConfigKeys (ConfUtils.java:logGet(46)) - raft.server.rpc.request.timeout = 60s (custom)
2023-07-25 10:55:28,277 [a4e02de4-0a57-448c-8e91-91a041d5e72b@group-E6E162410C5D-LeaderElection5] INFO  grpc.GrpcConfigKeys (ConfUtils.java:logGet(46)) - raft.grpc.server.install_snapshot.request.element-limit = 8 (default)
2023-07-25 10:55:28,277 [a4e02de4-0a57-448c-8e91-91a041d5e72b@group-E6E162410C5D-LeaderElection5] INFO  grpc.GrpcConfigKeys (ConfUtils.java:logGet(46)) - raft.grpc.server.install_snapshot.request.timeout = 3000ms (default)
2023-07-25 10:55:28,278 [a4e02de4-0a57-448c-8e91-91a041d5e72b@group-E6E162410C5D-LeaderElection5] INFO  server.RaftServerConfigKeys (ConfUtils.java:logGet(46)) - raft.server.log.appender.install.snapshot.enabled = false (custom)
2023-07-25 10:55:28,278 [a4e02de4-0a57-448c-8e91-91a041d5e72b@group-E6E162410C5D-LeaderElection5] INFO  grpc.GrpcConfigKeys (ConfUtils.java:logGet(46)) - raft.grpc.server.heartbeat.channel = true (default)
2023-07-25 10:55:28,279 [a4e02de4-0a57-448c-8e91-91a041d5e72b@group-E6E162410C5D-LeaderElection5] INFO  impl.RoleInfo (RoleInfo.java:updateAndGet(139)) - a4e02de4-0a57-448c-8e91-91a041d5e72b: start a4e02de4-0a57-448c-8e91-91a041d5e72b@group-E6E162410C5D-LeaderStateImpl
2023-07-25 10:55:28,280 [a4e02de4-0a57-448c-8e91-91a041d5e72b@group-E6E162410C5D-LeaderElection5] INFO  segmented.SegmentedRaftLogWorker (SegmentedRaftLogWorker.java:startLogSegment(447)) - a4e02de4-0a57-448c-8e91-91a041d5e72b@group-E6E162410C5D-SegmentedRaftLogWorker: Starting segment from index:0
2023-07-25 10:55:28,285 [a4e02de4-0a57-448c-8e91-91a041d5e72b@group-E6E162410C5D-SegmentedRaftLogWorker] INFO  segmented.SegmentedRaftLogWorker (SegmentedRaftLogWorker.java:execute(651)) - a4e02de4-0a57-448c-8e91-91a041d5e72b@group-E6E162410C5D-SegmentedRaftLogWorker: created new log segment /home/runner/work/ozone/ozone/hadoop-ozone/integration-test/target/test-dir/MiniOzoneClusterImpl-71add7ef-0b93-4dd0-b3e1-91a97b11c72d/datanode-1/data/ratis/d1b2a856-b23c-4622-9693-e6e162410c5d/current/log_inprogress_0
2023-07-25 10:55:28,290 [a4e02de4-0a57-448c-8e91-91a041d5e72b@group-E6E162410C5D-LeaderElection5] INFO  server.RaftServer$Division (ServerState.java:setRaftConf(434)) - a4e02de4-0a57-448c-8e91-91a041d5e72b@group-E6E162410C5D: set configuration 0: peers:[a4e02de4-0a57-448c-8e91-91a041d5e72b|rpc:10.1.0.57:15023|admin:10.1.0.57:15022|client:10.1.0.57:15021|dataStream:10.1.0.57:15024|priority:1|startupRole:FOLLOWER, 558084a2-61c9-4ed7-bb35-b0adeee70698|rpc:10.1.0.57:15032|admin:10.1.0.57:15031|client:10.1.0.57:15030|dataStream:10.1.0.57:15033|priority:0|startupRole:FOLLOWER, d61495e8-faf1-4655-91e1-42a45bad4237|rpc:10.1.0.57:15014|admin:10.1.0.57:15013|client:10.1.0.57:15012|dataStream:10.1.0.57:15015|priority:0|startupRole:FOLLOWER]|listeners:[], old=null
2023-07-25 10:55:28,346 [558084a2-61c9-4ed7-bb35-b0adeee70698-server-thread2] INFO  ratis.XceiverServerRatis (XceiverServerRatis.java:handleLeaderChangedNotification(902)) - Leader change notification received for group: group-E6E162410C5D with new leaderId: a4e02de4-0a57-448c-8e91-91a041d5e72b
2023-07-25 10:55:28,347 [d61495e8-faf1-4655-91e1-42a45bad4237-server-thread2] INFO  ratis.XceiverServerRatis (XceiverServerRatis.java:handleLeaderChangedNotification(902)) - Leader change notification received for group: group-E6E162410C5D with new leaderId: a4e02de4-0a57-448c-8e91-91a041d5e72b
2023-07-25 10:55:28,349 [d61495e8-faf1-4655-91e1-42a45bad4237-server-thread2] INFO  server.RaftServer$Division (ServerState.java:setLeader(317)) - d61495e8-faf1-4655-91e1-42a45bad4237@group-E6E162410C5D: change Leader from null to a4e02de4-0a57-448c-8e91-91a041d5e72b at term 1 for appendEntries, leader elected after 5939ms
2023-07-25 10:55:28,347 [558084a2-61c9-4ed7-bb35-b0adeee70698-server-thread2] INFO  server.RaftServer$Division (ServerState.java:setLeader(317)) - 558084a2-61c9-4ed7-bb35-b0adeee70698@group-E6E162410C5D: change Leader from null to a4e02de4-0a57-448c-8e91-91a041d5e72b at term 1 for appendEntries, leader elected after 5302ms
2023-07-25 10:55:28,354 [d61495e8-faf1-4655-91e1-42a45bad4237-server-thread2] INFO  server.RaftServer$Division (ServerState.java:setRaftConf(434)) - d61495e8-faf1-4655-91e1-42a45bad4237@group-E6E162410C5D: set configuration 0: peers:[a4e02de4-0a57-448c-8e91-91a041d5e72b|rpc:10.1.0.57:15023|admin:10.1.0.57:15022|client:10.1.0.57:15021|dataStream:10.1.0.57:15024|priority:1|startupRole:FOLLOWER, 558084a2-61c9-4ed7-bb35-b0adeee70698|rpc:10.1.0.57:15032|admin:10.1.0.57:15031|client:10.1.0.57:15030|dataStream:10.1.0.57:15033|priority:0|startupRole:FOLLOWER, d61495e8-faf1-4655-91e1-42a45bad4237|rpc:10.1.0.57:15014|admin:10.1.0.57:15013|client:10.1.0.57:15012|dataStream:10.1.0.57:15015|priority:0|startupRole:FOLLOWER]|listeners:[], old=null
2023-07-25 10:55:28,354 [d61495e8-faf1-4655-91e1-42a45bad4237-server-thread2] INFO  segmented.SegmentedRaftLogWorker (SegmentedRaftLogWorker.java:startLogSegment(447)) - d61495e8-faf1-4655-91e1-42a45bad4237@group-E6E162410C5D-SegmentedRaftLogWorker: Starting segment from index:0
2023-07-25 10:55:28,356 [558084a2-61c9-4ed7-bb35-b0adeee70698-server-thread1] INFO  server.RaftServer$Division (ServerState.java:setRaftConf(434)) - 558084a2-61c9-4ed7-bb35-b0adeee70698@group-E6E162410C5D: set configuration 0: peers:[a4e02de4-0a57-448c-8e91-91a041d5e72b|rpc:10.1.0.57:15023|admin:10.1.0.57:15022|client:10.1.0.57:15021|dataStream:10.1.0.57:15024|priority:1|startupRole:FOLLOWER, 558084a2-61c9-4ed7-bb35-b0adeee70698|rpc:10.1.0.57:15032|admin:10.1.0.57:15031|client:10.1.0.57:15030|dataStream:10.1.0.57:15033|priority:0|startupRole:FOLLOWER, d61495e8-faf1-4655-91e1-42a45bad4237|rpc:10.1.0.57:15014|admin:10.1.0.57:15013|client:10.1.0.57:15012|dataStream:10.1.0.57:15015|priority:0|startupRole:FOLLOWER]|listeners:[], old=null
2023-07-25 10:55:28,357 [d61495e8-faf1-4655-91e1-42a45bad4237@group-E6E162410C5D-SegmentedRaftLogWorker] INFO  segmented.SegmentedRaftLogWorker (SegmentedRaftLogWorker.java:execute(651)) - d61495e8-faf1-4655-91e1-42a45bad4237@group-E6E162410C5D-SegmentedRaftLogWorker: created new log segment /home/runner/work/ozone/ozone/hadoop-ozone/integration-test/target/test-dir/MiniOzoneClusterImpl-71add7ef-0b93-4dd0-b3e1-91a97b11c72d/datanode-0/data/ratis/d1b2a856-b23c-4622-9693-e6e162410c5d/current/log_inprogress_0
2023-07-25 10:55:28,366 [558084a2-61c9-4ed7-bb35-b0adeee70698-server-thread1] INFO  segmented.SegmentedRaftLogWorker (SegmentedRaftLogWorker.java:startLogSegment(447)) - 558084a2-61c9-4ed7-bb35-b0adeee70698@group-E6E162410C5D-SegmentedRaftLogWorker: Starting segment from index:0
2023-07-25 10:55:28,370 [558084a2-61c9-4ed7-bb35-b0adeee70698@group-E6E162410C5D-SegmentedRaftLogWorker] INFO  segmented.SegmentedRaftLogWorker (SegmentedRaftLogWorker.java:execute(651)) - 558084a2-61c9-4ed7-bb35-b0adeee70698@group-E6E162410C5D-SegmentedRaftLogWorker: created new log segment /home/runner/work/ozone/ozone/hadoop-ozone/integration-test/target/test-dir/MiniOzoneClusterImpl-71add7ef-0b93-4dd0-b3e1-91a97b11c72d/datanode-2/data/ratis/d1b2a856-b23c-4622-9693-e6e162410c5d/current/log_inprogress_0
2023-07-25 10:55:28,591 [558084a2-61c9-4ed7-bb35-b0adeee70698@group-9A4BD74B7787-FollowerState] INFO  impl.FollowerState (FollowerState.java:run(143)) - 558084a2-61c9-4ed7-bb35-b0adeee70698@group-9A4BD74B7787-FollowerState: change to CANDIDATE, lastRpcElapsedTime:5179579161ns, electionTimeout:5175ms
2023-07-25 10:55:28,591 [558084a2-61c9-4ed7-bb35-b0adeee70698@group-9A4BD74B7787-FollowerState] INFO  impl.RoleInfo (RoleInfo.java:shutdownFollowerState(110)) - 558084a2-61c9-4ed7-bb35-b0adeee70698: shutdown 558084a2-61c9-4ed7-bb35-b0adeee70698@group-9A4BD74B7787-FollowerState
2023-07-25 10:55:28,592 [558084a2-61c9-4ed7-bb35-b0adeee70698@group-9A4BD74B7787-FollowerState] INFO  server.RaftServer$Division (RaftServerImpl.java:setRole(329)) - 558084a2-61c9-4ed7-bb35-b0adeee70698@group-9A4BD74B7787: changes role from  FOLLOWER to CANDIDATE at term 0 for changeToCandidate
2023-07-25 10:55:28,592 [558084a2-61c9-4ed7-bb35-b0adeee70698@group-9A4BD74B7787-FollowerState] INFO  server.RaftServerConfigKeys (ConfUtils.java:logGet(46)) - raft.server.leaderelection.pre-vote = true (default)
2023-07-25 10:55:28,592 [558084a2-61c9-4ed7-bb35-b0adeee70698@group-9A4BD74B7787-FollowerState] INFO  impl.RoleInfo (RoleInfo.java:updateAndGet(139)) - 558084a2-61c9-4ed7-bb35-b0adeee70698: start 558084a2-61c9-4ed7-bb35-b0adeee70698@group-9A4BD74B7787-LeaderElection6
2023-07-25 10:55:28,606 [558084a2-61c9-4ed7-bb35-b0adeee70698@group-9A4BD74B7787-LeaderElection6] INFO  impl.LeaderElection (LeaderElection.java:askForVotes(321)) - 558084a2-61c9-4ed7-bb35-b0adeee70698@group-9A4BD74B7787-LeaderElection6 PRE_VOTE round 0: submit vote requests at term 0 for -1: peers:[558084a2-61c9-4ed7-bb35-b0adeee70698|rpc:10.1.0.57:15032|admin:10.1.0.57:15031|client:10.1.0.57:15030|dataStream:10.1.0.57:15033|priority:1|startupRole:FOLLOWER]|listeners:[], old=null
2023-07-25 10:55:28,608 [558084a2-61c9-4ed7-bb35-b0adeee70698@group-9A4BD74B7787-LeaderElection6] INFO  impl.LeaderElection (LeaderElection.java:askForVotes(323)) - 558084a2-61c9-4ed7-bb35-b0adeee70698@group-9A4BD74B7787-LeaderElection6 PRE_VOTE round 0: result PASSED (term=0)
2023-07-25 10:55:28,610 [558084a2-61c9-4ed7-bb35-b0adeee70698@group-9A4BD74B7787-LeaderElection6] INFO  impl.LeaderElection (LeaderElection.java:askForVotes(321)) - 558084a2-61c9-4ed7-bb35-b0adeee70698@group-9A4BD74B7787-LeaderElection6 ELECTION round 0: submit vote requests at term 1 for -1: peers:[558084a2-61c9-4ed7-bb35-b0adeee70698|rpc:10.1.0.57:15032|admin:10.1.0.57:15031|client:10.1.0.57:15030|dataStream:10.1.0.57:15033|priority:1|startupRole:FOLLOWER]|listeners:[], old=null
2023-07-25 10:55:28,610 [558084a2-61c9-4ed7-bb35-b0adeee70698@group-9A4BD74B7787-LeaderElection6] INFO  impl.LeaderElection (LeaderElection.java:askForVotes(323)) - 558084a2-61c9-4ed7-bb35-b0adeee70698@group-9A4BD74B7787-LeaderElection6 ELECTION round 0: result PASSED (term=1)
2023-07-25 10:55:28,610 [558084a2-61c9-4ed7-bb35-b0adeee70698@group-9A4BD74B7787-LeaderElection6] INFO  impl.RoleInfo (RoleInfo.java:shutdownLeaderElection(130)) - 558084a2-61c9-4ed7-bb35-b0adeee70698: shutdown 558084a2-61c9-4ed7-bb35-b0adeee70698@group-9A4BD74B7787-LeaderElection6
2023-07-25 10:55:28,611 [558084a2-61c9-4ed7-bb35-b0adeee70698@group-9A4BD74B7787-LeaderElection6] INFO  server.RaftServer$Division (RaftServerImpl.java:setRole(329)) - 558084a2-61c9-4ed7-bb35-b0adeee70698@group-9A4BD74B7787: changes role from CANDIDATE to LEADER at term 1 for changeToLeader
2023-07-25 10:55:28,611 [558084a2-61c9-4ed7-bb35-b0adeee70698@group-9A4BD74B7787-LeaderElection6] INFO  ratis.XceiverServerRatis (XceiverServerRatis.java:handleLeaderChangedNotification(902)) - Leader change notification received for group: group-9A4BD74B7787 with new leaderId: 558084a2-61c9-4ed7-bb35-b0adeee70698
2023-07-25 10:55:28,612 [558084a2-61c9-4ed7-bb35-b0adeee70698@group-9A4BD74B7787-LeaderElection6] INFO  server.RaftServer$Division (ServerState.java:setLeader(317)) - 558084a2-61c9-4ed7-bb35-b0adeee70698@group-9A4BD74B7787: change Leader from null to 558084a2-61c9-4ed7-bb35-b0adeee70698 at term 1 for becomeLeader, leader elected after 5257ms
2023-07-25 10:55:28,612 [558084a2-61c9-4ed7-bb35-b0adeee70698@group-9A4BD74B7787-LeaderElection6] INFO  server.RaftServerConfigKeys (ConfUtils.java:logGet(46)) - raft.server.staging.catchup.gap = 1000 (default)
2023-07-25 10:55:28,613 [558084a2-61c9-4ed7-bb35-b0adeee70698@group-9A4BD74B7787-LeaderElection6] INFO  server.RaftServerConfigKeys (ConfUtils.java:logGet(46)) - raft.server.write.element-limit = 1024 (custom)
2023-07-25 10:55:28,613 [558084a2-61c9-4ed7-bb35-b0adeee70698@group-9A4BD74B7787-LeaderElection6] INFO  server.RaftServerConfigKeys (ConfUtils.java:logGet(46)) - raft.server.write.byte-limit = 1024 M (=1073741824) (custom)
2023-07-25 10:55:28,614 [558084a2-61c9-4ed7-bb35-b0adeee70698@group-9A4BD74B7787-LeaderElection6] INFO  server.RaftServerConfigKeys (ConfUtils.java:logGet(46)) - raft.server.watch.timeout = 180s (custom)
2023-07-25 10:55:28,614 [558084a2-61c9-4ed7-bb35-b0adeee70698@group-9A4BD74B7787-LeaderElection6] INFO  server.RaftServerConfigKeys (ConfUtils.java:logGet(46)) - raft.server.watch.timeout.denomination = 1s (default)
2023-07-25 10:55:28,614 [558084a2-61c9-4ed7-bb35-b0adeee70698@group-9A4BD74B7787-LeaderElection6] INFO  server.RaftServerConfigKeys (ConfUtils.java:logGet(46)) - raft.server.watch.element-limit = 65536 (default)
2023-07-25 10:55:28,614 [558084a2-61c9-4ed7-bb35-b0adeee70698@group-9A4BD74B7787-LeaderElection6] INFO  server.RaftServerConfigKeys (ConfUtils.java:logGet(46)) - raft.server.write.element-limit = 1024 (custom)
2023-07-25 10:55:28,614 [558084a2-61c9-4ed7-bb35-b0adeee70698@group-9A4BD74B7787-LeaderElection6] INFO  server.RaftServerConfigKeys (ConfUtils.java:logGet(46)) - raft.server.write.follower.gap.ratio.max = -1.0 (default)
2023-07-25 10:55:28,615 [558084a2-61c9-4ed7-bb35-b0adeee70698@group-9A4BD74B7787-LeaderElection6] INFO  impl.RoleInfo (RoleInfo.java:updateAndGet(139)) - 558084a2-61c9-4ed7-bb35-b0adeee70698: start 558084a2-61c9-4ed7-bb35-b0adeee70698@group-9A4BD74B7787-LeaderStateImpl
2023-07-25 10:55:28,616 [558084a2-61c9-4ed7-bb35-b0adeee70698@group-9A4BD74B7787-LeaderElection6] INFO  segmented.SegmentedRaftLogWorker (SegmentedRaftLogWorker.java:startLogSegment(447)) - 558084a2-61c9-4ed7-bb35-b0adeee70698@group-9A4BD74B7787-SegmentedRaftLogWorker: Starting segment from index:0
2023-07-25 10:55:28,624 [558084a2-61c9-4ed7-bb35-b0adeee70698@group-9A4BD74B7787-SegmentedRaftLogWorker] INFO  segmented.SegmentedRaftLogWorker (SegmentedRaftLogWorker.java:execute(651)) - 558084a2-61c9-4ed7-bb35-b0adeee70698@group-9A4BD74B7787-SegmentedRaftLogWorker: created new log segment /home/runner/work/ozone/ozone/hadoop-ozone/integration-test/target/test-dir/MiniOzoneClusterImpl-71add7ef-0b93-4dd0-b3e1-91a97b11c72d/datanode-2/data/ratis/02cc9d56-cfde-4344-b940-9a4bd74b7787/current/log_inprogress_0
2023-07-25 10:55:28,636 [558084a2-61c9-4ed7-bb35-b0adeee70698@group-9A4BD74B7787-LeaderElection6] INFO  server.RaftServer$Division (ServerState.java:setRaftConf(434)) - 558084a2-61c9-4ed7-bb35-b0adeee70698@group-9A4BD74B7787: set configuration 0: peers:[558084a2-61c9-4ed7-bb35-b0adeee70698|rpc:10.1.0.57:15032|admin:10.1.0.57:15031|client:10.1.0.57:15030|dataStream:10.1.0.57:15033|priority:1|startupRole:FOLLOWER]|listeners:[], old=null
2023-07-25 10:55:28,873 [d61495e8-faf1-4655-91e1-42a45bad4237@group-661FD194F38D-FollowerState] INFO  impl.FollowerState (FollowerState.java:run(143)) - d61495e8-faf1-4655-91e1-42a45bad4237@group-661FD194F38D-FollowerState: change to CANDIDATE, lastRpcElapsedTime:5049908839ns, electionTimeout:5025ms
2023-07-25 10:55:28,874 [d61495e8-faf1-4655-91e1-42a45bad4237@group-661FD194F38D-FollowerState] INFO  impl.RoleInfo (RoleInfo.java:shutdownFollowerState(110)) - d61495e8-faf1-4655-91e1-42a45bad4237: shutdown d61495e8-faf1-4655-91e1-42a45bad4237@group-661FD194F38D-FollowerState
2023-07-25 10:55:28,874 [d61495e8-faf1-4655-91e1-42a45bad4237@group-661FD194F38D-FollowerState] INFO  server.RaftServer$Division (RaftServerImpl.java:setRole(329)) - d61495e8-faf1-4655-91e1-42a45bad4237@group-661FD194F38D: changes role from  FOLLOWER to CANDIDATE at term 0 for changeToCandidate
2023-07-25 10:55:28,874 [d61495e8-faf1-4655-91e1-42a45bad4237@group-661FD194F38D-FollowerState] INFO  server.RaftServerConfigKeys (ConfUtils.java:logGet(46)) - raft.server.leaderelection.pre-vote = true (default)
2023-07-25 10:55:28,874 [d61495e8-faf1-4655-91e1-42a45bad4237@group-661FD194F38D-FollowerState] INFO  impl.RoleInfo (RoleInfo.java:updateAndGet(139)) - d61495e8-faf1-4655-91e1-42a45bad4237: start d61495e8-faf1-4655-91e1-42a45bad4237@group-661FD194F38D-LeaderElection7
2023-07-25 10:55:28,876 [d61495e8-faf1-4655-91e1-42a45bad4237@group-661FD194F38D-LeaderElection7] INFO  impl.LeaderElection (LeaderElection.java:askForVotes(321)) - d61495e8-faf1-4655-91e1-42a45bad4237@group-661FD194F38D-LeaderElection7 PRE_VOTE round 0: submit vote requests at term 0 for -1: peers:[a4e02de4-0a57-448c-8e91-91a041d5e72b|rpc:10.1.0.57:15023|admin:10.1.0.57:15022|client:10.1.0.57:15021|dataStream:10.1.0.57:15024|priority:0|startupRole:FOLLOWER, 558084a2-61c9-4ed7-bb35-b0adeee70698|rpc:10.1.0.57:15032|admin:10.1.0.57:15031|client:10.1.0.57:15030|dataStream:10.1.0.57:15033|priority:0|startupRole:FOLLOWER, d61495e8-faf1-4655-91e1-42a45bad4237|rpc:10.1.0.57:15014|admin:10.1.0.57:15013|client:10.1.0.57:15012|dataStream:10.1.0.57:15015|priority:1|startupRole:FOLLOWER]|listeners:[], old=null
2023-07-25 10:55:28,877 [d61495e8-faf1-4655-91e1-42a45bad4237@group-661FD194F38D-LeaderElection7] INFO  server.RaftServerConfigKeys (ConfUtils.java:logFallback(53)) - raft.server.rpc.first-election.timeout.min = 5s (fallback to raft.server.rpc.timeout.min)
2023-07-25 10:55:28,877 [d61495e8-faf1-4655-91e1-42a45bad4237@group-661FD194F38D-LeaderElection7] INFO  server.RaftServerConfigKeys (ConfUtils.java:logFallback(53)) - raft.server.rpc.first-election.timeout.max = 5200ms (fallback to raft.server.rpc.timeout.max)
2023-07-25 10:55:28,881 [grpc-default-executor-0] INFO  server.RaftServer$Division (RaftServerImpl.java:requestVote(1302)) - 558084a2-61c9-4ed7-bb35-b0adeee70698@group-661FD194F38D: receive requestVote(PRE_VOTE, d61495e8-faf1-4655-91e1-42a45bad4237, group-661FD194F38D, 0, (t:0, i:0))
2023-07-25 10:55:28,882 [grpc-default-executor-0] INFO  impl.VoteContext (VoteContext.java:log(49)) - 558084a2-61c9-4ed7-bb35-b0adeee70698@group-661FD194F38D-FOLLOWER: accept PRE_VOTE from d61495e8-faf1-4655-91e1-42a45bad4237: our priority 0 <= candidate's priority 1
2023-07-25 10:55:28,882 [grpc-default-executor-0] INFO  server.RaftServer$Division (RaftServerImpl.java:requestVote(1335)) - 558084a2-61c9-4ed7-bb35-b0adeee70698@group-661FD194F38D replies to PRE_VOTE vote request: d61495e8-faf1-4655-91e1-42a45bad4237<-558084a2-61c9-4ed7-bb35-b0adeee70698#0:OK-t0. Peer's state: 558084a2-61c9-4ed7-bb35-b0adeee70698@group-661FD194F38D:t0, leader=null, voted=, raftlog=Memoized:558084a2-61c9-4ed7-bb35-b0adeee70698@group-661FD194F38D-SegmentedRaftLog:OPENED:c-1, conf=-1: peers:[a4e02de4-0a57-448c-8e91-91a041d5e72b|rpc:10.1.0.57:15023|admin:10.1.0.57:15022|client:10.1.0.57:15021|dataStream:10.1.0.57:15024|priority:0|startupRole:FOLLOWER, 558084a2-61c9-4ed7-bb35-b0adeee70698|rpc:10.1.0.57:15032|admin:10.1.0.57:15031|client:10.1.0.57:15030|dataStream:10.1.0.57:15033|priority:0|startupRole:FOLLOWER, d61495e8-faf1-4655-91e1-42a45bad4237|rpc:10.1.0.57:15014|admin:10.1.0.57:15013|client:10.1.0.57:15012|dataStream:10.1.0.57:15015|priority:1|startupRole:FOLLOWER]|listeners:[], old=null
2023-07-25 10:55:28,884 [d61495e8-faf1-4655-91e1-42a45bad4237@group-661FD194F38D-LeaderElection7] INFO  impl.LeaderElection (LeaderElection.java:logAndReturn(90)) - d61495e8-faf1-4655-91e1-42a45bad4237@group-661FD194F38D-LeaderElection7: PRE_VOTE PASSED received 1 response(s) and 0 exception(s):
2023-07-25 10:55:28,884 [d61495e8-faf1-4655-91e1-42a45bad4237@group-661FD194F38D-LeaderElection7] INFO  impl.LeaderElection (LeaderElection.java:logAndReturn(94)) -   Response 0: d61495e8-faf1-4655-91e1-42a45bad4237<-558084a2-61c9-4ed7-bb35-b0adeee70698#0:OK-t0
2023-07-25 10:55:28,884 [d61495e8-faf1-4655-91e1-42a45bad4237@group-661FD194F38D-LeaderElection7] INFO  impl.LeaderElection (LeaderElection.java:askForVotes(323)) - d61495e8-faf1-4655-91e1-42a45bad4237@group-661FD194F38D-LeaderElection7 PRE_VOTE round 0: result PASSED
2023-07-25 10:55:28,886 [d61495e8-faf1-4655-91e1-42a45bad4237@group-661FD194F38D-LeaderElection7] INFO  impl.LeaderElection (LeaderElection.java:askForVotes(321)) - d61495e8-faf1-4655-91e1-42a45bad4237@group-661FD194F38D-LeaderElection7 ELECTION round 0: submit vote requests at term 1 for -1: peers:[a4e02de4-0a57-448c-8e91-91a041d5e72b|rpc:10.1.0.57:15023|admin:10.1.0.57:15022|client:10.1.0.57:15021|dataStream:10.1.0.57:15024|priority:0|startupRole:FOLLOWER, 558084a2-61c9-4ed7-bb35-b0adeee70698|rpc:10.1.0.57:15032|admin:10.1.0.57:15031|client:10.1.0.57:15030|dataStream:10.1.0.57:15033|priority:0|startupRole:FOLLOWER, d61495e8-faf1-4655-91e1-42a45bad4237|rpc:10.1.0.57:15014|admin:10.1.0.57:15013|client:10.1.0.57:15012|dataStream:10.1.0.57:15015|priority:1|startupRole:FOLLOWER]|listeners:[], old=null
2023-07-25 10:55:28,889 [d61495e8-faf1-4655-91e1-42a45bad4237@group-661FD194F38D-LeaderElection7] INFO  server.RaftServerConfigKeys (ConfUtils.java:logFallback(53)) - raft.server.rpc.first-election.timeout.min = 5s (fallback to raft.server.rpc.timeout.min)
2023-07-25 10:55:28,889 [d61495e8-faf1-4655-91e1-42a45bad4237@group-661FD194F38D-LeaderElection7] INFO  server.RaftServerConfigKeys (ConfUtils.java:logFallback(53)) - raft.server.rpc.first-election.timeout.max = 5200ms (fallback to raft.server.rpc.timeout.max)
2023-07-25 10:55:28,890 [grpc-default-executor-0] INFO  server.RaftServer$Division (RaftServerImpl.java:requestVote(1302)) - a4e02de4-0a57-448c-8e91-91a041d5e72b@group-661FD194F38D: receive requestVote(PRE_VOTE, d61495e8-faf1-4655-91e1-42a45bad4237, group-661FD194F38D, 0, (t:0, i:0))
2023-07-25 10:55:28,891 [grpc-default-executor-0] INFO  impl.VoteContext (VoteContext.java:log(49)) - a4e02de4-0a57-448c-8e91-91a041d5e72b@group-661FD194F38D-FOLLOWER: accept PRE_VOTE from d61495e8-faf1-4655-91e1-42a45bad4237: our priority 0 <= candidate's priority 1
2023-07-25 10:55:28,892 [grpc-default-executor-0] INFO  server.RaftServer$Division (RaftServerImpl.java:requestVote(1335)) - a4e02de4-0a57-448c-8e91-91a041d5e72b@group-661FD194F38D replies to PRE_VOTE vote request: d61495e8-faf1-4655-91e1-42a45bad4237<-a4e02de4-0a57-448c-8e91-91a041d5e72b#0:OK-t0. Peer's state: a4e02de4-0a57-448c-8e91-91a041d5e72b@group-661FD194F38D:t0, leader=null, voted=, raftlog=Memoized:a4e02de4-0a57-448c-8e91-91a041d5e72b@group-661FD194F38D-SegmentedRaftLog:OPENED:c-1, conf=-1: peers:[a4e02de4-0a57-448c-8e91-91a041d5e72b|rpc:10.1.0.57:15023|admin:10.1.0.57:15022|client:10.1.0.57:15021|dataStream:10.1.0.57:15024|priority:0|startupRole:FOLLOWER, 558084a2-61c9-4ed7-bb35-b0adeee70698|rpc:10.1.0.57:15032|admin:10.1.0.57:15031|client:10.1.0.57:15030|dataStream:10.1.0.57:15033|priority:0|startupRole:FOLLOWER, d61495e8-faf1-4655-91e1-42a45bad4237|rpc:10.1.0.57:15014|admin:10.1.0.57:15013|client:10.1.0.57:15012|dataStream:10.1.0.57:15015|priority:1|startupRole:FOLLOWER]|listeners:[], old=null
2023-07-25 10:55:28,895 [558084a2-61c9-4ed7-bb35-b0adeee70698@group-661FD194F38D-FollowerState] INFO  server.RaftServerConfigKeys (ConfUtils.java:logFallback(53)) - raft.server.rpc.first-election.timeout.min = 5s (fallback to raft.server.rpc.timeout.min)
2023-07-25 10:55:28,895 [558084a2-61c9-4ed7-bb35-b0adeee70698@group-661FD194F38D-FollowerState] INFO  server.RaftServerConfigKeys (ConfUtils.java:logFallback(53)) - raft.server.rpc.first-election.timeout.max = 5200ms (fallback to raft.server.rpc.timeout.max)
2023-07-25 10:55:28,901 [grpc-default-executor-0] INFO  server.RaftServer$Division (RaftServerImpl.java:requestVote(1302)) - 558084a2-61c9-4ed7-bb35-b0adeee70698@group-661FD194F38D: receive requestVote(ELECTION, d61495e8-faf1-4655-91e1-42a45bad4237, group-661FD194F38D, 1, (t:0, i:0))
2023-07-25 10:55:28,902 [grpc-default-executor-3] INFO  server.RaftServer$Division (RaftServerImpl.java:requestVote(1302)) - a4e02de4-0a57-448c-8e91-91a041d5e72b@group-661FD194F38D: receive requestVote(ELECTION, d61495e8-faf1-4655-91e1-42a45bad4237, group-661FD194F38D, 1, (t:0, i:0))
2023-07-25 10:55:28,903 [grpc-default-executor-0] INFO  impl.VoteContext (VoteContext.java:log(49)) - 558084a2-61c9-4ed7-bb35-b0adeee70698@group-661FD194F38D-FOLLOWER: accept ELECTION from d61495e8-faf1-4655-91e1-42a45bad4237: our priority 0 <= candidate's priority 1
2023-07-25 10:55:28,903 [grpc-default-executor-0] INFO  server.RaftServer$Division (RaftServerImpl.java:setRole(329)) - 558084a2-61c9-4ed7-bb35-b0adeee70698@group-661FD194F38D: changes role from  FOLLOWER to FOLLOWER at term 1 for candidate:d61495e8-faf1-4655-91e1-42a45bad4237
2023-07-25 10:55:28,903 [grpc-default-executor-0] INFO  impl.RoleInfo (RoleInfo.java:shutdownFollowerState(110)) - 558084a2-61c9-4ed7-bb35-b0adeee70698: shutdown 558084a2-61c9-4ed7-bb35-b0adeee70698@group-661FD194F38D-FollowerState
2023-07-25 10:55:28,903 [558084a2-61c9-4ed7-bb35-b0adeee70698@group-661FD194F38D-FollowerState] INFO  impl.FollowerState (FollowerState.java:run(152)) - 558084a2-61c9-4ed7-bb35-b0adeee70698@group-661FD194F38D-FollowerState was interrupted
2023-07-25 10:55:28,903 [grpc-default-executor-0] INFO  impl.RoleInfo (RoleInfo.java:updateAndGet(139)) - 558084a2-61c9-4ed7-bb35-b0adeee70698: start 558084a2-61c9-4ed7-bb35-b0adeee70698@group-661FD194F38D-FollowerState
2023-07-25 10:55:28,910 [grpc-default-executor-0] INFO  server.RaftServer$Division (RaftServerImpl.java:requestVote(1335)) - 558084a2-61c9-4ed7-bb35-b0adeee70698@group-661FD194F38D replies to ELECTION vote request: d61495e8-faf1-4655-91e1-42a45bad4237<-558084a2-61c9-4ed7-bb35-b0adeee70698#0:OK-t1. Peer's state: 558084a2-61c9-4ed7-bb35-b0adeee70698@group-661FD194F38D:t1, leader=null, voted=d61495e8-faf1-4655-91e1-42a45bad4237, raftlog=Memoized:558084a2-61c9-4ed7-bb35-b0adeee70698@group-661FD194F38D-SegmentedRaftLog:OPENED:c-1, conf=-1: peers:[a4e02de4-0a57-448c-8e91-91a041d5e72b|rpc:10.1.0.57:15023|admin:10.1.0.57:15022|client:10.1.0.57:15021|dataStream:10.1.0.57:15024|priority:0|startupRole:FOLLOWER, 558084a2-61c9-4ed7-bb35-b0adeee70698|rpc:10.1.0.57:15032|admin:10.1.0.57:15031|client:10.1.0.57:15030|dataStream:10.1.0.57:15033|priority:0|startupRole:FOLLOWER, d61495e8-faf1-4655-91e1-42a45bad4237|rpc:10.1.0.57:15014|admin:10.1.0.57:15013|client:10.1.0.57:15012|dataStream:10.1.0.57:15015|priority:1|startupRole:FOLLOWER]|listeners:[], old=null
2023-07-25 10:55:28,912 [d61495e8-faf1-4655-91e1-42a45bad4237@group-661FD194F38D-LeaderElection7] INFO  impl.LeaderElection (LeaderElection.java:logAndReturn(90)) - d61495e8-faf1-4655-91e1-42a45bad4237@group-661FD194F38D-LeaderElection7: ELECTION PASSED received 1 response(s) and 0 exception(s):
2023-07-25 10:55:28,912 [d61495e8-faf1-4655-91e1-42a45bad4237@group-661FD194F38D-LeaderElection7] INFO  impl.LeaderElection (LeaderElection.java:logAndReturn(94)) -   Response 0: d61495e8-faf1-4655-91e1-42a45bad4237<-558084a2-61c9-4ed7-bb35-b0adeee70698#0:OK-t1
2023-07-25 10:55:28,912 [d61495e8-faf1-4655-91e1-42a45bad4237@group-661FD194F38D-LeaderElection7] INFO  impl.LeaderElection (LeaderElection.java:askForVotes(323)) - d61495e8-faf1-4655-91e1-42a45bad4237@group-661FD194F38D-LeaderElection7 ELECTION round 0: result PASSED
2023-07-25 10:55:28,912 [d61495e8-faf1-4655-91e1-42a45bad4237@group-661FD194F38D-LeaderElection7] INFO  impl.RoleInfo (RoleInfo.java:shutdownLeaderElection(130)) - d61495e8-faf1-4655-91e1-42a45bad4237: shutdown d61495e8-faf1-4655-91e1-42a45bad4237@group-661FD194F38D-LeaderElection7
2023-07-25 10:55:28,912 [d61495e8-faf1-4655-91e1-42a45bad4237@group-661FD194F38D-LeaderElection7] INFO  server.RaftServer$Division (RaftServerImpl.java:setRole(329)) - d61495e8-faf1-4655-91e1-42a45bad4237@group-661FD194F38D: changes role from CANDIDATE to LEADER at term 1 for changeToLeader
2023-07-25 10:55:28,912 [d61495e8-faf1-4655-91e1-42a45bad4237@group-661FD194F38D-LeaderElection7] INFO  ratis.XceiverServerRatis (XceiverServerRatis.java:handleLeaderChangedNotification(902)) - Leader change notification received for group: group-661FD194F38D with new leaderId: d61495e8-faf1-4655-91e1-42a45bad4237
2023-07-25 10:55:28,913 [grpc-default-executor-3] INFO  impl.VoteContext (VoteContext.java:log(49)) - a4e02de4-0a57-448c-8e91-91a041d5e72b@group-661FD194F38D-FOLLOWER: accept ELECTION from d61495e8-faf1-4655-91e1-42a45bad4237: our priority 0 <= candidate's priority 1
2023-07-25 10:55:28,916 [grpc-default-executor-3] INFO  server.RaftServer$Division (RaftServerImpl.java:setRole(329)) - a4e02de4-0a57-448c-8e91-91a041d5e72b@group-661FD194F38D: changes role from  FOLLOWER to FOLLOWER at term 1 for candidate:d61495e8-faf1-4655-91e1-42a45bad4237
2023-07-25 10:55:28,916 [grpc-default-executor-3] INFO  impl.RoleInfo (RoleInfo.java:shutdownFollowerState(110)) - a4e02de4-0a57-448c-8e91-91a041d5e72b: shutdown a4e02de4-0a57-448c-8e91-91a041d5e72b@group-661FD194F38D-FollowerState
2023-07-25 10:55:28,917 [grpc-default-executor-3] INFO  impl.RoleInfo (RoleInfo.java:updateAndGet(139)) - a4e02de4-0a57-448c-8e91-91a041d5e72b: start a4e02de4-0a57-448c-8e91-91a041d5e72b@group-661FD194F38D-FollowerState
2023-07-25 10:55:28,917 [a4e02de4-0a57-448c-8e91-91a041d5e72b@group-661FD194F38D-FollowerState] INFO  impl.FollowerState (FollowerState.java:run(152)) - a4e02de4-0a57-448c-8e91-91a041d5e72b@group-661FD194F38D-FollowerState was interrupted
2023-07-25 10:55:28,922 [EventQueue-PipelineReportForPipelineReportHandler] INFO  pipeline.PipelineReportHandler (PipelineReportHandler.java:processPipelineReport(136)) - Opened pipeline PipelineID=02988bac-003c-4425-b79a-661fd194f38d
2023-07-25 10:55:28,914 [d61495e8-faf1-4655-91e1-42a45bad4237@group-661FD194F38D-LeaderElection7] INFO  server.RaftServer$Division (ServerState.java:setLeader(317)) - d61495e8-faf1-4655-91e1-42a45bad4237@group-661FD194F38D: change Leader from null to d61495e8-faf1-4655-91e1-42a45bad4237 at term 1 for becomeLeader, leader elected after 5549ms
2023-07-25 10:55:28,923 [d61495e8-faf1-4655-91e1-42a45bad4237@group-661FD194F38D-LeaderElection7] INFO  server.RaftServerConfigKeys (ConfUtils.java:logGet(46)) - raft.server.staging.catchup.gap = 1000 (default)
2023-07-25 10:55:28,923 [d61495e8-faf1-4655-91e1-42a45bad4237@group-661FD194F38D-LeaderElection7] INFO  server.RaftServerConfigKeys (ConfUtils.java:logGet(46)) - raft.server.write.element-limit = 1024 (custom)
2023-07-25 10:55:28,923 [d61495e8-faf1-4655-91e1-42a45bad4237@group-661FD194F38D-LeaderElection7] INFO  server.RaftServerConfigKeys (ConfUtils.java:logGet(46)) - raft.server.write.byte-limit = 1024 M (=1073741824) (custom)
2023-07-25 10:55:28,924 [d61495e8-faf1-4655-91e1-42a45bad4237@group-661FD194F38D-LeaderElection7] INFO  server.RaftServerConfigKeys (ConfUtils.java:logGet(46)) - raft.server.watch.timeout = 180s (custom)
2023-07-25 10:55:28,924 [d61495e8-faf1-4655-91e1-42a45bad4237@group-661FD194F38D-LeaderElection7] INFO  server.RaftServerConfigKeys (ConfUtils.java:logGet(46)) - raft.server.watch.timeout.denomination = 1s (default)
2023-07-25 10:55:28,924 [d61495e8-faf1-4655-91e1-42a45bad4237@group-661FD194F38D-LeaderElection7] INFO  server.RaftServerConfigKeys (ConfUtils.java:logGet(46)) - raft.server.watch.element-limit = 65536 (default)
2023-07-25 10:55:28,924 [d61495e8-faf1-4655-91e1-42a45bad4237@group-661FD194F38D-LeaderElection7] INFO  server.RaftServerConfigKeys (ConfUtils.java:logGet(46)) - raft.server.write.element-limit = 1024 (custom)
2023-07-25 10:55:28,924 [d61495e8-faf1-4655-91e1-42a45bad4237@group-661FD194F38D-LeaderElection7] INFO  server.RaftServerConfigKeys (ConfUtils.java:logGet(46)) - raft.server.write.follower.gap.ratio.max = -1.0 (default)
2023-07-25 10:55:28,925 [d61495e8-faf1-4655-91e1-42a45bad4237@group-661FD194F38D-LeaderElection7] INFO  server.RaftServerConfigKeys (ConfUtils.java:logGet(46)) - raft.server.log.appender.snapshot.chunk.size.max = 16MB (=16777216) (default)
2023-07-25 10:55:28,925 [d61495e8-faf1-4655-91e1-42a45bad4237@group-661FD194F38D-LeaderElection7] INFO  server.RaftServerConfigKeys (ConfUtils.java:logGet(46)) - raft.server.log.appender.buffer.byte-limit = 33554432 (custom)
2023-07-25 10:55:28,925 [d61495e8-faf1-4655-91e1-42a45bad4237@group-661FD194F38D-LeaderElection7] INFO  server.RaftServerConfigKeys (ConfUtils.java:logGet(46)) - raft.server.log.appender.buffer.element-limit = 1 (custom)
2023-07-25 10:55:28,926 [d61495e8-faf1-4655-91e1-42a45bad4237@group-661FD194F38D-LeaderElection7] INFO  server.RaftServerConfigKeys (ConfUtils.java:logGet(46)) - raft.server.log.appender.wait-time.min = 10ms (default)
2023-07-25 10:55:28,926 [grpc-default-executor-3] INFO  server.RaftServer$Division (RaftServerImpl.java:requestVote(1335)) - a4e02de4-0a57-448c-8e91-91a041d5e72b@group-661FD194F38D replies to ELECTION vote request: d61495e8-faf1-4655-91e1-42a45bad4237<-a4e02de4-0a57-448c-8e91-91a041d5e72b#0:OK-t1. Peer's state: a4e02de4-0a57-448c-8e91-91a041d5e72b@group-661FD194F38D:t1, leader=null, voted=d61495e8-faf1-4655-91e1-42a45bad4237, raftlog=Memoized:a4e02de4-0a57-448c-8e91-91a041d5e72b@group-661FD194F38D-SegmentedRaftLog:OPENED:c-1, conf=-1: peers:[a4e02de4-0a57-448c-8e91-91a041d5e72b|rpc:10.1.0.57:15023|admin:10.1.0.57:15022|client:10.1.0.57:15021|dataStream:10.1.0.57:15024|priority:0|startupRole:FOLLOWER, 558084a2-61c9-4ed7-bb35-b0adeee70698|rpc:10.1.0.57:15032|admin:10.1.0.57:15031|client:10.1.0.57:15030|dataStream:10.1.0.57:15033|priority:0|startupRole:FOLLOWER, d61495e8-faf1-4655-91e1-42a45bad4237|rpc:10.1.0.57:15014|admin:10.1.0.57:15013|client:10.1.0.57:15012|dataStream:10.1.0.57:15015|priority:1|startupRole:FOLLOWER]|listeners:[], old=null
2023-07-25 10:55:28,927 [d61495e8-faf1-4655-91e1-42a45bad4237@group-661FD194F38D-LeaderElection7] INFO  grpc.GrpcConfigKeys (ConfUtils.java:logGet(46)) - raft.grpc.server.leader.outstanding.appends.max = 128 (default)
2023-07-25 10:55:28,932 [d61495e8-faf1-4655-91e1-42a45bad4237@group-661FD194F38D-LeaderElection7] INFO  server.RaftServerConfigKeys (ConfUtils.java:logGet(46)) - raft.server.rpc.request.timeout = 60s (custom)
2023-07-25 10:55:28,932 [d61495e8-faf1-4655-91e1-42a45bad4237@group-661FD194F38D-LeaderElection7] INFO  grpc.GrpcConfigKeys (ConfUtils.java:logGet(46)) - raft.grpc.server.install_snapshot.request.element-limit = 8 (default)
2023-07-25 10:55:28,932 [d61495e8-faf1-4655-91e1-42a45bad4237@group-661FD194F38D-LeaderElection7] INFO  grpc.GrpcConfigKeys (ConfUtils.java:logGet(46)) - raft.grpc.server.install_snapshot.request.timeout = 3000ms (default)
2023-07-25 10:55:28,932 [d61495e8-faf1-4655-91e1-42a45bad4237@group-661FD194F38D-LeaderElection7] INFO  server.RaftServerConfigKeys (ConfUtils.java:logGet(46)) - raft.server.log.appender.install.snapshot.enabled = false (custom)
2023-07-25 10:55:28,932 [d61495e8-faf1-4655-91e1-42a45bad4237@group-661FD194F38D-LeaderElection7] INFO  grpc.GrpcConfigKeys (ConfUtils.java:logGet(46)) - raft.grpc.server.heartbeat.channel = true (default)
2023-07-25 10:55:28,933 [d61495e8-faf1-4655-91e1-42a45bad4237@group-661FD194F38D-LeaderElection7] INFO  server.RaftServerConfigKeys (ConfUtils.java:logGet(46)) - raft.server.log.appender.snapshot.chunk.size.max = 16MB (=16777216) (default)
2023-07-25 10:55:28,933 [d61495e8-faf1-4655-91e1-42a45bad4237@group-661FD194F38D-LeaderElection7] INFO  server.RaftServerConfigKeys (ConfUtils.java:logGet(46)) - raft.server.log.appender.buffer.byte-limit = 33554432 (custom)
2023-07-25 10:55:28,933 [d61495e8-faf1-4655-91e1-42a45bad4237@group-661FD194F38D-LeaderElection7] INFO  server.RaftServerConfigKeys (ConfUtils.java:logGet(46)) - raft.server.log.appender.buffer.element-limit = 1 (custom)
2023-07-25 10:55:28,934 [d61495e8-faf1-4655-91e1-42a45bad4237@group-661FD194F38D-LeaderElection7] INFO  server.RaftServerConfigKeys (ConfUtils.java:logGet(46)) - raft.server.log.appender.wait-time.min = 10ms (default)
2023-07-25 10:55:28,934 [d61495e8-faf1-4655-91e1-42a45bad4237@group-661FD194F38D-LeaderElection7] INFO  grpc.GrpcConfigKeys (ConfUtils.java:logGet(46)) - raft.grpc.server.leader.outstanding.appends.max = 128 (default)
2023-07-25 10:55:28,934 [d61495e8-faf1-4655-91e1-42a45bad4237@group-661FD194F38D-LeaderElection7] INFO  server.RaftServerConfigKeys (ConfUtils.java:logGet(46)) - raft.server.rpc.request.timeout = 60s (custom)
2023-07-25 10:55:28,934 [d61495e8-faf1-4655-91e1-42a45bad4237@group-661FD194F38D-LeaderElection7] INFO  grpc.GrpcConfigKeys (ConfUtils.java:logGet(46)) - raft.grpc.server.install_snapshot.request.element-limit = 8 (default)
2023-07-25 10:55:28,934 [d61495e8-faf1-4655-91e1-42a45bad4237@group-661FD194F38D-LeaderElection7] INFO  grpc.GrpcConfigKeys (ConfUtils.java:logGet(46)) - raft.grpc.server.install_snapshot.request.timeout = 3000ms (default)
2023-07-25 10:55:28,934 [d61495e8-faf1-4655-91e1-42a45bad4237@group-661FD194F38D-LeaderElection7] INFO  server.RaftServerConfigKeys (ConfUtils.java:logGet(46)) - raft.server.log.appender.install.snapshot.enabled = false (custom)
2023-07-25 10:55:28,934 [d61495e8-faf1-4655-91e1-42a45bad4237@group-661FD194F38D-LeaderElection7] INFO  grpc.GrpcConfigKeys (ConfUtils.java:logGet(46)) - raft.grpc.server.heartbeat.channel = true (default)
2023-07-25 10:55:28,934 [d61495e8-faf1-4655-91e1-42a45bad4237@group-661FD194F38D-LeaderElection7] INFO  impl.RoleInfo (RoleInfo.java:updateAndGet(139)) - d61495e8-faf1-4655-91e1-42a45bad4237: start d61495e8-faf1-4655-91e1-42a45bad4237@group-661FD194F38D-LeaderStateImpl
2023-07-25 10:55:28,935 [d61495e8-faf1-4655-91e1-42a45bad4237@group-661FD194F38D-LeaderElection7] INFO  segmented.SegmentedRaftLogWorker (SegmentedRaftLogWorker.java:startLogSegment(447)) - d61495e8-faf1-4655-91e1-42a45bad4237@group-661FD194F38D-SegmentedRaftLogWorker: Starting segment from index:0
2023-07-25 10:55:28,942 [d61495e8-faf1-4655-91e1-42a45bad4237@group-661FD194F38D-SegmentedRaftLogWorker] INFO  segmented.SegmentedRaftLogWorker (SegmentedRaftLogWorker.java:execute(651)) - d61495e8-faf1-4655-91e1-42a45bad4237@group-661FD194F38D-SegmentedRaftLogWorker: created new log segment /home/runner/work/ozone/ozone/hadoop-ozone/integration-test/target/test-dir/MiniOzoneClusterImpl-71add7ef-0b93-4dd0-b3e1-91a97b11c72d/datanode-0/data/ratis/02988bac-003c-4425-b79a-661fd194f38d/current/log_inprogress_0
2023-07-25 10:55:28,955 [d61495e8-faf1-4655-91e1-42a45bad4237@group-661FD194F38D-LeaderElection7] INFO  server.RaftServer$Division (ServerState.java:setRaftConf(434)) - d61495e8-faf1-4655-91e1-42a45bad4237@group-661FD194F38D: set configuration 0: peers:[a4e02de4-0a57-448c-8e91-91a041d5e72b|rpc:10.1.0.57:15023|admin:10.1.0.57:15022|client:10.1.0.57:15021|dataStream:10.1.0.57:15024|priority:0|startupRole:FOLLOWER, 558084a2-61c9-4ed7-bb35-b0adeee70698|rpc:10.1.0.57:15032|admin:10.1.0.57:15031|client:10.1.0.57:15030|dataStream:10.1.0.57:15033|priority:0|startupRole:FOLLOWER, d61495e8-faf1-4655-91e1-42a45bad4237|rpc:10.1.0.57:15014|admin:10.1.0.57:15013|client:10.1.0.57:15012|dataStream:10.1.0.57:15015|priority:1|startupRole:FOLLOWER]|listeners:[], old=null
2023-07-25 10:55:28,986 [558084a2-61c9-4ed7-bb35-b0adeee70698-server-thread1] INFO  ratis.XceiverServerRatis (XceiverServerRatis.java:handleLeaderChangedNotification(902)) - Leader change notification received for group: group-661FD194F38D with new leaderId: d61495e8-faf1-4655-91e1-42a45bad4237
2023-07-25 10:55:28,986 [558084a2-61c9-4ed7-bb35-b0adeee70698-server-thread1] INFO  server.RaftServer$Division (ServerState.java:setLeader(317)) - 558084a2-61c9-4ed7-bb35-b0adeee70698@group-661FD194F38D: change Leader from null to d61495e8-faf1-4655-91e1-42a45bad4237 at term 1 for appendEntries, leader elected after 5544ms
2023-07-25 10:55:28,989 [558084a2-61c9-4ed7-bb35-b0adeee70698-server-thread2] INFO  server.RaftServer$Division (ServerState.java:setRaftConf(434)) - 558084a2-61c9-4ed7-bb35-b0adeee70698@group-661FD194F38D: set configuration 0: peers:[a4e02de4-0a57-448c-8e91-91a041d5e72b|rpc:10.1.0.57:15023|admin:10.1.0.57:15022|client:10.1.0.57:15021|dataStream:10.1.0.57:15024|priority:0|startupRole:FOLLOWER, 558084a2-61c9-4ed7-bb35-b0adeee70698|rpc:10.1.0.57:15032|admin:10.1.0.57:15031|client:10.1.0.57:15030|dataStream:10.1.0.57:15033|priority:0|startupRole:FOLLOWER, d61495e8-faf1-4655-91e1-42a45bad4237|rpc:10.1.0.57:15014|admin:10.1.0.57:15013|client:10.1.0.57:15012|dataStream:10.1.0.57:15015|priority:1|startupRole:FOLLOWER]|listeners:[], old=null
2023-07-25 10:55:28,990 [a4e02de4-0a57-448c-8e91-91a041d5e72b-server-thread2] INFO  ratis.XceiverServerRatis (XceiverServerRatis.java:handleLeaderChangedNotification(902)) - Leader change notification received for group: group-661FD194F38D with new leaderId: d61495e8-faf1-4655-91e1-42a45bad4237
2023-07-25 10:55:28,994 [a4e02de4-0a57-448c-8e91-91a041d5e72b-server-thread2] INFO  server.RaftServer$Division (ServerState.java:setLeader(317)) - a4e02de4-0a57-448c-8e91-91a041d5e72b@group-661FD194F38D: change Leader from null to d61495e8-faf1-4655-91e1-42a45bad4237 at term 1 for appendEntries, leader elected after 5613ms
2023-07-25 10:55:28,995 [558084a2-61c9-4ed7-bb35-b0adeee70698-server-thread2] INFO  segmented.SegmentedRaftLogWorker (SegmentedRaftLogWorker.java:startLogSegment(447)) - 558084a2-61c9-4ed7-bb35-b0adeee70698@group-661FD194F38D-SegmentedRaftLogWorker: Starting segment from index:0
2023-07-25 10:55:28,998 [558084a2-61c9-4ed7-bb35-b0adeee70698@group-661FD194F38D-SegmentedRaftLogWorker] INFO  segmented.SegmentedRaftLogWorker (SegmentedRaftLogWorker.java:execute(651)) - 558084a2-61c9-4ed7-bb35-b0adeee70698@group-661FD194F38D-SegmentedRaftLogWorker: created new log segment /home/runner/work/ozone/ozone/hadoop-ozone/integration-test/target/test-dir/MiniOzoneClusterImpl-71add7ef-0b93-4dd0-b3e1-91a97b11c72d/datanode-2/data/ratis/02988bac-003c-4425-b79a-661fd194f38d/current/log_inprogress_0
2023-07-25 10:55:28,998 [a4e02de4-0a57-448c-8e91-91a041d5e72b-server-thread2] INFO  server.RaftServer$Division (ServerState.java:setRaftConf(434)) - a4e02de4-0a57-448c-8e91-91a041d5e72b@group-661FD194F38D: set configuration 0: peers:[a4e02de4-0a57-448c-8e91-91a041d5e72b|rpc:10.1.0.57:15023|admin:10.1.0.57:15022|client:10.1.0.57:15021|dataStream:10.1.0.57:15024|priority:0|startupRole:FOLLOWER, 558084a2-61c9-4ed7-bb35-b0adeee70698|rpc:10.1.0.57:15032|admin:10.1.0.57:15031|client:10.1.0.57:15030|dataStream:10.1.0.57:15033|priority:0|startupRole:FOLLOWER, d61495e8-faf1-4655-91e1-42a45bad4237|rpc:10.1.0.57:15014|admin:10.1.0.57:15013|client:10.1.0.57:15012|dataStream:10.1.0.57:15015|priority:1|startupRole:FOLLOWER]|listeners:[], old=null
2023-07-25 10:55:28,999 [a4e02de4-0a57-448c-8e91-91a041d5e72b-server-thread2] INFO  segmented.SegmentedRaftLogWorker (SegmentedRaftLogWorker.java:startLogSegment(447)) - a4e02de4-0a57-448c-8e91-91a041d5e72b@group-661FD194F38D-SegmentedRaftLogWorker: Starting segment from index:0
2023-07-25 10:55:29,008 [a4e02de4-0a57-448c-8e91-91a041d5e72b@group-661FD194F38D-SegmentedRaftLogWorker] INFO  segmented.SegmentedRaftLogWorker (SegmentedRaftLogWorker.java:execute(651)) - a4e02de4-0a57-448c-8e91-91a041d5e72b@group-661FD194F38D-SegmentedRaftLogWorker: created new log segment /home/runner/work/ozone/ozone/hadoop-ozone/integration-test/target/test-dir/MiniOzoneClusterImpl-71add7ef-0b93-4dd0-b3e1-91a97b11c72d/datanode-1/data/ratis/02988bac-003c-4425-b79a-661fd194f38d/current/log_inprogress_0
2023-07-25 10:55:29,069 [f263b8be-c5cb-46a8-8a56-20deb1bbcbcc@group-AA91E0AC9A44-FollowerState] INFO  impl.FollowerState (FollowerState.java:run(143)) - f263b8be-c5cb-46a8-8a56-20deb1bbcbcc@group-AA91E0AC9A44-FollowerState: change to CANDIDATE, lastRpcElapsedTime:5155884076ns, electionTimeout:5154ms
2023-07-25 10:55:29,069 [f263b8be-c5cb-46a8-8a56-20deb1bbcbcc@group-AA91E0AC9A44-FollowerState] INFO  impl.RoleInfo (RoleInfo.java:shutdownFollowerState(110)) - f263b8be-c5cb-46a8-8a56-20deb1bbcbcc: shutdown f263b8be-c5cb-46a8-8a56-20deb1bbcbcc@group-AA91E0AC9A44-FollowerState
2023-07-25 10:55:29,069 [f263b8be-c5cb-46a8-8a56-20deb1bbcbcc@group-AA91E0AC9A44-FollowerState] INFO  server.RaftServer$Division (RaftServerImpl.java:setRole(329)) - f263b8be-c5cb-46a8-8a56-20deb1bbcbcc@group-AA91E0AC9A44: changes role from  FOLLOWER to CANDIDATE at term 0 for changeToCandidate
2023-07-25 10:55:29,069 [f263b8be-c5cb-46a8-8a56-20deb1bbcbcc@group-AA91E0AC9A44-FollowerState] INFO  server.RaftServerConfigKeys (ConfUtils.java:logGet(46)) - raft.server.leaderelection.pre-vote = true (default)
2023-07-25 10:55:29,069 [f263b8be-c5cb-46a8-8a56-20deb1bbcbcc@group-AA91E0AC9A44-FollowerState] INFO  impl.RoleInfo (RoleInfo.java:updateAndGet(139)) - f263b8be-c5cb-46a8-8a56-20deb1bbcbcc: start f263b8be-c5cb-46a8-8a56-20deb1bbcbcc@group-AA91E0AC9A44-LeaderElection8
2023-07-25 10:55:29,073 [f263b8be-c5cb-46a8-8a56-20deb1bbcbcc@group-AA91E0AC9A44-LeaderElection8] INFO  impl.LeaderElection (LeaderElection.java:askForVotes(321)) - f263b8be-c5cb-46a8-8a56-20deb1bbcbcc@group-AA91E0AC9A44-LeaderElection8 PRE_VOTE round 0: submit vote requests at term 0 for -1: peers:[f263b8be-c5cb-46a8-8a56-20deb1bbcbcc|rpc:10.1.0.57:15041|admin:10.1.0.57:15040|client:10.1.0.57:15039|dataStream:10.1.0.57:15042|priority:1|startupRole:FOLLOWER]|listeners:[], old=null
2023-07-25 10:55:29,073 [f263b8be-c5cb-46a8-8a56-20deb1bbcbcc@group-AA91E0AC9A44-LeaderElection8] INFO  impl.LeaderElection (LeaderElection.java:askForVotes(323)) - f263b8be-c5cb-46a8-8a56-20deb1bbcbcc@group-AA91E0AC9A44-LeaderElection8 PRE_VOTE round 0: result PASSED (term=0)
2023-07-25 10:55:29,075 [f263b8be-c5cb-46a8-8a56-20deb1bbcbcc@group-AA91E0AC9A44-LeaderElection8] INFO  impl.LeaderElection (LeaderElection.java:askForVotes(321)) - f263b8be-c5cb-46a8-8a56-20deb1bbcbcc@group-AA91E0AC9A44-LeaderElection8 ELECTION round 0: submit vote requests at term 1 for -1: peers:[f263b8be-c5cb-46a8-8a56-20deb1bbcbcc|rpc:10.1.0.57:15041|admin:10.1.0.57:15040|client:10.1.0.57:15039|dataStream:10.1.0.57:15042|priority:1|startupRole:FOLLOWER]|listeners:[], old=null
2023-07-25 10:55:29,075 [f263b8be-c5cb-46a8-8a56-20deb1bbcbcc@group-AA91E0AC9A44-LeaderElection8] INFO  impl.LeaderElection (LeaderElection.java:askForVotes(323)) - f263b8be-c5cb-46a8-8a56-20deb1bbcbcc@group-AA91E0AC9A44-LeaderElection8 ELECTION round 0: result PASSED (term=1)
2023-07-25 10:55:29,075 [f263b8be-c5cb-46a8-8a56-20deb1bbcbcc@group-AA91E0AC9A44-LeaderElection8] INFO  impl.RoleInfo (RoleInfo.java:shutdownLeaderElection(130)) - f263b8be-c5cb-46a8-8a56-20deb1bbcbcc: shutdown f263b8be-c5cb-46a8-8a56-20deb1bbcbcc@group-AA91E0AC9A44-LeaderElection8
2023-07-25 10:55:29,075 [f263b8be-c5cb-46a8-8a56-20deb1bbcbcc@group-AA91E0AC9A44-LeaderElection8] INFO  server.RaftServer$Division (RaftServerImpl.java:setRole(329)) - f263b8be-c5cb-46a8-8a56-20deb1bbcbcc@group-AA91E0AC9A44: changes role from CANDIDATE to LEADER at term 1 for changeToLeader
2023-07-25 10:55:29,075 [f263b8be-c5cb-46a8-8a56-20deb1bbcbcc@group-AA91E0AC9A44-LeaderElection8] INFO  ratis.XceiverServerRatis (XceiverServerRatis.java:handleLeaderChangedNotification(902)) - Leader change notification received for group: group-AA91E0AC9A44 with new leaderId: f263b8be-c5cb-46a8-8a56-20deb1bbcbcc
2023-07-25 10:55:29,076 [f263b8be-c5cb-46a8-8a56-20deb1bbcbcc@group-AA91E0AC9A44-LeaderElection8] INFO  server.RaftServer$Division (ServerState.java:setLeader(317)) - f263b8be-c5cb-46a8-8a56-20deb1bbcbcc@group-AA91E0AC9A44: change Leader from null to f263b8be-c5cb-46a8-8a56-20deb1bbcbcc at term 1 for becomeLeader, leader elected after 5225ms
2023-07-25 10:55:29,076 [f263b8be-c5cb-46a8-8a56-20deb1bbcbcc@group-AA91E0AC9A44-LeaderElection8] INFO  server.RaftServerConfigKeys (ConfUtils.java:logGet(46)) - raft.server.staging.catchup.gap = 1000 (default)
2023-07-25 10:55:29,078 [f263b8be-c5cb-46a8-8a56-20deb1bbcbcc@group-AA91E0AC9A44-LeaderElection8] INFO  server.RaftServerConfigKeys (ConfUtils.java:logGet(46)) - raft.server.write.element-limit = 1024 (custom)
2023-07-25 10:55:29,078 [f263b8be-c5cb-46a8-8a56-20deb1bbcbcc@group-AA91E0AC9A44-LeaderElection8] INFO  server.RaftServerConfigKeys (ConfUtils.java:logGet(46)) - raft.server.write.byte-limit = 1024 M (=1073741824) (custom)
2023-07-25 10:55:29,079 [f263b8be-c5cb-46a8-8a56-20deb1bbcbcc@group-AA91E0AC9A44-LeaderElection8] INFO  server.RaftServerConfigKeys (ConfUtils.java:logGet(46)) - raft.server.watch.timeout = 180s (custom)
2023-07-25 10:55:29,079 [f263b8be-c5cb-46a8-8a56-20deb1bbcbcc@group-AA91E0AC9A44-LeaderElection8] INFO  server.RaftServerConfigKeys (ConfUtils.java:logGet(46)) - raft.server.watch.timeout.denomination = 1s (default)
2023-07-25 10:55:29,079 [f263b8be-c5cb-46a8-8a56-20deb1bbcbcc@group-AA91E0AC9A44-LeaderElection8] INFO  server.RaftServerConfigKeys (ConfUtils.java:logGet(46)) - raft.server.watch.element-limit = 65536 (default)
2023-07-25 10:55:29,079 [f263b8be-c5cb-46a8-8a56-20deb1bbcbcc@group-AA91E0AC9A44-LeaderElection8] INFO  server.RaftServerConfigKeys (ConfUtils.java:logGet(46)) - raft.server.write.element-limit = 1024 (custom)
2023-07-25 10:55:29,079 [f263b8be-c5cb-46a8-8a56-20deb1bbcbcc@group-AA91E0AC9A44-LeaderElection8] INFO  server.RaftServerConfigKeys (ConfUtils.java:logGet(46)) - raft.server.write.follower.gap.ratio.max = -1.0 (default)
2023-07-25 10:55:29,080 [f263b8be-c5cb-46a8-8a56-20deb1bbcbcc@group-AA91E0AC9A44-LeaderElection8] INFO  impl.RoleInfo (RoleInfo.java:updateAndGet(139)) - f263b8be-c5cb-46a8-8a56-20deb1bbcbcc: start f263b8be-c5cb-46a8-8a56-20deb1bbcbcc@group-AA91E0AC9A44-LeaderStateImpl
2023-07-25 10:55:29,080 [f263b8be-c5cb-46a8-8a56-20deb1bbcbcc@group-AA91E0AC9A44-LeaderElection8] INFO  segmented.SegmentedRaftLogWorker (SegmentedRaftLogWorker.java:startLogSegment(447)) - f263b8be-c5cb-46a8-8a56-20deb1bbcbcc@group-AA91E0AC9A44-SegmentedRaftLogWorker: Starting segment from index:0
2023-07-25 10:55:29,083 [f263b8be-c5cb-46a8-8a56-20deb1bbcbcc@group-AA91E0AC9A44-SegmentedRaftLogWorker] INFO  segmented.SegmentedRaftLogWorker (SegmentedRaftLogWorker.java:execute(651)) - f263b8be-c5cb-46a8-8a56-20deb1bbcbcc@group-AA91E0AC9A44-SegmentedRaftLogWorker: created new log segment /home/runner/work/ozone/ozone/hadoop-ozone/integration-test/target/test-dir/MiniOzoneClusterImpl-71add7ef-0b93-4dd0-b3e1-91a97b11c72d/datanode-3/data/ratis/c9c93c22-7a98-4c25-9ee3-aa91e0ac9a44/current/log_inprogress_0
2023-07-25 10:55:29,084 [f263b8be-c5cb-46a8-8a56-20deb1bbcbcc@group-AA91E0AC9A44-LeaderElection8] INFO  server.RaftServer$Division (ServerState.java:setRaftConf(434)) - f263b8be-c5cb-46a8-8a56-20deb1bbcbcc@group-AA91E0AC9A44: set configuration 0: peers:[f263b8be-c5cb-46a8-8a56-20deb1bbcbcc|rpc:10.1.0.57:15041|admin:10.1.0.57:15040|client:10.1.0.57:15039|dataStream:10.1.0.57:15042|priority:1|startupRole:FOLLOWER]|listeners:[], old=null
2023-07-25 10:55:29,195 [main] INFO  ozone.MiniOzoneClusterImpl (MiniOzoneClusterImpl.java:lambda$waitForClusterToBeReady$0(224)) - Nodes are ready. Got 5 of 5 DN Heartbeats.
2023-07-25 10:55:29,195 [main] INFO  ozone.MiniOzoneClusterImpl (MiniOzoneClusterImpl.java:lambda$waitForClusterToBeReady$0(227)) - Cluster exits safe mode
2023-07-25 10:55:29,196 [main] INFO  ozone.MiniOzoneClusterImpl (MiniOzoneClusterImpl.java:lambda$waitForClusterToBeReady$0(229)) - SCM became leader
2023-07-25 10:55:29,390 [87a8a85d-028f-41d9-845c-5fb83f876637@group-0F6D2F82D3CA-FollowerState] INFO  impl.FollowerState (FollowerState.java:run(143)) - 87a8a85d-028f-41d9-845c-5fb83f876637@group-0F6D2F82D3CA-FollowerState: change to CANDIDATE, lastRpcElapsedTime:5141522284ns, electionTimeout:5135ms
2023-07-25 10:55:29,390 [87a8a85d-028f-41d9-845c-5fb83f876637@group-0F6D2F82D3CA-FollowerState] INFO  impl.RoleInfo (RoleInfo.java:shutdownFollowerState(110)) - 87a8a85d-028f-41d9-845c-5fb83f876637: shutdown 87a8a85d-028f-41d9-845c-5fb83f876637@group-0F6D2F82D3CA-FollowerState
2023-07-25 10:55:29,391 [87a8a85d-028f-41d9-845c-5fb83f876637@group-0F6D2F82D3CA-FollowerState] INFO  server.RaftServer$Division (RaftServerImpl.java:setRole(329)) - 87a8a85d-028f-41d9-845c-5fb83f876637@group-0F6D2F82D3CA: changes role from  FOLLOWER to CANDIDATE at term 0 for changeToCandidate
2023-07-25 10:55:29,391 [87a8a85d-028f-41d9-845c-5fb83f876637@group-0F6D2F82D3CA-FollowerState] INFO  server.RaftServerConfigKeys (ConfUtils.java:logGet(46)) - raft.server.leaderelection.pre-vote = true (default)
2023-07-25 10:55:29,391 [87a8a85d-028f-41d9-845c-5fb83f876637@group-0F6D2F82D3CA-FollowerState] INFO  impl.RoleInfo (RoleInfo.java:updateAndGet(139)) - 87a8a85d-028f-41d9-845c-5fb83f876637: start 87a8a85d-028f-41d9-845c-5fb83f876637@group-0F6D2F82D3CA-LeaderElection9
2023-07-25 10:55:29,400 [87a8a85d-028f-41d9-845c-5fb83f876637@group-0F6D2F82D3CA-LeaderElection9] INFO  impl.LeaderElection (LeaderElection.java:askForVotes(321)) - 87a8a85d-028f-41d9-845c-5fb83f876637@group-0F6D2F82D3CA-LeaderElection9 PRE_VOTE round 0: submit vote requests at term 0 for -1: peers:[87a8a85d-028f-41d9-845c-5fb83f876637|rpc:10.1.0.57:15050|admin:10.1.0.57:15049|client:10.1.0.57:15048|dataStream:10.1.0.57:15051|priority:1|startupRole:FOLLOWER]|listeners:[], old=null
2023-07-25 10:55:29,400 [87a8a85d-028f-41d9-845c-5fb83f876637@group-0F6D2F82D3CA-LeaderElection9] INFO  impl.LeaderElection (LeaderElection.java:askForVotes(323)) - 87a8a85d-028f-41d9-845c-5fb83f876637@group-0F6D2F82D3CA-LeaderElection9 PRE_VOTE round 0: result PASSED (term=0)
2023-07-25 10:55:29,402 [87a8a85d-028f-41d9-845c-5fb83f876637@group-0F6D2F82D3CA-LeaderElection9] INFO  impl.LeaderElection (LeaderElection.java:askForVotes(321)) - 87a8a85d-028f-41d9-845c-5fb83f876637@group-0F6D2F82D3CA-LeaderElection9 ELECTION round 0: submit vote requests at term 1 for -1: peers:[87a8a85d-028f-41d9-845c-5fb83f876637|rpc:10.1.0.57:15050|admin:10.1.0.57:15049|client:10.1.0.57:15048|dataStream:10.1.0.57:15051|priority:1|startupRole:FOLLOWER]|listeners:[], old=null
2023-07-25 10:55:29,402 [87a8a85d-028f-41d9-845c-5fb83f876637@group-0F6D2F82D3CA-LeaderElection9] INFO  impl.LeaderElection (LeaderElection.java:askForVotes(323)) - 87a8a85d-028f-41d9-845c-5fb83f876637@group-0F6D2F82D3CA-LeaderElection9 ELECTION round 0: result PASSED (term=1)
2023-07-25 10:55:29,402 [87a8a85d-028f-41d9-845c-5fb83f876637@group-0F6D2F82D3CA-LeaderElection9] INFO  impl.RoleInfo (RoleInfo.java:shutdownLeaderElection(130)) - 87a8a85d-028f-41d9-845c-5fb83f876637: shutdown 87a8a85d-028f-41d9-845c-5fb83f876637@group-0F6D2F82D3CA-LeaderElection9
2023-07-25 10:55:29,403 [87a8a85d-028f-41d9-845c-5fb83f876637@group-0F6D2F82D3CA-LeaderElection9] INFO  server.RaftServer$Division (RaftServerImpl.java:setRole(329)) - 87a8a85d-028f-41d9-845c-5fb83f876637@group-0F6D2F82D3CA: changes role from CANDIDATE to LEADER at term 1 for changeToLeader
2023-07-25 10:55:29,403 [87a8a85d-028f-41d9-845c-5fb83f876637@group-0F6D2F82D3CA-LeaderElection9] INFO  ratis.XceiverServerRatis (XceiverServerRatis.java:handleLeaderChangedNotification(902)) - Leader change notification received for group: group-0F6D2F82D3CA with new leaderId: 87a8a85d-028f-41d9-845c-5fb83f876637
2023-07-25 10:55:29,406 [87a8a85d-028f-41d9-845c-5fb83f876637@group-0F6D2F82D3CA-LeaderElection9] INFO  server.RaftServer$Division (ServerState.java:setLeader(317)) - 87a8a85d-028f-41d9-845c-5fb83f876637@group-0F6D2F82D3CA: change Leader from null to 87a8a85d-028f-41d9-845c-5fb83f876637 at term 1 for becomeLeader, leader elected after 5184ms
2023-07-25 10:55:29,407 [87a8a85d-028f-41d9-845c-5fb83f876637@group-0F6D2F82D3CA-LeaderElection9] INFO  server.RaftServerConfigKeys (ConfUtils.java:logGet(46)) - raft.server.staging.catchup.gap = 1000 (default)
2023-07-25 10:55:29,407 [87a8a85d-028f-41d9-845c-5fb83f876637@group-0F6D2F82D3CA-LeaderElection9] INFO  server.RaftServerConfigKeys (ConfUtils.java:logGet(46)) - raft.server.write.element-limit = 1024 (custom)
2023-07-25 10:55:29,407 [87a8a85d-028f-41d9-845c-5fb83f876637@group-0F6D2F82D3CA-LeaderElection9] INFO  server.RaftServerConfigKeys (ConfUtils.java:logGet(46)) - raft.server.write.byte-limit = 1024 M (=1073741824) (custom)
2023-07-25 10:55:29,408 [87a8a85d-028f-41d9-845c-5fb83f876637@group-0F6D2F82D3CA-LeaderElection9] INFO  server.RaftServerConfigKeys (ConfUtils.java:logGet(46)) - raft.server.watch.timeout = 180s (custom)
2023-07-25 10:55:29,408 [87a8a85d-028f-41d9-845c-5fb83f876637@group-0F6D2F82D3CA-LeaderElection9] INFO  server.RaftServerConfigKeys (ConfUtils.java:logGet(46)) - raft.server.watch.timeout.denomination = 1s (default)
2023-07-25 10:55:29,408 [87a8a85d-028f-41d9-845c-5fb83f876637@group-0F6D2F82D3CA-LeaderElection9] INFO  server.RaftServerConfigKeys (ConfUtils.java:logGet(46)) - raft.server.watch.element-limit = 65536 (default)
2023-07-25 10:55:29,408 [87a8a85d-028f-41d9-845c-5fb83f876637@group-0F6D2F82D3CA-LeaderElection9] INFO  server.RaftServerConfigKeys (ConfUtils.java:logGet(46)) - raft.server.write.element-limit = 1024 (custom)
2023-07-25 10:55:29,408 [87a8a85d-028f-41d9-845c-5fb83f876637@group-0F6D2F82D3CA-LeaderElection9] INFO  server.RaftServerConfigKeys (ConfUtils.java:logGet(46)) - raft.server.write.follower.gap.ratio.max = -1.0 (default)
2023-07-25 10:55:29,408 [87a8a85d-028f-41d9-845c-5fb83f876637@group-0F6D2F82D3CA-LeaderElection9] INFO  impl.RoleInfo (RoleInfo.java:updateAndGet(139)) - 87a8a85d-028f-41d9-845c-5fb83f876637: start 87a8a85d-028f-41d9-845c-5fb83f876637@group-0F6D2F82D3CA-LeaderStateImpl
2023-07-25 10:55:29,409 [87a8a85d-028f-41d9-845c-5fb83f876637@group-0F6D2F82D3CA-LeaderElection9] INFO  segmented.SegmentedRaftLogWorker (SegmentedRaftLogWorker.java:startLogSegment(447)) - 87a8a85d-028f-41d9-845c-5fb83f876637@group-0F6D2F82D3CA-SegmentedRaftLogWorker: Starting segment from index:0
2023-07-25 10:55:29,418 [87a8a85d-028f-41d9-845c-5fb83f876637@group-0F6D2F82D3CA-SegmentedRaftLogWorker] INFO  segmented.SegmentedRaftLogWorker (SegmentedRaftLogWorker.java:execute(651)) - 87a8a85d-028f-41d9-845c-5fb83f876637@group-0F6D2F82D3CA-SegmentedRaftLogWorker: created new log segment /home/runner/work/ozone/ozone/hadoop-ozone/integration-test/target/test-dir/MiniOzoneClusterImpl-71add7ef-0b93-4dd0-b3e1-91a97b11c72d/datanode-4/data/ratis/5aa47c2c-eddc-4cf3-914f-0f6d2f82d3ca/current/log_inprogress_0
2023-07-25 10:55:29,424 [87a8a85d-028f-41d9-845c-5fb83f876637@group-0F6D2F82D3CA-LeaderElection9] INFO  server.RaftServer$Division (ServerState.java:setRaftConf(434)) - 87a8a85d-028f-41d9-845c-5fb83f876637@group-0F6D2F82D3CA: set configuration 0: peers:[87a8a85d-028f-41d9-845c-5fb83f876637|rpc:10.1.0.57:15050|admin:10.1.0.57:15049|client:10.1.0.57:15048|dataStream:10.1.0.57:15051|priority:1|startupRole:FOLLOWER]|listeners:[], old=null
2023-07-25 10:55:29,891 [main] INFO  rpc.RpcClient (RpcClient.java:createVolume(460)) - Creating Volume: volume25555, with user20047 as owner and space quota set to -1 bytes, counts quota set to -1
2023-07-25 10:55:29,963 [OM StateMachine ApplyTransaction Thread - 0] INFO  volume.OMVolumeCreateRequest (OMVolumeCreateRequest.java:validateAndUpdateCache(196)) - created volume:volume25555 for user:user20047
2023-07-25 10:55:29,987 [main] INFO  rpc.RpcClient (RpcClient.java:createBucket(687)) - Creating Bucket: volume25555/bucket68101, with bucket layout FILE_SYSTEM_OPTIMIZED, runner as owner, Versioning false, Storage Type set to DISK and Encryption set to false, Replication Type set to server-side default replication type, Namespace Quota set to -1, Space Quota set to -1 
2023-07-25 10:55:30,016 [OM StateMachine ApplyTransaction Thread - 0] INFO  bucket.OMBucketCreateRequest (OMBucketCreateRequest.java:validateAndUpdateCache(270)) - created bucket: bucket68101 of layout FILE_SYSTEM_OPTIMIZED in volume: volume25555
2023-07-25 10:55:30,313 [Time-limited test] INFO  ozone.TestOzoneFileSystemWithFSO (TestOzoneFileSystemWithFSO.java:testRenameDirToItsOwnSubDir(322)) - Created dir1 o3fs://bucket68101.volume25555/root/dir1/sub_dir1
2023-07-25 10:55:30,314 [Time-limited test] INFO  ozone.TestOzoneFileSystemWithFSO (TestOzoneFileSystemWithFSO.java:testRenameDirToItsOwnSubDir(325)) - Rename op-> source:o3fs://bucket68101.volume25555/root to destin:o3fs://bucket68101.volume25555/root/dir1/sub_dir1
10:55:30.364 [OM StateMachine ApplyTransaction Thread - 0] ERROR OMAudit - user=runner | ip=127.0.0.1 | op=RENAME_KEY {volume=volume25555, bucket=bucket68101, dataSize=0, replicationType=NONE, replicationFactor=ZERO, srcKey=root, dstKey=root/dir1/sub_dir1} | ret=FAILURE
org.apache.hadoop.ozone.om.exceptions.OMException: Cannot rename a directory to its own subdirectory
	at org.apache.hadoop.ozone.om.request.file.OMFileRequest.verifyToDirIsASubDirOfFromDirectory(OMFileRequest.java:783) ~[ozone-manager-1.4.0-SNAPSHOT.jar:?]
	at org.apache.hadoop.ozone.om.request.key.OMKeyRenameRequestWithFSO.validateAndUpdateCache(OMKeyRenameRequestWithFSO.java:159) ~[ozone-manager-1.4.0-SNAPSHOT.jar:?]
	at org.apache.hadoop.ozone.protocolPB.OzoneManagerRequestHandler.handleWriteRequest(OzoneManagerRequestHandler.java:375) ~[ozone-manager-1.4.0-SNAPSHOT.jar:?]
	at org.apache.hadoop.ozone.om.ratis.OzoneManagerStateMachine.runCommand(OzoneManagerStateMachine.java:568) ~[ozone-manager-1.4.0-SNAPSHOT.jar:?]
	at org.apache.hadoop.ozone.om.ratis.OzoneManagerStateMachine.lambda$1(OzoneManagerStateMachine.java:359) ~[ozone-manager-1.4.0-SNAPSHOT.jar:?]
	at java.util.concurrent.CompletableFuture$AsyncSupply.run(CompletableFuture.java:1604) [?:1.8.0_372]
	at java.util.concurrent.ThreadPoolExecutor.runWorker(ThreadPoolExecutor.java:1149) [?:1.8.0_372]
	at java.util.concurrent.ThreadPoolExecutor$Worker.run(ThreadPoolExecutor.java:624) [?:1.8.0_372]
	at java.lang.Thread.run(Thread.java:750) [?:1.8.0_372]
2023-07-25 10:55:30,380 [OM StateMachine ApplyTransaction Thread - 0] ERROR key.OMKeyRenameRequestWithFSO (OMKeyRenameRequestWithFSO.java:validateAndUpdateCache(250)) - Rename key failed for volume:volume25555 bucket:bucket68101 fromKey:root toKey:root/dir1/sub_dir1. Exception: Cannot rename a directory to its own subdirectory.
2023-07-25 10:55:30,382 [Time-limited test] ERROR ozone.BasicOzoneFileSystem (BasicOzoneFileSystem.java:renameFSO(482)) - rename key failed: Cannot rename a directory to its own subdirectory. Error code: KEY_RENAME_ERROR source:root, destin:root/dir1/sub_dir1
]]></system-out>
  </testcase>
  <testcase name="testRenameDirToItsOwnSubDir" classname="TestOzoneFileSystemWithFSO" time="19.313">
    <system-out><![CDATA[2023-07-25 10:56:30,861 [main] INFO  ozone.MiniOzoneClusterImpl (MiniOzoneClusterImpl.java:shutdown(443)) - Shutting down the Mini Ozone Cluster
2023-07-25 10:56:30,861 [main] INFO  ozone.MiniOzoneClusterImpl (MiniOzoneClusterImpl.java:stop(460)) - Stopping the Mini Ozone Cluster
2023-07-25 10:56:30,862 [main] INFO  ozone.MiniOzoneClusterImpl (MiniOzoneClusterImpl.java:stopOM(551)) - Stopping the OzoneManager
2023-07-25 10:56:30,862 [main] INFO  om.OzoneManager (OzoneManager.java:stop(2198)) - om1[localhost:15004]: Stopping Ozone Manager
2023-07-25 10:56:30,862 [main] INFO  ipc.Server (Server.java:stop(3523)) - Stopping server on 15004
2023-07-25 10:56:30,870 [IPC Server listener on 15004] INFO  ipc.Server (Server.java:run(1434)) - Stopping IPC Server listener on 15004
2023-07-25 10:56:30,876 [IPC Server Responder] INFO  ipc.Server (Server.java:run(1567)) - Stopping IPC Server Responder
2023-07-25 10:56:30,879 [main] INFO  server.RaftServer (RaftServerProxy.java:lambda$close$6(416)) - om1: close
2023-07-25 10:56:30,881 [main] INFO  server.GrpcService (GrpcService.java:closeImpl(311)) - om1: shutdown server GrpcServerProtocolService now
2023-07-25 10:56:30,889 [om1-impl-thread2] INFO  server.RaftServer$Division (RaftServerImpl.java:lambda$close$4(466)) - om1@group-C5BA1605619E: shutdown
2023-07-25 10:56:30,890 [om1-impl-thread2] INFO  util.JmxRegister (JmxRegister.java:unregister(73)) - Successfully un-registered JMX Bean with object name Ratis:service=RaftServer,group=group-C5BA1605619E,id=om1
2023-07-25 10:56:30,890 [om1-impl-thread2] INFO  impl.RoleInfo (RoleInfo.java:shutdownLeaderState(93)) - om1: shutdown om1@group-C5BA1605619E-LeaderStateImpl
2023-07-25 10:56:30,891 [om1-impl-thread2] INFO  impl.PendingRequests (PendingRequests.java:sendNotLeaderResponses(289)) - om1@group-C5BA1605619E-PendingRequests: sendNotLeaderResponses
2023-07-25 10:56:30,908 [om1-impl-thread2] INFO  impl.StateMachineUpdater (StateMachineUpdater.java:stopAndJoin(155)) - om1@group-C5BA1605619E-StateMachineUpdater: set stopIndex = 30377
2023-07-25 10:56:30,908 [main] INFO  server.GrpcService (GrpcService.java:closeImpl(320)) - om1: shutdown server GrpcServerProtocolService successfully
2023-07-25 10:56:30,909 [om1@group-C5BA1605619E-StateMachineUpdater] INFO  ratis.OzoneManagerStateMachine (OzoneManagerStateMachine.java:takeSnapshot(480)) - Current Snapshot Index (t:1, i:30377)
2023-07-25 10:56:31,001 [om1@group-C5BA1605619E-StateMachineUpdater] INFO  impl.StateMachineUpdater (StateMachineUpdater.java:takeSnapshot(291)) - om1@group-C5BA1605619E-StateMachineUpdater: Took a snapshot at index 30377
2023-07-25 10:56:31,004 [om1@group-C5BA1605619E-StateMachineUpdater] INFO  impl.StateMachineUpdater (StateMachineUpdater.java:lambda$new$0(97)) - om1@group-C5BA1605619E-StateMachineUpdater: snapshotIndex: updateIncreasingly -1 -> 30377
2023-07-25 10:56:31,004 [om1@group-C5BA1605619E-StateMachineUpdater] INFO  ratis.OzoneManagerStateMachine (OzoneManagerStateMachine.java:close(534)) - StateMachine has shutdown. Shutdown OzoneManager if not already shutdown.
2023-07-25 10:56:31,004 [om1@group-C5BA1605619E-StateMachineUpdater] INFO  ratis.OzoneManagerDoubleBuffer (OzoneManagerDoubleBuffer.java:stopDaemon(551)) - Stopping OMDoubleBuffer flush thread
2023-07-25 10:56:31,005 [OMDoubleBufferFlushThread] INFO  ratis.OzoneManagerDoubleBuffer (OzoneManagerDoubleBuffer.java:canFlush(638)) - OMDoubleBuffer flush thread OMDoubleBufferFlushThread is interrupted and will exit.
2023-07-25 10:56:31,007 [om1-impl-thread2] INFO  server.RaftServer$Division (ServerState.java:close(472)) - om1@group-C5BA1605619E: closes. applyIndex: 30377
2023-07-25 10:56:31,856 [om1-impl-thread2] INFO  segmented.SegmentedRaftLogWorker (SegmentedRaftLogWorker.java:close(252)) - om1@group-C5BA1605619E-SegmentedRaftLogWorker close()
2023-07-25 10:56:31,858 [JvmPauseMonitor1] INFO  util.JvmPauseMonitor (JvmPauseMonitor.java:run(109)) - JvmPauseMonitor-om1: Stopped
2023-07-25 10:56:31,859 [main] INFO  ratis.OzoneManagerStateMachine (OzoneManagerStateMachine.java:close(534)) - StateMachine has shutdown. Shutdown OzoneManager if not already shutdown.
2023-07-25 10:56:31,859 [main] INFO  ratis.OzoneManagerDoubleBuffer (OzoneManagerDoubleBuffer.java:stopDaemon(560)) - OMDoubleBuffer flush thread is not running.
2023-07-25 10:56:31,860 [main] INFO  utils.BackgroundService (BackgroundService.java:shutdown(141)) - Shutting down service KeyDeletingService
2023-07-25 10:56:31,861 [main] INFO  utils.BackgroundService (BackgroundService.java:shutdown(141)) - Shutting down service KeyDeletingService
2023-07-25 10:56:31,861 [main] INFO  utils.BackgroundService (BackgroundService.java:shutdown(141)) - Shutting down service OpenKeyCleanupService
2023-07-25 10:56:31,861 [main] INFO  utils.BackgroundService (BackgroundService.java:shutdown(141)) - Shutting down service SstFilteringService
2023-07-25 10:56:31,861 [main] INFO  utils.BackgroundService (BackgroundService.java:shutdown(141)) - Shutting down service SnapshotDeletingService
2023-07-25 10:56:31,864 [main] INFO  handler.ContextHandler (ContextHandler.java:doStop(1159)) - Stopped o.e.j.w.WebAppContext@7c4715bb{ozoneManager,/,null,STOPPED}{file:/home/runner/work/ozone/ozone/hadoop-ozone/integration-test/target/test-classes/webapps/ozoneManager}
2023-07-25 10:56:31,868 [main] INFO  server.AbstractConnector (AbstractConnector.java:doStop(383)) - Stopped ServerConnector@17ed0311{HTTP/1.1, (http/1.1)}{0.0.0.0:15005}
2023-07-25 10:56:31,868 [main] INFO  server.session (HouseKeeper.java:stopScavenging(149)) - node0 Stopped scavenging
2023-07-25 10:56:31,869 [main] INFO  handler.ContextHandler (ContextHandler.java:doStop(1159)) - Stopped o.e.j.s.ServletContextHandler@59d05dcb{static,/static,file:///home/runner/work/ozone/ozone/hadoop-ozone/integration-test/target/test-classes/webapps/static,STOPPED}
2023-07-25 10:56:31,869 [main] INFO  handler.ContextHandler (ContextHandler.java:doStop(1159)) - Stopped o.e.j.s.ServletContextHandler@576e46af{logs,/logs,file:///home/runner/work/ozone/ozone/hadoop-ozone/integration-test/target/log,STOPPED}
2023-07-25 10:56:31,872 [Trash Emptier] ERROR om.TrashPolicyOzone (TrashPolicyOzone.java:run(350)) - Error attempting to shutdown
java.lang.InterruptedException
	at java.util.concurrent.locks.AbstractQueuedSynchronizer$ConditionObject.awaitNanos(AbstractQueuedSynchronizer.java:2067)
	at java.util.concurrent.ThreadPoolExecutor.awaitTermination(ThreadPoolExecutor.java:1475)
	at org.apache.hadoop.ozone.om.TrashPolicyOzone$Emptier.run(TrashPolicyOzone.java:348)
	at java.lang.Thread.run(Thread.java:750)
2023-07-25 10:56:31,878 [main] INFO  snapshot.SnapshotDiffManager (SnapshotDiffManager.java:closeExecutorService(1720)) - Shutting down executorService: 'SnapDiffExecutor'
2023-07-25 10:56:31,878 [main] INFO  snapshot.SnapshotDiffManager (SnapshotDiffManager.java:closeExecutorService(1720)) - Shutting down executorService: 'SstDumpToolExecutor'
2023-07-25 10:56:31,879 [main] INFO  utils.BackgroundService (BackgroundService.java:shutdown(141)) - Shutting down service SnapshotDiffCleanupService
2023-07-25 10:56:31,880 [main] INFO  ozone.MiniOzoneClusterImpl (MiniOzoneClusterImpl.java:stopDatanodes(528)) - Stopping the HddsDatanodes
2023-07-25 10:56:31,888 [ForkJoinPool.commonPool-worker-0] INFO  ozoneimpl.OzoneContainer (OzoneContainer.java:stop(453)) - Attempting to stop container services.
2023-07-25 10:56:31,892 [ForkJoinPool.commonPool-worker-0] INFO  server.RaftServer (RaftServerProxy.java:lambda$close$6(416)) - a4e02de4-0a57-448c-8e91-91a041d5e72b: close
2023-07-25 10:56:31,893 [a4e02de4-0a57-448c-8e91-91a041d5e72b-impl-thread2] INFO  server.RaftServer$Division (RaftServerImpl.java:lambda$close$4(466)) - a4e02de4-0a57-448c-8e91-91a041d5e72b@group-661FD194F38D: shutdown
2023-07-25 10:56:31,893 [a4e02de4-0a57-448c-8e91-91a041d5e72b-impl-thread2] INFO  util.JmxRegister (JmxRegister.java:unregister(73)) - Successfully un-registered JMX Bean with object name Ratis:service=RaftServer,group=group-661FD194F38D,id=a4e02de4-0a57-448c-8e91-91a041d5e72b
2023-07-25 10:56:31,893 [a4e02de4-0a57-448c-8e91-91a041d5e72b-impl-thread2] INFO  impl.RoleInfo (RoleInfo.java:shutdownFollowerState(110)) - a4e02de4-0a57-448c-8e91-91a041d5e72b: shutdown a4e02de4-0a57-448c-8e91-91a041d5e72b@group-661FD194F38D-FollowerState
2023-07-25 10:56:31,894 [ForkJoinPool.commonPool-worker-0] INFO  server.GrpcService (GrpcService.java:closeImpl(311)) - a4e02de4-0a57-448c-8e91-91a041d5e72b: shutdown server org.apache.ratis.grpc.server.GrpcClientProtocolService now
2023-07-25 10:56:31,894 [a4e02de4-0a57-448c-8e91-91a041d5e72b-impl-thread4] INFO  server.RaftServer$Division (RaftServerImpl.java:lambda$close$4(466)) - a4e02de4-0a57-448c-8e91-91a041d5e72b@group-E3748F8D343D: shutdown
2023-07-25 10:56:31,897 [a4e02de4-0a57-448c-8e91-91a041d5e72b-impl-thread3] INFO  server.RaftServer$Division (RaftServerImpl.java:lambda$close$4(466)) - a4e02de4-0a57-448c-8e91-91a041d5e72b@group-E6E162410C5D: shutdown
2023-07-25 10:56:31,900 [a4e02de4-0a57-448c-8e91-91a041d5e72b-impl-thread3] INFO  util.JmxRegister (JmxRegister.java:unregister(73)) - Successfully un-registered JMX Bean with object name Ratis:service=RaftServer,group=group-E6E162410C5D,id=a4e02de4-0a57-448c-8e91-91a041d5e72b
2023-07-25 10:56:31,900 [a4e02de4-0a57-448c-8e91-91a041d5e72b-impl-thread3] INFO  impl.RoleInfo (RoleInfo.java:shutdownLeaderState(93)) - a4e02de4-0a57-448c-8e91-91a041d5e72b: shutdown a4e02de4-0a57-448c-8e91-91a041d5e72b@group-E6E162410C5D-LeaderStateImpl
2023-07-25 10:56:31,900 [a4e02de4-0a57-448c-8e91-91a041d5e72b-impl-thread4] INFO  util.JmxRegister (JmxRegister.java:unregister(73)) - Successfully un-registered JMX Bean with object name Ratis:service=RaftServer,group=group-E3748F8D343D,id=a4e02de4-0a57-448c-8e91-91a041d5e72b
2023-07-25 10:56:31,901 [a4e02de4-0a57-448c-8e91-91a041d5e72b-impl-thread4] INFO  impl.RoleInfo (RoleInfo.java:shutdownLeaderState(93)) - a4e02de4-0a57-448c-8e91-91a041d5e72b: shutdown a4e02de4-0a57-448c-8e91-91a041d5e72b@group-E3748F8D343D-LeaderStateImpl
2023-07-25 10:56:31,907 [a4e02de4-0a57-448c-8e91-91a041d5e72b-impl-thread2] INFO  impl.StateMachineUpdater (StateMachineUpdater.java:stopAndJoin(155)) - a4e02de4-0a57-448c-8e91-91a041d5e72b@group-661FD194F38D-StateMachineUpdater: set stopIndex = 21
2023-07-25 10:56:31,907 [main] INFO  ozoneimpl.OzoneContainer (OzoneContainer.java:stop(453)) - Attempting to stop container services.
2023-07-25 10:56:31,901 [a4e02de4-0a57-448c-8e91-91a041d5e72b@group-661FD194F38D-FollowerState] INFO  impl.FollowerState (FollowerState.java:run(152)) - a4e02de4-0a57-448c-8e91-91a041d5e72b@group-661FD194F38D-FollowerState was interrupted
2023-07-25 10:56:31,912 [main] INFO  server.RaftServer (RaftServerProxy.java:lambda$close$6(416)) - 558084a2-61c9-4ed7-bb35-b0adeee70698: close
2023-07-25 10:56:31,912 [a4e02de4-0a57-448c-8e91-91a041d5e72b@group-661FD194F38D-StateMachineUpdater] INFO  ratis.ContainerStateMachine (ContainerStateMachine.java:takeSnapshot(330)) - group-661FD194F38D: Taking a snapshot at:(t:1, i:21) file /home/runner/work/ozone/ozone/hadoop-ozone/integration-test/target/test-dir/MiniOzoneClusterImpl-71add7ef-0b93-4dd0-b3e1-91a97b11c72d/datanode-1/data/ratis/02988bac-003c-4425-b79a-661fd194f38d/sm/snapshot.1_21
2023-07-25 10:56:31,919 [grpc-default-executor-2] WARN  server.GrpcClientProtocolService (LogUtils.java:warn(122)) - 0-OrderedRequestStreamObserver0: onError: org.apache.ratis.thirdparty.io.grpc.StatusRuntimeException: CANCELLED: client cancelled
2023-07-25 10:56:31,906 [Thread-542] INFO  server.GrpcServerProtocolClient (GrpcServerProtocolClient.java:close(103)) - d61495e8-faf1-4655-91e1-42a45bad4237 Close channels
2023-07-25 10:56:31,906 [Thread-541] INFO  server.GrpcServerProtocolClient (GrpcServerProtocolClient.java:close(103)) - 558084a2-61c9-4ed7-bb35-b0adeee70698 Close channels
2023-07-25 10:56:31,927 [558084a2-61c9-4ed7-bb35-b0adeee70698-impl-thread2] INFO  server.RaftServer$Division (RaftServerImpl.java:lambda$close$4(466)) - 558084a2-61c9-4ed7-bb35-b0adeee70698@group-661FD194F38D: shutdown
2023-07-25 10:56:31,927 [558084a2-61c9-4ed7-bb35-b0adeee70698-impl-thread2] INFO  util.JmxRegister (JmxRegister.java:unregister(73)) - Successfully un-registered JMX Bean with object name Ratis:service=RaftServer,group=group-661FD194F38D,id=558084a2-61c9-4ed7-bb35-b0adeee70698
2023-07-25 10:56:31,927 [558084a2-61c9-4ed7-bb35-b0adeee70698-impl-thread2] INFO  impl.RoleInfo (RoleInfo.java:shutdownFollowerState(110)) - 558084a2-61c9-4ed7-bb35-b0adeee70698: shutdown 558084a2-61c9-4ed7-bb35-b0adeee70698@group-661FD194F38D-FollowerState
2023-07-25 10:56:31,927 [558084a2-61c9-4ed7-bb35-b0adeee70698-impl-thread3] INFO  server.RaftServer$Division (RaftServerImpl.java:lambda$close$4(466)) - 558084a2-61c9-4ed7-bb35-b0adeee70698@group-E6E162410C5D: shutdown
2023-07-25 10:56:31,927 [558084a2-61c9-4ed7-bb35-b0adeee70698-impl-thread3] INFO  util.JmxRegister (JmxRegister.java:unregister(73)) - Successfully un-registered JMX Bean with object name Ratis:service=RaftServer,group=group-E6E162410C5D,id=558084a2-61c9-4ed7-bb35-b0adeee70698
2023-07-25 10:56:31,928 [558084a2-61c9-4ed7-bb35-b0adeee70698-impl-thread3] INFO  impl.RoleInfo (RoleInfo.java:shutdownFollowerState(110)) - 558084a2-61c9-4ed7-bb35-b0adeee70698: shutdown 558084a2-61c9-4ed7-bb35-b0adeee70698@group-E6E162410C5D-FollowerState
2023-07-25 10:56:31,928 [main] INFO  server.GrpcService (GrpcService.java:closeImpl(311)) - 558084a2-61c9-4ed7-bb35-b0adeee70698: shutdown server org.apache.ratis.grpc.server.GrpcClientProtocolService now
2023-07-25 10:56:31,928 [a4e02de4-0a57-448c-8e91-91a041d5e72b@group-E6E162410C5D->d61495e8-faf1-4655-91e1-42a45bad4237-GrpcLogAppender-LogAppenderDaemon] WARN  server.GrpcLogAppender (GrpcLogAppender.java:mayWait(199)) - a4e02de4-0a57-448c-8e91-91a041d5e72b@group-E6E162410C5D->d61495e8-faf1-4655-91e1-42a45bad4237-GrpcLogAppender: Wait interrupted by java.lang.InterruptedException
2023-07-25 10:56:31,929 [558084a2-61c9-4ed7-bb35-b0adeee70698-impl-thread4] INFO  server.RaftServer$Division (RaftServerImpl.java:lambda$close$4(466)) - 558084a2-61c9-4ed7-bb35-b0adeee70698@group-9A4BD74B7787: shutdown
2023-07-25 10:56:31,930 [558084a2-61c9-4ed7-bb35-b0adeee70698-impl-thread4] INFO  util.JmxRegister (JmxRegister.java:unregister(73)) - Successfully un-registered JMX Bean with object name Ratis:service=RaftServer,group=group-9A4BD74B7787,id=558084a2-61c9-4ed7-bb35-b0adeee70698
2023-07-25 10:56:31,930 [558084a2-61c9-4ed7-bb35-b0adeee70698-impl-thread4] INFO  impl.RoleInfo (RoleInfo.java:shutdownLeaderState(93)) - 558084a2-61c9-4ed7-bb35-b0adeee70698: shutdown 558084a2-61c9-4ed7-bb35-b0adeee70698@group-9A4BD74B7787-LeaderStateImpl
2023-07-25 10:56:31,937 [558084a2-61c9-4ed7-bb35-b0adeee70698-impl-thread3] INFO  impl.StateMachineUpdater (StateMachineUpdater.java:stopAndJoin(155)) - 558084a2-61c9-4ed7-bb35-b0adeee70698@group-E6E162410C5D-StateMachineUpdater: set stopIndex = 15
2023-07-25 10:56:31,937 [558084a2-61c9-4ed7-bb35-b0adeee70698@group-661FD194F38D-FollowerState] INFO  impl.FollowerState (FollowerState.java:run(152)) - 558084a2-61c9-4ed7-bb35-b0adeee70698@group-661FD194F38D-FollowerState was interrupted
2023-07-25 10:56:31,937 [558084a2-61c9-4ed7-bb35-b0adeee70698@group-E6E162410C5D-FollowerState] INFO  impl.FollowerState (FollowerState.java:run(152)) - 558084a2-61c9-4ed7-bb35-b0adeee70698@group-E6E162410C5D-FollowerState was interrupted
2023-07-25 10:56:31,937 [main] INFO  server.GrpcService (GrpcService.java:closeImpl(320)) - 558084a2-61c9-4ed7-bb35-b0adeee70698: shutdown server org.apache.ratis.grpc.server.GrpcClientProtocolService successfully
2023-07-25 10:56:31,937 [558084a2-61c9-4ed7-bb35-b0adeee70698-impl-thread2] INFO  impl.StateMachineUpdater (StateMachineUpdater.java:stopAndJoin(155)) - 558084a2-61c9-4ed7-bb35-b0adeee70698@group-661FD194F38D-StateMachineUpdater: set stopIndex = 21
2023-07-25 10:56:31,907 [a4e02de4-0a57-448c-8e91-91a041d5e72b-impl-thread4] INFO  impl.PendingRequests (PendingRequests.java:sendNotLeaderResponses(289)) - a4e02de4-0a57-448c-8e91-91a041d5e72b@group-E3748F8D343D-PendingRequests: sendNotLeaderResponses
2023-07-25 10:56:31,924 [grpc-default-executor-4] WARN  server.GrpcClientProtocolService (LogUtils.java:warn(122)) - 1-OrderedRequestStreamObserver1: onError: org.apache.ratis.thirdparty.io.grpc.StatusRuntimeException: CANCELLED: client cancelled
2023-07-25 10:56:31,925 [grpc-default-executor-3] WARN  server.GrpcClientProtocolService (LogUtils.java:warn(122)) - 2-UnorderedRequestStreamObserver2: onError: org.apache.ratis.thirdparty.io.grpc.StatusRuntimeException: CANCELLED: client cancelled
2023-07-25 10:56:31,929 [a4e02de4-0a57-448c-8e91-91a041d5e72b@group-E6E162410C5D->558084a2-61c9-4ed7-bb35-b0adeee70698-GrpcLogAppender-LogAppenderDaemon] WARN  server.GrpcLogAppender (GrpcLogAppender.java:mayWait(199)) - a4e02de4-0a57-448c-8e91-91a041d5e72b@group-E6E162410C5D->558084a2-61c9-4ed7-bb35-b0adeee70698-GrpcLogAppender: Wait interrupted by java.lang.InterruptedException
2023-07-25 10:56:31,940 [a4e02de4-0a57-448c-8e91-91a041d5e72b-impl-thread4] INFO  impl.StateMachineUpdater (StateMachineUpdater.java:stopAndJoin(155)) - a4e02de4-0a57-448c-8e91-91a041d5e72b@group-E3748F8D343D-StateMachineUpdater: set stopIndex = 0
2023-07-25 10:56:31,907 [a4e02de4-0a57-448c-8e91-91a041d5e72b-impl-thread3] INFO  impl.PendingRequests (PendingRequests.java:sendNotLeaderResponses(289)) - a4e02de4-0a57-448c-8e91-91a041d5e72b@group-E6E162410C5D-PendingRequests: sendNotLeaderResponses
2023-07-25 10:56:31,937 [558084a2-61c9-4ed7-bb35-b0adeee70698@group-E6E162410C5D-StateMachineUpdater] INFO  ratis.ContainerStateMachine (ContainerStateMachine.java:takeSnapshot(330)) - group-E6E162410C5D: Taking a snapshot at:(t:1, i:15) file /home/runner/work/ozone/ozone/hadoop-ozone/integration-test/target/test-dir/MiniOzoneClusterImpl-71add7ef-0b93-4dd0-b3e1-91a97b11c72d/datanode-2/data/ratis/d1b2a856-b23c-4622-9693-e6e162410c5d/sm/snapshot.1_15
2023-07-25 10:56:31,941 [a4e02de4-0a57-448c-8e91-91a041d5e72b@group-E3748F8D343D-StateMachineUpdater] INFO  ratis.ContainerStateMachine (ContainerStateMachine.java:takeSnapshot(330)) - group-E3748F8D343D: Taking a snapshot at:(t:1, i:0) file /home/runner/work/ozone/ozone/hadoop-ozone/integration-test/target/test-dir/MiniOzoneClusterImpl-71add7ef-0b93-4dd0-b3e1-91a97b11c72d/datanode-1/data/ratis/dff6f4f0-ed1d-4fe7-8776-e3748f8d343d/sm/snapshot.1_0
2023-07-25 10:56:31,930 [558084a2-61c9-4ed7-bb35-b0adeee70698-impl-thread4] INFO  impl.PendingRequests (PendingRequests.java:sendNotLeaderResponses(289)) - 558084a2-61c9-4ed7-bb35-b0adeee70698@group-9A4BD74B7787-PendingRequests: sendNotLeaderResponses
2023-07-25 10:56:31,942 [558084a2-61c9-4ed7-bb35-b0adeee70698-impl-thread4] INFO  impl.StateMachineUpdater (StateMachineUpdater.java:stopAndJoin(155)) - 558084a2-61c9-4ed7-bb35-b0adeee70698@group-9A4BD74B7787-StateMachineUpdater: set stopIndex = 0
2023-07-25 10:56:31,943 [main] INFO  server.GrpcService (GrpcService.java:closeImpl(311)) - 558084a2-61c9-4ed7-bb35-b0adeee70698: shutdown server GrpcServerProtocolService now
2023-07-25 10:56:31,943 [558084a2-61c9-4ed7-bb35-b0adeee70698@group-9A4BD74B7787-StateMachineUpdater] INFO  ratis.ContainerStateMachine (ContainerStateMachine.java:takeSnapshot(330)) - group-9A4BD74B7787: Taking a snapshot at:(t:1, i:0) file /home/runner/work/ozone/ozone/hadoop-ozone/integration-test/target/test-dir/MiniOzoneClusterImpl-71add7ef-0b93-4dd0-b3e1-91a97b11c72d/datanode-2/data/ratis/02cc9d56-cfde-4344-b940-9a4bd74b7787/sm/snapshot.1_0
2023-07-25 10:56:31,944 [558084a2-61c9-4ed7-bb35-b0adeee70698@group-661FD194F38D-StateMachineUpdater] INFO  ratis.ContainerStateMachine (ContainerStateMachine.java:takeSnapshot(330)) - group-661FD194F38D: Taking a snapshot at:(t:1, i:21) file /home/runner/work/ozone/ozone/hadoop-ozone/integration-test/target/test-dir/MiniOzoneClusterImpl-71add7ef-0b93-4dd0-b3e1-91a97b11c72d/datanode-2/data/ratis/02988bac-003c-4425-b79a-661fd194f38d/sm/snapshot.1_21
2023-07-25 10:56:31,945 [grpc-default-executor-2] INFO  server.GrpcServerProtocolService (GrpcServerProtocolService.java:onCompleted(155)) - d61495e8-faf1-4655-91e1-42a45bad4237: Completed APPEND_ENTRIES, lastRequest: null
2023-07-25 10:56:31,947 [grpc-default-executor-2] INFO  server.GrpcServerProtocolService (GrpcServerProtocolService.java:lambda$onCompleted$5(157)) - d61495e8-faf1-4655-91e1-42a45bad4237: Completed APPEND_ENTRIES, lastReply: serverReply {
  requestorId: "a4e02de4-0a57-448c-8e91-91a041d5e72b"
  replyId: "d61495e8-faf1-4655-91e1-42a45bad4237"
  raftGroupId {
    id: "\321\262\250V\262<F\"\226\223\346\341bA\f]"
  }
  callId: 51
  success: true
}
term: 1
nextIndex: 16
followerCommit: 15
matchIndex: 18446744073709551615
isHearbeat: true

2023-07-25 10:56:31,947 [grpc-default-executor-3] INFO  server.GrpcServerProtocolService (GrpcServerProtocolService.java:onCompleted(155)) - 558084a2-61c9-4ed7-bb35-b0adeee70698: Completed APPEND_ENTRIES, lastRequest: null
2023-07-25 10:56:31,959 [grpc-default-executor-2] WARN  server.GrpcServerProtocolService (LogUtils.java:warn(122)) - 558084a2-61c9-4ed7-bb35-b0adeee70698: APPEND_ENTRIES onError, lastRequest: d61495e8-faf1-4655-91e1-42a45bad4237->558084a2-61c9-4ed7-bb35-b0adeee70698#64-t1,previous=(t:1, i:21),leaderCommit=21,initializing? true,entries: size=1, first=(t:1, i:22), METADATAENTRY(c:21): org.apache.ratis.thirdparty.io.grpc.StatusRuntimeException: CANCELLED: client cancelled
2023-07-25 10:56:31,960 [grpc-default-executor-6] INFO  server.GrpcServerProtocolService (GrpcServerProtocolService.java:onCompleted(155)) - d61495e8-faf1-4655-91e1-42a45bad4237: Completed APPEND_ENTRIES, lastRequest: a4e02de4-0a57-448c-8e91-91a041d5e72b->d61495e8-faf1-4655-91e1-42a45bad4237#45-t1,previous=(t:1, i:14),leaderCommit=14,initializing? true,entries: size=1, first=(t:1, i:15), METADATAENTRY(c:14)
2023-07-25 10:56:31,960 [grpc-default-executor-6] INFO  server.GrpcServerProtocolService (GrpcServerProtocolService.java:lambda$onCompleted$5(157)) - d61495e8-faf1-4655-91e1-42a45bad4237: Completed APPEND_ENTRIES, lastReply: null
2023-07-25 10:56:31,964 [grpc-default-executor-3] INFO  server.GrpcServerProtocolService (GrpcServerProtocolService.java:lambda$onCompleted$5(157)) - 558084a2-61c9-4ed7-bb35-b0adeee70698: Completed APPEND_ENTRIES, lastReply: serverReply {
  requestorId: "a4e02de4-0a57-448c-8e91-91a041d5e72b"
  replyId: "558084a2-61c9-4ed7-bb35-b0adeee70698"
  raftGroupId {
    id: "\321\262\250V\262<F\"\226\223\346\341bA\f]"
  }
  callId: 51
  success: true
}
term: 1
nextIndex: 16
followerCommit: 15
matchIndex: 18446744073709551615
isHearbeat: true

2023-07-25 10:56:31,972 [grpc-default-executor-3] WARN  server.GrpcServerProtocolService (LogUtils.java:warn(122)) - 558084a2-61c9-4ed7-bb35-b0adeee70698: APPEND_ENTRIES onError, lastRequest: null: org.apache.ratis.thirdparty.io.grpc.StatusRuntimeException: CANCELLED: client cancelled
2023-07-25 10:56:31,972 [ForkJoinPool.commonPool-worker-1] INFO  ozoneimpl.OzoneContainer (OzoneContainer.java:stop(453)) - Attempting to stop container services.
2023-07-25 10:56:31,975 [ForkJoinPool.commonPool-worker-1] INFO  server.RaftServer (RaftServerProxy.java:lambda$close$6(416)) - d61495e8-faf1-4655-91e1-42a45bad4237: close
2023-07-25 10:56:31,977 [grpc-default-executor-6] INFO  server.GrpcServerProtocolService (GrpcServerProtocolService.java:onCompleted(155)) - 558084a2-61c9-4ed7-bb35-b0adeee70698: Completed APPEND_ENTRIES, lastRequest: a4e02de4-0a57-448c-8e91-91a041d5e72b->558084a2-61c9-4ed7-bb35-b0adeee70698#47-t1,previous=(t:1, i:14),leaderCommit=14,initializing? true,entries: size=1, first=(t:1, i:15), METADATAENTRY(c:14)
2023-07-25 10:56:31,978 [grpc-default-executor-6] INFO  server.GrpcServerProtocolService (GrpcServerProtocolService.java:lambda$onCompleted$5(157)) - 558084a2-61c9-4ed7-bb35-b0adeee70698: Completed APPEND_ENTRIES, lastReply: null
2023-07-25 10:56:31,977 [a4e02de4-0a57-448c-8e91-91a041d5e72b@group-E6E162410C5D-StateMachineUpdater] INFO  ratis.ContainerStateMachine (ContainerStateMachine.java:takeSnapshot(330)) - group-E6E162410C5D: Taking a snapshot at:(t:1, i:15) file /home/runner/work/ozone/ozone/hadoop-ozone/integration-test/target/test-dir/MiniOzoneClusterImpl-71add7ef-0b93-4dd0-b3e1-91a97b11c72d/datanode-1/data/ratis/d1b2a856-b23c-4622-9693-e6e162410c5d/sm/snapshot.1_15
2023-07-25 10:56:31,978 [d61495e8-faf1-4655-91e1-42a45bad4237-impl-thread2] INFO  server.RaftServer$Division (RaftServerImpl.java:lambda$close$4(466)) - d61495e8-faf1-4655-91e1-42a45bad4237@group-661FD194F38D: shutdown
2023-07-25 10:56:31,977 [a4e02de4-0a57-448c-8e91-91a041d5e72b-impl-thread3] INFO  impl.StateMachineUpdater (StateMachineUpdater.java:stopAndJoin(155)) - a4e02de4-0a57-448c-8e91-91a041d5e72b@group-E6E162410C5D-StateMachineUpdater: set stopIndex = 15
2023-07-25 10:56:31,978 [d61495e8-faf1-4655-91e1-42a45bad4237-impl-thread2] INFO  util.JmxRegister (JmxRegister.java:unregister(73)) - Successfully un-registered JMX Bean with object name Ratis:service=RaftServer,group=group-661FD194F38D,id=d61495e8-faf1-4655-91e1-42a45bad4237
2023-07-25 10:56:31,979 [d61495e8-faf1-4655-91e1-42a45bad4237-impl-thread2] INFO  impl.RoleInfo (RoleInfo.java:shutdownLeaderState(93)) - d61495e8-faf1-4655-91e1-42a45bad4237: shutdown d61495e8-faf1-4655-91e1-42a45bad4237@group-661FD194F38D-LeaderStateImpl
2023-07-25 10:56:31,979 [d61495e8-faf1-4655-91e1-42a45bad4237-impl-thread3] INFO  server.RaftServer$Division (RaftServerImpl.java:lambda$close$4(466)) - d61495e8-faf1-4655-91e1-42a45bad4237@group-E6E162410C5D: shutdown
2023-07-25 10:56:31,980 [d61495e8-faf1-4655-91e1-42a45bad4237-impl-thread3] INFO  util.JmxRegister (JmxRegister.java:unregister(73)) - Successfully un-registered JMX Bean with object name Ratis:service=RaftServer,group=group-E6E162410C5D,id=d61495e8-faf1-4655-91e1-42a45bad4237
2023-07-25 10:56:31,980 [d61495e8-faf1-4655-91e1-42a45bad4237-impl-thread3] INFO  impl.RoleInfo (RoleInfo.java:shutdownFollowerState(110)) - d61495e8-faf1-4655-91e1-42a45bad4237: shutdown d61495e8-faf1-4655-91e1-42a45bad4237@group-E6E162410C5D-FollowerState
2023-07-25 10:56:31,980 [ForkJoinPool.commonPool-worker-1] INFO  server.GrpcService (GrpcService.java:closeImpl(311)) - d61495e8-faf1-4655-91e1-42a45bad4237: shutdown server org.apache.ratis.grpc.server.GrpcClientProtocolService now
2023-07-25 10:56:31,980 [d61495e8-faf1-4655-91e1-42a45bad4237@group-E6E162410C5D-FollowerState] INFO  impl.FollowerState (FollowerState.java:run(152)) - d61495e8-faf1-4655-91e1-42a45bad4237@group-E6E162410C5D-FollowerState was interrupted
2023-07-25 10:56:31,980 [d61495e8-faf1-4655-91e1-42a45bad4237-impl-thread2] INFO  impl.PendingRequests (PendingRequests.java:sendNotLeaderResponses(289)) - d61495e8-faf1-4655-91e1-42a45bad4237@group-661FD194F38D-PendingRequests: sendNotLeaderResponses
2023-07-25 10:56:31,982 [grpc-default-executor-6] INFO  server.GrpcLogAppender (GrpcLogAppender.java:onError(417)) - d61495e8-faf1-4655-91e1-42a45bad4237@group-661FD194F38D->558084a2-61c9-4ed7-bb35-b0adeee70698-GrpcLogAppender is already stopped
2023-07-25 10:56:31,983 [grpc-default-executor-4] WARN  server.GrpcClientProtocolService (LogUtils.java:warn(122)) - 1-OrderedRequestStreamObserver1: onError: org.apache.ratis.thirdparty.io.grpc.StatusRuntimeException: CANCELLED: client cancelled
2023-07-25 10:56:31,984 [grpc-default-executor-5] WARN  server.GrpcClientProtocolService (LogUtils.java:warn(122)) - 2-UnorderedRequestStreamObserver2: onError: org.apache.ratis.thirdparty.io.grpc.StatusRuntimeException: CANCELLED: client cancelled
2023-07-25 10:56:31,985 [main] INFO  server.GrpcService (GrpcService.java:closeImpl(320)) - 558084a2-61c9-4ed7-bb35-b0adeee70698: shutdown server GrpcServerProtocolService successfully
2023-07-25 10:56:31,985 [main] INFO  server.GrpcService (GrpcService.java:closeImpl(311)) - 558084a2-61c9-4ed7-bb35-b0adeee70698: shutdown server org.apache.ratis.grpc.server.GrpcAdminProtocolService now
2023-07-25 10:56:31,986 [d61495e8-faf1-4655-91e1-42a45bad4237@group-661FD194F38D->558084a2-61c9-4ed7-bb35-b0adeee70698-GrpcLogAppender-LogAppenderDaemon] WARN  server.GrpcLogAppender (GrpcLogAppender.java:mayWait(199)) - d61495e8-faf1-4655-91e1-42a45bad4237@group-661FD194F38D->558084a2-61c9-4ed7-bb35-b0adeee70698-GrpcLogAppender: Wait interrupted by java.lang.InterruptedException
2023-07-25 10:56:31,988 [d61495e8-faf1-4655-91e1-42a45bad4237-impl-thread3] INFO  impl.StateMachineUpdater (StateMachineUpdater.java:stopAndJoin(155)) - d61495e8-faf1-4655-91e1-42a45bad4237@group-E6E162410C5D-StateMachineUpdater: set stopIndex = 15
2023-07-25 10:56:31,988 [d61495e8-faf1-4655-91e1-42a45bad4237@group-E6E162410C5D-StateMachineUpdater] INFO  ratis.ContainerStateMachine (ContainerStateMachine.java:takeSnapshot(330)) - group-E6E162410C5D: Taking a snapshot at:(t:1, i:15) file /home/runner/work/ozone/ozone/hadoop-ozone/integration-test/target/test-dir/MiniOzoneClusterImpl-71add7ef-0b93-4dd0-b3e1-91a97b11c72d/datanode-0/data/ratis/d1b2a856-b23c-4622-9693-e6e162410c5d/sm/snapshot.1_15
2023-07-25 10:56:31,987 [d61495e8-faf1-4655-91e1-42a45bad4237-impl-thread4] INFO  server.RaftServer$Division (RaftServerImpl.java:lambda$close$4(466)) - d61495e8-faf1-4655-91e1-42a45bad4237@group-FD8EF7AD9A98: shutdown
2023-07-25 10:56:31,993 [d61495e8-faf1-4655-91e1-42a45bad4237-impl-thread4] INFO  util.JmxRegister (JmxRegister.java:unregister(73)) - Successfully un-registered JMX Bean with object name Ratis:service=RaftServer,group=group-FD8EF7AD9A98,id=d61495e8-faf1-4655-91e1-42a45bad4237
2023-07-25 10:56:31,993 [d61495e8-faf1-4655-91e1-42a45bad4237-impl-thread4] INFO  impl.RoleInfo (RoleInfo.java:shutdownLeaderState(93)) - d61495e8-faf1-4655-91e1-42a45bad4237: shutdown d61495e8-faf1-4655-91e1-42a45bad4237@group-FD8EF7AD9A98-LeaderStateImpl
2023-07-25 10:56:31,993 [d61495e8-faf1-4655-91e1-42a45bad4237-impl-thread4] INFO  impl.PendingRequests (PendingRequests.java:sendNotLeaderResponses(289)) - d61495e8-faf1-4655-91e1-42a45bad4237@group-FD8EF7AD9A98-PendingRequests: sendNotLeaderResponses
2023-07-25 10:56:31,994 [d61495e8-faf1-4655-91e1-42a45bad4237-impl-thread4] INFO  impl.StateMachineUpdater (StateMachineUpdater.java:stopAndJoin(155)) - d61495e8-faf1-4655-91e1-42a45bad4237@group-FD8EF7AD9A98-StateMachineUpdater: set stopIndex = 0
2023-07-25 10:56:31,987 [d61495e8-faf1-4655-91e1-42a45bad4237@group-661FD194F38D->a4e02de4-0a57-448c-8e91-91a041d5e72b-GrpcLogAppender-LogAppenderDaemon] WARN  server.GrpcLogAppender (GrpcLogAppender.java:mayWait(199)) - d61495e8-faf1-4655-91e1-42a45bad4237@group-661FD194F38D->a4e02de4-0a57-448c-8e91-91a041d5e72b-GrpcLogAppender: Wait interrupted by java.lang.InterruptedException
2023-07-25 10:56:31,994 [d61495e8-faf1-4655-91e1-42a45bad4237@group-FD8EF7AD9A98-StateMachineUpdater] INFO  ratis.ContainerStateMachine (ContainerStateMachine.java:takeSnapshot(330)) - group-FD8EF7AD9A98: Taking a snapshot at:(t:1, i:0) file /home/runner/work/ozone/ozone/hadoop-ozone/integration-test/target/test-dir/MiniOzoneClusterImpl-71add7ef-0b93-4dd0-b3e1-91a97b11c72d/datanode-0/data/ratis/b62af638-e18a-4218-ab65-fd8ef7ad9a98/sm/snapshot.1_0
2023-07-25 10:56:31,995 [grpc-default-executor-3] INFO  server.GrpcLogAppender (GrpcLogAppender.java:onError(417)) - d61495e8-faf1-4655-91e1-42a45bad4237@group-661FD194F38D->558084a2-61c9-4ed7-bb35-b0adeee70698-GrpcLogAppender is already stopped
2023-07-25 10:56:31,995 [grpc-default-executor-9] INFO  server.GrpcLogAppender (GrpcLogAppender.java:onError(417)) - a4e02de4-0a57-448c-8e91-91a041d5e72b@group-E6E162410C5D->558084a2-61c9-4ed7-bb35-b0adeee70698-GrpcLogAppender is already stopped
2023-07-25 10:56:32,002 [d61495e8-faf1-4655-91e1-42a45bad4237-impl-thread2] INFO  impl.StateMachineUpdater (StateMachineUpdater.java:stopAndJoin(155)) - d61495e8-faf1-4655-91e1-42a45bad4237@group-661FD194F38D-StateMachineUpdater: set stopIndex = 22
2023-07-25 10:56:32,003 [Thread-556] INFO  server.GrpcServerProtocolClient (GrpcServerProtocolClient.java:close(103)) - 558084a2-61c9-4ed7-bb35-b0adeee70698 Close channels
2023-07-25 10:56:32,003 [Thread-555] INFO  server.GrpcServerProtocolClient (GrpcServerProtocolClient.java:close(103)) - a4e02de4-0a57-448c-8e91-91a041d5e72b Close channels
2023-07-25 10:56:32,003 [grpc-default-executor-6] INFO  server.GrpcLogAppender (GrpcLogAppender.java:onCompleted(428)) - a4e02de4-0a57-448c-8e91-91a041d5e72b@group-E6E162410C5D->d61495e8-faf1-4655-91e1-42a45bad4237-AppendLogResponseHandler: follower responses appendEntries COMPLETED
2023-07-25 10:56:32,004 [grpc-default-executor-6] WARN  server.GrpcLogAppender (GrpcLogAppender.java:resetClient(137)) - a4e02de4-0a57-448c-8e91-91a041d5e72b@group-E6E162410C5D->d61495e8-faf1-4655-91e1-42a45bad4237-GrpcLogAppender: Failed to getClient for d61495e8-faf1-4655-91e1-42a45bad4237
org.apache.ratis.protocol.exceptions.AlreadyClosedException: a4e02de4-0a57-448c-8e91-91a041d5e72b is already CLOSED
	at org.apache.ratis.util.PeerProxyMap$PeerAndProxy.getProxy(PeerProxyMap.java:61)
	at org.apache.ratis.util.PeerProxyMap.getProxy(PeerProxyMap.java:115)
	at org.apache.ratis.grpc.server.GrpcLogAppender.getClient(GrpcLogAppender.java:112)
	at org.apache.ratis.grpc.server.GrpcLogAppender.resetClient(GrpcLogAppender.java:117)
	at org.apache.ratis.grpc.server.GrpcLogAppender.access$500(GrpcLogAppender.java:56)
	at org.apache.ratis.grpc.server.GrpcLogAppender$AppendLogResponseHandler.onCompleted(GrpcLogAppender.java:429)
	at org.apache.ratis.thirdparty.io.grpc.stub.ClientCalls$StreamObserverToCallListenerAdapter.onClose(ClientCalls.java:485)
	at org.apache.ratis.thirdparty.io.grpc.internal.DelayedClientCall$DelayedListener$3.run(DelayedClientCall.java:471)
	at org.apache.ratis.thirdparty.io.grpc.internal.DelayedClientCall$DelayedListener.delayOrExecute(DelayedClientCall.java:435)
	at org.apache.ratis.thirdparty.io.grpc.internal.DelayedClientCall$DelayedListener.onClose(DelayedClientCall.java:468)
	at org.apache.ratis.thirdparty.io.grpc.internal.ClientCallImpl.closeObserver(ClientCallImpl.java:563)
	at org.apache.ratis.thirdparty.io.grpc.internal.ClientCallImpl.access$300(ClientCallImpl.java:70)
	at org.apache.ratis.thirdparty.io.grpc.internal.ClientCallImpl$ClientStreamListenerImpl$1StreamClosed.runInternal(ClientCallImpl.java:744)
	at org.apache.ratis.thirdparty.io.grpc.internal.ClientCallImpl$ClientStreamListenerImpl$1StreamClosed.runInContext(ClientCallImpl.java:723)
	at org.apache.ratis.thirdparty.io.grpc.internal.ContextRunnable.run(ContextRunnable.java:37)
	at org.apache.ratis.thirdparty.io.grpc.internal.SerializingExecutor.run(SerializingExecutor.java:133)
	at java.util.concurrent.ThreadPoolExecutor.runWorker(ThreadPoolExecutor.java:1149)
	at java.util.concurrent.ThreadPoolExecutor$Worker.run(ThreadPoolExecutor.java:624)
	at java.lang.Thread.run(Thread.java:750)
2023-07-25 10:56:32,005 [grpc-default-executor-6] INFO  server.GrpcServerProtocolService (GrpcServerProtocolService.java:onCompleted(155)) - a4e02de4-0a57-448c-8e91-91a041d5e72b: Completed APPEND_ENTRIES, lastRequest: null
2023-07-25 10:56:32,006 [grpc-default-executor-6] INFO  server.GrpcServerProtocolService (GrpcServerProtocolService.java:lambda$onCompleted$5(157)) - a4e02de4-0a57-448c-8e91-91a041d5e72b: Completed APPEND_ENTRIES, lastReply: serverReply {
  requestorId: "d61495e8-faf1-4655-91e1-42a45bad4237"
  replyId: "a4e02de4-0a57-448c-8e91-91a041d5e72b"
  raftGroupId {
    id: "\002\230\213\254\000<D%\267\232f\037\321\224\363\215"
  }
  callId: 65
  success: true
}
term: 1
nextIndex: 19
followerCommit: 18
matchIndex: 18446744073709551615
isHearbeat: true

2023-07-25 10:56:32,008 [grpc-default-executor-2] INFO  server.GrpcLogAppender (GrpcLogAppender.java:onCompleted(428)) - a4e02de4-0a57-448c-8e91-91a041d5e72b@group-E6E162410C5D->d61495e8-faf1-4655-91e1-42a45bad4237-AppendLogResponseHandler: follower responses appendEntries COMPLETED
2023-07-25 10:56:32,008 [grpc-default-executor-2] WARN  server.GrpcLogAppender (GrpcLogAppender.java:resetClient(137)) - a4e02de4-0a57-448c-8e91-91a041d5e72b@group-E6E162410C5D->d61495e8-faf1-4655-91e1-42a45bad4237-GrpcLogAppender: Failed to getClient for d61495e8-faf1-4655-91e1-42a45bad4237
org.apache.ratis.protocol.exceptions.AlreadyClosedException: a4e02de4-0a57-448c-8e91-91a041d5e72b is already CLOSED
	at org.apache.ratis.util.PeerProxyMap$PeerAndProxy.getProxy(PeerProxyMap.java:61)
	at org.apache.ratis.util.PeerProxyMap.getProxy(PeerProxyMap.java:115)
	at org.apache.ratis.grpc.server.GrpcLogAppender.getClient(GrpcLogAppender.java:112)
	at org.apache.ratis.grpc.server.GrpcLogAppender.resetClient(GrpcLogAppender.java:117)
	at org.apache.ratis.grpc.server.GrpcLogAppender.access$500(GrpcLogAppender.java:56)
	at org.apache.ratis.grpc.server.GrpcLogAppender$AppendLogResponseHandler.onCompleted(GrpcLogAppender.java:429)
	at org.apache.ratis.thirdparty.io.grpc.stub.ClientCalls$StreamObserverToCallListenerAdapter.onClose(ClientCalls.java:485)
	at org.apache.ratis.thirdparty.io.grpc.internal.ClientCallImpl.closeObserver(ClientCallImpl.java:563)
	at org.apache.ratis.thirdparty.io.grpc.internal.ClientCallImpl.access$300(ClientCallImpl.java:70)
	at org.apache.ratis.thirdparty.io.grpc.internal.ClientCallImpl$ClientStreamListenerImpl$1StreamClosed.runInternal(ClientCallImpl.java:744)
	at org.apache.ratis.thirdparty.io.grpc.internal.ClientCallImpl$ClientStreamListenerImpl$1StreamClosed.runInContext(ClientCallImpl.java:723)
	at org.apache.ratis.thirdparty.io.grpc.internal.ContextRunnable.run(ContextRunnable.java:37)
	at org.apache.ratis.thirdparty.io.grpc.internal.SerializingExecutor.run(SerializingExecutor.java:133)
	at java.util.concurrent.ThreadPoolExecutor.runWorker(ThreadPoolExecutor.java:1149)
	at java.util.concurrent.ThreadPoolExecutor$Worker.run(ThreadPoolExecutor.java:624)
	at java.lang.Thread.run(Thread.java:750)
2023-07-25 10:56:32,009 [a4e02de4-0a57-448c-8e91-91a041d5e72b@group-E3748F8D343D-StateMachineUpdater] INFO  ratis.ContainerStateMachine (ContainerStateMachine.java:takeSnapshot(341)) - group-E3748F8D343D: Finished taking a snapshot at:(t:1, i:0) file:/home/runner/work/ozone/ozone/hadoop-ozone/integration-test/target/test-dir/MiniOzoneClusterImpl-71add7ef-0b93-4dd0-b3e1-91a97b11c72d/datanode-1/data/ratis/dff6f4f0-ed1d-4fe7-8776-e3748f8d343d/sm/snapshot.1_0 took: 68 ms
2023-07-25 10:56:32,009 [grpc-default-executor-6] INFO  server.GrpcLogAppender (GrpcLogAppender.java:onError(417)) - a4e02de4-0a57-448c-8e91-91a041d5e72b@group-E6E162410C5D->558084a2-61c9-4ed7-bb35-b0adeee70698-GrpcLogAppender is already stopped
2023-07-25 10:56:32,008 [558084a2-61c9-4ed7-bb35-b0adeee70698@group-9A4BD74B7787-StateMachineUpdater] INFO  ratis.ContainerStateMachine (ContainerStateMachine.java:takeSnapshot(341)) - group-9A4BD74B7787: Finished taking a snapshot at:(t:1, i:0) file:/home/runner/work/ozone/ozone/hadoop-ozone/integration-test/target/test-dir/MiniOzoneClusterImpl-71add7ef-0b93-4dd0-b3e1-91a97b11c72d/datanode-2/data/ratis/02cc9d56-cfde-4344-b940-9a4bd74b7787/sm/snapshot.1_0 took: 65 ms
2023-07-25 10:56:32,008 [d61495e8-faf1-4655-91e1-42a45bad4237@group-FD8EF7AD9A98-StateMachineUpdater] INFO  ratis.ContainerStateMachine (ContainerStateMachine.java:takeSnapshot(341)) - group-FD8EF7AD9A98: Finished taking a snapshot at:(t:1, i:0) file:/home/runner/work/ozone/ozone/hadoop-ozone/integration-test/target/test-dir/MiniOzoneClusterImpl-71add7ef-0b93-4dd0-b3e1-91a97b11c72d/datanode-0/data/ratis/b62af638-e18a-4218-ab65-fd8ef7ad9a98/sm/snapshot.1_0 took: 14 ms
2023-07-25 10:56:32,008 [d61495e8-faf1-4655-91e1-42a45bad4237@group-661FD194F38D-StateMachineUpdater] INFO  ratis.ContainerStateMachine (ContainerStateMachine.java:takeSnapshot(330)) - group-661FD194F38D: Taking a snapshot at:(t:1, i:22) file /home/runner/work/ozone/ozone/hadoop-ozone/integration-test/target/test-dir/MiniOzoneClusterImpl-71add7ef-0b93-4dd0-b3e1-91a97b11c72d/datanode-0/data/ratis/02988bac-003c-4425-b79a-661fd194f38d/sm/snapshot.1_22
2023-07-25 10:56:32,013 [d61495e8-faf1-4655-91e1-42a45bad4237@group-E6E162410C5D-StateMachineUpdater] INFO  ratis.ContainerStateMachine (ContainerStateMachine.java:takeSnapshot(341)) - group-E6E162410C5D: Finished taking a snapshot at:(t:1, i:15) file:/home/runner/work/ozone/ozone/hadoop-ozone/integration-test/target/test-dir/MiniOzoneClusterImpl-71add7ef-0b93-4dd0-b3e1-91a97b11c72d/datanode-0/data/ratis/d1b2a856-b23c-4622-9693-e6e162410c5d/sm/snapshot.1_15 took: 25 ms
2023-07-25 10:56:32,014 [d61495e8-faf1-4655-91e1-42a45bad4237@group-661FD194F38D-StateMachineUpdater] INFO  ratis.ContainerStateMachine (ContainerStateMachine.java:takeSnapshot(341)) - group-661FD194F38D: Finished taking a snapshot at:(t:1, i:22) file:/home/runner/work/ozone/ozone/hadoop-ozone/integration-test/target/test-dir/MiniOzoneClusterImpl-71add7ef-0b93-4dd0-b3e1-91a97b11c72d/datanode-0/data/ratis/02988bac-003c-4425-b79a-661fd194f38d/sm/snapshot.1_22 took: 6 ms
2023-07-25 10:56:32,014 [main] INFO  server.GrpcService (GrpcService.java:closeImpl(320)) - 558084a2-61c9-4ed7-bb35-b0adeee70698: shutdown server org.apache.ratis.grpc.server.GrpcAdminProtocolService successfully
2023-07-25 10:56:32,016 [558084a2-61c9-4ed7-bb35-b0adeee70698@group-9A4BD74B7787-StateMachineUpdater] INFO  impl.StateMachineUpdater (StateMachineUpdater.java:takeSnapshot(291)) - 558084a2-61c9-4ed7-bb35-b0adeee70698@group-9A4BD74B7787-StateMachineUpdater: Took a snapshot at index 0
2023-07-25 10:56:32,016 [558084a2-61c9-4ed7-bb35-b0adeee70698@group-9A4BD74B7787-StateMachineUpdater] INFO  impl.StateMachineUpdater (StateMachineUpdater.java:lambda$new$0(97)) - 558084a2-61c9-4ed7-bb35-b0adeee70698@group-9A4BD74B7787-StateMachineUpdater: snapshotIndex: updateIncreasingly -1 -> 0
2023-07-25 10:56:32,020 [a4e02de4-0a57-448c-8e91-91a041d5e72b@group-E3748F8D343D-StateMachineUpdater] INFO  impl.StateMachineUpdater (StateMachineUpdater.java:takeSnapshot(291)) - a4e02de4-0a57-448c-8e91-91a041d5e72b@group-E3748F8D343D-StateMachineUpdater: Took a snapshot at index 0
2023-07-25 10:56:32,020 [a4e02de4-0a57-448c-8e91-91a041d5e72b@group-E3748F8D343D-StateMachineUpdater] INFO  impl.StateMachineUpdater (StateMachineUpdater.java:lambda$new$0(97)) - a4e02de4-0a57-448c-8e91-91a041d5e72b@group-E3748F8D343D-StateMachineUpdater: snapshotIndex: updateIncreasingly -1 -> 0
2023-07-25 10:56:32,020 [d61495e8-faf1-4655-91e1-42a45bad4237@group-661FD194F38D-StateMachineUpdater] INFO  impl.StateMachineUpdater (StateMachineUpdater.java:takeSnapshot(291)) - d61495e8-faf1-4655-91e1-42a45bad4237@group-661FD194F38D-StateMachineUpdater: Took a snapshot at index 22
2023-07-25 10:56:32,021 [d61495e8-faf1-4655-91e1-42a45bad4237@group-661FD194F38D-StateMachineUpdater] INFO  impl.StateMachineUpdater (StateMachineUpdater.java:lambda$new$0(97)) - d61495e8-faf1-4655-91e1-42a45bad4237@group-661FD194F38D-StateMachineUpdater: snapshotIndex: updateIncreasingly -1 -> 22
2023-07-25 10:56:32,023 [558084a2-61c9-4ed7-bb35-b0adeee70698-NettyServerStreamRpc-bossGroup--thread1] INFO  logging.LoggingHandler (AbstractInternalLogger.java:log(148)) - [id: 0x35a74c75, L:/0:0:0:0:0:0:0:0:15033] CLOSE
2023-07-25 10:56:32,029 [558084a2-61c9-4ed7-bb35-b0adeee70698@group-E6E162410C5D-StateMachineUpdater] INFO  ratis.ContainerStateMachine (ContainerStateMachine.java:takeSnapshot(341)) - group-E6E162410C5D: Finished taking a snapshot at:(t:1, i:15) file:/home/runner/work/ozone/ozone/hadoop-ozone/integration-test/target/test-dir/MiniOzoneClusterImpl-71add7ef-0b93-4dd0-b3e1-91a97b11c72d/datanode-2/data/ratis/d1b2a856-b23c-4622-9693-e6e162410c5d/sm/snapshot.1_15 took: 92 ms
2023-07-25 10:56:32,029 [558084a2-61c9-4ed7-bb35-b0adeee70698@group-E6E162410C5D-StateMachineUpdater] INFO  impl.StateMachineUpdater (StateMachineUpdater.java:takeSnapshot(291)) - 558084a2-61c9-4ed7-bb35-b0adeee70698@group-E6E162410C5D-StateMachineUpdater: Took a snapshot at index 15
2023-07-25 10:56:32,030 [558084a2-61c9-4ed7-bb35-b0adeee70698@group-E6E162410C5D-StateMachineUpdater] INFO  impl.StateMachineUpdater (StateMachineUpdater.java:lambda$new$0(97)) - 558084a2-61c9-4ed7-bb35-b0adeee70698@group-E6E162410C5D-StateMachineUpdater: snapshotIndex: updateIncreasingly -1 -> 15
2023-07-25 10:56:32,030 [grpc-default-executor-8] INFO  server.GrpcServerProtocolService (GrpcServerProtocolService.java:onCompleted(155)) - a4e02de4-0a57-448c-8e91-91a041d5e72b: Completed APPEND_ENTRIES, lastRequest: d61495e8-faf1-4655-91e1-42a45bad4237->a4e02de4-0a57-448c-8e91-91a041d5e72b#69-t1,previous=(t:1, i:21),leaderCommit=21,initializing? true,entries: size=1, first=(t:1, i:22), METADATAENTRY(c:21)
2023-07-25 10:56:32,030 [grpc-default-executor-8] INFO  server.GrpcServerProtocolService (GrpcServerProtocolService.java:lambda$onCompleted$5(157)) - a4e02de4-0a57-448c-8e91-91a041d5e72b: Completed APPEND_ENTRIES, lastReply: null
2023-07-25 10:56:32,023 [ForkJoinPool.commonPool-worker-2] INFO  ozoneimpl.OzoneContainer (OzoneContainer.java:stop(453)) - Attempting to stop container services.
2023-07-25 10:56:32,023 [a4e02de4-0a57-448c-8e91-91a041d5e72b@group-E6E162410C5D-StateMachineUpdater] INFO  ratis.ContainerStateMachine (ContainerStateMachine.java:takeSnapshot(341)) - group-E6E162410C5D: Finished taking a snapshot at:(t:1, i:15) file:/home/runner/work/ozone/ozone/hadoop-ozone/integration-test/target/test-dir/MiniOzoneClusterImpl-71add7ef-0b93-4dd0-b3e1-91a97b11c72d/datanode-1/data/ratis/d1b2a856-b23c-4622-9693-e6e162410c5d/sm/snapshot.1_15 took: 46 ms
2023-07-25 10:56:32,023 [a4e02de4-0a57-448c-8e91-91a041d5e72b@group-661FD194F38D-StateMachineUpdater] INFO  ratis.ContainerStateMachine (ContainerStateMachine.java:takeSnapshot(341)) - group-661FD194F38D: Finished taking a snapshot at:(t:1, i:21) file:/home/runner/work/ozone/ozone/hadoop-ozone/integration-test/target/test-dir/MiniOzoneClusterImpl-71add7ef-0b93-4dd0-b3e1-91a97b11c72d/datanode-1/data/ratis/02988bac-003c-4425-b79a-661fd194f38d/sm/snapshot.1_21 took: 111 ms
2023-07-25 10:56:32,030 [a4e02de4-0a57-448c-8e91-91a041d5e72b@group-E6E162410C5D-StateMachineUpdater] INFO  impl.StateMachineUpdater (StateMachineUpdater.java:takeSnapshot(291)) - a4e02de4-0a57-448c-8e91-91a041d5e72b@group-E6E162410C5D-StateMachineUpdater: Took a snapshot at index 15
2023-07-25 10:56:32,030 [a4e02de4-0a57-448c-8e91-91a041d5e72b@group-E6E162410C5D-StateMachineUpdater] INFO  impl.StateMachineUpdater (StateMachineUpdater.java:lambda$new$0(97)) - a4e02de4-0a57-448c-8e91-91a041d5e72b@group-E6E162410C5D-StateMachineUpdater: snapshotIndex: updateIncreasingly -1 -> 15
2023-07-25 10:56:32,021 [grpc-default-executor-6] INFO  server.GrpcLogAppender (GrpcLogAppender.java:onCompleted(428)) - d61495e8-faf1-4655-91e1-42a45bad4237@group-661FD194F38D->a4e02de4-0a57-448c-8e91-91a041d5e72b-AppendLogResponseHandler: follower responses appendEntries COMPLETED
2023-07-25 10:56:32,031 [grpc-default-executor-6] WARN  server.GrpcLogAppender (GrpcLogAppender.java:resetClient(137)) - d61495e8-faf1-4655-91e1-42a45bad4237@group-661FD194F38D->a4e02de4-0a57-448c-8e91-91a041d5e72b-GrpcLogAppender: Failed to getClient for a4e02de4-0a57-448c-8e91-91a041d5e72b
org.apache.ratis.protocol.exceptions.AlreadyClosedException: d61495e8-faf1-4655-91e1-42a45bad4237 is already CLOSED
	at org.apache.ratis.util.PeerProxyMap$PeerAndProxy.getProxy(PeerProxyMap.java:61)
	at org.apache.ratis.util.PeerProxyMap.getProxy(PeerProxyMap.java:115)
	at org.apache.ratis.grpc.server.GrpcLogAppender.getClient(GrpcLogAppender.java:112)
	at org.apache.ratis.grpc.server.GrpcLogAppender.resetClient(GrpcLogAppender.java:117)
	at org.apache.ratis.grpc.server.GrpcLogAppender.access$500(GrpcLogAppender.java:56)
	at org.apache.ratis.grpc.server.GrpcLogAppender$AppendLogResponseHandler.onCompleted(GrpcLogAppender.java:429)
	at org.apache.ratis.thirdparty.io.grpc.stub.ClientCalls$StreamObserverToCallListenerAdapter.onClose(ClientCalls.java:485)
	at org.apache.ratis.thirdparty.io.grpc.internal.ClientCallImpl.closeObserver(ClientCallImpl.java:563)
	at org.apache.ratis.thirdparty.io.grpc.internal.ClientCallImpl.access$300(ClientCallImpl.java:70)
	at org.apache.ratis.thirdparty.io.grpc.internal.ClientCallImpl$ClientStreamListenerImpl$1StreamClosed.runInternal(ClientCallImpl.java:744)
	at org.apache.ratis.thirdparty.io.grpc.internal.ClientCallImpl$ClientStreamListenerImpl$1StreamClosed.runInContext(ClientCallImpl.java:723)
	at org.apache.ratis.thirdparty.io.grpc.internal.ContextRunnable.run(ContextRunnable.java:37)
	at org.apache.ratis.thirdparty.io.grpc.internal.SerializingExecutor.run(SerializingExecutor.java:133)
	at java.util.concurrent.ThreadPoolExecutor.runWorker(ThreadPoolExecutor.java:1149)
	at java.util.concurrent.ThreadPoolExecutor$Worker.run(ThreadPoolExecutor.java:624)
	at java.lang.Thread.run(Thread.java:750)
2023-07-25 10:56:32,021 [d61495e8-faf1-4655-91e1-42a45bad4237@group-E6E162410C5D-StateMachineUpdater] INFO  impl.StateMachineUpdater (StateMachineUpdater.java:takeSnapshot(291)) - d61495e8-faf1-4655-91e1-42a45bad4237@group-E6E162410C5D-StateMachineUpdater: Took a snapshot at index 15
2023-07-25 10:56:32,031 [grpc-default-executor-6] INFO  server.GrpcLogAppender (GrpcLogAppender.java:onCompleted(428)) - d61495e8-faf1-4655-91e1-42a45bad4237@group-661FD194F38D->a4e02de4-0a57-448c-8e91-91a041d5e72b-AppendLogResponseHandler: follower responses appendEntries COMPLETED
2023-07-25 10:56:32,031 [grpc-default-executor-6] WARN  server.GrpcLogAppender (GrpcLogAppender.java:resetClient(137)) - d61495e8-faf1-4655-91e1-42a45bad4237@group-661FD194F38D->a4e02de4-0a57-448c-8e91-91a041d5e72b-GrpcLogAppender: Failed to getClient for a4e02de4-0a57-448c-8e91-91a041d5e72b
org.apache.ratis.protocol.exceptions.AlreadyClosedException: d61495e8-faf1-4655-91e1-42a45bad4237 is already CLOSED
	at org.apache.ratis.util.PeerProxyMap$PeerAndProxy.getProxy(PeerProxyMap.java:61)
	at org.apache.ratis.util.PeerProxyMap.getProxy(PeerProxyMap.java:115)
	at org.apache.ratis.grpc.server.GrpcLogAppender.getClient(GrpcLogAppender.java:112)
	at org.apache.ratis.grpc.server.GrpcLogAppender.resetClient(GrpcLogAppender.java:117)
	at org.apache.ratis.grpc.server.GrpcLogAppender.access$500(GrpcLogAppender.java:56)
	at org.apache.ratis.grpc.server.GrpcLogAppender$AppendLogResponseHandler.onCompleted(GrpcLogAppender.java:429)
	at org.apache.ratis.thirdparty.io.grpc.stub.ClientCalls$StreamObserverToCallListenerAdapter.onClose(ClientCalls.java:485)
	at org.apache.ratis.thirdparty.io.grpc.internal.ClientCallImpl.closeObserver(ClientCallImpl.java:563)
	at org.apache.ratis.thirdparty.io.grpc.internal.ClientCallImpl.access$300(ClientCallImpl.java:70)
	at org.apache.ratis.thirdparty.io.grpc.internal.ClientCallImpl$ClientStreamListenerImpl$1StreamClosed.runInternal(ClientCallImpl.java:744)
	at org.apache.ratis.thirdparty.io.grpc.internal.ClientCallImpl$ClientStreamListenerImpl$1StreamClosed.runInContext(ClientCallImpl.java:723)
	at org.apache.ratis.thirdparty.io.grpc.internal.ContextRunnable.run(ContextRunnable.java:37)
	at org.apache.ratis.thirdparty.io.grpc.internal.SerializingExecutor.run(SerializingExecutor.java:133)
	at java.util.concurrent.ThreadPoolExecutor.runWorker(ThreadPoolExecutor.java:1149)
	at java.util.concurrent.ThreadPoolExecutor$Worker.run(ThreadPoolExecutor.java:624)
	at java.lang.Thread.run(Thread.java:750)
2023-07-25 10:56:32,021 [ForkJoinPool.commonPool-worker-0] INFO  server.GrpcService (GrpcService.java:closeImpl(320)) - a4e02de4-0a57-448c-8e91-91a041d5e72b: shutdown server org.apache.ratis.grpc.server.GrpcClientProtocolService successfully
2023-07-25 10:56:32,031 [d61495e8-faf1-4655-91e1-42a45bad4237@group-E6E162410C5D-StateMachineUpdater] INFO  impl.StateMachineUpdater (StateMachineUpdater.java:lambda$new$0(97)) - d61495e8-faf1-4655-91e1-42a45bad4237@group-E6E162410C5D-StateMachineUpdater: snapshotIndex: updateIncreasingly -1 -> 15
2023-07-25 10:56:32,030 [a4e02de4-0a57-448c-8e91-91a041d5e72b@group-661FD194F38D-StateMachineUpdater] INFO  impl.StateMachineUpdater (StateMachineUpdater.java:takeSnapshot(291)) - a4e02de4-0a57-448c-8e91-91a041d5e72b@group-661FD194F38D-StateMachineUpdater: Took a snapshot at index 21
2023-07-25 10:56:32,029 [558084a2-61c9-4ed7-bb35-b0adeee70698-NettyServerStreamRpc-bossGroup--thread1] INFO  logging.LoggingHandler (AbstractInternalLogger.java:log(148)) - [id: 0x35a74c75, L:/0:0:0:0:0:0:0:0:15033] INACTIVE
2023-07-25 10:56:32,032 [558084a2-61c9-4ed7-bb35-b0adeee70698-NettyServerStreamRpc-bossGroup--thread1] INFO  logging.LoggingHandler (AbstractInternalLogger.java:log(148)) - [id: 0x35a74c75, L:/0:0:0:0:0:0:0:0:15033] UNREGISTERED
2023-07-25 10:56:32,029 [d61495e8-faf1-4655-91e1-42a45bad4237@group-FD8EF7AD9A98-StateMachineUpdater] INFO  impl.StateMachineUpdater (StateMachineUpdater.java:takeSnapshot(291)) - d61495e8-faf1-4655-91e1-42a45bad4237@group-FD8EF7AD9A98-StateMachineUpdater: Took a snapshot at index 0
2023-07-25 10:56:32,032 [d61495e8-faf1-4655-91e1-42a45bad4237@group-FD8EF7AD9A98-StateMachineUpdater] INFO  impl.StateMachineUpdater (StateMachineUpdater.java:lambda$new$0(97)) - d61495e8-faf1-4655-91e1-42a45bad4237@group-FD8EF7AD9A98-StateMachineUpdater: snapshotIndex: updateIncreasingly -1 -> 0
2023-07-25 10:56:32,029 [558084a2-61c9-4ed7-bb35-b0adeee70698@group-661FD194F38D-StateMachineUpdater] INFO  ratis.ContainerStateMachine (ContainerStateMachine.java:takeSnapshot(341)) - group-661FD194F38D: Finished taking a snapshot at:(t:1, i:21) file:/home/runner/work/ozone/ozone/hadoop-ozone/integration-test/target/test-dir/MiniOzoneClusterImpl-71add7ef-0b93-4dd0-b3e1-91a97b11c72d/datanode-2/data/ratis/02988bac-003c-4425-b79a-661fd194f38d/sm/snapshot.1_21 took: 85 ms
2023-07-25 10:56:32,032 [a4e02de4-0a57-448c-8e91-91a041d5e72b@group-661FD194F38D-StateMachineUpdater] INFO  impl.StateMachineUpdater (StateMachineUpdater.java:lambda$new$0(97)) - a4e02de4-0a57-448c-8e91-91a041d5e72b@group-661FD194F38D-StateMachineUpdater: snapshotIndex: updateIncreasingly -1 -> 21
2023-07-25 10:56:32,032 [ForkJoinPool.commonPool-worker-0] INFO  server.GrpcService (GrpcService.java:closeImpl(311)) - a4e02de4-0a57-448c-8e91-91a041d5e72b: shutdown server GrpcServerProtocolService now
2023-07-25 10:56:32,033 [558084a2-61c9-4ed7-bb35-b0adeee70698@group-661FD194F38D-StateMachineUpdater] INFO  impl.StateMachineUpdater (StateMachineUpdater.java:takeSnapshot(291)) - 558084a2-61c9-4ed7-bb35-b0adeee70698@group-661FD194F38D-StateMachineUpdater: Took a snapshot at index 21
2023-07-25 10:56:32,033 [558084a2-61c9-4ed7-bb35-b0adeee70698@group-661FD194F38D-StateMachineUpdater] INFO  impl.StateMachineUpdater (StateMachineUpdater.java:lambda$new$0(97)) - 558084a2-61c9-4ed7-bb35-b0adeee70698@group-661FD194F38D-StateMachineUpdater: snapshotIndex: updateIncreasingly -1 -> 21
2023-07-25 10:56:32,035 [558084a2-61c9-4ed7-bb35-b0adeee70698-impl-thread4] INFO  server.RaftServer$Division (ServerState.java:close(472)) - 558084a2-61c9-4ed7-bb35-b0adeee70698@group-9A4BD74B7787: closes. applyIndex: 0
2023-07-25 10:56:32,035 [d61495e8-faf1-4655-91e1-42a45bad4237-impl-thread4] INFO  server.RaftServer$Division (ServerState.java:close(472)) - d61495e8-faf1-4655-91e1-42a45bad4237@group-FD8EF7AD9A98: closes. applyIndex: 0
2023-07-25 10:56:32,035 [a4e02de4-0a57-448c-8e91-91a041d5e72b-impl-thread4] INFO  server.RaftServer$Division (ServerState.java:close(472)) - a4e02de4-0a57-448c-8e91-91a041d5e72b@group-E3748F8D343D: closes. applyIndex: 0
2023-07-25 10:56:32,040 [558084a2-61c9-4ed7-bb35-b0adeee70698-impl-thread3] INFO  server.RaftServer$Division (ServerState.java:close(472)) - 558084a2-61c9-4ed7-bb35-b0adeee70698@group-E6E162410C5D: closes. applyIndex: 15
2023-07-25 10:56:32,041 [d61495e8-faf1-4655-91e1-42a45bad4237-impl-thread3] INFO  server.RaftServer$Division (ServerState.java:close(472)) - d61495e8-faf1-4655-91e1-42a45bad4237@group-E6E162410C5D: closes. applyIndex: 15
2023-07-25 10:56:32,042 [a4e02de4-0a57-448c-8e91-91a041d5e72b-impl-thread3] INFO  server.RaftServer$Division (ServerState.java:close(472)) - a4e02de4-0a57-448c-8e91-91a041d5e72b@group-E6E162410C5D: closes. applyIndex: 15
2023-07-25 10:56:32,042 [a4e02de4-0a57-448c-8e91-91a041d5e72b-impl-thread2] INFO  server.RaftServer$Division (ServerState.java:close(472)) - a4e02de4-0a57-448c-8e91-91a041d5e72b@group-661FD194F38D: closes. applyIndex: 21
2023-07-25 10:56:32,043 [558084a2-61c9-4ed7-bb35-b0adeee70698-impl-thread2] INFO  server.RaftServer$Division (ServerState.java:close(472)) - 558084a2-61c9-4ed7-bb35-b0adeee70698@group-661FD194F38D: closes. applyIndex: 21
2023-07-25 10:56:32,043 [d61495e8-faf1-4655-91e1-42a45bad4237-impl-thread2] INFO  server.RaftServer$Division (ServerState.java:close(472)) - d61495e8-faf1-4655-91e1-42a45bad4237@group-661FD194F38D: closes. applyIndex: 22
2023-07-25 10:56:32,067 [ForkJoinPool.commonPool-worker-1] INFO  server.GrpcService (GrpcService.java:closeImpl(320)) - d61495e8-faf1-4655-91e1-42a45bad4237: shutdown server org.apache.ratis.grpc.server.GrpcClientProtocolService successfully
2023-07-25 10:56:32,068 [ForkJoinPool.commonPool-worker-1] INFO  server.GrpcService (GrpcService.java:closeImpl(311)) - d61495e8-faf1-4655-91e1-42a45bad4237: shutdown server GrpcServerProtocolService now
2023-07-25 10:56:32,073 [ForkJoinPool.commonPool-worker-0] INFO  server.GrpcService (GrpcService.java:closeImpl(320)) - a4e02de4-0a57-448c-8e91-91a041d5e72b: shutdown server GrpcServerProtocolService successfully
2023-07-25 10:56:32,073 [ForkJoinPool.commonPool-worker-0] INFO  server.GrpcService (GrpcService.java:closeImpl(311)) - a4e02de4-0a57-448c-8e91-91a041d5e72b: shutdown server org.apache.ratis.grpc.server.GrpcAdminProtocolService now
2023-07-25 10:56:32,074 [ForkJoinPool.commonPool-worker-2] INFO  server.RaftServer (RaftServerProxy.java:lambda$close$6(416)) - 87a8a85d-028f-41d9-845c-5fb83f876637: close
2023-07-25 10:56:32,075 [ForkJoinPool.commonPool-worker-2] INFO  server.GrpcService (GrpcService.java:closeImpl(311)) - 87a8a85d-028f-41d9-845c-5fb83f876637: shutdown server org.apache.ratis.grpc.server.GrpcClientProtocolService now
2023-07-25 10:56:32,076 [87a8a85d-028f-41d9-845c-5fb83f876637-impl-thread2] INFO  server.RaftServer$Division (RaftServerImpl.java:lambda$close$4(466)) - 87a8a85d-028f-41d9-845c-5fb83f876637@group-0F6D2F82D3CA: shutdown
2023-07-25 10:56:32,076 [87a8a85d-028f-41d9-845c-5fb83f876637-impl-thread2] INFO  util.JmxRegister (JmxRegister.java:unregister(73)) - Successfully un-registered JMX Bean with object name Ratis:service=RaftServer,group=group-0F6D2F82D3CA,id=87a8a85d-028f-41d9-845c-5fb83f876637
2023-07-25 10:56:32,076 [87a8a85d-028f-41d9-845c-5fb83f876637-impl-thread2] INFO  impl.RoleInfo (RoleInfo.java:shutdownLeaderState(93)) - 87a8a85d-028f-41d9-845c-5fb83f876637: shutdown 87a8a85d-028f-41d9-845c-5fb83f876637@group-0F6D2F82D3CA-LeaderStateImpl
2023-07-25 10:56:32,076 [87a8a85d-028f-41d9-845c-5fb83f876637-impl-thread2] INFO  impl.PendingRequests (PendingRequests.java:sendNotLeaderResponses(289)) - 87a8a85d-028f-41d9-845c-5fb83f876637@group-0F6D2F82D3CA-PendingRequests: sendNotLeaderResponses
2023-07-25 10:56:32,085 [ForkJoinPool.commonPool-worker-1] INFO  server.GrpcService (GrpcService.java:closeImpl(320)) - d61495e8-faf1-4655-91e1-42a45bad4237: shutdown server GrpcServerProtocolService successfully
2023-07-25 10:56:32,085 [ForkJoinPool.commonPool-worker-1] INFO  server.GrpcService (GrpcService.java:closeImpl(311)) - d61495e8-faf1-4655-91e1-42a45bad4237: shutdown server org.apache.ratis.grpc.server.GrpcAdminProtocolService now
2023-07-25 10:56:32,088 [87a8a85d-028f-41d9-845c-5fb83f876637-impl-thread2] INFO  impl.StateMachineUpdater (StateMachineUpdater.java:stopAndJoin(155)) - 87a8a85d-028f-41d9-845c-5fb83f876637@group-0F6D2F82D3CA-StateMachineUpdater: set stopIndex = 0
2023-07-25 10:56:32,088 [ForkJoinPool.commonPool-worker-0] INFO  server.GrpcService (GrpcService.java:closeImpl(320)) - a4e02de4-0a57-448c-8e91-91a041d5e72b: shutdown server org.apache.ratis.grpc.server.GrpcAdminProtocolService successfully
2023-07-25 10:56:32,089 [87a8a85d-028f-41d9-845c-5fb83f876637@group-0F6D2F82D3CA-StateMachineUpdater] INFO  ratis.ContainerStateMachine (ContainerStateMachine.java:takeSnapshot(330)) - group-0F6D2F82D3CA: Taking a snapshot at:(t:1, i:0) file /home/runner/work/ozone/ozone/hadoop-ozone/integration-test/target/test-dir/MiniOzoneClusterImpl-71add7ef-0b93-4dd0-b3e1-91a97b11c72d/datanode-4/data/ratis/5aa47c2c-eddc-4cf3-914f-0f6d2f82d3ca/sm/snapshot.1_0
2023-07-25 10:56:32,089 [ForkJoinPool.commonPool-worker-2] INFO  server.GrpcService (GrpcService.java:closeImpl(320)) - 87a8a85d-028f-41d9-845c-5fb83f876637: shutdown server org.apache.ratis.grpc.server.GrpcClientProtocolService successfully
2023-07-25 10:56:32,090 [ForkJoinPool.commonPool-worker-2] INFO  server.GrpcService (GrpcService.java:closeImpl(311)) - 87a8a85d-028f-41d9-845c-5fb83f876637: shutdown server GrpcServerProtocolService now
2023-07-25 10:56:32,090 [87a8a85d-028f-41d9-845c-5fb83f876637@group-0F6D2F82D3CA-StateMachineUpdater] INFO  ratis.ContainerStateMachine (ContainerStateMachine.java:takeSnapshot(341)) - group-0F6D2F82D3CA: Finished taking a snapshot at:(t:1, i:0) file:/home/runner/work/ozone/ozone/hadoop-ozone/integration-test/target/test-dir/MiniOzoneClusterImpl-71add7ef-0b93-4dd0-b3e1-91a97b11c72d/datanode-4/data/ratis/5aa47c2c-eddc-4cf3-914f-0f6d2f82d3ca/sm/snapshot.1_0 took: 2 ms
2023-07-25 10:56:32,092 [ForkJoinPool.commonPool-worker-1] INFO  server.GrpcService (GrpcService.java:closeImpl(320)) - d61495e8-faf1-4655-91e1-42a45bad4237: shutdown server org.apache.ratis.grpc.server.GrpcAdminProtocolService successfully
2023-07-25 10:56:32,093 [d61495e8-faf1-4655-91e1-42a45bad4237-NettyServerStreamRpc-bossGroup--thread1] INFO  logging.LoggingHandler (AbstractInternalLogger.java:log(148)) - [id: 0x064b017a, L:/0:0:0:0:0:0:0:0:15015] CLOSE
2023-07-25 10:56:32,093 [d61495e8-faf1-4655-91e1-42a45bad4237-NettyServerStreamRpc-bossGroup--thread1] INFO  logging.LoggingHandler (AbstractInternalLogger.java:log(148)) - [id: 0x064b017a, L:/0:0:0:0:0:0:0:0:15015] INACTIVE
2023-07-25 10:56:32,093 [d61495e8-faf1-4655-91e1-42a45bad4237-NettyServerStreamRpc-bossGroup--thread1] INFO  logging.LoggingHandler (AbstractInternalLogger.java:log(148)) - [id: 0x064b017a, L:/0:0:0:0:0:0:0:0:15015] UNREGISTERED
2023-07-25 10:56:32,094 [a4e02de4-0a57-448c-8e91-91a041d5e72b-NettyServerStreamRpc-bossGroup--thread1] INFO  logging.LoggingHandler (AbstractInternalLogger.java:log(148)) - [id: 0x9cea422e, L:/0:0:0:0:0:0:0:0:15024] CLOSE
2023-07-25 10:56:32,094 [a4e02de4-0a57-448c-8e91-91a041d5e72b-NettyServerStreamRpc-bossGroup--thread1] INFO  logging.LoggingHandler (AbstractInternalLogger.java:log(148)) - [id: 0x9cea422e, L:/0:0:0:0:0:0:0:0:15024] INACTIVE
2023-07-25 10:56:32,094 [a4e02de4-0a57-448c-8e91-91a041d5e72b-NettyServerStreamRpc-bossGroup--thread1] INFO  logging.LoggingHandler (AbstractInternalLogger.java:log(148)) - [id: 0x9cea422e, L:/0:0:0:0:0:0:0:0:15024] UNREGISTERED
2023-07-25 10:56:32,096 [87a8a85d-028f-41d9-845c-5fb83f876637@group-0F6D2F82D3CA-StateMachineUpdater] INFO  impl.StateMachineUpdater (StateMachineUpdater.java:takeSnapshot(291)) - 87a8a85d-028f-41d9-845c-5fb83f876637@group-0F6D2F82D3CA-StateMachineUpdater: Took a snapshot at index 0
2023-07-25 10:56:32,096 [87a8a85d-028f-41d9-845c-5fb83f876637@group-0F6D2F82D3CA-StateMachineUpdater] INFO  impl.StateMachineUpdater (StateMachineUpdater.java:lambda$new$0(97)) - 87a8a85d-028f-41d9-845c-5fb83f876637@group-0F6D2F82D3CA-StateMachineUpdater: snapshotIndex: updateIncreasingly -1 -> 0
2023-07-25 10:56:32,097 [87a8a85d-028f-41d9-845c-5fb83f876637-impl-thread2] INFO  server.RaftServer$Division (ServerState.java:close(472)) - 87a8a85d-028f-41d9-845c-5fb83f876637@group-0F6D2F82D3CA: closes. applyIndex: 0
2023-07-25 10:56:32,103 [ForkJoinPool.commonPool-worker-2] INFO  server.GrpcService (GrpcService.java:closeImpl(320)) - 87a8a85d-028f-41d9-845c-5fb83f876637: shutdown server GrpcServerProtocolService successfully
2023-07-25 10:56:32,103 [ForkJoinPool.commonPool-worker-2] INFO  server.GrpcService (GrpcService.java:closeImpl(311)) - 87a8a85d-028f-41d9-845c-5fb83f876637: shutdown server org.apache.ratis.grpc.server.GrpcAdminProtocolService now
2023-07-25 10:56:32,106 [ForkJoinPool.commonPool-worker-2] INFO  server.GrpcService (GrpcService.java:closeImpl(320)) - 87a8a85d-028f-41d9-845c-5fb83f876637: shutdown server org.apache.ratis.grpc.server.GrpcAdminProtocolService successfully
2023-07-25 10:56:32,107 [87a8a85d-028f-41d9-845c-5fb83f876637-NettyServerStreamRpc-bossGroup--thread1] INFO  logging.LoggingHandler (AbstractInternalLogger.java:log(148)) - [id: 0x8dc7339c, L:/0:0:0:0:0:0:0:0:15051] CLOSE
2023-07-25 10:56:32,107 [87a8a85d-028f-41d9-845c-5fb83f876637-NettyServerStreamRpc-bossGroup--thread1] INFO  logging.LoggingHandler (AbstractInternalLogger.java:log(148)) - [id: 0x8dc7339c, L:/0:0:0:0:0:0:0:0:15051] INACTIVE
2023-07-25 10:56:32,107 [87a8a85d-028f-41d9-845c-5fb83f876637-NettyServerStreamRpc-bossGroup--thread1] INFO  logging.LoggingHandler (AbstractInternalLogger.java:log(148)) - [id: 0x8dc7339c, L:/0:0:0:0:0:0:0:0:15051] UNREGISTERED
2023-07-25 10:56:32,131 [ForkJoinPool.commonPool-worker-3] INFO  ozoneimpl.OzoneContainer (OzoneContainer.java:stop(453)) - Attempting to stop container services.
2023-07-25 10:56:32,138 [ForkJoinPool.commonPool-worker-3] INFO  server.RaftServer (RaftServerProxy.java:lambda$close$6(416)) - f263b8be-c5cb-46a8-8a56-20deb1bbcbcc: close
2023-07-25 10:56:32,139 [ForkJoinPool.commonPool-worker-3] INFO  server.GrpcService (GrpcService.java:closeImpl(311)) - f263b8be-c5cb-46a8-8a56-20deb1bbcbcc: shutdown server org.apache.ratis.grpc.server.GrpcClientProtocolService now
2023-07-25 10:56:32,141 [f263b8be-c5cb-46a8-8a56-20deb1bbcbcc-impl-thread2] INFO  server.RaftServer$Division (RaftServerImpl.java:lambda$close$4(466)) - f263b8be-c5cb-46a8-8a56-20deb1bbcbcc@group-AA91E0AC9A44: shutdown
2023-07-25 10:56:32,141 [f263b8be-c5cb-46a8-8a56-20deb1bbcbcc-impl-thread2] INFO  util.JmxRegister (JmxRegister.java:unregister(73)) - Successfully un-registered JMX Bean with object name Ratis:service=RaftServer,group=group-AA91E0AC9A44,id=f263b8be-c5cb-46a8-8a56-20deb1bbcbcc
2023-07-25 10:56:32,141 [f263b8be-c5cb-46a8-8a56-20deb1bbcbcc-impl-thread2] INFO  impl.RoleInfo (RoleInfo.java:shutdownLeaderState(93)) - f263b8be-c5cb-46a8-8a56-20deb1bbcbcc: shutdown f263b8be-c5cb-46a8-8a56-20deb1bbcbcc@group-AA91E0AC9A44-LeaderStateImpl
2023-07-25 10:56:32,141 [f263b8be-c5cb-46a8-8a56-20deb1bbcbcc-impl-thread2] INFO  impl.PendingRequests (PendingRequests.java:sendNotLeaderResponses(289)) - f263b8be-c5cb-46a8-8a56-20deb1bbcbcc@group-AA91E0AC9A44-PendingRequests: sendNotLeaderResponses
2023-07-25 10:56:32,142 [f263b8be-c5cb-46a8-8a56-20deb1bbcbcc-impl-thread2] INFO  impl.StateMachineUpdater (StateMachineUpdater.java:stopAndJoin(155)) - f263b8be-c5cb-46a8-8a56-20deb1bbcbcc@group-AA91E0AC9A44-StateMachineUpdater: set stopIndex = 0
2023-07-25 10:56:32,142 [f263b8be-c5cb-46a8-8a56-20deb1bbcbcc@group-AA91E0AC9A44-StateMachineUpdater] INFO  ratis.ContainerStateMachine (ContainerStateMachine.java:takeSnapshot(330)) - group-AA91E0AC9A44: Taking a snapshot at:(t:1, i:0) file /home/runner/work/ozone/ozone/hadoop-ozone/integration-test/target/test-dir/MiniOzoneClusterImpl-71add7ef-0b93-4dd0-b3e1-91a97b11c72d/datanode-3/data/ratis/c9c93c22-7a98-4c25-9ee3-aa91e0ac9a44/sm/snapshot.1_0
2023-07-25 10:56:32,145 [f263b8be-c5cb-46a8-8a56-20deb1bbcbcc@group-AA91E0AC9A44-StateMachineUpdater] INFO  ratis.ContainerStateMachine (ContainerStateMachine.java:takeSnapshot(341)) - group-AA91E0AC9A44: Finished taking a snapshot at:(t:1, i:0) file:/home/runner/work/ozone/ozone/hadoop-ozone/integration-test/target/test-dir/MiniOzoneClusterImpl-71add7ef-0b93-4dd0-b3e1-91a97b11c72d/datanode-3/data/ratis/c9c93c22-7a98-4c25-9ee3-aa91e0ac9a44/sm/snapshot.1_0 took: 3 ms
2023-07-25 10:56:32,145 [f263b8be-c5cb-46a8-8a56-20deb1bbcbcc@group-AA91E0AC9A44-StateMachineUpdater] INFO  impl.StateMachineUpdater (StateMachineUpdater.java:takeSnapshot(291)) - f263b8be-c5cb-46a8-8a56-20deb1bbcbcc@group-AA91E0AC9A44-StateMachineUpdater: Took a snapshot at index 0
2023-07-25 10:56:32,145 [f263b8be-c5cb-46a8-8a56-20deb1bbcbcc@group-AA91E0AC9A44-StateMachineUpdater] INFO  impl.StateMachineUpdater (StateMachineUpdater.java:lambda$new$0(97)) - f263b8be-c5cb-46a8-8a56-20deb1bbcbcc@group-AA91E0AC9A44-StateMachineUpdater: snapshotIndex: updateIncreasingly -1 -> 0
2023-07-25 10:56:32,145 [f263b8be-c5cb-46a8-8a56-20deb1bbcbcc-impl-thread2] INFO  server.RaftServer$Division (ServerState.java:close(472)) - f263b8be-c5cb-46a8-8a56-20deb1bbcbcc@group-AA91E0AC9A44: closes. applyIndex: 0
2023-07-25 10:56:32,147 [ForkJoinPool.commonPool-worker-3] INFO  server.GrpcService (GrpcService.java:closeImpl(320)) - f263b8be-c5cb-46a8-8a56-20deb1bbcbcc: shutdown server org.apache.ratis.grpc.server.GrpcClientProtocolService successfully
2023-07-25 10:56:32,147 [ForkJoinPool.commonPool-worker-3] INFO  server.GrpcService (GrpcService.java:closeImpl(311)) - f263b8be-c5cb-46a8-8a56-20deb1bbcbcc: shutdown server GrpcServerProtocolService now
2023-07-25 10:56:32,152 [ForkJoinPool.commonPool-worker-3] INFO  server.GrpcService (GrpcService.java:closeImpl(320)) - f263b8be-c5cb-46a8-8a56-20deb1bbcbcc: shutdown server GrpcServerProtocolService successfully
2023-07-25 10:56:32,152 [ForkJoinPool.commonPool-worker-3] INFO  server.GrpcService (GrpcService.java:closeImpl(311)) - f263b8be-c5cb-46a8-8a56-20deb1bbcbcc: shutdown server org.apache.ratis.grpc.server.GrpcAdminProtocolService now
2023-07-25 10:56:32,155 [ForkJoinPool.commonPool-worker-3] INFO  server.GrpcService (GrpcService.java:closeImpl(320)) - f263b8be-c5cb-46a8-8a56-20deb1bbcbcc: shutdown server org.apache.ratis.grpc.server.GrpcAdminProtocolService successfully
2023-07-25 10:56:32,155 [f263b8be-c5cb-46a8-8a56-20deb1bbcbcc-NettyServerStreamRpc-bossGroup--thread1] INFO  logging.LoggingHandler (AbstractInternalLogger.java:log(148)) - [id: 0xbb928f1e, L:/0:0:0:0:0:0:0:0:15042] CLOSE
2023-07-25 10:56:32,156 [f263b8be-c5cb-46a8-8a56-20deb1bbcbcc-NettyServerStreamRpc-bossGroup--thread1] INFO  logging.LoggingHandler (AbstractInternalLogger.java:log(148)) - [id: 0xbb928f1e, L:/0:0:0:0:0:0:0:0:15042] INACTIVE
2023-07-25 10:56:32,156 [f263b8be-c5cb-46a8-8a56-20deb1bbcbcc-NettyServerStreamRpc-bossGroup--thread1] INFO  logging.LoggingHandler (AbstractInternalLogger.java:log(148)) - [id: 0xbb928f1e, L:/0:0:0:0:0:0:0:0:15042] UNREGISTERED
2023-07-25 10:56:32,318 [a4e02de4-0a57-448c-8e91-91a041d5e72b-impl-thread4] INFO  segmented.SegmentedRaftLogWorker (SegmentedRaftLogWorker.java:close(252)) - a4e02de4-0a57-448c-8e91-91a041d5e72b@group-E3748F8D343D-SegmentedRaftLogWorker close()
2023-07-25 10:56:32,322 [f263b8be-c5cb-46a8-8a56-20deb1bbcbcc-impl-thread2] INFO  segmented.SegmentedRaftLogWorker (SegmentedRaftLogWorker.java:close(252)) - f263b8be-c5cb-46a8-8a56-20deb1bbcbcc@group-AA91E0AC9A44-SegmentedRaftLogWorker close()
2023-07-25 10:56:32,325 [JvmPauseMonitor5] INFO  util.JvmPauseMonitor (JvmPauseMonitor.java:run(109)) - JvmPauseMonitor-f263b8be-c5cb-46a8-8a56-20deb1bbcbcc: Stopped
2023-07-25 10:56:32,569 [d61495e8-faf1-4655-91e1-42a45bad4237-impl-thread4] INFO  segmented.SegmentedRaftLogWorker (SegmentedRaftLogWorker.java:close(252)) - d61495e8-faf1-4655-91e1-42a45bad4237@group-FD8EF7AD9A98-SegmentedRaftLogWorker close()
2023-07-25 10:56:32,589 [87a8a85d-028f-41d9-845c-5fb83f876637-impl-thread2] INFO  segmented.SegmentedRaftLogWorker (SegmentedRaftLogWorker.java:close(252)) - 87a8a85d-028f-41d9-845c-5fb83f876637@group-0F6D2F82D3CA-SegmentedRaftLogWorker close()
2023-07-25 10:56:32,590 [JvmPauseMonitor6] INFO  util.JvmPauseMonitor (JvmPauseMonitor.java:run(109)) - JvmPauseMonitor-87a8a85d-028f-41d9-845c-5fb83f876637: Stopped
2023-07-25 10:56:32,637 [a4e02de4-0a57-448c-8e91-91a041d5e72b-impl-thread3] INFO  segmented.SegmentedRaftLogWorker (SegmentedRaftLogWorker.java:close(252)) - a4e02de4-0a57-448c-8e91-91a041d5e72b@group-E6E162410C5D-SegmentedRaftLogWorker close()
2023-07-25 10:56:32,645 [558084a2-61c9-4ed7-bb35-b0adeee70698-impl-thread3] INFO  segmented.SegmentedRaftLogWorker (SegmentedRaftLogWorker.java:close(252)) - 558084a2-61c9-4ed7-bb35-b0adeee70698@group-E6E162410C5D-SegmentedRaftLogWorker close()
2023-07-25 10:56:32,645 [d61495e8-faf1-4655-91e1-42a45bad4237-impl-thread3] INFO  segmented.SegmentedRaftLogWorker (SegmentedRaftLogWorker.java:close(252)) - d61495e8-faf1-4655-91e1-42a45bad4237@group-E6E162410C5D-SegmentedRaftLogWorker close()
2023-07-25 10:56:32,793 [558084a2-61c9-4ed7-bb35-b0adeee70698-impl-thread4] INFO  segmented.SegmentedRaftLogWorker (SegmentedRaftLogWorker.java:close(252)) - 558084a2-61c9-4ed7-bb35-b0adeee70698@group-9A4BD74B7787-SegmentedRaftLogWorker close()
2023-07-25 10:56:32,798 [d61495e8-faf1-4655-91e1-42a45bad4237-impl-thread2] INFO  segmented.SegmentedRaftLogWorker (SegmentedRaftLogWorker.java:close(252)) - d61495e8-faf1-4655-91e1-42a45bad4237@group-661FD194F38D-SegmentedRaftLogWorker close()
2023-07-25 10:56:32,799 [JvmPauseMonitor2] INFO  util.JvmPauseMonitor (JvmPauseMonitor.java:run(109)) - JvmPauseMonitor-d61495e8-faf1-4655-91e1-42a45bad4237: Stopped
2023-07-25 10:56:32,809 [558084a2-61c9-4ed7-bb35-b0adeee70698-impl-thread2] INFO  segmented.SegmentedRaftLogWorker (SegmentedRaftLogWorker.java:close(252)) - 558084a2-61c9-4ed7-bb35-b0adeee70698@group-661FD194F38D-SegmentedRaftLogWorker close()
2023-07-25 10:56:32,811 [a4e02de4-0a57-448c-8e91-91a041d5e72b-impl-thread2] INFO  segmented.SegmentedRaftLogWorker (SegmentedRaftLogWorker.java:close(252)) - a4e02de4-0a57-448c-8e91-91a041d5e72b@group-661FD194F38D-SegmentedRaftLogWorker close()
2023-07-25 10:56:32,812 [JvmPauseMonitor4] INFO  util.JvmPauseMonitor (JvmPauseMonitor.java:run(109)) - JvmPauseMonitor-558084a2-61c9-4ed7-bb35-b0adeee70698: Stopped
2023-07-25 10:56:32,813 [JvmPauseMonitor3] INFO  util.JvmPauseMonitor (JvmPauseMonitor.java:run(109)) - JvmPauseMonitor-a4e02de4-0a57-448c-8e91-91a041d5e72b: Stopped
2023-07-25 10:56:34,364 [ForkJoinPool.commonPool-worker-3] INFO  utils.DatanodeStoreCache (DatanodeStoreCache.java:shutdownCache(110)) - Skip clearing cache in mini cluster mode. Entries left: [/home/runner/work/ozone/ozone/hadoop-ozone/integration-test/target/test-dir/MiniOzoneClusterImpl-71add7ef-0b93-4dd0-b3e1-91a97b11c72d/datanode-0/data-0/containers/hdds/71add7ef-0b93-4dd0-b3e1-91a97b11c72d/DS-d6e69edc-0dc9-4eab-b83e-f552228fdf47/container.db, /home/runner/work/ozone/ozone/hadoop-ozone/integration-test/target/test-dir/MiniOzoneClusterImpl-71add7ef-0b93-4dd0-b3e1-91a97b11c72d/datanode-1/data-0/containers/hdds/71add7ef-0b93-4dd0-b3e1-91a97b11c72d/DS-cd80ee1d-c5d8-4d58-aa6b-d9a121e4e026/container.db, /home/runner/work/ozone/ozone/hadoop-ozone/integration-test/target/test-dir/MiniOzoneClusterImpl-71add7ef-0b93-4dd0-b3e1-91a97b11c72d/datanode-2/data-0/containers/hdds/71add7ef-0b93-4dd0-b3e1-91a97b11c72d/DS-614263bf-00d5-4de0-a14d-43b40a065e5c/container.db, /home/runner/work/ozone/ozone/hadoop-ozone/integration-test/target/test-dir/MiniOzoneClusterImpl-71add7ef-0b93-4dd0-b3e1-91a97b11c72d/datanode-3/data-0/containers/hdds/71add7ef-0b93-4dd0-b3e1-91a97b11c72d/DS-8b9f6557-586f-4b50-a1e7-2707c261bbe2/container.db, /home/runner/work/ozone/ozone/hadoop-ozone/integration-test/target/test-dir/MiniOzoneClusterImpl-71add7ef-0b93-4dd0-b3e1-91a97b11c72d/datanode-4/data-0/containers/hdds/71add7ef-0b93-4dd0-b3e1-91a97b11c72d/DS-3f652aa6-3eeb-484d-97be-e1d0481bdc66/container.db]
2023-07-25 10:56:34,370 [ForkJoinPool.commonPool-worker-3] INFO  utils.DatanodeStoreCache (DatanodeStoreCache.java:removeDB(104)) - Removed db /home/runner/work/ozone/ozone/hadoop-ozone/integration-test/target/test-dir/MiniOzoneClusterImpl-71add7ef-0b93-4dd0-b3e1-91a97b11c72d/datanode-3/data-0/containers/hdds/71add7ef-0b93-4dd0-b3e1-91a97b11c72d/DS-8b9f6557-586f-4b50-a1e7-2707c261bbe2/container.db from cache
2023-07-25 10:56:34,370 [ForkJoinPool.commonPool-worker-3] INFO  volume.HddsVolume (HddsVolume.java:closeDbStore(453)) - SchemaV3 db is stopped at /home/runner/work/ozone/ozone/hadoop-ozone/integration-test/target/test-dir/MiniOzoneClusterImpl-71add7ef-0b93-4dd0-b3e1-91a97b11c72d/datanode-3/data-0/containers/hdds/71add7ef-0b93-4dd0-b3e1-91a97b11c72d/DS-8b9f6557-586f-4b50-a1e7-2707c261bbe2/container.db for volume DS-8b9f6557-586f-4b50-a1e7-2707c261bbe2
2023-07-25 10:56:34,371 [ForkJoinPool.commonPool-worker-3] INFO  utils.BackgroundService (BackgroundService.java:shutdown(141)) - Shutting down service BlockDeletingService
2023-07-25 10:56:34,372 [ForkJoinPool.commonPool-worker-3] INFO  utils.BackgroundService (BackgroundService.java:shutdown(141)) - Shutting down service StaleRecoveringContainerScrubbingService
2023-07-25 10:56:34,376 [ForkJoinPool.commonPool-worker-3] INFO  statemachine.DatanodeStateMachine (DatanodeStateMachine.java:stopDaemon(613)) - Ozone container server stopped.
2023-07-25 10:56:34,397 [ForkJoinPool.commonPool-worker-3] INFO  handler.ContextHandler (ContextHandler.java:doStop(1159)) - Stopped o.e.j.w.WebAppContext@26db2470{hddsDatanode,/,null,STOPPED}{jar:file:/home/runner/.m2/repository/org/apache/ozone/hdds-container-service/1.4.0-SNAPSHOT/hdds-container-service-1.4.0-SNAPSHOT.jar!/webapps/hddsDatanode}
2023-07-25 10:56:34,398 [ForkJoinPool.commonPool-worker-3] INFO  server.AbstractConnector (AbstractConnector.java:doStop(383)) - Stopped ServerConnector@53addeb9{HTTP/1.1, (http/1.1)}{0.0.0.0:15036}
2023-07-25 10:56:34,399 [ForkJoinPool.commonPool-worker-3] INFO  server.session (HouseKeeper.java:stopScavenging(149)) - node0 Stopped scavenging
2023-07-25 10:56:34,400 [ForkJoinPool.commonPool-worker-3] INFO  handler.ContextHandler (ContextHandler.java:doStop(1159)) - Stopped o.e.j.s.ServletContextHandler@47d0ef4c{static,/static,jar:file:/home/runner/.m2/repository/org/apache/ozone/hdds-container-service/1.4.0-SNAPSHOT/hdds-container-service-1.4.0-SNAPSHOT.jar!/webapps/static,STOPPED}
2023-07-25 10:56:34,401 [ForkJoinPool.commonPool-worker-3] INFO  handler.ContextHandler (ContextHandler.java:doStop(1159)) - Stopped o.e.j.s.ServletContextHandler@507ad113{logs,/logs,file:///home/runner/work/ozone/ozone/hadoop-ozone/integration-test/target/log,STOPPED}
2023-07-25 10:56:34,403 [ForkJoinPool.commonPool-worker-3] INFO  ozone.HddsDatanodeClientProtocolServer (HddsDatanodeClientProtocolServer.java:stop(78)) - Stopping the RPC server for Client Protocol
2023-07-25 10:56:34,404 [ForkJoinPool.commonPool-worker-3] INFO  ipc.Server (Server.java:stop(3523)) - Stopping server on 15037
2023-07-25 10:56:34,404 [IPC Server listener on 15037] INFO  ipc.Server (Server.java:run(1434)) - Stopping IPC Server listener on 15037
2023-07-25 10:56:34,405 [IPC Server Responder] INFO  ipc.Server (Server.java:run(1567)) - Stopping IPC Server Responder
2023-07-25 10:56:34,600 [ForkJoinPool.commonPool-worker-2] INFO  utils.DatanodeStoreCache (DatanodeStoreCache.java:shutdownCache(110)) - Skip clearing cache in mini cluster mode. Entries left: [/home/runner/work/ozone/ozone/hadoop-ozone/integration-test/target/test-dir/MiniOzoneClusterImpl-71add7ef-0b93-4dd0-b3e1-91a97b11c72d/datanode-0/data-0/containers/hdds/71add7ef-0b93-4dd0-b3e1-91a97b11c72d/DS-d6e69edc-0dc9-4eab-b83e-f552228fdf47/container.db, /home/runner/work/ozone/ozone/hadoop-ozone/integration-test/target/test-dir/MiniOzoneClusterImpl-71add7ef-0b93-4dd0-b3e1-91a97b11c72d/datanode-1/data-0/containers/hdds/71add7ef-0b93-4dd0-b3e1-91a97b11c72d/DS-cd80ee1d-c5d8-4d58-aa6b-d9a121e4e026/container.db, /home/runner/work/ozone/ozone/hadoop-ozone/integration-test/target/test-dir/MiniOzoneClusterImpl-71add7ef-0b93-4dd0-b3e1-91a97b11c72d/datanode-2/data-0/containers/hdds/71add7ef-0b93-4dd0-b3e1-91a97b11c72d/DS-614263bf-00d5-4de0-a14d-43b40a065e5c/container.db, /home/runner/work/ozone/ozone/hadoop-ozone/integration-test/target/test-dir/MiniOzoneClusterImpl-71add7ef-0b93-4dd0-b3e1-91a97b11c72d/datanode-4/data-0/containers/hdds/71add7ef-0b93-4dd0-b3e1-91a97b11c72d/DS-3f652aa6-3eeb-484d-97be-e1d0481bdc66/container.db]
2023-07-25 10:56:34,605 [ForkJoinPool.commonPool-worker-2] INFO  utils.DatanodeStoreCache (DatanodeStoreCache.java:removeDB(104)) - Removed db /home/runner/work/ozone/ozone/hadoop-ozone/integration-test/target/test-dir/MiniOzoneClusterImpl-71add7ef-0b93-4dd0-b3e1-91a97b11c72d/datanode-4/data-0/containers/hdds/71add7ef-0b93-4dd0-b3e1-91a97b11c72d/DS-3f652aa6-3eeb-484d-97be-e1d0481bdc66/container.db from cache
2023-07-25 10:56:34,605 [ForkJoinPool.commonPool-worker-2] INFO  volume.HddsVolume (HddsVolume.java:closeDbStore(453)) - SchemaV3 db is stopped at /home/runner/work/ozone/ozone/hadoop-ozone/integration-test/target/test-dir/MiniOzoneClusterImpl-71add7ef-0b93-4dd0-b3e1-91a97b11c72d/datanode-4/data-0/containers/hdds/71add7ef-0b93-4dd0-b3e1-91a97b11c72d/DS-3f652aa6-3eeb-484d-97be-e1d0481bdc66/container.db for volume DS-3f652aa6-3eeb-484d-97be-e1d0481bdc66
2023-07-25 10:56:34,606 [ForkJoinPool.commonPool-worker-2] INFO  utils.BackgroundService (BackgroundService.java:shutdown(141)) - Shutting down service BlockDeletingService
2023-07-25 10:56:34,607 [ForkJoinPool.commonPool-worker-2] INFO  utils.BackgroundService (BackgroundService.java:shutdown(141)) - Shutting down service StaleRecoveringContainerScrubbingService
2023-07-25 10:56:34,608 [ForkJoinPool.commonPool-worker-2] INFO  statemachine.DatanodeStateMachine (DatanodeStateMachine.java:stopDaemon(613)) - Ozone container server stopped.
2023-07-25 10:56:34,624 [ForkJoinPool.commonPool-worker-2] INFO  handler.ContextHandler (ContextHandler.java:doStop(1159)) - Stopped o.e.j.w.WebAppContext@1db93cce{hddsDatanode,/,null,STOPPED}{jar:file:/home/runner/.m2/repository/org/apache/ozone/hdds-container-service/1.4.0-SNAPSHOT/hdds-container-service-1.4.0-SNAPSHOT.jar!/webapps/hddsDatanode}
2023-07-25 10:56:34,625 [ForkJoinPool.commonPool-worker-2] INFO  server.AbstractConnector (AbstractConnector.java:doStop(383)) - Stopped ServerConnector@60dbfb7f{HTTP/1.1, (http/1.1)}{0.0.0.0:15045}
2023-07-25 10:56:34,625 [ForkJoinPool.commonPool-worker-2] INFO  server.session (HouseKeeper.java:stopScavenging(149)) - node0 Stopped scavenging
2023-07-25 10:56:34,628 [ForkJoinPool.commonPool-worker-2] INFO  handler.ContextHandler (ContextHandler.java:doStop(1159)) - Stopped o.e.j.s.ServletContextHandler@63e6c111{static,/static,jar:file:/home/runner/.m2/repository/org/apache/ozone/hdds-container-service/1.4.0-SNAPSHOT/hdds-container-service-1.4.0-SNAPSHOT.jar!/webapps/static,STOPPED}
2023-07-25 10:56:34,629 [ForkJoinPool.commonPool-worker-2] INFO  handler.ContextHandler (ContextHandler.java:doStop(1159)) - Stopped o.e.j.s.ServletContextHandler@323a870c{logs,/logs,file:///home/runner/work/ozone/ozone/hadoop-ozone/integration-test/target/log,STOPPED}
2023-07-25 10:56:34,630 [ForkJoinPool.commonPool-worker-2] INFO  ozone.HddsDatanodeClientProtocolServer (HddsDatanodeClientProtocolServer.java:stop(78)) - Stopping the RPC server for Client Protocol
2023-07-25 10:56:34,631 [ForkJoinPool.commonPool-worker-2] INFO  ipc.Server (Server.java:stop(3523)) - Stopping server on 15046
2023-07-25 10:56:34,631 [IPC Server listener on 15046] INFO  ipc.Server (Server.java:run(1434)) - Stopping IPC Server listener on 15046
2023-07-25 10:56:34,632 [IPC Server Responder] INFO  ipc.Server (Server.java:run(1567)) - Stopping IPC Server Responder
2023-07-25 10:56:34,806 [ForkJoinPool.commonPool-worker-1] INFO  utils.DatanodeStoreCache (DatanodeStoreCache.java:shutdownCache(110)) - Skip clearing cache in mini cluster mode. Entries left: [/home/runner/work/ozone/ozone/hadoop-ozone/integration-test/target/test-dir/MiniOzoneClusterImpl-71add7ef-0b93-4dd0-b3e1-91a97b11c72d/datanode-0/data-0/containers/hdds/71add7ef-0b93-4dd0-b3e1-91a97b11c72d/DS-d6e69edc-0dc9-4eab-b83e-f552228fdf47/container.db, /home/runner/work/ozone/ozone/hadoop-ozone/integration-test/target/test-dir/MiniOzoneClusterImpl-71add7ef-0b93-4dd0-b3e1-91a97b11c72d/datanode-1/data-0/containers/hdds/71add7ef-0b93-4dd0-b3e1-91a97b11c72d/DS-cd80ee1d-c5d8-4d58-aa6b-d9a121e4e026/container.db, /home/runner/work/ozone/ozone/hadoop-ozone/integration-test/target/test-dir/MiniOzoneClusterImpl-71add7ef-0b93-4dd0-b3e1-91a97b11c72d/datanode-2/data-0/containers/hdds/71add7ef-0b93-4dd0-b3e1-91a97b11c72d/DS-614263bf-00d5-4de0-a14d-43b40a065e5c/container.db]
2023-07-25 10:56:34,811 [ForkJoinPool.commonPool-worker-1] INFO  utils.DatanodeStoreCache (DatanodeStoreCache.java:removeDB(104)) - Removed db /home/runner/work/ozone/ozone/hadoop-ozone/integration-test/target/test-dir/MiniOzoneClusterImpl-71add7ef-0b93-4dd0-b3e1-91a97b11c72d/datanode-0/data-0/containers/hdds/71add7ef-0b93-4dd0-b3e1-91a97b11c72d/DS-d6e69edc-0dc9-4eab-b83e-f552228fdf47/container.db from cache
2023-07-25 10:56:34,811 [ForkJoinPool.commonPool-worker-1] INFO  volume.HddsVolume (HddsVolume.java:closeDbStore(453)) - SchemaV3 db is stopped at /home/runner/work/ozone/ozone/hadoop-ozone/integration-test/target/test-dir/MiniOzoneClusterImpl-71add7ef-0b93-4dd0-b3e1-91a97b11c72d/datanode-0/data-0/containers/hdds/71add7ef-0b93-4dd0-b3e1-91a97b11c72d/DS-d6e69edc-0dc9-4eab-b83e-f552228fdf47/container.db for volume DS-d6e69edc-0dc9-4eab-b83e-f552228fdf47
2023-07-25 10:56:34,812 [ForkJoinPool.commonPool-worker-1] INFO  utils.BackgroundService (BackgroundService.java:shutdown(141)) - Shutting down service BlockDeletingService
2023-07-25 10:56:34,814 [ForkJoinPool.commonPool-worker-1] INFO  utils.BackgroundService (BackgroundService.java:shutdown(141)) - Shutting down service StaleRecoveringContainerScrubbingService
2023-07-25 10:56:34,816 [ForkJoinPool.commonPool-worker-1] INFO  statemachine.DatanodeStateMachine (DatanodeStateMachine.java:stopDaemon(613)) - Ozone container server stopped.
2023-07-25 10:56:34,819 [ForkJoinPool.commonPool-worker-0] INFO  utils.DatanodeStoreCache (DatanodeStoreCache.java:shutdownCache(110)) - Skip clearing cache in mini cluster mode. Entries left: [/home/runner/work/ozone/ozone/hadoop-ozone/integration-test/target/test-dir/MiniOzoneClusterImpl-71add7ef-0b93-4dd0-b3e1-91a97b11c72d/datanode-1/data-0/containers/hdds/71add7ef-0b93-4dd0-b3e1-91a97b11c72d/DS-cd80ee1d-c5d8-4d58-aa6b-d9a121e4e026/container.db, /home/runner/work/ozone/ozone/hadoop-ozone/integration-test/target/test-dir/MiniOzoneClusterImpl-71add7ef-0b93-4dd0-b3e1-91a97b11c72d/datanode-2/data-0/containers/hdds/71add7ef-0b93-4dd0-b3e1-91a97b11c72d/DS-614263bf-00d5-4de0-a14d-43b40a065e5c/container.db]
2023-07-25 10:56:34,819 [main] INFO  utils.DatanodeStoreCache (DatanodeStoreCache.java:shutdownCache(110)) - Skip clearing cache in mini cluster mode. Entries left: [/home/runner/work/ozone/ozone/hadoop-ozone/integration-test/target/test-dir/MiniOzoneClusterImpl-71add7ef-0b93-4dd0-b3e1-91a97b11c72d/datanode-1/data-0/containers/hdds/71add7ef-0b93-4dd0-b3e1-91a97b11c72d/DS-cd80ee1d-c5d8-4d58-aa6b-d9a121e4e026/container.db, /home/runner/work/ozone/ozone/hadoop-ozone/integration-test/target/test-dir/MiniOzoneClusterImpl-71add7ef-0b93-4dd0-b3e1-91a97b11c72d/datanode-2/data-0/containers/hdds/71add7ef-0b93-4dd0-b3e1-91a97b11c72d/DS-614263bf-00d5-4de0-a14d-43b40a065e5c/container.db]
2023-07-25 10:56:34,821 [main] INFO  utils.DatanodeStoreCache (DatanodeStoreCache.java:removeDB(104)) - Removed db /home/runner/work/ozone/ozone/hadoop-ozone/integration-test/target/test-dir/MiniOzoneClusterImpl-71add7ef-0b93-4dd0-b3e1-91a97b11c72d/datanode-2/data-0/containers/hdds/71add7ef-0b93-4dd0-b3e1-91a97b11c72d/DS-614263bf-00d5-4de0-a14d-43b40a065e5c/container.db from cache
2023-07-25 10:56:34,821 [main] INFO  volume.HddsVolume (HddsVolume.java:closeDbStore(453)) - SchemaV3 db is stopped at /home/runner/work/ozone/ozone/hadoop-ozone/integration-test/target/test-dir/MiniOzoneClusterImpl-71add7ef-0b93-4dd0-b3e1-91a97b11c72d/datanode-2/data-0/containers/hdds/71add7ef-0b93-4dd0-b3e1-91a97b11c72d/DS-614263bf-00d5-4de0-a14d-43b40a065e5c/container.db for volume DS-614263bf-00d5-4de0-a14d-43b40a065e5c
2023-07-25 10:56:34,821 [main] INFO  utils.BackgroundService (BackgroundService.java:shutdown(141)) - Shutting down service BlockDeletingService
2023-07-25 10:56:34,822 [main] INFO  utils.BackgroundService (BackgroundService.java:shutdown(141)) - Shutting down service StaleRecoveringContainerScrubbingService
2023-07-25 10:56:34,825 [ForkJoinPool.commonPool-worker-0] INFO  utils.DatanodeStoreCache (DatanodeStoreCache.java:removeDB(104)) - Removed db /home/runner/work/ozone/ozone/hadoop-ozone/integration-test/target/test-dir/MiniOzoneClusterImpl-71add7ef-0b93-4dd0-b3e1-91a97b11c72d/datanode-1/data-0/containers/hdds/71add7ef-0b93-4dd0-b3e1-91a97b11c72d/DS-cd80ee1d-c5d8-4d58-aa6b-d9a121e4e026/container.db from cache
2023-07-25 10:56:34,825 [ForkJoinPool.commonPool-worker-0] INFO  volume.HddsVolume (HddsVolume.java:closeDbStore(453)) - SchemaV3 db is stopped at /home/runner/work/ozone/ozone/hadoop-ozone/integration-test/target/test-dir/MiniOzoneClusterImpl-71add7ef-0b93-4dd0-b3e1-91a97b11c72d/datanode-1/data-0/containers/hdds/71add7ef-0b93-4dd0-b3e1-91a97b11c72d/DS-cd80ee1d-c5d8-4d58-aa6b-d9a121e4e026/container.db for volume DS-cd80ee1d-c5d8-4d58-aa6b-d9a121e4e026
2023-07-25 10:56:34,826 [ForkJoinPool.commonPool-worker-0] INFO  utils.BackgroundService (BackgroundService.java:shutdown(141)) - Shutting down service BlockDeletingService
2023-07-25 10:56:34,827 [ForkJoinPool.commonPool-worker-0] INFO  utils.BackgroundService (BackgroundService.java:shutdown(141)) - Shutting down service StaleRecoveringContainerScrubbingService
2023-07-25 10:56:34,828 [main] INFO  statemachine.DatanodeStateMachine (DatanodeStateMachine.java:stopDaemon(613)) - Ozone container server stopped.
2023-07-25 10:56:34,831 [ForkJoinPool.commonPool-worker-0] INFO  statemachine.DatanodeStateMachine (DatanodeStateMachine.java:stopDaemon(613)) - Ozone container server stopped.
2023-07-25 10:56:34,863 [ForkJoinPool.commonPool-worker-0] INFO  handler.ContextHandler (ContextHandler.java:doStop(1159)) - Stopped o.e.j.w.WebAppContext@12c1a880{hddsDatanode,/,null,STOPPED}{jar:file:/home/runner/.m2/repository/org/apache/ozone/hdds-container-service/1.4.0-SNAPSHOT/hdds-container-service-1.4.0-SNAPSHOT.jar!/webapps/hddsDatanode}
2023-07-25 10:56:34,865 [ForkJoinPool.commonPool-worker-0] INFO  server.AbstractConnector (AbstractConnector.java:doStop(383)) - Stopped ServerConnector@3de86254{HTTP/1.1, (http/1.1)}{0.0.0.0:15018}
2023-07-25 10:56:34,866 [ForkJoinPool.commonPool-worker-0] INFO  server.session (HouseKeeper.java:stopScavenging(149)) - node0 Stopped scavenging
2023-07-25 10:56:34,868 [ForkJoinPool.commonPool-worker-0] INFO  handler.ContextHandler (ContextHandler.java:doStop(1159)) - Stopped o.e.j.s.ServletContextHandler@1db3118{static,/static,jar:file:/home/runner/.m2/repository/org/apache/ozone/hdds-container-service/1.4.0-SNAPSHOT/hdds-container-service-1.4.0-SNAPSHOT.jar!/webapps/static,STOPPED}
2023-07-25 10:56:34,868 [ForkJoinPool.commonPool-worker-0] INFO  handler.ContextHandler (ContextHandler.java:doStop(1159)) - Stopped o.e.j.s.ServletContextHandler@37f3e60c{logs,/logs,file:///home/runner/work/ozone/ozone/hadoop-ozone/integration-test/target/log,STOPPED}
2023-07-25 10:56:34,871 [ForkJoinPool.commonPool-worker-0] INFO  ozone.HddsDatanodeClientProtocolServer (HddsDatanodeClientProtocolServer.java:stop(78)) - Stopping the RPC server for Client Protocol
2023-07-25 10:56:34,871 [ForkJoinPool.commonPool-worker-0] INFO  ipc.Server (Server.java:stop(3523)) - Stopping server on 15019
2023-07-25 10:56:34,871 [IPC Server listener on 15019] INFO  ipc.Server (Server.java:run(1434)) - Stopping IPC Server listener on 15019
2023-07-25 10:56:34,873 [IPC Server Responder] INFO  ipc.Server (Server.java:run(1567)) - Stopping IPC Server Responder
2023-07-25 10:56:34,875 [main] INFO  handler.ContextHandler (ContextHandler.java:doStop(1159)) - Stopped o.e.j.w.WebAppContext@6aecf059{hddsDatanode,/,null,STOPPED}{jar:file:/home/runner/.m2/repository/org/apache/ozone/hdds-container-service/1.4.0-SNAPSHOT/hdds-container-service-1.4.0-SNAPSHOT.jar!/webapps/hddsDatanode}
2023-07-25 10:56:34,876 [ForkJoinPool.commonPool-worker-1] INFO  handler.ContextHandler (ContextHandler.java:doStop(1159)) - Stopped o.e.j.w.WebAppContext@76b5f3f0{hddsDatanode,/,null,STOPPED}{jar:file:/home/runner/.m2/repository/org/apache/ozone/hdds-container-service/1.4.0-SNAPSHOT/hdds-container-service-1.4.0-SNAPSHOT.jar!/webapps/hddsDatanode}
2023-07-25 10:56:34,877 [ForkJoinPool.commonPool-worker-1] INFO  server.AbstractConnector (AbstractConnector.java:doStop(383)) - Stopped ServerConnector@2a5c851b{HTTP/1.1, (http/1.1)}{0.0.0.0:15009}
2023-07-25 10:56:34,877 [ForkJoinPool.commonPool-worker-1] INFO  server.session (HouseKeeper.java:stopScavenging(149)) - node0 Stopped scavenging
2023-07-25 10:56:34,878 [main] INFO  server.AbstractConnector (AbstractConnector.java:doStop(383)) - Stopped ServerConnector@2b96995d{HTTP/1.1, (http/1.1)}{0.0.0.0:15027}
2023-07-25 10:56:34,879 [main] INFO  server.session (HouseKeeper.java:stopScavenging(149)) - node0 Stopped scavenging
2023-07-25 10:56:34,879 [ForkJoinPool.commonPool-worker-1] INFO  handler.ContextHandler (ContextHandler.java:doStop(1159)) - Stopped o.e.j.s.ServletContextHandler@29c2418{static,/static,jar:file:/home/runner/.m2/repository/org/apache/ozone/hdds-container-service/1.4.0-SNAPSHOT/hdds-container-service-1.4.0-SNAPSHOT.jar!/webapps/static,STOPPED}
2023-07-25 10:56:34,880 [ForkJoinPool.commonPool-worker-1] INFO  handler.ContextHandler (ContextHandler.java:doStop(1159)) - Stopped o.e.j.s.ServletContextHandler@101bd174{logs,/logs,file:///home/runner/work/ozone/ozone/hadoop-ozone/integration-test/target/log,STOPPED}
2023-07-25 10:56:34,880 [main] INFO  handler.ContextHandler (ContextHandler.java:doStop(1159)) - Stopped o.e.j.s.ServletContextHandler@24acd393{static,/static,jar:file:/home/runner/.m2/repository/org/apache/ozone/hdds-container-service/1.4.0-SNAPSHOT/hdds-container-service-1.4.0-SNAPSHOT.jar!/webapps/static,STOPPED}
2023-07-25 10:56:34,882 [main] INFO  handler.ContextHandler (ContextHandler.java:doStop(1159)) - Stopped o.e.j.s.ServletContextHandler@24e04318{logs,/logs,file:///home/runner/work/ozone/ozone/hadoop-ozone/integration-test/target/log,STOPPED}
2023-07-25 10:56:34,882 [ForkJoinPool.commonPool-worker-1] INFO  ozone.HddsDatanodeClientProtocolServer (HddsDatanodeClientProtocolServer.java:stop(78)) - Stopping the RPC server for Client Protocol
2023-07-25 10:56:34,883 [ForkJoinPool.commonPool-worker-1] INFO  ipc.Server (Server.java:stop(3523)) - Stopping server on 15010
2023-07-25 10:56:34,885 [main] INFO  ozone.HddsDatanodeClientProtocolServer (HddsDatanodeClientProtocolServer.java:stop(78)) - Stopping the RPC server for Client Protocol
2023-07-25 10:56:34,886 [main] INFO  ipc.Server (Server.java:stop(3523)) - Stopping server on 15028
2023-07-25 10:56:34,885 [IPC Server Responder] INFO  ipc.Server (Server.java:run(1567)) - Stopping IPC Server Responder
2023-07-25 10:56:34,885 [IPC Server listener on 15010] INFO  ipc.Server (Server.java:run(1434)) - Stopping IPC Server listener on 15010
2023-07-25 10:56:34,886 [IPC Server listener on 15028] INFO  ipc.Server (Server.java:run(1434)) - Stopping IPC Server listener on 15028
2023-07-25 10:56:34,890 [IPC Server Responder] INFO  ipc.Server (Server.java:run(1567)) - Stopping IPC Server Responder
2023-07-25 10:56:34,899 [main] INFO  ozone.MiniOzoneClusterImpl (MiniOzoneClusterImpl.java:stopSCM(543)) - Stopping the StorageContainerManager
2023-07-25 10:56:34,899 [main] INFO  server.StorageContainerManager (StorageContainerManager.java:stop(1592)) - Container Balancer is not running.
2023-07-25 10:56:34,899 [main] INFO  server.StorageContainerManager (StorageContainerManager.java:stopReplicationManager(1725)) - Stopping Replication Manager Service.
2023-07-25 10:56:34,899 [main] INFO  replication.ReplicationManager (ReplicationManager.java:stop(319)) - Stopping Replication Monitor Thread.
2023-07-25 10:56:34,899 [main] INFO  server.StorageContainerManager (StorageContainerManager.java:stop(1601)) - Stopping the Datanode Admin Monitor.
2023-07-25 10:56:34,900 [ReplicationMonitor] INFO  replication.ReplicationManager (ReplicationManager.java:run(917)) - Replication Monitor Thread is stopped
2023-07-25 10:56:34,900 [Under Replicated Processor] WARN  replication.UnhealthyReplicationProcessor (UnhealthyReplicationProcessor.java:run(180)) - Under Replicated Processor interrupted. Exiting...
2023-07-25 10:56:34,900 [Over Replicated Processor] WARN  replication.UnhealthyReplicationProcessor (UnhealthyReplicationProcessor.java:run(180)) - Over Replicated Processor interrupted. Exiting...
2023-07-25 10:56:34,901 [main] INFO  server.StorageContainerManager (StorageContainerManager.java:stop(1608)) - Stopping datanode service RPC server
2023-07-25 10:56:34,901 [main] INFO  server.SCMDatanodeProtocolServer (SCMDatanodeProtocolServer.java:stop(424)) - Stopping the RPC server for DataNodes
2023-07-25 10:56:34,901 [main] INFO  ipc.Server (Server.java:stop(3523)) - Stopping server on 15002
2023-07-25 10:56:34,904 [IPC Server listener on 15002] INFO  ipc.Server (Server.java:run(1434)) - Stopping IPC Server listener on 15002
2023-07-25 10:56:34,906 [IPC Server Responder] INFO  ipc.Server (Server.java:run(1567)) - Stopping IPC Server Responder
2023-07-25 10:56:34,938 [SCM Heartbeat Processing Thread - 0] WARN  node.NodeStateManager (NodeStateManager.java:scheduleNextHealthCheck(874)) - Current Thread is interrupted, shutting down HB processing thread for Node Manager.
2023-07-25 10:56:34,939 [main] INFO  server.StorageContainerManager (StorageContainerManager.java:stop(1616)) - Stopping block service RPC server
2023-07-25 10:56:34,939 [main] INFO  server.SCMBlockProtocolServer (SCMBlockProtocolServer.java:stop(161)) - Stopping the RPC server for Block Protocol
2023-07-25 10:56:34,939 [main] INFO  ipc.Server (Server.java:stop(3523)) - Stopping server on 15001
2023-07-25 10:56:34,941 [IPC Server listener on 15001] INFO  ipc.Server (Server.java:run(1434)) - Stopping IPC Server listener on 15001
2023-07-25 10:56:34,944 [IPC Server Responder] INFO  ipc.Server (Server.java:run(1567)) - Stopping IPC Server Responder
2023-07-25 10:56:34,944 [main] INFO  server.StorageContainerManager (StorageContainerManager.java:stop(1623)) - Stopping the StorageContainerLocationProtocol RPC server
2023-07-25 10:56:34,945 [main] INFO  server.SCMClientProtocolServer (SCMClientProtocolServer.java:stop(209)) - Stopping the RPC server for Client Protocol
2023-07-25 10:56:34,945 [main] INFO  ipc.Server (Server.java:stop(3523)) - Stopping server on 15000
2023-07-25 10:56:34,948 [IPC Server listener on 15000] INFO  ipc.Server (Server.java:run(1434)) - Stopping IPC Server listener on 15000
2023-07-25 10:56:34,948 [IPC Server Responder] INFO  ipc.Server (Server.java:run(1567)) - Stopping IPC Server Responder
2023-07-25 10:56:34,948 [main] INFO  server.StorageContainerManager (StorageContainerManager.java:stop(1630)) - Stopping Storage Container Manager HTTP server.
2023-07-25 10:56:34,950 [main] INFO  handler.ContextHandler (ContextHandler.java:doStop(1159)) - Stopped o.e.j.w.WebAppContext@61f2bf3a{scm,/,null,STOPPED}{file:/home/runner/work/ozone/ozone/hadoop-ozone/integration-test/target/test-classes/webapps/scm}
2023-07-25 10:56:34,951 [main] INFO  server.AbstractConnector (AbstractConnector.java:doStop(383)) - Stopped ServerConnector@2700f556{HTTP/1.1, (http/1.1)}{0.0.0.0:15003}
2023-07-25 10:56:34,952 [main] INFO  server.session (HouseKeeper.java:stopScavenging(149)) - node0 Stopped scavenging
2023-07-25 10:56:34,952 [main] INFO  handler.ContextHandler (ContextHandler.java:doStop(1159)) - Stopped o.e.j.s.ServletContextHandler@6ba19932{static,/static,file:///home/runner/work/ozone/ozone/hadoop-ozone/integration-test/target/test-classes/webapps/static,STOPPED}
2023-07-25 10:56:34,953 [main] INFO  handler.ContextHandler (ContextHandler.java:doStop(1159)) - Stopped o.e.j.s.ServletContextHandler@4290fcd7{logs,/logs,file:///home/runner/work/ozone/ozone/hadoop-ozone/integration-test/target/log,STOPPED}
2023-07-25 10:56:34,954 [main] INFO  server.StorageContainerManager (StorageContainerManager.java:stop(1638)) - Stopping SCM LayoutVersionManager Service.
2023-07-25 10:56:34,954 [main] INFO  server.StorageContainerManager (StorageContainerManager.java:stop(1650)) - Stopping Block Manager Service.
2023-07-25 10:56:34,954 [main] INFO  utils.BackgroundService (BackgroundService.java:shutdown(141)) - Shutting down service SCMBlockDeletingService
2023-07-25 10:56:34,955 [main] INFO  utils.BackgroundService (BackgroundService.java:shutdown(141)) - Shutting down service SCMBlockDeletingService
2023-07-25 10:56:34,955 [main] INFO  server.StorageContainerManager (StorageContainerManager.java:stop(1670)) - Stopping SCM Event Queue.
2023-07-25 10:56:34,958 [JvmPauseMonitor0] INFO  util.JvmPauseMonitor (JvmPauseMonitor.java:run(109)) - JvmPauseMonitor-74952708-3439-44db-b96c-8ed9eb973400: Stopped
2023-07-25 10:56:34,959 [main] INFO  server.StorageContainerManager (StorageContainerManager.java:stop(1681)) - Stopping SCM HA services.
2023-07-25 10:56:34,959 [main] INFO  pipeline.BackgroundPipelineCreator (BackgroundPipelineCreator.java:stop(149)) - Stopping RatisPipelineUtilsThread.
2023-07-25 10:56:34,959 [RatisPipelineUtilsThread - 0] WARN  pipeline.BackgroundPipelineCreator (BackgroundPipelineCreator.java:run(180)) - RatisPipelineUtilsThread is interrupted.
2023-07-25 10:56:34,959 [main] INFO  BackgroundPipelineScrubber (BackgroundSCMService.java:stop(131)) - Stopping BackgroundPipelineScrubber Service.
2023-07-25 10:56:34,959 [BackgroundPipelineScrubberThread] WARN  BackgroundPipelineScrubber (BackgroundSCMService.java:run(115)) - BackgroundPipelineScrubber is interrupted, exit
2023-07-25 10:56:34,961 [main] INFO  impl.MetricsSystemImpl (MetricsSystemImpl.java:stop(210)) - Stopping XceiverClientMetrics metrics system...
2023-07-25 10:56:34,967 [prometheus] INFO  impl.MetricsSinkAdapter (MetricsSinkAdapter.java:publishMetricsFromQueue(141)) - prometheus thread interrupted.
2023-07-25 10:56:34,968 [main] INFO  impl.MetricsSystemImpl (MetricsSystemImpl.java:stop(216)) - XceiverClientMetrics metrics system stopped.
2023-07-25 10:56:34,968 [main] WARN  pipeline.BackgroundPipelineCreator (BackgroundPipelineCreator.java:stop(145)) - RatisPipelineUtilsThread is not running, just ignore.
2023-07-25 10:56:34,969 [main] INFO  BackgroundPipelineScrubber (BackgroundSCMService.java:stop(126)) - BackgroundPipelineScrubber Service is not running, skip stop.
2023-07-25 10:56:34,969 [main] INFO  ExpiredContainerReplicaOpScrubber (BackgroundSCMService.java:stop(131)) - Stopping ExpiredContainerReplicaOpScrubber Service.
2023-07-25 10:56:34,969 [ExpiredContainerReplicaOpScrubberThread] WARN  ExpiredContainerReplicaOpScrubber (BackgroundSCMService.java:run(115)) - ExpiredContainerReplicaOpScrubber is interrupted, exit
2023-07-25 10:56:34,970 [main] INFO  utils.BackgroundService (BackgroundService.java:shutdown(141)) - Shutting down service SCMBlockDeletingService
2023-07-25 10:56:34,971 [main] INFO  replication.ReplicationManager (ReplicationManager.java:stop(329)) - Replication Monitor Thread is not running.
2023-07-25 10:56:34,971 [main] WARN  balancer.ContainerBalancer (ContainerBalancer.java:stop(326)) - Cannot stop Container Balancer because it's not running or stopping
2023-07-25 10:56:34,971 [main] INFO  server.StorageContainerManager (StorageContainerManager.java:stop(1716)) - Stopping SCM MetadataStore.
2023-07-25 10:56:35,137 [main] WARN  server.ServerUtils (ServerUtils.java:getScmDbDir(155)) - ozone.scm.db.dirs is not configured. We recommend adding this setting. Falling back to ozone.metadata.dirs instead.
2023-07-25 10:56:35,145 [main] WARN  server.ServerUtils (ServerUtils.java:getScmDbDir(155)) - ozone.scm.db.dirs is not configured. We recommend adding this setting. Falling back to ozone.metadata.dirs instead.
2023-07-25 10:56:35,145 [main] INFO  ha.SCMHANodeDetails (SCMHANodeDetails.java:loadSCMHAConfig(210)) - ServiceID for StorageContainerManager is null
2023-07-25 10:56:35,146 [main] INFO  ha.SCMHANodeDetails (SCMHANodeDetails.java:loadSCMHAConfig(215)) - ozone.scm.default.service.id is not defined, falling back to ozone.scm.service.ids to find serviceID for StorageContainerManager if it is HA enabled cluster
2023-07-25 10:56:35,147 [main] WARN  utils.HAUtils (HAUtils.java:getMetaDir(339)) - ozone.scm.db.dirs is not configured. We recommend adding this setting. Falling back to ozone.metadata.dirs instead.
2023-07-25 10:56:35,147 [main] WARN  db.DBStoreBuilder (DBStoreBuilder.java:applyDBDefinition(166)) - ozone.scm.db.dirs is not configured. We recommend adding this setting. Falling back to ozone.metadata.dirs instead.
2023-07-25 10:56:35,309 [main] INFO  net.NodeSchemaLoader (NodeSchemaLoader.java:loadSchemaFromFile(129)) - Loading schema from [jar:file:/home/runner/.m2/repository/org/apache/ozone/hdds-common/1.4.0-SNAPSHOT/hdds-common-1.4.0-SNAPSHOT.jar!/network-topology-default.xml]
2023-07-25 10:56:35,310 [main] INFO  net.NodeSchemaLoader (NodeSchemaLoader.java:loadSchema(176)) - Loading network topology layer schema file
2023-07-25 10:56:35,313 [main] INFO  upgrade.AbstractLayoutVersionManager (AbstractLayoutVersionManager.java:init(83)) - Initializing Layout version manager with metadata layout = HADOOP_PRC_PORTS_IN_DATANODEDETAILS (version = 7), software layout = HADOOP_PRC_PORTS_IN_DATANODEDETAILS (version = 7)
2023-07-25 10:56:35,316 [main] INFO  ha.SequenceIdGenerator (SequenceIdGenerator.java:upgradeToSequenceId(365)) - upgrade localId to 111677748019200000
2023-07-25 10:56:35,317 [main] INFO  ha.SequenceIdGenerator (SequenceIdGenerator.java:upgradeToSequenceId(375)) - upgrade delTxnId to 0
2023-07-25 10:56:35,317 [main] INFO  ha.SequenceIdGenerator (SequenceIdGenerator.java:upgradeToSequenceId(392)) - upgrade containerId to 0
2023-07-25 10:56:35,318 [main] INFO  ha.SequenceIdGenerator (SequenceIdGenerator.java:upgradeToSequenceId(428)) - upgrade rootCertificateId to 1
2023-07-25 10:56:35,319 [main] INFO  ha.SequenceIdGenerator (SequenceIdGenerator.java:<init>(236)) - Init the HA SequenceIdGenerator.
2023-07-25 10:56:35,319 [main] WARN  server.ServerUtils (ServerUtils.java:sanitizeUserArgs(80)) - ozone.scm.stale.node.interval value = 300000 is larger than max = 100000 based on the key value of ozone.scm.heartbeat.thread.interval, reset to the max value 100000.
2023-07-25 10:56:35,319 [main] WARN  server.ServerUtils (ServerUtils.java:sanitizeUserArgs(80)) - ozone.scm.stale.node.interval value = 300000 is larger than max = 100000 based on the key value of ozone.scm.heartbeat.thread.interval, reset to the max value 100000.
2023-07-25 10:56:35,320 [main] INFO  node.SCMNodeManager (SCMNodeManager.java:<init>(157)) - Entering startup safe mode.
2023-07-25 10:56:35,516 [main] INFO  algorithms.ContainerPlacementPolicyFactory (ContainerPlacementPolicyFactory.java:getPolicyInternal(86)) - Create container placement policy of type org.apache.hadoop.hdds.scm.container.placement.algorithms.SCMContainerPlacementRackAware
2023-07-25 10:56:35,517 [main] INFO  algorithms.ContainerPlacementPolicyFactory (ContainerPlacementPolicyFactory.java:getPolicyInternal(86)) - Create container placement policy of type org.apache.hadoop.hdds.scm.container.placement.algorithms.SCMContainerPlacementRackScatter
2023-07-25 10:56:35,517 [main] INFO  pipeline.PipelineStateManagerImpl (PipelineStateManagerImpl.java:initialize(78)) - No pipeline exists in current db
2023-07-25 10:56:35,517 [main] INFO  algorithms.LeaderChoosePolicyFactory (LeaderChoosePolicyFactory.java:getPolicy(57)) - Create leader choose policy of type org.apache.hadoop.hdds.scm.pipeline.leader.choose.algorithms.MinLeaderCountChoosePolicy
2023-07-25 10:56:35,518 [main] INFO  algorithms.ContainerPlacementPolicyFactory (ContainerPlacementPolicyFactory.java:getPolicyInternal(86)) - Create container placement policy of type org.apache.hadoop.hdds.scm.container.placement.algorithms.SCMContainerPlacementRackScatter
2023-07-25 10:56:35,518 [main] INFO  ha.SCMServiceManager (SCMServiceManager.java:register(42)) - Registering service BackgroundPipelineCreator.
2023-07-25 10:56:35,518 [main] INFO  pipeline.BackgroundPipelineCreator (BackgroundPipelineCreator.java:start(124)) - Starting RatisPipelineUtilsThread.
2023-07-25 10:56:35,521 [main] INFO  BackgroundPipelineScrubber (BackgroundSCMService.java:start(68)) - Starting BackgroundPipelineScrubber Service.
2023-07-25 10:56:35,523 [main] INFO  ha.SCMServiceManager (SCMServiceManager.java:register(42)) - Registering service BackgroundPipelineScrubber.
2023-07-25 10:56:35,523 [main] INFO  ExpiredContainerReplicaOpScrubber (BackgroundSCMService.java:start(68)) - Starting ExpiredContainerReplicaOpScrubber Service.
2023-07-25 10:56:35,524 [main] INFO  ha.SCMServiceManager (SCMServiceManager.java:register(42)) - Registering service ExpiredContainerReplicaOpScrubber.
2023-07-25 10:56:35,525 [main] INFO  algorithms.PipelineChoosePolicyFactory (PipelineChoosePolicyFactory.java:createPipelineChoosePolicyFromClass(78)) - Create pipeline choose policy of type org.apache.hadoop.hdds.scm.pipeline.choose.algorithms.RandomPipelineChoosePolicy
2023-07-25 10:56:35,526 [main] INFO  algorithms.PipelineChoosePolicyFactory (PipelineChoosePolicyFactory.java:createPipelineChoosePolicyFromClass(78)) - Create pipeline choose policy of type org.apache.hadoop.hdds.scm.pipeline.choose.algorithms.RandomPipelineChoosePolicy
2023-07-25 10:56:35,526 [main] INFO  ha.SCMServiceManager (SCMServiceManager.java:register(42)) - Registering service SCMBlockDeletingService.
2023-07-25 10:56:35,527 [main] INFO  replication.ReplicationManager (ReplicationManager.java:start(286)) - Starting Replication Monitor Thread.
2023-07-25 10:56:35,533 [main] INFO  ha.SCMServiceManager (SCMServiceManager.java:register(42)) - Registering service ReplicationManager.
2023-07-25 10:56:35,534 [main] INFO  safemode.ContainerSafeModeRule (ContainerSafeModeRule.java:<init>(89)) - containers with one replica threshold count 0
2023-07-25 10:56:35,534 [main] INFO  safemode.HealthyPipelineSafeModeRule (HealthyPipelineSafeModeRule.java:initializeRule(169)) - Total pipeline count is 0, healthy pipeline threshold count is 1
2023-07-25 10:56:35,534 [main] INFO  safemode.OneReplicaPipelineSafeModeRule (OneReplicaPipelineSafeModeRule.java:initializeRule(180)) - Total pipeline count is 0, pipeline's with at least one datanode reported threshold count is 0
2023-07-25 10:56:35,535 [ReplicationMonitor] INFO  replication.ReplicationManager (ReplicationManager.java:processAll(361)) - Replication Manager is not ready to run until 3000ms after safemode exit
2023-07-25 10:56:35,535 [main] INFO  server.StorageContainerManager (StorageContainerManager.java:<init>(424)) - SCM start with adminUsers: [runner]
2023-07-25 10:56:35,535 [main] INFO  ipc.CallQueueManager (CallQueueManager.java:<init>(90)) - Using callQueue: class java.util.concurrent.LinkedBlockingQueue, queueCapacity: 2000, scheduler: class org.apache.hadoop.ipc.DefaultRpcScheduler, ipcBackoff: false.
2023-07-25 10:56:35,536 [main] INFO  ipc.Server (Server.java:<init>(1287)) - Listener at 0.0.0.0:15055
2023-07-25 10:56:35,536 [Socket Reader #1 for port 15055] INFO  ipc.Server (Server.java:run(1323)) - Starting Socket Reader #1 for port 15055
2023-07-25 10:56:35,539 [main] INFO  ipc.CallQueueManager (CallQueueManager.java:<init>(90)) - Using callQueue: class java.util.concurrent.LinkedBlockingQueue, queueCapacity: 2000, scheduler: class org.apache.hadoop.ipc.DefaultRpcScheduler, ipcBackoff: false.
2023-07-25 10:56:35,539 [main] INFO  ipc.Server (Server.java:<init>(1287)) - Listener at 0.0.0.0:15054
2023-07-25 10:56:35,543 [Socket Reader #1 for port 15054] INFO  ipc.Server (Server.java:run(1323)) - Starting Socket Reader #1 for port 15054
2023-07-25 10:56:35,549 [main] INFO  ipc.CallQueueManager (CallQueueManager.java:<init>(90)) - Using callQueue: class java.util.concurrent.LinkedBlockingQueue, queueCapacity: 2000, scheduler: class org.apache.hadoop.ipc.DefaultRpcScheduler, ipcBackoff: false.
2023-07-25 10:56:35,550 [main] INFO  ipc.Server (Server.java:<init>(1287)) - Listener at 0.0.0.0:15053
2023-07-25 10:56:35,550 [Socket Reader #1 for port 15053] INFO  ipc.Server (Server.java:run(1323)) - Starting Socket Reader #1 for port 15053
2023-07-25 10:56:35,560 [main] INFO  ha.SCMServiceManager (SCMServiceManager.java:register(42)) - Registering service ContainerBalancer.
2023-07-25 10:56:35,564 [main] INFO  server.StorageContainerManager (StorageContainerManager.java:<init>(437)) - 
Container Balancer status:
Key                            Value
Running                        false
Container Balancer Configuration values:
Key                                                Value
Threshold                                          10
Max Datanodes to Involve per Iteration(percent)    20
Max Size to Move per Iteration                     500GB
Max Size Entering Target per Iteration             26GB
Max Size Leaving Source per Iteration              26GB

2023-07-25 10:56:35,564 [main] INFO  ha.SCMContext (SCMContext.java:updateSafeModeStatus(228)) - Update SafeModeStatus from SafeModeStatus{safeModeStatus=true, preCheckPassed=false} to SafeModeStatus{safeModeStatus=true, preCheckPassed=false}.
2023-07-25 10:56:35,565 [main] INFO  server.StorageContainerManager (StorageContainerManager.java:start(1491)) - StorageContainerLocationProtocol RPC server is listening at /0.0.0.0:15053
2023-07-25 10:56:35,567 [main] WARN  impl.MetricsConfig (MetricsConfig.java:loadFirst(136)) - Cannot locate configuration: tried hadoop-metrics2-storagecontainermanager.properties,hadoop-metrics2.properties
2023-07-25 10:56:35,568 [main] INFO  impl.MetricsSystemImpl (MetricsSystemImpl.java:startTimer(378)) - Scheduled Metric snapshot period at 10 second(s).
2023-07-25 10:56:35,568 [main] INFO  impl.MetricsSystemImpl (MetricsSystemImpl.java:start(191)) - StorageContainerManager metrics system started
2023-07-25 10:56:35,601 [main] INFO  impl.MetricsSinkAdapter (MetricsSinkAdapter.java:start(204)) - Sink prometheus started
2023-07-25 10:56:35,602 [main] INFO  impl.MetricsSystemImpl (MetricsSystemImpl.java:registerSink(305)) - Registered sink prometheus
2023-07-25 10:56:35,618 [main] INFO  server.SCMClientProtocolServer (SCMClientProtocolServer.java:start(200)) - RPC server for Client  is listening at /0.0.0.0:15053
2023-07-25 10:56:35,623 [IPC Server Responder] INFO  ipc.Server (Server.java:run(1562)) - IPC Server Responder: starting
2023-07-25 10:56:35,624 [IPC Server listener on 15053] INFO  ipc.Server (Server.java:run(1402)) - IPC Server listener on 15053: starting
2023-07-25 10:56:35,627 [main] INFO  server.StorageContainerManager (StorageContainerManager.java:start(1504)) - ScmBlockLocationProtocol RPC server is listening at /0.0.0.0:15054
2023-07-25 10:56:35,628 [main] INFO  server.SCMBlockProtocolServer (SCMBlockProtocolServer.java:start(152)) - RPC server for Block Protocol is listening at /0.0.0.0:15054
2023-07-25 10:56:35,628 [IPC Server Responder] INFO  ipc.Server (Server.java:run(1562)) - IPC Server Responder: starting
2023-07-25 10:56:35,629 [IPC Server listener on 15054] INFO  ipc.Server (Server.java:run(1402)) - IPC Server listener on 15054: starting
2023-07-25 10:56:35,632 [main] INFO  server.SCMDatanodeProtocolServer (SCMDatanodeProtocolServer.java:start(193)) - ScmDatanodeProtocol RPC server for DataNodes is listening at /0.0.0.0:15055
2023-07-25 10:56:35,633 [IPC Server Responder] INFO  ipc.Server (Server.java:run(1562)) - IPC Server Responder: starting
2023-07-25 10:56:35,633 [IPC Server listener on 15055] INFO  ipc.Server (Server.java:run(1402)) - IPC Server listener on 15055: starting
2023-07-25 10:56:35,647 [JvmPauseMonitor7] INFO  util.JvmPauseMonitor (JvmPauseMonitor.java:run(103)) - JvmPauseMonitor-b5673863-f046-4cb9-ad6a-d384f1f73a6e: Started
2023-07-25 10:56:35,649 [main] INFO  http.BaseHttpServer (BaseHttpServer.java:newHttpServer2BuilderForOzone(224)) - Starting Web-server for scm at: http://0.0.0.0:15056
2023-07-25 10:56:35,649 [main] INFO  http.BaseHttpServer (BaseHttpServer.java:<init>(111)) - Hadoop Security Enabled: false Ozone Security Enabled: false Ozone HTTP Security Enabled: false 
2023-07-25 10:56:35,651 [main] WARN  server.AuthenticationFilter (AuthenticationFilter.java:constructSecretProvider(240)) - Unable to initialize FileSignerSecretProvider, falling back to use random secrets. Reason: Could not read signature secret file: /home/runner/hadoop-http-auth-signature-secret
2023-07-25 10:56:35,653 [main] INFO  http.HttpRequestLog (HttpRequestLog.java:getRequestLog(86)) - Http request log for http.requests.scm is not defined
2023-07-25 10:56:35,655 [main] INFO  http.HttpServer2 (HttpServer2.java:addGlobalFilter(1031)) - Added global filter 'safety' (class=org.apache.hadoop.hdds.server.http.HttpServer2$QuotingInputFilter)
2023-07-25 10:56:35,656 [main] INFO  http.HttpServer2 (HttpServer2.java:addFilter(1007)) - Added filter static_user_filter (class=org.apache.hadoop.http.lib.StaticUserWebFilter$StaticUserFilter) to context scm
2023-07-25 10:56:35,656 [main] INFO  http.HttpServer2 (HttpServer2.java:addFilter(1015)) - Added filter static_user_filter (class=org.apache.hadoop.http.lib.StaticUserWebFilter$StaticUserFilter) to context logs
2023-07-25 10:56:35,656 [main] INFO  http.HttpServer2 (HttpServer2.java:addFilter(1015)) - Added filter static_user_filter (class=org.apache.hadoop.http.lib.StaticUserWebFilter$StaticUserFilter) to context static
2023-07-25 10:56:35,657 [main] INFO  http.BaseHttpServer (BaseHttpServer.java:<init>(190)) - HTTP server of scm uses base directory /home/runner/work/ozone/ozone/hadoop-ozone/integration-test/target/test-dir/MiniOzoneClusterImpl-c4e06dc0-ae81-4e14-96b7-eb66a98ebf91/ozone-meta/webserver
2023-07-25 10:56:35,658 [main] INFO  http.HttpServer2 (HttpServer2.java:bindListener(1250)) - Jetty bound to port 15056
2023-07-25 10:56:35,658 [main] INFO  server.Server (Server.java:doStart(375)) - jetty-9.4.51.v20230217; built: 2023-02-17T08:19:37.309Z; git: b45c405e4544384de066f814ed42ae3dceacdd49; jvm 1.8.0_372-b07
2023-07-25 10:56:35,664 [main] INFO  server.session (DefaultSessionIdManager.java:doStart(334)) - DefaultSessionIdManager workerName=node0
2023-07-25 10:56:35,665 [main] INFO  server.session (DefaultSessionIdManager.java:doStart(339)) - No SessionScavenger set, using defaults
2023-07-25 10:56:35,665 [main] INFO  server.session (HouseKeeper.java:startScavenging(132)) - node0 Scavenging every 600000ms
2023-07-25 10:56:35,666 [main] INFO  handler.ContextHandler (ContextHandler.java:doStart(921)) - Started o.e.j.s.ServletContextHandler@2667205e{logs,/logs,file:///home/runner/work/ozone/ozone/hadoop-ozone/integration-test/target/log,AVAILABLE}
2023-07-25 10:56:35,667 [main] INFO  handler.ContextHandler (ContextHandler.java:doStart(921)) - Started o.e.j.s.ServletContextHandler@182d6ad6{static,/static,file:///home/runner/work/ozone/ozone/hadoop-ozone/integration-test/target/test-classes/webapps/static,AVAILABLE}
2023-07-25 10:56:35,676 [main] INFO  handler.ContextHandler (ContextHandler.java:doStart(921)) - Started o.e.j.w.WebAppContext@2afdab07{scm,/,file:///home/runner/work/ozone/ozone/hadoop-ozone/integration-test/target/test-classes/webapps/scm/,AVAILABLE}{file:/home/runner/work/ozone/ozone/hadoop-ozone/integration-test/target/test-classes/webapps/scm}
2023-07-25 10:56:35,678 [main] INFO  server.AbstractConnector (AbstractConnector.java:doStart(333)) - Started ServerConnector@6e4d8a0c{HTTP/1.1, (http/1.1)}{0.0.0.0:15056}
2023-07-25 10:56:35,678 [main] INFO  server.Server (Server.java:doStart(415)) - Started @93097ms
2023-07-25 10:56:35,678 [main] WARN  impl.MetricsSystemImpl (MetricsSystemImpl.java:register(279)) - Sink prometheus already exists!
2023-07-25 10:56:35,679 [main] INFO  http.BaseHttpServer (BaseHttpServer.java:updateConnectorAddress(344)) - HTTP server of scm listening at http://0.0.0.0:15056
2023-07-25 10:56:35,679 [main] WARN  server.ServerUtils (ServerUtils.java:getDBPath(311)) - ozone.om.db.dirs is not configured. We recommend adding this setting. Falling back to ozone.metadata.dirs instead.
2023-07-25 10:56:35,684 [main] INFO  ha.OMHANodeDetails (OMHANodeDetails.java:loadOMHAConfig(115)) - ozone.om.internal.service.id is not defined, falling back to ozone.om.service.ids to find serviceID for OzoneManager if it is HA enabled cluster
2023-07-25 10:56:35,684 [main] INFO  ha.OMHANodeDetails (OMHANodeDetails.java:loadOMHAConfig(226)) - Configuration does not have ozone.om.address set. Falling back to the default OM address /127.0.0.1:15057
2023-07-25 10:56:35,684 [main] INFO  ha.OMHANodeDetails (OMHANodeDetails.java:getOMNodeDetailsForNonHA(254)) - OM Service ID is not set. Setting it to the default ID: omServiceIdDefault
2023-07-25 10:56:35,684 [main] INFO  ha.OMHANodeDetails (OMHANodeDetails.java:getOMNodeDetailsForNonHA(261)) - OM Node ID is not set. Setting it to the default ID: om1
2023-07-25 10:56:35,684 [main] WARN  server.ServerUtils (ServerUtils.java:getDBPath(311)) - ozone.om.db.dirs is not configured. We recommend adding this setting. Falling back to ozone.metadata.dirs instead.
2023-07-25 10:56:35,686 [main] INFO  upgrade.AbstractLayoutVersionManager (AbstractLayoutVersionManager.java:init(83)) - Initializing Layout version manager with metadata layout = QUOTA (version = 6), software layout = QUOTA (version = 6)
2023-07-25 10:56:35,816 [main] INFO  reflections.Reflections (Reflections.java:scan(232)) - Reflections took 127 ms to scan 2 urls, producing 188 keys and 512 values [using 2 cores]
2023-07-25 10:56:35,817 [main] INFO  upgrade.OMLayoutVersionManager (OMLayoutVersionManager.java:lambda$0(115)) - Skipping Upgrade Action QuotaRepairUpgradeAction since it has been finalized.
2023-07-25 10:56:35,817 [main] INFO  upgrade.OMLayoutVersionManager (OMLayoutVersionManager.java:lambda$0(115)) - Skipping Upgrade Action MockOmUpgradeAction since it has been finalized.
2023-07-25 10:56:35,817 [main] WARN  server.ServerUtils (ServerUtils.java:getDBPath(311)) - ozone.om.db.dirs is not configured. We recommend adding this setting. Falling back to ozone.metadata.dirs instead.
2023-07-25 10:56:35,818 [main] INFO  proxy.SCMBlockLocationFailoverProxyProvider (SCMBlockLocationFailoverProxyProvider.java:<init>(114)) - Created block location fail-over proxy with 1 nodes: [nodeId=scmNodeId,nodeAddress=/0.0.0.0:15054]
2023-07-25 10:56:35,820 [main] INFO  proxy.SCMBlockLocationFailoverProxyProvider (SCMBlockLocationFailoverProxyProvider.java:<init>(114)) - Created block location fail-over proxy with 1 nodes: [nodeId=scmNodeId,nodeAddress=/0.0.0.0:15054]
2023-07-25 10:56:35,835 [main] INFO  om.OzoneManager (OzoneManager.java:<init>(663)) - OM start with adminUsers: [runner]
2023-07-25 10:56:35,836 [main] WARN  server.ServerUtils (ServerUtils.java:getDBPath(311)) - ozone.om.db.dirs is not configured. We recommend adding this setting. Falling back to ozone.metadata.dirs instead.
2023-07-25 10:56:35,837 [main] INFO  helpers.OmKeyInfo (OmKeyInfo.java:getCodec(71)) - OmKeyInfo.getCodec ignorePipeline = true
2023-07-25 10:56:36,140 [main] INFO  om.OzoneManager (OzoneManager.java:instantiateServices(792)) - S3 Multi-Tenancy is disabled
2023-07-25 10:56:36,141 [main] INFO  om.OmSnapshotManager (OmSnapshotManager.java:<init>(175)) - Ozone filesystem snapshot feature is enabled.
2023-07-25 10:56:36,141 [main] WARN  server.ServerUtils (ServerUtils.java:getDBPath(311)) - ozone.om.snapshot.diff.db.dir is not configured. We recommend adding this setting. Falling back to ozone.metadata.dirs instead.
2023-07-25 10:56:36,184 [main] INFO  snapshot.SnapshotDiffManager (SnapshotDiffManager.java:closeExecutorService(1720)) - Shutting down executorService: 'SstDumpToolExecutor'
2023-07-25 10:56:36,186 [main] INFO  om.OzoneManager (OzoneManager.java:addS3GVolumeToDB(4298)) - Created Volume s3v With Owner runner required for S3Gateway operations.
2023-07-25 10:56:36,186 [main] INFO  om.OzoneManager (OzoneManager.java:getRpcServer(1194)) - Creating RPC Server
2023-07-25 10:56:36,878 [main] INFO  reflections.Reflections (Reflections.java:scan(232)) - Reflections took 686 ms to scan 19 urls, producing 70 keys and 5577 values [using 2 cores]
2023-07-25 10:56:36,880 [main] INFO  ipc.CallQueueManager (CallQueueManager.java:<init>(90)) - Using callQueue: class java.util.concurrent.LinkedBlockingQueue, queueCapacity: 2000, scheduler: class org.apache.hadoop.ipc.DefaultRpcScheduler, ipcBackoff: false.
2023-07-25 10:56:36,880 [main] INFO  ipc.Server (Server.java:<init>(1287)) - Listener at 127.0.0.1:15057
2023-07-25 10:56:36,880 [Socket Reader #1 for port 15057] INFO  ipc.Server (Server.java:run(1323)) - Starting Socket Reader #1 for port 15057
2023-07-25 10:56:36,939 [main] INFO  impl.MetricsSystemImpl (MetricsSystemImpl.java:init(158)) - OzoneManager metrics system started (again)
2023-07-25 10:56:36,955 [main] INFO  om.OzoneManager (OzoneManager.java:start(1624)) - OzoneManager RPC server is listening at localhost/127.0.0.1:15057
2023-07-25 10:56:36,957 [main] INFO  om.OzoneManager (OzoneManager.java:start(1640)) - Version File has different layout version (6) than OM DB (null). That is expected if this OM has never been finalized to a newer layout version.
2023-07-25 10:56:36,976 [main] INFO  http.BaseHttpServer (BaseHttpServer.java:newHttpServer2BuilderForOzone(224)) - Starting Web-server for ozoneManager at: http://0.0.0.0:15058
2023-07-25 10:56:36,976 [main] INFO  http.BaseHttpServer (BaseHttpServer.java:<init>(111)) - Hadoop Security Enabled: false Ozone Security Enabled: false Ozone HTTP Security Enabled: false 
2023-07-25 10:56:36,978 [main] WARN  server.AuthenticationFilter (AuthenticationFilter.java:constructSecretProvider(240)) - Unable to initialize FileSignerSecretProvider, falling back to use random secrets. Reason: Could not read signature secret file: /home/runner/hadoop-http-auth-signature-secret
2023-07-25 10:56:36,981 [main] INFO  http.HttpRequestLog (HttpRequestLog.java:getRequestLog(86)) - Http request log for http.requests.ozoneManager is not defined
2023-07-25 10:56:36,983 [main] INFO  http.HttpServer2 (HttpServer2.java:addGlobalFilter(1031)) - Added global filter 'safety' (class=org.apache.hadoop.hdds.server.http.HttpServer2$QuotingInputFilter)
2023-07-25 10:56:36,984 [main] INFO  http.HttpServer2 (HttpServer2.java:addFilter(1007)) - Added filter static_user_filter (class=org.apache.hadoop.http.lib.StaticUserWebFilter$StaticUserFilter) to context ozoneManager
2023-07-25 10:56:36,984 [main] INFO  http.HttpServer2 (HttpServer2.java:addFilter(1015)) - Added filter static_user_filter (class=org.apache.hadoop.http.lib.StaticUserWebFilter$StaticUserFilter) to context logs
2023-07-25 10:56:36,984 [main] INFO  http.HttpServer2 (HttpServer2.java:addFilter(1015)) - Added filter static_user_filter (class=org.apache.hadoop.http.lib.StaticUserWebFilter$StaticUserFilter) to context static
2023-07-25 10:56:36,985 [main] INFO  http.BaseHttpServer (BaseHttpServer.java:<init>(190)) - HTTP server of ozoneManager uses base directory /home/runner/work/ozone/ozone/hadoop-ozone/integration-test/target/test-dir/MiniOzoneClusterImpl-c4e06dc0-ae81-4e14-96b7-eb66a98ebf91/ozone-meta/webserver
2023-07-25 10:56:36,985 [main] INFO  http.HttpServer2 (HttpServer2.java:bindListener(1250)) - Jetty bound to port 15058
2023-07-25 10:56:36,985 [main] INFO  server.Server (Server.java:doStart(375)) - jetty-9.4.51.v20230217; built: 2023-02-17T08:19:37.309Z; git: b45c405e4544384de066f814ed42ae3dceacdd49; jvm 1.8.0_372-b07
2023-07-25 10:56:36,997 [main] INFO  server.session (DefaultSessionIdManager.java:doStart(334)) - DefaultSessionIdManager workerName=node0
2023-07-25 10:56:36,998 [main] INFO  server.session (DefaultSessionIdManager.java:doStart(339)) - No SessionScavenger set, using defaults
2023-07-25 10:56:36,998 [main] INFO  server.session (HouseKeeper.java:startScavenging(132)) - node0 Scavenging every 660000ms
2023-07-25 10:56:36,999 [main] INFO  handler.ContextHandler (ContextHandler.java:doStart(921)) - Started o.e.j.s.ServletContextHandler@56726d72{logs,/logs,file:///home/runner/work/ozone/ozone/hadoop-ozone/integration-test/target/log,AVAILABLE}
2023-07-25 10:56:37,000 [main] INFO  handler.ContextHandler (ContextHandler.java:doStart(921)) - Started o.e.j.s.ServletContextHandler@40f56e17{static,/static,file:///home/runner/work/ozone/ozone/hadoop-ozone/integration-test/target/test-classes/webapps/static,AVAILABLE}
2023-07-25 10:56:37,003 [main] INFO  handler.ContextHandler (ContextHandler.java:doStart(921)) - Started o.e.j.w.WebAppContext@1ea5f0de{ozoneManager,/,file:///home/runner/work/ozone/ozone/hadoop-ozone/integration-test/target/test-classes/webapps/ozoneManager/,AVAILABLE}{file:/home/runner/work/ozone/ozone/hadoop-ozone/integration-test/target/test-classes/webapps/ozoneManager}
2023-07-25 10:56:37,006 [main] INFO  server.AbstractConnector (AbstractConnector.java:doStart(333)) - Started ServerConnector@8d91042{HTTP/1.1, (http/1.1)}{0.0.0.0:15058}
2023-07-25 10:56:37,007 [main] INFO  server.Server (Server.java:doStart(415)) - Started @94425ms
2023-07-25 10:56:37,007 [main] WARN  impl.MetricsSystemImpl (MetricsSystemImpl.java:register(279)) - Sink prometheus already exists!
2023-07-25 10:56:37,008 [main] INFO  http.BaseHttpServer (BaseHttpServer.java:updateConnectorAddress(344)) - HTTP server of ozoneManager listening at http://0.0.0.0:15058
2023-07-25 10:56:37,009 [IPC Server Responder] INFO  ipc.Server (Server.java:run(1562)) - IPC Server Responder: starting
2023-07-25 10:56:37,017 [IPC Server listener on 15057] INFO  ipc.Server (Server.java:run(1402)) - IPC Server listener on 15057: starting
2023-07-25 10:56:37,021 [main] INFO  om.TrashPolicyOzone (TrashPolicyOzone.java:<init>(277)) - Ozone Manager trash configuration: Deletion interval = 0 minutes, Emptier interval = 0 minutes.
2023-07-25 10:56:37,025 [JvmPauseMonitor8] INFO  util.JvmPauseMonitor (JvmPauseMonitor.java:run(103)) - JvmPauseMonitor-4084ad88-36d8-4679-b3dd-169a098c489e: Started
2023-07-25 10:56:37,048 [main] INFO  impl.MetricsSystemImpl (MetricsSystemImpl.java:init(158)) - HddsDatanode metrics system started (again)
2023-07-25 10:56:37,064 [main] INFO  ozone.HddsDatanodeService (HddsDatanodeService.java:start(237)) - HddsDatanodeService host:fv-az82-323 ip:10.1.0.57
2023-07-25 10:56:37,101 [main] INFO  upgrade.AbstractLayoutVersionManager (AbstractLayoutVersionManager.java:init(83)) - Initializing Layout version manager with metadata layout = HADOOP_PRC_PORTS_IN_DATANODEDETAILS (version = 7), software layout = HADOOP_PRC_PORTS_IN_DATANODEDETAILS (version = 7)
2023-07-25 10:56:37,103 [main] INFO  statemachine.DatanodeStateMachine (DatanodeStateMachine.java:getEndPointTaskThreadPoolSize(279)) - Datanode State Machine Task Thread Pool size 2
2023-07-25 10:56:37,105 [main] INFO  volume.HddsVolume (HddsVolume.java:<init>(126)) - Creating HddsVolume: /home/runner/work/ozone/ozone/hadoop-ozone/integration-test/target/test-dir/MiniOzoneClusterImpl-c4e06dc0-ae81-4e14-96b7-eb66a98ebf91/datanode-0/data-0/containers/hdds of storage type : DISK capacity : 9223372036854775807
2023-07-25 10:56:37,105 [main] INFO  volume.MutableVolumeSet (MutableVolumeSet.java:initializeVolumeSet(173)) - Added Volume : /home/runner/work/ozone/ozone/hadoop-ozone/integration-test/target/test-dir/MiniOzoneClusterImpl-c4e06dc0-ae81-4e14-96b7-eb66a98ebf91/datanode-0/data-0/containers/hdds to VolumeSet
2023-07-25 10:56:37,106 [main] INFO  volume.MutableVolumeSet (MutableVolumeSet.java:initializeVolumeSet(173)) - Added Volume : /home/runner/work/ozone/ozone/hadoop-ozone/integration-test/target/test-dir/MiniOzoneClusterImpl-c4e06dc0-ae81-4e14-96b7-eb66a98ebf91/datanode-0/data/ratis to VolumeSet
2023-07-25 10:56:37,107 [Thread-810] INFO  ozoneimpl.ContainerReader (ContainerReader.java:readVolume(177)) - Finish verifying containers on volume /home/runner/work/ozone/ozone/hadoop-ozone/integration-test/target/test-dir/MiniOzoneClusterImpl-c4e06dc0-ae81-4e14-96b7-eb66a98ebf91/datanode-0/data-0/containers/hdds
2023-07-25 10:56:37,107 [main] INFO  ozoneimpl.OzoneContainer (OzoneContainer.java:buildContainerSet(316)) - Build ContainerSet costs 0s
2023-07-25 10:56:37,110 [main] INFO  server.RaftServer (ConfUtils.java:logGet(46)) - raft.rpc.type = GRPC (default)
2023-07-25 10:56:37,117 [main] INFO  grpc.GrpcConfigKeys (ConfUtils.java:logFallback(53)) - raft.grpc.admin.host = null (fallback to raft.grpc.server.host)
2023-07-25 10:56:37,117 [main] INFO  grpc.GrpcConfigKeys (ConfUtils.java:logGet(46)) - raft.grpc.admin.port = 15066 (custom)
2023-07-25 10:56:37,117 [main] INFO  grpc.GrpcConfigKeys (ConfUtils.java:logFallback(53)) - raft.grpc.client.host = null (fallback to raft.grpc.server.host)
2023-07-25 10:56:37,118 [main] INFO  grpc.GrpcConfigKeys (ConfUtils.java:logGet(46)) - raft.grpc.client.port = 15065 (custom)
2023-07-25 10:56:37,118 [main] INFO  grpc.GrpcConfigKeys (ConfUtils.java:logGet(46)) - raft.grpc.server.host = null (default)
2023-07-25 10:56:37,118 [main] INFO  grpc.GrpcConfigKeys (ConfUtils.java:logGet(46)) - raft.grpc.server.port = 15067 (custom)
2023-07-25 10:56:37,118 [main] INFO  server.GrpcService (ConfUtils.java:logGet(46)) - raft.grpc.message.size.max = 32MB (=33554432) (custom)
2023-07-25 10:56:37,118 [main] INFO  server.RaftServerConfigKeys (ConfUtils.java:logGet(46)) - raft.server.log.appender.buffer.byte-limit = 33554432 (custom)
2023-07-25 10:56:37,118 [main] INFO  server.GrpcService (ConfUtils.java:logGet(46)) - raft.grpc.flow.control.window = 5MB (=5242880) (custom)
2023-07-25 10:56:37,119 [main] INFO  server.RaftServerConfigKeys (ConfUtils.java:logGet(46)) - raft.server.rpc.request.timeout = 60s (custom)
2023-07-25 10:56:37,119 [main] INFO  grpc.GrpcConfigKeys (ConfUtils.java:logGet(46)) - raft.grpc.server.heartbeat.channel = true (default)
2023-07-25 10:56:37,119 [main] INFO  grpc.GrpcConfigKeys (ConfUtils.java:logGet(46)) - raft.grpc.server.async.request.thread.pool.cached = true (default)
2023-07-25 10:56:37,119 [main] INFO  grpc.GrpcConfigKeys (ConfUtils.java:logGet(46)) - raft.grpc.server.async.request.thread.pool.size = 32 (default)
2023-07-25 10:56:37,123 [main] INFO  impl.DataStreamServerImpl (ConfUtils.java:logGet(46)) - raft.datastream.type = NETTY (custom)
2023-07-25 10:56:37,124 [main] INFO  server.RaftServerConfigKeys (ConfUtils.java:logGet(46)) - raft.server.data-stream.async.request.thread.pool.cached = false (default)
2023-07-25 10:56:37,124 [main] INFO  server.RaftServerConfigKeys (ConfUtils.java:logGet(46)) - raft.server.data-stream.async.request.thread.pool.size = 20 (custom)
2023-07-25 10:56:37,124 [main] INFO  server.RaftServerConfigKeys (ConfUtils.java:logGet(46)) - raft.server.data-stream.async.write.thread.pool.size = 16 (default)
2023-07-25 10:56:37,124 [main] INFO  server.RaftServerConfigKeys (ConfUtils.java:logGet(46)) - raft.server.data-stream.client.pool.size = 10 (default)
2023-07-25 10:56:37,124 [main] INFO  netty.NettyConfigKeys$DataStream (ConfUtils.java:logGet(46)) - raft.netty.dataStream.server.use-epoll = false (default)
2023-07-25 10:56:37,124 [main] INFO  netty.NettyConfigKeys$DataStream (ConfUtils.java:logGet(46)) - raft.netty.dataStream.server.boss-group.size = 0 (default)
2023-07-25 10:56:37,125 [main] INFO  netty.NettyConfigKeys$DataStream (ConfUtils.java:logGet(46)) - raft.netty.dataStream.server.worker-group.size = 0 (default)
2023-07-25 10:56:37,126 [main] INFO  netty.NettyConfigKeys$DataStream (ConfUtils.java:logGet(46)) - raft.netty.dataStream.server.tls.conf = null (default)
2023-07-25 10:56:37,126 [main] INFO  netty.NettyConfigKeys$DataStream (ConfUtils.java:logGet(46)) - raft.netty.dataStream.host = null (default)
2023-07-25 10:56:37,126 [main] INFO  netty.NettyConfigKeys$DataStream (ConfUtils.java:logGet(46)) - raft.netty.dataStream.port = 15068 (custom)
2023-07-25 10:56:37,129 [main] INFO  server.RaftServerConfigKeys (ConfUtils.java:logGet(46)) - raft.server.threadpool.proxy.cached = true (default)
2023-07-25 10:56:37,129 [main] INFO  server.RaftServerConfigKeys (ConfUtils.java:logGet(46)) - raft.server.threadpool.proxy.size = 0 (default)
2023-07-25 10:56:37,129 [main] INFO  server.RaftServerConfigKeys (ConfUtils.java:logGet(46)) - raft.server.rpc.slowness.timeout = 300s (custom)
2023-07-25 10:56:37,129 [main] INFO  server.RaftServerConfigKeys (ConfUtils.java:logGet(46)) - raft.server.leaderelection.leader.step-down.wait-time = 10s (default)
2023-07-25 10:56:37,130 [main] INFO  server.RaftServerConfigKeys (ConfUtils.java:logGet(46)) - raft.server.storage.dir = [/home/runner/work/ozone/ozone/hadoop-ozone/integration-test/target/test-dir/MiniOzoneClusterImpl-c4e06dc0-ae81-4e14-96b7-eb66a98ebf91/datanode-0/data/ratis] (custom)
2023-07-25 10:56:37,130 [2ac24d38-c694-40fc-bc53-1be83d90b269-NettyServerStreamRpc-bossGroup--thread1] INFO  logging.LoggingHandler (AbstractInternalLogger.java:log(148)) - [id: 0x66f1c993] REGISTERED
2023-07-25 10:56:37,130 [2ac24d38-c694-40fc-bc53-1be83d90b269-NettyServerStreamRpc-bossGroup--thread1] INFO  logging.LoggingHandler (AbstractInternalLogger.java:log(148)) - [id: 0x66f1c993] BIND: 0.0.0.0/0.0.0.0:15068
2023-07-25 10:56:37,132 [2ac24d38-c694-40fc-bc53-1be83d90b269-NettyServerStreamRpc-bossGroup--thread1] INFO  logging.LoggingHandler (AbstractInternalLogger.java:log(148)) - [id: 0x66f1c993, L:/0:0:0:0:0:0:0:0:15068] ACTIVE
2023-07-25 10:56:37,133 [2ac24d38-c694-40fc-bc53-1be83d90b269-impl-thread1] INFO  server.RaftServer (RaftServerProxy.java:initGroupDir(258)) - 2ac24d38-c694-40fc-bc53-1be83d90b269: found a subdirectory /home/runner/work/ozone/ozone/hadoop-ozone/integration-test/target/test-dir/MiniOzoneClusterImpl-c4e06dc0-ae81-4e14-96b7-eb66a98ebf91/datanode-0/data/ratis/tmp
2023-07-25 10:56:37,133 [2ac24d38-c694-40fc-bc53-1be83d90b269-impl-thread1] INFO  server.RaftServer (RaftServerProxy.java:initGroupDir(263)) - 2ac24d38-c694-40fc-bc53-1be83d90b269: The directory /home/runner/work/ozone/ozone/hadoop-ozone/integration-test/target/test-dir/MiniOzoneClusterImpl-c4e06dc0-ae81-4e14-96b7-eb66a98ebf91/datanode-0/data/ratis/tmp is not a group directory; ignoring it. 
2023-07-25 10:56:37,135 [main] INFO  server.XceiverServerGrpc (XceiverServerGrpc.java:<init>(132)) - GrpcServer channel type EpollServerSocketChannel
2023-07-25 10:56:37,139 [main] INFO  replication.ReplicationSupervisor (ReplicationSupervisor.java:nodeStateUpdated(305)) - Node state updated to IN_SERVICE, scaling executor pool size to 10
2023-07-25 10:56:37,146 [main] INFO  http.BaseHttpServer (BaseHttpServer.java:newHttpServer2BuilderForOzone(224)) - Starting Web-server for hddsDatanode at: http://0.0.0.0:15062
2023-07-25 10:56:37,146 [main] INFO  http.BaseHttpServer (BaseHttpServer.java:<init>(111)) - Hadoop Security Enabled: false Ozone Security Enabled: false Ozone HTTP Security Enabled: false 
2023-07-25 10:56:37,148 [main] WARN  server.AuthenticationFilter (AuthenticationFilter.java:constructSecretProvider(240)) - Unable to initialize FileSignerSecretProvider, falling back to use random secrets. Reason: Could not read signature secret file: /home/runner/hadoop-http-auth-signature-secret
2023-07-25 10:56:37,149 [main] INFO  http.HttpRequestLog (HttpRequestLog.java:getRequestLog(86)) - Http request log for http.requests.hddsDatanode is not defined
2023-07-25 10:56:37,151 [main] INFO  http.HttpServer2 (HttpServer2.java:addGlobalFilter(1031)) - Added global filter 'safety' (class=org.apache.hadoop.hdds.server.http.HttpServer2$QuotingInputFilter)
2023-07-25 10:56:37,151 [main] INFO  http.HttpServer2 (HttpServer2.java:addFilter(1007)) - Added filter static_user_filter (class=org.apache.hadoop.http.lib.StaticUserWebFilter$StaticUserFilter) to context hddsDatanode
2023-07-25 10:56:37,152 [main] INFO  http.HttpServer2 (HttpServer2.java:addFilter(1015)) - Added filter static_user_filter (class=org.apache.hadoop.http.lib.StaticUserWebFilter$StaticUserFilter) to context static
2023-07-25 10:56:37,152 [main] INFO  http.HttpServer2 (HttpServer2.java:addFilter(1015)) - Added filter static_user_filter (class=org.apache.hadoop.http.lib.StaticUserWebFilter$StaticUserFilter) to context logs
2023-07-25 10:56:37,152 [main] INFO  http.BaseHttpServer (BaseHttpServer.java:<init>(190)) - HTTP server of hddsDatanode uses base directory /home/runner/work/ozone/ozone/hadoop-ozone/integration-test/target/test-dir/MiniOzoneClusterImpl-c4e06dc0-ae81-4e14-96b7-eb66a98ebf91/datanode-0/meta/webserver
2023-07-25 10:56:37,153 [main] INFO  http.HttpServer2 (HttpServer2.java:bindListener(1250)) - Jetty bound to port 15062
2023-07-25 10:56:37,155 [main] INFO  server.Server (Server.java:doStart(375)) - jetty-9.4.51.v20230217; built: 2023-02-17T08:19:37.309Z; git: b45c405e4544384de066f814ed42ae3dceacdd49; jvm 1.8.0_372-b07
2023-07-25 10:56:37,161 [main] INFO  server.session (DefaultSessionIdManager.java:doStart(334)) - DefaultSessionIdManager workerName=node0
2023-07-25 10:56:37,161 [main] INFO  server.session (DefaultSessionIdManager.java:doStart(339)) - No SessionScavenger set, using defaults
2023-07-25 10:56:37,161 [main] INFO  server.session (HouseKeeper.java:startScavenging(132)) - node0 Scavenging every 600000ms
2023-07-25 10:56:37,162 [main] INFO  handler.ContextHandler (ContextHandler.java:doStart(921)) - Started o.e.j.s.ServletContextHandler@5c5c9be0{logs,/logs,file:///home/runner/work/ozone/ozone/hadoop-ozone/integration-test/target/log,AVAILABLE}
2023-07-25 10:56:37,163 [main] INFO  handler.ContextHandler (ContextHandler.java:doStart(921)) - Started o.e.j.s.ServletContextHandler@19186e32{static,/static,jar:file:/home/runner/.m2/repository/org/apache/ozone/hdds-container-service/1.4.0-SNAPSHOT/hdds-container-service-1.4.0-SNAPSHOT.jar!/webapps/static,AVAILABLE}
2023-07-25 10:56:37,406 [main] INFO  handler.ContextHandler (ContextHandler.java:doStart(921)) - Started o.e.j.w.WebAppContext@6d0abe5{hddsDatanode,/,file:///home/runner/work/ozone/ozone/hadoop-ozone/integration-test/target/test-dir/MiniOzoneClusterImpl-c4e06dc0-ae81-4e14-96b7-eb66a98ebf91/datanode-0/meta/webserver/jetty-0_0_0_0-15062-hdds-container-service-1_4_0-SNAPSHOT_jar-_-any-1337453759747634130/webapp/,AVAILABLE}{jar:file:/home/runner/.m2/repository/org/apache/ozone/hdds-container-service/1.4.0-SNAPSHOT/hdds-container-service-1.4.0-SNAPSHOT.jar!/webapps/hddsDatanode}
2023-07-25 10:56:37,408 [main] INFO  server.AbstractConnector (AbstractConnector.java:doStart(333)) - Started ServerConnector@77cbdc79{HTTP/1.1, (http/1.1)}{0.0.0.0:15062}
2023-07-25 10:56:37,408 [main] INFO  server.Server (Server.java:doStart(415)) - Started @94827ms
2023-07-25 10:56:37,409 [main] WARN  impl.MetricsSystemImpl (MetricsSystemImpl.java:register(279)) - Sink prometheus already exists!
2023-07-25 10:56:37,409 [main] INFO  http.BaseHttpServer (BaseHttpServer.java:updateConnectorAddress(344)) - HTTP server of hddsDatanode listening at http://0.0.0.0:15062
2023-07-25 10:56:37,410 [main] INFO  ipc.CallQueueManager (CallQueueManager.java:<init>(90)) - Using callQueue: class java.util.concurrent.LinkedBlockingQueue, queueCapacity: 100, scheduler: class org.apache.hadoop.ipc.DefaultRpcScheduler, ipcBackoff: false.
2023-07-25 10:56:37,410 [main] INFO  ipc.Server (Server.java:<init>(1287)) - Listener at 0.0.0.0:15063
2023-07-25 10:56:37,411 [Socket Reader #1 for port 15063] INFO  ipc.Server (Server.java:run(1323)) - Starting Socket Reader #1 for port 15063
2023-07-25 10:56:37,413 [main] INFO  ozone.HddsDatanodeService (HddsDatanodeService.java:start(315)) - Datanode start with admins: [runner]
2023-07-25 10:56:37,413 [main] INFO  ozone.HddsDatanodeClientProtocolServer (HddsDatanodeClientProtocolServer.java:start(72)) - RPC server for Client /0.0.0.0:15063
2023-07-25 10:56:37,413 [IPC Server Responder] INFO  ipc.Server (Server.java:run(1562)) - IPC Server Responder: starting
2023-07-25 10:56:37,414 [Datanode State Machine Daemon Thread] INFO  statemachine.DatanodeStateMachine (DatanodeStateMachine.java:lambda$startDaemon$0(531)) - Ozone container server started.
2023-07-25 10:56:37,417 [IPC Server listener on 15063] INFO  ipc.Server (Server.java:run(1402)) - IPC Server listener on 15063: starting
2023-07-25 10:56:37,414 [main] WARN  impl.MetricRegistriesImpl (MetricRegistriesImpl.java:addReporterRegistration(111)) - New reporters are added after registries were created. Some metrics will be missing from the reporter. Please add reporter before adding any new registry.
2023-07-25 10:56:37,418 [main] WARN  impl.MetricRegistriesImpl (MetricRegistriesImpl.java:addReporterRegistration(111)) - New reporters are added after registries were created. Some metrics will be missing from the reporter. Please add reporter before adding any new registry.
2023-07-25 10:56:37,418 [main] INFO  impl.MetricsSystemImpl (MetricsSystemImpl.java:init(158)) - HddsDatanode metrics system started (again)
2023-07-25 10:56:37,435 [main] INFO  ozone.HddsDatanodeService (HddsDatanodeService.java:start(237)) - HddsDatanodeService host:fv-az82-323 ip:10.1.0.57
2023-07-25 10:56:37,438 [Datanode State Machine Task Thread - 0] INFO  datanode.InitDatanodeState (InitDatanodeState.java:persistContainerDatanodeDetails(138)) - DatanodeDetails is persisted to /home/runner/work/ozone/ozone/hadoop-ozone/integration-test/target/test-dir/MiniOzoneClusterImpl-c4e06dc0-ae81-4e14-96b7-eb66a98ebf91/datanode-0/meta/datanode.id
2023-07-25 10:56:37,474 [main] INFO  upgrade.AbstractLayoutVersionManager (AbstractLayoutVersionManager.java:init(83)) - Initializing Layout version manager with metadata layout = HADOOP_PRC_PORTS_IN_DATANODEDETAILS (version = 7), software layout = HADOOP_PRC_PORTS_IN_DATANODEDETAILS (version = 7)
2023-07-25 10:56:37,475 [main] INFO  statemachine.DatanodeStateMachine (DatanodeStateMachine.java:getEndPointTaskThreadPoolSize(279)) - Datanode State Machine Task Thread Pool size 2
2023-07-25 10:56:37,477 [main] INFO  volume.HddsVolume (HddsVolume.java:<init>(126)) - Creating HddsVolume: /home/runner/work/ozone/ozone/hadoop-ozone/integration-test/target/test-dir/MiniOzoneClusterImpl-c4e06dc0-ae81-4e14-96b7-eb66a98ebf91/datanode-1/data-0/containers/hdds of storage type : DISK capacity : 9223372036854775807
2023-07-25 10:56:37,477 [main] INFO  volume.MutableVolumeSet (MutableVolumeSet.java:initializeVolumeSet(173)) - Added Volume : /home/runner/work/ozone/ozone/hadoop-ozone/integration-test/target/test-dir/MiniOzoneClusterImpl-c4e06dc0-ae81-4e14-96b7-eb66a98ebf91/datanode-1/data-0/containers/hdds to VolumeSet
2023-07-25 10:56:37,478 [main] INFO  volume.MutableVolumeSet (MutableVolumeSet.java:initializeVolumeSet(173)) - Added Volume : /home/runner/work/ozone/ozone/hadoop-ozone/integration-test/target/test-dir/MiniOzoneClusterImpl-c4e06dc0-ae81-4e14-96b7-eb66a98ebf91/datanode-1/data/ratis to VolumeSet
2023-07-25 10:56:37,485 [Thread-827] INFO  ozoneimpl.ContainerReader (ContainerReader.java:readVolume(177)) - Finish verifying containers on volume /home/runner/work/ozone/ozone/hadoop-ozone/integration-test/target/test-dir/MiniOzoneClusterImpl-c4e06dc0-ae81-4e14-96b7-eb66a98ebf91/datanode-1/data-0/containers/hdds
2023-07-25 10:56:37,485 [main] INFO  ozoneimpl.OzoneContainer (OzoneContainer.java:buildContainerSet(316)) - Build ContainerSet costs 0s
2023-07-25 10:56:37,488 [main] INFO  server.RaftServer (ConfUtils.java:logGet(46)) - raft.rpc.type = GRPC (default)
2023-07-25 10:56:37,488 [main] INFO  grpc.GrpcConfigKeys (ConfUtils.java:logFallback(53)) - raft.grpc.admin.host = null (fallback to raft.grpc.server.host)
2023-07-25 10:56:37,488 [main] INFO  grpc.GrpcConfigKeys (ConfUtils.java:logGet(46)) - raft.grpc.admin.port = 15075 (custom)
2023-07-25 10:56:37,489 [main] INFO  grpc.GrpcConfigKeys (ConfUtils.java:logFallback(53)) - raft.grpc.client.host = null (fallback to raft.grpc.server.host)
2023-07-25 10:56:37,489 [main] INFO  grpc.GrpcConfigKeys (ConfUtils.java:logGet(46)) - raft.grpc.client.port = 15074 (custom)
2023-07-25 10:56:37,489 [main] INFO  grpc.GrpcConfigKeys (ConfUtils.java:logGet(46)) - raft.grpc.server.host = null (default)
2023-07-25 10:56:37,489 [main] INFO  grpc.GrpcConfigKeys (ConfUtils.java:logGet(46)) - raft.grpc.server.port = 15076 (custom)
2023-07-25 10:56:37,489 [main] INFO  server.GrpcService (ConfUtils.java:logGet(46)) - raft.grpc.message.size.max = 32MB (=33554432) (custom)
2023-07-25 10:56:37,489 [main] INFO  server.RaftServerConfigKeys (ConfUtils.java:logGet(46)) - raft.server.log.appender.buffer.byte-limit = 33554432 (custom)
2023-07-25 10:56:37,490 [main] INFO  server.GrpcService (ConfUtils.java:logGet(46)) - raft.grpc.flow.control.window = 5MB (=5242880) (custom)
2023-07-25 10:56:37,490 [main] INFO  server.RaftServerConfigKeys (ConfUtils.java:logGet(46)) - raft.server.rpc.request.timeout = 60s (custom)
2023-07-25 10:56:37,490 [main] INFO  grpc.GrpcConfigKeys (ConfUtils.java:logGet(46)) - raft.grpc.server.heartbeat.channel = true (default)
2023-07-25 10:56:37,490 [main] INFO  grpc.GrpcConfigKeys (ConfUtils.java:logGet(46)) - raft.grpc.server.async.request.thread.pool.cached = true (default)
2023-07-25 10:56:37,490 [main] INFO  grpc.GrpcConfigKeys (ConfUtils.java:logGet(46)) - raft.grpc.server.async.request.thread.pool.size = 32 (default)
2023-07-25 10:56:37,493 [main] INFO  impl.DataStreamServerImpl (ConfUtils.java:logGet(46)) - raft.datastream.type = NETTY (custom)
2023-07-25 10:56:37,494 [main] INFO  server.RaftServerConfigKeys (ConfUtils.java:logGet(46)) - raft.server.data-stream.async.request.thread.pool.cached = false (default)
2023-07-25 10:56:37,494 [main] INFO  server.RaftServerConfigKeys (ConfUtils.java:logGet(46)) - raft.server.data-stream.async.request.thread.pool.size = 20 (custom)
2023-07-25 10:56:37,494 [main] INFO  server.RaftServerConfigKeys (ConfUtils.java:logGet(46)) - raft.server.data-stream.async.write.thread.pool.size = 16 (default)
2023-07-25 10:56:37,494 [main] INFO  server.RaftServerConfigKeys (ConfUtils.java:logGet(46)) - raft.server.data-stream.client.pool.size = 10 (default)
2023-07-25 10:56:37,495 [main] INFO  netty.NettyConfigKeys$DataStream (ConfUtils.java:logGet(46)) - raft.netty.dataStream.server.use-epoll = false (default)
2023-07-25 10:56:37,495 [main] INFO  netty.NettyConfigKeys$DataStream (ConfUtils.java:logGet(46)) - raft.netty.dataStream.server.boss-group.size = 0 (default)
2023-07-25 10:56:37,495 [main] INFO  netty.NettyConfigKeys$DataStream (ConfUtils.java:logGet(46)) - raft.netty.dataStream.server.worker-group.size = 0 (default)
2023-07-25 10:56:37,496 [main] INFO  netty.NettyConfigKeys$DataStream (ConfUtils.java:logGet(46)) - raft.netty.dataStream.server.tls.conf = null (default)
2023-07-25 10:56:37,496 [main] INFO  netty.NettyConfigKeys$DataStream (ConfUtils.java:logGet(46)) - raft.netty.dataStream.host = null (default)
2023-07-25 10:56:37,496 [main] INFO  netty.NettyConfigKeys$DataStream (ConfUtils.java:logGet(46)) - raft.netty.dataStream.port = 15077 (custom)
2023-07-25 10:56:37,497 [main] INFO  server.RaftServerConfigKeys (ConfUtils.java:logGet(46)) - raft.server.threadpool.proxy.cached = true (default)
2023-07-25 10:56:37,497 [main] INFO  server.RaftServerConfigKeys (ConfUtils.java:logGet(46)) - raft.server.threadpool.proxy.size = 0 (default)
2023-07-25 10:56:37,497 [ab2ae7ff-5675-45b3-bfb0-4ee1241a3635-NettyServerStreamRpc-bossGroup--thread1] INFO  logging.LoggingHandler (AbstractInternalLogger.java:log(148)) - [id: 0xce7acb68] REGISTERED
2023-07-25 10:56:37,497 [main] INFO  server.RaftServerConfigKeys (ConfUtils.java:logGet(46)) - raft.server.rpc.slowness.timeout = 300s (custom)
2023-07-25 10:56:37,497 [main] INFO  server.RaftServerConfigKeys (ConfUtils.java:logGet(46)) - raft.server.leaderelection.leader.step-down.wait-time = 10s (default)
2023-07-25 10:56:37,497 [ab2ae7ff-5675-45b3-bfb0-4ee1241a3635-NettyServerStreamRpc-bossGroup--thread1] INFO  logging.LoggingHandler (AbstractInternalLogger.java:log(148)) - [id: 0xce7acb68] BIND: 0.0.0.0/0.0.0.0:15077
2023-07-25 10:56:37,498 [main] INFO  server.RaftServerConfigKeys (ConfUtils.java:logGet(46)) - raft.server.storage.dir = [/home/runner/work/ozone/ozone/hadoop-ozone/integration-test/target/test-dir/MiniOzoneClusterImpl-c4e06dc0-ae81-4e14-96b7-eb66a98ebf91/datanode-1/data/ratis] (custom)
2023-07-25 10:56:37,498 [ab2ae7ff-5675-45b3-bfb0-4ee1241a3635-NettyServerStreamRpc-bossGroup--thread1] INFO  logging.LoggingHandler (AbstractInternalLogger.java:log(148)) - [id: 0xce7acb68, L:/0:0:0:0:0:0:0:0:15077] ACTIVE
2023-07-25 10:56:37,498 [ab2ae7ff-5675-45b3-bfb0-4ee1241a3635-impl-thread1] INFO  server.RaftServer (RaftServerProxy.java:initGroupDir(258)) - ab2ae7ff-5675-45b3-bfb0-4ee1241a3635: found a subdirectory /home/runner/work/ozone/ozone/hadoop-ozone/integration-test/target/test-dir/MiniOzoneClusterImpl-c4e06dc0-ae81-4e14-96b7-eb66a98ebf91/datanode-1/data/ratis/tmp
2023-07-25 10:56:37,499 [ab2ae7ff-5675-45b3-bfb0-4ee1241a3635-impl-thread1] INFO  server.RaftServer (RaftServerProxy.java:initGroupDir(263)) - ab2ae7ff-5675-45b3-bfb0-4ee1241a3635: The directory /home/runner/work/ozone/ozone/hadoop-ozone/integration-test/target/test-dir/MiniOzoneClusterImpl-c4e06dc0-ae81-4e14-96b7-eb66a98ebf91/datanode-1/data/ratis/tmp is not a group directory; ignoring it. 
2023-07-25 10:56:37,500 [main] INFO  server.XceiverServerGrpc (XceiverServerGrpc.java:<init>(132)) - GrpcServer channel type EpollServerSocketChannel
2023-07-25 10:56:37,509 [main] INFO  replication.ReplicationSupervisor (ReplicationSupervisor.java:nodeStateUpdated(305)) - Node state updated to IN_SERVICE, scaling executor pool size to 10
2023-07-25 10:56:37,512 [main] INFO  http.BaseHttpServer (BaseHttpServer.java:newHttpServer2BuilderForOzone(224)) - Starting Web-server for hddsDatanode at: http://0.0.0.0:15071
2023-07-25 10:56:37,512 [main] INFO  http.BaseHttpServer (BaseHttpServer.java:<init>(111)) - Hadoop Security Enabled: false Ozone Security Enabled: false Ozone HTTP Security Enabled: false 
2023-07-25 10:56:37,514 [main] WARN  server.AuthenticationFilter (AuthenticationFilter.java:constructSecretProvider(240)) - Unable to initialize FileSignerSecretProvider, falling back to use random secrets. Reason: Could not read signature secret file: /home/runner/hadoop-http-auth-signature-secret
2023-07-25 10:56:37,519 [main] INFO  http.HttpRequestLog (HttpRequestLog.java:getRequestLog(86)) - Http request log for http.requests.hddsDatanode is not defined
2023-07-25 10:56:37,521 [main] INFO  http.HttpServer2 (HttpServer2.java:addGlobalFilter(1031)) - Added global filter 'safety' (class=org.apache.hadoop.hdds.server.http.HttpServer2$QuotingInputFilter)
2023-07-25 10:56:37,522 [main] INFO  http.HttpServer2 (HttpServer2.java:addFilter(1007)) - Added filter static_user_filter (class=org.apache.hadoop.http.lib.StaticUserWebFilter$StaticUserFilter) to context hddsDatanode
2023-07-25 10:56:37,522 [main] INFO  http.HttpServer2 (HttpServer2.java:addFilter(1015)) - Added filter static_user_filter (class=org.apache.hadoop.http.lib.StaticUserWebFilter$StaticUserFilter) to context logs
2023-07-25 10:56:37,522 [main] INFO  http.HttpServer2 (HttpServer2.java:addFilter(1015)) - Added filter static_user_filter (class=org.apache.hadoop.http.lib.StaticUserWebFilter$StaticUserFilter) to context static
2023-07-25 10:56:37,523 [main] INFO  http.BaseHttpServer (BaseHttpServer.java:<init>(190)) - HTTP server of hddsDatanode uses base directory /home/runner/work/ozone/ozone/hadoop-ozone/integration-test/target/test-dir/MiniOzoneClusterImpl-c4e06dc0-ae81-4e14-96b7-eb66a98ebf91/datanode-1/meta/webserver
2023-07-25 10:56:37,524 [main] INFO  http.HttpServer2 (HttpServer2.java:bindListener(1250)) - Jetty bound to port 15071
2023-07-25 10:56:37,524 [main] INFO  server.Server (Server.java:doStart(375)) - jetty-9.4.51.v20230217; built: 2023-02-17T08:19:37.309Z; git: b45c405e4544384de066f814ed42ae3dceacdd49; jvm 1.8.0_372-b07
2023-07-25 10:56:37,530 [main] INFO  server.session (DefaultSessionIdManager.java:doStart(334)) - DefaultSessionIdManager workerName=node0
2023-07-25 10:56:37,530 [main] INFO  server.session (DefaultSessionIdManager.java:doStart(339)) - No SessionScavenger set, using defaults
2023-07-25 10:56:37,530 [main] INFO  server.session (HouseKeeper.java:startScavenging(132)) - node0 Scavenging every 660000ms
2023-07-25 10:56:37,532 [main] INFO  handler.ContextHandler (ContextHandler.java:doStart(921)) - Started o.e.j.s.ServletContextHandler@4fa2e6b8{logs,/logs,file:///home/runner/work/ozone/ozone/hadoop-ozone/integration-test/target/log,AVAILABLE}
2023-07-25 10:56:37,533 [main] INFO  handler.ContextHandler (ContextHandler.java:doStart(921)) - Started o.e.j.s.ServletContextHandler@2e8fdec5{static,/static,jar:file:/home/runner/.m2/repository/org/apache/ozone/hdds-container-service/1.4.0-SNAPSHOT/hdds-container-service-1.4.0-SNAPSHOT.jar!/webapps/static,AVAILABLE}
2023-07-25 10:56:37,790 [main] INFO  handler.ContextHandler (ContextHandler.java:doStart(921)) - Started o.e.j.w.WebAppContext@4f71393{hddsDatanode,/,file:///home/runner/work/ozone/ozone/hadoop-ozone/integration-test/target/test-dir/MiniOzoneClusterImpl-c4e06dc0-ae81-4e14-96b7-eb66a98ebf91/datanode-1/meta/webserver/jetty-0_0_0_0-15071-hdds-container-service-1_4_0-SNAPSHOT_jar-_-any-1320903250844794507/webapp/,AVAILABLE}{jar:file:/home/runner/.m2/repository/org/apache/ozone/hdds-container-service/1.4.0-SNAPSHOT/hdds-container-service-1.4.0-SNAPSHOT.jar!/webapps/hddsDatanode}
2023-07-25 10:56:37,793 [main] INFO  server.AbstractConnector (AbstractConnector.java:doStart(333)) - Started ServerConnector@54bcc14e{HTTP/1.1, (http/1.1)}{0.0.0.0:15071}
2023-07-25 10:56:37,793 [main] INFO  server.Server (Server.java:doStart(415)) - Started @95211ms
2023-07-25 10:56:37,793 [main] WARN  impl.MetricsSystemImpl (MetricsSystemImpl.java:register(279)) - Sink prometheus already exists!
2023-07-25 10:56:37,794 [main] INFO  http.BaseHttpServer (BaseHttpServer.java:updateConnectorAddress(344)) - HTTP server of hddsDatanode listening at http://0.0.0.0:15071
2023-07-25 10:56:37,795 [main] INFO  ipc.CallQueueManager (CallQueueManager.java:<init>(90)) - Using callQueue: class java.util.concurrent.LinkedBlockingQueue, queueCapacity: 100, scheduler: class org.apache.hadoop.ipc.DefaultRpcScheduler, ipcBackoff: false.
2023-07-25 10:56:37,796 [main] INFO  ipc.Server (Server.java:<init>(1287)) - Listener at 0.0.0.0:15072
2023-07-25 10:56:37,797 [Socket Reader #1 for port 15072] INFO  ipc.Server (Server.java:run(1323)) - Starting Socket Reader #1 for port 15072
2023-07-25 10:56:37,800 [main] INFO  ozone.HddsDatanodeService (HddsDatanodeService.java:start(315)) - Datanode start with admins: [runner]
2023-07-25 10:56:37,801 [main] INFO  ozone.HddsDatanodeClientProtocolServer (HddsDatanodeClientProtocolServer.java:start(72)) - RPC server for Client /0.0.0.0:15072
2023-07-25 10:56:37,801 [IPC Server Responder] INFO  ipc.Server (Server.java:run(1562)) - IPC Server Responder: starting
2023-07-25 10:56:37,810 [Datanode State Machine Daemon Thread] INFO  statemachine.DatanodeStateMachine (DatanodeStateMachine.java:lambda$startDaemon$0(531)) - Ozone container server started.
2023-07-25 10:56:37,810 [main] WARN  impl.MetricRegistriesImpl (MetricRegistriesImpl.java:addReporterRegistration(111)) - New reporters are added after registries were created. Some metrics will be missing from the reporter. Please add reporter before adding any new registry.
2023-07-25 10:56:37,810 [main] WARN  impl.MetricRegistriesImpl (MetricRegistriesImpl.java:addReporterRegistration(111)) - New reporters are added after registries were created. Some metrics will be missing from the reporter. Please add reporter before adding any new registry.
2023-07-25 10:56:37,810 [main] INFO  impl.MetricsSystemImpl (MetricsSystemImpl.java:init(158)) - HddsDatanode metrics system started (again)
2023-07-25 10:56:37,821 [IPC Server listener on 15072] INFO  ipc.Server (Server.java:run(1402)) - IPC Server listener on 15072: starting
2023-07-25 10:56:37,852 [main] INFO  ozone.HddsDatanodeService (HddsDatanodeService.java:start(237)) - HddsDatanodeService host:fv-az82-323 ip:10.1.0.57
2023-07-25 10:56:37,856 [Datanode State Machine Task Thread - 0] INFO  datanode.InitDatanodeState (InitDatanodeState.java:persistContainerDatanodeDetails(138)) - DatanodeDetails is persisted to /home/runner/work/ozone/ozone/hadoop-ozone/integration-test/target/test-dir/MiniOzoneClusterImpl-c4e06dc0-ae81-4e14-96b7-eb66a98ebf91/datanode-1/meta/datanode.id
2023-07-25 10:56:37,885 [main] INFO  upgrade.AbstractLayoutVersionManager (AbstractLayoutVersionManager.java:init(83)) - Initializing Layout version manager with metadata layout = HADOOP_PRC_PORTS_IN_DATANODEDETAILS (version = 7), software layout = HADOOP_PRC_PORTS_IN_DATANODEDETAILS (version = 7)
2023-07-25 10:56:37,886 [main] INFO  statemachine.DatanodeStateMachine (DatanodeStateMachine.java:getEndPointTaskThreadPoolSize(279)) - Datanode State Machine Task Thread Pool size 2
2023-07-25 10:56:37,887 [main] INFO  volume.HddsVolume (HddsVolume.java:<init>(126)) - Creating HddsVolume: /home/runner/work/ozone/ozone/hadoop-ozone/integration-test/target/test-dir/MiniOzoneClusterImpl-c4e06dc0-ae81-4e14-96b7-eb66a98ebf91/datanode-2/data-0/containers/hdds of storage type : DISK capacity : 9223372036854775807
2023-07-25 10:56:37,888 [main] INFO  volume.MutableVolumeSet (MutableVolumeSet.java:initializeVolumeSet(173)) - Added Volume : /home/runner/work/ozone/ozone/hadoop-ozone/integration-test/target/test-dir/MiniOzoneClusterImpl-c4e06dc0-ae81-4e14-96b7-eb66a98ebf91/datanode-2/data-0/containers/hdds to VolumeSet
2023-07-25 10:56:37,889 [main] INFO  volume.MutableVolumeSet (MutableVolumeSet.java:initializeVolumeSet(173)) - Added Volume : /home/runner/work/ozone/ozone/hadoop-ozone/integration-test/target/test-dir/MiniOzoneClusterImpl-c4e06dc0-ae81-4e14-96b7-eb66a98ebf91/datanode-2/data/ratis to VolumeSet
2023-07-25 10:56:37,890 [Thread-844] INFO  ozoneimpl.ContainerReader (ContainerReader.java:readVolume(177)) - Finish verifying containers on volume /home/runner/work/ozone/ozone/hadoop-ozone/integration-test/target/test-dir/MiniOzoneClusterImpl-c4e06dc0-ae81-4e14-96b7-eb66a98ebf91/datanode-2/data-0/containers/hdds
2023-07-25 10:56:37,890 [main] INFO  ozoneimpl.OzoneContainer (OzoneContainer.java:buildContainerSet(316)) - Build ContainerSet costs 0s
2023-07-25 10:56:37,893 [main] INFO  server.RaftServer (ConfUtils.java:logGet(46)) - raft.rpc.type = GRPC (default)
2023-07-25 10:56:37,894 [main] INFO  grpc.GrpcConfigKeys (ConfUtils.java:logFallback(53)) - raft.grpc.admin.host = null (fallback to raft.grpc.server.host)
2023-07-25 10:56:37,894 [main] INFO  grpc.GrpcConfigKeys (ConfUtils.java:logGet(46)) - raft.grpc.admin.port = 15084 (custom)
2023-07-25 10:56:37,894 [main] INFO  grpc.GrpcConfigKeys (ConfUtils.java:logFallback(53)) - raft.grpc.client.host = null (fallback to raft.grpc.server.host)
2023-07-25 10:56:37,894 [main] INFO  grpc.GrpcConfigKeys (ConfUtils.java:logGet(46)) - raft.grpc.client.port = 15083 (custom)
2023-07-25 10:56:37,894 [main] INFO  grpc.GrpcConfigKeys (ConfUtils.java:logGet(46)) - raft.grpc.server.host = null (default)
2023-07-25 10:56:37,894 [main] INFO  grpc.GrpcConfigKeys (ConfUtils.java:logGet(46)) - raft.grpc.server.port = 15085 (custom)
2023-07-25 10:56:37,895 [main] INFO  server.GrpcService (ConfUtils.java:logGet(46)) - raft.grpc.message.size.max = 32MB (=33554432) (custom)
2023-07-25 10:56:37,895 [main] INFO  server.RaftServerConfigKeys (ConfUtils.java:logGet(46)) - raft.server.log.appender.buffer.byte-limit = 33554432 (custom)
2023-07-25 10:56:37,895 [main] INFO  server.GrpcService (ConfUtils.java:logGet(46)) - raft.grpc.flow.control.window = 5MB (=5242880) (custom)
2023-07-25 10:56:37,898 [main] INFO  server.RaftServerConfigKeys (ConfUtils.java:logGet(46)) - raft.server.rpc.request.timeout = 60s (custom)
2023-07-25 10:56:37,898 [main] INFO  grpc.GrpcConfigKeys (ConfUtils.java:logGet(46)) - raft.grpc.server.heartbeat.channel = true (default)
2023-07-25 10:56:37,898 [main] INFO  grpc.GrpcConfigKeys (ConfUtils.java:logGet(46)) - raft.grpc.server.async.request.thread.pool.cached = true (default)
2023-07-25 10:56:37,898 [main] INFO  grpc.GrpcConfigKeys (ConfUtils.java:logGet(46)) - raft.grpc.server.async.request.thread.pool.size = 32 (default)
2023-07-25 10:56:37,903 [main] INFO  impl.DataStreamServerImpl (ConfUtils.java:logGet(46)) - raft.datastream.type = NETTY (custom)
2023-07-25 10:56:37,903 [main] INFO  server.RaftServerConfigKeys (ConfUtils.java:logGet(46)) - raft.server.data-stream.async.request.thread.pool.cached = false (default)
2023-07-25 10:56:37,903 [main] INFO  server.RaftServerConfigKeys (ConfUtils.java:logGet(46)) - raft.server.data-stream.async.request.thread.pool.size = 20 (custom)
2023-07-25 10:56:37,903 [main] INFO  server.RaftServerConfigKeys (ConfUtils.java:logGet(46)) - raft.server.data-stream.async.write.thread.pool.size = 16 (default)
2023-07-25 10:56:37,904 [main] INFO  server.RaftServerConfigKeys (ConfUtils.java:logGet(46)) - raft.server.data-stream.client.pool.size = 10 (default)
2023-07-25 10:56:37,904 [main] INFO  netty.NettyConfigKeys$DataStream (ConfUtils.java:logGet(46)) - raft.netty.dataStream.server.use-epoll = false (default)
2023-07-25 10:56:37,904 [main] INFO  netty.NettyConfigKeys$DataStream (ConfUtils.java:logGet(46)) - raft.netty.dataStream.server.boss-group.size = 0 (default)
2023-07-25 10:56:37,905 [main] INFO  netty.NettyConfigKeys$DataStream (ConfUtils.java:logGet(46)) - raft.netty.dataStream.server.worker-group.size = 0 (default)
2023-07-25 10:56:37,905 [main] INFO  netty.NettyConfigKeys$DataStream (ConfUtils.java:logGet(46)) - raft.netty.dataStream.server.tls.conf = null (default)
2023-07-25 10:56:37,907 [main] INFO  netty.NettyConfigKeys$DataStream (ConfUtils.java:logGet(46)) - raft.netty.dataStream.host = null (default)
2023-07-25 10:56:37,908 [main] INFO  netty.NettyConfigKeys$DataStream (ConfUtils.java:logGet(46)) - raft.netty.dataStream.port = 15086 (custom)
2023-07-25 10:56:37,908 [main] INFO  server.RaftServerConfigKeys (ConfUtils.java:logGet(46)) - raft.server.threadpool.proxy.cached = true (default)
2023-07-25 10:56:37,908 [main] INFO  server.RaftServerConfigKeys (ConfUtils.java:logGet(46)) - raft.server.threadpool.proxy.size = 0 (default)
2023-07-25 10:56:37,909 [main] INFO  server.RaftServerConfigKeys (ConfUtils.java:logGet(46)) - raft.server.rpc.slowness.timeout = 300s (custom)
2023-07-25 10:56:37,909 [main] INFO  server.RaftServerConfigKeys (ConfUtils.java:logGet(46)) - raft.server.leaderelection.leader.step-down.wait-time = 10s (default)
2023-07-25 10:56:37,909 [main] INFO  server.RaftServerConfigKeys (ConfUtils.java:logGet(46)) - raft.server.storage.dir = [/home/runner/work/ozone/ozone/hadoop-ozone/integration-test/target/test-dir/MiniOzoneClusterImpl-c4e06dc0-ae81-4e14-96b7-eb66a98ebf91/datanode-2/data/ratis] (custom)
2023-07-25 10:56:37,909 [2333f530-c3e7-4f84-815f-5beaea2403db-NettyServerStreamRpc-bossGroup--thread1] INFO  logging.LoggingHandler (AbstractInternalLogger.java:log(148)) - [id: 0x16f9c08d] REGISTERED
2023-07-25 10:56:37,910 [2333f530-c3e7-4f84-815f-5beaea2403db-impl-thread1] INFO  server.RaftServer (RaftServerProxy.java:initGroupDir(258)) - 2333f530-c3e7-4f84-815f-5beaea2403db: found a subdirectory /home/runner/work/ozone/ozone/hadoop-ozone/integration-test/target/test-dir/MiniOzoneClusterImpl-c4e06dc0-ae81-4e14-96b7-eb66a98ebf91/datanode-2/data/ratis/tmp
2023-07-25 10:56:37,910 [2333f530-c3e7-4f84-815f-5beaea2403db-impl-thread1] INFO  server.RaftServer (RaftServerProxy.java:initGroupDir(263)) - 2333f530-c3e7-4f84-815f-5beaea2403db: The directory /home/runner/work/ozone/ozone/hadoop-ozone/integration-test/target/test-dir/MiniOzoneClusterImpl-c4e06dc0-ae81-4e14-96b7-eb66a98ebf91/datanode-2/data/ratis/tmp is not a group directory; ignoring it. 
2023-07-25 10:56:37,910 [2333f530-c3e7-4f84-815f-5beaea2403db-NettyServerStreamRpc-bossGroup--thread1] INFO  logging.LoggingHandler (AbstractInternalLogger.java:log(148)) - [id: 0x16f9c08d] BIND: 0.0.0.0/0.0.0.0:15086
2023-07-25 10:56:37,910 [2333f530-c3e7-4f84-815f-5beaea2403db-NettyServerStreamRpc-bossGroup--thread1] INFO  logging.LoggingHandler (AbstractInternalLogger.java:log(148)) - [id: 0x16f9c08d, L:/0:0:0:0:0:0:0:0:15086] ACTIVE
2023-07-25 10:56:37,911 [main] INFO  server.XceiverServerGrpc (XceiverServerGrpc.java:<init>(132)) - GrpcServer channel type EpollServerSocketChannel
2023-07-25 10:56:37,914 [main] INFO  replication.ReplicationSupervisor (ReplicationSupervisor.java:nodeStateUpdated(305)) - Node state updated to IN_SERVICE, scaling executor pool size to 10
2023-07-25 10:56:37,917 [main] INFO  http.BaseHttpServer (BaseHttpServer.java:newHttpServer2BuilderForOzone(224)) - Starting Web-server for hddsDatanode at: http://0.0.0.0:15080
2023-07-25 10:56:37,917 [main] INFO  http.BaseHttpServer (BaseHttpServer.java:<init>(111)) - Hadoop Security Enabled: false Ozone Security Enabled: false Ozone HTTP Security Enabled: false 
2023-07-25 10:56:37,919 [main] WARN  server.AuthenticationFilter (AuthenticationFilter.java:constructSecretProvider(240)) - Unable to initialize FileSignerSecretProvider, falling back to use random secrets. Reason: Could not read signature secret file: /home/runner/hadoop-http-auth-signature-secret
2023-07-25 10:56:37,919 [main] INFO  http.HttpRequestLog (HttpRequestLog.java:getRequestLog(86)) - Http request log for http.requests.hddsDatanode is not defined
2023-07-25 10:56:37,921 [main] INFO  http.HttpServer2 (HttpServer2.java:addGlobalFilter(1031)) - Added global filter 'safety' (class=org.apache.hadoop.hdds.server.http.HttpServer2$QuotingInputFilter)
2023-07-25 10:56:37,921 [main] INFO  http.HttpServer2 (HttpServer2.java:addFilter(1007)) - Added filter static_user_filter (class=org.apache.hadoop.http.lib.StaticUserWebFilter$StaticUserFilter) to context hddsDatanode
2023-07-25 10:56:37,922 [main] INFO  http.HttpServer2 (HttpServer2.java:addFilter(1015)) - Added filter static_user_filter (class=org.apache.hadoop.http.lib.StaticUserWebFilter$StaticUserFilter) to context logs
2023-07-25 10:56:37,922 [main] INFO  http.HttpServer2 (HttpServer2.java:addFilter(1015)) - Added filter static_user_filter (class=org.apache.hadoop.http.lib.StaticUserWebFilter$StaticUserFilter) to context static
2023-07-25 10:56:37,922 [main] INFO  http.BaseHttpServer (BaseHttpServer.java:<init>(190)) - HTTP server of hddsDatanode uses base directory /home/runner/work/ozone/ozone/hadoop-ozone/integration-test/target/test-dir/MiniOzoneClusterImpl-c4e06dc0-ae81-4e14-96b7-eb66a98ebf91/datanode-2/meta/webserver
2023-07-25 10:56:37,923 [main] INFO  http.HttpServer2 (HttpServer2.java:bindListener(1250)) - Jetty bound to port 15080
2023-07-25 10:56:37,923 [main] INFO  server.Server (Server.java:doStart(375)) - jetty-9.4.51.v20230217; built: 2023-02-17T08:19:37.309Z; git: b45c405e4544384de066f814ed42ae3dceacdd49; jvm 1.8.0_372-b07
2023-07-25 10:56:37,924 [main] INFO  server.session (DefaultSessionIdManager.java:doStart(334)) - DefaultSessionIdManager workerName=node0
2023-07-25 10:56:37,924 [main] INFO  server.session (DefaultSessionIdManager.java:doStart(339)) - No SessionScavenger set, using defaults
2023-07-25 10:56:37,925 [main] INFO  server.session (HouseKeeper.java:startScavenging(132)) - node0 Scavenging every 600000ms
2023-07-25 10:56:37,925 [main] INFO  handler.ContextHandler (ContextHandler.java:doStart(921)) - Started o.e.j.s.ServletContextHandler@1a41a193{logs,/logs,file:///home/runner/work/ozone/ozone/hadoop-ozone/integration-test/target/log,AVAILABLE}
2023-07-25 10:56:37,926 [main] INFO  handler.ContextHandler (ContextHandler.java:doStart(921)) - Started o.e.j.s.ServletContextHandler@4e55a242{static,/static,jar:file:/home/runner/.m2/repository/org/apache/ozone/hdds-container-service/1.4.0-SNAPSHOT/hdds-container-service-1.4.0-SNAPSHOT.jar!/webapps/static,AVAILABLE}
2023-07-25 10:56:38,202 [main] INFO  handler.ContextHandler (ContextHandler.java:doStart(921)) - Started o.e.j.w.WebAppContext@7327749c{hddsDatanode,/,file:///home/runner/work/ozone/ozone/hadoop-ozone/integration-test/target/test-dir/MiniOzoneClusterImpl-c4e06dc0-ae81-4e14-96b7-eb66a98ebf91/datanode-2/meta/webserver/jetty-0_0_0_0-15080-hdds-container-service-1_4_0-SNAPSHOT_jar-_-any-2507402877121042220/webapp/,AVAILABLE}{jar:file:/home/runner/.m2/repository/org/apache/ozone/hdds-container-service/1.4.0-SNAPSHOT/hdds-container-service-1.4.0-SNAPSHOT.jar!/webapps/hddsDatanode}
2023-07-25 10:56:38,203 [main] INFO  server.AbstractConnector (AbstractConnector.java:doStart(333)) - Started ServerConnector@6924ffdc{HTTP/1.1, (http/1.1)}{0.0.0.0:15080}
2023-07-25 10:56:38,204 [main] INFO  server.Server (Server.java:doStart(415)) - Started @95622ms
2023-07-25 10:56:38,204 [main] WARN  impl.MetricsSystemImpl (MetricsSystemImpl.java:register(279)) - Sink prometheus already exists!
2023-07-25 10:56:38,205 [main] INFO  http.BaseHttpServer (BaseHttpServer.java:updateConnectorAddress(344)) - HTTP server of hddsDatanode listening at http://0.0.0.0:15080
2023-07-25 10:56:38,207 [main] INFO  ipc.CallQueueManager (CallQueueManager.java:<init>(90)) - Using callQueue: class java.util.concurrent.LinkedBlockingQueue, queueCapacity: 100, scheduler: class org.apache.hadoop.ipc.DefaultRpcScheduler, ipcBackoff: false.
2023-07-25 10:56:38,207 [main] INFO  ipc.Server (Server.java:<init>(1287)) - Listener at 0.0.0.0:15081
2023-07-25 10:56:38,208 [Socket Reader #1 for port 15081] INFO  ipc.Server (Server.java:run(1323)) - Starting Socket Reader #1 for port 15081
2023-07-25 10:56:38,211 [main] INFO  ozone.HddsDatanodeService (HddsDatanodeService.java:start(315)) - Datanode start with admins: [runner]
2023-07-25 10:56:38,211 [main] INFO  ozone.HddsDatanodeClientProtocolServer (HddsDatanodeClientProtocolServer.java:start(72)) - RPC server for Client /0.0.0.0:15081
2023-07-25 10:56:38,212 [IPC Server Responder] INFO  ipc.Server (Server.java:run(1562)) - IPC Server Responder: starting
2023-07-25 10:56:38,215 [IPC Server listener on 15081] INFO  ipc.Server (Server.java:run(1402)) - IPC Server listener on 15081: starting
2023-07-25 10:56:38,215 [Datanode State Machine Daemon Thread] INFO  statemachine.DatanodeStateMachine (DatanodeStateMachine.java:lambda$startDaemon$0(531)) - Ozone container server started.
2023-07-25 10:56:38,216 [main] WARN  impl.MetricRegistriesImpl (MetricRegistriesImpl.java:addReporterRegistration(111)) - New reporters are added after registries were created. Some metrics will be missing from the reporter. Please add reporter before adding any new registry.
2023-07-25 10:56:38,226 [main] WARN  impl.MetricRegistriesImpl (MetricRegistriesImpl.java:addReporterRegistration(111)) - New reporters are added after registries were created. Some metrics will be missing from the reporter. Please add reporter before adding any new registry.
2023-07-25 10:56:38,226 [main] INFO  impl.MetricsSystemImpl (MetricsSystemImpl.java:init(158)) - HddsDatanode metrics system started (again)
2023-07-25 10:56:38,237 [Datanode State Machine Task Thread - 0] INFO  datanode.InitDatanodeState (InitDatanodeState.java:persistContainerDatanodeDetails(138)) - DatanodeDetails is persisted to /home/runner/work/ozone/ozone/hadoop-ozone/integration-test/target/test-dir/MiniOzoneClusterImpl-c4e06dc0-ae81-4e14-96b7-eb66a98ebf91/datanode-2/meta/datanode.id
2023-07-25 10:56:38,243 [main] INFO  ozone.HddsDatanodeService (HddsDatanodeService.java:start(237)) - HddsDatanodeService host:fv-az82-323 ip:10.1.0.57
2023-07-25 10:56:38,284 [main] INFO  upgrade.AbstractLayoutVersionManager (AbstractLayoutVersionManager.java:init(83)) - Initializing Layout version manager with metadata layout = HADOOP_PRC_PORTS_IN_DATANODEDETAILS (version = 7), software layout = HADOOP_PRC_PORTS_IN_DATANODEDETAILS (version = 7)
2023-07-25 10:56:38,286 [main] INFO  statemachine.DatanodeStateMachine (DatanodeStateMachine.java:getEndPointTaskThreadPoolSize(279)) - Datanode State Machine Task Thread Pool size 2
2023-07-25 10:56:38,289 [main] INFO  volume.HddsVolume (HddsVolume.java:<init>(126)) - Creating HddsVolume: /home/runner/work/ozone/ozone/hadoop-ozone/integration-test/target/test-dir/MiniOzoneClusterImpl-c4e06dc0-ae81-4e14-96b7-eb66a98ebf91/datanode-3/data-0/containers/hdds of storage type : DISK capacity : 9223372036854775807
2023-07-25 10:56:38,290 [main] INFO  volume.MutableVolumeSet (MutableVolumeSet.java:initializeVolumeSet(173)) - Added Volume : /home/runner/work/ozone/ozone/hadoop-ozone/integration-test/target/test-dir/MiniOzoneClusterImpl-c4e06dc0-ae81-4e14-96b7-eb66a98ebf91/datanode-3/data-0/containers/hdds to VolumeSet
2023-07-25 10:56:38,291 [main] INFO  volume.MutableVolumeSet (MutableVolumeSet.java:initializeVolumeSet(173)) - Added Volume : /home/runner/work/ozone/ozone/hadoop-ozone/integration-test/target/test-dir/MiniOzoneClusterImpl-c4e06dc0-ae81-4e14-96b7-eb66a98ebf91/datanode-3/data/ratis to VolumeSet
2023-07-25 10:56:38,294 [Thread-861] INFO  ozoneimpl.ContainerReader (ContainerReader.java:readVolume(177)) - Finish verifying containers on volume /home/runner/work/ozone/ozone/hadoop-ozone/integration-test/target/test-dir/MiniOzoneClusterImpl-c4e06dc0-ae81-4e14-96b7-eb66a98ebf91/datanode-3/data-0/containers/hdds
2023-07-25 10:56:38,294 [main] INFO  ozoneimpl.OzoneContainer (OzoneContainer.java:buildContainerSet(316)) - Build ContainerSet costs 0s
2023-07-25 10:56:38,297 [main] INFO  server.RaftServer (ConfUtils.java:logGet(46)) - raft.rpc.type = GRPC (default)
2023-07-25 10:56:38,297 [main] INFO  grpc.GrpcConfigKeys (ConfUtils.java:logFallback(53)) - raft.grpc.admin.host = null (fallback to raft.grpc.server.host)
2023-07-25 10:56:38,298 [main] INFO  grpc.GrpcConfigKeys (ConfUtils.java:logGet(46)) - raft.grpc.admin.port = 15093 (custom)
2023-07-25 10:56:38,298 [main] INFO  grpc.GrpcConfigKeys (ConfUtils.java:logFallback(53)) - raft.grpc.client.host = null (fallback to raft.grpc.server.host)
2023-07-25 10:56:38,298 [main] INFO  grpc.GrpcConfigKeys (ConfUtils.java:logGet(46)) - raft.grpc.client.port = 15092 (custom)
2023-07-25 10:56:38,298 [main] INFO  grpc.GrpcConfigKeys (ConfUtils.java:logGet(46)) - raft.grpc.server.host = null (default)
2023-07-25 10:56:38,298 [main] INFO  grpc.GrpcConfigKeys (ConfUtils.java:logGet(46)) - raft.grpc.server.port = 15094 (custom)
2023-07-25 10:56:38,298 [main] INFO  server.GrpcService (ConfUtils.java:logGet(46)) - raft.grpc.message.size.max = 32MB (=33554432) (custom)
2023-07-25 10:56:38,299 [main] INFO  server.RaftServerConfigKeys (ConfUtils.java:logGet(46)) - raft.server.log.appender.buffer.byte-limit = 33554432 (custom)
2023-07-25 10:56:38,299 [main] INFO  server.GrpcService (ConfUtils.java:logGet(46)) - raft.grpc.flow.control.window = 5MB (=5242880) (custom)
2023-07-25 10:56:38,299 [main] INFO  server.RaftServerConfigKeys (ConfUtils.java:logGet(46)) - raft.server.rpc.request.timeout = 60s (custom)
2023-07-25 10:56:38,299 [main] INFO  grpc.GrpcConfigKeys (ConfUtils.java:logGet(46)) - raft.grpc.server.heartbeat.channel = true (default)
2023-07-25 10:56:38,299 [main] INFO  grpc.GrpcConfigKeys (ConfUtils.java:logGet(46)) - raft.grpc.server.async.request.thread.pool.cached = true (default)
2023-07-25 10:56:38,300 [main] INFO  grpc.GrpcConfigKeys (ConfUtils.java:logGet(46)) - raft.grpc.server.async.request.thread.pool.size = 32 (default)
2023-07-25 10:56:38,303 [main] INFO  impl.DataStreamServerImpl (ConfUtils.java:logGet(46)) - raft.datastream.type = NETTY (custom)
2023-07-25 10:56:38,304 [main] INFO  server.RaftServerConfigKeys (ConfUtils.java:logGet(46)) - raft.server.data-stream.async.request.thread.pool.cached = false (default)
2023-07-25 10:56:38,304 [main] INFO  server.RaftServerConfigKeys (ConfUtils.java:logGet(46)) - raft.server.data-stream.async.request.thread.pool.size = 20 (custom)
2023-07-25 10:56:38,305 [main] INFO  server.RaftServerConfigKeys (ConfUtils.java:logGet(46)) - raft.server.data-stream.async.write.thread.pool.size = 16 (default)
2023-07-25 10:56:38,305 [main] INFO  server.RaftServerConfigKeys (ConfUtils.java:logGet(46)) - raft.server.data-stream.client.pool.size = 10 (default)
2023-07-25 10:56:38,305 [main] INFO  netty.NettyConfigKeys$DataStream (ConfUtils.java:logGet(46)) - raft.netty.dataStream.server.use-epoll = false (default)
2023-07-25 10:56:38,305 [main] INFO  netty.NettyConfigKeys$DataStream (ConfUtils.java:logGet(46)) - raft.netty.dataStream.server.boss-group.size = 0 (default)
2023-07-25 10:56:38,306 [main] INFO  netty.NettyConfigKeys$DataStream (ConfUtils.java:logGet(46)) - raft.netty.dataStream.server.worker-group.size = 0 (default)
2023-07-25 10:56:38,306 [main] INFO  netty.NettyConfigKeys$DataStream (ConfUtils.java:logGet(46)) - raft.netty.dataStream.server.tls.conf = null (default)
2023-07-25 10:56:38,306 [main] INFO  netty.NettyConfigKeys$DataStream (ConfUtils.java:logGet(46)) - raft.netty.dataStream.host = null (default)
2023-07-25 10:56:38,307 [main] INFO  netty.NettyConfigKeys$DataStream (ConfUtils.java:logGet(46)) - raft.netty.dataStream.port = 15095 (custom)
2023-07-25 10:56:38,307 [main] INFO  server.RaftServerConfigKeys (ConfUtils.java:logGet(46)) - raft.server.threadpool.proxy.cached = true (default)
2023-07-25 10:56:38,308 [5afa7191-cd14-4635-a86c-27235fe9851c-NettyServerStreamRpc-bossGroup--thread1] INFO  logging.LoggingHandler (AbstractInternalLogger.java:log(148)) - [id: 0x549935b5] REGISTERED
2023-07-25 10:56:38,308 [main] INFO  server.RaftServerConfigKeys (ConfUtils.java:logGet(46)) - raft.server.threadpool.proxy.size = 0 (default)
2023-07-25 10:56:38,308 [5afa7191-cd14-4635-a86c-27235fe9851c-NettyServerStreamRpc-bossGroup--thread1] INFO  logging.LoggingHandler (AbstractInternalLogger.java:log(148)) - [id: 0x549935b5] BIND: 0.0.0.0/0.0.0.0:15095
2023-07-25 10:56:38,308 [main] INFO  server.RaftServerConfigKeys (ConfUtils.java:logGet(46)) - raft.server.rpc.slowness.timeout = 300s (custom)
2023-07-25 10:56:38,308 [main] INFO  server.RaftServerConfigKeys (ConfUtils.java:logGet(46)) - raft.server.leaderelection.leader.step-down.wait-time = 10s (default)
2023-07-25 10:56:38,308 [5afa7191-cd14-4635-a86c-27235fe9851c-NettyServerStreamRpc-bossGroup--thread1] INFO  logging.LoggingHandler (AbstractInternalLogger.java:log(148)) - [id: 0x549935b5, L:/0:0:0:0:0:0:0:0:15095] ACTIVE
2023-07-25 10:56:38,309 [main] INFO  server.RaftServerConfigKeys (ConfUtils.java:logGet(46)) - raft.server.storage.dir = [/home/runner/work/ozone/ozone/hadoop-ozone/integration-test/target/test-dir/MiniOzoneClusterImpl-c4e06dc0-ae81-4e14-96b7-eb66a98ebf91/datanode-3/data/ratis] (custom)
2023-07-25 10:56:38,309 [5afa7191-cd14-4635-a86c-27235fe9851c-impl-thread1] INFO  server.RaftServer (RaftServerProxy.java:initGroupDir(258)) - 5afa7191-cd14-4635-a86c-27235fe9851c: found a subdirectory /home/runner/work/ozone/ozone/hadoop-ozone/integration-test/target/test-dir/MiniOzoneClusterImpl-c4e06dc0-ae81-4e14-96b7-eb66a98ebf91/datanode-3/data/ratis/tmp
2023-07-25 10:56:38,309 [5afa7191-cd14-4635-a86c-27235fe9851c-impl-thread1] INFO  server.RaftServer (RaftServerProxy.java:initGroupDir(263)) - 5afa7191-cd14-4635-a86c-27235fe9851c: The directory /home/runner/work/ozone/ozone/hadoop-ozone/integration-test/target/test-dir/MiniOzoneClusterImpl-c4e06dc0-ae81-4e14-96b7-eb66a98ebf91/datanode-3/data/ratis/tmp is not a group directory; ignoring it. 
2023-07-25 10:56:38,311 [main] INFO  server.XceiverServerGrpc (XceiverServerGrpc.java:<init>(132)) - GrpcServer channel type EpollServerSocketChannel
2023-07-25 10:56:38,316 [main] INFO  replication.ReplicationSupervisor (ReplicationSupervisor.java:nodeStateUpdated(305)) - Node state updated to IN_SERVICE, scaling executor pool size to 10
2023-07-25 10:56:38,320 [main] INFO  http.BaseHttpServer (BaseHttpServer.java:newHttpServer2BuilderForOzone(224)) - Starting Web-server for hddsDatanode at: http://0.0.0.0:15089
2023-07-25 10:56:38,320 [main] INFO  http.BaseHttpServer (BaseHttpServer.java:<init>(111)) - Hadoop Security Enabled: false Ozone Security Enabled: false Ozone HTTP Security Enabled: false 
2023-07-25 10:56:38,321 [main] WARN  server.AuthenticationFilter (AuthenticationFilter.java:constructSecretProvider(240)) - Unable to initialize FileSignerSecretProvider, falling back to use random secrets. Reason: Could not read signature secret file: /home/runner/hadoop-http-auth-signature-secret
2023-07-25 10:56:38,323 [main] INFO  http.HttpRequestLog (HttpRequestLog.java:getRequestLog(86)) - Http request log for http.requests.hddsDatanode is not defined
2023-07-25 10:56:38,325 [main] INFO  http.HttpServer2 (HttpServer2.java:addGlobalFilter(1031)) - Added global filter 'safety' (class=org.apache.hadoop.hdds.server.http.HttpServer2$QuotingInputFilter)
2023-07-25 10:56:38,326 [main] INFO  http.HttpServer2 (HttpServer2.java:addFilter(1007)) - Added filter static_user_filter (class=org.apache.hadoop.http.lib.StaticUserWebFilter$StaticUserFilter) to context hddsDatanode
2023-07-25 10:56:38,327 [main] INFO  http.HttpServer2 (HttpServer2.java:addFilter(1015)) - Added filter static_user_filter (class=org.apache.hadoop.http.lib.StaticUserWebFilter$StaticUserFilter) to context static
2023-07-25 10:56:38,327 [main] INFO  http.HttpServer2 (HttpServer2.java:addFilter(1015)) - Added filter static_user_filter (class=org.apache.hadoop.http.lib.StaticUserWebFilter$StaticUserFilter) to context logs
2023-07-25 10:56:38,328 [main] INFO  http.BaseHttpServer (BaseHttpServer.java:<init>(190)) - HTTP server of hddsDatanode uses base directory /home/runner/work/ozone/ozone/hadoop-ozone/integration-test/target/test-dir/MiniOzoneClusterImpl-c4e06dc0-ae81-4e14-96b7-eb66a98ebf91/datanode-3/meta/webserver
2023-07-25 10:56:38,328 [main] INFO  http.HttpServer2 (HttpServer2.java:bindListener(1250)) - Jetty bound to port 15089
2023-07-25 10:56:38,328 [main] INFO  server.Server (Server.java:doStart(375)) - jetty-9.4.51.v20230217; built: 2023-02-17T08:19:37.309Z; git: b45c405e4544384de066f814ed42ae3dceacdd49; jvm 1.8.0_372-b07
2023-07-25 10:56:38,330 [main] INFO  server.session (DefaultSessionIdManager.java:doStart(334)) - DefaultSessionIdManager workerName=node0
2023-07-25 10:56:38,330 [main] INFO  server.session (DefaultSessionIdManager.java:doStart(339)) - No SessionScavenger set, using defaults
2023-07-25 10:56:38,330 [main] INFO  server.session (HouseKeeper.java:startScavenging(132)) - node0 Scavenging every 660000ms
2023-07-25 10:56:38,331 [main] INFO  handler.ContextHandler (ContextHandler.java:doStart(921)) - Started o.e.j.s.ServletContextHandler@b2240cf{logs,/logs,file:///home/runner/work/ozone/ozone/hadoop-ozone/integration-test/target/log,AVAILABLE}
2023-07-25 10:56:38,332 [main] INFO  handler.ContextHandler (ContextHandler.java:doStart(921)) - Started o.e.j.s.ServletContextHandler@54849f4c{static,/static,jar:file:/home/runner/.m2/repository/org/apache/ozone/hdds-container-service/1.4.0-SNAPSHOT/hdds-container-service-1.4.0-SNAPSHOT.jar!/webapps/static,AVAILABLE}
2023-07-25 10:56:38,583 [main] INFO  handler.ContextHandler (ContextHandler.java:doStart(921)) - Started o.e.j.w.WebAppContext@2dd48d16{hddsDatanode,/,file:///home/runner/work/ozone/ozone/hadoop-ozone/integration-test/target/test-dir/MiniOzoneClusterImpl-c4e06dc0-ae81-4e14-96b7-eb66a98ebf91/datanode-3/meta/webserver/jetty-0_0_0_0-15089-hdds-container-service-1_4_0-SNAPSHOT_jar-_-any-2631487491254748044/webapp/,AVAILABLE}{jar:file:/home/runner/.m2/repository/org/apache/ozone/hdds-container-service/1.4.0-SNAPSHOT/hdds-container-service-1.4.0-SNAPSHOT.jar!/webapps/hddsDatanode}
2023-07-25 10:56:38,585 [main] INFO  server.AbstractConnector (AbstractConnector.java:doStart(333)) - Started ServerConnector@3fbab9d8{HTTP/1.1, (http/1.1)}{0.0.0.0:15089}
2023-07-25 10:56:38,585 [main] INFO  server.Server (Server.java:doStart(415)) - Started @96004ms
2023-07-25 10:56:38,585 [main] WARN  impl.MetricsSystemImpl (MetricsSystemImpl.java:register(279)) - Sink prometheus already exists!
2023-07-25 10:56:38,586 [main] INFO  http.BaseHttpServer (BaseHttpServer.java:updateConnectorAddress(344)) - HTTP server of hddsDatanode listening at http://0.0.0.0:15089
2023-07-25 10:56:38,586 [main] INFO  ipc.CallQueueManager (CallQueueManager.java:<init>(90)) - Using callQueue: class java.util.concurrent.LinkedBlockingQueue, queueCapacity: 100, scheduler: class org.apache.hadoop.ipc.DefaultRpcScheduler, ipcBackoff: false.
2023-07-25 10:56:38,587 [main] INFO  ipc.Server (Server.java:<init>(1287)) - Listener at 0.0.0.0:15090
2023-07-25 10:56:38,587 [Socket Reader #1 for port 15090] INFO  ipc.Server (Server.java:run(1323)) - Starting Socket Reader #1 for port 15090
2023-07-25 10:56:38,589 [main] INFO  ozone.HddsDatanodeService (HddsDatanodeService.java:start(315)) - Datanode start with admins: [runner]
2023-07-25 10:56:38,589 [main] INFO  ozone.HddsDatanodeClientProtocolServer (HddsDatanodeClientProtocolServer.java:start(72)) - RPC server for Client /0.0.0.0:15090
2023-07-25 10:56:38,589 [IPC Server Responder] INFO  ipc.Server (Server.java:run(1562)) - IPC Server Responder: starting
2023-07-25 10:56:38,589 [IPC Server listener on 15090] INFO  ipc.Server (Server.java:run(1402)) - IPC Server listener on 15090: starting
2023-07-25 10:56:38,590 [main] WARN  impl.MetricRegistriesImpl (MetricRegistriesImpl.java:addReporterRegistration(111)) - New reporters are added after registries were created. Some metrics will be missing from the reporter. Please add reporter before adding any new registry.
2023-07-25 10:56:38,590 [main] WARN  impl.MetricRegistriesImpl (MetricRegistriesImpl.java:addReporterRegistration(111)) - New reporters are added after registries were created. Some metrics will be missing from the reporter. Please add reporter before adding any new registry.
2023-07-25 10:56:38,590 [main] INFO  impl.MetricsSystemImpl (MetricsSystemImpl.java:init(158)) - HddsDatanode metrics system started (again)
2023-07-25 10:56:38,598 [Datanode State Machine Daemon Thread] INFO  statemachine.DatanodeStateMachine (DatanodeStateMachine.java:lambda$startDaemon$0(531)) - Ozone container server started.
2023-07-25 10:56:38,610 [main] INFO  ozone.HddsDatanodeService (HddsDatanodeService.java:start(237)) - HddsDatanodeService host:fv-az82-323 ip:10.1.0.57
2023-07-25 10:56:38,616 [Datanode State Machine Task Thread - 0] INFO  datanode.InitDatanodeState (InitDatanodeState.java:persistContainerDatanodeDetails(138)) - DatanodeDetails is persisted to /home/runner/work/ozone/ozone/hadoop-ozone/integration-test/target/test-dir/MiniOzoneClusterImpl-c4e06dc0-ae81-4e14-96b7-eb66a98ebf91/datanode-3/meta/datanode.id
2023-07-25 10:56:38,649 [main] INFO  upgrade.AbstractLayoutVersionManager (AbstractLayoutVersionManager.java:init(83)) - Initializing Layout version manager with metadata layout = HADOOP_PRC_PORTS_IN_DATANODEDETAILS (version = 7), software layout = HADOOP_PRC_PORTS_IN_DATANODEDETAILS (version = 7)
2023-07-25 10:56:38,651 [main] INFO  statemachine.DatanodeStateMachine (DatanodeStateMachine.java:getEndPointTaskThreadPoolSize(279)) - Datanode State Machine Task Thread Pool size 2
2023-07-25 10:56:38,656 [main] INFO  volume.HddsVolume (HddsVolume.java:<init>(126)) - Creating HddsVolume: /home/runner/work/ozone/ozone/hadoop-ozone/integration-test/target/test-dir/MiniOzoneClusterImpl-c4e06dc0-ae81-4e14-96b7-eb66a98ebf91/datanode-4/data-0/containers/hdds of storage type : DISK capacity : 9223372036854775807
2023-07-25 10:56:38,656 [main] INFO  volume.MutableVolumeSet (MutableVolumeSet.java:initializeVolumeSet(173)) - Added Volume : /home/runner/work/ozone/ozone/hadoop-ozone/integration-test/target/test-dir/MiniOzoneClusterImpl-c4e06dc0-ae81-4e14-96b7-eb66a98ebf91/datanode-4/data-0/containers/hdds to VolumeSet
2023-07-25 10:56:38,661 [main] INFO  volume.MutableVolumeSet (MutableVolumeSet.java:initializeVolumeSet(173)) - Added Volume : /home/runner/work/ozone/ozone/hadoop-ozone/integration-test/target/test-dir/MiniOzoneClusterImpl-c4e06dc0-ae81-4e14-96b7-eb66a98ebf91/datanode-4/data/ratis to VolumeSet
2023-07-25 10:56:38,662 [Thread-878] INFO  ozoneimpl.ContainerReader (ContainerReader.java:readVolume(177)) - Finish verifying containers on volume /home/runner/work/ozone/ozone/hadoop-ozone/integration-test/target/test-dir/MiniOzoneClusterImpl-c4e06dc0-ae81-4e14-96b7-eb66a98ebf91/datanode-4/data-0/containers/hdds
2023-07-25 10:56:38,667 [main] INFO  ozoneimpl.OzoneContainer (OzoneContainer.java:buildContainerSet(316)) - Build ContainerSet costs 0s
2023-07-25 10:56:38,673 [main] INFO  server.RaftServer (ConfUtils.java:logGet(46)) - raft.rpc.type = GRPC (default)
2023-07-25 10:56:38,674 [main] INFO  grpc.GrpcConfigKeys (ConfUtils.java:logFallback(53)) - raft.grpc.admin.host = null (fallback to raft.grpc.server.host)
2023-07-25 10:56:38,674 [main] INFO  grpc.GrpcConfigKeys (ConfUtils.java:logGet(46)) - raft.grpc.admin.port = 15102 (custom)
2023-07-25 10:56:38,675 [main] INFO  grpc.GrpcConfigKeys (ConfUtils.java:logFallback(53)) - raft.grpc.client.host = null (fallback to raft.grpc.server.host)
2023-07-25 10:56:38,675 [main] INFO  grpc.GrpcConfigKeys (ConfUtils.java:logGet(46)) - raft.grpc.client.port = 15101 (custom)
2023-07-25 10:56:38,675 [main] INFO  grpc.GrpcConfigKeys (ConfUtils.java:logGet(46)) - raft.grpc.server.host = null (default)
2023-07-25 10:56:38,676 [main] INFO  grpc.GrpcConfigKeys (ConfUtils.java:logGet(46)) - raft.grpc.server.port = 15103 (custom)
2023-07-25 10:56:38,677 [main] INFO  server.GrpcService (ConfUtils.java:logGet(46)) - raft.grpc.message.size.max = 32MB (=33554432) (custom)
2023-07-25 10:56:38,677 [main] INFO  server.RaftServerConfigKeys (ConfUtils.java:logGet(46)) - raft.server.log.appender.buffer.byte-limit = 33554432 (custom)
2023-07-25 10:56:38,677 [main] INFO  server.GrpcService (ConfUtils.java:logGet(46)) - raft.grpc.flow.control.window = 5MB (=5242880) (custom)
2023-07-25 10:56:38,677 [main] INFO  server.RaftServerConfigKeys (ConfUtils.java:logGet(46)) - raft.server.rpc.request.timeout = 60s (custom)
2023-07-25 10:56:38,677 [main] INFO  grpc.GrpcConfigKeys (ConfUtils.java:logGet(46)) - raft.grpc.server.heartbeat.channel = true (default)
2023-07-25 10:56:38,678 [main] INFO  grpc.GrpcConfigKeys (ConfUtils.java:logGet(46)) - raft.grpc.server.async.request.thread.pool.cached = true (default)
2023-07-25 10:56:38,679 [main] INFO  grpc.GrpcConfigKeys (ConfUtils.java:logGet(46)) - raft.grpc.server.async.request.thread.pool.size = 32 (default)
2023-07-25 10:56:38,685 [main] INFO  impl.DataStreamServerImpl (ConfUtils.java:logGet(46)) - raft.datastream.type = NETTY (custom)
2023-07-25 10:56:38,686 [main] INFO  server.RaftServerConfigKeys (ConfUtils.java:logGet(46)) - raft.server.data-stream.async.request.thread.pool.cached = false (default)
2023-07-25 10:56:38,686 [main] INFO  server.RaftServerConfigKeys (ConfUtils.java:logGet(46)) - raft.server.data-stream.async.request.thread.pool.size = 20 (custom)
2023-07-25 10:56:38,686 [main] INFO  server.RaftServerConfigKeys (ConfUtils.java:logGet(46)) - raft.server.data-stream.async.write.thread.pool.size = 16 (default)
2023-07-25 10:56:38,687 [main] INFO  server.RaftServerConfigKeys (ConfUtils.java:logGet(46)) - raft.server.data-stream.client.pool.size = 10 (default)
2023-07-25 10:56:38,687 [main] INFO  netty.NettyConfigKeys$DataStream (ConfUtils.java:logGet(46)) - raft.netty.dataStream.server.use-epoll = false (default)
2023-07-25 10:56:38,687 [main] INFO  netty.NettyConfigKeys$DataStream (ConfUtils.java:logGet(46)) - raft.netty.dataStream.server.boss-group.size = 0 (default)
2023-07-25 10:56:38,688 [main] INFO  netty.NettyConfigKeys$DataStream (ConfUtils.java:logGet(46)) - raft.netty.dataStream.server.worker-group.size = 0 (default)
2023-07-25 10:56:38,689 [main] INFO  netty.NettyConfigKeys$DataStream (ConfUtils.java:logGet(46)) - raft.netty.dataStream.server.tls.conf = null (default)
2023-07-25 10:56:38,689 [main] INFO  netty.NettyConfigKeys$DataStream (ConfUtils.java:logGet(46)) - raft.netty.dataStream.host = null (default)
2023-07-25 10:56:38,689 [main] INFO  netty.NettyConfigKeys$DataStream (ConfUtils.java:logGet(46)) - raft.netty.dataStream.port = 15104 (custom)
2023-07-25 10:56:38,690 [main] INFO  server.RaftServerConfigKeys (ConfUtils.java:logGet(46)) - raft.server.threadpool.proxy.cached = true (default)
2023-07-25 10:56:38,690 [main] INFO  server.RaftServerConfigKeys (ConfUtils.java:logGet(46)) - raft.server.threadpool.proxy.size = 0 (default)
2023-07-25 10:56:38,690 [main] INFO  server.RaftServerConfigKeys (ConfUtils.java:logGet(46)) - raft.server.rpc.slowness.timeout = 300s (custom)
2023-07-25 10:56:38,690 [main] INFO  server.RaftServerConfigKeys (ConfUtils.java:logGet(46)) - raft.server.leaderelection.leader.step-down.wait-time = 10s (default)
2023-07-25 10:56:38,690 [main] INFO  server.RaftServerConfigKeys (ConfUtils.java:logGet(46)) - raft.server.storage.dir = [/home/runner/work/ozone/ozone/hadoop-ozone/integration-test/target/test-dir/MiniOzoneClusterImpl-c4e06dc0-ae81-4e14-96b7-eb66a98ebf91/datanode-4/data/ratis] (custom)
2023-07-25 10:56:38,691 [818707a6-4adf-4ab4-8830-ca289259fe44-NettyServerStreamRpc-bossGroup--thread1] INFO  logging.LoggingHandler (AbstractInternalLogger.java:log(148)) - [id: 0x66ced8f2] REGISTERED
2023-07-25 10:56:38,691 [818707a6-4adf-4ab4-8830-ca289259fe44-NettyServerStreamRpc-bossGroup--thread1] INFO  logging.LoggingHandler (AbstractInternalLogger.java:log(148)) - [id: 0x66ced8f2] BIND: 0.0.0.0/0.0.0.0:15104
2023-07-25 10:56:38,691 [818707a6-4adf-4ab4-8830-ca289259fe44-NettyServerStreamRpc-bossGroup--thread1] INFO  logging.LoggingHandler (AbstractInternalLogger.java:log(148)) - [id: 0x66ced8f2, L:/0:0:0:0:0:0:0:0:15104] ACTIVE
2023-07-25 10:56:38,692 [818707a6-4adf-4ab4-8830-ca289259fe44-impl-thread1] INFO  server.RaftServer (RaftServerProxy.java:initGroupDir(258)) - 818707a6-4adf-4ab4-8830-ca289259fe44: found a subdirectory /home/runner/work/ozone/ozone/hadoop-ozone/integration-test/target/test-dir/MiniOzoneClusterImpl-c4e06dc0-ae81-4e14-96b7-eb66a98ebf91/datanode-4/data/ratis/tmp
2023-07-25 10:56:38,692 [818707a6-4adf-4ab4-8830-ca289259fe44-impl-thread1] INFO  server.RaftServer (RaftServerProxy.java:initGroupDir(263)) - 818707a6-4adf-4ab4-8830-ca289259fe44: The directory /home/runner/work/ozone/ozone/hadoop-ozone/integration-test/target/test-dir/MiniOzoneClusterImpl-c4e06dc0-ae81-4e14-96b7-eb66a98ebf91/datanode-4/data/ratis/tmp is not a group directory; ignoring it. 
2023-07-25 10:56:38,693 [main] INFO  server.XceiverServerGrpc (XceiverServerGrpc.java:<init>(132)) - GrpcServer channel type EpollServerSocketChannel
2023-07-25 10:56:38,695 [main] INFO  replication.ReplicationSupervisor (ReplicationSupervisor.java:nodeStateUpdated(305)) - Node state updated to IN_SERVICE, scaling executor pool size to 10
2023-07-25 10:56:38,700 [main] INFO  http.BaseHttpServer (BaseHttpServer.java:newHttpServer2BuilderForOzone(224)) - Starting Web-server for hddsDatanode at: http://0.0.0.0:15098
2023-07-25 10:56:38,700 [main] INFO  http.BaseHttpServer (BaseHttpServer.java:<init>(111)) - Hadoop Security Enabled: false Ozone Security Enabled: false Ozone HTTP Security Enabled: false 
2023-07-25 10:56:38,702 [main] WARN  server.AuthenticationFilter (AuthenticationFilter.java:constructSecretProvider(240)) - Unable to initialize FileSignerSecretProvider, falling back to use random secrets. Reason: Could not read signature secret file: /home/runner/hadoop-http-auth-signature-secret
2023-07-25 10:56:38,705 [main] INFO  http.HttpRequestLog (HttpRequestLog.java:getRequestLog(86)) - Http request log for http.requests.hddsDatanode is not defined
2023-07-25 10:56:38,707 [main] INFO  http.HttpServer2 (HttpServer2.java:addGlobalFilter(1031)) - Added global filter 'safety' (class=org.apache.hadoop.hdds.server.http.HttpServer2$QuotingInputFilter)
2023-07-25 10:56:38,707 [main] INFO  http.HttpServer2 (HttpServer2.java:addFilter(1007)) - Added filter static_user_filter (class=org.apache.hadoop.http.lib.StaticUserWebFilter$StaticUserFilter) to context hddsDatanode
2023-07-25 10:56:38,708 [main] INFO  http.HttpServer2 (HttpServer2.java:addFilter(1015)) - Added filter static_user_filter (class=org.apache.hadoop.http.lib.StaticUserWebFilter$StaticUserFilter) to context logs
2023-07-25 10:56:38,708 [main] INFO  http.HttpServer2 (HttpServer2.java:addFilter(1015)) - Added filter static_user_filter (class=org.apache.hadoop.http.lib.StaticUserWebFilter$StaticUserFilter) to context static
2023-07-25 10:56:38,708 [main] INFO  http.BaseHttpServer (BaseHttpServer.java:<init>(190)) - HTTP server of hddsDatanode uses base directory /home/runner/work/ozone/ozone/hadoop-ozone/integration-test/target/test-dir/MiniOzoneClusterImpl-c4e06dc0-ae81-4e14-96b7-eb66a98ebf91/datanode-4/meta/webserver
2023-07-25 10:56:38,709 [main] INFO  http.HttpServer2 (HttpServer2.java:bindListener(1250)) - Jetty bound to port 15098
2023-07-25 10:56:38,709 [main] INFO  server.Server (Server.java:doStart(375)) - jetty-9.4.51.v20230217; built: 2023-02-17T08:19:37.309Z; git: b45c405e4544384de066f814ed42ae3dceacdd49; jvm 1.8.0_372-b07
2023-07-25 10:56:38,714 [main] INFO  server.session (DefaultSessionIdManager.java:doStart(334)) - DefaultSessionIdManager workerName=node0
2023-07-25 10:56:38,714 [main] INFO  server.session (DefaultSessionIdManager.java:doStart(339)) - No SessionScavenger set, using defaults
2023-07-25 10:56:38,714 [main] INFO  server.session (HouseKeeper.java:startScavenging(132)) - node0 Scavenging every 660000ms
2023-07-25 10:56:38,715 [main] INFO  handler.ContextHandler (ContextHandler.java:doStart(921)) - Started o.e.j.s.ServletContextHandler@3206efeb{logs,/logs,file:///home/runner/work/ozone/ozone/hadoop-ozone/integration-test/target/log,AVAILABLE}
2023-07-25 10:56:38,716 [main] INFO  handler.ContextHandler (ContextHandler.java:doStart(921)) - Started o.e.j.s.ServletContextHandler@2e61ab3e{static,/static,jar:file:/home/runner/.m2/repository/org/apache/ozone/hdds-container-service/1.4.0-SNAPSHOT/hdds-container-service-1.4.0-SNAPSHOT.jar!/webapps/static,AVAILABLE}
2023-07-25 10:56:38,966 [main] INFO  handler.ContextHandler (ContextHandler.java:doStart(921)) - Started o.e.j.w.WebAppContext@36592a07{hddsDatanode,/,file:///home/runner/work/ozone/ozone/hadoop-ozone/integration-test/target/test-dir/MiniOzoneClusterImpl-c4e06dc0-ae81-4e14-96b7-eb66a98ebf91/datanode-4/meta/webserver/jetty-0_0_0_0-15098-hdds-container-service-1_4_0-SNAPSHOT_jar-_-any-7848089360585788352/webapp/,AVAILABLE}{jar:file:/home/runner/.m2/repository/org/apache/ozone/hdds-container-service/1.4.0-SNAPSHOT/hdds-container-service-1.4.0-SNAPSHOT.jar!/webapps/hddsDatanode}
2023-07-25 10:56:38,970 [main] INFO  server.AbstractConnector (AbstractConnector.java:doStart(333)) - Started ServerConnector@1972ffee{HTTP/1.1, (http/1.1)}{0.0.0.0:15098}
2023-07-25 10:56:38,970 [main] INFO  server.Server (Server.java:doStart(415)) - Started @96389ms
2023-07-25 10:56:38,970 [main] WARN  impl.MetricsSystemImpl (MetricsSystemImpl.java:register(279)) - Sink prometheus already exists!
2023-07-25 10:56:38,972 [main] INFO  http.BaseHttpServer (BaseHttpServer.java:updateConnectorAddress(344)) - HTTP server of hddsDatanode listening at http://0.0.0.0:15098
2023-07-25 10:56:38,973 [main] INFO  ipc.CallQueueManager (CallQueueManager.java:<init>(90)) - Using callQueue: class java.util.concurrent.LinkedBlockingQueue, queueCapacity: 100, scheduler: class org.apache.hadoop.ipc.DefaultRpcScheduler, ipcBackoff: false.
2023-07-25 10:56:38,973 [main] INFO  ipc.Server (Server.java:<init>(1287)) - Listener at 0.0.0.0:15099
2023-07-25 10:56:38,974 [Socket Reader #1 for port 15099] INFO  ipc.Server (Server.java:run(1323)) - Starting Socket Reader #1 for port 15099
2023-07-25 10:56:38,977 [main] INFO  ozone.HddsDatanodeService (HddsDatanodeService.java:start(315)) - Datanode start with admins: [runner]
2023-07-25 10:56:38,977 [main] INFO  ozone.HddsDatanodeClientProtocolServer (HddsDatanodeClientProtocolServer.java:start(72)) - RPC server for Client /0.0.0.0:15099
2023-07-25 10:56:38,978 [IPC Server Responder] INFO  ipc.Server (Server.java:run(1562)) - IPC Server Responder: starting
2023-07-25 10:56:38,979 [IPC Server listener on 15099] INFO  ipc.Server (Server.java:run(1402)) - IPC Server listener on 15099: starting
2023-07-25 10:56:38,979 [main] INFO  ozone.MiniOzoneClusterImpl (MiniOzoneClusterImpl.java:lambda$waitForClusterToBeReady$0(224)) - Waiting for nodes to be ready. Got 0 of 5 DN Heartbeats.
2023-07-25 10:56:38,979 [main] INFO  ozone.MiniOzoneClusterImpl (MiniOzoneClusterImpl.java:lambda$waitForClusterToBeReady$0(227)) - Waiting for cluster to exit safe mode
2023-07-25 10:56:38,980 [main] INFO  ozone.MiniOzoneClusterImpl (MiniOzoneClusterImpl.java:lambda$waitForClusterToBeReady$0(229)) - SCM became leader
2023-07-25 10:56:38,979 [Datanode State Machine Daemon Thread] INFO  statemachine.DatanodeStateMachine (DatanodeStateMachine.java:lambda$startDaemon$0(531)) - Ozone container server started.
2023-07-25 10:56:38,989 [Datanode State Machine Task Thread - 0] INFO  datanode.InitDatanodeState (InitDatanodeState.java:persistContainerDatanodeDetails(138)) - DatanodeDetails is persisted to /home/runner/work/ozone/ozone/hadoop-ozone/integration-test/target/test-dir/MiniOzoneClusterImpl-c4e06dc0-ae81-4e14-96b7-eb66a98ebf91/datanode-4/meta/datanode.id
2023-07-25 10:56:39,493 [EndpointStateMachine task thread for /0.0.0.0:15055 - 0 ] INFO  utils.DatanodeStoreCache (DatanodeStoreCache.java:addDB(66)) - Added db /home/runner/work/ozone/ozone/hadoop-ozone/integration-test/target/test-dir/MiniOzoneClusterImpl-c4e06dc0-ae81-4e14-96b7-eb66a98ebf91/datanode-0/data-0/containers/hdds/c4e06dc0-ae81-4e14-96b7-eb66a98ebf91/DS-60b34db9-bc1c-4fed-a76b-c885e99fb0b4/container.db to cache
2023-07-25 10:56:39,493 [EndpointStateMachine task thread for /0.0.0.0:15055 - 0 ] INFO  volume.HddsVolume (HddsVolume.java:createDbStore(422)) - SchemaV3 db is created and loaded at /home/runner/work/ozone/ozone/hadoop-ozone/integration-test/target/test-dir/MiniOzoneClusterImpl-c4e06dc0-ae81-4e14-96b7-eb66a98ebf91/datanode-0/data-0/containers/hdds/c4e06dc0-ae81-4e14-96b7-eb66a98ebf91/DS-60b34db9-bc1c-4fed-a76b-c885e99fb0b4/container.db for volume DS-60b34db9-bc1c-4fed-a76b-c885e99fb0b4
2023-07-25 10:56:39,494 [EndpointStateMachine task thread for /0.0.0.0:15055 - 0 ] INFO  volume.ThrottledAsyncChecker (ThrottledAsyncChecker.java:schedule(141)) - Scheduling a check for /home/runner/work/ozone/ozone/hadoop-ozone/integration-test/target/test-dir/MiniOzoneClusterImpl-c4e06dc0-ae81-4e14-96b7-eb66a98ebf91/datanode-0/data-0/containers/hdds
2023-07-25 10:56:39,509 [EndpointStateMachine task thread for /0.0.0.0:15055 - 0 ] INFO  volume.StorageVolumeChecker (StorageVolumeChecker.java:checkAllVolumes(213)) - Scheduled health check for volume /home/runner/work/ozone/ozone/hadoop-ozone/integration-test/target/test-dir/MiniOzoneClusterImpl-c4e06dc0-ae81-4e14-96b7-eb66a98ebf91/datanode-0/data-0/containers/hdds
2023-07-25 10:56:39,514 [EndpointStateMachine task thread for /0.0.0.0:15055 - 0 ] INFO  volume.ThrottledAsyncChecker (ThrottledAsyncChecker.java:schedule(141)) - Scheduling a check for /home/runner/work/ozone/ozone/hadoop-ozone/integration-test/target/test-dir/MiniOzoneClusterImpl-c4e06dc0-ae81-4e14-96b7-eb66a98ebf91/datanode-0/data/ratis
2023-07-25 10:56:39,514 [EndpointStateMachine task thread for /0.0.0.0:15055 - 0 ] INFO  volume.StorageVolumeChecker (StorageVolumeChecker.java:checkAllVolumes(213)) - Scheduled health check for volume /home/runner/work/ozone/ozone/hadoop-ozone/integration-test/target/test-dir/MiniOzoneClusterImpl-c4e06dc0-ae81-4e14-96b7-eb66a98ebf91/datanode-0/data/ratis
2023-07-25 10:56:39,516 [EndpointStateMachine task thread for /0.0.0.0:15055 - 0 ] INFO  ozoneimpl.OzoneContainer (OzoneContainer.java:start(431)) - Attempting to start container services.
2023-07-25 10:56:39,516 [EndpointStateMachine task thread for /0.0.0.0:15055 - 0 ] INFO  ozoneimpl.OzoneContainer (OzoneContainer.java:startContainerScrub(327)) - Scheduled background container scanners and the on-demand container scanner have been disabled.
2023-07-25 10:56:39,518 [EndpointStateMachine task thread for /0.0.0.0:15055 - 0 ] INFO  replication.ReplicationServer (ReplicationServer.java:start(128)) - ReplicationServer is started using port 15069
2023-07-25 10:56:39,519 [EndpointStateMachine task thread for /0.0.0.0:15055 - 0 ] INFO  ratis.XceiverServerRatis (XceiverServerRatis.java:start(517)) - Starting XceiverServerRatis 2ac24d38-c694-40fc-bc53-1be83d90b269
2023-07-25 10:56:39,524 [EndpointStateMachine task thread for /0.0.0.0:15055 - 0 ] INFO  server.RaftServer (RaftServerProxy.java:startImpl(400)) - 2ac24d38-c694-40fc-bc53-1be83d90b269: start RPC server
2023-07-25 10:56:39,525 [EndpointStateMachine task thread for /0.0.0.0:15055 - 0 ] INFO  server.GrpcService (GrpcService.java:startImpl(302)) - 2ac24d38-c694-40fc-bc53-1be83d90b269: GrpcService started, listening on 15065
2023-07-25 10:56:39,527 [EndpointStateMachine task thread for /0.0.0.0:15055 - 0 ] INFO  server.GrpcService (GrpcService.java:startImpl(302)) - 2ac24d38-c694-40fc-bc53-1be83d90b269: GrpcService started, listening on 15067
2023-07-25 10:56:39,529 [EndpointStateMachine task thread for /0.0.0.0:15055 - 0 ] INFO  server.GrpcService (GrpcService.java:startImpl(302)) - 2ac24d38-c694-40fc-bc53-1be83d90b269: GrpcService started, listening on 15066
2023-07-25 10:56:39,529 [EndpointStateMachine task thread for /0.0.0.0:15055 - 0 ] INFO  ratis.XceiverServerRatis (XceiverServerRatis.java:getRealPort(543)) - XceiverServerRatis 2ac24d38-c694-40fc-bc53-1be83d90b269 is started using port 15065 for RATIS
2023-07-25 10:56:39,529 [EndpointStateMachine task thread for /0.0.0.0:15055 - 0 ] INFO  ratis.XceiverServerRatis (XceiverServerRatis.java:getRealPort(543)) - XceiverServerRatis 2ac24d38-c694-40fc-bc53-1be83d90b269 is started using port 15066 for RATIS_ADMIN
2023-07-25 10:56:39,529 [EndpointStateMachine task thread for /0.0.0.0:15055 - 0 ] INFO  ratis.XceiverServerRatis (XceiverServerRatis.java:getRealPort(543)) - XceiverServerRatis 2ac24d38-c694-40fc-bc53-1be83d90b269 is started using port 15067 for RATIS_SERVER
2023-07-25 10:56:39,529 [EndpointStateMachine task thread for /0.0.0.0:15055 - 0 ] INFO  ratis.XceiverServerRatis (XceiverServerRatis.java:getRealPort(543)) - XceiverServerRatis 2ac24d38-c694-40fc-bc53-1be83d90b269 is started using port 15068 for RATIS_DATASTREAM
2023-07-25 10:56:39,530 [JvmPauseMonitor9] INFO  util.JvmPauseMonitor (JvmPauseMonitor.java:run(103)) - JvmPauseMonitor-2ac24d38-c694-40fc-bc53-1be83d90b269: Started
2023-07-25 10:56:39,538 [BlockDeletingService#0] INFO  interfaces.ContainerDeletionChoosingPolicyTemplate (ContainerDeletionChoosingPolicyTemplate.java:chooseContainerForBlockDeletion(83)) - Chosen 0/5000 blocks from 0 candidate containers.
2023-07-25 10:56:39,890 [EndpointStateMachine task thread for /0.0.0.0:15055 - 0 ] INFO  utils.DatanodeStoreCache (DatanodeStoreCache.java:addDB(66)) - Added db /home/runner/work/ozone/ozone/hadoop-ozone/integration-test/target/test-dir/MiniOzoneClusterImpl-c4e06dc0-ae81-4e14-96b7-eb66a98ebf91/datanode-1/data-0/containers/hdds/c4e06dc0-ae81-4e14-96b7-eb66a98ebf91/DS-8a735ede-79b2-4e0d-9be7-61997c7576fe/container.db to cache
2023-07-25 10:56:39,891 [EndpointStateMachine task thread for /0.0.0.0:15055 - 0 ] INFO  volume.HddsVolume (HddsVolume.java:createDbStore(422)) - SchemaV3 db is created and loaded at /home/runner/work/ozone/ozone/hadoop-ozone/integration-test/target/test-dir/MiniOzoneClusterImpl-c4e06dc0-ae81-4e14-96b7-eb66a98ebf91/datanode-1/data-0/containers/hdds/c4e06dc0-ae81-4e14-96b7-eb66a98ebf91/DS-8a735ede-79b2-4e0d-9be7-61997c7576fe/container.db for volume DS-8a735ede-79b2-4e0d-9be7-61997c7576fe
2023-07-25 10:56:39,891 [EndpointStateMachine task thread for /0.0.0.0:15055 - 0 ] INFO  volume.ThrottledAsyncChecker (ThrottledAsyncChecker.java:schedule(141)) - Scheduling a check for /home/runner/work/ozone/ozone/hadoop-ozone/integration-test/target/test-dir/MiniOzoneClusterImpl-c4e06dc0-ae81-4e14-96b7-eb66a98ebf91/datanode-1/data-0/containers/hdds
2023-07-25 10:56:39,892 [EndpointStateMachine task thread for /0.0.0.0:15055 - 0 ] INFO  volume.StorageVolumeChecker (StorageVolumeChecker.java:checkAllVolumes(213)) - Scheduled health check for volume /home/runner/work/ozone/ozone/hadoop-ozone/integration-test/target/test-dir/MiniOzoneClusterImpl-c4e06dc0-ae81-4e14-96b7-eb66a98ebf91/datanode-1/data-0/containers/hdds
2023-07-25 10:56:39,898 [EndpointStateMachine task thread for /0.0.0.0:15055 - 0 ] INFO  volume.ThrottledAsyncChecker (ThrottledAsyncChecker.java:schedule(141)) - Scheduling a check for /home/runner/work/ozone/ozone/hadoop-ozone/integration-test/target/test-dir/MiniOzoneClusterImpl-c4e06dc0-ae81-4e14-96b7-eb66a98ebf91/datanode-1/data/ratis
2023-07-25 10:56:39,898 [EndpointStateMachine task thread for /0.0.0.0:15055 - 0 ] INFO  volume.StorageVolumeChecker (StorageVolumeChecker.java:checkAllVolumes(213)) - Scheduled health check for volume /home/runner/work/ozone/ozone/hadoop-ozone/integration-test/target/test-dir/MiniOzoneClusterImpl-c4e06dc0-ae81-4e14-96b7-eb66a98ebf91/datanode-1/data/ratis
2023-07-25 10:56:39,900 [EndpointStateMachine task thread for /0.0.0.0:15055 - 0 ] INFO  ozoneimpl.OzoneContainer (OzoneContainer.java:start(431)) - Attempting to start container services.
2023-07-25 10:56:39,900 [EndpointStateMachine task thread for /0.0.0.0:15055 - 0 ] INFO  ozoneimpl.OzoneContainer (OzoneContainer.java:startContainerScrub(327)) - Scheduled background container scanners and the on-demand container scanner have been disabled.
2023-07-25 10:56:39,902 [EndpointStateMachine task thread for /0.0.0.0:15055 - 0 ] INFO  replication.ReplicationServer (ReplicationServer.java:start(128)) - ReplicationServer is started using port 15078
2023-07-25 10:56:39,902 [EndpointStateMachine task thread for /0.0.0.0:15055 - 0 ] INFO  ratis.XceiverServerRatis (XceiverServerRatis.java:start(517)) - Starting XceiverServerRatis ab2ae7ff-5675-45b3-bfb0-4ee1241a3635
2023-07-25 10:56:39,905 [EndpointStateMachine task thread for /0.0.0.0:15055 - 0 ] INFO  server.RaftServer (RaftServerProxy.java:startImpl(400)) - ab2ae7ff-5675-45b3-bfb0-4ee1241a3635: start RPC server
2023-07-25 10:56:39,906 [EndpointStateMachine task thread for /0.0.0.0:15055 - 0 ] INFO  server.GrpcService (GrpcService.java:startImpl(302)) - ab2ae7ff-5675-45b3-bfb0-4ee1241a3635: GrpcService started, listening on 15074
2023-07-25 10:56:39,907 [EndpointStateMachine task thread for /0.0.0.0:15055 - 0 ] INFO  server.GrpcService (GrpcService.java:startImpl(302)) - ab2ae7ff-5675-45b3-bfb0-4ee1241a3635: GrpcService started, listening on 15076
2023-07-25 10:56:39,909 [EndpointStateMachine task thread for /0.0.0.0:15055 - 0 ] INFO  server.GrpcService (GrpcService.java:startImpl(302)) - ab2ae7ff-5675-45b3-bfb0-4ee1241a3635: GrpcService started, listening on 15075
2023-07-25 10:56:39,910 [EndpointStateMachine task thread for /0.0.0.0:15055 - 0 ] INFO  ratis.XceiverServerRatis (XceiverServerRatis.java:getRealPort(543)) - XceiverServerRatis ab2ae7ff-5675-45b3-bfb0-4ee1241a3635 is started using port 15074 for RATIS
2023-07-25 10:56:39,910 [EndpointStateMachine task thread for /0.0.0.0:15055 - 0 ] INFO  ratis.XceiverServerRatis (XceiverServerRatis.java:getRealPort(543)) - XceiverServerRatis ab2ae7ff-5675-45b3-bfb0-4ee1241a3635 is started using port 15075 for RATIS_ADMIN
2023-07-25 10:56:39,910 [EndpointStateMachine task thread for /0.0.0.0:15055 - 0 ] INFO  ratis.XceiverServerRatis (XceiverServerRatis.java:getRealPort(543)) - XceiverServerRatis ab2ae7ff-5675-45b3-bfb0-4ee1241a3635 is started using port 15076 for RATIS_SERVER
2023-07-25 10:56:39,910 [EndpointStateMachine task thread for /0.0.0.0:15055 - 0 ] INFO  ratis.XceiverServerRatis (XceiverServerRatis.java:getRealPort(543)) - XceiverServerRatis ab2ae7ff-5675-45b3-bfb0-4ee1241a3635 is started using port 15077 for RATIS_DATASTREAM
2023-07-25 10:56:39,910 [JvmPauseMonitor10] INFO  util.JvmPauseMonitor (JvmPauseMonitor.java:run(103)) - JvmPauseMonitor-ab2ae7ff-5675-45b3-bfb0-4ee1241a3635: Started
2023-07-25 10:56:39,914 [BlockDeletingService#0] INFO  interfaces.ContainerDeletionChoosingPolicyTemplate (ContainerDeletionChoosingPolicyTemplate.java:chooseContainerForBlockDeletion(83)) - Chosen 0/5000 blocks from 0 candidate containers.
2023-07-25 10:56:39,980 [main] INFO  ozone.MiniOzoneClusterImpl (MiniOzoneClusterImpl.java:lambda$waitForClusterToBeReady$0(224)) - Waiting for nodes to be ready. Got 0 of 5 DN Heartbeats.
2023-07-25 10:56:39,980 [main] INFO  ozone.MiniOzoneClusterImpl (MiniOzoneClusterImpl.java:lambda$waitForClusterToBeReady$0(227)) - Waiting for cluster to exit safe mode
2023-07-25 10:56:39,980 [main] INFO  ozone.MiniOzoneClusterImpl (MiniOzoneClusterImpl.java:lambda$waitForClusterToBeReady$0(229)) - SCM became leader
2023-07-25 10:56:40,285 [EndpointStateMachine task thread for /0.0.0.0:15055 - 0 ] INFO  utils.DatanodeStoreCache (DatanodeStoreCache.java:addDB(66)) - Added db /home/runner/work/ozone/ozone/hadoop-ozone/integration-test/target/test-dir/MiniOzoneClusterImpl-c4e06dc0-ae81-4e14-96b7-eb66a98ebf91/datanode-2/data-0/containers/hdds/c4e06dc0-ae81-4e14-96b7-eb66a98ebf91/DS-52426a15-c577-4fb6-adf5-369418f7e5a1/container.db to cache
2023-07-25 10:56:40,286 [EndpointStateMachine task thread for /0.0.0.0:15055 - 0 ] INFO  volume.HddsVolume (HddsVolume.java:createDbStore(422)) - SchemaV3 db is created and loaded at /home/runner/work/ozone/ozone/hadoop-ozone/integration-test/target/test-dir/MiniOzoneClusterImpl-c4e06dc0-ae81-4e14-96b7-eb66a98ebf91/datanode-2/data-0/containers/hdds/c4e06dc0-ae81-4e14-96b7-eb66a98ebf91/DS-52426a15-c577-4fb6-adf5-369418f7e5a1/container.db for volume DS-52426a15-c577-4fb6-adf5-369418f7e5a1
2023-07-25 10:56:40,287 [EndpointStateMachine task thread for /0.0.0.0:15055 - 0 ] INFO  volume.ThrottledAsyncChecker (ThrottledAsyncChecker.java:schedule(141)) - Scheduling a check for /home/runner/work/ozone/ozone/hadoop-ozone/integration-test/target/test-dir/MiniOzoneClusterImpl-c4e06dc0-ae81-4e14-96b7-eb66a98ebf91/datanode-2/data-0/containers/hdds
2023-07-25 10:56:40,287 [EndpointStateMachine task thread for /0.0.0.0:15055 - 0 ] INFO  volume.StorageVolumeChecker (StorageVolumeChecker.java:checkAllVolumes(213)) - Scheduled health check for volume /home/runner/work/ozone/ozone/hadoop-ozone/integration-test/target/test-dir/MiniOzoneClusterImpl-c4e06dc0-ae81-4e14-96b7-eb66a98ebf91/datanode-2/data-0/containers/hdds
2023-07-25 10:56:40,291 [EndpointStateMachine task thread for /0.0.0.0:15055 - 0 ] INFO  volume.ThrottledAsyncChecker (ThrottledAsyncChecker.java:schedule(141)) - Scheduling a check for /home/runner/work/ozone/ozone/hadoop-ozone/integration-test/target/test-dir/MiniOzoneClusterImpl-c4e06dc0-ae81-4e14-96b7-eb66a98ebf91/datanode-2/data/ratis
2023-07-25 10:56:40,291 [EndpointStateMachine task thread for /0.0.0.0:15055 - 0 ] INFO  volume.StorageVolumeChecker (StorageVolumeChecker.java:checkAllVolumes(213)) - Scheduled health check for volume /home/runner/work/ozone/ozone/hadoop-ozone/integration-test/target/test-dir/MiniOzoneClusterImpl-c4e06dc0-ae81-4e14-96b7-eb66a98ebf91/datanode-2/data/ratis
2023-07-25 10:56:40,292 [EndpointStateMachine task thread for /0.0.0.0:15055 - 0 ] INFO  ozoneimpl.OzoneContainer (OzoneContainer.java:start(431)) - Attempting to start container services.
2023-07-25 10:56:40,292 [EndpointStateMachine task thread for /0.0.0.0:15055 - 0 ] INFO  ozoneimpl.OzoneContainer (OzoneContainer.java:startContainerScrub(327)) - Scheduled background container scanners and the on-demand container scanner have been disabled.
2023-07-25 10:56:40,294 [EndpointStateMachine task thread for /0.0.0.0:15055 - 0 ] INFO  replication.ReplicationServer (ReplicationServer.java:start(128)) - ReplicationServer is started using port 15087
2023-07-25 10:56:40,294 [EndpointStateMachine task thread for /0.0.0.0:15055 - 0 ] INFO  ratis.XceiverServerRatis (XceiverServerRatis.java:start(517)) - Starting XceiverServerRatis 2333f530-c3e7-4f84-815f-5beaea2403db
2023-07-25 10:56:40,295 [EndpointStateMachine task thread for /0.0.0.0:15055 - 0 ] INFO  server.RaftServer (RaftServerProxy.java:startImpl(400)) - 2333f530-c3e7-4f84-815f-5beaea2403db: start RPC server
2023-07-25 10:56:40,296 [EndpointStateMachine task thread for /0.0.0.0:15055 - 0 ] INFO  server.GrpcService (GrpcService.java:startImpl(302)) - 2333f530-c3e7-4f84-815f-5beaea2403db: GrpcService started, listening on 15083
2023-07-25 10:56:40,297 [EndpointStateMachine task thread for /0.0.0.0:15055 - 0 ] INFO  server.GrpcService (GrpcService.java:startImpl(302)) - 2333f530-c3e7-4f84-815f-5beaea2403db: GrpcService started, listening on 15085
2023-07-25 10:56:40,297 [EndpointStateMachine task thread for /0.0.0.0:15055 - 0 ] INFO  server.GrpcService (GrpcService.java:startImpl(302)) - 2333f530-c3e7-4f84-815f-5beaea2403db: GrpcService started, listening on 15084
2023-07-25 10:56:40,298 [EndpointStateMachine task thread for /0.0.0.0:15055 - 0 ] INFO  ratis.XceiverServerRatis (XceiverServerRatis.java:getRealPort(543)) - XceiverServerRatis 2333f530-c3e7-4f84-815f-5beaea2403db is started using port 15083 for RATIS
2023-07-25 10:56:40,298 [JvmPauseMonitor11] INFO  util.JvmPauseMonitor (JvmPauseMonitor.java:run(103)) - JvmPauseMonitor-2333f530-c3e7-4f84-815f-5beaea2403db: Started
2023-07-25 10:56:40,298 [EndpointStateMachine task thread for /0.0.0.0:15055 - 0 ] INFO  ratis.XceiverServerRatis (XceiverServerRatis.java:getRealPort(543)) - XceiverServerRatis 2333f530-c3e7-4f84-815f-5beaea2403db is started using port 15084 for RATIS_ADMIN
2023-07-25 10:56:40,298 [EndpointStateMachine task thread for /0.0.0.0:15055 - 0 ] INFO  ratis.XceiverServerRatis (XceiverServerRatis.java:getRealPort(543)) - XceiverServerRatis 2333f530-c3e7-4f84-815f-5beaea2403db is started using port 15085 for RATIS_SERVER
2023-07-25 10:56:40,298 [EndpointStateMachine task thread for /0.0.0.0:15055 - 0 ] INFO  ratis.XceiverServerRatis (XceiverServerRatis.java:getRealPort(543)) - XceiverServerRatis 2333f530-c3e7-4f84-815f-5beaea2403db is started using port 15086 for RATIS_DATASTREAM
2023-07-25 10:56:40,301 [BlockDeletingService#0] INFO  interfaces.ContainerDeletionChoosingPolicyTemplate (ContainerDeletionChoosingPolicyTemplate.java:chooseContainerForBlockDeletion(83)) - Chosen 0/5000 blocks from 0 candidate containers.
2023-07-25 10:56:40,664 [EndpointStateMachine task thread for /0.0.0.0:15055 - 0 ] INFO  utils.DatanodeStoreCache (DatanodeStoreCache.java:addDB(66)) - Added db /home/runner/work/ozone/ozone/hadoop-ozone/integration-test/target/test-dir/MiniOzoneClusterImpl-c4e06dc0-ae81-4e14-96b7-eb66a98ebf91/datanode-3/data-0/containers/hdds/c4e06dc0-ae81-4e14-96b7-eb66a98ebf91/DS-00f2d4ee-0ed0-452e-9970-80de2e375e04/container.db to cache
2023-07-25 10:56:40,665 [EndpointStateMachine task thread for /0.0.0.0:15055 - 0 ] INFO  volume.HddsVolume (HddsVolume.java:createDbStore(422)) - SchemaV3 db is created and loaded at /home/runner/work/ozone/ozone/hadoop-ozone/integration-test/target/test-dir/MiniOzoneClusterImpl-c4e06dc0-ae81-4e14-96b7-eb66a98ebf91/datanode-3/data-0/containers/hdds/c4e06dc0-ae81-4e14-96b7-eb66a98ebf91/DS-00f2d4ee-0ed0-452e-9970-80de2e375e04/container.db for volume DS-00f2d4ee-0ed0-452e-9970-80de2e375e04
2023-07-25 10:56:40,665 [EndpointStateMachine task thread for /0.0.0.0:15055 - 0 ] INFO  volume.ThrottledAsyncChecker (ThrottledAsyncChecker.java:schedule(141)) - Scheduling a check for /home/runner/work/ozone/ozone/hadoop-ozone/integration-test/target/test-dir/MiniOzoneClusterImpl-c4e06dc0-ae81-4e14-96b7-eb66a98ebf91/datanode-3/data-0/containers/hdds
2023-07-25 10:56:40,666 [EndpointStateMachine task thread for /0.0.0.0:15055 - 0 ] INFO  volume.StorageVolumeChecker (StorageVolumeChecker.java:checkAllVolumes(213)) - Scheduled health check for volume /home/runner/work/ozone/ozone/hadoop-ozone/integration-test/target/test-dir/MiniOzoneClusterImpl-c4e06dc0-ae81-4e14-96b7-eb66a98ebf91/datanode-3/data-0/containers/hdds
2023-07-25 10:56:40,669 [EndpointStateMachine task thread for /0.0.0.0:15055 - 0 ] INFO  volume.ThrottledAsyncChecker (ThrottledAsyncChecker.java:schedule(141)) - Scheduling a check for /home/runner/work/ozone/ozone/hadoop-ozone/integration-test/target/test-dir/MiniOzoneClusterImpl-c4e06dc0-ae81-4e14-96b7-eb66a98ebf91/datanode-3/data/ratis
2023-07-25 10:56:40,669 [EndpointStateMachine task thread for /0.0.0.0:15055 - 0 ] INFO  volume.StorageVolumeChecker (StorageVolumeChecker.java:checkAllVolumes(213)) - Scheduled health check for volume /home/runner/work/ozone/ozone/hadoop-ozone/integration-test/target/test-dir/MiniOzoneClusterImpl-c4e06dc0-ae81-4e14-96b7-eb66a98ebf91/datanode-3/data/ratis
2023-07-25 10:56:40,671 [EndpointStateMachine task thread for /0.0.0.0:15055 - 0 ] INFO  ozoneimpl.OzoneContainer (OzoneContainer.java:start(431)) - Attempting to start container services.
2023-07-25 10:56:40,671 [EndpointStateMachine task thread for /0.0.0.0:15055 - 0 ] INFO  ozoneimpl.OzoneContainer (OzoneContainer.java:startContainerScrub(327)) - Scheduled background container scanners and the on-demand container scanner have been disabled.
2023-07-25 10:56:40,673 [EndpointStateMachine task thread for /0.0.0.0:15055 - 0 ] INFO  replication.ReplicationServer (ReplicationServer.java:start(128)) - ReplicationServer is started using port 15096
2023-07-25 10:56:40,673 [EndpointStateMachine task thread for /0.0.0.0:15055 - 0 ] INFO  ratis.XceiverServerRatis (XceiverServerRatis.java:start(517)) - Starting XceiverServerRatis 5afa7191-cd14-4635-a86c-27235fe9851c
2023-07-25 10:56:40,674 [EndpointStateMachine task thread for /0.0.0.0:15055 - 0 ] INFO  server.RaftServer (RaftServerProxy.java:startImpl(400)) - 5afa7191-cd14-4635-a86c-27235fe9851c: start RPC server
2023-07-25 10:56:40,676 [EndpointStateMachine task thread for /0.0.0.0:15055 - 0 ] INFO  server.GrpcService (GrpcService.java:startImpl(302)) - 5afa7191-cd14-4635-a86c-27235fe9851c: GrpcService started, listening on 15092
2023-07-25 10:56:40,677 [EndpointStateMachine task thread for /0.0.0.0:15055 - 0 ] INFO  server.GrpcService (GrpcService.java:startImpl(302)) - 5afa7191-cd14-4635-a86c-27235fe9851c: GrpcService started, listening on 15094
2023-07-25 10:56:40,680 [EndpointStateMachine task thread for /0.0.0.0:15055 - 0 ] INFO  server.GrpcService (GrpcService.java:startImpl(302)) - 5afa7191-cd14-4635-a86c-27235fe9851c: GrpcService started, listening on 15093
2023-07-25 10:56:40,681 [EndpointStateMachine task thread for /0.0.0.0:15055 - 0 ] INFO  ratis.XceiverServerRatis (XceiverServerRatis.java:getRealPort(543)) - XceiverServerRatis 5afa7191-cd14-4635-a86c-27235fe9851c is started using port 15092 for RATIS
2023-07-25 10:56:40,681 [EndpointStateMachine task thread for /0.0.0.0:15055 - 0 ] INFO  ratis.XceiverServerRatis (XceiverServerRatis.java:getRealPort(543)) - XceiverServerRatis 5afa7191-cd14-4635-a86c-27235fe9851c is started using port 15093 for RATIS_ADMIN
2023-07-25 10:56:40,681 [EndpointStateMachine task thread for /0.0.0.0:15055 - 0 ] INFO  ratis.XceiverServerRatis (XceiverServerRatis.java:getRealPort(543)) - XceiverServerRatis 5afa7191-cd14-4635-a86c-27235fe9851c is started using port 15094 for RATIS_SERVER
2023-07-25 10:56:40,681 [EndpointStateMachine task thread for /0.0.0.0:15055 - 0 ] INFO  ratis.XceiverServerRatis (XceiverServerRatis.java:getRealPort(543)) - XceiverServerRatis 5afa7191-cd14-4635-a86c-27235fe9851c is started using port 15095 for RATIS_DATASTREAM
2023-07-25 10:56:40,681 [JvmPauseMonitor12] INFO  util.JvmPauseMonitor (JvmPauseMonitor.java:run(103)) - JvmPauseMonitor-5afa7191-cd14-4635-a86c-27235fe9851c: Started
2023-07-25 10:56:40,696 [BlockDeletingService#0] INFO  interfaces.ContainerDeletionChoosingPolicyTemplate (ContainerDeletionChoosingPolicyTemplate.java:chooseContainerForBlockDeletion(83)) - Chosen 0/5000 blocks from 0 candidate containers.
2023-07-25 10:56:40,981 [main] INFO  ozone.MiniOzoneClusterImpl (MiniOzoneClusterImpl.java:lambda$waitForClusterToBeReady$0(224)) - Waiting for nodes to be ready. Got 0 of 5 DN Heartbeats.
2023-07-25 10:56:40,981 [main] INFO  ozone.MiniOzoneClusterImpl (MiniOzoneClusterImpl.java:lambda$waitForClusterToBeReady$0(227)) - Waiting for cluster to exit safe mode
2023-07-25 10:56:40,981 [main] INFO  ozone.MiniOzoneClusterImpl (MiniOzoneClusterImpl.java:lambda$waitForClusterToBeReady$0(229)) - SCM became leader
2023-07-25 10:56:41,032 [EndpointStateMachine task thread for /0.0.0.0:15055 - 0 ] INFO  utils.DatanodeStoreCache (DatanodeStoreCache.java:addDB(66)) - Added db /home/runner/work/ozone/ozone/hadoop-ozone/integration-test/target/test-dir/MiniOzoneClusterImpl-c4e06dc0-ae81-4e14-96b7-eb66a98ebf91/datanode-4/data-0/containers/hdds/c4e06dc0-ae81-4e14-96b7-eb66a98ebf91/DS-f766eaf8-4d6a-4971-a68c-69b8ad496986/container.db to cache
2023-07-25 10:56:41,032 [EndpointStateMachine task thread for /0.0.0.0:15055 - 0 ] INFO  volume.HddsVolume (HddsVolume.java:createDbStore(422)) - SchemaV3 db is created and loaded at /home/runner/work/ozone/ozone/hadoop-ozone/integration-test/target/test-dir/MiniOzoneClusterImpl-c4e06dc0-ae81-4e14-96b7-eb66a98ebf91/datanode-4/data-0/containers/hdds/c4e06dc0-ae81-4e14-96b7-eb66a98ebf91/DS-f766eaf8-4d6a-4971-a68c-69b8ad496986/container.db for volume DS-f766eaf8-4d6a-4971-a68c-69b8ad496986
2023-07-25 10:56:41,034 [EndpointStateMachine task thread for /0.0.0.0:15055 - 0 ] INFO  volume.ThrottledAsyncChecker (ThrottledAsyncChecker.java:schedule(141)) - Scheduling a check for /home/runner/work/ozone/ozone/hadoop-ozone/integration-test/target/test-dir/MiniOzoneClusterImpl-c4e06dc0-ae81-4e14-96b7-eb66a98ebf91/datanode-4/data-0/containers/hdds
2023-07-25 10:56:41,034 [EndpointStateMachine task thread for /0.0.0.0:15055 - 0 ] INFO  volume.StorageVolumeChecker (StorageVolumeChecker.java:checkAllVolumes(213)) - Scheduled health check for volume /home/runner/work/ozone/ozone/hadoop-ozone/integration-test/target/test-dir/MiniOzoneClusterImpl-c4e06dc0-ae81-4e14-96b7-eb66a98ebf91/datanode-4/data-0/containers/hdds
2023-07-25 10:56:41,038 [EndpointStateMachine task thread for /0.0.0.0:15055 - 0 ] INFO  volume.ThrottledAsyncChecker (ThrottledAsyncChecker.java:schedule(141)) - Scheduling a check for /home/runner/work/ozone/ozone/hadoop-ozone/integration-test/target/test-dir/MiniOzoneClusterImpl-c4e06dc0-ae81-4e14-96b7-eb66a98ebf91/datanode-4/data/ratis
2023-07-25 10:56:41,038 [EndpointStateMachine task thread for /0.0.0.0:15055 - 0 ] INFO  volume.StorageVolumeChecker (StorageVolumeChecker.java:checkAllVolumes(213)) - Scheduled health check for volume /home/runner/work/ozone/ozone/hadoop-ozone/integration-test/target/test-dir/MiniOzoneClusterImpl-c4e06dc0-ae81-4e14-96b7-eb66a98ebf91/datanode-4/data/ratis
2023-07-25 10:56:41,039 [EndpointStateMachine task thread for /0.0.0.0:15055 - 0 ] INFO  ozoneimpl.OzoneContainer (OzoneContainer.java:start(431)) - Attempting to start container services.
2023-07-25 10:56:41,039 [EndpointStateMachine task thread for /0.0.0.0:15055 - 0 ] INFO  ozoneimpl.OzoneContainer (OzoneContainer.java:startContainerScrub(327)) - Scheduled background container scanners and the on-demand container scanner have been disabled.
2023-07-25 10:56:41,046 [EndpointStateMachine task thread for /0.0.0.0:15055 - 0 ] INFO  replication.ReplicationServer (ReplicationServer.java:start(128)) - ReplicationServer is started using port 15105
2023-07-25 10:56:41,046 [EndpointStateMachine task thread for /0.0.0.0:15055 - 0 ] INFO  ratis.XceiverServerRatis (XceiverServerRatis.java:start(517)) - Starting XceiverServerRatis 818707a6-4adf-4ab4-8830-ca289259fe44
2023-07-25 10:56:41,046 [EndpointStateMachine task thread for /0.0.0.0:15055 - 0 ] INFO  server.RaftServer (RaftServerProxy.java:startImpl(400)) - 818707a6-4adf-4ab4-8830-ca289259fe44: start RPC server
2023-07-25 10:56:41,048 [EndpointStateMachine task thread for /0.0.0.0:15055 - 0 ] INFO  server.GrpcService (GrpcService.java:startImpl(302)) - 818707a6-4adf-4ab4-8830-ca289259fe44: GrpcService started, listening on 15101
2023-07-25 10:56:41,049 [EndpointStateMachine task thread for /0.0.0.0:15055 - 0 ] INFO  server.GrpcService (GrpcService.java:startImpl(302)) - 818707a6-4adf-4ab4-8830-ca289259fe44: GrpcService started, listening on 15103
2023-07-25 10:56:41,050 [EndpointStateMachine task thread for /0.0.0.0:15055 - 0 ] INFO  server.GrpcService (GrpcService.java:startImpl(302)) - 818707a6-4adf-4ab4-8830-ca289259fe44: GrpcService started, listening on 15102
2023-07-25 10:56:41,050 [EndpointStateMachine task thread for /0.0.0.0:15055 - 0 ] INFO  ratis.XceiverServerRatis (XceiverServerRatis.java:getRealPort(543)) - XceiverServerRatis 818707a6-4adf-4ab4-8830-ca289259fe44 is started using port 15101 for RATIS
2023-07-25 10:56:41,050 [EndpointStateMachine task thread for /0.0.0.0:15055 - 0 ] INFO  ratis.XceiverServerRatis (XceiverServerRatis.java:getRealPort(543)) - XceiverServerRatis 818707a6-4adf-4ab4-8830-ca289259fe44 is started using port 15102 for RATIS_ADMIN
2023-07-25 10:56:41,050 [EndpointStateMachine task thread for /0.0.0.0:15055 - 0 ] INFO  ratis.XceiverServerRatis (XceiverServerRatis.java:getRealPort(543)) - XceiverServerRatis 818707a6-4adf-4ab4-8830-ca289259fe44 is started using port 15103 for RATIS_SERVER
2023-07-25 10:56:41,050 [EndpointStateMachine task thread for /0.0.0.0:15055 - 0 ] INFO  ratis.XceiverServerRatis (XceiverServerRatis.java:getRealPort(543)) - XceiverServerRatis 818707a6-4adf-4ab4-8830-ca289259fe44 is started using port 15104 for RATIS_DATASTREAM
2023-07-25 10:56:41,054 [BlockDeletingService#0] INFO  interfaces.ContainerDeletionChoosingPolicyTemplate (ContainerDeletionChoosingPolicyTemplate.java:chooseContainerForBlockDeletion(83)) - Chosen 0/5000 blocks from 0 candidate containers.
2023-07-25 10:56:41,058 [JvmPauseMonitor13] INFO  util.JvmPauseMonitor (JvmPauseMonitor.java:run(103)) - JvmPauseMonitor-818707a6-4adf-4ab4-8830-ca289259fe44: Started
2023-07-25 10:56:41,431 [IPC Server handler 2 on default port 15055] INFO  net.NetworkTopologyImpl (NetworkTopologyImpl.java:add(112)) - Added a new node: /default-rack/2ac24d38-c694-40fc-bc53-1be83d90b269
2023-07-25 10:56:41,432 [IPC Server handler 2 on default port 15055] INFO  node.SCMNodeManager (SCMNodeManager.java:register(405)) - Registered Data node : 2ac24d38-c694-40fc-bc53-1be83d90b269{ip: 10.1.0.57, host: fv-az82-323, ports: [HTTP=15062, CLIENT_RPC=15063, REPLICATION=15069, RATIS=15065, RATIS_ADMIN=15066, RATIS_SERVER=15067, RATIS_DATASTREAM=15068, STANDALONE=15064], networkLocation: /default-rack, certSerialId: null, persistedOpState: null, persistedOpStateExpiryEpochSec: 0}
2023-07-25 10:56:41,435 [EventQueue-NodeRegistrationContainerReportForContainerSafeModeRule] INFO  safemode.SCMSafeModeManager (SCMSafeModeManager.java:validateSafeModeExitRules(200)) - ContainerSafeModeRule rule is successfully validated
2023-07-25 10:56:41,435 [EventQueue-NodeRegistrationContainerReportForDataNodeSafeModeRule] INFO  safemode.SCMSafeModeManager (DataNodeSafeModeRule.java:process(71)) - SCM in safe mode. 1 DataNodes registered, 3 required.
2023-07-25 10:56:41,450 [EventQueue-NewNodeForNewNodeHandler] INFO  pipeline.BackgroundPipelineCreator (BackgroundPipelineCreator.java:notifyEventTriggered(277)) - trigger a one-shot run on RatisPipelineUtilsThread.
2023-07-25 10:56:41,450 [EventQueue-PipelineReportForOneReplicaPipelineSafeModeRule] INFO  safemode.SCMSafeModeManager (SCMSafeModeManager.java:validateSafeModeExitRules(200)) - AtleastOneDatanodeReportedRule rule is successfully validated
2023-07-25 10:56:41,451 [RatisPipelineUtilsThread - 0] INFO  pipeline.RatisPipelineProvider (RatisPipelineProvider.java:lambda$create$0(206)) - Sending CreatePipelineCommand for pipeline:PipelineID=9dcdd796-88e7-47b9-9a3c-09da246398f3 to datanode:2ac24d38-c694-40fc-bc53-1be83d90b269
2023-07-25 10:56:41,452 [RatisPipelineUtilsThread - 0] INFO  pipeline.BackgroundPipelineCreator (BackgroundPipelineCreator.java:createPipelines(233)) - Created new pipeline Pipeline[ Id: 9dcdd796-88e7-47b9-9a3c-09da246398f3, Nodes: 2ac24d38-c694-40fc-bc53-1be83d90b269(fv-az82-323/10.1.0.57), ReplicationConfig: RATIS/ONE, State:ALLOCATED, leaderId:, CreationTimestamp2023-07-25T10:56:41.451Z[Etc/UTC]]
2023-07-25 10:56:41,833 [IPC Server handler 0 on default port 15055] INFO  net.NetworkTopologyImpl (NetworkTopologyImpl.java:add(112)) - Added a new node: /default-rack/ab2ae7ff-5675-45b3-bfb0-4ee1241a3635
2023-07-25 10:56:41,833 [IPC Server handler 0 on default port 15055] INFO  node.SCMNodeManager (SCMNodeManager.java:register(405)) - Registered Data node : ab2ae7ff-5675-45b3-bfb0-4ee1241a3635{ip: 10.1.0.57, host: fv-az82-323, ports: [HTTP=15071, CLIENT_RPC=15072, REPLICATION=15078, RATIS=15074, RATIS_ADMIN=15075, RATIS_SERVER=15076, RATIS_DATASTREAM=15077, STANDALONE=15073], networkLocation: /default-rack, certSerialId: null, persistedOpState: null, persistedOpStateExpiryEpochSec: 0}
2023-07-25 10:56:41,835 [EventQueue-NodeRegistrationContainerReportForDataNodeSafeModeRule] INFO  safemode.SCMSafeModeManager (DataNodeSafeModeRule.java:process(71)) - SCM in safe mode. 2 DataNodes registered, 3 required.
2023-07-25 10:56:41,835 [EventQueue-NewNodeForNewNodeHandler] INFO  pipeline.BackgroundPipelineCreator (BackgroundPipelineCreator.java:notifyEventTriggered(277)) - trigger a one-shot run on RatisPipelineUtilsThread.
2023-07-25 10:56:41,836 [RatisPipelineUtilsThread - 0] INFO  pipeline.RatisPipelineProvider (RatisPipelineProvider.java:lambda$create$0(206)) - Sending CreatePipelineCommand for pipeline:PipelineID=86d43fe2-e48a-4123-b519-359273fd4d1c to datanode:ab2ae7ff-5675-45b3-bfb0-4ee1241a3635
2023-07-25 10:56:41,837 [RatisPipelineUtilsThread - 0] INFO  pipeline.BackgroundPipelineCreator (BackgroundPipelineCreator.java:createPipelines(233)) - Created new pipeline Pipeline[ Id: 86d43fe2-e48a-4123-b519-359273fd4d1c, Nodes: ab2ae7ff-5675-45b3-bfb0-4ee1241a3635(fv-az82-323/10.1.0.57), ReplicationConfig: RATIS/ONE, State:ALLOCATED, leaderId:, CreationTimestamp2023-07-25T10:56:41.836Z[Etc/UTC]]
2023-07-25 10:56:41,982 [main] INFO  ozone.MiniOzoneClusterImpl (MiniOzoneClusterImpl.java:lambda$waitForClusterToBeReady$0(224)) - Waiting for nodes to be ready. Got 2 of 5 DN Heartbeats.
2023-07-25 10:56:41,982 [main] INFO  ozone.MiniOzoneClusterImpl (MiniOzoneClusterImpl.java:lambda$waitForClusterToBeReady$0(227)) - Waiting for cluster to exit safe mode
2023-07-25 10:56:41,982 [main] INFO  ozone.MiniOzoneClusterImpl (MiniOzoneClusterImpl.java:lambda$waitForClusterToBeReady$0(229)) - SCM became leader
2023-07-25 10:56:42,231 [IPC Server handler 2 on default port 15055] INFO  net.NetworkTopologyImpl (NetworkTopologyImpl.java:add(112)) - Added a new node: /default-rack/2333f530-c3e7-4f84-815f-5beaea2403db
2023-07-25 10:56:42,232 [IPC Server handler 2 on default port 15055] INFO  node.SCMNodeManager (SCMNodeManager.java:register(405)) - Registered Data node : 2333f530-c3e7-4f84-815f-5beaea2403db{ip: 10.1.0.57, host: fv-az82-323, ports: [HTTP=15080, CLIENT_RPC=15081, REPLICATION=15087, RATIS=15083, RATIS_ADMIN=15084, RATIS_SERVER=15085, RATIS_DATASTREAM=15086, STANDALONE=15082], networkLocation: /default-rack, certSerialId: null, persistedOpState: null, persistedOpStateExpiryEpochSec: 0}
2023-07-25 10:56:42,232 [EventQueue-NewNodeForNewNodeHandler] INFO  pipeline.BackgroundPipelineCreator (BackgroundPipelineCreator.java:notifyEventTriggered(277)) - trigger a one-shot run on RatisPipelineUtilsThread.
2023-07-25 10:56:42,233 [EventQueue-NodeRegistrationContainerReportForDataNodeSafeModeRule] INFO  safemode.SCMSafeModeManager (DataNodeSafeModeRule.java:process(71)) - SCM in safe mode. 3 DataNodes registered, 3 required.
2023-07-25 10:56:42,233 [EventQueue-NodeRegistrationContainerReportForDataNodeSafeModeRule] INFO  safemode.SCMSafeModeManager (SCMSafeModeManager.java:validateSafeModeExitRules(200)) - DataNodeSafeModeRule rule is successfully validated
2023-07-25 10:56:42,233 [EventQueue-NodeRegistrationContainerReportForDataNodeSafeModeRule] INFO  safemode.SCMSafeModeManager (SCMSafeModeManager.java:completePreCheck(229)) - All SCM safe mode pre check rules have passed
2023-07-25 10:56:42,233 [EventQueue-NodeRegistrationContainerReportForDataNodeSafeModeRule] INFO  ha.SCMContext (SCMContext.java:updateSafeModeStatus(228)) - Update SafeModeStatus from SafeModeStatus{safeModeStatus=true, preCheckPassed=false} to SafeModeStatus{safeModeStatus=true, preCheckPassed=true}.
2023-07-25 10:56:42,233 [EventQueue-NodeRegistrationContainerReportForDataNodeSafeModeRule] INFO  pipeline.BackgroundPipelineCreator (BackgroundPipelineCreator.java:notifyEventTriggered(277)) - trigger a one-shot run on RatisPipelineUtilsThread.
2023-07-25 10:56:42,233 [RatisPipelineUtilsThread - 0] INFO  pipeline.RatisPipelineProvider (RatisPipelineProvider.java:lambda$create$0(206)) - Sending CreatePipelineCommand for pipeline:PipelineID=a7917415-5a4b-4916-ae80-bdc9ad96f545 to datanode:2333f530-c3e7-4f84-815f-5beaea2403db
2023-07-25 10:56:42,234 [RatisPipelineUtilsThread - 0] INFO  pipeline.BackgroundPipelineCreator (BackgroundPipelineCreator.java:createPipelines(233)) - Created new pipeline Pipeline[ Id: a7917415-5a4b-4916-ae80-bdc9ad96f545, Nodes: 2333f530-c3e7-4f84-815f-5beaea2403db(fv-az82-323/10.1.0.57), ReplicationConfig: RATIS/ONE, State:ALLOCATED, leaderId:, CreationTimestamp2023-07-25T10:56:42.233Z[Etc/UTC]]
2023-07-25 10:56:42,234 [RatisPipelineUtilsThread - 0] INFO  pipeline.RatisPipelineProvider (RatisPipelineProvider.java:lambda$create$0(206)) - Sending CreatePipelineCommand for pipeline:PipelineID=14b2ae0b-e598-4241-bf0d-3ef0df633c12 to datanode:2ac24d38-c694-40fc-bc53-1be83d90b269
2023-07-25 10:56:42,235 [RatisPipelineUtilsThread - 0] INFO  pipeline.RatisPipelineProvider (RatisPipelineProvider.java:lambda$create$0(206)) - Sending CreatePipelineCommand for pipeline:PipelineID=14b2ae0b-e598-4241-bf0d-3ef0df633c12 to datanode:2333f530-c3e7-4f84-815f-5beaea2403db
2023-07-25 10:56:42,235 [RatisPipelineUtilsThread - 0] INFO  pipeline.RatisPipelineProvider (RatisPipelineProvider.java:lambda$create$0(206)) - Sending CreatePipelineCommand for pipeline:PipelineID=14b2ae0b-e598-4241-bf0d-3ef0df633c12 to datanode:ab2ae7ff-5675-45b3-bfb0-4ee1241a3635
2023-07-25 10:56:42,235 [RatisPipelineUtilsThread - 0] INFO  pipeline.BackgroundPipelineCreator (BackgroundPipelineCreator.java:createPipelines(233)) - Created new pipeline Pipeline[ Id: 14b2ae0b-e598-4241-bf0d-3ef0df633c12, Nodes: 2ac24d38-c694-40fc-bc53-1be83d90b269(fv-az82-323/10.1.0.57)2333f530-c3e7-4f84-815f-5beaea2403db(fv-az82-323/10.1.0.57)ab2ae7ff-5675-45b3-bfb0-4ee1241a3635(fv-az82-323/10.1.0.57), ReplicationConfig: RATIS/THREE, State:ALLOCATED, leaderId:, CreationTimestamp2023-07-25T10:56:42.234Z[Etc/UTC]]
2023-07-25 10:56:42,236 [RatisPipelineUtilsThread - 0] INFO  pipeline.RatisPipelineProvider (RatisPipelineProvider.java:lambda$create$0(206)) - Sending CreatePipelineCommand for pipeline:PipelineID=8d93610f-074d-4469-929c-27836b11cf00 to datanode:2ac24d38-c694-40fc-bc53-1be83d90b269
2023-07-25 10:56:42,236 [RatisPipelineUtilsThread - 0] INFO  pipeline.RatisPipelineProvider (RatisPipelineProvider.java:lambda$create$0(206)) - Sending CreatePipelineCommand for pipeline:PipelineID=8d93610f-074d-4469-929c-27836b11cf00 to datanode:ab2ae7ff-5675-45b3-bfb0-4ee1241a3635
2023-07-25 10:56:42,236 [RatisPipelineUtilsThread - 0] INFO  pipeline.RatisPipelineProvider (RatisPipelineProvider.java:lambda$create$0(206)) - Sending CreatePipelineCommand for pipeline:PipelineID=8d93610f-074d-4469-929c-27836b11cf00 to datanode:2333f530-c3e7-4f84-815f-5beaea2403db
2023-07-25 10:56:42,236 [RatisPipelineUtilsThread - 0] INFO  pipeline.PipelineManagerImpl (PipelineManagerImpl.java:recordMetricsForPipeline(895)) - Pipeline: PipelineID=8d93610f-074d-4469-929c-27836b11cf00 contains same datanodes as previous pipelines: PipelineID=14b2ae0b-e598-4241-bf0d-3ef0df633c12 nodeIds: 2ac24d38-c694-40fc-bc53-1be83d90b269, ab2ae7ff-5675-45b3-bfb0-4ee1241a3635, 2333f530-c3e7-4f84-815f-5beaea2403db
2023-07-25 10:56:42,237 [RatisPipelineUtilsThread - 0] INFO  pipeline.BackgroundPipelineCreator (BackgroundPipelineCreator.java:createPipelines(233)) - Created new pipeline Pipeline[ Id: 8d93610f-074d-4469-929c-27836b11cf00, Nodes: 2ac24d38-c694-40fc-bc53-1be83d90b269(fv-az82-323/10.1.0.57)ab2ae7ff-5675-45b3-bfb0-4ee1241a3635(fv-az82-323/10.1.0.57)2333f530-c3e7-4f84-815f-5beaea2403db(fv-az82-323/10.1.0.57), ReplicationConfig: RATIS/THREE, State:ALLOCATED, leaderId:, CreationTimestamp2023-07-25T10:56:42.236Z[Etc/UTC]]
2023-07-25 10:56:42,237 [RatisPipelineUtilsThread - 0] WARN  pipeline.PipelinePlacementPolicy (PipelinePlacementPolicy.java:filterViableNodes(166)) - Pipeline creation failed due to no sufficient healthy datanodes. Required 3. Found 0. Excluded 3.
2023-07-25 10:56:42,613 [IPC Server handler 3 on default port 15055] INFO  net.NetworkTopologyImpl (NetworkTopologyImpl.java:add(112)) - Added a new node: /default-rack/5afa7191-cd14-4635-a86c-27235fe9851c
2023-07-25 10:56:42,613 [IPC Server handler 3 on default port 15055] INFO  node.SCMNodeManager (SCMNodeManager.java:register(405)) - Registered Data node : 5afa7191-cd14-4635-a86c-27235fe9851c{ip: 10.1.0.57, host: fv-az82-323, ports: [HTTP=15089, CLIENT_RPC=15090, REPLICATION=15096, RATIS=15092, RATIS_ADMIN=15093, RATIS_SERVER=15094, RATIS_DATASTREAM=15095, STANDALONE=15091], networkLocation: /default-rack, certSerialId: null, persistedOpState: null, persistedOpStateExpiryEpochSec: 0}
2023-07-25 10:56:42,615 [EventQueue-NewNodeForNewNodeHandler] INFO  pipeline.BackgroundPipelineCreator (BackgroundPipelineCreator.java:notifyEventTriggered(277)) - trigger a one-shot run on RatisPipelineUtilsThread.
2023-07-25 10:56:42,616 [RatisPipelineUtilsThread - 0] INFO  pipeline.RatisPipelineProvider (RatisPipelineProvider.java:lambda$create$0(206)) - Sending CreatePipelineCommand for pipeline:PipelineID=c0a69973-e62d-4666-9006-624a26ab6d65 to datanode:5afa7191-cd14-4635-a86c-27235fe9851c
2023-07-25 10:56:42,620 [RatisPipelineUtilsThread - 0] INFO  pipeline.BackgroundPipelineCreator (BackgroundPipelineCreator.java:createPipelines(233)) - Created new pipeline Pipeline[ Id: c0a69973-e62d-4666-9006-624a26ab6d65, Nodes: 5afa7191-cd14-4635-a86c-27235fe9851c(fv-az82-323/10.1.0.57), ReplicationConfig: RATIS/ONE, State:ALLOCATED, leaderId:, CreationTimestamp2023-07-25T10:56:42.616Z[Etc/UTC]]
2023-07-25 10:56:42,620 [RatisPipelineUtilsThread - 0] WARN  pipeline.PipelinePlacementPolicy (PipelinePlacementPolicy.java:filterViableNodes(166)) - Pipeline creation failed due to no sufficient healthy datanodes. Required 3. Found 1. Excluded 3.
2023-07-25 10:56:42,982 [main] INFO  ozone.MiniOzoneClusterImpl (MiniOzoneClusterImpl.java:lambda$waitForClusterToBeReady$0(224)) - Waiting for nodes to be ready. Got 4 of 5 DN Heartbeats.
2023-07-25 10:56:42,983 [main] INFO  ozone.MiniOzoneClusterImpl (MiniOzoneClusterImpl.java:lambda$waitForClusterToBeReady$0(227)) - Waiting for cluster to exit safe mode
2023-07-25 10:56:42,983 [main] INFO  ozone.MiniOzoneClusterImpl (MiniOzoneClusterImpl.java:lambda$waitForClusterToBeReady$0(229)) - SCM became leader
2023-07-25 10:56:42,985 [IPC Server handler 1 on default port 15055] INFO  net.NetworkTopologyImpl (NetworkTopologyImpl.java:add(112)) - Added a new node: /default-rack/818707a6-4adf-4ab4-8830-ca289259fe44
2023-07-25 10:56:42,985 [IPC Server handler 1 on default port 15055] INFO  node.SCMNodeManager (SCMNodeManager.java:register(405)) - Registered Data node : 818707a6-4adf-4ab4-8830-ca289259fe44{ip: 10.1.0.57, host: fv-az82-323, ports: [HTTP=15098, CLIENT_RPC=15099, REPLICATION=15105, RATIS=15101, RATIS_ADMIN=15102, RATIS_SERVER=15103, RATIS_DATASTREAM=15104, STANDALONE=15100], networkLocation: /default-rack, certSerialId: null, persistedOpState: null, persistedOpStateExpiryEpochSec: 0}
2023-07-25 10:56:42,986 [EventQueue-NewNodeForNewNodeHandler] INFO  pipeline.BackgroundPipelineCreator (BackgroundPipelineCreator.java:notifyEventTriggered(277)) - trigger a one-shot run on RatisPipelineUtilsThread.
2023-07-25 10:56:42,986 [RatisPipelineUtilsThread - 0] INFO  pipeline.RatisPipelineProvider (RatisPipelineProvider.java:lambda$create$0(206)) - Sending CreatePipelineCommand for pipeline:PipelineID=f134738c-54dc-489b-84b3-1a0ae6874a0d to datanode:818707a6-4adf-4ab4-8830-ca289259fe44
2023-07-25 10:56:42,987 [RatisPipelineUtilsThread - 0] INFO  pipeline.BackgroundPipelineCreator (BackgroundPipelineCreator.java:createPipelines(233)) - Created new pipeline Pipeline[ Id: f134738c-54dc-489b-84b3-1a0ae6874a0d, Nodes: 818707a6-4adf-4ab4-8830-ca289259fe44(fv-az82-323/10.1.0.57), ReplicationConfig: RATIS/ONE, State:ALLOCATED, leaderId:, CreationTimestamp2023-07-25T10:56:42.986Z[Etc/UTC]]
2023-07-25 10:56:42,988 [RatisPipelineUtilsThread - 0] WARN  pipeline.PipelinePlacementPolicy (PipelinePlacementPolicy.java:filterViableNodes(166)) - Pipeline creation failed due to no sufficient healthy datanodes. Required 3. Found 2. Excluded 3.
2023-07-25 10:56:43,983 [main] INFO  ozone.MiniOzoneClusterImpl (MiniOzoneClusterImpl.java:lambda$waitForClusterToBeReady$0(224)) - Nodes are ready. Got 5 of 5 DN Heartbeats.
2023-07-25 10:56:43,983 [main] INFO  ozone.MiniOzoneClusterImpl (MiniOzoneClusterImpl.java:lambda$waitForClusterToBeReady$0(227)) - Waiting for cluster to exit safe mode
2023-07-25 10:56:43,984 [main] INFO  ozone.MiniOzoneClusterImpl (MiniOzoneClusterImpl.java:lambda$waitForClusterToBeReady$0(229)) - SCM became leader
2023-07-25 10:56:44,428 [PipelineCommandHandlerThread-0] INFO  server.RaftServer (RaftServerProxy.java:addNew(98)) - 2ac24d38-c694-40fc-bc53-1be83d90b269: addNew group-09DA246398F3:[2ac24d38-c694-40fc-bc53-1be83d90b269|rpc:10.1.0.57:15067|admin:10.1.0.57:15066|client:10.1.0.57:15065|dataStream:10.1.0.57:15068|priority:1|startupRole:FOLLOWER] returns group-09DA246398F3:java.util.concurrent.CompletableFuture@6ce68f68[Not completed]
2023-07-25 10:56:44,430 [2ac24d38-c694-40fc-bc53-1be83d90b269-groupManagement] INFO  server.RaftServer$Division (RaftServerImpl.java:<init>(198)) - 2ac24d38-c694-40fc-bc53-1be83d90b269: new RaftServerImpl for group-09DA246398F3:[2ac24d38-c694-40fc-bc53-1be83d90b269|rpc:10.1.0.57:15067|admin:10.1.0.57:15066|client:10.1.0.57:15065|dataStream:10.1.0.57:15068|priority:1|startupRole:FOLLOWER] with ContainerStateMachine:uninitialized
2023-07-25 10:56:44,430 [2ac24d38-c694-40fc-bc53-1be83d90b269-groupManagement] INFO  server.RaftServerConfigKeys (ConfUtils.java:logGet(46)) - raft.server.rpc.timeout.min = 5s (custom)
2023-07-25 10:56:44,431 [2ac24d38-c694-40fc-bc53-1be83d90b269-groupManagement] INFO  server.RaftServerConfigKeys (ConfUtils.java:logGet(46)) - raft.server.rpc.timeout.max = 5200ms (custom)
2023-07-25 10:56:44,431 [2ac24d38-c694-40fc-bc53-1be83d90b269-groupManagement] INFO  server.RaftServerConfigKeys (ConfUtils.java:logGet(46)) - raft.server.rpc.sleep.time = 25ms (default)
2023-07-25 10:56:44,431 [2ac24d38-c694-40fc-bc53-1be83d90b269-groupManagement] INFO  server.RaftServerConfigKeys (ConfUtils.java:logGet(46)) - raft.server.rpc.slowness.timeout = 300s (custom)
2023-07-25 10:56:44,431 [2ac24d38-c694-40fc-bc53-1be83d90b269-groupManagement] INFO  server.RaftServerConfigKeys (ConfUtils.java:logGet(46)) - raft.server.leaderelection.leader.step-down.wait-time = 10s (default)
2023-07-25 10:56:44,431 [2ac24d38-c694-40fc-bc53-1be83d90b269-groupManagement] INFO  server.RaftServerConfigKeys (ConfUtils.java:logGet(46)) - raft.server.sleep.deviation.threshold = 300ms (default)
2023-07-25 10:56:44,431 [2ac24d38-c694-40fc-bc53-1be83d90b269-groupManagement] INFO  server.RaftServer$Division (ServerState.java:<init>(120)) - 2ac24d38-c694-40fc-bc53-1be83d90b269@group-09DA246398F3: ConfigurationManager, init=-1: peers:[2ac24d38-c694-40fc-bc53-1be83d90b269|rpc:10.1.0.57:15067|admin:10.1.0.57:15066|client:10.1.0.57:15065|dataStream:10.1.0.57:15068|priority:1|startupRole:FOLLOWER]|listeners:[], old=null, confs=<EMPTY_MAP>
2023-07-25 10:56:44,431 [2ac24d38-c694-40fc-bc53-1be83d90b269-groupManagement] INFO  server.RaftServerConfigKeys (ConfUtils.java:logGet(46)) - raft.server.storage.dir = [/home/runner/work/ozone/ozone/hadoop-ozone/integration-test/target/test-dir/MiniOzoneClusterImpl-c4e06dc0-ae81-4e14-96b7-eb66a98ebf91/datanode-0/data/ratis] (custom)
2023-07-25 10:56:44,431 [2ac24d38-c694-40fc-bc53-1be83d90b269-groupManagement] INFO  server.RaftServerConfigKeys (ConfUtils.java:logGet(46)) - raft.server.log.corruption.policy = EXCEPTION (default)
2023-07-25 10:56:44,431 [2ac24d38-c694-40fc-bc53-1be83d90b269-groupManagement] INFO  server.RaftServerConfigKeys (ConfUtils.java:logGet(46)) - raft.server.storage.free-space.min = 0MB (=0) (default)
2023-07-25 10:56:44,432 [2ac24d38-c694-40fc-bc53-1be83d90b269-groupManagement] INFO  server.RaftServerConfigKeys (ConfUtils.java:logGet(46)) - raft.server.notification.no-leader.timeout = 300s (custom)
2023-07-25 10:56:44,432 [2ac24d38-c694-40fc-bc53-1be83d90b269-groupManagement] INFO  server.RaftServerConfigKeys (ConfUtils.java:logGet(46)) - raft.server.read.timeout = 10s (default)
2023-07-25 10:56:44,432 [2ac24d38-c694-40fc-bc53-1be83d90b269-groupManagement] INFO  server.RaftServerConfigKeys (ConfUtils.java:logGet(46)) - raft.server.retrycache.expirytime = 600000ms (custom)
2023-07-25 10:56:44,432 [2ac24d38-c694-40fc-bc53-1be83d90b269-groupManagement] INFO  server.RaftServerConfigKeys (ConfUtils.java:logGet(46)) - raft.server.retrycache.statistics.expirytime = 100μs (default)
2023-07-25 10:56:44,432 [2ac24d38-c694-40fc-bc53-1be83d90b269-groupManagement] INFO  server.RaftServerConfigKeys (ConfUtils.java:logGet(46)) - raft.server.read.option = DEFAULT (default)
2023-07-25 10:56:44,433 [2ac24d38-c694-40fc-bc53-1be83d90b269-groupManagement] INFO  server.RaftServerConfigKeys (ConfUtils.java:logGet(46)) - raft.server.rpc.request.timeout = 60s (custom)
2023-07-25 10:56:44,433 [2ac24d38-c694-40fc-bc53-1be83d90b269-groupManagement] INFO  server.RaftServerConfigKeys (ConfUtils.java:logGet(46)) - raft.server.log.appender.install.snapshot.enabled = false (custom)
2023-07-25 10:56:44,433 [2ac24d38-c694-40fc-bc53-1be83d90b269-groupManagement] INFO  server.RaftServerConfigKeys (ConfUtils.java:logGet(46)) - raft.server.threadpool.server.cached = true (default)
2023-07-25 10:56:44,434 [2ac24d38-c694-40fc-bc53-1be83d90b269-groupManagement] INFO  server.RaftServerConfigKeys (ConfUtils.java:logGet(46)) - raft.server.threadpool.server.size = 0 (default)
2023-07-25 10:56:44,434 [2ac24d38-c694-40fc-bc53-1be83d90b269-groupManagement] INFO  server.RaftServerConfigKeys (ConfUtils.java:logGet(46)) - raft.server.threadpool.client.cached = true (default)
2023-07-25 10:56:44,434 [2ac24d38-c694-40fc-bc53-1be83d90b269-groupManagement] INFO  server.RaftServerConfigKeys (ConfUtils.java:logGet(46)) - raft.server.threadpool.client.size = 0 (default)
2023-07-25 10:56:44,434 [2ac24d38-c694-40fc-bc53-1be83d90b269-groupManagement] INFO  storage.RaftStorageDirectory (RaftStorageDirectoryImpl.java:analyzeStorage(137)) - The storage directory /home/runner/work/ozone/ozone/hadoop-ozone/integration-test/target/test-dir/MiniOzoneClusterImpl-c4e06dc0-ae81-4e14-96b7-eb66a98ebf91/datanode-0/data/ratis/9dcdd796-88e7-47b9-9a3c-09da246398f3 does not exist. Creating ...
2023-07-25 10:56:44,436 [2ac24d38-c694-40fc-bc53-1be83d90b269-groupManagement] INFO  storage.RaftStorageDirectory (RaftStorageDirectoryImpl.java:tryLock(231)) - Lock on /home/runner/work/ozone/ozone/hadoop-ozone/integration-test/target/test-dir/MiniOzoneClusterImpl-c4e06dc0-ae81-4e14-96b7-eb66a98ebf91/datanode-0/data/ratis/9dcdd796-88e7-47b9-9a3c-09da246398f3/in_use.lock acquired by nodename 12703@fv-az82-323
2023-07-25 10:56:44,438 [2ac24d38-c694-40fc-bc53-1be83d90b269-groupManagement] INFO  storage.RaftStorage (RaftStorageImpl.java:format(96)) - Storage directory /home/runner/work/ozone/ozone/hadoop-ozone/integration-test/target/test-dir/MiniOzoneClusterImpl-c4e06dc0-ae81-4e14-96b7-eb66a98ebf91/datanode-0/data/ratis/9dcdd796-88e7-47b9-9a3c-09da246398f3 has been successfully formatted.
2023-07-25 10:56:44,439 [2ac24d38-c694-40fc-bc53-1be83d90b269-groupManagement] INFO  ratis.ContainerStateMachine (ContainerStateMachine.java:loadSnapshot(262)) - group-09DA246398F3: The snapshot info is null. Setting the last applied indexto:(t:0, i:~)
2023-07-25 10:56:44,439 [2ac24d38-c694-40fc-bc53-1be83d90b269-groupManagement] INFO  server.RaftServerConfigKeys (ConfUtils.java:logGet(46)) - raft.server.log.use.memory = false (default)
2023-07-25 10:56:44,439 [2ac24d38-c694-40fc-bc53-1be83d90b269-groupManagement] INFO  server.RaftServerConfigKeys (ConfUtils.java:logGet(46)) - raft.server.log.purge.gap = 1000000 (custom)
2023-07-25 10:56:44,439 [2ac24d38-c694-40fc-bc53-1be83d90b269-groupManagement] INFO  server.RaftServerConfigKeys (ConfUtils.java:logGet(46)) - raft.server.log.appender.buffer.byte-limit = 33554432 (custom)
2023-07-25 10:56:44,440 [2ac24d38-c694-40fc-bc53-1be83d90b269-groupManagement] INFO  server.RaftServerConfigKeys (ConfUtils.java:logGet(46)) - raft.server.log.statemachine.data.read.timeout = 1000ms (default)
2023-07-25 10:56:44,440 [2ac24d38-c694-40fc-bc53-1be83d90b269-groupManagement] INFO  server.RaftServerConfigKeys (ConfUtils.java:logGet(46)) - raft.server.log.purge.preservation.log.num = 0 (default)
2023-07-25 10:56:44,440 [2ac24d38-c694-40fc-bc53-1be83d90b269-groupManagement] INFO  server.RaftServerConfigKeys (ConfUtils.java:logGet(46)) - raft.server.log.segment.size.max = 1048576 (custom)
2023-07-25 10:56:44,441 [2ac24d38-c694-40fc-bc53-1be83d90b269-groupManagement] INFO  server.RaftServerConfigKeys (ConfUtils.java:logGet(46)) - raft.server.log.segment.cache.num.max = 2 (custom)
2023-07-25 10:56:44,441 [2ac24d38-c694-40fc-bc53-1be83d90b269-groupManagement] INFO  server.RaftServerConfigKeys (ConfUtils.java:logGet(46)) - raft.server.log.segment.cache.size.max = 200MB (=209715200) (default)
2023-07-25 10:56:44,441 [2ac24d38-c694-40fc-bc53-1be83d90b269-groupManagement] INFO  server.RaftServerConfigKeys (ConfUtils.java:logGet(46)) - raft.server.log.appender.buffer.byte-limit = 33554432 (custom)
2023-07-25 10:56:44,442 [EventQueue-PipelineReportForPipelineReportHandler] INFO  pipeline.PipelineReportHandler (PipelineReportHandler.java:processPipelineReport(136)) - Opened pipeline PipelineID=9dcdd796-88e7-47b9-9a3c-09da246398f3
2023-07-25 10:56:44,447 [2ac24d38-c694-40fc-bc53-1be83d90b269-groupManagement] INFO  segmented.SegmentedRaftLogWorker (SegmentedRaftLogWorker.java:<init>(188)) - new 2ac24d38-c694-40fc-bc53-1be83d90b269@group-09DA246398F3-SegmentedRaftLogWorker for RaftStorageImpl:Storage Directory /home/runner/work/ozone/ozone/hadoop-ozone/integration-test/target/test-dir/MiniOzoneClusterImpl-c4e06dc0-ae81-4e14-96b7-eb66a98ebf91/datanode-0/data/ratis/9dcdd796-88e7-47b9-9a3c-09da246398f3
2023-07-25 10:56:44,447 [2ac24d38-c694-40fc-bc53-1be83d90b269-groupManagement] INFO  server.RaftServerConfigKeys (ConfUtils.java:logGet(46)) - raft.server.log.queue.byte-limit = 4294967296 (custom)
2023-07-25 10:56:44,447 [2ac24d38-c694-40fc-bc53-1be83d90b269-groupManagement] INFO  server.RaftServerConfigKeys (ConfUtils.java:logGet(46)) - raft.server.log.queue.element-limit = 1024 (custom)
2023-07-25 10:56:44,447 [2ac24d38-c694-40fc-bc53-1be83d90b269-groupManagement] INFO  server.RaftServerConfigKeys (ConfUtils.java:logGet(46)) - raft.server.log.segment.size.max = 1048576 (custom)
2023-07-25 10:56:44,447 [2ac24d38-c694-40fc-bc53-1be83d90b269-groupManagement] INFO  server.RaftServerConfigKeys (ConfUtils.java:logGet(46)) - raft.server.log.preallocated.size = 16384 (custom)
2023-07-25 10:56:44,447 [2ac24d38-c694-40fc-bc53-1be83d90b269-groupManagement] INFO  server.RaftServerConfigKeys (ConfUtils.java:logGet(46)) - raft.server.log.force.sync.num = 128 (default)
2023-07-25 10:56:44,447 [2ac24d38-c694-40fc-bc53-1be83d90b269-groupManagement] INFO  server.RaftServerConfigKeys (ConfUtils.java:logGet(46)) - raft.server.log.statemachine.data.sync = true (default)
2023-07-25 10:56:44,447 [2ac24d38-c694-40fc-bc53-1be83d90b269-groupManagement] INFO  server.RaftServerConfigKeys (ConfUtils.java:logGet(46)) - raft.server.log.statemachine.data.sync.timeout = 10s (default)
2023-07-25 10:56:44,447 [2ac24d38-c694-40fc-bc53-1be83d90b269-groupManagement] INFO  server.RaftServerConfigKeys (ConfUtils.java:logGet(46)) - raft.server.log.statemachine.data.sync.timeout.retry = -1 (default)
2023-07-25 10:56:44,448 [2ac24d38-c694-40fc-bc53-1be83d90b269-groupManagement] INFO  server.RaftServerConfigKeys (ConfUtils.java:logGet(46)) - raft.server.log.write.buffer.size = 1048576 (custom)
2023-07-25 10:56:44,448 [2ac24d38-c694-40fc-bc53-1be83d90b269-groupManagement] INFO  server.RaftServerConfigKeys (ConfUtils.java:logGet(46)) - raft.server.log.appender.buffer.byte-limit = 33554432 (custom)
2023-07-25 10:56:44,453 [EventQueue-OpenPipelineForHealthyPipelineSafeModeRule] INFO  safemode.SCMSafeModeManager (HealthyPipelineSafeModeRule.java:process(137)) - SCM in safe mode. Healthy pipelines reported count is 0, required healthy pipeline reported count is 1
2023-07-25 10:56:44,455 [2ac24d38-c694-40fc-bc53-1be83d90b269-groupManagement] INFO  server.RaftServerConfigKeys (ConfUtils.java:logGet(46)) - raft.server.log.unsafe-flush.enabled = false (default)
2023-07-25 10:56:44,455 [2ac24d38-c694-40fc-bc53-1be83d90b269-groupManagement] INFO  server.RaftServerConfigKeys (ConfUtils.java:logGet(46)) - raft.server.log.async-flush.enabled = false (default)
2023-07-25 10:56:44,455 [2ac24d38-c694-40fc-bc53-1be83d90b269-groupManagement] INFO  server.RaftServerConfigKeys (ConfUtils.java:logGet(46)) - raft.server.log.statemachine.data.caching.enabled = true (custom)
2023-07-25 10:56:44,455 [2ac24d38-c694-40fc-bc53-1be83d90b269-groupManagement] INFO  segmented.SegmentedRaftLogWorker (SegmentedRaftLogWorker.java:lambda$new$0(135)) - 2ac24d38-c694-40fc-bc53-1be83d90b269@group-09DA246398F3-SegmentedRaftLogWorker: flushIndex: setUnconditionally 0 -> -1
2023-07-25 10:56:44,455 [2ac24d38-c694-40fc-bc53-1be83d90b269-groupManagement] INFO  segmented.SegmentedRaftLogWorker (SegmentedRaftLogWorker.java:lambda$new$0(135)) - 2ac24d38-c694-40fc-bc53-1be83d90b269@group-09DA246398F3-SegmentedRaftLogWorker: safeCacheEvictIndex: setUnconditionally 0 -> -1
2023-07-25 10:56:44,456 [2ac24d38-c694-40fc-bc53-1be83d90b269-groupManagement] INFO  server.RaftServer$Division (RaftServerImpl.java:start(342)) - 2ac24d38-c694-40fc-bc53-1be83d90b269@group-09DA246398F3: start as a follower, conf=-1: peers:[2ac24d38-c694-40fc-bc53-1be83d90b269|rpc:10.1.0.57:15067|admin:10.1.0.57:15066|client:10.1.0.57:15065|dataStream:10.1.0.57:15068|priority:1|startupRole:FOLLOWER]|listeners:[], old=null
2023-07-25 10:56:44,456 [2ac24d38-c694-40fc-bc53-1be83d90b269-groupManagement] INFO  server.RaftServer$Division (RaftServerImpl.java:setRole(329)) - 2ac24d38-c694-40fc-bc53-1be83d90b269@group-09DA246398F3: changes role from      null to FOLLOWER at term 0 for startAsFollower
2023-07-25 10:56:44,456 [2ac24d38-c694-40fc-bc53-1be83d90b269-groupManagement] INFO  impl.RoleInfo (RoleInfo.java:updateAndGet(139)) - 2ac24d38-c694-40fc-bc53-1be83d90b269: start 2ac24d38-c694-40fc-bc53-1be83d90b269@group-09DA246398F3-FollowerState
2023-07-25 10:56:44,456 [2ac24d38-c694-40fc-bc53-1be83d90b269-groupManagement] INFO  util.JmxRegister (JmxRegister.java:tryRegister(44)) - Successfully registered JMX Bean with object name Ratis:service=RaftServer,group=group-09DA246398F3,id=2ac24d38-c694-40fc-bc53-1be83d90b269
2023-07-25 10:56:44,457 [2ac24d38-c694-40fc-bc53-1be83d90b269-groupManagement] INFO  server.RaftServerConfigKeys (ConfUtils.java:logGet(46)) - raft.server.snapshot.auto.trigger.enabled = true (custom)
2023-07-25 10:56:44,457 [2ac24d38-c694-40fc-bc53-1be83d90b269-groupManagement] INFO  server.RaftServerConfigKeys (ConfUtils.java:logGet(46)) - raft.server.snapshot.auto.trigger.threshold = 10000 (custom)
2023-07-25 10:56:44,457 [2ac24d38-c694-40fc-bc53-1be83d90b269-groupManagement] INFO  server.RaftServerConfigKeys (ConfUtils.java:logGet(46)) - raft.server.snapshot.retention.file.num = 5 (custom)
2023-07-25 10:56:44,457 [2ac24d38-c694-40fc-bc53-1be83d90b269-groupManagement] INFO  server.RaftServerConfigKeys (ConfUtils.java:logGet(46)) - raft.server.log.purge.upto.snapshot.index = false (default)
2023-07-25 10:56:44,458 [2ac24d38-c694-40fc-bc53-1be83d90b269@group-09DA246398F3-FollowerState] INFO  server.RaftServerConfigKeys (ConfUtils.java:logFallback(53)) - raft.server.rpc.first-election.timeout.min = 5s (fallback to raft.server.rpc.timeout.min)
2023-07-25 10:56:44,458 [2ac24d38-c694-40fc-bc53-1be83d90b269@group-09DA246398F3-FollowerState] INFO  server.RaftServerConfigKeys (ConfUtils.java:logFallback(53)) - raft.server.rpc.first-election.timeout.max = 5200ms (fallback to raft.server.rpc.timeout.max)
2023-07-25 10:56:44,461 [PipelineCommandHandlerThread-0] INFO  ratis.XceiverServerRatis (XceiverServerRatis.java:addGroup(804)) - Created group PipelineID=9dcdd796-88e7-47b9-9a3c-09da246398f3
2023-07-25 10:56:44,461 [PipelineCommandHandlerThread-0] INFO  commandhandler.CreatePipelineCommandHandler (CreatePipelineCommandHandler.java:lambda$handle$2(124)) - Created Pipeline RATIS ONE PipelineID=9dcdd796-88e7-47b9-9a3c-09da246398f3.
2023-07-25 10:56:44,462 [PipelineCommandHandlerThread-0] INFO  server.RaftServer (RaftServerProxy.java:addNew(98)) - 2ac24d38-c694-40fc-bc53-1be83d90b269: addNew group-3EF0DF633C12:[ab2ae7ff-5675-45b3-bfb0-4ee1241a3635|rpc:10.1.0.57:15076|admin:10.1.0.57:15075|client:10.1.0.57:15074|dataStream:10.1.0.57:15077|priority:0|startupRole:FOLLOWER, 2ac24d38-c694-40fc-bc53-1be83d90b269|rpc:10.1.0.57:15067|admin:10.1.0.57:15066|client:10.1.0.57:15065|dataStream:10.1.0.57:15068|priority:1|startupRole:FOLLOWER, 2333f530-c3e7-4f84-815f-5beaea2403db|rpc:10.1.0.57:15085|admin:10.1.0.57:15084|client:10.1.0.57:15083|dataStream:10.1.0.57:15086|priority:0|startupRole:FOLLOWER] returns group-3EF0DF633C12:java.util.concurrent.CompletableFuture@68d9162c[Not completed]
2023-07-25 10:56:44,463 [2ac24d38-c694-40fc-bc53-1be83d90b269-groupManagement] INFO  server.RaftServer$Division (RaftServerImpl.java:<init>(198)) - 2ac24d38-c694-40fc-bc53-1be83d90b269: new RaftServerImpl for group-3EF0DF633C12:[ab2ae7ff-5675-45b3-bfb0-4ee1241a3635|rpc:10.1.0.57:15076|admin:10.1.0.57:15075|client:10.1.0.57:15074|dataStream:10.1.0.57:15077|priority:0|startupRole:FOLLOWER, 2ac24d38-c694-40fc-bc53-1be83d90b269|rpc:10.1.0.57:15067|admin:10.1.0.57:15066|client:10.1.0.57:15065|dataStream:10.1.0.57:15068|priority:1|startupRole:FOLLOWER, 2333f530-c3e7-4f84-815f-5beaea2403db|rpc:10.1.0.57:15085|admin:10.1.0.57:15084|client:10.1.0.57:15083|dataStream:10.1.0.57:15086|priority:0|startupRole:FOLLOWER] with ContainerStateMachine:uninitialized
2023-07-25 10:56:44,463 [2ac24d38-c694-40fc-bc53-1be83d90b269-groupManagement] INFO  server.RaftServerConfigKeys (ConfUtils.java:logGet(46)) - raft.server.rpc.timeout.min = 5s (custom)
2023-07-25 10:56:44,463 [2ac24d38-c694-40fc-bc53-1be83d90b269-groupManagement] INFO  server.RaftServerConfigKeys (ConfUtils.java:logGet(46)) - raft.server.rpc.timeout.max = 5200ms (custom)
2023-07-25 10:56:44,463 [2ac24d38-c694-40fc-bc53-1be83d90b269-groupManagement] INFO  server.RaftServerConfigKeys (ConfUtils.java:logGet(46)) - raft.server.rpc.sleep.time = 25ms (default)
2023-07-25 10:56:44,464 [2ac24d38-c694-40fc-bc53-1be83d90b269-groupManagement] INFO  server.RaftServerConfigKeys (ConfUtils.java:logGet(46)) - raft.server.rpc.slowness.timeout = 300s (custom)
2023-07-25 10:56:44,464 [2ac24d38-c694-40fc-bc53-1be83d90b269-groupManagement] INFO  server.RaftServerConfigKeys (ConfUtils.java:logGet(46)) - raft.server.leaderelection.leader.step-down.wait-time = 10s (default)
2023-07-25 10:56:44,464 [2ac24d38-c694-40fc-bc53-1be83d90b269-groupManagement] INFO  server.RaftServerConfigKeys (ConfUtils.java:logGet(46)) - raft.server.sleep.deviation.threshold = 300ms (default)
2023-07-25 10:56:44,464 [2ac24d38-c694-40fc-bc53-1be83d90b269-groupManagement] INFO  server.RaftServer$Division (ServerState.java:<init>(120)) - 2ac24d38-c694-40fc-bc53-1be83d90b269@group-3EF0DF633C12: ConfigurationManager, init=-1: peers:[ab2ae7ff-5675-45b3-bfb0-4ee1241a3635|rpc:10.1.0.57:15076|admin:10.1.0.57:15075|client:10.1.0.57:15074|dataStream:10.1.0.57:15077|priority:0|startupRole:FOLLOWER, 2ac24d38-c694-40fc-bc53-1be83d90b269|rpc:10.1.0.57:15067|admin:10.1.0.57:15066|client:10.1.0.57:15065|dataStream:10.1.0.57:15068|priority:1|startupRole:FOLLOWER, 2333f530-c3e7-4f84-815f-5beaea2403db|rpc:10.1.0.57:15085|admin:10.1.0.57:15084|client:10.1.0.57:15083|dataStream:10.1.0.57:15086|priority:0|startupRole:FOLLOWER]|listeners:[], old=null, confs=<EMPTY_MAP>
2023-07-25 10:56:44,464 [2ac24d38-c694-40fc-bc53-1be83d90b269-groupManagement] INFO  server.RaftServerConfigKeys (ConfUtils.java:logGet(46)) - raft.server.storage.dir = [/home/runner/work/ozone/ozone/hadoop-ozone/integration-test/target/test-dir/MiniOzoneClusterImpl-c4e06dc0-ae81-4e14-96b7-eb66a98ebf91/datanode-0/data/ratis] (custom)
2023-07-25 10:56:44,464 [2ac24d38-c694-40fc-bc53-1be83d90b269-groupManagement] INFO  server.RaftServerConfigKeys (ConfUtils.java:logGet(46)) - raft.server.log.corruption.policy = EXCEPTION (default)
2023-07-25 10:56:44,464 [2ac24d38-c694-40fc-bc53-1be83d90b269-groupManagement] INFO  server.RaftServerConfigKeys (ConfUtils.java:logGet(46)) - raft.server.storage.free-space.min = 0MB (=0) (default)
2023-07-25 10:56:44,465 [2ac24d38-c694-40fc-bc53-1be83d90b269-groupManagement] INFO  server.RaftServerConfigKeys (ConfUtils.java:logGet(46)) - raft.server.notification.no-leader.timeout = 300s (custom)
2023-07-25 10:56:44,465 [2ac24d38-c694-40fc-bc53-1be83d90b269-groupManagement] INFO  server.RaftServerConfigKeys (ConfUtils.java:logGet(46)) - raft.server.read.timeout = 10s (default)
2023-07-25 10:56:44,465 [2ac24d38-c694-40fc-bc53-1be83d90b269-groupManagement] INFO  server.RaftServerConfigKeys (ConfUtils.java:logGet(46)) - raft.server.retrycache.expirytime = 600000ms (custom)
2023-07-25 10:56:44,465 [2ac24d38-c694-40fc-bc53-1be83d90b269-groupManagement] INFO  server.RaftServerConfigKeys (ConfUtils.java:logGet(46)) - raft.server.retrycache.statistics.expirytime = 100μs (default)
2023-07-25 10:56:44,465 [2ac24d38-c694-40fc-bc53-1be83d90b269-groupManagement] INFO  server.RaftServerConfigKeys (ConfUtils.java:logGet(46)) - raft.server.read.option = DEFAULT (default)
2023-07-25 10:56:44,466 [2ac24d38-c694-40fc-bc53-1be83d90b269-groupManagement] INFO  server.RaftServerConfigKeys (ConfUtils.java:logGet(46)) - raft.server.rpc.request.timeout = 60s (custom)
2023-07-25 10:56:44,466 [2ac24d38-c694-40fc-bc53-1be83d90b269-groupManagement] INFO  server.RaftServerConfigKeys (ConfUtils.java:logGet(46)) - raft.server.log.appender.install.snapshot.enabled = false (custom)
2023-07-25 10:56:44,466 [2ac24d38-c694-40fc-bc53-1be83d90b269-groupManagement] INFO  server.RaftServerConfigKeys (ConfUtils.java:logGet(46)) - raft.server.threadpool.server.cached = true (default)
2023-07-25 10:56:44,466 [2ac24d38-c694-40fc-bc53-1be83d90b269-groupManagement] INFO  server.RaftServerConfigKeys (ConfUtils.java:logGet(46)) - raft.server.threadpool.server.size = 0 (default)
2023-07-25 10:56:44,466 [2ac24d38-c694-40fc-bc53-1be83d90b269-groupManagement] INFO  server.RaftServerConfigKeys (ConfUtils.java:logGet(46)) - raft.server.threadpool.client.cached = true (default)
2023-07-25 10:56:44,467 [2ac24d38-c694-40fc-bc53-1be83d90b269-groupManagement] INFO  server.RaftServerConfigKeys (ConfUtils.java:logGet(46)) - raft.server.threadpool.client.size = 0 (default)
2023-07-25 10:56:44,467 [2ac24d38-c694-40fc-bc53-1be83d90b269-groupManagement] INFO  storage.RaftStorageDirectory (RaftStorageDirectoryImpl.java:analyzeStorage(137)) - The storage directory /home/runner/work/ozone/ozone/hadoop-ozone/integration-test/target/test-dir/MiniOzoneClusterImpl-c4e06dc0-ae81-4e14-96b7-eb66a98ebf91/datanode-0/data/ratis/14b2ae0b-e598-4241-bf0d-3ef0df633c12 does not exist. Creating ...
2023-07-25 10:56:44,469 [2ac24d38-c694-40fc-bc53-1be83d90b269-groupManagement] INFO  storage.RaftStorageDirectory (RaftStorageDirectoryImpl.java:tryLock(231)) - Lock on /home/runner/work/ozone/ozone/hadoop-ozone/integration-test/target/test-dir/MiniOzoneClusterImpl-c4e06dc0-ae81-4e14-96b7-eb66a98ebf91/datanode-0/data/ratis/14b2ae0b-e598-4241-bf0d-3ef0df633c12/in_use.lock acquired by nodename 12703@fv-az82-323
2023-07-25 10:56:44,471 [2ac24d38-c694-40fc-bc53-1be83d90b269-groupManagement] INFO  storage.RaftStorage (RaftStorageImpl.java:format(96)) - Storage directory /home/runner/work/ozone/ozone/hadoop-ozone/integration-test/target/test-dir/MiniOzoneClusterImpl-c4e06dc0-ae81-4e14-96b7-eb66a98ebf91/datanode-0/data/ratis/14b2ae0b-e598-4241-bf0d-3ef0df633c12 has been successfully formatted.
2023-07-25 10:56:44,471 [2ac24d38-c694-40fc-bc53-1be83d90b269-groupManagement] INFO  ratis.ContainerStateMachine (ContainerStateMachine.java:loadSnapshot(262)) - group-3EF0DF633C12: The snapshot info is null. Setting the last applied indexto:(t:0, i:~)
2023-07-25 10:56:44,471 [2ac24d38-c694-40fc-bc53-1be83d90b269-groupManagement] INFO  server.RaftServerConfigKeys (ConfUtils.java:logGet(46)) - raft.server.log.use.memory = false (default)
2023-07-25 10:56:44,472 [2ac24d38-c694-40fc-bc53-1be83d90b269-groupManagement] INFO  server.RaftServerConfigKeys (ConfUtils.java:logGet(46)) - raft.server.log.purge.gap = 1000000 (custom)
2023-07-25 10:56:44,472 [2ac24d38-c694-40fc-bc53-1be83d90b269-groupManagement] INFO  server.RaftServerConfigKeys (ConfUtils.java:logGet(46)) - raft.server.log.appender.buffer.byte-limit = 33554432 (custom)
2023-07-25 10:56:44,472 [2ac24d38-c694-40fc-bc53-1be83d90b269-groupManagement] INFO  server.RaftServerConfigKeys (ConfUtils.java:logGet(46)) - raft.server.log.statemachine.data.read.timeout = 1000ms (default)
2023-07-25 10:56:44,472 [2ac24d38-c694-40fc-bc53-1be83d90b269-groupManagement] INFO  server.RaftServerConfigKeys (ConfUtils.java:logGet(46)) - raft.server.log.purge.preservation.log.num = 0 (default)
2023-07-25 10:56:44,472 [2ac24d38-c694-40fc-bc53-1be83d90b269-groupManagement] INFO  server.RaftServerConfigKeys (ConfUtils.java:logGet(46)) - raft.server.log.segment.size.max = 1048576 (custom)
2023-07-25 10:56:44,472 [2ac24d38-c694-40fc-bc53-1be83d90b269-groupManagement] INFO  server.RaftServerConfigKeys (ConfUtils.java:logGet(46)) - raft.server.log.segment.cache.num.max = 2 (custom)
2023-07-25 10:56:44,472 [2ac24d38-c694-40fc-bc53-1be83d90b269-groupManagement] INFO  server.RaftServerConfigKeys (ConfUtils.java:logGet(46)) - raft.server.log.segment.cache.size.max = 200MB (=209715200) (default)
2023-07-25 10:56:44,473 [2ac24d38-c694-40fc-bc53-1be83d90b269-groupManagement] INFO  server.RaftServerConfigKeys (ConfUtils.java:logGet(46)) - raft.server.log.appender.buffer.byte-limit = 33554432 (custom)
2023-07-25 10:56:44,473 [2ac24d38-c694-40fc-bc53-1be83d90b269-groupManagement] INFO  segmented.SegmentedRaftLogWorker (SegmentedRaftLogWorker.java:<init>(188)) - new 2ac24d38-c694-40fc-bc53-1be83d90b269@group-3EF0DF633C12-SegmentedRaftLogWorker for RaftStorageImpl:Storage Directory /home/runner/work/ozone/ozone/hadoop-ozone/integration-test/target/test-dir/MiniOzoneClusterImpl-c4e06dc0-ae81-4e14-96b7-eb66a98ebf91/datanode-0/data/ratis/14b2ae0b-e598-4241-bf0d-3ef0df633c12
2023-07-25 10:56:44,473 [2ac24d38-c694-40fc-bc53-1be83d90b269-groupManagement] INFO  server.RaftServerConfigKeys (ConfUtils.java:logGet(46)) - raft.server.log.queue.byte-limit = 4294967296 (custom)
2023-07-25 10:56:44,473 [2ac24d38-c694-40fc-bc53-1be83d90b269-groupManagement] INFO  server.RaftServerConfigKeys (ConfUtils.java:logGet(46)) - raft.server.log.queue.element-limit = 1024 (custom)
2023-07-25 10:56:44,473 [2ac24d38-c694-40fc-bc53-1be83d90b269-groupManagement] INFO  server.RaftServerConfigKeys (ConfUtils.java:logGet(46)) - raft.server.log.segment.size.max = 1048576 (custom)
2023-07-25 10:56:44,473 [2ac24d38-c694-40fc-bc53-1be83d90b269-groupManagement] INFO  server.RaftServerConfigKeys (ConfUtils.java:logGet(46)) - raft.server.log.preallocated.size = 16384 (custom)
2023-07-25 10:56:44,473 [2ac24d38-c694-40fc-bc53-1be83d90b269-groupManagement] INFO  server.RaftServerConfigKeys (ConfUtils.java:logGet(46)) - raft.server.log.force.sync.num = 128 (default)
2023-07-25 10:56:44,473 [2ac24d38-c694-40fc-bc53-1be83d90b269-groupManagement] INFO  server.RaftServerConfigKeys (ConfUtils.java:logGet(46)) - raft.server.log.statemachine.data.sync = true (default)
2023-07-25 10:56:44,473 [2ac24d38-c694-40fc-bc53-1be83d90b269-groupManagement] INFO  server.RaftServerConfigKeys (ConfUtils.java:logGet(46)) - raft.server.log.statemachine.data.sync.timeout = 10s (default)
2023-07-25 10:56:44,473 [2ac24d38-c694-40fc-bc53-1be83d90b269-groupManagement] INFO  server.RaftServerConfigKeys (ConfUtils.java:logGet(46)) - raft.server.log.statemachine.data.sync.timeout.retry = -1 (default)
2023-07-25 10:56:44,474 [EventQueue-OpenPipelineForHealthyPipelineSafeModeRule] INFO  safemode.SCMSafeModeManager (HealthyPipelineSafeModeRule.java:process(137)) - SCM in safe mode. Healthy pipelines reported count is 0, required healthy pipeline reported count is 1
2023-07-25 10:56:44,474 [2ac24d38-c694-40fc-bc53-1be83d90b269-groupManagement] INFO  server.RaftServerConfigKeys (ConfUtils.java:logGet(46)) - raft.server.log.write.buffer.size = 1048576 (custom)
2023-07-25 10:56:44,474 [2ac24d38-c694-40fc-bc53-1be83d90b269-groupManagement] INFO  server.RaftServerConfigKeys (ConfUtils.java:logGet(46)) - raft.server.log.appender.buffer.byte-limit = 33554432 (custom)
2023-07-25 10:56:44,481 [2ac24d38-c694-40fc-bc53-1be83d90b269-groupManagement] INFO  server.RaftServerConfigKeys (ConfUtils.java:logGet(46)) - raft.server.log.unsafe-flush.enabled = false (default)
2023-07-25 10:56:44,481 [2ac24d38-c694-40fc-bc53-1be83d90b269-groupManagement] INFO  server.RaftServerConfigKeys (ConfUtils.java:logGet(46)) - raft.server.log.async-flush.enabled = false (default)
2023-07-25 10:56:44,481 [2ac24d38-c694-40fc-bc53-1be83d90b269-groupManagement] INFO  server.RaftServerConfigKeys (ConfUtils.java:logGet(46)) - raft.server.log.statemachine.data.caching.enabled = true (custom)
2023-07-25 10:56:44,482 [2ac24d38-c694-40fc-bc53-1be83d90b269-groupManagement] INFO  segmented.SegmentedRaftLogWorker (SegmentedRaftLogWorker.java:lambda$new$0(135)) - 2ac24d38-c694-40fc-bc53-1be83d90b269@group-3EF0DF633C12-SegmentedRaftLogWorker: flushIndex: setUnconditionally 0 -> -1
2023-07-25 10:56:44,482 [2ac24d38-c694-40fc-bc53-1be83d90b269-groupManagement] INFO  segmented.SegmentedRaftLogWorker (SegmentedRaftLogWorker.java:lambda$new$0(135)) - 2ac24d38-c694-40fc-bc53-1be83d90b269@group-3EF0DF633C12-SegmentedRaftLogWorker: safeCacheEvictIndex: setUnconditionally 0 -> -1
2023-07-25 10:56:44,485 [2ac24d38-c694-40fc-bc53-1be83d90b269-groupManagement] INFO  server.RaftServer$Division (RaftServerImpl.java:start(342)) - 2ac24d38-c694-40fc-bc53-1be83d90b269@group-3EF0DF633C12: start as a follower, conf=-1: peers:[ab2ae7ff-5675-45b3-bfb0-4ee1241a3635|rpc:10.1.0.57:15076|admin:10.1.0.57:15075|client:10.1.0.57:15074|dataStream:10.1.0.57:15077|priority:0|startupRole:FOLLOWER, 2ac24d38-c694-40fc-bc53-1be83d90b269|rpc:10.1.0.57:15067|admin:10.1.0.57:15066|client:10.1.0.57:15065|dataStream:10.1.0.57:15068|priority:1|startupRole:FOLLOWER, 2333f530-c3e7-4f84-815f-5beaea2403db|rpc:10.1.0.57:15085|admin:10.1.0.57:15084|client:10.1.0.57:15083|dataStream:10.1.0.57:15086|priority:0|startupRole:FOLLOWER]|listeners:[], old=null
2023-07-25 10:56:44,485 [2ac24d38-c694-40fc-bc53-1be83d90b269-groupManagement] INFO  server.RaftServer$Division (RaftServerImpl.java:setRole(329)) - 2ac24d38-c694-40fc-bc53-1be83d90b269@group-3EF0DF633C12: changes role from      null to FOLLOWER at term 0 for startAsFollower
2023-07-25 10:56:44,485 [2ac24d38-c694-40fc-bc53-1be83d90b269-groupManagement] INFO  impl.RoleInfo (RoleInfo.java:updateAndGet(139)) - 2ac24d38-c694-40fc-bc53-1be83d90b269: start 2ac24d38-c694-40fc-bc53-1be83d90b269@group-3EF0DF633C12-FollowerState
2023-07-25 10:56:44,489 [2ac24d38-c694-40fc-bc53-1be83d90b269-groupManagement] INFO  util.JmxRegister (JmxRegister.java:tryRegister(44)) - Successfully registered JMX Bean with object name Ratis:service=RaftServer,group=group-3EF0DF633C12,id=2ac24d38-c694-40fc-bc53-1be83d90b269
2023-07-25 10:56:44,489 [2ac24d38-c694-40fc-bc53-1be83d90b269-groupManagement] INFO  server.RaftServerConfigKeys (ConfUtils.java:logGet(46)) - raft.server.snapshot.auto.trigger.enabled = true (custom)
2023-07-25 10:56:44,489 [2ac24d38-c694-40fc-bc53-1be83d90b269-groupManagement] INFO  server.RaftServerConfigKeys (ConfUtils.java:logGet(46)) - raft.server.snapshot.auto.trigger.threshold = 10000 (custom)
2023-07-25 10:56:44,489 [2ac24d38-c694-40fc-bc53-1be83d90b269-groupManagement] INFO  server.RaftServerConfigKeys (ConfUtils.java:logGet(46)) - raft.server.snapshot.retention.file.num = 5 (custom)
2023-07-25 10:56:44,489 [2ac24d38-c694-40fc-bc53-1be83d90b269-groupManagement] INFO  server.RaftServerConfigKeys (ConfUtils.java:logGet(46)) - raft.server.log.purge.upto.snapshot.index = false (default)
2023-07-25 10:56:44,490 [2ac24d38-c694-40fc-bc53-1be83d90b269@group-3EF0DF633C12-FollowerState] INFO  server.RaftServerConfigKeys (ConfUtils.java:logFallback(53)) - raft.server.rpc.first-election.timeout.min = 5s (fallback to raft.server.rpc.timeout.min)
2023-07-25 10:56:44,490 [2ac24d38-c694-40fc-bc53-1be83d90b269@group-3EF0DF633C12-FollowerState] INFO  server.RaftServerConfigKeys (ConfUtils.java:logFallback(53)) - raft.server.rpc.first-election.timeout.max = 5200ms (fallback to raft.server.rpc.timeout.max)
2023-07-25 10:56:44,490 [PipelineCommandHandlerThread-0] INFO  ratis.XceiverServerRatis (XceiverServerRatis.java:addGroup(804)) - Created group PipelineID=14b2ae0b-e598-4241-bf0d-3ef0df633c12
2023-07-25 10:56:44,504 [grpc-default-executor-8] INFO  server.RaftServer (RaftServerProxy.java:addNew(98)) - 2333f530-c3e7-4f84-815f-5beaea2403db: addNew group-3EF0DF633C12:[ab2ae7ff-5675-45b3-bfb0-4ee1241a3635|rpc:10.1.0.57:15076|admin:10.1.0.57:15075|client:10.1.0.57:15074|dataStream:10.1.0.57:15077|priority:0|startupRole:FOLLOWER, 2ac24d38-c694-40fc-bc53-1be83d90b269|rpc:10.1.0.57:15067|admin:10.1.0.57:15066|client:10.1.0.57:15065|dataStream:10.1.0.57:15068|priority:1|startupRole:FOLLOWER, 2333f530-c3e7-4f84-815f-5beaea2403db|rpc:10.1.0.57:15085|admin:10.1.0.57:15084|client:10.1.0.57:15083|dataStream:10.1.0.57:15086|priority:0|startupRole:FOLLOWER] returns group-3EF0DF633C12:java.util.concurrent.CompletableFuture@8393ff9[Not completed]
2023-07-25 10:56:44,505 [2333f530-c3e7-4f84-815f-5beaea2403db-groupManagement] INFO  server.RaftServer$Division (RaftServerImpl.java:<init>(198)) - 2333f530-c3e7-4f84-815f-5beaea2403db: new RaftServerImpl for group-3EF0DF633C12:[ab2ae7ff-5675-45b3-bfb0-4ee1241a3635|rpc:10.1.0.57:15076|admin:10.1.0.57:15075|client:10.1.0.57:15074|dataStream:10.1.0.57:15077|priority:0|startupRole:FOLLOWER, 2ac24d38-c694-40fc-bc53-1be83d90b269|rpc:10.1.0.57:15067|admin:10.1.0.57:15066|client:10.1.0.57:15065|dataStream:10.1.0.57:15068|priority:1|startupRole:FOLLOWER, 2333f530-c3e7-4f84-815f-5beaea2403db|rpc:10.1.0.57:15085|admin:10.1.0.57:15084|client:10.1.0.57:15083|dataStream:10.1.0.57:15086|priority:0|startupRole:FOLLOWER] with ContainerStateMachine:uninitialized
2023-07-25 10:56:44,506 [2333f530-c3e7-4f84-815f-5beaea2403db-groupManagement] INFO  server.RaftServerConfigKeys (ConfUtils.java:logGet(46)) - raft.server.rpc.timeout.min = 5s (custom)
2023-07-25 10:56:44,506 [2333f530-c3e7-4f84-815f-5beaea2403db-groupManagement] INFO  server.RaftServerConfigKeys (ConfUtils.java:logGet(46)) - raft.server.rpc.timeout.max = 5200ms (custom)
2023-07-25 10:56:44,506 [2333f530-c3e7-4f84-815f-5beaea2403db-groupManagement] INFO  server.RaftServerConfigKeys (ConfUtils.java:logGet(46)) - raft.server.rpc.sleep.time = 25ms (default)
2023-07-25 10:56:44,506 [2333f530-c3e7-4f84-815f-5beaea2403db-groupManagement] INFO  server.RaftServerConfigKeys (ConfUtils.java:logGet(46)) - raft.server.rpc.slowness.timeout = 300s (custom)
2023-07-25 10:56:44,506 [2333f530-c3e7-4f84-815f-5beaea2403db-groupManagement] INFO  server.RaftServerConfigKeys (ConfUtils.java:logGet(46)) - raft.server.leaderelection.leader.step-down.wait-time = 10s (default)
2023-07-25 10:56:44,506 [2333f530-c3e7-4f84-815f-5beaea2403db-groupManagement] INFO  server.RaftServerConfigKeys (ConfUtils.java:logGet(46)) - raft.server.sleep.deviation.threshold = 300ms (default)
2023-07-25 10:56:44,506 [2333f530-c3e7-4f84-815f-5beaea2403db-groupManagement] INFO  server.RaftServer$Division (ServerState.java:<init>(120)) - 2333f530-c3e7-4f84-815f-5beaea2403db@group-3EF0DF633C12: ConfigurationManager, init=-1: peers:[ab2ae7ff-5675-45b3-bfb0-4ee1241a3635|rpc:10.1.0.57:15076|admin:10.1.0.57:15075|client:10.1.0.57:15074|dataStream:10.1.0.57:15077|priority:0|startupRole:FOLLOWER, 2ac24d38-c694-40fc-bc53-1be83d90b269|rpc:10.1.0.57:15067|admin:10.1.0.57:15066|client:10.1.0.57:15065|dataStream:10.1.0.57:15068|priority:1|startupRole:FOLLOWER, 2333f530-c3e7-4f84-815f-5beaea2403db|rpc:10.1.0.57:15085|admin:10.1.0.57:15084|client:10.1.0.57:15083|dataStream:10.1.0.57:15086|priority:0|startupRole:FOLLOWER]|listeners:[], old=null, confs=<EMPTY_MAP>
2023-07-25 10:56:44,506 [2333f530-c3e7-4f84-815f-5beaea2403db-groupManagement] INFO  server.RaftServerConfigKeys (ConfUtils.java:logGet(46)) - raft.server.storage.dir = [/home/runner/work/ozone/ozone/hadoop-ozone/integration-test/target/test-dir/MiniOzoneClusterImpl-c4e06dc0-ae81-4e14-96b7-eb66a98ebf91/datanode-2/data/ratis] (custom)
2023-07-25 10:56:44,506 [2333f530-c3e7-4f84-815f-5beaea2403db-groupManagement] INFO  server.RaftServerConfigKeys (ConfUtils.java:logGet(46)) - raft.server.log.corruption.policy = EXCEPTION (default)
2023-07-25 10:56:44,506 [2333f530-c3e7-4f84-815f-5beaea2403db-groupManagement] INFO  server.RaftServerConfigKeys (ConfUtils.java:logGet(46)) - raft.server.storage.free-space.min = 0MB (=0) (default)
2023-07-25 10:56:44,507 [2333f530-c3e7-4f84-815f-5beaea2403db-groupManagement] INFO  server.RaftServerConfigKeys (ConfUtils.java:logGet(46)) - raft.server.notification.no-leader.timeout = 300s (custom)
2023-07-25 10:56:44,507 [2333f530-c3e7-4f84-815f-5beaea2403db-groupManagement] INFO  server.RaftServerConfigKeys (ConfUtils.java:logGet(46)) - raft.server.read.timeout = 10s (default)
2023-07-25 10:56:44,507 [2333f530-c3e7-4f84-815f-5beaea2403db-groupManagement] INFO  server.RaftServerConfigKeys (ConfUtils.java:logGet(46)) - raft.server.retrycache.expirytime = 600000ms (custom)
2023-07-25 10:56:44,507 [2333f530-c3e7-4f84-815f-5beaea2403db-groupManagement] INFO  server.RaftServerConfigKeys (ConfUtils.java:logGet(46)) - raft.server.retrycache.statistics.expirytime = 100μs (default)
2023-07-25 10:56:44,507 [2333f530-c3e7-4f84-815f-5beaea2403db-groupManagement] INFO  server.RaftServerConfigKeys (ConfUtils.java:logGet(46)) - raft.server.read.option = DEFAULT (default)
2023-07-25 10:56:44,508 [2333f530-c3e7-4f84-815f-5beaea2403db-groupManagement] INFO  server.RaftServerConfigKeys (ConfUtils.java:logGet(46)) - raft.server.rpc.request.timeout = 60s (custom)
2023-07-25 10:56:44,508 [2333f530-c3e7-4f84-815f-5beaea2403db-groupManagement] INFO  server.RaftServerConfigKeys (ConfUtils.java:logGet(46)) - raft.server.log.appender.install.snapshot.enabled = false (custom)
2023-07-25 10:56:44,508 [2333f530-c3e7-4f84-815f-5beaea2403db-groupManagement] INFO  server.RaftServerConfigKeys (ConfUtils.java:logGet(46)) - raft.server.threadpool.server.cached = true (default)
2023-07-25 10:56:44,508 [2333f530-c3e7-4f84-815f-5beaea2403db-groupManagement] INFO  server.RaftServerConfigKeys (ConfUtils.java:logGet(46)) - raft.server.threadpool.server.size = 0 (default)
2023-07-25 10:56:44,508 [2333f530-c3e7-4f84-815f-5beaea2403db-groupManagement] INFO  server.RaftServerConfigKeys (ConfUtils.java:logGet(46)) - raft.server.threadpool.client.cached = true (default)
2023-07-25 10:56:44,508 [2333f530-c3e7-4f84-815f-5beaea2403db-groupManagement] INFO  server.RaftServerConfigKeys (ConfUtils.java:logGet(46)) - raft.server.threadpool.client.size = 0 (default)
2023-07-25 10:56:44,509 [2333f530-c3e7-4f84-815f-5beaea2403db-groupManagement] INFO  storage.RaftStorageDirectory (RaftStorageDirectoryImpl.java:analyzeStorage(137)) - The storage directory /home/runner/work/ozone/ozone/hadoop-ozone/integration-test/target/test-dir/MiniOzoneClusterImpl-c4e06dc0-ae81-4e14-96b7-eb66a98ebf91/datanode-2/data/ratis/14b2ae0b-e598-4241-bf0d-3ef0df633c12 does not exist. Creating ...
2023-07-25 10:56:44,510 [2333f530-c3e7-4f84-815f-5beaea2403db-groupManagement] INFO  storage.RaftStorageDirectory (RaftStorageDirectoryImpl.java:tryLock(231)) - Lock on /home/runner/work/ozone/ozone/hadoop-ozone/integration-test/target/test-dir/MiniOzoneClusterImpl-c4e06dc0-ae81-4e14-96b7-eb66a98ebf91/datanode-2/data/ratis/14b2ae0b-e598-4241-bf0d-3ef0df633c12/in_use.lock acquired by nodename 12703@fv-az82-323
2023-07-25 10:56:44,514 [2333f530-c3e7-4f84-815f-5beaea2403db-groupManagement] INFO  storage.RaftStorage (RaftStorageImpl.java:format(96)) - Storage directory /home/runner/work/ozone/ozone/hadoop-ozone/integration-test/target/test-dir/MiniOzoneClusterImpl-c4e06dc0-ae81-4e14-96b7-eb66a98ebf91/datanode-2/data/ratis/14b2ae0b-e598-4241-bf0d-3ef0df633c12 has been successfully formatted.
2023-07-25 10:56:44,516 [2333f530-c3e7-4f84-815f-5beaea2403db-groupManagement] INFO  ratis.ContainerStateMachine (ContainerStateMachine.java:loadSnapshot(262)) - group-3EF0DF633C12: The snapshot info is null. Setting the last applied indexto:(t:0, i:~)
2023-07-25 10:56:44,516 [2333f530-c3e7-4f84-815f-5beaea2403db-groupManagement] INFO  server.RaftServerConfigKeys (ConfUtils.java:logGet(46)) - raft.server.log.use.memory = false (default)
2023-07-25 10:56:44,516 [2333f530-c3e7-4f84-815f-5beaea2403db-groupManagement] INFO  server.RaftServerConfigKeys (ConfUtils.java:logGet(46)) - raft.server.log.purge.gap = 1000000 (custom)
2023-07-25 10:56:44,516 [2333f530-c3e7-4f84-815f-5beaea2403db-groupManagement] INFO  server.RaftServerConfigKeys (ConfUtils.java:logGet(46)) - raft.server.log.appender.buffer.byte-limit = 33554432 (custom)
2023-07-25 10:56:44,520 [2333f530-c3e7-4f84-815f-5beaea2403db-groupManagement] INFO  server.RaftServerConfigKeys (ConfUtils.java:logGet(46)) - raft.server.log.statemachine.data.read.timeout = 1000ms (default)
2023-07-25 10:56:44,520 [2333f530-c3e7-4f84-815f-5beaea2403db-groupManagement] INFO  server.RaftServerConfigKeys (ConfUtils.java:logGet(46)) - raft.server.log.purge.preservation.log.num = 0 (default)
2023-07-25 10:56:44,520 [2333f530-c3e7-4f84-815f-5beaea2403db-groupManagement] INFO  server.RaftServerConfigKeys (ConfUtils.java:logGet(46)) - raft.server.log.segment.size.max = 1048576 (custom)
2023-07-25 10:56:44,521 [2333f530-c3e7-4f84-815f-5beaea2403db-groupManagement] INFO  server.RaftServerConfigKeys (ConfUtils.java:logGet(46)) - raft.server.log.segment.cache.num.max = 2 (custom)
2023-07-25 10:56:44,521 [2333f530-c3e7-4f84-815f-5beaea2403db-groupManagement] INFO  server.RaftServerConfigKeys (ConfUtils.java:logGet(46)) - raft.server.log.segment.cache.size.max = 200MB (=209715200) (default)
2023-07-25 10:56:44,521 [2333f530-c3e7-4f84-815f-5beaea2403db-groupManagement] INFO  server.RaftServerConfigKeys (ConfUtils.java:logGet(46)) - raft.server.log.appender.buffer.byte-limit = 33554432 (custom)
2023-07-25 10:56:44,521 [2333f530-c3e7-4f84-815f-5beaea2403db-groupManagement] INFO  segmented.SegmentedRaftLogWorker (SegmentedRaftLogWorker.java:<init>(188)) - new 2333f530-c3e7-4f84-815f-5beaea2403db@group-3EF0DF633C12-SegmentedRaftLogWorker for RaftStorageImpl:Storage Directory /home/runner/work/ozone/ozone/hadoop-ozone/integration-test/target/test-dir/MiniOzoneClusterImpl-c4e06dc0-ae81-4e14-96b7-eb66a98ebf91/datanode-2/data/ratis/14b2ae0b-e598-4241-bf0d-3ef0df633c12
2023-07-25 10:56:44,521 [2333f530-c3e7-4f84-815f-5beaea2403db-groupManagement] INFO  server.RaftServerConfigKeys (ConfUtils.java:logGet(46)) - raft.server.log.queue.byte-limit = 4294967296 (custom)
2023-07-25 10:56:44,521 [2333f530-c3e7-4f84-815f-5beaea2403db-groupManagement] INFO  server.RaftServerConfigKeys (ConfUtils.java:logGet(46)) - raft.server.log.queue.element-limit = 1024 (custom)
2023-07-25 10:56:44,521 [2333f530-c3e7-4f84-815f-5beaea2403db-groupManagement] INFO  server.RaftServerConfigKeys (ConfUtils.java:logGet(46)) - raft.server.log.segment.size.max = 1048576 (custom)
2023-07-25 10:56:44,521 [2333f530-c3e7-4f84-815f-5beaea2403db-groupManagement] INFO  server.RaftServerConfigKeys (ConfUtils.java:logGet(46)) - raft.server.log.preallocated.size = 16384 (custom)
2023-07-25 10:56:44,521 [2333f530-c3e7-4f84-815f-5beaea2403db-groupManagement] INFO  server.RaftServerConfigKeys (ConfUtils.java:logGet(46)) - raft.server.log.force.sync.num = 128 (default)
2023-07-25 10:56:44,522 [2333f530-c3e7-4f84-815f-5beaea2403db-groupManagement] INFO  server.RaftServerConfigKeys (ConfUtils.java:logGet(46)) - raft.server.log.statemachine.data.sync = true (default)
2023-07-25 10:56:44,522 [2333f530-c3e7-4f84-815f-5beaea2403db-groupManagement] INFO  server.RaftServerConfigKeys (ConfUtils.java:logGet(46)) - raft.server.log.statemachine.data.sync.timeout = 10s (default)
2023-07-25 10:56:44,522 [2333f530-c3e7-4f84-815f-5beaea2403db-groupManagement] INFO  server.RaftServerConfigKeys (ConfUtils.java:logGet(46)) - raft.server.log.statemachine.data.sync.timeout.retry = -1 (default)
2023-07-25 10:56:44,522 [2333f530-c3e7-4f84-815f-5beaea2403db-groupManagement] INFO  server.RaftServerConfigKeys (ConfUtils.java:logGet(46)) - raft.server.log.write.buffer.size = 1048576 (custom)
2023-07-25 10:56:44,523 [2333f530-c3e7-4f84-815f-5beaea2403db-groupManagement] INFO  server.RaftServerConfigKeys (ConfUtils.java:logGet(46)) - raft.server.log.appender.buffer.byte-limit = 33554432 (custom)
2023-07-25 10:56:44,623 [2333f530-c3e7-4f84-815f-5beaea2403db-groupManagement] INFO  server.RaftServerConfigKeys (ConfUtils.java:logGet(46)) - raft.server.log.unsafe-flush.enabled = false (default)
2023-07-25 10:56:44,641 [2333f530-c3e7-4f84-815f-5beaea2403db-groupManagement] INFO  server.RaftServerConfigKeys (ConfUtils.java:logGet(46)) - raft.server.log.async-flush.enabled = false (default)
2023-07-25 10:56:44,641 [2333f530-c3e7-4f84-815f-5beaea2403db-groupManagement] INFO  server.RaftServerConfigKeys (ConfUtils.java:logGet(46)) - raft.server.log.statemachine.data.caching.enabled = true (custom)
2023-07-25 10:56:44,644 [2333f530-c3e7-4f84-815f-5beaea2403db-groupManagement] INFO  segmented.SegmentedRaftLogWorker (SegmentedRaftLogWorker.java:lambda$new$0(135)) - 2333f530-c3e7-4f84-815f-5beaea2403db@group-3EF0DF633C12-SegmentedRaftLogWorker: flushIndex: setUnconditionally 0 -> -1
2023-07-25 10:56:44,644 [2333f530-c3e7-4f84-815f-5beaea2403db-groupManagement] INFO  segmented.SegmentedRaftLogWorker (SegmentedRaftLogWorker.java:lambda$new$0(135)) - 2333f530-c3e7-4f84-815f-5beaea2403db@group-3EF0DF633C12-SegmentedRaftLogWorker: safeCacheEvictIndex: setUnconditionally 0 -> -1
2023-07-25 10:56:44,644 [2333f530-c3e7-4f84-815f-5beaea2403db-groupManagement] INFO  server.RaftServer$Division (RaftServerImpl.java:start(342)) - 2333f530-c3e7-4f84-815f-5beaea2403db@group-3EF0DF633C12: start as a follower, conf=-1: peers:[ab2ae7ff-5675-45b3-bfb0-4ee1241a3635|rpc:10.1.0.57:15076|admin:10.1.0.57:15075|client:10.1.0.57:15074|dataStream:10.1.0.57:15077|priority:0|startupRole:FOLLOWER, 2ac24d38-c694-40fc-bc53-1be83d90b269|rpc:10.1.0.57:15067|admin:10.1.0.57:15066|client:10.1.0.57:15065|dataStream:10.1.0.57:15068|priority:1|startupRole:FOLLOWER, 2333f530-c3e7-4f84-815f-5beaea2403db|rpc:10.1.0.57:15085|admin:10.1.0.57:15084|client:10.1.0.57:15083|dataStream:10.1.0.57:15086|priority:0|startupRole:FOLLOWER]|listeners:[], old=null
2023-07-25 10:56:44,645 [2333f530-c3e7-4f84-815f-5beaea2403db-groupManagement] INFO  server.RaftServer$Division (RaftServerImpl.java:setRole(329)) - 2333f530-c3e7-4f84-815f-5beaea2403db@group-3EF0DF633C12: changes role from      null to FOLLOWER at term 0 for startAsFollower
2023-07-25 10:56:44,645 [2333f530-c3e7-4f84-815f-5beaea2403db-groupManagement] INFO  impl.RoleInfo (RoleInfo.java:updateAndGet(139)) - 2333f530-c3e7-4f84-815f-5beaea2403db: start 2333f530-c3e7-4f84-815f-5beaea2403db@group-3EF0DF633C12-FollowerState
2023-07-25 10:56:44,645 [2333f530-c3e7-4f84-815f-5beaea2403db-groupManagement] INFO  util.JmxRegister (JmxRegister.java:tryRegister(44)) - Successfully registered JMX Bean with object name Ratis:service=RaftServer,group=group-3EF0DF633C12,id=2333f530-c3e7-4f84-815f-5beaea2403db
2023-07-25 10:56:44,645 [2333f530-c3e7-4f84-815f-5beaea2403db-groupManagement] INFO  server.RaftServerConfigKeys (ConfUtils.java:logGet(46)) - raft.server.snapshot.auto.trigger.enabled = true (custom)
2023-07-25 10:56:44,645 [2333f530-c3e7-4f84-815f-5beaea2403db-groupManagement] INFO  server.RaftServerConfigKeys (ConfUtils.java:logGet(46)) - raft.server.snapshot.auto.trigger.threshold = 10000 (custom)
2023-07-25 10:56:44,646 [2333f530-c3e7-4f84-815f-5beaea2403db-groupManagement] INFO  server.RaftServerConfigKeys (ConfUtils.java:logGet(46)) - raft.server.snapshot.retention.file.num = 5 (custom)
2023-07-25 10:56:44,646 [2333f530-c3e7-4f84-815f-5beaea2403db-groupManagement] INFO  server.RaftServerConfigKeys (ConfUtils.java:logGet(46)) - raft.server.log.purge.upto.snapshot.index = false (default)
2023-07-25 10:56:44,646 [2333f530-c3e7-4f84-815f-5beaea2403db@group-3EF0DF633C12-FollowerState] INFO  server.RaftServerConfigKeys (ConfUtils.java:logFallback(53)) - raft.server.rpc.first-election.timeout.min = 5s (fallback to raft.server.rpc.timeout.min)
2023-07-25 10:56:44,646 [2333f530-c3e7-4f84-815f-5beaea2403db@group-3EF0DF633C12-FollowerState] INFO  server.RaftServerConfigKeys (ConfUtils.java:logFallback(53)) - raft.server.rpc.first-election.timeout.max = 5200ms (fallback to raft.server.rpc.timeout.max)
2023-07-25 10:56:44,677 [grpc-default-executor-8] INFO  server.RaftServer (RaftServerProxy.java:addNew(98)) - ab2ae7ff-5675-45b3-bfb0-4ee1241a3635: addNew group-3EF0DF633C12:[ab2ae7ff-5675-45b3-bfb0-4ee1241a3635|rpc:10.1.0.57:15076|admin:10.1.0.57:15075|client:10.1.0.57:15074|dataStream:10.1.0.57:15077|priority:0|startupRole:FOLLOWER, 2ac24d38-c694-40fc-bc53-1be83d90b269|rpc:10.1.0.57:15067|admin:10.1.0.57:15066|client:10.1.0.57:15065|dataStream:10.1.0.57:15068|priority:1|startupRole:FOLLOWER, 2333f530-c3e7-4f84-815f-5beaea2403db|rpc:10.1.0.57:15085|admin:10.1.0.57:15084|client:10.1.0.57:15083|dataStream:10.1.0.57:15086|priority:0|startupRole:FOLLOWER] returns group-3EF0DF633C12:java.util.concurrent.CompletableFuture@2964e972[Not completed]
2023-07-25 10:56:44,682 [ab2ae7ff-5675-45b3-bfb0-4ee1241a3635-groupManagement] INFO  server.RaftServer$Division (RaftServerImpl.java:<init>(198)) - ab2ae7ff-5675-45b3-bfb0-4ee1241a3635: new RaftServerImpl for group-3EF0DF633C12:[ab2ae7ff-5675-45b3-bfb0-4ee1241a3635|rpc:10.1.0.57:15076|admin:10.1.0.57:15075|client:10.1.0.57:15074|dataStream:10.1.0.57:15077|priority:0|startupRole:FOLLOWER, 2ac24d38-c694-40fc-bc53-1be83d90b269|rpc:10.1.0.57:15067|admin:10.1.0.57:15066|client:10.1.0.57:15065|dataStream:10.1.0.57:15068|priority:1|startupRole:FOLLOWER, 2333f530-c3e7-4f84-815f-5beaea2403db|rpc:10.1.0.57:15085|admin:10.1.0.57:15084|client:10.1.0.57:15083|dataStream:10.1.0.57:15086|priority:0|startupRole:FOLLOWER] with ContainerStateMachine:uninitialized
2023-07-25 10:56:44,682 [ab2ae7ff-5675-45b3-bfb0-4ee1241a3635-groupManagement] INFO  server.RaftServerConfigKeys (ConfUtils.java:logGet(46)) - raft.server.rpc.timeout.min = 5s (custom)
2023-07-25 10:56:44,682 [ab2ae7ff-5675-45b3-bfb0-4ee1241a3635-groupManagement] INFO  server.RaftServerConfigKeys (ConfUtils.java:logGet(46)) - raft.server.rpc.timeout.max = 5200ms (custom)
2023-07-25 10:56:44,682 [ab2ae7ff-5675-45b3-bfb0-4ee1241a3635-groupManagement] INFO  server.RaftServerConfigKeys (ConfUtils.java:logGet(46)) - raft.server.rpc.sleep.time = 25ms (default)
2023-07-25 10:56:44,682 [ab2ae7ff-5675-45b3-bfb0-4ee1241a3635-groupManagement] INFO  server.RaftServerConfigKeys (ConfUtils.java:logGet(46)) - raft.server.rpc.slowness.timeout = 300s (custom)
2023-07-25 10:56:44,682 [ab2ae7ff-5675-45b3-bfb0-4ee1241a3635-groupManagement] INFO  server.RaftServerConfigKeys (ConfUtils.java:logGet(46)) - raft.server.leaderelection.leader.step-down.wait-time = 10s (default)
2023-07-25 10:56:44,682 [ab2ae7ff-5675-45b3-bfb0-4ee1241a3635-groupManagement] INFO  server.RaftServerConfigKeys (ConfUtils.java:logGet(46)) - raft.server.sleep.deviation.threshold = 300ms (default)
2023-07-25 10:56:44,682 [ab2ae7ff-5675-45b3-bfb0-4ee1241a3635-groupManagement] INFO  server.RaftServer$Division (ServerState.java:<init>(120)) - ab2ae7ff-5675-45b3-bfb0-4ee1241a3635@group-3EF0DF633C12: ConfigurationManager, init=-1: peers:[ab2ae7ff-5675-45b3-bfb0-4ee1241a3635|rpc:10.1.0.57:15076|admin:10.1.0.57:15075|client:10.1.0.57:15074|dataStream:10.1.0.57:15077|priority:0|startupRole:FOLLOWER, 2ac24d38-c694-40fc-bc53-1be83d90b269|rpc:10.1.0.57:15067|admin:10.1.0.57:15066|client:10.1.0.57:15065|dataStream:10.1.0.57:15068|priority:1|startupRole:FOLLOWER, 2333f530-c3e7-4f84-815f-5beaea2403db|rpc:10.1.0.57:15085|admin:10.1.0.57:15084|client:10.1.0.57:15083|dataStream:10.1.0.57:15086|priority:0|startupRole:FOLLOWER]|listeners:[], old=null, confs=<EMPTY_MAP>
2023-07-25 10:56:44,682 [ab2ae7ff-5675-45b3-bfb0-4ee1241a3635-groupManagement] INFO  server.RaftServerConfigKeys (ConfUtils.java:logGet(46)) - raft.server.storage.dir = [/home/runner/work/ozone/ozone/hadoop-ozone/integration-test/target/test-dir/MiniOzoneClusterImpl-c4e06dc0-ae81-4e14-96b7-eb66a98ebf91/datanode-1/data/ratis] (custom)
2023-07-25 10:56:44,682 [ab2ae7ff-5675-45b3-bfb0-4ee1241a3635-groupManagement] INFO  server.RaftServerConfigKeys (ConfUtils.java:logGet(46)) - raft.server.log.corruption.policy = EXCEPTION (default)
2023-07-25 10:56:44,683 [ab2ae7ff-5675-45b3-bfb0-4ee1241a3635-groupManagement] INFO  server.RaftServerConfigKeys (ConfUtils.java:logGet(46)) - raft.server.storage.free-space.min = 0MB (=0) (default)
2023-07-25 10:56:44,683 [ab2ae7ff-5675-45b3-bfb0-4ee1241a3635-groupManagement] INFO  server.RaftServerConfigKeys (ConfUtils.java:logGet(46)) - raft.server.notification.no-leader.timeout = 300s (custom)
2023-07-25 10:56:44,683 [ab2ae7ff-5675-45b3-bfb0-4ee1241a3635-groupManagement] INFO  server.RaftServerConfigKeys (ConfUtils.java:logGet(46)) - raft.server.read.timeout = 10s (default)
2023-07-25 10:56:44,683 [ab2ae7ff-5675-45b3-bfb0-4ee1241a3635-groupManagement] INFO  server.RaftServerConfigKeys (ConfUtils.java:logGet(46)) - raft.server.retrycache.expirytime = 600000ms (custom)
2023-07-25 10:56:44,683 [ab2ae7ff-5675-45b3-bfb0-4ee1241a3635-groupManagement] INFO  server.RaftServerConfigKeys (ConfUtils.java:logGet(46)) - raft.server.retrycache.statistics.expirytime = 100μs (default)
2023-07-25 10:56:44,683 [ab2ae7ff-5675-45b3-bfb0-4ee1241a3635-groupManagement] INFO  server.RaftServerConfigKeys (ConfUtils.java:logGet(46)) - raft.server.read.option = DEFAULT (default)
2023-07-25 10:56:44,684 [ab2ae7ff-5675-45b3-bfb0-4ee1241a3635-groupManagement] INFO  server.RaftServerConfigKeys (ConfUtils.java:logGet(46)) - raft.server.rpc.request.timeout = 60s (custom)
2023-07-25 10:56:44,685 [ab2ae7ff-5675-45b3-bfb0-4ee1241a3635-groupManagement] INFO  server.RaftServerConfigKeys (ConfUtils.java:logGet(46)) - raft.server.log.appender.install.snapshot.enabled = false (custom)
2023-07-25 10:56:44,685 [ab2ae7ff-5675-45b3-bfb0-4ee1241a3635-groupManagement] INFO  server.RaftServerConfigKeys (ConfUtils.java:logGet(46)) - raft.server.threadpool.server.cached = true (default)
2023-07-25 10:56:44,685 [ab2ae7ff-5675-45b3-bfb0-4ee1241a3635-groupManagement] INFO  server.RaftServerConfigKeys (ConfUtils.java:logGet(46)) - raft.server.threadpool.server.size = 0 (default)
2023-07-25 10:56:44,685 [ab2ae7ff-5675-45b3-bfb0-4ee1241a3635-groupManagement] INFO  server.RaftServerConfigKeys (ConfUtils.java:logGet(46)) - raft.server.threadpool.client.cached = true (default)
2023-07-25 10:56:44,685 [ab2ae7ff-5675-45b3-bfb0-4ee1241a3635-groupManagement] INFO  server.RaftServerConfigKeys (ConfUtils.java:logGet(46)) - raft.server.threadpool.client.size = 0 (default)
2023-07-25 10:56:44,685 [ab2ae7ff-5675-45b3-bfb0-4ee1241a3635-groupManagement] INFO  storage.RaftStorageDirectory (RaftStorageDirectoryImpl.java:analyzeStorage(137)) - The storage directory /home/runner/work/ozone/ozone/hadoop-ozone/integration-test/target/test-dir/MiniOzoneClusterImpl-c4e06dc0-ae81-4e14-96b7-eb66a98ebf91/datanode-1/data/ratis/14b2ae0b-e598-4241-bf0d-3ef0df633c12 does not exist. Creating ...
2023-07-25 10:56:44,687 [ab2ae7ff-5675-45b3-bfb0-4ee1241a3635-groupManagement] INFO  storage.RaftStorageDirectory (RaftStorageDirectoryImpl.java:tryLock(231)) - Lock on /home/runner/work/ozone/ozone/hadoop-ozone/integration-test/target/test-dir/MiniOzoneClusterImpl-c4e06dc0-ae81-4e14-96b7-eb66a98ebf91/datanode-1/data/ratis/14b2ae0b-e598-4241-bf0d-3ef0df633c12/in_use.lock acquired by nodename 12703@fv-az82-323
2023-07-25 10:56:44,689 [ab2ae7ff-5675-45b3-bfb0-4ee1241a3635-groupManagement] INFO  storage.RaftStorage (RaftStorageImpl.java:format(96)) - Storage directory /home/runner/work/ozone/ozone/hadoop-ozone/integration-test/target/test-dir/MiniOzoneClusterImpl-c4e06dc0-ae81-4e14-96b7-eb66a98ebf91/datanode-1/data/ratis/14b2ae0b-e598-4241-bf0d-3ef0df633c12 has been successfully formatted.
2023-07-25 10:56:44,691 [ab2ae7ff-5675-45b3-bfb0-4ee1241a3635-groupManagement] INFO  ratis.ContainerStateMachine (ContainerStateMachine.java:loadSnapshot(262)) - group-3EF0DF633C12: The snapshot info is null. Setting the last applied indexto:(t:0, i:~)
2023-07-25 10:56:44,692 [ab2ae7ff-5675-45b3-bfb0-4ee1241a3635-groupManagement] INFO  server.RaftServerConfigKeys (ConfUtils.java:logGet(46)) - raft.server.log.use.memory = false (default)
2023-07-25 10:56:44,692 [ab2ae7ff-5675-45b3-bfb0-4ee1241a3635-groupManagement] INFO  server.RaftServerConfigKeys (ConfUtils.java:logGet(46)) - raft.server.log.purge.gap = 1000000 (custom)
2023-07-25 10:56:44,692 [ab2ae7ff-5675-45b3-bfb0-4ee1241a3635-groupManagement] INFO  server.RaftServerConfigKeys (ConfUtils.java:logGet(46)) - raft.server.log.appender.buffer.byte-limit = 33554432 (custom)
2023-07-25 10:56:44,692 [ab2ae7ff-5675-45b3-bfb0-4ee1241a3635-groupManagement] INFO  server.RaftServerConfigKeys (ConfUtils.java:logGet(46)) - raft.server.log.statemachine.data.read.timeout = 1000ms (default)
2023-07-25 10:56:44,692 [ab2ae7ff-5675-45b3-bfb0-4ee1241a3635-groupManagement] INFO  server.RaftServerConfigKeys (ConfUtils.java:logGet(46)) - raft.server.log.purge.preservation.log.num = 0 (default)
2023-07-25 10:56:44,693 [ab2ae7ff-5675-45b3-bfb0-4ee1241a3635-groupManagement] INFO  server.RaftServerConfigKeys (ConfUtils.java:logGet(46)) - raft.server.log.segment.size.max = 1048576 (custom)
2023-07-25 10:56:44,693 [ab2ae7ff-5675-45b3-bfb0-4ee1241a3635-groupManagement] INFO  server.RaftServerConfigKeys (ConfUtils.java:logGet(46)) - raft.server.log.segment.cache.num.max = 2 (custom)
2023-07-25 10:56:44,693 [ab2ae7ff-5675-45b3-bfb0-4ee1241a3635-groupManagement] INFO  server.RaftServerConfigKeys (ConfUtils.java:logGet(46)) - raft.server.log.segment.cache.size.max = 200MB (=209715200) (default)
2023-07-25 10:56:44,693 [ab2ae7ff-5675-45b3-bfb0-4ee1241a3635-groupManagement] INFO  server.RaftServerConfigKeys (ConfUtils.java:logGet(46)) - raft.server.log.appender.buffer.byte-limit = 33554432 (custom)
2023-07-25 10:56:44,693 [ab2ae7ff-5675-45b3-bfb0-4ee1241a3635-groupManagement] INFO  segmented.SegmentedRaftLogWorker (SegmentedRaftLogWorker.java:<init>(188)) - new ab2ae7ff-5675-45b3-bfb0-4ee1241a3635@group-3EF0DF633C12-SegmentedRaftLogWorker for RaftStorageImpl:Storage Directory /home/runner/work/ozone/ozone/hadoop-ozone/integration-test/target/test-dir/MiniOzoneClusterImpl-c4e06dc0-ae81-4e14-96b7-eb66a98ebf91/datanode-1/data/ratis/14b2ae0b-e598-4241-bf0d-3ef0df633c12
2023-07-25 10:56:44,693 [ab2ae7ff-5675-45b3-bfb0-4ee1241a3635-groupManagement] INFO  server.RaftServerConfigKeys (ConfUtils.java:logGet(46)) - raft.server.log.queue.byte-limit = 4294967296 (custom)
2023-07-25 10:56:44,693 [ab2ae7ff-5675-45b3-bfb0-4ee1241a3635-groupManagement] INFO  server.RaftServerConfigKeys (ConfUtils.java:logGet(46)) - raft.server.log.queue.element-limit = 1024 (custom)
2023-07-25 10:56:44,693 [ab2ae7ff-5675-45b3-bfb0-4ee1241a3635-groupManagement] INFO  server.RaftServerConfigKeys (ConfUtils.java:logGet(46)) - raft.server.log.segment.size.max = 1048576 (custom)
2023-07-25 10:56:44,693 [ab2ae7ff-5675-45b3-bfb0-4ee1241a3635-groupManagement] INFO  server.RaftServerConfigKeys (ConfUtils.java:logGet(46)) - raft.server.log.preallocated.size = 16384 (custom)
2023-07-25 10:56:44,693 [ab2ae7ff-5675-45b3-bfb0-4ee1241a3635-groupManagement] INFO  server.RaftServerConfigKeys (ConfUtils.java:logGet(46)) - raft.server.log.force.sync.num = 128 (default)
2023-07-25 10:56:44,693 [ab2ae7ff-5675-45b3-bfb0-4ee1241a3635-groupManagement] INFO  server.RaftServerConfigKeys (ConfUtils.java:logGet(46)) - raft.server.log.statemachine.data.sync = true (default)
2023-07-25 10:56:44,694 [ab2ae7ff-5675-45b3-bfb0-4ee1241a3635-groupManagement] INFO  server.RaftServerConfigKeys (ConfUtils.java:logGet(46)) - raft.server.log.statemachine.data.sync.timeout = 10s (default)
2023-07-25 10:56:44,694 [ab2ae7ff-5675-45b3-bfb0-4ee1241a3635-groupManagement] INFO  server.RaftServerConfigKeys (ConfUtils.java:logGet(46)) - raft.server.log.statemachine.data.sync.timeout.retry = -1 (default)
2023-07-25 10:56:44,694 [ab2ae7ff-5675-45b3-bfb0-4ee1241a3635-groupManagement] INFO  server.RaftServerConfigKeys (ConfUtils.java:logGet(46)) - raft.server.log.write.buffer.size = 1048576 (custom)
2023-07-25 10:56:44,695 [ab2ae7ff-5675-45b3-bfb0-4ee1241a3635-groupManagement] INFO  server.RaftServerConfigKeys (ConfUtils.java:logGet(46)) - raft.server.log.appender.buffer.byte-limit = 33554432 (custom)
2023-07-25 10:56:44,701 [ab2ae7ff-5675-45b3-bfb0-4ee1241a3635-groupManagement] INFO  server.RaftServerConfigKeys (ConfUtils.java:logGet(46)) - raft.server.log.unsafe-flush.enabled = false (default)
2023-07-25 10:56:44,701 [ab2ae7ff-5675-45b3-bfb0-4ee1241a3635-groupManagement] INFO  server.RaftServerConfigKeys (ConfUtils.java:logGet(46)) - raft.server.log.async-flush.enabled = false (default)
2023-07-25 10:56:44,701 [ab2ae7ff-5675-45b3-bfb0-4ee1241a3635-groupManagement] INFO  server.RaftServerConfigKeys (ConfUtils.java:logGet(46)) - raft.server.log.statemachine.data.caching.enabled = true (custom)
2023-07-25 10:56:44,701 [ab2ae7ff-5675-45b3-bfb0-4ee1241a3635-groupManagement] INFO  segmented.SegmentedRaftLogWorker (SegmentedRaftLogWorker.java:lambda$new$0(135)) - ab2ae7ff-5675-45b3-bfb0-4ee1241a3635@group-3EF0DF633C12-SegmentedRaftLogWorker: flushIndex: setUnconditionally 0 -> -1
2023-07-25 10:56:44,701 [ab2ae7ff-5675-45b3-bfb0-4ee1241a3635-groupManagement] INFO  segmented.SegmentedRaftLogWorker (SegmentedRaftLogWorker.java:lambda$new$0(135)) - ab2ae7ff-5675-45b3-bfb0-4ee1241a3635@group-3EF0DF633C12-SegmentedRaftLogWorker: safeCacheEvictIndex: setUnconditionally 0 -> -1
2023-07-25 10:56:44,702 [ab2ae7ff-5675-45b3-bfb0-4ee1241a3635-groupManagement] INFO  server.RaftServer$Division (RaftServerImpl.java:start(342)) - ab2ae7ff-5675-45b3-bfb0-4ee1241a3635@group-3EF0DF633C12: start as a follower, conf=-1: peers:[ab2ae7ff-5675-45b3-bfb0-4ee1241a3635|rpc:10.1.0.57:15076|admin:10.1.0.57:15075|client:10.1.0.57:15074|dataStream:10.1.0.57:15077|priority:0|startupRole:FOLLOWER, 2ac24d38-c694-40fc-bc53-1be83d90b269|rpc:10.1.0.57:15067|admin:10.1.0.57:15066|client:10.1.0.57:15065|dataStream:10.1.0.57:15068|priority:1|startupRole:FOLLOWER, 2333f530-c3e7-4f84-815f-5beaea2403db|rpc:10.1.0.57:15085|admin:10.1.0.57:15084|client:10.1.0.57:15083|dataStream:10.1.0.57:15086|priority:0|startupRole:FOLLOWER]|listeners:[], old=null
2023-07-25 10:56:44,702 [ab2ae7ff-5675-45b3-bfb0-4ee1241a3635-groupManagement] INFO  server.RaftServer$Division (RaftServerImpl.java:setRole(329)) - ab2ae7ff-5675-45b3-bfb0-4ee1241a3635@group-3EF0DF633C12: changes role from      null to FOLLOWER at term 0 for startAsFollower
2023-07-25 10:56:44,702 [ab2ae7ff-5675-45b3-bfb0-4ee1241a3635-groupManagement] INFO  impl.RoleInfo (RoleInfo.java:updateAndGet(139)) - ab2ae7ff-5675-45b3-bfb0-4ee1241a3635: start ab2ae7ff-5675-45b3-bfb0-4ee1241a3635@group-3EF0DF633C12-FollowerState
2023-07-25 10:56:44,705 [ab2ae7ff-5675-45b3-bfb0-4ee1241a3635-groupManagement] INFO  util.JmxRegister (JmxRegister.java:tryRegister(44)) - Successfully registered JMX Bean with object name Ratis:service=RaftServer,group=group-3EF0DF633C12,id=ab2ae7ff-5675-45b3-bfb0-4ee1241a3635
2023-07-25 10:56:44,705 [ab2ae7ff-5675-45b3-bfb0-4ee1241a3635-groupManagement] INFO  server.RaftServerConfigKeys (ConfUtils.java:logGet(46)) - raft.server.snapshot.auto.trigger.enabled = true (custom)
2023-07-25 10:56:44,705 [ab2ae7ff-5675-45b3-bfb0-4ee1241a3635-groupManagement] INFO  server.RaftServerConfigKeys (ConfUtils.java:logGet(46)) - raft.server.snapshot.auto.trigger.threshold = 10000 (custom)
2023-07-25 10:56:44,705 [ab2ae7ff-5675-45b3-bfb0-4ee1241a3635-groupManagement] INFO  server.RaftServerConfigKeys (ConfUtils.java:logGet(46)) - raft.server.snapshot.retention.file.num = 5 (custom)
2023-07-25 10:56:44,705 [ab2ae7ff-5675-45b3-bfb0-4ee1241a3635-groupManagement] INFO  server.RaftServerConfigKeys (ConfUtils.java:logGet(46)) - raft.server.log.purge.upto.snapshot.index = false (default)
2023-07-25 10:56:44,706 [ab2ae7ff-5675-45b3-bfb0-4ee1241a3635@group-3EF0DF633C12-FollowerState] INFO  server.RaftServerConfigKeys (ConfUtils.java:logFallback(53)) - raft.server.rpc.first-election.timeout.min = 5s (fallback to raft.server.rpc.timeout.min)
2023-07-25 10:56:44,706 [ab2ae7ff-5675-45b3-bfb0-4ee1241a3635@group-3EF0DF633C12-FollowerState] INFO  server.RaftServerConfigKeys (ConfUtils.java:logFallback(53)) - raft.server.rpc.first-election.timeout.max = 5200ms (fallback to raft.server.rpc.timeout.max)
2023-07-25 10:56:44,712 [PipelineCommandHandlerThread-0] INFO  commandhandler.CreatePipelineCommandHandler (CreatePipelineCommandHandler.java:lambda$handle$2(124)) - Created Pipeline RATIS THREE PipelineID=14b2ae0b-e598-4241-bf0d-3ef0df633c12.
2023-07-25 10:56:44,712 [PipelineCommandHandlerThread-0] INFO  server.RaftServer (RaftServerProxy.java:addNew(98)) - 2ac24d38-c694-40fc-bc53-1be83d90b269: addNew group-27836B11CF00:[ab2ae7ff-5675-45b3-bfb0-4ee1241a3635|rpc:10.1.0.57:15076|admin:10.1.0.57:15075|client:10.1.0.57:15074|dataStream:10.1.0.57:15077|priority:0|startupRole:FOLLOWER, 2ac24d38-c694-40fc-bc53-1be83d90b269|rpc:10.1.0.57:15067|admin:10.1.0.57:15066|client:10.1.0.57:15065|dataStream:10.1.0.57:15068|priority:0|startupRole:FOLLOWER, 2333f530-c3e7-4f84-815f-5beaea2403db|rpc:10.1.0.57:15085|admin:10.1.0.57:15084|client:10.1.0.57:15083|dataStream:10.1.0.57:15086|priority:1|startupRole:FOLLOWER] returns group-27836B11CF00:java.util.concurrent.CompletableFuture@233ea8be[Not completed]
2023-07-25 10:56:44,716 [2ac24d38-c694-40fc-bc53-1be83d90b269-groupManagement] INFO  server.RaftServer$Division (RaftServerImpl.java:<init>(198)) - 2ac24d38-c694-40fc-bc53-1be83d90b269: new RaftServerImpl for group-27836B11CF00:[ab2ae7ff-5675-45b3-bfb0-4ee1241a3635|rpc:10.1.0.57:15076|admin:10.1.0.57:15075|client:10.1.0.57:15074|dataStream:10.1.0.57:15077|priority:0|startupRole:FOLLOWER, 2ac24d38-c694-40fc-bc53-1be83d90b269|rpc:10.1.0.57:15067|admin:10.1.0.57:15066|client:10.1.0.57:15065|dataStream:10.1.0.57:15068|priority:0|startupRole:FOLLOWER, 2333f530-c3e7-4f84-815f-5beaea2403db|rpc:10.1.0.57:15085|admin:10.1.0.57:15084|client:10.1.0.57:15083|dataStream:10.1.0.57:15086|priority:1|startupRole:FOLLOWER] with ContainerStateMachine:uninitialized
2023-07-25 10:56:44,716 [2ac24d38-c694-40fc-bc53-1be83d90b269-groupManagement] INFO  server.RaftServerConfigKeys (ConfUtils.java:logGet(46)) - raft.server.rpc.timeout.min = 5s (custom)
2023-07-25 10:56:44,716 [2ac24d38-c694-40fc-bc53-1be83d90b269-groupManagement] INFO  server.RaftServerConfigKeys (ConfUtils.java:logGet(46)) - raft.server.rpc.timeout.max = 5200ms (custom)
2023-07-25 10:56:44,716 [2ac24d38-c694-40fc-bc53-1be83d90b269-groupManagement] INFO  server.RaftServerConfigKeys (ConfUtils.java:logGet(46)) - raft.server.rpc.sleep.time = 25ms (default)
2023-07-25 10:56:44,716 [2ac24d38-c694-40fc-bc53-1be83d90b269-groupManagement] INFO  server.RaftServerConfigKeys (ConfUtils.java:logGet(46)) - raft.server.rpc.slowness.timeout = 300s (custom)
2023-07-25 10:56:44,716 [2ac24d38-c694-40fc-bc53-1be83d90b269-groupManagement] INFO  server.RaftServerConfigKeys (ConfUtils.java:logGet(46)) - raft.server.leaderelection.leader.step-down.wait-time = 10s (default)
2023-07-25 10:56:44,716 [2ac24d38-c694-40fc-bc53-1be83d90b269-groupManagement] INFO  server.RaftServerConfigKeys (ConfUtils.java:logGet(46)) - raft.server.sleep.deviation.threshold = 300ms (default)
2023-07-25 10:56:44,716 [2ac24d38-c694-40fc-bc53-1be83d90b269-groupManagement] INFO  server.RaftServer$Division (ServerState.java:<init>(120)) - 2ac24d38-c694-40fc-bc53-1be83d90b269@group-27836B11CF00: ConfigurationManager, init=-1: peers:[ab2ae7ff-5675-45b3-bfb0-4ee1241a3635|rpc:10.1.0.57:15076|admin:10.1.0.57:15075|client:10.1.0.57:15074|dataStream:10.1.0.57:15077|priority:0|startupRole:FOLLOWER, 2ac24d38-c694-40fc-bc53-1be83d90b269|rpc:10.1.0.57:15067|admin:10.1.0.57:15066|client:10.1.0.57:15065|dataStream:10.1.0.57:15068|priority:0|startupRole:FOLLOWER, 2333f530-c3e7-4f84-815f-5beaea2403db|rpc:10.1.0.57:15085|admin:10.1.0.57:15084|client:10.1.0.57:15083|dataStream:10.1.0.57:15086|priority:1|startupRole:FOLLOWER]|listeners:[], old=null, confs=<EMPTY_MAP>
2023-07-25 10:56:44,717 [2ac24d38-c694-40fc-bc53-1be83d90b269-groupManagement] INFO  server.RaftServerConfigKeys (ConfUtils.java:logGet(46)) - raft.server.storage.dir = [/home/runner/work/ozone/ozone/hadoop-ozone/integration-test/target/test-dir/MiniOzoneClusterImpl-c4e06dc0-ae81-4e14-96b7-eb66a98ebf91/datanode-0/data/ratis] (custom)
2023-07-25 10:56:44,717 [2ac24d38-c694-40fc-bc53-1be83d90b269-groupManagement] INFO  server.RaftServerConfigKeys (ConfUtils.java:logGet(46)) - raft.server.log.corruption.policy = EXCEPTION (default)
2023-07-25 10:56:44,717 [2ac24d38-c694-40fc-bc53-1be83d90b269-groupManagement] INFO  server.RaftServerConfigKeys (ConfUtils.java:logGet(46)) - raft.server.storage.free-space.min = 0MB (=0) (default)
2023-07-25 10:56:44,717 [2ac24d38-c694-40fc-bc53-1be83d90b269-groupManagement] INFO  server.RaftServerConfigKeys (ConfUtils.java:logGet(46)) - raft.server.notification.no-leader.timeout = 300s (custom)
2023-07-25 10:56:44,717 [2ac24d38-c694-40fc-bc53-1be83d90b269-groupManagement] INFO  server.RaftServerConfigKeys (ConfUtils.java:logGet(46)) - raft.server.read.timeout = 10s (default)
2023-07-25 10:56:44,717 [2ac24d38-c694-40fc-bc53-1be83d90b269-groupManagement] INFO  server.RaftServerConfigKeys (ConfUtils.java:logGet(46)) - raft.server.retrycache.expirytime = 600000ms (custom)
2023-07-25 10:56:44,717 [2ac24d38-c694-40fc-bc53-1be83d90b269-groupManagement] INFO  server.RaftServerConfigKeys (ConfUtils.java:logGet(46)) - raft.server.retrycache.statistics.expirytime = 100μs (default)
2023-07-25 10:56:44,717 [2ac24d38-c694-40fc-bc53-1be83d90b269-groupManagement] INFO  server.RaftServerConfigKeys (ConfUtils.java:logGet(46)) - raft.server.read.option = DEFAULT (default)
2023-07-25 10:56:44,718 [2ac24d38-c694-40fc-bc53-1be83d90b269-groupManagement] INFO  server.RaftServerConfigKeys (ConfUtils.java:logGet(46)) - raft.server.rpc.request.timeout = 60s (custom)
2023-07-25 10:56:44,718 [2ac24d38-c694-40fc-bc53-1be83d90b269-groupManagement] INFO  server.RaftServerConfigKeys (ConfUtils.java:logGet(46)) - raft.server.log.appender.install.snapshot.enabled = false (custom)
2023-07-25 10:56:44,718 [2ac24d38-c694-40fc-bc53-1be83d90b269-groupManagement] INFO  server.RaftServerConfigKeys (ConfUtils.java:logGet(46)) - raft.server.threadpool.server.cached = true (default)
2023-07-25 10:56:44,719 [2ac24d38-c694-40fc-bc53-1be83d90b269-groupManagement] INFO  server.RaftServerConfigKeys (ConfUtils.java:logGet(46)) - raft.server.threadpool.server.size = 0 (default)
2023-07-25 10:56:44,719 [2ac24d38-c694-40fc-bc53-1be83d90b269-groupManagement] INFO  server.RaftServerConfigKeys (ConfUtils.java:logGet(46)) - raft.server.threadpool.client.cached = true (default)
2023-07-25 10:56:44,719 [2ac24d38-c694-40fc-bc53-1be83d90b269-groupManagement] INFO  server.RaftServerConfigKeys (ConfUtils.java:logGet(46)) - raft.server.threadpool.client.size = 0 (default)
2023-07-25 10:56:44,719 [2ac24d38-c694-40fc-bc53-1be83d90b269-groupManagement] INFO  storage.RaftStorageDirectory (RaftStorageDirectoryImpl.java:analyzeStorage(137)) - The storage directory /home/runner/work/ozone/ozone/hadoop-ozone/integration-test/target/test-dir/MiniOzoneClusterImpl-c4e06dc0-ae81-4e14-96b7-eb66a98ebf91/datanode-0/data/ratis/8d93610f-074d-4469-929c-27836b11cf00 does not exist. Creating ...
2023-07-25 10:56:44,721 [2ac24d38-c694-40fc-bc53-1be83d90b269-groupManagement] INFO  storage.RaftStorageDirectory (RaftStorageDirectoryImpl.java:tryLock(231)) - Lock on /home/runner/work/ozone/ozone/hadoop-ozone/integration-test/target/test-dir/MiniOzoneClusterImpl-c4e06dc0-ae81-4e14-96b7-eb66a98ebf91/datanode-0/data/ratis/8d93610f-074d-4469-929c-27836b11cf00/in_use.lock acquired by nodename 12703@fv-az82-323
2023-07-25 10:56:44,723 [2ac24d38-c694-40fc-bc53-1be83d90b269-groupManagement] INFO  storage.RaftStorage (RaftStorageImpl.java:format(96)) - Storage directory /home/runner/work/ozone/ozone/hadoop-ozone/integration-test/target/test-dir/MiniOzoneClusterImpl-c4e06dc0-ae81-4e14-96b7-eb66a98ebf91/datanode-0/data/ratis/8d93610f-074d-4469-929c-27836b11cf00 has been successfully formatted.
2023-07-25 10:56:44,725 [2ac24d38-c694-40fc-bc53-1be83d90b269-groupManagement] INFO  ratis.ContainerStateMachine (ContainerStateMachine.java:loadSnapshot(262)) - group-27836B11CF00: The snapshot info is null. Setting the last applied indexto:(t:0, i:~)
2023-07-25 10:56:44,725 [2ac24d38-c694-40fc-bc53-1be83d90b269-groupManagement] INFO  server.RaftServerConfigKeys (ConfUtils.java:logGet(46)) - raft.server.log.use.memory = false (default)
2023-07-25 10:56:44,726 [EventQueue-OpenPipelineForHealthyPipelineSafeModeRule] INFO  safemode.SCMSafeModeManager (HealthyPipelineSafeModeRule.java:process(137)) - SCM in safe mode. Healthy pipelines reported count is 0, required healthy pipeline reported count is 1
2023-07-25 10:56:44,726 [2ac24d38-c694-40fc-bc53-1be83d90b269-groupManagement] INFO  server.RaftServerConfigKeys (ConfUtils.java:logGet(46)) - raft.server.log.purge.gap = 1000000 (custom)
2023-07-25 10:56:44,727 [2ac24d38-c694-40fc-bc53-1be83d90b269-groupManagement] INFO  server.RaftServerConfigKeys (ConfUtils.java:logGet(46)) - raft.server.log.appender.buffer.byte-limit = 33554432 (custom)
2023-07-25 10:56:44,727 [2ac24d38-c694-40fc-bc53-1be83d90b269-groupManagement] INFO  server.RaftServerConfigKeys (ConfUtils.java:logGet(46)) - raft.server.log.statemachine.data.read.timeout = 1000ms (default)
2023-07-25 10:56:44,727 [2ac24d38-c694-40fc-bc53-1be83d90b269-groupManagement] INFO  server.RaftServerConfigKeys (ConfUtils.java:logGet(46)) - raft.server.log.purge.preservation.log.num = 0 (default)
2023-07-25 10:56:44,727 [2ac24d38-c694-40fc-bc53-1be83d90b269-groupManagement] INFO  server.RaftServerConfigKeys (ConfUtils.java:logGet(46)) - raft.server.log.segment.size.max = 1048576 (custom)
2023-07-25 10:56:44,727 [2ac24d38-c694-40fc-bc53-1be83d90b269-groupManagement] INFO  server.RaftServerConfigKeys (ConfUtils.java:logGet(46)) - raft.server.log.segment.cache.num.max = 2 (custom)
2023-07-25 10:56:44,727 [2ac24d38-c694-40fc-bc53-1be83d90b269-groupManagement] INFO  server.RaftServerConfigKeys (ConfUtils.java:logGet(46)) - raft.server.log.segment.cache.size.max = 200MB (=209715200) (default)
2023-07-25 10:56:44,730 [2ac24d38-c694-40fc-bc53-1be83d90b269-groupManagement] INFO  server.RaftServerConfigKeys (ConfUtils.java:logGet(46)) - raft.server.log.appender.buffer.byte-limit = 33554432 (custom)
2023-07-25 10:56:44,730 [2ac24d38-c694-40fc-bc53-1be83d90b269-groupManagement] INFO  segmented.SegmentedRaftLogWorker (SegmentedRaftLogWorker.java:<init>(188)) - new 2ac24d38-c694-40fc-bc53-1be83d90b269@group-27836B11CF00-SegmentedRaftLogWorker for RaftStorageImpl:Storage Directory /home/runner/work/ozone/ozone/hadoop-ozone/integration-test/target/test-dir/MiniOzoneClusterImpl-c4e06dc0-ae81-4e14-96b7-eb66a98ebf91/datanode-0/data/ratis/8d93610f-074d-4469-929c-27836b11cf00
2023-07-25 10:56:44,730 [2ac24d38-c694-40fc-bc53-1be83d90b269-groupManagement] INFO  server.RaftServerConfigKeys (ConfUtils.java:logGet(46)) - raft.server.log.queue.byte-limit = 4294967296 (custom)
2023-07-25 10:56:44,730 [2ac24d38-c694-40fc-bc53-1be83d90b269-groupManagement] INFO  server.RaftServerConfigKeys (ConfUtils.java:logGet(46)) - raft.server.log.queue.element-limit = 1024 (custom)
2023-07-25 10:56:44,730 [2ac24d38-c694-40fc-bc53-1be83d90b269-groupManagement] INFO  server.RaftServerConfigKeys (ConfUtils.java:logGet(46)) - raft.server.log.segment.size.max = 1048576 (custom)
2023-07-25 10:56:44,730 [2ac24d38-c694-40fc-bc53-1be83d90b269-groupManagement] INFO  server.RaftServerConfigKeys (ConfUtils.java:logGet(46)) - raft.server.log.preallocated.size = 16384 (custom)
2023-07-25 10:56:44,730 [2ac24d38-c694-40fc-bc53-1be83d90b269-groupManagement] INFO  server.RaftServerConfigKeys (ConfUtils.java:logGet(46)) - raft.server.log.force.sync.num = 128 (default)
2023-07-25 10:56:44,730 [2ac24d38-c694-40fc-bc53-1be83d90b269-groupManagement] INFO  server.RaftServerConfigKeys (ConfUtils.java:logGet(46)) - raft.server.log.statemachine.data.sync = true (default)
2023-07-25 10:56:44,730 [2ac24d38-c694-40fc-bc53-1be83d90b269-groupManagement] INFO  server.RaftServerConfigKeys (ConfUtils.java:logGet(46)) - raft.server.log.statemachine.data.sync.timeout = 10s (default)
2023-07-25 10:56:44,730 [2ac24d38-c694-40fc-bc53-1be83d90b269-groupManagement] INFO  server.RaftServerConfigKeys (ConfUtils.java:logGet(46)) - raft.server.log.statemachine.data.sync.timeout.retry = -1 (default)
2023-07-25 10:56:44,732 [2ac24d38-c694-40fc-bc53-1be83d90b269-groupManagement] INFO  server.RaftServerConfigKeys (ConfUtils.java:logGet(46)) - raft.server.log.write.buffer.size = 1048576 (custom)
2023-07-25 10:56:44,732 [2ac24d38-c694-40fc-bc53-1be83d90b269-groupManagement] INFO  server.RaftServerConfigKeys (ConfUtils.java:logGet(46)) - raft.server.log.appender.buffer.byte-limit = 33554432 (custom)
2023-07-25 10:56:44,742 [2ac24d38-c694-40fc-bc53-1be83d90b269-groupManagement] INFO  server.RaftServerConfigKeys (ConfUtils.java:logGet(46)) - raft.server.log.unsafe-flush.enabled = false (default)
2023-07-25 10:56:44,742 [2ac24d38-c694-40fc-bc53-1be83d90b269-groupManagement] INFO  server.RaftServerConfigKeys (ConfUtils.java:logGet(46)) - raft.server.log.async-flush.enabled = false (default)
2023-07-25 10:56:44,742 [2ac24d38-c694-40fc-bc53-1be83d90b269-groupManagement] INFO  server.RaftServerConfigKeys (ConfUtils.java:logGet(46)) - raft.server.log.statemachine.data.caching.enabled = true (custom)
2023-07-25 10:56:44,742 [2ac24d38-c694-40fc-bc53-1be83d90b269-groupManagement] INFO  segmented.SegmentedRaftLogWorker (SegmentedRaftLogWorker.java:lambda$new$0(135)) - 2ac24d38-c694-40fc-bc53-1be83d90b269@group-27836B11CF00-SegmentedRaftLogWorker: flushIndex: setUnconditionally 0 -> -1
2023-07-25 10:56:44,742 [2ac24d38-c694-40fc-bc53-1be83d90b269-groupManagement] INFO  segmented.SegmentedRaftLogWorker (SegmentedRaftLogWorker.java:lambda$new$0(135)) - 2ac24d38-c694-40fc-bc53-1be83d90b269@group-27836B11CF00-SegmentedRaftLogWorker: safeCacheEvictIndex: setUnconditionally 0 -> -1
2023-07-25 10:56:44,743 [2ac24d38-c694-40fc-bc53-1be83d90b269-groupManagement] INFO  server.RaftServer$Division (RaftServerImpl.java:start(342)) - 2ac24d38-c694-40fc-bc53-1be83d90b269@group-27836B11CF00: start as a follower, conf=-1: peers:[ab2ae7ff-5675-45b3-bfb0-4ee1241a3635|rpc:10.1.0.57:15076|admin:10.1.0.57:15075|client:10.1.0.57:15074|dataStream:10.1.0.57:15077|priority:0|startupRole:FOLLOWER, 2ac24d38-c694-40fc-bc53-1be83d90b269|rpc:10.1.0.57:15067|admin:10.1.0.57:15066|client:10.1.0.57:15065|dataStream:10.1.0.57:15068|priority:0|startupRole:FOLLOWER, 2333f530-c3e7-4f84-815f-5beaea2403db|rpc:10.1.0.57:15085|admin:10.1.0.57:15084|client:10.1.0.57:15083|dataStream:10.1.0.57:15086|priority:1|startupRole:FOLLOWER]|listeners:[], old=null
2023-07-25 10:56:44,743 [2ac24d38-c694-40fc-bc53-1be83d90b269-groupManagement] INFO  server.RaftServer$Division (RaftServerImpl.java:setRole(329)) - 2ac24d38-c694-40fc-bc53-1be83d90b269@group-27836B11CF00: changes role from      null to FOLLOWER at term 0 for startAsFollower
2023-07-25 10:56:44,743 [2ac24d38-c694-40fc-bc53-1be83d90b269-groupManagement] INFO  impl.RoleInfo (RoleInfo.java:updateAndGet(139)) - 2ac24d38-c694-40fc-bc53-1be83d90b269: start 2ac24d38-c694-40fc-bc53-1be83d90b269@group-27836B11CF00-FollowerState
2023-07-25 10:56:44,743 [2ac24d38-c694-40fc-bc53-1be83d90b269@group-27836B11CF00-FollowerState] INFO  server.RaftServerConfigKeys (ConfUtils.java:logFallback(53)) - raft.server.rpc.first-election.timeout.min = 5s (fallback to raft.server.rpc.timeout.min)
2023-07-25 10:56:44,743 [2ac24d38-c694-40fc-bc53-1be83d90b269-groupManagement] INFO  util.JmxRegister (JmxRegister.java:tryRegister(44)) - Successfully registered JMX Bean with object name Ratis:service=RaftServer,group=group-27836B11CF00,id=2ac24d38-c694-40fc-bc53-1be83d90b269
2023-07-25 10:56:44,743 [2ac24d38-c694-40fc-bc53-1be83d90b269@group-27836B11CF00-FollowerState] INFO  server.RaftServerConfigKeys (ConfUtils.java:logFallback(53)) - raft.server.rpc.first-election.timeout.max = 5200ms (fallback to raft.server.rpc.timeout.max)
2023-07-25 10:56:44,743 [2ac24d38-c694-40fc-bc53-1be83d90b269-groupManagement] INFO  server.RaftServerConfigKeys (ConfUtils.java:logGet(46)) - raft.server.snapshot.auto.trigger.enabled = true (custom)
2023-07-25 10:56:44,743 [2ac24d38-c694-40fc-bc53-1be83d90b269-groupManagement] INFO  server.RaftServerConfigKeys (ConfUtils.java:logGet(46)) - raft.server.snapshot.auto.trigger.threshold = 10000 (custom)
2023-07-25 10:56:44,743 [2ac24d38-c694-40fc-bc53-1be83d90b269-groupManagement] INFO  server.RaftServerConfigKeys (ConfUtils.java:logGet(46)) - raft.server.snapshot.retention.file.num = 5 (custom)
2023-07-25 10:56:44,744 [2ac24d38-c694-40fc-bc53-1be83d90b269-groupManagement] INFO  server.RaftServerConfigKeys (ConfUtils.java:logGet(46)) - raft.server.log.purge.upto.snapshot.index = false (default)
2023-07-25 10:56:44,744 [PipelineCommandHandlerThread-0] INFO  ratis.XceiverServerRatis (XceiverServerRatis.java:addGroup(804)) - Created group PipelineID=8d93610f-074d-4469-929c-27836b11cf00
2023-07-25 10:56:44,756 [grpc-default-executor-8] INFO  server.RaftServer (RaftServerProxy.java:addNew(98)) - ab2ae7ff-5675-45b3-bfb0-4ee1241a3635: addNew group-27836B11CF00:[ab2ae7ff-5675-45b3-bfb0-4ee1241a3635|rpc:10.1.0.57:15076|admin:10.1.0.57:15075|client:10.1.0.57:15074|dataStream:10.1.0.57:15077|priority:0|startupRole:FOLLOWER, 2ac24d38-c694-40fc-bc53-1be83d90b269|rpc:10.1.0.57:15067|admin:10.1.0.57:15066|client:10.1.0.57:15065|dataStream:10.1.0.57:15068|priority:0|startupRole:FOLLOWER, 2333f530-c3e7-4f84-815f-5beaea2403db|rpc:10.1.0.57:15085|admin:10.1.0.57:15084|client:10.1.0.57:15083|dataStream:10.1.0.57:15086|priority:1|startupRole:FOLLOWER] returns group-27836B11CF00:java.util.concurrent.CompletableFuture@1edc78ae[Not completed]
2023-07-25 10:56:44,757 [ab2ae7ff-5675-45b3-bfb0-4ee1241a3635-groupManagement] INFO  server.RaftServer$Division (RaftServerImpl.java:<init>(198)) - ab2ae7ff-5675-45b3-bfb0-4ee1241a3635: new RaftServerImpl for group-27836B11CF00:[ab2ae7ff-5675-45b3-bfb0-4ee1241a3635|rpc:10.1.0.57:15076|admin:10.1.0.57:15075|client:10.1.0.57:15074|dataStream:10.1.0.57:15077|priority:0|startupRole:FOLLOWER, 2ac24d38-c694-40fc-bc53-1be83d90b269|rpc:10.1.0.57:15067|admin:10.1.0.57:15066|client:10.1.0.57:15065|dataStream:10.1.0.57:15068|priority:0|startupRole:FOLLOWER, 2333f530-c3e7-4f84-815f-5beaea2403db|rpc:10.1.0.57:15085|admin:10.1.0.57:15084|client:10.1.0.57:15083|dataStream:10.1.0.57:15086|priority:1|startupRole:FOLLOWER] with ContainerStateMachine:uninitialized
2023-07-25 10:56:44,757 [ab2ae7ff-5675-45b3-bfb0-4ee1241a3635-groupManagement] INFO  server.RaftServerConfigKeys (ConfUtils.java:logGet(46)) - raft.server.rpc.timeout.min = 5s (custom)
2023-07-25 10:56:44,758 [ab2ae7ff-5675-45b3-bfb0-4ee1241a3635-groupManagement] INFO  server.RaftServerConfigKeys (ConfUtils.java:logGet(46)) - raft.server.rpc.timeout.max = 5200ms (custom)
2023-07-25 10:56:44,758 [ab2ae7ff-5675-45b3-bfb0-4ee1241a3635-groupManagement] INFO  server.RaftServerConfigKeys (ConfUtils.java:logGet(46)) - raft.server.rpc.sleep.time = 25ms (default)
2023-07-25 10:56:44,758 [ab2ae7ff-5675-45b3-bfb0-4ee1241a3635-groupManagement] INFO  server.RaftServerConfigKeys (ConfUtils.java:logGet(46)) - raft.server.rpc.slowness.timeout = 300s (custom)
2023-07-25 10:56:44,758 [ab2ae7ff-5675-45b3-bfb0-4ee1241a3635-groupManagement] INFO  server.RaftServerConfigKeys (ConfUtils.java:logGet(46)) - raft.server.leaderelection.leader.step-down.wait-time = 10s (default)
2023-07-25 10:56:44,758 [ab2ae7ff-5675-45b3-bfb0-4ee1241a3635-groupManagement] INFO  server.RaftServerConfigKeys (ConfUtils.java:logGet(46)) - raft.server.sleep.deviation.threshold = 300ms (default)
2023-07-25 10:56:44,758 [ab2ae7ff-5675-45b3-bfb0-4ee1241a3635-groupManagement] INFO  server.RaftServer$Division (ServerState.java:<init>(120)) - ab2ae7ff-5675-45b3-bfb0-4ee1241a3635@group-27836B11CF00: ConfigurationManager, init=-1: peers:[ab2ae7ff-5675-45b3-bfb0-4ee1241a3635|rpc:10.1.0.57:15076|admin:10.1.0.57:15075|client:10.1.0.57:15074|dataStream:10.1.0.57:15077|priority:0|startupRole:FOLLOWER, 2ac24d38-c694-40fc-bc53-1be83d90b269|rpc:10.1.0.57:15067|admin:10.1.0.57:15066|client:10.1.0.57:15065|dataStream:10.1.0.57:15068|priority:0|startupRole:FOLLOWER, 2333f530-c3e7-4f84-815f-5beaea2403db|rpc:10.1.0.57:15085|admin:10.1.0.57:15084|client:10.1.0.57:15083|dataStream:10.1.0.57:15086|priority:1|startupRole:FOLLOWER]|listeners:[], old=null, confs=<EMPTY_MAP>
2023-07-25 10:56:44,758 [ab2ae7ff-5675-45b3-bfb0-4ee1241a3635-groupManagement] INFO  server.RaftServerConfigKeys (ConfUtils.java:logGet(46)) - raft.server.storage.dir = [/home/runner/work/ozone/ozone/hadoop-ozone/integration-test/target/test-dir/MiniOzoneClusterImpl-c4e06dc0-ae81-4e14-96b7-eb66a98ebf91/datanode-1/data/ratis] (custom)
2023-07-25 10:56:44,758 [ab2ae7ff-5675-45b3-bfb0-4ee1241a3635-groupManagement] INFO  server.RaftServerConfigKeys (ConfUtils.java:logGet(46)) - raft.server.log.corruption.policy = EXCEPTION (default)
2023-07-25 10:56:44,758 [ab2ae7ff-5675-45b3-bfb0-4ee1241a3635-groupManagement] INFO  server.RaftServerConfigKeys (ConfUtils.java:logGet(46)) - raft.server.storage.free-space.min = 0MB (=0) (default)
2023-07-25 10:56:44,758 [ab2ae7ff-5675-45b3-bfb0-4ee1241a3635-groupManagement] INFO  server.RaftServerConfigKeys (ConfUtils.java:logGet(46)) - raft.server.notification.no-leader.timeout = 300s (custom)
2023-07-25 10:56:44,758 [ab2ae7ff-5675-45b3-bfb0-4ee1241a3635-groupManagement] INFO  server.RaftServerConfigKeys (ConfUtils.java:logGet(46)) - raft.server.read.timeout = 10s (default)
2023-07-25 10:56:44,758 [ab2ae7ff-5675-45b3-bfb0-4ee1241a3635-groupManagement] INFO  server.RaftServerConfigKeys (ConfUtils.java:logGet(46)) - raft.server.retrycache.expirytime = 600000ms (custom)
2023-07-25 10:56:44,758 [ab2ae7ff-5675-45b3-bfb0-4ee1241a3635-groupManagement] INFO  server.RaftServerConfigKeys (ConfUtils.java:logGet(46)) - raft.server.retrycache.statistics.expirytime = 100μs (default)
2023-07-25 10:56:44,759 [ab2ae7ff-5675-45b3-bfb0-4ee1241a3635-groupManagement] INFO  server.RaftServerConfigKeys (ConfUtils.java:logGet(46)) - raft.server.read.option = DEFAULT (default)
2023-07-25 10:56:44,759 [ab2ae7ff-5675-45b3-bfb0-4ee1241a3635-groupManagement] INFO  server.RaftServerConfigKeys (ConfUtils.java:logGet(46)) - raft.server.rpc.request.timeout = 60s (custom)
2023-07-25 10:56:44,760 [ab2ae7ff-5675-45b3-bfb0-4ee1241a3635-groupManagement] INFO  server.RaftServerConfigKeys (ConfUtils.java:logGet(46)) - raft.server.log.appender.install.snapshot.enabled = false (custom)
2023-07-25 10:56:44,760 [ab2ae7ff-5675-45b3-bfb0-4ee1241a3635-groupManagement] INFO  server.RaftServerConfigKeys (ConfUtils.java:logGet(46)) - raft.server.threadpool.server.cached = true (default)
2023-07-25 10:56:44,760 [ab2ae7ff-5675-45b3-bfb0-4ee1241a3635-groupManagement] INFO  server.RaftServerConfigKeys (ConfUtils.java:logGet(46)) - raft.server.threadpool.server.size = 0 (default)
2023-07-25 10:56:44,760 [ab2ae7ff-5675-45b3-bfb0-4ee1241a3635-groupManagement] INFO  server.RaftServerConfigKeys (ConfUtils.java:logGet(46)) - raft.server.threadpool.client.cached = true (default)
2023-07-25 10:56:44,760 [ab2ae7ff-5675-45b3-bfb0-4ee1241a3635-groupManagement] INFO  server.RaftServerConfigKeys (ConfUtils.java:logGet(46)) - raft.server.threadpool.client.size = 0 (default)
2023-07-25 10:56:44,760 [ab2ae7ff-5675-45b3-bfb0-4ee1241a3635-groupManagement] INFO  storage.RaftStorageDirectory (RaftStorageDirectoryImpl.java:analyzeStorage(137)) - The storage directory /home/runner/work/ozone/ozone/hadoop-ozone/integration-test/target/test-dir/MiniOzoneClusterImpl-c4e06dc0-ae81-4e14-96b7-eb66a98ebf91/datanode-1/data/ratis/8d93610f-074d-4469-929c-27836b11cf00 does not exist. Creating ...
2023-07-25 10:56:44,763 [ab2ae7ff-5675-45b3-bfb0-4ee1241a3635-groupManagement] INFO  storage.RaftStorageDirectory (RaftStorageDirectoryImpl.java:tryLock(231)) - Lock on /home/runner/work/ozone/ozone/hadoop-ozone/integration-test/target/test-dir/MiniOzoneClusterImpl-c4e06dc0-ae81-4e14-96b7-eb66a98ebf91/datanode-1/data/ratis/8d93610f-074d-4469-929c-27836b11cf00/in_use.lock acquired by nodename 12703@fv-az82-323
2023-07-25 10:56:44,765 [ab2ae7ff-5675-45b3-bfb0-4ee1241a3635-groupManagement] INFO  storage.RaftStorage (RaftStorageImpl.java:format(96)) - Storage directory /home/runner/work/ozone/ozone/hadoop-ozone/integration-test/target/test-dir/MiniOzoneClusterImpl-c4e06dc0-ae81-4e14-96b7-eb66a98ebf91/datanode-1/data/ratis/8d93610f-074d-4469-929c-27836b11cf00 has been successfully formatted.
2023-07-25 10:56:44,765 [ab2ae7ff-5675-45b3-bfb0-4ee1241a3635-groupManagement] INFO  ratis.ContainerStateMachine (ContainerStateMachine.java:loadSnapshot(262)) - group-27836B11CF00: The snapshot info is null. Setting the last applied indexto:(t:0, i:~)
2023-07-25 10:56:44,765 [ab2ae7ff-5675-45b3-bfb0-4ee1241a3635-groupManagement] INFO  server.RaftServerConfigKeys (ConfUtils.java:logGet(46)) - raft.server.log.use.memory = false (default)
2023-07-25 10:56:44,765 [ab2ae7ff-5675-45b3-bfb0-4ee1241a3635-groupManagement] INFO  server.RaftServerConfigKeys (ConfUtils.java:logGet(46)) - raft.server.log.purge.gap = 1000000 (custom)
2023-07-25 10:56:44,766 [ab2ae7ff-5675-45b3-bfb0-4ee1241a3635-groupManagement] INFO  server.RaftServerConfigKeys (ConfUtils.java:logGet(46)) - raft.server.log.appender.buffer.byte-limit = 33554432 (custom)
2023-07-25 10:56:44,767 [ab2ae7ff-5675-45b3-bfb0-4ee1241a3635-groupManagement] INFO  server.RaftServerConfigKeys (ConfUtils.java:logGet(46)) - raft.server.log.statemachine.data.read.timeout = 1000ms (default)
2023-07-25 10:56:44,767 [ab2ae7ff-5675-45b3-bfb0-4ee1241a3635-groupManagement] INFO  server.RaftServerConfigKeys (ConfUtils.java:logGet(46)) - raft.server.log.purge.preservation.log.num = 0 (default)
2023-07-25 10:56:44,767 [ab2ae7ff-5675-45b3-bfb0-4ee1241a3635-groupManagement] INFO  server.RaftServerConfigKeys (ConfUtils.java:logGet(46)) - raft.server.log.segment.size.max = 1048576 (custom)
2023-07-25 10:56:44,767 [ab2ae7ff-5675-45b3-bfb0-4ee1241a3635-groupManagement] INFO  server.RaftServerConfigKeys (ConfUtils.java:logGet(46)) - raft.server.log.segment.cache.num.max = 2 (custom)
2023-07-25 10:56:44,767 [ab2ae7ff-5675-45b3-bfb0-4ee1241a3635-groupManagement] INFO  server.RaftServerConfigKeys (ConfUtils.java:logGet(46)) - raft.server.log.segment.cache.size.max = 200MB (=209715200) (default)
2023-07-25 10:56:44,767 [ab2ae7ff-5675-45b3-bfb0-4ee1241a3635-groupManagement] INFO  server.RaftServerConfigKeys (ConfUtils.java:logGet(46)) - raft.server.log.appender.buffer.byte-limit = 33554432 (custom)
2023-07-25 10:56:44,768 [ab2ae7ff-5675-45b3-bfb0-4ee1241a3635-groupManagement] INFO  segmented.SegmentedRaftLogWorker (SegmentedRaftLogWorker.java:<init>(188)) - new ab2ae7ff-5675-45b3-bfb0-4ee1241a3635@group-27836B11CF00-SegmentedRaftLogWorker for RaftStorageImpl:Storage Directory /home/runner/work/ozone/ozone/hadoop-ozone/integration-test/target/test-dir/MiniOzoneClusterImpl-c4e06dc0-ae81-4e14-96b7-eb66a98ebf91/datanode-1/data/ratis/8d93610f-074d-4469-929c-27836b11cf00
2023-07-25 10:56:44,768 [ab2ae7ff-5675-45b3-bfb0-4ee1241a3635-groupManagement] INFO  server.RaftServerConfigKeys (ConfUtils.java:logGet(46)) - raft.server.log.queue.byte-limit = 4294967296 (custom)
2023-07-25 10:56:44,768 [ab2ae7ff-5675-45b3-bfb0-4ee1241a3635-groupManagement] INFO  server.RaftServerConfigKeys (ConfUtils.java:logGet(46)) - raft.server.log.queue.element-limit = 1024 (custom)
2023-07-25 10:56:44,768 [ab2ae7ff-5675-45b3-bfb0-4ee1241a3635-groupManagement] INFO  server.RaftServerConfigKeys (ConfUtils.java:logGet(46)) - raft.server.log.segment.size.max = 1048576 (custom)
2023-07-25 10:56:44,768 [ab2ae7ff-5675-45b3-bfb0-4ee1241a3635-groupManagement] INFO  server.RaftServerConfigKeys (ConfUtils.java:logGet(46)) - raft.server.log.preallocated.size = 16384 (custom)
2023-07-25 10:56:44,768 [ab2ae7ff-5675-45b3-bfb0-4ee1241a3635-groupManagement] INFO  server.RaftServerConfigKeys (ConfUtils.java:logGet(46)) - raft.server.log.force.sync.num = 128 (default)
2023-07-25 10:56:44,768 [ab2ae7ff-5675-45b3-bfb0-4ee1241a3635-groupManagement] INFO  server.RaftServerConfigKeys (ConfUtils.java:logGet(46)) - raft.server.log.statemachine.data.sync = true (default)
2023-07-25 10:56:44,768 [ab2ae7ff-5675-45b3-bfb0-4ee1241a3635-groupManagement] INFO  server.RaftServerConfigKeys (ConfUtils.java:logGet(46)) - raft.server.log.statemachine.data.sync.timeout = 10s (default)
2023-07-25 10:56:44,768 [ab2ae7ff-5675-45b3-bfb0-4ee1241a3635-groupManagement] INFO  server.RaftServerConfigKeys (ConfUtils.java:logGet(46)) - raft.server.log.statemachine.data.sync.timeout.retry = -1 (default)
2023-07-25 10:56:44,769 [ab2ae7ff-5675-45b3-bfb0-4ee1241a3635-groupManagement] INFO  server.RaftServerConfigKeys (ConfUtils.java:logGet(46)) - raft.server.log.write.buffer.size = 1048576 (custom)
2023-07-25 10:56:44,770 [ab2ae7ff-5675-45b3-bfb0-4ee1241a3635-groupManagement] INFO  server.RaftServerConfigKeys (ConfUtils.java:logGet(46)) - raft.server.log.appender.buffer.byte-limit = 33554432 (custom)
2023-07-25 10:56:44,776 [ab2ae7ff-5675-45b3-bfb0-4ee1241a3635-groupManagement] INFO  server.RaftServerConfigKeys (ConfUtils.java:logGet(46)) - raft.server.log.unsafe-flush.enabled = false (default)
2023-07-25 10:56:44,776 [ab2ae7ff-5675-45b3-bfb0-4ee1241a3635-groupManagement] INFO  server.RaftServerConfigKeys (ConfUtils.java:logGet(46)) - raft.server.log.async-flush.enabled = false (default)
2023-07-25 10:56:44,776 [ab2ae7ff-5675-45b3-bfb0-4ee1241a3635-groupManagement] INFO  server.RaftServerConfigKeys (ConfUtils.java:logGet(46)) - raft.server.log.statemachine.data.caching.enabled = true (custom)
2023-07-25 10:56:44,776 [ab2ae7ff-5675-45b3-bfb0-4ee1241a3635-groupManagement] INFO  segmented.SegmentedRaftLogWorker (SegmentedRaftLogWorker.java:lambda$new$0(135)) - ab2ae7ff-5675-45b3-bfb0-4ee1241a3635@group-27836B11CF00-SegmentedRaftLogWorker: flushIndex: setUnconditionally 0 -> -1
2023-07-25 10:56:44,776 [ab2ae7ff-5675-45b3-bfb0-4ee1241a3635-groupManagement] INFO  segmented.SegmentedRaftLogWorker (SegmentedRaftLogWorker.java:lambda$new$0(135)) - ab2ae7ff-5675-45b3-bfb0-4ee1241a3635@group-27836B11CF00-SegmentedRaftLogWorker: safeCacheEvictIndex: setUnconditionally 0 -> -1
2023-07-25 10:56:44,777 [ab2ae7ff-5675-45b3-bfb0-4ee1241a3635-groupManagement] INFO  server.RaftServer$Division (RaftServerImpl.java:start(342)) - ab2ae7ff-5675-45b3-bfb0-4ee1241a3635@group-27836B11CF00: start as a follower, conf=-1: peers:[ab2ae7ff-5675-45b3-bfb0-4ee1241a3635|rpc:10.1.0.57:15076|admin:10.1.0.57:15075|client:10.1.0.57:15074|dataStream:10.1.0.57:15077|priority:0|startupRole:FOLLOWER, 2ac24d38-c694-40fc-bc53-1be83d90b269|rpc:10.1.0.57:15067|admin:10.1.0.57:15066|client:10.1.0.57:15065|dataStream:10.1.0.57:15068|priority:0|startupRole:FOLLOWER, 2333f530-c3e7-4f84-815f-5beaea2403db|rpc:10.1.0.57:15085|admin:10.1.0.57:15084|client:10.1.0.57:15083|dataStream:10.1.0.57:15086|priority:1|startupRole:FOLLOWER]|listeners:[], old=null
2023-07-25 10:56:44,777 [ab2ae7ff-5675-45b3-bfb0-4ee1241a3635-groupManagement] INFO  server.RaftServer$Division (RaftServerImpl.java:setRole(329)) - ab2ae7ff-5675-45b3-bfb0-4ee1241a3635@group-27836B11CF00: changes role from      null to FOLLOWER at term 0 for startAsFollower
2023-07-25 10:56:44,777 [ab2ae7ff-5675-45b3-bfb0-4ee1241a3635-groupManagement] INFO  impl.RoleInfo (RoleInfo.java:updateAndGet(139)) - ab2ae7ff-5675-45b3-bfb0-4ee1241a3635: start ab2ae7ff-5675-45b3-bfb0-4ee1241a3635@group-27836B11CF00-FollowerState
2023-07-25 10:56:44,777 [ab2ae7ff-5675-45b3-bfb0-4ee1241a3635-groupManagement] INFO  util.JmxRegister (JmxRegister.java:tryRegister(44)) - Successfully registered JMX Bean with object name Ratis:service=RaftServer,group=group-27836B11CF00,id=ab2ae7ff-5675-45b3-bfb0-4ee1241a3635
2023-07-25 10:56:44,778 [ab2ae7ff-5675-45b3-bfb0-4ee1241a3635-groupManagement] INFO  server.RaftServerConfigKeys (ConfUtils.java:logGet(46)) - raft.server.snapshot.auto.trigger.enabled = true (custom)
2023-07-25 10:56:44,778 [ab2ae7ff-5675-45b3-bfb0-4ee1241a3635-groupManagement] INFO  server.RaftServerConfigKeys (ConfUtils.java:logGet(46)) - raft.server.snapshot.auto.trigger.threshold = 10000 (custom)
2023-07-25 10:56:44,778 [ab2ae7ff-5675-45b3-bfb0-4ee1241a3635@group-27836B11CF00-FollowerState] INFO  server.RaftServerConfigKeys (ConfUtils.java:logFallback(53)) - raft.server.rpc.first-election.timeout.min = 5s (fallback to raft.server.rpc.timeout.min)
2023-07-25 10:56:44,778 [ab2ae7ff-5675-45b3-bfb0-4ee1241a3635@group-27836B11CF00-FollowerState] INFO  server.RaftServerConfigKeys (ConfUtils.java:logFallback(53)) - raft.server.rpc.first-election.timeout.max = 5200ms (fallback to raft.server.rpc.timeout.max)
2023-07-25 10:56:44,778 [ab2ae7ff-5675-45b3-bfb0-4ee1241a3635-groupManagement] INFO  server.RaftServerConfigKeys (ConfUtils.java:logGet(46)) - raft.server.snapshot.retention.file.num = 5 (custom)
2023-07-25 10:56:44,778 [ab2ae7ff-5675-45b3-bfb0-4ee1241a3635-groupManagement] INFO  server.RaftServerConfigKeys (ConfUtils.java:logGet(46)) - raft.server.log.purge.upto.snapshot.index = false (default)
2023-07-25 10:56:44,797 [grpc-default-executor-8] INFO  server.RaftServer (RaftServerProxy.java:addNew(98)) - 2333f530-c3e7-4f84-815f-5beaea2403db: addNew group-27836B11CF00:[ab2ae7ff-5675-45b3-bfb0-4ee1241a3635|rpc:10.1.0.57:15076|admin:10.1.0.57:15075|client:10.1.0.57:15074|dataStream:10.1.0.57:15077|priority:0|startupRole:FOLLOWER, 2ac24d38-c694-40fc-bc53-1be83d90b269|rpc:10.1.0.57:15067|admin:10.1.0.57:15066|client:10.1.0.57:15065|dataStream:10.1.0.57:15068|priority:0|startupRole:FOLLOWER, 2333f530-c3e7-4f84-815f-5beaea2403db|rpc:10.1.0.57:15085|admin:10.1.0.57:15084|client:10.1.0.57:15083|dataStream:10.1.0.57:15086|priority:1|startupRole:FOLLOWER] returns group-27836B11CF00:java.util.concurrent.CompletableFuture@4079ecdc[Not completed]
2023-07-25 10:56:44,798 [2333f530-c3e7-4f84-815f-5beaea2403db-groupManagement] INFO  server.RaftServer$Division (RaftServerImpl.java:<init>(198)) - 2333f530-c3e7-4f84-815f-5beaea2403db: new RaftServerImpl for group-27836B11CF00:[ab2ae7ff-5675-45b3-bfb0-4ee1241a3635|rpc:10.1.0.57:15076|admin:10.1.0.57:15075|client:10.1.0.57:15074|dataStream:10.1.0.57:15077|priority:0|startupRole:FOLLOWER, 2ac24d38-c694-40fc-bc53-1be83d90b269|rpc:10.1.0.57:15067|admin:10.1.0.57:15066|client:10.1.0.57:15065|dataStream:10.1.0.57:15068|priority:0|startupRole:FOLLOWER, 2333f530-c3e7-4f84-815f-5beaea2403db|rpc:10.1.0.57:15085|admin:10.1.0.57:15084|client:10.1.0.57:15083|dataStream:10.1.0.57:15086|priority:1|startupRole:FOLLOWER] with ContainerStateMachine:uninitialized
2023-07-25 10:56:44,798 [2333f530-c3e7-4f84-815f-5beaea2403db-groupManagement] INFO  server.RaftServerConfigKeys (ConfUtils.java:logGet(46)) - raft.server.rpc.timeout.min = 5s (custom)
2023-07-25 10:56:44,798 [2333f530-c3e7-4f84-815f-5beaea2403db-groupManagement] INFO  server.RaftServerConfigKeys (ConfUtils.java:logGet(46)) - raft.server.rpc.timeout.max = 5200ms (custom)
2023-07-25 10:56:44,798 [2333f530-c3e7-4f84-815f-5beaea2403db-groupManagement] INFO  server.RaftServerConfigKeys (ConfUtils.java:logGet(46)) - raft.server.rpc.sleep.time = 25ms (default)
2023-07-25 10:56:44,798 [2333f530-c3e7-4f84-815f-5beaea2403db-groupManagement] INFO  server.RaftServerConfigKeys (ConfUtils.java:logGet(46)) - raft.server.rpc.slowness.timeout = 300s (custom)
2023-07-25 10:56:44,798 [2333f530-c3e7-4f84-815f-5beaea2403db-groupManagement] INFO  server.RaftServerConfigKeys (ConfUtils.java:logGet(46)) - raft.server.leaderelection.leader.step-down.wait-time = 10s (default)
2023-07-25 10:56:44,798 [2333f530-c3e7-4f84-815f-5beaea2403db-groupManagement] INFO  server.RaftServerConfigKeys (ConfUtils.java:logGet(46)) - raft.server.sleep.deviation.threshold = 300ms (default)
2023-07-25 10:56:44,798 [2333f530-c3e7-4f84-815f-5beaea2403db-groupManagement] INFO  server.RaftServer$Division (ServerState.java:<init>(120)) - 2333f530-c3e7-4f84-815f-5beaea2403db@group-27836B11CF00: ConfigurationManager, init=-1: peers:[ab2ae7ff-5675-45b3-bfb0-4ee1241a3635|rpc:10.1.0.57:15076|admin:10.1.0.57:15075|client:10.1.0.57:15074|dataStream:10.1.0.57:15077|priority:0|startupRole:FOLLOWER, 2ac24d38-c694-40fc-bc53-1be83d90b269|rpc:10.1.0.57:15067|admin:10.1.0.57:15066|client:10.1.0.57:15065|dataStream:10.1.0.57:15068|priority:0|startupRole:FOLLOWER, 2333f530-c3e7-4f84-815f-5beaea2403db|rpc:10.1.0.57:15085|admin:10.1.0.57:15084|client:10.1.0.57:15083|dataStream:10.1.0.57:15086|priority:1|startupRole:FOLLOWER]|listeners:[], old=null, confs=<EMPTY_MAP>
2023-07-25 10:56:44,798 [2333f530-c3e7-4f84-815f-5beaea2403db-groupManagement] INFO  server.RaftServerConfigKeys (ConfUtils.java:logGet(46)) - raft.server.storage.dir = [/home/runner/work/ozone/ozone/hadoop-ozone/integration-test/target/test-dir/MiniOzoneClusterImpl-c4e06dc0-ae81-4e14-96b7-eb66a98ebf91/datanode-2/data/ratis] (custom)
2023-07-25 10:56:44,799 [2333f530-c3e7-4f84-815f-5beaea2403db-groupManagement] INFO  server.RaftServerConfigKeys (ConfUtils.java:logGet(46)) - raft.server.log.corruption.policy = EXCEPTION (default)
2023-07-25 10:56:44,799 [2333f530-c3e7-4f84-815f-5beaea2403db-groupManagement] INFO  server.RaftServerConfigKeys (ConfUtils.java:logGet(46)) - raft.server.storage.free-space.min = 0MB (=0) (default)
2023-07-25 10:56:44,799 [2333f530-c3e7-4f84-815f-5beaea2403db-groupManagement] INFO  server.RaftServerConfigKeys (ConfUtils.java:logGet(46)) - raft.server.notification.no-leader.timeout = 300s (custom)
2023-07-25 10:56:44,799 [2333f530-c3e7-4f84-815f-5beaea2403db-groupManagement] INFO  server.RaftServerConfigKeys (ConfUtils.java:logGet(46)) - raft.server.read.timeout = 10s (default)
2023-07-25 10:56:44,799 [2333f530-c3e7-4f84-815f-5beaea2403db-groupManagement] INFO  server.RaftServerConfigKeys (ConfUtils.java:logGet(46)) - raft.server.retrycache.expirytime = 600000ms (custom)
2023-07-25 10:56:44,799 [2333f530-c3e7-4f84-815f-5beaea2403db-groupManagement] INFO  server.RaftServerConfigKeys (ConfUtils.java:logGet(46)) - raft.server.retrycache.statistics.expirytime = 100μs (default)
2023-07-25 10:56:44,799 [2333f530-c3e7-4f84-815f-5beaea2403db-groupManagement] INFO  server.RaftServerConfigKeys (ConfUtils.java:logGet(46)) - raft.server.read.option = DEFAULT (default)
2023-07-25 10:56:44,800 [2333f530-c3e7-4f84-815f-5beaea2403db-groupManagement] INFO  server.RaftServerConfigKeys (ConfUtils.java:logGet(46)) - raft.server.rpc.request.timeout = 60s (custom)
2023-07-25 10:56:44,800 [2333f530-c3e7-4f84-815f-5beaea2403db-groupManagement] INFO  server.RaftServerConfigKeys (ConfUtils.java:logGet(46)) - raft.server.log.appender.install.snapshot.enabled = false (custom)
2023-07-25 10:56:44,800 [2333f530-c3e7-4f84-815f-5beaea2403db-groupManagement] INFO  server.RaftServerConfigKeys (ConfUtils.java:logGet(46)) - raft.server.threadpool.server.cached = true (default)
2023-07-25 10:56:44,800 [2333f530-c3e7-4f84-815f-5beaea2403db-groupManagement] INFO  server.RaftServerConfigKeys (ConfUtils.java:logGet(46)) - raft.server.threadpool.server.size = 0 (default)
2023-07-25 10:56:44,800 [2333f530-c3e7-4f84-815f-5beaea2403db-groupManagement] INFO  server.RaftServerConfigKeys (ConfUtils.java:logGet(46)) - raft.server.threadpool.client.cached = true (default)
2023-07-25 10:56:44,800 [2333f530-c3e7-4f84-815f-5beaea2403db-groupManagement] INFO  server.RaftServerConfigKeys (ConfUtils.java:logGet(46)) - raft.server.threadpool.client.size = 0 (default)
2023-07-25 10:56:44,801 [2333f530-c3e7-4f84-815f-5beaea2403db-groupManagement] INFO  storage.RaftStorageDirectory (RaftStorageDirectoryImpl.java:analyzeStorage(137)) - The storage directory /home/runner/work/ozone/ozone/hadoop-ozone/integration-test/target/test-dir/MiniOzoneClusterImpl-c4e06dc0-ae81-4e14-96b7-eb66a98ebf91/datanode-2/data/ratis/8d93610f-074d-4469-929c-27836b11cf00 does not exist. Creating ...
2023-07-25 10:56:44,802 [2333f530-c3e7-4f84-815f-5beaea2403db-groupManagement] INFO  storage.RaftStorageDirectory (RaftStorageDirectoryImpl.java:tryLock(231)) - Lock on /home/runner/work/ozone/ozone/hadoop-ozone/integration-test/target/test-dir/MiniOzoneClusterImpl-c4e06dc0-ae81-4e14-96b7-eb66a98ebf91/datanode-2/data/ratis/8d93610f-074d-4469-929c-27836b11cf00/in_use.lock acquired by nodename 12703@fv-az82-323
2023-07-25 10:56:44,804 [2333f530-c3e7-4f84-815f-5beaea2403db-groupManagement] INFO  storage.RaftStorage (RaftStorageImpl.java:format(96)) - Storage directory /home/runner/work/ozone/ozone/hadoop-ozone/integration-test/target/test-dir/MiniOzoneClusterImpl-c4e06dc0-ae81-4e14-96b7-eb66a98ebf91/datanode-2/data/ratis/8d93610f-074d-4469-929c-27836b11cf00 has been successfully formatted.
2023-07-25 10:56:44,805 [2333f530-c3e7-4f84-815f-5beaea2403db-groupManagement] INFO  ratis.ContainerStateMachine (ContainerStateMachine.java:loadSnapshot(262)) - group-27836B11CF00: The snapshot info is null. Setting the last applied indexto:(t:0, i:~)
2023-07-25 10:56:44,805 [2333f530-c3e7-4f84-815f-5beaea2403db-groupManagement] INFO  server.RaftServerConfigKeys (ConfUtils.java:logGet(46)) - raft.server.log.use.memory = false (default)
2023-07-25 10:56:44,805 [2333f530-c3e7-4f84-815f-5beaea2403db-groupManagement] INFO  server.RaftServerConfigKeys (ConfUtils.java:logGet(46)) - raft.server.log.purge.gap = 1000000 (custom)
2023-07-25 10:56:44,805 [2333f530-c3e7-4f84-815f-5beaea2403db-groupManagement] INFO  server.RaftServerConfigKeys (ConfUtils.java:logGet(46)) - raft.server.log.appender.buffer.byte-limit = 33554432 (custom)
2023-07-25 10:56:44,806 [2333f530-c3e7-4f84-815f-5beaea2403db-groupManagement] INFO  server.RaftServerConfigKeys (ConfUtils.java:logGet(46)) - raft.server.log.statemachine.data.read.timeout = 1000ms (default)
2023-07-25 10:56:44,806 [2333f530-c3e7-4f84-815f-5beaea2403db-groupManagement] INFO  server.RaftServerConfigKeys (ConfUtils.java:logGet(46)) - raft.server.log.purge.preservation.log.num = 0 (default)
2023-07-25 10:56:44,806 [2333f530-c3e7-4f84-815f-5beaea2403db-groupManagement] INFO  server.RaftServerConfigKeys (ConfUtils.java:logGet(46)) - raft.server.log.segment.size.max = 1048576 (custom)
2023-07-25 10:56:44,806 [2333f530-c3e7-4f84-815f-5beaea2403db-groupManagement] INFO  server.RaftServerConfigKeys (ConfUtils.java:logGet(46)) - raft.server.log.segment.cache.num.max = 2 (custom)
2023-07-25 10:56:44,806 [2333f530-c3e7-4f84-815f-5beaea2403db-groupManagement] INFO  server.RaftServerConfigKeys (ConfUtils.java:logGet(46)) - raft.server.log.segment.cache.size.max = 200MB (=209715200) (default)
2023-07-25 10:56:44,806 [2333f530-c3e7-4f84-815f-5beaea2403db-groupManagement] INFO  server.RaftServerConfigKeys (ConfUtils.java:logGet(46)) - raft.server.log.appender.buffer.byte-limit = 33554432 (custom)
2023-07-25 10:56:44,806 [2333f530-c3e7-4f84-815f-5beaea2403db-groupManagement] INFO  segmented.SegmentedRaftLogWorker (SegmentedRaftLogWorker.java:<init>(188)) - new 2333f530-c3e7-4f84-815f-5beaea2403db@group-27836B11CF00-SegmentedRaftLogWorker for RaftStorageImpl:Storage Directory /home/runner/work/ozone/ozone/hadoop-ozone/integration-test/target/test-dir/MiniOzoneClusterImpl-c4e06dc0-ae81-4e14-96b7-eb66a98ebf91/datanode-2/data/ratis/8d93610f-074d-4469-929c-27836b11cf00
2023-07-25 10:56:44,806 [2333f530-c3e7-4f84-815f-5beaea2403db-groupManagement] INFO  server.RaftServerConfigKeys (ConfUtils.java:logGet(46)) - raft.server.log.queue.byte-limit = 4294967296 (custom)
2023-07-25 10:56:44,806 [2333f530-c3e7-4f84-815f-5beaea2403db-groupManagement] INFO  server.RaftServerConfigKeys (ConfUtils.java:logGet(46)) - raft.server.log.queue.element-limit = 1024 (custom)
2023-07-25 10:56:44,807 [2333f530-c3e7-4f84-815f-5beaea2403db-groupManagement] INFO  server.RaftServerConfigKeys (ConfUtils.java:logGet(46)) - raft.server.log.segment.size.max = 1048576 (custom)
2023-07-25 10:56:44,807 [2333f530-c3e7-4f84-815f-5beaea2403db-groupManagement] INFO  server.RaftServerConfigKeys (ConfUtils.java:logGet(46)) - raft.server.log.preallocated.size = 16384 (custom)
2023-07-25 10:56:44,807 [2333f530-c3e7-4f84-815f-5beaea2403db-groupManagement] INFO  server.RaftServerConfigKeys (ConfUtils.java:logGet(46)) - raft.server.log.force.sync.num = 128 (default)
2023-07-25 10:56:44,807 [2333f530-c3e7-4f84-815f-5beaea2403db-groupManagement] INFO  server.RaftServerConfigKeys (ConfUtils.java:logGet(46)) - raft.server.log.statemachine.data.sync = true (default)
2023-07-25 10:56:44,807 [2333f530-c3e7-4f84-815f-5beaea2403db-groupManagement] INFO  server.RaftServerConfigKeys (ConfUtils.java:logGet(46)) - raft.server.log.statemachine.data.sync.timeout = 10s (default)
2023-07-25 10:56:44,807 [2333f530-c3e7-4f84-815f-5beaea2403db-groupManagement] INFO  server.RaftServerConfigKeys (ConfUtils.java:logGet(46)) - raft.server.log.statemachine.data.sync.timeout.retry = -1 (default)
2023-07-25 10:56:44,807 [2333f530-c3e7-4f84-815f-5beaea2403db-groupManagement] INFO  server.RaftServerConfigKeys (ConfUtils.java:logGet(46)) - raft.server.log.write.buffer.size = 1048576 (custom)
2023-07-25 10:56:44,808 [2333f530-c3e7-4f84-815f-5beaea2403db-groupManagement] INFO  server.RaftServerConfigKeys (ConfUtils.java:logGet(46)) - raft.server.log.appender.buffer.byte-limit = 33554432 (custom)
2023-07-25 10:56:44,815 [2333f530-c3e7-4f84-815f-5beaea2403db-groupManagement] INFO  server.RaftServerConfigKeys (ConfUtils.java:logGet(46)) - raft.server.log.unsafe-flush.enabled = false (default)
2023-07-25 10:56:44,815 [2333f530-c3e7-4f84-815f-5beaea2403db-groupManagement] INFO  server.RaftServerConfigKeys (ConfUtils.java:logGet(46)) - raft.server.log.async-flush.enabled = false (default)
2023-07-25 10:56:44,815 [2333f530-c3e7-4f84-815f-5beaea2403db-groupManagement] INFO  server.RaftServerConfigKeys (ConfUtils.java:logGet(46)) - raft.server.log.statemachine.data.caching.enabled = true (custom)
2023-07-25 10:56:44,816 [2333f530-c3e7-4f84-815f-5beaea2403db-groupManagement] INFO  segmented.SegmentedRaftLogWorker (SegmentedRaftLogWorker.java:lambda$new$0(135)) - 2333f530-c3e7-4f84-815f-5beaea2403db@group-27836B11CF00-SegmentedRaftLogWorker: flushIndex: setUnconditionally 0 -> -1
2023-07-25 10:56:44,816 [2333f530-c3e7-4f84-815f-5beaea2403db-groupManagement] INFO  segmented.SegmentedRaftLogWorker (SegmentedRaftLogWorker.java:lambda$new$0(135)) - 2333f530-c3e7-4f84-815f-5beaea2403db@group-27836B11CF00-SegmentedRaftLogWorker: safeCacheEvictIndex: setUnconditionally 0 -> -1
2023-07-25 10:56:44,817 [2333f530-c3e7-4f84-815f-5beaea2403db-groupManagement] INFO  server.RaftServer$Division (RaftServerImpl.java:start(342)) - 2333f530-c3e7-4f84-815f-5beaea2403db@group-27836B11CF00: start as a follower, conf=-1: peers:[ab2ae7ff-5675-45b3-bfb0-4ee1241a3635|rpc:10.1.0.57:15076|admin:10.1.0.57:15075|client:10.1.0.57:15074|dataStream:10.1.0.57:15077|priority:0|startupRole:FOLLOWER, 2ac24d38-c694-40fc-bc53-1be83d90b269|rpc:10.1.0.57:15067|admin:10.1.0.57:15066|client:10.1.0.57:15065|dataStream:10.1.0.57:15068|priority:0|startupRole:FOLLOWER, 2333f530-c3e7-4f84-815f-5beaea2403db|rpc:10.1.0.57:15085|admin:10.1.0.57:15084|client:10.1.0.57:15083|dataStream:10.1.0.57:15086|priority:1|startupRole:FOLLOWER]|listeners:[], old=null
2023-07-25 10:56:44,817 [2333f530-c3e7-4f84-815f-5beaea2403db-groupManagement] INFO  server.RaftServer$Division (RaftServerImpl.java:setRole(329)) - 2333f530-c3e7-4f84-815f-5beaea2403db@group-27836B11CF00: changes role from      null to FOLLOWER at term 0 for startAsFollower
2023-07-25 10:56:44,817 [2333f530-c3e7-4f84-815f-5beaea2403db-groupManagement] INFO  impl.RoleInfo (RoleInfo.java:updateAndGet(139)) - 2333f530-c3e7-4f84-815f-5beaea2403db: start 2333f530-c3e7-4f84-815f-5beaea2403db@group-27836B11CF00-FollowerState
2023-07-25 10:56:44,820 [2333f530-c3e7-4f84-815f-5beaea2403db-groupManagement] INFO  util.JmxRegister (JmxRegister.java:tryRegister(44)) - Successfully registered JMX Bean with object name Ratis:service=RaftServer,group=group-27836B11CF00,id=2333f530-c3e7-4f84-815f-5beaea2403db
2023-07-25 10:56:44,820 [2333f530-c3e7-4f84-815f-5beaea2403db-groupManagement] INFO  server.RaftServerConfigKeys (ConfUtils.java:logGet(46)) - raft.server.snapshot.auto.trigger.enabled = true (custom)
2023-07-25 10:56:44,820 [2333f530-c3e7-4f84-815f-5beaea2403db-groupManagement] INFO  server.RaftServerConfigKeys (ConfUtils.java:logGet(46)) - raft.server.snapshot.auto.trigger.threshold = 10000 (custom)
2023-07-25 10:56:44,820 [2333f530-c3e7-4f84-815f-5beaea2403db-groupManagement] INFO  server.RaftServerConfigKeys (ConfUtils.java:logGet(46)) - raft.server.snapshot.retention.file.num = 5 (custom)
2023-07-25 10:56:44,820 [2333f530-c3e7-4f84-815f-5beaea2403db-groupManagement] INFO  server.RaftServerConfigKeys (ConfUtils.java:logGet(46)) - raft.server.log.purge.upto.snapshot.index = false (default)
2023-07-25 10:56:44,821 [2333f530-c3e7-4f84-815f-5beaea2403db@group-27836B11CF00-FollowerState] INFO  server.RaftServerConfigKeys (ConfUtils.java:logFallback(53)) - raft.server.rpc.first-election.timeout.min = 5s (fallback to raft.server.rpc.timeout.min)
2023-07-25 10:56:44,821 [2333f530-c3e7-4f84-815f-5beaea2403db@group-27836B11CF00-FollowerState] INFO  server.RaftServerConfigKeys (ConfUtils.java:logFallback(53)) - raft.server.rpc.first-election.timeout.max = 5200ms (fallback to raft.server.rpc.timeout.max)
2023-07-25 10:56:44,836 [PipelineCommandHandlerThread-0] INFO  commandhandler.CreatePipelineCommandHandler (CreatePipelineCommandHandler.java:lambda$handle$2(124)) - Created Pipeline RATIS THREE PipelineID=8d93610f-074d-4469-929c-27836b11cf00.
2023-07-25 10:56:44,838 [ab2ae7ff-5675-45b3-bfb0-4ee1241a3635-groupManagement] INFO  server.RaftServer$Division (RaftServerImpl.java:<init>(198)) - ab2ae7ff-5675-45b3-bfb0-4ee1241a3635: new RaftServerImpl for group-359273FD4D1C:[ab2ae7ff-5675-45b3-bfb0-4ee1241a3635|rpc:10.1.0.57:15076|admin:10.1.0.57:15075|client:10.1.0.57:15074|dataStream:10.1.0.57:15077|priority:1|startupRole:FOLLOWER] with ContainerStateMachine:uninitialized
2023-07-25 10:56:44,838 [ab2ae7ff-5675-45b3-bfb0-4ee1241a3635-groupManagement] INFO  server.RaftServerConfigKeys (ConfUtils.java:logGet(46)) - raft.server.rpc.timeout.min = 5s (custom)
2023-07-25 10:56:44,838 [ab2ae7ff-5675-45b3-bfb0-4ee1241a3635-groupManagement] INFO  server.RaftServerConfigKeys (ConfUtils.java:logGet(46)) - raft.server.rpc.timeout.max = 5200ms (custom)
2023-07-25 10:56:44,838 [ab2ae7ff-5675-45b3-bfb0-4ee1241a3635-groupManagement] INFO  server.RaftServerConfigKeys (ConfUtils.java:logGet(46)) - raft.server.rpc.sleep.time = 25ms (default)
2023-07-25 10:56:44,838 [ab2ae7ff-5675-45b3-bfb0-4ee1241a3635-groupManagement] INFO  server.RaftServerConfigKeys (ConfUtils.java:logGet(46)) - raft.server.rpc.slowness.timeout = 300s (custom)
2023-07-25 10:56:44,838 [ab2ae7ff-5675-45b3-bfb0-4ee1241a3635-groupManagement] INFO  server.RaftServerConfigKeys (ConfUtils.java:logGet(46)) - raft.server.leaderelection.leader.step-down.wait-time = 10s (default)
2023-07-25 10:56:44,838 [ab2ae7ff-5675-45b3-bfb0-4ee1241a3635-groupManagement] INFO  server.RaftServerConfigKeys (ConfUtils.java:logGet(46)) - raft.server.sleep.deviation.threshold = 300ms (default)
2023-07-25 10:56:44,838 [ab2ae7ff-5675-45b3-bfb0-4ee1241a3635-groupManagement] INFO  server.RaftServer$Division (ServerState.java:<init>(120)) - ab2ae7ff-5675-45b3-bfb0-4ee1241a3635@group-359273FD4D1C: ConfigurationManager, init=-1: peers:[ab2ae7ff-5675-45b3-bfb0-4ee1241a3635|rpc:10.1.0.57:15076|admin:10.1.0.57:15075|client:10.1.0.57:15074|dataStream:10.1.0.57:15077|priority:1|startupRole:FOLLOWER]|listeners:[], old=null, confs=<EMPTY_MAP>
2023-07-25 10:56:44,838 [ab2ae7ff-5675-45b3-bfb0-4ee1241a3635-groupManagement] INFO  server.RaftServerConfigKeys (ConfUtils.java:logGet(46)) - raft.server.storage.dir = [/home/runner/work/ozone/ozone/hadoop-ozone/integration-test/target/test-dir/MiniOzoneClusterImpl-c4e06dc0-ae81-4e14-96b7-eb66a98ebf91/datanode-1/data/ratis] (custom)
2023-07-25 10:56:44,838 [ab2ae7ff-5675-45b3-bfb0-4ee1241a3635-groupManagement] INFO  server.RaftServerConfigKeys (ConfUtils.java:logGet(46)) - raft.server.log.corruption.policy = EXCEPTION (default)
2023-07-25 10:56:44,839 [ab2ae7ff-5675-45b3-bfb0-4ee1241a3635-groupManagement] INFO  server.RaftServerConfigKeys (ConfUtils.java:logGet(46)) - raft.server.storage.free-space.min = 0MB (=0) (default)
2023-07-25 10:56:44,839 [ab2ae7ff-5675-45b3-bfb0-4ee1241a3635-groupManagement] INFO  server.RaftServerConfigKeys (ConfUtils.java:logGet(46)) - raft.server.notification.no-leader.timeout = 300s (custom)
2023-07-25 10:56:44,839 [ab2ae7ff-5675-45b3-bfb0-4ee1241a3635-groupManagement] INFO  server.RaftServerConfigKeys (ConfUtils.java:logGet(46)) - raft.server.read.timeout = 10s (default)
2023-07-25 10:56:44,839 [ab2ae7ff-5675-45b3-bfb0-4ee1241a3635-groupManagement] INFO  server.RaftServerConfigKeys (ConfUtils.java:logGet(46)) - raft.server.retrycache.expirytime = 600000ms (custom)
2023-07-25 10:56:44,839 [ab2ae7ff-5675-45b3-bfb0-4ee1241a3635-groupManagement] INFO  server.RaftServerConfigKeys (ConfUtils.java:logGet(46)) - raft.server.retrycache.statistics.expirytime = 100μs (default)
2023-07-25 10:56:44,839 [ab2ae7ff-5675-45b3-bfb0-4ee1241a3635-groupManagement] INFO  server.RaftServerConfigKeys (ConfUtils.java:logGet(46)) - raft.server.read.option = DEFAULT (default)
2023-07-25 10:56:44,840 [ab2ae7ff-5675-45b3-bfb0-4ee1241a3635-groupManagement] INFO  server.RaftServerConfigKeys (ConfUtils.java:logGet(46)) - raft.server.rpc.request.timeout = 60s (custom)
2023-07-25 10:56:44,840 [ab2ae7ff-5675-45b3-bfb0-4ee1241a3635-groupManagement] INFO  server.RaftServerConfigKeys (ConfUtils.java:logGet(46)) - raft.server.log.appender.install.snapshot.enabled = false (custom)
2023-07-25 10:56:44,840 [ab2ae7ff-5675-45b3-bfb0-4ee1241a3635-groupManagement] INFO  server.RaftServerConfigKeys (ConfUtils.java:logGet(46)) - raft.server.threadpool.server.cached = true (default)
2023-07-25 10:56:44,840 [ab2ae7ff-5675-45b3-bfb0-4ee1241a3635-groupManagement] INFO  server.RaftServerConfigKeys (ConfUtils.java:logGet(46)) - raft.server.threadpool.server.size = 0 (default)
2023-07-25 10:56:44,840 [ab2ae7ff-5675-45b3-bfb0-4ee1241a3635-groupManagement] INFO  server.RaftServerConfigKeys (ConfUtils.java:logGet(46)) - raft.server.threadpool.client.cached = true (default)
2023-07-25 10:56:44,840 [ab2ae7ff-5675-45b3-bfb0-4ee1241a3635-groupManagement] INFO  server.RaftServerConfigKeys (ConfUtils.java:logGet(46)) - raft.server.threadpool.client.size = 0 (default)
2023-07-25 10:56:44,840 [PipelineCommandHandlerThread-0] INFO  server.RaftServer (RaftServerProxy.java:addNew(98)) - ab2ae7ff-5675-45b3-bfb0-4ee1241a3635: addNew group-359273FD4D1C:[ab2ae7ff-5675-45b3-bfb0-4ee1241a3635|rpc:10.1.0.57:15076|admin:10.1.0.57:15075|client:10.1.0.57:15074|dataStream:10.1.0.57:15077|priority:1|startupRole:FOLLOWER] returns      null ab2ae7ff-5675-45b3-bfb0-4ee1241a3635@group-359273FD4D1C:t0, leader=null, voted=null, raftlog=UNINITIALIZED, conf=-1: peers:[ab2ae7ff-5675-45b3-bfb0-4ee1241a3635|rpc:10.1.0.57:15076|admin:10.1.0.57:15075|client:10.1.0.57:15074|dataStream:10.1.0.57:15077|priority:1|startupRole:FOLLOWER]|listeners:[], old=null NEW
2023-07-25 10:56:44,841 [ab2ae7ff-5675-45b3-bfb0-4ee1241a3635-groupManagement] INFO  storage.RaftStorageDirectory (RaftStorageDirectoryImpl.java:analyzeStorage(137)) - The storage directory /home/runner/work/ozone/ozone/hadoop-ozone/integration-test/target/test-dir/MiniOzoneClusterImpl-c4e06dc0-ae81-4e14-96b7-eb66a98ebf91/datanode-1/data/ratis/86d43fe2-e48a-4123-b519-359273fd4d1c does not exist. Creating ...
2023-07-25 10:56:44,842 [ab2ae7ff-5675-45b3-bfb0-4ee1241a3635-groupManagement] INFO  storage.RaftStorageDirectory (RaftStorageDirectoryImpl.java:tryLock(231)) - Lock on /home/runner/work/ozone/ozone/hadoop-ozone/integration-test/target/test-dir/MiniOzoneClusterImpl-c4e06dc0-ae81-4e14-96b7-eb66a98ebf91/datanode-1/data/ratis/86d43fe2-e48a-4123-b519-359273fd4d1c/in_use.lock acquired by nodename 12703@fv-az82-323
2023-07-25 10:56:44,844 [ab2ae7ff-5675-45b3-bfb0-4ee1241a3635-groupManagement] INFO  storage.RaftStorage (RaftStorageImpl.java:format(96)) - Storage directory /home/runner/work/ozone/ozone/hadoop-ozone/integration-test/target/test-dir/MiniOzoneClusterImpl-c4e06dc0-ae81-4e14-96b7-eb66a98ebf91/datanode-1/data/ratis/86d43fe2-e48a-4123-b519-359273fd4d1c has been successfully formatted.
2023-07-25 10:56:44,845 [ab2ae7ff-5675-45b3-bfb0-4ee1241a3635-groupManagement] INFO  ratis.ContainerStateMachine (ContainerStateMachine.java:loadSnapshot(262)) - group-359273FD4D1C: The snapshot info is null. Setting the last applied indexto:(t:0, i:~)
2023-07-25 10:56:44,845 [ab2ae7ff-5675-45b3-bfb0-4ee1241a3635-groupManagement] INFO  server.RaftServerConfigKeys (ConfUtils.java:logGet(46)) - raft.server.log.use.memory = false (default)
2023-07-25 10:56:44,846 [ab2ae7ff-5675-45b3-bfb0-4ee1241a3635-groupManagement] INFO  server.RaftServerConfigKeys (ConfUtils.java:logGet(46)) - raft.server.log.purge.gap = 1000000 (custom)
2023-07-25 10:56:44,847 [ab2ae7ff-5675-45b3-bfb0-4ee1241a3635-groupManagement] INFO  server.RaftServerConfigKeys (ConfUtils.java:logGet(46)) - raft.server.log.appender.buffer.byte-limit = 33554432 (custom)
2023-07-25 10:56:44,848 [ab2ae7ff-5675-45b3-bfb0-4ee1241a3635-groupManagement] INFO  server.RaftServerConfigKeys (ConfUtils.java:logGet(46)) - raft.server.log.statemachine.data.read.timeout = 1000ms (default)
2023-07-25 10:56:44,848 [ab2ae7ff-5675-45b3-bfb0-4ee1241a3635-groupManagement] INFO  server.RaftServerConfigKeys (ConfUtils.java:logGet(46)) - raft.server.log.purge.preservation.log.num = 0 (default)
2023-07-25 10:56:44,849 [ab2ae7ff-5675-45b3-bfb0-4ee1241a3635-groupManagement] INFO  server.RaftServerConfigKeys (ConfUtils.java:logGet(46)) - raft.server.log.segment.size.max = 1048576 (custom)
2023-07-25 10:56:44,849 [EventQueue-PipelineReportForPipelineReportHandler] INFO  pipeline.PipelineReportHandler (PipelineReportHandler.java:processPipelineReport(136)) - Opened pipeline PipelineID=86d43fe2-e48a-4123-b519-359273fd4d1c
2023-07-25 10:56:44,849 [ab2ae7ff-5675-45b3-bfb0-4ee1241a3635-groupManagement] INFO  server.RaftServerConfigKeys (ConfUtils.java:logGet(46)) - raft.server.log.segment.cache.num.max = 2 (custom)
2023-07-25 10:56:44,849 [EventQueue-OpenPipelineForHealthyPipelineSafeModeRule] INFO  safemode.SCMSafeModeManager (HealthyPipelineSafeModeRule.java:process(137)) - SCM in safe mode. Healthy pipelines reported count is 0, required healthy pipeline reported count is 1
2023-07-25 10:56:44,849 [ab2ae7ff-5675-45b3-bfb0-4ee1241a3635-groupManagement] INFO  server.RaftServerConfigKeys (ConfUtils.java:logGet(46)) - raft.server.log.segment.cache.size.max = 200MB (=209715200) (default)
2023-07-25 10:56:44,850 [ab2ae7ff-5675-45b3-bfb0-4ee1241a3635-groupManagement] INFO  server.RaftServerConfigKeys (ConfUtils.java:logGet(46)) - raft.server.log.appender.buffer.byte-limit = 33554432 (custom)
2023-07-25 10:56:44,850 [ab2ae7ff-5675-45b3-bfb0-4ee1241a3635-groupManagement] INFO  segmented.SegmentedRaftLogWorker (SegmentedRaftLogWorker.java:<init>(188)) - new ab2ae7ff-5675-45b3-bfb0-4ee1241a3635@group-359273FD4D1C-SegmentedRaftLogWorker for RaftStorageImpl:Storage Directory /home/runner/work/ozone/ozone/hadoop-ozone/integration-test/target/test-dir/MiniOzoneClusterImpl-c4e06dc0-ae81-4e14-96b7-eb66a98ebf91/datanode-1/data/ratis/86d43fe2-e48a-4123-b519-359273fd4d1c
2023-07-25 10:56:44,850 [ab2ae7ff-5675-45b3-bfb0-4ee1241a3635-groupManagement] INFO  server.RaftServerConfigKeys (ConfUtils.java:logGet(46)) - raft.server.log.queue.byte-limit = 4294967296 (custom)
2023-07-25 10:56:44,850 [ab2ae7ff-5675-45b3-bfb0-4ee1241a3635-groupManagement] INFO  server.RaftServerConfigKeys (ConfUtils.java:logGet(46)) - raft.server.log.queue.element-limit = 1024 (custom)
2023-07-25 10:56:44,851 [ab2ae7ff-5675-45b3-bfb0-4ee1241a3635-groupManagement] INFO  server.RaftServerConfigKeys (ConfUtils.java:logGet(46)) - raft.server.log.segment.size.max = 1048576 (custom)
2023-07-25 10:56:44,854 [ab2ae7ff-5675-45b3-bfb0-4ee1241a3635-groupManagement] INFO  server.RaftServerConfigKeys (ConfUtils.java:logGet(46)) - raft.server.log.preallocated.size = 16384 (custom)
2023-07-25 10:56:44,854 [ab2ae7ff-5675-45b3-bfb0-4ee1241a3635-groupManagement] INFO  server.RaftServerConfigKeys (ConfUtils.java:logGet(46)) - raft.server.log.force.sync.num = 128 (default)
2023-07-25 10:56:44,854 [ab2ae7ff-5675-45b3-bfb0-4ee1241a3635-groupManagement] INFO  server.RaftServerConfigKeys (ConfUtils.java:logGet(46)) - raft.server.log.statemachine.data.sync = true (default)
2023-07-25 10:56:44,854 [ab2ae7ff-5675-45b3-bfb0-4ee1241a3635-groupManagement] INFO  server.RaftServerConfigKeys (ConfUtils.java:logGet(46)) - raft.server.log.statemachine.data.sync.timeout = 10s (default)
2023-07-25 10:56:44,854 [ab2ae7ff-5675-45b3-bfb0-4ee1241a3635-groupManagement] INFO  server.RaftServerConfigKeys (ConfUtils.java:logGet(46)) - raft.server.log.statemachine.data.sync.timeout.retry = -1 (default)
2023-07-25 10:56:44,855 [ab2ae7ff-5675-45b3-bfb0-4ee1241a3635-groupManagement] INFO  server.RaftServerConfigKeys (ConfUtils.java:logGet(46)) - raft.server.log.write.buffer.size = 1048576 (custom)
2023-07-25 10:56:44,855 [ab2ae7ff-5675-45b3-bfb0-4ee1241a3635-groupManagement] INFO  server.RaftServerConfigKeys (ConfUtils.java:logGet(46)) - raft.server.log.appender.buffer.byte-limit = 33554432 (custom)
2023-07-25 10:56:44,862 [ab2ae7ff-5675-45b3-bfb0-4ee1241a3635-groupManagement] INFO  server.RaftServerConfigKeys (ConfUtils.java:logGet(46)) - raft.server.log.unsafe-flush.enabled = false (default)
2023-07-25 10:56:44,862 [ab2ae7ff-5675-45b3-bfb0-4ee1241a3635-groupManagement] INFO  server.RaftServerConfigKeys (ConfUtils.java:logGet(46)) - raft.server.log.async-flush.enabled = false (default)
2023-07-25 10:56:44,863 [ab2ae7ff-5675-45b3-bfb0-4ee1241a3635-groupManagement] INFO  server.RaftServerConfigKeys (ConfUtils.java:logGet(46)) - raft.server.log.statemachine.data.caching.enabled = true (custom)
2023-07-25 10:56:44,863 [ab2ae7ff-5675-45b3-bfb0-4ee1241a3635-groupManagement] INFO  segmented.SegmentedRaftLogWorker (SegmentedRaftLogWorker.java:lambda$new$0(135)) - ab2ae7ff-5675-45b3-bfb0-4ee1241a3635@group-359273FD4D1C-SegmentedRaftLogWorker: flushIndex: setUnconditionally 0 -> -1
2023-07-25 10:56:44,863 [ab2ae7ff-5675-45b3-bfb0-4ee1241a3635-groupManagement] INFO  segmented.SegmentedRaftLogWorker (SegmentedRaftLogWorker.java:lambda$new$0(135)) - ab2ae7ff-5675-45b3-bfb0-4ee1241a3635@group-359273FD4D1C-SegmentedRaftLogWorker: safeCacheEvictIndex: setUnconditionally 0 -> -1
2023-07-25 10:56:44,863 [ab2ae7ff-5675-45b3-bfb0-4ee1241a3635-groupManagement] INFO  server.RaftServer$Division (RaftServerImpl.java:start(342)) - ab2ae7ff-5675-45b3-bfb0-4ee1241a3635@group-359273FD4D1C: start as a follower, conf=-1: peers:[ab2ae7ff-5675-45b3-bfb0-4ee1241a3635|rpc:10.1.0.57:15076|admin:10.1.0.57:15075|client:10.1.0.57:15074|dataStream:10.1.0.57:15077|priority:1|startupRole:FOLLOWER]|listeners:[], old=null
2023-07-25 10:56:44,863 [ab2ae7ff-5675-45b3-bfb0-4ee1241a3635-groupManagement] INFO  server.RaftServer$Division (RaftServerImpl.java:setRole(329)) - ab2ae7ff-5675-45b3-bfb0-4ee1241a3635@group-359273FD4D1C: changes role from      null to FOLLOWER at term 0 for startAsFollower
2023-07-25 10:56:44,863 [ab2ae7ff-5675-45b3-bfb0-4ee1241a3635-groupManagement] INFO  impl.RoleInfo (RoleInfo.java:updateAndGet(139)) - ab2ae7ff-5675-45b3-bfb0-4ee1241a3635: start ab2ae7ff-5675-45b3-bfb0-4ee1241a3635@group-359273FD4D1C-FollowerState
2023-07-25 10:56:44,864 [ab2ae7ff-5675-45b3-bfb0-4ee1241a3635@group-359273FD4D1C-FollowerState] INFO  server.RaftServerConfigKeys (ConfUtils.java:logFallback(53)) - raft.server.rpc.first-election.timeout.min = 5s (fallback to raft.server.rpc.timeout.min)
2023-07-25 10:56:44,867 [ab2ae7ff-5675-45b3-bfb0-4ee1241a3635@group-359273FD4D1C-FollowerState] INFO  server.RaftServerConfigKeys (ConfUtils.java:logFallback(53)) - raft.server.rpc.first-election.timeout.max = 5200ms (fallback to raft.server.rpc.timeout.max)
2023-07-25 10:56:44,867 [ab2ae7ff-5675-45b3-bfb0-4ee1241a3635-groupManagement] INFO  util.JmxRegister (JmxRegister.java:tryRegister(44)) - Successfully registered JMX Bean with object name Ratis:service=RaftServer,group=group-359273FD4D1C,id=ab2ae7ff-5675-45b3-bfb0-4ee1241a3635
2023-07-25 10:56:44,867 [ab2ae7ff-5675-45b3-bfb0-4ee1241a3635-groupManagement] INFO  server.RaftServerConfigKeys (ConfUtils.java:logGet(46)) - raft.server.snapshot.auto.trigger.enabled = true (custom)
2023-07-25 10:56:44,867 [ab2ae7ff-5675-45b3-bfb0-4ee1241a3635-groupManagement] INFO  server.RaftServerConfigKeys (ConfUtils.java:logGet(46)) - raft.server.snapshot.auto.trigger.threshold = 10000 (custom)
2023-07-25 10:56:44,868 [ab2ae7ff-5675-45b3-bfb0-4ee1241a3635-groupManagement] INFO  server.RaftServerConfigKeys (ConfUtils.java:logGet(46)) - raft.server.snapshot.retention.file.num = 5 (custom)
2023-07-25 10:56:44,868 [ab2ae7ff-5675-45b3-bfb0-4ee1241a3635-groupManagement] INFO  server.RaftServerConfigKeys (ConfUtils.java:logGet(46)) - raft.server.log.purge.upto.snapshot.index = false (default)
2023-07-25 10:56:44,869 [PipelineCommandHandlerThread-0] INFO  ratis.XceiverServerRatis (XceiverServerRatis.java:addGroup(804)) - Created group PipelineID=86d43fe2-e48a-4123-b519-359273fd4d1c
2023-07-25 10:56:44,869 [PipelineCommandHandlerThread-0] INFO  commandhandler.CreatePipelineCommandHandler (CreatePipelineCommandHandler.java:lambda$handle$2(124)) - Created Pipeline RATIS ONE PipelineID=86d43fe2-e48a-4123-b519-359273fd4d1c.
2023-07-25 10:56:44,984 [main] INFO  ozone.MiniOzoneClusterImpl (MiniOzoneClusterImpl.java:lambda$waitForClusterToBeReady$0(224)) - Nodes are ready. Got 5 of 5 DN Heartbeats.
2023-07-25 10:56:44,984 [main] INFO  ozone.MiniOzoneClusterImpl (MiniOzoneClusterImpl.java:lambda$waitForClusterToBeReady$0(227)) - Waiting for cluster to exit safe mode
2023-07-25 10:56:44,984 [main] INFO  ozone.MiniOzoneClusterImpl (MiniOzoneClusterImpl.java:lambda$waitForClusterToBeReady$0(229)) - SCM became leader
2023-07-25 10:56:45,231 [PipelineCommandHandlerThread-0] INFO  server.RaftServer (RaftServerProxy.java:addNew(98)) - 2333f530-c3e7-4f84-815f-5beaea2403db: addNew group-BDC9AD96F545:[2333f530-c3e7-4f84-815f-5beaea2403db|rpc:10.1.0.57:15085|admin:10.1.0.57:15084|client:10.1.0.57:15083|dataStream:10.1.0.57:15086|priority:1|startupRole:FOLLOWER] returns group-BDC9AD96F545:java.util.concurrent.CompletableFuture@437ee45b[Not completed]
2023-07-25 10:56:45,232 [2333f530-c3e7-4f84-815f-5beaea2403db-groupManagement] INFO  server.RaftServer$Division (RaftServerImpl.java:<init>(198)) - 2333f530-c3e7-4f84-815f-5beaea2403db: new RaftServerImpl for group-BDC9AD96F545:[2333f530-c3e7-4f84-815f-5beaea2403db|rpc:10.1.0.57:15085|admin:10.1.0.57:15084|client:10.1.0.57:15083|dataStream:10.1.0.57:15086|priority:1|startupRole:FOLLOWER] with ContainerStateMachine:uninitialized
2023-07-25 10:56:45,232 [2333f530-c3e7-4f84-815f-5beaea2403db-groupManagement] INFO  server.RaftServerConfigKeys (ConfUtils.java:logGet(46)) - raft.server.rpc.timeout.min = 5s (custom)
2023-07-25 10:56:45,232 [2333f530-c3e7-4f84-815f-5beaea2403db-groupManagement] INFO  server.RaftServerConfigKeys (ConfUtils.java:logGet(46)) - raft.server.rpc.timeout.max = 5200ms (custom)
2023-07-25 10:56:45,233 [2333f530-c3e7-4f84-815f-5beaea2403db-groupManagement] INFO  server.RaftServerConfigKeys (ConfUtils.java:logGet(46)) - raft.server.rpc.sleep.time = 25ms (default)
2023-07-25 10:56:45,233 [2333f530-c3e7-4f84-815f-5beaea2403db-groupManagement] INFO  server.RaftServerConfigKeys (ConfUtils.java:logGet(46)) - raft.server.rpc.slowness.timeout = 300s (custom)
2023-07-25 10:56:45,233 [2333f530-c3e7-4f84-815f-5beaea2403db-groupManagement] INFO  server.RaftServerConfigKeys (ConfUtils.java:logGet(46)) - raft.server.leaderelection.leader.step-down.wait-time = 10s (default)
2023-07-25 10:56:45,233 [2333f530-c3e7-4f84-815f-5beaea2403db-groupManagement] INFO  server.RaftServerConfigKeys (ConfUtils.java:logGet(46)) - raft.server.sleep.deviation.threshold = 300ms (default)
2023-07-25 10:56:45,233 [2333f530-c3e7-4f84-815f-5beaea2403db-groupManagement] INFO  server.RaftServer$Division (ServerState.java:<init>(120)) - 2333f530-c3e7-4f84-815f-5beaea2403db@group-BDC9AD96F545: ConfigurationManager, init=-1: peers:[2333f530-c3e7-4f84-815f-5beaea2403db|rpc:10.1.0.57:15085|admin:10.1.0.57:15084|client:10.1.0.57:15083|dataStream:10.1.0.57:15086|priority:1|startupRole:FOLLOWER]|listeners:[], old=null, confs=<EMPTY_MAP>
2023-07-25 10:56:45,233 [2333f530-c3e7-4f84-815f-5beaea2403db-groupManagement] INFO  server.RaftServerConfigKeys (ConfUtils.java:logGet(46)) - raft.server.storage.dir = [/home/runner/work/ozone/ozone/hadoop-ozone/integration-test/target/test-dir/MiniOzoneClusterImpl-c4e06dc0-ae81-4e14-96b7-eb66a98ebf91/datanode-2/data/ratis] (custom)
2023-07-25 10:56:45,233 [2333f530-c3e7-4f84-815f-5beaea2403db-groupManagement] INFO  server.RaftServerConfigKeys (ConfUtils.java:logGet(46)) - raft.server.log.corruption.policy = EXCEPTION (default)
2023-07-25 10:56:45,233 [2333f530-c3e7-4f84-815f-5beaea2403db-groupManagement] INFO  server.RaftServerConfigKeys (ConfUtils.java:logGet(46)) - raft.server.storage.free-space.min = 0MB (=0) (default)
2023-07-25 10:56:45,233 [2333f530-c3e7-4f84-815f-5beaea2403db-groupManagement] INFO  server.RaftServerConfigKeys (ConfUtils.java:logGet(46)) - raft.server.notification.no-leader.timeout = 300s (custom)
2023-07-25 10:56:45,233 [2333f530-c3e7-4f84-815f-5beaea2403db-groupManagement] INFO  server.RaftServerConfigKeys (ConfUtils.java:logGet(46)) - raft.server.read.timeout = 10s (default)
2023-07-25 10:56:45,233 [2333f530-c3e7-4f84-815f-5beaea2403db-groupManagement] INFO  server.RaftServerConfigKeys (ConfUtils.java:logGet(46)) - raft.server.retrycache.expirytime = 600000ms (custom)
2023-07-25 10:56:45,234 [2333f530-c3e7-4f84-815f-5beaea2403db-groupManagement] INFO  server.RaftServerConfigKeys (ConfUtils.java:logGet(46)) - raft.server.retrycache.statistics.expirytime = 100μs (default)
2023-07-25 10:56:45,234 [2333f530-c3e7-4f84-815f-5beaea2403db-groupManagement] INFO  server.RaftServerConfigKeys (ConfUtils.java:logGet(46)) - raft.server.read.option = DEFAULT (default)
2023-07-25 10:56:45,235 [2333f530-c3e7-4f84-815f-5beaea2403db-groupManagement] INFO  server.RaftServerConfigKeys (ConfUtils.java:logGet(46)) - raft.server.rpc.request.timeout = 60s (custom)
2023-07-25 10:56:45,235 [2333f530-c3e7-4f84-815f-5beaea2403db-groupManagement] INFO  server.RaftServerConfigKeys (ConfUtils.java:logGet(46)) - raft.server.log.appender.install.snapshot.enabled = false (custom)
2023-07-25 10:56:45,235 [2333f530-c3e7-4f84-815f-5beaea2403db-groupManagement] INFO  server.RaftServerConfigKeys (ConfUtils.java:logGet(46)) - raft.server.threadpool.server.cached = true (default)
2023-07-25 10:56:45,235 [2333f530-c3e7-4f84-815f-5beaea2403db-groupManagement] INFO  server.RaftServerConfigKeys (ConfUtils.java:logGet(46)) - raft.server.threadpool.server.size = 0 (default)
2023-07-25 10:56:45,235 [2333f530-c3e7-4f84-815f-5beaea2403db-groupManagement] INFO  server.RaftServerConfigKeys (ConfUtils.java:logGet(46)) - raft.server.threadpool.client.cached = true (default)
2023-07-25 10:56:45,235 [2333f530-c3e7-4f84-815f-5beaea2403db-groupManagement] INFO  server.RaftServerConfigKeys (ConfUtils.java:logGet(46)) - raft.server.threadpool.client.size = 0 (default)
2023-07-25 10:56:45,236 [2333f530-c3e7-4f84-815f-5beaea2403db-groupManagement] INFO  storage.RaftStorageDirectory (RaftStorageDirectoryImpl.java:analyzeStorage(137)) - The storage directory /home/runner/work/ozone/ozone/hadoop-ozone/integration-test/target/test-dir/MiniOzoneClusterImpl-c4e06dc0-ae81-4e14-96b7-eb66a98ebf91/datanode-2/data/ratis/a7917415-5a4b-4916-ae80-bdc9ad96f545 does not exist. Creating ...
2023-07-25 10:56:45,237 [2333f530-c3e7-4f84-815f-5beaea2403db-groupManagement] INFO  storage.RaftStorageDirectory (RaftStorageDirectoryImpl.java:tryLock(231)) - Lock on /home/runner/work/ozone/ozone/hadoop-ozone/integration-test/target/test-dir/MiniOzoneClusterImpl-c4e06dc0-ae81-4e14-96b7-eb66a98ebf91/datanode-2/data/ratis/a7917415-5a4b-4916-ae80-bdc9ad96f545/in_use.lock acquired by nodename 12703@fv-az82-323
2023-07-25 10:56:45,239 [2333f530-c3e7-4f84-815f-5beaea2403db-groupManagement] INFO  storage.RaftStorage (RaftStorageImpl.java:format(96)) - Storage directory /home/runner/work/ozone/ozone/hadoop-ozone/integration-test/target/test-dir/MiniOzoneClusterImpl-c4e06dc0-ae81-4e14-96b7-eb66a98ebf91/datanode-2/data/ratis/a7917415-5a4b-4916-ae80-bdc9ad96f545 has been successfully formatted.
2023-07-25 10:56:45,242 [2333f530-c3e7-4f84-815f-5beaea2403db-groupManagement] INFO  ratis.ContainerStateMachine (ContainerStateMachine.java:loadSnapshot(262)) - group-BDC9AD96F545: The snapshot info is null. Setting the last applied indexto:(t:0, i:~)
2023-07-25 10:56:45,242 [2333f530-c3e7-4f84-815f-5beaea2403db-groupManagement] INFO  server.RaftServerConfigKeys (ConfUtils.java:logGet(46)) - raft.server.log.use.memory = false (default)
2023-07-25 10:56:45,242 [2333f530-c3e7-4f84-815f-5beaea2403db-groupManagement] INFO  server.RaftServerConfigKeys (ConfUtils.java:logGet(46)) - raft.server.log.purge.gap = 1000000 (custom)
2023-07-25 10:56:45,242 [2333f530-c3e7-4f84-815f-5beaea2403db-groupManagement] INFO  server.RaftServerConfigKeys (ConfUtils.java:logGet(46)) - raft.server.log.appender.buffer.byte-limit = 33554432 (custom)
2023-07-25 10:56:45,243 [EventQueue-PipelineReportForPipelineReportHandler] INFO  pipeline.PipelineReportHandler (PipelineReportHandler.java:processPipelineReport(136)) - Opened pipeline PipelineID=a7917415-5a4b-4916-ae80-bdc9ad96f545
2023-07-25 10:56:45,244 [EventQueue-OpenPipelineForHealthyPipelineSafeModeRule] INFO  safemode.SCMSafeModeManager (HealthyPipelineSafeModeRule.java:process(137)) - SCM in safe mode. Healthy pipelines reported count is 0, required healthy pipeline reported count is 1
2023-07-25 10:56:45,244 [2333f530-c3e7-4f84-815f-5beaea2403db-groupManagement] INFO  server.RaftServerConfigKeys (ConfUtils.java:logGet(46)) - raft.server.log.statemachine.data.read.timeout = 1000ms (default)
2023-07-25 10:56:45,244 [2333f530-c3e7-4f84-815f-5beaea2403db-groupManagement] INFO  server.RaftServerConfigKeys (ConfUtils.java:logGet(46)) - raft.server.log.purge.preservation.log.num = 0 (default)
2023-07-25 10:56:45,244 [2333f530-c3e7-4f84-815f-5beaea2403db-groupManagement] INFO  server.RaftServerConfigKeys (ConfUtils.java:logGet(46)) - raft.server.log.segment.size.max = 1048576 (custom)
2023-07-25 10:56:45,245 [2333f530-c3e7-4f84-815f-5beaea2403db-groupManagement] INFO  server.RaftServerConfigKeys (ConfUtils.java:logGet(46)) - raft.server.log.segment.cache.num.max = 2 (custom)
2023-07-25 10:56:45,245 [2333f530-c3e7-4f84-815f-5beaea2403db-groupManagement] INFO  server.RaftServerConfigKeys (ConfUtils.java:logGet(46)) - raft.server.log.segment.cache.size.max = 200MB (=209715200) (default)
2023-07-25 10:56:45,245 [2333f530-c3e7-4f84-815f-5beaea2403db-groupManagement] INFO  server.RaftServerConfigKeys (ConfUtils.java:logGet(46)) - raft.server.log.appender.buffer.byte-limit = 33554432 (custom)
2023-07-25 10:56:45,245 [2333f530-c3e7-4f84-815f-5beaea2403db-groupManagement] INFO  segmented.SegmentedRaftLogWorker (SegmentedRaftLogWorker.java:<init>(188)) - new 2333f530-c3e7-4f84-815f-5beaea2403db@group-BDC9AD96F545-SegmentedRaftLogWorker for RaftStorageImpl:Storage Directory /home/runner/work/ozone/ozone/hadoop-ozone/integration-test/target/test-dir/MiniOzoneClusterImpl-c4e06dc0-ae81-4e14-96b7-eb66a98ebf91/datanode-2/data/ratis/a7917415-5a4b-4916-ae80-bdc9ad96f545
2023-07-25 10:56:45,245 [2333f530-c3e7-4f84-815f-5beaea2403db-groupManagement] INFO  server.RaftServerConfigKeys (ConfUtils.java:logGet(46)) - raft.server.log.queue.byte-limit = 4294967296 (custom)
2023-07-25 10:56:45,245 [2333f530-c3e7-4f84-815f-5beaea2403db-groupManagement] INFO  server.RaftServerConfigKeys (ConfUtils.java:logGet(46)) - raft.server.log.queue.element-limit = 1024 (custom)
2023-07-25 10:56:45,245 [2333f530-c3e7-4f84-815f-5beaea2403db-groupManagement] INFO  server.RaftServerConfigKeys (ConfUtils.java:logGet(46)) - raft.server.log.segment.size.max = 1048576 (custom)
2023-07-25 10:56:45,245 [2333f530-c3e7-4f84-815f-5beaea2403db-groupManagement] INFO  server.RaftServerConfigKeys (ConfUtils.java:logGet(46)) - raft.server.log.preallocated.size = 16384 (custom)
2023-07-25 10:56:45,245 [2333f530-c3e7-4f84-815f-5beaea2403db-groupManagement] INFO  server.RaftServerConfigKeys (ConfUtils.java:logGet(46)) - raft.server.log.force.sync.num = 128 (default)
2023-07-25 10:56:45,245 [2333f530-c3e7-4f84-815f-5beaea2403db-groupManagement] INFO  server.RaftServerConfigKeys (ConfUtils.java:logGet(46)) - raft.server.log.statemachine.data.sync = true (default)
2023-07-25 10:56:45,246 [2333f530-c3e7-4f84-815f-5beaea2403db-groupManagement] INFO  server.RaftServerConfigKeys (ConfUtils.java:logGet(46)) - raft.server.log.statemachine.data.sync.timeout = 10s (default)
2023-07-25 10:56:45,246 [2333f530-c3e7-4f84-815f-5beaea2403db-groupManagement] INFO  server.RaftServerConfigKeys (ConfUtils.java:logGet(46)) - raft.server.log.statemachine.data.sync.timeout.retry = -1 (default)
2023-07-25 10:56:45,247 [2333f530-c3e7-4f84-815f-5beaea2403db-groupManagement] INFO  server.RaftServerConfigKeys (ConfUtils.java:logGet(46)) - raft.server.log.write.buffer.size = 1048576 (custom)
2023-07-25 10:56:45,248 [2333f530-c3e7-4f84-815f-5beaea2403db-groupManagement] INFO  server.RaftServerConfigKeys (ConfUtils.java:logGet(46)) - raft.server.log.appender.buffer.byte-limit = 33554432 (custom)
2023-07-25 10:56:45,254 [2333f530-c3e7-4f84-815f-5beaea2403db-groupManagement] INFO  server.RaftServerConfigKeys (ConfUtils.java:logGet(46)) - raft.server.log.unsafe-flush.enabled = false (default)
2023-07-25 10:56:45,254 [2333f530-c3e7-4f84-815f-5beaea2403db-groupManagement] INFO  server.RaftServerConfigKeys (ConfUtils.java:logGet(46)) - raft.server.log.async-flush.enabled = false (default)
2023-07-25 10:56:45,255 [2333f530-c3e7-4f84-815f-5beaea2403db-groupManagement] INFO  server.RaftServerConfigKeys (ConfUtils.java:logGet(46)) - raft.server.log.statemachine.data.caching.enabled = true (custom)
2023-07-25 10:56:45,255 [2333f530-c3e7-4f84-815f-5beaea2403db-groupManagement] INFO  segmented.SegmentedRaftLogWorker (SegmentedRaftLogWorker.java:lambda$new$0(135)) - 2333f530-c3e7-4f84-815f-5beaea2403db@group-BDC9AD96F545-SegmentedRaftLogWorker: flushIndex: setUnconditionally 0 -> -1
2023-07-25 10:56:45,255 [2333f530-c3e7-4f84-815f-5beaea2403db-groupManagement] INFO  segmented.SegmentedRaftLogWorker (SegmentedRaftLogWorker.java:lambda$new$0(135)) - 2333f530-c3e7-4f84-815f-5beaea2403db@group-BDC9AD96F545-SegmentedRaftLogWorker: safeCacheEvictIndex: setUnconditionally 0 -> -1
2023-07-25 10:56:45,255 [2333f530-c3e7-4f84-815f-5beaea2403db-groupManagement] INFO  server.RaftServer$Division (RaftServerImpl.java:start(342)) - 2333f530-c3e7-4f84-815f-5beaea2403db@group-BDC9AD96F545: start as a follower, conf=-1: peers:[2333f530-c3e7-4f84-815f-5beaea2403db|rpc:10.1.0.57:15085|admin:10.1.0.57:15084|client:10.1.0.57:15083|dataStream:10.1.0.57:15086|priority:1|startupRole:FOLLOWER]|listeners:[], old=null
2023-07-25 10:56:45,255 [2333f530-c3e7-4f84-815f-5beaea2403db-groupManagement] INFO  server.RaftServer$Division (RaftServerImpl.java:setRole(329)) - 2333f530-c3e7-4f84-815f-5beaea2403db@group-BDC9AD96F545: changes role from      null to FOLLOWER at term 0 for startAsFollower
2023-07-25 10:56:45,256 [2333f530-c3e7-4f84-815f-5beaea2403db-groupManagement] INFO  impl.RoleInfo (RoleInfo.java:updateAndGet(139)) - 2333f530-c3e7-4f84-815f-5beaea2403db: start 2333f530-c3e7-4f84-815f-5beaea2403db@group-BDC9AD96F545-FollowerState
2023-07-25 10:56:45,256 [2333f530-c3e7-4f84-815f-5beaea2403db@group-BDC9AD96F545-FollowerState] INFO  server.RaftServerConfigKeys (ConfUtils.java:logFallback(53)) - raft.server.rpc.first-election.timeout.min = 5s (fallback to raft.server.rpc.timeout.min)
2023-07-25 10:56:45,256 [2333f530-c3e7-4f84-815f-5beaea2403db-groupManagement] INFO  util.JmxRegister (JmxRegister.java:tryRegister(44)) - Successfully registered JMX Bean with object name Ratis:service=RaftServer,group=group-BDC9AD96F545,id=2333f530-c3e7-4f84-815f-5beaea2403db
2023-07-25 10:56:45,256 [2333f530-c3e7-4f84-815f-5beaea2403db@group-BDC9AD96F545-FollowerState] INFO  server.RaftServerConfigKeys (ConfUtils.java:logFallback(53)) - raft.server.rpc.first-election.timeout.max = 5200ms (fallback to raft.server.rpc.timeout.max)
2023-07-25 10:56:45,256 [2333f530-c3e7-4f84-815f-5beaea2403db-groupManagement] INFO  server.RaftServerConfigKeys (ConfUtils.java:logGet(46)) - raft.server.snapshot.auto.trigger.enabled = true (custom)
2023-07-25 10:56:45,256 [2333f530-c3e7-4f84-815f-5beaea2403db-groupManagement] INFO  server.RaftServerConfigKeys (ConfUtils.java:logGet(46)) - raft.server.snapshot.auto.trigger.threshold = 10000 (custom)
2023-07-25 10:56:45,256 [2333f530-c3e7-4f84-815f-5beaea2403db-groupManagement] INFO  server.RaftServerConfigKeys (ConfUtils.java:logGet(46)) - raft.server.snapshot.retention.file.num = 5 (custom)
2023-07-25 10:56:45,256 [2333f530-c3e7-4f84-815f-5beaea2403db-groupManagement] INFO  server.RaftServerConfigKeys (ConfUtils.java:logGet(46)) - raft.server.log.purge.upto.snapshot.index = false (default)
2023-07-25 10:56:45,257 [PipelineCommandHandlerThread-0] INFO  ratis.XceiverServerRatis (XceiverServerRatis.java:addGroup(804)) - Created group PipelineID=a7917415-5a4b-4916-ae80-bdc9ad96f545
2023-07-25 10:56:45,257 [PipelineCommandHandlerThread-0] INFO  commandhandler.CreatePipelineCommandHandler (CreatePipelineCommandHandler.java:lambda$handle$2(124)) - Created Pipeline RATIS ONE PipelineID=a7917415-5a4b-4916-ae80-bdc9ad96f545.
2023-07-25 10:56:45,618 [PipelineCommandHandlerThread-0] INFO  server.RaftServer (RaftServerProxy.java:addNew(98)) - 5afa7191-cd14-4635-a86c-27235fe9851c: addNew group-624A26AB6D65:[5afa7191-cd14-4635-a86c-27235fe9851c|rpc:10.1.0.57:15094|admin:10.1.0.57:15093|client:10.1.0.57:15092|dataStream:10.1.0.57:15095|priority:1|startupRole:FOLLOWER] returns group-624A26AB6D65:java.util.concurrent.CompletableFuture@71607202[Not completed]
2023-07-25 10:56:45,621 [5afa7191-cd14-4635-a86c-27235fe9851c-groupManagement] INFO  server.RaftServer$Division (RaftServerImpl.java:<init>(198)) - 5afa7191-cd14-4635-a86c-27235fe9851c: new RaftServerImpl for group-624A26AB6D65:[5afa7191-cd14-4635-a86c-27235fe9851c|rpc:10.1.0.57:15094|admin:10.1.0.57:15093|client:10.1.0.57:15092|dataStream:10.1.0.57:15095|priority:1|startupRole:FOLLOWER] with ContainerStateMachine:uninitialized
2023-07-25 10:56:45,637 [5afa7191-cd14-4635-a86c-27235fe9851c-groupManagement] INFO  server.RaftServerConfigKeys (ConfUtils.java:logGet(46)) - raft.server.rpc.timeout.min = 5s (custom)
2023-07-25 10:56:45,637 [5afa7191-cd14-4635-a86c-27235fe9851c-groupManagement] INFO  server.RaftServerConfigKeys (ConfUtils.java:logGet(46)) - raft.server.rpc.timeout.max = 5200ms (custom)
2023-07-25 10:56:45,637 [5afa7191-cd14-4635-a86c-27235fe9851c-groupManagement] INFO  server.RaftServerConfigKeys (ConfUtils.java:logGet(46)) - raft.server.rpc.sleep.time = 25ms (default)
2023-07-25 10:56:45,637 [5afa7191-cd14-4635-a86c-27235fe9851c-groupManagement] INFO  server.RaftServerConfigKeys (ConfUtils.java:logGet(46)) - raft.server.rpc.slowness.timeout = 300s (custom)
2023-07-25 10:56:45,637 [5afa7191-cd14-4635-a86c-27235fe9851c-groupManagement] INFO  server.RaftServerConfigKeys (ConfUtils.java:logGet(46)) - raft.server.leaderelection.leader.step-down.wait-time = 10s (default)
2023-07-25 10:56:45,637 [5afa7191-cd14-4635-a86c-27235fe9851c-groupManagement] INFO  server.RaftServerConfigKeys (ConfUtils.java:logGet(46)) - raft.server.sleep.deviation.threshold = 300ms (default)
2023-07-25 10:56:45,638 [5afa7191-cd14-4635-a86c-27235fe9851c-groupManagement] INFO  server.RaftServer$Division (ServerState.java:<init>(120)) - 5afa7191-cd14-4635-a86c-27235fe9851c@group-624A26AB6D65: ConfigurationManager, init=-1: peers:[5afa7191-cd14-4635-a86c-27235fe9851c|rpc:10.1.0.57:15094|admin:10.1.0.57:15093|client:10.1.0.57:15092|dataStream:10.1.0.57:15095|priority:1|startupRole:FOLLOWER]|listeners:[], old=null, confs=<EMPTY_MAP>
2023-07-25 10:56:45,638 [5afa7191-cd14-4635-a86c-27235fe9851c-groupManagement] INFO  server.RaftServerConfigKeys (ConfUtils.java:logGet(46)) - raft.server.storage.dir = [/home/runner/work/ozone/ozone/hadoop-ozone/integration-test/target/test-dir/MiniOzoneClusterImpl-c4e06dc0-ae81-4e14-96b7-eb66a98ebf91/datanode-3/data/ratis] (custom)
2023-07-25 10:56:45,638 [5afa7191-cd14-4635-a86c-27235fe9851c-groupManagement] INFO  server.RaftServerConfigKeys (ConfUtils.java:logGet(46)) - raft.server.log.corruption.policy = EXCEPTION (default)
2023-07-25 10:56:45,638 [5afa7191-cd14-4635-a86c-27235fe9851c-groupManagement] INFO  server.RaftServerConfigKeys (ConfUtils.java:logGet(46)) - raft.server.storage.free-space.min = 0MB (=0) (default)
2023-07-25 10:56:45,638 [5afa7191-cd14-4635-a86c-27235fe9851c-groupManagement] INFO  server.RaftServerConfigKeys (ConfUtils.java:logGet(46)) - raft.server.notification.no-leader.timeout = 300s (custom)
2023-07-25 10:56:45,638 [5afa7191-cd14-4635-a86c-27235fe9851c-groupManagement] INFO  server.RaftServerConfigKeys (ConfUtils.java:logGet(46)) - raft.server.read.timeout = 10s (default)
2023-07-25 10:56:45,638 [5afa7191-cd14-4635-a86c-27235fe9851c-groupManagement] INFO  server.RaftServerConfigKeys (ConfUtils.java:logGet(46)) - raft.server.retrycache.expirytime = 600000ms (custom)
2023-07-25 10:56:45,638 [5afa7191-cd14-4635-a86c-27235fe9851c-groupManagement] INFO  server.RaftServerConfigKeys (ConfUtils.java:logGet(46)) - raft.server.retrycache.statistics.expirytime = 100μs (default)
2023-07-25 10:56:45,638 [5afa7191-cd14-4635-a86c-27235fe9851c-groupManagement] INFO  server.RaftServerConfigKeys (ConfUtils.java:logGet(46)) - raft.server.read.option = DEFAULT (default)
2023-07-25 10:56:45,642 [5afa7191-cd14-4635-a86c-27235fe9851c-groupManagement] INFO  server.RaftServerConfigKeys (ConfUtils.java:logGet(46)) - raft.server.rpc.request.timeout = 60s (custom)
2023-07-25 10:56:45,642 [5afa7191-cd14-4635-a86c-27235fe9851c-groupManagement] INFO  server.RaftServerConfigKeys (ConfUtils.java:logGet(46)) - raft.server.log.appender.install.snapshot.enabled = false (custom)
2023-07-25 10:56:45,642 [5afa7191-cd14-4635-a86c-27235fe9851c-groupManagement] INFO  server.RaftServerConfigKeys (ConfUtils.java:logGet(46)) - raft.server.threadpool.server.cached = true (default)
2023-07-25 10:56:45,642 [5afa7191-cd14-4635-a86c-27235fe9851c-groupManagement] INFO  server.RaftServerConfigKeys (ConfUtils.java:logGet(46)) - raft.server.threadpool.server.size = 0 (default)
2023-07-25 10:56:45,642 [5afa7191-cd14-4635-a86c-27235fe9851c-groupManagement] INFO  server.RaftServerConfigKeys (ConfUtils.java:logGet(46)) - raft.server.threadpool.client.cached = true (default)
2023-07-25 10:56:45,642 [5afa7191-cd14-4635-a86c-27235fe9851c-groupManagement] INFO  server.RaftServerConfigKeys (ConfUtils.java:logGet(46)) - raft.server.threadpool.client.size = 0 (default)
2023-07-25 10:56:45,643 [5afa7191-cd14-4635-a86c-27235fe9851c-groupManagement] INFO  storage.RaftStorageDirectory (RaftStorageDirectoryImpl.java:analyzeStorage(137)) - The storage directory /home/runner/work/ozone/ozone/hadoop-ozone/integration-test/target/test-dir/MiniOzoneClusterImpl-c4e06dc0-ae81-4e14-96b7-eb66a98ebf91/datanode-3/data/ratis/c0a69973-e62d-4666-9006-624a26ab6d65 does not exist. Creating ...
2023-07-25 10:56:45,646 [5afa7191-cd14-4635-a86c-27235fe9851c-groupManagement] INFO  storage.RaftStorageDirectory (RaftStorageDirectoryImpl.java:tryLock(231)) - Lock on /home/runner/work/ozone/ozone/hadoop-ozone/integration-test/target/test-dir/MiniOzoneClusterImpl-c4e06dc0-ae81-4e14-96b7-eb66a98ebf91/datanode-3/data/ratis/c0a69973-e62d-4666-9006-624a26ab6d65/in_use.lock acquired by nodename 12703@fv-az82-323
2023-07-25 10:56:45,649 [5afa7191-cd14-4635-a86c-27235fe9851c-groupManagement] INFO  storage.RaftStorage (RaftStorageImpl.java:format(96)) - Storage directory /home/runner/work/ozone/ozone/hadoop-ozone/integration-test/target/test-dir/MiniOzoneClusterImpl-c4e06dc0-ae81-4e14-96b7-eb66a98ebf91/datanode-3/data/ratis/c0a69973-e62d-4666-9006-624a26ab6d65 has been successfully formatted.
2023-07-25 10:56:45,657 [5afa7191-cd14-4635-a86c-27235fe9851c-groupManagement] INFO  ratis.ContainerStateMachine (ContainerStateMachine.java:loadSnapshot(262)) - group-624A26AB6D65: The snapshot info is null. Setting the last applied indexto:(t:0, i:~)
2023-07-25 10:56:45,657 [5afa7191-cd14-4635-a86c-27235fe9851c-groupManagement] INFO  server.RaftServerConfigKeys (ConfUtils.java:logGet(46)) - raft.server.log.use.memory = false (default)
2023-07-25 10:56:45,657 [5afa7191-cd14-4635-a86c-27235fe9851c-groupManagement] INFO  server.RaftServerConfigKeys (ConfUtils.java:logGet(46)) - raft.server.log.purge.gap = 1000000 (custom)
2023-07-25 10:56:45,658 [5afa7191-cd14-4635-a86c-27235fe9851c-groupManagement] INFO  server.RaftServerConfigKeys (ConfUtils.java:logGet(46)) - raft.server.log.appender.buffer.byte-limit = 33554432 (custom)
2023-07-25 10:56:45,658 [5afa7191-cd14-4635-a86c-27235fe9851c-groupManagement] INFO  server.RaftServerConfigKeys (ConfUtils.java:logGet(46)) - raft.server.log.statemachine.data.read.timeout = 1000ms (default)
2023-07-25 10:56:45,658 [5afa7191-cd14-4635-a86c-27235fe9851c-groupManagement] INFO  server.RaftServerConfigKeys (ConfUtils.java:logGet(46)) - raft.server.log.purge.preservation.log.num = 0 (default)
2023-07-25 10:56:45,658 [5afa7191-cd14-4635-a86c-27235fe9851c-groupManagement] INFO  server.RaftServerConfigKeys (ConfUtils.java:logGet(46)) - raft.server.log.segment.size.max = 1048576 (custom)
2023-07-25 10:56:45,658 [EventQueue-PipelineReportForPipelineReportHandler] INFO  pipeline.PipelineReportHandler (PipelineReportHandler.java:processPipelineReport(136)) - Opened pipeline PipelineID=c0a69973-e62d-4666-9006-624a26ab6d65
2023-07-25 10:56:45,659 [EventQueue-OpenPipelineForHealthyPipelineSafeModeRule] INFO  safemode.SCMSafeModeManager (HealthyPipelineSafeModeRule.java:process(137)) - SCM in safe mode. Healthy pipelines reported count is 0, required healthy pipeline reported count is 1
2023-07-25 10:56:45,659 [5afa7191-cd14-4635-a86c-27235fe9851c-groupManagement] INFO  server.RaftServerConfigKeys (ConfUtils.java:logGet(46)) - raft.server.log.segment.cache.num.max = 2 (custom)
2023-07-25 10:56:45,659 [5afa7191-cd14-4635-a86c-27235fe9851c-groupManagement] INFO  server.RaftServerConfigKeys (ConfUtils.java:logGet(46)) - raft.server.log.segment.cache.size.max = 200MB (=209715200) (default)
2023-07-25 10:56:45,659 [5afa7191-cd14-4635-a86c-27235fe9851c-groupManagement] INFO  server.RaftServerConfigKeys (ConfUtils.java:logGet(46)) - raft.server.log.appender.buffer.byte-limit = 33554432 (custom)
2023-07-25 10:56:45,659 [5afa7191-cd14-4635-a86c-27235fe9851c-groupManagement] INFO  segmented.SegmentedRaftLogWorker (SegmentedRaftLogWorker.java:<init>(188)) - new 5afa7191-cd14-4635-a86c-27235fe9851c@group-624A26AB6D65-SegmentedRaftLogWorker for RaftStorageImpl:Storage Directory /home/runner/work/ozone/ozone/hadoop-ozone/integration-test/target/test-dir/MiniOzoneClusterImpl-c4e06dc0-ae81-4e14-96b7-eb66a98ebf91/datanode-3/data/ratis/c0a69973-e62d-4666-9006-624a26ab6d65
2023-07-25 10:56:45,660 [5afa7191-cd14-4635-a86c-27235fe9851c-groupManagement] INFO  server.RaftServerConfigKeys (ConfUtils.java:logGet(46)) - raft.server.log.queue.byte-limit = 4294967296 (custom)
2023-07-25 10:56:45,660 [5afa7191-cd14-4635-a86c-27235fe9851c-groupManagement] INFO  server.RaftServerConfigKeys (ConfUtils.java:logGet(46)) - raft.server.log.queue.element-limit = 1024 (custom)
2023-07-25 10:56:45,660 [5afa7191-cd14-4635-a86c-27235fe9851c-groupManagement] INFO  server.RaftServerConfigKeys (ConfUtils.java:logGet(46)) - raft.server.log.segment.size.max = 1048576 (custom)
2023-07-25 10:56:45,660 [5afa7191-cd14-4635-a86c-27235fe9851c-groupManagement] INFO  server.RaftServerConfigKeys (ConfUtils.java:logGet(46)) - raft.server.log.preallocated.size = 16384 (custom)
2023-07-25 10:56:45,660 [5afa7191-cd14-4635-a86c-27235fe9851c-groupManagement] INFO  server.RaftServerConfigKeys (ConfUtils.java:logGet(46)) - raft.server.log.force.sync.num = 128 (default)
2023-07-25 10:56:45,660 [5afa7191-cd14-4635-a86c-27235fe9851c-groupManagement] INFO  server.RaftServerConfigKeys (ConfUtils.java:logGet(46)) - raft.server.log.statemachine.data.sync = true (default)
2023-07-25 10:56:45,660 [5afa7191-cd14-4635-a86c-27235fe9851c-groupManagement] INFO  server.RaftServerConfigKeys (ConfUtils.java:logGet(46)) - raft.server.log.statemachine.data.sync.timeout = 10s (default)
2023-07-25 10:56:45,660 [5afa7191-cd14-4635-a86c-27235fe9851c-groupManagement] INFO  server.RaftServerConfigKeys (ConfUtils.java:logGet(46)) - raft.server.log.statemachine.data.sync.timeout.retry = -1 (default)
2023-07-25 10:56:45,661 [5afa7191-cd14-4635-a86c-27235fe9851c-groupManagement] INFO  server.RaftServerConfigKeys (ConfUtils.java:logGet(46)) - raft.server.log.write.buffer.size = 1048576 (custom)
2023-07-25 10:56:45,661 [5afa7191-cd14-4635-a86c-27235fe9851c-groupManagement] INFO  server.RaftServerConfigKeys (ConfUtils.java:logGet(46)) - raft.server.log.appender.buffer.byte-limit = 33554432 (custom)
2023-07-25 10:56:45,675 [5afa7191-cd14-4635-a86c-27235fe9851c-groupManagement] INFO  server.RaftServerConfigKeys (ConfUtils.java:logGet(46)) - raft.server.log.unsafe-flush.enabled = false (default)
2023-07-25 10:56:45,675 [5afa7191-cd14-4635-a86c-27235fe9851c-groupManagement] INFO  server.RaftServerConfigKeys (ConfUtils.java:logGet(46)) - raft.server.log.async-flush.enabled = false (default)
2023-07-25 10:56:45,675 [5afa7191-cd14-4635-a86c-27235fe9851c-groupManagement] INFO  server.RaftServerConfigKeys (ConfUtils.java:logGet(46)) - raft.server.log.statemachine.data.caching.enabled = true (custom)
2023-07-25 10:56:45,675 [5afa7191-cd14-4635-a86c-27235fe9851c-groupManagement] INFO  segmented.SegmentedRaftLogWorker (SegmentedRaftLogWorker.java:lambda$new$0(135)) - 5afa7191-cd14-4635-a86c-27235fe9851c@group-624A26AB6D65-SegmentedRaftLogWorker: flushIndex: setUnconditionally 0 -> -1
2023-07-25 10:56:45,675 [5afa7191-cd14-4635-a86c-27235fe9851c-groupManagement] INFO  segmented.SegmentedRaftLogWorker (SegmentedRaftLogWorker.java:lambda$new$0(135)) - 5afa7191-cd14-4635-a86c-27235fe9851c@group-624A26AB6D65-SegmentedRaftLogWorker: safeCacheEvictIndex: setUnconditionally 0 -> -1
2023-07-25 10:56:45,680 [5afa7191-cd14-4635-a86c-27235fe9851c-groupManagement] INFO  server.RaftServer$Division (RaftServerImpl.java:start(342)) - 5afa7191-cd14-4635-a86c-27235fe9851c@group-624A26AB6D65: start as a follower, conf=-1: peers:[5afa7191-cd14-4635-a86c-27235fe9851c|rpc:10.1.0.57:15094|admin:10.1.0.57:15093|client:10.1.0.57:15092|dataStream:10.1.0.57:15095|priority:1|startupRole:FOLLOWER]|listeners:[], old=null
2023-07-25 10:56:45,680 [5afa7191-cd14-4635-a86c-27235fe9851c-groupManagement] INFO  server.RaftServer$Division (RaftServerImpl.java:setRole(329)) - 5afa7191-cd14-4635-a86c-27235fe9851c@group-624A26AB6D65: changes role from      null to FOLLOWER at term 0 for startAsFollower
2023-07-25 10:56:45,680 [5afa7191-cd14-4635-a86c-27235fe9851c-groupManagement] INFO  impl.RoleInfo (RoleInfo.java:updateAndGet(139)) - 5afa7191-cd14-4635-a86c-27235fe9851c: start 5afa7191-cd14-4635-a86c-27235fe9851c@group-624A26AB6D65-FollowerState
2023-07-25 10:56:45,680 [5afa7191-cd14-4635-a86c-27235fe9851c@group-624A26AB6D65-FollowerState] INFO  server.RaftServerConfigKeys (ConfUtils.java:logFallback(53)) - raft.server.rpc.first-election.timeout.min = 5s (fallback to raft.server.rpc.timeout.min)
2023-07-25 10:56:45,680 [5afa7191-cd14-4635-a86c-27235fe9851c-groupManagement] INFO  util.JmxRegister (JmxRegister.java:tryRegister(44)) - Successfully registered JMX Bean with object name Ratis:service=RaftServer,group=group-624A26AB6D65,id=5afa7191-cd14-4635-a86c-27235fe9851c
2023-07-25 10:56:45,680 [5afa7191-cd14-4635-a86c-27235fe9851c@group-624A26AB6D65-FollowerState] INFO  server.RaftServerConfigKeys (ConfUtils.java:logFallback(53)) - raft.server.rpc.first-election.timeout.max = 5200ms (fallback to raft.server.rpc.timeout.max)
2023-07-25 10:56:45,681 [5afa7191-cd14-4635-a86c-27235fe9851c-groupManagement] INFO  server.RaftServerConfigKeys (ConfUtils.java:logGet(46)) - raft.server.snapshot.auto.trigger.enabled = true (custom)
2023-07-25 10:56:45,681 [5afa7191-cd14-4635-a86c-27235fe9851c-groupManagement] INFO  server.RaftServerConfigKeys (ConfUtils.java:logGet(46)) - raft.server.snapshot.auto.trigger.threshold = 10000 (custom)
2023-07-25 10:56:45,681 [5afa7191-cd14-4635-a86c-27235fe9851c-groupManagement] INFO  server.RaftServerConfigKeys (ConfUtils.java:logGet(46)) - raft.server.snapshot.retention.file.num = 5 (custom)
2023-07-25 10:56:45,681 [5afa7191-cd14-4635-a86c-27235fe9851c-groupManagement] INFO  server.RaftServerConfigKeys (ConfUtils.java:logGet(46)) - raft.server.log.purge.upto.snapshot.index = false (default)
2023-07-25 10:56:45,685 [PipelineCommandHandlerThread-0] INFO  ratis.XceiverServerRatis (XceiverServerRatis.java:addGroup(804)) - Created group PipelineID=c0a69973-e62d-4666-9006-624a26ab6d65
2023-07-25 10:56:45,685 [PipelineCommandHandlerThread-0] INFO  commandhandler.CreatePipelineCommandHandler (CreatePipelineCommandHandler.java:lambda$handle$2(124)) - Created Pipeline RATIS ONE PipelineID=c0a69973-e62d-4666-9006-624a26ab6d65.
2023-07-25 10:56:45,989 [main] INFO  ozone.MiniOzoneClusterImpl (MiniOzoneClusterImpl.java:lambda$waitForClusterToBeReady$0(224)) - Nodes are ready. Got 5 of 5 DN Heartbeats.
2023-07-25 10:56:45,989 [main] INFO  ozone.MiniOzoneClusterImpl (MiniOzoneClusterImpl.java:lambda$waitForClusterToBeReady$0(227)) - Waiting for cluster to exit safe mode
2023-07-25 10:56:45,989 [main] INFO  ozone.MiniOzoneClusterImpl (MiniOzoneClusterImpl.java:lambda$waitForClusterToBeReady$0(229)) - SCM became leader
2023-07-25 10:56:45,993 [PipelineCommandHandlerThread-0] INFO  server.RaftServer (RaftServerProxy.java:addNew(98)) - 818707a6-4adf-4ab4-8830-ca289259fe44: addNew group-1A0AE6874A0D:[818707a6-4adf-4ab4-8830-ca289259fe44|rpc:10.1.0.57:15103|admin:10.1.0.57:15102|client:10.1.0.57:15101|dataStream:10.1.0.57:15104|priority:1|startupRole:FOLLOWER] returns group-1A0AE6874A0D:java.util.concurrent.CompletableFuture@5b555f63[Not completed]
2023-07-25 10:56:45,994 [818707a6-4adf-4ab4-8830-ca289259fe44-groupManagement] INFO  server.RaftServer$Division (RaftServerImpl.java:<init>(198)) - 818707a6-4adf-4ab4-8830-ca289259fe44: new RaftServerImpl for group-1A0AE6874A0D:[818707a6-4adf-4ab4-8830-ca289259fe44|rpc:10.1.0.57:15103|admin:10.1.0.57:15102|client:10.1.0.57:15101|dataStream:10.1.0.57:15104|priority:1|startupRole:FOLLOWER] with ContainerStateMachine:uninitialized
2023-07-25 10:56:45,994 [818707a6-4adf-4ab4-8830-ca289259fe44-groupManagement] INFO  server.RaftServerConfigKeys (ConfUtils.java:logGet(46)) - raft.server.rpc.timeout.min = 5s (custom)
2023-07-25 10:56:45,994 [818707a6-4adf-4ab4-8830-ca289259fe44-groupManagement] INFO  server.RaftServerConfigKeys (ConfUtils.java:logGet(46)) - raft.server.rpc.timeout.max = 5200ms (custom)
2023-07-25 10:56:45,994 [818707a6-4adf-4ab4-8830-ca289259fe44-groupManagement] INFO  server.RaftServerConfigKeys (ConfUtils.java:logGet(46)) - raft.server.rpc.sleep.time = 25ms (default)
2023-07-25 10:56:45,994 [818707a6-4adf-4ab4-8830-ca289259fe44-groupManagement] INFO  server.RaftServerConfigKeys (ConfUtils.java:logGet(46)) - raft.server.rpc.slowness.timeout = 300s (custom)
2023-07-25 10:56:45,994 [818707a6-4adf-4ab4-8830-ca289259fe44-groupManagement] INFO  server.RaftServerConfigKeys (ConfUtils.java:logGet(46)) - raft.server.leaderelection.leader.step-down.wait-time = 10s (default)
2023-07-25 10:56:45,994 [818707a6-4adf-4ab4-8830-ca289259fe44-groupManagement] INFO  server.RaftServerConfigKeys (ConfUtils.java:logGet(46)) - raft.server.sleep.deviation.threshold = 300ms (default)
2023-07-25 10:56:45,994 [818707a6-4adf-4ab4-8830-ca289259fe44-groupManagement] INFO  server.RaftServer$Division (ServerState.java:<init>(120)) - 818707a6-4adf-4ab4-8830-ca289259fe44@group-1A0AE6874A0D: ConfigurationManager, init=-1: peers:[818707a6-4adf-4ab4-8830-ca289259fe44|rpc:10.1.0.57:15103|admin:10.1.0.57:15102|client:10.1.0.57:15101|dataStream:10.1.0.57:15104|priority:1|startupRole:FOLLOWER]|listeners:[], old=null, confs=<EMPTY_MAP>
2023-07-25 10:56:45,995 [818707a6-4adf-4ab4-8830-ca289259fe44-groupManagement] INFO  server.RaftServerConfigKeys (ConfUtils.java:logGet(46)) - raft.server.storage.dir = [/home/runner/work/ozone/ozone/hadoop-ozone/integration-test/target/test-dir/MiniOzoneClusterImpl-c4e06dc0-ae81-4e14-96b7-eb66a98ebf91/datanode-4/data/ratis] (custom)
2023-07-25 10:56:45,995 [818707a6-4adf-4ab4-8830-ca289259fe44-groupManagement] INFO  server.RaftServerConfigKeys (ConfUtils.java:logGet(46)) - raft.server.log.corruption.policy = EXCEPTION (default)
2023-07-25 10:56:45,995 [818707a6-4adf-4ab4-8830-ca289259fe44-groupManagement] INFO  server.RaftServerConfigKeys (ConfUtils.java:logGet(46)) - raft.server.storage.free-space.min = 0MB (=0) (default)
2023-07-25 10:56:45,995 [818707a6-4adf-4ab4-8830-ca289259fe44-groupManagement] INFO  server.RaftServerConfigKeys (ConfUtils.java:logGet(46)) - raft.server.notification.no-leader.timeout = 300s (custom)
2023-07-25 10:56:45,997 [818707a6-4adf-4ab4-8830-ca289259fe44-groupManagement] INFO  server.RaftServerConfigKeys (ConfUtils.java:logGet(46)) - raft.server.read.timeout = 10s (default)
2023-07-25 10:56:45,997 [818707a6-4adf-4ab4-8830-ca289259fe44-groupManagement] INFO  server.RaftServerConfigKeys (ConfUtils.java:logGet(46)) - raft.server.retrycache.expirytime = 600000ms (custom)
2023-07-25 10:56:45,997 [818707a6-4adf-4ab4-8830-ca289259fe44-groupManagement] INFO  server.RaftServerConfigKeys (ConfUtils.java:logGet(46)) - raft.server.retrycache.statistics.expirytime = 100μs (default)
2023-07-25 10:56:45,997 [818707a6-4adf-4ab4-8830-ca289259fe44-groupManagement] INFO  server.RaftServerConfigKeys (ConfUtils.java:logGet(46)) - raft.server.read.option = DEFAULT (default)
2023-07-25 10:56:46,001 [818707a6-4adf-4ab4-8830-ca289259fe44-groupManagement] INFO  server.RaftServerConfigKeys (ConfUtils.java:logGet(46)) - raft.server.rpc.request.timeout = 60s (custom)
2023-07-25 10:56:46,001 [818707a6-4adf-4ab4-8830-ca289259fe44-groupManagement] INFO  server.RaftServerConfigKeys (ConfUtils.java:logGet(46)) - raft.server.log.appender.install.snapshot.enabled = false (custom)
2023-07-25 10:56:46,001 [818707a6-4adf-4ab4-8830-ca289259fe44-groupManagement] INFO  server.RaftServerConfigKeys (ConfUtils.java:logGet(46)) - raft.server.threadpool.server.cached = true (default)
2023-07-25 10:56:46,001 [818707a6-4adf-4ab4-8830-ca289259fe44-groupManagement] INFO  server.RaftServerConfigKeys (ConfUtils.java:logGet(46)) - raft.server.threadpool.server.size = 0 (default)
2023-07-25 10:56:46,001 [818707a6-4adf-4ab4-8830-ca289259fe44-groupManagement] INFO  server.RaftServerConfigKeys (ConfUtils.java:logGet(46)) - raft.server.threadpool.client.cached = true (default)
2023-07-25 10:56:46,001 [818707a6-4adf-4ab4-8830-ca289259fe44-groupManagement] INFO  server.RaftServerConfigKeys (ConfUtils.java:logGet(46)) - raft.server.threadpool.client.size = 0 (default)
2023-07-25 10:56:46,002 [818707a6-4adf-4ab4-8830-ca289259fe44-groupManagement] INFO  storage.RaftStorageDirectory (RaftStorageDirectoryImpl.java:analyzeStorage(137)) - The storage directory /home/runner/work/ozone/ozone/hadoop-ozone/integration-test/target/test-dir/MiniOzoneClusterImpl-c4e06dc0-ae81-4e14-96b7-eb66a98ebf91/datanode-4/data/ratis/f134738c-54dc-489b-84b3-1a0ae6874a0d does not exist. Creating ...
2023-07-25 10:56:46,003 [818707a6-4adf-4ab4-8830-ca289259fe44-groupManagement] INFO  storage.RaftStorageDirectory (RaftStorageDirectoryImpl.java:tryLock(231)) - Lock on /home/runner/work/ozone/ozone/hadoop-ozone/integration-test/target/test-dir/MiniOzoneClusterImpl-c4e06dc0-ae81-4e14-96b7-eb66a98ebf91/datanode-4/data/ratis/f134738c-54dc-489b-84b3-1a0ae6874a0d/in_use.lock acquired by nodename 12703@fv-az82-323
2023-07-25 10:56:46,005 [818707a6-4adf-4ab4-8830-ca289259fe44-groupManagement] INFO  storage.RaftStorage (RaftStorageImpl.java:format(96)) - Storage directory /home/runner/work/ozone/ozone/hadoop-ozone/integration-test/target/test-dir/MiniOzoneClusterImpl-c4e06dc0-ae81-4e14-96b7-eb66a98ebf91/datanode-4/data/ratis/f134738c-54dc-489b-84b3-1a0ae6874a0d has been successfully formatted.
2023-07-25 10:56:46,006 [818707a6-4adf-4ab4-8830-ca289259fe44-groupManagement] INFO  ratis.ContainerStateMachine (ContainerStateMachine.java:loadSnapshot(262)) - group-1A0AE6874A0D: The snapshot info is null. Setting the last applied indexto:(t:0, i:~)
2023-07-25 10:56:46,006 [818707a6-4adf-4ab4-8830-ca289259fe44-groupManagement] INFO  server.RaftServerConfigKeys (ConfUtils.java:logGet(46)) - raft.server.log.use.memory = false (default)
2023-07-25 10:56:46,007 [818707a6-4adf-4ab4-8830-ca289259fe44-groupManagement] INFO  server.RaftServerConfigKeys (ConfUtils.java:logGet(46)) - raft.server.log.purge.gap = 1000000 (custom)
2023-07-25 10:56:46,007 [818707a6-4adf-4ab4-8830-ca289259fe44-groupManagement] INFO  server.RaftServerConfigKeys (ConfUtils.java:logGet(46)) - raft.server.log.appender.buffer.byte-limit = 33554432 (custom)
2023-07-25 10:56:46,007 [818707a6-4adf-4ab4-8830-ca289259fe44-groupManagement] INFO  server.RaftServerConfigKeys (ConfUtils.java:logGet(46)) - raft.server.log.statemachine.data.read.timeout = 1000ms (default)
2023-07-25 10:56:46,007 [818707a6-4adf-4ab4-8830-ca289259fe44-groupManagement] INFO  server.RaftServerConfigKeys (ConfUtils.java:logGet(46)) - raft.server.log.purge.preservation.log.num = 0 (default)
2023-07-25 10:56:46,007 [818707a6-4adf-4ab4-8830-ca289259fe44-groupManagement] INFO  server.RaftServerConfigKeys (ConfUtils.java:logGet(46)) - raft.server.log.segment.size.max = 1048576 (custom)
2023-07-25 10:56:46,007 [818707a6-4adf-4ab4-8830-ca289259fe44-groupManagement] INFO  server.RaftServerConfigKeys (ConfUtils.java:logGet(46)) - raft.server.log.segment.cache.num.max = 2 (custom)
2023-07-25 10:56:46,007 [818707a6-4adf-4ab4-8830-ca289259fe44-groupManagement] INFO  server.RaftServerConfigKeys (ConfUtils.java:logGet(46)) - raft.server.log.segment.cache.size.max = 200MB (=209715200) (default)
2023-07-25 10:56:46,008 [818707a6-4adf-4ab4-8830-ca289259fe44-groupManagement] INFO  server.RaftServerConfigKeys (ConfUtils.java:logGet(46)) - raft.server.log.appender.buffer.byte-limit = 33554432 (custom)
2023-07-25 10:56:46,008 [818707a6-4adf-4ab4-8830-ca289259fe44-groupManagement] INFO  segmented.SegmentedRaftLogWorker (SegmentedRaftLogWorker.java:<init>(188)) - new 818707a6-4adf-4ab4-8830-ca289259fe44@group-1A0AE6874A0D-SegmentedRaftLogWorker for RaftStorageImpl:Storage Directory /home/runner/work/ozone/ozone/hadoop-ozone/integration-test/target/test-dir/MiniOzoneClusterImpl-c4e06dc0-ae81-4e14-96b7-eb66a98ebf91/datanode-4/data/ratis/f134738c-54dc-489b-84b3-1a0ae6874a0d
2023-07-25 10:56:46,008 [818707a6-4adf-4ab4-8830-ca289259fe44-groupManagement] INFO  server.RaftServerConfigKeys (ConfUtils.java:logGet(46)) - raft.server.log.queue.byte-limit = 4294967296 (custom)
2023-07-25 10:56:46,008 [818707a6-4adf-4ab4-8830-ca289259fe44-groupManagement] INFO  server.RaftServerConfigKeys (ConfUtils.java:logGet(46)) - raft.server.log.queue.element-limit = 1024 (custom)
2023-07-25 10:56:46,008 [818707a6-4adf-4ab4-8830-ca289259fe44-groupManagement] INFO  server.RaftServerConfigKeys (ConfUtils.java:logGet(46)) - raft.server.log.segment.size.max = 1048576 (custom)
2023-07-25 10:56:46,008 [818707a6-4adf-4ab4-8830-ca289259fe44-groupManagement] INFO  server.RaftServerConfigKeys (ConfUtils.java:logGet(46)) - raft.server.log.preallocated.size = 16384 (custom)
2023-07-25 10:56:46,008 [818707a6-4adf-4ab4-8830-ca289259fe44-groupManagement] INFO  server.RaftServerConfigKeys (ConfUtils.java:logGet(46)) - raft.server.log.force.sync.num = 128 (default)
2023-07-25 10:56:46,008 [818707a6-4adf-4ab4-8830-ca289259fe44-groupManagement] INFO  server.RaftServerConfigKeys (ConfUtils.java:logGet(46)) - raft.server.log.statemachine.data.sync = true (default)
2023-07-25 10:56:46,008 [818707a6-4adf-4ab4-8830-ca289259fe44-groupManagement] INFO  server.RaftServerConfigKeys (ConfUtils.java:logGet(46)) - raft.server.log.statemachine.data.sync.timeout = 10s (default)
2023-07-25 10:56:46,008 [818707a6-4adf-4ab4-8830-ca289259fe44-groupManagement] INFO  server.RaftServerConfigKeys (ConfUtils.java:logGet(46)) - raft.server.log.statemachine.data.sync.timeout.retry = -1 (default)
2023-07-25 10:56:46,009 [818707a6-4adf-4ab4-8830-ca289259fe44-groupManagement] INFO  server.RaftServerConfigKeys (ConfUtils.java:logGet(46)) - raft.server.log.write.buffer.size = 1048576 (custom)
2023-07-25 10:56:46,009 [818707a6-4adf-4ab4-8830-ca289259fe44-groupManagement] INFO  server.RaftServerConfigKeys (ConfUtils.java:logGet(46)) - raft.server.log.appender.buffer.byte-limit = 33554432 (custom)
2023-07-25 10:56:46,009 [EventQueue-PipelineReportForPipelineReportHandler] INFO  pipeline.PipelineReportHandler (PipelineReportHandler.java:processPipelineReport(136)) - Opened pipeline PipelineID=f134738c-54dc-489b-84b3-1a0ae6874a0d
2023-07-25 10:56:46,009 [EventQueue-OpenPipelineForHealthyPipelineSafeModeRule] INFO  safemode.SCMSafeModeManager (HealthyPipelineSafeModeRule.java:process(137)) - SCM in safe mode. Healthy pipelines reported count is 0, required healthy pipeline reported count is 1
2023-07-25 10:56:46,016 [818707a6-4adf-4ab4-8830-ca289259fe44-groupManagement] INFO  server.RaftServerConfigKeys (ConfUtils.java:logGet(46)) - raft.server.log.unsafe-flush.enabled = false (default)
2023-07-25 10:56:46,016 [818707a6-4adf-4ab4-8830-ca289259fe44-groupManagement] INFO  server.RaftServerConfigKeys (ConfUtils.java:logGet(46)) - raft.server.log.async-flush.enabled = false (default)
2023-07-25 10:56:46,016 [818707a6-4adf-4ab4-8830-ca289259fe44-groupManagement] INFO  server.RaftServerConfigKeys (ConfUtils.java:logGet(46)) - raft.server.log.statemachine.data.caching.enabled = true (custom)
2023-07-25 10:56:46,016 [818707a6-4adf-4ab4-8830-ca289259fe44-groupManagement] INFO  segmented.SegmentedRaftLogWorker (SegmentedRaftLogWorker.java:lambda$new$0(135)) - 818707a6-4adf-4ab4-8830-ca289259fe44@group-1A0AE6874A0D-SegmentedRaftLogWorker: flushIndex: setUnconditionally 0 -> -1
2023-07-25 10:56:46,016 [818707a6-4adf-4ab4-8830-ca289259fe44-groupManagement] INFO  segmented.SegmentedRaftLogWorker (SegmentedRaftLogWorker.java:lambda$new$0(135)) - 818707a6-4adf-4ab4-8830-ca289259fe44@group-1A0AE6874A0D-SegmentedRaftLogWorker: safeCacheEvictIndex: setUnconditionally 0 -> -1
2023-07-25 10:56:46,019 [818707a6-4adf-4ab4-8830-ca289259fe44-groupManagement] INFO  server.RaftServer$Division (RaftServerImpl.java:start(342)) - 818707a6-4adf-4ab4-8830-ca289259fe44@group-1A0AE6874A0D: start as a follower, conf=-1: peers:[818707a6-4adf-4ab4-8830-ca289259fe44|rpc:10.1.0.57:15103|admin:10.1.0.57:15102|client:10.1.0.57:15101|dataStream:10.1.0.57:15104|priority:1|startupRole:FOLLOWER]|listeners:[], old=null
2023-07-25 10:56:46,019 [818707a6-4adf-4ab4-8830-ca289259fe44-groupManagement] INFO  server.RaftServer$Division (RaftServerImpl.java:setRole(329)) - 818707a6-4adf-4ab4-8830-ca289259fe44@group-1A0AE6874A0D: changes role from      null to FOLLOWER at term 0 for startAsFollower
2023-07-25 10:56:46,019 [818707a6-4adf-4ab4-8830-ca289259fe44-groupManagement] INFO  impl.RoleInfo (RoleInfo.java:updateAndGet(139)) - 818707a6-4adf-4ab4-8830-ca289259fe44: start 818707a6-4adf-4ab4-8830-ca289259fe44@group-1A0AE6874A0D-FollowerState
2023-07-25 10:56:46,020 [818707a6-4adf-4ab4-8830-ca289259fe44-groupManagement] INFO  util.JmxRegister (JmxRegister.java:tryRegister(44)) - Successfully registered JMX Bean with object name Ratis:service=RaftServer,group=group-1A0AE6874A0D,id=818707a6-4adf-4ab4-8830-ca289259fe44
2023-07-25 10:56:46,020 [818707a6-4adf-4ab4-8830-ca289259fe44-groupManagement] INFO  server.RaftServerConfigKeys (ConfUtils.java:logGet(46)) - raft.server.snapshot.auto.trigger.enabled = true (custom)
2023-07-25 10:56:46,020 [818707a6-4adf-4ab4-8830-ca289259fe44-groupManagement] INFO  server.RaftServerConfigKeys (ConfUtils.java:logGet(46)) - raft.server.snapshot.auto.trigger.threshold = 10000 (custom)
2023-07-25 10:56:46,020 [818707a6-4adf-4ab4-8830-ca289259fe44-groupManagement] INFO  server.RaftServerConfigKeys (ConfUtils.java:logGet(46)) - raft.server.snapshot.retention.file.num = 5 (custom)
2023-07-25 10:56:46,020 [818707a6-4adf-4ab4-8830-ca289259fe44-groupManagement] INFO  server.RaftServerConfigKeys (ConfUtils.java:logGet(46)) - raft.server.log.purge.upto.snapshot.index = false (default)
2023-07-25 10:56:46,021 [818707a6-4adf-4ab4-8830-ca289259fe44@group-1A0AE6874A0D-FollowerState] INFO  server.RaftServerConfigKeys (ConfUtils.java:logFallback(53)) - raft.server.rpc.first-election.timeout.min = 5s (fallback to raft.server.rpc.timeout.min)
2023-07-25 10:56:46,021 [818707a6-4adf-4ab4-8830-ca289259fe44@group-1A0AE6874A0D-FollowerState] INFO  server.RaftServerConfigKeys (ConfUtils.java:logFallback(53)) - raft.server.rpc.first-election.timeout.max = 5200ms (fallback to raft.server.rpc.timeout.max)
2023-07-25 10:56:46,024 [PipelineCommandHandlerThread-0] INFO  ratis.XceiverServerRatis (XceiverServerRatis.java:addGroup(804)) - Created group PipelineID=f134738c-54dc-489b-84b3-1a0ae6874a0d
2023-07-25 10:56:46,025 [PipelineCommandHandlerThread-0] INFO  commandhandler.CreatePipelineCommandHandler (CreatePipelineCommandHandler.java:lambda$handle$2(124)) - Created Pipeline RATIS ONE PipelineID=f134738c-54dc-489b-84b3-1a0ae6874a0d.
2023-07-25 10:56:46,990 [main] INFO  ozone.MiniOzoneClusterImpl (MiniOzoneClusterImpl.java:lambda$waitForClusterToBeReady$0(224)) - Nodes are ready. Got 5 of 5 DN Heartbeats.
2023-07-25 10:56:46,990 [main] INFO  ozone.MiniOzoneClusterImpl (MiniOzoneClusterImpl.java:lambda$waitForClusterToBeReady$0(227)) - Waiting for cluster to exit safe mode
2023-07-25 10:56:46,990 [main] INFO  ozone.MiniOzoneClusterImpl (MiniOzoneClusterImpl.java:lambda$waitForClusterToBeReady$0(229)) - SCM became leader
2023-07-25 10:56:47,991 [main] INFO  ozone.MiniOzoneClusterImpl (MiniOzoneClusterImpl.java:lambda$waitForClusterToBeReady$0(224)) - Nodes are ready. Got 5 of 5 DN Heartbeats.
2023-07-25 10:56:47,991 [main] INFO  ozone.MiniOzoneClusterImpl (MiniOzoneClusterImpl.java:lambda$waitForClusterToBeReady$0(227)) - Waiting for cluster to exit safe mode
2023-07-25 10:56:47,991 [main] INFO  ozone.MiniOzoneClusterImpl (MiniOzoneClusterImpl.java:lambda$waitForClusterToBeReady$0(229)) - SCM became leader
2023-07-25 10:56:48,991 [main] INFO  ozone.MiniOzoneClusterImpl (MiniOzoneClusterImpl.java:lambda$waitForClusterToBeReady$0(224)) - Nodes are ready. Got 5 of 5 DN Heartbeats.
2023-07-25 10:56:48,992 [main] INFO  ozone.MiniOzoneClusterImpl (MiniOzoneClusterImpl.java:lambda$waitForClusterToBeReady$0(227)) - Waiting for cluster to exit safe mode
2023-07-25 10:56:48,992 [main] INFO  ozone.MiniOzoneClusterImpl (MiniOzoneClusterImpl.java:lambda$waitForClusterToBeReady$0(229)) - SCM became leader
2023-07-25 10:56:49,651 [2ac24d38-c694-40fc-bc53-1be83d90b269@group-09DA246398F3-FollowerState] INFO  impl.FollowerState (FollowerState.java:run(143)) - 2ac24d38-c694-40fc-bc53-1be83d90b269@group-09DA246398F3-FollowerState: change to CANDIDATE, lastRpcElapsedTime:5195164024ns, electionTimeout:5193ms
2023-07-25 10:56:49,651 [2ac24d38-c694-40fc-bc53-1be83d90b269@group-09DA246398F3-FollowerState] INFO  impl.RoleInfo (RoleInfo.java:shutdownFollowerState(110)) - 2ac24d38-c694-40fc-bc53-1be83d90b269: shutdown 2ac24d38-c694-40fc-bc53-1be83d90b269@group-09DA246398F3-FollowerState
2023-07-25 10:56:49,651 [2ac24d38-c694-40fc-bc53-1be83d90b269@group-09DA246398F3-FollowerState] INFO  server.RaftServer$Division (RaftServerImpl.java:setRole(329)) - 2ac24d38-c694-40fc-bc53-1be83d90b269@group-09DA246398F3: changes role from  FOLLOWER to CANDIDATE at term 0 for changeToCandidate
2023-07-25 10:56:49,652 [2ac24d38-c694-40fc-bc53-1be83d90b269@group-09DA246398F3-FollowerState] INFO  server.RaftServerConfigKeys (ConfUtils.java:logGet(46)) - raft.server.leaderelection.pre-vote = true (default)
2023-07-25 10:56:49,652 [2ac24d38-c694-40fc-bc53-1be83d90b269@group-09DA246398F3-FollowerState] INFO  impl.RoleInfo (RoleInfo.java:updateAndGet(139)) - 2ac24d38-c694-40fc-bc53-1be83d90b269: start 2ac24d38-c694-40fc-bc53-1be83d90b269@group-09DA246398F3-LeaderElection10
2023-07-25 10:56:49,655 [2ac24d38-c694-40fc-bc53-1be83d90b269@group-09DA246398F3-LeaderElection10] INFO  impl.LeaderElection (LeaderElection.java:askForVotes(321)) - 2ac24d38-c694-40fc-bc53-1be83d90b269@group-09DA246398F3-LeaderElection10 PRE_VOTE round 0: submit vote requests at term 0 for -1: peers:[2ac24d38-c694-40fc-bc53-1be83d90b269|rpc:10.1.0.57:15067|admin:10.1.0.57:15066|client:10.1.0.57:15065|dataStream:10.1.0.57:15068|priority:1|startupRole:FOLLOWER]|listeners:[], old=null
2023-07-25 10:56:49,655 [2ac24d38-c694-40fc-bc53-1be83d90b269@group-09DA246398F3-LeaderElection10] INFO  impl.LeaderElection (LeaderElection.java:askForVotes(323)) - 2ac24d38-c694-40fc-bc53-1be83d90b269@group-09DA246398F3-LeaderElection10 PRE_VOTE round 0: result PASSED (term=0)
2023-07-25 10:56:49,657 [2ac24d38-c694-40fc-bc53-1be83d90b269@group-09DA246398F3-LeaderElection10] INFO  impl.LeaderElection (LeaderElection.java:askForVotes(321)) - 2ac24d38-c694-40fc-bc53-1be83d90b269@group-09DA246398F3-LeaderElection10 ELECTION round 0: submit vote requests at term 1 for -1: peers:[2ac24d38-c694-40fc-bc53-1be83d90b269|rpc:10.1.0.57:15067|admin:10.1.0.57:15066|client:10.1.0.57:15065|dataStream:10.1.0.57:15068|priority:1|startupRole:FOLLOWER]|listeners:[], old=null
2023-07-25 10:56:49,657 [2ac24d38-c694-40fc-bc53-1be83d90b269@group-09DA246398F3-LeaderElection10] INFO  impl.LeaderElection (LeaderElection.java:askForVotes(323)) - 2ac24d38-c694-40fc-bc53-1be83d90b269@group-09DA246398F3-LeaderElection10 ELECTION round 0: result PASSED (term=1)
2023-07-25 10:56:49,657 [2ac24d38-c694-40fc-bc53-1be83d90b269@group-09DA246398F3-LeaderElection10] INFO  impl.RoleInfo (RoleInfo.java:shutdownLeaderElection(130)) - 2ac24d38-c694-40fc-bc53-1be83d90b269: shutdown 2ac24d38-c694-40fc-bc53-1be83d90b269@group-09DA246398F3-LeaderElection10
2023-07-25 10:56:49,657 [2ac24d38-c694-40fc-bc53-1be83d90b269@group-09DA246398F3-LeaderElection10] INFO  server.RaftServer$Division (RaftServerImpl.java:setRole(329)) - 2ac24d38-c694-40fc-bc53-1be83d90b269@group-09DA246398F3: changes role from CANDIDATE to LEADER at term 1 for changeToLeader
2023-07-25 10:56:49,657 [2ac24d38-c694-40fc-bc53-1be83d90b269@group-09DA246398F3-LeaderElection10] INFO  ratis.XceiverServerRatis (XceiverServerRatis.java:handleLeaderChangedNotification(902)) - Leader change notification received for group: group-09DA246398F3 with new leaderId: 2ac24d38-c694-40fc-bc53-1be83d90b269
2023-07-25 10:56:49,658 [2ac24d38-c694-40fc-bc53-1be83d90b269@group-09DA246398F3-LeaderElection10] INFO  server.RaftServer$Division (ServerState.java:setLeader(317)) - 2ac24d38-c694-40fc-bc53-1be83d90b269@group-09DA246398F3: change Leader from null to 2ac24d38-c694-40fc-bc53-1be83d90b269 at term 1 for becomeLeader, leader elected after 5225ms
2023-07-25 10:56:49,658 [2ac24d38-c694-40fc-bc53-1be83d90b269@group-09DA246398F3-LeaderElection10] INFO  server.RaftServerConfigKeys (ConfUtils.java:logGet(46)) - raft.server.staging.catchup.gap = 1000 (default)
2023-07-25 10:56:49,658 [2ac24d38-c694-40fc-bc53-1be83d90b269@group-09DA246398F3-LeaderElection10] INFO  server.RaftServerConfigKeys (ConfUtils.java:logGet(46)) - raft.server.write.element-limit = 1024 (custom)
2023-07-25 10:56:49,658 [2ac24d38-c694-40fc-bc53-1be83d90b269@group-09DA246398F3-LeaderElection10] INFO  server.RaftServerConfigKeys (ConfUtils.java:logGet(46)) - raft.server.write.byte-limit = 1024 M (=1073741824) (custom)
2023-07-25 10:56:49,659 [2ac24d38-c694-40fc-bc53-1be83d90b269@group-09DA246398F3-LeaderElection10] INFO  server.RaftServerConfigKeys (ConfUtils.java:logGet(46)) - raft.server.watch.timeout = 180s (custom)
2023-07-25 10:56:49,659 [EventQueue-OpenPipelineForHealthyPipelineSafeModeRule] INFO  safemode.SCMSafeModeManager (HealthyPipelineSafeModeRule.java:process(137)) - SCM in safe mode. Healthy pipelines reported count is 0, required healthy pipeline reported count is 1
2023-07-25 10:56:49,660 [2ac24d38-c694-40fc-bc53-1be83d90b269@group-09DA246398F3-LeaderElection10] INFO  server.RaftServerConfigKeys (ConfUtils.java:logGet(46)) - raft.server.watch.timeout.denomination = 1s (default)
2023-07-25 10:56:49,660 [2ac24d38-c694-40fc-bc53-1be83d90b269@group-09DA246398F3-LeaderElection10] INFO  server.RaftServerConfigKeys (ConfUtils.java:logGet(46)) - raft.server.watch.element-limit = 65536 (default)
2023-07-25 10:56:49,660 [2ac24d38-c694-40fc-bc53-1be83d90b269@group-09DA246398F3-LeaderElection10] INFO  server.RaftServerConfigKeys (ConfUtils.java:logGet(46)) - raft.server.write.element-limit = 1024 (custom)
2023-07-25 10:56:49,660 [2ac24d38-c694-40fc-bc53-1be83d90b269@group-09DA246398F3-LeaderElection10] INFO  server.RaftServerConfigKeys (ConfUtils.java:logGet(46)) - raft.server.write.follower.gap.ratio.max = -1.0 (default)
2023-07-25 10:56:49,660 [2ac24d38-c694-40fc-bc53-1be83d90b269@group-09DA246398F3-LeaderElection10] INFO  impl.RoleInfo (RoleInfo.java:updateAndGet(139)) - 2ac24d38-c694-40fc-bc53-1be83d90b269: start 2ac24d38-c694-40fc-bc53-1be83d90b269@group-09DA246398F3-LeaderStateImpl
2023-07-25 10:56:49,661 [2ac24d38-c694-40fc-bc53-1be83d90b269@group-09DA246398F3-LeaderElection10] INFO  segmented.SegmentedRaftLogWorker (SegmentedRaftLogWorker.java:startLogSegment(447)) - 2ac24d38-c694-40fc-bc53-1be83d90b269@group-09DA246398F3-SegmentedRaftLogWorker: Starting segment from index:0
2023-07-25 10:56:49,662 [2ac24d38-c694-40fc-bc53-1be83d90b269@group-09DA246398F3-LeaderElection10] INFO  server.RaftServer$Division (ServerState.java:setRaftConf(434)) - 2ac24d38-c694-40fc-bc53-1be83d90b269@group-09DA246398F3: set configuration 0: peers:[2ac24d38-c694-40fc-bc53-1be83d90b269|rpc:10.1.0.57:15067|admin:10.1.0.57:15066|client:10.1.0.57:15065|dataStream:10.1.0.57:15068|priority:1|startupRole:FOLLOWER]|listeners:[], old=null
2023-07-25 10:56:49,663 [2ac24d38-c694-40fc-bc53-1be83d90b269@group-09DA246398F3-SegmentedRaftLogWorker] INFO  segmented.SegmentedRaftLogWorker (SegmentedRaftLogWorker.java:execute(651)) - 2ac24d38-c694-40fc-bc53-1be83d90b269@group-09DA246398F3-SegmentedRaftLogWorker: created new log segment /home/runner/work/ozone/ozone/hadoop-ozone/integration-test/target/test-dir/MiniOzoneClusterImpl-c4e06dc0-ae81-4e14-96b7-eb66a98ebf91/datanode-0/data/ratis/9dcdd796-88e7-47b9-9a3c-09da246398f3/current/log_inprogress_0
2023-07-25 10:56:49,664 [2ac24d38-c694-40fc-bc53-1be83d90b269@group-3EF0DF633C12-FollowerState] INFO  impl.FollowerState (FollowerState.java:run(143)) - 2ac24d38-c694-40fc-bc53-1be83d90b269@group-3EF0DF633C12-FollowerState: change to CANDIDATE, lastRpcElapsedTime:5179069959ns, electionTimeout:5174ms
2023-07-25 10:56:49,664 [2ac24d38-c694-40fc-bc53-1be83d90b269@group-3EF0DF633C12-FollowerState] INFO  impl.RoleInfo (RoleInfo.java:shutdownFollowerState(110)) - 2ac24d38-c694-40fc-bc53-1be83d90b269: shutdown 2ac24d38-c694-40fc-bc53-1be83d90b269@group-3EF0DF633C12-FollowerState
2023-07-25 10:56:49,664 [2ac24d38-c694-40fc-bc53-1be83d90b269@group-3EF0DF633C12-FollowerState] INFO  server.RaftServer$Division (RaftServerImpl.java:setRole(329)) - 2ac24d38-c694-40fc-bc53-1be83d90b269@group-3EF0DF633C12: changes role from  FOLLOWER to CANDIDATE at term 0 for changeToCandidate
2023-07-25 10:56:49,664 [2ac24d38-c694-40fc-bc53-1be83d90b269@group-3EF0DF633C12-FollowerState] INFO  server.RaftServerConfigKeys (ConfUtils.java:logGet(46)) - raft.server.leaderelection.pre-vote = true (default)
2023-07-25 10:56:49,664 [2ac24d38-c694-40fc-bc53-1be83d90b269@group-3EF0DF633C12-FollowerState] INFO  impl.RoleInfo (RoleInfo.java:updateAndGet(139)) - 2ac24d38-c694-40fc-bc53-1be83d90b269: start 2ac24d38-c694-40fc-bc53-1be83d90b269@group-3EF0DF633C12-LeaderElection11
2023-07-25 10:56:49,673 [2ac24d38-c694-40fc-bc53-1be83d90b269@group-3EF0DF633C12-LeaderElection11] INFO  impl.LeaderElection (LeaderElection.java:askForVotes(321)) - 2ac24d38-c694-40fc-bc53-1be83d90b269@group-3EF0DF633C12-LeaderElection11 PRE_VOTE round 0: submit vote requests at term 0 for -1: peers:[ab2ae7ff-5675-45b3-bfb0-4ee1241a3635|rpc:10.1.0.57:15076|admin:10.1.0.57:15075|client:10.1.0.57:15074|dataStream:10.1.0.57:15077|priority:0|startupRole:FOLLOWER, 2ac24d38-c694-40fc-bc53-1be83d90b269|rpc:10.1.0.57:15067|admin:10.1.0.57:15066|client:10.1.0.57:15065|dataStream:10.1.0.57:15068|priority:1|startupRole:FOLLOWER, 2333f530-c3e7-4f84-815f-5beaea2403db|rpc:10.1.0.57:15085|admin:10.1.0.57:15084|client:10.1.0.57:15083|dataStream:10.1.0.57:15086|priority:0|startupRole:FOLLOWER]|listeners:[], old=null
2023-07-25 10:56:49,674 [2ac24d38-c694-40fc-bc53-1be83d90b269@group-3EF0DF633C12-LeaderElection11-1] INFO  server.GrpcServerProtocolClient (GrpcServerProtocolClient.java:<init>(65)) - Build channel for ab2ae7ff-5675-45b3-bfb0-4ee1241a3635
2023-07-25 10:56:49,674 [2ac24d38-c694-40fc-bc53-1be83d90b269@group-3EF0DF633C12-LeaderElection11] INFO  server.RaftServerConfigKeys (ConfUtils.java:logFallback(53)) - raft.server.rpc.first-election.timeout.min = 5s (fallback to raft.server.rpc.timeout.min)
2023-07-25 10:56:49,675 [2ac24d38-c694-40fc-bc53-1be83d90b269@group-3EF0DF633C12-LeaderElection11] INFO  server.RaftServerConfigKeys (ConfUtils.java:logFallback(53)) - raft.server.rpc.first-election.timeout.max = 5200ms (fallback to raft.server.rpc.timeout.max)
2023-07-25 10:56:49,675 [2ac24d38-c694-40fc-bc53-1be83d90b269@group-3EF0DF633C12-LeaderElection11-2] INFO  server.GrpcServerProtocolClient (GrpcServerProtocolClient.java:<init>(65)) - Build channel for 2333f530-c3e7-4f84-815f-5beaea2403db
2023-07-25 10:56:49,683 [grpc-default-executor-8] INFO  server.RaftServer$Division (RaftServerImpl.java:requestVote(1302)) - ab2ae7ff-5675-45b3-bfb0-4ee1241a3635@group-3EF0DF633C12: receive requestVote(PRE_VOTE, 2ac24d38-c694-40fc-bc53-1be83d90b269, group-3EF0DF633C12, 0, (t:0, i:0))
2023-07-25 10:56:49,683 [grpc-default-executor-8] INFO  impl.VoteContext (VoteContext.java:log(49)) - ab2ae7ff-5675-45b3-bfb0-4ee1241a3635@group-3EF0DF633C12-FOLLOWER: accept PRE_VOTE from 2ac24d38-c694-40fc-bc53-1be83d90b269: our priority 0 <= candidate's priority 1
2023-07-25 10:56:49,683 [grpc-default-executor-8] INFO  server.RaftServer$Division (RaftServerImpl.java:requestVote(1335)) - ab2ae7ff-5675-45b3-bfb0-4ee1241a3635@group-3EF0DF633C12 replies to PRE_VOTE vote request: 2ac24d38-c694-40fc-bc53-1be83d90b269<-ab2ae7ff-5675-45b3-bfb0-4ee1241a3635#0:OK-t0. Peer's state: ab2ae7ff-5675-45b3-bfb0-4ee1241a3635@group-3EF0DF633C12:t0, leader=null, voted=, raftlog=Memoized:ab2ae7ff-5675-45b3-bfb0-4ee1241a3635@group-3EF0DF633C12-SegmentedRaftLog:OPENED:c-1, conf=-1: peers:[ab2ae7ff-5675-45b3-bfb0-4ee1241a3635|rpc:10.1.0.57:15076|admin:10.1.0.57:15075|client:10.1.0.57:15074|dataStream:10.1.0.57:15077|priority:0|startupRole:FOLLOWER, 2ac24d38-c694-40fc-bc53-1be83d90b269|rpc:10.1.0.57:15067|admin:10.1.0.57:15066|client:10.1.0.57:15065|dataStream:10.1.0.57:15068|priority:1|startupRole:FOLLOWER, 2333f530-c3e7-4f84-815f-5beaea2403db|rpc:10.1.0.57:15085|admin:10.1.0.57:15084|client:10.1.0.57:15083|dataStream:10.1.0.57:15086|priority:0|startupRole:FOLLOWER]|listeners:[], old=null
2023-07-25 10:56:49,684 [2ac24d38-c694-40fc-bc53-1be83d90b269@group-3EF0DF633C12-LeaderElection11] INFO  impl.LeaderElection (LeaderElection.java:logAndReturn(90)) - 2ac24d38-c694-40fc-bc53-1be83d90b269@group-3EF0DF633C12-LeaderElection11: PRE_VOTE PASSED received 1 response(s) and 0 exception(s):
2023-07-25 10:56:49,684 [2ac24d38-c694-40fc-bc53-1be83d90b269@group-3EF0DF633C12-LeaderElection11] INFO  impl.LeaderElection (LeaderElection.java:logAndReturn(94)) -   Response 0: 2ac24d38-c694-40fc-bc53-1be83d90b269<-ab2ae7ff-5675-45b3-bfb0-4ee1241a3635#0:OK-t0
2023-07-25 10:56:49,684 [2ac24d38-c694-40fc-bc53-1be83d90b269@group-3EF0DF633C12-LeaderElection11] INFO  impl.LeaderElection (LeaderElection.java:askForVotes(323)) - 2ac24d38-c694-40fc-bc53-1be83d90b269@group-3EF0DF633C12-LeaderElection11 PRE_VOTE round 0: result PASSED
2023-07-25 10:56:49,689 [2ac24d38-c694-40fc-bc53-1be83d90b269@group-3EF0DF633C12-LeaderElection11] INFO  impl.LeaderElection (LeaderElection.java:askForVotes(321)) - 2ac24d38-c694-40fc-bc53-1be83d90b269@group-3EF0DF633C12-LeaderElection11 ELECTION round 0: submit vote requests at term 1 for -1: peers:[ab2ae7ff-5675-45b3-bfb0-4ee1241a3635|rpc:10.1.0.57:15076|admin:10.1.0.57:15075|client:10.1.0.57:15074|dataStream:10.1.0.57:15077|priority:0|startupRole:FOLLOWER, 2ac24d38-c694-40fc-bc53-1be83d90b269|rpc:10.1.0.57:15067|admin:10.1.0.57:15066|client:10.1.0.57:15065|dataStream:10.1.0.57:15068|priority:1|startupRole:FOLLOWER, 2333f530-c3e7-4f84-815f-5beaea2403db|rpc:10.1.0.57:15085|admin:10.1.0.57:15084|client:10.1.0.57:15083|dataStream:10.1.0.57:15086|priority:0|startupRole:FOLLOWER]|listeners:[], old=null
2023-07-25 10:56:49,697 [2ac24d38-c694-40fc-bc53-1be83d90b269@group-3EF0DF633C12-LeaderElection11] INFO  server.RaftServerConfigKeys (ConfUtils.java:logFallback(53)) - raft.server.rpc.first-election.timeout.min = 5s (fallback to raft.server.rpc.timeout.min)
2023-07-25 10:56:49,697 [grpc-default-executor-8] INFO  server.RaftServer$Division (RaftServerImpl.java:requestVote(1302)) - ab2ae7ff-5675-45b3-bfb0-4ee1241a3635@group-3EF0DF633C12: receive requestVote(ELECTION, 2ac24d38-c694-40fc-bc53-1be83d90b269, group-3EF0DF633C12, 1, (t:0, i:0))
2023-07-25 10:56:49,697 [2ac24d38-c694-40fc-bc53-1be83d90b269@group-3EF0DF633C12-LeaderElection11] INFO  server.RaftServerConfigKeys (ConfUtils.java:logFallback(53)) - raft.server.rpc.first-election.timeout.max = 5200ms (fallback to raft.server.rpc.timeout.max)
2023-07-25 10:56:49,697 [grpc-default-executor-8] INFO  impl.VoteContext (VoteContext.java:log(49)) - ab2ae7ff-5675-45b3-bfb0-4ee1241a3635@group-3EF0DF633C12-FOLLOWER: accept ELECTION from 2ac24d38-c694-40fc-bc53-1be83d90b269: our priority 0 <= candidate's priority 1
2023-07-25 10:56:49,697 [grpc-default-executor-8] INFO  server.RaftServer$Division (RaftServerImpl.java:setRole(329)) - ab2ae7ff-5675-45b3-bfb0-4ee1241a3635@group-3EF0DF633C12: changes role from  FOLLOWER to FOLLOWER at term 1 for candidate:2ac24d38-c694-40fc-bc53-1be83d90b269
2023-07-25 10:56:49,697 [grpc-default-executor-8] INFO  impl.RoleInfo (RoleInfo.java:shutdownFollowerState(110)) - ab2ae7ff-5675-45b3-bfb0-4ee1241a3635: shutdown ab2ae7ff-5675-45b3-bfb0-4ee1241a3635@group-3EF0DF633C12-FollowerState
2023-07-25 10:56:49,697 [grpc-default-executor-8] INFO  impl.RoleInfo (RoleInfo.java:updateAndGet(139)) - ab2ae7ff-5675-45b3-bfb0-4ee1241a3635: start ab2ae7ff-5675-45b3-bfb0-4ee1241a3635@group-3EF0DF633C12-FollowerState
2023-07-25 10:56:49,697 [ab2ae7ff-5675-45b3-bfb0-4ee1241a3635@group-3EF0DF633C12-FollowerState] INFO  impl.FollowerState (FollowerState.java:run(152)) - ab2ae7ff-5675-45b3-bfb0-4ee1241a3635@group-3EF0DF633C12-FollowerState was interrupted
2023-07-25 10:56:49,698 [grpc-default-executor-6] INFO  server.RaftServer$Division (RaftServerImpl.java:requestVote(1302)) - 2333f530-c3e7-4f84-815f-5beaea2403db@group-3EF0DF633C12: receive requestVote(PRE_VOTE, 2ac24d38-c694-40fc-bc53-1be83d90b269, group-3EF0DF633C12, 0, (t:0, i:0))
2023-07-25 10:56:49,698 [grpc-default-executor-6] INFO  impl.VoteContext (VoteContext.java:log(49)) - 2333f530-c3e7-4f84-815f-5beaea2403db@group-3EF0DF633C12-FOLLOWER: accept PRE_VOTE from 2ac24d38-c694-40fc-bc53-1be83d90b269: our priority 0 <= candidate's priority 1
2023-07-25 10:56:49,698 [grpc-default-executor-6] INFO  server.RaftServer$Division (RaftServerImpl.java:requestVote(1335)) - 2333f530-c3e7-4f84-815f-5beaea2403db@group-3EF0DF633C12 replies to PRE_VOTE vote request: 2ac24d38-c694-40fc-bc53-1be83d90b269<-2333f530-c3e7-4f84-815f-5beaea2403db#0:OK-t0. Peer's state: 2333f530-c3e7-4f84-815f-5beaea2403db@group-3EF0DF633C12:t0, leader=null, voted=, raftlog=Memoized:2333f530-c3e7-4f84-815f-5beaea2403db@group-3EF0DF633C12-SegmentedRaftLog:OPENED:c-1, conf=-1: peers:[ab2ae7ff-5675-45b3-bfb0-4ee1241a3635|rpc:10.1.0.57:15076|admin:10.1.0.57:15075|client:10.1.0.57:15074|dataStream:10.1.0.57:15077|priority:0|startupRole:FOLLOWER, 2ac24d38-c694-40fc-bc53-1be83d90b269|rpc:10.1.0.57:15067|admin:10.1.0.57:15066|client:10.1.0.57:15065|dataStream:10.1.0.57:15068|priority:1|startupRole:FOLLOWER, 2333f530-c3e7-4f84-815f-5beaea2403db|rpc:10.1.0.57:15085|admin:10.1.0.57:15084|client:10.1.0.57:15083|dataStream:10.1.0.57:15086|priority:0|startupRole:FOLLOWER]|listeners:[], old=null
2023-07-25 10:56:49,704 [grpc-default-executor-8] INFO  server.RaftServer$Division (RaftServerImpl.java:requestVote(1335)) - ab2ae7ff-5675-45b3-bfb0-4ee1241a3635@group-3EF0DF633C12 replies to ELECTION vote request: 2ac24d38-c694-40fc-bc53-1be83d90b269<-ab2ae7ff-5675-45b3-bfb0-4ee1241a3635#0:OK-t1. Peer's state: ab2ae7ff-5675-45b3-bfb0-4ee1241a3635@group-3EF0DF633C12:t1, leader=null, voted=2ac24d38-c694-40fc-bc53-1be83d90b269, raftlog=Memoized:ab2ae7ff-5675-45b3-bfb0-4ee1241a3635@group-3EF0DF633C12-SegmentedRaftLog:OPENED:c-1, conf=-1: peers:[ab2ae7ff-5675-45b3-bfb0-4ee1241a3635|rpc:10.1.0.57:15076|admin:10.1.0.57:15075|client:10.1.0.57:15074|dataStream:10.1.0.57:15077|priority:0|startupRole:FOLLOWER, 2ac24d38-c694-40fc-bc53-1be83d90b269|rpc:10.1.0.57:15067|admin:10.1.0.57:15066|client:10.1.0.57:15065|dataStream:10.1.0.57:15068|priority:1|startupRole:FOLLOWER, 2333f530-c3e7-4f84-815f-5beaea2403db|rpc:10.1.0.57:15085|admin:10.1.0.57:15084|client:10.1.0.57:15083|dataStream:10.1.0.57:15086|priority:0|startupRole:FOLLOWER]|listeners:[], old=null
2023-07-25 10:56:49,708 [2ac24d38-c694-40fc-bc53-1be83d90b269@group-3EF0DF633C12-LeaderElection11] INFO  impl.LeaderElection (LeaderElection.java:logAndReturn(90)) - 2ac24d38-c694-40fc-bc53-1be83d90b269@group-3EF0DF633C12-LeaderElection11: ELECTION PASSED received 1 response(s) and 0 exception(s):
2023-07-25 10:56:49,709 [2ac24d38-c694-40fc-bc53-1be83d90b269@group-3EF0DF633C12-LeaderElection11] INFO  impl.LeaderElection (LeaderElection.java:logAndReturn(94)) -   Response 0: 2ac24d38-c694-40fc-bc53-1be83d90b269<-ab2ae7ff-5675-45b3-bfb0-4ee1241a3635#0:OK-t1
2023-07-25 10:56:49,709 [2ac24d38-c694-40fc-bc53-1be83d90b269@group-3EF0DF633C12-LeaderElection11] INFO  impl.LeaderElection (LeaderElection.java:askForVotes(323)) - 2ac24d38-c694-40fc-bc53-1be83d90b269@group-3EF0DF633C12-LeaderElection11 ELECTION round 0: result PASSED
2023-07-25 10:56:49,709 [2ac24d38-c694-40fc-bc53-1be83d90b269@group-3EF0DF633C12-LeaderElection11] INFO  impl.RoleInfo (RoleInfo.java:shutdownLeaderElection(130)) - 2ac24d38-c694-40fc-bc53-1be83d90b269: shutdown 2ac24d38-c694-40fc-bc53-1be83d90b269@group-3EF0DF633C12-LeaderElection11
2023-07-25 10:56:49,709 [2ac24d38-c694-40fc-bc53-1be83d90b269@group-3EF0DF633C12-LeaderElection11] INFO  server.RaftServer$Division (RaftServerImpl.java:setRole(329)) - 2ac24d38-c694-40fc-bc53-1be83d90b269@group-3EF0DF633C12: changes role from CANDIDATE to LEADER at term 1 for changeToLeader
2023-07-25 10:56:49,709 [2ac24d38-c694-40fc-bc53-1be83d90b269@group-3EF0DF633C12-LeaderElection11] INFO  ratis.XceiverServerRatis (XceiverServerRatis.java:handleLeaderChangedNotification(902)) - Leader change notification received for group: group-3EF0DF633C12 with new leaderId: 2ac24d38-c694-40fc-bc53-1be83d90b269
2023-07-25 10:56:49,709 [2ac24d38-c694-40fc-bc53-1be83d90b269@group-3EF0DF633C12-LeaderElection11] INFO  server.RaftServer$Division (ServerState.java:setLeader(317)) - 2ac24d38-c694-40fc-bc53-1be83d90b269@group-3EF0DF633C12: change Leader from null to 2ac24d38-c694-40fc-bc53-1be83d90b269 at term 1 for becomeLeader, leader elected after 5244ms
2023-07-25 10:56:49,709 [2ac24d38-c694-40fc-bc53-1be83d90b269@group-3EF0DF633C12-LeaderElection11] INFO  server.RaftServerConfigKeys (ConfUtils.java:logGet(46)) - raft.server.staging.catchup.gap = 1000 (default)
2023-07-25 10:56:49,709 [2ac24d38-c694-40fc-bc53-1be83d90b269@group-3EF0DF633C12-LeaderElection11] INFO  server.RaftServerConfigKeys (ConfUtils.java:logGet(46)) - raft.server.write.element-limit = 1024 (custom)
2023-07-25 10:56:49,709 [2ac24d38-c694-40fc-bc53-1be83d90b269@group-3EF0DF633C12-LeaderElection11] INFO  server.RaftServerConfigKeys (ConfUtils.java:logGet(46)) - raft.server.write.byte-limit = 1024 M (=1073741824) (custom)
2023-07-25 10:56:49,710 [2ac24d38-c694-40fc-bc53-1be83d90b269@group-3EF0DF633C12-LeaderElection11] INFO  server.RaftServerConfigKeys (ConfUtils.java:logGet(46)) - raft.server.watch.timeout = 180s (custom)
2023-07-25 10:56:49,710 [2ac24d38-c694-40fc-bc53-1be83d90b269@group-3EF0DF633C12-LeaderElection11] INFO  server.RaftServerConfigKeys (ConfUtils.java:logGet(46)) - raft.server.watch.timeout.denomination = 1s (default)
2023-07-25 10:56:49,710 [2ac24d38-c694-40fc-bc53-1be83d90b269@group-3EF0DF633C12-LeaderElection11] INFO  server.RaftServerConfigKeys (ConfUtils.java:logGet(46)) - raft.server.watch.element-limit = 65536 (default)
2023-07-25 10:56:49,710 [2ac24d38-c694-40fc-bc53-1be83d90b269@group-3EF0DF633C12-LeaderElection11] INFO  server.RaftServerConfigKeys (ConfUtils.java:logGet(46)) - raft.server.write.element-limit = 1024 (custom)
2023-07-25 10:56:49,710 [2ac24d38-c694-40fc-bc53-1be83d90b269@group-3EF0DF633C12-LeaderElection11] INFO  server.RaftServerConfigKeys (ConfUtils.java:logGet(46)) - raft.server.write.follower.gap.ratio.max = -1.0 (default)
2023-07-25 10:56:49,710 [2ac24d38-c694-40fc-bc53-1be83d90b269@group-3EF0DF633C12-LeaderElection11] INFO  server.RaftServerConfigKeys (ConfUtils.java:logGet(46)) - raft.server.log.appender.snapshot.chunk.size.max = 16MB (=16777216) (default)
2023-07-25 10:56:49,711 [2ac24d38-c694-40fc-bc53-1be83d90b269@group-3EF0DF633C12-LeaderElection11] INFO  server.RaftServerConfigKeys (ConfUtils.java:logGet(46)) - raft.server.log.appender.buffer.byte-limit = 33554432 (custom)
2023-07-25 10:56:49,711 [2ac24d38-c694-40fc-bc53-1be83d90b269@group-3EF0DF633C12-LeaderElection11] INFO  server.RaftServerConfigKeys (ConfUtils.java:logGet(46)) - raft.server.log.appender.buffer.element-limit = 1 (custom)
2023-07-25 10:56:49,711 [2ac24d38-c694-40fc-bc53-1be83d90b269@group-3EF0DF633C12-LeaderElection11] INFO  server.RaftServerConfigKeys (ConfUtils.java:logGet(46)) - raft.server.log.appender.wait-time.min = 10ms (default)
2023-07-25 10:56:49,711 [2ac24d38-c694-40fc-bc53-1be83d90b269@group-3EF0DF633C12-LeaderElection11] INFO  grpc.GrpcConfigKeys (ConfUtils.java:logGet(46)) - raft.grpc.server.leader.outstanding.appends.max = 128 (default)
2023-07-25 10:56:49,711 [2ac24d38-c694-40fc-bc53-1be83d90b269@group-3EF0DF633C12-LeaderElection11] INFO  server.RaftServerConfigKeys (ConfUtils.java:logGet(46)) - raft.server.rpc.request.timeout = 60s (custom)
2023-07-25 10:56:49,711 [2ac24d38-c694-40fc-bc53-1be83d90b269@group-3EF0DF633C12-LeaderElection11] INFO  grpc.GrpcConfigKeys (ConfUtils.java:logGet(46)) - raft.grpc.server.install_snapshot.request.element-limit = 8 (default)
2023-07-25 10:56:49,711 [2ac24d38-c694-40fc-bc53-1be83d90b269@group-3EF0DF633C12-LeaderElection11] INFO  grpc.GrpcConfigKeys (ConfUtils.java:logGet(46)) - raft.grpc.server.install_snapshot.request.timeout = 3000ms (default)
2023-07-25 10:56:49,711 [2ac24d38-c694-40fc-bc53-1be83d90b269@group-3EF0DF633C12-LeaderElection11] INFO  server.RaftServerConfigKeys (ConfUtils.java:logGet(46)) - raft.server.log.appender.install.snapshot.enabled = false (custom)
2023-07-25 10:56:49,711 [2ac24d38-c694-40fc-bc53-1be83d90b269@group-3EF0DF633C12-LeaderElection11] INFO  grpc.GrpcConfigKeys (ConfUtils.java:logGet(46)) - raft.grpc.server.heartbeat.channel = true (default)
2023-07-25 10:56:49,712 [2ac24d38-c694-40fc-bc53-1be83d90b269@group-3EF0DF633C12-LeaderElection11] INFO  server.RaftServerConfigKeys (ConfUtils.java:logGet(46)) - raft.server.log.appender.snapshot.chunk.size.max = 16MB (=16777216) (default)
2023-07-25 10:56:49,712 [2ac24d38-c694-40fc-bc53-1be83d90b269@group-3EF0DF633C12-LeaderElection11] INFO  server.RaftServerConfigKeys (ConfUtils.java:logGet(46)) - raft.server.log.appender.buffer.byte-limit = 33554432 (custom)
2023-07-25 10:56:49,712 [2ac24d38-c694-40fc-bc53-1be83d90b269@group-3EF0DF633C12-LeaderElection11] INFO  server.RaftServerConfigKeys (ConfUtils.java:logGet(46)) - raft.server.log.appender.buffer.element-limit = 1 (custom)
2023-07-25 10:56:49,712 [2ac24d38-c694-40fc-bc53-1be83d90b269@group-3EF0DF633C12-LeaderElection11] INFO  server.RaftServerConfigKeys (ConfUtils.java:logGet(46)) - raft.server.log.appender.wait-time.min = 10ms (default)
2023-07-25 10:56:49,712 [2ac24d38-c694-40fc-bc53-1be83d90b269@group-3EF0DF633C12-LeaderElection11] INFO  grpc.GrpcConfigKeys (ConfUtils.java:logGet(46)) - raft.grpc.server.leader.outstanding.appends.max = 128 (default)
2023-07-25 10:56:49,712 [2ac24d38-c694-40fc-bc53-1be83d90b269@group-3EF0DF633C12-LeaderElection11] INFO  server.RaftServerConfigKeys (ConfUtils.java:logGet(46)) - raft.server.rpc.request.timeout = 60s (custom)
2023-07-25 10:56:49,712 [2ac24d38-c694-40fc-bc53-1be83d90b269@group-3EF0DF633C12-LeaderElection11] INFO  grpc.GrpcConfigKeys (ConfUtils.java:logGet(46)) - raft.grpc.server.install_snapshot.request.element-limit = 8 (default)
2023-07-25 10:56:49,712 [2ac24d38-c694-40fc-bc53-1be83d90b269@group-3EF0DF633C12-LeaderElection11] INFO  grpc.GrpcConfigKeys (ConfUtils.java:logGet(46)) - raft.grpc.server.install_snapshot.request.timeout = 3000ms (default)
2023-07-25 10:56:49,712 [2ac24d38-c694-40fc-bc53-1be83d90b269@group-3EF0DF633C12-LeaderElection11] INFO  server.RaftServerConfigKeys (ConfUtils.java:logGet(46)) - raft.server.log.appender.install.snapshot.enabled = false (custom)
2023-07-25 10:56:49,713 [2ac24d38-c694-40fc-bc53-1be83d90b269@group-3EF0DF633C12-LeaderElection11] INFO  grpc.GrpcConfigKeys (ConfUtils.java:logGet(46)) - raft.grpc.server.heartbeat.channel = true (default)
2023-07-25 10:56:49,716 [2ac24d38-c694-40fc-bc53-1be83d90b269@group-3EF0DF633C12-LeaderElection11] INFO  impl.RoleInfo (RoleInfo.java:updateAndGet(139)) - 2ac24d38-c694-40fc-bc53-1be83d90b269: start 2ac24d38-c694-40fc-bc53-1be83d90b269@group-3EF0DF633C12-LeaderStateImpl
2023-07-25 10:56:49,716 [2ac24d38-c694-40fc-bc53-1be83d90b269@group-3EF0DF633C12-LeaderElection11] INFO  segmented.SegmentedRaftLogWorker (SegmentedRaftLogWorker.java:startLogSegment(447)) - 2ac24d38-c694-40fc-bc53-1be83d90b269@group-3EF0DF633C12-SegmentedRaftLogWorker: Starting segment from index:0
2023-07-25 10:56:49,717 [EventQueue-PipelineReportForPipelineReportHandler] INFO  pipeline.PipelineReportHandler (PipelineReportHandler.java:processPipelineReport(136)) - Opened pipeline PipelineID=14b2ae0b-e598-4241-bf0d-3ef0df633c12
2023-07-25 10:56:49,717 [EventQueue-OpenPipelineForHealthyPipelineSafeModeRule] INFO  safemode.SCMSafeModeManager (HealthyPipelineSafeModeRule.java:process(137)) - SCM in safe mode. Healthy pipelines reported count is 0, required healthy pipeline reported count is 1
2023-07-25 10:56:49,717 [EventQueue-OpenPipelineForHealthyPipelineSafeModeRule] INFO  safemode.SCMSafeModeManager (HealthyPipelineSafeModeRule.java:process(137)) - SCM in safe mode. Healthy pipelines reported count is 1, required healthy pipeline reported count is 1
2023-07-25 10:56:49,717 [EventQueue-OpenPipelineForHealthyPipelineSafeModeRule] INFO  safemode.SCMSafeModeManager (SCMSafeModeManager.java:validateSafeModeExitRules(200)) - HealthyPipelineSafeModeRule rule is successfully validated
2023-07-25 10:56:49,717 [EventQueue-OpenPipelineForHealthyPipelineSafeModeRule] INFO  safemode.SCMSafeModeManager (SCMSafeModeManager.java:validateSafeModeExitRules(215)) - ScmSafeModeManager, all rules are successfully validated
2023-07-25 10:56:49,717 [EventQueue-OpenPipelineForHealthyPipelineSafeModeRule] INFO  safemode.SCMSafeModeManager (SCMSafeModeManager.java:exitSafeMode(244)) - SCM exiting safe mode.
2023-07-25 10:56:49,717 [EventQueue-OpenPipelineForHealthyPipelineSafeModeRule] INFO  ha.SCMContext (SCMContext.java:updateSafeModeStatus(228)) - Update SafeModeStatus from SafeModeStatus{safeModeStatus=true, preCheckPassed=true} to SafeModeStatus{safeModeStatus=false, preCheckPassed=true}.
2023-07-25 10:56:49,718 [EventQueue-OpenPipelineForHealthyPipelineSafeModeRule] INFO  pipeline.BackgroundPipelineCreator (BackgroundPipelineCreator.java:notifyStatusChanged(255)) - Service BackgroundPipelineCreator transitions to RUNNING.
2023-07-25 10:56:49,718 [EventQueue-OpenPipelineForHealthyPipelineSafeModeRule] INFO  BackgroundPipelineScrubber (BackgroundSCMService.java:notifyStatusChanged(82)) - Service BackgroundPipelineScrubber transitions to RUNNING.
2023-07-25 10:56:49,718 [EventQueue-OpenPipelineForHealthyPipelineSafeModeRule] INFO  ExpiredContainerReplicaOpScrubber (BackgroundSCMService.java:notifyStatusChanged(82)) - Service ExpiredContainerReplicaOpScrubber transitions to RUNNING.
2023-07-25 10:56:49,718 [EventQueue-OpenPipelineForHealthyPipelineSafeModeRule] INFO  replication.ReplicationManager (ReplicationManager.java:notifyStatusChanged(1366)) - Service ReplicationManager transitions to RUNNING.
2023-07-25 10:56:49,720 [2ac24d38-c694-40fc-bc53-1be83d90b269@group-3EF0DF633C12-SegmentedRaftLogWorker] INFO  segmented.SegmentedRaftLogWorker (SegmentedRaftLogWorker.java:execute(651)) - 2ac24d38-c694-40fc-bc53-1be83d90b269@group-3EF0DF633C12-SegmentedRaftLogWorker: created new log segment /home/runner/work/ozone/ozone/hadoop-ozone/integration-test/target/test-dir/MiniOzoneClusterImpl-c4e06dc0-ae81-4e14-96b7-eb66a98ebf91/datanode-0/data/ratis/14b2ae0b-e598-4241-bf0d-3ef0df633c12/current/log_inprogress_0
2023-07-25 10:56:49,718 [EventQueue-OpenPipelineForHealthyPipelineSafeModeRule] WARN  balancer.ContainerBalancer (ContainerBalancer.java:shouldRun(134)) - Could not find persisted configuration for ContainerBalancer when checking if ContainerBalancer should run. ContainerBalancer should not run now.
2023-07-25 10:56:49,726 [grpc-default-executor-8] INFO  server.RaftServer$Division (RaftServerImpl.java:requestVote(1302)) - 2333f530-c3e7-4f84-815f-5beaea2403db@group-3EF0DF633C12: receive requestVote(ELECTION, 2ac24d38-c694-40fc-bc53-1be83d90b269, group-3EF0DF633C12, 1, (t:0, i:0))
2023-07-25 10:56:49,727 [grpc-default-executor-8] INFO  impl.VoteContext (VoteContext.java:log(49)) - 2333f530-c3e7-4f84-815f-5beaea2403db@group-3EF0DF633C12-FOLLOWER: accept ELECTION from 2ac24d38-c694-40fc-bc53-1be83d90b269: our priority 0 <= candidate's priority 1
2023-07-25 10:56:49,727 [grpc-default-executor-8] INFO  server.RaftServer$Division (RaftServerImpl.java:setRole(329)) - 2333f530-c3e7-4f84-815f-5beaea2403db@group-3EF0DF633C12: changes role from  FOLLOWER to FOLLOWER at term 1 for candidate:2ac24d38-c694-40fc-bc53-1be83d90b269
2023-07-25 10:56:49,727 [grpc-default-executor-8] INFO  impl.RoleInfo (RoleInfo.java:shutdownFollowerState(110)) - 2333f530-c3e7-4f84-815f-5beaea2403db: shutdown 2333f530-c3e7-4f84-815f-5beaea2403db@group-3EF0DF633C12-FollowerState
2023-07-25 10:56:49,728 [grpc-default-executor-8] INFO  impl.RoleInfo (RoleInfo.java:updateAndGet(139)) - 2333f530-c3e7-4f84-815f-5beaea2403db: start 2333f530-c3e7-4f84-815f-5beaea2403db@group-3EF0DF633C12-FollowerState
2023-07-25 10:56:49,729 [2333f530-c3e7-4f84-815f-5beaea2403db@group-3EF0DF633C12-FollowerState] INFO  impl.FollowerState (FollowerState.java:run(152)) - 2333f530-c3e7-4f84-815f-5beaea2403db@group-3EF0DF633C12-FollowerState was interrupted
2023-07-25 10:56:49,743 [grpc-default-executor-8] INFO  server.RaftServer$Division (RaftServerImpl.java:requestVote(1335)) - 2333f530-c3e7-4f84-815f-5beaea2403db@group-3EF0DF633C12 replies to ELECTION vote request: 2ac24d38-c694-40fc-bc53-1be83d90b269<-2333f530-c3e7-4f84-815f-5beaea2403db#0:OK-t1. Peer's state: 2333f530-c3e7-4f84-815f-5beaea2403db@group-3EF0DF633C12:t1, leader=null, voted=2ac24d38-c694-40fc-bc53-1be83d90b269, raftlog=Memoized:2333f530-c3e7-4f84-815f-5beaea2403db@group-3EF0DF633C12-SegmentedRaftLog:OPENED:c-1, conf=-1: peers:[ab2ae7ff-5675-45b3-bfb0-4ee1241a3635|rpc:10.1.0.57:15076|admin:10.1.0.57:15075|client:10.1.0.57:15074|dataStream:10.1.0.57:15077|priority:0|startupRole:FOLLOWER, 2ac24d38-c694-40fc-bc53-1be83d90b269|rpc:10.1.0.57:15067|admin:10.1.0.57:15066|client:10.1.0.57:15065|dataStream:10.1.0.57:15068|priority:1|startupRole:FOLLOWER, 2333f530-c3e7-4f84-815f-5beaea2403db|rpc:10.1.0.57:15085|admin:10.1.0.57:15084|client:10.1.0.57:15083|dataStream:10.1.0.57:15086|priority:0|startupRole:FOLLOWER]|listeners:[], old=null
2023-07-25 10:56:49,744 [2ac24d38-c694-40fc-bc53-1be83d90b269@group-3EF0DF633C12-LeaderElection11] INFO  server.RaftServer$Division (ServerState.java:setRaftConf(434)) - 2ac24d38-c694-40fc-bc53-1be83d90b269@group-3EF0DF633C12: set configuration 0: peers:[ab2ae7ff-5675-45b3-bfb0-4ee1241a3635|rpc:10.1.0.57:15076|admin:10.1.0.57:15075|client:10.1.0.57:15074|dataStream:10.1.0.57:15077|priority:0|startupRole:FOLLOWER, 2ac24d38-c694-40fc-bc53-1be83d90b269|rpc:10.1.0.57:15067|admin:10.1.0.57:15066|client:10.1.0.57:15065|dataStream:10.1.0.57:15068|priority:1|startupRole:FOLLOWER, 2333f530-c3e7-4f84-815f-5beaea2403db|rpc:10.1.0.57:15085|admin:10.1.0.57:15084|client:10.1.0.57:15083|dataStream:10.1.0.57:15086|priority:0|startupRole:FOLLOWER]|listeners:[], old=null
2023-07-25 10:56:49,749 [2ac24d38-c694-40fc-bc53-1be83d90b269@group-27836B11CF00-FollowerState] INFO  impl.FollowerState (FollowerState.java:run(143)) - 2ac24d38-c694-40fc-bc53-1be83d90b269@group-27836B11CF00-FollowerState: change to CANDIDATE, lastRpcElapsedTime:5005740020ns, electionTimeout:5005ms
2023-07-25 10:56:49,749 [2ac24d38-c694-40fc-bc53-1be83d90b269@group-27836B11CF00-FollowerState] INFO  impl.RoleInfo (RoleInfo.java:shutdownFollowerState(110)) - 2ac24d38-c694-40fc-bc53-1be83d90b269: shutdown 2ac24d38-c694-40fc-bc53-1be83d90b269@group-27836B11CF00-FollowerState
2023-07-25 10:56:49,749 [2ac24d38-c694-40fc-bc53-1be83d90b269@group-27836B11CF00-FollowerState] INFO  server.RaftServer$Division (RaftServerImpl.java:setRole(329)) - 2ac24d38-c694-40fc-bc53-1be83d90b269@group-27836B11CF00: changes role from  FOLLOWER to CANDIDATE at term 0 for changeToCandidate
2023-07-25 10:56:49,751 [2333f530-c3e7-4f84-815f-5beaea2403db-server-thread1] INFO  ratis.XceiverServerRatis (XceiverServerRatis.java:handleLeaderChangedNotification(902)) - Leader change notification received for group: group-3EF0DF633C12 with new leaderId: 2ac24d38-c694-40fc-bc53-1be83d90b269
2023-07-25 10:56:49,751 [2333f530-c3e7-4f84-815f-5beaea2403db-server-thread1] INFO  server.RaftServer$Division (ServerState.java:setLeader(317)) - 2333f530-c3e7-4f84-815f-5beaea2403db@group-3EF0DF633C12: change Leader from null to 2ac24d38-c694-40fc-bc53-1be83d90b269 at term 1 for appendEntries, leader elected after 5244ms
2023-07-25 10:56:49,758 [ab2ae7ff-5675-45b3-bfb0-4ee1241a3635-server-thread1] INFO  ratis.XceiverServerRatis (XceiverServerRatis.java:handleLeaderChangedNotification(902)) - Leader change notification received for group: group-3EF0DF633C12 with new leaderId: 2ac24d38-c694-40fc-bc53-1be83d90b269
2023-07-25 10:56:49,758 [ab2ae7ff-5675-45b3-bfb0-4ee1241a3635-server-thread1] INFO  server.RaftServer$Division (ServerState.java:setLeader(317)) - ab2ae7ff-5675-45b3-bfb0-4ee1241a3635@group-3EF0DF633C12: change Leader from null to 2ac24d38-c694-40fc-bc53-1be83d90b269 at term 1 for appendEntries, leader elected after 5074ms
2023-07-25 10:56:49,761 [ab2ae7ff-5675-45b3-bfb0-4ee1241a3635-server-thread1] INFO  server.RaftServer$Division (ServerState.java:setRaftConf(434)) - ab2ae7ff-5675-45b3-bfb0-4ee1241a3635@group-3EF0DF633C12: set configuration 0: peers:[ab2ae7ff-5675-45b3-bfb0-4ee1241a3635|rpc:10.1.0.57:15076|admin:10.1.0.57:15075|client:10.1.0.57:15074|dataStream:10.1.0.57:15077|priority:0|startupRole:FOLLOWER, 2ac24d38-c694-40fc-bc53-1be83d90b269|rpc:10.1.0.57:15067|admin:10.1.0.57:15066|client:10.1.0.57:15065|dataStream:10.1.0.57:15068|priority:1|startupRole:FOLLOWER, 2333f530-c3e7-4f84-815f-5beaea2403db|rpc:10.1.0.57:15085|admin:10.1.0.57:15084|client:10.1.0.57:15083|dataStream:10.1.0.57:15086|priority:0|startupRole:FOLLOWER]|listeners:[], old=null
2023-07-25 10:56:49,762 [ab2ae7ff-5675-45b3-bfb0-4ee1241a3635-server-thread1] INFO  segmented.SegmentedRaftLogWorker (SegmentedRaftLogWorker.java:startLogSegment(447)) - ab2ae7ff-5675-45b3-bfb0-4ee1241a3635@group-3EF0DF633C12-SegmentedRaftLogWorker: Starting segment from index:0
2023-07-25 10:56:49,765 [ab2ae7ff-5675-45b3-bfb0-4ee1241a3635@group-3EF0DF633C12-SegmentedRaftLogWorker] INFO  segmented.SegmentedRaftLogWorker (SegmentedRaftLogWorker.java:execute(651)) - ab2ae7ff-5675-45b3-bfb0-4ee1241a3635@group-3EF0DF633C12-SegmentedRaftLogWorker: created new log segment /home/runner/work/ozone/ozone/hadoop-ozone/integration-test/target/test-dir/MiniOzoneClusterImpl-c4e06dc0-ae81-4e14-96b7-eb66a98ebf91/datanode-1/data/ratis/14b2ae0b-e598-4241-bf0d-3ef0df633c12/current/log_inprogress_0
2023-07-25 10:56:49,768 [2ac24d38-c694-40fc-bc53-1be83d90b269@group-27836B11CF00-FollowerState] INFO  server.RaftServerConfigKeys (ConfUtils.java:logGet(46)) - raft.server.leaderelection.pre-vote = true (default)
2023-07-25 10:56:49,769 [2ac24d38-c694-40fc-bc53-1be83d90b269@group-27836B11CF00-FollowerState] INFO  impl.RoleInfo (RoleInfo.java:updateAndGet(139)) - 2ac24d38-c694-40fc-bc53-1be83d90b269: start 2ac24d38-c694-40fc-bc53-1be83d90b269@group-27836B11CF00-LeaderElection12
2023-07-25 10:56:49,773 [2ac24d38-c694-40fc-bc53-1be83d90b269@group-27836B11CF00-LeaderElection12] INFO  impl.LeaderElection (LeaderElection.java:askForVotes(321)) - 2ac24d38-c694-40fc-bc53-1be83d90b269@group-27836B11CF00-LeaderElection12 PRE_VOTE round 0: submit vote requests at term 0 for -1: peers:[ab2ae7ff-5675-45b3-bfb0-4ee1241a3635|rpc:10.1.0.57:15076|admin:10.1.0.57:15075|client:10.1.0.57:15074|dataStream:10.1.0.57:15077|priority:0|startupRole:FOLLOWER, 2ac24d38-c694-40fc-bc53-1be83d90b269|rpc:10.1.0.57:15067|admin:10.1.0.57:15066|client:10.1.0.57:15065|dataStream:10.1.0.57:15068|priority:0|startupRole:FOLLOWER, 2333f530-c3e7-4f84-815f-5beaea2403db|rpc:10.1.0.57:15085|admin:10.1.0.57:15084|client:10.1.0.57:15083|dataStream:10.1.0.57:15086|priority:1|startupRole:FOLLOWER]|listeners:[], old=null
2023-07-25 10:56:49,778 [2333f530-c3e7-4f84-815f-5beaea2403db-server-thread2] INFO  server.RaftServer$Division (ServerState.java:setRaftConf(434)) - 2333f530-c3e7-4f84-815f-5beaea2403db@group-3EF0DF633C12: set configuration 0: peers:[ab2ae7ff-5675-45b3-bfb0-4ee1241a3635|rpc:10.1.0.57:15076|admin:10.1.0.57:15075|client:10.1.0.57:15074|dataStream:10.1.0.57:15077|priority:0|startupRole:FOLLOWER, 2ac24d38-c694-40fc-bc53-1be83d90b269|rpc:10.1.0.57:15067|admin:10.1.0.57:15066|client:10.1.0.57:15065|dataStream:10.1.0.57:15068|priority:1|startupRole:FOLLOWER, 2333f530-c3e7-4f84-815f-5beaea2403db|rpc:10.1.0.57:15085|admin:10.1.0.57:15084|client:10.1.0.57:15083|dataStream:10.1.0.57:15086|priority:0|startupRole:FOLLOWER]|listeners:[], old=null
2023-07-25 10:56:49,778 [2333f530-c3e7-4f84-815f-5beaea2403db-server-thread2] INFO  segmented.SegmentedRaftLogWorker (SegmentedRaftLogWorker.java:startLogSegment(447)) - 2333f530-c3e7-4f84-815f-5beaea2403db@group-3EF0DF633C12-SegmentedRaftLogWorker: Starting segment from index:0
2023-07-25 10:56:49,785 [2ac24d38-c694-40fc-bc53-1be83d90b269@group-27836B11CF00-LeaderElection12] INFO  server.RaftServerConfigKeys (ConfUtils.java:logFallback(53)) - raft.server.rpc.first-election.timeout.min = 5s (fallback to raft.server.rpc.timeout.min)
2023-07-25 10:56:49,785 [grpc-default-executor-3] INFO  server.RaftServer$Division (RaftServerImpl.java:requestVote(1302)) - ab2ae7ff-5675-45b3-bfb0-4ee1241a3635@group-27836B11CF00: receive requestVote(PRE_VOTE, 2ac24d38-c694-40fc-bc53-1be83d90b269, group-27836B11CF00, 0, (t:0, i:0))
2023-07-25 10:56:49,785 [2ac24d38-c694-40fc-bc53-1be83d90b269@group-27836B11CF00-LeaderElection12] INFO  server.RaftServerConfigKeys (ConfUtils.java:logFallback(53)) - raft.server.rpc.first-election.timeout.max = 5200ms (fallback to raft.server.rpc.timeout.max)
2023-07-25 10:56:49,785 [grpc-default-executor-3] INFO  impl.VoteContext (VoteContext.java:log(49)) - ab2ae7ff-5675-45b3-bfb0-4ee1241a3635@group-27836B11CF00-FOLLOWER: accept PRE_VOTE from 2ac24d38-c694-40fc-bc53-1be83d90b269: our priority 0 <= candidate's priority 0
2023-07-25 10:56:49,786 [grpc-default-executor-3] INFO  server.RaftServer$Division (RaftServerImpl.java:requestVote(1335)) - ab2ae7ff-5675-45b3-bfb0-4ee1241a3635@group-27836B11CF00 replies to PRE_VOTE vote request: 2ac24d38-c694-40fc-bc53-1be83d90b269<-ab2ae7ff-5675-45b3-bfb0-4ee1241a3635#0:OK-t0. Peer's state: ab2ae7ff-5675-45b3-bfb0-4ee1241a3635@group-27836B11CF00:t0, leader=null, voted=, raftlog=Memoized:ab2ae7ff-5675-45b3-bfb0-4ee1241a3635@group-27836B11CF00-SegmentedRaftLog:OPENED:c-1, conf=-1: peers:[ab2ae7ff-5675-45b3-bfb0-4ee1241a3635|rpc:10.1.0.57:15076|admin:10.1.0.57:15075|client:10.1.0.57:15074|dataStream:10.1.0.57:15077|priority:0|startupRole:FOLLOWER, 2ac24d38-c694-40fc-bc53-1be83d90b269|rpc:10.1.0.57:15067|admin:10.1.0.57:15066|client:10.1.0.57:15065|dataStream:10.1.0.57:15068|priority:0|startupRole:FOLLOWER, 2333f530-c3e7-4f84-815f-5beaea2403db|rpc:10.1.0.57:15085|admin:10.1.0.57:15084|client:10.1.0.57:15083|dataStream:10.1.0.57:15086|priority:1|startupRole:FOLLOWER]|listeners:[], old=null
2023-07-25 10:56:49,789 [grpc-default-executor-8] INFO  server.RaftServer$Division (RaftServerImpl.java:requestVote(1302)) - 2333f530-c3e7-4f84-815f-5beaea2403db@group-27836B11CF00: receive requestVote(PRE_VOTE, 2ac24d38-c694-40fc-bc53-1be83d90b269, group-27836B11CF00, 0, (t:0, i:0))
2023-07-25 10:56:49,789 [grpc-default-executor-8] INFO  impl.VoteContext (VoteContext.java:log(49)) - 2333f530-c3e7-4f84-815f-5beaea2403db@group-27836B11CF00-FOLLOWER: reject PRE_VOTE from 2ac24d38-c694-40fc-bc53-1be83d90b269: our priority 1 > candidate's priority 0
2023-07-25 10:56:49,789 [grpc-default-executor-8] INFO  server.RaftServer$Division (RaftServerImpl.java:requestVote(1335)) - 2333f530-c3e7-4f84-815f-5beaea2403db@group-27836B11CF00 replies to PRE_VOTE vote request: 2ac24d38-c694-40fc-bc53-1be83d90b269<-2333f530-c3e7-4f84-815f-5beaea2403db#0:FAIL-t0. Peer's state: 2333f530-c3e7-4f84-815f-5beaea2403db@group-27836B11CF00:t0, leader=null, voted=, raftlog=Memoized:2333f530-c3e7-4f84-815f-5beaea2403db@group-27836B11CF00-SegmentedRaftLog:OPENED:c-1, conf=-1: peers:[ab2ae7ff-5675-45b3-bfb0-4ee1241a3635|rpc:10.1.0.57:15076|admin:10.1.0.57:15075|client:10.1.0.57:15074|dataStream:10.1.0.57:15077|priority:0|startupRole:FOLLOWER, 2ac24d38-c694-40fc-bc53-1be83d90b269|rpc:10.1.0.57:15067|admin:10.1.0.57:15066|client:10.1.0.57:15065|dataStream:10.1.0.57:15068|priority:0|startupRole:FOLLOWER, 2333f530-c3e7-4f84-815f-5beaea2403db|rpc:10.1.0.57:15085|admin:10.1.0.57:15084|client:10.1.0.57:15083|dataStream:10.1.0.57:15086|priority:1|startupRole:FOLLOWER]|listeners:[], old=null
2023-07-25 10:56:49,790 [2ac24d38-c694-40fc-bc53-1be83d90b269@group-27836B11CF00-LeaderElection12] INFO  impl.LeaderElection (LeaderElection.java:logAndReturn(90)) - 2ac24d38-c694-40fc-bc53-1be83d90b269@group-27836B11CF00-LeaderElection12: PRE_VOTE REJECTED received 2 response(s) and 0 exception(s):
2023-07-25 10:56:49,790 [2333f530-c3e7-4f84-815f-5beaea2403db@group-3EF0DF633C12-SegmentedRaftLogWorker] INFO  segmented.SegmentedRaftLogWorker (SegmentedRaftLogWorker.java:execute(651)) - 2333f530-c3e7-4f84-815f-5beaea2403db@group-3EF0DF633C12-SegmentedRaftLogWorker: created new log segment /home/runner/work/ozone/ozone/hadoop-ozone/integration-test/target/test-dir/MiniOzoneClusterImpl-c4e06dc0-ae81-4e14-96b7-eb66a98ebf91/datanode-2/data/ratis/14b2ae0b-e598-4241-bf0d-3ef0df633c12/current/log_inprogress_0
2023-07-25 10:56:49,790 [2ac24d38-c694-40fc-bc53-1be83d90b269@group-27836B11CF00-LeaderElection12] INFO  impl.LeaderElection (LeaderElection.java:logAndReturn(94)) -   Response 0: 2ac24d38-c694-40fc-bc53-1be83d90b269<-ab2ae7ff-5675-45b3-bfb0-4ee1241a3635#0:OK-t0
2023-07-25 10:56:49,790 [2ac24d38-c694-40fc-bc53-1be83d90b269@group-27836B11CF00-LeaderElection12] INFO  impl.LeaderElection (LeaderElection.java:logAndReturn(94)) -   Response 1: 2ac24d38-c694-40fc-bc53-1be83d90b269<-2333f530-c3e7-4f84-815f-5beaea2403db#0:FAIL-t0
2023-07-25 10:56:49,790 [2ac24d38-c694-40fc-bc53-1be83d90b269@group-27836B11CF00-LeaderElection12] INFO  impl.LeaderElection (LeaderElection.java:askForVotes(323)) - 2ac24d38-c694-40fc-bc53-1be83d90b269@group-27836B11CF00-LeaderElection12 PRE_VOTE round 0: result REJECTED
2023-07-25 10:56:49,790 [2ac24d38-c694-40fc-bc53-1be83d90b269@group-27836B11CF00-LeaderElection12] INFO  server.RaftServer$Division (RaftServerImpl.java:setRole(329)) - 2ac24d38-c694-40fc-bc53-1be83d90b269@group-27836B11CF00: changes role from CANDIDATE to FOLLOWER at term 0 for REJECTED
2023-07-25 10:56:49,790 [2ac24d38-c694-40fc-bc53-1be83d90b269@group-27836B11CF00-LeaderElection12] INFO  impl.RoleInfo (RoleInfo.java:shutdownLeaderElection(130)) - 2ac24d38-c694-40fc-bc53-1be83d90b269: shutdown 2ac24d38-c694-40fc-bc53-1be83d90b269@group-27836B11CF00-LeaderElection12
2023-07-25 10:56:49,790 [2ac24d38-c694-40fc-bc53-1be83d90b269@group-27836B11CF00-LeaderElection12] INFO  impl.RoleInfo (RoleInfo.java:updateAndGet(139)) - 2ac24d38-c694-40fc-bc53-1be83d90b269: start 2ac24d38-c694-40fc-bc53-1be83d90b269@group-27836B11CF00-FollowerState
2023-07-25 10:56:49,881 [ab2ae7ff-5675-45b3-bfb0-4ee1241a3635@group-27836B11CF00-FollowerState] INFO  server.RaftServerConfigKeys (ConfUtils.java:logFallback(53)) - raft.server.rpc.first-election.timeout.min = 5s (fallback to raft.server.rpc.timeout.min)
2023-07-25 10:56:49,881 [ab2ae7ff-5675-45b3-bfb0-4ee1241a3635@group-27836B11CF00-FollowerState] INFO  server.RaftServerConfigKeys (ConfUtils.java:logFallback(53)) - raft.server.rpc.first-election.timeout.max = 5200ms (fallback to raft.server.rpc.timeout.max)
2023-07-25 10:56:49,964 [2333f530-c3e7-4f84-815f-5beaea2403db@group-27836B11CF00-FollowerState] INFO  impl.FollowerState (FollowerState.java:run(143)) - 2333f530-c3e7-4f84-815f-5beaea2403db@group-27836B11CF00-FollowerState: change to CANDIDATE, lastRpcElapsedTime:5146445243ns, electionTimeout:5141ms
2023-07-25 10:56:49,964 [2333f530-c3e7-4f84-815f-5beaea2403db@group-27836B11CF00-FollowerState] INFO  impl.RoleInfo (RoleInfo.java:shutdownFollowerState(110)) - 2333f530-c3e7-4f84-815f-5beaea2403db: shutdown 2333f530-c3e7-4f84-815f-5beaea2403db@group-27836B11CF00-FollowerState
2023-07-25 10:56:49,964 [2333f530-c3e7-4f84-815f-5beaea2403db@group-27836B11CF00-FollowerState] INFO  server.RaftServer$Division (RaftServerImpl.java:setRole(329)) - 2333f530-c3e7-4f84-815f-5beaea2403db@group-27836B11CF00: changes role from  FOLLOWER to CANDIDATE at term 0 for changeToCandidate
2023-07-25 10:56:49,964 [2333f530-c3e7-4f84-815f-5beaea2403db@group-27836B11CF00-FollowerState] INFO  server.RaftServerConfigKeys (ConfUtils.java:logGet(46)) - raft.server.leaderelection.pre-vote = true (default)
2023-07-25 10:56:49,964 [2333f530-c3e7-4f84-815f-5beaea2403db@group-27836B11CF00-FollowerState] INFO  impl.RoleInfo (RoleInfo.java:updateAndGet(139)) - 2333f530-c3e7-4f84-815f-5beaea2403db: start 2333f530-c3e7-4f84-815f-5beaea2403db@group-27836B11CF00-LeaderElection13
2023-07-25 10:56:49,965 [2333f530-c3e7-4f84-815f-5beaea2403db@group-27836B11CF00-LeaderElection13] INFO  impl.LeaderElection (LeaderElection.java:askForVotes(321)) - 2333f530-c3e7-4f84-815f-5beaea2403db@group-27836B11CF00-LeaderElection13 PRE_VOTE round 0: submit vote requests at term 0 for -1: peers:[ab2ae7ff-5675-45b3-bfb0-4ee1241a3635|rpc:10.1.0.57:15076|admin:10.1.0.57:15075|client:10.1.0.57:15074|dataStream:10.1.0.57:15077|priority:0|startupRole:FOLLOWER, 2ac24d38-c694-40fc-bc53-1be83d90b269|rpc:10.1.0.57:15067|admin:10.1.0.57:15066|client:10.1.0.57:15065|dataStream:10.1.0.57:15068|priority:0|startupRole:FOLLOWER, 2333f530-c3e7-4f84-815f-5beaea2403db|rpc:10.1.0.57:15085|admin:10.1.0.57:15084|client:10.1.0.57:15083|dataStream:10.1.0.57:15086|priority:1|startupRole:FOLLOWER]|listeners:[], old=null
2023-07-25 10:56:49,966 [2333f530-c3e7-4f84-815f-5beaea2403db@group-27836B11CF00-LeaderElection13-1] INFO  server.GrpcServerProtocolClient (GrpcServerProtocolClient.java:<init>(65)) - Build channel for ab2ae7ff-5675-45b3-bfb0-4ee1241a3635
2023-07-25 10:56:49,969 [2333f530-c3e7-4f84-815f-5beaea2403db@group-27836B11CF00-LeaderElection13] INFO  server.RaftServerConfigKeys (ConfUtils.java:logFallback(53)) - raft.server.rpc.first-election.timeout.min = 5s (fallback to raft.server.rpc.timeout.min)
2023-07-25 10:56:49,970 [2333f530-c3e7-4f84-815f-5beaea2403db@group-27836B11CF00-LeaderElection13] INFO  server.RaftServerConfigKeys (ConfUtils.java:logFallback(53)) - raft.server.rpc.first-election.timeout.max = 5200ms (fallback to raft.server.rpc.timeout.max)
2023-07-25 10:56:49,971 [2333f530-c3e7-4f84-815f-5beaea2403db@group-27836B11CF00-LeaderElection13-2] INFO  server.GrpcServerProtocolClient (GrpcServerProtocolClient.java:<init>(65)) - Build channel for 2ac24d38-c694-40fc-bc53-1be83d90b269
2023-07-25 10:56:49,977 [grpc-default-executor-8] INFO  server.RaftServer$Division (RaftServerImpl.java:requestVote(1302)) - ab2ae7ff-5675-45b3-bfb0-4ee1241a3635@group-27836B11CF00: receive requestVote(PRE_VOTE, 2333f530-c3e7-4f84-815f-5beaea2403db, group-27836B11CF00, 0, (t:0, i:0))
2023-07-25 10:56:49,978 [grpc-default-executor-8] INFO  impl.VoteContext (VoteContext.java:log(49)) - ab2ae7ff-5675-45b3-bfb0-4ee1241a3635@group-27836B11CF00-FOLLOWER: accept PRE_VOTE from 2333f530-c3e7-4f84-815f-5beaea2403db: our priority 0 <= candidate's priority 1
2023-07-25 10:56:49,978 [grpc-default-executor-8] INFO  server.RaftServer$Division (RaftServerImpl.java:requestVote(1335)) - ab2ae7ff-5675-45b3-bfb0-4ee1241a3635@group-27836B11CF00 replies to PRE_VOTE vote request: 2333f530-c3e7-4f84-815f-5beaea2403db<-ab2ae7ff-5675-45b3-bfb0-4ee1241a3635#0:OK-t0. Peer's state: ab2ae7ff-5675-45b3-bfb0-4ee1241a3635@group-27836B11CF00:t0, leader=null, voted=, raftlog=Memoized:ab2ae7ff-5675-45b3-bfb0-4ee1241a3635@group-27836B11CF00-SegmentedRaftLog:OPENED:c-1, conf=-1: peers:[ab2ae7ff-5675-45b3-bfb0-4ee1241a3635|rpc:10.1.0.57:15076|admin:10.1.0.57:15075|client:10.1.0.57:15074|dataStream:10.1.0.57:15077|priority:0|startupRole:FOLLOWER, 2ac24d38-c694-40fc-bc53-1be83d90b269|rpc:10.1.0.57:15067|admin:10.1.0.57:15066|client:10.1.0.57:15065|dataStream:10.1.0.57:15068|priority:0|startupRole:FOLLOWER, 2333f530-c3e7-4f84-815f-5beaea2403db|rpc:10.1.0.57:15085|admin:10.1.0.57:15084|client:10.1.0.57:15083|dataStream:10.1.0.57:15086|priority:1|startupRole:FOLLOWER]|listeners:[], old=null
2023-07-25 10:56:49,987 [2333f530-c3e7-4f84-815f-5beaea2403db@group-27836B11CF00-LeaderElection13] INFO  impl.LeaderElection (LeaderElection.java:logAndReturn(90)) - 2333f530-c3e7-4f84-815f-5beaea2403db@group-27836B11CF00-LeaderElection13: PRE_VOTE PASSED received 1 response(s) and 0 exception(s):
2023-07-25 10:56:49,987 [2333f530-c3e7-4f84-815f-5beaea2403db@group-27836B11CF00-LeaderElection13] INFO  impl.LeaderElection (LeaderElection.java:logAndReturn(94)) -   Response 0: 2333f530-c3e7-4f84-815f-5beaea2403db<-ab2ae7ff-5675-45b3-bfb0-4ee1241a3635#0:OK-t0
2023-07-25 10:56:49,987 [2333f530-c3e7-4f84-815f-5beaea2403db@group-27836B11CF00-LeaderElection13] INFO  impl.LeaderElection (LeaderElection.java:askForVotes(323)) - 2333f530-c3e7-4f84-815f-5beaea2403db@group-27836B11CF00-LeaderElection13 PRE_VOTE round 0: result PASSED
2023-07-25 10:56:49,989 [2333f530-c3e7-4f84-815f-5beaea2403db@group-27836B11CF00-LeaderElection13] INFO  impl.LeaderElection (LeaderElection.java:askForVotes(321)) - 2333f530-c3e7-4f84-815f-5beaea2403db@group-27836B11CF00-LeaderElection13 ELECTION round 0: submit vote requests at term 1 for -1: peers:[ab2ae7ff-5675-45b3-bfb0-4ee1241a3635|rpc:10.1.0.57:15076|admin:10.1.0.57:15075|client:10.1.0.57:15074|dataStream:10.1.0.57:15077|priority:0|startupRole:FOLLOWER, 2ac24d38-c694-40fc-bc53-1be83d90b269|rpc:10.1.0.57:15067|admin:10.1.0.57:15066|client:10.1.0.57:15065|dataStream:10.1.0.57:15068|priority:0|startupRole:FOLLOWER, 2333f530-c3e7-4f84-815f-5beaea2403db|rpc:10.1.0.57:15085|admin:10.1.0.57:15084|client:10.1.0.57:15083|dataStream:10.1.0.57:15086|priority:1|startupRole:FOLLOWER]|listeners:[], old=null
2023-07-25 10:56:49,990 [2333f530-c3e7-4f84-815f-5beaea2403db@group-27836B11CF00-LeaderElection13] INFO  server.RaftServerConfigKeys (ConfUtils.java:logFallback(53)) - raft.server.rpc.first-election.timeout.min = 5s (fallback to raft.server.rpc.timeout.min)
2023-07-25 10:56:49,991 [2333f530-c3e7-4f84-815f-5beaea2403db@group-27836B11CF00-LeaderElection13] INFO  server.RaftServerConfigKeys (ConfUtils.java:logFallback(53)) - raft.server.rpc.first-election.timeout.max = 5200ms (fallback to raft.server.rpc.timeout.max)
2023-07-25 10:56:49,991 [grpc-default-executor-8] INFO  server.RaftServer$Division (RaftServerImpl.java:requestVote(1302)) - 2ac24d38-c694-40fc-bc53-1be83d90b269@group-27836B11CF00: receive requestVote(PRE_VOTE, 2333f530-c3e7-4f84-815f-5beaea2403db, group-27836B11CF00, 0, (t:0, i:0))
2023-07-25 10:56:49,991 [grpc-default-executor-8] INFO  impl.VoteContext (VoteContext.java:log(49)) - 2ac24d38-c694-40fc-bc53-1be83d90b269@group-27836B11CF00-FOLLOWER: accept PRE_VOTE from 2333f530-c3e7-4f84-815f-5beaea2403db: our priority 0 <= candidate's priority 1
2023-07-25 10:56:49,997 [grpc-default-executor-8] INFO  server.RaftServer$Division (RaftServerImpl.java:requestVote(1335)) - 2ac24d38-c694-40fc-bc53-1be83d90b269@group-27836B11CF00 replies to PRE_VOTE vote request: 2333f530-c3e7-4f84-815f-5beaea2403db<-2ac24d38-c694-40fc-bc53-1be83d90b269#0:OK-t0. Peer's state: 2ac24d38-c694-40fc-bc53-1be83d90b269@group-27836B11CF00:t0, leader=null, voted=, raftlog=Memoized:2ac24d38-c694-40fc-bc53-1be83d90b269@group-27836B11CF00-SegmentedRaftLog:OPENED:c-1, conf=-1: peers:[ab2ae7ff-5675-45b3-bfb0-4ee1241a3635|rpc:10.1.0.57:15076|admin:10.1.0.57:15075|client:10.1.0.57:15074|dataStream:10.1.0.57:15077|priority:0|startupRole:FOLLOWER, 2ac24d38-c694-40fc-bc53-1be83d90b269|rpc:10.1.0.57:15067|admin:10.1.0.57:15066|client:10.1.0.57:15065|dataStream:10.1.0.57:15068|priority:0|startupRole:FOLLOWER, 2333f530-c3e7-4f84-815f-5beaea2403db|rpc:10.1.0.57:15085|admin:10.1.0.57:15084|client:10.1.0.57:15083|dataStream:10.1.0.57:15086|priority:1|startupRole:FOLLOWER]|listeners:[], old=null
2023-07-25 10:56:49,998 [grpc-default-executor-3] INFO  server.RaftServer$Division (RaftServerImpl.java:requestVote(1302)) - ab2ae7ff-5675-45b3-bfb0-4ee1241a3635@group-27836B11CF00: receive requestVote(ELECTION, 2333f530-c3e7-4f84-815f-5beaea2403db, group-27836B11CF00, 1, (t:0, i:0))
2023-07-25 10:56:49,998 [grpc-default-executor-3] INFO  impl.VoteContext (VoteContext.java:log(49)) - ab2ae7ff-5675-45b3-bfb0-4ee1241a3635@group-27836B11CF00-FOLLOWER: accept ELECTION from 2333f530-c3e7-4f84-815f-5beaea2403db: our priority 0 <= candidate's priority 1
2023-07-25 10:56:49,998 [grpc-default-executor-3] INFO  server.RaftServer$Division (RaftServerImpl.java:setRole(329)) - ab2ae7ff-5675-45b3-bfb0-4ee1241a3635@group-27836B11CF00: changes role from  FOLLOWER to FOLLOWER at term 1 for candidate:2333f530-c3e7-4f84-815f-5beaea2403db
2023-07-25 10:56:49,998 [grpc-default-executor-3] INFO  impl.RoleInfo (RoleInfo.java:shutdownFollowerState(110)) - ab2ae7ff-5675-45b3-bfb0-4ee1241a3635: shutdown ab2ae7ff-5675-45b3-bfb0-4ee1241a3635@group-27836B11CF00-FollowerState
2023-07-25 10:56:49,998 [grpc-default-executor-3] INFO  impl.RoleInfo (RoleInfo.java:updateAndGet(139)) - ab2ae7ff-5675-45b3-bfb0-4ee1241a3635: start ab2ae7ff-5675-45b3-bfb0-4ee1241a3635@group-27836B11CF00-FollowerState
2023-07-25 10:56:49,997 [main] INFO  ozone.MiniOzoneClusterImpl (MiniOzoneClusterImpl.java:lambda$waitForClusterToBeReady$0(224)) - Nodes are ready. Got 5 of 5 DN Heartbeats.
2023-07-25 10:56:49,998 [main] INFO  ozone.MiniOzoneClusterImpl (MiniOzoneClusterImpl.java:lambda$waitForClusterToBeReady$0(227)) - Cluster exits safe mode
2023-07-25 10:56:49,999 [main] INFO  ozone.MiniOzoneClusterImpl (MiniOzoneClusterImpl.java:lambda$waitForClusterToBeReady$0(229)) - SCM became leader
2023-07-25 10:56:49,998 [ab2ae7ff-5675-45b3-bfb0-4ee1241a3635@group-27836B11CF00-FollowerState] INFO  impl.FollowerState (FollowerState.java:run(152)) - ab2ae7ff-5675-45b3-bfb0-4ee1241a3635@group-27836B11CF00-FollowerState was interrupted
2023-07-25 10:56:50,002 [grpc-default-executor-3] INFO  server.RaftServer$Division (RaftServerImpl.java:requestVote(1335)) - ab2ae7ff-5675-45b3-bfb0-4ee1241a3635@group-27836B11CF00 replies to ELECTION vote request: 2333f530-c3e7-4f84-815f-5beaea2403db<-ab2ae7ff-5675-45b3-bfb0-4ee1241a3635#0:OK-t1. Peer's state: ab2ae7ff-5675-45b3-bfb0-4ee1241a3635@group-27836B11CF00:t1, leader=null, voted=2333f530-c3e7-4f84-815f-5beaea2403db, raftlog=Memoized:ab2ae7ff-5675-45b3-bfb0-4ee1241a3635@group-27836B11CF00-SegmentedRaftLog:OPENED:c-1, conf=-1: peers:[ab2ae7ff-5675-45b3-bfb0-4ee1241a3635|rpc:10.1.0.57:15076|admin:10.1.0.57:15075|client:10.1.0.57:15074|dataStream:10.1.0.57:15077|priority:0|startupRole:FOLLOWER, 2ac24d38-c694-40fc-bc53-1be83d90b269|rpc:10.1.0.57:15067|admin:10.1.0.57:15066|client:10.1.0.57:15065|dataStream:10.1.0.57:15068|priority:0|startupRole:FOLLOWER, 2333f530-c3e7-4f84-815f-5beaea2403db|rpc:10.1.0.57:15085|admin:10.1.0.57:15084|client:10.1.0.57:15083|dataStream:10.1.0.57:15086|priority:1|startupRole:FOLLOWER]|listeners:[], old=null
2023-07-25 10:56:50,008 [2333f530-c3e7-4f84-815f-5beaea2403db@group-27836B11CF00-LeaderElection13] INFO  impl.LeaderElection (LeaderElection.java:logAndReturn(90)) - 2333f530-c3e7-4f84-815f-5beaea2403db@group-27836B11CF00-LeaderElection13: ELECTION PASSED received 1 response(s) and 0 exception(s):
2023-07-25 10:56:50,008 [2333f530-c3e7-4f84-815f-5beaea2403db@group-27836B11CF00-LeaderElection13] INFO  impl.LeaderElection (LeaderElection.java:logAndReturn(94)) -   Response 0: 2333f530-c3e7-4f84-815f-5beaea2403db<-ab2ae7ff-5675-45b3-bfb0-4ee1241a3635#0:OK-t1
2023-07-25 10:56:50,009 [2333f530-c3e7-4f84-815f-5beaea2403db@group-27836B11CF00-LeaderElection13] INFO  impl.LeaderElection (LeaderElection.java:askForVotes(323)) - 2333f530-c3e7-4f84-815f-5beaea2403db@group-27836B11CF00-LeaderElection13 ELECTION round 0: result PASSED
2023-07-25 10:56:50,009 [2333f530-c3e7-4f84-815f-5beaea2403db@group-27836B11CF00-LeaderElection13] INFO  impl.RoleInfo (RoleInfo.java:shutdownLeaderElection(130)) - 2333f530-c3e7-4f84-815f-5beaea2403db: shutdown 2333f530-c3e7-4f84-815f-5beaea2403db@group-27836B11CF00-LeaderElection13
2023-07-25 10:56:50,009 [2333f530-c3e7-4f84-815f-5beaea2403db@group-27836B11CF00-LeaderElection13] INFO  server.RaftServer$Division (RaftServerImpl.java:setRole(329)) - 2333f530-c3e7-4f84-815f-5beaea2403db@group-27836B11CF00: changes role from CANDIDATE to LEADER at term 1 for changeToLeader
2023-07-25 10:56:50,009 [2333f530-c3e7-4f84-815f-5beaea2403db@group-27836B11CF00-LeaderElection13] INFO  ratis.XceiverServerRatis (XceiverServerRatis.java:handleLeaderChangedNotification(902)) - Leader change notification received for group: group-27836B11CF00 with new leaderId: 2333f530-c3e7-4f84-815f-5beaea2403db
2023-07-25 10:56:50,009 [2333f530-c3e7-4f84-815f-5beaea2403db@group-27836B11CF00-LeaderElection13] INFO  server.RaftServer$Division (ServerState.java:setLeader(317)) - 2333f530-c3e7-4f84-815f-5beaea2403db@group-27836B11CF00: change Leader from null to 2333f530-c3e7-4f84-815f-5beaea2403db at term 1 for becomeLeader, leader elected after 5210ms
2023-07-25 10:56:50,009 [2333f530-c3e7-4f84-815f-5beaea2403db@group-27836B11CF00-LeaderElection13] INFO  server.RaftServerConfigKeys (ConfUtils.java:logGet(46)) - raft.server.staging.catchup.gap = 1000 (default)
2023-07-25 10:56:50,009 [2333f530-c3e7-4f84-815f-5beaea2403db@group-27836B11CF00-LeaderElection13] INFO  server.RaftServerConfigKeys (ConfUtils.java:logGet(46)) - raft.server.write.element-limit = 1024 (custom)
2023-07-25 10:56:50,009 [2333f530-c3e7-4f84-815f-5beaea2403db@group-27836B11CF00-LeaderElection13] INFO  server.RaftServerConfigKeys (ConfUtils.java:logGet(46)) - raft.server.write.byte-limit = 1024 M (=1073741824) (custom)
2023-07-25 10:56:50,010 [2333f530-c3e7-4f84-815f-5beaea2403db@group-27836B11CF00-LeaderElection13] INFO  server.RaftServerConfigKeys (ConfUtils.java:logGet(46)) - raft.server.watch.timeout = 180s (custom)
2023-07-25 10:56:50,010 [2333f530-c3e7-4f84-815f-5beaea2403db@group-27836B11CF00-LeaderElection13] INFO  server.RaftServerConfigKeys (ConfUtils.java:logGet(46)) - raft.server.watch.timeout.denomination = 1s (default)
2023-07-25 10:56:50,010 [2333f530-c3e7-4f84-815f-5beaea2403db@group-27836B11CF00-LeaderElection13] INFO  server.RaftServerConfigKeys (ConfUtils.java:logGet(46)) - raft.server.watch.element-limit = 65536 (default)
2023-07-25 10:56:50,010 [2333f530-c3e7-4f84-815f-5beaea2403db@group-27836B11CF00-LeaderElection13] INFO  server.RaftServerConfigKeys (ConfUtils.java:logGet(46)) - raft.server.write.element-limit = 1024 (custom)
2023-07-25 10:56:50,010 [2333f530-c3e7-4f84-815f-5beaea2403db@group-27836B11CF00-LeaderElection13] INFO  server.RaftServerConfigKeys (ConfUtils.java:logGet(46)) - raft.server.write.follower.gap.ratio.max = -1.0 (default)
2023-07-25 10:56:50,010 [2333f530-c3e7-4f84-815f-5beaea2403db@group-27836B11CF00-LeaderElection13] INFO  server.RaftServerConfigKeys (ConfUtils.java:logGet(46)) - raft.server.log.appender.snapshot.chunk.size.max = 16MB (=16777216) (default)
2023-07-25 10:56:50,010 [2333f530-c3e7-4f84-815f-5beaea2403db@group-27836B11CF00-LeaderElection13] INFO  server.RaftServerConfigKeys (ConfUtils.java:logGet(46)) - raft.server.log.appender.buffer.byte-limit = 33554432 (custom)
2023-07-25 10:56:50,010 [2333f530-c3e7-4f84-815f-5beaea2403db@group-27836B11CF00-LeaderElection13] INFO  server.RaftServerConfigKeys (ConfUtils.java:logGet(46)) - raft.server.log.appender.buffer.element-limit = 1 (custom)
2023-07-25 10:56:50,010 [2333f530-c3e7-4f84-815f-5beaea2403db@group-27836B11CF00-LeaderElection13] INFO  server.RaftServerConfigKeys (ConfUtils.java:logGet(46)) - raft.server.log.appender.wait-time.min = 10ms (default)
2023-07-25 10:56:50,011 [2333f530-c3e7-4f84-815f-5beaea2403db@group-27836B11CF00-LeaderElection13] INFO  grpc.GrpcConfigKeys (ConfUtils.java:logGet(46)) - raft.grpc.server.leader.outstanding.appends.max = 128 (default)
2023-07-25 10:56:50,011 [2333f530-c3e7-4f84-815f-5beaea2403db@group-27836B11CF00-LeaderElection13] INFO  server.RaftServerConfigKeys (ConfUtils.java:logGet(46)) - raft.server.rpc.request.timeout = 60s (custom)
2023-07-25 10:56:50,011 [2333f530-c3e7-4f84-815f-5beaea2403db@group-27836B11CF00-LeaderElection13] INFO  grpc.GrpcConfigKeys (ConfUtils.java:logGet(46)) - raft.grpc.server.install_snapshot.request.element-limit = 8 (default)
2023-07-25 10:56:50,011 [2333f530-c3e7-4f84-815f-5beaea2403db@group-27836B11CF00-LeaderElection13] INFO  grpc.GrpcConfigKeys (ConfUtils.java:logGet(46)) - raft.grpc.server.install_snapshot.request.timeout = 3000ms (default)
2023-07-25 10:56:50,011 [2333f530-c3e7-4f84-815f-5beaea2403db@group-27836B11CF00-LeaderElection13] INFO  server.RaftServerConfigKeys (ConfUtils.java:logGet(46)) - raft.server.log.appender.install.snapshot.enabled = false (custom)
2023-07-25 10:56:50,011 [2333f530-c3e7-4f84-815f-5beaea2403db@group-27836B11CF00-LeaderElection13] INFO  grpc.GrpcConfigKeys (ConfUtils.java:logGet(46)) - raft.grpc.server.heartbeat.channel = true (default)
2023-07-25 10:56:50,011 [2333f530-c3e7-4f84-815f-5beaea2403db@group-27836B11CF00-LeaderElection13] INFO  server.RaftServerConfigKeys (ConfUtils.java:logGet(46)) - raft.server.log.appender.snapshot.chunk.size.max = 16MB (=16777216) (default)
2023-07-25 10:56:50,011 [2333f530-c3e7-4f84-815f-5beaea2403db@group-27836B11CF00-LeaderElection13] INFO  server.RaftServerConfigKeys (ConfUtils.java:logGet(46)) - raft.server.log.appender.buffer.byte-limit = 33554432 (custom)
2023-07-25 10:56:50,012 [2333f530-c3e7-4f84-815f-5beaea2403db@group-27836B11CF00-LeaderElection13] INFO  server.RaftServerConfigKeys (ConfUtils.java:logGet(46)) - raft.server.log.appender.buffer.element-limit = 1 (custom)
2023-07-25 10:56:50,012 [2333f530-c3e7-4f84-815f-5beaea2403db@group-27836B11CF00-LeaderElection13] INFO  server.RaftServerConfigKeys (ConfUtils.java:logGet(46)) - raft.server.log.appender.wait-time.min = 10ms (default)
2023-07-25 10:56:50,012 [2333f530-c3e7-4f84-815f-5beaea2403db@group-27836B11CF00-LeaderElection13] INFO  grpc.GrpcConfigKeys (ConfUtils.java:logGet(46)) - raft.grpc.server.leader.outstanding.appends.max = 128 (default)
2023-07-25 10:56:50,012 [2333f530-c3e7-4f84-815f-5beaea2403db@group-27836B11CF00-LeaderElection13] INFO  server.RaftServerConfigKeys (ConfUtils.java:logGet(46)) - raft.server.rpc.request.timeout = 60s (custom)
2023-07-25 10:56:50,012 [2333f530-c3e7-4f84-815f-5beaea2403db@group-27836B11CF00-LeaderElection13] INFO  grpc.GrpcConfigKeys (ConfUtils.java:logGet(46)) - raft.grpc.server.install_snapshot.request.element-limit = 8 (default)
2023-07-25 10:56:50,012 [2333f530-c3e7-4f84-815f-5beaea2403db@group-27836B11CF00-LeaderElection13] INFO  grpc.GrpcConfigKeys (ConfUtils.java:logGet(46)) - raft.grpc.server.install_snapshot.request.timeout = 3000ms (default)
2023-07-25 10:56:50,012 [2333f530-c3e7-4f84-815f-5beaea2403db@group-27836B11CF00-LeaderElection13] INFO  server.RaftServerConfigKeys (ConfUtils.java:logGet(46)) - raft.server.log.appender.install.snapshot.enabled = false (custom)
2023-07-25 10:56:50,012 [2333f530-c3e7-4f84-815f-5beaea2403db@group-27836B11CF00-LeaderElection13] INFO  grpc.GrpcConfigKeys (ConfUtils.java:logGet(46)) - raft.grpc.server.heartbeat.channel = true (default)
2023-07-25 10:56:50,012 [2333f530-c3e7-4f84-815f-5beaea2403db@group-27836B11CF00-LeaderElection13] INFO  impl.RoleInfo (RoleInfo.java:updateAndGet(139)) - 2333f530-c3e7-4f84-815f-5beaea2403db: start 2333f530-c3e7-4f84-815f-5beaea2403db@group-27836B11CF00-LeaderStateImpl
2023-07-25 10:56:50,013 [2333f530-c3e7-4f84-815f-5beaea2403db@group-27836B11CF00-LeaderElection13] INFO  segmented.SegmentedRaftLogWorker (SegmentedRaftLogWorker.java:startLogSegment(447)) - 2333f530-c3e7-4f84-815f-5beaea2403db@group-27836B11CF00-SegmentedRaftLogWorker: Starting segment from index:0
2023-07-25 10:56:50,014 [EventQueue-PipelineReportForPipelineReportHandler] INFO  pipeline.PipelineReportHandler (PipelineReportHandler.java:processPipelineReport(136)) - Opened pipeline PipelineID=8d93610f-074d-4469-929c-27836b11cf00
2023-07-25 10:56:50,016 [2333f530-c3e7-4f84-815f-5beaea2403db@group-27836B11CF00-SegmentedRaftLogWorker] INFO  segmented.SegmentedRaftLogWorker (SegmentedRaftLogWorker.java:execute(651)) - 2333f530-c3e7-4f84-815f-5beaea2403db@group-27836B11CF00-SegmentedRaftLogWorker: created new log segment /home/runner/work/ozone/ozone/hadoop-ozone/integration-test/target/test-dir/MiniOzoneClusterImpl-c4e06dc0-ae81-4e14-96b7-eb66a98ebf91/datanode-2/data/ratis/8d93610f-074d-4469-929c-27836b11cf00/current/log_inprogress_0
2023-07-25 10:56:50,038 [ab2ae7ff-5675-45b3-bfb0-4ee1241a3635@group-359273FD4D1C-FollowerState] INFO  impl.FollowerState (FollowerState.java:run(143)) - ab2ae7ff-5675-45b3-bfb0-4ee1241a3635@group-359273FD4D1C-FollowerState: change to CANDIDATE, lastRpcElapsedTime:5174329716ns, electionTimeout:5165ms
2023-07-25 10:56:50,038 [ab2ae7ff-5675-45b3-bfb0-4ee1241a3635@group-359273FD4D1C-FollowerState] INFO  impl.RoleInfo (RoleInfo.java:shutdownFollowerState(110)) - ab2ae7ff-5675-45b3-bfb0-4ee1241a3635: shutdown ab2ae7ff-5675-45b3-bfb0-4ee1241a3635@group-359273FD4D1C-FollowerState
2023-07-25 10:56:50,038 [ab2ae7ff-5675-45b3-bfb0-4ee1241a3635@group-359273FD4D1C-FollowerState] INFO  server.RaftServer$Division (RaftServerImpl.java:setRole(329)) - ab2ae7ff-5675-45b3-bfb0-4ee1241a3635@group-359273FD4D1C: changes role from  FOLLOWER to CANDIDATE at term 0 for changeToCandidate
2023-07-25 10:56:50,038 [ab2ae7ff-5675-45b3-bfb0-4ee1241a3635@group-359273FD4D1C-FollowerState] INFO  server.RaftServerConfigKeys (ConfUtils.java:logGet(46)) - raft.server.leaderelection.pre-vote = true (default)
2023-07-25 10:56:50,038 [ab2ae7ff-5675-45b3-bfb0-4ee1241a3635@group-359273FD4D1C-FollowerState] INFO  impl.RoleInfo (RoleInfo.java:updateAndGet(139)) - ab2ae7ff-5675-45b3-bfb0-4ee1241a3635: start ab2ae7ff-5675-45b3-bfb0-4ee1241a3635@group-359273FD4D1C-LeaderElection14
2023-07-25 10:56:50,038 [grpc-default-executor-8] INFO  server.RaftServer$Division (RaftServerImpl.java:requestVote(1302)) - 2ac24d38-c694-40fc-bc53-1be83d90b269@group-27836B11CF00: receive requestVote(ELECTION, 2333f530-c3e7-4f84-815f-5beaea2403db, group-27836B11CF00, 1, (t:0, i:0))
2023-07-25 10:56:50,039 [grpc-default-executor-8] INFO  impl.VoteContext (VoteContext.java:log(49)) - 2ac24d38-c694-40fc-bc53-1be83d90b269@group-27836B11CF00-FOLLOWER: accept ELECTION from 2333f530-c3e7-4f84-815f-5beaea2403db: our priority 0 <= candidate's priority 1
2023-07-25 10:56:50,039 [grpc-default-executor-8] INFO  server.RaftServer$Division (RaftServerImpl.java:setRole(329)) - 2ac24d38-c694-40fc-bc53-1be83d90b269@group-27836B11CF00: changes role from  FOLLOWER to FOLLOWER at term 1 for candidate:2333f530-c3e7-4f84-815f-5beaea2403db
2023-07-25 10:56:50,039 [grpc-default-executor-8] INFO  impl.RoleInfo (RoleInfo.java:shutdownFollowerState(110)) - 2ac24d38-c694-40fc-bc53-1be83d90b269: shutdown 2ac24d38-c694-40fc-bc53-1be83d90b269@group-27836B11CF00-FollowerState
2023-07-25 10:56:50,040 [2333f530-c3e7-4f84-815f-5beaea2403db@group-27836B11CF00-LeaderElection13] INFO  server.RaftServer$Division (ServerState.java:setRaftConf(434)) - 2333f530-c3e7-4f84-815f-5beaea2403db@group-27836B11CF00: set configuration 0: peers:[ab2ae7ff-5675-45b3-bfb0-4ee1241a3635|rpc:10.1.0.57:15076|admin:10.1.0.57:15075|client:10.1.0.57:15074|dataStream:10.1.0.57:15077|priority:0|startupRole:FOLLOWER, 2ac24d38-c694-40fc-bc53-1be83d90b269|rpc:10.1.0.57:15067|admin:10.1.0.57:15066|client:10.1.0.57:15065|dataStream:10.1.0.57:15068|priority:0|startupRole:FOLLOWER, 2333f530-c3e7-4f84-815f-5beaea2403db|rpc:10.1.0.57:15085|admin:10.1.0.57:15084|client:10.1.0.57:15083|dataStream:10.1.0.57:15086|priority:1|startupRole:FOLLOWER]|listeners:[], old=null
2023-07-25 10:56:50,048 [ab2ae7ff-5675-45b3-bfb0-4ee1241a3635-server-thread1] INFO  ratis.XceiverServerRatis (XceiverServerRatis.java:handleLeaderChangedNotification(902)) - Leader change notification received for group: group-27836B11CF00 with new leaderId: 2333f530-c3e7-4f84-815f-5beaea2403db
2023-07-25 10:56:50,048 [ab2ae7ff-5675-45b3-bfb0-4ee1241a3635-server-thread1] INFO  server.RaftServer$Division (ServerState.java:setLeader(317)) - ab2ae7ff-5675-45b3-bfb0-4ee1241a3635@group-27836B11CF00: change Leader from null to 2333f530-c3e7-4f84-815f-5beaea2403db at term 1 for appendEntries, leader elected after 5289ms
2023-07-25 10:56:50,061 [grpc-default-executor-8] INFO  impl.RoleInfo (RoleInfo.java:updateAndGet(139)) - 2ac24d38-c694-40fc-bc53-1be83d90b269: start 2ac24d38-c694-40fc-bc53-1be83d90b269@group-27836B11CF00-FollowerState
2023-07-25 10:56:50,061 [2ac24d38-c694-40fc-bc53-1be83d90b269@group-27836B11CF00-FollowerState] INFO  impl.FollowerState (FollowerState.java:run(152)) - 2ac24d38-c694-40fc-bc53-1be83d90b269@group-27836B11CF00-FollowerState was interrupted
2023-07-25 10:56:50,062 [ab2ae7ff-5675-45b3-bfb0-4ee1241a3635@group-359273FD4D1C-LeaderElection14] INFO  impl.LeaderElection (LeaderElection.java:askForVotes(321)) - ab2ae7ff-5675-45b3-bfb0-4ee1241a3635@group-359273FD4D1C-LeaderElection14 PRE_VOTE round 0: submit vote requests at term 0 for -1: peers:[ab2ae7ff-5675-45b3-bfb0-4ee1241a3635|rpc:10.1.0.57:15076|admin:10.1.0.57:15075|client:10.1.0.57:15074|dataStream:10.1.0.57:15077|priority:1|startupRole:FOLLOWER]|listeners:[], old=null
2023-07-25 10:56:50,062 [ab2ae7ff-5675-45b3-bfb0-4ee1241a3635@group-359273FD4D1C-LeaderElection14] INFO  impl.LeaderElection (LeaderElection.java:askForVotes(323)) - ab2ae7ff-5675-45b3-bfb0-4ee1241a3635@group-359273FD4D1C-LeaderElection14 PRE_VOTE round 0: result PASSED (term=0)
2023-07-25 10:56:50,064 [ab2ae7ff-5675-45b3-bfb0-4ee1241a3635@group-359273FD4D1C-LeaderElection14] INFO  impl.LeaderElection (LeaderElection.java:askForVotes(321)) - ab2ae7ff-5675-45b3-bfb0-4ee1241a3635@group-359273FD4D1C-LeaderElection14 ELECTION round 0: submit vote requests at term 1 for -1: peers:[ab2ae7ff-5675-45b3-bfb0-4ee1241a3635|rpc:10.1.0.57:15076|admin:10.1.0.57:15075|client:10.1.0.57:15074|dataStream:10.1.0.57:15077|priority:1|startupRole:FOLLOWER]|listeners:[], old=null
2023-07-25 10:56:50,064 [ab2ae7ff-5675-45b3-bfb0-4ee1241a3635@group-359273FD4D1C-LeaderElection14] INFO  impl.LeaderElection (LeaderElection.java:askForVotes(323)) - ab2ae7ff-5675-45b3-bfb0-4ee1241a3635@group-359273FD4D1C-LeaderElection14 ELECTION round 0: result PASSED (term=1)
2023-07-25 10:56:50,064 [ab2ae7ff-5675-45b3-bfb0-4ee1241a3635@group-359273FD4D1C-LeaderElection14] INFO  impl.RoleInfo (RoleInfo.java:shutdownLeaderElection(130)) - ab2ae7ff-5675-45b3-bfb0-4ee1241a3635: shutdown ab2ae7ff-5675-45b3-bfb0-4ee1241a3635@group-359273FD4D1C-LeaderElection14
2023-07-25 10:56:50,064 [ab2ae7ff-5675-45b3-bfb0-4ee1241a3635@group-359273FD4D1C-LeaderElection14] INFO  server.RaftServer$Division (RaftServerImpl.java:setRole(329)) - ab2ae7ff-5675-45b3-bfb0-4ee1241a3635@group-359273FD4D1C: changes role from CANDIDATE to LEADER at term 1 for changeToLeader
2023-07-25 10:56:50,064 [ab2ae7ff-5675-45b3-bfb0-4ee1241a3635@group-359273FD4D1C-LeaderElection14] INFO  ratis.XceiverServerRatis (XceiverServerRatis.java:handleLeaderChangedNotification(902)) - Leader change notification received for group: group-359273FD4D1C with new leaderId: ab2ae7ff-5675-45b3-bfb0-4ee1241a3635
2023-07-25 10:56:50,067 [grpc-default-executor-8] INFO  server.RaftServer$Division (RaftServerImpl.java:requestVote(1335)) - 2ac24d38-c694-40fc-bc53-1be83d90b269@group-27836B11CF00 replies to ELECTION vote request: 2333f530-c3e7-4f84-815f-5beaea2403db<-2ac24d38-c694-40fc-bc53-1be83d90b269#0:OK-t1. Peer's state: 2ac24d38-c694-40fc-bc53-1be83d90b269@group-27836B11CF00:t1, leader=null, voted=2333f530-c3e7-4f84-815f-5beaea2403db, raftlog=Memoized:2ac24d38-c694-40fc-bc53-1be83d90b269@group-27836B11CF00-SegmentedRaftLog:OPENED:c-1, conf=-1: peers:[ab2ae7ff-5675-45b3-bfb0-4ee1241a3635|rpc:10.1.0.57:15076|admin:10.1.0.57:15075|client:10.1.0.57:15074|dataStream:10.1.0.57:15077|priority:0|startupRole:FOLLOWER, 2ac24d38-c694-40fc-bc53-1be83d90b269|rpc:10.1.0.57:15067|admin:10.1.0.57:15066|client:10.1.0.57:15065|dataStream:10.1.0.57:15068|priority:0|startupRole:FOLLOWER, 2333f530-c3e7-4f84-815f-5beaea2403db|rpc:10.1.0.57:15085|admin:10.1.0.57:15084|client:10.1.0.57:15083|dataStream:10.1.0.57:15086|priority:1|startupRole:FOLLOWER]|listeners:[], old=null
2023-07-25 10:56:50,073 [ab2ae7ff-5675-45b3-bfb0-4ee1241a3635@group-359273FD4D1C-LeaderElection14] INFO  server.RaftServer$Division (ServerState.java:setLeader(317)) - ab2ae7ff-5675-45b3-bfb0-4ee1241a3635@group-359273FD4D1C: change Leader from null to ab2ae7ff-5675-45b3-bfb0-4ee1241a3635 at term 1 for becomeLeader, leader elected after 5225ms
2023-07-25 10:56:50,074 [ab2ae7ff-5675-45b3-bfb0-4ee1241a3635@group-359273FD4D1C-LeaderElection14] INFO  server.RaftServerConfigKeys (ConfUtils.java:logGet(46)) - raft.server.staging.catchup.gap = 1000 (default)
2023-07-25 10:56:50,074 [ab2ae7ff-5675-45b3-bfb0-4ee1241a3635@group-359273FD4D1C-LeaderElection14] INFO  server.RaftServerConfigKeys (ConfUtils.java:logGet(46)) - raft.server.write.element-limit = 1024 (custom)
2023-07-25 10:56:50,074 [ab2ae7ff-5675-45b3-bfb0-4ee1241a3635@group-359273FD4D1C-LeaderElection14] INFO  server.RaftServerConfigKeys (ConfUtils.java:logGet(46)) - raft.server.write.byte-limit = 1024 M (=1073741824) (custom)
2023-07-25 10:56:50,084 [main] INFO  rpc.RpcClient (RpcClient.java:createVolume(460)) - Creating Volume: volume90736, with user61568 as owner and space quota set to -1 bytes, counts quota set to -1
2023-07-25 10:56:50,084 [2ac24d38-c694-40fc-bc53-1be83d90b269-server-thread1] INFO  ratis.XceiverServerRatis (XceiverServerRatis.java:handleLeaderChangedNotification(902)) - Leader change notification received for group: group-27836B11CF00 with new leaderId: 2333f530-c3e7-4f84-815f-5beaea2403db
2023-07-25 10:56:50,085 [2ac24d38-c694-40fc-bc53-1be83d90b269-server-thread1] INFO  server.RaftServer$Division (ServerState.java:setLeader(317)) - 2ac24d38-c694-40fc-bc53-1be83d90b269@group-27836B11CF00: change Leader from null to 2333f530-c3e7-4f84-815f-5beaea2403db at term 1 for appendEntries, leader elected after 5367ms
2023-07-25 10:56:50,086 [IPC Server handler 1 on default port 15057] INFO  volume.OMVolumeCreateRequest (OMVolumeCreateRequest.java:validateAndUpdateCache(196)) - created volume:volume90736 for user:user61568
2023-07-25 10:56:50,086 [ab2ae7ff-5675-45b3-bfb0-4ee1241a3635@group-359273FD4D1C-LeaderElection14] INFO  server.RaftServerConfigKeys (ConfUtils.java:logGet(46)) - raft.server.watch.timeout = 180s (custom)
2023-07-25 10:56:50,086 [ab2ae7ff-5675-45b3-bfb0-4ee1241a3635@group-359273FD4D1C-LeaderElection14] INFO  server.RaftServerConfigKeys (ConfUtils.java:logGet(46)) - raft.server.watch.timeout.denomination = 1s (default)
2023-07-25 10:56:50,086 [ab2ae7ff-5675-45b3-bfb0-4ee1241a3635@group-359273FD4D1C-LeaderElection14] INFO  server.RaftServerConfigKeys (ConfUtils.java:logGet(46)) - raft.server.watch.element-limit = 65536 (default)
2023-07-25 10:56:50,086 [ab2ae7ff-5675-45b3-bfb0-4ee1241a3635@group-359273FD4D1C-LeaderElection14] INFO  server.RaftServerConfigKeys (ConfUtils.java:logGet(46)) - raft.server.write.element-limit = 1024 (custom)
2023-07-25 10:56:50,086 [ab2ae7ff-5675-45b3-bfb0-4ee1241a3635@group-359273FD4D1C-LeaderElection14] INFO  server.RaftServerConfigKeys (ConfUtils.java:logGet(46)) - raft.server.write.follower.gap.ratio.max = -1.0 (default)
2023-07-25 10:56:50,087 [ab2ae7ff-5675-45b3-bfb0-4ee1241a3635@group-359273FD4D1C-LeaderElection14] INFO  impl.RoleInfo (RoleInfo.java:updateAndGet(139)) - ab2ae7ff-5675-45b3-bfb0-4ee1241a3635: start ab2ae7ff-5675-45b3-bfb0-4ee1241a3635@group-359273FD4D1C-LeaderStateImpl
2023-07-25 10:56:50,091 [ab2ae7ff-5675-45b3-bfb0-4ee1241a3635-server-thread3] INFO  server.RaftServer$Division (ServerState.java:setRaftConf(434)) - ab2ae7ff-5675-45b3-bfb0-4ee1241a3635@group-27836B11CF00: set configuration 0: peers:[ab2ae7ff-5675-45b3-bfb0-4ee1241a3635|rpc:10.1.0.57:15076|admin:10.1.0.57:15075|client:10.1.0.57:15074|dataStream:10.1.0.57:15077|priority:0|startupRole:FOLLOWER, 2ac24d38-c694-40fc-bc53-1be83d90b269|rpc:10.1.0.57:15067|admin:10.1.0.57:15066|client:10.1.0.57:15065|dataStream:10.1.0.57:15068|priority:0|startupRole:FOLLOWER, 2333f530-c3e7-4f84-815f-5beaea2403db|rpc:10.1.0.57:15085|admin:10.1.0.57:15084|client:10.1.0.57:15083|dataStream:10.1.0.57:15086|priority:1|startupRole:FOLLOWER]|listeners:[], old=null
2023-07-25 10:56:50,091 [ab2ae7ff-5675-45b3-bfb0-4ee1241a3635@group-359273FD4D1C-LeaderElection14] INFO  segmented.SegmentedRaftLogWorker (SegmentedRaftLogWorker.java:startLogSegment(447)) - ab2ae7ff-5675-45b3-bfb0-4ee1241a3635@group-359273FD4D1C-SegmentedRaftLogWorker: Starting segment from index:0
2023-07-25 10:56:50,092 [ab2ae7ff-5675-45b3-bfb0-4ee1241a3635-server-thread3] INFO  segmented.SegmentedRaftLogWorker (SegmentedRaftLogWorker.java:startLogSegment(447)) - ab2ae7ff-5675-45b3-bfb0-4ee1241a3635@group-27836B11CF00-SegmentedRaftLogWorker: Starting segment from index:0
2023-07-25 10:56:50,095 [ab2ae7ff-5675-45b3-bfb0-4ee1241a3635@group-359273FD4D1C-SegmentedRaftLogWorker] INFO  segmented.SegmentedRaftLogWorker (SegmentedRaftLogWorker.java:execute(651)) - ab2ae7ff-5675-45b3-bfb0-4ee1241a3635@group-359273FD4D1C-SegmentedRaftLogWorker: created new log segment /home/runner/work/ozone/ozone/hadoop-ozone/integration-test/target/test-dir/MiniOzoneClusterImpl-c4e06dc0-ae81-4e14-96b7-eb66a98ebf91/datanode-1/data/ratis/86d43fe2-e48a-4123-b519-359273fd4d1c/current/log_inprogress_0
2023-07-25 10:56:50,108 [2ac24d38-c694-40fc-bc53-1be83d90b269-server-thread2] INFO  server.RaftServer$Division (ServerState.java:setRaftConf(434)) - 2ac24d38-c694-40fc-bc53-1be83d90b269@group-27836B11CF00: set configuration 0: peers:[ab2ae7ff-5675-45b3-bfb0-4ee1241a3635|rpc:10.1.0.57:15076|admin:10.1.0.57:15075|client:10.1.0.57:15074|dataStream:10.1.0.57:15077|priority:0|startupRole:FOLLOWER, 2ac24d38-c694-40fc-bc53-1be83d90b269|rpc:10.1.0.57:15067|admin:10.1.0.57:15066|client:10.1.0.57:15065|dataStream:10.1.0.57:15068|priority:0|startupRole:FOLLOWER, 2333f530-c3e7-4f84-815f-5beaea2403db|rpc:10.1.0.57:15085|admin:10.1.0.57:15084|client:10.1.0.57:15083|dataStream:10.1.0.57:15086|priority:1|startupRole:FOLLOWER]|listeners:[], old=null
2023-07-25 10:56:50,108 [2ac24d38-c694-40fc-bc53-1be83d90b269-server-thread2] INFO  segmented.SegmentedRaftLogWorker (SegmentedRaftLogWorker.java:startLogSegment(447)) - 2ac24d38-c694-40fc-bc53-1be83d90b269@group-27836B11CF00-SegmentedRaftLogWorker: Starting segment from index:0
2023-07-25 10:56:50,108 [ab2ae7ff-5675-45b3-bfb0-4ee1241a3635@group-359273FD4D1C-LeaderElection14] INFO  server.RaftServer$Division (ServerState.java:setRaftConf(434)) - ab2ae7ff-5675-45b3-bfb0-4ee1241a3635@group-359273FD4D1C: set configuration 0: peers:[ab2ae7ff-5675-45b3-bfb0-4ee1241a3635|rpc:10.1.0.57:15076|admin:10.1.0.57:15075|client:10.1.0.57:15074|dataStream:10.1.0.57:15077|priority:1|startupRole:FOLLOWER]|listeners:[], old=null
2023-07-25 10:56:50,111 [ab2ae7ff-5675-45b3-bfb0-4ee1241a3635@group-27836B11CF00-SegmentedRaftLogWorker] INFO  segmented.SegmentedRaftLogWorker (SegmentedRaftLogWorker.java:execute(651)) - ab2ae7ff-5675-45b3-bfb0-4ee1241a3635@group-27836B11CF00-SegmentedRaftLogWorker: created new log segment /home/runner/work/ozone/ozone/hadoop-ozone/integration-test/target/test-dir/MiniOzoneClusterImpl-c4e06dc0-ae81-4e14-96b7-eb66a98ebf91/datanode-1/data/ratis/8d93610f-074d-4469-929c-27836b11cf00/current/log_inprogress_0
2023-07-25 10:56:50,111 [2ac24d38-c694-40fc-bc53-1be83d90b269@group-27836B11CF00-SegmentedRaftLogWorker] INFO  segmented.SegmentedRaftLogWorker (SegmentedRaftLogWorker.java:execute(651)) - 2ac24d38-c694-40fc-bc53-1be83d90b269@group-27836B11CF00-SegmentedRaftLogWorker: created new log segment /home/runner/work/ozone/ozone/hadoop-ozone/integration-test/target/test-dir/MiniOzoneClusterImpl-c4e06dc0-ae81-4e14-96b7-eb66a98ebf91/datanode-0/data/ratis/8d93610f-074d-4469-929c-27836b11cf00/current/log_inprogress_0
2023-07-25 10:56:50,121 [main] INFO  rpc.RpcClient (RpcClient.java:createBucket(687)) - Creating Bucket: volume90736/bucket48182, with bucket layout FILE_SYSTEM_OPTIMIZED, runner as owner, Versioning false, Storage Type set to DISK and Encryption set to false, Replication Type set to server-side default replication type, Namespace Quota set to -1, Space Quota set to -1 
2023-07-25 10:56:50,124 [IPC Server handler 7 on default port 15057] INFO  bucket.OMBucketCreateRequest (OMBucketCreateRequest.java:validateAndUpdateCache(270)) - created bucket: bucket48182 of layout FILE_SYSTEM_OPTIMIZED in volume: volume90736
2023-07-25 10:56:50,149 [Time-limited test] INFO  ozone.TestOzoneFileSystemWithFSO (TestOzoneFileSystemWithFSO.java:testRenameDirToItsOwnSubDir(322)) - Created dir1 o3fs://bucket48182.volume90736/root/dir1/sub_dir1
2023-07-25 10:56:50,149 [Time-limited test] INFO  ozone.TestOzoneFileSystemWithFSO (TestOzoneFileSystemWithFSO.java:testRenameDirToItsOwnSubDir(325)) - Rename op-> source:o3fs://bucket48182.volume90736/root to destin:o3fs://bucket48182.volume90736/root/dir1/sub_dir1
10:56:50.154 [IPC Server handler 5 on default port 15057] ERROR OMAudit - user=runner | ip=127.0.0.1 | op=RENAME_KEY {volume=volume90736, bucket=bucket48182, dataSize=0, replicationType=NONE, replicationFactor=ZERO, srcKey=root, dstKey=root/dir1/sub_dir1} | ret=FAILURE
org.apache.hadoop.ozone.om.exceptions.OMException: Cannot rename a directory to its own subdirectory
	at org.apache.hadoop.ozone.om.request.file.OMFileRequest.verifyToDirIsASubDirOfFromDirectory(OMFileRequest.java:783) ~[ozone-manager-1.4.0-SNAPSHOT.jar:?]
	at org.apache.hadoop.ozone.om.request.key.OMKeyRenameRequestWithFSO.validateAndUpdateCache(OMKeyRenameRequestWithFSO.java:159) ~[ozone-manager-1.4.0-SNAPSHOT.jar:?]
	at org.apache.hadoop.ozone.protocolPB.OzoneManagerRequestHandler.handleWriteRequest(OzoneManagerRequestHandler.java:375) ~[ozone-manager-1.4.0-SNAPSHOT.jar:?]
	at org.apache.hadoop.ozone.protocolPB.OzoneManagerProtocolServerSideTranslatorPB.submitRequestDirectlyToOM(OzoneManagerProtocolServerSideTranslatorPB.java:280) ~[ozone-manager-1.4.0-SNAPSHOT.jar:?]
	at org.apache.hadoop.ozone.protocolPB.OzoneManagerProtocolServerSideTranslatorPB.processRequest(OzoneManagerProtocolServerSideTranslatorPB.java:175) ~[ozone-manager-1.4.0-SNAPSHOT.jar:?]
	at org.apache.hadoop.hdds.server.OzoneProtocolMessageDispatcher.processRequest(OzoneProtocolMessageDispatcher.java:87) [hdds-server-framework-1.4.0-SNAPSHOT.jar:?]
	at org.apache.hadoop.ozone.protocolPB.OzoneManagerProtocolServerSideTranslatorPB.submitRequest(OzoneManagerProtocolServerSideTranslatorPB.java:148) [ozone-manager-1.4.0-SNAPSHOT.jar:?]
	at org.apache.hadoop.ozone.protocol.proto.OzoneManagerProtocolProtos$OzoneManagerService$2.callBlockingMethod(OzoneManagerProtocolProtos.java) [ozone-interface-client-1.4.0-SNAPSHOT.jar:?]
	at org.apache.hadoop.ipc.ProtobufRpcEngine$Server.processCall(ProtobufRpcEngine.java:484) [hadoop-common-3.3.6.jar:?]
	at org.apache.hadoop.ipc.ProtobufRpcEngine2$Server$ProtoBufRpcInvoker.call(ProtobufRpcEngine2.java:595) [hadoop-common-3.3.6.jar:?]
	at org.apache.hadoop.ipc.ProtobufRpcEngine2$Server$ProtoBufRpcInvoker.call(ProtobufRpcEngine2.java:573) [hadoop-common-3.3.6.jar:?]
	at org.apache.hadoop.ipc.RPC$Server.call(RPC.java:1227) [hadoop-common-3.3.6.jar:?]
	at org.apache.hadoop.ipc.Server$RpcCall.run(Server.java:1094) [hadoop-common-3.3.6.jar:?]
	at org.apache.hadoop.ipc.Server$RpcCall.run(Server.java:1017) [hadoop-common-3.3.6.jar:?]
	at java.security.AccessController.doPrivileged(Native Method) ~[?:1.8.0_372]
	at javax.security.auth.Subject.doAs(Subject.java:422) [?:1.8.0_372]
	at org.apache.hadoop.security.UserGroupInformation.doAs(UserGroupInformation.java:1899) [hadoop-common-3.3.6.jar:?]
	at org.apache.hadoop.ipc.Server$Handler.run(Server.java:3048) [hadoop-common-3.3.6.jar:?]
2023-07-25 10:56:50,154 [IPC Server handler 5 on default port 15057] ERROR key.OMKeyRenameRequestWithFSO (OMKeyRenameRequestWithFSO.java:validateAndUpdateCache(250)) - Rename key failed for volume:volume90736 bucket:bucket48182 fromKey:root toKey:root/dir1/sub_dir1. Exception: Cannot rename a directory to its own subdirectory.
2023-07-25 10:56:50,155 [Time-limited test] ERROR ozone.BasicOzoneFileSystem (BasicOzoneFileSystem.java:renameFSO(482)) - rename key failed: Cannot rename a directory to its own subdirectory. Error code: KEY_RENAME_ERROR source:root, destin:root/dir1/sub_dir1
]]></system-out>
  </testcase>
  <testcase name="testGetDirectoryModificationTime" classname="TestOzoneFileSystemWithFSO" time="0">
    <skipped message="HDDS-2939"/>
  </testcase>
  <testcase name="testGetDirectoryModificationTime" classname="TestOzoneFileSystemWithFSO" time="0">
    <skipped message="HDDS-2939"/>
  </testcase>
  <testcase name="testLeaseRecoverable" classname="TestOzoneFileSystemWithFSO" time="1.051">
    <system-out><![CDATA[2023-07-25 10:55:30,569 [IPC Server handler 0 on default port 15001] INFO  ha.SequenceIdGenerator (SequenceIdGenerator.java:getNextId(140)) - Allocate a batch for containerId, change lastId from 0 to 1000.
2023-07-25 10:55:30,584 [IPC Server handler 0 on default port 15001] WARN  ha.SequenceIdGenerator (SequenceIdGenerator.java:allocateBatch(253)) - Failed to allocate a batch for localId, expected lastId is 0, actual lastId is 111677748019200000.
2023-07-25 10:55:30,584 [IPC Server handler 0 on default port 15001] INFO  ha.SequenceIdGenerator (SequenceIdGenerator.java:getNextId(140)) - Allocate a batch for localId, change lastId from 111677748019200000 to 111677748019201000.
10:55:30.665 [IPC Server handler 11 on default port 15004] ERROR OMAudit - user=runner | ip=127.0.0.1 | op=GET_FILE_STATUS {volume=volume25555, bucket=bucket68101, key=d1/d2/file1, dataSize=0, replicationConfig=null} | ret=FAILURE
org.apache.hadoop.ozone.om.exceptions.OMException: Unable to get file status: volume: volume25555 bucket: bucket68101 key: d1/d2/file1
	at org.apache.hadoop.ozone.om.KeyManagerImpl.getOzoneFileStatusFSO(KeyManagerImpl.java:1311) ~[ozone-manager-1.4.0-SNAPSHOT.jar:?]
	at org.apache.hadoop.ozone.om.KeyManagerImpl.getFileStatus(KeyManagerImpl.java:1102) ~[ozone-manager-1.4.0-SNAPSHOT.jar:?]
	at org.apache.hadoop.ozone.om.OmMetadataReader.getFileStatus(OmMetadataReader.java:262) ~[ozone-manager-1.4.0-SNAPSHOT.jar:?]
	at org.apache.hadoop.ozone.om.OzoneManager.getFileStatus(OzoneManager.java:3527) ~[ozone-manager-1.4.0-SNAPSHOT.jar:?]
	at org.apache.hadoop.ozone.protocolPB.OzoneManagerRequestHandler.getOzoneFileStatus(OzoneManagerRequestHandler.java:973) ~[ozone-manager-1.4.0-SNAPSHOT.jar:?]
	at org.apache.hadoop.ozone.protocolPB.OzoneManagerRequestHandler.handleReadRequest(OzoneManagerRequestHandler.java:252) ~[ozone-manager-1.4.0-SNAPSHOT.jar:?]
	at org.apache.hadoop.ozone.protocolPB.OzoneManagerProtocolServerSideTranslatorPB.submitReadRequestToOM(OzoneManagerProtocolServerSideTranslatorPB.java:225) ~[ozone-manager-1.4.0-SNAPSHOT.jar:?]
	at org.apache.hadoop.ozone.protocolPB.OzoneManagerProtocolServerSideTranslatorPB.processRequest(OzoneManagerProtocolServerSideTranslatorPB.java:179) ~[ozone-manager-1.4.0-SNAPSHOT.jar:?]
	at org.apache.hadoop.hdds.server.OzoneProtocolMessageDispatcher.processRequest(OzoneProtocolMessageDispatcher.java:87) [hdds-server-framework-1.4.0-SNAPSHOT.jar:?]
	at org.apache.hadoop.ozone.protocolPB.OzoneManagerProtocolServerSideTranslatorPB.submitRequest(OzoneManagerProtocolServerSideTranslatorPB.java:148) [ozone-manager-1.4.0-SNAPSHOT.jar:?]
	at org.apache.hadoop.ozone.protocol.proto.OzoneManagerProtocolProtos$OzoneManagerService$2.callBlockingMethod(OzoneManagerProtocolProtos.java) [ozone-interface-client-1.4.0-SNAPSHOT.jar:?]
	at org.apache.hadoop.ipc.ProtobufRpcEngine$Server.processCall(ProtobufRpcEngine.java:484) [hadoop-common-3.3.6.jar:?]
	at org.apache.hadoop.ipc.ProtobufRpcEngine2$Server$ProtoBufRpcInvoker.call(ProtobufRpcEngine2.java:595) [hadoop-common-3.3.6.jar:?]
	at org.apache.hadoop.ipc.ProtobufRpcEngine2$Server$ProtoBufRpcInvoker.call(ProtobufRpcEngine2.java:573) [hadoop-common-3.3.6.jar:?]
	at org.apache.hadoop.ipc.RPC$Server.call(RPC.java:1227) [hadoop-common-3.3.6.jar:?]
	at org.apache.hadoop.ipc.Server$RpcCall.run(Server.java:1094) [hadoop-common-3.3.6.jar:?]
	at org.apache.hadoop.ipc.Server$RpcCall.run(Server.java:1017) [hadoop-common-3.3.6.jar:?]
	at java.security.AccessController.doPrivileged(Native Method) ~[?:1.8.0_372]
	at javax.security.auth.Subject.doAs(Subject.java:422) [?:1.8.0_372]
	at org.apache.hadoop.security.UserGroupInformation.doAs(UserGroupInformation.java:1899) [hadoop-common-3.3.6.jar:?]
	at org.apache.hadoop.ipc.Server$Handler.run(Server.java:3048) [hadoop-common-3.3.6.jar:?]
2023-07-25 10:55:30,696 [Time-limited test] INFO  impl.MetricsSystemImpl (MetricsSystemImpl.java:init(158)) - XceiverClientMetrics metrics system started (again)
2023-07-25 10:55:30,697 [Time-limited test] INFO  lib.Interns (Interns.java:removeEldestEntry(50)) - Metrics intern cache overflow at 2011 for MetricsSystem={MetricsSystem=MetricsInfoImpl{name=MetricsSystem, description=MetricsSystem}, MetricsSystem record=MetricsInfoImpl{name=MetricsSystem, description=MetricsSystem record}}
]]></system-out>
  </testcase>
  <testcase name="testLeaseRecoverable" classname="TestOzoneFileSystemWithFSO" time="0.153">
    <system-out><![CDATA[2023-07-25 10:56:50,187 [IPC Server handler 4 on default port 15054] INFO  ha.SequenceIdGenerator (SequenceIdGenerator.java:getNextId(140)) - Allocate a batch for containerId, change lastId from 0 to 1000.
2023-07-25 10:56:50,188 [IPC Server handler 4 on default port 15054] WARN  ha.SequenceIdGenerator (SequenceIdGenerator.java:allocateBatch(253)) - Failed to allocate a batch for localId, expected lastId is 0, actual lastId is 111677748019200000.
2023-07-25 10:56:50,188 [IPC Server handler 4 on default port 15054] INFO  ha.SequenceIdGenerator (SequenceIdGenerator.java:getNextId(140)) - Allocate a batch for localId, change lastId from 111677748019200000 to 111677748019201000.
10:56:50.197 [IPC Server handler 16 on default port 15057] ERROR OMAudit - user=runner | ip=127.0.0.1 | op=GET_FILE_STATUS {volume=volume90736, bucket=bucket48182, key=d1/d2/file1, dataSize=0, replicationConfig=null} | ret=FAILURE
org.apache.hadoop.ozone.om.exceptions.OMException: Unable to get file status: volume: volume90736 bucket: bucket48182 key: d1/d2/file1
	at org.apache.hadoop.ozone.om.KeyManagerImpl.getOzoneFileStatusFSO(KeyManagerImpl.java:1311) ~[ozone-manager-1.4.0-SNAPSHOT.jar:?]
	at org.apache.hadoop.ozone.om.KeyManagerImpl.getFileStatus(KeyManagerImpl.java:1102) ~[ozone-manager-1.4.0-SNAPSHOT.jar:?]
	at org.apache.hadoop.ozone.om.OmMetadataReader.getFileStatus(OmMetadataReader.java:262) ~[ozone-manager-1.4.0-SNAPSHOT.jar:?]
	at org.apache.hadoop.ozone.om.OzoneManager.getFileStatus(OzoneManager.java:3527) ~[ozone-manager-1.4.0-SNAPSHOT.jar:?]
	at org.apache.hadoop.ozone.protocolPB.OzoneManagerRequestHandler.getOzoneFileStatus(OzoneManagerRequestHandler.java:973) ~[ozone-manager-1.4.0-SNAPSHOT.jar:?]
	at org.apache.hadoop.ozone.protocolPB.OzoneManagerRequestHandler.handleReadRequest(OzoneManagerRequestHandler.java:252) ~[ozone-manager-1.4.0-SNAPSHOT.jar:?]
	at org.apache.hadoop.ozone.protocolPB.OzoneManagerProtocolServerSideTranslatorPB.submitRequestDirectlyToOM(OzoneManagerProtocolServerSideTranslatorPB.java:274) ~[ozone-manager-1.4.0-SNAPSHOT.jar:?]
	at org.apache.hadoop.ozone.protocolPB.OzoneManagerProtocolServerSideTranslatorPB.processRequest(OzoneManagerProtocolServerSideTranslatorPB.java:175) ~[ozone-manager-1.4.0-SNAPSHOT.jar:?]
	at org.apache.hadoop.hdds.server.OzoneProtocolMessageDispatcher.processRequest(OzoneProtocolMessageDispatcher.java:87) [hdds-server-framework-1.4.0-SNAPSHOT.jar:?]
	at org.apache.hadoop.ozone.protocolPB.OzoneManagerProtocolServerSideTranslatorPB.submitRequest(OzoneManagerProtocolServerSideTranslatorPB.java:148) [ozone-manager-1.4.0-SNAPSHOT.jar:?]
	at org.apache.hadoop.ozone.protocol.proto.OzoneManagerProtocolProtos$OzoneManagerService$2.callBlockingMethod(OzoneManagerProtocolProtos.java) [ozone-interface-client-1.4.0-SNAPSHOT.jar:?]
	at org.apache.hadoop.ipc.ProtobufRpcEngine$Server.processCall(ProtobufRpcEngine.java:484) [hadoop-common-3.3.6.jar:?]
	at org.apache.hadoop.ipc.ProtobufRpcEngine2$Server$ProtoBufRpcInvoker.call(ProtobufRpcEngine2.java:595) [hadoop-common-3.3.6.jar:?]
	at org.apache.hadoop.ipc.ProtobufRpcEngine2$Server$ProtoBufRpcInvoker.call(ProtobufRpcEngine2.java:573) [hadoop-common-3.3.6.jar:?]
	at org.apache.hadoop.ipc.RPC$Server.call(RPC.java:1227) [hadoop-common-3.3.6.jar:?]
	at org.apache.hadoop.ipc.Server$RpcCall.run(Server.java:1094) [hadoop-common-3.3.6.jar:?]
	at org.apache.hadoop.ipc.Server$RpcCall.run(Server.java:1017) [hadoop-common-3.3.6.jar:?]
	at java.security.AccessController.doPrivileged(Native Method) ~[?:1.8.0_372]
	at javax.security.auth.Subject.doAs(Subject.java:422) [?:1.8.0_372]
	at org.apache.hadoop.security.UserGroupInformation.doAs(UserGroupInformation.java:1899) [hadoop-common-3.3.6.jar:?]
	at org.apache.hadoop.ipc.Server$Handler.run(Server.java:3048) [hadoop-common-3.3.6.jar:?]
]]></system-out>
  </testcase>
  <testcase name="testOzoneFsServiceLoader" classname="TestOzoneFileSystemWithFSO" time="0">
    <skipped message="HDDS-2939"/>
  </testcase>
  <testcase name="testOzoneFsServiceLoader" classname="TestOzoneFileSystemWithFSO" time="0">
    <skipped message="HDDS-2939"/>
  </testcase>
  <testcase name="testRenameParentDirModificationTime" classname="TestOzoneFileSystemWithFSO" time="0.176"/>
  <testcase name="testRenameParentDirModificationTime" classname="TestOzoneFileSystemWithFSO" time="0.062"/>
  <testcase name="testListFilesRecursive" classname="TestOzoneFileSystemWithFSO" time="0.211"/>
  <testcase name="testListFilesRecursive" classname="TestOzoneFileSystemWithFSO" time="0.067">
    <system-out><![CDATA[2023-07-25 10:56:50,403 [2333f530-c3e7-4f84-815f-5beaea2403db@group-BDC9AD96F545-FollowerState] INFO  impl.FollowerState (FollowerState.java:run(143)) - 2333f530-c3e7-4f84-815f-5beaea2403db@group-BDC9AD96F545-FollowerState: change to CANDIDATE, lastRpcElapsedTime:5147985592ns, electionTimeout:5147ms
2023-07-25 10:56:50,404 [2333f530-c3e7-4f84-815f-5beaea2403db@group-BDC9AD96F545-FollowerState] INFO  impl.RoleInfo (RoleInfo.java:shutdownFollowerState(110)) - 2333f530-c3e7-4f84-815f-5beaea2403db: shutdown 2333f530-c3e7-4f84-815f-5beaea2403db@group-BDC9AD96F545-FollowerState
2023-07-25 10:56:50,404 [2333f530-c3e7-4f84-815f-5beaea2403db@group-BDC9AD96F545-FollowerState] INFO  server.RaftServer$Division (RaftServerImpl.java:setRole(329)) - 2333f530-c3e7-4f84-815f-5beaea2403db@group-BDC9AD96F545: changes role from  FOLLOWER to CANDIDATE at term 0 for changeToCandidate
2023-07-25 10:56:50,404 [2333f530-c3e7-4f84-815f-5beaea2403db@group-BDC9AD96F545-FollowerState] INFO  server.RaftServerConfigKeys (ConfUtils.java:logGet(46)) - raft.server.leaderelection.pre-vote = true (default)
2023-07-25 10:56:50,404 [2333f530-c3e7-4f84-815f-5beaea2403db@group-BDC9AD96F545-FollowerState] INFO  impl.RoleInfo (RoleInfo.java:updateAndGet(139)) - 2333f530-c3e7-4f84-815f-5beaea2403db: start 2333f530-c3e7-4f84-815f-5beaea2403db@group-BDC9AD96F545-LeaderElection15
2023-07-25 10:56:50,407 [2333f530-c3e7-4f84-815f-5beaea2403db@group-BDC9AD96F545-LeaderElection15] INFO  impl.LeaderElection (LeaderElection.java:askForVotes(321)) - 2333f530-c3e7-4f84-815f-5beaea2403db@group-BDC9AD96F545-LeaderElection15 PRE_VOTE round 0: submit vote requests at term 0 for -1: peers:[2333f530-c3e7-4f84-815f-5beaea2403db|rpc:10.1.0.57:15085|admin:10.1.0.57:15084|client:10.1.0.57:15083|dataStream:10.1.0.57:15086|priority:1|startupRole:FOLLOWER]|listeners:[], old=null
2023-07-25 10:56:50,407 [2333f530-c3e7-4f84-815f-5beaea2403db@group-BDC9AD96F545-LeaderElection15] INFO  impl.LeaderElection (LeaderElection.java:askForVotes(323)) - 2333f530-c3e7-4f84-815f-5beaea2403db@group-BDC9AD96F545-LeaderElection15 PRE_VOTE round 0: result PASSED (term=0)
2023-07-25 10:56:50,416 [2333f530-c3e7-4f84-815f-5beaea2403db@group-BDC9AD96F545-LeaderElection15] INFO  impl.LeaderElection (LeaderElection.java:askForVotes(321)) - 2333f530-c3e7-4f84-815f-5beaea2403db@group-BDC9AD96F545-LeaderElection15 ELECTION round 0: submit vote requests at term 1 for -1: peers:[2333f530-c3e7-4f84-815f-5beaea2403db|rpc:10.1.0.57:15085|admin:10.1.0.57:15084|client:10.1.0.57:15083|dataStream:10.1.0.57:15086|priority:1|startupRole:FOLLOWER]|listeners:[], old=null
2023-07-25 10:56:50,416 [2333f530-c3e7-4f84-815f-5beaea2403db@group-BDC9AD96F545-LeaderElection15] INFO  impl.LeaderElection (LeaderElection.java:askForVotes(323)) - 2333f530-c3e7-4f84-815f-5beaea2403db@group-BDC9AD96F545-LeaderElection15 ELECTION round 0: result PASSED (term=1)
2023-07-25 10:56:50,416 [2333f530-c3e7-4f84-815f-5beaea2403db@group-BDC9AD96F545-LeaderElection15] INFO  impl.RoleInfo (RoleInfo.java:shutdownLeaderElection(130)) - 2333f530-c3e7-4f84-815f-5beaea2403db: shutdown 2333f530-c3e7-4f84-815f-5beaea2403db@group-BDC9AD96F545-LeaderElection15
2023-07-25 10:56:50,417 [2333f530-c3e7-4f84-815f-5beaea2403db@group-BDC9AD96F545-LeaderElection15] INFO  server.RaftServer$Division (RaftServerImpl.java:setRole(329)) - 2333f530-c3e7-4f84-815f-5beaea2403db@group-BDC9AD96F545: changes role from CANDIDATE to LEADER at term 1 for changeToLeader
2023-07-25 10:56:50,417 [2333f530-c3e7-4f84-815f-5beaea2403db@group-BDC9AD96F545-LeaderElection15] INFO  ratis.XceiverServerRatis (XceiverServerRatis.java:handleLeaderChangedNotification(902)) - Leader change notification received for group: group-BDC9AD96F545 with new leaderId: 2333f530-c3e7-4f84-815f-5beaea2403db
2023-07-25 10:56:50,417 [2333f530-c3e7-4f84-815f-5beaea2403db@group-BDC9AD96F545-LeaderElection15] INFO  server.RaftServer$Division (ServerState.java:setLeader(317)) - 2333f530-c3e7-4f84-815f-5beaea2403db@group-BDC9AD96F545: change Leader from null to 2333f530-c3e7-4f84-815f-5beaea2403db at term 1 for becomeLeader, leader elected after 5183ms
2023-07-25 10:56:50,417 [2333f530-c3e7-4f84-815f-5beaea2403db@group-BDC9AD96F545-LeaderElection15] INFO  server.RaftServerConfigKeys (ConfUtils.java:logGet(46)) - raft.server.staging.catchup.gap = 1000 (default)
2023-07-25 10:56:50,417 [2333f530-c3e7-4f84-815f-5beaea2403db@group-BDC9AD96F545-LeaderElection15] INFO  server.RaftServerConfigKeys (ConfUtils.java:logGet(46)) - raft.server.write.element-limit = 1024 (custom)
2023-07-25 10:56:50,417 [2333f530-c3e7-4f84-815f-5beaea2403db@group-BDC9AD96F545-LeaderElection15] INFO  server.RaftServerConfigKeys (ConfUtils.java:logGet(46)) - raft.server.write.byte-limit = 1024 M (=1073741824) (custom)
2023-07-25 10:56:50,424 [2333f530-c3e7-4f84-815f-5beaea2403db@group-BDC9AD96F545-LeaderElection15] INFO  server.RaftServerConfigKeys (ConfUtils.java:logGet(46)) - raft.server.watch.timeout = 180s (custom)
2023-07-25 10:56:50,424 [2333f530-c3e7-4f84-815f-5beaea2403db@group-BDC9AD96F545-LeaderElection15] INFO  server.RaftServerConfigKeys (ConfUtils.java:logGet(46)) - raft.server.watch.timeout.denomination = 1s (default)
2023-07-25 10:56:50,424 [2333f530-c3e7-4f84-815f-5beaea2403db@group-BDC9AD96F545-LeaderElection15] INFO  server.RaftServerConfigKeys (ConfUtils.java:logGet(46)) - raft.server.watch.element-limit = 65536 (default)
2023-07-25 10:56:50,427 [2333f530-c3e7-4f84-815f-5beaea2403db@group-BDC9AD96F545-LeaderElection15] INFO  server.RaftServerConfigKeys (ConfUtils.java:logGet(46)) - raft.server.write.element-limit = 1024 (custom)
2023-07-25 10:56:50,427 [2333f530-c3e7-4f84-815f-5beaea2403db@group-BDC9AD96F545-LeaderElection15] INFO  server.RaftServerConfigKeys (ConfUtils.java:logGet(46)) - raft.server.write.follower.gap.ratio.max = -1.0 (default)
2023-07-25 10:56:50,427 [2333f530-c3e7-4f84-815f-5beaea2403db@group-BDC9AD96F545-LeaderElection15] INFO  impl.RoleInfo (RoleInfo.java:updateAndGet(139)) - 2333f530-c3e7-4f84-815f-5beaea2403db: start 2333f530-c3e7-4f84-815f-5beaea2403db@group-BDC9AD96F545-LeaderStateImpl
2023-07-25 10:56:50,435 [2333f530-c3e7-4f84-815f-5beaea2403db@group-BDC9AD96F545-LeaderElection15] INFO  segmented.SegmentedRaftLogWorker (SegmentedRaftLogWorker.java:startLogSegment(447)) - 2333f530-c3e7-4f84-815f-5beaea2403db@group-BDC9AD96F545-SegmentedRaftLogWorker: Starting segment from index:0
2023-07-25 10:56:50,439 [2333f530-c3e7-4f84-815f-5beaea2403db@group-BDC9AD96F545-SegmentedRaftLogWorker] INFO  segmented.SegmentedRaftLogWorker (SegmentedRaftLogWorker.java:execute(651)) - 2333f530-c3e7-4f84-815f-5beaea2403db@group-BDC9AD96F545-SegmentedRaftLogWorker: created new log segment /home/runner/work/ozone/ozone/hadoop-ozone/integration-test/target/test-dir/MiniOzoneClusterImpl-c4e06dc0-ae81-4e14-96b7-eb66a98ebf91/datanode-2/data/ratis/a7917415-5a4b-4916-ae80-bdc9ad96f545/current/log_inprogress_0
2023-07-25 10:56:50,446 [2333f530-c3e7-4f84-815f-5beaea2403db@group-BDC9AD96F545-LeaderElection15] INFO  server.RaftServer$Division (ServerState.java:setRaftConf(434)) - 2333f530-c3e7-4f84-815f-5beaea2403db@group-BDC9AD96F545: set configuration 0: peers:[2333f530-c3e7-4f84-815f-5beaea2403db|rpc:10.1.0.57:15085|admin:10.1.0.57:15084|client:10.1.0.57:15083|dataStream:10.1.0.57:15086|priority:1|startupRole:FOLLOWER]|listeners:[], old=null
]]></system-out>
  </testcase>
  <testcase name="testRenameDestinationParentDoesntExist" classname="TestOzoneFileSystemWithFSO" time="0.103">
    <system-out><![CDATA[10:55:31.983 [OM StateMachine ApplyTransaction Thread - 0] ERROR OMAudit - user=runner | ip=127.0.0.1 | op=RENAME_KEY {volume=volume25555, bucket=bucket68101, dataSize=0, replicationType=NONE, replicationFactor=ZERO, srcKey=root_dir/dir1/dir2, dstKey=root_dir/b/c} | ret=FAILURE
org.apache.hadoop.ozone.om.exceptions.OMException: Failed to get parent dir root_dir/b/c, root_dir/b doesn't exist
	at org.apache.hadoop.ozone.om.request.file.OMFileRequest.getKeyParentDir(OMFileRequest.java:822) ~[ozone-manager-1.4.0-SNAPSHOT.jar:?]
	at org.apache.hadoop.ozone.om.request.key.OMKeyRenameRequestWithFSO.validateAndUpdateCache(OMKeyRenameRequestWithFSO.java:216) ~[ozone-manager-1.4.0-SNAPSHOT.jar:?]
	at org.apache.hadoop.ozone.protocolPB.OzoneManagerRequestHandler.handleWriteRequest(OzoneManagerRequestHandler.java:375) ~[ozone-manager-1.4.0-SNAPSHOT.jar:?]
	at org.apache.hadoop.ozone.om.ratis.OzoneManagerStateMachine.runCommand(OzoneManagerStateMachine.java:568) ~[ozone-manager-1.4.0-SNAPSHOT.jar:?]
	at org.apache.hadoop.ozone.om.ratis.OzoneManagerStateMachine.lambda$1(OzoneManagerStateMachine.java:359) ~[ozone-manager-1.4.0-SNAPSHOT.jar:?]
	at java.util.concurrent.CompletableFuture$AsyncSupply.run(CompletableFuture.java:1604) [?:1.8.0_372]
	at java.util.concurrent.ThreadPoolExecutor.runWorker(ThreadPoolExecutor.java:1149) [?:1.8.0_372]
	at java.util.concurrent.ThreadPoolExecutor$Worker.run(ThreadPoolExecutor.java:624) [?:1.8.0_372]
	at java.lang.Thread.run(Thread.java:750) [?:1.8.0_372]
2023-07-25 10:55:31,984 [OM StateMachine ApplyTransaction Thread - 0] ERROR key.OMKeyRenameRequestWithFSO (OMKeyRenameRequestWithFSO.java:validateAndUpdateCache(250)) - Rename key failed for volume:volume25555 bucket:bucket68101 fromKey:root_dir/dir1/dir2 toKey:root_dir/b/c. Exception: Failed to get parent dir root_dir/b/c, root_dir/b doesn't exist.
2023-07-25 10:55:31,985 [Time-limited test] ERROR ozone.BasicOzoneFileSystem (BasicOzoneFileSystem.java:renameFSO(482)) - rename key failed: Failed to get parent dir root_dir/b/c, root_dir/b doesn't exist. Error code: KEY_RENAME_ERROR source:root_dir/dir1/dir2, destin:root_dir/b/c
10:55:32.033 [OM StateMachine ApplyTransaction Thread - 0] ERROR OMAudit - user=runner | ip=127.0.0.1 | op=RENAME_KEY {volume=volume25555, bucket=bucket68101, dataSize=0, replicationType=NONE, replicationFactor=ZERO, srcKey=root_dir/dir1/dir2, dstKey=root_dir/file1/c} | ret=FAILURE
org.apache.hadoop.ozone.om.exceptions.OMException: Failed to get parent dir root_dir/file1/c, root_dir/file1 is a file
	at org.apache.hadoop.ozone.om.request.file.OMFileRequest.getKeyParentDir(OMFileRequest.java:827) ~[ozone-manager-1.4.0-SNAPSHOT.jar:?]
	at org.apache.hadoop.ozone.om.request.key.OMKeyRenameRequestWithFSO.validateAndUpdateCache(OMKeyRenameRequestWithFSO.java:216) ~[ozone-manager-1.4.0-SNAPSHOT.jar:?]
	at org.apache.hadoop.ozone.protocolPB.OzoneManagerRequestHandler.handleWriteRequest(OzoneManagerRequestHandler.java:375) ~[ozone-manager-1.4.0-SNAPSHOT.jar:?]
	at org.apache.hadoop.ozone.om.ratis.OzoneManagerStateMachine.runCommand(OzoneManagerStateMachine.java:568) ~[ozone-manager-1.4.0-SNAPSHOT.jar:?]
	at org.apache.hadoop.ozone.om.ratis.OzoneManagerStateMachine.lambda$1(OzoneManagerStateMachine.java:359) ~[ozone-manager-1.4.0-SNAPSHOT.jar:?]
	at java.util.concurrent.CompletableFuture$AsyncSupply.run(CompletableFuture.java:1604) [?:1.8.0_372]
	at java.util.concurrent.ThreadPoolExecutor.runWorker(ThreadPoolExecutor.java:1149) [?:1.8.0_372]
	at java.util.concurrent.ThreadPoolExecutor$Worker.run(ThreadPoolExecutor.java:624) [?:1.8.0_372]
	at java.lang.Thread.run(Thread.java:750) [?:1.8.0_372]
2023-07-25 10:55:32,033 [OM StateMachine ApplyTransaction Thread - 0] ERROR key.OMKeyRenameRequestWithFSO (OMKeyRenameRequestWithFSO.java:validateAndUpdateCache(250)) - Rename key failed for volume:volume25555 bucket:bucket68101 fromKey:root_dir/dir1/dir2 toKey:root_dir/file1/c. Exception: Failed to get parent dir root_dir/file1/c, root_dir/file1 is a file.
2023-07-25 10:55:32,035 [Time-limited test] ERROR ozone.BasicOzoneFileSystem (BasicOzoneFileSystem.java:renameFSO(482)) - rename key failed: Failed to get parent dir root_dir/file1/c, root_dir/file1 is a file. Error code: KEY_RENAME_ERROR source:root_dir/dir1/dir2, destin:root_dir/file1/c
]]></system-out>
  </testcase>
  <testcase name="testRenameDestinationParentDoesntExist" classname="TestOzoneFileSystemWithFSO" time="0.034">
    <system-out><![CDATA[10:56:50.465 [IPC Server handler 4 on default port 15057] ERROR OMAudit - user=runner | ip=127.0.0.1 | op=RENAME_KEY {volume=volume90736, bucket=bucket48182, dataSize=0, replicationType=NONE, replicationFactor=ZERO, srcKey=root_dir/dir1/dir2, dstKey=root_dir/b/c} | ret=FAILURE
org.apache.hadoop.ozone.om.exceptions.OMException: Failed to get parent dir root_dir/b/c, root_dir/b doesn't exist
	at org.apache.hadoop.ozone.om.request.file.OMFileRequest.getKeyParentDir(OMFileRequest.java:822) ~[ozone-manager-1.4.0-SNAPSHOT.jar:?]
	at org.apache.hadoop.ozone.om.request.key.OMKeyRenameRequestWithFSO.validateAndUpdateCache(OMKeyRenameRequestWithFSO.java:216) ~[ozone-manager-1.4.0-SNAPSHOT.jar:?]
	at org.apache.hadoop.ozone.protocolPB.OzoneManagerRequestHandler.handleWriteRequest(OzoneManagerRequestHandler.java:375) ~[ozone-manager-1.4.0-SNAPSHOT.jar:?]
	at org.apache.hadoop.ozone.protocolPB.OzoneManagerProtocolServerSideTranslatorPB.submitRequestDirectlyToOM(OzoneManagerProtocolServerSideTranslatorPB.java:280) ~[ozone-manager-1.4.0-SNAPSHOT.jar:?]
	at org.apache.hadoop.ozone.protocolPB.OzoneManagerProtocolServerSideTranslatorPB.processRequest(OzoneManagerProtocolServerSideTranslatorPB.java:175) ~[ozone-manager-1.4.0-SNAPSHOT.jar:?]
	at org.apache.hadoop.hdds.server.OzoneProtocolMessageDispatcher.processRequest(OzoneProtocolMessageDispatcher.java:87) [hdds-server-framework-1.4.0-SNAPSHOT.jar:?]
	at org.apache.hadoop.ozone.protocolPB.OzoneManagerProtocolServerSideTranslatorPB.submitRequest(OzoneManagerProtocolServerSideTranslatorPB.java:148) [ozone-manager-1.4.0-SNAPSHOT.jar:?]
	at org.apache.hadoop.ozone.protocol.proto.OzoneManagerProtocolProtos$OzoneManagerService$2.callBlockingMethod(OzoneManagerProtocolProtos.java) [ozone-interface-client-1.4.0-SNAPSHOT.jar:?]
	at org.apache.hadoop.ipc.ProtobufRpcEngine$Server.processCall(ProtobufRpcEngine.java:484) [hadoop-common-3.3.6.jar:?]
	at org.apache.hadoop.ipc.ProtobufRpcEngine2$Server$ProtoBufRpcInvoker.call(ProtobufRpcEngine2.java:595) [hadoop-common-3.3.6.jar:?]
	at org.apache.hadoop.ipc.ProtobufRpcEngine2$Server$ProtoBufRpcInvoker.call(ProtobufRpcEngine2.java:573) [hadoop-common-3.3.6.jar:?]
	at org.apache.hadoop.ipc.RPC$Server.call(RPC.java:1227) [hadoop-common-3.3.6.jar:?]
	at org.apache.hadoop.ipc.Server$RpcCall.run(Server.java:1094) [hadoop-common-3.3.6.jar:?]
	at org.apache.hadoop.ipc.Server$RpcCall.run(Server.java:1017) [hadoop-common-3.3.6.jar:?]
	at java.security.AccessController.doPrivileged(Native Method) ~[?:1.8.0_372]
	at javax.security.auth.Subject.doAs(Subject.java:422) [?:1.8.0_372]
	at org.apache.hadoop.security.UserGroupInformation.doAs(UserGroupInformation.java:1899) [hadoop-common-3.3.6.jar:?]
	at org.apache.hadoop.ipc.Server$Handler.run(Server.java:3048) [hadoop-common-3.3.6.jar:?]
2023-07-25 10:56:50,466 [IPC Server handler 4 on default port 15057] ERROR key.OMKeyRenameRequestWithFSO (OMKeyRenameRequestWithFSO.java:validateAndUpdateCache(250)) - Rename key failed for volume:volume90736 bucket:bucket48182 fromKey:root_dir/dir1/dir2 toKey:root_dir/b/c. Exception: Failed to get parent dir root_dir/b/c, root_dir/b doesn't exist.
2023-07-25 10:56:50,468 [Time-limited test] ERROR ozone.BasicOzoneFileSystem (BasicOzoneFileSystem.java:renameFSO(482)) - rename key failed: Failed to get parent dir root_dir/b/c, root_dir/b doesn't exist. Error code: KEY_RENAME_ERROR source:root_dir/dir1/dir2, destin:root_dir/b/c
10:56:50.479 [IPC Server handler 14 on default port 15057] ERROR OMAudit - user=runner | ip=127.0.0.1 | op=RENAME_KEY {volume=volume90736, bucket=bucket48182, dataSize=0, replicationType=NONE, replicationFactor=ZERO, srcKey=root_dir/dir1/dir2, dstKey=root_dir/file1/c} | ret=FAILURE
org.apache.hadoop.ozone.om.exceptions.OMException: Failed to get parent dir root_dir/file1/c, root_dir/file1 is a file
	at org.apache.hadoop.ozone.om.request.file.OMFileRequest.getKeyParentDir(OMFileRequest.java:827) ~[ozone-manager-1.4.0-SNAPSHOT.jar:?]
	at org.apache.hadoop.ozone.om.request.key.OMKeyRenameRequestWithFSO.validateAndUpdateCache(OMKeyRenameRequestWithFSO.java:216) ~[ozone-manager-1.4.0-SNAPSHOT.jar:?]
	at org.apache.hadoop.ozone.protocolPB.OzoneManagerRequestHandler.handleWriteRequest(OzoneManagerRequestHandler.java:375) ~[ozone-manager-1.4.0-SNAPSHOT.jar:?]
	at org.apache.hadoop.ozone.protocolPB.OzoneManagerProtocolServerSideTranslatorPB.submitRequestDirectlyToOM(OzoneManagerProtocolServerSideTranslatorPB.java:280) ~[ozone-manager-1.4.0-SNAPSHOT.jar:?]
	at org.apache.hadoop.ozone.protocolPB.OzoneManagerProtocolServerSideTranslatorPB.processRequest(OzoneManagerProtocolServerSideTranslatorPB.java:175) ~[ozone-manager-1.4.0-SNAPSHOT.jar:?]
	at org.apache.hadoop.hdds.server.OzoneProtocolMessageDispatcher.processRequest(OzoneProtocolMessageDispatcher.java:87) [hdds-server-framework-1.4.0-SNAPSHOT.jar:?]
	at org.apache.hadoop.ozone.protocolPB.OzoneManagerProtocolServerSideTranslatorPB.submitRequest(OzoneManagerProtocolServerSideTranslatorPB.java:148) [ozone-manager-1.4.0-SNAPSHOT.jar:?]
	at org.apache.hadoop.ozone.protocol.proto.OzoneManagerProtocolProtos$OzoneManagerService$2.callBlockingMethod(OzoneManagerProtocolProtos.java) [ozone-interface-client-1.4.0-SNAPSHOT.jar:?]
	at org.apache.hadoop.ipc.ProtobufRpcEngine$Server.processCall(ProtobufRpcEngine.java:484) [hadoop-common-3.3.6.jar:?]
	at org.apache.hadoop.ipc.ProtobufRpcEngine2$Server$ProtoBufRpcInvoker.call(ProtobufRpcEngine2.java:595) [hadoop-common-3.3.6.jar:?]
	at org.apache.hadoop.ipc.ProtobufRpcEngine2$Server$ProtoBufRpcInvoker.call(ProtobufRpcEngine2.java:573) [hadoop-common-3.3.6.jar:?]
	at org.apache.hadoop.ipc.RPC$Server.call(RPC.java:1227) [hadoop-common-3.3.6.jar:?]
	at org.apache.hadoop.ipc.Server$RpcCall.run(Server.java:1094) [hadoop-common-3.3.6.jar:?]
	at org.apache.hadoop.ipc.Server$RpcCall.run(Server.java:1017) [hadoop-common-3.3.6.jar:?]
	at java.security.AccessController.doPrivileged(Native Method) ~[?:1.8.0_372]
	at javax.security.auth.Subject.doAs(Subject.java:422) [?:1.8.0_372]
	at org.apache.hadoop.security.UserGroupInformation.doAs(UserGroupInformation.java:1899) [hadoop-common-3.3.6.jar:?]
	at org.apache.hadoop.ipc.Server$Handler.run(Server.java:3048) [hadoop-common-3.3.6.jar:?]
2023-07-25 10:56:50,480 [IPC Server handler 14 on default port 15057] ERROR key.OMKeyRenameRequestWithFSO (OMKeyRenameRequestWithFSO.java:validateAndUpdateCache(250)) - Rename key failed for volume:volume90736 bucket:bucket48182 fromKey:root_dir/dir1/dir2 toKey:root_dir/file1/c. Exception: Failed to get parent dir root_dir/file1/c, root_dir/file1 is a file.
2023-07-25 10:56:50,480 [Time-limited test] ERROR ozone.BasicOzoneFileSystem (BasicOzoneFileSystem.java:renameFSO(482)) - rename key failed: Failed to get parent dir root_dir/file1/c, root_dir/file1 is a file. Error code: KEY_RENAME_ERROR source:root_dir/dir1/dir2, destin:root_dir/file1/c
]]></system-out>
  </testcase>
  <testcase name="testCreateWithInvalidPaths" classname="TestOzoneFileSystemWithFSO" time="0">
    <skipped message="HDDS-2939"/>
  </testcase>
  <testcase name="testCreateWithInvalidPaths" classname="TestOzoneFileSystemWithFSO" time="0">
    <skipped message="HDDS-2939"/>
  </testcase>
  <testcase name="testMultiLevelDirs" classname="TestOzoneFileSystemWithFSO" time="0.059"/>
  <testcase name="testMultiLevelDirs" classname="TestOzoneFileSystemWithFSO" time="0.017"/>
  <testcase name="testRenameParentBucketModificationTime" classname="TestOzoneFileSystemWithFSO" time="0.27"/>
  <testcase name="testRenameParentBucketModificationTime" classname="TestOzoneFileSystemWithFSO" time="0.079"/>
  <testcase name="testCreateFile" classname="TestOzoneFileSystemWithFSO" time="0.045"/>
  <testcase name="testCreateFile" classname="TestOzoneFileSystemWithFSO" time="0.02"/>
  <testcase name="testListStatusWithIntermediateDir" classname="TestOzoneFileSystemWithFSO" time="0">
    <skipped message="TODO:HDDS-2939"/>
  </testcase>
  <testcase name="testListStatusWithIntermediateDir" classname="TestOzoneFileSystemWithFSO" time="0">
    <skipped message="TODO:HDDS-2939"/>
  </testcase>
  <testcase name="testListStatusOnLargeDirectory" classname="TestOzoneFileSystemWithFSO" time="0">
    <skipped message="TODO:HDDS-5012"/>
  </testcase>
  <testcase name="testListStatusOnLargeDirectory" classname="TestOzoneFileSystemWithFSO" time="0">
    <skipped message="TODO:HDDS-5012"/>
  </testcase>
  <testcase name="testListStatusWithoutRecursiveSearch" classname="TestOzoneFileSystemWithFSO" time="0.178">
    <system-out><![CDATA[10:55:32.585 [IPC Server handler 14 on default port 15004] ERROR OMAudit - user=runner | ip=127.0.0.1 | op=LIST_STATUS {volume=volume25555, bucket=bucket68101, key=key2, dataSize=0, replicationConfig=null} | ret=FAILURE
org.apache.hadoop.ozone.om.exceptions.OMException: Unable to get file status: volume: volume25555 bucket: bucket68101 key: key2
	at org.apache.hadoop.ozone.om.KeyManagerImpl.getOzoneFileStatusFSO(KeyManagerImpl.java:1311) ~[ozone-manager-1.4.0-SNAPSHOT.jar:?]
	at org.apache.hadoop.ozone.om.OzoneListStatusHelper.listStatusFSO(OzoneListStatusHelper.java:153) ~[ozone-manager-1.4.0-SNAPSHOT.jar:?]
	at org.apache.hadoop.ozone.om.KeyManagerImpl.listStatus(KeyManagerImpl.java:1484) ~[ozone-manager-1.4.0-SNAPSHOT.jar:?]
	at org.apache.hadoop.ozone.om.OmMetadataReader.listStatus(OmMetadataReader.java:235) ~[ozone-manager-1.4.0-SNAPSHOT.jar:?]
	at org.apache.hadoop.ozone.om.OzoneManager.listStatus(OzoneManager.java:3557) ~[ozone-manager-1.4.0-SNAPSHOT.jar:?]
	at org.apache.hadoop.ozone.protocolPB.OzoneManagerRequestHandler.listStatus(OzoneManagerRequestHandler.java:1145) ~[ozone-manager-1.4.0-SNAPSHOT.jar:?]
	at org.apache.hadoop.ozone.protocolPB.OzoneManagerRequestHandler.handleReadRequest(OzoneManagerRequestHandler.java:263) ~[ozone-manager-1.4.0-SNAPSHOT.jar:?]
	at org.apache.hadoop.ozone.protocolPB.OzoneManagerProtocolServerSideTranslatorPB.submitReadRequestToOM(OzoneManagerProtocolServerSideTranslatorPB.java:225) ~[ozone-manager-1.4.0-SNAPSHOT.jar:?]
	at org.apache.hadoop.ozone.protocolPB.OzoneManagerProtocolServerSideTranslatorPB.processRequest(OzoneManagerProtocolServerSideTranslatorPB.java:179) ~[ozone-manager-1.4.0-SNAPSHOT.jar:?]
	at org.apache.hadoop.hdds.server.OzoneProtocolMessageDispatcher.processRequest(OzoneProtocolMessageDispatcher.java:87) [hdds-server-framework-1.4.0-SNAPSHOT.jar:?]
	at org.apache.hadoop.ozone.protocolPB.OzoneManagerProtocolServerSideTranslatorPB.submitRequest(OzoneManagerProtocolServerSideTranslatorPB.java:148) [ozone-manager-1.4.0-SNAPSHOT.jar:?]
	at org.apache.hadoop.ozone.protocol.proto.OzoneManagerProtocolProtos$OzoneManagerService$2.callBlockingMethod(OzoneManagerProtocolProtos.java) [ozone-interface-client-1.4.0-SNAPSHOT.jar:?]
	at org.apache.hadoop.ipc.ProtobufRpcEngine$Server.processCall(ProtobufRpcEngine.java:484) [hadoop-common-3.3.6.jar:?]
	at org.apache.hadoop.ipc.ProtobufRpcEngine2$Server$ProtoBufRpcInvoker.call(ProtobufRpcEngine2.java:595) [hadoop-common-3.3.6.jar:?]
	at org.apache.hadoop.ipc.ProtobufRpcEngine2$Server$ProtoBufRpcInvoker.call(ProtobufRpcEngine2.java:573) [hadoop-common-3.3.6.jar:?]
	at org.apache.hadoop.ipc.RPC$Server.call(RPC.java:1227) [hadoop-common-3.3.6.jar:?]
	at org.apache.hadoop.ipc.Server$RpcCall.run(Server.java:1094) [hadoop-common-3.3.6.jar:?]
	at org.apache.hadoop.ipc.Server$RpcCall.run(Server.java:1017) [hadoop-common-3.3.6.jar:?]
	at java.security.AccessController.doPrivileged(Native Method) ~[?:1.8.0_372]
	at javax.security.auth.Subject.doAs(Subject.java:422) [?:1.8.0_372]
	at org.apache.hadoop.security.UserGroupInformation.doAs(UserGroupInformation.java:1899) [hadoop-common-3.3.6.jar:?]
	at org.apache.hadoop.ipc.Server$Handler.run(Server.java:3048) [hadoop-common-3.3.6.jar:?]
10:55:32.588 [IPC Server handler 18 on default port 15004] ERROR OMAudit - user=runner | ip=127.0.0.1 | op=LIST_STATUS {volume=volume25555, bucket=bucket68101, key=d1/d2/key2, dataSize=0, replicationConfig=null} | ret=FAILURE
org.apache.hadoop.ozone.om.exceptions.OMException: Unable to get file status: volume: volume25555 bucket: bucket68101 key: d1/d2/key2
	at org.apache.hadoop.ozone.om.KeyManagerImpl.getOzoneFileStatusFSO(KeyManagerImpl.java:1311) ~[ozone-manager-1.4.0-SNAPSHOT.jar:?]
	at org.apache.hadoop.ozone.om.OzoneListStatusHelper.listStatusFSO(OzoneListStatusHelper.java:153) ~[ozone-manager-1.4.0-SNAPSHOT.jar:?]
	at org.apache.hadoop.ozone.om.KeyManagerImpl.listStatus(KeyManagerImpl.java:1484) ~[ozone-manager-1.4.0-SNAPSHOT.jar:?]
	at org.apache.hadoop.ozone.om.OmMetadataReader.listStatus(OmMetadataReader.java:235) ~[ozone-manager-1.4.0-SNAPSHOT.jar:?]
	at org.apache.hadoop.ozone.om.OzoneManager.listStatus(OzoneManager.java:3557) ~[ozone-manager-1.4.0-SNAPSHOT.jar:?]
	at org.apache.hadoop.ozone.protocolPB.OzoneManagerRequestHandler.listStatus(OzoneManagerRequestHandler.java:1145) ~[ozone-manager-1.4.0-SNAPSHOT.jar:?]
	at org.apache.hadoop.ozone.protocolPB.OzoneManagerRequestHandler.handleReadRequest(OzoneManagerRequestHandler.java:263) ~[ozone-manager-1.4.0-SNAPSHOT.jar:?]
	at org.apache.hadoop.ozone.protocolPB.OzoneManagerProtocolServerSideTranslatorPB.submitReadRequestToOM(OzoneManagerProtocolServerSideTranslatorPB.java:225) ~[ozone-manager-1.4.0-SNAPSHOT.jar:?]
	at org.apache.hadoop.ozone.protocolPB.OzoneManagerProtocolServerSideTranslatorPB.processRequest(OzoneManagerProtocolServerSideTranslatorPB.java:179) ~[ozone-manager-1.4.0-SNAPSHOT.jar:?]
	at org.apache.hadoop.hdds.server.OzoneProtocolMessageDispatcher.processRequest(OzoneProtocolMessageDispatcher.java:87) [hdds-server-framework-1.4.0-SNAPSHOT.jar:?]
	at org.apache.hadoop.ozone.protocolPB.OzoneManagerProtocolServerSideTranslatorPB.submitRequest(OzoneManagerProtocolServerSideTranslatorPB.java:148) [ozone-manager-1.4.0-SNAPSHOT.jar:?]
	at org.apache.hadoop.ozone.protocol.proto.OzoneManagerProtocolProtos$OzoneManagerService$2.callBlockingMethod(OzoneManagerProtocolProtos.java) [ozone-interface-client-1.4.0-SNAPSHOT.jar:?]
	at org.apache.hadoop.ipc.ProtobufRpcEngine$Server.processCall(ProtobufRpcEngine.java:484) [hadoop-common-3.3.6.jar:?]
	at org.apache.hadoop.ipc.ProtobufRpcEngine2$Server$ProtoBufRpcInvoker.call(ProtobufRpcEngine2.java:595) [hadoop-common-3.3.6.jar:?]
	at org.apache.hadoop.ipc.ProtobufRpcEngine2$Server$ProtoBufRpcInvoker.call(ProtobufRpcEngine2.java:573) [hadoop-common-3.3.6.jar:?]
	at org.apache.hadoop.ipc.RPC$Server.call(RPC.java:1227) [hadoop-common-3.3.6.jar:?]
	at org.apache.hadoop.ipc.Server$RpcCall.run(Server.java:1094) [hadoop-common-3.3.6.jar:?]
	at org.apache.hadoop.ipc.Server$RpcCall.run(Server.java:1017) [hadoop-common-3.3.6.jar:?]
	at java.security.AccessController.doPrivileged(Native Method) ~[?:1.8.0_372]
	at javax.security.auth.Subject.doAs(Subject.java:422) [?:1.8.0_372]
	at org.apache.hadoop.security.UserGroupInformation.doAs(UserGroupInformation.java:1899) [hadoop-common-3.3.6.jar:?]
	at org.apache.hadoop.ipc.Server$Handler.run(Server.java:3048) [hadoop-common-3.3.6.jar:?]
]]></system-out>
  </testcase>
  <testcase name="testListStatusWithoutRecursiveSearch" classname="TestOzoneFileSystemWithFSO" time="0.059">
    <system-out><![CDATA[10:56:50.654 [IPC Server handler 1 on default port 15057] ERROR OMAudit - user=runner | ip=127.0.0.1 | op=LIST_STATUS {volume=volume90736, bucket=bucket48182, key=key2, dataSize=0, replicationConfig=null} | ret=FAILURE
org.apache.hadoop.ozone.om.exceptions.OMException: Unable to get file status: volume: volume90736 bucket: bucket48182 key: key2
	at org.apache.hadoop.ozone.om.KeyManagerImpl.getOzoneFileStatusFSO(KeyManagerImpl.java:1311) ~[ozone-manager-1.4.0-SNAPSHOT.jar:?]
	at org.apache.hadoop.ozone.om.OzoneListStatusHelper.listStatusFSO(OzoneListStatusHelper.java:153) ~[ozone-manager-1.4.0-SNAPSHOT.jar:?]
	at org.apache.hadoop.ozone.om.KeyManagerImpl.listStatus(KeyManagerImpl.java:1484) ~[ozone-manager-1.4.0-SNAPSHOT.jar:?]
	at org.apache.hadoop.ozone.om.OmMetadataReader.listStatus(OmMetadataReader.java:235) ~[ozone-manager-1.4.0-SNAPSHOT.jar:?]
	at org.apache.hadoop.ozone.om.OzoneManager.listStatus(OzoneManager.java:3557) ~[ozone-manager-1.4.0-SNAPSHOT.jar:?]
	at org.apache.hadoop.ozone.protocolPB.OzoneManagerRequestHandler.listStatus(OzoneManagerRequestHandler.java:1145) ~[ozone-manager-1.4.0-SNAPSHOT.jar:?]
	at org.apache.hadoop.ozone.protocolPB.OzoneManagerRequestHandler.handleReadRequest(OzoneManagerRequestHandler.java:263) ~[ozone-manager-1.4.0-SNAPSHOT.jar:?]
	at org.apache.hadoop.ozone.protocolPB.OzoneManagerProtocolServerSideTranslatorPB.submitRequestDirectlyToOM(OzoneManagerProtocolServerSideTranslatorPB.java:274) ~[ozone-manager-1.4.0-SNAPSHOT.jar:?]
	at org.apache.hadoop.ozone.protocolPB.OzoneManagerProtocolServerSideTranslatorPB.processRequest(OzoneManagerProtocolServerSideTranslatorPB.java:175) ~[ozone-manager-1.4.0-SNAPSHOT.jar:?]
	at org.apache.hadoop.hdds.server.OzoneProtocolMessageDispatcher.processRequest(OzoneProtocolMessageDispatcher.java:87) [hdds-server-framework-1.4.0-SNAPSHOT.jar:?]
	at org.apache.hadoop.ozone.protocolPB.OzoneManagerProtocolServerSideTranslatorPB.submitRequest(OzoneManagerProtocolServerSideTranslatorPB.java:148) [ozone-manager-1.4.0-SNAPSHOT.jar:?]
	at org.apache.hadoop.ozone.protocol.proto.OzoneManagerProtocolProtos$OzoneManagerService$2.callBlockingMethod(OzoneManagerProtocolProtos.java) [ozone-interface-client-1.4.0-SNAPSHOT.jar:?]
	at org.apache.hadoop.ipc.ProtobufRpcEngine$Server.processCall(ProtobufRpcEngine.java:484) [hadoop-common-3.3.6.jar:?]
	at org.apache.hadoop.ipc.ProtobufRpcEngine2$Server$ProtoBufRpcInvoker.call(ProtobufRpcEngine2.java:595) [hadoop-common-3.3.6.jar:?]
	at org.apache.hadoop.ipc.ProtobufRpcEngine2$Server$ProtoBufRpcInvoker.call(ProtobufRpcEngine2.java:573) [hadoop-common-3.3.6.jar:?]
	at org.apache.hadoop.ipc.RPC$Server.call(RPC.java:1227) [hadoop-common-3.3.6.jar:?]
	at org.apache.hadoop.ipc.Server$RpcCall.run(Server.java:1094) [hadoop-common-3.3.6.jar:?]
	at org.apache.hadoop.ipc.Server$RpcCall.run(Server.java:1017) [hadoop-common-3.3.6.jar:?]
	at java.security.AccessController.doPrivileged(Native Method) ~[?:1.8.0_372]
	at javax.security.auth.Subject.doAs(Subject.java:422) [?:1.8.0_372]
	at org.apache.hadoop.security.UserGroupInformation.doAs(UserGroupInformation.java:1899) [hadoop-common-3.3.6.jar:?]
	at org.apache.hadoop.ipc.Server$Handler.run(Server.java:3048) [hadoop-common-3.3.6.jar:?]
10:56:50.656 [IPC Server handler 6 on default port 15057] ERROR OMAudit - user=runner | ip=127.0.0.1 | op=LIST_STATUS {volume=volume90736, bucket=bucket48182, key=d1/d2/key2, dataSize=0, replicationConfig=null} | ret=FAILURE
org.apache.hadoop.ozone.om.exceptions.OMException: Unable to get file status: volume: volume90736 bucket: bucket48182 key: d1/d2/key2
	at org.apache.hadoop.ozone.om.KeyManagerImpl.getOzoneFileStatusFSO(KeyManagerImpl.java:1311) ~[ozone-manager-1.4.0-SNAPSHOT.jar:?]
	at org.apache.hadoop.ozone.om.OzoneListStatusHelper.listStatusFSO(OzoneListStatusHelper.java:153) ~[ozone-manager-1.4.0-SNAPSHOT.jar:?]
	at org.apache.hadoop.ozone.om.KeyManagerImpl.listStatus(KeyManagerImpl.java:1484) ~[ozone-manager-1.4.0-SNAPSHOT.jar:?]
	at org.apache.hadoop.ozone.om.OmMetadataReader.listStatus(OmMetadataReader.java:235) ~[ozone-manager-1.4.0-SNAPSHOT.jar:?]
	at org.apache.hadoop.ozone.om.OzoneManager.listStatus(OzoneManager.java:3557) ~[ozone-manager-1.4.0-SNAPSHOT.jar:?]
	at org.apache.hadoop.ozone.protocolPB.OzoneManagerRequestHandler.listStatus(OzoneManagerRequestHandler.java:1145) ~[ozone-manager-1.4.0-SNAPSHOT.jar:?]
	at org.apache.hadoop.ozone.protocolPB.OzoneManagerRequestHandler.handleReadRequest(OzoneManagerRequestHandler.java:263) ~[ozone-manager-1.4.0-SNAPSHOT.jar:?]
	at org.apache.hadoop.ozone.protocolPB.OzoneManagerProtocolServerSideTranslatorPB.submitRequestDirectlyToOM(OzoneManagerProtocolServerSideTranslatorPB.java:274) ~[ozone-manager-1.4.0-SNAPSHOT.jar:?]
	at org.apache.hadoop.ozone.protocolPB.OzoneManagerProtocolServerSideTranslatorPB.processRequest(OzoneManagerProtocolServerSideTranslatorPB.java:175) ~[ozone-manager-1.4.0-SNAPSHOT.jar:?]
	at org.apache.hadoop.hdds.server.OzoneProtocolMessageDispatcher.processRequest(OzoneProtocolMessageDispatcher.java:87) [hdds-server-framework-1.4.0-SNAPSHOT.jar:?]
	at org.apache.hadoop.ozone.protocolPB.OzoneManagerProtocolServerSideTranslatorPB.submitRequest(OzoneManagerProtocolServerSideTranslatorPB.java:148) [ozone-manager-1.4.0-SNAPSHOT.jar:?]
	at org.apache.hadoop.ozone.protocol.proto.OzoneManagerProtocolProtos$OzoneManagerService$2.callBlockingMethod(OzoneManagerProtocolProtos.java) [ozone-interface-client-1.4.0-SNAPSHOT.jar:?]
	at org.apache.hadoop.ipc.ProtobufRpcEngine$Server.processCall(ProtobufRpcEngine.java:484) [hadoop-common-3.3.6.jar:?]
	at org.apache.hadoop.ipc.ProtobufRpcEngine2$Server$ProtoBufRpcInvoker.call(ProtobufRpcEngine2.java:595) [hadoop-common-3.3.6.jar:?]
	at org.apache.hadoop.ipc.ProtobufRpcEngine2$Server$ProtoBufRpcInvoker.call(ProtobufRpcEngine2.java:573) [hadoop-common-3.3.6.jar:?]
	at org.apache.hadoop.ipc.RPC$Server.call(RPC.java:1227) [hadoop-common-3.3.6.jar:?]
	at org.apache.hadoop.ipc.Server$RpcCall.run(Server.java:1094) [hadoop-common-3.3.6.jar:?]
	at org.apache.hadoop.ipc.Server$RpcCall.run(Server.java:1017) [hadoop-common-3.3.6.jar:?]
	at java.security.AccessController.doPrivileged(Native Method) ~[?:1.8.0_372]
	at javax.security.auth.Subject.doAs(Subject.java:422) [?:1.8.0_372]
	at org.apache.hadoop.security.UserGroupInformation.doAs(UserGroupInformation.java:1899) [hadoop-common-3.3.6.jar:?]
	at org.apache.hadoop.ipc.Server$Handler.run(Server.java:3048) [hadoop-common-3.3.6.jar:?]
]]></system-out>
  </testcase>
  <testcase name="testGetTrashRoot" classname="TestOzoneFileSystemWithFSO" time="0.015"/>
  <testcase name="testGetTrashRoot" classname="TestOzoneFileSystemWithFSO" time="0.011"/>
  <testcase name="testSeekOnFileLength" classname="TestOzoneFileSystemWithFSO" time="0.202">
    <system-out><![CDATA[2023-07-25 10:55:32,763 [IPC Server handler 14 on default port 15001] WARN  node.SCMNodeManager (SCMNodeManager.java:getNodesByAddress(1373)) - Cannot find node for address 127.0.0.1
10:55:32.818 [IPC Server handler 8 on default port 15004] ERROR OMAudit - user=runner | ip=127.0.0.1 | op=READ_KEY {volume=volume25555, bucket=bucket68101, key=file_notexist, dataSize=0, replicationConfig=null} | ret=FAILURE
org.apache.hadoop.ozone.om.exceptions.OMException: Key:file_notexist not found
	at org.apache.hadoop.ozone.om.KeyManagerImpl.readKeyInfo(KeyManagerImpl.java:427) ~[ozone-manager-1.4.0-SNAPSHOT.jar:?]
	at org.apache.hadoop.ozone.om.KeyManagerImpl.lambda$9(KeyManagerImpl.java:1922) ~[ozone-manager-1.4.0-SNAPSHOT.jar:?]
	at org.apache.hadoop.util.MetricUtil.captureLatencyNs(MetricUtil.java:39) ~[hdds-common-1.4.0-SNAPSHOT.jar:?]
	at org.apache.hadoop.ozone.om.KeyManagerImpl.getKeyInfo(KeyManagerImpl.java:1920) ~[ozone-manager-1.4.0-SNAPSHOT.jar:?]
	at org.apache.hadoop.ozone.om.OmMetadataReader.getKeyInfo(OmMetadataReader.java:185) ~[ozone-manager-1.4.0-SNAPSHOT.jar:?]
	at org.apache.hadoop.ozone.om.OzoneManager.getKeyInfo(OzoneManager.java:2824) ~[ozone-manager-1.4.0-SNAPSHOT.jar:?]
	at org.apache.hadoop.ozone.protocolPB.OzoneManagerRequestHandler.getKeyInfo(OzoneManagerRequestHandler.java:587) ~[ozone-manager-1.4.0-SNAPSHOT.jar:?]
	at org.apache.hadoop.ozone.protocolPB.OzoneManagerRequestHandler.handleReadRequest(OzoneManagerRequestHandler.java:306) ~[ozone-manager-1.4.0-SNAPSHOT.jar:?]
	at org.apache.hadoop.ozone.protocolPB.OzoneManagerProtocolServerSideTranslatorPB.submitReadRequestToOM(OzoneManagerProtocolServerSideTranslatorPB.java:225) ~[ozone-manager-1.4.0-SNAPSHOT.jar:?]
	at org.apache.hadoop.ozone.protocolPB.OzoneManagerProtocolServerSideTranslatorPB.processRequest(OzoneManagerProtocolServerSideTranslatorPB.java:179) ~[ozone-manager-1.4.0-SNAPSHOT.jar:?]
	at org.apache.hadoop.hdds.server.OzoneProtocolMessageDispatcher.processRequest(OzoneProtocolMessageDispatcher.java:87) [hdds-server-framework-1.4.0-SNAPSHOT.jar:?]
	at org.apache.hadoop.ozone.protocolPB.OzoneManagerProtocolServerSideTranslatorPB.submitRequest(OzoneManagerProtocolServerSideTranslatorPB.java:148) [ozone-manager-1.4.0-SNAPSHOT.jar:?]
	at org.apache.hadoop.ozone.protocol.proto.OzoneManagerProtocolProtos$OzoneManagerService$2.callBlockingMethod(OzoneManagerProtocolProtos.java) [ozone-interface-client-1.4.0-SNAPSHOT.jar:?]
	at org.apache.hadoop.ipc.ProtobufRpcEngine$Server.processCall(ProtobufRpcEngine.java:484) [hadoop-common-3.3.6.jar:?]
	at org.apache.hadoop.ipc.ProtobufRpcEngine2$Server$ProtoBufRpcInvoker.call(ProtobufRpcEngine2.java:595) [hadoop-common-3.3.6.jar:?]
	at org.apache.hadoop.ipc.ProtobufRpcEngine2$Server$ProtoBufRpcInvoker.call(ProtobufRpcEngine2.java:573) [hadoop-common-3.3.6.jar:?]
	at org.apache.hadoop.ipc.RPC$Server.call(RPC.java:1227) [hadoop-common-3.3.6.jar:?]
	at org.apache.hadoop.ipc.Server$RpcCall.run(Server.java:1094) [hadoop-common-3.3.6.jar:?]
	at org.apache.hadoop.ipc.Server$RpcCall.run(Server.java:1017) [hadoop-common-3.3.6.jar:?]
	at java.security.AccessController.doPrivileged(Native Method) ~[?:1.8.0_372]
	at javax.security.auth.Subject.doAs(Subject.java:422) [?:1.8.0_372]
	at org.apache.hadoop.security.UserGroupInformation.doAs(UserGroupInformation.java:1899) [hadoop-common-3.3.6.jar:?]
	at org.apache.hadoop.ipc.Server$Handler.run(Server.java:3048) [hadoop-common-3.3.6.jar:?]
]]></system-out>
  </testcase>
  <testcase name="testSeekOnFileLength" classname="TestOzoneFileSystemWithFSO" time="0.128">
    <system-out><![CDATA[2023-07-25 10:56:50,793 [IPC Server handler 8 on default port 15054] WARN  node.SCMNodeManager (SCMNodeManager.java:getNodesByAddress(1373)) - Cannot find node for address 127.0.0.1
10:56:50.798 [IPC Server handler 15 on default port 15057] ERROR OMAudit - user=runner | ip=127.0.0.1 | op=READ_KEY {volume=volume90736, bucket=bucket48182, key=file_notexist, dataSize=0, replicationConfig=null} | ret=FAILURE
org.apache.hadoop.ozone.om.exceptions.OMException: Key:file_notexist not found
	at org.apache.hadoop.ozone.om.KeyManagerImpl.readKeyInfo(KeyManagerImpl.java:427) ~[ozone-manager-1.4.0-SNAPSHOT.jar:?]
	at org.apache.hadoop.ozone.om.KeyManagerImpl.lambda$9(KeyManagerImpl.java:1922) ~[ozone-manager-1.4.0-SNAPSHOT.jar:?]
	at org.apache.hadoop.util.MetricUtil.captureLatencyNs(MetricUtil.java:39) ~[hdds-common-1.4.0-SNAPSHOT.jar:?]
	at org.apache.hadoop.ozone.om.KeyManagerImpl.getKeyInfo(KeyManagerImpl.java:1920) ~[ozone-manager-1.4.0-SNAPSHOT.jar:?]
	at org.apache.hadoop.ozone.om.OmMetadataReader.getKeyInfo(OmMetadataReader.java:185) ~[ozone-manager-1.4.0-SNAPSHOT.jar:?]
	at org.apache.hadoop.ozone.om.OzoneManager.getKeyInfo(OzoneManager.java:2824) ~[ozone-manager-1.4.0-SNAPSHOT.jar:?]
	at org.apache.hadoop.ozone.protocolPB.OzoneManagerRequestHandler.getKeyInfo(OzoneManagerRequestHandler.java:587) ~[ozone-manager-1.4.0-SNAPSHOT.jar:?]
	at org.apache.hadoop.ozone.protocolPB.OzoneManagerRequestHandler.handleReadRequest(OzoneManagerRequestHandler.java:306) ~[ozone-manager-1.4.0-SNAPSHOT.jar:?]
	at org.apache.hadoop.ozone.protocolPB.OzoneManagerProtocolServerSideTranslatorPB.submitRequestDirectlyToOM(OzoneManagerProtocolServerSideTranslatorPB.java:274) ~[ozone-manager-1.4.0-SNAPSHOT.jar:?]
	at org.apache.hadoop.ozone.protocolPB.OzoneManagerProtocolServerSideTranslatorPB.processRequest(OzoneManagerProtocolServerSideTranslatorPB.java:175) ~[ozone-manager-1.4.0-SNAPSHOT.jar:?]
	at org.apache.hadoop.hdds.server.OzoneProtocolMessageDispatcher.processRequest(OzoneProtocolMessageDispatcher.java:87) [hdds-server-framework-1.4.0-SNAPSHOT.jar:?]
	at org.apache.hadoop.ozone.protocolPB.OzoneManagerProtocolServerSideTranslatorPB.submitRequest(OzoneManagerProtocolServerSideTranslatorPB.java:148) [ozone-manager-1.4.0-SNAPSHOT.jar:?]
	at org.apache.hadoop.ozone.protocol.proto.OzoneManagerProtocolProtos$OzoneManagerService$2.callBlockingMethod(OzoneManagerProtocolProtos.java) [ozone-interface-client-1.4.0-SNAPSHOT.jar:?]
	at org.apache.hadoop.ipc.ProtobufRpcEngine$Server.processCall(ProtobufRpcEngine.java:484) [hadoop-common-3.3.6.jar:?]
	at org.apache.hadoop.ipc.ProtobufRpcEngine2$Server$ProtoBufRpcInvoker.call(ProtobufRpcEngine2.java:595) [hadoop-common-3.3.6.jar:?]
	at org.apache.hadoop.ipc.ProtobufRpcEngine2$Server$ProtoBufRpcInvoker.call(ProtobufRpcEngine2.java:573) [hadoop-common-3.3.6.jar:?]
	at org.apache.hadoop.ipc.RPC$Server.call(RPC.java:1227) [hadoop-common-3.3.6.jar:?]
	at org.apache.hadoop.ipc.Server$RpcCall.run(Server.java:1094) [hadoop-common-3.3.6.jar:?]
	at org.apache.hadoop.ipc.Server$RpcCall.run(Server.java:1017) [hadoop-common-3.3.6.jar:?]
	at java.security.AccessController.doPrivileged(Native Method) ~[?:1.8.0_372]
	at javax.security.auth.Subject.doAs(Subject.java:422) [?:1.8.0_372]
	at org.apache.hadoop.security.UserGroupInformation.doAs(UserGroupInformation.java:1899) [hadoop-common-3.3.6.jar:?]
	at org.apache.hadoop.ipc.Server$Handler.run(Server.java:3048) [hadoop-common-3.3.6.jar:?]
]]></system-out>
  </testcase>
  <testcase name="testRenameFile" classname="TestOzoneFileSystemWithFSO" time="0.08">
    <failure type="java.lang.AssertionError"><![CDATA[java.lang.AssertionError: Renamed failed expected:<1> but was:<2>
	at org.junit.Assert.fail(Assert.java:89)
	at org.junit.Assert.failNotEquals(Assert.java:835)
	at org.junit.Assert.assertEquals(Assert.java:647)
	at org.apache.hadoop.fs.ozone.TestOzoneFileSystem.testRenameFile(TestOzoneFileSystem.java:1315)
	at sun.reflect.NativeMethodAccessorImpl.invoke0(Native Method)
	at sun.reflect.NativeMethodAccessorImpl.invoke(NativeMethodAccessorImpl.java:62)
	at sun.reflect.DelegatingMethodAccessorImpl.invoke(DelegatingMethodAccessorImpl.java:43)
	at java.lang.reflect.Method.invoke(Method.java:498)
	at org.junit.runners.model.FrameworkMethod$1.runReflectiveCall(FrameworkMethod.java:59)
	at org.junit.internal.runners.model.ReflectiveCallable.run(ReflectiveCallable.java:12)
	at org.junit.runners.model.FrameworkMethod.invokeExplosively(FrameworkMethod.java:56)
	at org.junit.internal.runners.statements.InvokeMethod.evaluate(InvokeMethod.java:17)
	at org.junit.internal.runners.statements.RunAfters.evaluate(RunAfters.java:27)
	at org.junit.internal.runners.statements.FailOnTimeout$CallableStatement.call(FailOnTimeout.java:288)
	at org.junit.internal.runners.statements.FailOnTimeout$CallableStatement.call(FailOnTimeout.java:282)
	at java.util.concurrent.FutureTask.run(FutureTask.java:266)
	at java.lang.Thread.run(Thread.java:750)
]]></failure>
  </testcase>
  <testcase name="testRenameFile" classname="TestOzoneFileSystemWithFSO" time="0.037"/>
  <testcase name="testRenameDir" classname="TestOzoneFileSystemWithFSO" time="0.049">
    <system-out><![CDATA[2023-07-25 10:55:32,939 [Time-limited test] INFO  ozone.TestOzoneFileSystem (TestOzoneFileSystem.java:testRenameDir(1433)) - Created dir o3fs://bucket68101.volume25555/root_dir/dir1/sub_dir1
2023-07-25 10:55:32,939 [Time-limited test] INFO  ozone.TestOzoneFileSystem (TestOzoneFileSystem.java:testRenameDir(1434)) - Will move o3fs://bucket68101.volume25555/root_dir/dir1 to o3fs://bucket68101.volume25555/root_dir/dir1.renamed
]]></system-out>
  </testcase>
  <testcase name="testRenameDir" classname="TestOzoneFileSystemWithFSO" time="0.015">
    <system-out><![CDATA[2023-07-25 10:56:50,847 [Time-limited test] INFO  ozone.TestOzoneFileSystem (TestOzoneFileSystem.java:testRenameDir(1433)) - Created dir o3fs://bucket48182.volume90736/root_dir/dir1/sub_dir1
2023-07-25 10:56:50,847 [Time-limited test] INFO  ozone.TestOzoneFileSystem (TestOzoneFileSystem.java:testRenameDir(1434)) - Will move o3fs://bucket48182.volume90736/root_dir/dir1 to o3fs://bucket48182.volume90736/root_dir/dir1.renamed
]]></system-out>
  </testcase>
  <testcase name="testListStatusIteratorOnSubDirs" classname="TestOzoneFileSystemWithFSO" time="0.07"/>
  <testcase name="testListStatusIteratorOnSubDirs" classname="TestOzoneFileSystemWithFSO" time="0.026">
    <system-out><![CDATA[2023-07-25 10:56:50,867 [5afa7191-cd14-4635-a86c-27235fe9851c@group-624A26AB6D65-FollowerState] INFO  impl.FollowerState (FollowerState.java:run(143)) - 5afa7191-cd14-4635-a86c-27235fe9851c@group-624A26AB6D65-FollowerState: change to CANDIDATE, lastRpcElapsedTime:5186763403ns, electionTimeout:5185ms
2023-07-25 10:56:50,867 [5afa7191-cd14-4635-a86c-27235fe9851c@group-624A26AB6D65-FollowerState] INFO  impl.RoleInfo (RoleInfo.java:shutdownFollowerState(110)) - 5afa7191-cd14-4635-a86c-27235fe9851c: shutdown 5afa7191-cd14-4635-a86c-27235fe9851c@group-624A26AB6D65-FollowerState
2023-07-25 10:56:50,867 [5afa7191-cd14-4635-a86c-27235fe9851c@group-624A26AB6D65-FollowerState] INFO  server.RaftServer$Division (RaftServerImpl.java:setRole(329)) - 5afa7191-cd14-4635-a86c-27235fe9851c@group-624A26AB6D65: changes role from  FOLLOWER to CANDIDATE at term 0 for changeToCandidate
2023-07-25 10:56:50,867 [5afa7191-cd14-4635-a86c-27235fe9851c@group-624A26AB6D65-FollowerState] INFO  server.RaftServerConfigKeys (ConfUtils.java:logGet(46)) - raft.server.leaderelection.pre-vote = true (default)
2023-07-25 10:56:50,867 [5afa7191-cd14-4635-a86c-27235fe9851c@group-624A26AB6D65-FollowerState] INFO  impl.RoleInfo (RoleInfo.java:updateAndGet(139)) - 5afa7191-cd14-4635-a86c-27235fe9851c: start 5afa7191-cd14-4635-a86c-27235fe9851c@group-624A26AB6D65-LeaderElection16
2023-07-25 10:56:50,873 [5afa7191-cd14-4635-a86c-27235fe9851c@group-624A26AB6D65-LeaderElection16] INFO  impl.LeaderElection (LeaderElection.java:askForVotes(321)) - 5afa7191-cd14-4635-a86c-27235fe9851c@group-624A26AB6D65-LeaderElection16 PRE_VOTE round 0: submit vote requests at term 0 for -1: peers:[5afa7191-cd14-4635-a86c-27235fe9851c|rpc:10.1.0.57:15094|admin:10.1.0.57:15093|client:10.1.0.57:15092|dataStream:10.1.0.57:15095|priority:1|startupRole:FOLLOWER]|listeners:[], old=null
2023-07-25 10:56:50,873 [5afa7191-cd14-4635-a86c-27235fe9851c@group-624A26AB6D65-LeaderElection16] INFO  impl.LeaderElection (LeaderElection.java:askForVotes(323)) - 5afa7191-cd14-4635-a86c-27235fe9851c@group-624A26AB6D65-LeaderElection16 PRE_VOTE round 0: result PASSED (term=0)
2023-07-25 10:56:50,876 [5afa7191-cd14-4635-a86c-27235fe9851c@group-624A26AB6D65-LeaderElection16] INFO  impl.LeaderElection (LeaderElection.java:askForVotes(321)) - 5afa7191-cd14-4635-a86c-27235fe9851c@group-624A26AB6D65-LeaderElection16 ELECTION round 0: submit vote requests at term 1 for -1: peers:[5afa7191-cd14-4635-a86c-27235fe9851c|rpc:10.1.0.57:15094|admin:10.1.0.57:15093|client:10.1.0.57:15092|dataStream:10.1.0.57:15095|priority:1|startupRole:FOLLOWER]|listeners:[], old=null
2023-07-25 10:56:50,876 [5afa7191-cd14-4635-a86c-27235fe9851c@group-624A26AB6D65-LeaderElection16] INFO  impl.LeaderElection (LeaderElection.java:askForVotes(323)) - 5afa7191-cd14-4635-a86c-27235fe9851c@group-624A26AB6D65-LeaderElection16 ELECTION round 0: result PASSED (term=1)
2023-07-25 10:56:50,876 [5afa7191-cd14-4635-a86c-27235fe9851c@group-624A26AB6D65-LeaderElection16] INFO  impl.RoleInfo (RoleInfo.java:shutdownLeaderElection(130)) - 5afa7191-cd14-4635-a86c-27235fe9851c: shutdown 5afa7191-cd14-4635-a86c-27235fe9851c@group-624A26AB6D65-LeaderElection16
2023-07-25 10:56:50,876 [5afa7191-cd14-4635-a86c-27235fe9851c@group-624A26AB6D65-LeaderElection16] INFO  server.RaftServer$Division (RaftServerImpl.java:setRole(329)) - 5afa7191-cd14-4635-a86c-27235fe9851c@group-624A26AB6D65: changes role from CANDIDATE to LEADER at term 1 for changeToLeader
2023-07-25 10:56:50,876 [5afa7191-cd14-4635-a86c-27235fe9851c@group-624A26AB6D65-LeaderElection16] INFO  ratis.XceiverServerRatis (XceiverServerRatis.java:handleLeaderChangedNotification(902)) - Leader change notification received for group: group-624A26AB6D65 with new leaderId: 5afa7191-cd14-4635-a86c-27235fe9851c
2023-07-25 10:56:50,877 [5afa7191-cd14-4635-a86c-27235fe9851c@group-624A26AB6D65-LeaderElection16] INFO  server.RaftServer$Division (ServerState.java:setLeader(317)) - 5afa7191-cd14-4635-a86c-27235fe9851c@group-624A26AB6D65: change Leader from null to 5afa7191-cd14-4635-a86c-27235fe9851c at term 1 for becomeLeader, leader elected after 5238ms
2023-07-25 10:56:50,877 [5afa7191-cd14-4635-a86c-27235fe9851c@group-624A26AB6D65-LeaderElection16] INFO  server.RaftServerConfigKeys (ConfUtils.java:logGet(46)) - raft.server.staging.catchup.gap = 1000 (default)
2023-07-25 10:56:50,877 [5afa7191-cd14-4635-a86c-27235fe9851c@group-624A26AB6D65-LeaderElection16] INFO  server.RaftServerConfigKeys (ConfUtils.java:logGet(46)) - raft.server.write.element-limit = 1024 (custom)
2023-07-25 10:56:50,878 [5afa7191-cd14-4635-a86c-27235fe9851c@group-624A26AB6D65-LeaderElection16] INFO  server.RaftServerConfigKeys (ConfUtils.java:logGet(46)) - raft.server.write.byte-limit = 1024 M (=1073741824) (custom)
2023-07-25 10:56:50,879 [5afa7191-cd14-4635-a86c-27235fe9851c@group-624A26AB6D65-LeaderElection16] INFO  server.RaftServerConfigKeys (ConfUtils.java:logGet(46)) - raft.server.watch.timeout = 180s (custom)
2023-07-25 10:56:50,879 [5afa7191-cd14-4635-a86c-27235fe9851c@group-624A26AB6D65-LeaderElection16] INFO  server.RaftServerConfigKeys (ConfUtils.java:logGet(46)) - raft.server.watch.timeout.denomination = 1s (default)
2023-07-25 10:56:50,879 [5afa7191-cd14-4635-a86c-27235fe9851c@group-624A26AB6D65-LeaderElection16] INFO  server.RaftServerConfigKeys (ConfUtils.java:logGet(46)) - raft.server.watch.element-limit = 65536 (default)
2023-07-25 10:56:50,879 [5afa7191-cd14-4635-a86c-27235fe9851c@group-624A26AB6D65-LeaderElection16] INFO  server.RaftServerConfigKeys (ConfUtils.java:logGet(46)) - raft.server.write.element-limit = 1024 (custom)
2023-07-25 10:56:50,879 [5afa7191-cd14-4635-a86c-27235fe9851c@group-624A26AB6D65-LeaderElection16] INFO  server.RaftServerConfigKeys (ConfUtils.java:logGet(46)) - raft.server.write.follower.gap.ratio.max = -1.0 (default)
2023-07-25 10:56:50,879 [5afa7191-cd14-4635-a86c-27235fe9851c@group-624A26AB6D65-LeaderElection16] INFO  impl.RoleInfo (RoleInfo.java:updateAndGet(139)) - 5afa7191-cd14-4635-a86c-27235fe9851c: start 5afa7191-cd14-4635-a86c-27235fe9851c@group-624A26AB6D65-LeaderStateImpl
2023-07-25 10:56:50,879 [5afa7191-cd14-4635-a86c-27235fe9851c@group-624A26AB6D65-LeaderElection16] INFO  segmented.SegmentedRaftLogWorker (SegmentedRaftLogWorker.java:startLogSegment(447)) - 5afa7191-cd14-4635-a86c-27235fe9851c@group-624A26AB6D65-SegmentedRaftLogWorker: Starting segment from index:0
2023-07-25 10:56:50,882 [5afa7191-cd14-4635-a86c-27235fe9851c@group-624A26AB6D65-SegmentedRaftLogWorker] INFO  segmented.SegmentedRaftLogWorker (SegmentedRaftLogWorker.java:execute(651)) - 5afa7191-cd14-4635-a86c-27235fe9851c@group-624A26AB6D65-SegmentedRaftLogWorker: created new log segment /home/runner/work/ozone/ozone/hadoop-ozone/integration-test/target/test-dir/MiniOzoneClusterImpl-c4e06dc0-ae81-4e14-96b7-eb66a98ebf91/datanode-3/data/ratis/c0a69973-e62d-4666-9006-624a26ab6d65/current/log_inprogress_0
]]></system-out>
  </testcase>
  <testcase name="testAllocateMoreThanOneBlock" classname="TestOzoneFileSystemWithFSO" time="0.76">
    <system-out><![CDATA[2023-07-25 10:55:33,776 [IPC Server handler 10 on default port 15001] WARN  node.SCMNodeManager (SCMNodeManager.java:getNodesByAddress(1373)) - Cannot find node for address 127.0.0.1
]]></system-out>
  </testcase>
  <testcase name="testAllocateMoreThanOneBlock" classname="TestOzoneFileSystemWithFSO" time="0.443">
    <system-out><![CDATA[2023-07-25 10:56:50,889 [5afa7191-cd14-4635-a86c-27235fe9851c@group-624A26AB6D65-LeaderElection16] INFO  server.RaftServer$Division (ServerState.java:setRaftConf(434)) - 5afa7191-cd14-4635-a86c-27235fe9851c@group-624A26AB6D65: set configuration 0: peers:[5afa7191-cd14-4635-a86c-27235fe9851c|rpc:10.1.0.57:15094|admin:10.1.0.57:15093|client:10.1.0.57:15092|dataStream:10.1.0.57:15095|priority:1|startupRole:FOLLOWER]|listeners:[], old=null
2023-07-25 10:56:51,119 [818707a6-4adf-4ab4-8830-ca289259fe44@group-1A0AE6874A0D-FollowerState] INFO  impl.FollowerState (FollowerState.java:run(143)) - 818707a6-4adf-4ab4-8830-ca289259fe44@group-1A0AE6874A0D-FollowerState: change to CANDIDATE, lastRpcElapsedTime:5099859113ns, electionTimeout:5096ms
2023-07-25 10:56:51,120 [818707a6-4adf-4ab4-8830-ca289259fe44@group-1A0AE6874A0D-FollowerState] INFO  impl.RoleInfo (RoleInfo.java:shutdownFollowerState(110)) - 818707a6-4adf-4ab4-8830-ca289259fe44: shutdown 818707a6-4adf-4ab4-8830-ca289259fe44@group-1A0AE6874A0D-FollowerState
2023-07-25 10:56:51,120 [818707a6-4adf-4ab4-8830-ca289259fe44@group-1A0AE6874A0D-FollowerState] INFO  server.RaftServer$Division (RaftServerImpl.java:setRole(329)) - 818707a6-4adf-4ab4-8830-ca289259fe44@group-1A0AE6874A0D: changes role from  FOLLOWER to CANDIDATE at term 0 for changeToCandidate
2023-07-25 10:56:51,120 [818707a6-4adf-4ab4-8830-ca289259fe44@group-1A0AE6874A0D-FollowerState] INFO  server.RaftServerConfigKeys (ConfUtils.java:logGet(46)) - raft.server.leaderelection.pre-vote = true (default)
2023-07-25 10:56:51,120 [818707a6-4adf-4ab4-8830-ca289259fe44@group-1A0AE6874A0D-FollowerState] INFO  impl.RoleInfo (RoleInfo.java:updateAndGet(139)) - 818707a6-4adf-4ab4-8830-ca289259fe44: start 818707a6-4adf-4ab4-8830-ca289259fe44@group-1A0AE6874A0D-LeaderElection17
2023-07-25 10:56:51,146 [818707a6-4adf-4ab4-8830-ca289259fe44@group-1A0AE6874A0D-LeaderElection17] INFO  impl.LeaderElection (LeaderElection.java:askForVotes(321)) - 818707a6-4adf-4ab4-8830-ca289259fe44@group-1A0AE6874A0D-LeaderElection17 PRE_VOTE round 0: submit vote requests at term 0 for -1: peers:[818707a6-4adf-4ab4-8830-ca289259fe44|rpc:10.1.0.57:15103|admin:10.1.0.57:15102|client:10.1.0.57:15101|dataStream:10.1.0.57:15104|priority:1|startupRole:FOLLOWER]|listeners:[], old=null
2023-07-25 10:56:51,149 [818707a6-4adf-4ab4-8830-ca289259fe44@group-1A0AE6874A0D-LeaderElection17] INFO  impl.LeaderElection (LeaderElection.java:askForVotes(323)) - 818707a6-4adf-4ab4-8830-ca289259fe44@group-1A0AE6874A0D-LeaderElection17 PRE_VOTE round 0: result PASSED (term=0)
2023-07-25 10:56:51,156 [818707a6-4adf-4ab4-8830-ca289259fe44@group-1A0AE6874A0D-LeaderElection17] INFO  impl.LeaderElection (LeaderElection.java:askForVotes(321)) - 818707a6-4adf-4ab4-8830-ca289259fe44@group-1A0AE6874A0D-LeaderElection17 ELECTION round 0: submit vote requests at term 1 for -1: peers:[818707a6-4adf-4ab4-8830-ca289259fe44|rpc:10.1.0.57:15103|admin:10.1.0.57:15102|client:10.1.0.57:15101|dataStream:10.1.0.57:15104|priority:1|startupRole:FOLLOWER]|listeners:[], old=null
2023-07-25 10:56:51,156 [818707a6-4adf-4ab4-8830-ca289259fe44@group-1A0AE6874A0D-LeaderElection17] INFO  impl.LeaderElection (LeaderElection.java:askForVotes(323)) - 818707a6-4adf-4ab4-8830-ca289259fe44@group-1A0AE6874A0D-LeaderElection17 ELECTION round 0: result PASSED (term=1)
2023-07-25 10:56:51,156 [818707a6-4adf-4ab4-8830-ca289259fe44@group-1A0AE6874A0D-LeaderElection17] INFO  impl.RoleInfo (RoleInfo.java:shutdownLeaderElection(130)) - 818707a6-4adf-4ab4-8830-ca289259fe44: shutdown 818707a6-4adf-4ab4-8830-ca289259fe44@group-1A0AE6874A0D-LeaderElection17
2023-07-25 10:56:51,156 [818707a6-4adf-4ab4-8830-ca289259fe44@group-1A0AE6874A0D-LeaderElection17] INFO  server.RaftServer$Division (RaftServerImpl.java:setRole(329)) - 818707a6-4adf-4ab4-8830-ca289259fe44@group-1A0AE6874A0D: changes role from CANDIDATE to LEADER at term 1 for changeToLeader
2023-07-25 10:56:51,156 [818707a6-4adf-4ab4-8830-ca289259fe44@group-1A0AE6874A0D-LeaderElection17] INFO  ratis.XceiverServerRatis (XceiverServerRatis.java:handleLeaderChangedNotification(902)) - Leader change notification received for group: group-1A0AE6874A0D with new leaderId: 818707a6-4adf-4ab4-8830-ca289259fe44
2023-07-25 10:56:51,157 [818707a6-4adf-4ab4-8830-ca289259fe44@group-1A0AE6874A0D-LeaderElection17] INFO  server.RaftServer$Division (ServerState.java:setLeader(317)) - 818707a6-4adf-4ab4-8830-ca289259fe44@group-1A0AE6874A0D: change Leader from null to 818707a6-4adf-4ab4-8830-ca289259fe44 at term 1 for becomeLeader, leader elected after 5161ms
2023-07-25 10:56:51,157 [818707a6-4adf-4ab4-8830-ca289259fe44@group-1A0AE6874A0D-LeaderElection17] INFO  server.RaftServerConfigKeys (ConfUtils.java:logGet(46)) - raft.server.staging.catchup.gap = 1000 (default)
2023-07-25 10:56:51,157 [818707a6-4adf-4ab4-8830-ca289259fe44@group-1A0AE6874A0D-LeaderElection17] INFO  server.RaftServerConfigKeys (ConfUtils.java:logGet(46)) - raft.server.write.element-limit = 1024 (custom)
2023-07-25 10:56:51,157 [818707a6-4adf-4ab4-8830-ca289259fe44@group-1A0AE6874A0D-LeaderElection17] INFO  server.RaftServerConfigKeys (ConfUtils.java:logGet(46)) - raft.server.write.byte-limit = 1024 M (=1073741824) (custom)
2023-07-25 10:56:51,157 [818707a6-4adf-4ab4-8830-ca289259fe44@group-1A0AE6874A0D-LeaderElection17] INFO  server.RaftServerConfigKeys (ConfUtils.java:logGet(46)) - raft.server.watch.timeout = 180s (custom)
2023-07-25 10:56:51,157 [818707a6-4adf-4ab4-8830-ca289259fe44@group-1A0AE6874A0D-LeaderElection17] INFO  server.RaftServerConfigKeys (ConfUtils.java:logGet(46)) - raft.server.watch.timeout.denomination = 1s (default)
2023-07-25 10:56:51,157 [818707a6-4adf-4ab4-8830-ca289259fe44@group-1A0AE6874A0D-LeaderElection17] INFO  server.RaftServerConfigKeys (ConfUtils.java:logGet(46)) - raft.server.watch.element-limit = 65536 (default)
2023-07-25 10:56:51,158 [818707a6-4adf-4ab4-8830-ca289259fe44@group-1A0AE6874A0D-LeaderElection17] INFO  server.RaftServerConfigKeys (ConfUtils.java:logGet(46)) - raft.server.write.element-limit = 1024 (custom)
2023-07-25 10:56:51,158 [818707a6-4adf-4ab4-8830-ca289259fe44@group-1A0AE6874A0D-LeaderElection17] INFO  server.RaftServerConfigKeys (ConfUtils.java:logGet(46)) - raft.server.write.follower.gap.ratio.max = -1.0 (default)
2023-07-25 10:56:51,158 [818707a6-4adf-4ab4-8830-ca289259fe44@group-1A0AE6874A0D-LeaderElection17] INFO  impl.RoleInfo (RoleInfo.java:updateAndGet(139)) - 818707a6-4adf-4ab4-8830-ca289259fe44: start 818707a6-4adf-4ab4-8830-ca289259fe44@group-1A0AE6874A0D-LeaderStateImpl
2023-07-25 10:56:51,158 [818707a6-4adf-4ab4-8830-ca289259fe44@group-1A0AE6874A0D-LeaderElection17] INFO  segmented.SegmentedRaftLogWorker (SegmentedRaftLogWorker.java:startLogSegment(447)) - 818707a6-4adf-4ab4-8830-ca289259fe44@group-1A0AE6874A0D-SegmentedRaftLogWorker: Starting segment from index:0
2023-07-25 10:56:51,160 [818707a6-4adf-4ab4-8830-ca289259fe44@group-1A0AE6874A0D-LeaderElection17] INFO  server.RaftServer$Division (ServerState.java:setRaftConf(434)) - 818707a6-4adf-4ab4-8830-ca289259fe44@group-1A0AE6874A0D: set configuration 0: peers:[818707a6-4adf-4ab4-8830-ca289259fe44|rpc:10.1.0.57:15103|admin:10.1.0.57:15102|client:10.1.0.57:15101|dataStream:10.1.0.57:15104|priority:1|startupRole:FOLLOWER]|listeners:[], old=null
2023-07-25 10:56:51,161 [818707a6-4adf-4ab4-8830-ca289259fe44@group-1A0AE6874A0D-SegmentedRaftLogWorker] INFO  segmented.SegmentedRaftLogWorker (SegmentedRaftLogWorker.java:execute(651)) - 818707a6-4adf-4ab4-8830-ca289259fe44@group-1A0AE6874A0D-SegmentedRaftLogWorker: created new log segment /home/runner/work/ozone/ozone/hadoop-ozone/integration-test/target/test-dir/MiniOzoneClusterImpl-c4e06dc0-ae81-4e14-96b7-eb66a98ebf91/datanode-4/data/ratis/f134738c-54dc-489b-84b3-1a0ae6874a0d/current/log_inprogress_0
2023-07-25 10:56:51,319 [IPC Server handler 13 on default port 15054] WARN  node.SCMNodeManager (SCMNodeManager.java:getNodesByAddress(1373)) - Cannot find node for address 127.0.0.1
]]></system-out>
  </testcase>
  <testcase name="testRenameToExistingDir" classname="TestOzoneFileSystemWithFSO" time="0.047"/>
  <testcase name="testRenameToExistingDir" classname="TestOzoneFileSystemWithFSO" time="0.02"/>
  <testcase name="testTrash" classname="TestOzoneFileSystemWithFSO" time="4.093">
    <system-out><![CDATA[10:55:33.883 [IPC Server handler 15 on default port 15004] ERROR OMAudit - user=runner | ip=127.0.0.1 | op=GET_FILE_STATUS {volume=volume25555, bucket=bucket68101, key=.Trash/runner/Current/testKey2, dataSize=0, replicationConfig=null} | ret=FAILURE
org.apache.hadoop.ozone.om.exceptions.OMException: Unable to get file status: volume: volume25555 bucket: bucket68101 key: .Trash/runner/Current/testKey2
	at org.apache.hadoop.ozone.om.KeyManagerImpl.getOzoneFileStatusFSO(KeyManagerImpl.java:1311) ~[ozone-manager-1.4.0-SNAPSHOT.jar:?]
	at org.apache.hadoop.ozone.om.KeyManagerImpl.getFileStatus(KeyManagerImpl.java:1102) ~[ozone-manager-1.4.0-SNAPSHOT.jar:?]
	at org.apache.hadoop.ozone.om.OmMetadataReader.getFileStatus(OmMetadataReader.java:262) ~[ozone-manager-1.4.0-SNAPSHOT.jar:?]
	at org.apache.hadoop.ozone.om.OzoneManager.getFileStatus(OzoneManager.java:3527) ~[ozone-manager-1.4.0-SNAPSHOT.jar:?]
	at org.apache.hadoop.ozone.protocolPB.OzoneManagerRequestHandler.getOzoneFileStatus(OzoneManagerRequestHandler.java:973) ~[ozone-manager-1.4.0-SNAPSHOT.jar:?]
	at org.apache.hadoop.ozone.protocolPB.OzoneManagerRequestHandler.handleReadRequest(OzoneManagerRequestHandler.java:252) ~[ozone-manager-1.4.0-SNAPSHOT.jar:?]
	at org.apache.hadoop.ozone.protocolPB.OzoneManagerProtocolServerSideTranslatorPB.submitReadRequestToOM(OzoneManagerProtocolServerSideTranslatorPB.java:225) ~[ozone-manager-1.4.0-SNAPSHOT.jar:?]
	at org.apache.hadoop.ozone.protocolPB.OzoneManagerProtocolServerSideTranslatorPB.processRequest(OzoneManagerProtocolServerSideTranslatorPB.java:179) ~[ozone-manager-1.4.0-SNAPSHOT.jar:?]
	at org.apache.hadoop.hdds.server.OzoneProtocolMessageDispatcher.processRequest(OzoneProtocolMessageDispatcher.java:87) [hdds-server-framework-1.4.0-SNAPSHOT.jar:?]
	at org.apache.hadoop.ozone.protocolPB.OzoneManagerProtocolServerSideTranslatorPB.submitRequest(OzoneManagerProtocolServerSideTranslatorPB.java:148) [ozone-manager-1.4.0-SNAPSHOT.jar:?]
	at org.apache.hadoop.ozone.protocol.proto.OzoneManagerProtocolProtos$OzoneManagerService$2.callBlockingMethod(OzoneManagerProtocolProtos.java) [ozone-interface-client-1.4.0-SNAPSHOT.jar:?]
	at org.apache.hadoop.ipc.ProtobufRpcEngine$Server.processCall(ProtobufRpcEngine.java:484) [hadoop-common-3.3.6.jar:?]
	at org.apache.hadoop.ipc.ProtobufRpcEngine2$Server$ProtoBufRpcInvoker.call(ProtobufRpcEngine2.java:595) [hadoop-common-3.3.6.jar:?]
	at org.apache.hadoop.ipc.ProtobufRpcEngine2$Server$ProtoBufRpcInvoker.call(ProtobufRpcEngine2.java:573) [hadoop-common-3.3.6.jar:?]
	at org.apache.hadoop.ipc.RPC$Server.call(RPC.java:1227) [hadoop-common-3.3.6.jar:?]
	at org.apache.hadoop.ipc.Server$RpcCall.run(Server.java:1094) [hadoop-common-3.3.6.jar:?]
	at org.apache.hadoop.ipc.Server$RpcCall.run(Server.java:1017) [hadoop-common-3.3.6.jar:?]
	at java.security.AccessController.doPrivileged(Native Method) ~[?:1.8.0_372]
	at javax.security.auth.Subject.doAs(Subject.java:422) [?:1.8.0_372]
	at org.apache.hadoop.security.UserGroupInformation.doAs(UserGroupInformation.java:1899) [hadoop-common-3.3.6.jar:?]
	at org.apache.hadoop.ipc.Server$Handler.run(Server.java:3048) [hadoop-common-3.3.6.jar:?]
2023-07-25 10:55:33,893 [Time-limited test] INFO  om.TrashPolicyOzone (TrashPolicyOzone.java:moveToTrash(209)) - Moved: '/testKey2' to trash at: /.Trash/runner/Current/testKey2
10:55:34.899 [IPC Server handler 16 on default port 15004] ERROR OMAudit - user=runner | ip=127.0.0.1 | op=GET_FILE_STATUS {volume=volume25555, bucket=bucket68101, key=.Trash/runner/Current/testKey2, dataSize=0, replicationConfig=null} | ret=FAILURE
org.apache.hadoop.ozone.om.exceptions.OMException: Unable to get file status: volume: volume25555 bucket: bucket68101 key: .Trash/runner/Current/testKey2
	at org.apache.hadoop.ozone.om.KeyManagerImpl.getOzoneFileStatusFSO(KeyManagerImpl.java:1311) ~[ozone-manager-1.4.0-SNAPSHOT.jar:?]
	at org.apache.hadoop.ozone.om.KeyManagerImpl.getFileStatus(KeyManagerImpl.java:1102) ~[ozone-manager-1.4.0-SNAPSHOT.jar:?]
	at org.apache.hadoop.ozone.om.OmMetadataReader.getFileStatus(OmMetadataReader.java:262) ~[ozone-manager-1.4.0-SNAPSHOT.jar:?]
	at org.apache.hadoop.ozone.om.OzoneManager.getFileStatus(OzoneManager.java:3527) ~[ozone-manager-1.4.0-SNAPSHOT.jar:?]
	at org.apache.hadoop.ozone.protocolPB.OzoneManagerRequestHandler.getOzoneFileStatus(OzoneManagerRequestHandler.java:973) ~[ozone-manager-1.4.0-SNAPSHOT.jar:?]
	at org.apache.hadoop.ozone.protocolPB.OzoneManagerRequestHandler.handleReadRequest(OzoneManagerRequestHandler.java:252) ~[ozone-manager-1.4.0-SNAPSHOT.jar:?]
	at org.apache.hadoop.ozone.protocolPB.OzoneManagerProtocolServerSideTranslatorPB.submitReadRequestToOM(OzoneManagerProtocolServerSideTranslatorPB.java:225) ~[ozone-manager-1.4.0-SNAPSHOT.jar:?]
	at org.apache.hadoop.ozone.protocolPB.OzoneManagerProtocolServerSideTranslatorPB.processRequest(OzoneManagerProtocolServerSideTranslatorPB.java:179) ~[ozone-manager-1.4.0-SNAPSHOT.jar:?]
	at org.apache.hadoop.hdds.server.OzoneProtocolMessageDispatcher.processRequest(OzoneProtocolMessageDispatcher.java:87) [hdds-server-framework-1.4.0-SNAPSHOT.jar:?]
	at org.apache.hadoop.ozone.protocolPB.OzoneManagerProtocolServerSideTranslatorPB.submitRequest(OzoneManagerProtocolServerSideTranslatorPB.java:148) [ozone-manager-1.4.0-SNAPSHOT.jar:?]
	at org.apache.hadoop.ozone.protocol.proto.OzoneManagerProtocolProtos$OzoneManagerService$2.callBlockingMethod(OzoneManagerProtocolProtos.java) [ozone-interface-client-1.4.0-SNAPSHOT.jar:?]
	at org.apache.hadoop.ipc.ProtobufRpcEngine$Server.processCall(ProtobufRpcEngine.java:484) [hadoop-common-3.3.6.jar:?]
	at org.apache.hadoop.ipc.ProtobufRpcEngine2$Server$ProtoBufRpcInvoker.call(ProtobufRpcEngine2.java:595) [hadoop-common-3.3.6.jar:?]
	at org.apache.hadoop.ipc.ProtobufRpcEngine2$Server$ProtoBufRpcInvoker.call(ProtobufRpcEngine2.java:573) [hadoop-common-3.3.6.jar:?]
	at org.apache.hadoop.ipc.RPC$Server.call(RPC.java:1227) [hadoop-common-3.3.6.jar:?]
	at org.apache.hadoop.ipc.Server$RpcCall.run(Server.java:1094) [hadoop-common-3.3.6.jar:?]
	at org.apache.hadoop.ipc.Server$RpcCall.run(Server.java:1017) [hadoop-common-3.3.6.jar:?]
	at java.security.AccessController.doPrivileged(Native Method) ~[?:1.8.0_372]
	at javax.security.auth.Subject.doAs(Subject.java:422) [?:1.8.0_372]
	at org.apache.hadoop.security.UserGroupInformation.doAs(UserGroupInformation.java:1899) [hadoop-common-3.3.6.jar:?]
	at org.apache.hadoop.ipc.Server$Handler.run(Server.java:3048) [hadoop-common-3.3.6.jar:?]
]]></system-out>
  </testcase>
  <testcase name="testTrash" classname="TestOzoneFileSystemWithFSO" time="5.042">
    <system-out><![CDATA[10:56:51.359 [IPC Server handler 6 on default port 15057] ERROR OMAudit - user=runner | ip=127.0.0.1 | op=GET_FILE_STATUS {volume=volume90736, bucket=bucket48182, key=.Trash/runner/Current/testKey2, dataSize=0, replicationConfig=null} | ret=FAILURE
org.apache.hadoop.ozone.om.exceptions.OMException: Unable to get file status: volume: volume90736 bucket: bucket48182 key: .Trash/runner/Current/testKey2
	at org.apache.hadoop.ozone.om.KeyManagerImpl.getOzoneFileStatusFSO(KeyManagerImpl.java:1311) ~[ozone-manager-1.4.0-SNAPSHOT.jar:?]
	at org.apache.hadoop.ozone.om.KeyManagerImpl.getFileStatus(KeyManagerImpl.java:1102) ~[ozone-manager-1.4.0-SNAPSHOT.jar:?]
	at org.apache.hadoop.ozone.om.OmMetadataReader.getFileStatus(OmMetadataReader.java:262) ~[ozone-manager-1.4.0-SNAPSHOT.jar:?]
	at org.apache.hadoop.ozone.om.OzoneManager.getFileStatus(OzoneManager.java:3527) ~[ozone-manager-1.4.0-SNAPSHOT.jar:?]
	at org.apache.hadoop.ozone.protocolPB.OzoneManagerRequestHandler.getOzoneFileStatus(OzoneManagerRequestHandler.java:973) ~[ozone-manager-1.4.0-SNAPSHOT.jar:?]
	at org.apache.hadoop.ozone.protocolPB.OzoneManagerRequestHandler.handleReadRequest(OzoneManagerRequestHandler.java:252) ~[ozone-manager-1.4.0-SNAPSHOT.jar:?]
	at org.apache.hadoop.ozone.protocolPB.OzoneManagerProtocolServerSideTranslatorPB.submitRequestDirectlyToOM(OzoneManagerProtocolServerSideTranslatorPB.java:274) ~[ozone-manager-1.4.0-SNAPSHOT.jar:?]
	at org.apache.hadoop.ozone.protocolPB.OzoneManagerProtocolServerSideTranslatorPB.processRequest(OzoneManagerProtocolServerSideTranslatorPB.java:175) ~[ozone-manager-1.4.0-SNAPSHOT.jar:?]
	at org.apache.hadoop.hdds.server.OzoneProtocolMessageDispatcher.processRequest(OzoneProtocolMessageDispatcher.java:87) [hdds-server-framework-1.4.0-SNAPSHOT.jar:?]
	at org.apache.hadoop.ozone.protocolPB.OzoneManagerProtocolServerSideTranslatorPB.submitRequest(OzoneManagerProtocolServerSideTranslatorPB.java:148) [ozone-manager-1.4.0-SNAPSHOT.jar:?]
	at org.apache.hadoop.ozone.protocol.proto.OzoneManagerProtocolProtos$OzoneManagerService$2.callBlockingMethod(OzoneManagerProtocolProtos.java) [ozone-interface-client-1.4.0-SNAPSHOT.jar:?]
	at org.apache.hadoop.ipc.ProtobufRpcEngine$Server.processCall(ProtobufRpcEngine.java:484) [hadoop-common-3.3.6.jar:?]
	at org.apache.hadoop.ipc.ProtobufRpcEngine2$Server$ProtoBufRpcInvoker.call(ProtobufRpcEngine2.java:595) [hadoop-common-3.3.6.jar:?]
	at org.apache.hadoop.ipc.ProtobufRpcEngine2$Server$ProtoBufRpcInvoker.call(ProtobufRpcEngine2.java:573) [hadoop-common-3.3.6.jar:?]
	at org.apache.hadoop.ipc.RPC$Server.call(RPC.java:1227) [hadoop-common-3.3.6.jar:?]
	at org.apache.hadoop.ipc.Server$RpcCall.run(Server.java:1094) [hadoop-common-3.3.6.jar:?]
	at org.apache.hadoop.ipc.Server$RpcCall.run(Server.java:1017) [hadoop-common-3.3.6.jar:?]
	at java.security.AccessController.doPrivileged(Native Method) ~[?:1.8.0_372]
	at javax.security.auth.Subject.doAs(Subject.java:422) [?:1.8.0_372]
	at org.apache.hadoop.security.UserGroupInformation.doAs(UserGroupInformation.java:1899) [hadoop-common-3.3.6.jar:?]
	at org.apache.hadoop.ipc.Server$Handler.run(Server.java:3048) [hadoop-common-3.3.6.jar:?]
2023-07-25 10:56:51,362 [Time-limited test] INFO  om.TrashPolicyOzone (TrashPolicyOzone.java:moveToTrash(209)) - Moved: '/testKey2' to trash at: /.Trash/runner/Current/testKey2
10:56:53.368 [IPC Server handler 11 on default port 15057] ERROR OMAudit - user=runner | ip=127.0.0.1 | op=GET_FILE_STATUS {volume=volume90736, bucket=bucket48182, key=.Trash/runner/Current/testKey2, dataSize=0, replicationConfig=null} | ret=FAILURE
org.apache.hadoop.ozone.om.exceptions.OMException: Unable to get file status: volume: volume90736 bucket: bucket48182 key: .Trash/runner/Current/testKey2
	at org.apache.hadoop.ozone.om.KeyManagerImpl.getOzoneFileStatusFSO(KeyManagerImpl.java:1311) ~[ozone-manager-1.4.0-SNAPSHOT.jar:?]
	at org.apache.hadoop.ozone.om.KeyManagerImpl.getFileStatus(KeyManagerImpl.java:1102) ~[ozone-manager-1.4.0-SNAPSHOT.jar:?]
	at org.apache.hadoop.ozone.om.OmMetadataReader.getFileStatus(OmMetadataReader.java:262) ~[ozone-manager-1.4.0-SNAPSHOT.jar:?]
	at org.apache.hadoop.ozone.om.OzoneManager.getFileStatus(OzoneManager.java:3527) ~[ozone-manager-1.4.0-SNAPSHOT.jar:?]
	at org.apache.hadoop.ozone.protocolPB.OzoneManagerRequestHandler.getOzoneFileStatus(OzoneManagerRequestHandler.java:973) ~[ozone-manager-1.4.0-SNAPSHOT.jar:?]
	at org.apache.hadoop.ozone.protocolPB.OzoneManagerRequestHandler.handleReadRequest(OzoneManagerRequestHandler.java:252) ~[ozone-manager-1.4.0-SNAPSHOT.jar:?]
	at org.apache.hadoop.ozone.protocolPB.OzoneManagerProtocolServerSideTranslatorPB.submitRequestDirectlyToOM(OzoneManagerProtocolServerSideTranslatorPB.java:274) ~[ozone-manager-1.4.0-SNAPSHOT.jar:?]
	at org.apache.hadoop.ozone.protocolPB.OzoneManagerProtocolServerSideTranslatorPB.processRequest(OzoneManagerProtocolServerSideTranslatorPB.java:175) ~[ozone-manager-1.4.0-SNAPSHOT.jar:?]
	at org.apache.hadoop.hdds.server.OzoneProtocolMessageDispatcher.processRequest(OzoneProtocolMessageDispatcher.java:87) [hdds-server-framework-1.4.0-SNAPSHOT.jar:?]
	at org.apache.hadoop.ozone.protocolPB.OzoneManagerProtocolServerSideTranslatorPB.submitRequest(OzoneManagerProtocolServerSideTranslatorPB.java:148) [ozone-manager-1.4.0-SNAPSHOT.jar:?]
	at org.apache.hadoop.ozone.protocol.proto.OzoneManagerProtocolProtos$OzoneManagerService$2.callBlockingMethod(OzoneManagerProtocolProtos.java) [ozone-interface-client-1.4.0-SNAPSHOT.jar:?]
	at org.apache.hadoop.ipc.ProtobufRpcEngine$Server.processCall(ProtobufRpcEngine.java:484) [hadoop-common-3.3.6.jar:?]
	at org.apache.hadoop.ipc.ProtobufRpcEngine2$Server$ProtoBufRpcInvoker.call(ProtobufRpcEngine2.java:595) [hadoop-common-3.3.6.jar:?]
	at org.apache.hadoop.ipc.ProtobufRpcEngine2$Server$ProtoBufRpcInvoker.call(ProtobufRpcEngine2.java:573) [hadoop-common-3.3.6.jar:?]
	at org.apache.hadoop.ipc.RPC$Server.call(RPC.java:1227) [hadoop-common-3.3.6.jar:?]
	at org.apache.hadoop.ipc.Server$RpcCall.run(Server.java:1094) [hadoop-common-3.3.6.jar:?]
	at org.apache.hadoop.ipc.Server$RpcCall.run(Server.java:1017) [hadoop-common-3.3.6.jar:?]
	at java.security.AccessController.doPrivileged(Native Method) ~[?:1.8.0_372]
	at javax.security.auth.Subject.doAs(Subject.java:422) [?:1.8.0_372]
	at org.apache.hadoop.security.UserGroupInformation.doAs(UserGroupInformation.java:1899) [hadoop-common-3.3.6.jar:?]
	at org.apache.hadoop.ipc.Server$Handler.run(Server.java:3048) [hadoop-common-3.3.6.jar:?]
]]></system-out>
  </testcase>
  <testcase name="testListStatusOnRoot" classname="TestOzoneFileSystemWithFSO" time="0.045"/>
  <testcase name="testListStatusOnRoot" classname="TestOzoneFileSystemWithFSO" time="0.023"/>
  <testcase name="testRenameWithNonExistentSource" classname="TestOzoneFileSystemWithFSO" time="0.029">
    <system-out><![CDATA[2023-07-25 10:55:37,996 [Time-limited test] INFO  ozone.TestOzoneFileSystem (TestOzoneFileSystem.java:testRenameWithNonExistentSource(1154)) - Created destin dir: o3fs://bucket68101.volume25555/root/dir2
2023-07-25 10:55:37,996 [Time-limited test] INFO  ozone.TestOzoneFileSystem (TestOzoneFileSystem.java:testRenameWithNonExistentSource(1156)) - Rename op-> source:o3fs://bucket68101.volume25555/root/dir1 to destin:o3fs://bucket68101.volume25555/root/dir2}
10:55:38.002 [OM StateMachine ApplyTransaction Thread - 0] ERROR OMAudit - user=runner | ip=127.0.0.1 | op=RENAME_KEY {volume=volume25555, bucket=bucket68101, dataSize=0, replicationType=NONE, replicationFactor=ZERO, srcKey=root/dir1, dstKey=root/dir2} | ret=FAILURE
org.apache.hadoop.ozone.om.exceptions.OMException: Unable to get file status: volume: volume25555 bucket: bucket68101 key: root/dir1
	at org.apache.hadoop.ozone.om.OzonePrefixPathImpl.<init>(OzonePrefixPathImpl.java:67) ~[ozone-manager-1.4.0-SNAPSHOT.jar:?]
	at org.apache.hadoop.ozone.om.request.OMClientRequest.checkACLsWithFSO(OMClientRequest.java:240) ~[ozone-manager-1.4.0-SNAPSHOT.jar:?]
	at org.apache.hadoop.ozone.om.request.key.OMKeyRenameRequestWithFSO.validateAndUpdateCache(OMKeyRenameRequestWithFSO.java:118) ~[ozone-manager-1.4.0-SNAPSHOT.jar:?]
	at org.apache.hadoop.ozone.protocolPB.OzoneManagerRequestHandler.handleWriteRequest(OzoneManagerRequestHandler.java:375) ~[ozone-manager-1.4.0-SNAPSHOT.jar:?]
	at org.apache.hadoop.ozone.om.ratis.OzoneManagerStateMachine.runCommand(OzoneManagerStateMachine.java:568) ~[ozone-manager-1.4.0-SNAPSHOT.jar:?]
	at org.apache.hadoop.ozone.om.ratis.OzoneManagerStateMachine.lambda$1(OzoneManagerStateMachine.java:359) ~[ozone-manager-1.4.0-SNAPSHOT.jar:?]
	at java.util.concurrent.CompletableFuture$AsyncSupply.run(CompletableFuture.java:1604) [?:1.8.0_372]
	at java.util.concurrent.ThreadPoolExecutor.runWorker(ThreadPoolExecutor.java:1149) [?:1.8.0_372]
	at java.util.concurrent.ThreadPoolExecutor$Worker.run(ThreadPoolExecutor.java:624) [?:1.8.0_372]
	at java.lang.Thread.run(Thread.java:750) [?:1.8.0_372]
2023-07-25 10:55:38,002 [OM StateMachine ApplyTransaction Thread - 0] ERROR key.OMKeyRenameRequestWithFSO (OMKeyRenameRequestWithFSO.java:validateAndUpdateCache(250)) - Rename key failed for volume:volume25555 bucket:bucket68101 fromKey:root/dir1 toKey:root/dir2. Exception: Unable to get file status: volume: volume25555 bucket: bucket68101 key: root/dir1.
2023-07-25 10:55:38,003 [Time-limited test] ERROR ozone.BasicOzoneFileSystem (BasicOzoneFileSystem.java:renameFSO(482)) - rename key failed: Unable to get file status: volume: volume25555 bucket: bucket68101 key: root/dir1. Error code: KEY_NOT_FOUND source:root/dir1, destin:root/dir2
]]></system-out>
  </testcase>
  <testcase name="testRenameWithNonExistentSource" classname="TestOzoneFileSystemWithFSO" time="0.018">
    <system-out><![CDATA[2023-07-25 10:56:56,416 [Time-limited test] INFO  ozone.TestOzoneFileSystem (TestOzoneFileSystem.java:testRenameWithNonExistentSource(1154)) - Created destin dir: o3fs://bucket48182.volume90736/root/dir2
2023-07-25 10:56:56,416 [Time-limited test] INFO  ozone.TestOzoneFileSystem (TestOzoneFileSystem.java:testRenameWithNonExistentSource(1156)) - Rename op-> source:o3fs://bucket48182.volume90736/root/dir1 to destin:o3fs://bucket48182.volume90736/root/dir2}
10:56:56.418 [IPC Server handler 9 on default port 15057] ERROR OMAudit - user=runner | ip=127.0.0.1 | op=RENAME_KEY {volume=volume90736, bucket=bucket48182, dataSize=0, replicationType=NONE, replicationFactor=ZERO, srcKey=root/dir1, dstKey=root/dir2} | ret=FAILURE
org.apache.hadoop.ozone.om.exceptions.OMException: Unable to get file status: volume: volume90736 bucket: bucket48182 key: root/dir1
	at org.apache.hadoop.ozone.om.OzonePrefixPathImpl.<init>(OzonePrefixPathImpl.java:67) ~[ozone-manager-1.4.0-SNAPSHOT.jar:?]
	at org.apache.hadoop.ozone.om.request.OMClientRequest.checkACLsWithFSO(OMClientRequest.java:240) ~[ozone-manager-1.4.0-SNAPSHOT.jar:?]
	at org.apache.hadoop.ozone.om.request.key.OMKeyRenameRequestWithFSO.validateAndUpdateCache(OMKeyRenameRequestWithFSO.java:118) ~[ozone-manager-1.4.0-SNAPSHOT.jar:?]
	at org.apache.hadoop.ozone.protocolPB.OzoneManagerRequestHandler.handleWriteRequest(OzoneManagerRequestHandler.java:375) ~[ozone-manager-1.4.0-SNAPSHOT.jar:?]
	at org.apache.hadoop.ozone.protocolPB.OzoneManagerProtocolServerSideTranslatorPB.submitRequestDirectlyToOM(OzoneManagerProtocolServerSideTranslatorPB.java:280) ~[ozone-manager-1.4.0-SNAPSHOT.jar:?]
	at org.apache.hadoop.ozone.protocolPB.OzoneManagerProtocolServerSideTranslatorPB.processRequest(OzoneManagerProtocolServerSideTranslatorPB.java:175) ~[ozone-manager-1.4.0-SNAPSHOT.jar:?]
	at org.apache.hadoop.hdds.server.OzoneProtocolMessageDispatcher.processRequest(OzoneProtocolMessageDispatcher.java:87) [hdds-server-framework-1.4.0-SNAPSHOT.jar:?]
	at org.apache.hadoop.ozone.protocolPB.OzoneManagerProtocolServerSideTranslatorPB.submitRequest(OzoneManagerProtocolServerSideTranslatorPB.java:148) [ozone-manager-1.4.0-SNAPSHOT.jar:?]
	at org.apache.hadoop.ozone.protocol.proto.OzoneManagerProtocolProtos$OzoneManagerService$2.callBlockingMethod(OzoneManagerProtocolProtos.java) [ozone-interface-client-1.4.0-SNAPSHOT.jar:?]
	at org.apache.hadoop.ipc.ProtobufRpcEngine$Server.processCall(ProtobufRpcEngine.java:484) [hadoop-common-3.3.6.jar:?]
	at org.apache.hadoop.ipc.ProtobufRpcEngine2$Server$ProtoBufRpcInvoker.call(ProtobufRpcEngine2.java:595) [hadoop-common-3.3.6.jar:?]
	at org.apache.hadoop.ipc.ProtobufRpcEngine2$Server$ProtoBufRpcInvoker.call(ProtobufRpcEngine2.java:573) [hadoop-common-3.3.6.jar:?]
	at org.apache.hadoop.ipc.RPC$Server.call(RPC.java:1227) [hadoop-common-3.3.6.jar:?]
	at org.apache.hadoop.ipc.Server$RpcCall.run(Server.java:1094) [hadoop-common-3.3.6.jar:?]
	at org.apache.hadoop.ipc.Server$RpcCall.run(Server.java:1017) [hadoop-common-3.3.6.jar:?]
	at java.security.AccessController.doPrivileged(Native Method) ~[?:1.8.0_372]
	at javax.security.auth.Subject.doAs(Subject.java:422) [?:1.8.0_372]
	at org.apache.hadoop.security.UserGroupInformation.doAs(UserGroupInformation.java:1899) [hadoop-common-3.3.6.jar:?]
	at org.apache.hadoop.ipc.Server$Handler.run(Server.java:3048) [hadoop-common-3.3.6.jar:?]
2023-07-25 10:56:56,418 [IPC Server handler 9 on default port 15057] ERROR key.OMKeyRenameRequestWithFSO (OMKeyRenameRequestWithFSO.java:validateAndUpdateCache(250)) - Rename key failed for volume:volume90736 bucket:bucket48182 fromKey:root/dir1 toKey:root/dir2. Exception: Unable to get file status: volume: volume90736 bucket: bucket48182 key: root/dir1.
2023-07-25 10:56:56,418 [Time-limited test] ERROR ozone.BasicOzoneFileSystem (BasicOzoneFileSystem.java:renameFSO(482)) - rename key failed: Unable to get file status: volume: volume90736 bucket: bucket48182 key: root/dir1. Error code: KEY_NOT_FOUND source:root/dir1, destin:root/dir2
]]></system-out>
  </testcase>
  <testcase name="testRenameToParentDir" classname="TestOzoneFileSystemWithFSO" time="0.088"/>
  <testcase name="testRenameToParentDir" classname="TestOzoneFileSystemWithFSO" time="0.038"/>
  <testcase name="testListStatusOnSubDirs" classname="TestOzoneFileSystemWithFSO" time="0.068"/>
  <testcase name="testListStatusOnSubDirs" classname="TestOzoneFileSystemWithFSO" time="0.026"/>
  <testcase name="testListStatus" classname="TestOzoneFileSystemWithFSO" time="0.108"/>
  <testcase name="testListStatus" classname="TestOzoneFileSystemWithFSO" time="0.058"/>
  <testcase name="testRecursiveDelete" classname="TestOzoneFileSystemWithFSO" time="0.598">
    <system-out><![CDATA[10:55:38.486 [OM StateMachine ApplyTransaction Thread - 0] ERROR OMAudit - user=runner | ip=127.0.0.1 | op=DELETE_KEY {volume=volume25555, bucket=bucket68101, key=gdir1/pdir1, dataSize=0, replicationType=NONE, replicationFactor=ZERO} | ret=FAILURE
org.apache.hadoop.ozone.om.exceptions.OMException: Directory is not empty. Key:gdir1/pdir1
	at org.apache.hadoop.ozone.om.request.key.OMKeyDeleteRequestWithFSO.validateAndUpdateCache(OMKeyDeleteRequestWithFSO.java:140) ~[ozone-manager-1.4.0-SNAPSHOT.jar:?]
	at org.apache.hadoop.ozone.protocolPB.OzoneManagerRequestHandler.handleWriteRequest(OzoneManagerRequestHandler.java:375) ~[ozone-manager-1.4.0-SNAPSHOT.jar:?]
	at org.apache.hadoop.ozone.om.ratis.OzoneManagerStateMachine.runCommand(OzoneManagerStateMachine.java:568) ~[ozone-manager-1.4.0-SNAPSHOT.jar:?]
	at org.apache.hadoop.ozone.om.ratis.OzoneManagerStateMachine.lambda$1(OzoneManagerStateMachine.java:359) ~[ozone-manager-1.4.0-SNAPSHOT.jar:?]
	at java.util.concurrent.CompletableFuture$AsyncSupply.run(CompletableFuture.java:1604) [?:1.8.0_372]
	at java.util.concurrent.ThreadPoolExecutor.runWorker(ThreadPoolExecutor.java:1149) [?:1.8.0_372]
	at java.util.concurrent.ThreadPoolExecutor$Worker.run(ThreadPoolExecutor.java:624) [?:1.8.0_372]
	at java.lang.Thread.run(Thread.java:750) [?:1.8.0_372]
2023-07-25 10:55:38,489 [OM StateMachine ApplyTransaction Thread - 0] ERROR key.OMKeyDeleteRequestWithFSO (OMKeyDeleteRequestWithFSO.java:validateAndUpdateCache(200)) - Key delete failed. Volume:volume25555, Bucket:bucket68101, Key:gdir1/pdir1.
DIRECTORY_NOT_EMPTY org.apache.hadoop.ozone.om.exceptions.OMException: Directory is not empty. Key:gdir1/pdir1
	at org.apache.hadoop.ozone.om.request.key.OMKeyDeleteRequestWithFSO.validateAndUpdateCache(OMKeyDeleteRequestWithFSO.java:140)
	at org.apache.hadoop.ozone.protocolPB.OzoneManagerRequestHandler.handleWriteRequest(OzoneManagerRequestHandler.java:375)
	at org.apache.hadoop.ozone.om.ratis.OzoneManagerStateMachine.runCommand(OzoneManagerStateMachine.java:568)
	at org.apache.hadoop.ozone.om.ratis.OzoneManagerStateMachine.lambda$1(OzoneManagerStateMachine.java:359)
	at java.util.concurrent.CompletableFuture$AsyncSupply.run(CompletableFuture.java:1604)
	at java.util.concurrent.ThreadPoolExecutor.runWorker(ThreadPoolExecutor.java:1149)
	at java.util.concurrent.ThreadPoolExecutor$Worker.run(ThreadPoolExecutor.java:624)
	at java.lang.Thread.run(Thread.java:750)
2023-07-25 10:55:38,492 [Time-limited test] ERROR ozone.BasicOzoneClientAdapterImpl (BasicOzoneClientAdapterImpl.java:deleteObject(360)) - delete key failed Directory is not empty. Key:gdir1/pdir1
10:55:38.502 [OM StateMachine ApplyTransaction Thread - 0] ERROR OMAudit - user=runner | ip=127.0.0.1 | op=DELETE_KEY {volume=volume25555, bucket=bucket68101, key=gdir1, dataSize=0, replicationType=NONE, replicationFactor=ZERO} | ret=FAILURE
org.apache.hadoop.ozone.om.exceptions.OMException: Directory is not empty. Key:gdir1
	at org.apache.hadoop.ozone.om.request.key.OMKeyDeleteRequestWithFSO.validateAndUpdateCache(OMKeyDeleteRequestWithFSO.java:140) ~[ozone-manager-1.4.0-SNAPSHOT.jar:?]
	at org.apache.hadoop.ozone.protocolPB.OzoneManagerRequestHandler.handleWriteRequest(OzoneManagerRequestHandler.java:375) ~[ozone-manager-1.4.0-SNAPSHOT.jar:?]
	at org.apache.hadoop.ozone.om.ratis.OzoneManagerStateMachine.runCommand(OzoneManagerStateMachine.java:568) ~[ozone-manager-1.4.0-SNAPSHOT.jar:?]
	at org.apache.hadoop.ozone.om.ratis.OzoneManagerStateMachine.lambda$1(OzoneManagerStateMachine.java:359) ~[ozone-manager-1.4.0-SNAPSHOT.jar:?]
	at java.util.concurrent.CompletableFuture$AsyncSupply.run(CompletableFuture.java:1604) [?:1.8.0_372]
	at java.util.concurrent.ThreadPoolExecutor.runWorker(ThreadPoolExecutor.java:1149) [?:1.8.0_372]
	at java.util.concurrent.ThreadPoolExecutor$Worker.run(ThreadPoolExecutor.java:624) [?:1.8.0_372]
	at java.lang.Thread.run(Thread.java:750) [?:1.8.0_372]
2023-07-25 10:55:38,503 [OM StateMachine ApplyTransaction Thread - 0] ERROR key.OMKeyDeleteRequestWithFSO (OMKeyDeleteRequestWithFSO.java:validateAndUpdateCache(200)) - Key delete failed. Volume:volume25555, Bucket:bucket68101, Key:gdir1.
DIRECTORY_NOT_EMPTY org.apache.hadoop.ozone.om.exceptions.OMException: Directory is not empty. Key:gdir1
	at org.apache.hadoop.ozone.om.request.key.OMKeyDeleteRequestWithFSO.validateAndUpdateCache(OMKeyDeleteRequestWithFSO.java:140)
	at org.apache.hadoop.ozone.protocolPB.OzoneManagerRequestHandler.handleWriteRequest(OzoneManagerRequestHandler.java:375)
	at org.apache.hadoop.ozone.om.ratis.OzoneManagerStateMachine.runCommand(OzoneManagerStateMachine.java:568)
	at org.apache.hadoop.ozone.om.ratis.OzoneManagerStateMachine.lambda$1(OzoneManagerStateMachine.java:359)
	at java.util.concurrent.CompletableFuture$AsyncSupply.run(CompletableFuture.java:1604)
	at java.util.concurrent.ThreadPoolExecutor.runWorker(ThreadPoolExecutor.java:1149)
	at java.util.concurrent.ThreadPoolExecutor$Worker.run(ThreadPoolExecutor.java:624)
	at java.lang.Thread.run(Thread.java:750)
2023-07-25 10:55:38,504 [Time-limited test] ERROR ozone.BasicOzoneClientAdapterImpl (BasicOzoneClientAdapterImpl.java:deleteObject(360)) - delete key failed Directory is not empty. Key:gdir1
10:55:38.512 [IPC Server handler 0 on default port 15004] ERROR OMAudit - user=runner | ip=127.0.0.1 | op=GET_FILE_STATUS {volume=volume25555, bucket=bucket68101, key=gdir1, dataSize=0, replicationConfig=null} | ret=FAILURE
org.apache.hadoop.ozone.om.exceptions.OMException: Unable to get file status: volume: volume25555 bucket: bucket68101 key: gdir1
	at org.apache.hadoop.ozone.om.KeyManagerImpl.getOzoneFileStatusFSO(KeyManagerImpl.java:1311) ~[ozone-manager-1.4.0-SNAPSHOT.jar:?]
	at org.apache.hadoop.ozone.om.KeyManagerImpl.getFileStatus(KeyManagerImpl.java:1102) ~[ozone-manager-1.4.0-SNAPSHOT.jar:?]
	at org.apache.hadoop.ozone.om.OmMetadataReader.getFileStatus(OmMetadataReader.java:262) ~[ozone-manager-1.4.0-SNAPSHOT.jar:?]
	at org.apache.hadoop.ozone.om.OzoneManager.getFileStatus(OzoneManager.java:3527) ~[ozone-manager-1.4.0-SNAPSHOT.jar:?]
	at org.apache.hadoop.ozone.protocolPB.OzoneManagerRequestHandler.getOzoneFileStatus(OzoneManagerRequestHandler.java:973) ~[ozone-manager-1.4.0-SNAPSHOT.jar:?]
	at org.apache.hadoop.ozone.protocolPB.OzoneManagerRequestHandler.handleReadRequest(OzoneManagerRequestHandler.java:252) ~[ozone-manager-1.4.0-SNAPSHOT.jar:?]
	at org.apache.hadoop.ozone.protocolPB.OzoneManagerProtocolServerSideTranslatorPB.submitReadRequestToOM(OzoneManagerProtocolServerSideTranslatorPB.java:225) ~[ozone-manager-1.4.0-SNAPSHOT.jar:?]
	at org.apache.hadoop.ozone.protocolPB.OzoneManagerProtocolServerSideTranslatorPB.processRequest(OzoneManagerProtocolServerSideTranslatorPB.java:179) ~[ozone-manager-1.4.0-SNAPSHOT.jar:?]
	at org.apache.hadoop.hdds.server.OzoneProtocolMessageDispatcher.processRequest(OzoneProtocolMessageDispatcher.java:87) [hdds-server-framework-1.4.0-SNAPSHOT.jar:?]
	at org.apache.hadoop.ozone.protocolPB.OzoneManagerProtocolServerSideTranslatorPB.submitRequest(OzoneManagerProtocolServerSideTranslatorPB.java:148) [ozone-manager-1.4.0-SNAPSHOT.jar:?]
	at org.apache.hadoop.ozone.protocol.proto.OzoneManagerProtocolProtos$OzoneManagerService$2.callBlockingMethod(OzoneManagerProtocolProtos.java) [ozone-interface-client-1.4.0-SNAPSHOT.jar:?]
	at org.apache.hadoop.ipc.ProtobufRpcEngine$Server.processCall(ProtobufRpcEngine.java:484) [hadoop-common-3.3.6.jar:?]
	at org.apache.hadoop.ipc.ProtobufRpcEngine2$Server$ProtoBufRpcInvoker.call(ProtobufRpcEngine2.java:595) [hadoop-common-3.3.6.jar:?]
	at org.apache.hadoop.ipc.ProtobufRpcEngine2$Server$ProtoBufRpcInvoker.call(ProtobufRpcEngine2.java:573) [hadoop-common-3.3.6.jar:?]
	at org.apache.hadoop.ipc.RPC$Server.call(RPC.java:1227) [hadoop-common-3.3.6.jar:?]
	at org.apache.hadoop.ipc.Server$RpcCall.run(Server.java:1094) [hadoop-common-3.3.6.jar:?]
	at org.apache.hadoop.ipc.Server$RpcCall.run(Server.java:1017) [hadoop-common-3.3.6.jar:?]
	at java.security.AccessController.doPrivileged(Native Method) ~[?:1.8.0_372]
	at javax.security.auth.Subject.doAs(Subject.java:422) [?:1.8.0_372]
	at org.apache.hadoop.security.UserGroupInformation.doAs(UserGroupInformation.java:1899) [hadoop-common-3.3.6.jar:?]
	at org.apache.hadoop.ipc.Server$Handler.run(Server.java:3048) [hadoop-common-3.3.6.jar:?]
10:55:38.515 [IPC Server handler 3 on default port 15004] ERROR OMAudit - user=runner | ip=127.0.0.1 | op=GET_FILE_STATUS {volume=volume25555, bucket=bucket68101, key=gdir1/dir1, dataSize=0, replicationConfig=null} | ret=FAILURE
org.apache.hadoop.ozone.om.exceptions.OMException: Unable to get file status: volume: volume25555 bucket: bucket68101 key: gdir1/dir1
	at org.apache.hadoop.ozone.om.KeyManagerImpl.getOzoneFileStatusFSO(KeyManagerImpl.java:1311) ~[ozone-manager-1.4.0-SNAPSHOT.jar:?]
	at org.apache.hadoop.ozone.om.KeyManagerImpl.getFileStatus(KeyManagerImpl.java:1102) ~[ozone-manager-1.4.0-SNAPSHOT.jar:?]
	at org.apache.hadoop.ozone.om.OmMetadataReader.getFileStatus(OmMetadataReader.java:262) ~[ozone-manager-1.4.0-SNAPSHOT.jar:?]
	at org.apache.hadoop.ozone.om.OzoneManager.getFileStatus(OzoneManager.java:3527) ~[ozone-manager-1.4.0-SNAPSHOT.jar:?]
	at org.apache.hadoop.ozone.protocolPB.OzoneManagerRequestHandler.getOzoneFileStatus(OzoneManagerRequestHandler.java:973) ~[ozone-manager-1.4.0-SNAPSHOT.jar:?]
	at org.apache.hadoop.ozone.protocolPB.OzoneManagerRequestHandler.handleReadRequest(OzoneManagerRequestHandler.java:252) ~[ozone-manager-1.4.0-SNAPSHOT.jar:?]
	at org.apache.hadoop.ozone.protocolPB.OzoneManagerProtocolServerSideTranslatorPB.submitReadRequestToOM(OzoneManagerProtocolServerSideTranslatorPB.java:225) ~[ozone-manager-1.4.0-SNAPSHOT.jar:?]
	at org.apache.hadoop.ozone.protocolPB.OzoneManagerProtocolServerSideTranslatorPB.processRequest(OzoneManagerProtocolServerSideTranslatorPB.java:179) ~[ozone-manager-1.4.0-SNAPSHOT.jar:?]
	at org.apache.hadoop.hdds.server.OzoneProtocolMessageDispatcher.processRequest(OzoneProtocolMessageDispatcher.java:87) [hdds-server-framework-1.4.0-SNAPSHOT.jar:?]
	at org.apache.hadoop.ozone.protocolPB.OzoneManagerProtocolServerSideTranslatorPB.submitRequest(OzoneManagerProtocolServerSideTranslatorPB.java:148) [ozone-manager-1.4.0-SNAPSHOT.jar:?]
	at org.apache.hadoop.ozone.protocol.proto.OzoneManagerProtocolProtos$OzoneManagerService$2.callBlockingMethod(OzoneManagerProtocolProtos.java) [ozone-interface-client-1.4.0-SNAPSHOT.jar:?]
	at org.apache.hadoop.ipc.ProtobufRpcEngine$Server.processCall(ProtobufRpcEngine.java:484) [hadoop-common-3.3.6.jar:?]
	at org.apache.hadoop.ipc.ProtobufRpcEngine2$Server$ProtoBufRpcInvoker.call(ProtobufRpcEngine2.java:595) [hadoop-common-3.3.6.jar:?]
	at org.apache.hadoop.ipc.ProtobufRpcEngine2$Server$ProtoBufRpcInvoker.call(ProtobufRpcEngine2.java:573) [hadoop-common-3.3.6.jar:?]
	at org.apache.hadoop.ipc.RPC$Server.call(RPC.java:1227) [hadoop-common-3.3.6.jar:?]
	at org.apache.hadoop.ipc.Server$RpcCall.run(Server.java:1094) [hadoop-common-3.3.6.jar:?]
	at org.apache.hadoop.ipc.Server$RpcCall.run(Server.java:1017) [hadoop-common-3.3.6.jar:?]
	at java.security.AccessController.doPrivileged(Native Method) ~[?:1.8.0_372]
	at javax.security.auth.Subject.doAs(Subject.java:422) [?:1.8.0_372]
	at org.apache.hadoop.security.UserGroupInformation.doAs(UserGroupInformation.java:1899) [hadoop-common-3.3.6.jar:?]
	at org.apache.hadoop.ipc.Server$Handler.run(Server.java:3048) [hadoop-common-3.3.6.jar:?]
10:55:38.517 [IPC Server handler 2 on default port 15004] ERROR OMAudit - user=runner | ip=127.0.0.1 | op=GET_FILE_STATUS {volume=volume25555, bucket=bucket68101, key=gdir1/dir1/child, dataSize=0, replicationConfig=null} | ret=FAILURE
org.apache.hadoop.ozone.om.exceptions.OMException: Unable to get file status: volume: volume25555 bucket: bucket68101 key: gdir1/dir1/child
	at org.apache.hadoop.ozone.om.KeyManagerImpl.getOzoneFileStatusFSO(KeyManagerImpl.java:1311) ~[ozone-manager-1.4.0-SNAPSHOT.jar:?]
	at org.apache.hadoop.ozone.om.KeyManagerImpl.getFileStatus(KeyManagerImpl.java:1102) ~[ozone-manager-1.4.0-SNAPSHOT.jar:?]
	at org.apache.hadoop.ozone.om.OmMetadataReader.getFileStatus(OmMetadataReader.java:262) ~[ozone-manager-1.4.0-SNAPSHOT.jar:?]
	at org.apache.hadoop.ozone.om.OzoneManager.getFileStatus(OzoneManager.java:3527) ~[ozone-manager-1.4.0-SNAPSHOT.jar:?]
	at org.apache.hadoop.ozone.protocolPB.OzoneManagerRequestHandler.getOzoneFileStatus(OzoneManagerRequestHandler.java:973) ~[ozone-manager-1.4.0-SNAPSHOT.jar:?]
	at org.apache.hadoop.ozone.protocolPB.OzoneManagerRequestHandler.handleReadRequest(OzoneManagerRequestHandler.java:252) ~[ozone-manager-1.4.0-SNAPSHOT.jar:?]
	at org.apache.hadoop.ozone.protocolPB.OzoneManagerProtocolServerSideTranslatorPB.submitReadRequestToOM(OzoneManagerProtocolServerSideTranslatorPB.java:225) ~[ozone-manager-1.4.0-SNAPSHOT.jar:?]
	at org.apache.hadoop.ozone.protocolPB.OzoneManagerProtocolServerSideTranslatorPB.processRequest(OzoneManagerProtocolServerSideTranslatorPB.java:179) ~[ozone-manager-1.4.0-SNAPSHOT.jar:?]
	at org.apache.hadoop.hdds.server.OzoneProtocolMessageDispatcher.processRequest(OzoneProtocolMessageDispatcher.java:87) [hdds-server-framework-1.4.0-SNAPSHOT.jar:?]
	at org.apache.hadoop.ozone.protocolPB.OzoneManagerProtocolServerSideTranslatorPB.submitRequest(OzoneManagerProtocolServerSideTranslatorPB.java:148) [ozone-manager-1.4.0-SNAPSHOT.jar:?]
	at org.apache.hadoop.ozone.protocol.proto.OzoneManagerProtocolProtos$OzoneManagerService$2.callBlockingMethod(OzoneManagerProtocolProtos.java) [ozone-interface-client-1.4.0-SNAPSHOT.jar:?]
	at org.apache.hadoop.ipc.ProtobufRpcEngine$Server.processCall(ProtobufRpcEngine.java:484) [hadoop-common-3.3.6.jar:?]
	at org.apache.hadoop.ipc.ProtobufRpcEngine2$Server$ProtoBufRpcInvoker.call(ProtobufRpcEngine2.java:595) [hadoop-common-3.3.6.jar:?]
	at org.apache.hadoop.ipc.ProtobufRpcEngine2$Server$ProtoBufRpcInvoker.call(ProtobufRpcEngine2.java:573) [hadoop-common-3.3.6.jar:?]
	at org.apache.hadoop.ipc.RPC$Server.call(RPC.java:1227) [hadoop-common-3.3.6.jar:?]
	at org.apache.hadoop.ipc.Server$RpcCall.run(Server.java:1094) [hadoop-common-3.3.6.jar:?]
	at org.apache.hadoop.ipc.Server$RpcCall.run(Server.java:1017) [hadoop-common-3.3.6.jar:?]
	at java.security.AccessController.doPrivileged(Native Method) ~[?:1.8.0_372]
	at javax.security.auth.Subject.doAs(Subject.java:422) [?:1.8.0_372]
	at org.apache.hadoop.security.UserGroupInformation.doAs(UserGroupInformation.java:1899) [hadoop-common-3.3.6.jar:?]
	at org.apache.hadoop.ipc.Server$Handler.run(Server.java:3048) [hadoop-common-3.3.6.jar:?]
10:55:38.519 [IPC Server handler 4 on default port 15004] ERROR OMAudit - user=runner | ip=127.0.0.1 | op=GET_FILE_STATUS {volume=volume25555, bucket=bucket68101, key=gdir1/dir2, dataSize=0, replicationConfig=null} | ret=FAILURE
org.apache.hadoop.ozone.om.exceptions.OMException: Unable to get file status: volume: volume25555 bucket: bucket68101 key: gdir1/dir2
	at org.apache.hadoop.ozone.om.KeyManagerImpl.getOzoneFileStatusFSO(KeyManagerImpl.java:1311) ~[ozone-manager-1.4.0-SNAPSHOT.jar:?]
	at org.apache.hadoop.ozone.om.KeyManagerImpl.getFileStatus(KeyManagerImpl.java:1102) ~[ozone-manager-1.4.0-SNAPSHOT.jar:?]
	at org.apache.hadoop.ozone.om.OmMetadataReader.getFileStatus(OmMetadataReader.java:262) ~[ozone-manager-1.4.0-SNAPSHOT.jar:?]
	at org.apache.hadoop.ozone.om.OzoneManager.getFileStatus(OzoneManager.java:3527) ~[ozone-manager-1.4.0-SNAPSHOT.jar:?]
	at org.apache.hadoop.ozone.protocolPB.OzoneManagerRequestHandler.getOzoneFileStatus(OzoneManagerRequestHandler.java:973) ~[ozone-manager-1.4.0-SNAPSHOT.jar:?]
	at org.apache.hadoop.ozone.protocolPB.OzoneManagerRequestHandler.handleReadRequest(OzoneManagerRequestHandler.java:252) ~[ozone-manager-1.4.0-SNAPSHOT.jar:?]
	at org.apache.hadoop.ozone.protocolPB.OzoneManagerProtocolServerSideTranslatorPB.submitReadRequestToOM(OzoneManagerProtocolServerSideTranslatorPB.java:225) ~[ozone-manager-1.4.0-SNAPSHOT.jar:?]
	at org.apache.hadoop.ozone.protocolPB.OzoneManagerProtocolServerSideTranslatorPB.processRequest(OzoneManagerProtocolServerSideTranslatorPB.java:179) ~[ozone-manager-1.4.0-SNAPSHOT.jar:?]
	at org.apache.hadoop.hdds.server.OzoneProtocolMessageDispatcher.processRequest(OzoneProtocolMessageDispatcher.java:87) [hdds-server-framework-1.4.0-SNAPSHOT.jar:?]
	at org.apache.hadoop.ozone.protocolPB.OzoneManagerProtocolServerSideTranslatorPB.submitRequest(OzoneManagerProtocolServerSideTranslatorPB.java:148) [ozone-manager-1.4.0-SNAPSHOT.jar:?]
	at org.apache.hadoop.ozone.protocol.proto.OzoneManagerProtocolProtos$OzoneManagerService$2.callBlockingMethod(OzoneManagerProtocolProtos.java) [ozone-interface-client-1.4.0-SNAPSHOT.jar:?]
	at org.apache.hadoop.ipc.ProtobufRpcEngine$Server.processCall(ProtobufRpcEngine.java:484) [hadoop-common-3.3.6.jar:?]
	at org.apache.hadoop.ipc.ProtobufRpcEngine2$Server$ProtoBufRpcInvoker.call(ProtobufRpcEngine2.java:595) [hadoop-common-3.3.6.jar:?]
	at org.apache.hadoop.ipc.ProtobufRpcEngine2$Server$ProtoBufRpcInvoker.call(ProtobufRpcEngine2.java:573) [hadoop-common-3.3.6.jar:?]
	at org.apache.hadoop.ipc.RPC$Server.call(RPC.java:1227) [hadoop-common-3.3.6.jar:?]
	at org.apache.hadoop.ipc.Server$RpcCall.run(Server.java:1094) [hadoop-common-3.3.6.jar:?]
	at org.apache.hadoop.ipc.Server$RpcCall.run(Server.java:1017) [hadoop-common-3.3.6.jar:?]
	at java.security.AccessController.doPrivileged(Native Method) ~[?:1.8.0_372]
	at javax.security.auth.Subject.doAs(Subject.java:422) [?:1.8.0_372]
	at org.apache.hadoop.security.UserGroupInformation.doAs(UserGroupInformation.java:1899) [hadoop-common-3.3.6.jar:?]
	at org.apache.hadoop.ipc.Server$Handler.run(Server.java:3048) [hadoop-common-3.3.6.jar:?]
10:55:38.521 [IPC Server handler 6 on default port 15004] ERROR OMAudit - user=runner | ip=127.0.0.1 | op=GET_FILE_STATUS {volume=volume25555, bucket=bucket68101, key=gdir1/dir2/child, dataSize=0, replicationConfig=null} | ret=FAILURE
org.apache.hadoop.ozone.om.exceptions.OMException: Unable to get file status: volume: volume25555 bucket: bucket68101 key: gdir1/dir2/child
	at org.apache.hadoop.ozone.om.KeyManagerImpl.getOzoneFileStatusFSO(KeyManagerImpl.java:1311) ~[ozone-manager-1.4.0-SNAPSHOT.jar:?]
	at org.apache.hadoop.ozone.om.KeyManagerImpl.getFileStatus(KeyManagerImpl.java:1102) ~[ozone-manager-1.4.0-SNAPSHOT.jar:?]
	at org.apache.hadoop.ozone.om.OmMetadataReader.getFileStatus(OmMetadataReader.java:262) ~[ozone-manager-1.4.0-SNAPSHOT.jar:?]
	at org.apache.hadoop.ozone.om.OzoneManager.getFileStatus(OzoneManager.java:3527) ~[ozone-manager-1.4.0-SNAPSHOT.jar:?]
	at org.apache.hadoop.ozone.protocolPB.OzoneManagerRequestHandler.getOzoneFileStatus(OzoneManagerRequestHandler.java:973) ~[ozone-manager-1.4.0-SNAPSHOT.jar:?]
	at org.apache.hadoop.ozone.protocolPB.OzoneManagerRequestHandler.handleReadRequest(OzoneManagerRequestHandler.java:252) ~[ozone-manager-1.4.0-SNAPSHOT.jar:?]
	at org.apache.hadoop.ozone.protocolPB.OzoneManagerProtocolServerSideTranslatorPB.submitReadRequestToOM(OzoneManagerProtocolServerSideTranslatorPB.java:225) ~[ozone-manager-1.4.0-SNAPSHOT.jar:?]
	at org.apache.hadoop.ozone.protocolPB.OzoneManagerProtocolServerSideTranslatorPB.processRequest(OzoneManagerProtocolServerSideTranslatorPB.java:179) ~[ozone-manager-1.4.0-SNAPSHOT.jar:?]
	at org.apache.hadoop.hdds.server.OzoneProtocolMessageDispatcher.processRequest(OzoneProtocolMessageDispatcher.java:87) [hdds-server-framework-1.4.0-SNAPSHOT.jar:?]
	at org.apache.hadoop.ozone.protocolPB.OzoneManagerProtocolServerSideTranslatorPB.submitRequest(OzoneManagerProtocolServerSideTranslatorPB.java:148) [ozone-manager-1.4.0-SNAPSHOT.jar:?]
	at org.apache.hadoop.ozone.protocol.proto.OzoneManagerProtocolProtos$OzoneManagerService$2.callBlockingMethod(OzoneManagerProtocolProtos.java) [ozone-interface-client-1.4.0-SNAPSHOT.jar:?]
	at org.apache.hadoop.ipc.ProtobufRpcEngine$Server.processCall(ProtobufRpcEngine.java:484) [hadoop-common-3.3.6.jar:?]
	at org.apache.hadoop.ipc.ProtobufRpcEngine2$Server$ProtoBufRpcInvoker.call(ProtobufRpcEngine2.java:595) [hadoop-common-3.3.6.jar:?]
	at org.apache.hadoop.ipc.ProtobufRpcEngine2$Server$ProtoBufRpcInvoker.call(ProtobufRpcEngine2.java:573) [hadoop-common-3.3.6.jar:?]
	at org.apache.hadoop.ipc.RPC$Server.call(RPC.java:1227) [hadoop-common-3.3.6.jar:?]
	at org.apache.hadoop.ipc.Server$RpcCall.run(Server.java:1094) [hadoop-common-3.3.6.jar:?]
	at org.apache.hadoop.ipc.Server$RpcCall.run(Server.java:1017) [hadoop-common-3.3.6.jar:?]
	at java.security.AccessController.doPrivileged(Native Method) ~[?:1.8.0_372]
	at javax.security.auth.Subject.doAs(Subject.java:422) [?:1.8.0_372]
	at org.apache.hadoop.security.UserGroupInformation.doAs(UserGroupInformation.java:1899) [hadoop-common-3.3.6.jar:?]
	at org.apache.hadoop.ipc.Server$Handler.run(Server.java:3048) [hadoop-common-3.3.6.jar:?]
10:55:38.523 [IPC Server handler 12 on default port 15004] ERROR OMAudit - user=runner | ip=127.0.0.1 | op=GET_FILE_STATUS {volume=volume25555, bucket=bucket68101, key=gdir1/dir3, dataSize=0, replicationConfig=null} | ret=FAILURE
org.apache.hadoop.ozone.om.exceptions.OMException: Unable to get file status: volume: volume25555 bucket: bucket68101 key: gdir1/dir3
	at org.apache.hadoop.ozone.om.KeyManagerImpl.getOzoneFileStatusFSO(KeyManagerImpl.java:1311) ~[ozone-manager-1.4.0-SNAPSHOT.jar:?]
	at org.apache.hadoop.ozone.om.KeyManagerImpl.getFileStatus(KeyManagerImpl.java:1102) ~[ozone-manager-1.4.0-SNAPSHOT.jar:?]
	at org.apache.hadoop.ozone.om.OmMetadataReader.getFileStatus(OmMetadataReader.java:262) ~[ozone-manager-1.4.0-SNAPSHOT.jar:?]
	at org.apache.hadoop.ozone.om.OzoneManager.getFileStatus(OzoneManager.java:3527) ~[ozone-manager-1.4.0-SNAPSHOT.jar:?]
	at org.apache.hadoop.ozone.protocolPB.OzoneManagerRequestHandler.getOzoneFileStatus(OzoneManagerRequestHandler.java:973) ~[ozone-manager-1.4.0-SNAPSHOT.jar:?]
	at org.apache.hadoop.ozone.protocolPB.OzoneManagerRequestHandler.handleReadRequest(OzoneManagerRequestHandler.java:252) ~[ozone-manager-1.4.0-SNAPSHOT.jar:?]
	at org.apache.hadoop.ozone.protocolPB.OzoneManagerProtocolServerSideTranslatorPB.submitReadRequestToOM(OzoneManagerProtocolServerSideTranslatorPB.java:225) ~[ozone-manager-1.4.0-SNAPSHOT.jar:?]
	at org.apache.hadoop.ozone.protocolPB.OzoneManagerProtocolServerSideTranslatorPB.processRequest(OzoneManagerProtocolServerSideTranslatorPB.java:179) ~[ozone-manager-1.4.0-SNAPSHOT.jar:?]
	at org.apache.hadoop.hdds.server.OzoneProtocolMessageDispatcher.processRequest(OzoneProtocolMessageDispatcher.java:87) [hdds-server-framework-1.4.0-SNAPSHOT.jar:?]
	at org.apache.hadoop.ozone.protocolPB.OzoneManagerProtocolServerSideTranslatorPB.submitRequest(OzoneManagerProtocolServerSideTranslatorPB.java:148) [ozone-manager-1.4.0-SNAPSHOT.jar:?]
	at org.apache.hadoop.ozone.protocol.proto.OzoneManagerProtocolProtos$OzoneManagerService$2.callBlockingMethod(OzoneManagerProtocolProtos.java) [ozone-interface-client-1.4.0-SNAPSHOT.jar:?]
	at org.apache.hadoop.ipc.ProtobufRpcEngine$Server.processCall(ProtobufRpcEngine.java:484) [hadoop-common-3.3.6.jar:?]
	at org.apache.hadoop.ipc.ProtobufRpcEngine2$Server$ProtoBufRpcInvoker.call(ProtobufRpcEngine2.java:595) [hadoop-common-3.3.6.jar:?]
	at org.apache.hadoop.ipc.ProtobufRpcEngine2$Server$ProtoBufRpcInvoker.call(ProtobufRpcEngine2.java:573) [hadoop-common-3.3.6.jar:?]
	at org.apache.hadoop.ipc.RPC$Server.call(RPC.java:1227) [hadoop-common-3.3.6.jar:?]
	at org.apache.hadoop.ipc.Server$RpcCall.run(Server.java:1094) [hadoop-common-3.3.6.jar:?]
	at org.apache.hadoop.ipc.Server$RpcCall.run(Server.java:1017) [hadoop-common-3.3.6.jar:?]
	at java.security.AccessController.doPrivileged(Native Method) ~[?:1.8.0_372]
	at javax.security.auth.Subject.doAs(Subject.java:422) [?:1.8.0_372]
	at org.apache.hadoop.security.UserGroupInformation.doAs(UserGroupInformation.java:1899) [hadoop-common-3.3.6.jar:?]
	at org.apache.hadoop.ipc.Server$Handler.run(Server.java:3048) [hadoop-common-3.3.6.jar:?]
10:55:38.525 [IPC Server handler 10 on default port 15004] ERROR OMAudit - user=runner | ip=127.0.0.1 | op=GET_FILE_STATUS {volume=volume25555, bucket=bucket68101, key=gdir1/dir3/child, dataSize=0, replicationConfig=null} | ret=FAILURE
org.apache.hadoop.ozone.om.exceptions.OMException: Unable to get file status: volume: volume25555 bucket: bucket68101 key: gdir1/dir3/child
	at org.apache.hadoop.ozone.om.KeyManagerImpl.getOzoneFileStatusFSO(KeyManagerImpl.java:1311) ~[ozone-manager-1.4.0-SNAPSHOT.jar:?]
	at org.apache.hadoop.ozone.om.KeyManagerImpl.getFileStatus(KeyManagerImpl.java:1102) ~[ozone-manager-1.4.0-SNAPSHOT.jar:?]
	at org.apache.hadoop.ozone.om.OmMetadataReader.getFileStatus(OmMetadataReader.java:262) ~[ozone-manager-1.4.0-SNAPSHOT.jar:?]
	at org.apache.hadoop.ozone.om.OzoneManager.getFileStatus(OzoneManager.java:3527) ~[ozone-manager-1.4.0-SNAPSHOT.jar:?]
	at org.apache.hadoop.ozone.protocolPB.OzoneManagerRequestHandler.getOzoneFileStatus(OzoneManagerRequestHandler.java:973) ~[ozone-manager-1.4.0-SNAPSHOT.jar:?]
	at org.apache.hadoop.ozone.protocolPB.OzoneManagerRequestHandler.handleReadRequest(OzoneManagerRequestHandler.java:252) ~[ozone-manager-1.4.0-SNAPSHOT.jar:?]
	at org.apache.hadoop.ozone.protocolPB.OzoneManagerProtocolServerSideTranslatorPB.submitReadRequestToOM(OzoneManagerProtocolServerSideTranslatorPB.java:225) ~[ozone-manager-1.4.0-SNAPSHOT.jar:?]
	at org.apache.hadoop.ozone.protocolPB.OzoneManagerProtocolServerSideTranslatorPB.processRequest(OzoneManagerProtocolServerSideTranslatorPB.java:179) ~[ozone-manager-1.4.0-SNAPSHOT.jar:?]
	at org.apache.hadoop.hdds.server.OzoneProtocolMessageDispatcher.processRequest(OzoneProtocolMessageDispatcher.java:87) [hdds-server-framework-1.4.0-SNAPSHOT.jar:?]
	at org.apache.hadoop.ozone.protocolPB.OzoneManagerProtocolServerSideTranslatorPB.submitRequest(OzoneManagerProtocolServerSideTranslatorPB.java:148) [ozone-manager-1.4.0-SNAPSHOT.jar:?]
	at org.apache.hadoop.ozone.protocol.proto.OzoneManagerProtocolProtos$OzoneManagerService$2.callBlockingMethod(OzoneManagerProtocolProtos.java) [ozone-interface-client-1.4.0-SNAPSHOT.jar:?]
	at org.apache.hadoop.ipc.ProtobufRpcEngine$Server.processCall(ProtobufRpcEngine.java:484) [hadoop-common-3.3.6.jar:?]
	at org.apache.hadoop.ipc.ProtobufRpcEngine2$Server$ProtoBufRpcInvoker.call(ProtobufRpcEngine2.java:595) [hadoop-common-3.3.6.jar:?]
	at org.apache.hadoop.ipc.ProtobufRpcEngine2$Server$ProtoBufRpcInvoker.call(ProtobufRpcEngine2.java:573) [hadoop-common-3.3.6.jar:?]
	at org.apache.hadoop.ipc.RPC$Server.call(RPC.java:1227) [hadoop-common-3.3.6.jar:?]
	at org.apache.hadoop.ipc.Server$RpcCall.run(Server.java:1094) [hadoop-common-3.3.6.jar:?]
	at org.apache.hadoop.ipc.Server$RpcCall.run(Server.java:1017) [hadoop-common-3.3.6.jar:?]
	at java.security.AccessController.doPrivileged(Native Method) ~[?:1.8.0_372]
	at javax.security.auth.Subject.doAs(Subject.java:422) [?:1.8.0_372]
	at org.apache.hadoop.security.UserGroupInformation.doAs(UserGroupInformation.java:1899) [hadoop-common-3.3.6.jar:?]
	at org.apache.hadoop.ipc.Server$Handler.run(Server.java:3048) [hadoop-common-3.3.6.jar:?]
10:55:38.531 [IPC Server handler 17 on default port 15004] ERROR OMAudit - user=runner | ip=127.0.0.1 | op=GET_FILE_STATUS {volume=volume25555, bucket=bucket68101, key=gdir1/dir4, dataSize=0, replicationConfig=null} | ret=FAILURE
org.apache.hadoop.ozone.om.exceptions.OMException: Unable to get file status: volume: volume25555 bucket: bucket68101 key: gdir1/dir4
	at org.apache.hadoop.ozone.om.KeyManagerImpl.getOzoneFileStatusFSO(KeyManagerImpl.java:1311) ~[ozone-manager-1.4.0-SNAPSHOT.jar:?]
	at org.apache.hadoop.ozone.om.KeyManagerImpl.getFileStatus(KeyManagerImpl.java:1102) ~[ozone-manager-1.4.0-SNAPSHOT.jar:?]
	at org.apache.hadoop.ozone.om.OmMetadataReader.getFileStatus(OmMetadataReader.java:262) ~[ozone-manager-1.4.0-SNAPSHOT.jar:?]
	at org.apache.hadoop.ozone.om.OzoneManager.getFileStatus(OzoneManager.java:3527) ~[ozone-manager-1.4.0-SNAPSHOT.jar:?]
	at org.apache.hadoop.ozone.protocolPB.OzoneManagerRequestHandler.getOzoneFileStatus(OzoneManagerRequestHandler.java:973) ~[ozone-manager-1.4.0-SNAPSHOT.jar:?]
	at org.apache.hadoop.ozone.protocolPB.OzoneManagerRequestHandler.handleReadRequest(OzoneManagerRequestHandler.java:252) ~[ozone-manager-1.4.0-SNAPSHOT.jar:?]
	at org.apache.hadoop.ozone.protocolPB.OzoneManagerProtocolServerSideTranslatorPB.submitReadRequestToOM(OzoneManagerProtocolServerSideTranslatorPB.java:225) ~[ozone-manager-1.4.0-SNAPSHOT.jar:?]
	at org.apache.hadoop.ozone.protocolPB.OzoneManagerProtocolServerSideTranslatorPB.processRequest(OzoneManagerProtocolServerSideTranslatorPB.java:179) ~[ozone-manager-1.4.0-SNAPSHOT.jar:?]
	at org.apache.hadoop.hdds.server.OzoneProtocolMessageDispatcher.processRequest(OzoneProtocolMessageDispatcher.java:87) [hdds-server-framework-1.4.0-SNAPSHOT.jar:?]
	at org.apache.hadoop.ozone.protocolPB.OzoneManagerProtocolServerSideTranslatorPB.submitRequest(OzoneManagerProtocolServerSideTranslatorPB.java:148) [ozone-manager-1.4.0-SNAPSHOT.jar:?]
	at org.apache.hadoop.ozone.protocol.proto.OzoneManagerProtocolProtos$OzoneManagerService$2.callBlockingMethod(OzoneManagerProtocolProtos.java) [ozone-interface-client-1.4.0-SNAPSHOT.jar:?]
	at org.apache.hadoop.ipc.ProtobufRpcEngine$Server.processCall(ProtobufRpcEngine.java:484) [hadoop-common-3.3.6.jar:?]
	at org.apache.hadoop.ipc.ProtobufRpcEngine2$Server$ProtoBufRpcInvoker.call(ProtobufRpcEngine2.java:595) [hadoop-common-3.3.6.jar:?]
	at org.apache.hadoop.ipc.ProtobufRpcEngine2$Server$ProtoBufRpcInvoker.call(ProtobufRpcEngine2.java:573) [hadoop-common-3.3.6.jar:?]
	at org.apache.hadoop.ipc.RPC$Server.call(RPC.java:1227) [hadoop-common-3.3.6.jar:?]
	at org.apache.hadoop.ipc.Server$RpcCall.run(Server.java:1094) [hadoop-common-3.3.6.jar:?]
	at org.apache.hadoop.ipc.Server$RpcCall.run(Server.java:1017) [hadoop-common-3.3.6.jar:?]
	at java.security.AccessController.doPrivileged(Native Method) ~[?:1.8.0_372]
	at javax.security.auth.Subject.doAs(Subject.java:422) [?:1.8.0_372]
	at org.apache.hadoop.security.UserGroupInformation.doAs(UserGroupInformation.java:1899) [hadoop-common-3.3.6.jar:?]
	at org.apache.hadoop.ipc.Server$Handler.run(Server.java:3048) [hadoop-common-3.3.6.jar:?]
10:55:38.533 [IPC Server handler 9 on default port 15004] ERROR OMAudit - user=runner | ip=127.0.0.1 | op=GET_FILE_STATUS {volume=volume25555, bucket=bucket68101, key=gdir1/dir4/child, dataSize=0, replicationConfig=null} | ret=FAILURE
org.apache.hadoop.ozone.om.exceptions.OMException: Unable to get file status: volume: volume25555 bucket: bucket68101 key: gdir1/dir4/child
	at org.apache.hadoop.ozone.om.KeyManagerImpl.getOzoneFileStatusFSO(KeyManagerImpl.java:1311) ~[ozone-manager-1.4.0-SNAPSHOT.jar:?]
	at org.apache.hadoop.ozone.om.KeyManagerImpl.getFileStatus(KeyManagerImpl.java:1102) ~[ozone-manager-1.4.0-SNAPSHOT.jar:?]
	at org.apache.hadoop.ozone.om.OmMetadataReader.getFileStatus(OmMetadataReader.java:262) ~[ozone-manager-1.4.0-SNAPSHOT.jar:?]
	at org.apache.hadoop.ozone.om.OzoneManager.getFileStatus(OzoneManager.java:3527) ~[ozone-manager-1.4.0-SNAPSHOT.jar:?]
	at org.apache.hadoop.ozone.protocolPB.OzoneManagerRequestHandler.getOzoneFileStatus(OzoneManagerRequestHandler.java:973) ~[ozone-manager-1.4.0-SNAPSHOT.jar:?]
	at org.apache.hadoop.ozone.protocolPB.OzoneManagerRequestHandler.handleReadRequest(OzoneManagerRequestHandler.java:252) ~[ozone-manager-1.4.0-SNAPSHOT.jar:?]
	at org.apache.hadoop.ozone.protocolPB.OzoneManagerProtocolServerSideTranslatorPB.submitReadRequestToOM(OzoneManagerProtocolServerSideTranslatorPB.java:225) ~[ozone-manager-1.4.0-SNAPSHOT.jar:?]
	at org.apache.hadoop.ozone.protocolPB.OzoneManagerProtocolServerSideTranslatorPB.processRequest(OzoneManagerProtocolServerSideTranslatorPB.java:179) ~[ozone-manager-1.4.0-SNAPSHOT.jar:?]
	at org.apache.hadoop.hdds.server.OzoneProtocolMessageDispatcher.processRequest(OzoneProtocolMessageDispatcher.java:87) [hdds-server-framework-1.4.0-SNAPSHOT.jar:?]
	at org.apache.hadoop.ozone.protocolPB.OzoneManagerProtocolServerSideTranslatorPB.submitRequest(OzoneManagerProtocolServerSideTranslatorPB.java:148) [ozone-manager-1.4.0-SNAPSHOT.jar:?]
	at org.apache.hadoop.ozone.protocol.proto.OzoneManagerProtocolProtos$OzoneManagerService$2.callBlockingMethod(OzoneManagerProtocolProtos.java) [ozone-interface-client-1.4.0-SNAPSHOT.jar:?]
	at org.apache.hadoop.ipc.ProtobufRpcEngine$Server.processCall(ProtobufRpcEngine.java:484) [hadoop-common-3.3.6.jar:?]
	at org.apache.hadoop.ipc.ProtobufRpcEngine2$Server$ProtoBufRpcInvoker.call(ProtobufRpcEngine2.java:595) [hadoop-common-3.3.6.jar:?]
	at org.apache.hadoop.ipc.ProtobufRpcEngine2$Server$ProtoBufRpcInvoker.call(ProtobufRpcEngine2.java:573) [hadoop-common-3.3.6.jar:?]
	at org.apache.hadoop.ipc.RPC$Server.call(RPC.java:1227) [hadoop-common-3.3.6.jar:?]
	at org.apache.hadoop.ipc.Server$RpcCall.run(Server.java:1094) [hadoop-common-3.3.6.jar:?]
	at org.apache.hadoop.ipc.Server$RpcCall.run(Server.java:1017) [hadoop-common-3.3.6.jar:?]
	at java.security.AccessController.doPrivileged(Native Method) ~[?:1.8.0_372]
	at javax.security.auth.Subject.doAs(Subject.java:422) [?:1.8.0_372]
	at org.apache.hadoop.security.UserGroupInformation.doAs(UserGroupInformation.java:1899) [hadoop-common-3.3.6.jar:?]
	at org.apache.hadoop.ipc.Server$Handler.run(Server.java:3048) [hadoop-common-3.3.6.jar:?]
10:55:38.535 [IPC Server handler 7 on default port 15004] ERROR OMAudit - user=runner | ip=127.0.0.1 | op=GET_FILE_STATUS {volume=volume25555, bucket=bucket68101, key=gdir1/dir5, dataSize=0, replicationConfig=null} | ret=FAILURE
org.apache.hadoop.ozone.om.exceptions.OMException: Unable to get file status: volume: volume25555 bucket: bucket68101 key: gdir1/dir5
	at org.apache.hadoop.ozone.om.KeyManagerImpl.getOzoneFileStatusFSO(KeyManagerImpl.java:1311) ~[ozone-manager-1.4.0-SNAPSHOT.jar:?]
	at org.apache.hadoop.ozone.om.KeyManagerImpl.getFileStatus(KeyManagerImpl.java:1102) ~[ozone-manager-1.4.0-SNAPSHOT.jar:?]
	at org.apache.hadoop.ozone.om.OmMetadataReader.getFileStatus(OmMetadataReader.java:262) ~[ozone-manager-1.4.0-SNAPSHOT.jar:?]
	at org.apache.hadoop.ozone.om.OzoneManager.getFileStatus(OzoneManager.java:3527) ~[ozone-manager-1.4.0-SNAPSHOT.jar:?]
	at org.apache.hadoop.ozone.protocolPB.OzoneManagerRequestHandler.getOzoneFileStatus(OzoneManagerRequestHandler.java:973) ~[ozone-manager-1.4.0-SNAPSHOT.jar:?]
	at org.apache.hadoop.ozone.protocolPB.OzoneManagerRequestHandler.handleReadRequest(OzoneManagerRequestHandler.java:252) ~[ozone-manager-1.4.0-SNAPSHOT.jar:?]
	at org.apache.hadoop.ozone.protocolPB.OzoneManagerProtocolServerSideTranslatorPB.submitReadRequestToOM(OzoneManagerProtocolServerSideTranslatorPB.java:225) ~[ozone-manager-1.4.0-SNAPSHOT.jar:?]
	at org.apache.hadoop.ozone.protocolPB.OzoneManagerProtocolServerSideTranslatorPB.processRequest(OzoneManagerProtocolServerSideTranslatorPB.java:179) ~[ozone-manager-1.4.0-SNAPSHOT.jar:?]
	at org.apache.hadoop.hdds.server.OzoneProtocolMessageDispatcher.processRequest(OzoneProtocolMessageDispatcher.java:87) [hdds-server-framework-1.4.0-SNAPSHOT.jar:?]
	at org.apache.hadoop.ozone.protocolPB.OzoneManagerProtocolServerSideTranslatorPB.submitRequest(OzoneManagerProtocolServerSideTranslatorPB.java:148) [ozone-manager-1.4.0-SNAPSHOT.jar:?]
	at org.apache.hadoop.ozone.protocol.proto.OzoneManagerProtocolProtos$OzoneManagerService$2.callBlockingMethod(OzoneManagerProtocolProtos.java) [ozone-interface-client-1.4.0-SNAPSHOT.jar:?]
	at org.apache.hadoop.ipc.ProtobufRpcEngine$Server.processCall(ProtobufRpcEngine.java:484) [hadoop-common-3.3.6.jar:?]
	at org.apache.hadoop.ipc.ProtobufRpcEngine2$Server$ProtoBufRpcInvoker.call(ProtobufRpcEngine2.java:595) [hadoop-common-3.3.6.jar:?]
	at org.apache.hadoop.ipc.ProtobufRpcEngine2$Server$ProtoBufRpcInvoker.call(ProtobufRpcEngine2.java:573) [hadoop-common-3.3.6.jar:?]
	at org.apache.hadoop.ipc.RPC$Server.call(RPC.java:1227) [hadoop-common-3.3.6.jar:?]
	at org.apache.hadoop.ipc.Server$RpcCall.run(Server.java:1094) [hadoop-common-3.3.6.jar:?]
	at org.apache.hadoop.ipc.Server$RpcCall.run(Server.java:1017) [hadoop-common-3.3.6.jar:?]
	at java.security.AccessController.doPrivileged(Native Method) ~[?:1.8.0_372]
	at javax.security.auth.Subject.doAs(Subject.java:422) [?:1.8.0_372]
	at org.apache.hadoop.security.UserGroupInformation.doAs(UserGroupInformation.java:1899) [hadoop-common-3.3.6.jar:?]
	at org.apache.hadoop.ipc.Server$Handler.run(Server.java:3048) [hadoop-common-3.3.6.jar:?]
10:55:38.537 [IPC Server handler 8 on default port 15004] ERROR OMAudit - user=runner | ip=127.0.0.1 | op=GET_FILE_STATUS {volume=volume25555, bucket=bucket68101, key=gdir1/dir5/child, dataSize=0, replicationConfig=null} | ret=FAILURE
org.apache.hadoop.ozone.om.exceptions.OMException: Unable to get file status: volume: volume25555 bucket: bucket68101 key: gdir1/dir5/child
	at org.apache.hadoop.ozone.om.KeyManagerImpl.getOzoneFileStatusFSO(KeyManagerImpl.java:1311) ~[ozone-manager-1.4.0-SNAPSHOT.jar:?]
	at org.apache.hadoop.ozone.om.KeyManagerImpl.getFileStatus(KeyManagerImpl.java:1102) ~[ozone-manager-1.4.0-SNAPSHOT.jar:?]
	at org.apache.hadoop.ozone.om.OmMetadataReader.getFileStatus(OmMetadataReader.java:262) ~[ozone-manager-1.4.0-SNAPSHOT.jar:?]
	at org.apache.hadoop.ozone.om.OzoneManager.getFileStatus(OzoneManager.java:3527) ~[ozone-manager-1.4.0-SNAPSHOT.jar:?]
	at org.apache.hadoop.ozone.protocolPB.OzoneManagerRequestHandler.getOzoneFileStatus(OzoneManagerRequestHandler.java:973) ~[ozone-manager-1.4.0-SNAPSHOT.jar:?]
	at org.apache.hadoop.ozone.protocolPB.OzoneManagerRequestHandler.handleReadRequest(OzoneManagerRequestHandler.java:252) ~[ozone-manager-1.4.0-SNAPSHOT.jar:?]
	at org.apache.hadoop.ozone.protocolPB.OzoneManagerProtocolServerSideTranslatorPB.submitReadRequestToOM(OzoneManagerProtocolServerSideTranslatorPB.java:225) ~[ozone-manager-1.4.0-SNAPSHOT.jar:?]
	at org.apache.hadoop.ozone.protocolPB.OzoneManagerProtocolServerSideTranslatorPB.processRequest(OzoneManagerProtocolServerSideTranslatorPB.java:179) ~[ozone-manager-1.4.0-SNAPSHOT.jar:?]
	at org.apache.hadoop.hdds.server.OzoneProtocolMessageDispatcher.processRequest(OzoneProtocolMessageDispatcher.java:87) [hdds-server-framework-1.4.0-SNAPSHOT.jar:?]
	at org.apache.hadoop.ozone.protocolPB.OzoneManagerProtocolServerSideTranslatorPB.submitRequest(OzoneManagerProtocolServerSideTranslatorPB.java:148) [ozone-manager-1.4.0-SNAPSHOT.jar:?]
	at org.apache.hadoop.ozone.protocol.proto.OzoneManagerProtocolProtos$OzoneManagerService$2.callBlockingMethod(OzoneManagerProtocolProtos.java) [ozone-interface-client-1.4.0-SNAPSHOT.jar:?]
	at org.apache.hadoop.ipc.ProtobufRpcEngine$Server.processCall(ProtobufRpcEngine.java:484) [hadoop-common-3.3.6.jar:?]
	at org.apache.hadoop.ipc.ProtobufRpcEngine2$Server$ProtoBufRpcInvoker.call(ProtobufRpcEngine2.java:595) [hadoop-common-3.3.6.jar:?]
	at org.apache.hadoop.ipc.ProtobufRpcEngine2$Server$ProtoBufRpcInvoker.call(ProtobufRpcEngine2.java:573) [hadoop-common-3.3.6.jar:?]
	at org.apache.hadoop.ipc.RPC$Server.call(RPC.java:1227) [hadoop-common-3.3.6.jar:?]
	at org.apache.hadoop.ipc.Server$RpcCall.run(Server.java:1094) [hadoop-common-3.3.6.jar:?]
	at org.apache.hadoop.ipc.Server$RpcCall.run(Server.java:1017) [hadoop-common-3.3.6.jar:?]
	at java.security.AccessController.doPrivileged(Native Method) ~[?:1.8.0_372]
	at javax.security.auth.Subject.doAs(Subject.java:422) [?:1.8.0_372]
	at org.apache.hadoop.security.UserGroupInformation.doAs(UserGroupInformation.java:1899) [hadoop-common-3.3.6.jar:?]
	at org.apache.hadoop.ipc.Server$Handler.run(Server.java:3048) [hadoop-common-3.3.6.jar:?]
10:55:38.539 [IPC Server handler 15 on default port 15004] ERROR OMAudit - user=runner | ip=127.0.0.1 | op=GET_FILE_STATUS {volume=volume25555, bucket=bucket68101, key=gdir1/dir6, dataSize=0, replicationConfig=null} | ret=FAILURE
org.apache.hadoop.ozone.om.exceptions.OMException: Unable to get file status: volume: volume25555 bucket: bucket68101 key: gdir1/dir6
	at org.apache.hadoop.ozone.om.KeyManagerImpl.getOzoneFileStatusFSO(KeyManagerImpl.java:1311) ~[ozone-manager-1.4.0-SNAPSHOT.jar:?]
	at org.apache.hadoop.ozone.om.KeyManagerImpl.getFileStatus(KeyManagerImpl.java:1102) ~[ozone-manager-1.4.0-SNAPSHOT.jar:?]
	at org.apache.hadoop.ozone.om.OmMetadataReader.getFileStatus(OmMetadataReader.java:262) ~[ozone-manager-1.4.0-SNAPSHOT.jar:?]
	at org.apache.hadoop.ozone.om.OzoneManager.getFileStatus(OzoneManager.java:3527) ~[ozone-manager-1.4.0-SNAPSHOT.jar:?]
	at org.apache.hadoop.ozone.protocolPB.OzoneManagerRequestHandler.getOzoneFileStatus(OzoneManagerRequestHandler.java:973) ~[ozone-manager-1.4.0-SNAPSHOT.jar:?]
	at org.apache.hadoop.ozone.protocolPB.OzoneManagerRequestHandler.handleReadRequest(OzoneManagerRequestHandler.java:252) ~[ozone-manager-1.4.0-SNAPSHOT.jar:?]
	at org.apache.hadoop.ozone.protocolPB.OzoneManagerProtocolServerSideTranslatorPB.submitReadRequestToOM(OzoneManagerProtocolServerSideTranslatorPB.java:225) ~[ozone-manager-1.4.0-SNAPSHOT.jar:?]
	at org.apache.hadoop.ozone.protocolPB.OzoneManagerProtocolServerSideTranslatorPB.processRequest(OzoneManagerProtocolServerSideTranslatorPB.java:179) ~[ozone-manager-1.4.0-SNAPSHOT.jar:?]
	at org.apache.hadoop.hdds.server.OzoneProtocolMessageDispatcher.processRequest(OzoneProtocolMessageDispatcher.java:87) [hdds-server-framework-1.4.0-SNAPSHOT.jar:?]
	at org.apache.hadoop.ozone.protocolPB.OzoneManagerProtocolServerSideTranslatorPB.submitRequest(OzoneManagerProtocolServerSideTranslatorPB.java:148) [ozone-manager-1.4.0-SNAPSHOT.jar:?]
	at org.apache.hadoop.ozone.protocol.proto.OzoneManagerProtocolProtos$OzoneManagerService$2.callBlockingMethod(OzoneManagerProtocolProtos.java) [ozone-interface-client-1.4.0-SNAPSHOT.jar:?]
	at org.apache.hadoop.ipc.ProtobufRpcEngine$Server.processCall(ProtobufRpcEngine.java:484) [hadoop-common-3.3.6.jar:?]
	at org.apache.hadoop.ipc.ProtobufRpcEngine2$Server$ProtoBufRpcInvoker.call(ProtobufRpcEngine2.java:595) [hadoop-common-3.3.6.jar:?]
	at org.apache.hadoop.ipc.ProtobufRpcEngine2$Server$ProtoBufRpcInvoker.call(ProtobufRpcEngine2.java:573) [hadoop-common-3.3.6.jar:?]
	at org.apache.hadoop.ipc.RPC$Server.call(RPC.java:1227) [hadoop-common-3.3.6.jar:?]
	at org.apache.hadoop.ipc.Server$RpcCall.run(Server.java:1094) [hadoop-common-3.3.6.jar:?]
	at org.apache.hadoop.ipc.Server$RpcCall.run(Server.java:1017) [hadoop-common-3.3.6.jar:?]
	at java.security.AccessController.doPrivileged(Native Method) ~[?:1.8.0_372]
	at javax.security.auth.Subject.doAs(Subject.java:422) [?:1.8.0_372]
	at org.apache.hadoop.security.UserGroupInformation.doAs(UserGroupInformation.java:1899) [hadoop-common-3.3.6.jar:?]
	at org.apache.hadoop.ipc.Server$Handler.run(Server.java:3048) [hadoop-common-3.3.6.jar:?]
10:55:38.543 [IPC Server handler 11 on default port 15004] ERROR OMAudit - user=runner | ip=127.0.0.1 | op=GET_FILE_STATUS {volume=volume25555, bucket=bucket68101, key=gdir1/dir6/child, dataSize=0, replicationConfig=null} | ret=FAILURE
org.apache.hadoop.ozone.om.exceptions.OMException: Unable to get file status: volume: volume25555 bucket: bucket68101 key: gdir1/dir6/child
	at org.apache.hadoop.ozone.om.KeyManagerImpl.getOzoneFileStatusFSO(KeyManagerImpl.java:1311) ~[ozone-manager-1.4.0-SNAPSHOT.jar:?]
	at org.apache.hadoop.ozone.om.KeyManagerImpl.getFileStatus(KeyManagerImpl.java:1102) ~[ozone-manager-1.4.0-SNAPSHOT.jar:?]
	at org.apache.hadoop.ozone.om.OmMetadataReader.getFileStatus(OmMetadataReader.java:262) ~[ozone-manager-1.4.0-SNAPSHOT.jar:?]
	at org.apache.hadoop.ozone.om.OzoneManager.getFileStatus(OzoneManager.java:3527) ~[ozone-manager-1.4.0-SNAPSHOT.jar:?]
	at org.apache.hadoop.ozone.protocolPB.OzoneManagerRequestHandler.getOzoneFileStatus(OzoneManagerRequestHandler.java:973) ~[ozone-manager-1.4.0-SNAPSHOT.jar:?]
	at org.apache.hadoop.ozone.protocolPB.OzoneManagerRequestHandler.handleReadRequest(OzoneManagerRequestHandler.java:252) ~[ozone-manager-1.4.0-SNAPSHOT.jar:?]
	at org.apache.hadoop.ozone.protocolPB.OzoneManagerProtocolServerSideTranslatorPB.submitReadRequestToOM(OzoneManagerProtocolServerSideTranslatorPB.java:225) ~[ozone-manager-1.4.0-SNAPSHOT.jar:?]
	at org.apache.hadoop.ozone.protocolPB.OzoneManagerProtocolServerSideTranslatorPB.processRequest(OzoneManagerProtocolServerSideTranslatorPB.java:179) ~[ozone-manager-1.4.0-SNAPSHOT.jar:?]
	at org.apache.hadoop.hdds.server.OzoneProtocolMessageDispatcher.processRequest(OzoneProtocolMessageDispatcher.java:87) [hdds-server-framework-1.4.0-SNAPSHOT.jar:?]
	at org.apache.hadoop.ozone.protocolPB.OzoneManagerProtocolServerSideTranslatorPB.submitRequest(OzoneManagerProtocolServerSideTranslatorPB.java:148) [ozone-manager-1.4.0-SNAPSHOT.jar:?]
	at org.apache.hadoop.ozone.protocol.proto.OzoneManagerProtocolProtos$OzoneManagerService$2.callBlockingMethod(OzoneManagerProtocolProtos.java) [ozone-interface-client-1.4.0-SNAPSHOT.jar:?]
	at org.apache.hadoop.ipc.ProtobufRpcEngine$Server.processCall(ProtobufRpcEngine.java:484) [hadoop-common-3.3.6.jar:?]
	at org.apache.hadoop.ipc.ProtobufRpcEngine2$Server$ProtoBufRpcInvoker.call(ProtobufRpcEngine2.java:595) [hadoop-common-3.3.6.jar:?]
	at org.apache.hadoop.ipc.ProtobufRpcEngine2$Server$ProtoBufRpcInvoker.call(ProtobufRpcEngine2.java:573) [hadoop-common-3.3.6.jar:?]
	at org.apache.hadoop.ipc.RPC$Server.call(RPC.java:1227) [hadoop-common-3.3.6.jar:?]
	at org.apache.hadoop.ipc.Server$RpcCall.run(Server.java:1094) [hadoop-common-3.3.6.jar:?]
	at org.apache.hadoop.ipc.Server$RpcCall.run(Server.java:1017) [hadoop-common-3.3.6.jar:?]
	at java.security.AccessController.doPrivileged(Native Method) ~[?:1.8.0_372]
	at javax.security.auth.Subject.doAs(Subject.java:422) [?:1.8.0_372]
	at org.apache.hadoop.security.UserGroupInformation.doAs(UserGroupInformation.java:1899) [hadoop-common-3.3.6.jar:?]
	at org.apache.hadoop.ipc.Server$Handler.run(Server.java:3048) [hadoop-common-3.3.6.jar:?]
10:55:38.545 [IPC Server handler 13 on default port 15004] ERROR OMAudit - user=runner | ip=127.0.0.1 | op=GET_FILE_STATUS {volume=volume25555, bucket=bucket68101, key=gdir1/dir7, dataSize=0, replicationConfig=null} | ret=FAILURE
org.apache.hadoop.ozone.om.exceptions.OMException: Unable to get file status: volume: volume25555 bucket: bucket68101 key: gdir1/dir7
	at org.apache.hadoop.ozone.om.KeyManagerImpl.getOzoneFileStatusFSO(KeyManagerImpl.java:1311) ~[ozone-manager-1.4.0-SNAPSHOT.jar:?]
	at org.apache.hadoop.ozone.om.KeyManagerImpl.getFileStatus(KeyManagerImpl.java:1102) ~[ozone-manager-1.4.0-SNAPSHOT.jar:?]
	at org.apache.hadoop.ozone.om.OmMetadataReader.getFileStatus(OmMetadataReader.java:262) ~[ozone-manager-1.4.0-SNAPSHOT.jar:?]
	at org.apache.hadoop.ozone.om.OzoneManager.getFileStatus(OzoneManager.java:3527) ~[ozone-manager-1.4.0-SNAPSHOT.jar:?]
	at org.apache.hadoop.ozone.protocolPB.OzoneManagerRequestHandler.getOzoneFileStatus(OzoneManagerRequestHandler.java:973) ~[ozone-manager-1.4.0-SNAPSHOT.jar:?]
	at org.apache.hadoop.ozone.protocolPB.OzoneManagerRequestHandler.handleReadRequest(OzoneManagerRequestHandler.java:252) ~[ozone-manager-1.4.0-SNAPSHOT.jar:?]
	at org.apache.hadoop.ozone.protocolPB.OzoneManagerProtocolServerSideTranslatorPB.submitReadRequestToOM(OzoneManagerProtocolServerSideTranslatorPB.java:225) ~[ozone-manager-1.4.0-SNAPSHOT.jar:?]
	at org.apache.hadoop.ozone.protocolPB.OzoneManagerProtocolServerSideTranslatorPB.processRequest(OzoneManagerProtocolServerSideTranslatorPB.java:179) ~[ozone-manager-1.4.0-SNAPSHOT.jar:?]
	at org.apache.hadoop.hdds.server.OzoneProtocolMessageDispatcher.processRequest(OzoneProtocolMessageDispatcher.java:87) [hdds-server-framework-1.4.0-SNAPSHOT.jar:?]
	at org.apache.hadoop.ozone.protocolPB.OzoneManagerProtocolServerSideTranslatorPB.submitRequest(OzoneManagerProtocolServerSideTranslatorPB.java:148) [ozone-manager-1.4.0-SNAPSHOT.jar:?]
	at org.apache.hadoop.ozone.protocol.proto.OzoneManagerProtocolProtos$OzoneManagerService$2.callBlockingMethod(OzoneManagerProtocolProtos.java) [ozone-interface-client-1.4.0-SNAPSHOT.jar:?]
	at org.apache.hadoop.ipc.ProtobufRpcEngine$Server.processCall(ProtobufRpcEngine.java:484) [hadoop-common-3.3.6.jar:?]
	at org.apache.hadoop.ipc.ProtobufRpcEngine2$Server$ProtoBufRpcInvoker.call(ProtobufRpcEngine2.java:595) [hadoop-common-3.3.6.jar:?]
	at org.apache.hadoop.ipc.ProtobufRpcEngine2$Server$ProtoBufRpcInvoker.call(ProtobufRpcEngine2.java:573) [hadoop-common-3.3.6.jar:?]
	at org.apache.hadoop.ipc.RPC$Server.call(RPC.java:1227) [hadoop-common-3.3.6.jar:?]
	at org.apache.hadoop.ipc.Server$RpcCall.run(Server.java:1094) [hadoop-common-3.3.6.jar:?]
	at org.apache.hadoop.ipc.Server$RpcCall.run(Server.java:1017) [hadoop-common-3.3.6.jar:?]
	at java.security.AccessController.doPrivileged(Native Method) ~[?:1.8.0_372]
	at javax.security.auth.Subject.doAs(Subject.java:422) [?:1.8.0_372]
	at org.apache.hadoop.security.UserGroupInformation.doAs(UserGroupInformation.java:1899) [hadoop-common-3.3.6.jar:?]
	at org.apache.hadoop.ipc.Server$Handler.run(Server.java:3048) [hadoop-common-3.3.6.jar:?]
10:55:38.551 [IPC Server handler 16 on default port 15004] ERROR OMAudit - user=runner | ip=127.0.0.1 | op=GET_FILE_STATUS {volume=volume25555, bucket=bucket68101, key=gdir1/dir7/child, dataSize=0, replicationConfig=null} | ret=FAILURE
org.apache.hadoop.ozone.om.exceptions.OMException: Unable to get file status: volume: volume25555 bucket: bucket68101 key: gdir1/dir7/child
	at org.apache.hadoop.ozone.om.KeyManagerImpl.getOzoneFileStatusFSO(KeyManagerImpl.java:1311) ~[ozone-manager-1.4.0-SNAPSHOT.jar:?]
	at org.apache.hadoop.ozone.om.KeyManagerImpl.getFileStatus(KeyManagerImpl.java:1102) ~[ozone-manager-1.4.0-SNAPSHOT.jar:?]
	at org.apache.hadoop.ozone.om.OmMetadataReader.getFileStatus(OmMetadataReader.java:262) ~[ozone-manager-1.4.0-SNAPSHOT.jar:?]
	at org.apache.hadoop.ozone.om.OzoneManager.getFileStatus(OzoneManager.java:3527) ~[ozone-manager-1.4.0-SNAPSHOT.jar:?]
	at org.apache.hadoop.ozone.protocolPB.OzoneManagerRequestHandler.getOzoneFileStatus(OzoneManagerRequestHandler.java:973) ~[ozone-manager-1.4.0-SNAPSHOT.jar:?]
	at org.apache.hadoop.ozone.protocolPB.OzoneManagerRequestHandler.handleReadRequest(OzoneManagerRequestHandler.java:252) ~[ozone-manager-1.4.0-SNAPSHOT.jar:?]
	at org.apache.hadoop.ozone.protocolPB.OzoneManagerProtocolServerSideTranslatorPB.submitReadRequestToOM(OzoneManagerProtocolServerSideTranslatorPB.java:225) ~[ozone-manager-1.4.0-SNAPSHOT.jar:?]
	at org.apache.hadoop.ozone.protocolPB.OzoneManagerProtocolServerSideTranslatorPB.processRequest(OzoneManagerProtocolServerSideTranslatorPB.java:179) ~[ozone-manager-1.4.0-SNAPSHOT.jar:?]
	at org.apache.hadoop.hdds.server.OzoneProtocolMessageDispatcher.processRequest(OzoneProtocolMessageDispatcher.java:87) [hdds-server-framework-1.4.0-SNAPSHOT.jar:?]
	at org.apache.hadoop.ozone.protocolPB.OzoneManagerProtocolServerSideTranslatorPB.submitRequest(OzoneManagerProtocolServerSideTranslatorPB.java:148) [ozone-manager-1.4.0-SNAPSHOT.jar:?]
	at org.apache.hadoop.ozone.protocol.proto.OzoneManagerProtocolProtos$OzoneManagerService$2.callBlockingMethod(OzoneManagerProtocolProtos.java) [ozone-interface-client-1.4.0-SNAPSHOT.jar:?]
	at org.apache.hadoop.ipc.ProtobufRpcEngine$Server.processCall(ProtobufRpcEngine.java:484) [hadoop-common-3.3.6.jar:?]
	at org.apache.hadoop.ipc.ProtobufRpcEngine2$Server$ProtoBufRpcInvoker.call(ProtobufRpcEngine2.java:595) [hadoop-common-3.3.6.jar:?]
	at org.apache.hadoop.ipc.ProtobufRpcEngine2$Server$ProtoBufRpcInvoker.call(ProtobufRpcEngine2.java:573) [hadoop-common-3.3.6.jar:?]
	at org.apache.hadoop.ipc.RPC$Server.call(RPC.java:1227) [hadoop-common-3.3.6.jar:?]
	at org.apache.hadoop.ipc.Server$RpcCall.run(Server.java:1094) [hadoop-common-3.3.6.jar:?]
	at org.apache.hadoop.ipc.Server$RpcCall.run(Server.java:1017) [hadoop-common-3.3.6.jar:?]
	at java.security.AccessController.doPrivileged(Native Method) ~[?:1.8.0_372]
	at javax.security.auth.Subject.doAs(Subject.java:422) [?:1.8.0_372]
	at org.apache.hadoop.security.UserGroupInformation.doAs(UserGroupInformation.java:1899) [hadoop-common-3.3.6.jar:?]
	at org.apache.hadoop.ipc.Server$Handler.run(Server.java:3048) [hadoop-common-3.3.6.jar:?]
10:55:38.553 [IPC Server handler 14 on default port 15004] ERROR OMAudit - user=runner | ip=127.0.0.1 | op=GET_FILE_STATUS {volume=volume25555, bucket=bucket68101, key=gdir1/dir8, dataSize=0, replicationConfig=null} | ret=FAILURE
org.apache.hadoop.ozone.om.exceptions.OMException: Unable to get file status: volume: volume25555 bucket: bucket68101 key: gdir1/dir8
	at org.apache.hadoop.ozone.om.KeyManagerImpl.getOzoneFileStatusFSO(KeyManagerImpl.java:1311) ~[ozone-manager-1.4.0-SNAPSHOT.jar:?]
	at org.apache.hadoop.ozone.om.KeyManagerImpl.getFileStatus(KeyManagerImpl.java:1102) ~[ozone-manager-1.4.0-SNAPSHOT.jar:?]
	at org.apache.hadoop.ozone.om.OmMetadataReader.getFileStatus(OmMetadataReader.java:262) ~[ozone-manager-1.4.0-SNAPSHOT.jar:?]
	at org.apache.hadoop.ozone.om.OzoneManager.getFileStatus(OzoneManager.java:3527) ~[ozone-manager-1.4.0-SNAPSHOT.jar:?]
	at org.apache.hadoop.ozone.protocolPB.OzoneManagerRequestHandler.getOzoneFileStatus(OzoneManagerRequestHandler.java:973) ~[ozone-manager-1.4.0-SNAPSHOT.jar:?]
	at org.apache.hadoop.ozone.protocolPB.OzoneManagerRequestHandler.handleReadRequest(OzoneManagerRequestHandler.java:252) ~[ozone-manager-1.4.0-SNAPSHOT.jar:?]
	at org.apache.hadoop.ozone.protocolPB.OzoneManagerProtocolServerSideTranslatorPB.submitReadRequestToOM(OzoneManagerProtocolServerSideTranslatorPB.java:225) ~[ozone-manager-1.4.0-SNAPSHOT.jar:?]
	at org.apache.hadoop.ozone.protocolPB.OzoneManagerProtocolServerSideTranslatorPB.processRequest(OzoneManagerProtocolServerSideTranslatorPB.java:179) ~[ozone-manager-1.4.0-SNAPSHOT.jar:?]
	at org.apache.hadoop.hdds.server.OzoneProtocolMessageDispatcher.processRequest(OzoneProtocolMessageDispatcher.java:87) [hdds-server-framework-1.4.0-SNAPSHOT.jar:?]
	at org.apache.hadoop.ozone.protocolPB.OzoneManagerProtocolServerSideTranslatorPB.submitRequest(OzoneManagerProtocolServerSideTranslatorPB.java:148) [ozone-manager-1.4.0-SNAPSHOT.jar:?]
	at org.apache.hadoop.ozone.protocol.proto.OzoneManagerProtocolProtos$OzoneManagerService$2.callBlockingMethod(OzoneManagerProtocolProtos.java) [ozone-interface-client-1.4.0-SNAPSHOT.jar:?]
	at org.apache.hadoop.ipc.ProtobufRpcEngine$Server.processCall(ProtobufRpcEngine.java:484) [hadoop-common-3.3.6.jar:?]
	at org.apache.hadoop.ipc.ProtobufRpcEngine2$Server$ProtoBufRpcInvoker.call(ProtobufRpcEngine2.java:595) [hadoop-common-3.3.6.jar:?]
	at org.apache.hadoop.ipc.ProtobufRpcEngine2$Server$ProtoBufRpcInvoker.call(ProtobufRpcEngine2.java:573) [hadoop-common-3.3.6.jar:?]
	at org.apache.hadoop.ipc.RPC$Server.call(RPC.java:1227) [hadoop-common-3.3.6.jar:?]
	at org.apache.hadoop.ipc.Server$RpcCall.run(Server.java:1094) [hadoop-common-3.3.6.jar:?]
	at org.apache.hadoop.ipc.Server$RpcCall.run(Server.java:1017) [hadoop-common-3.3.6.jar:?]
	at java.security.AccessController.doPrivileged(Native Method) ~[?:1.8.0_372]
	at javax.security.auth.Subject.doAs(Subject.java:422) [?:1.8.0_372]
	at org.apache.hadoop.security.UserGroupInformation.doAs(UserGroupInformation.java:1899) [hadoop-common-3.3.6.jar:?]
	at org.apache.hadoop.ipc.Server$Handler.run(Server.java:3048) [hadoop-common-3.3.6.jar:?]
10:55:38.561 [IPC Server handler 18 on default port 15004] ERROR OMAudit - user=runner | ip=127.0.0.1 | op=GET_FILE_STATUS {volume=volume25555, bucket=bucket68101, key=gdir1/dir8/child, dataSize=0, replicationConfig=null} | ret=FAILURE
org.apache.hadoop.ozone.om.exceptions.OMException: Unable to get file status: volume: volume25555 bucket: bucket68101 key: gdir1/dir8/child
	at org.apache.hadoop.ozone.om.KeyManagerImpl.getOzoneFileStatusFSO(KeyManagerImpl.java:1311) ~[ozone-manager-1.4.0-SNAPSHOT.jar:?]
	at org.apache.hadoop.ozone.om.KeyManagerImpl.getFileStatus(KeyManagerImpl.java:1102) ~[ozone-manager-1.4.0-SNAPSHOT.jar:?]
	at org.apache.hadoop.ozone.om.OmMetadataReader.getFileStatus(OmMetadataReader.java:262) ~[ozone-manager-1.4.0-SNAPSHOT.jar:?]
	at org.apache.hadoop.ozone.om.OzoneManager.getFileStatus(OzoneManager.java:3527) ~[ozone-manager-1.4.0-SNAPSHOT.jar:?]
	at org.apache.hadoop.ozone.protocolPB.OzoneManagerRequestHandler.getOzoneFileStatus(OzoneManagerRequestHandler.java:973) ~[ozone-manager-1.4.0-SNAPSHOT.jar:?]
	at org.apache.hadoop.ozone.protocolPB.OzoneManagerRequestHandler.handleReadRequest(OzoneManagerRequestHandler.java:252) ~[ozone-manager-1.4.0-SNAPSHOT.jar:?]
	at org.apache.hadoop.ozone.protocolPB.OzoneManagerProtocolServerSideTranslatorPB.submitReadRequestToOM(OzoneManagerProtocolServerSideTranslatorPB.java:225) ~[ozone-manager-1.4.0-SNAPSHOT.jar:?]
	at org.apache.hadoop.ozone.protocolPB.OzoneManagerProtocolServerSideTranslatorPB.processRequest(OzoneManagerProtocolServerSideTranslatorPB.java:179) ~[ozone-manager-1.4.0-SNAPSHOT.jar:?]
	at org.apache.hadoop.hdds.server.OzoneProtocolMessageDispatcher.processRequest(OzoneProtocolMessageDispatcher.java:87) [hdds-server-framework-1.4.0-SNAPSHOT.jar:?]
	at org.apache.hadoop.ozone.protocolPB.OzoneManagerProtocolServerSideTranslatorPB.submitRequest(OzoneManagerProtocolServerSideTranslatorPB.java:148) [ozone-manager-1.4.0-SNAPSHOT.jar:?]
	at org.apache.hadoop.ozone.protocol.proto.OzoneManagerProtocolProtos$OzoneManagerService$2.callBlockingMethod(OzoneManagerProtocolProtos.java) [ozone-interface-client-1.4.0-SNAPSHOT.jar:?]
	at org.apache.hadoop.ipc.ProtobufRpcEngine$Server.processCall(ProtobufRpcEngine.java:484) [hadoop-common-3.3.6.jar:?]
	at org.apache.hadoop.ipc.ProtobufRpcEngine2$Server$ProtoBufRpcInvoker.call(ProtobufRpcEngine2.java:595) [hadoop-common-3.3.6.jar:?]
	at org.apache.hadoop.ipc.ProtobufRpcEngine2$Server$ProtoBufRpcInvoker.call(ProtobufRpcEngine2.java:573) [hadoop-common-3.3.6.jar:?]
	at org.apache.hadoop.ipc.RPC$Server.call(RPC.java:1227) [hadoop-common-3.3.6.jar:?]
	at org.apache.hadoop.ipc.Server$RpcCall.run(Server.java:1094) [hadoop-common-3.3.6.jar:?]
	at org.apache.hadoop.ipc.Server$RpcCall.run(Server.java:1017) [hadoop-common-3.3.6.jar:?]
	at java.security.AccessController.doPrivileged(Native Method) ~[?:1.8.0_372]
	at javax.security.auth.Subject.doAs(Subject.java:422) [?:1.8.0_372]
	at org.apache.hadoop.security.UserGroupInformation.doAs(UserGroupInformation.java:1899) [hadoop-common-3.3.6.jar:?]
	at org.apache.hadoop.ipc.Server$Handler.run(Server.java:3048) [hadoop-common-3.3.6.jar:?]
10:55:38.577 [IPC Server handler 19 on default port 15004] ERROR OMAudit - user=runner | ip=127.0.0.1 | op=GET_FILE_STATUS {volume=volume25555, bucket=bucket68101, key=gdir1/dir9, dataSize=0, replicationConfig=null} | ret=FAILURE
org.apache.hadoop.ozone.om.exceptions.OMException: Unable to get file status: volume: volume25555 bucket: bucket68101 key: gdir1/dir9
	at org.apache.hadoop.ozone.om.KeyManagerImpl.getOzoneFileStatusFSO(KeyManagerImpl.java:1311) ~[ozone-manager-1.4.0-SNAPSHOT.jar:?]
	at org.apache.hadoop.ozone.om.KeyManagerImpl.getFileStatus(KeyManagerImpl.java:1102) ~[ozone-manager-1.4.0-SNAPSHOT.jar:?]
	at org.apache.hadoop.ozone.om.OmMetadataReader.getFileStatus(OmMetadataReader.java:262) ~[ozone-manager-1.4.0-SNAPSHOT.jar:?]
	at org.apache.hadoop.ozone.om.OzoneManager.getFileStatus(OzoneManager.java:3527) ~[ozone-manager-1.4.0-SNAPSHOT.jar:?]
	at org.apache.hadoop.ozone.protocolPB.OzoneManagerRequestHandler.getOzoneFileStatus(OzoneManagerRequestHandler.java:973) ~[ozone-manager-1.4.0-SNAPSHOT.jar:?]
	at org.apache.hadoop.ozone.protocolPB.OzoneManagerRequestHandler.handleReadRequest(OzoneManagerRequestHandler.java:252) ~[ozone-manager-1.4.0-SNAPSHOT.jar:?]
	at org.apache.hadoop.ozone.protocolPB.OzoneManagerProtocolServerSideTranslatorPB.submitReadRequestToOM(OzoneManagerProtocolServerSideTranslatorPB.java:225) ~[ozone-manager-1.4.0-SNAPSHOT.jar:?]
	at org.apache.hadoop.ozone.protocolPB.OzoneManagerProtocolServerSideTranslatorPB.processRequest(OzoneManagerProtocolServerSideTranslatorPB.java:179) ~[ozone-manager-1.4.0-SNAPSHOT.jar:?]
	at org.apache.hadoop.hdds.server.OzoneProtocolMessageDispatcher.processRequest(OzoneProtocolMessageDispatcher.java:87) [hdds-server-framework-1.4.0-SNAPSHOT.jar:?]
	at org.apache.hadoop.ozone.protocolPB.OzoneManagerProtocolServerSideTranslatorPB.submitRequest(OzoneManagerProtocolServerSideTranslatorPB.java:148) [ozone-manager-1.4.0-SNAPSHOT.jar:?]
	at org.apache.hadoop.ozone.protocol.proto.OzoneManagerProtocolProtos$OzoneManagerService$2.callBlockingMethod(OzoneManagerProtocolProtos.java) [ozone-interface-client-1.4.0-SNAPSHOT.jar:?]
	at org.apache.hadoop.ipc.ProtobufRpcEngine$Server.processCall(ProtobufRpcEngine.java:484) [hadoop-common-3.3.6.jar:?]
	at org.apache.hadoop.ipc.ProtobufRpcEngine2$Server$ProtoBufRpcInvoker.call(ProtobufRpcEngine2.java:595) [hadoop-common-3.3.6.jar:?]
	at org.apache.hadoop.ipc.ProtobufRpcEngine2$Server$ProtoBufRpcInvoker.call(ProtobufRpcEngine2.java:573) [hadoop-common-3.3.6.jar:?]
	at org.apache.hadoop.ipc.RPC$Server.call(RPC.java:1227) [hadoop-common-3.3.6.jar:?]
	at org.apache.hadoop.ipc.Server$RpcCall.run(Server.java:1094) [hadoop-common-3.3.6.jar:?]
	at org.apache.hadoop.ipc.Server$RpcCall.run(Server.java:1017) [hadoop-common-3.3.6.jar:?]
	at java.security.AccessController.doPrivileged(Native Method) ~[?:1.8.0_372]
	at javax.security.auth.Subject.doAs(Subject.java:422) [?:1.8.0_372]
	at org.apache.hadoop.security.UserGroupInformation.doAs(UserGroupInformation.java:1899) [hadoop-common-3.3.6.jar:?]
	at org.apache.hadoop.ipc.Server$Handler.run(Server.java:3048) [hadoop-common-3.3.6.jar:?]
10:55:38.580 [IPC Server handler 5 on default port 15004] ERROR OMAudit - user=runner | ip=127.0.0.1 | op=GET_FILE_STATUS {volume=volume25555, bucket=bucket68101, key=gdir1/dir9/child, dataSize=0, replicationConfig=null} | ret=FAILURE
org.apache.hadoop.ozone.om.exceptions.OMException: Unable to get file status: volume: volume25555 bucket: bucket68101 key: gdir1/dir9/child
	at org.apache.hadoop.ozone.om.KeyManagerImpl.getOzoneFileStatusFSO(KeyManagerImpl.java:1311) ~[ozone-manager-1.4.0-SNAPSHOT.jar:?]
	at org.apache.hadoop.ozone.om.KeyManagerImpl.getFileStatus(KeyManagerImpl.java:1102) ~[ozone-manager-1.4.0-SNAPSHOT.jar:?]
	at org.apache.hadoop.ozone.om.OmMetadataReader.getFileStatus(OmMetadataReader.java:262) ~[ozone-manager-1.4.0-SNAPSHOT.jar:?]
	at org.apache.hadoop.ozone.om.OzoneManager.getFileStatus(OzoneManager.java:3527) ~[ozone-manager-1.4.0-SNAPSHOT.jar:?]
	at org.apache.hadoop.ozone.protocolPB.OzoneManagerRequestHandler.getOzoneFileStatus(OzoneManagerRequestHandler.java:973) ~[ozone-manager-1.4.0-SNAPSHOT.jar:?]
	at org.apache.hadoop.ozone.protocolPB.OzoneManagerRequestHandler.handleReadRequest(OzoneManagerRequestHandler.java:252) ~[ozone-manager-1.4.0-SNAPSHOT.jar:?]
	at org.apache.hadoop.ozone.protocolPB.OzoneManagerProtocolServerSideTranslatorPB.submitReadRequestToOM(OzoneManagerProtocolServerSideTranslatorPB.java:225) ~[ozone-manager-1.4.0-SNAPSHOT.jar:?]
	at org.apache.hadoop.ozone.protocolPB.OzoneManagerProtocolServerSideTranslatorPB.processRequest(OzoneManagerProtocolServerSideTranslatorPB.java:179) ~[ozone-manager-1.4.0-SNAPSHOT.jar:?]
	at org.apache.hadoop.hdds.server.OzoneProtocolMessageDispatcher.processRequest(OzoneProtocolMessageDispatcher.java:87) [hdds-server-framework-1.4.0-SNAPSHOT.jar:?]
	at org.apache.hadoop.ozone.protocolPB.OzoneManagerProtocolServerSideTranslatorPB.submitRequest(OzoneManagerProtocolServerSideTranslatorPB.java:148) [ozone-manager-1.4.0-SNAPSHOT.jar:?]
	at org.apache.hadoop.ozone.protocol.proto.OzoneManagerProtocolProtos$OzoneManagerService$2.callBlockingMethod(OzoneManagerProtocolProtos.java) [ozone-interface-client-1.4.0-SNAPSHOT.jar:?]
	at org.apache.hadoop.ipc.ProtobufRpcEngine$Server.processCall(ProtobufRpcEngine.java:484) [hadoop-common-3.3.6.jar:?]
	at org.apache.hadoop.ipc.ProtobufRpcEngine2$Server$ProtoBufRpcInvoker.call(ProtobufRpcEngine2.java:595) [hadoop-common-3.3.6.jar:?]
	at org.apache.hadoop.ipc.ProtobufRpcEngine2$Server$ProtoBufRpcInvoker.call(ProtobufRpcEngine2.java:573) [hadoop-common-3.3.6.jar:?]
	at org.apache.hadoop.ipc.RPC$Server.call(RPC.java:1227) [hadoop-common-3.3.6.jar:?]
	at org.apache.hadoop.ipc.Server$RpcCall.run(Server.java:1094) [hadoop-common-3.3.6.jar:?]
	at org.apache.hadoop.ipc.Server$RpcCall.run(Server.java:1017) [hadoop-common-3.3.6.jar:?]
	at java.security.AccessController.doPrivileged(Native Method) ~[?:1.8.0_372]
	at javax.security.auth.Subject.doAs(Subject.java:422) [?:1.8.0_372]
	at org.apache.hadoop.security.UserGroupInformation.doAs(UserGroupInformation.java:1899) [hadoop-common-3.3.6.jar:?]
	at org.apache.hadoop.ipc.Server$Handler.run(Server.java:3048) [hadoop-common-3.3.6.jar:?]
10:55:38.582 [IPC Server handler 1 on default port 15004] ERROR OMAudit - user=runner | ip=127.0.0.1 | op=GET_FILE_STATUS {volume=volume25555, bucket=bucket68101, key=gdir1/dir10, dataSize=0, replicationConfig=null} | ret=FAILURE
org.apache.hadoop.ozone.om.exceptions.OMException: Unable to get file status: volume: volume25555 bucket: bucket68101 key: gdir1/dir10
	at org.apache.hadoop.ozone.om.KeyManagerImpl.getOzoneFileStatusFSO(KeyManagerImpl.java:1311) ~[ozone-manager-1.4.0-SNAPSHOT.jar:?]
	at org.apache.hadoop.ozone.om.KeyManagerImpl.getFileStatus(KeyManagerImpl.java:1102) ~[ozone-manager-1.4.0-SNAPSHOT.jar:?]
	at org.apache.hadoop.ozone.om.OmMetadataReader.getFileStatus(OmMetadataReader.java:262) ~[ozone-manager-1.4.0-SNAPSHOT.jar:?]
	at org.apache.hadoop.ozone.om.OzoneManager.getFileStatus(OzoneManager.java:3527) ~[ozone-manager-1.4.0-SNAPSHOT.jar:?]
	at org.apache.hadoop.ozone.protocolPB.OzoneManagerRequestHandler.getOzoneFileStatus(OzoneManagerRequestHandler.java:973) ~[ozone-manager-1.4.0-SNAPSHOT.jar:?]
	at org.apache.hadoop.ozone.protocolPB.OzoneManagerRequestHandler.handleReadRequest(OzoneManagerRequestHandler.java:252) ~[ozone-manager-1.4.0-SNAPSHOT.jar:?]
	at org.apache.hadoop.ozone.protocolPB.OzoneManagerProtocolServerSideTranslatorPB.submitReadRequestToOM(OzoneManagerProtocolServerSideTranslatorPB.java:225) ~[ozone-manager-1.4.0-SNAPSHOT.jar:?]
	at org.apache.hadoop.ozone.protocolPB.OzoneManagerProtocolServerSideTranslatorPB.processRequest(OzoneManagerProtocolServerSideTranslatorPB.java:179) ~[ozone-manager-1.4.0-SNAPSHOT.jar:?]
	at org.apache.hadoop.hdds.server.OzoneProtocolMessageDispatcher.processRequest(OzoneProtocolMessageDispatcher.java:87) [hdds-server-framework-1.4.0-SNAPSHOT.jar:?]
	at org.apache.hadoop.ozone.protocolPB.OzoneManagerProtocolServerSideTranslatorPB.submitRequest(OzoneManagerProtocolServerSideTranslatorPB.java:148) [ozone-manager-1.4.0-SNAPSHOT.jar:?]
	at org.apache.hadoop.ozone.protocol.proto.OzoneManagerProtocolProtos$OzoneManagerService$2.callBlockingMethod(OzoneManagerProtocolProtos.java) [ozone-interface-client-1.4.0-SNAPSHOT.jar:?]
	at org.apache.hadoop.ipc.ProtobufRpcEngine$Server.processCall(ProtobufRpcEngine.java:484) [hadoop-common-3.3.6.jar:?]
	at org.apache.hadoop.ipc.ProtobufRpcEngine2$Server$ProtoBufRpcInvoker.call(ProtobufRpcEngine2.java:595) [hadoop-common-3.3.6.jar:?]
	at org.apache.hadoop.ipc.ProtobufRpcEngine2$Server$ProtoBufRpcInvoker.call(ProtobufRpcEngine2.java:573) [hadoop-common-3.3.6.jar:?]
	at org.apache.hadoop.ipc.RPC$Server.call(RPC.java:1227) [hadoop-common-3.3.6.jar:?]
	at org.apache.hadoop.ipc.Server$RpcCall.run(Server.java:1094) [hadoop-common-3.3.6.jar:?]
	at org.apache.hadoop.ipc.Server$RpcCall.run(Server.java:1017) [hadoop-common-3.3.6.jar:?]
	at java.security.AccessController.doPrivileged(Native Method) ~[?:1.8.0_372]
	at javax.security.auth.Subject.doAs(Subject.java:422) [?:1.8.0_372]
	at org.apache.hadoop.security.UserGroupInformation.doAs(UserGroupInformation.java:1899) [hadoop-common-3.3.6.jar:?]
	at org.apache.hadoop.ipc.Server$Handler.run(Server.java:3048) [hadoop-common-3.3.6.jar:?]
10:55:38.584 [IPC Server handler 0 on default port 15004] ERROR OMAudit - user=runner | ip=127.0.0.1 | op=GET_FILE_STATUS {volume=volume25555, bucket=bucket68101, key=gdir1/dir10/child, dataSize=0, replicationConfig=null} | ret=FAILURE
org.apache.hadoop.ozone.om.exceptions.OMException: Unable to get file status: volume: volume25555 bucket: bucket68101 key: gdir1/dir10/child
	at org.apache.hadoop.ozone.om.KeyManagerImpl.getOzoneFileStatusFSO(KeyManagerImpl.java:1311) ~[ozone-manager-1.4.0-SNAPSHOT.jar:?]
	at org.apache.hadoop.ozone.om.KeyManagerImpl.getFileStatus(KeyManagerImpl.java:1102) ~[ozone-manager-1.4.0-SNAPSHOT.jar:?]
	at org.apache.hadoop.ozone.om.OmMetadataReader.getFileStatus(OmMetadataReader.java:262) ~[ozone-manager-1.4.0-SNAPSHOT.jar:?]
	at org.apache.hadoop.ozone.om.OzoneManager.getFileStatus(OzoneManager.java:3527) ~[ozone-manager-1.4.0-SNAPSHOT.jar:?]
	at org.apache.hadoop.ozone.protocolPB.OzoneManagerRequestHandler.getOzoneFileStatus(OzoneManagerRequestHandler.java:973) ~[ozone-manager-1.4.0-SNAPSHOT.jar:?]
	at org.apache.hadoop.ozone.protocolPB.OzoneManagerRequestHandler.handleReadRequest(OzoneManagerRequestHandler.java:252) ~[ozone-manager-1.4.0-SNAPSHOT.jar:?]
	at org.apache.hadoop.ozone.protocolPB.OzoneManagerProtocolServerSideTranslatorPB.submitReadRequestToOM(OzoneManagerProtocolServerSideTranslatorPB.java:225) ~[ozone-manager-1.4.0-SNAPSHOT.jar:?]
	at org.apache.hadoop.ozone.protocolPB.OzoneManagerProtocolServerSideTranslatorPB.processRequest(OzoneManagerProtocolServerSideTranslatorPB.java:179) ~[ozone-manager-1.4.0-SNAPSHOT.jar:?]
	at org.apache.hadoop.hdds.server.OzoneProtocolMessageDispatcher.processRequest(OzoneProtocolMessageDispatcher.java:87) [hdds-server-framework-1.4.0-SNAPSHOT.jar:?]
	at org.apache.hadoop.ozone.protocolPB.OzoneManagerProtocolServerSideTranslatorPB.submitRequest(OzoneManagerProtocolServerSideTranslatorPB.java:148) [ozone-manager-1.4.0-SNAPSHOT.jar:?]
	at org.apache.hadoop.ozone.protocol.proto.OzoneManagerProtocolProtos$OzoneManagerService$2.callBlockingMethod(OzoneManagerProtocolProtos.java) [ozone-interface-client-1.4.0-SNAPSHOT.jar:?]
	at org.apache.hadoop.ipc.ProtobufRpcEngine$Server.processCall(ProtobufRpcEngine.java:484) [hadoop-common-3.3.6.jar:?]
	at org.apache.hadoop.ipc.ProtobufRpcEngine2$Server$ProtoBufRpcInvoker.call(ProtobufRpcEngine2.java:595) [hadoop-common-3.3.6.jar:?]
	at org.apache.hadoop.ipc.ProtobufRpcEngine2$Server$ProtoBufRpcInvoker.call(ProtobufRpcEngine2.java:573) [hadoop-common-3.3.6.jar:?]
	at org.apache.hadoop.ipc.RPC$Server.call(RPC.java:1227) [hadoop-common-3.3.6.jar:?]
	at org.apache.hadoop.ipc.Server$RpcCall.run(Server.java:1094) [hadoop-common-3.3.6.jar:?]
	at org.apache.hadoop.ipc.Server$RpcCall.run(Server.java:1017) [hadoop-common-3.3.6.jar:?]
	at java.security.AccessController.doPrivileged(Native Method) ~[?:1.8.0_372]
	at javax.security.auth.Subject.doAs(Subject.java:422) [?:1.8.0_372]
	at org.apache.hadoop.security.UserGroupInformation.doAs(UserGroupInformation.java:1899) [hadoop-common-3.3.6.jar:?]
	at org.apache.hadoop.ipc.Server$Handler.run(Server.java:3048) [hadoop-common-3.3.6.jar:?]
10:55:38.854 [IPC Server handler 0 on default port 15004] ERROR OMAudit - user=runner | ip=127.0.0.1 | op=GET_FILE_STATUS {volume=volume25555, bucket=bucket68101, key=level0, dataSize=0, replicationConfig=null} | ret=FAILURE
org.apache.hadoop.ozone.om.exceptions.OMException: Unable to get file status: volume: volume25555 bucket: bucket68101 key: level0
	at org.apache.hadoop.ozone.om.KeyManagerImpl.getOzoneFileStatusFSO(KeyManagerImpl.java:1311) ~[ozone-manager-1.4.0-SNAPSHOT.jar:?]
	at org.apache.hadoop.ozone.om.KeyManagerImpl.getFileStatus(KeyManagerImpl.java:1102) ~[ozone-manager-1.4.0-SNAPSHOT.jar:?]
	at org.apache.hadoop.ozone.om.OmMetadataReader.getFileStatus(OmMetadataReader.java:262) ~[ozone-manager-1.4.0-SNAPSHOT.jar:?]
	at org.apache.hadoop.ozone.om.OzoneManager.getFileStatus(OzoneManager.java:3527) ~[ozone-manager-1.4.0-SNAPSHOT.jar:?]
	at org.apache.hadoop.ozone.protocolPB.OzoneManagerRequestHandler.getOzoneFileStatus(OzoneManagerRequestHandler.java:973) ~[ozone-manager-1.4.0-SNAPSHOT.jar:?]
	at org.apache.hadoop.ozone.protocolPB.OzoneManagerRequestHandler.handleReadRequest(OzoneManagerRequestHandler.java:252) ~[ozone-manager-1.4.0-SNAPSHOT.jar:?]
	at org.apache.hadoop.ozone.protocolPB.OzoneManagerProtocolServerSideTranslatorPB.submitReadRequestToOM(OzoneManagerProtocolServerSideTranslatorPB.java:225) ~[ozone-manager-1.4.0-SNAPSHOT.jar:?]
	at org.apache.hadoop.ozone.protocolPB.OzoneManagerProtocolServerSideTranslatorPB.processRequest(OzoneManagerProtocolServerSideTranslatorPB.java:179) ~[ozone-manager-1.4.0-SNAPSHOT.jar:?]
	at org.apache.hadoop.hdds.server.OzoneProtocolMessageDispatcher.processRequest(OzoneProtocolMessageDispatcher.java:87) [hdds-server-framework-1.4.0-SNAPSHOT.jar:?]
	at org.apache.hadoop.ozone.protocolPB.OzoneManagerProtocolServerSideTranslatorPB.submitRequest(OzoneManagerProtocolServerSideTranslatorPB.java:148) [ozone-manager-1.4.0-SNAPSHOT.jar:?]
	at org.apache.hadoop.ozone.protocol.proto.OzoneManagerProtocolProtos$OzoneManagerService$2.callBlockingMethod(OzoneManagerProtocolProtos.java) [ozone-interface-client-1.4.0-SNAPSHOT.jar:?]
	at org.apache.hadoop.ipc.ProtobufRpcEngine$Server.processCall(ProtobufRpcEngine.java:484) [hadoop-common-3.3.6.jar:?]
	at org.apache.hadoop.ipc.ProtobufRpcEngine2$Server$ProtoBufRpcInvoker.call(ProtobufRpcEngine2.java:595) [hadoop-common-3.3.6.jar:?]
	at org.apache.hadoop.ipc.ProtobufRpcEngine2$Server$ProtoBufRpcInvoker.call(ProtobufRpcEngine2.java:573) [hadoop-common-3.3.6.jar:?]
	at org.apache.hadoop.ipc.RPC$Server.call(RPC.java:1227) [hadoop-common-3.3.6.jar:?]
	at org.apache.hadoop.ipc.Server$RpcCall.run(Server.java:1094) [hadoop-common-3.3.6.jar:?]
	at org.apache.hadoop.ipc.Server$RpcCall.run(Server.java:1017) [hadoop-common-3.3.6.jar:?]
	at java.security.AccessController.doPrivileged(Native Method) ~[?:1.8.0_372]
	at javax.security.auth.Subject.doAs(Subject.java:422) [?:1.8.0_372]
	at org.apache.hadoop.security.UserGroupInformation.doAs(UserGroupInformation.java:1899) [hadoop-common-3.3.6.jar:?]
	at org.apache.hadoop.ipc.Server$Handler.run(Server.java:3048) [hadoop-common-3.3.6.jar:?]
10:55:38.856 [IPC Server handler 3 on default port 15004] ERROR OMAudit - user=runner | ip=127.0.0.1 | op=GET_FILE_STATUS {volume=volume25555, bucket=bucket68101, key=level0/level1, dataSize=0, replicationConfig=null} | ret=FAILURE
org.apache.hadoop.ozone.om.exceptions.OMException: Unable to get file status: volume: volume25555 bucket: bucket68101 key: level0/level1
	at org.apache.hadoop.ozone.om.KeyManagerImpl.getOzoneFileStatusFSO(KeyManagerImpl.java:1311) ~[ozone-manager-1.4.0-SNAPSHOT.jar:?]
	at org.apache.hadoop.ozone.om.KeyManagerImpl.getFileStatus(KeyManagerImpl.java:1102) ~[ozone-manager-1.4.0-SNAPSHOT.jar:?]
	at org.apache.hadoop.ozone.om.OmMetadataReader.getFileStatus(OmMetadataReader.java:262) ~[ozone-manager-1.4.0-SNAPSHOT.jar:?]
	at org.apache.hadoop.ozone.om.OzoneManager.getFileStatus(OzoneManager.java:3527) ~[ozone-manager-1.4.0-SNAPSHOT.jar:?]
	at org.apache.hadoop.ozone.protocolPB.OzoneManagerRequestHandler.getOzoneFileStatus(OzoneManagerRequestHandler.java:973) ~[ozone-manager-1.4.0-SNAPSHOT.jar:?]
	at org.apache.hadoop.ozone.protocolPB.OzoneManagerRequestHandler.handleReadRequest(OzoneManagerRequestHandler.java:252) ~[ozone-manager-1.4.0-SNAPSHOT.jar:?]
	at org.apache.hadoop.ozone.protocolPB.OzoneManagerProtocolServerSideTranslatorPB.submitReadRequestToOM(OzoneManagerProtocolServerSideTranslatorPB.java:225) ~[ozone-manager-1.4.0-SNAPSHOT.jar:?]
	at org.apache.hadoop.ozone.protocolPB.OzoneManagerProtocolServerSideTranslatorPB.processRequest(OzoneManagerProtocolServerSideTranslatorPB.java:179) ~[ozone-manager-1.4.0-SNAPSHOT.jar:?]
	at org.apache.hadoop.hdds.server.OzoneProtocolMessageDispatcher.processRequest(OzoneProtocolMessageDispatcher.java:87) [hdds-server-framework-1.4.0-SNAPSHOT.jar:?]
	at org.apache.hadoop.ozone.protocolPB.OzoneManagerProtocolServerSideTranslatorPB.submitRequest(OzoneManagerProtocolServerSideTranslatorPB.java:148) [ozone-manager-1.4.0-SNAPSHOT.jar:?]
	at org.apache.hadoop.ozone.protocol.proto.OzoneManagerProtocolProtos$OzoneManagerService$2.callBlockingMethod(OzoneManagerProtocolProtos.java) [ozone-interface-client-1.4.0-SNAPSHOT.jar:?]
	at org.apache.hadoop.ipc.ProtobufRpcEngine$Server.processCall(ProtobufRpcEngine.java:484) [hadoop-common-3.3.6.jar:?]
	at org.apache.hadoop.ipc.ProtobufRpcEngine2$Server$ProtoBufRpcInvoker.call(ProtobufRpcEngine2.java:595) [hadoop-common-3.3.6.jar:?]
	at org.apache.hadoop.ipc.ProtobufRpcEngine2$Server$ProtoBufRpcInvoker.call(ProtobufRpcEngine2.java:573) [hadoop-common-3.3.6.jar:?]
	at org.apache.hadoop.ipc.RPC$Server.call(RPC.java:1227) [hadoop-common-3.3.6.jar:?]
	at org.apache.hadoop.ipc.Server$RpcCall.run(Server.java:1094) [hadoop-common-3.3.6.jar:?]
	at org.apache.hadoop.ipc.Server$RpcCall.run(Server.java:1017) [hadoop-common-3.3.6.jar:?]
	at java.security.AccessController.doPrivileged(Native Method) ~[?:1.8.0_372]
	at javax.security.auth.Subject.doAs(Subject.java:422) [?:1.8.0_372]
	at org.apache.hadoop.security.UserGroupInformation.doAs(UserGroupInformation.java:1899) [hadoop-common-3.3.6.jar:?]
	at org.apache.hadoop.ipc.Server$Handler.run(Server.java:3048) [hadoop-common-3.3.6.jar:?]
10:55:38.857 [IPC Server handler 2 on default port 15004] ERROR OMAudit - user=runner | ip=127.0.0.1 | op=GET_FILE_STATUS {volume=volume25555, bucket=bucket68101, key=level0/level1/level1, dataSize=0, replicationConfig=null} | ret=FAILURE
org.apache.hadoop.ozone.om.exceptions.OMException: Unable to get file status: volume: volume25555 bucket: bucket68101 key: level0/level1/level1
	at org.apache.hadoop.ozone.om.KeyManagerImpl.getOzoneFileStatusFSO(KeyManagerImpl.java:1311) ~[ozone-manager-1.4.0-SNAPSHOT.jar:?]
	at org.apache.hadoop.ozone.om.KeyManagerImpl.getFileStatus(KeyManagerImpl.java:1102) ~[ozone-manager-1.4.0-SNAPSHOT.jar:?]
	at org.apache.hadoop.ozone.om.OmMetadataReader.getFileStatus(OmMetadataReader.java:262) ~[ozone-manager-1.4.0-SNAPSHOT.jar:?]
	at org.apache.hadoop.ozone.om.OzoneManager.getFileStatus(OzoneManager.java:3527) ~[ozone-manager-1.4.0-SNAPSHOT.jar:?]
	at org.apache.hadoop.ozone.protocolPB.OzoneManagerRequestHandler.getOzoneFileStatus(OzoneManagerRequestHandler.java:973) ~[ozone-manager-1.4.0-SNAPSHOT.jar:?]
	at org.apache.hadoop.ozone.protocolPB.OzoneManagerRequestHandler.handleReadRequest(OzoneManagerRequestHandler.java:252) ~[ozone-manager-1.4.0-SNAPSHOT.jar:?]
	at org.apache.hadoop.ozone.protocolPB.OzoneManagerProtocolServerSideTranslatorPB.submitReadRequestToOM(OzoneManagerProtocolServerSideTranslatorPB.java:225) ~[ozone-manager-1.4.0-SNAPSHOT.jar:?]
	at org.apache.hadoop.ozone.protocolPB.OzoneManagerProtocolServerSideTranslatorPB.processRequest(OzoneManagerProtocolServerSideTranslatorPB.java:179) ~[ozone-manager-1.4.0-SNAPSHOT.jar:?]
	at org.apache.hadoop.hdds.server.OzoneProtocolMessageDispatcher.processRequest(OzoneProtocolMessageDispatcher.java:87) [hdds-server-framework-1.4.0-SNAPSHOT.jar:?]
	at org.apache.hadoop.ozone.protocolPB.OzoneManagerProtocolServerSideTranslatorPB.submitRequest(OzoneManagerProtocolServerSideTranslatorPB.java:148) [ozone-manager-1.4.0-SNAPSHOT.jar:?]
	at org.apache.hadoop.ozone.protocol.proto.OzoneManagerProtocolProtos$OzoneManagerService$2.callBlockingMethod(OzoneManagerProtocolProtos.java) [ozone-interface-client-1.4.0-SNAPSHOT.jar:?]
	at org.apache.hadoop.ipc.ProtobufRpcEngine$Server.processCall(ProtobufRpcEngine.java:484) [hadoop-common-3.3.6.jar:?]
	at org.apache.hadoop.ipc.ProtobufRpcEngine2$Server$ProtoBufRpcInvoker.call(ProtobufRpcEngine2.java:595) [hadoop-common-3.3.6.jar:?]
	at org.apache.hadoop.ipc.ProtobufRpcEngine2$Server$ProtoBufRpcInvoker.call(ProtobufRpcEngine2.java:573) [hadoop-common-3.3.6.jar:?]
	at org.apache.hadoop.ipc.RPC$Server.call(RPC.java:1227) [hadoop-common-3.3.6.jar:?]
	at org.apache.hadoop.ipc.Server$RpcCall.run(Server.java:1094) [hadoop-common-3.3.6.jar:?]
	at org.apache.hadoop.ipc.Server$RpcCall.run(Server.java:1017) [hadoop-common-3.3.6.jar:?]
	at java.security.AccessController.doPrivileged(Native Method) ~[?:1.8.0_372]
	at javax.security.auth.Subject.doAs(Subject.java:422) [?:1.8.0_372]
	at org.apache.hadoop.security.UserGroupInformation.doAs(UserGroupInformation.java:1899) [hadoop-common-3.3.6.jar:?]
	at org.apache.hadoop.ipc.Server$Handler.run(Server.java:3048) [hadoop-common-3.3.6.jar:?]
10:55:38.859 [IPC Server handler 4 on default port 15004] ERROR OMAudit - user=runner | ip=127.0.0.1 | op=GET_FILE_STATUS {volume=volume25555, bucket=bucket68101, key=level0/level1/file1, dataSize=0, replicationConfig=null} | ret=FAILURE
org.apache.hadoop.ozone.om.exceptions.OMException: Unable to get file status: volume: volume25555 bucket: bucket68101 key: level0/level1/file1
	at org.apache.hadoop.ozone.om.KeyManagerImpl.getOzoneFileStatusFSO(KeyManagerImpl.java:1311) ~[ozone-manager-1.4.0-SNAPSHOT.jar:?]
	at org.apache.hadoop.ozone.om.KeyManagerImpl.getFileStatus(KeyManagerImpl.java:1102) ~[ozone-manager-1.4.0-SNAPSHOT.jar:?]
	at org.apache.hadoop.ozone.om.OmMetadataReader.getFileStatus(OmMetadataReader.java:262) ~[ozone-manager-1.4.0-SNAPSHOT.jar:?]
	at org.apache.hadoop.ozone.om.OzoneManager.getFileStatus(OzoneManager.java:3527) ~[ozone-manager-1.4.0-SNAPSHOT.jar:?]
	at org.apache.hadoop.ozone.protocolPB.OzoneManagerRequestHandler.getOzoneFileStatus(OzoneManagerRequestHandler.java:973) ~[ozone-manager-1.4.0-SNAPSHOT.jar:?]
	at org.apache.hadoop.ozone.protocolPB.OzoneManagerRequestHandler.handleReadRequest(OzoneManagerRequestHandler.java:252) ~[ozone-manager-1.4.0-SNAPSHOT.jar:?]
	at org.apache.hadoop.ozone.protocolPB.OzoneManagerProtocolServerSideTranslatorPB.submitReadRequestToOM(OzoneManagerProtocolServerSideTranslatorPB.java:225) ~[ozone-manager-1.4.0-SNAPSHOT.jar:?]
	at org.apache.hadoop.ozone.protocolPB.OzoneManagerProtocolServerSideTranslatorPB.processRequest(OzoneManagerProtocolServerSideTranslatorPB.java:179) ~[ozone-manager-1.4.0-SNAPSHOT.jar:?]
	at org.apache.hadoop.hdds.server.OzoneProtocolMessageDispatcher.processRequest(OzoneProtocolMessageDispatcher.java:87) [hdds-server-framework-1.4.0-SNAPSHOT.jar:?]
	at org.apache.hadoop.ozone.protocolPB.OzoneManagerProtocolServerSideTranslatorPB.submitRequest(OzoneManagerProtocolServerSideTranslatorPB.java:148) [ozone-manager-1.4.0-SNAPSHOT.jar:?]
	at org.apache.hadoop.ozone.protocol.proto.OzoneManagerProtocolProtos$OzoneManagerService$2.callBlockingMethod(OzoneManagerProtocolProtos.java) [ozone-interface-client-1.4.0-SNAPSHOT.jar:?]
	at org.apache.hadoop.ipc.ProtobufRpcEngine$Server.processCall(ProtobufRpcEngine.java:484) [hadoop-common-3.3.6.jar:?]
	at org.apache.hadoop.ipc.ProtobufRpcEngine2$Server$ProtoBufRpcInvoker.call(ProtobufRpcEngine2.java:595) [hadoop-common-3.3.6.jar:?]
	at org.apache.hadoop.ipc.ProtobufRpcEngine2$Server$ProtoBufRpcInvoker.call(ProtobufRpcEngine2.java:573) [hadoop-common-3.3.6.jar:?]
	at org.apache.hadoop.ipc.RPC$Server.call(RPC.java:1227) [hadoop-common-3.3.6.jar:?]
	at org.apache.hadoop.ipc.Server$RpcCall.run(Server.java:1094) [hadoop-common-3.3.6.jar:?]
	at org.apache.hadoop.ipc.Server$RpcCall.run(Server.java:1017) [hadoop-common-3.3.6.jar:?]
	at java.security.AccessController.doPrivileged(Native Method) ~[?:1.8.0_372]
	at javax.security.auth.Subject.doAs(Subject.java:422) [?:1.8.0_372]
	at org.apache.hadoop.security.UserGroupInformation.doAs(UserGroupInformation.java:1899) [hadoop-common-3.3.6.jar:?]
	at org.apache.hadoop.ipc.Server$Handler.run(Server.java:3048) [hadoop-common-3.3.6.jar:?]
10:55:38.861 [IPC Server handler 6 on default port 15004] ERROR OMAudit - user=runner | ip=127.0.0.1 | op=GET_FILE_STATUS {volume=volume25555, bucket=bucket68101, key=level0/level1/level1/file1, dataSize=0, replicationConfig=null} | ret=FAILURE
org.apache.hadoop.ozone.om.exceptions.OMException: Unable to get file status: volume: volume25555 bucket: bucket68101 key: level0/level1/level1/file1
	at org.apache.hadoop.ozone.om.KeyManagerImpl.getOzoneFileStatusFSO(KeyManagerImpl.java:1311) ~[ozone-manager-1.4.0-SNAPSHOT.jar:?]
	at org.apache.hadoop.ozone.om.KeyManagerImpl.getFileStatus(KeyManagerImpl.java:1102) ~[ozone-manager-1.4.0-SNAPSHOT.jar:?]
	at org.apache.hadoop.ozone.om.OmMetadataReader.getFileStatus(OmMetadataReader.java:262) ~[ozone-manager-1.4.0-SNAPSHOT.jar:?]
	at org.apache.hadoop.ozone.om.OzoneManager.getFileStatus(OzoneManager.java:3527) ~[ozone-manager-1.4.0-SNAPSHOT.jar:?]
	at org.apache.hadoop.ozone.protocolPB.OzoneManagerRequestHandler.getOzoneFileStatus(OzoneManagerRequestHandler.java:973) ~[ozone-manager-1.4.0-SNAPSHOT.jar:?]
	at org.apache.hadoop.ozone.protocolPB.OzoneManagerRequestHandler.handleReadRequest(OzoneManagerRequestHandler.java:252) ~[ozone-manager-1.4.0-SNAPSHOT.jar:?]
	at org.apache.hadoop.ozone.protocolPB.OzoneManagerProtocolServerSideTranslatorPB.submitReadRequestToOM(OzoneManagerProtocolServerSideTranslatorPB.java:225) ~[ozone-manager-1.4.0-SNAPSHOT.jar:?]
	at org.apache.hadoop.ozone.protocolPB.OzoneManagerProtocolServerSideTranslatorPB.processRequest(OzoneManagerProtocolServerSideTranslatorPB.java:179) ~[ozone-manager-1.4.0-SNAPSHOT.jar:?]
	at org.apache.hadoop.hdds.server.OzoneProtocolMessageDispatcher.processRequest(OzoneProtocolMessageDispatcher.java:87) [hdds-server-framework-1.4.0-SNAPSHOT.jar:?]
	at org.apache.hadoop.ozone.protocolPB.OzoneManagerProtocolServerSideTranslatorPB.submitRequest(OzoneManagerProtocolServerSideTranslatorPB.java:148) [ozone-manager-1.4.0-SNAPSHOT.jar:?]
	at org.apache.hadoop.ozone.protocol.proto.OzoneManagerProtocolProtos$OzoneManagerService$2.callBlockingMethod(OzoneManagerProtocolProtos.java) [ozone-interface-client-1.4.0-SNAPSHOT.jar:?]
	at org.apache.hadoop.ipc.ProtobufRpcEngine$Server.processCall(ProtobufRpcEngine.java:484) [hadoop-common-3.3.6.jar:?]
	at org.apache.hadoop.ipc.ProtobufRpcEngine2$Server$ProtoBufRpcInvoker.call(ProtobufRpcEngine2.java:595) [hadoop-common-3.3.6.jar:?]
	at org.apache.hadoop.ipc.ProtobufRpcEngine2$Server$ProtoBufRpcInvoker.call(ProtobufRpcEngine2.java:573) [hadoop-common-3.3.6.jar:?]
	at org.apache.hadoop.ipc.RPC$Server.call(RPC.java:1227) [hadoop-common-3.3.6.jar:?]
	at org.apache.hadoop.ipc.Server$RpcCall.run(Server.java:1094) [hadoop-common-3.3.6.jar:?]
	at org.apache.hadoop.ipc.Server$RpcCall.run(Server.java:1017) [hadoop-common-3.3.6.jar:?]
	at java.security.AccessController.doPrivileged(Native Method) ~[?:1.8.0_372]
	at javax.security.auth.Subject.doAs(Subject.java:422) [?:1.8.0_372]
	at org.apache.hadoop.security.UserGroupInformation.doAs(UserGroupInformation.java:1899) [hadoop-common-3.3.6.jar:?]
	at org.apache.hadoop.ipc.Server$Handler.run(Server.java:3048) [hadoop-common-3.3.6.jar:?]
10:55:38.862 [IPC Server handler 12 on default port 15004] ERROR OMAudit - user=runner | ip=127.0.0.1 | op=GET_FILE_STATUS {volume=volume25555, bucket=bucket68101, key=level0/level2, dataSize=0, replicationConfig=null} | ret=FAILURE
org.apache.hadoop.ozone.om.exceptions.OMException: Unable to get file status: volume: volume25555 bucket: bucket68101 key: level0/level2
	at org.apache.hadoop.ozone.om.KeyManagerImpl.getOzoneFileStatusFSO(KeyManagerImpl.java:1311) ~[ozone-manager-1.4.0-SNAPSHOT.jar:?]
	at org.apache.hadoop.ozone.om.KeyManagerImpl.getFileStatus(KeyManagerImpl.java:1102) ~[ozone-manager-1.4.0-SNAPSHOT.jar:?]
	at org.apache.hadoop.ozone.om.OmMetadataReader.getFileStatus(OmMetadataReader.java:262) ~[ozone-manager-1.4.0-SNAPSHOT.jar:?]
	at org.apache.hadoop.ozone.om.OzoneManager.getFileStatus(OzoneManager.java:3527) ~[ozone-manager-1.4.0-SNAPSHOT.jar:?]
	at org.apache.hadoop.ozone.protocolPB.OzoneManagerRequestHandler.getOzoneFileStatus(OzoneManagerRequestHandler.java:973) ~[ozone-manager-1.4.0-SNAPSHOT.jar:?]
	at org.apache.hadoop.ozone.protocolPB.OzoneManagerRequestHandler.handleReadRequest(OzoneManagerRequestHandler.java:252) ~[ozone-manager-1.4.0-SNAPSHOT.jar:?]
	at org.apache.hadoop.ozone.protocolPB.OzoneManagerProtocolServerSideTranslatorPB.submitReadRequestToOM(OzoneManagerProtocolServerSideTranslatorPB.java:225) ~[ozone-manager-1.4.0-SNAPSHOT.jar:?]
	at org.apache.hadoop.ozone.protocolPB.OzoneManagerProtocolServerSideTranslatorPB.processRequest(OzoneManagerProtocolServerSideTranslatorPB.java:179) ~[ozone-manager-1.4.0-SNAPSHOT.jar:?]
	at org.apache.hadoop.hdds.server.OzoneProtocolMessageDispatcher.processRequest(OzoneProtocolMessageDispatcher.java:87) [hdds-server-framework-1.4.0-SNAPSHOT.jar:?]
	at org.apache.hadoop.ozone.protocolPB.OzoneManagerProtocolServerSideTranslatorPB.submitRequest(OzoneManagerProtocolServerSideTranslatorPB.java:148) [ozone-manager-1.4.0-SNAPSHOT.jar:?]
	at org.apache.hadoop.ozone.protocol.proto.OzoneManagerProtocolProtos$OzoneManagerService$2.callBlockingMethod(OzoneManagerProtocolProtos.java) [ozone-interface-client-1.4.0-SNAPSHOT.jar:?]
	at org.apache.hadoop.ipc.ProtobufRpcEngine$Server.processCall(ProtobufRpcEngine.java:484) [hadoop-common-3.3.6.jar:?]
	at org.apache.hadoop.ipc.ProtobufRpcEngine2$Server$ProtoBufRpcInvoker.call(ProtobufRpcEngine2.java:595) [hadoop-common-3.3.6.jar:?]
	at org.apache.hadoop.ipc.ProtobufRpcEngine2$Server$ProtoBufRpcInvoker.call(ProtobufRpcEngine2.java:573) [hadoop-common-3.3.6.jar:?]
	at org.apache.hadoop.ipc.RPC$Server.call(RPC.java:1227) [hadoop-common-3.3.6.jar:?]
	at org.apache.hadoop.ipc.Server$RpcCall.run(Server.java:1094) [hadoop-common-3.3.6.jar:?]
	at org.apache.hadoop.ipc.Server$RpcCall.run(Server.java:1017) [hadoop-common-3.3.6.jar:?]
	at java.security.AccessController.doPrivileged(Native Method) ~[?:1.8.0_372]
	at javax.security.auth.Subject.doAs(Subject.java:422) [?:1.8.0_372]
	at org.apache.hadoop.security.UserGroupInformation.doAs(UserGroupInformation.java:1899) [hadoop-common-3.3.6.jar:?]
	at org.apache.hadoop.ipc.Server$Handler.run(Server.java:3048) [hadoop-common-3.3.6.jar:?]
10:55:38.864 [IPC Server handler 10 on default port 15004] ERROR OMAudit - user=runner | ip=127.0.0.1 | op=GET_FILE_STATUS {volume=volume25555, bucket=bucket68101, key=level0/level2/level2, dataSize=0, replicationConfig=null} | ret=FAILURE
org.apache.hadoop.ozone.om.exceptions.OMException: Unable to get file status: volume: volume25555 bucket: bucket68101 key: level0/level2/level2
	at org.apache.hadoop.ozone.om.KeyManagerImpl.getOzoneFileStatusFSO(KeyManagerImpl.java:1311) ~[ozone-manager-1.4.0-SNAPSHOT.jar:?]
	at org.apache.hadoop.ozone.om.KeyManagerImpl.getFileStatus(KeyManagerImpl.java:1102) ~[ozone-manager-1.4.0-SNAPSHOT.jar:?]
	at org.apache.hadoop.ozone.om.OmMetadataReader.getFileStatus(OmMetadataReader.java:262) ~[ozone-manager-1.4.0-SNAPSHOT.jar:?]
	at org.apache.hadoop.ozone.om.OzoneManager.getFileStatus(OzoneManager.java:3527) ~[ozone-manager-1.4.0-SNAPSHOT.jar:?]
	at org.apache.hadoop.ozone.protocolPB.OzoneManagerRequestHandler.getOzoneFileStatus(OzoneManagerRequestHandler.java:973) ~[ozone-manager-1.4.0-SNAPSHOT.jar:?]
	at org.apache.hadoop.ozone.protocolPB.OzoneManagerRequestHandler.handleReadRequest(OzoneManagerRequestHandler.java:252) ~[ozone-manager-1.4.0-SNAPSHOT.jar:?]
	at org.apache.hadoop.ozone.protocolPB.OzoneManagerProtocolServerSideTranslatorPB.submitReadRequestToOM(OzoneManagerProtocolServerSideTranslatorPB.java:225) ~[ozone-manager-1.4.0-SNAPSHOT.jar:?]
	at org.apache.hadoop.ozone.protocolPB.OzoneManagerProtocolServerSideTranslatorPB.processRequest(OzoneManagerProtocolServerSideTranslatorPB.java:179) ~[ozone-manager-1.4.0-SNAPSHOT.jar:?]
	at org.apache.hadoop.hdds.server.OzoneProtocolMessageDispatcher.processRequest(OzoneProtocolMessageDispatcher.java:87) [hdds-server-framework-1.4.0-SNAPSHOT.jar:?]
	at org.apache.hadoop.ozone.protocolPB.OzoneManagerProtocolServerSideTranslatorPB.submitRequest(OzoneManagerProtocolServerSideTranslatorPB.java:148) [ozone-manager-1.4.0-SNAPSHOT.jar:?]
	at org.apache.hadoop.ozone.protocol.proto.OzoneManagerProtocolProtos$OzoneManagerService$2.callBlockingMethod(OzoneManagerProtocolProtos.java) [ozone-interface-client-1.4.0-SNAPSHOT.jar:?]
	at org.apache.hadoop.ipc.ProtobufRpcEngine$Server.processCall(ProtobufRpcEngine.java:484) [hadoop-common-3.3.6.jar:?]
	at org.apache.hadoop.ipc.ProtobufRpcEngine2$Server$ProtoBufRpcInvoker.call(ProtobufRpcEngine2.java:595) [hadoop-common-3.3.6.jar:?]
	at org.apache.hadoop.ipc.ProtobufRpcEngine2$Server$ProtoBufRpcInvoker.call(ProtobufRpcEngine2.java:573) [hadoop-common-3.3.6.jar:?]
	at org.apache.hadoop.ipc.RPC$Server.call(RPC.java:1227) [hadoop-common-3.3.6.jar:?]
	at org.apache.hadoop.ipc.Server$RpcCall.run(Server.java:1094) [hadoop-common-3.3.6.jar:?]
	at org.apache.hadoop.ipc.Server$RpcCall.run(Server.java:1017) [hadoop-common-3.3.6.jar:?]
	at java.security.AccessController.doPrivileged(Native Method) ~[?:1.8.0_372]
	at javax.security.auth.Subject.doAs(Subject.java:422) [?:1.8.0_372]
	at org.apache.hadoop.security.UserGroupInformation.doAs(UserGroupInformation.java:1899) [hadoop-common-3.3.6.jar:?]
	at org.apache.hadoop.ipc.Server$Handler.run(Server.java:3048) [hadoop-common-3.3.6.jar:?]
10:55:38.866 [IPC Server handler 17 on default port 15004] ERROR OMAudit - user=runner | ip=127.0.0.1 | op=GET_FILE_STATUS {volume=volume25555, bucket=bucket68101, key=level0/level2/file1, dataSize=0, replicationConfig=null} | ret=FAILURE
org.apache.hadoop.ozone.om.exceptions.OMException: Unable to get file status: volume: volume25555 bucket: bucket68101 key: level0/level2/file1
	at org.apache.hadoop.ozone.om.KeyManagerImpl.getOzoneFileStatusFSO(KeyManagerImpl.java:1311) ~[ozone-manager-1.4.0-SNAPSHOT.jar:?]
	at org.apache.hadoop.ozone.om.KeyManagerImpl.getFileStatus(KeyManagerImpl.java:1102) ~[ozone-manager-1.4.0-SNAPSHOT.jar:?]
	at org.apache.hadoop.ozone.om.OmMetadataReader.getFileStatus(OmMetadataReader.java:262) ~[ozone-manager-1.4.0-SNAPSHOT.jar:?]
	at org.apache.hadoop.ozone.om.OzoneManager.getFileStatus(OzoneManager.java:3527) ~[ozone-manager-1.4.0-SNAPSHOT.jar:?]
	at org.apache.hadoop.ozone.protocolPB.OzoneManagerRequestHandler.getOzoneFileStatus(OzoneManagerRequestHandler.java:973) ~[ozone-manager-1.4.0-SNAPSHOT.jar:?]
	at org.apache.hadoop.ozone.protocolPB.OzoneManagerRequestHandler.handleReadRequest(OzoneManagerRequestHandler.java:252) ~[ozone-manager-1.4.0-SNAPSHOT.jar:?]
	at org.apache.hadoop.ozone.protocolPB.OzoneManagerProtocolServerSideTranslatorPB.submitReadRequestToOM(OzoneManagerProtocolServerSideTranslatorPB.java:225) ~[ozone-manager-1.4.0-SNAPSHOT.jar:?]
	at org.apache.hadoop.ozone.protocolPB.OzoneManagerProtocolServerSideTranslatorPB.processRequest(OzoneManagerProtocolServerSideTranslatorPB.java:179) ~[ozone-manager-1.4.0-SNAPSHOT.jar:?]
	at org.apache.hadoop.hdds.server.OzoneProtocolMessageDispatcher.processRequest(OzoneProtocolMessageDispatcher.java:87) [hdds-server-framework-1.4.0-SNAPSHOT.jar:?]
	at org.apache.hadoop.ozone.protocolPB.OzoneManagerProtocolServerSideTranslatorPB.submitRequest(OzoneManagerProtocolServerSideTranslatorPB.java:148) [ozone-manager-1.4.0-SNAPSHOT.jar:?]
	at org.apache.hadoop.ozone.protocol.proto.OzoneManagerProtocolProtos$OzoneManagerService$2.callBlockingMethod(OzoneManagerProtocolProtos.java) [ozone-interface-client-1.4.0-SNAPSHOT.jar:?]
	at org.apache.hadoop.ipc.ProtobufRpcEngine$Server.processCall(ProtobufRpcEngine.java:484) [hadoop-common-3.3.6.jar:?]
	at org.apache.hadoop.ipc.ProtobufRpcEngine2$Server$ProtoBufRpcInvoker.call(ProtobufRpcEngine2.java:595) [hadoop-common-3.3.6.jar:?]
	at org.apache.hadoop.ipc.ProtobufRpcEngine2$Server$ProtoBufRpcInvoker.call(ProtobufRpcEngine2.java:573) [hadoop-common-3.3.6.jar:?]
	at org.apache.hadoop.ipc.RPC$Server.call(RPC.java:1227) [hadoop-common-3.3.6.jar:?]
	at org.apache.hadoop.ipc.Server$RpcCall.run(Server.java:1094) [hadoop-common-3.3.6.jar:?]
	at org.apache.hadoop.ipc.Server$RpcCall.run(Server.java:1017) [hadoop-common-3.3.6.jar:?]
	at java.security.AccessController.doPrivileged(Native Method) ~[?:1.8.0_372]
	at javax.security.auth.Subject.doAs(Subject.java:422) [?:1.8.0_372]
	at org.apache.hadoop.security.UserGroupInformation.doAs(UserGroupInformation.java:1899) [hadoop-common-3.3.6.jar:?]
	at org.apache.hadoop.ipc.Server$Handler.run(Server.java:3048) [hadoop-common-3.3.6.jar:?]
10:55:38.869 [IPC Server handler 9 on default port 15004] ERROR OMAudit - user=runner | ip=127.0.0.1 | op=GET_FILE_STATUS {volume=volume25555, bucket=bucket68101, key=level0/level2/level2/file1, dataSize=0, replicationConfig=null} | ret=FAILURE
org.apache.hadoop.ozone.om.exceptions.OMException: Unable to get file status: volume: volume25555 bucket: bucket68101 key: level0/level2/level2/file1
	at org.apache.hadoop.ozone.om.KeyManagerImpl.getOzoneFileStatusFSO(KeyManagerImpl.java:1311) ~[ozone-manager-1.4.0-SNAPSHOT.jar:?]
	at org.apache.hadoop.ozone.om.KeyManagerImpl.getFileStatus(KeyManagerImpl.java:1102) ~[ozone-manager-1.4.0-SNAPSHOT.jar:?]
	at org.apache.hadoop.ozone.om.OmMetadataReader.getFileStatus(OmMetadataReader.java:262) ~[ozone-manager-1.4.0-SNAPSHOT.jar:?]
	at org.apache.hadoop.ozone.om.OzoneManager.getFileStatus(OzoneManager.java:3527) ~[ozone-manager-1.4.0-SNAPSHOT.jar:?]
	at org.apache.hadoop.ozone.protocolPB.OzoneManagerRequestHandler.getOzoneFileStatus(OzoneManagerRequestHandler.java:973) ~[ozone-manager-1.4.0-SNAPSHOT.jar:?]
	at org.apache.hadoop.ozone.protocolPB.OzoneManagerRequestHandler.handleReadRequest(OzoneManagerRequestHandler.java:252) ~[ozone-manager-1.4.0-SNAPSHOT.jar:?]
	at org.apache.hadoop.ozone.protocolPB.OzoneManagerProtocolServerSideTranslatorPB.submitReadRequestToOM(OzoneManagerProtocolServerSideTranslatorPB.java:225) ~[ozone-manager-1.4.0-SNAPSHOT.jar:?]
	at org.apache.hadoop.ozone.protocolPB.OzoneManagerProtocolServerSideTranslatorPB.processRequest(OzoneManagerProtocolServerSideTranslatorPB.java:179) ~[ozone-manager-1.4.0-SNAPSHOT.jar:?]
	at org.apache.hadoop.hdds.server.OzoneProtocolMessageDispatcher.processRequest(OzoneProtocolMessageDispatcher.java:87) [hdds-server-framework-1.4.0-SNAPSHOT.jar:?]
	at org.apache.hadoop.ozone.protocolPB.OzoneManagerProtocolServerSideTranslatorPB.submitRequest(OzoneManagerProtocolServerSideTranslatorPB.java:148) [ozone-manager-1.4.0-SNAPSHOT.jar:?]
	at org.apache.hadoop.ozone.protocol.proto.OzoneManagerProtocolProtos$OzoneManagerService$2.callBlockingMethod(OzoneManagerProtocolProtos.java) [ozone-interface-client-1.4.0-SNAPSHOT.jar:?]
	at org.apache.hadoop.ipc.ProtobufRpcEngine$Server.processCall(ProtobufRpcEngine.java:484) [hadoop-common-3.3.6.jar:?]
	at org.apache.hadoop.ipc.ProtobufRpcEngine2$Server$ProtoBufRpcInvoker.call(ProtobufRpcEngine2.java:595) [hadoop-common-3.3.6.jar:?]
	at org.apache.hadoop.ipc.ProtobufRpcEngine2$Server$ProtoBufRpcInvoker.call(ProtobufRpcEngine2.java:573) [hadoop-common-3.3.6.jar:?]
	at org.apache.hadoop.ipc.RPC$Server.call(RPC.java:1227) [hadoop-common-3.3.6.jar:?]
	at org.apache.hadoop.ipc.Server$RpcCall.run(Server.java:1094) [hadoop-common-3.3.6.jar:?]
	at org.apache.hadoop.ipc.Server$RpcCall.run(Server.java:1017) [hadoop-common-3.3.6.jar:?]
	at java.security.AccessController.doPrivileged(Native Method) ~[?:1.8.0_372]
	at javax.security.auth.Subject.doAs(Subject.java:422) [?:1.8.0_372]
	at org.apache.hadoop.security.UserGroupInformation.doAs(UserGroupInformation.java:1899) [hadoop-common-3.3.6.jar:?]
	at org.apache.hadoop.ipc.Server$Handler.run(Server.java:3048) [hadoop-common-3.3.6.jar:?]
10:55:38.871 [IPC Server handler 7 on default port 15004] ERROR OMAudit - user=runner | ip=127.0.0.1 | op=GET_FILE_STATUS {volume=volume25555, bucket=bucket68101, key=level0/level3, dataSize=0, replicationConfig=null} | ret=FAILURE
org.apache.hadoop.ozone.om.exceptions.OMException: Unable to get file status: volume: volume25555 bucket: bucket68101 key: level0/level3
	at org.apache.hadoop.ozone.om.KeyManagerImpl.getOzoneFileStatusFSO(KeyManagerImpl.java:1311) ~[ozone-manager-1.4.0-SNAPSHOT.jar:?]
	at org.apache.hadoop.ozone.om.KeyManagerImpl.getFileStatus(KeyManagerImpl.java:1102) ~[ozone-manager-1.4.0-SNAPSHOT.jar:?]
	at org.apache.hadoop.ozone.om.OmMetadataReader.getFileStatus(OmMetadataReader.java:262) ~[ozone-manager-1.4.0-SNAPSHOT.jar:?]
	at org.apache.hadoop.ozone.om.OzoneManager.getFileStatus(OzoneManager.java:3527) ~[ozone-manager-1.4.0-SNAPSHOT.jar:?]
	at org.apache.hadoop.ozone.protocolPB.OzoneManagerRequestHandler.getOzoneFileStatus(OzoneManagerRequestHandler.java:973) ~[ozone-manager-1.4.0-SNAPSHOT.jar:?]
	at org.apache.hadoop.ozone.protocolPB.OzoneManagerRequestHandler.handleReadRequest(OzoneManagerRequestHandler.java:252) ~[ozone-manager-1.4.0-SNAPSHOT.jar:?]
	at org.apache.hadoop.ozone.protocolPB.OzoneManagerProtocolServerSideTranslatorPB.submitReadRequestToOM(OzoneManagerProtocolServerSideTranslatorPB.java:225) ~[ozone-manager-1.4.0-SNAPSHOT.jar:?]
	at org.apache.hadoop.ozone.protocolPB.OzoneManagerProtocolServerSideTranslatorPB.processRequest(OzoneManagerProtocolServerSideTranslatorPB.java:179) ~[ozone-manager-1.4.0-SNAPSHOT.jar:?]
	at org.apache.hadoop.hdds.server.OzoneProtocolMessageDispatcher.processRequest(OzoneProtocolMessageDispatcher.java:87) [hdds-server-framework-1.4.0-SNAPSHOT.jar:?]
	at org.apache.hadoop.ozone.protocolPB.OzoneManagerProtocolServerSideTranslatorPB.submitRequest(OzoneManagerProtocolServerSideTranslatorPB.java:148) [ozone-manager-1.4.0-SNAPSHOT.jar:?]
	at org.apache.hadoop.ozone.protocol.proto.OzoneManagerProtocolProtos$OzoneManagerService$2.callBlockingMethod(OzoneManagerProtocolProtos.java) [ozone-interface-client-1.4.0-SNAPSHOT.jar:?]
	at org.apache.hadoop.ipc.ProtobufRpcEngine$Server.processCall(ProtobufRpcEngine.java:484) [hadoop-common-3.3.6.jar:?]
	at org.apache.hadoop.ipc.ProtobufRpcEngine2$Server$ProtoBufRpcInvoker.call(ProtobufRpcEngine2.java:595) [hadoop-common-3.3.6.jar:?]
	at org.apache.hadoop.ipc.ProtobufRpcEngine2$Server$ProtoBufRpcInvoker.call(ProtobufRpcEngine2.java:573) [hadoop-common-3.3.6.jar:?]
	at org.apache.hadoop.ipc.RPC$Server.call(RPC.java:1227) [hadoop-common-3.3.6.jar:?]
	at org.apache.hadoop.ipc.Server$RpcCall.run(Server.java:1094) [hadoop-common-3.3.6.jar:?]
	at org.apache.hadoop.ipc.Server$RpcCall.run(Server.java:1017) [hadoop-common-3.3.6.jar:?]
	at java.security.AccessController.doPrivileged(Native Method) ~[?:1.8.0_372]
	at javax.security.auth.Subject.doAs(Subject.java:422) [?:1.8.0_372]
	at org.apache.hadoop.security.UserGroupInformation.doAs(UserGroupInformation.java:1899) [hadoop-common-3.3.6.jar:?]
	at org.apache.hadoop.ipc.Server$Handler.run(Server.java:3048) [hadoop-common-3.3.6.jar:?]
10:55:38.872 [IPC Server handler 8 on default port 15004] ERROR OMAudit - user=runner | ip=127.0.0.1 | op=GET_FILE_STATUS {volume=volume25555, bucket=bucket68101, key=level0/level3/level3, dataSize=0, replicationConfig=null} | ret=FAILURE
org.apache.hadoop.ozone.om.exceptions.OMException: Unable to get file status: volume: volume25555 bucket: bucket68101 key: level0/level3/level3
	at org.apache.hadoop.ozone.om.KeyManagerImpl.getOzoneFileStatusFSO(KeyManagerImpl.java:1311) ~[ozone-manager-1.4.0-SNAPSHOT.jar:?]
	at org.apache.hadoop.ozone.om.KeyManagerImpl.getFileStatus(KeyManagerImpl.java:1102) ~[ozone-manager-1.4.0-SNAPSHOT.jar:?]
	at org.apache.hadoop.ozone.om.OmMetadataReader.getFileStatus(OmMetadataReader.java:262) ~[ozone-manager-1.4.0-SNAPSHOT.jar:?]
	at org.apache.hadoop.ozone.om.OzoneManager.getFileStatus(OzoneManager.java:3527) ~[ozone-manager-1.4.0-SNAPSHOT.jar:?]
	at org.apache.hadoop.ozone.protocolPB.OzoneManagerRequestHandler.getOzoneFileStatus(OzoneManagerRequestHandler.java:973) ~[ozone-manager-1.4.0-SNAPSHOT.jar:?]
	at org.apache.hadoop.ozone.protocolPB.OzoneManagerRequestHandler.handleReadRequest(OzoneManagerRequestHandler.java:252) ~[ozone-manager-1.4.0-SNAPSHOT.jar:?]
	at org.apache.hadoop.ozone.protocolPB.OzoneManagerProtocolServerSideTranslatorPB.submitReadRequestToOM(OzoneManagerProtocolServerSideTranslatorPB.java:225) ~[ozone-manager-1.4.0-SNAPSHOT.jar:?]
	at org.apache.hadoop.ozone.protocolPB.OzoneManagerProtocolServerSideTranslatorPB.processRequest(OzoneManagerProtocolServerSideTranslatorPB.java:179) ~[ozone-manager-1.4.0-SNAPSHOT.jar:?]
	at org.apache.hadoop.hdds.server.OzoneProtocolMessageDispatcher.processRequest(OzoneProtocolMessageDispatcher.java:87) [hdds-server-framework-1.4.0-SNAPSHOT.jar:?]
	at org.apache.hadoop.ozone.protocolPB.OzoneManagerProtocolServerSideTranslatorPB.submitRequest(OzoneManagerProtocolServerSideTranslatorPB.java:148) [ozone-manager-1.4.0-SNAPSHOT.jar:?]
	at org.apache.hadoop.ozone.protocol.proto.OzoneManagerProtocolProtos$OzoneManagerService$2.callBlockingMethod(OzoneManagerProtocolProtos.java) [ozone-interface-client-1.4.0-SNAPSHOT.jar:?]
	at org.apache.hadoop.ipc.ProtobufRpcEngine$Server.processCall(ProtobufRpcEngine.java:484) [hadoop-common-3.3.6.jar:?]
	at org.apache.hadoop.ipc.ProtobufRpcEngine2$Server$ProtoBufRpcInvoker.call(ProtobufRpcEngine2.java:595) [hadoop-common-3.3.6.jar:?]
	at org.apache.hadoop.ipc.ProtobufRpcEngine2$Server$ProtoBufRpcInvoker.call(ProtobufRpcEngine2.java:573) [hadoop-common-3.3.6.jar:?]
	at org.apache.hadoop.ipc.RPC$Server.call(RPC.java:1227) [hadoop-common-3.3.6.jar:?]
	at org.apache.hadoop.ipc.Server$RpcCall.run(Server.java:1094) [hadoop-common-3.3.6.jar:?]
	at org.apache.hadoop.ipc.Server$RpcCall.run(Server.java:1017) [hadoop-common-3.3.6.jar:?]
	at java.security.AccessController.doPrivileged(Native Method) ~[?:1.8.0_372]
	at javax.security.auth.Subject.doAs(Subject.java:422) [?:1.8.0_372]
	at org.apache.hadoop.security.UserGroupInformation.doAs(UserGroupInformation.java:1899) [hadoop-common-3.3.6.jar:?]
	at org.apache.hadoop.ipc.Server$Handler.run(Server.java:3048) [hadoop-common-3.3.6.jar:?]
10:55:38.874 [IPC Server handler 15 on default port 15004] ERROR OMAudit - user=runner | ip=127.0.0.1 | op=GET_FILE_STATUS {volume=volume25555, bucket=bucket68101, key=level0/level3/file1, dataSize=0, replicationConfig=null} | ret=FAILURE
org.apache.hadoop.ozone.om.exceptions.OMException: Unable to get file status: volume: volume25555 bucket: bucket68101 key: level0/level3/file1
	at org.apache.hadoop.ozone.om.KeyManagerImpl.getOzoneFileStatusFSO(KeyManagerImpl.java:1311) ~[ozone-manager-1.4.0-SNAPSHOT.jar:?]
	at org.apache.hadoop.ozone.om.KeyManagerImpl.getFileStatus(KeyManagerImpl.java:1102) ~[ozone-manager-1.4.0-SNAPSHOT.jar:?]
	at org.apache.hadoop.ozone.om.OmMetadataReader.getFileStatus(OmMetadataReader.java:262) ~[ozone-manager-1.4.0-SNAPSHOT.jar:?]
	at org.apache.hadoop.ozone.om.OzoneManager.getFileStatus(OzoneManager.java:3527) ~[ozone-manager-1.4.0-SNAPSHOT.jar:?]
	at org.apache.hadoop.ozone.protocolPB.OzoneManagerRequestHandler.getOzoneFileStatus(OzoneManagerRequestHandler.java:973) ~[ozone-manager-1.4.0-SNAPSHOT.jar:?]
	at org.apache.hadoop.ozone.protocolPB.OzoneManagerRequestHandler.handleReadRequest(OzoneManagerRequestHandler.java:252) ~[ozone-manager-1.4.0-SNAPSHOT.jar:?]
	at org.apache.hadoop.ozone.protocolPB.OzoneManagerProtocolServerSideTranslatorPB.submitReadRequestToOM(OzoneManagerProtocolServerSideTranslatorPB.java:225) ~[ozone-manager-1.4.0-SNAPSHOT.jar:?]
	at org.apache.hadoop.ozone.protocolPB.OzoneManagerProtocolServerSideTranslatorPB.processRequest(OzoneManagerProtocolServerSideTranslatorPB.java:179) ~[ozone-manager-1.4.0-SNAPSHOT.jar:?]
	at org.apache.hadoop.hdds.server.OzoneProtocolMessageDispatcher.processRequest(OzoneProtocolMessageDispatcher.java:87) [hdds-server-framework-1.4.0-SNAPSHOT.jar:?]
	at org.apache.hadoop.ozone.protocolPB.OzoneManagerProtocolServerSideTranslatorPB.submitRequest(OzoneManagerProtocolServerSideTranslatorPB.java:148) [ozone-manager-1.4.0-SNAPSHOT.jar:?]
	at org.apache.hadoop.ozone.protocol.proto.OzoneManagerProtocolProtos$OzoneManagerService$2.callBlockingMethod(OzoneManagerProtocolProtos.java) [ozone-interface-client-1.4.0-SNAPSHOT.jar:?]
	at org.apache.hadoop.ipc.ProtobufRpcEngine$Server.processCall(ProtobufRpcEngine.java:484) [hadoop-common-3.3.6.jar:?]
	at org.apache.hadoop.ipc.ProtobufRpcEngine2$Server$ProtoBufRpcInvoker.call(ProtobufRpcEngine2.java:595) [hadoop-common-3.3.6.jar:?]
	at org.apache.hadoop.ipc.ProtobufRpcEngine2$Server$ProtoBufRpcInvoker.call(ProtobufRpcEngine2.java:573) [hadoop-common-3.3.6.jar:?]
	at org.apache.hadoop.ipc.RPC$Server.call(RPC.java:1227) [hadoop-common-3.3.6.jar:?]
	at org.apache.hadoop.ipc.Server$RpcCall.run(Server.java:1094) [hadoop-common-3.3.6.jar:?]
	at org.apache.hadoop.ipc.Server$RpcCall.run(Server.java:1017) [hadoop-common-3.3.6.jar:?]
	at java.security.AccessController.doPrivileged(Native Method) ~[?:1.8.0_372]
	at javax.security.auth.Subject.doAs(Subject.java:422) [?:1.8.0_372]
	at org.apache.hadoop.security.UserGroupInformation.doAs(UserGroupInformation.java:1899) [hadoop-common-3.3.6.jar:?]
	at org.apache.hadoop.ipc.Server$Handler.run(Server.java:3048) [hadoop-common-3.3.6.jar:?]
10:55:38.876 [IPC Server handler 11 on default port 15004] ERROR OMAudit - user=runner | ip=127.0.0.1 | op=GET_FILE_STATUS {volume=volume25555, bucket=bucket68101, key=level0/level3/level3/file1, dataSize=0, replicationConfig=null} | ret=FAILURE
org.apache.hadoop.ozone.om.exceptions.OMException: Unable to get file status: volume: volume25555 bucket: bucket68101 key: level0/level3/level3/file1
	at org.apache.hadoop.ozone.om.KeyManagerImpl.getOzoneFileStatusFSO(KeyManagerImpl.java:1311) ~[ozone-manager-1.4.0-SNAPSHOT.jar:?]
	at org.apache.hadoop.ozone.om.KeyManagerImpl.getFileStatus(KeyManagerImpl.java:1102) ~[ozone-manager-1.4.0-SNAPSHOT.jar:?]
	at org.apache.hadoop.ozone.om.OmMetadataReader.getFileStatus(OmMetadataReader.java:262) ~[ozone-manager-1.4.0-SNAPSHOT.jar:?]
	at org.apache.hadoop.ozone.om.OzoneManager.getFileStatus(OzoneManager.java:3527) ~[ozone-manager-1.4.0-SNAPSHOT.jar:?]
	at org.apache.hadoop.ozone.protocolPB.OzoneManagerRequestHandler.getOzoneFileStatus(OzoneManagerRequestHandler.java:973) ~[ozone-manager-1.4.0-SNAPSHOT.jar:?]
	at org.apache.hadoop.ozone.protocolPB.OzoneManagerRequestHandler.handleReadRequest(OzoneManagerRequestHandler.java:252) ~[ozone-manager-1.4.0-SNAPSHOT.jar:?]
	at org.apache.hadoop.ozone.protocolPB.OzoneManagerProtocolServerSideTranslatorPB.submitReadRequestToOM(OzoneManagerProtocolServerSideTranslatorPB.java:225) ~[ozone-manager-1.4.0-SNAPSHOT.jar:?]
	at org.apache.hadoop.ozone.protocolPB.OzoneManagerProtocolServerSideTranslatorPB.processRequest(OzoneManagerProtocolServerSideTranslatorPB.java:179) ~[ozone-manager-1.4.0-SNAPSHOT.jar:?]
	at org.apache.hadoop.hdds.server.OzoneProtocolMessageDispatcher.processRequest(OzoneProtocolMessageDispatcher.java:87) [hdds-server-framework-1.4.0-SNAPSHOT.jar:?]
	at org.apache.hadoop.ozone.protocolPB.OzoneManagerProtocolServerSideTranslatorPB.submitRequest(OzoneManagerProtocolServerSideTranslatorPB.java:148) [ozone-manager-1.4.0-SNAPSHOT.jar:?]
	at org.apache.hadoop.ozone.protocol.proto.OzoneManagerProtocolProtos$OzoneManagerService$2.callBlockingMethod(OzoneManagerProtocolProtos.java) [ozone-interface-client-1.4.0-SNAPSHOT.jar:?]
	at org.apache.hadoop.ipc.ProtobufRpcEngine$Server.processCall(ProtobufRpcEngine.java:484) [hadoop-common-3.3.6.jar:?]
	at org.apache.hadoop.ipc.ProtobufRpcEngine2$Server$ProtoBufRpcInvoker.call(ProtobufRpcEngine2.java:595) [hadoop-common-3.3.6.jar:?]
	at org.apache.hadoop.ipc.ProtobufRpcEngine2$Server$ProtoBufRpcInvoker.call(ProtobufRpcEngine2.java:573) [hadoop-common-3.3.6.jar:?]
	at org.apache.hadoop.ipc.RPC$Server.call(RPC.java:1227) [hadoop-common-3.3.6.jar:?]
	at org.apache.hadoop.ipc.Server$RpcCall.run(Server.java:1094) [hadoop-common-3.3.6.jar:?]
	at org.apache.hadoop.ipc.Server$RpcCall.run(Server.java:1017) [hadoop-common-3.3.6.jar:?]
	at java.security.AccessController.doPrivileged(Native Method) ~[?:1.8.0_372]
	at javax.security.auth.Subject.doAs(Subject.java:422) [?:1.8.0_372]
	at org.apache.hadoop.security.UserGroupInformation.doAs(UserGroupInformation.java:1899) [hadoop-common-3.3.6.jar:?]
	at org.apache.hadoop.ipc.Server$Handler.run(Server.java:3048) [hadoop-common-3.3.6.jar:?]
]]></system-out>
  </testcase>
  <testcase name="testRecursiveDelete" classname="TestOzoneFileSystemWithFSO" time="0.188">
    <system-out><![CDATA[10:56:56.627 [IPC Server handler 5 on default port 15057] ERROR OMAudit - user=runner | ip=127.0.0.1 | op=DELETE_KEY {volume=volume90736, bucket=bucket48182, key=gdir1/pdir1, dataSize=0, replicationType=NONE, replicationFactor=ZERO} | ret=FAILURE
org.apache.hadoop.ozone.om.exceptions.OMException: Directory is not empty. Key:gdir1/pdir1
	at org.apache.hadoop.ozone.om.request.key.OMKeyDeleteRequestWithFSO.validateAndUpdateCache(OMKeyDeleteRequestWithFSO.java:140) ~[ozone-manager-1.4.0-SNAPSHOT.jar:?]
	at org.apache.hadoop.ozone.protocolPB.OzoneManagerRequestHandler.handleWriteRequest(OzoneManagerRequestHandler.java:375) ~[ozone-manager-1.4.0-SNAPSHOT.jar:?]
	at org.apache.hadoop.ozone.protocolPB.OzoneManagerProtocolServerSideTranslatorPB.submitRequestDirectlyToOM(OzoneManagerProtocolServerSideTranslatorPB.java:280) ~[ozone-manager-1.4.0-SNAPSHOT.jar:?]
	at org.apache.hadoop.ozone.protocolPB.OzoneManagerProtocolServerSideTranslatorPB.processRequest(OzoneManagerProtocolServerSideTranslatorPB.java:175) ~[ozone-manager-1.4.0-SNAPSHOT.jar:?]
	at org.apache.hadoop.hdds.server.OzoneProtocolMessageDispatcher.processRequest(OzoneProtocolMessageDispatcher.java:87) [hdds-server-framework-1.4.0-SNAPSHOT.jar:?]
	at org.apache.hadoop.ozone.protocolPB.OzoneManagerProtocolServerSideTranslatorPB.submitRequest(OzoneManagerProtocolServerSideTranslatorPB.java:148) [ozone-manager-1.4.0-SNAPSHOT.jar:?]
	at org.apache.hadoop.ozone.protocol.proto.OzoneManagerProtocolProtos$OzoneManagerService$2.callBlockingMethod(OzoneManagerProtocolProtos.java) [ozone-interface-client-1.4.0-SNAPSHOT.jar:?]
	at org.apache.hadoop.ipc.ProtobufRpcEngine$Server.processCall(ProtobufRpcEngine.java:484) [hadoop-common-3.3.6.jar:?]
	at org.apache.hadoop.ipc.ProtobufRpcEngine2$Server$ProtoBufRpcInvoker.call(ProtobufRpcEngine2.java:595) [hadoop-common-3.3.6.jar:?]
	at org.apache.hadoop.ipc.ProtobufRpcEngine2$Server$ProtoBufRpcInvoker.call(ProtobufRpcEngine2.java:573) [hadoop-common-3.3.6.jar:?]
	at org.apache.hadoop.ipc.RPC$Server.call(RPC.java:1227) [hadoop-common-3.3.6.jar:?]
	at org.apache.hadoop.ipc.Server$RpcCall.run(Server.java:1094) [hadoop-common-3.3.6.jar:?]
	at org.apache.hadoop.ipc.Server$RpcCall.run(Server.java:1017) [hadoop-common-3.3.6.jar:?]
	at java.security.AccessController.doPrivileged(Native Method) ~[?:1.8.0_372]
	at javax.security.auth.Subject.doAs(Subject.java:422) [?:1.8.0_372]
	at org.apache.hadoop.security.UserGroupInformation.doAs(UserGroupInformation.java:1899) [hadoop-common-3.3.6.jar:?]
	at org.apache.hadoop.ipc.Server$Handler.run(Server.java:3048) [hadoop-common-3.3.6.jar:?]
2023-07-25 10:56:56,628 [IPC Server handler 5 on default port 15057] ERROR key.OMKeyDeleteRequestWithFSO (OMKeyDeleteRequestWithFSO.java:validateAndUpdateCache(200)) - Key delete failed. Volume:volume90736, Bucket:bucket48182, Key:gdir1/pdir1.
DIRECTORY_NOT_EMPTY org.apache.hadoop.ozone.om.exceptions.OMException: Directory is not empty. Key:gdir1/pdir1
	at org.apache.hadoop.ozone.om.request.key.OMKeyDeleteRequestWithFSO.validateAndUpdateCache(OMKeyDeleteRequestWithFSO.java:140)
	at org.apache.hadoop.ozone.protocolPB.OzoneManagerRequestHandler.handleWriteRequest(OzoneManagerRequestHandler.java:375)
	at org.apache.hadoop.ozone.protocolPB.OzoneManagerProtocolServerSideTranslatorPB.submitRequestDirectlyToOM(OzoneManagerProtocolServerSideTranslatorPB.java:280)
	at org.apache.hadoop.ozone.protocolPB.OzoneManagerProtocolServerSideTranslatorPB.processRequest(OzoneManagerProtocolServerSideTranslatorPB.java:175)
	at org.apache.hadoop.hdds.server.OzoneProtocolMessageDispatcher.processRequest(OzoneProtocolMessageDispatcher.java:87)
	at org.apache.hadoop.ozone.protocolPB.OzoneManagerProtocolServerSideTranslatorPB.submitRequest(OzoneManagerProtocolServerSideTranslatorPB.java:148)
	at org.apache.hadoop.ozone.protocol.proto.OzoneManagerProtocolProtos$OzoneManagerService$2.callBlockingMethod(OzoneManagerProtocolProtos.java)
	at org.apache.hadoop.ipc.ProtobufRpcEngine$Server.processCall(ProtobufRpcEngine.java:484)
	at org.apache.hadoop.ipc.ProtobufRpcEngine2$Server$ProtoBufRpcInvoker.call(ProtobufRpcEngine2.java:595)
	at org.apache.hadoop.ipc.ProtobufRpcEngine2$Server$ProtoBufRpcInvoker.call(ProtobufRpcEngine2.java:573)
	at org.apache.hadoop.ipc.RPC$Server.call(RPC.java:1227)
	at org.apache.hadoop.ipc.Server$RpcCall.run(Server.java:1094)
	at org.apache.hadoop.ipc.Server$RpcCall.run(Server.java:1017)
	at java.security.AccessController.doPrivileged(Native Method)
	at javax.security.auth.Subject.doAs(Subject.java:422)
	at org.apache.hadoop.security.UserGroupInformation.doAs(UserGroupInformation.java:1899)
	at org.apache.hadoop.ipc.Server$Handler.run(Server.java:3048)
2023-07-25 10:56:56,628 [Time-limited test] ERROR ozone.BasicOzoneClientAdapterImpl (BasicOzoneClientAdapterImpl.java:deleteObject(360)) - delete key failed Directory is not empty. Key:gdir1/pdir1
10:56:56.630 [IPC Server handler 2 on default port 15057] ERROR OMAudit - user=runner | ip=127.0.0.1 | op=DELETE_KEY {volume=volume90736, bucket=bucket48182, key=gdir1, dataSize=0, replicationType=NONE, replicationFactor=ZERO} | ret=FAILURE
org.apache.hadoop.ozone.om.exceptions.OMException: Directory is not empty. Key:gdir1
	at org.apache.hadoop.ozone.om.request.key.OMKeyDeleteRequestWithFSO.validateAndUpdateCache(OMKeyDeleteRequestWithFSO.java:140) ~[ozone-manager-1.4.0-SNAPSHOT.jar:?]
	at org.apache.hadoop.ozone.protocolPB.OzoneManagerRequestHandler.handleWriteRequest(OzoneManagerRequestHandler.java:375) ~[ozone-manager-1.4.0-SNAPSHOT.jar:?]
	at org.apache.hadoop.ozone.protocolPB.OzoneManagerProtocolServerSideTranslatorPB.submitRequestDirectlyToOM(OzoneManagerProtocolServerSideTranslatorPB.java:280) ~[ozone-manager-1.4.0-SNAPSHOT.jar:?]
	at org.apache.hadoop.ozone.protocolPB.OzoneManagerProtocolServerSideTranslatorPB.processRequest(OzoneManagerProtocolServerSideTranslatorPB.java:175) ~[ozone-manager-1.4.0-SNAPSHOT.jar:?]
	at org.apache.hadoop.hdds.server.OzoneProtocolMessageDispatcher.processRequest(OzoneProtocolMessageDispatcher.java:87) [hdds-server-framework-1.4.0-SNAPSHOT.jar:?]
	at org.apache.hadoop.ozone.protocolPB.OzoneManagerProtocolServerSideTranslatorPB.submitRequest(OzoneManagerProtocolServerSideTranslatorPB.java:148) [ozone-manager-1.4.0-SNAPSHOT.jar:?]
	at org.apache.hadoop.ozone.protocol.proto.OzoneManagerProtocolProtos$OzoneManagerService$2.callBlockingMethod(OzoneManagerProtocolProtos.java) [ozone-interface-client-1.4.0-SNAPSHOT.jar:?]
	at org.apache.hadoop.ipc.ProtobufRpcEngine$Server.processCall(ProtobufRpcEngine.java:484) [hadoop-common-3.3.6.jar:?]
	at org.apache.hadoop.ipc.ProtobufRpcEngine2$Server$ProtoBufRpcInvoker.call(ProtobufRpcEngine2.java:595) [hadoop-common-3.3.6.jar:?]
	at org.apache.hadoop.ipc.ProtobufRpcEngine2$Server$ProtoBufRpcInvoker.call(ProtobufRpcEngine2.java:573) [hadoop-common-3.3.6.jar:?]
	at org.apache.hadoop.ipc.RPC$Server.call(RPC.java:1227) [hadoop-common-3.3.6.jar:?]
	at org.apache.hadoop.ipc.Server$RpcCall.run(Server.java:1094) [hadoop-common-3.3.6.jar:?]
	at org.apache.hadoop.ipc.Server$RpcCall.run(Server.java:1017) [hadoop-common-3.3.6.jar:?]
	at java.security.AccessController.doPrivileged(Native Method) ~[?:1.8.0_372]
	at javax.security.auth.Subject.doAs(Subject.java:422) [?:1.8.0_372]
	at org.apache.hadoop.security.UserGroupInformation.doAs(UserGroupInformation.java:1899) [hadoop-common-3.3.6.jar:?]
	at org.apache.hadoop.ipc.Server$Handler.run(Server.java:3048) [hadoop-common-3.3.6.jar:?]
2023-07-25 10:56:56,630 [IPC Server handler 2 on default port 15057] ERROR key.OMKeyDeleteRequestWithFSO (OMKeyDeleteRequestWithFSO.java:validateAndUpdateCache(200)) - Key delete failed. Volume:volume90736, Bucket:bucket48182, Key:gdir1.
DIRECTORY_NOT_EMPTY org.apache.hadoop.ozone.om.exceptions.OMException: Directory is not empty. Key:gdir1
	at org.apache.hadoop.ozone.om.request.key.OMKeyDeleteRequestWithFSO.validateAndUpdateCache(OMKeyDeleteRequestWithFSO.java:140)
	at org.apache.hadoop.ozone.protocolPB.OzoneManagerRequestHandler.handleWriteRequest(OzoneManagerRequestHandler.java:375)
	at org.apache.hadoop.ozone.protocolPB.OzoneManagerProtocolServerSideTranslatorPB.submitRequestDirectlyToOM(OzoneManagerProtocolServerSideTranslatorPB.java:280)
	at org.apache.hadoop.ozone.protocolPB.OzoneManagerProtocolServerSideTranslatorPB.processRequest(OzoneManagerProtocolServerSideTranslatorPB.java:175)
	at org.apache.hadoop.hdds.server.OzoneProtocolMessageDispatcher.processRequest(OzoneProtocolMessageDispatcher.java:87)
	at org.apache.hadoop.ozone.protocolPB.OzoneManagerProtocolServerSideTranslatorPB.submitRequest(OzoneManagerProtocolServerSideTranslatorPB.java:148)
	at org.apache.hadoop.ozone.protocol.proto.OzoneManagerProtocolProtos$OzoneManagerService$2.callBlockingMethod(OzoneManagerProtocolProtos.java)
	at org.apache.hadoop.ipc.ProtobufRpcEngine$Server.processCall(ProtobufRpcEngine.java:484)
	at org.apache.hadoop.ipc.ProtobufRpcEngine2$Server$ProtoBufRpcInvoker.call(ProtobufRpcEngine2.java:595)
	at org.apache.hadoop.ipc.ProtobufRpcEngine2$Server$ProtoBufRpcInvoker.call(ProtobufRpcEngine2.java:573)
	at org.apache.hadoop.ipc.RPC$Server.call(RPC.java:1227)
	at org.apache.hadoop.ipc.Server$RpcCall.run(Server.java:1094)
	at org.apache.hadoop.ipc.Server$RpcCall.run(Server.java:1017)
	at java.security.AccessController.doPrivileged(Native Method)
	at javax.security.auth.Subject.doAs(Subject.java:422)
	at org.apache.hadoop.security.UserGroupInformation.doAs(UserGroupInformation.java:1899)
	at org.apache.hadoop.ipc.Server$Handler.run(Server.java:3048)
2023-07-25 10:56:56,633 [Time-limited test] ERROR ozone.BasicOzoneClientAdapterImpl (BasicOzoneClientAdapterImpl.java:deleteObject(360)) - delete key failed Directory is not empty. Key:gdir1
10:56:56.635 [IPC Server handler 10 on default port 15057] ERROR OMAudit - user=runner | ip=127.0.0.1 | op=GET_FILE_STATUS {volume=volume90736, bucket=bucket48182, key=gdir1, dataSize=0, replicationConfig=null} | ret=FAILURE
org.apache.hadoop.ozone.om.exceptions.OMException: Unable to get file status: volume: volume90736 bucket: bucket48182 key: gdir1
	at org.apache.hadoop.ozone.om.KeyManagerImpl.getOzoneFileStatusFSO(KeyManagerImpl.java:1311) ~[ozone-manager-1.4.0-SNAPSHOT.jar:?]
	at org.apache.hadoop.ozone.om.KeyManagerImpl.getFileStatus(KeyManagerImpl.java:1102) ~[ozone-manager-1.4.0-SNAPSHOT.jar:?]
	at org.apache.hadoop.ozone.om.OmMetadataReader.getFileStatus(OmMetadataReader.java:262) ~[ozone-manager-1.4.0-SNAPSHOT.jar:?]
	at org.apache.hadoop.ozone.om.OzoneManager.getFileStatus(OzoneManager.java:3527) ~[ozone-manager-1.4.0-SNAPSHOT.jar:?]
	at org.apache.hadoop.ozone.protocolPB.OzoneManagerRequestHandler.getOzoneFileStatus(OzoneManagerRequestHandler.java:973) ~[ozone-manager-1.4.0-SNAPSHOT.jar:?]
	at org.apache.hadoop.ozone.protocolPB.OzoneManagerRequestHandler.handleReadRequest(OzoneManagerRequestHandler.java:252) ~[ozone-manager-1.4.0-SNAPSHOT.jar:?]
	at org.apache.hadoop.ozone.protocolPB.OzoneManagerProtocolServerSideTranslatorPB.submitRequestDirectlyToOM(OzoneManagerProtocolServerSideTranslatorPB.java:274) ~[ozone-manager-1.4.0-SNAPSHOT.jar:?]
	at org.apache.hadoop.ozone.protocolPB.OzoneManagerProtocolServerSideTranslatorPB.processRequest(OzoneManagerProtocolServerSideTranslatorPB.java:175) ~[ozone-manager-1.4.0-SNAPSHOT.jar:?]
	at org.apache.hadoop.hdds.server.OzoneProtocolMessageDispatcher.processRequest(OzoneProtocolMessageDispatcher.java:87) [hdds-server-framework-1.4.0-SNAPSHOT.jar:?]
	at org.apache.hadoop.ozone.protocolPB.OzoneManagerProtocolServerSideTranslatorPB.submitRequest(OzoneManagerProtocolServerSideTranslatorPB.java:148) [ozone-manager-1.4.0-SNAPSHOT.jar:?]
	at org.apache.hadoop.ozone.protocol.proto.OzoneManagerProtocolProtos$OzoneManagerService$2.callBlockingMethod(OzoneManagerProtocolProtos.java) [ozone-interface-client-1.4.0-SNAPSHOT.jar:?]
	at org.apache.hadoop.ipc.ProtobufRpcEngine$Server.processCall(ProtobufRpcEngine.java:484) [hadoop-common-3.3.6.jar:?]
	at org.apache.hadoop.ipc.ProtobufRpcEngine2$Server$ProtoBufRpcInvoker.call(ProtobufRpcEngine2.java:595) [hadoop-common-3.3.6.jar:?]
	at org.apache.hadoop.ipc.ProtobufRpcEngine2$Server$ProtoBufRpcInvoker.call(ProtobufRpcEngine2.java:573) [hadoop-common-3.3.6.jar:?]
	at org.apache.hadoop.ipc.RPC$Server.call(RPC.java:1227) [hadoop-common-3.3.6.jar:?]
	at org.apache.hadoop.ipc.Server$RpcCall.run(Server.java:1094) [hadoop-common-3.3.6.jar:?]
	at org.apache.hadoop.ipc.Server$RpcCall.run(Server.java:1017) [hadoop-common-3.3.6.jar:?]
	at java.security.AccessController.doPrivileged(Native Method) ~[?:1.8.0_372]
	at javax.security.auth.Subject.doAs(Subject.java:422) [?:1.8.0_372]
	at org.apache.hadoop.security.UserGroupInformation.doAs(UserGroupInformation.java:1899) [hadoop-common-3.3.6.jar:?]
	at org.apache.hadoop.ipc.Server$Handler.run(Server.java:3048) [hadoop-common-3.3.6.jar:?]
10:56:56.637 [IPC Server handler 12 on default port 15057] ERROR OMAudit - user=runner | ip=127.0.0.1 | op=GET_FILE_STATUS {volume=volume90736, bucket=bucket48182, key=gdir1/dir1, dataSize=0, replicationConfig=null} | ret=FAILURE
org.apache.hadoop.ozone.om.exceptions.OMException: Unable to get file status: volume: volume90736 bucket: bucket48182 key: gdir1/dir1
	at org.apache.hadoop.ozone.om.KeyManagerImpl.getOzoneFileStatusFSO(KeyManagerImpl.java:1311) ~[ozone-manager-1.4.0-SNAPSHOT.jar:?]
	at org.apache.hadoop.ozone.om.KeyManagerImpl.getFileStatus(KeyManagerImpl.java:1102) ~[ozone-manager-1.4.0-SNAPSHOT.jar:?]
	at org.apache.hadoop.ozone.om.OmMetadataReader.getFileStatus(OmMetadataReader.java:262) ~[ozone-manager-1.4.0-SNAPSHOT.jar:?]
	at org.apache.hadoop.ozone.om.OzoneManager.getFileStatus(OzoneManager.java:3527) ~[ozone-manager-1.4.0-SNAPSHOT.jar:?]
	at org.apache.hadoop.ozone.protocolPB.OzoneManagerRequestHandler.getOzoneFileStatus(OzoneManagerRequestHandler.java:973) ~[ozone-manager-1.4.0-SNAPSHOT.jar:?]
	at org.apache.hadoop.ozone.protocolPB.OzoneManagerRequestHandler.handleReadRequest(OzoneManagerRequestHandler.java:252) ~[ozone-manager-1.4.0-SNAPSHOT.jar:?]
	at org.apache.hadoop.ozone.protocolPB.OzoneManagerProtocolServerSideTranslatorPB.submitRequestDirectlyToOM(OzoneManagerProtocolServerSideTranslatorPB.java:274) ~[ozone-manager-1.4.0-SNAPSHOT.jar:?]
	at org.apache.hadoop.ozone.protocolPB.OzoneManagerProtocolServerSideTranslatorPB.processRequest(OzoneManagerProtocolServerSideTranslatorPB.java:175) ~[ozone-manager-1.4.0-SNAPSHOT.jar:?]
	at org.apache.hadoop.hdds.server.OzoneProtocolMessageDispatcher.processRequest(OzoneProtocolMessageDispatcher.java:87) [hdds-server-framework-1.4.0-SNAPSHOT.jar:?]
	at org.apache.hadoop.ozone.protocolPB.OzoneManagerProtocolServerSideTranslatorPB.submitRequest(OzoneManagerProtocolServerSideTranslatorPB.java:148) [ozone-manager-1.4.0-SNAPSHOT.jar:?]
	at org.apache.hadoop.ozone.protocol.proto.OzoneManagerProtocolProtos$OzoneManagerService$2.callBlockingMethod(OzoneManagerProtocolProtos.java) [ozone-interface-client-1.4.0-SNAPSHOT.jar:?]
	at org.apache.hadoop.ipc.ProtobufRpcEngine$Server.processCall(ProtobufRpcEngine.java:484) [hadoop-common-3.3.6.jar:?]
	at org.apache.hadoop.ipc.ProtobufRpcEngine2$Server$ProtoBufRpcInvoker.call(ProtobufRpcEngine2.java:595) [hadoop-common-3.3.6.jar:?]
	at org.apache.hadoop.ipc.ProtobufRpcEngine2$Server$ProtoBufRpcInvoker.call(ProtobufRpcEngine2.java:573) [hadoop-common-3.3.6.jar:?]
	at org.apache.hadoop.ipc.RPC$Server.call(RPC.java:1227) [hadoop-common-3.3.6.jar:?]
	at org.apache.hadoop.ipc.Server$RpcCall.run(Server.java:1094) [hadoop-common-3.3.6.jar:?]
	at org.apache.hadoop.ipc.Server$RpcCall.run(Server.java:1017) [hadoop-common-3.3.6.jar:?]
	at java.security.AccessController.doPrivileged(Native Method) ~[?:1.8.0_372]
	at javax.security.auth.Subject.doAs(Subject.java:422) [?:1.8.0_372]
	at org.apache.hadoop.security.UserGroupInformation.doAs(UserGroupInformation.java:1899) [hadoop-common-3.3.6.jar:?]
	at org.apache.hadoop.ipc.Server$Handler.run(Server.java:3048) [hadoop-common-3.3.6.jar:?]
10:56:56.638 [IPC Server handler 14 on default port 15057] ERROR OMAudit - user=runner | ip=127.0.0.1 | op=GET_FILE_STATUS {volume=volume90736, bucket=bucket48182, key=gdir1/dir1/child, dataSize=0, replicationConfig=null} | ret=FAILURE
org.apache.hadoop.ozone.om.exceptions.OMException: Unable to get file status: volume: volume90736 bucket: bucket48182 key: gdir1/dir1/child
	at org.apache.hadoop.ozone.om.KeyManagerImpl.getOzoneFileStatusFSO(KeyManagerImpl.java:1311) ~[ozone-manager-1.4.0-SNAPSHOT.jar:?]
	at org.apache.hadoop.ozone.om.KeyManagerImpl.getFileStatus(KeyManagerImpl.java:1102) ~[ozone-manager-1.4.0-SNAPSHOT.jar:?]
	at org.apache.hadoop.ozone.om.OmMetadataReader.getFileStatus(OmMetadataReader.java:262) ~[ozone-manager-1.4.0-SNAPSHOT.jar:?]
	at org.apache.hadoop.ozone.om.OzoneManager.getFileStatus(OzoneManager.java:3527) ~[ozone-manager-1.4.0-SNAPSHOT.jar:?]
	at org.apache.hadoop.ozone.protocolPB.OzoneManagerRequestHandler.getOzoneFileStatus(OzoneManagerRequestHandler.java:973) ~[ozone-manager-1.4.0-SNAPSHOT.jar:?]
	at org.apache.hadoop.ozone.protocolPB.OzoneManagerRequestHandler.handleReadRequest(OzoneManagerRequestHandler.java:252) ~[ozone-manager-1.4.0-SNAPSHOT.jar:?]
	at org.apache.hadoop.ozone.protocolPB.OzoneManagerProtocolServerSideTranslatorPB.submitRequestDirectlyToOM(OzoneManagerProtocolServerSideTranslatorPB.java:274) ~[ozone-manager-1.4.0-SNAPSHOT.jar:?]
	at org.apache.hadoop.ozone.protocolPB.OzoneManagerProtocolServerSideTranslatorPB.processRequest(OzoneManagerProtocolServerSideTranslatorPB.java:175) ~[ozone-manager-1.4.0-SNAPSHOT.jar:?]
	at org.apache.hadoop.hdds.server.OzoneProtocolMessageDispatcher.processRequest(OzoneProtocolMessageDispatcher.java:87) [hdds-server-framework-1.4.0-SNAPSHOT.jar:?]
	at org.apache.hadoop.ozone.protocolPB.OzoneManagerProtocolServerSideTranslatorPB.submitRequest(OzoneManagerProtocolServerSideTranslatorPB.java:148) [ozone-manager-1.4.0-SNAPSHOT.jar:?]
	at org.apache.hadoop.ozone.protocol.proto.OzoneManagerProtocolProtos$OzoneManagerService$2.callBlockingMethod(OzoneManagerProtocolProtos.java) [ozone-interface-client-1.4.0-SNAPSHOT.jar:?]
	at org.apache.hadoop.ipc.ProtobufRpcEngine$Server.processCall(ProtobufRpcEngine.java:484) [hadoop-common-3.3.6.jar:?]
	at org.apache.hadoop.ipc.ProtobufRpcEngine2$Server$ProtoBufRpcInvoker.call(ProtobufRpcEngine2.java:595) [hadoop-common-3.3.6.jar:?]
	at org.apache.hadoop.ipc.ProtobufRpcEngine2$Server$ProtoBufRpcInvoker.call(ProtobufRpcEngine2.java:573) [hadoop-common-3.3.6.jar:?]
	at org.apache.hadoop.ipc.RPC$Server.call(RPC.java:1227) [hadoop-common-3.3.6.jar:?]
	at org.apache.hadoop.ipc.Server$RpcCall.run(Server.java:1094) [hadoop-common-3.3.6.jar:?]
	at org.apache.hadoop.ipc.Server$RpcCall.run(Server.java:1017) [hadoop-common-3.3.6.jar:?]
	at java.security.AccessController.doPrivileged(Native Method) ~[?:1.8.0_372]
	at javax.security.auth.Subject.doAs(Subject.java:422) [?:1.8.0_372]
	at org.apache.hadoop.security.UserGroupInformation.doAs(UserGroupInformation.java:1899) [hadoop-common-3.3.6.jar:?]
	at org.apache.hadoop.ipc.Server$Handler.run(Server.java:3048) [hadoop-common-3.3.6.jar:?]
10:56:56.639 [IPC Server handler 16 on default port 15057] ERROR OMAudit - user=runner | ip=127.0.0.1 | op=GET_FILE_STATUS {volume=volume90736, bucket=bucket48182, key=gdir1/dir2, dataSize=0, replicationConfig=null} | ret=FAILURE
org.apache.hadoop.ozone.om.exceptions.OMException: Unable to get file status: volume: volume90736 bucket: bucket48182 key: gdir1/dir2
	at org.apache.hadoop.ozone.om.KeyManagerImpl.getOzoneFileStatusFSO(KeyManagerImpl.java:1311) ~[ozone-manager-1.4.0-SNAPSHOT.jar:?]
	at org.apache.hadoop.ozone.om.KeyManagerImpl.getFileStatus(KeyManagerImpl.java:1102) ~[ozone-manager-1.4.0-SNAPSHOT.jar:?]
	at org.apache.hadoop.ozone.om.OmMetadataReader.getFileStatus(OmMetadataReader.java:262) ~[ozone-manager-1.4.0-SNAPSHOT.jar:?]
	at org.apache.hadoop.ozone.om.OzoneManager.getFileStatus(OzoneManager.java:3527) ~[ozone-manager-1.4.0-SNAPSHOT.jar:?]
	at org.apache.hadoop.ozone.protocolPB.OzoneManagerRequestHandler.getOzoneFileStatus(OzoneManagerRequestHandler.java:973) ~[ozone-manager-1.4.0-SNAPSHOT.jar:?]
	at org.apache.hadoop.ozone.protocolPB.OzoneManagerRequestHandler.handleReadRequest(OzoneManagerRequestHandler.java:252) ~[ozone-manager-1.4.0-SNAPSHOT.jar:?]
	at org.apache.hadoop.ozone.protocolPB.OzoneManagerProtocolServerSideTranslatorPB.submitRequestDirectlyToOM(OzoneManagerProtocolServerSideTranslatorPB.java:274) ~[ozone-manager-1.4.0-SNAPSHOT.jar:?]
	at org.apache.hadoop.ozone.protocolPB.OzoneManagerProtocolServerSideTranslatorPB.processRequest(OzoneManagerProtocolServerSideTranslatorPB.java:175) ~[ozone-manager-1.4.0-SNAPSHOT.jar:?]
	at org.apache.hadoop.hdds.server.OzoneProtocolMessageDispatcher.processRequest(OzoneProtocolMessageDispatcher.java:87) [hdds-server-framework-1.4.0-SNAPSHOT.jar:?]
	at org.apache.hadoop.ozone.protocolPB.OzoneManagerProtocolServerSideTranslatorPB.submitRequest(OzoneManagerProtocolServerSideTranslatorPB.java:148) [ozone-manager-1.4.0-SNAPSHOT.jar:?]
	at org.apache.hadoop.ozone.protocol.proto.OzoneManagerProtocolProtos$OzoneManagerService$2.callBlockingMethod(OzoneManagerProtocolProtos.java) [ozone-interface-client-1.4.0-SNAPSHOT.jar:?]
	at org.apache.hadoop.ipc.ProtobufRpcEngine$Server.processCall(ProtobufRpcEngine.java:484) [hadoop-common-3.3.6.jar:?]
	at org.apache.hadoop.ipc.ProtobufRpcEngine2$Server$ProtoBufRpcInvoker.call(ProtobufRpcEngine2.java:595) [hadoop-common-3.3.6.jar:?]
	at org.apache.hadoop.ipc.ProtobufRpcEngine2$Server$ProtoBufRpcInvoker.call(ProtobufRpcEngine2.java:573) [hadoop-common-3.3.6.jar:?]
	at org.apache.hadoop.ipc.RPC$Server.call(RPC.java:1227) [hadoop-common-3.3.6.jar:?]
	at org.apache.hadoop.ipc.Server$RpcCall.run(Server.java:1094) [hadoop-common-3.3.6.jar:?]
	at org.apache.hadoop.ipc.Server$RpcCall.run(Server.java:1017) [hadoop-common-3.3.6.jar:?]
	at java.security.AccessController.doPrivileged(Native Method) ~[?:1.8.0_372]
	at javax.security.auth.Subject.doAs(Subject.java:422) [?:1.8.0_372]
	at org.apache.hadoop.security.UserGroupInformation.doAs(UserGroupInformation.java:1899) [hadoop-common-3.3.6.jar:?]
	at org.apache.hadoop.ipc.Server$Handler.run(Server.java:3048) [hadoop-common-3.3.6.jar:?]
10:56:56.641 [IPC Server handler 15 on default port 15057] ERROR OMAudit - user=runner | ip=127.0.0.1 | op=GET_FILE_STATUS {volume=volume90736, bucket=bucket48182, key=gdir1/dir2/child, dataSize=0, replicationConfig=null} | ret=FAILURE
org.apache.hadoop.ozone.om.exceptions.OMException: Unable to get file status: volume: volume90736 bucket: bucket48182 key: gdir1/dir2/child
	at org.apache.hadoop.ozone.om.KeyManagerImpl.getOzoneFileStatusFSO(KeyManagerImpl.java:1311) ~[ozone-manager-1.4.0-SNAPSHOT.jar:?]
	at org.apache.hadoop.ozone.om.KeyManagerImpl.getFileStatus(KeyManagerImpl.java:1102) ~[ozone-manager-1.4.0-SNAPSHOT.jar:?]
	at org.apache.hadoop.ozone.om.OmMetadataReader.getFileStatus(OmMetadataReader.java:262) ~[ozone-manager-1.4.0-SNAPSHOT.jar:?]
	at org.apache.hadoop.ozone.om.OzoneManager.getFileStatus(OzoneManager.java:3527) ~[ozone-manager-1.4.0-SNAPSHOT.jar:?]
	at org.apache.hadoop.ozone.protocolPB.OzoneManagerRequestHandler.getOzoneFileStatus(OzoneManagerRequestHandler.java:973) ~[ozone-manager-1.4.0-SNAPSHOT.jar:?]
	at org.apache.hadoop.ozone.protocolPB.OzoneManagerRequestHandler.handleReadRequest(OzoneManagerRequestHandler.java:252) ~[ozone-manager-1.4.0-SNAPSHOT.jar:?]
	at org.apache.hadoop.ozone.protocolPB.OzoneManagerProtocolServerSideTranslatorPB.submitRequestDirectlyToOM(OzoneManagerProtocolServerSideTranslatorPB.java:274) ~[ozone-manager-1.4.0-SNAPSHOT.jar:?]
	at org.apache.hadoop.ozone.protocolPB.OzoneManagerProtocolServerSideTranslatorPB.processRequest(OzoneManagerProtocolServerSideTranslatorPB.java:175) ~[ozone-manager-1.4.0-SNAPSHOT.jar:?]
	at org.apache.hadoop.hdds.server.OzoneProtocolMessageDispatcher.processRequest(OzoneProtocolMessageDispatcher.java:87) [hdds-server-framework-1.4.0-SNAPSHOT.jar:?]
	at org.apache.hadoop.ozone.protocolPB.OzoneManagerProtocolServerSideTranslatorPB.submitRequest(OzoneManagerProtocolServerSideTranslatorPB.java:148) [ozone-manager-1.4.0-SNAPSHOT.jar:?]
	at org.apache.hadoop.ozone.protocol.proto.OzoneManagerProtocolProtos$OzoneManagerService$2.callBlockingMethod(OzoneManagerProtocolProtos.java) [ozone-interface-client-1.4.0-SNAPSHOT.jar:?]
	at org.apache.hadoop.ipc.ProtobufRpcEngine$Server.processCall(ProtobufRpcEngine.java:484) [hadoop-common-3.3.6.jar:?]
	at org.apache.hadoop.ipc.ProtobufRpcEngine2$Server$ProtoBufRpcInvoker.call(ProtobufRpcEngine2.java:595) [hadoop-common-3.3.6.jar:?]
	at org.apache.hadoop.ipc.ProtobufRpcEngine2$Server$ProtoBufRpcInvoker.call(ProtobufRpcEngine2.java:573) [hadoop-common-3.3.6.jar:?]
	at org.apache.hadoop.ipc.RPC$Server.call(RPC.java:1227) [hadoop-common-3.3.6.jar:?]
	at org.apache.hadoop.ipc.Server$RpcCall.run(Server.java:1094) [hadoop-common-3.3.6.jar:?]
	at org.apache.hadoop.ipc.Server$RpcCall.run(Server.java:1017) [hadoop-common-3.3.6.jar:?]
	at java.security.AccessController.doPrivileged(Native Method) ~[?:1.8.0_372]
	at javax.security.auth.Subject.doAs(Subject.java:422) [?:1.8.0_372]
	at org.apache.hadoop.security.UserGroupInformation.doAs(UserGroupInformation.java:1899) [hadoop-common-3.3.6.jar:?]
	at org.apache.hadoop.ipc.Server$Handler.run(Server.java:3048) [hadoop-common-3.3.6.jar:?]
10:56:56.642 [IPC Server handler 13 on default port 15057] ERROR OMAudit - user=runner | ip=127.0.0.1 | op=GET_FILE_STATUS {volume=volume90736, bucket=bucket48182, key=gdir1/dir3, dataSize=0, replicationConfig=null} | ret=FAILURE
org.apache.hadoop.ozone.om.exceptions.OMException: Unable to get file status: volume: volume90736 bucket: bucket48182 key: gdir1/dir3
	at org.apache.hadoop.ozone.om.KeyManagerImpl.getOzoneFileStatusFSO(KeyManagerImpl.java:1311) ~[ozone-manager-1.4.0-SNAPSHOT.jar:?]
	at org.apache.hadoop.ozone.om.KeyManagerImpl.getFileStatus(KeyManagerImpl.java:1102) ~[ozone-manager-1.4.0-SNAPSHOT.jar:?]
	at org.apache.hadoop.ozone.om.OmMetadataReader.getFileStatus(OmMetadataReader.java:262) ~[ozone-manager-1.4.0-SNAPSHOT.jar:?]
	at org.apache.hadoop.ozone.om.OzoneManager.getFileStatus(OzoneManager.java:3527) ~[ozone-manager-1.4.0-SNAPSHOT.jar:?]
	at org.apache.hadoop.ozone.protocolPB.OzoneManagerRequestHandler.getOzoneFileStatus(OzoneManagerRequestHandler.java:973) ~[ozone-manager-1.4.0-SNAPSHOT.jar:?]
	at org.apache.hadoop.ozone.protocolPB.OzoneManagerRequestHandler.handleReadRequest(OzoneManagerRequestHandler.java:252) ~[ozone-manager-1.4.0-SNAPSHOT.jar:?]
	at org.apache.hadoop.ozone.protocolPB.OzoneManagerProtocolServerSideTranslatorPB.submitRequestDirectlyToOM(OzoneManagerProtocolServerSideTranslatorPB.java:274) ~[ozone-manager-1.4.0-SNAPSHOT.jar:?]
	at org.apache.hadoop.ozone.protocolPB.OzoneManagerProtocolServerSideTranslatorPB.processRequest(OzoneManagerProtocolServerSideTranslatorPB.java:175) ~[ozone-manager-1.4.0-SNAPSHOT.jar:?]
	at org.apache.hadoop.hdds.server.OzoneProtocolMessageDispatcher.processRequest(OzoneProtocolMessageDispatcher.java:87) [hdds-server-framework-1.4.0-SNAPSHOT.jar:?]
	at org.apache.hadoop.ozone.protocolPB.OzoneManagerProtocolServerSideTranslatorPB.submitRequest(OzoneManagerProtocolServerSideTranslatorPB.java:148) [ozone-manager-1.4.0-SNAPSHOT.jar:?]
	at org.apache.hadoop.ozone.protocol.proto.OzoneManagerProtocolProtos$OzoneManagerService$2.callBlockingMethod(OzoneManagerProtocolProtos.java) [ozone-interface-client-1.4.0-SNAPSHOT.jar:?]
	at org.apache.hadoop.ipc.ProtobufRpcEngine$Server.processCall(ProtobufRpcEngine.java:484) [hadoop-common-3.3.6.jar:?]
	at org.apache.hadoop.ipc.ProtobufRpcEngine2$Server$ProtoBufRpcInvoker.call(ProtobufRpcEngine2.java:595) [hadoop-common-3.3.6.jar:?]
	at org.apache.hadoop.ipc.ProtobufRpcEngine2$Server$ProtoBufRpcInvoker.call(ProtobufRpcEngine2.java:573) [hadoop-common-3.3.6.jar:?]
	at org.apache.hadoop.ipc.RPC$Server.call(RPC.java:1227) [hadoop-common-3.3.6.jar:?]
	at org.apache.hadoop.ipc.Server$RpcCall.run(Server.java:1094) [hadoop-common-3.3.6.jar:?]
	at org.apache.hadoop.ipc.Server$RpcCall.run(Server.java:1017) [hadoop-common-3.3.6.jar:?]
	at java.security.AccessController.doPrivileged(Native Method) ~[?:1.8.0_372]
	at javax.security.auth.Subject.doAs(Subject.java:422) [?:1.8.0_372]
	at org.apache.hadoop.security.UserGroupInformation.doAs(UserGroupInformation.java:1899) [hadoop-common-3.3.6.jar:?]
	at org.apache.hadoop.ipc.Server$Handler.run(Server.java:3048) [hadoop-common-3.3.6.jar:?]
10:56:56.643 [IPC Server handler 18 on default port 15057] ERROR OMAudit - user=runner | ip=127.0.0.1 | op=GET_FILE_STATUS {volume=volume90736, bucket=bucket48182, key=gdir1/dir3/child, dataSize=0, replicationConfig=null} | ret=FAILURE
org.apache.hadoop.ozone.om.exceptions.OMException: Unable to get file status: volume: volume90736 bucket: bucket48182 key: gdir1/dir3/child
	at org.apache.hadoop.ozone.om.KeyManagerImpl.getOzoneFileStatusFSO(KeyManagerImpl.java:1311) ~[ozone-manager-1.4.0-SNAPSHOT.jar:?]
	at org.apache.hadoop.ozone.om.KeyManagerImpl.getFileStatus(KeyManagerImpl.java:1102) ~[ozone-manager-1.4.0-SNAPSHOT.jar:?]
	at org.apache.hadoop.ozone.om.OmMetadataReader.getFileStatus(OmMetadataReader.java:262) ~[ozone-manager-1.4.0-SNAPSHOT.jar:?]
	at org.apache.hadoop.ozone.om.OzoneManager.getFileStatus(OzoneManager.java:3527) ~[ozone-manager-1.4.0-SNAPSHOT.jar:?]
	at org.apache.hadoop.ozone.protocolPB.OzoneManagerRequestHandler.getOzoneFileStatus(OzoneManagerRequestHandler.java:973) ~[ozone-manager-1.4.0-SNAPSHOT.jar:?]
	at org.apache.hadoop.ozone.protocolPB.OzoneManagerRequestHandler.handleReadRequest(OzoneManagerRequestHandler.java:252) ~[ozone-manager-1.4.0-SNAPSHOT.jar:?]
	at org.apache.hadoop.ozone.protocolPB.OzoneManagerProtocolServerSideTranslatorPB.submitRequestDirectlyToOM(OzoneManagerProtocolServerSideTranslatorPB.java:274) ~[ozone-manager-1.4.0-SNAPSHOT.jar:?]
	at org.apache.hadoop.ozone.protocolPB.OzoneManagerProtocolServerSideTranslatorPB.processRequest(OzoneManagerProtocolServerSideTranslatorPB.java:175) ~[ozone-manager-1.4.0-SNAPSHOT.jar:?]
	at org.apache.hadoop.hdds.server.OzoneProtocolMessageDispatcher.processRequest(OzoneProtocolMessageDispatcher.java:87) [hdds-server-framework-1.4.0-SNAPSHOT.jar:?]
	at org.apache.hadoop.ozone.protocolPB.OzoneManagerProtocolServerSideTranslatorPB.submitRequest(OzoneManagerProtocolServerSideTranslatorPB.java:148) [ozone-manager-1.4.0-SNAPSHOT.jar:?]
	at org.apache.hadoop.ozone.protocol.proto.OzoneManagerProtocolProtos$OzoneManagerService$2.callBlockingMethod(OzoneManagerProtocolProtos.java) [ozone-interface-client-1.4.0-SNAPSHOT.jar:?]
	at org.apache.hadoop.ipc.ProtobufRpcEngine$Server.processCall(ProtobufRpcEngine.java:484) [hadoop-common-3.3.6.jar:?]
	at org.apache.hadoop.ipc.ProtobufRpcEngine2$Server$ProtoBufRpcInvoker.call(ProtobufRpcEngine2.java:595) [hadoop-common-3.3.6.jar:?]
	at org.apache.hadoop.ipc.ProtobufRpcEngine2$Server$ProtoBufRpcInvoker.call(ProtobufRpcEngine2.java:573) [hadoop-common-3.3.6.jar:?]
	at org.apache.hadoop.ipc.RPC$Server.call(RPC.java:1227) [hadoop-common-3.3.6.jar:?]
	at org.apache.hadoop.ipc.Server$RpcCall.run(Server.java:1094) [hadoop-common-3.3.6.jar:?]
	at org.apache.hadoop.ipc.Server$RpcCall.run(Server.java:1017) [hadoop-common-3.3.6.jar:?]
	at java.security.AccessController.doPrivileged(Native Method) ~[?:1.8.0_372]
	at javax.security.auth.Subject.doAs(Subject.java:422) [?:1.8.0_372]
	at org.apache.hadoop.security.UserGroupInformation.doAs(UserGroupInformation.java:1899) [hadoop-common-3.3.6.jar:?]
	at org.apache.hadoop.ipc.Server$Handler.run(Server.java:3048) [hadoop-common-3.3.6.jar:?]
10:56:56.644 [IPC Server handler 17 on default port 15057] ERROR OMAudit - user=runner | ip=127.0.0.1 | op=GET_FILE_STATUS {volume=volume90736, bucket=bucket48182, key=gdir1/dir4, dataSize=0, replicationConfig=null} | ret=FAILURE
org.apache.hadoop.ozone.om.exceptions.OMException: Unable to get file status: volume: volume90736 bucket: bucket48182 key: gdir1/dir4
	at org.apache.hadoop.ozone.om.KeyManagerImpl.getOzoneFileStatusFSO(KeyManagerImpl.java:1311) ~[ozone-manager-1.4.0-SNAPSHOT.jar:?]
	at org.apache.hadoop.ozone.om.KeyManagerImpl.getFileStatus(KeyManagerImpl.java:1102) ~[ozone-manager-1.4.0-SNAPSHOT.jar:?]
	at org.apache.hadoop.ozone.om.OmMetadataReader.getFileStatus(OmMetadataReader.java:262) ~[ozone-manager-1.4.0-SNAPSHOT.jar:?]
	at org.apache.hadoop.ozone.om.OzoneManager.getFileStatus(OzoneManager.java:3527) ~[ozone-manager-1.4.0-SNAPSHOT.jar:?]
	at org.apache.hadoop.ozone.protocolPB.OzoneManagerRequestHandler.getOzoneFileStatus(OzoneManagerRequestHandler.java:973) ~[ozone-manager-1.4.0-SNAPSHOT.jar:?]
	at org.apache.hadoop.ozone.protocolPB.OzoneManagerRequestHandler.handleReadRequest(OzoneManagerRequestHandler.java:252) ~[ozone-manager-1.4.0-SNAPSHOT.jar:?]
	at org.apache.hadoop.ozone.protocolPB.OzoneManagerProtocolServerSideTranslatorPB.submitRequestDirectlyToOM(OzoneManagerProtocolServerSideTranslatorPB.java:274) ~[ozone-manager-1.4.0-SNAPSHOT.jar:?]
	at org.apache.hadoop.ozone.protocolPB.OzoneManagerProtocolServerSideTranslatorPB.processRequest(OzoneManagerProtocolServerSideTranslatorPB.java:175) ~[ozone-manager-1.4.0-SNAPSHOT.jar:?]
	at org.apache.hadoop.hdds.server.OzoneProtocolMessageDispatcher.processRequest(OzoneProtocolMessageDispatcher.java:87) [hdds-server-framework-1.4.0-SNAPSHOT.jar:?]
	at org.apache.hadoop.ozone.protocolPB.OzoneManagerProtocolServerSideTranslatorPB.submitRequest(OzoneManagerProtocolServerSideTranslatorPB.java:148) [ozone-manager-1.4.0-SNAPSHOT.jar:?]
	at org.apache.hadoop.ozone.protocol.proto.OzoneManagerProtocolProtos$OzoneManagerService$2.callBlockingMethod(OzoneManagerProtocolProtos.java) [ozone-interface-client-1.4.0-SNAPSHOT.jar:?]
	at org.apache.hadoop.ipc.ProtobufRpcEngine$Server.processCall(ProtobufRpcEngine.java:484) [hadoop-common-3.3.6.jar:?]
	at org.apache.hadoop.ipc.ProtobufRpcEngine2$Server$ProtoBufRpcInvoker.call(ProtobufRpcEngine2.java:595) [hadoop-common-3.3.6.jar:?]
	at org.apache.hadoop.ipc.ProtobufRpcEngine2$Server$ProtoBufRpcInvoker.call(ProtobufRpcEngine2.java:573) [hadoop-common-3.3.6.jar:?]
	at org.apache.hadoop.ipc.RPC$Server.call(RPC.java:1227) [hadoop-common-3.3.6.jar:?]
	at org.apache.hadoop.ipc.Server$RpcCall.run(Server.java:1094) [hadoop-common-3.3.6.jar:?]
	at org.apache.hadoop.ipc.Server$RpcCall.run(Server.java:1017) [hadoop-common-3.3.6.jar:?]
	at java.security.AccessController.doPrivileged(Native Method) ~[?:1.8.0_372]
	at javax.security.auth.Subject.doAs(Subject.java:422) [?:1.8.0_372]
	at org.apache.hadoop.security.UserGroupInformation.doAs(UserGroupInformation.java:1899) [hadoop-common-3.3.6.jar:?]
	at org.apache.hadoop.ipc.Server$Handler.run(Server.java:3048) [hadoop-common-3.3.6.jar:?]
10:56:56.645 [IPC Server handler 19 on default port 15057] ERROR OMAudit - user=runner | ip=127.0.0.1 | op=GET_FILE_STATUS {volume=volume90736, bucket=bucket48182, key=gdir1/dir4/child, dataSize=0, replicationConfig=null} | ret=FAILURE
org.apache.hadoop.ozone.om.exceptions.OMException: Unable to get file status: volume: volume90736 bucket: bucket48182 key: gdir1/dir4/child
	at org.apache.hadoop.ozone.om.KeyManagerImpl.getOzoneFileStatusFSO(KeyManagerImpl.java:1311) ~[ozone-manager-1.4.0-SNAPSHOT.jar:?]
	at org.apache.hadoop.ozone.om.KeyManagerImpl.getFileStatus(KeyManagerImpl.java:1102) ~[ozone-manager-1.4.0-SNAPSHOT.jar:?]
	at org.apache.hadoop.ozone.om.OmMetadataReader.getFileStatus(OmMetadataReader.java:262) ~[ozone-manager-1.4.0-SNAPSHOT.jar:?]
	at org.apache.hadoop.ozone.om.OzoneManager.getFileStatus(OzoneManager.java:3527) ~[ozone-manager-1.4.0-SNAPSHOT.jar:?]
	at org.apache.hadoop.ozone.protocolPB.OzoneManagerRequestHandler.getOzoneFileStatus(OzoneManagerRequestHandler.java:973) ~[ozone-manager-1.4.0-SNAPSHOT.jar:?]
	at org.apache.hadoop.ozone.protocolPB.OzoneManagerRequestHandler.handleReadRequest(OzoneManagerRequestHandler.java:252) ~[ozone-manager-1.4.0-SNAPSHOT.jar:?]
	at org.apache.hadoop.ozone.protocolPB.OzoneManagerProtocolServerSideTranslatorPB.submitRequestDirectlyToOM(OzoneManagerProtocolServerSideTranslatorPB.java:274) ~[ozone-manager-1.4.0-SNAPSHOT.jar:?]
	at org.apache.hadoop.ozone.protocolPB.OzoneManagerProtocolServerSideTranslatorPB.processRequest(OzoneManagerProtocolServerSideTranslatorPB.java:175) ~[ozone-manager-1.4.0-SNAPSHOT.jar:?]
	at org.apache.hadoop.hdds.server.OzoneProtocolMessageDispatcher.processRequest(OzoneProtocolMessageDispatcher.java:87) [hdds-server-framework-1.4.0-SNAPSHOT.jar:?]
	at org.apache.hadoop.ozone.protocolPB.OzoneManagerProtocolServerSideTranslatorPB.submitRequest(OzoneManagerProtocolServerSideTranslatorPB.java:148) [ozone-manager-1.4.0-SNAPSHOT.jar:?]
	at org.apache.hadoop.ozone.protocol.proto.OzoneManagerProtocolProtos$OzoneManagerService$2.callBlockingMethod(OzoneManagerProtocolProtos.java) [ozone-interface-client-1.4.0-SNAPSHOT.jar:?]
	at org.apache.hadoop.ipc.ProtobufRpcEngine$Server.processCall(ProtobufRpcEngine.java:484) [hadoop-common-3.3.6.jar:?]
	at org.apache.hadoop.ipc.ProtobufRpcEngine2$Server$ProtoBufRpcInvoker.call(ProtobufRpcEngine2.java:595) [hadoop-common-3.3.6.jar:?]
	at org.apache.hadoop.ipc.ProtobufRpcEngine2$Server$ProtoBufRpcInvoker.call(ProtobufRpcEngine2.java:573) [hadoop-common-3.3.6.jar:?]
	at org.apache.hadoop.ipc.RPC$Server.call(RPC.java:1227) [hadoop-common-3.3.6.jar:?]
	at org.apache.hadoop.ipc.Server$RpcCall.run(Server.java:1094) [hadoop-common-3.3.6.jar:?]
	at org.apache.hadoop.ipc.Server$RpcCall.run(Server.java:1017) [hadoop-common-3.3.6.jar:?]
	at java.security.AccessController.doPrivileged(Native Method) ~[?:1.8.0_372]
	at javax.security.auth.Subject.doAs(Subject.java:422) [?:1.8.0_372]
	at org.apache.hadoop.security.UserGroupInformation.doAs(UserGroupInformation.java:1899) [hadoop-common-3.3.6.jar:?]
	at org.apache.hadoop.ipc.Server$Handler.run(Server.java:3048) [hadoop-common-3.3.6.jar:?]
10:56:56.646 [IPC Server handler 1 on default port 15057] ERROR OMAudit - user=runner | ip=127.0.0.1 | op=GET_FILE_STATUS {volume=volume90736, bucket=bucket48182, key=gdir1/dir5, dataSize=0, replicationConfig=null} | ret=FAILURE
org.apache.hadoop.ozone.om.exceptions.OMException: Unable to get file status: volume: volume90736 bucket: bucket48182 key: gdir1/dir5
	at org.apache.hadoop.ozone.om.KeyManagerImpl.getOzoneFileStatusFSO(KeyManagerImpl.java:1311) ~[ozone-manager-1.4.0-SNAPSHOT.jar:?]
	at org.apache.hadoop.ozone.om.KeyManagerImpl.getFileStatus(KeyManagerImpl.java:1102) ~[ozone-manager-1.4.0-SNAPSHOT.jar:?]
	at org.apache.hadoop.ozone.om.OmMetadataReader.getFileStatus(OmMetadataReader.java:262) ~[ozone-manager-1.4.0-SNAPSHOT.jar:?]
	at org.apache.hadoop.ozone.om.OzoneManager.getFileStatus(OzoneManager.java:3527) ~[ozone-manager-1.4.0-SNAPSHOT.jar:?]
	at org.apache.hadoop.ozone.protocolPB.OzoneManagerRequestHandler.getOzoneFileStatus(OzoneManagerRequestHandler.java:973) ~[ozone-manager-1.4.0-SNAPSHOT.jar:?]
	at org.apache.hadoop.ozone.protocolPB.OzoneManagerRequestHandler.handleReadRequest(OzoneManagerRequestHandler.java:252) ~[ozone-manager-1.4.0-SNAPSHOT.jar:?]
	at org.apache.hadoop.ozone.protocolPB.OzoneManagerProtocolServerSideTranslatorPB.submitRequestDirectlyToOM(OzoneManagerProtocolServerSideTranslatorPB.java:274) ~[ozone-manager-1.4.0-SNAPSHOT.jar:?]
	at org.apache.hadoop.ozone.protocolPB.OzoneManagerProtocolServerSideTranslatorPB.processRequest(OzoneManagerProtocolServerSideTranslatorPB.java:175) ~[ozone-manager-1.4.0-SNAPSHOT.jar:?]
	at org.apache.hadoop.hdds.server.OzoneProtocolMessageDispatcher.processRequest(OzoneProtocolMessageDispatcher.java:87) [hdds-server-framework-1.4.0-SNAPSHOT.jar:?]
	at org.apache.hadoop.ozone.protocolPB.OzoneManagerProtocolServerSideTranslatorPB.submitRequest(OzoneManagerProtocolServerSideTranslatorPB.java:148) [ozone-manager-1.4.0-SNAPSHOT.jar:?]
	at org.apache.hadoop.ozone.protocol.proto.OzoneManagerProtocolProtos$OzoneManagerService$2.callBlockingMethod(OzoneManagerProtocolProtos.java) [ozone-interface-client-1.4.0-SNAPSHOT.jar:?]
	at org.apache.hadoop.ipc.ProtobufRpcEngine$Server.processCall(ProtobufRpcEngine.java:484) [hadoop-common-3.3.6.jar:?]
	at org.apache.hadoop.ipc.ProtobufRpcEngine2$Server$ProtoBufRpcInvoker.call(ProtobufRpcEngine2.java:595) [hadoop-common-3.3.6.jar:?]
	at org.apache.hadoop.ipc.ProtobufRpcEngine2$Server$ProtoBufRpcInvoker.call(ProtobufRpcEngine2.java:573) [hadoop-common-3.3.6.jar:?]
	at org.apache.hadoop.ipc.RPC$Server.call(RPC.java:1227) [hadoop-common-3.3.6.jar:?]
	at org.apache.hadoop.ipc.Server$RpcCall.run(Server.java:1094) [hadoop-common-3.3.6.jar:?]
	at org.apache.hadoop.ipc.Server$RpcCall.run(Server.java:1017) [hadoop-common-3.3.6.jar:?]
	at java.security.AccessController.doPrivileged(Native Method) ~[?:1.8.0_372]
	at javax.security.auth.Subject.doAs(Subject.java:422) [?:1.8.0_372]
	at org.apache.hadoop.security.UserGroupInformation.doAs(UserGroupInformation.java:1899) [hadoop-common-3.3.6.jar:?]
	at org.apache.hadoop.ipc.Server$Handler.run(Server.java:3048) [hadoop-common-3.3.6.jar:?]
10:56:56.647 [IPC Server handler 6 on default port 15057] ERROR OMAudit - user=runner | ip=127.0.0.1 | op=GET_FILE_STATUS {volume=volume90736, bucket=bucket48182, key=gdir1/dir5/child, dataSize=0, replicationConfig=null} | ret=FAILURE
org.apache.hadoop.ozone.om.exceptions.OMException: Unable to get file status: volume: volume90736 bucket: bucket48182 key: gdir1/dir5/child
	at org.apache.hadoop.ozone.om.KeyManagerImpl.getOzoneFileStatusFSO(KeyManagerImpl.java:1311) ~[ozone-manager-1.4.0-SNAPSHOT.jar:?]
	at org.apache.hadoop.ozone.om.KeyManagerImpl.getFileStatus(KeyManagerImpl.java:1102) ~[ozone-manager-1.4.0-SNAPSHOT.jar:?]
	at org.apache.hadoop.ozone.om.OmMetadataReader.getFileStatus(OmMetadataReader.java:262) ~[ozone-manager-1.4.0-SNAPSHOT.jar:?]
	at org.apache.hadoop.ozone.om.OzoneManager.getFileStatus(OzoneManager.java:3527) ~[ozone-manager-1.4.0-SNAPSHOT.jar:?]
	at org.apache.hadoop.ozone.protocolPB.OzoneManagerRequestHandler.getOzoneFileStatus(OzoneManagerRequestHandler.java:973) ~[ozone-manager-1.4.0-SNAPSHOT.jar:?]
	at org.apache.hadoop.ozone.protocolPB.OzoneManagerRequestHandler.handleReadRequest(OzoneManagerRequestHandler.java:252) ~[ozone-manager-1.4.0-SNAPSHOT.jar:?]
	at org.apache.hadoop.ozone.protocolPB.OzoneManagerProtocolServerSideTranslatorPB.submitRequestDirectlyToOM(OzoneManagerProtocolServerSideTranslatorPB.java:274) ~[ozone-manager-1.4.0-SNAPSHOT.jar:?]
	at org.apache.hadoop.ozone.protocolPB.OzoneManagerProtocolServerSideTranslatorPB.processRequest(OzoneManagerProtocolServerSideTranslatorPB.java:175) ~[ozone-manager-1.4.0-SNAPSHOT.jar:?]
	at org.apache.hadoop.hdds.server.OzoneProtocolMessageDispatcher.processRequest(OzoneProtocolMessageDispatcher.java:87) [hdds-server-framework-1.4.0-SNAPSHOT.jar:?]
	at org.apache.hadoop.ozone.protocolPB.OzoneManagerProtocolServerSideTranslatorPB.submitRequest(OzoneManagerProtocolServerSideTranslatorPB.java:148) [ozone-manager-1.4.0-SNAPSHOT.jar:?]
	at org.apache.hadoop.ozone.protocol.proto.OzoneManagerProtocolProtos$OzoneManagerService$2.callBlockingMethod(OzoneManagerProtocolProtos.java) [ozone-interface-client-1.4.0-SNAPSHOT.jar:?]
	at org.apache.hadoop.ipc.ProtobufRpcEngine$Server.processCall(ProtobufRpcEngine.java:484) [hadoop-common-3.3.6.jar:?]
	at org.apache.hadoop.ipc.ProtobufRpcEngine2$Server$ProtoBufRpcInvoker.call(ProtobufRpcEngine2.java:595) [hadoop-common-3.3.6.jar:?]
	at org.apache.hadoop.ipc.ProtobufRpcEngine2$Server$ProtoBufRpcInvoker.call(ProtobufRpcEngine2.java:573) [hadoop-common-3.3.6.jar:?]
	at org.apache.hadoop.ipc.RPC$Server.call(RPC.java:1227) [hadoop-common-3.3.6.jar:?]
	at org.apache.hadoop.ipc.Server$RpcCall.run(Server.java:1094) [hadoop-common-3.3.6.jar:?]
	at org.apache.hadoop.ipc.Server$RpcCall.run(Server.java:1017) [hadoop-common-3.3.6.jar:?]
	at java.security.AccessController.doPrivileged(Native Method) ~[?:1.8.0_372]
	at javax.security.auth.Subject.doAs(Subject.java:422) [?:1.8.0_372]
	at org.apache.hadoop.security.UserGroupInformation.doAs(UserGroupInformation.java:1899) [hadoop-common-3.3.6.jar:?]
	at org.apache.hadoop.ipc.Server$Handler.run(Server.java:3048) [hadoop-common-3.3.6.jar:?]
10:56:56.648 [IPC Server handler 7 on default port 15057] ERROR OMAudit - user=runner | ip=127.0.0.1 | op=GET_FILE_STATUS {volume=volume90736, bucket=bucket48182, key=gdir1/dir6, dataSize=0, replicationConfig=null} | ret=FAILURE
org.apache.hadoop.ozone.om.exceptions.OMException: Unable to get file status: volume: volume90736 bucket: bucket48182 key: gdir1/dir6
	at org.apache.hadoop.ozone.om.KeyManagerImpl.getOzoneFileStatusFSO(KeyManagerImpl.java:1311) ~[ozone-manager-1.4.0-SNAPSHOT.jar:?]
	at org.apache.hadoop.ozone.om.KeyManagerImpl.getFileStatus(KeyManagerImpl.java:1102) ~[ozone-manager-1.4.0-SNAPSHOT.jar:?]
	at org.apache.hadoop.ozone.om.OmMetadataReader.getFileStatus(OmMetadataReader.java:262) ~[ozone-manager-1.4.0-SNAPSHOT.jar:?]
	at org.apache.hadoop.ozone.om.OzoneManager.getFileStatus(OzoneManager.java:3527) ~[ozone-manager-1.4.0-SNAPSHOT.jar:?]
	at org.apache.hadoop.ozone.protocolPB.OzoneManagerRequestHandler.getOzoneFileStatus(OzoneManagerRequestHandler.java:973) ~[ozone-manager-1.4.0-SNAPSHOT.jar:?]
	at org.apache.hadoop.ozone.protocolPB.OzoneManagerRequestHandler.handleReadRequest(OzoneManagerRequestHandler.java:252) ~[ozone-manager-1.4.0-SNAPSHOT.jar:?]
	at org.apache.hadoop.ozone.protocolPB.OzoneManagerProtocolServerSideTranslatorPB.submitRequestDirectlyToOM(OzoneManagerProtocolServerSideTranslatorPB.java:274) ~[ozone-manager-1.4.0-SNAPSHOT.jar:?]
	at org.apache.hadoop.ozone.protocolPB.OzoneManagerProtocolServerSideTranslatorPB.processRequest(OzoneManagerProtocolServerSideTranslatorPB.java:175) ~[ozone-manager-1.4.0-SNAPSHOT.jar:?]
	at org.apache.hadoop.hdds.server.OzoneProtocolMessageDispatcher.processRequest(OzoneProtocolMessageDispatcher.java:87) [hdds-server-framework-1.4.0-SNAPSHOT.jar:?]
	at org.apache.hadoop.ozone.protocolPB.OzoneManagerProtocolServerSideTranslatorPB.submitRequest(OzoneManagerProtocolServerSideTranslatorPB.java:148) [ozone-manager-1.4.0-SNAPSHOT.jar:?]
	at org.apache.hadoop.ozone.protocol.proto.OzoneManagerProtocolProtos$OzoneManagerService$2.callBlockingMethod(OzoneManagerProtocolProtos.java) [ozone-interface-client-1.4.0-SNAPSHOT.jar:?]
	at org.apache.hadoop.ipc.ProtobufRpcEngine$Server.processCall(ProtobufRpcEngine.java:484) [hadoop-common-3.3.6.jar:?]
	at org.apache.hadoop.ipc.ProtobufRpcEngine2$Server$ProtoBufRpcInvoker.call(ProtobufRpcEngine2.java:595) [hadoop-common-3.3.6.jar:?]
	at org.apache.hadoop.ipc.ProtobufRpcEngine2$Server$ProtoBufRpcInvoker.call(ProtobufRpcEngine2.java:573) [hadoop-common-3.3.6.jar:?]
	at org.apache.hadoop.ipc.RPC$Server.call(RPC.java:1227) [hadoop-common-3.3.6.jar:?]
	at org.apache.hadoop.ipc.Server$RpcCall.run(Server.java:1094) [hadoop-common-3.3.6.jar:?]
	at org.apache.hadoop.ipc.Server$RpcCall.run(Server.java:1017) [hadoop-common-3.3.6.jar:?]
	at java.security.AccessController.doPrivileged(Native Method) ~[?:1.8.0_372]
	at javax.security.auth.Subject.doAs(Subject.java:422) [?:1.8.0_372]
	at org.apache.hadoop.security.UserGroupInformation.doAs(UserGroupInformation.java:1899) [hadoop-common-3.3.6.jar:?]
	at org.apache.hadoop.ipc.Server$Handler.run(Server.java:3048) [hadoop-common-3.3.6.jar:?]
10:56:56.650 [IPC Server handler 8 on default port 15057] ERROR OMAudit - user=runner | ip=127.0.0.1 | op=GET_FILE_STATUS {volume=volume90736, bucket=bucket48182, key=gdir1/dir6/child, dataSize=0, replicationConfig=null} | ret=FAILURE
org.apache.hadoop.ozone.om.exceptions.OMException: Unable to get file status: volume: volume90736 bucket: bucket48182 key: gdir1/dir6/child
	at org.apache.hadoop.ozone.om.KeyManagerImpl.getOzoneFileStatusFSO(KeyManagerImpl.java:1311) ~[ozone-manager-1.4.0-SNAPSHOT.jar:?]
	at org.apache.hadoop.ozone.om.KeyManagerImpl.getFileStatus(KeyManagerImpl.java:1102) ~[ozone-manager-1.4.0-SNAPSHOT.jar:?]
	at org.apache.hadoop.ozone.om.OmMetadataReader.getFileStatus(OmMetadataReader.java:262) ~[ozone-manager-1.4.0-SNAPSHOT.jar:?]
	at org.apache.hadoop.ozone.om.OzoneManager.getFileStatus(OzoneManager.java:3527) ~[ozone-manager-1.4.0-SNAPSHOT.jar:?]
	at org.apache.hadoop.ozone.protocolPB.OzoneManagerRequestHandler.getOzoneFileStatus(OzoneManagerRequestHandler.java:973) ~[ozone-manager-1.4.0-SNAPSHOT.jar:?]
	at org.apache.hadoop.ozone.protocolPB.OzoneManagerRequestHandler.handleReadRequest(OzoneManagerRequestHandler.java:252) ~[ozone-manager-1.4.0-SNAPSHOT.jar:?]
	at org.apache.hadoop.ozone.protocolPB.OzoneManagerProtocolServerSideTranslatorPB.submitRequestDirectlyToOM(OzoneManagerProtocolServerSideTranslatorPB.java:274) ~[ozone-manager-1.4.0-SNAPSHOT.jar:?]
	at org.apache.hadoop.ozone.protocolPB.OzoneManagerProtocolServerSideTranslatorPB.processRequest(OzoneManagerProtocolServerSideTranslatorPB.java:175) ~[ozone-manager-1.4.0-SNAPSHOT.jar:?]
	at org.apache.hadoop.hdds.server.OzoneProtocolMessageDispatcher.processRequest(OzoneProtocolMessageDispatcher.java:87) [hdds-server-framework-1.4.0-SNAPSHOT.jar:?]
	at org.apache.hadoop.ozone.protocolPB.OzoneManagerProtocolServerSideTranslatorPB.submitRequest(OzoneManagerProtocolServerSideTranslatorPB.java:148) [ozone-manager-1.4.0-SNAPSHOT.jar:?]
	at org.apache.hadoop.ozone.protocol.proto.OzoneManagerProtocolProtos$OzoneManagerService$2.callBlockingMethod(OzoneManagerProtocolProtos.java) [ozone-interface-client-1.4.0-SNAPSHOT.jar:?]
	at org.apache.hadoop.ipc.ProtobufRpcEngine$Server.processCall(ProtobufRpcEngine.java:484) [hadoop-common-3.3.6.jar:?]
	at org.apache.hadoop.ipc.ProtobufRpcEngine2$Server$ProtoBufRpcInvoker.call(ProtobufRpcEngine2.java:595) [hadoop-common-3.3.6.jar:?]
	at org.apache.hadoop.ipc.ProtobufRpcEngine2$Server$ProtoBufRpcInvoker.call(ProtobufRpcEngine2.java:573) [hadoop-common-3.3.6.jar:?]
	at org.apache.hadoop.ipc.RPC$Server.call(RPC.java:1227) [hadoop-common-3.3.6.jar:?]
	at org.apache.hadoop.ipc.Server$RpcCall.run(Server.java:1094) [hadoop-common-3.3.6.jar:?]
	at org.apache.hadoop.ipc.Server$RpcCall.run(Server.java:1017) [hadoop-common-3.3.6.jar:?]
	at java.security.AccessController.doPrivileged(Native Method) ~[?:1.8.0_372]
	at javax.security.auth.Subject.doAs(Subject.java:422) [?:1.8.0_372]
	at org.apache.hadoop.security.UserGroupInformation.doAs(UserGroupInformation.java:1899) [hadoop-common-3.3.6.jar:?]
	at org.apache.hadoop.ipc.Server$Handler.run(Server.java:3048) [hadoop-common-3.3.6.jar:?]
10:56:56.652 [IPC Server handler 9 on default port 15057] ERROR OMAudit - user=runner | ip=127.0.0.1 | op=GET_FILE_STATUS {volume=volume90736, bucket=bucket48182, key=gdir1/dir7, dataSize=0, replicationConfig=null} | ret=FAILURE
org.apache.hadoop.ozone.om.exceptions.OMException: Unable to get file status: volume: volume90736 bucket: bucket48182 key: gdir1/dir7
	at org.apache.hadoop.ozone.om.KeyManagerImpl.getOzoneFileStatusFSO(KeyManagerImpl.java:1311) ~[ozone-manager-1.4.0-SNAPSHOT.jar:?]
	at org.apache.hadoop.ozone.om.KeyManagerImpl.getFileStatus(KeyManagerImpl.java:1102) ~[ozone-manager-1.4.0-SNAPSHOT.jar:?]
	at org.apache.hadoop.ozone.om.OmMetadataReader.getFileStatus(OmMetadataReader.java:262) ~[ozone-manager-1.4.0-SNAPSHOT.jar:?]
	at org.apache.hadoop.ozone.om.OzoneManager.getFileStatus(OzoneManager.java:3527) ~[ozone-manager-1.4.0-SNAPSHOT.jar:?]
	at org.apache.hadoop.ozone.protocolPB.OzoneManagerRequestHandler.getOzoneFileStatus(OzoneManagerRequestHandler.java:973) ~[ozone-manager-1.4.0-SNAPSHOT.jar:?]
	at org.apache.hadoop.ozone.protocolPB.OzoneManagerRequestHandler.handleReadRequest(OzoneManagerRequestHandler.java:252) ~[ozone-manager-1.4.0-SNAPSHOT.jar:?]
	at org.apache.hadoop.ozone.protocolPB.OzoneManagerProtocolServerSideTranslatorPB.submitRequestDirectlyToOM(OzoneManagerProtocolServerSideTranslatorPB.java:274) ~[ozone-manager-1.4.0-SNAPSHOT.jar:?]
	at org.apache.hadoop.ozone.protocolPB.OzoneManagerProtocolServerSideTranslatorPB.processRequest(OzoneManagerProtocolServerSideTranslatorPB.java:175) ~[ozone-manager-1.4.0-SNAPSHOT.jar:?]
	at org.apache.hadoop.hdds.server.OzoneProtocolMessageDispatcher.processRequest(OzoneProtocolMessageDispatcher.java:87) [hdds-server-framework-1.4.0-SNAPSHOT.jar:?]
	at org.apache.hadoop.ozone.protocolPB.OzoneManagerProtocolServerSideTranslatorPB.submitRequest(OzoneManagerProtocolServerSideTranslatorPB.java:148) [ozone-manager-1.4.0-SNAPSHOT.jar:?]
	at org.apache.hadoop.ozone.protocol.proto.OzoneManagerProtocolProtos$OzoneManagerService$2.callBlockingMethod(OzoneManagerProtocolProtos.java) [ozone-interface-client-1.4.0-SNAPSHOT.jar:?]
	at org.apache.hadoop.ipc.ProtobufRpcEngine$Server.processCall(ProtobufRpcEngine.java:484) [hadoop-common-3.3.6.jar:?]
	at org.apache.hadoop.ipc.ProtobufRpcEngine2$Server$ProtoBufRpcInvoker.call(ProtobufRpcEngine2.java:595) [hadoop-common-3.3.6.jar:?]
	at org.apache.hadoop.ipc.ProtobufRpcEngine2$Server$ProtoBufRpcInvoker.call(ProtobufRpcEngine2.java:573) [hadoop-common-3.3.6.jar:?]
	at org.apache.hadoop.ipc.RPC$Server.call(RPC.java:1227) [hadoop-common-3.3.6.jar:?]
	at org.apache.hadoop.ipc.Server$RpcCall.run(Server.java:1094) [hadoop-common-3.3.6.jar:?]
	at org.apache.hadoop.ipc.Server$RpcCall.run(Server.java:1017) [hadoop-common-3.3.6.jar:?]
	at java.security.AccessController.doPrivileged(Native Method) ~[?:1.8.0_372]
	at javax.security.auth.Subject.doAs(Subject.java:422) [?:1.8.0_372]
	at org.apache.hadoop.security.UserGroupInformation.doAs(UserGroupInformation.java:1899) [hadoop-common-3.3.6.jar:?]
	at org.apache.hadoop.ipc.Server$Handler.run(Server.java:3048) [hadoop-common-3.3.6.jar:?]
10:56:56.653 [IPC Server handler 11 on default port 15057] ERROR OMAudit - user=runner | ip=127.0.0.1 | op=GET_FILE_STATUS {volume=volume90736, bucket=bucket48182, key=gdir1/dir7/child, dataSize=0, replicationConfig=null} | ret=FAILURE
org.apache.hadoop.ozone.om.exceptions.OMException: Unable to get file status: volume: volume90736 bucket: bucket48182 key: gdir1/dir7/child
	at org.apache.hadoop.ozone.om.KeyManagerImpl.getOzoneFileStatusFSO(KeyManagerImpl.java:1311) ~[ozone-manager-1.4.0-SNAPSHOT.jar:?]
	at org.apache.hadoop.ozone.om.KeyManagerImpl.getFileStatus(KeyManagerImpl.java:1102) ~[ozone-manager-1.4.0-SNAPSHOT.jar:?]
	at org.apache.hadoop.ozone.om.OmMetadataReader.getFileStatus(OmMetadataReader.java:262) ~[ozone-manager-1.4.0-SNAPSHOT.jar:?]
	at org.apache.hadoop.ozone.om.OzoneManager.getFileStatus(OzoneManager.java:3527) ~[ozone-manager-1.4.0-SNAPSHOT.jar:?]
	at org.apache.hadoop.ozone.protocolPB.OzoneManagerRequestHandler.getOzoneFileStatus(OzoneManagerRequestHandler.java:973) ~[ozone-manager-1.4.0-SNAPSHOT.jar:?]
	at org.apache.hadoop.ozone.protocolPB.OzoneManagerRequestHandler.handleReadRequest(OzoneManagerRequestHandler.java:252) ~[ozone-manager-1.4.0-SNAPSHOT.jar:?]
	at org.apache.hadoop.ozone.protocolPB.OzoneManagerProtocolServerSideTranslatorPB.submitRequestDirectlyToOM(OzoneManagerProtocolServerSideTranslatorPB.java:274) ~[ozone-manager-1.4.0-SNAPSHOT.jar:?]
	at org.apache.hadoop.ozone.protocolPB.OzoneManagerProtocolServerSideTranslatorPB.processRequest(OzoneManagerProtocolServerSideTranslatorPB.java:175) ~[ozone-manager-1.4.0-SNAPSHOT.jar:?]
	at org.apache.hadoop.hdds.server.OzoneProtocolMessageDispatcher.processRequest(OzoneProtocolMessageDispatcher.java:87) [hdds-server-framework-1.4.0-SNAPSHOT.jar:?]
	at org.apache.hadoop.ozone.protocolPB.OzoneManagerProtocolServerSideTranslatorPB.submitRequest(OzoneManagerProtocolServerSideTranslatorPB.java:148) [ozone-manager-1.4.0-SNAPSHOT.jar:?]
	at org.apache.hadoop.ozone.protocol.proto.OzoneManagerProtocolProtos$OzoneManagerService$2.callBlockingMethod(OzoneManagerProtocolProtos.java) [ozone-interface-client-1.4.0-SNAPSHOT.jar:?]
	at org.apache.hadoop.ipc.ProtobufRpcEngine$Server.processCall(ProtobufRpcEngine.java:484) [hadoop-common-3.3.6.jar:?]
	at org.apache.hadoop.ipc.ProtobufRpcEngine2$Server$ProtoBufRpcInvoker.call(ProtobufRpcEngine2.java:595) [hadoop-common-3.3.6.jar:?]
	at org.apache.hadoop.ipc.ProtobufRpcEngine2$Server$ProtoBufRpcInvoker.call(ProtobufRpcEngine2.java:573) [hadoop-common-3.3.6.jar:?]
	at org.apache.hadoop.ipc.RPC$Server.call(RPC.java:1227) [hadoop-common-3.3.6.jar:?]
	at org.apache.hadoop.ipc.Server$RpcCall.run(Server.java:1094) [hadoop-common-3.3.6.jar:?]
	at org.apache.hadoop.ipc.Server$RpcCall.run(Server.java:1017) [hadoop-common-3.3.6.jar:?]
	at java.security.AccessController.doPrivileged(Native Method) ~[?:1.8.0_372]
	at javax.security.auth.Subject.doAs(Subject.java:422) [?:1.8.0_372]
	at org.apache.hadoop.security.UserGroupInformation.doAs(UserGroupInformation.java:1899) [hadoop-common-3.3.6.jar:?]
	at org.apache.hadoop.ipc.Server$Handler.run(Server.java:3048) [hadoop-common-3.3.6.jar:?]
10:56:56.654 [IPC Server handler 3 on default port 15057] ERROR OMAudit - user=runner | ip=127.0.0.1 | op=GET_FILE_STATUS {volume=volume90736, bucket=bucket48182, key=gdir1/dir8, dataSize=0, replicationConfig=null} | ret=FAILURE
org.apache.hadoop.ozone.om.exceptions.OMException: Unable to get file status: volume: volume90736 bucket: bucket48182 key: gdir1/dir8
	at org.apache.hadoop.ozone.om.KeyManagerImpl.getOzoneFileStatusFSO(KeyManagerImpl.java:1311) ~[ozone-manager-1.4.0-SNAPSHOT.jar:?]
	at org.apache.hadoop.ozone.om.KeyManagerImpl.getFileStatus(KeyManagerImpl.java:1102) ~[ozone-manager-1.4.0-SNAPSHOT.jar:?]
	at org.apache.hadoop.ozone.om.OmMetadataReader.getFileStatus(OmMetadataReader.java:262) ~[ozone-manager-1.4.0-SNAPSHOT.jar:?]
	at org.apache.hadoop.ozone.om.OzoneManager.getFileStatus(OzoneManager.java:3527) ~[ozone-manager-1.4.0-SNAPSHOT.jar:?]
	at org.apache.hadoop.ozone.protocolPB.OzoneManagerRequestHandler.getOzoneFileStatus(OzoneManagerRequestHandler.java:973) ~[ozone-manager-1.4.0-SNAPSHOT.jar:?]
	at org.apache.hadoop.ozone.protocolPB.OzoneManagerRequestHandler.handleReadRequest(OzoneManagerRequestHandler.java:252) ~[ozone-manager-1.4.0-SNAPSHOT.jar:?]
	at org.apache.hadoop.ozone.protocolPB.OzoneManagerProtocolServerSideTranslatorPB.submitRequestDirectlyToOM(OzoneManagerProtocolServerSideTranslatorPB.java:274) ~[ozone-manager-1.4.0-SNAPSHOT.jar:?]
	at org.apache.hadoop.ozone.protocolPB.OzoneManagerProtocolServerSideTranslatorPB.processRequest(OzoneManagerProtocolServerSideTranslatorPB.java:175) ~[ozone-manager-1.4.0-SNAPSHOT.jar:?]
	at org.apache.hadoop.hdds.server.OzoneProtocolMessageDispatcher.processRequest(OzoneProtocolMessageDispatcher.java:87) [hdds-server-framework-1.4.0-SNAPSHOT.jar:?]
	at org.apache.hadoop.ozone.protocolPB.OzoneManagerProtocolServerSideTranslatorPB.submitRequest(OzoneManagerProtocolServerSideTranslatorPB.java:148) [ozone-manager-1.4.0-SNAPSHOT.jar:?]
	at org.apache.hadoop.ozone.protocol.proto.OzoneManagerProtocolProtos$OzoneManagerService$2.callBlockingMethod(OzoneManagerProtocolProtos.java) [ozone-interface-client-1.4.0-SNAPSHOT.jar:?]
	at org.apache.hadoop.ipc.ProtobufRpcEngine$Server.processCall(ProtobufRpcEngine.java:484) [hadoop-common-3.3.6.jar:?]
	at org.apache.hadoop.ipc.ProtobufRpcEngine2$Server$ProtoBufRpcInvoker.call(ProtobufRpcEngine2.java:595) [hadoop-common-3.3.6.jar:?]
	at org.apache.hadoop.ipc.ProtobufRpcEngine2$Server$ProtoBufRpcInvoker.call(ProtobufRpcEngine2.java:573) [hadoop-common-3.3.6.jar:?]
	at org.apache.hadoop.ipc.RPC$Server.call(RPC.java:1227) [hadoop-common-3.3.6.jar:?]
	at org.apache.hadoop.ipc.Server$RpcCall.run(Server.java:1094) [hadoop-common-3.3.6.jar:?]
	at org.apache.hadoop.ipc.Server$RpcCall.run(Server.java:1017) [hadoop-common-3.3.6.jar:?]
	at java.security.AccessController.doPrivileged(Native Method) ~[?:1.8.0_372]
	at javax.security.auth.Subject.doAs(Subject.java:422) [?:1.8.0_372]
	at org.apache.hadoop.security.UserGroupInformation.doAs(UserGroupInformation.java:1899) [hadoop-common-3.3.6.jar:?]
	at org.apache.hadoop.ipc.Server$Handler.run(Server.java:3048) [hadoop-common-3.3.6.jar:?]
10:56:56.655 [IPC Server handler 0 on default port 15057] ERROR OMAudit - user=runner | ip=127.0.0.1 | op=GET_FILE_STATUS {volume=volume90736, bucket=bucket48182, key=gdir1/dir8/child, dataSize=0, replicationConfig=null} | ret=FAILURE
org.apache.hadoop.ozone.om.exceptions.OMException: Unable to get file status: volume: volume90736 bucket: bucket48182 key: gdir1/dir8/child
	at org.apache.hadoop.ozone.om.KeyManagerImpl.getOzoneFileStatusFSO(KeyManagerImpl.java:1311) ~[ozone-manager-1.4.0-SNAPSHOT.jar:?]
	at org.apache.hadoop.ozone.om.KeyManagerImpl.getFileStatus(KeyManagerImpl.java:1102) ~[ozone-manager-1.4.0-SNAPSHOT.jar:?]
	at org.apache.hadoop.ozone.om.OmMetadataReader.getFileStatus(OmMetadataReader.java:262) ~[ozone-manager-1.4.0-SNAPSHOT.jar:?]
	at org.apache.hadoop.ozone.om.OzoneManager.getFileStatus(OzoneManager.java:3527) ~[ozone-manager-1.4.0-SNAPSHOT.jar:?]
	at org.apache.hadoop.ozone.protocolPB.OzoneManagerRequestHandler.getOzoneFileStatus(OzoneManagerRequestHandler.java:973) ~[ozone-manager-1.4.0-SNAPSHOT.jar:?]
	at org.apache.hadoop.ozone.protocolPB.OzoneManagerRequestHandler.handleReadRequest(OzoneManagerRequestHandler.java:252) ~[ozone-manager-1.4.0-SNAPSHOT.jar:?]
	at org.apache.hadoop.ozone.protocolPB.OzoneManagerProtocolServerSideTranslatorPB.submitRequestDirectlyToOM(OzoneManagerProtocolServerSideTranslatorPB.java:274) ~[ozone-manager-1.4.0-SNAPSHOT.jar:?]
	at org.apache.hadoop.ozone.protocolPB.OzoneManagerProtocolServerSideTranslatorPB.processRequest(OzoneManagerProtocolServerSideTranslatorPB.java:175) ~[ozone-manager-1.4.0-SNAPSHOT.jar:?]
	at org.apache.hadoop.hdds.server.OzoneProtocolMessageDispatcher.processRequest(OzoneProtocolMessageDispatcher.java:87) [hdds-server-framework-1.4.0-SNAPSHOT.jar:?]
	at org.apache.hadoop.ozone.protocolPB.OzoneManagerProtocolServerSideTranslatorPB.submitRequest(OzoneManagerProtocolServerSideTranslatorPB.java:148) [ozone-manager-1.4.0-SNAPSHOT.jar:?]
	at org.apache.hadoop.ozone.protocol.proto.OzoneManagerProtocolProtos$OzoneManagerService$2.callBlockingMethod(OzoneManagerProtocolProtos.java) [ozone-interface-client-1.4.0-SNAPSHOT.jar:?]
	at org.apache.hadoop.ipc.ProtobufRpcEngine$Server.processCall(ProtobufRpcEngine.java:484) [hadoop-common-3.3.6.jar:?]
	at org.apache.hadoop.ipc.ProtobufRpcEngine2$Server$ProtoBufRpcInvoker.call(ProtobufRpcEngine2.java:595) [hadoop-common-3.3.6.jar:?]
	at org.apache.hadoop.ipc.ProtobufRpcEngine2$Server$ProtoBufRpcInvoker.call(ProtobufRpcEngine2.java:573) [hadoop-common-3.3.6.jar:?]
	at org.apache.hadoop.ipc.RPC$Server.call(RPC.java:1227) [hadoop-common-3.3.6.jar:?]
	at org.apache.hadoop.ipc.Server$RpcCall.run(Server.java:1094) [hadoop-common-3.3.6.jar:?]
	at org.apache.hadoop.ipc.Server$RpcCall.run(Server.java:1017) [hadoop-common-3.3.6.jar:?]
	at java.security.AccessController.doPrivileged(Native Method) ~[?:1.8.0_372]
	at javax.security.auth.Subject.doAs(Subject.java:422) [?:1.8.0_372]
	at org.apache.hadoop.security.UserGroupInformation.doAs(UserGroupInformation.java:1899) [hadoop-common-3.3.6.jar:?]
	at org.apache.hadoop.ipc.Server$Handler.run(Server.java:3048) [hadoop-common-3.3.6.jar:?]
10:56:56.656 [IPC Server handler 5 on default port 15057] ERROR OMAudit - user=runner | ip=127.0.0.1 | op=GET_FILE_STATUS {volume=volume90736, bucket=bucket48182, key=gdir1/dir9, dataSize=0, replicationConfig=null} | ret=FAILURE
org.apache.hadoop.ozone.om.exceptions.OMException: Unable to get file status: volume: volume90736 bucket: bucket48182 key: gdir1/dir9
	at org.apache.hadoop.ozone.om.KeyManagerImpl.getOzoneFileStatusFSO(KeyManagerImpl.java:1311) ~[ozone-manager-1.4.0-SNAPSHOT.jar:?]
	at org.apache.hadoop.ozone.om.KeyManagerImpl.getFileStatus(KeyManagerImpl.java:1102) ~[ozone-manager-1.4.0-SNAPSHOT.jar:?]
	at org.apache.hadoop.ozone.om.OmMetadataReader.getFileStatus(OmMetadataReader.java:262) ~[ozone-manager-1.4.0-SNAPSHOT.jar:?]
	at org.apache.hadoop.ozone.om.OzoneManager.getFileStatus(OzoneManager.java:3527) ~[ozone-manager-1.4.0-SNAPSHOT.jar:?]
	at org.apache.hadoop.ozone.protocolPB.OzoneManagerRequestHandler.getOzoneFileStatus(OzoneManagerRequestHandler.java:973) ~[ozone-manager-1.4.0-SNAPSHOT.jar:?]
	at org.apache.hadoop.ozone.protocolPB.OzoneManagerRequestHandler.handleReadRequest(OzoneManagerRequestHandler.java:252) ~[ozone-manager-1.4.0-SNAPSHOT.jar:?]
	at org.apache.hadoop.ozone.protocolPB.OzoneManagerProtocolServerSideTranslatorPB.submitRequestDirectlyToOM(OzoneManagerProtocolServerSideTranslatorPB.java:274) ~[ozone-manager-1.4.0-SNAPSHOT.jar:?]
	at org.apache.hadoop.ozone.protocolPB.OzoneManagerProtocolServerSideTranslatorPB.processRequest(OzoneManagerProtocolServerSideTranslatorPB.java:175) ~[ozone-manager-1.4.0-SNAPSHOT.jar:?]
	at org.apache.hadoop.hdds.server.OzoneProtocolMessageDispatcher.processRequest(OzoneProtocolMessageDispatcher.java:87) [hdds-server-framework-1.4.0-SNAPSHOT.jar:?]
	at org.apache.hadoop.ozone.protocolPB.OzoneManagerProtocolServerSideTranslatorPB.submitRequest(OzoneManagerProtocolServerSideTranslatorPB.java:148) [ozone-manager-1.4.0-SNAPSHOT.jar:?]
	at org.apache.hadoop.ozone.protocol.proto.OzoneManagerProtocolProtos$OzoneManagerService$2.callBlockingMethod(OzoneManagerProtocolProtos.java) [ozone-interface-client-1.4.0-SNAPSHOT.jar:?]
	at org.apache.hadoop.ipc.ProtobufRpcEngine$Server.processCall(ProtobufRpcEngine.java:484) [hadoop-common-3.3.6.jar:?]
	at org.apache.hadoop.ipc.ProtobufRpcEngine2$Server$ProtoBufRpcInvoker.call(ProtobufRpcEngine2.java:595) [hadoop-common-3.3.6.jar:?]
	at org.apache.hadoop.ipc.ProtobufRpcEngine2$Server$ProtoBufRpcInvoker.call(ProtobufRpcEngine2.java:573) [hadoop-common-3.3.6.jar:?]
	at org.apache.hadoop.ipc.RPC$Server.call(RPC.java:1227) [hadoop-common-3.3.6.jar:?]
	at org.apache.hadoop.ipc.Server$RpcCall.run(Server.java:1094) [hadoop-common-3.3.6.jar:?]
	at org.apache.hadoop.ipc.Server$RpcCall.run(Server.java:1017) [hadoop-common-3.3.6.jar:?]
	at java.security.AccessController.doPrivileged(Native Method) ~[?:1.8.0_372]
	at javax.security.auth.Subject.doAs(Subject.java:422) [?:1.8.0_372]
	at org.apache.hadoop.security.UserGroupInformation.doAs(UserGroupInformation.java:1899) [hadoop-common-3.3.6.jar:?]
	at org.apache.hadoop.ipc.Server$Handler.run(Server.java:3048) [hadoop-common-3.3.6.jar:?]
10:56:56.657 [IPC Server handler 2 on default port 15057] ERROR OMAudit - user=runner | ip=127.0.0.1 | op=GET_FILE_STATUS {volume=volume90736, bucket=bucket48182, key=gdir1/dir9/child, dataSize=0, replicationConfig=null} | ret=FAILURE
org.apache.hadoop.ozone.om.exceptions.OMException: Unable to get file status: volume: volume90736 bucket: bucket48182 key: gdir1/dir9/child
	at org.apache.hadoop.ozone.om.KeyManagerImpl.getOzoneFileStatusFSO(KeyManagerImpl.java:1311) ~[ozone-manager-1.4.0-SNAPSHOT.jar:?]
	at org.apache.hadoop.ozone.om.KeyManagerImpl.getFileStatus(KeyManagerImpl.java:1102) ~[ozone-manager-1.4.0-SNAPSHOT.jar:?]
	at org.apache.hadoop.ozone.om.OmMetadataReader.getFileStatus(OmMetadataReader.java:262) ~[ozone-manager-1.4.0-SNAPSHOT.jar:?]
	at org.apache.hadoop.ozone.om.OzoneManager.getFileStatus(OzoneManager.java:3527) ~[ozone-manager-1.4.0-SNAPSHOT.jar:?]
	at org.apache.hadoop.ozone.protocolPB.OzoneManagerRequestHandler.getOzoneFileStatus(OzoneManagerRequestHandler.java:973) ~[ozone-manager-1.4.0-SNAPSHOT.jar:?]
	at org.apache.hadoop.ozone.protocolPB.OzoneManagerRequestHandler.handleReadRequest(OzoneManagerRequestHandler.java:252) ~[ozone-manager-1.4.0-SNAPSHOT.jar:?]
	at org.apache.hadoop.ozone.protocolPB.OzoneManagerProtocolServerSideTranslatorPB.submitRequestDirectlyToOM(OzoneManagerProtocolServerSideTranslatorPB.java:274) ~[ozone-manager-1.4.0-SNAPSHOT.jar:?]
	at org.apache.hadoop.ozone.protocolPB.OzoneManagerProtocolServerSideTranslatorPB.processRequest(OzoneManagerProtocolServerSideTranslatorPB.java:175) ~[ozone-manager-1.4.0-SNAPSHOT.jar:?]
	at org.apache.hadoop.hdds.server.OzoneProtocolMessageDispatcher.processRequest(OzoneProtocolMessageDispatcher.java:87) [hdds-server-framework-1.4.0-SNAPSHOT.jar:?]
	at org.apache.hadoop.ozone.protocolPB.OzoneManagerProtocolServerSideTranslatorPB.submitRequest(OzoneManagerProtocolServerSideTranslatorPB.java:148) [ozone-manager-1.4.0-SNAPSHOT.jar:?]
	at org.apache.hadoop.ozone.protocol.proto.OzoneManagerProtocolProtos$OzoneManagerService$2.callBlockingMethod(OzoneManagerProtocolProtos.java) [ozone-interface-client-1.4.0-SNAPSHOT.jar:?]
	at org.apache.hadoop.ipc.ProtobufRpcEngine$Server.processCall(ProtobufRpcEngine.java:484) [hadoop-common-3.3.6.jar:?]
	at org.apache.hadoop.ipc.ProtobufRpcEngine2$Server$ProtoBufRpcInvoker.call(ProtobufRpcEngine2.java:595) [hadoop-common-3.3.6.jar:?]
	at org.apache.hadoop.ipc.ProtobufRpcEngine2$Server$ProtoBufRpcInvoker.call(ProtobufRpcEngine2.java:573) [hadoop-common-3.3.6.jar:?]
	at org.apache.hadoop.ipc.RPC$Server.call(RPC.java:1227) [hadoop-common-3.3.6.jar:?]
	at org.apache.hadoop.ipc.Server$RpcCall.run(Server.java:1094) [hadoop-common-3.3.6.jar:?]
	at org.apache.hadoop.ipc.Server$RpcCall.run(Server.java:1017) [hadoop-common-3.3.6.jar:?]
	at java.security.AccessController.doPrivileged(Native Method) ~[?:1.8.0_372]
	at javax.security.auth.Subject.doAs(Subject.java:422) [?:1.8.0_372]
	at org.apache.hadoop.security.UserGroupInformation.doAs(UserGroupInformation.java:1899) [hadoop-common-3.3.6.jar:?]
	at org.apache.hadoop.ipc.Server$Handler.run(Server.java:3048) [hadoop-common-3.3.6.jar:?]
10:56:56.658 [IPC Server handler 4 on default port 15057] ERROR OMAudit - user=runner | ip=127.0.0.1 | op=GET_FILE_STATUS {volume=volume90736, bucket=bucket48182, key=gdir1/dir10, dataSize=0, replicationConfig=null} | ret=FAILURE
org.apache.hadoop.ozone.om.exceptions.OMException: Unable to get file status: volume: volume90736 bucket: bucket48182 key: gdir1/dir10
	at org.apache.hadoop.ozone.om.KeyManagerImpl.getOzoneFileStatusFSO(KeyManagerImpl.java:1311) ~[ozone-manager-1.4.0-SNAPSHOT.jar:?]
	at org.apache.hadoop.ozone.om.KeyManagerImpl.getFileStatus(KeyManagerImpl.java:1102) ~[ozone-manager-1.4.0-SNAPSHOT.jar:?]
	at org.apache.hadoop.ozone.om.OmMetadataReader.getFileStatus(OmMetadataReader.java:262) ~[ozone-manager-1.4.0-SNAPSHOT.jar:?]
	at org.apache.hadoop.ozone.om.OzoneManager.getFileStatus(OzoneManager.java:3527) ~[ozone-manager-1.4.0-SNAPSHOT.jar:?]
	at org.apache.hadoop.ozone.protocolPB.OzoneManagerRequestHandler.getOzoneFileStatus(OzoneManagerRequestHandler.java:973) ~[ozone-manager-1.4.0-SNAPSHOT.jar:?]
	at org.apache.hadoop.ozone.protocolPB.OzoneManagerRequestHandler.handleReadRequest(OzoneManagerRequestHandler.java:252) ~[ozone-manager-1.4.0-SNAPSHOT.jar:?]
	at org.apache.hadoop.ozone.protocolPB.OzoneManagerProtocolServerSideTranslatorPB.submitRequestDirectlyToOM(OzoneManagerProtocolServerSideTranslatorPB.java:274) ~[ozone-manager-1.4.0-SNAPSHOT.jar:?]
	at org.apache.hadoop.ozone.protocolPB.OzoneManagerProtocolServerSideTranslatorPB.processRequest(OzoneManagerProtocolServerSideTranslatorPB.java:175) ~[ozone-manager-1.4.0-SNAPSHOT.jar:?]
	at org.apache.hadoop.hdds.server.OzoneProtocolMessageDispatcher.processRequest(OzoneProtocolMessageDispatcher.java:87) [hdds-server-framework-1.4.0-SNAPSHOT.jar:?]
	at org.apache.hadoop.ozone.protocolPB.OzoneManagerProtocolServerSideTranslatorPB.submitRequest(OzoneManagerProtocolServerSideTranslatorPB.java:148) [ozone-manager-1.4.0-SNAPSHOT.jar:?]
	at org.apache.hadoop.ozone.protocol.proto.OzoneManagerProtocolProtos$OzoneManagerService$2.callBlockingMethod(OzoneManagerProtocolProtos.java) [ozone-interface-client-1.4.0-SNAPSHOT.jar:?]
	at org.apache.hadoop.ipc.ProtobufRpcEngine$Server.processCall(ProtobufRpcEngine.java:484) [hadoop-common-3.3.6.jar:?]
	at org.apache.hadoop.ipc.ProtobufRpcEngine2$Server$ProtoBufRpcInvoker.call(ProtobufRpcEngine2.java:595) [hadoop-common-3.3.6.jar:?]
	at org.apache.hadoop.ipc.ProtobufRpcEngine2$Server$ProtoBufRpcInvoker.call(ProtobufRpcEngine2.java:573) [hadoop-common-3.3.6.jar:?]
	at org.apache.hadoop.ipc.RPC$Server.call(RPC.java:1227) [hadoop-common-3.3.6.jar:?]
	at org.apache.hadoop.ipc.Server$RpcCall.run(Server.java:1094) [hadoop-common-3.3.6.jar:?]
	at org.apache.hadoop.ipc.Server$RpcCall.run(Server.java:1017) [hadoop-common-3.3.6.jar:?]
	at java.security.AccessController.doPrivileged(Native Method) ~[?:1.8.0_372]
	at javax.security.auth.Subject.doAs(Subject.java:422) [?:1.8.0_372]
	at org.apache.hadoop.security.UserGroupInformation.doAs(UserGroupInformation.java:1899) [hadoop-common-3.3.6.jar:?]
	at org.apache.hadoop.ipc.Server$Handler.run(Server.java:3048) [hadoop-common-3.3.6.jar:?]
10:56:56.660 [IPC Server handler 10 on default port 15057] ERROR OMAudit - user=runner | ip=127.0.0.1 | op=GET_FILE_STATUS {volume=volume90736, bucket=bucket48182, key=gdir1/dir10/child, dataSize=0, replicationConfig=null} | ret=FAILURE
org.apache.hadoop.ozone.om.exceptions.OMException: Unable to get file status: volume: volume90736 bucket: bucket48182 key: gdir1/dir10/child
	at org.apache.hadoop.ozone.om.KeyManagerImpl.getOzoneFileStatusFSO(KeyManagerImpl.java:1311) ~[ozone-manager-1.4.0-SNAPSHOT.jar:?]
	at org.apache.hadoop.ozone.om.KeyManagerImpl.getFileStatus(KeyManagerImpl.java:1102) ~[ozone-manager-1.4.0-SNAPSHOT.jar:?]
	at org.apache.hadoop.ozone.om.OmMetadataReader.getFileStatus(OmMetadataReader.java:262) ~[ozone-manager-1.4.0-SNAPSHOT.jar:?]
	at org.apache.hadoop.ozone.om.OzoneManager.getFileStatus(OzoneManager.java:3527) ~[ozone-manager-1.4.0-SNAPSHOT.jar:?]
	at org.apache.hadoop.ozone.protocolPB.OzoneManagerRequestHandler.getOzoneFileStatus(OzoneManagerRequestHandler.java:973) ~[ozone-manager-1.4.0-SNAPSHOT.jar:?]
	at org.apache.hadoop.ozone.protocolPB.OzoneManagerRequestHandler.handleReadRequest(OzoneManagerRequestHandler.java:252) ~[ozone-manager-1.4.0-SNAPSHOT.jar:?]
	at org.apache.hadoop.ozone.protocolPB.OzoneManagerProtocolServerSideTranslatorPB.submitRequestDirectlyToOM(OzoneManagerProtocolServerSideTranslatorPB.java:274) ~[ozone-manager-1.4.0-SNAPSHOT.jar:?]
	at org.apache.hadoop.ozone.protocolPB.OzoneManagerProtocolServerSideTranslatorPB.processRequest(OzoneManagerProtocolServerSideTranslatorPB.java:175) ~[ozone-manager-1.4.0-SNAPSHOT.jar:?]
	at org.apache.hadoop.hdds.server.OzoneProtocolMessageDispatcher.processRequest(OzoneProtocolMessageDispatcher.java:87) [hdds-server-framework-1.4.0-SNAPSHOT.jar:?]
	at org.apache.hadoop.ozone.protocolPB.OzoneManagerProtocolServerSideTranslatorPB.submitRequest(OzoneManagerProtocolServerSideTranslatorPB.java:148) [ozone-manager-1.4.0-SNAPSHOT.jar:?]
	at org.apache.hadoop.ozone.protocol.proto.OzoneManagerProtocolProtos$OzoneManagerService$2.callBlockingMethod(OzoneManagerProtocolProtos.java) [ozone-interface-client-1.4.0-SNAPSHOT.jar:?]
	at org.apache.hadoop.ipc.ProtobufRpcEngine$Server.processCall(ProtobufRpcEngine.java:484) [hadoop-common-3.3.6.jar:?]
	at org.apache.hadoop.ipc.ProtobufRpcEngine2$Server$ProtoBufRpcInvoker.call(ProtobufRpcEngine2.java:595) [hadoop-common-3.3.6.jar:?]
	at org.apache.hadoop.ipc.ProtobufRpcEngine2$Server$ProtoBufRpcInvoker.call(ProtobufRpcEngine2.java:573) [hadoop-common-3.3.6.jar:?]
	at org.apache.hadoop.ipc.RPC$Server.call(RPC.java:1227) [hadoop-common-3.3.6.jar:?]
	at org.apache.hadoop.ipc.Server$RpcCall.run(Server.java:1094) [hadoop-common-3.3.6.jar:?]
	at org.apache.hadoop.ipc.Server$RpcCall.run(Server.java:1017) [hadoop-common-3.3.6.jar:?]
	at java.security.AccessController.doPrivileged(Native Method) ~[?:1.8.0_372]
	at javax.security.auth.Subject.doAs(Subject.java:422) [?:1.8.0_372]
	at org.apache.hadoop.security.UserGroupInformation.doAs(UserGroupInformation.java:1899) [hadoop-common-3.3.6.jar:?]
	at org.apache.hadoop.ipc.Server$Handler.run(Server.java:3048) [hadoop-common-3.3.6.jar:?]
10:56:56.720 [IPC Server handler 10 on default port 15057] ERROR OMAudit - user=runner | ip=127.0.0.1 | op=GET_FILE_STATUS {volume=volume90736, bucket=bucket48182, key=level0, dataSize=0, replicationConfig=null} | ret=FAILURE
org.apache.hadoop.ozone.om.exceptions.OMException: Unable to get file status: volume: volume90736 bucket: bucket48182 key: level0
	at org.apache.hadoop.ozone.om.KeyManagerImpl.getOzoneFileStatusFSO(KeyManagerImpl.java:1311) ~[ozone-manager-1.4.0-SNAPSHOT.jar:?]
	at org.apache.hadoop.ozone.om.KeyManagerImpl.getFileStatus(KeyManagerImpl.java:1102) ~[ozone-manager-1.4.0-SNAPSHOT.jar:?]
	at org.apache.hadoop.ozone.om.OmMetadataReader.getFileStatus(OmMetadataReader.java:262) ~[ozone-manager-1.4.0-SNAPSHOT.jar:?]
	at org.apache.hadoop.ozone.om.OzoneManager.getFileStatus(OzoneManager.java:3527) ~[ozone-manager-1.4.0-SNAPSHOT.jar:?]
	at org.apache.hadoop.ozone.protocolPB.OzoneManagerRequestHandler.getOzoneFileStatus(OzoneManagerRequestHandler.java:973) ~[ozone-manager-1.4.0-SNAPSHOT.jar:?]
	at org.apache.hadoop.ozone.protocolPB.OzoneManagerRequestHandler.handleReadRequest(OzoneManagerRequestHandler.java:252) ~[ozone-manager-1.4.0-SNAPSHOT.jar:?]
	at org.apache.hadoop.ozone.protocolPB.OzoneManagerProtocolServerSideTranslatorPB.submitRequestDirectlyToOM(OzoneManagerProtocolServerSideTranslatorPB.java:274) ~[ozone-manager-1.4.0-SNAPSHOT.jar:?]
	at org.apache.hadoop.ozone.protocolPB.OzoneManagerProtocolServerSideTranslatorPB.processRequest(OzoneManagerProtocolServerSideTranslatorPB.java:175) ~[ozone-manager-1.4.0-SNAPSHOT.jar:?]
	at org.apache.hadoop.hdds.server.OzoneProtocolMessageDispatcher.processRequest(OzoneProtocolMessageDispatcher.java:87) [hdds-server-framework-1.4.0-SNAPSHOT.jar:?]
	at org.apache.hadoop.ozone.protocolPB.OzoneManagerProtocolServerSideTranslatorPB.submitRequest(OzoneManagerProtocolServerSideTranslatorPB.java:148) [ozone-manager-1.4.0-SNAPSHOT.jar:?]
	at org.apache.hadoop.ozone.protocol.proto.OzoneManagerProtocolProtos$OzoneManagerService$2.callBlockingMethod(OzoneManagerProtocolProtos.java) [ozone-interface-client-1.4.0-SNAPSHOT.jar:?]
	at org.apache.hadoop.ipc.ProtobufRpcEngine$Server.processCall(ProtobufRpcEngine.java:484) [hadoop-common-3.3.6.jar:?]
	at org.apache.hadoop.ipc.ProtobufRpcEngine2$Server$ProtoBufRpcInvoker.call(ProtobufRpcEngine2.java:595) [hadoop-common-3.3.6.jar:?]
	at org.apache.hadoop.ipc.ProtobufRpcEngine2$Server$ProtoBufRpcInvoker.call(ProtobufRpcEngine2.java:573) [hadoop-common-3.3.6.jar:?]
	at org.apache.hadoop.ipc.RPC$Server.call(RPC.java:1227) [hadoop-common-3.3.6.jar:?]
	at org.apache.hadoop.ipc.Server$RpcCall.run(Server.java:1094) [hadoop-common-3.3.6.jar:?]
	at org.apache.hadoop.ipc.Server$RpcCall.run(Server.java:1017) [hadoop-common-3.3.6.jar:?]
	at java.security.AccessController.doPrivileged(Native Method) ~[?:1.8.0_372]
	at javax.security.auth.Subject.doAs(Subject.java:422) [?:1.8.0_372]
	at org.apache.hadoop.security.UserGroupInformation.doAs(UserGroupInformation.java:1899) [hadoop-common-3.3.6.jar:?]
	at org.apache.hadoop.ipc.Server$Handler.run(Server.java:3048) [hadoop-common-3.3.6.jar:?]
10:56:56.722 [IPC Server handler 12 on default port 15057] ERROR OMAudit - user=runner | ip=127.0.0.1 | op=GET_FILE_STATUS {volume=volume90736, bucket=bucket48182, key=level0/level1, dataSize=0, replicationConfig=null} | ret=FAILURE
org.apache.hadoop.ozone.om.exceptions.OMException: Unable to get file status: volume: volume90736 bucket: bucket48182 key: level0/level1
	at org.apache.hadoop.ozone.om.KeyManagerImpl.getOzoneFileStatusFSO(KeyManagerImpl.java:1311) ~[ozone-manager-1.4.0-SNAPSHOT.jar:?]
	at org.apache.hadoop.ozone.om.KeyManagerImpl.getFileStatus(KeyManagerImpl.java:1102) ~[ozone-manager-1.4.0-SNAPSHOT.jar:?]
	at org.apache.hadoop.ozone.om.OmMetadataReader.getFileStatus(OmMetadataReader.java:262) ~[ozone-manager-1.4.0-SNAPSHOT.jar:?]
	at org.apache.hadoop.ozone.om.OzoneManager.getFileStatus(OzoneManager.java:3527) ~[ozone-manager-1.4.0-SNAPSHOT.jar:?]
	at org.apache.hadoop.ozone.protocolPB.OzoneManagerRequestHandler.getOzoneFileStatus(OzoneManagerRequestHandler.java:973) ~[ozone-manager-1.4.0-SNAPSHOT.jar:?]
	at org.apache.hadoop.ozone.protocolPB.OzoneManagerRequestHandler.handleReadRequest(OzoneManagerRequestHandler.java:252) ~[ozone-manager-1.4.0-SNAPSHOT.jar:?]
	at org.apache.hadoop.ozone.protocolPB.OzoneManagerProtocolServerSideTranslatorPB.submitRequestDirectlyToOM(OzoneManagerProtocolServerSideTranslatorPB.java:274) ~[ozone-manager-1.4.0-SNAPSHOT.jar:?]
	at org.apache.hadoop.ozone.protocolPB.OzoneManagerProtocolServerSideTranslatorPB.processRequest(OzoneManagerProtocolServerSideTranslatorPB.java:175) ~[ozone-manager-1.4.0-SNAPSHOT.jar:?]
	at org.apache.hadoop.hdds.server.OzoneProtocolMessageDispatcher.processRequest(OzoneProtocolMessageDispatcher.java:87) [hdds-server-framework-1.4.0-SNAPSHOT.jar:?]
	at org.apache.hadoop.ozone.protocolPB.OzoneManagerProtocolServerSideTranslatorPB.submitRequest(OzoneManagerProtocolServerSideTranslatorPB.java:148) [ozone-manager-1.4.0-SNAPSHOT.jar:?]
	at org.apache.hadoop.ozone.protocol.proto.OzoneManagerProtocolProtos$OzoneManagerService$2.callBlockingMethod(OzoneManagerProtocolProtos.java) [ozone-interface-client-1.4.0-SNAPSHOT.jar:?]
	at org.apache.hadoop.ipc.ProtobufRpcEngine$Server.processCall(ProtobufRpcEngine.java:484) [hadoop-common-3.3.6.jar:?]
	at org.apache.hadoop.ipc.ProtobufRpcEngine2$Server$ProtoBufRpcInvoker.call(ProtobufRpcEngine2.java:595) [hadoop-common-3.3.6.jar:?]
	at org.apache.hadoop.ipc.ProtobufRpcEngine2$Server$ProtoBufRpcInvoker.call(ProtobufRpcEngine2.java:573) [hadoop-common-3.3.6.jar:?]
	at org.apache.hadoop.ipc.RPC$Server.call(RPC.java:1227) [hadoop-common-3.3.6.jar:?]
	at org.apache.hadoop.ipc.Server$RpcCall.run(Server.java:1094) [hadoop-common-3.3.6.jar:?]
	at org.apache.hadoop.ipc.Server$RpcCall.run(Server.java:1017) [hadoop-common-3.3.6.jar:?]
	at java.security.AccessController.doPrivileged(Native Method) ~[?:1.8.0_372]
	at javax.security.auth.Subject.doAs(Subject.java:422) [?:1.8.0_372]
	at org.apache.hadoop.security.UserGroupInformation.doAs(UserGroupInformation.java:1899) [hadoop-common-3.3.6.jar:?]
	at org.apache.hadoop.ipc.Server$Handler.run(Server.java:3048) [hadoop-common-3.3.6.jar:?]
10:56:56.723 [IPC Server handler 14 on default port 15057] ERROR OMAudit - user=runner | ip=127.0.0.1 | op=GET_FILE_STATUS {volume=volume90736, bucket=bucket48182, key=level0/level1/level1, dataSize=0, replicationConfig=null} | ret=FAILURE
org.apache.hadoop.ozone.om.exceptions.OMException: Unable to get file status: volume: volume90736 bucket: bucket48182 key: level0/level1/level1
	at org.apache.hadoop.ozone.om.KeyManagerImpl.getOzoneFileStatusFSO(KeyManagerImpl.java:1311) ~[ozone-manager-1.4.0-SNAPSHOT.jar:?]
	at org.apache.hadoop.ozone.om.KeyManagerImpl.getFileStatus(KeyManagerImpl.java:1102) ~[ozone-manager-1.4.0-SNAPSHOT.jar:?]
	at org.apache.hadoop.ozone.om.OmMetadataReader.getFileStatus(OmMetadataReader.java:262) ~[ozone-manager-1.4.0-SNAPSHOT.jar:?]
	at org.apache.hadoop.ozone.om.OzoneManager.getFileStatus(OzoneManager.java:3527) ~[ozone-manager-1.4.0-SNAPSHOT.jar:?]
	at org.apache.hadoop.ozone.protocolPB.OzoneManagerRequestHandler.getOzoneFileStatus(OzoneManagerRequestHandler.java:973) ~[ozone-manager-1.4.0-SNAPSHOT.jar:?]
	at org.apache.hadoop.ozone.protocolPB.OzoneManagerRequestHandler.handleReadRequest(OzoneManagerRequestHandler.java:252) ~[ozone-manager-1.4.0-SNAPSHOT.jar:?]
	at org.apache.hadoop.ozone.protocolPB.OzoneManagerProtocolServerSideTranslatorPB.submitRequestDirectlyToOM(OzoneManagerProtocolServerSideTranslatorPB.java:274) ~[ozone-manager-1.4.0-SNAPSHOT.jar:?]
	at org.apache.hadoop.ozone.protocolPB.OzoneManagerProtocolServerSideTranslatorPB.processRequest(OzoneManagerProtocolServerSideTranslatorPB.java:175) ~[ozone-manager-1.4.0-SNAPSHOT.jar:?]
	at org.apache.hadoop.hdds.server.OzoneProtocolMessageDispatcher.processRequest(OzoneProtocolMessageDispatcher.java:87) [hdds-server-framework-1.4.0-SNAPSHOT.jar:?]
	at org.apache.hadoop.ozone.protocolPB.OzoneManagerProtocolServerSideTranslatorPB.submitRequest(OzoneManagerProtocolServerSideTranslatorPB.java:148) [ozone-manager-1.4.0-SNAPSHOT.jar:?]
	at org.apache.hadoop.ozone.protocol.proto.OzoneManagerProtocolProtos$OzoneManagerService$2.callBlockingMethod(OzoneManagerProtocolProtos.java) [ozone-interface-client-1.4.0-SNAPSHOT.jar:?]
	at org.apache.hadoop.ipc.ProtobufRpcEngine$Server.processCall(ProtobufRpcEngine.java:484) [hadoop-common-3.3.6.jar:?]
	at org.apache.hadoop.ipc.ProtobufRpcEngine2$Server$ProtoBufRpcInvoker.call(ProtobufRpcEngine2.java:595) [hadoop-common-3.3.6.jar:?]
	at org.apache.hadoop.ipc.ProtobufRpcEngine2$Server$ProtoBufRpcInvoker.call(ProtobufRpcEngine2.java:573) [hadoop-common-3.3.6.jar:?]
	at org.apache.hadoop.ipc.RPC$Server.call(RPC.java:1227) [hadoop-common-3.3.6.jar:?]
	at org.apache.hadoop.ipc.Server$RpcCall.run(Server.java:1094) [hadoop-common-3.3.6.jar:?]
	at org.apache.hadoop.ipc.Server$RpcCall.run(Server.java:1017) [hadoop-common-3.3.6.jar:?]
	at java.security.AccessController.doPrivileged(Native Method) ~[?:1.8.0_372]
	at javax.security.auth.Subject.doAs(Subject.java:422) [?:1.8.0_372]
	at org.apache.hadoop.security.UserGroupInformation.doAs(UserGroupInformation.java:1899) [hadoop-common-3.3.6.jar:?]
	at org.apache.hadoop.ipc.Server$Handler.run(Server.java:3048) [hadoop-common-3.3.6.jar:?]
10:56:56.724 [IPC Server handler 16 on default port 15057] ERROR OMAudit - user=runner | ip=127.0.0.1 | op=GET_FILE_STATUS {volume=volume90736, bucket=bucket48182, key=level0/level1/file1, dataSize=0, replicationConfig=null} | ret=FAILURE
org.apache.hadoop.ozone.om.exceptions.OMException: Unable to get file status: volume: volume90736 bucket: bucket48182 key: level0/level1/file1
	at org.apache.hadoop.ozone.om.KeyManagerImpl.getOzoneFileStatusFSO(KeyManagerImpl.java:1311) ~[ozone-manager-1.4.0-SNAPSHOT.jar:?]
	at org.apache.hadoop.ozone.om.KeyManagerImpl.getFileStatus(KeyManagerImpl.java:1102) ~[ozone-manager-1.4.0-SNAPSHOT.jar:?]
	at org.apache.hadoop.ozone.om.OmMetadataReader.getFileStatus(OmMetadataReader.java:262) ~[ozone-manager-1.4.0-SNAPSHOT.jar:?]
	at org.apache.hadoop.ozone.om.OzoneManager.getFileStatus(OzoneManager.java:3527) ~[ozone-manager-1.4.0-SNAPSHOT.jar:?]
	at org.apache.hadoop.ozone.protocolPB.OzoneManagerRequestHandler.getOzoneFileStatus(OzoneManagerRequestHandler.java:973) ~[ozone-manager-1.4.0-SNAPSHOT.jar:?]
	at org.apache.hadoop.ozone.protocolPB.OzoneManagerRequestHandler.handleReadRequest(OzoneManagerRequestHandler.java:252) ~[ozone-manager-1.4.0-SNAPSHOT.jar:?]
	at org.apache.hadoop.ozone.protocolPB.OzoneManagerProtocolServerSideTranslatorPB.submitRequestDirectlyToOM(OzoneManagerProtocolServerSideTranslatorPB.java:274) ~[ozone-manager-1.4.0-SNAPSHOT.jar:?]
	at org.apache.hadoop.ozone.protocolPB.OzoneManagerProtocolServerSideTranslatorPB.processRequest(OzoneManagerProtocolServerSideTranslatorPB.java:175) ~[ozone-manager-1.4.0-SNAPSHOT.jar:?]
	at org.apache.hadoop.hdds.server.OzoneProtocolMessageDispatcher.processRequest(OzoneProtocolMessageDispatcher.java:87) [hdds-server-framework-1.4.0-SNAPSHOT.jar:?]
	at org.apache.hadoop.ozone.protocolPB.OzoneManagerProtocolServerSideTranslatorPB.submitRequest(OzoneManagerProtocolServerSideTranslatorPB.java:148) [ozone-manager-1.4.0-SNAPSHOT.jar:?]
	at org.apache.hadoop.ozone.protocol.proto.OzoneManagerProtocolProtos$OzoneManagerService$2.callBlockingMethod(OzoneManagerProtocolProtos.java) [ozone-interface-client-1.4.0-SNAPSHOT.jar:?]
	at org.apache.hadoop.ipc.ProtobufRpcEngine$Server.processCall(ProtobufRpcEngine.java:484) [hadoop-common-3.3.6.jar:?]
	at org.apache.hadoop.ipc.ProtobufRpcEngine2$Server$ProtoBufRpcInvoker.call(ProtobufRpcEngine2.java:595) [hadoop-common-3.3.6.jar:?]
	at org.apache.hadoop.ipc.ProtobufRpcEngine2$Server$ProtoBufRpcInvoker.call(ProtobufRpcEngine2.java:573) [hadoop-common-3.3.6.jar:?]
	at org.apache.hadoop.ipc.RPC$Server.call(RPC.java:1227) [hadoop-common-3.3.6.jar:?]
	at org.apache.hadoop.ipc.Server$RpcCall.run(Server.java:1094) [hadoop-common-3.3.6.jar:?]
	at org.apache.hadoop.ipc.Server$RpcCall.run(Server.java:1017) [hadoop-common-3.3.6.jar:?]
	at java.security.AccessController.doPrivileged(Native Method) ~[?:1.8.0_372]
	at javax.security.auth.Subject.doAs(Subject.java:422) [?:1.8.0_372]
	at org.apache.hadoop.security.UserGroupInformation.doAs(UserGroupInformation.java:1899) [hadoop-common-3.3.6.jar:?]
	at org.apache.hadoop.ipc.Server$Handler.run(Server.java:3048) [hadoop-common-3.3.6.jar:?]
10:56:56.725 [IPC Server handler 15 on default port 15057] ERROR OMAudit - user=runner | ip=127.0.0.1 | op=GET_FILE_STATUS {volume=volume90736, bucket=bucket48182, key=level0/level1/level1/file1, dataSize=0, replicationConfig=null} | ret=FAILURE
org.apache.hadoop.ozone.om.exceptions.OMException: Unable to get file status: volume: volume90736 bucket: bucket48182 key: level0/level1/level1/file1
	at org.apache.hadoop.ozone.om.KeyManagerImpl.getOzoneFileStatusFSO(KeyManagerImpl.java:1311) ~[ozone-manager-1.4.0-SNAPSHOT.jar:?]
	at org.apache.hadoop.ozone.om.KeyManagerImpl.getFileStatus(KeyManagerImpl.java:1102) ~[ozone-manager-1.4.0-SNAPSHOT.jar:?]
	at org.apache.hadoop.ozone.om.OmMetadataReader.getFileStatus(OmMetadataReader.java:262) ~[ozone-manager-1.4.0-SNAPSHOT.jar:?]
	at org.apache.hadoop.ozone.om.OzoneManager.getFileStatus(OzoneManager.java:3527) ~[ozone-manager-1.4.0-SNAPSHOT.jar:?]
	at org.apache.hadoop.ozone.protocolPB.OzoneManagerRequestHandler.getOzoneFileStatus(OzoneManagerRequestHandler.java:973) ~[ozone-manager-1.4.0-SNAPSHOT.jar:?]
	at org.apache.hadoop.ozone.protocolPB.OzoneManagerRequestHandler.handleReadRequest(OzoneManagerRequestHandler.java:252) ~[ozone-manager-1.4.0-SNAPSHOT.jar:?]
	at org.apache.hadoop.ozone.protocolPB.OzoneManagerProtocolServerSideTranslatorPB.submitRequestDirectlyToOM(OzoneManagerProtocolServerSideTranslatorPB.java:274) ~[ozone-manager-1.4.0-SNAPSHOT.jar:?]
	at org.apache.hadoop.ozone.protocolPB.OzoneManagerProtocolServerSideTranslatorPB.processRequest(OzoneManagerProtocolServerSideTranslatorPB.java:175) ~[ozone-manager-1.4.0-SNAPSHOT.jar:?]
	at org.apache.hadoop.hdds.server.OzoneProtocolMessageDispatcher.processRequest(OzoneProtocolMessageDispatcher.java:87) [hdds-server-framework-1.4.0-SNAPSHOT.jar:?]
	at org.apache.hadoop.ozone.protocolPB.OzoneManagerProtocolServerSideTranslatorPB.submitRequest(OzoneManagerProtocolServerSideTranslatorPB.java:148) [ozone-manager-1.4.0-SNAPSHOT.jar:?]
	at org.apache.hadoop.ozone.protocol.proto.OzoneManagerProtocolProtos$OzoneManagerService$2.callBlockingMethod(OzoneManagerProtocolProtos.java) [ozone-interface-client-1.4.0-SNAPSHOT.jar:?]
	at org.apache.hadoop.ipc.ProtobufRpcEngine$Server.processCall(ProtobufRpcEngine.java:484) [hadoop-common-3.3.6.jar:?]
	at org.apache.hadoop.ipc.ProtobufRpcEngine2$Server$ProtoBufRpcInvoker.call(ProtobufRpcEngine2.java:595) [hadoop-common-3.3.6.jar:?]
	at org.apache.hadoop.ipc.ProtobufRpcEngine2$Server$ProtoBufRpcInvoker.call(ProtobufRpcEngine2.java:573) [hadoop-common-3.3.6.jar:?]
	at org.apache.hadoop.ipc.RPC$Server.call(RPC.java:1227) [hadoop-common-3.3.6.jar:?]
	at org.apache.hadoop.ipc.Server$RpcCall.run(Server.java:1094) [hadoop-common-3.3.6.jar:?]
	at org.apache.hadoop.ipc.Server$RpcCall.run(Server.java:1017) [hadoop-common-3.3.6.jar:?]
	at java.security.AccessController.doPrivileged(Native Method) ~[?:1.8.0_372]
	at javax.security.auth.Subject.doAs(Subject.java:422) [?:1.8.0_372]
	at org.apache.hadoop.security.UserGroupInformation.doAs(UserGroupInformation.java:1899) [hadoop-common-3.3.6.jar:?]
	at org.apache.hadoop.ipc.Server$Handler.run(Server.java:3048) [hadoop-common-3.3.6.jar:?]
10:56:56.726 [IPC Server handler 13 on default port 15057] ERROR OMAudit - user=runner | ip=127.0.0.1 | op=GET_FILE_STATUS {volume=volume90736, bucket=bucket48182, key=level0/level2, dataSize=0, replicationConfig=null} | ret=FAILURE
org.apache.hadoop.ozone.om.exceptions.OMException: Unable to get file status: volume: volume90736 bucket: bucket48182 key: level0/level2
	at org.apache.hadoop.ozone.om.KeyManagerImpl.getOzoneFileStatusFSO(KeyManagerImpl.java:1311) ~[ozone-manager-1.4.0-SNAPSHOT.jar:?]
	at org.apache.hadoop.ozone.om.KeyManagerImpl.getFileStatus(KeyManagerImpl.java:1102) ~[ozone-manager-1.4.0-SNAPSHOT.jar:?]
	at org.apache.hadoop.ozone.om.OmMetadataReader.getFileStatus(OmMetadataReader.java:262) ~[ozone-manager-1.4.0-SNAPSHOT.jar:?]
	at org.apache.hadoop.ozone.om.OzoneManager.getFileStatus(OzoneManager.java:3527) ~[ozone-manager-1.4.0-SNAPSHOT.jar:?]
	at org.apache.hadoop.ozone.protocolPB.OzoneManagerRequestHandler.getOzoneFileStatus(OzoneManagerRequestHandler.java:973) ~[ozone-manager-1.4.0-SNAPSHOT.jar:?]
	at org.apache.hadoop.ozone.protocolPB.OzoneManagerRequestHandler.handleReadRequest(OzoneManagerRequestHandler.java:252) ~[ozone-manager-1.4.0-SNAPSHOT.jar:?]
	at org.apache.hadoop.ozone.protocolPB.OzoneManagerProtocolServerSideTranslatorPB.submitRequestDirectlyToOM(OzoneManagerProtocolServerSideTranslatorPB.java:274) ~[ozone-manager-1.4.0-SNAPSHOT.jar:?]
	at org.apache.hadoop.ozone.protocolPB.OzoneManagerProtocolServerSideTranslatorPB.processRequest(OzoneManagerProtocolServerSideTranslatorPB.java:175) ~[ozone-manager-1.4.0-SNAPSHOT.jar:?]
	at org.apache.hadoop.hdds.server.OzoneProtocolMessageDispatcher.processRequest(OzoneProtocolMessageDispatcher.java:87) [hdds-server-framework-1.4.0-SNAPSHOT.jar:?]
	at org.apache.hadoop.ozone.protocolPB.OzoneManagerProtocolServerSideTranslatorPB.submitRequest(OzoneManagerProtocolServerSideTranslatorPB.java:148) [ozone-manager-1.4.0-SNAPSHOT.jar:?]
	at org.apache.hadoop.ozone.protocol.proto.OzoneManagerProtocolProtos$OzoneManagerService$2.callBlockingMethod(OzoneManagerProtocolProtos.java) [ozone-interface-client-1.4.0-SNAPSHOT.jar:?]
	at org.apache.hadoop.ipc.ProtobufRpcEngine$Server.processCall(ProtobufRpcEngine.java:484) [hadoop-common-3.3.6.jar:?]
	at org.apache.hadoop.ipc.ProtobufRpcEngine2$Server$ProtoBufRpcInvoker.call(ProtobufRpcEngine2.java:595) [hadoop-common-3.3.6.jar:?]
	at org.apache.hadoop.ipc.ProtobufRpcEngine2$Server$ProtoBufRpcInvoker.call(ProtobufRpcEngine2.java:573) [hadoop-common-3.3.6.jar:?]
	at org.apache.hadoop.ipc.RPC$Server.call(RPC.java:1227) [hadoop-common-3.3.6.jar:?]
	at org.apache.hadoop.ipc.Server$RpcCall.run(Server.java:1094) [hadoop-common-3.3.6.jar:?]
	at org.apache.hadoop.ipc.Server$RpcCall.run(Server.java:1017) [hadoop-common-3.3.6.jar:?]
	at java.security.AccessController.doPrivileged(Native Method) ~[?:1.8.0_372]
	at javax.security.auth.Subject.doAs(Subject.java:422) [?:1.8.0_372]
	at org.apache.hadoop.security.UserGroupInformation.doAs(UserGroupInformation.java:1899) [hadoop-common-3.3.6.jar:?]
	at org.apache.hadoop.ipc.Server$Handler.run(Server.java:3048) [hadoop-common-3.3.6.jar:?]
10:56:56.727 [IPC Server handler 18 on default port 15057] ERROR OMAudit - user=runner | ip=127.0.0.1 | op=GET_FILE_STATUS {volume=volume90736, bucket=bucket48182, key=level0/level2/level2, dataSize=0, replicationConfig=null} | ret=FAILURE
org.apache.hadoop.ozone.om.exceptions.OMException: Unable to get file status: volume: volume90736 bucket: bucket48182 key: level0/level2/level2
	at org.apache.hadoop.ozone.om.KeyManagerImpl.getOzoneFileStatusFSO(KeyManagerImpl.java:1311) ~[ozone-manager-1.4.0-SNAPSHOT.jar:?]
	at org.apache.hadoop.ozone.om.KeyManagerImpl.getFileStatus(KeyManagerImpl.java:1102) ~[ozone-manager-1.4.0-SNAPSHOT.jar:?]
	at org.apache.hadoop.ozone.om.OmMetadataReader.getFileStatus(OmMetadataReader.java:262) ~[ozone-manager-1.4.0-SNAPSHOT.jar:?]
	at org.apache.hadoop.ozone.om.OzoneManager.getFileStatus(OzoneManager.java:3527) ~[ozone-manager-1.4.0-SNAPSHOT.jar:?]
	at org.apache.hadoop.ozone.protocolPB.OzoneManagerRequestHandler.getOzoneFileStatus(OzoneManagerRequestHandler.java:973) ~[ozone-manager-1.4.0-SNAPSHOT.jar:?]
	at org.apache.hadoop.ozone.protocolPB.OzoneManagerRequestHandler.handleReadRequest(OzoneManagerRequestHandler.java:252) ~[ozone-manager-1.4.0-SNAPSHOT.jar:?]
	at org.apache.hadoop.ozone.protocolPB.OzoneManagerProtocolServerSideTranslatorPB.submitRequestDirectlyToOM(OzoneManagerProtocolServerSideTranslatorPB.java:274) ~[ozone-manager-1.4.0-SNAPSHOT.jar:?]
	at org.apache.hadoop.ozone.protocolPB.OzoneManagerProtocolServerSideTranslatorPB.processRequest(OzoneManagerProtocolServerSideTranslatorPB.java:175) ~[ozone-manager-1.4.0-SNAPSHOT.jar:?]
	at org.apache.hadoop.hdds.server.OzoneProtocolMessageDispatcher.processRequest(OzoneProtocolMessageDispatcher.java:87) [hdds-server-framework-1.4.0-SNAPSHOT.jar:?]
	at org.apache.hadoop.ozone.protocolPB.OzoneManagerProtocolServerSideTranslatorPB.submitRequest(OzoneManagerProtocolServerSideTranslatorPB.java:148) [ozone-manager-1.4.0-SNAPSHOT.jar:?]
	at org.apache.hadoop.ozone.protocol.proto.OzoneManagerProtocolProtos$OzoneManagerService$2.callBlockingMethod(OzoneManagerProtocolProtos.java) [ozone-interface-client-1.4.0-SNAPSHOT.jar:?]
	at org.apache.hadoop.ipc.ProtobufRpcEngine$Server.processCall(ProtobufRpcEngine.java:484) [hadoop-common-3.3.6.jar:?]
	at org.apache.hadoop.ipc.ProtobufRpcEngine2$Server$ProtoBufRpcInvoker.call(ProtobufRpcEngine2.java:595) [hadoop-common-3.3.6.jar:?]
	at org.apache.hadoop.ipc.ProtobufRpcEngine2$Server$ProtoBufRpcInvoker.call(ProtobufRpcEngine2.java:573) [hadoop-common-3.3.6.jar:?]
	at org.apache.hadoop.ipc.RPC$Server.call(RPC.java:1227) [hadoop-common-3.3.6.jar:?]
	at org.apache.hadoop.ipc.Server$RpcCall.run(Server.java:1094) [hadoop-common-3.3.6.jar:?]
	at org.apache.hadoop.ipc.Server$RpcCall.run(Server.java:1017) [hadoop-common-3.3.6.jar:?]
	at java.security.AccessController.doPrivileged(Native Method) ~[?:1.8.0_372]
	at javax.security.auth.Subject.doAs(Subject.java:422) [?:1.8.0_372]
	at org.apache.hadoop.security.UserGroupInformation.doAs(UserGroupInformation.java:1899) [hadoop-common-3.3.6.jar:?]
	at org.apache.hadoop.ipc.Server$Handler.run(Server.java:3048) [hadoop-common-3.3.6.jar:?]
10:56:56.730 [IPC Server handler 17 on default port 15057] ERROR OMAudit - user=runner | ip=127.0.0.1 | op=GET_FILE_STATUS {volume=volume90736, bucket=bucket48182, key=level0/level2/file1, dataSize=0, replicationConfig=null} | ret=FAILURE
org.apache.hadoop.ozone.om.exceptions.OMException: Unable to get file status: volume: volume90736 bucket: bucket48182 key: level0/level2/file1
	at org.apache.hadoop.ozone.om.KeyManagerImpl.getOzoneFileStatusFSO(KeyManagerImpl.java:1311) ~[ozone-manager-1.4.0-SNAPSHOT.jar:?]
	at org.apache.hadoop.ozone.om.KeyManagerImpl.getFileStatus(KeyManagerImpl.java:1102) ~[ozone-manager-1.4.0-SNAPSHOT.jar:?]
	at org.apache.hadoop.ozone.om.OmMetadataReader.getFileStatus(OmMetadataReader.java:262) ~[ozone-manager-1.4.0-SNAPSHOT.jar:?]
	at org.apache.hadoop.ozone.om.OzoneManager.getFileStatus(OzoneManager.java:3527) ~[ozone-manager-1.4.0-SNAPSHOT.jar:?]
	at org.apache.hadoop.ozone.protocolPB.OzoneManagerRequestHandler.getOzoneFileStatus(OzoneManagerRequestHandler.java:973) ~[ozone-manager-1.4.0-SNAPSHOT.jar:?]
	at org.apache.hadoop.ozone.protocolPB.OzoneManagerRequestHandler.handleReadRequest(OzoneManagerRequestHandler.java:252) ~[ozone-manager-1.4.0-SNAPSHOT.jar:?]
	at org.apache.hadoop.ozone.protocolPB.OzoneManagerProtocolServerSideTranslatorPB.submitRequestDirectlyToOM(OzoneManagerProtocolServerSideTranslatorPB.java:274) ~[ozone-manager-1.4.0-SNAPSHOT.jar:?]
	at org.apache.hadoop.ozone.protocolPB.OzoneManagerProtocolServerSideTranslatorPB.processRequest(OzoneManagerProtocolServerSideTranslatorPB.java:175) ~[ozone-manager-1.4.0-SNAPSHOT.jar:?]
	at org.apache.hadoop.hdds.server.OzoneProtocolMessageDispatcher.processRequest(OzoneProtocolMessageDispatcher.java:87) [hdds-server-framework-1.4.0-SNAPSHOT.jar:?]
	at org.apache.hadoop.ozone.protocolPB.OzoneManagerProtocolServerSideTranslatorPB.submitRequest(OzoneManagerProtocolServerSideTranslatorPB.java:148) [ozone-manager-1.4.0-SNAPSHOT.jar:?]
	at org.apache.hadoop.ozone.protocol.proto.OzoneManagerProtocolProtos$OzoneManagerService$2.callBlockingMethod(OzoneManagerProtocolProtos.java) [ozone-interface-client-1.4.0-SNAPSHOT.jar:?]
	at org.apache.hadoop.ipc.ProtobufRpcEngine$Server.processCall(ProtobufRpcEngine.java:484) [hadoop-common-3.3.6.jar:?]
	at org.apache.hadoop.ipc.ProtobufRpcEngine2$Server$ProtoBufRpcInvoker.call(ProtobufRpcEngine2.java:595) [hadoop-common-3.3.6.jar:?]
	at org.apache.hadoop.ipc.ProtobufRpcEngine2$Server$ProtoBufRpcInvoker.call(ProtobufRpcEngine2.java:573) [hadoop-common-3.3.6.jar:?]
	at org.apache.hadoop.ipc.RPC$Server.call(RPC.java:1227) [hadoop-common-3.3.6.jar:?]
	at org.apache.hadoop.ipc.Server$RpcCall.run(Server.java:1094) [hadoop-common-3.3.6.jar:?]
	at org.apache.hadoop.ipc.Server$RpcCall.run(Server.java:1017) [hadoop-common-3.3.6.jar:?]
	at java.security.AccessController.doPrivileged(Native Method) ~[?:1.8.0_372]
	at javax.security.auth.Subject.doAs(Subject.java:422) [?:1.8.0_372]
	at org.apache.hadoop.security.UserGroupInformation.doAs(UserGroupInformation.java:1899) [hadoop-common-3.3.6.jar:?]
	at org.apache.hadoop.ipc.Server$Handler.run(Server.java:3048) [hadoop-common-3.3.6.jar:?]
10:56:56.731 [IPC Server handler 19 on default port 15057] ERROR OMAudit - user=runner | ip=127.0.0.1 | op=GET_FILE_STATUS {volume=volume90736, bucket=bucket48182, key=level0/level2/level2/file1, dataSize=0, replicationConfig=null} | ret=FAILURE
org.apache.hadoop.ozone.om.exceptions.OMException: Unable to get file status: volume: volume90736 bucket: bucket48182 key: level0/level2/level2/file1
	at org.apache.hadoop.ozone.om.KeyManagerImpl.getOzoneFileStatusFSO(KeyManagerImpl.java:1311) ~[ozone-manager-1.4.0-SNAPSHOT.jar:?]
	at org.apache.hadoop.ozone.om.KeyManagerImpl.getFileStatus(KeyManagerImpl.java:1102) ~[ozone-manager-1.4.0-SNAPSHOT.jar:?]
	at org.apache.hadoop.ozone.om.OmMetadataReader.getFileStatus(OmMetadataReader.java:262) ~[ozone-manager-1.4.0-SNAPSHOT.jar:?]
	at org.apache.hadoop.ozone.om.OzoneManager.getFileStatus(OzoneManager.java:3527) ~[ozone-manager-1.4.0-SNAPSHOT.jar:?]
	at org.apache.hadoop.ozone.protocolPB.OzoneManagerRequestHandler.getOzoneFileStatus(OzoneManagerRequestHandler.java:973) ~[ozone-manager-1.4.0-SNAPSHOT.jar:?]
	at org.apache.hadoop.ozone.protocolPB.OzoneManagerRequestHandler.handleReadRequest(OzoneManagerRequestHandler.java:252) ~[ozone-manager-1.4.0-SNAPSHOT.jar:?]
	at org.apache.hadoop.ozone.protocolPB.OzoneManagerProtocolServerSideTranslatorPB.submitRequestDirectlyToOM(OzoneManagerProtocolServerSideTranslatorPB.java:274) ~[ozone-manager-1.4.0-SNAPSHOT.jar:?]
	at org.apache.hadoop.ozone.protocolPB.OzoneManagerProtocolServerSideTranslatorPB.processRequest(OzoneManagerProtocolServerSideTranslatorPB.java:175) ~[ozone-manager-1.4.0-SNAPSHOT.jar:?]
	at org.apache.hadoop.hdds.server.OzoneProtocolMessageDispatcher.processRequest(OzoneProtocolMessageDispatcher.java:87) [hdds-server-framework-1.4.0-SNAPSHOT.jar:?]
	at org.apache.hadoop.ozone.protocolPB.OzoneManagerProtocolServerSideTranslatorPB.submitRequest(OzoneManagerProtocolServerSideTranslatorPB.java:148) [ozone-manager-1.4.0-SNAPSHOT.jar:?]
	at org.apache.hadoop.ozone.protocol.proto.OzoneManagerProtocolProtos$OzoneManagerService$2.callBlockingMethod(OzoneManagerProtocolProtos.java) [ozone-interface-client-1.4.0-SNAPSHOT.jar:?]
	at org.apache.hadoop.ipc.ProtobufRpcEngine$Server.processCall(ProtobufRpcEngine.java:484) [hadoop-common-3.3.6.jar:?]
	at org.apache.hadoop.ipc.ProtobufRpcEngine2$Server$ProtoBufRpcInvoker.call(ProtobufRpcEngine2.java:595) [hadoop-common-3.3.6.jar:?]
	at org.apache.hadoop.ipc.ProtobufRpcEngine2$Server$ProtoBufRpcInvoker.call(ProtobufRpcEngine2.java:573) [hadoop-common-3.3.6.jar:?]
	at org.apache.hadoop.ipc.RPC$Server.call(RPC.java:1227) [hadoop-common-3.3.6.jar:?]
	at org.apache.hadoop.ipc.Server$RpcCall.run(Server.java:1094) [hadoop-common-3.3.6.jar:?]
	at org.apache.hadoop.ipc.Server$RpcCall.run(Server.java:1017) [hadoop-common-3.3.6.jar:?]
	at java.security.AccessController.doPrivileged(Native Method) ~[?:1.8.0_372]
	at javax.security.auth.Subject.doAs(Subject.java:422) [?:1.8.0_372]
	at org.apache.hadoop.security.UserGroupInformation.doAs(UserGroupInformation.java:1899) [hadoop-common-3.3.6.jar:?]
	at org.apache.hadoop.ipc.Server$Handler.run(Server.java:3048) [hadoop-common-3.3.6.jar:?]
10:56:56.732 [IPC Server handler 1 on default port 15057] ERROR OMAudit - user=runner | ip=127.0.0.1 | op=GET_FILE_STATUS {volume=volume90736, bucket=bucket48182, key=level0/level3, dataSize=0, replicationConfig=null} | ret=FAILURE
org.apache.hadoop.ozone.om.exceptions.OMException: Unable to get file status: volume: volume90736 bucket: bucket48182 key: level0/level3
	at org.apache.hadoop.ozone.om.KeyManagerImpl.getOzoneFileStatusFSO(KeyManagerImpl.java:1311) ~[ozone-manager-1.4.0-SNAPSHOT.jar:?]
	at org.apache.hadoop.ozone.om.KeyManagerImpl.getFileStatus(KeyManagerImpl.java:1102) ~[ozone-manager-1.4.0-SNAPSHOT.jar:?]
	at org.apache.hadoop.ozone.om.OmMetadataReader.getFileStatus(OmMetadataReader.java:262) ~[ozone-manager-1.4.0-SNAPSHOT.jar:?]
	at org.apache.hadoop.ozone.om.OzoneManager.getFileStatus(OzoneManager.java:3527) ~[ozone-manager-1.4.0-SNAPSHOT.jar:?]
	at org.apache.hadoop.ozone.protocolPB.OzoneManagerRequestHandler.getOzoneFileStatus(OzoneManagerRequestHandler.java:973) ~[ozone-manager-1.4.0-SNAPSHOT.jar:?]
	at org.apache.hadoop.ozone.protocolPB.OzoneManagerRequestHandler.handleReadRequest(OzoneManagerRequestHandler.java:252) ~[ozone-manager-1.4.0-SNAPSHOT.jar:?]
	at org.apache.hadoop.ozone.protocolPB.OzoneManagerProtocolServerSideTranslatorPB.submitRequestDirectlyToOM(OzoneManagerProtocolServerSideTranslatorPB.java:274) ~[ozone-manager-1.4.0-SNAPSHOT.jar:?]
	at org.apache.hadoop.ozone.protocolPB.OzoneManagerProtocolServerSideTranslatorPB.processRequest(OzoneManagerProtocolServerSideTranslatorPB.java:175) ~[ozone-manager-1.4.0-SNAPSHOT.jar:?]
	at org.apache.hadoop.hdds.server.OzoneProtocolMessageDispatcher.processRequest(OzoneProtocolMessageDispatcher.java:87) [hdds-server-framework-1.4.0-SNAPSHOT.jar:?]
	at org.apache.hadoop.ozone.protocolPB.OzoneManagerProtocolServerSideTranslatorPB.submitRequest(OzoneManagerProtocolServerSideTranslatorPB.java:148) [ozone-manager-1.4.0-SNAPSHOT.jar:?]
	at org.apache.hadoop.ozone.protocol.proto.OzoneManagerProtocolProtos$OzoneManagerService$2.callBlockingMethod(OzoneManagerProtocolProtos.java) [ozone-interface-client-1.4.0-SNAPSHOT.jar:?]
	at org.apache.hadoop.ipc.ProtobufRpcEngine$Server.processCall(ProtobufRpcEngine.java:484) [hadoop-common-3.3.6.jar:?]
	at org.apache.hadoop.ipc.ProtobufRpcEngine2$Server$ProtoBufRpcInvoker.call(ProtobufRpcEngine2.java:595) [hadoop-common-3.3.6.jar:?]
	at org.apache.hadoop.ipc.ProtobufRpcEngine2$Server$ProtoBufRpcInvoker.call(ProtobufRpcEngine2.java:573) [hadoop-common-3.3.6.jar:?]
	at org.apache.hadoop.ipc.RPC$Server.call(RPC.java:1227) [hadoop-common-3.3.6.jar:?]
	at org.apache.hadoop.ipc.Server$RpcCall.run(Server.java:1094) [hadoop-common-3.3.6.jar:?]
	at org.apache.hadoop.ipc.Server$RpcCall.run(Server.java:1017) [hadoop-common-3.3.6.jar:?]
	at java.security.AccessController.doPrivileged(Native Method) ~[?:1.8.0_372]
	at javax.security.auth.Subject.doAs(Subject.java:422) [?:1.8.0_372]
	at org.apache.hadoop.security.UserGroupInformation.doAs(UserGroupInformation.java:1899) [hadoop-common-3.3.6.jar:?]
	at org.apache.hadoop.ipc.Server$Handler.run(Server.java:3048) [hadoop-common-3.3.6.jar:?]
10:56:56.733 [IPC Server handler 6 on default port 15057] ERROR OMAudit - user=runner | ip=127.0.0.1 | op=GET_FILE_STATUS {volume=volume90736, bucket=bucket48182, key=level0/level3/level3, dataSize=0, replicationConfig=null} | ret=FAILURE
org.apache.hadoop.ozone.om.exceptions.OMException: Unable to get file status: volume: volume90736 bucket: bucket48182 key: level0/level3/level3
	at org.apache.hadoop.ozone.om.KeyManagerImpl.getOzoneFileStatusFSO(KeyManagerImpl.java:1311) ~[ozone-manager-1.4.0-SNAPSHOT.jar:?]
	at org.apache.hadoop.ozone.om.KeyManagerImpl.getFileStatus(KeyManagerImpl.java:1102) ~[ozone-manager-1.4.0-SNAPSHOT.jar:?]
	at org.apache.hadoop.ozone.om.OmMetadataReader.getFileStatus(OmMetadataReader.java:262) ~[ozone-manager-1.4.0-SNAPSHOT.jar:?]
	at org.apache.hadoop.ozone.om.OzoneManager.getFileStatus(OzoneManager.java:3527) ~[ozone-manager-1.4.0-SNAPSHOT.jar:?]
	at org.apache.hadoop.ozone.protocolPB.OzoneManagerRequestHandler.getOzoneFileStatus(OzoneManagerRequestHandler.java:973) ~[ozone-manager-1.4.0-SNAPSHOT.jar:?]
	at org.apache.hadoop.ozone.protocolPB.OzoneManagerRequestHandler.handleReadRequest(OzoneManagerRequestHandler.java:252) ~[ozone-manager-1.4.0-SNAPSHOT.jar:?]
	at org.apache.hadoop.ozone.protocolPB.OzoneManagerProtocolServerSideTranslatorPB.submitRequestDirectlyToOM(OzoneManagerProtocolServerSideTranslatorPB.java:274) ~[ozone-manager-1.4.0-SNAPSHOT.jar:?]
	at org.apache.hadoop.ozone.protocolPB.OzoneManagerProtocolServerSideTranslatorPB.processRequest(OzoneManagerProtocolServerSideTranslatorPB.java:175) ~[ozone-manager-1.4.0-SNAPSHOT.jar:?]
	at org.apache.hadoop.hdds.server.OzoneProtocolMessageDispatcher.processRequest(OzoneProtocolMessageDispatcher.java:87) [hdds-server-framework-1.4.0-SNAPSHOT.jar:?]
	at org.apache.hadoop.ozone.protocolPB.OzoneManagerProtocolServerSideTranslatorPB.submitRequest(OzoneManagerProtocolServerSideTranslatorPB.java:148) [ozone-manager-1.4.0-SNAPSHOT.jar:?]
	at org.apache.hadoop.ozone.protocol.proto.OzoneManagerProtocolProtos$OzoneManagerService$2.callBlockingMethod(OzoneManagerProtocolProtos.java) [ozone-interface-client-1.4.0-SNAPSHOT.jar:?]
	at org.apache.hadoop.ipc.ProtobufRpcEngine$Server.processCall(ProtobufRpcEngine.java:484) [hadoop-common-3.3.6.jar:?]
	at org.apache.hadoop.ipc.ProtobufRpcEngine2$Server$ProtoBufRpcInvoker.call(ProtobufRpcEngine2.java:595) [hadoop-common-3.3.6.jar:?]
	at org.apache.hadoop.ipc.ProtobufRpcEngine2$Server$ProtoBufRpcInvoker.call(ProtobufRpcEngine2.java:573) [hadoop-common-3.3.6.jar:?]
	at org.apache.hadoop.ipc.RPC$Server.call(RPC.java:1227) [hadoop-common-3.3.6.jar:?]
	at org.apache.hadoop.ipc.Server$RpcCall.run(Server.java:1094) [hadoop-common-3.3.6.jar:?]
	at org.apache.hadoop.ipc.Server$RpcCall.run(Server.java:1017) [hadoop-common-3.3.6.jar:?]
	at java.security.AccessController.doPrivileged(Native Method) ~[?:1.8.0_372]
	at javax.security.auth.Subject.doAs(Subject.java:422) [?:1.8.0_372]
	at org.apache.hadoop.security.UserGroupInformation.doAs(UserGroupInformation.java:1899) [hadoop-common-3.3.6.jar:?]
	at org.apache.hadoop.ipc.Server$Handler.run(Server.java:3048) [hadoop-common-3.3.6.jar:?]
10:56:56.734 [IPC Server handler 7 on default port 15057] ERROR OMAudit - user=runner | ip=127.0.0.1 | op=GET_FILE_STATUS {volume=volume90736, bucket=bucket48182, key=level0/level3/file1, dataSize=0, replicationConfig=null} | ret=FAILURE
org.apache.hadoop.ozone.om.exceptions.OMException: Unable to get file status: volume: volume90736 bucket: bucket48182 key: level0/level3/file1
	at org.apache.hadoop.ozone.om.KeyManagerImpl.getOzoneFileStatusFSO(KeyManagerImpl.java:1311) ~[ozone-manager-1.4.0-SNAPSHOT.jar:?]
	at org.apache.hadoop.ozone.om.KeyManagerImpl.getFileStatus(KeyManagerImpl.java:1102) ~[ozone-manager-1.4.0-SNAPSHOT.jar:?]
	at org.apache.hadoop.ozone.om.OmMetadataReader.getFileStatus(OmMetadataReader.java:262) ~[ozone-manager-1.4.0-SNAPSHOT.jar:?]
	at org.apache.hadoop.ozone.om.OzoneManager.getFileStatus(OzoneManager.java:3527) ~[ozone-manager-1.4.0-SNAPSHOT.jar:?]
	at org.apache.hadoop.ozone.protocolPB.OzoneManagerRequestHandler.getOzoneFileStatus(OzoneManagerRequestHandler.java:973) ~[ozone-manager-1.4.0-SNAPSHOT.jar:?]
	at org.apache.hadoop.ozone.protocolPB.OzoneManagerRequestHandler.handleReadRequest(OzoneManagerRequestHandler.java:252) ~[ozone-manager-1.4.0-SNAPSHOT.jar:?]
	at org.apache.hadoop.ozone.protocolPB.OzoneManagerProtocolServerSideTranslatorPB.submitRequestDirectlyToOM(OzoneManagerProtocolServerSideTranslatorPB.java:274) ~[ozone-manager-1.4.0-SNAPSHOT.jar:?]
	at org.apache.hadoop.ozone.protocolPB.OzoneManagerProtocolServerSideTranslatorPB.processRequest(OzoneManagerProtocolServerSideTranslatorPB.java:175) ~[ozone-manager-1.4.0-SNAPSHOT.jar:?]
	at org.apache.hadoop.hdds.server.OzoneProtocolMessageDispatcher.processRequest(OzoneProtocolMessageDispatcher.java:87) [hdds-server-framework-1.4.0-SNAPSHOT.jar:?]
	at org.apache.hadoop.ozone.protocolPB.OzoneManagerProtocolServerSideTranslatorPB.submitRequest(OzoneManagerProtocolServerSideTranslatorPB.java:148) [ozone-manager-1.4.0-SNAPSHOT.jar:?]
	at org.apache.hadoop.ozone.protocol.proto.OzoneManagerProtocolProtos$OzoneManagerService$2.callBlockingMethod(OzoneManagerProtocolProtos.java) [ozone-interface-client-1.4.0-SNAPSHOT.jar:?]
	at org.apache.hadoop.ipc.ProtobufRpcEngine$Server.processCall(ProtobufRpcEngine.java:484) [hadoop-common-3.3.6.jar:?]
	at org.apache.hadoop.ipc.ProtobufRpcEngine2$Server$ProtoBufRpcInvoker.call(ProtobufRpcEngine2.java:595) [hadoop-common-3.3.6.jar:?]
	at org.apache.hadoop.ipc.ProtobufRpcEngine2$Server$ProtoBufRpcInvoker.call(ProtobufRpcEngine2.java:573) [hadoop-common-3.3.6.jar:?]
	at org.apache.hadoop.ipc.RPC$Server.call(RPC.java:1227) [hadoop-common-3.3.6.jar:?]
	at org.apache.hadoop.ipc.Server$RpcCall.run(Server.java:1094) [hadoop-common-3.3.6.jar:?]
	at org.apache.hadoop.ipc.Server$RpcCall.run(Server.java:1017) [hadoop-common-3.3.6.jar:?]
	at java.security.AccessController.doPrivileged(Native Method) ~[?:1.8.0_372]
	at javax.security.auth.Subject.doAs(Subject.java:422) [?:1.8.0_372]
	at org.apache.hadoop.security.UserGroupInformation.doAs(UserGroupInformation.java:1899) [hadoop-common-3.3.6.jar:?]
	at org.apache.hadoop.ipc.Server$Handler.run(Server.java:3048) [hadoop-common-3.3.6.jar:?]
10:56:56.735 [IPC Server handler 8 on default port 15057] ERROR OMAudit - user=runner | ip=127.0.0.1 | op=GET_FILE_STATUS {volume=volume90736, bucket=bucket48182, key=level0/level3/level3/file1, dataSize=0, replicationConfig=null} | ret=FAILURE
org.apache.hadoop.ozone.om.exceptions.OMException: Unable to get file status: volume: volume90736 bucket: bucket48182 key: level0/level3/level3/file1
	at org.apache.hadoop.ozone.om.KeyManagerImpl.getOzoneFileStatusFSO(KeyManagerImpl.java:1311) ~[ozone-manager-1.4.0-SNAPSHOT.jar:?]
	at org.apache.hadoop.ozone.om.KeyManagerImpl.getFileStatus(KeyManagerImpl.java:1102) ~[ozone-manager-1.4.0-SNAPSHOT.jar:?]
	at org.apache.hadoop.ozone.om.OmMetadataReader.getFileStatus(OmMetadataReader.java:262) ~[ozone-manager-1.4.0-SNAPSHOT.jar:?]
	at org.apache.hadoop.ozone.om.OzoneManager.getFileStatus(OzoneManager.java:3527) ~[ozone-manager-1.4.0-SNAPSHOT.jar:?]
	at org.apache.hadoop.ozone.protocolPB.OzoneManagerRequestHandler.getOzoneFileStatus(OzoneManagerRequestHandler.java:973) ~[ozone-manager-1.4.0-SNAPSHOT.jar:?]
	at org.apache.hadoop.ozone.protocolPB.OzoneManagerRequestHandler.handleReadRequest(OzoneManagerRequestHandler.java:252) ~[ozone-manager-1.4.0-SNAPSHOT.jar:?]
	at org.apache.hadoop.ozone.protocolPB.OzoneManagerProtocolServerSideTranslatorPB.submitRequestDirectlyToOM(OzoneManagerProtocolServerSideTranslatorPB.java:274) ~[ozone-manager-1.4.0-SNAPSHOT.jar:?]
	at org.apache.hadoop.ozone.protocolPB.OzoneManagerProtocolServerSideTranslatorPB.processRequest(OzoneManagerProtocolServerSideTranslatorPB.java:175) ~[ozone-manager-1.4.0-SNAPSHOT.jar:?]
	at org.apache.hadoop.hdds.server.OzoneProtocolMessageDispatcher.processRequest(OzoneProtocolMessageDispatcher.java:87) [hdds-server-framework-1.4.0-SNAPSHOT.jar:?]
	at org.apache.hadoop.ozone.protocolPB.OzoneManagerProtocolServerSideTranslatorPB.submitRequest(OzoneManagerProtocolServerSideTranslatorPB.java:148) [ozone-manager-1.4.0-SNAPSHOT.jar:?]
	at org.apache.hadoop.ozone.protocol.proto.OzoneManagerProtocolProtos$OzoneManagerService$2.callBlockingMethod(OzoneManagerProtocolProtos.java) [ozone-interface-client-1.4.0-SNAPSHOT.jar:?]
	at org.apache.hadoop.ipc.ProtobufRpcEngine$Server.processCall(ProtobufRpcEngine.java:484) [hadoop-common-3.3.6.jar:?]
	at org.apache.hadoop.ipc.ProtobufRpcEngine2$Server$ProtoBufRpcInvoker.call(ProtobufRpcEngine2.java:595) [hadoop-common-3.3.6.jar:?]
	at org.apache.hadoop.ipc.ProtobufRpcEngine2$Server$ProtoBufRpcInvoker.call(ProtobufRpcEngine2.java:573) [hadoop-common-3.3.6.jar:?]
	at org.apache.hadoop.ipc.RPC$Server.call(RPC.java:1227) [hadoop-common-3.3.6.jar:?]
	at org.apache.hadoop.ipc.Server$RpcCall.run(Server.java:1094) [hadoop-common-3.3.6.jar:?]
	at org.apache.hadoop.ipc.Server$RpcCall.run(Server.java:1017) [hadoop-common-3.3.6.jar:?]
	at java.security.AccessController.doPrivileged(Native Method) ~[?:1.8.0_372]
	at javax.security.auth.Subject.doAs(Subject.java:422) [?:1.8.0_372]
	at org.apache.hadoop.security.UserGroupInformation.doAs(UserGroupInformation.java:1899) [hadoop-common-3.3.6.jar:?]
	at org.apache.hadoop.ipc.Server$Handler.run(Server.java:3048) [hadoop-common-3.3.6.jar:?]
]]></system-out>
  </testcase>
  <testcase name="testGetTrashRoots" classname="TestOzoneFileSystemWithFSO" time="0.1">
    <system-out><![CDATA[10:55:38.891 [IPC Server handler 18 on default port 15004] ERROR OMAudit - user=runner | ip=127.0.0.1 | op=GET_FILE_STATUS {volume=volume25555, bucket=bucket68101, key=.Trash/runner, dataSize=0, replicationConfig=null} | ret=FAILURE
org.apache.hadoop.ozone.om.exceptions.OMException: Unable to get file status: volume: volume25555 bucket: bucket68101 key: .Trash/runner
	at org.apache.hadoop.ozone.om.KeyManagerImpl.getOzoneFileStatusFSO(KeyManagerImpl.java:1311) ~[ozone-manager-1.4.0-SNAPSHOT.jar:?]
	at org.apache.hadoop.ozone.om.KeyManagerImpl.getFileStatus(KeyManagerImpl.java:1102) ~[ozone-manager-1.4.0-SNAPSHOT.jar:?]
	at org.apache.hadoop.ozone.om.OmMetadataReader.getFileStatus(OmMetadataReader.java:262) ~[ozone-manager-1.4.0-SNAPSHOT.jar:?]
	at org.apache.hadoop.ozone.om.OzoneManager.getFileStatus(OzoneManager.java:3527) ~[ozone-manager-1.4.0-SNAPSHOT.jar:?]
	at org.apache.hadoop.ozone.protocolPB.OzoneManagerRequestHandler.getOzoneFileStatus(OzoneManagerRequestHandler.java:973) ~[ozone-manager-1.4.0-SNAPSHOT.jar:?]
	at org.apache.hadoop.ozone.protocolPB.OzoneManagerRequestHandler.handleReadRequest(OzoneManagerRequestHandler.java:252) ~[ozone-manager-1.4.0-SNAPSHOT.jar:?]
	at org.apache.hadoop.ozone.protocolPB.OzoneManagerProtocolServerSideTranslatorPB.submitReadRequestToOM(OzoneManagerProtocolServerSideTranslatorPB.java:225) ~[ozone-manager-1.4.0-SNAPSHOT.jar:?]
	at org.apache.hadoop.ozone.protocolPB.OzoneManagerProtocolServerSideTranslatorPB.processRequest(OzoneManagerProtocolServerSideTranslatorPB.java:179) ~[ozone-manager-1.4.0-SNAPSHOT.jar:?]
	at org.apache.hadoop.hdds.server.OzoneProtocolMessageDispatcher.processRequest(OzoneProtocolMessageDispatcher.java:87) [hdds-server-framework-1.4.0-SNAPSHOT.jar:?]
	at org.apache.hadoop.ozone.protocolPB.OzoneManagerProtocolServerSideTranslatorPB.submitRequest(OzoneManagerProtocolServerSideTranslatorPB.java:148) [ozone-manager-1.4.0-SNAPSHOT.jar:?]
	at org.apache.hadoop.ozone.protocol.proto.OzoneManagerProtocolProtos$OzoneManagerService$2.callBlockingMethod(OzoneManagerProtocolProtos.java) [ozone-interface-client-1.4.0-SNAPSHOT.jar:?]
	at org.apache.hadoop.ipc.ProtobufRpcEngine$Server.processCall(ProtobufRpcEngine.java:484) [hadoop-common-3.3.6.jar:?]
	at org.apache.hadoop.ipc.ProtobufRpcEngine2$Server$ProtoBufRpcInvoker.call(ProtobufRpcEngine2.java:595) [hadoop-common-3.3.6.jar:?]
	at org.apache.hadoop.ipc.ProtobufRpcEngine2$Server$ProtoBufRpcInvoker.call(ProtobufRpcEngine2.java:573) [hadoop-common-3.3.6.jar:?]
	at org.apache.hadoop.ipc.RPC$Server.call(RPC.java:1227) [hadoop-common-3.3.6.jar:?]
	at org.apache.hadoop.ipc.Server$RpcCall.run(Server.java:1094) [hadoop-common-3.3.6.jar:?]
	at org.apache.hadoop.ipc.Server$RpcCall.run(Server.java:1017) [hadoop-common-3.3.6.jar:?]
	at java.security.AccessController.doPrivileged(Native Method) ~[?:1.8.0_372]
	at javax.security.auth.Subject.doAs(Subject.java:422) [?:1.8.0_372]
	at org.apache.hadoop.security.UserGroupInformation.doAs(UserGroupInformation.java:1899) [hadoop-common-3.3.6.jar:?]
	at org.apache.hadoop.ipc.Server$Handler.run(Server.java:3048) [hadoop-common-3.3.6.jar:?]
]]></system-out>
  </testcase>
  <testcase name="testGetTrashRoots" classname="TestOzoneFileSystemWithFSO" time="0.042">
    <system-out><![CDATA[10:56:56.748 [IPC Server handler 0 on default port 15057] ERROR OMAudit - user=runner | ip=127.0.0.1 | op=GET_FILE_STATUS {volume=volume90736, bucket=bucket48182, key=.Trash/runner, dataSize=0, replicationConfig=null} | ret=FAILURE
org.apache.hadoop.ozone.om.exceptions.OMException: Unable to get file status: volume: volume90736 bucket: bucket48182 key: .Trash/runner
	at org.apache.hadoop.ozone.om.KeyManagerImpl.getOzoneFileStatusFSO(KeyManagerImpl.java:1311) ~[ozone-manager-1.4.0-SNAPSHOT.jar:?]
	at org.apache.hadoop.ozone.om.KeyManagerImpl.getFileStatus(KeyManagerImpl.java:1102) ~[ozone-manager-1.4.0-SNAPSHOT.jar:?]
	at org.apache.hadoop.ozone.om.OmMetadataReader.getFileStatus(OmMetadataReader.java:262) ~[ozone-manager-1.4.0-SNAPSHOT.jar:?]
	at org.apache.hadoop.ozone.om.OzoneManager.getFileStatus(OzoneManager.java:3527) ~[ozone-manager-1.4.0-SNAPSHOT.jar:?]
	at org.apache.hadoop.ozone.protocolPB.OzoneManagerRequestHandler.getOzoneFileStatus(OzoneManagerRequestHandler.java:973) ~[ozone-manager-1.4.0-SNAPSHOT.jar:?]
	at org.apache.hadoop.ozone.protocolPB.OzoneManagerRequestHandler.handleReadRequest(OzoneManagerRequestHandler.java:252) ~[ozone-manager-1.4.0-SNAPSHOT.jar:?]
	at org.apache.hadoop.ozone.protocolPB.OzoneManagerProtocolServerSideTranslatorPB.submitRequestDirectlyToOM(OzoneManagerProtocolServerSideTranslatorPB.java:274) ~[ozone-manager-1.4.0-SNAPSHOT.jar:?]
	at org.apache.hadoop.ozone.protocolPB.OzoneManagerProtocolServerSideTranslatorPB.processRequest(OzoneManagerProtocolServerSideTranslatorPB.java:175) ~[ozone-manager-1.4.0-SNAPSHOT.jar:?]
	at org.apache.hadoop.hdds.server.OzoneProtocolMessageDispatcher.processRequest(OzoneProtocolMessageDispatcher.java:87) [hdds-server-framework-1.4.0-SNAPSHOT.jar:?]
	at org.apache.hadoop.ozone.protocolPB.OzoneManagerProtocolServerSideTranslatorPB.submitRequest(OzoneManagerProtocolServerSideTranslatorPB.java:148) [ozone-manager-1.4.0-SNAPSHOT.jar:?]
	at org.apache.hadoop.ozone.protocol.proto.OzoneManagerProtocolProtos$OzoneManagerService$2.callBlockingMethod(OzoneManagerProtocolProtos.java) [ozone-interface-client-1.4.0-SNAPSHOT.jar:?]
	at org.apache.hadoop.ipc.ProtobufRpcEngine$Server.processCall(ProtobufRpcEngine.java:484) [hadoop-common-3.3.6.jar:?]
	at org.apache.hadoop.ipc.ProtobufRpcEngine2$Server$ProtoBufRpcInvoker.call(ProtobufRpcEngine2.java:595) [hadoop-common-3.3.6.jar:?]
	at org.apache.hadoop.ipc.ProtobufRpcEngine2$Server$ProtoBufRpcInvoker.call(ProtobufRpcEngine2.java:573) [hadoop-common-3.3.6.jar:?]
	at org.apache.hadoop.ipc.RPC$Server.call(RPC.java:1227) [hadoop-common-3.3.6.jar:?]
	at org.apache.hadoop.ipc.Server$RpcCall.run(Server.java:1094) [hadoop-common-3.3.6.jar:?]
	at org.apache.hadoop.ipc.Server$RpcCall.run(Server.java:1017) [hadoop-common-3.3.6.jar:?]
	at java.security.AccessController.doPrivileged(Native Method) ~[?:1.8.0_372]
	at javax.security.auth.Subject.doAs(Subject.java:422) [?:1.8.0_372]
	at org.apache.hadoop.security.UserGroupInformation.doAs(UserGroupInformation.java:1899) [hadoop-common-3.3.6.jar:?]
	at org.apache.hadoop.ipc.Server$Handler.run(Server.java:3048) [hadoop-common-3.3.6.jar:?]
]]></system-out>
  </testcase>
  <testcase name="testCreateDoesNotAddParentDirKeys" classname="TestOzoneFileSystemWithFSO" time="0.046"/>
  <testcase name="testCreateDoesNotAddParentDirKeys" classname="TestOzoneFileSystemWithFSO" time="0.032"/>
  <testcase name="testDeleteCreatesFakeParentDir" classname="TestOzoneFileSystemWithFSO" time="0.046"/>
  <testcase name="testDeleteCreatesFakeParentDir" classname="TestOzoneFileSystemWithFSO" time="0.023"/>
  <testcase name="testListStatusOnKeyNameContainDelimiter" classname="TestOzoneFileSystemWithFSO" time="0.051"/>
  <testcase name="testListStatusOnKeyNameContainDelimiter" classname="TestOzoneFileSystemWithFSO" time="0.024"/>
  <testcase name="testNonExplicitlyCreatedPathExistsAfterItsLeafsWereRemoved" classname="TestOzoneFileSystemWithFSO" time="0.053"/>
  <testcase name="testNonExplicitlyCreatedPathExistsAfterItsLeafsWereRemoved" classname="TestOzoneFileSystemWithFSO" time="0.028"/>
  <testcase name="testCreateFileShouldCheckExistenceOfDirWithSameName" classname="TestOzoneFileSystemWithFSO" time="0.087">
    <system-out><![CDATA[10:55:39.211 [OM StateMachine ApplyTransaction Thread - 0] ERROR OMAudit - user=runner | ip=127.0.0.1 | op=CREATE_FILE {volume=volume25555, bucket=bucket68101, key=d1/d2/d3/d4/key2, dataSize=4194304, replicationType=RATIS, replicationFactor=THREE} | ret=FAILURE
org.apache.hadoop.ozone.om.exceptions.OMException: Can not write to directory: d1/d2/d3/d4/key2
	at org.apache.hadoop.ozone.om.request.file.OMFileCreateRequest.checkDirectoryResult(OMFileCreateRequest.java:364) ~[ozone-manager-1.4.0-SNAPSHOT.jar:?]
	at org.apache.hadoop.ozone.om.request.file.OMFileCreateRequestWithFSO.validateAndUpdateCache(OMFileCreateRequestWithFSO.java:152) ~[ozone-manager-1.4.0-SNAPSHOT.jar:?]
	at org.apache.hadoop.ozone.protocolPB.OzoneManagerRequestHandler.handleWriteRequest(OzoneManagerRequestHandler.java:375) ~[ozone-manager-1.4.0-SNAPSHOT.jar:?]
	at org.apache.hadoop.ozone.om.ratis.OzoneManagerStateMachine.runCommand(OzoneManagerStateMachine.java:568) ~[ozone-manager-1.4.0-SNAPSHOT.jar:?]
	at org.apache.hadoop.ozone.om.ratis.OzoneManagerStateMachine.lambda$1(OzoneManagerStateMachine.java:359) ~[ozone-manager-1.4.0-SNAPSHOT.jar:?]
	at java.util.concurrent.CompletableFuture$AsyncSupply.run(CompletableFuture.java:1604) [?:1.8.0_372]
	at java.util.concurrent.ThreadPoolExecutor.runWorker(ThreadPoolExecutor.java:1149) [?:1.8.0_372]
	at java.util.concurrent.ThreadPoolExecutor$Worker.run(ThreadPoolExecutor.java:624) [?:1.8.0_372]
	at java.lang.Thread.run(Thread.java:750) [?:1.8.0_372]
2023-07-25 10:55:39,211 [OM StateMachine ApplyTransaction Thread - 0] ERROR file.OMFileCreateRequestWithFSO (OMFileCreateRequestWithFSO.java:validateAndUpdateCache(260)) - File create failed. Volume:volume25555, Bucket:bucket68101, Key:d1/d2/d3/d4/key2.
NOT_A_FILE org.apache.hadoop.ozone.om.exceptions.OMException: Can not write to directory: d1/d2/d3/d4/key2
	at org.apache.hadoop.ozone.om.request.file.OMFileCreateRequest.checkDirectoryResult(OMFileCreateRequest.java:364)
	at org.apache.hadoop.ozone.om.request.file.OMFileCreateRequestWithFSO.validateAndUpdateCache(OMFileCreateRequestWithFSO.java:152)
	at org.apache.hadoop.ozone.protocolPB.OzoneManagerRequestHandler.handleWriteRequest(OzoneManagerRequestHandler.java:375)
	at org.apache.hadoop.ozone.om.ratis.OzoneManagerStateMachine.runCommand(OzoneManagerStateMachine.java:568)
	at org.apache.hadoop.ozone.om.ratis.OzoneManagerStateMachine.lambda$1(OzoneManagerStateMachine.java:359)
	at java.util.concurrent.CompletableFuture$AsyncSupply.run(CompletableFuture.java:1604)
	at java.util.concurrent.ThreadPoolExecutor.runWorker(ThreadPoolExecutor.java:1149)
	at java.util.concurrent.ThreadPoolExecutor$Worker.run(ThreadPoolExecutor.java:624)
	at java.lang.Thread.run(Thread.java:750)
10:55:39.232 [OM StateMachine ApplyTransaction Thread - 0] ERROR OMAudit - user=runner | ip=127.0.0.1 | op=CREATE_DIRECTORY {volume=volume25555, bucket=bucket68101, key=d1/d2/d3/d4/key3, dataSize=0, replicationType=NONE, replicationFactor=ZERO} | ret=FAILURE
org.apache.hadoop.ozone.om.exceptions.OMException: Unable to create directory: d1/d2/d3/d4/key3 in volume/bucket: volume25555/bucket68101 as file:/volume25555/bucket68101/d1/d2/d3/d4/key3 already exists
	at org.apache.hadoop.ozone.om.request.file.OMDirectoryCreateRequestWithFSO.validateAndUpdateCache(OMDirectoryCreateRequestWithFSO.java:147) ~[ozone-manager-1.4.0-SNAPSHOT.jar:?]
	at org.apache.hadoop.ozone.protocolPB.OzoneManagerRequestHandler.handleWriteRequest(OzoneManagerRequestHandler.java:375) ~[ozone-manager-1.4.0-SNAPSHOT.jar:?]
	at org.apache.hadoop.ozone.om.ratis.OzoneManagerStateMachine.runCommand(OzoneManagerStateMachine.java:568) ~[ozone-manager-1.4.0-SNAPSHOT.jar:?]
	at org.apache.hadoop.ozone.om.ratis.OzoneManagerStateMachine.lambda$1(OzoneManagerStateMachine.java:359) ~[ozone-manager-1.4.0-SNAPSHOT.jar:?]
	at java.util.concurrent.CompletableFuture$AsyncSupply.run(CompletableFuture.java:1604) [?:1.8.0_372]
	at java.util.concurrent.ThreadPoolExecutor.runWorker(ThreadPoolExecutor.java:1149) [?:1.8.0_372]
	at java.util.concurrent.ThreadPoolExecutor$Worker.run(ThreadPoolExecutor.java:624) [?:1.8.0_372]
	at java.lang.Thread.run(Thread.java:750) [?:1.8.0_372]
2023-07-25 10:55:39,232 [OM StateMachine ApplyTransaction Thread - 0] ERROR file.OMDirectoryCreateRequestWithFSO (OMDirectoryCreateRequestWithFSO.java:logResult(238)) - Directory creation failed. Volume:volume25555, Bucket:bucket68101, Keyd1/d2/d3/d4/key3. Exception:{}
FILE_ALREADY_EXISTS org.apache.hadoop.ozone.om.exceptions.OMException: Unable to create directory: d1/d2/d3/d4/key3 in volume/bucket: volume25555/bucket68101 as file:/volume25555/bucket68101/d1/d2/d3/d4/key3 already exists
	at org.apache.hadoop.ozone.om.request.file.OMDirectoryCreateRequestWithFSO.validateAndUpdateCache(OMDirectoryCreateRequestWithFSO.java:147)
	at org.apache.hadoop.ozone.protocolPB.OzoneManagerRequestHandler.handleWriteRequest(OzoneManagerRequestHandler.java:375)
	at org.apache.hadoop.ozone.om.ratis.OzoneManagerStateMachine.runCommand(OzoneManagerStateMachine.java:568)
	at org.apache.hadoop.ozone.om.ratis.OzoneManagerStateMachine.lambda$1(OzoneManagerStateMachine.java:359)
	at java.util.concurrent.CompletableFuture$AsyncSupply.run(CompletableFuture.java:1604)
	at java.util.concurrent.ThreadPoolExecutor.runWorker(ThreadPoolExecutor.java:1149)
	at java.util.concurrent.ThreadPoolExecutor$Worker.run(ThreadPoolExecutor.java:624)
	at java.lang.Thread.run(Thread.java:750)
10:55:39.246 [OM StateMachine ApplyTransaction Thread - 0] ERROR OMAudit - user=runner | ip=127.0.0.1 | op=CREATE_FILE {volume=volume25555, bucket=bucket68101, key=d1/d2/d3, dataSize=4194304, replicationType=RATIS, replicationFactor=THREE} | ret=FAILURE
org.apache.hadoop.ozone.om.exceptions.OMException: Can not write to directory: d1/d2/d3
	at org.apache.hadoop.ozone.om.request.file.OMFileCreateRequest.checkDirectoryResult(OMFileCreateRequest.java:364) ~[ozone-manager-1.4.0-SNAPSHOT.jar:?]
	at org.apache.hadoop.ozone.om.request.file.OMFileCreateRequestWithFSO.validateAndUpdateCache(OMFileCreateRequestWithFSO.java:152) ~[ozone-manager-1.4.0-SNAPSHOT.jar:?]
	at org.apache.hadoop.ozone.protocolPB.OzoneManagerRequestHandler.handleWriteRequest(OzoneManagerRequestHandler.java:375) ~[ozone-manager-1.4.0-SNAPSHOT.jar:?]
	at org.apache.hadoop.ozone.om.ratis.OzoneManagerStateMachine.runCommand(OzoneManagerStateMachine.java:568) ~[ozone-manager-1.4.0-SNAPSHOT.jar:?]
	at org.apache.hadoop.ozone.om.ratis.OzoneManagerStateMachine.lambda$1(OzoneManagerStateMachine.java:359) ~[ozone-manager-1.4.0-SNAPSHOT.jar:?]
	at java.util.concurrent.CompletableFuture$AsyncSupply.run(CompletableFuture.java:1604) [?:1.8.0_372]
	at java.util.concurrent.ThreadPoolExecutor.runWorker(ThreadPoolExecutor.java:1149) [?:1.8.0_372]
	at java.util.concurrent.ThreadPoolExecutor$Worker.run(ThreadPoolExecutor.java:624) [?:1.8.0_372]
	at java.lang.Thread.run(Thread.java:750) [?:1.8.0_372]
2023-07-25 10:55:39,247 [OM StateMachine ApplyTransaction Thread - 0] ERROR file.OMFileCreateRequestWithFSO (OMFileCreateRequestWithFSO.java:validateAndUpdateCache(260)) - File create failed. Volume:volume25555, Bucket:bucket68101, Key:d1/d2/d3.
NOT_A_FILE org.apache.hadoop.ozone.om.exceptions.OMException: Can not write to directory: d1/d2/d3
	at org.apache.hadoop.ozone.om.request.file.OMFileCreateRequest.checkDirectoryResult(OMFileCreateRequest.java:364)
	at org.apache.hadoop.ozone.om.request.file.OMFileCreateRequestWithFSO.validateAndUpdateCache(OMFileCreateRequestWithFSO.java:152)
	at org.apache.hadoop.ozone.protocolPB.OzoneManagerRequestHandler.handleWriteRequest(OzoneManagerRequestHandler.java:375)
	at org.apache.hadoop.ozone.om.ratis.OzoneManagerStateMachine.runCommand(OzoneManagerStateMachine.java:568)
	at org.apache.hadoop.ozone.om.ratis.OzoneManagerStateMachine.lambda$1(OzoneManagerStateMachine.java:359)
	at java.util.concurrent.CompletableFuture$AsyncSupply.run(CompletableFuture.java:1604)
	at java.util.concurrent.ThreadPoolExecutor.runWorker(ThreadPoolExecutor.java:1149)
	at java.util.concurrent.ThreadPoolExecutor$Worker.run(ThreadPoolExecutor.java:624)
	at java.lang.Thread.run(Thread.java:750)
10:55:39.251 [IPC Server handler 11 on default port 15004] ERROR OMAudit - user=runner | ip=127.0.0.1 | op=GET_FILE_STATUS {volume=volume25555, bucket=bucket68101, key=d1/d2/d3/d4/key3/invalid, dataSize=0, replicationConfig=null} | ret=FAILURE
org.apache.hadoop.ozone.om.exceptions.OMException: Unable to get file status: volume: volume25555 bucket: bucket68101 key: d1/d2/d3/d4/key3/invalid
	at org.apache.hadoop.ozone.om.KeyManagerImpl.getOzoneFileStatusFSO(KeyManagerImpl.java:1311) ~[ozone-manager-1.4.0-SNAPSHOT.jar:?]
	at org.apache.hadoop.ozone.om.KeyManagerImpl.getFileStatus(KeyManagerImpl.java:1102) ~[ozone-manager-1.4.0-SNAPSHOT.jar:?]
	at org.apache.hadoop.ozone.om.OmMetadataReader.getFileStatus(OmMetadataReader.java:262) ~[ozone-manager-1.4.0-SNAPSHOT.jar:?]
	at org.apache.hadoop.ozone.om.OzoneManager.getFileStatus(OzoneManager.java:3527) ~[ozone-manager-1.4.0-SNAPSHOT.jar:?]
	at org.apache.hadoop.ozone.protocolPB.OzoneManagerRequestHandler.getOzoneFileStatus(OzoneManagerRequestHandler.java:973) ~[ozone-manager-1.4.0-SNAPSHOT.jar:?]
	at org.apache.hadoop.ozone.protocolPB.OzoneManagerRequestHandler.handleReadRequest(OzoneManagerRequestHandler.java:252) ~[ozone-manager-1.4.0-SNAPSHOT.jar:?]
	at org.apache.hadoop.ozone.protocolPB.OzoneManagerProtocolServerSideTranslatorPB.submitReadRequestToOM(OzoneManagerProtocolServerSideTranslatorPB.java:225) ~[ozone-manager-1.4.0-SNAPSHOT.jar:?]
	at org.apache.hadoop.ozone.protocolPB.OzoneManagerProtocolServerSideTranslatorPB.processRequest(OzoneManagerProtocolServerSideTranslatorPB.java:179) ~[ozone-manager-1.4.0-SNAPSHOT.jar:?]
	at org.apache.hadoop.hdds.server.OzoneProtocolMessageDispatcher.processRequest(OzoneProtocolMessageDispatcher.java:87) [hdds-server-framework-1.4.0-SNAPSHOT.jar:?]
	at org.apache.hadoop.ozone.protocolPB.OzoneManagerProtocolServerSideTranslatorPB.submitRequest(OzoneManagerProtocolServerSideTranslatorPB.java:148) [ozone-manager-1.4.0-SNAPSHOT.jar:?]
	at org.apache.hadoop.ozone.protocol.proto.OzoneManagerProtocolProtos$OzoneManagerService$2.callBlockingMethod(OzoneManagerProtocolProtos.java) [ozone-interface-client-1.4.0-SNAPSHOT.jar:?]
	at org.apache.hadoop.ipc.ProtobufRpcEngine$Server.processCall(ProtobufRpcEngine.java:484) [hadoop-common-3.3.6.jar:?]
	at org.apache.hadoop.ipc.ProtobufRpcEngine2$Server$ProtoBufRpcInvoker.call(ProtobufRpcEngine2.java:595) [hadoop-common-3.3.6.jar:?]
	at org.apache.hadoop.ipc.ProtobufRpcEngine2$Server$ProtoBufRpcInvoker.call(ProtobufRpcEngine2.java:573) [hadoop-common-3.3.6.jar:?]
	at org.apache.hadoop.ipc.RPC$Server.call(RPC.java:1227) [hadoop-common-3.3.6.jar:?]
	at org.apache.hadoop.ipc.Server$RpcCall.run(Server.java:1094) [hadoop-common-3.3.6.jar:?]
	at org.apache.hadoop.ipc.Server$RpcCall.run(Server.java:1017) [hadoop-common-3.3.6.jar:?]
	at java.security.AccessController.doPrivileged(Native Method) ~[?:1.8.0_372]
	at javax.security.auth.Subject.doAs(Subject.java:422) [?:1.8.0_372]
	at org.apache.hadoop.security.UserGroupInformation.doAs(UserGroupInformation.java:1899) [hadoop-common-3.3.6.jar:?]
	at org.apache.hadoop.ipc.Server$Handler.run(Server.java:3048) [hadoop-common-3.3.6.jar:?]
10:55:39.255 [IPC Server handler 13 on default port 15004] ERROR OMAudit - user=runner | ip=127.0.0.1 | op=GET_FILE_STATUS {volume=volume25555, bucket=bucket68101, key=d1/d2/d3/d4/invalidkey, dataSize=0, replicationConfig=null} | ret=FAILURE
org.apache.hadoop.ozone.om.exceptions.OMException: Unable to get file status: volume: volume25555 bucket: bucket68101 key: d1/d2/d3/d4/invalidkey
	at org.apache.hadoop.ozone.om.KeyManagerImpl.getOzoneFileStatusFSO(KeyManagerImpl.java:1311) ~[ozone-manager-1.4.0-SNAPSHOT.jar:?]
	at org.apache.hadoop.ozone.om.KeyManagerImpl.getFileStatus(KeyManagerImpl.java:1102) ~[ozone-manager-1.4.0-SNAPSHOT.jar:?]
	at org.apache.hadoop.ozone.om.OmMetadataReader.getFileStatus(OmMetadataReader.java:262) ~[ozone-manager-1.4.0-SNAPSHOT.jar:?]
	at org.apache.hadoop.ozone.om.OzoneManager.getFileStatus(OzoneManager.java:3527) ~[ozone-manager-1.4.0-SNAPSHOT.jar:?]
	at org.apache.hadoop.ozone.protocolPB.OzoneManagerRequestHandler.getOzoneFileStatus(OzoneManagerRequestHandler.java:973) ~[ozone-manager-1.4.0-SNAPSHOT.jar:?]
	at org.apache.hadoop.ozone.protocolPB.OzoneManagerRequestHandler.handleReadRequest(OzoneManagerRequestHandler.java:252) ~[ozone-manager-1.4.0-SNAPSHOT.jar:?]
	at org.apache.hadoop.ozone.protocolPB.OzoneManagerProtocolServerSideTranslatorPB.submitReadRequestToOM(OzoneManagerProtocolServerSideTranslatorPB.java:225) ~[ozone-manager-1.4.0-SNAPSHOT.jar:?]
	at org.apache.hadoop.ozone.protocolPB.OzoneManagerProtocolServerSideTranslatorPB.processRequest(OzoneManagerProtocolServerSideTranslatorPB.java:179) ~[ozone-manager-1.4.0-SNAPSHOT.jar:?]
	at org.apache.hadoop.hdds.server.OzoneProtocolMessageDispatcher.processRequest(OzoneProtocolMessageDispatcher.java:87) [hdds-server-framework-1.4.0-SNAPSHOT.jar:?]
	at org.apache.hadoop.ozone.protocolPB.OzoneManagerProtocolServerSideTranslatorPB.submitRequest(OzoneManagerProtocolServerSideTranslatorPB.java:148) [ozone-manager-1.4.0-SNAPSHOT.jar:?]
	at org.apache.hadoop.ozone.protocol.proto.OzoneManagerProtocolProtos$OzoneManagerService$2.callBlockingMethod(OzoneManagerProtocolProtos.java) [ozone-interface-client-1.4.0-SNAPSHOT.jar:?]
	at org.apache.hadoop.ipc.ProtobufRpcEngine$Server.processCall(ProtobufRpcEngine.java:484) [hadoop-common-3.3.6.jar:?]
	at org.apache.hadoop.ipc.ProtobufRpcEngine2$Server$ProtoBufRpcInvoker.call(ProtobufRpcEngine2.java:595) [hadoop-common-3.3.6.jar:?]
	at org.apache.hadoop.ipc.ProtobufRpcEngine2$Server$ProtoBufRpcInvoker.call(ProtobufRpcEngine2.java:573) [hadoop-common-3.3.6.jar:?]
	at org.apache.hadoop.ipc.RPC$Server.call(RPC.java:1227) [hadoop-common-3.3.6.jar:?]
	at org.apache.hadoop.ipc.Server$RpcCall.run(Server.java:1094) [hadoop-common-3.3.6.jar:?]
	at org.apache.hadoop.ipc.Server$RpcCall.run(Server.java:1017) [hadoop-common-3.3.6.jar:?]
	at java.security.AccessController.doPrivileged(Native Method) ~[?:1.8.0_372]
	at javax.security.auth.Subject.doAs(Subject.java:422) [?:1.8.0_372]
	at org.apache.hadoop.security.UserGroupInformation.doAs(UserGroupInformation.java:1899) [hadoop-common-3.3.6.jar:?]
	at org.apache.hadoop.ipc.Server$Handler.run(Server.java:3048) [hadoop-common-3.3.6.jar:?]
]]></system-out>
  </testcase>
  <testcase name="testCreateFileShouldCheckExistenceOfDirWithSameName" classname="TestOzoneFileSystemWithFSO" time="0.055">
    <system-out><![CDATA[10:56:56.916 [IPC Server handler 18 on default port 15057] ERROR OMAudit - user=runner | ip=127.0.0.1 | op=CREATE_FILE {volume=volume90736, bucket=bucket48182, key=d1/d2/d3/d4/key2, dataSize=4194304, replicationType=RATIS, replicationFactor=THREE} | ret=FAILURE
org.apache.hadoop.ozone.om.exceptions.OMException: Can not write to directory: d1/d2/d3/d4/key2
	at org.apache.hadoop.ozone.om.request.file.OMFileCreateRequest.checkDirectoryResult(OMFileCreateRequest.java:364) ~[ozone-manager-1.4.0-SNAPSHOT.jar:?]
	at org.apache.hadoop.ozone.om.request.file.OMFileCreateRequestWithFSO.validateAndUpdateCache(OMFileCreateRequestWithFSO.java:152) ~[ozone-manager-1.4.0-SNAPSHOT.jar:?]
	at org.apache.hadoop.ozone.protocolPB.OzoneManagerRequestHandler.handleWriteRequest(OzoneManagerRequestHandler.java:375) ~[ozone-manager-1.4.0-SNAPSHOT.jar:?]
	at org.apache.hadoop.ozone.protocolPB.OzoneManagerProtocolServerSideTranslatorPB.submitRequestDirectlyToOM(OzoneManagerProtocolServerSideTranslatorPB.java:280) ~[ozone-manager-1.4.0-SNAPSHOT.jar:?]
	at org.apache.hadoop.ozone.protocolPB.OzoneManagerProtocolServerSideTranslatorPB.processRequest(OzoneManagerProtocolServerSideTranslatorPB.java:175) ~[ozone-manager-1.4.0-SNAPSHOT.jar:?]
	at org.apache.hadoop.hdds.server.OzoneProtocolMessageDispatcher.processRequest(OzoneProtocolMessageDispatcher.java:87) [hdds-server-framework-1.4.0-SNAPSHOT.jar:?]
	at org.apache.hadoop.ozone.protocolPB.OzoneManagerProtocolServerSideTranslatorPB.submitRequest(OzoneManagerProtocolServerSideTranslatorPB.java:148) [ozone-manager-1.4.0-SNAPSHOT.jar:?]
	at org.apache.hadoop.ozone.protocol.proto.OzoneManagerProtocolProtos$OzoneManagerService$2.callBlockingMethod(OzoneManagerProtocolProtos.java) [ozone-interface-client-1.4.0-SNAPSHOT.jar:?]
	at org.apache.hadoop.ipc.ProtobufRpcEngine$Server.processCall(ProtobufRpcEngine.java:484) [hadoop-common-3.3.6.jar:?]
	at org.apache.hadoop.ipc.ProtobufRpcEngine2$Server$ProtoBufRpcInvoker.call(ProtobufRpcEngine2.java:595) [hadoop-common-3.3.6.jar:?]
	at org.apache.hadoop.ipc.ProtobufRpcEngine2$Server$ProtoBufRpcInvoker.call(ProtobufRpcEngine2.java:573) [hadoop-common-3.3.6.jar:?]
	at org.apache.hadoop.ipc.RPC$Server.call(RPC.java:1227) [hadoop-common-3.3.6.jar:?]
	at org.apache.hadoop.ipc.Server$RpcCall.run(Server.java:1094) [hadoop-common-3.3.6.jar:?]
	at org.apache.hadoop.ipc.Server$RpcCall.run(Server.java:1017) [hadoop-common-3.3.6.jar:?]
	at java.security.AccessController.doPrivileged(Native Method) ~[?:1.8.0_372]
	at javax.security.auth.Subject.doAs(Subject.java:422) [?:1.8.0_372]
	at org.apache.hadoop.security.UserGroupInformation.doAs(UserGroupInformation.java:1899) [hadoop-common-3.3.6.jar:?]
	at org.apache.hadoop.ipc.Server$Handler.run(Server.java:3048) [hadoop-common-3.3.6.jar:?]
2023-07-25 10:56:56,916 [IPC Server handler 18 on default port 15057] ERROR file.OMFileCreateRequestWithFSO (OMFileCreateRequestWithFSO.java:validateAndUpdateCache(260)) - File create failed. Volume:volume90736, Bucket:bucket48182, Key:d1/d2/d3/d4/key2.
NOT_A_FILE org.apache.hadoop.ozone.om.exceptions.OMException: Can not write to directory: d1/d2/d3/d4/key2
	at org.apache.hadoop.ozone.om.request.file.OMFileCreateRequest.checkDirectoryResult(OMFileCreateRequest.java:364)
	at org.apache.hadoop.ozone.om.request.file.OMFileCreateRequestWithFSO.validateAndUpdateCache(OMFileCreateRequestWithFSO.java:152)
	at org.apache.hadoop.ozone.protocolPB.OzoneManagerRequestHandler.handleWriteRequest(OzoneManagerRequestHandler.java:375)
	at org.apache.hadoop.ozone.protocolPB.OzoneManagerProtocolServerSideTranslatorPB.submitRequestDirectlyToOM(OzoneManagerProtocolServerSideTranslatorPB.java:280)
	at org.apache.hadoop.ozone.protocolPB.OzoneManagerProtocolServerSideTranslatorPB.processRequest(OzoneManagerProtocolServerSideTranslatorPB.java:175)
	at org.apache.hadoop.hdds.server.OzoneProtocolMessageDispatcher.processRequest(OzoneProtocolMessageDispatcher.java:87)
	at org.apache.hadoop.ozone.protocolPB.OzoneManagerProtocolServerSideTranslatorPB.submitRequest(OzoneManagerProtocolServerSideTranslatorPB.java:148)
	at org.apache.hadoop.ozone.protocol.proto.OzoneManagerProtocolProtos$OzoneManagerService$2.callBlockingMethod(OzoneManagerProtocolProtos.java)
	at org.apache.hadoop.ipc.ProtobufRpcEngine$Server.processCall(ProtobufRpcEngine.java:484)
	at org.apache.hadoop.ipc.ProtobufRpcEngine2$Server$ProtoBufRpcInvoker.call(ProtobufRpcEngine2.java:595)
	at org.apache.hadoop.ipc.ProtobufRpcEngine2$Server$ProtoBufRpcInvoker.call(ProtobufRpcEngine2.java:573)
	at org.apache.hadoop.ipc.RPC$Server.call(RPC.java:1227)
	at org.apache.hadoop.ipc.Server$RpcCall.run(Server.java:1094)
	at org.apache.hadoop.ipc.Server$RpcCall.run(Server.java:1017)
	at java.security.AccessController.doPrivileged(Native Method)
	at javax.security.auth.Subject.doAs(Subject.java:422)
	at org.apache.hadoop.security.UserGroupInformation.doAs(UserGroupInformation.java:1899)
	at org.apache.hadoop.ipc.Server$Handler.run(Server.java:3048)
10:56:56.926 [IPC Server handler 1 on default port 15057] ERROR OMAudit - user=runner | ip=127.0.0.1 | op=CREATE_DIRECTORY {volume=volume90736, bucket=bucket48182, key=d1/d2/d3/d4/key3, dataSize=0, replicationType=NONE, replicationFactor=ZERO} | ret=FAILURE
org.apache.hadoop.ozone.om.exceptions.OMException: Unable to create directory: d1/d2/d3/d4/key3 in volume/bucket: volume90736/bucket48182 as file:/volume90736/bucket48182/d1/d2/d3/d4/key3 already exists
	at org.apache.hadoop.ozone.om.request.file.OMDirectoryCreateRequestWithFSO.validateAndUpdateCache(OMDirectoryCreateRequestWithFSO.java:147) ~[ozone-manager-1.4.0-SNAPSHOT.jar:?]
	at org.apache.hadoop.ozone.protocolPB.OzoneManagerRequestHandler.handleWriteRequest(OzoneManagerRequestHandler.java:375) ~[ozone-manager-1.4.0-SNAPSHOT.jar:?]
	at org.apache.hadoop.ozone.protocolPB.OzoneManagerProtocolServerSideTranslatorPB.submitRequestDirectlyToOM(OzoneManagerProtocolServerSideTranslatorPB.java:280) ~[ozone-manager-1.4.0-SNAPSHOT.jar:?]
	at org.apache.hadoop.ozone.protocolPB.OzoneManagerProtocolServerSideTranslatorPB.processRequest(OzoneManagerProtocolServerSideTranslatorPB.java:175) ~[ozone-manager-1.4.0-SNAPSHOT.jar:?]
	at org.apache.hadoop.hdds.server.OzoneProtocolMessageDispatcher.processRequest(OzoneProtocolMessageDispatcher.java:87) [hdds-server-framework-1.4.0-SNAPSHOT.jar:?]
	at org.apache.hadoop.ozone.protocolPB.OzoneManagerProtocolServerSideTranslatorPB.submitRequest(OzoneManagerProtocolServerSideTranslatorPB.java:148) [ozone-manager-1.4.0-SNAPSHOT.jar:?]
	at org.apache.hadoop.ozone.protocol.proto.OzoneManagerProtocolProtos$OzoneManagerService$2.callBlockingMethod(OzoneManagerProtocolProtos.java) [ozone-interface-client-1.4.0-SNAPSHOT.jar:?]
	at org.apache.hadoop.ipc.ProtobufRpcEngine$Server.processCall(ProtobufRpcEngine.java:484) [hadoop-common-3.3.6.jar:?]
	at org.apache.hadoop.ipc.ProtobufRpcEngine2$Server$ProtoBufRpcInvoker.call(ProtobufRpcEngine2.java:595) [hadoop-common-3.3.6.jar:?]
	at org.apache.hadoop.ipc.ProtobufRpcEngine2$Server$ProtoBufRpcInvoker.call(ProtobufRpcEngine2.java:573) [hadoop-common-3.3.6.jar:?]
	at org.apache.hadoop.ipc.RPC$Server.call(RPC.java:1227) [hadoop-common-3.3.6.jar:?]
	at org.apache.hadoop.ipc.Server$RpcCall.run(Server.java:1094) [hadoop-common-3.3.6.jar:?]
	at org.apache.hadoop.ipc.Server$RpcCall.run(Server.java:1017) [hadoop-common-3.3.6.jar:?]
	at java.security.AccessController.doPrivileged(Native Method) ~[?:1.8.0_372]
	at javax.security.auth.Subject.doAs(Subject.java:422) [?:1.8.0_372]
	at org.apache.hadoop.security.UserGroupInformation.doAs(UserGroupInformation.java:1899) [hadoop-common-3.3.6.jar:?]
	at org.apache.hadoop.ipc.Server$Handler.run(Server.java:3048) [hadoop-common-3.3.6.jar:?]
2023-07-25 10:56:56,927 [IPC Server handler 1 on default port 15057] ERROR file.OMDirectoryCreateRequestWithFSO (OMDirectoryCreateRequestWithFSO.java:logResult(238)) - Directory creation failed. Volume:volume90736, Bucket:bucket48182, Keyd1/d2/d3/d4/key3. Exception:{}
FILE_ALREADY_EXISTS org.apache.hadoop.ozone.om.exceptions.OMException: Unable to create directory: d1/d2/d3/d4/key3 in volume/bucket: volume90736/bucket48182 as file:/volume90736/bucket48182/d1/d2/d3/d4/key3 already exists
	at org.apache.hadoop.ozone.om.request.file.OMDirectoryCreateRequestWithFSO.validateAndUpdateCache(OMDirectoryCreateRequestWithFSO.java:147)
	at org.apache.hadoop.ozone.protocolPB.OzoneManagerRequestHandler.handleWriteRequest(OzoneManagerRequestHandler.java:375)
	at org.apache.hadoop.ozone.protocolPB.OzoneManagerProtocolServerSideTranslatorPB.submitRequestDirectlyToOM(OzoneManagerProtocolServerSideTranslatorPB.java:280)
	at org.apache.hadoop.ozone.protocolPB.OzoneManagerProtocolServerSideTranslatorPB.processRequest(OzoneManagerProtocolServerSideTranslatorPB.java:175)
	at org.apache.hadoop.hdds.server.OzoneProtocolMessageDispatcher.processRequest(OzoneProtocolMessageDispatcher.java:87)
	at org.apache.hadoop.ozone.protocolPB.OzoneManagerProtocolServerSideTranslatorPB.submitRequest(OzoneManagerProtocolServerSideTranslatorPB.java:148)
	at org.apache.hadoop.ozone.protocol.proto.OzoneManagerProtocolProtos$OzoneManagerService$2.callBlockingMethod(OzoneManagerProtocolProtos.java)
	at org.apache.hadoop.ipc.ProtobufRpcEngine$Server.processCall(ProtobufRpcEngine.java:484)
	at org.apache.hadoop.ipc.ProtobufRpcEngine2$Server$ProtoBufRpcInvoker.call(ProtobufRpcEngine2.java:595)
	at org.apache.hadoop.ipc.ProtobufRpcEngine2$Server$ProtoBufRpcInvoker.call(ProtobufRpcEngine2.java:573)
	at org.apache.hadoop.ipc.RPC$Server.call(RPC.java:1227)
	at org.apache.hadoop.ipc.Server$RpcCall.run(Server.java:1094)
	at org.apache.hadoop.ipc.Server$RpcCall.run(Server.java:1017)
	at java.security.AccessController.doPrivileged(Native Method)
	at javax.security.auth.Subject.doAs(Subject.java:422)
	at org.apache.hadoop.security.UserGroupInformation.doAs(UserGroupInformation.java:1899)
	at org.apache.hadoop.ipc.Server$Handler.run(Server.java:3048)
10:56:56.931 [IPC Server handler 6 on default port 15057] ERROR OMAudit - user=runner | ip=127.0.0.1 | op=CREATE_FILE {volume=volume90736, bucket=bucket48182, key=d1/d2/d3, dataSize=4194304, replicationType=RATIS, replicationFactor=THREE} | ret=FAILURE
org.apache.hadoop.ozone.om.exceptions.OMException: Can not write to directory: d1/d2/d3
	at org.apache.hadoop.ozone.om.request.file.OMFileCreateRequest.checkDirectoryResult(OMFileCreateRequest.java:364) ~[ozone-manager-1.4.0-SNAPSHOT.jar:?]
	at org.apache.hadoop.ozone.om.request.file.OMFileCreateRequestWithFSO.validateAndUpdateCache(OMFileCreateRequestWithFSO.java:152) ~[ozone-manager-1.4.0-SNAPSHOT.jar:?]
	at org.apache.hadoop.ozone.protocolPB.OzoneManagerRequestHandler.handleWriteRequest(OzoneManagerRequestHandler.java:375) ~[ozone-manager-1.4.0-SNAPSHOT.jar:?]
	at org.apache.hadoop.ozone.protocolPB.OzoneManagerProtocolServerSideTranslatorPB.submitRequestDirectlyToOM(OzoneManagerProtocolServerSideTranslatorPB.java:280) ~[ozone-manager-1.4.0-SNAPSHOT.jar:?]
	at org.apache.hadoop.ozone.protocolPB.OzoneManagerProtocolServerSideTranslatorPB.processRequest(OzoneManagerProtocolServerSideTranslatorPB.java:175) ~[ozone-manager-1.4.0-SNAPSHOT.jar:?]
	at org.apache.hadoop.hdds.server.OzoneProtocolMessageDispatcher.processRequest(OzoneProtocolMessageDispatcher.java:87) [hdds-server-framework-1.4.0-SNAPSHOT.jar:?]
	at org.apache.hadoop.ozone.protocolPB.OzoneManagerProtocolServerSideTranslatorPB.submitRequest(OzoneManagerProtocolServerSideTranslatorPB.java:148) [ozone-manager-1.4.0-SNAPSHOT.jar:?]
	at org.apache.hadoop.ozone.protocol.proto.OzoneManagerProtocolProtos$OzoneManagerService$2.callBlockingMethod(OzoneManagerProtocolProtos.java) [ozone-interface-client-1.4.0-SNAPSHOT.jar:?]
	at org.apache.hadoop.ipc.ProtobufRpcEngine$Server.processCall(ProtobufRpcEngine.java:484) [hadoop-common-3.3.6.jar:?]
	at org.apache.hadoop.ipc.ProtobufRpcEngine2$Server$ProtoBufRpcInvoker.call(ProtobufRpcEngine2.java:595) [hadoop-common-3.3.6.jar:?]
	at org.apache.hadoop.ipc.ProtobufRpcEngine2$Server$ProtoBufRpcInvoker.call(ProtobufRpcEngine2.java:573) [hadoop-common-3.3.6.jar:?]
	at org.apache.hadoop.ipc.RPC$Server.call(RPC.java:1227) [hadoop-common-3.3.6.jar:?]
	at org.apache.hadoop.ipc.Server$RpcCall.run(Server.java:1094) [hadoop-common-3.3.6.jar:?]
	at org.apache.hadoop.ipc.Server$RpcCall.run(Server.java:1017) [hadoop-common-3.3.6.jar:?]
	at java.security.AccessController.doPrivileged(Native Method) ~[?:1.8.0_372]
	at javax.security.auth.Subject.doAs(Subject.java:422) [?:1.8.0_372]
	at org.apache.hadoop.security.UserGroupInformation.doAs(UserGroupInformation.java:1899) [hadoop-common-3.3.6.jar:?]
	at org.apache.hadoop.ipc.Server$Handler.run(Server.java:3048) [hadoop-common-3.3.6.jar:?]
2023-07-25 10:56:56,931 [IPC Server handler 6 on default port 15057] ERROR file.OMFileCreateRequestWithFSO (OMFileCreateRequestWithFSO.java:validateAndUpdateCache(260)) - File create failed. Volume:volume90736, Bucket:bucket48182, Key:d1/d2/d3.
NOT_A_FILE org.apache.hadoop.ozone.om.exceptions.OMException: Can not write to directory: d1/d2/d3
	at org.apache.hadoop.ozone.om.request.file.OMFileCreateRequest.checkDirectoryResult(OMFileCreateRequest.java:364)
	at org.apache.hadoop.ozone.om.request.file.OMFileCreateRequestWithFSO.validateAndUpdateCache(OMFileCreateRequestWithFSO.java:152)
	at org.apache.hadoop.ozone.protocolPB.OzoneManagerRequestHandler.handleWriteRequest(OzoneManagerRequestHandler.java:375)
	at org.apache.hadoop.ozone.protocolPB.OzoneManagerProtocolServerSideTranslatorPB.submitRequestDirectlyToOM(OzoneManagerProtocolServerSideTranslatorPB.java:280)
	at org.apache.hadoop.ozone.protocolPB.OzoneManagerProtocolServerSideTranslatorPB.processRequest(OzoneManagerProtocolServerSideTranslatorPB.java:175)
	at org.apache.hadoop.hdds.server.OzoneProtocolMessageDispatcher.processRequest(OzoneProtocolMessageDispatcher.java:87)
	at org.apache.hadoop.ozone.protocolPB.OzoneManagerProtocolServerSideTranslatorPB.submitRequest(OzoneManagerProtocolServerSideTranslatorPB.java:148)
	at org.apache.hadoop.ozone.protocol.proto.OzoneManagerProtocolProtos$OzoneManagerService$2.callBlockingMethod(OzoneManagerProtocolProtos.java)
	at org.apache.hadoop.ipc.ProtobufRpcEngine$Server.processCall(ProtobufRpcEngine.java:484)
	at org.apache.hadoop.ipc.ProtobufRpcEngine2$Server$ProtoBufRpcInvoker.call(ProtobufRpcEngine2.java:595)
	at org.apache.hadoop.ipc.ProtobufRpcEngine2$Server$ProtoBufRpcInvoker.call(ProtobufRpcEngine2.java:573)
	at org.apache.hadoop.ipc.RPC$Server.call(RPC.java:1227)
	at org.apache.hadoop.ipc.Server$RpcCall.run(Server.java:1094)
	at org.apache.hadoop.ipc.Server$RpcCall.run(Server.java:1017)
	at java.security.AccessController.doPrivileged(Native Method)
	at javax.security.auth.Subject.doAs(Subject.java:422)
	at org.apache.hadoop.security.UserGroupInformation.doAs(UserGroupInformation.java:1899)
	at org.apache.hadoop.ipc.Server$Handler.run(Server.java:3048)
10:56:56.939 [IPC Server handler 8 on default port 15057] ERROR OMAudit - user=runner | ip=127.0.0.1 | op=GET_FILE_STATUS {volume=volume90736, bucket=bucket48182, key=d1/d2/d3/d4/key3/invalid, dataSize=0, replicationConfig=null} | ret=FAILURE
org.apache.hadoop.ozone.om.exceptions.OMException: Unable to get file status: volume: volume90736 bucket: bucket48182 key: d1/d2/d3/d4/key3/invalid
	at org.apache.hadoop.ozone.om.KeyManagerImpl.getOzoneFileStatusFSO(KeyManagerImpl.java:1311) ~[ozone-manager-1.4.0-SNAPSHOT.jar:?]
	at org.apache.hadoop.ozone.om.KeyManagerImpl.getFileStatus(KeyManagerImpl.java:1102) ~[ozone-manager-1.4.0-SNAPSHOT.jar:?]
	at org.apache.hadoop.ozone.om.OmMetadataReader.getFileStatus(OmMetadataReader.java:262) ~[ozone-manager-1.4.0-SNAPSHOT.jar:?]
	at org.apache.hadoop.ozone.om.OzoneManager.getFileStatus(OzoneManager.java:3527) ~[ozone-manager-1.4.0-SNAPSHOT.jar:?]
	at org.apache.hadoop.ozone.protocolPB.OzoneManagerRequestHandler.getOzoneFileStatus(OzoneManagerRequestHandler.java:973) ~[ozone-manager-1.4.0-SNAPSHOT.jar:?]
	at org.apache.hadoop.ozone.protocolPB.OzoneManagerRequestHandler.handleReadRequest(OzoneManagerRequestHandler.java:252) ~[ozone-manager-1.4.0-SNAPSHOT.jar:?]
	at org.apache.hadoop.ozone.protocolPB.OzoneManagerProtocolServerSideTranslatorPB.submitRequestDirectlyToOM(OzoneManagerProtocolServerSideTranslatorPB.java:274) ~[ozone-manager-1.4.0-SNAPSHOT.jar:?]
	at org.apache.hadoop.ozone.protocolPB.OzoneManagerProtocolServerSideTranslatorPB.processRequest(OzoneManagerProtocolServerSideTranslatorPB.java:175) ~[ozone-manager-1.4.0-SNAPSHOT.jar:?]
	at org.apache.hadoop.hdds.server.OzoneProtocolMessageDispatcher.processRequest(OzoneProtocolMessageDispatcher.java:87) [hdds-server-framework-1.4.0-SNAPSHOT.jar:?]
	at org.apache.hadoop.ozone.protocolPB.OzoneManagerProtocolServerSideTranslatorPB.submitRequest(OzoneManagerProtocolServerSideTranslatorPB.java:148) [ozone-manager-1.4.0-SNAPSHOT.jar:?]
	at org.apache.hadoop.ozone.protocol.proto.OzoneManagerProtocolProtos$OzoneManagerService$2.callBlockingMethod(OzoneManagerProtocolProtos.java) [ozone-interface-client-1.4.0-SNAPSHOT.jar:?]
	at org.apache.hadoop.ipc.ProtobufRpcEngine$Server.processCall(ProtobufRpcEngine.java:484) [hadoop-common-3.3.6.jar:?]
	at org.apache.hadoop.ipc.ProtobufRpcEngine2$Server$ProtoBufRpcInvoker.call(ProtobufRpcEngine2.java:595) [hadoop-common-3.3.6.jar:?]
	at org.apache.hadoop.ipc.ProtobufRpcEngine2$Server$ProtoBufRpcInvoker.call(ProtobufRpcEngine2.java:573) [hadoop-common-3.3.6.jar:?]
	at org.apache.hadoop.ipc.RPC$Server.call(RPC.java:1227) [hadoop-common-3.3.6.jar:?]
	at org.apache.hadoop.ipc.Server$RpcCall.run(Server.java:1094) [hadoop-common-3.3.6.jar:?]
	at org.apache.hadoop.ipc.Server$RpcCall.run(Server.java:1017) [hadoop-common-3.3.6.jar:?]
	at java.security.AccessController.doPrivileged(Native Method) ~[?:1.8.0_372]
	at javax.security.auth.Subject.doAs(Subject.java:422) [?:1.8.0_372]
	at org.apache.hadoop.security.UserGroupInformation.doAs(UserGroupInformation.java:1899) [hadoop-common-3.3.6.jar:?]
	at org.apache.hadoop.ipc.Server$Handler.run(Server.java:3048) [hadoop-common-3.3.6.jar:?]
10:56:56.941 [IPC Server handler 9 on default port 15057] ERROR OMAudit - user=runner | ip=127.0.0.1 | op=GET_FILE_STATUS {volume=volume90736, bucket=bucket48182, key=d1/d2/d3/d4/invalidkey, dataSize=0, replicationConfig=null} | ret=FAILURE
org.apache.hadoop.ozone.om.exceptions.OMException: Unable to get file status: volume: volume90736 bucket: bucket48182 key: d1/d2/d3/d4/invalidkey
	at org.apache.hadoop.ozone.om.KeyManagerImpl.getOzoneFileStatusFSO(KeyManagerImpl.java:1311) ~[ozone-manager-1.4.0-SNAPSHOT.jar:?]
	at org.apache.hadoop.ozone.om.KeyManagerImpl.getFileStatus(KeyManagerImpl.java:1102) ~[ozone-manager-1.4.0-SNAPSHOT.jar:?]
	at org.apache.hadoop.ozone.om.OmMetadataReader.getFileStatus(OmMetadataReader.java:262) ~[ozone-manager-1.4.0-SNAPSHOT.jar:?]
	at org.apache.hadoop.ozone.om.OzoneManager.getFileStatus(OzoneManager.java:3527) ~[ozone-manager-1.4.0-SNAPSHOT.jar:?]
	at org.apache.hadoop.ozone.protocolPB.OzoneManagerRequestHandler.getOzoneFileStatus(OzoneManagerRequestHandler.java:973) ~[ozone-manager-1.4.0-SNAPSHOT.jar:?]
	at org.apache.hadoop.ozone.protocolPB.OzoneManagerRequestHandler.handleReadRequest(OzoneManagerRequestHandler.java:252) ~[ozone-manager-1.4.0-SNAPSHOT.jar:?]
	at org.apache.hadoop.ozone.protocolPB.OzoneManagerProtocolServerSideTranslatorPB.submitRequestDirectlyToOM(OzoneManagerProtocolServerSideTranslatorPB.java:274) ~[ozone-manager-1.4.0-SNAPSHOT.jar:?]
	at org.apache.hadoop.ozone.protocolPB.OzoneManagerProtocolServerSideTranslatorPB.processRequest(OzoneManagerProtocolServerSideTranslatorPB.java:175) ~[ozone-manager-1.4.0-SNAPSHOT.jar:?]
	at org.apache.hadoop.hdds.server.OzoneProtocolMessageDispatcher.processRequest(OzoneProtocolMessageDispatcher.java:87) [hdds-server-framework-1.4.0-SNAPSHOT.jar:?]
	at org.apache.hadoop.ozone.protocolPB.OzoneManagerProtocolServerSideTranslatorPB.submitRequest(OzoneManagerProtocolServerSideTranslatorPB.java:148) [ozone-manager-1.4.0-SNAPSHOT.jar:?]
	at org.apache.hadoop.ozone.protocol.proto.OzoneManagerProtocolProtos$OzoneManagerService$2.callBlockingMethod(OzoneManagerProtocolProtos.java) [ozone-interface-client-1.4.0-SNAPSHOT.jar:?]
	at org.apache.hadoop.ipc.ProtobufRpcEngine$Server.processCall(ProtobufRpcEngine.java:484) [hadoop-common-3.3.6.jar:?]
	at org.apache.hadoop.ipc.ProtobufRpcEngine2$Server$ProtoBufRpcInvoker.call(ProtobufRpcEngine2.java:595) [hadoop-common-3.3.6.jar:?]
	at org.apache.hadoop.ipc.ProtobufRpcEngine2$Server$ProtoBufRpcInvoker.call(ProtobufRpcEngine2.java:573) [hadoop-common-3.3.6.jar:?]
	at org.apache.hadoop.ipc.RPC$Server.call(RPC.java:1227) [hadoop-common-3.3.6.jar:?]
	at org.apache.hadoop.ipc.Server$RpcCall.run(Server.java:1094) [hadoop-common-3.3.6.jar:?]
	at org.apache.hadoop.ipc.Server$RpcCall.run(Server.java:1017) [hadoop-common-3.3.6.jar:?]
	at java.security.AccessController.doPrivileged(Native Method) ~[?:1.8.0_372]
	at javax.security.auth.Subject.doAs(Subject.java:422) [?:1.8.0_372]
	at org.apache.hadoop.security.UserGroupInformation.doAs(UserGroupInformation.java:1899) [hadoop-common-3.3.6.jar:?]
	at org.apache.hadoop.ipc.Server$Handler.run(Server.java:3048) [hadoop-common-3.3.6.jar:?]
]]></system-out>
  </testcase>
  <testcase name="testRenameContainDelimiterFile" classname="TestOzoneFileSystemWithFSO" time="0.055">
    <system-out><![CDATA[10:55:39.305 [IPC Server handler 3 on default port 15004] ERROR OMAudit - user=runner | ip=127.0.0.1 | op=GET_FILE_STATUS {volume=volume25555, bucket=bucket68101, key=dir1/dir2/key1, dataSize=0, replicationConfig=null} | ret=FAILURE
org.apache.hadoop.ozone.om.exceptions.OMException: Unable to get file status: volume: volume25555 bucket: bucket68101 key: dir1/dir2/key1
	at org.apache.hadoop.ozone.om.KeyManagerImpl.getOzoneFileStatusFSO(KeyManagerImpl.java:1311) ~[ozone-manager-1.4.0-SNAPSHOT.jar:?]
	at org.apache.hadoop.ozone.om.KeyManagerImpl.getFileStatus(KeyManagerImpl.java:1102) ~[ozone-manager-1.4.0-SNAPSHOT.jar:?]
	at org.apache.hadoop.ozone.om.OmMetadataReader.getFileStatus(OmMetadataReader.java:262) ~[ozone-manager-1.4.0-SNAPSHOT.jar:?]
	at org.apache.hadoop.ozone.om.OzoneManager.getFileStatus(OzoneManager.java:3527) ~[ozone-manager-1.4.0-SNAPSHOT.jar:?]
	at org.apache.hadoop.ozone.protocolPB.OzoneManagerRequestHandler.getOzoneFileStatus(OzoneManagerRequestHandler.java:973) ~[ozone-manager-1.4.0-SNAPSHOT.jar:?]
	at org.apache.hadoop.ozone.protocolPB.OzoneManagerRequestHandler.handleReadRequest(OzoneManagerRequestHandler.java:252) ~[ozone-manager-1.4.0-SNAPSHOT.jar:?]
	at org.apache.hadoop.ozone.protocolPB.OzoneManagerProtocolServerSideTranslatorPB.submitReadRequestToOM(OzoneManagerProtocolServerSideTranslatorPB.java:225) ~[ozone-manager-1.4.0-SNAPSHOT.jar:?]
	at org.apache.hadoop.ozone.protocolPB.OzoneManagerProtocolServerSideTranslatorPB.processRequest(OzoneManagerProtocolServerSideTranslatorPB.java:179) ~[ozone-manager-1.4.0-SNAPSHOT.jar:?]
	at org.apache.hadoop.hdds.server.OzoneProtocolMessageDispatcher.processRequest(OzoneProtocolMessageDispatcher.java:87) [hdds-server-framework-1.4.0-SNAPSHOT.jar:?]
	at org.apache.hadoop.ozone.protocolPB.OzoneManagerProtocolServerSideTranslatorPB.submitRequest(OzoneManagerProtocolServerSideTranslatorPB.java:148) [ozone-manager-1.4.0-SNAPSHOT.jar:?]
	at org.apache.hadoop.ozone.protocol.proto.OzoneManagerProtocolProtos$OzoneManagerService$2.callBlockingMethod(OzoneManagerProtocolProtos.java) [ozone-interface-client-1.4.0-SNAPSHOT.jar:?]
	at org.apache.hadoop.ipc.ProtobufRpcEngine$Server.processCall(ProtobufRpcEngine.java:484) [hadoop-common-3.3.6.jar:?]
	at org.apache.hadoop.ipc.ProtobufRpcEngine2$Server$ProtoBufRpcInvoker.call(ProtobufRpcEngine2.java:595) [hadoop-common-3.3.6.jar:?]
	at org.apache.hadoop.ipc.ProtobufRpcEngine2$Server$ProtoBufRpcInvoker.call(ProtobufRpcEngine2.java:573) [hadoop-common-3.3.6.jar:?]
	at org.apache.hadoop.ipc.RPC$Server.call(RPC.java:1227) [hadoop-common-3.3.6.jar:?]
	at org.apache.hadoop.ipc.Server$RpcCall.run(Server.java:1094) [hadoop-common-3.3.6.jar:?]
	at org.apache.hadoop.ipc.Server$RpcCall.run(Server.java:1017) [hadoop-common-3.3.6.jar:?]
	at java.security.AccessController.doPrivileged(Native Method) ~[?:1.8.0_372]
	at javax.security.auth.Subject.doAs(Subject.java:422) [?:1.8.0_372]
	at org.apache.hadoop.security.UserGroupInformation.doAs(UserGroupInformation.java:1899) [hadoop-common-3.3.6.jar:?]
	at org.apache.hadoop.ipc.Server$Handler.run(Server.java:3048) [hadoop-common-3.3.6.jar:?]
10:55:39.309 [IPC Server handler 4 on default port 15004] ERROR OMAudit - user=runner | ip=127.0.0.1 | op=GET_FILE_STATUS {volume=volume25555, bucket=bucket68101, key=user/runner/dir1, dataSize=0, replicationConfig=null} | ret=FAILURE
org.apache.hadoop.ozone.om.exceptions.OMException: Unable to get file status: volume: volume25555 bucket: bucket68101 key: user/runner/dir1
	at org.apache.hadoop.ozone.om.KeyManagerImpl.getOzoneFileStatusFSO(KeyManagerImpl.java:1311) ~[ozone-manager-1.4.0-SNAPSHOT.jar:?]
	at org.apache.hadoop.ozone.om.KeyManagerImpl.getFileStatus(KeyManagerImpl.java:1102) ~[ozone-manager-1.4.0-SNAPSHOT.jar:?]
	at org.apache.hadoop.ozone.om.OmMetadataReader.getFileStatus(OmMetadataReader.java:262) ~[ozone-manager-1.4.0-SNAPSHOT.jar:?]
	at org.apache.hadoop.ozone.om.OzoneManager.getFileStatus(OzoneManager.java:3527) ~[ozone-manager-1.4.0-SNAPSHOT.jar:?]
	at org.apache.hadoop.ozone.protocolPB.OzoneManagerRequestHandler.getOzoneFileStatus(OzoneManagerRequestHandler.java:973) ~[ozone-manager-1.4.0-SNAPSHOT.jar:?]
	at org.apache.hadoop.ozone.protocolPB.OzoneManagerRequestHandler.handleReadRequest(OzoneManagerRequestHandler.java:252) ~[ozone-manager-1.4.0-SNAPSHOT.jar:?]
	at org.apache.hadoop.ozone.protocolPB.OzoneManagerProtocolServerSideTranslatorPB.submitReadRequestToOM(OzoneManagerProtocolServerSideTranslatorPB.java:225) ~[ozone-manager-1.4.0-SNAPSHOT.jar:?]
	at org.apache.hadoop.ozone.protocolPB.OzoneManagerProtocolServerSideTranslatorPB.processRequest(OzoneManagerProtocolServerSideTranslatorPB.java:179) ~[ozone-manager-1.4.0-SNAPSHOT.jar:?]
	at org.apache.hadoop.hdds.server.OzoneProtocolMessageDispatcher.processRequest(OzoneProtocolMessageDispatcher.java:87) [hdds-server-framework-1.4.0-SNAPSHOT.jar:?]
	at org.apache.hadoop.ozone.protocolPB.OzoneManagerProtocolServerSideTranslatorPB.submitRequest(OzoneManagerProtocolServerSideTranslatorPB.java:148) [ozone-manager-1.4.0-SNAPSHOT.jar:?]
	at org.apache.hadoop.ozone.protocol.proto.OzoneManagerProtocolProtos$OzoneManagerService$2.callBlockingMethod(OzoneManagerProtocolProtos.java) [ozone-interface-client-1.4.0-SNAPSHOT.jar:?]
	at org.apache.hadoop.ipc.ProtobufRpcEngine$Server.processCall(ProtobufRpcEngine.java:484) [hadoop-common-3.3.6.jar:?]
	at org.apache.hadoop.ipc.ProtobufRpcEngine2$Server$ProtoBufRpcInvoker.call(ProtobufRpcEngine2.java:595) [hadoop-common-3.3.6.jar:?]
	at org.apache.hadoop.ipc.ProtobufRpcEngine2$Server$ProtoBufRpcInvoker.call(ProtobufRpcEngine2.java:573) [hadoop-common-3.3.6.jar:?]
	at org.apache.hadoop.ipc.RPC$Server.call(RPC.java:1227) [hadoop-common-3.3.6.jar:?]
	at org.apache.hadoop.ipc.Server$RpcCall.run(Server.java:1094) [hadoop-common-3.3.6.jar:?]
	at org.apache.hadoop.ipc.Server$RpcCall.run(Server.java:1017) [hadoop-common-3.3.6.jar:?]
	at java.security.AccessController.doPrivileged(Native Method) ~[?:1.8.0_372]
	at javax.security.auth.Subject.doAs(Subject.java:422) [?:1.8.0_372]
	at org.apache.hadoop.security.UserGroupInformation.doAs(UserGroupInformation.java:1899) [hadoop-common-3.3.6.jar:?]
	at org.apache.hadoop.ipc.Server$Handler.run(Server.java:3048) [hadoop-common-3.3.6.jar:?]
10:55:39.311 [IPC Server handler 6 on default port 15004] ERROR OMAudit - user=runner | ip=127.0.0.1 | op=GET_FILE_STATUS {volume=volume25555, bucket=bucket68101, key=user/runner/dir1/dir2, dataSize=0, replicationConfig=null} | ret=FAILURE
org.apache.hadoop.ozone.om.exceptions.OMException: Unable to get file status: volume: volume25555 bucket: bucket68101 key: user/runner/dir1/dir2
	at org.apache.hadoop.ozone.om.KeyManagerImpl.getOzoneFileStatusFSO(KeyManagerImpl.java:1311) ~[ozone-manager-1.4.0-SNAPSHOT.jar:?]
	at org.apache.hadoop.ozone.om.KeyManagerImpl.getFileStatus(KeyManagerImpl.java:1102) ~[ozone-manager-1.4.0-SNAPSHOT.jar:?]
	at org.apache.hadoop.ozone.om.OmMetadataReader.getFileStatus(OmMetadataReader.java:262) ~[ozone-manager-1.4.0-SNAPSHOT.jar:?]
	at org.apache.hadoop.ozone.om.OzoneManager.getFileStatus(OzoneManager.java:3527) ~[ozone-manager-1.4.0-SNAPSHOT.jar:?]
	at org.apache.hadoop.ozone.protocolPB.OzoneManagerRequestHandler.getOzoneFileStatus(OzoneManagerRequestHandler.java:973) ~[ozone-manager-1.4.0-SNAPSHOT.jar:?]
	at org.apache.hadoop.ozone.protocolPB.OzoneManagerRequestHandler.handleReadRequest(OzoneManagerRequestHandler.java:252) ~[ozone-manager-1.4.0-SNAPSHOT.jar:?]
	at org.apache.hadoop.ozone.protocolPB.OzoneManagerProtocolServerSideTranslatorPB.submitReadRequestToOM(OzoneManagerProtocolServerSideTranslatorPB.java:225) ~[ozone-manager-1.4.0-SNAPSHOT.jar:?]
	at org.apache.hadoop.ozone.protocolPB.OzoneManagerProtocolServerSideTranslatorPB.processRequest(OzoneManagerProtocolServerSideTranslatorPB.java:179) ~[ozone-manager-1.4.0-SNAPSHOT.jar:?]
	at org.apache.hadoop.hdds.server.OzoneProtocolMessageDispatcher.processRequest(OzoneProtocolMessageDispatcher.java:87) [hdds-server-framework-1.4.0-SNAPSHOT.jar:?]
	at org.apache.hadoop.ozone.protocolPB.OzoneManagerProtocolServerSideTranslatorPB.submitRequest(OzoneManagerProtocolServerSideTranslatorPB.java:148) [ozone-manager-1.4.0-SNAPSHOT.jar:?]
	at org.apache.hadoop.ozone.protocol.proto.OzoneManagerProtocolProtos$OzoneManagerService$2.callBlockingMethod(OzoneManagerProtocolProtos.java) [ozone-interface-client-1.4.0-SNAPSHOT.jar:?]
	at org.apache.hadoop.ipc.ProtobufRpcEngine$Server.processCall(ProtobufRpcEngine.java:484) [hadoop-common-3.3.6.jar:?]
	at org.apache.hadoop.ipc.ProtobufRpcEngine2$Server$ProtoBufRpcInvoker.call(ProtobufRpcEngine2.java:595) [hadoop-common-3.3.6.jar:?]
	at org.apache.hadoop.ipc.ProtobufRpcEngine2$Server$ProtoBufRpcInvoker.call(ProtobufRpcEngine2.java:573) [hadoop-common-3.3.6.jar:?]
	at org.apache.hadoop.ipc.RPC$Server.call(RPC.java:1227) [hadoop-common-3.3.6.jar:?]
	at org.apache.hadoop.ipc.Server$RpcCall.run(Server.java:1094) [hadoop-common-3.3.6.jar:?]
	at org.apache.hadoop.ipc.Server$RpcCall.run(Server.java:1017) [hadoop-common-3.3.6.jar:?]
	at java.security.AccessController.doPrivileged(Native Method) ~[?:1.8.0_372]
	at javax.security.auth.Subject.doAs(Subject.java:422) [?:1.8.0_372]
	at org.apache.hadoop.security.UserGroupInformation.doAs(UserGroupInformation.java:1899) [hadoop-common-3.3.6.jar:?]
	at org.apache.hadoop.ipc.Server$Handler.run(Server.java:3048) [hadoop-common-3.3.6.jar:?]
]]></system-out>
  </testcase>
  <testcase name="testRenameContainDelimiterFile" classname="TestOzoneFileSystemWithFSO" time="0.031">
    <system-out><![CDATA[10:56:56.964 [IPC Server handler 12 on default port 15057] ERROR OMAudit - user=runner | ip=127.0.0.1 | op=GET_FILE_STATUS {volume=volume90736, bucket=bucket48182, key=dir1/dir2/key1, dataSize=0, replicationConfig=null} | ret=FAILURE
org.apache.hadoop.ozone.om.exceptions.OMException: Unable to get file status: volume: volume90736 bucket: bucket48182 key: dir1/dir2/key1
	at org.apache.hadoop.ozone.om.KeyManagerImpl.getOzoneFileStatusFSO(KeyManagerImpl.java:1311) ~[ozone-manager-1.4.0-SNAPSHOT.jar:?]
	at org.apache.hadoop.ozone.om.KeyManagerImpl.getFileStatus(KeyManagerImpl.java:1102) ~[ozone-manager-1.4.0-SNAPSHOT.jar:?]
	at org.apache.hadoop.ozone.om.OmMetadataReader.getFileStatus(OmMetadataReader.java:262) ~[ozone-manager-1.4.0-SNAPSHOT.jar:?]
	at org.apache.hadoop.ozone.om.OzoneManager.getFileStatus(OzoneManager.java:3527) ~[ozone-manager-1.4.0-SNAPSHOT.jar:?]
	at org.apache.hadoop.ozone.protocolPB.OzoneManagerRequestHandler.getOzoneFileStatus(OzoneManagerRequestHandler.java:973) ~[ozone-manager-1.4.0-SNAPSHOT.jar:?]
	at org.apache.hadoop.ozone.protocolPB.OzoneManagerRequestHandler.handleReadRequest(OzoneManagerRequestHandler.java:252) ~[ozone-manager-1.4.0-SNAPSHOT.jar:?]
	at org.apache.hadoop.ozone.protocolPB.OzoneManagerProtocolServerSideTranslatorPB.submitRequestDirectlyToOM(OzoneManagerProtocolServerSideTranslatorPB.java:274) ~[ozone-manager-1.4.0-SNAPSHOT.jar:?]
	at org.apache.hadoop.ozone.protocolPB.OzoneManagerProtocolServerSideTranslatorPB.processRequest(OzoneManagerProtocolServerSideTranslatorPB.java:175) ~[ozone-manager-1.4.0-SNAPSHOT.jar:?]
	at org.apache.hadoop.hdds.server.OzoneProtocolMessageDispatcher.processRequest(OzoneProtocolMessageDispatcher.java:87) [hdds-server-framework-1.4.0-SNAPSHOT.jar:?]
	at org.apache.hadoop.ozone.protocolPB.OzoneManagerProtocolServerSideTranslatorPB.submitRequest(OzoneManagerProtocolServerSideTranslatorPB.java:148) [ozone-manager-1.4.0-SNAPSHOT.jar:?]
	at org.apache.hadoop.ozone.protocol.proto.OzoneManagerProtocolProtos$OzoneManagerService$2.callBlockingMethod(OzoneManagerProtocolProtos.java) [ozone-interface-client-1.4.0-SNAPSHOT.jar:?]
	at org.apache.hadoop.ipc.ProtobufRpcEngine$Server.processCall(ProtobufRpcEngine.java:484) [hadoop-common-3.3.6.jar:?]
	at org.apache.hadoop.ipc.ProtobufRpcEngine2$Server$ProtoBufRpcInvoker.call(ProtobufRpcEngine2.java:595) [hadoop-common-3.3.6.jar:?]
	at org.apache.hadoop.ipc.ProtobufRpcEngine2$Server$ProtoBufRpcInvoker.call(ProtobufRpcEngine2.java:573) [hadoop-common-3.3.6.jar:?]
	at org.apache.hadoop.ipc.RPC$Server.call(RPC.java:1227) [hadoop-common-3.3.6.jar:?]
	at org.apache.hadoop.ipc.Server$RpcCall.run(Server.java:1094) [hadoop-common-3.3.6.jar:?]
	at org.apache.hadoop.ipc.Server$RpcCall.run(Server.java:1017) [hadoop-common-3.3.6.jar:?]
	at java.security.AccessController.doPrivileged(Native Method) ~[?:1.8.0_372]
	at javax.security.auth.Subject.doAs(Subject.java:422) [?:1.8.0_372]
	at org.apache.hadoop.security.UserGroupInformation.doAs(UserGroupInformation.java:1899) [hadoop-common-3.3.6.jar:?]
	at org.apache.hadoop.ipc.Server$Handler.run(Server.java:3048) [hadoop-common-3.3.6.jar:?]
10:56:56.970 [IPC Server handler 16 on default port 15057] ERROR OMAudit - user=runner | ip=127.0.0.1 | op=GET_FILE_STATUS {volume=volume90736, bucket=bucket48182, key=user/runner/dir1, dataSize=0, replicationConfig=null} | ret=FAILURE
org.apache.hadoop.ozone.om.exceptions.OMException: Unable to get file status: volume: volume90736 bucket: bucket48182 key: user/runner/dir1
	at org.apache.hadoop.ozone.om.KeyManagerImpl.getOzoneFileStatusFSO(KeyManagerImpl.java:1311) ~[ozone-manager-1.4.0-SNAPSHOT.jar:?]
	at org.apache.hadoop.ozone.om.KeyManagerImpl.getFileStatus(KeyManagerImpl.java:1102) ~[ozone-manager-1.4.0-SNAPSHOT.jar:?]
	at org.apache.hadoop.ozone.om.OmMetadataReader.getFileStatus(OmMetadataReader.java:262) ~[ozone-manager-1.4.0-SNAPSHOT.jar:?]
	at org.apache.hadoop.ozone.om.OzoneManager.getFileStatus(OzoneManager.java:3527) ~[ozone-manager-1.4.0-SNAPSHOT.jar:?]
	at org.apache.hadoop.ozone.protocolPB.OzoneManagerRequestHandler.getOzoneFileStatus(OzoneManagerRequestHandler.java:973) ~[ozone-manager-1.4.0-SNAPSHOT.jar:?]
	at org.apache.hadoop.ozone.protocolPB.OzoneManagerRequestHandler.handleReadRequest(OzoneManagerRequestHandler.java:252) ~[ozone-manager-1.4.0-SNAPSHOT.jar:?]
	at org.apache.hadoop.ozone.protocolPB.OzoneManagerProtocolServerSideTranslatorPB.submitRequestDirectlyToOM(OzoneManagerProtocolServerSideTranslatorPB.java:274) ~[ozone-manager-1.4.0-SNAPSHOT.jar:?]
	at org.apache.hadoop.ozone.protocolPB.OzoneManagerProtocolServerSideTranslatorPB.processRequest(OzoneManagerProtocolServerSideTranslatorPB.java:175) ~[ozone-manager-1.4.0-SNAPSHOT.jar:?]
	at org.apache.hadoop.hdds.server.OzoneProtocolMessageDispatcher.processRequest(OzoneProtocolMessageDispatcher.java:87) [hdds-server-framework-1.4.0-SNAPSHOT.jar:?]
	at org.apache.hadoop.ozone.protocolPB.OzoneManagerProtocolServerSideTranslatorPB.submitRequest(OzoneManagerProtocolServerSideTranslatorPB.java:148) [ozone-manager-1.4.0-SNAPSHOT.jar:?]
	at org.apache.hadoop.ozone.protocol.proto.OzoneManagerProtocolProtos$OzoneManagerService$2.callBlockingMethod(OzoneManagerProtocolProtos.java) [ozone-interface-client-1.4.0-SNAPSHOT.jar:?]
	at org.apache.hadoop.ipc.ProtobufRpcEngine$Server.processCall(ProtobufRpcEngine.java:484) [hadoop-common-3.3.6.jar:?]
	at org.apache.hadoop.ipc.ProtobufRpcEngine2$Server$ProtoBufRpcInvoker.call(ProtobufRpcEngine2.java:595) [hadoop-common-3.3.6.jar:?]
	at org.apache.hadoop.ipc.ProtobufRpcEngine2$Server$ProtoBufRpcInvoker.call(ProtobufRpcEngine2.java:573) [hadoop-common-3.3.6.jar:?]
	at org.apache.hadoop.ipc.RPC$Server.call(RPC.java:1227) [hadoop-common-3.3.6.jar:?]
	at org.apache.hadoop.ipc.Server$RpcCall.run(Server.java:1094) [hadoop-common-3.3.6.jar:?]
	at org.apache.hadoop.ipc.Server$RpcCall.run(Server.java:1017) [hadoop-common-3.3.6.jar:?]
	at java.security.AccessController.doPrivileged(Native Method) ~[?:1.8.0_372]
	at javax.security.auth.Subject.doAs(Subject.java:422) [?:1.8.0_372]
	at org.apache.hadoop.security.UserGroupInformation.doAs(UserGroupInformation.java:1899) [hadoop-common-3.3.6.jar:?]
	at org.apache.hadoop.ipc.Server$Handler.run(Server.java:3048) [hadoop-common-3.3.6.jar:?]
10:56:56.971 [IPC Server handler 15 on default port 15057] ERROR OMAudit - user=runner | ip=127.0.0.1 | op=GET_FILE_STATUS {volume=volume90736, bucket=bucket48182, key=user/runner/dir1/dir2, dataSize=0, replicationConfig=null} | ret=FAILURE
org.apache.hadoop.ozone.om.exceptions.OMException: Unable to get file status: volume: volume90736 bucket: bucket48182 key: user/runner/dir1/dir2
	at org.apache.hadoop.ozone.om.KeyManagerImpl.getOzoneFileStatusFSO(KeyManagerImpl.java:1311) ~[ozone-manager-1.4.0-SNAPSHOT.jar:?]
	at org.apache.hadoop.ozone.om.KeyManagerImpl.getFileStatus(KeyManagerImpl.java:1102) ~[ozone-manager-1.4.0-SNAPSHOT.jar:?]
	at org.apache.hadoop.ozone.om.OmMetadataReader.getFileStatus(OmMetadataReader.java:262) ~[ozone-manager-1.4.0-SNAPSHOT.jar:?]
	at org.apache.hadoop.ozone.om.OzoneManager.getFileStatus(OzoneManager.java:3527) ~[ozone-manager-1.4.0-SNAPSHOT.jar:?]
	at org.apache.hadoop.ozone.protocolPB.OzoneManagerRequestHandler.getOzoneFileStatus(OzoneManagerRequestHandler.java:973) ~[ozone-manager-1.4.0-SNAPSHOT.jar:?]
	at org.apache.hadoop.ozone.protocolPB.OzoneManagerRequestHandler.handleReadRequest(OzoneManagerRequestHandler.java:252) ~[ozone-manager-1.4.0-SNAPSHOT.jar:?]
	at org.apache.hadoop.ozone.protocolPB.OzoneManagerProtocolServerSideTranslatorPB.submitRequestDirectlyToOM(OzoneManagerProtocolServerSideTranslatorPB.java:274) ~[ozone-manager-1.4.0-SNAPSHOT.jar:?]
	at org.apache.hadoop.ozone.protocolPB.OzoneManagerProtocolServerSideTranslatorPB.processRequest(OzoneManagerProtocolServerSideTranslatorPB.java:175) ~[ozone-manager-1.4.0-SNAPSHOT.jar:?]
	at org.apache.hadoop.hdds.server.OzoneProtocolMessageDispatcher.processRequest(OzoneProtocolMessageDispatcher.java:87) [hdds-server-framework-1.4.0-SNAPSHOT.jar:?]
	at org.apache.hadoop.ozone.protocolPB.OzoneManagerProtocolServerSideTranslatorPB.submitRequest(OzoneManagerProtocolServerSideTranslatorPB.java:148) [ozone-manager-1.4.0-SNAPSHOT.jar:?]
	at org.apache.hadoop.ozone.protocol.proto.OzoneManagerProtocolProtos$OzoneManagerService$2.callBlockingMethod(OzoneManagerProtocolProtos.java) [ozone-interface-client-1.4.0-SNAPSHOT.jar:?]
	at org.apache.hadoop.ipc.ProtobufRpcEngine$Server.processCall(ProtobufRpcEngine.java:484) [hadoop-common-3.3.6.jar:?]
	at org.apache.hadoop.ipc.ProtobufRpcEngine2$Server$ProtoBufRpcInvoker.call(ProtobufRpcEngine2.java:595) [hadoop-common-3.3.6.jar:?]
	at org.apache.hadoop.ipc.ProtobufRpcEngine2$Server$ProtoBufRpcInvoker.call(ProtobufRpcEngine2.java:573) [hadoop-common-3.3.6.jar:?]
	at org.apache.hadoop.ipc.RPC$Server.call(RPC.java:1227) [hadoop-common-3.3.6.jar:?]
	at org.apache.hadoop.ipc.Server$RpcCall.run(Server.java:1094) [hadoop-common-3.3.6.jar:?]
	at org.apache.hadoop.ipc.Server$RpcCall.run(Server.java:1017) [hadoop-common-3.3.6.jar:?]
	at java.security.AccessController.doPrivileged(Native Method) ~[?:1.8.0_372]
	at javax.security.auth.Subject.doAs(Subject.java:422) [?:1.8.0_372]
	at org.apache.hadoop.security.UserGroupInformation.doAs(UserGroupInformation.java:1899) [hadoop-common-3.3.6.jar:?]
	at org.apache.hadoop.ipc.Server$Handler.run(Server.java:3048) [hadoop-common-3.3.6.jar:?]
]]></system-out>
  </testcase>
  <testcase name="testMakeDirsWithAnFakeDirectory" classname="TestOzoneFileSystemWithFSO" time="0.06">
    <system-out><![CDATA[10:55:39.350 [IPC Server handler 15 on default port 15004] ERROR OMAudit - user=runner | ip=127.0.0.1 | op=GET_FILE_STATUS {volume=volume25555, bucket=bucket68101, key=user/runner/dir1/dir2, dataSize=0, replicationConfig=null} | ret=FAILURE
org.apache.hadoop.ozone.om.exceptions.OMException: Unable to get file status: volume: volume25555 bucket: bucket68101 key: user/runner/dir1/dir2
	at org.apache.hadoop.ozone.om.KeyManagerImpl.getOzoneFileStatusFSO(KeyManagerImpl.java:1311) ~[ozone-manager-1.4.0-SNAPSHOT.jar:?]
	at org.apache.hadoop.ozone.om.KeyManagerImpl.getFileStatus(KeyManagerImpl.java:1102) ~[ozone-manager-1.4.0-SNAPSHOT.jar:?]
	at org.apache.hadoop.ozone.om.OmMetadataReader.getFileStatus(OmMetadataReader.java:262) ~[ozone-manager-1.4.0-SNAPSHOT.jar:?]
	at org.apache.hadoop.ozone.om.OzoneManager.getFileStatus(OzoneManager.java:3527) ~[ozone-manager-1.4.0-SNAPSHOT.jar:?]
	at org.apache.hadoop.ozone.protocolPB.OzoneManagerRequestHandler.getOzoneFileStatus(OzoneManagerRequestHandler.java:973) ~[ozone-manager-1.4.0-SNAPSHOT.jar:?]
	at org.apache.hadoop.ozone.protocolPB.OzoneManagerRequestHandler.handleReadRequest(OzoneManagerRequestHandler.java:252) ~[ozone-manager-1.4.0-SNAPSHOT.jar:?]
	at org.apache.hadoop.ozone.protocolPB.OzoneManagerProtocolServerSideTranslatorPB.submitReadRequestToOM(OzoneManagerProtocolServerSideTranslatorPB.java:225) ~[ozone-manager-1.4.0-SNAPSHOT.jar:?]
	at org.apache.hadoop.ozone.protocolPB.OzoneManagerProtocolServerSideTranslatorPB.processRequest(OzoneManagerProtocolServerSideTranslatorPB.java:179) ~[ozone-manager-1.4.0-SNAPSHOT.jar:?]
	at org.apache.hadoop.hdds.server.OzoneProtocolMessageDispatcher.processRequest(OzoneProtocolMessageDispatcher.java:87) [hdds-server-framework-1.4.0-SNAPSHOT.jar:?]
	at org.apache.hadoop.ozone.protocolPB.OzoneManagerProtocolServerSideTranslatorPB.submitRequest(OzoneManagerProtocolServerSideTranslatorPB.java:148) [ozone-manager-1.4.0-SNAPSHOT.jar:?]
	at org.apache.hadoop.ozone.protocol.proto.OzoneManagerProtocolProtos$OzoneManagerService$2.callBlockingMethod(OzoneManagerProtocolProtos.java) [ozone-interface-client-1.4.0-SNAPSHOT.jar:?]
	at org.apache.hadoop.ipc.ProtobufRpcEngine$Server.processCall(ProtobufRpcEngine.java:484) [hadoop-common-3.3.6.jar:?]
	at org.apache.hadoop.ipc.ProtobufRpcEngine2$Server$ProtoBufRpcInvoker.call(ProtobufRpcEngine2.java:595) [hadoop-common-3.3.6.jar:?]
	at org.apache.hadoop.ipc.ProtobufRpcEngine2$Server$ProtoBufRpcInvoker.call(ProtobufRpcEngine2.java:573) [hadoop-common-3.3.6.jar:?]
	at org.apache.hadoop.ipc.RPC$Server.call(RPC.java:1227) [hadoop-common-3.3.6.jar:?]
	at org.apache.hadoop.ipc.Server$RpcCall.run(Server.java:1094) [hadoop-common-3.3.6.jar:?]
	at org.apache.hadoop.ipc.Server$RpcCall.run(Server.java:1017) [hadoop-common-3.3.6.jar:?]
	at java.security.AccessController.doPrivileged(Native Method) ~[?:1.8.0_372]
	at javax.security.auth.Subject.doAs(Subject.java:422) [?:1.8.0_372]
	at org.apache.hadoop.security.UserGroupInformation.doAs(UserGroupInformation.java:1899) [hadoop-common-3.3.6.jar:?]
	at org.apache.hadoop.ipc.Server$Handler.run(Server.java:3048) [hadoop-common-3.3.6.jar:?]
]]></system-out>
  </testcase>
  <testcase name="testMakeDirsWithAnFakeDirectory" classname="TestOzoneFileSystemWithFSO" time="0.032">
    <system-out><![CDATA[10:56:56.992 [IPC Server handler 7 on default port 15057] ERROR OMAudit - user=runner | ip=127.0.0.1 | op=GET_FILE_STATUS {volume=volume90736, bucket=bucket48182, key=user/runner/dir1/dir2, dataSize=0, replicationConfig=null} | ret=FAILURE
org.apache.hadoop.ozone.om.exceptions.OMException: Unable to get file status: volume: volume90736 bucket: bucket48182 key: user/runner/dir1/dir2
	at org.apache.hadoop.ozone.om.KeyManagerImpl.getOzoneFileStatusFSO(KeyManagerImpl.java:1311) ~[ozone-manager-1.4.0-SNAPSHOT.jar:?]
	at org.apache.hadoop.ozone.om.KeyManagerImpl.getFileStatus(KeyManagerImpl.java:1102) ~[ozone-manager-1.4.0-SNAPSHOT.jar:?]
	at org.apache.hadoop.ozone.om.OmMetadataReader.getFileStatus(OmMetadataReader.java:262) ~[ozone-manager-1.4.0-SNAPSHOT.jar:?]
	at org.apache.hadoop.ozone.om.OzoneManager.getFileStatus(OzoneManager.java:3527) ~[ozone-manager-1.4.0-SNAPSHOT.jar:?]
	at org.apache.hadoop.ozone.protocolPB.OzoneManagerRequestHandler.getOzoneFileStatus(OzoneManagerRequestHandler.java:973) ~[ozone-manager-1.4.0-SNAPSHOT.jar:?]
	at org.apache.hadoop.ozone.protocolPB.OzoneManagerRequestHandler.handleReadRequest(OzoneManagerRequestHandler.java:252) ~[ozone-manager-1.4.0-SNAPSHOT.jar:?]
	at org.apache.hadoop.ozone.protocolPB.OzoneManagerProtocolServerSideTranslatorPB.submitRequestDirectlyToOM(OzoneManagerProtocolServerSideTranslatorPB.java:274) ~[ozone-manager-1.4.0-SNAPSHOT.jar:?]
	at org.apache.hadoop.ozone.protocolPB.OzoneManagerProtocolServerSideTranslatorPB.processRequest(OzoneManagerProtocolServerSideTranslatorPB.java:175) ~[ozone-manager-1.4.0-SNAPSHOT.jar:?]
	at org.apache.hadoop.hdds.server.OzoneProtocolMessageDispatcher.processRequest(OzoneProtocolMessageDispatcher.java:87) [hdds-server-framework-1.4.0-SNAPSHOT.jar:?]
	at org.apache.hadoop.ozone.protocolPB.OzoneManagerProtocolServerSideTranslatorPB.submitRequest(OzoneManagerProtocolServerSideTranslatorPB.java:148) [ozone-manager-1.4.0-SNAPSHOT.jar:?]
	at org.apache.hadoop.ozone.protocol.proto.OzoneManagerProtocolProtos$OzoneManagerService$2.callBlockingMethod(OzoneManagerProtocolProtos.java) [ozone-interface-client-1.4.0-SNAPSHOT.jar:?]
	at org.apache.hadoop.ipc.ProtobufRpcEngine$Server.processCall(ProtobufRpcEngine.java:484) [hadoop-common-3.3.6.jar:?]
	at org.apache.hadoop.ipc.ProtobufRpcEngine2$Server$ProtoBufRpcInvoker.call(ProtobufRpcEngine2.java:595) [hadoop-common-3.3.6.jar:?]
	at org.apache.hadoop.ipc.ProtobufRpcEngine2$Server$ProtoBufRpcInvoker.call(ProtobufRpcEngine2.java:573) [hadoop-common-3.3.6.jar:?]
	at org.apache.hadoop.ipc.RPC$Server.call(RPC.java:1227) [hadoop-common-3.3.6.jar:?]
	at org.apache.hadoop.ipc.Server$RpcCall.run(Server.java:1094) [hadoop-common-3.3.6.jar:?]
	at org.apache.hadoop.ipc.Server$RpcCall.run(Server.java:1017) [hadoop-common-3.3.6.jar:?]
	at java.security.AccessController.doPrivileged(Native Method) ~[?:1.8.0_372]
	at javax.security.auth.Subject.doAs(Subject.java:422) [?:1.8.0_372]
	at org.apache.hadoop.security.UserGroupInformation.doAs(UserGroupInformation.java:1899) [hadoop-common-3.3.6.jar:?]
	at org.apache.hadoop.ipc.Server$Handler.run(Server.java:3048) [hadoop-common-3.3.6.jar:?]
]]></system-out>
  </testcase>
  <testcase name="testFileDelete" classname="TestOzoneFileSystemWithFSO" time="0.279">
    <system-out><![CDATA[10:55:39.622 [IPC Server handler 18 on default port 15004] ERROR OMAudit - user=runner | ip=127.0.0.1 | op=GET_FILE_STATUS {volume=volume25555, bucket=bucket68101, key=testBatchDelete, dataSize=0, replicationConfig=null} | ret=FAILURE
org.apache.hadoop.ozone.om.exceptions.OMException: Unable to get file status: volume: volume25555 bucket: bucket68101 key: testBatchDelete
	at org.apache.hadoop.ozone.om.KeyManagerImpl.getOzoneFileStatusFSO(KeyManagerImpl.java:1311) ~[ozone-manager-1.4.0-SNAPSHOT.jar:?]
	at org.apache.hadoop.ozone.om.KeyManagerImpl.getFileStatus(KeyManagerImpl.java:1102) ~[ozone-manager-1.4.0-SNAPSHOT.jar:?]
	at org.apache.hadoop.ozone.om.OmMetadataReader.getFileStatus(OmMetadataReader.java:262) ~[ozone-manager-1.4.0-SNAPSHOT.jar:?]
	at org.apache.hadoop.ozone.om.OzoneManager.getFileStatus(OzoneManager.java:3527) ~[ozone-manager-1.4.0-SNAPSHOT.jar:?]
	at org.apache.hadoop.ozone.protocolPB.OzoneManagerRequestHandler.getOzoneFileStatus(OzoneManagerRequestHandler.java:973) ~[ozone-manager-1.4.0-SNAPSHOT.jar:?]
	at org.apache.hadoop.ozone.protocolPB.OzoneManagerRequestHandler.handleReadRequest(OzoneManagerRequestHandler.java:252) ~[ozone-manager-1.4.0-SNAPSHOT.jar:?]
	at org.apache.hadoop.ozone.protocolPB.OzoneManagerProtocolServerSideTranslatorPB.submitReadRequestToOM(OzoneManagerProtocolServerSideTranslatorPB.java:225) ~[ozone-manager-1.4.0-SNAPSHOT.jar:?]
	at org.apache.hadoop.ozone.protocolPB.OzoneManagerProtocolServerSideTranslatorPB.processRequest(OzoneManagerProtocolServerSideTranslatorPB.java:179) ~[ozone-manager-1.4.0-SNAPSHOT.jar:?]
	at org.apache.hadoop.hdds.server.OzoneProtocolMessageDispatcher.processRequest(OzoneProtocolMessageDispatcher.java:87) [hdds-server-framework-1.4.0-SNAPSHOT.jar:?]
	at org.apache.hadoop.ozone.protocolPB.OzoneManagerProtocolServerSideTranslatorPB.submitRequest(OzoneManagerProtocolServerSideTranslatorPB.java:148) [ozone-manager-1.4.0-SNAPSHOT.jar:?]
	at org.apache.hadoop.ozone.protocol.proto.OzoneManagerProtocolProtos$OzoneManagerService$2.callBlockingMethod(OzoneManagerProtocolProtos.java) [ozone-interface-client-1.4.0-SNAPSHOT.jar:?]
	at org.apache.hadoop.ipc.ProtobufRpcEngine$Server.processCall(ProtobufRpcEngine.java:484) [hadoop-common-3.3.6.jar:?]
	at org.apache.hadoop.ipc.ProtobufRpcEngine2$Server$ProtoBufRpcInvoker.call(ProtobufRpcEngine2.java:595) [hadoop-common-3.3.6.jar:?]
	at org.apache.hadoop.ipc.ProtobufRpcEngine2$Server$ProtoBufRpcInvoker.call(ProtobufRpcEngine2.java:573) [hadoop-common-3.3.6.jar:?]
	at org.apache.hadoop.ipc.RPC$Server.call(RPC.java:1227) [hadoop-common-3.3.6.jar:?]
	at org.apache.hadoop.ipc.Server$RpcCall.run(Server.java:1094) [hadoop-common-3.3.6.jar:?]
	at org.apache.hadoop.ipc.Server$RpcCall.run(Server.java:1017) [hadoop-common-3.3.6.jar:?]
	at java.security.AccessController.doPrivileged(Native Method) ~[?:1.8.0_372]
	at javax.security.auth.Subject.doAs(Subject.java:422) [?:1.8.0_372]
	at org.apache.hadoop.security.UserGroupInformation.doAs(UserGroupInformation.java:1899) [hadoop-common-3.3.6.jar:?]
	at org.apache.hadoop.ipc.Server$Handler.run(Server.java:3048) [hadoop-common-3.3.6.jar:?]
10:55:39.624 [IPC Server handler 19 on default port 15004] ERROR OMAudit - user=runner | ip=127.0.0.1 | op=GET_FILE_STATUS {volume=volume25555, bucket=bucket68101, key=testBatchDelete/parent/child0, dataSize=0, replicationConfig=null} | ret=FAILURE
org.apache.hadoop.ozone.om.exceptions.OMException: Unable to get file status: volume: volume25555 bucket: bucket68101 key: testBatchDelete/parent/child0
	at org.apache.hadoop.ozone.om.KeyManagerImpl.getOzoneFileStatusFSO(KeyManagerImpl.java:1311) ~[ozone-manager-1.4.0-SNAPSHOT.jar:?]
	at org.apache.hadoop.ozone.om.KeyManagerImpl.getFileStatus(KeyManagerImpl.java:1102) ~[ozone-manager-1.4.0-SNAPSHOT.jar:?]
	at org.apache.hadoop.ozone.om.OmMetadataReader.getFileStatus(OmMetadataReader.java:262) ~[ozone-manager-1.4.0-SNAPSHOT.jar:?]
	at org.apache.hadoop.ozone.om.OzoneManager.getFileStatus(OzoneManager.java:3527) ~[ozone-manager-1.4.0-SNAPSHOT.jar:?]
	at org.apache.hadoop.ozone.protocolPB.OzoneManagerRequestHandler.getOzoneFileStatus(OzoneManagerRequestHandler.java:973) ~[ozone-manager-1.4.0-SNAPSHOT.jar:?]
	at org.apache.hadoop.ozone.protocolPB.OzoneManagerRequestHandler.handleReadRequest(OzoneManagerRequestHandler.java:252) ~[ozone-manager-1.4.0-SNAPSHOT.jar:?]
	at org.apache.hadoop.ozone.protocolPB.OzoneManagerProtocolServerSideTranslatorPB.submitReadRequestToOM(OzoneManagerProtocolServerSideTranslatorPB.java:225) ~[ozone-manager-1.4.0-SNAPSHOT.jar:?]
	at org.apache.hadoop.ozone.protocolPB.OzoneManagerProtocolServerSideTranslatorPB.processRequest(OzoneManagerProtocolServerSideTranslatorPB.java:179) ~[ozone-manager-1.4.0-SNAPSHOT.jar:?]
	at org.apache.hadoop.hdds.server.OzoneProtocolMessageDispatcher.processRequest(OzoneProtocolMessageDispatcher.java:87) [hdds-server-framework-1.4.0-SNAPSHOT.jar:?]
	at org.apache.hadoop.ozone.protocolPB.OzoneManagerProtocolServerSideTranslatorPB.submitRequest(OzoneManagerProtocolServerSideTranslatorPB.java:148) [ozone-manager-1.4.0-SNAPSHOT.jar:?]
	at org.apache.hadoop.ozone.protocol.proto.OzoneManagerProtocolProtos$OzoneManagerService$2.callBlockingMethod(OzoneManagerProtocolProtos.java) [ozone-interface-client-1.4.0-SNAPSHOT.jar:?]
	at org.apache.hadoop.ipc.ProtobufRpcEngine$Server.processCall(ProtobufRpcEngine.java:484) [hadoop-common-3.3.6.jar:?]
	at org.apache.hadoop.ipc.ProtobufRpcEngine2$Server$ProtoBufRpcInvoker.call(ProtobufRpcEngine2.java:595) [hadoop-common-3.3.6.jar:?]
	at org.apache.hadoop.ipc.ProtobufRpcEngine2$Server$ProtoBufRpcInvoker.call(ProtobufRpcEngine2.java:573) [hadoop-common-3.3.6.jar:?]
	at org.apache.hadoop.ipc.RPC$Server.call(RPC.java:1227) [hadoop-common-3.3.6.jar:?]
	at org.apache.hadoop.ipc.Server$RpcCall.run(Server.java:1094) [hadoop-common-3.3.6.jar:?]
	at org.apache.hadoop.ipc.Server$RpcCall.run(Server.java:1017) [hadoop-common-3.3.6.jar:?]
	at java.security.AccessController.doPrivileged(Native Method) ~[?:1.8.0_372]
	at javax.security.auth.Subject.doAs(Subject.java:422) [?:1.8.0_372]
	at org.apache.hadoop.security.UserGroupInformation.doAs(UserGroupInformation.java:1899) [hadoop-common-3.3.6.jar:?]
	at org.apache.hadoop.ipc.Server$Handler.run(Server.java:3048) [hadoop-common-3.3.6.jar:?]
10:55:39.625 [IPC Server handler 5 on default port 15004] ERROR OMAudit - user=runner | ip=127.0.0.1 | op=GET_FILE_STATUS {volume=volume25555, bucket=bucket68101, key=testBatchDelete/parent/childFolder/child0, dataSize=0, replicationConfig=null} | ret=FAILURE
org.apache.hadoop.ozone.om.exceptions.OMException: Unable to get file status: volume: volume25555 bucket: bucket68101 key: testBatchDelete/parent/childFolder/child0
	at org.apache.hadoop.ozone.om.KeyManagerImpl.getOzoneFileStatusFSO(KeyManagerImpl.java:1311) ~[ozone-manager-1.4.0-SNAPSHOT.jar:?]
	at org.apache.hadoop.ozone.om.KeyManagerImpl.getFileStatus(KeyManagerImpl.java:1102) ~[ozone-manager-1.4.0-SNAPSHOT.jar:?]
	at org.apache.hadoop.ozone.om.OmMetadataReader.getFileStatus(OmMetadataReader.java:262) ~[ozone-manager-1.4.0-SNAPSHOT.jar:?]
	at org.apache.hadoop.ozone.om.OzoneManager.getFileStatus(OzoneManager.java:3527) ~[ozone-manager-1.4.0-SNAPSHOT.jar:?]
	at org.apache.hadoop.ozone.protocolPB.OzoneManagerRequestHandler.getOzoneFileStatus(OzoneManagerRequestHandler.java:973) ~[ozone-manager-1.4.0-SNAPSHOT.jar:?]
	at org.apache.hadoop.ozone.protocolPB.OzoneManagerRequestHandler.handleReadRequest(OzoneManagerRequestHandler.java:252) ~[ozone-manager-1.4.0-SNAPSHOT.jar:?]
	at org.apache.hadoop.ozone.protocolPB.OzoneManagerProtocolServerSideTranslatorPB.submitReadRequestToOM(OzoneManagerProtocolServerSideTranslatorPB.java:225) ~[ozone-manager-1.4.0-SNAPSHOT.jar:?]
	at org.apache.hadoop.ozone.protocolPB.OzoneManagerProtocolServerSideTranslatorPB.processRequest(OzoneManagerProtocolServerSideTranslatorPB.java:179) ~[ozone-manager-1.4.0-SNAPSHOT.jar:?]
	at org.apache.hadoop.hdds.server.OzoneProtocolMessageDispatcher.processRequest(OzoneProtocolMessageDispatcher.java:87) [hdds-server-framework-1.4.0-SNAPSHOT.jar:?]
	at org.apache.hadoop.ozone.protocolPB.OzoneManagerProtocolServerSideTranslatorPB.submitRequest(OzoneManagerProtocolServerSideTranslatorPB.java:148) [ozone-manager-1.4.0-SNAPSHOT.jar:?]
	at org.apache.hadoop.ozone.protocol.proto.OzoneManagerProtocolProtos$OzoneManagerService$2.callBlockingMethod(OzoneManagerProtocolProtos.java) [ozone-interface-client-1.4.0-SNAPSHOT.jar:?]
	at org.apache.hadoop.ipc.ProtobufRpcEngine$Server.processCall(ProtobufRpcEngine.java:484) [hadoop-common-3.3.6.jar:?]
	at org.apache.hadoop.ipc.ProtobufRpcEngine2$Server$ProtoBufRpcInvoker.call(ProtobufRpcEngine2.java:595) [hadoop-common-3.3.6.jar:?]
	at org.apache.hadoop.ipc.ProtobufRpcEngine2$Server$ProtoBufRpcInvoker.call(ProtobufRpcEngine2.java:573) [hadoop-common-3.3.6.jar:?]
	at org.apache.hadoop.ipc.RPC$Server.call(RPC.java:1227) [hadoop-common-3.3.6.jar:?]
	at org.apache.hadoop.ipc.Server$RpcCall.run(Server.java:1094) [hadoop-common-3.3.6.jar:?]
	at org.apache.hadoop.ipc.Server$RpcCall.run(Server.java:1017) [hadoop-common-3.3.6.jar:?]
	at java.security.AccessController.doPrivileged(Native Method) ~[?:1.8.0_372]
	at javax.security.auth.Subject.doAs(Subject.java:422) [?:1.8.0_372]
	at org.apache.hadoop.security.UserGroupInformation.doAs(UserGroupInformation.java:1899) [hadoop-common-3.3.6.jar:?]
	at org.apache.hadoop.ipc.Server$Handler.run(Server.java:3048) [hadoop-common-3.3.6.jar:?]
10:55:39.627 [IPC Server handler 1 on default port 15004] ERROR OMAudit - user=runner | ip=127.0.0.1 | op=GET_FILE_STATUS {volume=volume25555, bucket=bucket68101, key=testBatchDelete/parent/child1, dataSize=0, replicationConfig=null} | ret=FAILURE
org.apache.hadoop.ozone.om.exceptions.OMException: Unable to get file status: volume: volume25555 bucket: bucket68101 key: testBatchDelete/parent/child1
	at org.apache.hadoop.ozone.om.KeyManagerImpl.getOzoneFileStatusFSO(KeyManagerImpl.java:1311) ~[ozone-manager-1.4.0-SNAPSHOT.jar:?]
	at org.apache.hadoop.ozone.om.KeyManagerImpl.getFileStatus(KeyManagerImpl.java:1102) ~[ozone-manager-1.4.0-SNAPSHOT.jar:?]
	at org.apache.hadoop.ozone.om.OmMetadataReader.getFileStatus(OmMetadataReader.java:262) ~[ozone-manager-1.4.0-SNAPSHOT.jar:?]
	at org.apache.hadoop.ozone.om.OzoneManager.getFileStatus(OzoneManager.java:3527) ~[ozone-manager-1.4.0-SNAPSHOT.jar:?]
	at org.apache.hadoop.ozone.protocolPB.OzoneManagerRequestHandler.getOzoneFileStatus(OzoneManagerRequestHandler.java:973) ~[ozone-manager-1.4.0-SNAPSHOT.jar:?]
	at org.apache.hadoop.ozone.protocolPB.OzoneManagerRequestHandler.handleReadRequest(OzoneManagerRequestHandler.java:252) ~[ozone-manager-1.4.0-SNAPSHOT.jar:?]
	at org.apache.hadoop.ozone.protocolPB.OzoneManagerProtocolServerSideTranslatorPB.submitReadRequestToOM(OzoneManagerProtocolServerSideTranslatorPB.java:225) ~[ozone-manager-1.4.0-SNAPSHOT.jar:?]
	at org.apache.hadoop.ozone.protocolPB.OzoneManagerProtocolServerSideTranslatorPB.processRequest(OzoneManagerProtocolServerSideTranslatorPB.java:179) ~[ozone-manager-1.4.0-SNAPSHOT.jar:?]
	at org.apache.hadoop.hdds.server.OzoneProtocolMessageDispatcher.processRequest(OzoneProtocolMessageDispatcher.java:87) [hdds-server-framework-1.4.0-SNAPSHOT.jar:?]
	at org.apache.hadoop.ozone.protocolPB.OzoneManagerProtocolServerSideTranslatorPB.submitRequest(OzoneManagerProtocolServerSideTranslatorPB.java:148) [ozone-manager-1.4.0-SNAPSHOT.jar:?]
	at org.apache.hadoop.ozone.protocol.proto.OzoneManagerProtocolProtos$OzoneManagerService$2.callBlockingMethod(OzoneManagerProtocolProtos.java) [ozone-interface-client-1.4.0-SNAPSHOT.jar:?]
	at org.apache.hadoop.ipc.ProtobufRpcEngine$Server.processCall(ProtobufRpcEngine.java:484) [hadoop-common-3.3.6.jar:?]
	at org.apache.hadoop.ipc.ProtobufRpcEngine2$Server$ProtoBufRpcInvoker.call(ProtobufRpcEngine2.java:595) [hadoop-common-3.3.6.jar:?]
	at org.apache.hadoop.ipc.ProtobufRpcEngine2$Server$ProtoBufRpcInvoker.call(ProtobufRpcEngine2.java:573) [hadoop-common-3.3.6.jar:?]
	at org.apache.hadoop.ipc.RPC$Server.call(RPC.java:1227) [hadoop-common-3.3.6.jar:?]
	at org.apache.hadoop.ipc.Server$RpcCall.run(Server.java:1094) [hadoop-common-3.3.6.jar:?]
	at org.apache.hadoop.ipc.Server$RpcCall.run(Server.java:1017) [hadoop-common-3.3.6.jar:?]
	at java.security.AccessController.doPrivileged(Native Method) ~[?:1.8.0_372]
	at javax.security.auth.Subject.doAs(Subject.java:422) [?:1.8.0_372]
	at org.apache.hadoop.security.UserGroupInformation.doAs(UserGroupInformation.java:1899) [hadoop-common-3.3.6.jar:?]
	at org.apache.hadoop.ipc.Server$Handler.run(Server.java:3048) [hadoop-common-3.3.6.jar:?]
10:55:39.629 [IPC Server handler 0 on default port 15004] ERROR OMAudit - user=runner | ip=127.0.0.1 | op=GET_FILE_STATUS {volume=volume25555, bucket=bucket68101, key=testBatchDelete/parent/childFolder/child1, dataSize=0, replicationConfig=null} | ret=FAILURE
org.apache.hadoop.ozone.om.exceptions.OMException: Unable to get file status: volume: volume25555 bucket: bucket68101 key: testBatchDelete/parent/childFolder/child1
	at org.apache.hadoop.ozone.om.KeyManagerImpl.getOzoneFileStatusFSO(KeyManagerImpl.java:1311) ~[ozone-manager-1.4.0-SNAPSHOT.jar:?]
	at org.apache.hadoop.ozone.om.KeyManagerImpl.getFileStatus(KeyManagerImpl.java:1102) ~[ozone-manager-1.4.0-SNAPSHOT.jar:?]
	at org.apache.hadoop.ozone.om.OmMetadataReader.getFileStatus(OmMetadataReader.java:262) ~[ozone-manager-1.4.0-SNAPSHOT.jar:?]
	at org.apache.hadoop.ozone.om.OzoneManager.getFileStatus(OzoneManager.java:3527) ~[ozone-manager-1.4.0-SNAPSHOT.jar:?]
	at org.apache.hadoop.ozone.protocolPB.OzoneManagerRequestHandler.getOzoneFileStatus(OzoneManagerRequestHandler.java:973) ~[ozone-manager-1.4.0-SNAPSHOT.jar:?]
	at org.apache.hadoop.ozone.protocolPB.OzoneManagerRequestHandler.handleReadRequest(OzoneManagerRequestHandler.java:252) ~[ozone-manager-1.4.0-SNAPSHOT.jar:?]
	at org.apache.hadoop.ozone.protocolPB.OzoneManagerProtocolServerSideTranslatorPB.submitReadRequestToOM(OzoneManagerProtocolServerSideTranslatorPB.java:225) ~[ozone-manager-1.4.0-SNAPSHOT.jar:?]
	at org.apache.hadoop.ozone.protocolPB.OzoneManagerProtocolServerSideTranslatorPB.processRequest(OzoneManagerProtocolServerSideTranslatorPB.java:179) ~[ozone-manager-1.4.0-SNAPSHOT.jar:?]
	at org.apache.hadoop.hdds.server.OzoneProtocolMessageDispatcher.processRequest(OzoneProtocolMessageDispatcher.java:87) [hdds-server-framework-1.4.0-SNAPSHOT.jar:?]
	at org.apache.hadoop.ozone.protocolPB.OzoneManagerProtocolServerSideTranslatorPB.submitRequest(OzoneManagerProtocolServerSideTranslatorPB.java:148) [ozone-manager-1.4.0-SNAPSHOT.jar:?]
	at org.apache.hadoop.ozone.protocol.proto.OzoneManagerProtocolProtos$OzoneManagerService$2.callBlockingMethod(OzoneManagerProtocolProtos.java) [ozone-interface-client-1.4.0-SNAPSHOT.jar:?]
	at org.apache.hadoop.ipc.ProtobufRpcEngine$Server.processCall(ProtobufRpcEngine.java:484) [hadoop-common-3.3.6.jar:?]
	at org.apache.hadoop.ipc.ProtobufRpcEngine2$Server$ProtoBufRpcInvoker.call(ProtobufRpcEngine2.java:595) [hadoop-common-3.3.6.jar:?]
	at org.apache.hadoop.ipc.ProtobufRpcEngine2$Server$ProtoBufRpcInvoker.call(ProtobufRpcEngine2.java:573) [hadoop-common-3.3.6.jar:?]
	at org.apache.hadoop.ipc.RPC$Server.call(RPC.java:1227) [hadoop-common-3.3.6.jar:?]
	at org.apache.hadoop.ipc.Server$RpcCall.run(Server.java:1094) [hadoop-common-3.3.6.jar:?]
	at org.apache.hadoop.ipc.Server$RpcCall.run(Server.java:1017) [hadoop-common-3.3.6.jar:?]
	at java.security.AccessController.doPrivileged(Native Method) ~[?:1.8.0_372]
	at javax.security.auth.Subject.doAs(Subject.java:422) [?:1.8.0_372]
	at org.apache.hadoop.security.UserGroupInformation.doAs(UserGroupInformation.java:1899) [hadoop-common-3.3.6.jar:?]
	at org.apache.hadoop.ipc.Server$Handler.run(Server.java:3048) [hadoop-common-3.3.6.jar:?]
10:55:39.630 [IPC Server handler 3 on default port 15004] ERROR OMAudit - user=runner | ip=127.0.0.1 | op=GET_FILE_STATUS {volume=volume25555, bucket=bucket68101, key=testBatchDelete/parent/child2, dataSize=0, replicationConfig=null} | ret=FAILURE
org.apache.hadoop.ozone.om.exceptions.OMException: Unable to get file status: volume: volume25555 bucket: bucket68101 key: testBatchDelete/parent/child2
	at org.apache.hadoop.ozone.om.KeyManagerImpl.getOzoneFileStatusFSO(KeyManagerImpl.java:1311) ~[ozone-manager-1.4.0-SNAPSHOT.jar:?]
	at org.apache.hadoop.ozone.om.KeyManagerImpl.getFileStatus(KeyManagerImpl.java:1102) ~[ozone-manager-1.4.0-SNAPSHOT.jar:?]
	at org.apache.hadoop.ozone.om.OmMetadataReader.getFileStatus(OmMetadataReader.java:262) ~[ozone-manager-1.4.0-SNAPSHOT.jar:?]
	at org.apache.hadoop.ozone.om.OzoneManager.getFileStatus(OzoneManager.java:3527) ~[ozone-manager-1.4.0-SNAPSHOT.jar:?]
	at org.apache.hadoop.ozone.protocolPB.OzoneManagerRequestHandler.getOzoneFileStatus(OzoneManagerRequestHandler.java:973) ~[ozone-manager-1.4.0-SNAPSHOT.jar:?]
	at org.apache.hadoop.ozone.protocolPB.OzoneManagerRequestHandler.handleReadRequest(OzoneManagerRequestHandler.java:252) ~[ozone-manager-1.4.0-SNAPSHOT.jar:?]
	at org.apache.hadoop.ozone.protocolPB.OzoneManagerProtocolServerSideTranslatorPB.submitReadRequestToOM(OzoneManagerProtocolServerSideTranslatorPB.java:225) ~[ozone-manager-1.4.0-SNAPSHOT.jar:?]
	at org.apache.hadoop.ozone.protocolPB.OzoneManagerProtocolServerSideTranslatorPB.processRequest(OzoneManagerProtocolServerSideTranslatorPB.java:179) ~[ozone-manager-1.4.0-SNAPSHOT.jar:?]
	at org.apache.hadoop.hdds.server.OzoneProtocolMessageDispatcher.processRequest(OzoneProtocolMessageDispatcher.java:87) [hdds-server-framework-1.4.0-SNAPSHOT.jar:?]
	at org.apache.hadoop.ozone.protocolPB.OzoneManagerProtocolServerSideTranslatorPB.submitRequest(OzoneManagerProtocolServerSideTranslatorPB.java:148) [ozone-manager-1.4.0-SNAPSHOT.jar:?]
	at org.apache.hadoop.ozone.protocol.proto.OzoneManagerProtocolProtos$OzoneManagerService$2.callBlockingMethod(OzoneManagerProtocolProtos.java) [ozone-interface-client-1.4.0-SNAPSHOT.jar:?]
	at org.apache.hadoop.ipc.ProtobufRpcEngine$Server.processCall(ProtobufRpcEngine.java:484) [hadoop-common-3.3.6.jar:?]
	at org.apache.hadoop.ipc.ProtobufRpcEngine2$Server$ProtoBufRpcInvoker.call(ProtobufRpcEngine2.java:595) [hadoop-common-3.3.6.jar:?]
	at org.apache.hadoop.ipc.ProtobufRpcEngine2$Server$ProtoBufRpcInvoker.call(ProtobufRpcEngine2.java:573) [hadoop-common-3.3.6.jar:?]
	at org.apache.hadoop.ipc.RPC$Server.call(RPC.java:1227) [hadoop-common-3.3.6.jar:?]
	at org.apache.hadoop.ipc.Server$RpcCall.run(Server.java:1094) [hadoop-common-3.3.6.jar:?]
	at org.apache.hadoop.ipc.Server$RpcCall.run(Server.java:1017) [hadoop-common-3.3.6.jar:?]
	at java.security.AccessController.doPrivileged(Native Method) ~[?:1.8.0_372]
	at javax.security.auth.Subject.doAs(Subject.java:422) [?:1.8.0_372]
	at org.apache.hadoop.security.UserGroupInformation.doAs(UserGroupInformation.java:1899) [hadoop-common-3.3.6.jar:?]
	at org.apache.hadoop.ipc.Server$Handler.run(Server.java:3048) [hadoop-common-3.3.6.jar:?]
10:55:39.632 [IPC Server handler 2 on default port 15004] ERROR OMAudit - user=runner | ip=127.0.0.1 | op=GET_FILE_STATUS {volume=volume25555, bucket=bucket68101, key=testBatchDelete/parent/childFolder/child2, dataSize=0, replicationConfig=null} | ret=FAILURE
org.apache.hadoop.ozone.om.exceptions.OMException: Unable to get file status: volume: volume25555 bucket: bucket68101 key: testBatchDelete/parent/childFolder/child2
	at org.apache.hadoop.ozone.om.KeyManagerImpl.getOzoneFileStatusFSO(KeyManagerImpl.java:1311) ~[ozone-manager-1.4.0-SNAPSHOT.jar:?]
	at org.apache.hadoop.ozone.om.KeyManagerImpl.getFileStatus(KeyManagerImpl.java:1102) ~[ozone-manager-1.4.0-SNAPSHOT.jar:?]
	at org.apache.hadoop.ozone.om.OmMetadataReader.getFileStatus(OmMetadataReader.java:262) ~[ozone-manager-1.4.0-SNAPSHOT.jar:?]
	at org.apache.hadoop.ozone.om.OzoneManager.getFileStatus(OzoneManager.java:3527) ~[ozone-manager-1.4.0-SNAPSHOT.jar:?]
	at org.apache.hadoop.ozone.protocolPB.OzoneManagerRequestHandler.getOzoneFileStatus(OzoneManagerRequestHandler.java:973) ~[ozone-manager-1.4.0-SNAPSHOT.jar:?]
	at org.apache.hadoop.ozone.protocolPB.OzoneManagerRequestHandler.handleReadRequest(OzoneManagerRequestHandler.java:252) ~[ozone-manager-1.4.0-SNAPSHOT.jar:?]
	at org.apache.hadoop.ozone.protocolPB.OzoneManagerProtocolServerSideTranslatorPB.submitReadRequestToOM(OzoneManagerProtocolServerSideTranslatorPB.java:225) ~[ozone-manager-1.4.0-SNAPSHOT.jar:?]
	at org.apache.hadoop.ozone.protocolPB.OzoneManagerProtocolServerSideTranslatorPB.processRequest(OzoneManagerProtocolServerSideTranslatorPB.java:179) ~[ozone-manager-1.4.0-SNAPSHOT.jar:?]
	at org.apache.hadoop.hdds.server.OzoneProtocolMessageDispatcher.processRequest(OzoneProtocolMessageDispatcher.java:87) [hdds-server-framework-1.4.0-SNAPSHOT.jar:?]
	at org.apache.hadoop.ozone.protocolPB.OzoneManagerProtocolServerSideTranslatorPB.submitRequest(OzoneManagerProtocolServerSideTranslatorPB.java:148) [ozone-manager-1.4.0-SNAPSHOT.jar:?]
	at org.apache.hadoop.ozone.protocol.proto.OzoneManagerProtocolProtos$OzoneManagerService$2.callBlockingMethod(OzoneManagerProtocolProtos.java) [ozone-interface-client-1.4.0-SNAPSHOT.jar:?]
	at org.apache.hadoop.ipc.ProtobufRpcEngine$Server.processCall(ProtobufRpcEngine.java:484) [hadoop-common-3.3.6.jar:?]
	at org.apache.hadoop.ipc.ProtobufRpcEngine2$Server$ProtoBufRpcInvoker.call(ProtobufRpcEngine2.java:595) [hadoop-common-3.3.6.jar:?]
	at org.apache.hadoop.ipc.ProtobufRpcEngine2$Server$ProtoBufRpcInvoker.call(ProtobufRpcEngine2.java:573) [hadoop-common-3.3.6.jar:?]
	at org.apache.hadoop.ipc.RPC$Server.call(RPC.java:1227) [hadoop-common-3.3.6.jar:?]
	at org.apache.hadoop.ipc.Server$RpcCall.run(Server.java:1094) [hadoop-common-3.3.6.jar:?]
	at org.apache.hadoop.ipc.Server$RpcCall.run(Server.java:1017) [hadoop-common-3.3.6.jar:?]
	at java.security.AccessController.doPrivileged(Native Method) ~[?:1.8.0_372]
	at javax.security.auth.Subject.doAs(Subject.java:422) [?:1.8.0_372]
	at org.apache.hadoop.security.UserGroupInformation.doAs(UserGroupInformation.java:1899) [hadoop-common-3.3.6.jar:?]
	at org.apache.hadoop.ipc.Server$Handler.run(Server.java:3048) [hadoop-common-3.3.6.jar:?]
10:55:39.633 [IPC Server handler 4 on default port 15004] ERROR OMAudit - user=runner | ip=127.0.0.1 | op=GET_FILE_STATUS {volume=volume25555, bucket=bucket68101, key=testBatchDelete/parent/child3, dataSize=0, replicationConfig=null} | ret=FAILURE
org.apache.hadoop.ozone.om.exceptions.OMException: Unable to get file status: volume: volume25555 bucket: bucket68101 key: testBatchDelete/parent/child3
	at org.apache.hadoop.ozone.om.KeyManagerImpl.getOzoneFileStatusFSO(KeyManagerImpl.java:1311) ~[ozone-manager-1.4.0-SNAPSHOT.jar:?]
	at org.apache.hadoop.ozone.om.KeyManagerImpl.getFileStatus(KeyManagerImpl.java:1102) ~[ozone-manager-1.4.0-SNAPSHOT.jar:?]
	at org.apache.hadoop.ozone.om.OmMetadataReader.getFileStatus(OmMetadataReader.java:262) ~[ozone-manager-1.4.0-SNAPSHOT.jar:?]
	at org.apache.hadoop.ozone.om.OzoneManager.getFileStatus(OzoneManager.java:3527) ~[ozone-manager-1.4.0-SNAPSHOT.jar:?]
	at org.apache.hadoop.ozone.protocolPB.OzoneManagerRequestHandler.getOzoneFileStatus(OzoneManagerRequestHandler.java:973) ~[ozone-manager-1.4.0-SNAPSHOT.jar:?]
	at org.apache.hadoop.ozone.protocolPB.OzoneManagerRequestHandler.handleReadRequest(OzoneManagerRequestHandler.java:252) ~[ozone-manager-1.4.0-SNAPSHOT.jar:?]
	at org.apache.hadoop.ozone.protocolPB.OzoneManagerProtocolServerSideTranslatorPB.submitReadRequestToOM(OzoneManagerProtocolServerSideTranslatorPB.java:225) ~[ozone-manager-1.4.0-SNAPSHOT.jar:?]
	at org.apache.hadoop.ozone.protocolPB.OzoneManagerProtocolServerSideTranslatorPB.processRequest(OzoneManagerProtocolServerSideTranslatorPB.java:179) ~[ozone-manager-1.4.0-SNAPSHOT.jar:?]
	at org.apache.hadoop.hdds.server.OzoneProtocolMessageDispatcher.processRequest(OzoneProtocolMessageDispatcher.java:87) [hdds-server-framework-1.4.0-SNAPSHOT.jar:?]
	at org.apache.hadoop.ozone.protocolPB.OzoneManagerProtocolServerSideTranslatorPB.submitRequest(OzoneManagerProtocolServerSideTranslatorPB.java:148) [ozone-manager-1.4.0-SNAPSHOT.jar:?]
	at org.apache.hadoop.ozone.protocol.proto.OzoneManagerProtocolProtos$OzoneManagerService$2.callBlockingMethod(OzoneManagerProtocolProtos.java) [ozone-interface-client-1.4.0-SNAPSHOT.jar:?]
	at org.apache.hadoop.ipc.ProtobufRpcEngine$Server.processCall(ProtobufRpcEngine.java:484) [hadoop-common-3.3.6.jar:?]
	at org.apache.hadoop.ipc.ProtobufRpcEngine2$Server$ProtoBufRpcInvoker.call(ProtobufRpcEngine2.java:595) [hadoop-common-3.3.6.jar:?]
	at org.apache.hadoop.ipc.ProtobufRpcEngine2$Server$ProtoBufRpcInvoker.call(ProtobufRpcEngine2.java:573) [hadoop-common-3.3.6.jar:?]
	at org.apache.hadoop.ipc.RPC$Server.call(RPC.java:1227) [hadoop-common-3.3.6.jar:?]
	at org.apache.hadoop.ipc.Server$RpcCall.run(Server.java:1094) [hadoop-common-3.3.6.jar:?]
	at org.apache.hadoop.ipc.Server$RpcCall.run(Server.java:1017) [hadoop-common-3.3.6.jar:?]
	at java.security.AccessController.doPrivileged(Native Method) ~[?:1.8.0_372]
	at javax.security.auth.Subject.doAs(Subject.java:422) [?:1.8.0_372]
	at org.apache.hadoop.security.UserGroupInformation.doAs(UserGroupInformation.java:1899) [hadoop-common-3.3.6.jar:?]
	at org.apache.hadoop.ipc.Server$Handler.run(Server.java:3048) [hadoop-common-3.3.6.jar:?]
10:55:39.635 [IPC Server handler 6 on default port 15004] ERROR OMAudit - user=runner | ip=127.0.0.1 | op=GET_FILE_STATUS {volume=volume25555, bucket=bucket68101, key=testBatchDelete/parent/childFolder/child3, dataSize=0, replicationConfig=null} | ret=FAILURE
org.apache.hadoop.ozone.om.exceptions.OMException: Unable to get file status: volume: volume25555 bucket: bucket68101 key: testBatchDelete/parent/childFolder/child3
	at org.apache.hadoop.ozone.om.KeyManagerImpl.getOzoneFileStatusFSO(KeyManagerImpl.java:1311) ~[ozone-manager-1.4.0-SNAPSHOT.jar:?]
	at org.apache.hadoop.ozone.om.KeyManagerImpl.getFileStatus(KeyManagerImpl.java:1102) ~[ozone-manager-1.4.0-SNAPSHOT.jar:?]
	at org.apache.hadoop.ozone.om.OmMetadataReader.getFileStatus(OmMetadataReader.java:262) ~[ozone-manager-1.4.0-SNAPSHOT.jar:?]
	at org.apache.hadoop.ozone.om.OzoneManager.getFileStatus(OzoneManager.java:3527) ~[ozone-manager-1.4.0-SNAPSHOT.jar:?]
	at org.apache.hadoop.ozone.protocolPB.OzoneManagerRequestHandler.getOzoneFileStatus(OzoneManagerRequestHandler.java:973) ~[ozone-manager-1.4.0-SNAPSHOT.jar:?]
	at org.apache.hadoop.ozone.protocolPB.OzoneManagerRequestHandler.handleReadRequest(OzoneManagerRequestHandler.java:252) ~[ozone-manager-1.4.0-SNAPSHOT.jar:?]
	at org.apache.hadoop.ozone.protocolPB.OzoneManagerProtocolServerSideTranslatorPB.submitReadRequestToOM(OzoneManagerProtocolServerSideTranslatorPB.java:225) ~[ozone-manager-1.4.0-SNAPSHOT.jar:?]
	at org.apache.hadoop.ozone.protocolPB.OzoneManagerProtocolServerSideTranslatorPB.processRequest(OzoneManagerProtocolServerSideTranslatorPB.java:179) ~[ozone-manager-1.4.0-SNAPSHOT.jar:?]
	at org.apache.hadoop.hdds.server.OzoneProtocolMessageDispatcher.processRequest(OzoneProtocolMessageDispatcher.java:87) [hdds-server-framework-1.4.0-SNAPSHOT.jar:?]
	at org.apache.hadoop.ozone.protocolPB.OzoneManagerProtocolServerSideTranslatorPB.submitRequest(OzoneManagerProtocolServerSideTranslatorPB.java:148) [ozone-manager-1.4.0-SNAPSHOT.jar:?]
	at org.apache.hadoop.ozone.protocol.proto.OzoneManagerProtocolProtos$OzoneManagerService$2.callBlockingMethod(OzoneManagerProtocolProtos.java) [ozone-interface-client-1.4.0-SNAPSHOT.jar:?]
	at org.apache.hadoop.ipc.ProtobufRpcEngine$Server.processCall(ProtobufRpcEngine.java:484) [hadoop-common-3.3.6.jar:?]
	at org.apache.hadoop.ipc.ProtobufRpcEngine2$Server$ProtoBufRpcInvoker.call(ProtobufRpcEngine2.java:595) [hadoop-common-3.3.6.jar:?]
	at org.apache.hadoop.ipc.ProtobufRpcEngine2$Server$ProtoBufRpcInvoker.call(ProtobufRpcEngine2.java:573) [hadoop-common-3.3.6.jar:?]
	at org.apache.hadoop.ipc.RPC$Server.call(RPC.java:1227) [hadoop-common-3.3.6.jar:?]
	at org.apache.hadoop.ipc.Server$RpcCall.run(Server.java:1094) [hadoop-common-3.3.6.jar:?]
	at org.apache.hadoop.ipc.Server$RpcCall.run(Server.java:1017) [hadoop-common-3.3.6.jar:?]
	at java.security.AccessController.doPrivileged(Native Method) ~[?:1.8.0_372]
	at javax.security.auth.Subject.doAs(Subject.java:422) [?:1.8.0_372]
	at org.apache.hadoop.security.UserGroupInformation.doAs(UserGroupInformation.java:1899) [hadoop-common-3.3.6.jar:?]
	at org.apache.hadoop.ipc.Server$Handler.run(Server.java:3048) [hadoop-common-3.3.6.jar:?]
10:55:39.637 [IPC Server handler 12 on default port 15004] ERROR OMAudit - user=runner | ip=127.0.0.1 | op=GET_FILE_STATUS {volume=volume25555, bucket=bucket68101, key=testBatchDelete/parent/child4, dataSize=0, replicationConfig=null} | ret=FAILURE
org.apache.hadoop.ozone.om.exceptions.OMException: Unable to get file status: volume: volume25555 bucket: bucket68101 key: testBatchDelete/parent/child4
	at org.apache.hadoop.ozone.om.KeyManagerImpl.getOzoneFileStatusFSO(KeyManagerImpl.java:1311) ~[ozone-manager-1.4.0-SNAPSHOT.jar:?]
	at org.apache.hadoop.ozone.om.KeyManagerImpl.getFileStatus(KeyManagerImpl.java:1102) ~[ozone-manager-1.4.0-SNAPSHOT.jar:?]
	at org.apache.hadoop.ozone.om.OmMetadataReader.getFileStatus(OmMetadataReader.java:262) ~[ozone-manager-1.4.0-SNAPSHOT.jar:?]
	at org.apache.hadoop.ozone.om.OzoneManager.getFileStatus(OzoneManager.java:3527) ~[ozone-manager-1.4.0-SNAPSHOT.jar:?]
	at org.apache.hadoop.ozone.protocolPB.OzoneManagerRequestHandler.getOzoneFileStatus(OzoneManagerRequestHandler.java:973) ~[ozone-manager-1.4.0-SNAPSHOT.jar:?]
	at org.apache.hadoop.ozone.protocolPB.OzoneManagerRequestHandler.handleReadRequest(OzoneManagerRequestHandler.java:252) ~[ozone-manager-1.4.0-SNAPSHOT.jar:?]
	at org.apache.hadoop.ozone.protocolPB.OzoneManagerProtocolServerSideTranslatorPB.submitReadRequestToOM(OzoneManagerProtocolServerSideTranslatorPB.java:225) ~[ozone-manager-1.4.0-SNAPSHOT.jar:?]
	at org.apache.hadoop.ozone.protocolPB.OzoneManagerProtocolServerSideTranslatorPB.processRequest(OzoneManagerProtocolServerSideTranslatorPB.java:179) ~[ozone-manager-1.4.0-SNAPSHOT.jar:?]
	at org.apache.hadoop.hdds.server.OzoneProtocolMessageDispatcher.processRequest(OzoneProtocolMessageDispatcher.java:87) [hdds-server-framework-1.4.0-SNAPSHOT.jar:?]
	at org.apache.hadoop.ozone.protocolPB.OzoneManagerProtocolServerSideTranslatorPB.submitRequest(OzoneManagerProtocolServerSideTranslatorPB.java:148) [ozone-manager-1.4.0-SNAPSHOT.jar:?]
	at org.apache.hadoop.ozone.protocol.proto.OzoneManagerProtocolProtos$OzoneManagerService$2.callBlockingMethod(OzoneManagerProtocolProtos.java) [ozone-interface-client-1.4.0-SNAPSHOT.jar:?]
	at org.apache.hadoop.ipc.ProtobufRpcEngine$Server.processCall(ProtobufRpcEngine.java:484) [hadoop-common-3.3.6.jar:?]
	at org.apache.hadoop.ipc.ProtobufRpcEngine2$Server$ProtoBufRpcInvoker.call(ProtobufRpcEngine2.java:595) [hadoop-common-3.3.6.jar:?]
	at org.apache.hadoop.ipc.ProtobufRpcEngine2$Server$ProtoBufRpcInvoker.call(ProtobufRpcEngine2.java:573) [hadoop-common-3.3.6.jar:?]
	at org.apache.hadoop.ipc.RPC$Server.call(RPC.java:1227) [hadoop-common-3.3.6.jar:?]
	at org.apache.hadoop.ipc.Server$RpcCall.run(Server.java:1094) [hadoop-common-3.3.6.jar:?]
	at org.apache.hadoop.ipc.Server$RpcCall.run(Server.java:1017) [hadoop-common-3.3.6.jar:?]
	at java.security.AccessController.doPrivileged(Native Method) ~[?:1.8.0_372]
	at javax.security.auth.Subject.doAs(Subject.java:422) [?:1.8.0_372]
	at org.apache.hadoop.security.UserGroupInformation.doAs(UserGroupInformation.java:1899) [hadoop-common-3.3.6.jar:?]
	at org.apache.hadoop.ipc.Server$Handler.run(Server.java:3048) [hadoop-common-3.3.6.jar:?]
10:55:39.639 [IPC Server handler 10 on default port 15004] ERROR OMAudit - user=runner | ip=127.0.0.1 | op=GET_FILE_STATUS {volume=volume25555, bucket=bucket68101, key=testBatchDelete/parent/childFolder/child4, dataSize=0, replicationConfig=null} | ret=FAILURE
org.apache.hadoop.ozone.om.exceptions.OMException: Unable to get file status: volume: volume25555 bucket: bucket68101 key: testBatchDelete/parent/childFolder/child4
	at org.apache.hadoop.ozone.om.KeyManagerImpl.getOzoneFileStatusFSO(KeyManagerImpl.java:1311) ~[ozone-manager-1.4.0-SNAPSHOT.jar:?]
	at org.apache.hadoop.ozone.om.KeyManagerImpl.getFileStatus(KeyManagerImpl.java:1102) ~[ozone-manager-1.4.0-SNAPSHOT.jar:?]
	at org.apache.hadoop.ozone.om.OmMetadataReader.getFileStatus(OmMetadataReader.java:262) ~[ozone-manager-1.4.0-SNAPSHOT.jar:?]
	at org.apache.hadoop.ozone.om.OzoneManager.getFileStatus(OzoneManager.java:3527) ~[ozone-manager-1.4.0-SNAPSHOT.jar:?]
	at org.apache.hadoop.ozone.protocolPB.OzoneManagerRequestHandler.getOzoneFileStatus(OzoneManagerRequestHandler.java:973) ~[ozone-manager-1.4.0-SNAPSHOT.jar:?]
	at org.apache.hadoop.ozone.protocolPB.OzoneManagerRequestHandler.handleReadRequest(OzoneManagerRequestHandler.java:252) ~[ozone-manager-1.4.0-SNAPSHOT.jar:?]
	at org.apache.hadoop.ozone.protocolPB.OzoneManagerProtocolServerSideTranslatorPB.submitReadRequestToOM(OzoneManagerProtocolServerSideTranslatorPB.java:225) ~[ozone-manager-1.4.0-SNAPSHOT.jar:?]
	at org.apache.hadoop.ozone.protocolPB.OzoneManagerProtocolServerSideTranslatorPB.processRequest(OzoneManagerProtocolServerSideTranslatorPB.java:179) ~[ozone-manager-1.4.0-SNAPSHOT.jar:?]
	at org.apache.hadoop.hdds.server.OzoneProtocolMessageDispatcher.processRequest(OzoneProtocolMessageDispatcher.java:87) [hdds-server-framework-1.4.0-SNAPSHOT.jar:?]
	at org.apache.hadoop.ozone.protocolPB.OzoneManagerProtocolServerSideTranslatorPB.submitRequest(OzoneManagerProtocolServerSideTranslatorPB.java:148) [ozone-manager-1.4.0-SNAPSHOT.jar:?]
	at org.apache.hadoop.ozone.protocol.proto.OzoneManagerProtocolProtos$OzoneManagerService$2.callBlockingMethod(OzoneManagerProtocolProtos.java) [ozone-interface-client-1.4.0-SNAPSHOT.jar:?]
	at org.apache.hadoop.ipc.ProtobufRpcEngine$Server.processCall(ProtobufRpcEngine.java:484) [hadoop-common-3.3.6.jar:?]
	at org.apache.hadoop.ipc.ProtobufRpcEngine2$Server$ProtoBufRpcInvoker.call(ProtobufRpcEngine2.java:595) [hadoop-common-3.3.6.jar:?]
	at org.apache.hadoop.ipc.ProtobufRpcEngine2$Server$ProtoBufRpcInvoker.call(ProtobufRpcEngine2.java:573) [hadoop-common-3.3.6.jar:?]
	at org.apache.hadoop.ipc.RPC$Server.call(RPC.java:1227) [hadoop-common-3.3.6.jar:?]
	at org.apache.hadoop.ipc.Server$RpcCall.run(Server.java:1094) [hadoop-common-3.3.6.jar:?]
	at org.apache.hadoop.ipc.Server$RpcCall.run(Server.java:1017) [hadoop-common-3.3.6.jar:?]
	at java.security.AccessController.doPrivileged(Native Method) ~[?:1.8.0_372]
	at javax.security.auth.Subject.doAs(Subject.java:422) [?:1.8.0_372]
	at org.apache.hadoop.security.UserGroupInformation.doAs(UserGroupInformation.java:1899) [hadoop-common-3.3.6.jar:?]
	at org.apache.hadoop.ipc.Server$Handler.run(Server.java:3048) [hadoop-common-3.3.6.jar:?]
10:55:39.641 [IPC Server handler 17 on default port 15004] ERROR OMAudit - user=runner | ip=127.0.0.1 | op=GET_FILE_STATUS {volume=volume25555, bucket=bucket68101, key=testBatchDelete/parent/child5, dataSize=0, replicationConfig=null} | ret=FAILURE
org.apache.hadoop.ozone.om.exceptions.OMException: Unable to get file status: volume: volume25555 bucket: bucket68101 key: testBatchDelete/parent/child5
	at org.apache.hadoop.ozone.om.KeyManagerImpl.getOzoneFileStatusFSO(KeyManagerImpl.java:1311) ~[ozone-manager-1.4.0-SNAPSHOT.jar:?]
	at org.apache.hadoop.ozone.om.KeyManagerImpl.getFileStatus(KeyManagerImpl.java:1102) ~[ozone-manager-1.4.0-SNAPSHOT.jar:?]
	at org.apache.hadoop.ozone.om.OmMetadataReader.getFileStatus(OmMetadataReader.java:262) ~[ozone-manager-1.4.0-SNAPSHOT.jar:?]
	at org.apache.hadoop.ozone.om.OzoneManager.getFileStatus(OzoneManager.java:3527) ~[ozone-manager-1.4.0-SNAPSHOT.jar:?]
	at org.apache.hadoop.ozone.protocolPB.OzoneManagerRequestHandler.getOzoneFileStatus(OzoneManagerRequestHandler.java:973) ~[ozone-manager-1.4.0-SNAPSHOT.jar:?]
	at org.apache.hadoop.ozone.protocolPB.OzoneManagerRequestHandler.handleReadRequest(OzoneManagerRequestHandler.java:252) ~[ozone-manager-1.4.0-SNAPSHOT.jar:?]
	at org.apache.hadoop.ozone.protocolPB.OzoneManagerProtocolServerSideTranslatorPB.submitReadRequestToOM(OzoneManagerProtocolServerSideTranslatorPB.java:225) ~[ozone-manager-1.4.0-SNAPSHOT.jar:?]
	at org.apache.hadoop.ozone.protocolPB.OzoneManagerProtocolServerSideTranslatorPB.processRequest(OzoneManagerProtocolServerSideTranslatorPB.java:179) ~[ozone-manager-1.4.0-SNAPSHOT.jar:?]
	at org.apache.hadoop.hdds.server.OzoneProtocolMessageDispatcher.processRequest(OzoneProtocolMessageDispatcher.java:87) [hdds-server-framework-1.4.0-SNAPSHOT.jar:?]
	at org.apache.hadoop.ozone.protocolPB.OzoneManagerProtocolServerSideTranslatorPB.submitRequest(OzoneManagerProtocolServerSideTranslatorPB.java:148) [ozone-manager-1.4.0-SNAPSHOT.jar:?]
	at org.apache.hadoop.ozone.protocol.proto.OzoneManagerProtocolProtos$OzoneManagerService$2.callBlockingMethod(OzoneManagerProtocolProtos.java) [ozone-interface-client-1.4.0-SNAPSHOT.jar:?]
	at org.apache.hadoop.ipc.ProtobufRpcEngine$Server.processCall(ProtobufRpcEngine.java:484) [hadoop-common-3.3.6.jar:?]
	at org.apache.hadoop.ipc.ProtobufRpcEngine2$Server$ProtoBufRpcInvoker.call(ProtobufRpcEngine2.java:595) [hadoop-common-3.3.6.jar:?]
	at org.apache.hadoop.ipc.ProtobufRpcEngine2$Server$ProtoBufRpcInvoker.call(ProtobufRpcEngine2.java:573) [hadoop-common-3.3.6.jar:?]
	at org.apache.hadoop.ipc.RPC$Server.call(RPC.java:1227) [hadoop-common-3.3.6.jar:?]
	at org.apache.hadoop.ipc.Server$RpcCall.run(Server.java:1094) [hadoop-common-3.3.6.jar:?]
	at org.apache.hadoop.ipc.Server$RpcCall.run(Server.java:1017) [hadoop-common-3.3.6.jar:?]
	at java.security.AccessController.doPrivileged(Native Method) ~[?:1.8.0_372]
	at javax.security.auth.Subject.doAs(Subject.java:422) [?:1.8.0_372]
	at org.apache.hadoop.security.UserGroupInformation.doAs(UserGroupInformation.java:1899) [hadoop-common-3.3.6.jar:?]
	at org.apache.hadoop.ipc.Server$Handler.run(Server.java:3048) [hadoop-common-3.3.6.jar:?]
10:55:39.643 [IPC Server handler 9 on default port 15004] ERROR OMAudit - user=runner | ip=127.0.0.1 | op=GET_FILE_STATUS {volume=volume25555, bucket=bucket68101, key=testBatchDelete/parent/childFolder/child5, dataSize=0, replicationConfig=null} | ret=FAILURE
org.apache.hadoop.ozone.om.exceptions.OMException: Unable to get file status: volume: volume25555 bucket: bucket68101 key: testBatchDelete/parent/childFolder/child5
	at org.apache.hadoop.ozone.om.KeyManagerImpl.getOzoneFileStatusFSO(KeyManagerImpl.java:1311) ~[ozone-manager-1.4.0-SNAPSHOT.jar:?]
	at org.apache.hadoop.ozone.om.KeyManagerImpl.getFileStatus(KeyManagerImpl.java:1102) ~[ozone-manager-1.4.0-SNAPSHOT.jar:?]
	at org.apache.hadoop.ozone.om.OmMetadataReader.getFileStatus(OmMetadataReader.java:262) ~[ozone-manager-1.4.0-SNAPSHOT.jar:?]
	at org.apache.hadoop.ozone.om.OzoneManager.getFileStatus(OzoneManager.java:3527) ~[ozone-manager-1.4.0-SNAPSHOT.jar:?]
	at org.apache.hadoop.ozone.protocolPB.OzoneManagerRequestHandler.getOzoneFileStatus(OzoneManagerRequestHandler.java:973) ~[ozone-manager-1.4.0-SNAPSHOT.jar:?]
	at org.apache.hadoop.ozone.protocolPB.OzoneManagerRequestHandler.handleReadRequest(OzoneManagerRequestHandler.java:252) ~[ozone-manager-1.4.0-SNAPSHOT.jar:?]
	at org.apache.hadoop.ozone.protocolPB.OzoneManagerProtocolServerSideTranslatorPB.submitReadRequestToOM(OzoneManagerProtocolServerSideTranslatorPB.java:225) ~[ozone-manager-1.4.0-SNAPSHOT.jar:?]
	at org.apache.hadoop.ozone.protocolPB.OzoneManagerProtocolServerSideTranslatorPB.processRequest(OzoneManagerProtocolServerSideTranslatorPB.java:179) ~[ozone-manager-1.4.0-SNAPSHOT.jar:?]
	at org.apache.hadoop.hdds.server.OzoneProtocolMessageDispatcher.processRequest(OzoneProtocolMessageDispatcher.java:87) [hdds-server-framework-1.4.0-SNAPSHOT.jar:?]
	at org.apache.hadoop.ozone.protocolPB.OzoneManagerProtocolServerSideTranslatorPB.submitRequest(OzoneManagerProtocolServerSideTranslatorPB.java:148) [ozone-manager-1.4.0-SNAPSHOT.jar:?]
	at org.apache.hadoop.ozone.protocol.proto.OzoneManagerProtocolProtos$OzoneManagerService$2.callBlockingMethod(OzoneManagerProtocolProtos.java) [ozone-interface-client-1.4.0-SNAPSHOT.jar:?]
	at org.apache.hadoop.ipc.ProtobufRpcEngine$Server.processCall(ProtobufRpcEngine.java:484) [hadoop-common-3.3.6.jar:?]
	at org.apache.hadoop.ipc.ProtobufRpcEngine2$Server$ProtoBufRpcInvoker.call(ProtobufRpcEngine2.java:595) [hadoop-common-3.3.6.jar:?]
	at org.apache.hadoop.ipc.ProtobufRpcEngine2$Server$ProtoBufRpcInvoker.call(ProtobufRpcEngine2.java:573) [hadoop-common-3.3.6.jar:?]
	at org.apache.hadoop.ipc.RPC$Server.call(RPC.java:1227) [hadoop-common-3.3.6.jar:?]
	at org.apache.hadoop.ipc.Server$RpcCall.run(Server.java:1094) [hadoop-common-3.3.6.jar:?]
	at org.apache.hadoop.ipc.Server$RpcCall.run(Server.java:1017) [hadoop-common-3.3.6.jar:?]
	at java.security.AccessController.doPrivileged(Native Method) ~[?:1.8.0_372]
	at javax.security.auth.Subject.doAs(Subject.java:422) [?:1.8.0_372]
	at org.apache.hadoop.security.UserGroupInformation.doAs(UserGroupInformation.java:1899) [hadoop-common-3.3.6.jar:?]
	at org.apache.hadoop.ipc.Server$Handler.run(Server.java:3048) [hadoop-common-3.3.6.jar:?]
10:55:39.644 [IPC Server handler 7 on default port 15004] ERROR OMAudit - user=runner | ip=127.0.0.1 | op=GET_FILE_STATUS {volume=volume25555, bucket=bucket68101, key=testBatchDelete/parent/child6, dataSize=0, replicationConfig=null} | ret=FAILURE
org.apache.hadoop.ozone.om.exceptions.OMException: Unable to get file status: volume: volume25555 bucket: bucket68101 key: testBatchDelete/parent/child6
	at org.apache.hadoop.ozone.om.KeyManagerImpl.getOzoneFileStatusFSO(KeyManagerImpl.java:1311) ~[ozone-manager-1.4.0-SNAPSHOT.jar:?]
	at org.apache.hadoop.ozone.om.KeyManagerImpl.getFileStatus(KeyManagerImpl.java:1102) ~[ozone-manager-1.4.0-SNAPSHOT.jar:?]
	at org.apache.hadoop.ozone.om.OmMetadataReader.getFileStatus(OmMetadataReader.java:262) ~[ozone-manager-1.4.0-SNAPSHOT.jar:?]
	at org.apache.hadoop.ozone.om.OzoneManager.getFileStatus(OzoneManager.java:3527) ~[ozone-manager-1.4.0-SNAPSHOT.jar:?]
	at org.apache.hadoop.ozone.protocolPB.OzoneManagerRequestHandler.getOzoneFileStatus(OzoneManagerRequestHandler.java:973) ~[ozone-manager-1.4.0-SNAPSHOT.jar:?]
	at org.apache.hadoop.ozone.protocolPB.OzoneManagerRequestHandler.handleReadRequest(OzoneManagerRequestHandler.java:252) ~[ozone-manager-1.4.0-SNAPSHOT.jar:?]
	at org.apache.hadoop.ozone.protocolPB.OzoneManagerProtocolServerSideTranslatorPB.submitReadRequestToOM(OzoneManagerProtocolServerSideTranslatorPB.java:225) ~[ozone-manager-1.4.0-SNAPSHOT.jar:?]
	at org.apache.hadoop.ozone.protocolPB.OzoneManagerProtocolServerSideTranslatorPB.processRequest(OzoneManagerProtocolServerSideTranslatorPB.java:179) ~[ozone-manager-1.4.0-SNAPSHOT.jar:?]
	at org.apache.hadoop.hdds.server.OzoneProtocolMessageDispatcher.processRequest(OzoneProtocolMessageDispatcher.java:87) [hdds-server-framework-1.4.0-SNAPSHOT.jar:?]
	at org.apache.hadoop.ozone.protocolPB.OzoneManagerProtocolServerSideTranslatorPB.submitRequest(OzoneManagerProtocolServerSideTranslatorPB.java:148) [ozone-manager-1.4.0-SNAPSHOT.jar:?]
	at org.apache.hadoop.ozone.protocol.proto.OzoneManagerProtocolProtos$OzoneManagerService$2.callBlockingMethod(OzoneManagerProtocolProtos.java) [ozone-interface-client-1.4.0-SNAPSHOT.jar:?]
	at org.apache.hadoop.ipc.ProtobufRpcEngine$Server.processCall(ProtobufRpcEngine.java:484) [hadoop-common-3.3.6.jar:?]
	at org.apache.hadoop.ipc.ProtobufRpcEngine2$Server$ProtoBufRpcInvoker.call(ProtobufRpcEngine2.java:595) [hadoop-common-3.3.6.jar:?]
	at org.apache.hadoop.ipc.ProtobufRpcEngine2$Server$ProtoBufRpcInvoker.call(ProtobufRpcEngine2.java:573) [hadoop-common-3.3.6.jar:?]
	at org.apache.hadoop.ipc.RPC$Server.call(RPC.java:1227) [hadoop-common-3.3.6.jar:?]
	at org.apache.hadoop.ipc.Server$RpcCall.run(Server.java:1094) [hadoop-common-3.3.6.jar:?]
	at org.apache.hadoop.ipc.Server$RpcCall.run(Server.java:1017) [hadoop-common-3.3.6.jar:?]
	at java.security.AccessController.doPrivileged(Native Method) ~[?:1.8.0_372]
	at javax.security.auth.Subject.doAs(Subject.java:422) [?:1.8.0_372]
	at org.apache.hadoop.security.UserGroupInformation.doAs(UserGroupInformation.java:1899) [hadoop-common-3.3.6.jar:?]
	at org.apache.hadoop.ipc.Server$Handler.run(Server.java:3048) [hadoop-common-3.3.6.jar:?]
10:55:39.646 [IPC Server handler 8 on default port 15004] ERROR OMAudit - user=runner | ip=127.0.0.1 | op=GET_FILE_STATUS {volume=volume25555, bucket=bucket68101, key=testBatchDelete/parent/childFolder/child6, dataSize=0, replicationConfig=null} | ret=FAILURE
org.apache.hadoop.ozone.om.exceptions.OMException: Unable to get file status: volume: volume25555 bucket: bucket68101 key: testBatchDelete/parent/childFolder/child6
	at org.apache.hadoop.ozone.om.KeyManagerImpl.getOzoneFileStatusFSO(KeyManagerImpl.java:1311) ~[ozone-manager-1.4.0-SNAPSHOT.jar:?]
	at org.apache.hadoop.ozone.om.KeyManagerImpl.getFileStatus(KeyManagerImpl.java:1102) ~[ozone-manager-1.4.0-SNAPSHOT.jar:?]
	at org.apache.hadoop.ozone.om.OmMetadataReader.getFileStatus(OmMetadataReader.java:262) ~[ozone-manager-1.4.0-SNAPSHOT.jar:?]
	at org.apache.hadoop.ozone.om.OzoneManager.getFileStatus(OzoneManager.java:3527) ~[ozone-manager-1.4.0-SNAPSHOT.jar:?]
	at org.apache.hadoop.ozone.protocolPB.OzoneManagerRequestHandler.getOzoneFileStatus(OzoneManagerRequestHandler.java:973) ~[ozone-manager-1.4.0-SNAPSHOT.jar:?]
	at org.apache.hadoop.ozone.protocolPB.OzoneManagerRequestHandler.handleReadRequest(OzoneManagerRequestHandler.java:252) ~[ozone-manager-1.4.0-SNAPSHOT.jar:?]
	at org.apache.hadoop.ozone.protocolPB.OzoneManagerProtocolServerSideTranslatorPB.submitReadRequestToOM(OzoneManagerProtocolServerSideTranslatorPB.java:225) ~[ozone-manager-1.4.0-SNAPSHOT.jar:?]
	at org.apache.hadoop.ozone.protocolPB.OzoneManagerProtocolServerSideTranslatorPB.processRequest(OzoneManagerProtocolServerSideTranslatorPB.java:179) ~[ozone-manager-1.4.0-SNAPSHOT.jar:?]
	at org.apache.hadoop.hdds.server.OzoneProtocolMessageDispatcher.processRequest(OzoneProtocolMessageDispatcher.java:87) [hdds-server-framework-1.4.0-SNAPSHOT.jar:?]
	at org.apache.hadoop.ozone.protocolPB.OzoneManagerProtocolServerSideTranslatorPB.submitRequest(OzoneManagerProtocolServerSideTranslatorPB.java:148) [ozone-manager-1.4.0-SNAPSHOT.jar:?]
	at org.apache.hadoop.ozone.protocol.proto.OzoneManagerProtocolProtos$OzoneManagerService$2.callBlockingMethod(OzoneManagerProtocolProtos.java) [ozone-interface-client-1.4.0-SNAPSHOT.jar:?]
	at org.apache.hadoop.ipc.ProtobufRpcEngine$Server.processCall(ProtobufRpcEngine.java:484) [hadoop-common-3.3.6.jar:?]
	at org.apache.hadoop.ipc.ProtobufRpcEngine2$Server$ProtoBufRpcInvoker.call(ProtobufRpcEngine2.java:595) [hadoop-common-3.3.6.jar:?]
	at org.apache.hadoop.ipc.ProtobufRpcEngine2$Server$ProtoBufRpcInvoker.call(ProtobufRpcEngine2.java:573) [hadoop-common-3.3.6.jar:?]
	at org.apache.hadoop.ipc.RPC$Server.call(RPC.java:1227) [hadoop-common-3.3.6.jar:?]
	at org.apache.hadoop.ipc.Server$RpcCall.run(Server.java:1094) [hadoop-common-3.3.6.jar:?]
	at org.apache.hadoop.ipc.Server$RpcCall.run(Server.java:1017) [hadoop-common-3.3.6.jar:?]
	at java.security.AccessController.doPrivileged(Native Method) ~[?:1.8.0_372]
	at javax.security.auth.Subject.doAs(Subject.java:422) [?:1.8.0_372]
	at org.apache.hadoop.security.UserGroupInformation.doAs(UserGroupInformation.java:1899) [hadoop-common-3.3.6.jar:?]
	at org.apache.hadoop.ipc.Server$Handler.run(Server.java:3048) [hadoop-common-3.3.6.jar:?]
10:55:39.650 [IPC Server handler 15 on default port 15004] ERROR OMAudit - user=runner | ip=127.0.0.1 | op=GET_FILE_STATUS {volume=volume25555, bucket=bucket68101, key=testBatchDelete/parent/child7, dataSize=0, replicationConfig=null} | ret=FAILURE
org.apache.hadoop.ozone.om.exceptions.OMException: Unable to get file status: volume: volume25555 bucket: bucket68101 key: testBatchDelete/parent/child7
	at org.apache.hadoop.ozone.om.KeyManagerImpl.getOzoneFileStatusFSO(KeyManagerImpl.java:1311) ~[ozone-manager-1.4.0-SNAPSHOT.jar:?]
	at org.apache.hadoop.ozone.om.KeyManagerImpl.getFileStatus(KeyManagerImpl.java:1102) ~[ozone-manager-1.4.0-SNAPSHOT.jar:?]
	at org.apache.hadoop.ozone.om.OmMetadataReader.getFileStatus(OmMetadataReader.java:262) ~[ozone-manager-1.4.0-SNAPSHOT.jar:?]
	at org.apache.hadoop.ozone.om.OzoneManager.getFileStatus(OzoneManager.java:3527) ~[ozone-manager-1.4.0-SNAPSHOT.jar:?]
	at org.apache.hadoop.ozone.protocolPB.OzoneManagerRequestHandler.getOzoneFileStatus(OzoneManagerRequestHandler.java:973) ~[ozone-manager-1.4.0-SNAPSHOT.jar:?]
	at org.apache.hadoop.ozone.protocolPB.OzoneManagerRequestHandler.handleReadRequest(OzoneManagerRequestHandler.java:252) ~[ozone-manager-1.4.0-SNAPSHOT.jar:?]
	at org.apache.hadoop.ozone.protocolPB.OzoneManagerProtocolServerSideTranslatorPB.submitReadRequestToOM(OzoneManagerProtocolServerSideTranslatorPB.java:225) ~[ozone-manager-1.4.0-SNAPSHOT.jar:?]
	at org.apache.hadoop.ozone.protocolPB.OzoneManagerProtocolServerSideTranslatorPB.processRequest(OzoneManagerProtocolServerSideTranslatorPB.java:179) ~[ozone-manager-1.4.0-SNAPSHOT.jar:?]
	at org.apache.hadoop.hdds.server.OzoneProtocolMessageDispatcher.processRequest(OzoneProtocolMessageDispatcher.java:87) [hdds-server-framework-1.4.0-SNAPSHOT.jar:?]
	at org.apache.hadoop.ozone.protocolPB.OzoneManagerProtocolServerSideTranslatorPB.submitRequest(OzoneManagerProtocolServerSideTranslatorPB.java:148) [ozone-manager-1.4.0-SNAPSHOT.jar:?]
	at org.apache.hadoop.ozone.protocol.proto.OzoneManagerProtocolProtos$OzoneManagerService$2.callBlockingMethod(OzoneManagerProtocolProtos.java) [ozone-interface-client-1.4.0-SNAPSHOT.jar:?]
	at org.apache.hadoop.ipc.ProtobufRpcEngine$Server.processCall(ProtobufRpcEngine.java:484) [hadoop-common-3.3.6.jar:?]
	at org.apache.hadoop.ipc.ProtobufRpcEngine2$Server$ProtoBufRpcInvoker.call(ProtobufRpcEngine2.java:595) [hadoop-common-3.3.6.jar:?]
	at org.apache.hadoop.ipc.ProtobufRpcEngine2$Server$ProtoBufRpcInvoker.call(ProtobufRpcEngine2.java:573) [hadoop-common-3.3.6.jar:?]
	at org.apache.hadoop.ipc.RPC$Server.call(RPC.java:1227) [hadoop-common-3.3.6.jar:?]
	at org.apache.hadoop.ipc.Server$RpcCall.run(Server.java:1094) [hadoop-common-3.3.6.jar:?]
	at org.apache.hadoop.ipc.Server$RpcCall.run(Server.java:1017) [hadoop-common-3.3.6.jar:?]
	at java.security.AccessController.doPrivileged(Native Method) ~[?:1.8.0_372]
	at javax.security.auth.Subject.doAs(Subject.java:422) [?:1.8.0_372]
	at org.apache.hadoop.security.UserGroupInformation.doAs(UserGroupInformation.java:1899) [hadoop-common-3.3.6.jar:?]
	at org.apache.hadoop.ipc.Server$Handler.run(Server.java:3048) [hadoop-common-3.3.6.jar:?]
10:55:39.653 [IPC Server handler 11 on default port 15004] ERROR OMAudit - user=runner | ip=127.0.0.1 | op=GET_FILE_STATUS {volume=volume25555, bucket=bucket68101, key=testBatchDelete/parent/childFolder/child7, dataSize=0, replicationConfig=null} | ret=FAILURE
org.apache.hadoop.ozone.om.exceptions.OMException: Unable to get file status: volume: volume25555 bucket: bucket68101 key: testBatchDelete/parent/childFolder/child7
	at org.apache.hadoop.ozone.om.KeyManagerImpl.getOzoneFileStatusFSO(KeyManagerImpl.java:1311) ~[ozone-manager-1.4.0-SNAPSHOT.jar:?]
	at org.apache.hadoop.ozone.om.KeyManagerImpl.getFileStatus(KeyManagerImpl.java:1102) ~[ozone-manager-1.4.0-SNAPSHOT.jar:?]
	at org.apache.hadoop.ozone.om.OmMetadataReader.getFileStatus(OmMetadataReader.java:262) ~[ozone-manager-1.4.0-SNAPSHOT.jar:?]
	at org.apache.hadoop.ozone.om.OzoneManager.getFileStatus(OzoneManager.java:3527) ~[ozone-manager-1.4.0-SNAPSHOT.jar:?]
	at org.apache.hadoop.ozone.protocolPB.OzoneManagerRequestHandler.getOzoneFileStatus(OzoneManagerRequestHandler.java:973) ~[ozone-manager-1.4.0-SNAPSHOT.jar:?]
	at org.apache.hadoop.ozone.protocolPB.OzoneManagerRequestHandler.handleReadRequest(OzoneManagerRequestHandler.java:252) ~[ozone-manager-1.4.0-SNAPSHOT.jar:?]
	at org.apache.hadoop.ozone.protocolPB.OzoneManagerProtocolServerSideTranslatorPB.submitReadRequestToOM(OzoneManagerProtocolServerSideTranslatorPB.java:225) ~[ozone-manager-1.4.0-SNAPSHOT.jar:?]
	at org.apache.hadoop.ozone.protocolPB.OzoneManagerProtocolServerSideTranslatorPB.processRequest(OzoneManagerProtocolServerSideTranslatorPB.java:179) ~[ozone-manager-1.4.0-SNAPSHOT.jar:?]
	at org.apache.hadoop.hdds.server.OzoneProtocolMessageDispatcher.processRequest(OzoneProtocolMessageDispatcher.java:87) [hdds-server-framework-1.4.0-SNAPSHOT.jar:?]
	at org.apache.hadoop.ozone.protocolPB.OzoneManagerProtocolServerSideTranslatorPB.submitRequest(OzoneManagerProtocolServerSideTranslatorPB.java:148) [ozone-manager-1.4.0-SNAPSHOT.jar:?]
	at org.apache.hadoop.ozone.protocol.proto.OzoneManagerProtocolProtos$OzoneManagerService$2.callBlockingMethod(OzoneManagerProtocolProtos.java) [ozone-interface-client-1.4.0-SNAPSHOT.jar:?]
	at org.apache.hadoop.ipc.ProtobufRpcEngine$Server.processCall(ProtobufRpcEngine.java:484) [hadoop-common-3.3.6.jar:?]
	at org.apache.hadoop.ipc.ProtobufRpcEngine2$Server$ProtoBufRpcInvoker.call(ProtobufRpcEngine2.java:595) [hadoop-common-3.3.6.jar:?]
	at org.apache.hadoop.ipc.ProtobufRpcEngine2$Server$ProtoBufRpcInvoker.call(ProtobufRpcEngine2.java:573) [hadoop-common-3.3.6.jar:?]
	at org.apache.hadoop.ipc.RPC$Server.call(RPC.java:1227) [hadoop-common-3.3.6.jar:?]
	at org.apache.hadoop.ipc.Server$RpcCall.run(Server.java:1094) [hadoop-common-3.3.6.jar:?]
	at org.apache.hadoop.ipc.Server$RpcCall.run(Server.java:1017) [hadoop-common-3.3.6.jar:?]
	at java.security.AccessController.doPrivileged(Native Method) ~[?:1.8.0_372]
	at javax.security.auth.Subject.doAs(Subject.java:422) [?:1.8.0_372]
	at org.apache.hadoop.security.UserGroupInformation.doAs(UserGroupInformation.java:1899) [hadoop-common-3.3.6.jar:?]
	at org.apache.hadoop.ipc.Server$Handler.run(Server.java:3048) [hadoop-common-3.3.6.jar:?]
10:55:39.657 [OM StateMachine ApplyTransaction Thread - 0] ERROR OMAudit - user=runner | ip=127.0.0.1 | op=DELETE_KEY {volume=volume25555, bucket=bucket68101, key=testBatchDelete/parent, dataSize=0, replicationType=NONE, replicationFactor=ZERO} | ret=FAILURE
org.apache.hadoop.ozone.om.exceptions.OMException: Unable to get file status: volume: volume25555 bucket: bucket68101 key: testBatchDelete/parent
	at org.apache.hadoop.ozone.om.OzonePrefixPathImpl.<init>(OzonePrefixPathImpl.java:67) ~[ozone-manager-1.4.0-SNAPSHOT.jar:?]
	at org.apache.hadoop.ozone.om.request.OMClientRequest.checkACLsWithFSO(OMClientRequest.java:240) ~[ozone-manager-1.4.0-SNAPSHOT.jar:?]
	at org.apache.hadoop.ozone.om.request.key.OMKeyDeleteRequestWithFSO.validateAndUpdateCache(OMKeyDeleteRequestWithFSO.java:102) ~[ozone-manager-1.4.0-SNAPSHOT.jar:?]
	at org.apache.hadoop.ozone.protocolPB.OzoneManagerRequestHandler.handleWriteRequest(OzoneManagerRequestHandler.java:375) ~[ozone-manager-1.4.0-SNAPSHOT.jar:?]
	at org.apache.hadoop.ozone.om.ratis.OzoneManagerStateMachine.runCommand(OzoneManagerStateMachine.java:568) ~[ozone-manager-1.4.0-SNAPSHOT.jar:?]
	at org.apache.hadoop.ozone.om.ratis.OzoneManagerStateMachine.lambda$1(OzoneManagerStateMachine.java:359) ~[ozone-manager-1.4.0-SNAPSHOT.jar:?]
	at java.util.concurrent.CompletableFuture$AsyncSupply.run(CompletableFuture.java:1604) [?:1.8.0_372]
	at java.util.concurrent.ThreadPoolExecutor.runWorker(ThreadPoolExecutor.java:1149) [?:1.8.0_372]
	at java.util.concurrent.ThreadPoolExecutor$Worker.run(ThreadPoolExecutor.java:624) [?:1.8.0_372]
	at java.lang.Thread.run(Thread.java:750) [?:1.8.0_372]
2023-07-25 10:55:39,657 [OM StateMachine ApplyTransaction Thread - 0] ERROR key.OMKeyDeleteRequestWithFSO (OMKeyDeleteRequestWithFSO.java:validateAndUpdateCache(200)) - Key delete failed. Volume:volume25555, Bucket:bucket68101, Key:testBatchDelete/parent.
KEY_NOT_FOUND org.apache.hadoop.ozone.om.exceptions.OMException: Unable to get file status: volume: volume25555 bucket: bucket68101 key: testBatchDelete/parent
	at org.apache.hadoop.ozone.om.OzonePrefixPathImpl.<init>(OzonePrefixPathImpl.java:67)
	at org.apache.hadoop.ozone.om.request.OMClientRequest.checkACLsWithFSO(OMClientRequest.java:240)
	at org.apache.hadoop.ozone.om.request.key.OMKeyDeleteRequestWithFSO.validateAndUpdateCache(OMKeyDeleteRequestWithFSO.java:102)
	at org.apache.hadoop.ozone.protocolPB.OzoneManagerRequestHandler.handleWriteRequest(OzoneManagerRequestHandler.java:375)
	at org.apache.hadoop.ozone.om.ratis.OzoneManagerStateMachine.runCommand(OzoneManagerStateMachine.java:568)
	at org.apache.hadoop.ozone.om.ratis.OzoneManagerStateMachine.lambda$1(OzoneManagerStateMachine.java:359)
	at java.util.concurrent.CompletableFuture$AsyncSupply.run(CompletableFuture.java:1604)
	at java.util.concurrent.ThreadPoolExecutor.runWorker(ThreadPoolExecutor.java:1149)
	at java.util.concurrent.ThreadPoolExecutor$Worker.run(ThreadPoolExecutor.java:624)
	at java.lang.Thread.run(Thread.java:750)
2023-07-25 10:55:39,659 [Time-limited test] ERROR ozone.BasicOzoneClientAdapterImpl (BasicOzoneClientAdapterImpl.java:deleteObject(360)) - delete key failed Unable to get file status: volume: volume25555 bucket: bucket68101 key: testBatchDelete/parent
]]></system-out>
  </testcase>
  <testcase name="testFileDelete" classname="TestOzoneFileSystemWithFSO" time="0.185">
    <system-out><![CDATA[10:56:57.153 [IPC Server handler 0 on default port 15057] ERROR OMAudit - user=runner | ip=127.0.0.1 | op=GET_FILE_STATUS {volume=volume90736, bucket=bucket48182, key=testBatchDelete, dataSize=0, replicationConfig=null} | ret=FAILURE
org.apache.hadoop.ozone.om.exceptions.OMException: Unable to get file status: volume: volume90736 bucket: bucket48182 key: testBatchDelete
	at org.apache.hadoop.ozone.om.KeyManagerImpl.getOzoneFileStatusFSO(KeyManagerImpl.java:1311) ~[ozone-manager-1.4.0-SNAPSHOT.jar:?]
	at org.apache.hadoop.ozone.om.KeyManagerImpl.getFileStatus(KeyManagerImpl.java:1102) ~[ozone-manager-1.4.0-SNAPSHOT.jar:?]
	at org.apache.hadoop.ozone.om.OmMetadataReader.getFileStatus(OmMetadataReader.java:262) ~[ozone-manager-1.4.0-SNAPSHOT.jar:?]
	at org.apache.hadoop.ozone.om.OzoneManager.getFileStatus(OzoneManager.java:3527) ~[ozone-manager-1.4.0-SNAPSHOT.jar:?]
	at org.apache.hadoop.ozone.protocolPB.OzoneManagerRequestHandler.getOzoneFileStatus(OzoneManagerRequestHandler.java:973) ~[ozone-manager-1.4.0-SNAPSHOT.jar:?]
	at org.apache.hadoop.ozone.protocolPB.OzoneManagerRequestHandler.handleReadRequest(OzoneManagerRequestHandler.java:252) ~[ozone-manager-1.4.0-SNAPSHOT.jar:?]
	at org.apache.hadoop.ozone.protocolPB.OzoneManagerProtocolServerSideTranslatorPB.submitRequestDirectlyToOM(OzoneManagerProtocolServerSideTranslatorPB.java:274) ~[ozone-manager-1.4.0-SNAPSHOT.jar:?]
	at org.apache.hadoop.ozone.protocolPB.OzoneManagerProtocolServerSideTranslatorPB.processRequest(OzoneManagerProtocolServerSideTranslatorPB.java:175) ~[ozone-manager-1.4.0-SNAPSHOT.jar:?]
	at org.apache.hadoop.hdds.server.OzoneProtocolMessageDispatcher.processRequest(OzoneProtocolMessageDispatcher.java:87) [hdds-server-framework-1.4.0-SNAPSHOT.jar:?]
	at org.apache.hadoop.ozone.protocolPB.OzoneManagerProtocolServerSideTranslatorPB.submitRequest(OzoneManagerProtocolServerSideTranslatorPB.java:148) [ozone-manager-1.4.0-SNAPSHOT.jar:?]
	at org.apache.hadoop.ozone.protocol.proto.OzoneManagerProtocolProtos$OzoneManagerService$2.callBlockingMethod(OzoneManagerProtocolProtos.java) [ozone-interface-client-1.4.0-SNAPSHOT.jar:?]
	at org.apache.hadoop.ipc.ProtobufRpcEngine$Server.processCall(ProtobufRpcEngine.java:484) [hadoop-common-3.3.6.jar:?]
	at org.apache.hadoop.ipc.ProtobufRpcEngine2$Server$ProtoBufRpcInvoker.call(ProtobufRpcEngine2.java:595) [hadoop-common-3.3.6.jar:?]
	at org.apache.hadoop.ipc.ProtobufRpcEngine2$Server$ProtoBufRpcInvoker.call(ProtobufRpcEngine2.java:573) [hadoop-common-3.3.6.jar:?]
	at org.apache.hadoop.ipc.RPC$Server.call(RPC.java:1227) [hadoop-common-3.3.6.jar:?]
	at org.apache.hadoop.ipc.Server$RpcCall.run(Server.java:1094) [hadoop-common-3.3.6.jar:?]
	at org.apache.hadoop.ipc.Server$RpcCall.run(Server.java:1017) [hadoop-common-3.3.6.jar:?]
	at java.security.AccessController.doPrivileged(Native Method) ~[?:1.8.0_372]
	at javax.security.auth.Subject.doAs(Subject.java:422) [?:1.8.0_372]
	at org.apache.hadoop.security.UserGroupInformation.doAs(UserGroupInformation.java:1899) [hadoop-common-3.3.6.jar:?]
	at org.apache.hadoop.ipc.Server$Handler.run(Server.java:3048) [hadoop-common-3.3.6.jar:?]
10:56:57.156 [IPC Server handler 5 on default port 15057] ERROR OMAudit - user=runner | ip=127.0.0.1 | op=GET_FILE_STATUS {volume=volume90736, bucket=bucket48182, key=testBatchDelete/parent/child0, dataSize=0, replicationConfig=null} | ret=FAILURE
org.apache.hadoop.ozone.om.exceptions.OMException: Unable to get file status: volume: volume90736 bucket: bucket48182 key: testBatchDelete/parent/child0
	at org.apache.hadoop.ozone.om.KeyManagerImpl.getOzoneFileStatusFSO(KeyManagerImpl.java:1311) ~[ozone-manager-1.4.0-SNAPSHOT.jar:?]
	at org.apache.hadoop.ozone.om.KeyManagerImpl.getFileStatus(KeyManagerImpl.java:1102) ~[ozone-manager-1.4.0-SNAPSHOT.jar:?]
	at org.apache.hadoop.ozone.om.OmMetadataReader.getFileStatus(OmMetadataReader.java:262) ~[ozone-manager-1.4.0-SNAPSHOT.jar:?]
	at org.apache.hadoop.ozone.om.OzoneManager.getFileStatus(OzoneManager.java:3527) ~[ozone-manager-1.4.0-SNAPSHOT.jar:?]
	at org.apache.hadoop.ozone.protocolPB.OzoneManagerRequestHandler.getOzoneFileStatus(OzoneManagerRequestHandler.java:973) ~[ozone-manager-1.4.0-SNAPSHOT.jar:?]
	at org.apache.hadoop.ozone.protocolPB.OzoneManagerRequestHandler.handleReadRequest(OzoneManagerRequestHandler.java:252) ~[ozone-manager-1.4.0-SNAPSHOT.jar:?]
	at org.apache.hadoop.ozone.protocolPB.OzoneManagerProtocolServerSideTranslatorPB.submitRequestDirectlyToOM(OzoneManagerProtocolServerSideTranslatorPB.java:274) ~[ozone-manager-1.4.0-SNAPSHOT.jar:?]
	at org.apache.hadoop.ozone.protocolPB.OzoneManagerProtocolServerSideTranslatorPB.processRequest(OzoneManagerProtocolServerSideTranslatorPB.java:175) ~[ozone-manager-1.4.0-SNAPSHOT.jar:?]
	at org.apache.hadoop.hdds.server.OzoneProtocolMessageDispatcher.processRequest(OzoneProtocolMessageDispatcher.java:87) [hdds-server-framework-1.4.0-SNAPSHOT.jar:?]
	at org.apache.hadoop.ozone.protocolPB.OzoneManagerProtocolServerSideTranslatorPB.submitRequest(OzoneManagerProtocolServerSideTranslatorPB.java:148) [ozone-manager-1.4.0-SNAPSHOT.jar:?]
	at org.apache.hadoop.ozone.protocol.proto.OzoneManagerProtocolProtos$OzoneManagerService$2.callBlockingMethod(OzoneManagerProtocolProtos.java) [ozone-interface-client-1.4.0-SNAPSHOT.jar:?]
	at org.apache.hadoop.ipc.ProtobufRpcEngine$Server.processCall(ProtobufRpcEngine.java:484) [hadoop-common-3.3.6.jar:?]
	at org.apache.hadoop.ipc.ProtobufRpcEngine2$Server$ProtoBufRpcInvoker.call(ProtobufRpcEngine2.java:595) [hadoop-common-3.3.6.jar:?]
	at org.apache.hadoop.ipc.ProtobufRpcEngine2$Server$ProtoBufRpcInvoker.call(ProtobufRpcEngine2.java:573) [hadoop-common-3.3.6.jar:?]
	at org.apache.hadoop.ipc.RPC$Server.call(RPC.java:1227) [hadoop-common-3.3.6.jar:?]
	at org.apache.hadoop.ipc.Server$RpcCall.run(Server.java:1094) [hadoop-common-3.3.6.jar:?]
	at org.apache.hadoop.ipc.Server$RpcCall.run(Server.java:1017) [hadoop-common-3.3.6.jar:?]
	at java.security.AccessController.doPrivileged(Native Method) ~[?:1.8.0_372]
	at javax.security.auth.Subject.doAs(Subject.java:422) [?:1.8.0_372]
	at org.apache.hadoop.security.UserGroupInformation.doAs(UserGroupInformation.java:1899) [hadoop-common-3.3.6.jar:?]
	at org.apache.hadoop.ipc.Server$Handler.run(Server.java:3048) [hadoop-common-3.3.6.jar:?]
10:56:57.157 [IPC Server handler 2 on default port 15057] ERROR OMAudit - user=runner | ip=127.0.0.1 | op=GET_FILE_STATUS {volume=volume90736, bucket=bucket48182, key=testBatchDelete/parent/childFolder/child0, dataSize=0, replicationConfig=null} | ret=FAILURE
org.apache.hadoop.ozone.om.exceptions.OMException: Unable to get file status: volume: volume90736 bucket: bucket48182 key: testBatchDelete/parent/childFolder/child0
	at org.apache.hadoop.ozone.om.KeyManagerImpl.getOzoneFileStatusFSO(KeyManagerImpl.java:1311) ~[ozone-manager-1.4.0-SNAPSHOT.jar:?]
	at org.apache.hadoop.ozone.om.KeyManagerImpl.getFileStatus(KeyManagerImpl.java:1102) ~[ozone-manager-1.4.0-SNAPSHOT.jar:?]
	at org.apache.hadoop.ozone.om.OmMetadataReader.getFileStatus(OmMetadataReader.java:262) ~[ozone-manager-1.4.0-SNAPSHOT.jar:?]
	at org.apache.hadoop.ozone.om.OzoneManager.getFileStatus(OzoneManager.java:3527) ~[ozone-manager-1.4.0-SNAPSHOT.jar:?]
	at org.apache.hadoop.ozone.protocolPB.OzoneManagerRequestHandler.getOzoneFileStatus(OzoneManagerRequestHandler.java:973) ~[ozone-manager-1.4.0-SNAPSHOT.jar:?]
	at org.apache.hadoop.ozone.protocolPB.OzoneManagerRequestHandler.handleReadRequest(OzoneManagerRequestHandler.java:252) ~[ozone-manager-1.4.0-SNAPSHOT.jar:?]
	at org.apache.hadoop.ozone.protocolPB.OzoneManagerProtocolServerSideTranslatorPB.submitRequestDirectlyToOM(OzoneManagerProtocolServerSideTranslatorPB.java:274) ~[ozone-manager-1.4.0-SNAPSHOT.jar:?]
	at org.apache.hadoop.ozone.protocolPB.OzoneManagerProtocolServerSideTranslatorPB.processRequest(OzoneManagerProtocolServerSideTranslatorPB.java:175) ~[ozone-manager-1.4.0-SNAPSHOT.jar:?]
	at org.apache.hadoop.hdds.server.OzoneProtocolMessageDispatcher.processRequest(OzoneProtocolMessageDispatcher.java:87) [hdds-server-framework-1.4.0-SNAPSHOT.jar:?]
	at org.apache.hadoop.ozone.protocolPB.OzoneManagerProtocolServerSideTranslatorPB.submitRequest(OzoneManagerProtocolServerSideTranslatorPB.java:148) [ozone-manager-1.4.0-SNAPSHOT.jar:?]
	at org.apache.hadoop.ozone.protocol.proto.OzoneManagerProtocolProtos$OzoneManagerService$2.callBlockingMethod(OzoneManagerProtocolProtos.java) [ozone-interface-client-1.4.0-SNAPSHOT.jar:?]
	at org.apache.hadoop.ipc.ProtobufRpcEngine$Server.processCall(ProtobufRpcEngine.java:484) [hadoop-common-3.3.6.jar:?]
	at org.apache.hadoop.ipc.ProtobufRpcEngine2$Server$ProtoBufRpcInvoker.call(ProtobufRpcEngine2.java:595) [hadoop-common-3.3.6.jar:?]
	at org.apache.hadoop.ipc.ProtobufRpcEngine2$Server$ProtoBufRpcInvoker.call(ProtobufRpcEngine2.java:573) [hadoop-common-3.3.6.jar:?]
	at org.apache.hadoop.ipc.RPC$Server.call(RPC.java:1227) [hadoop-common-3.3.6.jar:?]
	at org.apache.hadoop.ipc.Server$RpcCall.run(Server.java:1094) [hadoop-common-3.3.6.jar:?]
	at org.apache.hadoop.ipc.Server$RpcCall.run(Server.java:1017) [hadoop-common-3.3.6.jar:?]
	at java.security.AccessController.doPrivileged(Native Method) ~[?:1.8.0_372]
	at javax.security.auth.Subject.doAs(Subject.java:422) [?:1.8.0_372]
	at org.apache.hadoop.security.UserGroupInformation.doAs(UserGroupInformation.java:1899) [hadoop-common-3.3.6.jar:?]
	at org.apache.hadoop.ipc.Server$Handler.run(Server.java:3048) [hadoop-common-3.3.6.jar:?]
10:56:57.158 [IPC Server handler 4 on default port 15057] ERROR OMAudit - user=runner | ip=127.0.0.1 | op=GET_FILE_STATUS {volume=volume90736, bucket=bucket48182, key=testBatchDelete/parent/child1, dataSize=0, replicationConfig=null} | ret=FAILURE
org.apache.hadoop.ozone.om.exceptions.OMException: Unable to get file status: volume: volume90736 bucket: bucket48182 key: testBatchDelete/parent/child1
	at org.apache.hadoop.ozone.om.KeyManagerImpl.getOzoneFileStatusFSO(KeyManagerImpl.java:1311) ~[ozone-manager-1.4.0-SNAPSHOT.jar:?]
	at org.apache.hadoop.ozone.om.KeyManagerImpl.getFileStatus(KeyManagerImpl.java:1102) ~[ozone-manager-1.4.0-SNAPSHOT.jar:?]
	at org.apache.hadoop.ozone.om.OmMetadataReader.getFileStatus(OmMetadataReader.java:262) ~[ozone-manager-1.4.0-SNAPSHOT.jar:?]
	at org.apache.hadoop.ozone.om.OzoneManager.getFileStatus(OzoneManager.java:3527) ~[ozone-manager-1.4.0-SNAPSHOT.jar:?]
	at org.apache.hadoop.ozone.protocolPB.OzoneManagerRequestHandler.getOzoneFileStatus(OzoneManagerRequestHandler.java:973) ~[ozone-manager-1.4.0-SNAPSHOT.jar:?]
	at org.apache.hadoop.ozone.protocolPB.OzoneManagerRequestHandler.handleReadRequest(OzoneManagerRequestHandler.java:252) ~[ozone-manager-1.4.0-SNAPSHOT.jar:?]
	at org.apache.hadoop.ozone.protocolPB.OzoneManagerProtocolServerSideTranslatorPB.submitRequestDirectlyToOM(OzoneManagerProtocolServerSideTranslatorPB.java:274) ~[ozone-manager-1.4.0-SNAPSHOT.jar:?]
	at org.apache.hadoop.ozone.protocolPB.OzoneManagerProtocolServerSideTranslatorPB.processRequest(OzoneManagerProtocolServerSideTranslatorPB.java:175) ~[ozone-manager-1.4.0-SNAPSHOT.jar:?]
	at org.apache.hadoop.hdds.server.OzoneProtocolMessageDispatcher.processRequest(OzoneProtocolMessageDispatcher.java:87) [hdds-server-framework-1.4.0-SNAPSHOT.jar:?]
	at org.apache.hadoop.ozone.protocolPB.OzoneManagerProtocolServerSideTranslatorPB.submitRequest(OzoneManagerProtocolServerSideTranslatorPB.java:148) [ozone-manager-1.4.0-SNAPSHOT.jar:?]
	at org.apache.hadoop.ozone.protocol.proto.OzoneManagerProtocolProtos$OzoneManagerService$2.callBlockingMethod(OzoneManagerProtocolProtos.java) [ozone-interface-client-1.4.0-SNAPSHOT.jar:?]
	at org.apache.hadoop.ipc.ProtobufRpcEngine$Server.processCall(ProtobufRpcEngine.java:484) [hadoop-common-3.3.6.jar:?]
	at org.apache.hadoop.ipc.ProtobufRpcEngine2$Server$ProtoBufRpcInvoker.call(ProtobufRpcEngine2.java:595) [hadoop-common-3.3.6.jar:?]
	at org.apache.hadoop.ipc.ProtobufRpcEngine2$Server$ProtoBufRpcInvoker.call(ProtobufRpcEngine2.java:573) [hadoop-common-3.3.6.jar:?]
	at org.apache.hadoop.ipc.RPC$Server.call(RPC.java:1227) [hadoop-common-3.3.6.jar:?]
	at org.apache.hadoop.ipc.Server$RpcCall.run(Server.java:1094) [hadoop-common-3.3.6.jar:?]
	at org.apache.hadoop.ipc.Server$RpcCall.run(Server.java:1017) [hadoop-common-3.3.6.jar:?]
	at java.security.AccessController.doPrivileged(Native Method) ~[?:1.8.0_372]
	at javax.security.auth.Subject.doAs(Subject.java:422) [?:1.8.0_372]
	at org.apache.hadoop.security.UserGroupInformation.doAs(UserGroupInformation.java:1899) [hadoop-common-3.3.6.jar:?]
	at org.apache.hadoop.ipc.Server$Handler.run(Server.java:3048) [hadoop-common-3.3.6.jar:?]
10:56:57.167 [IPC Server handler 10 on default port 15057] ERROR OMAudit - user=runner | ip=127.0.0.1 | op=GET_FILE_STATUS {volume=volume90736, bucket=bucket48182, key=testBatchDelete/parent/childFolder/child1, dataSize=0, replicationConfig=null} | ret=FAILURE
org.apache.hadoop.ozone.om.exceptions.OMException: Unable to get file status: volume: volume90736 bucket: bucket48182 key: testBatchDelete/parent/childFolder/child1
	at org.apache.hadoop.ozone.om.KeyManagerImpl.getOzoneFileStatusFSO(KeyManagerImpl.java:1311) ~[ozone-manager-1.4.0-SNAPSHOT.jar:?]
	at org.apache.hadoop.ozone.om.KeyManagerImpl.getFileStatus(KeyManagerImpl.java:1102) ~[ozone-manager-1.4.0-SNAPSHOT.jar:?]
	at org.apache.hadoop.ozone.om.OmMetadataReader.getFileStatus(OmMetadataReader.java:262) ~[ozone-manager-1.4.0-SNAPSHOT.jar:?]
	at org.apache.hadoop.ozone.om.OzoneManager.getFileStatus(OzoneManager.java:3527) ~[ozone-manager-1.4.0-SNAPSHOT.jar:?]
	at org.apache.hadoop.ozone.protocolPB.OzoneManagerRequestHandler.getOzoneFileStatus(OzoneManagerRequestHandler.java:973) ~[ozone-manager-1.4.0-SNAPSHOT.jar:?]
	at org.apache.hadoop.ozone.protocolPB.OzoneManagerRequestHandler.handleReadRequest(OzoneManagerRequestHandler.java:252) ~[ozone-manager-1.4.0-SNAPSHOT.jar:?]
	at org.apache.hadoop.ozone.protocolPB.OzoneManagerProtocolServerSideTranslatorPB.submitRequestDirectlyToOM(OzoneManagerProtocolServerSideTranslatorPB.java:274) ~[ozone-manager-1.4.0-SNAPSHOT.jar:?]
	at org.apache.hadoop.ozone.protocolPB.OzoneManagerProtocolServerSideTranslatorPB.processRequest(OzoneManagerProtocolServerSideTranslatorPB.java:175) ~[ozone-manager-1.4.0-SNAPSHOT.jar:?]
	at org.apache.hadoop.hdds.server.OzoneProtocolMessageDispatcher.processRequest(OzoneProtocolMessageDispatcher.java:87) [hdds-server-framework-1.4.0-SNAPSHOT.jar:?]
	at org.apache.hadoop.ozone.protocolPB.OzoneManagerProtocolServerSideTranslatorPB.submitRequest(OzoneManagerProtocolServerSideTranslatorPB.java:148) [ozone-manager-1.4.0-SNAPSHOT.jar:?]
	at org.apache.hadoop.ozone.protocol.proto.OzoneManagerProtocolProtos$OzoneManagerService$2.callBlockingMethod(OzoneManagerProtocolProtos.java) [ozone-interface-client-1.4.0-SNAPSHOT.jar:?]
	at org.apache.hadoop.ipc.ProtobufRpcEngine$Server.processCall(ProtobufRpcEngine.java:484) [hadoop-common-3.3.6.jar:?]
	at org.apache.hadoop.ipc.ProtobufRpcEngine2$Server$ProtoBufRpcInvoker.call(ProtobufRpcEngine2.java:595) [hadoop-common-3.3.6.jar:?]
	at org.apache.hadoop.ipc.ProtobufRpcEngine2$Server$ProtoBufRpcInvoker.call(ProtobufRpcEngine2.java:573) [hadoop-common-3.3.6.jar:?]
	at org.apache.hadoop.ipc.RPC$Server.call(RPC.java:1227) [hadoop-common-3.3.6.jar:?]
	at org.apache.hadoop.ipc.Server$RpcCall.run(Server.java:1094) [hadoop-common-3.3.6.jar:?]
	at org.apache.hadoop.ipc.Server$RpcCall.run(Server.java:1017) [hadoop-common-3.3.6.jar:?]
	at java.security.AccessController.doPrivileged(Native Method) ~[?:1.8.0_372]
	at javax.security.auth.Subject.doAs(Subject.java:422) [?:1.8.0_372]
	at org.apache.hadoop.security.UserGroupInformation.doAs(UserGroupInformation.java:1899) [hadoop-common-3.3.6.jar:?]
	at org.apache.hadoop.ipc.Server$Handler.run(Server.java:3048) [hadoop-common-3.3.6.jar:?]
10:56:57.168 [IPC Server handler 12 on default port 15057] ERROR OMAudit - user=runner | ip=127.0.0.1 | op=GET_FILE_STATUS {volume=volume90736, bucket=bucket48182, key=testBatchDelete/parent/child2, dataSize=0, replicationConfig=null} | ret=FAILURE
org.apache.hadoop.ozone.om.exceptions.OMException: Unable to get file status: volume: volume90736 bucket: bucket48182 key: testBatchDelete/parent/child2
	at org.apache.hadoop.ozone.om.KeyManagerImpl.getOzoneFileStatusFSO(KeyManagerImpl.java:1311) ~[ozone-manager-1.4.0-SNAPSHOT.jar:?]
	at org.apache.hadoop.ozone.om.KeyManagerImpl.getFileStatus(KeyManagerImpl.java:1102) ~[ozone-manager-1.4.0-SNAPSHOT.jar:?]
	at org.apache.hadoop.ozone.om.OmMetadataReader.getFileStatus(OmMetadataReader.java:262) ~[ozone-manager-1.4.0-SNAPSHOT.jar:?]
	at org.apache.hadoop.ozone.om.OzoneManager.getFileStatus(OzoneManager.java:3527) ~[ozone-manager-1.4.0-SNAPSHOT.jar:?]
	at org.apache.hadoop.ozone.protocolPB.OzoneManagerRequestHandler.getOzoneFileStatus(OzoneManagerRequestHandler.java:973) ~[ozone-manager-1.4.0-SNAPSHOT.jar:?]
	at org.apache.hadoop.ozone.protocolPB.OzoneManagerRequestHandler.handleReadRequest(OzoneManagerRequestHandler.java:252) ~[ozone-manager-1.4.0-SNAPSHOT.jar:?]
	at org.apache.hadoop.ozone.protocolPB.OzoneManagerProtocolServerSideTranslatorPB.submitRequestDirectlyToOM(OzoneManagerProtocolServerSideTranslatorPB.java:274) ~[ozone-manager-1.4.0-SNAPSHOT.jar:?]
	at org.apache.hadoop.ozone.protocolPB.OzoneManagerProtocolServerSideTranslatorPB.processRequest(OzoneManagerProtocolServerSideTranslatorPB.java:175) ~[ozone-manager-1.4.0-SNAPSHOT.jar:?]
	at org.apache.hadoop.hdds.server.OzoneProtocolMessageDispatcher.processRequest(OzoneProtocolMessageDispatcher.java:87) [hdds-server-framework-1.4.0-SNAPSHOT.jar:?]
	at org.apache.hadoop.ozone.protocolPB.OzoneManagerProtocolServerSideTranslatorPB.submitRequest(OzoneManagerProtocolServerSideTranslatorPB.java:148) [ozone-manager-1.4.0-SNAPSHOT.jar:?]
	at org.apache.hadoop.ozone.protocol.proto.OzoneManagerProtocolProtos$OzoneManagerService$2.callBlockingMethod(OzoneManagerProtocolProtos.java) [ozone-interface-client-1.4.0-SNAPSHOT.jar:?]
	at org.apache.hadoop.ipc.ProtobufRpcEngine$Server.processCall(ProtobufRpcEngine.java:484) [hadoop-common-3.3.6.jar:?]
	at org.apache.hadoop.ipc.ProtobufRpcEngine2$Server$ProtoBufRpcInvoker.call(ProtobufRpcEngine2.java:595) [hadoop-common-3.3.6.jar:?]
	at org.apache.hadoop.ipc.ProtobufRpcEngine2$Server$ProtoBufRpcInvoker.call(ProtobufRpcEngine2.java:573) [hadoop-common-3.3.6.jar:?]
	at org.apache.hadoop.ipc.RPC$Server.call(RPC.java:1227) [hadoop-common-3.3.6.jar:?]
	at org.apache.hadoop.ipc.Server$RpcCall.run(Server.java:1094) [hadoop-common-3.3.6.jar:?]
	at org.apache.hadoop.ipc.Server$RpcCall.run(Server.java:1017) [hadoop-common-3.3.6.jar:?]
	at java.security.AccessController.doPrivileged(Native Method) ~[?:1.8.0_372]
	at javax.security.auth.Subject.doAs(Subject.java:422) [?:1.8.0_372]
	at org.apache.hadoop.security.UserGroupInformation.doAs(UserGroupInformation.java:1899) [hadoop-common-3.3.6.jar:?]
	at org.apache.hadoop.ipc.Server$Handler.run(Server.java:3048) [hadoop-common-3.3.6.jar:?]
10:56:57.169 [IPC Server handler 14 on default port 15057] ERROR OMAudit - user=runner | ip=127.0.0.1 | op=GET_FILE_STATUS {volume=volume90736, bucket=bucket48182, key=testBatchDelete/parent/childFolder/child2, dataSize=0, replicationConfig=null} | ret=FAILURE
org.apache.hadoop.ozone.om.exceptions.OMException: Unable to get file status: volume: volume90736 bucket: bucket48182 key: testBatchDelete/parent/childFolder/child2
	at org.apache.hadoop.ozone.om.KeyManagerImpl.getOzoneFileStatusFSO(KeyManagerImpl.java:1311) ~[ozone-manager-1.4.0-SNAPSHOT.jar:?]
	at org.apache.hadoop.ozone.om.KeyManagerImpl.getFileStatus(KeyManagerImpl.java:1102) ~[ozone-manager-1.4.0-SNAPSHOT.jar:?]
	at org.apache.hadoop.ozone.om.OmMetadataReader.getFileStatus(OmMetadataReader.java:262) ~[ozone-manager-1.4.0-SNAPSHOT.jar:?]
	at org.apache.hadoop.ozone.om.OzoneManager.getFileStatus(OzoneManager.java:3527) ~[ozone-manager-1.4.0-SNAPSHOT.jar:?]
	at org.apache.hadoop.ozone.protocolPB.OzoneManagerRequestHandler.getOzoneFileStatus(OzoneManagerRequestHandler.java:973) ~[ozone-manager-1.4.0-SNAPSHOT.jar:?]
	at org.apache.hadoop.ozone.protocolPB.OzoneManagerRequestHandler.handleReadRequest(OzoneManagerRequestHandler.java:252) ~[ozone-manager-1.4.0-SNAPSHOT.jar:?]
	at org.apache.hadoop.ozone.protocolPB.OzoneManagerProtocolServerSideTranslatorPB.submitRequestDirectlyToOM(OzoneManagerProtocolServerSideTranslatorPB.java:274) ~[ozone-manager-1.4.0-SNAPSHOT.jar:?]
	at org.apache.hadoop.ozone.protocolPB.OzoneManagerProtocolServerSideTranslatorPB.processRequest(OzoneManagerProtocolServerSideTranslatorPB.java:175) ~[ozone-manager-1.4.0-SNAPSHOT.jar:?]
	at org.apache.hadoop.hdds.server.OzoneProtocolMessageDispatcher.processRequest(OzoneProtocolMessageDispatcher.java:87) [hdds-server-framework-1.4.0-SNAPSHOT.jar:?]
	at org.apache.hadoop.ozone.protocolPB.OzoneManagerProtocolServerSideTranslatorPB.submitRequest(OzoneManagerProtocolServerSideTranslatorPB.java:148) [ozone-manager-1.4.0-SNAPSHOT.jar:?]
	at org.apache.hadoop.ozone.protocol.proto.OzoneManagerProtocolProtos$OzoneManagerService$2.callBlockingMethod(OzoneManagerProtocolProtos.java) [ozone-interface-client-1.4.0-SNAPSHOT.jar:?]
	at org.apache.hadoop.ipc.ProtobufRpcEngine$Server.processCall(ProtobufRpcEngine.java:484) [hadoop-common-3.3.6.jar:?]
	at org.apache.hadoop.ipc.ProtobufRpcEngine2$Server$ProtoBufRpcInvoker.call(ProtobufRpcEngine2.java:595) [hadoop-common-3.3.6.jar:?]
	at org.apache.hadoop.ipc.ProtobufRpcEngine2$Server$ProtoBufRpcInvoker.call(ProtobufRpcEngine2.java:573) [hadoop-common-3.3.6.jar:?]
	at org.apache.hadoop.ipc.RPC$Server.call(RPC.java:1227) [hadoop-common-3.3.6.jar:?]
	at org.apache.hadoop.ipc.Server$RpcCall.run(Server.java:1094) [hadoop-common-3.3.6.jar:?]
	at org.apache.hadoop.ipc.Server$RpcCall.run(Server.java:1017) [hadoop-common-3.3.6.jar:?]
	at java.security.AccessController.doPrivileged(Native Method) ~[?:1.8.0_372]
	at javax.security.auth.Subject.doAs(Subject.java:422) [?:1.8.0_372]
	at org.apache.hadoop.security.UserGroupInformation.doAs(UserGroupInformation.java:1899) [hadoop-common-3.3.6.jar:?]
	at org.apache.hadoop.ipc.Server$Handler.run(Server.java:3048) [hadoop-common-3.3.6.jar:?]
10:56:57.171 [IPC Server handler 16 on default port 15057] ERROR OMAudit - user=runner | ip=127.0.0.1 | op=GET_FILE_STATUS {volume=volume90736, bucket=bucket48182, key=testBatchDelete/parent/child3, dataSize=0, replicationConfig=null} | ret=FAILURE
org.apache.hadoop.ozone.om.exceptions.OMException: Unable to get file status: volume: volume90736 bucket: bucket48182 key: testBatchDelete/parent/child3
	at org.apache.hadoop.ozone.om.KeyManagerImpl.getOzoneFileStatusFSO(KeyManagerImpl.java:1311) ~[ozone-manager-1.4.0-SNAPSHOT.jar:?]
	at org.apache.hadoop.ozone.om.KeyManagerImpl.getFileStatus(KeyManagerImpl.java:1102) ~[ozone-manager-1.4.0-SNAPSHOT.jar:?]
	at org.apache.hadoop.ozone.om.OmMetadataReader.getFileStatus(OmMetadataReader.java:262) ~[ozone-manager-1.4.0-SNAPSHOT.jar:?]
	at org.apache.hadoop.ozone.om.OzoneManager.getFileStatus(OzoneManager.java:3527) ~[ozone-manager-1.4.0-SNAPSHOT.jar:?]
	at org.apache.hadoop.ozone.protocolPB.OzoneManagerRequestHandler.getOzoneFileStatus(OzoneManagerRequestHandler.java:973) ~[ozone-manager-1.4.0-SNAPSHOT.jar:?]
	at org.apache.hadoop.ozone.protocolPB.OzoneManagerRequestHandler.handleReadRequest(OzoneManagerRequestHandler.java:252) ~[ozone-manager-1.4.0-SNAPSHOT.jar:?]
	at org.apache.hadoop.ozone.protocolPB.OzoneManagerProtocolServerSideTranslatorPB.submitRequestDirectlyToOM(OzoneManagerProtocolServerSideTranslatorPB.java:274) ~[ozone-manager-1.4.0-SNAPSHOT.jar:?]
	at org.apache.hadoop.ozone.protocolPB.OzoneManagerProtocolServerSideTranslatorPB.processRequest(OzoneManagerProtocolServerSideTranslatorPB.java:175) ~[ozone-manager-1.4.0-SNAPSHOT.jar:?]
	at org.apache.hadoop.hdds.server.OzoneProtocolMessageDispatcher.processRequest(OzoneProtocolMessageDispatcher.java:87) [hdds-server-framework-1.4.0-SNAPSHOT.jar:?]
	at org.apache.hadoop.ozone.protocolPB.OzoneManagerProtocolServerSideTranslatorPB.submitRequest(OzoneManagerProtocolServerSideTranslatorPB.java:148) [ozone-manager-1.4.0-SNAPSHOT.jar:?]
	at org.apache.hadoop.ozone.protocol.proto.OzoneManagerProtocolProtos$OzoneManagerService$2.callBlockingMethod(OzoneManagerProtocolProtos.java) [ozone-interface-client-1.4.0-SNAPSHOT.jar:?]
	at org.apache.hadoop.ipc.ProtobufRpcEngine$Server.processCall(ProtobufRpcEngine.java:484) [hadoop-common-3.3.6.jar:?]
	at org.apache.hadoop.ipc.ProtobufRpcEngine2$Server$ProtoBufRpcInvoker.call(ProtobufRpcEngine2.java:595) [hadoop-common-3.3.6.jar:?]
	at org.apache.hadoop.ipc.ProtobufRpcEngine2$Server$ProtoBufRpcInvoker.call(ProtobufRpcEngine2.java:573) [hadoop-common-3.3.6.jar:?]
	at org.apache.hadoop.ipc.RPC$Server.call(RPC.java:1227) [hadoop-common-3.3.6.jar:?]
	at org.apache.hadoop.ipc.Server$RpcCall.run(Server.java:1094) [hadoop-common-3.3.6.jar:?]
	at org.apache.hadoop.ipc.Server$RpcCall.run(Server.java:1017) [hadoop-common-3.3.6.jar:?]
	at java.security.AccessController.doPrivileged(Native Method) ~[?:1.8.0_372]
	at javax.security.auth.Subject.doAs(Subject.java:422) [?:1.8.0_372]
	at org.apache.hadoop.security.UserGroupInformation.doAs(UserGroupInformation.java:1899) [hadoop-common-3.3.6.jar:?]
	at org.apache.hadoop.ipc.Server$Handler.run(Server.java:3048) [hadoop-common-3.3.6.jar:?]
10:56:57.172 [IPC Server handler 15 on default port 15057] ERROR OMAudit - user=runner | ip=127.0.0.1 | op=GET_FILE_STATUS {volume=volume90736, bucket=bucket48182, key=testBatchDelete/parent/childFolder/child3, dataSize=0, replicationConfig=null} | ret=FAILURE
org.apache.hadoop.ozone.om.exceptions.OMException: Unable to get file status: volume: volume90736 bucket: bucket48182 key: testBatchDelete/parent/childFolder/child3
	at org.apache.hadoop.ozone.om.KeyManagerImpl.getOzoneFileStatusFSO(KeyManagerImpl.java:1311) ~[ozone-manager-1.4.0-SNAPSHOT.jar:?]
	at org.apache.hadoop.ozone.om.KeyManagerImpl.getFileStatus(KeyManagerImpl.java:1102) ~[ozone-manager-1.4.0-SNAPSHOT.jar:?]
	at org.apache.hadoop.ozone.om.OmMetadataReader.getFileStatus(OmMetadataReader.java:262) ~[ozone-manager-1.4.0-SNAPSHOT.jar:?]
	at org.apache.hadoop.ozone.om.OzoneManager.getFileStatus(OzoneManager.java:3527) ~[ozone-manager-1.4.0-SNAPSHOT.jar:?]
	at org.apache.hadoop.ozone.protocolPB.OzoneManagerRequestHandler.getOzoneFileStatus(OzoneManagerRequestHandler.java:973) ~[ozone-manager-1.4.0-SNAPSHOT.jar:?]
	at org.apache.hadoop.ozone.protocolPB.OzoneManagerRequestHandler.handleReadRequest(OzoneManagerRequestHandler.java:252) ~[ozone-manager-1.4.0-SNAPSHOT.jar:?]
	at org.apache.hadoop.ozone.protocolPB.OzoneManagerProtocolServerSideTranslatorPB.submitRequestDirectlyToOM(OzoneManagerProtocolServerSideTranslatorPB.java:274) ~[ozone-manager-1.4.0-SNAPSHOT.jar:?]
	at org.apache.hadoop.ozone.protocolPB.OzoneManagerProtocolServerSideTranslatorPB.processRequest(OzoneManagerProtocolServerSideTranslatorPB.java:175) ~[ozone-manager-1.4.0-SNAPSHOT.jar:?]
	at org.apache.hadoop.hdds.server.OzoneProtocolMessageDispatcher.processRequest(OzoneProtocolMessageDispatcher.java:87) [hdds-server-framework-1.4.0-SNAPSHOT.jar:?]
	at org.apache.hadoop.ozone.protocolPB.OzoneManagerProtocolServerSideTranslatorPB.submitRequest(OzoneManagerProtocolServerSideTranslatorPB.java:148) [ozone-manager-1.4.0-SNAPSHOT.jar:?]
	at org.apache.hadoop.ozone.protocol.proto.OzoneManagerProtocolProtos$OzoneManagerService$2.callBlockingMethod(OzoneManagerProtocolProtos.java) [ozone-interface-client-1.4.0-SNAPSHOT.jar:?]
	at org.apache.hadoop.ipc.ProtobufRpcEngine$Server.processCall(ProtobufRpcEngine.java:484) [hadoop-common-3.3.6.jar:?]
	at org.apache.hadoop.ipc.ProtobufRpcEngine2$Server$ProtoBufRpcInvoker.call(ProtobufRpcEngine2.java:595) [hadoop-common-3.3.6.jar:?]
	at org.apache.hadoop.ipc.ProtobufRpcEngine2$Server$ProtoBufRpcInvoker.call(ProtobufRpcEngine2.java:573) [hadoop-common-3.3.6.jar:?]
	at org.apache.hadoop.ipc.RPC$Server.call(RPC.java:1227) [hadoop-common-3.3.6.jar:?]
	at org.apache.hadoop.ipc.Server$RpcCall.run(Server.java:1094) [hadoop-common-3.3.6.jar:?]
	at org.apache.hadoop.ipc.Server$RpcCall.run(Server.java:1017) [hadoop-common-3.3.6.jar:?]
	at java.security.AccessController.doPrivileged(Native Method) ~[?:1.8.0_372]
	at javax.security.auth.Subject.doAs(Subject.java:422) [?:1.8.0_372]
	at org.apache.hadoop.security.UserGroupInformation.doAs(UserGroupInformation.java:1899) [hadoop-common-3.3.6.jar:?]
	at org.apache.hadoop.ipc.Server$Handler.run(Server.java:3048) [hadoop-common-3.3.6.jar:?]
10:56:57.173 [IPC Server handler 13 on default port 15057] ERROR OMAudit - user=runner | ip=127.0.0.1 | op=GET_FILE_STATUS {volume=volume90736, bucket=bucket48182, key=testBatchDelete/parent/child4, dataSize=0, replicationConfig=null} | ret=FAILURE
org.apache.hadoop.ozone.om.exceptions.OMException: Unable to get file status: volume: volume90736 bucket: bucket48182 key: testBatchDelete/parent/child4
	at org.apache.hadoop.ozone.om.KeyManagerImpl.getOzoneFileStatusFSO(KeyManagerImpl.java:1311) ~[ozone-manager-1.4.0-SNAPSHOT.jar:?]
	at org.apache.hadoop.ozone.om.KeyManagerImpl.getFileStatus(KeyManagerImpl.java:1102) ~[ozone-manager-1.4.0-SNAPSHOT.jar:?]
	at org.apache.hadoop.ozone.om.OmMetadataReader.getFileStatus(OmMetadataReader.java:262) ~[ozone-manager-1.4.0-SNAPSHOT.jar:?]
	at org.apache.hadoop.ozone.om.OzoneManager.getFileStatus(OzoneManager.java:3527) ~[ozone-manager-1.4.0-SNAPSHOT.jar:?]
	at org.apache.hadoop.ozone.protocolPB.OzoneManagerRequestHandler.getOzoneFileStatus(OzoneManagerRequestHandler.java:973) ~[ozone-manager-1.4.0-SNAPSHOT.jar:?]
	at org.apache.hadoop.ozone.protocolPB.OzoneManagerRequestHandler.handleReadRequest(OzoneManagerRequestHandler.java:252) ~[ozone-manager-1.4.0-SNAPSHOT.jar:?]
	at org.apache.hadoop.ozone.protocolPB.OzoneManagerProtocolServerSideTranslatorPB.submitRequestDirectlyToOM(OzoneManagerProtocolServerSideTranslatorPB.java:274) ~[ozone-manager-1.4.0-SNAPSHOT.jar:?]
	at org.apache.hadoop.ozone.protocolPB.OzoneManagerProtocolServerSideTranslatorPB.processRequest(OzoneManagerProtocolServerSideTranslatorPB.java:175) ~[ozone-manager-1.4.0-SNAPSHOT.jar:?]
	at org.apache.hadoop.hdds.server.OzoneProtocolMessageDispatcher.processRequest(OzoneProtocolMessageDispatcher.java:87) [hdds-server-framework-1.4.0-SNAPSHOT.jar:?]
	at org.apache.hadoop.ozone.protocolPB.OzoneManagerProtocolServerSideTranslatorPB.submitRequest(OzoneManagerProtocolServerSideTranslatorPB.java:148) [ozone-manager-1.4.0-SNAPSHOT.jar:?]
	at org.apache.hadoop.ozone.protocol.proto.OzoneManagerProtocolProtos$OzoneManagerService$2.callBlockingMethod(OzoneManagerProtocolProtos.java) [ozone-interface-client-1.4.0-SNAPSHOT.jar:?]
	at org.apache.hadoop.ipc.ProtobufRpcEngine$Server.processCall(ProtobufRpcEngine.java:484) [hadoop-common-3.3.6.jar:?]
	at org.apache.hadoop.ipc.ProtobufRpcEngine2$Server$ProtoBufRpcInvoker.call(ProtobufRpcEngine2.java:595) [hadoop-common-3.3.6.jar:?]
	at org.apache.hadoop.ipc.ProtobufRpcEngine2$Server$ProtoBufRpcInvoker.call(ProtobufRpcEngine2.java:573) [hadoop-common-3.3.6.jar:?]
	at org.apache.hadoop.ipc.RPC$Server.call(RPC.java:1227) [hadoop-common-3.3.6.jar:?]
	at org.apache.hadoop.ipc.Server$RpcCall.run(Server.java:1094) [hadoop-common-3.3.6.jar:?]
	at org.apache.hadoop.ipc.Server$RpcCall.run(Server.java:1017) [hadoop-common-3.3.6.jar:?]
	at java.security.AccessController.doPrivileged(Native Method) ~[?:1.8.0_372]
	at javax.security.auth.Subject.doAs(Subject.java:422) [?:1.8.0_372]
	at org.apache.hadoop.security.UserGroupInformation.doAs(UserGroupInformation.java:1899) [hadoop-common-3.3.6.jar:?]
	at org.apache.hadoop.ipc.Server$Handler.run(Server.java:3048) [hadoop-common-3.3.6.jar:?]
10:56:57.178 [IPC Server handler 18 on default port 15057] ERROR OMAudit - user=runner | ip=127.0.0.1 | op=GET_FILE_STATUS {volume=volume90736, bucket=bucket48182, key=testBatchDelete/parent/childFolder/child4, dataSize=0, replicationConfig=null} | ret=FAILURE
org.apache.hadoop.ozone.om.exceptions.OMException: Unable to get file status: volume: volume90736 bucket: bucket48182 key: testBatchDelete/parent/childFolder/child4
	at org.apache.hadoop.ozone.om.KeyManagerImpl.getOzoneFileStatusFSO(KeyManagerImpl.java:1311) ~[ozone-manager-1.4.0-SNAPSHOT.jar:?]
	at org.apache.hadoop.ozone.om.KeyManagerImpl.getFileStatus(KeyManagerImpl.java:1102) ~[ozone-manager-1.4.0-SNAPSHOT.jar:?]
	at org.apache.hadoop.ozone.om.OmMetadataReader.getFileStatus(OmMetadataReader.java:262) ~[ozone-manager-1.4.0-SNAPSHOT.jar:?]
	at org.apache.hadoop.ozone.om.OzoneManager.getFileStatus(OzoneManager.java:3527) ~[ozone-manager-1.4.0-SNAPSHOT.jar:?]
	at org.apache.hadoop.ozone.protocolPB.OzoneManagerRequestHandler.getOzoneFileStatus(OzoneManagerRequestHandler.java:973) ~[ozone-manager-1.4.0-SNAPSHOT.jar:?]
	at org.apache.hadoop.ozone.protocolPB.OzoneManagerRequestHandler.handleReadRequest(OzoneManagerRequestHandler.java:252) ~[ozone-manager-1.4.0-SNAPSHOT.jar:?]
	at org.apache.hadoop.ozone.protocolPB.OzoneManagerProtocolServerSideTranslatorPB.submitRequestDirectlyToOM(OzoneManagerProtocolServerSideTranslatorPB.java:274) ~[ozone-manager-1.4.0-SNAPSHOT.jar:?]
	at org.apache.hadoop.ozone.protocolPB.OzoneManagerProtocolServerSideTranslatorPB.processRequest(OzoneManagerProtocolServerSideTranslatorPB.java:175) ~[ozone-manager-1.4.0-SNAPSHOT.jar:?]
	at org.apache.hadoop.hdds.server.OzoneProtocolMessageDispatcher.processRequest(OzoneProtocolMessageDispatcher.java:87) [hdds-server-framework-1.4.0-SNAPSHOT.jar:?]
	at org.apache.hadoop.ozone.protocolPB.OzoneManagerProtocolServerSideTranslatorPB.submitRequest(OzoneManagerProtocolServerSideTranslatorPB.java:148) [ozone-manager-1.4.0-SNAPSHOT.jar:?]
	at org.apache.hadoop.ozone.protocol.proto.OzoneManagerProtocolProtos$OzoneManagerService$2.callBlockingMethod(OzoneManagerProtocolProtos.java) [ozone-interface-client-1.4.0-SNAPSHOT.jar:?]
	at org.apache.hadoop.ipc.ProtobufRpcEngine$Server.processCall(ProtobufRpcEngine.java:484) [hadoop-common-3.3.6.jar:?]
	at org.apache.hadoop.ipc.ProtobufRpcEngine2$Server$ProtoBufRpcInvoker.call(ProtobufRpcEngine2.java:595) [hadoop-common-3.3.6.jar:?]
	at org.apache.hadoop.ipc.ProtobufRpcEngine2$Server$ProtoBufRpcInvoker.call(ProtobufRpcEngine2.java:573) [hadoop-common-3.3.6.jar:?]
	at org.apache.hadoop.ipc.RPC$Server.call(RPC.java:1227) [hadoop-common-3.3.6.jar:?]
	at org.apache.hadoop.ipc.Server$RpcCall.run(Server.java:1094) [hadoop-common-3.3.6.jar:?]
	at org.apache.hadoop.ipc.Server$RpcCall.run(Server.java:1017) [hadoop-common-3.3.6.jar:?]
	at java.security.AccessController.doPrivileged(Native Method) ~[?:1.8.0_372]
	at javax.security.auth.Subject.doAs(Subject.java:422) [?:1.8.0_372]
	at org.apache.hadoop.security.UserGroupInformation.doAs(UserGroupInformation.java:1899) [hadoop-common-3.3.6.jar:?]
	at org.apache.hadoop.ipc.Server$Handler.run(Server.java:3048) [hadoop-common-3.3.6.jar:?]
10:56:57.179 [IPC Server handler 17 on default port 15057] ERROR OMAudit - user=runner | ip=127.0.0.1 | op=GET_FILE_STATUS {volume=volume90736, bucket=bucket48182, key=testBatchDelete/parent/child5, dataSize=0, replicationConfig=null} | ret=FAILURE
org.apache.hadoop.ozone.om.exceptions.OMException: Unable to get file status: volume: volume90736 bucket: bucket48182 key: testBatchDelete/parent/child5
	at org.apache.hadoop.ozone.om.KeyManagerImpl.getOzoneFileStatusFSO(KeyManagerImpl.java:1311) ~[ozone-manager-1.4.0-SNAPSHOT.jar:?]
	at org.apache.hadoop.ozone.om.KeyManagerImpl.getFileStatus(KeyManagerImpl.java:1102) ~[ozone-manager-1.4.0-SNAPSHOT.jar:?]
	at org.apache.hadoop.ozone.om.OmMetadataReader.getFileStatus(OmMetadataReader.java:262) ~[ozone-manager-1.4.0-SNAPSHOT.jar:?]
	at org.apache.hadoop.ozone.om.OzoneManager.getFileStatus(OzoneManager.java:3527) ~[ozone-manager-1.4.0-SNAPSHOT.jar:?]
	at org.apache.hadoop.ozone.protocolPB.OzoneManagerRequestHandler.getOzoneFileStatus(OzoneManagerRequestHandler.java:973) ~[ozone-manager-1.4.0-SNAPSHOT.jar:?]
	at org.apache.hadoop.ozone.protocolPB.OzoneManagerRequestHandler.handleReadRequest(OzoneManagerRequestHandler.java:252) ~[ozone-manager-1.4.0-SNAPSHOT.jar:?]
	at org.apache.hadoop.ozone.protocolPB.OzoneManagerProtocolServerSideTranslatorPB.submitRequestDirectlyToOM(OzoneManagerProtocolServerSideTranslatorPB.java:274) ~[ozone-manager-1.4.0-SNAPSHOT.jar:?]
	at org.apache.hadoop.ozone.protocolPB.OzoneManagerProtocolServerSideTranslatorPB.processRequest(OzoneManagerProtocolServerSideTranslatorPB.java:175) ~[ozone-manager-1.4.0-SNAPSHOT.jar:?]
	at org.apache.hadoop.hdds.server.OzoneProtocolMessageDispatcher.processRequest(OzoneProtocolMessageDispatcher.java:87) [hdds-server-framework-1.4.0-SNAPSHOT.jar:?]
	at org.apache.hadoop.ozone.protocolPB.OzoneManagerProtocolServerSideTranslatorPB.submitRequest(OzoneManagerProtocolServerSideTranslatorPB.java:148) [ozone-manager-1.4.0-SNAPSHOT.jar:?]
	at org.apache.hadoop.ozone.protocol.proto.OzoneManagerProtocolProtos$OzoneManagerService$2.callBlockingMethod(OzoneManagerProtocolProtos.java) [ozone-interface-client-1.4.0-SNAPSHOT.jar:?]
	at org.apache.hadoop.ipc.ProtobufRpcEngine$Server.processCall(ProtobufRpcEngine.java:484) [hadoop-common-3.3.6.jar:?]
	at org.apache.hadoop.ipc.ProtobufRpcEngine2$Server$ProtoBufRpcInvoker.call(ProtobufRpcEngine2.java:595) [hadoop-common-3.3.6.jar:?]
	at org.apache.hadoop.ipc.ProtobufRpcEngine2$Server$ProtoBufRpcInvoker.call(ProtobufRpcEngine2.java:573) [hadoop-common-3.3.6.jar:?]
	at org.apache.hadoop.ipc.RPC$Server.call(RPC.java:1227) [hadoop-common-3.3.6.jar:?]
	at org.apache.hadoop.ipc.Server$RpcCall.run(Server.java:1094) [hadoop-common-3.3.6.jar:?]
	at org.apache.hadoop.ipc.Server$RpcCall.run(Server.java:1017) [hadoop-common-3.3.6.jar:?]
	at java.security.AccessController.doPrivileged(Native Method) ~[?:1.8.0_372]
	at javax.security.auth.Subject.doAs(Subject.java:422) [?:1.8.0_372]
	at org.apache.hadoop.security.UserGroupInformation.doAs(UserGroupInformation.java:1899) [hadoop-common-3.3.6.jar:?]
	at org.apache.hadoop.ipc.Server$Handler.run(Server.java:3048) [hadoop-common-3.3.6.jar:?]
10:56:57.180 [IPC Server handler 19 on default port 15057] ERROR OMAudit - user=runner | ip=127.0.0.1 | op=GET_FILE_STATUS {volume=volume90736, bucket=bucket48182, key=testBatchDelete/parent/childFolder/child5, dataSize=0, replicationConfig=null} | ret=FAILURE
org.apache.hadoop.ozone.om.exceptions.OMException: Unable to get file status: volume: volume90736 bucket: bucket48182 key: testBatchDelete/parent/childFolder/child5
	at org.apache.hadoop.ozone.om.KeyManagerImpl.getOzoneFileStatusFSO(KeyManagerImpl.java:1311) ~[ozone-manager-1.4.0-SNAPSHOT.jar:?]
	at org.apache.hadoop.ozone.om.KeyManagerImpl.getFileStatus(KeyManagerImpl.java:1102) ~[ozone-manager-1.4.0-SNAPSHOT.jar:?]
	at org.apache.hadoop.ozone.om.OmMetadataReader.getFileStatus(OmMetadataReader.java:262) ~[ozone-manager-1.4.0-SNAPSHOT.jar:?]
	at org.apache.hadoop.ozone.om.OzoneManager.getFileStatus(OzoneManager.java:3527) ~[ozone-manager-1.4.0-SNAPSHOT.jar:?]
	at org.apache.hadoop.ozone.protocolPB.OzoneManagerRequestHandler.getOzoneFileStatus(OzoneManagerRequestHandler.java:973) ~[ozone-manager-1.4.0-SNAPSHOT.jar:?]
	at org.apache.hadoop.ozone.protocolPB.OzoneManagerRequestHandler.handleReadRequest(OzoneManagerRequestHandler.java:252) ~[ozone-manager-1.4.0-SNAPSHOT.jar:?]
	at org.apache.hadoop.ozone.protocolPB.OzoneManagerProtocolServerSideTranslatorPB.submitRequestDirectlyToOM(OzoneManagerProtocolServerSideTranslatorPB.java:274) ~[ozone-manager-1.4.0-SNAPSHOT.jar:?]
	at org.apache.hadoop.ozone.protocolPB.OzoneManagerProtocolServerSideTranslatorPB.processRequest(OzoneManagerProtocolServerSideTranslatorPB.java:175) ~[ozone-manager-1.4.0-SNAPSHOT.jar:?]
	at org.apache.hadoop.hdds.server.OzoneProtocolMessageDispatcher.processRequest(OzoneProtocolMessageDispatcher.java:87) [hdds-server-framework-1.4.0-SNAPSHOT.jar:?]
	at org.apache.hadoop.ozone.protocolPB.OzoneManagerProtocolServerSideTranslatorPB.submitRequest(OzoneManagerProtocolServerSideTranslatorPB.java:148) [ozone-manager-1.4.0-SNAPSHOT.jar:?]
	at org.apache.hadoop.ozone.protocol.proto.OzoneManagerProtocolProtos$OzoneManagerService$2.callBlockingMethod(OzoneManagerProtocolProtos.java) [ozone-interface-client-1.4.0-SNAPSHOT.jar:?]
	at org.apache.hadoop.ipc.ProtobufRpcEngine$Server.processCall(ProtobufRpcEngine.java:484) [hadoop-common-3.3.6.jar:?]
	at org.apache.hadoop.ipc.ProtobufRpcEngine2$Server$ProtoBufRpcInvoker.call(ProtobufRpcEngine2.java:595) [hadoop-common-3.3.6.jar:?]
	at org.apache.hadoop.ipc.ProtobufRpcEngine2$Server$ProtoBufRpcInvoker.call(ProtobufRpcEngine2.java:573) [hadoop-common-3.3.6.jar:?]
	at org.apache.hadoop.ipc.RPC$Server.call(RPC.java:1227) [hadoop-common-3.3.6.jar:?]
	at org.apache.hadoop.ipc.Server$RpcCall.run(Server.java:1094) [hadoop-common-3.3.6.jar:?]
	at org.apache.hadoop.ipc.Server$RpcCall.run(Server.java:1017) [hadoop-common-3.3.6.jar:?]
	at java.security.AccessController.doPrivileged(Native Method) ~[?:1.8.0_372]
	at javax.security.auth.Subject.doAs(Subject.java:422) [?:1.8.0_372]
	at org.apache.hadoop.security.UserGroupInformation.doAs(UserGroupInformation.java:1899) [hadoop-common-3.3.6.jar:?]
	at org.apache.hadoop.ipc.Server$Handler.run(Server.java:3048) [hadoop-common-3.3.6.jar:?]
10:56:57.181 [IPC Server handler 1 on default port 15057] ERROR OMAudit - user=runner | ip=127.0.0.1 | op=GET_FILE_STATUS {volume=volume90736, bucket=bucket48182, key=testBatchDelete/parent/child6, dataSize=0, replicationConfig=null} | ret=FAILURE
org.apache.hadoop.ozone.om.exceptions.OMException: Unable to get file status: volume: volume90736 bucket: bucket48182 key: testBatchDelete/parent/child6
	at org.apache.hadoop.ozone.om.KeyManagerImpl.getOzoneFileStatusFSO(KeyManagerImpl.java:1311) ~[ozone-manager-1.4.0-SNAPSHOT.jar:?]
	at org.apache.hadoop.ozone.om.KeyManagerImpl.getFileStatus(KeyManagerImpl.java:1102) ~[ozone-manager-1.4.0-SNAPSHOT.jar:?]
	at org.apache.hadoop.ozone.om.OmMetadataReader.getFileStatus(OmMetadataReader.java:262) ~[ozone-manager-1.4.0-SNAPSHOT.jar:?]
	at org.apache.hadoop.ozone.om.OzoneManager.getFileStatus(OzoneManager.java:3527) ~[ozone-manager-1.4.0-SNAPSHOT.jar:?]
	at org.apache.hadoop.ozone.protocolPB.OzoneManagerRequestHandler.getOzoneFileStatus(OzoneManagerRequestHandler.java:973) ~[ozone-manager-1.4.0-SNAPSHOT.jar:?]
	at org.apache.hadoop.ozone.protocolPB.OzoneManagerRequestHandler.handleReadRequest(OzoneManagerRequestHandler.java:252) ~[ozone-manager-1.4.0-SNAPSHOT.jar:?]
	at org.apache.hadoop.ozone.protocolPB.OzoneManagerProtocolServerSideTranslatorPB.submitRequestDirectlyToOM(OzoneManagerProtocolServerSideTranslatorPB.java:274) ~[ozone-manager-1.4.0-SNAPSHOT.jar:?]
	at org.apache.hadoop.ozone.protocolPB.OzoneManagerProtocolServerSideTranslatorPB.processRequest(OzoneManagerProtocolServerSideTranslatorPB.java:175) ~[ozone-manager-1.4.0-SNAPSHOT.jar:?]
	at org.apache.hadoop.hdds.server.OzoneProtocolMessageDispatcher.processRequest(OzoneProtocolMessageDispatcher.java:87) [hdds-server-framework-1.4.0-SNAPSHOT.jar:?]
	at org.apache.hadoop.ozone.protocolPB.OzoneManagerProtocolServerSideTranslatorPB.submitRequest(OzoneManagerProtocolServerSideTranslatorPB.java:148) [ozone-manager-1.4.0-SNAPSHOT.jar:?]
	at org.apache.hadoop.ozone.protocol.proto.OzoneManagerProtocolProtos$OzoneManagerService$2.callBlockingMethod(OzoneManagerProtocolProtos.java) [ozone-interface-client-1.4.0-SNAPSHOT.jar:?]
	at org.apache.hadoop.ipc.ProtobufRpcEngine$Server.processCall(ProtobufRpcEngine.java:484) [hadoop-common-3.3.6.jar:?]
	at org.apache.hadoop.ipc.ProtobufRpcEngine2$Server$ProtoBufRpcInvoker.call(ProtobufRpcEngine2.java:595) [hadoop-common-3.3.6.jar:?]
	at org.apache.hadoop.ipc.ProtobufRpcEngine2$Server$ProtoBufRpcInvoker.call(ProtobufRpcEngine2.java:573) [hadoop-common-3.3.6.jar:?]
	at org.apache.hadoop.ipc.RPC$Server.call(RPC.java:1227) [hadoop-common-3.3.6.jar:?]
	at org.apache.hadoop.ipc.Server$RpcCall.run(Server.java:1094) [hadoop-common-3.3.6.jar:?]
	at org.apache.hadoop.ipc.Server$RpcCall.run(Server.java:1017) [hadoop-common-3.3.6.jar:?]
	at java.security.AccessController.doPrivileged(Native Method) ~[?:1.8.0_372]
	at javax.security.auth.Subject.doAs(Subject.java:422) [?:1.8.0_372]
	at org.apache.hadoop.security.UserGroupInformation.doAs(UserGroupInformation.java:1899) [hadoop-common-3.3.6.jar:?]
	at org.apache.hadoop.ipc.Server$Handler.run(Server.java:3048) [hadoop-common-3.3.6.jar:?]
10:56:57.182 [IPC Server handler 6 on default port 15057] ERROR OMAudit - user=runner | ip=127.0.0.1 | op=GET_FILE_STATUS {volume=volume90736, bucket=bucket48182, key=testBatchDelete/parent/childFolder/child6, dataSize=0, replicationConfig=null} | ret=FAILURE
org.apache.hadoop.ozone.om.exceptions.OMException: Unable to get file status: volume: volume90736 bucket: bucket48182 key: testBatchDelete/parent/childFolder/child6
	at org.apache.hadoop.ozone.om.KeyManagerImpl.getOzoneFileStatusFSO(KeyManagerImpl.java:1311) ~[ozone-manager-1.4.0-SNAPSHOT.jar:?]
	at org.apache.hadoop.ozone.om.KeyManagerImpl.getFileStatus(KeyManagerImpl.java:1102) ~[ozone-manager-1.4.0-SNAPSHOT.jar:?]
	at org.apache.hadoop.ozone.om.OmMetadataReader.getFileStatus(OmMetadataReader.java:262) ~[ozone-manager-1.4.0-SNAPSHOT.jar:?]
	at org.apache.hadoop.ozone.om.OzoneManager.getFileStatus(OzoneManager.java:3527) ~[ozone-manager-1.4.0-SNAPSHOT.jar:?]
	at org.apache.hadoop.ozone.protocolPB.OzoneManagerRequestHandler.getOzoneFileStatus(OzoneManagerRequestHandler.java:973) ~[ozone-manager-1.4.0-SNAPSHOT.jar:?]
	at org.apache.hadoop.ozone.protocolPB.OzoneManagerRequestHandler.handleReadRequest(OzoneManagerRequestHandler.java:252) ~[ozone-manager-1.4.0-SNAPSHOT.jar:?]
	at org.apache.hadoop.ozone.protocolPB.OzoneManagerProtocolServerSideTranslatorPB.submitRequestDirectlyToOM(OzoneManagerProtocolServerSideTranslatorPB.java:274) ~[ozone-manager-1.4.0-SNAPSHOT.jar:?]
	at org.apache.hadoop.ozone.protocolPB.OzoneManagerProtocolServerSideTranslatorPB.processRequest(OzoneManagerProtocolServerSideTranslatorPB.java:175) ~[ozone-manager-1.4.0-SNAPSHOT.jar:?]
	at org.apache.hadoop.hdds.server.OzoneProtocolMessageDispatcher.processRequest(OzoneProtocolMessageDispatcher.java:87) [hdds-server-framework-1.4.0-SNAPSHOT.jar:?]
	at org.apache.hadoop.ozone.protocolPB.OzoneManagerProtocolServerSideTranslatorPB.submitRequest(OzoneManagerProtocolServerSideTranslatorPB.java:148) [ozone-manager-1.4.0-SNAPSHOT.jar:?]
	at org.apache.hadoop.ozone.protocol.proto.OzoneManagerProtocolProtos$OzoneManagerService$2.callBlockingMethod(OzoneManagerProtocolProtos.java) [ozone-interface-client-1.4.0-SNAPSHOT.jar:?]
	at org.apache.hadoop.ipc.ProtobufRpcEngine$Server.processCall(ProtobufRpcEngine.java:484) [hadoop-common-3.3.6.jar:?]
	at org.apache.hadoop.ipc.ProtobufRpcEngine2$Server$ProtoBufRpcInvoker.call(ProtobufRpcEngine2.java:595) [hadoop-common-3.3.6.jar:?]
	at org.apache.hadoop.ipc.ProtobufRpcEngine2$Server$ProtoBufRpcInvoker.call(ProtobufRpcEngine2.java:573) [hadoop-common-3.3.6.jar:?]
	at org.apache.hadoop.ipc.RPC$Server.call(RPC.java:1227) [hadoop-common-3.3.6.jar:?]
	at org.apache.hadoop.ipc.Server$RpcCall.run(Server.java:1094) [hadoop-common-3.3.6.jar:?]
	at org.apache.hadoop.ipc.Server$RpcCall.run(Server.java:1017) [hadoop-common-3.3.6.jar:?]
	at java.security.AccessController.doPrivileged(Native Method) ~[?:1.8.0_372]
	at javax.security.auth.Subject.doAs(Subject.java:422) [?:1.8.0_372]
	at org.apache.hadoop.security.UserGroupInformation.doAs(UserGroupInformation.java:1899) [hadoop-common-3.3.6.jar:?]
	at org.apache.hadoop.ipc.Server$Handler.run(Server.java:3048) [hadoop-common-3.3.6.jar:?]
10:56:57.183 [IPC Server handler 7 on default port 15057] ERROR OMAudit - user=runner | ip=127.0.0.1 | op=GET_FILE_STATUS {volume=volume90736, bucket=bucket48182, key=testBatchDelete/parent/child7, dataSize=0, replicationConfig=null} | ret=FAILURE
org.apache.hadoop.ozone.om.exceptions.OMException: Unable to get file status: volume: volume90736 bucket: bucket48182 key: testBatchDelete/parent/child7
	at org.apache.hadoop.ozone.om.KeyManagerImpl.getOzoneFileStatusFSO(KeyManagerImpl.java:1311) ~[ozone-manager-1.4.0-SNAPSHOT.jar:?]
	at org.apache.hadoop.ozone.om.KeyManagerImpl.getFileStatus(KeyManagerImpl.java:1102) ~[ozone-manager-1.4.0-SNAPSHOT.jar:?]
	at org.apache.hadoop.ozone.om.OmMetadataReader.getFileStatus(OmMetadataReader.java:262) ~[ozone-manager-1.4.0-SNAPSHOT.jar:?]
	at org.apache.hadoop.ozone.om.OzoneManager.getFileStatus(OzoneManager.java:3527) ~[ozone-manager-1.4.0-SNAPSHOT.jar:?]
	at org.apache.hadoop.ozone.protocolPB.OzoneManagerRequestHandler.getOzoneFileStatus(OzoneManagerRequestHandler.java:973) ~[ozone-manager-1.4.0-SNAPSHOT.jar:?]
	at org.apache.hadoop.ozone.protocolPB.OzoneManagerRequestHandler.handleReadRequest(OzoneManagerRequestHandler.java:252) ~[ozone-manager-1.4.0-SNAPSHOT.jar:?]
	at org.apache.hadoop.ozone.protocolPB.OzoneManagerProtocolServerSideTranslatorPB.submitRequestDirectlyToOM(OzoneManagerProtocolServerSideTranslatorPB.java:274) ~[ozone-manager-1.4.0-SNAPSHOT.jar:?]
	at org.apache.hadoop.ozone.protocolPB.OzoneManagerProtocolServerSideTranslatorPB.processRequest(OzoneManagerProtocolServerSideTranslatorPB.java:175) ~[ozone-manager-1.4.0-SNAPSHOT.jar:?]
	at org.apache.hadoop.hdds.server.OzoneProtocolMessageDispatcher.processRequest(OzoneProtocolMessageDispatcher.java:87) [hdds-server-framework-1.4.0-SNAPSHOT.jar:?]
	at org.apache.hadoop.ozone.protocolPB.OzoneManagerProtocolServerSideTranslatorPB.submitRequest(OzoneManagerProtocolServerSideTranslatorPB.java:148) [ozone-manager-1.4.0-SNAPSHOT.jar:?]
	at org.apache.hadoop.ozone.protocol.proto.OzoneManagerProtocolProtos$OzoneManagerService$2.callBlockingMethod(OzoneManagerProtocolProtos.java) [ozone-interface-client-1.4.0-SNAPSHOT.jar:?]
	at org.apache.hadoop.ipc.ProtobufRpcEngine$Server.processCall(ProtobufRpcEngine.java:484) [hadoop-common-3.3.6.jar:?]
	at org.apache.hadoop.ipc.ProtobufRpcEngine2$Server$ProtoBufRpcInvoker.call(ProtobufRpcEngine2.java:595) [hadoop-common-3.3.6.jar:?]
	at org.apache.hadoop.ipc.ProtobufRpcEngine2$Server$ProtoBufRpcInvoker.call(ProtobufRpcEngine2.java:573) [hadoop-common-3.3.6.jar:?]
	at org.apache.hadoop.ipc.RPC$Server.call(RPC.java:1227) [hadoop-common-3.3.6.jar:?]
	at org.apache.hadoop.ipc.Server$RpcCall.run(Server.java:1094) [hadoop-common-3.3.6.jar:?]
	at org.apache.hadoop.ipc.Server$RpcCall.run(Server.java:1017) [hadoop-common-3.3.6.jar:?]
	at java.security.AccessController.doPrivileged(Native Method) ~[?:1.8.0_372]
	at javax.security.auth.Subject.doAs(Subject.java:422) [?:1.8.0_372]
	at org.apache.hadoop.security.UserGroupInformation.doAs(UserGroupInformation.java:1899) [hadoop-common-3.3.6.jar:?]
	at org.apache.hadoop.ipc.Server$Handler.run(Server.java:3048) [hadoop-common-3.3.6.jar:?]
10:56:57.186 [IPC Server handler 8 on default port 15057] ERROR OMAudit - user=runner | ip=127.0.0.1 | op=GET_FILE_STATUS {volume=volume90736, bucket=bucket48182, key=testBatchDelete/parent/childFolder/child7, dataSize=0, replicationConfig=null} | ret=FAILURE
org.apache.hadoop.ozone.om.exceptions.OMException: Unable to get file status: volume: volume90736 bucket: bucket48182 key: testBatchDelete/parent/childFolder/child7
	at org.apache.hadoop.ozone.om.KeyManagerImpl.getOzoneFileStatusFSO(KeyManagerImpl.java:1311) ~[ozone-manager-1.4.0-SNAPSHOT.jar:?]
	at org.apache.hadoop.ozone.om.KeyManagerImpl.getFileStatus(KeyManagerImpl.java:1102) ~[ozone-manager-1.4.0-SNAPSHOT.jar:?]
	at org.apache.hadoop.ozone.om.OmMetadataReader.getFileStatus(OmMetadataReader.java:262) ~[ozone-manager-1.4.0-SNAPSHOT.jar:?]
	at org.apache.hadoop.ozone.om.OzoneManager.getFileStatus(OzoneManager.java:3527) ~[ozone-manager-1.4.0-SNAPSHOT.jar:?]
	at org.apache.hadoop.ozone.protocolPB.OzoneManagerRequestHandler.getOzoneFileStatus(OzoneManagerRequestHandler.java:973) ~[ozone-manager-1.4.0-SNAPSHOT.jar:?]
	at org.apache.hadoop.ozone.protocolPB.OzoneManagerRequestHandler.handleReadRequest(OzoneManagerRequestHandler.java:252) ~[ozone-manager-1.4.0-SNAPSHOT.jar:?]
	at org.apache.hadoop.ozone.protocolPB.OzoneManagerProtocolServerSideTranslatorPB.submitRequestDirectlyToOM(OzoneManagerProtocolServerSideTranslatorPB.java:274) ~[ozone-manager-1.4.0-SNAPSHOT.jar:?]
	at org.apache.hadoop.ozone.protocolPB.OzoneManagerProtocolServerSideTranslatorPB.processRequest(OzoneManagerProtocolServerSideTranslatorPB.java:175) ~[ozone-manager-1.4.0-SNAPSHOT.jar:?]
	at org.apache.hadoop.hdds.server.OzoneProtocolMessageDispatcher.processRequest(OzoneProtocolMessageDispatcher.java:87) [hdds-server-framework-1.4.0-SNAPSHOT.jar:?]
	at org.apache.hadoop.ozone.protocolPB.OzoneManagerProtocolServerSideTranslatorPB.submitRequest(OzoneManagerProtocolServerSideTranslatorPB.java:148) [ozone-manager-1.4.0-SNAPSHOT.jar:?]
	at org.apache.hadoop.ozone.protocol.proto.OzoneManagerProtocolProtos$OzoneManagerService$2.callBlockingMethod(OzoneManagerProtocolProtos.java) [ozone-interface-client-1.4.0-SNAPSHOT.jar:?]
	at org.apache.hadoop.ipc.ProtobufRpcEngine$Server.processCall(ProtobufRpcEngine.java:484) [hadoop-common-3.3.6.jar:?]
	at org.apache.hadoop.ipc.ProtobufRpcEngine2$Server$ProtoBufRpcInvoker.call(ProtobufRpcEngine2.java:595) [hadoop-common-3.3.6.jar:?]
	at org.apache.hadoop.ipc.ProtobufRpcEngine2$Server$ProtoBufRpcInvoker.call(ProtobufRpcEngine2.java:573) [hadoop-common-3.3.6.jar:?]
	at org.apache.hadoop.ipc.RPC$Server.call(RPC.java:1227) [hadoop-common-3.3.6.jar:?]
	at org.apache.hadoop.ipc.Server$RpcCall.run(Server.java:1094) [hadoop-common-3.3.6.jar:?]
	at org.apache.hadoop.ipc.Server$RpcCall.run(Server.java:1017) [hadoop-common-3.3.6.jar:?]
	at java.security.AccessController.doPrivileged(Native Method) ~[?:1.8.0_372]
	at javax.security.auth.Subject.doAs(Subject.java:422) [?:1.8.0_372]
	at org.apache.hadoop.security.UserGroupInformation.doAs(UserGroupInformation.java:1899) [hadoop-common-3.3.6.jar:?]
	at org.apache.hadoop.ipc.Server$Handler.run(Server.java:3048) [hadoop-common-3.3.6.jar:?]
10:56:57.187 [IPC Server handler 9 on default port 15057] ERROR OMAudit - user=runner | ip=127.0.0.1 | op=DELETE_KEY {volume=volume90736, bucket=bucket48182, key=testBatchDelete/parent, dataSize=0, replicationType=NONE, replicationFactor=ZERO} | ret=FAILURE
org.apache.hadoop.ozone.om.exceptions.OMException: Unable to get file status: volume: volume90736 bucket: bucket48182 key: testBatchDelete/parent
	at org.apache.hadoop.ozone.om.OzonePrefixPathImpl.<init>(OzonePrefixPathImpl.java:67) ~[ozone-manager-1.4.0-SNAPSHOT.jar:?]
	at org.apache.hadoop.ozone.om.request.OMClientRequest.checkACLsWithFSO(OMClientRequest.java:240) ~[ozone-manager-1.4.0-SNAPSHOT.jar:?]
	at org.apache.hadoop.ozone.om.request.key.OMKeyDeleteRequestWithFSO.validateAndUpdateCache(OMKeyDeleteRequestWithFSO.java:102) ~[ozone-manager-1.4.0-SNAPSHOT.jar:?]
	at org.apache.hadoop.ozone.protocolPB.OzoneManagerRequestHandler.handleWriteRequest(OzoneManagerRequestHandler.java:375) ~[ozone-manager-1.4.0-SNAPSHOT.jar:?]
	at org.apache.hadoop.ozone.protocolPB.OzoneManagerProtocolServerSideTranslatorPB.submitRequestDirectlyToOM(OzoneManagerProtocolServerSideTranslatorPB.java:280) ~[ozone-manager-1.4.0-SNAPSHOT.jar:?]
	at org.apache.hadoop.ozone.protocolPB.OzoneManagerProtocolServerSideTranslatorPB.processRequest(OzoneManagerProtocolServerSideTranslatorPB.java:175) ~[ozone-manager-1.4.0-SNAPSHOT.jar:?]
	at org.apache.hadoop.hdds.server.OzoneProtocolMessageDispatcher.processRequest(OzoneProtocolMessageDispatcher.java:87) [hdds-server-framework-1.4.0-SNAPSHOT.jar:?]
	at org.apache.hadoop.ozone.protocolPB.OzoneManagerProtocolServerSideTranslatorPB.submitRequest(OzoneManagerProtocolServerSideTranslatorPB.java:148) [ozone-manager-1.4.0-SNAPSHOT.jar:?]
	at org.apache.hadoop.ozone.protocol.proto.OzoneManagerProtocolProtos$OzoneManagerService$2.callBlockingMethod(OzoneManagerProtocolProtos.java) [ozone-interface-client-1.4.0-SNAPSHOT.jar:?]
	at org.apache.hadoop.ipc.ProtobufRpcEngine$Server.processCall(ProtobufRpcEngine.java:484) [hadoop-common-3.3.6.jar:?]
	at org.apache.hadoop.ipc.ProtobufRpcEngine2$Server$ProtoBufRpcInvoker.call(ProtobufRpcEngine2.java:595) [hadoop-common-3.3.6.jar:?]
	at org.apache.hadoop.ipc.ProtobufRpcEngine2$Server$ProtoBufRpcInvoker.call(ProtobufRpcEngine2.java:573) [hadoop-common-3.3.6.jar:?]
	at org.apache.hadoop.ipc.RPC$Server.call(RPC.java:1227) [hadoop-common-3.3.6.jar:?]
	at org.apache.hadoop.ipc.Server$RpcCall.run(Server.java:1094) [hadoop-common-3.3.6.jar:?]
	at org.apache.hadoop.ipc.Server$RpcCall.run(Server.java:1017) [hadoop-common-3.3.6.jar:?]
	at java.security.AccessController.doPrivileged(Native Method) ~[?:1.8.0_372]
	at javax.security.auth.Subject.doAs(Subject.java:422) [?:1.8.0_372]
	at org.apache.hadoop.security.UserGroupInformation.doAs(UserGroupInformation.java:1899) [hadoop-common-3.3.6.jar:?]
	at org.apache.hadoop.ipc.Server$Handler.run(Server.java:3048) [hadoop-common-3.3.6.jar:?]
2023-07-25 10:56:57,188 [IPC Server handler 9 on default port 15057] ERROR key.OMKeyDeleteRequestWithFSO (OMKeyDeleteRequestWithFSO.java:validateAndUpdateCache(200)) - Key delete failed. Volume:volume90736, Bucket:bucket48182, Key:testBatchDelete/parent.
KEY_NOT_FOUND org.apache.hadoop.ozone.om.exceptions.OMException: Unable to get file status: volume: volume90736 bucket: bucket48182 key: testBatchDelete/parent
	at org.apache.hadoop.ozone.om.OzonePrefixPathImpl.<init>(OzonePrefixPathImpl.java:67)
	at org.apache.hadoop.ozone.om.request.OMClientRequest.checkACLsWithFSO(OMClientRequest.java:240)
	at org.apache.hadoop.ozone.om.request.key.OMKeyDeleteRequestWithFSO.validateAndUpdateCache(OMKeyDeleteRequestWithFSO.java:102)
	at org.apache.hadoop.ozone.protocolPB.OzoneManagerRequestHandler.handleWriteRequest(OzoneManagerRequestHandler.java:375)
	at org.apache.hadoop.ozone.protocolPB.OzoneManagerProtocolServerSideTranslatorPB.submitRequestDirectlyToOM(OzoneManagerProtocolServerSideTranslatorPB.java:280)
	at org.apache.hadoop.ozone.protocolPB.OzoneManagerProtocolServerSideTranslatorPB.processRequest(OzoneManagerProtocolServerSideTranslatorPB.java:175)
	at org.apache.hadoop.hdds.server.OzoneProtocolMessageDispatcher.processRequest(OzoneProtocolMessageDispatcher.java:87)
	at org.apache.hadoop.ozone.protocolPB.OzoneManagerProtocolServerSideTranslatorPB.submitRequest(OzoneManagerProtocolServerSideTranslatorPB.java:148)
	at org.apache.hadoop.ozone.protocol.proto.OzoneManagerProtocolProtos$OzoneManagerService$2.callBlockingMethod(OzoneManagerProtocolProtos.java)
	at org.apache.hadoop.ipc.ProtobufRpcEngine$Server.processCall(ProtobufRpcEngine.java:484)
	at org.apache.hadoop.ipc.ProtobufRpcEngine2$Server$ProtoBufRpcInvoker.call(ProtobufRpcEngine2.java:595)
	at org.apache.hadoop.ipc.ProtobufRpcEngine2$Server$ProtoBufRpcInvoker.call(ProtobufRpcEngine2.java:573)
	at org.apache.hadoop.ipc.RPC$Server.call(RPC.java:1227)
	at org.apache.hadoop.ipc.Server$RpcCall.run(Server.java:1094)
	at org.apache.hadoop.ipc.Server$RpcCall.run(Server.java:1017)
	at java.security.AccessController.doPrivileged(Native Method)
	at javax.security.auth.Subject.doAs(Subject.java:422)
	at org.apache.hadoop.security.UserGroupInformation.doAs(UserGroupInformation.java:1899)
	at org.apache.hadoop.ipc.Server$Handler.run(Server.java:3048)
2023-07-25 10:56:57,191 [Time-limited test] ERROR ozone.BasicOzoneClientAdapterImpl (BasicOzoneClientAdapterImpl.java:deleteObject(360)) - delete key failed Unable to get file status: volume: volume90736 bucket: bucket48182 key: testBatchDelete/parent
]]></system-out>
  </testcase>
  <testcase name="testListStatusIteratorOnPageSize" classname="TestOzoneFileSystemWithFSO" time="44.885">
    <system-out><![CDATA[2023-07-25 10:55:53,004 [JvmPauseMonitor1] WARN  util.JvmPauseMonitor (JvmPauseMonitor.java:detectPause(124)) - JvmPauseMonitor-om1: Detected pause in JVM or host machine approximately 0.126s with 0.166s GC time.
GC pool 'PS Scavenge' had collection(s): count=1 time=166ms
2023-07-25 10:55:53,009 [JvmPauseMonitor3] WARN  util.JvmPauseMonitor (JvmPauseMonitor.java:detectPause(124)) - JvmPauseMonitor-a4e02de4-0a57-448c-8e91-91a041d5e72b: Detected pause in JVM or host machine approximately 0.129s with 0.166s GC time.
GC pool 'PS Scavenge' had collection(s): count=1 time=166ms
2023-07-25 10:55:53,009 [JvmPauseMonitor6] WARN  util.JvmPauseMonitor (JvmPauseMonitor.java:detectPause(124)) - JvmPauseMonitor-87a8a85d-028f-41d9-845c-5fb83f876637: Detected pause in JVM or host machine approximately 0.126s with 0.166s GC time.
GC pool 'PS Scavenge' had collection(s): count=1 time=166ms
2023-07-25 10:55:53,004 [JvmPauseMonitor0] WARN  util.JvmPauseMonitor (JvmPauseMonitor.java:detectPause(124)) - JvmPauseMonitor-74952708-3439-44db-b96c-8ed9eb973400: Detected pause in JVM or host machine approximately 0.129s with 0.166s GC time.
GC pool 'PS Scavenge' had collection(s): count=1 time=166ms
2023-07-25 10:55:53,004 [JvmPauseMonitor5] WARN  util.JvmPauseMonitor (JvmPauseMonitor.java:detectPause(124)) - JvmPauseMonitor-f263b8be-c5cb-46a8-8a56-20deb1bbcbcc: Detected pause in JVM or host machine approximately 0.123s with 0.166s GC time.
GC pool 'PS Scavenge' had collection(s): count=1 time=166ms
2023-07-25 10:55:53,012 [JvmPauseMonitor2] WARN  util.JvmPauseMonitor (JvmPauseMonitor.java:detectPause(124)) - JvmPauseMonitor-d61495e8-faf1-4655-91e1-42a45bad4237: Detected pause in JVM or host machine approximately 0.126s with 0.166s GC time.
GC pool 'PS Scavenge' had collection(s): count=1 time=166ms
2023-07-25 10:56:13,992 [IPC Server handler 7 on default port 15001] INFO  ha.SequenceIdGenerator (SequenceIdGenerator.java:getNextId(140)) - Allocate a batch for delTxnId, change lastId from 0 to 1000.
2023-07-25 10:56:17,537 [BlockDeletingService#0] INFO  interfaces.ContainerDeletionChoosingPolicyTemplate (ContainerDeletionChoosingPolicyTemplate.java:chooseContainerForBlockDeletion(83)) - Chosen 0/5000 blocks from 0 candidate containers.
2023-07-25 10:56:17,985 [KeyDeletingService#0] INFO  utils.BackgroundService (AbstractKeyDeletingService.java:optimizeDirDeletesAndSubmitRequest(437)) - Number of dirs deleted: 4656, Number of sub-dir deleted: 69, Number of sub-files moved: 59 to DeletedTable, Number of sub-dirs moved 0 to DeletedDirectoryTable, iteration elapsed: 4188ms, totalRunCount: 1
2023-07-25 10:56:18,008 [BlockDeletingService#0] INFO  interfaces.ContainerDeletionChoosingPolicyTemplate (ContainerDeletionChoosingPolicyTemplate.java:chooseContainerForBlockDeletion(83)) - Chosen 0/5000 blocks from 0 candidate containers.
2023-07-25 10:56:18,299 [JvmPauseMonitor3] WARN  util.JvmPauseMonitor (JvmPauseMonitor.java:detectPause(124)) - JvmPauseMonitor-a4e02de4-0a57-448c-8e91-91a041d5e72b: Detected pause in JVM or host machine approximately 0.211s with 0.227s GC time.
GC pool 'PS Scavenge' had collection(s): count=1 time=227ms
2023-07-25 10:56:18,300 [JvmPauseMonitor4] WARN  util.JvmPauseMonitor (JvmPauseMonitor.java:detectPause(124)) - JvmPauseMonitor-558084a2-61c9-4ed7-bb35-b0adeee70698: Detected pause in JVM or host machine approximately 0.211s with 0.227s GC time.
GC pool 'PS Scavenge' had collection(s): count=1 time=227ms
2023-07-25 10:56:18,300 [JvmPauseMonitor5] WARN  util.JvmPauseMonitor (JvmPauseMonitor.java:detectPause(124)) - JvmPauseMonitor-f263b8be-c5cb-46a8-8a56-20deb1bbcbcc: Detected pause in JVM or host machine approximately 0.230s with 0.227s GC time.
GC pool 'PS Scavenge' had collection(s): count=1 time=227ms
2023-07-25 10:56:18,300 [JvmPauseMonitor2] WARN  util.JvmPauseMonitor (JvmPauseMonitor.java:detectPause(124)) - JvmPauseMonitor-d61495e8-faf1-4655-91e1-42a45bad4237: Detected pause in JVM or host machine approximately 0.231s with 0.227s GC time.
GC pool 'PS Scavenge' had collection(s): count=1 time=227ms
2023-07-25 10:56:18,300 [JvmPauseMonitor6] WARN  util.JvmPauseMonitor (JvmPauseMonitor.java:detectPause(124)) - JvmPauseMonitor-87a8a85d-028f-41d9-845c-5fb83f876637: Detected pause in JVM or host machine approximately 0.231s with 0.227s GC time.
GC pool 'PS Scavenge' had collection(s): count=1 time=227ms
2023-07-25 10:56:18,300 [JvmPauseMonitor1] WARN  util.JvmPauseMonitor (JvmPauseMonitor.java:detectPause(124)) - JvmPauseMonitor-om1: Detected pause in JVM or host machine approximately 0.231s with 0.227s GC time.
GC pool 'PS Scavenge' had collection(s): count=1 time=227ms
2023-07-25 10:56:18,301 [JvmPauseMonitor0] WARN  util.JvmPauseMonitor (JvmPauseMonitor.java:detectPause(124)) - JvmPauseMonitor-74952708-3439-44db-b96c-8ed9eb973400: Detected pause in JVM or host machine approximately 0.231s with 0.227s GC time.
GC pool 'PS Scavenge' had collection(s): count=1 time=227ms
2023-07-25 10:56:18,443 [BlockDeletingService#0] INFO  interfaces.ContainerDeletionChoosingPolicyTemplate (ContainerDeletionChoosingPolicyTemplate.java:chooseContainerForBlockDeletion(83)) - Chosen 0/5000 blocks from 0 candidate containers.
2023-07-25 10:56:18,844 [BlockDeletingService#0] INFO  interfaces.ContainerDeletionChoosingPolicyTemplate (ContainerDeletionChoosingPolicyTemplate.java:chooseContainerForBlockDeletion(83)) - Chosen 0/5000 blocks from 0 candidate containers.
2023-07-25 10:56:19,304 [BlockDeletingService#0] INFO  interfaces.ContainerDeletionChoosingPolicyTemplate (ContainerDeletionChoosingPolicyTemplate.java:chooseContainerForBlockDeletion(83)) - Chosen 0/5000 blocks from 0 candidate containers.
]]></system-out>
  </testcase>
  <testcase name="testListStatusIteratorOnPageSize" classname="TestOzoneFileSystemWithFSO" time="27.076">
    <system-out><![CDATA[2023-07-25 10:57:01,773 [JvmPauseMonitor7] WARN  util.JvmPauseMonitor (JvmPauseMonitor.java:detectPause(124)) - JvmPauseMonitor-b5673863-f046-4cb9-ad6a-d384f1f73a6e: Detected pause in JVM or host machine approximately 0.605s with 1.063s GC time.
GC pool 'PS MarkSweep' had collection(s): count=1 time=713ms
GC pool 'PS Scavenge' had collection(s): count=1 time=350ms
2023-07-25 10:57:01,774 [JvmPauseMonitor13] WARN  util.JvmPauseMonitor (JvmPauseMonitor.java:detectPause(124)) - JvmPauseMonitor-818707a6-4adf-4ab4-8830-ca289259fe44: Detected pause in JVM or host machine approximately 0.654s with 1.063s GC time.
GC pool 'PS MarkSweep' had collection(s): count=1 time=713ms
GC pool 'PS Scavenge' had collection(s): count=1 time=350ms
2023-07-25 10:57:01,774 [JvmPauseMonitor9] WARN  util.JvmPauseMonitor (JvmPauseMonitor.java:detectPause(124)) - JvmPauseMonitor-2ac24d38-c694-40fc-bc53-1be83d90b269: Detected pause in JVM or host machine approximately 0.657s with 1.063s GC time.
GC pool 'PS MarkSweep' had collection(s): count=1 time=713ms
GC pool 'PS Scavenge' had collection(s): count=1 time=350ms
2023-07-25 10:57:01,774 [JvmPauseMonitor8] WARN  util.JvmPauseMonitor (JvmPauseMonitor.java:detectPause(124)) - JvmPauseMonitor-4084ad88-36d8-4679-b3dd-169a098c489e: Detected pause in JVM or host machine approximately 0.658s with 1.063s GC time.
GC pool 'PS MarkSweep' had collection(s): count=1 time=713ms
GC pool 'PS Scavenge' had collection(s): count=1 time=350ms
2023-07-25 10:57:01,775 [JvmPauseMonitor10] WARN  util.JvmPauseMonitor (JvmPauseMonitor.java:detectPause(124)) - JvmPauseMonitor-ab2ae7ff-5675-45b3-bfb0-4ee1241a3635: Detected pause in JVM or host machine approximately 0.855s with 1.063s GC time.
GC pool 'PS MarkSweep' had collection(s): count=1 time=713ms
GC pool 'PS Scavenge' had collection(s): count=1 time=350ms
2023-07-25 10:57:01,778 [JvmPauseMonitor11] WARN  util.JvmPauseMonitor (JvmPauseMonitor.java:detectPause(124)) - JvmPauseMonitor-2333f530-c3e7-4f84-815f-5beaea2403db: Detected pause in JVM or host machine approximately 0.964s with 1.063s GC time.
GC pool 'PS MarkSweep' had collection(s): count=1 time=713ms
GC pool 'PS Scavenge' had collection(s): count=1 time=350ms
2023-07-25 10:57:01,782 [JvmPauseMonitor12] WARN  util.JvmPauseMonitor (JvmPauseMonitor.java:detectPause(124)) - JvmPauseMonitor-5afa7191-cd14-4635-a86c-27235fe9851c: Detected pause in JVM or host machine approximately 1.089s with 1.063s GC time.
GC pool 'PS MarkSweep' had collection(s): count=1 time=713ms
GC pool 'PS Scavenge' had collection(s): count=1 time=350ms
]]></system-out>
  </testcase>
  <testcase name="testRenameToTrashEnabled" classname="TestOzoneFileSystemWithFSO" time="0.169">
    <system-out><![CDATA[10:56:24.691 [IPC Server handler 11 on default port 15004] ERROR OMAudit - user=runner | ip=127.0.0.1 | op=GET_FILE_STATUS {volume=volume25555, bucket=bucket68101, key=.Trash/runner/Current/testKey1, dataSize=0, replicationConfig=null} | ret=FAILURE
org.apache.hadoop.ozone.om.exceptions.OMException: Unable to get file status: volume: volume25555 bucket: bucket68101 key: .Trash/runner/Current/testKey1
	at org.apache.hadoop.ozone.om.KeyManagerImpl.getOzoneFileStatusFSO(KeyManagerImpl.java:1311) ~[ozone-manager-1.4.0-SNAPSHOT.jar:?]
	at org.apache.hadoop.ozone.om.KeyManagerImpl.getFileStatus(KeyManagerImpl.java:1102) ~[ozone-manager-1.4.0-SNAPSHOT.jar:?]
	at org.apache.hadoop.ozone.om.OmMetadataReader.getFileStatus(OmMetadataReader.java:262) ~[ozone-manager-1.4.0-SNAPSHOT.jar:?]
	at org.apache.hadoop.ozone.om.OzoneManager.getFileStatus(OzoneManager.java:3527) ~[ozone-manager-1.4.0-SNAPSHOT.jar:?]
	at org.apache.hadoop.ozone.protocolPB.OzoneManagerRequestHandler.getOzoneFileStatus(OzoneManagerRequestHandler.java:973) ~[ozone-manager-1.4.0-SNAPSHOT.jar:?]
	at org.apache.hadoop.ozone.protocolPB.OzoneManagerRequestHandler.handleReadRequest(OzoneManagerRequestHandler.java:252) ~[ozone-manager-1.4.0-SNAPSHOT.jar:?]
	at org.apache.hadoop.ozone.protocolPB.OzoneManagerProtocolServerSideTranslatorPB.submitReadRequestToOM(OzoneManagerProtocolServerSideTranslatorPB.java:225) ~[ozone-manager-1.4.0-SNAPSHOT.jar:?]
	at org.apache.hadoop.ozone.protocolPB.OzoneManagerProtocolServerSideTranslatorPB.processRequest(OzoneManagerProtocolServerSideTranslatorPB.java:179) ~[ozone-manager-1.4.0-SNAPSHOT.jar:?]
	at org.apache.hadoop.hdds.server.OzoneProtocolMessageDispatcher.processRequest(OzoneProtocolMessageDispatcher.java:87) [hdds-server-framework-1.4.0-SNAPSHOT.jar:?]
	at org.apache.hadoop.ozone.protocolPB.OzoneManagerProtocolServerSideTranslatorPB.submitRequest(OzoneManagerProtocolServerSideTranslatorPB.java:148) [ozone-manager-1.4.0-SNAPSHOT.jar:?]
	at org.apache.hadoop.ozone.protocol.proto.OzoneManagerProtocolProtos$OzoneManagerService$2.callBlockingMethod(OzoneManagerProtocolProtos.java) [ozone-interface-client-1.4.0-SNAPSHOT.jar:?]
	at org.apache.hadoop.ipc.ProtobufRpcEngine$Server.processCall(ProtobufRpcEngine.java:484) [hadoop-common-3.3.6.jar:?]
	at org.apache.hadoop.ipc.ProtobufRpcEngine2$Server$ProtoBufRpcInvoker.call(ProtobufRpcEngine2.java:595) [hadoop-common-3.3.6.jar:?]
	at org.apache.hadoop.ipc.ProtobufRpcEngine2$Server$ProtoBufRpcInvoker.call(ProtobufRpcEngine2.java:573) [hadoop-common-3.3.6.jar:?]
	at org.apache.hadoop.ipc.RPC$Server.call(RPC.java:1227) [hadoop-common-3.3.6.jar:?]
	at org.apache.hadoop.ipc.Server$RpcCall.run(Server.java:1094) [hadoop-common-3.3.6.jar:?]
	at org.apache.hadoop.ipc.Server$RpcCall.run(Server.java:1017) [hadoop-common-3.3.6.jar:?]
	at java.security.AccessController.doPrivileged(Native Method) ~[?:1.8.0_372]
	at javax.security.auth.Subject.doAs(Subject.java:422) [?:1.8.0_372]
	at org.apache.hadoop.security.UserGroupInformation.doAs(UserGroupInformation.java:1899) [hadoop-common-3.3.6.jar:?]
	at org.apache.hadoop.ipc.Server$Handler.run(Server.java:3048) [hadoop-common-3.3.6.jar:?]
2023-07-25 10:56:24,696 [Time-limited test] INFO  om.TrashPolicyOzone (TrashPolicyOzone.java:moveToTrash(209)) - Moved: '/testKey1' to trash at: /.Trash/runner/Current/testKey1
]]></system-out>
  </testcase>
  <testcase name="testRenameToTrashEnabled" classname="TestOzoneFileSystemWithFSO" time="0.207">
    <system-out><![CDATA[10:57:24.462 [IPC Server handler 14 on default port 15057] ERROR OMAudit - user=runner | ip=127.0.0.1 | op=GET_FILE_STATUS {volume=volume90736, bucket=bucket48182, key=.Trash/runner/Current/testKey1, dataSize=0, replicationConfig=null} | ret=FAILURE
org.apache.hadoop.ozone.om.exceptions.OMException: Unable to get file status: volume: volume90736 bucket: bucket48182 key: .Trash/runner/Current/testKey1
	at org.apache.hadoop.ozone.om.KeyManagerImpl.getOzoneFileStatusFSO(KeyManagerImpl.java:1311) ~[ozone-manager-1.4.0-SNAPSHOT.jar:?]
	at org.apache.hadoop.ozone.om.KeyManagerImpl.getFileStatus(KeyManagerImpl.java:1102) ~[ozone-manager-1.4.0-SNAPSHOT.jar:?]
	at org.apache.hadoop.ozone.om.OmMetadataReader.getFileStatus(OmMetadataReader.java:262) ~[ozone-manager-1.4.0-SNAPSHOT.jar:?]
	at org.apache.hadoop.ozone.om.OzoneManager.getFileStatus(OzoneManager.java:3527) ~[ozone-manager-1.4.0-SNAPSHOT.jar:?]
	at org.apache.hadoop.ozone.protocolPB.OzoneManagerRequestHandler.getOzoneFileStatus(OzoneManagerRequestHandler.java:973) ~[ozone-manager-1.4.0-SNAPSHOT.jar:?]
	at org.apache.hadoop.ozone.protocolPB.OzoneManagerRequestHandler.handleReadRequest(OzoneManagerRequestHandler.java:252) ~[ozone-manager-1.4.0-SNAPSHOT.jar:?]
	at org.apache.hadoop.ozone.protocolPB.OzoneManagerProtocolServerSideTranslatorPB.submitRequestDirectlyToOM(OzoneManagerProtocolServerSideTranslatorPB.java:274) ~[ozone-manager-1.4.0-SNAPSHOT.jar:?]
	at org.apache.hadoop.ozone.protocolPB.OzoneManagerProtocolServerSideTranslatorPB.processRequest(OzoneManagerProtocolServerSideTranslatorPB.java:175) ~[ozone-manager-1.4.0-SNAPSHOT.jar:?]
	at org.apache.hadoop.hdds.server.OzoneProtocolMessageDispatcher.processRequest(OzoneProtocolMessageDispatcher.java:87) [hdds-server-framework-1.4.0-SNAPSHOT.jar:?]
	at org.apache.hadoop.ozone.protocolPB.OzoneManagerProtocolServerSideTranslatorPB.submitRequest(OzoneManagerProtocolServerSideTranslatorPB.java:148) [ozone-manager-1.4.0-SNAPSHOT.jar:?]
	at org.apache.hadoop.ozone.protocol.proto.OzoneManagerProtocolProtos$OzoneManagerService$2.callBlockingMethod(OzoneManagerProtocolProtos.java) [ozone-interface-client-1.4.0-SNAPSHOT.jar:?]
	at org.apache.hadoop.ipc.ProtobufRpcEngine$Server.processCall(ProtobufRpcEngine.java:484) [hadoop-common-3.3.6.jar:?]
	at org.apache.hadoop.ipc.ProtobufRpcEngine2$Server$ProtoBufRpcInvoker.call(ProtobufRpcEngine2.java:595) [hadoop-common-3.3.6.jar:?]
	at org.apache.hadoop.ipc.ProtobufRpcEngine2$Server$ProtoBufRpcInvoker.call(ProtobufRpcEngine2.java:573) [hadoop-common-3.3.6.jar:?]
	at org.apache.hadoop.ipc.RPC$Server.call(RPC.java:1227) [hadoop-common-3.3.6.jar:?]
	at org.apache.hadoop.ipc.Server$RpcCall.run(Server.java:1094) [hadoop-common-3.3.6.jar:?]
	at org.apache.hadoop.ipc.Server$RpcCall.run(Server.java:1017) [hadoop-common-3.3.6.jar:?]
	at java.security.AccessController.doPrivileged(Native Method) ~[?:1.8.0_372]
	at javax.security.auth.Subject.doAs(Subject.java:422) [?:1.8.0_372]
	at org.apache.hadoop.security.UserGroupInformation.doAs(UserGroupInformation.java:1899) [hadoop-common-3.3.6.jar:?]
	at org.apache.hadoop.ipc.Server$Handler.run(Server.java:3048) [hadoop-common-3.3.6.jar:?]
2023-07-25 10:57:24,466 [Time-limited test] INFO  om.TrashPolicyOzone (TrashPolicyOzone.java:moveToTrash(209)) - Moved: '/testKey1' to trash at: /.Trash/runner/Current/testKey1
]]></system-out>
  </testcase>
  <testcase name="testRenameSourceAndDestinAreSame" classname="TestOzoneFileSystemWithFSO" time="0.021"/>
  <testcase name="testRenameSourceAndDestinAreSame" classname="TestOzoneFileSystemWithFSO" time="0.018"/>
  <testcase name="testListStatusIteratorWithDir" classname="TestOzoneFileSystemWithFSO" time="0.052"/>
  <testcase name="testListStatusIteratorWithDir" classname="TestOzoneFileSystemWithFSO" time="0.043"/>
  <testcase name="testFileSystemDeclaresCapability" classname="TestOzoneFileSystemWithFSO" time="0.007"/>
  <testcase name="testFileSystemDeclaresCapability" classname="TestOzoneFileSystemWithFSO" time="0.004"/>
  <testcase name="testCreateKeyShouldUseRefreshedBucketReplicationConfig" classname="TestOzoneFileSystemWithFSO" time="0.471">
    <system-out><![CDATA[2023-07-25 10:56:24,838 [Time-limited test] INFO  rpc.RpcClient (RpcClient.java:createVolume(460)) - Creating Volume: volume76719, with user65107 as owner and space quota set to -1 bytes, counts quota set to -1
2023-07-25 10:56:24,857 [OM StateMachine ApplyTransaction Thread - 0] INFO  volume.OMVolumeCreateRequest (OMVolumeCreateRequest.java:validateAndUpdateCache(196)) - created volume:volume76719 for user:user65107
2023-07-25 10:56:24,861 [Time-limited test] INFO  rpc.RpcClient (RpcClient.java:createBucket(687)) - Creating Bucket: volume76719/bucket41500, with bucket layout FILE_SYSTEM_OPTIMIZED, runner as owner, Versioning false, Storage Type set to DISK and Encryption set to false, Replication Type set to server-side default replication type, Namespace Quota set to -1, Space Quota set to -1 
2023-07-25 10:56:24,864 [OM StateMachine ApplyTransaction Thread - 0] INFO  bucket.OMBucketCreateRequest (OMBucketCreateRequest.java:validateAndUpdateCache(270)) - created bucket: bucket41500 of layout FILE_SYSTEM_OPTIMIZED in volume: volume76719
2023-07-25 10:56:24,954 [IPC Server handler 2 on default port 15001] INFO  pipeline.WritableECContainerProvider (WritableECContainerProvider.java:allocateContainer(202)) - Created and opened new pipeline Pipeline[ Id: 5d7e364e-fe99-409f-bc34-c7ff70fcc8f3, Nodes: 87a8a85d-028f-41d9-845c-5fb83f876637(fv-az82-323/10.1.0.57)a4e02de4-0a57-448c-8e91-91a041d5e72b(fv-az82-323/10.1.0.57)558084a2-61c9-4ed7-bb35-b0adeee70698(fv-az82-323/10.1.0.57)f263b8be-c5cb-46a8-8a56-20deb1bbcbcc(fv-az82-323/10.1.0.57)d61495e8-faf1-4655-91e1-42a45bad4237(fv-az82-323/10.1.0.57), ReplicationConfig: EC{rs-3-2-1024k}, State:ALLOCATED, leaderId:, CreationTimestamp2023-07-25T10:56:24.951Z[Etc/UTC]]
2023-07-25 10:56:25,055 [Time-limited test] WARN  erasurecode.ErasureCodeNative (ErasureCodeNative.java:<clinit>(55)) - ISA-L support is not available in your platform... using builtin-java codec where applicable
2023-07-25 10:56:25,211 [IPC Server handler 17 on default port 15001] INFO  pipeline.WritableECContainerProvider (WritableECContainerProvider.java:allocateContainer(202)) - Created and opened new pipeline Pipeline[ Id: 2344f777-3da6-4f36-b125-e6959733d593, Nodes: f263b8be-c5cb-46a8-8a56-20deb1bbcbcc(fv-az82-323/10.1.0.57)d61495e8-faf1-4655-91e1-42a45bad4237(fv-az82-323/10.1.0.57)87a8a85d-028f-41d9-845c-5fb83f876637(fv-az82-323/10.1.0.57)558084a2-61c9-4ed7-bb35-b0adeee70698(fv-az82-323/10.1.0.57)a4e02de4-0a57-448c-8e91-91a041d5e72b(fv-az82-323/10.1.0.57), ReplicationConfig: EC{rs-3-2-1024k}, State:ALLOCATED, leaderId:, CreationTimestamp2023-07-25T10:56:25.209Z[Etc/UTC]]
]]></system-out>
  </testcase>
  <testcase name="testCreateKeyShouldUseRefreshedBucketReplicationConfig" classname="TestOzoneFileSystemWithFSO" time="0.389">
    <system-out><![CDATA[2023-07-25 10:57:24,561 [Time-limited test] INFO  rpc.RpcClient (RpcClient.java:createVolume(460)) - Creating Volume: volume08217, with user97354 as owner and space quota set to -1 bytes, counts quota set to -1
2023-07-25 10:57:24,755 [IPC Server handler 7 on default port 15057] INFO  volume.OMVolumeCreateRequest (OMVolumeCreateRequest.java:validateAndUpdateCache(196)) - created volume:volume08217 for user:user97354
2023-07-25 10:57:24,759 [Time-limited test] INFO  rpc.RpcClient (RpcClient.java:createBucket(687)) - Creating Bucket: volume08217/bucket92359, with bucket layout FILE_SYSTEM_OPTIMIZED, runner as owner, Versioning false, Storage Type set to DISK and Encryption set to false, Replication Type set to server-side default replication type, Namespace Quota set to -1, Space Quota set to -1 
2023-07-25 10:57:24,760 [IPC Server handler 17 on default port 15057] INFO  bucket.OMBucketCreateRequest (OMBucketCreateRequest.java:validateAndUpdateCache(270)) - created bucket: bucket92359 of layout FILE_SYSTEM_OPTIMIZED in volume: volume08217
2023-07-25 10:57:24,831 [IPC Server handler 14 on default port 15054] INFO  pipeline.WritableECContainerProvider (WritableECContainerProvider.java:allocateContainer(202)) - Created and opened new pipeline Pipeline[ Id: 40a7e414-3f90-450c-8875-0d81fd197174, Nodes: ab2ae7ff-5675-45b3-bfb0-4ee1241a3635(fv-az82-323/10.1.0.57)2ac24d38-c694-40fc-bc53-1be83d90b269(fv-az82-323/10.1.0.57)2333f530-c3e7-4f84-815f-5beaea2403db(fv-az82-323/10.1.0.57)818707a6-4adf-4ab4-8830-ca289259fe44(fv-az82-323/10.1.0.57)5afa7191-cd14-4635-a86c-27235fe9851c(fv-az82-323/10.1.0.57), ReplicationConfig: EC{rs-3-2-1024k}, State:ALLOCATED, leaderId:, CreationTimestamp2023-07-25T10:57:24.826Z[Etc/UTC]]
2023-07-25 10:57:24,869 [IPC Server handler 18 on default port 15054] INFO  pipeline.WritableECContainerProvider (WritableECContainerProvider.java:allocateContainer(202)) - Created and opened new pipeline Pipeline[ Id: 6a2c86cf-3854-4591-a5c7-dbec8a2b3a20, Nodes: 5afa7191-cd14-4635-a86c-27235fe9851c(fv-az82-323/10.1.0.57)2ac24d38-c694-40fc-bc53-1be83d90b269(fv-az82-323/10.1.0.57)2333f530-c3e7-4f84-815f-5beaea2403db(fv-az82-323/10.1.0.57)818707a6-4adf-4ab4-8830-ca289259fe44(fv-az82-323/10.1.0.57)ab2ae7ff-5675-45b3-bfb0-4ee1241a3635(fv-az82-323/10.1.0.57), ReplicationConfig: EC{rs-3-2-1024k}, State:ALLOCATED, leaderId:, CreationTimestamp2023-07-25T10:57:24.867Z[Etc/UTC]]
]]></system-out>
  </testcase>
  <testcase name="testListStatusIteratorOnRoot" classname="TestOzoneFileSystemWithFSO" time="0.02"/>
  <testcase name="testListStatusIteratorOnRoot" classname="TestOzoneFileSystemWithFSO" time="0.016"/>
  <testcase name="testRenameDirToFile" classname="TestOzoneFileSystemWithFSO" time="0.045">
    <system-out><![CDATA[10:56:25.324 [OM StateMachine ApplyTransaction Thread - 0] ERROR OMAudit - user=runner | ip=127.0.0.1 | op=RENAME_KEY {volume=volume25555, bucket=bucket68101, dataSize=0, replicationType=NONE, replicationFactor=ZERO, srcKey=a/b/c, dstKey=root/file1} | ret=FAILURE
org.apache.hadoop.ozone.om.exceptions.OMException: Failed to rename, key already exists root/file1
	at org.apache.hadoop.ozone.om.request.key.OMKeyRenameRequestWithFSO.validateAndUpdateCache(OMKeyRenameRequestWithFSO.java:208) ~[ozone-manager-1.4.0-SNAPSHOT.jar:?]
	at org.apache.hadoop.ozone.protocolPB.OzoneManagerRequestHandler.handleWriteRequest(OzoneManagerRequestHandler.java:375) ~[ozone-manager-1.4.0-SNAPSHOT.jar:?]
	at org.apache.hadoop.ozone.om.ratis.OzoneManagerStateMachine.runCommand(OzoneManagerStateMachine.java:568) ~[ozone-manager-1.4.0-SNAPSHOT.jar:?]
	at org.apache.hadoop.ozone.om.ratis.OzoneManagerStateMachine.lambda$1(OzoneManagerStateMachine.java:359) ~[ozone-manager-1.4.0-SNAPSHOT.jar:?]
	at java.util.concurrent.CompletableFuture$AsyncSupply.run(CompletableFuture.java:1604) [?:1.8.0_372]
	at java.util.concurrent.ThreadPoolExecutor.runWorker(ThreadPoolExecutor.java:1149) [?:1.8.0_372]
	at java.util.concurrent.ThreadPoolExecutor$Worker.run(ThreadPoolExecutor.java:624) [?:1.8.0_372]
	at java.lang.Thread.run(Thread.java:750) [?:1.8.0_372]
2023-07-25 10:56:25,324 [OM StateMachine ApplyTransaction Thread - 0] ERROR key.OMKeyRenameRequestWithFSO (OMKeyRenameRequestWithFSO.java:validateAndUpdateCache(250)) - Rename key failed for volume:volume25555 bucket:bucket68101 fromKey:a/b/c toKey:root/file1. Exception: Failed to rename, key already exists root/file1.
2023-07-25 10:56:25,325 [Time-limited test] ERROR ozone.BasicOzoneFileSystem (BasicOzoneFileSystem.java:renameFSO(482)) - rename key failed: Failed to rename, key already exists root/file1. Error code: KEY_ALREADY_EXISTS source:a/b/c, destin:root/file1
]]></system-out>
  </testcase>
  <testcase name="testRenameDirToFile" classname="TestOzoneFileSystemWithFSO" time="0.021">
    <system-out><![CDATA[10:57:24.963 [IPC Server handler 1 on default port 15057] ERROR OMAudit - user=runner | ip=127.0.0.1 | op=RENAME_KEY {volume=volume90736, bucket=bucket48182, dataSize=0, replicationType=NONE, replicationFactor=ZERO, srcKey=a/b/c, dstKey=root/file1} | ret=FAILURE
org.apache.hadoop.ozone.om.exceptions.OMException: Failed to rename, key already exists root/file1
	at org.apache.hadoop.ozone.om.request.key.OMKeyRenameRequestWithFSO.validateAndUpdateCache(OMKeyRenameRequestWithFSO.java:208) ~[ozone-manager-1.4.0-SNAPSHOT.jar:?]
	at org.apache.hadoop.ozone.protocolPB.OzoneManagerRequestHandler.handleWriteRequest(OzoneManagerRequestHandler.java:375) ~[ozone-manager-1.4.0-SNAPSHOT.jar:?]
	at org.apache.hadoop.ozone.protocolPB.OzoneManagerProtocolServerSideTranslatorPB.submitRequestDirectlyToOM(OzoneManagerProtocolServerSideTranslatorPB.java:280) ~[ozone-manager-1.4.0-SNAPSHOT.jar:?]
	at org.apache.hadoop.ozone.protocolPB.OzoneManagerProtocolServerSideTranslatorPB.processRequest(OzoneManagerProtocolServerSideTranslatorPB.java:175) ~[ozone-manager-1.4.0-SNAPSHOT.jar:?]
	at org.apache.hadoop.hdds.server.OzoneProtocolMessageDispatcher.processRequest(OzoneProtocolMessageDispatcher.java:87) [hdds-server-framework-1.4.0-SNAPSHOT.jar:?]
	at org.apache.hadoop.ozone.protocolPB.OzoneManagerProtocolServerSideTranslatorPB.submitRequest(OzoneManagerProtocolServerSideTranslatorPB.java:148) [ozone-manager-1.4.0-SNAPSHOT.jar:?]
	at org.apache.hadoop.ozone.protocol.proto.OzoneManagerProtocolProtos$OzoneManagerService$2.callBlockingMethod(OzoneManagerProtocolProtos.java) [ozone-interface-client-1.4.0-SNAPSHOT.jar:?]
	at org.apache.hadoop.ipc.ProtobufRpcEngine$Server.processCall(ProtobufRpcEngine.java:484) [hadoop-common-3.3.6.jar:?]
	at org.apache.hadoop.ipc.ProtobufRpcEngine2$Server$ProtoBufRpcInvoker.call(ProtobufRpcEngine2.java:595) [hadoop-common-3.3.6.jar:?]
	at org.apache.hadoop.ipc.ProtobufRpcEngine2$Server$ProtoBufRpcInvoker.call(ProtobufRpcEngine2.java:573) [hadoop-common-3.3.6.jar:?]
	at org.apache.hadoop.ipc.RPC$Server.call(RPC.java:1227) [hadoop-common-3.3.6.jar:?]
	at org.apache.hadoop.ipc.Server$RpcCall.run(Server.java:1094) [hadoop-common-3.3.6.jar:?]
	at org.apache.hadoop.ipc.Server$RpcCall.run(Server.java:1017) [hadoop-common-3.3.6.jar:?]
	at java.security.AccessController.doPrivileged(Native Method) ~[?:1.8.0_372]
	at javax.security.auth.Subject.doAs(Subject.java:422) [?:1.8.0_372]
	at org.apache.hadoop.security.UserGroupInformation.doAs(UserGroupInformation.java:1899) [hadoop-common-3.3.6.jar:?]
	at org.apache.hadoop.ipc.Server$Handler.run(Server.java:3048) [hadoop-common-3.3.6.jar:?]
2023-07-25 10:57:24,963 [IPC Server handler 1 on default port 15057] ERROR key.OMKeyRenameRequestWithFSO (OMKeyRenameRequestWithFSO.java:validateAndUpdateCache(250)) - Rename key failed for volume:volume90736 bucket:bucket48182 fromKey:a/b/c toKey:root/file1. Exception: Failed to rename, key already exists root/file1.
2023-07-25 10:57:24,964 [Time-limited test] ERROR ozone.BasicOzoneFileSystem (BasicOzoneFileSystem.java:renameFSO(482)) - rename key failed: Failed to rename, key already exists root/file1. Error code: KEY_ALREADY_EXISTS source:a/b/c, destin:root/file1
]]></system-out>
  </testcase>
  <testcase name="testRenameToNewSubDirShouldNotExist" classname="TestOzoneFileSystemWithFSO" time="0.053">
    <system-out><![CDATA[10:56:25.352 [OM StateMachine ApplyTransaction Thread - 0] ERROR OMAudit - user=runner | ip=127.0.0.1 | op=RENAME_KEY {volume=volume25555, bucket=bucket68101, dataSize=0, replicationType=NONE, replicationFactor=ZERO, srcKey=a, dstKey=b} | ret=FAILURE
org.apache.hadoop.ozone.om.exceptions.OMException: Failed to rename a to b/a, file already exists or not empty!
	at org.apache.hadoop.ozone.om.request.key.OMKeyRenameRequestWithFSO.validateAndUpdateCache(OMKeyRenameRequestWithFSO.java:195) ~[ozone-manager-1.4.0-SNAPSHOT.jar:?]
	at org.apache.hadoop.ozone.protocolPB.OzoneManagerRequestHandler.handleWriteRequest(OzoneManagerRequestHandler.java:375) ~[ozone-manager-1.4.0-SNAPSHOT.jar:?]
	at org.apache.hadoop.ozone.om.ratis.OzoneManagerStateMachine.runCommand(OzoneManagerStateMachine.java:568) ~[ozone-manager-1.4.0-SNAPSHOT.jar:?]
	at org.apache.hadoop.ozone.om.ratis.OzoneManagerStateMachine.lambda$1(OzoneManagerStateMachine.java:359) ~[ozone-manager-1.4.0-SNAPSHOT.jar:?]
	at java.util.concurrent.CompletableFuture$AsyncSupply.run(CompletableFuture.java:1604) [?:1.8.0_372]
	at java.util.concurrent.ThreadPoolExecutor.runWorker(ThreadPoolExecutor.java:1149) [?:1.8.0_372]
	at java.util.concurrent.ThreadPoolExecutor$Worker.run(ThreadPoolExecutor.java:624) [?:1.8.0_372]
	at java.lang.Thread.run(Thread.java:750) [?:1.8.0_372]
2023-07-25 10:56:25,352 [OM StateMachine ApplyTransaction Thread - 0] ERROR key.OMKeyRenameRequestWithFSO (OMKeyRenameRequestWithFSO.java:validateAndUpdateCache(250)) - Rename key failed for volume:volume25555 bucket:bucket68101 fromKey:a toKey:b. Exception: Failed to rename a to b/a, file already exists or not empty!.
2023-07-25 10:56:25,353 [Time-limited test] ERROR ozone.BasicOzoneFileSystem (BasicOzoneFileSystem.java:renameFSO(482)) - rename key failed: Failed to rename a to b/a, file already exists or not empty!. Error code: KEY_ALREADY_EXISTS source:a, destin:b
10:56:25.375 [OM StateMachine ApplyTransaction Thread - 0] ERROR OMAudit - user=runner | ip=127.0.0.1 | op=RENAME_KEY {volume=volume25555, bucket=bucket68101, dataSize=0, replicationType=NONE, replicationFactor=ZERO, srcKey=file1, dstKey=a} | ret=FAILURE
org.apache.hadoop.ozone.om.exceptions.OMException: Failed to rename file1 to a/file1, file already exists or not empty!
	at org.apache.hadoop.ozone.om.request.key.OMKeyRenameRequestWithFSO.validateAndUpdateCache(OMKeyRenameRequestWithFSO.java:195) ~[ozone-manager-1.4.0-SNAPSHOT.jar:?]
	at org.apache.hadoop.ozone.protocolPB.OzoneManagerRequestHandler.handleWriteRequest(OzoneManagerRequestHandler.java:375) ~[ozone-manager-1.4.0-SNAPSHOT.jar:?]
	at org.apache.hadoop.ozone.om.ratis.OzoneManagerStateMachine.runCommand(OzoneManagerStateMachine.java:568) ~[ozone-manager-1.4.0-SNAPSHOT.jar:?]
	at org.apache.hadoop.ozone.om.ratis.OzoneManagerStateMachine.lambda$1(OzoneManagerStateMachine.java:359) ~[ozone-manager-1.4.0-SNAPSHOT.jar:?]
	at java.util.concurrent.CompletableFuture$AsyncSupply.run(CompletableFuture.java:1604) [?:1.8.0_372]
	at java.util.concurrent.ThreadPoolExecutor.runWorker(ThreadPoolExecutor.java:1149) [?:1.8.0_372]
	at java.util.concurrent.ThreadPoolExecutor$Worker.run(ThreadPoolExecutor.java:624) [?:1.8.0_372]
	at java.lang.Thread.run(Thread.java:750) [?:1.8.0_372]
2023-07-25 10:56:25,375 [OM StateMachine ApplyTransaction Thread - 0] ERROR key.OMKeyRenameRequestWithFSO (OMKeyRenameRequestWithFSO.java:validateAndUpdateCache(250)) - Rename key failed for volume:volume25555 bucket:bucket68101 fromKey:file1 toKey:a. Exception: Failed to rename file1 to a/file1, file already exists or not empty!.
2023-07-25 10:56:25,376 [Time-limited test] ERROR ozone.BasicOzoneFileSystem (BasicOzoneFileSystem.java:renameFSO(482)) - rename key failed: Failed to rename file1 to a/file1, file already exists or not empty!. Error code: KEY_ALREADY_EXISTS source:file1, destin:a
]]></system-out>
  </testcase>
  <testcase name="testRenameToNewSubDirShouldNotExist" classname="TestOzoneFileSystemWithFSO" time="0.038">
    <system-out><![CDATA[10:57:24.977 [IPC Server handler 5 on default port 15057] ERROR OMAudit - user=runner | ip=127.0.0.1 | op=RENAME_KEY {volume=volume90736, bucket=bucket48182, dataSize=0, replicationType=NONE, replicationFactor=ZERO, srcKey=a, dstKey=b} | ret=FAILURE
org.apache.hadoop.ozone.om.exceptions.OMException: Failed to rename a to b/a, file already exists or not empty!
	at org.apache.hadoop.ozone.om.request.key.OMKeyRenameRequestWithFSO.validateAndUpdateCache(OMKeyRenameRequestWithFSO.java:195) ~[ozone-manager-1.4.0-SNAPSHOT.jar:?]
	at org.apache.hadoop.ozone.protocolPB.OzoneManagerRequestHandler.handleWriteRequest(OzoneManagerRequestHandler.java:375) ~[ozone-manager-1.4.0-SNAPSHOT.jar:?]
	at org.apache.hadoop.ozone.protocolPB.OzoneManagerProtocolServerSideTranslatorPB.submitRequestDirectlyToOM(OzoneManagerProtocolServerSideTranslatorPB.java:280) ~[ozone-manager-1.4.0-SNAPSHOT.jar:?]
	at org.apache.hadoop.ozone.protocolPB.OzoneManagerProtocolServerSideTranslatorPB.processRequest(OzoneManagerProtocolServerSideTranslatorPB.java:175) ~[ozone-manager-1.4.0-SNAPSHOT.jar:?]
	at org.apache.hadoop.hdds.server.OzoneProtocolMessageDispatcher.processRequest(OzoneProtocolMessageDispatcher.java:87) [hdds-server-framework-1.4.0-SNAPSHOT.jar:?]
	at org.apache.hadoop.ozone.protocolPB.OzoneManagerProtocolServerSideTranslatorPB.submitRequest(OzoneManagerProtocolServerSideTranslatorPB.java:148) [ozone-manager-1.4.0-SNAPSHOT.jar:?]
	at org.apache.hadoop.ozone.protocol.proto.OzoneManagerProtocolProtos$OzoneManagerService$2.callBlockingMethod(OzoneManagerProtocolProtos.java) [ozone-interface-client-1.4.0-SNAPSHOT.jar:?]
	at org.apache.hadoop.ipc.ProtobufRpcEngine$Server.processCall(ProtobufRpcEngine.java:484) [hadoop-common-3.3.6.jar:?]
	at org.apache.hadoop.ipc.ProtobufRpcEngine2$Server$ProtoBufRpcInvoker.call(ProtobufRpcEngine2.java:595) [hadoop-common-3.3.6.jar:?]
	at org.apache.hadoop.ipc.ProtobufRpcEngine2$Server$ProtoBufRpcInvoker.call(ProtobufRpcEngine2.java:573) [hadoop-common-3.3.6.jar:?]
	at org.apache.hadoop.ipc.RPC$Server.call(RPC.java:1227) [hadoop-common-3.3.6.jar:?]
	at org.apache.hadoop.ipc.Server$RpcCall.run(Server.java:1094) [hadoop-common-3.3.6.jar:?]
	at org.apache.hadoop.ipc.Server$RpcCall.run(Server.java:1017) [hadoop-common-3.3.6.jar:?]
	at java.security.AccessController.doPrivileged(Native Method) ~[?:1.8.0_372]
	at javax.security.auth.Subject.doAs(Subject.java:422) [?:1.8.0_372]
	at org.apache.hadoop.security.UserGroupInformation.doAs(UserGroupInformation.java:1899) [hadoop-common-3.3.6.jar:?]
	at org.apache.hadoop.ipc.Server$Handler.run(Server.java:3048) [hadoop-common-3.3.6.jar:?]
2023-07-25 10:57:24,978 [IPC Server handler 5 on default port 15057] ERROR key.OMKeyRenameRequestWithFSO (OMKeyRenameRequestWithFSO.java:validateAndUpdateCache(250)) - Rename key failed for volume:volume90736 bucket:bucket48182 fromKey:a toKey:b. Exception: Failed to rename a to b/a, file already exists or not empty!.
2023-07-25 10:57:24,978 [Time-limited test] ERROR ozone.BasicOzoneFileSystem (BasicOzoneFileSystem.java:renameFSO(482)) - rename key failed: Failed to rename a to b/a, file already exists or not empty!. Error code: KEY_ALREADY_EXISTS source:a, destin:b
10:57:24.991 [IPC Server handler 0 on default port 15057] ERROR OMAudit - user=runner | ip=127.0.0.1 | op=RENAME_KEY {volume=volume90736, bucket=bucket48182, dataSize=0, replicationType=NONE, replicationFactor=ZERO, srcKey=file1, dstKey=a} | ret=FAILURE
org.apache.hadoop.ozone.om.exceptions.OMException: Failed to rename file1 to a/file1, file already exists or not empty!
	at org.apache.hadoop.ozone.om.request.key.OMKeyRenameRequestWithFSO.validateAndUpdateCache(OMKeyRenameRequestWithFSO.java:195) ~[ozone-manager-1.4.0-SNAPSHOT.jar:?]
	at org.apache.hadoop.ozone.protocolPB.OzoneManagerRequestHandler.handleWriteRequest(OzoneManagerRequestHandler.java:375) ~[ozone-manager-1.4.0-SNAPSHOT.jar:?]
	at org.apache.hadoop.ozone.protocolPB.OzoneManagerProtocolServerSideTranslatorPB.submitRequestDirectlyToOM(OzoneManagerProtocolServerSideTranslatorPB.java:280) ~[ozone-manager-1.4.0-SNAPSHOT.jar:?]
	at org.apache.hadoop.ozone.protocolPB.OzoneManagerProtocolServerSideTranslatorPB.processRequest(OzoneManagerProtocolServerSideTranslatorPB.java:175) ~[ozone-manager-1.4.0-SNAPSHOT.jar:?]
	at org.apache.hadoop.hdds.server.OzoneProtocolMessageDispatcher.processRequest(OzoneProtocolMessageDispatcher.java:87) [hdds-server-framework-1.4.0-SNAPSHOT.jar:?]
	at org.apache.hadoop.ozone.protocolPB.OzoneManagerProtocolServerSideTranslatorPB.submitRequest(OzoneManagerProtocolServerSideTranslatorPB.java:148) [ozone-manager-1.4.0-SNAPSHOT.jar:?]
	at org.apache.hadoop.ozone.protocol.proto.OzoneManagerProtocolProtos$OzoneManagerService$2.callBlockingMethod(OzoneManagerProtocolProtos.java) [ozone-interface-client-1.4.0-SNAPSHOT.jar:?]
	at org.apache.hadoop.ipc.ProtobufRpcEngine$Server.processCall(ProtobufRpcEngine.java:484) [hadoop-common-3.3.6.jar:?]
	at org.apache.hadoop.ipc.ProtobufRpcEngine2$Server$ProtoBufRpcInvoker.call(ProtobufRpcEngine2.java:595) [hadoop-common-3.3.6.jar:?]
	at org.apache.hadoop.ipc.ProtobufRpcEngine2$Server$ProtoBufRpcInvoker.call(ProtobufRpcEngine2.java:573) [hadoop-common-3.3.6.jar:?]
	at org.apache.hadoop.ipc.RPC$Server.call(RPC.java:1227) [hadoop-common-3.3.6.jar:?]
	at org.apache.hadoop.ipc.Server$RpcCall.run(Server.java:1094) [hadoop-common-3.3.6.jar:?]
	at org.apache.hadoop.ipc.Server$RpcCall.run(Server.java:1017) [hadoop-common-3.3.6.jar:?]
	at java.security.AccessController.doPrivileged(Native Method) ~[?:1.8.0_372]
	at javax.security.auth.Subject.doAs(Subject.java:422) [?:1.8.0_372]
	at org.apache.hadoop.security.UserGroupInformation.doAs(UserGroupInformation.java:1899) [hadoop-common-3.3.6.jar:?]
	at org.apache.hadoop.ipc.Server$Handler.run(Server.java:3048) [hadoop-common-3.3.6.jar:?]
2023-07-25 10:57:24,991 [IPC Server handler 0 on default port 15057] ERROR key.OMKeyRenameRequestWithFSO (OMKeyRenameRequestWithFSO.java:validateAndUpdateCache(250)) - Rename key failed for volume:volume90736 bucket:bucket48182 fromKey:file1 toKey:a. Exception: Failed to rename file1 to a/file1, file already exists or not empty!.
2023-07-25 10:57:24,993 [Time-limited test] ERROR ozone.BasicOzoneFileSystem (BasicOzoneFileSystem.java:renameFSO(482)) - rename key failed: Failed to rename file1 to a/file1, file already exists or not empty!. Error code: KEY_ALREADY_EXISTS source:file1, destin:a
]]></system-out>
  </testcase>
  <testcase name="testListStatusOnLargeDirectoryForACLCheck" classname="TestOzoneFileSystemWithFSO" time="5.256"/>
  <testcase name="testListStatusOnLargeDirectoryForACLCheck" classname="TestOzoneFileSystemWithFSO" time="3.531"/>
  <testcase name="testRenameFileToDir" classname="TestOzoneFileSystemWithFSO" time="0.029"/>
  <testcase name="testRenameFileToDir" classname="TestOzoneFileSystemWithFSO" time="0.023"/>
  <testcase name="testListStatusWithIntermediateDirWithECEnabled" classname="TestOzoneFileSystemWithFSO" time="0.025">
    <system-out><![CDATA[2023-07-25 10:56:30,679 [IPC Server handler 8 on default port 15001] INFO  pipeline.WritableECContainerProvider (WritableECContainerProvider.java:allocateContainer(202)) - Created and opened new pipeline Pipeline[ Id: 64843889-938c-4a8a-bc89-343618618654, Nodes: f263b8be-c5cb-46a8-8a56-20deb1bbcbcc(fv-az82-323/10.1.0.57)558084a2-61c9-4ed7-bb35-b0adeee70698(fv-az82-323/10.1.0.57)87a8a85d-028f-41d9-845c-5fb83f876637(fv-az82-323/10.1.0.57)d61495e8-faf1-4655-91e1-42a45bad4237(fv-az82-323/10.1.0.57)a4e02de4-0a57-448c-8e91-91a041d5e72b(fv-az82-323/10.1.0.57), ReplicationConfig: EC{rs-3-2-1024k}, State:ALLOCATED, leaderId:, CreationTimestamp2023-07-25T10:56:30.677Z[Etc/UTC]]
]]></system-out>
  </testcase>
  <testcase name="testListStatusWithIntermediateDirWithECEnabled" classname="TestOzoneFileSystemWithFSO" time="0.035">
    <system-out><![CDATA[2023-07-25 10:57:28,572 [IPC Server handler 11 on default port 15054] INFO  pipeline.WritableECContainerProvider (WritableECContainerProvider.java:allocateContainer(202)) - Created and opened new pipeline Pipeline[ Id: 9eedd630-2fdf-412b-bbd4-6b24576a93ba, Nodes: 2333f530-c3e7-4f84-815f-5beaea2403db(fv-az82-323/10.1.0.57)818707a6-4adf-4ab4-8830-ca289259fe44(fv-az82-323/10.1.0.57)2ac24d38-c694-40fc-bc53-1be83d90b269(fv-az82-323/10.1.0.57)ab2ae7ff-5675-45b3-bfb0-4ee1241a3635(fv-az82-323/10.1.0.57)5afa7191-cd14-4635-a86c-27235fe9851c(fv-az82-323/10.1.0.57), ReplicationConfig: EC{rs-3-2-1024k}, State:ALLOCATED, leaderId:, CreationTimestamp2023-07-25T10:57:28.571Z[Etc/UTC]]
]]></system-out>
  </testcase>
  <testcase name="testMakeDirsWithAnExistingDirectoryPath" classname="TestOzoneFileSystemWithFSO" time="0.017"/>
  <testcase name="testMakeDirsWithAnExistingDirectoryPath" classname="TestOzoneFileSystemWithFSO" time="0.026"/>
  <testcase name="testSetTimes" classname="TestOzoneFileSystemWithFSO" time="0.141"/>
  <testcase name="testSetTimes" classname="TestOzoneFileSystemWithFSO" time="0.137"/>
</testsuite>