<?xml version="1.0" encoding="UTF-8"?>
<testsuite xmlns:xsi="http://www.w3.org/2001/XMLSchema-instance" xsi:noNamespaceSchemaLocation="https://maven.apache.org/surefire/maven-surefire-plugin/xsd/surefire-test-report.xsd" name="org.apache.hadoop.ozone.client.rpc.TestFailureHandlingByClient" time="252.205" tests="5" errors="0" skipped="0" failures="1">
  <properties>
    <property name="awt.toolkit" value="sun.awt.X11.XToolkit"/>
    <property name="file.encoding.pkg" value="sun.io"/>
    <property name="java.specification.version" value="1.8"/>
    <property name="sun.cpu.isalist" value=""/>
    <property name="sun.jnu.encoding" value="ANSI_X3.4-1968"/>
    <property name="java.class.path" value="/github/workspace/hadoop-ozone/integration-test/target/test-classes:/github/workspace/hadoop-ozone/integration-test/target/classes:/home/user/.m2/repository/org/apache/hadoop/hadoop-ozone-common/0.5.0-SNAPSHOT/hadoop-ozone-common-0.5.0-SNAPSHOT.jar:/home/user/.m2/repository/org/apache/commons/commons-compress/1.4.1/commons-compress-1.4.1.jar:/home/user/.m2/repository/org/tukaani/xz/1.0/xz-1.0.jar:/home/user/.m2/repository/org/apache/hadoop/hadoop-common/3.2.0/hadoop-common-3.2.0.jar:/home/user/.m2/repository/org/apache/hadoop/hadoop-hdfs/3.2.0/hadoop-hdfs-3.2.0.jar:/home/user/.m2/repository/org/apache/hadoop/hadoop-hdfs-client/3.2.0/hadoop-hdfs-client-3.2.0.jar:/home/user/.m2/repository/com/fasterxml/jackson/core/jackson-annotations/2.10.3/jackson-annotations-2.10.3.jar:/home/user/.m2/repository/org/apache/hadoop/hadoop-hdds-common/0.5.0-SNAPSHOT/hadoop-hdds-common-0.5.0-SNAPSHOT.jar:/home/user/.m2/repository/info/picocli/picocli/3.9.6/picocli-3.9.6.jar:/home/user/.m2/repository/javax/annotation/javax.annotation-api/1.2/javax.annotation-api-1.2.jar:/home/user/.m2/repository/org/apache/ratis/ratis-server/0.6.0-a320ae0-SNAPSHOT/ratis-server-0.6.0-a320ae0-SNAPSHOT.jar:/home/user/.m2/repository/org/apache/ratis/ratis-thirdparty-misc/0.3.0/ratis-thirdparty-misc-0.3.0.jar:/home/user/.m2/repository/org/apache/ratis/ratis-proto/0.6.0-a320ae0-SNAPSHOT/ratis-proto-0.6.0-a320ae0-SNAPSHOT.jar:/home/user/.m2/repository/org/apache/ratis/ratis-common/0.6.0-a320ae0-SNAPSHOT/ratis-common-0.6.0-a320ae0-SNAPSHOT.jar:/home/user/.m2/repository/org/apache/ratis/ratis-client/0.6.0-a320ae0-SNAPSHOT/ratis-client-0.6.0-a320ae0-SNAPSHOT.jar:/home/user/.m2/repository/org/apache/ratis/ratis-metrics/0.6.0-a320ae0-SNAPSHOT/ratis-metrics-0.6.0-a320ae0-SNAPSHOT.jar:/home/user/.m2/repository/org/apache/ratis/ratis-netty/0.6.0-a320ae0-SNAPSHOT/ratis-netty-0.6.0-a320ae0-SNAPSHOT.jar:/home/user/.m2/repository/org/apache/ratis/ratis-grpc/0.6.0-a320ae0-SNAPSHOT/ratis-grpc-0.6.0-a320ae0-SNAPSHOT.jar:/home/user/.m2/repository/org/rocksdb/rocksdbjni/6.6.4/rocksdbjni-6.6.4.jar:/home/user/.m2/repository/org/apache/logging/log4j/log4j-api/2.11.0/log4j-api-2.11.0.jar:/home/user/.m2/repository/org/apache/logging/log4j/log4j-core/2.11.0/log4j-core-2.11.0.jar:/home/user/.m2/repository/com/lmax/disruptor/3.4.2/disruptor-3.4.2.jar:/home/user/.m2/repository/org/apache/commons/commons-pool2/2.6.0/commons-pool2-2.6.0.jar:/home/user/.m2/repository/org/bouncycastle/bcpkix-jdk15on/1.60/bcpkix-jdk15on-1.60.jar:/home/user/.m2/repository/commons-validator/commons-validator/1.6/commons-validator-1.6.jar:/home/user/.m2/repository/commons-digester/commons-digester/1.8.1/commons-digester-1.8.1.jar:/home/user/.m2/repository/io/jaegertracing/jaeger-client/0.34.0/jaeger-client-0.34.0.jar:/home/user/.m2/repository/io/jaegertracing/jaeger-thrift/0.34.0/jaeger-thrift-0.34.0.jar:/home/user/.m2/repository/org/apache/thrift/libthrift/0.12.0/libthrift-0.12.0.jar:/home/user/.m2/repository/com/squareup/okhttp3/okhttp/3.9.0/okhttp-3.9.0.jar:/home/user/.m2/repository/com/squareup/okio/okio/1.13.0/okio-1.13.0.jar:/home/user/.m2/repository/io/jaegertracing/jaeger-core/0.34.0/jaeger-core-0.34.0.jar:/home/user/.m2/repository/io/jaegertracing/jaeger-tracerresolver/0.34.0/jaeger-tracerresolver-0.34.0.jar:/home/user/.m2/repository/io/opentracing/contrib/opentracing-tracerresolver/0.1.5/opentracing-tracerresolver-0.1.5.jar:/home/user/.m2/repository/io/opentracing/opentracing-util/0.31.0/opentracing-util-0.31.0.jar:/home/user/.m2/repository/io/opentracing/opentracing-api/0.31.0/opentracing-api-0.31.0.jar:/home/user/.m2/repository/io/opentracing/opentracing-noop/0.31.0/opentracing-noop-0.31.0.jar:/home/user/.m2/repository/com/fasterxml/jackson/datatype/jackson-datatype-jsr310/2.10.3/jackson-datatype-jsr310-2.10.3.jar:/home/user/.m2/repository/org/apache/hadoop/hadoop-hdds-client/0.5.0-SNAPSHOT/hadoop-hdds-client-0.5.0-SNAPSHOT.jar:/home/user/.m2/repository/org/apache/hadoop/hadoop-hdds-tools/0.5.0-SNAPSHOT/hadoop-hdds-tools-0.5.0-SNAPSHOT.jar:/home/user/.m2/repository/org/apache/ratis/ratis-tools/0.6.0-a320ae0-SNAPSHOT/ratis-tools-0.6.0-a320ae0-SNAPSHOT.jar:/home/user/.m2/repository/org/apache/hadoop/hadoop-hdds-server-scm/0.5.0-SNAPSHOT/hadoop-hdds-server-scm-0.5.0-SNAPSHOT.jar:/home/user/.m2/repository/org/apache/hadoop/hadoop-hdds-container-service/0.5.0-SNAPSHOT/hadoop-hdds-container-service-0.5.0-SNAPSHOT.jar:/home/user/.m2/repository/org/apache/hadoop/hadoop-hdds-server-framework/0.5.0-SNAPSHOT/hadoop-hdds-server-framework-0.5.0-SNAPSHOT.jar:/home/user/.m2/repository/io/prometheus/simpleclient_dropwizard/0.7.0/simpleclient_dropwizard-0.7.0.jar:/home/user/.m2/repository/io/prometheus/simpleclient/0.7.0/simpleclient-0.7.0.jar:/home/user/.m2/repository/io/prometheus/simpleclient_common/0.7.0/simpleclient_common-0.7.0.jar:/home/user/.m2/repository/org/apache/hadoop/hadoop-hdds-docs/0.5.0-SNAPSHOT/hadoop-hdds-docs-0.5.0-SNAPSHOT.jar:/home/user/.m2/repository/io/dropwizard/metrics/metrics-core/3.2.4/metrics-core-3.2.4.jar:/home/user/.m2/repository/org/bouncycastle/bcprov-jdk15on/1.60/bcprov-jdk15on-1.60.jar:/home/user/.m2/repository/org/apache/hadoop/hadoop-ozone-ozone-manager/0.5.0-SNAPSHOT/hadoop-ozone-ozone-manager-0.5.0-SNAPSHOT.jar:/home/user/.m2/repository/org/apache/hadoop/hadoop-minikdc/3.2.0/hadoop-minikdc-3.2.0.jar:/home/user/.m2/repository/commons-io/commons-io/2.5/commons-io-2.5.jar:/home/user/.m2/repository/org/apache/kerby/kerb-simplekdc/1.0.1/kerb-simplekdc-1.0.1.jar:/home/user/.m2/repository/org/apache/kerby/kerb-client/1.0.1/kerb-client-1.0.1.jar:/home/user/.m2/repository/org/apache/kerby/kerby-config/1.0.1/kerby-config-1.0.1.jar:/home/user/.m2/repository/org/apache/kerby/kerb-core/1.0.1/kerb-core-1.0.1.jar:/home/user/.m2/repository/org/apache/kerby/kerby-pkix/1.0.1/kerby-pkix-1.0.1.jar:/home/user/.m2/repository/org/apache/kerby/kerby-asn1/1.0.1/kerby-asn1-1.0.1.jar:/home/user/.m2/repository/org/apache/kerby/kerby-util/1.0.1/kerby-util-1.0.1.jar:/home/user/.m2/repository/org/apache/kerby/kerb-common/1.0.1/kerb-common-1.0.1.jar:/home/user/.m2/repository/org/apache/kerby/kerb-crypto/1.0.1/kerb-crypto-1.0.1.jar:/home/user/.m2/repository/org/apache/kerby/kerb-util/1.0.1/kerb-util-1.0.1.jar:/home/user/.m2/repository/org/apache/kerby/token-provider/1.0.1/token-provider-1.0.1.jar:/home/user/.m2/repository/org/apache/kerby/kerb-admin/1.0.1/kerb-admin-1.0.1.jar:/home/user/.m2/repository/org/apache/kerby/kerb-server/1.0.1/kerb-server-1.0.1.jar:/home/user/.m2/repository/org/apache/kerby/kerb-identity/1.0.1/kerb-identity-1.0.1.jar:/home/user/.m2/repository/org/apache/kerby/kerby-xdr/1.0.1/kerby-xdr-1.0.1.jar:/home/user/.m2/repository/org/slf4j/slf4j-log4j12/1.7.25/slf4j-log4j12-1.7.25.jar:/home/user/.m2/repository/org/apache/hadoop/hadoop-ozone-s3gateway/0.5.0-SNAPSHOT/hadoop-ozone-s3gateway-0.5.0-SNAPSHOT.jar:/home/user/.m2/repository/org/jboss/weld/servlet/weld-servlet/2.4.7.Final/weld-servlet-2.4.7.Final.jar:/home/user/.m2/repository/org/glassfish/jersey/containers/jersey-container-servlet-core/2.27/jersey-container-servlet-core-2.27.jar:/home/user/.m2/repository/org/glassfish/hk2/external/javax.inject/2.5.0-b42/javax.inject-2.5.0-b42.jar:/home/user/.m2/repository/org/glassfish/jersey/core/jersey-common/2.27/jersey-common-2.27.jar:/home/user/.m2/repository/org/glassfish/hk2/osgi-resource-locator/1.0.1/osgi-resource-locator-1.0.1.jar:/home/user/.m2/repository/javax/ws/rs/javax.ws.rs-api/2.1/javax.ws.rs-api-2.1.jar:/home/user/.m2/repository/org/glassfish/jersey/ext/cdi/jersey-cdi1x/2.27/jersey-cdi1x-2.27.jar:/home/user/.m2/repository/org/glassfish/jersey/inject/jersey-hk2/2.27/jersey-hk2-2.27.jar:/home/user/.m2/repository/org/glassfish/hk2/hk2-locator/2.5.0-b42/hk2-locator-2.5.0-b42.jar:/home/user/.m2/repository/org/javassist/javassist/3.22.0-CR2/javassist-3.22.0-CR2.jar:/home/user/.m2/repository/org/glassfish/hk2/hk2-api/2.5.0/hk2-api-2.5.0.jar:/home/user/.m2/repository/org/glassfish/hk2/external/jakarta.inject/2.5.0/jakarta.inject-2.5.0.jar:/home/user/.m2/repository/org/glassfish/hk2/hk2-utils/2.5.0/hk2-utils-2.5.0.jar:/home/user/.m2/repository/jakarta/annotation/jakarta.annotation-api/1.3.4/jakarta.annotation-api-1.3.4.jar:/home/user/.m2/repository/org/glassfish/hk2/external/aopalliance-repackaged/2.5.0/aopalliance-repackaged-2.5.0.jar:/home/user/.m2/repository/com/fasterxml/jackson/dataformat/jackson-dataformat-xml/2.9.0/jackson-dataformat-xml-2.9.0.jar:/home/user/.m2/repository/com/fasterxml/jackson/core/jackson-core/2.10.3/jackson-core-2.10.3.jar:/home/user/.m2/repository/com/fasterxml/jackson/module/jackson-module-jaxb-annotations/2.10.3/jackson-module-jaxb-annotations-2.10.3.jar:/home/user/.m2/repository/jakarta/xml/bind/jakarta.xml.bind-api/2.3.2/jakarta.xml.bind-api-2.3.2.jar:/home/user/.m2/repository/jakarta/activation/jakarta.activation-api/1.2.1/jakarta.activation-api-1.2.1.jar:/home/user/.m2/repository/javax/enterprise/cdi-api/1.2/cdi-api-1.2.jar:/home/user/.m2/repository/javax/el/javax.el-api/3.0.0/javax.el-api-3.0.0.jar:/home/user/.m2/repository/javax/interceptor/javax.interceptor-api/1.2/javax.interceptor-api-1.2.jar:/home/user/.m2/repository/javax/inject/javax.inject/1/javax.inject-1.jar:/home/user/.m2/repository/com/sun/xml/bind/jaxb-impl/2.3.0.1/jaxb-impl-2.3.0.1.jar:/home/user/.m2/repository/com/sun/xml/bind/jaxb-core/2.3.0.1/jaxb-core-2.3.0.1.jar:/home/user/.m2/repository/javax/xml/bind/jaxb-api/2.3.0/jaxb-api-2.3.0.jar:/home/user/.m2/repository/javax/activation/activation/1.1.1/activation-1.1.1.jar:/home/user/.m2/repository/org/apache/hadoop/hadoop-ozone-csi/0.5.0-SNAPSHOT/hadoop-ozone-csi-0.5.0-SNAPSHOT.jar:/home/user/.m2/repository/com/google/protobuf/protobuf-java-util/3.5.1/protobuf-java-util-3.5.1.jar:/home/user/.m2/repository/org/apache/hadoop/hadoop-hdds-config/0.5.0-SNAPSHOT/hadoop-hdds-config-0.5.0-SNAPSHOT.jar:/home/user/.m2/repository/com/google/guava/guava/28.2-jre/guava-28.2-jre.jar:/home/user/.m2/repository/com/google/guava/failureaccess/1.0.1/failureaccess-1.0.1.jar:/home/user/.m2/repository/com/google/guava/listenablefuture/9999.0-empty-to-avoid-conflict-with-guava/listenablefuture-9999.0-empty-to-avoid-conflict-with-guava.jar:/home/user/.m2/repository/org/checkerframework/checker-qual/2.10.0/checker-qual-2.10.0.jar:/home/user/.m2/repository/com/google/errorprone/error_prone_annotations/2.3.4/error_prone_annotations-2.3.4.jar:/home/user/.m2/repository/com/google/j2objc/j2objc-annotations/1.3/j2objc-annotations-1.3.jar:/home/user/.m2/repository/com/google/protobuf/protobuf-java/2.5.0/protobuf-java-2.5.0.jar:/home/user/.m2/repository/io/grpc/grpc-netty/1.17.1/grpc-netty-1.17.1.jar:/home/user/.m2/repository/io/grpc/grpc-core/1.17.1/grpc-core-1.17.1.jar:/home/user/.m2/repository/io/grpc/grpc-context/1.17.1/grpc-context-1.17.1.jar:/home/user/.m2/repository/org/codehaus/mojo/animal-sniffer-annotations/1.17/animal-sniffer-annotations-1.17.jar:/home/user/.m2/repository/io/opencensus/opencensus-api/0.17.0/opencensus-api-0.17.0.jar:/home/user/.m2/repository/io/opencensus/opencensus-contrib-grpc-metrics/0.17.0/opencensus-contrib-grpc-metrics-0.17.0.jar:/home/user/.m2/repository/io/netty/netty-codec-http2/4.1.30.Final/netty-codec-http2-4.1.30.Final.jar:/home/user/.m2/repository/io/netty/netty-codec-http/4.1.30.Final/netty-codec-http-4.1.30.Final.jar:/home/user/.m2/repository/io/netty/netty-codec/4.1.30.Final/netty-codec-4.1.30.Final.jar:/home/user/.m2/repository/io/netty/netty-handler/4.1.30.Final/netty-handler-4.1.30.Final.jar:/home/user/.m2/repository/io/netty/netty-handler-proxy/4.1.30.Final/netty-handler-proxy-4.1.30.Final.jar:/home/user/.m2/repository/io/netty/netty-codec-socks/4.1.30.Final/netty-codec-socks-4.1.30.Final.jar:/home/user/.m2/repository/io/netty/netty-transport-native-epoll/4.1.30.Final/netty-transport-native-epoll-4.1.30.Final.jar:/home/user/.m2/repository/io/netty/netty-common/4.1.30.Final/netty-common-4.1.30.Final.jar:/home/user/.m2/repository/io/netty/netty-buffer/4.1.30.Final/netty-buffer-4.1.30.Final.jar:/home/user/.m2/repository/io/netty/netty-transport/4.1.30.Final/netty-transport-4.1.30.Final.jar:/home/user/.m2/repository/io/netty/netty-resolver/4.1.30.Final/netty-resolver-4.1.30.Final.jar:/home/user/.m2/repository/io/netty/netty-transport-native-unix-common/4.1.30.Final/netty-transport-native-unix-common-4.1.30.Final.jar:/home/user/.m2/repository/io/grpc/grpc-protobuf/1.17.1/grpc-protobuf-1.17.1.jar:/home/user/.m2/repository/com/google/api/grpc/proto-google-common-protos/1.0.0/proto-google-common-protos-1.0.0.jar:/home/user/.m2/repository/io/grpc/grpc-protobuf-lite/1.17.1/grpc-protobuf-lite-1.17.1.jar:/home/user/.m2/repository/io/grpc/grpc-stub/1.17.1/grpc-stub-1.17.1.jar:/home/user/.m2/repository/org/apache/hadoop/hadoop-ozone-recon/0.5.0-SNAPSHOT/hadoop-ozone-recon-0.5.0-SNAPSHOT.jar:/home/user/.m2/repository/org/apache/hadoop/hadoop-ozone-reconcodegen/0.5.0-SNAPSHOT/hadoop-ozone-reconcodegen-0.5.0-SNAPSHOT.jar:/home/user/.m2/repository/com/google/inject/extensions/guice-multibindings/4.0/guice-multibindings-4.0.jar:/home/user/.m2/repository/com/google/inject/guice/4.0/guice-4.0.jar:/home/user/.m2/repository/aopalliance/aopalliance/1.0/aopalliance-1.0.jar:/home/user/.m2/repository/com/google/inject/extensions/guice-servlet/4.0/guice-servlet-4.0.jar:/home/user/.m2/repository/org/glassfish/jersey/containers/jersey-container-servlet/2.27/jersey-container-servlet-2.27.jar:/home/user/.m2/repository/org/glassfish/hk2/guice-bridge/2.5.0/guice-bridge-2.5.0.jar:/home/user/.m2/repository/org/glassfish/jersey/core/jersey-server/2.27/jersey-server-2.27.jar:/home/user/.m2/repository/org/glassfish/jersey/core/jersey-client/2.27/jersey-client-2.27.jar:/home/user/.m2/repository/org/glassfish/jersey/media/jersey-media-jaxb/2.27/jersey-media-jaxb-2.27.jar:/home/user/.m2/repository/javax/validation/validation-api/1.1.0.Final/validation-api-1.1.0.Final.jar:/home/user/.m2/repository/org/glassfish/jersey/media/jersey-media-json-jackson/2.27/jersey-media-json-jackson-2.27.jar:/home/user/.m2/repository/org/glassfish/jersey/ext/jersey-entity-filtering/2.27/jersey-entity-filtering-2.27.jar:/home/user/.m2/repository/com/google/inject/extensions/guice-assistedinject/4.0/guice-assistedinject-4.0.jar:/home/user/.m2/repository/org/jooq/jooq/3.11.10/jooq-3.11.10.jar:/home/user/.m2/repository/org/jooq/jooq-meta/3.11.10/jooq-meta-3.11.10.jar:/home/user/.m2/repository/org/jooq/jooq-codegen/3.11.10/jooq-codegen-3.11.10.jar:/home/user/.m2/repository/com/jolbox/bonecp/0.8.0.RELEASE/bonecp-0.8.0.RELEASE.jar:/home/user/.m2/repository/org/xerial/sqlite-jdbc/3.25.2/sqlite-jdbc-3.25.2.jar:/home/user/.m2/repository/org/springframework/spring-jdbc/5.1.3.RELEASE/spring-jdbc-5.1.3.RELEASE.jar:/home/user/.m2/repository/org/springframework/spring-beans/5.1.3.RELEASE/spring-beans-5.1.3.RELEASE.jar:/home/user/.m2/repository/org/springframework/spring-core/5.1.3.RELEASE/spring-core-5.1.3.RELEASE.jar:/home/user/.m2/repository/org/springframework/spring-jcl/5.1.3.RELEASE/spring-jcl-5.1.3.RELEASE.jar:/home/user/.m2/repository/org/springframework/spring-tx/5.1.3.RELEASE/spring-tx-5.1.3.RELEASE.jar:/home/user/.m2/repository/org/apache/hadoop/hadoop-ozone-client/0.5.0-SNAPSHOT/hadoop-ozone-client-0.5.0-SNAPSHOT.jar:/home/user/.m2/repository/org/apache/hadoop/hadoop-ozone-filesystem/0.5.0-SNAPSHOT/hadoop-ozone-filesystem-0.5.0-SNAPSHOT.jar:/home/user/.m2/repository/org/apache/httpcomponents/httpclient/4.5.2/httpclient-4.5.2.jar:/home/user/.m2/repository/org/apache/httpcomponents/httpcore/4.4.4/httpcore-4.4.4.jar:/home/user/.m2/repository/org/apache/hadoop/hadoop-ozone-tools/0.5.0-SNAPSHOT/hadoop-ozone-tools-0.5.0-SNAPSHOT.jar:/home/user/.m2/repository/com/amazonaws/aws-java-sdk-s3/1.11.615/aws-java-sdk-s3-1.11.615.jar:/home/user/.m2/repository/com/amazonaws/aws-java-sdk-kms/1.11.615/aws-java-sdk-kms-1.11.615.jar:/home/user/.m2/repository/com/amazonaws/aws-java-sdk-core/1.11.615/aws-java-sdk-core-1.11.615.jar:/home/user/.m2/repository/software/amazon/ion/ion-java/1.0.2/ion-java-1.0.2.jar:/home/user/.m2/repository/com/fasterxml/jackson/dataformat/jackson-dataformat-cbor/2.10.3/jackson-dataformat-cbor-2.10.3.jar:/home/user/.m2/repository/joda-time/joda-time/2.9.9/joda-time-2.9.9.jar:/home/user/.m2/repository/com/amazonaws/jmespath-java/1.11.615/jmespath-java-1.11.615.jar:/home/user/.m2/repository/commons-lang/commons-lang/2.6/commons-lang-2.6.jar:/home/user/.m2/repository/org/apache/hadoop/hadoop-ozone-ozone-manager/0.5.0-SNAPSHOT/hadoop-ozone-ozone-manager-0.5.0-SNAPSHOT-tests.jar:/home/user/.m2/repository/junit/junit/4.11/junit-4.11.jar:/home/user/.m2/repository/org/hamcrest/hamcrest-core/1.3/hamcrest-core-1.3.jar:/home/user/.m2/repository/org/openjdk/jmh/jmh-core/1.19/jmh-core-1.19.jar:/home/user/.m2/repository/net/sf/jopt-simple/jopt-simple/4.6/jopt-simple-4.6.jar:/home/user/.m2/repository/org/apache/commons/commons-math3/3.1.1/commons-math3-3.1.1.jar:/home/user/.m2/repository/org/openjdk/jmh/jmh-generator-annprocess/1.19/jmh-generator-annprocess-1.19.jar:/home/user/.m2/repository/org/mockito/mockito-all/1.8.5/mockito-all-1.8.5.jar:/home/user/.m2/repository/org/apache/hadoop/hadoop-kms/3.2.0/hadoop-kms-3.2.0.jar:/home/user/.m2/repository/org/apache/hadoop/hadoop-auth/3.2.0/hadoop-auth-3.2.0.jar:/home/user/.m2/repository/com/nimbusds/nimbus-jose-jwt/7.9/nimbus-jose-jwt-7.9.jar:/home/user/.m2/repository/com/github/stephenc/jcip/jcip-annotations/1.0-1/jcip-annotations-1.0-1.jar:/home/user/.m2/repository/net/minidev/json-smart/2.3/json-smart-2.3.jar:/home/user/.m2/repository/net/minidev/accessors-smart/1.2/accessors-smart-1.2.jar:/home/user/.m2/repository/org/ow2/asm/asm/5.0.4/asm-5.0.4.jar:/home/user/.m2/repository/org/apache/curator/curator-framework/2.12.0/curator-framework-2.12.0.jar:/home/user/.m2/repository/com/sun/jersey/jersey-core/1.19/jersey-core-1.19.jar:/home/user/.m2/repository/javax/ws/rs/jsr311-api/1.1.1/jsr311-api-1.1.1.jar:/home/user/.m2/repository/com/sun/jersey/jersey-server/1.19/jersey-server-1.19.jar:/home/user/.m2/repository/javax/servlet/javax.servlet-api/3.1.0/javax.servlet-api-3.1.0.jar:/home/user/.m2/repository/org/eclipse/jetty/jetty-server/9.4.26.v20200117/jetty-server-9.4.26.v20200117.jar:/home/user/.m2/repository/org/eclipse/jetty/jetty-http/9.4.26.v20200117/jetty-http-9.4.26.v20200117.jar:/home/user/.m2/repository/org/eclipse/jetty/jetty-io/9.4.26.v20200117/jetty-io-9.4.26.v20200117.jar:/home/user/.m2/repository/org/eclipse/jetty/jetty-webapp/9.4.26.v20200117/jetty-webapp-9.4.26.v20200117.jar:/home/user/.m2/repository/org/eclipse/jetty/jetty-xml/9.4.26.v20200117/jetty-xml-9.4.26.v20200117.jar:/home/user/.m2/repository/log4j/log4j/1.2.17/log4j-1.2.17.jar:/home/user/.m2/repository/org/slf4j/slf4j-api/1.7.25/slf4j-api-1.7.25.jar:/home/user/.m2/repository/org/slf4j/jul-to-slf4j/1.7.25/jul-to-slf4j-1.7.25.jar:/home/user/.m2/repository/org/eclipse/jetty/jetty-util/9.4.26.v20200117/jetty-util-9.4.26.v20200117.jar:/home/user/.m2/repository/com/fasterxml/jackson/core/jackson-databind/2.10.3/jackson-databind-2.10.3.jar:/home/user/.m2/repository/org/apache/hadoop/hadoop-kms/3.2.0/hadoop-kms-3.2.0-tests.jar:/home/user/.m2/repository/org/apache/hadoop/hadoop-hdds-server-scm/0.5.0-SNAPSHOT/hadoop-hdds-server-scm-0.5.0-SNAPSHOT-tests.jar:/home/user/.m2/repository/org/apache/hadoop/hadoop-hdds-container-service/0.5.0-SNAPSHOT/hadoop-hdds-container-service-0.5.0-SNAPSHOT-tests.jar:/home/user/.m2/repository/org/apache/hadoop/hadoop-hdds-common/0.5.0-SNAPSHOT/hadoop-hdds-common-0.5.0-SNAPSHOT-tests.jar:/home/user/.m2/repository/org/yaml/snakeyaml/1.16/snakeyaml-1.16.jar:/home/user/.m2/repository/org/apache/hadoop/hadoop-common/3.2.0/hadoop-common-3.2.0-tests.jar:/home/user/.m2/repository/org/apache/hadoop/hadoop-annotations/3.2.0/hadoop-annotations-3.2.0.jar:/usr/lib/jvm/java-1.8.0-openjdk-1.8.0.232.b09-0.el7_7.x86_64/jre/../lib/tools.jar:/home/user/.m2/repository/commons-cli/commons-cli/1.2/commons-cli-1.2.jar:/home/user/.m2/repository/commons-codec/commons-codec/1.11/commons-codec-1.11.jar:/home/user/.m2/repository/commons-net/commons-net/3.6/commons-net-3.6.jar:/home/user/.m2/repository/commons-collections/commons-collections/3.2.2/commons-collections-3.2.2.jar:/home/user/.m2/repository/org/eclipse/jetty/jetty-servlet/9.4.26.v20200117/jetty-servlet-9.4.26.v20200117.jar:/home/user/.m2/repository/org/eclipse/jetty/jetty-security/9.4.26.v20200117/jetty-security-9.4.26.v20200117.jar:/home/user/.m2/repository/javax/servlet/jsp/jsp-api/2.1/jsp-api-2.1.jar:/home/user/.m2/repository/com/sun/jersey/jersey-servlet/1.19/jersey-servlet-1.19.jar:/home/user/.m2/repository/com/sun/jersey/jersey-json/1.19/jersey-json-1.19.jar:/home/user/.m2/repository/org/codehaus/jettison/jettison/1.1/jettison-1.1.jar:/home/user/.m2/repository/org/codehaus/jackson/jackson-core-asl/1.9.13/jackson-core-asl-1.9.13.jar:/home/user/.m2/repository/org/codehaus/jackson/jackson-mapper-asl/1.9.13/jackson-mapper-asl-1.9.13.jar:/home/user/.m2/repository/org/codehaus/jackson/jackson-jaxrs/1.9.13/jackson-jaxrs-1.9.13.jar:/home/user/.m2/repository/org/codehaus/jackson/jackson-xc/1.9.13/jackson-xc-1.9.13.jar:/home/user/.m2/repository/commons-logging/commons-logging/1.1.3/commons-logging-1.1.3.jar:/home/user/.m2/repository/commons-beanutils/commons-beanutils/1.9.4/commons-beanutils-1.9.4.jar:/home/user/.m2/repository/org/apache/commons/commons-configuration2/2.1.1/commons-configuration2-2.1.1.jar:/home/user/.m2/repository/org/apache/commons/commons-lang3/3.7/commons-lang3-3.7.jar:/home/user/.m2/repository/org/apache/commons/commons-text/1.4/commons-text-1.4.jar:/home/user/.m2/repository/org/apache/avro/avro/1.7.7/avro-1.7.7.jar:/home/user/.m2/repository/com/thoughtworks/paranamer/paranamer/2.3/paranamer-2.3.jar:/home/user/.m2/repository/org/xerial/snappy/snappy-java/1.0.5/snappy-java-1.0.5.jar:/home/user/.m2/repository/com/google/re2j/re2j/1.1/re2j-1.1.jar:/home/user/.m2/repository/com/google/code/gson/gson/2.2.4/gson-2.2.4.jar:/home/user/.m2/repository/com/jcraft/jsch/0.1.54/jsch-0.1.54.jar:/home/user/.m2/repository/org/apache/curator/curator-client/2.12.0/curator-client-2.12.0.jar:/home/user/.m2/repository/org/apache/curator/curator-recipes/2.12.0/curator-recipes-2.12.0.jar:/home/user/.m2/repository/com/google/code/findbugs/jsr305/3.0.0/jsr305-3.0.0.jar:/home/user/.m2/repository/org/apache/htrace/htrace-core4/4.1.0-incubating/htrace-core4-4.1.0-incubating.jar:/home/user/.m2/repository/org/apache/zookeeper/zookeeper/3.4.13/zookeeper-3.4.13.jar:/home/user/.m2/repository/jline/jline/0.9.94/jline-0.9.94.jar:/home/user/.m2/repository/org/apache/yetus/audience-annotations/0.5.0/audience-annotations-0.5.0.jar:/home/user/.m2/repository/org/codehaus/woodstox/stax2-api/3.1.4/stax2-api-3.1.4.jar:/home/user/.m2/repository/com/fasterxml/woodstox/woodstox-core/5.0.3/woodstox-core-5.0.3.jar:/home/user/.m2/repository/dnsjava/dnsjava/2.1.7/dnsjava-2.1.7.jar:/home/user/.m2/repository/org/apache/hadoop/hadoop-hdfs/3.2.0/hadoop-hdfs-3.2.0-tests.jar:/home/user/.m2/repository/org/eclipse/jetty/jetty-util-ajax/9.4.26.v20200117/jetty-util-ajax-9.4.26.v20200117.jar:/home/user/.m2/repository/commons-daemon/commons-daemon/1.0.13/commons-daemon-1.0.13.jar:/home/user/.m2/repository/io/netty/netty/3.10.5.Final/netty-3.10.5.Final.jar:/home/user/.m2/repository/io/netty/netty-all/4.1.47.Final/netty-all-4.1.47.Final.jar:/home/user/.m2/repository/org/fusesource/leveldbjni/leveldbjni-all/1.8/leveldbjni-all-1.8.jar:/home/user/.m2/repository/org/apache/hadoop/hadoop-distcp/3.2.0/hadoop-distcp-3.2.0.jar:/home/user/.m2/repository/org/apache/hadoop/hadoop-mapreduce-client-jobclient/3.2.0/hadoop-mapreduce-client-jobclient-3.2.0.jar:/home/user/.m2/repository/org/apache/hadoop/hadoop-mapreduce-client-common/3.2.0/hadoop-mapreduce-client-common-3.2.0.jar:/home/user/.m2/repository/org/apache/hadoop/hadoop-yarn-common/3.2.0/hadoop-yarn-common-3.2.0.jar:/home/user/.m2/repository/org/apache/hadoop/hadoop-yarn-api/3.2.0/hadoop-yarn-api-3.2.0.jar:/home/user/.m2/repository/com/sun/jersey/jersey-client/1.19/jersey-client-1.19.jar:/home/user/.m2/repository/com/sun/jersey/contribs/jersey-guice/1.19/jersey-guice-1.19.jar:/home/user/.m2/repository/com/fasterxml/jackson/jaxrs/jackson-jaxrs-json-provider/2.10.3/jackson-jaxrs-json-provider-2.10.3.jar:/home/user/.m2/repository/com/fasterxml/jackson/jaxrs/jackson-jaxrs-base/2.10.3/jackson-jaxrs-base-2.10.3.jar:/home/user/.m2/repository/org/apache/hadoop/hadoop-yarn-client/3.2.0/hadoop-yarn-client-3.2.0.jar:/home/user/.m2/repository/org/apache/hadoop/hadoop-mapreduce-client-core/3.2.0/hadoop-mapreduce-client-core-3.2.0.jar:/home/user/.m2/repository/org/apache/hadoop/hadoop-distcp/3.2.0/hadoop-distcp-3.2.0-tests.jar:"/>
    <property name="java.vm.vendor" value="Oracle Corporation"/>
    <property name="sun.arch.data.model" value="64"/>
    <property name="test.build.dir" value="/github/workspace/hadoop-ozone/integration-test/target/test-dir"/>
    <property name="test.cache.data" value=""/>
    <property name="java.vendor.url" value="http://java.oracle.com/"/>
    <property name="user.timezone" value=""/>
    <property name="java.vm.specification.version" value="1.8"/>
    <property name="os.name" value="Linux"/>
    <property name="test.build.data" value="/github/workspace/hadoop-ozone/integration-test/target/test-dir"/>
    <property name="user.country" value="US"/>
    <property name="sun.java.launcher" value="SUN_STANDARD"/>
    <property name="sun.boot.library.path" value="/usr/lib/jvm/java-1.8.0-openjdk-1.8.0.232.b09-0.el7_7.x86_64/jre/lib/amd64"/>
    <property name="sun.java.command" value="/github/workspace/hadoop-ozone/integration-test/target/surefire/surefirebooter4258144580712268888.jar /github/workspace/hadoop-ozone/integration-test/target/surefire 2020-03-19T17-11-04_115-jvmRun1 surefire5431122274369032392tmp surefire_46907562294764850817tmp"/>
    <property name="surefire.test.class.path" value="/github/workspace/hadoop-ozone/integration-test/target/test-classes:/github/workspace/hadoop-ozone/integration-test/target/classes:/home/user/.m2/repository/org/apache/hadoop/hadoop-ozone-common/0.5.0-SNAPSHOT/hadoop-ozone-common-0.5.0-SNAPSHOT.jar:/home/user/.m2/repository/org/apache/commons/commons-compress/1.4.1/commons-compress-1.4.1.jar:/home/user/.m2/repository/org/tukaani/xz/1.0/xz-1.0.jar:/home/user/.m2/repository/org/apache/hadoop/hadoop-common/3.2.0/hadoop-common-3.2.0.jar:/home/user/.m2/repository/org/apache/hadoop/hadoop-hdfs/3.2.0/hadoop-hdfs-3.2.0.jar:/home/user/.m2/repository/org/apache/hadoop/hadoop-hdfs-client/3.2.0/hadoop-hdfs-client-3.2.0.jar:/home/user/.m2/repository/com/fasterxml/jackson/core/jackson-annotations/2.10.3/jackson-annotations-2.10.3.jar:/home/user/.m2/repository/org/apache/hadoop/hadoop-hdds-common/0.5.0-SNAPSHOT/hadoop-hdds-common-0.5.0-SNAPSHOT.jar:/home/user/.m2/repository/info/picocli/picocli/3.9.6/picocli-3.9.6.jar:/home/user/.m2/repository/javax/annotation/javax.annotation-api/1.2/javax.annotation-api-1.2.jar:/home/user/.m2/repository/org/apache/ratis/ratis-server/0.6.0-a320ae0-SNAPSHOT/ratis-server-0.6.0-a320ae0-SNAPSHOT.jar:/home/user/.m2/repository/org/apache/ratis/ratis-thirdparty-misc/0.3.0/ratis-thirdparty-misc-0.3.0.jar:/home/user/.m2/repository/org/apache/ratis/ratis-proto/0.6.0-a320ae0-SNAPSHOT/ratis-proto-0.6.0-a320ae0-SNAPSHOT.jar:/home/user/.m2/repository/org/apache/ratis/ratis-common/0.6.0-a320ae0-SNAPSHOT/ratis-common-0.6.0-a320ae0-SNAPSHOT.jar:/home/user/.m2/repository/org/apache/ratis/ratis-client/0.6.0-a320ae0-SNAPSHOT/ratis-client-0.6.0-a320ae0-SNAPSHOT.jar:/home/user/.m2/repository/org/apache/ratis/ratis-metrics/0.6.0-a320ae0-SNAPSHOT/ratis-metrics-0.6.0-a320ae0-SNAPSHOT.jar:/home/user/.m2/repository/org/apache/ratis/ratis-netty/0.6.0-a320ae0-SNAPSHOT/ratis-netty-0.6.0-a320ae0-SNAPSHOT.jar:/home/user/.m2/repository/org/apache/ratis/ratis-grpc/0.6.0-a320ae0-SNAPSHOT/ratis-grpc-0.6.0-a320ae0-SNAPSHOT.jar:/home/user/.m2/repository/org/rocksdb/rocksdbjni/6.6.4/rocksdbjni-6.6.4.jar:/home/user/.m2/repository/org/apache/logging/log4j/log4j-api/2.11.0/log4j-api-2.11.0.jar:/home/user/.m2/repository/org/apache/logging/log4j/log4j-core/2.11.0/log4j-core-2.11.0.jar:/home/user/.m2/repository/com/lmax/disruptor/3.4.2/disruptor-3.4.2.jar:/home/user/.m2/repository/org/apache/commons/commons-pool2/2.6.0/commons-pool2-2.6.0.jar:/home/user/.m2/repository/org/bouncycastle/bcpkix-jdk15on/1.60/bcpkix-jdk15on-1.60.jar:/home/user/.m2/repository/commons-validator/commons-validator/1.6/commons-validator-1.6.jar:/home/user/.m2/repository/commons-digester/commons-digester/1.8.1/commons-digester-1.8.1.jar:/home/user/.m2/repository/io/jaegertracing/jaeger-client/0.34.0/jaeger-client-0.34.0.jar:/home/user/.m2/repository/io/jaegertracing/jaeger-thrift/0.34.0/jaeger-thrift-0.34.0.jar:/home/user/.m2/repository/org/apache/thrift/libthrift/0.12.0/libthrift-0.12.0.jar:/home/user/.m2/repository/com/squareup/okhttp3/okhttp/3.9.0/okhttp-3.9.0.jar:/home/user/.m2/repository/com/squareup/okio/okio/1.13.0/okio-1.13.0.jar:/home/user/.m2/repository/io/jaegertracing/jaeger-core/0.34.0/jaeger-core-0.34.0.jar:/home/user/.m2/repository/io/jaegertracing/jaeger-tracerresolver/0.34.0/jaeger-tracerresolver-0.34.0.jar:/home/user/.m2/repository/io/opentracing/contrib/opentracing-tracerresolver/0.1.5/opentracing-tracerresolver-0.1.5.jar:/home/user/.m2/repository/io/opentracing/opentracing-util/0.31.0/opentracing-util-0.31.0.jar:/home/user/.m2/repository/io/opentracing/opentracing-api/0.31.0/opentracing-api-0.31.0.jar:/home/user/.m2/repository/io/opentracing/opentracing-noop/0.31.0/opentracing-noop-0.31.0.jar:/home/user/.m2/repository/com/fasterxml/jackson/datatype/jackson-datatype-jsr310/2.10.3/jackson-datatype-jsr310-2.10.3.jar:/home/user/.m2/repository/org/apache/hadoop/hadoop-hdds-client/0.5.0-SNAPSHOT/hadoop-hdds-client-0.5.0-SNAPSHOT.jar:/home/user/.m2/repository/org/apache/hadoop/hadoop-hdds-tools/0.5.0-SNAPSHOT/hadoop-hdds-tools-0.5.0-SNAPSHOT.jar:/home/user/.m2/repository/org/apache/ratis/ratis-tools/0.6.0-a320ae0-SNAPSHOT/ratis-tools-0.6.0-a320ae0-SNAPSHOT.jar:/home/user/.m2/repository/org/apache/hadoop/hadoop-hdds-server-scm/0.5.0-SNAPSHOT/hadoop-hdds-server-scm-0.5.0-SNAPSHOT.jar:/home/user/.m2/repository/org/apache/hadoop/hadoop-hdds-container-service/0.5.0-SNAPSHOT/hadoop-hdds-container-service-0.5.0-SNAPSHOT.jar:/home/user/.m2/repository/org/apache/hadoop/hadoop-hdds-server-framework/0.5.0-SNAPSHOT/hadoop-hdds-server-framework-0.5.0-SNAPSHOT.jar:/home/user/.m2/repository/io/prometheus/simpleclient_dropwizard/0.7.0/simpleclient_dropwizard-0.7.0.jar:/home/user/.m2/repository/io/prometheus/simpleclient/0.7.0/simpleclient-0.7.0.jar:/home/user/.m2/repository/io/prometheus/simpleclient_common/0.7.0/simpleclient_common-0.7.0.jar:/home/user/.m2/repository/org/apache/hadoop/hadoop-hdds-docs/0.5.0-SNAPSHOT/hadoop-hdds-docs-0.5.0-SNAPSHOT.jar:/home/user/.m2/repository/io/dropwizard/metrics/metrics-core/3.2.4/metrics-core-3.2.4.jar:/home/user/.m2/repository/org/bouncycastle/bcprov-jdk15on/1.60/bcprov-jdk15on-1.60.jar:/home/user/.m2/repository/org/apache/hadoop/hadoop-ozone-ozone-manager/0.5.0-SNAPSHOT/hadoop-ozone-ozone-manager-0.5.0-SNAPSHOT.jar:/home/user/.m2/repository/org/apache/hadoop/hadoop-minikdc/3.2.0/hadoop-minikdc-3.2.0.jar:/home/user/.m2/repository/commons-io/commons-io/2.5/commons-io-2.5.jar:/home/user/.m2/repository/org/apache/kerby/kerb-simplekdc/1.0.1/kerb-simplekdc-1.0.1.jar:/home/user/.m2/repository/org/apache/kerby/kerb-client/1.0.1/kerb-client-1.0.1.jar:/home/user/.m2/repository/org/apache/kerby/kerby-config/1.0.1/kerby-config-1.0.1.jar:/home/user/.m2/repository/org/apache/kerby/kerb-core/1.0.1/kerb-core-1.0.1.jar:/home/user/.m2/repository/org/apache/kerby/kerby-pkix/1.0.1/kerby-pkix-1.0.1.jar:/home/user/.m2/repository/org/apache/kerby/kerby-asn1/1.0.1/kerby-asn1-1.0.1.jar:/home/user/.m2/repository/org/apache/kerby/kerby-util/1.0.1/kerby-util-1.0.1.jar:/home/user/.m2/repository/org/apache/kerby/kerb-common/1.0.1/kerb-common-1.0.1.jar:/home/user/.m2/repository/org/apache/kerby/kerb-crypto/1.0.1/kerb-crypto-1.0.1.jar:/home/user/.m2/repository/org/apache/kerby/kerb-util/1.0.1/kerb-util-1.0.1.jar:/home/user/.m2/repository/org/apache/kerby/token-provider/1.0.1/token-provider-1.0.1.jar:/home/user/.m2/repository/org/apache/kerby/kerb-admin/1.0.1/kerb-admin-1.0.1.jar:/home/user/.m2/repository/org/apache/kerby/kerb-server/1.0.1/kerb-server-1.0.1.jar:/home/user/.m2/repository/org/apache/kerby/kerb-identity/1.0.1/kerb-identity-1.0.1.jar:/home/user/.m2/repository/org/apache/kerby/kerby-xdr/1.0.1/kerby-xdr-1.0.1.jar:/home/user/.m2/repository/org/slf4j/slf4j-log4j12/1.7.25/slf4j-log4j12-1.7.25.jar:/home/user/.m2/repository/org/apache/hadoop/hadoop-ozone-s3gateway/0.5.0-SNAPSHOT/hadoop-ozone-s3gateway-0.5.0-SNAPSHOT.jar:/home/user/.m2/repository/org/jboss/weld/servlet/weld-servlet/2.4.7.Final/weld-servlet-2.4.7.Final.jar:/home/user/.m2/repository/org/glassfish/jersey/containers/jersey-container-servlet-core/2.27/jersey-container-servlet-core-2.27.jar:/home/user/.m2/repository/org/glassfish/hk2/external/javax.inject/2.5.0-b42/javax.inject-2.5.0-b42.jar:/home/user/.m2/repository/org/glassfish/jersey/core/jersey-common/2.27/jersey-common-2.27.jar:/home/user/.m2/repository/org/glassfish/hk2/osgi-resource-locator/1.0.1/osgi-resource-locator-1.0.1.jar:/home/user/.m2/repository/javax/ws/rs/javax.ws.rs-api/2.1/javax.ws.rs-api-2.1.jar:/home/user/.m2/repository/org/glassfish/jersey/ext/cdi/jersey-cdi1x/2.27/jersey-cdi1x-2.27.jar:/home/user/.m2/repository/org/glassfish/jersey/inject/jersey-hk2/2.27/jersey-hk2-2.27.jar:/home/user/.m2/repository/org/glassfish/hk2/hk2-locator/2.5.0-b42/hk2-locator-2.5.0-b42.jar:/home/user/.m2/repository/org/javassist/javassist/3.22.0-CR2/javassist-3.22.0-CR2.jar:/home/user/.m2/repository/org/glassfish/hk2/hk2-api/2.5.0/hk2-api-2.5.0.jar:/home/user/.m2/repository/org/glassfish/hk2/external/jakarta.inject/2.5.0/jakarta.inject-2.5.0.jar:/home/user/.m2/repository/org/glassfish/hk2/hk2-utils/2.5.0/hk2-utils-2.5.0.jar:/home/user/.m2/repository/jakarta/annotation/jakarta.annotation-api/1.3.4/jakarta.annotation-api-1.3.4.jar:/home/user/.m2/repository/org/glassfish/hk2/external/aopalliance-repackaged/2.5.0/aopalliance-repackaged-2.5.0.jar:/home/user/.m2/repository/com/fasterxml/jackson/dataformat/jackson-dataformat-xml/2.9.0/jackson-dataformat-xml-2.9.0.jar:/home/user/.m2/repository/com/fasterxml/jackson/core/jackson-core/2.10.3/jackson-core-2.10.3.jar:/home/user/.m2/repository/com/fasterxml/jackson/module/jackson-module-jaxb-annotations/2.10.3/jackson-module-jaxb-annotations-2.10.3.jar:/home/user/.m2/repository/jakarta/xml/bind/jakarta.xml.bind-api/2.3.2/jakarta.xml.bind-api-2.3.2.jar:/home/user/.m2/repository/jakarta/activation/jakarta.activation-api/1.2.1/jakarta.activation-api-1.2.1.jar:/home/user/.m2/repository/javax/enterprise/cdi-api/1.2/cdi-api-1.2.jar:/home/user/.m2/repository/javax/el/javax.el-api/3.0.0/javax.el-api-3.0.0.jar:/home/user/.m2/repository/javax/interceptor/javax.interceptor-api/1.2/javax.interceptor-api-1.2.jar:/home/user/.m2/repository/javax/inject/javax.inject/1/javax.inject-1.jar:/home/user/.m2/repository/com/sun/xml/bind/jaxb-impl/2.3.0.1/jaxb-impl-2.3.0.1.jar:/home/user/.m2/repository/com/sun/xml/bind/jaxb-core/2.3.0.1/jaxb-core-2.3.0.1.jar:/home/user/.m2/repository/javax/xml/bind/jaxb-api/2.3.0/jaxb-api-2.3.0.jar:/home/user/.m2/repository/javax/activation/activation/1.1.1/activation-1.1.1.jar:/home/user/.m2/repository/org/apache/hadoop/hadoop-ozone-csi/0.5.0-SNAPSHOT/hadoop-ozone-csi-0.5.0-SNAPSHOT.jar:/home/user/.m2/repository/com/google/protobuf/protobuf-java-util/3.5.1/protobuf-java-util-3.5.1.jar:/home/user/.m2/repository/org/apache/hadoop/hadoop-hdds-config/0.5.0-SNAPSHOT/hadoop-hdds-config-0.5.0-SNAPSHOT.jar:/home/user/.m2/repository/com/google/guava/guava/28.2-jre/guava-28.2-jre.jar:/home/user/.m2/repository/com/google/guava/failureaccess/1.0.1/failureaccess-1.0.1.jar:/home/user/.m2/repository/com/google/guava/listenablefuture/9999.0-empty-to-avoid-conflict-with-guava/listenablefuture-9999.0-empty-to-avoid-conflict-with-guava.jar:/home/user/.m2/repository/org/checkerframework/checker-qual/2.10.0/checker-qual-2.10.0.jar:/home/user/.m2/repository/com/google/errorprone/error_prone_annotations/2.3.4/error_prone_annotations-2.3.4.jar:/home/user/.m2/repository/com/google/j2objc/j2objc-annotations/1.3/j2objc-annotations-1.3.jar:/home/user/.m2/repository/com/google/protobuf/protobuf-java/2.5.0/protobuf-java-2.5.0.jar:/home/user/.m2/repository/io/grpc/grpc-netty/1.17.1/grpc-netty-1.17.1.jar:/home/user/.m2/repository/io/grpc/grpc-core/1.17.1/grpc-core-1.17.1.jar:/home/user/.m2/repository/io/grpc/grpc-context/1.17.1/grpc-context-1.17.1.jar:/home/user/.m2/repository/org/codehaus/mojo/animal-sniffer-annotations/1.17/animal-sniffer-annotations-1.17.jar:/home/user/.m2/repository/io/opencensus/opencensus-api/0.17.0/opencensus-api-0.17.0.jar:/home/user/.m2/repository/io/opencensus/opencensus-contrib-grpc-metrics/0.17.0/opencensus-contrib-grpc-metrics-0.17.0.jar:/home/user/.m2/repository/io/netty/netty-codec-http2/4.1.30.Final/netty-codec-http2-4.1.30.Final.jar:/home/user/.m2/repository/io/netty/netty-codec-http/4.1.30.Final/netty-codec-http-4.1.30.Final.jar:/home/user/.m2/repository/io/netty/netty-codec/4.1.30.Final/netty-codec-4.1.30.Final.jar:/home/user/.m2/repository/io/netty/netty-handler/4.1.30.Final/netty-handler-4.1.30.Final.jar:/home/user/.m2/repository/io/netty/netty-handler-proxy/4.1.30.Final/netty-handler-proxy-4.1.30.Final.jar:/home/user/.m2/repository/io/netty/netty-codec-socks/4.1.30.Final/netty-codec-socks-4.1.30.Final.jar:/home/user/.m2/repository/io/netty/netty-transport-native-epoll/4.1.30.Final/netty-transport-native-epoll-4.1.30.Final.jar:/home/user/.m2/repository/io/netty/netty-common/4.1.30.Final/netty-common-4.1.30.Final.jar:/home/user/.m2/repository/io/netty/netty-buffer/4.1.30.Final/netty-buffer-4.1.30.Final.jar:/home/user/.m2/repository/io/netty/netty-transport/4.1.30.Final/netty-transport-4.1.30.Final.jar:/home/user/.m2/repository/io/netty/netty-resolver/4.1.30.Final/netty-resolver-4.1.30.Final.jar:/home/user/.m2/repository/io/netty/netty-transport-native-unix-common/4.1.30.Final/netty-transport-native-unix-common-4.1.30.Final.jar:/home/user/.m2/repository/io/grpc/grpc-protobuf/1.17.1/grpc-protobuf-1.17.1.jar:/home/user/.m2/repository/com/google/api/grpc/proto-google-common-protos/1.0.0/proto-google-common-protos-1.0.0.jar:/home/user/.m2/repository/io/grpc/grpc-protobuf-lite/1.17.1/grpc-protobuf-lite-1.17.1.jar:/home/user/.m2/repository/io/grpc/grpc-stub/1.17.1/grpc-stub-1.17.1.jar:/home/user/.m2/repository/org/apache/hadoop/hadoop-ozone-recon/0.5.0-SNAPSHOT/hadoop-ozone-recon-0.5.0-SNAPSHOT.jar:/home/user/.m2/repository/org/apache/hadoop/hadoop-ozone-reconcodegen/0.5.0-SNAPSHOT/hadoop-ozone-reconcodegen-0.5.0-SNAPSHOT.jar:/home/user/.m2/repository/com/google/inject/extensions/guice-multibindings/4.0/guice-multibindings-4.0.jar:/home/user/.m2/repository/com/google/inject/guice/4.0/guice-4.0.jar:/home/user/.m2/repository/aopalliance/aopalliance/1.0/aopalliance-1.0.jar:/home/user/.m2/repository/com/google/inject/extensions/guice-servlet/4.0/guice-servlet-4.0.jar:/home/user/.m2/repository/org/glassfish/jersey/containers/jersey-container-servlet/2.27/jersey-container-servlet-2.27.jar:/home/user/.m2/repository/org/glassfish/hk2/guice-bridge/2.5.0/guice-bridge-2.5.0.jar:/home/user/.m2/repository/org/glassfish/jersey/core/jersey-server/2.27/jersey-server-2.27.jar:/home/user/.m2/repository/org/glassfish/jersey/core/jersey-client/2.27/jersey-client-2.27.jar:/home/user/.m2/repository/org/glassfish/jersey/media/jersey-media-jaxb/2.27/jersey-media-jaxb-2.27.jar:/home/user/.m2/repository/javax/validation/validation-api/1.1.0.Final/validation-api-1.1.0.Final.jar:/home/user/.m2/repository/org/glassfish/jersey/media/jersey-media-json-jackson/2.27/jersey-media-json-jackson-2.27.jar:/home/user/.m2/repository/org/glassfish/jersey/ext/jersey-entity-filtering/2.27/jersey-entity-filtering-2.27.jar:/home/user/.m2/repository/com/google/inject/extensions/guice-assistedinject/4.0/guice-assistedinject-4.0.jar:/home/user/.m2/repository/org/jooq/jooq/3.11.10/jooq-3.11.10.jar:/home/user/.m2/repository/org/jooq/jooq-meta/3.11.10/jooq-meta-3.11.10.jar:/home/user/.m2/repository/org/jooq/jooq-codegen/3.11.10/jooq-codegen-3.11.10.jar:/home/user/.m2/repository/com/jolbox/bonecp/0.8.0.RELEASE/bonecp-0.8.0.RELEASE.jar:/home/user/.m2/repository/org/xerial/sqlite-jdbc/3.25.2/sqlite-jdbc-3.25.2.jar:/home/user/.m2/repository/org/springframework/spring-jdbc/5.1.3.RELEASE/spring-jdbc-5.1.3.RELEASE.jar:/home/user/.m2/repository/org/springframework/spring-beans/5.1.3.RELEASE/spring-beans-5.1.3.RELEASE.jar:/home/user/.m2/repository/org/springframework/spring-core/5.1.3.RELEASE/spring-core-5.1.3.RELEASE.jar:/home/user/.m2/repository/org/springframework/spring-jcl/5.1.3.RELEASE/spring-jcl-5.1.3.RELEASE.jar:/home/user/.m2/repository/org/springframework/spring-tx/5.1.3.RELEASE/spring-tx-5.1.3.RELEASE.jar:/home/user/.m2/repository/org/apache/hadoop/hadoop-ozone-client/0.5.0-SNAPSHOT/hadoop-ozone-client-0.5.0-SNAPSHOT.jar:/home/user/.m2/repository/org/apache/hadoop/hadoop-ozone-filesystem/0.5.0-SNAPSHOT/hadoop-ozone-filesystem-0.5.0-SNAPSHOT.jar:/home/user/.m2/repository/org/apache/httpcomponents/httpclient/4.5.2/httpclient-4.5.2.jar:/home/user/.m2/repository/org/apache/httpcomponents/httpcore/4.4.4/httpcore-4.4.4.jar:/home/user/.m2/repository/org/apache/hadoop/hadoop-ozone-tools/0.5.0-SNAPSHOT/hadoop-ozone-tools-0.5.0-SNAPSHOT.jar:/home/user/.m2/repository/com/amazonaws/aws-java-sdk-s3/1.11.615/aws-java-sdk-s3-1.11.615.jar:/home/user/.m2/repository/com/amazonaws/aws-java-sdk-kms/1.11.615/aws-java-sdk-kms-1.11.615.jar:/home/user/.m2/repository/com/amazonaws/aws-java-sdk-core/1.11.615/aws-java-sdk-core-1.11.615.jar:/home/user/.m2/repository/software/amazon/ion/ion-java/1.0.2/ion-java-1.0.2.jar:/home/user/.m2/repository/com/fasterxml/jackson/dataformat/jackson-dataformat-cbor/2.10.3/jackson-dataformat-cbor-2.10.3.jar:/home/user/.m2/repository/joda-time/joda-time/2.9.9/joda-time-2.9.9.jar:/home/user/.m2/repository/com/amazonaws/jmespath-java/1.11.615/jmespath-java-1.11.615.jar:/home/user/.m2/repository/commons-lang/commons-lang/2.6/commons-lang-2.6.jar:/home/user/.m2/repository/org/apache/hadoop/hadoop-ozone-ozone-manager/0.5.0-SNAPSHOT/hadoop-ozone-ozone-manager-0.5.0-SNAPSHOT-tests.jar:/home/user/.m2/repository/junit/junit/4.11/junit-4.11.jar:/home/user/.m2/repository/org/hamcrest/hamcrest-core/1.3/hamcrest-core-1.3.jar:/home/user/.m2/repository/org/openjdk/jmh/jmh-core/1.19/jmh-core-1.19.jar:/home/user/.m2/repository/net/sf/jopt-simple/jopt-simple/4.6/jopt-simple-4.6.jar:/home/user/.m2/repository/org/apache/commons/commons-math3/3.1.1/commons-math3-3.1.1.jar:/home/user/.m2/repository/org/openjdk/jmh/jmh-generator-annprocess/1.19/jmh-generator-annprocess-1.19.jar:/home/user/.m2/repository/org/mockito/mockito-all/1.8.5/mockito-all-1.8.5.jar:/home/user/.m2/repository/org/apache/hadoop/hadoop-kms/3.2.0/hadoop-kms-3.2.0.jar:/home/user/.m2/repository/org/apache/hadoop/hadoop-auth/3.2.0/hadoop-auth-3.2.0.jar:/home/user/.m2/repository/com/nimbusds/nimbus-jose-jwt/7.9/nimbus-jose-jwt-7.9.jar:/home/user/.m2/repository/com/github/stephenc/jcip/jcip-annotations/1.0-1/jcip-annotations-1.0-1.jar:/home/user/.m2/repository/net/minidev/json-smart/2.3/json-smart-2.3.jar:/home/user/.m2/repository/net/minidev/accessors-smart/1.2/accessors-smart-1.2.jar:/home/user/.m2/repository/org/ow2/asm/asm/5.0.4/asm-5.0.4.jar:/home/user/.m2/repository/org/apache/curator/curator-framework/2.12.0/curator-framework-2.12.0.jar:/home/user/.m2/repository/com/sun/jersey/jersey-core/1.19/jersey-core-1.19.jar:/home/user/.m2/repository/javax/ws/rs/jsr311-api/1.1.1/jsr311-api-1.1.1.jar:/home/user/.m2/repository/com/sun/jersey/jersey-server/1.19/jersey-server-1.19.jar:/home/user/.m2/repository/javax/servlet/javax.servlet-api/3.1.0/javax.servlet-api-3.1.0.jar:/home/user/.m2/repository/org/eclipse/jetty/jetty-server/9.4.26.v20200117/jetty-server-9.4.26.v20200117.jar:/home/user/.m2/repository/org/eclipse/jetty/jetty-http/9.4.26.v20200117/jetty-http-9.4.26.v20200117.jar:/home/user/.m2/repository/org/eclipse/jetty/jetty-io/9.4.26.v20200117/jetty-io-9.4.26.v20200117.jar:/home/user/.m2/repository/org/eclipse/jetty/jetty-webapp/9.4.26.v20200117/jetty-webapp-9.4.26.v20200117.jar:/home/user/.m2/repository/org/eclipse/jetty/jetty-xml/9.4.26.v20200117/jetty-xml-9.4.26.v20200117.jar:/home/user/.m2/repository/log4j/log4j/1.2.17/log4j-1.2.17.jar:/home/user/.m2/repository/org/slf4j/slf4j-api/1.7.25/slf4j-api-1.7.25.jar:/home/user/.m2/repository/org/slf4j/jul-to-slf4j/1.7.25/jul-to-slf4j-1.7.25.jar:/home/user/.m2/repository/org/eclipse/jetty/jetty-util/9.4.26.v20200117/jetty-util-9.4.26.v20200117.jar:/home/user/.m2/repository/com/fasterxml/jackson/core/jackson-databind/2.10.3/jackson-databind-2.10.3.jar:/home/user/.m2/repository/org/apache/hadoop/hadoop-kms/3.2.0/hadoop-kms-3.2.0-tests.jar:/home/user/.m2/repository/org/apache/hadoop/hadoop-hdds-server-scm/0.5.0-SNAPSHOT/hadoop-hdds-server-scm-0.5.0-SNAPSHOT-tests.jar:/home/user/.m2/repository/org/apache/hadoop/hadoop-hdds-container-service/0.5.0-SNAPSHOT/hadoop-hdds-container-service-0.5.0-SNAPSHOT-tests.jar:/home/user/.m2/repository/org/apache/hadoop/hadoop-hdds-common/0.5.0-SNAPSHOT/hadoop-hdds-common-0.5.0-SNAPSHOT-tests.jar:/home/user/.m2/repository/org/yaml/snakeyaml/1.16/snakeyaml-1.16.jar:/home/user/.m2/repository/org/apache/hadoop/hadoop-common/3.2.0/hadoop-common-3.2.0-tests.jar:/home/user/.m2/repository/org/apache/hadoop/hadoop-annotations/3.2.0/hadoop-annotations-3.2.0.jar:/usr/lib/jvm/java-1.8.0-openjdk-1.8.0.232.b09-0.el7_7.x86_64/jre/../lib/tools.jar:/home/user/.m2/repository/commons-cli/commons-cli/1.2/commons-cli-1.2.jar:/home/user/.m2/repository/commons-codec/commons-codec/1.11/commons-codec-1.11.jar:/home/user/.m2/repository/commons-net/commons-net/3.6/commons-net-3.6.jar:/home/user/.m2/repository/commons-collections/commons-collections/3.2.2/commons-collections-3.2.2.jar:/home/user/.m2/repository/org/eclipse/jetty/jetty-servlet/9.4.26.v20200117/jetty-servlet-9.4.26.v20200117.jar:/home/user/.m2/repository/org/eclipse/jetty/jetty-security/9.4.26.v20200117/jetty-security-9.4.26.v20200117.jar:/home/user/.m2/repository/javax/servlet/jsp/jsp-api/2.1/jsp-api-2.1.jar:/home/user/.m2/repository/com/sun/jersey/jersey-servlet/1.19/jersey-servlet-1.19.jar:/home/user/.m2/repository/com/sun/jersey/jersey-json/1.19/jersey-json-1.19.jar:/home/user/.m2/repository/org/codehaus/jettison/jettison/1.1/jettison-1.1.jar:/home/user/.m2/repository/org/codehaus/jackson/jackson-core-asl/1.9.13/jackson-core-asl-1.9.13.jar:/home/user/.m2/repository/org/codehaus/jackson/jackson-mapper-asl/1.9.13/jackson-mapper-asl-1.9.13.jar:/home/user/.m2/repository/org/codehaus/jackson/jackson-jaxrs/1.9.13/jackson-jaxrs-1.9.13.jar:/home/user/.m2/repository/org/codehaus/jackson/jackson-xc/1.9.13/jackson-xc-1.9.13.jar:/home/user/.m2/repository/commons-logging/commons-logging/1.1.3/commons-logging-1.1.3.jar:/home/user/.m2/repository/commons-beanutils/commons-beanutils/1.9.4/commons-beanutils-1.9.4.jar:/home/user/.m2/repository/org/apache/commons/commons-configuration2/2.1.1/commons-configuration2-2.1.1.jar:/home/user/.m2/repository/org/apache/commons/commons-lang3/3.7/commons-lang3-3.7.jar:/home/user/.m2/repository/org/apache/commons/commons-text/1.4/commons-text-1.4.jar:/home/user/.m2/repository/org/apache/avro/avro/1.7.7/avro-1.7.7.jar:/home/user/.m2/repository/com/thoughtworks/paranamer/paranamer/2.3/paranamer-2.3.jar:/home/user/.m2/repository/org/xerial/snappy/snappy-java/1.0.5/snappy-java-1.0.5.jar:/home/user/.m2/repository/com/google/re2j/re2j/1.1/re2j-1.1.jar:/home/user/.m2/repository/com/google/code/gson/gson/2.2.4/gson-2.2.4.jar:/home/user/.m2/repository/com/jcraft/jsch/0.1.54/jsch-0.1.54.jar:/home/user/.m2/repository/org/apache/curator/curator-client/2.12.0/curator-client-2.12.0.jar:/home/user/.m2/repository/org/apache/curator/curator-recipes/2.12.0/curator-recipes-2.12.0.jar:/home/user/.m2/repository/com/google/code/findbugs/jsr305/3.0.0/jsr305-3.0.0.jar:/home/user/.m2/repository/org/apache/htrace/htrace-core4/4.1.0-incubating/htrace-core4-4.1.0-incubating.jar:/home/user/.m2/repository/org/apache/zookeeper/zookeeper/3.4.13/zookeeper-3.4.13.jar:/home/user/.m2/repository/jline/jline/0.9.94/jline-0.9.94.jar:/home/user/.m2/repository/org/apache/yetus/audience-annotations/0.5.0/audience-annotations-0.5.0.jar:/home/user/.m2/repository/org/codehaus/woodstox/stax2-api/3.1.4/stax2-api-3.1.4.jar:/home/user/.m2/repository/com/fasterxml/woodstox/woodstox-core/5.0.3/woodstox-core-5.0.3.jar:/home/user/.m2/repository/dnsjava/dnsjava/2.1.7/dnsjava-2.1.7.jar:/home/user/.m2/repository/org/apache/hadoop/hadoop-hdfs/3.2.0/hadoop-hdfs-3.2.0-tests.jar:/home/user/.m2/repository/org/eclipse/jetty/jetty-util-ajax/9.4.26.v20200117/jetty-util-ajax-9.4.26.v20200117.jar:/home/user/.m2/repository/commons-daemon/commons-daemon/1.0.13/commons-daemon-1.0.13.jar:/home/user/.m2/repository/io/netty/netty/3.10.5.Final/netty-3.10.5.Final.jar:/home/user/.m2/repository/io/netty/netty-all/4.1.47.Final/netty-all-4.1.47.Final.jar:/home/user/.m2/repository/org/fusesource/leveldbjni/leveldbjni-all/1.8/leveldbjni-all-1.8.jar:/home/user/.m2/repository/org/apache/hadoop/hadoop-distcp/3.2.0/hadoop-distcp-3.2.0.jar:/home/user/.m2/repository/org/apache/hadoop/hadoop-mapreduce-client-jobclient/3.2.0/hadoop-mapreduce-client-jobclient-3.2.0.jar:/home/user/.m2/repository/org/apache/hadoop/hadoop-mapreduce-client-common/3.2.0/hadoop-mapreduce-client-common-3.2.0.jar:/home/user/.m2/repository/org/apache/hadoop/hadoop-yarn-common/3.2.0/hadoop-yarn-common-3.2.0.jar:/home/user/.m2/repository/org/apache/hadoop/hadoop-yarn-api/3.2.0/hadoop-yarn-api-3.2.0.jar:/home/user/.m2/repository/com/sun/jersey/jersey-client/1.19/jersey-client-1.19.jar:/home/user/.m2/repository/com/sun/jersey/contribs/jersey-guice/1.19/jersey-guice-1.19.jar:/home/user/.m2/repository/com/fasterxml/jackson/jaxrs/jackson-jaxrs-json-provider/2.10.3/jackson-jaxrs-json-provider-2.10.3.jar:/home/user/.m2/repository/com/fasterxml/jackson/jaxrs/jackson-jaxrs-base/2.10.3/jackson-jaxrs-base-2.10.3.jar:/home/user/.m2/repository/org/apache/hadoop/hadoop-yarn-client/3.2.0/hadoop-yarn-client-3.2.0.jar:/home/user/.m2/repository/org/apache/hadoop/hadoop-mapreduce-client-core/3.2.0/hadoop-mapreduce-client-core-3.2.0.jar:/home/user/.m2/repository/org/apache/hadoop/hadoop-distcp/3.2.0/hadoop-distcp-3.2.0-tests.jar:"/>
    <property name="sun.cpu.endian" value="little"/>
    <property name="user.home" value="/home/user"/>
    <property name="user.language" value="en"/>
    <property name="java.specification.vendor" value="Oracle Corporation"/>
    <property name="java.home" value="/usr/lib/jvm/java-1.8.0-openjdk-1.8.0.232.b09-0.el7_7.x86_64/jre"/>
    <property name="java.security.krb5.conf" value="/github/workspace/hadoop-ozone/integration-test/target/test-classes/krb5.conf"/>
    <property name="basedir" value="/github/workspace/hadoop-ozone/integration-test"/>
    <property name="file.separator" value="/"/>
    <property name="line.separator" value="&#10;"/>
    <property name="java.vm.specification.vendor" value="Oracle Corporation"/>
    <property name="java.specification.name" value="Java Platform API Specification"/>
    <property name="java.awt.graphicsenv" value="sun.awt.X11GraphicsEnvironment"/>
    <property name="surefire.real.class.path" value="/github/workspace/hadoop-ozone/integration-test/target/surefire/surefirebooter4258144580712268888.jar:/home/user/.m2/repository/org/jacoco/org.jacoco.agent/0.8.3/org.jacoco.agent-0.8.3-runtime.jar"/>
    <property name="hadoop.log.dir" value="/github/workspace/hadoop-ozone/integration-test/target/log"/>
    <property name="sun.boot.class.path" value="/usr/lib/jvm/java-1.8.0-openjdk-1.8.0.232.b09-0.el7_7.x86_64/jre/lib/resources.jar:/usr/lib/jvm/java-1.8.0-openjdk-1.8.0.232.b09-0.el7_7.x86_64/jre/lib/rt.jar:/usr/lib/jvm/java-1.8.0-openjdk-1.8.0.232.b09-0.el7_7.x86_64/jre/lib/sunrsasign.jar:/usr/lib/jvm/java-1.8.0-openjdk-1.8.0.232.b09-0.el7_7.x86_64/jre/lib/jsse.jar:/usr/lib/jvm/java-1.8.0-openjdk-1.8.0.232.b09-0.el7_7.x86_64/jre/lib/jce.jar:/usr/lib/jvm/java-1.8.0-openjdk-1.8.0.232.b09-0.el7_7.x86_64/jre/lib/charsets.jar:/usr/lib/jvm/java-1.8.0-openjdk-1.8.0.232.b09-0.el7_7.x86_64/jre/lib/jfr.jar:/usr/lib/jvm/java-1.8.0-openjdk-1.8.0.232.b09-0.el7_7.x86_64/jre/classes"/>
    <property name="sun.management.compiler" value="HotSpot 64-Bit Tiered Compilers"/>
    <property name="java.runtime.version" value="1.8.0_232-b09"/>
    <property name="java.net.preferIPv4Stack" value="true"/>
    <property name="user.name" value="jenkins1001"/>
    <property name="path.separator" value=":"/>
    <property name="java.security.egd" value="file:///dev/urandom"/>
    <property name="os.version" value="5.0.0-1032-azure"/>
    <property name="java.endorsed.dirs" value="/usr/lib/jvm/java-1.8.0-openjdk-1.8.0.232.b09-0.el7_7.x86_64/jre/lib/endorsed"/>
    <property name="java.runtime.name" value="OpenJDK Runtime Environment"/>
    <property name="file.encoding" value="ANSI_X3.4-1968"/>
    <property name="java.vm.name" value="OpenJDK 64-Bit Server VM"/>
    <property name="test.build.webapps" value=""/>
    <property name="localRepository" value="/home/user/.m2/repository"/>
    <property name="java.vendor.url.bug" value="http://bugreport.sun.com/bugreport/"/>
    <property name="java.io.tmpdir" value="/tmp"/>
    <property name="require.test.libhadoop" value=""/>
    <property name="java.version" value="1.8.0_232"/>
    <property name="user.dir" value="/github/workspace/hadoop-ozone/integration-test"/>
    <property name="os.arch" value="amd64"/>
    <property name="java.vm.specification.name" value="Java Virtual Machine Specification"/>
    <property name="test.build.classes" value="/github/workspace/hadoop-ozone/integration-test/target/test-classes"/>
    <property name="java.awt.printerjob" value="sun.print.PSPrinterJob"/>
    <property name="sun.os.patch.level" value="unknown"/>
    <property name="hadoop.tmp.dir" value="/github/workspace/hadoop-ozone/integration-test/target/tmp"/>
    <property name="java.library.path" value="/usr/lib:/usr/java/packages/lib/amd64:/usr/lib64:/lib64:/lib:/usr/lib"/>
    <property name="java.vm.info" value="mixed mode"/>
    <property name="java.vendor" value="Oracle Corporation"/>
    <property name="java.vm.version" value="25.232-b09"/>
    <property name="java.ext.dirs" value="/usr/lib/jvm/java-1.8.0-openjdk-1.8.0.232.b09-0.el7_7.x86_64/jre/lib/ext:/usr/java/packages/lib/ext"/>
    <property name="sun.io.unicode.encoding" value="UnicodeLittle"/>
    <property name="java.class.version" value="52.0"/>
  </properties>
  <testcase name="testPipelineExclusionWithPipelineFailure" classname="org.apache.hadoop.ozone.client.rpc.TestFailureHandlingByClient" time="53.861"/>
  <testcase name="testContainerExclusionWithClosedContainerException" classname="org.apache.hadoop.ozone.client.rpc.TestFailureHandlingByClient" time="36.797"/>
  <testcase name="testWriteSmallFile" classname="org.apache.hadoop.ozone.client.rpc.TestFailureHandlingByClient" time="48.597"/>
  <testcase name="testBlockWritesWithDnFailures" classname="org.apache.hadoop.ozone.client.rpc.TestFailureHandlingByClient" time="64.643"/>
  <testcase name="testDatanodeExclusionWithMajorityCommit" classname="org.apache.hadoop.ozone.client.rpc.TestFailureHandlingByClient" time="48.215">
    <failure type="java.lang.AssertionError">java.lang.AssertionError
	at org.junit.Assert.fail(Assert.java:86)
	at org.junit.Assert.assertTrue(Assert.java:41)
	at org.junit.Assert.assertTrue(Assert.java:52)
	at org.apache.hadoop.ozone.client.rpc.TestFailureHandlingByClient.testDatanodeExclusionWithMajorityCommit(TestFailureHandlingByClient.java:336)
	at sun.reflect.NativeMethodAccessorImpl.invoke0(Native Method)
	at sun.reflect.NativeMethodAccessorImpl.invoke(NativeMethodAccessorImpl.java:62)
	at sun.reflect.DelegatingMethodAccessorImpl.invoke(DelegatingMethodAccessorImpl.java:43)
	at java.lang.reflect.Method.invoke(Method.java:498)
	at org.junit.runners.model.FrameworkMethod$1.runReflectiveCall(FrameworkMethod.java:47)
	at org.junit.internal.runners.model.ReflectiveCallable.run(ReflectiveCallable.java:12)
	at org.junit.runners.model.FrameworkMethod.invokeExplosively(FrameworkMethod.java:44)
	at org.junit.internal.runners.statements.InvokeMethod.evaluate(InvokeMethod.java:17)
	at org.junit.internal.runners.statements.RunAfters.evaluate(RunAfters.java:27)
	at org.junit.runners.ParentRunner.runLeaf(ParentRunner.java:271)
	at org.junit.runners.BlockJUnit4ClassRunner.runChild(BlockJUnit4ClassRunner.java:70)
	at org.junit.runners.BlockJUnit4ClassRunner.runChild(BlockJUnit4ClassRunner.java:50)
	at org.junit.runners.ParentRunner$3.run(ParentRunner.java:238)
	at org.junit.runners.ParentRunner$1.schedule(ParentRunner.java:63)
	at org.junit.runners.ParentRunner.runChildren(ParentRunner.java:236)
	at org.junit.runners.ParentRunner.access$000(ParentRunner.java:53)
	at org.junit.runners.ParentRunner$2.evaluate(ParentRunner.java:229)
	at org.junit.runners.ParentRunner.run(ParentRunner.java:309)
	at org.apache.maven.surefire.junit4.JUnit4Provider.execute(JUnit4Provider.java:365)
	at org.apache.maven.surefire.junit4.JUnit4Provider.executeWithRerun(JUnit4Provider.java:273)
	at org.apache.maven.surefire.junit4.JUnit4Provider.executeTestSet(JUnit4Provider.java:238)
	at org.apache.maven.surefire.junit4.JUnit4Provider.invoke(JUnit4Provider.java:159)
	at org.apache.maven.surefire.booter.ForkedBooter.invokeProviderInSameClassLoader(ForkedBooter.java:384)
	at org.apache.maven.surefire.booter.ForkedBooter.runSuitesInProcess(ForkedBooter.java:345)
	at org.apache.maven.surefire.booter.ForkedBooter.execute(ForkedBooter.java:126)
	at org.apache.maven.surefire.booter.ForkedBooter.main(ForkedBooter.java:418)
</failure>
    <system-out><![CDATA[2020-03-19 17:15:44,365 [main] WARN  server.ServerUtils (ServerUtils.java:getScmDbDir(148)) - ozone.scm.db.dirs is not configured. We recommend adding this setting. Falling back to ozone.metadata.dirs instead.
2020-03-19 17:15:44,369 [main] WARN  server.ServerUtils (ServerUtils.java:getScmDbDir(148)) - ozone.scm.db.dirs is not configured. We recommend adding this setting. Falling back to ozone.metadata.dirs instead.
2020-03-19 17:15:44,369 [main] WARN  server.ServerUtils (ServerUtils.java:getScmDbDir(148)) - ozone.scm.db.dirs is not configured. We recommend adding this setting. Falling back to ozone.metadata.dirs instead.
2020-03-19 17:15:44,391 [main] INFO  net.NodeSchemaLoader (NodeSchemaLoader.java:loadSchemaFromFile(126)) - Loading file from sun.misc.CompoundEnumeration@49094246
2020-03-19 17:15:44,391 [main] INFO  net.NodeSchemaLoader (NodeSchemaLoader.java:loadSchema(172)) - Loading network topology layer schema file
2020-03-19 17:15:44,394 [main] INFO  node.SCMNodeManager (SCMNodeManager.java:<init>(116)) - Entering startup safe mode.
2020-03-19 17:15:44,394 [main] INFO  algorithms.ContainerPlacementPolicyFactory (ContainerPlacementPolicyFactory.java:getPolicy(59)) - Create container placement policy of type org.apache.hadoop.hdds.scm.container.placement.algorithms.SCMContainerPlacementRandom
2020-03-19 17:15:44,394 [main] WARN  server.ServerUtils (ServerUtils.java:getScmDbDir(148)) - ozone.scm.db.dirs is not configured. We recommend adding this setting. Falling back to ozone.metadata.dirs instead.
2020-03-19 17:15:44,407 [main] INFO  pipeline.SCMPipelineManager (SCMPipelineManager.java:initializePipelineState(150)) - No pipeline exists in current db
2020-03-19 17:15:44,407 [main] WARN  server.ServerUtils (ServerUtils.java:getScmDbDir(148)) - ozone.scm.db.dirs is not configured. We recommend adding this setting. Falling back to ozone.metadata.dirs instead.
2020-03-19 17:15:44,416 [main] INFO  safemode.HealthyPipelineSafeModeRule (HealthyPipelineSafeModeRule.java:<init>(88)) - Total pipeline count is 0, healthy pipeline threshold count is 0
2020-03-19 17:15:44,416 [main] INFO  safemode.OneReplicaPipelineSafeModeRule (OneReplicaPipelineSafeModeRule.java:<init>(79)) - Total pipeline count is 0, pipeline's with at least one datanode reported threshold count is 0
2020-03-19 17:15:44,416 [main] INFO  ipc.CallQueueManager (CallQueueManager.java:<init>(84)) - Using callQueue: class java.util.concurrent.LinkedBlockingQueue, queueCapacity: 2000, scheduler: class org.apache.hadoop.ipc.DefaultRpcScheduler, ipcBackoff: false.
2020-03-19 17:15:44,417 [RatisPipelineUtilsThread] WARN  pipeline.PipelinePlacementPolicy (PipelinePlacementPolicy.java:filterViableNodes(151)) - Pipeline creation failed due to no sufficient healthy datanodes. Required 3. Found 0.
2020-03-19 17:15:44,417 [Socket Reader #1 for port 38595] INFO  ipc.Server (Server.java:run(1074)) - Starting Socket Reader #1 for port 38595
2020-03-19 17:15:44,418 [main] INFO  ipc.CallQueueManager (CallQueueManager.java:<init>(84)) - Using callQueue: class java.util.concurrent.LinkedBlockingQueue, queueCapacity: 2000, scheduler: class org.apache.hadoop.ipc.DefaultRpcScheduler, ipcBackoff: false.
2020-03-19 17:15:44,423 [main] INFO  ipc.CallQueueManager (CallQueueManager.java:<init>(84)) - Using callQueue: class java.util.concurrent.LinkedBlockingQueue, queueCapacity: 2000, scheduler: class org.apache.hadoop.ipc.DefaultRpcScheduler, ipcBackoff: false.
2020-03-19 17:15:44,424 [Socket Reader #1 for port 40195] INFO  ipc.Server (Server.java:run(1074)) - Starting Socket Reader #1 for port 40195
2020-03-19 17:15:44,428 [Socket Reader #1 for port 40149] INFO  ipc.Server (Server.java:run(1074)) - Starting Socket Reader #1 for port 40149
2020-03-19 17:15:44,431 [main] INFO  http.BaseHttpServer (BaseHttpServer.java:newHttpServer2BuilderForOzone(170)) - Starting Web-server for scm at: http://0.0.0.0:0
2020-03-19 17:15:44,432 [main] INFO  server.AuthenticationFilter (AuthenticationFilter.java:constructSecretProvider(240)) - Unable to initialize FileSignerSecretProvider, falling back to use random secrets.
2020-03-19 17:15:44,432 [main] WARN  http.HttpRequestLog (HttpRequestLog.java:getRequestLog(103)) - Jetty request log can only be enabled using Log4j
2020-03-19 17:15:44,433 [main] INFO  http.HttpServer2 (HttpServer2.java:addGlobalFilter(970)) - Added global filter 'safety' (class=org.apache.hadoop.hdds.server.http.HttpServer2$QuotingInputFilter)
2020-03-19 17:15:44,434 [main] INFO  http.HttpServer2 (HttpServer2.java:addFilter(946)) - Added filter static_user_filter (class=org.apache.hadoop.hdds.server.http.StaticUserWebFilter$StaticUserFilter) to context scm
2020-03-19 17:15:44,434 [main] INFO  http.HttpServer2 (HttpServer2.java:addFilter(954)) - Added filter static_user_filter (class=org.apache.hadoop.hdds.server.http.StaticUserWebFilter$StaticUserFilter) to context static
2020-03-19 17:15:44,434 [main] INFO  http.HttpServer2 (HttpServer2.java:addFilter(954)) - Added filter static_user_filter (class=org.apache.hadoop.hdds.server.http.StaticUserWebFilter$StaticUserFilter) to context logs
2020-03-19 17:15:44,435 [main] INFO  server.StorageContainerManager (StorageContainerManager.java:start(773)) - StorageContainerLocationProtocol RPC server is listening at /0.0.0.0:40149
2020-03-19 17:15:44,436 [main] WARN  impl.MetricsConfig (MetricsConfig.java:loadFirst(134)) - Cannot locate configuration: tried hadoop-metrics2-storagecontainermanager.properties,hadoop-metrics2.properties
2020-03-19 17:15:44,437 [main] INFO  impl.MetricsSystemImpl (MetricsSystemImpl.java:startTimer(374)) - Scheduled Metric snapshot period at 10 second(s).
2020-03-19 17:15:44,437 [main] INFO  impl.MetricsSystemImpl (MetricsSystemImpl.java:start(191)) - StorageContainerManager metrics system started
2020-03-19 17:15:44,455 [main] WARN  impl.MetricsSystemImpl (MetricsSystemImpl.java:register(276)) - Sink prometheus already exists!
2020-03-19 17:15:44,486 [main] INFO  server.SCMClientProtocolServer (SCMClientProtocolServer.java:start(160)) - RPC server for Client  is listening at /0.0.0.0:40149
2020-03-19 17:15:44,489 [IPC Server Responder] INFO  ipc.Server (Server.java:run(1314)) - IPC Server Responder: starting
2020-03-19 17:15:44,489 [IPC Server listener on 40149] INFO  ipc.Server (Server.java:run(1153)) - IPC Server listener on 40149: starting
2020-03-19 17:15:44,496 [main] INFO  server.StorageContainerManager (StorageContainerManager.java:start(785)) - ScmBlockLocationProtocol RPC server is listening at /0.0.0.0:40195
2020-03-19 17:15:44,496 [main] INFO  server.SCMBlockProtocolServer (SCMBlockProtocolServer.java:start(147)) - RPC server for Block Protocol is listening at /0.0.0.0:40195
2020-03-19 17:15:44,496 [IPC Server Responder] INFO  ipc.Server (Server.java:run(1314)) - IPC Server Responder: starting
2020-03-19 17:15:44,498 [IPC Server listener on 40195] INFO  ipc.Server (Server.java:run(1153)) - IPC Server listener on 40195: starting
2020-03-19 17:15:44,505 [main] INFO  server.StorageContainerManager (StorageContainerManager.java:start(791)) - ScmDatanodeProtocl RPC server is listening at /0.0.0.0:38595
2020-03-19 17:15:44,505 [main] INFO  server.SCMDatanodeProtocolServer (SCMDatanodeProtocolServer.java:start(176)) - RPC server for DataNodes is listening at /0.0.0.0:38595
2020-03-19 17:15:44,505 [IPC Server Responder] INFO  ipc.Server (Server.java:run(1314)) - IPC Server Responder: starting
2020-03-19 17:15:44,506 [IPC Server listener on 38595] INFO  ipc.Server (Server.java:run(1153)) - IPC Server listener on 38595: starting
2020-03-19 17:15:44,515 [main] INFO  http.HttpServer2 (HttpServer2.java:bindListener(1188)) - Jetty bound to port 34931
2020-03-19 17:15:44,516 [main] INFO  server.Server (Server.java:doStart(359)) - jetty-9.4.26.v20200117; built: 2020-01-17T12:35:33.676Z; git: 7b38981d25d14afb4a12ff1f2596756144edf695; jvm 1.8.0_232-b09
2020-03-19 17:15:44,518 [main] INFO  server.session (DefaultSessionIdManager.java:doStart(333)) - DefaultSessionIdManager workerName=node0
2020-03-19 17:15:44,518 [main] INFO  server.session (DefaultSessionIdManager.java:doStart(338)) - No SessionScavenger set, using defaults
2020-03-19 17:15:44,518 [main] INFO  server.session (HouseKeeper.java:startScavenging(140)) - node0 Scavenging every 660000ms
2020-03-19 17:15:44,519 [main] INFO  handler.ContextHandler (ContextHandler.java:doStart(825)) - Started o.e.j.s.ServletContextHandler@57a877ab{logs,/logs,file:///github/workspace/hadoop-ozone/integration-test/target/log,AVAILABLE}
2020-03-19 17:15:44,519 [main] INFO  handler.ContextHandler (ContextHandler.java:doStart(825)) - Started o.e.j.s.ServletContextHandler@6df172c1{static,/static,file:///github/workspace/hadoop-ozone/integration-test/target/test-classes/webapps/static,AVAILABLE}
2020-03-19 17:15:44,523 [main] INFO  handler.ContextHandler (ContextHandler.java:doStart(825)) - Started o.e.j.w.WebAppContext@da39f6a{scm,/,file:///github/workspace/hadoop-ozone/integration-test/target/test-classes/webapps/scm/,AVAILABLE}{file:/github/workspace/hadoop-ozone/integration-test/target/test-classes/webapps/scm}
2020-03-19 17:15:44,523 [main] INFO  server.AbstractConnector (AbstractConnector.java:doStart(330)) - Started ServerConnector@2beec68c{HTTP/1.1,[http/1.1]}{0.0.0.0:34931}
2020-03-19 17:15:44,524 [main] INFO  server.Server (Server.java:doStart(399)) - Started @204865ms
2020-03-19 17:15:44,524 [main] WARN  impl.MetricsSystemImpl (MetricsSystemImpl.java:register(276)) - Sink prometheus already exists!
2020-03-19 17:15:44,525 [main] INFO  http.BaseHttpServer (BaseHttpServer.java:updateConnectorAddress(284)) - HTTP server of scm listening at http://0.0.0.0:34931
2020-03-19 17:15:44,526 [main] WARN  server.ServerUtils (ServerUtils.java:getDBPath(225)) - ozone.om.db.dirs is not configured. We recommend adding this setting. Falling back to ozone.metadata.dirs instead.
2020-03-19 17:15:44,527 [org.apache.hadoop.util.JvmPauseMonitor$Monitor@4f54540b] INFO  util.JvmPauseMonitor (JvmPauseMonitor.java:run(188)) - Starting JVM pause monitor
2020-03-19 17:15:44,528 [main] INFO  ha.OMHANodeDetails (OMHANodeDetails.java:loadOMHAConfig(104)) - ozone.om.internal.service.id is not defined, falling back to ozone.om.service.ids to find serviceID for OzoneManager if it is HA enabled cluster
2020-03-19 17:15:44,528 [main] INFO  ha.OMHANodeDetails (OMHANodeDetails.java:loadOMHAConfig(207)) - Configuration either no ozone.om.address set. Falling back to the default OM address /127.0.0.1:0
2020-03-19 17:15:44,528 [main] INFO  ha.OMHANodeDetails (OMHANodeDetails.java:getOMNodeDetails(237)) - OM Service ID is not set. Setting it to the default ID: omServiceIdDefault
2020-03-19 17:15:44,528 [main] WARN  server.ServerUtils (ServerUtils.java:getDBPath(225)) - ozone.om.db.dirs is not configured. We recommend adding this setting. Falling back to ozone.metadata.dirs instead.
2020-03-19 17:15:44,529 [main] WARN  server.ServerUtils (ServerUtils.java:getDBPath(225)) - ozone.om.db.dirs is not configured. We recommend adding this setting. Falling back to ozone.metadata.dirs instead.
2020-03-19 17:15:44,533 [main] WARN  server.ServerUtils (ServerUtils.java:getDBPath(225)) - ozone.om.db.dirs is not configured. We recommend adding this setting. Falling back to ozone.metadata.dirs instead.
2020-03-19 17:15:44,583 [main] INFO  ipc.CallQueueManager (CallQueueManager.java:<init>(84)) - Using callQueue: class java.util.concurrent.LinkedBlockingQueue, queueCapacity: 2000, scheduler: class org.apache.hadoop.ipc.DefaultRpcScheduler, ipcBackoff: false.
2020-03-19 17:15:44,583 [Socket Reader #1 for port 46065] INFO  ipc.Server (Server.java:run(1074)) - Starting Socket Reader #1 for port 46065
2020-03-19 17:15:44,599 [main] INFO  impl.MetricsSystemImpl (MetricsSystemImpl.java:init(158)) - OzoneManager metrics system started (again)
2020-03-19 17:15:44,600 [main] INFO  om.OzoneManager (OzoneManager.java:start(1093)) - OzoneManager RPC server is listening at localhost/127.0.0.1:46065
2020-03-19 17:15:44,601 [IPC Server Responder] INFO  ipc.Server (Server.java:run(1314)) - IPC Server Responder: starting
2020-03-19 17:15:44,602 [IPC Server listener on 46065] INFO  ipc.Server (Server.java:run(1153)) - IPC Server listener on 46065: starting
2020-03-19 17:15:44,609 [main] INFO  http.BaseHttpServer (BaseHttpServer.java:newHttpServer2BuilderForOzone(170)) - Starting Web-server for ozoneManager at: http://0.0.0.0:0
2020-03-19 17:15:44,610 [main] INFO  server.AuthenticationFilter (AuthenticationFilter.java:constructSecretProvider(240)) - Unable to initialize FileSignerSecretProvider, falling back to use random secrets.
2020-03-19 17:15:44,610 [main] WARN  http.HttpRequestLog (HttpRequestLog.java:getRequestLog(103)) - Jetty request log can only be enabled using Log4j
2020-03-19 17:15:44,611 [main] INFO  http.HttpServer2 (HttpServer2.java:addGlobalFilter(970)) - Added global filter 'safety' (class=org.apache.hadoop.hdds.server.http.HttpServer2$QuotingInputFilter)
2020-03-19 17:15:44,612 [main] INFO  http.HttpServer2 (HttpServer2.java:addFilter(946)) - Added filter static_user_filter (class=org.apache.hadoop.hdds.server.http.StaticUserWebFilter$StaticUserFilter) to context ozoneManager
2020-03-19 17:15:44,612 [main] INFO  http.HttpServer2 (HttpServer2.java:addFilter(954)) - Added filter static_user_filter (class=org.apache.hadoop.hdds.server.http.StaticUserWebFilter$StaticUserFilter) to context logs
2020-03-19 17:15:44,612 [main] INFO  http.HttpServer2 (HttpServer2.java:addFilter(954)) - Added filter static_user_filter (class=org.apache.hadoop.hdds.server.http.StaticUserWebFilter$StaticUserFilter) to context static
2020-03-19 17:15:44,612 [main] INFO  http.HttpServer2 (HttpServer2.java:bindListener(1188)) - Jetty bound to port 39325
2020-03-19 17:15:44,612 [main] INFO  server.Server (Server.java:doStart(359)) - jetty-9.4.26.v20200117; built: 2020-01-17T12:35:33.676Z; git: 7b38981d25d14afb4a12ff1f2596756144edf695; jvm 1.8.0_232-b09
2020-03-19 17:15:44,619 [main] INFO  server.session (DefaultSessionIdManager.java:doStart(333)) - DefaultSessionIdManager workerName=node0
2020-03-19 17:15:44,619 [main] INFO  server.session (DefaultSessionIdManager.java:doStart(338)) - No SessionScavenger set, using defaults
2020-03-19 17:15:44,619 [main] INFO  server.session (HouseKeeper.java:startScavenging(140)) - node0 Scavenging every 600000ms
2020-03-19 17:15:44,619 [main] INFO  handler.ContextHandler (ContextHandler.java:doStart(825)) - Started o.e.j.s.ServletContextHandler@78b3d7c6{logs,/logs,file:///github/workspace/hadoop-ozone/integration-test/target/log,AVAILABLE}
2020-03-19 17:15:44,620 [main] INFO  handler.ContextHandler (ContextHandler.java:doStart(825)) - Started o.e.j.s.ServletContextHandler@dc8ad31{static,/static,file:///github/workspace/hadoop-ozone/integration-test/target/test-classes/webapps/static,AVAILABLE}
2020-03-19 17:15:44,621 [main] INFO  handler.ContextHandler (ContextHandler.java:doStart(825)) - Started o.e.j.w.WebAppContext@57c4aa3a{ozoneManager,/,file:///github/workspace/hadoop-ozone/integration-test/target/test-classes/webapps/ozoneManager/,AVAILABLE}{file:/github/workspace/hadoop-ozone/integration-test/target/test-classes/webapps/ozoneManager}
2020-03-19 17:15:44,622 [main] INFO  server.AbstractConnector (AbstractConnector.java:doStart(330)) - Started ServerConnector@5179600b{HTTP/1.1,[http/1.1]}{0.0.0.0:39325}
2020-03-19 17:15:44,622 [main] INFO  server.Server (Server.java:doStart(399)) - Started @204963ms
2020-03-19 17:15:44,623 [main] WARN  impl.MetricsSystemImpl (MetricsSystemImpl.java:register(276)) - Sink prometheus already exists!
2020-03-19 17:15:44,624 [main] INFO  http.BaseHttpServer (BaseHttpServer.java:updateConnectorAddress(284)) - HTTP server of ozoneManager listening at http://0.0.0.0:39325
2020-03-19 17:15:44,638 [main] INFO  impl.MetricsSystemImpl (MetricsSystemImpl.java:init(158)) - HddsDatanode metrics system started (again)
2020-03-19 17:15:44,639 [main] INFO  ozone.HddsDatanodeService (HddsDatanodeService.java:start(204)) - HddsDatanodeService host:e39e15fa19de ip:172.17.0.2
2020-03-19 17:15:44,640 [main] INFO  volume.HddsVolume (HddsVolume.java:<init>(177)) - Creating Volume: /github/workspace/hadoop-ozone/integration-test/target/test-dir/MiniOzoneClusterImpl-80293407-04bd-45a8-aeac-96ce148bba0b/datanode-0/data/containers/hdds of storage type : DISK and capacity : 9223372036854775807
2020-03-19 17:15:44,641 [main] INFO  volume.MutableVolumeSet (MutableVolumeSet.java:initializeVolumeSet(188)) - Added Volume : /github/workspace/hadoop-ozone/integration-test/target/test-dir/MiniOzoneClusterImpl-80293407-04bd-45a8-aeac-96ce148bba0b/datanode-0/data/containers/hdds to VolumeSet
2020-03-19 17:15:44,641 [main] INFO  volume.ThrottledAsyncChecker (ThrottledAsyncChecker.java:schedule(141)) - Scheduling a check for /github/workspace/hadoop-ozone/integration-test/target/test-dir/MiniOzoneClusterImpl-80293407-04bd-45a8-aeac-96ce148bba0b/datanode-0/data/containers/hdds
2020-03-19 17:15:44,641 [main] INFO  volume.HddsVolumeChecker (HddsVolumeChecker.java:checkAllVolumes(200)) - Scheduled health check for volume /github/workspace/hadoop-ozone/integration-test/target/test-dir/MiniOzoneClusterImpl-80293407-04bd-45a8-aeac-96ce148bba0b/datanode-0/data/containers/hdds
2020-03-19 17:15:44,657 [main] INFO  impl.RaftServerProxy (ConfUtils.java:logGet(43)) - raft.rpc.type = GRPC (default)
2020-03-19 17:15:44,657 [main] INFO  grpc.GrpcFactory (GrpcFactory.java:checkPooledByteBufAllocatorUseCacheForAllThreads(45)) - PERFORMANCE WARNING: useCacheForAllThreads is true that may cause Netty to create a lot garbage objects and, as a result, trigger GC.
	It is recommended to disable useCacheForAllThreads by setting -Dorg.apache.ratis.thirdparty.io.netty.allocator.useCacheForAllThreads=false in command line.
2020-03-19 17:15:44,657 [main] INFO  grpc.GrpcConfigKeys$Server (ConfUtils.java:logGet(43)) - raft.grpc.server.port = 0 (default)
2020-03-19 17:15:44,657 [main] INFO  server.GrpcService (ConfUtils.java:logGet(43)) - raft.grpc.message.size.max = 32MB (=33554432) (custom)
2020-03-19 17:15:44,657 [main] INFO  server.RaftServerConfigKeys (ConfUtils.java:logGet(43)) - raft.server.log.appender.buffer.byte-limit = 33554432 (custom)
2020-03-19 17:15:44,657 [main] INFO  server.GrpcService (ConfUtils.java:logGet(43)) - raft.grpc.flow.control.window = 5MB (=5242880) (custom)
2020-03-19 17:15:44,657 [main] INFO  server.RaftServerConfigKeys (ConfUtils.java:logGet(43)) - raft.server.rpc.request.timeout = 3s (default)
2020-03-19 17:15:44,658 [main] INFO  server.RaftServerConfigKeys (ConfUtils.java:logGet(43)) - raft.server.storage.dir = [/github/workspace/hadoop-ozone/integration-test/target/test-dir/MiniOzoneClusterImpl-80293407-04bd-45a8-aeac-96ce148bba0b/datanode-0/data/ratis] (custom)
2020-03-19 17:15:44,660 [main] INFO  http.BaseHttpServer (BaseHttpServer.java:newHttpServer2BuilderForOzone(170)) - Starting Web-server for hddsDatanode at: http://0.0.0.0:0
2020-03-19 17:15:44,661 [main] INFO  server.AuthenticationFilter (AuthenticationFilter.java:constructSecretProvider(240)) - Unable to initialize FileSignerSecretProvider, falling back to use random secrets.
2020-03-19 17:15:44,661 [main] WARN  http.HttpRequestLog (HttpRequestLog.java:getRequestLog(103)) - Jetty request log can only be enabled using Log4j
2020-03-19 17:15:44,662 [main] INFO  http.HttpServer2 (HttpServer2.java:addGlobalFilter(970)) - Added global filter 'safety' (class=org.apache.hadoop.hdds.server.http.HttpServer2$QuotingInputFilter)
2020-03-19 17:15:44,662 [main] INFO  http.HttpServer2 (HttpServer2.java:addFilter(946)) - Added filter static_user_filter (class=org.apache.hadoop.hdds.server.http.StaticUserWebFilter$StaticUserFilter) to context hddsDatanode
2020-03-19 17:15:44,662 [main] INFO  http.HttpServer2 (HttpServer2.java:addFilter(954)) - Added filter static_user_filter (class=org.apache.hadoop.hdds.server.http.StaticUserWebFilter$StaticUserFilter) to context static
2020-03-19 17:15:44,662 [main] INFO  http.HttpServer2 (HttpServer2.java:addFilter(954)) - Added filter static_user_filter (class=org.apache.hadoop.hdds.server.http.StaticUserWebFilter$StaticUserFilter) to context logs
2020-03-19 17:15:44,662 [main] INFO  http.HttpServer2 (HttpServer2.java:bindListener(1188)) - Jetty bound to port 42151
2020-03-19 17:15:44,663 [main] INFO  server.Server (Server.java:doStart(359)) - jetty-9.4.26.v20200117; built: 2020-01-17T12:35:33.676Z; git: 7b38981d25d14afb4a12ff1f2596756144edf695; jvm 1.8.0_232-b09
2020-03-19 17:15:44,665 [main] INFO  server.session (DefaultSessionIdManager.java:doStart(333)) - DefaultSessionIdManager workerName=node0
2020-03-19 17:15:44,665 [main] INFO  server.session (DefaultSessionIdManager.java:doStart(338)) - No SessionScavenger set, using defaults
2020-03-19 17:15:44,665 [main] INFO  server.session (HouseKeeper.java:startScavenging(140)) - node0 Scavenging every 600000ms
2020-03-19 17:15:44,666 [main] INFO  handler.ContextHandler (ContextHandler.java:doStart(825)) - Started o.e.j.s.ServletContextHandler@290dd7b2{logs,/logs,file:///github/workspace/hadoop-ozone/integration-test/target/log,AVAILABLE}
2020-03-19 17:15:44,666 [main] INFO  handler.ContextHandler (ContextHandler.java:doStart(825)) - Started o.e.j.s.ServletContextHandler@6796168{static,/static,jar:file:/home/user/.m2/repository/org/apache/hadoop/hadoop-hdds-container-service/0.5.0-SNAPSHOT/hadoop-hdds-container-service-0.5.0-SNAPSHOT.jar!/webapps/static,AVAILABLE}
2020-03-19 17:15:44,687 [main] INFO  handler.ContextHandler (ContextHandler.java:doStart(825)) - Started o.e.j.w.WebAppContext@627dc170{hddsDatanode,/,file:///tmp/jetty-0_0_0_0-42151-hadoop-hdds-container-service-0_5_0-SNAPSHOT_jar-_-any-7971930141241898614.dir/webapp/,AVAILABLE}{jar:file:/home/user/.m2/repository/org/apache/hadoop/hadoop-hdds-container-service/0.5.0-SNAPSHOT/hadoop-hdds-container-service-0.5.0-SNAPSHOT.jar!/webapps/hddsDatanode}
2020-03-19 17:15:44,688 [main] INFO  server.AbstractConnector (AbstractConnector.java:doStart(330)) - Started ServerConnector@4e00c10b{HTTP/1.1,[http/1.1]}{0.0.0.0:42151}
2020-03-19 17:15:44,688 [main] INFO  server.Server (Server.java:doStart(399)) - Started @205029ms
2020-03-19 17:15:44,688 [main] WARN  impl.MetricsSystemImpl (MetricsSystemImpl.java:register(276)) - Sink prometheus already exists!
2020-03-19 17:15:44,689 [main] INFO  http.BaseHttpServer (BaseHttpServer.java:updateConnectorAddress(284)) - HTTP server of hddsDatanode listening at http://0.0.0.0:42151
2020-03-19 17:15:44,689 [main] INFO  impl.MetricsSystemImpl (MetricsSystemImpl.java:init(158)) - HddsDatanode metrics system started (again)
2020-03-19 17:15:44,691 [main] INFO  ozone.HddsDatanodeService (HddsDatanodeService.java:start(204)) - HddsDatanodeService host:e39e15fa19de ip:172.17.0.2
2020-03-19 17:15:44,694 [org.apache.hadoop.util.JvmPauseMonitor$Monitor@6fbd36c3] INFO  util.JvmPauseMonitor (JvmPauseMonitor.java:run(188)) - Starting JVM pause monitor
2020-03-19 17:15:44,695 [Datanode State Machine Thread - 0] INFO  datanode.InitDatanodeState (InitDatanodeState.java:persistContainerDatanodeDetails(147)) - DatanodeDetails is persisted to /github/workspace/hadoop-ozone/integration-test/target/test-dir/MiniOzoneClusterImpl-80293407-04bd-45a8-aeac-96ce148bba0b/datanode-0/meta/datanode.id
2020-03-19 17:15:44,695 [main] INFO  volume.HddsVolume (HddsVolume.java:<init>(177)) - Creating Volume: /github/workspace/hadoop-ozone/integration-test/target/test-dir/MiniOzoneClusterImpl-80293407-04bd-45a8-aeac-96ce148bba0b/datanode-1/data/containers/hdds of storage type : DISK and capacity : 9223372036854775807
2020-03-19 17:15:44,696 [main] INFO  volume.MutableVolumeSet (MutableVolumeSet.java:initializeVolumeSet(188)) - Added Volume : /github/workspace/hadoop-ozone/integration-test/target/test-dir/MiniOzoneClusterImpl-80293407-04bd-45a8-aeac-96ce148bba0b/datanode-1/data/containers/hdds to VolumeSet
2020-03-19 17:15:44,696 [main] INFO  volume.ThrottledAsyncChecker (ThrottledAsyncChecker.java:schedule(141)) - Scheduling a check for /github/workspace/hadoop-ozone/integration-test/target/test-dir/MiniOzoneClusterImpl-80293407-04bd-45a8-aeac-96ce148bba0b/datanode-1/data/containers/hdds
2020-03-19 17:15:44,696 [main] INFO  volume.HddsVolumeChecker (HddsVolumeChecker.java:checkAllVolumes(200)) - Scheduled health check for volume /github/workspace/hadoop-ozone/integration-test/target/test-dir/MiniOzoneClusterImpl-80293407-04bd-45a8-aeac-96ce148bba0b/datanode-1/data/containers/hdds
2020-03-19 17:15:44,709 [main] INFO  impl.RaftServerProxy (ConfUtils.java:logGet(43)) - raft.rpc.type = GRPC (default)
2020-03-19 17:15:44,709 [main] INFO  grpc.GrpcFactory (GrpcFactory.java:checkPooledByteBufAllocatorUseCacheForAllThreads(45)) - PERFORMANCE WARNING: useCacheForAllThreads is true that may cause Netty to create a lot garbage objects and, as a result, trigger GC.
	It is recommended to disable useCacheForAllThreads by setting -Dorg.apache.ratis.thirdparty.io.netty.allocator.useCacheForAllThreads=false in command line.
2020-03-19 17:15:44,710 [main] INFO  grpc.GrpcConfigKeys$Server (ConfUtils.java:logGet(43)) - raft.grpc.server.port = 0 (default)
2020-03-19 17:15:44,710 [main] INFO  server.GrpcService (ConfUtils.java:logGet(43)) - raft.grpc.message.size.max = 32MB (=33554432) (custom)
2020-03-19 17:15:44,710 [main] INFO  server.RaftServerConfigKeys (ConfUtils.java:logGet(43)) - raft.server.log.appender.buffer.byte-limit = 33554432 (custom)
2020-03-19 17:15:44,710 [main] INFO  server.GrpcService (ConfUtils.java:logGet(43)) - raft.grpc.flow.control.window = 5MB (=5242880) (custom)
2020-03-19 17:15:44,710 [main] INFO  server.RaftServerConfigKeys (ConfUtils.java:logGet(43)) - raft.server.rpc.request.timeout = 3s (default)
2020-03-19 17:15:44,710 [main] INFO  server.RaftServerConfigKeys (ConfUtils.java:logGet(43)) - raft.server.storage.dir = [/github/workspace/hadoop-ozone/integration-test/target/test-dir/MiniOzoneClusterImpl-80293407-04bd-45a8-aeac-96ce148bba0b/datanode-1/data/ratis] (custom)
2020-03-19 17:15:44,712 [main] INFO  http.BaseHttpServer (BaseHttpServer.java:newHttpServer2BuilderForOzone(170)) - Starting Web-server for hddsDatanode at: http://0.0.0.0:0
2020-03-19 17:15:44,713 [main] INFO  server.AuthenticationFilter (AuthenticationFilter.java:constructSecretProvider(240)) - Unable to initialize FileSignerSecretProvider, falling back to use random secrets.
2020-03-19 17:15:44,714 [main] WARN  http.HttpRequestLog (HttpRequestLog.java:getRequestLog(103)) - Jetty request log can only be enabled using Log4j
2020-03-19 17:15:44,715 [main] INFO  http.HttpServer2 (HttpServer2.java:addGlobalFilter(970)) - Added global filter 'safety' (class=org.apache.hadoop.hdds.server.http.HttpServer2$QuotingInputFilter)
2020-03-19 17:15:44,715 [main] INFO  http.HttpServer2 (HttpServer2.java:addFilter(946)) - Added filter static_user_filter (class=org.apache.hadoop.hdds.server.http.StaticUserWebFilter$StaticUserFilter) to context hddsDatanode
2020-03-19 17:15:44,716 [main] INFO  http.HttpServer2 (HttpServer2.java:addFilter(954)) - Added filter static_user_filter (class=org.apache.hadoop.hdds.server.http.StaticUserWebFilter$StaticUserFilter) to context logs
2020-03-19 17:15:44,716 [main] INFO  http.HttpServer2 (HttpServer2.java:addFilter(954)) - Added filter static_user_filter (class=org.apache.hadoop.hdds.server.http.StaticUserWebFilter$StaticUserFilter) to context static
2020-03-19 17:15:44,716 [main] INFO  http.HttpServer2 (HttpServer2.java:bindListener(1188)) - Jetty bound to port 35899
2020-03-19 17:15:44,716 [main] INFO  server.Server (Server.java:doStart(359)) - jetty-9.4.26.v20200117; built: 2020-01-17T12:35:33.676Z; git: 7b38981d25d14afb4a12ff1f2596756144edf695; jvm 1.8.0_232-b09
2020-03-19 17:15:44,718 [main] INFO  server.session (DefaultSessionIdManager.java:doStart(333)) - DefaultSessionIdManager workerName=node0
2020-03-19 17:15:44,718 [main] INFO  server.session (DefaultSessionIdManager.java:doStart(338)) - No SessionScavenger set, using defaults
2020-03-19 17:15:44,718 [main] INFO  server.session (HouseKeeper.java:startScavenging(140)) - node0 Scavenging every 660000ms
2020-03-19 17:15:44,719 [main] INFO  handler.ContextHandler (ContextHandler.java:doStart(825)) - Started o.e.j.s.ServletContextHandler@4c55a445{logs,/logs,file:///github/workspace/hadoop-ozone/integration-test/target/log,AVAILABLE}
2020-03-19 17:15:44,719 [main] INFO  handler.ContextHandler (ContextHandler.java:doStart(825)) - Started o.e.j.s.ServletContextHandler@67c1eb51{static,/static,jar:file:/home/user/.m2/repository/org/apache/hadoop/hadoop-hdds-container-service/0.5.0-SNAPSHOT/hadoop-hdds-container-service-0.5.0-SNAPSHOT.jar!/webapps/static,AVAILABLE}
2020-03-19 17:15:44,741 [main] INFO  handler.ContextHandler (ContextHandler.java:doStart(825)) - Started o.e.j.w.WebAppContext@7d984119{hddsDatanode,/,file:///tmp/jetty-0_0_0_0-35899-hadoop-hdds-container-service-0_5_0-SNAPSHOT_jar-_-any-8245874339863610595.dir/webapp/,AVAILABLE}{jar:file:/home/user/.m2/repository/org/apache/hadoop/hadoop-hdds-container-service/0.5.0-SNAPSHOT/hadoop-hdds-container-service-0.5.0-SNAPSHOT.jar!/webapps/hddsDatanode}
2020-03-19 17:15:44,742 [main] INFO  server.AbstractConnector (AbstractConnector.java:doStart(330)) - Started ServerConnector@5a1db3f5{HTTP/1.1,[http/1.1]}{0.0.0.0:35899}
2020-03-19 17:15:44,742 [main] INFO  server.Server (Server.java:doStart(399)) - Started @205083ms
2020-03-19 17:15:44,743 [main] WARN  impl.MetricsSystemImpl (MetricsSystemImpl.java:register(276)) - Sink prometheus already exists!
2020-03-19 17:15:44,744 [main] INFO  http.BaseHttpServer (BaseHttpServer.java:updateConnectorAddress(284)) - HTTP server of hddsDatanode listening at http://0.0.0.0:35899
2020-03-19 17:15:44,745 [main] INFO  impl.MetricsSystemImpl (MetricsSystemImpl.java:init(158)) - HddsDatanode metrics system started (again)
2020-03-19 17:15:44,747 [main] INFO  ozone.HddsDatanodeService (HddsDatanodeService.java:start(204)) - HddsDatanodeService host:e39e15fa19de ip:172.17.0.2
2020-03-19 17:15:44,750 [org.apache.hadoop.util.JvmPauseMonitor$Monitor@346b579a] INFO  util.JvmPauseMonitor (JvmPauseMonitor.java:run(188)) - Starting JVM pause monitor
2020-03-19 17:15:44,751 [Datanode State Machine Thread - 0] INFO  datanode.InitDatanodeState (InitDatanodeState.java:persistContainerDatanodeDetails(147)) - DatanodeDetails is persisted to /github/workspace/hadoop-ozone/integration-test/target/test-dir/MiniOzoneClusterImpl-80293407-04bd-45a8-aeac-96ce148bba0b/datanode-1/meta/datanode.id
2020-03-19 17:15:44,751 [main] INFO  volume.HddsVolume (HddsVolume.java:<init>(177)) - Creating Volume: /github/workspace/hadoop-ozone/integration-test/target/test-dir/MiniOzoneClusterImpl-80293407-04bd-45a8-aeac-96ce148bba0b/datanode-2/data/containers/hdds of storage type : DISK and capacity : 9223372036854775807
2020-03-19 17:15:44,752 [main] INFO  volume.MutableVolumeSet (MutableVolumeSet.java:initializeVolumeSet(188)) - Added Volume : /github/workspace/hadoop-ozone/integration-test/target/test-dir/MiniOzoneClusterImpl-80293407-04bd-45a8-aeac-96ce148bba0b/datanode-2/data/containers/hdds to VolumeSet
2020-03-19 17:15:44,752 [main] INFO  volume.ThrottledAsyncChecker (ThrottledAsyncChecker.java:schedule(141)) - Scheduling a check for /github/workspace/hadoop-ozone/integration-test/target/test-dir/MiniOzoneClusterImpl-80293407-04bd-45a8-aeac-96ce148bba0b/datanode-2/data/containers/hdds
2020-03-19 17:15:44,752 [main] INFO  volume.HddsVolumeChecker (HddsVolumeChecker.java:checkAllVolumes(200)) - Scheduled health check for volume /github/workspace/hadoop-ozone/integration-test/target/test-dir/MiniOzoneClusterImpl-80293407-04bd-45a8-aeac-96ce148bba0b/datanode-2/data/containers/hdds
2020-03-19 17:15:44,767 [main] INFO  impl.RaftServerProxy (ConfUtils.java:logGet(43)) - raft.rpc.type = GRPC (default)
2020-03-19 17:15:44,768 [main] INFO  grpc.GrpcFactory (GrpcFactory.java:checkPooledByteBufAllocatorUseCacheForAllThreads(45)) - PERFORMANCE WARNING: useCacheForAllThreads is true that may cause Netty to create a lot garbage objects and, as a result, trigger GC.
	It is recommended to disable useCacheForAllThreads by setting -Dorg.apache.ratis.thirdparty.io.netty.allocator.useCacheForAllThreads=false in command line.
2020-03-19 17:15:44,768 [main] INFO  grpc.GrpcConfigKeys$Server (ConfUtils.java:logGet(43)) - raft.grpc.server.port = 0 (default)
2020-03-19 17:15:44,768 [main] INFO  server.GrpcService (ConfUtils.java:logGet(43)) - raft.grpc.message.size.max = 32MB (=33554432) (custom)
2020-03-19 17:15:44,768 [main] INFO  server.RaftServerConfigKeys (ConfUtils.java:logGet(43)) - raft.server.log.appender.buffer.byte-limit = 33554432 (custom)
2020-03-19 17:15:44,768 [main] INFO  server.GrpcService (ConfUtils.java:logGet(43)) - raft.grpc.flow.control.window = 5MB (=5242880) (custom)
2020-03-19 17:15:44,768 [main] INFO  server.RaftServerConfigKeys (ConfUtils.java:logGet(43)) - raft.server.rpc.request.timeout = 3s (default)
2020-03-19 17:15:44,768 [main] INFO  server.RaftServerConfigKeys (ConfUtils.java:logGet(43)) - raft.server.storage.dir = [/github/workspace/hadoop-ozone/integration-test/target/test-dir/MiniOzoneClusterImpl-80293407-04bd-45a8-aeac-96ce148bba0b/datanode-2/data/ratis] (custom)
2020-03-19 17:15:44,771 [main] INFO  http.BaseHttpServer (BaseHttpServer.java:newHttpServer2BuilderForOzone(170)) - Starting Web-server for hddsDatanode at: http://0.0.0.0:0
2020-03-19 17:15:44,772 [main] INFO  server.AuthenticationFilter (AuthenticationFilter.java:constructSecretProvider(240)) - Unable to initialize FileSignerSecretProvider, falling back to use random secrets.
2020-03-19 17:15:44,773 [main] WARN  http.HttpRequestLog (HttpRequestLog.java:getRequestLog(103)) - Jetty request log can only be enabled using Log4j
2020-03-19 17:15:44,773 [main] INFO  http.HttpServer2 (HttpServer2.java:addGlobalFilter(970)) - Added global filter 'safety' (class=org.apache.hadoop.hdds.server.http.HttpServer2$QuotingInputFilter)
2020-03-19 17:15:44,774 [main] INFO  http.HttpServer2 (HttpServer2.java:addFilter(946)) - Added filter static_user_filter (class=org.apache.hadoop.hdds.server.http.StaticUserWebFilter$StaticUserFilter) to context hddsDatanode
2020-03-19 17:15:44,774 [main] INFO  http.HttpServer2 (HttpServer2.java:addFilter(954)) - Added filter static_user_filter (class=org.apache.hadoop.hdds.server.http.StaticUserWebFilter$StaticUserFilter) to context static
2020-03-19 17:15:44,774 [main] INFO  http.HttpServer2 (HttpServer2.java:addFilter(954)) - Added filter static_user_filter (class=org.apache.hadoop.hdds.server.http.StaticUserWebFilter$StaticUserFilter) to context logs
2020-03-19 17:15:44,774 [main] INFO  http.HttpServer2 (HttpServer2.java:bindListener(1188)) - Jetty bound to port 35639
2020-03-19 17:15:44,775 [main] INFO  server.Server (Server.java:doStart(359)) - jetty-9.4.26.v20200117; built: 2020-01-17T12:35:33.676Z; git: 7b38981d25d14afb4a12ff1f2596756144edf695; jvm 1.8.0_232-b09
2020-03-19 17:15:44,775 [main] INFO  server.session (DefaultSessionIdManager.java:doStart(333)) - DefaultSessionIdManager workerName=node0
2020-03-19 17:15:44,776 [main] INFO  server.session (DefaultSessionIdManager.java:doStart(338)) - No SessionScavenger set, using defaults
2020-03-19 17:15:44,776 [main] INFO  server.session (HouseKeeper.java:startScavenging(140)) - node0 Scavenging every 660000ms
2020-03-19 17:15:44,776 [main] INFO  handler.ContextHandler (ContextHandler.java:doStart(825)) - Started o.e.j.s.ServletContextHandler@6ceac4e6{logs,/logs,file:///github/workspace/hadoop-ozone/integration-test/target/log,AVAILABLE}
2020-03-19 17:15:44,776 [main] INFO  handler.ContextHandler (ContextHandler.java:doStart(825)) - Started o.e.j.s.ServletContextHandler@6881bbc5{static,/static,jar:file:/home/user/.m2/repository/org/apache/hadoop/hadoop-hdds-container-service/0.5.0-SNAPSHOT/hadoop-hdds-container-service-0.5.0-SNAPSHOT.jar!/webapps/static,AVAILABLE}
2020-03-19 17:15:44,796 [main] INFO  handler.ContextHandler (ContextHandler.java:doStart(825)) - Started o.e.j.w.WebAppContext@40befd80{hddsDatanode,/,file:///tmp/jetty-0_0_0_0-35639-hadoop-hdds-container-service-0_5_0-SNAPSHOT_jar-_-any-7257367259026211484.dir/webapp/,AVAILABLE}{jar:file:/home/user/.m2/repository/org/apache/hadoop/hadoop-hdds-container-service/0.5.0-SNAPSHOT/hadoop-hdds-container-service-0.5.0-SNAPSHOT.jar!/webapps/hddsDatanode}
2020-03-19 17:15:44,797 [main] INFO  server.AbstractConnector (AbstractConnector.java:doStart(330)) - Started ServerConnector@3ff0819e{HTTP/1.1,[http/1.1]}{0.0.0.0:35639}
2020-03-19 17:15:44,797 [main] INFO  server.Server (Server.java:doStart(399)) - Started @205138ms
2020-03-19 17:15:44,797 [main] WARN  impl.MetricsSystemImpl (MetricsSystemImpl.java:register(276)) - Sink prometheus already exists!
2020-03-19 17:15:44,799 [main] INFO  http.BaseHttpServer (BaseHttpServer.java:updateConnectorAddress(284)) - HTTP server of hddsDatanode listening at http://0.0.0.0:35639
2020-03-19 17:15:44,806 [main] INFO  impl.MetricsSystemImpl (MetricsSystemImpl.java:init(158)) - HddsDatanode metrics system started (again)
2020-03-19 17:15:44,807 [main] INFO  ozone.HddsDatanodeService (HddsDatanodeService.java:start(204)) - HddsDatanodeService host:e39e15fa19de ip:172.17.0.2
2020-03-19 17:15:44,808 [main] INFO  volume.HddsVolume (HddsVolume.java:<init>(177)) - Creating Volume: /github/workspace/hadoop-ozone/integration-test/target/test-dir/MiniOzoneClusterImpl-80293407-04bd-45a8-aeac-96ce148bba0b/datanode-3/data/containers/hdds of storage type : DISK and capacity : 9223372036854775807
2020-03-19 17:15:44,808 [main] INFO  volume.MutableVolumeSet (MutableVolumeSet.java:initializeVolumeSet(188)) - Added Volume : /github/workspace/hadoop-ozone/integration-test/target/test-dir/MiniOzoneClusterImpl-80293407-04bd-45a8-aeac-96ce148bba0b/datanode-3/data/containers/hdds to VolumeSet
2020-03-19 17:15:44,809 [main] INFO  volume.ThrottledAsyncChecker (ThrottledAsyncChecker.java:schedule(141)) - Scheduling a check for /github/workspace/hadoop-ozone/integration-test/target/test-dir/MiniOzoneClusterImpl-80293407-04bd-45a8-aeac-96ce148bba0b/datanode-3/data/containers/hdds
2020-03-19 17:15:44,818 [org.apache.hadoop.util.JvmPauseMonitor$Monitor@2540300f] INFO  util.JvmPauseMonitor (JvmPauseMonitor.java:run(188)) - Starting JVM pause monitor
2020-03-19 17:15:44,819 [main] INFO  volume.HddsVolumeChecker (HddsVolumeChecker.java:checkAllVolumes(200)) - Scheduled health check for volume /github/workspace/hadoop-ozone/integration-test/target/test-dir/MiniOzoneClusterImpl-80293407-04bd-45a8-aeac-96ce148bba0b/datanode-3/data/containers/hdds
2020-03-19 17:15:44,831 [Datanode State Machine Thread - 0] INFO  datanode.InitDatanodeState (InitDatanodeState.java:persistContainerDatanodeDetails(147)) - DatanodeDetails is persisted to /github/workspace/hadoop-ozone/integration-test/target/test-dir/MiniOzoneClusterImpl-80293407-04bd-45a8-aeac-96ce148bba0b/datanode-2/meta/datanode.id
2020-03-19 17:15:44,833 [main] INFO  impl.RaftServerProxy (ConfUtils.java:logGet(43)) - raft.rpc.type = GRPC (default)
2020-03-19 17:15:44,833 [main] INFO  grpc.GrpcFactory (GrpcFactory.java:checkPooledByteBufAllocatorUseCacheForAllThreads(45)) - PERFORMANCE WARNING: useCacheForAllThreads is true that may cause Netty to create a lot garbage objects and, as a result, trigger GC.
	It is recommended to disable useCacheForAllThreads by setting -Dorg.apache.ratis.thirdparty.io.netty.allocator.useCacheForAllThreads=false in command line.
2020-03-19 17:15:44,833 [main] INFO  grpc.GrpcConfigKeys$Server (ConfUtils.java:logGet(43)) - raft.grpc.server.port = 0 (default)
2020-03-19 17:15:44,833 [main] INFO  server.GrpcService (ConfUtils.java:logGet(43)) - raft.grpc.message.size.max = 32MB (=33554432) (custom)
2020-03-19 17:15:44,833 [main] INFO  server.RaftServerConfigKeys (ConfUtils.java:logGet(43)) - raft.server.log.appender.buffer.byte-limit = 33554432 (custom)
2020-03-19 17:15:44,833 [main] INFO  server.GrpcService (ConfUtils.java:logGet(43)) - raft.grpc.flow.control.window = 5MB (=5242880) (custom)
2020-03-19 17:15:44,833 [main] INFO  server.RaftServerConfigKeys (ConfUtils.java:logGet(43)) - raft.server.rpc.request.timeout = 3s (default)
2020-03-19 17:15:44,833 [main] INFO  server.RaftServerConfigKeys (ConfUtils.java:logGet(43)) - raft.server.storage.dir = [/github/workspace/hadoop-ozone/integration-test/target/test-dir/MiniOzoneClusterImpl-80293407-04bd-45a8-aeac-96ce148bba0b/datanode-3/data/ratis] (custom)
2020-03-19 17:15:44,835 [main] INFO  http.BaseHttpServer (BaseHttpServer.java:newHttpServer2BuilderForOzone(170)) - Starting Web-server for hddsDatanode at: http://0.0.0.0:0
2020-03-19 17:15:44,836 [main] INFO  server.AuthenticationFilter (AuthenticationFilter.java:constructSecretProvider(240)) - Unable to initialize FileSignerSecretProvider, falling back to use random secrets.
2020-03-19 17:15:44,836 [main] WARN  http.HttpRequestLog (HttpRequestLog.java:getRequestLog(103)) - Jetty request log can only be enabled using Log4j
2020-03-19 17:15:44,837 [main] INFO  http.HttpServer2 (HttpServer2.java:addGlobalFilter(970)) - Added global filter 'safety' (class=org.apache.hadoop.hdds.server.http.HttpServer2$QuotingInputFilter)
2020-03-19 17:15:44,837 [main] INFO  http.HttpServer2 (HttpServer2.java:addFilter(946)) - Added filter static_user_filter (class=org.apache.hadoop.hdds.server.http.StaticUserWebFilter$StaticUserFilter) to context hddsDatanode
2020-03-19 17:15:44,837 [main] INFO  http.HttpServer2 (HttpServer2.java:addFilter(954)) - Added filter static_user_filter (class=org.apache.hadoop.hdds.server.http.StaticUserWebFilter$StaticUserFilter) to context logs
2020-03-19 17:15:44,838 [main] INFO  http.HttpServer2 (HttpServer2.java:addFilter(954)) - Added filter static_user_filter (class=org.apache.hadoop.hdds.server.http.StaticUserWebFilter$StaticUserFilter) to context static
2020-03-19 17:15:44,838 [main] INFO  http.HttpServer2 (HttpServer2.java:bindListener(1188)) - Jetty bound to port 38327
2020-03-19 17:15:44,838 [main] INFO  server.Server (Server.java:doStart(359)) - jetty-9.4.26.v20200117; built: 2020-01-17T12:35:33.676Z; git: 7b38981d25d14afb4a12ff1f2596756144edf695; jvm 1.8.0_232-b09
2020-03-19 17:15:44,839 [main] INFO  server.session (DefaultSessionIdManager.java:doStart(333)) - DefaultSessionIdManager workerName=node0
2020-03-19 17:15:44,839 [main] INFO  server.session (DefaultSessionIdManager.java:doStart(338)) - No SessionScavenger set, using defaults
2020-03-19 17:15:44,839 [main] INFO  server.session (HouseKeeper.java:startScavenging(140)) - node0 Scavenging every 600000ms
2020-03-19 17:15:44,839 [main] INFO  handler.ContextHandler (ContextHandler.java:doStart(825)) - Started o.e.j.s.ServletContextHandler@42fc197e{logs,/logs,file:///github/workspace/hadoop-ozone/integration-test/target/log,AVAILABLE}
2020-03-19 17:15:44,840 [main] INFO  handler.ContextHandler (ContextHandler.java:doStart(825)) - Started o.e.j.s.ServletContextHandler@42f36684{static,/static,jar:file:/home/user/.m2/repository/org/apache/hadoop/hadoop-hdds-container-service/0.5.0-SNAPSHOT/hadoop-hdds-container-service-0.5.0-SNAPSHOT.jar!/webapps/static,AVAILABLE}
2020-03-19 17:15:44,860 [main] INFO  handler.ContextHandler (ContextHandler.java:doStart(825)) - Started o.e.j.w.WebAppContext@512e6545{hddsDatanode,/,file:///tmp/jetty-0_0_0_0-38327-hadoop-hdds-container-service-0_5_0-SNAPSHOT_jar-_-any-5776854479502433178.dir/webapp/,AVAILABLE}{jar:file:/home/user/.m2/repository/org/apache/hadoop/hadoop-hdds-container-service/0.5.0-SNAPSHOT/hadoop-hdds-container-service-0.5.0-SNAPSHOT.jar!/webapps/hddsDatanode}
2020-03-19 17:15:44,861 [main] INFO  server.AbstractConnector (AbstractConnector.java:doStart(330)) - Started ServerConnector@61eb6673{HTTP/1.1,[http/1.1]}{0.0.0.0:38327}
2020-03-19 17:15:44,861 [main] INFO  server.Server (Server.java:doStart(399)) - Started @205202ms
2020-03-19 17:15:44,861 [main] WARN  impl.MetricsSystemImpl (MetricsSystemImpl.java:register(276)) - Sink prometheus already exists!
2020-03-19 17:15:44,863 [main] INFO  http.BaseHttpServer (BaseHttpServer.java:updateConnectorAddress(284)) - HTTP server of hddsDatanode listening at http://0.0.0.0:38327
2020-03-19 17:15:44,864 [main] INFO  impl.MetricsSystemImpl (MetricsSystemImpl.java:init(158)) - HddsDatanode metrics system started (again)
2020-03-19 17:15:44,865 [main] INFO  ozone.HddsDatanodeService (HddsDatanodeService.java:start(204)) - HddsDatanodeService host:e39e15fa19de ip:172.17.0.2
2020-03-19 17:15:44,866 [org.apache.hadoop.util.JvmPauseMonitor$Monitor@15f4b8c7] INFO  util.JvmPauseMonitor (JvmPauseMonitor.java:run(188)) - Starting JVM pause monitor
2020-03-19 17:15:44,867 [Datanode State Machine Thread - 0] INFO  datanode.InitDatanodeState (InitDatanodeState.java:persistContainerDatanodeDetails(147)) - DatanodeDetails is persisted to /github/workspace/hadoop-ozone/integration-test/target/test-dir/MiniOzoneClusterImpl-80293407-04bd-45a8-aeac-96ce148bba0b/datanode-3/meta/datanode.id
2020-03-19 17:15:44,867 [main] INFO  volume.HddsVolume (HddsVolume.java:<init>(177)) - Creating Volume: /github/workspace/hadoop-ozone/integration-test/target/test-dir/MiniOzoneClusterImpl-80293407-04bd-45a8-aeac-96ce148bba0b/datanode-4/data/containers/hdds of storage type : DISK and capacity : 9223372036854775807
2020-03-19 17:15:44,867 [main] INFO  volume.MutableVolumeSet (MutableVolumeSet.java:initializeVolumeSet(188)) - Added Volume : /github/workspace/hadoop-ozone/integration-test/target/test-dir/MiniOzoneClusterImpl-80293407-04bd-45a8-aeac-96ce148bba0b/datanode-4/data/containers/hdds to VolumeSet
2020-03-19 17:15:44,867 [main] INFO  volume.ThrottledAsyncChecker (ThrottledAsyncChecker.java:schedule(141)) - Scheduling a check for /github/workspace/hadoop-ozone/integration-test/target/test-dir/MiniOzoneClusterImpl-80293407-04bd-45a8-aeac-96ce148bba0b/datanode-4/data/containers/hdds
2020-03-19 17:15:44,868 [main] INFO  volume.HddsVolumeChecker (HddsVolumeChecker.java:checkAllVolumes(200)) - Scheduled health check for volume /github/workspace/hadoop-ozone/integration-test/target/test-dir/MiniOzoneClusterImpl-80293407-04bd-45a8-aeac-96ce148bba0b/datanode-4/data/containers/hdds
2020-03-19 17:15:44,880 [main] INFO  impl.RaftServerProxy (ConfUtils.java:logGet(43)) - raft.rpc.type = GRPC (default)
2020-03-19 17:15:44,880 [main] INFO  grpc.GrpcFactory (GrpcFactory.java:checkPooledByteBufAllocatorUseCacheForAllThreads(45)) - PERFORMANCE WARNING: useCacheForAllThreads is true that may cause Netty to create a lot garbage objects and, as a result, trigger GC.
	It is recommended to disable useCacheForAllThreads by setting -Dorg.apache.ratis.thirdparty.io.netty.allocator.useCacheForAllThreads=false in command line.
2020-03-19 17:15:44,880 [main] INFO  grpc.GrpcConfigKeys$Server (ConfUtils.java:logGet(43)) - raft.grpc.server.port = 0 (default)
2020-03-19 17:15:44,880 [main] INFO  server.GrpcService (ConfUtils.java:logGet(43)) - raft.grpc.message.size.max = 32MB (=33554432) (custom)
2020-03-19 17:15:44,880 [main] INFO  server.RaftServerConfigKeys (ConfUtils.java:logGet(43)) - raft.server.log.appender.buffer.byte-limit = 33554432 (custom)
2020-03-19 17:15:44,880 [main] INFO  server.GrpcService (ConfUtils.java:logGet(43)) - raft.grpc.flow.control.window = 5MB (=5242880) (custom)
2020-03-19 17:15:44,880 [main] INFO  server.RaftServerConfigKeys (ConfUtils.java:logGet(43)) - raft.server.rpc.request.timeout = 3s (default)
2020-03-19 17:15:44,880 [main] INFO  server.RaftServerConfigKeys (ConfUtils.java:logGet(43)) - raft.server.storage.dir = [/github/workspace/hadoop-ozone/integration-test/target/test-dir/MiniOzoneClusterImpl-80293407-04bd-45a8-aeac-96ce148bba0b/datanode-4/data/ratis] (custom)
2020-03-19 17:15:44,882 [main] INFO  http.BaseHttpServer (BaseHttpServer.java:newHttpServer2BuilderForOzone(170)) - Starting Web-server for hddsDatanode at: http://0.0.0.0:0
2020-03-19 17:15:44,883 [main] INFO  server.AuthenticationFilter (AuthenticationFilter.java:constructSecretProvider(240)) - Unable to initialize FileSignerSecretProvider, falling back to use random secrets.
2020-03-19 17:15:44,883 [main] WARN  http.HttpRequestLog (HttpRequestLog.java:getRequestLog(103)) - Jetty request log can only be enabled using Log4j
2020-03-19 17:15:44,884 [main] INFO  http.HttpServer2 (HttpServer2.java:addGlobalFilter(970)) - Added global filter 'safety' (class=org.apache.hadoop.hdds.server.http.HttpServer2$QuotingInputFilter)
2020-03-19 17:15:44,884 [main] INFO  http.HttpServer2 (HttpServer2.java:addFilter(946)) - Added filter static_user_filter (class=org.apache.hadoop.hdds.server.http.StaticUserWebFilter$StaticUserFilter) to context hddsDatanode
2020-03-19 17:15:44,884 [main] INFO  http.HttpServer2 (HttpServer2.java:addFilter(954)) - Added filter static_user_filter (class=org.apache.hadoop.hdds.server.http.StaticUserWebFilter$StaticUserFilter) to context logs
2020-03-19 17:15:44,884 [main] INFO  http.HttpServer2 (HttpServer2.java:addFilter(954)) - Added filter static_user_filter (class=org.apache.hadoop.hdds.server.http.StaticUserWebFilter$StaticUserFilter) to context static
2020-03-19 17:15:44,884 [main] INFO  http.HttpServer2 (HttpServer2.java:bindListener(1188)) - Jetty bound to port 36561
2020-03-19 17:15:44,884 [main] INFO  server.Server (Server.java:doStart(359)) - jetty-9.4.26.v20200117; built: 2020-01-17T12:35:33.676Z; git: 7b38981d25d14afb4a12ff1f2596756144edf695; jvm 1.8.0_232-b09
2020-03-19 17:15:44,885 [main] INFO  server.session (DefaultSessionIdManager.java:doStart(333)) - DefaultSessionIdManager workerName=node0
2020-03-19 17:15:44,886 [main] INFO  server.session (DefaultSessionIdManager.java:doStart(338)) - No SessionScavenger set, using defaults
2020-03-19 17:15:44,886 [main] INFO  server.session (HouseKeeper.java:startScavenging(140)) - node0 Scavenging every 660000ms
2020-03-19 17:15:44,886 [main] INFO  handler.ContextHandler (ContextHandler.java:doStart(825)) - Started o.e.j.s.ServletContextHandler@794fda4b{logs,/logs,file:///github/workspace/hadoop-ozone/integration-test/target/log,AVAILABLE}
2020-03-19 17:15:44,886 [main] INFO  handler.ContextHandler (ContextHandler.java:doStart(825)) - Started o.e.j.s.ServletContextHandler@2c0450ee{static,/static,jar:file:/home/user/.m2/repository/org/apache/hadoop/hadoop-hdds-container-service/0.5.0-SNAPSHOT/hadoop-hdds-container-service-0.5.0-SNAPSHOT.jar!/webapps/static,AVAILABLE}
2020-03-19 17:15:44,907 [main] INFO  handler.ContextHandler (ContextHandler.java:doStart(825)) - Started o.e.j.w.WebAppContext@3f72b18e{hddsDatanode,/,file:///tmp/jetty-0_0_0_0-36561-hadoop-hdds-container-service-0_5_0-SNAPSHOT_jar-_-any-1325284800384887164.dir/webapp/,AVAILABLE}{jar:file:/home/user/.m2/repository/org/apache/hadoop/hadoop-hdds-container-service/0.5.0-SNAPSHOT/hadoop-hdds-container-service-0.5.0-SNAPSHOT.jar!/webapps/hddsDatanode}
2020-03-19 17:15:44,908 [main] INFO  server.AbstractConnector (AbstractConnector.java:doStart(330)) - Started ServerConnector@26350900{HTTP/1.1,[http/1.1]}{0.0.0.0:36561}
2020-03-19 17:15:44,908 [main] INFO  server.Server (Server.java:doStart(399)) - Started @205249ms
2020-03-19 17:15:44,908 [main] WARN  impl.MetricsSystemImpl (MetricsSystemImpl.java:register(276)) - Sink prometheus already exists!
2020-03-19 17:15:44,909 [main] INFO  http.BaseHttpServer (BaseHttpServer.java:updateConnectorAddress(284)) - HTTP server of hddsDatanode listening at http://0.0.0.0:36561
2020-03-19 17:15:44,910 [main] INFO  impl.MetricsSystemImpl (MetricsSystemImpl.java:init(158)) - HddsDatanode metrics system started (again)
2020-03-19 17:15:44,911 [main] INFO  ozone.HddsDatanodeService (HddsDatanodeService.java:start(204)) - HddsDatanodeService host:e39e15fa19de ip:172.17.0.2
2020-03-19 17:15:44,914 [main] INFO  volume.HddsVolume (HddsVolume.java:<init>(177)) - Creating Volume: /github/workspace/hadoop-ozone/integration-test/target/test-dir/MiniOzoneClusterImpl-80293407-04bd-45a8-aeac-96ce148bba0b/datanode-5/data/containers/hdds of storage type : DISK and capacity : 9223372036854775807
2020-03-19 17:15:44,915 [main] INFO  volume.MutableVolumeSet (MutableVolumeSet.java:initializeVolumeSet(188)) - Added Volume : /github/workspace/hadoop-ozone/integration-test/target/test-dir/MiniOzoneClusterImpl-80293407-04bd-45a8-aeac-96ce148bba0b/datanode-5/data/containers/hdds to VolumeSet
2020-03-19 17:15:44,915 [main] INFO  volume.ThrottledAsyncChecker (ThrottledAsyncChecker.java:schedule(141)) - Scheduling a check for /github/workspace/hadoop-ozone/integration-test/target/test-dir/MiniOzoneClusterImpl-80293407-04bd-45a8-aeac-96ce148bba0b/datanode-5/data/containers/hdds
2020-03-19 17:15:44,918 [main] INFO  volume.HddsVolumeChecker (HddsVolumeChecker.java:checkAllVolumes(200)) - Scheduled health check for volume /github/workspace/hadoop-ozone/integration-test/target/test-dir/MiniOzoneClusterImpl-80293407-04bd-45a8-aeac-96ce148bba0b/datanode-5/data/containers/hdds
2020-03-19 17:15:44,939 [Datanode State Machine Thread - 0] INFO  datanode.InitDatanodeState (InitDatanodeState.java:persistContainerDatanodeDetails(147)) - DatanodeDetails is persisted to /github/workspace/hadoop-ozone/integration-test/target/test-dir/MiniOzoneClusterImpl-80293407-04bd-45a8-aeac-96ce148bba0b/datanode-4/meta/datanode.id
2020-03-19 17:15:44,939 [org.apache.hadoop.util.JvmPauseMonitor$Monitor@44cdba96] INFO  util.JvmPauseMonitor (JvmPauseMonitor.java:run(188)) - Starting JVM pause monitor
2020-03-19 17:15:44,940 [main] INFO  impl.RaftServerProxy (ConfUtils.java:logGet(43)) - raft.rpc.type = GRPC (default)
2020-03-19 17:15:44,940 [main] INFO  grpc.GrpcFactory (GrpcFactory.java:checkPooledByteBufAllocatorUseCacheForAllThreads(45)) - PERFORMANCE WARNING: useCacheForAllThreads is true that may cause Netty to create a lot garbage objects and, as a result, trigger GC.
	It is recommended to disable useCacheForAllThreads by setting -Dorg.apache.ratis.thirdparty.io.netty.allocator.useCacheForAllThreads=false in command line.
2020-03-19 17:15:44,940 [main] INFO  grpc.GrpcConfigKeys$Server (ConfUtils.java:logGet(43)) - raft.grpc.server.port = 0 (default)
2020-03-19 17:15:44,941 [main] INFO  server.GrpcService (ConfUtils.java:logGet(43)) - raft.grpc.message.size.max = 32MB (=33554432) (custom)
2020-03-19 17:15:44,941 [main] INFO  server.RaftServerConfigKeys (ConfUtils.java:logGet(43)) - raft.server.log.appender.buffer.byte-limit = 33554432 (custom)
2020-03-19 17:15:44,941 [main] INFO  server.GrpcService (ConfUtils.java:logGet(43)) - raft.grpc.flow.control.window = 5MB (=5242880) (custom)
2020-03-19 17:15:44,941 [main] INFO  server.RaftServerConfigKeys (ConfUtils.java:logGet(43)) - raft.server.rpc.request.timeout = 3s (default)
2020-03-19 17:15:44,941 [main] INFO  server.RaftServerConfigKeys (ConfUtils.java:logGet(43)) - raft.server.storage.dir = [/github/workspace/hadoop-ozone/integration-test/target/test-dir/MiniOzoneClusterImpl-80293407-04bd-45a8-aeac-96ce148bba0b/datanode-5/data/ratis] (custom)
2020-03-19 17:15:44,943 [main] INFO  http.BaseHttpServer (BaseHttpServer.java:newHttpServer2BuilderForOzone(170)) - Starting Web-server for hddsDatanode at: http://0.0.0.0:0
2020-03-19 17:15:44,944 [main] INFO  server.AuthenticationFilter (AuthenticationFilter.java:constructSecretProvider(240)) - Unable to initialize FileSignerSecretProvider, falling back to use random secrets.
2020-03-19 17:15:44,944 [main] WARN  http.HttpRequestLog (HttpRequestLog.java:getRequestLog(103)) - Jetty request log can only be enabled using Log4j
2020-03-19 17:15:44,945 [main] INFO  http.HttpServer2 (HttpServer2.java:addGlobalFilter(970)) - Added global filter 'safety' (class=org.apache.hadoop.hdds.server.http.HttpServer2$QuotingInputFilter)
2020-03-19 17:15:44,945 [main] INFO  http.HttpServer2 (HttpServer2.java:addFilter(946)) - Added filter static_user_filter (class=org.apache.hadoop.hdds.server.http.StaticUserWebFilter$StaticUserFilter) to context hddsDatanode
2020-03-19 17:15:44,945 [main] INFO  http.HttpServer2 (HttpServer2.java:addFilter(954)) - Added filter static_user_filter (class=org.apache.hadoop.hdds.server.http.StaticUserWebFilter$StaticUserFilter) to context static
2020-03-19 17:15:44,945 [main] INFO  http.HttpServer2 (HttpServer2.java:addFilter(954)) - Added filter static_user_filter (class=org.apache.hadoop.hdds.server.http.StaticUserWebFilter$StaticUserFilter) to context logs
2020-03-19 17:15:44,946 [main] INFO  http.HttpServer2 (HttpServer2.java:bindListener(1188)) - Jetty bound to port 39535
2020-03-19 17:15:44,946 [main] INFO  server.Server (Server.java:doStart(359)) - jetty-9.4.26.v20200117; built: 2020-01-17T12:35:33.676Z; git: 7b38981d25d14afb4a12ff1f2596756144edf695; jvm 1.8.0_232-b09
2020-03-19 17:15:44,950 [main] INFO  server.session (DefaultSessionIdManager.java:doStart(333)) - DefaultSessionIdManager workerName=node0
2020-03-19 17:15:44,951 [main] INFO  server.session (DefaultSessionIdManager.java:doStart(338)) - No SessionScavenger set, using defaults
2020-03-19 17:15:44,951 [main] INFO  server.session (HouseKeeper.java:startScavenging(140)) - node0 Scavenging every 600000ms
2020-03-19 17:15:44,951 [main] INFO  handler.ContextHandler (ContextHandler.java:doStart(825)) - Started o.e.j.s.ServletContextHandler@7f9d8cd8{logs,/logs,file:///github/workspace/hadoop-ozone/integration-test/target/log,AVAILABLE}
2020-03-19 17:15:44,951 [main] INFO  handler.ContextHandler (ContextHandler.java:doStart(825)) - Started o.e.j.s.ServletContextHandler@7479d049{static,/static,jar:file:/home/user/.m2/repository/org/apache/hadoop/hadoop-hdds-container-service/0.5.0-SNAPSHOT/hadoop-hdds-container-service-0.5.0-SNAPSHOT.jar!/webapps/static,AVAILABLE}
2020-03-19 17:15:44,971 [main] INFO  handler.ContextHandler (ContextHandler.java:doStart(825)) - Started o.e.j.w.WebAppContext@28b98287{hddsDatanode,/,file:///tmp/jetty-0_0_0_0-39535-hadoop-hdds-container-service-0_5_0-SNAPSHOT_jar-_-any-577651157561682868.dir/webapp/,AVAILABLE}{jar:file:/home/user/.m2/repository/org/apache/hadoop/hadoop-hdds-container-service/0.5.0-SNAPSHOT/hadoop-hdds-container-service-0.5.0-SNAPSHOT.jar!/webapps/hddsDatanode}
2020-03-19 17:15:44,972 [main] INFO  server.AbstractConnector (AbstractConnector.java:doStart(330)) - Started ServerConnector@6dcfcfbb{HTTP/1.1,[http/1.1]}{0.0.0.0:39535}
2020-03-19 17:15:44,973 [main] INFO  server.Server (Server.java:doStart(399)) - Started @205314ms
2020-03-19 17:15:44,973 [main] WARN  impl.MetricsSystemImpl (MetricsSystemImpl.java:register(276)) - Sink prometheus already exists!
2020-03-19 17:15:44,974 [main] INFO  http.BaseHttpServer (BaseHttpServer.java:updateConnectorAddress(284)) - HTTP server of hddsDatanode listening at http://0.0.0.0:39535
2020-03-19 17:15:44,974 [main] INFO  impl.MetricsSystemImpl (MetricsSystemImpl.java:init(158)) - HddsDatanode metrics system started (again)
2020-03-19 17:15:44,976 [main] INFO  ozone.HddsDatanodeService (HddsDatanodeService.java:start(204)) - HddsDatanodeService host:e39e15fa19de ip:172.17.0.2
2020-03-19 17:15:44,977 [main] INFO  volume.HddsVolume (HddsVolume.java:<init>(177)) - Creating Volume: /github/workspace/hadoop-ozone/integration-test/target/test-dir/MiniOzoneClusterImpl-80293407-04bd-45a8-aeac-96ce148bba0b/datanode-6/data/containers/hdds of storage type : DISK and capacity : 9223372036854775807
2020-03-19 17:15:44,977 [main] INFO  volume.MutableVolumeSet (MutableVolumeSet.java:initializeVolumeSet(188)) - Added Volume : /github/workspace/hadoop-ozone/integration-test/target/test-dir/MiniOzoneClusterImpl-80293407-04bd-45a8-aeac-96ce148bba0b/datanode-6/data/containers/hdds to VolumeSet
2020-03-19 17:15:44,977 [main] INFO  volume.ThrottledAsyncChecker (ThrottledAsyncChecker.java:schedule(141)) - Scheduling a check for /github/workspace/hadoop-ozone/integration-test/target/test-dir/MiniOzoneClusterImpl-80293407-04bd-45a8-aeac-96ce148bba0b/datanode-6/data/containers/hdds
2020-03-19 17:15:44,978 [main] INFO  volume.HddsVolumeChecker (HddsVolumeChecker.java:checkAllVolumes(200)) - Scheduled health check for volume /github/workspace/hadoop-ozone/integration-test/target/test-dir/MiniOzoneClusterImpl-80293407-04bd-45a8-aeac-96ce148bba0b/datanode-6/data/containers/hdds
2020-03-19 17:15:44,985 [org.apache.hadoop.util.JvmPauseMonitor$Monitor@5c5c3927] INFO  util.JvmPauseMonitor (JvmPauseMonitor.java:run(188)) - Starting JVM pause monitor
2020-03-19 17:15:44,986 [Datanode State Machine Thread - 0] INFO  datanode.InitDatanodeState (InitDatanodeState.java:persistContainerDatanodeDetails(147)) - DatanodeDetails is persisted to /github/workspace/hadoop-ozone/integration-test/target/test-dir/MiniOzoneClusterImpl-80293407-04bd-45a8-aeac-96ce148bba0b/datanode-5/meta/datanode.id
2020-03-19 17:15:44,991 [main] INFO  impl.RaftServerProxy (ConfUtils.java:logGet(43)) - raft.rpc.type = GRPC (default)
2020-03-19 17:15:44,991 [main] INFO  grpc.GrpcFactory (GrpcFactory.java:checkPooledByteBufAllocatorUseCacheForAllThreads(45)) - PERFORMANCE WARNING: useCacheForAllThreads is true that may cause Netty to create a lot garbage objects and, as a result, trigger GC.
	It is recommended to disable useCacheForAllThreads by setting -Dorg.apache.ratis.thirdparty.io.netty.allocator.useCacheForAllThreads=false in command line.
2020-03-19 17:15:44,991 [main] INFO  grpc.GrpcConfigKeys$Server (ConfUtils.java:logGet(43)) - raft.grpc.server.port = 0 (default)
2020-03-19 17:15:44,991 [main] INFO  server.GrpcService (ConfUtils.java:logGet(43)) - raft.grpc.message.size.max = 32MB (=33554432) (custom)
2020-03-19 17:15:44,991 [main] INFO  server.RaftServerConfigKeys (ConfUtils.java:logGet(43)) - raft.server.log.appender.buffer.byte-limit = 33554432 (custom)
2020-03-19 17:15:44,991 [main] INFO  server.GrpcService (ConfUtils.java:logGet(43)) - raft.grpc.flow.control.window = 5MB (=5242880) (custom)
2020-03-19 17:15:44,991 [main] INFO  server.RaftServerConfigKeys (ConfUtils.java:logGet(43)) - raft.server.rpc.request.timeout = 3s (default)
2020-03-19 17:15:44,992 [main] INFO  server.RaftServerConfigKeys (ConfUtils.java:logGet(43)) - raft.server.storage.dir = [/github/workspace/hadoop-ozone/integration-test/target/test-dir/MiniOzoneClusterImpl-80293407-04bd-45a8-aeac-96ce148bba0b/datanode-6/data/ratis] (custom)
2020-03-19 17:15:44,993 [main] INFO  http.BaseHttpServer (BaseHttpServer.java:newHttpServer2BuilderForOzone(170)) - Starting Web-server for hddsDatanode at: http://0.0.0.0:0
2020-03-19 17:15:44,994 [main] INFO  server.AuthenticationFilter (AuthenticationFilter.java:constructSecretProvider(240)) - Unable to initialize FileSignerSecretProvider, falling back to use random secrets.
2020-03-19 17:15:44,994 [main] WARN  http.HttpRequestLog (HttpRequestLog.java:getRequestLog(103)) - Jetty request log can only be enabled using Log4j
2020-03-19 17:15:44,995 [main] INFO  http.HttpServer2 (HttpServer2.java:addGlobalFilter(970)) - Added global filter 'safety' (class=org.apache.hadoop.hdds.server.http.HttpServer2$QuotingInputFilter)
2020-03-19 17:15:44,995 [main] INFO  http.HttpServer2 (HttpServer2.java:addFilter(946)) - Added filter static_user_filter (class=org.apache.hadoop.hdds.server.http.StaticUserWebFilter$StaticUserFilter) to context hddsDatanode
2020-03-19 17:15:44,995 [main] INFO  http.HttpServer2 (HttpServer2.java:addFilter(954)) - Added filter static_user_filter (class=org.apache.hadoop.hdds.server.http.StaticUserWebFilter$StaticUserFilter) to context static
2020-03-19 17:15:44,996 [main] INFO  http.HttpServer2 (HttpServer2.java:addFilter(954)) - Added filter static_user_filter (class=org.apache.hadoop.hdds.server.http.StaticUserWebFilter$StaticUserFilter) to context logs
2020-03-19 17:15:44,996 [main] INFO  http.HttpServer2 (HttpServer2.java:bindListener(1188)) - Jetty bound to port 36943
2020-03-19 17:15:44,996 [main] INFO  server.Server (Server.java:doStart(359)) - jetty-9.4.26.v20200117; built: 2020-01-17T12:35:33.676Z; git: 7b38981d25d14afb4a12ff1f2596756144edf695; jvm 1.8.0_232-b09
2020-03-19 17:15:44,997 [main] INFO  server.session (DefaultSessionIdManager.java:doStart(333)) - DefaultSessionIdManager workerName=node0
2020-03-19 17:15:44,997 [main] INFO  server.session (DefaultSessionIdManager.java:doStart(338)) - No SessionScavenger set, using defaults
2020-03-19 17:15:44,997 [main] INFO  server.session (HouseKeeper.java:startScavenging(140)) - node0 Scavenging every 600000ms
2020-03-19 17:15:44,997 [main] INFO  handler.ContextHandler (ContextHandler.java:doStart(825)) - Started o.e.j.s.ServletContextHandler@65c6d67d{logs,/logs,file:///github/workspace/hadoop-ozone/integration-test/target/log,AVAILABLE}
2020-03-19 17:15:44,997 [main] INFO  handler.ContextHandler (ContextHandler.java:doStart(825)) - Started o.e.j.s.ServletContextHandler@695eee7d{static,/static,jar:file:/home/user/.m2/repository/org/apache/hadoop/hadoop-hdds-container-service/0.5.0-SNAPSHOT/hadoop-hdds-container-service-0.5.0-SNAPSHOT.jar!/webapps/static,AVAILABLE}
2020-03-19 17:15:45,021 [main] INFO  handler.ContextHandler (ContextHandler.java:doStart(825)) - Started o.e.j.w.WebAppContext@61799b9c{hddsDatanode,/,file:///tmp/jetty-0_0_0_0-36943-hadoop-hdds-container-service-0_5_0-SNAPSHOT_jar-_-any-777908184993923708.dir/webapp/,AVAILABLE}{jar:file:/home/user/.m2/repository/org/apache/hadoop/hadoop-hdds-container-service/0.5.0-SNAPSHOT/hadoop-hdds-container-service-0.5.0-SNAPSHOT.jar!/webapps/hddsDatanode}
2020-03-19 17:15:45,022 [main] INFO  server.AbstractConnector (AbstractConnector.java:doStart(330)) - Started ServerConnector@284efa67{HTTP/1.1,[http/1.1]}{0.0.0.0:36943}
2020-03-19 17:15:45,023 [main] INFO  server.Server (Server.java:doStart(399)) - Started @205364ms
2020-03-19 17:15:45,023 [main] WARN  impl.MetricsSystemImpl (MetricsSystemImpl.java:register(276)) - Sink prometheus already exists!
2020-03-19 17:15:45,024 [main] INFO  http.BaseHttpServer (BaseHttpServer.java:updateConnectorAddress(284)) - HTTP server of hddsDatanode listening at http://0.0.0.0:36943
2020-03-19 17:15:45,024 [main] INFO  impl.MetricsSystemImpl (MetricsSystemImpl.java:init(158)) - HddsDatanode metrics system started (again)
2020-03-19 17:15:45,026 [main] INFO  ozone.HddsDatanodeService (HddsDatanodeService.java:start(204)) - HddsDatanodeService host:e39e15fa19de ip:172.17.0.2
2020-03-19 17:15:45,027 [main] INFO  volume.HddsVolume (HddsVolume.java:<init>(177)) - Creating Volume: /github/workspace/hadoop-ozone/integration-test/target/test-dir/MiniOzoneClusterImpl-80293407-04bd-45a8-aeac-96ce148bba0b/datanode-7/data/containers/hdds of storage type : DISK and capacity : 9223372036854775807
2020-03-19 17:15:45,027 [main] INFO  volume.MutableVolumeSet (MutableVolumeSet.java:initializeVolumeSet(188)) - Added Volume : /github/workspace/hadoop-ozone/integration-test/target/test-dir/MiniOzoneClusterImpl-80293407-04bd-45a8-aeac-96ce148bba0b/datanode-7/data/containers/hdds to VolumeSet
2020-03-19 17:15:45,027 [main] INFO  volume.ThrottledAsyncChecker (ThrottledAsyncChecker.java:schedule(141)) - Scheduling a check for /github/workspace/hadoop-ozone/integration-test/target/test-dir/MiniOzoneClusterImpl-80293407-04bd-45a8-aeac-96ce148bba0b/datanode-7/data/containers/hdds
2020-03-19 17:15:45,028 [main] INFO  volume.HddsVolumeChecker (HddsVolumeChecker.java:checkAllVolumes(200)) - Scheduled health check for volume /github/workspace/hadoop-ozone/integration-test/target/test-dir/MiniOzoneClusterImpl-80293407-04bd-45a8-aeac-96ce148bba0b/datanode-7/data/containers/hdds
2020-03-19 17:15:45,046 [org.apache.hadoop.util.JvmPauseMonitor$Monitor@3828949c] INFO  util.JvmPauseMonitor (JvmPauseMonitor.java:run(188)) - Starting JVM pause monitor
2020-03-19 17:15:45,047 [Datanode State Machine Thread - 0] INFO  datanode.InitDatanodeState (InitDatanodeState.java:persistContainerDatanodeDetails(147)) - DatanodeDetails is persisted to /github/workspace/hadoop-ozone/integration-test/target/test-dir/MiniOzoneClusterImpl-80293407-04bd-45a8-aeac-96ce148bba0b/datanode-6/meta/datanode.id
2020-03-19 17:15:45,048 [main] INFO  impl.RaftServerProxy (ConfUtils.java:logGet(43)) - raft.rpc.type = GRPC (default)
2020-03-19 17:15:45,048 [main] INFO  grpc.GrpcFactory (GrpcFactory.java:checkPooledByteBufAllocatorUseCacheForAllThreads(45)) - PERFORMANCE WARNING: useCacheForAllThreads is true that may cause Netty to create a lot garbage objects and, as a result, trigger GC.
	It is recommended to disable useCacheForAllThreads by setting -Dorg.apache.ratis.thirdparty.io.netty.allocator.useCacheForAllThreads=false in command line.
2020-03-19 17:15:45,049 [main] INFO  grpc.GrpcConfigKeys$Server (ConfUtils.java:logGet(43)) - raft.grpc.server.port = 0 (default)
2020-03-19 17:15:45,049 [main] INFO  server.GrpcService (ConfUtils.java:logGet(43)) - raft.grpc.message.size.max = 32MB (=33554432) (custom)
2020-03-19 17:15:45,049 [main] INFO  server.RaftServerConfigKeys (ConfUtils.java:logGet(43)) - raft.server.log.appender.buffer.byte-limit = 33554432 (custom)
2020-03-19 17:15:45,049 [main] INFO  server.GrpcService (ConfUtils.java:logGet(43)) - raft.grpc.flow.control.window = 5MB (=5242880) (custom)
2020-03-19 17:15:45,049 [main] INFO  server.RaftServerConfigKeys (ConfUtils.java:logGet(43)) - raft.server.rpc.request.timeout = 3s (default)
2020-03-19 17:15:45,049 [main] INFO  server.RaftServerConfigKeys (ConfUtils.java:logGet(43)) - raft.server.storage.dir = [/github/workspace/hadoop-ozone/integration-test/target/test-dir/MiniOzoneClusterImpl-80293407-04bd-45a8-aeac-96ce148bba0b/datanode-7/data/ratis] (custom)
2020-03-19 17:15:45,054 [main] INFO  http.BaseHttpServer (BaseHttpServer.java:newHttpServer2BuilderForOzone(170)) - Starting Web-server for hddsDatanode at: http://0.0.0.0:0
2020-03-19 17:15:45,055 [main] INFO  server.AuthenticationFilter (AuthenticationFilter.java:constructSecretProvider(240)) - Unable to initialize FileSignerSecretProvider, falling back to use random secrets.
2020-03-19 17:15:45,055 [main] WARN  http.HttpRequestLog (HttpRequestLog.java:getRequestLog(103)) - Jetty request log can only be enabled using Log4j
2020-03-19 17:15:45,056 [main] INFO  http.HttpServer2 (HttpServer2.java:addGlobalFilter(970)) - Added global filter 'safety' (class=org.apache.hadoop.hdds.server.http.HttpServer2$QuotingInputFilter)
2020-03-19 17:15:45,056 [main] INFO  http.HttpServer2 (HttpServer2.java:addFilter(946)) - Added filter static_user_filter (class=org.apache.hadoop.hdds.server.http.StaticUserWebFilter$StaticUserFilter) to context hddsDatanode
2020-03-19 17:15:45,056 [main] INFO  http.HttpServer2 (HttpServer2.java:addFilter(954)) - Added filter static_user_filter (class=org.apache.hadoop.hdds.server.http.StaticUserWebFilter$StaticUserFilter) to context logs
2020-03-19 17:15:45,056 [main] INFO  http.HttpServer2 (HttpServer2.java:addFilter(954)) - Added filter static_user_filter (class=org.apache.hadoop.hdds.server.http.StaticUserWebFilter$StaticUserFilter) to context static
2020-03-19 17:15:45,057 [main] INFO  http.HttpServer2 (HttpServer2.java:bindListener(1188)) - Jetty bound to port 42311
2020-03-19 17:15:45,057 [main] INFO  server.Server (Server.java:doStart(359)) - jetty-9.4.26.v20200117; built: 2020-01-17T12:35:33.676Z; git: 7b38981d25d14afb4a12ff1f2596756144edf695; jvm 1.8.0_232-b09
2020-03-19 17:15:45,058 [main] INFO  server.session (DefaultSessionIdManager.java:doStart(333)) - DefaultSessionIdManager workerName=node0
2020-03-19 17:15:45,058 [main] INFO  server.session (DefaultSessionIdManager.java:doStart(338)) - No SessionScavenger set, using defaults
2020-03-19 17:15:45,058 [main] INFO  server.session (HouseKeeper.java:startScavenging(140)) - node0 Scavenging every 660000ms
2020-03-19 17:15:45,058 [main] INFO  handler.ContextHandler (ContextHandler.java:doStart(825)) - Started o.e.j.s.ServletContextHandler@5d498f7f{logs,/logs,file:///github/workspace/hadoop-ozone/integration-test/target/log,AVAILABLE}
2020-03-19 17:15:45,058 [main] INFO  handler.ContextHandler (ContextHandler.java:doStart(825)) - Started o.e.j.s.ServletContextHandler@174efba5{static,/static,jar:file:/home/user/.m2/repository/org/apache/hadoop/hadoop-hdds-container-service/0.5.0-SNAPSHOT/hadoop-hdds-container-service-0.5.0-SNAPSHOT.jar!/webapps/static,AVAILABLE}
2020-03-19 17:15:45,082 [main] INFO  handler.ContextHandler (ContextHandler.java:doStart(825)) - Started o.e.j.w.WebAppContext@6a7663c0{hddsDatanode,/,file:///tmp/jetty-0_0_0_0-42311-hadoop-hdds-container-service-0_5_0-SNAPSHOT_jar-_-any-1242699464167791751.dir/webapp/,AVAILABLE}{jar:file:/home/user/.m2/repository/org/apache/hadoop/hadoop-hdds-container-service/0.5.0-SNAPSHOT/hadoop-hdds-container-service-0.5.0-SNAPSHOT.jar!/webapps/hddsDatanode}
2020-03-19 17:15:45,083 [main] INFO  server.AbstractConnector (AbstractConnector.java:doStart(330)) - Started ServerConnector@3df02bfc{HTTP/1.1,[http/1.1]}{0.0.0.0:42311}
2020-03-19 17:15:45,083 [main] INFO  server.Server (Server.java:doStart(399)) - Started @205424ms
2020-03-19 17:15:45,083 [main] WARN  impl.MetricsSystemImpl (MetricsSystemImpl.java:register(276)) - Sink prometheus already exists!
2020-03-19 17:15:45,085 [main] INFO  http.BaseHttpServer (BaseHttpServer.java:updateConnectorAddress(284)) - HTTP server of hddsDatanode listening at http://0.0.0.0:42311
2020-03-19 17:15:45,085 [main] INFO  impl.MetricsSystemImpl (MetricsSystemImpl.java:init(158)) - HddsDatanode metrics system started (again)
2020-03-19 17:15:45,087 [main] INFO  ozone.HddsDatanodeService (HddsDatanodeService.java:start(204)) - HddsDatanodeService host:e39e15fa19de ip:172.17.0.2
2020-03-19 17:15:45,088 [main] INFO  volume.HddsVolume (HddsVolume.java:<init>(177)) - Creating Volume: /github/workspace/hadoop-ozone/integration-test/target/test-dir/MiniOzoneClusterImpl-80293407-04bd-45a8-aeac-96ce148bba0b/datanode-8/data/containers/hdds of storage type : DISK and capacity : 9223372036854775807
2020-03-19 17:15:45,089 [main] INFO  volume.MutableVolumeSet (MutableVolumeSet.java:initializeVolumeSet(188)) - Added Volume : /github/workspace/hadoop-ozone/integration-test/target/test-dir/MiniOzoneClusterImpl-80293407-04bd-45a8-aeac-96ce148bba0b/datanode-8/data/containers/hdds to VolumeSet
2020-03-19 17:15:45,089 [main] INFO  volume.ThrottledAsyncChecker (ThrottledAsyncChecker.java:schedule(141)) - Scheduling a check for /github/workspace/hadoop-ozone/integration-test/target/test-dir/MiniOzoneClusterImpl-80293407-04bd-45a8-aeac-96ce148bba0b/datanode-8/data/containers/hdds
2020-03-19 17:15:45,089 [main] INFO  volume.HddsVolumeChecker (HddsVolumeChecker.java:checkAllVolumes(200)) - Scheduled health check for volume /github/workspace/hadoop-ozone/integration-test/target/test-dir/MiniOzoneClusterImpl-80293407-04bd-45a8-aeac-96ce148bba0b/datanode-8/data/containers/hdds
2020-03-19 17:15:45,108 [org.apache.hadoop.util.JvmPauseMonitor$Monitor@6112b583] INFO  util.JvmPauseMonitor (JvmPauseMonitor.java:run(188)) - Starting JVM pause monitor
2020-03-19 17:15:45,109 [Datanode State Machine Thread - 0] INFO  datanode.InitDatanodeState (InitDatanodeState.java:persistContainerDatanodeDetails(147)) - DatanodeDetails is persisted to /github/workspace/hadoop-ozone/integration-test/target/test-dir/MiniOzoneClusterImpl-80293407-04bd-45a8-aeac-96ce148bba0b/datanode-7/meta/datanode.id
2020-03-19 17:15:45,110 [main] INFO  impl.RaftServerProxy (ConfUtils.java:logGet(43)) - raft.rpc.type = GRPC (default)
2020-03-19 17:15:45,110 [main] INFO  grpc.GrpcFactory (GrpcFactory.java:checkPooledByteBufAllocatorUseCacheForAllThreads(45)) - PERFORMANCE WARNING: useCacheForAllThreads is true that may cause Netty to create a lot garbage objects and, as a result, trigger GC.
	It is recommended to disable useCacheForAllThreads by setting -Dorg.apache.ratis.thirdparty.io.netty.allocator.useCacheForAllThreads=false in command line.
2020-03-19 17:15:45,110 [main] INFO  grpc.GrpcConfigKeys$Server (ConfUtils.java:logGet(43)) - raft.grpc.server.port = 0 (default)
2020-03-19 17:15:45,111 [main] INFO  server.GrpcService (ConfUtils.java:logGet(43)) - raft.grpc.message.size.max = 32MB (=33554432) (custom)
2020-03-19 17:15:45,111 [main] INFO  server.RaftServerConfigKeys (ConfUtils.java:logGet(43)) - raft.server.log.appender.buffer.byte-limit = 33554432 (custom)
2020-03-19 17:15:45,111 [main] INFO  server.GrpcService (ConfUtils.java:logGet(43)) - raft.grpc.flow.control.window = 5MB (=5242880) (custom)
2020-03-19 17:15:45,111 [main] INFO  server.RaftServerConfigKeys (ConfUtils.java:logGet(43)) - raft.server.rpc.request.timeout = 3s (default)
2020-03-19 17:15:45,111 [main] INFO  server.RaftServerConfigKeys (ConfUtils.java:logGet(43)) - raft.server.storage.dir = [/github/workspace/hadoop-ozone/integration-test/target/test-dir/MiniOzoneClusterImpl-80293407-04bd-45a8-aeac-96ce148bba0b/datanode-8/data/ratis] (custom)
2020-03-19 17:15:45,113 [main] INFO  http.BaseHttpServer (BaseHttpServer.java:newHttpServer2BuilderForOzone(170)) - Starting Web-server for hddsDatanode at: http://0.0.0.0:0
2020-03-19 17:15:45,114 [main] INFO  server.AuthenticationFilter (AuthenticationFilter.java:constructSecretProvider(240)) - Unable to initialize FileSignerSecretProvider, falling back to use random secrets.
2020-03-19 17:15:45,114 [main] WARN  http.HttpRequestLog (HttpRequestLog.java:getRequestLog(103)) - Jetty request log can only be enabled using Log4j
2020-03-19 17:15:45,115 [main] INFO  http.HttpServer2 (HttpServer2.java:addGlobalFilter(970)) - Added global filter 'safety' (class=org.apache.hadoop.hdds.server.http.HttpServer2$QuotingInputFilter)
2020-03-19 17:15:45,116 [main] INFO  http.HttpServer2 (HttpServer2.java:addFilter(946)) - Added filter static_user_filter (class=org.apache.hadoop.hdds.server.http.StaticUserWebFilter$StaticUserFilter) to context hddsDatanode
2020-03-19 17:15:45,116 [main] INFO  http.HttpServer2 (HttpServer2.java:addFilter(954)) - Added filter static_user_filter (class=org.apache.hadoop.hdds.server.http.StaticUserWebFilter$StaticUserFilter) to context logs
2020-03-19 17:15:45,116 [main] INFO  http.HttpServer2 (HttpServer2.java:addFilter(954)) - Added filter static_user_filter (class=org.apache.hadoop.hdds.server.http.StaticUserWebFilter$StaticUserFilter) to context static
2020-03-19 17:15:45,116 [main] INFO  http.HttpServer2 (HttpServer2.java:bindListener(1188)) - Jetty bound to port 34539
2020-03-19 17:15:45,116 [main] INFO  server.Server (Server.java:doStart(359)) - jetty-9.4.26.v20200117; built: 2020-01-17T12:35:33.676Z; git: 7b38981d25d14afb4a12ff1f2596756144edf695; jvm 1.8.0_232-b09
2020-03-19 17:15:45,117 [main] INFO  server.session (DefaultSessionIdManager.java:doStart(333)) - DefaultSessionIdManager workerName=node0
2020-03-19 17:15:45,117 [main] INFO  server.session (DefaultSessionIdManager.java:doStart(338)) - No SessionScavenger set, using defaults
2020-03-19 17:15:45,117 [main] INFO  server.session (HouseKeeper.java:startScavenging(140)) - node0 Scavenging every 600000ms
2020-03-19 17:15:45,118 [main] INFO  handler.ContextHandler (ContextHandler.java:doStart(825)) - Started o.e.j.s.ServletContextHandler@45e6984d{logs,/logs,file:///github/workspace/hadoop-ozone/integration-test/target/log,AVAILABLE}
2020-03-19 17:15:45,118 [main] INFO  handler.ContextHandler (ContextHandler.java:doStart(825)) - Started o.e.j.s.ServletContextHandler@658c0597{static,/static,jar:file:/home/user/.m2/repository/org/apache/hadoop/hadoop-hdds-container-service/0.5.0-SNAPSHOT/hadoop-hdds-container-service-0.5.0-SNAPSHOT.jar!/webapps/static,AVAILABLE}
2020-03-19 17:15:45,139 [main] INFO  handler.ContextHandler (ContextHandler.java:doStart(825)) - Started o.e.j.w.WebAppContext@3f3883e5{hddsDatanode,/,file:///tmp/jetty-0_0_0_0-34539-hadoop-hdds-container-service-0_5_0-SNAPSHOT_jar-_-any-7710532374184910725.dir/webapp/,AVAILABLE}{jar:file:/home/user/.m2/repository/org/apache/hadoop/hadoop-hdds-container-service/0.5.0-SNAPSHOT/hadoop-hdds-container-service-0.5.0-SNAPSHOT.jar!/webapps/hddsDatanode}
2020-03-19 17:15:45,141 [main] INFO  server.AbstractConnector (AbstractConnector.java:doStart(330)) - Started ServerConnector@751069ab{HTTP/1.1,[http/1.1]}{0.0.0.0:34539}
2020-03-19 17:15:45,141 [main] INFO  server.Server (Server.java:doStart(399)) - Started @205482ms
2020-03-19 17:15:45,141 [main] WARN  impl.MetricsSystemImpl (MetricsSystemImpl.java:register(276)) - Sink prometheus already exists!
2020-03-19 17:15:45,142 [main] INFO  http.BaseHttpServer (BaseHttpServer.java:updateConnectorAddress(284)) - HTTP server of hddsDatanode listening at http://0.0.0.0:34539
2020-03-19 17:15:45,143 [main] INFO  impl.MetricsSystemImpl (MetricsSystemImpl.java:init(158)) - HddsDatanode metrics system started (again)
2020-03-19 17:15:45,144 [main] INFO  ozone.HddsDatanodeService (HddsDatanodeService.java:start(204)) - HddsDatanodeService host:e39e15fa19de ip:172.17.0.2
2020-03-19 17:15:45,145 [main] INFO  volume.HddsVolume (HddsVolume.java:<init>(177)) - Creating Volume: /github/workspace/hadoop-ozone/integration-test/target/test-dir/MiniOzoneClusterImpl-80293407-04bd-45a8-aeac-96ce148bba0b/datanode-9/data/containers/hdds of storage type : DISK and capacity : 9223372036854775807
2020-03-19 17:15:45,146 [main] INFO  volume.MutableVolumeSet (MutableVolumeSet.java:initializeVolumeSet(188)) - Added Volume : /github/workspace/hadoop-ozone/integration-test/target/test-dir/MiniOzoneClusterImpl-80293407-04bd-45a8-aeac-96ce148bba0b/datanode-9/data/containers/hdds to VolumeSet
2020-03-19 17:15:45,146 [main] INFO  volume.ThrottledAsyncChecker (ThrottledAsyncChecker.java:schedule(141)) - Scheduling a check for /github/workspace/hadoop-ozone/integration-test/target/test-dir/MiniOzoneClusterImpl-80293407-04bd-45a8-aeac-96ce148bba0b/datanode-9/data/containers/hdds
2020-03-19 17:15:45,146 [main] INFO  volume.HddsVolumeChecker (HddsVolumeChecker.java:checkAllVolumes(200)) - Scheduled health check for volume /github/workspace/hadoop-ozone/integration-test/target/test-dir/MiniOzoneClusterImpl-80293407-04bd-45a8-aeac-96ce148bba0b/datanode-9/data/containers/hdds
2020-03-19 17:15:45,147 [Datanode State Machine Thread - 0] INFO  datanode.InitDatanodeState (InitDatanodeState.java:persistContainerDatanodeDetails(147)) - DatanodeDetails is persisted to /github/workspace/hadoop-ozone/integration-test/target/test-dir/MiniOzoneClusterImpl-80293407-04bd-45a8-aeac-96ce148bba0b/datanode-8/meta/datanode.id
2020-03-19 17:15:45,155 [org.apache.hadoop.util.JvmPauseMonitor$Monitor@26e39784] INFO  util.JvmPauseMonitor (JvmPauseMonitor.java:run(188)) - Starting JVM pause monitor
2020-03-19 17:15:45,169 [main] INFO  impl.RaftServerProxy (ConfUtils.java:logGet(43)) - raft.rpc.type = GRPC (default)
2020-03-19 17:15:45,169 [main] INFO  grpc.GrpcFactory (GrpcFactory.java:checkPooledByteBufAllocatorUseCacheForAllThreads(45)) - PERFORMANCE WARNING: useCacheForAllThreads is true that may cause Netty to create a lot garbage objects and, as a result, trigger GC.
	It is recommended to disable useCacheForAllThreads by setting -Dorg.apache.ratis.thirdparty.io.netty.allocator.useCacheForAllThreads=false in command line.
2020-03-19 17:15:45,169 [main] INFO  grpc.GrpcConfigKeys$Server (ConfUtils.java:logGet(43)) - raft.grpc.server.port = 0 (default)
2020-03-19 17:15:45,169 [main] INFO  server.GrpcService (ConfUtils.java:logGet(43)) - raft.grpc.message.size.max = 32MB (=33554432) (custom)
2020-03-19 17:15:45,170 [main] INFO  server.RaftServerConfigKeys (ConfUtils.java:logGet(43)) - raft.server.log.appender.buffer.byte-limit = 33554432 (custom)
2020-03-19 17:15:45,170 [main] INFO  server.GrpcService (ConfUtils.java:logGet(43)) - raft.grpc.flow.control.window = 5MB (=5242880) (custom)
2020-03-19 17:15:45,170 [main] INFO  server.RaftServerConfigKeys (ConfUtils.java:logGet(43)) - raft.server.rpc.request.timeout = 3s (default)
2020-03-19 17:15:45,170 [main] INFO  server.RaftServerConfigKeys (ConfUtils.java:logGet(43)) - raft.server.storage.dir = [/github/workspace/hadoop-ozone/integration-test/target/test-dir/MiniOzoneClusterImpl-80293407-04bd-45a8-aeac-96ce148bba0b/datanode-9/data/ratis] (custom)
2020-03-19 17:15:45,172 [main] INFO  http.BaseHttpServer (BaseHttpServer.java:newHttpServer2BuilderForOzone(170)) - Starting Web-server for hddsDatanode at: http://0.0.0.0:0
2020-03-19 17:15:45,173 [main] INFO  server.AuthenticationFilter (AuthenticationFilter.java:constructSecretProvider(240)) - Unable to initialize FileSignerSecretProvider, falling back to use random secrets.
2020-03-19 17:15:45,175 [main] WARN  http.HttpRequestLog (HttpRequestLog.java:getRequestLog(103)) - Jetty request log can only be enabled using Log4j
2020-03-19 17:15:45,176 [main] INFO  http.HttpServer2 (HttpServer2.java:addGlobalFilter(970)) - Added global filter 'safety' (class=org.apache.hadoop.hdds.server.http.HttpServer2$QuotingInputFilter)
2020-03-19 17:15:45,176 [main] INFO  http.HttpServer2 (HttpServer2.java:addFilter(946)) - Added filter static_user_filter (class=org.apache.hadoop.hdds.server.http.StaticUserWebFilter$StaticUserFilter) to context hddsDatanode
2020-03-19 17:15:45,176 [main] INFO  http.HttpServer2 (HttpServer2.java:addFilter(954)) - Added filter static_user_filter (class=org.apache.hadoop.hdds.server.http.StaticUserWebFilter$StaticUserFilter) to context static
2020-03-19 17:15:45,176 [main] INFO  http.HttpServer2 (HttpServer2.java:addFilter(954)) - Added filter static_user_filter (class=org.apache.hadoop.hdds.server.http.StaticUserWebFilter$StaticUserFilter) to context logs
2020-03-19 17:15:45,177 [main] INFO  http.HttpServer2 (HttpServer2.java:bindListener(1188)) - Jetty bound to port 39639
2020-03-19 17:15:45,177 [main] INFO  server.Server (Server.java:doStart(359)) - jetty-9.4.26.v20200117; built: 2020-01-17T12:35:33.676Z; git: 7b38981d25d14afb4a12ff1f2596756144edf695; jvm 1.8.0_232-b09
2020-03-19 17:15:45,178 [main] INFO  server.session (DefaultSessionIdManager.java:doStart(333)) - DefaultSessionIdManager workerName=node0
2020-03-19 17:15:45,178 [main] INFO  server.session (DefaultSessionIdManager.java:doStart(338)) - No SessionScavenger set, using defaults
2020-03-19 17:15:45,178 [main] INFO  server.session (HouseKeeper.java:startScavenging(140)) - node0 Scavenging every 660000ms
2020-03-19 17:15:45,178 [main] INFO  handler.ContextHandler (ContextHandler.java:doStart(825)) - Started o.e.j.s.ServletContextHandler@71bdd816{logs,/logs,file:///github/workspace/hadoop-ozone/integration-test/target/log,AVAILABLE}
2020-03-19 17:15:45,179 [main] INFO  handler.ContextHandler (ContextHandler.java:doStart(825)) - Started o.e.j.s.ServletContextHandler@29f38a52{static,/static,jar:file:/home/user/.m2/repository/org/apache/hadoop/hadoop-hdds-container-service/0.5.0-SNAPSHOT/hadoop-hdds-container-service-0.5.0-SNAPSHOT.jar!/webapps/static,AVAILABLE}
2020-03-19 17:15:45,198 [main] INFO  handler.ContextHandler (ContextHandler.java:doStart(825)) - Started o.e.j.w.WebAppContext@2486e227{hddsDatanode,/,file:///tmp/jetty-0_0_0_0-39639-hadoop-hdds-container-service-0_5_0-SNAPSHOT_jar-_-any-6795338322142682991.dir/webapp/,AVAILABLE}{jar:file:/home/user/.m2/repository/org/apache/hadoop/hadoop-hdds-container-service/0.5.0-SNAPSHOT/hadoop-hdds-container-service-0.5.0-SNAPSHOT.jar!/webapps/hddsDatanode}
2020-03-19 17:15:45,200 [main] INFO  server.AbstractConnector (AbstractConnector.java:doStart(330)) - Started ServerConnector@1f37ad{HTTP/1.1,[http/1.1]}{0.0.0.0:39639}
2020-03-19 17:15:45,200 [main] INFO  server.Server (Server.java:doStart(399)) - Started @205541ms
2020-03-19 17:15:45,200 [main] WARN  impl.MetricsSystemImpl (MetricsSystemImpl.java:register(276)) - Sink prometheus already exists!
2020-03-19 17:15:45,201 [main] INFO  http.BaseHttpServer (BaseHttpServer.java:updateConnectorAddress(284)) - HTTP server of hddsDatanode listening at http://0.0.0.0:39639
2020-03-19 17:15:45,202 [main] INFO  ozone.MiniOzoneClusterImpl (MiniOzoneClusterImpl.java:lambda$waitForClusterToBeReady$0(177)) - Waiting for nodes to be ready. Got 0 of 10 DN Heartbeats.
2020-03-19 17:15:45,202 [main] INFO  ozone.MiniOzoneClusterImpl (MiniOzoneClusterImpl.java:lambda$waitForClusterToBeReady$0(180)) - Waiting for cluster to exit safe mode
2020-03-19 17:15:45,208 [org.apache.hadoop.util.JvmPauseMonitor$Monitor@e2da38b] INFO  util.JvmPauseMonitor (JvmPauseMonitor.java:run(188)) - Starting JVM pause monitor
2020-03-19 17:15:45,209 [Datanode State Machine Thread - 0] INFO  datanode.InitDatanodeState (InitDatanodeState.java:persistContainerDatanodeDetails(147)) - DatanodeDetails is persisted to /github/workspace/hadoop-ozone/integration-test/target/test-dir/MiniOzoneClusterImpl-80293407-04bd-45a8-aeac-96ce148bba0b/datanode-9/meta/datanode.id
2020-03-19 17:15:46,203 [main] INFO  ozone.MiniOzoneClusterImpl (MiniOzoneClusterImpl.java:lambda$waitForClusterToBeReady$0(177)) - Waiting for nodes to be ready. Got 0 of 10 DN Heartbeats.
2020-03-19 17:15:46,203 [main] INFO  ozone.MiniOzoneClusterImpl (MiniOzoneClusterImpl.java:lambda$waitForClusterToBeReady$0(180)) - Waiting for cluster to exit safe mode
2020-03-19 17:15:46,703 [Datanode State Machine Thread - 0] INFO  ozoneimpl.OzoneContainer (OzoneContainer.java:start(231)) - Attempting to start container services.
2020-03-19 17:15:46,703 [Datanode State Machine Thread - 0] INFO  ozoneimpl.OzoneContainer (OzoneContainer.java:startContainerScrub(195)) - Background container scanner has been disabled.
2020-03-19 17:15:46,703 [Datanode State Machine Thread - 0] INFO  ratis.XceiverServerRatis (XceiverServerRatis.java:start(406)) - Starting XceiverServerRatis e0593f1c-6b5a-4362-bc71-0b44a1bb1867 at port 0
2020-03-19 17:15:46,704 [Datanode State Machine Thread - 0] INFO  impl.RaftServerProxy (RaftServerProxy.java:lambda$start$3(299)) - e0593f1c-6b5a-4362-bc71-0b44a1bb1867: start RPC server
2020-03-19 17:15:46,704 [Datanode State Machine Thread - 0] INFO  server.GrpcService (GrpcService.java:startImpl(158)) - e0593f1c-6b5a-4362-bc71-0b44a1bb1867: GrpcService started, listening on 0.0.0.0/0.0.0.0:40807
2020-03-19 17:15:46,704 [Datanode State Machine Thread - 0] INFO  ratis.XceiverServerRatis (XceiverServerRatis.java:start(418)) - XceiverServerRatis e0593f1c-6b5a-4362-bc71-0b44a1bb1867 is started using port 40807
2020-03-19 17:15:46,705 [Datanode State Machine Thread - 0] INFO  server.XceiverServerGrpc (XceiverServerGrpc.java:start(145)) - XceiverServerGrpc e0593f1c-6b5a-4362-bc71-0b44a1bb1867 is started using port 40589
2020-03-19 17:15:46,753 [Datanode State Machine Thread - 0] INFO  ozoneimpl.OzoneContainer (OzoneContainer.java:start(231)) - Attempting to start container services.
2020-03-19 17:15:46,753 [Datanode State Machine Thread - 0] INFO  ozoneimpl.OzoneContainer (OzoneContainer.java:startContainerScrub(195)) - Background container scanner has been disabled.
2020-03-19 17:15:46,753 [Datanode State Machine Thread - 0] INFO  ratis.XceiverServerRatis (XceiverServerRatis.java:start(406)) - Starting XceiverServerRatis 19601d2c-1e34-4e29-889b-b501c57f3272 at port 0
2020-03-19 17:15:46,754 [Datanode State Machine Thread - 0] INFO  impl.RaftServerProxy (RaftServerProxy.java:lambda$start$3(299)) - 19601d2c-1e34-4e29-889b-b501c57f3272: start RPC server
2020-03-19 17:15:46,755 [Datanode State Machine Thread - 0] INFO  server.GrpcService (GrpcService.java:startImpl(158)) - 19601d2c-1e34-4e29-889b-b501c57f3272: GrpcService started, listening on 0.0.0.0/0.0.0.0:33413
2020-03-19 17:15:46,755 [Datanode State Machine Thread - 0] INFO  ratis.XceiverServerRatis (XceiverServerRatis.java:start(418)) - XceiverServerRatis 19601d2c-1e34-4e29-889b-b501c57f3272 is started using port 33413
2020-03-19 17:15:46,755 [Datanode State Machine Thread - 0] INFO  server.XceiverServerGrpc (XceiverServerGrpc.java:start(145)) - XceiverServerGrpc 19601d2c-1e34-4e29-889b-b501c57f3272 is started using port 46005
2020-03-19 17:15:46,820 [Datanode State Machine Thread - 0] INFO  ozoneimpl.OzoneContainer (OzoneContainer.java:start(231)) - Attempting to start container services.
2020-03-19 17:15:46,821 [Datanode State Machine Thread - 0] INFO  ozoneimpl.OzoneContainer (OzoneContainer.java:startContainerScrub(195)) - Background container scanner has been disabled.
2020-03-19 17:15:46,821 [Datanode State Machine Thread - 0] INFO  ratis.XceiverServerRatis (XceiverServerRatis.java:start(406)) - Starting XceiverServerRatis ea97180b-f37b-4beb-ae1e-adcdfeb20d18 at port 0
2020-03-19 17:15:46,821 [Datanode State Machine Thread - 0] INFO  impl.RaftServerProxy (RaftServerProxy.java:lambda$start$3(299)) - ea97180b-f37b-4beb-ae1e-adcdfeb20d18: start RPC server
2020-03-19 17:15:46,822 [Datanode State Machine Thread - 0] INFO  server.GrpcService (GrpcService.java:startImpl(158)) - ea97180b-f37b-4beb-ae1e-adcdfeb20d18: GrpcService started, listening on 0.0.0.0/0.0.0.0:46245
2020-03-19 17:15:46,822 [Datanode State Machine Thread - 0] INFO  ratis.XceiverServerRatis (XceiverServerRatis.java:start(418)) - XceiverServerRatis ea97180b-f37b-4beb-ae1e-adcdfeb20d18 is started using port 46245
2020-03-19 17:15:46,822 [Datanode State Machine Thread - 0] INFO  server.XceiverServerGrpc (XceiverServerGrpc.java:start(145)) - XceiverServerGrpc ea97180b-f37b-4beb-ae1e-adcdfeb20d18 is started using port 33527
2020-03-19 17:15:46,868 [Datanode State Machine Thread - 0] INFO  ozoneimpl.OzoneContainer (OzoneContainer.java:start(231)) - Attempting to start container services.
2020-03-19 17:15:46,869 [Datanode State Machine Thread - 0] INFO  ozoneimpl.OzoneContainer (OzoneContainer.java:startContainerScrub(195)) - Background container scanner has been disabled.
2020-03-19 17:15:46,869 [Datanode State Machine Thread - 0] INFO  ratis.XceiverServerRatis (XceiverServerRatis.java:start(406)) - Starting XceiverServerRatis 665f80ed-020a-4994-95dd-47071b79dcbc at port 0
2020-03-19 17:15:46,869 [Datanode State Machine Thread - 0] INFO  impl.RaftServerProxy (RaftServerProxy.java:lambda$start$3(299)) - 665f80ed-020a-4994-95dd-47071b79dcbc: start RPC server
2020-03-19 17:15:46,870 [Datanode State Machine Thread - 0] INFO  server.GrpcService (GrpcService.java:startImpl(158)) - 665f80ed-020a-4994-95dd-47071b79dcbc: GrpcService started, listening on 0.0.0.0/0.0.0.0:33627
2020-03-19 17:15:46,870 [Datanode State Machine Thread - 0] INFO  ratis.XceiverServerRatis (XceiverServerRatis.java:start(418)) - XceiverServerRatis 665f80ed-020a-4994-95dd-47071b79dcbc is started using port 33627
2020-03-19 17:15:46,870 [Datanode State Machine Thread - 0] INFO  server.XceiverServerGrpc (XceiverServerGrpc.java:start(145)) - XceiverServerGrpc 665f80ed-020a-4994-95dd-47071b79dcbc is started using port 33463
2020-03-19 17:15:46,936 [Datanode State Machine Thread - 0] INFO  ozoneimpl.OzoneContainer (OzoneContainer.java:start(231)) - Attempting to start container services.
2020-03-19 17:15:46,936 [Datanode State Machine Thread - 0] INFO  ozoneimpl.OzoneContainer (OzoneContainer.java:startContainerScrub(195)) - Background container scanner has been disabled.
2020-03-19 17:15:46,936 [Datanode State Machine Thread - 0] INFO  ratis.XceiverServerRatis (XceiverServerRatis.java:start(406)) - Starting XceiverServerRatis 7e69d50e-0a54-4234-a642-c3092d47dbb5 at port 0
2020-03-19 17:15:46,937 [Datanode State Machine Thread - 0] INFO  impl.RaftServerProxy (RaftServerProxy.java:lambda$start$3(299)) - 7e69d50e-0a54-4234-a642-c3092d47dbb5: start RPC server
2020-03-19 17:15:46,937 [Datanode State Machine Thread - 0] INFO  server.GrpcService (GrpcService.java:startImpl(158)) - 7e69d50e-0a54-4234-a642-c3092d47dbb5: GrpcService started, listening on 0.0.0.0/0.0.0.0:37797
2020-03-19 17:15:46,937 [Datanode State Machine Thread - 0] INFO  ratis.XceiverServerRatis (XceiverServerRatis.java:start(418)) - XceiverServerRatis 7e69d50e-0a54-4234-a642-c3092d47dbb5 is started using port 37797
2020-03-19 17:15:46,939 [Datanode State Machine Thread - 0] INFO  server.XceiverServerGrpc (XceiverServerGrpc.java:start(145)) - XceiverServerGrpc 7e69d50e-0a54-4234-a642-c3092d47dbb5 is started using port 38715
2020-03-19 17:15:46,987 [Datanode State Machine Thread - 0] INFO  ozoneimpl.OzoneContainer (OzoneContainer.java:start(231)) - Attempting to start container services.
2020-03-19 17:15:46,987 [Datanode State Machine Thread - 0] INFO  ozoneimpl.OzoneContainer (OzoneContainer.java:startContainerScrub(195)) - Background container scanner has been disabled.
2020-03-19 17:15:46,987 [Datanode State Machine Thread - 0] INFO  ratis.XceiverServerRatis (XceiverServerRatis.java:start(406)) - Starting XceiverServerRatis 78c87700-eed0-40ed-9c83-27d56052797c at port 0
2020-03-19 17:15:46,988 [Datanode State Machine Thread - 0] INFO  impl.RaftServerProxy (RaftServerProxy.java:lambda$start$3(299)) - 78c87700-eed0-40ed-9c83-27d56052797c: start RPC server
2020-03-19 17:15:46,988 [Datanode State Machine Thread - 0] INFO  server.GrpcService (GrpcService.java:startImpl(158)) - 78c87700-eed0-40ed-9c83-27d56052797c: GrpcService started, listening on 0.0.0.0/0.0.0.0:42939
2020-03-19 17:15:46,988 [Datanode State Machine Thread - 0] INFO  ratis.XceiverServerRatis (XceiverServerRatis.java:start(418)) - XceiverServerRatis 78c87700-eed0-40ed-9c83-27d56052797c is started using port 42939
2020-03-19 17:15:46,988 [Datanode State Machine Thread - 0] INFO  server.XceiverServerGrpc (XceiverServerGrpc.java:start(145)) - XceiverServerGrpc 78c87700-eed0-40ed-9c83-27d56052797c is started using port 46567
2020-03-19 17:15:47,049 [Datanode State Machine Thread - 0] INFO  ozoneimpl.OzoneContainer (OzoneContainer.java:start(231)) - Attempting to start container services.
2020-03-19 17:15:47,049 [Datanode State Machine Thread - 0] INFO  ozoneimpl.OzoneContainer (OzoneContainer.java:startContainerScrub(195)) - Background container scanner has been disabled.
2020-03-19 17:15:47,049 [Datanode State Machine Thread - 0] INFO  ratis.XceiverServerRatis (XceiverServerRatis.java:start(406)) - Starting XceiverServerRatis 5ac25ff6-d68b-4c37-b38b-9bf9f6fc66ee at port 0
2020-03-19 17:15:47,049 [Datanode State Machine Thread - 0] INFO  impl.RaftServerProxy (RaftServerProxy.java:lambda$start$3(299)) - 5ac25ff6-d68b-4c37-b38b-9bf9f6fc66ee: start RPC server
2020-03-19 17:15:47,050 [Datanode State Machine Thread - 0] INFO  server.GrpcService (GrpcService.java:startImpl(158)) - 5ac25ff6-d68b-4c37-b38b-9bf9f6fc66ee: GrpcService started, listening on 0.0.0.0/0.0.0.0:36941
2020-03-19 17:15:47,050 [Datanode State Machine Thread - 0] INFO  ratis.XceiverServerRatis (XceiverServerRatis.java:start(418)) - XceiverServerRatis 5ac25ff6-d68b-4c37-b38b-9bf9f6fc66ee is started using port 36941
2020-03-19 17:15:47,050 [Datanode State Machine Thread - 0] INFO  server.XceiverServerGrpc (XceiverServerGrpc.java:start(145)) - XceiverServerGrpc 5ac25ff6-d68b-4c37-b38b-9bf9f6fc66ee is started using port 40683
2020-03-19 17:15:47,109 [Datanode State Machine Thread - 0] INFO  ozoneimpl.OzoneContainer (OzoneContainer.java:start(231)) - Attempting to start container services.
2020-03-19 17:15:47,109 [Datanode State Machine Thread - 0] INFO  ozoneimpl.OzoneContainer (OzoneContainer.java:startContainerScrub(195)) - Background container scanner has been disabled.
2020-03-19 17:15:47,109 [Datanode State Machine Thread - 0] INFO  ratis.XceiverServerRatis (XceiverServerRatis.java:start(406)) - Starting XceiverServerRatis ef0c1a11-1ea8-4cb4-b60f-6bfb3b779eb6 at port 0
2020-03-19 17:15:47,110 [Datanode State Machine Thread - 0] INFO  impl.RaftServerProxy (RaftServerProxy.java:lambda$start$3(299)) - ef0c1a11-1ea8-4cb4-b60f-6bfb3b779eb6: start RPC server
2020-03-19 17:15:47,110 [Datanode State Machine Thread - 0] INFO  server.GrpcService (GrpcService.java:startImpl(158)) - ef0c1a11-1ea8-4cb4-b60f-6bfb3b779eb6: GrpcService started, listening on 0.0.0.0/0.0.0.0:37633
2020-03-19 17:15:47,110 [Datanode State Machine Thread - 0] INFO  ratis.XceiverServerRatis (XceiverServerRatis.java:start(418)) - XceiverServerRatis ef0c1a11-1ea8-4cb4-b60f-6bfb3b779eb6 is started using port 37633
2020-03-19 17:15:47,111 [Datanode State Machine Thread - 0] INFO  server.XceiverServerGrpc (XceiverServerGrpc.java:start(145)) - XceiverServerGrpc ef0c1a11-1ea8-4cb4-b60f-6bfb3b779eb6 is started using port 45589
2020-03-19 17:15:47,148 [Datanode State Machine Thread - 0] INFO  ozoneimpl.OzoneContainer (OzoneContainer.java:start(231)) - Attempting to start container services.
2020-03-19 17:15:47,148 [Datanode State Machine Thread - 0] INFO  ozoneimpl.OzoneContainer (OzoneContainer.java:startContainerScrub(195)) - Background container scanner has been disabled.
2020-03-19 17:15:47,148 [Datanode State Machine Thread - 0] INFO  ratis.XceiverServerRatis (XceiverServerRatis.java:start(406)) - Starting XceiverServerRatis 8719c7fb-c7e5-474c-a3e1-64c0a78adabe at port 0
2020-03-19 17:15:47,149 [Datanode State Machine Thread - 0] INFO  impl.RaftServerProxy (RaftServerProxy.java:lambda$start$3(299)) - 8719c7fb-c7e5-474c-a3e1-64c0a78adabe: start RPC server
2020-03-19 17:15:47,149 [Datanode State Machine Thread - 0] INFO  server.GrpcService (GrpcService.java:startImpl(158)) - 8719c7fb-c7e5-474c-a3e1-64c0a78adabe: GrpcService started, listening on 0.0.0.0/0.0.0.0:41825
2020-03-19 17:15:47,149 [Datanode State Machine Thread - 0] INFO  ratis.XceiverServerRatis (XceiverServerRatis.java:start(418)) - XceiverServerRatis 8719c7fb-c7e5-474c-a3e1-64c0a78adabe is started using port 41825
2020-03-19 17:15:47,152 [Datanode State Machine Thread - 0] INFO  server.XceiverServerGrpc (XceiverServerGrpc.java:start(145)) - XceiverServerGrpc 8719c7fb-c7e5-474c-a3e1-64c0a78adabe is started using port 45329
2020-03-19 17:15:47,203 [main] INFO  ozone.MiniOzoneClusterImpl (MiniOzoneClusterImpl.java:lambda$waitForClusterToBeReady$0(177)) - Waiting for nodes to be ready. Got 0 of 10 DN Heartbeats.
2020-03-19 17:15:47,204 [main] INFO  ozone.MiniOzoneClusterImpl (MiniOzoneClusterImpl.java:lambda$waitForClusterToBeReady$0(180)) - Waiting for cluster to exit safe mode
2020-03-19 17:15:47,211 [Datanode State Machine Thread - 0] INFO  ozoneimpl.OzoneContainer (OzoneContainer.java:start(231)) - Attempting to start container services.
2020-03-19 17:15:47,211 [Datanode State Machine Thread - 0] INFO  ozoneimpl.OzoneContainer (OzoneContainer.java:startContainerScrub(195)) - Background container scanner has been disabled.
2020-03-19 17:15:47,211 [Datanode State Machine Thread - 0] INFO  ratis.XceiverServerRatis (XceiverServerRatis.java:start(406)) - Starting XceiverServerRatis 0f47e6b4-3e2a-4392-948b-42faa0c001a0 at port 0
2020-03-19 17:15:47,211 [Datanode State Machine Thread - 0] INFO  impl.RaftServerProxy (RaftServerProxy.java:lambda$start$3(299)) - 0f47e6b4-3e2a-4392-948b-42faa0c001a0: start RPC server
2020-03-19 17:15:47,212 [Datanode State Machine Thread - 0] INFO  server.GrpcService (GrpcService.java:startImpl(158)) - 0f47e6b4-3e2a-4392-948b-42faa0c001a0: GrpcService started, listening on 0.0.0.0/0.0.0.0:43121
2020-03-19 17:15:47,212 [Datanode State Machine Thread - 0] INFO  ratis.XceiverServerRatis (XceiverServerRatis.java:start(418)) - XceiverServerRatis 0f47e6b4-3e2a-4392-948b-42faa0c001a0 is started using port 43121
2020-03-19 17:15:47,215 [Datanode State Machine Thread - 0] INFO  server.XceiverServerGrpc (XceiverServerGrpc.java:start(145)) - XceiverServerGrpc 0f47e6b4-3e2a-4392-948b-42faa0c001a0 is started using port 46793
2020-03-19 17:15:48,204 [main] INFO  ozone.MiniOzoneClusterImpl (MiniOzoneClusterImpl.java:lambda$waitForClusterToBeReady$0(177)) - Waiting for nodes to be ready. Got 0 of 10 DN Heartbeats.
2020-03-19 17:15:48,204 [main] INFO  ozone.MiniOzoneClusterImpl (MiniOzoneClusterImpl.java:lambda$waitForClusterToBeReady$0(180)) - Waiting for cluster to exit safe mode
2020-03-19 17:15:48,697 [IPC Server handler 0 on 38595] INFO  net.NetworkTopology (NetworkTopologyImpl.java:add(111)) - Added a new node: /rack1/e0593f1c-6b5a-4362-bc71-0b44a1bb1867
2020-03-19 17:15:48,698 [IPC Server handler 0 on 38595] INFO  node.SCMNodeManager (SCMNodeManager.java:register(268)) - Registered Data node : e0593f1c-6b5a-4362-bc71-0b44a1bb1867{ip: 172.17.0.2, host: e39e15fa19de, networkLocation: /rack1, certSerialId: null}
2020-03-19 17:15:48,698 [RatisPipelineUtilsThread] INFO  pipeline.RatisPipelineProvider (RatisPipelineProvider.java:lambda$create$3(170)) - Sending CreatePipelineCommand for pipeline:PipelineID=0c136d18-0887-49f8-8d8b-c4e13f1a911c to datanode:e0593f1c-6b5a-4362-bc71-0b44a1bb1867
2020-03-19 17:15:48,699 [EventQueue-NodeRegistrationContainerReportForDataNodeSafeModeRule] INFO  safemode.SCMSafeModeManager (DataNodeSafeModeRule.java:process(71)) - SCM in safe mode. 1 DataNodes registered, 1 required.
2020-03-19 17:15:48,700 [EventQueue-NodeRegistrationContainerReportForDataNodeSafeModeRule] INFO  safemode.SCMSafeModeManager (SCMSafeModeManager.java:validateSafeModeExitRules(175)) - DataNodeSafeModeRule rule is successfully validated
2020-03-19 17:15:48,700 [RatisPipelineUtilsThread] INFO  pipeline.PipelineStateManager (PipelineStateManager.java:addPipeline(54)) - Created pipeline Pipeline[ Id: 0c136d18-0887-49f8-8d8b-c4e13f1a911c, Nodes: e0593f1c-6b5a-4362-bc71-0b44a1bb1867{ip: 172.17.0.2, host: e39e15fa19de, networkLocation: /rack1, certSerialId: null}, Type:RATIS, Factor:ONE, State:ALLOCATED, leaderId:null, CreationTimestamp2020-03-19T17:15:48.698Z]
2020-03-19 17:15:48,700 [RatisPipelineUtilsThread] WARN  pipeline.PipelinePlacementPolicy (PipelinePlacementPolicy.java:filterViableNodes(151)) - Pipeline creation failed due to no sufficient healthy datanodes. Required 3. Found 1.
2020-03-19 17:15:48,701 [EventQueue-NodeRegistrationContainerReportForContainerSafeModeRule] INFO  safemode.SCMSafeModeManager (SCMSafeModeManager.java:validateSafeModeExitRules(175)) - ContainerSafeModeRule rule is successfully validated
2020-03-19 17:15:48,751 [IPC Server handler 1 on 38595] INFO  net.NetworkTopology (NetworkTopologyImpl.java:add(111)) - Added a new node: /rack1/19601d2c-1e34-4e29-889b-b501c57f3272
2020-03-19 17:15:48,751 [IPC Server handler 1 on 38595] INFO  node.SCMNodeManager (SCMNodeManager.java:register(268)) - Registered Data node : 19601d2c-1e34-4e29-889b-b501c57f3272{ip: 172.17.0.2, host: e39e15fa19de, networkLocation: /rack1, certSerialId: null}
2020-03-19 17:15:48,751 [RatisPipelineUtilsThread] INFO  pipeline.RatisPipelineProvider (RatisPipelineProvider.java:lambda$create$3(170)) - Sending CreatePipelineCommand for pipeline:PipelineID=5bac38eb-2be8-4bf3-a07d-60c9b52a9161 to datanode:19601d2c-1e34-4e29-889b-b501c57f3272
2020-03-19 17:15:48,752 [EventQueue-NodeRegistrationContainerReportForDataNodeSafeModeRule] INFO  safemode.SCMSafeModeManager (SCMSafeModeManager.java:validateSafeModeExitRules(175)) - DataNodeSafeModeRule rule is successfully validated
2020-03-19 17:15:48,752 [EventQueue-NodeRegistrationContainerReportForContainerSafeModeRule] INFO  safemode.SCMSafeModeManager (SCMSafeModeManager.java:validateSafeModeExitRules(175)) - ContainerSafeModeRule rule is successfully validated
2020-03-19 17:15:48,752 [RatisPipelineUtilsThread] INFO  pipeline.PipelineStateManager (PipelineStateManager.java:addPipeline(54)) - Created pipeline Pipeline[ Id: 5bac38eb-2be8-4bf3-a07d-60c9b52a9161, Nodes: 19601d2c-1e34-4e29-889b-b501c57f3272{ip: 172.17.0.2, host: e39e15fa19de, networkLocation: /rack1, certSerialId: null}, Type:RATIS, Factor:ONE, State:ALLOCATED, leaderId:null, CreationTimestamp2020-03-19T17:15:48.751Z]
2020-03-19 17:15:48,752 [RatisPipelineUtilsThread] WARN  pipeline.PipelinePlacementPolicy (PipelinePlacementPolicy.java:filterViableNodes(151)) - Pipeline creation failed due to no sufficient healthy datanodes. Required 3. Found 2.
2020-03-19 17:15:48,820 [IPC Server handler 3 on 38595] INFO  net.NetworkTopology (NetworkTopologyImpl.java:add(111)) - Added a new node: /rack1/ea97180b-f37b-4beb-ae1e-adcdfeb20d18
2020-03-19 17:15:48,820 [IPC Server handler 3 on 38595] INFO  node.SCMNodeManager (SCMNodeManager.java:register(268)) - Registered Data node : ea97180b-f37b-4beb-ae1e-adcdfeb20d18{ip: 172.17.0.2, host: e39e15fa19de, networkLocation: /rack1, certSerialId: null}
2020-03-19 17:15:48,820 [RatisPipelineUtilsThread] INFO  pipeline.RatisPipelineProvider (RatisPipelineProvider.java:lambda$create$3(170)) - Sending CreatePipelineCommand for pipeline:PipelineID=0651cd48-21ac-4ea2-b6f6-30cba8bf17b3 to datanode:ea97180b-f37b-4beb-ae1e-adcdfeb20d18
2020-03-19 17:15:48,820 [RatisPipelineUtilsThread] INFO  pipeline.PipelineStateManager (PipelineStateManager.java:addPipeline(54)) - Created pipeline Pipeline[ Id: 0651cd48-21ac-4ea2-b6f6-30cba8bf17b3, Nodes: ea97180b-f37b-4beb-ae1e-adcdfeb20d18{ip: 172.17.0.2, host: e39e15fa19de, networkLocation: /rack1, certSerialId: null}, Type:RATIS, Factor:ONE, State:ALLOCATED, leaderId:null, CreationTimestamp2020-03-19T17:15:48.820Z]
2020-03-19 17:15:48,820 [EventQueue-NodeRegistrationContainerReportForDataNodeSafeModeRule] INFO  safemode.SCMSafeModeManager (SCMSafeModeManager.java:validateSafeModeExitRules(175)) - DataNodeSafeModeRule rule is successfully validated
2020-03-19 17:15:48,822 [EventQueue-NodeRegistrationContainerReportForContainerSafeModeRule] INFO  safemode.SCMSafeModeManager (SCMSafeModeManager.java:validateSafeModeExitRules(175)) - ContainerSafeModeRule rule is successfully validated
2020-03-19 17:15:48,822 [RatisPipelineUtilsThread] INFO  pipeline.RatisPipelineProvider (RatisPipelineProvider.java:lambda$create$3(170)) - Sending CreatePipelineCommand for pipeline:PipelineID=22eb4e39-762b-4c78-a42b-f255b7a46a64 to datanode:19601d2c-1e34-4e29-889b-b501c57f3272
2020-03-19 17:15:48,822 [RatisPipelineUtilsThread] INFO  pipeline.RatisPipelineProvider (RatisPipelineProvider.java:lambda$create$3(170)) - Sending CreatePipelineCommand for pipeline:PipelineID=22eb4e39-762b-4c78-a42b-f255b7a46a64 to datanode:ea97180b-f37b-4beb-ae1e-adcdfeb20d18
2020-03-19 17:15:48,822 [RatisPipelineUtilsThread] INFO  pipeline.RatisPipelineProvider (RatisPipelineProvider.java:lambda$create$3(170)) - Sending CreatePipelineCommand for pipeline:PipelineID=22eb4e39-762b-4c78-a42b-f255b7a46a64 to datanode:e0593f1c-6b5a-4362-bc71-0b44a1bb1867
2020-03-19 17:15:48,822 [RatisPipelineUtilsThread] INFO  pipeline.PipelineStateManager (PipelineStateManager.java:addPipeline(54)) - Created pipeline Pipeline[ Id: 22eb4e39-762b-4c78-a42b-f255b7a46a64, Nodes: 19601d2c-1e34-4e29-889b-b501c57f3272{ip: 172.17.0.2, host: e39e15fa19de, networkLocation: /rack1, certSerialId: null}ea97180b-f37b-4beb-ae1e-adcdfeb20d18{ip: 172.17.0.2, host: e39e15fa19de, networkLocation: /rack1, certSerialId: null}e0593f1c-6b5a-4362-bc71-0b44a1bb1867{ip: 172.17.0.2, host: e39e15fa19de, networkLocation: /rack1, certSerialId: null}, Type:RATIS, Factor:THREE, State:ALLOCATED, leaderId:null, CreationTimestamp2020-03-19T17:15:48.822Z]
2020-03-19 17:15:48,867 [IPC Server handler 4 on 38595] INFO  net.NetworkTopology (NetworkTopologyImpl.java:add(111)) - Added a new node: /rack1/665f80ed-020a-4994-95dd-47071b79dcbc
2020-03-19 17:15:48,867 [IPC Server handler 4 on 38595] INFO  node.SCMNodeManager (SCMNodeManager.java:register(268)) - Registered Data node : 665f80ed-020a-4994-95dd-47071b79dcbc{ip: 172.17.0.2, host: e39e15fa19de, networkLocation: /rack1, certSerialId: null}
2020-03-19 17:15:48,868 [EventQueue-NodeRegistrationContainerReportForDataNodeSafeModeRule] INFO  safemode.SCMSafeModeManager (SCMSafeModeManager.java:validateSafeModeExitRules(175)) - DataNodeSafeModeRule rule is successfully validated
2020-03-19 17:15:48,868 [EventQueue-NodeRegistrationContainerReportForContainerSafeModeRule] INFO  safemode.SCMSafeModeManager (SCMSafeModeManager.java:validateSafeModeExitRules(175)) - ContainerSafeModeRule rule is successfully validated
2020-03-19 17:15:48,869 [RatisPipelineUtilsThread] INFO  pipeline.RatisPipelineProvider (RatisPipelineProvider.java:lambda$create$3(170)) - Sending CreatePipelineCommand for pipeline:PipelineID=5c6f8c2e-d881-498c-9055-2f17df0d0549 to datanode:665f80ed-020a-4994-95dd-47071b79dcbc
2020-03-19 17:15:48,870 [RatisPipelineUtilsThread] INFO  pipeline.PipelineStateManager (PipelineStateManager.java:addPipeline(54)) - Created pipeline Pipeline[ Id: 5c6f8c2e-d881-498c-9055-2f17df0d0549, Nodes: 665f80ed-020a-4994-95dd-47071b79dcbc{ip: 172.17.0.2, host: e39e15fa19de, networkLocation: /rack1, certSerialId: null}, Type:RATIS, Factor:ONE, State:ALLOCATED, leaderId:null, CreationTimestamp2020-03-19T17:15:48.869Z]
2020-03-19 17:15:48,935 [IPC Server handler 7 on 38595] INFO  net.NetworkTopology (NetworkTopologyImpl.java:add(111)) - Added a new node: /rack1/7e69d50e-0a54-4234-a642-c3092d47dbb5
2020-03-19 17:15:48,935 [IPC Server handler 7 on 38595] INFO  node.SCMNodeManager (SCMNodeManager.java:register(268)) - Registered Data node : 7e69d50e-0a54-4234-a642-c3092d47dbb5{ip: 172.17.0.2, host: e39e15fa19de, networkLocation: /rack1, certSerialId: null}
2020-03-19 17:15:48,935 [RatisPipelineUtilsThread] INFO  pipeline.RatisPipelineProvider (RatisPipelineProvider.java:lambda$create$3(170)) - Sending CreatePipelineCommand for pipeline:PipelineID=71604343-59e0-4c63-8ff5-31970616eb44 to datanode:7e69d50e-0a54-4234-a642-c3092d47dbb5
2020-03-19 17:15:48,935 [EventQueue-NodeRegistrationContainerReportForDataNodeSafeModeRule] INFO  safemode.SCMSafeModeManager (SCMSafeModeManager.java:validateSafeModeExitRules(175)) - DataNodeSafeModeRule rule is successfully validated
2020-03-19 17:15:48,935 [EventQueue-NodeRegistrationContainerReportForContainerSafeModeRule] INFO  safemode.SCMSafeModeManager (SCMSafeModeManager.java:validateSafeModeExitRules(175)) - ContainerSafeModeRule rule is successfully validated
2020-03-19 17:15:48,935 [RatisPipelineUtilsThread] INFO  pipeline.PipelineStateManager (PipelineStateManager.java:addPipeline(54)) - Created pipeline Pipeline[ Id: 71604343-59e0-4c63-8ff5-31970616eb44, Nodes: 7e69d50e-0a54-4234-a642-c3092d47dbb5{ip: 172.17.0.2, host: e39e15fa19de, networkLocation: /rack1, certSerialId: null}, Type:RATIS, Factor:ONE, State:ALLOCATED, leaderId:null, CreationTimestamp2020-03-19T17:15:48.935Z]
2020-03-19 17:15:48,987 [IPC Server handler 6 on 38595] INFO  net.NetworkTopology (NetworkTopologyImpl.java:add(111)) - Added a new node: /rack1/78c87700-eed0-40ed-9c83-27d56052797c
2020-03-19 17:15:48,987 [IPC Server handler 6 on 38595] INFO  node.SCMNodeManager (SCMNodeManager.java:register(268)) - Registered Data node : 78c87700-eed0-40ed-9c83-27d56052797c{ip: 172.17.0.2, host: e39e15fa19de, networkLocation: /rack1, certSerialId: null}
2020-03-19 17:15:48,987 [EventQueue-NodeRegistrationContainerReportForContainerSafeModeRule] INFO  safemode.SCMSafeModeManager (SCMSafeModeManager.java:validateSafeModeExitRules(175)) - ContainerSafeModeRule rule is successfully validated
2020-03-19 17:15:48,987 [EventQueue-NodeRegistrationContainerReportForDataNodeSafeModeRule] INFO  safemode.SCMSafeModeManager (SCMSafeModeManager.java:validateSafeModeExitRules(175)) - DataNodeSafeModeRule rule is successfully validated
2020-03-19 17:15:48,987 [RatisPipelineUtilsThread] INFO  pipeline.RatisPipelineProvider (RatisPipelineProvider.java:lambda$create$3(170)) - Sending CreatePipelineCommand for pipeline:PipelineID=da40380c-784a-4929-be66-adb3c46851e8 to datanode:78c87700-eed0-40ed-9c83-27d56052797c
2020-03-19 17:15:48,987 [RatisPipelineUtilsThread] INFO  pipeline.PipelineStateManager (PipelineStateManager.java:addPipeline(54)) - Created pipeline Pipeline[ Id: da40380c-784a-4929-be66-adb3c46851e8, Nodes: 78c87700-eed0-40ed-9c83-27d56052797c{ip: 172.17.0.2, host: e39e15fa19de, networkLocation: /rack1, certSerialId: null}, Type:RATIS, Factor:ONE, State:ALLOCATED, leaderId:null, CreationTimestamp2020-03-19T17:15:48.987Z]
2020-03-19 17:15:48,988 [RatisPipelineUtilsThread] INFO  pipeline.RatisPipelineProvider (RatisPipelineProvider.java:lambda$create$3(170)) - Sending CreatePipelineCommand for pipeline:PipelineID=d7c22a97-1ee9-48ff-8c2f-448e1a42821c to datanode:78c87700-eed0-40ed-9c83-27d56052797c
2020-03-19 17:15:48,988 [RatisPipelineUtilsThread] INFO  pipeline.RatisPipelineProvider (RatisPipelineProvider.java:lambda$create$3(170)) - Sending CreatePipelineCommand for pipeline:PipelineID=d7c22a97-1ee9-48ff-8c2f-448e1a42821c to datanode:665f80ed-020a-4994-95dd-47071b79dcbc
2020-03-19 17:15:48,988 [RatisPipelineUtilsThread] INFO  pipeline.RatisPipelineProvider (RatisPipelineProvider.java:lambda$create$3(170)) - Sending CreatePipelineCommand for pipeline:PipelineID=d7c22a97-1ee9-48ff-8c2f-448e1a42821c to datanode:7e69d50e-0a54-4234-a642-c3092d47dbb5
2020-03-19 17:15:48,988 [RatisPipelineUtilsThread] INFO  pipeline.PipelineStateManager (PipelineStateManager.java:addPipeline(54)) - Created pipeline Pipeline[ Id: d7c22a97-1ee9-48ff-8c2f-448e1a42821c, Nodes: 78c87700-eed0-40ed-9c83-27d56052797c{ip: 172.17.0.2, host: e39e15fa19de, networkLocation: /rack1, certSerialId: null}665f80ed-020a-4994-95dd-47071b79dcbc{ip: 172.17.0.2, host: e39e15fa19de, networkLocation: /rack1, certSerialId: null}7e69d50e-0a54-4234-a642-c3092d47dbb5{ip: 172.17.0.2, host: e39e15fa19de, networkLocation: /rack1, certSerialId: null}, Type:RATIS, Factor:THREE, State:ALLOCATED, leaderId:null, CreationTimestamp2020-03-19T17:15:48.988Z]
2020-03-19 17:15:49,048 [IPC Server handler 5 on 38595] INFO  net.NetworkTopology (NetworkTopologyImpl.java:add(111)) - Added a new node: /rack1/5ac25ff6-d68b-4c37-b38b-9bf9f6fc66ee
2020-03-19 17:15:49,048 [IPC Server handler 5 on 38595] INFO  node.SCMNodeManager (SCMNodeManager.java:register(268)) - Registered Data node : 5ac25ff6-d68b-4c37-b38b-9bf9f6fc66ee{ip: 172.17.0.2, host: e39e15fa19de, networkLocation: /rack1, certSerialId: null}
2020-03-19 17:15:49,048 [EventQueue-NodeRegistrationContainerReportForDataNodeSafeModeRule] INFO  safemode.SCMSafeModeManager (SCMSafeModeManager.java:validateSafeModeExitRules(175)) - DataNodeSafeModeRule rule is successfully validated
2020-03-19 17:15:49,049 [EventQueue-NodeRegistrationContainerReportForContainerSafeModeRule] INFO  safemode.SCMSafeModeManager (SCMSafeModeManager.java:validateSafeModeExitRules(175)) - ContainerSafeModeRule rule is successfully validated
2020-03-19 17:15:49,049 [RatisPipelineUtilsThread] INFO  pipeline.RatisPipelineProvider (RatisPipelineProvider.java:lambda$create$3(170)) - Sending CreatePipelineCommand for pipeline:PipelineID=2f95787f-631a-491d-88a6-88a27b091aa5 to datanode:5ac25ff6-d68b-4c37-b38b-9bf9f6fc66ee
2020-03-19 17:15:49,049 [RatisPipelineUtilsThread] INFO  pipeline.PipelineStateManager (PipelineStateManager.java:addPipeline(54)) - Created pipeline Pipeline[ Id: 2f95787f-631a-491d-88a6-88a27b091aa5, Nodes: 5ac25ff6-d68b-4c37-b38b-9bf9f6fc66ee{ip: 172.17.0.2, host: e39e15fa19de, networkLocation: /rack1, certSerialId: null}, Type:RATIS, Factor:ONE, State:ALLOCATED, leaderId:null, CreationTimestamp2020-03-19T17:15:49.049Z]
2020-03-19 17:15:49,108 [IPC Server handler 8 on 38595] INFO  net.NetworkTopology (NetworkTopologyImpl.java:add(111)) - Added a new node: /rack1/ef0c1a11-1ea8-4cb4-b60f-6bfb3b779eb6
2020-03-19 17:15:49,108 [IPC Server handler 8 on 38595] INFO  node.SCMNodeManager (SCMNodeManager.java:register(268)) - Registered Data node : ef0c1a11-1ea8-4cb4-b60f-6bfb3b779eb6{ip: 172.17.0.2, host: e39e15fa19de, networkLocation: /rack1, certSerialId: null}
2020-03-19 17:15:49,108 [RatisPipelineUtilsThread] INFO  pipeline.RatisPipelineProvider (RatisPipelineProvider.java:lambda$create$3(170)) - Sending CreatePipelineCommand for pipeline:PipelineID=23773a22-ca16-437e-bd73-ef661a05a030 to datanode:ef0c1a11-1ea8-4cb4-b60f-6bfb3b779eb6
2020-03-19 17:15:49,108 [EventQueue-NodeRegistrationContainerReportForDataNodeSafeModeRule] INFO  safemode.SCMSafeModeManager (SCMSafeModeManager.java:validateSafeModeExitRules(175)) - DataNodeSafeModeRule rule is successfully validated
2020-03-19 17:15:49,108 [EventQueue-NodeRegistrationContainerReportForContainerSafeModeRule] INFO  safemode.SCMSafeModeManager (SCMSafeModeManager.java:validateSafeModeExitRules(175)) - ContainerSafeModeRule rule is successfully validated
2020-03-19 17:15:49,108 [RatisPipelineUtilsThread] INFO  pipeline.PipelineStateManager (PipelineStateManager.java:addPipeline(54)) - Created pipeline Pipeline[ Id: 23773a22-ca16-437e-bd73-ef661a05a030, Nodes: ef0c1a11-1ea8-4cb4-b60f-6bfb3b779eb6{ip: 172.17.0.2, host: e39e15fa19de, networkLocation: /rack1, certSerialId: null}, Type:RATIS, Factor:ONE, State:ALLOCATED, leaderId:null, CreationTimestamp2020-03-19T17:15:49.108Z]
2020-03-19 17:15:49,147 [IPC Server handler 11 on 38595] INFO  net.NetworkTopology (NetworkTopologyImpl.java:add(111)) - Added a new node: /rack1/8719c7fb-c7e5-474c-a3e1-64c0a78adabe
2020-03-19 17:15:49,147 [IPC Server handler 11 on 38595] INFO  node.SCMNodeManager (SCMNodeManager.java:register(268)) - Registered Data node : 8719c7fb-c7e5-474c-a3e1-64c0a78adabe{ip: 172.17.0.2, host: e39e15fa19de, networkLocation: /rack1, certSerialId: null}
2020-03-19 17:15:49,147 [EventQueue-NodeRegistrationContainerReportForDataNodeSafeModeRule] INFO  safemode.SCMSafeModeManager (SCMSafeModeManager.java:validateSafeModeExitRules(175)) - DataNodeSafeModeRule rule is successfully validated
2020-03-19 17:15:49,147 [EventQueue-NodeRegistrationContainerReportForContainerSafeModeRule] INFO  safemode.SCMSafeModeManager (SCMSafeModeManager.java:validateSafeModeExitRules(175)) - ContainerSafeModeRule rule is successfully validated
2020-03-19 17:15:49,148 [RatisPipelineUtilsThread] INFO  pipeline.RatisPipelineProvider (RatisPipelineProvider.java:lambda$create$3(170)) - Sending CreatePipelineCommand for pipeline:PipelineID=98def390-6862-4a41-bd4d-c2905eec6de9 to datanode:8719c7fb-c7e5-474c-a3e1-64c0a78adabe
2020-03-19 17:15:49,148 [RatisPipelineUtilsThread] INFO  pipeline.PipelineStateManager (PipelineStateManager.java:addPipeline(54)) - Created pipeline Pipeline[ Id: 98def390-6862-4a41-bd4d-c2905eec6de9, Nodes: 8719c7fb-c7e5-474c-a3e1-64c0a78adabe{ip: 172.17.0.2, host: e39e15fa19de, networkLocation: /rack1, certSerialId: null}, Type:RATIS, Factor:ONE, State:ALLOCATED, leaderId:null, CreationTimestamp2020-03-19T17:15:49.147Z]
2020-03-19 17:15:49,149 [RatisPipelineUtilsThread] INFO  pipeline.RatisPipelineProvider (RatisPipelineProvider.java:lambda$create$3(170)) - Sending CreatePipelineCommand for pipeline:PipelineID=c9d6e225-81f8-4462-a714-61d83dcb3edb to datanode:5ac25ff6-d68b-4c37-b38b-9bf9f6fc66ee
2020-03-19 17:15:49,149 [RatisPipelineUtilsThread] INFO  pipeline.RatisPipelineProvider (RatisPipelineProvider.java:lambda$create$3(170)) - Sending CreatePipelineCommand for pipeline:PipelineID=c9d6e225-81f8-4462-a714-61d83dcb3edb to datanode:8719c7fb-c7e5-474c-a3e1-64c0a78adabe
2020-03-19 17:15:49,150 [RatisPipelineUtilsThread] INFO  pipeline.RatisPipelineProvider (RatisPipelineProvider.java:lambda$create$3(170)) - Sending CreatePipelineCommand for pipeline:PipelineID=c9d6e225-81f8-4462-a714-61d83dcb3edb to datanode:ef0c1a11-1ea8-4cb4-b60f-6bfb3b779eb6
2020-03-19 17:15:49,150 [RatisPipelineUtilsThread] INFO  pipeline.PipelineStateManager (PipelineStateManager.java:addPipeline(54)) - Created pipeline Pipeline[ Id: c9d6e225-81f8-4462-a714-61d83dcb3edb, Nodes: 5ac25ff6-d68b-4c37-b38b-9bf9f6fc66ee{ip: 172.17.0.2, host: e39e15fa19de, networkLocation: /rack1, certSerialId: null}8719c7fb-c7e5-474c-a3e1-64c0a78adabe{ip: 172.17.0.2, host: e39e15fa19de, networkLocation: /rack1, certSerialId: null}ef0c1a11-1ea8-4cb4-b60f-6bfb3b779eb6{ip: 172.17.0.2, host: e39e15fa19de, networkLocation: /rack1, certSerialId: null}, Type:RATIS, Factor:THREE, State:ALLOCATED, leaderId:null, CreationTimestamp2020-03-19T17:15:49.149Z]
2020-03-19 17:15:49,205 [main] INFO  ozone.MiniOzoneClusterImpl (MiniOzoneClusterImpl.java:lambda$waitForClusterToBeReady$0(177)) - Waiting for nodes to be ready. Got 9 of 10 DN Heartbeats.
2020-03-19 17:15:49,205 [main] INFO  ozone.MiniOzoneClusterImpl (MiniOzoneClusterImpl.java:lambda$waitForClusterToBeReady$0(180)) - Waiting for cluster to exit safe mode
2020-03-19 17:15:49,210 [IPC Server handler 16 on 38595] INFO  net.NetworkTopology (NetworkTopologyImpl.java:add(111)) - Added a new node: /rack1/0f47e6b4-3e2a-4392-948b-42faa0c001a0
2020-03-19 17:15:49,211 [IPC Server handler 16 on 38595] INFO  node.SCMNodeManager (SCMNodeManager.java:register(268)) - Registered Data node : 0f47e6b4-3e2a-4392-948b-42faa0c001a0{ip: 172.17.0.2, host: e39e15fa19de, networkLocation: /rack1, certSerialId: null}
2020-03-19 17:15:49,211 [RatisPipelineUtilsThread] INFO  pipeline.RatisPipelineProvider (RatisPipelineProvider.java:lambda$create$3(170)) - Sending CreatePipelineCommand for pipeline:PipelineID=b21bbf9a-b9c2-4574-81a5-2a2ffa2cc73d to datanode:0f47e6b4-3e2a-4392-948b-42faa0c001a0
2020-03-19 17:15:49,211 [EventQueue-NodeRegistrationContainerReportForContainerSafeModeRule] INFO  safemode.SCMSafeModeManager (SCMSafeModeManager.java:validateSafeModeExitRules(175)) - ContainerSafeModeRule rule is successfully validated
2020-03-19 17:15:49,211 [EventQueue-NodeRegistrationContainerReportForDataNodeSafeModeRule] INFO  safemode.SCMSafeModeManager (SCMSafeModeManager.java:validateSafeModeExitRules(175)) - DataNodeSafeModeRule rule is successfully validated
2020-03-19 17:15:49,211 [RatisPipelineUtilsThread] INFO  pipeline.PipelineStateManager (PipelineStateManager.java:addPipeline(54)) - Created pipeline Pipeline[ Id: b21bbf9a-b9c2-4574-81a5-2a2ffa2cc73d, Nodes: 0f47e6b4-3e2a-4392-948b-42faa0c001a0{ip: 172.17.0.2, host: e39e15fa19de, networkLocation: /rack1, certSerialId: null}, Type:RATIS, Factor:ONE, State:ALLOCATED, leaderId:null, CreationTimestamp2020-03-19T17:15:49.211Z]
2020-03-19 17:15:50,205 [main] INFO  ozone.MiniOzoneClusterImpl (MiniOzoneClusterImpl.java:lambda$waitForClusterToBeReady$0(177)) - Nodes are ready. Got 10 of 10 DN Heartbeats.
2020-03-19 17:15:50,206 [main] INFO  ozone.MiniOzoneClusterImpl (MiniOzoneClusterImpl.java:lambda$waitForClusterToBeReady$0(180)) - Waiting for cluster to exit safe mode
2020-03-19 17:15:51,206 [main] INFO  ozone.MiniOzoneClusterImpl (MiniOzoneClusterImpl.java:lambda$waitForClusterToBeReady$0(177)) - Nodes are ready. Got 10 of 10 DN Heartbeats.
2020-03-19 17:15:51,206 [main] INFO  ozone.MiniOzoneClusterImpl (MiniOzoneClusterImpl.java:lambda$waitForClusterToBeReady$0(180)) - Waiting for cluster to exit safe mode
2020-03-19 17:15:51,697 [Command processor thread] INFO  impl.RaftServerProxy (RaftServerProxy.java:addNew(89)) - e0593f1c-6b5a-4362-bc71-0b44a1bb1867: addNew group-C4E13F1A911C:[e0593f1c-6b5a-4362-bc71-0b44a1bb1867:172.17.0.2:40807] returns group-C4E13F1A911C:java.util.concurrent.CompletableFuture@2a0129fa[Not completed]
2020-03-19 17:15:51,698 [pool-713-thread-1] INFO  impl.RaftServerImpl (RaftServerImpl.java:<init>(97)) - e0593f1c-6b5a-4362-bc71-0b44a1bb1867: new RaftServerImpl for group-C4E13F1A911C:[e0593f1c-6b5a-4362-bc71-0b44a1bb1867:172.17.0.2:40807] with ContainerStateMachine:uninitialized
2020-03-19 17:15:51,698 [pool-713-thread-1] INFO  server.RaftServerConfigKeys (ConfUtils.java:logGet(43)) - raft.server.rpc.timeout.min = 1s (custom)
2020-03-19 17:15:51,698 [pool-713-thread-1] INFO  server.RaftServerConfigKeys (ConfUtils.java:logGet(43)) - raft.server.rpc.timeout.max = 1200ms (custom)
2020-03-19 17:15:51,698 [pool-713-thread-1] INFO  server.RaftServerConfigKeys (ConfUtils.java:logGet(43)) - raft.server.rpcslowness.timeout = 300s (custom)
2020-03-19 17:15:51,698 [pool-713-thread-1] INFO  server.RaftServerConfigKeys (ConfUtils.java:logGet(43)) - raft.server.sleep.deviation.threshold = 300 (default)
2020-03-19 17:15:51,698 [pool-713-thread-1] INFO  server.RaftServerConfigKeys (ConfUtils.java:logGet(43)) - raft.server.log.appender.install.snapshot.enabled = false (custom)
2020-03-19 17:15:51,699 [pool-713-thread-1] INFO  impl.RaftServerImpl (ServerState.java:<init>(103)) - e0593f1c-6b5a-4362-bc71-0b44a1bb1867@group-C4E13F1A911C: ConfigurationManager, init=-1: [e0593f1c-6b5a-4362-bc71-0b44a1bb1867:172.17.0.2:40807], old=null, confs=<EMPTY_MAP>
2020-03-19 17:15:51,699 [pool-713-thread-1] INFO  server.RaftServerConfigKeys (ConfUtils.java:logGet(43)) - raft.server.storage.dir = [/github/workspace/hadoop-ozone/integration-test/target/test-dir/MiniOzoneClusterImpl-80293407-04bd-45a8-aeac-96ce148bba0b/datanode-0/data/ratis] (custom)
2020-03-19 17:15:51,699 [pool-713-thread-1] INFO  server.RaftServerConfigKeys (ConfUtils.java:logGet(43)) - raft.server.log.corruption.policy = EXCEPTION (default)
2020-03-19 17:15:51,699 [pool-713-thread-1] INFO  storage.RaftStorageDirectory (RaftStorageDirectory.java:analyzeStorage(253)) - The storage directory /github/workspace/hadoop-ozone/integration-test/target/test-dir/MiniOzoneClusterImpl-80293407-04bd-45a8-aeac-96ce148bba0b/datanode-0/data/ratis/0c136d18-0887-49f8-8d8b-c4e13f1a911c does not exist. Creating ...
2020-03-19 17:15:51,701 [pool-713-thread-1] INFO  storage.RaftStorageDirectory (RaftStorageDirectory.java:tryLock(335)) - Lock on /github/workspace/hadoop-ozone/integration-test/target/test-dir/MiniOzoneClusterImpl-80293407-04bd-45a8-aeac-96ce148bba0b/datanode-0/data/ratis/0c136d18-0887-49f8-8d8b-c4e13f1a911c/in_use.lock acquired by nodename 2543@e39e15fa19de
2020-03-19 17:15:51,703 [pool-713-thread-1] INFO  storage.RaftStorage (RaftStorage.java:format(84)) - Storage directory /github/workspace/hadoop-ozone/integration-test/target/test-dir/MiniOzoneClusterImpl-80293407-04bd-45a8-aeac-96ce148bba0b/datanode-0/data/ratis/0c136d18-0887-49f8-8d8b-c4e13f1a911c has been successfully formatted.
2020-03-19 17:15:51,704 [pool-713-thread-1] INFO  ratis.ContainerStateMachine (ContainerStateMachine.java:loadSnapshot(233)) - group-C4E13F1A911C: The snapshot info is null. Setting the last applied indexto:(t:0, i:~)
2020-03-19 17:15:51,704 [pool-713-thread-1] INFO  server.RaftServerConfigKeys (ConfUtils.java:logGet(43)) - raft.server.notification.no-leader.timeout = 60s (default)
2020-03-19 17:15:51,704 [pool-713-thread-1] INFO  server.RaftServerConfigKeys (ConfUtils.java:logGet(43)) - raft.server.log.use.memory = false (default)
2020-03-19 17:15:51,705 [EventQueue-PipelineReportForPipelineReportHandler] INFO  pipeline.PipelineStateManager (PipelineStateManager.java:openPipeline(131)) - Pipeline Pipeline[ Id: 0c136d18-0887-49f8-8d8b-c4e13f1a911c, Nodes: e0593f1c-6b5a-4362-bc71-0b44a1bb1867{ip: 172.17.0.2, host: e39e15fa19de, networkLocation: /rack1, certSerialId: null}, Type:RATIS, Factor:ONE, State:ALLOCATED, leaderId:e0593f1c-6b5a-4362-bc71-0b44a1bb1867, CreationTimestamp2020-03-19T17:15:48.698Z] moved to OPEN state
2020-03-19 17:15:51,705 [pool-713-thread-1] INFO  server.RaftServerConfigKeys (ConfUtils.java:logGet(43)) - raft.server.log.purge.gap = 1000000 (custom)
2020-03-19 17:15:51,707 [pool-713-thread-1] INFO  server.RaftServerConfigKeys (ConfUtils.java:logGet(43)) - raft.server.log.appender.buffer.byte-limit = 33554432 (custom)
2020-03-19 17:15:51,707 [pool-713-thread-1] INFO  server.RaftServerConfigKeys (ConfUtils.java:logGet(43)) - raft.server.log.segment.size.max = 1048576 (custom)
2020-03-19 17:15:51,708 [pool-713-thread-1] INFO  metrics.RatisMetrics (RatisMetrics.java:lambda$create$0(39)) - Creating Metrics Registry : ratis.log_worker.e0593f1c-6b5a-4362-bc71-0b44a1bb1867
2020-03-19 17:15:51,708 [pool-713-thread-1] INFO  server.RaftServerConfigKeys (ConfUtils.java:logGet(43)) - raft.server.log.segment.cache.num.max = 2 (custom)
2020-03-19 17:15:51,708 [pool-713-thread-1] INFO  segmented.SegmentedRaftLogWorker (SegmentedRaftLogWorker.java:<init>(176)) - new e0593f1c-6b5a-4362-bc71-0b44a1bb1867@group-C4E13F1A911C-SegmentedRaftLogWorker for RaftStorage:Storage Directory /github/workspace/hadoop-ozone/integration-test/target/test-dir/MiniOzoneClusterImpl-80293407-04bd-45a8-aeac-96ce148bba0b/datanode-0/data/ratis/0c136d18-0887-49f8-8d8b-c4e13f1a911c
2020-03-19 17:15:51,708 [pool-713-thread-1] INFO  server.RaftServerConfigKeys (ConfUtils.java:logGet(43)) - raft.server.log.queue.byte-limit = 2147483647 (custom)
2020-03-19 17:15:51,708 [pool-713-thread-1] INFO  server.RaftServerConfigKeys (ConfUtils.java:logGet(43)) - raft.server.log.queue.element-limit = 1024 (custom)
2020-03-19 17:15:51,708 [pool-713-thread-1] INFO  server.RaftServerConfigKeys (ConfUtils.java:logGet(43)) - raft.server.log.segment.size.max = 1048576 (custom)
2020-03-19 17:15:51,708 [pool-713-thread-1] INFO  server.RaftServerConfigKeys (ConfUtils.java:logGet(43)) - raft.server.log.preallocated.size = 16384 (custom)
2020-03-19 17:15:51,708 [pool-713-thread-1] INFO  server.RaftServerConfigKeys (ConfUtils.java:logGet(43)) - raft.server.log.write.buffer.size = 1048576 (custom)
2020-03-19 17:15:51,708 [pool-713-thread-1] INFO  server.RaftServerConfigKeys (ConfUtils.java:logGet(43)) - raft.server.log.force.sync.num = 128 (default)
2020-03-19 17:15:51,708 [pool-713-thread-1] INFO  server.RaftServerConfigKeys (ConfUtils.java:logGet(43)) - raft.server.log.statemachine.data.sync = true (default)
2020-03-19 17:15:51,708 [pool-713-thread-1] INFO  server.RaftServerConfigKeys (ConfUtils.java:logGet(43)) - raft.server.log.statemachine.data.sync.timeout = 10s (default)
2020-03-19 17:15:51,708 [pool-713-thread-1] INFO  server.RaftServerConfigKeys (ConfUtils.java:logGet(43)) - raft.server.log.statemachine.data.sync.timeout.retry = -1 (default)
2020-03-19 17:15:51,707 [EventQueue-OpenPipelineForOneReplicaPipelineSafeModeRule] INFO  safemode.SCMSafeModeManager (SCMSafeModeManager.java:validateSafeModeExitRules(175)) - AtleastOneDatanodeReportedRule rule is successfully validated
2020-03-19 17:15:51,710 [pool-713-thread-1] INFO  server.RaftServerConfigKeys (ConfUtils.java:logGet(43)) - raft.server.log.statemachine.data.caching.enabled = true (custom)
2020-03-19 17:15:51,710 [pool-713-thread-1] INFO  segmented.SegmentedRaftLogWorker (SegmentedRaftLogWorker.java:lambda$new$0(129)) - e0593f1c-6b5a-4362-bc71-0b44a1bb1867@group-C4E13F1A911C-SegmentedRaftLogWorker: flushIndex: setUnconditionally 0 -> -1
2020-03-19 17:15:51,707 [EventQueue-OpenPipelineForHealthyPipelineSafeModeRule] INFO  safemode.SCMSafeModeManager (HealthyPipelineSafeModeRule.java:process(131)) - SCM in safe mode. Healthy pipelines reported count is 0, required healthy pipeline reported count is 1
2020-03-19 17:15:51,710 [pool-713-thread-1] INFO  server.RaftServerConfigKeys (ConfUtils.java:logGet(43)) - raft.server.snapshot.auto.trigger.enabled = true (custom)
2020-03-19 17:15:51,710 [pool-713-thread-1] INFO  server.RaftServerConfigKeys (ConfUtils.java:logGet(43)) - raft.server.snapshot.auto.trigger.threshold = 10000 (custom)
2020-03-19 17:15:51,710 [pool-713-thread-1] INFO  server.RaftServerConfigKeys (ConfUtils.java:logGet(43)) - raft.server.snapshot.retention.file.num = 5 (custom)
2020-03-19 17:15:51,710 [pool-713-thread-1] INFO  server.RaftServerConfigKeys (ConfUtils.java:logGet(43)) - raft.server.retrycache.expirytime = 600000ms (custom)
2020-03-19 17:15:51,710 [pool-713-thread-1] INFO  metrics.RatisMetrics (RatisMetrics.java:lambda$create$0(39)) - Creating Metrics Registry : ratis.leader_election.e0593f1c-6b5a-4362-bc71-0b44a1bb1867@group-C4E13F1A911C
2020-03-19 17:15:51,711 [pool-713-thread-1] INFO  metrics.RatisMetrics (RatisMetrics.java:lambda$create$0(39)) - Creating Metrics Registry : ratis.server.e0593f1c-6b5a-4362-bc71-0b44a1bb1867@group-C4E13F1A911C
2020-03-19 17:15:51,712 [pool-713-thread-1] INFO  impl.RaftServerImpl (RaftServerImpl.java:start(183)) - e0593f1c-6b5a-4362-bc71-0b44a1bb1867@group-C4E13F1A911C: start as a follower, conf=-1: [e0593f1c-6b5a-4362-bc71-0b44a1bb1867:172.17.0.2:40807], old=null
2020-03-19 17:15:51,712 [pool-713-thread-1] INFO  impl.RaftServerImpl (RaftServerImpl.java:setRole(172)) - e0593f1c-6b5a-4362-bc71-0b44a1bb1867@group-C4E13F1A911C: changes role from      null to FOLLOWER at term 0 for startAsFollower
2020-03-19 17:15:51,712 [pool-713-thread-1] INFO  impl.RoleInfo (RoleInfo.java:updateAndGet(143)) - e0593f1c-6b5a-4362-bc71-0b44a1bb1867: start FollowerState
2020-03-19 17:15:51,713 [pool-713-thread-1] INFO  util.JmxRegister (JmxRegister.java:tryRegister(44)) - Successfully registered JMX Bean with object name Ratis:service=RaftServer,group=group-C4E13F1A911C,id=e0593f1c-6b5a-4362-bc71-0b44a1bb1867
2020-03-19 17:15:51,713 [pool-713-thread-1] INFO  metrics.RatisMetrics (RatisMetrics.java:lambda$create$0(39)) - Creating Metrics Registry : ratis.state_machine.e0593f1c-6b5a-4362-bc71-0b44a1bb1867@group-C4E13F1A911C
2020-03-19 17:15:51,714 [Command processor thread] INFO  commandhandler.CreatePipelineCommandHandler (CreatePipelineCommandHandler.java:handle(112)) - Created Pipeline RATIS ONE #id: "0c136d18-0887-49f8-8d8b-c4e13f1a911c"
.
2020-03-19 17:15:51,714 [Command processor thread] INFO  impl.RaftServerProxy (RaftServerProxy.java:addNew(89)) - e0593f1c-6b5a-4362-bc71-0b44a1bb1867: addNew group-F255B7A46A64:[ea97180b-f37b-4beb-ae1e-adcdfeb20d18:172.17.0.2:46245, 19601d2c-1e34-4e29-889b-b501c57f3272:172.17.0.2:33413, e0593f1c-6b5a-4362-bc71-0b44a1bb1867:172.17.0.2:40807] returns group-F255B7A46A64:java.util.concurrent.CompletableFuture@2e3ea862[Not completed]
2020-03-19 17:15:51,714 [pool-713-thread-1] INFO  impl.RaftServerImpl (RaftServerImpl.java:<init>(97)) - e0593f1c-6b5a-4362-bc71-0b44a1bb1867: new RaftServerImpl for group-F255B7A46A64:[ea97180b-f37b-4beb-ae1e-adcdfeb20d18:172.17.0.2:46245, 19601d2c-1e34-4e29-889b-b501c57f3272:172.17.0.2:33413, e0593f1c-6b5a-4362-bc71-0b44a1bb1867:172.17.0.2:40807] with ContainerStateMachine:uninitialized
2020-03-19 17:15:51,715 [pool-713-thread-1] INFO  server.RaftServerConfigKeys (ConfUtils.java:logGet(43)) - raft.server.rpc.timeout.min = 1s (custom)
2020-03-19 17:15:51,715 [pool-713-thread-1] INFO  server.RaftServerConfigKeys (ConfUtils.java:logGet(43)) - raft.server.rpc.timeout.max = 1200ms (custom)
2020-03-19 17:15:51,715 [pool-713-thread-1] INFO  server.RaftServerConfigKeys (ConfUtils.java:logGet(43)) - raft.server.rpcslowness.timeout = 300s (custom)
2020-03-19 17:15:51,715 [pool-713-thread-1] INFO  server.RaftServerConfigKeys (ConfUtils.java:logGet(43)) - raft.server.sleep.deviation.threshold = 300 (default)
2020-03-19 17:15:51,715 [pool-713-thread-1] INFO  server.RaftServerConfigKeys (ConfUtils.java:logGet(43)) - raft.server.log.appender.install.snapshot.enabled = false (custom)
2020-03-19 17:15:51,715 [pool-713-thread-1] INFO  impl.RaftServerImpl (ServerState.java:<init>(103)) - e0593f1c-6b5a-4362-bc71-0b44a1bb1867@group-F255B7A46A64: ConfigurationManager, init=-1: [ea97180b-f37b-4beb-ae1e-adcdfeb20d18:172.17.0.2:46245, 19601d2c-1e34-4e29-889b-b501c57f3272:172.17.0.2:33413, e0593f1c-6b5a-4362-bc71-0b44a1bb1867:172.17.0.2:40807], old=null, confs=<EMPTY_MAP>
2020-03-19 17:15:51,715 [pool-713-thread-1] INFO  server.RaftServerConfigKeys (ConfUtils.java:logGet(43)) - raft.server.storage.dir = [/github/workspace/hadoop-ozone/integration-test/target/test-dir/MiniOzoneClusterImpl-80293407-04bd-45a8-aeac-96ce148bba0b/datanode-0/data/ratis] (custom)
2020-03-19 17:15:51,715 [pool-713-thread-1] INFO  server.RaftServerConfigKeys (ConfUtils.java:logGet(43)) - raft.server.log.corruption.policy = EXCEPTION (default)
2020-03-19 17:15:51,715 [pool-713-thread-1] INFO  storage.RaftStorageDirectory (RaftStorageDirectory.java:analyzeStorage(253)) - The storage directory /github/workspace/hadoop-ozone/integration-test/target/test-dir/MiniOzoneClusterImpl-80293407-04bd-45a8-aeac-96ce148bba0b/datanode-0/data/ratis/22eb4e39-762b-4c78-a42b-f255b7a46a64 does not exist. Creating ...
2020-03-19 17:15:51,717 [pool-713-thread-1] INFO  storage.RaftStorageDirectory (RaftStorageDirectory.java:tryLock(335)) - Lock on /github/workspace/hadoop-ozone/integration-test/target/test-dir/MiniOzoneClusterImpl-80293407-04bd-45a8-aeac-96ce148bba0b/datanode-0/data/ratis/22eb4e39-762b-4c78-a42b-f255b7a46a64/in_use.lock acquired by nodename 2543@e39e15fa19de
2020-03-19 17:15:51,718 [pool-713-thread-1] INFO  storage.RaftStorage (RaftStorage.java:format(84)) - Storage directory /github/workspace/hadoop-ozone/integration-test/target/test-dir/MiniOzoneClusterImpl-80293407-04bd-45a8-aeac-96ce148bba0b/datanode-0/data/ratis/22eb4e39-762b-4c78-a42b-f255b7a46a64 has been successfully formatted.
2020-03-19 17:15:51,718 [pool-713-thread-1] INFO  ratis.ContainerStateMachine (ContainerStateMachine.java:loadSnapshot(233)) - group-F255B7A46A64: The snapshot info is null. Setting the last applied indexto:(t:0, i:~)
2020-03-19 17:15:51,718 [pool-713-thread-1] INFO  server.RaftServerConfigKeys (ConfUtils.java:logGet(43)) - raft.server.notification.no-leader.timeout = 60s (default)
2020-03-19 17:15:51,718 [pool-713-thread-1] INFO  server.RaftServerConfigKeys (ConfUtils.java:logGet(43)) - raft.server.log.use.memory = false (default)
2020-03-19 17:15:51,718 [pool-713-thread-1] INFO  server.RaftServerConfigKeys (ConfUtils.java:logGet(43)) - raft.server.log.purge.gap = 1000000 (custom)
2020-03-19 17:15:51,718 [pool-713-thread-1] INFO  server.RaftServerConfigKeys (ConfUtils.java:logGet(43)) - raft.server.log.appender.buffer.byte-limit = 33554432 (custom)
2020-03-19 17:15:51,719 [pool-713-thread-1] INFO  server.RaftServerConfigKeys (ConfUtils.java:logGet(43)) - raft.server.log.segment.size.max = 1048576 (custom)
2020-03-19 17:15:51,719 [pool-713-thread-1] INFO  server.RaftServerConfigKeys (ConfUtils.java:logGet(43)) - raft.server.log.segment.cache.num.max = 2 (custom)
2020-03-19 17:15:51,719 [pool-713-thread-1] INFO  segmented.SegmentedRaftLogWorker (SegmentedRaftLogWorker.java:<init>(176)) - new e0593f1c-6b5a-4362-bc71-0b44a1bb1867@group-F255B7A46A64-SegmentedRaftLogWorker for RaftStorage:Storage Directory /github/workspace/hadoop-ozone/integration-test/target/test-dir/MiniOzoneClusterImpl-80293407-04bd-45a8-aeac-96ce148bba0b/datanode-0/data/ratis/22eb4e39-762b-4c78-a42b-f255b7a46a64
2020-03-19 17:15:51,719 [pool-713-thread-1] INFO  server.RaftServerConfigKeys (ConfUtils.java:logGet(43)) - raft.server.log.queue.byte-limit = 2147483647 (custom)
2020-03-19 17:15:51,719 [pool-713-thread-1] INFO  server.RaftServerConfigKeys (ConfUtils.java:logGet(43)) - raft.server.log.queue.element-limit = 1024 (custom)
2020-03-19 17:15:51,719 [pool-713-thread-1] INFO  server.RaftServerConfigKeys (ConfUtils.java:logGet(43)) - raft.server.log.segment.size.max = 1048576 (custom)
2020-03-19 17:15:51,719 [pool-713-thread-1] INFO  server.RaftServerConfigKeys (ConfUtils.java:logGet(43)) - raft.server.log.preallocated.size = 16384 (custom)
2020-03-19 17:15:51,719 [pool-713-thread-1] INFO  server.RaftServerConfigKeys (ConfUtils.java:logGet(43)) - raft.server.log.write.buffer.size = 1048576 (custom)
2020-03-19 17:15:51,719 [pool-713-thread-1] INFO  server.RaftServerConfigKeys (ConfUtils.java:logGet(43)) - raft.server.log.force.sync.num = 128 (default)
2020-03-19 17:15:51,719 [pool-713-thread-1] INFO  server.RaftServerConfigKeys (ConfUtils.java:logGet(43)) - raft.server.log.statemachine.data.sync = true (default)
2020-03-19 17:15:51,719 [pool-713-thread-1] INFO  server.RaftServerConfigKeys (ConfUtils.java:logGet(43)) - raft.server.log.statemachine.data.sync.timeout = 10s (default)
2020-03-19 17:15:51,719 [pool-713-thread-1] INFO  server.RaftServerConfigKeys (ConfUtils.java:logGet(43)) - raft.server.log.statemachine.data.sync.timeout.retry = -1 (default)
2020-03-19 17:15:51,720 [pool-713-thread-1] INFO  server.RaftServerConfigKeys (ConfUtils.java:logGet(43)) - raft.server.log.statemachine.data.caching.enabled = true (custom)
2020-03-19 17:15:51,720 [pool-713-thread-1] INFO  segmented.SegmentedRaftLogWorker (SegmentedRaftLogWorker.java:lambda$new$0(129)) - e0593f1c-6b5a-4362-bc71-0b44a1bb1867@group-F255B7A46A64-SegmentedRaftLogWorker: flushIndex: setUnconditionally 0 -> -1
2020-03-19 17:15:51,720 [pool-713-thread-1] INFO  server.RaftServerConfigKeys (ConfUtils.java:logGet(43)) - raft.server.snapshot.auto.trigger.enabled = true (custom)
2020-03-19 17:15:51,720 [pool-713-thread-1] INFO  server.RaftServerConfigKeys (ConfUtils.java:logGet(43)) - raft.server.snapshot.auto.trigger.threshold = 10000 (custom)
2020-03-19 17:15:51,720 [pool-713-thread-1] INFO  server.RaftServerConfigKeys (ConfUtils.java:logGet(43)) - raft.server.snapshot.retention.file.num = 5 (custom)
2020-03-19 17:15:51,720 [pool-713-thread-1] INFO  server.RaftServerConfigKeys (ConfUtils.java:logGet(43)) - raft.server.retrycache.expirytime = 600000ms (custom)
2020-03-19 17:15:51,721 [pool-713-thread-1] INFO  metrics.RatisMetrics (RatisMetrics.java:lambda$create$0(39)) - Creating Metrics Registry : ratis.leader_election.e0593f1c-6b5a-4362-bc71-0b44a1bb1867@group-F255B7A46A64
2020-03-19 17:15:51,721 [pool-713-thread-1] INFO  metrics.RatisMetrics (RatisMetrics.java:lambda$create$0(39)) - Creating Metrics Registry : ratis.server.e0593f1c-6b5a-4362-bc71-0b44a1bb1867@group-F255B7A46A64
2020-03-19 17:15:51,722 [pool-713-thread-1] INFO  impl.RaftServerImpl (RaftServerImpl.java:start(183)) - e0593f1c-6b5a-4362-bc71-0b44a1bb1867@group-F255B7A46A64: start as a follower, conf=-1: [ea97180b-f37b-4beb-ae1e-adcdfeb20d18:172.17.0.2:46245, 19601d2c-1e34-4e29-889b-b501c57f3272:172.17.0.2:33413, e0593f1c-6b5a-4362-bc71-0b44a1bb1867:172.17.0.2:40807], old=null
2020-03-19 17:15:51,722 [pool-713-thread-1] INFO  impl.RaftServerImpl (RaftServerImpl.java:setRole(172)) - e0593f1c-6b5a-4362-bc71-0b44a1bb1867@group-F255B7A46A64: changes role from      null to FOLLOWER at term 0 for startAsFollower
2020-03-19 17:15:51,722 [pool-713-thread-1] INFO  impl.RoleInfo (RoleInfo.java:updateAndGet(143)) - e0593f1c-6b5a-4362-bc71-0b44a1bb1867: start FollowerState
2020-03-19 17:15:51,722 [pool-713-thread-1] INFO  util.JmxRegister (JmxRegister.java:tryRegister(44)) - Successfully registered JMX Bean with object name Ratis:service=RaftServer,group=group-F255B7A46A64,id=e0593f1c-6b5a-4362-bc71-0b44a1bb1867
2020-03-19 17:15:51,722 [pool-713-thread-1] INFO  metrics.RatisMetrics (RatisMetrics.java:lambda$create$0(39)) - Creating Metrics Registry : ratis.state_machine.e0593f1c-6b5a-4362-bc71-0b44a1bb1867@group-F255B7A46A64
2020-03-19 17:15:51,731 [grpc-default-executor-1] INFO  impl.RaftServerProxy (RaftServerProxy.java:addNew(89)) - 19601d2c-1e34-4e29-889b-b501c57f3272: addNew group-F255B7A46A64:[ea97180b-f37b-4beb-ae1e-adcdfeb20d18:172.17.0.2:46245, 19601d2c-1e34-4e29-889b-b501c57f3272:172.17.0.2:33413, e0593f1c-6b5a-4362-bc71-0b44a1bb1867:172.17.0.2:40807] returns group-F255B7A46A64:java.util.concurrent.CompletableFuture@6769538c[Not completed]
2020-03-19 17:15:51,732 [pool-728-thread-1] INFO  impl.RaftServerImpl (RaftServerImpl.java:<init>(97)) - 19601d2c-1e34-4e29-889b-b501c57f3272: new RaftServerImpl for group-F255B7A46A64:[ea97180b-f37b-4beb-ae1e-adcdfeb20d18:172.17.0.2:46245, 19601d2c-1e34-4e29-889b-b501c57f3272:172.17.0.2:33413, e0593f1c-6b5a-4362-bc71-0b44a1bb1867:172.17.0.2:40807] with ContainerStateMachine:uninitialized
2020-03-19 17:15:51,732 [pool-728-thread-1] INFO  server.RaftServerConfigKeys (ConfUtils.java:logGet(43)) - raft.server.rpc.timeout.min = 1s (custom)
2020-03-19 17:15:51,732 [pool-728-thread-1] INFO  server.RaftServerConfigKeys (ConfUtils.java:logGet(43)) - raft.server.rpc.timeout.max = 1200ms (custom)
2020-03-19 17:15:51,732 [pool-728-thread-1] INFO  server.RaftServerConfigKeys (ConfUtils.java:logGet(43)) - raft.server.rpcslowness.timeout = 300s (custom)
2020-03-19 17:15:51,732 [pool-728-thread-1] INFO  server.RaftServerConfigKeys (ConfUtils.java:logGet(43)) - raft.server.sleep.deviation.threshold = 300 (default)
2020-03-19 17:15:51,732 [pool-728-thread-1] INFO  server.RaftServerConfigKeys (ConfUtils.java:logGet(43)) - raft.server.log.appender.install.snapshot.enabled = false (custom)
2020-03-19 17:15:51,732 [pool-728-thread-1] INFO  impl.RaftServerImpl (ServerState.java:<init>(103)) - 19601d2c-1e34-4e29-889b-b501c57f3272@group-F255B7A46A64: ConfigurationManager, init=-1: [ea97180b-f37b-4beb-ae1e-adcdfeb20d18:172.17.0.2:46245, 19601d2c-1e34-4e29-889b-b501c57f3272:172.17.0.2:33413, e0593f1c-6b5a-4362-bc71-0b44a1bb1867:172.17.0.2:40807], old=null, confs=<EMPTY_MAP>
2020-03-19 17:15:51,732 [pool-728-thread-1] INFO  server.RaftServerConfigKeys (ConfUtils.java:logGet(43)) - raft.server.storage.dir = [/github/workspace/hadoop-ozone/integration-test/target/test-dir/MiniOzoneClusterImpl-80293407-04bd-45a8-aeac-96ce148bba0b/datanode-1/data/ratis] (custom)
2020-03-19 17:15:51,733 [pool-728-thread-1] INFO  server.RaftServerConfigKeys (ConfUtils.java:logGet(43)) - raft.server.log.corruption.policy = EXCEPTION (default)
2020-03-19 17:15:51,733 [pool-728-thread-1] INFO  storage.RaftStorageDirectory (RaftStorageDirectory.java:analyzeStorage(253)) - The storage directory /github/workspace/hadoop-ozone/integration-test/target/test-dir/MiniOzoneClusterImpl-80293407-04bd-45a8-aeac-96ce148bba0b/datanode-1/data/ratis/22eb4e39-762b-4c78-a42b-f255b7a46a64 does not exist. Creating ...
2020-03-19 17:15:51,734 [pool-728-thread-1] INFO  storage.RaftStorageDirectory (RaftStorageDirectory.java:tryLock(335)) - Lock on /github/workspace/hadoop-ozone/integration-test/target/test-dir/MiniOzoneClusterImpl-80293407-04bd-45a8-aeac-96ce148bba0b/datanode-1/data/ratis/22eb4e39-762b-4c78-a42b-f255b7a46a64/in_use.lock acquired by nodename 2543@e39e15fa19de
2020-03-19 17:15:51,734 [pool-728-thread-1] INFO  storage.RaftStorage (RaftStorage.java:format(84)) - Storage directory /github/workspace/hadoop-ozone/integration-test/target/test-dir/MiniOzoneClusterImpl-80293407-04bd-45a8-aeac-96ce148bba0b/datanode-1/data/ratis/22eb4e39-762b-4c78-a42b-f255b7a46a64 has been successfully formatted.
2020-03-19 17:15:51,735 [pool-728-thread-1] INFO  ratis.ContainerStateMachine (ContainerStateMachine.java:loadSnapshot(233)) - group-F255B7A46A64: The snapshot info is null. Setting the last applied indexto:(t:0, i:~)
2020-03-19 17:15:51,735 [pool-728-thread-1] INFO  server.RaftServerConfigKeys (ConfUtils.java:logGet(43)) - raft.server.notification.no-leader.timeout = 60s (default)
2020-03-19 17:15:51,735 [pool-728-thread-1] INFO  server.RaftServerConfigKeys (ConfUtils.java:logGet(43)) - raft.server.log.use.memory = false (default)
2020-03-19 17:15:51,736 [pool-728-thread-1] INFO  server.RaftServerConfigKeys (ConfUtils.java:logGet(43)) - raft.server.log.purge.gap = 1000000 (custom)
2020-03-19 17:15:51,736 [pool-728-thread-1] INFO  server.RaftServerConfigKeys (ConfUtils.java:logGet(43)) - raft.server.log.appender.buffer.byte-limit = 33554432 (custom)
2020-03-19 17:15:51,736 [pool-728-thread-1] INFO  server.RaftServerConfigKeys (ConfUtils.java:logGet(43)) - raft.server.log.segment.size.max = 1048576 (custom)
2020-03-19 17:15:51,736 [pool-728-thread-1] INFO  metrics.RatisMetrics (RatisMetrics.java:lambda$create$0(39)) - Creating Metrics Registry : ratis.log_worker.19601d2c-1e34-4e29-889b-b501c57f3272
2020-03-19 17:15:51,736 [pool-728-thread-1] INFO  server.RaftServerConfigKeys (ConfUtils.java:logGet(43)) - raft.server.log.segment.cache.num.max = 2 (custom)
2020-03-19 17:15:51,736 [pool-728-thread-1] INFO  segmented.SegmentedRaftLogWorker (SegmentedRaftLogWorker.java:<init>(176)) - new 19601d2c-1e34-4e29-889b-b501c57f3272@group-F255B7A46A64-SegmentedRaftLogWorker for RaftStorage:Storage Directory /github/workspace/hadoop-ozone/integration-test/target/test-dir/MiniOzoneClusterImpl-80293407-04bd-45a8-aeac-96ce148bba0b/datanode-1/data/ratis/22eb4e39-762b-4c78-a42b-f255b7a46a64
2020-03-19 17:15:51,736 [pool-728-thread-1] INFO  server.RaftServerConfigKeys (ConfUtils.java:logGet(43)) - raft.server.log.queue.byte-limit = 2147483647 (custom)
2020-03-19 17:15:51,737 [pool-728-thread-1] INFO  server.RaftServerConfigKeys (ConfUtils.java:logGet(43)) - raft.server.log.queue.element-limit = 1024 (custom)
2020-03-19 17:15:51,737 [pool-728-thread-1] INFO  server.RaftServerConfigKeys (ConfUtils.java:logGet(43)) - raft.server.log.segment.size.max = 1048576 (custom)
2020-03-19 17:15:51,737 [pool-728-thread-1] INFO  server.RaftServerConfigKeys (ConfUtils.java:logGet(43)) - raft.server.log.preallocated.size = 16384 (custom)
2020-03-19 17:15:51,737 [pool-728-thread-1] INFO  server.RaftServerConfigKeys (ConfUtils.java:logGet(43)) - raft.server.log.write.buffer.size = 1048576 (custom)
2020-03-19 17:15:51,737 [pool-728-thread-1] INFO  server.RaftServerConfigKeys (ConfUtils.java:logGet(43)) - raft.server.log.force.sync.num = 128 (default)
2020-03-19 17:15:51,737 [pool-728-thread-1] INFO  server.RaftServerConfigKeys (ConfUtils.java:logGet(43)) - raft.server.log.statemachine.data.sync = true (default)
2020-03-19 17:15:51,737 [pool-728-thread-1] INFO  server.RaftServerConfigKeys (ConfUtils.java:logGet(43)) - raft.server.log.statemachine.data.sync.timeout = 10s (default)
2020-03-19 17:15:51,737 [pool-728-thread-1] INFO  server.RaftServerConfigKeys (ConfUtils.java:logGet(43)) - raft.server.log.statemachine.data.sync.timeout.retry = -1 (default)
2020-03-19 17:15:51,739 [pool-728-thread-1] INFO  server.RaftServerConfigKeys (ConfUtils.java:logGet(43)) - raft.server.log.statemachine.data.caching.enabled = true (custom)
2020-03-19 17:15:51,739 [pool-728-thread-1] INFO  segmented.SegmentedRaftLogWorker (SegmentedRaftLogWorker.java:lambda$new$0(129)) - 19601d2c-1e34-4e29-889b-b501c57f3272@group-F255B7A46A64-SegmentedRaftLogWorker: flushIndex: setUnconditionally 0 -> -1
2020-03-19 17:15:51,741 [pool-728-thread-1] INFO  server.RaftServerConfigKeys (ConfUtils.java:logGet(43)) - raft.server.snapshot.auto.trigger.enabled = true (custom)
2020-03-19 17:15:51,741 [pool-728-thread-1] INFO  server.RaftServerConfigKeys (ConfUtils.java:logGet(43)) - raft.server.snapshot.auto.trigger.threshold = 10000 (custom)
2020-03-19 17:15:51,741 [pool-728-thread-1] INFO  server.RaftServerConfigKeys (ConfUtils.java:logGet(43)) - raft.server.snapshot.retention.file.num = 5 (custom)
2020-03-19 17:15:51,741 [pool-728-thread-1] INFO  server.RaftServerConfigKeys (ConfUtils.java:logGet(43)) - raft.server.retrycache.expirytime = 600000ms (custom)
2020-03-19 17:15:51,741 [pool-728-thread-1] INFO  metrics.RatisMetrics (RatisMetrics.java:lambda$create$0(39)) - Creating Metrics Registry : ratis.leader_election.19601d2c-1e34-4e29-889b-b501c57f3272@group-F255B7A46A64
2020-03-19 17:15:51,742 [pool-728-thread-1] INFO  metrics.RatisMetrics (RatisMetrics.java:lambda$create$0(39)) - Creating Metrics Registry : ratis.server.19601d2c-1e34-4e29-889b-b501c57f3272@group-F255B7A46A64
2020-03-19 17:15:51,742 [pool-728-thread-1] INFO  impl.RaftServerImpl (RaftServerImpl.java:start(183)) - 19601d2c-1e34-4e29-889b-b501c57f3272@group-F255B7A46A64: start as a follower, conf=-1: [ea97180b-f37b-4beb-ae1e-adcdfeb20d18:172.17.0.2:46245, 19601d2c-1e34-4e29-889b-b501c57f3272:172.17.0.2:33413, e0593f1c-6b5a-4362-bc71-0b44a1bb1867:172.17.0.2:40807], old=null
2020-03-19 17:15:51,742 [pool-728-thread-1] INFO  impl.RaftServerImpl (RaftServerImpl.java:setRole(172)) - 19601d2c-1e34-4e29-889b-b501c57f3272@group-F255B7A46A64: changes role from      null to FOLLOWER at term 0 for startAsFollower
2020-03-19 17:15:51,742 [pool-728-thread-1] INFO  impl.RoleInfo (RoleInfo.java:updateAndGet(143)) - 19601d2c-1e34-4e29-889b-b501c57f3272: start FollowerState
2020-03-19 17:15:51,743 [pool-728-thread-1] INFO  util.JmxRegister (JmxRegister.java:tryRegister(44)) - Successfully registered JMX Bean with object name Ratis:service=RaftServer,group=group-F255B7A46A64,id=19601d2c-1e34-4e29-889b-b501c57f3272
2020-03-19 17:15:51,743 [pool-728-thread-1] INFO  metrics.RatisMetrics (RatisMetrics.java:lambda$create$0(39)) - Creating Metrics Registry : ratis.state_machine.19601d2c-1e34-4e29-889b-b501c57f3272@group-F255B7A46A64
2020-03-19 17:15:51,751 [Command processor thread] INFO  impl.RaftServerProxy (RaftServerProxy.java:addNew(89)) - 19601d2c-1e34-4e29-889b-b501c57f3272: addNew group-60C9B52A9161:[19601d2c-1e34-4e29-889b-b501c57f3272:172.17.0.2:33413] returns group-60C9B52A9161:java.util.concurrent.CompletableFuture@5ff0fcb8[Not completed]
2020-03-19 17:15:51,752 [pool-728-thread-1] INFO  impl.RaftServerImpl (RaftServerImpl.java:<init>(97)) - 19601d2c-1e34-4e29-889b-b501c57f3272: new RaftServerImpl for group-60C9B52A9161:[19601d2c-1e34-4e29-889b-b501c57f3272:172.17.0.2:33413] with ContainerStateMachine:uninitialized
2020-03-19 17:15:51,752 [pool-728-thread-1] INFO  server.RaftServerConfigKeys (ConfUtils.java:logGet(43)) - raft.server.rpc.timeout.min = 1s (custom)
2020-03-19 17:15:51,752 [pool-728-thread-1] INFO  server.RaftServerConfigKeys (ConfUtils.java:logGet(43)) - raft.server.rpc.timeout.max = 1200ms (custom)
2020-03-19 17:15:51,752 [pool-728-thread-1] INFO  server.RaftServerConfigKeys (ConfUtils.java:logGet(43)) - raft.server.rpcslowness.timeout = 300s (custom)
2020-03-19 17:15:51,752 [pool-728-thread-1] INFO  server.RaftServerConfigKeys (ConfUtils.java:logGet(43)) - raft.server.sleep.deviation.threshold = 300 (default)
2020-03-19 17:15:51,752 [pool-728-thread-1] INFO  server.RaftServerConfigKeys (ConfUtils.java:logGet(43)) - raft.server.log.appender.install.snapshot.enabled = false (custom)
2020-03-19 17:15:51,752 [pool-728-thread-1] INFO  impl.RaftServerImpl (ServerState.java:<init>(103)) - 19601d2c-1e34-4e29-889b-b501c57f3272@group-60C9B52A9161: ConfigurationManager, init=-1: [19601d2c-1e34-4e29-889b-b501c57f3272:172.17.0.2:33413], old=null, confs=<EMPTY_MAP>
2020-03-19 17:15:51,752 [pool-728-thread-1] INFO  server.RaftServerConfigKeys (ConfUtils.java:logGet(43)) - raft.server.storage.dir = [/github/workspace/hadoop-ozone/integration-test/target/test-dir/MiniOzoneClusterImpl-80293407-04bd-45a8-aeac-96ce148bba0b/datanode-1/data/ratis] (custom)
2020-03-19 17:15:51,752 [pool-728-thread-1] INFO  server.RaftServerConfigKeys (ConfUtils.java:logGet(43)) - raft.server.log.corruption.policy = EXCEPTION (default)
2020-03-19 17:15:51,752 [pool-728-thread-1] INFO  storage.RaftStorageDirectory (RaftStorageDirectory.java:analyzeStorage(253)) - The storage directory /github/workspace/hadoop-ozone/integration-test/target/test-dir/MiniOzoneClusterImpl-80293407-04bd-45a8-aeac-96ce148bba0b/datanode-1/data/ratis/5bac38eb-2be8-4bf3-a07d-60c9b52a9161 does not exist. Creating ...
2020-03-19 17:15:51,754 [pool-728-thread-1] INFO  storage.RaftStorageDirectory (RaftStorageDirectory.java:tryLock(335)) - Lock on /github/workspace/hadoop-ozone/integration-test/target/test-dir/MiniOzoneClusterImpl-80293407-04bd-45a8-aeac-96ce148bba0b/datanode-1/data/ratis/5bac38eb-2be8-4bf3-a07d-60c9b52a9161/in_use.lock acquired by nodename 2543@e39e15fa19de
2020-03-19 17:15:51,755 [pool-728-thread-1] INFO  storage.RaftStorage (RaftStorage.java:format(84)) - Storage directory /github/workspace/hadoop-ozone/integration-test/target/test-dir/MiniOzoneClusterImpl-80293407-04bd-45a8-aeac-96ce148bba0b/datanode-1/data/ratis/5bac38eb-2be8-4bf3-a07d-60c9b52a9161 has been successfully formatted.
2020-03-19 17:15:51,760 [pool-728-thread-1] INFO  ratis.ContainerStateMachine (ContainerStateMachine.java:loadSnapshot(233)) - group-60C9B52A9161: The snapshot info is null. Setting the last applied indexto:(t:0, i:~)
2020-03-19 17:15:51,761 [pool-728-thread-1] INFO  server.RaftServerConfigKeys (ConfUtils.java:logGet(43)) - raft.server.notification.no-leader.timeout = 60s (default)
2020-03-19 17:15:51,761 [pool-728-thread-1] INFO  server.RaftServerConfigKeys (ConfUtils.java:logGet(43)) - raft.server.log.use.memory = false (default)
2020-03-19 17:15:51,761 [pool-728-thread-1] INFO  server.RaftServerConfigKeys (ConfUtils.java:logGet(43)) - raft.server.log.purge.gap = 1000000 (custom)
2020-03-19 17:15:51,761 [pool-728-thread-1] INFO  server.RaftServerConfigKeys (ConfUtils.java:logGet(43)) - raft.server.log.appender.buffer.byte-limit = 33554432 (custom)
2020-03-19 17:15:51,761 [pool-728-thread-1] INFO  server.RaftServerConfigKeys (ConfUtils.java:logGet(43)) - raft.server.log.segment.size.max = 1048576 (custom)
2020-03-19 17:15:51,761 [pool-728-thread-1] INFO  server.RaftServerConfigKeys (ConfUtils.java:logGet(43)) - raft.server.log.segment.cache.num.max = 2 (custom)
2020-03-19 17:15:51,761 [pool-728-thread-1] INFO  segmented.SegmentedRaftLogWorker (SegmentedRaftLogWorker.java:<init>(176)) - new 19601d2c-1e34-4e29-889b-b501c57f3272@group-60C9B52A9161-SegmentedRaftLogWorker for RaftStorage:Storage Directory /github/workspace/hadoop-ozone/integration-test/target/test-dir/MiniOzoneClusterImpl-80293407-04bd-45a8-aeac-96ce148bba0b/datanode-1/data/ratis/5bac38eb-2be8-4bf3-a07d-60c9b52a9161
2020-03-19 17:15:51,761 [pool-728-thread-1] INFO  server.RaftServerConfigKeys (ConfUtils.java:logGet(43)) - raft.server.log.queue.byte-limit = 2147483647 (custom)
2020-03-19 17:15:51,761 [pool-728-thread-1] INFO  server.RaftServerConfigKeys (ConfUtils.java:logGet(43)) - raft.server.log.queue.element-limit = 1024 (custom)
2020-03-19 17:15:51,761 [pool-728-thread-1] INFO  server.RaftServerConfigKeys (ConfUtils.java:logGet(43)) - raft.server.log.segment.size.max = 1048576 (custom)
2020-03-19 17:15:51,761 [pool-728-thread-1] INFO  server.RaftServerConfigKeys (ConfUtils.java:logGet(43)) - raft.server.log.preallocated.size = 16384 (custom)
2020-03-19 17:15:51,761 [pool-728-thread-1] INFO  server.RaftServerConfigKeys (ConfUtils.java:logGet(43)) - raft.server.log.write.buffer.size = 1048576 (custom)
2020-03-19 17:15:51,761 [pool-728-thread-1] INFO  server.RaftServerConfigKeys (ConfUtils.java:logGet(43)) - raft.server.log.force.sync.num = 128 (default)
2020-03-19 17:15:51,761 [pool-728-thread-1] INFO  server.RaftServerConfigKeys (ConfUtils.java:logGet(43)) - raft.server.log.statemachine.data.sync = true (default)
2020-03-19 17:15:51,761 [pool-728-thread-1] INFO  server.RaftServerConfigKeys (ConfUtils.java:logGet(43)) - raft.server.log.statemachine.data.sync.timeout = 10s (default)
2020-03-19 17:15:51,761 [pool-728-thread-1] INFO  server.RaftServerConfigKeys (ConfUtils.java:logGet(43)) - raft.server.log.statemachine.data.sync.timeout.retry = -1 (default)
2020-03-19 17:15:51,762 [pool-728-thread-1] INFO  server.RaftServerConfigKeys (ConfUtils.java:logGet(43)) - raft.server.log.statemachine.data.caching.enabled = true (custom)
2020-03-19 17:15:51,762 [pool-728-thread-1] INFO  segmented.SegmentedRaftLogWorker (SegmentedRaftLogWorker.java:lambda$new$0(129)) - 19601d2c-1e34-4e29-889b-b501c57f3272@group-60C9B52A9161-SegmentedRaftLogWorker: flushIndex: setUnconditionally 0 -> -1
2020-03-19 17:15:51,762 [EventQueue-PipelineReportForPipelineReportHandler] INFO  pipeline.PipelineStateManager (PipelineStateManager.java:openPipeline(131)) - Pipeline Pipeline[ Id: 5bac38eb-2be8-4bf3-a07d-60c9b52a9161, Nodes: 19601d2c-1e34-4e29-889b-b501c57f3272{ip: 172.17.0.2, host: e39e15fa19de, networkLocation: /rack1, certSerialId: null}, Type:RATIS, Factor:ONE, State:ALLOCATED, leaderId:19601d2c-1e34-4e29-889b-b501c57f3272, CreationTimestamp2020-03-19T17:15:48.751Z] moved to OPEN state
2020-03-19 17:15:51,763 [pool-728-thread-1] INFO  server.RaftServerConfigKeys (ConfUtils.java:logGet(43)) - raft.server.snapshot.auto.trigger.enabled = true (custom)
2020-03-19 17:15:51,763 [pool-728-thread-1] INFO  server.RaftServerConfigKeys (ConfUtils.java:logGet(43)) - raft.server.snapshot.auto.trigger.threshold = 10000 (custom)
2020-03-19 17:15:51,763 [pool-728-thread-1] INFO  server.RaftServerConfigKeys (ConfUtils.java:logGet(43)) - raft.server.snapshot.retention.file.num = 5 (custom)
2020-03-19 17:15:51,763 [pool-728-thread-1] INFO  server.RaftServerConfigKeys (ConfUtils.java:logGet(43)) - raft.server.retrycache.expirytime = 600000ms (custom)
2020-03-19 17:15:51,763 [pool-728-thread-1] INFO  metrics.RatisMetrics (RatisMetrics.java:lambda$create$0(39)) - Creating Metrics Registry : ratis.leader_election.19601d2c-1e34-4e29-889b-b501c57f3272@group-60C9B52A9161
2020-03-19 17:15:51,763 [EventQueue-OpenPipelineForOneReplicaPipelineSafeModeRule] INFO  safemode.SCMSafeModeManager (SCMSafeModeManager.java:validateSafeModeExitRules(175)) - AtleastOneDatanodeReportedRule rule is successfully validated
2020-03-19 17:15:51,763 [pool-728-thread-1] INFO  metrics.RatisMetrics (RatisMetrics.java:lambda$create$0(39)) - Creating Metrics Registry : ratis.server.19601d2c-1e34-4e29-889b-b501c57f3272@group-60C9B52A9161
2020-03-19 17:15:51,764 [pool-728-thread-1] INFO  impl.RaftServerImpl (RaftServerImpl.java:start(183)) - 19601d2c-1e34-4e29-889b-b501c57f3272@group-60C9B52A9161: start as a follower, conf=-1: [19601d2c-1e34-4e29-889b-b501c57f3272:172.17.0.2:33413], old=null
2020-03-19 17:15:51,764 [pool-728-thread-1] INFO  impl.RaftServerImpl (RaftServerImpl.java:setRole(172)) - 19601d2c-1e34-4e29-889b-b501c57f3272@group-60C9B52A9161: changes role from      null to FOLLOWER at term 0 for startAsFollower
2020-03-19 17:15:51,764 [pool-728-thread-1] INFO  impl.RoleInfo (RoleInfo.java:updateAndGet(143)) - 19601d2c-1e34-4e29-889b-b501c57f3272: start FollowerState
2020-03-19 17:15:51,764 [EventQueue-OpenPipelineForHealthyPipelineSafeModeRule] INFO  safemode.SCMSafeModeManager (HealthyPipelineSafeModeRule.java:process(131)) - SCM in safe mode. Healthy pipelines reported count is 0, required healthy pipeline reported count is 1
2020-03-19 17:15:51,764 [pool-728-thread-1] INFO  util.JmxRegister (JmxRegister.java:tryRegister(44)) - Successfully registered JMX Bean with object name Ratis:service=RaftServer,group=group-60C9B52A9161,id=19601d2c-1e34-4e29-889b-b501c57f3272
2020-03-19 17:15:51,764 [pool-728-thread-1] INFO  metrics.RatisMetrics (RatisMetrics.java:lambda$create$0(39)) - Creating Metrics Registry : ratis.state_machine.19601d2c-1e34-4e29-889b-b501c57f3272@group-60C9B52A9161
2020-03-19 17:15:51,779 [Command processor thread] INFO  commandhandler.CreatePipelineCommandHandler (CreatePipelineCommandHandler.java:handle(112)) - Created Pipeline RATIS ONE #id: "5bac38eb-2be8-4bf3-a07d-60c9b52a9161"
.
2020-03-19 17:15:51,779 [grpc-default-executor-1] INFO  impl.RaftServerProxy (RaftServerProxy.java:addNew(89)) - ea97180b-f37b-4beb-ae1e-adcdfeb20d18: addNew group-F255B7A46A64:[ea97180b-f37b-4beb-ae1e-adcdfeb20d18:172.17.0.2:46245, 19601d2c-1e34-4e29-889b-b501c57f3272:172.17.0.2:33413, e0593f1c-6b5a-4362-bc71-0b44a1bb1867:172.17.0.2:40807] returns group-F255B7A46A64:java.util.concurrent.CompletableFuture@59eb2617[Not completed]
2020-03-19 17:15:51,780 [pool-743-thread-1] INFO  impl.RaftServerImpl (RaftServerImpl.java:<init>(97)) - ea97180b-f37b-4beb-ae1e-adcdfeb20d18: new RaftServerImpl for group-F255B7A46A64:[ea97180b-f37b-4beb-ae1e-adcdfeb20d18:172.17.0.2:46245, 19601d2c-1e34-4e29-889b-b501c57f3272:172.17.0.2:33413, e0593f1c-6b5a-4362-bc71-0b44a1bb1867:172.17.0.2:40807] with ContainerStateMachine:uninitialized
2020-03-19 17:15:51,780 [pool-743-thread-1] INFO  server.RaftServerConfigKeys (ConfUtils.java:logGet(43)) - raft.server.rpc.timeout.min = 1s (custom)
2020-03-19 17:15:51,780 [pool-743-thread-1] INFO  server.RaftServerConfigKeys (ConfUtils.java:logGet(43)) - raft.server.rpc.timeout.max = 1200ms (custom)
2020-03-19 17:15:51,780 [pool-743-thread-1] INFO  server.RaftServerConfigKeys (ConfUtils.java:logGet(43)) - raft.server.rpcslowness.timeout = 300s (custom)
2020-03-19 17:15:51,780 [pool-743-thread-1] INFO  server.RaftServerConfigKeys (ConfUtils.java:logGet(43)) - raft.server.sleep.deviation.threshold = 300 (default)
2020-03-19 17:15:51,780 [pool-743-thread-1] INFO  server.RaftServerConfigKeys (ConfUtils.java:logGet(43)) - raft.server.log.appender.install.snapshot.enabled = false (custom)
2020-03-19 17:15:51,780 [pool-743-thread-1] INFO  impl.RaftServerImpl (ServerState.java:<init>(103)) - ea97180b-f37b-4beb-ae1e-adcdfeb20d18@group-F255B7A46A64: ConfigurationManager, init=-1: [ea97180b-f37b-4beb-ae1e-adcdfeb20d18:172.17.0.2:46245, 19601d2c-1e34-4e29-889b-b501c57f3272:172.17.0.2:33413, e0593f1c-6b5a-4362-bc71-0b44a1bb1867:172.17.0.2:40807], old=null, confs=<EMPTY_MAP>
2020-03-19 17:15:51,780 [pool-743-thread-1] INFO  server.RaftServerConfigKeys (ConfUtils.java:logGet(43)) - raft.server.storage.dir = [/github/workspace/hadoop-ozone/integration-test/target/test-dir/MiniOzoneClusterImpl-80293407-04bd-45a8-aeac-96ce148bba0b/datanode-2/data/ratis] (custom)
2020-03-19 17:15:51,781 [pool-743-thread-1] INFO  server.RaftServerConfigKeys (ConfUtils.java:logGet(43)) - raft.server.log.corruption.policy = EXCEPTION (default)
2020-03-19 17:15:51,781 [pool-743-thread-1] INFO  storage.RaftStorageDirectory (RaftStorageDirectory.java:analyzeStorage(253)) - The storage directory /github/workspace/hadoop-ozone/integration-test/target/test-dir/MiniOzoneClusterImpl-80293407-04bd-45a8-aeac-96ce148bba0b/datanode-2/data/ratis/22eb4e39-762b-4c78-a42b-f255b7a46a64 does not exist. Creating ...
2020-03-19 17:15:51,782 [pool-743-thread-1] INFO  storage.RaftStorageDirectory (RaftStorageDirectory.java:tryLock(335)) - Lock on /github/workspace/hadoop-ozone/integration-test/target/test-dir/MiniOzoneClusterImpl-80293407-04bd-45a8-aeac-96ce148bba0b/datanode-2/data/ratis/22eb4e39-762b-4c78-a42b-f255b7a46a64/in_use.lock acquired by nodename 2543@e39e15fa19de
2020-03-19 17:15:51,782 [pool-743-thread-1] INFO  storage.RaftStorage (RaftStorage.java:format(84)) - Storage directory /github/workspace/hadoop-ozone/integration-test/target/test-dir/MiniOzoneClusterImpl-80293407-04bd-45a8-aeac-96ce148bba0b/datanode-2/data/ratis/22eb4e39-762b-4c78-a42b-f255b7a46a64 has been successfully formatted.
2020-03-19 17:15:51,783 [pool-743-thread-1] INFO  ratis.ContainerStateMachine (ContainerStateMachine.java:loadSnapshot(233)) - group-F255B7A46A64: The snapshot info is null. Setting the last applied indexto:(t:0, i:~)
2020-03-19 17:15:51,783 [pool-743-thread-1] INFO  server.RaftServerConfigKeys (ConfUtils.java:logGet(43)) - raft.server.notification.no-leader.timeout = 60s (default)
2020-03-19 17:15:51,783 [pool-743-thread-1] INFO  server.RaftServerConfigKeys (ConfUtils.java:logGet(43)) - raft.server.log.use.memory = false (default)
2020-03-19 17:15:51,784 [pool-743-thread-1] INFO  server.RaftServerConfigKeys (ConfUtils.java:logGet(43)) - raft.server.log.purge.gap = 1000000 (custom)
2020-03-19 17:15:51,784 [pool-743-thread-1] INFO  server.RaftServerConfigKeys (ConfUtils.java:logGet(43)) - raft.server.log.appender.buffer.byte-limit = 33554432 (custom)
2020-03-19 17:15:51,784 [pool-743-thread-1] INFO  server.RaftServerConfigKeys (ConfUtils.java:logGet(43)) - raft.server.log.segment.size.max = 1048576 (custom)
2020-03-19 17:15:51,784 [pool-743-thread-1] INFO  metrics.RatisMetrics (RatisMetrics.java:lambda$create$0(39)) - Creating Metrics Registry : ratis.log_worker.ea97180b-f37b-4beb-ae1e-adcdfeb20d18
2020-03-19 17:15:51,784 [pool-743-thread-1] INFO  server.RaftServerConfigKeys (ConfUtils.java:logGet(43)) - raft.server.log.segment.cache.num.max = 2 (custom)
2020-03-19 17:15:51,784 [pool-743-thread-1] INFO  segmented.SegmentedRaftLogWorker (SegmentedRaftLogWorker.java:<init>(176)) - new ea97180b-f37b-4beb-ae1e-adcdfeb20d18@group-F255B7A46A64-SegmentedRaftLogWorker for RaftStorage:Storage Directory /github/workspace/hadoop-ozone/integration-test/target/test-dir/MiniOzoneClusterImpl-80293407-04bd-45a8-aeac-96ce148bba0b/datanode-2/data/ratis/22eb4e39-762b-4c78-a42b-f255b7a46a64
2020-03-19 17:15:51,784 [pool-743-thread-1] INFO  server.RaftServerConfigKeys (ConfUtils.java:logGet(43)) - raft.server.log.queue.byte-limit = 2147483647 (custom)
2020-03-19 17:15:51,784 [pool-743-thread-1] INFO  server.RaftServerConfigKeys (ConfUtils.java:logGet(43)) - raft.server.log.queue.element-limit = 1024 (custom)
2020-03-19 17:15:51,784 [pool-743-thread-1] INFO  server.RaftServerConfigKeys (ConfUtils.java:logGet(43)) - raft.server.log.segment.size.max = 1048576 (custom)
2020-03-19 17:15:51,784 [pool-743-thread-1] INFO  server.RaftServerConfigKeys (ConfUtils.java:logGet(43)) - raft.server.log.preallocated.size = 16384 (custom)
2020-03-19 17:15:51,784 [pool-743-thread-1] INFO  server.RaftServerConfigKeys (ConfUtils.java:logGet(43)) - raft.server.log.write.buffer.size = 1048576 (custom)
2020-03-19 17:15:51,784 [pool-743-thread-1] INFO  server.RaftServerConfigKeys (ConfUtils.java:logGet(43)) - raft.server.log.force.sync.num = 128 (default)
2020-03-19 17:15:51,785 [pool-743-thread-1] INFO  server.RaftServerConfigKeys (ConfUtils.java:logGet(43)) - raft.server.log.statemachine.data.sync = true (default)
2020-03-19 17:15:51,785 [pool-743-thread-1] INFO  server.RaftServerConfigKeys (ConfUtils.java:logGet(43)) - raft.server.log.statemachine.data.sync.timeout = 10s (default)
2020-03-19 17:15:51,785 [pool-743-thread-1] INFO  server.RaftServerConfigKeys (ConfUtils.java:logGet(43)) - raft.server.log.statemachine.data.sync.timeout.retry = -1 (default)
2020-03-19 17:15:51,786 [pool-743-thread-1] INFO  server.RaftServerConfigKeys (ConfUtils.java:logGet(43)) - raft.server.log.statemachine.data.caching.enabled = true (custom)
2020-03-19 17:15:51,786 [pool-743-thread-1] INFO  segmented.SegmentedRaftLogWorker (SegmentedRaftLogWorker.java:lambda$new$0(129)) - ea97180b-f37b-4beb-ae1e-adcdfeb20d18@group-F255B7A46A64-SegmentedRaftLogWorker: flushIndex: setUnconditionally 0 -> -1
2020-03-19 17:15:51,790 [pool-743-thread-1] INFO  server.RaftServerConfigKeys (ConfUtils.java:logGet(43)) - raft.server.snapshot.auto.trigger.enabled = true (custom)
2020-03-19 17:15:51,790 [pool-743-thread-1] INFO  server.RaftServerConfigKeys (ConfUtils.java:logGet(43)) - raft.server.snapshot.auto.trigger.threshold = 10000 (custom)
2020-03-19 17:15:51,790 [pool-743-thread-1] INFO  server.RaftServerConfigKeys (ConfUtils.java:logGet(43)) - raft.server.snapshot.retention.file.num = 5 (custom)
2020-03-19 17:15:51,790 [pool-743-thread-1] INFO  server.RaftServerConfigKeys (ConfUtils.java:logGet(43)) - raft.server.retrycache.expirytime = 600000ms (custom)
2020-03-19 17:15:51,791 [pool-743-thread-1] INFO  metrics.RatisMetrics (RatisMetrics.java:lambda$create$0(39)) - Creating Metrics Registry : ratis.leader_election.ea97180b-f37b-4beb-ae1e-adcdfeb20d18@group-F255B7A46A64
2020-03-19 17:15:51,791 [pool-743-thread-1] INFO  metrics.RatisMetrics (RatisMetrics.java:lambda$create$0(39)) - Creating Metrics Registry : ratis.server.ea97180b-f37b-4beb-ae1e-adcdfeb20d18@group-F255B7A46A64
2020-03-19 17:15:51,792 [pool-743-thread-1] INFO  impl.RaftServerImpl (RaftServerImpl.java:start(183)) - ea97180b-f37b-4beb-ae1e-adcdfeb20d18@group-F255B7A46A64: start as a follower, conf=-1: [ea97180b-f37b-4beb-ae1e-adcdfeb20d18:172.17.0.2:46245, 19601d2c-1e34-4e29-889b-b501c57f3272:172.17.0.2:33413, e0593f1c-6b5a-4362-bc71-0b44a1bb1867:172.17.0.2:40807], old=null
2020-03-19 17:15:51,792 [pool-743-thread-1] INFO  impl.RaftServerImpl (RaftServerImpl.java:setRole(172)) - ea97180b-f37b-4beb-ae1e-adcdfeb20d18@group-F255B7A46A64: changes role from      null to FOLLOWER at term 0 for startAsFollower
2020-03-19 17:15:51,792 [pool-743-thread-1] INFO  impl.RoleInfo (RoleInfo.java:updateAndGet(143)) - ea97180b-f37b-4beb-ae1e-adcdfeb20d18: start FollowerState
2020-03-19 17:15:51,792 [pool-743-thread-1] INFO  util.JmxRegister (JmxRegister.java:tryRegister(44)) - Successfully registered JMX Bean with object name Ratis:service=RaftServer,group=group-F255B7A46A64,id=ea97180b-f37b-4beb-ae1e-adcdfeb20d18
2020-03-19 17:15:51,792 [pool-743-thread-1] INFO  metrics.RatisMetrics (RatisMetrics.java:lambda$create$0(39)) - Creating Metrics Registry : ratis.state_machine.ea97180b-f37b-4beb-ae1e-adcdfeb20d18@group-F255B7A46A64
2020-03-19 17:15:51,795 [Command processor thread] INFO  commandhandler.CreatePipelineCommandHandler (CreatePipelineCommandHandler.java:handle(112)) - Created Pipeline RATIS THREE #id: "22eb4e39-762b-4c78-a42b-f255b7a46a64"
.
2020-03-19 17:15:51,819 [Command processor thread] INFO  impl.RaftServerProxy (RaftServerProxy.java:addNew(89)) - ea97180b-f37b-4beb-ae1e-adcdfeb20d18: addNew group-30CBA8BF17B3:[ea97180b-f37b-4beb-ae1e-adcdfeb20d18:172.17.0.2:46245] returns group-30CBA8BF17B3:java.util.concurrent.CompletableFuture@796bc168[Not completed]
2020-03-19 17:15:51,819 [pool-743-thread-1] INFO  impl.RaftServerImpl (RaftServerImpl.java:<init>(97)) - ea97180b-f37b-4beb-ae1e-adcdfeb20d18: new RaftServerImpl for group-30CBA8BF17B3:[ea97180b-f37b-4beb-ae1e-adcdfeb20d18:172.17.0.2:46245] with ContainerStateMachine:uninitialized
2020-03-19 17:15:51,819 [pool-743-thread-1] INFO  server.RaftServerConfigKeys (ConfUtils.java:logGet(43)) - raft.server.rpc.timeout.min = 1s (custom)
2020-03-19 17:15:51,819 [pool-743-thread-1] INFO  server.RaftServerConfigKeys (ConfUtils.java:logGet(43)) - raft.server.rpc.timeout.max = 1200ms (custom)
2020-03-19 17:15:51,819 [pool-743-thread-1] INFO  server.RaftServerConfigKeys (ConfUtils.java:logGet(43)) - raft.server.rpcslowness.timeout = 300s (custom)
2020-03-19 17:15:51,819 [pool-743-thread-1] INFO  server.RaftServerConfigKeys (ConfUtils.java:logGet(43)) - raft.server.sleep.deviation.threshold = 300 (default)
2020-03-19 17:15:51,819 [pool-743-thread-1] INFO  server.RaftServerConfigKeys (ConfUtils.java:logGet(43)) - raft.server.log.appender.install.snapshot.enabled = false (custom)
2020-03-19 17:15:51,819 [pool-743-thread-1] INFO  impl.RaftServerImpl (ServerState.java:<init>(103)) - ea97180b-f37b-4beb-ae1e-adcdfeb20d18@group-30CBA8BF17B3: ConfigurationManager, init=-1: [ea97180b-f37b-4beb-ae1e-adcdfeb20d18:172.17.0.2:46245], old=null, confs=<EMPTY_MAP>
2020-03-19 17:15:51,819 [pool-743-thread-1] INFO  server.RaftServerConfigKeys (ConfUtils.java:logGet(43)) - raft.server.storage.dir = [/github/workspace/hadoop-ozone/integration-test/target/test-dir/MiniOzoneClusterImpl-80293407-04bd-45a8-aeac-96ce148bba0b/datanode-2/data/ratis] (custom)
2020-03-19 17:15:51,820 [pool-743-thread-1] INFO  server.RaftServerConfigKeys (ConfUtils.java:logGet(43)) - raft.server.log.corruption.policy = EXCEPTION (default)
2020-03-19 17:15:51,820 [pool-743-thread-1] INFO  storage.RaftStorageDirectory (RaftStorageDirectory.java:analyzeStorage(253)) - The storage directory /github/workspace/hadoop-ozone/integration-test/target/test-dir/MiniOzoneClusterImpl-80293407-04bd-45a8-aeac-96ce148bba0b/datanode-2/data/ratis/0651cd48-21ac-4ea2-b6f6-30cba8bf17b3 does not exist. Creating ...
2020-03-19 17:15:51,823 [pool-743-thread-1] INFO  storage.RaftStorageDirectory (RaftStorageDirectory.java:tryLock(335)) - Lock on /github/workspace/hadoop-ozone/integration-test/target/test-dir/MiniOzoneClusterImpl-80293407-04bd-45a8-aeac-96ce148bba0b/datanode-2/data/ratis/0651cd48-21ac-4ea2-b6f6-30cba8bf17b3/in_use.lock acquired by nodename 2543@e39e15fa19de
2020-03-19 17:15:51,824 [pool-743-thread-1] INFO  storage.RaftStorage (RaftStorage.java:format(84)) - Storage directory /github/workspace/hadoop-ozone/integration-test/target/test-dir/MiniOzoneClusterImpl-80293407-04bd-45a8-aeac-96ce148bba0b/datanode-2/data/ratis/0651cd48-21ac-4ea2-b6f6-30cba8bf17b3 has been successfully formatted.
2020-03-19 17:15:51,824 [pool-743-thread-1] INFO  ratis.ContainerStateMachine (ContainerStateMachine.java:loadSnapshot(233)) - group-30CBA8BF17B3: The snapshot info is null. Setting the last applied indexto:(t:0, i:~)
2020-03-19 17:15:51,824 [pool-743-thread-1] INFO  server.RaftServerConfigKeys (ConfUtils.java:logGet(43)) - raft.server.notification.no-leader.timeout = 60s (default)
2020-03-19 17:15:51,824 [pool-743-thread-1] INFO  server.RaftServerConfigKeys (ConfUtils.java:logGet(43)) - raft.server.log.use.memory = false (default)
2020-03-19 17:15:51,824 [pool-743-thread-1] INFO  server.RaftServerConfigKeys (ConfUtils.java:logGet(43)) - raft.server.log.purge.gap = 1000000 (custom)
2020-03-19 17:15:51,824 [pool-743-thread-1] INFO  server.RaftServerConfigKeys (ConfUtils.java:logGet(43)) - raft.server.log.appender.buffer.byte-limit = 33554432 (custom)
2020-03-19 17:15:51,824 [pool-743-thread-1] INFO  server.RaftServerConfigKeys (ConfUtils.java:logGet(43)) - raft.server.log.segment.size.max = 1048576 (custom)
2020-03-19 17:15:51,825 [pool-743-thread-1] INFO  server.RaftServerConfigKeys (ConfUtils.java:logGet(43)) - raft.server.log.segment.cache.num.max = 2 (custom)
2020-03-19 17:15:51,825 [pool-743-thread-1] INFO  segmented.SegmentedRaftLogWorker (SegmentedRaftLogWorker.java:<init>(176)) - new ea97180b-f37b-4beb-ae1e-adcdfeb20d18@group-30CBA8BF17B3-SegmentedRaftLogWorker for RaftStorage:Storage Directory /github/workspace/hadoop-ozone/integration-test/target/test-dir/MiniOzoneClusterImpl-80293407-04bd-45a8-aeac-96ce148bba0b/datanode-2/data/ratis/0651cd48-21ac-4ea2-b6f6-30cba8bf17b3
2020-03-19 17:15:51,825 [pool-743-thread-1] INFO  server.RaftServerConfigKeys (ConfUtils.java:logGet(43)) - raft.server.log.queue.byte-limit = 2147483647 (custom)
2020-03-19 17:15:51,825 [pool-743-thread-1] INFO  server.RaftServerConfigKeys (ConfUtils.java:logGet(43)) - raft.server.log.queue.element-limit = 1024 (custom)
2020-03-19 17:15:51,825 [pool-743-thread-1] INFO  server.RaftServerConfigKeys (ConfUtils.java:logGet(43)) - raft.server.log.segment.size.max = 1048576 (custom)
2020-03-19 17:15:51,825 [pool-743-thread-1] INFO  server.RaftServerConfigKeys (ConfUtils.java:logGet(43)) - raft.server.log.preallocated.size = 16384 (custom)
2020-03-19 17:15:51,825 [pool-743-thread-1] INFO  server.RaftServerConfigKeys (ConfUtils.java:logGet(43)) - raft.server.log.write.buffer.size = 1048576 (custom)
2020-03-19 17:15:51,825 [pool-743-thread-1] INFO  server.RaftServerConfigKeys (ConfUtils.java:logGet(43)) - raft.server.log.force.sync.num = 128 (default)
2020-03-19 17:15:51,825 [pool-743-thread-1] INFO  server.RaftServerConfigKeys (ConfUtils.java:logGet(43)) - raft.server.log.statemachine.data.sync = true (default)
2020-03-19 17:15:51,825 [pool-743-thread-1] INFO  server.RaftServerConfigKeys (ConfUtils.java:logGet(43)) - raft.server.log.statemachine.data.sync.timeout = 10s (default)
2020-03-19 17:15:51,825 [pool-743-thread-1] INFO  server.RaftServerConfigKeys (ConfUtils.java:logGet(43)) - raft.server.log.statemachine.data.sync.timeout.retry = -1 (default)
2020-03-19 17:15:51,825 [pool-743-thread-1] INFO  server.RaftServerConfigKeys (ConfUtils.java:logGet(43)) - raft.server.log.statemachine.data.caching.enabled = true (custom)
2020-03-19 17:15:51,825 [pool-743-thread-1] INFO  segmented.SegmentedRaftLogWorker (SegmentedRaftLogWorker.java:lambda$new$0(129)) - ea97180b-f37b-4beb-ae1e-adcdfeb20d18@group-30CBA8BF17B3-SegmentedRaftLogWorker: flushIndex: setUnconditionally 0 -> -1
2020-03-19 17:15:51,826 [EventQueue-PipelineReportForPipelineReportHandler] INFO  pipeline.PipelineStateManager (PipelineStateManager.java:openPipeline(131)) - Pipeline Pipeline[ Id: 0651cd48-21ac-4ea2-b6f6-30cba8bf17b3, Nodes: ea97180b-f37b-4beb-ae1e-adcdfeb20d18{ip: 172.17.0.2, host: e39e15fa19de, networkLocation: /rack1, certSerialId: null}, Type:RATIS, Factor:ONE, State:ALLOCATED, leaderId:ea97180b-f37b-4beb-ae1e-adcdfeb20d18, CreationTimestamp2020-03-19T17:15:48.820Z] moved to OPEN state
2020-03-19 17:15:51,826 [EventQueue-OpenPipelineForHealthyPipelineSafeModeRule] INFO  safemode.SCMSafeModeManager (HealthyPipelineSafeModeRule.java:process(131)) - SCM in safe mode. Healthy pipelines reported count is 0, required healthy pipeline reported count is 1
2020-03-19 17:15:51,826 [EventQueue-OpenPipelineForOneReplicaPipelineSafeModeRule] INFO  safemode.SCMSafeModeManager (SCMSafeModeManager.java:validateSafeModeExitRules(175)) - AtleastOneDatanodeReportedRule rule is successfully validated
2020-03-19 17:15:51,826 [pool-743-thread-1] INFO  server.RaftServerConfigKeys (ConfUtils.java:logGet(43)) - raft.server.snapshot.auto.trigger.enabled = true (custom)
2020-03-19 17:15:51,826 [pool-743-thread-1] INFO  server.RaftServerConfigKeys (ConfUtils.java:logGet(43)) - raft.server.snapshot.auto.trigger.threshold = 10000 (custom)
2020-03-19 17:15:51,827 [pool-743-thread-1] INFO  server.RaftServerConfigKeys (ConfUtils.java:logGet(43)) - raft.server.snapshot.retention.file.num = 5 (custom)
2020-03-19 17:15:51,827 [pool-743-thread-1] INFO  server.RaftServerConfigKeys (ConfUtils.java:logGet(43)) - raft.server.retrycache.expirytime = 600000ms (custom)
2020-03-19 17:15:51,827 [pool-743-thread-1] INFO  metrics.RatisMetrics (RatisMetrics.java:lambda$create$0(39)) - Creating Metrics Registry : ratis.leader_election.ea97180b-f37b-4beb-ae1e-adcdfeb20d18@group-30CBA8BF17B3
2020-03-19 17:15:51,827 [pool-743-thread-1] INFO  metrics.RatisMetrics (RatisMetrics.java:lambda$create$0(39)) - Creating Metrics Registry : ratis.server.ea97180b-f37b-4beb-ae1e-adcdfeb20d18@group-30CBA8BF17B3
2020-03-19 17:15:51,828 [pool-743-thread-1] INFO  impl.RaftServerImpl (RaftServerImpl.java:start(183)) - ea97180b-f37b-4beb-ae1e-adcdfeb20d18@group-30CBA8BF17B3: start as a follower, conf=-1: [ea97180b-f37b-4beb-ae1e-adcdfeb20d18:172.17.0.2:46245], old=null
2020-03-19 17:15:51,828 [pool-743-thread-1] INFO  impl.RaftServerImpl (RaftServerImpl.java:setRole(172)) - ea97180b-f37b-4beb-ae1e-adcdfeb20d18@group-30CBA8BF17B3: changes role from      null to FOLLOWER at term 0 for startAsFollower
2020-03-19 17:15:51,828 [pool-743-thread-1] INFO  impl.RoleInfo (RoleInfo.java:updateAndGet(143)) - ea97180b-f37b-4beb-ae1e-adcdfeb20d18: start FollowerState
2020-03-19 17:15:51,828 [pool-743-thread-1] INFO  util.JmxRegister (JmxRegister.java:tryRegister(44)) - Successfully registered JMX Bean with object name Ratis:service=RaftServer,group=group-30CBA8BF17B3,id=ea97180b-f37b-4beb-ae1e-adcdfeb20d18
2020-03-19 17:15:51,828 [pool-743-thread-1] INFO  metrics.RatisMetrics (RatisMetrics.java:lambda$create$0(39)) - Creating Metrics Registry : ratis.state_machine.ea97180b-f37b-4beb-ae1e-adcdfeb20d18@group-30CBA8BF17B3
2020-03-19 17:15:51,834 [Command processor thread] INFO  commandhandler.CreatePipelineCommandHandler (CreatePipelineCommandHandler.java:handle(112)) - Created Pipeline RATIS ONE #id: "0651cd48-21ac-4ea2-b6f6-30cba8bf17b3"
.
2020-03-19 17:15:51,868 [Command processor thread] INFO  impl.RaftServerProxy (RaftServerProxy.java:addNew(89)) - 665f80ed-020a-4994-95dd-47071b79dcbc: addNew group-2F17DF0D0549:[665f80ed-020a-4994-95dd-47071b79dcbc:172.17.0.2:33627] returns group-2F17DF0D0549:java.util.concurrent.CompletableFuture@7cd47e8e[Not completed]
2020-03-19 17:15:51,869 [pool-758-thread-1] INFO  impl.RaftServerImpl (RaftServerImpl.java:<init>(97)) - 665f80ed-020a-4994-95dd-47071b79dcbc: new RaftServerImpl for group-2F17DF0D0549:[665f80ed-020a-4994-95dd-47071b79dcbc:172.17.0.2:33627] with ContainerStateMachine:uninitialized
2020-03-19 17:15:51,869 [pool-758-thread-1] INFO  server.RaftServerConfigKeys (ConfUtils.java:logGet(43)) - raft.server.rpc.timeout.min = 1s (custom)
2020-03-19 17:15:51,869 [pool-758-thread-1] INFO  server.RaftServerConfigKeys (ConfUtils.java:logGet(43)) - raft.server.rpc.timeout.max = 1200ms (custom)
2020-03-19 17:15:51,869 [pool-758-thread-1] INFO  server.RaftServerConfigKeys (ConfUtils.java:logGet(43)) - raft.server.rpcslowness.timeout = 300s (custom)
2020-03-19 17:15:51,869 [pool-758-thread-1] INFO  server.RaftServerConfigKeys (ConfUtils.java:logGet(43)) - raft.server.sleep.deviation.threshold = 300 (default)
2020-03-19 17:15:51,869 [pool-758-thread-1] INFO  server.RaftServerConfigKeys (ConfUtils.java:logGet(43)) - raft.server.log.appender.install.snapshot.enabled = false (custom)
2020-03-19 17:15:51,869 [pool-758-thread-1] INFO  impl.RaftServerImpl (ServerState.java:<init>(103)) - 665f80ed-020a-4994-95dd-47071b79dcbc@group-2F17DF0D0549: ConfigurationManager, init=-1: [665f80ed-020a-4994-95dd-47071b79dcbc:172.17.0.2:33627], old=null, confs=<EMPTY_MAP>
2020-03-19 17:15:51,869 [pool-758-thread-1] INFO  server.RaftServerConfigKeys (ConfUtils.java:logGet(43)) - raft.server.storage.dir = [/github/workspace/hadoop-ozone/integration-test/target/test-dir/MiniOzoneClusterImpl-80293407-04bd-45a8-aeac-96ce148bba0b/datanode-3/data/ratis] (custom)
2020-03-19 17:15:51,869 [pool-758-thread-1] INFO  server.RaftServerConfigKeys (ConfUtils.java:logGet(43)) - raft.server.log.corruption.policy = EXCEPTION (default)
2020-03-19 17:15:51,869 [pool-758-thread-1] INFO  storage.RaftStorageDirectory (RaftStorageDirectory.java:analyzeStorage(253)) - The storage directory /github/workspace/hadoop-ozone/integration-test/target/test-dir/MiniOzoneClusterImpl-80293407-04bd-45a8-aeac-96ce148bba0b/datanode-3/data/ratis/5c6f8c2e-d881-498c-9055-2f17df0d0549 does not exist. Creating ...
2020-03-19 17:15:51,871 [pool-758-thread-1] INFO  storage.RaftStorageDirectory (RaftStorageDirectory.java:tryLock(335)) - Lock on /github/workspace/hadoop-ozone/integration-test/target/test-dir/MiniOzoneClusterImpl-80293407-04bd-45a8-aeac-96ce148bba0b/datanode-3/data/ratis/5c6f8c2e-d881-498c-9055-2f17df0d0549/in_use.lock acquired by nodename 2543@e39e15fa19de
2020-03-19 17:15:51,872 [pool-758-thread-1] INFO  storage.RaftStorage (RaftStorage.java:format(84)) - Storage directory /github/workspace/hadoop-ozone/integration-test/target/test-dir/MiniOzoneClusterImpl-80293407-04bd-45a8-aeac-96ce148bba0b/datanode-3/data/ratis/5c6f8c2e-d881-498c-9055-2f17df0d0549 has been successfully formatted.
2020-03-19 17:15:51,873 [pool-758-thread-1] INFO  ratis.ContainerStateMachine (ContainerStateMachine.java:loadSnapshot(233)) - group-2F17DF0D0549: The snapshot info is null. Setting the last applied indexto:(t:0, i:~)
2020-03-19 17:15:51,873 [pool-758-thread-1] INFO  server.RaftServerConfigKeys (ConfUtils.java:logGet(43)) - raft.server.notification.no-leader.timeout = 60s (default)
2020-03-19 17:15:51,873 [EventQueue-PipelineReportForPipelineReportHandler] INFO  pipeline.PipelineStateManager (PipelineStateManager.java:openPipeline(131)) - Pipeline Pipeline[ Id: 5c6f8c2e-d881-498c-9055-2f17df0d0549, Nodes: 665f80ed-020a-4994-95dd-47071b79dcbc{ip: 172.17.0.2, host: e39e15fa19de, networkLocation: /rack1, certSerialId: null}, Type:RATIS, Factor:ONE, State:ALLOCATED, leaderId:665f80ed-020a-4994-95dd-47071b79dcbc, CreationTimestamp2020-03-19T17:15:48.869Z] moved to OPEN state
2020-03-19 17:15:51,873 [EventQueue-OpenPipelineForHealthyPipelineSafeModeRule] INFO  safemode.SCMSafeModeManager (HealthyPipelineSafeModeRule.java:process(131)) - SCM in safe mode. Healthy pipelines reported count is 0, required healthy pipeline reported count is 1
2020-03-19 17:15:51,873 [EventQueue-OpenPipelineForOneReplicaPipelineSafeModeRule] INFO  safemode.SCMSafeModeManager (SCMSafeModeManager.java:validateSafeModeExitRules(175)) - AtleastOneDatanodeReportedRule rule is successfully validated
2020-03-19 17:15:51,873 [pool-758-thread-1] INFO  server.RaftServerConfigKeys (ConfUtils.java:logGet(43)) - raft.server.log.use.memory = false (default)
2020-03-19 17:15:51,874 [pool-758-thread-1] INFO  server.RaftServerConfigKeys (ConfUtils.java:logGet(43)) - raft.server.log.purge.gap = 1000000 (custom)
2020-03-19 17:15:51,874 [pool-758-thread-1] INFO  server.RaftServerConfigKeys (ConfUtils.java:logGet(43)) - raft.server.log.appender.buffer.byte-limit = 33554432 (custom)
2020-03-19 17:15:51,874 [pool-758-thread-1] INFO  server.RaftServerConfigKeys (ConfUtils.java:logGet(43)) - raft.server.log.segment.size.max = 1048576 (custom)
2020-03-19 17:15:51,874 [pool-758-thread-1] INFO  metrics.RatisMetrics (RatisMetrics.java:lambda$create$0(39)) - Creating Metrics Registry : ratis.log_worker.665f80ed-020a-4994-95dd-47071b79dcbc
2020-03-19 17:15:51,874 [pool-758-thread-1] INFO  server.RaftServerConfigKeys (ConfUtils.java:logGet(43)) - raft.server.log.segment.cache.num.max = 2 (custom)
2020-03-19 17:15:51,874 [pool-758-thread-1] INFO  segmented.SegmentedRaftLogWorker (SegmentedRaftLogWorker.java:<init>(176)) - new 665f80ed-020a-4994-95dd-47071b79dcbc@group-2F17DF0D0549-SegmentedRaftLogWorker for RaftStorage:Storage Directory /github/workspace/hadoop-ozone/integration-test/target/test-dir/MiniOzoneClusterImpl-80293407-04bd-45a8-aeac-96ce148bba0b/datanode-3/data/ratis/5c6f8c2e-d881-498c-9055-2f17df0d0549
2020-03-19 17:15:51,874 [pool-758-thread-1] INFO  server.RaftServerConfigKeys (ConfUtils.java:logGet(43)) - raft.server.log.queue.byte-limit = 2147483647 (custom)
2020-03-19 17:15:51,874 [pool-758-thread-1] INFO  server.RaftServerConfigKeys (ConfUtils.java:logGet(43)) - raft.server.log.queue.element-limit = 1024 (custom)
2020-03-19 17:15:51,874 [pool-758-thread-1] INFO  server.RaftServerConfigKeys (ConfUtils.java:logGet(43)) - raft.server.log.segment.size.max = 1048576 (custom)
2020-03-19 17:15:51,874 [pool-758-thread-1] INFO  server.RaftServerConfigKeys (ConfUtils.java:logGet(43)) - raft.server.log.preallocated.size = 16384 (custom)
2020-03-19 17:15:51,874 [pool-758-thread-1] INFO  server.RaftServerConfigKeys (ConfUtils.java:logGet(43)) - raft.server.log.write.buffer.size = 1048576 (custom)
2020-03-19 17:15:51,875 [pool-758-thread-1] INFO  server.RaftServerConfigKeys (ConfUtils.java:logGet(43)) - raft.server.log.force.sync.num = 128 (default)
2020-03-19 17:15:51,875 [pool-758-thread-1] INFO  server.RaftServerConfigKeys (ConfUtils.java:logGet(43)) - raft.server.log.statemachine.data.sync = true (default)
2020-03-19 17:15:51,875 [pool-758-thread-1] INFO  server.RaftServerConfigKeys (ConfUtils.java:logGet(43)) - raft.server.log.statemachine.data.sync.timeout = 10s (default)
2020-03-19 17:15:51,875 [pool-758-thread-1] INFO  server.RaftServerConfigKeys (ConfUtils.java:logGet(43)) - raft.server.log.statemachine.data.sync.timeout.retry = -1 (default)
2020-03-19 17:15:51,877 [pool-758-thread-1] INFO  server.RaftServerConfigKeys (ConfUtils.java:logGet(43)) - raft.server.log.statemachine.data.caching.enabled = true (custom)
2020-03-19 17:15:51,877 [pool-758-thread-1] INFO  segmented.SegmentedRaftLogWorker (SegmentedRaftLogWorker.java:lambda$new$0(129)) - 665f80ed-020a-4994-95dd-47071b79dcbc@group-2F17DF0D0549-SegmentedRaftLogWorker: flushIndex: setUnconditionally 0 -> -1
2020-03-19 17:15:51,878 [pool-758-thread-1] INFO  server.RaftServerConfigKeys (ConfUtils.java:logGet(43)) - raft.server.snapshot.auto.trigger.enabled = true (custom)
2020-03-19 17:15:51,878 [pool-758-thread-1] INFO  server.RaftServerConfigKeys (ConfUtils.java:logGet(43)) - raft.server.snapshot.auto.trigger.threshold = 10000 (custom)
2020-03-19 17:15:51,878 [pool-758-thread-1] INFO  server.RaftServerConfigKeys (ConfUtils.java:logGet(43)) - raft.server.snapshot.retention.file.num = 5 (custom)
2020-03-19 17:15:51,878 [pool-758-thread-1] INFO  server.RaftServerConfigKeys (ConfUtils.java:logGet(43)) - raft.server.retrycache.expirytime = 600000ms (custom)
2020-03-19 17:15:51,878 [pool-758-thread-1] INFO  metrics.RatisMetrics (RatisMetrics.java:lambda$create$0(39)) - Creating Metrics Registry : ratis.leader_election.665f80ed-020a-4994-95dd-47071b79dcbc@group-2F17DF0D0549
2020-03-19 17:15:51,879 [pool-758-thread-1] INFO  metrics.RatisMetrics (RatisMetrics.java:lambda$create$0(39)) - Creating Metrics Registry : ratis.server.665f80ed-020a-4994-95dd-47071b79dcbc@group-2F17DF0D0549
2020-03-19 17:15:51,879 [pool-758-thread-1] INFO  impl.RaftServerImpl (RaftServerImpl.java:start(183)) - 665f80ed-020a-4994-95dd-47071b79dcbc@group-2F17DF0D0549: start as a follower, conf=-1: [665f80ed-020a-4994-95dd-47071b79dcbc:172.17.0.2:33627], old=null
2020-03-19 17:15:51,879 [pool-758-thread-1] INFO  impl.RaftServerImpl (RaftServerImpl.java:setRole(172)) - 665f80ed-020a-4994-95dd-47071b79dcbc@group-2F17DF0D0549: changes role from      null to FOLLOWER at term 0 for startAsFollower
2020-03-19 17:15:51,879 [pool-758-thread-1] INFO  impl.RoleInfo (RoleInfo.java:updateAndGet(143)) - 665f80ed-020a-4994-95dd-47071b79dcbc: start FollowerState
2020-03-19 17:15:51,882 [pool-758-thread-1] INFO  util.JmxRegister (JmxRegister.java:tryRegister(44)) - Successfully registered JMX Bean with object name Ratis:service=RaftServer,group=group-2F17DF0D0549,id=665f80ed-020a-4994-95dd-47071b79dcbc
2020-03-19 17:15:51,882 [pool-758-thread-1] INFO  metrics.RatisMetrics (RatisMetrics.java:lambda$create$0(39)) - Creating Metrics Registry : ratis.state_machine.665f80ed-020a-4994-95dd-47071b79dcbc@group-2F17DF0D0549
2020-03-19 17:15:51,883 [Command processor thread] INFO  commandhandler.CreatePipelineCommandHandler (CreatePipelineCommandHandler.java:handle(112)) - Created Pipeline RATIS ONE #id: "5c6f8c2e-d881-498c-9055-2f17df0d0549"
.
2020-03-19 17:15:51,883 [Command processor thread] INFO  impl.RaftServerProxy (RaftServerProxy.java:addNew(89)) - 665f80ed-020a-4994-95dd-47071b79dcbc: addNew group-448E1A42821C:[78c87700-eed0-40ed-9c83-27d56052797c:172.17.0.2:42939, 665f80ed-020a-4994-95dd-47071b79dcbc:172.17.0.2:33627, 7e69d50e-0a54-4234-a642-c3092d47dbb5:172.17.0.2:37797] returns group-448E1A42821C:java.util.concurrent.CompletableFuture@78ebe5cc[Not completed]
2020-03-19 17:15:51,884 [pool-758-thread-1] INFO  impl.RaftServerImpl (RaftServerImpl.java:<init>(97)) - 665f80ed-020a-4994-95dd-47071b79dcbc: new RaftServerImpl for group-448E1A42821C:[78c87700-eed0-40ed-9c83-27d56052797c:172.17.0.2:42939, 665f80ed-020a-4994-95dd-47071b79dcbc:172.17.0.2:33627, 7e69d50e-0a54-4234-a642-c3092d47dbb5:172.17.0.2:37797] with ContainerStateMachine:uninitialized
2020-03-19 17:15:51,884 [pool-758-thread-1] INFO  server.RaftServerConfigKeys (ConfUtils.java:logGet(43)) - raft.server.rpc.timeout.min = 1s (custom)
2020-03-19 17:15:51,884 [pool-758-thread-1] INFO  server.RaftServerConfigKeys (ConfUtils.java:logGet(43)) - raft.server.rpc.timeout.max = 1200ms (custom)
2020-03-19 17:15:51,884 [pool-758-thread-1] INFO  server.RaftServerConfigKeys (ConfUtils.java:logGet(43)) - raft.server.rpcslowness.timeout = 300s (custom)
2020-03-19 17:15:51,884 [pool-758-thread-1] INFO  server.RaftServerConfigKeys (ConfUtils.java:logGet(43)) - raft.server.sleep.deviation.threshold = 300 (default)
2020-03-19 17:15:51,884 [pool-758-thread-1] INFO  server.RaftServerConfigKeys (ConfUtils.java:logGet(43)) - raft.server.log.appender.install.snapshot.enabled = false (custom)
2020-03-19 17:15:51,884 [pool-758-thread-1] INFO  impl.RaftServerImpl (ServerState.java:<init>(103)) - 665f80ed-020a-4994-95dd-47071b79dcbc@group-448E1A42821C: ConfigurationManager, init=-1: [78c87700-eed0-40ed-9c83-27d56052797c:172.17.0.2:42939, 665f80ed-020a-4994-95dd-47071b79dcbc:172.17.0.2:33627, 7e69d50e-0a54-4234-a642-c3092d47dbb5:172.17.0.2:37797], old=null, confs=<EMPTY_MAP>
2020-03-19 17:15:51,884 [pool-758-thread-1] INFO  server.RaftServerConfigKeys (ConfUtils.java:logGet(43)) - raft.server.storage.dir = [/github/workspace/hadoop-ozone/integration-test/target/test-dir/MiniOzoneClusterImpl-80293407-04bd-45a8-aeac-96ce148bba0b/datanode-3/data/ratis] (custom)
2020-03-19 17:15:51,884 [pool-758-thread-1] INFO  server.RaftServerConfigKeys (ConfUtils.java:logGet(43)) - raft.server.log.corruption.policy = EXCEPTION (default)
2020-03-19 17:15:51,885 [pool-758-thread-1] INFO  storage.RaftStorageDirectory (RaftStorageDirectory.java:analyzeStorage(253)) - The storage directory /github/workspace/hadoop-ozone/integration-test/target/test-dir/MiniOzoneClusterImpl-80293407-04bd-45a8-aeac-96ce148bba0b/datanode-3/data/ratis/d7c22a97-1ee9-48ff-8c2f-448e1a42821c does not exist. Creating ...
2020-03-19 17:15:51,885 [pool-758-thread-1] INFO  storage.RaftStorageDirectory (RaftStorageDirectory.java:tryLock(335)) - Lock on /github/workspace/hadoop-ozone/integration-test/target/test-dir/MiniOzoneClusterImpl-80293407-04bd-45a8-aeac-96ce148bba0b/datanode-3/data/ratis/d7c22a97-1ee9-48ff-8c2f-448e1a42821c/in_use.lock acquired by nodename 2543@e39e15fa19de
2020-03-19 17:15:51,886 [pool-758-thread-1] INFO  storage.RaftStorage (RaftStorage.java:format(84)) - Storage directory /github/workspace/hadoop-ozone/integration-test/target/test-dir/MiniOzoneClusterImpl-80293407-04bd-45a8-aeac-96ce148bba0b/datanode-3/data/ratis/d7c22a97-1ee9-48ff-8c2f-448e1a42821c has been successfully formatted.
2020-03-19 17:15:51,887 [pool-758-thread-1] INFO  ratis.ContainerStateMachine (ContainerStateMachine.java:loadSnapshot(233)) - group-448E1A42821C: The snapshot info is null. Setting the last applied indexto:(t:0, i:~)
2020-03-19 17:15:51,887 [pool-758-thread-1] INFO  server.RaftServerConfigKeys (ConfUtils.java:logGet(43)) - raft.server.notification.no-leader.timeout = 60s (default)
2020-03-19 17:15:51,887 [pool-758-thread-1] INFO  server.RaftServerConfigKeys (ConfUtils.java:logGet(43)) - raft.server.log.use.memory = false (default)
2020-03-19 17:15:51,887 [pool-758-thread-1] INFO  server.RaftServerConfigKeys (ConfUtils.java:logGet(43)) - raft.server.log.purge.gap = 1000000 (custom)
2020-03-19 17:15:51,887 [pool-758-thread-1] INFO  server.RaftServerConfigKeys (ConfUtils.java:logGet(43)) - raft.server.log.appender.buffer.byte-limit = 33554432 (custom)
2020-03-19 17:15:51,887 [pool-758-thread-1] INFO  server.RaftServerConfigKeys (ConfUtils.java:logGet(43)) - raft.server.log.segment.size.max = 1048576 (custom)
2020-03-19 17:15:51,887 [pool-758-thread-1] INFO  server.RaftServerConfigKeys (ConfUtils.java:logGet(43)) - raft.server.log.segment.cache.num.max = 2 (custom)
2020-03-19 17:15:51,887 [pool-758-thread-1] INFO  segmented.SegmentedRaftLogWorker (SegmentedRaftLogWorker.java:<init>(176)) - new 665f80ed-020a-4994-95dd-47071b79dcbc@group-448E1A42821C-SegmentedRaftLogWorker for RaftStorage:Storage Directory /github/workspace/hadoop-ozone/integration-test/target/test-dir/MiniOzoneClusterImpl-80293407-04bd-45a8-aeac-96ce148bba0b/datanode-3/data/ratis/d7c22a97-1ee9-48ff-8c2f-448e1a42821c
2020-03-19 17:15:51,887 [pool-758-thread-1] INFO  server.RaftServerConfigKeys (ConfUtils.java:logGet(43)) - raft.server.log.queue.byte-limit = 2147483647 (custom)
2020-03-19 17:15:51,887 [pool-758-thread-1] INFO  server.RaftServerConfigKeys (ConfUtils.java:logGet(43)) - raft.server.log.queue.element-limit = 1024 (custom)
2020-03-19 17:15:51,887 [pool-758-thread-1] INFO  server.RaftServerConfigKeys (ConfUtils.java:logGet(43)) - raft.server.log.segment.size.max = 1048576 (custom)
2020-03-19 17:15:51,887 [pool-758-thread-1] INFO  server.RaftServerConfigKeys (ConfUtils.java:logGet(43)) - raft.server.log.preallocated.size = 16384 (custom)
2020-03-19 17:15:51,887 [pool-758-thread-1] INFO  server.RaftServerConfigKeys (ConfUtils.java:logGet(43)) - raft.server.log.write.buffer.size = 1048576 (custom)
2020-03-19 17:15:51,887 [pool-758-thread-1] INFO  server.RaftServerConfigKeys (ConfUtils.java:logGet(43)) - raft.server.log.force.sync.num = 128 (default)
2020-03-19 17:15:51,887 [pool-758-thread-1] INFO  server.RaftServerConfigKeys (ConfUtils.java:logGet(43)) - raft.server.log.statemachine.data.sync = true (default)
2020-03-19 17:15:51,887 [pool-758-thread-1] INFO  server.RaftServerConfigKeys (ConfUtils.java:logGet(43)) - raft.server.log.statemachine.data.sync.timeout = 10s (default)
2020-03-19 17:15:51,887 [pool-758-thread-1] INFO  server.RaftServerConfigKeys (ConfUtils.java:logGet(43)) - raft.server.log.statemachine.data.sync.timeout.retry = -1 (default)
2020-03-19 17:15:51,887 [pool-758-thread-1] INFO  server.RaftServerConfigKeys (ConfUtils.java:logGet(43)) - raft.server.log.statemachine.data.caching.enabled = true (custom)
2020-03-19 17:15:51,888 [pool-758-thread-1] INFO  segmented.SegmentedRaftLogWorker (SegmentedRaftLogWorker.java:lambda$new$0(129)) - 665f80ed-020a-4994-95dd-47071b79dcbc@group-448E1A42821C-SegmentedRaftLogWorker: flushIndex: setUnconditionally 0 -> -1
2020-03-19 17:15:51,890 [pool-758-thread-1] INFO  server.RaftServerConfigKeys (ConfUtils.java:logGet(43)) - raft.server.snapshot.auto.trigger.enabled = true (custom)
2020-03-19 17:15:51,890 [pool-758-thread-1] INFO  server.RaftServerConfigKeys (ConfUtils.java:logGet(43)) - raft.server.snapshot.auto.trigger.threshold = 10000 (custom)
2020-03-19 17:15:51,890 [pool-758-thread-1] INFO  server.RaftServerConfigKeys (ConfUtils.java:logGet(43)) - raft.server.snapshot.retention.file.num = 5 (custom)
2020-03-19 17:15:51,890 [pool-758-thread-1] INFO  server.RaftServerConfigKeys (ConfUtils.java:logGet(43)) - raft.server.retrycache.expirytime = 600000ms (custom)
2020-03-19 17:15:51,890 [pool-758-thread-1] INFO  metrics.RatisMetrics (RatisMetrics.java:lambda$create$0(39)) - Creating Metrics Registry : ratis.leader_election.665f80ed-020a-4994-95dd-47071b79dcbc@group-448E1A42821C
2020-03-19 17:15:51,891 [pool-758-thread-1] INFO  metrics.RatisMetrics (RatisMetrics.java:lambda$create$0(39)) - Creating Metrics Registry : ratis.server.665f80ed-020a-4994-95dd-47071b79dcbc@group-448E1A42821C
2020-03-19 17:15:51,891 [pool-758-thread-1] INFO  impl.RaftServerImpl (RaftServerImpl.java:start(183)) - 665f80ed-020a-4994-95dd-47071b79dcbc@group-448E1A42821C: start as a follower, conf=-1: [78c87700-eed0-40ed-9c83-27d56052797c:172.17.0.2:42939, 665f80ed-020a-4994-95dd-47071b79dcbc:172.17.0.2:33627, 7e69d50e-0a54-4234-a642-c3092d47dbb5:172.17.0.2:37797], old=null
2020-03-19 17:15:51,892 [pool-758-thread-1] INFO  impl.RaftServerImpl (RaftServerImpl.java:setRole(172)) - 665f80ed-020a-4994-95dd-47071b79dcbc@group-448E1A42821C: changes role from      null to FOLLOWER at term 0 for startAsFollower
2020-03-19 17:15:51,892 [pool-758-thread-1] INFO  impl.RoleInfo (RoleInfo.java:updateAndGet(143)) - 665f80ed-020a-4994-95dd-47071b79dcbc: start FollowerState
2020-03-19 17:15:51,892 [pool-758-thread-1] INFO  util.JmxRegister (JmxRegister.java:tryRegister(44)) - Successfully registered JMX Bean with object name Ratis:service=RaftServer,group=group-448E1A42821C,id=665f80ed-020a-4994-95dd-47071b79dcbc
2020-03-19 17:15:51,892 [pool-758-thread-1] INFO  metrics.RatisMetrics (RatisMetrics.java:lambda$create$0(39)) - Creating Metrics Registry : ratis.state_machine.665f80ed-020a-4994-95dd-47071b79dcbc@group-448E1A42821C
2020-03-19 17:15:51,899 [grpc-default-executor-1] INFO  impl.RaftServerProxy (RaftServerProxy.java:addNew(89)) - 78c87700-eed0-40ed-9c83-27d56052797c: addNew group-448E1A42821C:[78c87700-eed0-40ed-9c83-27d56052797c:172.17.0.2:42939, 665f80ed-020a-4994-95dd-47071b79dcbc:172.17.0.2:33627, 7e69d50e-0a54-4234-a642-c3092d47dbb5:172.17.0.2:37797] returns group-448E1A42821C:java.util.concurrent.CompletableFuture@72ae9c48[Not completed]
2020-03-19 17:15:51,899 [pool-788-thread-1] INFO  impl.RaftServerImpl (RaftServerImpl.java:<init>(97)) - 78c87700-eed0-40ed-9c83-27d56052797c: new RaftServerImpl for group-448E1A42821C:[78c87700-eed0-40ed-9c83-27d56052797c:172.17.0.2:42939, 665f80ed-020a-4994-95dd-47071b79dcbc:172.17.0.2:33627, 7e69d50e-0a54-4234-a642-c3092d47dbb5:172.17.0.2:37797] with ContainerStateMachine:uninitialized
2020-03-19 17:15:51,900 [pool-788-thread-1] INFO  server.RaftServerConfigKeys (ConfUtils.java:logGet(43)) - raft.server.rpc.timeout.min = 1s (custom)
2020-03-19 17:15:51,900 [pool-788-thread-1] INFO  server.RaftServerConfigKeys (ConfUtils.java:logGet(43)) - raft.server.rpc.timeout.max = 1200ms (custom)
2020-03-19 17:15:51,900 [pool-788-thread-1] INFO  server.RaftServerConfigKeys (ConfUtils.java:logGet(43)) - raft.server.rpcslowness.timeout = 300s (custom)
2020-03-19 17:15:51,900 [pool-788-thread-1] INFO  server.RaftServerConfigKeys (ConfUtils.java:logGet(43)) - raft.server.sleep.deviation.threshold = 300 (default)
2020-03-19 17:15:51,900 [pool-788-thread-1] INFO  server.RaftServerConfigKeys (ConfUtils.java:logGet(43)) - raft.server.log.appender.install.snapshot.enabled = false (custom)
2020-03-19 17:15:51,900 [pool-788-thread-1] INFO  impl.RaftServerImpl (ServerState.java:<init>(103)) - 78c87700-eed0-40ed-9c83-27d56052797c@group-448E1A42821C: ConfigurationManager, init=-1: [78c87700-eed0-40ed-9c83-27d56052797c:172.17.0.2:42939, 665f80ed-020a-4994-95dd-47071b79dcbc:172.17.0.2:33627, 7e69d50e-0a54-4234-a642-c3092d47dbb5:172.17.0.2:37797], old=null, confs=<EMPTY_MAP>
2020-03-19 17:15:51,900 [pool-788-thread-1] INFO  server.RaftServerConfigKeys (ConfUtils.java:logGet(43)) - raft.server.storage.dir = [/github/workspace/hadoop-ozone/integration-test/target/test-dir/MiniOzoneClusterImpl-80293407-04bd-45a8-aeac-96ce148bba0b/datanode-5/data/ratis] (custom)
2020-03-19 17:15:51,900 [pool-788-thread-1] INFO  server.RaftServerConfigKeys (ConfUtils.java:logGet(43)) - raft.server.log.corruption.policy = EXCEPTION (default)
2020-03-19 17:15:51,900 [pool-788-thread-1] INFO  storage.RaftStorageDirectory (RaftStorageDirectory.java:analyzeStorage(253)) - The storage directory /github/workspace/hadoop-ozone/integration-test/target/test-dir/MiniOzoneClusterImpl-80293407-04bd-45a8-aeac-96ce148bba0b/datanode-5/data/ratis/d7c22a97-1ee9-48ff-8c2f-448e1a42821c does not exist. Creating ...
2020-03-19 17:15:51,901 [pool-788-thread-1] INFO  storage.RaftStorageDirectory (RaftStorageDirectory.java:tryLock(335)) - Lock on /github/workspace/hadoop-ozone/integration-test/target/test-dir/MiniOzoneClusterImpl-80293407-04bd-45a8-aeac-96ce148bba0b/datanode-5/data/ratis/d7c22a97-1ee9-48ff-8c2f-448e1a42821c/in_use.lock acquired by nodename 2543@e39e15fa19de
2020-03-19 17:15:51,902 [pool-788-thread-1] INFO  storage.RaftStorage (RaftStorage.java:format(84)) - Storage directory /github/workspace/hadoop-ozone/integration-test/target/test-dir/MiniOzoneClusterImpl-80293407-04bd-45a8-aeac-96ce148bba0b/datanode-5/data/ratis/d7c22a97-1ee9-48ff-8c2f-448e1a42821c has been successfully formatted.
2020-03-19 17:15:51,903 [pool-788-thread-1] INFO  ratis.ContainerStateMachine (ContainerStateMachine.java:loadSnapshot(233)) - group-448E1A42821C: The snapshot info is null. Setting the last applied indexto:(t:0, i:~)
2020-03-19 17:15:51,903 [pool-788-thread-1] INFO  server.RaftServerConfigKeys (ConfUtils.java:logGet(43)) - raft.server.notification.no-leader.timeout = 60s (default)
2020-03-19 17:15:51,903 [pool-788-thread-1] INFO  server.RaftServerConfigKeys (ConfUtils.java:logGet(43)) - raft.server.log.use.memory = false (default)
2020-03-19 17:15:51,904 [pool-788-thread-1] INFO  server.RaftServerConfigKeys (ConfUtils.java:logGet(43)) - raft.server.log.purge.gap = 1000000 (custom)
2020-03-19 17:15:51,904 [pool-788-thread-1] INFO  server.RaftServerConfigKeys (ConfUtils.java:logGet(43)) - raft.server.log.appender.buffer.byte-limit = 33554432 (custom)
2020-03-19 17:15:51,904 [pool-788-thread-1] INFO  server.RaftServerConfigKeys (ConfUtils.java:logGet(43)) - raft.server.log.segment.size.max = 1048576 (custom)
2020-03-19 17:15:51,904 [pool-788-thread-1] INFO  metrics.RatisMetrics (RatisMetrics.java:lambda$create$0(39)) - Creating Metrics Registry : ratis.log_worker.78c87700-eed0-40ed-9c83-27d56052797c
2020-03-19 17:15:51,904 [pool-788-thread-1] INFO  server.RaftServerConfigKeys (ConfUtils.java:logGet(43)) - raft.server.log.segment.cache.num.max = 2 (custom)
2020-03-19 17:15:51,904 [pool-788-thread-1] INFO  segmented.SegmentedRaftLogWorker (SegmentedRaftLogWorker.java:<init>(176)) - new 78c87700-eed0-40ed-9c83-27d56052797c@group-448E1A42821C-SegmentedRaftLogWorker for RaftStorage:Storage Directory /github/workspace/hadoop-ozone/integration-test/target/test-dir/MiniOzoneClusterImpl-80293407-04bd-45a8-aeac-96ce148bba0b/datanode-5/data/ratis/d7c22a97-1ee9-48ff-8c2f-448e1a42821c
2020-03-19 17:15:51,904 [pool-788-thread-1] INFO  server.RaftServerConfigKeys (ConfUtils.java:logGet(43)) - raft.server.log.queue.byte-limit = 2147483647 (custom)
2020-03-19 17:15:51,904 [pool-788-thread-1] INFO  server.RaftServerConfigKeys (ConfUtils.java:logGet(43)) - raft.server.log.queue.element-limit = 1024 (custom)
2020-03-19 17:15:51,904 [pool-788-thread-1] INFO  server.RaftServerConfigKeys (ConfUtils.java:logGet(43)) - raft.server.log.segment.size.max = 1048576 (custom)
2020-03-19 17:15:51,904 [pool-788-thread-1] INFO  server.RaftServerConfigKeys (ConfUtils.java:logGet(43)) - raft.server.log.preallocated.size = 16384 (custom)
2020-03-19 17:15:51,904 [pool-788-thread-1] INFO  server.RaftServerConfigKeys (ConfUtils.java:logGet(43)) - raft.server.log.write.buffer.size = 1048576 (custom)
2020-03-19 17:15:51,904 [pool-788-thread-1] INFO  server.RaftServerConfigKeys (ConfUtils.java:logGet(43)) - raft.server.log.force.sync.num = 128 (default)
2020-03-19 17:15:51,904 [pool-788-thread-1] INFO  server.RaftServerConfigKeys (ConfUtils.java:logGet(43)) - raft.server.log.statemachine.data.sync = true (default)
2020-03-19 17:15:51,904 [pool-788-thread-1] INFO  server.RaftServerConfigKeys (ConfUtils.java:logGet(43)) - raft.server.log.statemachine.data.sync.timeout = 10s (default)
2020-03-19 17:15:51,904 [pool-788-thread-1] INFO  server.RaftServerConfigKeys (ConfUtils.java:logGet(43)) - raft.server.log.statemachine.data.sync.timeout.retry = -1 (default)
2020-03-19 17:15:51,906 [pool-788-thread-1] INFO  server.RaftServerConfigKeys (ConfUtils.java:logGet(43)) - raft.server.log.statemachine.data.caching.enabled = true (custom)
2020-03-19 17:15:51,907 [pool-788-thread-1] INFO  segmented.SegmentedRaftLogWorker (SegmentedRaftLogWorker.java:lambda$new$0(129)) - 78c87700-eed0-40ed-9c83-27d56052797c@group-448E1A42821C-SegmentedRaftLogWorker: flushIndex: setUnconditionally 0 -> -1
2020-03-19 17:15:51,907 [pool-788-thread-1] INFO  server.RaftServerConfigKeys (ConfUtils.java:logGet(43)) - raft.server.snapshot.auto.trigger.enabled = true (custom)
2020-03-19 17:15:51,907 [pool-788-thread-1] INFO  server.RaftServerConfigKeys (ConfUtils.java:logGet(43)) - raft.server.snapshot.auto.trigger.threshold = 10000 (custom)
2020-03-19 17:15:51,907 [pool-788-thread-1] INFO  server.RaftServerConfigKeys (ConfUtils.java:logGet(43)) - raft.server.snapshot.retention.file.num = 5 (custom)
2020-03-19 17:15:51,907 [pool-788-thread-1] INFO  server.RaftServerConfigKeys (ConfUtils.java:logGet(43)) - raft.server.retrycache.expirytime = 600000ms (custom)
2020-03-19 17:15:51,907 [pool-788-thread-1] INFO  metrics.RatisMetrics (RatisMetrics.java:lambda$create$0(39)) - Creating Metrics Registry : ratis.leader_election.78c87700-eed0-40ed-9c83-27d56052797c@group-448E1A42821C
2020-03-19 17:15:51,908 [pool-788-thread-1] INFO  metrics.RatisMetrics (RatisMetrics.java:lambda$create$0(39)) - Creating Metrics Registry : ratis.server.78c87700-eed0-40ed-9c83-27d56052797c@group-448E1A42821C
2020-03-19 17:15:51,908 [pool-788-thread-1] INFO  impl.RaftServerImpl (RaftServerImpl.java:start(183)) - 78c87700-eed0-40ed-9c83-27d56052797c@group-448E1A42821C: start as a follower, conf=-1: [78c87700-eed0-40ed-9c83-27d56052797c:172.17.0.2:42939, 665f80ed-020a-4994-95dd-47071b79dcbc:172.17.0.2:33627, 7e69d50e-0a54-4234-a642-c3092d47dbb5:172.17.0.2:37797], old=null
2020-03-19 17:15:51,909 [pool-788-thread-1] INFO  impl.RaftServerImpl (RaftServerImpl.java:setRole(172)) - 78c87700-eed0-40ed-9c83-27d56052797c@group-448E1A42821C: changes role from      null to FOLLOWER at term 0 for startAsFollower
2020-03-19 17:15:51,909 [pool-788-thread-1] INFO  impl.RoleInfo (RoleInfo.java:updateAndGet(143)) - 78c87700-eed0-40ed-9c83-27d56052797c: start FollowerState
2020-03-19 17:15:51,909 [pool-788-thread-1] INFO  util.JmxRegister (JmxRegister.java:tryRegister(44)) - Successfully registered JMX Bean with object name Ratis:service=RaftServer,group=group-448E1A42821C,id=78c87700-eed0-40ed-9c83-27d56052797c
2020-03-19 17:15:51,909 [pool-788-thread-1] INFO  metrics.RatisMetrics (RatisMetrics.java:lambda$create$0(39)) - Creating Metrics Registry : ratis.state_machine.78c87700-eed0-40ed-9c83-27d56052797c@group-448E1A42821C
2020-03-19 17:15:51,916 [grpc-default-executor-1] INFO  impl.RaftServerProxy (RaftServerProxy.java:addNew(89)) - 7e69d50e-0a54-4234-a642-c3092d47dbb5: addNew group-448E1A42821C:[78c87700-eed0-40ed-9c83-27d56052797c:172.17.0.2:42939, 665f80ed-020a-4994-95dd-47071b79dcbc:172.17.0.2:33627, 7e69d50e-0a54-4234-a642-c3092d47dbb5:172.17.0.2:37797] returns group-448E1A42821C:java.util.concurrent.CompletableFuture@5a4db44a[Not completed]
2020-03-19 17:15:51,916 [pool-773-thread-1] INFO  impl.RaftServerImpl (RaftServerImpl.java:<init>(97)) - 7e69d50e-0a54-4234-a642-c3092d47dbb5: new RaftServerImpl for group-448E1A42821C:[78c87700-eed0-40ed-9c83-27d56052797c:172.17.0.2:42939, 665f80ed-020a-4994-95dd-47071b79dcbc:172.17.0.2:33627, 7e69d50e-0a54-4234-a642-c3092d47dbb5:172.17.0.2:37797] with ContainerStateMachine:uninitialized
2020-03-19 17:15:51,916 [pool-773-thread-1] INFO  server.RaftServerConfigKeys (ConfUtils.java:logGet(43)) - raft.server.rpc.timeout.min = 1s (custom)
2020-03-19 17:15:51,916 [pool-773-thread-1] INFO  server.RaftServerConfigKeys (ConfUtils.java:logGet(43)) - raft.server.rpc.timeout.max = 1200ms (custom)
2020-03-19 17:15:51,916 [pool-773-thread-1] INFO  server.RaftServerConfigKeys (ConfUtils.java:logGet(43)) - raft.server.rpcslowness.timeout = 300s (custom)
2020-03-19 17:15:51,916 [pool-773-thread-1] INFO  server.RaftServerConfigKeys (ConfUtils.java:logGet(43)) - raft.server.sleep.deviation.threshold = 300 (default)
2020-03-19 17:15:51,917 [pool-773-thread-1] INFO  server.RaftServerConfigKeys (ConfUtils.java:logGet(43)) - raft.server.log.appender.install.snapshot.enabled = false (custom)
2020-03-19 17:15:51,917 [pool-773-thread-1] INFO  impl.RaftServerImpl (ServerState.java:<init>(103)) - 7e69d50e-0a54-4234-a642-c3092d47dbb5@group-448E1A42821C: ConfigurationManager, init=-1: [78c87700-eed0-40ed-9c83-27d56052797c:172.17.0.2:42939, 665f80ed-020a-4994-95dd-47071b79dcbc:172.17.0.2:33627, 7e69d50e-0a54-4234-a642-c3092d47dbb5:172.17.0.2:37797], old=null, confs=<EMPTY_MAP>
2020-03-19 17:15:51,917 [pool-773-thread-1] INFO  server.RaftServerConfigKeys (ConfUtils.java:logGet(43)) - raft.server.storage.dir = [/github/workspace/hadoop-ozone/integration-test/target/test-dir/MiniOzoneClusterImpl-80293407-04bd-45a8-aeac-96ce148bba0b/datanode-4/data/ratis] (custom)
2020-03-19 17:15:51,917 [pool-773-thread-1] INFO  server.RaftServerConfigKeys (ConfUtils.java:logGet(43)) - raft.server.log.corruption.policy = EXCEPTION (default)
2020-03-19 17:15:51,917 [pool-773-thread-1] INFO  storage.RaftStorageDirectory (RaftStorageDirectory.java:analyzeStorage(253)) - The storage directory /github/workspace/hadoop-ozone/integration-test/target/test-dir/MiniOzoneClusterImpl-80293407-04bd-45a8-aeac-96ce148bba0b/datanode-4/data/ratis/d7c22a97-1ee9-48ff-8c2f-448e1a42821c does not exist. Creating ...
2020-03-19 17:15:51,919 [pool-773-thread-1] INFO  storage.RaftStorageDirectory (RaftStorageDirectory.java:tryLock(335)) - Lock on /github/workspace/hadoop-ozone/integration-test/target/test-dir/MiniOzoneClusterImpl-80293407-04bd-45a8-aeac-96ce148bba0b/datanode-4/data/ratis/d7c22a97-1ee9-48ff-8c2f-448e1a42821c/in_use.lock acquired by nodename 2543@e39e15fa19de
2020-03-19 17:15:51,920 [pool-773-thread-1] INFO  storage.RaftStorage (RaftStorage.java:format(84)) - Storage directory /github/workspace/hadoop-ozone/integration-test/target/test-dir/MiniOzoneClusterImpl-80293407-04bd-45a8-aeac-96ce148bba0b/datanode-4/data/ratis/d7c22a97-1ee9-48ff-8c2f-448e1a42821c has been successfully formatted.
2020-03-19 17:15:51,921 [pool-773-thread-1] INFO  ratis.ContainerStateMachine (ContainerStateMachine.java:loadSnapshot(233)) - group-448E1A42821C: The snapshot info is null. Setting the last applied indexto:(t:0, i:~)
2020-03-19 17:15:51,921 [pool-773-thread-1] INFO  server.RaftServerConfigKeys (ConfUtils.java:logGet(43)) - raft.server.notification.no-leader.timeout = 60s (default)
2020-03-19 17:15:51,921 [pool-773-thread-1] INFO  server.RaftServerConfigKeys (ConfUtils.java:logGet(43)) - raft.server.log.use.memory = false (default)
2020-03-19 17:15:51,921 [pool-773-thread-1] INFO  server.RaftServerConfigKeys (ConfUtils.java:logGet(43)) - raft.server.log.purge.gap = 1000000 (custom)
2020-03-19 17:15:51,921 [pool-773-thread-1] INFO  server.RaftServerConfigKeys (ConfUtils.java:logGet(43)) - raft.server.log.appender.buffer.byte-limit = 33554432 (custom)
2020-03-19 17:15:51,921 [pool-773-thread-1] INFO  server.RaftServerConfigKeys (ConfUtils.java:logGet(43)) - raft.server.log.segment.size.max = 1048576 (custom)
2020-03-19 17:15:51,921 [pool-773-thread-1] INFO  metrics.RatisMetrics (RatisMetrics.java:lambda$create$0(39)) - Creating Metrics Registry : ratis.log_worker.7e69d50e-0a54-4234-a642-c3092d47dbb5
2020-03-19 17:15:51,921 [pool-773-thread-1] INFO  server.RaftServerConfigKeys (ConfUtils.java:logGet(43)) - raft.server.log.segment.cache.num.max = 2 (custom)
2020-03-19 17:15:51,921 [pool-773-thread-1] INFO  segmented.SegmentedRaftLogWorker (SegmentedRaftLogWorker.java:<init>(176)) - new 7e69d50e-0a54-4234-a642-c3092d47dbb5@group-448E1A42821C-SegmentedRaftLogWorker for RaftStorage:Storage Directory /github/workspace/hadoop-ozone/integration-test/target/test-dir/MiniOzoneClusterImpl-80293407-04bd-45a8-aeac-96ce148bba0b/datanode-4/data/ratis/d7c22a97-1ee9-48ff-8c2f-448e1a42821c
2020-03-19 17:15:51,922 [pool-773-thread-1] INFO  server.RaftServerConfigKeys (ConfUtils.java:logGet(43)) - raft.server.log.queue.byte-limit = 2147483647 (custom)
2020-03-19 17:15:51,922 [pool-773-thread-1] INFO  server.RaftServerConfigKeys (ConfUtils.java:logGet(43)) - raft.server.log.queue.element-limit = 1024 (custom)
2020-03-19 17:15:51,922 [pool-773-thread-1] INFO  server.RaftServerConfigKeys (ConfUtils.java:logGet(43)) - raft.server.log.segment.size.max = 1048576 (custom)
2020-03-19 17:15:51,922 [pool-773-thread-1] INFO  server.RaftServerConfigKeys (ConfUtils.java:logGet(43)) - raft.server.log.preallocated.size = 16384 (custom)
2020-03-19 17:15:51,922 [pool-773-thread-1] INFO  server.RaftServerConfigKeys (ConfUtils.java:logGet(43)) - raft.server.log.write.buffer.size = 1048576 (custom)
2020-03-19 17:15:51,922 [pool-773-thread-1] INFO  server.RaftServerConfigKeys (ConfUtils.java:logGet(43)) - raft.server.log.force.sync.num = 128 (default)
2020-03-19 17:15:51,922 [pool-773-thread-1] INFO  server.RaftServerConfigKeys (ConfUtils.java:logGet(43)) - raft.server.log.statemachine.data.sync = true (default)
2020-03-19 17:15:51,922 [pool-773-thread-1] INFO  server.RaftServerConfigKeys (ConfUtils.java:logGet(43)) - raft.server.log.statemachine.data.sync.timeout = 10s (default)
2020-03-19 17:15:51,922 [pool-773-thread-1] INFO  server.RaftServerConfigKeys (ConfUtils.java:logGet(43)) - raft.server.log.statemachine.data.sync.timeout.retry = -1 (default)
2020-03-19 17:15:51,924 [pool-773-thread-1] INFO  server.RaftServerConfigKeys (ConfUtils.java:logGet(43)) - raft.server.log.statemachine.data.caching.enabled = true (custom)
2020-03-19 17:15:51,924 [pool-773-thread-1] INFO  segmented.SegmentedRaftLogWorker (SegmentedRaftLogWorker.java:lambda$new$0(129)) - 7e69d50e-0a54-4234-a642-c3092d47dbb5@group-448E1A42821C-SegmentedRaftLogWorker: flushIndex: setUnconditionally 0 -> -1
2020-03-19 17:15:51,924 [pool-773-thread-1] INFO  server.RaftServerConfigKeys (ConfUtils.java:logGet(43)) - raft.server.snapshot.auto.trigger.enabled = true (custom)
2020-03-19 17:15:51,924 [pool-773-thread-1] INFO  server.RaftServerConfigKeys (ConfUtils.java:logGet(43)) - raft.server.snapshot.auto.trigger.threshold = 10000 (custom)
2020-03-19 17:15:51,924 [pool-773-thread-1] INFO  server.RaftServerConfigKeys (ConfUtils.java:logGet(43)) - raft.server.snapshot.retention.file.num = 5 (custom)
2020-03-19 17:15:51,924 [pool-773-thread-1] INFO  server.RaftServerConfigKeys (ConfUtils.java:logGet(43)) - raft.server.retrycache.expirytime = 600000ms (custom)
2020-03-19 17:15:51,925 [pool-773-thread-1] INFO  metrics.RatisMetrics (RatisMetrics.java:lambda$create$0(39)) - Creating Metrics Registry : ratis.leader_election.7e69d50e-0a54-4234-a642-c3092d47dbb5@group-448E1A42821C
2020-03-19 17:15:51,925 [pool-773-thread-1] INFO  metrics.RatisMetrics (RatisMetrics.java:lambda$create$0(39)) - Creating Metrics Registry : ratis.server.7e69d50e-0a54-4234-a642-c3092d47dbb5@group-448E1A42821C
2020-03-19 17:15:51,926 [pool-773-thread-1] INFO  impl.RaftServerImpl (RaftServerImpl.java:start(183)) - 7e69d50e-0a54-4234-a642-c3092d47dbb5@group-448E1A42821C: start as a follower, conf=-1: [78c87700-eed0-40ed-9c83-27d56052797c:172.17.0.2:42939, 665f80ed-020a-4994-95dd-47071b79dcbc:172.17.0.2:33627, 7e69d50e-0a54-4234-a642-c3092d47dbb5:172.17.0.2:37797], old=null
2020-03-19 17:15:51,926 [pool-773-thread-1] INFO  impl.RaftServerImpl (RaftServerImpl.java:setRole(172)) - 7e69d50e-0a54-4234-a642-c3092d47dbb5@group-448E1A42821C: changes role from      null to FOLLOWER at term 0 for startAsFollower
2020-03-19 17:15:51,926 [pool-773-thread-1] INFO  impl.RoleInfo (RoleInfo.java:updateAndGet(143)) - 7e69d50e-0a54-4234-a642-c3092d47dbb5: start FollowerState
2020-03-19 17:15:51,926 [pool-773-thread-1] INFO  util.JmxRegister (JmxRegister.java:tryRegister(44)) - Successfully registered JMX Bean with object name Ratis:service=RaftServer,group=group-448E1A42821C,id=7e69d50e-0a54-4234-a642-c3092d47dbb5
2020-03-19 17:15:51,926 [pool-773-thread-1] INFO  metrics.RatisMetrics (RatisMetrics.java:lambda$create$0(39)) - Creating Metrics Registry : ratis.state_machine.7e69d50e-0a54-4234-a642-c3092d47dbb5@group-448E1A42821C
2020-03-19 17:15:51,931 [Command processor thread] INFO  commandhandler.CreatePipelineCommandHandler (CreatePipelineCommandHandler.java:handle(112)) - Created Pipeline RATIS THREE #id: "d7c22a97-1ee9-48ff-8c2f-448e1a42821c"
.
2020-03-19 17:15:51,935 [Command processor thread] INFO  impl.RaftServerProxy (RaftServerProxy.java:addNew(89)) - 7e69d50e-0a54-4234-a642-c3092d47dbb5: addNew group-31970616EB44:[7e69d50e-0a54-4234-a642-c3092d47dbb5:172.17.0.2:37797] returns group-31970616EB44:java.util.concurrent.CompletableFuture@342357e[Not completed]
2020-03-19 17:15:51,935 [pool-773-thread-1] INFO  impl.RaftServerImpl (RaftServerImpl.java:<init>(97)) - 7e69d50e-0a54-4234-a642-c3092d47dbb5: new RaftServerImpl for group-31970616EB44:[7e69d50e-0a54-4234-a642-c3092d47dbb5:172.17.0.2:37797] with ContainerStateMachine:uninitialized
2020-03-19 17:15:51,935 [pool-773-thread-1] INFO  server.RaftServerConfigKeys (ConfUtils.java:logGet(43)) - raft.server.rpc.timeout.min = 1s (custom)
2020-03-19 17:15:51,935 [pool-773-thread-1] INFO  server.RaftServerConfigKeys (ConfUtils.java:logGet(43)) - raft.server.rpc.timeout.max = 1200ms (custom)
2020-03-19 17:15:51,935 [pool-773-thread-1] INFO  server.RaftServerConfigKeys (ConfUtils.java:logGet(43)) - raft.server.rpcslowness.timeout = 300s (custom)
2020-03-19 17:15:51,935 [pool-773-thread-1] INFO  server.RaftServerConfigKeys (ConfUtils.java:logGet(43)) - raft.server.sleep.deviation.threshold = 300 (default)
2020-03-19 17:15:51,936 [pool-773-thread-1] INFO  server.RaftServerConfigKeys (ConfUtils.java:logGet(43)) - raft.server.log.appender.install.snapshot.enabled = false (custom)
2020-03-19 17:15:51,936 [pool-773-thread-1] INFO  impl.RaftServerImpl (ServerState.java:<init>(103)) - 7e69d50e-0a54-4234-a642-c3092d47dbb5@group-31970616EB44: ConfigurationManager, init=-1: [7e69d50e-0a54-4234-a642-c3092d47dbb5:172.17.0.2:37797], old=null, confs=<EMPTY_MAP>
2020-03-19 17:15:51,936 [pool-773-thread-1] INFO  server.RaftServerConfigKeys (ConfUtils.java:logGet(43)) - raft.server.storage.dir = [/github/workspace/hadoop-ozone/integration-test/target/test-dir/MiniOzoneClusterImpl-80293407-04bd-45a8-aeac-96ce148bba0b/datanode-4/data/ratis] (custom)
2020-03-19 17:15:51,936 [pool-773-thread-1] INFO  server.RaftServerConfigKeys (ConfUtils.java:logGet(43)) - raft.server.log.corruption.policy = EXCEPTION (default)
2020-03-19 17:15:51,936 [pool-773-thread-1] INFO  storage.RaftStorageDirectory (RaftStorageDirectory.java:analyzeStorage(253)) - The storage directory /github/workspace/hadoop-ozone/integration-test/target/test-dir/MiniOzoneClusterImpl-80293407-04bd-45a8-aeac-96ce148bba0b/datanode-4/data/ratis/71604343-59e0-4c63-8ff5-31970616eb44 does not exist. Creating ...
2020-03-19 17:15:51,937 [pool-773-thread-1] INFO  storage.RaftStorageDirectory (RaftStorageDirectory.java:tryLock(335)) - Lock on /github/workspace/hadoop-ozone/integration-test/target/test-dir/MiniOzoneClusterImpl-80293407-04bd-45a8-aeac-96ce148bba0b/datanode-4/data/ratis/71604343-59e0-4c63-8ff5-31970616eb44/in_use.lock acquired by nodename 2543@e39e15fa19de
2020-03-19 17:15:51,938 [pool-773-thread-1] INFO  storage.RaftStorage (RaftStorage.java:format(84)) - Storage directory /github/workspace/hadoop-ozone/integration-test/target/test-dir/MiniOzoneClusterImpl-80293407-04bd-45a8-aeac-96ce148bba0b/datanode-4/data/ratis/71604343-59e0-4c63-8ff5-31970616eb44 has been successfully formatted.
2020-03-19 17:15:51,938 [pool-773-thread-1] INFO  ratis.ContainerStateMachine (ContainerStateMachine.java:loadSnapshot(233)) - group-31970616EB44: The snapshot info is null. Setting the last applied indexto:(t:0, i:~)
2020-03-19 17:15:51,938 [pool-773-thread-1] INFO  server.RaftServerConfigKeys (ConfUtils.java:logGet(43)) - raft.server.notification.no-leader.timeout = 60s (default)
2020-03-19 17:15:51,938 [pool-773-thread-1] INFO  server.RaftServerConfigKeys (ConfUtils.java:logGet(43)) - raft.server.log.use.memory = false (default)
2020-03-19 17:15:51,938 [pool-773-thread-1] INFO  server.RaftServerConfigKeys (ConfUtils.java:logGet(43)) - raft.server.log.purge.gap = 1000000 (custom)
2020-03-19 17:15:51,938 [pool-773-thread-1] INFO  server.RaftServerConfigKeys (ConfUtils.java:logGet(43)) - raft.server.log.appender.buffer.byte-limit = 33554432 (custom)
2020-03-19 17:15:51,938 [pool-773-thread-1] INFO  server.RaftServerConfigKeys (ConfUtils.java:logGet(43)) - raft.server.log.segment.size.max = 1048576 (custom)
2020-03-19 17:15:51,938 [pool-773-thread-1] INFO  server.RaftServerConfigKeys (ConfUtils.java:logGet(43)) - raft.server.log.segment.cache.num.max = 2 (custom)
2020-03-19 17:15:51,939 [pool-773-thread-1] INFO  segmented.SegmentedRaftLogWorker (SegmentedRaftLogWorker.java:<init>(176)) - new 7e69d50e-0a54-4234-a642-c3092d47dbb5@group-31970616EB44-SegmentedRaftLogWorker for RaftStorage:Storage Directory /github/workspace/hadoop-ozone/integration-test/target/test-dir/MiniOzoneClusterImpl-80293407-04bd-45a8-aeac-96ce148bba0b/datanode-4/data/ratis/71604343-59e0-4c63-8ff5-31970616eb44
2020-03-19 17:15:51,939 [pool-773-thread-1] INFO  server.RaftServerConfigKeys (ConfUtils.java:logGet(43)) - raft.server.log.queue.byte-limit = 2147483647 (custom)
2020-03-19 17:15:51,939 [pool-773-thread-1] INFO  server.RaftServerConfigKeys (ConfUtils.java:logGet(43)) - raft.server.log.queue.element-limit = 1024 (custom)
2020-03-19 17:15:51,939 [pool-773-thread-1] INFO  server.RaftServerConfigKeys (ConfUtils.java:logGet(43)) - raft.server.log.segment.size.max = 1048576 (custom)
2020-03-19 17:15:51,939 [pool-773-thread-1] INFO  server.RaftServerConfigKeys (ConfUtils.java:logGet(43)) - raft.server.log.preallocated.size = 16384 (custom)
2020-03-19 17:15:51,939 [pool-773-thread-1] INFO  server.RaftServerConfigKeys (ConfUtils.java:logGet(43)) - raft.server.log.write.buffer.size = 1048576 (custom)
2020-03-19 17:15:51,939 [EventQueue-PipelineReportForPipelineReportHandler] INFO  pipeline.PipelineStateManager (PipelineStateManager.java:openPipeline(131)) - Pipeline Pipeline[ Id: 71604343-59e0-4c63-8ff5-31970616eb44, Nodes: 7e69d50e-0a54-4234-a642-c3092d47dbb5{ip: 172.17.0.2, host: e39e15fa19de, networkLocation: /rack1, certSerialId: null}, Type:RATIS, Factor:ONE, State:ALLOCATED, leaderId:7e69d50e-0a54-4234-a642-c3092d47dbb5, CreationTimestamp2020-03-19T17:15:48.935Z] moved to OPEN state
2020-03-19 17:15:51,939 [pool-773-thread-1] INFO  server.RaftServerConfigKeys (ConfUtils.java:logGet(43)) - raft.server.log.force.sync.num = 128 (default)
2020-03-19 17:15:51,939 [pool-773-thread-1] INFO  server.RaftServerConfigKeys (ConfUtils.java:logGet(43)) - raft.server.log.statemachine.data.sync = true (default)
2020-03-19 17:15:51,939 [pool-773-thread-1] INFO  server.RaftServerConfigKeys (ConfUtils.java:logGet(43)) - raft.server.log.statemachine.data.sync.timeout = 10s (default)
2020-03-19 17:15:51,939 [pool-773-thread-1] INFO  server.RaftServerConfigKeys (ConfUtils.java:logGet(43)) - raft.server.log.statemachine.data.sync.timeout.retry = -1 (default)
2020-03-19 17:15:51,939 [pool-773-thread-1] INFO  server.RaftServerConfigKeys (ConfUtils.java:logGet(43)) - raft.server.log.statemachine.data.caching.enabled = true (custom)
2020-03-19 17:15:51,939 [pool-773-thread-1] INFO  segmented.SegmentedRaftLogWorker (SegmentedRaftLogWorker.java:lambda$new$0(129)) - 7e69d50e-0a54-4234-a642-c3092d47dbb5@group-31970616EB44-SegmentedRaftLogWorker: flushIndex: setUnconditionally 0 -> -1
2020-03-19 17:15:51,940 [EventQueue-OpenPipelineForHealthyPipelineSafeModeRule] INFO  safemode.SCMSafeModeManager (HealthyPipelineSafeModeRule.java:process(131)) - SCM in safe mode. Healthy pipelines reported count is 0, required healthy pipeline reported count is 1
2020-03-19 17:15:51,940 [EventQueue-OpenPipelineForOneReplicaPipelineSafeModeRule] INFO  safemode.SCMSafeModeManager (SCMSafeModeManager.java:validateSafeModeExitRules(175)) - AtleastOneDatanodeReportedRule rule is successfully validated
2020-03-19 17:15:51,942 [pool-773-thread-1] INFO  server.RaftServerConfigKeys (ConfUtils.java:logGet(43)) - raft.server.snapshot.auto.trigger.enabled = true (custom)
2020-03-19 17:15:51,942 [pool-773-thread-1] INFO  server.RaftServerConfigKeys (ConfUtils.java:logGet(43)) - raft.server.snapshot.auto.trigger.threshold = 10000 (custom)
2020-03-19 17:15:51,942 [pool-773-thread-1] INFO  server.RaftServerConfigKeys (ConfUtils.java:logGet(43)) - raft.server.snapshot.retention.file.num = 5 (custom)
2020-03-19 17:15:51,942 [pool-773-thread-1] INFO  server.RaftServerConfigKeys (ConfUtils.java:logGet(43)) - raft.server.retrycache.expirytime = 600000ms (custom)
2020-03-19 17:15:51,942 [pool-773-thread-1] INFO  metrics.RatisMetrics (RatisMetrics.java:lambda$create$0(39)) - Creating Metrics Registry : ratis.leader_election.7e69d50e-0a54-4234-a642-c3092d47dbb5@group-31970616EB44
2020-03-19 17:15:51,943 [pool-773-thread-1] INFO  metrics.RatisMetrics (RatisMetrics.java:lambda$create$0(39)) - Creating Metrics Registry : ratis.server.7e69d50e-0a54-4234-a642-c3092d47dbb5@group-31970616EB44
2020-03-19 17:15:51,943 [pool-773-thread-1] INFO  impl.RaftServerImpl (RaftServerImpl.java:start(183)) - 7e69d50e-0a54-4234-a642-c3092d47dbb5@group-31970616EB44: start as a follower, conf=-1: [7e69d50e-0a54-4234-a642-c3092d47dbb5:172.17.0.2:37797], old=null
2020-03-19 17:15:51,943 [pool-773-thread-1] INFO  impl.RaftServerImpl (RaftServerImpl.java:setRole(172)) - 7e69d50e-0a54-4234-a642-c3092d47dbb5@group-31970616EB44: changes role from      null to FOLLOWER at term 0 for startAsFollower
2020-03-19 17:15:51,944 [pool-773-thread-1] INFO  impl.RoleInfo (RoleInfo.java:updateAndGet(143)) - 7e69d50e-0a54-4234-a642-c3092d47dbb5: start FollowerState
2020-03-19 17:15:51,944 [pool-773-thread-1] INFO  util.JmxRegister (JmxRegister.java:tryRegister(44)) - Successfully registered JMX Bean with object name Ratis:service=RaftServer,group=group-31970616EB44,id=7e69d50e-0a54-4234-a642-c3092d47dbb5
2020-03-19 17:15:51,944 [pool-773-thread-1] INFO  metrics.RatisMetrics (RatisMetrics.java:lambda$create$0(39)) - Creating Metrics Registry : ratis.state_machine.7e69d50e-0a54-4234-a642-c3092d47dbb5@group-31970616EB44
2020-03-19 17:15:51,945 [Command processor thread] INFO  commandhandler.CreatePipelineCommandHandler (CreatePipelineCommandHandler.java:handle(112)) - Created Pipeline RATIS ONE #id: "71604343-59e0-4c63-8ff5-31970616eb44"
.
2020-03-19 17:15:51,985 [Command processor thread] INFO  impl.RaftServerProxy (RaftServerProxy.java:addNew(89)) - 78c87700-eed0-40ed-9c83-27d56052797c: addNew group-ADB3C46851E8:[78c87700-eed0-40ed-9c83-27d56052797c:172.17.0.2:42939] returns group-ADB3C46851E8:java.util.concurrent.CompletableFuture@16294046[Not completed]
2020-03-19 17:15:51,986 [pool-788-thread-1] INFO  impl.RaftServerImpl (RaftServerImpl.java:<init>(97)) - 78c87700-eed0-40ed-9c83-27d56052797c: new RaftServerImpl for group-ADB3C46851E8:[78c87700-eed0-40ed-9c83-27d56052797c:172.17.0.2:42939] with ContainerStateMachine:uninitialized
2020-03-19 17:15:51,986 [pool-788-thread-1] INFO  server.RaftServerConfigKeys (ConfUtils.java:logGet(43)) - raft.server.rpc.timeout.min = 1s (custom)
2020-03-19 17:15:51,986 [pool-788-thread-1] INFO  server.RaftServerConfigKeys (ConfUtils.java:logGet(43)) - raft.server.rpc.timeout.max = 1200ms (custom)
2020-03-19 17:15:51,987 [pool-788-thread-1] INFO  server.RaftServerConfigKeys (ConfUtils.java:logGet(43)) - raft.server.rpcslowness.timeout = 300s (custom)
2020-03-19 17:15:51,987 [pool-788-thread-1] INFO  server.RaftServerConfigKeys (ConfUtils.java:logGet(43)) - raft.server.sleep.deviation.threshold = 300 (default)
2020-03-19 17:15:51,987 [pool-788-thread-1] INFO  server.RaftServerConfigKeys (ConfUtils.java:logGet(43)) - raft.server.log.appender.install.snapshot.enabled = false (custom)
2020-03-19 17:15:51,987 [pool-788-thread-1] INFO  impl.RaftServerImpl (ServerState.java:<init>(103)) - 78c87700-eed0-40ed-9c83-27d56052797c@group-ADB3C46851E8: ConfigurationManager, init=-1: [78c87700-eed0-40ed-9c83-27d56052797c:172.17.0.2:42939], old=null, confs=<EMPTY_MAP>
2020-03-19 17:15:51,987 [pool-788-thread-1] INFO  server.RaftServerConfigKeys (ConfUtils.java:logGet(43)) - raft.server.storage.dir = [/github/workspace/hadoop-ozone/integration-test/target/test-dir/MiniOzoneClusterImpl-80293407-04bd-45a8-aeac-96ce148bba0b/datanode-5/data/ratis] (custom)
2020-03-19 17:15:51,987 [pool-788-thread-1] INFO  server.RaftServerConfigKeys (ConfUtils.java:logGet(43)) - raft.server.log.corruption.policy = EXCEPTION (default)
2020-03-19 17:15:51,987 [pool-788-thread-1] INFO  storage.RaftStorageDirectory (RaftStorageDirectory.java:analyzeStorage(253)) - The storage directory /github/workspace/hadoop-ozone/integration-test/target/test-dir/MiniOzoneClusterImpl-80293407-04bd-45a8-aeac-96ce148bba0b/datanode-5/data/ratis/da40380c-784a-4929-be66-adb3c46851e8 does not exist. Creating ...
2020-03-19 17:15:51,988 [pool-788-thread-1] INFO  storage.RaftStorageDirectory (RaftStorageDirectory.java:tryLock(335)) - Lock on /github/workspace/hadoop-ozone/integration-test/target/test-dir/MiniOzoneClusterImpl-80293407-04bd-45a8-aeac-96ce148bba0b/datanode-5/data/ratis/da40380c-784a-4929-be66-adb3c46851e8/in_use.lock acquired by nodename 2543@e39e15fa19de
2020-03-19 17:15:51,989 [pool-788-thread-1] INFO  storage.RaftStorage (RaftStorage.java:format(84)) - Storage directory /github/workspace/hadoop-ozone/integration-test/target/test-dir/MiniOzoneClusterImpl-80293407-04bd-45a8-aeac-96ce148bba0b/datanode-5/data/ratis/da40380c-784a-4929-be66-adb3c46851e8 has been successfully formatted.
2020-03-19 17:15:51,989 [pool-788-thread-1] INFO  ratis.ContainerStateMachine (ContainerStateMachine.java:loadSnapshot(233)) - group-ADB3C46851E8: The snapshot info is null. Setting the last applied indexto:(t:0, i:~)
2020-03-19 17:15:51,989 [pool-788-thread-1] INFO  server.RaftServerConfigKeys (ConfUtils.java:logGet(43)) - raft.server.notification.no-leader.timeout = 60s (default)
2020-03-19 17:15:51,989 [pool-788-thread-1] INFO  server.RaftServerConfigKeys (ConfUtils.java:logGet(43)) - raft.server.log.use.memory = false (default)
2020-03-19 17:15:51,989 [pool-788-thread-1] INFO  server.RaftServerConfigKeys (ConfUtils.java:logGet(43)) - raft.server.log.purge.gap = 1000000 (custom)
2020-03-19 17:15:51,990 [pool-788-thread-1] INFO  server.RaftServerConfigKeys (ConfUtils.java:logGet(43)) - raft.server.log.appender.buffer.byte-limit = 33554432 (custom)
2020-03-19 17:15:51,990 [pool-788-thread-1] INFO  server.RaftServerConfigKeys (ConfUtils.java:logGet(43)) - raft.server.log.segment.size.max = 1048576 (custom)
2020-03-19 17:15:51,990 [pool-788-thread-1] INFO  server.RaftServerConfigKeys (ConfUtils.java:logGet(43)) - raft.server.log.segment.cache.num.max = 2 (custom)
2020-03-19 17:15:51,990 [pool-788-thread-1] INFO  segmented.SegmentedRaftLogWorker (SegmentedRaftLogWorker.java:<init>(176)) - new 78c87700-eed0-40ed-9c83-27d56052797c@group-ADB3C46851E8-SegmentedRaftLogWorker for RaftStorage:Storage Directory /github/workspace/hadoop-ozone/integration-test/target/test-dir/MiniOzoneClusterImpl-80293407-04bd-45a8-aeac-96ce148bba0b/datanode-5/data/ratis/da40380c-784a-4929-be66-adb3c46851e8
2020-03-19 17:15:51,990 [pool-788-thread-1] INFO  server.RaftServerConfigKeys (ConfUtils.java:logGet(43)) - raft.server.log.queue.byte-limit = 2147483647 (custom)
2020-03-19 17:15:51,990 [pool-788-thread-1] INFO  server.RaftServerConfigKeys (ConfUtils.java:logGet(43)) - raft.server.log.queue.element-limit = 1024 (custom)
2020-03-19 17:15:51,990 [EventQueue-PipelineReportForPipelineReportHandler] INFO  pipeline.PipelineStateManager (PipelineStateManager.java:openPipeline(131)) - Pipeline Pipeline[ Id: da40380c-784a-4929-be66-adb3c46851e8, Nodes: 78c87700-eed0-40ed-9c83-27d56052797c{ip: 172.17.0.2, host: e39e15fa19de, networkLocation: /rack1, certSerialId: null}, Type:RATIS, Factor:ONE, State:ALLOCATED, leaderId:78c87700-eed0-40ed-9c83-27d56052797c, CreationTimestamp2020-03-19T17:15:48.987Z] moved to OPEN state
2020-03-19 17:15:51,990 [EventQueue-OpenPipelineForHealthyPipelineSafeModeRule] INFO  safemode.SCMSafeModeManager (HealthyPipelineSafeModeRule.java:process(131)) - SCM in safe mode. Healthy pipelines reported count is 0, required healthy pipeline reported count is 1
2020-03-19 17:15:51,990 [EventQueue-OpenPipelineForOneReplicaPipelineSafeModeRule] INFO  safemode.SCMSafeModeManager (SCMSafeModeManager.java:validateSafeModeExitRules(175)) - AtleastOneDatanodeReportedRule rule is successfully validated
2020-03-19 17:15:51,990 [pool-788-thread-1] INFO  server.RaftServerConfigKeys (ConfUtils.java:logGet(43)) - raft.server.log.segment.size.max = 1048576 (custom)
2020-03-19 17:15:51,990 [pool-788-thread-1] INFO  server.RaftServerConfigKeys (ConfUtils.java:logGet(43)) - raft.server.log.preallocated.size = 16384 (custom)
2020-03-19 17:15:51,990 [pool-788-thread-1] INFO  server.RaftServerConfigKeys (ConfUtils.java:logGet(43)) - raft.server.log.write.buffer.size = 1048576 (custom)
2020-03-19 17:15:51,990 [pool-788-thread-1] INFO  server.RaftServerConfigKeys (ConfUtils.java:logGet(43)) - raft.server.log.force.sync.num = 128 (default)
2020-03-19 17:15:51,990 [pool-788-thread-1] INFO  server.RaftServerConfigKeys (ConfUtils.java:logGet(43)) - raft.server.log.statemachine.data.sync = true (default)
2020-03-19 17:15:51,990 [pool-788-thread-1] INFO  server.RaftServerConfigKeys (ConfUtils.java:logGet(43)) - raft.server.log.statemachine.data.sync.timeout = 10s (default)
2020-03-19 17:15:51,990 [pool-788-thread-1] INFO  server.RaftServerConfigKeys (ConfUtils.java:logGet(43)) - raft.server.log.statemachine.data.sync.timeout.retry = -1 (default)
2020-03-19 17:15:51,991 [pool-788-thread-1] INFO  server.RaftServerConfigKeys (ConfUtils.java:logGet(43)) - raft.server.log.statemachine.data.caching.enabled = true (custom)
2020-03-19 17:15:51,991 [pool-788-thread-1] INFO  segmented.SegmentedRaftLogWorker (SegmentedRaftLogWorker.java:lambda$new$0(129)) - 78c87700-eed0-40ed-9c83-27d56052797c@group-ADB3C46851E8-SegmentedRaftLogWorker: flushIndex: setUnconditionally 0 -> -1
2020-03-19 17:15:51,991 [pool-788-thread-1] INFO  server.RaftServerConfigKeys (ConfUtils.java:logGet(43)) - raft.server.snapshot.auto.trigger.enabled = true (custom)
2020-03-19 17:15:51,991 [pool-788-thread-1] INFO  server.RaftServerConfigKeys (ConfUtils.java:logGet(43)) - raft.server.snapshot.auto.trigger.threshold = 10000 (custom)
2020-03-19 17:15:51,991 [pool-788-thread-1] INFO  server.RaftServerConfigKeys (ConfUtils.java:logGet(43)) - raft.server.snapshot.retention.file.num = 5 (custom)
2020-03-19 17:15:51,991 [pool-788-thread-1] INFO  server.RaftServerConfigKeys (ConfUtils.java:logGet(43)) - raft.server.retrycache.expirytime = 600000ms (custom)
2020-03-19 17:15:51,991 [pool-788-thread-1] INFO  metrics.RatisMetrics (RatisMetrics.java:lambda$create$0(39)) - Creating Metrics Registry : ratis.leader_election.78c87700-eed0-40ed-9c83-27d56052797c@group-ADB3C46851E8
2020-03-19 17:15:51,992 [pool-788-thread-1] INFO  metrics.RatisMetrics (RatisMetrics.java:lambda$create$0(39)) - Creating Metrics Registry : ratis.server.78c87700-eed0-40ed-9c83-27d56052797c@group-ADB3C46851E8
2020-03-19 17:15:51,992 [pool-788-thread-1] INFO  impl.RaftServerImpl (RaftServerImpl.java:start(183)) - 78c87700-eed0-40ed-9c83-27d56052797c@group-ADB3C46851E8: start as a follower, conf=-1: [78c87700-eed0-40ed-9c83-27d56052797c:172.17.0.2:42939], old=null
2020-03-19 17:15:51,992 [pool-788-thread-1] INFO  impl.RaftServerImpl (RaftServerImpl.java:setRole(172)) - 78c87700-eed0-40ed-9c83-27d56052797c@group-ADB3C46851E8: changes role from      null to FOLLOWER at term 0 for startAsFollower
2020-03-19 17:15:51,993 [pool-788-thread-1] INFO  impl.RoleInfo (RoleInfo.java:updateAndGet(143)) - 78c87700-eed0-40ed-9c83-27d56052797c: start FollowerState
2020-03-19 17:15:51,993 [pool-788-thread-1] INFO  util.JmxRegister (JmxRegister.java:tryRegister(44)) - Successfully registered JMX Bean with object name Ratis:service=RaftServer,group=group-ADB3C46851E8,id=78c87700-eed0-40ed-9c83-27d56052797c
2020-03-19 17:15:51,993 [pool-788-thread-1] INFO  metrics.RatisMetrics (RatisMetrics.java:lambda$create$0(39)) - Creating Metrics Registry : ratis.state_machine.78c87700-eed0-40ed-9c83-27d56052797c@group-ADB3C46851E8
2020-03-19 17:15:51,994 [Command processor thread] INFO  commandhandler.CreatePipelineCommandHandler (CreatePipelineCommandHandler.java:handle(112)) - Created Pipeline RATIS ONE #id: "da40380c-784a-4929-be66-adb3c46851e8"
.
2020-03-19 17:15:52,048 [Command processor thread] INFO  impl.RaftServerProxy (RaftServerProxy.java:addNew(89)) - 5ac25ff6-d68b-4c37-b38b-9bf9f6fc66ee: addNew group-88A27B091AA5:[5ac25ff6-d68b-4c37-b38b-9bf9f6fc66ee:172.17.0.2:36941] returns group-88A27B091AA5:java.util.concurrent.CompletableFuture@44ea061c[Not completed]
2020-03-19 17:15:52,049 [pool-803-thread-1] INFO  impl.RaftServerImpl (RaftServerImpl.java:<init>(97)) - 5ac25ff6-d68b-4c37-b38b-9bf9f6fc66ee: new RaftServerImpl for group-88A27B091AA5:[5ac25ff6-d68b-4c37-b38b-9bf9f6fc66ee:172.17.0.2:36941] with ContainerStateMachine:uninitialized
2020-03-19 17:15:52,049 [pool-803-thread-1] INFO  server.RaftServerConfigKeys (ConfUtils.java:logGet(43)) - raft.server.rpc.timeout.min = 1s (custom)
2020-03-19 17:15:52,049 [pool-803-thread-1] INFO  server.RaftServerConfigKeys (ConfUtils.java:logGet(43)) - raft.server.rpc.timeout.max = 1200ms (custom)
2020-03-19 17:15:52,049 [pool-803-thread-1] INFO  server.RaftServerConfigKeys (ConfUtils.java:logGet(43)) - raft.server.rpcslowness.timeout = 300s (custom)
2020-03-19 17:15:52,049 [pool-803-thread-1] INFO  server.RaftServerConfigKeys (ConfUtils.java:logGet(43)) - raft.server.sleep.deviation.threshold = 300 (default)
2020-03-19 17:15:52,049 [pool-803-thread-1] INFO  server.RaftServerConfigKeys (ConfUtils.java:logGet(43)) - raft.server.log.appender.install.snapshot.enabled = false (custom)
2020-03-19 17:15:52,049 [pool-803-thread-1] INFO  impl.RaftServerImpl (ServerState.java:<init>(103)) - 5ac25ff6-d68b-4c37-b38b-9bf9f6fc66ee@group-88A27B091AA5: ConfigurationManager, init=-1: [5ac25ff6-d68b-4c37-b38b-9bf9f6fc66ee:172.17.0.2:36941], old=null, confs=<EMPTY_MAP>
2020-03-19 17:15:52,050 [pool-803-thread-1] INFO  server.RaftServerConfigKeys (ConfUtils.java:logGet(43)) - raft.server.storage.dir = [/github/workspace/hadoop-ozone/integration-test/target/test-dir/MiniOzoneClusterImpl-80293407-04bd-45a8-aeac-96ce148bba0b/datanode-6/data/ratis] (custom)
2020-03-19 17:15:52,050 [pool-803-thread-1] INFO  server.RaftServerConfigKeys (ConfUtils.java:logGet(43)) - raft.server.log.corruption.policy = EXCEPTION (default)
2020-03-19 17:15:52,050 [pool-803-thread-1] INFO  storage.RaftStorageDirectory (RaftStorageDirectory.java:analyzeStorage(253)) - The storage directory /github/workspace/hadoop-ozone/integration-test/target/test-dir/MiniOzoneClusterImpl-80293407-04bd-45a8-aeac-96ce148bba0b/datanode-6/data/ratis/2f95787f-631a-491d-88a6-88a27b091aa5 does not exist. Creating ...
2020-03-19 17:15:52,051 [pool-803-thread-1] INFO  storage.RaftStorageDirectory (RaftStorageDirectory.java:tryLock(335)) - Lock on /github/workspace/hadoop-ozone/integration-test/target/test-dir/MiniOzoneClusterImpl-80293407-04bd-45a8-aeac-96ce148bba0b/datanode-6/data/ratis/2f95787f-631a-491d-88a6-88a27b091aa5/in_use.lock acquired by nodename 2543@e39e15fa19de
2020-03-19 17:15:52,052 [pool-803-thread-1] INFO  storage.RaftStorage (RaftStorage.java:format(84)) - Storage directory /github/workspace/hadoop-ozone/integration-test/target/test-dir/MiniOzoneClusterImpl-80293407-04bd-45a8-aeac-96ce148bba0b/datanode-6/data/ratis/2f95787f-631a-491d-88a6-88a27b091aa5 has been successfully formatted.
2020-03-19 17:15:52,053 [pool-803-thread-1] INFO  ratis.ContainerStateMachine (ContainerStateMachine.java:loadSnapshot(233)) - group-88A27B091AA5: The snapshot info is null. Setting the last applied indexto:(t:0, i:~)
2020-03-19 17:15:52,053 [pool-803-thread-1] INFO  server.RaftServerConfigKeys (ConfUtils.java:logGet(43)) - raft.server.notification.no-leader.timeout = 60s (default)
2020-03-19 17:15:52,053 [pool-803-thread-1] INFO  server.RaftServerConfigKeys (ConfUtils.java:logGet(43)) - raft.server.log.use.memory = false (default)
2020-03-19 17:15:52,053 [pool-803-thread-1] INFO  server.RaftServerConfigKeys (ConfUtils.java:logGet(43)) - raft.server.log.purge.gap = 1000000 (custom)
2020-03-19 17:15:52,053 [pool-803-thread-1] INFO  server.RaftServerConfigKeys (ConfUtils.java:logGet(43)) - raft.server.log.appender.buffer.byte-limit = 33554432 (custom)
2020-03-19 17:15:52,053 [pool-803-thread-1] INFO  server.RaftServerConfigKeys (ConfUtils.java:logGet(43)) - raft.server.log.segment.size.max = 1048576 (custom)
2020-03-19 17:15:52,053 [pool-803-thread-1] INFO  metrics.RatisMetrics (RatisMetrics.java:lambda$create$0(39)) - Creating Metrics Registry : ratis.log_worker.5ac25ff6-d68b-4c37-b38b-9bf9f6fc66ee
2020-03-19 17:15:52,053 [pool-803-thread-1] INFO  server.RaftServerConfigKeys (ConfUtils.java:logGet(43)) - raft.server.log.segment.cache.num.max = 2 (custom)
2020-03-19 17:15:52,054 [EventQueue-PipelineReportForPipelineReportHandler] INFO  pipeline.PipelineStateManager (PipelineStateManager.java:openPipeline(131)) - Pipeline Pipeline[ Id: 2f95787f-631a-491d-88a6-88a27b091aa5, Nodes: 5ac25ff6-d68b-4c37-b38b-9bf9f6fc66ee{ip: 172.17.0.2, host: e39e15fa19de, networkLocation: /rack1, certSerialId: null}, Type:RATIS, Factor:ONE, State:ALLOCATED, leaderId:5ac25ff6-d68b-4c37-b38b-9bf9f6fc66ee, CreationTimestamp2020-03-19T17:15:49.049Z] moved to OPEN state
2020-03-19 17:15:52,054 [pool-803-thread-1] INFO  segmented.SegmentedRaftLogWorker (SegmentedRaftLogWorker.java:<init>(176)) - new 5ac25ff6-d68b-4c37-b38b-9bf9f6fc66ee@group-88A27B091AA5-SegmentedRaftLogWorker for RaftStorage:Storage Directory /github/workspace/hadoop-ozone/integration-test/target/test-dir/MiniOzoneClusterImpl-80293407-04bd-45a8-aeac-96ce148bba0b/datanode-6/data/ratis/2f95787f-631a-491d-88a6-88a27b091aa5
2020-03-19 17:15:52,054 [EventQueue-OpenPipelineForHealthyPipelineSafeModeRule] INFO  safemode.SCMSafeModeManager (HealthyPipelineSafeModeRule.java:process(131)) - SCM in safe mode. Healthy pipelines reported count is 0, required healthy pipeline reported count is 1
2020-03-19 17:15:52,054 [EventQueue-OpenPipelineForOneReplicaPipelineSafeModeRule] INFO  safemode.SCMSafeModeManager (SCMSafeModeManager.java:validateSafeModeExitRules(175)) - AtleastOneDatanodeReportedRule rule is successfully validated
2020-03-19 17:15:52,054 [pool-803-thread-1] INFO  server.RaftServerConfigKeys (ConfUtils.java:logGet(43)) - raft.server.log.queue.byte-limit = 2147483647 (custom)
2020-03-19 17:15:52,054 [pool-803-thread-1] INFO  server.RaftServerConfigKeys (ConfUtils.java:logGet(43)) - raft.server.log.queue.element-limit = 1024 (custom)
2020-03-19 17:15:52,054 [pool-803-thread-1] INFO  server.RaftServerConfigKeys (ConfUtils.java:logGet(43)) - raft.server.log.segment.size.max = 1048576 (custom)
2020-03-19 17:15:52,054 [pool-803-thread-1] INFO  server.RaftServerConfigKeys (ConfUtils.java:logGet(43)) - raft.server.log.preallocated.size = 16384 (custom)
2020-03-19 17:15:52,054 [pool-803-thread-1] INFO  server.RaftServerConfigKeys (ConfUtils.java:logGet(43)) - raft.server.log.write.buffer.size = 1048576 (custom)
2020-03-19 17:15:52,054 [pool-803-thread-1] INFO  server.RaftServerConfigKeys (ConfUtils.java:logGet(43)) - raft.server.log.force.sync.num = 128 (default)
2020-03-19 17:15:52,054 [pool-803-thread-1] INFO  server.RaftServerConfigKeys (ConfUtils.java:logGet(43)) - raft.server.log.statemachine.data.sync = true (default)
2020-03-19 17:15:52,054 [pool-803-thread-1] INFO  server.RaftServerConfigKeys (ConfUtils.java:logGet(43)) - raft.server.log.statemachine.data.sync.timeout = 10s (default)
2020-03-19 17:15:52,054 [pool-803-thread-1] INFO  server.RaftServerConfigKeys (ConfUtils.java:logGet(43)) - raft.server.log.statemachine.data.sync.timeout.retry = -1 (default)
2020-03-19 17:15:52,056 [pool-803-thread-1] INFO  server.RaftServerConfigKeys (ConfUtils.java:logGet(43)) - raft.server.log.statemachine.data.caching.enabled = true (custom)
2020-03-19 17:15:52,056 [pool-803-thread-1] INFO  segmented.SegmentedRaftLogWorker (SegmentedRaftLogWorker.java:lambda$new$0(129)) - 5ac25ff6-d68b-4c37-b38b-9bf9f6fc66ee@group-88A27B091AA5-SegmentedRaftLogWorker: flushIndex: setUnconditionally 0 -> -1
2020-03-19 17:15:52,056 [pool-803-thread-1] INFO  server.RaftServerConfigKeys (ConfUtils.java:logGet(43)) - raft.server.snapshot.auto.trigger.enabled = true (custom)
2020-03-19 17:15:52,056 [pool-803-thread-1] INFO  server.RaftServerConfigKeys (ConfUtils.java:logGet(43)) - raft.server.snapshot.auto.trigger.threshold = 10000 (custom)
2020-03-19 17:15:52,056 [pool-803-thread-1] INFO  server.RaftServerConfigKeys (ConfUtils.java:logGet(43)) - raft.server.snapshot.retention.file.num = 5 (custom)
2020-03-19 17:15:52,056 [pool-803-thread-1] INFO  server.RaftServerConfigKeys (ConfUtils.java:logGet(43)) - raft.server.retrycache.expirytime = 600000ms (custom)
2020-03-19 17:15:52,057 [pool-803-thread-1] INFO  metrics.RatisMetrics (RatisMetrics.java:lambda$create$0(39)) - Creating Metrics Registry : ratis.leader_election.5ac25ff6-d68b-4c37-b38b-9bf9f6fc66ee@group-88A27B091AA5
2020-03-19 17:15:52,057 [pool-803-thread-1] INFO  metrics.RatisMetrics (RatisMetrics.java:lambda$create$0(39)) - Creating Metrics Registry : ratis.server.5ac25ff6-d68b-4c37-b38b-9bf9f6fc66ee@group-88A27B091AA5
2020-03-19 17:15:52,057 [pool-803-thread-1] INFO  impl.RaftServerImpl (RaftServerImpl.java:start(183)) - 5ac25ff6-d68b-4c37-b38b-9bf9f6fc66ee@group-88A27B091AA5: start as a follower, conf=-1: [5ac25ff6-d68b-4c37-b38b-9bf9f6fc66ee:172.17.0.2:36941], old=null
2020-03-19 17:15:52,058 [pool-803-thread-1] INFO  impl.RaftServerImpl (RaftServerImpl.java:setRole(172)) - 5ac25ff6-d68b-4c37-b38b-9bf9f6fc66ee@group-88A27B091AA5: changes role from      null to FOLLOWER at term 0 for startAsFollower
2020-03-19 17:15:52,058 [pool-803-thread-1] INFO  impl.RoleInfo (RoleInfo.java:updateAndGet(143)) - 5ac25ff6-d68b-4c37-b38b-9bf9f6fc66ee: start FollowerState
2020-03-19 17:15:52,058 [pool-803-thread-1] INFO  util.JmxRegister (JmxRegister.java:tryRegister(44)) - Successfully registered JMX Bean with object name Ratis:service=RaftServer,group=group-88A27B091AA5,id=5ac25ff6-d68b-4c37-b38b-9bf9f6fc66ee
2020-03-19 17:15:52,058 [pool-803-thread-1] INFO  metrics.RatisMetrics (RatisMetrics.java:lambda$create$0(39)) - Creating Metrics Registry : ratis.state_machine.5ac25ff6-d68b-4c37-b38b-9bf9f6fc66ee@group-88A27B091AA5
2020-03-19 17:15:52,059 [Command processor thread] INFO  commandhandler.CreatePipelineCommandHandler (CreatePipelineCommandHandler.java:handle(112)) - Created Pipeline RATIS ONE #id: "2f95787f-631a-491d-88a6-88a27b091aa5"
.
2020-03-19 17:15:52,059 [Command processor thread] INFO  impl.RaftServerProxy (RaftServerProxy.java:addNew(89)) - 5ac25ff6-d68b-4c37-b38b-9bf9f6fc66ee: addNew group-61D83DCB3EDB:[8719c7fb-c7e5-474c-a3e1-64c0a78adabe:172.17.0.2:41825, ef0c1a11-1ea8-4cb4-b60f-6bfb3b779eb6:172.17.0.2:37633, 5ac25ff6-d68b-4c37-b38b-9bf9f6fc66ee:172.17.0.2:36941] returns group-61D83DCB3EDB:java.util.concurrent.CompletableFuture@40d59a59[Not completed]
2020-03-19 17:15:52,059 [pool-803-thread-1] INFO  impl.RaftServerImpl (RaftServerImpl.java:<init>(97)) - 5ac25ff6-d68b-4c37-b38b-9bf9f6fc66ee: new RaftServerImpl for group-61D83DCB3EDB:[8719c7fb-c7e5-474c-a3e1-64c0a78adabe:172.17.0.2:41825, ef0c1a11-1ea8-4cb4-b60f-6bfb3b779eb6:172.17.0.2:37633, 5ac25ff6-d68b-4c37-b38b-9bf9f6fc66ee:172.17.0.2:36941] with ContainerStateMachine:uninitialized
2020-03-19 17:15:52,059 [pool-803-thread-1] INFO  server.RaftServerConfigKeys (ConfUtils.java:logGet(43)) - raft.server.rpc.timeout.min = 1s (custom)
2020-03-19 17:15:52,059 [pool-803-thread-1] INFO  server.RaftServerConfigKeys (ConfUtils.java:logGet(43)) - raft.server.rpc.timeout.max = 1200ms (custom)
2020-03-19 17:15:52,059 [pool-803-thread-1] INFO  server.RaftServerConfigKeys (ConfUtils.java:logGet(43)) - raft.server.rpcslowness.timeout = 300s (custom)
2020-03-19 17:15:52,059 [pool-803-thread-1] INFO  server.RaftServerConfigKeys (ConfUtils.java:logGet(43)) - raft.server.sleep.deviation.threshold = 300 (default)
2020-03-19 17:15:52,059 [pool-803-thread-1] INFO  server.RaftServerConfigKeys (ConfUtils.java:logGet(43)) - raft.server.log.appender.install.snapshot.enabled = false (custom)
2020-03-19 17:15:52,059 [pool-803-thread-1] INFO  impl.RaftServerImpl (ServerState.java:<init>(103)) - 5ac25ff6-d68b-4c37-b38b-9bf9f6fc66ee@group-61D83DCB3EDB: ConfigurationManager, init=-1: [8719c7fb-c7e5-474c-a3e1-64c0a78adabe:172.17.0.2:41825, ef0c1a11-1ea8-4cb4-b60f-6bfb3b779eb6:172.17.0.2:37633, 5ac25ff6-d68b-4c37-b38b-9bf9f6fc66ee:172.17.0.2:36941], old=null, confs=<EMPTY_MAP>
2020-03-19 17:15:52,059 [pool-803-thread-1] INFO  server.RaftServerConfigKeys (ConfUtils.java:logGet(43)) - raft.server.storage.dir = [/github/workspace/hadoop-ozone/integration-test/target/test-dir/MiniOzoneClusterImpl-80293407-04bd-45a8-aeac-96ce148bba0b/datanode-6/data/ratis] (custom)
2020-03-19 17:15:52,060 [pool-803-thread-1] INFO  server.RaftServerConfigKeys (ConfUtils.java:logGet(43)) - raft.server.log.corruption.policy = EXCEPTION (default)
2020-03-19 17:15:52,060 [pool-803-thread-1] INFO  storage.RaftStorageDirectory (RaftStorageDirectory.java:analyzeStorage(253)) - The storage directory /github/workspace/hadoop-ozone/integration-test/target/test-dir/MiniOzoneClusterImpl-80293407-04bd-45a8-aeac-96ce148bba0b/datanode-6/data/ratis/c9d6e225-81f8-4462-a714-61d83dcb3edb does not exist. Creating ...
2020-03-19 17:15:52,061 [pool-803-thread-1] INFO  storage.RaftStorageDirectory (RaftStorageDirectory.java:tryLock(335)) - Lock on /github/workspace/hadoop-ozone/integration-test/target/test-dir/MiniOzoneClusterImpl-80293407-04bd-45a8-aeac-96ce148bba0b/datanode-6/data/ratis/c9d6e225-81f8-4462-a714-61d83dcb3edb/in_use.lock acquired by nodename 2543@e39e15fa19de
2020-03-19 17:15:52,062 [pool-803-thread-1] INFO  storage.RaftStorage (RaftStorage.java:format(84)) - Storage directory /github/workspace/hadoop-ozone/integration-test/target/test-dir/MiniOzoneClusterImpl-80293407-04bd-45a8-aeac-96ce148bba0b/datanode-6/data/ratis/c9d6e225-81f8-4462-a714-61d83dcb3edb has been successfully formatted.
2020-03-19 17:15:52,062 [pool-803-thread-1] INFO  ratis.ContainerStateMachine (ContainerStateMachine.java:loadSnapshot(233)) - group-61D83DCB3EDB: The snapshot info is null. Setting the last applied indexto:(t:0, i:~)
2020-03-19 17:15:52,062 [pool-803-thread-1] INFO  server.RaftServerConfigKeys (ConfUtils.java:logGet(43)) - raft.server.notification.no-leader.timeout = 60s (default)
2020-03-19 17:15:52,062 [pool-803-thread-1] INFO  server.RaftServerConfigKeys (ConfUtils.java:logGet(43)) - raft.server.log.use.memory = false (default)
2020-03-19 17:15:52,062 [pool-803-thread-1] INFO  server.RaftServerConfigKeys (ConfUtils.java:logGet(43)) - raft.server.log.purge.gap = 1000000 (custom)
2020-03-19 17:15:52,062 [pool-803-thread-1] INFO  server.RaftServerConfigKeys (ConfUtils.java:logGet(43)) - raft.server.log.appender.buffer.byte-limit = 33554432 (custom)
2020-03-19 17:15:52,062 [pool-803-thread-1] INFO  server.RaftServerConfigKeys (ConfUtils.java:logGet(43)) - raft.server.log.segment.size.max = 1048576 (custom)
2020-03-19 17:15:52,062 [pool-803-thread-1] INFO  server.RaftServerConfigKeys (ConfUtils.java:logGet(43)) - raft.server.log.segment.cache.num.max = 2 (custom)
2020-03-19 17:15:52,062 [pool-803-thread-1] INFO  segmented.SegmentedRaftLogWorker (SegmentedRaftLogWorker.java:<init>(176)) - new 5ac25ff6-d68b-4c37-b38b-9bf9f6fc66ee@group-61D83DCB3EDB-SegmentedRaftLogWorker for RaftStorage:Storage Directory /github/workspace/hadoop-ozone/integration-test/target/test-dir/MiniOzoneClusterImpl-80293407-04bd-45a8-aeac-96ce148bba0b/datanode-6/data/ratis/c9d6e225-81f8-4462-a714-61d83dcb3edb
2020-03-19 17:15:52,062 [pool-803-thread-1] INFO  server.RaftServerConfigKeys (ConfUtils.java:logGet(43)) - raft.server.log.queue.byte-limit = 2147483647 (custom)
2020-03-19 17:15:52,062 [pool-803-thread-1] INFO  server.RaftServerConfigKeys (ConfUtils.java:logGet(43)) - raft.server.log.queue.element-limit = 1024 (custom)
2020-03-19 17:15:52,062 [pool-803-thread-1] INFO  server.RaftServerConfigKeys (ConfUtils.java:logGet(43)) - raft.server.log.segment.size.max = 1048576 (custom)
2020-03-19 17:15:52,062 [pool-803-thread-1] INFO  server.RaftServerConfigKeys (ConfUtils.java:logGet(43)) - raft.server.log.preallocated.size = 16384 (custom)
2020-03-19 17:15:52,062 [pool-803-thread-1] INFO  server.RaftServerConfigKeys (ConfUtils.java:logGet(43)) - raft.server.log.write.buffer.size = 1048576 (custom)
2020-03-19 17:15:52,062 [pool-803-thread-1] INFO  server.RaftServerConfigKeys (ConfUtils.java:logGet(43)) - raft.server.log.force.sync.num = 128 (default)
2020-03-19 17:15:52,062 [pool-803-thread-1] INFO  server.RaftServerConfigKeys (ConfUtils.java:logGet(43)) - raft.server.log.statemachine.data.sync = true (default)
2020-03-19 17:15:52,062 [pool-803-thread-1] INFO  server.RaftServerConfigKeys (ConfUtils.java:logGet(43)) - raft.server.log.statemachine.data.sync.timeout = 10s (default)
2020-03-19 17:15:52,062 [pool-803-thread-1] INFO  server.RaftServerConfigKeys (ConfUtils.java:logGet(43)) - raft.server.log.statemachine.data.sync.timeout.retry = -1 (default)
2020-03-19 17:15:52,063 [pool-803-thread-1] INFO  server.RaftServerConfigKeys (ConfUtils.java:logGet(43)) - raft.server.log.statemachine.data.caching.enabled = true (custom)
2020-03-19 17:15:52,063 [pool-803-thread-1] INFO  segmented.SegmentedRaftLogWorker (SegmentedRaftLogWorker.java:lambda$new$0(129)) - 5ac25ff6-d68b-4c37-b38b-9bf9f6fc66ee@group-61D83DCB3EDB-SegmentedRaftLogWorker: flushIndex: setUnconditionally 0 -> -1
2020-03-19 17:15:52,063 [pool-803-thread-1] INFO  server.RaftServerConfigKeys (ConfUtils.java:logGet(43)) - raft.server.snapshot.auto.trigger.enabled = true (custom)
2020-03-19 17:15:52,063 [pool-803-thread-1] INFO  server.RaftServerConfigKeys (ConfUtils.java:logGet(43)) - raft.server.snapshot.auto.trigger.threshold = 10000 (custom)
2020-03-19 17:15:52,063 [pool-803-thread-1] INFO  server.RaftServerConfigKeys (ConfUtils.java:logGet(43)) - raft.server.snapshot.retention.file.num = 5 (custom)
2020-03-19 17:15:52,063 [pool-803-thread-1] INFO  server.RaftServerConfigKeys (ConfUtils.java:logGet(43)) - raft.server.retrycache.expirytime = 600000ms (custom)
2020-03-19 17:15:52,063 [pool-803-thread-1] INFO  metrics.RatisMetrics (RatisMetrics.java:lambda$create$0(39)) - Creating Metrics Registry : ratis.leader_election.5ac25ff6-d68b-4c37-b38b-9bf9f6fc66ee@group-61D83DCB3EDB
2020-03-19 17:15:52,064 [pool-803-thread-1] INFO  metrics.RatisMetrics (RatisMetrics.java:lambda$create$0(39)) - Creating Metrics Registry : ratis.server.5ac25ff6-d68b-4c37-b38b-9bf9f6fc66ee@group-61D83DCB3EDB
2020-03-19 17:15:52,064 [pool-803-thread-1] INFO  impl.RaftServerImpl (RaftServerImpl.java:start(183)) - 5ac25ff6-d68b-4c37-b38b-9bf9f6fc66ee@group-61D83DCB3EDB: start as a follower, conf=-1: [8719c7fb-c7e5-474c-a3e1-64c0a78adabe:172.17.0.2:41825, ef0c1a11-1ea8-4cb4-b60f-6bfb3b779eb6:172.17.0.2:37633, 5ac25ff6-d68b-4c37-b38b-9bf9f6fc66ee:172.17.0.2:36941], old=null
2020-03-19 17:15:52,065 [pool-803-thread-1] INFO  impl.RaftServerImpl (RaftServerImpl.java:setRole(172)) - 5ac25ff6-d68b-4c37-b38b-9bf9f6fc66ee@group-61D83DCB3EDB: changes role from      null to FOLLOWER at term 0 for startAsFollower
2020-03-19 17:15:52,065 [pool-803-thread-1] INFO  impl.RoleInfo (RoleInfo.java:updateAndGet(143)) - 5ac25ff6-d68b-4c37-b38b-9bf9f6fc66ee: start FollowerState
2020-03-19 17:15:52,065 [pool-803-thread-1] INFO  util.JmxRegister (JmxRegister.java:tryRegister(44)) - Successfully registered JMX Bean with object name Ratis:service=RaftServer,group=group-61D83DCB3EDB,id=5ac25ff6-d68b-4c37-b38b-9bf9f6fc66ee
2020-03-19 17:15:52,065 [pool-803-thread-1] INFO  metrics.RatisMetrics (RatisMetrics.java:lambda$create$0(39)) - Creating Metrics Registry : ratis.state_machine.5ac25ff6-d68b-4c37-b38b-9bf9f6fc66ee@group-61D83DCB3EDB
2020-03-19 17:15:52,072 [grpc-default-executor-1] INFO  impl.RaftServerProxy (RaftServerProxy.java:addNew(89)) - 8719c7fb-c7e5-474c-a3e1-64c0a78adabe: addNew group-61D83DCB3EDB:[8719c7fb-c7e5-474c-a3e1-64c0a78adabe:172.17.0.2:41825, ef0c1a11-1ea8-4cb4-b60f-6bfb3b779eb6:172.17.0.2:37633, 5ac25ff6-d68b-4c37-b38b-9bf9f6fc66ee:172.17.0.2:36941] returns group-61D83DCB3EDB:java.util.concurrent.CompletableFuture@12d9d6ef[Not completed]
2020-03-19 17:15:52,073 [pool-833-thread-1] INFO  impl.RaftServerImpl (RaftServerImpl.java:<init>(97)) - 8719c7fb-c7e5-474c-a3e1-64c0a78adabe: new RaftServerImpl for group-61D83DCB3EDB:[8719c7fb-c7e5-474c-a3e1-64c0a78adabe:172.17.0.2:41825, ef0c1a11-1ea8-4cb4-b60f-6bfb3b779eb6:172.17.0.2:37633, 5ac25ff6-d68b-4c37-b38b-9bf9f6fc66ee:172.17.0.2:36941] with ContainerStateMachine:uninitialized
2020-03-19 17:15:52,073 [pool-833-thread-1] INFO  server.RaftServerConfigKeys (ConfUtils.java:logGet(43)) - raft.server.rpc.timeout.min = 1s (custom)
2020-03-19 17:15:52,073 [pool-833-thread-1] INFO  server.RaftServerConfigKeys (ConfUtils.java:logGet(43)) - raft.server.rpc.timeout.max = 1200ms (custom)
2020-03-19 17:15:52,073 [pool-833-thread-1] INFO  server.RaftServerConfigKeys (ConfUtils.java:logGet(43)) - raft.server.rpcslowness.timeout = 300s (custom)
2020-03-19 17:15:52,073 [pool-833-thread-1] INFO  server.RaftServerConfigKeys (ConfUtils.java:logGet(43)) - raft.server.sleep.deviation.threshold = 300 (default)
2020-03-19 17:15:52,073 [pool-833-thread-1] INFO  server.RaftServerConfigKeys (ConfUtils.java:logGet(43)) - raft.server.log.appender.install.snapshot.enabled = false (custom)
2020-03-19 17:15:52,073 [pool-833-thread-1] INFO  impl.RaftServerImpl (ServerState.java:<init>(103)) - 8719c7fb-c7e5-474c-a3e1-64c0a78adabe@group-61D83DCB3EDB: ConfigurationManager, init=-1: [8719c7fb-c7e5-474c-a3e1-64c0a78adabe:172.17.0.2:41825, ef0c1a11-1ea8-4cb4-b60f-6bfb3b779eb6:172.17.0.2:37633, 5ac25ff6-d68b-4c37-b38b-9bf9f6fc66ee:172.17.0.2:36941], old=null, confs=<EMPTY_MAP>
2020-03-19 17:15:52,073 [pool-833-thread-1] INFO  server.RaftServerConfigKeys (ConfUtils.java:logGet(43)) - raft.server.storage.dir = [/github/workspace/hadoop-ozone/integration-test/target/test-dir/MiniOzoneClusterImpl-80293407-04bd-45a8-aeac-96ce148bba0b/datanode-8/data/ratis] (custom)
2020-03-19 17:15:52,073 [pool-833-thread-1] INFO  server.RaftServerConfigKeys (ConfUtils.java:logGet(43)) - raft.server.log.corruption.policy = EXCEPTION (default)
2020-03-19 17:15:52,073 [pool-833-thread-1] INFO  storage.RaftStorageDirectory (RaftStorageDirectory.java:analyzeStorage(253)) - The storage directory /github/workspace/hadoop-ozone/integration-test/target/test-dir/MiniOzoneClusterImpl-80293407-04bd-45a8-aeac-96ce148bba0b/datanode-8/data/ratis/c9d6e225-81f8-4462-a714-61d83dcb3edb does not exist. Creating ...
2020-03-19 17:15:52,074 [pool-833-thread-1] INFO  storage.RaftStorageDirectory (RaftStorageDirectory.java:tryLock(335)) - Lock on /github/workspace/hadoop-ozone/integration-test/target/test-dir/MiniOzoneClusterImpl-80293407-04bd-45a8-aeac-96ce148bba0b/datanode-8/data/ratis/c9d6e225-81f8-4462-a714-61d83dcb3edb/in_use.lock acquired by nodename 2543@e39e15fa19de
2020-03-19 17:15:52,075 [pool-833-thread-1] INFO  storage.RaftStorage (RaftStorage.java:format(84)) - Storage directory /github/workspace/hadoop-ozone/integration-test/target/test-dir/MiniOzoneClusterImpl-80293407-04bd-45a8-aeac-96ce148bba0b/datanode-8/data/ratis/c9d6e225-81f8-4462-a714-61d83dcb3edb has been successfully formatted.
2020-03-19 17:15:52,076 [pool-833-thread-1] INFO  ratis.ContainerStateMachine (ContainerStateMachine.java:loadSnapshot(233)) - group-61D83DCB3EDB: The snapshot info is null. Setting the last applied indexto:(t:0, i:~)
2020-03-19 17:15:52,076 [pool-833-thread-1] INFO  server.RaftServerConfigKeys (ConfUtils.java:logGet(43)) - raft.server.notification.no-leader.timeout = 60s (default)
2020-03-19 17:15:52,076 [pool-833-thread-1] INFO  server.RaftServerConfigKeys (ConfUtils.java:logGet(43)) - raft.server.log.use.memory = false (default)
2020-03-19 17:15:52,076 [pool-833-thread-1] INFO  server.RaftServerConfigKeys (ConfUtils.java:logGet(43)) - raft.server.log.purge.gap = 1000000 (custom)
2020-03-19 17:15:52,076 [pool-833-thread-1] INFO  server.RaftServerConfigKeys (ConfUtils.java:logGet(43)) - raft.server.log.appender.buffer.byte-limit = 33554432 (custom)
2020-03-19 17:15:52,076 [pool-833-thread-1] INFO  server.RaftServerConfigKeys (ConfUtils.java:logGet(43)) - raft.server.log.segment.size.max = 1048576 (custom)
2020-03-19 17:15:52,076 [pool-833-thread-1] INFO  metrics.RatisMetrics (RatisMetrics.java:lambda$create$0(39)) - Creating Metrics Registry : ratis.log_worker.8719c7fb-c7e5-474c-a3e1-64c0a78adabe
2020-03-19 17:15:52,076 [pool-833-thread-1] INFO  server.RaftServerConfigKeys (ConfUtils.java:logGet(43)) - raft.server.log.segment.cache.num.max = 2 (custom)
2020-03-19 17:15:52,076 [pool-833-thread-1] INFO  segmented.SegmentedRaftLogWorker (SegmentedRaftLogWorker.java:<init>(176)) - new 8719c7fb-c7e5-474c-a3e1-64c0a78adabe@group-61D83DCB3EDB-SegmentedRaftLogWorker for RaftStorage:Storage Directory /github/workspace/hadoop-ozone/integration-test/target/test-dir/MiniOzoneClusterImpl-80293407-04bd-45a8-aeac-96ce148bba0b/datanode-8/data/ratis/c9d6e225-81f8-4462-a714-61d83dcb3edb
2020-03-19 17:15:52,076 [pool-833-thread-1] INFO  server.RaftServerConfigKeys (ConfUtils.java:logGet(43)) - raft.server.log.queue.byte-limit = 2147483647 (custom)
2020-03-19 17:15:52,076 [pool-833-thread-1] INFO  server.RaftServerConfigKeys (ConfUtils.java:logGet(43)) - raft.server.log.queue.element-limit = 1024 (custom)
2020-03-19 17:15:52,077 [pool-833-thread-1] INFO  server.RaftServerConfigKeys (ConfUtils.java:logGet(43)) - raft.server.log.segment.size.max = 1048576 (custom)
2020-03-19 17:15:52,077 [pool-833-thread-1] INFO  server.RaftServerConfigKeys (ConfUtils.java:logGet(43)) - raft.server.log.preallocated.size = 16384 (custom)
2020-03-19 17:15:52,077 [pool-833-thread-1] INFO  server.RaftServerConfigKeys (ConfUtils.java:logGet(43)) - raft.server.log.write.buffer.size = 1048576 (custom)
2020-03-19 17:15:52,077 [pool-833-thread-1] INFO  server.RaftServerConfigKeys (ConfUtils.java:logGet(43)) - raft.server.log.force.sync.num = 128 (default)
2020-03-19 17:15:52,077 [pool-833-thread-1] INFO  server.RaftServerConfigKeys (ConfUtils.java:logGet(43)) - raft.server.log.statemachine.data.sync = true (default)
2020-03-19 17:15:52,077 [pool-833-thread-1] INFO  server.RaftServerConfigKeys (ConfUtils.java:logGet(43)) - raft.server.log.statemachine.data.sync.timeout = 10s (default)
2020-03-19 17:15:52,077 [pool-833-thread-1] INFO  server.RaftServerConfigKeys (ConfUtils.java:logGet(43)) - raft.server.log.statemachine.data.sync.timeout.retry = -1 (default)
2020-03-19 17:15:52,079 [pool-833-thread-1] INFO  server.RaftServerConfigKeys (ConfUtils.java:logGet(43)) - raft.server.log.statemachine.data.caching.enabled = true (custom)
2020-03-19 17:15:52,079 [pool-833-thread-1] INFO  segmented.SegmentedRaftLogWorker (SegmentedRaftLogWorker.java:lambda$new$0(129)) - 8719c7fb-c7e5-474c-a3e1-64c0a78adabe@group-61D83DCB3EDB-SegmentedRaftLogWorker: flushIndex: setUnconditionally 0 -> -1
2020-03-19 17:15:52,079 [pool-833-thread-1] INFO  server.RaftServerConfigKeys (ConfUtils.java:logGet(43)) - raft.server.snapshot.auto.trigger.enabled = true (custom)
2020-03-19 17:15:52,079 [pool-833-thread-1] INFO  server.RaftServerConfigKeys (ConfUtils.java:logGet(43)) - raft.server.snapshot.auto.trigger.threshold = 10000 (custom)
2020-03-19 17:15:52,079 [pool-833-thread-1] INFO  server.RaftServerConfigKeys (ConfUtils.java:logGet(43)) - raft.server.snapshot.retention.file.num = 5 (custom)
2020-03-19 17:15:52,079 [pool-833-thread-1] INFO  server.RaftServerConfigKeys (ConfUtils.java:logGet(43)) - raft.server.retrycache.expirytime = 600000ms (custom)
2020-03-19 17:15:52,079 [pool-833-thread-1] INFO  metrics.RatisMetrics (RatisMetrics.java:lambda$create$0(39)) - Creating Metrics Registry : ratis.leader_election.8719c7fb-c7e5-474c-a3e1-64c0a78adabe@group-61D83DCB3EDB
2020-03-19 17:15:52,080 [pool-833-thread-1] INFO  metrics.RatisMetrics (RatisMetrics.java:lambda$create$0(39)) - Creating Metrics Registry : ratis.server.8719c7fb-c7e5-474c-a3e1-64c0a78adabe@group-61D83DCB3EDB
2020-03-19 17:15:52,081 [pool-833-thread-1] INFO  impl.RaftServerImpl (RaftServerImpl.java:start(183)) - 8719c7fb-c7e5-474c-a3e1-64c0a78adabe@group-61D83DCB3EDB: start as a follower, conf=-1: [8719c7fb-c7e5-474c-a3e1-64c0a78adabe:172.17.0.2:41825, ef0c1a11-1ea8-4cb4-b60f-6bfb3b779eb6:172.17.0.2:37633, 5ac25ff6-d68b-4c37-b38b-9bf9f6fc66ee:172.17.0.2:36941], old=null
2020-03-19 17:15:52,081 [pool-833-thread-1] INFO  impl.RaftServerImpl (RaftServerImpl.java:setRole(172)) - 8719c7fb-c7e5-474c-a3e1-64c0a78adabe@group-61D83DCB3EDB: changes role from      null to FOLLOWER at term 0 for startAsFollower
2020-03-19 17:15:52,081 [pool-833-thread-1] INFO  impl.RoleInfo (RoleInfo.java:updateAndGet(143)) - 8719c7fb-c7e5-474c-a3e1-64c0a78adabe: start FollowerState
2020-03-19 17:15:52,081 [pool-833-thread-1] INFO  util.JmxRegister (JmxRegister.java:tryRegister(44)) - Successfully registered JMX Bean with object name Ratis:service=RaftServer,group=group-61D83DCB3EDB,id=8719c7fb-c7e5-474c-a3e1-64c0a78adabe
2020-03-19 17:15:52,081 [pool-833-thread-1] INFO  metrics.RatisMetrics (RatisMetrics.java:lambda$create$0(39)) - Creating Metrics Registry : ratis.state_machine.8719c7fb-c7e5-474c-a3e1-64c0a78adabe@group-61D83DCB3EDB
2020-03-19 17:15:52,091 [grpc-default-executor-1] INFO  impl.RaftServerProxy (RaftServerProxy.java:addNew(89)) - ef0c1a11-1ea8-4cb4-b60f-6bfb3b779eb6: addNew group-61D83DCB3EDB:[8719c7fb-c7e5-474c-a3e1-64c0a78adabe:172.17.0.2:41825, ef0c1a11-1ea8-4cb4-b60f-6bfb3b779eb6:172.17.0.2:37633, 5ac25ff6-d68b-4c37-b38b-9bf9f6fc66ee:172.17.0.2:36941] returns group-61D83DCB3EDB:java.util.concurrent.CompletableFuture@54ce5067[Not completed]
2020-03-19 17:15:52,092 [pool-818-thread-1] INFO  impl.RaftServerImpl (RaftServerImpl.java:<init>(97)) - ef0c1a11-1ea8-4cb4-b60f-6bfb3b779eb6: new RaftServerImpl for group-61D83DCB3EDB:[8719c7fb-c7e5-474c-a3e1-64c0a78adabe:172.17.0.2:41825, ef0c1a11-1ea8-4cb4-b60f-6bfb3b779eb6:172.17.0.2:37633, 5ac25ff6-d68b-4c37-b38b-9bf9f6fc66ee:172.17.0.2:36941] with ContainerStateMachine:uninitialized
2020-03-19 17:15:52,092 [pool-818-thread-1] INFO  server.RaftServerConfigKeys (ConfUtils.java:logGet(43)) - raft.server.rpc.timeout.min = 1s (custom)
2020-03-19 17:15:52,092 [pool-818-thread-1] INFO  server.RaftServerConfigKeys (ConfUtils.java:logGet(43)) - raft.server.rpc.timeout.max = 1200ms (custom)
2020-03-19 17:15:52,092 [pool-818-thread-1] INFO  server.RaftServerConfigKeys (ConfUtils.java:logGet(43)) - raft.server.rpcslowness.timeout = 300s (custom)
2020-03-19 17:15:52,092 [pool-818-thread-1] INFO  server.RaftServerConfigKeys (ConfUtils.java:logGet(43)) - raft.server.sleep.deviation.threshold = 300 (default)
2020-03-19 17:15:52,092 [pool-818-thread-1] INFO  server.RaftServerConfigKeys (ConfUtils.java:logGet(43)) - raft.server.log.appender.install.snapshot.enabled = false (custom)
2020-03-19 17:15:52,092 [pool-818-thread-1] INFO  impl.RaftServerImpl (ServerState.java:<init>(103)) - ef0c1a11-1ea8-4cb4-b60f-6bfb3b779eb6@group-61D83DCB3EDB: ConfigurationManager, init=-1: [8719c7fb-c7e5-474c-a3e1-64c0a78adabe:172.17.0.2:41825, ef0c1a11-1ea8-4cb4-b60f-6bfb3b779eb6:172.17.0.2:37633, 5ac25ff6-d68b-4c37-b38b-9bf9f6fc66ee:172.17.0.2:36941], old=null, confs=<EMPTY_MAP>
2020-03-19 17:15:52,092 [pool-818-thread-1] INFO  server.RaftServerConfigKeys (ConfUtils.java:logGet(43)) - raft.server.storage.dir = [/github/workspace/hadoop-ozone/integration-test/target/test-dir/MiniOzoneClusterImpl-80293407-04bd-45a8-aeac-96ce148bba0b/datanode-7/data/ratis] (custom)
2020-03-19 17:15:52,092 [pool-818-thread-1] INFO  server.RaftServerConfigKeys (ConfUtils.java:logGet(43)) - raft.server.log.corruption.policy = EXCEPTION (default)
2020-03-19 17:15:52,092 [pool-818-thread-1] INFO  storage.RaftStorageDirectory (RaftStorageDirectory.java:analyzeStorage(253)) - The storage directory /github/workspace/hadoop-ozone/integration-test/target/test-dir/MiniOzoneClusterImpl-80293407-04bd-45a8-aeac-96ce148bba0b/datanode-7/data/ratis/c9d6e225-81f8-4462-a714-61d83dcb3edb does not exist. Creating ...
2020-03-19 17:15:52,095 [pool-818-thread-1] INFO  storage.RaftStorageDirectory (RaftStorageDirectory.java:tryLock(335)) - Lock on /github/workspace/hadoop-ozone/integration-test/target/test-dir/MiniOzoneClusterImpl-80293407-04bd-45a8-aeac-96ce148bba0b/datanode-7/data/ratis/c9d6e225-81f8-4462-a714-61d83dcb3edb/in_use.lock acquired by nodename 2543@e39e15fa19de
2020-03-19 17:15:52,096 [pool-818-thread-1] INFO  storage.RaftStorage (RaftStorage.java:format(84)) - Storage directory /github/workspace/hadoop-ozone/integration-test/target/test-dir/MiniOzoneClusterImpl-80293407-04bd-45a8-aeac-96ce148bba0b/datanode-7/data/ratis/c9d6e225-81f8-4462-a714-61d83dcb3edb has been successfully formatted.
2020-03-19 17:15:52,096 [pool-818-thread-1] INFO  ratis.ContainerStateMachine (ContainerStateMachine.java:loadSnapshot(233)) - group-61D83DCB3EDB: The snapshot info is null. Setting the last applied indexto:(t:0, i:~)
2020-03-19 17:15:52,096 [pool-818-thread-1] INFO  server.RaftServerConfigKeys (ConfUtils.java:logGet(43)) - raft.server.notification.no-leader.timeout = 60s (default)
2020-03-19 17:15:52,097 [pool-818-thread-1] INFO  server.RaftServerConfigKeys (ConfUtils.java:logGet(43)) - raft.server.log.use.memory = false (default)
2020-03-19 17:15:52,097 [pool-818-thread-1] INFO  server.RaftServerConfigKeys (ConfUtils.java:logGet(43)) - raft.server.log.purge.gap = 1000000 (custom)
2020-03-19 17:15:52,097 [pool-818-thread-1] INFO  server.RaftServerConfigKeys (ConfUtils.java:logGet(43)) - raft.server.log.appender.buffer.byte-limit = 33554432 (custom)
2020-03-19 17:15:52,097 [pool-818-thread-1] INFO  server.RaftServerConfigKeys (ConfUtils.java:logGet(43)) - raft.server.log.segment.size.max = 1048576 (custom)
2020-03-19 17:15:52,097 [pool-818-thread-1] INFO  metrics.RatisMetrics (RatisMetrics.java:lambda$create$0(39)) - Creating Metrics Registry : ratis.log_worker.ef0c1a11-1ea8-4cb4-b60f-6bfb3b779eb6
2020-03-19 17:15:52,097 [pool-818-thread-1] INFO  server.RaftServerConfigKeys (ConfUtils.java:logGet(43)) - raft.server.log.segment.cache.num.max = 2 (custom)
2020-03-19 17:15:52,097 [pool-818-thread-1] INFO  segmented.SegmentedRaftLogWorker (SegmentedRaftLogWorker.java:<init>(176)) - new ef0c1a11-1ea8-4cb4-b60f-6bfb3b779eb6@group-61D83DCB3EDB-SegmentedRaftLogWorker for RaftStorage:Storage Directory /github/workspace/hadoop-ozone/integration-test/target/test-dir/MiniOzoneClusterImpl-80293407-04bd-45a8-aeac-96ce148bba0b/datanode-7/data/ratis/c9d6e225-81f8-4462-a714-61d83dcb3edb
2020-03-19 17:15:52,097 [pool-818-thread-1] INFO  server.RaftServerConfigKeys (ConfUtils.java:logGet(43)) - raft.server.log.queue.byte-limit = 2147483647 (custom)
2020-03-19 17:15:52,097 [pool-818-thread-1] INFO  server.RaftServerConfigKeys (ConfUtils.java:logGet(43)) - raft.server.log.queue.element-limit = 1024 (custom)
2020-03-19 17:15:52,097 [pool-818-thread-1] INFO  server.RaftServerConfigKeys (ConfUtils.java:logGet(43)) - raft.server.log.segment.size.max = 1048576 (custom)
2020-03-19 17:15:52,097 [pool-818-thread-1] INFO  server.RaftServerConfigKeys (ConfUtils.java:logGet(43)) - raft.server.log.preallocated.size = 16384 (custom)
2020-03-19 17:15:52,097 [pool-818-thread-1] INFO  server.RaftServerConfigKeys (ConfUtils.java:logGet(43)) - raft.server.log.write.buffer.size = 1048576 (custom)
2020-03-19 17:15:52,097 [pool-818-thread-1] INFO  server.RaftServerConfigKeys (ConfUtils.java:logGet(43)) - raft.server.log.force.sync.num = 128 (default)
2020-03-19 17:15:52,097 [pool-818-thread-1] INFO  server.RaftServerConfigKeys (ConfUtils.java:logGet(43)) - raft.server.log.statemachine.data.sync = true (default)
2020-03-19 17:15:52,097 [pool-818-thread-1] INFO  server.RaftServerConfigKeys (ConfUtils.java:logGet(43)) - raft.server.log.statemachine.data.sync.timeout = 10s (default)
2020-03-19 17:15:52,097 [pool-818-thread-1] INFO  server.RaftServerConfigKeys (ConfUtils.java:logGet(43)) - raft.server.log.statemachine.data.sync.timeout.retry = -1 (default)
2020-03-19 17:15:52,100 [pool-818-thread-1] INFO  server.RaftServerConfigKeys (ConfUtils.java:logGet(43)) - raft.server.log.statemachine.data.caching.enabled = true (custom)
2020-03-19 17:15:52,100 [pool-818-thread-1] INFO  segmented.SegmentedRaftLogWorker (SegmentedRaftLogWorker.java:lambda$new$0(129)) - ef0c1a11-1ea8-4cb4-b60f-6bfb3b779eb6@group-61D83DCB3EDB-SegmentedRaftLogWorker: flushIndex: setUnconditionally 0 -> -1
2020-03-19 17:15:52,100 [pool-818-thread-1] INFO  server.RaftServerConfigKeys (ConfUtils.java:logGet(43)) - raft.server.snapshot.auto.trigger.enabled = true (custom)
2020-03-19 17:15:52,100 [pool-818-thread-1] INFO  server.RaftServerConfigKeys (ConfUtils.java:logGet(43)) - raft.server.snapshot.auto.trigger.threshold = 10000 (custom)
2020-03-19 17:15:52,100 [pool-818-thread-1] INFO  server.RaftServerConfigKeys (ConfUtils.java:logGet(43)) - raft.server.snapshot.retention.file.num = 5 (custom)
2020-03-19 17:15:52,100 [pool-818-thread-1] INFO  server.RaftServerConfigKeys (ConfUtils.java:logGet(43)) - raft.server.retrycache.expirytime = 600000ms (custom)
2020-03-19 17:15:52,100 [pool-818-thread-1] INFO  metrics.RatisMetrics (RatisMetrics.java:lambda$create$0(39)) - Creating Metrics Registry : ratis.leader_election.ef0c1a11-1ea8-4cb4-b60f-6bfb3b779eb6@group-61D83DCB3EDB
2020-03-19 17:15:52,101 [pool-818-thread-1] INFO  metrics.RatisMetrics (RatisMetrics.java:lambda$create$0(39)) - Creating Metrics Registry : ratis.server.ef0c1a11-1ea8-4cb4-b60f-6bfb3b779eb6@group-61D83DCB3EDB
2020-03-19 17:15:52,101 [pool-818-thread-1] INFO  impl.RaftServerImpl (RaftServerImpl.java:start(183)) - ef0c1a11-1ea8-4cb4-b60f-6bfb3b779eb6@group-61D83DCB3EDB: start as a follower, conf=-1: [8719c7fb-c7e5-474c-a3e1-64c0a78adabe:172.17.0.2:41825, ef0c1a11-1ea8-4cb4-b60f-6bfb3b779eb6:172.17.0.2:37633, 5ac25ff6-d68b-4c37-b38b-9bf9f6fc66ee:172.17.0.2:36941], old=null
2020-03-19 17:15:52,101 [pool-818-thread-1] INFO  impl.RaftServerImpl (RaftServerImpl.java:setRole(172)) - ef0c1a11-1ea8-4cb4-b60f-6bfb3b779eb6@group-61D83DCB3EDB: changes role from      null to FOLLOWER at term 0 for startAsFollower
2020-03-19 17:15:52,101 [pool-818-thread-1] INFO  impl.RoleInfo (RoleInfo.java:updateAndGet(143)) - ef0c1a11-1ea8-4cb4-b60f-6bfb3b779eb6: start FollowerState
2020-03-19 17:15:52,101 [pool-818-thread-1] INFO  util.JmxRegister (JmxRegister.java:tryRegister(44)) - Successfully registered JMX Bean with object name Ratis:service=RaftServer,group=group-61D83DCB3EDB,id=ef0c1a11-1ea8-4cb4-b60f-6bfb3b779eb6
2020-03-19 17:15:52,101 [pool-818-thread-1] INFO  metrics.RatisMetrics (RatisMetrics.java:lambda$create$0(39)) - Creating Metrics Registry : ratis.state_machine.ef0c1a11-1ea8-4cb4-b60f-6bfb3b779eb6@group-61D83DCB3EDB
2020-03-19 17:15:52,105 [Command processor thread] INFO  commandhandler.CreatePipelineCommandHandler (CreatePipelineCommandHandler.java:handle(112)) - Created Pipeline RATIS THREE #id: "c9d6e225-81f8-4462-a714-61d83dcb3edb"
.
2020-03-19 17:15:52,108 [Command processor thread] INFO  impl.RaftServerProxy (RaftServerProxy.java:addNew(89)) - ef0c1a11-1ea8-4cb4-b60f-6bfb3b779eb6: addNew group-EF661A05A030:[ef0c1a11-1ea8-4cb4-b60f-6bfb3b779eb6:172.17.0.2:37633] returns group-EF661A05A030:java.util.concurrent.CompletableFuture@2515f57a[Not completed]
2020-03-19 17:15:52,108 [pool-818-thread-1] INFO  impl.RaftServerImpl (RaftServerImpl.java:<init>(97)) - ef0c1a11-1ea8-4cb4-b60f-6bfb3b779eb6: new RaftServerImpl for group-EF661A05A030:[ef0c1a11-1ea8-4cb4-b60f-6bfb3b779eb6:172.17.0.2:37633] with ContainerStateMachine:uninitialized
2020-03-19 17:15:52,108 [pool-818-thread-1] INFO  server.RaftServerConfigKeys (ConfUtils.java:logGet(43)) - raft.server.rpc.timeout.min = 1s (custom)
2020-03-19 17:15:52,109 [pool-818-thread-1] INFO  server.RaftServerConfigKeys (ConfUtils.java:logGet(43)) - raft.server.rpc.timeout.max = 1200ms (custom)
2020-03-19 17:15:52,109 [pool-818-thread-1] INFO  server.RaftServerConfigKeys (ConfUtils.java:logGet(43)) - raft.server.rpcslowness.timeout = 300s (custom)
2020-03-19 17:15:52,109 [pool-818-thread-1] INFO  server.RaftServerConfigKeys (ConfUtils.java:logGet(43)) - raft.server.sleep.deviation.threshold = 300 (default)
2020-03-19 17:15:52,109 [pool-818-thread-1] INFO  server.RaftServerConfigKeys (ConfUtils.java:logGet(43)) - raft.server.log.appender.install.snapshot.enabled = false (custom)
2020-03-19 17:15:52,109 [pool-818-thread-1] INFO  impl.RaftServerImpl (ServerState.java:<init>(103)) - ef0c1a11-1ea8-4cb4-b60f-6bfb3b779eb6@group-EF661A05A030: ConfigurationManager, init=-1: [ef0c1a11-1ea8-4cb4-b60f-6bfb3b779eb6:172.17.0.2:37633], old=null, confs=<EMPTY_MAP>
2020-03-19 17:15:52,109 [pool-818-thread-1] INFO  server.RaftServerConfigKeys (ConfUtils.java:logGet(43)) - raft.server.storage.dir = [/github/workspace/hadoop-ozone/integration-test/target/test-dir/MiniOzoneClusterImpl-80293407-04bd-45a8-aeac-96ce148bba0b/datanode-7/data/ratis] (custom)
2020-03-19 17:15:52,109 [pool-818-thread-1] INFO  server.RaftServerConfigKeys (ConfUtils.java:logGet(43)) - raft.server.log.corruption.policy = EXCEPTION (default)
2020-03-19 17:15:52,109 [pool-818-thread-1] INFO  storage.RaftStorageDirectory (RaftStorageDirectory.java:analyzeStorage(253)) - The storage directory /github/workspace/hadoop-ozone/integration-test/target/test-dir/MiniOzoneClusterImpl-80293407-04bd-45a8-aeac-96ce148bba0b/datanode-7/data/ratis/23773a22-ca16-437e-bd73-ef661a05a030 does not exist. Creating ...
2020-03-19 17:15:52,110 [pool-818-thread-1] INFO  storage.RaftStorageDirectory (RaftStorageDirectory.java:tryLock(335)) - Lock on /github/workspace/hadoop-ozone/integration-test/target/test-dir/MiniOzoneClusterImpl-80293407-04bd-45a8-aeac-96ce148bba0b/datanode-7/data/ratis/23773a22-ca16-437e-bd73-ef661a05a030/in_use.lock acquired by nodename 2543@e39e15fa19de
2020-03-19 17:15:52,111 [pool-818-thread-1] INFO  storage.RaftStorage (RaftStorage.java:format(84)) - Storage directory /github/workspace/hadoop-ozone/integration-test/target/test-dir/MiniOzoneClusterImpl-80293407-04bd-45a8-aeac-96ce148bba0b/datanode-7/data/ratis/23773a22-ca16-437e-bd73-ef661a05a030 has been successfully formatted.
2020-03-19 17:15:52,111 [pool-818-thread-1] INFO  ratis.ContainerStateMachine (ContainerStateMachine.java:loadSnapshot(233)) - group-EF661A05A030: The snapshot info is null. Setting the last applied indexto:(t:0, i:~)
2020-03-19 17:15:52,111 [pool-818-thread-1] INFO  server.RaftServerConfigKeys (ConfUtils.java:logGet(43)) - raft.server.notification.no-leader.timeout = 60s (default)
2020-03-19 17:15:52,111 [pool-818-thread-1] INFO  server.RaftServerConfigKeys (ConfUtils.java:logGet(43)) - raft.server.log.use.memory = false (default)
2020-03-19 17:15:52,111 [pool-818-thread-1] INFO  server.RaftServerConfigKeys (ConfUtils.java:logGet(43)) - raft.server.log.purge.gap = 1000000 (custom)
2020-03-19 17:15:52,111 [pool-818-thread-1] INFO  server.RaftServerConfigKeys (ConfUtils.java:logGet(43)) - raft.server.log.appender.buffer.byte-limit = 33554432 (custom)
2020-03-19 17:15:52,111 [pool-818-thread-1] INFO  server.RaftServerConfigKeys (ConfUtils.java:logGet(43)) - raft.server.log.segment.size.max = 1048576 (custom)
2020-03-19 17:15:52,112 [EventQueue-PipelineReportForPipelineReportHandler] INFO  pipeline.PipelineStateManager (PipelineStateManager.java:openPipeline(131)) - Pipeline Pipeline[ Id: 23773a22-ca16-437e-bd73-ef661a05a030, Nodes: ef0c1a11-1ea8-4cb4-b60f-6bfb3b779eb6{ip: 172.17.0.2, host: e39e15fa19de, networkLocation: /rack1, certSerialId: null}, Type:RATIS, Factor:ONE, State:ALLOCATED, leaderId:ef0c1a11-1ea8-4cb4-b60f-6bfb3b779eb6, CreationTimestamp2020-03-19T17:15:49.108Z] moved to OPEN state
2020-03-19 17:15:52,112 [EventQueue-OpenPipelineForOneReplicaPipelineSafeModeRule] INFO  safemode.SCMSafeModeManager (SCMSafeModeManager.java:validateSafeModeExitRules(175)) - AtleastOneDatanodeReportedRule rule is successfully validated
2020-03-19 17:15:52,112 [EventQueue-OpenPipelineForHealthyPipelineSafeModeRule] INFO  safemode.SCMSafeModeManager (HealthyPipelineSafeModeRule.java:process(131)) - SCM in safe mode. Healthy pipelines reported count is 0, required healthy pipeline reported count is 1
2020-03-19 17:15:52,112 [pool-818-thread-1] INFO  server.RaftServerConfigKeys (ConfUtils.java:logGet(43)) - raft.server.log.segment.cache.num.max = 2 (custom)
2020-03-19 17:15:52,112 [pool-818-thread-1] INFO  segmented.SegmentedRaftLogWorker (SegmentedRaftLogWorker.java:<init>(176)) - new ef0c1a11-1ea8-4cb4-b60f-6bfb3b779eb6@group-EF661A05A030-SegmentedRaftLogWorker for RaftStorage:Storage Directory /github/workspace/hadoop-ozone/integration-test/target/test-dir/MiniOzoneClusterImpl-80293407-04bd-45a8-aeac-96ce148bba0b/datanode-7/data/ratis/23773a22-ca16-437e-bd73-ef661a05a030
2020-03-19 17:15:52,112 [pool-818-thread-1] INFO  server.RaftServerConfigKeys (ConfUtils.java:logGet(43)) - raft.server.log.queue.byte-limit = 2147483647 (custom)
2020-03-19 17:15:52,112 [pool-818-thread-1] INFO  server.RaftServerConfigKeys (ConfUtils.java:logGet(43)) - raft.server.log.queue.element-limit = 1024 (custom)
2020-03-19 17:15:52,112 [pool-818-thread-1] INFO  server.RaftServerConfigKeys (ConfUtils.java:logGet(43)) - raft.server.log.segment.size.max = 1048576 (custom)
2020-03-19 17:15:52,112 [pool-818-thread-1] INFO  server.RaftServerConfigKeys (ConfUtils.java:logGet(43)) - raft.server.log.preallocated.size = 16384 (custom)
2020-03-19 17:15:52,112 [pool-818-thread-1] INFO  server.RaftServerConfigKeys (ConfUtils.java:logGet(43)) - raft.server.log.write.buffer.size = 1048576 (custom)
2020-03-19 17:15:52,112 [pool-818-thread-1] INFO  server.RaftServerConfigKeys (ConfUtils.java:logGet(43)) - raft.server.log.force.sync.num = 128 (default)
2020-03-19 17:15:52,112 [pool-818-thread-1] INFO  server.RaftServerConfigKeys (ConfUtils.java:logGet(43)) - raft.server.log.statemachine.data.sync = true (default)
2020-03-19 17:15:52,112 [pool-818-thread-1] INFO  server.RaftServerConfigKeys (ConfUtils.java:logGet(43)) - raft.server.log.statemachine.data.sync.timeout = 10s (default)
2020-03-19 17:15:52,112 [pool-818-thread-1] INFO  server.RaftServerConfigKeys (ConfUtils.java:logGet(43)) - raft.server.log.statemachine.data.sync.timeout.retry = -1 (default)
2020-03-19 17:15:52,113 [pool-818-thread-1] INFO  server.RaftServerConfigKeys (ConfUtils.java:logGet(43)) - raft.server.log.statemachine.data.caching.enabled = true (custom)
2020-03-19 17:15:52,113 [pool-818-thread-1] INFO  segmented.SegmentedRaftLogWorker (SegmentedRaftLogWorker.java:lambda$new$0(129)) - ef0c1a11-1ea8-4cb4-b60f-6bfb3b779eb6@group-EF661A05A030-SegmentedRaftLogWorker: flushIndex: setUnconditionally 0 -> -1
2020-03-19 17:15:52,113 [pool-818-thread-1] INFO  server.RaftServerConfigKeys (ConfUtils.java:logGet(43)) - raft.server.snapshot.auto.trigger.enabled = true (custom)
2020-03-19 17:15:52,113 [pool-818-thread-1] INFO  server.RaftServerConfigKeys (ConfUtils.java:logGet(43)) - raft.server.snapshot.auto.trigger.threshold = 10000 (custom)
2020-03-19 17:15:52,113 [pool-818-thread-1] INFO  server.RaftServerConfigKeys (ConfUtils.java:logGet(43)) - raft.server.snapshot.retention.file.num = 5 (custom)
2020-03-19 17:15:52,113 [pool-818-thread-1] INFO  server.RaftServerConfigKeys (ConfUtils.java:logGet(43)) - raft.server.retrycache.expirytime = 600000ms (custom)
2020-03-19 17:15:52,113 [pool-818-thread-1] INFO  metrics.RatisMetrics (RatisMetrics.java:lambda$create$0(39)) - Creating Metrics Registry : ratis.leader_election.ef0c1a11-1ea8-4cb4-b60f-6bfb3b779eb6@group-EF661A05A030
2020-03-19 17:15:52,114 [pool-818-thread-1] INFO  metrics.RatisMetrics (RatisMetrics.java:lambda$create$0(39)) - Creating Metrics Registry : ratis.server.ef0c1a11-1ea8-4cb4-b60f-6bfb3b779eb6@group-EF661A05A030
2020-03-19 17:15:52,114 [pool-818-thread-1] INFO  impl.RaftServerImpl (RaftServerImpl.java:start(183)) - ef0c1a11-1ea8-4cb4-b60f-6bfb3b779eb6@group-EF661A05A030: start as a follower, conf=-1: [ef0c1a11-1ea8-4cb4-b60f-6bfb3b779eb6:172.17.0.2:37633], old=null
2020-03-19 17:15:52,114 [pool-818-thread-1] INFO  impl.RaftServerImpl (RaftServerImpl.java:setRole(172)) - ef0c1a11-1ea8-4cb4-b60f-6bfb3b779eb6@group-EF661A05A030: changes role from      null to FOLLOWER at term 0 for startAsFollower
2020-03-19 17:15:52,114 [pool-818-thread-1] INFO  impl.RoleInfo (RoleInfo.java:updateAndGet(143)) - ef0c1a11-1ea8-4cb4-b60f-6bfb3b779eb6: start FollowerState
2020-03-19 17:15:52,115 [pool-818-thread-1] INFO  util.JmxRegister (JmxRegister.java:tryRegister(44)) - Successfully registered JMX Bean with object name Ratis:service=RaftServer,group=group-EF661A05A030,id=ef0c1a11-1ea8-4cb4-b60f-6bfb3b779eb6
2020-03-19 17:15:52,115 [pool-818-thread-1] INFO  metrics.RatisMetrics (RatisMetrics.java:lambda$create$0(39)) - Creating Metrics Registry : ratis.state_machine.ef0c1a11-1ea8-4cb4-b60f-6bfb3b779eb6@group-EF661A05A030
2020-03-19 17:15:52,115 [Command processor thread] INFO  commandhandler.CreatePipelineCommandHandler (CreatePipelineCommandHandler.java:handle(112)) - Created Pipeline RATIS ONE #id: "23773a22-ca16-437e-bd73-ef661a05a030"
.
2020-03-19 17:15:52,147 [Command processor thread] INFO  impl.RaftServerProxy (RaftServerProxy.java:addNew(89)) - 8719c7fb-c7e5-474c-a3e1-64c0a78adabe: addNew group-C2905EEC6DE9:[8719c7fb-c7e5-474c-a3e1-64c0a78adabe:172.17.0.2:41825] returns group-C2905EEC6DE9:java.util.concurrent.CompletableFuture@6bbab68d[Not completed]
2020-03-19 17:15:52,147 [pool-833-thread-1] INFO  impl.RaftServerImpl (RaftServerImpl.java:<init>(97)) - 8719c7fb-c7e5-474c-a3e1-64c0a78adabe: new RaftServerImpl for group-C2905EEC6DE9:[8719c7fb-c7e5-474c-a3e1-64c0a78adabe:172.17.0.2:41825] with ContainerStateMachine:uninitialized
2020-03-19 17:15:52,147 [pool-833-thread-1] INFO  server.RaftServerConfigKeys (ConfUtils.java:logGet(43)) - raft.server.rpc.timeout.min = 1s (custom)
2020-03-19 17:15:52,147 [pool-833-thread-1] INFO  server.RaftServerConfigKeys (ConfUtils.java:logGet(43)) - raft.server.rpc.timeout.max = 1200ms (custom)
2020-03-19 17:15:52,147 [pool-833-thread-1] INFO  server.RaftServerConfigKeys (ConfUtils.java:logGet(43)) - raft.server.rpcslowness.timeout = 300s (custom)
2020-03-19 17:15:52,148 [pool-833-thread-1] INFO  server.RaftServerConfigKeys (ConfUtils.java:logGet(43)) - raft.server.sleep.deviation.threshold = 300 (default)
2020-03-19 17:15:52,148 [pool-833-thread-1] INFO  server.RaftServerConfigKeys (ConfUtils.java:logGet(43)) - raft.server.log.appender.install.snapshot.enabled = false (custom)
2020-03-19 17:15:52,148 [pool-833-thread-1] INFO  impl.RaftServerImpl (ServerState.java:<init>(103)) - 8719c7fb-c7e5-474c-a3e1-64c0a78adabe@group-C2905EEC6DE9: ConfigurationManager, init=-1: [8719c7fb-c7e5-474c-a3e1-64c0a78adabe:172.17.0.2:41825], old=null, confs=<EMPTY_MAP>
2020-03-19 17:15:52,148 [pool-833-thread-1] INFO  server.RaftServerConfigKeys (ConfUtils.java:logGet(43)) - raft.server.storage.dir = [/github/workspace/hadoop-ozone/integration-test/target/test-dir/MiniOzoneClusterImpl-80293407-04bd-45a8-aeac-96ce148bba0b/datanode-8/data/ratis] (custom)
2020-03-19 17:15:52,148 [pool-833-thread-1] INFO  server.RaftServerConfigKeys (ConfUtils.java:logGet(43)) - raft.server.log.corruption.policy = EXCEPTION (default)
2020-03-19 17:15:52,148 [pool-833-thread-1] INFO  storage.RaftStorageDirectory (RaftStorageDirectory.java:analyzeStorage(253)) - The storage directory /github/workspace/hadoop-ozone/integration-test/target/test-dir/MiniOzoneClusterImpl-80293407-04bd-45a8-aeac-96ce148bba0b/datanode-8/data/ratis/98def390-6862-4a41-bd4d-c2905eec6de9 does not exist. Creating ...
2020-03-19 17:15:52,149 [pool-833-thread-1] INFO  storage.RaftStorageDirectory (RaftStorageDirectory.java:tryLock(335)) - Lock on /github/workspace/hadoop-ozone/integration-test/target/test-dir/MiniOzoneClusterImpl-80293407-04bd-45a8-aeac-96ce148bba0b/datanode-8/data/ratis/98def390-6862-4a41-bd4d-c2905eec6de9/in_use.lock acquired by nodename 2543@e39e15fa19de
2020-03-19 17:15:52,152 [pool-833-thread-1] INFO  storage.RaftStorage (RaftStorage.java:format(84)) - Storage directory /github/workspace/hadoop-ozone/integration-test/target/test-dir/MiniOzoneClusterImpl-80293407-04bd-45a8-aeac-96ce148bba0b/datanode-8/data/ratis/98def390-6862-4a41-bd4d-c2905eec6de9 has been successfully formatted.
2020-03-19 17:15:52,153 [pool-833-thread-1] INFO  ratis.ContainerStateMachine (ContainerStateMachine.java:loadSnapshot(233)) - group-C2905EEC6DE9: The snapshot info is null. Setting the last applied indexto:(t:0, i:~)
2020-03-19 17:15:52,153 [pool-833-thread-1] INFO  server.RaftServerConfigKeys (ConfUtils.java:logGet(43)) - raft.server.notification.no-leader.timeout = 60s (default)
2020-03-19 17:15:52,153 [pool-833-thread-1] INFO  server.RaftServerConfigKeys (ConfUtils.java:logGet(43)) - raft.server.log.use.memory = false (default)
2020-03-19 17:15:52,153 [pool-833-thread-1] INFO  server.RaftServerConfigKeys (ConfUtils.java:logGet(43)) - raft.server.log.purge.gap = 1000000 (custom)
2020-03-19 17:15:52,153 [pool-833-thread-1] INFO  server.RaftServerConfigKeys (ConfUtils.java:logGet(43)) - raft.server.log.appender.buffer.byte-limit = 33554432 (custom)
2020-03-19 17:15:52,153 [EventQueue-PipelineReportForPipelineReportHandler] INFO  pipeline.PipelineStateManager (PipelineStateManager.java:openPipeline(131)) - Pipeline Pipeline[ Id: 98def390-6862-4a41-bd4d-c2905eec6de9, Nodes: 8719c7fb-c7e5-474c-a3e1-64c0a78adabe{ip: 172.17.0.2, host: e39e15fa19de, networkLocation: /rack1, certSerialId: null}, Type:RATIS, Factor:ONE, State:ALLOCATED, leaderId:8719c7fb-c7e5-474c-a3e1-64c0a78adabe, CreationTimestamp2020-03-19T17:15:49.147Z] moved to OPEN state
2020-03-19 17:15:52,153 [EventQueue-OpenPipelineForOneReplicaPipelineSafeModeRule] INFO  safemode.SCMSafeModeManager (SCMSafeModeManager.java:validateSafeModeExitRules(175)) - AtleastOneDatanodeReportedRule rule is successfully validated
2020-03-19 17:15:52,153 [EventQueue-OpenPipelineForHealthyPipelineSafeModeRule] INFO  safemode.SCMSafeModeManager (HealthyPipelineSafeModeRule.java:process(131)) - SCM in safe mode. Healthy pipelines reported count is 0, required healthy pipeline reported count is 1
2020-03-19 17:15:52,153 [pool-833-thread-1] INFO  server.RaftServerConfigKeys (ConfUtils.java:logGet(43)) - raft.server.log.segment.size.max = 1048576 (custom)
2020-03-19 17:15:52,153 [pool-833-thread-1] INFO  server.RaftServerConfigKeys (ConfUtils.java:logGet(43)) - raft.server.log.segment.cache.num.max = 2 (custom)
2020-03-19 17:15:52,153 [pool-833-thread-1] INFO  segmented.SegmentedRaftLogWorker (SegmentedRaftLogWorker.java:<init>(176)) - new 8719c7fb-c7e5-474c-a3e1-64c0a78adabe@group-C2905EEC6DE9-SegmentedRaftLogWorker for RaftStorage:Storage Directory /github/workspace/hadoop-ozone/integration-test/target/test-dir/MiniOzoneClusterImpl-80293407-04bd-45a8-aeac-96ce148bba0b/datanode-8/data/ratis/98def390-6862-4a41-bd4d-c2905eec6de9
2020-03-19 17:15:52,153 [pool-833-thread-1] INFO  server.RaftServerConfigKeys (ConfUtils.java:logGet(43)) - raft.server.log.queue.byte-limit = 2147483647 (custom)
2020-03-19 17:15:52,154 [pool-833-thread-1] INFO  server.RaftServerConfigKeys (ConfUtils.java:logGet(43)) - raft.server.log.queue.element-limit = 1024 (custom)
2020-03-19 17:15:52,154 [pool-833-thread-1] INFO  server.RaftServerConfigKeys (ConfUtils.java:logGet(43)) - raft.server.log.segment.size.max = 1048576 (custom)
2020-03-19 17:15:52,154 [pool-833-thread-1] INFO  server.RaftServerConfigKeys (ConfUtils.java:logGet(43)) - raft.server.log.preallocated.size = 16384 (custom)
2020-03-19 17:15:52,154 [pool-833-thread-1] INFO  server.RaftServerConfigKeys (ConfUtils.java:logGet(43)) - raft.server.log.write.buffer.size = 1048576 (custom)
2020-03-19 17:15:52,154 [pool-833-thread-1] INFO  server.RaftServerConfigKeys (ConfUtils.java:logGet(43)) - raft.server.log.force.sync.num = 128 (default)
2020-03-19 17:15:52,154 [pool-833-thread-1] INFO  server.RaftServerConfigKeys (ConfUtils.java:logGet(43)) - raft.server.log.statemachine.data.sync = true (default)
2020-03-19 17:15:52,154 [pool-833-thread-1] INFO  server.RaftServerConfigKeys (ConfUtils.java:logGet(43)) - raft.server.log.statemachine.data.sync.timeout = 10s (default)
2020-03-19 17:15:52,154 [pool-833-thread-1] INFO  server.RaftServerConfigKeys (ConfUtils.java:logGet(43)) - raft.server.log.statemachine.data.sync.timeout.retry = -1 (default)
2020-03-19 17:15:52,154 [pool-833-thread-1] INFO  server.RaftServerConfigKeys (ConfUtils.java:logGet(43)) - raft.server.log.statemachine.data.caching.enabled = true (custom)
2020-03-19 17:15:52,154 [pool-833-thread-1] INFO  segmented.SegmentedRaftLogWorker (SegmentedRaftLogWorker.java:lambda$new$0(129)) - 8719c7fb-c7e5-474c-a3e1-64c0a78adabe@group-C2905EEC6DE9-SegmentedRaftLogWorker: flushIndex: setUnconditionally 0 -> -1
2020-03-19 17:15:52,155 [pool-833-thread-1] INFO  server.RaftServerConfigKeys (ConfUtils.java:logGet(43)) - raft.server.snapshot.auto.trigger.enabled = true (custom)
2020-03-19 17:15:52,155 [pool-833-thread-1] INFO  server.RaftServerConfigKeys (ConfUtils.java:logGet(43)) - raft.server.snapshot.auto.trigger.threshold = 10000 (custom)
2020-03-19 17:15:52,155 [pool-833-thread-1] INFO  server.RaftServerConfigKeys (ConfUtils.java:logGet(43)) - raft.server.snapshot.retention.file.num = 5 (custom)
2020-03-19 17:15:52,155 [pool-833-thread-1] INFO  server.RaftServerConfigKeys (ConfUtils.java:logGet(43)) - raft.server.retrycache.expirytime = 600000ms (custom)
2020-03-19 17:15:52,155 [pool-833-thread-1] INFO  metrics.RatisMetrics (RatisMetrics.java:lambda$create$0(39)) - Creating Metrics Registry : ratis.leader_election.8719c7fb-c7e5-474c-a3e1-64c0a78adabe@group-C2905EEC6DE9
2020-03-19 17:15:52,155 [pool-833-thread-1] INFO  metrics.RatisMetrics (RatisMetrics.java:lambda$create$0(39)) - Creating Metrics Registry : ratis.server.8719c7fb-c7e5-474c-a3e1-64c0a78adabe@group-C2905EEC6DE9
2020-03-19 17:15:52,156 [pool-833-thread-1] INFO  impl.RaftServerImpl (RaftServerImpl.java:start(183)) - 8719c7fb-c7e5-474c-a3e1-64c0a78adabe@group-C2905EEC6DE9: start as a follower, conf=-1: [8719c7fb-c7e5-474c-a3e1-64c0a78adabe:172.17.0.2:41825], old=null
2020-03-19 17:15:52,156 [pool-833-thread-1] INFO  impl.RaftServerImpl (RaftServerImpl.java:setRole(172)) - 8719c7fb-c7e5-474c-a3e1-64c0a78adabe@group-C2905EEC6DE9: changes role from      null to FOLLOWER at term 0 for startAsFollower
2020-03-19 17:15:52,156 [pool-833-thread-1] INFO  impl.RoleInfo (RoleInfo.java:updateAndGet(143)) - 8719c7fb-c7e5-474c-a3e1-64c0a78adabe: start FollowerState
2020-03-19 17:15:52,156 [pool-833-thread-1] INFO  util.JmxRegister (JmxRegister.java:tryRegister(44)) - Successfully registered JMX Bean with object name Ratis:service=RaftServer,group=group-C2905EEC6DE9,id=8719c7fb-c7e5-474c-a3e1-64c0a78adabe
2020-03-19 17:15:52,156 [pool-833-thread-1] INFO  metrics.RatisMetrics (RatisMetrics.java:lambda$create$0(39)) - Creating Metrics Registry : ratis.state_machine.8719c7fb-c7e5-474c-a3e1-64c0a78adabe@group-C2905EEC6DE9
2020-03-19 17:15:52,157 [Command processor thread] INFO  commandhandler.CreatePipelineCommandHandler (CreatePipelineCommandHandler.java:handle(112)) - Created Pipeline RATIS ONE #id: "98def390-6862-4a41-bd4d-c2905eec6de9"
.
2020-03-19 17:15:52,207 [main] INFO  ozone.MiniOzoneClusterImpl (MiniOzoneClusterImpl.java:lambda$waitForClusterToBeReady$0(177)) - Nodes are ready. Got 10 of 10 DN Heartbeats.
2020-03-19 17:15:52,207 [main] INFO  ozone.MiniOzoneClusterImpl (MiniOzoneClusterImpl.java:lambda$waitForClusterToBeReady$0(180)) - Waiting for cluster to exit safe mode
2020-03-19 17:15:52,211 [Command processor thread] INFO  impl.RaftServerProxy (RaftServerProxy.java:addNew(89)) - 0f47e6b4-3e2a-4392-948b-42faa0c001a0: addNew group-2A2FFA2CC73D:[0f47e6b4-3e2a-4392-948b-42faa0c001a0:172.17.0.2:43121] returns group-2A2FFA2CC73D:java.util.concurrent.CompletableFuture@574e83ad[Not completed]
2020-03-19 17:15:52,211 [pool-848-thread-1] INFO  impl.RaftServerImpl (RaftServerImpl.java:<init>(97)) - 0f47e6b4-3e2a-4392-948b-42faa0c001a0: new RaftServerImpl for group-2A2FFA2CC73D:[0f47e6b4-3e2a-4392-948b-42faa0c001a0:172.17.0.2:43121] with ContainerStateMachine:uninitialized
2020-03-19 17:15:52,211 [pool-848-thread-1] INFO  server.RaftServerConfigKeys (ConfUtils.java:logGet(43)) - raft.server.rpc.timeout.min = 1s (custom)
2020-03-19 17:15:52,211 [pool-848-thread-1] INFO  server.RaftServerConfigKeys (ConfUtils.java:logGet(43)) - raft.server.rpc.timeout.max = 1200ms (custom)
2020-03-19 17:15:52,212 [pool-848-thread-1] INFO  server.RaftServerConfigKeys (ConfUtils.java:logGet(43)) - raft.server.rpcslowness.timeout = 300s (custom)
2020-03-19 17:15:52,212 [pool-848-thread-1] INFO  server.RaftServerConfigKeys (ConfUtils.java:logGet(43)) - raft.server.sleep.deviation.threshold = 300 (default)
2020-03-19 17:15:52,212 [pool-848-thread-1] INFO  server.RaftServerConfigKeys (ConfUtils.java:logGet(43)) - raft.server.log.appender.install.snapshot.enabled = false (custom)
2020-03-19 17:15:52,212 [pool-848-thread-1] INFO  impl.RaftServerImpl (ServerState.java:<init>(103)) - 0f47e6b4-3e2a-4392-948b-42faa0c001a0@group-2A2FFA2CC73D: ConfigurationManager, init=-1: [0f47e6b4-3e2a-4392-948b-42faa0c001a0:172.17.0.2:43121], old=null, confs=<EMPTY_MAP>
2020-03-19 17:15:52,212 [pool-848-thread-1] INFO  server.RaftServerConfigKeys (ConfUtils.java:logGet(43)) - raft.server.storage.dir = [/github/workspace/hadoop-ozone/integration-test/target/test-dir/MiniOzoneClusterImpl-80293407-04bd-45a8-aeac-96ce148bba0b/datanode-9/data/ratis] (custom)
2020-03-19 17:15:52,212 [pool-848-thread-1] INFO  server.RaftServerConfigKeys (ConfUtils.java:logGet(43)) - raft.server.log.corruption.policy = EXCEPTION (default)
2020-03-19 17:15:52,212 [pool-848-thread-1] INFO  storage.RaftStorageDirectory (RaftStorageDirectory.java:analyzeStorage(253)) - The storage directory /github/workspace/hadoop-ozone/integration-test/target/test-dir/MiniOzoneClusterImpl-80293407-04bd-45a8-aeac-96ce148bba0b/datanode-9/data/ratis/b21bbf9a-b9c2-4574-81a5-2a2ffa2cc73d does not exist. Creating ...
2020-03-19 17:15:52,213 [pool-848-thread-1] INFO  storage.RaftStorageDirectory (RaftStorageDirectory.java:tryLock(335)) - Lock on /github/workspace/hadoop-ozone/integration-test/target/test-dir/MiniOzoneClusterImpl-80293407-04bd-45a8-aeac-96ce148bba0b/datanode-9/data/ratis/b21bbf9a-b9c2-4574-81a5-2a2ffa2cc73d/in_use.lock acquired by nodename 2543@e39e15fa19de
2020-03-19 17:15:52,215 [pool-848-thread-1] INFO  storage.RaftStorage (RaftStorage.java:format(84)) - Storage directory /github/workspace/hadoop-ozone/integration-test/target/test-dir/MiniOzoneClusterImpl-80293407-04bd-45a8-aeac-96ce148bba0b/datanode-9/data/ratis/b21bbf9a-b9c2-4574-81a5-2a2ffa2cc73d has been successfully formatted.
2020-03-19 17:15:52,216 [pool-848-thread-1] INFO  ratis.ContainerStateMachine (ContainerStateMachine.java:loadSnapshot(233)) - group-2A2FFA2CC73D: The snapshot info is null. Setting the last applied indexto:(t:0, i:~)
2020-03-19 17:15:52,216 [pool-848-thread-1] INFO  server.RaftServerConfigKeys (ConfUtils.java:logGet(43)) - raft.server.notification.no-leader.timeout = 60s (default)
2020-03-19 17:15:52,216 [pool-848-thread-1] INFO  server.RaftServerConfigKeys (ConfUtils.java:logGet(43)) - raft.server.log.use.memory = false (default)
2020-03-19 17:15:52,216 [pool-848-thread-1] INFO  server.RaftServerConfigKeys (ConfUtils.java:logGet(43)) - raft.server.log.purge.gap = 1000000 (custom)
2020-03-19 17:15:52,216 [pool-848-thread-1] INFO  server.RaftServerConfigKeys (ConfUtils.java:logGet(43)) - raft.server.log.appender.buffer.byte-limit = 33554432 (custom)
2020-03-19 17:15:52,216 [pool-848-thread-1] INFO  server.RaftServerConfigKeys (ConfUtils.java:logGet(43)) - raft.server.log.segment.size.max = 1048576 (custom)
2020-03-19 17:15:52,216 [pool-848-thread-1] INFO  metrics.RatisMetrics (RatisMetrics.java:lambda$create$0(39)) - Creating Metrics Registry : ratis.log_worker.0f47e6b4-3e2a-4392-948b-42faa0c001a0
2020-03-19 17:15:52,216 [EventQueue-PipelineReportForPipelineReportHandler] INFO  pipeline.PipelineStateManager (PipelineStateManager.java:openPipeline(131)) - Pipeline Pipeline[ Id: b21bbf9a-b9c2-4574-81a5-2a2ffa2cc73d, Nodes: 0f47e6b4-3e2a-4392-948b-42faa0c001a0{ip: 172.17.0.2, host: e39e15fa19de, networkLocation: /rack1, certSerialId: null}, Type:RATIS, Factor:ONE, State:ALLOCATED, leaderId:0f47e6b4-3e2a-4392-948b-42faa0c001a0, CreationTimestamp2020-03-19T17:15:49.211Z] moved to OPEN state
2020-03-19 17:15:52,216 [EventQueue-OpenPipelineForOneReplicaPipelineSafeModeRule] INFO  safemode.SCMSafeModeManager (SCMSafeModeManager.java:validateSafeModeExitRules(175)) - AtleastOneDatanodeReportedRule rule is successfully validated
2020-03-19 17:15:52,216 [EventQueue-OpenPipelineForHealthyPipelineSafeModeRule] INFO  safemode.SCMSafeModeManager (HealthyPipelineSafeModeRule.java:process(131)) - SCM in safe mode. Healthy pipelines reported count is 0, required healthy pipeline reported count is 1
2020-03-19 17:15:52,216 [pool-848-thread-1] INFO  server.RaftServerConfigKeys (ConfUtils.java:logGet(43)) - raft.server.log.segment.cache.num.max = 2 (custom)
2020-03-19 17:15:52,216 [pool-848-thread-1] INFO  segmented.SegmentedRaftLogWorker (SegmentedRaftLogWorker.java:<init>(176)) - new 0f47e6b4-3e2a-4392-948b-42faa0c001a0@group-2A2FFA2CC73D-SegmentedRaftLogWorker for RaftStorage:Storage Directory /github/workspace/hadoop-ozone/integration-test/target/test-dir/MiniOzoneClusterImpl-80293407-04bd-45a8-aeac-96ce148bba0b/datanode-9/data/ratis/b21bbf9a-b9c2-4574-81a5-2a2ffa2cc73d
2020-03-19 17:15:52,216 [pool-848-thread-1] INFO  server.RaftServerConfigKeys (ConfUtils.java:logGet(43)) - raft.server.log.queue.byte-limit = 2147483647 (custom)
2020-03-19 17:15:52,216 [pool-848-thread-1] INFO  server.RaftServerConfigKeys (ConfUtils.java:logGet(43)) - raft.server.log.queue.element-limit = 1024 (custom)
2020-03-19 17:15:52,216 [pool-848-thread-1] INFO  server.RaftServerConfigKeys (ConfUtils.java:logGet(43)) - raft.server.log.segment.size.max = 1048576 (custom)
2020-03-19 17:15:52,216 [pool-848-thread-1] INFO  server.RaftServerConfigKeys (ConfUtils.java:logGet(43)) - raft.server.log.preallocated.size = 16384 (custom)
2020-03-19 17:15:52,216 [pool-848-thread-1] INFO  server.RaftServerConfigKeys (ConfUtils.java:logGet(43)) - raft.server.log.write.buffer.size = 1048576 (custom)
2020-03-19 17:15:52,216 [pool-848-thread-1] INFO  server.RaftServerConfigKeys (ConfUtils.java:logGet(43)) - raft.server.log.force.sync.num = 128 (default)
2020-03-19 17:15:52,217 [pool-848-thread-1] INFO  server.RaftServerConfigKeys (ConfUtils.java:logGet(43)) - raft.server.log.statemachine.data.sync = true (default)
2020-03-19 17:15:52,217 [pool-848-thread-1] INFO  server.RaftServerConfigKeys (ConfUtils.java:logGet(43)) - raft.server.log.statemachine.data.sync.timeout = 10s (default)
2020-03-19 17:15:52,217 [pool-848-thread-1] INFO  server.RaftServerConfigKeys (ConfUtils.java:logGet(43)) - raft.server.log.statemachine.data.sync.timeout.retry = -1 (default)
2020-03-19 17:15:52,219 [pool-848-thread-1] INFO  server.RaftServerConfigKeys (ConfUtils.java:logGet(43)) - raft.server.log.statemachine.data.caching.enabled = true (custom)
2020-03-19 17:15:52,219 [pool-848-thread-1] INFO  segmented.SegmentedRaftLogWorker (SegmentedRaftLogWorker.java:lambda$new$0(129)) - 0f47e6b4-3e2a-4392-948b-42faa0c001a0@group-2A2FFA2CC73D-SegmentedRaftLogWorker: flushIndex: setUnconditionally 0 -> -1
2020-03-19 17:15:52,219 [pool-848-thread-1] INFO  server.RaftServerConfigKeys (ConfUtils.java:logGet(43)) - raft.server.snapshot.auto.trigger.enabled = true (custom)
2020-03-19 17:15:52,219 [pool-848-thread-1] INFO  server.RaftServerConfigKeys (ConfUtils.java:logGet(43)) - raft.server.snapshot.auto.trigger.threshold = 10000 (custom)
2020-03-19 17:15:52,219 [pool-848-thread-1] INFO  server.RaftServerConfigKeys (ConfUtils.java:logGet(43)) - raft.server.snapshot.retention.file.num = 5 (custom)
2020-03-19 17:15:52,219 [pool-848-thread-1] INFO  server.RaftServerConfigKeys (ConfUtils.java:logGet(43)) - raft.server.retrycache.expirytime = 600000ms (custom)
2020-03-19 17:15:52,219 [pool-848-thread-1] INFO  metrics.RatisMetrics (RatisMetrics.java:lambda$create$0(39)) - Creating Metrics Registry : ratis.leader_election.0f47e6b4-3e2a-4392-948b-42faa0c001a0@group-2A2FFA2CC73D
2020-03-19 17:15:52,220 [pool-848-thread-1] INFO  metrics.RatisMetrics (RatisMetrics.java:lambda$create$0(39)) - Creating Metrics Registry : ratis.server.0f47e6b4-3e2a-4392-948b-42faa0c001a0@group-2A2FFA2CC73D
2020-03-19 17:15:52,220 [pool-848-thread-1] INFO  impl.RaftServerImpl (RaftServerImpl.java:start(183)) - 0f47e6b4-3e2a-4392-948b-42faa0c001a0@group-2A2FFA2CC73D: start as a follower, conf=-1: [0f47e6b4-3e2a-4392-948b-42faa0c001a0:172.17.0.2:43121], old=null
2020-03-19 17:15:52,220 [pool-848-thread-1] INFO  impl.RaftServerImpl (RaftServerImpl.java:setRole(172)) - 0f47e6b4-3e2a-4392-948b-42faa0c001a0@group-2A2FFA2CC73D: changes role from      null to FOLLOWER at term 0 for startAsFollower
2020-03-19 17:15:52,220 [pool-848-thread-1] INFO  impl.RoleInfo (RoleInfo.java:updateAndGet(143)) - 0f47e6b4-3e2a-4392-948b-42faa0c001a0: start FollowerState
2020-03-19 17:15:52,221 [pool-848-thread-1] INFO  util.JmxRegister (JmxRegister.java:tryRegister(44)) - Successfully registered JMX Bean with object name Ratis:service=RaftServer,group=group-2A2FFA2CC73D,id=0f47e6b4-3e2a-4392-948b-42faa0c001a0
2020-03-19 17:15:52,221 [pool-848-thread-1] INFO  metrics.RatisMetrics (RatisMetrics.java:lambda$create$0(39)) - Creating Metrics Registry : ratis.state_machine.0f47e6b4-3e2a-4392-948b-42faa0c001a0@group-2A2FFA2CC73D
2020-03-19 17:15:52,223 [Command processor thread] INFO  commandhandler.CreatePipelineCommandHandler (CreatePipelineCommandHandler.java:handle(112)) - Created Pipeline RATIS ONE #id: "b21bbf9a-b9c2-4574-81a5-2a2ffa2cc73d"
.
2020-03-19 17:15:52,772 [Thread-3219] INFO  impl.FollowerState (FollowerState.java:run(108)) - 19601d2c-1e34-4e29-889b-b501c57f3272@group-F255B7A46A64-FollowerState: change to CANDIDATE, lastRpcTime:1029ms, electionTimeout:1028ms
2020-03-19 17:15:52,772 [Thread-3219] INFO  impl.RoleInfo (RoleInfo.java:shutdownFollowerState(121)) - 19601d2c-1e34-4e29-889b-b501c57f3272: shutdown FollowerState
2020-03-19 17:15:52,772 [Thread-3219] INFO  impl.RaftServerImpl (RaftServerImpl.java:setRole(172)) - 19601d2c-1e34-4e29-889b-b501c57f3272@group-F255B7A46A64: changes role from  FOLLOWER to CANDIDATE at term 0 for changeToCandidate
2020-03-19 17:15:52,772 [Thread-3219] INFO  impl.RoleInfo (RoleInfo.java:updateAndGet(143)) - 19601d2c-1e34-4e29-889b-b501c57f3272: start LeaderElection
2020-03-19 17:15:52,845 [Thread-3227] INFO  impl.FollowerState (FollowerState.java:run(108)) - ea97180b-f37b-4beb-ae1e-adcdfeb20d18@group-30CBA8BF17B3-FollowerState: change to CANDIDATE, lastRpcTime:1016ms, electionTimeout:1009ms
2020-03-19 17:15:52,846 [Thread-3215] INFO  impl.FollowerState (FollowerState.java:run(108)) - e0593f1c-6b5a-4362-bc71-0b44a1bb1867@group-C4E13F1A911C-FollowerState: change to CANDIDATE, lastRpcTime:1133ms, electionTimeout:1087ms
2020-03-19 17:15:52,847 [Thread-3227] INFO  impl.RoleInfo (RoleInfo.java:shutdownFollowerState(121)) - ea97180b-f37b-4beb-ae1e-adcdfeb20d18: shutdown FollowerState
2020-03-19 17:15:52,847 [Thread-3227] INFO  impl.RaftServerImpl (RaftServerImpl.java:setRole(172)) - ea97180b-f37b-4beb-ae1e-adcdfeb20d18@group-30CBA8BF17B3: changes role from  FOLLOWER to CANDIDATE at term 0 for changeToCandidate
2020-03-19 17:15:52,847 [Thread-3227] INFO  impl.RoleInfo (RoleInfo.java:updateAndGet(143)) - ea97180b-f37b-4beb-ae1e-adcdfeb20d18: start LeaderElection
2020-03-19 17:15:52,848 [Thread-3215] INFO  impl.RoleInfo (RoleInfo.java:shutdownFollowerState(121)) - e0593f1c-6b5a-4362-bc71-0b44a1bb1867: shutdown FollowerState
2020-03-19 17:15:52,848 [Thread-3215] INFO  impl.RaftServerImpl (RaftServerImpl.java:setRole(172)) - e0593f1c-6b5a-4362-bc71-0b44a1bb1867@group-C4E13F1A911C: changes role from  FOLLOWER to CANDIDATE at term 0 for changeToCandidate
2020-03-19 17:15:52,848 [Thread-3217] INFO  impl.FollowerState (FollowerState.java:run(108)) - e0593f1c-6b5a-4362-bc71-0b44a1bb1867@group-F255B7A46A64-FollowerState: change to CANDIDATE, lastRpcTime:1126ms, electionTimeout:1060ms
2020-03-19 17:15:52,848 [Thread-3217] INFO  impl.RoleInfo (RoleInfo.java:shutdownFollowerState(121)) - e0593f1c-6b5a-4362-bc71-0b44a1bb1867: shutdown FollowerState
2020-03-19 17:15:52,848 [Thread-3217] INFO  impl.RaftServerImpl (RaftServerImpl.java:setRole(172)) - e0593f1c-6b5a-4362-bc71-0b44a1bb1867@group-F255B7A46A64: changes role from  FOLLOWER to CANDIDATE at term 0 for changeToCandidate
2020-03-19 17:15:52,848 [Thread-3217] INFO  impl.RoleInfo (RoleInfo.java:updateAndGet(143)) - e0593f1c-6b5a-4362-bc71-0b44a1bb1867: start LeaderElection
2020-03-19 17:15:52,848 [Thread-3215] INFO  impl.RoleInfo (RoleInfo.java:updateAndGet(143)) - e0593f1c-6b5a-4362-bc71-0b44a1bb1867: start LeaderElection
2020-03-19 17:15:52,855 [Thread-3224] INFO  impl.FollowerState (FollowerState.java:run(108)) - ea97180b-f37b-4beb-ae1e-adcdfeb20d18@group-F255B7A46A64-FollowerState: change to CANDIDATE, lastRpcTime:1062ms, electionTimeout:1060ms
2020-03-19 17:15:52,855 [Thread-3224] INFO  impl.RoleInfo (RoleInfo.java:shutdownFollowerState(121)) - ea97180b-f37b-4beb-ae1e-adcdfeb20d18: shutdown FollowerState
2020-03-19 17:15:52,855 [Thread-3224] INFO  impl.RaftServerImpl (RaftServerImpl.java:setRole(172)) - ea97180b-f37b-4beb-ae1e-adcdfeb20d18@group-F255B7A46A64: changes role from  FOLLOWER to CANDIDATE at term 0 for changeToCandidate
2020-03-19 17:15:52,855 [Thread-3224] INFO  impl.RoleInfo (RoleInfo.java:updateAndGet(143)) - ea97180b-f37b-4beb-ae1e-adcdfeb20d18: start LeaderElection
2020-03-19 17:15:52,855 [19601d2c-1e34-4e29-889b-b501c57f3272@group-F255B7A46A64-LeaderElection111] INFO  impl.LeaderElection (LeaderElection.java:askForVotes(206)) - 19601d2c-1e34-4e29-889b-b501c57f3272@group-F255B7A46A64-LeaderElection111: begin an election at term 1 for -1: [ea97180b-f37b-4beb-ae1e-adcdfeb20d18:172.17.0.2:46245, 19601d2c-1e34-4e29-889b-b501c57f3272:172.17.0.2:33413, e0593f1c-6b5a-4362-bc71-0b44a1bb1867:172.17.0.2:40807], old=null
2020-03-19 17:15:52,860 [e0593f1c-6b5a-4362-bc71-0b44a1bb1867@group-C4E13F1A911C-LeaderElection113] INFO  impl.LeaderElection (LeaderElection.java:askForVotes(206)) - e0593f1c-6b5a-4362-bc71-0b44a1bb1867@group-C4E13F1A911C-LeaderElection113: begin an election at term 1 for -1: [e0593f1c-6b5a-4362-bc71-0b44a1bb1867:172.17.0.2:40807], old=null
2020-03-19 17:15:52,860 [e0593f1c-6b5a-4362-bc71-0b44a1bb1867@group-C4E13F1A911C-LeaderElection113] INFO  impl.RoleInfo (RoleInfo.java:shutdownLeaderElection(134)) - e0593f1c-6b5a-4362-bc71-0b44a1bb1867: shutdown LeaderElection
2020-03-19 17:15:52,860 [e0593f1c-6b5a-4362-bc71-0b44a1bb1867@group-C4E13F1A911C-LeaderElection113] INFO  impl.RaftServerImpl (RaftServerImpl.java:setRole(172)) - e0593f1c-6b5a-4362-bc71-0b44a1bb1867@group-C4E13F1A911C: changes role from CANDIDATE to LEADER at term 1 for changeToLeader
2020-03-19 17:15:52,860 [e0593f1c-6b5a-4362-bc71-0b44a1bb1867@group-C4E13F1A911C-LeaderElection113] INFO  ratis.XceiverServerRatis (XceiverServerRatis.java:handleLeaderChangedNotification(739)) - Leader change notification received for group: group-C4E13F1A911C with new leaderId: e0593f1c-6b5a-4362-bc71-0b44a1bb1867
2020-03-19 17:15:52,861 [e0593f1c-6b5a-4362-bc71-0b44a1bb1867@group-C4E13F1A911C-LeaderElection113] INFO  impl.RaftServerImpl (ServerState.java:setLeader(255)) - e0593f1c-6b5a-4362-bc71-0b44a1bb1867@group-C4E13F1A911C: change Leader from null to e0593f1c-6b5a-4362-bc71-0b44a1bb1867 at term 1 for becomeLeader, leader elected after 1156ms
2020-03-19 17:15:52,862 [e0593f1c-6b5a-4362-bc71-0b44a1bb1867@group-C4E13F1A911C-LeaderElection113] INFO  server.RaftServerConfigKeys (ConfUtils.java:logGet(43)) - raft.server.staging.catchup.gap = 1000 (default)
2020-03-19 17:15:52,862 [e0593f1c-6b5a-4362-bc71-0b44a1bb1867@group-F255B7A46A64-LeaderElection114] INFO  impl.LeaderElection (LeaderElection.java:askForVotes(206)) - e0593f1c-6b5a-4362-bc71-0b44a1bb1867@group-F255B7A46A64-LeaderElection114: begin an election at term 1 for -1: [ea97180b-f37b-4beb-ae1e-adcdfeb20d18:172.17.0.2:46245, 19601d2c-1e34-4e29-889b-b501c57f3272:172.17.0.2:33413, e0593f1c-6b5a-4362-bc71-0b44a1bb1867:172.17.0.2:40807], old=null
2020-03-19 17:15:52,862 [e0593f1c-6b5a-4362-bc71-0b44a1bb1867@group-C4E13F1A911C-LeaderElection113] INFO  server.RaftServerConfigKeys (ConfUtils.java:logGet(43)) - raft.server.rpc.sleep.time = 25ms (default)
2020-03-19 17:15:52,862 [Thread-3222] INFO  impl.FollowerState (FollowerState.java:run(108)) - 19601d2c-1e34-4e29-889b-b501c57f3272@group-60C9B52A9161-FollowerState: change to CANDIDATE, lastRpcTime:1098ms, electionTimeout:1097ms
2020-03-19 17:15:52,863 [Thread-3222] INFO  impl.RoleInfo (RoleInfo.java:shutdownFollowerState(121)) - 19601d2c-1e34-4e29-889b-b501c57f3272: shutdown FollowerState
2020-03-19 17:15:52,863 [Thread-3222] INFO  impl.RaftServerImpl (RaftServerImpl.java:setRole(172)) - 19601d2c-1e34-4e29-889b-b501c57f3272@group-60C9B52A9161: changes role from  FOLLOWER to CANDIDATE at term 0 for changeToCandidate
2020-03-19 17:15:52,871 [ea97180b-f37b-4beb-ae1e-adcdfeb20d18@group-F255B7A46A64-LeaderElection115] INFO  impl.LeaderElection (LeaderElection.java:askForVotes(206)) - ea97180b-f37b-4beb-ae1e-adcdfeb20d18@group-F255B7A46A64-LeaderElection115: begin an election at term 1 for -1: [ea97180b-f37b-4beb-ae1e-adcdfeb20d18:172.17.0.2:46245, 19601d2c-1e34-4e29-889b-b501c57f3272:172.17.0.2:33413, e0593f1c-6b5a-4362-bc71-0b44a1bb1867:172.17.0.2:40807], old=null
2020-03-19 17:15:52,879 [ea97180b-f37b-4beb-ae1e-adcdfeb20d18@group-30CBA8BF17B3-LeaderElection112] INFO  impl.LeaderElection (LeaderElection.java:askForVotes(206)) - ea97180b-f37b-4beb-ae1e-adcdfeb20d18@group-30CBA8BF17B3-LeaderElection112: begin an election at term 1 for -1: [ea97180b-f37b-4beb-ae1e-adcdfeb20d18:172.17.0.2:46245], old=null
2020-03-19 17:15:52,879 [ea97180b-f37b-4beb-ae1e-adcdfeb20d18@group-30CBA8BF17B3-LeaderElection112] INFO  impl.RoleInfo (RoleInfo.java:shutdownLeaderElection(134)) - ea97180b-f37b-4beb-ae1e-adcdfeb20d18: shutdown LeaderElection
2020-03-19 17:15:52,879 [ea97180b-f37b-4beb-ae1e-adcdfeb20d18@group-30CBA8BF17B3-LeaderElection112] INFO  impl.RaftServerImpl (RaftServerImpl.java:setRole(172)) - ea97180b-f37b-4beb-ae1e-adcdfeb20d18@group-30CBA8BF17B3: changes role from CANDIDATE to LEADER at term 1 for changeToLeader
2020-03-19 17:15:52,879 [ea97180b-f37b-4beb-ae1e-adcdfeb20d18@group-30CBA8BF17B3-LeaderElection112] INFO  ratis.XceiverServerRatis (XceiverServerRatis.java:handleLeaderChangedNotification(739)) - Leader change notification received for group: group-30CBA8BF17B3 with new leaderId: ea97180b-f37b-4beb-ae1e-adcdfeb20d18
2020-03-19 17:15:52,881 [Thread-3222] INFO  impl.RoleInfo (RoleInfo.java:updateAndGet(143)) - 19601d2c-1e34-4e29-889b-b501c57f3272: start LeaderElection
2020-03-19 17:15:52,882 [e0593f1c-6b5a-4362-bc71-0b44a1bb1867@group-C4E13F1A911C-LeaderElection113] INFO  metrics.RatisMetrics (RatisMetrics.java:lambda$create$0(39)) - Creating Metrics Registry : ratis.log_appender.e0593f1c-6b5a-4362-bc71-0b44a1bb1867@group-C4E13F1A911C
2020-03-19 17:15:52,882 [e0593f1c-6b5a-4362-bc71-0b44a1bb1867@group-C4E13F1A911C-LeaderElection113] INFO  server.RaftServerConfigKeys (ConfUtils.java:logGet(43)) - raft.server.write.element-limit = 1024 (custom)
2020-03-19 17:15:52,882 [e0593f1c-6b5a-4362-bc71-0b44a1bb1867@group-C4E13F1A911C-LeaderElection113] INFO  server.RaftServerConfigKeys (ConfUtils.java:logGet(43)) - raft.server.write.byte-limit = 1073741824 (custom)
2020-03-19 17:15:52,882 [ea97180b-f37b-4beb-ae1e-adcdfeb20d18@group-30CBA8BF17B3-LeaderElection112] INFO  impl.RaftServerImpl (ServerState.java:setLeader(255)) - ea97180b-f37b-4beb-ae1e-adcdfeb20d18@group-30CBA8BF17B3: change Leader from null to ea97180b-f37b-4beb-ae1e-adcdfeb20d18 at term 1 for becomeLeader, leader elected after 1055ms
2020-03-19 17:15:52,883 [ea97180b-f37b-4beb-ae1e-adcdfeb20d18@group-30CBA8BF17B3-LeaderElection112] INFO  server.RaftServerConfigKeys (ConfUtils.java:logGet(43)) - raft.server.staging.catchup.gap = 1000 (default)
2020-03-19 17:15:52,883 [ea97180b-f37b-4beb-ae1e-adcdfeb20d18@group-30CBA8BF17B3-LeaderElection112] INFO  server.RaftServerConfigKeys (ConfUtils.java:logGet(43)) - raft.server.rpc.sleep.time = 25ms (default)
2020-03-19 17:15:52,883 [ea97180b-f37b-4beb-ae1e-adcdfeb20d18@group-30CBA8BF17B3-LeaderElection112] INFO  metrics.RatisMetrics (RatisMetrics.java:lambda$create$0(39)) - Creating Metrics Registry : ratis.log_appender.ea97180b-f37b-4beb-ae1e-adcdfeb20d18@group-30CBA8BF17B3
2020-03-19 17:15:52,883 [ea97180b-f37b-4beb-ae1e-adcdfeb20d18@group-30CBA8BF17B3-LeaderElection112] INFO  server.RaftServerConfigKeys (ConfUtils.java:logGet(43)) - raft.server.write.element-limit = 1024 (custom)
2020-03-19 17:15:52,883 [ea97180b-f37b-4beb-ae1e-adcdfeb20d18@group-30CBA8BF17B3-LeaderElection112] INFO  server.RaftServerConfigKeys (ConfUtils.java:logGet(43)) - raft.server.write.byte-limit = 1073741824 (custom)
2020-03-19 17:15:52,896 [Thread-3231] INFO  impl.FollowerState (FollowerState.java:run(108)) - 665f80ed-020a-4994-95dd-47071b79dcbc@group-448E1A42821C-FollowerState: change to CANDIDATE, lastRpcTime:1004ms, electionTimeout:1000ms
2020-03-19 17:15:52,900 [e0593f1c-6b5a-4362-bc71-0b44a1bb1867@group-C4E13F1A911C-LeaderElection113] INFO  server.RaftServerConfigKeys (ConfUtils.java:logGet(43)) - raft.server.watch.timeout = 3s (custom)
2020-03-19 17:15:52,900 [e0593f1c-6b5a-4362-bc71-0b44a1bb1867@group-C4E13F1A911C-LeaderElection113] INFO  server.RaftServerConfigKeys (ConfUtils.java:logGet(43)) - raft.server.watch.timeout.denomination = 1s (default)
2020-03-19 17:15:52,900 [e0593f1c-6b5a-4362-bc71-0b44a1bb1867@group-C4E13F1A911C-LeaderElection113] INFO  server.RaftServerConfigKeys (ConfUtils.java:logGet(43)) - raft.server.watch.element-limit = 65536 (default)
2020-03-19 17:15:52,900 [e0593f1c-6b5a-4362-bc71-0b44a1bb1867@group-C4E13F1A911C-LeaderElection113] INFO  impl.RoleInfo (RoleInfo.java:updateAndGet(143)) - e0593f1c-6b5a-4362-bc71-0b44a1bb1867: start LeaderState
2020-03-19 17:15:52,901 [Thread-3231] INFO  impl.RoleInfo (RoleInfo.java:shutdownFollowerState(121)) - 665f80ed-020a-4994-95dd-47071b79dcbc: shutdown FollowerState
2020-03-19 17:15:52,901 [Thread-3231] INFO  impl.RaftServerImpl (RaftServerImpl.java:setRole(172)) - 665f80ed-020a-4994-95dd-47071b79dcbc@group-448E1A42821C: changes role from  FOLLOWER to CANDIDATE at term 0 for changeToCandidate
2020-03-19 17:15:52,901 [Thread-3231] INFO  impl.RoleInfo (RoleInfo.java:updateAndGet(143)) - 665f80ed-020a-4994-95dd-47071b79dcbc: start LeaderElection
2020-03-19 17:15:52,901 [e0593f1c-6b5a-4362-bc71-0b44a1bb1867@group-C4E13F1A911C-LeaderElection113] INFO  segmented.SegmentedRaftLogWorker (SegmentedRaftLogWorker.java:startLogSegment(391)) - e0593f1c-6b5a-4362-bc71-0b44a1bb1867@group-C4E13F1A911C-SegmentedRaftLogWorker: Starting segment from index:0
2020-03-19 17:15:52,901 [ea97180b-f37b-4beb-ae1e-adcdfeb20d18@group-30CBA8BF17B3-LeaderElection112] INFO  server.RaftServerConfigKeys (ConfUtils.java:logGet(43)) - raft.server.watch.timeout = 3s (custom)
2020-03-19 17:15:52,902 [ea97180b-f37b-4beb-ae1e-adcdfeb20d18@group-30CBA8BF17B3-LeaderElection112] INFO  server.RaftServerConfigKeys (ConfUtils.java:logGet(43)) - raft.server.watch.timeout.denomination = 1s (default)
2020-03-19 17:15:52,902 [ea97180b-f37b-4beb-ae1e-adcdfeb20d18@group-30CBA8BF17B3-LeaderElection112] INFO  server.RaftServerConfigKeys (ConfUtils.java:logGet(43)) - raft.server.watch.element-limit = 65536 (default)
2020-03-19 17:15:52,902 [ea97180b-f37b-4beb-ae1e-adcdfeb20d18@group-30CBA8BF17B3-LeaderElection112] INFO  impl.RoleInfo (RoleInfo.java:updateAndGet(143)) - ea97180b-f37b-4beb-ae1e-adcdfeb20d18: start LeaderState
2020-03-19 17:15:52,902 [ea97180b-f37b-4beb-ae1e-adcdfeb20d18@group-30CBA8BF17B3-LeaderElection112] INFO  segmented.SegmentedRaftLogWorker (SegmentedRaftLogWorker.java:startLogSegment(391)) - ea97180b-f37b-4beb-ae1e-adcdfeb20d18@group-30CBA8BF17B3-SegmentedRaftLogWorker: Starting segment from index:0
2020-03-19 17:15:52,904 [ea97180b-f37b-4beb-ae1e-adcdfeb20d18@group-30CBA8BF17B3-SegmentedRaftLogWorker] INFO  segmented.SegmentedRaftLogWorker (SegmentedRaftLogWorker.java:execute(583)) - ea97180b-f37b-4beb-ae1e-adcdfeb20d18@group-30CBA8BF17B3-SegmentedRaftLogWorker: created new log segment /github/workspace/hadoop-ozone/integration-test/target/test-dir/MiniOzoneClusterImpl-80293407-04bd-45a8-aeac-96ce148bba0b/datanode-2/data/ratis/0651cd48-21ac-4ea2-b6f6-30cba8bf17b3/current/log_inprogress_0
2020-03-19 17:15:52,911 [ea97180b-f37b-4beb-ae1e-adcdfeb20d18@group-30CBA8BF17B3-LeaderElection112] INFO  impl.RaftServerImpl (ServerState.java:setRaftConf(356)) - ea97180b-f37b-4beb-ae1e-adcdfeb20d18@group-30CBA8BF17B3: set configuration 0: [ea97180b-f37b-4beb-ae1e-adcdfeb20d18:172.17.0.2:46245], old=null at 0
2020-03-19 17:15:52,911 [e0593f1c-6b5a-4362-bc71-0b44a1bb1867@group-C4E13F1A911C-LeaderElection113] INFO  impl.RaftServerImpl (ServerState.java:setRaftConf(356)) - e0593f1c-6b5a-4362-bc71-0b44a1bb1867@group-C4E13F1A911C: set configuration 0: [e0593f1c-6b5a-4362-bc71-0b44a1bb1867:172.17.0.2:40807], old=null at 0
2020-03-19 17:15:52,921 [e0593f1c-6b5a-4362-bc71-0b44a1bb1867@group-C4E13F1A911C-SegmentedRaftLogWorker] INFO  segmented.SegmentedRaftLogWorker (SegmentedRaftLogWorker.java:execute(583)) - e0593f1c-6b5a-4362-bc71-0b44a1bb1867@group-C4E13F1A911C-SegmentedRaftLogWorker: created new log segment /github/workspace/hadoop-ozone/integration-test/target/test-dir/MiniOzoneClusterImpl-80293407-04bd-45a8-aeac-96ce148bba0b/datanode-0/data/ratis/0c136d18-0887-49f8-8d8b-c4e13f1a911c/current/log_inprogress_0
2020-03-19 17:15:52,925 [665f80ed-020a-4994-95dd-47071b79dcbc@group-448E1A42821C-LeaderElection117] INFO  impl.LeaderElection (LeaderElection.java:askForVotes(206)) - 665f80ed-020a-4994-95dd-47071b79dcbc@group-448E1A42821C-LeaderElection117: begin an election at term 1 for -1: [78c87700-eed0-40ed-9c83-27d56052797c:172.17.0.2:42939, 665f80ed-020a-4994-95dd-47071b79dcbc:172.17.0.2:33627, 7e69d50e-0a54-4234-a642-c3092d47dbb5:172.17.0.2:37797], old=null
2020-03-19 17:15:52,931 [19601d2c-1e34-4e29-889b-b501c57f3272@group-F255B7A46A64-LeaderElection111] INFO  impl.LeaderElection (LeaderElection.java:logAndReturn(61)) - 19601d2c-1e34-4e29-889b-b501c57f3272@group-F255B7A46A64-LeaderElection111: Election REJECTED; received 2 response(s) [19601d2c-1e34-4e29-889b-b501c57f3272<-ea97180b-f37b-4beb-ae1e-adcdfeb20d18#0:FAIL-t1, 19601d2c-1e34-4e29-889b-b501c57f3272<-e0593f1c-6b5a-4362-bc71-0b44a1bb1867#0:FAIL-t1] and 0 exception(s); 19601d2c-1e34-4e29-889b-b501c57f3272@group-F255B7A46A64:t1, leader=null, voted=19601d2c-1e34-4e29-889b-b501c57f3272, raftlog=19601d2c-1e34-4e29-889b-b501c57f3272@group-F255B7A46A64-SegmentedRaftLog:OPENED:c-1,f-1,i0, conf=-1: [ea97180b-f37b-4beb-ae1e-adcdfeb20d18:172.17.0.2:46245, 19601d2c-1e34-4e29-889b-b501c57f3272:172.17.0.2:33413, e0593f1c-6b5a-4362-bc71-0b44a1bb1867:172.17.0.2:40807], old=null
2020-03-19 17:15:52,931 [19601d2c-1e34-4e29-889b-b501c57f3272@group-F255B7A46A64-LeaderElection111] INFO  impl.RaftServerImpl (RaftServerImpl.java:setRole(172)) - 19601d2c-1e34-4e29-889b-b501c57f3272@group-F255B7A46A64: changes role from CANDIDATE to FOLLOWER at term 1 for DISCOVERED_A_NEW_TERM
2020-03-19 17:15:52,931 [19601d2c-1e34-4e29-889b-b501c57f3272@group-F255B7A46A64-LeaderElection111] INFO  impl.RoleInfo (RoleInfo.java:shutdownLeaderElection(134)) - 19601d2c-1e34-4e29-889b-b501c57f3272: shutdown LeaderElection
2020-03-19 17:15:52,931 [19601d2c-1e34-4e29-889b-b501c57f3272@group-F255B7A46A64-LeaderElection111] INFO  impl.RoleInfo (RoleInfo.java:updateAndGet(143)) - 19601d2c-1e34-4e29-889b-b501c57f3272: start FollowerState
2020-03-19 17:15:52,932 [19601d2c-1e34-4e29-889b-b501c57f3272@group-60C9B52A9161-LeaderElection116] INFO  impl.LeaderElection (LeaderElection.java:askForVotes(206)) - 19601d2c-1e34-4e29-889b-b501c57f3272@group-60C9B52A9161-LeaderElection116: begin an election at term 1 for -1: [19601d2c-1e34-4e29-889b-b501c57f3272:172.17.0.2:33413], old=null
2020-03-19 17:15:52,937 [19601d2c-1e34-4e29-889b-b501c57f3272@group-60C9B52A9161-LeaderElection116] INFO  impl.RoleInfo (RoleInfo.java:shutdownLeaderElection(134)) - 19601d2c-1e34-4e29-889b-b501c57f3272: shutdown LeaderElection
2020-03-19 17:15:52,937 [19601d2c-1e34-4e29-889b-b501c57f3272@group-60C9B52A9161-LeaderElection116] INFO  impl.RaftServerImpl (RaftServerImpl.java:setRole(172)) - 19601d2c-1e34-4e29-889b-b501c57f3272@group-60C9B52A9161: changes role from CANDIDATE to LEADER at term 1 for changeToLeader
2020-03-19 17:15:52,937 [19601d2c-1e34-4e29-889b-b501c57f3272@group-60C9B52A9161-LeaderElection116] INFO  ratis.XceiverServerRatis (XceiverServerRatis.java:handleLeaderChangedNotification(739)) - Leader change notification received for group: group-60C9B52A9161 with new leaderId: 19601d2c-1e34-4e29-889b-b501c57f3272
2020-03-19 17:15:52,932 [e0593f1c-6b5a-4362-bc71-0b44a1bb1867@group-F255B7A46A64-LeaderElection114] INFO  impl.LeaderElection (LeaderElection.java:logAndReturn(61)) - e0593f1c-6b5a-4362-bc71-0b44a1bb1867@group-F255B7A46A64-LeaderElection114: Election REJECTED; received 2 response(s) [e0593f1c-6b5a-4362-bc71-0b44a1bb1867<-ea97180b-f37b-4beb-ae1e-adcdfeb20d18#0:FAIL-t1, e0593f1c-6b5a-4362-bc71-0b44a1bb1867<-19601d2c-1e34-4e29-889b-b501c57f3272#0:FAIL-t1] and 0 exception(s); e0593f1c-6b5a-4362-bc71-0b44a1bb1867@group-F255B7A46A64:t1, leader=null, voted=e0593f1c-6b5a-4362-bc71-0b44a1bb1867, raftlog=e0593f1c-6b5a-4362-bc71-0b44a1bb1867@group-F255B7A46A64-SegmentedRaftLog:OPENED:c-1,f-1,i0, conf=-1: [ea97180b-f37b-4beb-ae1e-adcdfeb20d18:172.17.0.2:46245, 19601d2c-1e34-4e29-889b-b501c57f3272:172.17.0.2:33413, e0593f1c-6b5a-4362-bc71-0b44a1bb1867:172.17.0.2:40807], old=null
2020-03-19 17:15:52,937 [e0593f1c-6b5a-4362-bc71-0b44a1bb1867@group-F255B7A46A64-LeaderElection114] INFO  impl.RaftServerImpl (RaftServerImpl.java:setRole(172)) - e0593f1c-6b5a-4362-bc71-0b44a1bb1867@group-F255B7A46A64: changes role from CANDIDATE to FOLLOWER at term 1 for DISCOVERED_A_NEW_TERM
2020-03-19 17:15:52,937 [e0593f1c-6b5a-4362-bc71-0b44a1bb1867@group-F255B7A46A64-LeaderElection114] INFO  impl.RoleInfo (RoleInfo.java:shutdownLeaderElection(134)) - e0593f1c-6b5a-4362-bc71-0b44a1bb1867: shutdown LeaderElection
2020-03-19 17:15:52,938 [e0593f1c-6b5a-4362-bc71-0b44a1bb1867@group-F255B7A46A64-LeaderElection114] INFO  impl.RoleInfo (RoleInfo.java:updateAndGet(143)) - e0593f1c-6b5a-4362-bc71-0b44a1bb1867: start FollowerState
2020-03-19 17:15:52,937 [19601d2c-1e34-4e29-889b-b501c57f3272@group-60C9B52A9161-LeaderElection116] INFO  impl.RaftServerImpl (ServerState.java:setLeader(255)) - 19601d2c-1e34-4e29-889b-b501c57f3272@group-60C9B52A9161: change Leader from null to 19601d2c-1e34-4e29-889b-b501c57f3272 at term 1 for becomeLeader, leader elected after 1176ms
2020-03-19 17:15:52,940 [19601d2c-1e34-4e29-889b-b501c57f3272@group-60C9B52A9161-LeaderElection116] INFO  server.RaftServerConfigKeys (ConfUtils.java:logGet(43)) - raft.server.staging.catchup.gap = 1000 (default)
2020-03-19 17:15:52,940 [19601d2c-1e34-4e29-889b-b501c57f3272@group-60C9B52A9161-LeaderElection116] INFO  server.RaftServerConfigKeys (ConfUtils.java:logGet(43)) - raft.server.rpc.sleep.time = 25ms (default)
2020-03-19 17:15:52,940 [19601d2c-1e34-4e29-889b-b501c57f3272@group-60C9B52A9161-LeaderElection116] INFO  metrics.RatisMetrics (RatisMetrics.java:lambda$create$0(39)) - Creating Metrics Registry : ratis.log_appender.19601d2c-1e34-4e29-889b-b501c57f3272@group-60C9B52A9161
2020-03-19 17:15:52,940 [Thread-3236] INFO  impl.FollowerState (FollowerState.java:run(108)) - 7e69d50e-0a54-4234-a642-c3092d47dbb5@group-448E1A42821C-FollowerState: change to CANDIDATE, lastRpcTime:1014ms, electionTimeout:1013ms
2020-03-19 17:15:52,940 [19601d2c-1e34-4e29-889b-b501c57f3272@group-60C9B52A9161-LeaderElection116] INFO  server.RaftServerConfigKeys (ConfUtils.java:logGet(43)) - raft.server.write.element-limit = 1024 (custom)
2020-03-19 17:15:52,940 [19601d2c-1e34-4e29-889b-b501c57f3272@group-60C9B52A9161-LeaderElection116] INFO  server.RaftServerConfigKeys (ConfUtils.java:logGet(43)) - raft.server.write.byte-limit = 1073741824 (custom)
2020-03-19 17:15:52,941 [Thread-3236] INFO  impl.RoleInfo (RoleInfo.java:shutdownFollowerState(121)) - 7e69d50e-0a54-4234-a642-c3092d47dbb5: shutdown FollowerState
2020-03-19 17:15:52,941 [Thread-3236] INFO  impl.RaftServerImpl (RaftServerImpl.java:setRole(172)) - 7e69d50e-0a54-4234-a642-c3092d47dbb5@group-448E1A42821C: changes role from  FOLLOWER to CANDIDATE at term 0 for changeToCandidate
2020-03-19 17:15:52,941 [Thread-3236] INFO  impl.RoleInfo (RoleInfo.java:updateAndGet(143)) - 7e69d50e-0a54-4234-a642-c3092d47dbb5: start LeaderElection
2020-03-19 17:15:52,941 [19601d2c-1e34-4e29-889b-b501c57f3272@group-60C9B52A9161-LeaderElection116] INFO  server.RaftServerConfigKeys (ConfUtils.java:logGet(43)) - raft.server.watch.timeout = 3s (custom)
2020-03-19 17:15:52,941 [19601d2c-1e34-4e29-889b-b501c57f3272@group-60C9B52A9161-LeaderElection116] INFO  server.RaftServerConfigKeys (ConfUtils.java:logGet(43)) - raft.server.watch.timeout.denomination = 1s (default)
2020-03-19 17:15:52,941 [19601d2c-1e34-4e29-889b-b501c57f3272@group-60C9B52A9161-LeaderElection116] INFO  server.RaftServerConfigKeys (ConfUtils.java:logGet(43)) - raft.server.watch.element-limit = 65536 (default)
2020-03-19 17:15:52,941 [19601d2c-1e34-4e29-889b-b501c57f3272@group-60C9B52A9161-LeaderElection116] INFO  impl.RoleInfo (RoleInfo.java:updateAndGet(143)) - 19601d2c-1e34-4e29-889b-b501c57f3272: start LeaderState
2020-03-19 17:15:52,942 [19601d2c-1e34-4e29-889b-b501c57f3272@group-60C9B52A9161-LeaderElection116] INFO  segmented.SegmentedRaftLogWorker (SegmentedRaftLogWorker.java:startLogSegment(391)) - 19601d2c-1e34-4e29-889b-b501c57f3272@group-60C9B52A9161-SegmentedRaftLogWorker: Starting segment from index:0
2020-03-19 17:15:52,946 [19601d2c-1e34-4e29-889b-b501c57f3272@group-60C9B52A9161-LeaderElection116] INFO  impl.RaftServerImpl (ServerState.java:setRaftConf(356)) - 19601d2c-1e34-4e29-889b-b501c57f3272@group-60C9B52A9161: set configuration 0: [19601d2c-1e34-4e29-889b-b501c57f3272:172.17.0.2:33413], old=null at 0
2020-03-19 17:15:52,948 [19601d2c-1e34-4e29-889b-b501c57f3272@group-60C9B52A9161-SegmentedRaftLogWorker] INFO  segmented.SegmentedRaftLogWorker (SegmentedRaftLogWorker.java:execute(583)) - 19601d2c-1e34-4e29-889b-b501c57f3272@group-60C9B52A9161-SegmentedRaftLogWorker: created new log segment /github/workspace/hadoop-ozone/integration-test/target/test-dir/MiniOzoneClusterImpl-80293407-04bd-45a8-aeac-96ce148bba0b/datanode-1/data/ratis/5bac38eb-2be8-4bf3-a07d-60c9b52a9161/current/log_inprogress_0
2020-03-19 17:15:52,956 [grpc-default-executor-9] INFO  impl.RaftServerImpl (RaftServerImpl.java:setRole(172)) - 7e69d50e-0a54-4234-a642-c3092d47dbb5@group-448E1A42821C: changes role from CANDIDATE to FOLLOWER at term 1 for recognizeCandidate:665f80ed-020a-4994-95dd-47071b79dcbc
2020-03-19 17:15:52,956 [grpc-default-executor-6] INFO  impl.RaftServerImpl (RaftServerImpl.java:setRole(172)) - 78c87700-eed0-40ed-9c83-27d56052797c@group-448E1A42821C: changes role from  FOLLOWER to FOLLOWER at term 1 for recognizeCandidate:665f80ed-020a-4994-95dd-47071b79dcbc
2020-03-19 17:15:52,957 [grpc-default-executor-6] INFO  impl.RoleInfo (RoleInfo.java:shutdownFollowerState(121)) - 78c87700-eed0-40ed-9c83-27d56052797c: shutdown FollowerState
2020-03-19 17:15:52,957 [grpc-default-executor-6] INFO  impl.RoleInfo (RoleInfo.java:updateAndGet(143)) - 78c87700-eed0-40ed-9c83-27d56052797c: start FollowerState
2020-03-19 17:15:52,957 [Thread-3233] INFO  impl.FollowerState (FollowerState.java:run(117)) - 78c87700-eed0-40ed-9c83-27d56052797c@group-448E1A42821C-FollowerState was interrupted: java.lang.InterruptedException: sleep interrupted
2020-03-19 17:15:52,957 [grpc-default-executor-9] INFO  impl.RoleInfo (RoleInfo.java:shutdownLeaderElection(134)) - 7e69d50e-0a54-4234-a642-c3092d47dbb5: shutdown LeaderElection
2020-03-19 17:15:52,957 [ea97180b-f37b-4beb-ae1e-adcdfeb20d18@group-F255B7A46A64-LeaderElection115] INFO  impl.LeaderElection (LeaderElection.java:logAndReturn(61)) - ea97180b-f37b-4beb-ae1e-adcdfeb20d18@group-F255B7A46A64-LeaderElection115: Election REJECTED; received 2 response(s) [ea97180b-f37b-4beb-ae1e-adcdfeb20d18<-19601d2c-1e34-4e29-889b-b501c57f3272#0:FAIL-t1, ea97180b-f37b-4beb-ae1e-adcdfeb20d18<-e0593f1c-6b5a-4362-bc71-0b44a1bb1867#0:FAIL-t1] and 0 exception(s); ea97180b-f37b-4beb-ae1e-adcdfeb20d18@group-F255B7A46A64:t1, leader=null, voted=ea97180b-f37b-4beb-ae1e-adcdfeb20d18, raftlog=ea97180b-f37b-4beb-ae1e-adcdfeb20d18@group-F255B7A46A64-SegmentedRaftLog:OPENED:c-1,f-1,i0, conf=-1: [ea97180b-f37b-4beb-ae1e-adcdfeb20d18:172.17.0.2:46245, 19601d2c-1e34-4e29-889b-b501c57f3272:172.17.0.2:33413, e0593f1c-6b5a-4362-bc71-0b44a1bb1867:172.17.0.2:40807], old=null
2020-03-19 17:15:52,958 [ea97180b-f37b-4beb-ae1e-adcdfeb20d18@group-F255B7A46A64-LeaderElection115] INFO  impl.RaftServerImpl (RaftServerImpl.java:setRole(172)) - ea97180b-f37b-4beb-ae1e-adcdfeb20d18@group-F255B7A46A64: changes role from CANDIDATE to FOLLOWER at term 1 for DISCOVERED_A_NEW_TERM
2020-03-19 17:15:52,958 [ea97180b-f37b-4beb-ae1e-adcdfeb20d18@group-F255B7A46A64-LeaderElection115] INFO  impl.RoleInfo (RoleInfo.java:shutdownLeaderElection(134)) - ea97180b-f37b-4beb-ae1e-adcdfeb20d18: shutdown LeaderElection
2020-03-19 17:15:52,958 [ea97180b-f37b-4beb-ae1e-adcdfeb20d18@group-F255B7A46A64-LeaderElection115] INFO  impl.RoleInfo (RoleInfo.java:updateAndGet(143)) - ea97180b-f37b-4beb-ae1e-adcdfeb20d18: start FollowerState
2020-03-19 17:15:52,961 [grpc-default-executor-9] INFO  impl.RoleInfo (RoleInfo.java:updateAndGet(143)) - 7e69d50e-0a54-4234-a642-c3092d47dbb5: start FollowerState
2020-03-19 17:15:52,977 [665f80ed-020a-4994-95dd-47071b79dcbc@group-448E1A42821C-LeaderElection117] INFO  impl.LeaderElection (LeaderElection.java:logAndReturn(61)) - 665f80ed-020a-4994-95dd-47071b79dcbc@group-448E1A42821C-LeaderElection117: Election PASSED; received 2 response(s) [665f80ed-020a-4994-95dd-47071b79dcbc<-78c87700-eed0-40ed-9c83-27d56052797c#0:OK-t1, 665f80ed-020a-4994-95dd-47071b79dcbc<-7e69d50e-0a54-4234-a642-c3092d47dbb5#0:FAIL-t1] and 0 exception(s); 665f80ed-020a-4994-95dd-47071b79dcbc@group-448E1A42821C:t1, leader=null, voted=665f80ed-020a-4994-95dd-47071b79dcbc, raftlog=665f80ed-020a-4994-95dd-47071b79dcbc@group-448E1A42821C-SegmentedRaftLog:OPENED:c-1,f-1,i0, conf=-1: [78c87700-eed0-40ed-9c83-27d56052797c:172.17.0.2:42939, 665f80ed-020a-4994-95dd-47071b79dcbc:172.17.0.2:33627, 7e69d50e-0a54-4234-a642-c3092d47dbb5:172.17.0.2:37797], old=null
2020-03-19 17:15:52,977 [665f80ed-020a-4994-95dd-47071b79dcbc@group-448E1A42821C-LeaderElection117] INFO  impl.RoleInfo (RoleInfo.java:shutdownLeaderElection(134)) - 665f80ed-020a-4994-95dd-47071b79dcbc: shutdown LeaderElection
2020-03-19 17:15:52,977 [665f80ed-020a-4994-95dd-47071b79dcbc@group-448E1A42821C-LeaderElection117] INFO  impl.RaftServerImpl (RaftServerImpl.java:setRole(172)) - 665f80ed-020a-4994-95dd-47071b79dcbc@group-448E1A42821C: changes role from CANDIDATE to LEADER at term 1 for changeToLeader
2020-03-19 17:15:52,977 [665f80ed-020a-4994-95dd-47071b79dcbc@group-448E1A42821C-LeaderElection117] INFO  ratis.XceiverServerRatis (XceiverServerRatis.java:handleLeaderChangedNotification(739)) - Leader change notification received for group: group-448E1A42821C with new leaderId: 665f80ed-020a-4994-95dd-47071b79dcbc
2020-03-19 17:15:52,977 [665f80ed-020a-4994-95dd-47071b79dcbc@group-448E1A42821C-LeaderElection117] INFO  impl.RaftServerImpl (ServerState.java:setLeader(255)) - 665f80ed-020a-4994-95dd-47071b79dcbc@group-448E1A42821C: change Leader from null to 665f80ed-020a-4994-95dd-47071b79dcbc at term 1 for becomeLeader, leader elected after 1090ms
2020-03-19 17:15:52,977 [665f80ed-020a-4994-95dd-47071b79dcbc@group-448E1A42821C-LeaderElection117] INFO  server.RaftServerConfigKeys (ConfUtils.java:logGet(43)) - raft.server.staging.catchup.gap = 1000 (default)
2020-03-19 17:15:52,977 [665f80ed-020a-4994-95dd-47071b79dcbc@group-448E1A42821C-LeaderElection117] INFO  server.RaftServerConfigKeys (ConfUtils.java:logGet(43)) - raft.server.rpc.sleep.time = 25ms (default)
2020-03-19 17:15:52,977 [665f80ed-020a-4994-95dd-47071b79dcbc@group-448E1A42821C-LeaderElection117] INFO  metrics.RatisMetrics (RatisMetrics.java:lambda$create$0(39)) - Creating Metrics Registry : ratis.log_appender.665f80ed-020a-4994-95dd-47071b79dcbc@group-448E1A42821C
2020-03-19 17:15:52,977 [665f80ed-020a-4994-95dd-47071b79dcbc@group-448E1A42821C-LeaderElection117] INFO  server.RaftServerConfigKeys (ConfUtils.java:logGet(43)) - raft.server.write.element-limit = 1024 (custom)
2020-03-19 17:15:52,977 [665f80ed-020a-4994-95dd-47071b79dcbc@group-448E1A42821C-LeaderElection117] INFO  server.RaftServerConfigKeys (ConfUtils.java:logGet(43)) - raft.server.write.byte-limit = 1073741824 (custom)
2020-03-19 17:15:52,978 [665f80ed-020a-4994-95dd-47071b79dcbc@group-448E1A42821C-LeaderElection117] INFO  server.RaftServerConfigKeys (ConfUtils.java:logGet(43)) - raft.server.watch.timeout = 3s (custom)
2020-03-19 17:15:52,978 [665f80ed-020a-4994-95dd-47071b79dcbc@group-448E1A42821C-LeaderElection117] INFO  server.RaftServerConfigKeys (ConfUtils.java:logGet(43)) - raft.server.watch.timeout.denomination = 1s (default)
2020-03-19 17:15:52,978 [665f80ed-020a-4994-95dd-47071b79dcbc@group-448E1A42821C-LeaderElection117] INFO  server.RaftServerConfigKeys (ConfUtils.java:logGet(43)) - raft.server.watch.element-limit = 65536 (default)
2020-03-19 17:15:52,978 [665f80ed-020a-4994-95dd-47071b79dcbc@group-448E1A42821C-LeaderElection117] INFO  server.RaftServerConfigKeys (ConfUtils.java:logGet(43)) - raft.server.log.appender.snapshot.chunk.size.max = 16MB (=16777216) (default)
2020-03-19 17:15:52,978 [665f80ed-020a-4994-95dd-47071b79dcbc@group-448E1A42821C-LeaderElection117] INFO  server.RaftServerConfigKeys (ConfUtils.java:logGet(43)) - raft.server.log.appender.buffer.byte-limit = 33554432 (custom)
2020-03-19 17:15:52,978 [665f80ed-020a-4994-95dd-47071b79dcbc@group-448E1A42821C-LeaderElection117] INFO  server.RaftServerConfigKeys (ConfUtils.java:logGet(43)) - raft.server.log.appender.buffer.element-limit = 1 (custom)
2020-03-19 17:15:52,978 [665f80ed-020a-4994-95dd-47071b79dcbc@group-448E1A42821C-LeaderElection117] INFO  grpc.GrpcConfigKeys$Server (ConfUtils.java:logGet(43)) - raft.grpc.server.leader.outstanding.appends.max = 128 (default)
2020-03-19 17:15:52,978 [665f80ed-020a-4994-95dd-47071b79dcbc@group-448E1A42821C-LeaderElection117] INFO  server.RaftServerConfigKeys (ConfUtils.java:logGet(43)) - raft.server.rpc.request.timeout = 3s (default)
2020-03-19 17:15:52,978 [665f80ed-020a-4994-95dd-47071b79dcbc@group-448E1A42821C-LeaderElection117] INFO  server.RaftServerConfigKeys (ConfUtils.java:logGet(43)) - raft.server.log.appender.install.snapshot.enabled = false (custom)
2020-03-19 17:15:52,980 [EventQueue-PipelineReportForPipelineReportHandler] INFO  pipeline.PipelineStateManager (PipelineStateManager.java:openPipeline(131)) - Pipeline Pipeline[ Id: d7c22a97-1ee9-48ff-8c2f-448e1a42821c, Nodes: 78c87700-eed0-40ed-9c83-27d56052797c{ip: 172.17.0.2, host: e39e15fa19de, networkLocation: /rack1, certSerialId: null}665f80ed-020a-4994-95dd-47071b79dcbc{ip: 172.17.0.2, host: e39e15fa19de, networkLocation: /rack1, certSerialId: null}7e69d50e-0a54-4234-a642-c3092d47dbb5{ip: 172.17.0.2, host: e39e15fa19de, networkLocation: /rack1, certSerialId: null}, Type:RATIS, Factor:THREE, State:ALLOCATED, leaderId:665f80ed-020a-4994-95dd-47071b79dcbc, CreationTimestamp2020-03-19T17:15:48.988Z] moved to OPEN state
2020-03-19 17:15:52,981 [665f80ed-020a-4994-95dd-47071b79dcbc@group-448E1A42821C-LeaderElection117] INFO  server.RaftServerConfigKeys (ConfUtils.java:logGet(43)) - raft.server.log.appender.snapshot.chunk.size.max = 16MB (=16777216) (default)
2020-03-19 17:15:52,980 [7e69d50e-0a54-4234-a642-c3092d47dbb5@group-448E1A42821C-LeaderElection118] INFO  impl.LeaderElection (LeaderElection.java:askForVotes(206)) - 7e69d50e-0a54-4234-a642-c3092d47dbb5@group-448E1A42821C-LeaderElection118: begin an election at term 2 for -1: [78c87700-eed0-40ed-9c83-27d56052797c:172.17.0.2:42939, 665f80ed-020a-4994-95dd-47071b79dcbc:172.17.0.2:33627, 7e69d50e-0a54-4234-a642-c3092d47dbb5:172.17.0.2:37797], old=null
2020-03-19 17:15:52,983 [665f80ed-020a-4994-95dd-47071b79dcbc@group-448E1A42821C-LeaderElection117] INFO  server.RaftServerConfigKeys (ConfUtils.java:logGet(43)) - raft.server.log.appender.buffer.byte-limit = 33554432 (custom)
2020-03-19 17:15:52,985 [665f80ed-020a-4994-95dd-47071b79dcbc@group-448E1A42821C-LeaderElection117] INFO  server.RaftServerConfigKeys (ConfUtils.java:logGet(43)) - raft.server.log.appender.buffer.element-limit = 1 (custom)
2020-03-19 17:15:52,982 [EventQueue-OpenPipelineForHealthyPipelineSafeModeRule] INFO  safemode.SCMSafeModeManager (HealthyPipelineSafeModeRule.java:process(131)) - SCM in safe mode. Healthy pipelines reported count is 1, required healthy pipeline reported count is 1
2020-03-19 17:15:52,982 [EventQueue-OpenPipelineForOneReplicaPipelineSafeModeRule] INFO  safemode.SCMSafeModeManager (SCMSafeModeManager.java:validateSafeModeExitRules(175)) - AtleastOneDatanodeReportedRule rule is successfully validated
2020-03-19 17:15:52,986 [EventQueue-OpenPipelineForHealthyPipelineSafeModeRule] INFO  safemode.SCMSafeModeManager (SCMSafeModeManager.java:validateSafeModeExitRules(175)) - HealthyPipelineSafeModeRule rule is successfully validated
2020-03-19 17:15:52,986 [EventQueue-OpenPipelineForHealthyPipelineSafeModeRule] INFO  safemode.SCMSafeModeManager (SCMSafeModeManager.java:validateSafeModeExitRules(184)) - ScmSafeModeManager, all rules are successfully validated
2020-03-19 17:15:52,986 [EventQueue-OpenPipelineForHealthyPipelineSafeModeRule] INFO  safemode.SCMSafeModeManager (SCMSafeModeManager.java:exitSafeMode(200)) - SCM exiting safe mode.
2020-03-19 17:15:52,986 [7e69d50e-0a54-4234-a642-c3092d47dbb5@group-448E1A42821C-LeaderElection118] INFO  impl.LeaderElection (LeaderElection.java:logAndReturn(61)) - 7e69d50e-0a54-4234-a642-c3092d47dbb5@group-448E1A42821C-LeaderElection118: Election REJECTED; received 0 response(s) [] and 0 exception(s); 7e69d50e-0a54-4234-a642-c3092d47dbb5@group-448E1A42821C:t2, leader=null, voted=7e69d50e-0a54-4234-a642-c3092d47dbb5, raftlog=7e69d50e-0a54-4234-a642-c3092d47dbb5@group-448E1A42821C-SegmentedRaftLog:OPENED:c-1,f-1,i0, conf=-1: [78c87700-eed0-40ed-9c83-27d56052797c:172.17.0.2:42939, 665f80ed-020a-4994-95dd-47071b79dcbc:172.17.0.2:33627, 7e69d50e-0a54-4234-a642-c3092d47dbb5:172.17.0.2:37797], old=null
2020-03-19 17:15:52,991 [665f80ed-020a-4994-95dd-47071b79dcbc@group-448E1A42821C-LeaderElection117] INFO  grpc.GrpcConfigKeys$Server (ConfUtils.java:logGet(43)) - raft.grpc.server.leader.outstanding.appends.max = 128 (default)
2020-03-19 17:15:52,991 [665f80ed-020a-4994-95dd-47071b79dcbc@group-448E1A42821C-LeaderElection117] INFO  server.RaftServerConfigKeys (ConfUtils.java:logGet(43)) - raft.server.rpc.request.timeout = 3s (default)
2020-03-19 17:15:52,991 [665f80ed-020a-4994-95dd-47071b79dcbc@group-448E1A42821C-LeaderElection117] INFO  server.RaftServerConfigKeys (ConfUtils.java:logGet(43)) - raft.server.log.appender.install.snapshot.enabled = false (custom)
2020-03-19 17:15:52,993 [665f80ed-020a-4994-95dd-47071b79dcbc@group-448E1A42821C-LeaderElection117] INFO  impl.RoleInfo (RoleInfo.java:updateAndGet(143)) - 665f80ed-020a-4994-95dd-47071b79dcbc: start LeaderState
2020-03-19 17:15:52,993 [665f80ed-020a-4994-95dd-47071b79dcbc@group-448E1A42821C-LeaderElection117] INFO  segmented.SegmentedRaftLogWorker (SegmentedRaftLogWorker.java:startLogSegment(391)) - 665f80ed-020a-4994-95dd-47071b79dcbc@group-448E1A42821C-SegmentedRaftLogWorker: Starting segment from index:0
2020-03-19 17:15:52,995 [665f80ed-020a-4994-95dd-47071b79dcbc@group-448E1A42821C-SegmentedRaftLogWorker] INFO  segmented.SegmentedRaftLogWorker (SegmentedRaftLogWorker.java:execute(583)) - 665f80ed-020a-4994-95dd-47071b79dcbc@group-448E1A42821C-SegmentedRaftLogWorker: created new log segment /github/workspace/hadoop-ozone/integration-test/target/test-dir/MiniOzoneClusterImpl-80293407-04bd-45a8-aeac-96ce148bba0b/datanode-3/data/ratis/d7c22a97-1ee9-48ff-8c2f-448e1a42821c/current/log_inprogress_0
2020-03-19 17:15:52,998 [grpc-default-executor-6] INFO  ratis.XceiverServerRatis (XceiverServerRatis.java:handleLeaderChangedNotification(739)) - Leader change notification received for group: group-448E1A42821C with new leaderId: 665f80ed-020a-4994-95dd-47071b79dcbc
2020-03-19 17:15:52,998 [Thread-3239] INFO  impl.FollowerState (FollowerState.java:run(108)) - 7e69d50e-0a54-4234-a642-c3092d47dbb5@group-31970616EB44-FollowerState: change to CANDIDATE, lastRpcTime:1054ms, electionTimeout:1054ms
2020-03-19 17:15:52,997 [665f80ed-020a-4994-95dd-47071b79dcbc@group-448E1A42821C-LeaderElection117] INFO  impl.RaftServerImpl (ServerState.java:setRaftConf(356)) - 665f80ed-020a-4994-95dd-47071b79dcbc@group-448E1A42821C: set configuration 0: [78c87700-eed0-40ed-9c83-27d56052797c:172.17.0.2:42939, 665f80ed-020a-4994-95dd-47071b79dcbc:172.17.0.2:33627, 7e69d50e-0a54-4234-a642-c3092d47dbb5:172.17.0.2:37797], old=null at 0
2020-03-19 17:15:53,002 [grpc-default-executor-6] INFO  impl.RaftServerImpl (ServerState.java:setLeader(255)) - 78c87700-eed0-40ed-9c83-27d56052797c@group-448E1A42821C: change Leader from null to 665f80ed-020a-4994-95dd-47071b79dcbc at term 1 for appendEntries, leader elected after 1094ms
2020-03-19 17:15:53,007 [grpc-default-executor-9] INFO  impl.RaftServerImpl (ServerState.java:setLeader(255)) - 665f80ed-020a-4994-95dd-47071b79dcbc@group-448E1A42821C: change Leader from 665f80ed-020a-4994-95dd-47071b79dcbc to null at term 2 for updateCurrentTerm
2020-03-19 17:15:53,007 [grpc-default-executor-9] INFO  impl.RaftServerImpl (RaftServerImpl.java:setRole(172)) - 665f80ed-020a-4994-95dd-47071b79dcbc@group-448E1A42821C: changes role from    LEADER to FOLLOWER at term 2 for recognizeCandidate:7e69d50e-0a54-4234-a642-c3092d47dbb5
2020-03-19 17:15:53,007 [grpc-default-executor-9] INFO  impl.RoleInfo (RoleInfo.java:shutdownLeaderState(104)) - 665f80ed-020a-4994-95dd-47071b79dcbc: shutdown LeaderState
2020-03-19 17:15:53,008 [grpc-default-executor-9] INFO  impl.PendingRequests (PendingRequests.java:sendNotLeaderResponses(240)) - 665f80ed-020a-4994-95dd-47071b79dcbc@group-448E1A42821C-PendingRequests: sendNotLeaderResponses
2020-03-19 17:15:53,008 [grpc-default-executor-9] INFO  metrics.RatisMetrics (RatisMetrics.java:unregister(46)) - Unregistering Metrics Registry : ratis.log_appender.665f80ed-020a-4994-95dd-47071b79dcbc@group-448E1A42821C
2020-03-19 17:15:53,008 [grpc-default-executor-9] INFO  impl.RoleInfo (RoleInfo.java:updateAndGet(143)) - 665f80ed-020a-4994-95dd-47071b79dcbc: start FollowerState
2020-03-19 17:15:53,016 [grpc-default-executor-9] INFO  impl.RaftServerImpl (ServerState.java:setLeader(255)) - 78c87700-eed0-40ed-9c83-27d56052797c@group-448E1A42821C: change Leader from 665f80ed-020a-4994-95dd-47071b79dcbc to null at term 2 for updateCurrentTerm
2020-03-19 17:15:53,016 [grpc-default-executor-9] INFO  impl.RaftServerImpl (RaftServerImpl.java:setRole(172)) - 78c87700-eed0-40ed-9c83-27d56052797c@group-448E1A42821C: changes role from  FOLLOWER to FOLLOWER at term 2 for recognizeCandidate:7e69d50e-0a54-4234-a642-c3092d47dbb5
2020-03-19 17:15:53,016 [grpc-default-executor-9] INFO  impl.RoleInfo (RoleInfo.java:shutdownFollowerState(121)) - 78c87700-eed0-40ed-9c83-27d56052797c: shutdown FollowerState
2020-03-19 17:15:53,016 [grpc-default-executor-9] INFO  impl.RoleInfo (RoleInfo.java:updateAndGet(143)) - 78c87700-eed0-40ed-9c83-27d56052797c: start FollowerState
2020-03-19 17:15:53,016 [Thread-3279] INFO  impl.FollowerState (FollowerState.java:run(117)) - 78c87700-eed0-40ed-9c83-27d56052797c@group-448E1A42821C-FollowerState was interrupted: java.lang.InterruptedException: sleep interrupted
2020-03-19 17:15:53,018 [Thread-3239] INFO  impl.RoleInfo (RoleInfo.java:shutdownFollowerState(121)) - 7e69d50e-0a54-4234-a642-c3092d47dbb5: shutdown FollowerState
2020-03-19 17:15:53,018 [Thread-3239] INFO  impl.RaftServerImpl (RaftServerImpl.java:setRole(172)) - 7e69d50e-0a54-4234-a642-c3092d47dbb5@group-31970616EB44: changes role from  FOLLOWER to CANDIDATE at term 0 for changeToCandidate
2020-03-19 17:15:53,018 [Thread-3239] INFO  impl.RoleInfo (RoleInfo.java:updateAndGet(143)) - 7e69d50e-0a54-4234-a642-c3092d47dbb5: start LeaderElection
2020-03-19 17:15:53,027 [grpc-default-executor-9] INFO  server.GrpcServerProtocolService (GrpcServerProtocolService.java:onCompleted(137)) - 7e69d50e-0a54-4234-a642-c3092d47dbb5: Completed APPEND_ENTRIES, lastRequest: null
2020-03-19 17:15:53,027 [grpc-default-executor-3] INFO  server.GrpcLogAppender (GrpcLogAppender.java:onCompleted(308)) - 665f80ed-020a-4994-95dd-47071b79dcbc@group-448E1A42821C->7e69d50e-0a54-4234-a642-c3092d47dbb5-AppendLogResponseHandler: follower responses appendEntries COMPLETED
2020-03-19 17:15:53,029 [grpc-default-executor-3] INFO  impl.FollowerInfo (FollowerInfo.java:lambda$new$0(50)) - 665f80ed-020a-4994-95dd-47071b79dcbc@group-448E1A42821C->7e69d50e-0a54-4234-a642-c3092d47dbb5: nextIndex: updateUnconditionally 0 -> 0
2020-03-19 17:15:53,031 [org.apache.ratis.server.impl.LogAppender$AppenderDaemon$$Lambda$438/950258833@3ff1ce2d] WARN  server.GrpcLogAppender (GrpcLogAppender.java:mayWait(153)) - 665f80ed-020a-4994-95dd-47071b79dcbc@group-448E1A42821C->78c87700-eed0-40ed-9c83-27d56052797c-GrpcLogAppender: Wait interrupted by java.lang.InterruptedException
2020-03-19 17:15:53,031 [7e69d50e-0a54-4234-a642-c3092d47dbb5@group-31970616EB44-LeaderElection119] INFO  impl.LeaderElection (LeaderElection.java:askForVotes(206)) - 7e69d50e-0a54-4234-a642-c3092d47dbb5@group-31970616EB44-LeaderElection119: begin an election at term 1 for -1: [7e69d50e-0a54-4234-a642-c3092d47dbb5:172.17.0.2:37797], old=null
2020-03-19 17:15:53,031 [grpc-default-executor-3] INFO  server.GrpcServerProtocolService (GrpcServerProtocolService.java:onCompleted(137)) - 78c87700-eed0-40ed-9c83-27d56052797c: Completed APPEND_ENTRIES, lastRequest: null
2020-03-19 17:15:53,032 [7e69d50e-0a54-4234-a642-c3092d47dbb5@group-31970616EB44-LeaderElection119] INFO  impl.RoleInfo (RoleInfo.java:shutdownLeaderElection(134)) - 7e69d50e-0a54-4234-a642-c3092d47dbb5: shutdown LeaderElection
2020-03-19 17:15:53,032 [7e69d50e-0a54-4234-a642-c3092d47dbb5@group-31970616EB44-LeaderElection119] INFO  impl.RaftServerImpl (RaftServerImpl.java:setRole(172)) - 7e69d50e-0a54-4234-a642-c3092d47dbb5@group-31970616EB44: changes role from CANDIDATE to LEADER at term 1 for changeToLeader
2020-03-19 17:15:53,033 [7e69d50e-0a54-4234-a642-c3092d47dbb5@group-31970616EB44-LeaderElection119] INFO  ratis.XceiverServerRatis (XceiverServerRatis.java:handleLeaderChangedNotification(739)) - Leader change notification received for group: group-31970616EB44 with new leaderId: 7e69d50e-0a54-4234-a642-c3092d47dbb5
2020-03-19 17:15:53,032 [grpc-default-executor-6] INFO  server.GrpcLogAppender (GrpcLogAppender.java:onCompleted(308)) - 665f80ed-020a-4994-95dd-47071b79dcbc@group-448E1A42821C->78c87700-eed0-40ed-9c83-27d56052797c-AppendLogResponseHandler: follower responses appendEntries COMPLETED
2020-03-19 17:15:53,033 [7e69d50e-0a54-4234-a642-c3092d47dbb5@group-31970616EB44-LeaderElection119] INFO  impl.RaftServerImpl (ServerState.java:setLeader(255)) - 7e69d50e-0a54-4234-a642-c3092d47dbb5@group-31970616EB44: change Leader from null to 7e69d50e-0a54-4234-a642-c3092d47dbb5 at term 1 for becomeLeader, leader elected after 1094ms
2020-03-19 17:15:53,033 [7e69d50e-0a54-4234-a642-c3092d47dbb5@group-31970616EB44-LeaderElection119] INFO  server.RaftServerConfigKeys (ConfUtils.java:logGet(43)) - raft.server.staging.catchup.gap = 1000 (default)
2020-03-19 17:15:53,033 [7e69d50e-0a54-4234-a642-c3092d47dbb5@group-31970616EB44-LeaderElection119] INFO  server.RaftServerConfigKeys (ConfUtils.java:logGet(43)) - raft.server.rpc.sleep.time = 25ms (default)
2020-03-19 17:15:53,033 [7e69d50e-0a54-4234-a642-c3092d47dbb5@group-31970616EB44-LeaderElection119] INFO  metrics.RatisMetrics (RatisMetrics.java:lambda$create$0(39)) - Creating Metrics Registry : ratis.log_appender.7e69d50e-0a54-4234-a642-c3092d47dbb5@group-31970616EB44
2020-03-19 17:15:53,033 [7e69d50e-0a54-4234-a642-c3092d47dbb5@group-31970616EB44-LeaderElection119] INFO  server.RaftServerConfigKeys (ConfUtils.java:logGet(43)) - raft.server.write.element-limit = 1024 (custom)
2020-03-19 17:15:53,034 [7e69d50e-0a54-4234-a642-c3092d47dbb5@group-31970616EB44-LeaderElection119] INFO  server.RaftServerConfigKeys (ConfUtils.java:logGet(43)) - raft.server.write.byte-limit = 1073741824 (custom)
2020-03-19 17:15:53,034 [grpc-default-executor-6] INFO  impl.FollowerInfo (FollowerInfo.java:lambda$new$0(50)) - 665f80ed-020a-4994-95dd-47071b79dcbc@group-448E1A42821C->78c87700-eed0-40ed-9c83-27d56052797c: nextIndex: updateUnconditionally 1 -> 0
2020-03-19 17:15:53,036 [7e69d50e-0a54-4234-a642-c3092d47dbb5@group-31970616EB44-LeaderElection119] INFO  server.RaftServerConfigKeys (ConfUtils.java:logGet(43)) - raft.server.watch.timeout = 3s (custom)
2020-03-19 17:15:53,036 [7e69d50e-0a54-4234-a642-c3092d47dbb5@group-31970616EB44-LeaderElection119] INFO  server.RaftServerConfigKeys (ConfUtils.java:logGet(43)) - raft.server.watch.timeout.denomination = 1s (default)
2020-03-19 17:15:53,036 [7e69d50e-0a54-4234-a642-c3092d47dbb5@group-31970616EB44-LeaderElection119] INFO  server.RaftServerConfigKeys (ConfUtils.java:logGet(43)) - raft.server.watch.element-limit = 65536 (default)
2020-03-19 17:15:53,036 [7e69d50e-0a54-4234-a642-c3092d47dbb5@group-31970616EB44-LeaderElection119] INFO  impl.RoleInfo (RoleInfo.java:updateAndGet(143)) - 7e69d50e-0a54-4234-a642-c3092d47dbb5: start LeaderState
2020-03-19 17:15:53,037 [7e69d50e-0a54-4234-a642-c3092d47dbb5@group-31970616EB44-LeaderElection119] INFO  segmented.SegmentedRaftLogWorker (SegmentedRaftLogWorker.java:startLogSegment(391)) - 7e69d50e-0a54-4234-a642-c3092d47dbb5@group-31970616EB44-SegmentedRaftLogWorker: Starting segment from index:0
2020-03-19 17:15:53,039 [7e69d50e-0a54-4234-a642-c3092d47dbb5@group-31970616EB44-LeaderElection119] INFO  impl.RaftServerImpl (ServerState.java:setRaftConf(356)) - 7e69d50e-0a54-4234-a642-c3092d47dbb5@group-31970616EB44: set configuration 0: [7e69d50e-0a54-4234-a642-c3092d47dbb5:172.17.0.2:37797], old=null at 0
2020-03-19 17:15:53,039 [7e69d50e-0a54-4234-a642-c3092d47dbb5@group-31970616EB44-SegmentedRaftLogWorker] INFO  segmented.SegmentedRaftLogWorker (SegmentedRaftLogWorker.java:execute(583)) - 7e69d50e-0a54-4234-a642-c3092d47dbb5@group-31970616EB44-SegmentedRaftLogWorker: created new log segment /github/workspace/hadoop-ozone/integration-test/target/test-dir/MiniOzoneClusterImpl-80293407-04bd-45a8-aeac-96ce148bba0b/datanode-4/data/ratis/71604343-59e0-4c63-8ff5-31970616eb44/current/log_inprogress_0
2020-03-19 17:15:53,057 [Thread-3241] INFO  impl.FollowerState (FollowerState.java:run(108)) - 78c87700-eed0-40ed-9c83-27d56052797c@group-ADB3C46851E8-FollowerState: change to CANDIDATE, lastRpcTime:1064ms, electionTimeout:1064ms
2020-03-19 17:15:53,058 [Thread-3241] INFO  impl.RoleInfo (RoleInfo.java:shutdownFollowerState(121)) - 78c87700-eed0-40ed-9c83-27d56052797c: shutdown FollowerState
2020-03-19 17:15:53,058 [Thread-3241] INFO  impl.RaftServerImpl (RaftServerImpl.java:setRole(172)) - 78c87700-eed0-40ed-9c83-27d56052797c@group-ADB3C46851E8: changes role from  FOLLOWER to CANDIDATE at term 0 for changeToCandidate
2020-03-19 17:15:53,058 [Thread-3241] INFO  impl.RoleInfo (RoleInfo.java:updateAndGet(143)) - 78c87700-eed0-40ed-9c83-27d56052797c: start LeaderElection
2020-03-19 17:15:53,061 [78c87700-eed0-40ed-9c83-27d56052797c@group-ADB3C46851E8-LeaderElection120] INFO  impl.LeaderElection (LeaderElection.java:askForVotes(206)) - 78c87700-eed0-40ed-9c83-27d56052797c@group-ADB3C46851E8-LeaderElection120: begin an election at term 1 for -1: [78c87700-eed0-40ed-9c83-27d56052797c:172.17.0.2:42939], old=null
2020-03-19 17:15:53,061 [78c87700-eed0-40ed-9c83-27d56052797c@group-ADB3C46851E8-LeaderElection120] INFO  impl.RoleInfo (RoleInfo.java:shutdownLeaderElection(134)) - 78c87700-eed0-40ed-9c83-27d56052797c: shutdown LeaderElection
2020-03-19 17:15:53,061 [78c87700-eed0-40ed-9c83-27d56052797c@group-ADB3C46851E8-LeaderElection120] INFO  impl.RaftServerImpl (RaftServerImpl.java:setRole(172)) - 78c87700-eed0-40ed-9c83-27d56052797c@group-ADB3C46851E8: changes role from CANDIDATE to LEADER at term 1 for changeToLeader
2020-03-19 17:15:53,061 [78c87700-eed0-40ed-9c83-27d56052797c@group-ADB3C46851E8-LeaderElection120] INFO  ratis.XceiverServerRatis (XceiverServerRatis.java:handleLeaderChangedNotification(739)) - Leader change notification received for group: group-ADB3C46851E8 with new leaderId: 78c87700-eed0-40ed-9c83-27d56052797c
2020-03-19 17:15:53,061 [78c87700-eed0-40ed-9c83-27d56052797c@group-ADB3C46851E8-LeaderElection120] INFO  impl.RaftServerImpl (ServerState.java:setLeader(255)) - 78c87700-eed0-40ed-9c83-27d56052797c@group-ADB3C46851E8: change Leader from null to 78c87700-eed0-40ed-9c83-27d56052797c at term 1 for becomeLeader, leader elected after 1071ms
2020-03-19 17:15:53,061 [78c87700-eed0-40ed-9c83-27d56052797c@group-ADB3C46851E8-LeaderElection120] INFO  server.RaftServerConfigKeys (ConfUtils.java:logGet(43)) - raft.server.staging.catchup.gap = 1000 (default)
2020-03-19 17:15:53,061 [78c87700-eed0-40ed-9c83-27d56052797c@group-ADB3C46851E8-LeaderElection120] INFO  server.RaftServerConfigKeys (ConfUtils.java:logGet(43)) - raft.server.rpc.sleep.time = 25ms (default)
2020-03-19 17:15:53,061 [78c87700-eed0-40ed-9c83-27d56052797c@group-ADB3C46851E8-LeaderElection120] INFO  metrics.RatisMetrics (RatisMetrics.java:lambda$create$0(39)) - Creating Metrics Registry : ratis.log_appender.78c87700-eed0-40ed-9c83-27d56052797c@group-ADB3C46851E8
2020-03-19 17:15:53,061 [78c87700-eed0-40ed-9c83-27d56052797c@group-ADB3C46851E8-LeaderElection120] INFO  server.RaftServerConfigKeys (ConfUtils.java:logGet(43)) - raft.server.write.element-limit = 1024 (custom)
2020-03-19 17:15:53,061 [78c87700-eed0-40ed-9c83-27d56052797c@group-ADB3C46851E8-LeaderElection120] INFO  server.RaftServerConfigKeys (ConfUtils.java:logGet(43)) - raft.server.write.byte-limit = 1073741824 (custom)
2020-03-19 17:15:53,062 [78c87700-eed0-40ed-9c83-27d56052797c@group-ADB3C46851E8-LeaderElection120] INFO  server.RaftServerConfigKeys (ConfUtils.java:logGet(43)) - raft.server.watch.timeout = 3s (custom)
2020-03-19 17:15:53,062 [78c87700-eed0-40ed-9c83-27d56052797c@group-ADB3C46851E8-LeaderElection120] INFO  server.RaftServerConfigKeys (ConfUtils.java:logGet(43)) - raft.server.watch.timeout.denomination = 1s (default)
2020-03-19 17:15:53,062 [78c87700-eed0-40ed-9c83-27d56052797c@group-ADB3C46851E8-LeaderElection120] INFO  server.RaftServerConfigKeys (ConfUtils.java:logGet(43)) - raft.server.watch.element-limit = 65536 (default)
2020-03-19 17:15:53,062 [78c87700-eed0-40ed-9c83-27d56052797c@group-ADB3C46851E8-LeaderElection120] INFO  impl.RoleInfo (RoleInfo.java:updateAndGet(143)) - 78c87700-eed0-40ed-9c83-27d56052797c: start LeaderState
2020-03-19 17:15:53,063 [78c87700-eed0-40ed-9c83-27d56052797c@group-ADB3C46851E8-LeaderElection120] INFO  segmented.SegmentedRaftLogWorker (SegmentedRaftLogWorker.java:startLogSegment(391)) - 78c87700-eed0-40ed-9c83-27d56052797c@group-ADB3C46851E8-SegmentedRaftLogWorker: Starting segment from index:0
2020-03-19 17:15:53,063 [78c87700-eed0-40ed-9c83-27d56052797c@group-ADB3C46851E8-LeaderElection120] INFO  impl.RaftServerImpl (ServerState.java:setRaftConf(356)) - 78c87700-eed0-40ed-9c83-27d56052797c@group-ADB3C46851E8: set configuration 0: [78c87700-eed0-40ed-9c83-27d56052797c:172.17.0.2:42939], old=null at 0
2020-03-19 17:15:53,064 [78c87700-eed0-40ed-9c83-27d56052797c@group-ADB3C46851E8-SegmentedRaftLogWorker] INFO  segmented.SegmentedRaftLogWorker (SegmentedRaftLogWorker.java:execute(583)) - 78c87700-eed0-40ed-9c83-27d56052797c@group-ADB3C46851E8-SegmentedRaftLogWorker: created new log segment /github/workspace/hadoop-ozone/integration-test/target/test-dir/MiniOzoneClusterImpl-80293407-04bd-45a8-aeac-96ce148bba0b/datanode-5/data/ratis/da40380c-784a-4929-be66-adb3c46851e8/current/log_inprogress_0
2020-03-19 17:15:53,082 [Thread-3229] INFO  impl.FollowerState (FollowerState.java:run(108)) - 665f80ed-020a-4994-95dd-47071b79dcbc@group-2F17DF0D0549-FollowerState: change to CANDIDATE, lastRpcTime:1202ms, electionTimeout:1199ms
2020-03-19 17:15:53,083 [Thread-3229] INFO  impl.RoleInfo (RoleInfo.java:shutdownFollowerState(121)) - 665f80ed-020a-4994-95dd-47071b79dcbc: shutdown FollowerState
2020-03-19 17:15:53,083 [Thread-3229] INFO  impl.RaftServerImpl (RaftServerImpl.java:setRole(172)) - 665f80ed-020a-4994-95dd-47071b79dcbc@group-2F17DF0D0549: changes role from  FOLLOWER to CANDIDATE at term 0 for changeToCandidate
2020-03-19 17:15:53,083 [Thread-3229] INFO  impl.RoleInfo (RoleInfo.java:updateAndGet(143)) - 665f80ed-020a-4994-95dd-47071b79dcbc: start LeaderElection
2020-03-19 17:15:53,086 [665f80ed-020a-4994-95dd-47071b79dcbc@group-2F17DF0D0549-LeaderElection121] INFO  impl.LeaderElection (LeaderElection.java:askForVotes(206)) - 665f80ed-020a-4994-95dd-47071b79dcbc@group-2F17DF0D0549-LeaderElection121: begin an election at term 1 for -1: [665f80ed-020a-4994-95dd-47071b79dcbc:172.17.0.2:33627], old=null
2020-03-19 17:15:53,087 [665f80ed-020a-4994-95dd-47071b79dcbc@group-2F17DF0D0549-LeaderElection121] INFO  impl.RoleInfo (RoleInfo.java:shutdownLeaderElection(134)) - 665f80ed-020a-4994-95dd-47071b79dcbc: shutdown LeaderElection
2020-03-19 17:15:53,087 [665f80ed-020a-4994-95dd-47071b79dcbc@group-2F17DF0D0549-LeaderElection121] INFO  impl.RaftServerImpl (RaftServerImpl.java:setRole(172)) - 665f80ed-020a-4994-95dd-47071b79dcbc@group-2F17DF0D0549: changes role from CANDIDATE to LEADER at term 1 for changeToLeader
2020-03-19 17:15:53,087 [665f80ed-020a-4994-95dd-47071b79dcbc@group-2F17DF0D0549-LeaderElection121] INFO  ratis.XceiverServerRatis (XceiverServerRatis.java:handleLeaderChangedNotification(739)) - Leader change notification received for group: group-2F17DF0D0549 with new leaderId: 665f80ed-020a-4994-95dd-47071b79dcbc
2020-03-19 17:15:53,087 [665f80ed-020a-4994-95dd-47071b79dcbc@group-2F17DF0D0549-LeaderElection121] INFO  impl.RaftServerImpl (ServerState.java:setLeader(255)) - 665f80ed-020a-4994-95dd-47071b79dcbc@group-2F17DF0D0549: change Leader from null to 665f80ed-020a-4994-95dd-47071b79dcbc at term 1 for becomeLeader, leader elected after 1213ms
2020-03-19 17:15:53,087 [665f80ed-020a-4994-95dd-47071b79dcbc@group-2F17DF0D0549-LeaderElection121] INFO  server.RaftServerConfigKeys (ConfUtils.java:logGet(43)) - raft.server.staging.catchup.gap = 1000 (default)
2020-03-19 17:15:53,087 [665f80ed-020a-4994-95dd-47071b79dcbc@group-2F17DF0D0549-LeaderElection121] INFO  server.RaftServerConfigKeys (ConfUtils.java:logGet(43)) - raft.server.rpc.sleep.time = 25ms (default)
2020-03-19 17:15:53,087 [665f80ed-020a-4994-95dd-47071b79dcbc@group-2F17DF0D0549-LeaderElection121] INFO  metrics.RatisMetrics (RatisMetrics.java:lambda$create$0(39)) - Creating Metrics Registry : ratis.log_appender.665f80ed-020a-4994-95dd-47071b79dcbc@group-2F17DF0D0549
2020-03-19 17:15:53,088 [665f80ed-020a-4994-95dd-47071b79dcbc@group-2F17DF0D0549-LeaderElection121] INFO  server.RaftServerConfigKeys (ConfUtils.java:logGet(43)) - raft.server.write.element-limit = 1024 (custom)
2020-03-19 17:15:53,088 [665f80ed-020a-4994-95dd-47071b79dcbc@group-2F17DF0D0549-LeaderElection121] INFO  server.RaftServerConfigKeys (ConfUtils.java:logGet(43)) - raft.server.write.byte-limit = 1073741824 (custom)
2020-03-19 17:15:53,089 [665f80ed-020a-4994-95dd-47071b79dcbc@group-2F17DF0D0549-LeaderElection121] INFO  server.RaftServerConfigKeys (ConfUtils.java:logGet(43)) - raft.server.watch.timeout = 3s (custom)
2020-03-19 17:15:53,089 [665f80ed-020a-4994-95dd-47071b79dcbc@group-2F17DF0D0549-LeaderElection121] INFO  server.RaftServerConfigKeys (ConfUtils.java:logGet(43)) - raft.server.watch.timeout.denomination = 1s (default)
2020-03-19 17:15:53,089 [665f80ed-020a-4994-95dd-47071b79dcbc@group-2F17DF0D0549-LeaderElection121] INFO  server.RaftServerConfigKeys (ConfUtils.java:logGet(43)) - raft.server.watch.element-limit = 65536 (default)
2020-03-19 17:15:53,089 [665f80ed-020a-4994-95dd-47071b79dcbc@group-2F17DF0D0549-LeaderElection121] INFO  impl.RoleInfo (RoleInfo.java:updateAndGet(143)) - 665f80ed-020a-4994-95dd-47071b79dcbc: start LeaderState
2020-03-19 17:15:53,089 [665f80ed-020a-4994-95dd-47071b79dcbc@group-2F17DF0D0549-LeaderElection121] INFO  segmented.SegmentedRaftLogWorker (SegmentedRaftLogWorker.java:startLogSegment(391)) - 665f80ed-020a-4994-95dd-47071b79dcbc@group-2F17DF0D0549-SegmentedRaftLogWorker: Starting segment from index:0
2020-03-19 17:15:53,089 [665f80ed-020a-4994-95dd-47071b79dcbc@group-2F17DF0D0549-LeaderElection121] INFO  impl.RaftServerImpl (ServerState.java:setRaftConf(356)) - 665f80ed-020a-4994-95dd-47071b79dcbc@group-2F17DF0D0549: set configuration 0: [665f80ed-020a-4994-95dd-47071b79dcbc:172.17.0.2:33627], old=null at 0
2020-03-19 17:15:53,090 [665f80ed-020a-4994-95dd-47071b79dcbc@group-2F17DF0D0549-SegmentedRaftLogWorker] INFO  segmented.SegmentedRaftLogWorker (SegmentedRaftLogWorker.java:execute(583)) - 665f80ed-020a-4994-95dd-47071b79dcbc@group-2F17DF0D0549-SegmentedRaftLogWorker: created new log segment /github/workspace/hadoop-ozone/integration-test/target/test-dir/MiniOzoneClusterImpl-80293407-04bd-45a8-aeac-96ce148bba0b/datanode-3/data/ratis/5c6f8c2e-d881-498c-9055-2f17df0d0549/current/log_inprogress_0
2020-03-19 17:15:53,117 [Thread-3247] INFO  impl.FollowerState (FollowerState.java:run(108)) - 8719c7fb-c7e5-474c-a3e1-64c0a78adabe@group-61D83DCB3EDB-FollowerState: change to CANDIDATE, lastRpcTime:1036ms, electionTimeout:1036ms
2020-03-19 17:15:53,118 [Thread-3247] INFO  impl.RoleInfo (RoleInfo.java:shutdownFollowerState(121)) - 8719c7fb-c7e5-474c-a3e1-64c0a78adabe: shutdown FollowerState
2020-03-19 17:15:53,119 [Thread-3247] INFO  impl.RaftServerImpl (RaftServerImpl.java:setRole(172)) - 8719c7fb-c7e5-474c-a3e1-64c0a78adabe@group-61D83DCB3EDB: changes role from  FOLLOWER to CANDIDATE at term 0 for changeToCandidate
2020-03-19 17:15:53,119 [Thread-3247] INFO  impl.RoleInfo (RoleInfo.java:updateAndGet(143)) - 8719c7fb-c7e5-474c-a3e1-64c0a78adabe: start LeaderElection
2020-03-19 17:15:53,122 [8719c7fb-c7e5-474c-a3e1-64c0a78adabe@group-61D83DCB3EDB-LeaderElection122] INFO  impl.LeaderElection (LeaderElection.java:askForVotes(206)) - 8719c7fb-c7e5-474c-a3e1-64c0a78adabe@group-61D83DCB3EDB-LeaderElection122: begin an election at term 1 for -1: [8719c7fb-c7e5-474c-a3e1-64c0a78adabe:172.17.0.2:41825, ef0c1a11-1ea8-4cb4-b60f-6bfb3b779eb6:172.17.0.2:37633, 5ac25ff6-d68b-4c37-b38b-9bf9f6fc66ee:172.17.0.2:36941], old=null
2020-03-19 17:15:53,131 [grpc-default-executor-6] INFO  impl.RaftServerImpl (RaftServerImpl.java:setRole(172)) - ef0c1a11-1ea8-4cb4-b60f-6bfb3b779eb6@group-61D83DCB3EDB: changes role from  FOLLOWER to FOLLOWER at term 1 for recognizeCandidate:8719c7fb-c7e5-474c-a3e1-64c0a78adabe
2020-03-19 17:15:53,132 [grpc-default-executor-6] INFO  impl.RoleInfo (RoleInfo.java:shutdownFollowerState(121)) - ef0c1a11-1ea8-4cb4-b60f-6bfb3b779eb6: shutdown FollowerState
2020-03-19 17:15:53,132 [grpc-default-executor-6] INFO  impl.RoleInfo (RoleInfo.java:updateAndGet(143)) - ef0c1a11-1ea8-4cb4-b60f-6bfb3b779eb6: start FollowerState
2020-03-19 17:15:53,132 [Thread-3250] INFO  impl.FollowerState (FollowerState.java:run(117)) - ef0c1a11-1ea8-4cb4-b60f-6bfb3b779eb6@group-61D83DCB3EDB-FollowerState was interrupted: java.lang.InterruptedException: sleep interrupted
2020-03-19 17:15:53,140 [grpc-default-executor-3] INFO  impl.RaftServerImpl (RaftServerImpl.java:setRole(172)) - 5ac25ff6-d68b-4c37-b38b-9bf9f6fc66ee@group-61D83DCB3EDB: changes role from  FOLLOWER to FOLLOWER at term 1 for recognizeCandidate:8719c7fb-c7e5-474c-a3e1-64c0a78adabe
2020-03-19 17:15:53,140 [grpc-default-executor-3] INFO  impl.RoleInfo (RoleInfo.java:shutdownFollowerState(121)) - 5ac25ff6-d68b-4c37-b38b-9bf9f6fc66ee: shutdown FollowerState
2020-03-19 17:15:53,140 [grpc-default-executor-3] INFO  impl.RoleInfo (RoleInfo.java:updateAndGet(143)) - 5ac25ff6-d68b-4c37-b38b-9bf9f6fc66ee: start FollowerState
2020-03-19 17:15:53,140 [Thread-3245] INFO  impl.FollowerState (FollowerState.java:run(117)) - 5ac25ff6-d68b-4c37-b38b-9bf9f6fc66ee@group-61D83DCB3EDB-FollowerState was interrupted: java.lang.InterruptedException: sleep interrupted
2020-03-19 17:15:53,141 [8719c7fb-c7e5-474c-a3e1-64c0a78adabe@group-61D83DCB3EDB-LeaderElection122] INFO  impl.LeaderElection (LeaderElection.java:logAndReturn(61)) - 8719c7fb-c7e5-474c-a3e1-64c0a78adabe@group-61D83DCB3EDB-LeaderElection122: Election PASSED; received 1 response(s) [8719c7fb-c7e5-474c-a3e1-64c0a78adabe<-ef0c1a11-1ea8-4cb4-b60f-6bfb3b779eb6#0:OK-t1] and 0 exception(s); 8719c7fb-c7e5-474c-a3e1-64c0a78adabe@group-61D83DCB3EDB:t1, leader=null, voted=8719c7fb-c7e5-474c-a3e1-64c0a78adabe, raftlog=8719c7fb-c7e5-474c-a3e1-64c0a78adabe@group-61D83DCB3EDB-SegmentedRaftLog:OPENED:c-1,f-1,i0, conf=-1: [8719c7fb-c7e5-474c-a3e1-64c0a78adabe:172.17.0.2:41825, ef0c1a11-1ea8-4cb4-b60f-6bfb3b779eb6:172.17.0.2:37633, 5ac25ff6-d68b-4c37-b38b-9bf9f6fc66ee:172.17.0.2:36941], old=null
2020-03-19 17:15:53,141 [8719c7fb-c7e5-474c-a3e1-64c0a78adabe@group-61D83DCB3EDB-LeaderElection122] INFO  impl.RoleInfo (RoleInfo.java:shutdownLeaderElection(134)) - 8719c7fb-c7e5-474c-a3e1-64c0a78adabe: shutdown LeaderElection
2020-03-19 17:15:53,141 [8719c7fb-c7e5-474c-a3e1-64c0a78adabe@group-61D83DCB3EDB-LeaderElection122] INFO  impl.RaftServerImpl (RaftServerImpl.java:setRole(172)) - 8719c7fb-c7e5-474c-a3e1-64c0a78adabe@group-61D83DCB3EDB: changes role from CANDIDATE to LEADER at term 1 for changeToLeader
2020-03-19 17:15:53,141 [8719c7fb-c7e5-474c-a3e1-64c0a78adabe@group-61D83DCB3EDB-LeaderElection122] INFO  ratis.XceiverServerRatis (XceiverServerRatis.java:handleLeaderChangedNotification(739)) - Leader change notification received for group: group-61D83DCB3EDB with new leaderId: 8719c7fb-c7e5-474c-a3e1-64c0a78adabe
2020-03-19 17:15:53,142 [8719c7fb-c7e5-474c-a3e1-64c0a78adabe@group-61D83DCB3EDB-LeaderElection122] INFO  impl.RaftServerImpl (ServerState.java:setLeader(255)) - 8719c7fb-c7e5-474c-a3e1-64c0a78adabe@group-61D83DCB3EDB: change Leader from null to 8719c7fb-c7e5-474c-a3e1-64c0a78adabe at term 1 for becomeLeader, leader elected after 1065ms
2020-03-19 17:15:53,142 [8719c7fb-c7e5-474c-a3e1-64c0a78adabe@group-61D83DCB3EDB-LeaderElection122] INFO  server.RaftServerConfigKeys (ConfUtils.java:logGet(43)) - raft.server.staging.catchup.gap = 1000 (default)
2020-03-19 17:15:53,142 [8719c7fb-c7e5-474c-a3e1-64c0a78adabe@group-61D83DCB3EDB-LeaderElection122] INFO  server.RaftServerConfigKeys (ConfUtils.java:logGet(43)) - raft.server.rpc.sleep.time = 25ms (default)
2020-03-19 17:15:53,142 [8719c7fb-c7e5-474c-a3e1-64c0a78adabe@group-61D83DCB3EDB-LeaderElection122] INFO  metrics.RatisMetrics (RatisMetrics.java:lambda$create$0(39)) - Creating Metrics Registry : ratis.log_appender.8719c7fb-c7e5-474c-a3e1-64c0a78adabe@group-61D83DCB3EDB
2020-03-19 17:15:53,142 [EventQueue-PipelineReportForPipelineReportHandler] INFO  pipeline.PipelineStateManager (PipelineStateManager.java:openPipeline(131)) - Pipeline Pipeline[ Id: c9d6e225-81f8-4462-a714-61d83dcb3edb, Nodes: 5ac25ff6-d68b-4c37-b38b-9bf9f6fc66ee{ip: 172.17.0.2, host: e39e15fa19de, networkLocation: /rack1, certSerialId: null}8719c7fb-c7e5-474c-a3e1-64c0a78adabe{ip: 172.17.0.2, host: e39e15fa19de, networkLocation: /rack1, certSerialId: null}ef0c1a11-1ea8-4cb4-b60f-6bfb3b779eb6{ip: 172.17.0.2, host: e39e15fa19de, networkLocation: /rack1, certSerialId: null}, Type:RATIS, Factor:THREE, State:ALLOCATED, leaderId:8719c7fb-c7e5-474c-a3e1-64c0a78adabe, CreationTimestamp2020-03-19T17:15:49.149Z] moved to OPEN state
2020-03-19 17:15:53,144 [8719c7fb-c7e5-474c-a3e1-64c0a78adabe@group-61D83DCB3EDB-LeaderElection122] INFO  server.RaftServerConfigKeys (ConfUtils.java:logGet(43)) - raft.server.write.element-limit = 1024 (custom)
2020-03-19 17:15:53,144 [8719c7fb-c7e5-474c-a3e1-64c0a78adabe@group-61D83DCB3EDB-LeaderElection122] INFO  server.RaftServerConfigKeys (ConfUtils.java:logGet(43)) - raft.server.write.byte-limit = 1073741824 (custom)
2020-03-19 17:15:53,144 [8719c7fb-c7e5-474c-a3e1-64c0a78adabe@group-61D83DCB3EDB-LeaderElection122] INFO  server.RaftServerConfigKeys (ConfUtils.java:logGet(43)) - raft.server.watch.timeout = 3s (custom)
2020-03-19 17:15:53,144 [8719c7fb-c7e5-474c-a3e1-64c0a78adabe@group-61D83DCB3EDB-LeaderElection122] INFO  server.RaftServerConfigKeys (ConfUtils.java:logGet(43)) - raft.server.watch.timeout.denomination = 1s (default)
2020-03-19 17:15:53,145 [8719c7fb-c7e5-474c-a3e1-64c0a78adabe@group-61D83DCB3EDB-LeaderElection122] INFO  server.RaftServerConfigKeys (ConfUtils.java:logGet(43)) - raft.server.watch.element-limit = 65536 (default)
2020-03-19 17:15:53,145 [8719c7fb-c7e5-474c-a3e1-64c0a78adabe@group-61D83DCB3EDB-LeaderElection122] INFO  server.RaftServerConfigKeys (ConfUtils.java:logGet(43)) - raft.server.log.appender.snapshot.chunk.size.max = 16MB (=16777216) (default)
2020-03-19 17:15:53,145 [8719c7fb-c7e5-474c-a3e1-64c0a78adabe@group-61D83DCB3EDB-LeaderElection122] INFO  server.RaftServerConfigKeys (ConfUtils.java:logGet(43)) - raft.server.log.appender.buffer.byte-limit = 33554432 (custom)
2020-03-19 17:15:53,145 [8719c7fb-c7e5-474c-a3e1-64c0a78adabe@group-61D83DCB3EDB-LeaderElection122] INFO  server.RaftServerConfigKeys (ConfUtils.java:logGet(43)) - raft.server.log.appender.buffer.element-limit = 1 (custom)
2020-03-19 17:15:53,145 [8719c7fb-c7e5-474c-a3e1-64c0a78adabe@group-61D83DCB3EDB-LeaderElection122] INFO  grpc.GrpcConfigKeys$Server (ConfUtils.java:logGet(43)) - raft.grpc.server.leader.outstanding.appends.max = 128 (default)
2020-03-19 17:15:53,145 [8719c7fb-c7e5-474c-a3e1-64c0a78adabe@group-61D83DCB3EDB-LeaderElection122] INFO  server.RaftServerConfigKeys (ConfUtils.java:logGet(43)) - raft.server.rpc.request.timeout = 3s (default)
2020-03-19 17:15:53,145 [8719c7fb-c7e5-474c-a3e1-64c0a78adabe@group-61D83DCB3EDB-LeaderElection122] INFO  server.RaftServerConfigKeys (ConfUtils.java:logGet(43)) - raft.server.log.appender.install.snapshot.enabled = false (custom)
2020-03-19 17:15:53,147 [8719c7fb-c7e5-474c-a3e1-64c0a78adabe@group-61D83DCB3EDB-LeaderElection122] INFO  server.RaftServerConfigKeys (ConfUtils.java:logGet(43)) - raft.server.log.appender.snapshot.chunk.size.max = 16MB (=16777216) (default)
2020-03-19 17:15:53,147 [8719c7fb-c7e5-474c-a3e1-64c0a78adabe@group-61D83DCB3EDB-LeaderElection122] INFO  server.RaftServerConfigKeys (ConfUtils.java:logGet(43)) - raft.server.log.appender.buffer.byte-limit = 33554432 (custom)
2020-03-19 17:15:53,147 [8719c7fb-c7e5-474c-a3e1-64c0a78adabe@group-61D83DCB3EDB-LeaderElection122] INFO  server.RaftServerConfigKeys (ConfUtils.java:logGet(43)) - raft.server.log.appender.buffer.element-limit = 1 (custom)
2020-03-19 17:15:53,147 [8719c7fb-c7e5-474c-a3e1-64c0a78adabe@group-61D83DCB3EDB-LeaderElection122] INFO  grpc.GrpcConfigKeys$Server (ConfUtils.java:logGet(43)) - raft.grpc.server.leader.outstanding.appends.max = 128 (default)
2020-03-19 17:15:53,147 [8719c7fb-c7e5-474c-a3e1-64c0a78adabe@group-61D83DCB3EDB-LeaderElection122] INFO  server.RaftServerConfigKeys (ConfUtils.java:logGet(43)) - raft.server.rpc.request.timeout = 3s (default)
2020-03-19 17:15:53,147 [8719c7fb-c7e5-474c-a3e1-64c0a78adabe@group-61D83DCB3EDB-LeaderElection122] INFO  server.RaftServerConfigKeys (ConfUtils.java:logGet(43)) - raft.server.log.appender.install.snapshot.enabled = false (custom)
2020-03-19 17:15:53,150 [8719c7fb-c7e5-474c-a3e1-64c0a78adabe@group-61D83DCB3EDB-LeaderElection122] INFO  impl.RoleInfo (RoleInfo.java:updateAndGet(143)) - 8719c7fb-c7e5-474c-a3e1-64c0a78adabe: start LeaderState
2020-03-19 17:15:53,150 [8719c7fb-c7e5-474c-a3e1-64c0a78adabe@group-61D83DCB3EDB-LeaderElection122] INFO  segmented.SegmentedRaftLogWorker (SegmentedRaftLogWorker.java:startLogSegment(391)) - 8719c7fb-c7e5-474c-a3e1-64c0a78adabe@group-61D83DCB3EDB-SegmentedRaftLogWorker: Starting segment from index:0
2020-03-19 17:15:53,151 [8719c7fb-c7e5-474c-a3e1-64c0a78adabe@group-61D83DCB3EDB-SegmentedRaftLogWorker] INFO  segmented.SegmentedRaftLogWorker (SegmentedRaftLogWorker.java:execute(583)) - 8719c7fb-c7e5-474c-a3e1-64c0a78adabe@group-61D83DCB3EDB-SegmentedRaftLogWorker: created new log segment /github/workspace/hadoop-ozone/integration-test/target/test-dir/MiniOzoneClusterImpl-80293407-04bd-45a8-aeac-96ce148bba0b/datanode-8/data/ratis/c9d6e225-81f8-4462-a714-61d83dcb3edb/current/log_inprogress_0
2020-03-19 17:15:53,153 [8719c7fb-c7e5-474c-a3e1-64c0a78adabe@group-61D83DCB3EDB-LeaderElection122] INFO  impl.RaftServerImpl (ServerState.java:setRaftConf(356)) - 8719c7fb-c7e5-474c-a3e1-64c0a78adabe@group-61D83DCB3EDB: set configuration 0: [8719c7fb-c7e5-474c-a3e1-64c0a78adabe:172.17.0.2:41825, ef0c1a11-1ea8-4cb4-b60f-6bfb3b779eb6:172.17.0.2:37633, 5ac25ff6-d68b-4c37-b38b-9bf9f6fc66ee:172.17.0.2:36941], old=null at 0
2020-03-19 17:15:53,152 [Thread-3243] INFO  impl.FollowerState (FollowerState.java:run(108)) - 5ac25ff6-d68b-4c37-b38b-9bf9f6fc66ee@group-88A27B091AA5-FollowerState: change to CANDIDATE, lastRpcTime:1094ms, electionTimeout:1093ms
2020-03-19 17:15:53,159 [grpc-default-executor-6] INFO  ratis.XceiverServerRatis (XceiverServerRatis.java:handleLeaderChangedNotification(739)) - Leader change notification received for group: group-61D83DCB3EDB with new leaderId: 8719c7fb-c7e5-474c-a3e1-64c0a78adabe
2020-03-19 17:15:53,159 [grpc-default-executor-6] INFO  impl.RaftServerImpl (ServerState.java:setLeader(255)) - ef0c1a11-1ea8-4cb4-b60f-6bfb3b779eb6@group-61D83DCB3EDB: change Leader from null to 8719c7fb-c7e5-474c-a3e1-64c0a78adabe at term 1 for appendEntries, leader elected after 1062ms
2020-03-19 17:15:53,159 [Thread-3243] INFO  impl.RoleInfo (RoleInfo.java:shutdownFollowerState(121)) - 5ac25ff6-d68b-4c37-b38b-9bf9f6fc66ee: shutdown FollowerState
2020-03-19 17:15:53,159 [Thread-3243] INFO  impl.RaftServerImpl (RaftServerImpl.java:setRole(172)) - 5ac25ff6-d68b-4c37-b38b-9bf9f6fc66ee@group-88A27B091AA5: changes role from  FOLLOWER to CANDIDATE at term 0 for changeToCandidate
2020-03-19 17:15:53,159 [Thread-3243] INFO  impl.RoleInfo (RoleInfo.java:updateAndGet(143)) - 5ac25ff6-d68b-4c37-b38b-9bf9f6fc66ee: start LeaderElection
2020-03-19 17:15:53,173 [grpc-default-executor-6] INFO  ratis.XceiverServerRatis (XceiverServerRatis.java:handleLeaderChangedNotification(739)) - Leader change notification received for group: group-61D83DCB3EDB with new leaderId: 8719c7fb-c7e5-474c-a3e1-64c0a78adabe
2020-03-19 17:15:53,173 [grpc-default-executor-6] INFO  impl.RaftServerImpl (ServerState.java:setLeader(255)) - 5ac25ff6-d68b-4c37-b38b-9bf9f6fc66ee@group-61D83DCB3EDB: change Leader from null to 8719c7fb-c7e5-474c-a3e1-64c0a78adabe at term 1 for appendEntries, leader elected after 1110ms
2020-03-19 17:15:53,175 [5ac25ff6-d68b-4c37-b38b-9bf9f6fc66ee@group-88A27B091AA5-LeaderElection123] INFO  impl.LeaderElection (LeaderElection.java:askForVotes(206)) - 5ac25ff6-d68b-4c37-b38b-9bf9f6fc66ee@group-88A27B091AA5-LeaderElection123: begin an election at term 1 for -1: [5ac25ff6-d68b-4c37-b38b-9bf9f6fc66ee:172.17.0.2:36941], old=null
2020-03-19 17:15:53,176 [5ac25ff6-d68b-4c37-b38b-9bf9f6fc66ee@group-88A27B091AA5-LeaderElection123] INFO  impl.RoleInfo (RoleInfo.java:shutdownLeaderElection(134)) - 5ac25ff6-d68b-4c37-b38b-9bf9f6fc66ee: shutdown LeaderElection
2020-03-19 17:15:53,176 [5ac25ff6-d68b-4c37-b38b-9bf9f6fc66ee@group-88A27B091AA5-LeaderElection123] INFO  impl.RaftServerImpl (RaftServerImpl.java:setRole(172)) - 5ac25ff6-d68b-4c37-b38b-9bf9f6fc66ee@group-88A27B091AA5: changes role from CANDIDATE to LEADER at term 1 for changeToLeader
2020-03-19 17:15:53,176 [5ac25ff6-d68b-4c37-b38b-9bf9f6fc66ee@group-88A27B091AA5-LeaderElection123] INFO  ratis.XceiverServerRatis (XceiverServerRatis.java:handleLeaderChangedNotification(739)) - Leader change notification received for group: group-88A27B091AA5 with new leaderId: 5ac25ff6-d68b-4c37-b38b-9bf9f6fc66ee
2020-03-19 17:15:53,176 [grpc-default-executor-9] INFO  impl.RaftServerImpl (ServerState.java:setRaftConf(356)) - ef0c1a11-1ea8-4cb4-b60f-6bfb3b779eb6@group-61D83DCB3EDB: set configuration 0: [8719c7fb-c7e5-474c-a3e1-64c0a78adabe:172.17.0.2:41825, ef0c1a11-1ea8-4cb4-b60f-6bfb3b779eb6:172.17.0.2:37633, 5ac25ff6-d68b-4c37-b38b-9bf9f6fc66ee:172.17.0.2:36941], old=null at 0
2020-03-19 17:15:53,177 [5ac25ff6-d68b-4c37-b38b-9bf9f6fc66ee@group-88A27B091AA5-LeaderElection123] INFO  impl.RaftServerImpl (ServerState.java:setLeader(255)) - 5ac25ff6-d68b-4c37-b38b-9bf9f6fc66ee@group-88A27B091AA5: change Leader from null to 5ac25ff6-d68b-4c37-b38b-9bf9f6fc66ee at term 1 for becomeLeader, leader elected after 1123ms
2020-03-19 17:15:53,177 [5ac25ff6-d68b-4c37-b38b-9bf9f6fc66ee@group-88A27B091AA5-LeaderElection123] INFO  server.RaftServerConfigKeys (ConfUtils.java:logGet(43)) - raft.server.staging.catchup.gap = 1000 (default)
2020-03-19 17:15:53,177 [5ac25ff6-d68b-4c37-b38b-9bf9f6fc66ee@group-88A27B091AA5-LeaderElection123] INFO  server.RaftServerConfigKeys (ConfUtils.java:logGet(43)) - raft.server.rpc.sleep.time = 25ms (default)
2020-03-19 17:15:53,177 [5ac25ff6-d68b-4c37-b38b-9bf9f6fc66ee@group-88A27B091AA5-LeaderElection123] INFO  metrics.RatisMetrics (RatisMetrics.java:lambda$create$0(39)) - Creating Metrics Registry : ratis.log_appender.5ac25ff6-d68b-4c37-b38b-9bf9f6fc66ee@group-88A27B091AA5
2020-03-19 17:15:53,177 [5ac25ff6-d68b-4c37-b38b-9bf9f6fc66ee@group-88A27B091AA5-LeaderElection123] INFO  server.RaftServerConfigKeys (ConfUtils.java:logGet(43)) - raft.server.write.element-limit = 1024 (custom)
2020-03-19 17:15:53,178 [5ac25ff6-d68b-4c37-b38b-9bf9f6fc66ee@group-88A27B091AA5-LeaderElection123] INFO  server.RaftServerConfigKeys (ConfUtils.java:logGet(43)) - raft.server.write.byte-limit = 1073741824 (custom)
2020-03-19 17:15:53,179 [Thread-3253] INFO  impl.FollowerState (FollowerState.java:run(108)) - ef0c1a11-1ea8-4cb4-b60f-6bfb3b779eb6@group-EF661A05A030-FollowerState: change to CANDIDATE, lastRpcTime:1064ms, electionTimeout:1064ms
2020-03-19 17:15:53,180 [grpc-default-executor-6] INFO  impl.RaftServerImpl (ServerState.java:setRaftConf(356)) - 5ac25ff6-d68b-4c37-b38b-9bf9f6fc66ee@group-61D83DCB3EDB: set configuration 0: [8719c7fb-c7e5-474c-a3e1-64c0a78adabe:172.17.0.2:41825, ef0c1a11-1ea8-4cb4-b60f-6bfb3b779eb6:172.17.0.2:37633, 5ac25ff6-d68b-4c37-b38b-9bf9f6fc66ee:172.17.0.2:36941], old=null at 0
2020-03-19 17:15:53,182 [grpc-default-executor-9] INFO  segmented.SegmentedRaftLogWorker (SegmentedRaftLogWorker.java:startLogSegment(391)) - ef0c1a11-1ea8-4cb4-b60f-6bfb3b779eb6@group-61D83DCB3EDB-SegmentedRaftLogWorker: Starting segment from index:0
2020-03-19 17:15:53,182 [Thread-3255] INFO  impl.FollowerState (FollowerState.java:run(108)) - 8719c7fb-c7e5-474c-a3e1-64c0a78adabe@group-C2905EEC6DE9-FollowerState: change to CANDIDATE, lastRpcTime:1026ms, electionTimeout:1026ms
2020-03-19 17:15:53,183 [Thread-3253] INFO  impl.RoleInfo (RoleInfo.java:shutdownFollowerState(121)) - ef0c1a11-1ea8-4cb4-b60f-6bfb3b779eb6: shutdown FollowerState
2020-03-19 17:15:53,184 [Thread-3253] INFO  impl.RaftServerImpl (RaftServerImpl.java:setRole(172)) - ef0c1a11-1ea8-4cb4-b60f-6bfb3b779eb6@group-EF661A05A030: changes role from  FOLLOWER to CANDIDATE at term 0 for changeToCandidate
2020-03-19 17:15:53,184 [Thread-3253] INFO  impl.RoleInfo (RoleInfo.java:updateAndGet(143)) - ef0c1a11-1ea8-4cb4-b60f-6bfb3b779eb6: start LeaderElection
2020-03-19 17:15:53,185 [grpc-default-executor-6] INFO  segmented.SegmentedRaftLogWorker (SegmentedRaftLogWorker.java:startLogSegment(391)) - 5ac25ff6-d68b-4c37-b38b-9bf9f6fc66ee@group-61D83DCB3EDB-SegmentedRaftLogWorker: Starting segment from index:0
2020-03-19 17:15:53,188 [Thread-3255] INFO  impl.RoleInfo (RoleInfo.java:shutdownFollowerState(121)) - 8719c7fb-c7e5-474c-a3e1-64c0a78adabe: shutdown FollowerState
2020-03-19 17:15:53,188 [Thread-3255] INFO  impl.RaftServerImpl (RaftServerImpl.java:setRole(172)) - 8719c7fb-c7e5-474c-a3e1-64c0a78adabe@group-C2905EEC6DE9: changes role from  FOLLOWER to CANDIDATE at term 0 for changeToCandidate
2020-03-19 17:15:53,188 [Thread-3255] INFO  impl.RoleInfo (RoleInfo.java:updateAndGet(143)) - 8719c7fb-c7e5-474c-a3e1-64c0a78adabe: start LeaderElection
2020-03-19 17:15:53,189 [ef0c1a11-1ea8-4cb4-b60f-6bfb3b779eb6@group-61D83DCB3EDB-SegmentedRaftLogWorker] INFO  segmented.SegmentedRaftLogWorker (SegmentedRaftLogWorker.java:execute(583)) - ef0c1a11-1ea8-4cb4-b60f-6bfb3b779eb6@group-61D83DCB3EDB-SegmentedRaftLogWorker: created new log segment /github/workspace/hadoop-ozone/integration-test/target/test-dir/MiniOzoneClusterImpl-80293407-04bd-45a8-aeac-96ce148bba0b/datanode-7/data/ratis/c9d6e225-81f8-4462-a714-61d83dcb3edb/current/log_inprogress_0
2020-03-19 17:15:53,190 [5ac25ff6-d68b-4c37-b38b-9bf9f6fc66ee@group-88A27B091AA5-LeaderElection123] INFO  server.RaftServerConfigKeys (ConfUtils.java:logGet(43)) - raft.server.watch.timeout = 3s (custom)
2020-03-19 17:15:53,190 [5ac25ff6-d68b-4c37-b38b-9bf9f6fc66ee@group-88A27B091AA5-LeaderElection123] INFO  server.RaftServerConfigKeys (ConfUtils.java:logGet(43)) - raft.server.watch.timeout.denomination = 1s (default)
2020-03-19 17:15:53,190 [5ac25ff6-d68b-4c37-b38b-9bf9f6fc66ee@group-88A27B091AA5-LeaderElection123] INFO  server.RaftServerConfigKeys (ConfUtils.java:logGet(43)) - raft.server.watch.element-limit = 65536 (default)
2020-03-19 17:15:53,190 [5ac25ff6-d68b-4c37-b38b-9bf9f6fc66ee@group-88A27B091AA5-LeaderElection123] INFO  impl.RoleInfo (RoleInfo.java:updateAndGet(143)) - 5ac25ff6-d68b-4c37-b38b-9bf9f6fc66ee: start LeaderState
2020-03-19 17:15:53,190 [5ac25ff6-d68b-4c37-b38b-9bf9f6fc66ee@group-88A27B091AA5-LeaderElection123] INFO  segmented.SegmentedRaftLogWorker (SegmentedRaftLogWorker.java:startLogSegment(391)) - 5ac25ff6-d68b-4c37-b38b-9bf9f6fc66ee@group-88A27B091AA5-SegmentedRaftLogWorker: Starting segment from index:0
2020-03-19 17:15:53,195 [5ac25ff6-d68b-4c37-b38b-9bf9f6fc66ee@group-88A27B091AA5-SegmentedRaftLogWorker] INFO  segmented.SegmentedRaftLogWorker (SegmentedRaftLogWorker.java:execute(583)) - 5ac25ff6-d68b-4c37-b38b-9bf9f6fc66ee@group-88A27B091AA5-SegmentedRaftLogWorker: created new log segment /github/workspace/hadoop-ozone/integration-test/target/test-dir/MiniOzoneClusterImpl-80293407-04bd-45a8-aeac-96ce148bba0b/datanode-6/data/ratis/2f95787f-631a-491d-88a6-88a27b091aa5/current/log_inprogress_0
2020-03-19 17:15:53,195 [5ac25ff6-d68b-4c37-b38b-9bf9f6fc66ee@group-61D83DCB3EDB-SegmentedRaftLogWorker] INFO  segmented.SegmentedRaftLogWorker (SegmentedRaftLogWorker.java:execute(583)) - 5ac25ff6-d68b-4c37-b38b-9bf9f6fc66ee@group-61D83DCB3EDB-SegmentedRaftLogWorker: created new log segment /github/workspace/hadoop-ozone/integration-test/target/test-dir/MiniOzoneClusterImpl-80293407-04bd-45a8-aeac-96ce148bba0b/datanode-6/data/ratis/c9d6e225-81f8-4462-a714-61d83dcb3edb/current/log_inprogress_0
2020-03-19 17:15:53,195 [5ac25ff6-d68b-4c37-b38b-9bf9f6fc66ee@group-88A27B091AA5-LeaderElection123] INFO  impl.RaftServerImpl (ServerState.java:setRaftConf(356)) - 5ac25ff6-d68b-4c37-b38b-9bf9f6fc66ee@group-88A27B091AA5: set configuration 0: [5ac25ff6-d68b-4c37-b38b-9bf9f6fc66ee:172.17.0.2:36941], old=null at 0
2020-03-19 17:15:53,196 [ef0c1a11-1ea8-4cb4-b60f-6bfb3b779eb6@group-EF661A05A030-LeaderElection124] INFO  impl.LeaderElection (LeaderElection.java:askForVotes(206)) - ef0c1a11-1ea8-4cb4-b60f-6bfb3b779eb6@group-EF661A05A030-LeaderElection124: begin an election at term 1 for -1: [ef0c1a11-1ea8-4cb4-b60f-6bfb3b779eb6:172.17.0.2:37633], old=null
2020-03-19 17:15:53,196 [ef0c1a11-1ea8-4cb4-b60f-6bfb3b779eb6@group-EF661A05A030-LeaderElection124] INFO  impl.RoleInfo (RoleInfo.java:shutdownLeaderElection(134)) - ef0c1a11-1ea8-4cb4-b60f-6bfb3b779eb6: shutdown LeaderElection
2020-03-19 17:15:53,196 [ef0c1a11-1ea8-4cb4-b60f-6bfb3b779eb6@group-EF661A05A030-LeaderElection124] INFO  impl.RaftServerImpl (RaftServerImpl.java:setRole(172)) - ef0c1a11-1ea8-4cb4-b60f-6bfb3b779eb6@group-EF661A05A030: changes role from CANDIDATE to LEADER at term 1 for changeToLeader
2020-03-19 17:15:53,196 [ef0c1a11-1ea8-4cb4-b60f-6bfb3b779eb6@group-EF661A05A030-LeaderElection124] INFO  ratis.XceiverServerRatis (XceiverServerRatis.java:handleLeaderChangedNotification(739)) - Leader change notification received for group: group-EF661A05A030 with new leaderId: ef0c1a11-1ea8-4cb4-b60f-6bfb3b779eb6
2020-03-19 17:15:53,196 [ef0c1a11-1ea8-4cb4-b60f-6bfb3b779eb6@group-EF661A05A030-LeaderElection124] INFO  impl.RaftServerImpl (ServerState.java:setLeader(255)) - ef0c1a11-1ea8-4cb4-b60f-6bfb3b779eb6@group-EF661A05A030: change Leader from null to ef0c1a11-1ea8-4cb4-b60f-6bfb3b779eb6 at term 1 for becomeLeader, leader elected after 1085ms
2020-03-19 17:15:53,196 [ef0c1a11-1ea8-4cb4-b60f-6bfb3b779eb6@group-EF661A05A030-LeaderElection124] INFO  server.RaftServerConfigKeys (ConfUtils.java:logGet(43)) - raft.server.staging.catchup.gap = 1000 (default)
2020-03-19 17:15:53,196 [ef0c1a11-1ea8-4cb4-b60f-6bfb3b779eb6@group-EF661A05A030-LeaderElection124] INFO  server.RaftServerConfigKeys (ConfUtils.java:logGet(43)) - raft.server.rpc.sleep.time = 25ms (default)
2020-03-19 17:15:53,196 [ef0c1a11-1ea8-4cb4-b60f-6bfb3b779eb6@group-EF661A05A030-LeaderElection124] INFO  metrics.RatisMetrics (RatisMetrics.java:lambda$create$0(39)) - Creating Metrics Registry : ratis.log_appender.ef0c1a11-1ea8-4cb4-b60f-6bfb3b779eb6@group-EF661A05A030
2020-03-19 17:15:53,196 [ef0c1a11-1ea8-4cb4-b60f-6bfb3b779eb6@group-EF661A05A030-LeaderElection124] INFO  server.RaftServerConfigKeys (ConfUtils.java:logGet(43)) - raft.server.write.element-limit = 1024 (custom)
2020-03-19 17:15:53,197 [ef0c1a11-1ea8-4cb4-b60f-6bfb3b779eb6@group-EF661A05A030-LeaderElection124] INFO  server.RaftServerConfigKeys (ConfUtils.java:logGet(43)) - raft.server.write.byte-limit = 1073741824 (custom)
2020-03-19 17:15:53,207 [main] INFO  ozone.MiniOzoneClusterImpl (MiniOzoneClusterImpl.java:lambda$waitForClusterToBeReady$0(177)) - Nodes are ready. Got 10 of 10 DN Heartbeats.
2020-03-19 17:15:53,208 [main] INFO  ozone.MiniOzoneClusterImpl (MiniOzoneClusterImpl.java:lambda$waitForClusterToBeReady$0(180)) - Cluster exits safe mode
2020-03-19 17:15:53,210 [8719c7fb-c7e5-474c-a3e1-64c0a78adabe@group-C2905EEC6DE9-LeaderElection125] INFO  impl.LeaderElection (LeaderElection.java:askForVotes(206)) - 8719c7fb-c7e5-474c-a3e1-64c0a78adabe@group-C2905EEC6DE9-LeaderElection125: begin an election at term 1 for -1: [8719c7fb-c7e5-474c-a3e1-64c0a78adabe:172.17.0.2:41825], old=null
2020-03-19 17:15:53,212 [8719c7fb-c7e5-474c-a3e1-64c0a78adabe@group-C2905EEC6DE9-LeaderElection125] INFO  impl.RoleInfo (RoleInfo.java:shutdownLeaderElection(134)) - 8719c7fb-c7e5-474c-a3e1-64c0a78adabe: shutdown LeaderElection
2020-03-19 17:15:53,212 [8719c7fb-c7e5-474c-a3e1-64c0a78adabe@group-C2905EEC6DE9-LeaderElection125] INFO  impl.RaftServerImpl (RaftServerImpl.java:setRole(172)) - 8719c7fb-c7e5-474c-a3e1-64c0a78adabe@group-C2905EEC6DE9: changes role from CANDIDATE to LEADER at term 1 for changeToLeader
2020-03-19 17:15:53,212 [8719c7fb-c7e5-474c-a3e1-64c0a78adabe@group-C2905EEC6DE9-LeaderElection125] INFO  ratis.XceiverServerRatis (XceiverServerRatis.java:handleLeaderChangedNotification(739)) - Leader change notification received for group: group-C2905EEC6DE9 with new leaderId: 8719c7fb-c7e5-474c-a3e1-64c0a78adabe
2020-03-19 17:15:53,215 [ef0c1a11-1ea8-4cb4-b60f-6bfb3b779eb6@group-EF661A05A030-LeaderElection124] INFO  server.RaftServerConfigKeys (ConfUtils.java:logGet(43)) - raft.server.watch.timeout = 3s (custom)
2020-03-19 17:15:53,215 [ef0c1a11-1ea8-4cb4-b60f-6bfb3b779eb6@group-EF661A05A030-LeaderElection124] INFO  server.RaftServerConfigKeys (ConfUtils.java:logGet(43)) - raft.server.watch.timeout.denomination = 1s (default)
2020-03-19 17:15:53,215 [ef0c1a11-1ea8-4cb4-b60f-6bfb3b779eb6@group-EF661A05A030-LeaderElection124] INFO  server.RaftServerConfigKeys (ConfUtils.java:logGet(43)) - raft.server.watch.element-limit = 65536 (default)
2020-03-19 17:15:53,215 [ef0c1a11-1ea8-4cb4-b60f-6bfb3b779eb6@group-EF661A05A030-LeaderElection124] INFO  impl.RoleInfo (RoleInfo.java:updateAndGet(143)) - ef0c1a11-1ea8-4cb4-b60f-6bfb3b779eb6: start LeaderState
2020-03-19 17:15:53,215 [ef0c1a11-1ea8-4cb4-b60f-6bfb3b779eb6@group-EF661A05A030-LeaderElection124] INFO  segmented.SegmentedRaftLogWorker (SegmentedRaftLogWorker.java:startLogSegment(391)) - ef0c1a11-1ea8-4cb4-b60f-6bfb3b779eb6@group-EF661A05A030-SegmentedRaftLogWorker: Starting segment from index:0
2020-03-19 17:15:53,219 [8719c7fb-c7e5-474c-a3e1-64c0a78adabe@group-C2905EEC6DE9-LeaderElection125] INFO  impl.RaftServerImpl (ServerState.java:setLeader(255)) - 8719c7fb-c7e5-474c-a3e1-64c0a78adabe@group-C2905EEC6DE9: change Leader from null to 8719c7fb-c7e5-474c-a3e1-64c0a78adabe at term 1 for becomeLeader, leader elected after 1059ms
2020-03-19 17:15:53,219 [8719c7fb-c7e5-474c-a3e1-64c0a78adabe@group-C2905EEC6DE9-LeaderElection125] INFO  server.RaftServerConfigKeys (ConfUtils.java:logGet(43)) - raft.server.staging.catchup.gap = 1000 (default)
2020-03-19 17:15:53,219 [8719c7fb-c7e5-474c-a3e1-64c0a78adabe@group-C2905EEC6DE9-LeaderElection125] INFO  server.RaftServerConfigKeys (ConfUtils.java:logGet(43)) - raft.server.rpc.sleep.time = 25ms (default)
2020-03-19 17:15:53,219 [ef0c1a11-1ea8-4cb4-b60f-6bfb3b779eb6@group-EF661A05A030-LeaderElection124] INFO  impl.RaftServerImpl (ServerState.java:setRaftConf(356)) - ef0c1a11-1ea8-4cb4-b60f-6bfb3b779eb6@group-EF661A05A030: set configuration 0: [ef0c1a11-1ea8-4cb4-b60f-6bfb3b779eb6:172.17.0.2:37633], old=null at 0
2020-03-19 17:15:53,220 [8719c7fb-c7e5-474c-a3e1-64c0a78adabe@group-C2905EEC6DE9-LeaderElection125] INFO  metrics.RatisMetrics (RatisMetrics.java:lambda$create$0(39)) - Creating Metrics Registry : ratis.log_appender.8719c7fb-c7e5-474c-a3e1-64c0a78adabe@group-C2905EEC6DE9
2020-03-19 17:15:53,220 [ef0c1a11-1ea8-4cb4-b60f-6bfb3b779eb6@group-EF661A05A030-SegmentedRaftLogWorker] INFO  segmented.SegmentedRaftLogWorker (SegmentedRaftLogWorker.java:execute(583)) - ef0c1a11-1ea8-4cb4-b60f-6bfb3b779eb6@group-EF661A05A030-SegmentedRaftLogWorker: created new log segment /github/workspace/hadoop-ozone/integration-test/target/test-dir/MiniOzoneClusterImpl-80293407-04bd-45a8-aeac-96ce148bba0b/datanode-7/data/ratis/23773a22-ca16-437e-bd73-ef661a05a030/current/log_inprogress_0
2020-03-19 17:15:53,221 [8719c7fb-c7e5-474c-a3e1-64c0a78adabe@group-C2905EEC6DE9-LeaderElection125] INFO  server.RaftServerConfigKeys (ConfUtils.java:logGet(43)) - raft.server.write.element-limit = 1024 (custom)
2020-03-19 17:15:53,221 [8719c7fb-c7e5-474c-a3e1-64c0a78adabe@group-C2905EEC6DE9-LeaderElection125] INFO  server.RaftServerConfigKeys (ConfUtils.java:logGet(43)) - raft.server.write.byte-limit = 1073741824 (custom)
2020-03-19 17:15:53,222 [8719c7fb-c7e5-474c-a3e1-64c0a78adabe@group-C2905EEC6DE9-LeaderElection125] INFO  server.RaftServerConfigKeys (ConfUtils.java:logGet(43)) - raft.server.watch.timeout = 3s (custom)
2020-03-19 17:15:53,223 [8719c7fb-c7e5-474c-a3e1-64c0a78adabe@group-C2905EEC6DE9-LeaderElection125] INFO  server.RaftServerConfigKeys (ConfUtils.java:logGet(43)) - raft.server.watch.timeout.denomination = 1s (default)
2020-03-19 17:15:53,223 [8719c7fb-c7e5-474c-a3e1-64c0a78adabe@group-C2905EEC6DE9-LeaderElection125] INFO  server.RaftServerConfigKeys (ConfUtils.java:logGet(43)) - raft.server.watch.element-limit = 65536 (default)
2020-03-19 17:15:53,224 [8719c7fb-c7e5-474c-a3e1-64c0a78adabe@group-C2905EEC6DE9-LeaderElection125] INFO  impl.RoleInfo (RoleInfo.java:updateAndGet(143)) - 8719c7fb-c7e5-474c-a3e1-64c0a78adabe: start LeaderState
2020-03-19 17:15:53,224 [8719c7fb-c7e5-474c-a3e1-64c0a78adabe@group-C2905EEC6DE9-LeaderElection125] INFO  segmented.SegmentedRaftLogWorker (SegmentedRaftLogWorker.java:startLogSegment(391)) - 8719c7fb-c7e5-474c-a3e1-64c0a78adabe@group-C2905EEC6DE9-SegmentedRaftLogWorker: Starting segment from index:0
2020-03-19 17:15:53,229 [8719c7fb-c7e5-474c-a3e1-64c0a78adabe@group-C2905EEC6DE9-LeaderElection125] INFO  impl.RaftServerImpl (ServerState.java:setRaftConf(356)) - 8719c7fb-c7e5-474c-a3e1-64c0a78adabe@group-C2905EEC6DE9: set configuration 0: [8719c7fb-c7e5-474c-a3e1-64c0a78adabe:172.17.0.2:41825], old=null at 0
2020-03-19 17:15:53,231 [8719c7fb-c7e5-474c-a3e1-64c0a78adabe@group-C2905EEC6DE9-SegmentedRaftLogWorker] INFO  segmented.SegmentedRaftLogWorker (SegmentedRaftLogWorker.java:execute(583)) - 8719c7fb-c7e5-474c-a3e1-64c0a78adabe@group-C2905EEC6DE9-SegmentedRaftLogWorker: created new log segment /github/workspace/hadoop-ozone/integration-test/target/test-dir/MiniOzoneClusterImpl-80293407-04bd-45a8-aeac-96ce148bba0b/datanode-8/data/ratis/98def390-6862-4a41-bd4d-c2905eec6de9/current/log_inprogress_0
2020-03-19 17:15:53,246 [main] INFO  rpc.RpcClient (RpcClient.java:createVolume(293)) - Creating Volume: datanodefailurehandlingtest, with jenkins1001 as owner.
2020-03-19 17:15:53,248 [IPC Server handler 7 on 46065] INFO  volume.OMVolumeCreateRequest (OMVolumeCreateRequest.java:validateAndUpdateCache(207)) - created volume:datanodefailurehandlingtest for user:jenkins1001
2020-03-19 17:15:53,267 [main] INFO  rpc.RpcClient (RpcClient.java:createBucket(432)) - Creating Bucket: datanodefailurehandlingtest/datanodefailurehandlingtest, with Versioning false and Storage Type set to DISK and Encryption set to false 
2020-03-19 17:15:53,413 [Thread-3257] INFO  impl.FollowerState (FollowerState.java:run(108)) - 0f47e6b4-3e2a-4392-948b-42faa0c001a0@group-2A2FFA2CC73D-FollowerState: change to CANDIDATE, lastRpcTime:1192ms, electionTimeout:1192ms
2020-03-19 17:15:53,414 [Thread-3257] INFO  impl.RoleInfo (RoleInfo.java:shutdownFollowerState(121)) - 0f47e6b4-3e2a-4392-948b-42faa0c001a0: shutdown FollowerState
2020-03-19 17:15:53,414 [Thread-3257] INFO  impl.RaftServerImpl (RaftServerImpl.java:setRole(172)) - 0f47e6b4-3e2a-4392-948b-42faa0c001a0@group-2A2FFA2CC73D: changes role from  FOLLOWER to CANDIDATE at term 0 for changeToCandidate
2020-03-19 17:15:53,414 [Thread-3257] INFO  impl.RoleInfo (RoleInfo.java:updateAndGet(143)) - 0f47e6b4-3e2a-4392-948b-42faa0c001a0: start LeaderElection
2020-03-19 17:15:53,417 [0f47e6b4-3e2a-4392-948b-42faa0c001a0@group-2A2FFA2CC73D-LeaderElection126] INFO  impl.LeaderElection (LeaderElection.java:askForVotes(206)) - 0f47e6b4-3e2a-4392-948b-42faa0c001a0@group-2A2FFA2CC73D-LeaderElection126: begin an election at term 1 for -1: [0f47e6b4-3e2a-4392-948b-42faa0c001a0:172.17.0.2:43121], old=null
2020-03-19 17:15:53,417 [0f47e6b4-3e2a-4392-948b-42faa0c001a0@group-2A2FFA2CC73D-LeaderElection126] INFO  impl.RoleInfo (RoleInfo.java:shutdownLeaderElection(134)) - 0f47e6b4-3e2a-4392-948b-42faa0c001a0: shutdown LeaderElection
2020-03-19 17:15:53,417 [0f47e6b4-3e2a-4392-948b-42faa0c001a0@group-2A2FFA2CC73D-LeaderElection126] INFO  impl.RaftServerImpl (RaftServerImpl.java:setRole(172)) - 0f47e6b4-3e2a-4392-948b-42faa0c001a0@group-2A2FFA2CC73D: changes role from CANDIDATE to LEADER at term 1 for changeToLeader
2020-03-19 17:15:53,417 [0f47e6b4-3e2a-4392-948b-42faa0c001a0@group-2A2FFA2CC73D-LeaderElection126] INFO  ratis.XceiverServerRatis (XceiverServerRatis.java:handleLeaderChangedNotification(739)) - Leader change notification received for group: group-2A2FFA2CC73D with new leaderId: 0f47e6b4-3e2a-4392-948b-42faa0c001a0
2020-03-19 17:15:53,417 [0f47e6b4-3e2a-4392-948b-42faa0c001a0@group-2A2FFA2CC73D-LeaderElection126] INFO  impl.RaftServerImpl (ServerState.java:setLeader(255)) - 0f47e6b4-3e2a-4392-948b-42faa0c001a0@group-2A2FFA2CC73D: change Leader from null to 0f47e6b4-3e2a-4392-948b-42faa0c001a0 at term 1 for becomeLeader, leader elected after 1201ms
2020-03-19 17:15:53,417 [0f47e6b4-3e2a-4392-948b-42faa0c001a0@group-2A2FFA2CC73D-LeaderElection126] INFO  server.RaftServerConfigKeys (ConfUtils.java:logGet(43)) - raft.server.staging.catchup.gap = 1000 (default)
2020-03-19 17:15:53,417 [0f47e6b4-3e2a-4392-948b-42faa0c001a0@group-2A2FFA2CC73D-LeaderElection126] INFO  server.RaftServerConfigKeys (ConfUtils.java:logGet(43)) - raft.server.rpc.sleep.time = 25ms (default)
2020-03-19 17:15:53,427 [0f47e6b4-3e2a-4392-948b-42faa0c001a0@group-2A2FFA2CC73D-LeaderElection126] INFO  metrics.RatisMetrics (RatisMetrics.java:lambda$create$0(39)) - Creating Metrics Registry : ratis.log_appender.0f47e6b4-3e2a-4392-948b-42faa0c001a0@group-2A2FFA2CC73D
2020-03-19 17:15:53,427 [0f47e6b4-3e2a-4392-948b-42faa0c001a0@group-2A2FFA2CC73D-LeaderElection126] INFO  server.RaftServerConfigKeys (ConfUtils.java:logGet(43)) - raft.server.write.element-limit = 1024 (custom)
2020-03-19 17:15:53,427 [0f47e6b4-3e2a-4392-948b-42faa0c001a0@group-2A2FFA2CC73D-LeaderElection126] INFO  server.RaftServerConfigKeys (ConfUtils.java:logGet(43)) - raft.server.write.byte-limit = 1073741824 (custom)
2020-03-19 17:15:53,429 [0f47e6b4-3e2a-4392-948b-42faa0c001a0@group-2A2FFA2CC73D-LeaderElection126] INFO  server.RaftServerConfigKeys (ConfUtils.java:logGet(43)) - raft.server.watch.timeout = 3s (custom)
2020-03-19 17:15:53,429 [0f47e6b4-3e2a-4392-948b-42faa0c001a0@group-2A2FFA2CC73D-LeaderElection126] INFO  server.RaftServerConfigKeys (ConfUtils.java:logGet(43)) - raft.server.watch.timeout.denomination = 1s (default)
2020-03-19 17:15:53,429 [0f47e6b4-3e2a-4392-948b-42faa0c001a0@group-2A2FFA2CC73D-LeaderElection126] INFO  server.RaftServerConfigKeys (ConfUtils.java:logGet(43)) - raft.server.watch.element-limit = 65536 (default)
2020-03-19 17:15:53,429 [0f47e6b4-3e2a-4392-948b-42faa0c001a0@group-2A2FFA2CC73D-LeaderElection126] INFO  impl.RoleInfo (RoleInfo.java:updateAndGet(143)) - 0f47e6b4-3e2a-4392-948b-42faa0c001a0: start LeaderState
2020-03-19 17:15:53,430 [0f47e6b4-3e2a-4392-948b-42faa0c001a0@group-2A2FFA2CC73D-LeaderElection126] INFO  segmented.SegmentedRaftLogWorker (SegmentedRaftLogWorker.java:startLogSegment(391)) - 0f47e6b4-3e2a-4392-948b-42faa0c001a0@group-2A2FFA2CC73D-SegmentedRaftLogWorker: Starting segment from index:0
2020-03-19 17:15:53,432 [0f47e6b4-3e2a-4392-948b-42faa0c001a0@group-2A2FFA2CC73D-LeaderElection126] INFO  impl.RaftServerImpl (ServerState.java:setRaftConf(356)) - 0f47e6b4-3e2a-4392-948b-42faa0c001a0@group-2A2FFA2CC73D: set configuration 0: [0f47e6b4-3e2a-4392-948b-42faa0c001a0:172.17.0.2:43121], old=null at 0
2020-03-19 17:15:53,433 [0f47e6b4-3e2a-4392-948b-42faa0c001a0@group-2A2FFA2CC73D-SegmentedRaftLogWorker] INFO  segmented.SegmentedRaftLogWorker (SegmentedRaftLogWorker.java:execute(583)) - 0f47e6b4-3e2a-4392-948b-42faa0c001a0@group-2A2FFA2CC73D-SegmentedRaftLogWorker: created new log segment /github/workspace/hadoop-ozone/integration-test/target/test-dir/MiniOzoneClusterImpl-80293407-04bd-45a8-aeac-96ce148bba0b/datanode-9/data/ratis/b21bbf9a-b9c2-4574-81a5-2a2ffa2cc73d/current/log_inprogress_0
2020-03-19 17:15:54,091 [Thread-3281] INFO  impl.FollowerState (FollowerState.java:run(108)) - ea97180b-f37b-4beb-ae1e-adcdfeb20d18@group-F255B7A46A64-FollowerState: change to CANDIDATE, lastRpcTime:1132ms, electionTimeout:1116ms
2020-03-19 17:15:54,091 [Thread-3281] INFO  impl.RoleInfo (RoleInfo.java:shutdownFollowerState(121)) - ea97180b-f37b-4beb-ae1e-adcdfeb20d18: shutdown FollowerState
2020-03-19 17:15:54,091 [Thread-3281] INFO  impl.RaftServerImpl (RaftServerImpl.java:setRole(172)) - ea97180b-f37b-4beb-ae1e-adcdfeb20d18@group-F255B7A46A64: changes role from  FOLLOWER to CANDIDATE at term 1 for changeToCandidate
2020-03-19 17:15:54,091 [Thread-3281] INFO  impl.RoleInfo (RoleInfo.java:updateAndGet(143)) - ea97180b-f37b-4beb-ae1e-adcdfeb20d18: start LeaderElection
2020-03-19 17:15:54,093 [ea97180b-f37b-4beb-ae1e-adcdfeb20d18@group-F255B7A46A64-LeaderElection127] INFO  impl.LeaderElection (LeaderElection.java:askForVotes(206)) - ea97180b-f37b-4beb-ae1e-adcdfeb20d18@group-F255B7A46A64-LeaderElection127: begin an election at term 2 for -1: [ea97180b-f37b-4beb-ae1e-adcdfeb20d18:172.17.0.2:46245, 19601d2c-1e34-4e29-889b-b501c57f3272:172.17.0.2:33413, e0593f1c-6b5a-4362-bc71-0b44a1bb1867:172.17.0.2:40807], old=null
2020-03-19 17:15:54,096 [grpc-default-executor-9] INFO  impl.RaftServerImpl (RaftServerImpl.java:setRole(172)) - 19601d2c-1e34-4e29-889b-b501c57f3272@group-F255B7A46A64: changes role from  FOLLOWER to FOLLOWER at term 2 for recognizeCandidate:ea97180b-f37b-4beb-ae1e-adcdfeb20d18
2020-03-19 17:15:54,096 [grpc-default-executor-9] INFO  impl.RoleInfo (RoleInfo.java:shutdownFollowerState(121)) - 19601d2c-1e34-4e29-889b-b501c57f3272: shutdown FollowerState
2020-03-19 17:15:54,096 [grpc-default-executor-9] INFO  impl.RoleInfo (RoleInfo.java:updateAndGet(143)) - 19601d2c-1e34-4e29-889b-b501c57f3272: start FollowerState
2020-03-19 17:15:54,096 [Thread-3275] INFO  impl.FollowerState (FollowerState.java:run(117)) - 19601d2c-1e34-4e29-889b-b501c57f3272@group-F255B7A46A64-FollowerState was interrupted: java.lang.InterruptedException: sleep interrupted
2020-03-19 17:15:54,099 [Thread-3291] INFO  impl.FollowerState (FollowerState.java:run(108)) - 78c87700-eed0-40ed-9c83-27d56052797c@group-448E1A42821C-FollowerState: change to CANDIDATE, lastRpcTime:1082ms, electionTimeout:1081ms
2020-03-19 17:15:54,099 [Thread-3291] INFO  impl.RoleInfo (RoleInfo.java:shutdownFollowerState(121)) - 78c87700-eed0-40ed-9c83-27d56052797c: shutdown FollowerState
2020-03-19 17:15:54,099 [Thread-3291] INFO  impl.RaftServerImpl (RaftServerImpl.java:setRole(172)) - 78c87700-eed0-40ed-9c83-27d56052797c@group-448E1A42821C: changes role from  FOLLOWER to CANDIDATE at term 2 for changeToCandidate
2020-03-19 17:15:54,099 [Thread-3291] INFO  impl.RoleInfo (RoleInfo.java:updateAndGet(143)) - 78c87700-eed0-40ed-9c83-27d56052797c: start LeaderElection
2020-03-19 17:15:54,099 [grpc-default-executor-9] INFO  impl.RaftServerImpl (RaftServerImpl.java:setRole(172)) - e0593f1c-6b5a-4362-bc71-0b44a1bb1867@group-F255B7A46A64: changes role from  FOLLOWER to FOLLOWER at term 2 for recognizeCandidate:ea97180b-f37b-4beb-ae1e-adcdfeb20d18
2020-03-19 17:15:54,099 [grpc-default-executor-9] INFO  impl.RoleInfo (RoleInfo.java:shutdownFollowerState(121)) - e0593f1c-6b5a-4362-bc71-0b44a1bb1867: shutdown FollowerState
2020-03-19 17:15:54,100 [ea97180b-f37b-4beb-ae1e-adcdfeb20d18@group-F255B7A46A64-LeaderElection127] INFO  impl.LeaderElection (LeaderElection.java:logAndReturn(61)) - ea97180b-f37b-4beb-ae1e-adcdfeb20d18@group-F255B7A46A64-LeaderElection127: Election PASSED; received 1 response(s) [ea97180b-f37b-4beb-ae1e-adcdfeb20d18<-19601d2c-1e34-4e29-889b-b501c57f3272#0:OK-t2] and 0 exception(s); ea97180b-f37b-4beb-ae1e-adcdfeb20d18@group-F255B7A46A64:t2, leader=null, voted=ea97180b-f37b-4beb-ae1e-adcdfeb20d18, raftlog=ea97180b-f37b-4beb-ae1e-adcdfeb20d18@group-F255B7A46A64-SegmentedRaftLog:OPENED:c-1,f-1,i0, conf=-1: [ea97180b-f37b-4beb-ae1e-adcdfeb20d18:172.17.0.2:46245, 19601d2c-1e34-4e29-889b-b501c57f3272:172.17.0.2:33413, e0593f1c-6b5a-4362-bc71-0b44a1bb1867:172.17.0.2:40807], old=null
2020-03-19 17:15:54,100 [ea97180b-f37b-4beb-ae1e-adcdfeb20d18@group-F255B7A46A64-LeaderElection127] INFO  impl.RoleInfo (RoleInfo.java:shutdownLeaderElection(134)) - ea97180b-f37b-4beb-ae1e-adcdfeb20d18: shutdown LeaderElection
2020-03-19 17:15:54,100 [ea97180b-f37b-4beb-ae1e-adcdfeb20d18@group-F255B7A46A64-LeaderElection127] INFO  impl.RaftServerImpl (RaftServerImpl.java:setRole(172)) - ea97180b-f37b-4beb-ae1e-adcdfeb20d18@group-F255B7A46A64: changes role from CANDIDATE to LEADER at term 2 for changeToLeader
2020-03-19 17:15:54,100 [ea97180b-f37b-4beb-ae1e-adcdfeb20d18@group-F255B7A46A64-LeaderElection127] INFO  ratis.XceiverServerRatis (XceiverServerRatis.java:handleLeaderChangedNotification(739)) - Leader change notification received for group: group-F255B7A46A64 with new leaderId: ea97180b-f37b-4beb-ae1e-adcdfeb20d18
2020-03-19 17:15:54,100 [ea97180b-f37b-4beb-ae1e-adcdfeb20d18@group-F255B7A46A64-LeaderElection127] INFO  impl.RaftServerImpl (ServerState.java:setLeader(255)) - ea97180b-f37b-4beb-ae1e-adcdfeb20d18@group-F255B7A46A64: change Leader from null to ea97180b-f37b-4beb-ae1e-adcdfeb20d18 at term 2 for becomeLeader, leader elected after 2316ms
2020-03-19 17:15:54,100 [ea97180b-f37b-4beb-ae1e-adcdfeb20d18@group-F255B7A46A64-LeaderElection127] INFO  server.RaftServerConfigKeys (ConfUtils.java:logGet(43)) - raft.server.staging.catchup.gap = 1000 (default)
2020-03-19 17:15:54,100 [ea97180b-f37b-4beb-ae1e-adcdfeb20d18@group-F255B7A46A64-LeaderElection127] INFO  server.RaftServerConfigKeys (ConfUtils.java:logGet(43)) - raft.server.rpc.sleep.time = 25ms (default)
2020-03-19 17:15:54,100 [ea97180b-f37b-4beb-ae1e-adcdfeb20d18@group-F255B7A46A64-LeaderElection127] INFO  metrics.RatisMetrics (RatisMetrics.java:lambda$create$0(39)) - Creating Metrics Registry : ratis.log_appender.ea97180b-f37b-4beb-ae1e-adcdfeb20d18@group-F255B7A46A64
2020-03-19 17:15:54,100 [ea97180b-f37b-4beb-ae1e-adcdfeb20d18@group-F255B7A46A64-LeaderElection127] INFO  server.RaftServerConfigKeys (ConfUtils.java:logGet(43)) - raft.server.write.element-limit = 1024 (custom)
2020-03-19 17:15:54,100 [ea97180b-f37b-4beb-ae1e-adcdfeb20d18@group-F255B7A46A64-LeaderElection127] INFO  server.RaftServerConfigKeys (ConfUtils.java:logGet(43)) - raft.server.write.byte-limit = 1073741824 (custom)
2020-03-19 17:15:54,100 [grpc-default-executor-9] INFO  impl.RoleInfo (RoleInfo.java:updateAndGet(143)) - e0593f1c-6b5a-4362-bc71-0b44a1bb1867: start FollowerState
2020-03-19 17:15:54,100 [Thread-3276] INFO  impl.FollowerState (FollowerState.java:run(117)) - e0593f1c-6b5a-4362-bc71-0b44a1bb1867@group-F255B7A46A64-FollowerState was interrupted: java.lang.InterruptedException: sleep interrupted
2020-03-19 17:15:54,101 [ea97180b-f37b-4beb-ae1e-adcdfeb20d18@group-F255B7A46A64-LeaderElection127] INFO  server.RaftServerConfigKeys (ConfUtils.java:logGet(43)) - raft.server.watch.timeout = 3s (custom)
2020-03-19 17:15:54,103 [ea97180b-f37b-4beb-ae1e-adcdfeb20d18@group-F255B7A46A64-LeaderElection127] INFO  server.RaftServerConfigKeys (ConfUtils.java:logGet(43)) - raft.server.watch.timeout.denomination = 1s (default)
2020-03-19 17:15:54,103 [ea97180b-f37b-4beb-ae1e-adcdfeb20d18@group-F255B7A46A64-LeaderElection127] INFO  server.RaftServerConfigKeys (ConfUtils.java:logGet(43)) - raft.server.watch.element-limit = 65536 (default)
2020-03-19 17:15:54,103 [ea97180b-f37b-4beb-ae1e-adcdfeb20d18@group-F255B7A46A64-LeaderElection127] INFO  server.RaftServerConfigKeys (ConfUtils.java:logGet(43)) - raft.server.log.appender.snapshot.chunk.size.max = 16MB (=16777216) (default)
2020-03-19 17:15:54,103 [ea97180b-f37b-4beb-ae1e-adcdfeb20d18@group-F255B7A46A64-LeaderElection127] INFO  server.RaftServerConfigKeys (ConfUtils.java:logGet(43)) - raft.server.log.appender.buffer.byte-limit = 33554432 (custom)
2020-03-19 17:15:54,103 [ea97180b-f37b-4beb-ae1e-adcdfeb20d18@group-F255B7A46A64-LeaderElection127] INFO  server.RaftServerConfigKeys (ConfUtils.java:logGet(43)) - raft.server.log.appender.buffer.element-limit = 1 (custom)
2020-03-19 17:15:54,104 [ea97180b-f37b-4beb-ae1e-adcdfeb20d18@group-F255B7A46A64-LeaderElection127] INFO  grpc.GrpcConfigKeys$Server (ConfUtils.java:logGet(43)) - raft.grpc.server.leader.outstanding.appends.max = 128 (default)
2020-03-19 17:15:54,104 [ea97180b-f37b-4beb-ae1e-adcdfeb20d18@group-F255B7A46A64-LeaderElection127] INFO  server.RaftServerConfigKeys (ConfUtils.java:logGet(43)) - raft.server.rpc.request.timeout = 3s (default)
2020-03-19 17:15:54,104 [ea97180b-f37b-4beb-ae1e-adcdfeb20d18@group-F255B7A46A64-LeaderElection127] INFO  server.RaftServerConfigKeys (ConfUtils.java:logGet(43)) - raft.server.log.appender.install.snapshot.enabled = false (custom)
2020-03-19 17:15:54,108 [EventQueue-PipelineReportForPipelineReportHandler] INFO  pipeline.PipelineStateManager (PipelineStateManager.java:openPipeline(131)) - Pipeline Pipeline[ Id: 22eb4e39-762b-4c78-a42b-f255b7a46a64, Nodes: 19601d2c-1e34-4e29-889b-b501c57f3272{ip: 172.17.0.2, host: e39e15fa19de, networkLocation: /rack1, certSerialId: null}ea97180b-f37b-4beb-ae1e-adcdfeb20d18{ip: 172.17.0.2, host: e39e15fa19de, networkLocation: /rack1, certSerialId: null}e0593f1c-6b5a-4362-bc71-0b44a1bb1867{ip: 172.17.0.2, host: e39e15fa19de, networkLocation: /rack1, certSerialId: null}, Type:RATIS, Factor:THREE, State:ALLOCATED, leaderId:ea97180b-f37b-4beb-ae1e-adcdfeb20d18, CreationTimestamp2020-03-19T17:15:48.822Z] moved to OPEN state
2020-03-19 17:15:54,110 [ea97180b-f37b-4beb-ae1e-adcdfeb20d18@group-F255B7A46A64-LeaderElection127] INFO  server.RaftServerConfigKeys (ConfUtils.java:logGet(43)) - raft.server.log.appender.snapshot.chunk.size.max = 16MB (=16777216) (default)
2020-03-19 17:15:54,110 [ea97180b-f37b-4beb-ae1e-adcdfeb20d18@group-F255B7A46A64-LeaderElection127] INFO  server.RaftServerConfigKeys (ConfUtils.java:logGet(43)) - raft.server.log.appender.buffer.byte-limit = 33554432 (custom)
2020-03-19 17:15:54,110 [ea97180b-f37b-4beb-ae1e-adcdfeb20d18@group-F255B7A46A64-LeaderElection127] INFO  server.RaftServerConfigKeys (ConfUtils.java:logGet(43)) - raft.server.log.appender.buffer.element-limit = 1 (custom)
2020-03-19 17:15:54,110 [ea97180b-f37b-4beb-ae1e-adcdfeb20d18@group-F255B7A46A64-LeaderElection127] INFO  grpc.GrpcConfigKeys$Server (ConfUtils.java:logGet(43)) - raft.grpc.server.leader.outstanding.appends.max = 128 (default)
2020-03-19 17:15:54,110 [ea97180b-f37b-4beb-ae1e-adcdfeb20d18@group-F255B7A46A64-LeaderElection127] INFO  server.RaftServerConfigKeys (ConfUtils.java:logGet(43)) - raft.server.rpc.request.timeout = 3s (default)
2020-03-19 17:15:54,110 [ea97180b-f37b-4beb-ae1e-adcdfeb20d18@group-F255B7A46A64-LeaderElection127] INFO  server.RaftServerConfigKeys (ConfUtils.java:logGet(43)) - raft.server.log.appender.install.snapshot.enabled = false (custom)
2020-03-19 17:15:54,111 [78c87700-eed0-40ed-9c83-27d56052797c@group-448E1A42821C-LeaderElection128] INFO  impl.LeaderElection (LeaderElection.java:askForVotes(206)) - 78c87700-eed0-40ed-9c83-27d56052797c@group-448E1A42821C-LeaderElection128: begin an election at term 3 for -1: [78c87700-eed0-40ed-9c83-27d56052797c:172.17.0.2:42939, 665f80ed-020a-4994-95dd-47071b79dcbc:172.17.0.2:33627, 7e69d50e-0a54-4234-a642-c3092d47dbb5:172.17.0.2:37797], old=null
2020-03-19 17:15:54,121 [ea97180b-f37b-4beb-ae1e-adcdfeb20d18@group-F255B7A46A64-LeaderElection127] INFO  impl.RoleInfo (RoleInfo.java:updateAndGet(143)) - ea97180b-f37b-4beb-ae1e-adcdfeb20d18: start LeaderState
2020-03-19 17:15:54,121 [ea97180b-f37b-4beb-ae1e-adcdfeb20d18@group-F255B7A46A64-LeaderElection127] INFO  segmented.SegmentedRaftLogWorker (SegmentedRaftLogWorker.java:startLogSegment(391)) - ea97180b-f37b-4beb-ae1e-adcdfeb20d18@group-F255B7A46A64-SegmentedRaftLogWorker: Starting segment from index:0
2020-03-19 17:15:54,125 [ea97180b-f37b-4beb-ae1e-adcdfeb20d18@group-F255B7A46A64-SegmentedRaftLogWorker] INFO  segmented.SegmentedRaftLogWorker (SegmentedRaftLogWorker.java:execute(583)) - ea97180b-f37b-4beb-ae1e-adcdfeb20d18@group-F255B7A46A64-SegmentedRaftLogWorker: created new log segment /github/workspace/hadoop-ozone/integration-test/target/test-dir/MiniOzoneClusterImpl-80293407-04bd-45a8-aeac-96ce148bba0b/datanode-2/data/ratis/22eb4e39-762b-4c78-a42b-f255b7a46a64/current/log_inprogress_0
2020-03-19 17:15:54,135 [ea97180b-f37b-4beb-ae1e-adcdfeb20d18@group-F255B7A46A64-LeaderElection127] INFO  impl.RaftServerImpl (ServerState.java:setRaftConf(356)) - ea97180b-f37b-4beb-ae1e-adcdfeb20d18@group-F255B7A46A64: set configuration 0: [ea97180b-f37b-4beb-ae1e-adcdfeb20d18:172.17.0.2:46245, 19601d2c-1e34-4e29-889b-b501c57f3272:172.17.0.2:33413, e0593f1c-6b5a-4362-bc71-0b44a1bb1867:172.17.0.2:40807], old=null at 0
2020-03-19 17:15:54,142 [grpc-default-executor-9] INFO  impl.RaftServerImpl (RaftServerImpl.java:setRole(172)) - 7e69d50e-0a54-4234-a642-c3092d47dbb5@group-448E1A42821C: changes role from  FOLLOWER to FOLLOWER at term 3 for recognizeCandidate:78c87700-eed0-40ed-9c83-27d56052797c
2020-03-19 17:15:54,142 [grpc-default-executor-9] INFO  impl.RoleInfo (RoleInfo.java:shutdownFollowerState(121)) - 7e69d50e-0a54-4234-a642-c3092d47dbb5: shutdown FollowerState
2020-03-19 17:15:54,142 [grpc-default-executor-9] INFO  impl.RoleInfo (RoleInfo.java:updateAndGet(143)) - 7e69d50e-0a54-4234-a642-c3092d47dbb5: start FollowerState
2020-03-19 17:15:54,143 [Thread-3280] INFO  impl.FollowerState (FollowerState.java:run(117)) - 7e69d50e-0a54-4234-a642-c3092d47dbb5@group-448E1A42821C-FollowerState was interrupted: java.lang.InterruptedException: sleep interrupted
2020-03-19 17:15:54,148 [78c87700-eed0-40ed-9c83-27d56052797c@group-448E1A42821C-LeaderElection128] INFO  impl.LeaderElection (LeaderElection.java:logAndReturn(61)) - 78c87700-eed0-40ed-9c83-27d56052797c@group-448E1A42821C-LeaderElection128: Election PASSED; received 1 response(s) [78c87700-eed0-40ed-9c83-27d56052797c<-7e69d50e-0a54-4234-a642-c3092d47dbb5#0:OK-t3] and 0 exception(s); 78c87700-eed0-40ed-9c83-27d56052797c@group-448E1A42821C:t3, leader=null, voted=78c87700-eed0-40ed-9c83-27d56052797c, raftlog=78c87700-eed0-40ed-9c83-27d56052797c@group-448E1A42821C-SegmentedRaftLog:OPENED:c-1,f-1,i0, conf=-1: [78c87700-eed0-40ed-9c83-27d56052797c:172.17.0.2:42939, 665f80ed-020a-4994-95dd-47071b79dcbc:172.17.0.2:33627, 7e69d50e-0a54-4234-a642-c3092d47dbb5:172.17.0.2:37797], old=null
2020-03-19 17:15:54,148 [78c87700-eed0-40ed-9c83-27d56052797c@group-448E1A42821C-LeaderElection128] INFO  impl.RoleInfo (RoleInfo.java:shutdownLeaderElection(134)) - 78c87700-eed0-40ed-9c83-27d56052797c: shutdown LeaderElection
2020-03-19 17:15:54,148 [78c87700-eed0-40ed-9c83-27d56052797c@group-448E1A42821C-LeaderElection128] INFO  impl.RaftServerImpl (RaftServerImpl.java:setRole(172)) - 78c87700-eed0-40ed-9c83-27d56052797c@group-448E1A42821C: changes role from CANDIDATE to LEADER at term 3 for changeToLeader
2020-03-19 17:15:54,148 [78c87700-eed0-40ed-9c83-27d56052797c@group-448E1A42821C-LeaderElection128] INFO  ratis.XceiverServerRatis (XceiverServerRatis.java:handleLeaderChangedNotification(739)) - Leader change notification received for group: group-448E1A42821C with new leaderId: 78c87700-eed0-40ed-9c83-27d56052797c
2020-03-19 17:15:54,148 [78c87700-eed0-40ed-9c83-27d56052797c@group-448E1A42821C-LeaderElection128] INFO  impl.RaftServerImpl (ServerState.java:setLeader(255)) - 78c87700-eed0-40ed-9c83-27d56052797c@group-448E1A42821C: change Leader from null to 78c87700-eed0-40ed-9c83-27d56052797c at term 3 for becomeLeader, leader elected after 1132ms
2020-03-19 17:15:54,148 [78c87700-eed0-40ed-9c83-27d56052797c@group-448E1A42821C-LeaderElection128] INFO  server.RaftServerConfigKeys (ConfUtils.java:logGet(43)) - raft.server.staging.catchup.gap = 1000 (default)
2020-03-19 17:15:54,148 [78c87700-eed0-40ed-9c83-27d56052797c@group-448E1A42821C-LeaderElection128] INFO  server.RaftServerConfigKeys (ConfUtils.java:logGet(43)) - raft.server.rpc.sleep.time = 25ms (default)
2020-03-19 17:15:54,148 [78c87700-eed0-40ed-9c83-27d56052797c@group-448E1A42821C-LeaderElection128] INFO  metrics.RatisMetrics (RatisMetrics.java:lambda$create$0(39)) - Creating Metrics Registry : ratis.log_appender.78c87700-eed0-40ed-9c83-27d56052797c@group-448E1A42821C
2020-03-19 17:15:54,148 [78c87700-eed0-40ed-9c83-27d56052797c@group-448E1A42821C-LeaderElection128] INFO  server.RaftServerConfigKeys (ConfUtils.java:logGet(43)) - raft.server.write.element-limit = 1024 (custom)
2020-03-19 17:15:54,148 [78c87700-eed0-40ed-9c83-27d56052797c@group-448E1A42821C-LeaderElection128] INFO  server.RaftServerConfigKeys (ConfUtils.java:logGet(43)) - raft.server.write.byte-limit = 1073741824 (custom)
2020-03-19 17:15:54,152 [grpc-default-executor-9] INFO  impl.RaftServerImpl (RaftServerImpl.java:setRole(172)) - 665f80ed-020a-4994-95dd-47071b79dcbc@group-448E1A42821C: changes role from  FOLLOWER to FOLLOWER at term 3 for recognizeCandidate:78c87700-eed0-40ed-9c83-27d56052797c
2020-03-19 17:15:54,153 [grpc-default-executor-9] INFO  impl.RoleInfo (RoleInfo.java:shutdownFollowerState(121)) - 665f80ed-020a-4994-95dd-47071b79dcbc: shutdown FollowerState
2020-03-19 17:15:54,153 [grpc-default-executor-9] INFO  impl.RoleInfo (RoleInfo.java:updateAndGet(143)) - 665f80ed-020a-4994-95dd-47071b79dcbc: start FollowerState
2020-03-19 17:15:54,153 [Thread-3290] INFO  impl.FollowerState (FollowerState.java:run(117)) - 665f80ed-020a-4994-95dd-47071b79dcbc@group-448E1A42821C-FollowerState was interrupted: java.lang.InterruptedException: sleep interrupted
2020-03-19 17:15:54,155 [grpc-default-executor-6] INFO  ratis.XceiverServerRatis (XceiverServerRatis.java:handleLeaderChangedNotification(739)) - Leader change notification received for group: group-F255B7A46A64 with new leaderId: ea97180b-f37b-4beb-ae1e-adcdfeb20d18
2020-03-19 17:15:54,155 [grpc-default-executor-6] INFO  impl.RaftServerImpl (ServerState.java:setLeader(255)) - 19601d2c-1e34-4e29-889b-b501c57f3272@group-F255B7A46A64: change Leader from null to ea97180b-f37b-4beb-ae1e-adcdfeb20d18 at term 2 for appendEntries, leader elected after 2419ms
2020-03-19 17:15:54,156 [78c87700-eed0-40ed-9c83-27d56052797c@group-448E1A42821C-LeaderElection128] INFO  server.RaftServerConfigKeys (ConfUtils.java:logGet(43)) - raft.server.watch.timeout = 3s (custom)
2020-03-19 17:15:54,157 [78c87700-eed0-40ed-9c83-27d56052797c@group-448E1A42821C-LeaderElection128] INFO  server.RaftServerConfigKeys (ConfUtils.java:logGet(43)) - raft.server.watch.timeout.denomination = 1s (default)
2020-03-19 17:15:54,157 [78c87700-eed0-40ed-9c83-27d56052797c@group-448E1A42821C-LeaderElection128] INFO  server.RaftServerConfigKeys (ConfUtils.java:logGet(43)) - raft.server.watch.element-limit = 65536 (default)
2020-03-19 17:15:54,157 [grpc-default-executor-3] INFO  ratis.XceiverServerRatis (XceiverServerRatis.java:handleLeaderChangedNotification(739)) - Leader change notification received for group: group-F255B7A46A64 with new leaderId: ea97180b-f37b-4beb-ae1e-adcdfeb20d18
2020-03-19 17:15:54,157 [grpc-default-executor-3] INFO  impl.RaftServerImpl (ServerState.java:setLeader(255)) - e0593f1c-6b5a-4362-bc71-0b44a1bb1867@group-F255B7A46A64: change Leader from null to ea97180b-f37b-4beb-ae1e-adcdfeb20d18 at term 2 for appendEntries, leader elected after 2438ms
2020-03-19 17:15:54,157 [78c87700-eed0-40ed-9c83-27d56052797c@group-448E1A42821C-LeaderElection128] INFO  server.RaftServerConfigKeys (ConfUtils.java:logGet(43)) - raft.server.log.appender.snapshot.chunk.size.max = 16MB (=16777216) (default)
2020-03-19 17:15:54,157 [78c87700-eed0-40ed-9c83-27d56052797c@group-448E1A42821C-LeaderElection128] INFO  server.RaftServerConfigKeys (ConfUtils.java:logGet(43)) - raft.server.log.appender.buffer.byte-limit = 33554432 (custom)
2020-03-19 17:15:54,157 [78c87700-eed0-40ed-9c83-27d56052797c@group-448E1A42821C-LeaderElection128] INFO  server.RaftServerConfigKeys (ConfUtils.java:logGet(43)) - raft.server.log.appender.buffer.element-limit = 1 (custom)
2020-03-19 17:15:54,162 [78c87700-eed0-40ed-9c83-27d56052797c@group-448E1A42821C-LeaderElection128] INFO  grpc.GrpcConfigKeys$Server (ConfUtils.java:logGet(43)) - raft.grpc.server.leader.outstanding.appends.max = 128 (default)
2020-03-19 17:15:54,163 [78c87700-eed0-40ed-9c83-27d56052797c@group-448E1A42821C-LeaderElection128] INFO  server.RaftServerConfigKeys (ConfUtils.java:logGet(43)) - raft.server.rpc.request.timeout = 3s (default)
2020-03-19 17:15:54,163 [78c87700-eed0-40ed-9c83-27d56052797c@group-448E1A42821C-LeaderElection128] INFO  server.RaftServerConfigKeys (ConfUtils.java:logGet(43)) - raft.server.log.appender.install.snapshot.enabled = false (custom)
2020-03-19 17:15:54,167 [grpc-default-executor-3] INFO  impl.RaftServerImpl (ServerState.java:setRaftConf(356)) - e0593f1c-6b5a-4362-bc71-0b44a1bb1867@group-F255B7A46A64: set configuration 0: [ea97180b-f37b-4beb-ae1e-adcdfeb20d18:172.17.0.2:46245, 19601d2c-1e34-4e29-889b-b501c57f3272:172.17.0.2:33413, e0593f1c-6b5a-4362-bc71-0b44a1bb1867:172.17.0.2:40807], old=null at 0
2020-03-19 17:15:54,167 [grpc-default-executor-3] INFO  segmented.SegmentedRaftLogWorker (SegmentedRaftLogWorker.java:startLogSegment(391)) - e0593f1c-6b5a-4362-bc71-0b44a1bb1867@group-F255B7A46A64-SegmentedRaftLogWorker: Starting segment from index:0
2020-03-19 17:15:54,168 [78c87700-eed0-40ed-9c83-27d56052797c@group-448E1A42821C-LeaderElection128] INFO  server.RaftServerConfigKeys (ConfUtils.java:logGet(43)) - raft.server.log.appender.snapshot.chunk.size.max = 16MB (=16777216) (default)
2020-03-19 17:15:54,168 [78c87700-eed0-40ed-9c83-27d56052797c@group-448E1A42821C-LeaderElection128] INFO  server.RaftServerConfigKeys (ConfUtils.java:logGet(43)) - raft.server.log.appender.buffer.byte-limit = 33554432 (custom)
2020-03-19 17:15:54,168 [78c87700-eed0-40ed-9c83-27d56052797c@group-448E1A42821C-LeaderElection128] INFO  server.RaftServerConfigKeys (ConfUtils.java:logGet(43)) - raft.server.log.appender.buffer.element-limit = 1 (custom)
2020-03-19 17:15:54,169 [78c87700-eed0-40ed-9c83-27d56052797c@group-448E1A42821C-LeaderElection128] INFO  grpc.GrpcConfigKeys$Server (ConfUtils.java:logGet(43)) - raft.grpc.server.leader.outstanding.appends.max = 128 (default)
2020-03-19 17:15:54,169 [78c87700-eed0-40ed-9c83-27d56052797c@group-448E1A42821C-LeaderElection128] INFO  server.RaftServerConfigKeys (ConfUtils.java:logGet(43)) - raft.server.rpc.request.timeout = 3s (default)
2020-03-19 17:15:54,169 [78c87700-eed0-40ed-9c83-27d56052797c@group-448E1A42821C-LeaderElection128] INFO  server.RaftServerConfigKeys (ConfUtils.java:logGet(43)) - raft.server.log.appender.install.snapshot.enabled = false (custom)
2020-03-19 17:15:54,169 [e0593f1c-6b5a-4362-bc71-0b44a1bb1867@group-F255B7A46A64-SegmentedRaftLogWorker] INFO  segmented.SegmentedRaftLogWorker (SegmentedRaftLogWorker.java:execute(583)) - e0593f1c-6b5a-4362-bc71-0b44a1bb1867@group-F255B7A46A64-SegmentedRaftLogWorker: created new log segment /github/workspace/hadoop-ozone/integration-test/target/test-dir/MiniOzoneClusterImpl-80293407-04bd-45a8-aeac-96ce148bba0b/datanode-0/data/ratis/22eb4e39-762b-4c78-a42b-f255b7a46a64/current/log_inprogress_0
2020-03-19 17:15:54,171 [78c87700-eed0-40ed-9c83-27d56052797c@group-448E1A42821C-LeaderElection128] INFO  impl.RoleInfo (RoleInfo.java:updateAndGet(143)) - 78c87700-eed0-40ed-9c83-27d56052797c: start LeaderState
2020-03-19 17:15:54,171 [78c87700-eed0-40ed-9c83-27d56052797c@group-448E1A42821C-LeaderElection128] INFO  segmented.SegmentedRaftLogWorker (SegmentedRaftLogWorker.java:startLogSegment(391)) - 78c87700-eed0-40ed-9c83-27d56052797c@group-448E1A42821C-SegmentedRaftLogWorker: Starting segment from index:0
2020-03-19 17:15:54,177 [78c87700-eed0-40ed-9c83-27d56052797c@group-448E1A42821C-SegmentedRaftLogWorker] INFO  segmented.SegmentedRaftLogWorker (SegmentedRaftLogWorker.java:execute(583)) - 78c87700-eed0-40ed-9c83-27d56052797c@group-448E1A42821C-SegmentedRaftLogWorker: created new log segment /github/workspace/hadoop-ozone/integration-test/target/test-dir/MiniOzoneClusterImpl-80293407-04bd-45a8-aeac-96ce148bba0b/datanode-5/data/ratis/d7c22a97-1ee9-48ff-8c2f-448e1a42821c/current/log_inprogress_0
2020-03-19 17:15:54,178 [grpc-default-executor-6] INFO  impl.RaftServerImpl (ServerState.java:setRaftConf(356)) - 19601d2c-1e34-4e29-889b-b501c57f3272@group-F255B7A46A64: set configuration 0: [ea97180b-f37b-4beb-ae1e-adcdfeb20d18:172.17.0.2:46245, 19601d2c-1e34-4e29-889b-b501c57f3272:172.17.0.2:33413, e0593f1c-6b5a-4362-bc71-0b44a1bb1867:172.17.0.2:40807], old=null at 0
2020-03-19 17:15:54,179 [grpc-default-executor-6] INFO  segmented.SegmentedRaftLogWorker (SegmentedRaftLogWorker.java:startLogSegment(391)) - 19601d2c-1e34-4e29-889b-b501c57f3272@group-F255B7A46A64-SegmentedRaftLogWorker: Starting segment from index:0
2020-03-19 17:15:54,185 [grpc-default-executor-9] INFO  ratis.XceiverServerRatis (XceiverServerRatis.java:handleLeaderChangedNotification(739)) - Leader change notification received for group: group-448E1A42821C with new leaderId: 78c87700-eed0-40ed-9c83-27d56052797c
2020-03-19 17:15:54,185 [grpc-default-executor-9] INFO  impl.RaftServerImpl (ServerState.java:setLeader(255)) - 665f80ed-020a-4994-95dd-47071b79dcbc@group-448E1A42821C: change Leader from null to 78c87700-eed0-40ed-9c83-27d56052797c at term 3 for appendEntries, leader elected after 1178ms
2020-03-19 17:15:54,186 [78c87700-eed0-40ed-9c83-27d56052797c@group-448E1A42821C-LeaderElection128] INFO  impl.RaftServerImpl (ServerState.java:setRaftConf(356)) - 78c87700-eed0-40ed-9c83-27d56052797c@group-448E1A42821C: set configuration 0: [78c87700-eed0-40ed-9c83-27d56052797c:172.17.0.2:42939, 665f80ed-020a-4994-95dd-47071b79dcbc:172.17.0.2:33627, 7e69d50e-0a54-4234-a642-c3092d47dbb5:172.17.0.2:37797], old=null at 0
2020-03-19 17:15:54,189 [19601d2c-1e34-4e29-889b-b501c57f3272@group-F255B7A46A64-SegmentedRaftLogWorker] INFO  segmented.SegmentedRaftLogWorker (SegmentedRaftLogWorker.java:execute(583)) - 19601d2c-1e34-4e29-889b-b501c57f3272@group-F255B7A46A64-SegmentedRaftLogWorker: created new log segment /github/workspace/hadoop-ozone/integration-test/target/test-dir/MiniOzoneClusterImpl-80293407-04bd-45a8-aeac-96ce148bba0b/datanode-1/data/ratis/22eb4e39-762b-4c78-a42b-f255b7a46a64/current/log_inprogress_0
2020-03-19 17:15:54,191 [grpc-default-executor-3] INFO  ratis.XceiverServerRatis (XceiverServerRatis.java:handleLeaderChangedNotification(739)) - Leader change notification received for group: group-448E1A42821C with new leaderId: 78c87700-eed0-40ed-9c83-27d56052797c
2020-03-19 17:15:54,191 [grpc-default-executor-3] INFO  impl.RaftServerImpl (ServerState.java:setLeader(255)) - 7e69d50e-0a54-4234-a642-c3092d47dbb5@group-448E1A42821C: change Leader from null to 78c87700-eed0-40ed-9c83-27d56052797c at term 3 for appendEntries, leader elected after 2269ms
2020-03-19 17:15:54,192 [grpc-default-executor-9] INFO  impl.RaftServerImpl (ServerState.java:setRaftConf(356)) - 665f80ed-020a-4994-95dd-47071b79dcbc@group-448E1A42821C: set configuration 0: [78c87700-eed0-40ed-9c83-27d56052797c:172.17.0.2:42939, 665f80ed-020a-4994-95dd-47071b79dcbc:172.17.0.2:33627, 7e69d50e-0a54-4234-a642-c3092d47dbb5:172.17.0.2:37797], old=null at 0
2020-03-19 17:15:54,192 [grpc-default-executor-9] INFO  segmented.SegmentedRaftLogWorker (SegmentedRaftLogWorker.java:truncate(407)) - 665f80ed-020a-4994-95dd-47071b79dcbc@group-448E1A42821C-SegmentedRaftLogWorker: Truncating segments toTruncate: null
  toDelete: [(0, 0) isOpen? true, length=0, newEndIndex=-1], start index 0
2020-03-19 17:15:54,192 [grpc-default-executor-9] INFO  segmented.SegmentedRaftLogWorker (SegmentedRaftLogWorker.java:startLogSegment(391)) - 665f80ed-020a-4994-95dd-47071b79dcbc@group-448E1A42821C-SegmentedRaftLogWorker: Starting segment from index:0
2020-03-19 17:15:54,192 [grpc-default-executor-3] INFO  impl.RaftServerImpl (ServerState.java:setRaftConf(356)) - 7e69d50e-0a54-4234-a642-c3092d47dbb5@group-448E1A42821C: set configuration 0: [78c87700-eed0-40ed-9c83-27d56052797c:172.17.0.2:42939, 665f80ed-020a-4994-95dd-47071b79dcbc:172.17.0.2:33627, 7e69d50e-0a54-4234-a642-c3092d47dbb5:172.17.0.2:37797], old=null at 0
2020-03-19 17:15:54,193 [grpc-default-executor-3] INFO  segmented.SegmentedRaftLogWorker (SegmentedRaftLogWorker.java:startLogSegment(391)) - 7e69d50e-0a54-4234-a642-c3092d47dbb5@group-448E1A42821C-SegmentedRaftLogWorker: Starting segment from index:0
2020-03-19 17:15:54,193 [665f80ed-020a-4994-95dd-47071b79dcbc@group-448E1A42821C-SegmentedRaftLogWorker] INFO  segmented.SegmentedRaftLogWorker (SegmentedRaftLogWorker.java:execute(650)) - 665f80ed-020a-4994-95dd-47071b79dcbc@group-448E1A42821C-SegmentedRaftLogWorker: Deleted log file /github/workspace/hadoop-ozone/integration-test/target/test-dir/MiniOzoneClusterImpl-80293407-04bd-45a8-aeac-96ce148bba0b/datanode-3/data/ratis/d7c22a97-1ee9-48ff-8c2f-448e1a42821c/current/log_inprogress_0
2020-03-19 17:15:54,193 [665f80ed-020a-4994-95dd-47071b79dcbc@group-448E1A42821C-SegmentedRaftLogWorker] INFO  segmented.SegmentedRaftLogWorker (SegmentedRaftLogWorker.java:lambda$new$0(129)) - 665f80ed-020a-4994-95dd-47071b79dcbc@group-448E1A42821C-SegmentedRaftLogWorker: flushIndex: setUnconditionally 0 -> -1
2020-03-19 17:15:54,197 [665f80ed-020a-4994-95dd-47071b79dcbc@group-448E1A42821C-SegmentedRaftLogWorker] INFO  segmented.SegmentedRaftLogWorker (SegmentedRaftLogWorker.java:execute(583)) - 665f80ed-020a-4994-95dd-47071b79dcbc@group-448E1A42821C-SegmentedRaftLogWorker: created new log segment /github/workspace/hadoop-ozone/integration-test/target/test-dir/MiniOzoneClusterImpl-80293407-04bd-45a8-aeac-96ce148bba0b/datanode-3/data/ratis/d7c22a97-1ee9-48ff-8c2f-448e1a42821c/current/log_inprogress_0
2020-03-19 17:15:54,200 [7e69d50e-0a54-4234-a642-c3092d47dbb5@group-448E1A42821C-SegmentedRaftLogWorker] INFO  segmented.SegmentedRaftLogWorker (SegmentedRaftLogWorker.java:execute(583)) - 7e69d50e-0a54-4234-a642-c3092d47dbb5@group-448E1A42821C-SegmentedRaftLogWorker: created new log segment /github/workspace/hadoop-ozone/integration-test/target/test-dir/MiniOzoneClusterImpl-80293407-04bd-45a8-aeac-96ce148bba0b/datanode-4/data/ratis/d7c22a97-1ee9-48ff-8c2f-448e1a42821c/current/log_inprogress_0
2020-03-19 17:15:55,329 [Datanode State Machine Thread - 0] INFO  statemachine.DatanodeStateMachine (DatanodeStateMachine.java:lambda$startDaemon$0(387)) - Ozone container server started.
2020-03-19 17:15:55,999 [Thread-3287] INFO  container.ReplicationManager (ReplicationManager.java:start(163)) - Starting Replication Monitor Thread.
2020-03-19 17:15:56,007 [ReplicationMonitor] INFO  container.ReplicationManager (ReplicationManager.java:run(226)) - Replication Monitor Thread took 6 milliseconds for processing 1 containers.
2020-03-19 17:15:57,158 [java.util.concurrent.ThreadPoolExecutor$Worker@3001ceac[State = -1, empty queue]] WARN  server.GrpcLogAppender (GrpcLogAppender.java:timeoutAppendRequest(212)) - ea97180b-f37b-4beb-ae1e-adcdfeb20d18@group-F255B7A46A64->e0593f1c-6b5a-4362-bc71-0b44a1bb1867-GrpcLogAppender:  appendEntries Timeout, request=AppendEntriesRequest:cid=1,entriesCount=1,lastEntry=(t:2, i:0)
2020-03-19 17:15:59,410 [main] INFO  ozoneimpl.OzoneContainer (OzoneContainer.java:stop(245)) - Attempting to stop container services.
2020-03-19 17:15:59,410 [main] INFO  impl.RaftServerProxy (RaftServerProxy.java:lambda$close$4(314)) - 78c87700-eed0-40ed-9c83-27d56052797c: close
2020-03-19 17:15:59,411 [main] INFO  impl.RaftServerImpl (RaftServerImpl.java:lambda$shutdown$3(249)) - 78c87700-eed0-40ed-9c83-27d56052797c@group-ADB3C46851E8: shutdown
2020-03-19 17:15:59,411 [main] INFO  util.JmxRegister (JmxRegister.java:unregister(73)) - Successfully un-registered JMX Bean with object name Ratis:service=RaftServer,group=group-ADB3C46851E8,id=78c87700-eed0-40ed-9c83-27d56052797c
2020-03-19 17:15:59,411 [main] INFO  impl.RoleInfo (RoleInfo.java:shutdownLeaderState(104)) - 78c87700-eed0-40ed-9c83-27d56052797c: shutdown LeaderState
2020-03-19 17:15:59,411 [main] INFO  impl.PendingRequests (PendingRequests.java:sendNotLeaderResponses(240)) - 78c87700-eed0-40ed-9c83-27d56052797c@group-ADB3C46851E8-PendingRequests: sendNotLeaderResponses
2020-03-19 17:15:59,411 [main] INFO  metrics.RatisMetrics (RatisMetrics.java:unregister(46)) - Unregistering Metrics Registry : ratis.log_appender.78c87700-eed0-40ed-9c83-27d56052797c@group-ADB3C46851E8
2020-03-19 17:15:59,411 [main] INFO  impl.StateMachineUpdater (StateMachineUpdater.java:stopAndJoin(139)) - 78c87700-eed0-40ed-9c83-27d56052797c@group-ADB3C46851E8-StateMachineUpdater: set stopIndex = 0
2020-03-19 17:15:59,412 [78c87700-eed0-40ed-9c83-27d56052797c@group-ADB3C46851E8-StateMachineUpdater] INFO  ratis.ContainerStateMachine (ContainerStateMachine.java:takeSnapshot(295)) - group-ADB3C46851E8: Taking a snapshot at:(t:1, i:0) file /github/workspace/hadoop-ozone/integration-test/target/test-dir/MiniOzoneClusterImpl-80293407-04bd-45a8-aeac-96ce148bba0b/datanode-5/data/ratis/da40380c-784a-4929-be66-adb3c46851e8/sm/snapshot.1_0
2020-03-19 17:15:59,413 [78c87700-eed0-40ed-9c83-27d56052797c@group-ADB3C46851E8-StateMachineUpdater] INFO  ratis.ContainerStateMachine (ContainerStateMachine.java:takeSnapshot(306)) - group-ADB3C46851E8: Finished taking a snapshot at:(t:1, i:0) file:/github/workspace/hadoop-ozone/integration-test/target/test-dir/MiniOzoneClusterImpl-80293407-04bd-45a8-aeac-96ce148bba0b/datanode-5/data/ratis/da40380c-784a-4929-be66-adb3c46851e8/sm/snapshot.1_0 time:1
2020-03-19 17:15:59,413 [78c87700-eed0-40ed-9c83-27d56052797c@group-ADB3C46851E8-StateMachineUpdater] INFO  impl.StateMachineUpdater (StateMachineUpdater.java:takeSnapshot(274)) - 78c87700-eed0-40ed-9c83-27d56052797c@group-ADB3C46851E8-StateMachineUpdater: Took a snapshot at index 0
2020-03-19 17:15:59,413 [78c87700-eed0-40ed-9c83-27d56052797c@group-ADB3C46851E8-StateMachineUpdater] INFO  impl.StateMachineUpdater (StateMachineUpdater.java:lambda$new$0(86)) - 78c87700-eed0-40ed-9c83-27d56052797c@group-ADB3C46851E8-StateMachineUpdater: snapshotIndex: updateIncreasingly -1 -> 0
2020-03-19 17:15:59,413 [78c87700-eed0-40ed-9c83-27d56052797c@group-ADB3C46851E8-StateMachineUpdater] INFO  metrics.RatisMetrics (RatisMetrics.java:unregister(46)) - Unregistering Metrics Registry : ratis.state_machine.78c87700-eed0-40ed-9c83-27d56052797c@group-ADB3C46851E8
2020-03-19 17:15:59,413 [main] INFO  impl.RaftServerImpl (ServerState.java:close(387)) - 78c87700-eed0-40ed-9c83-27d56052797c@group-ADB3C46851E8: closes. applyIndex: 0
2020-03-19 17:15:59,414 [78c87700-eed0-40ed-9c83-27d56052797c@group-ADB3C46851E8-SegmentedRaftLogWorker] INFO  segmented.SegmentedRaftLogWorker (SegmentedRaftLogWorker.java:run(321)) - 78c87700-eed0-40ed-9c83-27d56052797c@group-ADB3C46851E8-SegmentedRaftLogWorker was interrupted, exiting. There are 0 tasks remaining in the queue.
2020-03-19 17:15:59,415 [main] INFO  segmented.SegmentedRaftLogWorker (SegmentedRaftLogWorker.java:close(229)) - 78c87700-eed0-40ed-9c83-27d56052797c@group-ADB3C46851E8-SegmentedRaftLogWorker close()
2020-03-19 17:15:59,417 [main] INFO  metrics.RatisMetrics (RatisMetrics.java:unregister(46)) - Unregistering Metrics Registry : ratis.log_worker.78c87700-eed0-40ed-9c83-27d56052797c
2020-03-19 17:15:59,418 [main] INFO  metrics.RatisMetrics (RatisMetrics.java:unregister(46)) - Unregistering Metrics Registry : ratis.leader_election.78c87700-eed0-40ed-9c83-27d56052797c@group-ADB3C46851E8
2020-03-19 17:15:59,418 [main] INFO  metrics.RatisMetrics (RatisMetrics.java:unregister(46)) - Unregistering Metrics Registry : ratis.server.78c87700-eed0-40ed-9c83-27d56052797c@group-ADB3C46851E8
2020-03-19 17:15:59,418 [main] INFO  impl.RaftServerImpl (RaftServerImpl.java:lambda$shutdown$3(249)) - 78c87700-eed0-40ed-9c83-27d56052797c@group-448E1A42821C: shutdown
2020-03-19 17:15:59,418 [main] INFO  util.JmxRegister (JmxRegister.java:unregister(73)) - Successfully un-registered JMX Bean with object name Ratis:service=RaftServer,group=group-448E1A42821C,id=78c87700-eed0-40ed-9c83-27d56052797c
2020-03-19 17:15:59,419 [main] INFO  impl.RoleInfo (RoleInfo.java:shutdownLeaderState(104)) - 78c87700-eed0-40ed-9c83-27d56052797c: shutdown LeaderState
2020-03-19 17:15:59,419 [org.apache.ratis.server.impl.LogAppender$AppenderDaemon$$Lambda$438/950258833@765f5468] WARN  server.GrpcLogAppender (GrpcLogAppender.java:mayWait(153)) - 78c87700-eed0-40ed-9c83-27d56052797c@group-448E1A42821C->665f80ed-020a-4994-95dd-47071b79dcbc-GrpcLogAppender: Wait interrupted by java.lang.InterruptedException
2020-03-19 17:15:59,420 [org.apache.ratis.server.impl.LogAppender$AppenderDaemon$$Lambda$438/950258833@2c06038a] WARN  server.GrpcLogAppender (GrpcLogAppender.java:mayWait(153)) - 78c87700-eed0-40ed-9c83-27d56052797c@group-448E1A42821C->7e69d50e-0a54-4234-a642-c3092d47dbb5-GrpcLogAppender: Wait interrupted by java.lang.InterruptedException
2020-03-19 17:15:59,421 [main] INFO  impl.PendingRequests (PendingRequests.java:sendNotLeaderResponses(240)) - 78c87700-eed0-40ed-9c83-27d56052797c@group-448E1A42821C-PendingRequests: sendNotLeaderResponses
2020-03-19 17:15:59,421 [grpc-default-executor-9] INFO  server.GrpcServerProtocolService (GrpcServerProtocolService.java:onCompleted(137)) - 7e69d50e-0a54-4234-a642-c3092d47dbb5: Completed APPEND_ENTRIES, lastRequest: 78c87700-eed0-40ed-9c83-27d56052797c->7e69d50e-0a54-4234-a642-c3092d47dbb5#5-t3, previous=(t:3, i:3), leaderCommit=2, initializing? false, entries: size=1, first=(t:3, i:4), METADATAENTRY(c:2)
2020-03-19 17:15:59,421 [grpc-default-executor-6] INFO  server.GrpcLogAppender (GrpcLogAppender.java:onCompleted(308)) - 78c87700-eed0-40ed-9c83-27d56052797c@group-448E1A42821C->7e69d50e-0a54-4234-a642-c3092d47dbb5-AppendLogResponseHandler: follower responses appendEntries COMPLETED
2020-03-19 17:15:59,422 [grpc-default-executor-6] INFO  impl.FollowerInfo (FollowerInfo.java:lambda$new$0(50)) - 78c87700-eed0-40ed-9c83-27d56052797c@group-448E1A42821C->7e69d50e-0a54-4234-a642-c3092d47dbb5: nextIndex: updateUnconditionally 5 -> 4
2020-03-19 17:15:59,421 [grpc-default-executor-3] INFO  server.GrpcServerProtocolService (GrpcServerProtocolService.java:onCompleted(137)) - 665f80ed-020a-4994-95dd-47071b79dcbc: Completed APPEND_ENTRIES, lastRequest: 78c87700-eed0-40ed-9c83-27d56052797c->665f80ed-020a-4994-95dd-47071b79dcbc#5-t3, previous=(t:3, i:3), leaderCommit=2, initializing? false, entries: size=1, first=(t:3, i:4), METADATAENTRY(c:2)
2020-03-19 17:15:59,424 [grpc-default-executor-6] INFO  server.GrpcLogAppender (GrpcLogAppender.java:onCompleted(308)) - 78c87700-eed0-40ed-9c83-27d56052797c@group-448E1A42821C->665f80ed-020a-4994-95dd-47071b79dcbc-AppendLogResponseHandler: follower responses appendEntries COMPLETED
2020-03-19 17:15:59,426 [grpc-default-executor-6] INFO  impl.FollowerInfo (FollowerInfo.java:lambda$new$0(50)) - 78c87700-eed0-40ed-9c83-27d56052797c@group-448E1A42821C->665f80ed-020a-4994-95dd-47071b79dcbc: nextIndex: updateUnconditionally 5 -> 4
2020-03-19 17:15:59,427 [main] INFO  metrics.RatisMetrics (RatisMetrics.java:unregister(46)) - Unregistering Metrics Registry : ratis.log_appender.78c87700-eed0-40ed-9c83-27d56052797c@group-448E1A42821C
2020-03-19 17:15:59,427 [78c87700-eed0-40ed-9c83-27d56052797c@group-448E1A42821C-StateMachineUpdater] INFO  ratis.ContainerStateMachine (ContainerStateMachine.java:takeSnapshot(295)) - group-448E1A42821C: Taking a snapshot at:(t:3, i:4) file /github/workspace/hadoop-ozone/integration-test/target/test-dir/MiniOzoneClusterImpl-80293407-04bd-45a8-aeac-96ce148bba0b/datanode-5/data/ratis/d7c22a97-1ee9-48ff-8c2f-448e1a42821c/sm/snapshot.3_4
2020-03-19 17:15:59,427 [main] INFO  impl.StateMachineUpdater (StateMachineUpdater.java:stopAndJoin(139)) - 78c87700-eed0-40ed-9c83-27d56052797c@group-448E1A42821C-StateMachineUpdater: set stopIndex = 4
2020-03-19 17:15:59,429 [78c87700-eed0-40ed-9c83-27d56052797c@group-448E1A42821C-StateMachineUpdater] INFO  ratis.ContainerStateMachine (ContainerStateMachine.java:takeSnapshot(306)) - group-448E1A42821C: Finished taking a snapshot at:(t:3, i:4) file:/github/workspace/hadoop-ozone/integration-test/target/test-dir/MiniOzoneClusterImpl-80293407-04bd-45a8-aeac-96ce148bba0b/datanode-5/data/ratis/d7c22a97-1ee9-48ff-8c2f-448e1a42821c/sm/snapshot.3_4 time:2
2020-03-19 17:15:59,429 [78c87700-eed0-40ed-9c83-27d56052797c@group-448E1A42821C-StateMachineUpdater] INFO  impl.StateMachineUpdater (StateMachineUpdater.java:takeSnapshot(274)) - 78c87700-eed0-40ed-9c83-27d56052797c@group-448E1A42821C-StateMachineUpdater: Took a snapshot at index 4
2020-03-19 17:15:59,429 [78c87700-eed0-40ed-9c83-27d56052797c@group-448E1A42821C-StateMachineUpdater] INFO  impl.StateMachineUpdater (StateMachineUpdater.java:lambda$new$0(86)) - 78c87700-eed0-40ed-9c83-27d56052797c@group-448E1A42821C-StateMachineUpdater: snapshotIndex: updateIncreasingly -1 -> 4
2020-03-19 17:15:59,429 [78c87700-eed0-40ed-9c83-27d56052797c@group-448E1A42821C-StateMachineUpdater] INFO  metrics.RatisMetrics (RatisMetrics.java:unregister(46)) - Unregistering Metrics Registry : ratis.state_machine.78c87700-eed0-40ed-9c83-27d56052797c@group-448E1A42821C
2020-03-19 17:15:59,429 [main] INFO  impl.RaftServerImpl (ServerState.java:close(387)) - 78c87700-eed0-40ed-9c83-27d56052797c@group-448E1A42821C: closes. applyIndex: 4
2020-03-19 17:15:59,430 [78c87700-eed0-40ed-9c83-27d56052797c@group-448E1A42821C-SegmentedRaftLogWorker] INFO  segmented.SegmentedRaftLogWorker (SegmentedRaftLogWorker.java:run(321)) - 78c87700-eed0-40ed-9c83-27d56052797c@group-448E1A42821C-SegmentedRaftLogWorker was interrupted, exiting. There are 0 tasks remaining in the queue.
2020-03-19 17:15:59,431 [main] INFO  segmented.SegmentedRaftLogWorker (SegmentedRaftLogWorker.java:close(229)) - 78c87700-eed0-40ed-9c83-27d56052797c@group-448E1A42821C-SegmentedRaftLogWorker close()
2020-03-19 17:15:59,432 [main] INFO  metrics.RatisMetrics (RatisMetrics.java:unregister(46)) - Unregistering Metrics Registry : ratis.log_worker.78c87700-eed0-40ed-9c83-27d56052797c
2020-03-19 17:15:59,432 [main] INFO  metrics.RatisMetrics (RatisMetrics.java:unregister(46)) - Unregistering Metrics Registry : ratis.leader_election.78c87700-eed0-40ed-9c83-27d56052797c@group-448E1A42821C
2020-03-19 17:15:59,432 [main] INFO  metrics.RatisMetrics (RatisMetrics.java:unregister(46)) - Unregistering Metrics Registry : ratis.server.78c87700-eed0-40ed-9c83-27d56052797c@group-448E1A42821C
2020-03-19 17:15:59,432 [main] INFO  server.GrpcService (GrpcService.java:closeImpl(164)) - 78c87700-eed0-40ed-9c83-27d56052797c: shutdown server with port 42939 now
2020-03-19 17:15:59,433 [main] INFO  server.GrpcService (GrpcService.java:closeImpl(172)) - 78c87700-eed0-40ed-9c83-27d56052797c: shutdown server with port 42939 successfully
2020-03-19 17:15:59,446 [main] INFO  utils.BackgroundService (BackgroundService.java:shutdown(157)) - Shutting down service BlockDeletingService
2020-03-19 17:15:59,448 [main] INFO  statemachine.DatanodeStateMachine (DatanodeStateMachine.java:stopDaemon(435)) - Ozone container server stopped.
2020-03-19 17:15:59,449 [main] INFO  handler.ContextHandler (ContextHandler.java:doStop(1016)) - Stopped o.e.j.w.WebAppContext@28b98287{hddsDatanode,/,null,UNAVAILABLE}{jar:file:/home/user/.m2/repository/org/apache/hadoop/hadoop-hdds-container-service/0.5.0-SNAPSHOT/hadoop-hdds-container-service-0.5.0-SNAPSHOT.jar!/webapps/hddsDatanode}
2020-03-19 17:15:59,449 [main] INFO  server.AbstractConnector (AbstractConnector.java:doStop(380)) - Stopped ServerConnector@6dcfcfbb{HTTP/1.1,[http/1.1]}{0.0.0.0:0}
2020-03-19 17:15:59,449 [main] INFO  server.session (HouseKeeper.java:stopScavenging(158)) - node0 Stopped scavenging
2020-03-19 17:15:59,449 [main] INFO  handler.ContextHandler (ContextHandler.java:doStop(1016)) - Stopped o.e.j.s.ServletContextHandler@7479d049{static,/static,jar:file:/home/user/.m2/repository/org/apache/hadoop/hadoop-hdds-container-service/0.5.0-SNAPSHOT/hadoop-hdds-container-service-0.5.0-SNAPSHOT.jar!/webapps/static,UNAVAILABLE}
2020-03-19 17:15:59,449 [main] INFO  handler.ContextHandler (ContextHandler.java:doStop(1016)) - Stopped o.e.j.s.ServletContextHandler@7f9d8cd8{logs,/logs,file:///github/workspace/hadoop-ozone/integration-test/target/log,UNAVAILABLE}
2020-03-19 17:16:00,906 [Thread-3337] INFO  impl.FollowerState (FollowerState.java:run(108)) - 665f80ed-020a-4994-95dd-47071b79dcbc@group-448E1A42821C-FollowerState: change to CANDIDATE, lastRpcTime:1515ms, electionTimeout:1151ms
2020-03-19 17:16:00,906 [Thread-3337] INFO  impl.RoleInfo (RoleInfo.java:shutdownFollowerState(121)) - 665f80ed-020a-4994-95dd-47071b79dcbc: shutdown FollowerState
2020-03-19 17:16:00,906 [Thread-3337] INFO  impl.RaftServerImpl (RaftServerImpl.java:setRole(172)) - 665f80ed-020a-4994-95dd-47071b79dcbc@group-448E1A42821C: changes role from  FOLLOWER to CANDIDATE at term 3 for changeToCandidate
2020-03-19 17:16:00,906 [Thread-3337] INFO  impl.RoleInfo (RoleInfo.java:updateAndGet(143)) - 665f80ed-020a-4994-95dd-47071b79dcbc: start LeaderElection
2020-03-19 17:16:00,908 [665f80ed-020a-4994-95dd-47071b79dcbc@group-448E1A42821C-LeaderElection129] INFO  impl.RaftServerImpl (ServerState.java:setLeader(255)) - 665f80ed-020a-4994-95dd-47071b79dcbc@group-448E1A42821C: change Leader from 78c87700-eed0-40ed-9c83-27d56052797c to null at term 3 for initElection
2020-03-19 17:16:00,909 [665f80ed-020a-4994-95dd-47071b79dcbc@group-448E1A42821C-LeaderElection129] INFO  impl.LeaderElection (LeaderElection.java:askForVotes(206)) - 665f80ed-020a-4994-95dd-47071b79dcbc@group-448E1A42821C-LeaderElection129: begin an election at term 4 for 0: [78c87700-eed0-40ed-9c83-27d56052797c:172.17.0.2:42939, 665f80ed-020a-4994-95dd-47071b79dcbc:172.17.0.2:33627, 7e69d50e-0a54-4234-a642-c3092d47dbb5:172.17.0.2:37797], old=null
2020-03-19 17:16:00,914 [665f80ed-020a-4994-95dd-47071b79dcbc@group-448E1A42821C-LeaderElection129] INFO  impl.LeaderElection (LogUtils.java:infoOrTrace(137)) - 665f80ed-020a-4994-95dd-47071b79dcbc@group-448E1A42821C-LeaderElection129 got exception when requesting votes: java.util.concurrent.ExecutionException: org.apache.ratis.thirdparty.io.grpc.StatusRuntimeException: UNAVAILABLE: io exception
2020-03-19 17:16:00,917 [grpc-default-executor-6] INFO  impl.RaftServerImpl (ServerState.java:setLeader(255)) - 7e69d50e-0a54-4234-a642-c3092d47dbb5@group-448E1A42821C: change Leader from 78c87700-eed0-40ed-9c83-27d56052797c to null at term 4 for updateCurrentTerm
2020-03-19 17:16:00,917 [grpc-default-executor-6] INFO  impl.RaftServerImpl (RaftServerImpl.java:setRole(172)) - 7e69d50e-0a54-4234-a642-c3092d47dbb5@group-448E1A42821C: changes role from  FOLLOWER to FOLLOWER at term 4 for recognizeCandidate:665f80ed-020a-4994-95dd-47071b79dcbc
2020-03-19 17:16:00,917 [grpc-default-executor-6] INFO  impl.RoleInfo (RoleInfo.java:shutdownFollowerState(121)) - 7e69d50e-0a54-4234-a642-c3092d47dbb5: shutdown FollowerState
2020-03-19 17:16:00,917 [grpc-default-executor-6] INFO  impl.RoleInfo (RoleInfo.java:updateAndGet(143)) - 7e69d50e-0a54-4234-a642-c3092d47dbb5: start FollowerState
2020-03-19 17:16:00,917 [Thread-3335] INFO  impl.FollowerState (FollowerState.java:run(117)) - 7e69d50e-0a54-4234-a642-c3092d47dbb5@group-448E1A42821C-FollowerState was interrupted: java.lang.InterruptedException: sleep interrupted
2020-03-19 17:16:00,919 [665f80ed-020a-4994-95dd-47071b79dcbc@group-448E1A42821C-LeaderElection129] INFO  impl.LeaderElection (LeaderElection.java:logAndReturn(61)) - 665f80ed-020a-4994-95dd-47071b79dcbc@group-448E1A42821C-LeaderElection129: Election PASSED; received 1 response(s) [665f80ed-020a-4994-95dd-47071b79dcbc<-7e69d50e-0a54-4234-a642-c3092d47dbb5#0:OK-t4] and 1 exception(s); 665f80ed-020a-4994-95dd-47071b79dcbc@group-448E1A42821C:t4, leader=null, voted=665f80ed-020a-4994-95dd-47071b79dcbc, raftlog=665f80ed-020a-4994-95dd-47071b79dcbc@group-448E1A42821C-SegmentedRaftLog:OPENED:c4,f4,i4, conf=0: [78c87700-eed0-40ed-9c83-27d56052797c:172.17.0.2:42939, 665f80ed-020a-4994-95dd-47071b79dcbc:172.17.0.2:33627, 7e69d50e-0a54-4234-a642-c3092d47dbb5:172.17.0.2:37797], old=null
2020-03-19 17:16:00,919 [665f80ed-020a-4994-95dd-47071b79dcbc@group-448E1A42821C-LeaderElection129] INFO  impl.LeaderElection (LogUtils.java:infoOrTrace(137)) -   Exception 0: java.util.concurrent.ExecutionException: org.apache.ratis.thirdparty.io.grpc.StatusRuntimeException: UNAVAILABLE: io exception
2020-03-19 17:16:00,919 [665f80ed-020a-4994-95dd-47071b79dcbc@group-448E1A42821C-LeaderElection129] INFO  impl.RoleInfo (RoleInfo.java:shutdownLeaderElection(134)) - 665f80ed-020a-4994-95dd-47071b79dcbc: shutdown LeaderElection
2020-03-19 17:16:00,919 [665f80ed-020a-4994-95dd-47071b79dcbc@group-448E1A42821C-LeaderElection129] INFO  impl.RaftServerImpl (RaftServerImpl.java:setRole(172)) - 665f80ed-020a-4994-95dd-47071b79dcbc@group-448E1A42821C: changes role from CANDIDATE to LEADER at term 4 for changeToLeader
2020-03-19 17:16:00,919 [665f80ed-020a-4994-95dd-47071b79dcbc@group-448E1A42821C-LeaderElection129] INFO  ratis.XceiverServerRatis (XceiverServerRatis.java:handleLeaderChangedNotification(739)) - Leader change notification received for group: group-448E1A42821C with new leaderId: 665f80ed-020a-4994-95dd-47071b79dcbc
2020-03-19 17:16:00,920 [665f80ed-020a-4994-95dd-47071b79dcbc@group-448E1A42821C-LeaderElection129] INFO  impl.RaftServerImpl (ServerState.java:setLeader(255)) - 665f80ed-020a-4994-95dd-47071b79dcbc@group-448E1A42821C: change Leader from null to 665f80ed-020a-4994-95dd-47071b79dcbc at term 4 for becomeLeader, leader elected after 11ms
2020-03-19 17:16:00,920 [665f80ed-020a-4994-95dd-47071b79dcbc@group-448E1A42821C-LeaderElection129] INFO  server.RaftServerConfigKeys (ConfUtils.java:logGet(43)) - raft.server.staging.catchup.gap = 1000 (default)
2020-03-19 17:16:00,920 [665f80ed-020a-4994-95dd-47071b79dcbc@group-448E1A42821C-LeaderElection129] INFO  server.RaftServerConfigKeys (ConfUtils.java:logGet(43)) - raft.server.rpc.sleep.time = 25ms (default)
2020-03-19 17:16:00,920 [665f80ed-020a-4994-95dd-47071b79dcbc@group-448E1A42821C-LeaderElection129] INFO  metrics.RatisMetrics (RatisMetrics.java:lambda$create$0(39)) - Creating Metrics Registry : ratis.log_appender.665f80ed-020a-4994-95dd-47071b79dcbc@group-448E1A42821C
2020-03-19 17:16:00,920 [665f80ed-020a-4994-95dd-47071b79dcbc@group-448E1A42821C-LeaderElection129] INFO  server.RaftServerConfigKeys (ConfUtils.java:logGet(43)) - raft.server.write.element-limit = 1024 (custom)
2020-03-19 17:16:00,920 [665f80ed-020a-4994-95dd-47071b79dcbc@group-448E1A42821C-LeaderElection129] INFO  server.RaftServerConfigKeys (ConfUtils.java:logGet(43)) - raft.server.write.byte-limit = 1073741824 (custom)
2020-03-19 17:16:00,920 [665f80ed-020a-4994-95dd-47071b79dcbc@group-448E1A42821C-LeaderElection129] INFO  server.RaftServerConfigKeys (ConfUtils.java:logGet(43)) - raft.server.watch.timeout = 3s (custom)
2020-03-19 17:16:00,920 [665f80ed-020a-4994-95dd-47071b79dcbc@group-448E1A42821C-LeaderElection129] INFO  server.RaftServerConfigKeys (ConfUtils.java:logGet(43)) - raft.server.watch.timeout.denomination = 1s (default)
2020-03-19 17:16:00,920 [665f80ed-020a-4994-95dd-47071b79dcbc@group-448E1A42821C-LeaderElection129] INFO  server.RaftServerConfigKeys (ConfUtils.java:logGet(43)) - raft.server.watch.element-limit = 65536 (default)
2020-03-19 17:16:00,920 [665f80ed-020a-4994-95dd-47071b79dcbc@group-448E1A42821C-LeaderElection129] INFO  server.RaftServerConfigKeys (ConfUtils.java:logGet(43)) - raft.server.log.appender.snapshot.chunk.size.max = 16MB (=16777216) (default)
2020-03-19 17:16:00,920 [665f80ed-020a-4994-95dd-47071b79dcbc@group-448E1A42821C-LeaderElection129] INFO  server.RaftServerConfigKeys (ConfUtils.java:logGet(43)) - raft.server.log.appender.buffer.byte-limit = 33554432 (custom)
2020-03-19 17:16:00,920 [665f80ed-020a-4994-95dd-47071b79dcbc@group-448E1A42821C-LeaderElection129] INFO  server.RaftServerConfigKeys (ConfUtils.java:logGet(43)) - raft.server.log.appender.buffer.element-limit = 1 (custom)
2020-03-19 17:16:00,920 [665f80ed-020a-4994-95dd-47071b79dcbc@group-448E1A42821C-LeaderElection129] INFO  grpc.GrpcConfigKeys$Server (ConfUtils.java:logGet(43)) - raft.grpc.server.leader.outstanding.appends.max = 128 (default)
2020-03-19 17:16:00,920 [665f80ed-020a-4994-95dd-47071b79dcbc@group-448E1A42821C-LeaderElection129] INFO  server.RaftServerConfigKeys (ConfUtils.java:logGet(43)) - raft.server.rpc.request.timeout = 3s (default)
2020-03-19 17:16:00,921 [665f80ed-020a-4994-95dd-47071b79dcbc@group-448E1A42821C-LeaderElection129] INFO  server.RaftServerConfigKeys (ConfUtils.java:logGet(43)) - raft.server.log.appender.install.snapshot.enabled = false (custom)
2020-03-19 17:16:00,921 [665f80ed-020a-4994-95dd-47071b79dcbc@group-448E1A42821C-LeaderElection129] INFO  server.RaftServerConfigKeys (ConfUtils.java:logGet(43)) - raft.server.log.appender.snapshot.chunk.size.max = 16MB (=16777216) (default)
2020-03-19 17:16:00,922 [665f80ed-020a-4994-95dd-47071b79dcbc@group-448E1A42821C-LeaderElection129] INFO  server.RaftServerConfigKeys (ConfUtils.java:logGet(43)) - raft.server.log.appender.buffer.byte-limit = 33554432 (custom)
2020-03-19 17:16:00,922 [665f80ed-020a-4994-95dd-47071b79dcbc@group-448E1A42821C-LeaderElection129] INFO  server.RaftServerConfigKeys (ConfUtils.java:logGet(43)) - raft.server.log.appender.buffer.element-limit = 1 (custom)
2020-03-19 17:16:00,922 [665f80ed-020a-4994-95dd-47071b79dcbc@group-448E1A42821C-LeaderElection129] INFO  grpc.GrpcConfigKeys$Server (ConfUtils.java:logGet(43)) - raft.grpc.server.leader.outstanding.appends.max = 128 (default)
2020-03-19 17:16:00,922 [665f80ed-020a-4994-95dd-47071b79dcbc@group-448E1A42821C-LeaderElection129] INFO  server.RaftServerConfigKeys (ConfUtils.java:logGet(43)) - raft.server.rpc.request.timeout = 3s (default)
2020-03-19 17:16:00,922 [665f80ed-020a-4994-95dd-47071b79dcbc@group-448E1A42821C-LeaderElection129] INFO  server.RaftServerConfigKeys (ConfUtils.java:logGet(43)) - raft.server.log.appender.install.snapshot.enabled = false (custom)
2020-03-19 17:16:00,923 [665f80ed-020a-4994-95dd-47071b79dcbc@group-448E1A42821C-LeaderElection129] INFO  impl.RoleInfo (RoleInfo.java:updateAndGet(143)) - 665f80ed-020a-4994-95dd-47071b79dcbc: start LeaderState
2020-03-19 17:16:00,923 [665f80ed-020a-4994-95dd-47071b79dcbc@group-448E1A42821C-LeaderElection129] INFO  segmented.SegmentedRaftLogWorker (SegmentedRaftLogWorker.java:rollLogSegment(396)) - 665f80ed-020a-4994-95dd-47071b79dcbc@group-448E1A42821C-SegmentedRaftLogWorker: Rolling segment log-0_4 to index:4
2020-03-19 17:16:00,924 [665f80ed-020a-4994-95dd-47071b79dcbc@group-448E1A42821C-SegmentedRaftLogWorker] INFO  segmented.SegmentedRaftLogWorker (SegmentedRaftLogWorker.java:execute(541)) - 665f80ed-020a-4994-95dd-47071b79dcbc@group-448E1A42821C-SegmentedRaftLogWorker: Rolled log segment from /github/workspace/hadoop-ozone/integration-test/target/test-dir/MiniOzoneClusterImpl-80293407-04bd-45a8-aeac-96ce148bba0b/datanode-3/data/ratis/d7c22a97-1ee9-48ff-8c2f-448e1a42821c/current/log_inprogress_0 to /github/workspace/hadoop-ozone/integration-test/target/test-dir/MiniOzoneClusterImpl-80293407-04bd-45a8-aeac-96ce148bba0b/datanode-3/data/ratis/d7c22a97-1ee9-48ff-8c2f-448e1a42821c/current/log_0-4
2020-03-19 17:16:00,937 [665f80ed-020a-4994-95dd-47071b79dcbc@group-448E1A42821C-SegmentedRaftLogWorker] INFO  segmented.SegmentedRaftLogWorker (SegmentedRaftLogWorker.java:execute(583)) - 665f80ed-020a-4994-95dd-47071b79dcbc@group-448E1A42821C-SegmentedRaftLogWorker: created new log segment /github/workspace/hadoop-ozone/integration-test/target/test-dir/MiniOzoneClusterImpl-80293407-04bd-45a8-aeac-96ce148bba0b/datanode-3/data/ratis/d7c22a97-1ee9-48ff-8c2f-448e1a42821c/current/log_inprogress_5
2020-03-19 17:16:00,939 [grpc-default-executor-6] WARN  server.GrpcLogAppender (LogUtils.java:warn(122)) - 665f80ed-020a-4994-95dd-47071b79dcbc@group-448E1A42821C->78c87700-eed0-40ed-9c83-27d56052797c-AppendLogResponseHandler: Failed appendEntries: org.apache.ratis.thirdparty.io.grpc.StatusRuntimeException: UNAVAILABLE: io exception
2020-03-19 17:16:00,939 [665f80ed-020a-4994-95dd-47071b79dcbc@group-448E1A42821C-LeaderElection129] INFO  impl.RaftServerImpl (ServerState.java:setRaftConf(356)) - 665f80ed-020a-4994-95dd-47071b79dcbc@group-448E1A42821C: set configuration 5: [78c87700-eed0-40ed-9c83-27d56052797c:172.17.0.2:42939, 665f80ed-020a-4994-95dd-47071b79dcbc:172.17.0.2:33627, 7e69d50e-0a54-4234-a642-c3092d47dbb5:172.17.0.2:37797], old=null at 5
2020-03-19 17:16:00,941 [grpc-default-executor-6] INFO  impl.FollowerInfo (FollowerInfo.java:lambda$new$0(50)) - 665f80ed-020a-4994-95dd-47071b79dcbc@group-448E1A42821C->78c87700-eed0-40ed-9c83-27d56052797c: nextIndex: updateUnconditionally 6 -> 1
2020-03-19 17:16:00,942 [grpc-default-executor-3] INFO  ratis.XceiverServerRatis (XceiverServerRatis.java:handleLeaderChangedNotification(739)) - Leader change notification received for group: group-448E1A42821C with new leaderId: 665f80ed-020a-4994-95dd-47071b79dcbc
2020-03-19 17:16:00,942 [grpc-default-executor-3] INFO  impl.RaftServerImpl (ServerState.java:setLeader(255)) - 7e69d50e-0a54-4234-a642-c3092d47dbb5@group-448E1A42821C: change Leader from null to 665f80ed-020a-4994-95dd-47071b79dcbc at term 4 for appendEntries, leader elected after 25ms
2020-03-19 17:16:00,945 [grpc-default-executor-3] INFO  impl.RaftServerImpl (ServerState.java:setRaftConf(356)) - 7e69d50e-0a54-4234-a642-c3092d47dbb5@group-448E1A42821C: set configuration 5: [78c87700-eed0-40ed-9c83-27d56052797c:172.17.0.2:42939, 665f80ed-020a-4994-95dd-47071b79dcbc:172.17.0.2:33627, 7e69d50e-0a54-4234-a642-c3092d47dbb5:172.17.0.2:37797], old=null at 5
2020-03-19 17:16:00,945 [grpc-default-executor-3] INFO  segmented.SegmentedRaftLogWorker (SegmentedRaftLogWorker.java:rollLogSegment(396)) - 7e69d50e-0a54-4234-a642-c3092d47dbb5@group-448E1A42821C-SegmentedRaftLogWorker: Rolling segment log-0_4 to index:4
2020-03-19 17:16:00,945 [7e69d50e-0a54-4234-a642-c3092d47dbb5@group-448E1A42821C-SegmentedRaftLogWorker] INFO  segmented.SegmentedRaftLogWorker (SegmentedRaftLogWorker.java:execute(541)) - 7e69d50e-0a54-4234-a642-c3092d47dbb5@group-448E1A42821C-SegmentedRaftLogWorker: Rolled log segment from /github/workspace/hadoop-ozone/integration-test/target/test-dir/MiniOzoneClusterImpl-80293407-04bd-45a8-aeac-96ce148bba0b/datanode-4/data/ratis/d7c22a97-1ee9-48ff-8c2f-448e1a42821c/current/log_inprogress_0 to /github/workspace/hadoop-ozone/integration-test/target/test-dir/MiniOzoneClusterImpl-80293407-04bd-45a8-aeac-96ce148bba0b/datanode-4/data/ratis/d7c22a97-1ee9-48ff-8c2f-448e1a42821c/current/log_0-4
2020-03-19 17:16:00,946 [7e69d50e-0a54-4234-a642-c3092d47dbb5@group-448E1A42821C-SegmentedRaftLogWorker] INFO  segmented.SegmentedRaftLogWorker (SegmentedRaftLogWorker.java:execute(583)) - 7e69d50e-0a54-4234-a642-c3092d47dbb5@group-448E1A42821C-SegmentedRaftLogWorker: created new log segment /github/workspace/hadoop-ozone/integration-test/target/test-dir/MiniOzoneClusterImpl-80293407-04bd-45a8-aeac-96ce148bba0b/datanode-4/data/ratis/d7c22a97-1ee9-48ff-8c2f-448e1a42821c/current/log_inprogress_5
2020-03-19 17:16:01,442 [grpc-default-executor-6] WARN  server.GrpcLogAppender (LogUtils.java:warn(122)) - 665f80ed-020a-4994-95dd-47071b79dcbc@group-448E1A42821C->78c87700-eed0-40ed-9c83-27d56052797c-AppendLogResponseHandler: Failed appendEntries: org.apache.ratis.thirdparty.io.grpc.StatusRuntimeException: UNAVAILABLE: io exception
2020-03-19 17:16:01,443 [grpc-default-executor-6] INFO  impl.FollowerInfo (FollowerInfo.java:lambda$new$0(50)) - 665f80ed-020a-4994-95dd-47071b79dcbc@group-448E1A42821C->78c87700-eed0-40ed-9c83-27d56052797c: nextIndex: updateUnconditionally 2 -> 1
2020-03-19 17:16:01,944 [grpc-default-executor-6] WARN  server.GrpcLogAppender (LogUtils.java:warn(122)) - 665f80ed-020a-4994-95dd-47071b79dcbc@group-448E1A42821C->78c87700-eed0-40ed-9c83-27d56052797c-AppendLogResponseHandler: Failed appendEntries: org.apache.ratis.thirdparty.io.grpc.StatusRuntimeException: UNAVAILABLE: io exception
2020-03-19 17:16:01,944 [grpc-default-executor-6] INFO  impl.FollowerInfo (FollowerInfo.java:lambda$new$0(50)) - 665f80ed-020a-4994-95dd-47071b79dcbc@group-448E1A42821C->78c87700-eed0-40ed-9c83-27d56052797c: nextIndex: updateUnconditionally 2 -> 1
2020-03-19 17:16:02,447 [grpc-default-executor-3] WARN  server.GrpcLogAppender (LogUtils.java:warn(122)) - 665f80ed-020a-4994-95dd-47071b79dcbc@group-448E1A42821C->78c87700-eed0-40ed-9c83-27d56052797c-AppendLogResponseHandler: Failed appendEntries: org.apache.ratis.thirdparty.io.grpc.StatusRuntimeException: UNAVAILABLE: io exception
2020-03-19 17:16:02,447 [grpc-default-executor-3] INFO  impl.FollowerInfo (FollowerInfo.java:lambda$new$0(50)) - 665f80ed-020a-4994-95dd-47071b79dcbc@group-448E1A42821C->78c87700-eed0-40ed-9c83-27d56052797c: nextIndex: updateUnconditionally 2 -> 1
2020-03-19 17:16:02,949 [grpc-default-executor-6] WARN  server.GrpcLogAppender (LogUtils.java:warn(122)) - 665f80ed-020a-4994-95dd-47071b79dcbc@group-448E1A42821C->78c87700-eed0-40ed-9c83-27d56052797c-AppendLogResponseHandler: Failed appendEntries: org.apache.ratis.thirdparty.io.grpc.StatusRuntimeException: UNAVAILABLE: io exception
2020-03-19 17:16:02,950 [grpc-default-executor-6] INFO  impl.FollowerInfo (FollowerInfo.java:lambda$new$0(50)) - 665f80ed-020a-4994-95dd-47071b79dcbc@group-448E1A42821C->78c87700-eed0-40ed-9c83-27d56052797c: nextIndex: updateUnconditionally 2 -> 1
2020-03-19 17:16:03,452 [grpc-default-executor-3] WARN  server.GrpcLogAppender (LogUtils.java:warn(122)) - 665f80ed-020a-4994-95dd-47071b79dcbc@group-448E1A42821C->78c87700-eed0-40ed-9c83-27d56052797c-AppendLogResponseHandler: Failed appendEntries: org.apache.ratis.thirdparty.io.grpc.StatusRuntimeException: UNAVAILABLE: io exception
2020-03-19 17:16:03,453 [grpc-default-executor-3] INFO  impl.FollowerInfo (FollowerInfo.java:lambda$new$0(50)) - 665f80ed-020a-4994-95dd-47071b79dcbc@group-448E1A42821C->78c87700-eed0-40ed-9c83-27d56052797c: nextIndex: updateUnconditionally 2 -> 1
2020-03-19 17:16:03,943 [java.util.concurrent.ThreadPoolExecutor$Worker@51297efd[State = -1, empty queue]] WARN  server.GrpcLogAppender (GrpcLogAppender.java:timeoutAppendRequest(212)) - 665f80ed-020a-4994-95dd-47071b79dcbc@group-448E1A42821C->7e69d50e-0a54-4234-a642-c3092d47dbb5-GrpcLogAppender:  appendEntries Timeout, request=AppendEntriesRequest:cid=1,entriesCount=1,lastEntry=(t:4, i:5)
2020-03-19 17:16:03,955 [grpc-default-executor-3] WARN  server.GrpcLogAppender (LogUtils.java:warn(122)) - 665f80ed-020a-4994-95dd-47071b79dcbc@group-448E1A42821C->78c87700-eed0-40ed-9c83-27d56052797c-AppendLogResponseHandler: Failed appendEntries: org.apache.ratis.thirdparty.io.grpc.StatusRuntimeException: UNAVAILABLE: io exception
2020-03-19 17:16:03,956 [grpc-default-executor-3] INFO  impl.FollowerInfo (FollowerInfo.java:lambda$new$0(50)) - 665f80ed-020a-4994-95dd-47071b79dcbc@group-448E1A42821C->78c87700-eed0-40ed-9c83-27d56052797c: nextIndex: updateUnconditionally 2 -> 1
2020-03-19 17:16:04,457 [grpc-default-executor-3] WARN  server.GrpcLogAppender (LogUtils.java:warn(122)) - 665f80ed-020a-4994-95dd-47071b79dcbc@group-448E1A42821C->78c87700-eed0-40ed-9c83-27d56052797c-AppendLogResponseHandler: Failed appendEntries: org.apache.ratis.thirdparty.io.grpc.StatusRuntimeException: UNAVAILABLE: io exception
2020-03-19 17:16:04,458 [grpc-default-executor-3] INFO  impl.FollowerInfo (FollowerInfo.java:lambda$new$0(50)) - 665f80ed-020a-4994-95dd-47071b79dcbc@group-448E1A42821C->78c87700-eed0-40ed-9c83-27d56052797c: nextIndex: updateUnconditionally 2 -> 1
2020-03-19 17:16:04,961 [grpc-default-executor-3] WARN  server.GrpcLogAppender (LogUtils.java:warn(122)) - 665f80ed-020a-4994-95dd-47071b79dcbc@group-448E1A42821C->78c87700-eed0-40ed-9c83-27d56052797c-AppendLogResponseHandler: Failed appendEntries: org.apache.ratis.thirdparty.io.grpc.StatusRuntimeException: UNAVAILABLE: io exception
2020-03-19 17:16:04,963 [grpc-default-executor-3] INFO  impl.FollowerInfo (FollowerInfo.java:lambda$new$0(50)) - 665f80ed-020a-4994-95dd-47071b79dcbc@group-448E1A42821C->78c87700-eed0-40ed-9c83-27d56052797c: nextIndex: updateUnconditionally 2 -> 1
2020-03-19 17:16:05,466 [grpc-default-executor-6] WARN  server.GrpcLogAppender (LogUtils.java:warn(122)) - 665f80ed-020a-4994-95dd-47071b79dcbc@group-448E1A42821C->78c87700-eed0-40ed-9c83-27d56052797c-AppendLogResponseHandler: Failed appendEntries: org.apache.ratis.thirdparty.io.grpc.StatusRuntimeException: UNAVAILABLE: io exception
2020-03-19 17:16:05,466 [grpc-default-executor-6] INFO  impl.FollowerInfo (FollowerInfo.java:lambda$new$0(50)) - 665f80ed-020a-4994-95dd-47071b79dcbc@group-448E1A42821C->78c87700-eed0-40ed-9c83-27d56052797c: nextIndex: updateUnconditionally 2 -> 1
2020-03-19 17:16:05,968 [grpc-default-executor-6] WARN  server.GrpcLogAppender (LogUtils.java:warn(122)) - 665f80ed-020a-4994-95dd-47071b79dcbc@group-448E1A42821C->78c87700-eed0-40ed-9c83-27d56052797c-AppendLogResponseHandler: Failed appendEntries: org.apache.ratis.thirdparty.io.grpc.StatusRuntimeException: UNAVAILABLE: io exception
2020-03-19 17:16:05,969 [grpc-default-executor-6] INFO  impl.FollowerInfo (FollowerInfo.java:lambda$new$0(50)) - 665f80ed-020a-4994-95dd-47071b79dcbc@group-448E1A42821C->78c87700-eed0-40ed-9c83-27d56052797c: nextIndex: updateUnconditionally 2 -> 1
2020-03-19 17:16:06,470 [grpc-default-executor-9] WARN  server.GrpcLogAppender (LogUtils.java:warn(122)) - 665f80ed-020a-4994-95dd-47071b79dcbc@group-448E1A42821C->78c87700-eed0-40ed-9c83-27d56052797c-AppendLogResponseHandler: Failed appendEntries: org.apache.ratis.thirdparty.io.grpc.StatusRuntimeException: UNAVAILABLE: io exception
2020-03-19 17:16:06,471 [grpc-default-executor-9] INFO  impl.FollowerInfo (FollowerInfo.java:lambda$new$0(50)) - 665f80ed-020a-4994-95dd-47071b79dcbc@group-448E1A42821C->78c87700-eed0-40ed-9c83-27d56052797c: nextIndex: updateUnconditionally 2 -> 1
2020-03-19 17:16:06,561 [main] WARN  io.KeyOutputStream (KeyOutputStream.java:handleException(297)) - Encountered exception java.io.IOException: Unexpected Storage Container Exception: java.util.concurrent.CompletionException: java.util.concurrent.CompletionException: org.apache.ratis.protocol.RaftRetryFailureException: Failed RaftClientRequest:client-9C73E6009ACD->78c87700-eed0-40ed-9c83-27d56052797c@group-448E1A42821C, cid=84, seq=4*, RW, cmdType: WriteChunk
traceID: "4b61bdb0cef2186e:4b61bdb0cef2186e:0:0"
containerID: 1
datanodeUuid: "78c87700-eed0-40ed-9c83-27d56052797c"
writeChunk {
  blockID {
    containerID: 1
    localID: 103850846013030412
    blockCommitSequenceId: 2
  }
  chunkData {
    chunkName: "103850846013030412_chunk_2"
    offset: 1048576
    len: 1048576
    checksumData {
      type: CRC32
      bytesPerChecksum: 1048576
      checksums: "/\rb\356"
    }
  }
}
, data.size=1048576 for 10 attempts with RetryLimited(maxAttempts=10, sleepTime=1000ms) on the pipeline Pipeline[ Id: d7c22a97-1ee9-48ff-8c2f-448e1a42821c, Nodes: 78c87700-eed0-40ed-9c83-27d56052797c{ip: 172.17.0.2, host: e39e15fa19de, networkLocation: /rack1, certSerialId: null}665f80ed-020a-4994-95dd-47071b79dcbc{ip: 172.17.0.2, host: e39e15fa19de, networkLocation: /rack1, certSerialId: null}7e69d50e-0a54-4234-a642-c3092d47dbb5{ip: 172.17.0.2, host: e39e15fa19de, networkLocation: /rack1, certSerialId: null}, Type:RATIS, Factor:THREE, State:OPEN, leaderId:665f80ed-020a-4994-95dd-47071b79dcbc, CreationTimestamp2020-03-19T17:15:48.988Z]. The last committed block length is 1048576, uncommitted data length is 2097152 retry count 0
2020-03-19 17:16:06,561 [main] INFO  io.BlockOutputStreamEntryPool (BlockOutputStreamEntryPool.java:allocateNewBlock(278)) - Allocating block with ExcludeList {datanodes = [], containerIds = [], pipelineIds = [PipelineID=d7c22a97-1ee9-48ff-8c2f-448e1a42821c]}
2020-03-19 17:16:06,973 [grpc-default-executor-6] WARN  server.GrpcLogAppender (LogUtils.java:warn(122)) - 665f80ed-020a-4994-95dd-47071b79dcbc@group-448E1A42821C->78c87700-eed0-40ed-9c83-27d56052797c-AppendLogResponseHandler: Failed appendEntries: org.apache.ratis.thirdparty.io.grpc.StatusRuntimeException: UNAVAILABLE: io exception
2020-03-19 17:16:06,974 [grpc-default-executor-6] INFO  impl.FollowerInfo (FollowerInfo.java:lambda$new$0(50)) - 665f80ed-020a-4994-95dd-47071b79dcbc@group-448E1A42821C->78c87700-eed0-40ed-9c83-27d56052797c: nextIndex: updateUnconditionally 2 -> 1
2020-03-19 17:16:07,171 [main] INFO  ozone.MiniOzoneClusterImpl (MiniOzoneClusterImpl.java:shutdown(387)) - Shutting down the Mini Ozone Cluster
2020-03-19 17:16:07,172 [main] INFO  ozone.MiniOzoneClusterImpl (MiniOzoneClusterImpl.java:stop(402)) - Stopping the Mini Ozone Cluster
2020-03-19 17:16:07,172 [main] INFO  ozone.MiniOzoneClusterImpl (MiniOzoneClusterImpl.java:stopOM(484)) - Stopping the OzoneManager
2020-03-19 17:16:07,172 [main] INFO  ipc.Server (Server.java:stop(3082)) - Stopping server on 46065
2020-03-19 17:16:07,174 [IPC Server listener on 46065] INFO  ipc.Server (Server.java:run(1185)) - Stopping IPC Server listener on 46065
2020-03-19 17:16:07,175 [main] INFO  ratis.OzoneManagerDoubleBuffer (OzoneManagerDoubleBuffer.java:stop(272)) - Stopping OMDoubleBuffer flush thread
2020-03-19 17:16:07,175 [IPC Server Responder] INFO  ipc.Server (Server.java:run(1319)) - Stopping IPC Server Responder
2020-03-19 17:16:07,175 [OMDoubleBufferFlushThread] INFO  ratis.OzoneManagerDoubleBuffer (OzoneManagerDoubleBuffer.java:flushTransactions(206)) - OMDoubleBuffer flush thread OMDoubleBufferFlushThread is interrupted and will exit. OMDoubleBufferFlushThread
2020-03-19 17:16:07,175 [main] INFO  utils.BackgroundService (BackgroundService.java:shutdown(157)) - Shutting down service KeyDeletingService
2020-03-19 17:16:07,176 [main] INFO  handler.ContextHandler (ContextHandler.java:doStop(1016)) - Stopped o.e.j.w.WebAppContext@57c4aa3a{ozoneManager,/,null,UNAVAILABLE}{file:/github/workspace/hadoop-ozone/integration-test/target/test-classes/webapps/ozoneManager}
2020-03-19 17:16:07,176 [main] INFO  server.AbstractConnector (AbstractConnector.java:doStop(380)) - Stopped ServerConnector@5179600b{HTTP/1.1,[http/1.1]}{0.0.0.0:0}
2020-03-19 17:16:07,176 [main] INFO  server.session (HouseKeeper.java:stopScavenging(158)) - node0 Stopped scavenging
2020-03-19 17:16:07,177 [main] INFO  handler.ContextHandler (ContextHandler.java:doStop(1016)) - Stopped o.e.j.s.ServletContextHandler@dc8ad31{static,/static,file:///github/workspace/hadoop-ozone/integration-test/target/test-classes/webapps/static,UNAVAILABLE}
2020-03-19 17:16:07,177 [main] INFO  handler.ContextHandler (ContextHandler.java:doStop(1016)) - Stopped o.e.j.s.ServletContextHandler@78b3d7c6{logs,/logs,file:///github/workspace/hadoop-ozone/integration-test/target/log,UNAVAILABLE}
2020-03-19 17:16:07,183 [main] INFO  ozone.MiniOzoneClusterImpl (MiniOzoneClusterImpl.java:stopDatanodes(461)) - Stopping the HddsDatanodes
2020-03-19 17:16:07,477 [grpc-default-executor-6] WARN  server.GrpcLogAppender (LogUtils.java:warn(122)) - 665f80ed-020a-4994-95dd-47071b79dcbc@group-448E1A42821C->78c87700-eed0-40ed-9c83-27d56052797c-AppendLogResponseHandler: Failed appendEntries: org.apache.ratis.thirdparty.io.grpc.StatusRuntimeException: UNAVAILABLE: io exception
2020-03-19 17:16:07,482 [grpc-default-executor-6] INFO  impl.FollowerInfo (FollowerInfo.java:lambda$new$0(50)) - 665f80ed-020a-4994-95dd-47071b79dcbc@group-448E1A42821C->78c87700-eed0-40ed-9c83-27d56052797c: nextIndex: updateUnconditionally 2 -> 1
2020-03-19 17:16:07,622 [Datanode State Machine Thread - 0] INFO  statemachine.DatanodeStateMachine (DatanodeStateMachine.java:lambda$startDaemon$0(387)) - Ozone container server started.
2020-03-19 17:16:07,979 [grpc-default-executor-6] WARN  server.GrpcLogAppender (LogUtils.java:warn(122)) - 665f80ed-020a-4994-95dd-47071b79dcbc@group-448E1A42821C->78c87700-eed0-40ed-9c83-27d56052797c-AppendLogResponseHandler: Failed appendEntries: org.apache.ratis.thirdparty.io.grpc.StatusRuntimeException: UNAVAILABLE: io exception
2020-03-19 17:16:07,981 [grpc-default-executor-6] INFO  impl.FollowerInfo (FollowerInfo.java:lambda$new$0(50)) - 665f80ed-020a-4994-95dd-47071b79dcbc@group-448E1A42821C->78c87700-eed0-40ed-9c83-27d56052797c: nextIndex: updateUnconditionally 2 -> 1
2020-03-19 17:16:08,181 [Datanode State Machine Thread - 0] INFO  statemachine.DatanodeStateMachine (DatanodeStateMachine.java:lambda$startDaemon$0(387)) - Ozone container server started.
2020-03-19 17:16:08,483 [grpc-default-executor-6] WARN  server.GrpcLogAppender (LogUtils.java:warn(122)) - 665f80ed-020a-4994-95dd-47071b79dcbc@group-448E1A42821C->78c87700-eed0-40ed-9c83-27d56052797c-AppendLogResponseHandler: Failed appendEntries: org.apache.ratis.thirdparty.io.grpc.StatusRuntimeException: UNAVAILABLE: io exception
2020-03-19 17:16:08,483 [grpc-default-executor-6] INFO  impl.FollowerInfo (FollowerInfo.java:lambda$new$0(50)) - 665f80ed-020a-4994-95dd-47071b79dcbc@group-448E1A42821C->78c87700-eed0-40ed-9c83-27d56052797c: nextIndex: updateUnconditionally 2 -> 1
2020-03-19 17:16:08,986 [grpc-default-executor-6] WARN  server.GrpcLogAppender (LogUtils.java:warn(122)) - 665f80ed-020a-4994-95dd-47071b79dcbc@group-448E1A42821C->78c87700-eed0-40ed-9c83-27d56052797c-AppendLogResponseHandler: Failed appendEntries: org.apache.ratis.thirdparty.io.grpc.StatusRuntimeException: UNAVAILABLE: io exception
2020-03-19 17:16:08,986 [grpc-default-executor-6] INFO  impl.FollowerInfo (FollowerInfo.java:lambda$new$0(50)) - 665f80ed-020a-4994-95dd-47071b79dcbc@group-448E1A42821C->78c87700-eed0-40ed-9c83-27d56052797c: nextIndex: updateUnconditionally 2 -> 1
2020-03-19 17:16:09,488 [grpc-default-executor-6] WARN  server.GrpcLogAppender (LogUtils.java:warn(122)) - 665f80ed-020a-4994-95dd-47071b79dcbc@group-448E1A42821C->78c87700-eed0-40ed-9c83-27d56052797c-AppendLogResponseHandler: Failed appendEntries: org.apache.ratis.thirdparty.io.grpc.StatusRuntimeException: UNAVAILABLE: io exception
2020-03-19 17:16:09,489 [grpc-default-executor-6] INFO  impl.FollowerInfo (FollowerInfo.java:lambda$new$0(50)) - 665f80ed-020a-4994-95dd-47071b79dcbc@group-448E1A42821C->78c87700-eed0-40ed-9c83-27d56052797c: nextIndex: updateUnconditionally 2 -> 1
2020-03-19 17:16:09,627 [java.util.concurrent.ThreadPoolExecutor$Worker@2406f848[State = -1, empty queue]] WARN  server.GrpcLogAppender (GrpcLogAppender.java:timeoutAppendRequest(212)) - ea97180b-f37b-4beb-ae1e-adcdfeb20d18@group-F255B7A46A64->e0593f1c-6b5a-4362-bc71-0b44a1bb1867-GrpcLogAppender:  appendEntries Timeout, request=AppendEntriesRequest:cid=26,entriesCount=1,lastEntry=(t:2, i:1)
2020-03-19 17:16:09,628 [java.util.concurrent.ThreadPoolExecutor$Worker@2406f848[State = -1, empty queue]] WARN  server.GrpcLogAppender (GrpcLogAppender.java:timeoutAppendRequest(212)) - ea97180b-f37b-4beb-ae1e-adcdfeb20d18@group-F255B7A46A64->e0593f1c-6b5a-4362-bc71-0b44a1bb1867-GrpcLogAppender:  appendEntries Timeout, request=AppendEntriesRequest:cid=27,entriesCount=1,lastEntry=(t:2, i:2)
2020-03-19 17:16:09,635 [java.util.concurrent.ThreadPoolExecutor$Worker@2406f848[State = -1, empty queue]] WARN  server.GrpcLogAppender (GrpcLogAppender.java:timeoutAppendRequest(212)) - ea97180b-f37b-4beb-ae1e-adcdfeb20d18@group-F255B7A46A64->e0593f1c-6b5a-4362-bc71-0b44a1bb1867-GrpcLogAppender:  appendEntries Timeout, request=AppendEntriesRequest:cid=28,entriesCount=1,lastEntry=(t:2, i:3)
2020-03-19 17:16:09,635 [java.util.concurrent.ThreadPoolExecutor$Worker@2406f848[State = -1, empty queue]] WARN  server.GrpcLogAppender (GrpcLogAppender.java:timeoutAppendRequest(212)) - ea97180b-f37b-4beb-ae1e-adcdfeb20d18@group-F255B7A46A64->e0593f1c-6b5a-4362-bc71-0b44a1bb1867-GrpcLogAppender:  appendEntries Timeout, request=AppendEntriesRequest:cid=29,entriesCount=1,lastEntry=(t:2, i:4)
2020-03-19 17:16:09,655 [java.util.concurrent.ThreadPoolExecutor$Worker@2406f848[State = -1, empty queue]] WARN  server.GrpcLogAppender (GrpcLogAppender.java:timeoutAppendRequest(212)) - ea97180b-f37b-4beb-ae1e-adcdfeb20d18@group-F255B7A46A64->e0593f1c-6b5a-4362-bc71-0b44a1bb1867-GrpcLogAppender:  appendEntries Timeout, request=AppendEntriesRequest:cid=30,entriesCount=1,lastEntry=(t:2, i:5)
2020-03-19 17:16:09,655 [java.util.concurrent.ThreadPoolExecutor$Worker@2406f848[State = -1, empty queue]] WARN  server.GrpcLogAppender (GrpcLogAppender.java:timeoutAppendRequest(212)) - ea97180b-f37b-4beb-ae1e-adcdfeb20d18@group-F255B7A46A64->e0593f1c-6b5a-4362-bc71-0b44a1bb1867-GrpcLogAppender:  appendEntries Timeout, request=AppendEntriesRequest:cid=31,entriesCount=1,lastEntry=(t:2, i:6)
2020-03-19 17:16:09,659 [java.util.concurrent.ThreadPoolExecutor$Worker@2406f848[State = -1, empty queue]] WARN  server.GrpcLogAppender (GrpcLogAppender.java:timeoutAppendRequest(212)) - ea97180b-f37b-4beb-ae1e-adcdfeb20d18@group-F255B7A46A64->e0593f1c-6b5a-4362-bc71-0b44a1bb1867-GrpcLogAppender:  appendEntries Timeout, request=AppendEntriesRequest:cid=32,entriesCount=1,lastEntry=(t:2, i:7)
2020-03-19 17:16:09,659 [java.util.concurrent.ThreadPoolExecutor$Worker@2406f848[State = -1, empty queue]] WARN  server.GrpcLogAppender (GrpcLogAppender.java:timeoutAppendRequest(212)) - ea97180b-f37b-4beb-ae1e-adcdfeb20d18@group-F255B7A46A64->e0593f1c-6b5a-4362-bc71-0b44a1bb1867-GrpcLogAppender:  appendEntries Timeout, request=AppendEntriesRequest:cid=33,entriesCount=1,lastEntry=(t:2, i:8)
2020-03-19 17:16:09,991 [grpc-default-executor-3] WARN  server.GrpcLogAppender (LogUtils.java:warn(122)) - 665f80ed-020a-4994-95dd-47071b79dcbc@group-448E1A42821C->78c87700-eed0-40ed-9c83-27d56052797c-AppendLogResponseHandler: Failed appendEntries: org.apache.ratis.thirdparty.io.grpc.StatusRuntimeException: UNAVAILABLE: io exception
2020-03-19 17:16:09,991 [grpc-default-executor-3] INFO  impl.FollowerInfo (FollowerInfo.java:lambda$new$0(50)) - 665f80ed-020a-4994-95dd-47071b79dcbc@group-448E1A42821C->78c87700-eed0-40ed-9c83-27d56052797c: nextIndex: updateUnconditionally 2 -> 1
2020-03-19 17:16:10,494 [grpc-default-executor-3] WARN  server.GrpcLogAppender (LogUtils.java:warn(122)) - 665f80ed-020a-4994-95dd-47071b79dcbc@group-448E1A42821C->78c87700-eed0-40ed-9c83-27d56052797c-AppendLogResponseHandler: Failed appendEntries: org.apache.ratis.thirdparty.io.grpc.StatusRuntimeException: UNAVAILABLE: io exception
2020-03-19 17:16:10,494 [grpc-default-executor-3] INFO  impl.FollowerInfo (FollowerInfo.java:lambda$new$0(50)) - 665f80ed-020a-4994-95dd-47071b79dcbc@group-448E1A42821C->78c87700-eed0-40ed-9c83-27d56052797c: nextIndex: updateUnconditionally 2 -> 1
2020-03-19 17:16:10,996 [grpc-default-executor-3] WARN  server.GrpcLogAppender (LogUtils.java:warn(122)) - 665f80ed-020a-4994-95dd-47071b79dcbc@group-448E1A42821C->78c87700-eed0-40ed-9c83-27d56052797c-AppendLogResponseHandler: Failed appendEntries: org.apache.ratis.thirdparty.io.grpc.StatusRuntimeException: UNAVAILABLE: io exception
2020-03-19 17:16:10,997 [grpc-default-executor-3] INFO  impl.FollowerInfo (FollowerInfo.java:lambda$new$0(50)) - 665f80ed-020a-4994-95dd-47071b79dcbc@group-448E1A42821C->78c87700-eed0-40ed-9c83-27d56052797c: nextIndex: updateUnconditionally 2 -> 1
2020-03-19 17:16:11,500 [grpc-default-executor-3] WARN  server.GrpcLogAppender (LogUtils.java:warn(122)) - 665f80ed-020a-4994-95dd-47071b79dcbc@group-448E1A42821C->78c87700-eed0-40ed-9c83-27d56052797c-AppendLogResponseHandler: Failed appendEntries: org.apache.ratis.thirdparty.io.grpc.StatusRuntimeException: UNAVAILABLE: io exception
2020-03-19 17:16:11,500 [grpc-default-executor-3] INFO  impl.FollowerInfo (FollowerInfo.java:lambda$new$0(50)) - 665f80ed-020a-4994-95dd-47071b79dcbc@group-448E1A42821C->78c87700-eed0-40ed-9c83-27d56052797c: nextIndex: updateUnconditionally 2 -> 1
2020-03-19 17:16:12,002 [grpc-default-executor-3] WARN  server.GrpcLogAppender (LogUtils.java:warn(122)) - 665f80ed-020a-4994-95dd-47071b79dcbc@group-448E1A42821C->78c87700-eed0-40ed-9c83-27d56052797c-AppendLogResponseHandler: Failed appendEntries: org.apache.ratis.thirdparty.io.grpc.StatusRuntimeException: UNAVAILABLE: io exception
2020-03-19 17:16:12,002 [grpc-default-executor-3] INFO  impl.FollowerInfo (FollowerInfo.java:lambda$new$0(50)) - 665f80ed-020a-4994-95dd-47071b79dcbc@group-448E1A42821C->78c87700-eed0-40ed-9c83-27d56052797c: nextIndex: updateUnconditionally 2 -> 1
2020-03-19 17:16:12,184 [ForkJoinPool.commonPool-worker-1] INFO  ozoneimpl.OzoneContainer (OzoneContainer.java:stop(245)) - Attempting to stop container services.
2020-03-19 17:16:12,184 [main] INFO  ozoneimpl.OzoneContainer (OzoneContainer.java:stop(245)) - Attempting to stop container services.
2020-03-19 17:16:12,185 [ForkJoinPool.commonPool-worker-1] INFO  impl.RaftServerProxy (RaftServerProxy.java:lambda$close$4(314)) - ea97180b-f37b-4beb-ae1e-adcdfeb20d18: close
2020-03-19 17:16:12,185 [ForkJoinPool.commonPool-worker-1] INFO  impl.RaftServerImpl (RaftServerImpl.java:lambda$shutdown$3(249)) - ea97180b-f37b-4beb-ae1e-adcdfeb20d18@group-30CBA8BF17B3: shutdown
2020-03-19 17:16:12,185 [ForkJoinPool.commonPool-worker-1] INFO  util.JmxRegister (JmxRegister.java:unregister(73)) - Successfully un-registered JMX Bean with object name Ratis:service=RaftServer,group=group-30CBA8BF17B3,id=ea97180b-f37b-4beb-ae1e-adcdfeb20d18
2020-03-19 17:16:12,185 [ForkJoinPool.commonPool-worker-1] INFO  impl.RoleInfo (RoleInfo.java:shutdownLeaderState(104)) - ea97180b-f37b-4beb-ae1e-adcdfeb20d18: shutdown LeaderState
2020-03-19 17:16:12,185 [ForkJoinPool.commonPool-worker-1] INFO  impl.PendingRequests (PendingRequests.java:sendNotLeaderResponses(240)) - ea97180b-f37b-4beb-ae1e-adcdfeb20d18@group-30CBA8BF17B3-PendingRequests: sendNotLeaderResponses
2020-03-19 17:16:12,185 [ForkJoinPool.commonPool-worker-1] INFO  metrics.RatisMetrics (RatisMetrics.java:unregister(46)) - Unregistering Metrics Registry : ratis.log_appender.ea97180b-f37b-4beb-ae1e-adcdfeb20d18@group-30CBA8BF17B3
2020-03-19 17:16:12,185 [ForkJoinPool.commonPool-worker-1] INFO  impl.StateMachineUpdater (StateMachineUpdater.java:stopAndJoin(139)) - ea97180b-f37b-4beb-ae1e-adcdfeb20d18@group-30CBA8BF17B3-StateMachineUpdater: set stopIndex = 0
2020-03-19 17:16:12,186 [main] INFO  impl.RaftServerProxy (RaftServerProxy.java:lambda$close$4(314)) - 5ac25ff6-d68b-4c37-b38b-9bf9f6fc66ee: close
2020-03-19 17:16:12,186 [main] INFO  impl.RaftServerImpl (RaftServerImpl.java:lambda$shutdown$3(249)) - 5ac25ff6-d68b-4c37-b38b-9bf9f6fc66ee@group-88A27B091AA5: shutdown
2020-03-19 17:16:12,186 [main] INFO  util.JmxRegister (JmxRegister.java:unregister(73)) - Successfully un-registered JMX Bean with object name Ratis:service=RaftServer,group=group-88A27B091AA5,id=5ac25ff6-d68b-4c37-b38b-9bf9f6fc66ee
2020-03-19 17:16:12,186 [main] INFO  impl.RoleInfo (RoleInfo.java:shutdownLeaderState(104)) - 5ac25ff6-d68b-4c37-b38b-9bf9f6fc66ee: shutdown LeaderState
2020-03-19 17:16:12,186 [ea97180b-f37b-4beb-ae1e-adcdfeb20d18@group-30CBA8BF17B3-StateMachineUpdater] INFO  ratis.ContainerStateMachine (ContainerStateMachine.java:takeSnapshot(295)) - group-30CBA8BF17B3: Taking a snapshot at:(t:1, i:0) file /github/workspace/hadoop-ozone/integration-test/target/test-dir/MiniOzoneClusterImpl-80293407-04bd-45a8-aeac-96ce148bba0b/datanode-2/data/ratis/0651cd48-21ac-4ea2-b6f6-30cba8bf17b3/sm/snapshot.1_0
2020-03-19 17:16:12,186 [main] INFO  impl.PendingRequests (PendingRequests.java:sendNotLeaderResponses(240)) - 5ac25ff6-d68b-4c37-b38b-9bf9f6fc66ee@group-88A27B091AA5-PendingRequests: sendNotLeaderResponses
2020-03-19 17:16:12,187 [main] INFO  metrics.RatisMetrics (RatisMetrics.java:unregister(46)) - Unregistering Metrics Registry : ratis.log_appender.5ac25ff6-d68b-4c37-b38b-9bf9f6fc66ee@group-88A27B091AA5
2020-03-19 17:16:12,187 [main] INFO  impl.StateMachineUpdater (StateMachineUpdater.java:stopAndJoin(139)) - 5ac25ff6-d68b-4c37-b38b-9bf9f6fc66ee@group-88A27B091AA5-StateMachineUpdater: set stopIndex = 0
2020-03-19 17:16:12,188 [5ac25ff6-d68b-4c37-b38b-9bf9f6fc66ee@group-88A27B091AA5-StateMachineUpdater] INFO  ratis.ContainerStateMachine (ContainerStateMachine.java:takeSnapshot(295)) - group-88A27B091AA5: Taking a snapshot at:(t:1, i:0) file /github/workspace/hadoop-ozone/integration-test/target/test-dir/MiniOzoneClusterImpl-80293407-04bd-45a8-aeac-96ce148bba0b/datanode-6/data/ratis/2f95787f-631a-491d-88a6-88a27b091aa5/sm/snapshot.1_0
2020-03-19 17:16:12,188 [ea97180b-f37b-4beb-ae1e-adcdfeb20d18@group-30CBA8BF17B3-StateMachineUpdater] INFO  ratis.ContainerStateMachine (ContainerStateMachine.java:takeSnapshot(306)) - group-30CBA8BF17B3: Finished taking a snapshot at:(t:1, i:0) file:/github/workspace/hadoop-ozone/integration-test/target/test-dir/MiniOzoneClusterImpl-80293407-04bd-45a8-aeac-96ce148bba0b/datanode-2/data/ratis/0651cd48-21ac-4ea2-b6f6-30cba8bf17b3/sm/snapshot.1_0 time:1
2020-03-19 17:16:12,188 [ea97180b-f37b-4beb-ae1e-adcdfeb20d18@group-30CBA8BF17B3-StateMachineUpdater] INFO  impl.StateMachineUpdater (StateMachineUpdater.java:takeSnapshot(274)) - ea97180b-f37b-4beb-ae1e-adcdfeb20d18@group-30CBA8BF17B3-StateMachineUpdater: Took a snapshot at index 0
2020-03-19 17:16:12,188 [ea97180b-f37b-4beb-ae1e-adcdfeb20d18@group-30CBA8BF17B3-StateMachineUpdater] INFO  impl.StateMachineUpdater (StateMachineUpdater.java:lambda$new$0(86)) - ea97180b-f37b-4beb-ae1e-adcdfeb20d18@group-30CBA8BF17B3-StateMachineUpdater: snapshotIndex: updateIncreasingly -1 -> 0
2020-03-19 17:16:12,188 [ea97180b-f37b-4beb-ae1e-adcdfeb20d18@group-30CBA8BF17B3-StateMachineUpdater] INFO  metrics.RatisMetrics (RatisMetrics.java:unregister(46)) - Unregistering Metrics Registry : ratis.state_machine.ea97180b-f37b-4beb-ae1e-adcdfeb20d18@group-30CBA8BF17B3
2020-03-19 17:16:12,188 [5ac25ff6-d68b-4c37-b38b-9bf9f6fc66ee@group-88A27B091AA5-StateMachineUpdater] INFO  ratis.ContainerStateMachine (ContainerStateMachine.java:takeSnapshot(306)) - group-88A27B091AA5: Finished taking a snapshot at:(t:1, i:0) file:/github/workspace/hadoop-ozone/integration-test/target/test-dir/MiniOzoneClusterImpl-80293407-04bd-45a8-aeac-96ce148bba0b/datanode-6/data/ratis/2f95787f-631a-491d-88a6-88a27b091aa5/sm/snapshot.1_0 time:1
2020-03-19 17:16:12,188 [ForkJoinPool.commonPool-worker-1] INFO  impl.RaftServerImpl (ServerState.java:close(387)) - ea97180b-f37b-4beb-ae1e-adcdfeb20d18@group-30CBA8BF17B3: closes. applyIndex: 0
2020-03-19 17:16:12,188 [5ac25ff6-d68b-4c37-b38b-9bf9f6fc66ee@group-88A27B091AA5-StateMachineUpdater] INFO  impl.StateMachineUpdater (StateMachineUpdater.java:takeSnapshot(274)) - 5ac25ff6-d68b-4c37-b38b-9bf9f6fc66ee@group-88A27B091AA5-StateMachineUpdater: Took a snapshot at index 0
2020-03-19 17:16:12,189 [5ac25ff6-d68b-4c37-b38b-9bf9f6fc66ee@group-88A27B091AA5-StateMachineUpdater] INFO  impl.StateMachineUpdater (StateMachineUpdater.java:lambda$new$0(86)) - 5ac25ff6-d68b-4c37-b38b-9bf9f6fc66ee@group-88A27B091AA5-StateMachineUpdater: snapshotIndex: updateIncreasingly -1 -> 0
2020-03-19 17:16:12,189 [ea97180b-f37b-4beb-ae1e-adcdfeb20d18@group-30CBA8BF17B3-SegmentedRaftLogWorker] INFO  segmented.SegmentedRaftLogWorker (SegmentedRaftLogWorker.java:run(321)) - ea97180b-f37b-4beb-ae1e-adcdfeb20d18@group-30CBA8BF17B3-SegmentedRaftLogWorker was interrupted, exiting. There are 0 tasks remaining in the queue.
2020-03-19 17:16:12,189 [5ac25ff6-d68b-4c37-b38b-9bf9f6fc66ee@group-88A27B091AA5-StateMachineUpdater] INFO  metrics.RatisMetrics (RatisMetrics.java:unregister(46)) - Unregistering Metrics Registry : ratis.state_machine.5ac25ff6-d68b-4c37-b38b-9bf9f6fc66ee@group-88A27B091AA5
2020-03-19 17:16:12,190 [main] INFO  impl.RaftServerImpl (ServerState.java:close(387)) - 5ac25ff6-d68b-4c37-b38b-9bf9f6fc66ee@group-88A27B091AA5: closes. applyIndex: 0
2020-03-19 17:16:12,190 [ForkJoinPool.commonPool-worker-1] INFO  segmented.SegmentedRaftLogWorker (SegmentedRaftLogWorker.java:close(229)) - ea97180b-f37b-4beb-ae1e-adcdfeb20d18@group-30CBA8BF17B3-SegmentedRaftLogWorker close()
2020-03-19 17:16:12,191 [5ac25ff6-d68b-4c37-b38b-9bf9f6fc66ee@group-88A27B091AA5-SegmentedRaftLogWorker] INFO  segmented.SegmentedRaftLogWorker (SegmentedRaftLogWorker.java:run(321)) - 5ac25ff6-d68b-4c37-b38b-9bf9f6fc66ee@group-88A27B091AA5-SegmentedRaftLogWorker was interrupted, exiting. There are 0 tasks remaining in the queue.
2020-03-19 17:16:12,192 [main] INFO  segmented.SegmentedRaftLogWorker (SegmentedRaftLogWorker.java:close(229)) - 5ac25ff6-d68b-4c37-b38b-9bf9f6fc66ee@group-88A27B091AA5-SegmentedRaftLogWorker close()
2020-03-19 17:16:12,193 [ForkJoinPool.commonPool-worker-1] INFO  metrics.RatisMetrics (RatisMetrics.java:unregister(46)) - Unregistering Metrics Registry : ratis.log_worker.ea97180b-f37b-4beb-ae1e-adcdfeb20d18
2020-03-19 17:16:12,194 [ForkJoinPool.commonPool-worker-1] INFO  metrics.RatisMetrics (RatisMetrics.java:unregister(46)) - Unregistering Metrics Registry : ratis.leader_election.ea97180b-f37b-4beb-ae1e-adcdfeb20d18@group-30CBA8BF17B3
2020-03-19 17:16:12,194 [ForkJoinPool.commonPool-worker-1] INFO  metrics.RatisMetrics (RatisMetrics.java:unregister(46)) - Unregistering Metrics Registry : ratis.server.ea97180b-f37b-4beb-ae1e-adcdfeb20d18@group-30CBA8BF17B3
2020-03-19 17:16:12,194 [ForkJoinPool.commonPool-worker-1] INFO  impl.RaftServerImpl (RaftServerImpl.java:lambda$shutdown$3(249)) - ea97180b-f37b-4beb-ae1e-adcdfeb20d18@group-F255B7A46A64: shutdown
2020-03-19 17:16:12,194 [ForkJoinPool.commonPool-worker-1] INFO  util.JmxRegister (JmxRegister.java:unregister(73)) - Successfully un-registered JMX Bean with object name Ratis:service=RaftServer,group=group-F255B7A46A64,id=ea97180b-f37b-4beb-ae1e-adcdfeb20d18
2020-03-19 17:16:12,194 [ForkJoinPool.commonPool-worker-1] INFO  impl.RoleInfo (RoleInfo.java:shutdownLeaderState(104)) - ea97180b-f37b-4beb-ae1e-adcdfeb20d18: shutdown LeaderState
2020-03-19 17:16:12,194 [main] INFO  metrics.RatisMetrics (RatisMetrics.java:unregister(46)) - Unregistering Metrics Registry : ratis.log_worker.5ac25ff6-d68b-4c37-b38b-9bf9f6fc66ee
2020-03-19 17:16:12,195 [main] INFO  metrics.RatisMetrics (RatisMetrics.java:unregister(46)) - Unregistering Metrics Registry : ratis.leader_election.5ac25ff6-d68b-4c37-b38b-9bf9f6fc66ee@group-88A27B091AA5
2020-03-19 17:16:12,195 [main] INFO  metrics.RatisMetrics (RatisMetrics.java:unregister(46)) - Unregistering Metrics Registry : ratis.server.5ac25ff6-d68b-4c37-b38b-9bf9f6fc66ee@group-88A27B091AA5
2020-03-19 17:16:12,195 [main] INFO  impl.RaftServerImpl (RaftServerImpl.java:lambda$shutdown$3(249)) - 5ac25ff6-d68b-4c37-b38b-9bf9f6fc66ee@group-61D83DCB3EDB: shutdown
2020-03-19 17:16:12,195 [main] INFO  util.JmxRegister (JmxRegister.java:unregister(73)) - Successfully un-registered JMX Bean with object name Ratis:service=RaftServer,group=group-61D83DCB3EDB,id=5ac25ff6-d68b-4c37-b38b-9bf9f6fc66ee
2020-03-19 17:16:12,195 [main] INFO  impl.RoleInfo (RoleInfo.java:shutdownFollowerState(121)) - 5ac25ff6-d68b-4c37-b38b-9bf9f6fc66ee: shutdown FollowerState
2020-03-19 17:16:12,196 [org.apache.ratis.server.impl.LogAppender$AppenderDaemon$$Lambda$438/950258833@7c73afbb] WARN  server.GrpcLogAppender (GrpcLogAppender.java:mayWait(153)) - ea97180b-f37b-4beb-ae1e-adcdfeb20d18@group-F255B7A46A64->19601d2c-1e34-4e29-889b-b501c57f3272-GrpcLogAppender: Wait interrupted by java.lang.InterruptedException
2020-03-19 17:16:12,196 [Thread-3302] INFO  impl.FollowerState (FollowerState.java:run(117)) - 5ac25ff6-d68b-4c37-b38b-9bf9f6fc66ee@group-61D83DCB3EDB-FollowerState was interrupted: java.lang.InterruptedException: sleep interrupted
2020-03-19 17:16:12,196 [grpc-default-executor-3] INFO  server.GrpcServerProtocolService (GrpcServerProtocolService.java:onCompleted(137)) - 19601d2c-1e34-4e29-889b-b501c57f3272: Completed APPEND_ENTRIES, lastRequest: ea97180b-f37b-4beb-ae1e-adcdfeb20d18->19601d2c-1e34-4e29-889b-b501c57f3272#33-t2, previous=(t:2, i:7), leaderCommit=4, initializing? false, entries: size=1, first=(t:2, i:8), METADATAENTRY(c:4)
2020-03-19 17:16:12,196 [5ac25ff6-d68b-4c37-b38b-9bf9f6fc66ee@group-61D83DCB3EDB-StateMachineUpdater] INFO  ratis.ContainerStateMachine (ContainerStateMachine.java:takeSnapshot(295)) - group-61D83DCB3EDB: Taking a snapshot at:(t:1, i:0) file /github/workspace/hadoop-ozone/integration-test/target/test-dir/MiniOzoneClusterImpl-80293407-04bd-45a8-aeac-96ce148bba0b/datanode-6/data/ratis/c9d6e225-81f8-4462-a714-61d83dcb3edb/sm/snapshot.1_0
2020-03-19 17:16:12,196 [main] INFO  impl.StateMachineUpdater (StateMachineUpdater.java:stopAndJoin(139)) - 5ac25ff6-d68b-4c37-b38b-9bf9f6fc66ee@group-61D83DCB3EDB-StateMachineUpdater: set stopIndex = 0
2020-03-19 17:16:12,196 [grpc-default-executor-9] INFO  server.GrpcLogAppender (GrpcLogAppender.java:onCompleted(308)) - ea97180b-f37b-4beb-ae1e-adcdfeb20d18@group-F255B7A46A64->19601d2c-1e34-4e29-889b-b501c57f3272-AppendLogResponseHandler: follower responses appendEntries COMPLETED
2020-03-19 17:16:12,198 [org.apache.ratis.server.impl.LogAppender$AppenderDaemon$$Lambda$438/950258833@3ba9eef1] WARN  server.GrpcLogAppender (GrpcLogAppender.java:mayWait(153)) - ea97180b-f37b-4beb-ae1e-adcdfeb20d18@group-F255B7A46A64->e0593f1c-6b5a-4362-bc71-0b44a1bb1867-GrpcLogAppender: Wait interrupted by java.lang.InterruptedException
2020-03-19 17:16:12,198 [ForkJoinPool.commonPool-worker-1] INFO  impl.PendingRequests (PendingRequests.java:sendNotLeaderResponses(240)) - ea97180b-f37b-4beb-ae1e-adcdfeb20d18@group-F255B7A46A64-PendingRequests: sendNotLeaderResponses
2020-03-19 17:16:12,198 [grpc-default-executor-3] INFO  server.GrpcServerProtocolService (GrpcServerProtocolService.java:onCompleted(137)) - e0593f1c-6b5a-4362-bc71-0b44a1bb1867: Completed APPEND_ENTRIES, lastRequest: ea97180b-f37b-4beb-ae1e-adcdfeb20d18->e0593f1c-6b5a-4362-bc71-0b44a1bb1867#33-t2, previous=(t:2, i:7), leaderCommit=4, initializing? false, entries: size=1, first=(t:2, i:8), METADATAENTRY(c:4)
2020-03-19 17:16:12,198 [5ac25ff6-d68b-4c37-b38b-9bf9f6fc66ee@group-61D83DCB3EDB-StateMachineUpdater] INFO  ratis.ContainerStateMachine (ContainerStateMachine.java:takeSnapshot(306)) - group-61D83DCB3EDB: Finished taking a snapshot at:(t:1, i:0) file:/github/workspace/hadoop-ozone/integration-test/target/test-dir/MiniOzoneClusterImpl-80293407-04bd-45a8-aeac-96ce148bba0b/datanode-6/data/ratis/c9d6e225-81f8-4462-a714-61d83dcb3edb/sm/snapshot.1_0 time:2
2020-03-19 17:16:12,198 [5ac25ff6-d68b-4c37-b38b-9bf9f6fc66ee@group-61D83DCB3EDB-StateMachineUpdater] INFO  impl.StateMachineUpdater (StateMachineUpdater.java:takeSnapshot(274)) - 5ac25ff6-d68b-4c37-b38b-9bf9f6fc66ee@group-61D83DCB3EDB-StateMachineUpdater: Took a snapshot at index 0
2020-03-19 17:16:12,198 [5ac25ff6-d68b-4c37-b38b-9bf9f6fc66ee@group-61D83DCB3EDB-StateMachineUpdater] INFO  impl.StateMachineUpdater (StateMachineUpdater.java:lambda$new$0(86)) - 5ac25ff6-d68b-4c37-b38b-9bf9f6fc66ee@group-61D83DCB3EDB-StateMachineUpdater: snapshotIndex: updateIncreasingly -1 -> 0
2020-03-19 17:16:12,198 [5ac25ff6-d68b-4c37-b38b-9bf9f6fc66ee@group-61D83DCB3EDB-StateMachineUpdater] INFO  metrics.RatisMetrics (RatisMetrics.java:unregister(46)) - Unregistering Metrics Registry : ratis.state_machine.5ac25ff6-d68b-4c37-b38b-9bf9f6fc66ee@group-61D83DCB3EDB
2020-03-19 17:16:12,199 [grpc-default-executor-6] INFO  server.GrpcLogAppender (GrpcLogAppender.java:onCompleted(308)) - ea97180b-f37b-4beb-ae1e-adcdfeb20d18@group-F255B7A46A64->e0593f1c-6b5a-4362-bc71-0b44a1bb1867-AppendLogResponseHandler: follower responses appendEntries COMPLETED
2020-03-19 17:16:12,199 [main] INFO  impl.RaftServerImpl (ServerState.java:close(387)) - 5ac25ff6-d68b-4c37-b38b-9bf9f6fc66ee@group-61D83DCB3EDB: closes. applyIndex: 0
2020-03-19 17:16:12,199 [grpc-default-executor-6] INFO  impl.FollowerInfo (FollowerInfo.java:lambda$new$0(50)) - ea97180b-f37b-4beb-ae1e-adcdfeb20d18@group-F255B7A46A64->e0593f1c-6b5a-4362-bc71-0b44a1bb1867: nextIndex: updateUnconditionally 9 -> 1
2020-03-19 17:16:12,199 [5ac25ff6-d68b-4c37-b38b-9bf9f6fc66ee@group-61D83DCB3EDB-SegmentedRaftLogWorker] INFO  segmented.SegmentedRaftLogWorker (SegmentedRaftLogWorker.java:run(321)) - 5ac25ff6-d68b-4c37-b38b-9bf9f6fc66ee@group-61D83DCB3EDB-SegmentedRaftLogWorker was interrupted, exiting. There are 0 tasks remaining in the queue.
2020-03-19 17:16:12,201 [ForkJoinPool.commonPool-worker-1] INFO  metrics.RatisMetrics (RatisMetrics.java:unregister(46)) - Unregistering Metrics Registry : ratis.log_appender.ea97180b-f37b-4beb-ae1e-adcdfeb20d18@group-F255B7A46A64
2020-03-19 17:16:12,201 [ForkJoinPool.commonPool-worker-1] INFO  impl.StateMachineUpdater (StateMachineUpdater.java:stopAndJoin(139)) - ea97180b-f37b-4beb-ae1e-adcdfeb20d18@group-F255B7A46A64-StateMachineUpdater: set stopIndex = 8
2020-03-19 17:16:12,201 [main] INFO  segmented.SegmentedRaftLogWorker (SegmentedRaftLogWorker.java:close(229)) - 5ac25ff6-d68b-4c37-b38b-9bf9f6fc66ee@group-61D83DCB3EDB-SegmentedRaftLogWorker close()
2020-03-19 17:16:12,202 [main] INFO  metrics.RatisMetrics (RatisMetrics.java:unregister(46)) - Unregistering Metrics Registry : ratis.log_worker.5ac25ff6-d68b-4c37-b38b-9bf9f6fc66ee
2020-03-19 17:16:12,203 [ea97180b-f37b-4beb-ae1e-adcdfeb20d18@group-F255B7A46A64-StateMachineUpdater] INFO  ratis.ContainerStateMachine (ContainerStateMachine.java:takeSnapshot(295)) - group-F255B7A46A64: Taking a snapshot at:(t:2, i:8) file /github/workspace/hadoop-ozone/integration-test/target/test-dir/MiniOzoneClusterImpl-80293407-04bd-45a8-aeac-96ce148bba0b/datanode-2/data/ratis/22eb4e39-762b-4c78-a42b-f255b7a46a64/sm/snapshot.2_8
2020-03-19 17:16:12,203 [main] INFO  metrics.RatisMetrics (RatisMetrics.java:unregister(46)) - Unregistering Metrics Registry : ratis.leader_election.5ac25ff6-d68b-4c37-b38b-9bf9f6fc66ee@group-61D83DCB3EDB
2020-03-19 17:16:12,203 [main] INFO  metrics.RatisMetrics (RatisMetrics.java:unregister(46)) - Unregistering Metrics Registry : ratis.server.5ac25ff6-d68b-4c37-b38b-9bf9f6fc66ee@group-61D83DCB3EDB
2020-03-19 17:16:12,203 [main] INFO  server.GrpcService (GrpcService.java:closeImpl(164)) - 5ac25ff6-d68b-4c37-b38b-9bf9f6fc66ee: shutdown server with port 36941 now
2020-03-19 17:16:12,204 [ea97180b-f37b-4beb-ae1e-adcdfeb20d18@group-F255B7A46A64-StateMachineUpdater] INFO  ratis.ContainerStateMachine (ContainerStateMachine.java:takeSnapshot(306)) - group-F255B7A46A64: Finished taking a snapshot at:(t:2, i:8) file:/github/workspace/hadoop-ozone/integration-test/target/test-dir/MiniOzoneClusterImpl-80293407-04bd-45a8-aeac-96ce148bba0b/datanode-2/data/ratis/22eb4e39-762b-4c78-a42b-f255b7a46a64/sm/snapshot.2_8 time:2
2020-03-19 17:16:12,204 [ea97180b-f37b-4beb-ae1e-adcdfeb20d18@group-F255B7A46A64-StateMachineUpdater] INFO  impl.StateMachineUpdater (StateMachineUpdater.java:takeSnapshot(274)) - ea97180b-f37b-4beb-ae1e-adcdfeb20d18@group-F255B7A46A64-StateMachineUpdater: Took a snapshot at index 8
2020-03-19 17:16:12,204 [ea97180b-f37b-4beb-ae1e-adcdfeb20d18@group-F255B7A46A64-StateMachineUpdater] INFO  impl.StateMachineUpdater (StateMachineUpdater.java:lambda$new$0(86)) - ea97180b-f37b-4beb-ae1e-adcdfeb20d18@group-F255B7A46A64-StateMachineUpdater: snapshotIndex: updateIncreasingly -1 -> 8
2020-03-19 17:16:12,204 [ea97180b-f37b-4beb-ae1e-adcdfeb20d18@group-F255B7A46A64-StateMachineUpdater] INFO  metrics.RatisMetrics (RatisMetrics.java:unregister(46)) - Unregistering Metrics Registry : ratis.state_machine.ea97180b-f37b-4beb-ae1e-adcdfeb20d18@group-F255B7A46A64
2020-03-19 17:16:12,205 [ForkJoinPool.commonPool-worker-1] INFO  impl.RaftServerImpl (ServerState.java:close(387)) - ea97180b-f37b-4beb-ae1e-adcdfeb20d18@group-F255B7A46A64: closes. applyIndex: 8
2020-03-19 17:16:12,205 [ea97180b-f37b-4beb-ae1e-adcdfeb20d18@group-F255B7A46A64-SegmentedRaftLogWorker] INFO  segmented.SegmentedRaftLogWorker (SegmentedRaftLogWorker.java:run(321)) - ea97180b-f37b-4beb-ae1e-adcdfeb20d18@group-F255B7A46A64-SegmentedRaftLogWorker was interrupted, exiting. There are 0 tasks remaining in the queue.
2020-03-19 17:16:12,206 [ForkJoinPool.commonPool-worker-1] INFO  segmented.SegmentedRaftLogWorker (SegmentedRaftLogWorker.java:close(229)) - ea97180b-f37b-4beb-ae1e-adcdfeb20d18@group-F255B7A46A64-SegmentedRaftLogWorker close()
2020-03-19 17:16:12,207 [ForkJoinPool.commonPool-worker-1] INFO  metrics.RatisMetrics (RatisMetrics.java:unregister(46)) - Unregistering Metrics Registry : ratis.log_worker.ea97180b-f37b-4beb-ae1e-adcdfeb20d18
2020-03-19 17:16:12,207 [ForkJoinPool.commonPool-worker-1] INFO  metrics.RatisMetrics (RatisMetrics.java:unregister(46)) - Unregistering Metrics Registry : ratis.leader_election.ea97180b-f37b-4beb-ae1e-adcdfeb20d18@group-F255B7A46A64
2020-03-19 17:16:12,207 [ForkJoinPool.commonPool-worker-1] INFO  metrics.RatisMetrics (RatisMetrics.java:unregister(46)) - Unregistering Metrics Registry : ratis.server.ea97180b-f37b-4beb-ae1e-adcdfeb20d18@group-F255B7A46A64
2020-03-19 17:16:12,207 [ForkJoinPool.commonPool-worker-1] INFO  server.GrpcService (GrpcService.java:closeImpl(164)) - ea97180b-f37b-4beb-ae1e-adcdfeb20d18: shutdown server with port 46245 now
2020-03-19 17:16:12,207 [grpc-default-executor-9] INFO  impl.FollowerInfo (FollowerInfo.java:lambda$new$0(50)) - ea97180b-f37b-4beb-ae1e-adcdfeb20d18@group-F255B7A46A64->19601d2c-1e34-4e29-889b-b501c57f3272: nextIndex: updateUnconditionally 9 -> 8
2020-03-19 17:16:12,208 [grpc-default-executor-6] WARN  client.GrpcClientProtocolService (LogUtils.java:warn(122)) - 1-UnorderedRequestStreamObserver1: onError: org.apache.ratis.thirdparty.io.grpc.StatusRuntimeException: CANCELLED: cancelled before receiving half close
2020-03-19 17:16:12,212 [grpc-default-executor-0] WARN  server.GrpcServerProtocolService (LogUtils.java:warn(122)) - 5ac25ff6-d68b-4c37-b38b-9bf9f6fc66ee: installSnapshot onError, lastRequest: 8719c7fb-c7e5-474c-a3e1-64c0a78adabe->5ac25ff6-d68b-4c37-b38b-9bf9f6fc66ee#1-t1, previous=(t:0, i:0), leaderCommit=-1, initializing? false, entries: size=1, first=(t:1, i:0), CONFIGURATIONENTRY: org.apache.ratis.thirdparty.io.grpc.StatusRuntimeException: CANCELLED: cancelled before receiving half close
2020-03-19 17:16:12,212 [ForkJoinPool.commonPool-worker-1] INFO  server.GrpcService (GrpcService.java:closeImpl(172)) - ea97180b-f37b-4beb-ae1e-adcdfeb20d18: shutdown server with port 46245 successfully
2020-03-19 17:16:12,221 [main] INFO  server.GrpcService (GrpcService.java:closeImpl(172)) - 5ac25ff6-d68b-4c37-b38b-9bf9f6fc66ee: shutdown server with port 36941 successfully
2020-03-19 17:16:12,233 [grpc-default-executor-10] WARN  server.GrpcLogAppender (LogUtils.java:warn(122)) - 8719c7fb-c7e5-474c-a3e1-64c0a78adabe@group-61D83DCB3EDB->5ac25ff6-d68b-4c37-b38b-9bf9f6fc66ee-AppendLogResponseHandler: Failed appendEntries: org.apache.ratis.thirdparty.io.grpc.StatusRuntimeException: CANCELLED: HTTP/2 error code: CANCEL
Received Rst Stream
2020-03-19 17:16:12,239 [ForkJoinPool.commonPool-worker-1] INFO  utils.BackgroundService (BackgroundService.java:shutdown(157)) - Shutting down service BlockDeletingService
2020-03-19 17:16:12,244 [ForkJoinPool.commonPool-worker-1] INFO  statemachine.DatanodeStateMachine (DatanodeStateMachine.java:stopDaemon(435)) - Ozone container server stopped.
2020-03-19 17:16:12,245 [grpc-default-executor-10] INFO  impl.FollowerInfo (FollowerInfo.java:lambda$new$0(50)) - 8719c7fb-c7e5-474c-a3e1-64c0a78adabe@group-61D83DCB3EDB->5ac25ff6-d68b-4c37-b38b-9bf9f6fc66ee: nextIndex: updateUnconditionally 1 -> 0
2020-03-19 17:16:12,255 [ForkJoinPool.commonPool-worker-1] INFO  handler.ContextHandler (ContextHandler.java:doStop(1016)) - Stopped o.e.j.w.WebAppContext@40befd80{hddsDatanode,/,null,UNAVAILABLE}{jar:file:/home/user/.m2/repository/org/apache/hadoop/hadoop-hdds-container-service/0.5.0-SNAPSHOT/hadoop-hdds-container-service-0.5.0-SNAPSHOT.jar!/webapps/hddsDatanode}
2020-03-19 17:16:12,260 [main] INFO  utils.BackgroundService (BackgroundService.java:shutdown(157)) - Shutting down service BlockDeletingService
2020-03-19 17:16:12,261 [ForkJoinPool.commonPool-worker-1] INFO  server.AbstractConnector (AbstractConnector.java:doStop(380)) - Stopped ServerConnector@3ff0819e{HTTP/1.1,[http/1.1]}{0.0.0.0:0}
2020-03-19 17:16:12,261 [ForkJoinPool.commonPool-worker-1] INFO  server.session (HouseKeeper.java:stopScavenging(158)) - node0 Stopped scavenging
2020-03-19 17:16:12,263 [ForkJoinPool.commonPool-worker-1] INFO  handler.ContextHandler (ContextHandler.java:doStop(1016)) - Stopped o.e.j.s.ServletContextHandler@6881bbc5{static,/static,jar:file:/home/user/.m2/repository/org/apache/hadoop/hadoop-hdds-container-service/0.5.0-SNAPSHOT/hadoop-hdds-container-service-0.5.0-SNAPSHOT.jar!/webapps/static,UNAVAILABLE}
2020-03-19 17:16:12,265 [main] INFO  statemachine.DatanodeStateMachine (DatanodeStateMachine.java:stopDaemon(435)) - Ozone container server stopped.
2020-03-19 17:16:12,266 [main] INFO  handler.ContextHandler (ContextHandler.java:doStop(1016)) - Stopped o.e.j.w.WebAppContext@61799b9c{hddsDatanode,/,null,UNAVAILABLE}{jar:file:/home/user/.m2/repository/org/apache/hadoop/hadoop-hdds-container-service/0.5.0-SNAPSHOT/hadoop-hdds-container-service-0.5.0-SNAPSHOT.jar!/webapps/hddsDatanode}
2020-03-19 17:16:12,266 [ForkJoinPool.commonPool-worker-1] INFO  handler.ContextHandler (ContextHandler.java:doStop(1016)) - Stopped o.e.j.s.ServletContextHandler@6ceac4e6{logs,/logs,file:///github/workspace/hadoop-ozone/integration-test/target/log,UNAVAILABLE}
2020-03-19 17:16:12,267 [main] INFO  server.AbstractConnector (AbstractConnector.java:doStop(380)) - Stopped ServerConnector@284efa67{HTTP/1.1,[http/1.1]}{0.0.0.0:0}
2020-03-19 17:16:12,268 [main] INFO  server.session (HouseKeeper.java:stopScavenging(158)) - node0 Stopped scavenging
2020-03-19 17:16:12,268 [main] INFO  handler.ContextHandler (ContextHandler.java:doStop(1016)) - Stopped o.e.j.s.ServletContextHandler@695eee7d{static,/static,jar:file:/home/user/.m2/repository/org/apache/hadoop/hadoop-hdds-container-service/0.5.0-SNAPSHOT/hadoop-hdds-container-service-0.5.0-SNAPSHOT.jar!/webapps/static,UNAVAILABLE}
2020-03-19 17:16:12,269 [main] INFO  handler.ContextHandler (ContextHandler.java:doStop(1016)) - Stopped o.e.j.s.ServletContextHandler@65c6d67d{logs,/logs,file:///github/workspace/hadoop-ozone/integration-test/target/log,UNAVAILABLE}
2020-03-19 17:16:12,294 [grpc-default-executor-0] WARN  server.GrpcLogAppender (LogUtils.java:warn(122)) - 8719c7fb-c7e5-474c-a3e1-64c0a78adabe@group-61D83DCB3EDB->5ac25ff6-d68b-4c37-b38b-9bf9f6fc66ee-AppendLogResponseHandler: Failed appendEntries: org.apache.ratis.thirdparty.io.grpc.StatusRuntimeException: UNAVAILABLE: io exception
2020-03-19 17:16:12,295 [grpc-default-executor-0] INFO  impl.FollowerInfo (FollowerInfo.java:lambda$new$0(50)) - 8719c7fb-c7e5-474c-a3e1-64c0a78adabe@group-61D83DCB3EDB->5ac25ff6-d68b-4c37-b38b-9bf9f6fc66ee: nextIndex: updateUnconditionally 1 -> 0
2020-03-19 17:16:12,506 [grpc-default-executor-10] WARN  server.GrpcLogAppender (LogUtils.java:warn(122)) - 665f80ed-020a-4994-95dd-47071b79dcbc@group-448E1A42821C->78c87700-eed0-40ed-9c83-27d56052797c-AppendLogResponseHandler: Failed appendEntries: org.apache.ratis.thirdparty.io.grpc.StatusRuntimeException: UNAVAILABLE: io exception
2020-03-19 17:16:12,506 [grpc-default-executor-10] INFO  impl.FollowerInfo (FollowerInfo.java:lambda$new$0(50)) - 665f80ed-020a-4994-95dd-47071b79dcbc@group-448E1A42821C->78c87700-eed0-40ed-9c83-27d56052797c: nextIndex: updateUnconditionally 2 -> 1
2020-03-19 17:16:12,796 [grpc-default-executor-9] WARN  server.GrpcLogAppender (LogUtils.java:warn(122)) - 8719c7fb-c7e5-474c-a3e1-64c0a78adabe@group-61D83DCB3EDB->5ac25ff6-d68b-4c37-b38b-9bf9f6fc66ee-AppendLogResponseHandler: Failed appendEntries: org.apache.ratis.thirdparty.io.grpc.StatusRuntimeException: UNAVAILABLE: io exception
2020-03-19 17:16:12,796 [grpc-default-executor-9] INFO  impl.FollowerInfo (FollowerInfo.java:lambda$new$0(50)) - 8719c7fb-c7e5-474c-a3e1-64c0a78adabe@group-61D83DCB3EDB->5ac25ff6-d68b-4c37-b38b-9bf9f6fc66ee: nextIndex: updateUnconditionally 1 -> 0
2020-03-19 17:16:12,920 [Datanode State Machine Thread - 0] INFO  statemachine.DatanodeStateMachine (DatanodeStateMachine.java:lambda$startDaemon$0(387)) - Ozone container server started.
2020-03-19 17:16:13,008 [grpc-default-executor-0] WARN  server.GrpcLogAppender (LogUtils.java:warn(122)) - 665f80ed-020a-4994-95dd-47071b79dcbc@group-448E1A42821C->78c87700-eed0-40ed-9c83-27d56052797c-AppendLogResponseHandler: Failed appendEntries: org.apache.ratis.thirdparty.io.grpc.StatusRuntimeException: UNAVAILABLE: io exception
2020-03-19 17:16:13,009 [grpc-default-executor-0] INFO  impl.FollowerInfo (FollowerInfo.java:lambda$new$0(50)) - 665f80ed-020a-4994-95dd-47071b79dcbc@group-448E1A42821C->78c87700-eed0-40ed-9c83-27d56052797c: nextIndex: updateUnconditionally 2 -> 1
2020-03-19 17:16:13,222 [Datanode State Machine Thread - 0] INFO  statemachine.DatanodeStateMachine (DatanodeStateMachine.java:lambda$startDaemon$0(387)) - Ozone container server started.
2020-03-19 17:16:13,297 [grpc-default-executor-9] WARN  server.GrpcLogAppender (LogUtils.java:warn(122)) - 8719c7fb-c7e5-474c-a3e1-64c0a78adabe@group-61D83DCB3EDB->5ac25ff6-d68b-4c37-b38b-9bf9f6fc66ee-AppendLogResponseHandler: Failed appendEntries: org.apache.ratis.thirdparty.io.grpc.StatusRuntimeException: UNAVAILABLE: io exception
2020-03-19 17:16:13,297 [grpc-default-executor-9] INFO  impl.FollowerInfo (FollowerInfo.java:lambda$new$0(50)) - 8719c7fb-c7e5-474c-a3e1-64c0a78adabe@group-61D83DCB3EDB->5ac25ff6-d68b-4c37-b38b-9bf9f6fc66ee: nextIndex: updateUnconditionally 1 -> 0
2020-03-19 17:16:13,512 [grpc-default-executor-0] WARN  server.GrpcLogAppender (LogUtils.java:warn(122)) - 665f80ed-020a-4994-95dd-47071b79dcbc@group-448E1A42821C->78c87700-eed0-40ed-9c83-27d56052797c-AppendLogResponseHandler: Failed appendEntries: org.apache.ratis.thirdparty.io.grpc.StatusRuntimeException: UNAVAILABLE: io exception
2020-03-19 17:16:13,512 [grpc-default-executor-0] INFO  impl.FollowerInfo (FollowerInfo.java:lambda$new$0(50)) - 665f80ed-020a-4994-95dd-47071b79dcbc@group-448E1A42821C->78c87700-eed0-40ed-9c83-27d56052797c: nextIndex: updateUnconditionally 2 -> 1
2020-03-19 17:16:13,768 [Thread-3329] INFO  impl.FollowerState (FollowerState.java:run(108)) - e0593f1c-6b5a-4362-bc71-0b44a1bb1867@group-F255B7A46A64-FollowerState: change to CANDIDATE, lastRpcTime:1593ms, electionTimeout:1045ms
2020-03-19 17:16:13,768 [Thread-3329] INFO  impl.RoleInfo (RoleInfo.java:shutdownFollowerState(121)) - e0593f1c-6b5a-4362-bc71-0b44a1bb1867: shutdown FollowerState
2020-03-19 17:16:13,768 [Thread-3329] INFO  impl.RaftServerImpl (RaftServerImpl.java:setRole(172)) - e0593f1c-6b5a-4362-bc71-0b44a1bb1867@group-F255B7A46A64: changes role from  FOLLOWER to CANDIDATE at term 2 for changeToCandidate
2020-03-19 17:16:13,768 [Thread-3329] INFO  impl.RoleInfo (RoleInfo.java:updateAndGet(143)) - e0593f1c-6b5a-4362-bc71-0b44a1bb1867: start LeaderElection
2020-03-19 17:16:13,769 [e0593f1c-6b5a-4362-bc71-0b44a1bb1867@group-F255B7A46A64-LeaderElection130] INFO  impl.RaftServerImpl (ServerState.java:setLeader(255)) - e0593f1c-6b5a-4362-bc71-0b44a1bb1867@group-F255B7A46A64: change Leader from ea97180b-f37b-4beb-ae1e-adcdfeb20d18 to null at term 2 for initElection
2020-03-19 17:16:13,771 [e0593f1c-6b5a-4362-bc71-0b44a1bb1867@group-F255B7A46A64-LeaderElection130] INFO  impl.LeaderElection (LeaderElection.java:askForVotes(206)) - e0593f1c-6b5a-4362-bc71-0b44a1bb1867@group-F255B7A46A64-LeaderElection130: begin an election at term 3 for 0: [ea97180b-f37b-4beb-ae1e-adcdfeb20d18:172.17.0.2:46245, 19601d2c-1e34-4e29-889b-b501c57f3272:172.17.0.2:33413, e0593f1c-6b5a-4362-bc71-0b44a1bb1867:172.17.0.2:40807], old=null
2020-03-19 17:16:13,772 [e0593f1c-6b5a-4362-bc71-0b44a1bb1867@group-F255B7A46A64-LeaderElection130] INFO  impl.LeaderElection (LogUtils.java:infoOrTrace(137)) - e0593f1c-6b5a-4362-bc71-0b44a1bb1867@group-F255B7A46A64-LeaderElection130 got exception when requesting votes: java.util.concurrent.ExecutionException: org.apache.ratis.thirdparty.io.grpc.StatusRuntimeException: UNAVAILABLE: io exception
2020-03-19 17:16:13,774 [grpc-default-executor-0] INFO  impl.RaftServerImpl (ServerState.java:setLeader(255)) - 19601d2c-1e34-4e29-889b-b501c57f3272@group-F255B7A46A64: change Leader from ea97180b-f37b-4beb-ae1e-adcdfeb20d18 to null at term 3 for updateCurrentTerm
2020-03-19 17:16:13,774 [grpc-default-executor-0] INFO  impl.RaftServerImpl (RaftServerImpl.java:setRole(172)) - 19601d2c-1e34-4e29-889b-b501c57f3272@group-F255B7A46A64: changes role from  FOLLOWER to FOLLOWER at term 3 for recognizeCandidate:e0593f1c-6b5a-4362-bc71-0b44a1bb1867
2020-03-19 17:16:13,774 [grpc-default-executor-0] INFO  impl.RoleInfo (RoleInfo.java:shutdownFollowerState(121)) - 19601d2c-1e34-4e29-889b-b501c57f3272: shutdown FollowerState
2020-03-19 17:16:13,774 [grpc-default-executor-0] INFO  impl.RoleInfo (RoleInfo.java:updateAndGet(143)) - 19601d2c-1e34-4e29-889b-b501c57f3272: start FollowerState
2020-03-19 17:16:13,774 [Thread-3327] INFO  impl.FollowerState (FollowerState.java:run(117)) - 19601d2c-1e34-4e29-889b-b501c57f3272@group-F255B7A46A64-FollowerState was interrupted: java.lang.InterruptedException: sleep interrupted
2020-03-19 17:16:13,776 [e0593f1c-6b5a-4362-bc71-0b44a1bb1867@group-F255B7A46A64-LeaderElection130] INFO  impl.LeaderElection (LeaderElection.java:logAndReturn(61)) - e0593f1c-6b5a-4362-bc71-0b44a1bb1867@group-F255B7A46A64-LeaderElection130: Election PASSED; received 1 response(s) [e0593f1c-6b5a-4362-bc71-0b44a1bb1867<-19601d2c-1e34-4e29-889b-b501c57f3272#0:OK-t3] and 1 exception(s); e0593f1c-6b5a-4362-bc71-0b44a1bb1867@group-F255B7A46A64:t3, leader=null, voted=e0593f1c-6b5a-4362-bc71-0b44a1bb1867, raftlog=e0593f1c-6b5a-4362-bc71-0b44a1bb1867@group-F255B7A46A64-SegmentedRaftLog:OPENED:c8,f8,i8, conf=0: [ea97180b-f37b-4beb-ae1e-adcdfeb20d18:172.17.0.2:46245, 19601d2c-1e34-4e29-889b-b501c57f3272:172.17.0.2:33413, e0593f1c-6b5a-4362-bc71-0b44a1bb1867:172.17.0.2:40807], old=null
2020-03-19 17:16:13,777 [e0593f1c-6b5a-4362-bc71-0b44a1bb1867@group-F255B7A46A64-LeaderElection130] INFO  impl.LeaderElection (LogUtils.java:infoOrTrace(137)) -   Exception 0: java.util.concurrent.ExecutionException: org.apache.ratis.thirdparty.io.grpc.StatusRuntimeException: UNAVAILABLE: io exception
2020-03-19 17:16:13,777 [e0593f1c-6b5a-4362-bc71-0b44a1bb1867@group-F255B7A46A64-LeaderElection130] INFO  impl.RoleInfo (RoleInfo.java:shutdownLeaderElection(134)) - e0593f1c-6b5a-4362-bc71-0b44a1bb1867: shutdown LeaderElection
2020-03-19 17:16:13,777 [e0593f1c-6b5a-4362-bc71-0b44a1bb1867@group-F255B7A46A64-LeaderElection130] INFO  impl.RaftServerImpl (RaftServerImpl.java:setRole(172)) - e0593f1c-6b5a-4362-bc71-0b44a1bb1867@group-F255B7A46A64: changes role from CANDIDATE to LEADER at term 3 for changeToLeader
2020-03-19 17:16:13,777 [e0593f1c-6b5a-4362-bc71-0b44a1bb1867@group-F255B7A46A64-LeaderElection130] INFO  ratis.XceiverServerRatis (XceiverServerRatis.java:handleLeaderChangedNotification(739)) - Leader change notification received for group: group-F255B7A46A64 with new leaderId: e0593f1c-6b5a-4362-bc71-0b44a1bb1867
2020-03-19 17:16:13,777 [e0593f1c-6b5a-4362-bc71-0b44a1bb1867@group-F255B7A46A64-LeaderElection130] INFO  impl.RaftServerImpl (ServerState.java:setLeader(255)) - e0593f1c-6b5a-4362-bc71-0b44a1bb1867@group-F255B7A46A64: change Leader from null to e0593f1c-6b5a-4362-bc71-0b44a1bb1867 at term 3 for becomeLeader, leader elected after 7ms
2020-03-19 17:16:13,777 [e0593f1c-6b5a-4362-bc71-0b44a1bb1867@group-F255B7A46A64-LeaderElection130] INFO  server.RaftServerConfigKeys (ConfUtils.java:logGet(43)) - raft.server.staging.catchup.gap = 1000 (default)
2020-03-19 17:16:13,777 [e0593f1c-6b5a-4362-bc71-0b44a1bb1867@group-F255B7A46A64-LeaderElection130] INFO  server.RaftServerConfigKeys (ConfUtils.java:logGet(43)) - raft.server.rpc.sleep.time = 25ms (default)
2020-03-19 17:16:13,777 [e0593f1c-6b5a-4362-bc71-0b44a1bb1867@group-F255B7A46A64-LeaderElection130] INFO  metrics.RatisMetrics (RatisMetrics.java:lambda$create$0(39)) - Creating Metrics Registry : ratis.log_appender.e0593f1c-6b5a-4362-bc71-0b44a1bb1867@group-F255B7A46A64
2020-03-19 17:16:13,777 [e0593f1c-6b5a-4362-bc71-0b44a1bb1867@group-F255B7A46A64-LeaderElection130] INFO  server.RaftServerConfigKeys (ConfUtils.java:logGet(43)) - raft.server.write.element-limit = 1024 (custom)
2020-03-19 17:16:13,777 [e0593f1c-6b5a-4362-bc71-0b44a1bb1867@group-F255B7A46A64-LeaderElection130] INFO  server.RaftServerConfigKeys (ConfUtils.java:logGet(43)) - raft.server.write.byte-limit = 1073741824 (custom)
2020-03-19 17:16:13,778 [e0593f1c-6b5a-4362-bc71-0b44a1bb1867@group-F255B7A46A64-LeaderElection130] INFO  server.RaftServerConfigKeys (ConfUtils.java:logGet(43)) - raft.server.watch.timeout = 3s (custom)
2020-03-19 17:16:13,778 [e0593f1c-6b5a-4362-bc71-0b44a1bb1867@group-F255B7A46A64-LeaderElection130] INFO  server.RaftServerConfigKeys (ConfUtils.java:logGet(43)) - raft.server.watch.timeout.denomination = 1s (default)
2020-03-19 17:16:13,778 [e0593f1c-6b5a-4362-bc71-0b44a1bb1867@group-F255B7A46A64-LeaderElection130] INFO  server.RaftServerConfigKeys (ConfUtils.java:logGet(43)) - raft.server.watch.element-limit = 65536 (default)
2020-03-19 17:16:13,779 [e0593f1c-6b5a-4362-bc71-0b44a1bb1867@group-F255B7A46A64-LeaderElection130] INFO  server.RaftServerConfigKeys (ConfUtils.java:logGet(43)) - raft.server.log.appender.snapshot.chunk.size.max = 16MB (=16777216) (default)
2020-03-19 17:16:13,779 [e0593f1c-6b5a-4362-bc71-0b44a1bb1867@group-F255B7A46A64-LeaderElection130] INFO  server.RaftServerConfigKeys (ConfUtils.java:logGet(43)) - raft.server.log.appender.buffer.byte-limit = 33554432 (custom)
2020-03-19 17:16:13,779 [e0593f1c-6b5a-4362-bc71-0b44a1bb1867@group-F255B7A46A64-LeaderElection130] INFO  server.RaftServerConfigKeys (ConfUtils.java:logGet(43)) - raft.server.log.appender.buffer.element-limit = 1 (custom)
2020-03-19 17:16:13,779 [e0593f1c-6b5a-4362-bc71-0b44a1bb1867@group-F255B7A46A64-LeaderElection130] INFO  grpc.GrpcConfigKeys$Server (ConfUtils.java:logGet(43)) - raft.grpc.server.leader.outstanding.appends.max = 128 (default)
2020-03-19 17:16:13,779 [e0593f1c-6b5a-4362-bc71-0b44a1bb1867@group-F255B7A46A64-LeaderElection130] INFO  server.RaftServerConfigKeys (ConfUtils.java:logGet(43)) - raft.server.rpc.request.timeout = 3s (default)
2020-03-19 17:16:13,779 [e0593f1c-6b5a-4362-bc71-0b44a1bb1867@group-F255B7A46A64-LeaderElection130] INFO  server.RaftServerConfigKeys (ConfUtils.java:logGet(43)) - raft.server.log.appender.install.snapshot.enabled = false (custom)
2020-03-19 17:16:13,781 [e0593f1c-6b5a-4362-bc71-0b44a1bb1867@group-F255B7A46A64-LeaderElection130] INFO  server.RaftServerConfigKeys (ConfUtils.java:logGet(43)) - raft.server.log.appender.snapshot.chunk.size.max = 16MB (=16777216) (default)
2020-03-19 17:16:13,781 [e0593f1c-6b5a-4362-bc71-0b44a1bb1867@group-F255B7A46A64-LeaderElection130] INFO  server.RaftServerConfigKeys (ConfUtils.java:logGet(43)) - raft.server.log.appender.buffer.byte-limit = 33554432 (custom)
2020-03-19 17:16:13,781 [e0593f1c-6b5a-4362-bc71-0b44a1bb1867@group-F255B7A46A64-LeaderElection130] INFO  server.RaftServerConfigKeys (ConfUtils.java:logGet(43)) - raft.server.log.appender.buffer.element-limit = 1 (custom)
2020-03-19 17:16:13,781 [e0593f1c-6b5a-4362-bc71-0b44a1bb1867@group-F255B7A46A64-LeaderElection130] INFO  grpc.GrpcConfigKeys$Server (ConfUtils.java:logGet(43)) - raft.grpc.server.leader.outstanding.appends.max = 128 (default)
2020-03-19 17:16:13,781 [e0593f1c-6b5a-4362-bc71-0b44a1bb1867@group-F255B7A46A64-LeaderElection130] INFO  server.RaftServerConfigKeys (ConfUtils.java:logGet(43)) - raft.server.rpc.request.timeout = 3s (default)
2020-03-19 17:16:13,781 [e0593f1c-6b5a-4362-bc71-0b44a1bb1867@group-F255B7A46A64-LeaderElection130] INFO  server.RaftServerConfigKeys (ConfUtils.java:logGet(43)) - raft.server.log.appender.install.snapshot.enabled = false (custom)
2020-03-19 17:16:13,784 [e0593f1c-6b5a-4362-bc71-0b44a1bb1867@group-F255B7A46A64-LeaderElection130] INFO  impl.RoleInfo (RoleInfo.java:updateAndGet(143)) - e0593f1c-6b5a-4362-bc71-0b44a1bb1867: start LeaderState
2020-03-19 17:16:13,784 [e0593f1c-6b5a-4362-bc71-0b44a1bb1867@group-F255B7A46A64-LeaderElection130] INFO  segmented.SegmentedRaftLogWorker (SegmentedRaftLogWorker.java:rollLogSegment(396)) - e0593f1c-6b5a-4362-bc71-0b44a1bb1867@group-F255B7A46A64-SegmentedRaftLogWorker: Rolling segment log-0_8 to index:8
2020-03-19 17:16:13,785 [e0593f1c-6b5a-4362-bc71-0b44a1bb1867@group-F255B7A46A64-SegmentedRaftLogWorker] INFO  segmented.SegmentedRaftLogWorker (SegmentedRaftLogWorker.java:execute(541)) - e0593f1c-6b5a-4362-bc71-0b44a1bb1867@group-F255B7A46A64-SegmentedRaftLogWorker: Rolled log segment from /github/workspace/hadoop-ozone/integration-test/target/test-dir/MiniOzoneClusterImpl-80293407-04bd-45a8-aeac-96ce148bba0b/datanode-0/data/ratis/22eb4e39-762b-4c78-a42b-f255b7a46a64/current/log_inprogress_0 to /github/workspace/hadoop-ozone/integration-test/target/test-dir/MiniOzoneClusterImpl-80293407-04bd-45a8-aeac-96ce148bba0b/datanode-0/data/ratis/22eb4e39-762b-4c78-a42b-f255b7a46a64/current/log_0-8
2020-03-19 17:16:13,794 [e0593f1c-6b5a-4362-bc71-0b44a1bb1867@group-F255B7A46A64-LeaderElection130] INFO  impl.RaftServerImpl (ServerState.java:setRaftConf(356)) - e0593f1c-6b5a-4362-bc71-0b44a1bb1867@group-F255B7A46A64: set configuration 9: [ea97180b-f37b-4beb-ae1e-adcdfeb20d18:172.17.0.2:46245, 19601d2c-1e34-4e29-889b-b501c57f3272:172.17.0.2:33413, e0593f1c-6b5a-4362-bc71-0b44a1bb1867:172.17.0.2:40807], old=null at 9
2020-03-19 17:16:13,785 [grpc-default-executor-0] WARN  server.GrpcLogAppender (LogUtils.java:warn(122)) - e0593f1c-6b5a-4362-bc71-0b44a1bb1867@group-F255B7A46A64->ea97180b-f37b-4beb-ae1e-adcdfeb20d18-AppendLogResponseHandler: Failed appendEntries: org.apache.ratis.thirdparty.io.grpc.StatusRuntimeException: UNAVAILABLE: io exception
2020-03-19 17:16:13,796 [grpc-default-executor-0] INFO  impl.FollowerInfo (FollowerInfo.java:lambda$new$0(50)) - e0593f1c-6b5a-4362-bc71-0b44a1bb1867@group-F255B7A46A64->ea97180b-f37b-4beb-ae1e-adcdfeb20d18: nextIndex: updateUnconditionally 10 -> 1
2020-03-19 17:16:13,796 [e0593f1c-6b5a-4362-bc71-0b44a1bb1867@group-F255B7A46A64-SegmentedRaftLogWorker] INFO  segmented.SegmentedRaftLogWorker (SegmentedRaftLogWorker.java:execute(583)) - e0593f1c-6b5a-4362-bc71-0b44a1bb1867@group-F255B7A46A64-SegmentedRaftLogWorker: created new log segment /github/workspace/hadoop-ozone/integration-test/target/test-dir/MiniOzoneClusterImpl-80293407-04bd-45a8-aeac-96ce148bba0b/datanode-0/data/ratis/22eb4e39-762b-4c78-a42b-f255b7a46a64/current/log_inprogress_9
2020-03-19 17:16:13,800 [grpc-default-executor-0] WARN  server.GrpcLogAppender (LogUtils.java:warn(122)) - 8719c7fb-c7e5-474c-a3e1-64c0a78adabe@group-61D83DCB3EDB->5ac25ff6-d68b-4c37-b38b-9bf9f6fc66ee-AppendLogResponseHandler: Failed appendEntries: org.apache.ratis.thirdparty.io.grpc.StatusRuntimeException: UNAVAILABLE: io exception
2020-03-19 17:16:13,800 [grpc-default-executor-0] INFO  impl.FollowerInfo (FollowerInfo.java:lambda$new$0(50)) - 8719c7fb-c7e5-474c-a3e1-64c0a78adabe@group-61D83DCB3EDB->5ac25ff6-d68b-4c37-b38b-9bf9f6fc66ee: nextIndex: updateUnconditionally 1 -> 0
2020-03-19 17:16:13,800 [grpc-default-executor-9] INFO  ratis.XceiverServerRatis (XceiverServerRatis.java:handleLeaderChangedNotification(739)) - Leader change notification received for group: group-F255B7A46A64 with new leaderId: e0593f1c-6b5a-4362-bc71-0b44a1bb1867
2020-03-19 17:16:13,800 [grpc-default-executor-9] INFO  impl.RaftServerImpl (ServerState.java:setLeader(255)) - 19601d2c-1e34-4e29-889b-b501c57f3272@group-F255B7A46A64: change Leader from null to e0593f1c-6b5a-4362-bc71-0b44a1bb1867 at term 3 for appendEntries, leader elected after 26ms
2020-03-19 17:16:13,803 [grpc-default-executor-9] INFO  impl.RaftServerImpl (ServerState.java:setRaftConf(356)) - 19601d2c-1e34-4e29-889b-b501c57f3272@group-F255B7A46A64: set configuration 9: [ea97180b-f37b-4beb-ae1e-adcdfeb20d18:172.17.0.2:46245, 19601d2c-1e34-4e29-889b-b501c57f3272:172.17.0.2:33413, e0593f1c-6b5a-4362-bc71-0b44a1bb1867:172.17.0.2:40807], old=null at 9
2020-03-19 17:16:13,803 [grpc-default-executor-9] INFO  segmented.SegmentedRaftLogWorker (SegmentedRaftLogWorker.java:rollLogSegment(396)) - 19601d2c-1e34-4e29-889b-b501c57f3272@group-F255B7A46A64-SegmentedRaftLogWorker: Rolling segment log-0_8 to index:8
2020-03-19 17:16:13,803 [19601d2c-1e34-4e29-889b-b501c57f3272@group-F255B7A46A64-SegmentedRaftLogWorker] INFO  segmented.SegmentedRaftLogWorker (SegmentedRaftLogWorker.java:execute(541)) - 19601d2c-1e34-4e29-889b-b501c57f3272@group-F255B7A46A64-SegmentedRaftLogWorker: Rolled log segment from /github/workspace/hadoop-ozone/integration-test/target/test-dir/MiniOzoneClusterImpl-80293407-04bd-45a8-aeac-96ce148bba0b/datanode-1/data/ratis/22eb4e39-762b-4c78-a42b-f255b7a46a64/current/log_inprogress_0 to /github/workspace/hadoop-ozone/integration-test/target/test-dir/MiniOzoneClusterImpl-80293407-04bd-45a8-aeac-96ce148bba0b/datanode-1/data/ratis/22eb4e39-762b-4c78-a42b-f255b7a46a64/current/log_0-8
2020-03-19 17:16:13,805 [19601d2c-1e34-4e29-889b-b501c57f3272@group-F255B7A46A64-SegmentedRaftLogWorker] INFO  segmented.SegmentedRaftLogWorker (SegmentedRaftLogWorker.java:execute(583)) - 19601d2c-1e34-4e29-889b-b501c57f3272@group-F255B7A46A64-SegmentedRaftLogWorker: created new log segment /github/workspace/hadoop-ozone/integration-test/target/test-dir/MiniOzoneClusterImpl-80293407-04bd-45a8-aeac-96ce148bba0b/datanode-1/data/ratis/22eb4e39-762b-4c78-a42b-f255b7a46a64/current/log_inprogress_9
2020-03-19 17:16:13,811 [grpc-default-executor-9] WARN  server.GrpcLogAppender (LogUtils.java:warn(122)) - e0593f1c-6b5a-4362-bc71-0b44a1bb1867@group-F255B7A46A64->ea97180b-f37b-4beb-ae1e-adcdfeb20d18-AppendLogResponseHandler: Failed appendEntries: org.apache.ratis.thirdparty.io.grpc.StatusRuntimeException: UNAVAILABLE: io exception
2020-03-19 17:16:13,812 [grpc-default-executor-9] INFO  impl.FollowerInfo (FollowerInfo.java:lambda$new$0(50)) - e0593f1c-6b5a-4362-bc71-0b44a1bb1867@group-F255B7A46A64->ea97180b-f37b-4beb-ae1e-adcdfeb20d18: nextIndex: updateUnconditionally 2 -> 1
2020-03-19 17:16:13,815 [grpc-default-executor-0] WARN  server.GrpcLogAppender (LogUtils.java:warn(122)) - e0593f1c-6b5a-4362-bc71-0b44a1bb1867@group-F255B7A46A64->ea97180b-f37b-4beb-ae1e-adcdfeb20d18-AppendLogResponseHandler: Failed appendEntries: org.apache.ratis.thirdparty.io.grpc.StatusRuntimeException: UNAVAILABLE: io exception
2020-03-19 17:16:13,816 [grpc-default-executor-0] INFO  impl.FollowerInfo (FollowerInfo.java:lambda$new$0(50)) - e0593f1c-6b5a-4362-bc71-0b44a1bb1867@group-F255B7A46A64->ea97180b-f37b-4beb-ae1e-adcdfeb20d18: nextIndex: updateUnconditionally 2 -> 1
2020-03-19 17:16:14,014 [grpc-default-executor-9] WARN  server.GrpcLogAppender (LogUtils.java:warn(122)) - 665f80ed-020a-4994-95dd-47071b79dcbc@group-448E1A42821C->78c87700-eed0-40ed-9c83-27d56052797c-AppendLogResponseHandler: Failed appendEntries: org.apache.ratis.thirdparty.io.grpc.StatusRuntimeException: UNAVAILABLE: io exception
2020-03-19 17:16:14,016 [grpc-default-executor-9] INFO  impl.FollowerInfo (FollowerInfo.java:lambda$new$0(50)) - 665f80ed-020a-4994-95dd-47071b79dcbc@group-448E1A42821C->78c87700-eed0-40ed-9c83-27d56052797c: nextIndex: updateUnconditionally 2 -> 1
2020-03-19 17:16:14,299 [grpc-default-executor-0] WARN  server.GrpcLogAppender (LogUtils.java:warn(122)) - 8719c7fb-c7e5-474c-a3e1-64c0a78adabe@group-61D83DCB3EDB->5ac25ff6-d68b-4c37-b38b-9bf9f6fc66ee-AppendLogResponseHandler: Failed appendEntries: org.apache.ratis.thirdparty.io.grpc.StatusRuntimeException: UNAVAILABLE: io exception
2020-03-19 17:16:14,299 [grpc-default-executor-0] INFO  impl.FollowerInfo (FollowerInfo.java:lambda$new$0(50)) - 8719c7fb-c7e5-474c-a3e1-64c0a78adabe@group-61D83DCB3EDB->5ac25ff6-d68b-4c37-b38b-9bf9f6fc66ee: nextIndex: updateUnconditionally 1 -> 0
2020-03-19 17:16:14,317 [grpc-default-executor-9] WARN  server.GrpcLogAppender (LogUtils.java:warn(122)) - e0593f1c-6b5a-4362-bc71-0b44a1bb1867@group-F255B7A46A64->ea97180b-f37b-4beb-ae1e-adcdfeb20d18-AppendLogResponseHandler: Failed appendEntries: org.apache.ratis.thirdparty.io.grpc.StatusRuntimeException: UNAVAILABLE: io exception
2020-03-19 17:16:14,317 [grpc-default-executor-9] INFO  impl.FollowerInfo (FollowerInfo.java:lambda$new$0(50)) - e0593f1c-6b5a-4362-bc71-0b44a1bb1867@group-F255B7A46A64->ea97180b-f37b-4beb-ae1e-adcdfeb20d18: nextIndex: updateUnconditionally 2 -> 1
2020-03-19 17:16:14,517 [grpc-default-executor-0] WARN  server.GrpcLogAppender (LogUtils.java:warn(122)) - 665f80ed-020a-4994-95dd-47071b79dcbc@group-448E1A42821C->78c87700-eed0-40ed-9c83-27d56052797c-AppendLogResponseHandler: Failed appendEntries: org.apache.ratis.thirdparty.io.grpc.StatusRuntimeException: UNAVAILABLE: io exception
2020-03-19 17:16:14,517 [grpc-default-executor-0] INFO  impl.FollowerInfo (FollowerInfo.java:lambda$new$0(50)) - 665f80ed-020a-4994-95dd-47071b79dcbc@group-448E1A42821C->78c87700-eed0-40ed-9c83-27d56052797c: nextIndex: updateUnconditionally 2 -> 1
2020-03-19 17:16:14,800 [grpc-default-executor-9] WARN  server.GrpcLogAppender (LogUtils.java:warn(122)) - 8719c7fb-c7e5-474c-a3e1-64c0a78adabe@group-61D83DCB3EDB->5ac25ff6-d68b-4c37-b38b-9bf9f6fc66ee-AppendLogResponseHandler: Failed appendEntries: org.apache.ratis.thirdparty.io.grpc.StatusRuntimeException: UNAVAILABLE: io exception
2020-03-19 17:16:14,800 [grpc-default-executor-9] INFO  impl.FollowerInfo (FollowerInfo.java:lambda$new$0(50)) - 8719c7fb-c7e5-474c-a3e1-64c0a78adabe@group-61D83DCB3EDB->5ac25ff6-d68b-4c37-b38b-9bf9f6fc66ee: nextIndex: updateUnconditionally 1 -> 0
2020-03-19 17:16:14,819 [grpc-default-executor-0] WARN  server.GrpcLogAppender (LogUtils.java:warn(122)) - e0593f1c-6b5a-4362-bc71-0b44a1bb1867@group-F255B7A46A64->ea97180b-f37b-4beb-ae1e-adcdfeb20d18-AppendLogResponseHandler: Failed appendEntries: org.apache.ratis.thirdparty.io.grpc.StatusRuntimeException: UNAVAILABLE: io exception
2020-03-19 17:16:14,819 [grpc-default-executor-0] INFO  impl.FollowerInfo (FollowerInfo.java:lambda$new$0(50)) - e0593f1c-6b5a-4362-bc71-0b44a1bb1867@group-F255B7A46A64->ea97180b-f37b-4beb-ae1e-adcdfeb20d18: nextIndex: updateUnconditionally 2 -> 1
2020-03-19 17:16:15,019 [grpc-default-executor-0] WARN  server.GrpcLogAppender (LogUtils.java:warn(122)) - 665f80ed-020a-4994-95dd-47071b79dcbc@group-448E1A42821C->78c87700-eed0-40ed-9c83-27d56052797c-AppendLogResponseHandler: Failed appendEntries: org.apache.ratis.thirdparty.io.grpc.StatusRuntimeException: UNAVAILABLE: io exception
2020-03-19 17:16:15,020 [grpc-default-executor-0] INFO  impl.FollowerInfo (FollowerInfo.java:lambda$new$0(50)) - 665f80ed-020a-4994-95dd-47071b79dcbc@group-448E1A42821C->78c87700-eed0-40ed-9c83-27d56052797c: nextIndex: updateUnconditionally 2 -> 1
2020-03-19 17:16:15,301 [grpc-default-executor-9] WARN  server.GrpcLogAppender (LogUtils.java:warn(122)) - 8719c7fb-c7e5-474c-a3e1-64c0a78adabe@group-61D83DCB3EDB->5ac25ff6-d68b-4c37-b38b-9bf9f6fc66ee-AppendLogResponseHandler: Failed appendEntries: org.apache.ratis.thirdparty.io.grpc.StatusRuntimeException: UNAVAILABLE: io exception
2020-03-19 17:16:15,302 [grpc-default-executor-9] INFO  impl.FollowerInfo (FollowerInfo.java:lambda$new$0(50)) - 8719c7fb-c7e5-474c-a3e1-64c0a78adabe@group-61D83DCB3EDB->5ac25ff6-d68b-4c37-b38b-9bf9f6fc66ee: nextIndex: updateUnconditionally 1 -> 0
2020-03-19 17:16:15,321 [grpc-default-executor-0] WARN  server.GrpcLogAppender (LogUtils.java:warn(122)) - e0593f1c-6b5a-4362-bc71-0b44a1bb1867@group-F255B7A46A64->ea97180b-f37b-4beb-ae1e-adcdfeb20d18-AppendLogResponseHandler: Failed appendEntries: org.apache.ratis.thirdparty.io.grpc.StatusRuntimeException: UNAVAILABLE: io exception
2020-03-19 17:16:15,322 [grpc-default-executor-0] INFO  impl.FollowerInfo (FollowerInfo.java:lambda$new$0(50)) - e0593f1c-6b5a-4362-bc71-0b44a1bb1867@group-F255B7A46A64->ea97180b-f37b-4beb-ae1e-adcdfeb20d18: nextIndex: updateUnconditionally 2 -> 1
2020-03-19 17:16:15,523 [grpc-default-executor-9] WARN  server.GrpcLogAppender (LogUtils.java:warn(122)) - 665f80ed-020a-4994-95dd-47071b79dcbc@group-448E1A42821C->78c87700-eed0-40ed-9c83-27d56052797c-AppendLogResponseHandler: Failed appendEntries: org.apache.ratis.thirdparty.io.grpc.StatusRuntimeException: UNAVAILABLE: io exception
2020-03-19 17:16:15,523 [grpc-default-executor-9] INFO  impl.FollowerInfo (FollowerInfo.java:lambda$new$0(50)) - 665f80ed-020a-4994-95dd-47071b79dcbc@group-448E1A42821C->78c87700-eed0-40ed-9c83-27d56052797c: nextIndex: updateUnconditionally 2 -> 1
2020-03-19 17:16:15,802 [grpc-default-executor-0] WARN  server.GrpcLogAppender (LogUtils.java:warn(122)) - 8719c7fb-c7e5-474c-a3e1-64c0a78adabe@group-61D83DCB3EDB->5ac25ff6-d68b-4c37-b38b-9bf9f6fc66ee-AppendLogResponseHandler: Failed appendEntries: org.apache.ratis.thirdparty.io.grpc.StatusRuntimeException: UNAVAILABLE: io exception
2020-03-19 17:16:15,803 [grpc-default-executor-0] INFO  impl.FollowerInfo (FollowerInfo.java:lambda$new$0(50)) - 8719c7fb-c7e5-474c-a3e1-64c0a78adabe@group-61D83DCB3EDB->5ac25ff6-d68b-4c37-b38b-9bf9f6fc66ee: nextIndex: updateUnconditionally 1 -> 0
2020-03-19 17:16:15,825 [grpc-default-executor-9] WARN  server.GrpcLogAppender (LogUtils.java:warn(122)) - e0593f1c-6b5a-4362-bc71-0b44a1bb1867@group-F255B7A46A64->ea97180b-f37b-4beb-ae1e-adcdfeb20d18-AppendLogResponseHandler: Failed appendEntries: org.apache.ratis.thirdparty.io.grpc.StatusRuntimeException: UNAVAILABLE: io exception
2020-03-19 17:16:15,825 [grpc-default-executor-9] INFO  impl.FollowerInfo (FollowerInfo.java:lambda$new$0(50)) - e0593f1c-6b5a-4362-bc71-0b44a1bb1867@group-F255B7A46A64->ea97180b-f37b-4beb-ae1e-adcdfeb20d18: nextIndex: updateUnconditionally 2 -> 1
2020-03-19 17:16:16,024 [grpc-default-executor-0] WARN  server.GrpcLogAppender (LogUtils.java:warn(122)) - 665f80ed-020a-4994-95dd-47071b79dcbc@group-448E1A42821C->78c87700-eed0-40ed-9c83-27d56052797c-AppendLogResponseHandler: Failed appendEntries: org.apache.ratis.thirdparty.io.grpc.StatusRuntimeException: UNAVAILABLE: io exception
2020-03-19 17:16:16,025 [grpc-default-executor-0] INFO  impl.FollowerInfo (FollowerInfo.java:lambda$new$0(50)) - 665f80ed-020a-4994-95dd-47071b79dcbc@group-448E1A42821C->78c87700-eed0-40ed-9c83-27d56052797c: nextIndex: updateUnconditionally 2 -> 1
2020-03-19 17:16:16,304 [grpc-default-executor-9] WARN  server.GrpcLogAppender (LogUtils.java:warn(122)) - 8719c7fb-c7e5-474c-a3e1-64c0a78adabe@group-61D83DCB3EDB->5ac25ff6-d68b-4c37-b38b-9bf9f6fc66ee-AppendLogResponseHandler: Failed appendEntries: org.apache.ratis.thirdparty.io.grpc.StatusRuntimeException: UNAVAILABLE: io exception
2020-03-19 17:16:16,304 [grpc-default-executor-9] INFO  impl.FollowerInfo (FollowerInfo.java:lambda$new$0(50)) - 8719c7fb-c7e5-474c-a3e1-64c0a78adabe@group-61D83DCB3EDB->5ac25ff6-d68b-4c37-b38b-9bf9f6fc66ee: nextIndex: updateUnconditionally 1 -> 0
2020-03-19 17:16:16,327 [grpc-default-executor-0] WARN  server.GrpcLogAppender (LogUtils.java:warn(122)) - e0593f1c-6b5a-4362-bc71-0b44a1bb1867@group-F255B7A46A64->ea97180b-f37b-4beb-ae1e-adcdfeb20d18-AppendLogResponseHandler: Failed appendEntries: org.apache.ratis.thirdparty.io.grpc.StatusRuntimeException: UNAVAILABLE: io exception
2020-03-19 17:16:16,327 [grpc-default-executor-0] INFO  impl.FollowerInfo (FollowerInfo.java:lambda$new$0(50)) - e0593f1c-6b5a-4362-bc71-0b44a1bb1867@group-F255B7A46A64->ea97180b-f37b-4beb-ae1e-adcdfeb20d18: nextIndex: updateUnconditionally 2 -> 1
2020-03-19 17:16:16,527 [grpc-default-executor-9] WARN  server.GrpcLogAppender (LogUtils.java:warn(122)) - 665f80ed-020a-4994-95dd-47071b79dcbc@group-448E1A42821C->78c87700-eed0-40ed-9c83-27d56052797c-AppendLogResponseHandler: Failed appendEntries: org.apache.ratis.thirdparty.io.grpc.StatusRuntimeException: UNAVAILABLE: io exception
2020-03-19 17:16:16,527 [grpc-default-executor-9] INFO  impl.FollowerInfo (FollowerInfo.java:lambda$new$0(50)) - 665f80ed-020a-4994-95dd-47071b79dcbc@group-448E1A42821C->78c87700-eed0-40ed-9c83-27d56052797c: nextIndex: updateUnconditionally 2 -> 1
2020-03-19 17:16:16,809 [grpc-default-executor-10] WARN  server.GrpcLogAppender (LogUtils.java:warn(122)) - 8719c7fb-c7e5-474c-a3e1-64c0a78adabe@group-61D83DCB3EDB->5ac25ff6-d68b-4c37-b38b-9bf9f6fc66ee-AppendLogResponseHandler: Failed appendEntries: org.apache.ratis.thirdparty.io.grpc.StatusRuntimeException: UNAVAILABLE: io exception
2020-03-19 17:16:16,809 [grpc-default-executor-10] INFO  impl.FollowerInfo (FollowerInfo.java:lambda$new$0(50)) - 8719c7fb-c7e5-474c-a3e1-64c0a78adabe@group-61D83DCB3EDB->5ac25ff6-d68b-4c37-b38b-9bf9f6fc66ee: nextIndex: updateUnconditionally 1 -> 0
2020-03-19 17:16:16,830 [grpc-default-executor-9] WARN  server.GrpcLogAppender (LogUtils.java:warn(122)) - e0593f1c-6b5a-4362-bc71-0b44a1bb1867@group-F255B7A46A64->ea97180b-f37b-4beb-ae1e-adcdfeb20d18-AppendLogResponseHandler: Failed appendEntries: org.apache.ratis.thirdparty.io.grpc.StatusRuntimeException: UNAVAILABLE: io exception
2020-03-19 17:16:16,831 [grpc-default-executor-9] INFO  impl.FollowerInfo (FollowerInfo.java:lambda$new$0(50)) - e0593f1c-6b5a-4362-bc71-0b44a1bb1867@group-F255B7A46A64->ea97180b-f37b-4beb-ae1e-adcdfeb20d18: nextIndex: updateUnconditionally 2 -> 1
2020-03-19 17:16:17,030 [grpc-default-executor-10] WARN  server.GrpcLogAppender (LogUtils.java:warn(122)) - 665f80ed-020a-4994-95dd-47071b79dcbc@group-448E1A42821C->78c87700-eed0-40ed-9c83-27d56052797c-AppendLogResponseHandler: Failed appendEntries: org.apache.ratis.thirdparty.io.grpc.StatusRuntimeException: UNAVAILABLE: io exception
2020-03-19 17:16:17,030 [grpc-default-executor-10] INFO  impl.FollowerInfo (FollowerInfo.java:lambda$new$0(50)) - 665f80ed-020a-4994-95dd-47071b79dcbc@group-448E1A42821C->78c87700-eed0-40ed-9c83-27d56052797c: nextIndex: updateUnconditionally 2 -> 1
2020-03-19 17:16:17,268 [ForkJoinPool.commonPool-worker-1] INFO  ozoneimpl.OzoneContainer (OzoneContainer.java:stop(245)) - Attempting to stop container services.
2020-03-19 17:16:17,269 [ForkJoinPool.commonPool-worker-1] INFO  impl.RaftServerProxy (RaftServerProxy.java:lambda$close$4(314)) - 665f80ed-020a-4994-95dd-47071b79dcbc: close
2020-03-19 17:16:17,269 [ForkJoinPool.commonPool-worker-1] INFO  impl.RaftServerImpl (RaftServerImpl.java:lambda$shutdown$3(249)) - 665f80ed-020a-4994-95dd-47071b79dcbc@group-2F17DF0D0549: shutdown
2020-03-19 17:16:17,269 [ForkJoinPool.commonPool-worker-1] INFO  util.JmxRegister (JmxRegister.java:unregister(73)) - Successfully un-registered JMX Bean with object name Ratis:service=RaftServer,group=group-2F17DF0D0549,id=665f80ed-020a-4994-95dd-47071b79dcbc
2020-03-19 17:16:17,269 [ForkJoinPool.commonPool-worker-1] INFO  impl.RoleInfo (RoleInfo.java:shutdownLeaderState(104)) - 665f80ed-020a-4994-95dd-47071b79dcbc: shutdown LeaderState
2020-03-19 17:16:17,269 [ForkJoinPool.commonPool-worker-1] INFO  impl.PendingRequests (PendingRequests.java:sendNotLeaderResponses(240)) - 665f80ed-020a-4994-95dd-47071b79dcbc@group-2F17DF0D0549-PendingRequests: sendNotLeaderResponses
2020-03-19 17:16:17,269 [main] INFO  ozoneimpl.OzoneContainer (OzoneContainer.java:stop(245)) - Attempting to stop container services.
2020-03-19 17:16:17,270 [main] INFO  impl.RaftServerProxy (RaftServerProxy.java:lambda$close$4(314)) - 8719c7fb-c7e5-474c-a3e1-64c0a78adabe: close
2020-03-19 17:16:17,270 [main] INFO  impl.RaftServerImpl (RaftServerImpl.java:lambda$shutdown$3(249)) - 8719c7fb-c7e5-474c-a3e1-64c0a78adabe@group-61D83DCB3EDB: shutdown
2020-03-19 17:16:17,270 [main] INFO  util.JmxRegister (JmxRegister.java:unregister(73)) - Successfully un-registered JMX Bean with object name Ratis:service=RaftServer,group=group-61D83DCB3EDB,id=8719c7fb-c7e5-474c-a3e1-64c0a78adabe
2020-03-19 17:16:17,270 [main] INFO  impl.RoleInfo (RoleInfo.java:shutdownLeaderState(104)) - 8719c7fb-c7e5-474c-a3e1-64c0a78adabe: shutdown LeaderState
2020-03-19 17:16:17,270 [ForkJoinPool.commonPool-worker-1] INFO  metrics.RatisMetrics (RatisMetrics.java:unregister(46)) - Unregistering Metrics Registry : ratis.log_appender.665f80ed-020a-4994-95dd-47071b79dcbc@group-2F17DF0D0549
2020-03-19 17:16:17,272 [org.apache.ratis.server.impl.LogAppender$AppenderDaemon$$Lambda$438/950258833@51ee37e1] WARN  server.GrpcLogAppender (GrpcLogAppender.java:mayWait(153)) - 8719c7fb-c7e5-474c-a3e1-64c0a78adabe@group-61D83DCB3EDB->5ac25ff6-d68b-4c37-b38b-9bf9f6fc66ee-GrpcLogAppender: Wait interrupted by java.lang.InterruptedException
2020-03-19 17:16:17,272 [main] INFO  impl.PendingRequests (PendingRequests.java:sendNotLeaderResponses(240)) - 8719c7fb-c7e5-474c-a3e1-64c0a78adabe@group-61D83DCB3EDB-PendingRequests: sendNotLeaderResponses
2020-03-19 17:16:17,273 [main] INFO  metrics.RatisMetrics (RatisMetrics.java:unregister(46)) - Unregistering Metrics Registry : ratis.log_appender.8719c7fb-c7e5-474c-a3e1-64c0a78adabe@group-61D83DCB3EDB
2020-03-19 17:16:17,273 [main] INFO  impl.StateMachineUpdater (StateMachineUpdater.java:stopAndJoin(139)) - 8719c7fb-c7e5-474c-a3e1-64c0a78adabe@group-61D83DCB3EDB-StateMachineUpdater: set stopIndex = 0
2020-03-19 17:16:17,272 [org.apache.ratis.server.impl.LogAppender$AppenderDaemon$$Lambda$438/950258833@4c9aac4b] WARN  server.GrpcLogAppender (GrpcLogAppender.java:mayWait(153)) - 8719c7fb-c7e5-474c-a3e1-64c0a78adabe@group-61D83DCB3EDB->ef0c1a11-1ea8-4cb4-b60f-6bfb3b779eb6-GrpcLogAppender: Wait interrupted by java.lang.InterruptedException
2020-03-19 17:16:17,274 [8719c7fb-c7e5-474c-a3e1-64c0a78adabe@group-61D83DCB3EDB-StateMachineUpdater] INFO  ratis.ContainerStateMachine (ContainerStateMachine.java:takeSnapshot(295)) - group-61D83DCB3EDB: Taking a snapshot at:(t:1, i:0) file /github/workspace/hadoop-ozone/integration-test/target/test-dir/MiniOzoneClusterImpl-80293407-04bd-45a8-aeac-96ce148bba0b/datanode-8/data/ratis/c9d6e225-81f8-4462-a714-61d83dcb3edb/sm/snapshot.1_0
2020-03-19 17:16:17,274 [8719c7fb-c7e5-474c-a3e1-64c0a78adabe@group-61D83DCB3EDB-StateMachineUpdater] INFO  ratis.ContainerStateMachine (ContainerStateMachine.java:takeSnapshot(306)) - group-61D83DCB3EDB: Finished taking a snapshot at:(t:1, i:0) file:/github/workspace/hadoop-ozone/integration-test/target/test-dir/MiniOzoneClusterImpl-80293407-04bd-45a8-aeac-96ce148bba0b/datanode-8/data/ratis/c9d6e225-81f8-4462-a714-61d83dcb3edb/sm/snapshot.1_0 time:1
2020-03-19 17:16:17,275 [8719c7fb-c7e5-474c-a3e1-64c0a78adabe@group-61D83DCB3EDB-StateMachineUpdater] INFO  impl.StateMachineUpdater (StateMachineUpdater.java:takeSnapshot(274)) - 8719c7fb-c7e5-474c-a3e1-64c0a78adabe@group-61D83DCB3EDB-StateMachineUpdater: Took a snapshot at index 0
2020-03-19 17:16:17,275 [8719c7fb-c7e5-474c-a3e1-64c0a78adabe@group-61D83DCB3EDB-StateMachineUpdater] INFO  impl.StateMachineUpdater (StateMachineUpdater.java:lambda$new$0(86)) - 8719c7fb-c7e5-474c-a3e1-64c0a78adabe@group-61D83DCB3EDB-StateMachineUpdater: snapshotIndex: updateIncreasingly -1 -> 0
2020-03-19 17:16:17,273 [665f80ed-020a-4994-95dd-47071b79dcbc@group-2F17DF0D0549-StateMachineUpdater] INFO  ratis.ContainerStateMachine (ContainerStateMachine.java:takeSnapshot(295)) - group-2F17DF0D0549: Taking a snapshot at:(t:1, i:0) file /github/workspace/hadoop-ozone/integration-test/target/test-dir/MiniOzoneClusterImpl-80293407-04bd-45a8-aeac-96ce148bba0b/datanode-3/data/ratis/5c6f8c2e-d881-498c-9055-2f17df0d0549/sm/snapshot.1_0
2020-03-19 17:16:17,275 [8719c7fb-c7e5-474c-a3e1-64c0a78adabe@group-61D83DCB3EDB-StateMachineUpdater] INFO  metrics.RatisMetrics (RatisMetrics.java:unregister(46)) - Unregistering Metrics Registry : ratis.state_machine.8719c7fb-c7e5-474c-a3e1-64c0a78adabe@group-61D83DCB3EDB
2020-03-19 17:16:17,272 [ForkJoinPool.commonPool-worker-1] INFO  impl.StateMachineUpdater (StateMachineUpdater.java:stopAndJoin(139)) - 665f80ed-020a-4994-95dd-47071b79dcbc@group-2F17DF0D0549-StateMachineUpdater: set stopIndex = 0
2020-03-19 17:16:17,275 [grpc-default-executor-10] INFO  server.GrpcServerProtocolService (GrpcServerProtocolService.java:onCompleted(137)) - ef0c1a11-1ea8-4cb4-b60f-6bfb3b779eb6: Completed APPEND_ENTRIES, lastRequest: 8719c7fb-c7e5-474c-a3e1-64c0a78adabe->ef0c1a11-1ea8-4cb4-b60f-6bfb3b779eb6#1-t1, previous=(t:0, i:0), leaderCommit=-1, initializing? false, entries: size=1, first=(t:1, i:0), CONFIGURATIONENTRY
2020-03-19 17:16:17,275 [665f80ed-020a-4994-95dd-47071b79dcbc@group-2F17DF0D0549-StateMachineUpdater] INFO  ratis.ContainerStateMachine (ContainerStateMachine.java:takeSnapshot(306)) - group-2F17DF0D0549: Finished taking a snapshot at:(t:1, i:0) file:/github/workspace/hadoop-ozone/integration-test/target/test-dir/MiniOzoneClusterImpl-80293407-04bd-45a8-aeac-96ce148bba0b/datanode-3/data/ratis/5c6f8c2e-d881-498c-9055-2f17df0d0549/sm/snapshot.1_0 time:2
2020-03-19 17:16:17,276 [main] INFO  impl.RaftServerImpl (ServerState.java:close(387)) - 8719c7fb-c7e5-474c-a3e1-64c0a78adabe@group-61D83DCB3EDB: closes. applyIndex: 0
2020-03-19 17:16:17,276 [8719c7fb-c7e5-474c-a3e1-64c0a78adabe@group-61D83DCB3EDB-SegmentedRaftLogWorker] INFO  segmented.SegmentedRaftLogWorker (SegmentedRaftLogWorker.java:run(321)) - 8719c7fb-c7e5-474c-a3e1-64c0a78adabe@group-61D83DCB3EDB-SegmentedRaftLogWorker was interrupted, exiting. There are 0 tasks remaining in the queue.
2020-03-19 17:16:17,276 [665f80ed-020a-4994-95dd-47071b79dcbc@group-2F17DF0D0549-StateMachineUpdater] INFO  impl.StateMachineUpdater (StateMachineUpdater.java:takeSnapshot(274)) - 665f80ed-020a-4994-95dd-47071b79dcbc@group-2F17DF0D0549-StateMachineUpdater: Took a snapshot at index 0
2020-03-19 17:16:17,276 [665f80ed-020a-4994-95dd-47071b79dcbc@group-2F17DF0D0549-StateMachineUpdater] INFO  impl.StateMachineUpdater (StateMachineUpdater.java:lambda$new$0(86)) - 665f80ed-020a-4994-95dd-47071b79dcbc@group-2F17DF0D0549-StateMachineUpdater: snapshotIndex: updateIncreasingly -1 -> 0
2020-03-19 17:16:17,276 [665f80ed-020a-4994-95dd-47071b79dcbc@group-2F17DF0D0549-StateMachineUpdater] INFO  metrics.RatisMetrics (RatisMetrics.java:unregister(46)) - Unregistering Metrics Registry : ratis.state_machine.665f80ed-020a-4994-95dd-47071b79dcbc@group-2F17DF0D0549
2020-03-19 17:16:17,276 [grpc-default-executor-10] INFO  server.GrpcLogAppender (GrpcLogAppender.java:onCompleted(308)) - 8719c7fb-c7e5-474c-a3e1-64c0a78adabe@group-61D83DCB3EDB->ef0c1a11-1ea8-4cb4-b60f-6bfb3b779eb6-AppendLogResponseHandler: follower responses appendEntries COMPLETED
2020-03-19 17:16:17,277 [grpc-default-executor-10] INFO  impl.FollowerInfo (FollowerInfo.java:lambda$new$0(50)) - 8719c7fb-c7e5-474c-a3e1-64c0a78adabe@group-61D83DCB3EDB->ef0c1a11-1ea8-4cb4-b60f-6bfb3b779eb6: nextIndex: updateUnconditionally 1 -> 0
2020-03-19 17:16:17,277 [ForkJoinPool.commonPool-worker-1] INFO  impl.RaftServerImpl (ServerState.java:close(387)) - 665f80ed-020a-4994-95dd-47071b79dcbc@group-2F17DF0D0549: closes. applyIndex: 0
2020-03-19 17:16:17,277 [665f80ed-020a-4994-95dd-47071b79dcbc@group-2F17DF0D0549-SegmentedRaftLogWorker] INFO  segmented.SegmentedRaftLogWorker (SegmentedRaftLogWorker.java:run(321)) - 665f80ed-020a-4994-95dd-47071b79dcbc@group-2F17DF0D0549-SegmentedRaftLogWorker was interrupted, exiting. There are 0 tasks remaining in the queue.
2020-03-19 17:16:17,278 [main] INFO  segmented.SegmentedRaftLogWorker (SegmentedRaftLogWorker.java:close(229)) - 8719c7fb-c7e5-474c-a3e1-64c0a78adabe@group-61D83DCB3EDB-SegmentedRaftLogWorker close()
2020-03-19 17:16:17,278 [ForkJoinPool.commonPool-worker-1] INFO  segmented.SegmentedRaftLogWorker (SegmentedRaftLogWorker.java:close(229)) - 665f80ed-020a-4994-95dd-47071b79dcbc@group-2F17DF0D0549-SegmentedRaftLogWorker close()
2020-03-19 17:16:17,280 [main] INFO  metrics.RatisMetrics (RatisMetrics.java:unregister(46)) - Unregistering Metrics Registry : ratis.log_worker.8719c7fb-c7e5-474c-a3e1-64c0a78adabe
2020-03-19 17:16:17,280 [main] INFO  metrics.RatisMetrics (RatisMetrics.java:unregister(46)) - Unregistering Metrics Registry : ratis.leader_election.8719c7fb-c7e5-474c-a3e1-64c0a78adabe@group-61D83DCB3EDB
2020-03-19 17:16:17,280 [main] INFO  metrics.RatisMetrics (RatisMetrics.java:unregister(46)) - Unregistering Metrics Registry : ratis.server.8719c7fb-c7e5-474c-a3e1-64c0a78adabe@group-61D83DCB3EDB
2020-03-19 17:16:17,280 [main] INFO  impl.RaftServerImpl (RaftServerImpl.java:lambda$shutdown$3(249)) - 8719c7fb-c7e5-474c-a3e1-64c0a78adabe@group-C2905EEC6DE9: shutdown
2020-03-19 17:16:17,280 [main] INFO  util.JmxRegister (JmxRegister.java:unregister(73)) - Successfully un-registered JMX Bean with object name Ratis:service=RaftServer,group=group-C2905EEC6DE9,id=8719c7fb-c7e5-474c-a3e1-64c0a78adabe
2020-03-19 17:16:17,280 [main] INFO  impl.RoleInfo (RoleInfo.java:shutdownLeaderState(104)) - 8719c7fb-c7e5-474c-a3e1-64c0a78adabe: shutdown LeaderState
2020-03-19 17:16:17,281 [main] INFO  impl.PendingRequests (PendingRequests.java:sendNotLeaderResponses(240)) - 8719c7fb-c7e5-474c-a3e1-64c0a78adabe@group-C2905EEC6DE9-PendingRequests: sendNotLeaderResponses
2020-03-19 17:16:17,281 [main] INFO  metrics.RatisMetrics (RatisMetrics.java:unregister(46)) - Unregistering Metrics Registry : ratis.log_appender.8719c7fb-c7e5-474c-a3e1-64c0a78adabe@group-C2905EEC6DE9
2020-03-19 17:16:17,281 [main] INFO  impl.StateMachineUpdater (StateMachineUpdater.java:stopAndJoin(139)) - 8719c7fb-c7e5-474c-a3e1-64c0a78adabe@group-C2905EEC6DE9-StateMachineUpdater: set stopIndex = 0
2020-03-19 17:16:17,280 [ForkJoinPool.commonPool-worker-1] INFO  metrics.RatisMetrics (RatisMetrics.java:unregister(46)) - Unregistering Metrics Registry : ratis.log_worker.665f80ed-020a-4994-95dd-47071b79dcbc
2020-03-19 17:16:17,281 [ForkJoinPool.commonPool-worker-1] INFO  metrics.RatisMetrics (RatisMetrics.java:unregister(46)) - Unregistering Metrics Registry : ratis.leader_election.665f80ed-020a-4994-95dd-47071b79dcbc@group-2F17DF0D0549
2020-03-19 17:16:17,281 [ForkJoinPool.commonPool-worker-1] INFO  metrics.RatisMetrics (RatisMetrics.java:unregister(46)) - Unregistering Metrics Registry : ratis.server.665f80ed-020a-4994-95dd-47071b79dcbc@group-2F17DF0D0549
2020-03-19 17:16:17,281 [ForkJoinPool.commonPool-worker-1] INFO  impl.RaftServerImpl (RaftServerImpl.java:lambda$shutdown$3(249)) - 665f80ed-020a-4994-95dd-47071b79dcbc@group-448E1A42821C: shutdown
2020-03-19 17:16:17,281 [8719c7fb-c7e5-474c-a3e1-64c0a78adabe@group-C2905EEC6DE9-StateMachineUpdater] INFO  ratis.ContainerStateMachine (ContainerStateMachine.java:takeSnapshot(295)) - group-C2905EEC6DE9: Taking a snapshot at:(t:1, i:0) file /github/workspace/hadoop-ozone/integration-test/target/test-dir/MiniOzoneClusterImpl-80293407-04bd-45a8-aeac-96ce148bba0b/datanode-8/data/ratis/98def390-6862-4a41-bd4d-c2905eec6de9/sm/snapshot.1_0
2020-03-19 17:16:17,282 [8719c7fb-c7e5-474c-a3e1-64c0a78adabe@group-C2905EEC6DE9-StateMachineUpdater] INFO  ratis.ContainerStateMachine (ContainerStateMachine.java:takeSnapshot(306)) - group-C2905EEC6DE9: Finished taking a snapshot at:(t:1, i:0) file:/github/workspace/hadoop-ozone/integration-test/target/test-dir/MiniOzoneClusterImpl-80293407-04bd-45a8-aeac-96ce148bba0b/datanode-8/data/ratis/98def390-6862-4a41-bd4d-c2905eec6de9/sm/snapshot.1_0 time:0
2020-03-19 17:16:17,282 [8719c7fb-c7e5-474c-a3e1-64c0a78adabe@group-C2905EEC6DE9-StateMachineUpdater] INFO  impl.StateMachineUpdater (StateMachineUpdater.java:takeSnapshot(274)) - 8719c7fb-c7e5-474c-a3e1-64c0a78adabe@group-C2905EEC6DE9-StateMachineUpdater: Took a snapshot at index 0
2020-03-19 17:16:17,282 [8719c7fb-c7e5-474c-a3e1-64c0a78adabe@group-C2905EEC6DE9-StateMachineUpdater] INFO  impl.StateMachineUpdater (StateMachineUpdater.java:lambda$new$0(86)) - 8719c7fb-c7e5-474c-a3e1-64c0a78adabe@group-C2905EEC6DE9-StateMachineUpdater: snapshotIndex: updateIncreasingly -1 -> 0
2020-03-19 17:16:17,282 [8719c7fb-c7e5-474c-a3e1-64c0a78adabe@group-C2905EEC6DE9-StateMachineUpdater] INFO  metrics.RatisMetrics (RatisMetrics.java:unregister(46)) - Unregistering Metrics Registry : ratis.state_machine.8719c7fb-c7e5-474c-a3e1-64c0a78adabe@group-C2905EEC6DE9
2020-03-19 17:16:17,281 [ForkJoinPool.commonPool-worker-1] INFO  util.JmxRegister (JmxRegister.java:unregister(73)) - Successfully un-registered JMX Bean with object name Ratis:service=RaftServer,group=group-448E1A42821C,id=665f80ed-020a-4994-95dd-47071b79dcbc
2020-03-19 17:16:17,284 [ForkJoinPool.commonPool-worker-1] INFO  impl.RoleInfo (RoleInfo.java:shutdownLeaderState(104)) - 665f80ed-020a-4994-95dd-47071b79dcbc: shutdown LeaderState
2020-03-19 17:16:17,284 [main] INFO  impl.RaftServerImpl (ServerState.java:close(387)) - 8719c7fb-c7e5-474c-a3e1-64c0a78adabe@group-C2905EEC6DE9: closes. applyIndex: 0
2020-03-19 17:16:17,286 [ForkJoinPool.commonPool-worker-1] INFO  impl.PendingRequests (PendingRequests.java:sendNotLeaderResponses(240)) - 665f80ed-020a-4994-95dd-47071b79dcbc@group-448E1A42821C-PendingRequests: sendNotLeaderResponses
2020-03-19 17:16:17,286 [org.apache.ratis.server.impl.LogAppender$AppenderDaemon$$Lambda$438/950258833@13232bf0] WARN  server.GrpcLogAppender (GrpcLogAppender.java:mayWait(153)) - 665f80ed-020a-4994-95dd-47071b79dcbc@group-448E1A42821C->7e69d50e-0a54-4234-a642-c3092d47dbb5-GrpcLogAppender: Wait interrupted by java.lang.InterruptedException
2020-03-19 17:16:17,285 [org.apache.ratis.server.impl.LogAppender$AppenderDaemon$$Lambda$438/950258833@2267fde7] WARN  server.GrpcLogAppender (GrpcLogAppender.java:mayWait(153)) - 665f80ed-020a-4994-95dd-47071b79dcbc@group-448E1A42821C->78c87700-eed0-40ed-9c83-27d56052797c-GrpcLogAppender: Wait interrupted by java.lang.InterruptedException
2020-03-19 17:16:17,286 [8719c7fb-c7e5-474c-a3e1-64c0a78adabe@group-C2905EEC6DE9-SegmentedRaftLogWorker] INFO  segmented.SegmentedRaftLogWorker (SegmentedRaftLogWorker.java:run(321)) - 8719c7fb-c7e5-474c-a3e1-64c0a78adabe@group-C2905EEC6DE9-SegmentedRaftLogWorker was interrupted, exiting. There are 0 tasks remaining in the queue.
2020-03-19 17:16:17,286 [grpc-default-executor-10] INFO  server.GrpcServerProtocolService (GrpcServerProtocolService.java:onCompleted(137)) - 7e69d50e-0a54-4234-a642-c3092d47dbb5: Completed APPEND_ENTRIES, lastRequest: 665f80ed-020a-4994-95dd-47071b79dcbc->7e69d50e-0a54-4234-a642-c3092d47dbb5#1-t4, previous=(t:3, i:4), leaderCommit=4, initializing? false, entries: size=1, first=(t:4, i:5), CONFIGURATIONENTRY
2020-03-19 17:16:17,289 [ForkJoinPool.commonPool-worker-1] INFO  metrics.RatisMetrics (RatisMetrics.java:unregister(46)) - Unregistering Metrics Registry : ratis.log_appender.665f80ed-020a-4994-95dd-47071b79dcbc@group-448E1A42821C
2020-03-19 17:16:17,289 [grpc-default-executor-10] INFO  server.GrpcLogAppender (GrpcLogAppender.java:onCompleted(308)) - 665f80ed-020a-4994-95dd-47071b79dcbc@group-448E1A42821C->7e69d50e-0a54-4234-a642-c3092d47dbb5-AppendLogResponseHandler: follower responses appendEntries COMPLETED
2020-03-19 17:16:17,290 [665f80ed-020a-4994-95dd-47071b79dcbc@group-448E1A42821C-StateMachineUpdater] INFO  ratis.ContainerStateMachine (ContainerStateMachine.java:takeSnapshot(295)) - group-448E1A42821C: Taking a snapshot at:(t:3, i:4) file /github/workspace/hadoop-ozone/integration-test/target/test-dir/MiniOzoneClusterImpl-80293407-04bd-45a8-aeac-96ce148bba0b/datanode-3/data/ratis/d7c22a97-1ee9-48ff-8c2f-448e1a42821c/sm/snapshot.3_4
2020-03-19 17:16:17,290 [grpc-default-executor-10] INFO  impl.FollowerInfo (FollowerInfo.java:lambda$new$0(50)) - 665f80ed-020a-4994-95dd-47071b79dcbc@group-448E1A42821C->7e69d50e-0a54-4234-a642-c3092d47dbb5: nextIndex: updateUnconditionally 6 -> 1
2020-03-19 17:16:17,290 [ForkJoinPool.commonPool-worker-1] INFO  impl.StateMachineUpdater (StateMachineUpdater.java:stopAndJoin(139)) - 665f80ed-020a-4994-95dd-47071b79dcbc@group-448E1A42821C-StateMachineUpdater: set stopIndex = 4
2020-03-19 17:16:17,290 [main] INFO  segmented.SegmentedRaftLogWorker (SegmentedRaftLogWorker.java:close(229)) - 8719c7fb-c7e5-474c-a3e1-64c0a78adabe@group-C2905EEC6DE9-SegmentedRaftLogWorker close()
2020-03-19 17:16:17,291 [665f80ed-020a-4994-95dd-47071b79dcbc@group-448E1A42821C-StateMachineUpdater] INFO  ratis.ContainerStateMachine (ContainerStateMachine.java:takeSnapshot(306)) - group-448E1A42821C: Finished taking a snapshot at:(t:3, i:4) file:/github/workspace/hadoop-ozone/integration-test/target/test-dir/MiniOzoneClusterImpl-80293407-04bd-45a8-aeac-96ce148bba0b/datanode-3/data/ratis/d7c22a97-1ee9-48ff-8c2f-448e1a42821c/sm/snapshot.3_4 time:1
2020-03-19 17:16:17,291 [665f80ed-020a-4994-95dd-47071b79dcbc@group-448E1A42821C-StateMachineUpdater] INFO  impl.StateMachineUpdater (StateMachineUpdater.java:takeSnapshot(274)) - 665f80ed-020a-4994-95dd-47071b79dcbc@group-448E1A42821C-StateMachineUpdater: Took a snapshot at index 4
2020-03-19 17:16:17,291 [665f80ed-020a-4994-95dd-47071b79dcbc@group-448E1A42821C-StateMachineUpdater] INFO  impl.StateMachineUpdater (StateMachineUpdater.java:lambda$new$0(86)) - 665f80ed-020a-4994-95dd-47071b79dcbc@group-448E1A42821C-StateMachineUpdater: snapshotIndex: updateIncreasingly -1 -> 4
2020-03-19 17:16:17,291 [665f80ed-020a-4994-95dd-47071b79dcbc@group-448E1A42821C-StateMachineUpdater] INFO  metrics.RatisMetrics (RatisMetrics.java:unregister(46)) - Unregistering Metrics Registry : ratis.state_machine.665f80ed-020a-4994-95dd-47071b79dcbc@group-448E1A42821C
2020-03-19 17:16:17,291 [ForkJoinPool.commonPool-worker-1] INFO  impl.RaftServerImpl (ServerState.java:close(387)) - 665f80ed-020a-4994-95dd-47071b79dcbc@group-448E1A42821C: closes. applyIndex: 4
2020-03-19 17:16:17,291 [665f80ed-020a-4994-95dd-47071b79dcbc@group-448E1A42821C-SegmentedRaftLogWorker] INFO  segmented.SegmentedRaftLogWorker (SegmentedRaftLogWorker.java:run(321)) - 665f80ed-020a-4994-95dd-47071b79dcbc@group-448E1A42821C-SegmentedRaftLogWorker was interrupted, exiting. There are 0 tasks remaining in the queue.
2020-03-19 17:16:17,292 [main] INFO  metrics.RatisMetrics (RatisMetrics.java:unregister(46)) - Unregistering Metrics Registry : ratis.log_worker.8719c7fb-c7e5-474c-a3e1-64c0a78adabe
2020-03-19 17:16:17,292 [main] INFO  metrics.RatisMetrics (RatisMetrics.java:unregister(46)) - Unregistering Metrics Registry : ratis.leader_election.8719c7fb-c7e5-474c-a3e1-64c0a78adabe@group-C2905EEC6DE9
2020-03-19 17:16:17,292 [main] INFO  metrics.RatisMetrics (RatisMetrics.java:unregister(46)) - Unregistering Metrics Registry : ratis.server.8719c7fb-c7e5-474c-a3e1-64c0a78adabe@group-C2905EEC6DE9
2020-03-19 17:16:17,292 [main] INFO  server.GrpcService (GrpcService.java:closeImpl(164)) - 8719c7fb-c7e5-474c-a3e1-64c0a78adabe: shutdown server with port 41825 now
2020-03-19 17:16:17,292 [ForkJoinPool.commonPool-worker-1] INFO  segmented.SegmentedRaftLogWorker (SegmentedRaftLogWorker.java:close(229)) - 665f80ed-020a-4994-95dd-47071b79dcbc@group-448E1A42821C-SegmentedRaftLogWorker close()
2020-03-19 17:16:17,295 [ForkJoinPool.commonPool-worker-1] INFO  metrics.RatisMetrics (RatisMetrics.java:unregister(46)) - Unregistering Metrics Registry : ratis.log_worker.665f80ed-020a-4994-95dd-47071b79dcbc
2020-03-19 17:16:17,295 [main] INFO  server.GrpcService (GrpcService.java:closeImpl(172)) - 8719c7fb-c7e5-474c-a3e1-64c0a78adabe: shutdown server with port 41825 successfully
2020-03-19 17:16:17,295 [ForkJoinPool.commonPool-worker-1] INFO  metrics.RatisMetrics (RatisMetrics.java:unregister(46)) - Unregistering Metrics Registry : ratis.leader_election.665f80ed-020a-4994-95dd-47071b79dcbc@group-448E1A42821C
2020-03-19 17:16:17,295 [ForkJoinPool.commonPool-worker-1] INFO  metrics.RatisMetrics (RatisMetrics.java:unregister(46)) - Unregistering Metrics Registry : ratis.server.665f80ed-020a-4994-95dd-47071b79dcbc@group-448E1A42821C
2020-03-19 17:16:17,295 [ForkJoinPool.commonPool-worker-1] INFO  server.GrpcService (GrpcService.java:closeImpl(164)) - 665f80ed-020a-4994-95dd-47071b79dcbc: shutdown server with port 33627 now
2020-03-19 17:16:17,295 [ForkJoinPool.commonPool-worker-1] INFO  server.GrpcService (GrpcService.java:closeImpl(172)) - 665f80ed-020a-4994-95dd-47071b79dcbc: shutdown server with port 33627 successfully
2020-03-19 17:16:17,316 [ForkJoinPool.commonPool-worker-1] INFO  utils.BackgroundService (BackgroundService.java:shutdown(157)) - Shutting down service BlockDeletingService
2020-03-19 17:16:17,317 [ForkJoinPool.commonPool-worker-1] INFO  statemachine.DatanodeStateMachine (DatanodeStateMachine.java:stopDaemon(435)) - Ozone container server stopped.
2020-03-19 17:16:17,322 [ForkJoinPool.commonPool-worker-1] INFO  handler.ContextHandler (ContextHandler.java:doStop(1016)) - Stopped o.e.j.w.WebAppContext@512e6545{hddsDatanode,/,null,UNAVAILABLE}{jar:file:/home/user/.m2/repository/org/apache/hadoop/hadoop-hdds-container-service/0.5.0-SNAPSHOT/hadoop-hdds-container-service-0.5.0-SNAPSHOT.jar!/webapps/hddsDatanode}
2020-03-19 17:16:17,327 [main] INFO  utils.BackgroundService (BackgroundService.java:shutdown(157)) - Shutting down service BlockDeletingService
2020-03-19 17:16:17,327 [ForkJoinPool.commonPool-worker-1] INFO  server.AbstractConnector (AbstractConnector.java:doStop(380)) - Stopped ServerConnector@61eb6673{HTTP/1.1,[http/1.1]}{0.0.0.0:0}
2020-03-19 17:16:17,327 [ForkJoinPool.commonPool-worker-1] INFO  server.session (HouseKeeper.java:stopScavenging(158)) - node0 Stopped scavenging
2020-03-19 17:16:17,328 [main] INFO  statemachine.DatanodeStateMachine (DatanodeStateMachine.java:stopDaemon(435)) - Ozone container server stopped.
2020-03-19 17:16:17,328 [ForkJoinPool.commonPool-worker-1] INFO  handler.ContextHandler (ContextHandler.java:doStop(1016)) - Stopped o.e.j.s.ServletContextHandler@42f36684{static,/static,jar:file:/home/user/.m2/repository/org/apache/hadoop/hadoop-hdds-container-service/0.5.0-SNAPSHOT/hadoop-hdds-container-service-0.5.0-SNAPSHOT.jar!/webapps/static,UNAVAILABLE}
2020-03-19 17:16:17,330 [ForkJoinPool.commonPool-worker-1] INFO  handler.ContextHandler (ContextHandler.java:doStop(1016)) - Stopped o.e.j.s.ServletContextHandler@42fc197e{logs,/logs,file:///github/workspace/hadoop-ozone/integration-test/target/log,UNAVAILABLE}
2020-03-19 17:16:17,332 [grpc-default-executor-9] WARN  server.GrpcLogAppender (LogUtils.java:warn(122)) - e0593f1c-6b5a-4362-bc71-0b44a1bb1867@group-F255B7A46A64->ea97180b-f37b-4beb-ae1e-adcdfeb20d18-AppendLogResponseHandler: Failed appendEntries: org.apache.ratis.thirdparty.io.grpc.StatusRuntimeException: UNAVAILABLE: io exception
2020-03-19 17:16:17,333 [grpc-default-executor-9] INFO  impl.FollowerInfo (FollowerInfo.java:lambda$new$0(50)) - e0593f1c-6b5a-4362-bc71-0b44a1bb1867@group-F255B7A46A64->ea97180b-f37b-4beb-ae1e-adcdfeb20d18: nextIndex: updateUnconditionally 2 -> 1
2020-03-19 17:16:17,333 [main] INFO  handler.ContextHandler (ContextHandler.java:doStop(1016)) - Stopped o.e.j.w.WebAppContext@3f3883e5{hddsDatanode,/,null,UNAVAILABLE}{jar:file:/home/user/.m2/repository/org/apache/hadoop/hadoop-hdds-container-service/0.5.0-SNAPSHOT/hadoop-hdds-container-service-0.5.0-SNAPSHOT.jar!/webapps/hddsDatanode}
2020-03-19 17:16:17,334 [main] INFO  server.AbstractConnector (AbstractConnector.java:doStop(380)) - Stopped ServerConnector@751069ab{HTTP/1.1,[http/1.1]}{0.0.0.0:0}
2020-03-19 17:16:17,334 [main] INFO  server.session (HouseKeeper.java:stopScavenging(158)) - node0 Stopped scavenging
2020-03-19 17:16:17,334 [main] INFO  handler.ContextHandler (ContextHandler.java:doStop(1016)) - Stopped o.e.j.s.ServletContextHandler@658c0597{static,/static,jar:file:/home/user/.m2/repository/org/apache/hadoop/hadoop-hdds-container-service/0.5.0-SNAPSHOT/hadoop-hdds-container-service-0.5.0-SNAPSHOT.jar!/webapps/static,UNAVAILABLE}
2020-03-19 17:16:17,334 [main] INFO  handler.ContextHandler (ContextHandler.java:doStop(1016)) - Stopped o.e.j.s.ServletContextHandler@45e6984d{logs,/logs,file:///github/workspace/hadoop-ozone/integration-test/target/log,UNAVAILABLE}
2020-03-19 17:16:17,361 [Datanode State Machine Thread - 0] INFO  statemachine.DatanodeStateMachine (DatanodeStateMachine.java:lambda$startDaemon$0(387)) - Ozone container server started.
2020-03-19 17:16:17,419 [Datanode State Machine Thread - 0] INFO  statemachine.DatanodeStateMachine (DatanodeStateMachine.java:lambda$startDaemon$0(387)) - Ozone container server started.
2020-03-19 17:16:17,835 [grpc-default-executor-10] WARN  server.GrpcLogAppender (LogUtils.java:warn(122)) - e0593f1c-6b5a-4362-bc71-0b44a1bb1867@group-F255B7A46A64->ea97180b-f37b-4beb-ae1e-adcdfeb20d18-AppendLogResponseHandler: Failed appendEntries: org.apache.ratis.thirdparty.io.grpc.StatusRuntimeException: UNAVAILABLE: io exception
2020-03-19 17:16:17,835 [grpc-default-executor-10] INFO  impl.FollowerInfo (FollowerInfo.java:lambda$new$0(50)) - e0593f1c-6b5a-4362-bc71-0b44a1bb1867@group-F255B7A46A64->ea97180b-f37b-4beb-ae1e-adcdfeb20d18: nextIndex: updateUnconditionally 2 -> 1
2020-03-19 17:16:18,336 [grpc-default-executor-9] WARN  server.GrpcLogAppender (LogUtils.java:warn(122)) - e0593f1c-6b5a-4362-bc71-0b44a1bb1867@group-F255B7A46A64->ea97180b-f37b-4beb-ae1e-adcdfeb20d18-AppendLogResponseHandler: Failed appendEntries: org.apache.ratis.thirdparty.io.grpc.StatusRuntimeException: UNAVAILABLE: io exception
2020-03-19 17:16:18,337 [grpc-default-executor-9] INFO  impl.FollowerInfo (FollowerInfo.java:lambda$new$0(50)) - e0593f1c-6b5a-4362-bc71-0b44a1bb1867@group-F255B7A46A64->ea97180b-f37b-4beb-ae1e-adcdfeb20d18: nextIndex: updateUnconditionally 2 -> 1
2020-03-19 17:16:18,630 [Thread-3301] INFO  impl.FollowerState (FollowerState.java:run(108)) - ef0c1a11-1ea8-4cb4-b60f-6bfb3b779eb6@group-61D83DCB3EDB-FollowerState: change to CANDIDATE, lastRpcTime:1818ms, electionTimeout:1183ms
2020-03-19 17:16:18,631 [Thread-3301] INFO  impl.RoleInfo (RoleInfo.java:shutdownFollowerState(121)) - ef0c1a11-1ea8-4cb4-b60f-6bfb3b779eb6: shutdown FollowerState
2020-03-19 17:16:18,631 [Thread-3301] INFO  impl.RaftServerImpl (RaftServerImpl.java:setRole(172)) - ef0c1a11-1ea8-4cb4-b60f-6bfb3b779eb6@group-61D83DCB3EDB: changes role from  FOLLOWER to CANDIDATE at term 1 for changeToCandidate
2020-03-19 17:16:18,631 [Thread-3301] INFO  impl.RoleInfo (RoleInfo.java:updateAndGet(143)) - ef0c1a11-1ea8-4cb4-b60f-6bfb3b779eb6: start LeaderElection
2020-03-19 17:16:18,632 [ef0c1a11-1ea8-4cb4-b60f-6bfb3b779eb6@group-61D83DCB3EDB-LeaderElection131] INFO  impl.RaftServerImpl (ServerState.java:setLeader(255)) - ef0c1a11-1ea8-4cb4-b60f-6bfb3b779eb6@group-61D83DCB3EDB: change Leader from 8719c7fb-c7e5-474c-a3e1-64c0a78adabe to null at term 1 for initElection
2020-03-19 17:16:18,633 [ef0c1a11-1ea8-4cb4-b60f-6bfb3b779eb6@group-61D83DCB3EDB-LeaderElection131] INFO  impl.LeaderElection (LeaderElection.java:askForVotes(206)) - ef0c1a11-1ea8-4cb4-b60f-6bfb3b779eb6@group-61D83DCB3EDB-LeaderElection131: begin an election at term 2 for 0: [8719c7fb-c7e5-474c-a3e1-64c0a78adabe:172.17.0.2:41825, ef0c1a11-1ea8-4cb4-b60f-6bfb3b779eb6:172.17.0.2:37633, 5ac25ff6-d68b-4c37-b38b-9bf9f6fc66ee:172.17.0.2:36941], old=null
2020-03-19 17:16:18,636 [ef0c1a11-1ea8-4cb4-b60f-6bfb3b779eb6@group-61D83DCB3EDB-LeaderElection131] INFO  impl.LeaderElection (LogUtils.java:infoOrTrace(137)) - ef0c1a11-1ea8-4cb4-b60f-6bfb3b779eb6@group-61D83DCB3EDB-LeaderElection131 got exception when requesting votes: java.util.concurrent.ExecutionException: org.apache.ratis.thirdparty.io.grpc.StatusRuntimeException: UNAVAILABLE: io exception
2020-03-19 17:16:18,636 [ef0c1a11-1ea8-4cb4-b60f-6bfb3b779eb6@group-61D83DCB3EDB-LeaderElection131] INFO  impl.LeaderElection (LogUtils.java:infoOrTrace(137)) - ef0c1a11-1ea8-4cb4-b60f-6bfb3b779eb6@group-61D83DCB3EDB-LeaderElection131 got exception when requesting votes: java.util.concurrent.ExecutionException: org.apache.ratis.thirdparty.io.grpc.StatusRuntimeException: UNAVAILABLE: io exception
2020-03-19 17:16:18,636 [ef0c1a11-1ea8-4cb4-b60f-6bfb3b779eb6@group-61D83DCB3EDB-LeaderElection131] INFO  impl.LeaderElection (LeaderElection.java:logAndReturn(61)) - ef0c1a11-1ea8-4cb4-b60f-6bfb3b779eb6@group-61D83DCB3EDB-LeaderElection131: Election REJECTED; received 0 response(s) [] and 2 exception(s); ef0c1a11-1ea8-4cb4-b60f-6bfb3b779eb6@group-61D83DCB3EDB:t2, leader=null, voted=ef0c1a11-1ea8-4cb4-b60f-6bfb3b779eb6, raftlog=ef0c1a11-1ea8-4cb4-b60f-6bfb3b779eb6@group-61D83DCB3EDB-SegmentedRaftLog:OPENED:c0,f0,i0, conf=0: [8719c7fb-c7e5-474c-a3e1-64c0a78adabe:172.17.0.2:41825, ef0c1a11-1ea8-4cb4-b60f-6bfb3b779eb6:172.17.0.2:37633, 5ac25ff6-d68b-4c37-b38b-9bf9f6fc66ee:172.17.0.2:36941], old=null
2020-03-19 17:16:18,636 [ef0c1a11-1ea8-4cb4-b60f-6bfb3b779eb6@group-61D83DCB3EDB-LeaderElection131] INFO  impl.LeaderElection (LogUtils.java:infoOrTrace(137)) -   Exception 0: java.util.concurrent.ExecutionException: org.apache.ratis.thirdparty.io.grpc.StatusRuntimeException: UNAVAILABLE: io exception
2020-03-19 17:16:18,636 [ef0c1a11-1ea8-4cb4-b60f-6bfb3b779eb6@group-61D83DCB3EDB-LeaderElection131] INFO  impl.LeaderElection (LogUtils.java:infoOrTrace(137)) -   Exception 1: java.util.concurrent.ExecutionException: org.apache.ratis.thirdparty.io.grpc.StatusRuntimeException: UNAVAILABLE: io exception
2020-03-19 17:16:18,637 [ef0c1a11-1ea8-4cb4-b60f-6bfb3b779eb6@group-61D83DCB3EDB-LeaderElection131] INFO  impl.RaftServerImpl (RaftServerImpl.java:setRole(172)) - ef0c1a11-1ea8-4cb4-b60f-6bfb3b779eb6@group-61D83DCB3EDB: changes role from CANDIDATE to FOLLOWER at term 2 for DISCOVERED_A_NEW_TERM
2020-03-19 17:16:18,637 [ef0c1a11-1ea8-4cb4-b60f-6bfb3b779eb6@group-61D83DCB3EDB-LeaderElection131] INFO  impl.RoleInfo (RoleInfo.java:shutdownLeaderElection(134)) - ef0c1a11-1ea8-4cb4-b60f-6bfb3b779eb6: shutdown LeaderElection
2020-03-19 17:16:18,637 [ef0c1a11-1ea8-4cb4-b60f-6bfb3b779eb6@group-61D83DCB3EDB-LeaderElection131] INFO  impl.RoleInfo (RoleInfo.java:updateAndGet(143)) - ef0c1a11-1ea8-4cb4-b60f-6bfb3b779eb6: start FollowerState
2020-03-19 17:16:18,838 [grpc-default-executor-10] WARN  server.GrpcLogAppender (LogUtils.java:warn(122)) - e0593f1c-6b5a-4362-bc71-0b44a1bb1867@group-F255B7A46A64->ea97180b-f37b-4beb-ae1e-adcdfeb20d18-AppendLogResponseHandler: Failed appendEntries: org.apache.ratis.thirdparty.io.grpc.StatusRuntimeException: UNAVAILABLE: io exception
2020-03-19 17:16:18,840 [grpc-default-executor-10] INFO  impl.FollowerInfo (FollowerInfo.java:lambda$new$0(50)) - e0593f1c-6b5a-4362-bc71-0b44a1bb1867@group-F255B7A46A64->ea97180b-f37b-4beb-ae1e-adcdfeb20d18: nextIndex: updateUnconditionally 2 -> 1
2020-03-19 17:16:18,919 [Thread-3445] INFO  impl.FollowerState (FollowerState.java:run(108)) - 7e69d50e-0a54-4234-a642-c3092d47dbb5@group-448E1A42821C-FollowerState: change to CANDIDATE, lastRpcTime:1908ms, electionTimeout:1117ms
2020-03-19 17:16:18,919 [Thread-3445] INFO  impl.RoleInfo (RoleInfo.java:shutdownFollowerState(121)) - 7e69d50e-0a54-4234-a642-c3092d47dbb5: shutdown FollowerState
2020-03-19 17:16:18,919 [Thread-3445] INFO  impl.RaftServerImpl (RaftServerImpl.java:setRole(172)) - 7e69d50e-0a54-4234-a642-c3092d47dbb5@group-448E1A42821C: changes role from  FOLLOWER to CANDIDATE at term 4 for changeToCandidate
2020-03-19 17:16:18,919 [Thread-3445] INFO  impl.RoleInfo (RoleInfo.java:updateAndGet(143)) - 7e69d50e-0a54-4234-a642-c3092d47dbb5: start LeaderElection
2020-03-19 17:16:18,921 [7e69d50e-0a54-4234-a642-c3092d47dbb5@group-448E1A42821C-LeaderElection132] INFO  impl.RaftServerImpl (ServerState.java:setLeader(255)) - 7e69d50e-0a54-4234-a642-c3092d47dbb5@group-448E1A42821C: change Leader from 665f80ed-020a-4994-95dd-47071b79dcbc to null at term 4 for initElection
2020-03-19 17:16:18,922 [7e69d50e-0a54-4234-a642-c3092d47dbb5@group-448E1A42821C-LeaderElection132] INFO  impl.LeaderElection (LeaderElection.java:askForVotes(206)) - 7e69d50e-0a54-4234-a642-c3092d47dbb5@group-448E1A42821C-LeaderElection132: begin an election at term 5 for 5: [78c87700-eed0-40ed-9c83-27d56052797c:172.17.0.2:42939, 665f80ed-020a-4994-95dd-47071b79dcbc:172.17.0.2:33627, 7e69d50e-0a54-4234-a642-c3092d47dbb5:172.17.0.2:37797], old=null
2020-03-19 17:16:18,924 [7e69d50e-0a54-4234-a642-c3092d47dbb5@group-448E1A42821C-LeaderElection132] INFO  impl.LeaderElection (LogUtils.java:infoOrTrace(137)) - 7e69d50e-0a54-4234-a642-c3092d47dbb5@group-448E1A42821C-LeaderElection132 got exception when requesting votes: java.util.concurrent.ExecutionException: org.apache.ratis.thirdparty.io.grpc.StatusRuntimeException: UNAVAILABLE: io exception
2020-03-19 17:16:18,928 [7e69d50e-0a54-4234-a642-c3092d47dbb5@group-448E1A42821C-LeaderElection132] INFO  impl.LeaderElection (LogUtils.java:infoOrTrace(137)) - 7e69d50e-0a54-4234-a642-c3092d47dbb5@group-448E1A42821C-LeaderElection132 got exception when requesting votes: java.util.concurrent.ExecutionException: org.apache.ratis.thirdparty.io.grpc.StatusRuntimeException: UNAVAILABLE: io exception
2020-03-19 17:16:18,929 [7e69d50e-0a54-4234-a642-c3092d47dbb5@group-448E1A42821C-LeaderElection132] INFO  impl.LeaderElection (LeaderElection.java:logAndReturn(61)) - 7e69d50e-0a54-4234-a642-c3092d47dbb5@group-448E1A42821C-LeaderElection132: Election REJECTED; received 0 response(s) [] and 2 exception(s); 7e69d50e-0a54-4234-a642-c3092d47dbb5@group-448E1A42821C:t5, leader=null, voted=7e69d50e-0a54-4234-a642-c3092d47dbb5, raftlog=7e69d50e-0a54-4234-a642-c3092d47dbb5@group-448E1A42821C-SegmentedRaftLog:OPENED:c4,f5,i5, conf=5: [78c87700-eed0-40ed-9c83-27d56052797c:172.17.0.2:42939, 665f80ed-020a-4994-95dd-47071b79dcbc:172.17.0.2:33627, 7e69d50e-0a54-4234-a642-c3092d47dbb5:172.17.0.2:37797], old=null
2020-03-19 17:16:18,929 [7e69d50e-0a54-4234-a642-c3092d47dbb5@group-448E1A42821C-LeaderElection132] INFO  impl.LeaderElection (LogUtils.java:infoOrTrace(137)) -   Exception 0: java.util.concurrent.ExecutionException: org.apache.ratis.thirdparty.io.grpc.StatusRuntimeException: UNAVAILABLE: io exception
2020-03-19 17:16:18,929 [7e69d50e-0a54-4234-a642-c3092d47dbb5@group-448E1A42821C-LeaderElection132] INFO  impl.LeaderElection (LogUtils.java:infoOrTrace(137)) -   Exception 1: java.util.concurrent.ExecutionException: org.apache.ratis.thirdparty.io.grpc.StatusRuntimeException: UNAVAILABLE: io exception
2020-03-19 17:16:18,929 [7e69d50e-0a54-4234-a642-c3092d47dbb5@group-448E1A42821C-LeaderElection132] INFO  impl.RaftServerImpl (RaftServerImpl.java:setRole(172)) - 7e69d50e-0a54-4234-a642-c3092d47dbb5@group-448E1A42821C: changes role from CANDIDATE to FOLLOWER at term 5 for DISCOVERED_A_NEW_TERM
2020-03-19 17:16:18,929 [7e69d50e-0a54-4234-a642-c3092d47dbb5@group-448E1A42821C-LeaderElection132] INFO  impl.RoleInfo (RoleInfo.java:shutdownLeaderElection(134)) - 7e69d50e-0a54-4234-a642-c3092d47dbb5: shutdown LeaderElection
2020-03-19 17:16:18,929 [7e69d50e-0a54-4234-a642-c3092d47dbb5@group-448E1A42821C-LeaderElection132] INFO  impl.RoleInfo (RoleInfo.java:updateAndGet(143)) - 7e69d50e-0a54-4234-a642-c3092d47dbb5: start FollowerState
2020-03-19 17:16:19,341 [grpc-default-executor-9] WARN  server.GrpcLogAppender (LogUtils.java:warn(122)) - e0593f1c-6b5a-4362-bc71-0b44a1bb1867@group-F255B7A46A64->ea97180b-f37b-4beb-ae1e-adcdfeb20d18-AppendLogResponseHandler: Failed appendEntries: org.apache.ratis.thirdparty.io.grpc.StatusRuntimeException: UNAVAILABLE: io exception
2020-03-19 17:16:19,342 [grpc-default-executor-9] INFO  impl.FollowerInfo (FollowerInfo.java:lambda$new$0(50)) - e0593f1c-6b5a-4362-bc71-0b44a1bb1867@group-F255B7A46A64->ea97180b-f37b-4beb-ae1e-adcdfeb20d18: nextIndex: updateUnconditionally 2 -> 1
2020-03-19 17:16:19,820 [Thread-3641] INFO  impl.FollowerState (FollowerState.java:run(108)) - ef0c1a11-1ea8-4cb4-b60f-6bfb3b779eb6@group-61D83DCB3EDB-FollowerState: change to CANDIDATE, lastRpcTime:1183ms, electionTimeout:1183ms
2020-03-19 17:16:19,820 [Thread-3641] INFO  impl.RoleInfo (RoleInfo.java:shutdownFollowerState(121)) - ef0c1a11-1ea8-4cb4-b60f-6bfb3b779eb6: shutdown FollowerState
2020-03-19 17:16:19,820 [Thread-3641] INFO  impl.RaftServerImpl (RaftServerImpl.java:setRole(172)) - ef0c1a11-1ea8-4cb4-b60f-6bfb3b779eb6@group-61D83DCB3EDB: changes role from  FOLLOWER to CANDIDATE at term 2 for changeToCandidate
2020-03-19 17:16:19,820 [Thread-3641] INFO  impl.RoleInfo (RoleInfo.java:updateAndGet(143)) - ef0c1a11-1ea8-4cb4-b60f-6bfb3b779eb6: start LeaderElection
2020-03-19 17:16:19,823 [ef0c1a11-1ea8-4cb4-b60f-6bfb3b779eb6@group-61D83DCB3EDB-LeaderElection133] INFO  impl.LeaderElection (LeaderElection.java:askForVotes(206)) - ef0c1a11-1ea8-4cb4-b60f-6bfb3b779eb6@group-61D83DCB3EDB-LeaderElection133: begin an election at term 3 for 0: [8719c7fb-c7e5-474c-a3e1-64c0a78adabe:172.17.0.2:41825, ef0c1a11-1ea8-4cb4-b60f-6bfb3b779eb6:172.17.0.2:37633, 5ac25ff6-d68b-4c37-b38b-9bf9f6fc66ee:172.17.0.2:36941], old=null
2020-03-19 17:16:19,824 [ef0c1a11-1ea8-4cb4-b60f-6bfb3b779eb6@group-61D83DCB3EDB-LeaderElection133] INFO  impl.LeaderElection (LogUtils.java:infoOrTrace(137)) - ef0c1a11-1ea8-4cb4-b60f-6bfb3b779eb6@group-61D83DCB3EDB-LeaderElection133 got exception when requesting votes: java.util.concurrent.ExecutionException: org.apache.ratis.thirdparty.io.grpc.StatusRuntimeException: UNAVAILABLE: io exception
2020-03-19 17:16:19,824 [ef0c1a11-1ea8-4cb4-b60f-6bfb3b779eb6@group-61D83DCB3EDB-LeaderElection133] INFO  impl.LeaderElection (LogUtils.java:infoOrTrace(137)) - ef0c1a11-1ea8-4cb4-b60f-6bfb3b779eb6@group-61D83DCB3EDB-LeaderElection133 got exception when requesting votes: java.util.concurrent.ExecutionException: org.apache.ratis.thirdparty.io.grpc.StatusRuntimeException: UNAVAILABLE: io exception
2020-03-19 17:16:19,824 [ef0c1a11-1ea8-4cb4-b60f-6bfb3b779eb6@group-61D83DCB3EDB-LeaderElection133] INFO  impl.LeaderElection (LeaderElection.java:logAndReturn(61)) - ef0c1a11-1ea8-4cb4-b60f-6bfb3b779eb6@group-61D83DCB3EDB-LeaderElection133: Election REJECTED; received 0 response(s) [] and 2 exception(s); ef0c1a11-1ea8-4cb4-b60f-6bfb3b779eb6@group-61D83DCB3EDB:t3, leader=null, voted=ef0c1a11-1ea8-4cb4-b60f-6bfb3b779eb6, raftlog=ef0c1a11-1ea8-4cb4-b60f-6bfb3b779eb6@group-61D83DCB3EDB-SegmentedRaftLog:OPENED:c0,f0,i0, conf=0: [8719c7fb-c7e5-474c-a3e1-64c0a78adabe:172.17.0.2:41825, ef0c1a11-1ea8-4cb4-b60f-6bfb3b779eb6:172.17.0.2:37633, 5ac25ff6-d68b-4c37-b38b-9bf9f6fc66ee:172.17.0.2:36941], old=null
2020-03-19 17:16:19,824 [ef0c1a11-1ea8-4cb4-b60f-6bfb3b779eb6@group-61D83DCB3EDB-LeaderElection133] INFO  impl.LeaderElection (LogUtils.java:infoOrTrace(137)) -   Exception 0: java.util.concurrent.ExecutionException: org.apache.ratis.thirdparty.io.grpc.StatusRuntimeException: UNAVAILABLE: io exception
2020-03-19 17:16:19,824 [ef0c1a11-1ea8-4cb4-b60f-6bfb3b779eb6@group-61D83DCB3EDB-LeaderElection133] INFO  impl.LeaderElection (LogUtils.java:infoOrTrace(137)) -   Exception 1: java.util.concurrent.ExecutionException: org.apache.ratis.thirdparty.io.grpc.StatusRuntimeException: UNAVAILABLE: io exception
2020-03-19 17:16:19,824 [ef0c1a11-1ea8-4cb4-b60f-6bfb3b779eb6@group-61D83DCB3EDB-LeaderElection133] INFO  impl.RaftServerImpl (RaftServerImpl.java:setRole(172)) - ef0c1a11-1ea8-4cb4-b60f-6bfb3b779eb6@group-61D83DCB3EDB: changes role from CANDIDATE to FOLLOWER at term 3 for DISCOVERED_A_NEW_TERM
2020-03-19 17:16:19,824 [ef0c1a11-1ea8-4cb4-b60f-6bfb3b779eb6@group-61D83DCB3EDB-LeaderElection133] INFO  impl.RoleInfo (RoleInfo.java:shutdownLeaderElection(134)) - ef0c1a11-1ea8-4cb4-b60f-6bfb3b779eb6: shutdown LeaderElection
2020-03-19 17:16:19,824 [ef0c1a11-1ea8-4cb4-b60f-6bfb3b779eb6@group-61D83DCB3EDB-LeaderElection133] INFO  impl.RoleInfo (RoleInfo.java:updateAndGet(143)) - ef0c1a11-1ea8-4cb4-b60f-6bfb3b779eb6: start FollowerState
2020-03-19 17:16:19,844 [grpc-default-executor-10] WARN  server.GrpcLogAppender (LogUtils.java:warn(122)) - e0593f1c-6b5a-4362-bc71-0b44a1bb1867@group-F255B7A46A64->ea97180b-f37b-4beb-ae1e-adcdfeb20d18-AppendLogResponseHandler: Failed appendEntries: org.apache.ratis.thirdparty.io.grpc.StatusRuntimeException: UNAVAILABLE: io exception
2020-03-19 17:16:19,845 [grpc-default-executor-10] INFO  impl.FollowerInfo (FollowerInfo.java:lambda$new$0(50)) - e0593f1c-6b5a-4362-bc71-0b44a1bb1867@group-F255B7A46A64->ea97180b-f37b-4beb-ae1e-adcdfeb20d18: nextIndex: updateUnconditionally 2 -> 1
2020-03-19 17:16:20,072 [Thread-3646] INFO  impl.FollowerState (FollowerState.java:run(108)) - 7e69d50e-0a54-4234-a642-c3092d47dbb5@group-448E1A42821C-FollowerState: change to CANDIDATE, lastRpcTime:1143ms, electionTimeout:1143ms
2020-03-19 17:16:20,072 [Thread-3646] INFO  impl.RoleInfo (RoleInfo.java:shutdownFollowerState(121)) - 7e69d50e-0a54-4234-a642-c3092d47dbb5: shutdown FollowerState
2020-03-19 17:16:20,072 [Thread-3646] INFO  impl.RaftServerImpl (RaftServerImpl.java:setRole(172)) - 7e69d50e-0a54-4234-a642-c3092d47dbb5@group-448E1A42821C: changes role from  FOLLOWER to CANDIDATE at term 5 for changeToCandidate
2020-03-19 17:16:20,072 [Thread-3646] INFO  impl.RoleInfo (RoleInfo.java:updateAndGet(143)) - 7e69d50e-0a54-4234-a642-c3092d47dbb5: start LeaderElection
2020-03-19 17:16:20,075 [7e69d50e-0a54-4234-a642-c3092d47dbb5@group-448E1A42821C-LeaderElection134] INFO  impl.LeaderElection (LeaderElection.java:askForVotes(206)) - 7e69d50e-0a54-4234-a642-c3092d47dbb5@group-448E1A42821C-LeaderElection134: begin an election at term 6 for 5: [78c87700-eed0-40ed-9c83-27d56052797c:172.17.0.2:42939, 665f80ed-020a-4994-95dd-47071b79dcbc:172.17.0.2:33627, 7e69d50e-0a54-4234-a642-c3092d47dbb5:172.17.0.2:37797], old=null
2020-03-19 17:16:20,077 [7e69d50e-0a54-4234-a642-c3092d47dbb5@group-448E1A42821C-LeaderElection134] INFO  impl.LeaderElection (LogUtils.java:infoOrTrace(137)) - 7e69d50e-0a54-4234-a642-c3092d47dbb5@group-448E1A42821C-LeaderElection134 got exception when requesting votes: java.util.concurrent.ExecutionException: org.apache.ratis.thirdparty.io.grpc.StatusRuntimeException: UNAVAILABLE: io exception
2020-03-19 17:16:20,077 [7e69d50e-0a54-4234-a642-c3092d47dbb5@group-448E1A42821C-LeaderElection134] INFO  impl.LeaderElection (LogUtils.java:infoOrTrace(137)) - 7e69d50e-0a54-4234-a642-c3092d47dbb5@group-448E1A42821C-LeaderElection134 got exception when requesting votes: java.util.concurrent.ExecutionException: org.apache.ratis.thirdparty.io.grpc.StatusRuntimeException: UNAVAILABLE: io exception
2020-03-19 17:16:20,077 [7e69d50e-0a54-4234-a642-c3092d47dbb5@group-448E1A42821C-LeaderElection134] INFO  impl.LeaderElection (LeaderElection.java:logAndReturn(61)) - 7e69d50e-0a54-4234-a642-c3092d47dbb5@group-448E1A42821C-LeaderElection134: Election REJECTED; received 0 response(s) [] and 2 exception(s); 7e69d50e-0a54-4234-a642-c3092d47dbb5@group-448E1A42821C:t6, leader=null, voted=7e69d50e-0a54-4234-a642-c3092d47dbb5, raftlog=7e69d50e-0a54-4234-a642-c3092d47dbb5@group-448E1A42821C-SegmentedRaftLog:OPENED:c4,f5,i5, conf=5: [78c87700-eed0-40ed-9c83-27d56052797c:172.17.0.2:42939, 665f80ed-020a-4994-95dd-47071b79dcbc:172.17.0.2:33627, 7e69d50e-0a54-4234-a642-c3092d47dbb5:172.17.0.2:37797], old=null
2020-03-19 17:16:20,078 [7e69d50e-0a54-4234-a642-c3092d47dbb5@group-448E1A42821C-LeaderElection134] INFO  impl.LeaderElection (LogUtils.java:infoOrTrace(137)) -   Exception 0: java.util.concurrent.ExecutionException: org.apache.ratis.thirdparty.io.grpc.StatusRuntimeException: UNAVAILABLE: io exception
2020-03-19 17:16:20,078 [7e69d50e-0a54-4234-a642-c3092d47dbb5@group-448E1A42821C-LeaderElection134] INFO  impl.LeaderElection (LogUtils.java:infoOrTrace(137)) -   Exception 1: java.util.concurrent.ExecutionException: org.apache.ratis.thirdparty.io.grpc.StatusRuntimeException: UNAVAILABLE: io exception
2020-03-19 17:16:20,078 [7e69d50e-0a54-4234-a642-c3092d47dbb5@group-448E1A42821C-LeaderElection134] INFO  impl.RaftServerImpl (RaftServerImpl.java:setRole(172)) - 7e69d50e-0a54-4234-a642-c3092d47dbb5@group-448E1A42821C: changes role from CANDIDATE to FOLLOWER at term 6 for DISCOVERED_A_NEW_TERM
2020-03-19 17:16:20,078 [7e69d50e-0a54-4234-a642-c3092d47dbb5@group-448E1A42821C-LeaderElection134] INFO  impl.RoleInfo (RoleInfo.java:shutdownLeaderElection(134)) - 7e69d50e-0a54-4234-a642-c3092d47dbb5: shutdown LeaderElection
2020-03-19 17:16:20,078 [7e69d50e-0a54-4234-a642-c3092d47dbb5@group-448E1A42821C-LeaderElection134] INFO  impl.RoleInfo (RoleInfo.java:updateAndGet(143)) - 7e69d50e-0a54-4234-a642-c3092d47dbb5: start FollowerState
2020-03-19 17:16:20,347 [grpc-default-executor-9] WARN  server.GrpcLogAppender (LogUtils.java:warn(122)) - e0593f1c-6b5a-4362-bc71-0b44a1bb1867@group-F255B7A46A64->ea97180b-f37b-4beb-ae1e-adcdfeb20d18-AppendLogResponseHandler: Failed appendEntries: org.apache.ratis.thirdparty.io.grpc.StatusRuntimeException: UNAVAILABLE: io exception
2020-03-19 17:16:20,349 [grpc-default-executor-9] INFO  impl.FollowerInfo (FollowerInfo.java:lambda$new$0(50)) - e0593f1c-6b5a-4362-bc71-0b44a1bb1867@group-F255B7A46A64->ea97180b-f37b-4beb-ae1e-adcdfeb20d18: nextIndex: updateUnconditionally 2 -> 1
2020-03-19 17:16:20,851 [grpc-default-executor-10] WARN  server.GrpcLogAppender (LogUtils.java:warn(122)) - e0593f1c-6b5a-4362-bc71-0b44a1bb1867@group-F255B7A46A64->ea97180b-f37b-4beb-ae1e-adcdfeb20d18-AppendLogResponseHandler: Failed appendEntries: org.apache.ratis.thirdparty.io.grpc.StatusRuntimeException: UNAVAILABLE: io exception
2020-03-19 17:16:20,852 [grpc-default-executor-10] INFO  impl.FollowerInfo (FollowerInfo.java:lambda$new$0(50)) - e0593f1c-6b5a-4362-bc71-0b44a1bb1867@group-F255B7A46A64->ea97180b-f37b-4beb-ae1e-adcdfeb20d18: nextIndex: updateUnconditionally 2 -> 1
2020-03-19 17:16:20,874 [Thread-3651] INFO  impl.FollowerState (FollowerState.java:run(108)) - ef0c1a11-1ea8-4cb4-b60f-6bfb3b779eb6@group-61D83DCB3EDB-FollowerState: change to CANDIDATE, lastRpcTime:1049ms, electionTimeout:1049ms
2020-03-19 17:16:20,874 [Thread-3651] INFO  impl.RoleInfo (RoleInfo.java:shutdownFollowerState(121)) - ef0c1a11-1ea8-4cb4-b60f-6bfb3b779eb6: shutdown FollowerState
2020-03-19 17:16:20,874 [Thread-3651] INFO  impl.RaftServerImpl (RaftServerImpl.java:setRole(172)) - ef0c1a11-1ea8-4cb4-b60f-6bfb3b779eb6@group-61D83DCB3EDB: changes role from  FOLLOWER to CANDIDATE at term 3 for changeToCandidate
2020-03-19 17:16:20,874 [Thread-3651] INFO  impl.RoleInfo (RoleInfo.java:updateAndGet(143)) - ef0c1a11-1ea8-4cb4-b60f-6bfb3b779eb6: start LeaderElection
2020-03-19 17:16:20,877 [ef0c1a11-1ea8-4cb4-b60f-6bfb3b779eb6@group-61D83DCB3EDB-LeaderElection135] INFO  impl.LeaderElection (LeaderElection.java:askForVotes(206)) - ef0c1a11-1ea8-4cb4-b60f-6bfb3b779eb6@group-61D83DCB3EDB-LeaderElection135: begin an election at term 4 for 0: [8719c7fb-c7e5-474c-a3e1-64c0a78adabe:172.17.0.2:41825, ef0c1a11-1ea8-4cb4-b60f-6bfb3b779eb6:172.17.0.2:37633, 5ac25ff6-d68b-4c37-b38b-9bf9f6fc66ee:172.17.0.2:36941], old=null
2020-03-19 17:16:20,877 [ef0c1a11-1ea8-4cb4-b60f-6bfb3b779eb6@group-61D83DCB3EDB-LeaderElection135] INFO  impl.LeaderElection (LogUtils.java:infoOrTrace(137)) - ef0c1a11-1ea8-4cb4-b60f-6bfb3b779eb6@group-61D83DCB3EDB-LeaderElection135 got exception when requesting votes: java.util.concurrent.ExecutionException: org.apache.ratis.thirdparty.io.grpc.StatusRuntimeException: UNAVAILABLE: io exception
2020-03-19 17:16:20,881 [ef0c1a11-1ea8-4cb4-b60f-6bfb3b779eb6@group-61D83DCB3EDB-LeaderElection135] INFO  impl.LeaderElection (LogUtils.java:infoOrTrace(137)) - ef0c1a11-1ea8-4cb4-b60f-6bfb3b779eb6@group-61D83DCB3EDB-LeaderElection135 got exception when requesting votes: java.util.concurrent.ExecutionException: org.apache.ratis.thirdparty.io.grpc.StatusRuntimeException: UNAVAILABLE: io exception
2020-03-19 17:16:20,881 [ef0c1a11-1ea8-4cb4-b60f-6bfb3b779eb6@group-61D83DCB3EDB-LeaderElection135] INFO  impl.LeaderElection (LeaderElection.java:logAndReturn(61)) - ef0c1a11-1ea8-4cb4-b60f-6bfb3b779eb6@group-61D83DCB3EDB-LeaderElection135: Election REJECTED; received 0 response(s) [] and 2 exception(s); ef0c1a11-1ea8-4cb4-b60f-6bfb3b779eb6@group-61D83DCB3EDB:t4, leader=null, voted=ef0c1a11-1ea8-4cb4-b60f-6bfb3b779eb6, raftlog=ef0c1a11-1ea8-4cb4-b60f-6bfb3b779eb6@group-61D83DCB3EDB-SegmentedRaftLog:OPENED:c0,f0,i0, conf=0: [8719c7fb-c7e5-474c-a3e1-64c0a78adabe:172.17.0.2:41825, ef0c1a11-1ea8-4cb4-b60f-6bfb3b779eb6:172.17.0.2:37633, 5ac25ff6-d68b-4c37-b38b-9bf9f6fc66ee:172.17.0.2:36941], old=null
2020-03-19 17:16:20,881 [ef0c1a11-1ea8-4cb4-b60f-6bfb3b779eb6@group-61D83DCB3EDB-LeaderElection135] INFO  impl.LeaderElection (LogUtils.java:infoOrTrace(137)) -   Exception 0: java.util.concurrent.ExecutionException: org.apache.ratis.thirdparty.io.grpc.StatusRuntimeException: UNAVAILABLE: io exception
2020-03-19 17:16:20,881 [ef0c1a11-1ea8-4cb4-b60f-6bfb3b779eb6@group-61D83DCB3EDB-LeaderElection135] INFO  impl.LeaderElection (LogUtils.java:infoOrTrace(137)) -   Exception 1: java.util.concurrent.ExecutionException: org.apache.ratis.thirdparty.io.grpc.StatusRuntimeException: UNAVAILABLE: io exception
2020-03-19 17:16:20,881 [ef0c1a11-1ea8-4cb4-b60f-6bfb3b779eb6@group-61D83DCB3EDB-LeaderElection135] INFO  impl.RaftServerImpl (RaftServerImpl.java:setRole(172)) - ef0c1a11-1ea8-4cb4-b60f-6bfb3b779eb6@group-61D83DCB3EDB: changes role from CANDIDATE to FOLLOWER at term 4 for DISCOVERED_A_NEW_TERM
2020-03-19 17:16:20,881 [ef0c1a11-1ea8-4cb4-b60f-6bfb3b779eb6@group-61D83DCB3EDB-LeaderElection135] INFO  impl.RoleInfo (RoleInfo.java:shutdownLeaderElection(134)) - ef0c1a11-1ea8-4cb4-b60f-6bfb3b779eb6: shutdown LeaderElection
2020-03-19 17:16:20,881 [ef0c1a11-1ea8-4cb4-b60f-6bfb3b779eb6@group-61D83DCB3EDB-LeaderElection135] INFO  impl.RoleInfo (RoleInfo.java:updateAndGet(143)) - ef0c1a11-1ea8-4cb4-b60f-6bfb3b779eb6: start FollowerState
2020-03-19 17:16:21,186 [Thread-3656] INFO  impl.FollowerState (FollowerState.java:run(108)) - 7e69d50e-0a54-4234-a642-c3092d47dbb5@group-448E1A42821C-FollowerState: change to CANDIDATE, lastRpcTime:1108ms, electionTimeout:1108ms
2020-03-19 17:16:21,187 [Thread-3656] INFO  impl.RoleInfo (RoleInfo.java:shutdownFollowerState(121)) - 7e69d50e-0a54-4234-a642-c3092d47dbb5: shutdown FollowerState
2020-03-19 17:16:21,187 [Thread-3656] INFO  impl.RaftServerImpl (RaftServerImpl.java:setRole(172)) - 7e69d50e-0a54-4234-a642-c3092d47dbb5@group-448E1A42821C: changes role from  FOLLOWER to CANDIDATE at term 6 for changeToCandidate
2020-03-19 17:16:21,187 [Thread-3656] INFO  impl.RoleInfo (RoleInfo.java:updateAndGet(143)) - 7e69d50e-0a54-4234-a642-c3092d47dbb5: start LeaderElection
2020-03-19 17:16:21,189 [7e69d50e-0a54-4234-a642-c3092d47dbb5@group-448E1A42821C-LeaderElection136] INFO  impl.LeaderElection (LeaderElection.java:askForVotes(206)) - 7e69d50e-0a54-4234-a642-c3092d47dbb5@group-448E1A42821C-LeaderElection136: begin an election at term 7 for 5: [78c87700-eed0-40ed-9c83-27d56052797c:172.17.0.2:42939, 665f80ed-020a-4994-95dd-47071b79dcbc:172.17.0.2:33627, 7e69d50e-0a54-4234-a642-c3092d47dbb5:172.17.0.2:37797], old=null
2020-03-19 17:16:21,190 [7e69d50e-0a54-4234-a642-c3092d47dbb5@group-448E1A42821C-LeaderElection136] INFO  impl.LeaderElection (LogUtils.java:infoOrTrace(137)) - 7e69d50e-0a54-4234-a642-c3092d47dbb5@group-448E1A42821C-LeaderElection136 got exception when requesting votes: java.util.concurrent.ExecutionException: org.apache.ratis.thirdparty.io.grpc.StatusRuntimeException: UNAVAILABLE: io exception
2020-03-19 17:16:21,190 [7e69d50e-0a54-4234-a642-c3092d47dbb5@group-448E1A42821C-LeaderElection136] INFO  impl.LeaderElection (LogUtils.java:infoOrTrace(137)) - 7e69d50e-0a54-4234-a642-c3092d47dbb5@group-448E1A42821C-LeaderElection136 got exception when requesting votes: java.util.concurrent.ExecutionException: org.apache.ratis.thirdparty.io.grpc.StatusRuntimeException: UNAVAILABLE: io exception
2020-03-19 17:16:21,190 [7e69d50e-0a54-4234-a642-c3092d47dbb5@group-448E1A42821C-LeaderElection136] INFO  impl.LeaderElection (LeaderElection.java:logAndReturn(61)) - 7e69d50e-0a54-4234-a642-c3092d47dbb5@group-448E1A42821C-LeaderElection136: Election REJECTED; received 0 response(s) [] and 2 exception(s); 7e69d50e-0a54-4234-a642-c3092d47dbb5@group-448E1A42821C:t7, leader=null, voted=7e69d50e-0a54-4234-a642-c3092d47dbb5, raftlog=7e69d50e-0a54-4234-a642-c3092d47dbb5@group-448E1A42821C-SegmentedRaftLog:OPENED:c4,f5,i5, conf=5: [78c87700-eed0-40ed-9c83-27d56052797c:172.17.0.2:42939, 665f80ed-020a-4994-95dd-47071b79dcbc:172.17.0.2:33627, 7e69d50e-0a54-4234-a642-c3092d47dbb5:172.17.0.2:37797], old=null
2020-03-19 17:16:21,190 [7e69d50e-0a54-4234-a642-c3092d47dbb5@group-448E1A42821C-LeaderElection136] INFO  impl.LeaderElection (LogUtils.java:infoOrTrace(137)) -   Exception 0: java.util.concurrent.ExecutionException: org.apache.ratis.thirdparty.io.grpc.StatusRuntimeException: UNAVAILABLE: io exception
2020-03-19 17:16:21,190 [7e69d50e-0a54-4234-a642-c3092d47dbb5@group-448E1A42821C-LeaderElection136] INFO  impl.LeaderElection (LogUtils.java:infoOrTrace(137)) -   Exception 1: java.util.concurrent.ExecutionException: org.apache.ratis.thirdparty.io.grpc.StatusRuntimeException: UNAVAILABLE: io exception
2020-03-19 17:16:21,190 [7e69d50e-0a54-4234-a642-c3092d47dbb5@group-448E1A42821C-LeaderElection136] INFO  impl.RaftServerImpl (RaftServerImpl.java:setRole(172)) - 7e69d50e-0a54-4234-a642-c3092d47dbb5@group-448E1A42821C: changes role from CANDIDATE to FOLLOWER at term 7 for DISCOVERED_A_NEW_TERM
2020-03-19 17:16:21,190 [7e69d50e-0a54-4234-a642-c3092d47dbb5@group-448E1A42821C-LeaderElection136] INFO  impl.RoleInfo (RoleInfo.java:shutdownLeaderElection(134)) - 7e69d50e-0a54-4234-a642-c3092d47dbb5: shutdown LeaderElection
2020-03-19 17:16:21,190 [7e69d50e-0a54-4234-a642-c3092d47dbb5@group-448E1A42821C-LeaderElection136] INFO  impl.RoleInfo (RoleInfo.java:updateAndGet(143)) - 7e69d50e-0a54-4234-a642-c3092d47dbb5: start FollowerState
2020-03-19 17:16:21,354 [grpc-default-executor-9] WARN  server.GrpcLogAppender (LogUtils.java:warn(122)) - e0593f1c-6b5a-4362-bc71-0b44a1bb1867@group-F255B7A46A64->ea97180b-f37b-4beb-ae1e-adcdfeb20d18-AppendLogResponseHandler: Failed appendEntries: org.apache.ratis.thirdparty.io.grpc.StatusRuntimeException: UNAVAILABLE: io exception
2020-03-19 17:16:21,355 [grpc-default-executor-9] INFO  impl.FollowerInfo (FollowerInfo.java:lambda$new$0(50)) - e0593f1c-6b5a-4362-bc71-0b44a1bb1867@group-F255B7A46A64->ea97180b-f37b-4beb-ae1e-adcdfeb20d18: nextIndex: updateUnconditionally 2 -> 1
2020-03-19 17:16:21,857 [grpc-default-executor-10] WARN  server.GrpcLogAppender (LogUtils.java:warn(122)) - e0593f1c-6b5a-4362-bc71-0b44a1bb1867@group-F255B7A46A64->ea97180b-f37b-4beb-ae1e-adcdfeb20d18-AppendLogResponseHandler: Failed appendEntries: org.apache.ratis.thirdparty.io.grpc.StatusRuntimeException: UNAVAILABLE: io exception
2020-03-19 17:16:21,858 [grpc-default-executor-10] INFO  impl.FollowerInfo (FollowerInfo.java:lambda$new$0(50)) - e0593f1c-6b5a-4362-bc71-0b44a1bb1867@group-F255B7A46A64->ea97180b-f37b-4beb-ae1e-adcdfeb20d18: nextIndex: updateUnconditionally 2 -> 1
2020-03-19 17:16:22,023 [Thread-3662] INFO  impl.FollowerState (FollowerState.java:run(108)) - ef0c1a11-1ea8-4cb4-b60f-6bfb3b779eb6@group-61D83DCB3EDB-FollowerState: change to CANDIDATE, lastRpcTime:1142ms, electionTimeout:1142ms
2020-03-19 17:16:22,023 [Thread-3662] INFO  impl.RoleInfo (RoleInfo.java:shutdownFollowerState(121)) - ef0c1a11-1ea8-4cb4-b60f-6bfb3b779eb6: shutdown FollowerState
2020-03-19 17:16:22,023 [Thread-3662] INFO  impl.RaftServerImpl (RaftServerImpl.java:setRole(172)) - ef0c1a11-1ea8-4cb4-b60f-6bfb3b779eb6@group-61D83DCB3EDB: changes role from  FOLLOWER to CANDIDATE at term 4 for changeToCandidate
2020-03-19 17:16:22,024 [Thread-3662] INFO  impl.RoleInfo (RoleInfo.java:updateAndGet(143)) - ef0c1a11-1ea8-4cb4-b60f-6bfb3b779eb6: start LeaderElection
2020-03-19 17:16:22,027 [ef0c1a11-1ea8-4cb4-b60f-6bfb3b779eb6@group-61D83DCB3EDB-LeaderElection137] INFO  impl.LeaderElection (LeaderElection.java:askForVotes(206)) - ef0c1a11-1ea8-4cb4-b60f-6bfb3b779eb6@group-61D83DCB3EDB-LeaderElection137: begin an election at term 5 for 0: [8719c7fb-c7e5-474c-a3e1-64c0a78adabe:172.17.0.2:41825, ef0c1a11-1ea8-4cb4-b60f-6bfb3b779eb6:172.17.0.2:37633, 5ac25ff6-d68b-4c37-b38b-9bf9f6fc66ee:172.17.0.2:36941], old=null
2020-03-19 17:16:22,039 [ef0c1a11-1ea8-4cb4-b60f-6bfb3b779eb6@group-61D83DCB3EDB-LeaderElection137] INFO  impl.LeaderElection (LogUtils.java:infoOrTrace(137)) - ef0c1a11-1ea8-4cb4-b60f-6bfb3b779eb6@group-61D83DCB3EDB-LeaderElection137 got exception when requesting votes: java.util.concurrent.ExecutionException: org.apache.ratis.thirdparty.io.grpc.StatusRuntimeException: UNAVAILABLE: io exception
2020-03-19 17:16:22,039 [ef0c1a11-1ea8-4cb4-b60f-6bfb3b779eb6@group-61D83DCB3EDB-LeaderElection137] INFO  impl.LeaderElection (LogUtils.java:infoOrTrace(137)) - ef0c1a11-1ea8-4cb4-b60f-6bfb3b779eb6@group-61D83DCB3EDB-LeaderElection137 got exception when requesting votes: java.util.concurrent.ExecutionException: org.apache.ratis.thirdparty.io.grpc.StatusRuntimeException: UNAVAILABLE: io exception
2020-03-19 17:16:22,039 [ef0c1a11-1ea8-4cb4-b60f-6bfb3b779eb6@group-61D83DCB3EDB-LeaderElection137] INFO  impl.LeaderElection (LeaderElection.java:logAndReturn(61)) - ef0c1a11-1ea8-4cb4-b60f-6bfb3b779eb6@group-61D83DCB3EDB-LeaderElection137: Election REJECTED; received 0 response(s) [] and 2 exception(s); ef0c1a11-1ea8-4cb4-b60f-6bfb3b779eb6@group-61D83DCB3EDB:t5, leader=null, voted=ef0c1a11-1ea8-4cb4-b60f-6bfb3b779eb6, raftlog=ef0c1a11-1ea8-4cb4-b60f-6bfb3b779eb6@group-61D83DCB3EDB-SegmentedRaftLog:OPENED:c0,f0,i0, conf=0: [8719c7fb-c7e5-474c-a3e1-64c0a78adabe:172.17.0.2:41825, ef0c1a11-1ea8-4cb4-b60f-6bfb3b779eb6:172.17.0.2:37633, 5ac25ff6-d68b-4c37-b38b-9bf9f6fc66ee:172.17.0.2:36941], old=null
2020-03-19 17:16:22,039 [ef0c1a11-1ea8-4cb4-b60f-6bfb3b779eb6@group-61D83DCB3EDB-LeaderElection137] INFO  impl.LeaderElection (LogUtils.java:infoOrTrace(137)) -   Exception 0: java.util.concurrent.ExecutionException: org.apache.ratis.thirdparty.io.grpc.StatusRuntimeException: UNAVAILABLE: io exception
2020-03-19 17:16:22,039 [ef0c1a11-1ea8-4cb4-b60f-6bfb3b779eb6@group-61D83DCB3EDB-LeaderElection137] INFO  impl.LeaderElection (LogUtils.java:infoOrTrace(137)) -   Exception 1: java.util.concurrent.ExecutionException: org.apache.ratis.thirdparty.io.grpc.StatusRuntimeException: UNAVAILABLE: io exception
2020-03-19 17:16:22,039 [ef0c1a11-1ea8-4cb4-b60f-6bfb3b779eb6@group-61D83DCB3EDB-LeaderElection137] INFO  impl.RaftServerImpl (RaftServerImpl.java:setRole(172)) - ef0c1a11-1ea8-4cb4-b60f-6bfb3b779eb6@group-61D83DCB3EDB: changes role from CANDIDATE to FOLLOWER at term 5 for DISCOVERED_A_NEW_TERM
2020-03-19 17:16:22,039 [ef0c1a11-1ea8-4cb4-b60f-6bfb3b779eb6@group-61D83DCB3EDB-LeaderElection137] INFO  impl.RoleInfo (RoleInfo.java:shutdownLeaderElection(134)) - ef0c1a11-1ea8-4cb4-b60f-6bfb3b779eb6: shutdown LeaderElection
2020-03-19 17:16:22,039 [ef0c1a11-1ea8-4cb4-b60f-6bfb3b779eb6@group-61D83DCB3EDB-LeaderElection137] INFO  impl.RoleInfo (RoleInfo.java:updateAndGet(143)) - ef0c1a11-1ea8-4cb4-b60f-6bfb3b779eb6: start FollowerState
2020-03-19 17:16:22,284 [Thread-3666] INFO  impl.FollowerState (FollowerState.java:run(108)) - 7e69d50e-0a54-4234-a642-c3092d47dbb5@group-448E1A42821C-FollowerState: change to CANDIDATE, lastRpcTime:1093ms, electionTimeout:1093ms
2020-03-19 17:16:22,285 [Thread-3666] INFO  impl.RoleInfo (RoleInfo.java:shutdownFollowerState(121)) - 7e69d50e-0a54-4234-a642-c3092d47dbb5: shutdown FollowerState
2020-03-19 17:16:22,285 [Thread-3666] INFO  impl.RaftServerImpl (RaftServerImpl.java:setRole(172)) - 7e69d50e-0a54-4234-a642-c3092d47dbb5@group-448E1A42821C: changes role from  FOLLOWER to CANDIDATE at term 7 for changeToCandidate
2020-03-19 17:16:22,285 [Thread-3666] INFO  impl.RoleInfo (RoleInfo.java:updateAndGet(143)) - 7e69d50e-0a54-4234-a642-c3092d47dbb5: start LeaderElection
2020-03-19 17:16:22,287 [7e69d50e-0a54-4234-a642-c3092d47dbb5@group-448E1A42821C-LeaderElection138] INFO  impl.LeaderElection (LeaderElection.java:askForVotes(206)) - 7e69d50e-0a54-4234-a642-c3092d47dbb5@group-448E1A42821C-LeaderElection138: begin an election at term 8 for 5: [78c87700-eed0-40ed-9c83-27d56052797c:172.17.0.2:42939, 665f80ed-020a-4994-95dd-47071b79dcbc:172.17.0.2:33627, 7e69d50e-0a54-4234-a642-c3092d47dbb5:172.17.0.2:37797], old=null
2020-03-19 17:16:22,288 [7e69d50e-0a54-4234-a642-c3092d47dbb5@group-448E1A42821C-LeaderElection138] INFO  impl.LeaderElection (LogUtils.java:infoOrTrace(137)) - 7e69d50e-0a54-4234-a642-c3092d47dbb5@group-448E1A42821C-LeaderElection138 got exception when requesting votes: java.util.concurrent.ExecutionException: org.apache.ratis.thirdparty.io.grpc.StatusRuntimeException: UNAVAILABLE: io exception
2020-03-19 17:16:22,288 [7e69d50e-0a54-4234-a642-c3092d47dbb5@group-448E1A42821C-LeaderElection138] INFO  impl.LeaderElection (LogUtils.java:infoOrTrace(137)) - 7e69d50e-0a54-4234-a642-c3092d47dbb5@group-448E1A42821C-LeaderElection138 got exception when requesting votes: java.util.concurrent.ExecutionException: org.apache.ratis.thirdparty.io.grpc.StatusRuntimeException: UNAVAILABLE: io exception
2020-03-19 17:16:22,288 [7e69d50e-0a54-4234-a642-c3092d47dbb5@group-448E1A42821C-LeaderElection138] INFO  impl.LeaderElection (LeaderElection.java:logAndReturn(61)) - 7e69d50e-0a54-4234-a642-c3092d47dbb5@group-448E1A42821C-LeaderElection138: Election REJECTED; received 0 response(s) [] and 2 exception(s); 7e69d50e-0a54-4234-a642-c3092d47dbb5@group-448E1A42821C:t8, leader=null, voted=7e69d50e-0a54-4234-a642-c3092d47dbb5, raftlog=7e69d50e-0a54-4234-a642-c3092d47dbb5@group-448E1A42821C-SegmentedRaftLog:OPENED:c4,f5,i5, conf=5: [78c87700-eed0-40ed-9c83-27d56052797c:172.17.0.2:42939, 665f80ed-020a-4994-95dd-47071b79dcbc:172.17.0.2:33627, 7e69d50e-0a54-4234-a642-c3092d47dbb5:172.17.0.2:37797], old=null
2020-03-19 17:16:22,288 [7e69d50e-0a54-4234-a642-c3092d47dbb5@group-448E1A42821C-LeaderElection138] INFO  impl.LeaderElection (LogUtils.java:infoOrTrace(137)) -   Exception 0: java.util.concurrent.ExecutionException: org.apache.ratis.thirdparty.io.grpc.StatusRuntimeException: UNAVAILABLE: io exception
2020-03-19 17:16:22,289 [7e69d50e-0a54-4234-a642-c3092d47dbb5@group-448E1A42821C-LeaderElection138] INFO  impl.LeaderElection (LogUtils.java:infoOrTrace(137)) -   Exception 1: java.util.concurrent.ExecutionException: org.apache.ratis.thirdparty.io.grpc.StatusRuntimeException: UNAVAILABLE: io exception
2020-03-19 17:16:22,289 [7e69d50e-0a54-4234-a642-c3092d47dbb5@group-448E1A42821C-LeaderElection138] INFO  impl.RaftServerImpl (RaftServerImpl.java:setRole(172)) - 7e69d50e-0a54-4234-a642-c3092d47dbb5@group-448E1A42821C: changes role from CANDIDATE to FOLLOWER at term 8 for DISCOVERED_A_NEW_TERM
2020-03-19 17:16:22,289 [7e69d50e-0a54-4234-a642-c3092d47dbb5@group-448E1A42821C-LeaderElection138] INFO  impl.RoleInfo (RoleInfo.java:shutdownLeaderElection(134)) - 7e69d50e-0a54-4234-a642-c3092d47dbb5: shutdown LeaderElection
2020-03-19 17:16:22,289 [7e69d50e-0a54-4234-a642-c3092d47dbb5@group-448E1A42821C-LeaderElection138] INFO  impl.RoleInfo (RoleInfo.java:updateAndGet(143)) - 7e69d50e-0a54-4234-a642-c3092d47dbb5: start FollowerState
2020-03-19 17:16:22,338 [ForkJoinPool.commonPool-worker-1] INFO  ozoneimpl.OzoneContainer (OzoneContainer.java:stop(245)) - Attempting to stop container services.
2020-03-19 17:16:22,340 [main] INFO  ozoneimpl.OzoneContainer (OzoneContainer.java:stop(245)) - Attempting to stop container services.
2020-03-19 17:16:22,341 [main] INFO  impl.RaftServerProxy (RaftServerProxy.java:lambda$close$4(314)) - 0f47e6b4-3e2a-4392-948b-42faa0c001a0: close
2020-03-19 17:16:22,341 [main] INFO  impl.RaftServerImpl (RaftServerImpl.java:lambda$shutdown$3(249)) - 0f47e6b4-3e2a-4392-948b-42faa0c001a0@group-2A2FFA2CC73D: shutdown
2020-03-19 17:16:22,341 [main] INFO  util.JmxRegister (JmxRegister.java:unregister(73)) - Successfully un-registered JMX Bean with object name Ratis:service=RaftServer,group=group-2A2FFA2CC73D,id=0f47e6b4-3e2a-4392-948b-42faa0c001a0
2020-03-19 17:16:22,341 [main] INFO  impl.RoleInfo (RoleInfo.java:shutdownLeaderState(104)) - 0f47e6b4-3e2a-4392-948b-42faa0c001a0: shutdown LeaderState
2020-03-19 17:16:22,341 [main] INFO  impl.PendingRequests (PendingRequests.java:sendNotLeaderResponses(240)) - 0f47e6b4-3e2a-4392-948b-42faa0c001a0@group-2A2FFA2CC73D-PendingRequests: sendNotLeaderResponses
2020-03-19 17:16:22,341 [main] INFO  metrics.RatisMetrics (RatisMetrics.java:unregister(46)) - Unregistering Metrics Registry : ratis.log_appender.0f47e6b4-3e2a-4392-948b-42faa0c001a0@group-2A2FFA2CC73D
2020-03-19 17:16:22,342 [main] INFO  impl.StateMachineUpdater (StateMachineUpdater.java:stopAndJoin(139)) - 0f47e6b4-3e2a-4392-948b-42faa0c001a0@group-2A2FFA2CC73D-StateMachineUpdater: set stopIndex = 0
2020-03-19 17:16:22,342 [ForkJoinPool.commonPool-worker-1] INFO  impl.RaftServerProxy (RaftServerProxy.java:lambda$close$4(314)) - 7e69d50e-0a54-4234-a642-c3092d47dbb5: close
2020-03-19 17:16:22,342 [ForkJoinPool.commonPool-worker-1] INFO  impl.RaftServerImpl (RaftServerImpl.java:lambda$shutdown$3(249)) - 7e69d50e-0a54-4234-a642-c3092d47dbb5@group-31970616EB44: shutdown
2020-03-19 17:16:22,342 [ForkJoinPool.commonPool-worker-1] INFO  util.JmxRegister (JmxRegister.java:unregister(73)) - Successfully un-registered JMX Bean with object name Ratis:service=RaftServer,group=group-31970616EB44,id=7e69d50e-0a54-4234-a642-c3092d47dbb5
2020-03-19 17:16:22,342 [ForkJoinPool.commonPool-worker-1] INFO  impl.RoleInfo (RoleInfo.java:shutdownLeaderState(104)) - 7e69d50e-0a54-4234-a642-c3092d47dbb5: shutdown LeaderState
2020-03-19 17:16:22,342 [0f47e6b4-3e2a-4392-948b-42faa0c001a0@group-2A2FFA2CC73D-StateMachineUpdater] INFO  ratis.ContainerStateMachine (ContainerStateMachine.java:takeSnapshot(295)) - group-2A2FFA2CC73D: Taking a snapshot at:(t:1, i:0) file /github/workspace/hadoop-ozone/integration-test/target/test-dir/MiniOzoneClusterImpl-80293407-04bd-45a8-aeac-96ce148bba0b/datanode-9/data/ratis/b21bbf9a-b9c2-4574-81a5-2a2ffa2cc73d/sm/snapshot.1_0
2020-03-19 17:16:22,342 [ForkJoinPool.commonPool-worker-1] INFO  impl.PendingRequests (PendingRequests.java:sendNotLeaderResponses(240)) - 7e69d50e-0a54-4234-a642-c3092d47dbb5@group-31970616EB44-PendingRequests: sendNotLeaderResponses
2020-03-19 17:16:22,342 [ForkJoinPool.commonPool-worker-1] INFO  metrics.RatisMetrics (RatisMetrics.java:unregister(46)) - Unregistering Metrics Registry : ratis.log_appender.7e69d50e-0a54-4234-a642-c3092d47dbb5@group-31970616EB44
2020-03-19 17:16:22,342 [ForkJoinPool.commonPool-worker-1] INFO  impl.StateMachineUpdater (StateMachineUpdater.java:stopAndJoin(139)) - 7e69d50e-0a54-4234-a642-c3092d47dbb5@group-31970616EB44-StateMachineUpdater: set stopIndex = 0
2020-03-19 17:16:22,343 [7e69d50e-0a54-4234-a642-c3092d47dbb5@group-31970616EB44-StateMachineUpdater] INFO  ratis.ContainerStateMachine (ContainerStateMachine.java:takeSnapshot(295)) - group-31970616EB44: Taking a snapshot at:(t:1, i:0) file /github/workspace/hadoop-ozone/integration-test/target/test-dir/MiniOzoneClusterImpl-80293407-04bd-45a8-aeac-96ce148bba0b/datanode-4/data/ratis/71604343-59e0-4c63-8ff5-31970616eb44/sm/snapshot.1_0
2020-03-19 17:16:22,343 [0f47e6b4-3e2a-4392-948b-42faa0c001a0@group-2A2FFA2CC73D-StateMachineUpdater] INFO  ratis.ContainerStateMachine (ContainerStateMachine.java:takeSnapshot(306)) - group-2A2FFA2CC73D: Finished taking a snapshot at:(t:1, i:0) file:/github/workspace/hadoop-ozone/integration-test/target/test-dir/MiniOzoneClusterImpl-80293407-04bd-45a8-aeac-96ce148bba0b/datanode-9/data/ratis/b21bbf9a-b9c2-4574-81a5-2a2ffa2cc73d/sm/snapshot.1_0 time:0
2020-03-19 17:16:22,343 [0f47e6b4-3e2a-4392-948b-42faa0c001a0@group-2A2FFA2CC73D-StateMachineUpdater] INFO  impl.StateMachineUpdater (StateMachineUpdater.java:takeSnapshot(274)) - 0f47e6b4-3e2a-4392-948b-42faa0c001a0@group-2A2FFA2CC73D-StateMachineUpdater: Took a snapshot at index 0
2020-03-19 17:16:22,343 [0f47e6b4-3e2a-4392-948b-42faa0c001a0@group-2A2FFA2CC73D-StateMachineUpdater] INFO  impl.StateMachineUpdater (StateMachineUpdater.java:lambda$new$0(86)) - 0f47e6b4-3e2a-4392-948b-42faa0c001a0@group-2A2FFA2CC73D-StateMachineUpdater: snapshotIndex: updateIncreasingly -1 -> 0
2020-03-19 17:16:22,343 [0f47e6b4-3e2a-4392-948b-42faa0c001a0@group-2A2FFA2CC73D-StateMachineUpdater] INFO  metrics.RatisMetrics (RatisMetrics.java:unregister(46)) - Unregistering Metrics Registry : ratis.state_machine.0f47e6b4-3e2a-4392-948b-42faa0c001a0@group-2A2FFA2CC73D
2020-03-19 17:16:22,343 [7e69d50e-0a54-4234-a642-c3092d47dbb5@group-31970616EB44-StateMachineUpdater] INFO  ratis.ContainerStateMachine (ContainerStateMachine.java:takeSnapshot(306)) - group-31970616EB44: Finished taking a snapshot at:(t:1, i:0) file:/github/workspace/hadoop-ozone/integration-test/target/test-dir/MiniOzoneClusterImpl-80293407-04bd-45a8-aeac-96ce148bba0b/datanode-4/data/ratis/71604343-59e0-4c63-8ff5-31970616eb44/sm/snapshot.1_0 time:1
2020-03-19 17:16:22,343 [7e69d50e-0a54-4234-a642-c3092d47dbb5@group-31970616EB44-StateMachineUpdater] INFO  impl.StateMachineUpdater (StateMachineUpdater.java:takeSnapshot(274)) - 7e69d50e-0a54-4234-a642-c3092d47dbb5@group-31970616EB44-StateMachineUpdater: Took a snapshot at index 0
2020-03-19 17:16:22,344 [7e69d50e-0a54-4234-a642-c3092d47dbb5@group-31970616EB44-StateMachineUpdater] INFO  impl.StateMachineUpdater (StateMachineUpdater.java:lambda$new$0(86)) - 7e69d50e-0a54-4234-a642-c3092d47dbb5@group-31970616EB44-StateMachineUpdater: snapshotIndex: updateIncreasingly -1 -> 0
2020-03-19 17:16:22,344 [7e69d50e-0a54-4234-a642-c3092d47dbb5@group-31970616EB44-StateMachineUpdater] INFO  metrics.RatisMetrics (RatisMetrics.java:unregister(46)) - Unregistering Metrics Registry : ratis.state_machine.7e69d50e-0a54-4234-a642-c3092d47dbb5@group-31970616EB44
2020-03-19 17:16:22,344 [ForkJoinPool.commonPool-worker-1] INFO  impl.RaftServerImpl (ServerState.java:close(387)) - 7e69d50e-0a54-4234-a642-c3092d47dbb5@group-31970616EB44: closes. applyIndex: 0
2020-03-19 17:16:22,344 [7e69d50e-0a54-4234-a642-c3092d47dbb5@group-31970616EB44-SegmentedRaftLogWorker] INFO  segmented.SegmentedRaftLogWorker (SegmentedRaftLogWorker.java:run(321)) - 7e69d50e-0a54-4234-a642-c3092d47dbb5@group-31970616EB44-SegmentedRaftLogWorker was interrupted, exiting. There are 0 tasks remaining in the queue.
2020-03-19 17:16:22,344 [main] INFO  impl.RaftServerImpl (ServerState.java:close(387)) - 0f47e6b4-3e2a-4392-948b-42faa0c001a0@group-2A2FFA2CC73D: closes. applyIndex: 0
2020-03-19 17:16:22,344 [0f47e6b4-3e2a-4392-948b-42faa0c001a0@group-2A2FFA2CC73D-SegmentedRaftLogWorker] INFO  segmented.SegmentedRaftLogWorker (SegmentedRaftLogWorker.java:run(321)) - 0f47e6b4-3e2a-4392-948b-42faa0c001a0@group-2A2FFA2CC73D-SegmentedRaftLogWorker was interrupted, exiting. There are 0 tasks remaining in the queue.
2020-03-19 17:16:22,344 [main] INFO  segmented.SegmentedRaftLogWorker (SegmentedRaftLogWorker.java:close(229)) - 0f47e6b4-3e2a-4392-948b-42faa0c001a0@group-2A2FFA2CC73D-SegmentedRaftLogWorker close()
2020-03-19 17:16:22,344 [ForkJoinPool.commonPool-worker-1] INFO  segmented.SegmentedRaftLogWorker (SegmentedRaftLogWorker.java:close(229)) - 7e69d50e-0a54-4234-a642-c3092d47dbb5@group-31970616EB44-SegmentedRaftLogWorker close()
2020-03-19 17:16:22,348 [main] INFO  metrics.RatisMetrics (RatisMetrics.java:unregister(46)) - Unregistering Metrics Registry : ratis.log_worker.0f47e6b4-3e2a-4392-948b-42faa0c001a0
2020-03-19 17:16:22,348 [main] INFO  metrics.RatisMetrics (RatisMetrics.java:unregister(46)) - Unregistering Metrics Registry : ratis.leader_election.0f47e6b4-3e2a-4392-948b-42faa0c001a0@group-2A2FFA2CC73D
2020-03-19 17:16:22,349 [main] INFO  metrics.RatisMetrics (RatisMetrics.java:unregister(46)) - Unregistering Metrics Registry : ratis.server.0f47e6b4-3e2a-4392-948b-42faa0c001a0@group-2A2FFA2CC73D
2020-03-19 17:16:22,349 [main] INFO  server.GrpcService (GrpcService.java:closeImpl(164)) - 0f47e6b4-3e2a-4392-948b-42faa0c001a0: shutdown server with port 43121 now
2020-03-19 17:16:22,349 [main] INFO  server.GrpcService (GrpcService.java:closeImpl(172)) - 0f47e6b4-3e2a-4392-948b-42faa0c001a0: shutdown server with port 43121 successfully
2020-03-19 17:16:22,348 [ForkJoinPool.commonPool-worker-1] INFO  metrics.RatisMetrics (RatisMetrics.java:unregister(46)) - Unregistering Metrics Registry : ratis.log_worker.7e69d50e-0a54-4234-a642-c3092d47dbb5
2020-03-19 17:16:22,350 [ForkJoinPool.commonPool-worker-1] INFO  metrics.RatisMetrics (RatisMetrics.java:unregister(46)) - Unregistering Metrics Registry : ratis.leader_election.7e69d50e-0a54-4234-a642-c3092d47dbb5@group-31970616EB44
2020-03-19 17:16:22,350 [ForkJoinPool.commonPool-worker-1] INFO  metrics.RatisMetrics (RatisMetrics.java:unregister(46)) - Unregistering Metrics Registry : ratis.server.7e69d50e-0a54-4234-a642-c3092d47dbb5@group-31970616EB44
2020-03-19 17:16:22,350 [ForkJoinPool.commonPool-worker-1] INFO  impl.RaftServerImpl (RaftServerImpl.java:lambda$shutdown$3(249)) - 7e69d50e-0a54-4234-a642-c3092d47dbb5@group-448E1A42821C: shutdown
2020-03-19 17:16:22,351 [ForkJoinPool.commonPool-worker-1] INFO  util.JmxRegister (JmxRegister.java:unregister(73)) - Successfully un-registered JMX Bean with object name Ratis:service=RaftServer,group=group-448E1A42821C,id=7e69d50e-0a54-4234-a642-c3092d47dbb5
2020-03-19 17:16:22,351 [ForkJoinPool.commonPool-worker-1] INFO  impl.RoleInfo (RoleInfo.java:shutdownFollowerState(121)) - 7e69d50e-0a54-4234-a642-c3092d47dbb5: shutdown FollowerState
2020-03-19 17:16:22,351 [7e69d50e-0a54-4234-a642-c3092d47dbb5@group-448E1A42821C-StateMachineUpdater] INFO  ratis.ContainerStateMachine (ContainerStateMachine.java:takeSnapshot(295)) - group-448E1A42821C: Taking a snapshot at:(t:3, i:4) file /github/workspace/hadoop-ozone/integration-test/target/test-dir/MiniOzoneClusterImpl-80293407-04bd-45a8-aeac-96ce148bba0b/datanode-4/data/ratis/d7c22a97-1ee9-48ff-8c2f-448e1a42821c/sm/snapshot.3_4
2020-03-19 17:16:22,351 [ForkJoinPool.commonPool-worker-1] INFO  impl.StateMachineUpdater (StateMachineUpdater.java:stopAndJoin(139)) - 7e69d50e-0a54-4234-a642-c3092d47dbb5@group-448E1A42821C-StateMachineUpdater: set stopIndex = 4
2020-03-19 17:16:22,352 [7e69d50e-0a54-4234-a642-c3092d47dbb5@group-448E1A42821C-StateMachineUpdater] INFO  ratis.ContainerStateMachine (ContainerStateMachine.java:takeSnapshot(306)) - group-448E1A42821C: Finished taking a snapshot at:(t:3, i:4) file:/github/workspace/hadoop-ozone/integration-test/target/test-dir/MiniOzoneClusterImpl-80293407-04bd-45a8-aeac-96ce148bba0b/datanode-4/data/ratis/d7c22a97-1ee9-48ff-8c2f-448e1a42821c/sm/snapshot.3_4 time:1
2020-03-19 17:16:22,352 [7e69d50e-0a54-4234-a642-c3092d47dbb5@group-448E1A42821C-StateMachineUpdater] INFO  impl.StateMachineUpdater (StateMachineUpdater.java:takeSnapshot(274)) - 7e69d50e-0a54-4234-a642-c3092d47dbb5@group-448E1A42821C-StateMachineUpdater: Took a snapshot at index 4
2020-03-19 17:16:22,352 [7e69d50e-0a54-4234-a642-c3092d47dbb5@group-448E1A42821C-StateMachineUpdater] INFO  impl.StateMachineUpdater (StateMachineUpdater.java:lambda$new$0(86)) - 7e69d50e-0a54-4234-a642-c3092d47dbb5@group-448E1A42821C-StateMachineUpdater: snapshotIndex: updateIncreasingly -1 -> 4
2020-03-19 17:16:22,352 [7e69d50e-0a54-4234-a642-c3092d47dbb5@group-448E1A42821C-StateMachineUpdater] INFO  metrics.RatisMetrics (RatisMetrics.java:unregister(46)) - Unregistering Metrics Registry : ratis.state_machine.7e69d50e-0a54-4234-a642-c3092d47dbb5@group-448E1A42821C
2020-03-19 17:16:22,352 [ForkJoinPool.commonPool-worker-1] INFO  impl.RaftServerImpl (ServerState.java:close(387)) - 7e69d50e-0a54-4234-a642-c3092d47dbb5@group-448E1A42821C: closes. applyIndex: 4
2020-03-19 17:16:22,353 [7e69d50e-0a54-4234-a642-c3092d47dbb5@group-448E1A42821C-SegmentedRaftLogWorker] INFO  segmented.SegmentedRaftLogWorker (SegmentedRaftLogWorker.java:run(321)) - 7e69d50e-0a54-4234-a642-c3092d47dbb5@group-448E1A42821C-SegmentedRaftLogWorker was interrupted, exiting. There are 0 tasks remaining in the queue.
2020-03-19 17:16:22,353 [ForkJoinPool.commonPool-worker-1] INFO  segmented.SegmentedRaftLogWorker (SegmentedRaftLogWorker.java:close(229)) - 7e69d50e-0a54-4234-a642-c3092d47dbb5@group-448E1A42821C-SegmentedRaftLogWorker close()
2020-03-19 17:16:22,354 [ForkJoinPool.commonPool-worker-1] INFO  metrics.RatisMetrics (RatisMetrics.java:unregister(46)) - Unregistering Metrics Registry : ratis.log_worker.7e69d50e-0a54-4234-a642-c3092d47dbb5
2020-03-19 17:16:22,354 [ForkJoinPool.commonPool-worker-1] INFO  metrics.RatisMetrics (RatisMetrics.java:unregister(46)) - Unregistering Metrics Registry : ratis.leader_election.7e69d50e-0a54-4234-a642-c3092d47dbb5@group-448E1A42821C
2020-03-19 17:16:22,354 [ForkJoinPool.commonPool-worker-1] INFO  metrics.RatisMetrics (RatisMetrics.java:unregister(46)) - Unregistering Metrics Registry : ratis.server.7e69d50e-0a54-4234-a642-c3092d47dbb5@group-448E1A42821C
2020-03-19 17:16:22,354 [ForkJoinPool.commonPool-worker-1] INFO  server.GrpcService (GrpcService.java:closeImpl(164)) - 7e69d50e-0a54-4234-a642-c3092d47dbb5: shutdown server with port 37797 now
2020-03-19 17:16:22,358 [ForkJoinPool.commonPool-worker-1] INFO  server.GrpcService (GrpcService.java:closeImpl(172)) - 7e69d50e-0a54-4234-a642-c3092d47dbb5: shutdown server with port 37797 successfully
2020-03-19 17:16:22,359 [grpc-default-executor-9] WARN  server.GrpcLogAppender (LogUtils.java:warn(122)) - e0593f1c-6b5a-4362-bc71-0b44a1bb1867@group-F255B7A46A64->ea97180b-f37b-4beb-ae1e-adcdfeb20d18-AppendLogResponseHandler: Failed appendEntries: org.apache.ratis.thirdparty.io.grpc.StatusRuntimeException: UNAVAILABLE: io exception
2020-03-19 17:16:22,360 [Thread-3676] INFO  impl.FollowerState (FollowerState.java:run(117)) - 7e69d50e-0a54-4234-a642-c3092d47dbb5@group-448E1A42821C-FollowerState was interrupted: java.lang.InterruptedException: sleep interrupted
2020-03-19 17:16:22,360 [grpc-default-executor-9] INFO  impl.FollowerInfo (FollowerInfo.java:lambda$new$0(50)) - e0593f1c-6b5a-4362-bc71-0b44a1bb1867@group-F255B7A46A64->ea97180b-f37b-4beb-ae1e-adcdfeb20d18: nextIndex: updateUnconditionally 2 -> 1
2020-03-19 17:16:22,384 [ForkJoinPool.commonPool-worker-1] INFO  utils.BackgroundService (BackgroundService.java:shutdown(157)) - Shutting down service BlockDeletingService
2020-03-19 17:16:22,387 [ForkJoinPool.commonPool-worker-1] INFO  statemachine.DatanodeStateMachine (DatanodeStateMachine.java:stopDaemon(435)) - Ozone container server stopped.
2020-03-19 17:16:22,393 [main] INFO  utils.BackgroundService (BackgroundService.java:shutdown(157)) - Shutting down service BlockDeletingService
2020-03-19 17:16:22,393 [ForkJoinPool.commonPool-worker-1] INFO  handler.ContextHandler (ContextHandler.java:doStop(1016)) - Stopped o.e.j.w.WebAppContext@3f72b18e{hddsDatanode,/,null,UNAVAILABLE}{jar:file:/home/user/.m2/repository/org/apache/hadoop/hadoop-hdds-container-service/0.5.0-SNAPSHOT/hadoop-hdds-container-service-0.5.0-SNAPSHOT.jar!/webapps/hddsDatanode}
2020-03-19 17:16:22,396 [main] INFO  statemachine.DatanodeStateMachine (DatanodeStateMachine.java:stopDaemon(435)) - Ozone container server stopped.
2020-03-19 17:16:22,396 [main] INFO  handler.ContextHandler (ContextHandler.java:doStop(1016)) - Stopped o.e.j.w.WebAppContext@2486e227{hddsDatanode,/,null,UNAVAILABLE}{jar:file:/home/user/.m2/repository/org/apache/hadoop/hadoop-hdds-container-service/0.5.0-SNAPSHOT/hadoop-hdds-container-service-0.5.0-SNAPSHOT.jar!/webapps/hddsDatanode}
2020-03-19 17:16:22,397 [ForkJoinPool.commonPool-worker-1] INFO  server.AbstractConnector (AbstractConnector.java:doStop(380)) - Stopped ServerConnector@26350900{HTTP/1.1,[http/1.1]}{0.0.0.0:0}
2020-03-19 17:16:22,397 [main] INFO  server.AbstractConnector (AbstractConnector.java:doStop(380)) - Stopped ServerConnector@1f37ad{HTTP/1.1,[http/1.1]}{0.0.0.0:0}
2020-03-19 17:16:22,397 [main] INFO  server.session (HouseKeeper.java:stopScavenging(158)) - node0 Stopped scavenging
2020-03-19 17:16:22,397 [ForkJoinPool.commonPool-worker-1] INFO  server.session (HouseKeeper.java:stopScavenging(158)) - node0 Stopped scavenging
2020-03-19 17:16:22,397 [main] INFO  handler.ContextHandler (ContextHandler.java:doStop(1016)) - Stopped o.e.j.s.ServletContextHandler@29f38a52{static,/static,jar:file:/home/user/.m2/repository/org/apache/hadoop/hadoop-hdds-container-service/0.5.0-SNAPSHOT/hadoop-hdds-container-service-0.5.0-SNAPSHOT.jar!/webapps/static,UNAVAILABLE}
2020-03-19 17:16:22,398 [main] INFO  handler.ContextHandler (ContextHandler.java:doStop(1016)) - Stopped o.e.j.s.ServletContextHandler@71bdd816{logs,/logs,file:///github/workspace/hadoop-ozone/integration-test/target/log,UNAVAILABLE}
2020-03-19 17:16:22,398 [ForkJoinPool.commonPool-worker-1] INFO  handler.ContextHandler (ContextHandler.java:doStop(1016)) - Stopped o.e.j.s.ServletContextHandler@2c0450ee{static,/static,jar:file:/home/user/.m2/repository/org/apache/hadoop/hadoop-hdds-container-service/0.5.0-SNAPSHOT/hadoop-hdds-container-service-0.5.0-SNAPSHOT.jar!/webapps/static,UNAVAILABLE}
2020-03-19 17:16:22,400 [ForkJoinPool.commonPool-worker-1] INFO  handler.ContextHandler (ContextHandler.java:doStop(1016)) - Stopped o.e.j.s.ServletContextHandler@794fda4b{logs,/logs,file:///github/workspace/hadoop-ozone/integration-test/target/log,UNAVAILABLE}
2020-03-19 17:16:22,778 [Datanode State Machine Thread - 0] INFO  statemachine.DatanodeStateMachine (DatanodeStateMachine.java:lambda$startDaemon$0(387)) - Ozone container server started.
2020-03-19 17:16:22,862 [grpc-default-executor-10] WARN  server.GrpcLogAppender (LogUtils.java:warn(122)) - e0593f1c-6b5a-4362-bc71-0b44a1bb1867@group-F255B7A46A64->ea97180b-f37b-4beb-ae1e-adcdfeb20d18-AppendLogResponseHandler: Failed appendEntries: org.apache.ratis.thirdparty.io.grpc.StatusRuntimeException: UNAVAILABLE: io exception
2020-03-19 17:16:22,863 [grpc-default-executor-10] INFO  impl.FollowerInfo (FollowerInfo.java:lambda$new$0(50)) - e0593f1c-6b5a-4362-bc71-0b44a1bb1867@group-F255B7A46A64->ea97180b-f37b-4beb-ae1e-adcdfeb20d18: nextIndex: updateUnconditionally 2 -> 1
2020-03-19 17:16:23,132 [Thread-3672] INFO  impl.FollowerState (FollowerState.java:run(108)) - ef0c1a11-1ea8-4cb4-b60f-6bfb3b779eb6@group-61D83DCB3EDB-FollowerState: change to CANDIDATE, lastRpcTime:1092ms, electionTimeout:1092ms
2020-03-19 17:16:23,132 [Thread-3672] INFO  impl.RoleInfo (RoleInfo.java:shutdownFollowerState(121)) - ef0c1a11-1ea8-4cb4-b60f-6bfb3b779eb6: shutdown FollowerState
2020-03-19 17:16:23,132 [Thread-3672] INFO  impl.RaftServerImpl (RaftServerImpl.java:setRole(172)) - ef0c1a11-1ea8-4cb4-b60f-6bfb3b779eb6@group-61D83DCB3EDB: changes role from  FOLLOWER to CANDIDATE at term 5 for changeToCandidate
2020-03-19 17:16:23,132 [Thread-3672] INFO  impl.RoleInfo (RoleInfo.java:updateAndGet(143)) - ef0c1a11-1ea8-4cb4-b60f-6bfb3b779eb6: start LeaderElection
2020-03-19 17:16:23,134 [ef0c1a11-1ea8-4cb4-b60f-6bfb3b779eb6@group-61D83DCB3EDB-LeaderElection139] INFO  impl.LeaderElection (LeaderElection.java:askForVotes(206)) - ef0c1a11-1ea8-4cb4-b60f-6bfb3b779eb6@group-61D83DCB3EDB-LeaderElection139: begin an election at term 6 for 0: [8719c7fb-c7e5-474c-a3e1-64c0a78adabe:172.17.0.2:41825, ef0c1a11-1ea8-4cb4-b60f-6bfb3b779eb6:172.17.0.2:37633, 5ac25ff6-d68b-4c37-b38b-9bf9f6fc66ee:172.17.0.2:36941], old=null
2020-03-19 17:16:23,137 [ef0c1a11-1ea8-4cb4-b60f-6bfb3b779eb6@group-61D83DCB3EDB-LeaderElection139] INFO  impl.LeaderElection (LogUtils.java:infoOrTrace(137)) - ef0c1a11-1ea8-4cb4-b60f-6bfb3b779eb6@group-61D83DCB3EDB-LeaderElection139 got exception when requesting votes: java.util.concurrent.ExecutionException: org.apache.ratis.thirdparty.io.grpc.StatusRuntimeException: UNAVAILABLE: io exception
2020-03-19 17:16:23,138 [ef0c1a11-1ea8-4cb4-b60f-6bfb3b779eb6@group-61D83DCB3EDB-LeaderElection139] INFO  impl.LeaderElection (LogUtils.java:infoOrTrace(137)) - ef0c1a11-1ea8-4cb4-b60f-6bfb3b779eb6@group-61D83DCB3EDB-LeaderElection139 got exception when requesting votes: java.util.concurrent.ExecutionException: org.apache.ratis.thirdparty.io.grpc.StatusRuntimeException: UNAVAILABLE: io exception
2020-03-19 17:16:23,138 [ef0c1a11-1ea8-4cb4-b60f-6bfb3b779eb6@group-61D83DCB3EDB-LeaderElection139] INFO  impl.LeaderElection (LeaderElection.java:logAndReturn(61)) - ef0c1a11-1ea8-4cb4-b60f-6bfb3b779eb6@group-61D83DCB3EDB-LeaderElection139: Election REJECTED; received 0 response(s) [] and 2 exception(s); ef0c1a11-1ea8-4cb4-b60f-6bfb3b779eb6@group-61D83DCB3EDB:t6, leader=null, voted=ef0c1a11-1ea8-4cb4-b60f-6bfb3b779eb6, raftlog=ef0c1a11-1ea8-4cb4-b60f-6bfb3b779eb6@group-61D83DCB3EDB-SegmentedRaftLog:OPENED:c0,f0,i0, conf=0: [8719c7fb-c7e5-474c-a3e1-64c0a78adabe:172.17.0.2:41825, ef0c1a11-1ea8-4cb4-b60f-6bfb3b779eb6:172.17.0.2:37633, 5ac25ff6-d68b-4c37-b38b-9bf9f6fc66ee:172.17.0.2:36941], old=null
2020-03-19 17:16:23,138 [ef0c1a11-1ea8-4cb4-b60f-6bfb3b779eb6@group-61D83DCB3EDB-LeaderElection139] INFO  impl.LeaderElection (LogUtils.java:infoOrTrace(137)) -   Exception 0: java.util.concurrent.ExecutionException: org.apache.ratis.thirdparty.io.grpc.StatusRuntimeException: UNAVAILABLE: io exception
2020-03-19 17:16:23,138 [ef0c1a11-1ea8-4cb4-b60f-6bfb3b779eb6@group-61D83DCB3EDB-LeaderElection139] INFO  impl.LeaderElection (LogUtils.java:infoOrTrace(137)) -   Exception 1: java.util.concurrent.ExecutionException: org.apache.ratis.thirdparty.io.grpc.StatusRuntimeException: UNAVAILABLE: io exception
2020-03-19 17:16:23,138 [ef0c1a11-1ea8-4cb4-b60f-6bfb3b779eb6@group-61D83DCB3EDB-LeaderElection139] INFO  impl.RaftServerImpl (RaftServerImpl.java:setRole(172)) - ef0c1a11-1ea8-4cb4-b60f-6bfb3b779eb6@group-61D83DCB3EDB: changes role from CANDIDATE to FOLLOWER at term 6 for DISCOVERED_A_NEW_TERM
2020-03-19 17:16:23,138 [ef0c1a11-1ea8-4cb4-b60f-6bfb3b779eb6@group-61D83DCB3EDB-LeaderElection139] INFO  impl.RoleInfo (RoleInfo.java:shutdownLeaderElection(134)) - ef0c1a11-1ea8-4cb4-b60f-6bfb3b779eb6: shutdown LeaderElection
2020-03-19 17:16:23,139 [ef0c1a11-1ea8-4cb4-b60f-6bfb3b779eb6@group-61D83DCB3EDB-LeaderElection139] INFO  impl.RoleInfo (RoleInfo.java:updateAndGet(143)) - ef0c1a11-1ea8-4cb4-b60f-6bfb3b779eb6: start FollowerState
2020-03-19 17:16:23,207 [Datanode State Machine Thread - 0] INFO  statemachine.DatanodeStateMachine (DatanodeStateMachine.java:lambda$startDaemon$0(387)) - Ozone container server started.
2020-03-19 17:16:23,365 [grpc-default-executor-9] WARN  server.GrpcLogAppender (LogUtils.java:warn(122)) - e0593f1c-6b5a-4362-bc71-0b44a1bb1867@group-F255B7A46A64->ea97180b-f37b-4beb-ae1e-adcdfeb20d18-AppendLogResponseHandler: Failed appendEntries: org.apache.ratis.thirdparty.io.grpc.StatusRuntimeException: UNAVAILABLE: io exception
2020-03-19 17:16:23,365 [grpc-default-executor-9] INFO  impl.FollowerInfo (FollowerInfo.java:lambda$new$0(50)) - e0593f1c-6b5a-4362-bc71-0b44a1bb1867@group-F255B7A46A64->ea97180b-f37b-4beb-ae1e-adcdfeb20d18: nextIndex: updateUnconditionally 2 -> 1
2020-03-19 17:16:23,868 [grpc-default-executor-10] WARN  server.GrpcLogAppender (LogUtils.java:warn(122)) - e0593f1c-6b5a-4362-bc71-0b44a1bb1867@group-F255B7A46A64->ea97180b-f37b-4beb-ae1e-adcdfeb20d18-AppendLogResponseHandler: Failed appendEntries: org.apache.ratis.thirdparty.io.grpc.StatusRuntimeException: UNAVAILABLE: io exception
2020-03-19 17:16:23,868 [grpc-default-executor-10] INFO  impl.FollowerInfo (FollowerInfo.java:lambda$new$0(50)) - e0593f1c-6b5a-4362-bc71-0b44a1bb1867@group-F255B7A46A64->ea97180b-f37b-4beb-ae1e-adcdfeb20d18: nextIndex: updateUnconditionally 2 -> 1
2020-03-19 17:16:24,300 [Thread-3682] INFO  impl.FollowerState (FollowerState.java:run(108)) - ef0c1a11-1ea8-4cb4-b60f-6bfb3b779eb6@group-61D83DCB3EDB-FollowerState: change to CANDIDATE, lastRpcTime:1161ms, electionTimeout:1161ms
2020-03-19 17:16:24,300 [Thread-3682] INFO  impl.RoleInfo (RoleInfo.java:shutdownFollowerState(121)) - ef0c1a11-1ea8-4cb4-b60f-6bfb3b779eb6: shutdown FollowerState
2020-03-19 17:16:24,300 [Thread-3682] INFO  impl.RaftServerImpl (RaftServerImpl.java:setRole(172)) - ef0c1a11-1ea8-4cb4-b60f-6bfb3b779eb6@group-61D83DCB3EDB: changes role from  FOLLOWER to CANDIDATE at term 6 for changeToCandidate
2020-03-19 17:16:24,300 [Thread-3682] INFO  impl.RoleInfo (RoleInfo.java:updateAndGet(143)) - ef0c1a11-1ea8-4cb4-b60f-6bfb3b779eb6: start LeaderElection
2020-03-19 17:16:24,303 [ef0c1a11-1ea8-4cb4-b60f-6bfb3b779eb6@group-61D83DCB3EDB-LeaderElection140] INFO  impl.LeaderElection (LeaderElection.java:askForVotes(206)) - ef0c1a11-1ea8-4cb4-b60f-6bfb3b779eb6@group-61D83DCB3EDB-LeaderElection140: begin an election at term 7 for 0: [8719c7fb-c7e5-474c-a3e1-64c0a78adabe:172.17.0.2:41825, ef0c1a11-1ea8-4cb4-b60f-6bfb3b779eb6:172.17.0.2:37633, 5ac25ff6-d68b-4c37-b38b-9bf9f6fc66ee:172.17.0.2:36941], old=null
2020-03-19 17:16:24,304 [ef0c1a11-1ea8-4cb4-b60f-6bfb3b779eb6@group-61D83DCB3EDB-LeaderElection140] INFO  impl.LeaderElection (LogUtils.java:infoOrTrace(137)) - ef0c1a11-1ea8-4cb4-b60f-6bfb3b779eb6@group-61D83DCB3EDB-LeaderElection140 got exception when requesting votes: java.util.concurrent.ExecutionException: org.apache.ratis.thirdparty.io.grpc.StatusRuntimeException: UNAVAILABLE: io exception
2020-03-19 17:16:24,304 [ef0c1a11-1ea8-4cb4-b60f-6bfb3b779eb6@group-61D83DCB3EDB-LeaderElection140] INFO  impl.LeaderElection (LogUtils.java:infoOrTrace(137)) - ef0c1a11-1ea8-4cb4-b60f-6bfb3b779eb6@group-61D83DCB3EDB-LeaderElection140 got exception when requesting votes: java.util.concurrent.ExecutionException: org.apache.ratis.thirdparty.io.grpc.StatusRuntimeException: UNAVAILABLE: io exception
2020-03-19 17:16:24,304 [ef0c1a11-1ea8-4cb4-b60f-6bfb3b779eb6@group-61D83DCB3EDB-LeaderElection140] INFO  impl.LeaderElection (LeaderElection.java:logAndReturn(61)) - ef0c1a11-1ea8-4cb4-b60f-6bfb3b779eb6@group-61D83DCB3EDB-LeaderElection140: Election REJECTED; received 0 response(s) [] and 2 exception(s); ef0c1a11-1ea8-4cb4-b60f-6bfb3b779eb6@group-61D83DCB3EDB:t7, leader=null, voted=ef0c1a11-1ea8-4cb4-b60f-6bfb3b779eb6, raftlog=ef0c1a11-1ea8-4cb4-b60f-6bfb3b779eb6@group-61D83DCB3EDB-SegmentedRaftLog:OPENED:c0,f0,i0, conf=0: [8719c7fb-c7e5-474c-a3e1-64c0a78adabe:172.17.0.2:41825, ef0c1a11-1ea8-4cb4-b60f-6bfb3b779eb6:172.17.0.2:37633, 5ac25ff6-d68b-4c37-b38b-9bf9f6fc66ee:172.17.0.2:36941], old=null
2020-03-19 17:16:24,304 [ef0c1a11-1ea8-4cb4-b60f-6bfb3b779eb6@group-61D83DCB3EDB-LeaderElection140] INFO  impl.LeaderElection (LogUtils.java:infoOrTrace(137)) -   Exception 0: java.util.concurrent.ExecutionException: org.apache.ratis.thirdparty.io.grpc.StatusRuntimeException: UNAVAILABLE: io exception
2020-03-19 17:16:24,304 [ef0c1a11-1ea8-4cb4-b60f-6bfb3b779eb6@group-61D83DCB3EDB-LeaderElection140] INFO  impl.LeaderElection (LogUtils.java:infoOrTrace(137)) -   Exception 1: java.util.concurrent.ExecutionException: org.apache.ratis.thirdparty.io.grpc.StatusRuntimeException: UNAVAILABLE: io exception
2020-03-19 17:16:24,304 [ef0c1a11-1ea8-4cb4-b60f-6bfb3b779eb6@group-61D83DCB3EDB-LeaderElection140] INFO  impl.RaftServerImpl (RaftServerImpl.java:setRole(172)) - ef0c1a11-1ea8-4cb4-b60f-6bfb3b779eb6@group-61D83DCB3EDB: changes role from CANDIDATE to FOLLOWER at term 7 for DISCOVERED_A_NEW_TERM
2020-03-19 17:16:24,304 [ef0c1a11-1ea8-4cb4-b60f-6bfb3b779eb6@group-61D83DCB3EDB-LeaderElection140] INFO  impl.RoleInfo (RoleInfo.java:shutdownLeaderElection(134)) - ef0c1a11-1ea8-4cb4-b60f-6bfb3b779eb6: shutdown LeaderElection
2020-03-19 17:16:24,304 [ef0c1a11-1ea8-4cb4-b60f-6bfb3b779eb6@group-61D83DCB3EDB-LeaderElection140] INFO  impl.RoleInfo (RoleInfo.java:updateAndGet(143)) - ef0c1a11-1ea8-4cb4-b60f-6bfb3b779eb6: start FollowerState
2020-03-19 17:16:24,370 [grpc-default-executor-9] WARN  server.GrpcLogAppender (LogUtils.java:warn(122)) - e0593f1c-6b5a-4362-bc71-0b44a1bb1867@group-F255B7A46A64->ea97180b-f37b-4beb-ae1e-adcdfeb20d18-AppendLogResponseHandler: Failed appendEntries: org.apache.ratis.thirdparty.io.grpc.StatusRuntimeException: UNAVAILABLE: io exception
2020-03-19 17:16:24,372 [grpc-default-executor-9] INFO  impl.FollowerInfo (FollowerInfo.java:lambda$new$0(50)) - e0593f1c-6b5a-4362-bc71-0b44a1bb1867@group-F255B7A46A64->ea97180b-f37b-4beb-ae1e-adcdfeb20d18: nextIndex: updateUnconditionally 2 -> 1
2020-03-19 17:16:24,874 [grpc-default-executor-10] WARN  server.GrpcLogAppender (LogUtils.java:warn(122)) - e0593f1c-6b5a-4362-bc71-0b44a1bb1867@group-F255B7A46A64->ea97180b-f37b-4beb-ae1e-adcdfeb20d18-AppendLogResponseHandler: Failed appendEntries: org.apache.ratis.thirdparty.io.grpc.StatusRuntimeException: UNAVAILABLE: io exception
2020-03-19 17:16:24,875 [grpc-default-executor-10] INFO  impl.FollowerInfo (FollowerInfo.java:lambda$new$0(50)) - e0593f1c-6b5a-4362-bc71-0b44a1bb1867@group-F255B7A46A64->ea97180b-f37b-4beb-ae1e-adcdfeb20d18: nextIndex: updateUnconditionally 2 -> 1
2020-03-19 17:16:25,332 [Thread-3688] INFO  impl.FollowerState (FollowerState.java:run(108)) - ef0c1a11-1ea8-4cb4-b60f-6bfb3b779eb6@group-61D83DCB3EDB-FollowerState: change to CANDIDATE, lastRpcTime:1027ms, electionTimeout:1027ms
2020-03-19 17:16:25,332 [Thread-3688] INFO  impl.RoleInfo (RoleInfo.java:shutdownFollowerState(121)) - ef0c1a11-1ea8-4cb4-b60f-6bfb3b779eb6: shutdown FollowerState
2020-03-19 17:16:25,332 [Thread-3688] INFO  impl.RaftServerImpl (RaftServerImpl.java:setRole(172)) - ef0c1a11-1ea8-4cb4-b60f-6bfb3b779eb6@group-61D83DCB3EDB: changes role from  FOLLOWER to CANDIDATE at term 7 for changeToCandidate
2020-03-19 17:16:25,332 [Thread-3688] INFO  impl.RoleInfo (RoleInfo.java:updateAndGet(143)) - ef0c1a11-1ea8-4cb4-b60f-6bfb3b779eb6: start LeaderElection
2020-03-19 17:16:25,335 [ef0c1a11-1ea8-4cb4-b60f-6bfb3b779eb6@group-61D83DCB3EDB-LeaderElection141] INFO  impl.LeaderElection (LeaderElection.java:askForVotes(206)) - ef0c1a11-1ea8-4cb4-b60f-6bfb3b779eb6@group-61D83DCB3EDB-LeaderElection141: begin an election at term 8 for 0: [8719c7fb-c7e5-474c-a3e1-64c0a78adabe:172.17.0.2:41825, ef0c1a11-1ea8-4cb4-b60f-6bfb3b779eb6:172.17.0.2:37633, 5ac25ff6-d68b-4c37-b38b-9bf9f6fc66ee:172.17.0.2:36941], old=null
2020-03-19 17:16:25,335 [ef0c1a11-1ea8-4cb4-b60f-6bfb3b779eb6@group-61D83DCB3EDB-LeaderElection141] INFO  impl.LeaderElection (LogUtils.java:infoOrTrace(137)) - ef0c1a11-1ea8-4cb4-b60f-6bfb3b779eb6@group-61D83DCB3EDB-LeaderElection141 got exception when requesting votes: java.util.concurrent.ExecutionException: org.apache.ratis.thirdparty.io.grpc.StatusRuntimeException: UNAVAILABLE: io exception
2020-03-19 17:16:25,336 [ef0c1a11-1ea8-4cb4-b60f-6bfb3b779eb6@group-61D83DCB3EDB-LeaderElection141] INFO  impl.LeaderElection (LogUtils.java:infoOrTrace(137)) - ef0c1a11-1ea8-4cb4-b60f-6bfb3b779eb6@group-61D83DCB3EDB-LeaderElection141 got exception when requesting votes: java.util.concurrent.ExecutionException: org.apache.ratis.thirdparty.io.grpc.StatusRuntimeException: UNAVAILABLE: io exception
2020-03-19 17:16:25,336 [ef0c1a11-1ea8-4cb4-b60f-6bfb3b779eb6@group-61D83DCB3EDB-LeaderElection141] INFO  impl.LeaderElection (LeaderElection.java:logAndReturn(61)) - ef0c1a11-1ea8-4cb4-b60f-6bfb3b779eb6@group-61D83DCB3EDB-LeaderElection141: Election REJECTED; received 0 response(s) [] and 2 exception(s); ef0c1a11-1ea8-4cb4-b60f-6bfb3b779eb6@group-61D83DCB3EDB:t8, leader=null, voted=ef0c1a11-1ea8-4cb4-b60f-6bfb3b779eb6, raftlog=ef0c1a11-1ea8-4cb4-b60f-6bfb3b779eb6@group-61D83DCB3EDB-SegmentedRaftLog:OPENED:c0,f0,i0, conf=0: [8719c7fb-c7e5-474c-a3e1-64c0a78adabe:172.17.0.2:41825, ef0c1a11-1ea8-4cb4-b60f-6bfb3b779eb6:172.17.0.2:37633, 5ac25ff6-d68b-4c37-b38b-9bf9f6fc66ee:172.17.0.2:36941], old=null
2020-03-19 17:16:25,336 [ef0c1a11-1ea8-4cb4-b60f-6bfb3b779eb6@group-61D83DCB3EDB-LeaderElection141] INFO  impl.LeaderElection (LogUtils.java:infoOrTrace(137)) -   Exception 0: java.util.concurrent.ExecutionException: org.apache.ratis.thirdparty.io.grpc.StatusRuntimeException: UNAVAILABLE: io exception
2020-03-19 17:16:25,336 [ef0c1a11-1ea8-4cb4-b60f-6bfb3b779eb6@group-61D83DCB3EDB-LeaderElection141] INFO  impl.LeaderElection (LogUtils.java:infoOrTrace(137)) -   Exception 1: java.util.concurrent.ExecutionException: org.apache.ratis.thirdparty.io.grpc.StatusRuntimeException: UNAVAILABLE: io exception
2020-03-19 17:16:25,336 [ef0c1a11-1ea8-4cb4-b60f-6bfb3b779eb6@group-61D83DCB3EDB-LeaderElection141] INFO  impl.RaftServerImpl (RaftServerImpl.java:setRole(172)) - ef0c1a11-1ea8-4cb4-b60f-6bfb3b779eb6@group-61D83DCB3EDB: changes role from CANDIDATE to FOLLOWER at term 8 for DISCOVERED_A_NEW_TERM
2020-03-19 17:16:25,336 [ef0c1a11-1ea8-4cb4-b60f-6bfb3b779eb6@group-61D83DCB3EDB-LeaderElection141] INFO  impl.RoleInfo (RoleInfo.java:shutdownLeaderElection(134)) - ef0c1a11-1ea8-4cb4-b60f-6bfb3b779eb6: shutdown LeaderElection
2020-03-19 17:16:25,336 [ef0c1a11-1ea8-4cb4-b60f-6bfb3b779eb6@group-61D83DCB3EDB-LeaderElection141] INFO  impl.RoleInfo (RoleInfo.java:updateAndGet(143)) - ef0c1a11-1ea8-4cb4-b60f-6bfb3b779eb6: start FollowerState
2020-03-19 17:16:25,378 [grpc-default-executor-9] WARN  server.GrpcLogAppender (LogUtils.java:warn(122)) - e0593f1c-6b5a-4362-bc71-0b44a1bb1867@group-F255B7A46A64->ea97180b-f37b-4beb-ae1e-adcdfeb20d18-AppendLogResponseHandler: Failed appendEntries: org.apache.ratis.thirdparty.io.grpc.StatusRuntimeException: UNAVAILABLE: io exception
2020-03-19 17:16:25,379 [grpc-default-executor-9] INFO  impl.FollowerInfo (FollowerInfo.java:lambda$new$0(50)) - e0593f1c-6b5a-4362-bc71-0b44a1bb1867@group-F255B7A46A64->ea97180b-f37b-4beb-ae1e-adcdfeb20d18: nextIndex: updateUnconditionally 2 -> 1
2020-03-19 17:16:25,881 [grpc-default-executor-10] WARN  server.GrpcLogAppender (LogUtils.java:warn(122)) - e0593f1c-6b5a-4362-bc71-0b44a1bb1867@group-F255B7A46A64->ea97180b-f37b-4beb-ae1e-adcdfeb20d18-AppendLogResponseHandler: Failed appendEntries: org.apache.ratis.thirdparty.io.grpc.StatusRuntimeException: UNAVAILABLE: io exception
2020-03-19 17:16:25,881 [grpc-default-executor-10] INFO  impl.FollowerInfo (FollowerInfo.java:lambda$new$0(50)) - e0593f1c-6b5a-4362-bc71-0b44a1bb1867@group-F255B7A46A64->ea97180b-f37b-4beb-ae1e-adcdfeb20d18: nextIndex: updateUnconditionally 2 -> 1
2020-03-19 17:16:26,384 [grpc-default-executor-9] WARN  server.GrpcLogAppender (LogUtils.java:warn(122)) - e0593f1c-6b5a-4362-bc71-0b44a1bb1867@group-F255B7A46A64->ea97180b-f37b-4beb-ae1e-adcdfeb20d18-AppendLogResponseHandler: Failed appendEntries: org.apache.ratis.thirdparty.io.grpc.StatusRuntimeException: UNAVAILABLE: io exception
2020-03-19 17:16:26,385 [grpc-default-executor-9] INFO  impl.FollowerInfo (FollowerInfo.java:lambda$new$0(50)) - e0593f1c-6b5a-4362-bc71-0b44a1bb1867@group-F255B7A46A64->ea97180b-f37b-4beb-ae1e-adcdfeb20d18: nextIndex: updateUnconditionally 2 -> 1
2020-03-19 17:16:26,447 [Thread-3694] INFO  impl.FollowerState (FollowerState.java:run(108)) - ef0c1a11-1ea8-4cb4-b60f-6bfb3b779eb6@group-61D83DCB3EDB-FollowerState: change to CANDIDATE, lastRpcTime:1110ms, electionTimeout:1110ms
2020-03-19 17:16:26,447 [Thread-3694] INFO  impl.RoleInfo (RoleInfo.java:shutdownFollowerState(121)) - ef0c1a11-1ea8-4cb4-b60f-6bfb3b779eb6: shutdown FollowerState
2020-03-19 17:16:26,447 [Thread-3694] INFO  impl.RaftServerImpl (RaftServerImpl.java:setRole(172)) - ef0c1a11-1ea8-4cb4-b60f-6bfb3b779eb6@group-61D83DCB3EDB: changes role from  FOLLOWER to CANDIDATE at term 8 for changeToCandidate
2020-03-19 17:16:26,447 [Thread-3694] INFO  impl.RoleInfo (RoleInfo.java:updateAndGet(143)) - ef0c1a11-1ea8-4cb4-b60f-6bfb3b779eb6: start LeaderElection
2020-03-19 17:16:26,449 [ef0c1a11-1ea8-4cb4-b60f-6bfb3b779eb6@group-61D83DCB3EDB-LeaderElection142] INFO  impl.LeaderElection (LeaderElection.java:askForVotes(206)) - ef0c1a11-1ea8-4cb4-b60f-6bfb3b779eb6@group-61D83DCB3EDB-LeaderElection142: begin an election at term 9 for 0: [8719c7fb-c7e5-474c-a3e1-64c0a78adabe:172.17.0.2:41825, ef0c1a11-1ea8-4cb4-b60f-6bfb3b779eb6:172.17.0.2:37633, 5ac25ff6-d68b-4c37-b38b-9bf9f6fc66ee:172.17.0.2:36941], old=null
2020-03-19 17:16:26,450 [ef0c1a11-1ea8-4cb4-b60f-6bfb3b779eb6@group-61D83DCB3EDB-LeaderElection142] INFO  impl.LeaderElection (LogUtils.java:infoOrTrace(137)) - ef0c1a11-1ea8-4cb4-b60f-6bfb3b779eb6@group-61D83DCB3EDB-LeaderElection142 got exception when requesting votes: java.util.concurrent.ExecutionException: org.apache.ratis.thirdparty.io.grpc.StatusRuntimeException: UNAVAILABLE: io exception
2020-03-19 17:16:26,451 [ef0c1a11-1ea8-4cb4-b60f-6bfb3b779eb6@group-61D83DCB3EDB-LeaderElection142] INFO  impl.LeaderElection (LogUtils.java:infoOrTrace(137)) - ef0c1a11-1ea8-4cb4-b60f-6bfb3b779eb6@group-61D83DCB3EDB-LeaderElection142 got exception when requesting votes: java.util.concurrent.ExecutionException: org.apache.ratis.thirdparty.io.grpc.StatusRuntimeException: UNAVAILABLE: io exception
2020-03-19 17:16:26,451 [ef0c1a11-1ea8-4cb4-b60f-6bfb3b779eb6@group-61D83DCB3EDB-LeaderElection142] INFO  impl.LeaderElection (LeaderElection.java:logAndReturn(61)) - ef0c1a11-1ea8-4cb4-b60f-6bfb3b779eb6@group-61D83DCB3EDB-LeaderElection142: Election REJECTED; received 0 response(s) [] and 2 exception(s); ef0c1a11-1ea8-4cb4-b60f-6bfb3b779eb6@group-61D83DCB3EDB:t9, leader=null, voted=ef0c1a11-1ea8-4cb4-b60f-6bfb3b779eb6, raftlog=ef0c1a11-1ea8-4cb4-b60f-6bfb3b779eb6@group-61D83DCB3EDB-SegmentedRaftLog:OPENED:c0,f0,i0, conf=0: [8719c7fb-c7e5-474c-a3e1-64c0a78adabe:172.17.0.2:41825, ef0c1a11-1ea8-4cb4-b60f-6bfb3b779eb6:172.17.0.2:37633, 5ac25ff6-d68b-4c37-b38b-9bf9f6fc66ee:172.17.0.2:36941], old=null
2020-03-19 17:16:26,451 [ef0c1a11-1ea8-4cb4-b60f-6bfb3b779eb6@group-61D83DCB3EDB-LeaderElection142] INFO  impl.LeaderElection (LogUtils.java:infoOrTrace(137)) -   Exception 0: java.util.concurrent.ExecutionException: org.apache.ratis.thirdparty.io.grpc.StatusRuntimeException: UNAVAILABLE: io exception
2020-03-19 17:16:26,451 [ef0c1a11-1ea8-4cb4-b60f-6bfb3b779eb6@group-61D83DCB3EDB-LeaderElection142] INFO  impl.LeaderElection (LogUtils.java:infoOrTrace(137)) -   Exception 1: java.util.concurrent.ExecutionException: org.apache.ratis.thirdparty.io.grpc.StatusRuntimeException: UNAVAILABLE: io exception
2020-03-19 17:16:26,451 [ef0c1a11-1ea8-4cb4-b60f-6bfb3b779eb6@group-61D83DCB3EDB-LeaderElection142] INFO  impl.RaftServerImpl (RaftServerImpl.java:setRole(172)) - ef0c1a11-1ea8-4cb4-b60f-6bfb3b779eb6@group-61D83DCB3EDB: changes role from CANDIDATE to FOLLOWER at term 9 for DISCOVERED_A_NEW_TERM
2020-03-19 17:16:26,451 [ef0c1a11-1ea8-4cb4-b60f-6bfb3b779eb6@group-61D83DCB3EDB-LeaderElection142] INFO  impl.RoleInfo (RoleInfo.java:shutdownLeaderElection(134)) - ef0c1a11-1ea8-4cb4-b60f-6bfb3b779eb6: shutdown LeaderElection
2020-03-19 17:16:26,451 [ef0c1a11-1ea8-4cb4-b60f-6bfb3b779eb6@group-61D83DCB3EDB-LeaderElection142] INFO  impl.RoleInfo (RoleInfo.java:updateAndGet(143)) - ef0c1a11-1ea8-4cb4-b60f-6bfb3b779eb6: start FollowerState
2020-03-19 17:16:26,887 [grpc-default-executor-10] WARN  server.GrpcLogAppender (LogUtils.java:warn(122)) - e0593f1c-6b5a-4362-bc71-0b44a1bb1867@group-F255B7A46A64->ea97180b-f37b-4beb-ae1e-adcdfeb20d18-AppendLogResponseHandler: Failed appendEntries: org.apache.ratis.thirdparty.io.grpc.StatusRuntimeException: UNAVAILABLE: io exception
2020-03-19 17:16:26,889 [grpc-default-executor-10] INFO  impl.FollowerInfo (FollowerInfo.java:lambda$new$0(50)) - e0593f1c-6b5a-4362-bc71-0b44a1bb1867@group-F255B7A46A64->ea97180b-f37b-4beb-ae1e-adcdfeb20d18: nextIndex: updateUnconditionally 2 -> 1
2020-03-19 17:16:27,391 [grpc-default-executor-9] WARN  server.GrpcLogAppender (LogUtils.java:warn(122)) - e0593f1c-6b5a-4362-bc71-0b44a1bb1867@group-F255B7A46A64->ea97180b-f37b-4beb-ae1e-adcdfeb20d18-AppendLogResponseHandler: Failed appendEntries: org.apache.ratis.thirdparty.io.grpc.StatusRuntimeException: UNAVAILABLE: io exception
2020-03-19 17:16:27,391 [grpc-default-executor-9] INFO  impl.FollowerInfo (FollowerInfo.java:lambda$new$0(50)) - e0593f1c-6b5a-4362-bc71-0b44a1bb1867@group-F255B7A46A64->ea97180b-f37b-4beb-ae1e-adcdfeb20d18: nextIndex: updateUnconditionally 2 -> 1
2020-03-19 17:16:27,400 [main] INFO  ozoneimpl.OzoneContainer (OzoneContainer.java:stop(245)) - Attempting to stop container services.
2020-03-19 17:16:27,401 [main] INFO  impl.RaftServerProxy (RaftServerProxy.java:lambda$close$4(314)) - ef0c1a11-1ea8-4cb4-b60f-6bfb3b779eb6: close
2020-03-19 17:16:27,401 [ForkJoinPool.commonPool-worker-1] INFO  ozoneimpl.OzoneContainer (OzoneContainer.java:stop(245)) - Attempting to stop container services.
2020-03-19 17:16:27,401 [main] INFO  impl.RaftServerImpl (RaftServerImpl.java:lambda$shutdown$3(249)) - ef0c1a11-1ea8-4cb4-b60f-6bfb3b779eb6@group-61D83DCB3EDB: shutdown
2020-03-19 17:16:27,402 [main] INFO  util.JmxRegister (JmxRegister.java:unregister(73)) - Successfully un-registered JMX Bean with object name Ratis:service=RaftServer,group=group-61D83DCB3EDB,id=ef0c1a11-1ea8-4cb4-b60f-6bfb3b779eb6
2020-03-19 17:16:27,402 [main] INFO  impl.RoleInfo (RoleInfo.java:shutdownFollowerState(121)) - ef0c1a11-1ea8-4cb4-b60f-6bfb3b779eb6: shutdown FollowerState
2020-03-19 17:16:27,402 [main] INFO  impl.StateMachineUpdater (StateMachineUpdater.java:stopAndJoin(139)) - ef0c1a11-1ea8-4cb4-b60f-6bfb3b779eb6@group-61D83DCB3EDB-StateMachineUpdater: set stopIndex = 0
2020-03-19 17:16:27,401 [ForkJoinPool.commonPool-worker-1] INFO  impl.RaftServerProxy (RaftServerProxy.java:lambda$close$4(314)) - e0593f1c-6b5a-4362-bc71-0b44a1bb1867: close
2020-03-19 17:16:27,402 [ForkJoinPool.commonPool-worker-1] INFO  impl.RaftServerImpl (RaftServerImpl.java:lambda$shutdown$3(249)) - e0593f1c-6b5a-4362-bc71-0b44a1bb1867@group-C4E13F1A911C: shutdown
2020-03-19 17:16:27,402 [ForkJoinPool.commonPool-worker-1] INFO  util.JmxRegister (JmxRegister.java:unregister(73)) - Successfully un-registered JMX Bean with object name Ratis:service=RaftServer,group=group-C4E13F1A911C,id=e0593f1c-6b5a-4362-bc71-0b44a1bb1867
2020-03-19 17:16:27,402 [ForkJoinPool.commonPool-worker-1] INFO  impl.RoleInfo (RoleInfo.java:shutdownLeaderState(104)) - e0593f1c-6b5a-4362-bc71-0b44a1bb1867: shutdown LeaderState
2020-03-19 17:16:27,402 [ef0c1a11-1ea8-4cb4-b60f-6bfb3b779eb6@group-61D83DCB3EDB-StateMachineUpdater] INFO  ratis.ContainerStateMachine (ContainerStateMachine.java:takeSnapshot(295)) - group-61D83DCB3EDB: Taking a snapshot at:(t:1, i:0) file /github/workspace/hadoop-ozone/integration-test/target/test-dir/MiniOzoneClusterImpl-80293407-04bd-45a8-aeac-96ce148bba0b/datanode-7/data/ratis/c9d6e225-81f8-4462-a714-61d83dcb3edb/sm/snapshot.1_0
2020-03-19 17:16:27,402 [ForkJoinPool.commonPool-worker-1] INFO  impl.PendingRequests (PendingRequests.java:sendNotLeaderResponses(240)) - e0593f1c-6b5a-4362-bc71-0b44a1bb1867@group-C4E13F1A911C-PendingRequests: sendNotLeaderResponses
2020-03-19 17:16:27,403 [ForkJoinPool.commonPool-worker-1] INFO  metrics.RatisMetrics (RatisMetrics.java:unregister(46)) - Unregistering Metrics Registry : ratis.log_appender.e0593f1c-6b5a-4362-bc71-0b44a1bb1867@group-C4E13F1A911C
2020-03-19 17:16:27,403 [ForkJoinPool.commonPool-worker-1] INFO  impl.StateMachineUpdater (StateMachineUpdater.java:stopAndJoin(139)) - e0593f1c-6b5a-4362-bc71-0b44a1bb1867@group-C4E13F1A911C-StateMachineUpdater: set stopIndex = 0
2020-03-19 17:16:27,403 [Thread-3701] INFO  impl.FollowerState (FollowerState.java:run(117)) - ef0c1a11-1ea8-4cb4-b60f-6bfb3b779eb6@group-61D83DCB3EDB-FollowerState was interrupted: java.lang.InterruptedException: sleep interrupted
2020-03-19 17:16:27,404 [ef0c1a11-1ea8-4cb4-b60f-6bfb3b779eb6@group-61D83DCB3EDB-StateMachineUpdater] INFO  ratis.ContainerStateMachine (ContainerStateMachine.java:takeSnapshot(306)) - group-61D83DCB3EDB: Finished taking a snapshot at:(t:1, i:0) file:/github/workspace/hadoop-ozone/integration-test/target/test-dir/MiniOzoneClusterImpl-80293407-04bd-45a8-aeac-96ce148bba0b/datanode-7/data/ratis/c9d6e225-81f8-4462-a714-61d83dcb3edb/sm/snapshot.1_0 time:1
2020-03-19 17:16:27,404 [ef0c1a11-1ea8-4cb4-b60f-6bfb3b779eb6@group-61D83DCB3EDB-StateMachineUpdater] INFO  impl.StateMachineUpdater (StateMachineUpdater.java:takeSnapshot(274)) - ef0c1a11-1ea8-4cb4-b60f-6bfb3b779eb6@group-61D83DCB3EDB-StateMachineUpdater: Took a snapshot at index 0
2020-03-19 17:16:27,404 [ef0c1a11-1ea8-4cb4-b60f-6bfb3b779eb6@group-61D83DCB3EDB-StateMachineUpdater] INFO  impl.StateMachineUpdater (StateMachineUpdater.java:lambda$new$0(86)) - ef0c1a11-1ea8-4cb4-b60f-6bfb3b779eb6@group-61D83DCB3EDB-StateMachineUpdater: snapshotIndex: updateIncreasingly -1 -> 0
2020-03-19 17:16:27,404 [ef0c1a11-1ea8-4cb4-b60f-6bfb3b779eb6@group-61D83DCB3EDB-StateMachineUpdater] INFO  metrics.RatisMetrics (RatisMetrics.java:unregister(46)) - Unregistering Metrics Registry : ratis.state_machine.ef0c1a11-1ea8-4cb4-b60f-6bfb3b779eb6@group-61D83DCB3EDB
2020-03-19 17:16:27,404 [main] INFO  impl.RaftServerImpl (ServerState.java:close(387)) - ef0c1a11-1ea8-4cb4-b60f-6bfb3b779eb6@group-61D83DCB3EDB: closes. applyIndex: 0
2020-03-19 17:16:27,404 [e0593f1c-6b5a-4362-bc71-0b44a1bb1867@group-C4E13F1A911C-StateMachineUpdater] INFO  ratis.ContainerStateMachine (ContainerStateMachine.java:takeSnapshot(295)) - group-C4E13F1A911C: Taking a snapshot at:(t:1, i:0) file /github/workspace/hadoop-ozone/integration-test/target/test-dir/MiniOzoneClusterImpl-80293407-04bd-45a8-aeac-96ce148bba0b/datanode-0/data/ratis/0c136d18-0887-49f8-8d8b-c4e13f1a911c/sm/snapshot.1_0
2020-03-19 17:16:27,405 [ef0c1a11-1ea8-4cb4-b60f-6bfb3b779eb6@group-61D83DCB3EDB-SegmentedRaftLogWorker] INFO  segmented.SegmentedRaftLogWorker (SegmentedRaftLogWorker.java:run(321)) - ef0c1a11-1ea8-4cb4-b60f-6bfb3b779eb6@group-61D83DCB3EDB-SegmentedRaftLogWorker was interrupted, exiting. There are 0 tasks remaining in the queue.
2020-03-19 17:16:27,405 [main] INFO  segmented.SegmentedRaftLogWorker (SegmentedRaftLogWorker.java:close(229)) - ef0c1a11-1ea8-4cb4-b60f-6bfb3b779eb6@group-61D83DCB3EDB-SegmentedRaftLogWorker close()
2020-03-19 17:16:27,406 [main] INFO  metrics.RatisMetrics (RatisMetrics.java:unregister(46)) - Unregistering Metrics Registry : ratis.log_worker.ef0c1a11-1ea8-4cb4-b60f-6bfb3b779eb6
2020-03-19 17:16:27,406 [main] INFO  metrics.RatisMetrics (RatisMetrics.java:unregister(46)) - Unregistering Metrics Registry : ratis.leader_election.ef0c1a11-1ea8-4cb4-b60f-6bfb3b779eb6@group-61D83DCB3EDB
2020-03-19 17:16:27,406 [main] INFO  metrics.RatisMetrics (RatisMetrics.java:unregister(46)) - Unregistering Metrics Registry : ratis.server.ef0c1a11-1ea8-4cb4-b60f-6bfb3b779eb6@group-61D83DCB3EDB
2020-03-19 17:16:27,406 [main] INFO  impl.RaftServerImpl (RaftServerImpl.java:lambda$shutdown$3(249)) - ef0c1a11-1ea8-4cb4-b60f-6bfb3b779eb6@group-EF661A05A030: shutdown
2020-03-19 17:16:27,406 [main] INFO  util.JmxRegister (JmxRegister.java:unregister(73)) - Successfully un-registered JMX Bean with object name Ratis:service=RaftServer,group=group-EF661A05A030,id=ef0c1a11-1ea8-4cb4-b60f-6bfb3b779eb6
2020-03-19 17:16:27,406 [main] INFO  impl.RoleInfo (RoleInfo.java:shutdownLeaderState(104)) - ef0c1a11-1ea8-4cb4-b60f-6bfb3b779eb6: shutdown LeaderState
2020-03-19 17:16:27,406 [e0593f1c-6b5a-4362-bc71-0b44a1bb1867@group-C4E13F1A911C-StateMachineUpdater] INFO  ratis.ContainerStateMachine (ContainerStateMachine.java:takeSnapshot(306)) - group-C4E13F1A911C: Finished taking a snapshot at:(t:1, i:0) file:/github/workspace/hadoop-ozone/integration-test/target/test-dir/MiniOzoneClusterImpl-80293407-04bd-45a8-aeac-96ce148bba0b/datanode-0/data/ratis/0c136d18-0887-49f8-8d8b-c4e13f1a911c/sm/snapshot.1_0 time:2
2020-03-19 17:16:27,406 [main] INFO  impl.PendingRequests (PendingRequests.java:sendNotLeaderResponses(240)) - ef0c1a11-1ea8-4cb4-b60f-6bfb3b779eb6@group-EF661A05A030-PendingRequests: sendNotLeaderResponses
2020-03-19 17:16:27,407 [e0593f1c-6b5a-4362-bc71-0b44a1bb1867@group-C4E13F1A911C-StateMachineUpdater] INFO  impl.StateMachineUpdater (StateMachineUpdater.java:takeSnapshot(274)) - e0593f1c-6b5a-4362-bc71-0b44a1bb1867@group-C4E13F1A911C-StateMachineUpdater: Took a snapshot at index 0
2020-03-19 17:16:27,407 [e0593f1c-6b5a-4362-bc71-0b44a1bb1867@group-C4E13F1A911C-StateMachineUpdater] INFO  impl.StateMachineUpdater (StateMachineUpdater.java:lambda$new$0(86)) - e0593f1c-6b5a-4362-bc71-0b44a1bb1867@group-C4E13F1A911C-StateMachineUpdater: snapshotIndex: updateIncreasingly -1 -> 0
2020-03-19 17:16:27,407 [main] INFO  metrics.RatisMetrics (RatisMetrics.java:unregister(46)) - Unregistering Metrics Registry : ratis.log_appender.ef0c1a11-1ea8-4cb4-b60f-6bfb3b779eb6@group-EF661A05A030
2020-03-19 17:16:27,407 [main] INFO  impl.StateMachineUpdater (StateMachineUpdater.java:stopAndJoin(139)) - ef0c1a11-1ea8-4cb4-b60f-6bfb3b779eb6@group-EF661A05A030-StateMachineUpdater: set stopIndex = 0
2020-03-19 17:16:27,407 [ef0c1a11-1ea8-4cb4-b60f-6bfb3b779eb6@group-EF661A05A030-StateMachineUpdater] INFO  ratis.ContainerStateMachine (ContainerStateMachine.java:takeSnapshot(295)) - group-EF661A05A030: Taking a snapshot at:(t:1, i:0) file /github/workspace/hadoop-ozone/integration-test/target/test-dir/MiniOzoneClusterImpl-80293407-04bd-45a8-aeac-96ce148bba0b/datanode-7/data/ratis/23773a22-ca16-437e-bd73-ef661a05a030/sm/snapshot.1_0
2020-03-19 17:16:27,407 [e0593f1c-6b5a-4362-bc71-0b44a1bb1867@group-C4E13F1A911C-StateMachineUpdater] INFO  metrics.RatisMetrics (RatisMetrics.java:unregister(46)) - Unregistering Metrics Registry : ratis.state_machine.e0593f1c-6b5a-4362-bc71-0b44a1bb1867@group-C4E13F1A911C
2020-03-19 17:16:27,408 [ForkJoinPool.commonPool-worker-1] INFO  impl.RaftServerImpl (ServerState.java:close(387)) - e0593f1c-6b5a-4362-bc71-0b44a1bb1867@group-C4E13F1A911C: closes. applyIndex: 0
2020-03-19 17:16:27,408 [e0593f1c-6b5a-4362-bc71-0b44a1bb1867@group-C4E13F1A911C-SegmentedRaftLogWorker] INFO  segmented.SegmentedRaftLogWorker (SegmentedRaftLogWorker.java:run(321)) - e0593f1c-6b5a-4362-bc71-0b44a1bb1867@group-C4E13F1A911C-SegmentedRaftLogWorker was interrupted, exiting. There are 0 tasks remaining in the queue.
2020-03-19 17:16:27,408 [ef0c1a11-1ea8-4cb4-b60f-6bfb3b779eb6@group-EF661A05A030-StateMachineUpdater] INFO  ratis.ContainerStateMachine (ContainerStateMachine.java:takeSnapshot(306)) - group-EF661A05A030: Finished taking a snapshot at:(t:1, i:0) file:/github/workspace/hadoop-ozone/integration-test/target/test-dir/MiniOzoneClusterImpl-80293407-04bd-45a8-aeac-96ce148bba0b/datanode-7/data/ratis/23773a22-ca16-437e-bd73-ef661a05a030/sm/snapshot.1_0 time:0
2020-03-19 17:16:27,408 [ef0c1a11-1ea8-4cb4-b60f-6bfb3b779eb6@group-EF661A05A030-StateMachineUpdater] INFO  impl.StateMachineUpdater (StateMachineUpdater.java:takeSnapshot(274)) - ef0c1a11-1ea8-4cb4-b60f-6bfb3b779eb6@group-EF661A05A030-StateMachineUpdater: Took a snapshot at index 0
2020-03-19 17:16:27,408 [ForkJoinPool.commonPool-worker-1] INFO  segmented.SegmentedRaftLogWorker (SegmentedRaftLogWorker.java:close(229)) - e0593f1c-6b5a-4362-bc71-0b44a1bb1867@group-C4E13F1A911C-SegmentedRaftLogWorker close()
2020-03-19 17:16:27,408 [ef0c1a11-1ea8-4cb4-b60f-6bfb3b779eb6@group-EF661A05A030-StateMachineUpdater] INFO  impl.StateMachineUpdater (StateMachineUpdater.java:lambda$new$0(86)) - ef0c1a11-1ea8-4cb4-b60f-6bfb3b779eb6@group-EF661A05A030-StateMachineUpdater: snapshotIndex: updateIncreasingly -1 -> 0
2020-03-19 17:16:27,408 [ef0c1a11-1ea8-4cb4-b60f-6bfb3b779eb6@group-EF661A05A030-StateMachineUpdater] INFO  metrics.RatisMetrics (RatisMetrics.java:unregister(46)) - Unregistering Metrics Registry : ratis.state_machine.ef0c1a11-1ea8-4cb4-b60f-6bfb3b779eb6@group-EF661A05A030
2020-03-19 17:16:27,409 [main] INFO  impl.RaftServerImpl (ServerState.java:close(387)) - ef0c1a11-1ea8-4cb4-b60f-6bfb3b779eb6@group-EF661A05A030: closes. applyIndex: 0
2020-03-19 17:16:27,409 [ForkJoinPool.commonPool-worker-1] INFO  metrics.RatisMetrics (RatisMetrics.java:unregister(46)) - Unregistering Metrics Registry : ratis.log_worker.e0593f1c-6b5a-4362-bc71-0b44a1bb1867
2020-03-19 17:16:27,409 [ForkJoinPool.commonPool-worker-1] INFO  metrics.RatisMetrics (RatisMetrics.java:unregister(46)) - Unregistering Metrics Registry : ratis.leader_election.e0593f1c-6b5a-4362-bc71-0b44a1bb1867@group-C4E13F1A911C
2020-03-19 17:16:27,409 [ForkJoinPool.commonPool-worker-1] INFO  metrics.RatisMetrics (RatisMetrics.java:unregister(46)) - Unregistering Metrics Registry : ratis.server.e0593f1c-6b5a-4362-bc71-0b44a1bb1867@group-C4E13F1A911C
2020-03-19 17:16:27,409 [ForkJoinPool.commonPool-worker-1] INFO  impl.RaftServerImpl (RaftServerImpl.java:lambda$shutdown$3(249)) - e0593f1c-6b5a-4362-bc71-0b44a1bb1867@group-F255B7A46A64: shutdown
2020-03-19 17:16:27,409 [ForkJoinPool.commonPool-worker-1] INFO  util.JmxRegister (JmxRegister.java:unregister(73)) - Successfully un-registered JMX Bean with object name Ratis:service=RaftServer,group=group-F255B7A46A64,id=e0593f1c-6b5a-4362-bc71-0b44a1bb1867
2020-03-19 17:16:27,409 [ForkJoinPool.commonPool-worker-1] INFO  impl.RoleInfo (RoleInfo.java:shutdownLeaderState(104)) - e0593f1c-6b5a-4362-bc71-0b44a1bb1867: shutdown LeaderState
2020-03-19 17:16:27,410 [ef0c1a11-1ea8-4cb4-b60f-6bfb3b779eb6@group-EF661A05A030-SegmentedRaftLogWorker] INFO  segmented.SegmentedRaftLogWorker (SegmentedRaftLogWorker.java:run(321)) - ef0c1a11-1ea8-4cb4-b60f-6bfb3b779eb6@group-EF661A05A030-SegmentedRaftLogWorker was interrupted, exiting. There are 0 tasks remaining in the queue.
2020-03-19 17:16:27,410 [main] INFO  segmented.SegmentedRaftLogWorker (SegmentedRaftLogWorker.java:close(229)) - ef0c1a11-1ea8-4cb4-b60f-6bfb3b779eb6@group-EF661A05A030-SegmentedRaftLogWorker close()
2020-03-19 17:16:27,411 [org.apache.ratis.server.impl.LogAppender$AppenderDaemon$$Lambda$438/950258833@142aebb] WARN  server.GrpcLogAppender (GrpcLogAppender.java:mayWait(153)) - e0593f1c-6b5a-4362-bc71-0b44a1bb1867@group-F255B7A46A64->19601d2c-1e34-4e29-889b-b501c57f3272-GrpcLogAppender: Wait interrupted by java.lang.InterruptedException
2020-03-19 17:16:27,411 [ForkJoinPool.commonPool-worker-1] INFO  impl.PendingRequests (PendingRequests.java:sendNotLeaderResponses(240)) - e0593f1c-6b5a-4362-bc71-0b44a1bb1867@group-F255B7A46A64-PendingRequests: sendNotLeaderResponses
2020-03-19 17:16:27,411 [ForkJoinPool.commonPool-worker-1] INFO  metrics.RatisMetrics (RatisMetrics.java:unregister(46)) - Unregistering Metrics Registry : ratis.log_appender.e0593f1c-6b5a-4362-bc71-0b44a1bb1867@group-F255B7A46A64
2020-03-19 17:16:27,411 [grpc-default-executor-9] INFO  server.GrpcServerProtocolService (GrpcServerProtocolService.java:onCompleted(137)) - 19601d2c-1e34-4e29-889b-b501c57f3272: Completed APPEND_ENTRIES, lastRequest: e0593f1c-6b5a-4362-bc71-0b44a1bb1867->19601d2c-1e34-4e29-889b-b501c57f3272#2-t3, previous=(t:3, i:9), leaderCommit=9, initializing? false, entries: size=1, first=(t:3, i:10), METADATAENTRY(c:9)
2020-03-19 17:16:27,411 [e0593f1c-6b5a-4362-bc71-0b44a1bb1867@group-F255B7A46A64-StateMachineUpdater] INFO  ratis.ContainerStateMachine (ContainerStateMachine.java:takeSnapshot(295)) - group-F255B7A46A64: Taking a snapshot at:(t:3, i:10) file /github/workspace/hadoop-ozone/integration-test/target/test-dir/MiniOzoneClusterImpl-80293407-04bd-45a8-aeac-96ce148bba0b/datanode-0/data/ratis/22eb4e39-762b-4c78-a42b-f255b7a46a64/sm/snapshot.3_10
2020-03-19 17:16:27,411 [ForkJoinPool.commonPool-worker-1] INFO  impl.StateMachineUpdater (StateMachineUpdater.java:stopAndJoin(139)) - e0593f1c-6b5a-4362-bc71-0b44a1bb1867@group-F255B7A46A64-StateMachineUpdater: set stopIndex = 10
2020-03-19 17:16:27,411 [grpc-default-executor-10] INFO  server.GrpcLogAppender (GrpcLogAppender.java:onCompleted(308)) - e0593f1c-6b5a-4362-bc71-0b44a1bb1867@group-F255B7A46A64->19601d2c-1e34-4e29-889b-b501c57f3272-AppendLogResponseHandler: follower responses appendEntries COMPLETED
2020-03-19 17:16:27,410 [org.apache.ratis.server.impl.LogAppender$AppenderDaemon$$Lambda$438/950258833@55551c9f] WARN  server.GrpcLogAppender (GrpcLogAppender.java:mayWait(153)) - e0593f1c-6b5a-4362-bc71-0b44a1bb1867@group-F255B7A46A64->ea97180b-f37b-4beb-ae1e-adcdfeb20d18-GrpcLogAppender: Wait interrupted by java.lang.InterruptedException
2020-03-19 17:16:27,418 [e0593f1c-6b5a-4362-bc71-0b44a1bb1867@group-F255B7A46A64-StateMachineUpdater] INFO  ratis.ContainerStateMachine (ContainerStateMachine.java:takeSnapshot(306)) - group-F255B7A46A64: Finished taking a snapshot at:(t:3, i:10) file:/github/workspace/hadoop-ozone/integration-test/target/test-dir/MiniOzoneClusterImpl-80293407-04bd-45a8-aeac-96ce148bba0b/datanode-0/data/ratis/22eb4e39-762b-4c78-a42b-f255b7a46a64/sm/snapshot.3_10 time:6
2020-03-19 17:16:27,418 [grpc-default-executor-10] INFO  impl.FollowerInfo (FollowerInfo.java:lambda$new$0(50)) - e0593f1c-6b5a-4362-bc71-0b44a1bb1867@group-F255B7A46A64->19601d2c-1e34-4e29-889b-b501c57f3272: nextIndex: updateUnconditionally 11 -> 10
2020-03-19 17:16:27,418 [e0593f1c-6b5a-4362-bc71-0b44a1bb1867@group-F255B7A46A64-StateMachineUpdater] INFO  impl.StateMachineUpdater (StateMachineUpdater.java:takeSnapshot(274)) - e0593f1c-6b5a-4362-bc71-0b44a1bb1867@group-F255B7A46A64-StateMachineUpdater: Took a snapshot at index 10
2020-03-19 17:16:27,418 [e0593f1c-6b5a-4362-bc71-0b44a1bb1867@group-F255B7A46A64-StateMachineUpdater] INFO  impl.StateMachineUpdater (StateMachineUpdater.java:lambda$new$0(86)) - e0593f1c-6b5a-4362-bc71-0b44a1bb1867@group-F255B7A46A64-StateMachineUpdater: snapshotIndex: updateIncreasingly -1 -> 10
2020-03-19 17:16:27,418 [e0593f1c-6b5a-4362-bc71-0b44a1bb1867@group-F255B7A46A64-StateMachineUpdater] INFO  metrics.RatisMetrics (RatisMetrics.java:unregister(46)) - Unregistering Metrics Registry : ratis.state_machine.e0593f1c-6b5a-4362-bc71-0b44a1bb1867@group-F255B7A46A64
2020-03-19 17:16:27,418 [ForkJoinPool.commonPool-worker-1] INFO  impl.RaftServerImpl (ServerState.java:close(387)) - e0593f1c-6b5a-4362-bc71-0b44a1bb1867@group-F255B7A46A64: closes. applyIndex: 10
2020-03-19 17:16:27,418 [main] INFO  metrics.RatisMetrics (RatisMetrics.java:unregister(46)) - Unregistering Metrics Registry : ratis.log_worker.ef0c1a11-1ea8-4cb4-b60f-6bfb3b779eb6
2020-03-19 17:16:27,419 [e0593f1c-6b5a-4362-bc71-0b44a1bb1867@group-F255B7A46A64-SegmentedRaftLogWorker] INFO  segmented.SegmentedRaftLogWorker (SegmentedRaftLogWorker.java:run(321)) - e0593f1c-6b5a-4362-bc71-0b44a1bb1867@group-F255B7A46A64-SegmentedRaftLogWorker was interrupted, exiting. There are 0 tasks remaining in the queue.
2020-03-19 17:16:27,419 [ForkJoinPool.commonPool-worker-1] INFO  segmented.SegmentedRaftLogWorker (SegmentedRaftLogWorker.java:close(229)) - e0593f1c-6b5a-4362-bc71-0b44a1bb1867@group-F255B7A46A64-SegmentedRaftLogWorker close()
2020-03-19 17:16:27,419 [main] INFO  metrics.RatisMetrics (RatisMetrics.java:unregister(46)) - Unregistering Metrics Registry : ratis.leader_election.ef0c1a11-1ea8-4cb4-b60f-6bfb3b779eb6@group-EF661A05A030
2020-03-19 17:16:27,419 [main] INFO  metrics.RatisMetrics (RatisMetrics.java:unregister(46)) - Unregistering Metrics Registry : ratis.server.ef0c1a11-1ea8-4cb4-b60f-6bfb3b779eb6@group-EF661A05A030
2020-03-19 17:16:27,419 [main] INFO  server.GrpcService (GrpcService.java:closeImpl(164)) - ef0c1a11-1ea8-4cb4-b60f-6bfb3b779eb6: shutdown server with port 37633 now
2020-03-19 17:16:27,419 [ForkJoinPool.commonPool-worker-1] INFO  metrics.RatisMetrics (RatisMetrics.java:unregister(46)) - Unregistering Metrics Registry : ratis.log_worker.e0593f1c-6b5a-4362-bc71-0b44a1bb1867
2020-03-19 17:16:27,420 [ForkJoinPool.commonPool-worker-1] INFO  metrics.RatisMetrics (RatisMetrics.java:unregister(46)) - Unregistering Metrics Registry : ratis.leader_election.e0593f1c-6b5a-4362-bc71-0b44a1bb1867@group-F255B7A46A64
2020-03-19 17:16:27,420 [ForkJoinPool.commonPool-worker-1] INFO  metrics.RatisMetrics (RatisMetrics.java:unregister(46)) - Unregistering Metrics Registry : ratis.server.e0593f1c-6b5a-4362-bc71-0b44a1bb1867@group-F255B7A46A64
2020-03-19 17:16:27,420 [ForkJoinPool.commonPool-worker-1] INFO  server.GrpcService (GrpcService.java:closeImpl(164)) - e0593f1c-6b5a-4362-bc71-0b44a1bb1867: shutdown server with port 40807 now
2020-03-19 17:16:27,421 [main] INFO  server.GrpcService (GrpcService.java:closeImpl(172)) - ef0c1a11-1ea8-4cb4-b60f-6bfb3b779eb6: shutdown server with port 37633 successfully
2020-03-19 17:16:27,421 [ForkJoinPool.commonPool-worker-1] INFO  server.GrpcService (GrpcService.java:closeImpl(172)) - e0593f1c-6b5a-4362-bc71-0b44a1bb1867: shutdown server with port 40807 successfully
2020-03-19 17:16:27,441 [main] INFO  utils.BackgroundService (BackgroundService.java:shutdown(157)) - Shutting down service BlockDeletingService
2020-03-19 17:16:27,442 [main] INFO  statemachine.DatanodeStateMachine (DatanodeStateMachine.java:stopDaemon(435)) - Ozone container server stopped.
2020-03-19 17:16:27,442 [main] INFO  handler.ContextHandler (ContextHandler.java:doStop(1016)) - Stopped o.e.j.w.WebAppContext@6a7663c0{hddsDatanode,/,null,UNAVAILABLE}{jar:file:/home/user/.m2/repository/org/apache/hadoop/hadoop-hdds-container-service/0.5.0-SNAPSHOT/hadoop-hdds-container-service-0.5.0-SNAPSHOT.jar!/webapps/hddsDatanode}
2020-03-19 17:16:27,443 [main] INFO  server.AbstractConnector (AbstractConnector.java:doStop(380)) - Stopped ServerConnector@3df02bfc{HTTP/1.1,[http/1.1]}{0.0.0.0:0}
2020-03-19 17:16:27,443 [main] INFO  server.session (HouseKeeper.java:stopScavenging(158)) - node0 Stopped scavenging
2020-03-19 17:16:27,443 [main] INFO  handler.ContextHandler (ContextHandler.java:doStop(1016)) - Stopped o.e.j.s.ServletContextHandler@174efba5{static,/static,jar:file:/home/user/.m2/repository/org/apache/hadoop/hadoop-hdds-container-service/0.5.0-SNAPSHOT/hadoop-hdds-container-service-0.5.0-SNAPSHOT.jar!/webapps/static,UNAVAILABLE}
2020-03-19 17:16:27,443 [main] INFO  handler.ContextHandler (ContextHandler.java:doStop(1016)) - Stopped o.e.j.s.ServletContextHandler@5d498f7f{logs,/logs,file:///github/workspace/hadoop-ozone/integration-test/target/log,UNAVAILABLE}
2020-03-19 17:16:27,445 [ForkJoinPool.commonPool-worker-1] INFO  utils.BackgroundService (BackgroundService.java:shutdown(157)) - Shutting down service BlockDeletingService
2020-03-19 17:16:27,445 [ForkJoinPool.commonPool-worker-1] INFO  statemachine.DatanodeStateMachine (DatanodeStateMachine.java:stopDaemon(435)) - Ozone container server stopped.
2020-03-19 17:16:27,446 [ForkJoinPool.commonPool-worker-1] INFO  handler.ContextHandler (ContextHandler.java:doStop(1016)) - Stopped o.e.j.w.WebAppContext@627dc170{hddsDatanode,/,null,UNAVAILABLE}{jar:file:/home/user/.m2/repository/org/apache/hadoop/hadoop-hdds-container-service/0.5.0-SNAPSHOT/hadoop-hdds-container-service-0.5.0-SNAPSHOT.jar!/webapps/hddsDatanode}
2020-03-19 17:16:27,447 [ForkJoinPool.commonPool-worker-1] INFO  server.AbstractConnector (AbstractConnector.java:doStop(380)) - Stopped ServerConnector@4e00c10b{HTTP/1.1,[http/1.1]}{0.0.0.0:0}
2020-03-19 17:16:27,447 [ForkJoinPool.commonPool-worker-1] INFO  server.session (HouseKeeper.java:stopScavenging(158)) - node0 Stopped scavenging
2020-03-19 17:16:27,447 [ForkJoinPool.commonPool-worker-1] INFO  handler.ContextHandler (ContextHandler.java:doStop(1016)) - Stopped o.e.j.s.ServletContextHandler@6796168{static,/static,jar:file:/home/user/.m2/repository/org/apache/hadoop/hadoop-hdds-container-service/0.5.0-SNAPSHOT/hadoop-hdds-container-service-0.5.0-SNAPSHOT.jar!/webapps/static,UNAVAILABLE}
2020-03-19 17:16:27,448 [ForkJoinPool.commonPool-worker-1] INFO  handler.ContextHandler (ContextHandler.java:doStop(1016)) - Stopped o.e.j.s.ServletContextHandler@290dd7b2{logs,/logs,file:///github/workspace/hadoop-ozone/integration-test/target/log,UNAVAILABLE}
2020-03-19 17:16:27,654 [Datanode State Machine Thread - 0] INFO  statemachine.DatanodeStateMachine (DatanodeStateMachine.java:lambda$startDaemon$0(387)) - Ozone container server started.
2020-03-19 17:16:28,972 [Thread-3608] INFO  impl.FollowerState (FollowerState.java:run(108)) - 19601d2c-1e34-4e29-889b-b501c57f3272@group-F255B7A46A64-FollowerState: change to CANDIDATE, lastRpcTime:1618ms, electionTimeout:1103ms
2020-03-19 17:16:28,972 [Thread-3608] INFO  impl.RoleInfo (RoleInfo.java:shutdownFollowerState(121)) - 19601d2c-1e34-4e29-889b-b501c57f3272: shutdown FollowerState
2020-03-19 17:16:28,972 [Thread-3608] INFO  impl.RaftServerImpl (RaftServerImpl.java:setRole(172)) - 19601d2c-1e34-4e29-889b-b501c57f3272@group-F255B7A46A64: changes role from  FOLLOWER to CANDIDATE at term 3 for changeToCandidate
2020-03-19 17:16:28,972 [Thread-3608] INFO  impl.RoleInfo (RoleInfo.java:updateAndGet(143)) - 19601d2c-1e34-4e29-889b-b501c57f3272: start LeaderElection
2020-03-19 17:16:28,973 [19601d2c-1e34-4e29-889b-b501c57f3272@group-F255B7A46A64-LeaderElection143] INFO  impl.RaftServerImpl (ServerState.java:setLeader(255)) - 19601d2c-1e34-4e29-889b-b501c57f3272@group-F255B7A46A64: change Leader from e0593f1c-6b5a-4362-bc71-0b44a1bb1867 to null at term 3 for initElection
2020-03-19 17:16:28,975 [19601d2c-1e34-4e29-889b-b501c57f3272@group-F255B7A46A64-LeaderElection143] INFO  impl.LeaderElection (LeaderElection.java:askForVotes(206)) - 19601d2c-1e34-4e29-889b-b501c57f3272@group-F255B7A46A64-LeaderElection143: begin an election at term 4 for 9: [ea97180b-f37b-4beb-ae1e-adcdfeb20d18:172.17.0.2:46245, 19601d2c-1e34-4e29-889b-b501c57f3272:172.17.0.2:33413, e0593f1c-6b5a-4362-bc71-0b44a1bb1867:172.17.0.2:40807], old=null
2020-03-19 17:16:28,977 [19601d2c-1e34-4e29-889b-b501c57f3272@group-F255B7A46A64-LeaderElection143] INFO  impl.LeaderElection (LogUtils.java:infoOrTrace(137)) - 19601d2c-1e34-4e29-889b-b501c57f3272@group-F255B7A46A64-LeaderElection143 got exception when requesting votes: java.util.concurrent.ExecutionException: org.apache.ratis.thirdparty.io.grpc.StatusRuntimeException: UNAVAILABLE: io exception
2020-03-19 17:16:28,977 [19601d2c-1e34-4e29-889b-b501c57f3272@group-F255B7A46A64-LeaderElection143] INFO  impl.LeaderElection (LogUtils.java:infoOrTrace(137)) - 19601d2c-1e34-4e29-889b-b501c57f3272@group-F255B7A46A64-LeaderElection143 got exception when requesting votes: java.util.concurrent.ExecutionException: org.apache.ratis.thirdparty.io.grpc.StatusRuntimeException: UNAVAILABLE: io exception
2020-03-19 17:16:28,977 [19601d2c-1e34-4e29-889b-b501c57f3272@group-F255B7A46A64-LeaderElection143] INFO  impl.LeaderElection (LeaderElection.java:logAndReturn(61)) - 19601d2c-1e34-4e29-889b-b501c57f3272@group-F255B7A46A64-LeaderElection143: Election REJECTED; received 0 response(s) [] and 2 exception(s); 19601d2c-1e34-4e29-889b-b501c57f3272@group-F255B7A46A64:t4, leader=null, voted=19601d2c-1e34-4e29-889b-b501c57f3272, raftlog=19601d2c-1e34-4e29-889b-b501c57f3272@group-F255B7A46A64-SegmentedRaftLog:OPENED:c10,f10,i10, conf=9: [ea97180b-f37b-4beb-ae1e-adcdfeb20d18:172.17.0.2:46245, 19601d2c-1e34-4e29-889b-b501c57f3272:172.17.0.2:33413, e0593f1c-6b5a-4362-bc71-0b44a1bb1867:172.17.0.2:40807], old=null
2020-03-19 17:16:28,977 [19601d2c-1e34-4e29-889b-b501c57f3272@group-F255B7A46A64-LeaderElection143] INFO  impl.LeaderElection (LogUtils.java:infoOrTrace(137)) -   Exception 0: java.util.concurrent.ExecutionException: org.apache.ratis.thirdparty.io.grpc.StatusRuntimeException: UNAVAILABLE: io exception
2020-03-19 17:16:28,977 [19601d2c-1e34-4e29-889b-b501c57f3272@group-F255B7A46A64-LeaderElection143] INFO  impl.LeaderElection (LogUtils.java:infoOrTrace(137)) -   Exception 1: java.util.concurrent.ExecutionException: org.apache.ratis.thirdparty.io.grpc.StatusRuntimeException: UNAVAILABLE: io exception
2020-03-19 17:16:28,977 [19601d2c-1e34-4e29-889b-b501c57f3272@group-F255B7A46A64-LeaderElection143] INFO  impl.RaftServerImpl (RaftServerImpl.java:setRole(172)) - 19601d2c-1e34-4e29-889b-b501c57f3272@group-F255B7A46A64: changes role from CANDIDATE to FOLLOWER at term 4 for DISCOVERED_A_NEW_TERM
2020-03-19 17:16:28,977 [19601d2c-1e34-4e29-889b-b501c57f3272@group-F255B7A46A64-LeaderElection143] INFO  impl.RoleInfo (RoleInfo.java:shutdownLeaderElection(134)) - 19601d2c-1e34-4e29-889b-b501c57f3272: shutdown LeaderElection
2020-03-19 17:16:28,977 [19601d2c-1e34-4e29-889b-b501c57f3272@group-F255B7A46A64-LeaderElection143] INFO  impl.RoleInfo (RoleInfo.java:updateAndGet(143)) - 19601d2c-1e34-4e29-889b-b501c57f3272: start FollowerState
2020-03-19 17:16:30,035 [Thread-3707] INFO  impl.FollowerState (FollowerState.java:run(108)) - 19601d2c-1e34-4e29-889b-b501c57f3272@group-F255B7A46A64-FollowerState: change to CANDIDATE, lastRpcTime:1057ms, electionTimeout:1057ms
2020-03-19 17:16:30,036 [Thread-3707] INFO  impl.RoleInfo (RoleInfo.java:shutdownFollowerState(121)) - 19601d2c-1e34-4e29-889b-b501c57f3272: shutdown FollowerState
2020-03-19 17:16:30,036 [Thread-3707] INFO  impl.RaftServerImpl (RaftServerImpl.java:setRole(172)) - 19601d2c-1e34-4e29-889b-b501c57f3272@group-F255B7A46A64: changes role from  FOLLOWER to CANDIDATE at term 4 for changeToCandidate
2020-03-19 17:16:30,036 [Thread-3707] INFO  impl.RoleInfo (RoleInfo.java:updateAndGet(143)) - 19601d2c-1e34-4e29-889b-b501c57f3272: start LeaderElection
2020-03-19 17:16:30,044 [19601d2c-1e34-4e29-889b-b501c57f3272@group-F255B7A46A64-LeaderElection144] INFO  impl.LeaderElection (LeaderElection.java:askForVotes(206)) - 19601d2c-1e34-4e29-889b-b501c57f3272@group-F255B7A46A64-LeaderElection144: begin an election at term 5 for 9: [ea97180b-f37b-4beb-ae1e-adcdfeb20d18:172.17.0.2:46245, 19601d2c-1e34-4e29-889b-b501c57f3272:172.17.0.2:33413, e0593f1c-6b5a-4362-bc71-0b44a1bb1867:172.17.0.2:40807], old=null
2020-03-19 17:16:30,044 [19601d2c-1e34-4e29-889b-b501c57f3272@group-F255B7A46A64-LeaderElection144] INFO  impl.LeaderElection (LogUtils.java:infoOrTrace(137)) - 19601d2c-1e34-4e29-889b-b501c57f3272@group-F255B7A46A64-LeaderElection144 got exception when requesting votes: java.util.concurrent.ExecutionException: org.apache.ratis.thirdparty.io.grpc.StatusRuntimeException: UNAVAILABLE: io exception
2020-03-19 17:16:30,045 [19601d2c-1e34-4e29-889b-b501c57f3272@group-F255B7A46A64-LeaderElection144] INFO  impl.LeaderElection (LogUtils.java:infoOrTrace(137)) - 19601d2c-1e34-4e29-889b-b501c57f3272@group-F255B7A46A64-LeaderElection144 got exception when requesting votes: java.util.concurrent.ExecutionException: org.apache.ratis.thirdparty.io.grpc.StatusRuntimeException: UNAVAILABLE: io exception
2020-03-19 17:16:30,045 [19601d2c-1e34-4e29-889b-b501c57f3272@group-F255B7A46A64-LeaderElection144] INFO  impl.LeaderElection (LeaderElection.java:logAndReturn(61)) - 19601d2c-1e34-4e29-889b-b501c57f3272@group-F255B7A46A64-LeaderElection144: Election REJECTED; received 0 response(s) [] and 2 exception(s); 19601d2c-1e34-4e29-889b-b501c57f3272@group-F255B7A46A64:t5, leader=null, voted=19601d2c-1e34-4e29-889b-b501c57f3272, raftlog=19601d2c-1e34-4e29-889b-b501c57f3272@group-F255B7A46A64-SegmentedRaftLog:OPENED:c10,f10,i10, conf=9: [ea97180b-f37b-4beb-ae1e-adcdfeb20d18:172.17.0.2:46245, 19601d2c-1e34-4e29-889b-b501c57f3272:172.17.0.2:33413, e0593f1c-6b5a-4362-bc71-0b44a1bb1867:172.17.0.2:40807], old=null
2020-03-19 17:16:30,045 [19601d2c-1e34-4e29-889b-b501c57f3272@group-F255B7A46A64-LeaderElection144] INFO  impl.LeaderElection (LogUtils.java:infoOrTrace(137)) -   Exception 0: java.util.concurrent.ExecutionException: org.apache.ratis.thirdparty.io.grpc.StatusRuntimeException: UNAVAILABLE: io exception
2020-03-19 17:16:30,045 [19601d2c-1e34-4e29-889b-b501c57f3272@group-F255B7A46A64-LeaderElection144] INFO  impl.LeaderElection (LogUtils.java:infoOrTrace(137)) -   Exception 1: java.util.concurrent.ExecutionException: org.apache.ratis.thirdparty.io.grpc.StatusRuntimeException: UNAVAILABLE: io exception
2020-03-19 17:16:30,045 [19601d2c-1e34-4e29-889b-b501c57f3272@group-F255B7A46A64-LeaderElection144] INFO  impl.RaftServerImpl (RaftServerImpl.java:setRole(172)) - 19601d2c-1e34-4e29-889b-b501c57f3272@group-F255B7A46A64: changes role from CANDIDATE to FOLLOWER at term 5 for DISCOVERED_A_NEW_TERM
2020-03-19 17:16:30,045 [19601d2c-1e34-4e29-889b-b501c57f3272@group-F255B7A46A64-LeaderElection144] INFO  impl.RoleInfo (RoleInfo.java:shutdownLeaderElection(134)) - 19601d2c-1e34-4e29-889b-b501c57f3272: shutdown LeaderElection
2020-03-19 17:16:30,045 [19601d2c-1e34-4e29-889b-b501c57f3272@group-F255B7A46A64-LeaderElection144] INFO  impl.RoleInfo (RoleInfo.java:updateAndGet(143)) - 19601d2c-1e34-4e29-889b-b501c57f3272: start FollowerState
2020-03-19 17:16:31,188 [Thread-3711] INFO  impl.FollowerState (FollowerState.java:run(108)) - 19601d2c-1e34-4e29-889b-b501c57f3272@group-F255B7A46A64-FollowerState: change to CANDIDATE, lastRpcTime:1142ms, electionTimeout:1142ms
2020-03-19 17:16:31,189 [Thread-3711] INFO  impl.RoleInfo (RoleInfo.java:shutdownFollowerState(121)) - 19601d2c-1e34-4e29-889b-b501c57f3272: shutdown FollowerState
2020-03-19 17:16:31,189 [Thread-3711] INFO  impl.RaftServerImpl (RaftServerImpl.java:setRole(172)) - 19601d2c-1e34-4e29-889b-b501c57f3272@group-F255B7A46A64: changes role from  FOLLOWER to CANDIDATE at term 5 for changeToCandidate
2020-03-19 17:16:31,189 [Thread-3711] INFO  impl.RoleInfo (RoleInfo.java:updateAndGet(143)) - 19601d2c-1e34-4e29-889b-b501c57f3272: start LeaderElection
2020-03-19 17:16:31,198 [19601d2c-1e34-4e29-889b-b501c57f3272@group-F255B7A46A64-LeaderElection145] INFO  impl.LeaderElection (LeaderElection.java:askForVotes(206)) - 19601d2c-1e34-4e29-889b-b501c57f3272@group-F255B7A46A64-LeaderElection145: begin an election at term 6 for 9: [ea97180b-f37b-4beb-ae1e-adcdfeb20d18:172.17.0.2:46245, 19601d2c-1e34-4e29-889b-b501c57f3272:172.17.0.2:33413, e0593f1c-6b5a-4362-bc71-0b44a1bb1867:172.17.0.2:40807], old=null
2020-03-19 17:16:31,198 [19601d2c-1e34-4e29-889b-b501c57f3272@group-F255B7A46A64-LeaderElection145] INFO  impl.LeaderElection (LogUtils.java:infoOrTrace(137)) - 19601d2c-1e34-4e29-889b-b501c57f3272@group-F255B7A46A64-LeaderElection145 got exception when requesting votes: java.util.concurrent.ExecutionException: org.apache.ratis.thirdparty.io.grpc.StatusRuntimeException: UNAVAILABLE: io exception
2020-03-19 17:16:31,199 [19601d2c-1e34-4e29-889b-b501c57f3272@group-F255B7A46A64-LeaderElection145] INFO  impl.LeaderElection (LogUtils.java:infoOrTrace(137)) - 19601d2c-1e34-4e29-889b-b501c57f3272@group-F255B7A46A64-LeaderElection145 got exception when requesting votes: java.util.concurrent.ExecutionException: org.apache.ratis.thirdparty.io.grpc.StatusRuntimeException: UNAVAILABLE: io exception
2020-03-19 17:16:31,199 [19601d2c-1e34-4e29-889b-b501c57f3272@group-F255B7A46A64-LeaderElection145] INFO  impl.LeaderElection (LeaderElection.java:logAndReturn(61)) - 19601d2c-1e34-4e29-889b-b501c57f3272@group-F255B7A46A64-LeaderElection145: Election REJECTED; received 0 response(s) [] and 2 exception(s); 19601d2c-1e34-4e29-889b-b501c57f3272@group-F255B7A46A64:t6, leader=null, voted=19601d2c-1e34-4e29-889b-b501c57f3272, raftlog=19601d2c-1e34-4e29-889b-b501c57f3272@group-F255B7A46A64-SegmentedRaftLog:OPENED:c10,f10,i10, conf=9: [ea97180b-f37b-4beb-ae1e-adcdfeb20d18:172.17.0.2:46245, 19601d2c-1e34-4e29-889b-b501c57f3272:172.17.0.2:33413, e0593f1c-6b5a-4362-bc71-0b44a1bb1867:172.17.0.2:40807], old=null
2020-03-19 17:16:31,199 [19601d2c-1e34-4e29-889b-b501c57f3272@group-F255B7A46A64-LeaderElection145] INFO  impl.LeaderElection (LogUtils.java:infoOrTrace(137)) -   Exception 0: java.util.concurrent.ExecutionException: org.apache.ratis.thirdparty.io.grpc.StatusRuntimeException: UNAVAILABLE: io exception
2020-03-19 17:16:31,199 [19601d2c-1e34-4e29-889b-b501c57f3272@group-F255B7A46A64-LeaderElection145] INFO  impl.LeaderElection (LogUtils.java:infoOrTrace(137)) -   Exception 1: java.util.concurrent.ExecutionException: org.apache.ratis.thirdparty.io.grpc.StatusRuntimeException: UNAVAILABLE: io exception
2020-03-19 17:16:31,199 [19601d2c-1e34-4e29-889b-b501c57f3272@group-F255B7A46A64-LeaderElection145] INFO  impl.RaftServerImpl (RaftServerImpl.java:setRole(172)) - 19601d2c-1e34-4e29-889b-b501c57f3272@group-F255B7A46A64: changes role from CANDIDATE to FOLLOWER at term 6 for DISCOVERED_A_NEW_TERM
2020-03-19 17:16:31,199 [19601d2c-1e34-4e29-889b-b501c57f3272@group-F255B7A46A64-LeaderElection145] INFO  impl.RoleInfo (RoleInfo.java:shutdownLeaderElection(134)) - 19601d2c-1e34-4e29-889b-b501c57f3272: shutdown LeaderElection
2020-03-19 17:16:31,199 [19601d2c-1e34-4e29-889b-b501c57f3272@group-F255B7A46A64-LeaderElection145] INFO  impl.RoleInfo (RoleInfo.java:updateAndGet(143)) - 19601d2c-1e34-4e29-889b-b501c57f3272: start FollowerState
2020-03-19 17:16:32,367 [Thread-3715] INFO  impl.FollowerState (FollowerState.java:run(108)) - 19601d2c-1e34-4e29-889b-b501c57f3272@group-F255B7A46A64-FollowerState: change to CANDIDATE, lastRpcTime:1168ms, electionTimeout:1168ms
2020-03-19 17:16:32,368 [Thread-3715] INFO  impl.RoleInfo (RoleInfo.java:shutdownFollowerState(121)) - 19601d2c-1e34-4e29-889b-b501c57f3272: shutdown FollowerState
2020-03-19 17:16:32,369 [Thread-3715] INFO  impl.RaftServerImpl (RaftServerImpl.java:setRole(172)) - 19601d2c-1e34-4e29-889b-b501c57f3272@group-F255B7A46A64: changes role from  FOLLOWER to CANDIDATE at term 6 for changeToCandidate
2020-03-19 17:16:32,369 [Thread-3715] INFO  impl.RoleInfo (RoleInfo.java:updateAndGet(143)) - 19601d2c-1e34-4e29-889b-b501c57f3272: start LeaderElection
2020-03-19 17:16:32,371 [19601d2c-1e34-4e29-889b-b501c57f3272@group-F255B7A46A64-LeaderElection146] INFO  impl.LeaderElection (LeaderElection.java:askForVotes(206)) - 19601d2c-1e34-4e29-889b-b501c57f3272@group-F255B7A46A64-LeaderElection146: begin an election at term 7 for 9: [ea97180b-f37b-4beb-ae1e-adcdfeb20d18:172.17.0.2:46245, 19601d2c-1e34-4e29-889b-b501c57f3272:172.17.0.2:33413, e0593f1c-6b5a-4362-bc71-0b44a1bb1867:172.17.0.2:40807], old=null
2020-03-19 17:16:32,372 [19601d2c-1e34-4e29-889b-b501c57f3272@group-F255B7A46A64-LeaderElection146] INFO  impl.LeaderElection (LogUtils.java:infoOrTrace(137)) - 19601d2c-1e34-4e29-889b-b501c57f3272@group-F255B7A46A64-LeaderElection146 got exception when requesting votes: java.util.concurrent.ExecutionException: org.apache.ratis.thirdparty.io.grpc.StatusRuntimeException: UNAVAILABLE: io exception
2020-03-19 17:16:32,372 [19601d2c-1e34-4e29-889b-b501c57f3272@group-F255B7A46A64-LeaderElection146] INFO  impl.LeaderElection (LogUtils.java:infoOrTrace(137)) - 19601d2c-1e34-4e29-889b-b501c57f3272@group-F255B7A46A64-LeaderElection146 got exception when requesting votes: java.util.concurrent.ExecutionException: org.apache.ratis.thirdparty.io.grpc.StatusRuntimeException: UNAVAILABLE: io exception
2020-03-19 17:16:32,372 [19601d2c-1e34-4e29-889b-b501c57f3272@group-F255B7A46A64-LeaderElection146] INFO  impl.LeaderElection (LeaderElection.java:logAndReturn(61)) - 19601d2c-1e34-4e29-889b-b501c57f3272@group-F255B7A46A64-LeaderElection146: Election REJECTED; received 0 response(s) [] and 2 exception(s); 19601d2c-1e34-4e29-889b-b501c57f3272@group-F255B7A46A64:t7, leader=null, voted=19601d2c-1e34-4e29-889b-b501c57f3272, raftlog=19601d2c-1e34-4e29-889b-b501c57f3272@group-F255B7A46A64-SegmentedRaftLog:OPENED:c10,f10,i10, conf=9: [ea97180b-f37b-4beb-ae1e-adcdfeb20d18:172.17.0.2:46245, 19601d2c-1e34-4e29-889b-b501c57f3272:172.17.0.2:33413, e0593f1c-6b5a-4362-bc71-0b44a1bb1867:172.17.0.2:40807], old=null
2020-03-19 17:16:32,372 [19601d2c-1e34-4e29-889b-b501c57f3272@group-F255B7A46A64-LeaderElection146] INFO  impl.LeaderElection (LogUtils.java:infoOrTrace(137)) -   Exception 0: java.util.concurrent.ExecutionException: org.apache.ratis.thirdparty.io.grpc.StatusRuntimeException: UNAVAILABLE: io exception
2020-03-19 17:16:32,372 [19601d2c-1e34-4e29-889b-b501c57f3272@group-F255B7A46A64-LeaderElection146] INFO  impl.LeaderElection (LogUtils.java:infoOrTrace(137)) -   Exception 1: java.util.concurrent.ExecutionException: org.apache.ratis.thirdparty.io.grpc.StatusRuntimeException: UNAVAILABLE: io exception
2020-03-19 17:16:32,372 [19601d2c-1e34-4e29-889b-b501c57f3272@group-F255B7A46A64-LeaderElection146] INFO  impl.RaftServerImpl (RaftServerImpl.java:setRole(172)) - 19601d2c-1e34-4e29-889b-b501c57f3272@group-F255B7A46A64: changes role from CANDIDATE to FOLLOWER at term 7 for DISCOVERED_A_NEW_TERM
2020-03-19 17:16:32,372 [19601d2c-1e34-4e29-889b-b501c57f3272@group-F255B7A46A64-LeaderElection146] INFO  impl.RoleInfo (RoleInfo.java:shutdownLeaderElection(134)) - 19601d2c-1e34-4e29-889b-b501c57f3272: shutdown LeaderElection
2020-03-19 17:16:32,372 [19601d2c-1e34-4e29-889b-b501c57f3272@group-F255B7A46A64-LeaderElection146] INFO  impl.RoleInfo (RoleInfo.java:updateAndGet(143)) - 19601d2c-1e34-4e29-889b-b501c57f3272: start FollowerState
2020-03-19 17:16:32,449 [ForkJoinPool.commonPool-worker-1] INFO  ozoneimpl.OzoneContainer (OzoneContainer.java:stop(245)) - Attempting to stop container services.
2020-03-19 17:16:32,450 [ForkJoinPool.commonPool-worker-1] INFO  impl.RaftServerProxy (RaftServerProxy.java:lambda$close$4(314)) - 19601d2c-1e34-4e29-889b-b501c57f3272: close
2020-03-19 17:16:32,451 [ForkJoinPool.commonPool-worker-1] INFO  impl.RaftServerImpl (RaftServerImpl.java:lambda$shutdown$3(249)) - 19601d2c-1e34-4e29-889b-b501c57f3272@group-60C9B52A9161: shutdown
2020-03-19 17:16:32,451 [ForkJoinPool.commonPool-worker-1] INFO  util.JmxRegister (JmxRegister.java:unregister(73)) - Successfully un-registered JMX Bean with object name Ratis:service=RaftServer,group=group-60C9B52A9161,id=19601d2c-1e34-4e29-889b-b501c57f3272
2020-03-19 17:16:32,451 [ForkJoinPool.commonPool-worker-1] INFO  impl.RoleInfo (RoleInfo.java:shutdownLeaderState(104)) - 19601d2c-1e34-4e29-889b-b501c57f3272: shutdown LeaderState
2020-03-19 17:16:32,451 [ForkJoinPool.commonPool-worker-1] INFO  impl.PendingRequests (PendingRequests.java:sendNotLeaderResponses(240)) - 19601d2c-1e34-4e29-889b-b501c57f3272@group-60C9B52A9161-PendingRequests: sendNotLeaderResponses
2020-03-19 17:16:32,451 [ForkJoinPool.commonPool-worker-1] INFO  metrics.RatisMetrics (RatisMetrics.java:unregister(46)) - Unregistering Metrics Registry : ratis.log_appender.19601d2c-1e34-4e29-889b-b501c57f3272@group-60C9B52A9161
2020-03-19 17:16:32,451 [ForkJoinPool.commonPool-worker-1] INFO  impl.StateMachineUpdater (StateMachineUpdater.java:stopAndJoin(139)) - 19601d2c-1e34-4e29-889b-b501c57f3272@group-60C9B52A9161-StateMachineUpdater: set stopIndex = 0
2020-03-19 17:16:32,452 [19601d2c-1e34-4e29-889b-b501c57f3272@group-60C9B52A9161-StateMachineUpdater] INFO  ratis.ContainerStateMachine (ContainerStateMachine.java:takeSnapshot(295)) - group-60C9B52A9161: Taking a snapshot at:(t:1, i:0) file /github/workspace/hadoop-ozone/integration-test/target/test-dir/MiniOzoneClusterImpl-80293407-04bd-45a8-aeac-96ce148bba0b/datanode-1/data/ratis/5bac38eb-2be8-4bf3-a07d-60c9b52a9161/sm/snapshot.1_0
2020-03-19 17:16:32,452 [19601d2c-1e34-4e29-889b-b501c57f3272@group-60C9B52A9161-StateMachineUpdater] INFO  ratis.ContainerStateMachine (ContainerStateMachine.java:takeSnapshot(306)) - group-60C9B52A9161: Finished taking a snapshot at:(t:1, i:0) file:/github/workspace/hadoop-ozone/integration-test/target/test-dir/MiniOzoneClusterImpl-80293407-04bd-45a8-aeac-96ce148bba0b/datanode-1/data/ratis/5bac38eb-2be8-4bf3-a07d-60c9b52a9161/sm/snapshot.1_0 time:1
2020-03-19 17:16:32,452 [19601d2c-1e34-4e29-889b-b501c57f3272@group-60C9B52A9161-StateMachineUpdater] INFO  impl.StateMachineUpdater (StateMachineUpdater.java:takeSnapshot(274)) - 19601d2c-1e34-4e29-889b-b501c57f3272@group-60C9B52A9161-StateMachineUpdater: Took a snapshot at index 0
2020-03-19 17:16:32,452 [19601d2c-1e34-4e29-889b-b501c57f3272@group-60C9B52A9161-StateMachineUpdater] INFO  impl.StateMachineUpdater (StateMachineUpdater.java:lambda$new$0(86)) - 19601d2c-1e34-4e29-889b-b501c57f3272@group-60C9B52A9161-StateMachineUpdater: snapshotIndex: updateIncreasingly -1 -> 0
2020-03-19 17:16:32,453 [19601d2c-1e34-4e29-889b-b501c57f3272@group-60C9B52A9161-StateMachineUpdater] INFO  metrics.RatisMetrics (RatisMetrics.java:unregister(46)) - Unregistering Metrics Registry : ratis.state_machine.19601d2c-1e34-4e29-889b-b501c57f3272@group-60C9B52A9161
2020-03-19 17:16:32,453 [ForkJoinPool.commonPool-worker-1] INFO  impl.RaftServerImpl (ServerState.java:close(387)) - 19601d2c-1e34-4e29-889b-b501c57f3272@group-60C9B52A9161: closes. applyIndex: 0
2020-03-19 17:16:32,453 [19601d2c-1e34-4e29-889b-b501c57f3272@group-60C9B52A9161-SegmentedRaftLogWorker] INFO  segmented.SegmentedRaftLogWorker (SegmentedRaftLogWorker.java:run(321)) - 19601d2c-1e34-4e29-889b-b501c57f3272@group-60C9B52A9161-SegmentedRaftLogWorker was interrupted, exiting. There are 0 tasks remaining in the queue.
2020-03-19 17:16:32,453 [ForkJoinPool.commonPool-worker-1] INFO  segmented.SegmentedRaftLogWorker (SegmentedRaftLogWorker.java:close(229)) - 19601d2c-1e34-4e29-889b-b501c57f3272@group-60C9B52A9161-SegmentedRaftLogWorker close()
2020-03-19 17:16:32,454 [ForkJoinPool.commonPool-worker-1] INFO  metrics.RatisMetrics (RatisMetrics.java:unregister(46)) - Unregistering Metrics Registry : ratis.log_worker.19601d2c-1e34-4e29-889b-b501c57f3272
2020-03-19 17:16:32,454 [ForkJoinPool.commonPool-worker-1] INFO  metrics.RatisMetrics (RatisMetrics.java:unregister(46)) - Unregistering Metrics Registry : ratis.leader_election.19601d2c-1e34-4e29-889b-b501c57f3272@group-60C9B52A9161
2020-03-19 17:16:32,454 [ForkJoinPool.commonPool-worker-1] INFO  metrics.RatisMetrics (RatisMetrics.java:unregister(46)) - Unregistering Metrics Registry : ratis.server.19601d2c-1e34-4e29-889b-b501c57f3272@group-60C9B52A9161
2020-03-19 17:16:32,455 [ForkJoinPool.commonPool-worker-1] INFO  impl.RaftServerImpl (RaftServerImpl.java:lambda$shutdown$3(249)) - 19601d2c-1e34-4e29-889b-b501c57f3272@group-F255B7A46A64: shutdown
2020-03-19 17:16:32,455 [ForkJoinPool.commonPool-worker-1] INFO  util.JmxRegister (JmxRegister.java:unregister(73)) - Successfully un-registered JMX Bean with object name Ratis:service=RaftServer,group=group-F255B7A46A64,id=19601d2c-1e34-4e29-889b-b501c57f3272
2020-03-19 17:16:32,455 [ForkJoinPool.commonPool-worker-1] INFO  impl.RoleInfo (RoleInfo.java:shutdownFollowerState(121)) - 19601d2c-1e34-4e29-889b-b501c57f3272: shutdown FollowerState
2020-03-19 17:16:32,455 [ForkJoinPool.commonPool-worker-1] INFO  impl.StateMachineUpdater (StateMachineUpdater.java:stopAndJoin(139)) - 19601d2c-1e34-4e29-889b-b501c57f3272@group-F255B7A46A64-StateMachineUpdater: set stopIndex = 10
2020-03-19 17:16:32,455 [19601d2c-1e34-4e29-889b-b501c57f3272@group-F255B7A46A64-StateMachineUpdater] INFO  ratis.ContainerStateMachine (ContainerStateMachine.java:takeSnapshot(295)) - group-F255B7A46A64: Taking a snapshot at:(t:3, i:10) file /github/workspace/hadoop-ozone/integration-test/target/test-dir/MiniOzoneClusterImpl-80293407-04bd-45a8-aeac-96ce148bba0b/datanode-1/data/ratis/22eb4e39-762b-4c78-a42b-f255b7a46a64/sm/snapshot.3_10
2020-03-19 17:16:32,456 [Thread-3719] INFO  impl.FollowerState (FollowerState.java:run(117)) - 19601d2c-1e34-4e29-889b-b501c57f3272@group-F255B7A46A64-FollowerState was interrupted: java.lang.InterruptedException: sleep interrupted
2020-03-19 17:16:32,457 [19601d2c-1e34-4e29-889b-b501c57f3272@group-F255B7A46A64-StateMachineUpdater] INFO  ratis.ContainerStateMachine (ContainerStateMachine.java:takeSnapshot(306)) - group-F255B7A46A64: Finished taking a snapshot at:(t:3, i:10) file:/github/workspace/hadoop-ozone/integration-test/target/test-dir/MiniOzoneClusterImpl-80293407-04bd-45a8-aeac-96ce148bba0b/datanode-1/data/ratis/22eb4e39-762b-4c78-a42b-f255b7a46a64/sm/snapshot.3_10 time:1
2020-03-19 17:16:32,457 [19601d2c-1e34-4e29-889b-b501c57f3272@group-F255B7A46A64-StateMachineUpdater] INFO  impl.StateMachineUpdater (StateMachineUpdater.java:takeSnapshot(274)) - 19601d2c-1e34-4e29-889b-b501c57f3272@group-F255B7A46A64-StateMachineUpdater: Took a snapshot at index 10
2020-03-19 17:16:32,457 [19601d2c-1e34-4e29-889b-b501c57f3272@group-F255B7A46A64-StateMachineUpdater] INFO  impl.StateMachineUpdater (StateMachineUpdater.java:lambda$new$0(86)) - 19601d2c-1e34-4e29-889b-b501c57f3272@group-F255B7A46A64-StateMachineUpdater: snapshotIndex: updateIncreasingly -1 -> 10
2020-03-19 17:16:32,457 [19601d2c-1e34-4e29-889b-b501c57f3272@group-F255B7A46A64-StateMachineUpdater] INFO  metrics.RatisMetrics (RatisMetrics.java:unregister(46)) - Unregistering Metrics Registry : ratis.state_machine.19601d2c-1e34-4e29-889b-b501c57f3272@group-F255B7A46A64
2020-03-19 17:16:32,457 [ForkJoinPool.commonPool-worker-1] INFO  impl.RaftServerImpl (ServerState.java:close(387)) - 19601d2c-1e34-4e29-889b-b501c57f3272@group-F255B7A46A64: closes. applyIndex: 10
2020-03-19 17:16:32,457 [19601d2c-1e34-4e29-889b-b501c57f3272@group-F255B7A46A64-SegmentedRaftLogWorker] INFO  segmented.SegmentedRaftLogWorker (SegmentedRaftLogWorker.java:run(321)) - 19601d2c-1e34-4e29-889b-b501c57f3272@group-F255B7A46A64-SegmentedRaftLogWorker was interrupted, exiting. There are 0 tasks remaining in the queue.
2020-03-19 17:16:32,458 [ForkJoinPool.commonPool-worker-1] INFO  segmented.SegmentedRaftLogWorker (SegmentedRaftLogWorker.java:close(229)) - 19601d2c-1e34-4e29-889b-b501c57f3272@group-F255B7A46A64-SegmentedRaftLogWorker close()
2020-03-19 17:16:32,458 [ForkJoinPool.commonPool-worker-1] INFO  metrics.RatisMetrics (RatisMetrics.java:unregister(46)) - Unregistering Metrics Registry : ratis.log_worker.19601d2c-1e34-4e29-889b-b501c57f3272
2020-03-19 17:16:32,458 [ForkJoinPool.commonPool-worker-1] INFO  metrics.RatisMetrics (RatisMetrics.java:unregister(46)) - Unregistering Metrics Registry : ratis.leader_election.19601d2c-1e34-4e29-889b-b501c57f3272@group-F255B7A46A64
2020-03-19 17:16:32,458 [ForkJoinPool.commonPool-worker-1] INFO  metrics.RatisMetrics (RatisMetrics.java:unregister(46)) - Unregistering Metrics Registry : ratis.server.19601d2c-1e34-4e29-889b-b501c57f3272@group-F255B7A46A64
2020-03-19 17:16:32,458 [ForkJoinPool.commonPool-worker-1] INFO  server.GrpcService (GrpcService.java:closeImpl(164)) - 19601d2c-1e34-4e29-889b-b501c57f3272: shutdown server with port 33413 now
2020-03-19 17:16:32,459 [ForkJoinPool.commonPool-worker-1] INFO  server.GrpcService (GrpcService.java:closeImpl(172)) - 19601d2c-1e34-4e29-889b-b501c57f3272: shutdown server with port 33413 successfully
2020-03-19 17:16:32,470 [ForkJoinPool.commonPool-worker-1] INFO  utils.BackgroundService (BackgroundService.java:shutdown(157)) - Shutting down service BlockDeletingService
2020-03-19 17:16:32,470 [ForkJoinPool.commonPool-worker-1] INFO  statemachine.DatanodeStateMachine (DatanodeStateMachine.java:stopDaemon(435)) - Ozone container server stopped.
2020-03-19 17:16:32,471 [ForkJoinPool.commonPool-worker-1] INFO  handler.ContextHandler (ContextHandler.java:doStop(1016)) - Stopped o.e.j.w.WebAppContext@7d984119{hddsDatanode,/,null,UNAVAILABLE}{jar:file:/home/user/.m2/repository/org/apache/hadoop/hadoop-hdds-container-service/0.5.0-SNAPSHOT/hadoop-hdds-container-service-0.5.0-SNAPSHOT.jar!/webapps/hddsDatanode}
2020-03-19 17:16:32,472 [ForkJoinPool.commonPool-worker-1] INFO  server.AbstractConnector (AbstractConnector.java:doStop(380)) - Stopped ServerConnector@5a1db3f5{HTTP/1.1,[http/1.1]}{0.0.0.0:0}
2020-03-19 17:16:32,472 [ForkJoinPool.commonPool-worker-1] INFO  server.session (HouseKeeper.java:stopScavenging(158)) - node0 Stopped scavenging
2020-03-19 17:16:32,472 [ForkJoinPool.commonPool-worker-1] INFO  handler.ContextHandler (ContextHandler.java:doStop(1016)) - Stopped o.e.j.s.ServletContextHandler@67c1eb51{static,/static,jar:file:/home/user/.m2/repository/org/apache/hadoop/hadoop-hdds-container-service/0.5.0-SNAPSHOT/hadoop-hdds-container-service-0.5.0-SNAPSHOT.jar!/webapps/static,UNAVAILABLE}
2020-03-19 17:16:32,473 [ForkJoinPool.commonPool-worker-1] INFO  handler.ContextHandler (ContextHandler.java:doStop(1016)) - Stopped o.e.j.s.ServletContextHandler@4c55a445{logs,/logs,file:///github/workspace/hadoop-ozone/integration-test/target/log,UNAVAILABLE}
2020-03-19 17:16:32,473 [main] INFO  ozone.MiniOzoneClusterImpl (MiniOzoneClusterImpl.java:stopSCM(476)) - Stopping the StorageContainerManager
2020-03-19 17:16:32,474 [main] INFO  server.StorageContainerManager (StorageContainerManager.java:stop(816)) - Stopping Replication Manager Service.
2020-03-19 17:16:32,474 [main] INFO  container.ReplicationManager (ReplicationManager.java:stop(204)) - Stopping Replication Monitor Thread.
2020-03-19 17:16:32,474 [main] INFO  server.StorageContainerManager (StorageContainerManager.java:stop(823)) - Stopping Lease Manager of the command watchers
2020-03-19 17:16:32,474 [main] INFO  server.StorageContainerManager (StorageContainerManager.java:stop(830)) - Stopping datanode service RPC server
2020-03-19 17:16:32,474 [main] INFO  server.SCMDatanodeProtocolServer (SCMDatanodeProtocolServer.java:stop(365)) - Stopping the RPC server for DataNodes
2020-03-19 17:16:32,474 [main] INFO  ipc.Server (Server.java:stop(3082)) - Stopping server on 38595
2020-03-19 17:16:32,474 [CommandWatcher-LeaseManager#LeaseMonitor] ERROR lease.LeaseManager (LeaseManager.java:run(238)) - Execution was interrupted 
java.lang.InterruptedException: sleep interrupted
	at java.lang.Thread.sleep(Native Method)
	at org.apache.hadoop.ozone.lease.LeaseManager$LeaseMonitor.run(LeaseManager.java:234)
	at java.lang.Thread.run(Thread.java:748)
2020-03-19 17:16:32,476 [IPC Server Responder] INFO  ipc.Server (Server.java:run(1319)) - Stopping IPC Server Responder
2020-03-19 17:16:32,476 [IPC Server listener on 38595] INFO  ipc.Server (Server.java:run(1185)) - Stopping IPC Server listener on 38595
2020-03-19 17:16:32,516 [SCM Heartbeat Processing Thread - 0] WARN  node.NodeStateManager (NodeStateManager.java:scheduleNextHealthCheck(656)) - Current Thread is interrupted, shutting down HB processing thread for Node Manager.
2020-03-19 17:16:32,516 [main] INFO  server.StorageContainerManager (StorageContainerManager.java:stop(838)) - Stopping block service RPC server
2020-03-19 17:16:32,516 [main] INFO  server.SCMBlockProtocolServer (SCMBlockProtocolServer.java:stop(156)) - Stopping the RPC server for Block Protocol
2020-03-19 17:16:32,517 [main] INFO  ipc.Server (Server.java:stop(3082)) - Stopping server on 40195
2020-03-19 17:16:32,518 [main] INFO  server.StorageContainerManager (StorageContainerManager.java:stop(845)) - Stopping the StorageContainerLocationProtocol RPC server
2020-03-19 17:16:32,518 [IPC Server Responder] INFO  ipc.Server (Server.java:run(1319)) - Stopping IPC Server Responder
2020-03-19 17:16:32,519 [IPC Server listener on 40195] INFO  ipc.Server (Server.java:run(1185)) - Stopping IPC Server listener on 40195
2020-03-19 17:16:32,518 [main] INFO  server.SCMClientProtocolServer (SCMClientProtocolServer.java:stop(169)) - Stopping the RPC server for Client Protocol
2020-03-19 17:16:32,519 [main] INFO  ipc.Server (Server.java:stop(3082)) - Stopping server on 40149
2020-03-19 17:16:32,521 [main] INFO  server.StorageContainerManager (StorageContainerManager.java:stop(852)) - Stopping Storage Container Manager HTTP server.
2020-03-19 17:16:32,522 [main] INFO  handler.ContextHandler (ContextHandler.java:doStop(1016)) - Stopped o.e.j.w.WebAppContext@da39f6a{scm,/,null,UNAVAILABLE}{file:/github/workspace/hadoop-ozone/integration-test/target/test-classes/webapps/scm}
2020-03-19 17:16:32,522 [IPC Server Responder] INFO  ipc.Server (Server.java:run(1319)) - Stopping IPC Server Responder
2020-03-19 17:16:32,522 [IPC Server listener on 40149] INFO  ipc.Server (Server.java:run(1185)) - Stopping IPC Server listener on 40149
2020-03-19 17:16:32,523 [main] INFO  server.AbstractConnector (AbstractConnector.java:doStop(380)) - Stopped ServerConnector@2beec68c{HTTP/1.1,[http/1.1]}{0.0.0.0:0}
2020-03-19 17:16:32,523 [main] INFO  server.session (HouseKeeper.java:stopScavenging(158)) - node0 Stopped scavenging
2020-03-19 17:16:32,523 [main] INFO  handler.ContextHandler (ContextHandler.java:doStop(1016)) - Stopped o.e.j.s.ServletContextHandler@6df172c1{static,/static,file:///github/workspace/hadoop-ozone/integration-test/target/test-classes/webapps/static,UNAVAILABLE}
2020-03-19 17:16:32,523 [main] INFO  handler.ContextHandler (ContextHandler.java:doStop(1016)) - Stopped o.e.j.s.ServletContextHandler@57a877ab{logs,/logs,file:///github/workspace/hadoop-ozone/integration-test/target/log,UNAVAILABLE}
2020-03-19 17:16:32,524 [main] INFO  server.StorageContainerManager (StorageContainerManager.java:stop(863)) - Stopping Block Manager Service.
2020-03-19 17:16:32,524 [main] INFO  utils.BackgroundService (BackgroundService.java:shutdown(157)) - Shutting down service SCMBlockDeletingService
2020-03-19 17:16:32,524 [main] INFO  utils.BackgroundService (BackgroundService.java:shutdown(157)) - Shutting down service SCMBlockDeletingService
2020-03-19 17:16:32,524 [main] INFO  server.StorageContainerManager (StorageContainerManager.java:stop(888)) - Stopping SCM Event Queue.
2020-03-19 17:16:32,526 [main] INFO  impl.MetricsSystemImpl (MetricsSystemImpl.java:stop(210)) - Stopping HddsDatanode metrics system...
2020-03-19 17:16:32,536 [main] INFO  impl.MetricsSystemImpl (MetricsSystemImpl.java:stop(216)) - HddsDatanode metrics system stopped.
]]></system-out>
    <system-err><![CDATA[Mar 19, 2020 5:15:52 PM org.apache.ratis.thirdparty.io.grpc.internal.ManagedChannelOrphanWrapper$ManagedChannelReference cleanQueue
SEVERE: *~*~*~ Channel ManagedChannelImpl{logId=2063, target=172.17.0.2:42423} was not shutdown properly!!! ~*~*~*
    Make sure to call shutdown()/shutdownNow() and wait until awaitTermination() returns true.
java.lang.RuntimeException: ManagedChannel allocation site
	at org.apache.ratis.thirdparty.io.grpc.internal.ManagedChannelOrphanWrapper$ManagedChannelReference.<init>(ManagedChannelOrphanWrapper.java:94)
	at org.apache.ratis.thirdparty.io.grpc.internal.ManagedChannelOrphanWrapper.<init>(ManagedChannelOrphanWrapper.java:52)
	at org.apache.ratis.thirdparty.io.grpc.internal.ManagedChannelOrphanWrapper.<init>(ManagedChannelOrphanWrapper.java:43)
	at org.apache.ratis.thirdparty.io.grpc.internal.AbstractManagedChannelImplBuilder.build(AbstractManagedChannelImplBuilder.java:512)
	at org.apache.hadoop.hdds.scm.XceiverClientGrpc.connectToDatanode(XceiverClientGrpc.java:189)
	at org.apache.hadoop.hdds.scm.XceiverClientGrpc.reconnect(XceiverClientGrpc.java:488)
	at org.apache.hadoop.hdds.scm.XceiverClientGrpc.checkOpen(XceiverClientGrpc.java:479)
	at org.apache.hadoop.hdds.scm.XceiverClientGrpc.sendCommandAsync(XceiverClientGrpc.java:421)
	at org.apache.hadoop.hdds.scm.XceiverClientGrpc.sendCommandWithRetry(XceiverClientGrpc.java:336)
	at org.apache.hadoop.hdds.scm.XceiverClientGrpc.sendCommandWithTraceIDAndRetry(XceiverClientGrpc.java:281)
	at org.apache.hadoop.hdds.scm.XceiverClientGrpc.sendCommand(XceiverClientGrpc.java:259)
	at org.apache.hadoop.hdds.scm.storage.ContainerProtocolCalls.getBlock(ContainerProtocolCalls.java:119)
	at org.apache.hadoop.hdds.scm.storage.BlockInputStream.getChunkInfos(BlockInputStream.java:199)
	at org.apache.hadoop.hdds.scm.storage.BlockInputStream.initialize(BlockInputStream.java:133)
	at org.apache.hadoop.hdds.scm.storage.BlockInputStream.read(BlockInputStream.java:254)
	at org.apache.hadoop.ozone.client.io.KeyInputStream.read(KeyInputStream.java:197)
	at org.apache.hadoop.ozone.client.io.OzoneInputStream.read(OzoneInputStream.java:47)
	at java.io.InputStream.read(InputStream.java:101)
	at org.apache.hadoop.ozone.container.TestHelper.validateData(TestHelper.java:128)
	at org.apache.hadoop.ozone.client.rpc.TestFailureHandlingByClient.validateData(TestFailureHandlingByClient.java:431)
	at org.apache.hadoop.ozone.client.rpc.TestFailureHandlingByClient.testBlockWritesWithDnFailures(TestFailureHandlingByClient.java:190)
	at sun.reflect.NativeMethodAccessorImpl.invoke0(Native Method)
	at sun.reflect.NativeMethodAccessorImpl.invoke(NativeMethodAccessorImpl.java:62)
	at sun.reflect.DelegatingMethodAccessorImpl.invoke(DelegatingMethodAccessorImpl.java:43)
	at java.lang.reflect.Method.invoke(Method.java:498)
	at org.junit.runners.model.FrameworkMethod$1.runReflectiveCall(FrameworkMethod.java:47)
	at org.junit.internal.runners.model.ReflectiveCallable.run(ReflectiveCallable.java:12)
	at org.junit.runners.model.FrameworkMethod.invokeExplosively(FrameworkMethod.java:44)
	at org.junit.internal.runners.statements.InvokeMethod.evaluate(InvokeMethod.java:17)
	at org.junit.internal.runners.statements.RunAfters.evaluate(RunAfters.java:27)
	at org.junit.runners.ParentRunner.runLeaf(ParentRunner.java:271)
	at org.junit.runners.BlockJUnit4ClassRunner.runChild(BlockJUnit4ClassRunner.java:70)
	at org.junit.runners.BlockJUnit4ClassRunner.runChild(BlockJUnit4ClassRunner.java:50)
	at org.junit.runners.ParentRunner$3.run(ParentRunner.java:238)
	at org.junit.runners.ParentRunner$1.schedule(ParentRunner.java:63)
	at org.junit.runners.ParentRunner.runChildren(ParentRunner.java:236)
	at org.junit.runners.ParentRunner.access$000(ParentRunner.java:53)
	at org.junit.runners.ParentRunner$2.evaluate(ParentRunner.java:229)
	at org.junit.runners.ParentRunner.run(ParentRunner.java:309)
	at org.apache.maven.surefire.junit4.JUnit4Provider.execute(JUnit4Provider.java:365)
	at org.apache.maven.surefire.junit4.JUnit4Provider.executeWithRerun(JUnit4Provider.java:273)
	at org.apache.maven.surefire.junit4.JUnit4Provider.executeTestSet(JUnit4Provider.java:238)
	at org.apache.maven.surefire.junit4.JUnit4Provider.invoke(JUnit4Provider.java:159)
	at org.apache.maven.surefire.booter.ForkedBooter.invokeProviderInSameClassLoader(ForkedBooter.java:384)
	at org.apache.maven.surefire.booter.ForkedBooter.runSuitesInProcess(ForkedBooter.java:345)
	at org.apache.maven.surefire.booter.ForkedBooter.execute(ForkedBooter.java:126)
	at org.apache.maven.surefire.booter.ForkedBooter.main(ForkedBooter.java:418)

Mar 19, 2020 5:15:52 PM org.apache.ratis.thirdparty.io.grpc.internal.ManagedChannelOrphanWrapper$ManagedChannelReference cleanQueue
SEVERE: *~*~*~ Channel ManagedChannelImpl{logId=2061, target=172.17.0.2:34175} was not shutdown properly!!! ~*~*~*
    Make sure to call shutdown()/shutdownNow() and wait until awaitTermination() returns true.
java.lang.RuntimeException: ManagedChannel allocation site
	at org.apache.ratis.thirdparty.io.grpc.internal.ManagedChannelOrphanWrapper$ManagedChannelReference.<init>(ManagedChannelOrphanWrapper.java:94)
	at org.apache.ratis.thirdparty.io.grpc.internal.ManagedChannelOrphanWrapper.<init>(ManagedChannelOrphanWrapper.java:52)
	at org.apache.ratis.thirdparty.io.grpc.internal.ManagedChannelOrphanWrapper.<init>(ManagedChannelOrphanWrapper.java:43)
	at org.apache.ratis.thirdparty.io.grpc.internal.AbstractManagedChannelImplBuilder.build(AbstractManagedChannelImplBuilder.java:512)
	at org.apache.hadoop.hdds.scm.XceiverClientGrpc.connectToDatanode(XceiverClientGrpc.java:189)
	at org.apache.hadoop.hdds.scm.XceiverClientGrpc.connect(XceiverClientGrpc.java:138)
	at org.apache.hadoop.hdds.scm.XceiverClientManager$2.call(XceiverClientManager.java:242)
	at org.apache.hadoop.hdds.scm.XceiverClientManager$2.call(XceiverClientManager.java:226)
	at com.google.common.cache.LocalCache$LocalManualCache$1.load(LocalCache.java:4876)
	at com.google.common.cache.LocalCache$LoadingValueReference.loadFuture(LocalCache.java:3529)
	at com.google.common.cache.LocalCache$Segment.loadSync(LocalCache.java:2278)
	at com.google.common.cache.LocalCache$Segment.lockedGetOrLoad(LocalCache.java:2155)
	at com.google.common.cache.LocalCache$Segment.get(LocalCache.java:2045)
	at com.google.common.cache.LocalCache.get(LocalCache.java:3951)
	at com.google.common.cache.LocalCache$LocalManualCache.get(LocalCache.java:4871)
	at org.apache.hadoop.hdds.scm.XceiverClientManager.getClient(XceiverClientManager.java:226)
	at org.apache.hadoop.hdds.scm.XceiverClientManager.acquireClient(XceiverClientManager.java:172)
	at org.apache.hadoop.hdds.scm.XceiverClientManager.acquireClientForReadData(XceiverClientManager.java:162)
	at org.apache.hadoop.hdds.scm.storage.BlockInputStream.getChunkInfos(BlockInputStream.java:184)
	at org.apache.hadoop.hdds.scm.storage.BlockInputStream.initialize(BlockInputStream.java:133)
	at org.apache.hadoop.hdds.scm.storage.BlockInputStream.read(BlockInputStream.java:254)
	at org.apache.hadoop.ozone.client.io.KeyInputStream.read(KeyInputStream.java:197)
	at org.apache.hadoop.ozone.client.io.OzoneInputStream.read(OzoneInputStream.java:47)
	at java.io.InputStream.read(InputStream.java:101)
	at org.apache.hadoop.ozone.container.TestHelper.validateData(TestHelper.java:128)
	at org.apache.hadoop.ozone.client.rpc.TestFailureHandlingByClient.validateData(TestFailureHandlingByClient.java:431)
	at org.apache.hadoop.ozone.client.rpc.TestFailureHandlingByClient.testBlockWritesWithDnFailures(TestFailureHandlingByClient.java:190)
	at sun.reflect.NativeMethodAccessorImpl.invoke0(Native Method)
	at sun.reflect.NativeMethodAccessorImpl.invoke(NativeMethodAccessorImpl.java:62)
	at sun.reflect.DelegatingMethodAccessorImpl.invoke(DelegatingMethodAccessorImpl.java:43)
	at java.lang.reflect.Method.invoke(Method.java:498)
	at org.junit.runners.model.FrameworkMethod$1.runReflectiveCall(FrameworkMethod.java:47)
	at org.junit.internal.runners.model.ReflectiveCallable.run(ReflectiveCallable.java:12)
	at org.junit.runners.model.FrameworkMethod.invokeExplosively(FrameworkMethod.java:44)
	at org.junit.internal.runners.statements.InvokeMethod.evaluate(InvokeMethod.java:17)
	at org.junit.internal.runners.statements.RunAfters.evaluate(RunAfters.java:27)
	at org.junit.runners.ParentRunner.runLeaf(ParentRunner.java:271)
	at org.junit.runners.BlockJUnit4ClassRunner.runChild(BlockJUnit4ClassRunner.java:70)
	at org.junit.runners.BlockJUnit4ClassRunner.runChild(BlockJUnit4ClassRunner.java:50)
	at org.junit.runners.ParentRunner$3.run(ParentRunner.java:238)
	at org.junit.runners.ParentRunner$1.schedule(ParentRunner.java:63)
	at org.junit.runners.ParentRunner.runChildren(ParentRunner.java:236)
	at org.junit.runners.ParentRunner.access$000(ParentRunner.java:53)
	at org.junit.runners.ParentRunner$2.evaluate(ParentRunner.java:229)
	at org.junit.runners.ParentRunner.run(ParentRunner.java:309)
	at org.apache.maven.surefire.junit4.JUnit4Provider.execute(JUnit4Provider.java:365)
	at org.apache.maven.surefire.junit4.JUnit4Provider.executeWithRerun(JUnit4Provider.java:273)
	at org.apache.maven.surefire.junit4.JUnit4Provider.executeTestSet(JUnit4Provider.java:238)
	at org.apache.maven.surefire.junit4.JUnit4Provider.invoke(JUnit4Provider.java:159)
	at org.apache.maven.surefire.booter.ForkedBooter.invokeProviderInSameClassLoader(ForkedBooter.java:384)
	at org.apache.maven.surefire.booter.ForkedBooter.runSuitesInProcess(ForkedBooter.java:345)
	at org.apache.maven.surefire.booter.ForkedBooter.execute(ForkedBooter.java:126)
	at org.apache.maven.surefire.booter.ForkedBooter.main(ForkedBooter.java:418)

Mar 19, 2020 5:15:52 PM org.apache.ratis.thirdparty.io.grpc.internal.ManagedChannelOrphanWrapper$ManagedChannelReference cleanQueue
SEVERE: *~*~*~ Channel ManagedChannelImpl{logId=2056, target=172.17.0.2:42577} was not shutdown properly!!! ~*~*~*
    Make sure to call shutdown()/shutdownNow() and wait until awaitTermination() returns true.
java.lang.RuntimeException: ManagedChannel allocation site
	at org.apache.ratis.thirdparty.io.grpc.internal.ManagedChannelOrphanWrapper$ManagedChannelReference.<init>(ManagedChannelOrphanWrapper.java:94)
	at org.apache.ratis.thirdparty.io.grpc.internal.ManagedChannelOrphanWrapper.<init>(ManagedChannelOrphanWrapper.java:52)
	at org.apache.ratis.thirdparty.io.grpc.internal.ManagedChannelOrphanWrapper.<init>(ManagedChannelOrphanWrapper.java:43)
	at org.apache.ratis.thirdparty.io.grpc.internal.AbstractManagedChannelImplBuilder.build(AbstractManagedChannelImplBuilder.java:512)
	at org.apache.hadoop.hdds.scm.XceiverClientGrpc.connectToDatanode(XceiverClientGrpc.java:189)
	at org.apache.hadoop.hdds.scm.XceiverClientGrpc.reconnect(XceiverClientGrpc.java:488)
	at org.apache.hadoop.hdds.scm.XceiverClientGrpc.checkOpen(XceiverClientGrpc.java:479)
	at org.apache.hadoop.hdds.scm.XceiverClientGrpc.sendCommandAsync(XceiverClientGrpc.java:421)
	at org.apache.hadoop.hdds.scm.XceiverClientGrpc.sendCommandWithRetry(XceiverClientGrpc.java:336)
	at org.apache.hadoop.hdds.scm.XceiverClientGrpc.sendCommandWithTraceIDAndRetry(XceiverClientGrpc.java:281)
	at org.apache.hadoop.hdds.scm.XceiverClientGrpc.sendCommand(XceiverClientGrpc.java:259)
	at org.apache.hadoop.hdds.scm.storage.ContainerProtocolCalls.getBlock(ContainerProtocolCalls.java:119)
	at org.apache.hadoop.hdds.scm.storage.BlockInputStream.getChunkInfos(BlockInputStream.java:199)
	at org.apache.hadoop.hdds.scm.storage.BlockInputStream.initialize(BlockInputStream.java:133)
	at org.apache.hadoop.hdds.scm.storage.BlockInputStream.read(BlockInputStream.java:254)
	at org.apache.hadoop.ozone.client.io.KeyInputStream.read(KeyInputStream.java:197)
	at org.apache.hadoop.ozone.client.io.OzoneInputStream.read(OzoneInputStream.java:47)
	at java.io.InputStream.read(InputStream.java:101)
	at org.apache.hadoop.ozone.container.TestHelper.validateData(TestHelper.java:128)
	at org.apache.hadoop.ozone.client.rpc.TestFailureHandlingByClient.validateData(TestFailureHandlingByClient.java:431)
	at org.apache.hadoop.ozone.client.rpc.TestFailureHandlingByClient.testBlockWritesWithDnFailures(TestFailureHandlingByClient.java:190)
	at sun.reflect.NativeMethodAccessorImpl.invoke0(Native Method)
	at sun.reflect.NativeMethodAccessorImpl.invoke(NativeMethodAccessorImpl.java:62)
	at sun.reflect.DelegatingMethodAccessorImpl.invoke(DelegatingMethodAccessorImpl.java:43)
	at java.lang.reflect.Method.invoke(Method.java:498)
	at org.junit.runners.model.FrameworkMethod$1.runReflectiveCall(FrameworkMethod.java:47)
	at org.junit.internal.runners.model.ReflectiveCallable.run(ReflectiveCallable.java:12)
	at org.junit.runners.model.FrameworkMethod.invokeExplosively(FrameworkMethod.java:44)
	at org.junit.internal.runners.statements.InvokeMethod.evaluate(InvokeMethod.java:17)
	at org.junit.internal.runners.statements.RunAfters.evaluate(RunAfters.java:27)
	at org.junit.runners.ParentRunner.runLeaf(ParentRunner.java:271)
	at org.junit.runners.BlockJUnit4ClassRunner.runChild(BlockJUnit4ClassRunner.java:70)
	at org.junit.runners.BlockJUnit4ClassRunner.runChild(BlockJUnit4ClassRunner.java:50)
	at org.junit.runners.ParentRunner$3.run(ParentRunner.java:238)
	at org.junit.runners.ParentRunner$1.schedule(ParentRunner.java:63)
	at org.junit.runners.ParentRunner.runChildren(ParentRunner.java:236)
	at org.junit.runners.ParentRunner.access$000(ParentRunner.java:53)
	at org.junit.runners.ParentRunner$2.evaluate(ParentRunner.java:229)
	at org.junit.runners.ParentRunner.run(ParentRunner.java:309)
	at org.apache.maven.surefire.junit4.JUnit4Provider.execute(JUnit4Provider.java:365)
	at org.apache.maven.surefire.junit4.JUnit4Provider.executeWithRerun(JUnit4Provider.java:273)
	at org.apache.maven.surefire.junit4.JUnit4Provider.executeTestSet(JUnit4Provider.java:238)
	at org.apache.maven.surefire.junit4.JUnit4Provider.invoke(JUnit4Provider.java:159)
	at org.apache.maven.surefire.booter.ForkedBooter.invokeProviderInSameClassLoader(ForkedBooter.java:384)
	at org.apache.maven.surefire.booter.ForkedBooter.runSuitesInProcess(ForkedBooter.java:345)
	at org.apache.maven.surefire.booter.ForkedBooter.execute(ForkedBooter.java:126)
	at org.apache.maven.surefire.booter.ForkedBooter.main(ForkedBooter.java:418)

Mar 19, 2020 5:15:52 PM org.apache.ratis.thirdparty.io.grpc.internal.ManagedChannelOrphanWrapper$ManagedChannelReference cleanQueue
SEVERE: *~*~*~ Channel ManagedChannelImpl{logId=2037, target=172.17.0.2:41093} was not shutdown properly!!! ~*~*~*
    Make sure to call shutdown()/shutdownNow() and wait until awaitTermination() returns true.
java.lang.RuntimeException: ManagedChannel allocation site
	at org.apache.ratis.thirdparty.io.grpc.internal.ManagedChannelOrphanWrapper$ManagedChannelReference.<init>(ManagedChannelOrphanWrapper.java:94)
	at org.apache.ratis.thirdparty.io.grpc.internal.ManagedChannelOrphanWrapper.<init>(ManagedChannelOrphanWrapper.java:52)
	at org.apache.ratis.thirdparty.io.grpc.internal.ManagedChannelOrphanWrapper.<init>(ManagedChannelOrphanWrapper.java:43)
	at org.apache.ratis.thirdparty.io.grpc.internal.AbstractManagedChannelImplBuilder.build(AbstractManagedChannelImplBuilder.java:512)
	at org.apache.ratis.grpc.client.GrpcClientProtocolClient.<init>(GrpcClientProtocolClient.java:129)
	at org.apache.ratis.grpc.client.GrpcClientRpc.lambda$new$0(GrpcClientRpc.java:55)
	at org.apache.ratis.util.PeerProxyMap$PeerAndProxy.lambda$getProxy$0(PeerProxyMap.java:62)
	at org.apache.ratis.util.LifeCycle.startAndTransition(LifeCycle.java:214)
	at org.apache.ratis.util.PeerProxyMap$PeerAndProxy.getProxy(PeerProxyMap.java:61)
	at org.apache.ratis.util.PeerProxyMap.getProxy(PeerProxyMap.java:109)
	at org.apache.ratis.grpc.client.GrpcClientRpc.sendRequestAsync(GrpcClientRpc.java:66)
	at org.apache.ratis.client.impl.OrderedAsync.sendRequest(OrderedAsync.java:235)
	at org.apache.ratis.client.impl.OrderedAsync.sendRequestWithRetry(OrderedAsync.java:189)
	at org.apache.ratis.util.SlidingWindow$Client.sendOrDelayRequest(SlidingWindow.java:278)
	at org.apache.ratis.util.SlidingWindow$Client.retry(SlidingWindow.java:294)
	at org.apache.ratis.client.impl.OrderedAsync.lambda$scheduleWithTimeout$7(OrderedAsync.java:222)
	at org.apache.ratis.util.TimeoutScheduler.lambda$onTimeout$0(TimeoutScheduler.java:141)
	at org.apache.ratis.util.TimeoutScheduler.lambda$onTimeout$1(TimeoutScheduler.java:155)
	at org.apache.ratis.util.LogUtils.runAndLog(LogUtils.java:38)
	at org.apache.ratis.util.LogUtils$1.run(LogUtils.java:79)
	at java.util.concurrent.Executors$RunnableAdapter.call(Executors.java:511)
	at java.util.concurrent.FutureTask.run(FutureTask.java:266)
	at java.util.concurrent.ScheduledThreadPoolExecutor$ScheduledFutureTask.access$201(ScheduledThreadPoolExecutor.java:180)
	at java.util.concurrent.ScheduledThreadPoolExecutor$ScheduledFutureTask.run(ScheduledThreadPoolExecutor.java:293)
	at java.util.concurrent.ThreadPoolExecutor.runWorker(ThreadPoolExecutor.java:1149)
	at java.util.concurrent.ThreadPoolExecutor$Worker.run(ThreadPoolExecutor.java:624)
	at java.lang.Thread.run(Thread.java:748)

Mar 19, 2020 5:15:52 PM org.apache.ratis.thirdparty.io.grpc.internal.ManagedChannelOrphanWrapper$ManagedChannelReference cleanQueue
SEVERE: *~*~*~ Channel ManagedChannelImpl{logId=2054, target=172.17.0.2:35235} was not shutdown properly!!! ~*~*~*
    Make sure to call shutdown()/shutdownNow() and wait until awaitTermination() returns true.
java.lang.RuntimeException: ManagedChannel allocation site
	at org.apache.ratis.thirdparty.io.grpc.internal.ManagedChannelOrphanWrapper$ManagedChannelReference.<init>(ManagedChannelOrphanWrapper.java:94)
	at org.apache.ratis.thirdparty.io.grpc.internal.ManagedChannelOrphanWrapper.<init>(ManagedChannelOrphanWrapper.java:52)
	at org.apache.ratis.thirdparty.io.grpc.internal.ManagedChannelOrphanWrapper.<init>(ManagedChannelOrphanWrapper.java:43)
	at org.apache.ratis.thirdparty.io.grpc.internal.AbstractManagedChannelImplBuilder.build(AbstractManagedChannelImplBuilder.java:512)
	at org.apache.hadoop.hdds.scm.XceiverClientGrpc.connectToDatanode(XceiverClientGrpc.java:189)
	at org.apache.hadoop.hdds.scm.XceiverClientGrpc.connect(XceiverClientGrpc.java:138)
	at org.apache.hadoop.hdds.scm.XceiverClientManager$2.call(XceiverClientManager.java:242)
	at org.apache.hadoop.hdds.scm.XceiverClientManager$2.call(XceiverClientManager.java:226)
	at com.google.common.cache.LocalCache$LocalManualCache$1.load(LocalCache.java:4876)
	at com.google.common.cache.LocalCache$LoadingValueReference.loadFuture(LocalCache.java:3529)
	at com.google.common.cache.LocalCache$Segment.loadSync(LocalCache.java:2278)
	at com.google.common.cache.LocalCache$Segment.lockedGetOrLoad(LocalCache.java:2155)
	at com.google.common.cache.LocalCache$Segment.get(LocalCache.java:2045)
	at com.google.common.cache.LocalCache.get(LocalCache.java:3951)
	at com.google.common.cache.LocalCache$LocalManualCache.get(LocalCache.java:4871)
	at org.apache.hadoop.hdds.scm.XceiverClientManager.getClient(XceiverClientManager.java:226)
	at org.apache.hadoop.hdds.scm.XceiverClientManager.acquireClient(XceiverClientManager.java:172)
	at org.apache.hadoop.hdds.scm.XceiverClientManager.acquireClientForReadData(XceiverClientManager.java:162)
	at org.apache.hadoop.hdds.scm.storage.BlockInputStream.getChunkInfos(BlockInputStream.java:184)
	at org.apache.hadoop.hdds.scm.storage.BlockInputStream.initialize(BlockInputStream.java:133)
	at org.apache.hadoop.hdds.scm.storage.BlockInputStream.read(BlockInputStream.java:254)
	at org.apache.hadoop.ozone.client.io.KeyInputStream.read(KeyInputStream.java:197)
	at org.apache.hadoop.ozone.client.io.OzoneInputStream.read(OzoneInputStream.java:47)
	at java.io.InputStream.read(InputStream.java:101)
	at org.apache.hadoop.ozone.container.TestHelper.validateData(TestHelper.java:128)
	at org.apache.hadoop.ozone.client.rpc.TestFailureHandlingByClient.validateData(TestFailureHandlingByClient.java:431)
	at org.apache.hadoop.ozone.client.rpc.TestFailureHandlingByClient.testBlockWritesWithDnFailures(TestFailureHandlingByClient.java:190)
	at sun.reflect.NativeMethodAccessorImpl.invoke0(Native Method)
	at sun.reflect.NativeMethodAccessorImpl.invoke(NativeMethodAccessorImpl.java:62)
	at sun.reflect.DelegatingMethodAccessorImpl.invoke(DelegatingMethodAccessorImpl.java:43)
	at java.lang.reflect.Method.invoke(Method.java:498)
	at org.junit.runners.model.FrameworkMethod$1.runReflectiveCall(FrameworkMethod.java:47)
	at org.junit.internal.runners.model.ReflectiveCallable.run(ReflectiveCallable.java:12)
	at org.junit.runners.model.FrameworkMethod.invokeExplosively(FrameworkMethod.java:44)
	at org.junit.internal.runners.statements.InvokeMethod.evaluate(InvokeMethod.java:17)
	at org.junit.internal.runners.statements.RunAfters.evaluate(RunAfters.java:27)
	at org.junit.runners.ParentRunner.runLeaf(ParentRunner.java:271)
	at org.junit.runners.BlockJUnit4ClassRunner.runChild(BlockJUnit4ClassRunner.java:70)
	at org.junit.runners.BlockJUnit4ClassRunner.runChild(BlockJUnit4ClassRunner.java:50)
	at org.junit.runners.ParentRunner$3.run(ParentRunner.java:238)
	at org.junit.runners.ParentRunner$1.schedule(ParentRunner.java:63)
	at org.junit.runners.ParentRunner.runChildren(ParentRunner.java:236)
	at org.junit.runners.ParentRunner.access$000(ParentRunner.java:53)
	at org.junit.runners.ParentRunner$2.evaluate(ParentRunner.java:229)
	at org.junit.runners.ParentRunner.run(ParentRunner.java:309)
	at org.apache.maven.surefire.junit4.JUnit4Provider.execute(JUnit4Provider.java:365)
	at org.apache.maven.surefire.junit4.JUnit4Provider.executeWithRerun(JUnit4Provider.java:273)
	at org.apache.maven.surefire.junit4.JUnit4Provider.executeTestSet(JUnit4Provider.java:238)
	at org.apache.maven.surefire.junit4.JUnit4Provider.invoke(JUnit4Provider.java:159)
	at org.apache.maven.surefire.booter.ForkedBooter.invokeProviderInSameClassLoader(ForkedBooter.java:384)
	at org.apache.maven.surefire.booter.ForkedBooter.runSuitesInProcess(ForkedBooter.java:345)
	at org.apache.maven.surefire.booter.ForkedBooter.execute(ForkedBooter.java:126)
	at org.apache.maven.surefire.booter.ForkedBooter.main(ForkedBooter.java:418)

Mar 19, 2020 5:16:12 PM org.apache.ratis.thirdparty.io.grpc.internal.SerializingExecutor run
SEVERE: Exception while executing runnable org.apache.ratis.thirdparty.io.grpc.internal.ServerImpl$JumpToApplicationThreadServerStreamListener$1Closed@229d37a5
org.apache.ratis.thirdparty.io.grpc.StatusRuntimeException: CANCELLED: call already cancelled
	at org.apache.ratis.thirdparty.io.grpc.Status.asRuntimeException(Status.java:524)
	at org.apache.ratis.thirdparty.io.grpc.stub.ServerCalls$ServerCallStreamObserverImpl.onCompleted(ServerCalls.java:368)
	at org.apache.ratis.grpc.server.GrpcServerProtocolService$ServerRequestStreamObserver.onError(GrpcServerProtocolService.java:145)
	at org.apache.ratis.thirdparty.io.grpc.stub.ServerCalls$StreamingServerCallHandler$StreamingServerCallListener.onCancel(ServerCalls.java:272)
	at org.apache.ratis.thirdparty.io.grpc.internal.ServerCallImpl$ServerStreamListenerImpl.closedInternal(ServerCallImpl.java:353)
	at org.apache.ratis.thirdparty.io.grpc.internal.ServerCallImpl$ServerStreamListenerImpl.closed(ServerCallImpl.java:341)
	at org.apache.ratis.thirdparty.io.grpc.internal.ServerImpl$JumpToApplicationThreadServerStreamListener$1Closed.runInContext(ServerImpl.java:864)
	at org.apache.ratis.thirdparty.io.grpc.internal.ContextRunnable.run(ContextRunnable.java:37)
	at org.apache.ratis.thirdparty.io.grpc.internal.SerializingExecutor.run(SerializingExecutor.java:123)
	at java.util.concurrent.ThreadPoolExecutor.runWorker(ThreadPoolExecutor.java:1149)
	at java.util.concurrent.ThreadPoolExecutor$Worker.run(ThreadPoolExecutor.java:624)
	at java.lang.Thread.run(Thread.java:748)

]]></system-err>
  </testcase>
</testsuite>