<?xml version="1.0" encoding="UTF-8"?>
<testsuite xmlns:xsi="http://www.w3.org/2001/XMLSchema-instance" xsi:noNamespaceSchemaLocation="https://maven.apache.org/surefire/maven-surefire-plugin/xsd/surefire-test-report-3.0.xsd" version="3.0" name="org.apache.hadoop.ozone.client.rpc.TestWatchForCommit" time="35.602" tests="1" errors="0" skipped="0" failures="0">
  <properties>
    <property name="awt.toolkit" value="sun.awt.X11.XToolkit"/>
    <property name="file.encoding.pkg" value="sun.io"/>
    <property name="java.specification.version" value="1.8"/>
    <property name="sun.cpu.isalist" value=""/>
    <property name="sun.jnu.encoding" value="UTF-8"/>
    <property name="gradle.enterprise.listener.surefire.forkId" value="1"/>
    <property name="java.class.path" value="/home/runner/work/ozone/ozone/hadoop-ozone/integration-test/target/test-classes:/home/runner/work/ozone/ozone/hadoop-ozone/integration-test/target/classes:/home/runner/.m2/repository/org/apache/ozone/ozone-common/1.5.0-SNAPSHOT/ozone-common-1.5.0-SNAPSHOT.jar:/home/runner/.m2/repository/io/grpc/grpc-netty/1.58.0/grpc-netty-1.58.0.jar:/home/runner/.m2/repository/io/grpc/grpc-core/1.58.0/grpc-core-1.58.0.jar:/home/runner/.m2/repository/com/google/android/annotations/4.1.1.4/annotations-4.1.1.4.jar:/home/runner/.m2/repository/org/codehaus/mojo/animal-sniffer-annotations/1.23/animal-sniffer-annotations-1.23.jar:/home/runner/.m2/repository/io/grpc/grpc-context/1.58.0/grpc-context-1.58.0.jar:/home/runner/.m2/repository/io/grpc/grpc-util/1.58.0/grpc-util-1.58.0.jar:/home/runner/.m2/repository/com/google/errorprone/error_prone_annotations/2.2.0/error_prone_annotations-2.2.0.jar:/home/runner/.m2/repository/io/perfmark/perfmark-api/0.26.0/perfmark-api-0.26.0.jar:/home/runner/.m2/repository/io/netty/netty-codec-http2/4.1.100.Final/netty-codec-http2-4.1.100.Final.jar:/home/runner/.m2/repository/io/netty/netty-common/4.1.100.Final/netty-common-4.1.100.Final.jar:/home/runner/.m2/repository/io/netty/netty-buffer/4.1.100.Final/netty-buffer-4.1.100.Final.jar:/home/runner/.m2/repository/io/netty/netty-codec-http/4.1.100.Final/netty-codec-http-4.1.100.Final.jar:/home/runner/.m2/repository/io/netty/netty-handler-proxy/4.1.100.Final/netty-handler-proxy-4.1.100.Final.jar:/home/runner/.m2/repository/io/netty/netty-codec-socks/4.1.100.Final/netty-codec-socks-4.1.100.Final.jar:/home/runner/.m2/repository/io/netty/netty-tcnative-boringssl-static/2.0.61.Final/netty-tcnative-boringssl-static-2.0.61.Final.jar:/home/runner/.m2/repository/io/netty/netty-tcnative-classes/2.0.61.Final/netty-tcnative-classes-2.0.61.Final.jar:/home/runner/.m2/repository/io/netty/netty-tcnative-boringssl-static/2.0.61.Final/netty-tcnative-boringssl-static-2.0.61.Final-linux-x86_64.jar:/home/runner/.m2/repository/io/netty/netty-tcnative-boringssl-static/2.0.61.Final/netty-tcnative-boringssl-static-2.0.61.Final-linux-aarch_64.jar:/home/runner/.m2/repository/io/netty/netty-tcnative-boringssl-static/2.0.61.Final/netty-tcnative-boringssl-static-2.0.61.Final-osx-x86_64.jar:/home/runner/.m2/repository/io/netty/netty-tcnative-boringssl-static/2.0.61.Final/netty-tcnative-boringssl-static-2.0.61.Final-osx-aarch_64.jar:/home/runner/.m2/repository/io/netty/netty-tcnative-boringssl-static/2.0.61.Final/netty-tcnative-boringssl-static-2.0.61.Final-windows-x86_64.jar:/home/runner/.m2/repository/org/apache/commons/commons-compress/1.25.0/commons-compress-1.25.0.jar:/home/runner/.m2/repository/org/apache/ozone/hdds-common/1.5.0-SNAPSHOT/hdds-common-1.5.0-SNAPSHOT.jar:/home/runner/.m2/repository/org/apache/ozone/hdds-client/1.5.0-SNAPSHOT/hdds-client-1.5.0-SNAPSHOT.jar:/home/runner/.m2/repository/org/apache/ozone/ozone-interface-client/1.5.0-SNAPSHOT/ozone-interface-client-1.5.0-SNAPSHOT.jar:/home/runner/.m2/repository/org/apache/hadoop/hadoop-hdfs-client/3.3.6/hadoop-hdfs-client-3.3.6.jar:/home/runner/.m2/repository/com/squareup/okhttp3/okhttp/4.12.0/okhttp-4.12.0.jar:/home/runner/.m2/repository/com/squareup/okio/okio/3.6.0/okio-3.6.0.jar:/home/runner/.m2/repository/com/squareup/okio/okio-jvm/3.6.0/okio-jvm-3.6.0.jar:/home/runner/.m2/repository/org/jetbrains/kotlin/kotlin-stdlib-jdk8/1.9.22/kotlin-stdlib-jdk8-1.9.22.jar:/home/runner/.m2/repository/org/jetbrains/kotlin/kotlin-stdlib-jdk7/1.9.22/kotlin-stdlib-jdk7-1.9.22.jar:/home/runner/.m2/repository/org/jetbrains/kotlin/kotlin-stdlib-common/1.9.22/kotlin-stdlib-common-1.9.22.jar:/home/runner/.m2/repository/org/apache/ozone/hdds-test-utils/1.5.0-SNAPSHOT/hdds-test-utils-1.5.0-SNAPSHOT.jar:/home/runner/.m2/repository/org/assertj/assertj-core/3.12.2/assertj-core-3.12.2.jar:/home/runner/.m2/repository/com/google/guava/guava/32.0.0-jre/guava-32.0.0-jre.jar:/home/runner/.m2/repository/com/google/guava/failureaccess/1.0.1/failureaccess-1.0.1.jar:/home/runner/.m2/repository/com/google/guava/listenablefuture/9999.0-empty-to-avoid-conflict-with-guava/listenablefuture-9999.0-empty-to-avoid-conflict-with-guava.jar:/home/runner/.m2/repository/com/google/code/findbugs/jsr305/3.0.0/jsr305-3.0.0.jar:/home/runner/.m2/repository/org/checkerframework/checker-qual/3.33.0/checker-qual-3.33.0.jar:/home/runner/.m2/repository/com/google/j2objc/j2objc-annotations/2.8/j2objc-annotations-2.8.jar:/home/runner/.m2/repository/commons-io/commons-io/2.11.0/commons-io-2.11.0.jar:/home/runner/.m2/repository/commons-logging/commons-logging/1.2/commons-logging-1.2.jar:/home/runner/.m2/repository/org/junit/jupiter/junit-jupiter-api/5.10.1/junit-jupiter-api-5.10.1.jar:/home/runner/.m2/repository/org/opentest4j/opentest4j/1.3.0/opentest4j-1.3.0.jar:/home/runner/.m2/repository/org/junit/platform/junit-platform-commons/1.10.1/junit-platform-commons-1.10.1.jar:/home/runner/.m2/repository/ch/qos/reload4j/reload4j/1.2.25/reload4j-1.2.25.jar:/home/runner/.m2/repository/jakarta/annotation/jakarta.annotation-api/2.1.1/jakarta.annotation-api-2.1.1.jar:/home/runner/.m2/repository/org/slf4j/slf4j-api/2.0.10/slf4j-api-2.0.10.jar:/home/runner/.m2/repository/org/apache/logging/log4j/log4j-api/2.17.1/log4j-api-2.17.1.jar:/home/runner/.m2/repository/org/apache/ozone/hdds-server-scm/1.5.0-SNAPSHOT/hdds-server-scm-1.5.0-SNAPSHOT.jar:/home/runner/.m2/repository/com/google/protobuf/protobuf-java/2.5.0/protobuf-java-2.5.0.jar:/home/runner/.m2/repository/org/apache/ozone/hdds-container-service/1.5.0-SNAPSHOT/hdds-container-service-1.5.0-SNAPSHOT.jar:/home/runner/.m2/repository/org/apache/ozone/hdds-hadoop-dependency-server/1.5.0-SNAPSHOT/hdds-hadoop-dependency-server-1.5.0-SNAPSHOT.jar:/home/runner/.m2/repository/org/apache/hadoop/hadoop-hdfs/3.3.6/hadoop-hdfs-3.3.6.jar:/home/runner/.m2/repository/commons-daemon/commons-daemon/1.0.13/commons-daemon-1.0.13.jar:/home/runner/.m2/repository/org/apache/ozone/hdds-server-framework/1.5.0-SNAPSHOT/hdds-server-framework-1.5.0-SNAPSHOT.jar:/home/runner/.m2/repository/org/bouncycastle/bcprov-jdk15on/1.67/bcprov-jdk15on-1.67.jar:/home/runner/.m2/repository/io/dropwizard/metrics/metrics-core/3.2.4/metrics-core-3.2.4.jar:/home/runner/.m2/repository/org/apache/commons/commons-text/1.11.0/commons-text-1.11.0.jar:/home/runner/.m2/repository/org/apache/ozone/hdds-server-framework/1.5.0-SNAPSHOT/hdds-server-framework-1.5.0-SNAPSHOT-tests.jar:/home/runner/.m2/repository/org/apache/ozone/hdds-interface-server/1.5.0-SNAPSHOT/hdds-interface-server-1.5.0-SNAPSHOT.jar:/home/runner/.m2/repository/org/apache/ozone/hdds-interface-admin/1.5.0-SNAPSHOT/hdds-interface-admin-1.5.0-SNAPSHOT.jar:/home/runner/.m2/repository/org/apache/ozone/hdds-managed-rocksdb/1.5.0-SNAPSHOT/hdds-managed-rocksdb-1.5.0-SNAPSHOT.jar:/home/runner/.m2/repository/org/rocksdb/rocksdbjni/7.7.3/rocksdbjni-7.7.3.jar:/home/runner/.m2/repository/org/slf4j/slf4j-reload4j/2.0.10/slf4j-reload4j-2.0.10.jar:/home/runner/.m2/repository/org/apache/commons/commons-configuration2/2.8.0/commons-configuration2-2.8.0.jar:/home/runner/.m2/repository/commons-fileupload/commons-fileupload/1.5/commons-fileupload-1.5.jar:/home/runner/.m2/repository/org/apache/logging/log4j/log4j-core/2.17.1/log4j-core-2.17.1.jar:/home/runner/.m2/repository/com/lmax/disruptor/3.4.2/disruptor-3.4.2.jar:/home/runner/.m2/repository/org/eclipse/jetty/jetty-util/9.4.53.v20231009/jetty-util-9.4.53.v20231009.jar:/home/runner/.m2/repository/org/eclipse/jetty/jetty-server/9.4.53.v20231009/jetty-server-9.4.53.v20231009.jar:/home/runner/.m2/repository/org/eclipse/jetty/jetty-http/9.4.53.v20231009/jetty-http-9.4.53.v20231009.jar:/home/runner/.m2/repository/org/eclipse/jetty/jetty-io/9.4.53.v20231009/jetty-io-9.4.53.v20231009.jar:/home/runner/.m2/repository/org/eclipse/jetty/jetty-servlet/9.4.53.v20231009/jetty-servlet-9.4.53.v20231009.jar:/home/runner/.m2/repository/org/eclipse/jetty/jetty-security/9.4.53.v20231009/jetty-security-9.4.53.v20231009.jar:/home/runner/.m2/repository/org/eclipse/jetty/jetty-util-ajax/9.4.53.v20231009/jetty-util-ajax-9.4.53.v20231009.jar:/home/runner/.m2/repository/org/eclipse/jetty/jetty-webapp/9.4.53.v20231009/jetty-webapp-9.4.53.v20231009.jar:/home/runner/.m2/repository/org/eclipse/jetty/jetty-xml/9.4.53.v20231009/jetty-xml-9.4.53.v20231009.jar:/home/runner/.m2/repository/org/apache/ratis/ratis-server/3.0.1/ratis-server-3.0.1.jar:/home/runner/.m2/repository/org/apache/ratis/ratis-thirdparty-misc/1.0.5/ratis-thirdparty-misc-1.0.5.jar:/home/runner/.m2/repository/org/apache/ratis/ratis-proto/3.0.1/ratis-proto-3.0.1.jar:/home/runner/.m2/repository/org/apache/ratis/ratis-common/3.0.1/ratis-common-3.0.1.jar:/home/runner/.m2/repository/org/apache/ratis/ratis-client/3.0.1/ratis-client-3.0.1.jar:/home/runner/.m2/repository/org/apache/ratis/ratis-server-api/3.0.1/ratis-server-api-3.0.1.jar:/home/runner/.m2/repository/org/apache/ratis/ratis-metrics-api/3.0.1/ratis-metrics-api-3.0.1.jar:/home/runner/.m2/repository/org/apache/ratis/ratis-metrics-dropwizard3/3.0.1/ratis-metrics-dropwizard3-3.0.1.jar:/home/runner/.m2/repository/io/prometheus/simpleclient_dropwizard/0.16.0/simpleclient_dropwizard-0.16.0.jar:/home/runner/.m2/repository/io/prometheus/simpleclient/0.16.0/simpleclient-0.16.0.jar:/home/runner/.m2/repository/io/prometheus/simpleclient_common/0.16.0/simpleclient_common-0.16.0.jar:/home/runner/.m2/repository/com/fasterxml/jackson/datatype/jackson-datatype-jsr310/2.13.4/jackson-datatype-jsr310-2.13.4.jar:/home/runner/.m2/repository/com/fasterxml/jackson/core/jackson-core/2.13.4/jackson-core-2.13.4.jar:/home/runner/.m2/repository/org/apache/ozone/rocksdb-checkpoint-differ/1.5.0-SNAPSHOT/rocksdb-checkpoint-differ-1.5.0-SNAPSHOT.jar:/home/runner/.m2/repository/org/jgrapht/jgrapht-core/1.0.1/jgrapht-core-1.0.1.jar:/home/runner/.m2/repository/org/jgrapht/jgrapht-ext/1.0.1/jgrapht-ext-1.0.1.jar:/home/runner/.m2/repository/org/tinyjee/jgraphx/jgraphx/2.0.0.1/jgraphx-2.0.0.1.jar:/home/runner/.m2/repository/jgraph/jgraph/5.13.0.0/jgraph-5.13.0.0.jar:/home/runner/.m2/repository/org/antlr/antlr4-runtime/4.5.3/antlr4-runtime-4.5.3.jar:/home/runner/.m2/repository/org/apache/ozone/ozone-manager/1.5.0-SNAPSHOT/ozone-manager-1.5.0-SNAPSHOT.jar:/home/runner/.m2/repository/org/aspectj/aspectjrt/1.9.7/aspectjrt-1.9.7.jar:/home/runner/.m2/repository/org/aspectj/aspectjweaver/1.9.7/aspectjweaver-1.9.7.jar:/home/runner/.m2/repository/org/apache/ozone/hdds-interface-client/1.5.0-SNAPSHOT/hdds-interface-client-1.5.0-SNAPSHOT.jar:/home/runner/.m2/repository/org/apache/hadoop/thirdparty/hadoop-shaded-protobuf_3_7/1.1.1/hadoop-shaded-protobuf_3_7-1.1.1.jar:/home/runner/.m2/repository/org/apache/ozone/ozone-interface-storage/1.5.0-SNAPSHOT/ozone-interface-storage-1.5.0-SNAPSHOT.jar:/home/runner/.m2/repository/org/reflections/reflections/0.9.11/reflections-0.9.11.jar:/home/runner/.m2/repository/com/sun/jersey/jersey-client/1.19.4/jersey-client-1.19.4.jar:/home/runner/.m2/repository/org/codehaus/jackson/jackson-core-asl/1.9.13/jackson-core-asl-1.9.13.jar:/home/runner/.m2/repository/org/codehaus/jackson/jackson-mapper-asl/1.9.13/jackson-mapper-asl-1.9.13.jar:/home/runner/.m2/repository/org/codehaus/jackson/jackson-jaxrs/1.9.13/jackson-jaxrs-1.9.13.jar:/home/runner/.m2/repository/org/apache/ranger/ranger-intg/2.3.0/ranger-intg-2.3.0.jar:/home/runner/.m2/repository/org/apache/ranger/ranger-plugins-common/2.3.0/ranger-plugins-common-2.3.0.jar:/home/runner/.m2/repository/commons-lang/commons-lang/2.6/commons-lang-2.6.jar:/home/runner/.m2/repository/org/apache/ranger/ranger-plugins-cred/2.3.0/ranger-plugins-cred-2.3.0.jar:/home/runner/.m2/repository/org/apache/ranger/ranger-plugins-audit/2.3.0/ranger-plugins-audit-2.3.0.jar:/home/runner/.m2/repository/org/eclipse/jetty/jetty-client/9.4.53.v20231009/jetty-client-9.4.53.v20231009.jar:/home/runner/.m2/repository/org/apache/httpcomponents/httpmime/4.5.6/httpmime-4.5.6.jar:/home/runner/.m2/repository/org/apache/httpcomponents/httpcore-nio/4.4.16/httpcore-nio-4.4.16.jar:/home/runner/.m2/repository/org/apache/httpcomponents/httpasyncclient/4.1.3/httpasyncclient-4.1.3.jar:/home/runner/.m2/repository/com/carrotsearch/hppc/0.8.0/hppc-0.8.0.jar:/home/runner/.m2/repository/org/apache/orc/orc-core/1.5.8/orc-core-1.5.8.jar:/home/runner/.m2/repository/net/java/dev/jna/jna/5.2.0/jna-5.2.0.jar:/home/runner/.m2/repository/net/java/dev/jna/jna-platform/5.2.0/jna-platform-5.2.0.jar:/home/runner/.m2/repository/com/kstruct/gethostname4j/0.0.2/gethostname4j-0.0.2.jar:/home/runner/.m2/repository/org/apache/ranger/ranger-plugin-classloader/2.3.0/ranger-plugin-classloader-2.3.0.jar:/home/runner/.m2/repository/org/apache/ozone/hdds-rocks-native/1.5.0-SNAPSHOT/hdds-rocks-native-1.5.0-SNAPSHOT.jar:/home/runner/.m2/repository/org/apache/hadoop/hadoop-minikdc/3.3.6/hadoop-minikdc-3.3.6.jar:/home/runner/.m2/repository/org/apache/kerby/kerb-simplekdc/1.0.1/kerb-simplekdc-1.0.1.jar:/home/runner/.m2/repository/org/apache/kerby/kerb-client/1.0.1/kerb-client-1.0.1.jar:/home/runner/.m2/repository/org/apache/kerby/kerby-config/1.0.1/kerby-config-1.0.1.jar:/home/runner/.m2/repository/org/apache/kerby/kerb-common/1.0.1/kerb-common-1.0.1.jar:/home/runner/.m2/repository/org/apache/kerby/kerb-crypto/1.0.1/kerb-crypto-1.0.1.jar:/home/runner/.m2/repository/org/apache/kerby/kerb-util/1.0.1/kerb-util-1.0.1.jar:/home/runner/.m2/repository/org/apache/kerby/token-provider/1.0.1/token-provider-1.0.1.jar:/home/runner/.m2/repository/org/apache/kerby/kerb-admin/1.0.1/kerb-admin-1.0.1.jar:/home/runner/.m2/repository/org/apache/kerby/kerb-server/1.0.1/kerb-server-1.0.1.jar:/home/runner/.m2/repository/org/apache/kerby/kerb-identity/1.0.1/kerb-identity-1.0.1.jar:/home/runner/.m2/repository/org/apache/kerby/kerby-xdr/1.0.1/kerby-xdr-1.0.1.jar:/home/runner/.m2/repository/junit/junit/4.13.2/junit-4.13.2.jar:/home/runner/.m2/repository/org/hamcrest/hamcrest-core/1.3/hamcrest-core-1.3.jar:/home/runner/.m2/repository/org/apache/ozone/ozone-s3gateway/1.5.0-SNAPSHOT/ozone-s3gateway-1.5.0-SNAPSHOT.jar:/home/runner/.m2/repository/org/javassist/javassist/3.21.0-GA/javassist-3.21.0-GA.jar:/home/runner/.m2/repository/org/jboss/weld/servlet/weld-servlet-shaded/3.1.9.Final/weld-servlet-shaded-3.1.9.Final.jar:/home/runner/.m2/repository/org/glassfish/jersey/containers/jersey-container-servlet-core/2.41/jersey-container-servlet-core-2.41.jar:/home/runner/.m2/repository/org/glassfish/hk2/external/jakarta.inject/2.6.1/jakarta.inject-2.6.1.jar:/home/runner/.m2/repository/org/glassfish/jersey/core/jersey-common/2.41/jersey-common-2.41.jar:/home/runner/.m2/repository/jakarta/ws/rs/jakarta.ws.rs-api/2.1.6/jakarta.ws.rs-api-2.1.6.jar:/home/runner/.m2/repository/org/glassfish/jersey/ext/cdi/jersey-cdi1x/2.41/jersey-cdi1x-2.41.jar:/home/runner/.m2/repository/org/glassfish/jersey/inject/jersey-hk2/2.41/jersey-hk2-2.41.jar:/home/runner/.m2/repository/org/glassfish/hk2/hk2-locator/2.6.1/hk2-locator-2.6.1.jar:/home/runner/.m2/repository/org/glassfish/jersey/media/jersey-media-jaxb/2.41/jersey-media-jaxb-2.41.jar:/home/runner/.m2/repository/org/glassfish/hk2/osgi-resource-locator/1.0.3/osgi-resource-locator-1.0.3.jar:/home/runner/.m2/repository/org/glassfish/hk2/hk2-api/2.6.1/hk2-api-2.6.1.jar:/home/runner/.m2/repository/org/glassfish/hk2/hk2-utils/2.6.1/hk2-utils-2.6.1.jar:/home/runner/.m2/repository/org/glassfish/hk2/external/aopalliance-repackaged/2.6.1/aopalliance-repackaged-2.6.1.jar:/home/runner/.m2/repository/com/fasterxml/jackson/dataformat/jackson-dataformat-xml/2.13.4/jackson-dataformat-xml-2.13.4.jar:/home/runner/.m2/repository/org/codehaus/woodstox/stax2-api/4.2.2/stax2-api-4.2.2.jar:/home/runner/.m2/repository/com/fasterxml/woodstox/woodstox-core/5.4.0/woodstox-core-5.4.0.jar:/home/runner/.m2/repository/com/fasterxml/jackson/module/jackson-module-jaxb-annotations/2.13.4/jackson-module-jaxb-annotations-2.13.4.jar:/home/runner/.m2/repository/javax/enterprise/cdi-api/2.0/cdi-api-2.0.jar:/home/runner/.m2/repository/javax/el/javax.el-api/3.0.0/javax.el-api-3.0.0.jar:/home/runner/.m2/repository/javax/interceptor/javax.interceptor-api/1.2/javax.interceptor-api-1.2.jar:/home/runner/.m2/repository/javax/inject/javax.inject/1/javax.inject-1.jar:/home/runner/.m2/repository/jakarta/xml/bind/jakarta.xml.bind-api/2.3.3/jakarta.xml.bind-api-2.3.3.jar:/home/runner/.m2/repository/org/glassfish/jaxb/jaxb-runtime/2.3.9/jaxb-runtime-2.3.9.jar:/home/runner/.m2/repository/org/glassfish/jaxb/txw2/2.3.9/txw2-2.3.9.jar:/home/runner/.m2/repository/com/sun/istack/istack-commons-runtime/3.0.12/istack-commons-runtime-3.0.12.jar:/home/runner/.m2/repository/com/sun/activation/jakarta.activation/1.2.2/jakarta.activation-1.2.2.jar:/home/runner/.m2/repository/jakarta/activation/jakarta.activation-api/1.2.2/jakarta.activation-api-1.2.2.jar:/home/runner/.m2/repository/io/grpc/grpc-protobuf/1.58.0/grpc-protobuf-1.58.0.jar:/home/runner/.m2/repository/com/google/api/grpc/proto-google-common-protos/2.22.0/proto-google-common-protos-2.22.0.jar:/home/runner/.m2/repository/io/grpc/grpc-protobuf-lite/1.58.0/grpc-protobuf-lite-1.58.0.jar:/home/runner/.m2/repository/io/grpc/grpc-stub/1.58.0/grpc-stub-1.58.0.jar:/home/runner/.m2/repository/io/netty/netty-transport/4.1.100.Final/netty-transport-4.1.100.Final.jar:/home/runner/.m2/repository/io/netty/netty-resolver/4.1.100.Final/netty-resolver-4.1.100.Final.jar:/home/runner/.m2/repository/org/apache/ozone/ozone-csi/1.5.0-SNAPSHOT/ozone-csi-1.5.0-SNAPSHOT.jar:/home/runner/.m2/repository/com/google/protobuf/protobuf-java-util/3.19.6/protobuf-java-util-3.19.6.jar:/home/runner/.m2/repository/com/google/code/gson/gson/2.9.0/gson-2.9.0.jar:/home/runner/.m2/repository/org/apache/ozone/hdds-config/1.5.0-SNAPSHOT/hdds-config-1.5.0-SNAPSHOT.jar:/home/runner/.m2/repository/io/netty/netty-transport-native-epoll/4.1.100.Final/netty-transport-native-epoll-4.1.100.Final-linux-x86_64.jar:/home/runner/.m2/repository/io/netty/netty-transport-classes-epoll/4.1.100.Final/netty-transport-classes-epoll-4.1.100.Final.jar:/home/runner/.m2/repository/io/netty/netty-transport-native-unix-common/4.1.100.Final/netty-transport-native-unix-common-4.1.100.Final.jar:/home/runner/.m2/repository/org/apache/ozone/ozone-recon/1.5.0-SNAPSHOT/ozone-recon-1.5.0-SNAPSHOT.jar:/home/runner/.m2/repository/org/apache/ozone/ozone-reconcodegen/1.5.0-SNAPSHOT/ozone-reconcodegen-1.5.0-SNAPSHOT.jar:/home/runner/.m2/repository/com/google/inject/guice/5.1.0/guice-5.1.0.jar:/home/runner/.m2/repository/aopalliance/aopalliance/1.0/aopalliance-1.0.jar:/home/runner/.m2/repository/com/google/inject/extensions/guice-assistedinject/5.1.0/guice-assistedinject-5.1.0.jar:/home/runner/.m2/repository/com/google/inject/extensions/guice-servlet/5.1.0/guice-servlet-5.1.0.jar:/home/runner/.m2/repository/org/glassfish/jersey/containers/jersey-container-servlet/2.41/jersey-container-servlet-2.41.jar:/home/runner/.m2/repository/org/glassfish/hk2/guice-bridge/2.6.1/guice-bridge-2.6.1.jar:/home/runner/.m2/repository/org/glassfish/jersey/core/jersey-server/2.41/jersey-server-2.41.jar:/home/runner/.m2/repository/org/glassfish/jersey/core/jersey-client/2.41/jersey-client-2.41.jar:/home/runner/.m2/repository/jakarta/validation/jakarta.validation-api/2.0.2/jakarta.validation-api-2.0.2.jar:/home/runner/.m2/repository/org/glassfish/jersey/media/jersey-media-json-jackson/2.41/jersey-media-json-jackson-2.41.jar:/home/runner/.m2/repository/org/glassfish/jersey/ext/jersey-entity-filtering/2.41/jersey-entity-filtering-2.41.jar:/home/runner/.m2/repository/org/jooq/jooq/3.11.10/jooq-3.11.10.jar:/home/runner/.m2/repository/org/jooq/jooq-meta/3.11.10/jooq-meta-3.11.10.jar:/home/runner/.m2/repository/org/jooq/jooq-codegen/3.11.10/jooq-codegen-3.11.10.jar:/home/runner/.m2/repository/com/jolbox/bonecp/0.8.0.RELEASE/bonecp-0.8.0.RELEASE.jar:/home/runner/.m2/repository/org/apache/derby/derby/10.14.2.0/derby-10.14.2.0.jar:/home/runner/.m2/repository/org/xerial/sqlite-jdbc/3.44.1.0/sqlite-jdbc-3.44.1.0.jar:/home/runner/.m2/repository/org/springframework/spring-jdbc/5.3.27/spring-jdbc-5.3.27.jar:/home/runner/.m2/repository/org/springframework/spring-beans/5.3.27/spring-beans-5.3.27.jar:/home/runner/.m2/repository/org/springframework/spring-core/5.3.27/spring-core-5.3.27.jar:/home/runner/.m2/repository/org/springframework/spring-tx/5.3.27/spring-tx-5.3.27.jar:/home/runner/.m2/repository/org/apache/ozone/ozone-client/1.5.0-SNAPSHOT/ozone-client-1.5.0-SNAPSHOT.jar:/home/runner/.m2/repository/org/apache/ozone/hdds-erasurecode/1.5.0-SNAPSHOT/hdds-erasurecode-1.5.0-SNAPSHOT.jar:/home/runner/.m2/repository/org/apache/ozone/ozone-filesystem/1.5.0-SNAPSHOT/ozone-filesystem-1.5.0-SNAPSHOT.jar:/home/runner/.m2/repository/org/apache/ozone/ozone-filesystem-common/1.5.0-SNAPSHOT/ozone-filesystem-common-1.5.0-SNAPSHOT.jar:/home/runner/.m2/repository/org/apache/ozone/ozone-tools/1.5.0-SNAPSHOT/ozone-tools-1.5.0-SNAPSHOT.jar:/home/runner/.m2/repository/com/amazonaws/aws-java-sdk-core/1.12.632/aws-java-sdk-core-1.12.632.jar:/home/runner/.m2/repository/org/apache/httpcomponents/httpclient/4.5.13/httpclient-4.5.13.jar:/home/runner/.m2/repository/org/apache/httpcomponents/httpcore/4.4.16/httpcore-4.4.16.jar:/home/runner/.m2/repository/software/amazon/ion/ion-java/1.0.2/ion-java-1.0.2.jar:/home/runner/.m2/repository/com/fasterxml/jackson/dataformat/jackson-dataformat-cbor/2.13.4/jackson-dataformat-cbor-2.13.4.jar:/home/runner/.m2/repository/joda-time/joda-time/2.12.5/joda-time-2.12.5.jar:/home/runner/.m2/repository/com/amazonaws/aws-java-sdk-s3/1.12.632/aws-java-sdk-s3-1.12.632.jar:/home/runner/.m2/repository/com/amazonaws/aws-java-sdk-kms/1.12.632/aws-java-sdk-kms-1.12.632.jar:/home/runner/.m2/repository/com/amazonaws/jmespath-java/1.12.632/jmespath-java-1.12.632.jar:/home/runner/.m2/repository/org/kohsuke/metainf-services/metainf-services/1.8/metainf-services-1.8.jar:/home/runner/.m2/repository/org/apache/ozone/hdds-tools/1.5.0-SNAPSHOT/hdds-tools-1.5.0-SNAPSHOT.jar:/home/runner/.m2/repository/org/apache/ratis/ratis-tools/3.0.1/ratis-tools-3.0.1.jar:/home/runner/.m2/repository/commons-cli/commons-cli/1.6.0/commons-cli-1.6.0.jar:/home/runner/.m2/repository/org/apache/commons/commons-lang3/3.14.0/commons-lang3-3.14.0.jar:/home/runner/.m2/repository/org/apache/ozone/ozone-manager/1.5.0-SNAPSHOT/ozone-manager-1.5.0-SNAPSHOT-tests.jar:/home/runner/.m2/repository/org/apache/ozone/hdds-common/1.5.0-SNAPSHOT/hdds-common-1.5.0-SNAPSHOT-tests.jar:/home/runner/.m2/repository/org/apache/ozone/hdds-hadoop-dependency-client/1.5.0-SNAPSHOT/hdds-hadoop-dependency-client-1.5.0-SNAPSHOT.jar:/home/runner/.m2/repository/info/picocli/picocli/4.7.5/picocli-4.7.5.jar:/home/runner/.m2/repository/com/fasterxml/jackson/core/jackson-annotations/2.13.4/jackson-annotations-2.13.4.jar:/home/runner/.m2/repository/org/apache/ozone/hdds-annotation-processing/1.5.0-SNAPSHOT/hdds-annotation-processing-1.5.0-SNAPSHOT.jar:/home/runner/.m2/repository/javax/annotation/javax.annotation-api/1.3.2/javax.annotation-api-1.3.2.jar:/home/runner/.m2/repository/org/apache/ratis/ratis-netty/3.0.1/ratis-netty-3.0.1.jar:/home/runner/.m2/repository/org/apache/ratis/ratis-grpc/3.0.1/ratis-grpc-3.0.1.jar:/home/runner/.m2/repository/org/apache/commons/commons-pool2/2.6.0/commons-pool2-2.6.0.jar:/home/runner/.m2/repository/org/bouncycastle/bcpkix-jdk15on/1.67/bcpkix-jdk15on-1.67.jar:/home/runner/.m2/repository/commons-validator/commons-validator/1.6/commons-validator-1.6.jar:/home/runner/.m2/repository/commons-beanutils/commons-beanutils/1.9.4/commons-beanutils-1.9.4.jar:/home/runner/.m2/repository/commons-digester/commons-digester/1.8.1/commons-digester-1.8.1.jar:/home/runner/.m2/repository/commons-collections/commons-collections/3.2.2/commons-collections-3.2.2.jar:/home/runner/.m2/repository/io/jaegertracing/jaeger-client/1.6.0/jaeger-client-1.6.0.jar:/home/runner/.m2/repository/io/jaegertracing/jaeger-thrift/1.6.0/jaeger-thrift-1.6.0.jar:/home/runner/.m2/repository/org/apache/thrift/libthrift/0.14.1/libthrift-0.14.1.jar:/home/runner/.m2/repository/io/jaegertracing/jaeger-core/1.6.0/jaeger-core-1.6.0.jar:/home/runner/.m2/repository/io/jaegertracing/jaeger-tracerresolver/1.6.0/jaeger-tracerresolver-1.6.0.jar:/home/runner/.m2/repository/io/opentracing/contrib/opentracing-tracerresolver/0.1.8/opentracing-tracerresolver-0.1.8.jar:/home/runner/.m2/repository/org/jetbrains/kotlin/kotlin-stdlib/1.9.22/kotlin-stdlib-1.9.22.jar:/home/runner/.m2/repository/org/jetbrains/annotations/13.0/annotations-13.0.jar:/home/runner/.m2/repository/io/opentracing/opentracing-util/0.33.0/opentracing-util-0.33.0.jar:/home/runner/.m2/repository/io/opentracing/opentracing-api/0.33.0/opentracing-api-0.33.0.jar:/home/runner/.m2/repository/io/opentracing/opentracing-noop/0.33.0/opentracing-noop-0.33.0.jar:/home/runner/.m2/repository/org/yaml/snakeyaml/2.0/snakeyaml-2.0.jar:/home/runner/.m2/repository/io/grpc/grpc-api/1.58.0/grpc-api-1.58.0.jar:/home/runner/.m2/repository/org/junit/jupiter/junit-jupiter-engine/5.10.1/junit-jupiter-engine-5.10.1.jar:/home/runner/.m2/repository/org/junit/platform/junit-platform-engine/1.10.1/junit-platform-engine-1.10.1.jar:/home/runner/.m2/repository/org/apiguardian/apiguardian-api/1.1.2/apiguardian-api-1.1.2.jar:/home/runner/.m2/repository/org/junit/platform/junit-platform-launcher/1.10.1/junit-platform-launcher-1.10.1.jar:/home/runner/.m2/repository/org/apache/hadoop/hadoop-kms/3.3.6/hadoop-kms-3.3.6.jar:/home/runner/.m2/repository/org/apache/hadoop/hadoop-auth/3.3.6/hadoop-auth-3.3.6.jar:/home/runner/.m2/repository/com/nimbusds/nimbus-jose-jwt/9.8.1/nimbus-jose-jwt-9.8.1.jar:/home/runner/.m2/repository/com/github/stephenc/jcip/jcip-annotations/1.0-1/jcip-annotations-1.0-1.jar:/home/runner/.m2/repository/org/apache/zookeeper/zookeeper/3.7.2/zookeeper-3.7.2.jar:/home/runner/.m2/repository/org/apache/zookeeper/zookeeper-jute/3.7.2/zookeeper-jute-3.7.2.jar:/home/runner/.m2/repository/org/apache/yetus/audience-annotations/0.12.0/audience-annotations-0.12.0.jar:/home/runner/.m2/repository/org/apache/curator/curator-framework/4.2.0/curator-framework-4.2.0.jar:/home/runner/.m2/repository/org/apache/hadoop/thirdparty/hadoop-shaded-guava/1.1.1/hadoop-shaded-guava-1.1.1.jar:/home/runner/.m2/repository/com/sun/jersey/jersey-core/1.19.4/jersey-core-1.19.4.jar:/home/runner/.m2/repository/javax/ws/rs/jsr311-api/1.1.1/jsr311-api-1.1.1.jar:/home/runner/.m2/repository/com/sun/jersey/jersey-server/1.19.4/jersey-server-1.19.4.jar:/home/runner/.m2/repository/javax/servlet/javax.servlet-api/3.1.0/javax.servlet-api-3.1.0.jar:/home/runner/.m2/repository/org/apache/hadoop/hadoop-common/3.3.6/hadoop-common-3.3.6.jar:/home/runner/.m2/repository/org/apache/commons/commons-math3/3.6.1/commons-math3-3.6.1.jar:/home/runner/.m2/repository/commons-net/commons-net/3.10.0/commons-net-3.10.0.jar:/home/runner/.m2/repository/com/sun/jersey/jersey-servlet/1.19.4/jersey-servlet-1.19.4.jar:/home/runner/.m2/repository/com/github/pjfanning/jersey-json/1.20/jersey-json-1.20.jar:/home/runner/.m2/repository/org/codehaus/jettison/jettison/1.1/jettison-1.1.jar:/home/runner/.m2/repository/com/sun/xml/bind/jaxb-impl/2.2.3-1/jaxb-impl-2.2.3-1.jar:/home/runner/.m2/repository/com/google/re2j/re2j/1.7/re2j-1.7.jar:/home/runner/.m2/repository/com/jcraft/jsch/0.1.54/jsch-0.1.54.jar:/home/runner/.m2/repository/org/apache/curator/curator-client/4.2.0/curator-client-4.2.0.jar:/home/runner/.m2/repository/org/apache/curator/curator-recipes/5.2.0/curator-recipes-5.2.0.jar:/home/runner/.m2/repository/org/apache/kerby/kerb-core/1.0.1/kerb-core-1.0.1.jar:/home/runner/.m2/repository/org/apache/kerby/kerby-pkix/1.0.1/kerby-pkix-1.0.1.jar:/home/runner/.m2/repository/org/apache/kerby/kerby-asn1/1.0.1/kerby-asn1-1.0.1.jar:/home/runner/.m2/repository/org/apache/kerby/kerby-util/1.0.1/kerby-util-1.0.1.jar:/home/runner/.m2/repository/dnsjava/dnsjava/2.1.7/dnsjava-2.1.7.jar:/home/runner/.m2/repository/org/xerial/snappy/snappy-java/1.1.8.2/snappy-java-1.1.8.2.jar:/home/runner/.m2/repository/com/fasterxml/jackson/core/jackson-databind/2.13.4.2/jackson-databind-2.13.4.2.jar:/home/runner/.m2/repository/org/apache/hadoop/hadoop-kms/3.3.6/hadoop-kms-3.3.6-tests.jar:/home/runner/.m2/repository/org/apache/ozone/hdds-server-scm/1.5.0-SNAPSHOT/hdds-server-scm-1.5.0-SNAPSHOT-tests.jar:/home/runner/.m2/repository/org/apache/ozone/hdds-container-service/1.5.0-SNAPSHOT/hdds-container-service-1.5.0-SNAPSHOT-tests.jar:/home/runner/.m2/repository/com/github/luben/zstd-jni/1.5.2-5/zstd-jni-1.5.2-5.jar:/home/runner/.m2/repository/commons-codec/commons-codec/1.15/commons-codec-1.15.jar:/home/runner/.m2/repository/io/netty/netty-codec/4.1.100.Final/netty-codec-4.1.100.Final.jar:/home/runner/.m2/repository/io/netty/netty-handler/4.1.100.Final/netty-handler-4.1.100.Final.jar:/home/runner/.m2/repository/org/apache/ozone/hdds-hadoop-dependency-test/1.5.0-SNAPSHOT/hdds-hadoop-dependency-test-1.5.0-SNAPSHOT.jar:/home/runner/.m2/repository/org/apache/hadoop/hadoop-common/3.3.6/hadoop-common-3.3.6-tests.jar:/home/runner/.m2/repository/org/apache/hadoop/hadoop-hdfs/3.3.6/hadoop-hdfs-3.3.6-tests.jar:/home/runner/.m2/repository/org/junit/jupiter/junit-jupiter-params/5.10.1/junit-jupiter-params-5.10.1.jar:/home/runner/.m2/repository/org/mockito/mockito-core/4.11.0/mockito-core-4.11.0.jar:/home/runner/.m2/repository/net/bytebuddy/byte-buddy/1.12.19/byte-buddy-1.12.19.jar:/home/runner/.m2/repository/net/bytebuddy/byte-buddy-agent/1.12.19/byte-buddy-agent-1.12.19.jar:/home/runner/.m2/repository/org/objenesis/objenesis/1.0/objenesis-1.0.jar:/home/runner/.m2/repository/org/mockito/mockito-junit-jupiter/4.11.0/mockito-junit-jupiter-4.11.0.jar:/home/runner/.m2/repository/org/apache/hadoop/hadoop-distcp/3.3.6/hadoop-distcp-3.3.6.jar:/home/runner/.m2/repository/org/apache/hadoop/hadoop-mapreduce-client-jobclient/3.3.6/hadoop-mapreduce-client-jobclient-3.3.6.jar:/home/runner/.m2/repository/org/apache/hadoop/hadoop-mapreduce-client-common/3.3.6/hadoop-mapreduce-client-common-3.3.6.jar:/home/runner/.m2/repository/org/apache/hadoop/hadoop-yarn-common/3.3.6/hadoop-yarn-common-3.3.6.jar:/home/runner/.m2/repository/org/apache/hadoop/hadoop-yarn-api/3.3.6/hadoop-yarn-api-3.3.6.jar:/home/runner/.m2/repository/javax/xml/bind/jaxb-api/2.2.11/jaxb-api-2.2.11.jar:/home/runner/.m2/repository/com/sun/jersey/contribs/jersey-guice/1.19.4/jersey-guice-1.19.4.jar:/home/runner/.m2/repository/com/fasterxml/jackson/jaxrs/jackson-jaxrs-json-provider/2.13.4/jackson-jaxrs-json-provider-2.13.4.jar:/home/runner/.m2/repository/com/fasterxml/jackson/jaxrs/jackson-jaxrs-base/2.13.4/jackson-jaxrs-base-2.13.4.jar:/home/runner/.m2/repository/org/apache/hadoop/hadoop-yarn-client/3.3.6/hadoop-yarn-client-3.3.6.jar:/home/runner/.m2/repository/org/eclipse/jetty/websocket/websocket-client/9.4.51.v20230217/websocket-client-9.4.51.v20230217.jar:/home/runner/.m2/repository/org/eclipse/jetty/websocket/websocket-common/9.4.51.v20230217/websocket-common-9.4.51.v20230217.jar:/home/runner/.m2/repository/org/eclipse/jetty/websocket/websocket-api/9.4.51.v20230217/websocket-api-9.4.51.v20230217.jar:/home/runner/.m2/repository/org/jline/jline/3.9.0/jline-3.9.0.jar:/home/runner/.m2/repository/org/apache/hadoop/hadoop-mapreduce-client-core/3.3.6/hadoop-mapreduce-client-core-3.3.6.jar:/home/runner/.m2/repository/org/apache/avro/avro/1.7.7/avro-1.7.7.jar:/home/runner/.m2/repository/com/thoughtworks/paranamer/paranamer/2.3/paranamer-2.3.jar:/home/runner/.m2/repository/org/apache/hadoop/hadoop-annotations/3.3.6/hadoop-annotations-3.3.6.jar:/usr/lib/jvm/temurin-8-jdk-amd64/jre/../lib/tools.jar:/home/runner/.m2/repository/io/netty/netty/3.10.6.Final/netty-3.10.6.Final.jar:/home/runner/.m2/repository/org/apache/hadoop/hadoop-distcp/3.3.6/hadoop-distcp-3.3.6-tests.jar:/home/runner/.m2/repository/org/hamcrest/hamcrest/2.2/hamcrest-2.2.jar:/home/runner/.m2/repository/org/slf4j/jul-to-slf4j/2.0.10/jul-to-slf4j-2.0.10.jar:/home/runner/work/ozone/ozone/hadoop-ozone/integration-test/target/gradle-enterprise/test-listeners.jar:"/>
    <property name="java.vm.vendor" value="Temurin"/>
    <property name="sun.arch.data.model" value="64"/>
    <property name="test.build.dir" value="/home/runner/work/ozone/ozone/hadoop-ozone/integration-test/target/test-dir"/>
    <property name="test.cache.data" value=""/>
    <property name="java.vendor.url" value="https://adoptium.net/"/>
    <property name="user.timezone" value="Etc/UTC"/>
    <property name="maven-surefire-plugin.argLineAccessArgs" value=""/>
    <property name="os.name" value="Linux"/>
    <property name="java.vm.specification.version" value="1.8"/>
    <property name="test.build.data" value="/home/runner/work/ozone/ozone/hadoop-ozone/integration-test/target/test-dir"/>
    <property name="sun.java.launcher" value="SUN_STANDARD"/>
    <property name="sun.boot.library.path" value="/usr/lib/jvm/temurin-8-jdk-amd64/jre/lib/amd64"/>
    <property name="sun.java.command" value="/home/runner/work/ozone/ozone/hadoop-ozone/integration-test/target/surefire/surefirebooter8458840265863474472.jar /home/runner/work/ozone/ozone/hadoop-ozone/integration-test/target/surefire 2024-01-29T07-30-36_188-jvmRun1 surefire3822472397418721963tmp surefire_11556985497883590286tmp"/>
    <property name="native.lib.tmp.dir" value="/tmp"/>
    <property name="surefire.test.class.path" value="/home/runner/work/ozone/ozone/hadoop-ozone/integration-test/target/test-classes:/home/runner/work/ozone/ozone/hadoop-ozone/integration-test/target/classes:/home/runner/.m2/repository/org/apache/ozone/ozone-common/1.5.0-SNAPSHOT/ozone-common-1.5.0-SNAPSHOT.jar:/home/runner/.m2/repository/io/grpc/grpc-netty/1.58.0/grpc-netty-1.58.0.jar:/home/runner/.m2/repository/io/grpc/grpc-core/1.58.0/grpc-core-1.58.0.jar:/home/runner/.m2/repository/com/google/android/annotations/4.1.1.4/annotations-4.1.1.4.jar:/home/runner/.m2/repository/org/codehaus/mojo/animal-sniffer-annotations/1.23/animal-sniffer-annotations-1.23.jar:/home/runner/.m2/repository/io/grpc/grpc-context/1.58.0/grpc-context-1.58.0.jar:/home/runner/.m2/repository/io/grpc/grpc-util/1.58.0/grpc-util-1.58.0.jar:/home/runner/.m2/repository/com/google/errorprone/error_prone_annotations/2.2.0/error_prone_annotations-2.2.0.jar:/home/runner/.m2/repository/io/perfmark/perfmark-api/0.26.0/perfmark-api-0.26.0.jar:/home/runner/.m2/repository/io/netty/netty-codec-http2/4.1.100.Final/netty-codec-http2-4.1.100.Final.jar:/home/runner/.m2/repository/io/netty/netty-common/4.1.100.Final/netty-common-4.1.100.Final.jar:/home/runner/.m2/repository/io/netty/netty-buffer/4.1.100.Final/netty-buffer-4.1.100.Final.jar:/home/runner/.m2/repository/io/netty/netty-codec-http/4.1.100.Final/netty-codec-http-4.1.100.Final.jar:/home/runner/.m2/repository/io/netty/netty-handler-proxy/4.1.100.Final/netty-handler-proxy-4.1.100.Final.jar:/home/runner/.m2/repository/io/netty/netty-codec-socks/4.1.100.Final/netty-codec-socks-4.1.100.Final.jar:/home/runner/.m2/repository/io/netty/netty-tcnative-boringssl-static/2.0.61.Final/netty-tcnative-boringssl-static-2.0.61.Final.jar:/home/runner/.m2/repository/io/netty/netty-tcnative-classes/2.0.61.Final/netty-tcnative-classes-2.0.61.Final.jar:/home/runner/.m2/repository/io/netty/netty-tcnative-boringssl-static/2.0.61.Final/netty-tcnative-boringssl-static-2.0.61.Final-linux-x86_64.jar:/home/runner/.m2/repository/io/netty/netty-tcnative-boringssl-static/2.0.61.Final/netty-tcnative-boringssl-static-2.0.61.Final-linux-aarch_64.jar:/home/runner/.m2/repository/io/netty/netty-tcnative-boringssl-static/2.0.61.Final/netty-tcnative-boringssl-static-2.0.61.Final-osx-x86_64.jar:/home/runner/.m2/repository/io/netty/netty-tcnative-boringssl-static/2.0.61.Final/netty-tcnative-boringssl-static-2.0.61.Final-osx-aarch_64.jar:/home/runner/.m2/repository/io/netty/netty-tcnative-boringssl-static/2.0.61.Final/netty-tcnative-boringssl-static-2.0.61.Final-windows-x86_64.jar:/home/runner/.m2/repository/org/apache/commons/commons-compress/1.25.0/commons-compress-1.25.0.jar:/home/runner/.m2/repository/org/apache/ozone/hdds-common/1.5.0-SNAPSHOT/hdds-common-1.5.0-SNAPSHOT.jar:/home/runner/.m2/repository/org/apache/ozone/hdds-client/1.5.0-SNAPSHOT/hdds-client-1.5.0-SNAPSHOT.jar:/home/runner/.m2/repository/org/apache/ozone/ozone-interface-client/1.5.0-SNAPSHOT/ozone-interface-client-1.5.0-SNAPSHOT.jar:/home/runner/.m2/repository/org/apache/hadoop/hadoop-hdfs-client/3.3.6/hadoop-hdfs-client-3.3.6.jar:/home/runner/.m2/repository/com/squareup/okhttp3/okhttp/4.12.0/okhttp-4.12.0.jar:/home/runner/.m2/repository/com/squareup/okio/okio/3.6.0/okio-3.6.0.jar:/home/runner/.m2/repository/com/squareup/okio/okio-jvm/3.6.0/okio-jvm-3.6.0.jar:/home/runner/.m2/repository/org/jetbrains/kotlin/kotlin-stdlib-jdk8/1.9.22/kotlin-stdlib-jdk8-1.9.22.jar:/home/runner/.m2/repository/org/jetbrains/kotlin/kotlin-stdlib-jdk7/1.9.22/kotlin-stdlib-jdk7-1.9.22.jar:/home/runner/.m2/repository/org/jetbrains/kotlin/kotlin-stdlib-common/1.9.22/kotlin-stdlib-common-1.9.22.jar:/home/runner/.m2/repository/org/apache/ozone/hdds-test-utils/1.5.0-SNAPSHOT/hdds-test-utils-1.5.0-SNAPSHOT.jar:/home/runner/.m2/repository/org/assertj/assertj-core/3.12.2/assertj-core-3.12.2.jar:/home/runner/.m2/repository/com/google/guava/guava/32.0.0-jre/guava-32.0.0-jre.jar:/home/runner/.m2/repository/com/google/guava/failureaccess/1.0.1/failureaccess-1.0.1.jar:/home/runner/.m2/repository/com/google/guava/listenablefuture/9999.0-empty-to-avoid-conflict-with-guava/listenablefuture-9999.0-empty-to-avoid-conflict-with-guava.jar:/home/runner/.m2/repository/com/google/code/findbugs/jsr305/3.0.0/jsr305-3.0.0.jar:/home/runner/.m2/repository/org/checkerframework/checker-qual/3.33.0/checker-qual-3.33.0.jar:/home/runner/.m2/repository/com/google/j2objc/j2objc-annotations/2.8/j2objc-annotations-2.8.jar:/home/runner/.m2/repository/commons-io/commons-io/2.11.0/commons-io-2.11.0.jar:/home/runner/.m2/repository/commons-logging/commons-logging/1.2/commons-logging-1.2.jar:/home/runner/.m2/repository/org/junit/jupiter/junit-jupiter-api/5.10.1/junit-jupiter-api-5.10.1.jar:/home/runner/.m2/repository/org/opentest4j/opentest4j/1.3.0/opentest4j-1.3.0.jar:/home/runner/.m2/repository/org/junit/platform/junit-platform-commons/1.10.1/junit-platform-commons-1.10.1.jar:/home/runner/.m2/repository/ch/qos/reload4j/reload4j/1.2.25/reload4j-1.2.25.jar:/home/runner/.m2/repository/jakarta/annotation/jakarta.annotation-api/2.1.1/jakarta.annotation-api-2.1.1.jar:/home/runner/.m2/repository/org/slf4j/slf4j-api/2.0.10/slf4j-api-2.0.10.jar:/home/runner/.m2/repository/org/apache/logging/log4j/log4j-api/2.17.1/log4j-api-2.17.1.jar:/home/runner/.m2/repository/org/apache/ozone/hdds-server-scm/1.5.0-SNAPSHOT/hdds-server-scm-1.5.0-SNAPSHOT.jar:/home/runner/.m2/repository/com/google/protobuf/protobuf-java/2.5.0/protobuf-java-2.5.0.jar:/home/runner/.m2/repository/org/apache/ozone/hdds-container-service/1.5.0-SNAPSHOT/hdds-container-service-1.5.0-SNAPSHOT.jar:/home/runner/.m2/repository/org/apache/ozone/hdds-hadoop-dependency-server/1.5.0-SNAPSHOT/hdds-hadoop-dependency-server-1.5.0-SNAPSHOT.jar:/home/runner/.m2/repository/org/apache/hadoop/hadoop-hdfs/3.3.6/hadoop-hdfs-3.3.6.jar:/home/runner/.m2/repository/commons-daemon/commons-daemon/1.0.13/commons-daemon-1.0.13.jar:/home/runner/.m2/repository/org/apache/ozone/hdds-server-framework/1.5.0-SNAPSHOT/hdds-server-framework-1.5.0-SNAPSHOT.jar:/home/runner/.m2/repository/org/bouncycastle/bcprov-jdk15on/1.67/bcprov-jdk15on-1.67.jar:/home/runner/.m2/repository/io/dropwizard/metrics/metrics-core/3.2.4/metrics-core-3.2.4.jar:/home/runner/.m2/repository/org/apache/commons/commons-text/1.11.0/commons-text-1.11.0.jar:/home/runner/.m2/repository/org/apache/ozone/hdds-server-framework/1.5.0-SNAPSHOT/hdds-server-framework-1.5.0-SNAPSHOT-tests.jar:/home/runner/.m2/repository/org/apache/ozone/hdds-interface-server/1.5.0-SNAPSHOT/hdds-interface-server-1.5.0-SNAPSHOT.jar:/home/runner/.m2/repository/org/apache/ozone/hdds-interface-admin/1.5.0-SNAPSHOT/hdds-interface-admin-1.5.0-SNAPSHOT.jar:/home/runner/.m2/repository/org/apache/ozone/hdds-managed-rocksdb/1.5.0-SNAPSHOT/hdds-managed-rocksdb-1.5.0-SNAPSHOT.jar:/home/runner/.m2/repository/org/rocksdb/rocksdbjni/7.7.3/rocksdbjni-7.7.3.jar:/home/runner/.m2/repository/org/slf4j/slf4j-reload4j/2.0.10/slf4j-reload4j-2.0.10.jar:/home/runner/.m2/repository/org/apache/commons/commons-configuration2/2.8.0/commons-configuration2-2.8.0.jar:/home/runner/.m2/repository/commons-fileupload/commons-fileupload/1.5/commons-fileupload-1.5.jar:/home/runner/.m2/repository/org/apache/logging/log4j/log4j-core/2.17.1/log4j-core-2.17.1.jar:/home/runner/.m2/repository/com/lmax/disruptor/3.4.2/disruptor-3.4.2.jar:/home/runner/.m2/repository/org/eclipse/jetty/jetty-util/9.4.53.v20231009/jetty-util-9.4.53.v20231009.jar:/home/runner/.m2/repository/org/eclipse/jetty/jetty-server/9.4.53.v20231009/jetty-server-9.4.53.v20231009.jar:/home/runner/.m2/repository/org/eclipse/jetty/jetty-http/9.4.53.v20231009/jetty-http-9.4.53.v20231009.jar:/home/runner/.m2/repository/org/eclipse/jetty/jetty-io/9.4.53.v20231009/jetty-io-9.4.53.v20231009.jar:/home/runner/.m2/repository/org/eclipse/jetty/jetty-servlet/9.4.53.v20231009/jetty-servlet-9.4.53.v20231009.jar:/home/runner/.m2/repository/org/eclipse/jetty/jetty-security/9.4.53.v20231009/jetty-security-9.4.53.v20231009.jar:/home/runner/.m2/repository/org/eclipse/jetty/jetty-util-ajax/9.4.53.v20231009/jetty-util-ajax-9.4.53.v20231009.jar:/home/runner/.m2/repository/org/eclipse/jetty/jetty-webapp/9.4.53.v20231009/jetty-webapp-9.4.53.v20231009.jar:/home/runner/.m2/repository/org/eclipse/jetty/jetty-xml/9.4.53.v20231009/jetty-xml-9.4.53.v20231009.jar:/home/runner/.m2/repository/org/apache/ratis/ratis-server/3.0.1/ratis-server-3.0.1.jar:/home/runner/.m2/repository/org/apache/ratis/ratis-thirdparty-misc/1.0.5/ratis-thirdparty-misc-1.0.5.jar:/home/runner/.m2/repository/org/apache/ratis/ratis-proto/3.0.1/ratis-proto-3.0.1.jar:/home/runner/.m2/repository/org/apache/ratis/ratis-common/3.0.1/ratis-common-3.0.1.jar:/home/runner/.m2/repository/org/apache/ratis/ratis-client/3.0.1/ratis-client-3.0.1.jar:/home/runner/.m2/repository/org/apache/ratis/ratis-server-api/3.0.1/ratis-server-api-3.0.1.jar:/home/runner/.m2/repository/org/apache/ratis/ratis-metrics-api/3.0.1/ratis-metrics-api-3.0.1.jar:/home/runner/.m2/repository/org/apache/ratis/ratis-metrics-dropwizard3/3.0.1/ratis-metrics-dropwizard3-3.0.1.jar:/home/runner/.m2/repository/io/prometheus/simpleclient_dropwizard/0.16.0/simpleclient_dropwizard-0.16.0.jar:/home/runner/.m2/repository/io/prometheus/simpleclient/0.16.0/simpleclient-0.16.0.jar:/home/runner/.m2/repository/io/prometheus/simpleclient_common/0.16.0/simpleclient_common-0.16.0.jar:/home/runner/.m2/repository/com/fasterxml/jackson/datatype/jackson-datatype-jsr310/2.13.4/jackson-datatype-jsr310-2.13.4.jar:/home/runner/.m2/repository/com/fasterxml/jackson/core/jackson-core/2.13.4/jackson-core-2.13.4.jar:/home/runner/.m2/repository/org/apache/ozone/rocksdb-checkpoint-differ/1.5.0-SNAPSHOT/rocksdb-checkpoint-differ-1.5.0-SNAPSHOT.jar:/home/runner/.m2/repository/org/jgrapht/jgrapht-core/1.0.1/jgrapht-core-1.0.1.jar:/home/runner/.m2/repository/org/jgrapht/jgrapht-ext/1.0.1/jgrapht-ext-1.0.1.jar:/home/runner/.m2/repository/org/tinyjee/jgraphx/jgraphx/2.0.0.1/jgraphx-2.0.0.1.jar:/home/runner/.m2/repository/jgraph/jgraph/5.13.0.0/jgraph-5.13.0.0.jar:/home/runner/.m2/repository/org/antlr/antlr4-runtime/4.5.3/antlr4-runtime-4.5.3.jar:/home/runner/.m2/repository/org/apache/ozone/ozone-manager/1.5.0-SNAPSHOT/ozone-manager-1.5.0-SNAPSHOT.jar:/home/runner/.m2/repository/org/aspectj/aspectjrt/1.9.7/aspectjrt-1.9.7.jar:/home/runner/.m2/repository/org/aspectj/aspectjweaver/1.9.7/aspectjweaver-1.9.7.jar:/home/runner/.m2/repository/org/apache/ozone/hdds-interface-client/1.5.0-SNAPSHOT/hdds-interface-client-1.5.0-SNAPSHOT.jar:/home/runner/.m2/repository/org/apache/hadoop/thirdparty/hadoop-shaded-protobuf_3_7/1.1.1/hadoop-shaded-protobuf_3_7-1.1.1.jar:/home/runner/.m2/repository/org/apache/ozone/ozone-interface-storage/1.5.0-SNAPSHOT/ozone-interface-storage-1.5.0-SNAPSHOT.jar:/home/runner/.m2/repository/org/reflections/reflections/0.9.11/reflections-0.9.11.jar:/home/runner/.m2/repository/com/sun/jersey/jersey-client/1.19.4/jersey-client-1.19.4.jar:/home/runner/.m2/repository/org/codehaus/jackson/jackson-core-asl/1.9.13/jackson-core-asl-1.9.13.jar:/home/runner/.m2/repository/org/codehaus/jackson/jackson-mapper-asl/1.9.13/jackson-mapper-asl-1.9.13.jar:/home/runner/.m2/repository/org/codehaus/jackson/jackson-jaxrs/1.9.13/jackson-jaxrs-1.9.13.jar:/home/runner/.m2/repository/org/apache/ranger/ranger-intg/2.3.0/ranger-intg-2.3.0.jar:/home/runner/.m2/repository/org/apache/ranger/ranger-plugins-common/2.3.0/ranger-plugins-common-2.3.0.jar:/home/runner/.m2/repository/commons-lang/commons-lang/2.6/commons-lang-2.6.jar:/home/runner/.m2/repository/org/apache/ranger/ranger-plugins-cred/2.3.0/ranger-plugins-cred-2.3.0.jar:/home/runner/.m2/repository/org/apache/ranger/ranger-plugins-audit/2.3.0/ranger-plugins-audit-2.3.0.jar:/home/runner/.m2/repository/org/eclipse/jetty/jetty-client/9.4.53.v20231009/jetty-client-9.4.53.v20231009.jar:/home/runner/.m2/repository/org/apache/httpcomponents/httpmime/4.5.6/httpmime-4.5.6.jar:/home/runner/.m2/repository/org/apache/httpcomponents/httpcore-nio/4.4.16/httpcore-nio-4.4.16.jar:/home/runner/.m2/repository/org/apache/httpcomponents/httpasyncclient/4.1.3/httpasyncclient-4.1.3.jar:/home/runner/.m2/repository/com/carrotsearch/hppc/0.8.0/hppc-0.8.0.jar:/home/runner/.m2/repository/org/apache/orc/orc-core/1.5.8/orc-core-1.5.8.jar:/home/runner/.m2/repository/net/java/dev/jna/jna/5.2.0/jna-5.2.0.jar:/home/runner/.m2/repository/net/java/dev/jna/jna-platform/5.2.0/jna-platform-5.2.0.jar:/home/runner/.m2/repository/com/kstruct/gethostname4j/0.0.2/gethostname4j-0.0.2.jar:/home/runner/.m2/repository/org/apache/ranger/ranger-plugin-classloader/2.3.0/ranger-plugin-classloader-2.3.0.jar:/home/runner/.m2/repository/org/apache/ozone/hdds-rocks-native/1.5.0-SNAPSHOT/hdds-rocks-native-1.5.0-SNAPSHOT.jar:/home/runner/.m2/repository/org/apache/hadoop/hadoop-minikdc/3.3.6/hadoop-minikdc-3.3.6.jar:/home/runner/.m2/repository/org/apache/kerby/kerb-simplekdc/1.0.1/kerb-simplekdc-1.0.1.jar:/home/runner/.m2/repository/org/apache/kerby/kerb-client/1.0.1/kerb-client-1.0.1.jar:/home/runner/.m2/repository/org/apache/kerby/kerby-config/1.0.1/kerby-config-1.0.1.jar:/home/runner/.m2/repository/org/apache/kerby/kerb-common/1.0.1/kerb-common-1.0.1.jar:/home/runner/.m2/repository/org/apache/kerby/kerb-crypto/1.0.1/kerb-crypto-1.0.1.jar:/home/runner/.m2/repository/org/apache/kerby/kerb-util/1.0.1/kerb-util-1.0.1.jar:/home/runner/.m2/repository/org/apache/kerby/token-provider/1.0.1/token-provider-1.0.1.jar:/home/runner/.m2/repository/org/apache/kerby/kerb-admin/1.0.1/kerb-admin-1.0.1.jar:/home/runner/.m2/repository/org/apache/kerby/kerb-server/1.0.1/kerb-server-1.0.1.jar:/home/runner/.m2/repository/org/apache/kerby/kerb-identity/1.0.1/kerb-identity-1.0.1.jar:/home/runner/.m2/repository/org/apache/kerby/kerby-xdr/1.0.1/kerby-xdr-1.0.1.jar:/home/runner/.m2/repository/junit/junit/4.13.2/junit-4.13.2.jar:/home/runner/.m2/repository/org/hamcrest/hamcrest-core/1.3/hamcrest-core-1.3.jar:/home/runner/.m2/repository/org/apache/ozone/ozone-s3gateway/1.5.0-SNAPSHOT/ozone-s3gateway-1.5.0-SNAPSHOT.jar:/home/runner/.m2/repository/org/javassist/javassist/3.21.0-GA/javassist-3.21.0-GA.jar:/home/runner/.m2/repository/org/jboss/weld/servlet/weld-servlet-shaded/3.1.9.Final/weld-servlet-shaded-3.1.9.Final.jar:/home/runner/.m2/repository/org/glassfish/jersey/containers/jersey-container-servlet-core/2.41/jersey-container-servlet-core-2.41.jar:/home/runner/.m2/repository/org/glassfish/hk2/external/jakarta.inject/2.6.1/jakarta.inject-2.6.1.jar:/home/runner/.m2/repository/org/glassfish/jersey/core/jersey-common/2.41/jersey-common-2.41.jar:/home/runner/.m2/repository/jakarta/ws/rs/jakarta.ws.rs-api/2.1.6/jakarta.ws.rs-api-2.1.6.jar:/home/runner/.m2/repository/org/glassfish/jersey/ext/cdi/jersey-cdi1x/2.41/jersey-cdi1x-2.41.jar:/home/runner/.m2/repository/org/glassfish/jersey/inject/jersey-hk2/2.41/jersey-hk2-2.41.jar:/home/runner/.m2/repository/org/glassfish/hk2/hk2-locator/2.6.1/hk2-locator-2.6.1.jar:/home/runner/.m2/repository/org/glassfish/jersey/media/jersey-media-jaxb/2.41/jersey-media-jaxb-2.41.jar:/home/runner/.m2/repository/org/glassfish/hk2/osgi-resource-locator/1.0.3/osgi-resource-locator-1.0.3.jar:/home/runner/.m2/repository/org/glassfish/hk2/hk2-api/2.6.1/hk2-api-2.6.1.jar:/home/runner/.m2/repository/org/glassfish/hk2/hk2-utils/2.6.1/hk2-utils-2.6.1.jar:/home/runner/.m2/repository/org/glassfish/hk2/external/aopalliance-repackaged/2.6.1/aopalliance-repackaged-2.6.1.jar:/home/runner/.m2/repository/com/fasterxml/jackson/dataformat/jackson-dataformat-xml/2.13.4/jackson-dataformat-xml-2.13.4.jar:/home/runner/.m2/repository/org/codehaus/woodstox/stax2-api/4.2.2/stax2-api-4.2.2.jar:/home/runner/.m2/repository/com/fasterxml/woodstox/woodstox-core/5.4.0/woodstox-core-5.4.0.jar:/home/runner/.m2/repository/com/fasterxml/jackson/module/jackson-module-jaxb-annotations/2.13.4/jackson-module-jaxb-annotations-2.13.4.jar:/home/runner/.m2/repository/javax/enterprise/cdi-api/2.0/cdi-api-2.0.jar:/home/runner/.m2/repository/javax/el/javax.el-api/3.0.0/javax.el-api-3.0.0.jar:/home/runner/.m2/repository/javax/interceptor/javax.interceptor-api/1.2/javax.interceptor-api-1.2.jar:/home/runner/.m2/repository/javax/inject/javax.inject/1/javax.inject-1.jar:/home/runner/.m2/repository/jakarta/xml/bind/jakarta.xml.bind-api/2.3.3/jakarta.xml.bind-api-2.3.3.jar:/home/runner/.m2/repository/org/glassfish/jaxb/jaxb-runtime/2.3.9/jaxb-runtime-2.3.9.jar:/home/runner/.m2/repository/org/glassfish/jaxb/txw2/2.3.9/txw2-2.3.9.jar:/home/runner/.m2/repository/com/sun/istack/istack-commons-runtime/3.0.12/istack-commons-runtime-3.0.12.jar:/home/runner/.m2/repository/com/sun/activation/jakarta.activation/1.2.2/jakarta.activation-1.2.2.jar:/home/runner/.m2/repository/jakarta/activation/jakarta.activation-api/1.2.2/jakarta.activation-api-1.2.2.jar:/home/runner/.m2/repository/io/grpc/grpc-protobuf/1.58.0/grpc-protobuf-1.58.0.jar:/home/runner/.m2/repository/com/google/api/grpc/proto-google-common-protos/2.22.0/proto-google-common-protos-2.22.0.jar:/home/runner/.m2/repository/io/grpc/grpc-protobuf-lite/1.58.0/grpc-protobuf-lite-1.58.0.jar:/home/runner/.m2/repository/io/grpc/grpc-stub/1.58.0/grpc-stub-1.58.0.jar:/home/runner/.m2/repository/io/netty/netty-transport/4.1.100.Final/netty-transport-4.1.100.Final.jar:/home/runner/.m2/repository/io/netty/netty-resolver/4.1.100.Final/netty-resolver-4.1.100.Final.jar:/home/runner/.m2/repository/org/apache/ozone/ozone-csi/1.5.0-SNAPSHOT/ozone-csi-1.5.0-SNAPSHOT.jar:/home/runner/.m2/repository/com/google/protobuf/protobuf-java-util/3.19.6/protobuf-java-util-3.19.6.jar:/home/runner/.m2/repository/com/google/code/gson/gson/2.9.0/gson-2.9.0.jar:/home/runner/.m2/repository/org/apache/ozone/hdds-config/1.5.0-SNAPSHOT/hdds-config-1.5.0-SNAPSHOT.jar:/home/runner/.m2/repository/io/netty/netty-transport-native-epoll/4.1.100.Final/netty-transport-native-epoll-4.1.100.Final-linux-x86_64.jar:/home/runner/.m2/repository/io/netty/netty-transport-classes-epoll/4.1.100.Final/netty-transport-classes-epoll-4.1.100.Final.jar:/home/runner/.m2/repository/io/netty/netty-transport-native-unix-common/4.1.100.Final/netty-transport-native-unix-common-4.1.100.Final.jar:/home/runner/.m2/repository/org/apache/ozone/ozone-recon/1.5.0-SNAPSHOT/ozone-recon-1.5.0-SNAPSHOT.jar:/home/runner/.m2/repository/org/apache/ozone/ozone-reconcodegen/1.5.0-SNAPSHOT/ozone-reconcodegen-1.5.0-SNAPSHOT.jar:/home/runner/.m2/repository/com/google/inject/guice/5.1.0/guice-5.1.0.jar:/home/runner/.m2/repository/aopalliance/aopalliance/1.0/aopalliance-1.0.jar:/home/runner/.m2/repository/com/google/inject/extensions/guice-assistedinject/5.1.0/guice-assistedinject-5.1.0.jar:/home/runner/.m2/repository/com/google/inject/extensions/guice-servlet/5.1.0/guice-servlet-5.1.0.jar:/home/runner/.m2/repository/org/glassfish/jersey/containers/jersey-container-servlet/2.41/jersey-container-servlet-2.41.jar:/home/runner/.m2/repository/org/glassfish/hk2/guice-bridge/2.6.1/guice-bridge-2.6.1.jar:/home/runner/.m2/repository/org/glassfish/jersey/core/jersey-server/2.41/jersey-server-2.41.jar:/home/runner/.m2/repository/org/glassfish/jersey/core/jersey-client/2.41/jersey-client-2.41.jar:/home/runner/.m2/repository/jakarta/validation/jakarta.validation-api/2.0.2/jakarta.validation-api-2.0.2.jar:/home/runner/.m2/repository/org/glassfish/jersey/media/jersey-media-json-jackson/2.41/jersey-media-json-jackson-2.41.jar:/home/runner/.m2/repository/org/glassfish/jersey/ext/jersey-entity-filtering/2.41/jersey-entity-filtering-2.41.jar:/home/runner/.m2/repository/org/jooq/jooq/3.11.10/jooq-3.11.10.jar:/home/runner/.m2/repository/org/jooq/jooq-meta/3.11.10/jooq-meta-3.11.10.jar:/home/runner/.m2/repository/org/jooq/jooq-codegen/3.11.10/jooq-codegen-3.11.10.jar:/home/runner/.m2/repository/com/jolbox/bonecp/0.8.0.RELEASE/bonecp-0.8.0.RELEASE.jar:/home/runner/.m2/repository/org/apache/derby/derby/10.14.2.0/derby-10.14.2.0.jar:/home/runner/.m2/repository/org/xerial/sqlite-jdbc/3.44.1.0/sqlite-jdbc-3.44.1.0.jar:/home/runner/.m2/repository/org/springframework/spring-jdbc/5.3.27/spring-jdbc-5.3.27.jar:/home/runner/.m2/repository/org/springframework/spring-beans/5.3.27/spring-beans-5.3.27.jar:/home/runner/.m2/repository/org/springframework/spring-core/5.3.27/spring-core-5.3.27.jar:/home/runner/.m2/repository/org/springframework/spring-tx/5.3.27/spring-tx-5.3.27.jar:/home/runner/.m2/repository/org/apache/ozone/ozone-client/1.5.0-SNAPSHOT/ozone-client-1.5.0-SNAPSHOT.jar:/home/runner/.m2/repository/org/apache/ozone/hdds-erasurecode/1.5.0-SNAPSHOT/hdds-erasurecode-1.5.0-SNAPSHOT.jar:/home/runner/.m2/repository/org/apache/ozone/ozone-filesystem/1.5.0-SNAPSHOT/ozone-filesystem-1.5.0-SNAPSHOT.jar:/home/runner/.m2/repository/org/apache/ozone/ozone-filesystem-common/1.5.0-SNAPSHOT/ozone-filesystem-common-1.5.0-SNAPSHOT.jar:/home/runner/.m2/repository/org/apache/ozone/ozone-tools/1.5.0-SNAPSHOT/ozone-tools-1.5.0-SNAPSHOT.jar:/home/runner/.m2/repository/com/amazonaws/aws-java-sdk-core/1.12.632/aws-java-sdk-core-1.12.632.jar:/home/runner/.m2/repository/org/apache/httpcomponents/httpclient/4.5.13/httpclient-4.5.13.jar:/home/runner/.m2/repository/org/apache/httpcomponents/httpcore/4.4.16/httpcore-4.4.16.jar:/home/runner/.m2/repository/software/amazon/ion/ion-java/1.0.2/ion-java-1.0.2.jar:/home/runner/.m2/repository/com/fasterxml/jackson/dataformat/jackson-dataformat-cbor/2.13.4/jackson-dataformat-cbor-2.13.4.jar:/home/runner/.m2/repository/joda-time/joda-time/2.12.5/joda-time-2.12.5.jar:/home/runner/.m2/repository/com/amazonaws/aws-java-sdk-s3/1.12.632/aws-java-sdk-s3-1.12.632.jar:/home/runner/.m2/repository/com/amazonaws/aws-java-sdk-kms/1.12.632/aws-java-sdk-kms-1.12.632.jar:/home/runner/.m2/repository/com/amazonaws/jmespath-java/1.12.632/jmespath-java-1.12.632.jar:/home/runner/.m2/repository/org/kohsuke/metainf-services/metainf-services/1.8/metainf-services-1.8.jar:/home/runner/.m2/repository/org/apache/ozone/hdds-tools/1.5.0-SNAPSHOT/hdds-tools-1.5.0-SNAPSHOT.jar:/home/runner/.m2/repository/org/apache/ratis/ratis-tools/3.0.1/ratis-tools-3.0.1.jar:/home/runner/.m2/repository/commons-cli/commons-cli/1.6.0/commons-cli-1.6.0.jar:/home/runner/.m2/repository/org/apache/commons/commons-lang3/3.14.0/commons-lang3-3.14.0.jar:/home/runner/.m2/repository/org/apache/ozone/ozone-manager/1.5.0-SNAPSHOT/ozone-manager-1.5.0-SNAPSHOT-tests.jar:/home/runner/.m2/repository/org/apache/ozone/hdds-common/1.5.0-SNAPSHOT/hdds-common-1.5.0-SNAPSHOT-tests.jar:/home/runner/.m2/repository/org/apache/ozone/hdds-hadoop-dependency-client/1.5.0-SNAPSHOT/hdds-hadoop-dependency-client-1.5.0-SNAPSHOT.jar:/home/runner/.m2/repository/info/picocli/picocli/4.7.5/picocli-4.7.5.jar:/home/runner/.m2/repository/com/fasterxml/jackson/core/jackson-annotations/2.13.4/jackson-annotations-2.13.4.jar:/home/runner/.m2/repository/org/apache/ozone/hdds-annotation-processing/1.5.0-SNAPSHOT/hdds-annotation-processing-1.5.0-SNAPSHOT.jar:/home/runner/.m2/repository/javax/annotation/javax.annotation-api/1.3.2/javax.annotation-api-1.3.2.jar:/home/runner/.m2/repository/org/apache/ratis/ratis-netty/3.0.1/ratis-netty-3.0.1.jar:/home/runner/.m2/repository/org/apache/ratis/ratis-grpc/3.0.1/ratis-grpc-3.0.1.jar:/home/runner/.m2/repository/org/apache/commons/commons-pool2/2.6.0/commons-pool2-2.6.0.jar:/home/runner/.m2/repository/org/bouncycastle/bcpkix-jdk15on/1.67/bcpkix-jdk15on-1.67.jar:/home/runner/.m2/repository/commons-validator/commons-validator/1.6/commons-validator-1.6.jar:/home/runner/.m2/repository/commons-beanutils/commons-beanutils/1.9.4/commons-beanutils-1.9.4.jar:/home/runner/.m2/repository/commons-digester/commons-digester/1.8.1/commons-digester-1.8.1.jar:/home/runner/.m2/repository/commons-collections/commons-collections/3.2.2/commons-collections-3.2.2.jar:/home/runner/.m2/repository/io/jaegertracing/jaeger-client/1.6.0/jaeger-client-1.6.0.jar:/home/runner/.m2/repository/io/jaegertracing/jaeger-thrift/1.6.0/jaeger-thrift-1.6.0.jar:/home/runner/.m2/repository/org/apache/thrift/libthrift/0.14.1/libthrift-0.14.1.jar:/home/runner/.m2/repository/io/jaegertracing/jaeger-core/1.6.0/jaeger-core-1.6.0.jar:/home/runner/.m2/repository/io/jaegertracing/jaeger-tracerresolver/1.6.0/jaeger-tracerresolver-1.6.0.jar:/home/runner/.m2/repository/io/opentracing/contrib/opentracing-tracerresolver/0.1.8/opentracing-tracerresolver-0.1.8.jar:/home/runner/.m2/repository/org/jetbrains/kotlin/kotlin-stdlib/1.9.22/kotlin-stdlib-1.9.22.jar:/home/runner/.m2/repository/org/jetbrains/annotations/13.0/annotations-13.0.jar:/home/runner/.m2/repository/io/opentracing/opentracing-util/0.33.0/opentracing-util-0.33.0.jar:/home/runner/.m2/repository/io/opentracing/opentracing-api/0.33.0/opentracing-api-0.33.0.jar:/home/runner/.m2/repository/io/opentracing/opentracing-noop/0.33.0/opentracing-noop-0.33.0.jar:/home/runner/.m2/repository/org/yaml/snakeyaml/2.0/snakeyaml-2.0.jar:/home/runner/.m2/repository/io/grpc/grpc-api/1.58.0/grpc-api-1.58.0.jar:/home/runner/.m2/repository/org/junit/jupiter/junit-jupiter-engine/5.10.1/junit-jupiter-engine-5.10.1.jar:/home/runner/.m2/repository/org/junit/platform/junit-platform-engine/1.10.1/junit-platform-engine-1.10.1.jar:/home/runner/.m2/repository/org/apiguardian/apiguardian-api/1.1.2/apiguardian-api-1.1.2.jar:/home/runner/.m2/repository/org/junit/platform/junit-platform-launcher/1.10.1/junit-platform-launcher-1.10.1.jar:/home/runner/.m2/repository/org/apache/hadoop/hadoop-kms/3.3.6/hadoop-kms-3.3.6.jar:/home/runner/.m2/repository/org/apache/hadoop/hadoop-auth/3.3.6/hadoop-auth-3.3.6.jar:/home/runner/.m2/repository/com/nimbusds/nimbus-jose-jwt/9.8.1/nimbus-jose-jwt-9.8.1.jar:/home/runner/.m2/repository/com/github/stephenc/jcip/jcip-annotations/1.0-1/jcip-annotations-1.0-1.jar:/home/runner/.m2/repository/org/apache/zookeeper/zookeeper/3.7.2/zookeeper-3.7.2.jar:/home/runner/.m2/repository/org/apache/zookeeper/zookeeper-jute/3.7.2/zookeeper-jute-3.7.2.jar:/home/runner/.m2/repository/org/apache/yetus/audience-annotations/0.12.0/audience-annotations-0.12.0.jar:/home/runner/.m2/repository/org/apache/curator/curator-framework/4.2.0/curator-framework-4.2.0.jar:/home/runner/.m2/repository/org/apache/hadoop/thirdparty/hadoop-shaded-guava/1.1.1/hadoop-shaded-guava-1.1.1.jar:/home/runner/.m2/repository/com/sun/jersey/jersey-core/1.19.4/jersey-core-1.19.4.jar:/home/runner/.m2/repository/javax/ws/rs/jsr311-api/1.1.1/jsr311-api-1.1.1.jar:/home/runner/.m2/repository/com/sun/jersey/jersey-server/1.19.4/jersey-server-1.19.4.jar:/home/runner/.m2/repository/javax/servlet/javax.servlet-api/3.1.0/javax.servlet-api-3.1.0.jar:/home/runner/.m2/repository/org/apache/hadoop/hadoop-common/3.3.6/hadoop-common-3.3.6.jar:/home/runner/.m2/repository/org/apache/commons/commons-math3/3.6.1/commons-math3-3.6.1.jar:/home/runner/.m2/repository/commons-net/commons-net/3.10.0/commons-net-3.10.0.jar:/home/runner/.m2/repository/com/sun/jersey/jersey-servlet/1.19.4/jersey-servlet-1.19.4.jar:/home/runner/.m2/repository/com/github/pjfanning/jersey-json/1.20/jersey-json-1.20.jar:/home/runner/.m2/repository/org/codehaus/jettison/jettison/1.1/jettison-1.1.jar:/home/runner/.m2/repository/com/sun/xml/bind/jaxb-impl/2.2.3-1/jaxb-impl-2.2.3-1.jar:/home/runner/.m2/repository/com/google/re2j/re2j/1.7/re2j-1.7.jar:/home/runner/.m2/repository/com/jcraft/jsch/0.1.54/jsch-0.1.54.jar:/home/runner/.m2/repository/org/apache/curator/curator-client/4.2.0/curator-client-4.2.0.jar:/home/runner/.m2/repository/org/apache/curator/curator-recipes/5.2.0/curator-recipes-5.2.0.jar:/home/runner/.m2/repository/org/apache/kerby/kerb-core/1.0.1/kerb-core-1.0.1.jar:/home/runner/.m2/repository/org/apache/kerby/kerby-pkix/1.0.1/kerby-pkix-1.0.1.jar:/home/runner/.m2/repository/org/apache/kerby/kerby-asn1/1.0.1/kerby-asn1-1.0.1.jar:/home/runner/.m2/repository/org/apache/kerby/kerby-util/1.0.1/kerby-util-1.0.1.jar:/home/runner/.m2/repository/dnsjava/dnsjava/2.1.7/dnsjava-2.1.7.jar:/home/runner/.m2/repository/org/xerial/snappy/snappy-java/1.1.8.2/snappy-java-1.1.8.2.jar:/home/runner/.m2/repository/com/fasterxml/jackson/core/jackson-databind/2.13.4.2/jackson-databind-2.13.4.2.jar:/home/runner/.m2/repository/org/apache/hadoop/hadoop-kms/3.3.6/hadoop-kms-3.3.6-tests.jar:/home/runner/.m2/repository/org/apache/ozone/hdds-server-scm/1.5.0-SNAPSHOT/hdds-server-scm-1.5.0-SNAPSHOT-tests.jar:/home/runner/.m2/repository/org/apache/ozone/hdds-container-service/1.5.0-SNAPSHOT/hdds-container-service-1.5.0-SNAPSHOT-tests.jar:/home/runner/.m2/repository/com/github/luben/zstd-jni/1.5.2-5/zstd-jni-1.5.2-5.jar:/home/runner/.m2/repository/commons-codec/commons-codec/1.15/commons-codec-1.15.jar:/home/runner/.m2/repository/io/netty/netty-codec/4.1.100.Final/netty-codec-4.1.100.Final.jar:/home/runner/.m2/repository/io/netty/netty-handler/4.1.100.Final/netty-handler-4.1.100.Final.jar:/home/runner/.m2/repository/org/apache/ozone/hdds-hadoop-dependency-test/1.5.0-SNAPSHOT/hdds-hadoop-dependency-test-1.5.0-SNAPSHOT.jar:/home/runner/.m2/repository/org/apache/hadoop/hadoop-common/3.3.6/hadoop-common-3.3.6-tests.jar:/home/runner/.m2/repository/org/apache/hadoop/hadoop-hdfs/3.3.6/hadoop-hdfs-3.3.6-tests.jar:/home/runner/.m2/repository/org/junit/jupiter/junit-jupiter-params/5.10.1/junit-jupiter-params-5.10.1.jar:/home/runner/.m2/repository/org/mockito/mockito-core/4.11.0/mockito-core-4.11.0.jar:/home/runner/.m2/repository/net/bytebuddy/byte-buddy/1.12.19/byte-buddy-1.12.19.jar:/home/runner/.m2/repository/net/bytebuddy/byte-buddy-agent/1.12.19/byte-buddy-agent-1.12.19.jar:/home/runner/.m2/repository/org/objenesis/objenesis/1.0/objenesis-1.0.jar:/home/runner/.m2/repository/org/mockito/mockito-junit-jupiter/4.11.0/mockito-junit-jupiter-4.11.0.jar:/home/runner/.m2/repository/org/apache/hadoop/hadoop-distcp/3.3.6/hadoop-distcp-3.3.6.jar:/home/runner/.m2/repository/org/apache/hadoop/hadoop-mapreduce-client-jobclient/3.3.6/hadoop-mapreduce-client-jobclient-3.3.6.jar:/home/runner/.m2/repository/org/apache/hadoop/hadoop-mapreduce-client-common/3.3.6/hadoop-mapreduce-client-common-3.3.6.jar:/home/runner/.m2/repository/org/apache/hadoop/hadoop-yarn-common/3.3.6/hadoop-yarn-common-3.3.6.jar:/home/runner/.m2/repository/org/apache/hadoop/hadoop-yarn-api/3.3.6/hadoop-yarn-api-3.3.6.jar:/home/runner/.m2/repository/javax/xml/bind/jaxb-api/2.2.11/jaxb-api-2.2.11.jar:/home/runner/.m2/repository/com/sun/jersey/contribs/jersey-guice/1.19.4/jersey-guice-1.19.4.jar:/home/runner/.m2/repository/com/fasterxml/jackson/jaxrs/jackson-jaxrs-json-provider/2.13.4/jackson-jaxrs-json-provider-2.13.4.jar:/home/runner/.m2/repository/com/fasterxml/jackson/jaxrs/jackson-jaxrs-base/2.13.4/jackson-jaxrs-base-2.13.4.jar:/home/runner/.m2/repository/org/apache/hadoop/hadoop-yarn-client/3.3.6/hadoop-yarn-client-3.3.6.jar:/home/runner/.m2/repository/org/eclipse/jetty/websocket/websocket-client/9.4.51.v20230217/websocket-client-9.4.51.v20230217.jar:/home/runner/.m2/repository/org/eclipse/jetty/websocket/websocket-common/9.4.51.v20230217/websocket-common-9.4.51.v20230217.jar:/home/runner/.m2/repository/org/eclipse/jetty/websocket/websocket-api/9.4.51.v20230217/websocket-api-9.4.51.v20230217.jar:/home/runner/.m2/repository/org/jline/jline/3.9.0/jline-3.9.0.jar:/home/runner/.m2/repository/org/apache/hadoop/hadoop-mapreduce-client-core/3.3.6/hadoop-mapreduce-client-core-3.3.6.jar:/home/runner/.m2/repository/org/apache/avro/avro/1.7.7/avro-1.7.7.jar:/home/runner/.m2/repository/com/thoughtworks/paranamer/paranamer/2.3/paranamer-2.3.jar:/home/runner/.m2/repository/org/apache/hadoop/hadoop-annotations/3.3.6/hadoop-annotations-3.3.6.jar:/usr/lib/jvm/temurin-8-jdk-amd64/jre/../lib/tools.jar:/home/runner/.m2/repository/io/netty/netty/3.10.6.Final/netty-3.10.6.Final.jar:/home/runner/.m2/repository/org/apache/hadoop/hadoop-distcp/3.3.6/hadoop-distcp-3.3.6-tests.jar:/home/runner/.m2/repository/org/hamcrest/hamcrest/2.2/hamcrest-2.2.jar:/home/runner/.m2/repository/org/slf4j/jul-to-slf4j/2.0.10/jul-to-slf4j-2.0.10.jar:/home/runner/work/ozone/ozone/hadoop-ozone/integration-test/target/gradle-enterprise/test-listeners.jar:"/>
    <property name="sun.cpu.endian" value="little"/>
    <property name="user.home" value="/home/runner"/>
    <property name="user.language" value="en"/>
    <property name="java.specification.vendor" value="Oracle Corporation"/>
    <property name="java.home" value="/usr/lib/jvm/temurin-8-jdk-amd64/jre"/>
    <property name="java.security.krb5.conf" value="/home/runner/work/ozone/ozone/hadoop-ozone/integration-test/target/test-classes/krb5.conf"/>
    <property name="file.separator" value="/"/>
    <property name="basedir" value="/home/runner/work/ozone/ozone/hadoop-ozone/integration-test"/>
    <property name="line.separator" value="&#10;"/>
    <property name="java.vm.specification.vendor" value="Oracle Corporation"/>
    <property name="java.specification.name" value="Java Platform API Specification"/>
    <property name="skip.installnpx" value="true"/>
    <property name="java.awt.graphicsenv" value="sun.awt.X11GraphicsEnvironment"/>
    <property name="surefire.fork.timeout" value="3600"/>
    <property name="surefire.real.class.path" value="/home/runner/work/ozone/ozone/hadoop-ozone/integration-test/target/surefire/surefirebooter8458840265863474472.jar:/home/runner/.m2/repository/org/jacoco/org.jacoco.agent/0.8.5/org.jacoco.agent-0.8.5-runtime.jar"/>
    <property name="sun.boot.class.path" value="/usr/lib/jvm/temurin-8-jdk-amd64/jre/lib/resources.jar:/usr/lib/jvm/temurin-8-jdk-amd64/jre/lib/rt.jar:/usr/lib/jvm/temurin-8-jdk-amd64/jre/lib/sunrsasign.jar:/usr/lib/jvm/temurin-8-jdk-amd64/jre/lib/jsse.jar:/usr/lib/jvm/temurin-8-jdk-amd64/jre/lib/jce.jar:/usr/lib/jvm/temurin-8-jdk-amd64/jre/lib/charsets.jar:/usr/lib/jvm/temurin-8-jdk-amd64/jre/lib/jfr.jar:/usr/lib/jvm/temurin-8-jdk-amd64/jre/classes"/>
    <property name="hadoop.log.dir" value="/home/runner/work/ozone/ozone/hadoop-ozone/integration-test/target/log"/>
    <property name="sun.management.compiler" value="HotSpot 64-Bit Tiered Compilers"/>
    <property name="java.runtime.version" value="1.8.0_392-b08"/>
    <property name="skip.npx" value="true"/>
    <property name="user.name" value="runner"/>
    <property name="java.net.preferIPv4Stack" value="true"/>
    <property name="path.separator" value=":"/>
    <property name="java.security.egd" value="file:///dev/urandom"/>
    <property name="os.version" value="5.15.0-1053-azure"/>
    <property name="java.endorsed.dirs" value="/usr/lib/jvm/temurin-8-jdk-amd64/jre/lib/endorsed"/>
    <property name="java.runtime.name" value="OpenJDK Runtime Environment"/>
    <property name="com.gradle.maven.scan.extension.test.listener.junitplatform.NestedExecutionSafeDelegatingTestExecutionListener" value="25a872d2"/>
    <property name="file.encoding" value="UTF-8"/>
    <property name="java.vm.name" value="OpenJDK 64-Bit Server VM"/>
    <property name="test.build.webapps" value=""/>
    <property name="localRepository" value="/home/runner/.m2/repository"/>
    <property name="gradle.enterprise.listener.port" value="37347"/>
    <property name="jetty.git.hash" value="27bde00a0b95a1d5bbee0eae7984f891d2d0f8c9"/>
    <property name="java.vendor.url.bug" value="https://github.com/adoptium/adoptium-support/issues"/>
    <property name="require.test.libhadoop" value=""/>
    <property name="java.io.tmpdir" value="/tmp"/>
    <property name="java.version" value="1.8.0_392"/>
    <property name="surefire.rerunFailingTestsCount" value="5"/>
    <property name="user.dir" value="/home/runner/work/ozone/ozone/hadoop-ozone/integration-test"/>
    <property name="os.arch" value="amd64"/>
    <property name="test.build.classes" value="/home/runner/work/ozone/ozone/hadoop-ozone/integration-test/target/test-classes"/>
    <property name="java.vm.specification.name" value="Java Virtual Machine Specification"/>
    <property name="java.awt.printerjob" value="sun.print.PSPrinterJob"/>
    <property name="sun.os.patch.level" value="unknown"/>
    <property name="org.apache.ratis.thirdparty.io.netty.allocator.useCacheForAllThreads" value="false"/>
    <property name="hadoop.tmp.dir" value="/home/runner/work/ozone/ozone/hadoop-ozone/integration-test/target/tmp"/>
    <property name="java.library.path" value="/usr/java/packages/lib/amd64:/usr/lib64:/lib64:/lib:/usr/lib"/>
    <property name="java.vendor" value="Temurin"/>
    <property name="java.vm.info" value="mixed mode"/>
    <property name="java.vm.version" value="25.392-b08"/>
    <property name="java.specification.maintenance.version" value="5"/>
    <property name="sun.io.unicode.encoding" value="UnicodeLittle"/>
    <property name="java.ext.dirs" value="/usr/lib/jvm/temurin-8-jdk-amd64/jre/lib/ext:/usr/java/packages/lib/ext"/>
    <property name="java.class.version" value="52.0"/>
  </properties>
  <testcase name="testWatchForCommitWithKeyWrite" classname="org.apache.hadoop.ozone.client.rpc.TestWatchForCommit" time="40.774"/>
  <testcase name="testWatchForCommitForRetryfailure" classname="org.apache.hadoop.ozone.client.rpc.TestWatchForCommit" time="35.601">
    <flakyFailure type="java.lang.AssertionError">
      <stackTrace><![CDATA[java.lang.AssertionError: 

Expecting:
 <"org.apache.ratis.protocol.exceptions.RaftRetryFailureException: Failed RaftClientRequest:client-5B4D019A5EE3->aaaecba4-dc3a-4434-b0f1-479f09acdbc3@group-55EB5D85A497, cid=52, seq=null, Watch-MAJORITY_COMMITTED(41), null for 4 attempts with RequestTypeDependentRetryPolicy{WRITE->ExceptionDependentRetry(maxAttempts=2147483647; defaultPolicy=MultipleLinearRandomRetry[5x5s, 5x10s, 5x15s, 5x20s, 5x25s, 10x60s]; map={org.apache.ratis.protocol.exceptions.GroupMismatchException->NoRetry, org.apache.ratis.protocol.exceptions.NotReplicatedException->NoRetry, org.apache.ratis.protocol.exceptions.ResourceUnavailableException->org.apache.ratis.retry.ExponentialBackoffRetry@5e76f352, org.apache.ratis.protocol.exceptions.StateMachineException->NoRetry, org.apache.ratis.protocol.exceptions.TimeoutIOException->org.apache.ratis.retry.ExponentialBackoffRetry@5e76f352}), WATCH->ExceptionDependentRetry(maxAttempts=2147483647; defaultPolicy=MultipleLinearRandomRetry[5x5s, 5x10s, 5x15s, 5x20s, 5x25s, 10x60s]; map={org.apache.ratis.protocol.exceptions.GroupMismatchException->NoRetry, org.apache.ratis.protocol.exceptions.NotReplicatedException->NoRetry, org.apache.ratis.protocol.exceptions.ResourceUnavailableException->org.apache.ratis.retry.ExponentialBackoffRetry@5e76f352, org.apache.ratis.protocol.exceptions.StateMachineException->NoRetry, org.apache.ratis.protocol.exceptions.TimeoutIOException->NoRetry})}">
not to contain:
 <"Watch-MAJORITY_COMMITTED">

	at org.apache.hadoop.ozone.client.rpc.TestWatchForCommit.testWatchForCommitForRetryfailure(TestWatchForCommit.java:295)
	at java.lang.reflect.Method.invoke(Method.java:498)
	at java.util.ArrayList.forEach(ArrayList.java:1259)
	at java.util.ArrayList.forEach(ArrayList.java:1259)
]]></stackTrace>
      <system-out><![CDATA[2024-01-29 07:42:27,578 [main] WARN  server.ServerUtils (ServerUtils.java:getScmDbDir(155)) - ozone.scm.db.dirs is not configured. We recommend adding this setting. Falling back to ozone.metadata.dirs instead.
2024-01-29 07:42:27,580 [main] WARN  server.ServerUtils (ServerUtils.java:getScmDbDir(155)) - ozone.scm.db.dirs is not configured. We recommend adding this setting. Falling back to ozone.metadata.dirs instead.
2024-01-29 07:42:27,581 [main] INFO  ha.SCMHANodeDetails (SCMHANodeDetails.java:loadSCMHAConfig(207)) - ServiceID for StorageContainerManager is null
2024-01-29 07:42:27,581 [main] INFO  ha.SCMHANodeDetails (SCMHANodeDetails.java:loadSCMHAConfig(212)) - ozone.scm.default.service.id is not defined, falling back to ozone.scm.service.ids to find serviceID for StorageContainerManager if it is HA enabled cluster
2024-01-29 07:42:27,582 [main] WARN  utils.HAUtils (HAUtils.java:getMetaDir(339)) - ozone.scm.db.dirs is not configured. We recommend adding this setting. Falling back to ozone.metadata.dirs instead.
2024-01-29 07:42:27,582 [main] WARN  db.DBStoreBuilder (DBStoreBuilder.java:applyDBDefinition(170)) - ozone.scm.db.dirs is not configured. We recommend adding this setting. Falling back to ozone.metadata.dirs instead.
2024-01-29 07:42:27,659 [main] INFO  net.NodeSchemaLoader (NodeSchemaLoader.java:loadSchemaFromFile(129)) - Loading schema from [jar:file:/home/runner/.m2/repository/org/apache/ozone/hdds-common/1.5.0-SNAPSHOT/hdds-common-1.5.0-SNAPSHOT.jar!/network-topology-default.xml]
2024-01-29 07:42:27,659 [main] INFO  net.NodeSchemaLoader (NodeSchemaLoader.java:loadSchema(176)) - Loading network topology layer schema file
2024-01-29 07:42:27,661 [main] INFO  upgrade.AbstractLayoutVersionManager (AbstractLayoutVersionManager.java:init(83)) - Initializing Layout version manager with metadata layout = HADOOP_PRC_PORTS_IN_DATANODEDETAILS (version = 7), software layout = HADOOP_PRC_PORTS_IN_DATANODEDETAILS (version = 7)
2024-01-29 07:42:27,663 [main] INFO  ha.SequenceIdGenerator (SequenceIdGenerator.java:upgradeToSequenceId(370)) - upgrade localId to 113750153625600000
2024-01-29 07:42:27,664 [main] INFO  ha.SequenceIdGenerator (SequenceIdGenerator.java:upgradeToSequenceId(380)) - upgrade delTxnId to 0
2024-01-29 07:42:27,665 [main] INFO  ha.SequenceIdGenerator (SequenceIdGenerator.java:upgradeToSequenceId(397)) - upgrade containerId to 0
2024-01-29 07:42:27,667 [main] INFO  ha.SequenceIdGenerator (SequenceIdGenerator.java:upgradeToCertificateSequenceId(444)) - upgrade CertificateId to 2
2024-01-29 07:42:27,667 [main] INFO  ha.SequenceIdGenerator (SequenceIdGenerator.java:<init>(241)) - Init the HA SequenceIdGenerator.
2024-01-29 07:42:27,668 [main] INFO  node.SCMNodeManager (SCMNodeManager.java:<init>(177)) - Entering startup safe mode.
2024-01-29 07:42:27,669 [main] INFO  algorithms.ContainerPlacementPolicyFactory (ContainerPlacementPolicyFactory.java:getPolicyInternal(86)) - Create container placement policy of type org.apache.hadoop.hdds.scm.container.placement.algorithms.SCMContainerPlacementRackAware
2024-01-29 07:42:27,669 [main] INFO  algorithms.ContainerPlacementPolicyFactory (ContainerPlacementPolicyFactory.java:getPolicyInternal(86)) - Create container placement policy of type org.apache.hadoop.hdds.scm.container.placement.algorithms.SCMContainerPlacementRackScatter
2024-01-29 07:42:27,669 [main] INFO  pipeline.PipelineStateManagerImpl (PipelineStateManagerImpl.java:initialize(78)) - No pipeline exists in current db
2024-01-29 07:42:27,670 [main] INFO  algorithms.LeaderChoosePolicyFactory (LeaderChoosePolicyFactory.java:getPolicy(57)) - Create leader choose policy of type org.apache.hadoop.hdds.scm.pipeline.leader.choose.algorithms.MinLeaderCountChoosePolicy
2024-01-29 07:42:27,670 [main] INFO  algorithms.ContainerPlacementPolicyFactory (ContainerPlacementPolicyFactory.java:getPolicyInternal(86)) - Create container placement policy of type org.apache.hadoop.hdds.scm.container.placement.algorithms.SCMContainerPlacementRackScatter
2024-01-29 07:42:27,670 [main] INFO  ha.SCMServiceManager (SCMServiceManager.java:register(42)) - Registering service BackgroundPipelineCreator.
2024-01-29 07:42:27,670 [main] INFO  pipeline.BackgroundPipelineCreator (BackgroundPipelineCreator.java:start(127)) - Starting RatisPipelineUtilsThread.
2024-01-29 07:42:27,671 [main] INFO  BackgroundPipelineScrubber (BackgroundSCMService.java:start(68)) - Starting BackgroundPipelineScrubber Service.
2024-01-29 07:42:27,672 [main] INFO  ha.SCMServiceManager (SCMServiceManager.java:register(42)) - Registering service BackgroundPipelineScrubber.
2024-01-29 07:42:27,672 [main] INFO  ExpiredContainerReplicaOpScrubber (BackgroundSCMService.java:start(68)) - Starting ExpiredContainerReplicaOpScrubber Service.
2024-01-29 07:42:27,672 [main] INFO  ha.SCMServiceManager (SCMServiceManager.java:register(42)) - Registering service ExpiredContainerReplicaOpScrubber.
2024-01-29 07:42:27,673 [main] INFO  algorithms.PipelineChoosePolicyFactory (PipelineChoosePolicyFactory.java:createPipelineChoosePolicyFromClass(80)) - Create pipeline choose policy of type org.apache.hadoop.hdds.scm.pipeline.choose.algorithms.RandomPipelineChoosePolicy
2024-01-29 07:42:27,673 [main] INFO  algorithms.PipelineChoosePolicyFactory (PipelineChoosePolicyFactory.java:createPipelineChoosePolicyFromClass(80)) - Create pipeline choose policy of type org.apache.hadoop.hdds.scm.pipeline.choose.algorithms.RandomPipelineChoosePolicy
2024-01-29 07:42:27,674 [main] INFO  ha.SCMServiceManager (SCMServiceManager.java:register(42)) - Registering service SCMBlockDeletingService.
2024-01-29 07:42:27,675 [main] INFO  replication.ReplicationManager (ReplicationManager.java:start(294)) - Starting Replication Monitor Thread.
2024-01-29 07:42:27,675 [ReplicationMonitor] INFO  replication.ReplicationManager (ReplicationManager.java:processAll(369)) - Replication Manager is not ready to run until 3000ms after safemode exit
2024-01-29 07:42:27,675 [main] INFO  ha.SCMServiceManager (SCMServiceManager.java:register(42)) - Registering service ReplicationManager.
2024-01-29 07:42:27,676 [main] INFO  safemode.ContainerSafeModeRule (ContainerSafeModeRule.java:<init>(91)) - containers with one replica threshold count 0
2024-01-29 07:42:27,676 [main] INFO  safemode.HealthyPipelineSafeModeRule (HealthyPipelineSafeModeRule.java:initializeRule(176)) - Total pipeline count is 0, healthy pipeline threshold count is 1
2024-01-29 07:42:27,676 [main] INFO  safemode.OneReplicaPipelineSafeModeRule (OneReplicaPipelineSafeModeRule.java:initializeRule(193)) - Total pipeline count is 0, pipeline's with at least one datanode reported threshold count is 0
2024-01-29 07:42:27,677 [main] INFO  server.StorageContainerManager (StorageContainerManager.java:<init>(440)) - SCM start with adminUsers: [runner]
2024-01-29 07:42:27,677 [main] INFO  ipc.CallQueueManager (CallQueueManager.java:<init>(90)) - Using callQueue: class java.util.concurrent.LinkedBlockingQueue, queueCapacity: 10000, scheduler: class org.apache.hadoop.ipc.DefaultRpcScheduler, ipcBackoff: false.
2024-01-29 07:42:27,677 [main] INFO  ipc.Server (Server.java:<init>(1287)) - Listener at 0.0.0.0:15091
2024-01-29 07:42:27,677 [Socket Reader #1 for port 15091] INFO  ipc.Server (Server.java:run(1323)) - Starting Socket Reader #1 for port 15091
2024-01-29 07:42:27,679 [main] INFO  ipc.CallQueueManager (CallQueueManager.java:<init>(90)) - Using callQueue: class java.util.concurrent.LinkedBlockingQueue, queueCapacity: 10000, scheduler: class org.apache.hadoop.ipc.DefaultRpcScheduler, ipcBackoff: false.
2024-01-29 07:42:27,679 [main] INFO  ipc.Server (Server.java:<init>(1287)) - Listener at 0.0.0.0:15090
2024-01-29 07:42:27,680 [Socket Reader #1 for port 15090] INFO  ipc.Server (Server.java:run(1323)) - Starting Socket Reader #1 for port 15090
2024-01-29 07:42:27,681 [main] INFO  ipc.CallQueueManager (CallQueueManager.java:<init>(90)) - Using callQueue: class java.util.concurrent.LinkedBlockingQueue, queueCapacity: 10000, scheduler: class org.apache.hadoop.ipc.DefaultRpcScheduler, ipcBackoff: false.
2024-01-29 07:42:27,682 [main] INFO  ipc.Server (Server.java:<init>(1287)) - Listener at 0.0.0.0:15089
2024-01-29 07:42:27,685 [Socket Reader #1 for port 15089] INFO  ipc.Server (Server.java:run(1323)) - Starting Socket Reader #1 for port 15089
2024-01-29 07:42:27,694 [main] INFO  ha.SCMServiceManager (SCMServiceManager.java:register(42)) - Registering service ContainerBalancer.
2024-01-29 07:42:27,694 [main] INFO  server.StorageContainerManager (StorageContainerManager.java:<init>(453)) - 
Container Balancer status:
Key                            Value
Running                        false
Container Balancer Configuration values:
Key                                                Value
Threshold                                          10
Max Datanodes to Involve per Iteration(percent)    20
Max Size to Move per Iteration                     500GB
Max Size Entering Target per Iteration             26GB
Max Size Leaving Source per Iteration              26GB
Number of Iterations                               10
Time Limit for Single Container's Movement         65min
Time Limit for Single Container's Replication      50min
Interval between each Iteration                    70min
Whether to Enable Network Topology                 false
Whether to Trigger Refresh Datanode Usage Info     false
Container IDs to Exclude from Balancing            None
Datanodes Specified to be Balanced                 None
Datanodes Excluded from Balancing                  None

2024-01-29 07:42:27,694 [main] INFO  ha.SCMContext (SCMContext.java:updateSafeModeStatus(230)) - Update SafeModeStatus from SafeModeStatus{safeModeStatus=true, preCheckPassed=false} to SafeModeStatus{safeModeStatus=true, preCheckPassed=false}.
2024-01-29 07:42:27,695 [main] INFO  server.StorageContainerManager (StorageContainerManager.java:start(1546)) - StorageContainerLocationProtocol RPC server is listening at /0.0.0.0:15089
2024-01-29 07:42:27,696 [main] WARN  impl.MetricsConfig (MetricsConfig.java:loadFirst(136)) - Cannot locate configuration: tried hadoop-metrics2-storagecontainermanager.properties,hadoop-metrics2.properties
2024-01-29 07:42:27,697 [main] INFO  impl.MetricsSystemImpl (MetricsSystemImpl.java:startTimer(378)) - Scheduled Metric snapshot period at 10 second(s).
2024-01-29 07:42:27,697 [main] INFO  impl.MetricsSystemImpl (MetricsSystemImpl.java:start(191)) - StorageContainerManager metrics system started
2024-01-29 07:42:27,700 [main] INFO  impl.MetricsSinkAdapter (MetricsSinkAdapter.java:start(204)) - Sink prometheus started
2024-01-29 07:42:27,701 [main] INFO  impl.MetricsSystemImpl (MetricsSystemImpl.java:registerSink(305)) - Registered sink prometheus
2024-01-29 07:42:27,722 [main] INFO  server.SCMClientProtocolServer (SCMClientProtocolServer.java:start(203)) - RPC server for Client  is listening at /0.0.0.0:15089
2024-01-29 07:42:27,733 [IPC Server listener on 15089] INFO  ipc.Server (Server.java:run(1402)) - IPC Server listener on 15089: starting
2024-01-29 07:42:27,733 [IPC Server Responder] INFO  ipc.Server (Server.java:run(1562)) - IPC Server Responder: starting
2024-01-29 07:42:27,766 [main] INFO  server.StorageContainerManager (StorageContainerManager.java:start(1559)) - ScmBlockLocationProtocol RPC server is listening at /0.0.0.0:15090
2024-01-29 07:42:27,767 [main] INFO  server.SCMBlockProtocolServer (SCMBlockProtocolServer.java:start(160)) - RPC server for Block Protocol is listening at /0.0.0.0:15090
2024-01-29 07:42:27,767 [IPC Server listener on 15090] INFO  ipc.Server (Server.java:run(1402)) - IPC Server listener on 15090: starting
2024-01-29 07:42:27,767 [IPC Server Responder] INFO  ipc.Server (Server.java:run(1562)) - IPC Server Responder: starting
2024-01-29 07:42:27,773 [main] INFO  server.SCMDatanodeProtocolServer (SCMDatanodeProtocolServer.java:start(194)) - ScmDatanodeProtocol RPC server for DataNodes is listening at /0.0.0.0:15091
2024-01-29 07:42:27,773 [IPC Server Responder] INFO  ipc.Server (Server.java:run(1562)) - IPC Server Responder: starting
2024-01-29 07:42:27,774 [IPC Server listener on 15091] INFO  ipc.Server (Server.java:run(1402)) - IPC Server listener on 15091: starting
2024-01-29 07:42:27,780 [JvmPauseMonitor11] INFO  util.JvmPauseMonitor (JvmPauseMonitor.java:run(146)) - JvmPauseMonitor-4cbe5469-3471-4b33-be09-15778eb33059: Started
2024-01-29 07:42:27,781 [main] INFO  http.BaseHttpServer (BaseHttpServer.java:newHttpServer2BuilderForOzone(223)) - Starting Web-server for scm at: http://0.0.0.0:15092
2024-01-29 07:42:27,781 [main] INFO  http.BaseHttpServer (BaseHttpServer.java:<init>(110)) - Hadoop Security Enabled: false Ozone Security Enabled: false Ozone HTTP Security Enabled: false 
2024-01-29 07:42:27,782 [main] WARN  server.AuthenticationFilter (AuthenticationFilter.java:constructSecretProvider(240)) - Unable to initialize FileSignerSecretProvider, falling back to use random secrets. Reason: Could not read signature secret file: /home/runner/hadoop-http-auth-signature-secret
2024-01-29 07:42:27,783 [main] INFO  http.HttpRequestLog (HttpRequestLog.java:getRequestLog(86)) - Http request log for http.requests.scm is not defined
2024-01-29 07:42:27,784 [main] INFO  http.HttpServer2 (HttpServer2.java:addGlobalFilter(1036)) - Added global filter 'safety' (class=org.apache.hadoop.hdds.server.http.HttpServer2$QuotingInputFilter)
2024-01-29 07:42:27,785 [main] INFO  http.HttpServer2 (HttpServer2.java:addFilter(1012)) - Added filter static_user_filter (class=org.apache.hadoop.http.lib.StaticUserWebFilter$StaticUserFilter) to context scm
2024-01-29 07:42:27,785 [main] INFO  http.HttpServer2 (HttpServer2.java:addFilter(1020)) - Added filter static_user_filter (class=org.apache.hadoop.http.lib.StaticUserWebFilter$StaticUserFilter) to context logs
2024-01-29 07:42:27,785 [main] INFO  http.HttpServer2 (HttpServer2.java:addFilter(1020)) - Added filter static_user_filter (class=org.apache.hadoop.http.lib.StaticUserWebFilter$StaticUserFilter) to context static
2024-01-29 07:42:27,786 [main] INFO  http.BaseHttpServer (BaseHttpServer.java:<init>(189)) - HTTP server of scm uses base directory /home/runner/work/ozone/ozone/hadoop-ozone/integration-test/target/test-dir/MiniOzoneClusterImpl-43c44e75-c492-4a39-944e-601a0ff30632/ozone-meta/webserver
2024-01-29 07:42:27,786 [main] INFO  http.HttpServer2 (HttpServer2.java:bindListener(1236)) - Jetty bound to port 15092
2024-01-29 07:42:27,787 [main] INFO  server.Server (Server.java:doStart(375)) - jetty-9.4.53.v20231009; built: 2023-10-09T12:29:09.265Z; git: 27bde00a0b95a1d5bbee0eae7984f891d2d0f8c9; jvm 1.8.0_392-b08
2024-01-29 07:42:27,788 [main] INFO  server.session (DefaultSessionIdManager.java:doStart(334)) - DefaultSessionIdManager workerName=node0
2024-01-29 07:42:27,788 [main] INFO  server.session (DefaultSessionIdManager.java:doStart(339)) - No SessionScavenger set, using defaults
2024-01-29 07:42:27,788 [main] INFO  server.session (HouseKeeper.java:startScavenging(132)) - node0 Scavenging every 660000ms
2024-01-29 07:42:27,789 [main] INFO  handler.ContextHandler (ContextHandler.java:doStart(921)) - Started o.e.j.s.ServletContextHandler@1ab2c934{logs,/logs,file:///home/runner/work/ozone/ozone/hadoop-ozone/integration-test/target/log,AVAILABLE}
2024-01-29 07:42:27,789 [main] INFO  handler.ContextHandler (ContextHandler.java:doStart(921)) - Started o.e.j.s.ServletContextHandler@62cab120{static,/static,file:///home/runner/work/ozone/ozone/hadoop-ozone/integration-test/target/test-classes/webapps/static,AVAILABLE}
2024-01-29 07:42:27,792 [main] INFO  handler.ContextHandler (ContextHandler.java:doStart(921)) - Started o.e.j.w.WebAppContext@70bbeb07{scm,/,file:///home/runner/work/ozone/ozone/hadoop-ozone/integration-test/target/test-classes/webapps/scm/,AVAILABLE}{file:/home/runner/work/ozone/ozone/hadoop-ozone/integration-test/target/test-classes/webapps/scm}
2024-01-29 07:42:27,796 [main] INFO  server.AbstractConnector (AbstractConnector.java:doStart(333)) - Started ServerConnector@21033aa7{HTTP/1.1, (http/1.1)}{0.0.0.0:15092}
2024-01-29 07:42:27,797 [main] INFO  server.Server (Server.java:doStart(415)) - Started @41901ms
2024-01-29 07:42:27,797 [main] WARN  impl.MetricsSystemImpl (MetricsSystemImpl.java:register(279)) - Sink prometheus already exists!
2024-01-29 07:42:27,798 [main] INFO  http.BaseHttpServer (BaseHttpServer.java:updateConnectorAddress(354)) - HTTP server of scm listening at http://0.0.0.0:15092
2024-01-29 07:42:27,798 [main] WARN  server.ServerUtils (ServerUtils.java:getDBPath(311)) - ozone.om.db.dirs is not configured. We recommend adding this setting. Falling back to ozone.metadata.dirs instead.
2024-01-29 07:42:27,799 [main] INFO  ha.OMHANodeDetails (OMHANodeDetails.java:loadOMHAConfig(115)) - ozone.om.internal.service.id is not defined, falling back to ozone.om.service.ids to find serviceID for OzoneManager if it is HA enabled cluster
2024-01-29 07:42:27,800 [main] INFO  ha.OMHANodeDetails (OMHANodeDetails.java:loadOMHAConfig(226)) - Configuration does not have ozone.om.address set. Falling back to the default OM address /127.0.0.1:15093
2024-01-29 07:42:27,800 [main] INFO  ha.OMHANodeDetails (OMHANodeDetails.java:getOMNodeDetailsForNonHA(254)) - OM Service ID is not set. Setting it to the default ID: omServiceIdDefault
2024-01-29 07:42:27,800 [main] INFO  ha.OMHANodeDetails (OMHANodeDetails.java:getOMNodeDetailsForNonHA(261)) - OM Node ID is not set. Setting it to the default ID: om1
2024-01-29 07:42:27,800 [main] WARN  server.ServerUtils (ServerUtils.java:getDBPath(311)) - ozone.om.db.dirs is not configured. We recommend adding this setting. Falling back to ozone.metadata.dirs instead.
2024-01-29 07:42:27,801 [main] INFO  upgrade.AbstractLayoutVersionManager (AbstractLayoutVersionManager.java:init(83)) - Initializing Layout version manager with metadata layout = QUOTA (version = 6), software layout = QUOTA (version = 6)
2024-01-29 07:42:27,842 [main] INFO  upgrade.OMLayoutVersionManager (OMLayoutVersionManager.java:lambda$0(113)) - Skipping Upgrade Action QuotaRepairUpgradeAction since it has been finalized.
2024-01-29 07:42:27,842 [main] INFO  upgrade.OMLayoutVersionManager (OMLayoutVersionManager.java:lambda$0(113)) - Skipping Upgrade Action MockOmUpgradeAction since it has been finalized.
2024-01-29 07:42:27,842 [main] WARN  server.ServerUtils (ServerUtils.java:getDBPath(311)) - ozone.om.db.dirs is not configured. We recommend adding this setting. Falling back to ozone.metadata.dirs instead.
2024-01-29 07:42:27,843 [main] INFO  proxy.SCMBlockLocationFailoverProxyProvider (SCMBlockLocationFailoverProxyProvider.java:<init>(115)) - Created block location fail-over proxy with 1 nodes: [nodeId=scmNodeId,nodeAddress=/0.0.0.0:15090]
2024-01-29 07:42:27,845 [main] INFO  proxy.SCMBlockLocationFailoverProxyProvider (SCMBlockLocationFailoverProxyProvider.java:<init>(115)) - Created block location fail-over proxy with 1 nodes: [nodeId=scmNodeId,nodeAddress=/0.0.0.0:15090]
2024-01-29 07:42:27,857 [main] INFO  om.OzoneManager (OzoneManager.java:<init>(673)) - OM start with adminUsers: [runner]
2024-01-29 07:42:27,858 [main] WARN  server.ServerUtils (ServerUtils.java:getDBPath(311)) - ozone.om.db.dirs is not configured. We recommend adding this setting. Falling back to ozone.metadata.dirs instead.
2024-01-29 07:42:27,859 [main] INFO  helpers.OmKeyInfo (OmKeyInfo.java:getCodec(71)) - OmKeyInfo.getCodec ignorePipeline = true
2024-01-29 07:42:28,000 [main] INFO  om.OzoneManager (OzoneManager.java:instantiateServices(805)) - S3 Multi-Tenancy is disabled
2024-01-29 07:42:28,001 [main] INFO  om.OmSnapshotManager (OmSnapshotManager.java:<init>(176)) - Ozone filesystem snapshot feature is enabled.
2024-01-29 07:42:28,002 [main] WARN  server.ServerUtils (ServerUtils.java:getDBPath(311)) - ozone.om.snapshot.diff.db.dir is not configured. We recommend adding this setting. Falling back to ozone.metadata.dirs instead.
2024-01-29 07:42:28,020 [main] INFO  utils.NativeLibraryLoader (NativeLibraryLoader.java:loadLibrary(108)) - Loading Library: ozone_rocksdb_tools
2024-01-29 07:42:28,021 [main] INFO  snapshot.SnapshotDiffManager (SnapshotDiffManager.java:closeExecutorService(1688)) - Shutting down executorService: 'SstDumpToolExecutor'
2024-01-29 07:42:28,023 [main] INFO  om.OzoneManager (OzoneManager.java:addS3GVolumeToDB(4429)) - Created Volume s3v With Owner runner required for S3Gateway operations.
2024-01-29 07:42:28,023 [main] WARN  server.ServerUtils (ServerUtils.java:getDefaultRatisDirectory(323)) - Storage directory for Ratis is not configured. It is a good idea to map this to an SSD disk. Falling back to ozone.metadata.dirs
2024-01-29 07:42:28,023 [main] WARN  utils.OzoneManagerRatisUtils (OzoneManagerRatisUtils.java:getOMRatisSnapshotDirectory(473)) - ozone.om.ratis.snapshot.dir is not configured. Falling back to ozone.metadata.dirs config
2024-01-29 07:42:28,024 [main] WARN  server.ServerUtils (ServerUtils.java:getDefaultRatisDirectory(323)) - Storage directory for Ratis is not configured. It is a good idea to map this to an SSD disk. Falling back to ozone.metadata.dirs
2024-01-29 07:42:28,025 [main] INFO  ratis.OzoneManagerRatisServer (OzoneManagerRatisServer.java:<init>(167)) - Instantiating OM Ratis server with groupID: omServiceIdDefault and peers: localhost:15096
2024-01-29 07:42:28,026 [main] INFO  ratis.OzoneManagerStateMachine (OzoneManagerStateMachine.java:loadSnapshotInfoFromDB(576)) - TransactionInfo not found in OM DB.
2024-01-29 07:42:28,026 [main] INFO  server.RaftServer (ConfUtils.java:logGet(46)) - raft.rpc.type = GRPC (default)
2024-01-29 07:42:28,026 [main] INFO  grpc.GrpcConfigKeys (ConfUtils.java:logFallback(53)) - raft.grpc.admin.host = null (fallback to raft.grpc.server.host)
2024-01-29 07:42:28,027 [main] INFO  grpc.GrpcConfigKeys (ConfUtils.java:logFallback(53)) - raft.grpc.admin.port = 15096 (fallback to raft.grpc.server.port)
2024-01-29 07:42:28,027 [main] INFO  grpc.GrpcConfigKeys (ConfUtils.java:logFallback(53)) - raft.grpc.client.host = null (fallback to raft.grpc.server.host)
2024-01-29 07:42:28,027 [main] INFO  grpc.GrpcConfigKeys (ConfUtils.java:logFallback(53)) - raft.grpc.client.port = 15096 (fallback to raft.grpc.server.port)
2024-01-29 07:42:28,027 [main] INFO  grpc.GrpcConfigKeys (ConfUtils.java:logGet(46)) - raft.grpc.server.host = null (default)
2024-01-29 07:42:28,027 [main] INFO  grpc.GrpcConfigKeys (ConfUtils.java:logGet(46)) - raft.grpc.server.port = 15096 (custom)
2024-01-29 07:42:28,028 [main] INFO  server.GrpcService (ConfUtils.java:logGet(46)) - raft.grpc.message.size.max = 4194304 (custom)
2024-01-29 07:42:28,028 [main] INFO  server.RaftServerConfigKeys (ConfUtils.java:logGet(46)) - raft.server.log.appender.buffer.byte-limit = 4194304 (custom)
2024-01-29 07:42:28,028 [main] INFO  server.GrpcService (ConfUtils.java:logGet(46)) - raft.grpc.flow.control.window = 1MB (=1048576) (default)
2024-01-29 07:42:28,028 [main] INFO  server.RaftServerConfigKeys (ConfUtils.java:logGet(46)) - raft.server.rpc.request.timeout = 3000ms (default)
2024-01-29 07:42:28,028 [main] INFO  grpc.GrpcConfigKeys (ConfUtils.java:logGet(46)) - raft.grpc.server.heartbeat.channel = true (default)
2024-01-29 07:42:28,028 [main] INFO  grpc.GrpcConfigKeys (ConfUtils.java:logGet(46)) - raft.grpc.server.async.request.thread.pool.cached = true (default)
2024-01-29 07:42:28,028 [main] INFO  grpc.GrpcConfigKeys (ConfUtils.java:logGet(46)) - raft.grpc.server.async.request.thread.pool.size = 32 (default)
2024-01-29 07:42:28,030 [main] INFO  impl.DataStreamServerImpl (ConfUtils.java:logGet(46)) - raft.datastream.type = DISABLED (default)
2024-01-29 07:42:28,030 [main] INFO  server.RaftServerConfigKeys (ConfUtils.java:logGet(46)) - raft.server.sleep.deviation.threshold = 300ms (default)
2024-01-29 07:42:28,030 [main] INFO  server.RaftServerConfigKeys (ConfUtils.java:logGet(46)) - raft.server.close.threshold = 60s (default)
2024-01-29 07:42:28,030 [main] INFO  server.RaftServerConfigKeys (ConfUtils.java:logGet(46)) - raft.server.leaderelection.leader.step-down.wait-time = 10s (default)
2024-01-29 07:42:28,030 [main] INFO  server.RaftServerConfigKeys (ConfUtils.java:logGet(46)) - raft.server.storage.dir = [/home/runner/work/ozone/ozone/hadoop-ozone/integration-test/target/test-dir/MiniOzoneClusterImpl-43c44e75-c492-4a39-944e-601a0ff30632/ozone-meta/ratis] (custom)
2024-01-29 07:42:28,030 [main] INFO  server.RaftServerConfigKeys (ConfUtils.java:logGet(46)) - raft.server.threadpool.proxy.cached = true (default)
2024-01-29 07:42:28,031 [main] INFO  server.RaftServerConfigKeys (ConfUtils.java:logGet(46)) - raft.server.threadpool.proxy.size = 0 (default)
2024-01-29 07:42:28,031 [main] INFO  server.RaftServer (RaftServerProxy.java:addNew(100)) - om1: addNew group-C5BA1605619E:[om1|localhost:15096] returns group-C5BA1605619E:java.util.concurrent.CompletableFuture@4e9ed37b[Not completed]
2024-01-29 07:42:28,031 [main] INFO  om.OzoneManager (OzoneManager.java:initializeRatisServer(2141)) - OzoneManager Ratis server initialized at port 15096
2024-01-29 07:42:28,031 [om1-groupManagement] INFO  server.RaftServer$Division (RaftServerImpl.java:<init>(256)) - om1: new RaftServerImpl for group-C5BA1605619E:[om1|localhost:15096] with OzoneManagerStateMachine:uninitialized
2024-01-29 07:42:28,032 [main] INFO  om.OzoneManager (OzoneManager.java:getRpcServer(1207)) - Creating RPC Server
2024-01-29 07:42:28,032 [om1-groupManagement] INFO  server.RaftServerConfigKeys (ConfUtils.java:logGet(46)) - raft.server.rpc.timeout.min = 1s (custom)
2024-01-29 07:42:28,032 [om1-groupManagement] INFO  server.RaftServerConfigKeys (ConfUtils.java:logGet(46)) - raft.server.rpc.timeout.max = 1200ms (custom)
2024-01-29 07:42:28,032 [om1-groupManagement] INFO  server.RaftServerConfigKeys (ConfUtils.java:logGet(46)) - raft.server.rpc.sleep.time = 25ms (default)
2024-01-29 07:42:28,032 [om1-groupManagement] INFO  server.RaftServerConfigKeys (ConfUtils.java:logGet(46)) - raft.server.rpc.slowness.timeout = 120s (custom)
2024-01-29 07:42:28,032 [om1-groupManagement] INFO  server.RaftServerConfigKeys (ConfUtils.java:logGet(46)) - raft.server.leaderelection.leader.step-down.wait-time = 10s (default)
2024-01-29 07:42:28,032 [om1-groupManagement] INFO  server.RaftServerConfigKeys (ConfUtils.java:logGet(46)) - raft.server.leaderelection.member.majority-add = false (default)
2024-01-29 07:42:28,032 [om1-groupManagement] INFO  server.RaftServerConfigKeys (ConfUtils.java:logGet(46)) - raft.server.sleep.deviation.threshold = 300ms (default)
2024-01-29 07:42:28,032 [om1-groupManagement] INFO  server.RaftServer$Division (ServerState.java:<init>(113)) - om1@group-C5BA1605619E: ConfigurationManager, init=-1: peers:[om1|localhost:15096]|listeners:[], old=null, confs=<EMPTY_MAP>
2024-01-29 07:42:28,032 [om1-groupManagement] INFO  server.RaftServerConfigKeys (ConfUtils.java:logGet(46)) - raft.server.notification.no-leader.timeout = 120s (custom)
2024-01-29 07:42:28,033 [om1-groupManagement] INFO  server.RaftServerConfigKeys (ConfUtils.java:logGet(46)) - raft.server.read.timeout = 10s (default)
2024-01-29 07:42:28,033 [om1-groupManagement] INFO  server.RaftServerConfigKeys (ConfUtils.java:logGet(46)) - raft.server.retrycache.expirytime = 300s (custom)
2024-01-29 07:42:28,033 [om1-groupManagement] INFO  server.RaftServerConfigKeys (ConfUtils.java:logGet(46)) - raft.server.retrycache.statistics.expirytime = 100ms (default)
2024-01-29 07:42:28,033 [om1-groupManagement] INFO  server.RaftServerConfigKeys (ConfUtils.java:logGet(46)) - raft.server.read.option = DEFAULT (default)
2024-01-29 07:42:28,033 [om1-groupManagement] INFO  server.RaftServerConfigKeys (ConfUtils.java:logGet(46)) - raft.server.read.read-after-write-consistent.write-index-cache.expiry-time = 60s (default)
2024-01-29 07:42:28,034 [om1-groupManagement] INFO  server.RaftServerConfigKeys (ConfUtils.java:logGet(46)) - raft.server.rpc.request.timeout = 3000ms (default)
2024-01-29 07:42:28,034 [om1-groupManagement] INFO  server.RaftServerConfigKeys (ConfUtils.java:logGet(46)) - raft.server.log.appender.install.snapshot.enabled = false (custom)
2024-01-29 07:42:28,034 [om1-groupManagement] INFO  server.RaftServerConfigKeys (ConfUtils.java:logGet(46)) - raft.server.threadpool.server.cached = true (default)
2024-01-29 07:42:28,034 [om1-groupManagement] INFO  server.RaftServerConfigKeys (ConfUtils.java:logGet(46)) - raft.server.threadpool.server.size = 0 (default)
2024-01-29 07:42:28,034 [om1-groupManagement] INFO  server.RaftServerConfigKeys (ConfUtils.java:logGet(46)) - raft.server.threadpool.client.cached = true (default)
2024-01-29 07:42:28,034 [om1-groupManagement] INFO  server.RaftServerConfigKeys (ConfUtils.java:logGet(46)) - raft.server.threadpool.client.size = 0 (default)
2024-01-29 07:42:28,270 [main] INFO  ipc.CallQueueManager (CallQueueManager.java:<init>(90)) - Using callQueue: class java.util.concurrent.LinkedBlockingQueue, queueCapacity: 2000, scheduler: class org.apache.hadoop.ipc.DefaultRpcScheduler, ipcBackoff: false.
2024-01-29 07:42:28,270 [main] INFO  ipc.Server (Server.java:<init>(1287)) - Listener at 127.0.0.1:15093
2024-01-29 07:42:28,271 [Socket Reader #1 for port 15093] INFO  ipc.Server (Server.java:run(1323)) - Starting Socket Reader #1 for port 15093
2024-01-29 07:42:28,291 [main] INFO  impl.MetricsSystemImpl (MetricsSystemImpl.java:init(158)) - OzoneManager metrics system started (again)
2024-01-29 07:42:28,303 [main] INFO  om.OzoneManager (OzoneManager.java:start(1629)) - OzoneManager RPC server is listening at localhost/127.0.0.1:15093
2024-01-29 07:42:28,304 [main] INFO  ratis.OzoneManagerRatisServer (OzoneManagerRatisServer.java:start(588)) - Starting OzoneManagerRatisServer om1 at port 15096
2024-01-29 07:42:28,304 [om1-impl-thread1] INFO  server.RaftServerConfigKeys (ConfUtils.java:logGet(46)) - raft.server.storage.free-space.min = 0MB (=0) (default)
2024-01-29 07:42:28,305 [om1-impl-thread1] INFO  server.RaftServerConfigKeys (ConfUtils.java:logGet(46)) - raft.server.log.corruption.policy = EXCEPTION (default)
2024-01-29 07:42:28,305 [om1-impl-thread1] INFO  server.RaftServerConfigKeys (ConfUtils.java:logGet(46)) - raft.server.storage.dir = [/home/runner/work/ozone/ozone/hadoop-ozone/integration-test/target/test-dir/MiniOzoneClusterImpl-43c44e75-c492-4a39-944e-601a0ff30632/ozone-meta/ratis] (custom)
2024-01-29 07:42:28,305 [om1-impl-thread1] INFO  storage.RaftStorageDirectory (RaftStorageDirectoryImpl.java:analyzeStorage(138)) - The storage directory /home/runner/work/ozone/ozone/hadoop-ozone/integration-test/target/test-dir/MiniOzoneClusterImpl-43c44e75-c492-4a39-944e-601a0ff30632/ozone-meta/ratis/bf265839-605b-3f16-9796-c5ba1605619e does not exist. Creating ...
2024-01-29 07:42:28,307 [om1-impl-thread1] INFO  storage.RaftStorageDirectory (RaftStorageDirectoryImpl.java:tryLock(228)) - Lock on /home/runner/work/ozone/ozone/hadoop-ozone/integration-test/target/test-dir/MiniOzoneClusterImpl-43c44e75-c492-4a39-944e-601a0ff30632/ozone-meta/ratis/bf265839-605b-3f16-9796-c5ba1605619e/in_use.lock acquired by nodename 37616@fv-az571-724
2024-01-29 07:42:28,308 [om1-impl-thread1] INFO  storage.RaftStorage (RaftStorageImpl.java:format(99)) - Storage directory /home/runner/work/ozone/ozone/hadoop-ozone/integration-test/target/test-dir/MiniOzoneClusterImpl-43c44e75-c492-4a39-944e-601a0ff30632/ozone-meta/ratis/bf265839-605b-3f16-9796-c5ba1605619e has been successfully formatted.
2024-01-29 07:42:28,308 [om1-impl-thread1] WARN  util.FileUtils (LogUtils.java:supplyAndLog(63)) - Failed to Files.newInputStream /home/runner/work/ozone/ozone/hadoop-ozone/integration-test/target/test-dir/MiniOzoneClusterImpl-43c44e75-c492-4a39-944e-601a0ff30632/ozone-meta/ratis/bf265839-605b-3f16-9796-c5ba1605619e/current/raft-meta.conf with options []: java.nio.file.NoSuchFileException: /home/runner/work/ozone/ozone/hadoop-ozone/integration-test/target/test-dir/MiniOzoneClusterImpl-43c44e75-c492-4a39-944e-601a0ff30632/ozone-meta/ratis/bf265839-605b-3f16-9796-c5ba1605619e/current/raft-meta.conf
2024-01-29 07:42:28,308 [om1-impl-thread1] INFO  server.RaftServerConfigKeys (ConfUtils.java:logGet(46)) - raft.server.log.use.memory = false (default)
2024-01-29 07:42:28,308 [om1-impl-thread1] INFO  server.RaftServerConfigKeys (ConfUtils.java:logGet(46)) - raft.server.log.purge.gap = 1000000 (custom)
2024-01-29 07:42:28,308 [om1-impl-thread1] INFO  server.RaftServerConfigKeys (ConfUtils.java:logGet(46)) - raft.server.log.appender.buffer.byte-limit = 4194304 (custom)
2024-01-29 07:42:28,308 [om1-impl-thread1] INFO  server.RaftServerConfigKeys (ConfUtils.java:logGet(46)) - raft.server.log.statemachine.data.read.timeout = 1000ms (default)
2024-01-29 07:42:28,309 [om1-impl-thread1] INFO  server.RaftServerConfigKeys (ConfUtils.java:logGet(46)) - raft.server.log.purge.preservation.log.num = 0 (default)
2024-01-29 07:42:28,309 [om1-impl-thread1] INFO  server.RaftServerConfigKeys (ConfUtils.java:logGet(46)) - raft.server.log.segment.size.max = 4194304 (custom)
2024-01-29 07:42:28,309 [om1-impl-thread1] INFO  server.RaftServerConfigKeys (ConfUtils.java:logGet(46)) - raft.server.log.segment.cache.num.max = 2 (custom)
2024-01-29 07:42:28,309 [om1-impl-thread1] INFO  server.RaftServerConfigKeys (ConfUtils.java:logGet(46)) - raft.server.log.segment.cache.size.max = 200MB (=209715200) (default)
2024-01-29 07:42:28,309 [om1-impl-thread1] INFO  server.RaftServerConfigKeys (ConfUtils.java:logGet(46)) - raft.server.log.appender.buffer.byte-limit = 4194304 (custom)
2024-01-29 07:42:28,309 [om1-impl-thread1] INFO  util.AwaitToRun (AwaitToRun.java:start(81)) - Thread[om1@group-C5BA1605619E-cacheEviction-AwaitToRun,5,main] started
2024-01-29 07:42:28,309 [om1-impl-thread1] INFO  segmented.SegmentedRaftLogWorker (SegmentedRaftLogWorker.java:<init>(182)) - new om1@group-C5BA1605619E-SegmentedRaftLogWorker for RaftStorageImpl:Storage Directory /home/runner/work/ozone/ozone/hadoop-ozone/integration-test/target/test-dir/MiniOzoneClusterImpl-43c44e75-c492-4a39-944e-601a0ff30632/ozone-meta/ratis/bf265839-605b-3f16-9796-c5ba1605619e
2024-01-29 07:42:28,310 [om1-impl-thread1] INFO  server.RaftServerConfigKeys (ConfUtils.java:logGet(46)) - raft.server.log.queue.byte-limit = 64MB (=67108864) (default)
2024-01-29 07:42:28,310 [om1-impl-thread1] INFO  server.RaftServerConfigKeys (ConfUtils.java:logGet(46)) - raft.server.log.queue.element-limit = 4096 (default)
2024-01-29 07:42:28,310 [om1-impl-thread1] INFO  server.RaftServerConfigKeys (ConfUtils.java:logGet(46)) - raft.server.log.segment.size.max = 4194304 (custom)
2024-01-29 07:42:28,310 [om1-impl-thread1] INFO  server.RaftServerConfigKeys (ConfUtils.java:logGet(46)) - raft.server.log.preallocated.size = 4194304 (custom)
2024-01-29 07:42:28,310 [om1-impl-thread1] INFO  server.RaftServerConfigKeys (ConfUtils.java:logGet(46)) - raft.server.log.force.sync.num = 128 (default)
2024-01-29 07:42:28,310 [om1-impl-thread1] INFO  server.RaftServerConfigKeys (ConfUtils.java:logGet(46)) - raft.server.log.statemachine.data.sync = true (default)
2024-01-29 07:42:28,310 [om1-impl-thread1] INFO  server.RaftServerConfigKeys (ConfUtils.java:logGet(46)) - raft.server.log.statemachine.data.sync.timeout = 10s (default)
2024-01-29 07:42:28,310 [om1-impl-thread1] INFO  server.RaftServerConfigKeys (ConfUtils.java:logGet(46)) - raft.server.log.statemachine.data.sync.timeout.retry = -1 (default)
2024-01-29 07:42:28,310 [om1-impl-thread1] INFO  server.RaftServerConfigKeys (ConfUtils.java:logGet(46)) - raft.server.log.write.buffer.size = 4194312 (custom)
2024-01-29 07:42:28,311 [om1-impl-thread1] INFO  server.RaftServerConfigKeys (ConfUtils.java:logGet(46)) - raft.server.log.appender.buffer.byte-limit = 4194304 (custom)
2024-01-29 07:42:28,311 [om1-impl-thread1] INFO  server.RaftServerConfigKeys (ConfUtils.java:logGet(46)) - raft.server.log.unsafe-flush.enabled = false (default)
2024-01-29 07:42:28,311 [om1-impl-thread1] INFO  server.RaftServerConfigKeys (ConfUtils.java:logGet(46)) - raft.server.log.async-flush.enabled = false (default)
2024-01-29 07:42:28,312 [om1-impl-thread1] INFO  server.RaftServerConfigKeys (ConfUtils.java:logGet(46)) - raft.server.log.statemachine.data.caching.enabled = false (default)
2024-01-29 07:42:28,312 [om1-impl-thread1] INFO  segmented.SegmentedRaftLogWorker (SegmentedRaftLogWorker.java:lambda$new$0(134)) - om1@group-C5BA1605619E-SegmentedRaftLogWorker: flushIndex: setUnconditionally 0 -> -1
2024-01-29 07:42:28,312 [om1-impl-thread1] INFO  segmented.SegmentedRaftLogWorker (SegmentedRaftLogWorker.java:lambda$new$0(134)) - om1@group-C5BA1605619E-SegmentedRaftLogWorker: safeCacheEvictIndex: setUnconditionally 0 -> -1
2024-01-29 07:42:28,315 [om1-impl-thread1] INFO  server.RaftServer$Division (RaftServerImpl.java:start(396)) - om1@group-C5BA1605619E: start as a follower, conf=-1: peers:[om1|localhost:15096]|listeners:[], old=null
2024-01-29 07:42:28,315 [om1-impl-thread1] INFO  server.RaftServer$Division (RaftServerImpl.java:setRole(383)) - om1@group-C5BA1605619E: changes role from      null to FOLLOWER at term 0 for startAsFollower
2024-01-29 07:42:28,315 [om1-impl-thread1] INFO  impl.RoleInfo (RoleInfo.java:updateAndGet(139)) - om1: start om1@group-C5BA1605619E-FollowerState
2024-01-29 07:42:28,319 [om1-impl-thread1] INFO  util.JmxRegister (JmxRegister.java:tryRegister(44)) - Successfully registered JMX Bean with object name Ratis:service=RaftServer,group=group-C5BA1605619E,id=om1
2024-01-29 07:42:28,319 [om1-impl-thread1] INFO  server.RaftServerConfigKeys (ConfUtils.java:logGet(46)) - raft.server.snapshot.trigger-when-stop.enabled = true (default)
2024-01-29 07:42:28,319 [om1-impl-thread1] INFO  server.RaftServerConfigKeys (ConfUtils.java:logGet(46)) - raft.server.snapshot.auto.trigger.enabled = true (custom)
2024-01-29 07:42:28,319 [om1-impl-thread1] INFO  server.RaftServerConfigKeys (ConfUtils.java:logGet(46)) - raft.server.snapshot.auto.trigger.threshold = 400000 (default)
2024-01-29 07:42:28,319 [om1-impl-thread1] INFO  server.RaftServerConfigKeys (ConfUtils.java:logGet(46)) - raft.server.snapshot.retention.file.num = -1 (default)
2024-01-29 07:42:28,319 [om1-impl-thread1] INFO  server.RaftServerConfigKeys (ConfUtils.java:logGet(46)) - raft.server.log.purge.upto.snapshot.index = true (custom)
2024-01-29 07:42:28,319 [om1@group-C5BA1605619E-FollowerState] INFO  server.RaftServerConfigKeys (ConfUtils.java:logFallback(53)) - raft.server.rpc.first-election.timeout.min = 1s (fallback to raft.server.rpc.timeout.min)
2024-01-29 07:42:28,319 [om1@group-C5BA1605619E-FollowerState] INFO  server.RaftServerConfigKeys (ConfUtils.java:logFallback(53)) - raft.server.rpc.first-election.timeout.max = 1200ms (fallback to raft.server.rpc.timeout.max)
2024-01-29 07:42:28,319 [main] INFO  server.RaftServer (RaftServerProxy.java:startImpl(406)) - om1: start RPC server
2024-01-29 07:42:28,321 [main] INFO  server.GrpcService (GrpcService.java:startImpl(302)) - om1: GrpcService started, listening on 15096
2024-01-29 07:42:28,321 [main] INFO  om.OzoneManager (OzoneManager.java:start(1645)) - Version File has different layout version (6) than OM DB (null). That is expected if this OM has never been finalized to a newer layout version.
2024-01-29 07:42:28,323 [JvmPauseMonitor12] INFO  util.JvmPauseMonitor (JvmPauseMonitor.java:run(146)) - JvmPauseMonitor-om1: Started
2024-01-29 07:42:28,326 [main] INFO  http.BaseHttpServer (BaseHttpServer.java:newHttpServer2BuilderForOzone(223)) - Starting Web-server for ozoneManager at: http://0.0.0.0:15094
2024-01-29 07:42:28,326 [main] INFO  http.BaseHttpServer (BaseHttpServer.java:<init>(110)) - Hadoop Security Enabled: false Ozone Security Enabled: false Ozone HTTP Security Enabled: false 
2024-01-29 07:42:28,328 [main] WARN  server.AuthenticationFilter (AuthenticationFilter.java:constructSecretProvider(240)) - Unable to initialize FileSignerSecretProvider, falling back to use random secrets. Reason: Could not read signature secret file: /home/runner/hadoop-http-auth-signature-secret
2024-01-29 07:42:28,330 [main] INFO  http.HttpRequestLog (HttpRequestLog.java:getRequestLog(86)) - Http request log for http.requests.ozoneManager is not defined
2024-01-29 07:42:28,331 [main] INFO  http.HttpServer2 (HttpServer2.java:addGlobalFilter(1036)) - Added global filter 'safety' (class=org.apache.hadoop.hdds.server.http.HttpServer2$QuotingInputFilter)
2024-01-29 07:42:28,332 [main] INFO  http.HttpServer2 (HttpServer2.java:addFilter(1012)) - Added filter static_user_filter (class=org.apache.hadoop.http.lib.StaticUserWebFilter$StaticUserFilter) to context ozoneManager
2024-01-29 07:42:28,332 [main] INFO  http.HttpServer2 (HttpServer2.java:addFilter(1020)) - Added filter static_user_filter (class=org.apache.hadoop.http.lib.StaticUserWebFilter$StaticUserFilter) to context logs
2024-01-29 07:42:28,332 [main] INFO  http.HttpServer2 (HttpServer2.java:addFilter(1020)) - Added filter static_user_filter (class=org.apache.hadoop.http.lib.StaticUserWebFilter$StaticUserFilter) to context static
2024-01-29 07:42:28,333 [main] INFO  http.BaseHttpServer (BaseHttpServer.java:<init>(189)) - HTTP server of ozoneManager uses base directory /home/runner/work/ozone/ozone/hadoop-ozone/integration-test/target/test-dir/MiniOzoneClusterImpl-43c44e75-c492-4a39-944e-601a0ff30632/ozone-meta/webserver
2024-01-29 07:42:28,333 [main] INFO  http.HttpServer2 (HttpServer2.java:bindListener(1236)) - Jetty bound to port 15094
2024-01-29 07:42:28,333 [main] INFO  server.Server (Server.java:doStart(375)) - jetty-9.4.53.v20231009; built: 2023-10-09T12:29:09.265Z; git: 27bde00a0b95a1d5bbee0eae7984f891d2d0f8c9; jvm 1.8.0_392-b08
2024-01-29 07:42:28,334 [main] INFO  server.session (DefaultSessionIdManager.java:doStart(334)) - DefaultSessionIdManager workerName=node0
2024-01-29 07:42:28,334 [main] INFO  server.session (DefaultSessionIdManager.java:doStart(339)) - No SessionScavenger set, using defaults
2024-01-29 07:42:28,335 [main] INFO  server.session (HouseKeeper.java:startScavenging(132)) - node0 Scavenging every 600000ms
2024-01-29 07:42:28,335 [main] INFO  handler.ContextHandler (ContextHandler.java:doStart(921)) - Started o.e.j.s.ServletContextHandler@4c7b0d6e{logs,/logs,file:///home/runner/work/ozone/ozone/hadoop-ozone/integration-test/target/log,AVAILABLE}
2024-01-29 07:42:28,336 [main] INFO  handler.ContextHandler (ContextHandler.java:doStart(921)) - Started o.e.j.s.ServletContextHandler@6e060dde{static,/static,file:///home/runner/work/ozone/ozone/hadoop-ozone/integration-test/target/test-classes/webapps/static,AVAILABLE}
2024-01-29 07:42:28,338 [main] INFO  handler.ContextHandler (ContextHandler.java:doStart(921)) - Started o.e.j.w.WebAppContext@3e6ab97b{ozoneManager,/,file:///home/runner/work/ozone/ozone/hadoop-ozone/integration-test/target/test-classes/webapps/ozoneManager/,AVAILABLE}{file:/home/runner/work/ozone/ozone/hadoop-ozone/integration-test/target/test-classes/webapps/ozoneManager}
2024-01-29 07:42:28,340 [main] INFO  server.AbstractConnector (AbstractConnector.java:doStart(333)) - Started ServerConnector@76c09b27{HTTP/1.1, (http/1.1)}{0.0.0.0:15094}
2024-01-29 07:42:28,340 [main] INFO  server.Server (Server.java:doStart(415)) - Started @42445ms
2024-01-29 07:42:28,340 [main] WARN  impl.MetricsSystemImpl (MetricsSystemImpl.java:register(279)) - Sink prometheus already exists!
2024-01-29 07:42:28,341 [main] INFO  http.BaseHttpServer (BaseHttpServer.java:updateConnectorAddress(354)) - HTTP server of ozoneManager listening at http://0.0.0.0:15094
2024-01-29 07:42:28,344 [IPC Server Responder] INFO  ipc.Server (Server.java:run(1562)) - IPC Server Responder: starting
2024-01-29 07:42:28,344 [IPC Server listener on 15093] INFO  ipc.Server (Server.java:run(1402)) - IPC Server listener on 15093: starting
2024-01-29 07:42:28,350 [main] INFO  om.OzoneManager (OzoneManager.java:startTrashEmptier(2094)) - Trash Interval set to 0. Files deleted won't move to trash
2024-01-29 07:42:28,371 [main] WARN  dropwizard3.Dm3MetricRegistriesImpl (Dm3MetricRegistriesImpl.java:addReporterRegistration(113)) - New reporters are added after registries were created. Some metrics will be missing from the reporter. Please add reporter before adding any new registry.
2024-01-29 07:42:28,371 [main] WARN  dropwizard3.Dm3MetricRegistriesImpl (Dm3MetricRegistriesImpl.java:addReporterRegistration(113)) - New reporters are added after registries were created. Some metrics will be missing from the reporter. Please add reporter before adding any new registry.
2024-01-29 07:42:28,371 [main] INFO  impl.MetricsSystemImpl (MetricsSystemImpl.java:init(158)) - HddsDatanode metrics system started (again)
2024-01-29 07:42:28,380 [main] INFO  ozone.HddsDatanodeService (HddsDatanodeService.java:start(239)) - HddsDatanodeService host:fv-az571-724.sssw3dgiwi1e5jwxh1zizygaca.bx.internal.cloudapp.net ip:10.1.0.7
2024-01-29 07:42:28,399 [main] INFO  upgrade.AbstractLayoutVersionManager (AbstractLayoutVersionManager.java:init(83)) - Initializing Layout version manager with metadata layout = HADOOP_PRC_PORTS_IN_DATANODEDETAILS (version = 7), software layout = HADOOP_PRC_PORTS_IN_DATANODEDETAILS (version = 7)
2024-01-29 07:42:28,399 [main] INFO  statemachine.DatanodeStateMachine (DatanodeStateMachine.java:getEndPointTaskThreadPoolSize(299)) - Datanode State Machine Task Thread Pool size 2
2024-01-29 07:42:28,401 [main] INFO  volume.HddsVolume (HddsVolume.java:<init>(125)) - Creating HddsVolume: /home/runner/work/ozone/ozone/hadoop-ozone/integration-test/target/test-dir/MiniOzoneClusterImpl-43c44e75-c492-4a39-944e-601a0ff30632/datanode-0/data-0/containers/hdds of storage type : DISK capacity : 9223372036854775807
2024-01-29 07:42:28,401 [main] INFO  volume.MutableVolumeSet (MutableVolumeSet.java:initializeVolumeSet(173)) - Added Volume : /home/runner/work/ozone/ozone/hadoop-ozone/integration-test/target/test-dir/MiniOzoneClusterImpl-43c44e75-c492-4a39-944e-601a0ff30632/datanode-0/data-0/containers/hdds to VolumeSet
2024-01-29 07:42:28,402 [main] INFO  volume.MutableVolumeSet (MutableVolumeSet.java:initializeVolumeSet(173)) - Added Volume : /home/runner/work/ozone/ozone/hadoop-ozone/integration-test/target/test-dir/MiniOzoneClusterImpl-43c44e75-c492-4a39-944e-601a0ff30632/datanode-0/data/ratis to VolumeSet
2024-01-29 07:42:28,403 [main] INFO  ozoneimpl.OzoneContainer (HddsVolumeUtil.java:loadAllHddsVolumeDbStore(103)) - Load 1 volumes DbStore cost: 0ms
2024-01-29 07:42:28,404 [65bc286e-59a3-42df-af3f-c8e10564c4d1-ContainerReader-0] INFO  ozoneimpl.ContainerReader (ContainerReader.java:readVolume(178)) - Finish verifying containers on volume /home/runner/work/ozone/ozone/hadoop-ozone/integration-test/target/test-dir/MiniOzoneClusterImpl-43c44e75-c492-4a39-944e-601a0ff30632/datanode-0/data-0/containers/hdds
2024-01-29 07:42:28,404 [main] INFO  ozoneimpl.OzoneContainer (OzoneContainer.java:buildContainerSet(328)) - Build ContainerSet costs 0s
2024-01-29 07:42:28,408 [main] INFO  server.RaftServer (ConfUtils.java:logGet(46)) - raft.rpc.type = GRPC (default)
2024-01-29 07:42:28,408 [main] INFO  grpc.GrpcConfigKeys (ConfUtils.java:logFallback(53)) - raft.grpc.admin.host = null (fallback to raft.grpc.server.host)
2024-01-29 07:42:28,408 [main] INFO  grpc.GrpcConfigKeys (ConfUtils.java:logGet(46)) - raft.grpc.admin.port = 15102 (custom)
2024-01-29 07:42:28,408 [main] INFO  grpc.GrpcConfigKeys (ConfUtils.java:logFallback(53)) - raft.grpc.client.host = null (fallback to raft.grpc.server.host)
2024-01-29 07:42:28,408 [main] INFO  grpc.GrpcConfigKeys (ConfUtils.java:logGet(46)) - raft.grpc.client.port = 15101 (custom)
2024-01-29 07:42:28,409 [main] INFO  grpc.GrpcConfigKeys (ConfUtils.java:logGet(46)) - raft.grpc.server.host = null (default)
2024-01-29 07:42:28,409 [main] INFO  grpc.GrpcConfigKeys (ConfUtils.java:logGet(46)) - raft.grpc.server.port = 15103 (custom)
2024-01-29 07:42:28,409 [main] INFO  server.GrpcService (ConfUtils.java:logGet(46)) - raft.grpc.message.size.max = 32MB (=33554432) (custom)
2024-01-29 07:42:28,409 [main] INFO  server.RaftServerConfigKeys (ConfUtils.java:logGet(46)) - raft.server.log.appender.buffer.byte-limit = 8388608 (custom)
2024-01-29 07:42:28,410 [main] INFO  server.GrpcService (ConfUtils.java:logGet(46)) - raft.grpc.flow.control.window = 5MB (=5242880) (custom)
2024-01-29 07:42:28,410 [main] INFO  server.RaftServerConfigKeys (ConfUtils.java:logGet(46)) - raft.server.rpc.request.timeout = 3000ms (default)
2024-01-29 07:42:28,410 [main] INFO  grpc.GrpcConfigKeys (ConfUtils.java:logGet(46)) - raft.grpc.server.heartbeat.channel = true (default)
2024-01-29 07:42:28,410 [main] INFO  grpc.GrpcConfigKeys (ConfUtils.java:logGet(46)) - raft.grpc.server.async.request.thread.pool.cached = true (default)
2024-01-29 07:42:28,411 [main] INFO  grpc.GrpcConfigKeys (ConfUtils.java:logGet(46)) - raft.grpc.server.async.request.thread.pool.size = 32 (default)
2024-01-29 07:42:28,413 [main] INFO  impl.DataStreamServerImpl (ConfUtils.java:logGet(46)) - raft.datastream.type = NETTY (custom)
2024-01-29 07:42:28,413 [main] INFO  server.RaftServerConfigKeys (ConfUtils.java:logGet(46)) - raft.server.data-stream.async.request.thread.pool.cached = false (default)
2024-01-29 07:42:28,413 [main] INFO  server.RaftServerConfigKeys (ConfUtils.java:logGet(46)) - raft.server.data-stream.async.request.thread.pool.size = 20 (custom)
2024-01-29 07:42:28,414 [main] INFO  server.RaftServerConfigKeys (ConfUtils.java:logGet(46)) - raft.server.data-stream.async.write.thread.pool.size = 16 (default)
2024-01-29 07:42:28,414 [main] INFO  netty.NettyConfigKeys$DataStream (ConfUtils.java:logGet(46)) - raft.netty.dataStream.server.channel.inactive.grace-period = 10min (default)
2024-01-29 07:42:28,414 [main] INFO  server.RaftServerConfigKeys (ConfUtils.java:logGet(46)) - raft.server.data-stream.client.pool.size = 10 (default)
2024-01-29 07:42:28,415 [main] INFO  netty.NettyConfigKeys$DataStream (ConfUtils.java:logGet(46)) - raft.netty.dataStream.server.use-epoll = true (default)
2024-01-29 07:42:28,415 [main] INFO  netty.NettyConfigKeys$DataStream (ConfUtils.java:logGet(46)) - raft.netty.dataStream.server.boss-group.size = 0 (default)
2024-01-29 07:42:28,415 [main] INFO  netty.NettyUtils (NettyUtils.java:newEventLoopGroup(69)) - Create EpollEventLoopGroup for 65bc286e-59a3-42df-af3f-c8e10564c4d1-NettyServerStreamRpc-bossGroup; Thread size is 0.
2024-01-29 07:42:28,416 [main] INFO  netty.NettyConfigKeys$DataStream (ConfUtils.java:logGet(46)) - raft.netty.dataStream.server.worker-group.size = 0 (default)
2024-01-29 07:42:28,416 [main] INFO  netty.NettyUtils (NettyUtils.java:newEventLoopGroup(69)) - Create EpollEventLoopGroup for 65bc286e-59a3-42df-af3f-c8e10564c4d1-NettyServerStreamRpc-workerGroup; Thread size is 0.
2024-01-29 07:42:28,416 [main] INFO  netty.NettyConfigKeys$DataStream (ConfUtils.java:logGet(46)) - raft.netty.dataStream.server.tls.conf = null (default)
2024-01-29 07:42:28,417 [main] INFO  netty.NettyConfigKeys$DataStream (ConfUtils.java:logGet(46)) - raft.netty.dataStream.host = null (default)
2024-01-29 07:42:28,417 [main] INFO  netty.NettyConfigKeys$DataStream (ConfUtils.java:logGet(46)) - raft.netty.dataStream.port = 15104 (custom)
2024-01-29 07:42:28,417 [main] INFO  server.RaftServerConfigKeys (ConfUtils.java:logGet(46)) - raft.server.sleep.deviation.threshold = 300ms (default)
2024-01-29 07:42:28,418 [main] INFO  server.RaftServerConfigKeys (ConfUtils.java:logGet(46)) - raft.server.close.threshold = 60s (default)
2024-01-29 07:42:28,418 [main] INFO  server.RaftServerConfigKeys (ConfUtils.java:logGet(46)) - raft.server.leaderelection.leader.step-down.wait-time = 10s (default)
2024-01-29 07:42:28,418 [main] INFO  server.RaftServerConfigKeys (ConfUtils.java:logGet(46)) - raft.server.storage.dir = [/home/runner/work/ozone/ozone/hadoop-ozone/integration-test/target/test-dir/MiniOzoneClusterImpl-43c44e75-c492-4a39-944e-601a0ff30632/datanode-0/data/ratis] (custom)
2024-01-29 07:42:28,418 [main] INFO  server.RaftServerConfigKeys (ConfUtils.java:logGet(46)) - raft.server.threadpool.proxy.cached = true (default)
2024-01-29 07:42:28,418 [main] INFO  server.RaftServerConfigKeys (ConfUtils.java:logGet(46)) - raft.server.threadpool.proxy.size = 0 (default)
2024-01-29 07:42:28,419 [65bc286e-59a3-42df-af3f-c8e10564c4d1-NettyServerStreamRpc-bossGroup--thread1] INFO  logging.LoggingHandler (AbstractInternalLogger.java:log(148)) - [id: 0x83c1c190] REGISTERED
2024-01-29 07:42:28,419 [65bc286e-59a3-42df-af3f-c8e10564c4d1-NettyServerStreamRpc-bossGroup--thread1] INFO  logging.LoggingHandler (AbstractInternalLogger.java:log(148)) - [id: 0x83c1c190] BIND: 0.0.0.0/0.0.0.0:15104
2024-01-29 07:42:28,420 [65bc286e-59a3-42df-af3f-c8e10564c4d1-NettyServerStreamRpc-bossGroup--thread1] INFO  logging.LoggingHandler (AbstractInternalLogger.java:log(148)) - [id: 0x83c1c190, L:/0.0.0.0:15104] ACTIVE
2024-01-29 07:42:28,423 [65bc286e-59a3-42df-af3f-c8e10564c4d1-impl-thread1] INFO  server.RaftServer (RaftServerProxy.java:initGroupDir(264)) - 65bc286e-59a3-42df-af3f-c8e10564c4d1: found a subdirectory /home/runner/work/ozone/ozone/hadoop-ozone/integration-test/target/test-dir/MiniOzoneClusterImpl-43c44e75-c492-4a39-944e-601a0ff30632/datanode-0/data/ratis/tmp
2024-01-29 07:42:28,423 [65bc286e-59a3-42df-af3f-c8e10564c4d1-impl-thread1] INFO  server.RaftServer (RaftServerProxy.java:initGroupDir(269)) - 65bc286e-59a3-42df-af3f-c8e10564c4d1: The directory /home/runner/work/ozone/ozone/hadoop-ozone/integration-test/target/test-dir/MiniOzoneClusterImpl-43c44e75-c492-4a39-944e-601a0ff30632/datanode-0/data/ratis/tmp is not a group directory; ignoring it. 
2024-01-29 07:42:28,423 [main] INFO  replication.ReplicationServer (ReplicationServer.java:<init>(85)) - Initializing replication server with thread count = 10 queue length = 4096
2024-01-29 07:42:28,425 [main] INFO  server.XceiverServerGrpc (XceiverServerGrpc.java:<init>(141)) - GrpcServer channel type EpollServerSocketChannel
2024-01-29 07:42:28,426 [main] INFO  replication.ReplicationSupervisor (ReplicationSupervisor.java:build(163)) - Initializing replication supervisor with thread count = 10
2024-01-29 07:42:28,426 [main] INFO  replication.ReplicationSupervisor (ReplicationSupervisor.java:nodeStateUpdated(317)) - Node state updated to IN_SERVICE, scaling executor pool size to 10
2024-01-29 07:42:28,429 [main] INFO  http.BaseHttpServer (BaseHttpServer.java:newHttpServer2BuilderForOzone(223)) - Starting Web-server for hddsDatanode at: http://0.0.0.0:15098
2024-01-29 07:42:28,429 [main] INFO  http.BaseHttpServer (BaseHttpServer.java:<init>(110)) - Hadoop Security Enabled: false Ozone Security Enabled: false Ozone HTTP Security Enabled: false 
2024-01-29 07:42:28,430 [main] WARN  server.AuthenticationFilter (AuthenticationFilter.java:constructSecretProvider(240)) - Unable to initialize FileSignerSecretProvider, falling back to use random secrets. Reason: Could not read signature secret file: /home/runner/hadoop-http-auth-signature-secret
2024-01-29 07:42:28,430 [main] INFO  http.HttpRequestLog (HttpRequestLog.java:getRequestLog(86)) - Http request log for http.requests.hddsDatanode is not defined
2024-01-29 07:42:28,431 [main] INFO  http.HttpServer2 (HttpServer2.java:addGlobalFilter(1036)) - Added global filter 'safety' (class=org.apache.hadoop.hdds.server.http.HttpServer2$QuotingInputFilter)
2024-01-29 07:42:28,432 [main] INFO  http.HttpServer2 (HttpServer2.java:addFilter(1012)) - Added filter static_user_filter (class=org.apache.hadoop.http.lib.StaticUserWebFilter$StaticUserFilter) to context hddsDatanode
2024-01-29 07:42:28,432 [main] INFO  http.HttpServer2 (HttpServer2.java:addFilter(1020)) - Added filter static_user_filter (class=org.apache.hadoop.http.lib.StaticUserWebFilter$StaticUserFilter) to context logs
2024-01-29 07:42:28,432 [main] INFO  http.HttpServer2 (HttpServer2.java:addFilter(1020)) - Added filter static_user_filter (class=org.apache.hadoop.http.lib.StaticUserWebFilter$StaticUserFilter) to context static
2024-01-29 07:42:28,433 [main] INFO  http.BaseHttpServer (BaseHttpServer.java:<init>(189)) - HTTP server of hddsDatanode uses base directory /home/runner/work/ozone/ozone/hadoop-ozone/integration-test/target/test-dir/MiniOzoneClusterImpl-43c44e75-c492-4a39-944e-601a0ff30632/datanode-0/meta/webserver
2024-01-29 07:42:28,433 [main] INFO  http.HttpServer2 (HttpServer2.java:bindListener(1236)) - Jetty bound to port 15098
2024-01-29 07:42:28,433 [main] INFO  server.Server (Server.java:doStart(375)) - jetty-9.4.53.v20231009; built: 2023-10-09T12:29:09.265Z; git: 27bde00a0b95a1d5bbee0eae7984f891d2d0f8c9; jvm 1.8.0_392-b08
2024-01-29 07:42:28,435 [main] INFO  server.session (DefaultSessionIdManager.java:doStart(334)) - DefaultSessionIdManager workerName=node0
2024-01-29 07:42:28,435 [main] INFO  server.session (DefaultSessionIdManager.java:doStart(339)) - No SessionScavenger set, using defaults
2024-01-29 07:42:28,435 [main] INFO  server.session (HouseKeeper.java:startScavenging(132)) - node0 Scavenging every 600000ms
2024-01-29 07:42:28,436 [main] INFO  handler.ContextHandler (ContextHandler.java:doStart(921)) - Started o.e.j.s.ServletContextHandler@6d8fd852{logs,/logs,file:///home/runner/work/ozone/ozone/hadoop-ozone/integration-test/target/log,AVAILABLE}
2024-01-29 07:42:28,437 [main] INFO  handler.ContextHandler (ContextHandler.java:doStart(921)) - Started o.e.j.s.ServletContextHandler@7c4a3a84{static,/static,jar:file:/home/runner/.m2/repository/org/apache/ozone/hdds-container-service/1.5.0-SNAPSHOT/hdds-container-service-1.5.0-SNAPSHOT.jar!/webapps/static,AVAILABLE}
2024-01-29 07:42:28,471 [main] INFO  handler.ContextHandler (ContextHandler.java:doStart(921)) - Started o.e.j.w.WebAppContext@79083c2{hddsDatanode,/,file:///home/runner/work/ozone/ozone/hadoop-ozone/integration-test/target/test-dir/MiniOzoneClusterImpl-43c44e75-c492-4a39-944e-601a0ff30632/datanode-0/meta/webserver/jetty-0_0_0_0-15098-hdds-container-service-1_5_0-SNAPSHOT_jar-_-any-8952276608343739266/webapp/,AVAILABLE}{jar:file:/home/runner/.m2/repository/org/apache/ozone/hdds-container-service/1.5.0-SNAPSHOT/hdds-container-service-1.5.0-SNAPSHOT.jar!/webapps/hddsDatanode}
2024-01-29 07:42:28,473 [main] INFO  server.AbstractConnector (AbstractConnector.java:doStart(333)) - Started ServerConnector@5cfb0061{HTTP/1.1, (http/1.1)}{0.0.0.0:15098}
2024-01-29 07:42:28,473 [main] INFO  server.Server (Server.java:doStart(415)) - Started @42578ms
2024-01-29 07:42:28,473 [main] WARN  impl.MetricsSystemImpl (MetricsSystemImpl.java:register(279)) - Sink prometheus already exists!
2024-01-29 07:42:28,474 [main] INFO  http.BaseHttpServer (BaseHttpServer.java:updateConnectorAddress(354)) - HTTP server of hddsDatanode listening at http://0.0.0.0:15098
2024-01-29 07:42:28,474 [main] INFO  ipc.CallQueueManager (CallQueueManager.java:<init>(90)) - Using callQueue: class java.util.concurrent.LinkedBlockingQueue, queueCapacity: 100, scheduler: class org.apache.hadoop.ipc.DefaultRpcScheduler, ipcBackoff: false.
2024-01-29 07:42:28,475 [main] INFO  ipc.Server (Server.java:<init>(1287)) - Listener at 0.0.0.0:15099
2024-01-29 07:42:28,475 [Socket Reader #1 for port 15099] INFO  ipc.Server (Server.java:run(1323)) - Starting Socket Reader #1 for port 15099
2024-01-29 07:42:28,477 [main] INFO  ozone.HddsDatanodeService (HddsDatanodeService.java:start(324)) - Datanode start with admins: [runner]
2024-01-29 07:42:28,477 [main] INFO  ozone.HddsDatanodeClientProtocolServer (HddsDatanodeClientProtocolServer.java:start(72)) - RPC server for Client /0.0.0.0:15099
2024-01-29 07:42:28,478 [IPC Server Responder] INFO  ipc.Server (Server.java:run(1562)) - IPC Server Responder: starting
2024-01-29 07:42:28,481 [IPC Server listener on 15099] INFO  ipc.Server (Server.java:run(1402)) - IPC Server listener on 15099: starting
2024-01-29 07:42:28,482 [65bc286e-59a3-42df-af3f-c8e10564c4d1-DatanodeStateMachineDaemonThread] INFO  statemachine.DatanodeStateMachine (DatanodeStateMachine.java:lambda$startDaemon$1(555)) - Ozone container server started.
2024-01-29 07:42:28,485 [main] WARN  dropwizard3.Dm3MetricRegistriesImpl (Dm3MetricRegistriesImpl.java:addReporterRegistration(113)) - New reporters are added after registries were created. Some metrics will be missing from the reporter. Please add reporter before adding any new registry.
2024-01-29 07:42:28,487 [main] WARN  dropwizard3.Dm3MetricRegistriesImpl (Dm3MetricRegistriesImpl.java:addReporterRegistration(113)) - New reporters are added after registries were created. Some metrics will be missing from the reporter. Please add reporter before adding any new registry.
2024-01-29 07:42:28,487 [main] INFO  impl.MetricsSystemImpl (MetricsSystemImpl.java:init(158)) - HddsDatanode metrics system started (again)
2024-01-29 07:42:28,500 [65bc286e-59a3-42df-af3f-c8e10564c4d1-DatanodeStateMachineTaskThread-0] INFO  datanode.InitDatanodeState (InitDatanodeState.java:persistContainerDatanodeDetails(139)) - DatanodeDetails is persisted to /home/runner/work/ozone/ozone/hadoop-ozone/integration-test/target/test-dir/MiniOzoneClusterImpl-43c44e75-c492-4a39-944e-601a0ff30632/datanode-0/meta/datanode.id
2024-01-29 07:42:28,506 [main] INFO  ozone.HddsDatanodeService (HddsDatanodeService.java:start(239)) - HddsDatanodeService host:fv-az571-724.sssw3dgiwi1e5jwxh1zizygaca.bx.internal.cloudapp.net ip:10.1.0.7
2024-01-29 07:42:28,529 [main] INFO  upgrade.AbstractLayoutVersionManager (AbstractLayoutVersionManager.java:init(83)) - Initializing Layout version manager with metadata layout = HADOOP_PRC_PORTS_IN_DATANODEDETAILS (version = 7), software layout = HADOOP_PRC_PORTS_IN_DATANODEDETAILS (version = 7)
2024-01-29 07:42:28,529 [main] INFO  statemachine.DatanodeStateMachine (DatanodeStateMachine.java:getEndPointTaskThreadPoolSize(299)) - Datanode State Machine Task Thread Pool size 2
2024-01-29 07:42:28,531 [main] INFO  volume.HddsVolume (HddsVolume.java:<init>(125)) - Creating HddsVolume: /home/runner/work/ozone/ozone/hadoop-ozone/integration-test/target/test-dir/MiniOzoneClusterImpl-43c44e75-c492-4a39-944e-601a0ff30632/datanode-1/data-0/containers/hdds of storage type : DISK capacity : 9223372036854775807
2024-01-29 07:42:28,532 [main] INFO  volume.MutableVolumeSet (MutableVolumeSet.java:initializeVolumeSet(173)) - Added Volume : /home/runner/work/ozone/ozone/hadoop-ozone/integration-test/target/test-dir/MiniOzoneClusterImpl-43c44e75-c492-4a39-944e-601a0ff30632/datanode-1/data-0/containers/hdds to VolumeSet
2024-01-29 07:42:28,532 [main] INFO  volume.MutableVolumeSet (MutableVolumeSet.java:initializeVolumeSet(173)) - Added Volume : /home/runner/work/ozone/ozone/hadoop-ozone/integration-test/target/test-dir/MiniOzoneClusterImpl-43c44e75-c492-4a39-944e-601a0ff30632/datanode-1/data/ratis to VolumeSet
2024-01-29 07:42:28,533 [main] INFO  ozoneimpl.OzoneContainer (HddsVolumeUtil.java:loadAllHddsVolumeDbStore(103)) - Load 1 volumes DbStore cost: 1ms
2024-01-29 07:42:28,533 [eea2313d-992f-4b5d-9e13-b8d80714ad2c-ContainerReader-0] INFO  ozoneimpl.ContainerReader (ContainerReader.java:readVolume(178)) - Finish verifying containers on volume /home/runner/work/ozone/ozone/hadoop-ozone/integration-test/target/test-dir/MiniOzoneClusterImpl-43c44e75-c492-4a39-944e-601a0ff30632/datanode-1/data-0/containers/hdds
2024-01-29 07:42:28,533 [main] INFO  ozoneimpl.OzoneContainer (OzoneContainer.java:buildContainerSet(328)) - Build ContainerSet costs 0s
2024-01-29 07:42:28,535 [main] INFO  server.RaftServer (ConfUtils.java:logGet(46)) - raft.rpc.type = GRPC (default)
2024-01-29 07:42:28,535 [main] INFO  grpc.GrpcConfigKeys (ConfUtils.java:logFallback(53)) - raft.grpc.admin.host = null (fallback to raft.grpc.server.host)
2024-01-29 07:42:28,536 [main] INFO  grpc.GrpcConfigKeys (ConfUtils.java:logGet(46)) - raft.grpc.admin.port = 15111 (custom)
2024-01-29 07:42:28,536 [main] INFO  grpc.GrpcConfigKeys (ConfUtils.java:logFallback(53)) - raft.grpc.client.host = null (fallback to raft.grpc.server.host)
2024-01-29 07:42:28,536 [main] INFO  grpc.GrpcConfigKeys (ConfUtils.java:logGet(46)) - raft.grpc.client.port = 15110 (custom)
2024-01-29 07:42:28,536 [main] INFO  grpc.GrpcConfigKeys (ConfUtils.java:logGet(46)) - raft.grpc.server.host = null (default)
2024-01-29 07:42:28,536 [main] INFO  grpc.GrpcConfigKeys (ConfUtils.java:logGet(46)) - raft.grpc.server.port = 15112 (custom)
2024-01-29 07:42:28,537 [main] INFO  server.GrpcService (ConfUtils.java:logGet(46)) - raft.grpc.message.size.max = 32MB (=33554432) (custom)
2024-01-29 07:42:28,537 [main] INFO  server.RaftServerConfigKeys (ConfUtils.java:logGet(46)) - raft.server.log.appender.buffer.byte-limit = 8388608 (custom)
2024-01-29 07:42:28,537 [main] INFO  server.GrpcService (ConfUtils.java:logGet(46)) - raft.grpc.flow.control.window = 5MB (=5242880) (custom)
2024-01-29 07:42:28,537 [main] INFO  server.RaftServerConfigKeys (ConfUtils.java:logGet(46)) - raft.server.rpc.request.timeout = 3000ms (default)
2024-01-29 07:42:28,537 [main] INFO  grpc.GrpcConfigKeys (ConfUtils.java:logGet(46)) - raft.grpc.server.heartbeat.channel = true (default)
2024-01-29 07:42:28,538 [main] INFO  grpc.GrpcConfigKeys (ConfUtils.java:logGet(46)) - raft.grpc.server.async.request.thread.pool.cached = true (default)
2024-01-29 07:42:28,538 [main] INFO  grpc.GrpcConfigKeys (ConfUtils.java:logGet(46)) - raft.grpc.server.async.request.thread.pool.size = 32 (default)
2024-01-29 07:42:28,540 [main] INFO  impl.DataStreamServerImpl (ConfUtils.java:logGet(46)) - raft.datastream.type = NETTY (custom)
2024-01-29 07:42:28,540 [main] INFO  server.RaftServerConfigKeys (ConfUtils.java:logGet(46)) - raft.server.data-stream.async.request.thread.pool.cached = false (default)
2024-01-29 07:42:28,540 [main] INFO  server.RaftServerConfigKeys (ConfUtils.java:logGet(46)) - raft.server.data-stream.async.request.thread.pool.size = 20 (custom)
2024-01-29 07:42:28,541 [main] INFO  server.RaftServerConfigKeys (ConfUtils.java:logGet(46)) - raft.server.data-stream.async.write.thread.pool.size = 16 (default)
2024-01-29 07:42:28,541 [main] INFO  netty.NettyConfigKeys$DataStream (ConfUtils.java:logGet(46)) - raft.netty.dataStream.server.channel.inactive.grace-period = 10min (default)
2024-01-29 07:42:28,541 [main] INFO  server.RaftServerConfigKeys (ConfUtils.java:logGet(46)) - raft.server.data-stream.client.pool.size = 10 (default)
2024-01-29 07:42:28,541 [main] INFO  netty.NettyConfigKeys$DataStream (ConfUtils.java:logGet(46)) - raft.netty.dataStream.server.use-epoll = true (default)
2024-01-29 07:42:28,542 [main] INFO  netty.NettyConfigKeys$DataStream (ConfUtils.java:logGet(46)) - raft.netty.dataStream.server.boss-group.size = 0 (default)
2024-01-29 07:42:28,542 [main] INFO  netty.NettyUtils (NettyUtils.java:newEventLoopGroup(69)) - Create EpollEventLoopGroup for eea2313d-992f-4b5d-9e13-b8d80714ad2c-NettyServerStreamRpc-bossGroup; Thread size is 0.
2024-01-29 07:42:28,542 [main] INFO  netty.NettyConfigKeys$DataStream (ConfUtils.java:logGet(46)) - raft.netty.dataStream.server.worker-group.size = 0 (default)
2024-01-29 07:42:28,543 [main] INFO  netty.NettyUtils (NettyUtils.java:newEventLoopGroup(69)) - Create EpollEventLoopGroup for eea2313d-992f-4b5d-9e13-b8d80714ad2c-NettyServerStreamRpc-workerGroup; Thread size is 0.
2024-01-29 07:42:28,543 [main] INFO  netty.NettyConfigKeys$DataStream (ConfUtils.java:logGet(46)) - raft.netty.dataStream.server.tls.conf = null (default)
2024-01-29 07:42:28,543 [main] INFO  netty.NettyConfigKeys$DataStream (ConfUtils.java:logGet(46)) - raft.netty.dataStream.host = null (default)
2024-01-29 07:42:28,543 [main] INFO  netty.NettyConfigKeys$DataStream (ConfUtils.java:logGet(46)) - raft.netty.dataStream.port = 15113 (custom)
2024-01-29 07:42:28,544 [main] INFO  server.RaftServerConfigKeys (ConfUtils.java:logGet(46)) - raft.server.sleep.deviation.threshold = 300ms (default)
2024-01-29 07:42:28,544 [eea2313d-992f-4b5d-9e13-b8d80714ad2c-NettyServerStreamRpc-bossGroup--thread1] INFO  logging.LoggingHandler (AbstractInternalLogger.java:log(148)) - [id: 0x30f02f3c] REGISTERED
2024-01-29 07:42:28,544 [main] INFO  server.RaftServerConfigKeys (ConfUtils.java:logGet(46)) - raft.server.close.threshold = 60s (default)
2024-01-29 07:42:28,544 [main] INFO  server.RaftServerConfigKeys (ConfUtils.java:logGet(46)) - raft.server.leaderelection.leader.step-down.wait-time = 10s (default)
2024-01-29 07:42:28,544 [main] INFO  server.RaftServerConfigKeys (ConfUtils.java:logGet(46)) - raft.server.storage.dir = [/home/runner/work/ozone/ozone/hadoop-ozone/integration-test/target/test-dir/MiniOzoneClusterImpl-43c44e75-c492-4a39-944e-601a0ff30632/datanode-1/data/ratis] (custom)
2024-01-29 07:42:28,545 [main] INFO  server.RaftServerConfigKeys (ConfUtils.java:logGet(46)) - raft.server.threadpool.proxy.cached = true (default)
2024-01-29 07:42:28,545 [main] INFO  server.RaftServerConfigKeys (ConfUtils.java:logGet(46)) - raft.server.threadpool.proxy.size = 0 (default)
2024-01-29 07:42:28,545 [eea2313d-992f-4b5d-9e13-b8d80714ad2c-impl-thread1] INFO  server.RaftServer (RaftServerProxy.java:initGroupDir(264)) - eea2313d-992f-4b5d-9e13-b8d80714ad2c: found a subdirectory /home/runner/work/ozone/ozone/hadoop-ozone/integration-test/target/test-dir/MiniOzoneClusterImpl-43c44e75-c492-4a39-944e-601a0ff30632/datanode-1/data/ratis/tmp
2024-01-29 07:42:28,546 [eea2313d-992f-4b5d-9e13-b8d80714ad2c-impl-thread1] INFO  server.RaftServer (RaftServerProxy.java:initGroupDir(269)) - eea2313d-992f-4b5d-9e13-b8d80714ad2c: The directory /home/runner/work/ozone/ozone/hadoop-ozone/integration-test/target/test-dir/MiniOzoneClusterImpl-43c44e75-c492-4a39-944e-601a0ff30632/datanode-1/data/ratis/tmp is not a group directory; ignoring it. 
2024-01-29 07:42:28,546 [main] INFO  replication.ReplicationServer (ReplicationServer.java:<init>(85)) - Initializing replication server with thread count = 10 queue length = 4096
2024-01-29 07:42:28,547 [main] INFO  server.XceiverServerGrpc (XceiverServerGrpc.java:<init>(141)) - GrpcServer channel type EpollServerSocketChannel
2024-01-29 07:42:28,549 [main] INFO  replication.ReplicationSupervisor (ReplicationSupervisor.java:build(163)) - Initializing replication supervisor with thread count = 10
2024-01-29 07:42:28,549 [main] INFO  replication.ReplicationSupervisor (ReplicationSupervisor.java:nodeStateUpdated(317)) - Node state updated to IN_SERVICE, scaling executor pool size to 10
2024-01-29 07:42:28,552 [main] INFO  http.BaseHttpServer (BaseHttpServer.java:newHttpServer2BuilderForOzone(223)) - Starting Web-server for hddsDatanode at: http://0.0.0.0:15107
2024-01-29 07:42:28,552 [main] INFO  http.BaseHttpServer (BaseHttpServer.java:<init>(110)) - Hadoop Security Enabled: false Ozone Security Enabled: false Ozone HTTP Security Enabled: false 
2024-01-29 07:42:28,553 [main] WARN  server.AuthenticationFilter (AuthenticationFilter.java:constructSecretProvider(240)) - Unable to initialize FileSignerSecretProvider, falling back to use random secrets. Reason: Could not read signature secret file: /home/runner/hadoop-http-auth-signature-secret
2024-01-29 07:42:28,554 [main] INFO  http.HttpRequestLog (HttpRequestLog.java:getRequestLog(86)) - Http request log for http.requests.hddsDatanode is not defined
2024-01-29 07:42:28,553 [eea2313d-992f-4b5d-9e13-b8d80714ad2c-NettyServerStreamRpc-bossGroup--thread1] INFO  logging.LoggingHandler (AbstractInternalLogger.java:log(148)) - [id: 0x30f02f3c] BIND: 0.0.0.0/0.0.0.0:15113
2024-01-29 07:42:28,554 [eea2313d-992f-4b5d-9e13-b8d80714ad2c-NettyServerStreamRpc-bossGroup--thread1] INFO  logging.LoggingHandler (AbstractInternalLogger.java:log(148)) - [id: 0x30f02f3c, L:/0.0.0.0:15113] ACTIVE
2024-01-29 07:42:28,555 [main] INFO  http.HttpServer2 (HttpServer2.java:addGlobalFilter(1036)) - Added global filter 'safety' (class=org.apache.hadoop.hdds.server.http.HttpServer2$QuotingInputFilter)
2024-01-29 07:42:28,556 [main] INFO  http.HttpServer2 (HttpServer2.java:addFilter(1012)) - Added filter static_user_filter (class=org.apache.hadoop.http.lib.StaticUserWebFilter$StaticUserFilter) to context hddsDatanode
2024-01-29 07:42:28,556 [main] INFO  http.HttpServer2 (HttpServer2.java:addFilter(1020)) - Added filter static_user_filter (class=org.apache.hadoop.http.lib.StaticUserWebFilter$StaticUserFilter) to context static
2024-01-29 07:42:28,556 [main] INFO  http.HttpServer2 (HttpServer2.java:addFilter(1020)) - Added filter static_user_filter (class=org.apache.hadoop.http.lib.StaticUserWebFilter$StaticUserFilter) to context logs
2024-01-29 07:42:28,557 [main] INFO  http.BaseHttpServer (BaseHttpServer.java:<init>(189)) - HTTP server of hddsDatanode uses base directory /home/runner/work/ozone/ozone/hadoop-ozone/integration-test/target/test-dir/MiniOzoneClusterImpl-43c44e75-c492-4a39-944e-601a0ff30632/datanode-1/meta/webserver
2024-01-29 07:42:28,557 [main] INFO  http.HttpServer2 (HttpServer2.java:bindListener(1236)) - Jetty bound to port 15107
2024-01-29 07:42:28,557 [main] INFO  server.Server (Server.java:doStart(375)) - jetty-9.4.53.v20231009; built: 2023-10-09T12:29:09.265Z; git: 27bde00a0b95a1d5bbee0eae7984f891d2d0f8c9; jvm 1.8.0_392-b08
2024-01-29 07:42:28,573 [main] INFO  server.session (DefaultSessionIdManager.java:doStart(334)) - DefaultSessionIdManager workerName=node0
2024-01-29 07:42:28,574 [main] INFO  server.session (DefaultSessionIdManager.java:doStart(339)) - No SessionScavenger set, using defaults
2024-01-29 07:42:28,574 [main] INFO  server.session (HouseKeeper.java:startScavenging(132)) - node0 Scavenging every 660000ms
2024-01-29 07:42:28,574 [main] INFO  handler.ContextHandler (ContextHandler.java:doStart(921)) - Started o.e.j.s.ServletContextHandler@3a0e98b2{logs,/logs,file:///home/runner/work/ozone/ozone/hadoop-ozone/integration-test/target/log,AVAILABLE}
2024-01-29 07:42:28,575 [main] INFO  handler.ContextHandler (ContextHandler.java:doStart(921)) - Started o.e.j.s.ServletContextHandler@41d1bea3{static,/static,jar:file:/home/runner/.m2/repository/org/apache/ozone/hdds-container-service/1.5.0-SNAPSHOT/hdds-container-service-1.5.0-SNAPSHOT.jar!/webapps/static,AVAILABLE}
2024-01-29 07:42:28,610 [main] INFO  handler.ContextHandler (ContextHandler.java:doStart(921)) - Started o.e.j.w.WebAppContext@134f9b9f{hddsDatanode,/,file:///home/runner/work/ozone/ozone/hadoop-ozone/integration-test/target/test-dir/MiniOzoneClusterImpl-43c44e75-c492-4a39-944e-601a0ff30632/datanode-1/meta/webserver/jetty-0_0_0_0-15107-hdds-container-service-1_5_0-SNAPSHOT_jar-_-any-8838846705369225779/webapp/,AVAILABLE}{jar:file:/home/runner/.m2/repository/org/apache/ozone/hdds-container-service/1.5.0-SNAPSHOT/hdds-container-service-1.5.0-SNAPSHOT.jar!/webapps/hddsDatanode}
2024-01-29 07:42:28,612 [main] INFO  server.AbstractConnector (AbstractConnector.java:doStart(333)) - Started ServerConnector@653856e6{HTTP/1.1, (http/1.1)}{0.0.0.0:15107}
2024-01-29 07:42:28,612 [main] INFO  server.Server (Server.java:doStart(415)) - Started @42717ms
2024-01-29 07:42:28,612 [main] WARN  impl.MetricsSystemImpl (MetricsSystemImpl.java:register(279)) - Sink prometheus already exists!
2024-01-29 07:42:28,613 [main] INFO  http.BaseHttpServer (BaseHttpServer.java:updateConnectorAddress(354)) - HTTP server of hddsDatanode listening at http://0.0.0.0:15107
2024-01-29 07:42:28,613 [main] INFO  ipc.CallQueueManager (CallQueueManager.java:<init>(90)) - Using callQueue: class java.util.concurrent.LinkedBlockingQueue, queueCapacity: 100, scheduler: class org.apache.hadoop.ipc.DefaultRpcScheduler, ipcBackoff: false.
2024-01-29 07:42:28,613 [main] INFO  ipc.Server (Server.java:<init>(1287)) - Listener at 0.0.0.0:15108
2024-01-29 07:42:28,614 [Socket Reader #1 for port 15108] INFO  ipc.Server (Server.java:run(1323)) - Starting Socket Reader #1 for port 15108
2024-01-29 07:42:28,615 [main] INFO  ozone.HddsDatanodeService (HddsDatanodeService.java:start(324)) - Datanode start with admins: [runner]
2024-01-29 07:42:28,616 [main] INFO  ozone.HddsDatanodeClientProtocolServer (HddsDatanodeClientProtocolServer.java:start(72)) - RPC server for Client /0.0.0.0:15108
2024-01-29 07:42:28,616 [IPC Server Responder] INFO  ipc.Server (Server.java:run(1562)) - IPC Server Responder: starting
2024-01-29 07:42:28,617 [eea2313d-992f-4b5d-9e13-b8d80714ad2c-DatanodeStateMachineDaemonThread] INFO  statemachine.DatanodeStateMachine (DatanodeStateMachine.java:lambda$startDaemon$1(555)) - Ozone container server started.
2024-01-29 07:42:28,617 [IPC Server listener on 15108] INFO  ipc.Server (Server.java:run(1402)) - IPC Server listener on 15108: starting
2024-01-29 07:42:28,617 [main] WARN  dropwizard3.Dm3MetricRegistriesImpl (Dm3MetricRegistriesImpl.java:addReporterRegistration(113)) - New reporters are added after registries were created. Some metrics will be missing from the reporter. Please add reporter before adding any new registry.
2024-01-29 07:42:28,617 [main] WARN  dropwizard3.Dm3MetricRegistriesImpl (Dm3MetricRegistriesImpl.java:addReporterRegistration(113)) - New reporters are added after registries were created. Some metrics will be missing from the reporter. Please add reporter before adding any new registry.
2024-01-29 07:42:28,617 [main] INFO  impl.MetricsSystemImpl (MetricsSystemImpl.java:init(158)) - HddsDatanode metrics system started (again)
2024-01-29 07:42:28,622 [eea2313d-992f-4b5d-9e13-b8d80714ad2c-DatanodeStateMachineTaskThread-0] INFO  datanode.InitDatanodeState (InitDatanodeState.java:persistContainerDatanodeDetails(139)) - DatanodeDetails is persisted to /home/runner/work/ozone/ozone/hadoop-ozone/integration-test/target/test-dir/MiniOzoneClusterImpl-43c44e75-c492-4a39-944e-601a0ff30632/datanode-1/meta/datanode.id
2024-01-29 07:42:28,628 [main] INFO  ozone.HddsDatanodeService (HddsDatanodeService.java:start(239)) - HddsDatanodeService host:fv-az571-724.sssw3dgiwi1e5jwxh1zizygaca.bx.internal.cloudapp.net ip:10.1.0.7
2024-01-29 07:42:28,643 [main] INFO  upgrade.AbstractLayoutVersionManager (AbstractLayoutVersionManager.java:init(83)) - Initializing Layout version manager with metadata layout = HADOOP_PRC_PORTS_IN_DATANODEDETAILS (version = 7), software layout = HADOOP_PRC_PORTS_IN_DATANODEDETAILS (version = 7)
2024-01-29 07:42:28,644 [main] INFO  statemachine.DatanodeStateMachine (DatanodeStateMachine.java:getEndPointTaskThreadPoolSize(299)) - Datanode State Machine Task Thread Pool size 2
2024-01-29 07:42:28,645 [main] INFO  volume.HddsVolume (HddsVolume.java:<init>(125)) - Creating HddsVolume: /home/runner/work/ozone/ozone/hadoop-ozone/integration-test/target/test-dir/MiniOzoneClusterImpl-43c44e75-c492-4a39-944e-601a0ff30632/datanode-2/data-0/containers/hdds of storage type : DISK capacity : 9223372036854775807
2024-01-29 07:42:28,646 [main] INFO  volume.MutableVolumeSet (MutableVolumeSet.java:initializeVolumeSet(173)) - Added Volume : /home/runner/work/ozone/ozone/hadoop-ozone/integration-test/target/test-dir/MiniOzoneClusterImpl-43c44e75-c492-4a39-944e-601a0ff30632/datanode-2/data-0/containers/hdds to VolumeSet
2024-01-29 07:42:28,646 [main] INFO  volume.MutableVolumeSet (MutableVolumeSet.java:initializeVolumeSet(173)) - Added Volume : /home/runner/work/ozone/ozone/hadoop-ozone/integration-test/target/test-dir/MiniOzoneClusterImpl-43c44e75-c492-4a39-944e-601a0ff30632/datanode-2/data/ratis to VolumeSet
2024-01-29 07:42:28,647 [main] INFO  ozoneimpl.OzoneContainer (HddsVolumeUtil.java:loadAllHddsVolumeDbStore(103)) - Load 1 volumes DbStore cost: 0ms
2024-01-29 07:42:28,647 [0ce2b046-143e-42c7-a174-539311f5349e-ContainerReader-0] INFO  ozoneimpl.ContainerReader (ContainerReader.java:readVolume(178)) - Finish verifying containers on volume /home/runner/work/ozone/ozone/hadoop-ozone/integration-test/target/test-dir/MiniOzoneClusterImpl-43c44e75-c492-4a39-944e-601a0ff30632/datanode-2/data-0/containers/hdds
2024-01-29 07:42:28,647 [main] INFO  ozoneimpl.OzoneContainer (OzoneContainer.java:buildContainerSet(328)) - Build ContainerSet costs 0s
2024-01-29 07:42:28,649 [main] INFO  server.RaftServer (ConfUtils.java:logGet(46)) - raft.rpc.type = GRPC (default)
2024-01-29 07:42:28,650 [main] INFO  grpc.GrpcConfigKeys (ConfUtils.java:logFallback(53)) - raft.grpc.admin.host = null (fallback to raft.grpc.server.host)
2024-01-29 07:42:28,650 [main] INFO  grpc.GrpcConfigKeys (ConfUtils.java:logGet(46)) - raft.grpc.admin.port = 15120 (custom)
2024-01-29 07:42:28,650 [main] INFO  grpc.GrpcConfigKeys (ConfUtils.java:logFallback(53)) - raft.grpc.client.host = null (fallback to raft.grpc.server.host)
2024-01-29 07:42:28,650 [main] INFO  grpc.GrpcConfigKeys (ConfUtils.java:logGet(46)) - raft.grpc.client.port = 15119 (custom)
2024-01-29 07:42:28,651 [main] INFO  grpc.GrpcConfigKeys (ConfUtils.java:logGet(46)) - raft.grpc.server.host = null (default)
2024-01-29 07:42:28,651 [main] INFO  grpc.GrpcConfigKeys (ConfUtils.java:logGet(46)) - raft.grpc.server.port = 15121 (custom)
2024-01-29 07:42:28,651 [main] INFO  server.GrpcService (ConfUtils.java:logGet(46)) - raft.grpc.message.size.max = 32MB (=33554432) (custom)
2024-01-29 07:42:28,651 [main] INFO  server.RaftServerConfigKeys (ConfUtils.java:logGet(46)) - raft.server.log.appender.buffer.byte-limit = 8388608 (custom)
2024-01-29 07:42:28,651 [main] INFO  server.GrpcService (ConfUtils.java:logGet(46)) - raft.grpc.flow.control.window = 5MB (=5242880) (custom)
2024-01-29 07:42:28,652 [main] INFO  server.RaftServerConfigKeys (ConfUtils.java:logGet(46)) - raft.server.rpc.request.timeout = 3000ms (default)
2024-01-29 07:42:28,652 [main] INFO  grpc.GrpcConfigKeys (ConfUtils.java:logGet(46)) - raft.grpc.server.heartbeat.channel = true (default)
2024-01-29 07:42:28,652 [main] INFO  grpc.GrpcConfigKeys (ConfUtils.java:logGet(46)) - raft.grpc.server.async.request.thread.pool.cached = true (default)
2024-01-29 07:42:28,652 [main] INFO  grpc.GrpcConfigKeys (ConfUtils.java:logGet(46)) - raft.grpc.server.async.request.thread.pool.size = 32 (default)
2024-01-29 07:42:28,655 [main] INFO  impl.DataStreamServerImpl (ConfUtils.java:logGet(46)) - raft.datastream.type = NETTY (custom)
2024-01-29 07:42:28,655 [main] INFO  server.RaftServerConfigKeys (ConfUtils.java:logGet(46)) - raft.server.data-stream.async.request.thread.pool.cached = false (default)
2024-01-29 07:42:28,655 [main] INFO  server.RaftServerConfigKeys (ConfUtils.java:logGet(46)) - raft.server.data-stream.async.request.thread.pool.size = 20 (custom)
2024-01-29 07:42:28,656 [main] INFO  server.RaftServerConfigKeys (ConfUtils.java:logGet(46)) - raft.server.data-stream.async.write.thread.pool.size = 16 (default)
2024-01-29 07:42:28,656 [main] INFO  netty.NettyConfigKeys$DataStream (ConfUtils.java:logGet(46)) - raft.netty.dataStream.server.channel.inactive.grace-period = 10min (default)
2024-01-29 07:42:28,656 [main] INFO  server.RaftServerConfigKeys (ConfUtils.java:logGet(46)) - raft.server.data-stream.client.pool.size = 10 (default)
2024-01-29 07:42:28,656 [main] INFO  netty.NettyConfigKeys$DataStream (ConfUtils.java:logGet(46)) - raft.netty.dataStream.server.use-epoll = true (default)
2024-01-29 07:42:28,656 [main] INFO  netty.NettyConfigKeys$DataStream (ConfUtils.java:logGet(46)) - raft.netty.dataStream.server.boss-group.size = 0 (default)
2024-01-29 07:42:28,657 [main] INFO  netty.NettyUtils (NettyUtils.java:newEventLoopGroup(69)) - Create EpollEventLoopGroup for 0ce2b046-143e-42c7-a174-539311f5349e-NettyServerStreamRpc-bossGroup; Thread size is 0.
2024-01-29 07:42:28,657 [main] INFO  netty.NettyConfigKeys$DataStream (ConfUtils.java:logGet(46)) - raft.netty.dataStream.server.worker-group.size = 0 (default)
2024-01-29 07:42:28,657 [main] INFO  netty.NettyUtils (NettyUtils.java:newEventLoopGroup(69)) - Create EpollEventLoopGroup for 0ce2b046-143e-42c7-a174-539311f5349e-NettyServerStreamRpc-workerGroup; Thread size is 0.
2024-01-29 07:42:28,658 [main] INFO  netty.NettyConfigKeys$DataStream (ConfUtils.java:logGet(46)) - raft.netty.dataStream.server.tls.conf = null (default)
2024-01-29 07:42:28,658 [main] INFO  netty.NettyConfigKeys$DataStream (ConfUtils.java:logGet(46)) - raft.netty.dataStream.host = null (default)
2024-01-29 07:42:28,658 [main] INFO  netty.NettyConfigKeys$DataStream (ConfUtils.java:logGet(46)) - raft.netty.dataStream.port = 15122 (custom)
2024-01-29 07:42:28,659 [main] INFO  server.RaftServerConfigKeys (ConfUtils.java:logGet(46)) - raft.server.sleep.deviation.threshold = 300ms (default)
2024-01-29 07:42:28,659 [0ce2b046-143e-42c7-a174-539311f5349e-NettyServerStreamRpc-bossGroup--thread1] INFO  logging.LoggingHandler (AbstractInternalLogger.java:log(148)) - [id: 0x02c108d1] REGISTERED
2024-01-29 07:42:28,659 [0ce2b046-143e-42c7-a174-539311f5349e-NettyServerStreamRpc-bossGroup--thread1] INFO  logging.LoggingHandler (AbstractInternalLogger.java:log(148)) - [id: 0x02c108d1] BIND: 0.0.0.0/0.0.0.0:15122
2024-01-29 07:42:28,659 [0ce2b046-143e-42c7-a174-539311f5349e-NettyServerStreamRpc-bossGroup--thread1] INFO  logging.LoggingHandler (AbstractInternalLogger.java:log(148)) - [id: 0x02c108d1, L:/0.0.0.0:15122] ACTIVE
2024-01-29 07:42:28,659 [main] INFO  server.RaftServerConfigKeys (ConfUtils.java:logGet(46)) - raft.server.close.threshold = 60s (default)
2024-01-29 07:42:28,660 [main] INFO  server.RaftServerConfigKeys (ConfUtils.java:logGet(46)) - raft.server.leaderelection.leader.step-down.wait-time = 10s (default)
2024-01-29 07:42:28,660 [main] INFO  server.RaftServerConfigKeys (ConfUtils.java:logGet(46)) - raft.server.storage.dir = [/home/runner/work/ozone/ozone/hadoop-ozone/integration-test/target/test-dir/MiniOzoneClusterImpl-43c44e75-c492-4a39-944e-601a0ff30632/datanode-2/data/ratis] (custom)
2024-01-29 07:42:28,660 [main] INFO  server.RaftServerConfigKeys (ConfUtils.java:logGet(46)) - raft.server.threadpool.proxy.cached = true (default)
2024-01-29 07:42:28,660 [main] INFO  server.RaftServerConfigKeys (ConfUtils.java:logGet(46)) - raft.server.threadpool.proxy.size = 0 (default)
2024-01-29 07:42:28,661 [0ce2b046-143e-42c7-a174-539311f5349e-impl-thread1] INFO  server.RaftServer (RaftServerProxy.java:initGroupDir(264)) - 0ce2b046-143e-42c7-a174-539311f5349e: found a subdirectory /home/runner/work/ozone/ozone/hadoop-ozone/integration-test/target/test-dir/MiniOzoneClusterImpl-43c44e75-c492-4a39-944e-601a0ff30632/datanode-2/data/ratis/tmp
2024-01-29 07:42:28,661 [0ce2b046-143e-42c7-a174-539311f5349e-impl-thread1] INFO  server.RaftServer (RaftServerProxy.java:initGroupDir(269)) - 0ce2b046-143e-42c7-a174-539311f5349e: The directory /home/runner/work/ozone/ozone/hadoop-ozone/integration-test/target/test-dir/MiniOzoneClusterImpl-43c44e75-c492-4a39-944e-601a0ff30632/datanode-2/data/ratis/tmp is not a group directory; ignoring it. 
2024-01-29 07:42:28,661 [main] INFO  replication.ReplicationServer (ReplicationServer.java:<init>(85)) - Initializing replication server with thread count = 10 queue length = 4096
2024-01-29 07:42:28,662 [main] INFO  server.XceiverServerGrpc (XceiverServerGrpc.java:<init>(141)) - GrpcServer channel type EpollServerSocketChannel
2024-01-29 07:42:28,664 [main] INFO  replication.ReplicationSupervisor (ReplicationSupervisor.java:build(163)) - Initializing replication supervisor with thread count = 10
2024-01-29 07:42:28,664 [main] INFO  replication.ReplicationSupervisor (ReplicationSupervisor.java:nodeStateUpdated(317)) - Node state updated to IN_SERVICE, scaling executor pool size to 10
2024-01-29 07:42:28,666 [main] INFO  http.BaseHttpServer (BaseHttpServer.java:newHttpServer2BuilderForOzone(223)) - Starting Web-server for hddsDatanode at: http://0.0.0.0:15116
2024-01-29 07:42:28,666 [main] INFO  http.BaseHttpServer (BaseHttpServer.java:<init>(110)) - Hadoop Security Enabled: false Ozone Security Enabled: false Ozone HTTP Security Enabled: false 
2024-01-29 07:42:28,667 [main] WARN  server.AuthenticationFilter (AuthenticationFilter.java:constructSecretProvider(240)) - Unable to initialize FileSignerSecretProvider, falling back to use random secrets. Reason: Could not read signature secret file: /home/runner/hadoop-http-auth-signature-secret
2024-01-29 07:42:28,669 [main] INFO  http.HttpRequestLog (HttpRequestLog.java:getRequestLog(86)) - Http request log for http.requests.hddsDatanode is not defined
2024-01-29 07:42:28,671 [main] INFO  http.HttpServer2 (HttpServer2.java:addGlobalFilter(1036)) - Added global filter 'safety' (class=org.apache.hadoop.hdds.server.http.HttpServer2$QuotingInputFilter)
2024-01-29 07:42:28,671 [main] INFO  http.HttpServer2 (HttpServer2.java:addFilter(1012)) - Added filter static_user_filter (class=org.apache.hadoop.http.lib.StaticUserWebFilter$StaticUserFilter) to context hddsDatanode
2024-01-29 07:42:28,672 [main] INFO  http.HttpServer2 (HttpServer2.java:addFilter(1020)) - Added filter static_user_filter (class=org.apache.hadoop.http.lib.StaticUserWebFilter$StaticUserFilter) to context logs
2024-01-29 07:42:28,672 [main] INFO  http.HttpServer2 (HttpServer2.java:addFilter(1020)) - Added filter static_user_filter (class=org.apache.hadoop.http.lib.StaticUserWebFilter$StaticUserFilter) to context static
2024-01-29 07:42:28,673 [main] INFO  http.BaseHttpServer (BaseHttpServer.java:<init>(189)) - HTTP server of hddsDatanode uses base directory /home/runner/work/ozone/ozone/hadoop-ozone/integration-test/target/test-dir/MiniOzoneClusterImpl-43c44e75-c492-4a39-944e-601a0ff30632/datanode-2/meta/webserver
2024-01-29 07:42:28,673 [main] INFO  http.HttpServer2 (HttpServer2.java:bindListener(1236)) - Jetty bound to port 15116
2024-01-29 07:42:28,673 [main] INFO  server.Server (Server.java:doStart(375)) - jetty-9.4.53.v20231009; built: 2023-10-09T12:29:09.265Z; git: 27bde00a0b95a1d5bbee0eae7984f891d2d0f8c9; jvm 1.8.0_392-b08
2024-01-29 07:42:28,674 [main] INFO  server.session (DefaultSessionIdManager.java:doStart(334)) - DefaultSessionIdManager workerName=node0
2024-01-29 07:42:28,674 [main] INFO  server.session (DefaultSessionIdManager.java:doStart(339)) - No SessionScavenger set, using defaults
2024-01-29 07:42:28,675 [main] INFO  server.session (HouseKeeper.java:startScavenging(132)) - node0 Scavenging every 600000ms
2024-01-29 07:42:28,678 [main] INFO  handler.ContextHandler (ContextHandler.java:doStart(921)) - Started o.e.j.s.ServletContextHandler@77ab77ef{logs,/logs,file:///home/runner/work/ozone/ozone/hadoop-ozone/integration-test/target/log,AVAILABLE}
2024-01-29 07:42:28,678 [main] INFO  handler.ContextHandler (ContextHandler.java:doStart(921)) - Started o.e.j.s.ServletContextHandler@7152749e{static,/static,jar:file:/home/runner/.m2/repository/org/apache/ozone/hdds-container-service/1.5.0-SNAPSHOT/hdds-container-service-1.5.0-SNAPSHOT.jar!/webapps/static,AVAILABLE}
2024-01-29 07:42:28,721 [main] INFO  handler.ContextHandler (ContextHandler.java:doStart(921)) - Started o.e.j.w.WebAppContext@27d49c87{hddsDatanode,/,file:///home/runner/work/ozone/ozone/hadoop-ozone/integration-test/target/test-dir/MiniOzoneClusterImpl-43c44e75-c492-4a39-944e-601a0ff30632/datanode-2/meta/webserver/jetty-0_0_0_0-15116-hdds-container-service-1_5_0-SNAPSHOT_jar-_-any-3616524917035475664/webapp/,AVAILABLE}{jar:file:/home/runner/.m2/repository/org/apache/ozone/hdds-container-service/1.5.0-SNAPSHOT/hdds-container-service-1.5.0-SNAPSHOT.jar!/webapps/hddsDatanode}
2024-01-29 07:42:28,724 [main] INFO  server.AbstractConnector (AbstractConnector.java:doStart(333)) - Started ServerConnector@4f76e662{HTTP/1.1, (http/1.1)}{0.0.0.0:15116}
2024-01-29 07:42:28,725 [main] INFO  server.Server (Server.java:doStart(415)) - Started @42829ms
2024-01-29 07:42:28,725 [main] WARN  impl.MetricsSystemImpl (MetricsSystemImpl.java:register(279)) - Sink prometheus already exists!
2024-01-29 07:42:28,726 [main] INFO  http.BaseHttpServer (BaseHttpServer.java:updateConnectorAddress(354)) - HTTP server of hddsDatanode listening at http://0.0.0.0:15116
2024-01-29 07:42:28,726 [main] INFO  ipc.CallQueueManager (CallQueueManager.java:<init>(90)) - Using callQueue: class java.util.concurrent.LinkedBlockingQueue, queueCapacity: 100, scheduler: class org.apache.hadoop.ipc.DefaultRpcScheduler, ipcBackoff: false.
2024-01-29 07:42:28,726 [main] INFO  ipc.Server (Server.java:<init>(1287)) - Listener at 0.0.0.0:15117
2024-01-29 07:42:28,727 [Socket Reader #1 for port 15117] INFO  ipc.Server (Server.java:run(1323)) - Starting Socket Reader #1 for port 15117
2024-01-29 07:42:28,737 [main] INFO  ozone.HddsDatanodeService (HddsDatanodeService.java:start(324)) - Datanode start with admins: [runner]
2024-01-29 07:42:28,737 [main] INFO  ozone.HddsDatanodeClientProtocolServer (HddsDatanodeClientProtocolServer.java:start(72)) - RPC server for Client /0.0.0.0:15117
2024-01-29 07:42:28,739 [IPC Server Responder] INFO  ipc.Server (Server.java:run(1562)) - IPC Server Responder: starting
2024-01-29 07:42:28,739 [IPC Server listener on 15117] INFO  ipc.Server (Server.java:run(1402)) - IPC Server listener on 15117: starting
2024-01-29 07:42:28,744 [0ce2b046-143e-42c7-a174-539311f5349e-DatanodeStateMachineDaemonThread] INFO  statemachine.DatanodeStateMachine (DatanodeStateMachine.java:lambda$startDaemon$1(555)) - Ozone container server started.
2024-01-29 07:42:28,744 [main] WARN  dropwizard3.Dm3MetricRegistriesImpl (Dm3MetricRegistriesImpl.java:addReporterRegistration(113)) - New reporters are added after registries were created. Some metrics will be missing from the reporter. Please add reporter before adding any new registry.
2024-01-29 07:42:28,744 [main] WARN  dropwizard3.Dm3MetricRegistriesImpl (Dm3MetricRegistriesImpl.java:addReporterRegistration(113)) - New reporters are added after registries were created. Some metrics will be missing from the reporter. Please add reporter before adding any new registry.
2024-01-29 07:42:28,744 [main] INFO  impl.MetricsSystemImpl (MetricsSystemImpl.java:init(158)) - HddsDatanode metrics system started (again)
2024-01-29 07:42:28,750 [0ce2b046-143e-42c7-a174-539311f5349e-DatanodeStateMachineTaskThread-0] INFO  datanode.InitDatanodeState (InitDatanodeState.java:persistContainerDatanodeDetails(139)) - DatanodeDetails is persisted to /home/runner/work/ozone/ozone/hadoop-ozone/integration-test/target/test-dir/MiniOzoneClusterImpl-43c44e75-c492-4a39-944e-601a0ff30632/datanode-2/meta/datanode.id
2024-01-29 07:42:28,758 [main] INFO  ozone.HddsDatanodeService (HddsDatanodeService.java:start(239)) - HddsDatanodeService host:fv-az571-724.sssw3dgiwi1e5jwxh1zizygaca.bx.internal.cloudapp.net ip:10.1.0.7
2024-01-29 07:42:28,775 [main] INFO  upgrade.AbstractLayoutVersionManager (AbstractLayoutVersionManager.java:init(83)) - Initializing Layout version manager with metadata layout = HADOOP_PRC_PORTS_IN_DATANODEDETAILS (version = 7), software layout = HADOOP_PRC_PORTS_IN_DATANODEDETAILS (version = 7)
2024-01-29 07:42:28,775 [main] INFO  statemachine.DatanodeStateMachine (DatanodeStateMachine.java:getEndPointTaskThreadPoolSize(299)) - Datanode State Machine Task Thread Pool size 2
2024-01-29 07:42:28,777 [main] INFO  volume.HddsVolume (HddsVolume.java:<init>(125)) - Creating HddsVolume: /home/runner/work/ozone/ozone/hadoop-ozone/integration-test/target/test-dir/MiniOzoneClusterImpl-43c44e75-c492-4a39-944e-601a0ff30632/datanode-3/data-0/containers/hdds of storage type : DISK capacity : 9223372036854775807
2024-01-29 07:42:28,777 [main] INFO  volume.MutableVolumeSet (MutableVolumeSet.java:initializeVolumeSet(173)) - Added Volume : /home/runner/work/ozone/ozone/hadoop-ozone/integration-test/target/test-dir/MiniOzoneClusterImpl-43c44e75-c492-4a39-944e-601a0ff30632/datanode-3/data-0/containers/hdds to VolumeSet
2024-01-29 07:42:28,778 [main] INFO  volume.MutableVolumeSet (MutableVolumeSet.java:initializeVolumeSet(173)) - Added Volume : /home/runner/work/ozone/ozone/hadoop-ozone/integration-test/target/test-dir/MiniOzoneClusterImpl-43c44e75-c492-4a39-944e-601a0ff30632/datanode-3/data/ratis to VolumeSet
2024-01-29 07:42:28,778 [main] INFO  ozoneimpl.OzoneContainer (HddsVolumeUtil.java:loadAllHddsVolumeDbStore(103)) - Load 1 volumes DbStore cost: 0ms
2024-01-29 07:42:28,778 [d4227e66-29fb-4e8c-95fa-da42bedd0d48-ContainerReader-0] INFO  ozoneimpl.ContainerReader (ContainerReader.java:readVolume(178)) - Finish verifying containers on volume /home/runner/work/ozone/ozone/hadoop-ozone/integration-test/target/test-dir/MiniOzoneClusterImpl-43c44e75-c492-4a39-944e-601a0ff30632/datanode-3/data-0/containers/hdds
2024-01-29 07:42:28,778 [main] INFO  ozoneimpl.OzoneContainer (OzoneContainer.java:buildContainerSet(328)) - Build ContainerSet costs 0s
2024-01-29 07:42:28,781 [main] INFO  server.RaftServer (ConfUtils.java:logGet(46)) - raft.rpc.type = GRPC (default)
2024-01-29 07:42:28,782 [main] INFO  grpc.GrpcConfigKeys (ConfUtils.java:logFallback(53)) - raft.grpc.admin.host = null (fallback to raft.grpc.server.host)
2024-01-29 07:42:28,782 [main] INFO  grpc.GrpcConfigKeys (ConfUtils.java:logGet(46)) - raft.grpc.admin.port = 15129 (custom)
2024-01-29 07:42:28,782 [main] INFO  grpc.GrpcConfigKeys (ConfUtils.java:logFallback(53)) - raft.grpc.client.host = null (fallback to raft.grpc.server.host)
2024-01-29 07:42:28,782 [main] INFO  grpc.GrpcConfigKeys (ConfUtils.java:logGet(46)) - raft.grpc.client.port = 15128 (custom)
2024-01-29 07:42:28,782 [main] INFO  grpc.GrpcConfigKeys (ConfUtils.java:logGet(46)) - raft.grpc.server.host = null (default)
2024-01-29 07:42:28,783 [main] INFO  grpc.GrpcConfigKeys (ConfUtils.java:logGet(46)) - raft.grpc.server.port = 15130 (custom)
2024-01-29 07:42:28,783 [main] INFO  server.GrpcService (ConfUtils.java:logGet(46)) - raft.grpc.message.size.max = 32MB (=33554432) (custom)
2024-01-29 07:42:28,783 [main] INFO  server.RaftServerConfigKeys (ConfUtils.java:logGet(46)) - raft.server.log.appender.buffer.byte-limit = 8388608 (custom)
2024-01-29 07:42:28,783 [main] INFO  server.GrpcService (ConfUtils.java:logGet(46)) - raft.grpc.flow.control.window = 5MB (=5242880) (custom)
2024-01-29 07:42:28,784 [main] INFO  server.RaftServerConfigKeys (ConfUtils.java:logGet(46)) - raft.server.rpc.request.timeout = 3000ms (default)
2024-01-29 07:42:28,784 [main] INFO  grpc.GrpcConfigKeys (ConfUtils.java:logGet(46)) - raft.grpc.server.heartbeat.channel = true (default)
2024-01-29 07:42:28,784 [main] INFO  grpc.GrpcConfigKeys (ConfUtils.java:logGet(46)) - raft.grpc.server.async.request.thread.pool.cached = true (default)
2024-01-29 07:42:28,784 [main] INFO  grpc.GrpcConfigKeys (ConfUtils.java:logGet(46)) - raft.grpc.server.async.request.thread.pool.size = 32 (default)
2024-01-29 07:42:28,787 [main] INFO  impl.DataStreamServerImpl (ConfUtils.java:logGet(46)) - raft.datastream.type = NETTY (custom)
2024-01-29 07:42:28,787 [main] INFO  server.RaftServerConfigKeys (ConfUtils.java:logGet(46)) - raft.server.data-stream.async.request.thread.pool.cached = false (default)
2024-01-29 07:42:28,788 [main] INFO  server.RaftServerConfigKeys (ConfUtils.java:logGet(46)) - raft.server.data-stream.async.request.thread.pool.size = 20 (custom)
2024-01-29 07:42:28,788 [main] INFO  server.RaftServerConfigKeys (ConfUtils.java:logGet(46)) - raft.server.data-stream.async.write.thread.pool.size = 16 (default)
2024-01-29 07:42:28,788 [main] INFO  netty.NettyConfigKeys$DataStream (ConfUtils.java:logGet(46)) - raft.netty.dataStream.server.channel.inactive.grace-period = 10min (default)
2024-01-29 07:42:28,788 [main] INFO  server.RaftServerConfigKeys (ConfUtils.java:logGet(46)) - raft.server.data-stream.client.pool.size = 10 (default)
2024-01-29 07:42:28,789 [main] INFO  netty.NettyConfigKeys$DataStream (ConfUtils.java:logGet(46)) - raft.netty.dataStream.server.use-epoll = true (default)
2024-01-29 07:42:28,789 [main] INFO  netty.NettyConfigKeys$DataStream (ConfUtils.java:logGet(46)) - raft.netty.dataStream.server.boss-group.size = 0 (default)
2024-01-29 07:42:28,789 [main] INFO  netty.NettyUtils (NettyUtils.java:newEventLoopGroup(69)) - Create EpollEventLoopGroup for d4227e66-29fb-4e8c-95fa-da42bedd0d48-NettyServerStreamRpc-bossGroup; Thread size is 0.
2024-01-29 07:42:28,789 [main] INFO  netty.NettyConfigKeys$DataStream (ConfUtils.java:logGet(46)) - raft.netty.dataStream.server.worker-group.size = 0 (default)
2024-01-29 07:42:28,790 [main] INFO  netty.NettyUtils (NettyUtils.java:newEventLoopGroup(69)) - Create EpollEventLoopGroup for d4227e66-29fb-4e8c-95fa-da42bedd0d48-NettyServerStreamRpc-workerGroup; Thread size is 0.
2024-01-29 07:42:28,790 [main] INFO  netty.NettyConfigKeys$DataStream (ConfUtils.java:logGet(46)) - raft.netty.dataStream.server.tls.conf = null (default)
2024-01-29 07:42:28,790 [main] INFO  netty.NettyConfigKeys$DataStream (ConfUtils.java:logGet(46)) - raft.netty.dataStream.host = null (default)
2024-01-29 07:42:28,790 [main] INFO  netty.NettyConfigKeys$DataStream (ConfUtils.java:logGet(46)) - raft.netty.dataStream.port = 15131 (custom)
2024-01-29 07:42:28,793 [main] INFO  server.RaftServerConfigKeys (ConfUtils.java:logGet(46)) - raft.server.sleep.deviation.threshold = 300ms (default)
2024-01-29 07:42:28,793 [main] INFO  server.RaftServerConfigKeys (ConfUtils.java:logGet(46)) - raft.server.close.threshold = 60s (default)
2024-01-29 07:42:28,793 [d4227e66-29fb-4e8c-95fa-da42bedd0d48-NettyServerStreamRpc-bossGroup--thread1] INFO  logging.LoggingHandler (AbstractInternalLogger.java:log(148)) - [id: 0x6685a13b] REGISTERED
2024-01-29 07:42:28,794 [d4227e66-29fb-4e8c-95fa-da42bedd0d48-NettyServerStreamRpc-bossGroup--thread1] INFO  logging.LoggingHandler (AbstractInternalLogger.java:log(148)) - [id: 0x6685a13b] BIND: 0.0.0.0/0.0.0.0:15131
2024-01-29 07:42:28,793 [main] INFO  server.RaftServerConfigKeys (ConfUtils.java:logGet(46)) - raft.server.leaderelection.leader.step-down.wait-time = 10s (default)
2024-01-29 07:42:28,794 [main] INFO  server.RaftServerConfigKeys (ConfUtils.java:logGet(46)) - raft.server.storage.dir = [/home/runner/work/ozone/ozone/hadoop-ozone/integration-test/target/test-dir/MiniOzoneClusterImpl-43c44e75-c492-4a39-944e-601a0ff30632/datanode-3/data/ratis] (custom)
2024-01-29 07:42:28,794 [main] INFO  server.RaftServerConfigKeys (ConfUtils.java:logGet(46)) - raft.server.threadpool.proxy.cached = true (default)
2024-01-29 07:42:28,795 [main] INFO  server.RaftServerConfigKeys (ConfUtils.java:logGet(46)) - raft.server.threadpool.proxy.size = 0 (default)
2024-01-29 07:42:28,794 [d4227e66-29fb-4e8c-95fa-da42bedd0d48-NettyServerStreamRpc-bossGroup--thread1] INFO  logging.LoggingHandler (AbstractInternalLogger.java:log(148)) - [id: 0x6685a13b, L:/0.0.0.0:15131] ACTIVE
2024-01-29 07:42:28,795 [d4227e66-29fb-4e8c-95fa-da42bedd0d48-impl-thread1] INFO  server.RaftServer (RaftServerProxy.java:initGroupDir(264)) - d4227e66-29fb-4e8c-95fa-da42bedd0d48: found a subdirectory /home/runner/work/ozone/ozone/hadoop-ozone/integration-test/target/test-dir/MiniOzoneClusterImpl-43c44e75-c492-4a39-944e-601a0ff30632/datanode-3/data/ratis/tmp
2024-01-29 07:42:28,795 [d4227e66-29fb-4e8c-95fa-da42bedd0d48-impl-thread1] INFO  server.RaftServer (RaftServerProxy.java:initGroupDir(269)) - d4227e66-29fb-4e8c-95fa-da42bedd0d48: The directory /home/runner/work/ozone/ozone/hadoop-ozone/integration-test/target/test-dir/MiniOzoneClusterImpl-43c44e75-c492-4a39-944e-601a0ff30632/datanode-3/data/ratis/tmp is not a group directory; ignoring it. 
2024-01-29 07:42:28,795 [main] INFO  replication.ReplicationServer (ReplicationServer.java:<init>(85)) - Initializing replication server with thread count = 10 queue length = 4096
2024-01-29 07:42:28,797 [main] INFO  server.XceiverServerGrpc (XceiverServerGrpc.java:<init>(141)) - GrpcServer channel type EpollServerSocketChannel
2024-01-29 07:42:28,798 [main] INFO  replication.ReplicationSupervisor (ReplicationSupervisor.java:build(163)) - Initializing replication supervisor with thread count = 10
2024-01-29 07:42:28,798 [main] INFO  replication.ReplicationSupervisor (ReplicationSupervisor.java:nodeStateUpdated(317)) - Node state updated to IN_SERVICE, scaling executor pool size to 10
2024-01-29 07:42:28,800 [main] INFO  http.BaseHttpServer (BaseHttpServer.java:newHttpServer2BuilderForOzone(223)) - Starting Web-server for hddsDatanode at: http://0.0.0.0:15125
2024-01-29 07:42:28,800 [main] INFO  http.BaseHttpServer (BaseHttpServer.java:<init>(110)) - Hadoop Security Enabled: false Ozone Security Enabled: false Ozone HTTP Security Enabled: false 
2024-01-29 07:42:28,801 [main] WARN  server.AuthenticationFilter (AuthenticationFilter.java:constructSecretProvider(240)) - Unable to initialize FileSignerSecretProvider, falling back to use random secrets. Reason: Could not read signature secret file: /home/runner/hadoop-http-auth-signature-secret
2024-01-29 07:42:28,801 [main] INFO  http.HttpRequestLog (HttpRequestLog.java:getRequestLog(86)) - Http request log for http.requests.hddsDatanode is not defined
2024-01-29 07:42:28,803 [main] INFO  http.HttpServer2 (HttpServer2.java:addGlobalFilter(1036)) - Added global filter 'safety' (class=org.apache.hadoop.hdds.server.http.HttpServer2$QuotingInputFilter)
2024-01-29 07:42:28,803 [main] INFO  http.HttpServer2 (HttpServer2.java:addFilter(1012)) - Added filter static_user_filter (class=org.apache.hadoop.http.lib.StaticUserWebFilter$StaticUserFilter) to context hddsDatanode
2024-01-29 07:42:28,803 [main] INFO  http.HttpServer2 (HttpServer2.java:addFilter(1020)) - Added filter static_user_filter (class=org.apache.hadoop.http.lib.StaticUserWebFilter$StaticUserFilter) to context static
2024-01-29 07:42:28,803 [main] INFO  http.HttpServer2 (HttpServer2.java:addFilter(1020)) - Added filter static_user_filter (class=org.apache.hadoop.http.lib.StaticUserWebFilter$StaticUserFilter) to context logs
2024-01-29 07:42:28,804 [main] INFO  http.BaseHttpServer (BaseHttpServer.java:<init>(189)) - HTTP server of hddsDatanode uses base directory /home/runner/work/ozone/ozone/hadoop-ozone/integration-test/target/test-dir/MiniOzoneClusterImpl-43c44e75-c492-4a39-944e-601a0ff30632/datanode-3/meta/webserver
2024-01-29 07:42:28,804 [main] INFO  http.HttpServer2 (HttpServer2.java:bindListener(1236)) - Jetty bound to port 15125
2024-01-29 07:42:28,804 [main] INFO  server.Server (Server.java:doStart(375)) - jetty-9.4.53.v20231009; built: 2023-10-09T12:29:09.265Z; git: 27bde00a0b95a1d5bbee0eae7984f891d2d0f8c9; jvm 1.8.0_392-b08
2024-01-29 07:42:28,806 [main] INFO  server.session (DefaultSessionIdManager.java:doStart(334)) - DefaultSessionIdManager workerName=node0
2024-01-29 07:42:28,807 [main] INFO  server.session (DefaultSessionIdManager.java:doStart(339)) - No SessionScavenger set, using defaults
2024-01-29 07:42:28,807 [main] INFO  server.session (HouseKeeper.java:startScavenging(132)) - node0 Scavenging every 600000ms
2024-01-29 07:42:28,808 [main] INFO  handler.ContextHandler (ContextHandler.java:doStart(921)) - Started o.e.j.s.ServletContextHandler@573fa580{logs,/logs,file:///home/runner/work/ozone/ozone/hadoop-ozone/integration-test/target/log,AVAILABLE}
2024-01-29 07:42:28,808 [main] INFO  handler.ContextHandler (ContextHandler.java:doStart(921)) - Started o.e.j.s.ServletContextHandler@9316e19{static,/static,jar:file:/home/runner/.m2/repository/org/apache/ozone/hdds-container-service/1.5.0-SNAPSHOT/hdds-container-service-1.5.0-SNAPSHOT.jar!/webapps/static,AVAILABLE}
2024-01-29 07:42:28,847 [main] INFO  handler.ContextHandler (ContextHandler.java:doStart(921)) - Started o.e.j.w.WebAppContext@4f7774f0{hddsDatanode,/,file:///home/runner/work/ozone/ozone/hadoop-ozone/integration-test/target/test-dir/MiniOzoneClusterImpl-43c44e75-c492-4a39-944e-601a0ff30632/datanode-3/meta/webserver/jetty-0_0_0_0-15125-hdds-container-service-1_5_0-SNAPSHOT_jar-_-any-7594612193843933362/webapp/,AVAILABLE}{jar:file:/home/runner/.m2/repository/org/apache/ozone/hdds-container-service/1.5.0-SNAPSHOT/hdds-container-service-1.5.0-SNAPSHOT.jar!/webapps/hddsDatanode}
2024-01-29 07:42:28,849 [main] INFO  server.AbstractConnector (AbstractConnector.java:doStart(333)) - Started ServerConnector@3cf4ce2f{HTTP/1.1, (http/1.1)}{0.0.0.0:15125}
2024-01-29 07:42:28,849 [main] INFO  server.Server (Server.java:doStart(415)) - Started @42953ms
2024-01-29 07:42:28,849 [main] WARN  impl.MetricsSystemImpl (MetricsSystemImpl.java:register(279)) - Sink prometheus already exists!
2024-01-29 07:42:28,849 [main] INFO  http.BaseHttpServer (BaseHttpServer.java:updateConnectorAddress(354)) - HTTP server of hddsDatanode listening at http://0.0.0.0:15125
2024-01-29 07:42:28,850 [main] INFO  ipc.CallQueueManager (CallQueueManager.java:<init>(90)) - Using callQueue: class java.util.concurrent.LinkedBlockingQueue, queueCapacity: 100, scheduler: class org.apache.hadoop.ipc.DefaultRpcScheduler, ipcBackoff: false.
2024-01-29 07:42:28,850 [main] INFO  ipc.Server (Server.java:<init>(1287)) - Listener at 0.0.0.0:15126
2024-01-29 07:42:28,850 [Socket Reader #1 for port 15126] INFO  ipc.Server (Server.java:run(1323)) - Starting Socket Reader #1 for port 15126
2024-01-29 07:42:28,856 [main] INFO  ozone.HddsDatanodeService (HddsDatanodeService.java:start(324)) - Datanode start with admins: [runner]
2024-01-29 07:42:28,856 [main] INFO  ozone.HddsDatanodeClientProtocolServer (HddsDatanodeClientProtocolServer.java:start(72)) - RPC server for Client /0.0.0.0:15126
2024-01-29 07:42:28,857 [IPC Server Responder] INFO  ipc.Server (Server.java:run(1562)) - IPC Server Responder: starting
2024-01-29 07:42:28,857 [IPC Server listener on 15126] INFO  ipc.Server (Server.java:run(1402)) - IPC Server listener on 15126: starting
2024-01-29 07:42:28,859 [d4227e66-29fb-4e8c-95fa-da42bedd0d48-DatanodeStateMachineDaemonThread] INFO  statemachine.DatanodeStateMachine (DatanodeStateMachine.java:lambda$startDaemon$1(555)) - Ozone container server started.
2024-01-29 07:42:28,860 [main] WARN  dropwizard3.Dm3MetricRegistriesImpl (Dm3MetricRegistriesImpl.java:addReporterRegistration(113)) - New reporters are added after registries were created. Some metrics will be missing from the reporter. Please add reporter before adding any new registry.
2024-01-29 07:42:28,860 [main] WARN  dropwizard3.Dm3MetricRegistriesImpl (Dm3MetricRegistriesImpl.java:addReporterRegistration(113)) - New reporters are added after registries were created. Some metrics will be missing from the reporter. Please add reporter before adding any new registry.
2024-01-29 07:42:28,860 [main] INFO  impl.MetricsSystemImpl (MetricsSystemImpl.java:init(158)) - HddsDatanode metrics system started (again)
2024-01-29 07:42:28,863 [d4227e66-29fb-4e8c-95fa-da42bedd0d48-DatanodeStateMachineTaskThread-0] INFO  datanode.InitDatanodeState (InitDatanodeState.java:persistContainerDatanodeDetails(139)) - DatanodeDetails is persisted to /home/runner/work/ozone/ozone/hadoop-ozone/integration-test/target/test-dir/MiniOzoneClusterImpl-43c44e75-c492-4a39-944e-601a0ff30632/datanode-3/meta/datanode.id
2024-01-29 07:42:28,870 [main] INFO  ozone.HddsDatanodeService (HddsDatanodeService.java:start(239)) - HddsDatanodeService host:fv-az571-724.sssw3dgiwi1e5jwxh1zizygaca.bx.internal.cloudapp.net ip:10.1.0.7
2024-01-29 07:42:28,886 [main] INFO  upgrade.AbstractLayoutVersionManager (AbstractLayoutVersionManager.java:init(83)) - Initializing Layout version manager with metadata layout = HADOOP_PRC_PORTS_IN_DATANODEDETAILS (version = 7), software layout = HADOOP_PRC_PORTS_IN_DATANODEDETAILS (version = 7)
2024-01-29 07:42:28,887 [main] INFO  statemachine.DatanodeStateMachine (DatanodeStateMachine.java:getEndPointTaskThreadPoolSize(299)) - Datanode State Machine Task Thread Pool size 2
2024-01-29 07:42:28,889 [main] INFO  volume.HddsVolume (HddsVolume.java:<init>(125)) - Creating HddsVolume: /home/runner/work/ozone/ozone/hadoop-ozone/integration-test/target/test-dir/MiniOzoneClusterImpl-43c44e75-c492-4a39-944e-601a0ff30632/datanode-4/data-0/containers/hdds of storage type : DISK capacity : 9223372036854775807
2024-01-29 07:42:28,889 [main] INFO  volume.MutableVolumeSet (MutableVolumeSet.java:initializeVolumeSet(173)) - Added Volume : /home/runner/work/ozone/ozone/hadoop-ozone/integration-test/target/test-dir/MiniOzoneClusterImpl-43c44e75-c492-4a39-944e-601a0ff30632/datanode-4/data-0/containers/hdds to VolumeSet
2024-01-29 07:42:28,890 [main] INFO  volume.MutableVolumeSet (MutableVolumeSet.java:initializeVolumeSet(173)) - Added Volume : /home/runner/work/ozone/ozone/hadoop-ozone/integration-test/target/test-dir/MiniOzoneClusterImpl-43c44e75-c492-4a39-944e-601a0ff30632/datanode-4/data/ratis to VolumeSet
2024-01-29 07:42:28,892 [main] INFO  ozoneimpl.OzoneContainer (HddsVolumeUtil.java:loadAllHddsVolumeDbStore(103)) - Load 1 volumes DbStore cost: 2ms
2024-01-29 07:42:28,893 [f3d36f04-bccd-4be2-9dc2-ceae52659d99-ContainerReader-0] INFO  ozoneimpl.ContainerReader (ContainerReader.java:readVolume(178)) - Finish verifying containers on volume /home/runner/work/ozone/ozone/hadoop-ozone/integration-test/target/test-dir/MiniOzoneClusterImpl-43c44e75-c492-4a39-944e-601a0ff30632/datanode-4/data-0/containers/hdds
2024-01-29 07:42:28,893 [main] INFO  ozoneimpl.OzoneContainer (OzoneContainer.java:buildContainerSet(328)) - Build ContainerSet costs 0s
2024-01-29 07:42:28,896 [main] INFO  server.RaftServer (ConfUtils.java:logGet(46)) - raft.rpc.type = GRPC (default)
2024-01-29 07:42:28,896 [main] INFO  grpc.GrpcConfigKeys (ConfUtils.java:logFallback(53)) - raft.grpc.admin.host = null (fallback to raft.grpc.server.host)
2024-01-29 07:42:28,897 [main] INFO  grpc.GrpcConfigKeys (ConfUtils.java:logGet(46)) - raft.grpc.admin.port = 15138 (custom)
2024-01-29 07:42:28,897 [main] INFO  grpc.GrpcConfigKeys (ConfUtils.java:logFallback(53)) - raft.grpc.client.host = null (fallback to raft.grpc.server.host)
2024-01-29 07:42:28,897 [main] INFO  grpc.GrpcConfigKeys (ConfUtils.java:logGet(46)) - raft.grpc.client.port = 15137 (custom)
2024-01-29 07:42:28,897 [main] INFO  grpc.GrpcConfigKeys (ConfUtils.java:logGet(46)) - raft.grpc.server.host = null (default)
2024-01-29 07:42:28,897 [main] INFO  grpc.GrpcConfigKeys (ConfUtils.java:logGet(46)) - raft.grpc.server.port = 15139 (custom)
2024-01-29 07:42:28,898 [main] INFO  server.GrpcService (ConfUtils.java:logGet(46)) - raft.grpc.message.size.max = 32MB (=33554432) (custom)
2024-01-29 07:42:28,898 [main] INFO  server.RaftServerConfigKeys (ConfUtils.java:logGet(46)) - raft.server.log.appender.buffer.byte-limit = 8388608 (custom)
2024-01-29 07:42:28,898 [main] INFO  server.GrpcService (ConfUtils.java:logGet(46)) - raft.grpc.flow.control.window = 5MB (=5242880) (custom)
2024-01-29 07:42:28,898 [main] INFO  server.RaftServerConfigKeys (ConfUtils.java:logGet(46)) - raft.server.rpc.request.timeout = 3000ms (default)
2024-01-29 07:42:28,899 [main] INFO  grpc.GrpcConfigKeys (ConfUtils.java:logGet(46)) - raft.grpc.server.heartbeat.channel = true (default)
2024-01-29 07:42:28,899 [main] INFO  grpc.GrpcConfigKeys (ConfUtils.java:logGet(46)) - raft.grpc.server.async.request.thread.pool.cached = true (default)
2024-01-29 07:42:28,899 [main] INFO  grpc.GrpcConfigKeys (ConfUtils.java:logGet(46)) - raft.grpc.server.async.request.thread.pool.size = 32 (default)
2024-01-29 07:42:28,902 [main] INFO  impl.DataStreamServerImpl (ConfUtils.java:logGet(46)) - raft.datastream.type = NETTY (custom)
2024-01-29 07:42:28,902 [main] INFO  server.RaftServerConfigKeys (ConfUtils.java:logGet(46)) - raft.server.data-stream.async.request.thread.pool.cached = false (default)
2024-01-29 07:42:28,902 [main] INFO  server.RaftServerConfigKeys (ConfUtils.java:logGet(46)) - raft.server.data-stream.async.request.thread.pool.size = 20 (custom)
2024-01-29 07:42:28,903 [main] INFO  server.RaftServerConfigKeys (ConfUtils.java:logGet(46)) - raft.server.data-stream.async.write.thread.pool.size = 16 (default)
2024-01-29 07:42:28,903 [main] INFO  netty.NettyConfigKeys$DataStream (ConfUtils.java:logGet(46)) - raft.netty.dataStream.server.channel.inactive.grace-period = 10min (default)
2024-01-29 07:42:28,903 [main] INFO  server.RaftServerConfigKeys (ConfUtils.java:logGet(46)) - raft.server.data-stream.client.pool.size = 10 (default)
2024-01-29 07:42:28,903 [main] INFO  netty.NettyConfigKeys$DataStream (ConfUtils.java:logGet(46)) - raft.netty.dataStream.server.use-epoll = true (default)
2024-01-29 07:42:28,903 [main] INFO  netty.NettyConfigKeys$DataStream (ConfUtils.java:logGet(46)) - raft.netty.dataStream.server.boss-group.size = 0 (default)
2024-01-29 07:42:28,904 [main] INFO  netty.NettyUtils (NettyUtils.java:newEventLoopGroup(69)) - Create EpollEventLoopGroup for f3d36f04-bccd-4be2-9dc2-ceae52659d99-NettyServerStreamRpc-bossGroup; Thread size is 0.
2024-01-29 07:42:28,904 [main] INFO  netty.NettyConfigKeys$DataStream (ConfUtils.java:logGet(46)) - raft.netty.dataStream.server.worker-group.size = 0 (default)
2024-01-29 07:42:28,904 [main] INFO  netty.NettyUtils (NettyUtils.java:newEventLoopGroup(69)) - Create EpollEventLoopGroup for f3d36f04-bccd-4be2-9dc2-ceae52659d99-NettyServerStreamRpc-workerGroup; Thread size is 0.
2024-01-29 07:42:28,905 [main] INFO  netty.NettyConfigKeys$DataStream (ConfUtils.java:logGet(46)) - raft.netty.dataStream.server.tls.conf = null (default)
2024-01-29 07:42:28,905 [main] INFO  netty.NettyConfigKeys$DataStream (ConfUtils.java:logGet(46)) - raft.netty.dataStream.host = null (default)
2024-01-29 07:42:28,905 [main] INFO  netty.NettyConfigKeys$DataStream (ConfUtils.java:logGet(46)) - raft.netty.dataStream.port = 15140 (custom)
2024-01-29 07:42:28,906 [main] INFO  server.RaftServerConfigKeys (ConfUtils.java:logGet(46)) - raft.server.sleep.deviation.threshold = 300ms (default)
2024-01-29 07:42:28,906 [main] INFO  server.RaftServerConfigKeys (ConfUtils.java:logGet(46)) - raft.server.close.threshold = 60s (default)
2024-01-29 07:42:28,906 [main] INFO  server.RaftServerConfigKeys (ConfUtils.java:logGet(46)) - raft.server.leaderelection.leader.step-down.wait-time = 10s (default)
2024-01-29 07:42:28,907 [main] INFO  server.RaftServerConfigKeys (ConfUtils.java:logGet(46)) - raft.server.storage.dir = [/home/runner/work/ozone/ozone/hadoop-ozone/integration-test/target/test-dir/MiniOzoneClusterImpl-43c44e75-c492-4a39-944e-601a0ff30632/datanode-4/data/ratis] (custom)
2024-01-29 07:42:28,907 [main] INFO  server.RaftServerConfigKeys (ConfUtils.java:logGet(46)) - raft.server.threadpool.proxy.cached = true (default)
2024-01-29 07:42:28,907 [main] INFO  server.RaftServerConfigKeys (ConfUtils.java:logGet(46)) - raft.server.threadpool.proxy.size = 0 (default)
2024-01-29 07:42:28,908 [f3d36f04-bccd-4be2-9dc2-ceae52659d99-NettyServerStreamRpc-bossGroup--thread1] INFO  logging.LoggingHandler (AbstractInternalLogger.java:log(148)) - [id: 0x66919ce6] REGISTERED
2024-01-29 07:42:28,908 [f3d36f04-bccd-4be2-9dc2-ceae52659d99-NettyServerStreamRpc-bossGroup--thread1] INFO  logging.LoggingHandler (AbstractInternalLogger.java:log(148)) - [id: 0x66919ce6] BIND: 0.0.0.0/0.0.0.0:15140
2024-01-29 07:42:28,909 [f3d36f04-bccd-4be2-9dc2-ceae52659d99-impl-thread1] INFO  server.RaftServer (RaftServerProxy.java:initGroupDir(264)) - f3d36f04-bccd-4be2-9dc2-ceae52659d99: found a subdirectory /home/runner/work/ozone/ozone/hadoop-ozone/integration-test/target/test-dir/MiniOzoneClusterImpl-43c44e75-c492-4a39-944e-601a0ff30632/datanode-4/data/ratis/tmp
2024-01-29 07:42:28,909 [f3d36f04-bccd-4be2-9dc2-ceae52659d99-impl-thread1] INFO  server.RaftServer (RaftServerProxy.java:initGroupDir(269)) - f3d36f04-bccd-4be2-9dc2-ceae52659d99: The directory /home/runner/work/ozone/ozone/hadoop-ozone/integration-test/target/test-dir/MiniOzoneClusterImpl-43c44e75-c492-4a39-944e-601a0ff30632/datanode-4/data/ratis/tmp is not a group directory; ignoring it. 
2024-01-29 07:42:28,909 [main] INFO  replication.ReplicationServer (ReplicationServer.java:<init>(85)) - Initializing replication server with thread count = 10 queue length = 4096
2024-01-29 07:42:28,911 [f3d36f04-bccd-4be2-9dc2-ceae52659d99-NettyServerStreamRpc-bossGroup--thread1] INFO  logging.LoggingHandler (AbstractInternalLogger.java:log(148)) - [id: 0x66919ce6, L:/0.0.0.0:15140] ACTIVE
2024-01-29 07:42:28,911 [main] INFO  server.XceiverServerGrpc (XceiverServerGrpc.java:<init>(141)) - GrpcServer channel type EpollServerSocketChannel
2024-01-29 07:42:28,913 [main] INFO  replication.ReplicationSupervisor (ReplicationSupervisor.java:build(163)) - Initializing replication supervisor with thread count = 10
2024-01-29 07:42:28,913 [main] INFO  replication.ReplicationSupervisor (ReplicationSupervisor.java:nodeStateUpdated(317)) - Node state updated to IN_SERVICE, scaling executor pool size to 10
2024-01-29 07:42:28,915 [main] INFO  http.BaseHttpServer (BaseHttpServer.java:newHttpServer2BuilderForOzone(223)) - Starting Web-server for hddsDatanode at: http://0.0.0.0:15134
2024-01-29 07:42:28,915 [main] INFO  http.BaseHttpServer (BaseHttpServer.java:<init>(110)) - Hadoop Security Enabled: false Ozone Security Enabled: false Ozone HTTP Security Enabled: false 
2024-01-29 07:42:28,916 [main] WARN  server.AuthenticationFilter (AuthenticationFilter.java:constructSecretProvider(240)) - Unable to initialize FileSignerSecretProvider, falling back to use random secrets. Reason: Could not read signature secret file: /home/runner/hadoop-http-auth-signature-secret
2024-01-29 07:42:28,921 [main] INFO  http.HttpRequestLog (HttpRequestLog.java:getRequestLog(86)) - Http request log for http.requests.hddsDatanode is not defined
2024-01-29 07:42:28,922 [main] INFO  http.HttpServer2 (HttpServer2.java:addGlobalFilter(1036)) - Added global filter 'safety' (class=org.apache.hadoop.hdds.server.http.HttpServer2$QuotingInputFilter)
2024-01-29 07:42:28,923 [main] INFO  http.HttpServer2 (HttpServer2.java:addFilter(1012)) - Added filter static_user_filter (class=org.apache.hadoop.http.lib.StaticUserWebFilter$StaticUserFilter) to context hddsDatanode
2024-01-29 07:42:28,923 [main] INFO  http.HttpServer2 (HttpServer2.java:addFilter(1020)) - Added filter static_user_filter (class=org.apache.hadoop.http.lib.StaticUserWebFilter$StaticUserFilter) to context static
2024-01-29 07:42:28,923 [main] INFO  http.HttpServer2 (HttpServer2.java:addFilter(1020)) - Added filter static_user_filter (class=org.apache.hadoop.http.lib.StaticUserWebFilter$StaticUserFilter) to context logs
2024-01-29 07:42:28,924 [main] INFO  http.BaseHttpServer (BaseHttpServer.java:<init>(189)) - HTTP server of hddsDatanode uses base directory /home/runner/work/ozone/ozone/hadoop-ozone/integration-test/target/test-dir/MiniOzoneClusterImpl-43c44e75-c492-4a39-944e-601a0ff30632/datanode-4/meta/webserver
2024-01-29 07:42:28,924 [main] INFO  http.HttpServer2 (HttpServer2.java:bindListener(1236)) - Jetty bound to port 15134
2024-01-29 07:42:28,924 [main] INFO  server.Server (Server.java:doStart(375)) - jetty-9.4.53.v20231009; built: 2023-10-09T12:29:09.265Z; git: 27bde00a0b95a1d5bbee0eae7984f891d2d0f8c9; jvm 1.8.0_392-b08
2024-01-29 07:42:28,931 [main] INFO  server.session (DefaultSessionIdManager.java:doStart(334)) - DefaultSessionIdManager workerName=node0
2024-01-29 07:42:28,931 [main] INFO  server.session (DefaultSessionIdManager.java:doStart(339)) - No SessionScavenger set, using defaults
2024-01-29 07:42:28,932 [main] INFO  server.session (HouseKeeper.java:startScavenging(132)) - node0 Scavenging every 660000ms
2024-01-29 07:42:28,932 [main] INFO  handler.ContextHandler (ContextHandler.java:doStart(921)) - Started o.e.j.s.ServletContextHandler@7a9f1582{logs,/logs,file:///home/runner/work/ozone/ozone/hadoop-ozone/integration-test/target/log,AVAILABLE}
2024-01-29 07:42:28,933 [main] INFO  handler.ContextHandler (ContextHandler.java:doStart(921)) - Started o.e.j.s.ServletContextHandler@618b1cd9{static,/static,jar:file:/home/runner/.m2/repository/org/apache/ozone/hdds-container-service/1.5.0-SNAPSHOT/hdds-container-service-1.5.0-SNAPSHOT.jar!/webapps/static,AVAILABLE}
2024-01-29 07:42:28,966 [main] INFO  handler.ContextHandler (ContextHandler.java:doStart(921)) - Started o.e.j.w.WebAppContext@2bd4f07f{hddsDatanode,/,file:///home/runner/work/ozone/ozone/hadoop-ozone/integration-test/target/test-dir/MiniOzoneClusterImpl-43c44e75-c492-4a39-944e-601a0ff30632/datanode-4/meta/webserver/jetty-0_0_0_0-15134-hdds-container-service-1_5_0-SNAPSHOT_jar-_-any-8663325165927529242/webapp/,AVAILABLE}{jar:file:/home/runner/.m2/repository/org/apache/ozone/hdds-container-service/1.5.0-SNAPSHOT/hdds-container-service-1.5.0-SNAPSHOT.jar!/webapps/hddsDatanode}
2024-01-29 07:42:28,968 [main] INFO  server.AbstractConnector (AbstractConnector.java:doStart(333)) - Started ServerConnector@6bcdc5c6{HTTP/1.1, (http/1.1)}{0.0.0.0:15134}
2024-01-29 07:42:28,968 [main] INFO  server.Server (Server.java:doStart(415)) - Started @43073ms
2024-01-29 07:42:28,969 [main] WARN  impl.MetricsSystemImpl (MetricsSystemImpl.java:register(279)) - Sink prometheus already exists!
2024-01-29 07:42:28,969 [main] INFO  http.BaseHttpServer (BaseHttpServer.java:updateConnectorAddress(354)) - HTTP server of hddsDatanode listening at http://0.0.0.0:15134
2024-01-29 07:42:28,969 [main] INFO  ipc.CallQueueManager (CallQueueManager.java:<init>(90)) - Using callQueue: class java.util.concurrent.LinkedBlockingQueue, queueCapacity: 100, scheduler: class org.apache.hadoop.ipc.DefaultRpcScheduler, ipcBackoff: false.
2024-01-29 07:42:28,970 [main] INFO  ipc.Server (Server.java:<init>(1287)) - Listener at 0.0.0.0:15135
2024-01-29 07:42:28,970 [Socket Reader #1 for port 15135] INFO  ipc.Server (Server.java:run(1323)) - Starting Socket Reader #1 for port 15135
2024-01-29 07:42:28,972 [main] INFO  ozone.HddsDatanodeService (HddsDatanodeService.java:start(324)) - Datanode start with admins: [runner]
2024-01-29 07:42:28,972 [main] INFO  ozone.HddsDatanodeClientProtocolServer (HddsDatanodeClientProtocolServer.java:start(72)) - RPC server for Client /0.0.0.0:15135
2024-01-29 07:42:28,972 [IPC Server Responder] INFO  ipc.Server (Server.java:run(1562)) - IPC Server Responder: starting
2024-01-29 07:42:28,978 [IPC Server listener on 15135] INFO  ipc.Server (Server.java:run(1402)) - IPC Server listener on 15135: starting
2024-01-29 07:42:28,978 [f3d36f04-bccd-4be2-9dc2-ceae52659d99-DatanodeStateMachineDaemonThread] INFO  statemachine.DatanodeStateMachine (DatanodeStateMachine.java:lambda$startDaemon$1(555)) - Ozone container server started.
2024-01-29 07:42:28,981 [main] WARN  dropwizard3.Dm3MetricRegistriesImpl (Dm3MetricRegistriesImpl.java:addReporterRegistration(113)) - New reporters are added after registries were created. Some metrics will be missing from the reporter. Please add reporter before adding any new registry.
2024-01-29 07:42:28,982 [main] WARN  dropwizard3.Dm3MetricRegistriesImpl (Dm3MetricRegistriesImpl.java:addReporterRegistration(113)) - New reporters are added after registries were created. Some metrics will be missing from the reporter. Please add reporter before adding any new registry.
2024-01-29 07:42:28,982 [main] INFO  impl.MetricsSystemImpl (MetricsSystemImpl.java:init(158)) - HddsDatanode metrics system started (again)
2024-01-29 07:42:28,985 [f3d36f04-bccd-4be2-9dc2-ceae52659d99-DatanodeStateMachineTaskThread-0] INFO  datanode.InitDatanodeState (InitDatanodeState.java:persistContainerDatanodeDetails(139)) - DatanodeDetails is persisted to /home/runner/work/ozone/ozone/hadoop-ozone/integration-test/target/test-dir/MiniOzoneClusterImpl-43c44e75-c492-4a39-944e-601a0ff30632/datanode-4/meta/datanode.id
2024-01-29 07:42:28,992 [main] INFO  ozone.HddsDatanodeService (HddsDatanodeService.java:start(239)) - HddsDatanodeService host:fv-az571-724.sssw3dgiwi1e5jwxh1zizygaca.bx.internal.cloudapp.net ip:10.1.0.7
2024-01-29 07:42:29,007 [main] INFO  upgrade.AbstractLayoutVersionManager (AbstractLayoutVersionManager.java:init(83)) - Initializing Layout version manager with metadata layout = HADOOP_PRC_PORTS_IN_DATANODEDETAILS (version = 7), software layout = HADOOP_PRC_PORTS_IN_DATANODEDETAILS (version = 7)
2024-01-29 07:42:29,008 [main] INFO  statemachine.DatanodeStateMachine (DatanodeStateMachine.java:getEndPointTaskThreadPoolSize(299)) - Datanode State Machine Task Thread Pool size 2
2024-01-29 07:42:29,009 [main] INFO  volume.HddsVolume (HddsVolume.java:<init>(125)) - Creating HddsVolume: /home/runner/work/ozone/ozone/hadoop-ozone/integration-test/target/test-dir/MiniOzoneClusterImpl-43c44e75-c492-4a39-944e-601a0ff30632/datanode-5/data-0/containers/hdds of storage type : DISK capacity : 9223372036854775807
2024-01-29 07:42:29,009 [main] INFO  volume.MutableVolumeSet (MutableVolumeSet.java:initializeVolumeSet(173)) - Added Volume : /home/runner/work/ozone/ozone/hadoop-ozone/integration-test/target/test-dir/MiniOzoneClusterImpl-43c44e75-c492-4a39-944e-601a0ff30632/datanode-5/data-0/containers/hdds to VolumeSet
2024-01-29 07:42:29,010 [main] INFO  volume.MutableVolumeSet (MutableVolumeSet.java:initializeVolumeSet(173)) - Added Volume : /home/runner/work/ozone/ozone/hadoop-ozone/integration-test/target/test-dir/MiniOzoneClusterImpl-43c44e75-c492-4a39-944e-601a0ff30632/datanode-5/data/ratis to VolumeSet
2024-01-29 07:42:29,010 [main] INFO  ozoneimpl.OzoneContainer (HddsVolumeUtil.java:loadAllHddsVolumeDbStore(103)) - Load 1 volumes DbStore cost: 0ms
2024-01-29 07:42:29,011 [aaaecba4-dc3a-4434-b0f1-479f09acdbc3-ContainerReader-0] INFO  ozoneimpl.ContainerReader (ContainerReader.java:readVolume(178)) - Finish verifying containers on volume /home/runner/work/ozone/ozone/hadoop-ozone/integration-test/target/test-dir/MiniOzoneClusterImpl-43c44e75-c492-4a39-944e-601a0ff30632/datanode-5/data-0/containers/hdds
2024-01-29 07:42:29,011 [main] INFO  ozoneimpl.OzoneContainer (OzoneContainer.java:buildContainerSet(328)) - Build ContainerSet costs 0s
2024-01-29 07:42:29,012 [main] INFO  server.RaftServer (ConfUtils.java:logGet(46)) - raft.rpc.type = GRPC (default)
2024-01-29 07:42:29,013 [main] INFO  grpc.GrpcConfigKeys (ConfUtils.java:logFallback(53)) - raft.grpc.admin.host = null (fallback to raft.grpc.server.host)
2024-01-29 07:42:29,013 [main] INFO  grpc.GrpcConfigKeys (ConfUtils.java:logGet(46)) - raft.grpc.admin.port = 15147 (custom)
2024-01-29 07:42:29,013 [main] INFO  grpc.GrpcConfigKeys (ConfUtils.java:logFallback(53)) - raft.grpc.client.host = null (fallback to raft.grpc.server.host)
2024-01-29 07:42:29,013 [main] INFO  grpc.GrpcConfigKeys (ConfUtils.java:logGet(46)) - raft.grpc.client.port = 15146 (custom)
2024-01-29 07:42:29,013 [main] INFO  grpc.GrpcConfigKeys (ConfUtils.java:logGet(46)) - raft.grpc.server.host = null (default)
2024-01-29 07:42:29,013 [main] INFO  grpc.GrpcConfigKeys (ConfUtils.java:logGet(46)) - raft.grpc.server.port = 15148 (custom)
2024-01-29 07:42:29,014 [main] INFO  server.GrpcService (ConfUtils.java:logGet(46)) - raft.grpc.message.size.max = 32MB (=33554432) (custom)
2024-01-29 07:42:29,014 [main] INFO  server.RaftServerConfigKeys (ConfUtils.java:logGet(46)) - raft.server.log.appender.buffer.byte-limit = 8388608 (custom)
2024-01-29 07:42:29,014 [main] INFO  server.GrpcService (ConfUtils.java:logGet(46)) - raft.grpc.flow.control.window = 5MB (=5242880) (custom)
2024-01-29 07:42:29,014 [main] INFO  server.RaftServerConfigKeys (ConfUtils.java:logGet(46)) - raft.server.rpc.request.timeout = 3000ms (default)
2024-01-29 07:42:29,014 [main] INFO  grpc.GrpcConfigKeys (ConfUtils.java:logGet(46)) - raft.grpc.server.heartbeat.channel = true (default)
2024-01-29 07:42:29,014 [main] INFO  grpc.GrpcConfigKeys (ConfUtils.java:logGet(46)) - raft.grpc.server.async.request.thread.pool.cached = true (default)
2024-01-29 07:42:29,014 [main] INFO  grpc.GrpcConfigKeys (ConfUtils.java:logGet(46)) - raft.grpc.server.async.request.thread.pool.size = 32 (default)
2024-01-29 07:42:29,016 [main] INFO  impl.DataStreamServerImpl (ConfUtils.java:logGet(46)) - raft.datastream.type = NETTY (custom)
2024-01-29 07:42:29,016 [main] INFO  server.RaftServerConfigKeys (ConfUtils.java:logGet(46)) - raft.server.data-stream.async.request.thread.pool.cached = false (default)
2024-01-29 07:42:29,017 [main] INFO  server.RaftServerConfigKeys (ConfUtils.java:logGet(46)) - raft.server.data-stream.async.request.thread.pool.size = 20 (custom)
2024-01-29 07:42:29,017 [main] INFO  server.RaftServerConfigKeys (ConfUtils.java:logGet(46)) - raft.server.data-stream.async.write.thread.pool.size = 16 (default)
2024-01-29 07:42:29,017 [main] INFO  netty.NettyConfigKeys$DataStream (ConfUtils.java:logGet(46)) - raft.netty.dataStream.server.channel.inactive.grace-period = 10min (default)
2024-01-29 07:42:29,017 [main] INFO  server.RaftServerConfigKeys (ConfUtils.java:logGet(46)) - raft.server.data-stream.client.pool.size = 10 (default)
2024-01-29 07:42:29,017 [main] INFO  netty.NettyConfigKeys$DataStream (ConfUtils.java:logGet(46)) - raft.netty.dataStream.server.use-epoll = true (default)
2024-01-29 07:42:29,018 [main] INFO  netty.NettyConfigKeys$DataStream (ConfUtils.java:logGet(46)) - raft.netty.dataStream.server.boss-group.size = 0 (default)
2024-01-29 07:42:29,018 [main] INFO  netty.NettyUtils (NettyUtils.java:newEventLoopGroup(69)) - Create EpollEventLoopGroup for aaaecba4-dc3a-4434-b0f1-479f09acdbc3-NettyServerStreamRpc-bossGroup; Thread size is 0.
2024-01-29 07:42:29,018 [main] INFO  netty.NettyConfigKeys$DataStream (ConfUtils.java:logGet(46)) - raft.netty.dataStream.server.worker-group.size = 0 (default)
2024-01-29 07:42:29,018 [main] INFO  netty.NettyUtils (NettyUtils.java:newEventLoopGroup(69)) - Create EpollEventLoopGroup for aaaecba4-dc3a-4434-b0f1-479f09acdbc3-NettyServerStreamRpc-workerGroup; Thread size is 0.
2024-01-29 07:42:29,019 [main] INFO  netty.NettyConfigKeys$DataStream (ConfUtils.java:logGet(46)) - raft.netty.dataStream.server.tls.conf = null (default)
2024-01-29 07:42:29,019 [main] INFO  netty.NettyConfigKeys$DataStream (ConfUtils.java:logGet(46)) - raft.netty.dataStream.host = null (default)
2024-01-29 07:42:29,019 [main] INFO  netty.NettyConfigKeys$DataStream (ConfUtils.java:logGet(46)) - raft.netty.dataStream.port = 15149 (custom)
2024-01-29 07:42:29,019 [main] INFO  server.RaftServerConfigKeys (ConfUtils.java:logGet(46)) - raft.server.sleep.deviation.threshold = 300ms (default)
2024-01-29 07:42:29,020 [main] INFO  server.RaftServerConfigKeys (ConfUtils.java:logGet(46)) - raft.server.close.threshold = 60s (default)
2024-01-29 07:42:29,020 [aaaecba4-dc3a-4434-b0f1-479f09acdbc3-NettyServerStreamRpc-bossGroup--thread1] INFO  logging.LoggingHandler (AbstractInternalLogger.java:log(148)) - [id: 0xf3a3f73a] REGISTERED
2024-01-29 07:42:29,020 [main] INFO  server.RaftServerConfigKeys (ConfUtils.java:logGet(46)) - raft.server.leaderelection.leader.step-down.wait-time = 10s (default)
2024-01-29 07:42:29,020 [aaaecba4-dc3a-4434-b0f1-479f09acdbc3-NettyServerStreamRpc-bossGroup--thread1] INFO  logging.LoggingHandler (AbstractInternalLogger.java:log(148)) - [id: 0xf3a3f73a] BIND: 0.0.0.0/0.0.0.0:15149
2024-01-29 07:42:29,020 [main] INFO  server.RaftServerConfigKeys (ConfUtils.java:logGet(46)) - raft.server.storage.dir = [/home/runner/work/ozone/ozone/hadoop-ozone/integration-test/target/test-dir/MiniOzoneClusterImpl-43c44e75-c492-4a39-944e-601a0ff30632/datanode-5/data/ratis] (custom)
2024-01-29 07:42:29,020 [aaaecba4-dc3a-4434-b0f1-479f09acdbc3-NettyServerStreamRpc-bossGroup--thread1] INFO  logging.LoggingHandler (AbstractInternalLogger.java:log(148)) - [id: 0xf3a3f73a, L:/0.0.0.0:15149] ACTIVE
2024-01-29 07:42:29,020 [main] INFO  server.RaftServerConfigKeys (ConfUtils.java:logGet(46)) - raft.server.threadpool.proxy.cached = true (default)
2024-01-29 07:42:29,021 [main] INFO  server.RaftServerConfigKeys (ConfUtils.java:logGet(46)) - raft.server.threadpool.proxy.size = 0 (default)
2024-01-29 07:42:29,021 [aaaecba4-dc3a-4434-b0f1-479f09acdbc3-impl-thread1] INFO  server.RaftServer (RaftServerProxy.java:initGroupDir(264)) - aaaecba4-dc3a-4434-b0f1-479f09acdbc3: found a subdirectory /home/runner/work/ozone/ozone/hadoop-ozone/integration-test/target/test-dir/MiniOzoneClusterImpl-43c44e75-c492-4a39-944e-601a0ff30632/datanode-5/data/ratis/tmp
2024-01-29 07:42:29,021 [aaaecba4-dc3a-4434-b0f1-479f09acdbc3-impl-thread1] INFO  server.RaftServer (RaftServerProxy.java:initGroupDir(269)) - aaaecba4-dc3a-4434-b0f1-479f09acdbc3: The directory /home/runner/work/ozone/ozone/hadoop-ozone/integration-test/target/test-dir/MiniOzoneClusterImpl-43c44e75-c492-4a39-944e-601a0ff30632/datanode-5/data/ratis/tmp is not a group directory; ignoring it. 
2024-01-29 07:42:29,021 [main] INFO  replication.ReplicationServer (ReplicationServer.java:<init>(85)) - Initializing replication server with thread count = 10 queue length = 4096
2024-01-29 07:42:29,022 [main] INFO  server.XceiverServerGrpc (XceiverServerGrpc.java:<init>(141)) - GrpcServer channel type EpollServerSocketChannel
2024-01-29 07:42:29,023 [main] INFO  replication.ReplicationSupervisor (ReplicationSupervisor.java:build(163)) - Initializing replication supervisor with thread count = 10
2024-01-29 07:42:29,024 [main] INFO  replication.ReplicationSupervisor (ReplicationSupervisor.java:nodeStateUpdated(317)) - Node state updated to IN_SERVICE, scaling executor pool size to 10
2024-01-29 07:42:29,026 [main] INFO  http.BaseHttpServer (BaseHttpServer.java:newHttpServer2BuilderForOzone(223)) - Starting Web-server for hddsDatanode at: http://0.0.0.0:15143
2024-01-29 07:42:29,026 [main] INFO  http.BaseHttpServer (BaseHttpServer.java:<init>(110)) - Hadoop Security Enabled: false Ozone Security Enabled: false Ozone HTTP Security Enabled: false 
2024-01-29 07:42:29,027 [main] WARN  server.AuthenticationFilter (AuthenticationFilter.java:constructSecretProvider(240)) - Unable to initialize FileSignerSecretProvider, falling back to use random secrets. Reason: Could not read signature secret file: /home/runner/hadoop-http-auth-signature-secret
2024-01-29 07:42:29,028 [main] INFO  http.HttpRequestLog (HttpRequestLog.java:getRequestLog(86)) - Http request log for http.requests.hddsDatanode is not defined
2024-01-29 07:42:29,029 [main] INFO  http.HttpServer2 (HttpServer2.java:addGlobalFilter(1036)) - Added global filter 'safety' (class=org.apache.hadoop.hdds.server.http.HttpServer2$QuotingInputFilter)
2024-01-29 07:42:29,029 [main] INFO  http.HttpServer2 (HttpServer2.java:addFilter(1012)) - Added filter static_user_filter (class=org.apache.hadoop.http.lib.StaticUserWebFilter$StaticUserFilter) to context hddsDatanode
2024-01-29 07:42:29,029 [main] INFO  http.HttpServer2 (HttpServer2.java:addFilter(1020)) - Added filter static_user_filter (class=org.apache.hadoop.http.lib.StaticUserWebFilter$StaticUserFilter) to context logs
2024-01-29 07:42:29,029 [main] INFO  http.HttpServer2 (HttpServer2.java:addFilter(1020)) - Added filter static_user_filter (class=org.apache.hadoop.http.lib.StaticUserWebFilter$StaticUserFilter) to context static
2024-01-29 07:42:29,030 [main] INFO  http.BaseHttpServer (BaseHttpServer.java:<init>(189)) - HTTP server of hddsDatanode uses base directory /home/runner/work/ozone/ozone/hadoop-ozone/integration-test/target/test-dir/MiniOzoneClusterImpl-43c44e75-c492-4a39-944e-601a0ff30632/datanode-5/meta/webserver
2024-01-29 07:42:29,030 [main] INFO  http.HttpServer2 (HttpServer2.java:bindListener(1236)) - Jetty bound to port 15143
2024-01-29 07:42:29,031 [main] INFO  server.Server (Server.java:doStart(375)) - jetty-9.4.53.v20231009; built: 2023-10-09T12:29:09.265Z; git: 27bde00a0b95a1d5bbee0eae7984f891d2d0f8c9; jvm 1.8.0_392-b08
2024-01-29 07:42:29,032 [main] INFO  server.session (DefaultSessionIdManager.java:doStart(334)) - DefaultSessionIdManager workerName=node0
2024-01-29 07:42:29,032 [main] INFO  server.session (DefaultSessionIdManager.java:doStart(339)) - No SessionScavenger set, using defaults
2024-01-29 07:42:29,032 [main] INFO  server.session (HouseKeeper.java:startScavenging(132)) - node0 Scavenging every 660000ms
2024-01-29 07:42:29,033 [main] INFO  handler.ContextHandler (ContextHandler.java:doStart(921)) - Started o.e.j.s.ServletContextHandler@20347465{logs,/logs,file:///home/runner/work/ozone/ozone/hadoop-ozone/integration-test/target/log,AVAILABLE}
2024-01-29 07:42:29,033 [main] INFO  handler.ContextHandler (ContextHandler.java:doStart(921)) - Started o.e.j.s.ServletContextHandler@30f1a962{static,/static,jar:file:/home/runner/.m2/repository/org/apache/ozone/hdds-container-service/1.5.0-SNAPSHOT/hdds-container-service-1.5.0-SNAPSHOT.jar!/webapps/static,AVAILABLE}
2024-01-29 07:42:29,066 [main] INFO  handler.ContextHandler (ContextHandler.java:doStart(921)) - Started o.e.j.w.WebAppContext@563fb617{hddsDatanode,/,file:///home/runner/work/ozone/ozone/hadoop-ozone/integration-test/target/test-dir/MiniOzoneClusterImpl-43c44e75-c492-4a39-944e-601a0ff30632/datanode-5/meta/webserver/jetty-0_0_0_0-15143-hdds-container-service-1_5_0-SNAPSHOT_jar-_-any-3901607327333872150/webapp/,AVAILABLE}{jar:file:/home/runner/.m2/repository/org/apache/ozone/hdds-container-service/1.5.0-SNAPSHOT/hdds-container-service-1.5.0-SNAPSHOT.jar!/webapps/hddsDatanode}
2024-01-29 07:42:29,068 [main] INFO  server.AbstractConnector (AbstractConnector.java:doStart(333)) - Started ServerConnector@785c354a{HTTP/1.1, (http/1.1)}{0.0.0.0:15143}
2024-01-29 07:42:29,068 [main] INFO  server.Server (Server.java:doStart(415)) - Started @43172ms
2024-01-29 07:42:29,068 [main] WARN  impl.MetricsSystemImpl (MetricsSystemImpl.java:register(279)) - Sink prometheus already exists!
2024-01-29 07:42:29,069 [main] INFO  http.BaseHttpServer (BaseHttpServer.java:updateConnectorAddress(354)) - HTTP server of hddsDatanode listening at http://0.0.0.0:15143
2024-01-29 07:42:29,069 [main] INFO  ipc.CallQueueManager (CallQueueManager.java:<init>(90)) - Using callQueue: class java.util.concurrent.LinkedBlockingQueue, queueCapacity: 100, scheduler: class org.apache.hadoop.ipc.DefaultRpcScheduler, ipcBackoff: false.
2024-01-29 07:42:29,069 [main] INFO  ipc.Server (Server.java:<init>(1287)) - Listener at 0.0.0.0:15144
2024-01-29 07:42:29,070 [Socket Reader #1 for port 15144] INFO  ipc.Server (Server.java:run(1323)) - Starting Socket Reader #1 for port 15144
2024-01-29 07:42:29,076 [main] INFO  ozone.HddsDatanodeService (HddsDatanodeService.java:start(324)) - Datanode start with admins: [runner]
2024-01-29 07:42:29,076 [main] INFO  ozone.HddsDatanodeClientProtocolServer (HddsDatanodeClientProtocolServer.java:start(72)) - RPC server for Client /0.0.0.0:15144
2024-01-29 07:42:29,076 [IPC Server Responder] INFO  ipc.Server (Server.java:run(1562)) - IPC Server Responder: starting
2024-01-29 07:42:29,076 [IPC Server listener on 15144] INFO  ipc.Server (Server.java:run(1402)) - IPC Server listener on 15144: starting
2024-01-29 07:42:29,081 [aaaecba4-dc3a-4434-b0f1-479f09acdbc3-DatanodeStateMachineDaemonThread] INFO  statemachine.DatanodeStateMachine (DatanodeStateMachine.java:lambda$startDaemon$1(555)) - Ozone container server started.
2024-01-29 07:42:29,081 [main] WARN  dropwizard3.Dm3MetricRegistriesImpl (Dm3MetricRegistriesImpl.java:addReporterRegistration(113)) - New reporters are added after registries were created. Some metrics will be missing from the reporter. Please add reporter before adding any new registry.
2024-01-29 07:42:29,082 [main] WARN  dropwizard3.Dm3MetricRegistriesImpl (Dm3MetricRegistriesImpl.java:addReporterRegistration(113)) - New reporters are added after registries were created. Some metrics will be missing from the reporter. Please add reporter before adding any new registry.
2024-01-29 07:42:29,083 [main] INFO  impl.MetricsSystemImpl (MetricsSystemImpl.java:init(158)) - HddsDatanode metrics system started (again)
2024-01-29 07:42:29,093 [main] INFO  ozone.HddsDatanodeService (HddsDatanodeService.java:start(239)) - HddsDatanodeService host:fv-az571-724.sssw3dgiwi1e5jwxh1zizygaca.bx.internal.cloudapp.net ip:10.1.0.7
2024-01-29 07:42:29,093 [aaaecba4-dc3a-4434-b0f1-479f09acdbc3-DatanodeStateMachineTaskThread-0] INFO  datanode.InitDatanodeState (InitDatanodeState.java:persistContainerDatanodeDetails(139)) - DatanodeDetails is persisted to /home/runner/work/ozone/ozone/hadoop-ozone/integration-test/target/test-dir/MiniOzoneClusterImpl-43c44e75-c492-4a39-944e-601a0ff30632/datanode-5/meta/datanode.id
2024-01-29 07:42:29,108 [main] INFO  upgrade.AbstractLayoutVersionManager (AbstractLayoutVersionManager.java:init(83)) - Initializing Layout version manager with metadata layout = HADOOP_PRC_PORTS_IN_DATANODEDETAILS (version = 7), software layout = HADOOP_PRC_PORTS_IN_DATANODEDETAILS (version = 7)
2024-01-29 07:42:29,109 [main] INFO  statemachine.DatanodeStateMachine (DatanodeStateMachine.java:getEndPointTaskThreadPoolSize(299)) - Datanode State Machine Task Thread Pool size 2
2024-01-29 07:42:29,110 [main] INFO  volume.HddsVolume (HddsVolume.java:<init>(125)) - Creating HddsVolume: /home/runner/work/ozone/ozone/hadoop-ozone/integration-test/target/test-dir/MiniOzoneClusterImpl-43c44e75-c492-4a39-944e-601a0ff30632/datanode-6/data-0/containers/hdds of storage type : DISK capacity : 9223372036854775807
2024-01-29 07:42:29,110 [main] INFO  volume.MutableVolumeSet (MutableVolumeSet.java:initializeVolumeSet(173)) - Added Volume : /home/runner/work/ozone/ozone/hadoop-ozone/integration-test/target/test-dir/MiniOzoneClusterImpl-43c44e75-c492-4a39-944e-601a0ff30632/datanode-6/data-0/containers/hdds to VolumeSet
2024-01-29 07:42:29,111 [main] INFO  volume.MutableVolumeSet (MutableVolumeSet.java:initializeVolumeSet(173)) - Added Volume : /home/runner/work/ozone/ozone/hadoop-ozone/integration-test/target/test-dir/MiniOzoneClusterImpl-43c44e75-c492-4a39-944e-601a0ff30632/datanode-6/data/ratis to VolumeSet
2024-01-29 07:42:29,111 [main] INFO  ozoneimpl.OzoneContainer (HddsVolumeUtil.java:loadAllHddsVolumeDbStore(103)) - Load 1 volumes DbStore cost: 0ms
2024-01-29 07:42:29,111 [4014a93b-65b2-4fad-85e3-f269d9ce0515-ContainerReader-0] INFO  ozoneimpl.ContainerReader (ContainerReader.java:readVolume(178)) - Finish verifying containers on volume /home/runner/work/ozone/ozone/hadoop-ozone/integration-test/target/test-dir/MiniOzoneClusterImpl-43c44e75-c492-4a39-944e-601a0ff30632/datanode-6/data-0/containers/hdds
2024-01-29 07:42:29,111 [main] INFO  ozoneimpl.OzoneContainer (OzoneContainer.java:buildContainerSet(328)) - Build ContainerSet costs 0s
2024-01-29 07:42:29,113 [main] INFO  server.RaftServer (ConfUtils.java:logGet(46)) - raft.rpc.type = GRPC (default)
2024-01-29 07:42:29,114 [main] INFO  grpc.GrpcConfigKeys (ConfUtils.java:logFallback(53)) - raft.grpc.admin.host = null (fallback to raft.grpc.server.host)
2024-01-29 07:42:29,114 [main] INFO  grpc.GrpcConfigKeys (ConfUtils.java:logGet(46)) - raft.grpc.admin.port = 15156 (custom)
2024-01-29 07:42:29,114 [main] INFO  grpc.GrpcConfigKeys (ConfUtils.java:logFallback(53)) - raft.grpc.client.host = null (fallback to raft.grpc.server.host)
2024-01-29 07:42:29,114 [main] INFO  grpc.GrpcConfigKeys (ConfUtils.java:logGet(46)) - raft.grpc.client.port = 15155 (custom)
2024-01-29 07:42:29,114 [main] INFO  grpc.GrpcConfigKeys (ConfUtils.java:logGet(46)) - raft.grpc.server.host = null (default)
2024-01-29 07:42:29,114 [main] INFO  grpc.GrpcConfigKeys (ConfUtils.java:logGet(46)) - raft.grpc.server.port = 15157 (custom)
2024-01-29 07:42:29,114 [main] INFO  server.GrpcService (ConfUtils.java:logGet(46)) - raft.grpc.message.size.max = 32MB (=33554432) (custom)
2024-01-29 07:42:29,115 [main] INFO  server.RaftServerConfigKeys (ConfUtils.java:logGet(46)) - raft.server.log.appender.buffer.byte-limit = 8388608 (custom)
2024-01-29 07:42:29,115 [main] INFO  server.GrpcService (ConfUtils.java:logGet(46)) - raft.grpc.flow.control.window = 5MB (=5242880) (custom)
2024-01-29 07:42:29,115 [main] INFO  server.RaftServerConfigKeys (ConfUtils.java:logGet(46)) - raft.server.rpc.request.timeout = 3000ms (default)
2024-01-29 07:42:29,115 [main] INFO  grpc.GrpcConfigKeys (ConfUtils.java:logGet(46)) - raft.grpc.server.heartbeat.channel = true (default)
2024-01-29 07:42:29,115 [main] INFO  grpc.GrpcConfigKeys (ConfUtils.java:logGet(46)) - raft.grpc.server.async.request.thread.pool.cached = true (default)
2024-01-29 07:42:29,115 [main] INFO  grpc.GrpcConfigKeys (ConfUtils.java:logGet(46)) - raft.grpc.server.async.request.thread.pool.size = 32 (default)
2024-01-29 07:42:29,118 [main] INFO  impl.DataStreamServerImpl (ConfUtils.java:logGet(46)) - raft.datastream.type = NETTY (custom)
2024-01-29 07:42:29,118 [main] INFO  server.RaftServerConfigKeys (ConfUtils.java:logGet(46)) - raft.server.data-stream.async.request.thread.pool.cached = false (default)
2024-01-29 07:42:29,119 [main] INFO  server.RaftServerConfigKeys (ConfUtils.java:logGet(46)) - raft.server.data-stream.async.request.thread.pool.size = 20 (custom)
2024-01-29 07:42:29,119 [main] INFO  server.RaftServerConfigKeys (ConfUtils.java:logGet(46)) - raft.server.data-stream.async.write.thread.pool.size = 16 (default)
2024-01-29 07:42:29,119 [main] INFO  netty.NettyConfigKeys$DataStream (ConfUtils.java:logGet(46)) - raft.netty.dataStream.server.channel.inactive.grace-period = 10min (default)
2024-01-29 07:42:29,119 [main] INFO  server.RaftServerConfigKeys (ConfUtils.java:logGet(46)) - raft.server.data-stream.client.pool.size = 10 (default)
2024-01-29 07:42:29,120 [main] INFO  netty.NettyConfigKeys$DataStream (ConfUtils.java:logGet(46)) - raft.netty.dataStream.server.use-epoll = true (default)
2024-01-29 07:42:29,120 [main] INFO  netty.NettyConfigKeys$DataStream (ConfUtils.java:logGet(46)) - raft.netty.dataStream.server.boss-group.size = 0 (default)
2024-01-29 07:42:29,120 [main] INFO  netty.NettyUtils (NettyUtils.java:newEventLoopGroup(69)) - Create EpollEventLoopGroup for 4014a93b-65b2-4fad-85e3-f269d9ce0515-NettyServerStreamRpc-bossGroup; Thread size is 0.
2024-01-29 07:42:29,120 [main] INFO  netty.NettyConfigKeys$DataStream (ConfUtils.java:logGet(46)) - raft.netty.dataStream.server.worker-group.size = 0 (default)
2024-01-29 07:42:29,121 [main] INFO  netty.NettyUtils (NettyUtils.java:newEventLoopGroup(69)) - Create EpollEventLoopGroup for 4014a93b-65b2-4fad-85e3-f269d9ce0515-NettyServerStreamRpc-workerGroup; Thread size is 0.
2024-01-29 07:42:29,121 [main] INFO  netty.NettyConfigKeys$DataStream (ConfUtils.java:logGet(46)) - raft.netty.dataStream.server.tls.conf = null (default)
2024-01-29 07:42:29,121 [main] INFO  netty.NettyConfigKeys$DataStream (ConfUtils.java:logGet(46)) - raft.netty.dataStream.host = null (default)
2024-01-29 07:42:29,122 [main] INFO  netty.NettyConfigKeys$DataStream (ConfUtils.java:logGet(46)) - raft.netty.dataStream.port = 15158 (custom)
2024-01-29 07:42:29,122 [main] INFO  server.RaftServerConfigKeys (ConfUtils.java:logGet(46)) - raft.server.sleep.deviation.threshold = 300ms (default)
2024-01-29 07:42:29,122 [main] INFO  server.RaftServerConfigKeys (ConfUtils.java:logGet(46)) - raft.server.close.threshold = 60s (default)
2024-01-29 07:42:29,123 [main] INFO  server.RaftServerConfigKeys (ConfUtils.java:logGet(46)) - raft.server.leaderelection.leader.step-down.wait-time = 10s (default)
2024-01-29 07:42:29,123 [4014a93b-65b2-4fad-85e3-f269d9ce0515-NettyServerStreamRpc-bossGroup--thread1] INFO  logging.LoggingHandler (AbstractInternalLogger.java:log(148)) - [id: 0x62a31e4c] REGISTERED
2024-01-29 07:42:29,123 [main] INFO  server.RaftServerConfigKeys (ConfUtils.java:logGet(46)) - raft.server.storage.dir = [/home/runner/work/ozone/ozone/hadoop-ozone/integration-test/target/test-dir/MiniOzoneClusterImpl-43c44e75-c492-4a39-944e-601a0ff30632/datanode-6/data/ratis] (custom)
2024-01-29 07:42:29,123 [main] INFO  server.RaftServerConfigKeys (ConfUtils.java:logGet(46)) - raft.server.threadpool.proxy.cached = true (default)
2024-01-29 07:42:29,123 [main] INFO  server.RaftServerConfigKeys (ConfUtils.java:logGet(46)) - raft.server.threadpool.proxy.size = 0 (default)
2024-01-29 07:42:29,123 [4014a93b-65b2-4fad-85e3-f269d9ce0515-NettyServerStreamRpc-bossGroup--thread1] INFO  logging.LoggingHandler (AbstractInternalLogger.java:log(148)) - [id: 0x62a31e4c] BIND: 0.0.0.0/0.0.0.0:15158
2024-01-29 07:42:29,124 [4014a93b-65b2-4fad-85e3-f269d9ce0515-NettyServerStreamRpc-bossGroup--thread1] INFO  logging.LoggingHandler (AbstractInternalLogger.java:log(148)) - [id: 0x62a31e4c, L:/0.0.0.0:15158] ACTIVE
2024-01-29 07:42:29,133 [4014a93b-65b2-4fad-85e3-f269d9ce0515-impl-thread1] INFO  server.RaftServer (RaftServerProxy.java:initGroupDir(264)) - 4014a93b-65b2-4fad-85e3-f269d9ce0515: found a subdirectory /home/runner/work/ozone/ozone/hadoop-ozone/integration-test/target/test-dir/MiniOzoneClusterImpl-43c44e75-c492-4a39-944e-601a0ff30632/datanode-6/data/ratis/tmp
2024-01-29 07:42:29,133 [4014a93b-65b2-4fad-85e3-f269d9ce0515-impl-thread1] INFO  server.RaftServer (RaftServerProxy.java:initGroupDir(269)) - 4014a93b-65b2-4fad-85e3-f269d9ce0515: The directory /home/runner/work/ozone/ozone/hadoop-ozone/integration-test/target/test-dir/MiniOzoneClusterImpl-43c44e75-c492-4a39-944e-601a0ff30632/datanode-6/data/ratis/tmp is not a group directory; ignoring it. 
2024-01-29 07:42:29,134 [main] INFO  replication.ReplicationServer (ReplicationServer.java:<init>(85)) - Initializing replication server with thread count = 10 queue length = 4096
2024-01-29 07:42:29,135 [main] INFO  server.XceiverServerGrpc (XceiverServerGrpc.java:<init>(141)) - GrpcServer channel type EpollServerSocketChannel
2024-01-29 07:42:29,137 [main] INFO  replication.ReplicationSupervisor (ReplicationSupervisor.java:build(163)) - Initializing replication supervisor with thread count = 10
2024-01-29 07:42:29,137 [main] INFO  replication.ReplicationSupervisor (ReplicationSupervisor.java:nodeStateUpdated(317)) - Node state updated to IN_SERVICE, scaling executor pool size to 10
2024-01-29 07:42:29,140 [main] INFO  http.BaseHttpServer (BaseHttpServer.java:newHttpServer2BuilderForOzone(223)) - Starting Web-server for hddsDatanode at: http://0.0.0.0:15152
2024-01-29 07:42:29,140 [main] INFO  http.BaseHttpServer (BaseHttpServer.java:<init>(110)) - Hadoop Security Enabled: false Ozone Security Enabled: false Ozone HTTP Security Enabled: false 
2024-01-29 07:42:29,142 [main] WARN  server.AuthenticationFilter (AuthenticationFilter.java:constructSecretProvider(240)) - Unable to initialize FileSignerSecretProvider, falling back to use random secrets. Reason: Could not read signature secret file: /home/runner/hadoop-http-auth-signature-secret
2024-01-29 07:42:29,142 [main] INFO  http.HttpRequestLog (HttpRequestLog.java:getRequestLog(86)) - Http request log for http.requests.hddsDatanode is not defined
2024-01-29 07:42:29,145 [main] INFO  http.HttpServer2 (HttpServer2.java:addGlobalFilter(1036)) - Added global filter 'safety' (class=org.apache.hadoop.hdds.server.http.HttpServer2$QuotingInputFilter)
2024-01-29 07:42:29,145 [main] INFO  http.HttpServer2 (HttpServer2.java:addFilter(1012)) - Added filter static_user_filter (class=org.apache.hadoop.http.lib.StaticUserWebFilter$StaticUserFilter) to context hddsDatanode
2024-01-29 07:42:29,146 [main] INFO  http.HttpServer2 (HttpServer2.java:addFilter(1020)) - Added filter static_user_filter (class=org.apache.hadoop.http.lib.StaticUserWebFilter$StaticUserFilter) to context logs
2024-01-29 07:42:29,146 [main] INFO  http.HttpServer2 (HttpServer2.java:addFilter(1020)) - Added filter static_user_filter (class=org.apache.hadoop.http.lib.StaticUserWebFilter$StaticUserFilter) to context static
2024-01-29 07:42:29,146 [main] INFO  http.BaseHttpServer (BaseHttpServer.java:<init>(189)) - HTTP server of hddsDatanode uses base directory /home/runner/work/ozone/ozone/hadoop-ozone/integration-test/target/test-dir/MiniOzoneClusterImpl-43c44e75-c492-4a39-944e-601a0ff30632/datanode-6/meta/webserver
2024-01-29 07:42:29,147 [main] INFO  http.HttpServer2 (HttpServer2.java:bindListener(1236)) - Jetty bound to port 15152
2024-01-29 07:42:29,147 [main] INFO  server.Server (Server.java:doStart(375)) - jetty-9.4.53.v20231009; built: 2023-10-09T12:29:09.265Z; git: 27bde00a0b95a1d5bbee0eae7984f891d2d0f8c9; jvm 1.8.0_392-b08
2024-01-29 07:42:29,149 [main] INFO  server.session (DefaultSessionIdManager.java:doStart(334)) - DefaultSessionIdManager workerName=node0
2024-01-29 07:42:29,150 [main] INFO  server.session (DefaultSessionIdManager.java:doStart(339)) - No SessionScavenger set, using defaults
2024-01-29 07:42:29,150 [main] INFO  server.session (HouseKeeper.java:startScavenging(132)) - node0 Scavenging every 660000ms
2024-01-29 07:42:29,150 [main] INFO  handler.ContextHandler (ContextHandler.java:doStart(921)) - Started o.e.j.s.ServletContextHandler@58096708{logs,/logs,file:///home/runner/work/ozone/ozone/hadoop-ozone/integration-test/target/log,AVAILABLE}
2024-01-29 07:42:29,151 [main] INFO  handler.ContextHandler (ContextHandler.java:doStart(921)) - Started o.e.j.s.ServletContextHandler@4b9102de{static,/static,jar:file:/home/runner/.m2/repository/org/apache/ozone/hdds-container-service/1.5.0-SNAPSHOT/hdds-container-service-1.5.0-SNAPSHOT.jar!/webapps/static,AVAILABLE}
2024-01-29 07:42:29,188 [main] INFO  handler.ContextHandler (ContextHandler.java:doStart(921)) - Started o.e.j.w.WebAppContext@cb52715{hddsDatanode,/,file:///home/runner/work/ozone/ozone/hadoop-ozone/integration-test/target/test-dir/MiniOzoneClusterImpl-43c44e75-c492-4a39-944e-601a0ff30632/datanode-6/meta/webserver/jetty-0_0_0_0-15152-hdds-container-service-1_5_0-SNAPSHOT_jar-_-any-8868700146696090658/webapp/,AVAILABLE}{jar:file:/home/runner/.m2/repository/org/apache/ozone/hdds-container-service/1.5.0-SNAPSHOT/hdds-container-service-1.5.0-SNAPSHOT.jar!/webapps/hddsDatanode}
2024-01-29 07:42:29,190 [main] INFO  server.AbstractConnector (AbstractConnector.java:doStart(333)) - Started ServerConnector@67d7d5c4{HTTP/1.1, (http/1.1)}{0.0.0.0:15152}
2024-01-29 07:42:29,190 [main] INFO  server.Server (Server.java:doStart(415)) - Started @43294ms
2024-01-29 07:42:29,190 [main] WARN  impl.MetricsSystemImpl (MetricsSystemImpl.java:register(279)) - Sink prometheus already exists!
2024-01-29 07:42:29,191 [main] INFO  http.BaseHttpServer (BaseHttpServer.java:updateConnectorAddress(354)) - HTTP server of hddsDatanode listening at http://0.0.0.0:15152
2024-01-29 07:42:29,191 [main] INFO  ipc.CallQueueManager (CallQueueManager.java:<init>(90)) - Using callQueue: class java.util.concurrent.LinkedBlockingQueue, queueCapacity: 100, scheduler: class org.apache.hadoop.ipc.DefaultRpcScheduler, ipcBackoff: false.
2024-01-29 07:42:29,191 [main] INFO  ipc.Server (Server.java:<init>(1287)) - Listener at 0.0.0.0:15153
2024-01-29 07:42:29,192 [Socket Reader #1 for port 15153] INFO  ipc.Server (Server.java:run(1323)) - Starting Socket Reader #1 for port 15153
2024-01-29 07:42:29,193 [main] INFO  ozone.HddsDatanodeService (HddsDatanodeService.java:start(324)) - Datanode start with admins: [runner]
2024-01-29 07:42:29,193 [main] INFO  ozone.HddsDatanodeClientProtocolServer (HddsDatanodeClientProtocolServer.java:start(72)) - RPC server for Client /0.0.0.0:15153
2024-01-29 07:42:29,193 [IPC Server Responder] INFO  ipc.Server (Server.java:run(1562)) - IPC Server Responder: starting
2024-01-29 07:42:29,194 [IPC Server listener on 15153] INFO  ipc.Server (Server.java:run(1402)) - IPC Server listener on 15153: starting
2024-01-29 07:42:29,195 [4014a93b-65b2-4fad-85e3-f269d9ce0515-DatanodeStateMachineDaemonThread] INFO  statemachine.DatanodeStateMachine (DatanodeStateMachine.java:lambda$startDaemon$1(555)) - Ozone container server started.
2024-01-29 07:42:29,197 [main] WARN  dropwizard3.Dm3MetricRegistriesImpl (Dm3MetricRegistriesImpl.java:addReporterRegistration(113)) - New reporters are added after registries were created. Some metrics will be missing from the reporter. Please add reporter before adding any new registry.
2024-01-29 07:42:29,197 [main] WARN  dropwizard3.Dm3MetricRegistriesImpl (Dm3MetricRegistriesImpl.java:addReporterRegistration(113)) - New reporters are added after registries were created. Some metrics will be missing from the reporter. Please add reporter before adding any new registry.
2024-01-29 07:42:29,197 [main] INFO  impl.MetricsSystemImpl (MetricsSystemImpl.java:init(158)) - HddsDatanode metrics system started (again)
2024-01-29 07:42:29,202 [4014a93b-65b2-4fad-85e3-f269d9ce0515-DatanodeStateMachineTaskThread-0] INFO  datanode.InitDatanodeState (InitDatanodeState.java:persistContainerDatanodeDetails(139)) - DatanodeDetails is persisted to /home/runner/work/ozone/ozone/hadoop-ozone/integration-test/target/test-dir/MiniOzoneClusterImpl-43c44e75-c492-4a39-944e-601a0ff30632/datanode-6/meta/datanode.id
2024-01-29 07:42:29,208 [main] INFO  ozone.HddsDatanodeService (HddsDatanodeService.java:start(239)) - HddsDatanodeService host:fv-az571-724.sssw3dgiwi1e5jwxh1zizygaca.bx.internal.cloudapp.net ip:10.1.0.7
2024-01-29 07:42:29,225 [main] INFO  upgrade.AbstractLayoutVersionManager (AbstractLayoutVersionManager.java:init(83)) - Initializing Layout version manager with metadata layout = HADOOP_PRC_PORTS_IN_DATANODEDETAILS (version = 7), software layout = HADOOP_PRC_PORTS_IN_DATANODEDETAILS (version = 7)
2024-01-29 07:42:29,226 [main] INFO  statemachine.DatanodeStateMachine (DatanodeStateMachine.java:getEndPointTaskThreadPoolSize(299)) - Datanode State Machine Task Thread Pool size 2
2024-01-29 07:42:29,227 [main] INFO  volume.HddsVolume (HddsVolume.java:<init>(125)) - Creating HddsVolume: /home/runner/work/ozone/ozone/hadoop-ozone/integration-test/target/test-dir/MiniOzoneClusterImpl-43c44e75-c492-4a39-944e-601a0ff30632/datanode-7/data-0/containers/hdds of storage type : DISK capacity : 9223372036854775807
2024-01-29 07:42:29,227 [main] INFO  volume.MutableVolumeSet (MutableVolumeSet.java:initializeVolumeSet(173)) - Added Volume : /home/runner/work/ozone/ozone/hadoop-ozone/integration-test/target/test-dir/MiniOzoneClusterImpl-43c44e75-c492-4a39-944e-601a0ff30632/datanode-7/data-0/containers/hdds to VolumeSet
2024-01-29 07:42:29,228 [main] INFO  volume.MutableVolumeSet (MutableVolumeSet.java:initializeVolumeSet(173)) - Added Volume : /home/runner/work/ozone/ozone/hadoop-ozone/integration-test/target/test-dir/MiniOzoneClusterImpl-43c44e75-c492-4a39-944e-601a0ff30632/datanode-7/data/ratis to VolumeSet
2024-01-29 07:42:29,228 [main] INFO  ozoneimpl.OzoneContainer (HddsVolumeUtil.java:loadAllHddsVolumeDbStore(103)) - Load 1 volumes DbStore cost: 0ms
2024-01-29 07:42:29,229 [f6f0dadf-556e-42a8-b6d8-b99280d4e6cc-ContainerReader-0] INFO  ozoneimpl.ContainerReader (ContainerReader.java:readVolume(178)) - Finish verifying containers on volume /home/runner/work/ozone/ozone/hadoop-ozone/integration-test/target/test-dir/MiniOzoneClusterImpl-43c44e75-c492-4a39-944e-601a0ff30632/datanode-7/data-0/containers/hdds
2024-01-29 07:42:29,229 [main] INFO  ozoneimpl.OzoneContainer (OzoneContainer.java:buildContainerSet(328)) - Build ContainerSet costs 0s
2024-01-29 07:42:29,230 [main] INFO  server.RaftServer (ConfUtils.java:logGet(46)) - raft.rpc.type = GRPC (default)
2024-01-29 07:42:29,231 [main] INFO  grpc.GrpcConfigKeys (ConfUtils.java:logFallback(53)) - raft.grpc.admin.host = null (fallback to raft.grpc.server.host)
2024-01-29 07:42:29,231 [main] INFO  grpc.GrpcConfigKeys (ConfUtils.java:logGet(46)) - raft.grpc.admin.port = 15165 (custom)
2024-01-29 07:42:29,231 [main] INFO  grpc.GrpcConfigKeys (ConfUtils.java:logFallback(53)) - raft.grpc.client.host = null (fallback to raft.grpc.server.host)
2024-01-29 07:42:29,231 [main] INFO  grpc.GrpcConfigKeys (ConfUtils.java:logGet(46)) - raft.grpc.client.port = 15164 (custom)
2024-01-29 07:42:29,231 [main] INFO  grpc.GrpcConfigKeys (ConfUtils.java:logGet(46)) - raft.grpc.server.host = null (default)
2024-01-29 07:42:29,231 [main] INFO  grpc.GrpcConfigKeys (ConfUtils.java:logGet(46)) - raft.grpc.server.port = 15166 (custom)
2024-01-29 07:42:29,231 [main] INFO  server.GrpcService (ConfUtils.java:logGet(46)) - raft.grpc.message.size.max = 32MB (=33554432) (custom)
2024-01-29 07:42:29,232 [main] INFO  server.RaftServerConfigKeys (ConfUtils.java:logGet(46)) - raft.server.log.appender.buffer.byte-limit = 8388608 (custom)
2024-01-29 07:42:29,232 [main] INFO  server.GrpcService (ConfUtils.java:logGet(46)) - raft.grpc.flow.control.window = 5MB (=5242880) (custom)
2024-01-29 07:42:29,232 [main] INFO  server.RaftServerConfigKeys (ConfUtils.java:logGet(46)) - raft.server.rpc.request.timeout = 3000ms (default)
2024-01-29 07:42:29,232 [main] INFO  grpc.GrpcConfigKeys (ConfUtils.java:logGet(46)) - raft.grpc.server.heartbeat.channel = true (default)
2024-01-29 07:42:29,232 [main] INFO  grpc.GrpcConfigKeys (ConfUtils.java:logGet(46)) - raft.grpc.server.async.request.thread.pool.cached = true (default)
2024-01-29 07:42:29,232 [main] INFO  grpc.GrpcConfigKeys (ConfUtils.java:logGet(46)) - raft.grpc.server.async.request.thread.pool.size = 32 (default)
2024-01-29 07:42:29,234 [main] INFO  impl.DataStreamServerImpl (ConfUtils.java:logGet(46)) - raft.datastream.type = NETTY (custom)
2024-01-29 07:42:29,234 [main] INFO  server.RaftServerConfigKeys (ConfUtils.java:logGet(46)) - raft.server.data-stream.async.request.thread.pool.cached = false (default)
2024-01-29 07:42:29,235 [main] INFO  server.RaftServerConfigKeys (ConfUtils.java:logGet(46)) - raft.server.data-stream.async.request.thread.pool.size = 20 (custom)
2024-01-29 07:42:29,235 [main] INFO  server.RaftServerConfigKeys (ConfUtils.java:logGet(46)) - raft.server.data-stream.async.write.thread.pool.size = 16 (default)
2024-01-29 07:42:29,235 [main] INFO  netty.NettyConfigKeys$DataStream (ConfUtils.java:logGet(46)) - raft.netty.dataStream.server.channel.inactive.grace-period = 10min (default)
2024-01-29 07:42:29,235 [main] INFO  server.RaftServerConfigKeys (ConfUtils.java:logGet(46)) - raft.server.data-stream.client.pool.size = 10 (default)
2024-01-29 07:42:29,235 [main] INFO  netty.NettyConfigKeys$DataStream (ConfUtils.java:logGet(46)) - raft.netty.dataStream.server.use-epoll = true (default)
2024-01-29 07:42:29,235 [main] INFO  netty.NettyConfigKeys$DataStream (ConfUtils.java:logGet(46)) - raft.netty.dataStream.server.boss-group.size = 0 (default)
2024-01-29 07:42:29,235 [main] INFO  netty.NettyUtils (NettyUtils.java:newEventLoopGroup(69)) - Create EpollEventLoopGroup for f6f0dadf-556e-42a8-b6d8-b99280d4e6cc-NettyServerStreamRpc-bossGroup; Thread size is 0.
2024-01-29 07:42:29,236 [main] INFO  netty.NettyConfigKeys$DataStream (ConfUtils.java:logGet(46)) - raft.netty.dataStream.server.worker-group.size = 0 (default)
2024-01-29 07:42:29,236 [main] INFO  netty.NettyUtils (NettyUtils.java:newEventLoopGroup(69)) - Create EpollEventLoopGroup for f6f0dadf-556e-42a8-b6d8-b99280d4e6cc-NettyServerStreamRpc-workerGroup; Thread size is 0.
2024-01-29 07:42:29,236 [main] INFO  netty.NettyConfigKeys$DataStream (ConfUtils.java:logGet(46)) - raft.netty.dataStream.server.tls.conf = null (default)
2024-01-29 07:42:29,236 [main] INFO  netty.NettyConfigKeys$DataStream (ConfUtils.java:logGet(46)) - raft.netty.dataStream.host = null (default)
2024-01-29 07:42:29,237 [main] INFO  netty.NettyConfigKeys$DataStream (ConfUtils.java:logGet(46)) - raft.netty.dataStream.port = 15167 (custom)
2024-01-29 07:42:29,237 [main] INFO  server.RaftServerConfigKeys (ConfUtils.java:logGet(46)) - raft.server.sleep.deviation.threshold = 300ms (default)
2024-01-29 07:42:29,265 [main] INFO  server.RaftServerConfigKeys (ConfUtils.java:logGet(46)) - raft.server.close.threshold = 60s (default)
2024-01-29 07:42:29,266 [main] INFO  server.RaftServerConfigKeys (ConfUtils.java:logGet(46)) - raft.server.leaderelection.leader.step-down.wait-time = 10s (default)
2024-01-29 07:42:29,266 [main] INFO  server.RaftServerConfigKeys (ConfUtils.java:logGet(46)) - raft.server.storage.dir = [/home/runner/work/ozone/ozone/hadoop-ozone/integration-test/target/test-dir/MiniOzoneClusterImpl-43c44e75-c492-4a39-944e-601a0ff30632/datanode-7/data/ratis] (custom)
2024-01-29 07:42:29,266 [main] INFO  server.RaftServerConfigKeys (ConfUtils.java:logGet(46)) - raft.server.threadpool.proxy.cached = true (default)
2024-01-29 07:42:29,267 [main] INFO  server.RaftServerConfigKeys (ConfUtils.java:logGet(46)) - raft.server.threadpool.proxy.size = 0 (default)
2024-01-29 07:42:29,265 [f6f0dadf-556e-42a8-b6d8-b99280d4e6cc-NettyServerStreamRpc-bossGroup--thread1] INFO  logging.LoggingHandler (AbstractInternalLogger.java:log(148)) - [id: 0x2fafd7ba] REGISTERED
2024-01-29 07:42:29,267 [f6f0dadf-556e-42a8-b6d8-b99280d4e6cc-NettyServerStreamRpc-bossGroup--thread1] INFO  logging.LoggingHandler (AbstractInternalLogger.java:log(148)) - [id: 0x2fafd7ba] BIND: 0.0.0.0/0.0.0.0:15167
2024-01-29 07:42:29,267 [f6f0dadf-556e-42a8-b6d8-b99280d4e6cc-NettyServerStreamRpc-bossGroup--thread1] INFO  logging.LoggingHandler (AbstractInternalLogger.java:log(148)) - [id: 0x2fafd7ba, L:/0.0.0.0:15167] ACTIVE
2024-01-29 07:42:29,268 [f6f0dadf-556e-42a8-b6d8-b99280d4e6cc-impl-thread1] INFO  server.RaftServer (RaftServerProxy.java:initGroupDir(264)) - f6f0dadf-556e-42a8-b6d8-b99280d4e6cc: found a subdirectory /home/runner/work/ozone/ozone/hadoop-ozone/integration-test/target/test-dir/MiniOzoneClusterImpl-43c44e75-c492-4a39-944e-601a0ff30632/datanode-7/data/ratis/tmp
2024-01-29 07:42:29,268 [f6f0dadf-556e-42a8-b6d8-b99280d4e6cc-impl-thread1] INFO  server.RaftServer (RaftServerProxy.java:initGroupDir(269)) - f6f0dadf-556e-42a8-b6d8-b99280d4e6cc: The directory /home/runner/work/ozone/ozone/hadoop-ozone/integration-test/target/test-dir/MiniOzoneClusterImpl-43c44e75-c492-4a39-944e-601a0ff30632/datanode-7/data/ratis/tmp is not a group directory; ignoring it. 
2024-01-29 07:42:29,269 [main] INFO  replication.ReplicationServer (ReplicationServer.java:<init>(85)) - Initializing replication server with thread count = 10 queue length = 4096
2024-01-29 07:42:29,270 [main] INFO  server.XceiverServerGrpc (XceiverServerGrpc.java:<init>(141)) - GrpcServer channel type EpollServerSocketChannel
2024-01-29 07:42:29,275 [main] INFO  replication.ReplicationSupervisor (ReplicationSupervisor.java:build(163)) - Initializing replication supervisor with thread count = 10
2024-01-29 07:42:29,275 [main] INFO  replication.ReplicationSupervisor (ReplicationSupervisor.java:nodeStateUpdated(317)) - Node state updated to IN_SERVICE, scaling executor pool size to 10
2024-01-29 07:42:29,276 [main] INFO  http.BaseHttpServer (BaseHttpServer.java:newHttpServer2BuilderForOzone(223)) - Starting Web-server for hddsDatanode at: http://0.0.0.0:15161
2024-01-29 07:42:29,276 [main] INFO  http.BaseHttpServer (BaseHttpServer.java:<init>(110)) - Hadoop Security Enabled: false Ozone Security Enabled: false Ozone HTTP Security Enabled: false 
2024-01-29 07:42:29,279 [main] WARN  server.AuthenticationFilter (AuthenticationFilter.java:constructSecretProvider(240)) - Unable to initialize FileSignerSecretProvider, falling back to use random secrets. Reason: Could not read signature secret file: /home/runner/hadoop-http-auth-signature-secret
2024-01-29 07:42:29,280 [main] INFO  http.HttpRequestLog (HttpRequestLog.java:getRequestLog(86)) - Http request log for http.requests.hddsDatanode is not defined
2024-01-29 07:42:29,281 [main] INFO  http.HttpServer2 (HttpServer2.java:addGlobalFilter(1036)) - Added global filter 'safety' (class=org.apache.hadoop.hdds.server.http.HttpServer2$QuotingInputFilter)
2024-01-29 07:42:29,281 [main] INFO  http.HttpServer2 (HttpServer2.java:addFilter(1012)) - Added filter static_user_filter (class=org.apache.hadoop.http.lib.StaticUserWebFilter$StaticUserFilter) to context hddsDatanode
2024-01-29 07:42:29,281 [main] INFO  http.HttpServer2 (HttpServer2.java:addFilter(1020)) - Added filter static_user_filter (class=org.apache.hadoop.http.lib.StaticUserWebFilter$StaticUserFilter) to context logs
2024-01-29 07:42:29,281 [main] INFO  http.HttpServer2 (HttpServer2.java:addFilter(1020)) - Added filter static_user_filter (class=org.apache.hadoop.http.lib.StaticUserWebFilter$StaticUserFilter) to context static
2024-01-29 07:42:29,282 [main] INFO  http.BaseHttpServer (BaseHttpServer.java:<init>(189)) - HTTP server of hddsDatanode uses base directory /home/runner/work/ozone/ozone/hadoop-ozone/integration-test/target/test-dir/MiniOzoneClusterImpl-43c44e75-c492-4a39-944e-601a0ff30632/datanode-7/meta/webserver
2024-01-29 07:42:29,282 [main] INFO  http.HttpServer2 (HttpServer2.java:bindListener(1236)) - Jetty bound to port 15161
2024-01-29 07:42:29,282 [main] INFO  server.Server (Server.java:doStart(375)) - jetty-9.4.53.v20231009; built: 2023-10-09T12:29:09.265Z; git: 27bde00a0b95a1d5bbee0eae7984f891d2d0f8c9; jvm 1.8.0_392-b08
2024-01-29 07:42:29,283 [main] INFO  server.session (DefaultSessionIdManager.java:doStart(334)) - DefaultSessionIdManager workerName=node0
2024-01-29 07:42:29,283 [main] INFO  server.session (DefaultSessionIdManager.java:doStart(339)) - No SessionScavenger set, using defaults
2024-01-29 07:42:29,285 [main] INFO  server.session (HouseKeeper.java:startScavenging(132)) - node0 Scavenging every 660000ms
2024-01-29 07:42:29,286 [main] INFO  handler.ContextHandler (ContextHandler.java:doStart(921)) - Started o.e.j.s.ServletContextHandler@9df3faa{logs,/logs,file:///home/runner/work/ozone/ozone/hadoop-ozone/integration-test/target/log,AVAILABLE}
2024-01-29 07:42:29,286 [main] INFO  handler.ContextHandler (ContextHandler.java:doStart(921)) - Started o.e.j.s.ServletContextHandler@5ffaf403{static,/static,jar:file:/home/runner/.m2/repository/org/apache/ozone/hdds-container-service/1.5.0-SNAPSHOT/hdds-container-service-1.5.0-SNAPSHOT.jar!/webapps/static,AVAILABLE}
2024-01-29 07:42:29,318 [main] INFO  handler.ContextHandler (ContextHandler.java:doStart(921)) - Started o.e.j.w.WebAppContext@33c6c6f7{hddsDatanode,/,file:///home/runner/work/ozone/ozone/hadoop-ozone/integration-test/target/test-dir/MiniOzoneClusterImpl-43c44e75-c492-4a39-944e-601a0ff30632/datanode-7/meta/webserver/jetty-0_0_0_0-15161-hdds-container-service-1_5_0-SNAPSHOT_jar-_-any-1272943059019721799/webapp/,AVAILABLE}{jar:file:/home/runner/.m2/repository/org/apache/ozone/hdds-container-service/1.5.0-SNAPSHOT/hdds-container-service-1.5.0-SNAPSHOT.jar!/webapps/hddsDatanode}
2024-01-29 07:42:29,319 [timer5] WARN  server.GrpcLogAppender (LogUtils.java:warn(121)) - 9be472e5-4c18-4937-931a-f87e5474facf@group-20DB4316CA4E->6b907f2c-1151-43d9-a0ad-db280451c101-AppendLogResponseHandler: Failed appendEntries (Repeated 2 times in the last 5.000s): org.apache.ratis.thirdparty.io.grpc.StatusRuntimeException: CANCELLED: RST_STREAM closed stream. HTTP/2 error code: CANCEL
2024-01-29 07:42:29,319 [timer6] WARN  server.GrpcLogAppender (GrpcLogAppender.java:lambda$resetClient$1(217)) - 9be472e5-4c18-4937-931a-f87e5474facf@group-20DB4316CA4E->6b907f2c-1151-43d9-a0ad-db280451c101-GrpcLogAppender: Follower failed (request=null, errorCount=2); keep nextIndex (18) unchanged and retry. (Repeated 2 times in the last 5.000s)
2024-01-29 07:42:29,323 [main] INFO  server.AbstractConnector (AbstractConnector.java:doStart(333)) - Started ServerConnector@51361fce{HTTP/1.1, (http/1.1)}{0.0.0.0:15161}
2024-01-29 07:42:29,323 [main] INFO  server.Server (Server.java:doStart(415)) - Started @43427ms
2024-01-29 07:42:29,323 [main] WARN  impl.MetricsSystemImpl (MetricsSystemImpl.java:register(279)) - Sink prometheus already exists!
2024-01-29 07:42:29,324 [main] INFO  http.BaseHttpServer (BaseHttpServer.java:updateConnectorAddress(354)) - HTTP server of hddsDatanode listening at http://0.0.0.0:15161
2024-01-29 07:42:29,324 [main] INFO  ipc.CallQueueManager (CallQueueManager.java:<init>(90)) - Using callQueue: class java.util.concurrent.LinkedBlockingQueue, queueCapacity: 100, scheduler: class org.apache.hadoop.ipc.DefaultRpcScheduler, ipcBackoff: false.
2024-01-29 07:42:29,324 [main] INFO  ipc.Server (Server.java:<init>(1287)) - Listener at 0.0.0.0:15162
2024-01-29 07:42:29,324 [Socket Reader #1 for port 15162] INFO  ipc.Server (Server.java:run(1323)) - Starting Socket Reader #1 for port 15162
2024-01-29 07:42:29,326 [main] INFO  ozone.HddsDatanodeService (HddsDatanodeService.java:start(324)) - Datanode start with admins: [runner]
2024-01-29 07:42:29,326 [main] INFO  ozone.HddsDatanodeClientProtocolServer (HddsDatanodeClientProtocolServer.java:start(72)) - RPC server for Client /0.0.0.0:15162
2024-01-29 07:42:29,327 [IPC Server Responder] INFO  ipc.Server (Server.java:run(1562)) - IPC Server Responder: starting
2024-01-29 07:42:29,327 [IPC Server listener on 15162] INFO  ipc.Server (Server.java:run(1402)) - IPC Server listener on 15162: starting
2024-01-29 07:42:29,334 [f6f0dadf-556e-42a8-b6d8-b99280d4e6cc-DatanodeStateMachineDaemonThread] INFO  statemachine.DatanodeStateMachine (DatanodeStateMachine.java:lambda$startDaemon$1(555)) - Ozone container server started.
2024-01-29 07:42:29,334 [main] WARN  dropwizard3.Dm3MetricRegistriesImpl (Dm3MetricRegistriesImpl.java:addReporterRegistration(113)) - New reporters are added after registries were created. Some metrics will be missing from the reporter. Please add reporter before adding any new registry.
2024-01-29 07:42:29,336 [main] WARN  dropwizard3.Dm3MetricRegistriesImpl (Dm3MetricRegistriesImpl.java:addReporterRegistration(113)) - New reporters are added after registries were created. Some metrics will be missing from the reporter. Please add reporter before adding any new registry.
2024-01-29 07:42:29,336 [main] INFO  impl.MetricsSystemImpl (MetricsSystemImpl.java:init(158)) - HddsDatanode metrics system started (again)
2024-01-29 07:42:29,336 [timer7] WARN  server.GrpcLogAppender (LogUtils.java:warn(121)) - ca2cb20f-0685-4d0c-8a4e-eb08a57c71d3@group-A1F6BEE949E9->659b8b96-24f2-4ea5-bfed-2287f96b7ce0-AppendLogResponseHandler: Failed appendEntries (Repeated 2 times in the last 5.015s): org.apache.ratis.thirdparty.io.grpc.StatusRuntimeException: CANCELLED: RST_STREAM closed stream. HTTP/2 error code: CANCEL
2024-01-29 07:42:29,341 [f6f0dadf-556e-42a8-b6d8-b99280d4e6cc-DatanodeStateMachineTaskThread-0] INFO  datanode.InitDatanodeState (InitDatanodeState.java:persistContainerDatanodeDetails(139)) - DatanodeDetails is persisted to /home/runner/work/ozone/ozone/hadoop-ozone/integration-test/target/test-dir/MiniOzoneClusterImpl-43c44e75-c492-4a39-944e-601a0ff30632/datanode-7/meta/datanode.id
2024-01-29 07:42:29,342 [timer0] WARN  server.GrpcLogAppender (GrpcLogAppender.java:lambda$resetClient$1(217)) - ca2cb20f-0685-4d0c-8a4e-eb08a57c71d3@group-A1F6BEE949E9->659b8b96-24f2-4ea5-bfed-2287f96b7ce0-GrpcLogAppender: Follower failed (request=null, errorCount=2); keep nextIndex (1) unchanged and retry. (Repeated 2 times in the last 5.016s)
2024-01-29 07:42:29,344 [timer1] WARN  server.GrpcLogAppender (LogUtils.java:warn(121)) - ca2cb20f-0685-4d0c-8a4e-eb08a57c71d3@group-A1F6BEE949E9->11ec08db-975c-44ad-acb9-64914531a349-AppendLogResponseHandler: Failed appendEntries (Repeated 2 times in the last 5.000s): org.apache.ratis.thirdparty.io.grpc.StatusRuntimeException: CANCELLED: RST_STREAM closed stream. HTTP/2 error code: CANCEL
2024-01-29 07:42:29,345 [timer2] WARN  server.GrpcLogAppender (GrpcLogAppender.java:lambda$resetClient$1(217)) - ca2cb20f-0685-4d0c-8a4e-eb08a57c71d3@group-A1F6BEE949E9->11ec08db-975c-44ad-acb9-64914531a349-GrpcLogAppender: Follower failed (request=null, errorCount=2); keep nextIndex (1) unchanged and retry. (Repeated 2 times in the last 5.000s)
2024-01-29 07:42:29,348 [main] INFO  ozone.HddsDatanodeService (HddsDatanodeService.java:start(239)) - HddsDatanodeService host:fv-az571-724.sssw3dgiwi1e5jwxh1zizygaca.bx.internal.cloudapp.net ip:10.1.0.7
2024-01-29 07:42:29,367 [main] INFO  upgrade.AbstractLayoutVersionManager (AbstractLayoutVersionManager.java:init(83)) - Initializing Layout version manager with metadata layout = HADOOP_PRC_PORTS_IN_DATANODEDETAILS (version = 7), software layout = HADOOP_PRC_PORTS_IN_DATANODEDETAILS (version = 7)
2024-01-29 07:42:29,368 [main] INFO  statemachine.DatanodeStateMachine (DatanodeStateMachine.java:getEndPointTaskThreadPoolSize(299)) - Datanode State Machine Task Thread Pool size 2
2024-01-29 07:42:29,369 [main] INFO  volume.HddsVolume (HddsVolume.java:<init>(125)) - Creating HddsVolume: /home/runner/work/ozone/ozone/hadoop-ozone/integration-test/target/test-dir/MiniOzoneClusterImpl-43c44e75-c492-4a39-944e-601a0ff30632/datanode-8/data-0/containers/hdds of storage type : DISK capacity : 9223372036854775807
2024-01-29 07:42:29,369 [main] INFO  volume.MutableVolumeSet (MutableVolumeSet.java:initializeVolumeSet(173)) - Added Volume : /home/runner/work/ozone/ozone/hadoop-ozone/integration-test/target/test-dir/MiniOzoneClusterImpl-43c44e75-c492-4a39-944e-601a0ff30632/datanode-8/data-0/containers/hdds to VolumeSet
2024-01-29 07:42:29,370 [main] INFO  volume.MutableVolumeSet (MutableVolumeSet.java:initializeVolumeSet(173)) - Added Volume : /home/runner/work/ozone/ozone/hadoop-ozone/integration-test/target/test-dir/MiniOzoneClusterImpl-43c44e75-c492-4a39-944e-601a0ff30632/datanode-8/data/ratis to VolumeSet
2024-01-29 07:42:29,370 [main] INFO  ozoneimpl.OzoneContainer (HddsVolumeUtil.java:loadAllHddsVolumeDbStore(103)) - Load 1 volumes DbStore cost: 0ms
2024-01-29 07:42:29,371 [1256e137-4a60-4c2e-839e-27e972a873fc-ContainerReader-0] INFO  ozoneimpl.ContainerReader (ContainerReader.java:readVolume(178)) - Finish verifying containers on volume /home/runner/work/ozone/ozone/hadoop-ozone/integration-test/target/test-dir/MiniOzoneClusterImpl-43c44e75-c492-4a39-944e-601a0ff30632/datanode-8/data-0/containers/hdds
2024-01-29 07:42:29,371 [main] INFO  ozoneimpl.OzoneContainer (OzoneContainer.java:buildContainerSet(328)) - Build ContainerSet costs 0s
2024-01-29 07:42:29,373 [main] INFO  server.RaftServer (ConfUtils.java:logGet(46)) - raft.rpc.type = GRPC (default)
2024-01-29 07:42:29,373 [main] INFO  grpc.GrpcConfigKeys (ConfUtils.java:logFallback(53)) - raft.grpc.admin.host = null (fallback to raft.grpc.server.host)
2024-01-29 07:42:29,373 [main] INFO  grpc.GrpcConfigKeys (ConfUtils.java:logGet(46)) - raft.grpc.admin.port = 15174 (custom)
2024-01-29 07:42:29,373 [main] INFO  grpc.GrpcConfigKeys (ConfUtils.java:logFallback(53)) - raft.grpc.client.host = null (fallback to raft.grpc.server.host)
2024-01-29 07:42:29,374 [main] INFO  grpc.GrpcConfigKeys (ConfUtils.java:logGet(46)) - raft.grpc.client.port = 15173 (custom)
2024-01-29 07:42:29,374 [main] INFO  grpc.GrpcConfigKeys (ConfUtils.java:logGet(46)) - raft.grpc.server.host = null (default)
2024-01-29 07:42:29,374 [main] INFO  grpc.GrpcConfigKeys (ConfUtils.java:logGet(46)) - raft.grpc.server.port = 15175 (custom)
2024-01-29 07:42:29,374 [main] INFO  server.GrpcService (ConfUtils.java:logGet(46)) - raft.grpc.message.size.max = 32MB (=33554432) (custom)
2024-01-29 07:42:29,374 [main] INFO  server.RaftServerConfigKeys (ConfUtils.java:logGet(46)) - raft.server.log.appender.buffer.byte-limit = 8388608 (custom)
2024-01-29 07:42:29,375 [main] INFO  server.GrpcService (ConfUtils.java:logGet(46)) - raft.grpc.flow.control.window = 5MB (=5242880) (custom)
2024-01-29 07:42:29,375 [main] INFO  server.RaftServerConfigKeys (ConfUtils.java:logGet(46)) - raft.server.rpc.request.timeout = 3000ms (default)
2024-01-29 07:42:29,375 [main] INFO  grpc.GrpcConfigKeys (ConfUtils.java:logGet(46)) - raft.grpc.server.heartbeat.channel = true (default)
2024-01-29 07:42:29,375 [main] INFO  grpc.GrpcConfigKeys (ConfUtils.java:logGet(46)) - raft.grpc.server.async.request.thread.pool.cached = true (default)
2024-01-29 07:42:29,375 [main] INFO  grpc.GrpcConfigKeys (ConfUtils.java:logGet(46)) - raft.grpc.server.async.request.thread.pool.size = 32 (default)
2024-01-29 07:42:29,377 [main] INFO  impl.DataStreamServerImpl (ConfUtils.java:logGet(46)) - raft.datastream.type = NETTY (custom)
2024-01-29 07:42:29,378 [main] INFO  server.RaftServerConfigKeys (ConfUtils.java:logGet(46)) - raft.server.data-stream.async.request.thread.pool.cached = false (default)
2024-01-29 07:42:29,378 [main] INFO  server.RaftServerConfigKeys (ConfUtils.java:logGet(46)) - raft.server.data-stream.async.request.thread.pool.size = 20 (custom)
2024-01-29 07:42:29,378 [main] INFO  server.RaftServerConfigKeys (ConfUtils.java:logGet(46)) - raft.server.data-stream.async.write.thread.pool.size = 16 (default)
2024-01-29 07:42:29,378 [main] INFO  netty.NettyConfigKeys$DataStream (ConfUtils.java:logGet(46)) - raft.netty.dataStream.server.channel.inactive.grace-period = 10min (default)
2024-01-29 07:42:29,378 [main] INFO  server.RaftServerConfigKeys (ConfUtils.java:logGet(46)) - raft.server.data-stream.client.pool.size = 10 (default)
2024-01-29 07:42:29,379 [main] INFO  netty.NettyConfigKeys$DataStream (ConfUtils.java:logGet(46)) - raft.netty.dataStream.server.use-epoll = true (default)
2024-01-29 07:42:29,379 [main] INFO  netty.NettyConfigKeys$DataStream (ConfUtils.java:logGet(46)) - raft.netty.dataStream.server.boss-group.size = 0 (default)
2024-01-29 07:42:29,379 [main] INFO  netty.NettyUtils (NettyUtils.java:newEventLoopGroup(69)) - Create EpollEventLoopGroup for 1256e137-4a60-4c2e-839e-27e972a873fc-NettyServerStreamRpc-bossGroup; Thread size is 0.
2024-01-29 07:42:29,379 [main] INFO  netty.NettyConfigKeys$DataStream (ConfUtils.java:logGet(46)) - raft.netty.dataStream.server.worker-group.size = 0 (default)
2024-01-29 07:42:29,380 [main] INFO  netty.NettyUtils (NettyUtils.java:newEventLoopGroup(69)) - Create EpollEventLoopGroup for 1256e137-4a60-4c2e-839e-27e972a873fc-NettyServerStreamRpc-workerGroup; Thread size is 0.
2024-01-29 07:42:29,380 [main] INFO  netty.NettyConfigKeys$DataStream (ConfUtils.java:logGet(46)) - raft.netty.dataStream.server.tls.conf = null (default)
2024-01-29 07:42:29,380 [main] INFO  netty.NettyConfigKeys$DataStream (ConfUtils.java:logGet(46)) - raft.netty.dataStream.host = null (default)
2024-01-29 07:42:29,380 [main] INFO  netty.NettyConfigKeys$DataStream (ConfUtils.java:logGet(46)) - raft.netty.dataStream.port = 15176 (custom)
2024-01-29 07:42:29,382 [timer3] WARN  server.GrpcLogAppender (LogUtils.java:warn(121)) - 9be472e5-4c18-4937-931a-f87e5474facf@group-20DB4316CA4E->631f4587-bc0d-4030-a7d4-82b51768abee-AppendLogResponseHandler: Failed appendEntries (Repeated 2 times in the last 5.001s): org.apache.ratis.thirdparty.io.grpc.StatusRuntimeException: CANCELLED: RST_STREAM closed stream. HTTP/2 error code: CANCEL
2024-01-29 07:42:29,385 [timer4] WARN  server.GrpcLogAppender (GrpcLogAppender.java:lambda$resetClient$1(217)) - 9be472e5-4c18-4937-931a-f87e5474facf@group-20DB4316CA4E->631f4587-bc0d-4030-a7d4-82b51768abee-GrpcLogAppender: Follower failed (request=null, errorCount=2); keep nextIndex (18) unchanged and retry. (Repeated 2 times in the last 5.004s)
2024-01-29 07:42:29,382 [main] INFO  server.RaftServerConfigKeys (ConfUtils.java:logGet(46)) - raft.server.sleep.deviation.threshold = 300ms (default)
2024-01-29 07:42:29,386 [1256e137-4a60-4c2e-839e-27e972a873fc-NettyServerStreamRpc-bossGroup--thread1] INFO  logging.LoggingHandler (AbstractInternalLogger.java:log(148)) - [id: 0x4019516a] REGISTERED
2024-01-29 07:42:29,386 [main] INFO  server.RaftServerConfigKeys (ConfUtils.java:logGet(46)) - raft.server.close.threshold = 60s (default)
2024-01-29 07:42:29,386 [1256e137-4a60-4c2e-839e-27e972a873fc-NettyServerStreamRpc-bossGroup--thread1] INFO  logging.LoggingHandler (AbstractInternalLogger.java:log(148)) - [id: 0x4019516a] BIND: 0.0.0.0/0.0.0.0:15176
2024-01-29 07:42:29,386 [main] INFO  server.RaftServerConfigKeys (ConfUtils.java:logGet(46)) - raft.server.leaderelection.leader.step-down.wait-time = 10s (default)
2024-01-29 07:42:29,386 [1256e137-4a60-4c2e-839e-27e972a873fc-NettyServerStreamRpc-bossGroup--thread1] INFO  logging.LoggingHandler (AbstractInternalLogger.java:log(148)) - [id: 0x4019516a, L:/0.0.0.0:15176] ACTIVE
2024-01-29 07:42:29,386 [main] INFO  server.RaftServerConfigKeys (ConfUtils.java:logGet(46)) - raft.server.storage.dir = [/home/runner/work/ozone/ozone/hadoop-ozone/integration-test/target/test-dir/MiniOzoneClusterImpl-43c44e75-c492-4a39-944e-601a0ff30632/datanode-8/data/ratis] (custom)
2024-01-29 07:42:29,386 [main] INFO  server.RaftServerConfigKeys (ConfUtils.java:logGet(46)) - raft.server.threadpool.proxy.cached = true (default)
2024-01-29 07:42:29,387 [main] INFO  server.RaftServerConfigKeys (ConfUtils.java:logGet(46)) - raft.server.threadpool.proxy.size = 0 (default)
2024-01-29 07:42:29,387 [1256e137-4a60-4c2e-839e-27e972a873fc-impl-thread1] INFO  server.RaftServer (RaftServerProxy.java:initGroupDir(264)) - 1256e137-4a60-4c2e-839e-27e972a873fc: found a subdirectory /home/runner/work/ozone/ozone/hadoop-ozone/integration-test/target/test-dir/MiniOzoneClusterImpl-43c44e75-c492-4a39-944e-601a0ff30632/datanode-8/data/ratis/tmp
2024-01-29 07:42:29,387 [1256e137-4a60-4c2e-839e-27e972a873fc-impl-thread1] INFO  server.RaftServer (RaftServerProxy.java:initGroupDir(269)) - 1256e137-4a60-4c2e-839e-27e972a873fc: The directory /home/runner/work/ozone/ozone/hadoop-ozone/integration-test/target/test-dir/MiniOzoneClusterImpl-43c44e75-c492-4a39-944e-601a0ff30632/datanode-8/data/ratis/tmp is not a group directory; ignoring it. 
2024-01-29 07:42:29,388 [main] INFO  replication.ReplicationServer (ReplicationServer.java:<init>(85)) - Initializing replication server with thread count = 10 queue length = 4096
2024-01-29 07:42:29,389 [main] INFO  server.XceiverServerGrpc (XceiverServerGrpc.java:<init>(141)) - GrpcServer channel type EpollServerSocketChannel
2024-01-29 07:42:29,391 [main] INFO  replication.ReplicationSupervisor (ReplicationSupervisor.java:build(163)) - Initializing replication supervisor with thread count = 10
2024-01-29 07:42:29,391 [main] INFO  replication.ReplicationSupervisor (ReplicationSupervisor.java:nodeStateUpdated(317)) - Node state updated to IN_SERVICE, scaling executor pool size to 10
2024-01-29 07:42:29,392 [main] INFO  http.BaseHttpServer (BaseHttpServer.java:newHttpServer2BuilderForOzone(223)) - Starting Web-server for hddsDatanode at: http://0.0.0.0:15170
2024-01-29 07:42:29,392 [main] INFO  http.BaseHttpServer (BaseHttpServer.java:<init>(110)) - Hadoop Security Enabled: false Ozone Security Enabled: false Ozone HTTP Security Enabled: false 
2024-01-29 07:42:29,393 [main] WARN  server.AuthenticationFilter (AuthenticationFilter.java:constructSecretProvider(240)) - Unable to initialize FileSignerSecretProvider, falling back to use random secrets. Reason: Could not read signature secret file: /home/runner/hadoop-http-auth-signature-secret
2024-01-29 07:42:29,397 [main] INFO  http.HttpRequestLog (HttpRequestLog.java:getRequestLog(86)) - Http request log for http.requests.hddsDatanode is not defined
2024-01-29 07:42:29,398 [main] INFO  http.HttpServer2 (HttpServer2.java:addGlobalFilter(1036)) - Added global filter 'safety' (class=org.apache.hadoop.hdds.server.http.HttpServer2$QuotingInputFilter)
2024-01-29 07:42:29,398 [main] INFO  http.HttpServer2 (HttpServer2.java:addFilter(1012)) - Added filter static_user_filter (class=org.apache.hadoop.http.lib.StaticUserWebFilter$StaticUserFilter) to context hddsDatanode
2024-01-29 07:42:29,399 [main] INFO  http.HttpServer2 (HttpServer2.java:addFilter(1020)) - Added filter static_user_filter (class=org.apache.hadoop.http.lib.StaticUserWebFilter$StaticUserFilter) to context static
2024-01-29 07:42:29,399 [main] INFO  http.HttpServer2 (HttpServer2.java:addFilter(1020)) - Added filter static_user_filter (class=org.apache.hadoop.http.lib.StaticUserWebFilter$StaticUserFilter) to context logs
2024-01-29 07:42:29,399 [main] INFO  http.BaseHttpServer (BaseHttpServer.java:<init>(189)) - HTTP server of hddsDatanode uses base directory /home/runner/work/ozone/ozone/hadoop-ozone/integration-test/target/test-dir/MiniOzoneClusterImpl-43c44e75-c492-4a39-944e-601a0ff30632/datanode-8/meta/webserver
2024-01-29 07:42:29,400 [main] INFO  http.HttpServer2 (HttpServer2.java:bindListener(1236)) - Jetty bound to port 15170
2024-01-29 07:42:29,400 [main] INFO  server.Server (Server.java:doStart(375)) - jetty-9.4.53.v20231009; built: 2023-10-09T12:29:09.265Z; git: 27bde00a0b95a1d5bbee0eae7984f891d2d0f8c9; jvm 1.8.0_392-b08
2024-01-29 07:42:29,404 [main] INFO  server.session (DefaultSessionIdManager.java:doStart(334)) - DefaultSessionIdManager workerName=node0
2024-01-29 07:42:29,404 [main] INFO  server.session (DefaultSessionIdManager.java:doStart(339)) - No SessionScavenger set, using defaults
2024-01-29 07:42:29,404 [main] INFO  server.session (HouseKeeper.java:startScavenging(132)) - node0 Scavenging every 660000ms
2024-01-29 07:42:29,405 [main] INFO  handler.ContextHandler (ContextHandler.java:doStart(921)) - Started o.e.j.s.ServletContextHandler@25d286ac{logs,/logs,file:///home/runner/work/ozone/ozone/hadoop-ozone/integration-test/target/log,AVAILABLE}
2024-01-29 07:42:29,405 [main] INFO  handler.ContextHandler (ContextHandler.java:doStart(921)) - Started o.e.j.s.ServletContextHandler@730c7dfd{static,/static,jar:file:/home/runner/.m2/repository/org/apache/ozone/hdds-container-service/1.5.0-SNAPSHOT/hdds-container-service-1.5.0-SNAPSHOT.jar!/webapps/static,AVAILABLE}
2024-01-29 07:42:29,430 [om1@group-C5BA1605619E-FollowerState] INFO  impl.FollowerState (FollowerState.java:run(143)) - om1@group-C5BA1605619E-FollowerState: change to CANDIDATE, lastRpcElapsedTime:1114202699ns, electionTimeout:1110ms
2024-01-29 07:42:29,430 [om1@group-C5BA1605619E-FollowerState] INFO  impl.RoleInfo (RoleInfo.java:shutdownFollowerState(110)) - om1: shutdown om1@group-C5BA1605619E-FollowerState
2024-01-29 07:42:29,430 [om1@group-C5BA1605619E-FollowerState] INFO  server.RaftServer$Division (RaftServerImpl.java:setRole(383)) - om1@group-C5BA1605619E: changes role from  FOLLOWER to CANDIDATE at term 0 for changeToCandidate
2024-01-29 07:42:29,430 [om1@group-C5BA1605619E-FollowerState] INFO  server.RaftServerConfigKeys (ConfUtils.java:logGet(46)) - raft.server.leaderelection.pre-vote = true (default)
2024-01-29 07:42:29,430 [om1@group-C5BA1605619E-FollowerState] INFO  impl.RoleInfo (RoleInfo.java:updateAndGet(139)) - om1: start om1@group-C5BA1605619E-LeaderElection18
2024-01-29 07:42:29,431 [om1@group-C5BA1605619E-LeaderElection18] INFO  impl.LeaderElection (LeaderElection.java:askForVotes(321)) - om1@group-C5BA1605619E-LeaderElection18 PRE_VOTE round 0: submit vote requests at term 0 for -1: peers:[om1|localhost:15096]|listeners:[], old=null
2024-01-29 07:42:29,431 [om1@group-C5BA1605619E-LeaderElection18] INFO  impl.LeaderElection (LeaderElection.java:askForVotes(323)) - om1@group-C5BA1605619E-LeaderElection18 PRE_VOTE round 0: result PASSED (term=0)
2024-01-29 07:42:29,433 [om1@group-C5BA1605619E-LeaderElection18] INFO  impl.LeaderElection (LeaderElection.java:askForVotes(321)) - om1@group-C5BA1605619E-LeaderElection18 ELECTION round 0: submit vote requests at term 1 for -1: peers:[om1|localhost:15096]|listeners:[], old=null
2024-01-29 07:42:29,433 [om1@group-C5BA1605619E-LeaderElection18] INFO  impl.LeaderElection (LeaderElection.java:askForVotes(323)) - om1@group-C5BA1605619E-LeaderElection18 ELECTION round 0: result PASSED (term=1)
2024-01-29 07:42:29,433 [om1@group-C5BA1605619E-LeaderElection18] INFO  impl.RoleInfo (RoleInfo.java:shutdownLeaderElection(130)) - om1: shutdown om1@group-C5BA1605619E-LeaderElection18
2024-01-29 07:42:29,433 [om1@group-C5BA1605619E-LeaderElection18] INFO  server.RaftServer$Division (RaftServerImpl.java:setRole(383)) - om1@group-C5BA1605619E: changes role from CANDIDATE to LEADER at term 1 for changeToLeader
2024-01-29 07:42:29,433 [om1@group-C5BA1605619E-LeaderElection18] INFO  server.RaftServerConfigKeys (ConfUtils.java:logGet(46)) - raft.server.staging.catchup.gap = 1000 (default)
2024-01-29 07:42:29,433 [om1@group-C5BA1605619E-LeaderElection18] INFO  server.RaftServerConfigKeys (ConfUtils.java:logGet(46)) - raft.server.write.element-limit = 4096 (default)
2024-01-29 07:42:29,433 [om1@group-C5BA1605619E-LeaderElection18] INFO  server.RaftServerConfigKeys (ConfUtils.java:logGet(46)) - raft.server.write.byte-limit = 64MB (=67108864) (default)
2024-01-29 07:42:29,434 [om1@group-C5BA1605619E-LeaderElection18] INFO  server.RaftServerConfigKeys (ConfUtils.java:logGet(46)) - raft.server.watch.timeout = 10s (default)
2024-01-29 07:42:29,434 [om1@group-C5BA1605619E-LeaderElection18] INFO  server.RaftServerConfigKeys (ConfUtils.java:logGet(46)) - raft.server.watch.timeout.denomination = 1s (default)
2024-01-29 07:42:29,434 [om1@group-C5BA1605619E-LeaderElection18] INFO  server.RaftServerConfigKeys (ConfUtils.java:logGet(46)) - raft.server.watch.element-limit = 65536 (default)
2024-01-29 07:42:29,434 [om1@group-C5BA1605619E-LeaderElection18] INFO  server.RaftServerConfigKeys (ConfUtils.java:logGet(46)) - raft.server.read.leader.lease.enabled = false (default)
2024-01-29 07:42:29,434 [om1@group-C5BA1605619E-LeaderElection18] INFO  server.RaftServerConfigKeys (ConfUtils.java:logGet(46)) - raft.server.read.leader.lease.timeout.ratio = 0.9 (default)
2024-01-29 07:42:29,434 [om1@group-C5BA1605619E-LeaderElection18] INFO  server.RaftServerConfigKeys (ConfUtils.java:logGet(46)) - raft.server.rpc.timeout.min = 1s (custom)
2024-01-29 07:42:29,434 [om1@group-C5BA1605619E-LeaderElection18] INFO  server.RaftServerConfigKeys (ConfUtils.java:logGet(46)) - raft.server.write.element-limit = 4096 (default)
2024-01-29 07:42:29,434 [om1@group-C5BA1605619E-LeaderElection18] INFO  server.RaftServerConfigKeys (ConfUtils.java:logGet(46)) - raft.server.write.follower.gap.ratio.max = -1.0 (default)
2024-01-29 07:42:29,434 [om1@group-C5BA1605619E-LeaderElection18] INFO  impl.RoleInfo (RoleInfo.java:updateAndGet(139)) - om1: start om1@group-C5BA1605619E-LeaderStateImpl
2024-01-29 07:42:29,434 [om1@group-C5BA1605619E-LeaderElection18] INFO  server.RaftServer$Division (RaftServerImpl.java:setFirstElection(574)) - om1@group-C5BA1605619E: set firstElectionSinceStartup to false for becomeLeader
2024-01-29 07:42:29,435 [om1@group-C5BA1605619E-LeaderElection18] INFO  server.RaftServer$Division (ServerState.java:setLeader(269)) - om1@group-C5BA1605619E: change Leader from null to om1 at term 1 for becomeLeader, leader elected after 1402ms
2024-01-29 07:42:29,435 [om1@group-C5BA1605619E-LeaderElection18] INFO  segmented.SegmentedRaftLogWorker (SegmentedRaftLogWorker.java:startLogSegment(430)) - om1@group-C5BA1605619E-SegmentedRaftLogWorker: Starting segment from index:0
2024-01-29 07:42:29,435 [om1@group-C5BA1605619E-SegmentedRaftLogWorker] INFO  segmented.BufferedWriteChannel (BufferedWriteChannel.java:open(62)) - open log_inprogress_0 at position 0
2024-01-29 07:42:29,439 [om1@group-C5BA1605619E-LeaderElection18] INFO  server.RaftServer$Division (ServerState.java:setRaftConf(386)) - om1@group-C5BA1605619E: set configuration 0: peers:[om1|localhost:15096]|listeners:[], old=null
2024-01-29 07:42:29,444 [om1@group-C5BA1605619E-SegmentedRaftLogWorker] INFO  segmented.SegmentedRaftLogWorker (SegmentedRaftLogWorker.java:execute(634)) - om1@group-C5BA1605619E-SegmentedRaftLogWorker: created new log segment /home/runner/work/ozone/ozone/hadoop-ozone/integration-test/target/test-dir/MiniOzoneClusterImpl-43c44e75-c492-4a39-944e-601a0ff30632/ozone-meta/ratis/bf265839-605b-3f16-9796-c5ba1605619e/current/log_inprogress_0
2024-01-29 07:42:29,445 [main] INFO  handler.ContextHandler (ContextHandler.java:doStart(921)) - Started o.e.j.w.WebAppContext@30e89d1e{hddsDatanode,/,file:///home/runner/work/ozone/ozone/hadoop-ozone/integration-test/target/test-dir/MiniOzoneClusterImpl-43c44e75-c492-4a39-944e-601a0ff30632/datanode-8/meta/webserver/jetty-0_0_0_0-15170-hdds-container-service-1_5_0-SNAPSHOT_jar-_-any-3320581559957815693/webapp/,AVAILABLE}{jar:file:/home/runner/.m2/repository/org/apache/ozone/hdds-container-service/1.5.0-SNAPSHOT/hdds-container-service-1.5.0-SNAPSHOT.jar!/webapps/hddsDatanode}
2024-01-29 07:42:29,446 [main] INFO  server.AbstractConnector (AbstractConnector.java:doStart(333)) - Started ServerConnector@7cd296da{HTTP/1.1, (http/1.1)}{0.0.0.0:15170}
2024-01-29 07:42:29,446 [main] INFO  server.Server (Server.java:doStart(415)) - Started @43551ms
2024-01-29 07:42:29,447 [main] WARN  impl.MetricsSystemImpl (MetricsSystemImpl.java:register(279)) - Sink prometheus already exists!
2024-01-29 07:42:29,447 [om1@group-C5BA1605619E-StateMachineUpdater] INFO  ratis.OzoneManagerStateMachine (OzoneManagerStateMachine.java:notifyConfigurationChanged(200)) - Received Configuration change notification from Ratis. New Peer list:
[id: "om1"
address: "localhost:15096"
startupRole: FOLLOWER
]
2024-01-29 07:42:29,447 [om1@group-C5BA1605619E-StateMachineUpdater] INFO  server.RaftServer$Division (LeaderStateImpl.java:isApplied(320)) - leader is ready since appliedIndex == 0 >= startIndex == 0
2024-01-29 07:42:29,447 [main] INFO  http.BaseHttpServer (BaseHttpServer.java:updateConnectorAddress(354)) - HTTP server of hddsDatanode listening at http://0.0.0.0:15170
2024-01-29 07:42:29,450 [main] INFO  ipc.CallQueueManager (CallQueueManager.java:<init>(90)) - Using callQueue: class java.util.concurrent.LinkedBlockingQueue, queueCapacity: 100, scheduler: class org.apache.hadoop.ipc.DefaultRpcScheduler, ipcBackoff: false.
2024-01-29 07:42:29,450 [main] INFO  ipc.Server (Server.java:<init>(1287)) - Listener at 0.0.0.0:15171
2024-01-29 07:42:29,450 [Socket Reader #1 for port 15171] INFO  ipc.Server (Server.java:run(1323)) - Starting Socket Reader #1 for port 15171
2024-01-29 07:42:29,452 [main] INFO  ozone.HddsDatanodeService (HddsDatanodeService.java:start(324)) - Datanode start with admins: [runner]
2024-01-29 07:42:29,452 [main] INFO  ozone.HddsDatanodeClientProtocolServer (HddsDatanodeClientProtocolServer.java:start(72)) - RPC server for Client /0.0.0.0:15171
2024-01-29 07:42:29,454 [IPC Server Responder] INFO  ipc.Server (Server.java:run(1562)) - IPC Server Responder: starting
2024-01-29 07:42:29,454 [IPC Server listener on 15171] INFO  ipc.Server (Server.java:run(1402)) - IPC Server listener on 15171: starting
2024-01-29 07:42:29,454 [1256e137-4a60-4c2e-839e-27e972a873fc-DatanodeStateMachineDaemonThread] INFO  statemachine.DatanodeStateMachine (DatanodeStateMachine.java:lambda$startDaemon$1(555)) - Ozone container server started.
2024-01-29 07:42:29,458 [main] INFO  ozone.MiniOzoneClusterImpl (MiniOzoneClusterImpl.java:lambda$waitForClusterToBeReady$0(229)) - Waiting for nodes to be ready. Got 0 of 9 DN Heartbeats.
2024-01-29 07:42:29,458 [main] INFO  ozone.MiniOzoneClusterImpl (MiniOzoneClusterImpl.java:lambda$waitForClusterToBeReady$0(232)) - Waiting for cluster to exit safe mode
2024-01-29 07:42:29,458 [main] INFO  ozone.MiniOzoneClusterImpl (MiniOzoneClusterImpl.java:lambda$waitForClusterToBeReady$0(234)) - SCM became leader
2024-01-29 07:42:29,463 [1256e137-4a60-4c2e-839e-27e972a873fc-DatanodeStateMachineTaskThread-0] INFO  datanode.InitDatanodeState (InitDatanodeState.java:persistContainerDatanodeDetails(139)) - DatanodeDetails is persisted to /home/runner/work/ozone/ozone/hadoop-ozone/integration-test/target/test-dir/MiniOzoneClusterImpl-43c44e75-c492-4a39-944e-601a0ff30632/datanode-8/meta/datanode.id
2024-01-29 07:42:30,458 [main] INFO  ozone.MiniOzoneClusterImpl (MiniOzoneClusterImpl.java:lambda$waitForClusterToBeReady$0(229)) - Waiting for nodes to be ready. Got 0 of 9 DN Heartbeats.
2024-01-29 07:42:30,459 [main] INFO  ozone.MiniOzoneClusterImpl (MiniOzoneClusterImpl.java:lambda$waitForClusterToBeReady$0(232)) - Waiting for cluster to exit safe mode
2024-01-29 07:42:30,459 [main] INFO  ozone.MiniOzoneClusterImpl (MiniOzoneClusterImpl.java:lambda$waitForClusterToBeReady$0(234)) - SCM became leader
2024-01-29 07:42:30,515 [65bc286e-59a3-42df-af3f-c8e10564c4d1-EndpointStateMachineTaskThread-/0.0.0.0:15091-0 ] INFO  utils.DatanodeStoreCache (DatanodeStoreCache.java:addDB(72)) - Added db /home/runner/work/ozone/ozone/hadoop-ozone/integration-test/target/test-dir/MiniOzoneClusterImpl-43c44e75-c492-4a39-944e-601a0ff30632/datanode-0/data-0/containers/hdds/43c44e75-c492-4a39-944e-601a0ff30632/DS-3848f1fa-7786-4b63-bfc7-3f04904873d7/container.db to cache
2024-01-29 07:42:30,515 [65bc286e-59a3-42df-af3f-c8e10564c4d1-EndpointStateMachineTaskThread-/0.0.0.0:15091-0 ] INFO  volume.HddsVolume (HddsVolume.java:createDbStore(420)) - SchemaV3 db is created and loaded at /home/runner/work/ozone/ozone/hadoop-ozone/integration-test/target/test-dir/MiniOzoneClusterImpl-43c44e75-c492-4a39-944e-601a0ff30632/datanode-0/data-0/containers/hdds/43c44e75-c492-4a39-944e-601a0ff30632/DS-3848f1fa-7786-4b63-bfc7-3f04904873d7/container.db for volume DS-3848f1fa-7786-4b63-bfc7-3f04904873d7
2024-01-29 07:42:30,517 [65bc286e-59a3-42df-af3f-c8e10564c4d1-EndpointStateMachineTaskThread-/0.0.0.0:15091-0 ] INFO  volume.ThrottledAsyncChecker (ThrottledAsyncChecker.java:schedule(141)) - Scheduling a check for /home/runner/work/ozone/ozone/hadoop-ozone/integration-test/target/test-dir/MiniOzoneClusterImpl-43c44e75-c492-4a39-944e-601a0ff30632/datanode-0/data-0/containers/hdds
2024-01-29 07:42:30,517 [65bc286e-59a3-42df-af3f-c8e10564c4d1-EndpointStateMachineTaskThread-/0.0.0.0:15091-0 ] INFO  volume.StorageVolumeChecker (StorageVolumeChecker.java:checkAllVolumes(218)) - Scheduled health check for volume /home/runner/work/ozone/ozone/hadoop-ozone/integration-test/target/test-dir/MiniOzoneClusterImpl-43c44e75-c492-4a39-944e-601a0ff30632/datanode-0/data-0/containers/hdds
2024-01-29 07:42:30,519 [65bc286e-59a3-42df-af3f-c8e10564c4d1-EndpointStateMachineTaskThread-/0.0.0.0:15091-0 ] INFO  volume.ThrottledAsyncChecker (ThrottledAsyncChecker.java:schedule(141)) - Scheduling a check for /home/runner/work/ozone/ozone/hadoop-ozone/integration-test/target/test-dir/MiniOzoneClusterImpl-43c44e75-c492-4a39-944e-601a0ff30632/datanode-0/data/ratis
2024-01-29 07:42:30,519 [65bc286e-59a3-42df-af3f-c8e10564c4d1-EndpointStateMachineTaskThread-/0.0.0.0:15091-0 ] INFO  volume.StorageVolumeChecker (StorageVolumeChecker.java:checkAllVolumes(218)) - Scheduled health check for volume /home/runner/work/ozone/ozone/hadoop-ozone/integration-test/target/test-dir/MiniOzoneClusterImpl-43c44e75-c492-4a39-944e-601a0ff30632/datanode-0/data/ratis
2024-01-29 07:42:30,520 [65bc286e-59a3-42df-af3f-c8e10564c4d1-EndpointStateMachineTaskThread-/0.0.0.0:15091-0 ] INFO  ozoneimpl.OzoneContainer (OzoneContainer.java:start(457)) - Attempting to start container services.
2024-01-29 07:42:30,520 [65bc286e-59a3-42df-af3f-c8e10564c4d1-EndpointStateMachineTaskThread-/0.0.0.0:15091-0 ] INFO  ozoneimpl.OzoneContainer (OzoneContainer.java:startContainerScrub(339)) - Scheduled background container scanners and the on-demand container scanner have been disabled.
2024-01-29 07:42:30,521 [65bc286e-59a3-42df-af3f-c8e10564c4d1-EndpointStateMachineTaskThread-/0.0.0.0:15091-0 ] INFO  replication.ReplicationServer (ReplicationServer.java:start(139)) - ReplicationServer is started using port 15105
2024-01-29 07:42:30,521 [65bc286e-59a3-42df-af3f-c8e10564c4d1-EndpointStateMachineTaskThread-/0.0.0.0:15091-0 ] INFO  ratis.XceiverServerRatis (XceiverServerRatis.java:start(566)) - Starting XceiverServerRatis 65bc286e-59a3-42df-af3f-c8e10564c4d1
2024-01-29 07:42:30,529 [65bc286e-59a3-42df-af3f-c8e10564c4d1-EndpointStateMachineTaskThread-/0.0.0.0:15091-0 ] INFO  server.RaftServer (RaftServerProxy.java:startImpl(406)) - 65bc286e-59a3-42df-af3f-c8e10564c4d1: start RPC server
2024-01-29 07:42:30,529 [65bc286e-59a3-42df-af3f-c8e10564c4d1-EndpointStateMachineTaskThread-/0.0.0.0:15091-0 ] INFO  server.GrpcService (GrpcService.java:startImpl(302)) - 65bc286e-59a3-42df-af3f-c8e10564c4d1: GrpcService started, listening on 15101
2024-01-29 07:42:30,530 [65bc286e-59a3-42df-af3f-c8e10564c4d1-EndpointStateMachineTaskThread-/0.0.0.0:15091-0 ] INFO  server.GrpcService (GrpcService.java:startImpl(302)) - 65bc286e-59a3-42df-af3f-c8e10564c4d1: GrpcService started, listening on 15103
2024-01-29 07:42:30,530 [65bc286e-59a3-42df-af3f-c8e10564c4d1-EndpointStateMachineTaskThread-/0.0.0.0:15091-0 ] INFO  server.GrpcService (GrpcService.java:startImpl(302)) - 65bc286e-59a3-42df-af3f-c8e10564c4d1: GrpcService started, listening on 15102
2024-01-29 07:42:30,530 [65bc286e-59a3-42df-af3f-c8e10564c4d1-EndpointStateMachineTaskThread-/0.0.0.0:15091-0 ] INFO  ratis.XceiverServerRatis (XceiverServerRatis.java:getRealPort(592)) - XceiverServerRatis 65bc286e-59a3-42df-af3f-c8e10564c4d1 is started using port 15101 for RATIS
2024-01-29 07:42:30,530 [65bc286e-59a3-42df-af3f-c8e10564c4d1-EndpointStateMachineTaskThread-/0.0.0.0:15091-0 ] INFO  ratis.XceiverServerRatis (XceiverServerRatis.java:getRealPort(592)) - XceiverServerRatis 65bc286e-59a3-42df-af3f-c8e10564c4d1 is started using port 15102 for RATIS_ADMIN
2024-01-29 07:42:30,530 [65bc286e-59a3-42df-af3f-c8e10564c4d1-EndpointStateMachineTaskThread-/0.0.0.0:15091-0 ] INFO  ratis.XceiverServerRatis (XceiverServerRatis.java:getRealPort(592)) - XceiverServerRatis 65bc286e-59a3-42df-af3f-c8e10564c4d1 is started using port 15103 for RATIS_SERVER
2024-01-29 07:42:30,530 [65bc286e-59a3-42df-af3f-c8e10564c4d1-EndpointStateMachineTaskThread-/0.0.0.0:15091-0 ] INFO  ratis.XceiverServerRatis (XceiverServerRatis.java:getRealPort(592)) - XceiverServerRatis 65bc286e-59a3-42df-af3f-c8e10564c4d1 is started using port 15104 for RATIS_DATASTREAM
2024-01-29 07:42:30,530 [JvmPauseMonitor13] INFO  util.JvmPauseMonitor (JvmPauseMonitor.java:run(146)) - JvmPauseMonitor-65bc286e-59a3-42df-af3f-c8e10564c4d1: Started
2024-01-29 07:42:30,532 [65bc286e-59a3-42df-af3f-c8e10564c4d1-BlockDeletingService#0] INFO  interfaces.ContainerDeletionChoosingPolicyTemplate (ContainerDeletionChoosingPolicyTemplate.java:chooseContainerForBlockDeletion(85)) - Chosen 0/5000 blocks from 0 candidate containers.
2024-01-29 07:42:30,642 [eea2313d-992f-4b5d-9e13-b8d80714ad2c-EndpointStateMachineTaskThread-/0.0.0.0:15091-0 ] INFO  utils.DatanodeStoreCache (DatanodeStoreCache.java:addDB(72)) - Added db /home/runner/work/ozone/ozone/hadoop-ozone/integration-test/target/test-dir/MiniOzoneClusterImpl-43c44e75-c492-4a39-944e-601a0ff30632/datanode-1/data-0/containers/hdds/43c44e75-c492-4a39-944e-601a0ff30632/DS-eb8bd04a-1e52-469a-9099-9f39d6b8dcee/container.db to cache
2024-01-29 07:42:30,642 [eea2313d-992f-4b5d-9e13-b8d80714ad2c-EndpointStateMachineTaskThread-/0.0.0.0:15091-0 ] INFO  volume.HddsVolume (HddsVolume.java:createDbStore(420)) - SchemaV3 db is created and loaded at /home/runner/work/ozone/ozone/hadoop-ozone/integration-test/target/test-dir/MiniOzoneClusterImpl-43c44e75-c492-4a39-944e-601a0ff30632/datanode-1/data-0/containers/hdds/43c44e75-c492-4a39-944e-601a0ff30632/DS-eb8bd04a-1e52-469a-9099-9f39d6b8dcee/container.db for volume DS-eb8bd04a-1e52-469a-9099-9f39d6b8dcee
2024-01-29 07:42:30,644 [eea2313d-992f-4b5d-9e13-b8d80714ad2c-EndpointStateMachineTaskThread-/0.0.0.0:15091-0 ] INFO  volume.ThrottledAsyncChecker (ThrottledAsyncChecker.java:schedule(141)) - Scheduling a check for /home/runner/work/ozone/ozone/hadoop-ozone/integration-test/target/test-dir/MiniOzoneClusterImpl-43c44e75-c492-4a39-944e-601a0ff30632/datanode-1/data-0/containers/hdds
2024-01-29 07:42:30,644 [eea2313d-992f-4b5d-9e13-b8d80714ad2c-EndpointStateMachineTaskThread-/0.0.0.0:15091-0 ] INFO  volume.StorageVolumeChecker (StorageVolumeChecker.java:checkAllVolumes(218)) - Scheduled health check for volume /home/runner/work/ozone/ozone/hadoop-ozone/integration-test/target/test-dir/MiniOzoneClusterImpl-43c44e75-c492-4a39-944e-601a0ff30632/datanode-1/data-0/containers/hdds
2024-01-29 07:42:30,646 [eea2313d-992f-4b5d-9e13-b8d80714ad2c-EndpointStateMachineTaskThread-/0.0.0.0:15091-0 ] INFO  volume.ThrottledAsyncChecker (ThrottledAsyncChecker.java:schedule(141)) - Scheduling a check for /home/runner/work/ozone/ozone/hadoop-ozone/integration-test/target/test-dir/MiniOzoneClusterImpl-43c44e75-c492-4a39-944e-601a0ff30632/datanode-1/data/ratis
2024-01-29 07:42:30,646 [eea2313d-992f-4b5d-9e13-b8d80714ad2c-EndpointStateMachineTaskThread-/0.0.0.0:15091-0 ] INFO  volume.StorageVolumeChecker (StorageVolumeChecker.java:checkAllVolumes(218)) - Scheduled health check for volume /home/runner/work/ozone/ozone/hadoop-ozone/integration-test/target/test-dir/MiniOzoneClusterImpl-43c44e75-c492-4a39-944e-601a0ff30632/datanode-1/data/ratis
2024-01-29 07:42:30,647 [eea2313d-992f-4b5d-9e13-b8d80714ad2c-EndpointStateMachineTaskThread-/0.0.0.0:15091-0 ] INFO  ozoneimpl.OzoneContainer (OzoneContainer.java:start(457)) - Attempting to start container services.
2024-01-29 07:42:30,647 [eea2313d-992f-4b5d-9e13-b8d80714ad2c-EndpointStateMachineTaskThread-/0.0.0.0:15091-0 ] INFO  ozoneimpl.OzoneContainer (OzoneContainer.java:startContainerScrub(339)) - Scheduled background container scanners and the on-demand container scanner have been disabled.
2024-01-29 07:42:30,647 [eea2313d-992f-4b5d-9e13-b8d80714ad2c-EndpointStateMachineTaskThread-/0.0.0.0:15091-0 ] INFO  replication.ReplicationServer (ReplicationServer.java:start(139)) - ReplicationServer is started using port 15114
2024-01-29 07:42:30,647 [eea2313d-992f-4b5d-9e13-b8d80714ad2c-EndpointStateMachineTaskThread-/0.0.0.0:15091-0 ] INFO  ratis.XceiverServerRatis (XceiverServerRatis.java:start(566)) - Starting XceiverServerRatis eea2313d-992f-4b5d-9e13-b8d80714ad2c
2024-01-29 07:42:30,648 [eea2313d-992f-4b5d-9e13-b8d80714ad2c-EndpointStateMachineTaskThread-/0.0.0.0:15091-0 ] INFO  server.RaftServer (RaftServerProxy.java:startImpl(406)) - eea2313d-992f-4b5d-9e13-b8d80714ad2c: start RPC server
2024-01-29 07:42:30,648 [eea2313d-992f-4b5d-9e13-b8d80714ad2c-EndpointStateMachineTaskThread-/0.0.0.0:15091-0 ] INFO  server.GrpcService (GrpcService.java:startImpl(302)) - eea2313d-992f-4b5d-9e13-b8d80714ad2c: GrpcService started, listening on 15110
2024-01-29 07:42:30,648 [eea2313d-992f-4b5d-9e13-b8d80714ad2c-EndpointStateMachineTaskThread-/0.0.0.0:15091-0 ] INFO  server.GrpcService (GrpcService.java:startImpl(302)) - eea2313d-992f-4b5d-9e13-b8d80714ad2c: GrpcService started, listening on 15112
2024-01-29 07:42:30,649 [eea2313d-992f-4b5d-9e13-b8d80714ad2c-EndpointStateMachineTaskThread-/0.0.0.0:15091-0 ] INFO  server.GrpcService (GrpcService.java:startImpl(302)) - eea2313d-992f-4b5d-9e13-b8d80714ad2c: GrpcService started, listening on 15111
2024-01-29 07:42:30,649 [eea2313d-992f-4b5d-9e13-b8d80714ad2c-EndpointStateMachineTaskThread-/0.0.0.0:15091-0 ] INFO  ratis.XceiverServerRatis (XceiverServerRatis.java:getRealPort(592)) - XceiverServerRatis eea2313d-992f-4b5d-9e13-b8d80714ad2c is started using port 15110 for RATIS
2024-01-29 07:42:30,649 [eea2313d-992f-4b5d-9e13-b8d80714ad2c-EndpointStateMachineTaskThread-/0.0.0.0:15091-0 ] INFO  ratis.XceiverServerRatis (XceiverServerRatis.java:getRealPort(592)) - XceiverServerRatis eea2313d-992f-4b5d-9e13-b8d80714ad2c is started using port 15111 for RATIS_ADMIN
2024-01-29 07:42:30,649 [eea2313d-992f-4b5d-9e13-b8d80714ad2c-EndpointStateMachineTaskThread-/0.0.0.0:15091-0 ] INFO  ratis.XceiverServerRatis (XceiverServerRatis.java:getRealPort(592)) - XceiverServerRatis eea2313d-992f-4b5d-9e13-b8d80714ad2c is started using port 15112 for RATIS_SERVER
2024-01-29 07:42:30,649 [eea2313d-992f-4b5d-9e13-b8d80714ad2c-EndpointStateMachineTaskThread-/0.0.0.0:15091-0 ] INFO  ratis.XceiverServerRatis (XceiverServerRatis.java:getRealPort(592)) - XceiverServerRatis eea2313d-992f-4b5d-9e13-b8d80714ad2c is started using port 15113 for RATIS_DATASTREAM
2024-01-29 07:42:30,649 [JvmPauseMonitor14] INFO  util.JvmPauseMonitor (JvmPauseMonitor.java:run(146)) - JvmPauseMonitor-eea2313d-992f-4b5d-9e13-b8d80714ad2c: Started
2024-01-29 07:42:30,650 [eea2313d-992f-4b5d-9e13-b8d80714ad2c-BlockDeletingService#0] INFO  interfaces.ContainerDeletionChoosingPolicyTemplate (ContainerDeletionChoosingPolicyTemplate.java:chooseContainerForBlockDeletion(85)) - Chosen 0/5000 blocks from 0 candidate containers.
2024-01-29 07:42:30,770 [0ce2b046-143e-42c7-a174-539311f5349e-EndpointStateMachineTaskThread-/0.0.0.0:15091-0 ] INFO  utils.DatanodeStoreCache (DatanodeStoreCache.java:addDB(72)) - Added db /home/runner/work/ozone/ozone/hadoop-ozone/integration-test/target/test-dir/MiniOzoneClusterImpl-43c44e75-c492-4a39-944e-601a0ff30632/datanode-2/data-0/containers/hdds/43c44e75-c492-4a39-944e-601a0ff30632/DS-f005d65e-ba39-46cf-b93e-a673aea9103c/container.db to cache
2024-01-29 07:42:30,770 [0ce2b046-143e-42c7-a174-539311f5349e-EndpointStateMachineTaskThread-/0.0.0.0:15091-0 ] INFO  volume.HddsVolume (HddsVolume.java:createDbStore(420)) - SchemaV3 db is created and loaded at /home/runner/work/ozone/ozone/hadoop-ozone/integration-test/target/test-dir/MiniOzoneClusterImpl-43c44e75-c492-4a39-944e-601a0ff30632/datanode-2/data-0/containers/hdds/43c44e75-c492-4a39-944e-601a0ff30632/DS-f005d65e-ba39-46cf-b93e-a673aea9103c/container.db for volume DS-f005d65e-ba39-46cf-b93e-a673aea9103c
2024-01-29 07:42:30,773 [0ce2b046-143e-42c7-a174-539311f5349e-EndpointStateMachineTaskThread-/0.0.0.0:15091-0 ] INFO  volume.ThrottledAsyncChecker (ThrottledAsyncChecker.java:schedule(141)) - Scheduling a check for /home/runner/work/ozone/ozone/hadoop-ozone/integration-test/target/test-dir/MiniOzoneClusterImpl-43c44e75-c492-4a39-944e-601a0ff30632/datanode-2/data-0/containers/hdds
2024-01-29 07:42:30,773 [0ce2b046-143e-42c7-a174-539311f5349e-EndpointStateMachineTaskThread-/0.0.0.0:15091-0 ] INFO  volume.StorageVolumeChecker (StorageVolumeChecker.java:checkAllVolumes(218)) - Scheduled health check for volume /home/runner/work/ozone/ozone/hadoop-ozone/integration-test/target/test-dir/MiniOzoneClusterImpl-43c44e75-c492-4a39-944e-601a0ff30632/datanode-2/data-0/containers/hdds
2024-01-29 07:42:30,775 [0ce2b046-143e-42c7-a174-539311f5349e-EndpointStateMachineTaskThread-/0.0.0.0:15091-0 ] INFO  volume.ThrottledAsyncChecker (ThrottledAsyncChecker.java:schedule(141)) - Scheduling a check for /home/runner/work/ozone/ozone/hadoop-ozone/integration-test/target/test-dir/MiniOzoneClusterImpl-43c44e75-c492-4a39-944e-601a0ff30632/datanode-2/data/ratis
2024-01-29 07:42:30,775 [0ce2b046-143e-42c7-a174-539311f5349e-EndpointStateMachineTaskThread-/0.0.0.0:15091-0 ] INFO  volume.StorageVolumeChecker (StorageVolumeChecker.java:checkAllVolumes(218)) - Scheduled health check for volume /home/runner/work/ozone/ozone/hadoop-ozone/integration-test/target/test-dir/MiniOzoneClusterImpl-43c44e75-c492-4a39-944e-601a0ff30632/datanode-2/data/ratis
2024-01-29 07:42:30,776 [0ce2b046-143e-42c7-a174-539311f5349e-EndpointStateMachineTaskThread-/0.0.0.0:15091-0 ] INFO  ozoneimpl.OzoneContainer (OzoneContainer.java:start(457)) - Attempting to start container services.
2024-01-29 07:42:30,776 [0ce2b046-143e-42c7-a174-539311f5349e-EndpointStateMachineTaskThread-/0.0.0.0:15091-0 ] INFO  ozoneimpl.OzoneContainer (OzoneContainer.java:startContainerScrub(339)) - Scheduled background container scanners and the on-demand container scanner have been disabled.
2024-01-29 07:42:30,776 [0ce2b046-143e-42c7-a174-539311f5349e-EndpointStateMachineTaskThread-/0.0.0.0:15091-0 ] INFO  replication.ReplicationServer (ReplicationServer.java:start(139)) - ReplicationServer is started using port 15123
2024-01-29 07:42:30,776 [0ce2b046-143e-42c7-a174-539311f5349e-EndpointStateMachineTaskThread-/0.0.0.0:15091-0 ] INFO  ratis.XceiverServerRatis (XceiverServerRatis.java:start(566)) - Starting XceiverServerRatis 0ce2b046-143e-42c7-a174-539311f5349e
2024-01-29 07:42:30,777 [0ce2b046-143e-42c7-a174-539311f5349e-EndpointStateMachineTaskThread-/0.0.0.0:15091-0 ] INFO  server.RaftServer (RaftServerProxy.java:startImpl(406)) - 0ce2b046-143e-42c7-a174-539311f5349e: start RPC server
2024-01-29 07:42:30,777 [0ce2b046-143e-42c7-a174-539311f5349e-EndpointStateMachineTaskThread-/0.0.0.0:15091-0 ] INFO  server.GrpcService (GrpcService.java:startImpl(302)) - 0ce2b046-143e-42c7-a174-539311f5349e: GrpcService started, listening on 15119
2024-01-29 07:42:30,777 [0ce2b046-143e-42c7-a174-539311f5349e-EndpointStateMachineTaskThread-/0.0.0.0:15091-0 ] INFO  server.GrpcService (GrpcService.java:startImpl(302)) - 0ce2b046-143e-42c7-a174-539311f5349e: GrpcService started, listening on 15121
2024-01-29 07:42:30,778 [0ce2b046-143e-42c7-a174-539311f5349e-EndpointStateMachineTaskThread-/0.0.0.0:15091-0 ] INFO  server.GrpcService (GrpcService.java:startImpl(302)) - 0ce2b046-143e-42c7-a174-539311f5349e: GrpcService started, listening on 15120
2024-01-29 07:42:30,778 [0ce2b046-143e-42c7-a174-539311f5349e-EndpointStateMachineTaskThread-/0.0.0.0:15091-0 ] INFO  ratis.XceiverServerRatis (XceiverServerRatis.java:getRealPort(592)) - XceiverServerRatis 0ce2b046-143e-42c7-a174-539311f5349e is started using port 15119 for RATIS
2024-01-29 07:42:30,778 [0ce2b046-143e-42c7-a174-539311f5349e-EndpointStateMachineTaskThread-/0.0.0.0:15091-0 ] INFO  ratis.XceiverServerRatis (XceiverServerRatis.java:getRealPort(592)) - XceiverServerRatis 0ce2b046-143e-42c7-a174-539311f5349e is started using port 15120 for RATIS_ADMIN
2024-01-29 07:42:30,778 [0ce2b046-143e-42c7-a174-539311f5349e-EndpointStateMachineTaskThread-/0.0.0.0:15091-0 ] INFO  ratis.XceiverServerRatis (XceiverServerRatis.java:getRealPort(592)) - XceiverServerRatis 0ce2b046-143e-42c7-a174-539311f5349e is started using port 15121 for RATIS_SERVER
2024-01-29 07:42:30,778 [0ce2b046-143e-42c7-a174-539311f5349e-EndpointStateMachineTaskThread-/0.0.0.0:15091-0 ] INFO  ratis.XceiverServerRatis (XceiverServerRatis.java:getRealPort(592)) - XceiverServerRatis 0ce2b046-143e-42c7-a174-539311f5349e is started using port 15122 for RATIS_DATASTREAM
2024-01-29 07:42:30,778 [JvmPauseMonitor15] INFO  util.JvmPauseMonitor (JvmPauseMonitor.java:run(146)) - JvmPauseMonitor-0ce2b046-143e-42c7-a174-539311f5349e: Started
2024-01-29 07:42:30,779 [0ce2b046-143e-42c7-a174-539311f5349e-BlockDeletingService#0] INFO  interfaces.ContainerDeletionChoosingPolicyTemplate (ContainerDeletionChoosingPolicyTemplate.java:chooseContainerForBlockDeletion(85)) - Chosen 0/5000 blocks from 0 candidate containers.
2024-01-29 07:42:30,883 [d4227e66-29fb-4e8c-95fa-da42bedd0d48-EndpointStateMachineTaskThread-/0.0.0.0:15091-0 ] INFO  utils.DatanodeStoreCache (DatanodeStoreCache.java:addDB(72)) - Added db /home/runner/work/ozone/ozone/hadoop-ozone/integration-test/target/test-dir/MiniOzoneClusterImpl-43c44e75-c492-4a39-944e-601a0ff30632/datanode-3/data-0/containers/hdds/43c44e75-c492-4a39-944e-601a0ff30632/DS-922bf18c-3d42-4758-9e06-4033e4b2613f/container.db to cache
2024-01-29 07:42:30,883 [d4227e66-29fb-4e8c-95fa-da42bedd0d48-EndpointStateMachineTaskThread-/0.0.0.0:15091-0 ] INFO  volume.HddsVolume (HddsVolume.java:createDbStore(420)) - SchemaV3 db is created and loaded at /home/runner/work/ozone/ozone/hadoop-ozone/integration-test/target/test-dir/MiniOzoneClusterImpl-43c44e75-c492-4a39-944e-601a0ff30632/datanode-3/data-0/containers/hdds/43c44e75-c492-4a39-944e-601a0ff30632/DS-922bf18c-3d42-4758-9e06-4033e4b2613f/container.db for volume DS-922bf18c-3d42-4758-9e06-4033e4b2613f
2024-01-29 07:42:30,885 [d4227e66-29fb-4e8c-95fa-da42bedd0d48-EndpointStateMachineTaskThread-/0.0.0.0:15091-0 ] INFO  volume.ThrottledAsyncChecker (ThrottledAsyncChecker.java:schedule(141)) - Scheduling a check for /home/runner/work/ozone/ozone/hadoop-ozone/integration-test/target/test-dir/MiniOzoneClusterImpl-43c44e75-c492-4a39-944e-601a0ff30632/datanode-3/data-0/containers/hdds
2024-01-29 07:42:30,885 [d4227e66-29fb-4e8c-95fa-da42bedd0d48-EndpointStateMachineTaskThread-/0.0.0.0:15091-0 ] INFO  volume.StorageVolumeChecker (StorageVolumeChecker.java:checkAllVolumes(218)) - Scheduled health check for volume /home/runner/work/ozone/ozone/hadoop-ozone/integration-test/target/test-dir/MiniOzoneClusterImpl-43c44e75-c492-4a39-944e-601a0ff30632/datanode-3/data-0/containers/hdds
2024-01-29 07:42:30,887 [d4227e66-29fb-4e8c-95fa-da42bedd0d48-EndpointStateMachineTaskThread-/0.0.0.0:15091-0 ] INFO  volume.ThrottledAsyncChecker (ThrottledAsyncChecker.java:schedule(141)) - Scheduling a check for /home/runner/work/ozone/ozone/hadoop-ozone/integration-test/target/test-dir/MiniOzoneClusterImpl-43c44e75-c492-4a39-944e-601a0ff30632/datanode-3/data/ratis
2024-01-29 07:42:30,887 [d4227e66-29fb-4e8c-95fa-da42bedd0d48-EndpointStateMachineTaskThread-/0.0.0.0:15091-0 ] INFO  volume.StorageVolumeChecker (StorageVolumeChecker.java:checkAllVolumes(218)) - Scheduled health check for volume /home/runner/work/ozone/ozone/hadoop-ozone/integration-test/target/test-dir/MiniOzoneClusterImpl-43c44e75-c492-4a39-944e-601a0ff30632/datanode-3/data/ratis
2024-01-29 07:42:30,888 [d4227e66-29fb-4e8c-95fa-da42bedd0d48-EndpointStateMachineTaskThread-/0.0.0.0:15091-0 ] INFO  ozoneimpl.OzoneContainer (OzoneContainer.java:start(457)) - Attempting to start container services.
2024-01-29 07:42:30,888 [d4227e66-29fb-4e8c-95fa-da42bedd0d48-EndpointStateMachineTaskThread-/0.0.0.0:15091-0 ] INFO  ozoneimpl.OzoneContainer (OzoneContainer.java:startContainerScrub(339)) - Scheduled background container scanners and the on-demand container scanner have been disabled.
2024-01-29 07:42:30,888 [d4227e66-29fb-4e8c-95fa-da42bedd0d48-EndpointStateMachineTaskThread-/0.0.0.0:15091-0 ] INFO  replication.ReplicationServer (ReplicationServer.java:start(139)) - ReplicationServer is started using port 15132
2024-01-29 07:42:30,888 [d4227e66-29fb-4e8c-95fa-da42bedd0d48-EndpointStateMachineTaskThread-/0.0.0.0:15091-0 ] INFO  ratis.XceiverServerRatis (XceiverServerRatis.java:start(566)) - Starting XceiverServerRatis d4227e66-29fb-4e8c-95fa-da42bedd0d48
2024-01-29 07:42:30,889 [d4227e66-29fb-4e8c-95fa-da42bedd0d48-EndpointStateMachineTaskThread-/0.0.0.0:15091-0 ] INFO  server.RaftServer (RaftServerProxy.java:startImpl(406)) - d4227e66-29fb-4e8c-95fa-da42bedd0d48: start RPC server
2024-01-29 07:42:30,889 [d4227e66-29fb-4e8c-95fa-da42bedd0d48-EndpointStateMachineTaskThread-/0.0.0.0:15091-0 ] INFO  server.GrpcService (GrpcService.java:startImpl(302)) - d4227e66-29fb-4e8c-95fa-da42bedd0d48: GrpcService started, listening on 15128
2024-01-29 07:42:30,889 [d4227e66-29fb-4e8c-95fa-da42bedd0d48-EndpointStateMachineTaskThread-/0.0.0.0:15091-0 ] INFO  server.GrpcService (GrpcService.java:startImpl(302)) - d4227e66-29fb-4e8c-95fa-da42bedd0d48: GrpcService started, listening on 15130
2024-01-29 07:42:30,889 [d4227e66-29fb-4e8c-95fa-da42bedd0d48-EndpointStateMachineTaskThread-/0.0.0.0:15091-0 ] INFO  server.GrpcService (GrpcService.java:startImpl(302)) - d4227e66-29fb-4e8c-95fa-da42bedd0d48: GrpcService started, listening on 15129
2024-01-29 07:42:30,890 [d4227e66-29fb-4e8c-95fa-da42bedd0d48-EndpointStateMachineTaskThread-/0.0.0.0:15091-0 ] INFO  ratis.XceiverServerRatis (XceiverServerRatis.java:getRealPort(592)) - XceiverServerRatis d4227e66-29fb-4e8c-95fa-da42bedd0d48 is started using port 15128 for RATIS
2024-01-29 07:42:30,890 [d4227e66-29fb-4e8c-95fa-da42bedd0d48-EndpointStateMachineTaskThread-/0.0.0.0:15091-0 ] INFO  ratis.XceiverServerRatis (XceiverServerRatis.java:getRealPort(592)) - XceiverServerRatis d4227e66-29fb-4e8c-95fa-da42bedd0d48 is started using port 15129 for RATIS_ADMIN
2024-01-29 07:42:30,890 [d4227e66-29fb-4e8c-95fa-da42bedd0d48-EndpointStateMachineTaskThread-/0.0.0.0:15091-0 ] INFO  ratis.XceiverServerRatis (XceiverServerRatis.java:getRealPort(592)) - XceiverServerRatis d4227e66-29fb-4e8c-95fa-da42bedd0d48 is started using port 15130 for RATIS_SERVER
2024-01-29 07:42:30,890 [d4227e66-29fb-4e8c-95fa-da42bedd0d48-EndpointStateMachineTaskThread-/0.0.0.0:15091-0 ] INFO  ratis.XceiverServerRatis (XceiverServerRatis.java:getRealPort(592)) - XceiverServerRatis d4227e66-29fb-4e8c-95fa-da42bedd0d48 is started using port 15131 for RATIS_DATASTREAM
2024-01-29 07:42:30,890 [JvmPauseMonitor16] INFO  util.JvmPauseMonitor (JvmPauseMonitor.java:run(146)) - JvmPauseMonitor-d4227e66-29fb-4e8c-95fa-da42bedd0d48: Started
2024-01-29 07:42:30,891 [d4227e66-29fb-4e8c-95fa-da42bedd0d48-BlockDeletingService#0] INFO  interfaces.ContainerDeletionChoosingPolicyTemplate (ContainerDeletionChoosingPolicyTemplate.java:chooseContainerForBlockDeletion(85)) - Chosen 0/5000 blocks from 0 candidate containers.
2024-01-29 07:42:31,008 [f3d36f04-bccd-4be2-9dc2-ceae52659d99-EndpointStateMachineTaskThread-/0.0.0.0:15091-0 ] INFO  utils.DatanodeStoreCache (DatanodeStoreCache.java:addDB(72)) - Added db /home/runner/work/ozone/ozone/hadoop-ozone/integration-test/target/test-dir/MiniOzoneClusterImpl-43c44e75-c492-4a39-944e-601a0ff30632/datanode-4/data-0/containers/hdds/43c44e75-c492-4a39-944e-601a0ff30632/DS-dbe8f926-18c6-486a-912d-f9cc99757d00/container.db to cache
2024-01-29 07:42:31,008 [f3d36f04-bccd-4be2-9dc2-ceae52659d99-EndpointStateMachineTaskThread-/0.0.0.0:15091-0 ] INFO  volume.HddsVolume (HddsVolume.java:createDbStore(420)) - SchemaV3 db is created and loaded at /home/runner/work/ozone/ozone/hadoop-ozone/integration-test/target/test-dir/MiniOzoneClusterImpl-43c44e75-c492-4a39-944e-601a0ff30632/datanode-4/data-0/containers/hdds/43c44e75-c492-4a39-944e-601a0ff30632/DS-dbe8f926-18c6-486a-912d-f9cc99757d00/container.db for volume DS-dbe8f926-18c6-486a-912d-f9cc99757d00
2024-01-29 07:42:31,009 [f3d36f04-bccd-4be2-9dc2-ceae52659d99-EndpointStateMachineTaskThread-/0.0.0.0:15091-0 ] INFO  volume.ThrottledAsyncChecker (ThrottledAsyncChecker.java:schedule(141)) - Scheduling a check for /home/runner/work/ozone/ozone/hadoop-ozone/integration-test/target/test-dir/MiniOzoneClusterImpl-43c44e75-c492-4a39-944e-601a0ff30632/datanode-4/data-0/containers/hdds
2024-01-29 07:42:31,010 [f3d36f04-bccd-4be2-9dc2-ceae52659d99-EndpointStateMachineTaskThread-/0.0.0.0:15091-0 ] INFO  volume.StorageVolumeChecker (StorageVolumeChecker.java:checkAllVolumes(218)) - Scheduled health check for volume /home/runner/work/ozone/ozone/hadoop-ozone/integration-test/target/test-dir/MiniOzoneClusterImpl-43c44e75-c492-4a39-944e-601a0ff30632/datanode-4/data-0/containers/hdds
2024-01-29 07:42:31,011 [f3d36f04-bccd-4be2-9dc2-ceae52659d99-EndpointStateMachineTaskThread-/0.0.0.0:15091-0 ] INFO  volume.ThrottledAsyncChecker (ThrottledAsyncChecker.java:schedule(141)) - Scheduling a check for /home/runner/work/ozone/ozone/hadoop-ozone/integration-test/target/test-dir/MiniOzoneClusterImpl-43c44e75-c492-4a39-944e-601a0ff30632/datanode-4/data/ratis
2024-01-29 07:42:31,011 [f3d36f04-bccd-4be2-9dc2-ceae52659d99-EndpointStateMachineTaskThread-/0.0.0.0:15091-0 ] INFO  volume.StorageVolumeChecker (StorageVolumeChecker.java:checkAllVolumes(218)) - Scheduled health check for volume /home/runner/work/ozone/ozone/hadoop-ozone/integration-test/target/test-dir/MiniOzoneClusterImpl-43c44e75-c492-4a39-944e-601a0ff30632/datanode-4/data/ratis
2024-01-29 07:42:31,012 [f3d36f04-bccd-4be2-9dc2-ceae52659d99-EndpointStateMachineTaskThread-/0.0.0.0:15091-0 ] INFO  ozoneimpl.OzoneContainer (OzoneContainer.java:start(457)) - Attempting to start container services.
2024-01-29 07:42:31,012 [f3d36f04-bccd-4be2-9dc2-ceae52659d99-EndpointStateMachineTaskThread-/0.0.0.0:15091-0 ] INFO  ozoneimpl.OzoneContainer (OzoneContainer.java:startContainerScrub(339)) - Scheduled background container scanners and the on-demand container scanner have been disabled.
2024-01-29 07:42:31,013 [f3d36f04-bccd-4be2-9dc2-ceae52659d99-EndpointStateMachineTaskThread-/0.0.0.0:15091-0 ] INFO  replication.ReplicationServer (ReplicationServer.java:start(139)) - ReplicationServer is started using port 15141
2024-01-29 07:42:31,013 [f3d36f04-bccd-4be2-9dc2-ceae52659d99-EndpointStateMachineTaskThread-/0.0.0.0:15091-0 ] INFO  ratis.XceiverServerRatis (XceiverServerRatis.java:start(566)) - Starting XceiverServerRatis f3d36f04-bccd-4be2-9dc2-ceae52659d99
2024-01-29 07:42:31,013 [f3d36f04-bccd-4be2-9dc2-ceae52659d99-EndpointStateMachineTaskThread-/0.0.0.0:15091-0 ] INFO  server.RaftServer (RaftServerProxy.java:startImpl(406)) - f3d36f04-bccd-4be2-9dc2-ceae52659d99: start RPC server
2024-01-29 07:42:31,014 [f3d36f04-bccd-4be2-9dc2-ceae52659d99-EndpointStateMachineTaskThread-/0.0.0.0:15091-0 ] INFO  server.GrpcService (GrpcService.java:startImpl(302)) - f3d36f04-bccd-4be2-9dc2-ceae52659d99: GrpcService started, listening on 15137
2024-01-29 07:42:31,014 [f3d36f04-bccd-4be2-9dc2-ceae52659d99-EndpointStateMachineTaskThread-/0.0.0.0:15091-0 ] INFO  server.GrpcService (GrpcService.java:startImpl(302)) - f3d36f04-bccd-4be2-9dc2-ceae52659d99: GrpcService started, listening on 15139
2024-01-29 07:42:31,014 [f3d36f04-bccd-4be2-9dc2-ceae52659d99-EndpointStateMachineTaskThread-/0.0.0.0:15091-0 ] INFO  server.GrpcService (GrpcService.java:startImpl(302)) - f3d36f04-bccd-4be2-9dc2-ceae52659d99: GrpcService started, listening on 15138
2024-01-29 07:42:31,014 [f3d36f04-bccd-4be2-9dc2-ceae52659d99-EndpointStateMachineTaskThread-/0.0.0.0:15091-0 ] INFO  ratis.XceiverServerRatis (XceiverServerRatis.java:getRealPort(592)) - XceiverServerRatis f3d36f04-bccd-4be2-9dc2-ceae52659d99 is started using port 15137 for RATIS
2024-01-29 07:42:31,015 [f3d36f04-bccd-4be2-9dc2-ceae52659d99-EndpointStateMachineTaskThread-/0.0.0.0:15091-0 ] INFO  ratis.XceiverServerRatis (XceiverServerRatis.java:getRealPort(592)) - XceiverServerRatis f3d36f04-bccd-4be2-9dc2-ceae52659d99 is started using port 15138 for RATIS_ADMIN
2024-01-29 07:42:31,015 [f3d36f04-bccd-4be2-9dc2-ceae52659d99-EndpointStateMachineTaskThread-/0.0.0.0:15091-0 ] INFO  ratis.XceiverServerRatis (XceiverServerRatis.java:getRealPort(592)) - XceiverServerRatis f3d36f04-bccd-4be2-9dc2-ceae52659d99 is started using port 15139 for RATIS_SERVER
2024-01-29 07:42:31,015 [f3d36f04-bccd-4be2-9dc2-ceae52659d99-EndpointStateMachineTaskThread-/0.0.0.0:15091-0 ] INFO  ratis.XceiverServerRatis (XceiverServerRatis.java:getRealPort(592)) - XceiverServerRatis f3d36f04-bccd-4be2-9dc2-ceae52659d99 is started using port 15140 for RATIS_DATASTREAM
2024-01-29 07:42:31,015 [JvmPauseMonitor17] INFO  util.JvmPauseMonitor (JvmPauseMonitor.java:run(146)) - JvmPauseMonitor-f3d36f04-bccd-4be2-9dc2-ceae52659d99: Started
2024-01-29 07:42:31,016 [f3d36f04-bccd-4be2-9dc2-ceae52659d99-BlockDeletingService#0] INFO  interfaces.ContainerDeletionChoosingPolicyTemplate (ContainerDeletionChoosingPolicyTemplate.java:chooseContainerForBlockDeletion(85)) - Chosen 0/5000 blocks from 0 candidate containers.
2024-01-29 07:42:31,110 [aaaecba4-dc3a-4434-b0f1-479f09acdbc3-EndpointStateMachineTaskThread-/0.0.0.0:15091-0 ] INFO  utils.DatanodeStoreCache (DatanodeStoreCache.java:addDB(72)) - Added db /home/runner/work/ozone/ozone/hadoop-ozone/integration-test/target/test-dir/MiniOzoneClusterImpl-43c44e75-c492-4a39-944e-601a0ff30632/datanode-5/data-0/containers/hdds/43c44e75-c492-4a39-944e-601a0ff30632/DS-4d1e7bc9-1079-48b1-bf27-a6f937c0f43d/container.db to cache
2024-01-29 07:42:31,110 [aaaecba4-dc3a-4434-b0f1-479f09acdbc3-EndpointStateMachineTaskThread-/0.0.0.0:15091-0 ] INFO  volume.HddsVolume (HddsVolume.java:createDbStore(420)) - SchemaV3 db is created and loaded at /home/runner/work/ozone/ozone/hadoop-ozone/integration-test/target/test-dir/MiniOzoneClusterImpl-43c44e75-c492-4a39-944e-601a0ff30632/datanode-5/data-0/containers/hdds/43c44e75-c492-4a39-944e-601a0ff30632/DS-4d1e7bc9-1079-48b1-bf27-a6f937c0f43d/container.db for volume DS-4d1e7bc9-1079-48b1-bf27-a6f937c0f43d
2024-01-29 07:42:31,111 [aaaecba4-dc3a-4434-b0f1-479f09acdbc3-EndpointStateMachineTaskThread-/0.0.0.0:15091-0 ] INFO  volume.ThrottledAsyncChecker (ThrottledAsyncChecker.java:schedule(141)) - Scheduling a check for /home/runner/work/ozone/ozone/hadoop-ozone/integration-test/target/test-dir/MiniOzoneClusterImpl-43c44e75-c492-4a39-944e-601a0ff30632/datanode-5/data-0/containers/hdds
2024-01-29 07:42:31,112 [aaaecba4-dc3a-4434-b0f1-479f09acdbc3-EndpointStateMachineTaskThread-/0.0.0.0:15091-0 ] INFO  volume.StorageVolumeChecker (StorageVolumeChecker.java:checkAllVolumes(218)) - Scheduled health check for volume /home/runner/work/ozone/ozone/hadoop-ozone/integration-test/target/test-dir/MiniOzoneClusterImpl-43c44e75-c492-4a39-944e-601a0ff30632/datanode-5/data-0/containers/hdds
2024-01-29 07:42:31,113 [aaaecba4-dc3a-4434-b0f1-479f09acdbc3-EndpointStateMachineTaskThread-/0.0.0.0:15091-0 ] INFO  volume.ThrottledAsyncChecker (ThrottledAsyncChecker.java:schedule(141)) - Scheduling a check for /home/runner/work/ozone/ozone/hadoop-ozone/integration-test/target/test-dir/MiniOzoneClusterImpl-43c44e75-c492-4a39-944e-601a0ff30632/datanode-5/data/ratis
2024-01-29 07:42:31,114 [aaaecba4-dc3a-4434-b0f1-479f09acdbc3-EndpointStateMachineTaskThread-/0.0.0.0:15091-0 ] INFO  volume.StorageVolumeChecker (StorageVolumeChecker.java:checkAllVolumes(218)) - Scheduled health check for volume /home/runner/work/ozone/ozone/hadoop-ozone/integration-test/target/test-dir/MiniOzoneClusterImpl-43c44e75-c492-4a39-944e-601a0ff30632/datanode-5/data/ratis
2024-01-29 07:42:31,114 [aaaecba4-dc3a-4434-b0f1-479f09acdbc3-EndpointStateMachineTaskThread-/0.0.0.0:15091-0 ] INFO  ozoneimpl.OzoneContainer (OzoneContainer.java:start(457)) - Attempting to start container services.
2024-01-29 07:42:31,114 [aaaecba4-dc3a-4434-b0f1-479f09acdbc3-EndpointStateMachineTaskThread-/0.0.0.0:15091-0 ] INFO  ozoneimpl.OzoneContainer (OzoneContainer.java:startContainerScrub(339)) - Scheduled background container scanners and the on-demand container scanner have been disabled.
2024-01-29 07:42:31,115 [aaaecba4-dc3a-4434-b0f1-479f09acdbc3-EndpointStateMachineTaskThread-/0.0.0.0:15091-0 ] INFO  replication.ReplicationServer (ReplicationServer.java:start(139)) - ReplicationServer is started using port 15150
2024-01-29 07:42:31,115 [aaaecba4-dc3a-4434-b0f1-479f09acdbc3-EndpointStateMachineTaskThread-/0.0.0.0:15091-0 ] INFO  ratis.XceiverServerRatis (XceiverServerRatis.java:start(566)) - Starting XceiverServerRatis aaaecba4-dc3a-4434-b0f1-479f09acdbc3
2024-01-29 07:42:31,117 [aaaecba4-dc3a-4434-b0f1-479f09acdbc3-EndpointStateMachineTaskThread-/0.0.0.0:15091-0 ] INFO  server.RaftServer (RaftServerProxy.java:startImpl(406)) - aaaecba4-dc3a-4434-b0f1-479f09acdbc3: start RPC server
2024-01-29 07:42:31,117 [aaaecba4-dc3a-4434-b0f1-479f09acdbc3-EndpointStateMachineTaskThread-/0.0.0.0:15091-0 ] INFO  server.GrpcService (GrpcService.java:startImpl(302)) - aaaecba4-dc3a-4434-b0f1-479f09acdbc3: GrpcService started, listening on 15146
2024-01-29 07:42:31,118 [aaaecba4-dc3a-4434-b0f1-479f09acdbc3-EndpointStateMachineTaskThread-/0.0.0.0:15091-0 ] INFO  server.GrpcService (GrpcService.java:startImpl(302)) - aaaecba4-dc3a-4434-b0f1-479f09acdbc3: GrpcService started, listening on 15148
2024-01-29 07:42:31,118 [aaaecba4-dc3a-4434-b0f1-479f09acdbc3-EndpointStateMachineTaskThread-/0.0.0.0:15091-0 ] INFO  server.GrpcService (GrpcService.java:startImpl(302)) - aaaecba4-dc3a-4434-b0f1-479f09acdbc3: GrpcService started, listening on 15147
2024-01-29 07:42:31,118 [aaaecba4-dc3a-4434-b0f1-479f09acdbc3-EndpointStateMachineTaskThread-/0.0.0.0:15091-0 ] INFO  ratis.XceiverServerRatis (XceiverServerRatis.java:getRealPort(592)) - XceiverServerRatis aaaecba4-dc3a-4434-b0f1-479f09acdbc3 is started using port 15146 for RATIS
2024-01-29 07:42:31,118 [JvmPauseMonitor18] INFO  util.JvmPauseMonitor (JvmPauseMonitor.java:run(146)) - JvmPauseMonitor-aaaecba4-dc3a-4434-b0f1-479f09acdbc3: Started
2024-01-29 07:42:31,118 [aaaecba4-dc3a-4434-b0f1-479f09acdbc3-EndpointStateMachineTaskThread-/0.0.0.0:15091-0 ] INFO  ratis.XceiverServerRatis (XceiverServerRatis.java:getRealPort(592)) - XceiverServerRatis aaaecba4-dc3a-4434-b0f1-479f09acdbc3 is started using port 15147 for RATIS_ADMIN
2024-01-29 07:42:31,118 [aaaecba4-dc3a-4434-b0f1-479f09acdbc3-EndpointStateMachineTaskThread-/0.0.0.0:15091-0 ] INFO  ratis.XceiverServerRatis (XceiverServerRatis.java:getRealPort(592)) - XceiverServerRatis aaaecba4-dc3a-4434-b0f1-479f09acdbc3 is started using port 15148 for RATIS_SERVER
2024-01-29 07:42:31,118 [aaaecba4-dc3a-4434-b0f1-479f09acdbc3-EndpointStateMachineTaskThread-/0.0.0.0:15091-0 ] INFO  ratis.XceiverServerRatis (XceiverServerRatis.java:getRealPort(592)) - XceiverServerRatis aaaecba4-dc3a-4434-b0f1-479f09acdbc3 is started using port 15149 for RATIS_DATASTREAM
2024-01-29 07:42:31,119 [aaaecba4-dc3a-4434-b0f1-479f09acdbc3-BlockDeletingService#0] INFO  interfaces.ContainerDeletionChoosingPolicyTemplate (ContainerDeletionChoosingPolicyTemplate.java:chooseContainerForBlockDeletion(85)) - Chosen 0/5000 blocks from 0 candidate containers.
2024-01-29 07:42:31,223 [4014a93b-65b2-4fad-85e3-f269d9ce0515-EndpointStateMachineTaskThread-/0.0.0.0:15091-0 ] INFO  utils.DatanodeStoreCache (DatanodeStoreCache.java:addDB(72)) - Added db /home/runner/work/ozone/ozone/hadoop-ozone/integration-test/target/test-dir/MiniOzoneClusterImpl-43c44e75-c492-4a39-944e-601a0ff30632/datanode-6/data-0/containers/hdds/43c44e75-c492-4a39-944e-601a0ff30632/DS-1a023c08-e902-487f-84a7-b92fb198c004/container.db to cache
2024-01-29 07:42:31,223 [4014a93b-65b2-4fad-85e3-f269d9ce0515-EndpointStateMachineTaskThread-/0.0.0.0:15091-0 ] INFO  volume.HddsVolume (HddsVolume.java:createDbStore(420)) - SchemaV3 db is created and loaded at /home/runner/work/ozone/ozone/hadoop-ozone/integration-test/target/test-dir/MiniOzoneClusterImpl-43c44e75-c492-4a39-944e-601a0ff30632/datanode-6/data-0/containers/hdds/43c44e75-c492-4a39-944e-601a0ff30632/DS-1a023c08-e902-487f-84a7-b92fb198c004/container.db for volume DS-1a023c08-e902-487f-84a7-b92fb198c004
2024-01-29 07:42:31,225 [4014a93b-65b2-4fad-85e3-f269d9ce0515-EndpointStateMachineTaskThread-/0.0.0.0:15091-0 ] INFO  volume.ThrottledAsyncChecker (ThrottledAsyncChecker.java:schedule(141)) - Scheduling a check for /home/runner/work/ozone/ozone/hadoop-ozone/integration-test/target/test-dir/MiniOzoneClusterImpl-43c44e75-c492-4a39-944e-601a0ff30632/datanode-6/data-0/containers/hdds
2024-01-29 07:42:31,225 [4014a93b-65b2-4fad-85e3-f269d9ce0515-EndpointStateMachineTaskThread-/0.0.0.0:15091-0 ] INFO  volume.StorageVolumeChecker (StorageVolumeChecker.java:checkAllVolumes(218)) - Scheduled health check for volume /home/runner/work/ozone/ozone/hadoop-ozone/integration-test/target/test-dir/MiniOzoneClusterImpl-43c44e75-c492-4a39-944e-601a0ff30632/datanode-6/data-0/containers/hdds
2024-01-29 07:42:31,227 [4014a93b-65b2-4fad-85e3-f269d9ce0515-EndpointStateMachineTaskThread-/0.0.0.0:15091-0 ] INFO  volume.ThrottledAsyncChecker (ThrottledAsyncChecker.java:schedule(141)) - Scheduling a check for /home/runner/work/ozone/ozone/hadoop-ozone/integration-test/target/test-dir/MiniOzoneClusterImpl-43c44e75-c492-4a39-944e-601a0ff30632/datanode-6/data/ratis
2024-01-29 07:42:31,227 [4014a93b-65b2-4fad-85e3-f269d9ce0515-EndpointStateMachineTaskThread-/0.0.0.0:15091-0 ] INFO  volume.StorageVolumeChecker (StorageVolumeChecker.java:checkAllVolumes(218)) - Scheduled health check for volume /home/runner/work/ozone/ozone/hadoop-ozone/integration-test/target/test-dir/MiniOzoneClusterImpl-43c44e75-c492-4a39-944e-601a0ff30632/datanode-6/data/ratis
2024-01-29 07:42:31,228 [4014a93b-65b2-4fad-85e3-f269d9ce0515-EndpointStateMachineTaskThread-/0.0.0.0:15091-0 ] INFO  ozoneimpl.OzoneContainer (OzoneContainer.java:start(457)) - Attempting to start container services.
2024-01-29 07:42:31,228 [4014a93b-65b2-4fad-85e3-f269d9ce0515-EndpointStateMachineTaskThread-/0.0.0.0:15091-0 ] INFO  ozoneimpl.OzoneContainer (OzoneContainer.java:startContainerScrub(339)) - Scheduled background container scanners and the on-demand container scanner have been disabled.
2024-01-29 07:42:31,229 [4014a93b-65b2-4fad-85e3-f269d9ce0515-EndpointStateMachineTaskThread-/0.0.0.0:15091-0 ] INFO  replication.ReplicationServer (ReplicationServer.java:start(139)) - ReplicationServer is started using port 15159
2024-01-29 07:42:31,229 [4014a93b-65b2-4fad-85e3-f269d9ce0515-EndpointStateMachineTaskThread-/0.0.0.0:15091-0 ] INFO  ratis.XceiverServerRatis (XceiverServerRatis.java:start(566)) - Starting XceiverServerRatis 4014a93b-65b2-4fad-85e3-f269d9ce0515
2024-01-29 07:42:31,231 [4014a93b-65b2-4fad-85e3-f269d9ce0515-EndpointStateMachineTaskThread-/0.0.0.0:15091-0 ] INFO  server.RaftServer (RaftServerProxy.java:startImpl(406)) - 4014a93b-65b2-4fad-85e3-f269d9ce0515: start RPC server
2024-01-29 07:42:31,231 [4014a93b-65b2-4fad-85e3-f269d9ce0515-EndpointStateMachineTaskThread-/0.0.0.0:15091-0 ] INFO  server.GrpcService (GrpcService.java:startImpl(302)) - 4014a93b-65b2-4fad-85e3-f269d9ce0515: GrpcService started, listening on 15155
2024-01-29 07:42:31,232 [4014a93b-65b2-4fad-85e3-f269d9ce0515-EndpointStateMachineTaskThread-/0.0.0.0:15091-0 ] INFO  server.GrpcService (GrpcService.java:startImpl(302)) - 4014a93b-65b2-4fad-85e3-f269d9ce0515: GrpcService started, listening on 15157
2024-01-29 07:42:31,232 [4014a93b-65b2-4fad-85e3-f269d9ce0515-EndpointStateMachineTaskThread-/0.0.0.0:15091-0 ] INFO  server.GrpcService (GrpcService.java:startImpl(302)) - 4014a93b-65b2-4fad-85e3-f269d9ce0515: GrpcService started, listening on 15156
2024-01-29 07:42:31,237 [4014a93b-65b2-4fad-85e3-f269d9ce0515-EndpointStateMachineTaskThread-/0.0.0.0:15091-0 ] INFO  ratis.XceiverServerRatis (XceiverServerRatis.java:getRealPort(592)) - XceiverServerRatis 4014a93b-65b2-4fad-85e3-f269d9ce0515 is started using port 15155 for RATIS
2024-01-29 07:42:31,237 [JvmPauseMonitor19] INFO  util.JvmPauseMonitor (JvmPauseMonitor.java:run(146)) - JvmPauseMonitor-4014a93b-65b2-4fad-85e3-f269d9ce0515: Started
2024-01-29 07:42:31,237 [4014a93b-65b2-4fad-85e3-f269d9ce0515-EndpointStateMachineTaskThread-/0.0.0.0:15091-0 ] INFO  ratis.XceiverServerRatis (XceiverServerRatis.java:getRealPort(592)) - XceiverServerRatis 4014a93b-65b2-4fad-85e3-f269d9ce0515 is started using port 15156 for RATIS_ADMIN
2024-01-29 07:42:31,237 [4014a93b-65b2-4fad-85e3-f269d9ce0515-EndpointStateMachineTaskThread-/0.0.0.0:15091-0 ] INFO  ratis.XceiverServerRatis (XceiverServerRatis.java:getRealPort(592)) - XceiverServerRatis 4014a93b-65b2-4fad-85e3-f269d9ce0515 is started using port 15157 for RATIS_SERVER
2024-01-29 07:42:31,237 [4014a93b-65b2-4fad-85e3-f269d9ce0515-EndpointStateMachineTaskThread-/0.0.0.0:15091-0 ] INFO  ratis.XceiverServerRatis (XceiverServerRatis.java:getRealPort(592)) - XceiverServerRatis 4014a93b-65b2-4fad-85e3-f269d9ce0515 is started using port 15158 for RATIS_DATASTREAM
2024-01-29 07:42:31,238 [4014a93b-65b2-4fad-85e3-f269d9ce0515-BlockDeletingService#0] INFO  interfaces.ContainerDeletionChoosingPolicyTemplate (ContainerDeletionChoosingPolicyTemplate.java:chooseContainerForBlockDeletion(85)) - Chosen 0/5000 blocks from 0 candidate containers.
2024-01-29 07:42:31,358 [f6f0dadf-556e-42a8-b6d8-b99280d4e6cc-EndpointStateMachineTaskThread-/0.0.0.0:15091-0 ] INFO  utils.DatanodeStoreCache (DatanodeStoreCache.java:addDB(72)) - Added db /home/runner/work/ozone/ozone/hadoop-ozone/integration-test/target/test-dir/MiniOzoneClusterImpl-43c44e75-c492-4a39-944e-601a0ff30632/datanode-7/data-0/containers/hdds/43c44e75-c492-4a39-944e-601a0ff30632/DS-41ad6962-c942-4fa6-85c3-e7e39f86c953/container.db to cache
2024-01-29 07:42:31,359 [f6f0dadf-556e-42a8-b6d8-b99280d4e6cc-EndpointStateMachineTaskThread-/0.0.0.0:15091-0 ] INFO  volume.HddsVolume (HddsVolume.java:createDbStore(420)) - SchemaV3 db is created and loaded at /home/runner/work/ozone/ozone/hadoop-ozone/integration-test/target/test-dir/MiniOzoneClusterImpl-43c44e75-c492-4a39-944e-601a0ff30632/datanode-7/data-0/containers/hdds/43c44e75-c492-4a39-944e-601a0ff30632/DS-41ad6962-c942-4fa6-85c3-e7e39f86c953/container.db for volume DS-41ad6962-c942-4fa6-85c3-e7e39f86c953
2024-01-29 07:42:31,360 [f6f0dadf-556e-42a8-b6d8-b99280d4e6cc-EndpointStateMachineTaskThread-/0.0.0.0:15091-0 ] INFO  volume.ThrottledAsyncChecker (ThrottledAsyncChecker.java:schedule(141)) - Scheduling a check for /home/runner/work/ozone/ozone/hadoop-ozone/integration-test/target/test-dir/MiniOzoneClusterImpl-43c44e75-c492-4a39-944e-601a0ff30632/datanode-7/data-0/containers/hdds
2024-01-29 07:42:31,360 [f6f0dadf-556e-42a8-b6d8-b99280d4e6cc-EndpointStateMachineTaskThread-/0.0.0.0:15091-0 ] INFO  volume.StorageVolumeChecker (StorageVolumeChecker.java:checkAllVolumes(218)) - Scheduled health check for volume /home/runner/work/ozone/ozone/hadoop-ozone/integration-test/target/test-dir/MiniOzoneClusterImpl-43c44e75-c492-4a39-944e-601a0ff30632/datanode-7/data-0/containers/hdds
2024-01-29 07:42:31,362 [f6f0dadf-556e-42a8-b6d8-b99280d4e6cc-EndpointStateMachineTaskThread-/0.0.0.0:15091-0 ] INFO  volume.ThrottledAsyncChecker (ThrottledAsyncChecker.java:schedule(141)) - Scheduling a check for /home/runner/work/ozone/ozone/hadoop-ozone/integration-test/target/test-dir/MiniOzoneClusterImpl-43c44e75-c492-4a39-944e-601a0ff30632/datanode-7/data/ratis
2024-01-29 07:42:31,362 [f6f0dadf-556e-42a8-b6d8-b99280d4e6cc-EndpointStateMachineTaskThread-/0.0.0.0:15091-0 ] INFO  volume.StorageVolumeChecker (StorageVolumeChecker.java:checkAllVolumes(218)) - Scheduled health check for volume /home/runner/work/ozone/ozone/hadoop-ozone/integration-test/target/test-dir/MiniOzoneClusterImpl-43c44e75-c492-4a39-944e-601a0ff30632/datanode-7/data/ratis
2024-01-29 07:42:31,363 [f6f0dadf-556e-42a8-b6d8-b99280d4e6cc-EndpointStateMachineTaskThread-/0.0.0.0:15091-0 ] INFO  ozoneimpl.OzoneContainer (OzoneContainer.java:start(457)) - Attempting to start container services.
2024-01-29 07:42:31,363 [f6f0dadf-556e-42a8-b6d8-b99280d4e6cc-EndpointStateMachineTaskThread-/0.0.0.0:15091-0 ] INFO  ozoneimpl.OzoneContainer (OzoneContainer.java:startContainerScrub(339)) - Scheduled background container scanners and the on-demand container scanner have been disabled.
2024-01-29 07:42:31,363 [f6f0dadf-556e-42a8-b6d8-b99280d4e6cc-EndpointStateMachineTaskThread-/0.0.0.0:15091-0 ] INFO  replication.ReplicationServer (ReplicationServer.java:start(139)) - ReplicationServer is started using port 15168
2024-01-29 07:42:31,363 [f6f0dadf-556e-42a8-b6d8-b99280d4e6cc-EndpointStateMachineTaskThread-/0.0.0.0:15091-0 ] INFO  ratis.XceiverServerRatis (XceiverServerRatis.java:start(566)) - Starting XceiverServerRatis f6f0dadf-556e-42a8-b6d8-b99280d4e6cc
2024-01-29 07:42:31,364 [f6f0dadf-556e-42a8-b6d8-b99280d4e6cc-EndpointStateMachineTaskThread-/0.0.0.0:15091-0 ] INFO  server.RaftServer (RaftServerProxy.java:startImpl(406)) - f6f0dadf-556e-42a8-b6d8-b99280d4e6cc: start RPC server
2024-01-29 07:42:31,364 [f6f0dadf-556e-42a8-b6d8-b99280d4e6cc-EndpointStateMachineTaskThread-/0.0.0.0:15091-0 ] INFO  server.GrpcService (GrpcService.java:startImpl(302)) - f6f0dadf-556e-42a8-b6d8-b99280d4e6cc: GrpcService started, listening on 15164
2024-01-29 07:42:31,365 [f6f0dadf-556e-42a8-b6d8-b99280d4e6cc-EndpointStateMachineTaskThread-/0.0.0.0:15091-0 ] INFO  server.GrpcService (GrpcService.java:startImpl(302)) - f6f0dadf-556e-42a8-b6d8-b99280d4e6cc: GrpcService started, listening on 15166
2024-01-29 07:42:31,365 [f6f0dadf-556e-42a8-b6d8-b99280d4e6cc-EndpointStateMachineTaskThread-/0.0.0.0:15091-0 ] INFO  server.GrpcService (GrpcService.java:startImpl(302)) - f6f0dadf-556e-42a8-b6d8-b99280d4e6cc: GrpcService started, listening on 15165
2024-01-29 07:42:31,365 [f6f0dadf-556e-42a8-b6d8-b99280d4e6cc-EndpointStateMachineTaskThread-/0.0.0.0:15091-0 ] INFO  ratis.XceiverServerRatis (XceiverServerRatis.java:getRealPort(592)) - XceiverServerRatis f6f0dadf-556e-42a8-b6d8-b99280d4e6cc is started using port 15164 for RATIS
2024-01-29 07:42:31,365 [f6f0dadf-556e-42a8-b6d8-b99280d4e6cc-EndpointStateMachineTaskThread-/0.0.0.0:15091-0 ] INFO  ratis.XceiverServerRatis (XceiverServerRatis.java:getRealPort(592)) - XceiverServerRatis f6f0dadf-556e-42a8-b6d8-b99280d4e6cc is started using port 15165 for RATIS_ADMIN
2024-01-29 07:42:31,365 [f6f0dadf-556e-42a8-b6d8-b99280d4e6cc-EndpointStateMachineTaskThread-/0.0.0.0:15091-0 ] INFO  ratis.XceiverServerRatis (XceiverServerRatis.java:getRealPort(592)) - XceiverServerRatis f6f0dadf-556e-42a8-b6d8-b99280d4e6cc is started using port 15166 for RATIS_SERVER
2024-01-29 07:42:31,365 [f6f0dadf-556e-42a8-b6d8-b99280d4e6cc-EndpointStateMachineTaskThread-/0.0.0.0:15091-0 ] INFO  ratis.XceiverServerRatis (XceiverServerRatis.java:getRealPort(592)) - XceiverServerRatis f6f0dadf-556e-42a8-b6d8-b99280d4e6cc is started using port 15167 for RATIS_DATASTREAM
2024-01-29 07:42:31,365 [JvmPauseMonitor20] INFO  util.JvmPauseMonitor (JvmPauseMonitor.java:run(146)) - JvmPauseMonitor-f6f0dadf-556e-42a8-b6d8-b99280d4e6cc: Started
2024-01-29 07:42:31,366 [f6f0dadf-556e-42a8-b6d8-b99280d4e6cc-BlockDeletingService#0] INFO  interfaces.ContainerDeletionChoosingPolicyTemplate (ContainerDeletionChoosingPolicyTemplate.java:chooseContainerForBlockDeletion(85)) - Chosen 0/5000 blocks from 0 candidate containers.
2024-01-29 07:42:31,459 [main] INFO  ozone.MiniOzoneClusterImpl (MiniOzoneClusterImpl.java:lambda$waitForClusterToBeReady$0(229)) - Waiting for nodes to be ready. Got 0 of 9 DN Heartbeats.
2024-01-29 07:42:31,459 [main] INFO  ozone.MiniOzoneClusterImpl (MiniOzoneClusterImpl.java:lambda$waitForClusterToBeReady$0(232)) - Waiting for cluster to exit safe mode
2024-01-29 07:42:31,459 [main] INFO  ozone.MiniOzoneClusterImpl (MiniOzoneClusterImpl.java:lambda$waitForClusterToBeReady$0(234)) - SCM became leader
2024-01-29 07:42:31,487 [1256e137-4a60-4c2e-839e-27e972a873fc-EndpointStateMachineTaskThread-/0.0.0.0:15091-0 ] INFO  utils.DatanodeStoreCache (DatanodeStoreCache.java:addDB(72)) - Added db /home/runner/work/ozone/ozone/hadoop-ozone/integration-test/target/test-dir/MiniOzoneClusterImpl-43c44e75-c492-4a39-944e-601a0ff30632/datanode-8/data-0/containers/hdds/43c44e75-c492-4a39-944e-601a0ff30632/DS-fec1485e-eea6-49b6-b4d7-f789da4fb7fd/container.db to cache
2024-01-29 07:42:31,487 [1256e137-4a60-4c2e-839e-27e972a873fc-EndpointStateMachineTaskThread-/0.0.0.0:15091-0 ] INFO  volume.HddsVolume (HddsVolume.java:createDbStore(420)) - SchemaV3 db is created and loaded at /home/runner/work/ozone/ozone/hadoop-ozone/integration-test/target/test-dir/MiniOzoneClusterImpl-43c44e75-c492-4a39-944e-601a0ff30632/datanode-8/data-0/containers/hdds/43c44e75-c492-4a39-944e-601a0ff30632/DS-fec1485e-eea6-49b6-b4d7-f789da4fb7fd/container.db for volume DS-fec1485e-eea6-49b6-b4d7-f789da4fb7fd
2024-01-29 07:42:31,488 [1256e137-4a60-4c2e-839e-27e972a873fc-EndpointStateMachineTaskThread-/0.0.0.0:15091-0 ] INFO  volume.ThrottledAsyncChecker (ThrottledAsyncChecker.java:schedule(141)) - Scheduling a check for /home/runner/work/ozone/ozone/hadoop-ozone/integration-test/target/test-dir/MiniOzoneClusterImpl-43c44e75-c492-4a39-944e-601a0ff30632/datanode-8/data-0/containers/hdds
2024-01-29 07:42:31,488 [1256e137-4a60-4c2e-839e-27e972a873fc-EndpointStateMachineTaskThread-/0.0.0.0:15091-0 ] INFO  volume.StorageVolumeChecker (StorageVolumeChecker.java:checkAllVolumes(218)) - Scheduled health check for volume /home/runner/work/ozone/ozone/hadoop-ozone/integration-test/target/test-dir/MiniOzoneClusterImpl-43c44e75-c492-4a39-944e-601a0ff30632/datanode-8/data-0/containers/hdds
2024-01-29 07:42:31,490 [1256e137-4a60-4c2e-839e-27e972a873fc-EndpointStateMachineTaskThread-/0.0.0.0:15091-0 ] INFO  volume.ThrottledAsyncChecker (ThrottledAsyncChecker.java:schedule(141)) - Scheduling a check for /home/runner/work/ozone/ozone/hadoop-ozone/integration-test/target/test-dir/MiniOzoneClusterImpl-43c44e75-c492-4a39-944e-601a0ff30632/datanode-8/data/ratis
2024-01-29 07:42:31,491 [1256e137-4a60-4c2e-839e-27e972a873fc-EndpointStateMachineTaskThread-/0.0.0.0:15091-0 ] INFO  volume.StorageVolumeChecker (StorageVolumeChecker.java:checkAllVolumes(218)) - Scheduled health check for volume /home/runner/work/ozone/ozone/hadoop-ozone/integration-test/target/test-dir/MiniOzoneClusterImpl-43c44e75-c492-4a39-944e-601a0ff30632/datanode-8/data/ratis
2024-01-29 07:42:31,491 [1256e137-4a60-4c2e-839e-27e972a873fc-EndpointStateMachineTaskThread-/0.0.0.0:15091-0 ] INFO  ozoneimpl.OzoneContainer (OzoneContainer.java:start(457)) - Attempting to start container services.
2024-01-29 07:42:31,492 [1256e137-4a60-4c2e-839e-27e972a873fc-EndpointStateMachineTaskThread-/0.0.0.0:15091-0 ] INFO  ozoneimpl.OzoneContainer (OzoneContainer.java:startContainerScrub(339)) - Scheduled background container scanners and the on-demand container scanner have been disabled.
2024-01-29 07:42:31,492 [1256e137-4a60-4c2e-839e-27e972a873fc-EndpointStateMachineTaskThread-/0.0.0.0:15091-0 ] INFO  replication.ReplicationServer (ReplicationServer.java:start(139)) - ReplicationServer is started using port 15177
2024-01-29 07:42:31,492 [1256e137-4a60-4c2e-839e-27e972a873fc-EndpointStateMachineTaskThread-/0.0.0.0:15091-0 ] INFO  ratis.XceiverServerRatis (XceiverServerRatis.java:start(566)) - Starting XceiverServerRatis 1256e137-4a60-4c2e-839e-27e972a873fc
2024-01-29 07:42:31,492 [1256e137-4a60-4c2e-839e-27e972a873fc-EndpointStateMachineTaskThread-/0.0.0.0:15091-0 ] INFO  server.RaftServer (RaftServerProxy.java:startImpl(406)) - 1256e137-4a60-4c2e-839e-27e972a873fc: start RPC server
2024-01-29 07:42:31,493 [1256e137-4a60-4c2e-839e-27e972a873fc-EndpointStateMachineTaskThread-/0.0.0.0:15091-0 ] INFO  server.GrpcService (GrpcService.java:startImpl(302)) - 1256e137-4a60-4c2e-839e-27e972a873fc: GrpcService started, listening on 15173
2024-01-29 07:42:31,493 [1256e137-4a60-4c2e-839e-27e972a873fc-EndpointStateMachineTaskThread-/0.0.0.0:15091-0 ] INFO  server.GrpcService (GrpcService.java:startImpl(302)) - 1256e137-4a60-4c2e-839e-27e972a873fc: GrpcService started, listening on 15175
2024-01-29 07:42:31,493 [1256e137-4a60-4c2e-839e-27e972a873fc-EndpointStateMachineTaskThread-/0.0.0.0:15091-0 ] INFO  server.GrpcService (GrpcService.java:startImpl(302)) - 1256e137-4a60-4c2e-839e-27e972a873fc: GrpcService started, listening on 15174
2024-01-29 07:42:31,493 [1256e137-4a60-4c2e-839e-27e972a873fc-EndpointStateMachineTaskThread-/0.0.0.0:15091-0 ] INFO  ratis.XceiverServerRatis (XceiverServerRatis.java:getRealPort(592)) - XceiverServerRatis 1256e137-4a60-4c2e-839e-27e972a873fc is started using port 15173 for RATIS
2024-01-29 07:42:31,493 [JvmPauseMonitor21] INFO  util.JvmPauseMonitor (JvmPauseMonitor.java:run(146)) - JvmPauseMonitor-1256e137-4a60-4c2e-839e-27e972a873fc: Started
2024-01-29 07:42:31,493 [1256e137-4a60-4c2e-839e-27e972a873fc-EndpointStateMachineTaskThread-/0.0.0.0:15091-0 ] INFO  ratis.XceiverServerRatis (XceiverServerRatis.java:getRealPort(592)) - XceiverServerRatis 1256e137-4a60-4c2e-839e-27e972a873fc is started using port 15174 for RATIS_ADMIN
2024-01-29 07:42:31,494 [1256e137-4a60-4c2e-839e-27e972a873fc-EndpointStateMachineTaskThread-/0.0.0.0:15091-0 ] INFO  ratis.XceiverServerRatis (XceiverServerRatis.java:getRealPort(592)) - XceiverServerRatis 1256e137-4a60-4c2e-839e-27e972a873fc is started using port 15175 for RATIS_SERVER
2024-01-29 07:42:31,494 [1256e137-4a60-4c2e-839e-27e972a873fc-EndpointStateMachineTaskThread-/0.0.0.0:15091-0 ] INFO  ratis.XceiverServerRatis (XceiverServerRatis.java:getRealPort(592)) - XceiverServerRatis 1256e137-4a60-4c2e-839e-27e972a873fc is started using port 15176 for RATIS_DATASTREAM
2024-01-29 07:42:31,494 [1256e137-4a60-4c2e-839e-27e972a873fc-BlockDeletingService#0] INFO  interfaces.ContainerDeletionChoosingPolicyTemplate (ContainerDeletionChoosingPolicyTemplate.java:chooseContainerForBlockDeletion(85)) - Chosen 0/5000 blocks from 0 candidate containers.
2024-01-29 07:42:32,460 [main] INFO  ozone.MiniOzoneClusterImpl (MiniOzoneClusterImpl.java:lambda$waitForClusterToBeReady$0(229)) - Waiting for nodes to be ready. Got 0 of 9 DN Heartbeats.
2024-01-29 07:42:32,460 [main] INFO  ozone.MiniOzoneClusterImpl (MiniOzoneClusterImpl.java:lambda$waitForClusterToBeReady$0(232)) - Waiting for cluster to exit safe mode
2024-01-29 07:42:32,460 [main] INFO  ozone.MiniOzoneClusterImpl (MiniOzoneClusterImpl.java:lambda$waitForClusterToBeReady$0(234)) - SCM became leader
2024-01-29 07:42:32,492 [IPC Server handler 4 on default port 15091] INFO  net.NetworkTopologyImpl (NetworkTopologyImpl.java:add(124)) - Added a new node: /default-rack/65bc286e-59a3-42df-af3f-c8e10564c4d1
2024-01-29 07:42:32,492 [IPC Server handler 4 on default port 15091] INFO  node.SCMNodeManager (SCMNodeManager.java:register(421)) - Registered datanode: 65bc286e-59a3-42df-af3f-c8e10564c4d1{ip: 10.1.0.7, host: fv-az571-724.sssw3dgiwi1e5jwxh1zizygaca.bx.internal.cloudapp.net, ports: [HTTP=15098, CLIENT_RPC=15099, REPLICATION=15105, RATIS=15101, RATIS_ADMIN=15102, RATIS_SERVER=15103, RATIS_DATASTREAM=15104, STANDALONE=15100], networkLocation: /default-rack, certSerialId: null, persistedOpState: null, persistedOpStateExpiryEpochSec: 0}
2024-01-29 07:42:32,495 [EventQueue-NewNodeForNewNodeHandler] INFO  pipeline.BackgroundPipelineCreator (BackgroundPipelineCreator.java:notifyEventTriggered(280)) - trigger a one-shot run on RatisPipelineUtilsThread.
2024-01-29 07:42:32,495 [EventQueue-NodeRegistrationContainerReportForDataNodeSafeModeRule] INFO  safemode.SCMSafeModeManager (DataNodeSafeModeRule.java:process(71)) - SCM in safe mode. 1 DataNodes registered, 3 required.
2024-01-29 07:42:32,495 [RatisPipelineUtilsThread-0] INFO  pipeline.RatisPipelineProvider (RatisPipelineProvider.java:lambda$create$0(206)) - Sending CreatePipelineCommand for pipeline:PipelineID=2db310db-6416-4ac7-be97-de309f5b06a8 to datanode:65bc286e-59a3-42df-af3f-c8e10564c4d1
2024-01-29 07:42:32,495 [EventQueue-NodeRegistrationContainerReportForContainerSafeModeRule] INFO  safemode.SCMSafeModeManager (SCMSafeModeManager.java:validateSafeModeExitRules(200)) - ContainerSafeModeRule rule is successfully validated
2024-01-29 07:42:32,497 [EventQueue-PipelineReportForOneReplicaPipelineSafeModeRule] INFO  safemode.SCMSafeModeManager (SCMSafeModeManager.java:validateSafeModeExitRules(200)) - AtleastOneDatanodeReportedRule rule is successfully validated
2024-01-29 07:42:32,502 [RatisPipelineUtilsThread-0] INFO  pipeline.BackgroundPipelineCreator (BackgroundPipelineCreator.java:createPipelines(236)) - Created new pipeline Pipeline[ Id: 2db310db-6416-4ac7-be97-de309f5b06a8, Nodes: 65bc286e-59a3-42df-af3f-c8e10564c4d1(fv-az571-724.sssw3dgiwi1e5jwxh1zizygaca.bx.internal.cloudapp.net/10.1.0.7), ReplicationConfig: RATIS/ONE, State:ALLOCATED, leaderId:, CreationTimestamp2024-01-29T07:42:32.495Z[Etc/UTC]]
2024-01-29 07:42:32,621 [IPC Server handler 3 on default port 15091] INFO  net.NetworkTopologyImpl (NetworkTopologyImpl.java:add(124)) - Added a new node: /default-rack/eea2313d-992f-4b5d-9e13-b8d80714ad2c
2024-01-29 07:42:32,621 [IPC Server handler 3 on default port 15091] INFO  node.SCMNodeManager (SCMNodeManager.java:register(421)) - Registered datanode: eea2313d-992f-4b5d-9e13-b8d80714ad2c{ip: 10.1.0.7, host: fv-az571-724.sssw3dgiwi1e5jwxh1zizygaca.bx.internal.cloudapp.net, ports: [HTTP=15107, CLIENT_RPC=15108, REPLICATION=15114, RATIS=15110, RATIS_ADMIN=15111, RATIS_SERVER=15112, RATIS_DATASTREAM=15113, STANDALONE=15109], networkLocation: /default-rack, certSerialId: null, persistedOpState: null, persistedOpStateExpiryEpochSec: 0}
2024-01-29 07:42:32,622 [EventQueue-NodeRegistrationContainerReportForDataNodeSafeModeRule] INFO  safemode.SCMSafeModeManager (DataNodeSafeModeRule.java:process(71)) - SCM in safe mode. 2 DataNodes registered, 3 required.
2024-01-29 07:42:32,623 [EventQueue-NewNodeForNewNodeHandler] INFO  pipeline.BackgroundPipelineCreator (BackgroundPipelineCreator.java:notifyEventTriggered(280)) - trigger a one-shot run on RatisPipelineUtilsThread.
2024-01-29 07:42:32,623 [RatisPipelineUtilsThread-0] INFO  pipeline.RatisPipelineProvider (RatisPipelineProvider.java:lambda$create$0(206)) - Sending CreatePipelineCommand for pipeline:PipelineID=daa11740-1b98-4787-b47f-4ae5113352a7 to datanode:eea2313d-992f-4b5d-9e13-b8d80714ad2c
2024-01-29 07:42:32,624 [RatisPipelineUtilsThread-0] INFO  pipeline.BackgroundPipelineCreator (BackgroundPipelineCreator.java:createPipelines(236)) - Created new pipeline Pipeline[ Id: daa11740-1b98-4787-b47f-4ae5113352a7, Nodes: eea2313d-992f-4b5d-9e13-b8d80714ad2c(fv-az571-724.sssw3dgiwi1e5jwxh1zizygaca.bx.internal.cloudapp.net/10.1.0.7), ReplicationConfig: RATIS/ONE, State:ALLOCATED, leaderId:, CreationTimestamp2024-01-29T07:42:32.623Z[Etc/UTC]]
2024-01-29 07:42:32,749 [IPC Server handler 8 on default port 15091] INFO  net.NetworkTopologyImpl (NetworkTopologyImpl.java:add(124)) - Added a new node: /default-rack/0ce2b046-143e-42c7-a174-539311f5349e
2024-01-29 07:42:32,749 [IPC Server handler 8 on default port 15091] INFO  node.SCMNodeManager (SCMNodeManager.java:register(421)) - Registered datanode: 0ce2b046-143e-42c7-a174-539311f5349e{ip: 10.1.0.7, host: fv-az571-724.sssw3dgiwi1e5jwxh1zizygaca.bx.internal.cloudapp.net, ports: [HTTP=15116, CLIENT_RPC=15117, REPLICATION=15123, RATIS=15119, RATIS_ADMIN=15120, RATIS_SERVER=15121, RATIS_DATASTREAM=15122, STANDALONE=15118], networkLocation: /default-rack, certSerialId: null, persistedOpState: null, persistedOpStateExpiryEpochSec: 0}
2024-01-29 07:42:32,749 [EventQueue-NewNodeForNewNodeHandler] INFO  pipeline.BackgroundPipelineCreator (BackgroundPipelineCreator.java:notifyEventTriggered(280)) - trigger a one-shot run on RatisPipelineUtilsThread.
2024-01-29 07:42:32,750 [EventQueue-NodeRegistrationContainerReportForDataNodeSafeModeRule] INFO  safemode.SCMSafeModeManager (DataNodeSafeModeRule.java:process(71)) - SCM in safe mode. 3 DataNodes registered, 3 required.
2024-01-29 07:42:32,751 [EventQueue-NodeRegistrationContainerReportForDataNodeSafeModeRule] INFO  safemode.SCMSafeModeManager (SCMSafeModeManager.java:validateSafeModeExitRules(200)) - DataNodeSafeModeRule rule is successfully validated
2024-01-29 07:42:32,751 [EventQueue-NodeRegistrationContainerReportForDataNodeSafeModeRule] INFO  safemode.SCMSafeModeManager (SCMSafeModeManager.java:completePreCheck(229)) - All SCM safe mode pre check rules have passed
2024-01-29 07:42:32,751 [EventQueue-NodeRegistrationContainerReportForDataNodeSafeModeRule] INFO  ha.SCMContext (SCMContext.java:updateSafeModeStatus(230)) - Update SafeModeStatus from SafeModeStatus{safeModeStatus=true, preCheckPassed=false} to SafeModeStatus{safeModeStatus=true, preCheckPassed=true}.
2024-01-29 07:42:32,751 [EventQueue-NodeRegistrationContainerReportForDataNodeSafeModeRule] INFO  pipeline.BackgroundPipelineCreator (BackgroundPipelineCreator.java:notifyEventTriggered(280)) - trigger a one-shot run on RatisPipelineUtilsThread.
2024-01-29 07:42:32,752 [RatisPipelineUtilsThread-0] INFO  pipeline.RatisPipelineProvider (RatisPipelineProvider.java:lambda$create$0(206)) - Sending CreatePipelineCommand for pipeline:PipelineID=c9bfcb0e-a82b-421b-92d6-7cef0c69c9bf to datanode:0ce2b046-143e-42c7-a174-539311f5349e
2024-01-29 07:42:32,753 [RatisPipelineUtilsThread-0] INFO  pipeline.BackgroundPipelineCreator (BackgroundPipelineCreator.java:createPipelines(236)) - Created new pipeline Pipeline[ Id: c9bfcb0e-a82b-421b-92d6-7cef0c69c9bf, Nodes: 0ce2b046-143e-42c7-a174-539311f5349e(fv-az571-724.sssw3dgiwi1e5jwxh1zizygaca.bx.internal.cloudapp.net/10.1.0.7), ReplicationConfig: RATIS/ONE, State:ALLOCATED, leaderId:, CreationTimestamp2024-01-29T07:42:32.752Z[Etc/UTC]]
2024-01-29 07:42:32,753 [RatisPipelineUtilsThread-0] INFO  pipeline.RatisPipelineProvider (RatisPipelineProvider.java:lambda$create$0(206)) - Sending CreatePipelineCommand for pipeline:PipelineID=84966bc0-c9d3-4613-aee5-fa1d7534c04c to datanode:0ce2b046-143e-42c7-a174-539311f5349e
2024-01-29 07:42:32,753 [RatisPipelineUtilsThread-0] INFO  pipeline.RatisPipelineProvider (RatisPipelineProvider.java:lambda$create$0(206)) - Sending CreatePipelineCommand for pipeline:PipelineID=84966bc0-c9d3-4613-aee5-fa1d7534c04c to datanode:eea2313d-992f-4b5d-9e13-b8d80714ad2c
2024-01-29 07:42:32,753 [RatisPipelineUtilsThread-0] INFO  pipeline.RatisPipelineProvider (RatisPipelineProvider.java:lambda$create$0(206)) - Sending CreatePipelineCommand for pipeline:PipelineID=84966bc0-c9d3-4613-aee5-fa1d7534c04c to datanode:65bc286e-59a3-42df-af3f-c8e10564c4d1
2024-01-29 07:42:32,754 [RatisPipelineUtilsThread-0] INFO  pipeline.BackgroundPipelineCreator (BackgroundPipelineCreator.java:createPipelines(236)) - Created new pipeline Pipeline[ Id: 84966bc0-c9d3-4613-aee5-fa1d7534c04c, Nodes: 0ce2b046-143e-42c7-a174-539311f5349e(fv-az571-724.sssw3dgiwi1e5jwxh1zizygaca.bx.internal.cloudapp.net/10.1.0.7)eea2313d-992f-4b5d-9e13-b8d80714ad2c(fv-az571-724.sssw3dgiwi1e5jwxh1zizygaca.bx.internal.cloudapp.net/10.1.0.7)65bc286e-59a3-42df-af3f-c8e10564c4d1(fv-az571-724.sssw3dgiwi1e5jwxh1zizygaca.bx.internal.cloudapp.net/10.1.0.7), ReplicationConfig: RATIS/THREE, State:ALLOCATED, leaderId:, CreationTimestamp2024-01-29T07:42:32.753Z[Etc/UTC]]
2024-01-29 07:42:32,861 [IPC Server handler 0 on default port 15091] INFO  net.NetworkTopologyImpl (NetworkTopologyImpl.java:add(124)) - Added a new node: /default-rack/d4227e66-29fb-4e8c-95fa-da42bedd0d48
2024-01-29 07:42:32,861 [IPC Server handler 0 on default port 15091] INFO  node.SCMNodeManager (SCMNodeManager.java:register(421)) - Registered datanode: d4227e66-29fb-4e8c-95fa-da42bedd0d48{ip: 10.1.0.7, host: fv-az571-724.sssw3dgiwi1e5jwxh1zizygaca.bx.internal.cloudapp.net, ports: [HTTP=15125, CLIENT_RPC=15126, REPLICATION=15132, RATIS=15128, RATIS_ADMIN=15129, RATIS_SERVER=15130, RATIS_DATASTREAM=15131, STANDALONE=15127], networkLocation: /default-rack, certSerialId: null, persistedOpState: null, persistedOpStateExpiryEpochSec: 0}
2024-01-29 07:42:32,862 [EventQueue-NewNodeForNewNodeHandler] INFO  pipeline.BackgroundPipelineCreator (BackgroundPipelineCreator.java:notifyEventTriggered(280)) - trigger a one-shot run on RatisPipelineUtilsThread.
2024-01-29 07:42:32,862 [RatisPipelineUtilsThread-0] INFO  pipeline.RatisPipelineProvider (RatisPipelineProvider.java:lambda$create$0(206)) - Sending CreatePipelineCommand for pipeline:PipelineID=09b08d91-6932-4c97-b9bb-322c76eb552b to datanode:d4227e66-29fb-4e8c-95fa-da42bedd0d48
2024-01-29 07:42:32,863 [RatisPipelineUtilsThread-0] INFO  pipeline.BackgroundPipelineCreator (BackgroundPipelineCreator.java:createPipelines(236)) - Created new pipeline Pipeline[ Id: 09b08d91-6932-4c97-b9bb-322c76eb552b, Nodes: d4227e66-29fb-4e8c-95fa-da42bedd0d48(fv-az571-724.sssw3dgiwi1e5jwxh1zizygaca.bx.internal.cloudapp.net/10.1.0.7), ReplicationConfig: RATIS/ONE, State:ALLOCATED, leaderId:, CreationTimestamp2024-01-29T07:42:32.862Z[Etc/UTC]]
2024-01-29 07:42:32,983 [IPC Server handler 1 on default port 15091] INFO  net.NetworkTopologyImpl (NetworkTopologyImpl.java:add(124)) - Added a new node: /default-rack/f3d36f04-bccd-4be2-9dc2-ceae52659d99
2024-01-29 07:42:32,984 [IPC Server handler 1 on default port 15091] INFO  node.SCMNodeManager (SCMNodeManager.java:register(421)) - Registered datanode: f3d36f04-bccd-4be2-9dc2-ceae52659d99{ip: 10.1.0.7, host: fv-az571-724.sssw3dgiwi1e5jwxh1zizygaca.bx.internal.cloudapp.net, ports: [HTTP=15134, CLIENT_RPC=15135, REPLICATION=15141, RATIS=15137, RATIS_ADMIN=15138, RATIS_SERVER=15139, RATIS_DATASTREAM=15140, STANDALONE=15136], networkLocation: /default-rack, certSerialId: null, persistedOpState: null, persistedOpStateExpiryEpochSec: 0}
2024-01-29 07:42:32,984 [EventQueue-NewNodeForNewNodeHandler] INFO  pipeline.BackgroundPipelineCreator (BackgroundPipelineCreator.java:notifyEventTriggered(280)) - trigger a one-shot run on RatisPipelineUtilsThread.
2024-01-29 07:42:32,985 [RatisPipelineUtilsThread-0] INFO  pipeline.RatisPipelineProvider (RatisPipelineProvider.java:lambda$create$0(206)) - Sending CreatePipelineCommand for pipeline:PipelineID=3a3c8cca-a880-4645-94de-7586a75cb6d7 to datanode:f3d36f04-bccd-4be2-9dc2-ceae52659d99
2024-01-29 07:42:32,985 [RatisPipelineUtilsThread-0] INFO  pipeline.BackgroundPipelineCreator (BackgroundPipelineCreator.java:createPipelines(236)) - Created new pipeline Pipeline[ Id: 3a3c8cca-a880-4645-94de-7586a75cb6d7, Nodes: f3d36f04-bccd-4be2-9dc2-ceae52659d99(fv-az571-724.sssw3dgiwi1e5jwxh1zizygaca.bx.internal.cloudapp.net/10.1.0.7), ReplicationConfig: RATIS/ONE, State:ALLOCATED, leaderId:, CreationTimestamp2024-01-29T07:42:32.985Z[Etc/UTC]]
2024-01-29 07:42:33,087 [IPC Server handler 2 on default port 15091] INFO  net.NetworkTopologyImpl (NetworkTopologyImpl.java:add(124)) - Added a new node: /default-rack/aaaecba4-dc3a-4434-b0f1-479f09acdbc3
2024-01-29 07:42:33,088 [IPC Server handler 2 on default port 15091] INFO  node.SCMNodeManager (SCMNodeManager.java:register(421)) - Registered datanode: aaaecba4-dc3a-4434-b0f1-479f09acdbc3{ip: 10.1.0.7, host: fv-az571-724.sssw3dgiwi1e5jwxh1zizygaca.bx.internal.cloudapp.net, ports: [HTTP=15143, CLIENT_RPC=15144, REPLICATION=15150, RATIS=15146, RATIS_ADMIN=15147, RATIS_SERVER=15148, RATIS_DATASTREAM=15149, STANDALONE=15145], networkLocation: /default-rack, certSerialId: null, persistedOpState: null, persistedOpStateExpiryEpochSec: 0}
2024-01-29 07:42:33,088 [EventQueue-NewNodeForNewNodeHandler] INFO  pipeline.BackgroundPipelineCreator (BackgroundPipelineCreator.java:notifyEventTriggered(280)) - trigger a one-shot run on RatisPipelineUtilsThread.
2024-01-29 07:42:33,088 [RatisPipelineUtilsThread-0] INFO  pipeline.RatisPipelineProvider (RatisPipelineProvider.java:lambda$create$0(206)) - Sending CreatePipelineCommand for pipeline:PipelineID=ce6f691a-3061-4d05-8b69-d88f6401edd2 to datanode:aaaecba4-dc3a-4434-b0f1-479f09acdbc3
2024-01-29 07:42:33,089 [RatisPipelineUtilsThread-0] INFO  pipeline.BackgroundPipelineCreator (BackgroundPipelineCreator.java:createPipelines(236)) - Created new pipeline Pipeline[ Id: ce6f691a-3061-4d05-8b69-d88f6401edd2, Nodes: aaaecba4-dc3a-4434-b0f1-479f09acdbc3(fv-az571-724.sssw3dgiwi1e5jwxh1zizygaca.bx.internal.cloudapp.net/10.1.0.7), ReplicationConfig: RATIS/ONE, State:ALLOCATED, leaderId:, CreationTimestamp2024-01-29T07:42:33.088Z[Etc/UTC]]
2024-01-29 07:42:33,090 [RatisPipelineUtilsThread-0] INFO  pipeline.RatisPipelineProvider (RatisPipelineProvider.java:lambda$create$0(206)) - Sending CreatePipelineCommand for pipeline:PipelineID=7c817f05-8ba5-4455-bbe1-55eb5d85a497 to datanode:d4227e66-29fb-4e8c-95fa-da42bedd0d48
2024-01-29 07:42:33,090 [RatisPipelineUtilsThread-0] INFO  pipeline.RatisPipelineProvider (RatisPipelineProvider.java:lambda$create$0(206)) - Sending CreatePipelineCommand for pipeline:PipelineID=7c817f05-8ba5-4455-bbe1-55eb5d85a497 to datanode:f3d36f04-bccd-4be2-9dc2-ceae52659d99
2024-01-29 07:42:33,090 [RatisPipelineUtilsThread-0] INFO  pipeline.RatisPipelineProvider (RatisPipelineProvider.java:lambda$create$0(206)) - Sending CreatePipelineCommand for pipeline:PipelineID=7c817f05-8ba5-4455-bbe1-55eb5d85a497 to datanode:aaaecba4-dc3a-4434-b0f1-479f09acdbc3
2024-01-29 07:42:33,090 [RatisPipelineUtilsThread-0] INFO  pipeline.BackgroundPipelineCreator (BackgroundPipelineCreator.java:createPipelines(236)) - Created new pipeline Pipeline[ Id: 7c817f05-8ba5-4455-bbe1-55eb5d85a497, Nodes: d4227e66-29fb-4e8c-95fa-da42bedd0d48(fv-az571-724.sssw3dgiwi1e5jwxh1zizygaca.bx.internal.cloudapp.net/10.1.0.7)f3d36f04-bccd-4be2-9dc2-ceae52659d99(fv-az571-724.sssw3dgiwi1e5jwxh1zizygaca.bx.internal.cloudapp.net/10.1.0.7)aaaecba4-dc3a-4434-b0f1-479f09acdbc3(fv-az571-724.sssw3dgiwi1e5jwxh1zizygaca.bx.internal.cloudapp.net/10.1.0.7), ReplicationConfig: RATIS/THREE, State:ALLOCATED, leaderId:, CreationTimestamp2024-01-29T07:42:33.090Z[Etc/UTC]]
2024-01-29 07:42:33,199 [IPC Server handler 7 on default port 15091] INFO  net.NetworkTopologyImpl (NetworkTopologyImpl.java:add(124)) - Added a new node: /default-rack/4014a93b-65b2-4fad-85e3-f269d9ce0515
2024-01-29 07:42:33,199 [IPC Server handler 7 on default port 15091] INFO  node.SCMNodeManager (SCMNodeManager.java:register(421)) - Registered datanode: 4014a93b-65b2-4fad-85e3-f269d9ce0515{ip: 10.1.0.7, host: fv-az571-724.sssw3dgiwi1e5jwxh1zizygaca.bx.internal.cloudapp.net, ports: [HTTP=15152, CLIENT_RPC=15153, REPLICATION=15159, RATIS=15155, RATIS_ADMIN=15156, RATIS_SERVER=15157, RATIS_DATASTREAM=15158, STANDALONE=15154], networkLocation: /default-rack, certSerialId: null, persistedOpState: null, persistedOpStateExpiryEpochSec: 0}
2024-01-29 07:42:33,199 [EventQueue-NewNodeForNewNodeHandler] INFO  pipeline.BackgroundPipelineCreator (BackgroundPipelineCreator.java:notifyEventTriggered(280)) - trigger a one-shot run on RatisPipelineUtilsThread.
2024-01-29 07:42:33,200 [RatisPipelineUtilsThread-0] INFO  pipeline.RatisPipelineProvider (RatisPipelineProvider.java:lambda$create$0(206)) - Sending CreatePipelineCommand for pipeline:PipelineID=3bd9dfdd-18fa-4adf-bc8f-c3e4d582e014 to datanode:4014a93b-65b2-4fad-85e3-f269d9ce0515
2024-01-29 07:42:33,201 [RatisPipelineUtilsThread-0] INFO  pipeline.BackgroundPipelineCreator (BackgroundPipelineCreator.java:createPipelines(236)) - Created new pipeline Pipeline[ Id: 3bd9dfdd-18fa-4adf-bc8f-c3e4d582e014, Nodes: 4014a93b-65b2-4fad-85e3-f269d9ce0515(fv-az571-724.sssw3dgiwi1e5jwxh1zizygaca.bx.internal.cloudapp.net/10.1.0.7), ReplicationConfig: RATIS/ONE, State:ALLOCATED, leaderId:, CreationTimestamp2024-01-29T07:42:33.200Z[Etc/UTC]]
2024-01-29 07:42:33,340 [IPC Server handler 5 on default port 15091] INFO  net.NetworkTopologyImpl (NetworkTopologyImpl.java:add(124)) - Added a new node: /default-rack/f6f0dadf-556e-42a8-b6d8-b99280d4e6cc
2024-01-29 07:42:33,340 [IPC Server handler 5 on default port 15091] INFO  node.SCMNodeManager (SCMNodeManager.java:register(421)) - Registered datanode: f6f0dadf-556e-42a8-b6d8-b99280d4e6cc{ip: 10.1.0.7, host: fv-az571-724.sssw3dgiwi1e5jwxh1zizygaca.bx.internal.cloudapp.net, ports: [HTTP=15161, CLIENT_RPC=15162, REPLICATION=15168, RATIS=15164, RATIS_ADMIN=15165, RATIS_SERVER=15166, RATIS_DATASTREAM=15167, STANDALONE=15163], networkLocation: /default-rack, certSerialId: null, persistedOpState: null, persistedOpStateExpiryEpochSec: 0}
2024-01-29 07:42:33,341 [EventQueue-NewNodeForNewNodeHandler] INFO  pipeline.BackgroundPipelineCreator (BackgroundPipelineCreator.java:notifyEventTriggered(280)) - trigger a one-shot run on RatisPipelineUtilsThread.
2024-01-29 07:42:33,341 [RatisPipelineUtilsThread-0] INFO  pipeline.RatisPipelineProvider (RatisPipelineProvider.java:lambda$create$0(206)) - Sending CreatePipelineCommand for pipeline:PipelineID=a66cae9d-107b-4d0b-914b-135acd05c6da to datanode:f6f0dadf-556e-42a8-b6d8-b99280d4e6cc
2024-01-29 07:42:33,342 [RatisPipelineUtilsThread-0] INFO  pipeline.BackgroundPipelineCreator (BackgroundPipelineCreator.java:createPipelines(236)) - Created new pipeline Pipeline[ Id: a66cae9d-107b-4d0b-914b-135acd05c6da, Nodes: f6f0dadf-556e-42a8-b6d8-b99280d4e6cc(fv-az571-724.sssw3dgiwi1e5jwxh1zizygaca.bx.internal.cloudapp.net/10.1.0.7), ReplicationConfig: RATIS/ONE, State:ALLOCATED, leaderId:, CreationTimestamp2024-01-29T07:42:33.341Z[Etc/UTC]]
2024-01-29 07:42:33,460 [main] INFO  ozone.MiniOzoneClusterImpl (MiniOzoneClusterImpl.java:lambda$waitForClusterToBeReady$0(229)) - Waiting for nodes to be ready. Got 8 of 9 DN Heartbeats.
2024-01-29 07:42:33,461 [main] INFO  ozone.MiniOzoneClusterImpl (MiniOzoneClusterImpl.java:lambda$waitForClusterToBeReady$0(232)) - Waiting for cluster to exit safe mode
2024-01-29 07:42:33,461 [main] INFO  ozone.MiniOzoneClusterImpl (MiniOzoneClusterImpl.java:lambda$waitForClusterToBeReady$0(234)) - SCM became leader
2024-01-29 07:42:33,463 [IPC Server handler 4 on default port 15091] INFO  net.NetworkTopologyImpl (NetworkTopologyImpl.java:add(124)) - Added a new node: /default-rack/1256e137-4a60-4c2e-839e-27e972a873fc
2024-01-29 07:42:33,463 [IPC Server handler 4 on default port 15091] INFO  node.SCMNodeManager (SCMNodeManager.java:register(421)) - Registered datanode: 1256e137-4a60-4c2e-839e-27e972a873fc{ip: 10.1.0.7, host: fv-az571-724.sssw3dgiwi1e5jwxh1zizygaca.bx.internal.cloudapp.net, ports: [HTTP=15170, CLIENT_RPC=15171, REPLICATION=15177, RATIS=15173, RATIS_ADMIN=15174, RATIS_SERVER=15175, RATIS_DATASTREAM=15176, STANDALONE=15172], networkLocation: /default-rack, certSerialId: null, persistedOpState: null, persistedOpStateExpiryEpochSec: 0}
2024-01-29 07:42:33,463 [EventQueue-NewNodeForNewNodeHandler] INFO  pipeline.BackgroundPipelineCreator (BackgroundPipelineCreator.java:notifyEventTriggered(280)) - trigger a one-shot run on RatisPipelineUtilsThread.
2024-01-29 07:42:33,464 [RatisPipelineUtilsThread-0] INFO  pipeline.RatisPipelineProvider (RatisPipelineProvider.java:lambda$create$0(206)) - Sending CreatePipelineCommand for pipeline:PipelineID=a2b308f8-2ea7-4854-bba5-c61435db6ca8 to datanode:1256e137-4a60-4c2e-839e-27e972a873fc
2024-01-29 07:42:33,464 [RatisPipelineUtilsThread-0] INFO  pipeline.BackgroundPipelineCreator (BackgroundPipelineCreator.java:createPipelines(236)) - Created new pipeline Pipeline[ Id: a2b308f8-2ea7-4854-bba5-c61435db6ca8, Nodes: 1256e137-4a60-4c2e-839e-27e972a873fc(fv-az571-724.sssw3dgiwi1e5jwxh1zizygaca.bx.internal.cloudapp.net/10.1.0.7), ReplicationConfig: RATIS/ONE, State:ALLOCATED, leaderId:, CreationTimestamp2024-01-29T07:42:33.464Z[Etc/UTC]]
2024-01-29 07:42:33,465 [RatisPipelineUtilsThread-0] INFO  pipeline.RatisPipelineProvider (RatisPipelineProvider.java:lambda$create$0(206)) - Sending CreatePipelineCommand for pipeline:PipelineID=08ad69f3-d3a1-4e51-8ac6-300c9206ce33 to datanode:4014a93b-65b2-4fad-85e3-f269d9ce0515
2024-01-29 07:42:33,465 [RatisPipelineUtilsThread-0] INFO  pipeline.RatisPipelineProvider (RatisPipelineProvider.java:lambda$create$0(206)) - Sending CreatePipelineCommand for pipeline:PipelineID=08ad69f3-d3a1-4e51-8ac6-300c9206ce33 to datanode:1256e137-4a60-4c2e-839e-27e972a873fc
2024-01-29 07:42:33,465 [RatisPipelineUtilsThread-0] INFO  pipeline.RatisPipelineProvider (RatisPipelineProvider.java:lambda$create$0(206)) - Sending CreatePipelineCommand for pipeline:PipelineID=08ad69f3-d3a1-4e51-8ac6-300c9206ce33 to datanode:f6f0dadf-556e-42a8-b6d8-b99280d4e6cc
2024-01-29 07:42:33,465 [RatisPipelineUtilsThread-0] INFO  pipeline.BackgroundPipelineCreator (BackgroundPipelineCreator.java:createPipelines(236)) - Created new pipeline Pipeline[ Id: 08ad69f3-d3a1-4e51-8ac6-300c9206ce33, Nodes: 4014a93b-65b2-4fad-85e3-f269d9ce0515(fv-az571-724.sssw3dgiwi1e5jwxh1zizygaca.bx.internal.cloudapp.net/10.1.0.7)1256e137-4a60-4c2e-839e-27e972a873fc(fv-az571-724.sssw3dgiwi1e5jwxh1zizygaca.bx.internal.cloudapp.net/10.1.0.7)f6f0dadf-556e-42a8-b6d8-b99280d4e6cc(fv-az571-724.sssw3dgiwi1e5jwxh1zizygaca.bx.internal.cloudapp.net/10.1.0.7), ReplicationConfig: RATIS/THREE, State:ALLOCATED, leaderId:, CreationTimestamp2024-01-29T07:42:33.465Z[Etc/UTC]]
2024-01-29 07:42:34,461 [main] INFO  ozone.MiniOzoneClusterImpl (MiniOzoneClusterImpl.java:lambda$waitForClusterToBeReady$0(229)) - Nodes are ready. Got 9 of 9 DN Heartbeats.
2024-01-29 07:42:34,461 [main] INFO  ozone.MiniOzoneClusterImpl (MiniOzoneClusterImpl.java:lambda$waitForClusterToBeReady$0(232)) - Waiting for cluster to exit safe mode
2024-01-29 07:42:34,461 [main] INFO  ozone.MiniOzoneClusterImpl (MiniOzoneClusterImpl.java:lambda$waitForClusterToBeReady$0(234)) - SCM became leader
2024-01-29 07:42:35,462 [main] INFO  ozone.MiniOzoneClusterImpl (MiniOzoneClusterImpl.java:lambda$waitForClusterToBeReady$0(229)) - Nodes are ready. Got 9 of 9 DN Heartbeats.
2024-01-29 07:42:35,462 [main] INFO  ozone.MiniOzoneClusterImpl (MiniOzoneClusterImpl.java:lambda$waitForClusterToBeReady$0(232)) - Waiting for cluster to exit safe mode
2024-01-29 07:42:35,462 [main] INFO  ozone.MiniOzoneClusterImpl (MiniOzoneClusterImpl.java:lambda$waitForClusterToBeReady$0(234)) - SCM became leader
2024-01-29 07:42:35,491 [65bc286e-59a3-42df-af3f-c8e10564c4d1-PipelineCommandHandlerThread-0] INFO  server.RaftServer (RaftServerProxy.java:addNew(100)) - 65bc286e-59a3-42df-af3f-c8e10564c4d1: addNew group-DE309F5B06A8:[65bc286e-59a3-42df-af3f-c8e10564c4d1|10.1.0.7:15103] returns group-DE309F5B06A8:java.util.concurrent.CompletableFuture@17c98419[Not completed]
2024-01-29 07:42:35,492 [65bc286e-59a3-42df-af3f-c8e10564c4d1-groupManagement] INFO  server.RaftServer$Division (RaftServerImpl.java:<init>(256)) - 65bc286e-59a3-42df-af3f-c8e10564c4d1: new RaftServerImpl for group-DE309F5B06A8:[65bc286e-59a3-42df-af3f-c8e10564c4d1|10.1.0.7:15103] with ContainerStateMachine:uninitialized
2024-01-29 07:42:35,492 [65bc286e-59a3-42df-af3f-c8e10564c4d1-groupManagement] INFO  server.RaftServerConfigKeys (ConfUtils.java:logGet(46)) - raft.server.rpc.timeout.min = 5s (custom)
2024-01-29 07:42:35,492 [65bc286e-59a3-42df-af3f-c8e10564c4d1-groupManagement] INFO  server.RaftServerConfigKeys (ConfUtils.java:logGet(46)) - raft.server.rpc.timeout.max = 5200ms (custom)
2024-01-29 07:42:35,492 [65bc286e-59a3-42df-af3f-c8e10564c4d1-groupManagement] INFO  server.RaftServerConfigKeys (ConfUtils.java:logGet(46)) - raft.server.rpc.sleep.time = 25ms (default)
2024-01-29 07:42:35,492 [65bc286e-59a3-42df-af3f-c8e10564c4d1-groupManagement] INFO  server.RaftServerConfigKeys (ConfUtils.java:logGet(46)) - raft.server.rpc.slowness.timeout = 300000ms (custom)
2024-01-29 07:42:35,492 [65bc286e-59a3-42df-af3f-c8e10564c4d1-groupManagement] INFO  server.RaftServerConfigKeys (ConfUtils.java:logGet(46)) - raft.server.leaderelection.leader.step-down.wait-time = 10s (default)
2024-01-29 07:42:35,492 [65bc286e-59a3-42df-af3f-c8e10564c4d1-groupManagement] INFO  server.RaftServerConfigKeys (ConfUtils.java:logGet(46)) - raft.server.leaderelection.member.majority-add = false (default)
2024-01-29 07:42:35,492 [65bc286e-59a3-42df-af3f-c8e10564c4d1-groupManagement] INFO  server.RaftServerConfigKeys (ConfUtils.java:logGet(46)) - raft.server.sleep.deviation.threshold = 300ms (default)
2024-01-29 07:42:35,493 [65bc286e-59a3-42df-af3f-c8e10564c4d1-groupManagement] INFO  server.RaftServer$Division (ServerState.java:<init>(113)) - 65bc286e-59a3-42df-af3f-c8e10564c4d1@group-DE309F5B06A8: ConfigurationManager, init=-1: peers:[65bc286e-59a3-42df-af3f-c8e10564c4d1|10.1.0.7:15103]|listeners:[], old=null, confs=<EMPTY_MAP>
2024-01-29 07:42:35,493 [65bc286e-59a3-42df-af3f-c8e10564c4d1-groupManagement] INFO  server.RaftServerConfigKeys (ConfUtils.java:logGet(46)) - raft.server.notification.no-leader.timeout = 300000ms (custom)
2024-01-29 07:42:35,493 [65bc286e-59a3-42df-af3f-c8e10564c4d1-groupManagement] INFO  server.RaftServerConfigKeys (ConfUtils.java:logGet(46)) - raft.server.read.timeout = 10s (default)
2024-01-29 07:42:35,493 [65bc286e-59a3-42df-af3f-c8e10564c4d1-groupManagement] INFO  server.RaftServerConfigKeys (ConfUtils.java:logGet(46)) - raft.server.retrycache.expirytime = 600000ms (custom)
2024-01-29 07:42:35,493 [65bc286e-59a3-42df-af3f-c8e10564c4d1-groupManagement] INFO  server.RaftServerConfigKeys (ConfUtils.java:logGet(46)) - raft.server.retrycache.statistics.expirytime = 100ms (default)
2024-01-29 07:42:35,493 [65bc286e-59a3-42df-af3f-c8e10564c4d1-groupManagement] INFO  server.RaftServerConfigKeys (ConfUtils.java:logGet(46)) - raft.server.read.option = DEFAULT (default)
2024-01-29 07:42:35,493 [65bc286e-59a3-42df-af3f-c8e10564c4d1-groupManagement] INFO  server.RaftServerConfigKeys (ConfUtils.java:logGet(46)) - raft.server.read.read-after-write-consistent.write-index-cache.expiry-time = 60s (default)
2024-01-29 07:42:35,495 [65bc286e-59a3-42df-af3f-c8e10564c4d1-groupManagement] INFO  server.RaftServerConfigKeys (ConfUtils.java:logGet(46)) - raft.server.rpc.request.timeout = 3000ms (default)
2024-01-29 07:42:35,495 [65bc286e-59a3-42df-af3f-c8e10564c4d1-groupManagement] INFO  server.RaftServerConfigKeys (ConfUtils.java:logGet(46)) - raft.server.log.appender.install.snapshot.enabled = false (custom)
2024-01-29 07:42:35,495 [65bc286e-59a3-42df-af3f-c8e10564c4d1-groupManagement] INFO  server.RaftServerConfigKeys (ConfUtils.java:logGet(46)) - raft.server.threadpool.server.cached = true (default)
2024-01-29 07:42:35,495 [65bc286e-59a3-42df-af3f-c8e10564c4d1-groupManagement] INFO  server.RaftServerConfigKeys (ConfUtils.java:logGet(46)) - raft.server.threadpool.server.size = 0 (default)
2024-01-29 07:42:35,496 [65bc286e-59a3-42df-af3f-c8e10564c4d1-groupManagement] INFO  server.RaftServerConfigKeys (ConfUtils.java:logGet(46)) - raft.server.threadpool.client.cached = true (default)
2024-01-29 07:42:35,496 [65bc286e-59a3-42df-af3f-c8e10564c4d1-groupManagement] INFO  server.RaftServerConfigKeys (ConfUtils.java:logGet(46)) - raft.server.threadpool.client.size = 0 (default)
2024-01-29 07:42:35,496 [65bc286e-59a3-42df-af3f-c8e10564c4d1-groupManagement] INFO  server.RaftServerConfigKeys (ConfUtils.java:logGet(46)) - raft.server.storage.free-space.min = 0MB (=0) (default)
2024-01-29 07:42:35,496 [65bc286e-59a3-42df-af3f-c8e10564c4d1-groupManagement] INFO  server.RaftServerConfigKeys (ConfUtils.java:logGet(46)) - raft.server.log.corruption.policy = EXCEPTION (default)
2024-01-29 07:42:35,496 [65bc286e-59a3-42df-af3f-c8e10564c4d1-groupManagement] INFO  server.RaftServerConfigKeys (ConfUtils.java:logGet(46)) - raft.server.storage.dir = [/home/runner/work/ozone/ozone/hadoop-ozone/integration-test/target/test-dir/MiniOzoneClusterImpl-43c44e75-c492-4a39-944e-601a0ff30632/datanode-0/data/ratis] (custom)
2024-01-29 07:42:35,496 [65bc286e-59a3-42df-af3f-c8e10564c4d1-groupManagement] INFO  storage.RaftStorageDirectory (RaftStorageDirectoryImpl.java:analyzeStorage(138)) - The storage directory /home/runner/work/ozone/ozone/hadoop-ozone/integration-test/target/test-dir/MiniOzoneClusterImpl-43c44e75-c492-4a39-944e-601a0ff30632/datanode-0/data/ratis/2db310db-6416-4ac7-be97-de309f5b06a8 does not exist. Creating ...
2024-01-29 07:42:35,497 [65bc286e-59a3-42df-af3f-c8e10564c4d1-groupManagement] INFO  storage.RaftStorageDirectory (RaftStorageDirectoryImpl.java:tryLock(228)) - Lock on /home/runner/work/ozone/ozone/hadoop-ozone/integration-test/target/test-dir/MiniOzoneClusterImpl-43c44e75-c492-4a39-944e-601a0ff30632/datanode-0/data/ratis/2db310db-6416-4ac7-be97-de309f5b06a8/in_use.lock acquired by nodename 37616@fv-az571-724
2024-01-29 07:42:35,499 [65bc286e-59a3-42df-af3f-c8e10564c4d1-groupManagement] INFO  storage.RaftStorage (RaftStorageImpl.java:format(99)) - Storage directory /home/runner/work/ozone/ozone/hadoop-ozone/integration-test/target/test-dir/MiniOzoneClusterImpl-43c44e75-c492-4a39-944e-601a0ff30632/datanode-0/data/ratis/2db310db-6416-4ac7-be97-de309f5b06a8 has been successfully formatted.
2024-01-29 07:42:35,499 [65bc286e-59a3-42df-af3f-c8e10564c4d1-groupManagement] WARN  util.FileUtils (LogUtils.java:supplyAndLog(63)) - Failed to Files.newInputStream /home/runner/work/ozone/ozone/hadoop-ozone/integration-test/target/test-dir/MiniOzoneClusterImpl-43c44e75-c492-4a39-944e-601a0ff30632/datanode-0/data/ratis/2db310db-6416-4ac7-be97-de309f5b06a8/current/raft-meta.conf with options []: java.nio.file.NoSuchFileException: /home/runner/work/ozone/ozone/hadoop-ozone/integration-test/target/test-dir/MiniOzoneClusterImpl-43c44e75-c492-4a39-944e-601a0ff30632/datanode-0/data/ratis/2db310db-6416-4ac7-be97-de309f5b06a8/current/raft-meta.conf
2024-01-29 07:42:35,500 [65bc286e-59a3-42df-af3f-c8e10564c4d1-groupManagement] INFO  ratis.ContainerStateMachine (ContainerStateMachine.java:loadSnapshot(287)) - group-DE309F5B06A8: The snapshot info is null. Setting the last applied index to:(t:0, i:~)
2024-01-29 07:42:35,500 [65bc286e-59a3-42df-af3f-c8e10564c4d1-groupManagement] INFO  server.RaftServerConfigKeys (ConfUtils.java:logGet(46)) - raft.server.log.use.memory = false (default)
2024-01-29 07:42:35,500 [65bc286e-59a3-42df-af3f-c8e10564c4d1-groupManagement] INFO  server.RaftServerConfigKeys (ConfUtils.java:logGet(46)) - raft.server.log.purge.gap = 1000000 (custom)
2024-01-29 07:42:35,500 [65bc286e-59a3-42df-af3f-c8e10564c4d1-groupManagement] INFO  server.RaftServerConfigKeys (ConfUtils.java:logGet(46)) - raft.server.log.appender.buffer.byte-limit = 8388608 (custom)
2024-01-29 07:42:35,500 [65bc286e-59a3-42df-af3f-c8e10564c4d1-groupManagement] INFO  server.RaftServerConfigKeys (ConfUtils.java:logGet(46)) - raft.server.log.statemachine.data.read.timeout = 1000ms (default)
2024-01-29 07:42:35,500 [65bc286e-59a3-42df-af3f-c8e10564c4d1-groupManagement] INFO  server.RaftServerConfigKeys (ConfUtils.java:logGet(46)) - raft.server.log.purge.preservation.log.num = 0 (default)
2024-01-29 07:42:35,502 [EventQueue-PipelineReportForPipelineReportHandler] INFO  pipeline.PipelineReportHandler (PipelineReportHandler.java:processPipelineReport(136)) - Opened pipeline PipelineID=2db310db-6416-4ac7-be97-de309f5b06a8
2024-01-29 07:42:35,504 [EventQueue-OpenPipelineForHealthyPipelineSafeModeRule] INFO  safemode.SCMSafeModeManager (HealthyPipelineSafeModeRule.java:process(140)) - SCM in safe mode. Healthy pipelines reported count is 0, required healthy pipeline reported count is 1
2024-01-29 07:42:35,504 [65bc286e-59a3-42df-af3f-c8e10564c4d1-groupManagement] INFO  server.RaftServerConfigKeys (ConfUtils.java:logGet(46)) - raft.server.log.segment.size.max = 67108864 (custom)
2024-01-29 07:42:35,505 [65bc286e-59a3-42df-af3f-c8e10564c4d1-groupManagement] INFO  server.RaftServerConfigKeys (ConfUtils.java:logGet(46)) - raft.server.log.segment.cache.num.max = 2 (custom)
2024-01-29 07:42:35,505 [65bc286e-59a3-42df-af3f-c8e10564c4d1-groupManagement] INFO  server.RaftServerConfigKeys (ConfUtils.java:logGet(46)) - raft.server.log.segment.cache.size.max = 200MB (=209715200) (default)
2024-01-29 07:42:35,505 [65bc286e-59a3-42df-af3f-c8e10564c4d1-groupManagement] INFO  server.RaftServerConfigKeys (ConfUtils.java:logGet(46)) - raft.server.log.appender.buffer.byte-limit = 8388608 (custom)
2024-01-29 07:42:35,505 [65bc286e-59a3-42df-af3f-c8e10564c4d1-groupManagement] INFO  util.AwaitToRun (AwaitToRun.java:start(81)) - Thread[65bc286e-59a3-42df-af3f-c8e10564c4d1@group-DE309F5B06A8-cacheEviction-AwaitToRun,5,main] started
2024-01-29 07:42:35,505 [65bc286e-59a3-42df-af3f-c8e10564c4d1-groupManagement] INFO  segmented.SegmentedRaftLogWorker (SegmentedRaftLogWorker.java:<init>(182)) - new 65bc286e-59a3-42df-af3f-c8e10564c4d1@group-DE309F5B06A8-SegmentedRaftLogWorker for RaftStorageImpl:Storage Directory /home/runner/work/ozone/ozone/hadoop-ozone/integration-test/target/test-dir/MiniOzoneClusterImpl-43c44e75-c492-4a39-944e-601a0ff30632/datanode-0/data/ratis/2db310db-6416-4ac7-be97-de309f5b06a8
2024-01-29 07:42:35,505 [65bc286e-59a3-42df-af3f-c8e10564c4d1-groupManagement] INFO  server.RaftServerConfigKeys (ConfUtils.java:logGet(46)) - raft.server.log.queue.byte-limit = 4294967296 (custom)
2024-01-29 07:42:35,505 [65bc286e-59a3-42df-af3f-c8e10564c4d1-groupManagement] INFO  server.RaftServerConfigKeys (ConfUtils.java:logGet(46)) - raft.server.log.queue.element-limit = 1024 (custom)
2024-01-29 07:42:35,505 [65bc286e-59a3-42df-af3f-c8e10564c4d1-groupManagement] INFO  server.RaftServerConfigKeys (ConfUtils.java:logGet(46)) - raft.server.log.segment.size.max = 67108864 (custom)
2024-01-29 07:42:35,505 [65bc286e-59a3-42df-af3f-c8e10564c4d1-groupManagement] INFO  server.RaftServerConfigKeys (ConfUtils.java:logGet(46)) - raft.server.log.preallocated.size = 4194304 (custom)
2024-01-29 07:42:35,505 [65bc286e-59a3-42df-af3f-c8e10564c4d1-groupManagement] INFO  server.RaftServerConfigKeys (ConfUtils.java:logGet(46)) - raft.server.log.force.sync.num = 128 (default)
2024-01-29 07:42:35,506 [65bc286e-59a3-42df-af3f-c8e10564c4d1-groupManagement] INFO  server.RaftServerConfigKeys (ConfUtils.java:logGet(46)) - raft.server.log.statemachine.data.sync = true (default)
2024-01-29 07:42:35,506 [65bc286e-59a3-42df-af3f-c8e10564c4d1-groupManagement] INFO  server.RaftServerConfigKeys (ConfUtils.java:logGet(46)) - raft.server.log.statemachine.data.sync.timeout = 10s (default)
2024-01-29 07:42:35,506 [65bc286e-59a3-42df-af3f-c8e10564c4d1-groupManagement] INFO  server.RaftServerConfigKeys (ConfUtils.java:logGet(46)) - raft.server.log.statemachine.data.sync.timeout.retry = 0 (custom)
2024-01-29 07:42:35,506 [65bc286e-59a3-42df-af3f-c8e10564c4d1-groupManagement] INFO  server.RaftServerConfigKeys (ConfUtils.java:logGet(46)) - raft.server.log.write.buffer.size = 8388616 (custom)
2024-01-29 07:42:35,507 [65bc286e-59a3-42df-af3f-c8e10564c4d1-groupManagement] INFO  server.RaftServerConfigKeys (ConfUtils.java:logGet(46)) - raft.server.log.appender.buffer.byte-limit = 8388608 (custom)
2024-01-29 07:42:35,508 [65bc286e-59a3-42df-af3f-c8e10564c4d1-groupManagement] INFO  server.RaftServerConfigKeys (ConfUtils.java:logGet(46)) - raft.server.log.unsafe-flush.enabled = false (default)
2024-01-29 07:42:35,508 [65bc286e-59a3-42df-af3f-c8e10564c4d1-groupManagement] INFO  server.RaftServerConfigKeys (ConfUtils.java:logGet(46)) - raft.server.log.async-flush.enabled = false (default)
2024-01-29 07:42:35,508 [65bc286e-59a3-42df-af3f-c8e10564c4d1-groupManagement] INFO  server.RaftServerConfigKeys (ConfUtils.java:logGet(46)) - raft.server.log.statemachine.data.caching.enabled = true (custom)
2024-01-29 07:42:35,508 [65bc286e-59a3-42df-af3f-c8e10564c4d1-groupManagement] INFO  segmented.SegmentedRaftLogWorker (SegmentedRaftLogWorker.java:lambda$new$0(134)) - 65bc286e-59a3-42df-af3f-c8e10564c4d1@group-DE309F5B06A8-SegmentedRaftLogWorker: flushIndex: setUnconditionally 0 -> -1
2024-01-29 07:42:35,508 [65bc286e-59a3-42df-af3f-c8e10564c4d1-groupManagement] INFO  segmented.SegmentedRaftLogWorker (SegmentedRaftLogWorker.java:lambda$new$0(134)) - 65bc286e-59a3-42df-af3f-c8e10564c4d1@group-DE309F5B06A8-SegmentedRaftLogWorker: safeCacheEvictIndex: setUnconditionally 0 -> -1
2024-01-29 07:42:35,508 [65bc286e-59a3-42df-af3f-c8e10564c4d1-groupManagement] INFO  server.RaftServer$Division (RaftServerImpl.java:start(396)) - 65bc286e-59a3-42df-af3f-c8e10564c4d1@group-DE309F5B06A8: start as a follower, conf=-1: peers:[65bc286e-59a3-42df-af3f-c8e10564c4d1|10.1.0.7:15103]|listeners:[], old=null
2024-01-29 07:42:35,508 [65bc286e-59a3-42df-af3f-c8e10564c4d1-groupManagement] INFO  server.RaftServer$Division (RaftServerImpl.java:setRole(383)) - 65bc286e-59a3-42df-af3f-c8e10564c4d1@group-DE309F5B06A8: changes role from      null to FOLLOWER at term 0 for startAsFollower
2024-01-29 07:42:35,508 [65bc286e-59a3-42df-af3f-c8e10564c4d1-groupManagement] INFO  impl.RoleInfo (RoleInfo.java:updateAndGet(139)) - 65bc286e-59a3-42df-af3f-c8e10564c4d1: start 65bc286e-59a3-42df-af3f-c8e10564c4d1@group-DE309F5B06A8-FollowerState
2024-01-29 07:42:35,508 [65bc286e-59a3-42df-af3f-c8e10564c4d1@group-DE309F5B06A8-FollowerState] INFO  server.RaftServerConfigKeys (ConfUtils.java:logFallback(53)) - raft.server.rpc.first-election.timeout.min = 5s (fallback to raft.server.rpc.timeout.min)
2024-01-29 07:42:35,508 [65bc286e-59a3-42df-af3f-c8e10564c4d1-groupManagement] INFO  util.JmxRegister (JmxRegister.java:tryRegister(44)) - Successfully registered JMX Bean with object name Ratis:service=RaftServer,group=group-DE309F5B06A8,id=65bc286e-59a3-42df-af3f-c8e10564c4d1
2024-01-29 07:42:35,509 [65bc286e-59a3-42df-af3f-c8e10564c4d1@group-DE309F5B06A8-FollowerState] INFO  server.RaftServerConfigKeys (ConfUtils.java:logFallback(53)) - raft.server.rpc.first-election.timeout.max = 5200ms (fallback to raft.server.rpc.timeout.max)
2024-01-29 07:42:35,509 [65bc286e-59a3-42df-af3f-c8e10564c4d1-groupManagement] INFO  server.RaftServerConfigKeys (ConfUtils.java:logGet(46)) - raft.server.snapshot.trigger-when-stop.enabled = true (default)
2024-01-29 07:42:35,509 [65bc286e-59a3-42df-af3f-c8e10564c4d1-groupManagement] INFO  server.RaftServerConfigKeys (ConfUtils.java:logGet(46)) - raft.server.snapshot.auto.trigger.enabled = true (custom)
2024-01-29 07:42:35,509 [65bc286e-59a3-42df-af3f-c8e10564c4d1-groupManagement] INFO  server.RaftServerConfigKeys (ConfUtils.java:logGet(46)) - raft.server.snapshot.auto.trigger.threshold = 10000 (custom)
2024-01-29 07:42:35,509 [65bc286e-59a3-42df-af3f-c8e10564c4d1-groupManagement] INFO  server.RaftServerConfigKeys (ConfUtils.java:logGet(46)) - raft.server.snapshot.retention.file.num = 5 (custom)
2024-01-29 07:42:35,509 [65bc286e-59a3-42df-af3f-c8e10564c4d1-groupManagement] INFO  server.RaftServerConfigKeys (ConfUtils.java:logGet(46)) - raft.server.log.purge.upto.snapshot.index = false (default)
2024-01-29 07:42:35,510 [65bc286e-59a3-42df-af3f-c8e10564c4d1-PipelineCommandHandlerThread-0] INFO  ratis.XceiverServerRatis (XceiverServerRatis.java:addGroup(864)) - Created group PipelineID=2db310db-6416-4ac7-be97-de309f5b06a8
2024-01-29 07:42:35,510 [65bc286e-59a3-42df-af3f-c8e10564c4d1-PipelineCommandHandlerThread-0] INFO  commandhandler.CreatePipelineCommandHandler (CreatePipelineCommandHandler.java:lambda$handle$2(124)) - Created Pipeline RATIS ONE PipelineID=2db310db-6416-4ac7-be97-de309f5b06a8.
2024-01-29 07:42:35,510 [65bc286e-59a3-42df-af3f-c8e10564c4d1-PipelineCommandHandlerThread-0] INFO  server.RaftServer (RaftServerProxy.java:addNew(100)) - 65bc286e-59a3-42df-af3f-c8e10564c4d1: addNew group-FA1D7534C04C:[eea2313d-992f-4b5d-9e13-b8d80714ad2c|10.1.0.7:15112, 0ce2b046-143e-42c7-a174-539311f5349e|10.1.0.7:15121, 65bc286e-59a3-42df-af3f-c8e10564c4d1|10.1.0.7:15103] returns group-FA1D7534C04C:java.util.concurrent.CompletableFuture@13f60238[Not completed]
2024-01-29 07:42:35,511 [65bc286e-59a3-42df-af3f-c8e10564c4d1-groupManagement] INFO  server.RaftServer$Division (RaftServerImpl.java:<init>(256)) - 65bc286e-59a3-42df-af3f-c8e10564c4d1: new RaftServerImpl for group-FA1D7534C04C:[eea2313d-992f-4b5d-9e13-b8d80714ad2c|10.1.0.7:15112, 0ce2b046-143e-42c7-a174-539311f5349e|10.1.0.7:15121, 65bc286e-59a3-42df-af3f-c8e10564c4d1|10.1.0.7:15103] with ContainerStateMachine:uninitialized
2024-01-29 07:42:35,511 [65bc286e-59a3-42df-af3f-c8e10564c4d1-groupManagement] INFO  server.RaftServerConfigKeys (ConfUtils.java:logGet(46)) - raft.server.rpc.timeout.min = 5s (custom)
2024-01-29 07:42:35,511 [65bc286e-59a3-42df-af3f-c8e10564c4d1-groupManagement] INFO  server.RaftServerConfigKeys (ConfUtils.java:logGet(46)) - raft.server.rpc.timeout.max = 5200ms (custom)
2024-01-29 07:42:35,511 [65bc286e-59a3-42df-af3f-c8e10564c4d1-groupManagement] INFO  server.RaftServerConfigKeys (ConfUtils.java:logGet(46)) - raft.server.rpc.sleep.time = 25ms (default)
2024-01-29 07:42:35,511 [65bc286e-59a3-42df-af3f-c8e10564c4d1-groupManagement] INFO  server.RaftServerConfigKeys (ConfUtils.java:logGet(46)) - raft.server.rpc.slowness.timeout = 300000ms (custom)
2024-01-29 07:42:35,511 [65bc286e-59a3-42df-af3f-c8e10564c4d1-groupManagement] INFO  server.RaftServerConfigKeys (ConfUtils.java:logGet(46)) - raft.server.leaderelection.leader.step-down.wait-time = 10s (default)
2024-01-29 07:42:35,511 [65bc286e-59a3-42df-af3f-c8e10564c4d1-groupManagement] INFO  server.RaftServerConfigKeys (ConfUtils.java:logGet(46)) - raft.server.leaderelection.member.majority-add = false (default)
2024-01-29 07:42:35,511 [65bc286e-59a3-42df-af3f-c8e10564c4d1-groupManagement] INFO  server.RaftServerConfigKeys (ConfUtils.java:logGet(46)) - raft.server.sleep.deviation.threshold = 300ms (default)
2024-01-29 07:42:35,511 [65bc286e-59a3-42df-af3f-c8e10564c4d1-groupManagement] INFO  server.RaftServer$Division (ServerState.java:<init>(113)) - 65bc286e-59a3-42df-af3f-c8e10564c4d1@group-FA1D7534C04C: ConfigurationManager, init=-1: peers:[eea2313d-992f-4b5d-9e13-b8d80714ad2c|10.1.0.7:15112, 0ce2b046-143e-42c7-a174-539311f5349e|10.1.0.7:15121, 65bc286e-59a3-42df-af3f-c8e10564c4d1|10.1.0.7:15103]|listeners:[], old=null, confs=<EMPTY_MAP>
2024-01-29 07:42:35,511 [65bc286e-59a3-42df-af3f-c8e10564c4d1-groupManagement] INFO  server.RaftServerConfigKeys (ConfUtils.java:logGet(46)) - raft.server.notification.no-leader.timeout = 300000ms (custom)
2024-01-29 07:42:35,512 [65bc286e-59a3-42df-af3f-c8e10564c4d1-groupManagement] INFO  server.RaftServerConfigKeys (ConfUtils.java:logGet(46)) - raft.server.read.timeout = 10s (default)
2024-01-29 07:42:35,512 [65bc286e-59a3-42df-af3f-c8e10564c4d1-groupManagement] INFO  server.RaftServerConfigKeys (ConfUtils.java:logGet(46)) - raft.server.retrycache.expirytime = 600000ms (custom)
2024-01-29 07:42:35,512 [65bc286e-59a3-42df-af3f-c8e10564c4d1-groupManagement] INFO  server.RaftServerConfigKeys (ConfUtils.java:logGet(46)) - raft.server.retrycache.statistics.expirytime = 100ms (default)
2024-01-29 07:42:35,512 [65bc286e-59a3-42df-af3f-c8e10564c4d1-groupManagement] INFO  server.RaftServerConfigKeys (ConfUtils.java:logGet(46)) - raft.server.read.option = DEFAULT (default)
2024-01-29 07:42:35,512 [65bc286e-59a3-42df-af3f-c8e10564c4d1-groupManagement] INFO  server.RaftServerConfigKeys (ConfUtils.java:logGet(46)) - raft.server.read.read-after-write-consistent.write-index-cache.expiry-time = 60s (default)
2024-01-29 07:42:35,514 [65bc286e-59a3-42df-af3f-c8e10564c4d1-groupManagement] INFO  server.RaftServerConfigKeys (ConfUtils.java:logGet(46)) - raft.server.rpc.request.timeout = 3000ms (default)
2024-01-29 07:42:35,514 [65bc286e-59a3-42df-af3f-c8e10564c4d1-groupManagement] INFO  server.RaftServerConfigKeys (ConfUtils.java:logGet(46)) - raft.server.log.appender.install.snapshot.enabled = false (custom)
2024-01-29 07:42:35,514 [65bc286e-59a3-42df-af3f-c8e10564c4d1-groupManagement] INFO  server.RaftServerConfigKeys (ConfUtils.java:logGet(46)) - raft.server.threadpool.server.cached = true (default)
2024-01-29 07:42:35,514 [65bc286e-59a3-42df-af3f-c8e10564c4d1-groupManagement] INFO  server.RaftServerConfigKeys (ConfUtils.java:logGet(46)) - raft.server.threadpool.server.size = 0 (default)
2024-01-29 07:42:35,514 [65bc286e-59a3-42df-af3f-c8e10564c4d1-groupManagement] INFO  server.RaftServerConfigKeys (ConfUtils.java:logGet(46)) - raft.server.threadpool.client.cached = true (default)
2024-01-29 07:42:35,514 [65bc286e-59a3-42df-af3f-c8e10564c4d1-groupManagement] INFO  server.RaftServerConfigKeys (ConfUtils.java:logGet(46)) - raft.server.threadpool.client.size = 0 (default)
2024-01-29 07:42:35,514 [65bc286e-59a3-42df-af3f-c8e10564c4d1-groupManagement] INFO  server.RaftServerConfigKeys (ConfUtils.java:logGet(46)) - raft.server.storage.free-space.min = 0MB (=0) (default)
2024-01-29 07:42:35,514 [65bc286e-59a3-42df-af3f-c8e10564c4d1-groupManagement] INFO  server.RaftServerConfigKeys (ConfUtils.java:logGet(46)) - raft.server.log.corruption.policy = EXCEPTION (default)
2024-01-29 07:42:35,514 [65bc286e-59a3-42df-af3f-c8e10564c4d1-groupManagement] INFO  server.RaftServerConfigKeys (ConfUtils.java:logGet(46)) - raft.server.storage.dir = [/home/runner/work/ozone/ozone/hadoop-ozone/integration-test/target/test-dir/MiniOzoneClusterImpl-43c44e75-c492-4a39-944e-601a0ff30632/datanode-0/data/ratis] (custom)
2024-01-29 07:42:35,514 [65bc286e-59a3-42df-af3f-c8e10564c4d1-groupManagement] INFO  storage.RaftStorageDirectory (RaftStorageDirectoryImpl.java:analyzeStorage(138)) - The storage directory /home/runner/work/ozone/ozone/hadoop-ozone/integration-test/target/test-dir/MiniOzoneClusterImpl-43c44e75-c492-4a39-944e-601a0ff30632/datanode-0/data/ratis/84966bc0-c9d3-4613-aee5-fa1d7534c04c does not exist. Creating ...
2024-01-29 07:42:35,515 [65bc286e-59a3-42df-af3f-c8e10564c4d1-groupManagement] INFO  storage.RaftStorageDirectory (RaftStorageDirectoryImpl.java:tryLock(228)) - Lock on /home/runner/work/ozone/ozone/hadoop-ozone/integration-test/target/test-dir/MiniOzoneClusterImpl-43c44e75-c492-4a39-944e-601a0ff30632/datanode-0/data/ratis/84966bc0-c9d3-4613-aee5-fa1d7534c04c/in_use.lock acquired by nodename 37616@fv-az571-724
2024-01-29 07:42:35,516 [65bc286e-59a3-42df-af3f-c8e10564c4d1-groupManagement] INFO  storage.RaftStorage (RaftStorageImpl.java:format(99)) - Storage directory /home/runner/work/ozone/ozone/hadoop-ozone/integration-test/target/test-dir/MiniOzoneClusterImpl-43c44e75-c492-4a39-944e-601a0ff30632/datanode-0/data/ratis/84966bc0-c9d3-4613-aee5-fa1d7534c04c has been successfully formatted.
2024-01-29 07:42:35,516 [65bc286e-59a3-42df-af3f-c8e10564c4d1-groupManagement] WARN  util.FileUtils (LogUtils.java:supplyAndLog(63)) - Failed to Files.newInputStream /home/runner/work/ozone/ozone/hadoop-ozone/integration-test/target/test-dir/MiniOzoneClusterImpl-43c44e75-c492-4a39-944e-601a0ff30632/datanode-0/data/ratis/84966bc0-c9d3-4613-aee5-fa1d7534c04c/current/raft-meta.conf with options []: java.nio.file.NoSuchFileException: /home/runner/work/ozone/ozone/hadoop-ozone/integration-test/target/test-dir/MiniOzoneClusterImpl-43c44e75-c492-4a39-944e-601a0ff30632/datanode-0/data/ratis/84966bc0-c9d3-4613-aee5-fa1d7534c04c/current/raft-meta.conf
2024-01-29 07:42:35,517 [65bc286e-59a3-42df-af3f-c8e10564c4d1-groupManagement] INFO  ratis.ContainerStateMachine (ContainerStateMachine.java:loadSnapshot(287)) - group-FA1D7534C04C: The snapshot info is null. Setting the last applied index to:(t:0, i:~)
2024-01-29 07:42:35,517 [65bc286e-59a3-42df-af3f-c8e10564c4d1-groupManagement] INFO  server.RaftServerConfigKeys (ConfUtils.java:logGet(46)) - raft.server.log.use.memory = false (default)
2024-01-29 07:42:35,517 [65bc286e-59a3-42df-af3f-c8e10564c4d1-groupManagement] INFO  server.RaftServerConfigKeys (ConfUtils.java:logGet(46)) - raft.server.log.purge.gap = 1000000 (custom)
2024-01-29 07:42:35,517 [65bc286e-59a3-42df-af3f-c8e10564c4d1-groupManagement] INFO  server.RaftServerConfigKeys (ConfUtils.java:logGet(46)) - raft.server.log.appender.buffer.byte-limit = 8388608 (custom)
2024-01-29 07:42:35,517 [65bc286e-59a3-42df-af3f-c8e10564c4d1-groupManagement] INFO  server.RaftServerConfigKeys (ConfUtils.java:logGet(46)) - raft.server.log.statemachine.data.read.timeout = 1000ms (default)
2024-01-29 07:42:35,517 [65bc286e-59a3-42df-af3f-c8e10564c4d1-groupManagement] INFO  server.RaftServerConfigKeys (ConfUtils.java:logGet(46)) - raft.server.log.purge.preservation.log.num = 0 (default)
2024-01-29 07:42:35,518 [EventQueue-OpenPipelineForHealthyPipelineSafeModeRule] INFO  safemode.SCMSafeModeManager (HealthyPipelineSafeModeRule.java:process(140)) - SCM in safe mode. Healthy pipelines reported count is 0, required healthy pipeline reported count is 1
2024-01-29 07:42:35,518 [65bc286e-59a3-42df-af3f-c8e10564c4d1-groupManagement] INFO  server.RaftServerConfigKeys (ConfUtils.java:logGet(46)) - raft.server.log.segment.size.max = 67108864 (custom)
2024-01-29 07:42:35,518 [65bc286e-59a3-42df-af3f-c8e10564c4d1-groupManagement] INFO  server.RaftServerConfigKeys (ConfUtils.java:logGet(46)) - raft.server.log.segment.cache.num.max = 2 (custom)
2024-01-29 07:42:35,519 [65bc286e-59a3-42df-af3f-c8e10564c4d1-groupManagement] INFO  server.RaftServerConfigKeys (ConfUtils.java:logGet(46)) - raft.server.log.segment.cache.size.max = 200MB (=209715200) (default)
2024-01-29 07:42:35,519 [65bc286e-59a3-42df-af3f-c8e10564c4d1-groupManagement] INFO  server.RaftServerConfigKeys (ConfUtils.java:logGet(46)) - raft.server.log.appender.buffer.byte-limit = 8388608 (custom)
2024-01-29 07:42:35,519 [65bc286e-59a3-42df-af3f-c8e10564c4d1-groupManagement] INFO  util.AwaitToRun (AwaitToRun.java:start(81)) - Thread[65bc286e-59a3-42df-af3f-c8e10564c4d1@group-FA1D7534C04C-cacheEviction-AwaitToRun,5,main] started
2024-01-29 07:42:35,519 [65bc286e-59a3-42df-af3f-c8e10564c4d1-groupManagement] INFO  segmented.SegmentedRaftLogWorker (SegmentedRaftLogWorker.java:<init>(182)) - new 65bc286e-59a3-42df-af3f-c8e10564c4d1@group-FA1D7534C04C-SegmentedRaftLogWorker for RaftStorageImpl:Storage Directory /home/runner/work/ozone/ozone/hadoop-ozone/integration-test/target/test-dir/MiniOzoneClusterImpl-43c44e75-c492-4a39-944e-601a0ff30632/datanode-0/data/ratis/84966bc0-c9d3-4613-aee5-fa1d7534c04c
2024-01-29 07:42:35,519 [65bc286e-59a3-42df-af3f-c8e10564c4d1-groupManagement] INFO  server.RaftServerConfigKeys (ConfUtils.java:logGet(46)) - raft.server.log.queue.byte-limit = 4294967296 (custom)
2024-01-29 07:42:35,519 [65bc286e-59a3-42df-af3f-c8e10564c4d1-groupManagement] INFO  server.RaftServerConfigKeys (ConfUtils.java:logGet(46)) - raft.server.log.queue.element-limit = 1024 (custom)
2024-01-29 07:42:35,519 [65bc286e-59a3-42df-af3f-c8e10564c4d1-groupManagement] INFO  server.RaftServerConfigKeys (ConfUtils.java:logGet(46)) - raft.server.log.segment.size.max = 67108864 (custom)
2024-01-29 07:42:35,519 [65bc286e-59a3-42df-af3f-c8e10564c4d1-groupManagement] INFO  server.RaftServerConfigKeys (ConfUtils.java:logGet(46)) - raft.server.log.preallocated.size = 4194304 (custom)
2024-01-29 07:42:35,519 [65bc286e-59a3-42df-af3f-c8e10564c4d1-groupManagement] INFO  server.RaftServerConfigKeys (ConfUtils.java:logGet(46)) - raft.server.log.force.sync.num = 128 (default)
2024-01-29 07:42:35,519 [65bc286e-59a3-42df-af3f-c8e10564c4d1-groupManagement] INFO  server.RaftServerConfigKeys (ConfUtils.java:logGet(46)) - raft.server.log.statemachine.data.sync = true (default)
2024-01-29 07:42:35,519 [65bc286e-59a3-42df-af3f-c8e10564c4d1-groupManagement] INFO  server.RaftServerConfigKeys (ConfUtils.java:logGet(46)) - raft.server.log.statemachine.data.sync.timeout = 10s (default)
2024-01-29 07:42:35,519 [65bc286e-59a3-42df-af3f-c8e10564c4d1-groupManagement] INFO  server.RaftServerConfigKeys (ConfUtils.java:logGet(46)) - raft.server.log.statemachine.data.sync.timeout.retry = 0 (custom)
2024-01-29 07:42:35,520 [65bc286e-59a3-42df-af3f-c8e10564c4d1-groupManagement] INFO  server.RaftServerConfigKeys (ConfUtils.java:logGet(46)) - raft.server.log.write.buffer.size = 8388616 (custom)
2024-01-29 07:42:35,521 [65bc286e-59a3-42df-af3f-c8e10564c4d1-groupManagement] INFO  server.RaftServerConfigKeys (ConfUtils.java:logGet(46)) - raft.server.log.appender.buffer.byte-limit = 8388608 (custom)
2024-01-29 07:42:35,521 [65bc286e-59a3-42df-af3f-c8e10564c4d1-groupManagement] INFO  server.RaftServerConfigKeys (ConfUtils.java:logGet(46)) - raft.server.log.unsafe-flush.enabled = false (default)
2024-01-29 07:42:35,521 [65bc286e-59a3-42df-af3f-c8e10564c4d1-groupManagement] INFO  server.RaftServerConfigKeys (ConfUtils.java:logGet(46)) - raft.server.log.async-flush.enabled = false (default)
2024-01-29 07:42:35,521 [65bc286e-59a3-42df-af3f-c8e10564c4d1-groupManagement] INFO  server.RaftServerConfigKeys (ConfUtils.java:logGet(46)) - raft.server.log.statemachine.data.caching.enabled = true (custom)
2024-01-29 07:42:35,521 [65bc286e-59a3-42df-af3f-c8e10564c4d1-groupManagement] INFO  segmented.SegmentedRaftLogWorker (SegmentedRaftLogWorker.java:lambda$new$0(134)) - 65bc286e-59a3-42df-af3f-c8e10564c4d1@group-FA1D7534C04C-SegmentedRaftLogWorker: flushIndex: setUnconditionally 0 -> -1
2024-01-29 07:42:35,521 [65bc286e-59a3-42df-af3f-c8e10564c4d1-groupManagement] INFO  segmented.SegmentedRaftLogWorker (SegmentedRaftLogWorker.java:lambda$new$0(134)) - 65bc286e-59a3-42df-af3f-c8e10564c4d1@group-FA1D7534C04C-SegmentedRaftLogWorker: safeCacheEvictIndex: setUnconditionally 0 -> -1
2024-01-29 07:42:35,522 [65bc286e-59a3-42df-af3f-c8e10564c4d1-groupManagement] INFO  server.RaftServer$Division (RaftServerImpl.java:start(396)) - 65bc286e-59a3-42df-af3f-c8e10564c4d1@group-FA1D7534C04C: start as a follower, conf=-1: peers:[eea2313d-992f-4b5d-9e13-b8d80714ad2c|10.1.0.7:15112, 0ce2b046-143e-42c7-a174-539311f5349e|10.1.0.7:15121, 65bc286e-59a3-42df-af3f-c8e10564c4d1|10.1.0.7:15103]|listeners:[], old=null
2024-01-29 07:42:35,522 [65bc286e-59a3-42df-af3f-c8e10564c4d1-groupManagement] INFO  server.RaftServer$Division (RaftServerImpl.java:setRole(383)) - 65bc286e-59a3-42df-af3f-c8e10564c4d1@group-FA1D7534C04C: changes role from      null to FOLLOWER at term 0 for startAsFollower
2024-01-29 07:42:35,522 [65bc286e-59a3-42df-af3f-c8e10564c4d1-groupManagement] INFO  impl.RoleInfo (RoleInfo.java:updateAndGet(139)) - 65bc286e-59a3-42df-af3f-c8e10564c4d1: start 65bc286e-59a3-42df-af3f-c8e10564c4d1@group-FA1D7534C04C-FollowerState
2024-01-29 07:42:35,522 [65bc286e-59a3-42df-af3f-c8e10564c4d1-groupManagement] INFO  util.JmxRegister (JmxRegister.java:tryRegister(44)) - Successfully registered JMX Bean with object name Ratis:service=RaftServer,group=group-FA1D7534C04C,id=65bc286e-59a3-42df-af3f-c8e10564c4d1
2024-01-29 07:42:35,522 [65bc286e-59a3-42df-af3f-c8e10564c4d1@group-FA1D7534C04C-FollowerState] INFO  server.RaftServerConfigKeys (ConfUtils.java:logFallback(53)) - raft.server.rpc.first-election.timeout.min = 5s (fallback to raft.server.rpc.timeout.min)
2024-01-29 07:42:35,522 [65bc286e-59a3-42df-af3f-c8e10564c4d1-groupManagement] INFO  server.RaftServerConfigKeys (ConfUtils.java:logGet(46)) - raft.server.snapshot.trigger-when-stop.enabled = true (default)
2024-01-29 07:42:35,522 [65bc286e-59a3-42df-af3f-c8e10564c4d1@group-FA1D7534C04C-FollowerState] INFO  server.RaftServerConfigKeys (ConfUtils.java:logFallback(53)) - raft.server.rpc.first-election.timeout.max = 5200ms (fallback to raft.server.rpc.timeout.max)
2024-01-29 07:42:35,522 [65bc286e-59a3-42df-af3f-c8e10564c4d1-groupManagement] INFO  server.RaftServerConfigKeys (ConfUtils.java:logGet(46)) - raft.server.snapshot.auto.trigger.enabled = true (custom)
2024-01-29 07:42:35,522 [65bc286e-59a3-42df-af3f-c8e10564c4d1-groupManagement] INFO  server.RaftServerConfigKeys (ConfUtils.java:logGet(46)) - raft.server.snapshot.auto.trigger.threshold = 10000 (custom)
2024-01-29 07:42:35,522 [65bc286e-59a3-42df-af3f-c8e10564c4d1-groupManagement] INFO  server.RaftServerConfigKeys (ConfUtils.java:logGet(46)) - raft.server.snapshot.retention.file.num = 5 (custom)
2024-01-29 07:42:35,522 [65bc286e-59a3-42df-af3f-c8e10564c4d1-groupManagement] INFO  server.RaftServerConfigKeys (ConfUtils.java:logGet(46)) - raft.server.log.purge.upto.snapshot.index = false (default)
2024-01-29 07:42:35,523 [65bc286e-59a3-42df-af3f-c8e10564c4d1-PipelineCommandHandlerThread-0] INFO  ratis.XceiverServerRatis (XceiverServerRatis.java:addGroup(864)) - Created group PipelineID=84966bc0-c9d3-4613-aee5-fa1d7534c04c
2024-01-29 07:42:35,531 [grpc-default-executor-0] INFO  server.RaftServer (RaftServerProxy.java:addNew(100)) - 0ce2b046-143e-42c7-a174-539311f5349e: addNew group-FA1D7534C04C:[eea2313d-992f-4b5d-9e13-b8d80714ad2c|10.1.0.7:15112, 0ce2b046-143e-42c7-a174-539311f5349e|10.1.0.7:15121, 65bc286e-59a3-42df-af3f-c8e10564c4d1|10.1.0.7:15103] returns group-FA1D7534C04C:java.util.concurrent.CompletableFuture@18cec51e[Not completed]
2024-01-29 07:42:35,532 [0ce2b046-143e-42c7-a174-539311f5349e-groupManagement] INFO  server.RaftServer$Division (RaftServerImpl.java:<init>(256)) - 0ce2b046-143e-42c7-a174-539311f5349e: new RaftServerImpl for group-FA1D7534C04C:[eea2313d-992f-4b5d-9e13-b8d80714ad2c|10.1.0.7:15112, 0ce2b046-143e-42c7-a174-539311f5349e|10.1.0.7:15121, 65bc286e-59a3-42df-af3f-c8e10564c4d1|10.1.0.7:15103] with ContainerStateMachine:uninitialized
2024-01-29 07:42:35,532 [0ce2b046-143e-42c7-a174-539311f5349e-groupManagement] INFO  server.RaftServerConfigKeys (ConfUtils.java:logGet(46)) - raft.server.rpc.timeout.min = 5s (custom)
2024-01-29 07:42:35,532 [0ce2b046-143e-42c7-a174-539311f5349e-groupManagement] INFO  server.RaftServerConfigKeys (ConfUtils.java:logGet(46)) - raft.server.rpc.timeout.max = 5200ms (custom)
2024-01-29 07:42:35,532 [0ce2b046-143e-42c7-a174-539311f5349e-groupManagement] INFO  server.RaftServerConfigKeys (ConfUtils.java:logGet(46)) - raft.server.rpc.sleep.time = 25ms (default)
2024-01-29 07:42:35,532 [0ce2b046-143e-42c7-a174-539311f5349e-groupManagement] INFO  server.RaftServerConfigKeys (ConfUtils.java:logGet(46)) - raft.server.rpc.slowness.timeout = 300000ms (custom)
2024-01-29 07:42:35,532 [0ce2b046-143e-42c7-a174-539311f5349e-groupManagement] INFO  server.RaftServerConfigKeys (ConfUtils.java:logGet(46)) - raft.server.leaderelection.leader.step-down.wait-time = 10s (default)
2024-01-29 07:42:35,532 [0ce2b046-143e-42c7-a174-539311f5349e-groupManagement] INFO  server.RaftServerConfigKeys (ConfUtils.java:logGet(46)) - raft.server.leaderelection.member.majority-add = false (default)
2024-01-29 07:42:35,532 [0ce2b046-143e-42c7-a174-539311f5349e-groupManagement] INFO  server.RaftServerConfigKeys (ConfUtils.java:logGet(46)) - raft.server.sleep.deviation.threshold = 300ms (default)
2024-01-29 07:42:35,532 [0ce2b046-143e-42c7-a174-539311f5349e-groupManagement] INFO  server.RaftServer$Division (ServerState.java:<init>(113)) - 0ce2b046-143e-42c7-a174-539311f5349e@group-FA1D7534C04C: ConfigurationManager, init=-1: peers:[eea2313d-992f-4b5d-9e13-b8d80714ad2c|10.1.0.7:15112, 0ce2b046-143e-42c7-a174-539311f5349e|10.1.0.7:15121, 65bc286e-59a3-42df-af3f-c8e10564c4d1|10.1.0.7:15103]|listeners:[], old=null, confs=<EMPTY_MAP>
2024-01-29 07:42:35,532 [0ce2b046-143e-42c7-a174-539311f5349e-groupManagement] INFO  server.RaftServerConfigKeys (ConfUtils.java:logGet(46)) - raft.server.notification.no-leader.timeout = 300000ms (custom)
2024-01-29 07:42:35,532 [0ce2b046-143e-42c7-a174-539311f5349e-groupManagement] INFO  server.RaftServerConfigKeys (ConfUtils.java:logGet(46)) - raft.server.read.timeout = 10s (default)
2024-01-29 07:42:35,532 [0ce2b046-143e-42c7-a174-539311f5349e-groupManagement] INFO  server.RaftServerConfigKeys (ConfUtils.java:logGet(46)) - raft.server.retrycache.expirytime = 600000ms (custom)
2024-01-29 07:42:35,532 [0ce2b046-143e-42c7-a174-539311f5349e-groupManagement] INFO  server.RaftServerConfigKeys (ConfUtils.java:logGet(46)) - raft.server.retrycache.statistics.expirytime = 100ms (default)
2024-01-29 07:42:35,532 [0ce2b046-143e-42c7-a174-539311f5349e-groupManagement] INFO  server.RaftServerConfigKeys (ConfUtils.java:logGet(46)) - raft.server.read.option = DEFAULT (default)
2024-01-29 07:42:35,532 [0ce2b046-143e-42c7-a174-539311f5349e-groupManagement] INFO  server.RaftServerConfigKeys (ConfUtils.java:logGet(46)) - raft.server.read.read-after-write-consistent.write-index-cache.expiry-time = 60s (default)
2024-01-29 07:42:35,534 [0ce2b046-143e-42c7-a174-539311f5349e-groupManagement] INFO  server.RaftServerConfigKeys (ConfUtils.java:logGet(46)) - raft.server.rpc.request.timeout = 3000ms (default)
2024-01-29 07:42:35,534 [0ce2b046-143e-42c7-a174-539311f5349e-groupManagement] INFO  server.RaftServerConfigKeys (ConfUtils.java:logGet(46)) - raft.server.log.appender.install.snapshot.enabled = false (custom)
2024-01-29 07:42:35,534 [0ce2b046-143e-42c7-a174-539311f5349e-groupManagement] INFO  server.RaftServerConfigKeys (ConfUtils.java:logGet(46)) - raft.server.threadpool.server.cached = true (default)
2024-01-29 07:42:35,534 [0ce2b046-143e-42c7-a174-539311f5349e-groupManagement] INFO  server.RaftServerConfigKeys (ConfUtils.java:logGet(46)) - raft.server.threadpool.server.size = 0 (default)
2024-01-29 07:42:35,534 [0ce2b046-143e-42c7-a174-539311f5349e-groupManagement] INFO  server.RaftServerConfigKeys (ConfUtils.java:logGet(46)) - raft.server.threadpool.client.cached = true (default)
2024-01-29 07:42:35,534 [0ce2b046-143e-42c7-a174-539311f5349e-groupManagement] INFO  server.RaftServerConfigKeys (ConfUtils.java:logGet(46)) - raft.server.threadpool.client.size = 0 (default)
2024-01-29 07:42:35,534 [0ce2b046-143e-42c7-a174-539311f5349e-groupManagement] INFO  server.RaftServerConfigKeys (ConfUtils.java:logGet(46)) - raft.server.storage.free-space.min = 0MB (=0) (default)
2024-01-29 07:42:35,535 [0ce2b046-143e-42c7-a174-539311f5349e-groupManagement] INFO  server.RaftServerConfigKeys (ConfUtils.java:logGet(46)) - raft.server.log.corruption.policy = EXCEPTION (default)
2024-01-29 07:42:35,535 [0ce2b046-143e-42c7-a174-539311f5349e-groupManagement] INFO  server.RaftServerConfigKeys (ConfUtils.java:logGet(46)) - raft.server.storage.dir = [/home/runner/work/ozone/ozone/hadoop-ozone/integration-test/target/test-dir/MiniOzoneClusterImpl-43c44e75-c492-4a39-944e-601a0ff30632/datanode-2/data/ratis] (custom)
2024-01-29 07:42:35,535 [0ce2b046-143e-42c7-a174-539311f5349e-groupManagement] INFO  storage.RaftStorageDirectory (RaftStorageDirectoryImpl.java:analyzeStorage(138)) - The storage directory /home/runner/work/ozone/ozone/hadoop-ozone/integration-test/target/test-dir/MiniOzoneClusterImpl-43c44e75-c492-4a39-944e-601a0ff30632/datanode-2/data/ratis/84966bc0-c9d3-4613-aee5-fa1d7534c04c does not exist. Creating ...
2024-01-29 07:42:35,536 [0ce2b046-143e-42c7-a174-539311f5349e-groupManagement] INFO  storage.RaftStorageDirectory (RaftStorageDirectoryImpl.java:tryLock(228)) - Lock on /home/runner/work/ozone/ozone/hadoop-ozone/integration-test/target/test-dir/MiniOzoneClusterImpl-43c44e75-c492-4a39-944e-601a0ff30632/datanode-2/data/ratis/84966bc0-c9d3-4613-aee5-fa1d7534c04c/in_use.lock acquired by nodename 37616@fv-az571-724
2024-01-29 07:42:35,537 [0ce2b046-143e-42c7-a174-539311f5349e-groupManagement] INFO  storage.RaftStorage (RaftStorageImpl.java:format(99)) - Storage directory /home/runner/work/ozone/ozone/hadoop-ozone/integration-test/target/test-dir/MiniOzoneClusterImpl-43c44e75-c492-4a39-944e-601a0ff30632/datanode-2/data/ratis/84966bc0-c9d3-4613-aee5-fa1d7534c04c has been successfully formatted.
2024-01-29 07:42:35,537 [0ce2b046-143e-42c7-a174-539311f5349e-groupManagement] WARN  util.FileUtils (LogUtils.java:supplyAndLog(63)) - Failed to Files.newInputStream /home/runner/work/ozone/ozone/hadoop-ozone/integration-test/target/test-dir/MiniOzoneClusterImpl-43c44e75-c492-4a39-944e-601a0ff30632/datanode-2/data/ratis/84966bc0-c9d3-4613-aee5-fa1d7534c04c/current/raft-meta.conf with options []: java.nio.file.NoSuchFileException: /home/runner/work/ozone/ozone/hadoop-ozone/integration-test/target/test-dir/MiniOzoneClusterImpl-43c44e75-c492-4a39-944e-601a0ff30632/datanode-2/data/ratis/84966bc0-c9d3-4613-aee5-fa1d7534c04c/current/raft-meta.conf
2024-01-29 07:42:35,538 [0ce2b046-143e-42c7-a174-539311f5349e-groupManagement] INFO  ratis.ContainerStateMachine (ContainerStateMachine.java:loadSnapshot(287)) - group-FA1D7534C04C: The snapshot info is null. Setting the last applied index to:(t:0, i:~)
2024-01-29 07:42:35,538 [0ce2b046-143e-42c7-a174-539311f5349e-groupManagement] INFO  server.RaftServerConfigKeys (ConfUtils.java:logGet(46)) - raft.server.log.use.memory = false (default)
2024-01-29 07:42:35,538 [0ce2b046-143e-42c7-a174-539311f5349e-groupManagement] INFO  server.RaftServerConfigKeys (ConfUtils.java:logGet(46)) - raft.server.log.purge.gap = 1000000 (custom)
2024-01-29 07:42:35,538 [0ce2b046-143e-42c7-a174-539311f5349e-groupManagement] INFO  server.RaftServerConfigKeys (ConfUtils.java:logGet(46)) - raft.server.log.appender.buffer.byte-limit = 8388608 (custom)
2024-01-29 07:42:35,538 [0ce2b046-143e-42c7-a174-539311f5349e-groupManagement] INFO  server.RaftServerConfigKeys (ConfUtils.java:logGet(46)) - raft.server.log.statemachine.data.read.timeout = 1000ms (default)
2024-01-29 07:42:35,538 [0ce2b046-143e-42c7-a174-539311f5349e-groupManagement] INFO  server.RaftServerConfigKeys (ConfUtils.java:logGet(46)) - raft.server.log.purge.preservation.log.num = 0 (default)
2024-01-29 07:42:35,540 [0ce2b046-143e-42c7-a174-539311f5349e-groupManagement] INFO  server.RaftServerConfigKeys (ConfUtils.java:logGet(46)) - raft.server.log.segment.size.max = 67108864 (custom)
2024-01-29 07:42:35,540 [0ce2b046-143e-42c7-a174-539311f5349e-groupManagement] INFO  server.RaftServerConfigKeys (ConfUtils.java:logGet(46)) - raft.server.log.segment.cache.num.max = 2 (custom)
2024-01-29 07:42:35,540 [0ce2b046-143e-42c7-a174-539311f5349e-groupManagement] INFO  server.RaftServerConfigKeys (ConfUtils.java:logGet(46)) - raft.server.log.segment.cache.size.max = 200MB (=209715200) (default)
2024-01-29 07:42:35,540 [0ce2b046-143e-42c7-a174-539311f5349e-groupManagement] INFO  server.RaftServerConfigKeys (ConfUtils.java:logGet(46)) - raft.server.log.appender.buffer.byte-limit = 8388608 (custom)
2024-01-29 07:42:35,540 [0ce2b046-143e-42c7-a174-539311f5349e-groupManagement] INFO  util.AwaitToRun (AwaitToRun.java:start(81)) - Thread[0ce2b046-143e-42c7-a174-539311f5349e@group-FA1D7534C04C-cacheEviction-AwaitToRun,5,main] started
2024-01-29 07:42:35,540 [0ce2b046-143e-42c7-a174-539311f5349e-groupManagement] INFO  segmented.SegmentedRaftLogWorker (SegmentedRaftLogWorker.java:<init>(182)) - new 0ce2b046-143e-42c7-a174-539311f5349e@group-FA1D7534C04C-SegmentedRaftLogWorker for RaftStorageImpl:Storage Directory /home/runner/work/ozone/ozone/hadoop-ozone/integration-test/target/test-dir/MiniOzoneClusterImpl-43c44e75-c492-4a39-944e-601a0ff30632/datanode-2/data/ratis/84966bc0-c9d3-4613-aee5-fa1d7534c04c
2024-01-29 07:42:35,540 [0ce2b046-143e-42c7-a174-539311f5349e-groupManagement] INFO  server.RaftServerConfigKeys (ConfUtils.java:logGet(46)) - raft.server.log.queue.byte-limit = 4294967296 (custom)
2024-01-29 07:42:35,540 [0ce2b046-143e-42c7-a174-539311f5349e-groupManagement] INFO  server.RaftServerConfigKeys (ConfUtils.java:logGet(46)) - raft.server.log.queue.element-limit = 1024 (custom)
2024-01-29 07:42:35,541 [0ce2b046-143e-42c7-a174-539311f5349e-groupManagement] INFO  server.RaftServerConfigKeys (ConfUtils.java:logGet(46)) - raft.server.log.segment.size.max = 67108864 (custom)
2024-01-29 07:42:35,541 [0ce2b046-143e-42c7-a174-539311f5349e-groupManagement] INFO  server.RaftServerConfigKeys (ConfUtils.java:logGet(46)) - raft.server.log.preallocated.size = 4194304 (custom)
2024-01-29 07:42:35,541 [0ce2b046-143e-42c7-a174-539311f5349e-groupManagement] INFO  server.RaftServerConfigKeys (ConfUtils.java:logGet(46)) - raft.server.log.force.sync.num = 128 (default)
2024-01-29 07:42:35,541 [0ce2b046-143e-42c7-a174-539311f5349e-groupManagement] INFO  server.RaftServerConfigKeys (ConfUtils.java:logGet(46)) - raft.server.log.statemachine.data.sync = true (default)
2024-01-29 07:42:35,541 [0ce2b046-143e-42c7-a174-539311f5349e-groupManagement] INFO  server.RaftServerConfigKeys (ConfUtils.java:logGet(46)) - raft.server.log.statemachine.data.sync.timeout = 10s (default)
2024-01-29 07:42:35,541 [0ce2b046-143e-42c7-a174-539311f5349e-groupManagement] INFO  server.RaftServerConfigKeys (ConfUtils.java:logGet(46)) - raft.server.log.statemachine.data.sync.timeout.retry = 0 (custom)
2024-01-29 07:42:35,541 [0ce2b046-143e-42c7-a174-539311f5349e-groupManagement] INFO  server.RaftServerConfigKeys (ConfUtils.java:logGet(46)) - raft.server.log.write.buffer.size = 8388616 (custom)
2024-01-29 07:42:35,545 [0ce2b046-143e-42c7-a174-539311f5349e-groupManagement] INFO  server.RaftServerConfigKeys (ConfUtils.java:logGet(46)) - raft.server.log.appender.buffer.byte-limit = 8388608 (custom)
2024-01-29 07:42:35,545 [0ce2b046-143e-42c7-a174-539311f5349e-groupManagement] INFO  server.RaftServerConfigKeys (ConfUtils.java:logGet(46)) - raft.server.log.unsafe-flush.enabled = false (default)
2024-01-29 07:42:35,545 [0ce2b046-143e-42c7-a174-539311f5349e-groupManagement] INFO  server.RaftServerConfigKeys (ConfUtils.java:logGet(46)) - raft.server.log.async-flush.enabled = false (default)
2024-01-29 07:42:35,545 [0ce2b046-143e-42c7-a174-539311f5349e-groupManagement] INFO  server.RaftServerConfigKeys (ConfUtils.java:logGet(46)) - raft.server.log.statemachine.data.caching.enabled = true (custom)
2024-01-29 07:42:35,546 [0ce2b046-143e-42c7-a174-539311f5349e-groupManagement] INFO  segmented.SegmentedRaftLogWorker (SegmentedRaftLogWorker.java:lambda$new$0(134)) - 0ce2b046-143e-42c7-a174-539311f5349e@group-FA1D7534C04C-SegmentedRaftLogWorker: flushIndex: setUnconditionally 0 -> -1
2024-01-29 07:42:35,546 [0ce2b046-143e-42c7-a174-539311f5349e-groupManagement] INFO  segmented.SegmentedRaftLogWorker (SegmentedRaftLogWorker.java:lambda$new$0(134)) - 0ce2b046-143e-42c7-a174-539311f5349e@group-FA1D7534C04C-SegmentedRaftLogWorker: safeCacheEvictIndex: setUnconditionally 0 -> -1
2024-01-29 07:42:35,549 [0ce2b046-143e-42c7-a174-539311f5349e-groupManagement] INFO  server.RaftServer$Division (RaftServerImpl.java:start(396)) - 0ce2b046-143e-42c7-a174-539311f5349e@group-FA1D7534C04C: start as a follower, conf=-1: peers:[eea2313d-992f-4b5d-9e13-b8d80714ad2c|10.1.0.7:15112, 0ce2b046-143e-42c7-a174-539311f5349e|10.1.0.7:15121, 65bc286e-59a3-42df-af3f-c8e10564c4d1|10.1.0.7:15103]|listeners:[], old=null
2024-01-29 07:42:35,549 [0ce2b046-143e-42c7-a174-539311f5349e-groupManagement] INFO  server.RaftServer$Division (RaftServerImpl.java:setRole(383)) - 0ce2b046-143e-42c7-a174-539311f5349e@group-FA1D7534C04C: changes role from      null to FOLLOWER at term 0 for startAsFollower
2024-01-29 07:42:35,549 [0ce2b046-143e-42c7-a174-539311f5349e-groupManagement] INFO  impl.RoleInfo (RoleInfo.java:updateAndGet(139)) - 0ce2b046-143e-42c7-a174-539311f5349e: start 0ce2b046-143e-42c7-a174-539311f5349e@group-FA1D7534C04C-FollowerState
2024-01-29 07:42:35,552 [0ce2b046-143e-42c7-a174-539311f5349e@group-FA1D7534C04C-FollowerState] INFO  server.RaftServerConfigKeys (ConfUtils.java:logFallback(53)) - raft.server.rpc.first-election.timeout.min = 5s (fallback to raft.server.rpc.timeout.min)
2024-01-29 07:42:35,552 [0ce2b046-143e-42c7-a174-539311f5349e-groupManagement] INFO  util.JmxRegister (JmxRegister.java:tryRegister(44)) - Successfully registered JMX Bean with object name Ratis:service=RaftServer,group=group-FA1D7534C04C,id=0ce2b046-143e-42c7-a174-539311f5349e
2024-01-29 07:42:35,552 [0ce2b046-143e-42c7-a174-539311f5349e-groupManagement] INFO  server.RaftServerConfigKeys (ConfUtils.java:logGet(46)) - raft.server.snapshot.trigger-when-stop.enabled = true (default)
2024-01-29 07:42:35,552 [0ce2b046-143e-42c7-a174-539311f5349e-groupManagement] INFO  server.RaftServerConfigKeys (ConfUtils.java:logGet(46)) - raft.server.snapshot.auto.trigger.enabled = true (custom)
2024-01-29 07:42:35,552 [0ce2b046-143e-42c7-a174-539311f5349e-groupManagement] INFO  server.RaftServerConfigKeys (ConfUtils.java:logGet(46)) - raft.server.snapshot.auto.trigger.threshold = 10000 (custom)
2024-01-29 07:42:35,553 [0ce2b046-143e-42c7-a174-539311f5349e-groupManagement] INFO  server.RaftServerConfigKeys (ConfUtils.java:logGet(46)) - raft.server.snapshot.retention.file.num = 5 (custom)
2024-01-29 07:42:35,553 [0ce2b046-143e-42c7-a174-539311f5349e-groupManagement] INFO  server.RaftServerConfigKeys (ConfUtils.java:logGet(46)) - raft.server.log.purge.upto.snapshot.index = false (default)
2024-01-29 07:42:35,552 [0ce2b046-143e-42c7-a174-539311f5349e@group-FA1D7534C04C-FollowerState] INFO  server.RaftServerConfigKeys (ConfUtils.java:logFallback(53)) - raft.server.rpc.first-election.timeout.max = 5200ms (fallback to raft.server.rpc.timeout.max)
2024-01-29 07:42:35,567 [grpc-default-executor-0] INFO  server.RaftServer (RaftServerProxy.java:addNew(100)) - eea2313d-992f-4b5d-9e13-b8d80714ad2c: addNew group-FA1D7534C04C:[eea2313d-992f-4b5d-9e13-b8d80714ad2c|10.1.0.7:15112, 0ce2b046-143e-42c7-a174-539311f5349e|10.1.0.7:15121, 65bc286e-59a3-42df-af3f-c8e10564c4d1|10.1.0.7:15103] returns group-FA1D7534C04C:java.util.concurrent.CompletableFuture@1e6522a[Not completed]
2024-01-29 07:42:35,573 [eea2313d-992f-4b5d-9e13-b8d80714ad2c-groupManagement] INFO  server.RaftServer$Division (RaftServerImpl.java:<init>(256)) - eea2313d-992f-4b5d-9e13-b8d80714ad2c: new RaftServerImpl for group-FA1D7534C04C:[eea2313d-992f-4b5d-9e13-b8d80714ad2c|10.1.0.7:15112, 0ce2b046-143e-42c7-a174-539311f5349e|10.1.0.7:15121, 65bc286e-59a3-42df-af3f-c8e10564c4d1|10.1.0.7:15103] with ContainerStateMachine:uninitialized
2024-01-29 07:42:35,573 [eea2313d-992f-4b5d-9e13-b8d80714ad2c-groupManagement] INFO  server.RaftServerConfigKeys (ConfUtils.java:logGet(46)) - raft.server.rpc.timeout.min = 5s (custom)
2024-01-29 07:42:35,573 [eea2313d-992f-4b5d-9e13-b8d80714ad2c-groupManagement] INFO  server.RaftServerConfigKeys (ConfUtils.java:logGet(46)) - raft.server.rpc.timeout.max = 5200ms (custom)
2024-01-29 07:42:35,573 [eea2313d-992f-4b5d-9e13-b8d80714ad2c-groupManagement] INFO  server.RaftServerConfigKeys (ConfUtils.java:logGet(46)) - raft.server.rpc.sleep.time = 25ms (default)
2024-01-29 07:42:35,573 [eea2313d-992f-4b5d-9e13-b8d80714ad2c-groupManagement] INFO  server.RaftServerConfigKeys (ConfUtils.java:logGet(46)) - raft.server.rpc.slowness.timeout = 300000ms (custom)
2024-01-29 07:42:35,573 [eea2313d-992f-4b5d-9e13-b8d80714ad2c-groupManagement] INFO  server.RaftServerConfigKeys (ConfUtils.java:logGet(46)) - raft.server.leaderelection.leader.step-down.wait-time = 10s (default)
2024-01-29 07:42:35,573 [eea2313d-992f-4b5d-9e13-b8d80714ad2c-groupManagement] INFO  server.RaftServerConfigKeys (ConfUtils.java:logGet(46)) - raft.server.leaderelection.member.majority-add = false (default)
2024-01-29 07:42:35,573 [eea2313d-992f-4b5d-9e13-b8d80714ad2c-groupManagement] INFO  server.RaftServerConfigKeys (ConfUtils.java:logGet(46)) - raft.server.sleep.deviation.threshold = 300ms (default)
2024-01-29 07:42:35,574 [eea2313d-992f-4b5d-9e13-b8d80714ad2c-groupManagement] INFO  server.RaftServer$Division (ServerState.java:<init>(113)) - eea2313d-992f-4b5d-9e13-b8d80714ad2c@group-FA1D7534C04C: ConfigurationManager, init=-1: peers:[eea2313d-992f-4b5d-9e13-b8d80714ad2c|10.1.0.7:15112, 0ce2b046-143e-42c7-a174-539311f5349e|10.1.0.7:15121, 65bc286e-59a3-42df-af3f-c8e10564c4d1|10.1.0.7:15103]|listeners:[], old=null, confs=<EMPTY_MAP>
2024-01-29 07:42:35,574 [eea2313d-992f-4b5d-9e13-b8d80714ad2c-groupManagement] INFO  server.RaftServerConfigKeys (ConfUtils.java:logGet(46)) - raft.server.notification.no-leader.timeout = 300000ms (custom)
2024-01-29 07:42:35,574 [eea2313d-992f-4b5d-9e13-b8d80714ad2c-groupManagement] INFO  server.RaftServerConfigKeys (ConfUtils.java:logGet(46)) - raft.server.read.timeout = 10s (default)
2024-01-29 07:42:35,574 [eea2313d-992f-4b5d-9e13-b8d80714ad2c-groupManagement] INFO  server.RaftServerConfigKeys (ConfUtils.java:logGet(46)) - raft.server.retrycache.expirytime = 600000ms (custom)
2024-01-29 07:42:35,574 [eea2313d-992f-4b5d-9e13-b8d80714ad2c-groupManagement] INFO  server.RaftServerConfigKeys (ConfUtils.java:logGet(46)) - raft.server.retrycache.statistics.expirytime = 100ms (default)
2024-01-29 07:42:35,574 [eea2313d-992f-4b5d-9e13-b8d80714ad2c-groupManagement] INFO  server.RaftServerConfigKeys (ConfUtils.java:logGet(46)) - raft.server.read.option = DEFAULT (default)
2024-01-29 07:42:35,574 [eea2313d-992f-4b5d-9e13-b8d80714ad2c-groupManagement] INFO  server.RaftServerConfigKeys (ConfUtils.java:logGet(46)) - raft.server.read.read-after-write-consistent.write-index-cache.expiry-time = 60s (default)
2024-01-29 07:42:35,577 [eea2313d-992f-4b5d-9e13-b8d80714ad2c-groupManagement] INFO  server.RaftServerConfigKeys (ConfUtils.java:logGet(46)) - raft.server.rpc.request.timeout = 3000ms (default)
2024-01-29 07:42:35,577 [eea2313d-992f-4b5d-9e13-b8d80714ad2c-groupManagement] INFO  server.RaftServerConfigKeys (ConfUtils.java:logGet(46)) - raft.server.log.appender.install.snapshot.enabled = false (custom)
2024-01-29 07:42:35,577 [eea2313d-992f-4b5d-9e13-b8d80714ad2c-groupManagement] INFO  server.RaftServerConfigKeys (ConfUtils.java:logGet(46)) - raft.server.threadpool.server.cached = true (default)
2024-01-29 07:42:35,577 [eea2313d-992f-4b5d-9e13-b8d80714ad2c-groupManagement] INFO  server.RaftServerConfigKeys (ConfUtils.java:logGet(46)) - raft.server.threadpool.server.size = 0 (default)
2024-01-29 07:42:35,577 [eea2313d-992f-4b5d-9e13-b8d80714ad2c-groupManagement] INFO  server.RaftServerConfigKeys (ConfUtils.java:logGet(46)) - raft.server.threadpool.client.cached = true (default)
2024-01-29 07:42:35,577 [eea2313d-992f-4b5d-9e13-b8d80714ad2c-groupManagement] INFO  server.RaftServerConfigKeys (ConfUtils.java:logGet(46)) - raft.server.threadpool.client.size = 0 (default)
2024-01-29 07:42:35,577 [eea2313d-992f-4b5d-9e13-b8d80714ad2c-groupManagement] INFO  server.RaftServerConfigKeys (ConfUtils.java:logGet(46)) - raft.server.storage.free-space.min = 0MB (=0) (default)
2024-01-29 07:42:35,577 [eea2313d-992f-4b5d-9e13-b8d80714ad2c-groupManagement] INFO  server.RaftServerConfigKeys (ConfUtils.java:logGet(46)) - raft.server.log.corruption.policy = EXCEPTION (default)
2024-01-29 07:42:35,577 [eea2313d-992f-4b5d-9e13-b8d80714ad2c-groupManagement] INFO  server.RaftServerConfigKeys (ConfUtils.java:logGet(46)) - raft.server.storage.dir = [/home/runner/work/ozone/ozone/hadoop-ozone/integration-test/target/test-dir/MiniOzoneClusterImpl-43c44e75-c492-4a39-944e-601a0ff30632/datanode-1/data/ratis] (custom)
2024-01-29 07:42:35,578 [eea2313d-992f-4b5d-9e13-b8d80714ad2c-groupManagement] INFO  storage.RaftStorageDirectory (RaftStorageDirectoryImpl.java:analyzeStorage(138)) - The storage directory /home/runner/work/ozone/ozone/hadoop-ozone/integration-test/target/test-dir/MiniOzoneClusterImpl-43c44e75-c492-4a39-944e-601a0ff30632/datanode-1/data/ratis/84966bc0-c9d3-4613-aee5-fa1d7534c04c does not exist. Creating ...
2024-01-29 07:42:35,579 [eea2313d-992f-4b5d-9e13-b8d80714ad2c-groupManagement] INFO  storage.RaftStorageDirectory (RaftStorageDirectoryImpl.java:tryLock(228)) - Lock on /home/runner/work/ozone/ozone/hadoop-ozone/integration-test/target/test-dir/MiniOzoneClusterImpl-43c44e75-c492-4a39-944e-601a0ff30632/datanode-1/data/ratis/84966bc0-c9d3-4613-aee5-fa1d7534c04c/in_use.lock acquired by nodename 37616@fv-az571-724
2024-01-29 07:42:35,580 [eea2313d-992f-4b5d-9e13-b8d80714ad2c-groupManagement] INFO  storage.RaftStorage (RaftStorageImpl.java:format(99)) - Storage directory /home/runner/work/ozone/ozone/hadoop-ozone/integration-test/target/test-dir/MiniOzoneClusterImpl-43c44e75-c492-4a39-944e-601a0ff30632/datanode-1/data/ratis/84966bc0-c9d3-4613-aee5-fa1d7534c04c has been successfully formatted.
2024-01-29 07:42:35,580 [eea2313d-992f-4b5d-9e13-b8d80714ad2c-groupManagement] WARN  util.FileUtils (LogUtils.java:supplyAndLog(63)) - Failed to Files.newInputStream /home/runner/work/ozone/ozone/hadoop-ozone/integration-test/target/test-dir/MiniOzoneClusterImpl-43c44e75-c492-4a39-944e-601a0ff30632/datanode-1/data/ratis/84966bc0-c9d3-4613-aee5-fa1d7534c04c/current/raft-meta.conf with options []: java.nio.file.NoSuchFileException: /home/runner/work/ozone/ozone/hadoop-ozone/integration-test/target/test-dir/MiniOzoneClusterImpl-43c44e75-c492-4a39-944e-601a0ff30632/datanode-1/data/ratis/84966bc0-c9d3-4613-aee5-fa1d7534c04c/current/raft-meta.conf
2024-01-29 07:42:35,584 [eea2313d-992f-4b5d-9e13-b8d80714ad2c-groupManagement] INFO  ratis.ContainerStateMachine (ContainerStateMachine.java:loadSnapshot(287)) - group-FA1D7534C04C: The snapshot info is null. Setting the last applied index to:(t:0, i:~)
2024-01-29 07:42:35,584 [eea2313d-992f-4b5d-9e13-b8d80714ad2c-groupManagement] INFO  server.RaftServerConfigKeys (ConfUtils.java:logGet(46)) - raft.server.log.use.memory = false (default)
2024-01-29 07:42:35,584 [eea2313d-992f-4b5d-9e13-b8d80714ad2c-groupManagement] INFO  server.RaftServerConfigKeys (ConfUtils.java:logGet(46)) - raft.server.log.purge.gap = 1000000 (custom)
2024-01-29 07:42:35,584 [eea2313d-992f-4b5d-9e13-b8d80714ad2c-groupManagement] INFO  server.RaftServerConfigKeys (ConfUtils.java:logGet(46)) - raft.server.log.appender.buffer.byte-limit = 8388608 (custom)
2024-01-29 07:42:35,584 [eea2313d-992f-4b5d-9e13-b8d80714ad2c-groupManagement] INFO  server.RaftServerConfigKeys (ConfUtils.java:logGet(46)) - raft.server.log.statemachine.data.read.timeout = 1000ms (default)
2024-01-29 07:42:35,584 [eea2313d-992f-4b5d-9e13-b8d80714ad2c-groupManagement] INFO  server.RaftServerConfigKeys (ConfUtils.java:logGet(46)) - raft.server.log.purge.preservation.log.num = 0 (default)
2024-01-29 07:42:35,585 [eea2313d-992f-4b5d-9e13-b8d80714ad2c-groupManagement] INFO  server.RaftServerConfigKeys (ConfUtils.java:logGet(46)) - raft.server.log.segment.size.max = 67108864 (custom)
2024-01-29 07:42:35,586 [eea2313d-992f-4b5d-9e13-b8d80714ad2c-groupManagement] INFO  server.RaftServerConfigKeys (ConfUtils.java:logGet(46)) - raft.server.log.segment.cache.num.max = 2 (custom)
2024-01-29 07:42:35,586 [eea2313d-992f-4b5d-9e13-b8d80714ad2c-groupManagement] INFO  server.RaftServerConfigKeys (ConfUtils.java:logGet(46)) - raft.server.log.segment.cache.size.max = 200MB (=209715200) (default)
2024-01-29 07:42:35,586 [eea2313d-992f-4b5d-9e13-b8d80714ad2c-groupManagement] INFO  server.RaftServerConfigKeys (ConfUtils.java:logGet(46)) - raft.server.log.appender.buffer.byte-limit = 8388608 (custom)
2024-01-29 07:42:35,586 [eea2313d-992f-4b5d-9e13-b8d80714ad2c-groupManagement] INFO  util.AwaitToRun (AwaitToRun.java:start(81)) - Thread[eea2313d-992f-4b5d-9e13-b8d80714ad2c@group-FA1D7534C04C-cacheEviction-AwaitToRun,5,main] started
2024-01-29 07:42:35,586 [eea2313d-992f-4b5d-9e13-b8d80714ad2c-groupManagement] INFO  segmented.SegmentedRaftLogWorker (SegmentedRaftLogWorker.java:<init>(182)) - new eea2313d-992f-4b5d-9e13-b8d80714ad2c@group-FA1D7534C04C-SegmentedRaftLogWorker for RaftStorageImpl:Storage Directory /home/runner/work/ozone/ozone/hadoop-ozone/integration-test/target/test-dir/MiniOzoneClusterImpl-43c44e75-c492-4a39-944e-601a0ff30632/datanode-1/data/ratis/84966bc0-c9d3-4613-aee5-fa1d7534c04c
2024-01-29 07:42:35,587 [eea2313d-992f-4b5d-9e13-b8d80714ad2c-groupManagement] INFO  server.RaftServerConfigKeys (ConfUtils.java:logGet(46)) - raft.server.log.queue.byte-limit = 4294967296 (custom)
2024-01-29 07:42:35,587 [eea2313d-992f-4b5d-9e13-b8d80714ad2c-groupManagement] INFO  server.RaftServerConfigKeys (ConfUtils.java:logGet(46)) - raft.server.log.queue.element-limit = 1024 (custom)
2024-01-29 07:42:35,587 [eea2313d-992f-4b5d-9e13-b8d80714ad2c-groupManagement] INFO  server.RaftServerConfigKeys (ConfUtils.java:logGet(46)) - raft.server.log.segment.size.max = 67108864 (custom)
2024-01-29 07:42:35,587 [eea2313d-992f-4b5d-9e13-b8d80714ad2c-groupManagement] INFO  server.RaftServerConfigKeys (ConfUtils.java:logGet(46)) - raft.server.log.preallocated.size = 4194304 (custom)
2024-01-29 07:42:35,587 [eea2313d-992f-4b5d-9e13-b8d80714ad2c-groupManagement] INFO  server.RaftServerConfigKeys (ConfUtils.java:logGet(46)) - raft.server.log.force.sync.num = 128 (default)
2024-01-29 07:42:35,587 [eea2313d-992f-4b5d-9e13-b8d80714ad2c-groupManagement] INFO  server.RaftServerConfigKeys (ConfUtils.java:logGet(46)) - raft.server.log.statemachine.data.sync = true (default)
2024-01-29 07:42:35,587 [eea2313d-992f-4b5d-9e13-b8d80714ad2c-groupManagement] INFO  server.RaftServerConfigKeys (ConfUtils.java:logGet(46)) - raft.server.log.statemachine.data.sync.timeout = 10s (default)
2024-01-29 07:42:35,587 [eea2313d-992f-4b5d-9e13-b8d80714ad2c-groupManagement] INFO  server.RaftServerConfigKeys (ConfUtils.java:logGet(46)) - raft.server.log.statemachine.data.sync.timeout.retry = 0 (custom)
2024-01-29 07:42:35,587 [eea2313d-992f-4b5d-9e13-b8d80714ad2c-groupManagement] INFO  server.RaftServerConfigKeys (ConfUtils.java:logGet(46)) - raft.server.log.write.buffer.size = 8388616 (custom)
2024-01-29 07:42:35,590 [eea2313d-992f-4b5d-9e13-b8d80714ad2c-groupManagement] INFO  server.RaftServerConfigKeys (ConfUtils.java:logGet(46)) - raft.server.log.appender.buffer.byte-limit = 8388608 (custom)
2024-01-29 07:42:35,590 [eea2313d-992f-4b5d-9e13-b8d80714ad2c-groupManagement] INFO  server.RaftServerConfigKeys (ConfUtils.java:logGet(46)) - raft.server.log.unsafe-flush.enabled = false (default)
2024-01-29 07:42:35,590 [eea2313d-992f-4b5d-9e13-b8d80714ad2c-groupManagement] INFO  server.RaftServerConfigKeys (ConfUtils.java:logGet(46)) - raft.server.log.async-flush.enabled = false (default)
2024-01-29 07:42:35,590 [eea2313d-992f-4b5d-9e13-b8d80714ad2c-groupManagement] INFO  server.RaftServerConfigKeys (ConfUtils.java:logGet(46)) - raft.server.log.statemachine.data.caching.enabled = true (custom)
2024-01-29 07:42:35,590 [eea2313d-992f-4b5d-9e13-b8d80714ad2c-groupManagement] INFO  segmented.SegmentedRaftLogWorker (SegmentedRaftLogWorker.java:lambda$new$0(134)) - eea2313d-992f-4b5d-9e13-b8d80714ad2c@group-FA1D7534C04C-SegmentedRaftLogWorker: flushIndex: setUnconditionally 0 -> -1
2024-01-29 07:42:35,591 [eea2313d-992f-4b5d-9e13-b8d80714ad2c-groupManagement] INFO  segmented.SegmentedRaftLogWorker (SegmentedRaftLogWorker.java:lambda$new$0(134)) - eea2313d-992f-4b5d-9e13-b8d80714ad2c@group-FA1D7534C04C-SegmentedRaftLogWorker: safeCacheEvictIndex: setUnconditionally 0 -> -1
2024-01-29 07:42:35,591 [eea2313d-992f-4b5d-9e13-b8d80714ad2c-groupManagement] INFO  server.RaftServer$Division (RaftServerImpl.java:start(396)) - eea2313d-992f-4b5d-9e13-b8d80714ad2c@group-FA1D7534C04C: start as a follower, conf=-1: peers:[eea2313d-992f-4b5d-9e13-b8d80714ad2c|10.1.0.7:15112, 0ce2b046-143e-42c7-a174-539311f5349e|10.1.0.7:15121, 65bc286e-59a3-42df-af3f-c8e10564c4d1|10.1.0.7:15103]|listeners:[], old=null
2024-01-29 07:42:35,591 [eea2313d-992f-4b5d-9e13-b8d80714ad2c-groupManagement] INFO  server.RaftServer$Division (RaftServerImpl.java:setRole(383)) - eea2313d-992f-4b5d-9e13-b8d80714ad2c@group-FA1D7534C04C: changes role from      null to FOLLOWER at term 0 for startAsFollower
2024-01-29 07:42:35,591 [eea2313d-992f-4b5d-9e13-b8d80714ad2c-groupManagement] INFO  impl.RoleInfo (RoleInfo.java:updateAndGet(139)) - eea2313d-992f-4b5d-9e13-b8d80714ad2c: start eea2313d-992f-4b5d-9e13-b8d80714ad2c@group-FA1D7534C04C-FollowerState
2024-01-29 07:42:35,593 [eea2313d-992f-4b5d-9e13-b8d80714ad2c-groupManagement] INFO  util.JmxRegister (JmxRegister.java:tryRegister(44)) - Successfully registered JMX Bean with object name Ratis:service=RaftServer,group=group-FA1D7534C04C,id=eea2313d-992f-4b5d-9e13-b8d80714ad2c
2024-01-29 07:42:35,593 [eea2313d-992f-4b5d-9e13-b8d80714ad2c-groupManagement] INFO  server.RaftServerConfigKeys (ConfUtils.java:logGet(46)) - raft.server.snapshot.trigger-when-stop.enabled = true (default)
2024-01-29 07:42:35,593 [eea2313d-992f-4b5d-9e13-b8d80714ad2c-groupManagement] INFO  server.RaftServerConfigKeys (ConfUtils.java:logGet(46)) - raft.server.snapshot.auto.trigger.enabled = true (custom)
2024-01-29 07:42:35,593 [eea2313d-992f-4b5d-9e13-b8d80714ad2c-groupManagement] INFO  server.RaftServerConfigKeys (ConfUtils.java:logGet(46)) - raft.server.snapshot.auto.trigger.threshold = 10000 (custom)
2024-01-29 07:42:35,593 [eea2313d-992f-4b5d-9e13-b8d80714ad2c-groupManagement] INFO  server.RaftServerConfigKeys (ConfUtils.java:logGet(46)) - raft.server.snapshot.retention.file.num = 5 (custom)
2024-01-29 07:42:35,593 [eea2313d-992f-4b5d-9e13-b8d80714ad2c-groupManagement] INFO  server.RaftServerConfigKeys (ConfUtils.java:logGet(46)) - raft.server.log.purge.upto.snapshot.index = false (default)
2024-01-29 07:42:35,594 [eea2313d-992f-4b5d-9e13-b8d80714ad2c@group-FA1D7534C04C-FollowerState] INFO  server.RaftServerConfigKeys (ConfUtils.java:logFallback(53)) - raft.server.rpc.first-election.timeout.min = 5s (fallback to raft.server.rpc.timeout.min)
2024-01-29 07:42:35,594 [eea2313d-992f-4b5d-9e13-b8d80714ad2c@group-FA1D7534C04C-FollowerState] INFO  server.RaftServerConfigKeys (ConfUtils.java:logFallback(53)) - raft.server.rpc.first-election.timeout.max = 5200ms (fallback to raft.server.rpc.timeout.max)
2024-01-29 07:42:35,601 [65bc286e-59a3-42df-af3f-c8e10564c4d1-PipelineCommandHandlerThread-0] INFO  commandhandler.CreatePipelineCommandHandler (CreatePipelineCommandHandler.java:lambda$handle$2(124)) - Created Pipeline RATIS THREE PipelineID=84966bc0-c9d3-4613-aee5-fa1d7534c04c.
2024-01-29 07:42:35,620 [eea2313d-992f-4b5d-9e13-b8d80714ad2c-PipelineCommandHandlerThread-0] INFO  server.RaftServer (RaftServerProxy.java:addNew(100)) - eea2313d-992f-4b5d-9e13-b8d80714ad2c: addNew group-4AE5113352A7:[eea2313d-992f-4b5d-9e13-b8d80714ad2c|10.1.0.7:15112] returns group-4AE5113352A7:java.util.concurrent.CompletableFuture@397458b1[Not completed]
2024-01-29 07:42:35,621 [eea2313d-992f-4b5d-9e13-b8d80714ad2c-groupManagement] INFO  server.RaftServer$Division (RaftServerImpl.java:<init>(256)) - eea2313d-992f-4b5d-9e13-b8d80714ad2c: new RaftServerImpl for group-4AE5113352A7:[eea2313d-992f-4b5d-9e13-b8d80714ad2c|10.1.0.7:15112] with ContainerStateMachine:uninitialized
2024-01-29 07:42:35,621 [eea2313d-992f-4b5d-9e13-b8d80714ad2c-groupManagement] INFO  server.RaftServerConfigKeys (ConfUtils.java:logGet(46)) - raft.server.rpc.timeout.min = 5s (custom)
2024-01-29 07:42:35,621 [eea2313d-992f-4b5d-9e13-b8d80714ad2c-groupManagement] INFO  server.RaftServerConfigKeys (ConfUtils.java:logGet(46)) - raft.server.rpc.timeout.max = 5200ms (custom)
2024-01-29 07:42:35,621 [eea2313d-992f-4b5d-9e13-b8d80714ad2c-groupManagement] INFO  server.RaftServerConfigKeys (ConfUtils.java:logGet(46)) - raft.server.rpc.sleep.time = 25ms (default)
2024-01-29 07:42:35,621 [eea2313d-992f-4b5d-9e13-b8d80714ad2c-groupManagement] INFO  server.RaftServerConfigKeys (ConfUtils.java:logGet(46)) - raft.server.rpc.slowness.timeout = 300000ms (custom)
2024-01-29 07:42:35,621 [eea2313d-992f-4b5d-9e13-b8d80714ad2c-groupManagement] INFO  server.RaftServerConfigKeys (ConfUtils.java:logGet(46)) - raft.server.leaderelection.leader.step-down.wait-time = 10s (default)
2024-01-29 07:42:35,621 [eea2313d-992f-4b5d-9e13-b8d80714ad2c-groupManagement] INFO  server.RaftServerConfigKeys (ConfUtils.java:logGet(46)) - raft.server.leaderelection.member.majority-add = false (default)
2024-01-29 07:42:35,621 [eea2313d-992f-4b5d-9e13-b8d80714ad2c-groupManagement] INFO  server.RaftServerConfigKeys (ConfUtils.java:logGet(46)) - raft.server.sleep.deviation.threshold = 300ms (default)
2024-01-29 07:42:35,622 [eea2313d-992f-4b5d-9e13-b8d80714ad2c-groupManagement] INFO  server.RaftServer$Division (ServerState.java:<init>(113)) - eea2313d-992f-4b5d-9e13-b8d80714ad2c@group-4AE5113352A7: ConfigurationManager, init=-1: peers:[eea2313d-992f-4b5d-9e13-b8d80714ad2c|10.1.0.7:15112]|listeners:[], old=null, confs=<EMPTY_MAP>
2024-01-29 07:42:35,622 [eea2313d-992f-4b5d-9e13-b8d80714ad2c-groupManagement] INFO  server.RaftServerConfigKeys (ConfUtils.java:logGet(46)) - raft.server.notification.no-leader.timeout = 300000ms (custom)
2024-01-29 07:42:35,622 [eea2313d-992f-4b5d-9e13-b8d80714ad2c-groupManagement] INFO  server.RaftServerConfigKeys (ConfUtils.java:logGet(46)) - raft.server.read.timeout = 10s (default)
2024-01-29 07:42:35,622 [eea2313d-992f-4b5d-9e13-b8d80714ad2c-groupManagement] INFO  server.RaftServerConfigKeys (ConfUtils.java:logGet(46)) - raft.server.retrycache.expirytime = 600000ms (custom)
2024-01-29 07:42:35,622 [eea2313d-992f-4b5d-9e13-b8d80714ad2c-groupManagement] INFO  server.RaftServerConfigKeys (ConfUtils.java:logGet(46)) - raft.server.retrycache.statistics.expirytime = 100ms (default)
2024-01-29 07:42:35,622 [eea2313d-992f-4b5d-9e13-b8d80714ad2c-groupManagement] INFO  server.RaftServerConfigKeys (ConfUtils.java:logGet(46)) - raft.server.read.option = DEFAULT (default)
2024-01-29 07:42:35,622 [eea2313d-992f-4b5d-9e13-b8d80714ad2c-groupManagement] INFO  server.RaftServerConfigKeys (ConfUtils.java:logGet(46)) - raft.server.read.read-after-write-consistent.write-index-cache.expiry-time = 60s (default)
2024-01-29 07:42:35,624 [eea2313d-992f-4b5d-9e13-b8d80714ad2c-groupManagement] INFO  server.RaftServerConfigKeys (ConfUtils.java:logGet(46)) - raft.server.rpc.request.timeout = 3000ms (default)
2024-01-29 07:42:35,624 [eea2313d-992f-4b5d-9e13-b8d80714ad2c-groupManagement] INFO  server.RaftServerConfigKeys (ConfUtils.java:logGet(46)) - raft.server.log.appender.install.snapshot.enabled = false (custom)
2024-01-29 07:42:35,624 [eea2313d-992f-4b5d-9e13-b8d80714ad2c-groupManagement] INFO  server.RaftServerConfigKeys (ConfUtils.java:logGet(46)) - raft.server.threadpool.server.cached = true (default)
2024-01-29 07:42:35,624 [eea2313d-992f-4b5d-9e13-b8d80714ad2c-groupManagement] INFO  server.RaftServerConfigKeys (ConfUtils.java:logGet(46)) - raft.server.threadpool.server.size = 0 (default)
2024-01-29 07:42:35,624 [eea2313d-992f-4b5d-9e13-b8d80714ad2c-groupManagement] INFO  server.RaftServerConfigKeys (ConfUtils.java:logGet(46)) - raft.server.threadpool.client.cached = true (default)
2024-01-29 07:42:35,624 [eea2313d-992f-4b5d-9e13-b8d80714ad2c-groupManagement] INFO  server.RaftServerConfigKeys (ConfUtils.java:logGet(46)) - raft.server.threadpool.client.size = 0 (default)
2024-01-29 07:42:35,624 [eea2313d-992f-4b5d-9e13-b8d80714ad2c-groupManagement] INFO  server.RaftServerConfigKeys (ConfUtils.java:logGet(46)) - raft.server.storage.free-space.min = 0MB (=0) (default)
2024-01-29 07:42:35,625 [eea2313d-992f-4b5d-9e13-b8d80714ad2c-groupManagement] INFO  server.RaftServerConfigKeys (ConfUtils.java:logGet(46)) - raft.server.log.corruption.policy = EXCEPTION (default)
2024-01-29 07:42:35,625 [eea2313d-992f-4b5d-9e13-b8d80714ad2c-groupManagement] INFO  server.RaftServerConfigKeys (ConfUtils.java:logGet(46)) - raft.server.storage.dir = [/home/runner/work/ozone/ozone/hadoop-ozone/integration-test/target/test-dir/MiniOzoneClusterImpl-43c44e75-c492-4a39-944e-601a0ff30632/datanode-1/data/ratis] (custom)
2024-01-29 07:42:35,625 [eea2313d-992f-4b5d-9e13-b8d80714ad2c-groupManagement] INFO  storage.RaftStorageDirectory (RaftStorageDirectoryImpl.java:analyzeStorage(138)) - The storage directory /home/runner/work/ozone/ozone/hadoop-ozone/integration-test/target/test-dir/MiniOzoneClusterImpl-43c44e75-c492-4a39-944e-601a0ff30632/datanode-1/data/ratis/daa11740-1b98-4787-b47f-4ae5113352a7 does not exist. Creating ...
2024-01-29 07:42:35,626 [eea2313d-992f-4b5d-9e13-b8d80714ad2c-groupManagement] INFO  storage.RaftStorageDirectory (RaftStorageDirectoryImpl.java:tryLock(228)) - Lock on /home/runner/work/ozone/ozone/hadoop-ozone/integration-test/target/test-dir/MiniOzoneClusterImpl-43c44e75-c492-4a39-944e-601a0ff30632/datanode-1/data/ratis/daa11740-1b98-4787-b47f-4ae5113352a7/in_use.lock acquired by nodename 37616@fv-az571-724
2024-01-29 07:42:35,626 [eea2313d-992f-4b5d-9e13-b8d80714ad2c-groupManagement] INFO  storage.RaftStorage (RaftStorageImpl.java:format(99)) - Storage directory /home/runner/work/ozone/ozone/hadoop-ozone/integration-test/target/test-dir/MiniOzoneClusterImpl-43c44e75-c492-4a39-944e-601a0ff30632/datanode-1/data/ratis/daa11740-1b98-4787-b47f-4ae5113352a7 has been successfully formatted.
2024-01-29 07:42:35,627 [eea2313d-992f-4b5d-9e13-b8d80714ad2c-groupManagement] WARN  util.FileUtils (LogUtils.java:supplyAndLog(63)) - Failed to Files.newInputStream /home/runner/work/ozone/ozone/hadoop-ozone/integration-test/target/test-dir/MiniOzoneClusterImpl-43c44e75-c492-4a39-944e-601a0ff30632/datanode-1/data/ratis/daa11740-1b98-4787-b47f-4ae5113352a7/current/raft-meta.conf with options []: java.nio.file.NoSuchFileException: /home/runner/work/ozone/ozone/hadoop-ozone/integration-test/target/test-dir/MiniOzoneClusterImpl-43c44e75-c492-4a39-944e-601a0ff30632/datanode-1/data/ratis/daa11740-1b98-4787-b47f-4ae5113352a7/current/raft-meta.conf
2024-01-29 07:42:35,627 [eea2313d-992f-4b5d-9e13-b8d80714ad2c-groupManagement] INFO  ratis.ContainerStateMachine (ContainerStateMachine.java:loadSnapshot(287)) - group-4AE5113352A7: The snapshot info is null. Setting the last applied index to:(t:0, i:~)
2024-01-29 07:42:35,627 [eea2313d-992f-4b5d-9e13-b8d80714ad2c-groupManagement] INFO  server.RaftServerConfigKeys (ConfUtils.java:logGet(46)) - raft.server.log.use.memory = false (default)
2024-01-29 07:42:35,627 [eea2313d-992f-4b5d-9e13-b8d80714ad2c-groupManagement] INFO  server.RaftServerConfigKeys (ConfUtils.java:logGet(46)) - raft.server.log.purge.gap = 1000000 (custom)
2024-01-29 07:42:35,627 [eea2313d-992f-4b5d-9e13-b8d80714ad2c-groupManagement] INFO  server.RaftServerConfigKeys (ConfUtils.java:logGet(46)) - raft.server.log.appender.buffer.byte-limit = 8388608 (custom)
2024-01-29 07:42:35,627 [eea2313d-992f-4b5d-9e13-b8d80714ad2c-groupManagement] INFO  server.RaftServerConfigKeys (ConfUtils.java:logGet(46)) - raft.server.log.statemachine.data.read.timeout = 1000ms (default)
2024-01-29 07:42:35,628 [eea2313d-992f-4b5d-9e13-b8d80714ad2c-groupManagement] INFO  server.RaftServerConfigKeys (ConfUtils.java:logGet(46)) - raft.server.log.purge.preservation.log.num = 0 (default)
2024-01-29 07:42:35,629 [EventQueue-PipelineReportForPipelineReportHandler] INFO  pipeline.PipelineReportHandler (PipelineReportHandler.java:processPipelineReport(136)) - Opened pipeline PipelineID=daa11740-1b98-4787-b47f-4ae5113352a7
2024-01-29 07:42:35,629 [EventQueue-OpenPipelineForHealthyPipelineSafeModeRule] INFO  safemode.SCMSafeModeManager (HealthyPipelineSafeModeRule.java:process(140)) - SCM in safe mode. Healthy pipelines reported count is 0, required healthy pipeline reported count is 1
2024-01-29 07:42:35,629 [eea2313d-992f-4b5d-9e13-b8d80714ad2c-groupManagement] INFO  server.RaftServerConfigKeys (ConfUtils.java:logGet(46)) - raft.server.log.segment.size.max = 67108864 (custom)
2024-01-29 07:42:35,629 [eea2313d-992f-4b5d-9e13-b8d80714ad2c-groupManagement] INFO  server.RaftServerConfigKeys (ConfUtils.java:logGet(46)) - raft.server.log.segment.cache.num.max = 2 (custom)
2024-01-29 07:42:35,629 [eea2313d-992f-4b5d-9e13-b8d80714ad2c-groupManagement] INFO  server.RaftServerConfigKeys (ConfUtils.java:logGet(46)) - raft.server.log.segment.cache.size.max = 200MB (=209715200) (default)
2024-01-29 07:42:35,629 [eea2313d-992f-4b5d-9e13-b8d80714ad2c-groupManagement] INFO  server.RaftServerConfigKeys (ConfUtils.java:logGet(46)) - raft.server.log.appender.buffer.byte-limit = 8388608 (custom)
2024-01-29 07:42:35,630 [eea2313d-992f-4b5d-9e13-b8d80714ad2c-groupManagement] INFO  util.AwaitToRun (AwaitToRun.java:start(81)) - Thread[eea2313d-992f-4b5d-9e13-b8d80714ad2c@group-4AE5113352A7-cacheEviction-AwaitToRun,5,main] started
2024-01-29 07:42:35,630 [eea2313d-992f-4b5d-9e13-b8d80714ad2c-groupManagement] INFO  segmented.SegmentedRaftLogWorker (SegmentedRaftLogWorker.java:<init>(182)) - new eea2313d-992f-4b5d-9e13-b8d80714ad2c@group-4AE5113352A7-SegmentedRaftLogWorker for RaftStorageImpl:Storage Directory /home/runner/work/ozone/ozone/hadoop-ozone/integration-test/target/test-dir/MiniOzoneClusterImpl-43c44e75-c492-4a39-944e-601a0ff30632/datanode-1/data/ratis/daa11740-1b98-4787-b47f-4ae5113352a7
2024-01-29 07:42:35,631 [eea2313d-992f-4b5d-9e13-b8d80714ad2c-groupManagement] INFO  server.RaftServerConfigKeys (ConfUtils.java:logGet(46)) - raft.server.log.queue.byte-limit = 4294967296 (custom)
2024-01-29 07:42:35,631 [eea2313d-992f-4b5d-9e13-b8d80714ad2c-groupManagement] INFO  server.RaftServerConfigKeys (ConfUtils.java:logGet(46)) - raft.server.log.queue.element-limit = 1024 (custom)
2024-01-29 07:42:35,631 [eea2313d-992f-4b5d-9e13-b8d80714ad2c-groupManagement] INFO  server.RaftServerConfigKeys (ConfUtils.java:logGet(46)) - raft.server.log.segment.size.max = 67108864 (custom)
2024-01-29 07:42:35,631 [eea2313d-992f-4b5d-9e13-b8d80714ad2c-groupManagement] INFO  server.RaftServerConfigKeys (ConfUtils.java:logGet(46)) - raft.server.log.preallocated.size = 4194304 (custom)
2024-01-29 07:42:35,631 [eea2313d-992f-4b5d-9e13-b8d80714ad2c-groupManagement] INFO  server.RaftServerConfigKeys (ConfUtils.java:logGet(46)) - raft.server.log.force.sync.num = 128 (default)
2024-01-29 07:42:35,631 [eea2313d-992f-4b5d-9e13-b8d80714ad2c-groupManagement] INFO  server.RaftServerConfigKeys (ConfUtils.java:logGet(46)) - raft.server.log.statemachine.data.sync = true (default)
2024-01-29 07:42:35,631 [eea2313d-992f-4b5d-9e13-b8d80714ad2c-groupManagement] INFO  server.RaftServerConfigKeys (ConfUtils.java:logGet(46)) - raft.server.log.statemachine.data.sync.timeout = 10s (default)
2024-01-29 07:42:35,631 [eea2313d-992f-4b5d-9e13-b8d80714ad2c-groupManagement] INFO  server.RaftServerConfigKeys (ConfUtils.java:logGet(46)) - raft.server.log.statemachine.data.sync.timeout.retry = 0 (custom)
2024-01-29 07:42:35,631 [eea2313d-992f-4b5d-9e13-b8d80714ad2c-groupManagement] INFO  server.RaftServerConfigKeys (ConfUtils.java:logGet(46)) - raft.server.log.write.buffer.size = 8388616 (custom)
2024-01-29 07:42:35,633 [eea2313d-992f-4b5d-9e13-b8d80714ad2c-groupManagement] INFO  server.RaftServerConfigKeys (ConfUtils.java:logGet(46)) - raft.server.log.appender.buffer.byte-limit = 8388608 (custom)
2024-01-29 07:42:35,633 [eea2313d-992f-4b5d-9e13-b8d80714ad2c-groupManagement] INFO  server.RaftServerConfigKeys (ConfUtils.java:logGet(46)) - raft.server.log.unsafe-flush.enabled = false (default)
2024-01-29 07:42:35,633 [eea2313d-992f-4b5d-9e13-b8d80714ad2c-groupManagement] INFO  server.RaftServerConfigKeys (ConfUtils.java:logGet(46)) - raft.server.log.async-flush.enabled = false (default)
2024-01-29 07:42:35,634 [eea2313d-992f-4b5d-9e13-b8d80714ad2c-groupManagement] INFO  server.RaftServerConfigKeys (ConfUtils.java:logGet(46)) - raft.server.log.statemachine.data.caching.enabled = true (custom)
2024-01-29 07:42:35,634 [eea2313d-992f-4b5d-9e13-b8d80714ad2c-groupManagement] INFO  segmented.SegmentedRaftLogWorker (SegmentedRaftLogWorker.java:lambda$new$0(134)) - eea2313d-992f-4b5d-9e13-b8d80714ad2c@group-4AE5113352A7-SegmentedRaftLogWorker: flushIndex: setUnconditionally 0 -> -1
2024-01-29 07:42:35,634 [eea2313d-992f-4b5d-9e13-b8d80714ad2c-groupManagement] INFO  segmented.SegmentedRaftLogWorker (SegmentedRaftLogWorker.java:lambda$new$0(134)) - eea2313d-992f-4b5d-9e13-b8d80714ad2c@group-4AE5113352A7-SegmentedRaftLogWorker: safeCacheEvictIndex: setUnconditionally 0 -> -1
2024-01-29 07:42:35,638 [eea2313d-992f-4b5d-9e13-b8d80714ad2c-groupManagement] INFO  server.RaftServer$Division (RaftServerImpl.java:start(396)) - eea2313d-992f-4b5d-9e13-b8d80714ad2c@group-4AE5113352A7: start as a follower, conf=-1: peers:[eea2313d-992f-4b5d-9e13-b8d80714ad2c|10.1.0.7:15112]|listeners:[], old=null
2024-01-29 07:42:35,638 [eea2313d-992f-4b5d-9e13-b8d80714ad2c-groupManagement] INFO  server.RaftServer$Division (RaftServerImpl.java:setRole(383)) - eea2313d-992f-4b5d-9e13-b8d80714ad2c@group-4AE5113352A7: changes role from      null to FOLLOWER at term 0 for startAsFollower
2024-01-29 07:42:35,638 [eea2313d-992f-4b5d-9e13-b8d80714ad2c-groupManagement] INFO  impl.RoleInfo (RoleInfo.java:updateAndGet(139)) - eea2313d-992f-4b5d-9e13-b8d80714ad2c: start eea2313d-992f-4b5d-9e13-b8d80714ad2c@group-4AE5113352A7-FollowerState
2024-01-29 07:42:35,639 [eea2313d-992f-4b5d-9e13-b8d80714ad2c-groupManagement] INFO  util.JmxRegister (JmxRegister.java:tryRegister(44)) - Successfully registered JMX Bean with object name Ratis:service=RaftServer,group=group-4AE5113352A7,id=eea2313d-992f-4b5d-9e13-b8d80714ad2c
2024-01-29 07:42:35,639 [eea2313d-992f-4b5d-9e13-b8d80714ad2c@group-4AE5113352A7-FollowerState] INFO  server.RaftServerConfigKeys (ConfUtils.java:logFallback(53)) - raft.server.rpc.first-election.timeout.min = 5s (fallback to raft.server.rpc.timeout.min)
2024-01-29 07:42:35,639 [eea2313d-992f-4b5d-9e13-b8d80714ad2c@group-4AE5113352A7-FollowerState] INFO  server.RaftServerConfigKeys (ConfUtils.java:logFallback(53)) - raft.server.rpc.first-election.timeout.max = 5200ms (fallback to raft.server.rpc.timeout.max)
2024-01-29 07:42:35,639 [eea2313d-992f-4b5d-9e13-b8d80714ad2c-groupManagement] INFO  server.RaftServerConfigKeys (ConfUtils.java:logGet(46)) - raft.server.snapshot.trigger-when-stop.enabled = true (default)
2024-01-29 07:42:35,639 [eea2313d-992f-4b5d-9e13-b8d80714ad2c-groupManagement] INFO  server.RaftServerConfigKeys (ConfUtils.java:logGet(46)) - raft.server.snapshot.auto.trigger.enabled = true (custom)
2024-01-29 07:42:35,639 [eea2313d-992f-4b5d-9e13-b8d80714ad2c-groupManagement] INFO  server.RaftServerConfigKeys (ConfUtils.java:logGet(46)) - raft.server.snapshot.auto.trigger.threshold = 10000 (custom)
2024-01-29 07:42:35,640 [eea2313d-992f-4b5d-9e13-b8d80714ad2c-groupManagement] INFO  server.RaftServerConfigKeys (ConfUtils.java:logGet(46)) - raft.server.snapshot.retention.file.num = 5 (custom)
2024-01-29 07:42:35,640 [eea2313d-992f-4b5d-9e13-b8d80714ad2c-groupManagement] INFO  server.RaftServerConfigKeys (ConfUtils.java:logGet(46)) - raft.server.log.purge.upto.snapshot.index = false (default)
2024-01-29 07:42:35,641 [eea2313d-992f-4b5d-9e13-b8d80714ad2c-PipelineCommandHandlerThread-0] INFO  ratis.XceiverServerRatis (XceiverServerRatis.java:addGroup(864)) - Created group PipelineID=daa11740-1b98-4787-b47f-4ae5113352a7
2024-01-29 07:42:35,641 [eea2313d-992f-4b5d-9e13-b8d80714ad2c-PipelineCommandHandlerThread-0] INFO  commandhandler.CreatePipelineCommandHandler (CreatePipelineCommandHandler.java:lambda$handle$2(124)) - Created Pipeline RATIS ONE PipelineID=daa11740-1b98-4787-b47f-4ae5113352a7.
2024-01-29 07:42:35,748 [0ce2b046-143e-42c7-a174-539311f5349e-PipelineCommandHandlerThread-0] INFO  server.RaftServer (RaftServerProxy.java:addNew(100)) - 0ce2b046-143e-42c7-a174-539311f5349e: addNew group-7CEF0C69C9BF:[0ce2b046-143e-42c7-a174-539311f5349e|10.1.0.7:15121] returns group-7CEF0C69C9BF:java.util.concurrent.CompletableFuture@74ccaaff[Not completed]
2024-01-29 07:42:35,749 [0ce2b046-143e-42c7-a174-539311f5349e-groupManagement] INFO  server.RaftServer$Division (RaftServerImpl.java:<init>(256)) - 0ce2b046-143e-42c7-a174-539311f5349e: new RaftServerImpl for group-7CEF0C69C9BF:[0ce2b046-143e-42c7-a174-539311f5349e|10.1.0.7:15121] with ContainerStateMachine:uninitialized
2024-01-29 07:42:35,749 [0ce2b046-143e-42c7-a174-539311f5349e-groupManagement] INFO  server.RaftServerConfigKeys (ConfUtils.java:logGet(46)) - raft.server.rpc.timeout.min = 5s (custom)
2024-01-29 07:42:35,749 [0ce2b046-143e-42c7-a174-539311f5349e-groupManagement] INFO  server.RaftServerConfigKeys (ConfUtils.java:logGet(46)) - raft.server.rpc.timeout.max = 5200ms (custom)
2024-01-29 07:42:35,750 [0ce2b046-143e-42c7-a174-539311f5349e-groupManagement] INFO  server.RaftServerConfigKeys (ConfUtils.java:logGet(46)) - raft.server.rpc.sleep.time = 25ms (default)
2024-01-29 07:42:35,750 [0ce2b046-143e-42c7-a174-539311f5349e-groupManagement] INFO  server.RaftServerConfigKeys (ConfUtils.java:logGet(46)) - raft.server.rpc.slowness.timeout = 300000ms (custom)
2024-01-29 07:42:35,750 [0ce2b046-143e-42c7-a174-539311f5349e-groupManagement] INFO  server.RaftServerConfigKeys (ConfUtils.java:logGet(46)) - raft.server.leaderelection.leader.step-down.wait-time = 10s (default)
2024-01-29 07:42:35,750 [0ce2b046-143e-42c7-a174-539311f5349e-groupManagement] INFO  server.RaftServerConfigKeys (ConfUtils.java:logGet(46)) - raft.server.leaderelection.member.majority-add = false (default)
2024-01-29 07:42:35,750 [0ce2b046-143e-42c7-a174-539311f5349e-groupManagement] INFO  server.RaftServerConfigKeys (ConfUtils.java:logGet(46)) - raft.server.sleep.deviation.threshold = 300ms (default)
2024-01-29 07:42:35,750 [0ce2b046-143e-42c7-a174-539311f5349e-groupManagement] INFO  server.RaftServer$Division (ServerState.java:<init>(113)) - 0ce2b046-143e-42c7-a174-539311f5349e@group-7CEF0C69C9BF: ConfigurationManager, init=-1: peers:[0ce2b046-143e-42c7-a174-539311f5349e|10.1.0.7:15121]|listeners:[], old=null, confs=<EMPTY_MAP>
2024-01-29 07:42:35,750 [0ce2b046-143e-42c7-a174-539311f5349e-groupManagement] INFO  server.RaftServerConfigKeys (ConfUtils.java:logGet(46)) - raft.server.notification.no-leader.timeout = 300000ms (custom)
2024-01-29 07:42:35,750 [0ce2b046-143e-42c7-a174-539311f5349e-groupManagement] INFO  server.RaftServerConfigKeys (ConfUtils.java:logGet(46)) - raft.server.read.timeout = 10s (default)
2024-01-29 07:42:35,750 [0ce2b046-143e-42c7-a174-539311f5349e-groupManagement] INFO  server.RaftServerConfigKeys (ConfUtils.java:logGet(46)) - raft.server.retrycache.expirytime = 600000ms (custom)
2024-01-29 07:42:35,750 [0ce2b046-143e-42c7-a174-539311f5349e-groupManagement] INFO  server.RaftServerConfigKeys (ConfUtils.java:logGet(46)) - raft.server.retrycache.statistics.expirytime = 100ms (default)
2024-01-29 07:42:35,750 [0ce2b046-143e-42c7-a174-539311f5349e-groupManagement] INFO  server.RaftServerConfigKeys (ConfUtils.java:logGet(46)) - raft.server.read.option = DEFAULT (default)
2024-01-29 07:42:35,750 [0ce2b046-143e-42c7-a174-539311f5349e-groupManagement] INFO  server.RaftServerConfigKeys (ConfUtils.java:logGet(46)) - raft.server.read.read-after-write-consistent.write-index-cache.expiry-time = 60s (default)
2024-01-29 07:42:35,752 [0ce2b046-143e-42c7-a174-539311f5349e-groupManagement] INFO  server.RaftServerConfigKeys (ConfUtils.java:logGet(46)) - raft.server.rpc.request.timeout = 3000ms (default)
2024-01-29 07:42:35,752 [0ce2b046-143e-42c7-a174-539311f5349e-groupManagement] INFO  server.RaftServerConfigKeys (ConfUtils.java:logGet(46)) - raft.server.log.appender.install.snapshot.enabled = false (custom)
2024-01-29 07:42:35,752 [0ce2b046-143e-42c7-a174-539311f5349e-groupManagement] INFO  server.RaftServerConfigKeys (ConfUtils.java:logGet(46)) - raft.server.threadpool.server.cached = true (default)
2024-01-29 07:42:35,752 [0ce2b046-143e-42c7-a174-539311f5349e-groupManagement] INFO  server.RaftServerConfigKeys (ConfUtils.java:logGet(46)) - raft.server.threadpool.server.size = 0 (default)
2024-01-29 07:42:35,752 [0ce2b046-143e-42c7-a174-539311f5349e-groupManagement] INFO  server.RaftServerConfigKeys (ConfUtils.java:logGet(46)) - raft.server.threadpool.client.cached = true (default)
2024-01-29 07:42:35,752 [0ce2b046-143e-42c7-a174-539311f5349e-groupManagement] INFO  server.RaftServerConfigKeys (ConfUtils.java:logGet(46)) - raft.server.threadpool.client.size = 0 (default)
2024-01-29 07:42:35,752 [0ce2b046-143e-42c7-a174-539311f5349e-groupManagement] INFO  server.RaftServerConfigKeys (ConfUtils.java:logGet(46)) - raft.server.storage.free-space.min = 0MB (=0) (default)
2024-01-29 07:42:35,752 [0ce2b046-143e-42c7-a174-539311f5349e-groupManagement] INFO  server.RaftServerConfigKeys (ConfUtils.java:logGet(46)) - raft.server.log.corruption.policy = EXCEPTION (default)
2024-01-29 07:42:35,753 [0ce2b046-143e-42c7-a174-539311f5349e-groupManagement] INFO  server.RaftServerConfigKeys (ConfUtils.java:logGet(46)) - raft.server.storage.dir = [/home/runner/work/ozone/ozone/hadoop-ozone/integration-test/target/test-dir/MiniOzoneClusterImpl-43c44e75-c492-4a39-944e-601a0ff30632/datanode-2/data/ratis] (custom)
2024-01-29 07:42:35,753 [0ce2b046-143e-42c7-a174-539311f5349e-groupManagement] INFO  storage.RaftStorageDirectory (RaftStorageDirectoryImpl.java:analyzeStorage(138)) - The storage directory /home/runner/work/ozone/ozone/hadoop-ozone/integration-test/target/test-dir/MiniOzoneClusterImpl-43c44e75-c492-4a39-944e-601a0ff30632/datanode-2/data/ratis/c9bfcb0e-a82b-421b-92d6-7cef0c69c9bf does not exist. Creating ...
2024-01-29 07:42:35,754 [0ce2b046-143e-42c7-a174-539311f5349e-groupManagement] INFO  storage.RaftStorageDirectory (RaftStorageDirectoryImpl.java:tryLock(228)) - Lock on /home/runner/work/ozone/ozone/hadoop-ozone/integration-test/target/test-dir/MiniOzoneClusterImpl-43c44e75-c492-4a39-944e-601a0ff30632/datanode-2/data/ratis/c9bfcb0e-a82b-421b-92d6-7cef0c69c9bf/in_use.lock acquired by nodename 37616@fv-az571-724
2024-01-29 07:42:35,755 [0ce2b046-143e-42c7-a174-539311f5349e-groupManagement] INFO  storage.RaftStorage (RaftStorageImpl.java:format(99)) - Storage directory /home/runner/work/ozone/ozone/hadoop-ozone/integration-test/target/test-dir/MiniOzoneClusterImpl-43c44e75-c492-4a39-944e-601a0ff30632/datanode-2/data/ratis/c9bfcb0e-a82b-421b-92d6-7cef0c69c9bf has been successfully formatted.
2024-01-29 07:42:35,755 [0ce2b046-143e-42c7-a174-539311f5349e-groupManagement] WARN  util.FileUtils (LogUtils.java:supplyAndLog(63)) - Failed to Files.newInputStream /home/runner/work/ozone/ozone/hadoop-ozone/integration-test/target/test-dir/MiniOzoneClusterImpl-43c44e75-c492-4a39-944e-601a0ff30632/datanode-2/data/ratis/c9bfcb0e-a82b-421b-92d6-7cef0c69c9bf/current/raft-meta.conf with options []: java.nio.file.NoSuchFileException: /home/runner/work/ozone/ozone/hadoop-ozone/integration-test/target/test-dir/MiniOzoneClusterImpl-43c44e75-c492-4a39-944e-601a0ff30632/datanode-2/data/ratis/c9bfcb0e-a82b-421b-92d6-7cef0c69c9bf/current/raft-meta.conf
2024-01-29 07:42:35,755 [0ce2b046-143e-42c7-a174-539311f5349e-groupManagement] INFO  ratis.ContainerStateMachine (ContainerStateMachine.java:loadSnapshot(287)) - group-7CEF0C69C9BF: The snapshot info is null. Setting the last applied index to:(t:0, i:~)
2024-01-29 07:42:35,755 [0ce2b046-143e-42c7-a174-539311f5349e-groupManagement] INFO  server.RaftServerConfigKeys (ConfUtils.java:logGet(46)) - raft.server.log.use.memory = false (default)
2024-01-29 07:42:35,756 [0ce2b046-143e-42c7-a174-539311f5349e-groupManagement] INFO  server.RaftServerConfigKeys (ConfUtils.java:logGet(46)) - raft.server.log.purge.gap = 1000000 (custom)
2024-01-29 07:42:35,756 [0ce2b046-143e-42c7-a174-539311f5349e-groupManagement] INFO  server.RaftServerConfigKeys (ConfUtils.java:logGet(46)) - raft.server.log.appender.buffer.byte-limit = 8388608 (custom)
2024-01-29 07:42:35,756 [0ce2b046-143e-42c7-a174-539311f5349e-groupManagement] INFO  server.RaftServerConfigKeys (ConfUtils.java:logGet(46)) - raft.server.log.statemachine.data.read.timeout = 1000ms (default)
2024-01-29 07:42:35,756 [0ce2b046-143e-42c7-a174-539311f5349e-groupManagement] INFO  server.RaftServerConfigKeys (ConfUtils.java:logGet(46)) - raft.server.log.purge.preservation.log.num = 0 (default)
2024-01-29 07:42:35,757 [EventQueue-PipelineReportForPipelineReportHandler] INFO  pipeline.PipelineReportHandler (PipelineReportHandler.java:processPipelineReport(136)) - Opened pipeline PipelineID=c9bfcb0e-a82b-421b-92d6-7cef0c69c9bf
2024-01-29 07:42:35,757 [EventQueue-OpenPipelineForHealthyPipelineSafeModeRule] INFO  safemode.SCMSafeModeManager (HealthyPipelineSafeModeRule.java:process(140)) - SCM in safe mode. Healthy pipelines reported count is 0, required healthy pipeline reported count is 1
2024-01-29 07:42:35,757 [0ce2b046-143e-42c7-a174-539311f5349e-groupManagement] INFO  server.RaftServerConfigKeys (ConfUtils.java:logGet(46)) - raft.server.log.segment.size.max = 67108864 (custom)
2024-01-29 07:42:35,757 [0ce2b046-143e-42c7-a174-539311f5349e-groupManagement] INFO  server.RaftServerConfigKeys (ConfUtils.java:logGet(46)) - raft.server.log.segment.cache.num.max = 2 (custom)
2024-01-29 07:42:35,757 [0ce2b046-143e-42c7-a174-539311f5349e-groupManagement] INFO  server.RaftServerConfigKeys (ConfUtils.java:logGet(46)) - raft.server.log.segment.cache.size.max = 200MB (=209715200) (default)
2024-01-29 07:42:35,758 [0ce2b046-143e-42c7-a174-539311f5349e-groupManagement] INFO  server.RaftServerConfigKeys (ConfUtils.java:logGet(46)) - raft.server.log.appender.buffer.byte-limit = 8388608 (custom)
2024-01-29 07:42:35,758 [0ce2b046-143e-42c7-a174-539311f5349e-groupManagement] INFO  util.AwaitToRun (AwaitToRun.java:start(81)) - Thread[0ce2b046-143e-42c7-a174-539311f5349e@group-7CEF0C69C9BF-cacheEviction-AwaitToRun,5,main] started
2024-01-29 07:42:35,758 [0ce2b046-143e-42c7-a174-539311f5349e-groupManagement] INFO  segmented.SegmentedRaftLogWorker (SegmentedRaftLogWorker.java:<init>(182)) - new 0ce2b046-143e-42c7-a174-539311f5349e@group-7CEF0C69C9BF-SegmentedRaftLogWorker for RaftStorageImpl:Storage Directory /home/runner/work/ozone/ozone/hadoop-ozone/integration-test/target/test-dir/MiniOzoneClusterImpl-43c44e75-c492-4a39-944e-601a0ff30632/datanode-2/data/ratis/c9bfcb0e-a82b-421b-92d6-7cef0c69c9bf
2024-01-29 07:42:35,758 [0ce2b046-143e-42c7-a174-539311f5349e-groupManagement] INFO  server.RaftServerConfigKeys (ConfUtils.java:logGet(46)) - raft.server.log.queue.byte-limit = 4294967296 (custom)
2024-01-29 07:42:35,758 [0ce2b046-143e-42c7-a174-539311f5349e-groupManagement] INFO  server.RaftServerConfigKeys (ConfUtils.java:logGet(46)) - raft.server.log.queue.element-limit = 1024 (custom)
2024-01-29 07:42:35,758 [0ce2b046-143e-42c7-a174-539311f5349e-groupManagement] INFO  server.RaftServerConfigKeys (ConfUtils.java:logGet(46)) - raft.server.log.segment.size.max = 67108864 (custom)
2024-01-29 07:42:35,758 [0ce2b046-143e-42c7-a174-539311f5349e-groupManagement] INFO  server.RaftServerConfigKeys (ConfUtils.java:logGet(46)) - raft.server.log.preallocated.size = 4194304 (custom)
2024-01-29 07:42:35,758 [0ce2b046-143e-42c7-a174-539311f5349e-groupManagement] INFO  server.RaftServerConfigKeys (ConfUtils.java:logGet(46)) - raft.server.log.force.sync.num = 128 (default)
2024-01-29 07:42:35,758 [0ce2b046-143e-42c7-a174-539311f5349e-groupManagement] INFO  server.RaftServerConfigKeys (ConfUtils.java:logGet(46)) - raft.server.log.statemachine.data.sync = true (default)
2024-01-29 07:42:35,758 [0ce2b046-143e-42c7-a174-539311f5349e-groupManagement] INFO  server.RaftServerConfigKeys (ConfUtils.java:logGet(46)) - raft.server.log.statemachine.data.sync.timeout = 10s (default)
2024-01-29 07:42:35,759 [0ce2b046-143e-42c7-a174-539311f5349e-groupManagement] INFO  server.RaftServerConfigKeys (ConfUtils.java:logGet(46)) - raft.server.log.statemachine.data.sync.timeout.retry = 0 (custom)
2024-01-29 07:42:35,759 [0ce2b046-143e-42c7-a174-539311f5349e-groupManagement] INFO  server.RaftServerConfigKeys (ConfUtils.java:logGet(46)) - raft.server.log.write.buffer.size = 8388616 (custom)
2024-01-29 07:42:35,761 [0ce2b046-143e-42c7-a174-539311f5349e-groupManagement] INFO  server.RaftServerConfigKeys (ConfUtils.java:logGet(46)) - raft.server.log.appender.buffer.byte-limit = 8388608 (custom)
2024-01-29 07:42:35,761 [0ce2b046-143e-42c7-a174-539311f5349e-groupManagement] INFO  server.RaftServerConfigKeys (ConfUtils.java:logGet(46)) - raft.server.log.unsafe-flush.enabled = false (default)
2024-01-29 07:42:35,761 [0ce2b046-143e-42c7-a174-539311f5349e-groupManagement] INFO  server.RaftServerConfigKeys (ConfUtils.java:logGet(46)) - raft.server.log.async-flush.enabled = false (default)
2024-01-29 07:42:35,761 [0ce2b046-143e-42c7-a174-539311f5349e-groupManagement] INFO  server.RaftServerConfigKeys (ConfUtils.java:logGet(46)) - raft.server.log.statemachine.data.caching.enabled = true (custom)
2024-01-29 07:42:35,761 [0ce2b046-143e-42c7-a174-539311f5349e-groupManagement] INFO  segmented.SegmentedRaftLogWorker (SegmentedRaftLogWorker.java:lambda$new$0(134)) - 0ce2b046-143e-42c7-a174-539311f5349e@group-7CEF0C69C9BF-SegmentedRaftLogWorker: flushIndex: setUnconditionally 0 -> -1
2024-01-29 07:42:35,761 [0ce2b046-143e-42c7-a174-539311f5349e-groupManagement] INFO  segmented.SegmentedRaftLogWorker (SegmentedRaftLogWorker.java:lambda$new$0(134)) - 0ce2b046-143e-42c7-a174-539311f5349e@group-7CEF0C69C9BF-SegmentedRaftLogWorker: safeCacheEvictIndex: setUnconditionally 0 -> -1
2024-01-29 07:42:35,761 [0ce2b046-143e-42c7-a174-539311f5349e-groupManagement] INFO  server.RaftServer$Division (RaftServerImpl.java:start(396)) - 0ce2b046-143e-42c7-a174-539311f5349e@group-7CEF0C69C9BF: start as a follower, conf=-1: peers:[0ce2b046-143e-42c7-a174-539311f5349e|10.1.0.7:15121]|listeners:[], old=null
2024-01-29 07:42:35,761 [0ce2b046-143e-42c7-a174-539311f5349e-groupManagement] INFO  server.RaftServer$Division (RaftServerImpl.java:setRole(383)) - 0ce2b046-143e-42c7-a174-539311f5349e@group-7CEF0C69C9BF: changes role from      null to FOLLOWER at term 0 for startAsFollower
2024-01-29 07:42:35,762 [0ce2b046-143e-42c7-a174-539311f5349e-groupManagement] INFO  impl.RoleInfo (RoleInfo.java:updateAndGet(139)) - 0ce2b046-143e-42c7-a174-539311f5349e: start 0ce2b046-143e-42c7-a174-539311f5349e@group-7CEF0C69C9BF-FollowerState
2024-01-29 07:42:35,762 [0ce2b046-143e-42c7-a174-539311f5349e@group-7CEF0C69C9BF-FollowerState] INFO  server.RaftServerConfigKeys (ConfUtils.java:logFallback(53)) - raft.server.rpc.first-election.timeout.min = 5s (fallback to raft.server.rpc.timeout.min)
2024-01-29 07:42:35,762 [0ce2b046-143e-42c7-a174-539311f5349e@group-7CEF0C69C9BF-FollowerState] INFO  server.RaftServerConfigKeys (ConfUtils.java:logFallback(53)) - raft.server.rpc.first-election.timeout.max = 5200ms (fallback to raft.server.rpc.timeout.max)
2024-01-29 07:42:35,762 [0ce2b046-143e-42c7-a174-539311f5349e-groupManagement] INFO  util.JmxRegister (JmxRegister.java:tryRegister(44)) - Successfully registered JMX Bean with object name Ratis:service=RaftServer,group=group-7CEF0C69C9BF,id=0ce2b046-143e-42c7-a174-539311f5349e
2024-01-29 07:42:35,762 [0ce2b046-143e-42c7-a174-539311f5349e-groupManagement] INFO  server.RaftServerConfigKeys (ConfUtils.java:logGet(46)) - raft.server.snapshot.trigger-when-stop.enabled = true (default)
2024-01-29 07:42:35,762 [0ce2b046-143e-42c7-a174-539311f5349e-groupManagement] INFO  server.RaftServerConfigKeys (ConfUtils.java:logGet(46)) - raft.server.snapshot.auto.trigger.enabled = true (custom)
2024-01-29 07:42:35,762 [0ce2b046-143e-42c7-a174-539311f5349e-groupManagement] INFO  server.RaftServerConfigKeys (ConfUtils.java:logGet(46)) - raft.server.snapshot.auto.trigger.threshold = 10000 (custom)
2024-01-29 07:42:35,762 [0ce2b046-143e-42c7-a174-539311f5349e-groupManagement] INFO  server.RaftServerConfigKeys (ConfUtils.java:logGet(46)) - raft.server.snapshot.retention.file.num = 5 (custom)
2024-01-29 07:42:35,762 [0ce2b046-143e-42c7-a174-539311f5349e-groupManagement] INFO  server.RaftServerConfigKeys (ConfUtils.java:logGet(46)) - raft.server.log.purge.upto.snapshot.index = false (default)
2024-01-29 07:42:35,763 [0ce2b046-143e-42c7-a174-539311f5349e-PipelineCommandHandlerThread-0] INFO  ratis.XceiverServerRatis (XceiverServerRatis.java:addGroup(864)) - Created group PipelineID=c9bfcb0e-a82b-421b-92d6-7cef0c69c9bf
2024-01-29 07:42:35,763 [0ce2b046-143e-42c7-a174-539311f5349e-PipelineCommandHandlerThread-0] INFO  commandhandler.CreatePipelineCommandHandler (CreatePipelineCommandHandler.java:lambda$handle$2(124)) - Created Pipeline RATIS ONE PipelineID=c9bfcb0e-a82b-421b-92d6-7cef0c69c9bf.
2024-01-29 07:42:35,863 [d4227e66-29fb-4e8c-95fa-da42bedd0d48-PipelineCommandHandlerThread-0] INFO  server.RaftServer (RaftServerProxy.java:addNew(100)) - d4227e66-29fb-4e8c-95fa-da42bedd0d48: addNew group-322C76EB552B:[d4227e66-29fb-4e8c-95fa-da42bedd0d48|10.1.0.7:15130] returns group-322C76EB552B:java.util.concurrent.CompletableFuture@f7e4233[Not completed]
2024-01-29 07:42:35,864 [d4227e66-29fb-4e8c-95fa-da42bedd0d48-groupManagement] INFO  server.RaftServer$Division (RaftServerImpl.java:<init>(256)) - d4227e66-29fb-4e8c-95fa-da42bedd0d48: new RaftServerImpl for group-322C76EB552B:[d4227e66-29fb-4e8c-95fa-da42bedd0d48|10.1.0.7:15130] with ContainerStateMachine:uninitialized
2024-01-29 07:42:35,864 [d4227e66-29fb-4e8c-95fa-da42bedd0d48-groupManagement] INFO  server.RaftServerConfigKeys (ConfUtils.java:logGet(46)) - raft.server.rpc.timeout.min = 5s (custom)
2024-01-29 07:42:35,864 [d4227e66-29fb-4e8c-95fa-da42bedd0d48-groupManagement] INFO  server.RaftServerConfigKeys (ConfUtils.java:logGet(46)) - raft.server.rpc.timeout.max = 5200ms (custom)
2024-01-29 07:42:35,864 [d4227e66-29fb-4e8c-95fa-da42bedd0d48-groupManagement] INFO  server.RaftServerConfigKeys (ConfUtils.java:logGet(46)) - raft.server.rpc.sleep.time = 25ms (default)
2024-01-29 07:42:35,864 [d4227e66-29fb-4e8c-95fa-da42bedd0d48-groupManagement] INFO  server.RaftServerConfigKeys (ConfUtils.java:logGet(46)) - raft.server.rpc.slowness.timeout = 300000ms (custom)
2024-01-29 07:42:35,864 [d4227e66-29fb-4e8c-95fa-da42bedd0d48-groupManagement] INFO  server.RaftServerConfigKeys (ConfUtils.java:logGet(46)) - raft.server.leaderelection.leader.step-down.wait-time = 10s (default)
2024-01-29 07:42:35,864 [d4227e66-29fb-4e8c-95fa-da42bedd0d48-groupManagement] INFO  server.RaftServerConfigKeys (ConfUtils.java:logGet(46)) - raft.server.leaderelection.member.majority-add = false (default)
2024-01-29 07:42:35,864 [d4227e66-29fb-4e8c-95fa-da42bedd0d48-groupManagement] INFO  server.RaftServerConfigKeys (ConfUtils.java:logGet(46)) - raft.server.sleep.deviation.threshold = 300ms (default)
2024-01-29 07:42:35,864 [d4227e66-29fb-4e8c-95fa-da42bedd0d48-groupManagement] INFO  server.RaftServer$Division (ServerState.java:<init>(113)) - d4227e66-29fb-4e8c-95fa-da42bedd0d48@group-322C76EB552B: ConfigurationManager, init=-1: peers:[d4227e66-29fb-4e8c-95fa-da42bedd0d48|10.1.0.7:15130]|listeners:[], old=null, confs=<EMPTY_MAP>
2024-01-29 07:42:35,864 [d4227e66-29fb-4e8c-95fa-da42bedd0d48-groupManagement] INFO  server.RaftServerConfigKeys (ConfUtils.java:logGet(46)) - raft.server.notification.no-leader.timeout = 300000ms (custom)
2024-01-29 07:42:35,864 [d4227e66-29fb-4e8c-95fa-da42bedd0d48-groupManagement] INFO  server.RaftServerConfigKeys (ConfUtils.java:logGet(46)) - raft.server.read.timeout = 10s (default)
2024-01-29 07:42:35,864 [d4227e66-29fb-4e8c-95fa-da42bedd0d48-groupManagement] INFO  server.RaftServerConfigKeys (ConfUtils.java:logGet(46)) - raft.server.retrycache.expirytime = 600000ms (custom)
2024-01-29 07:42:35,864 [d4227e66-29fb-4e8c-95fa-da42bedd0d48-groupManagement] INFO  server.RaftServerConfigKeys (ConfUtils.java:logGet(46)) - raft.server.retrycache.statistics.expirytime = 100ms (default)
2024-01-29 07:42:35,865 [d4227e66-29fb-4e8c-95fa-da42bedd0d48-groupManagement] INFO  server.RaftServerConfigKeys (ConfUtils.java:logGet(46)) - raft.server.read.option = DEFAULT (default)
2024-01-29 07:42:35,865 [d4227e66-29fb-4e8c-95fa-da42bedd0d48-groupManagement] INFO  server.RaftServerConfigKeys (ConfUtils.java:logGet(46)) - raft.server.read.read-after-write-consistent.write-index-cache.expiry-time = 60s (default)
2024-01-29 07:42:35,867 [d4227e66-29fb-4e8c-95fa-da42bedd0d48-groupManagement] INFO  server.RaftServerConfigKeys (ConfUtils.java:logGet(46)) - raft.server.rpc.request.timeout = 3000ms (default)
2024-01-29 07:42:35,867 [d4227e66-29fb-4e8c-95fa-da42bedd0d48-groupManagement] INFO  server.RaftServerConfigKeys (ConfUtils.java:logGet(46)) - raft.server.log.appender.install.snapshot.enabled = false (custom)
2024-01-29 07:42:35,867 [d4227e66-29fb-4e8c-95fa-da42bedd0d48-groupManagement] INFO  server.RaftServerConfigKeys (ConfUtils.java:logGet(46)) - raft.server.threadpool.server.cached = true (default)
2024-01-29 07:42:35,867 [d4227e66-29fb-4e8c-95fa-da42bedd0d48-groupManagement] INFO  server.RaftServerConfigKeys (ConfUtils.java:logGet(46)) - raft.server.threadpool.server.size = 0 (default)
2024-01-29 07:42:35,867 [d4227e66-29fb-4e8c-95fa-da42bedd0d48-groupManagement] INFO  server.RaftServerConfigKeys (ConfUtils.java:logGet(46)) - raft.server.threadpool.client.cached = true (default)
2024-01-29 07:42:35,867 [d4227e66-29fb-4e8c-95fa-da42bedd0d48-groupManagement] INFO  server.RaftServerConfigKeys (ConfUtils.java:logGet(46)) - raft.server.threadpool.client.size = 0 (default)
2024-01-29 07:42:35,867 [d4227e66-29fb-4e8c-95fa-da42bedd0d48-groupManagement] INFO  server.RaftServerConfigKeys (ConfUtils.java:logGet(46)) - raft.server.storage.free-space.min = 0MB (=0) (default)
2024-01-29 07:42:35,868 [d4227e66-29fb-4e8c-95fa-da42bedd0d48-groupManagement] INFO  server.RaftServerConfigKeys (ConfUtils.java:logGet(46)) - raft.server.log.corruption.policy = EXCEPTION (default)
2024-01-29 07:42:35,868 [d4227e66-29fb-4e8c-95fa-da42bedd0d48-groupManagement] INFO  server.RaftServerConfigKeys (ConfUtils.java:logGet(46)) - raft.server.storage.dir = [/home/runner/work/ozone/ozone/hadoop-ozone/integration-test/target/test-dir/MiniOzoneClusterImpl-43c44e75-c492-4a39-944e-601a0ff30632/datanode-3/data/ratis] (custom)
2024-01-29 07:42:35,868 [d4227e66-29fb-4e8c-95fa-da42bedd0d48-groupManagement] INFO  storage.RaftStorageDirectory (RaftStorageDirectoryImpl.java:analyzeStorage(138)) - The storage directory /home/runner/work/ozone/ozone/hadoop-ozone/integration-test/target/test-dir/MiniOzoneClusterImpl-43c44e75-c492-4a39-944e-601a0ff30632/datanode-3/data/ratis/09b08d91-6932-4c97-b9bb-322c76eb552b does not exist. Creating ...
2024-01-29 07:42:35,869 [d4227e66-29fb-4e8c-95fa-da42bedd0d48-groupManagement] INFO  storage.RaftStorageDirectory (RaftStorageDirectoryImpl.java:tryLock(228)) - Lock on /home/runner/work/ozone/ozone/hadoop-ozone/integration-test/target/test-dir/MiniOzoneClusterImpl-43c44e75-c492-4a39-944e-601a0ff30632/datanode-3/data/ratis/09b08d91-6932-4c97-b9bb-322c76eb552b/in_use.lock acquired by nodename 37616@fv-az571-724
2024-01-29 07:42:35,870 [d4227e66-29fb-4e8c-95fa-da42bedd0d48-groupManagement] INFO  storage.RaftStorage (RaftStorageImpl.java:format(99)) - Storage directory /home/runner/work/ozone/ozone/hadoop-ozone/integration-test/target/test-dir/MiniOzoneClusterImpl-43c44e75-c492-4a39-944e-601a0ff30632/datanode-3/data/ratis/09b08d91-6932-4c97-b9bb-322c76eb552b has been successfully formatted.
2024-01-29 07:42:35,870 [d4227e66-29fb-4e8c-95fa-da42bedd0d48-groupManagement] WARN  util.FileUtils (LogUtils.java:supplyAndLog(63)) - Failed to Files.newInputStream /home/runner/work/ozone/ozone/hadoop-ozone/integration-test/target/test-dir/MiniOzoneClusterImpl-43c44e75-c492-4a39-944e-601a0ff30632/datanode-3/data/ratis/09b08d91-6932-4c97-b9bb-322c76eb552b/current/raft-meta.conf with options []: java.nio.file.NoSuchFileException: /home/runner/work/ozone/ozone/hadoop-ozone/integration-test/target/test-dir/MiniOzoneClusterImpl-43c44e75-c492-4a39-944e-601a0ff30632/datanode-3/data/ratis/09b08d91-6932-4c97-b9bb-322c76eb552b/current/raft-meta.conf
2024-01-29 07:42:35,871 [d4227e66-29fb-4e8c-95fa-da42bedd0d48-groupManagement] INFO  ratis.ContainerStateMachine (ContainerStateMachine.java:loadSnapshot(287)) - group-322C76EB552B: The snapshot info is null. Setting the last applied index to:(t:0, i:~)
2024-01-29 07:42:35,872 [d4227e66-29fb-4e8c-95fa-da42bedd0d48-groupManagement] INFO  server.RaftServerConfigKeys (ConfUtils.java:logGet(46)) - raft.server.log.use.memory = false (default)
2024-01-29 07:42:35,872 [d4227e66-29fb-4e8c-95fa-da42bedd0d48-groupManagement] INFO  server.RaftServerConfigKeys (ConfUtils.java:logGet(46)) - raft.server.log.purge.gap = 1000000 (custom)
2024-01-29 07:42:35,872 [d4227e66-29fb-4e8c-95fa-da42bedd0d48-groupManagement] INFO  server.RaftServerConfigKeys (ConfUtils.java:logGet(46)) - raft.server.log.appender.buffer.byte-limit = 8388608 (custom)
2024-01-29 07:42:35,872 [d4227e66-29fb-4e8c-95fa-da42bedd0d48-groupManagement] INFO  server.RaftServerConfigKeys (ConfUtils.java:logGet(46)) - raft.server.log.statemachine.data.read.timeout = 1000ms (default)
2024-01-29 07:42:35,872 [d4227e66-29fb-4e8c-95fa-da42bedd0d48-groupManagement] INFO  server.RaftServerConfigKeys (ConfUtils.java:logGet(46)) - raft.server.log.purge.preservation.log.num = 0 (default)
2024-01-29 07:42:35,873 [d4227e66-29fb-4e8c-95fa-da42bedd0d48-groupManagement] INFO  server.RaftServerConfigKeys (ConfUtils.java:logGet(46)) - raft.server.log.segment.size.max = 67108864 (custom)
2024-01-29 07:42:35,873 [EventQueue-PipelineReportForPipelineReportHandler] INFO  pipeline.PipelineReportHandler (PipelineReportHandler.java:processPipelineReport(136)) - Opened pipeline PipelineID=09b08d91-6932-4c97-b9bb-322c76eb552b
2024-01-29 07:42:35,873 [EventQueue-OpenPipelineForHealthyPipelineSafeModeRule] INFO  safemode.SCMSafeModeManager (HealthyPipelineSafeModeRule.java:process(140)) - SCM in safe mode. Healthy pipelines reported count is 0, required healthy pipeline reported count is 1
2024-01-29 07:42:35,874 [d4227e66-29fb-4e8c-95fa-da42bedd0d48-groupManagement] INFO  server.RaftServerConfigKeys (ConfUtils.java:logGet(46)) - raft.server.log.segment.cache.num.max = 2 (custom)
2024-01-29 07:42:35,874 [d4227e66-29fb-4e8c-95fa-da42bedd0d48-groupManagement] INFO  server.RaftServerConfigKeys (ConfUtils.java:logGet(46)) - raft.server.log.segment.cache.size.max = 200MB (=209715200) (default)
2024-01-29 07:42:35,874 [d4227e66-29fb-4e8c-95fa-da42bedd0d48-groupManagement] INFO  server.RaftServerConfigKeys (ConfUtils.java:logGet(46)) - raft.server.log.appender.buffer.byte-limit = 8388608 (custom)
2024-01-29 07:42:35,875 [d4227e66-29fb-4e8c-95fa-da42bedd0d48-groupManagement] INFO  util.AwaitToRun (AwaitToRun.java:start(81)) - Thread[d4227e66-29fb-4e8c-95fa-da42bedd0d48@group-322C76EB552B-cacheEviction-AwaitToRun,5,main] started
2024-01-29 07:42:35,875 [d4227e66-29fb-4e8c-95fa-da42bedd0d48-groupManagement] INFO  segmented.SegmentedRaftLogWorker (SegmentedRaftLogWorker.java:<init>(182)) - new d4227e66-29fb-4e8c-95fa-da42bedd0d48@group-322C76EB552B-SegmentedRaftLogWorker for RaftStorageImpl:Storage Directory /home/runner/work/ozone/ozone/hadoop-ozone/integration-test/target/test-dir/MiniOzoneClusterImpl-43c44e75-c492-4a39-944e-601a0ff30632/datanode-3/data/ratis/09b08d91-6932-4c97-b9bb-322c76eb552b
2024-01-29 07:42:35,875 [d4227e66-29fb-4e8c-95fa-da42bedd0d48-groupManagement] INFO  server.RaftServerConfigKeys (ConfUtils.java:logGet(46)) - raft.server.log.queue.byte-limit = 4294967296 (custom)
2024-01-29 07:42:35,875 [d4227e66-29fb-4e8c-95fa-da42bedd0d48-groupManagement] INFO  server.RaftServerConfigKeys (ConfUtils.java:logGet(46)) - raft.server.log.queue.element-limit = 1024 (custom)
2024-01-29 07:42:35,875 [d4227e66-29fb-4e8c-95fa-da42bedd0d48-groupManagement] INFO  server.RaftServerConfigKeys (ConfUtils.java:logGet(46)) - raft.server.log.segment.size.max = 67108864 (custom)
2024-01-29 07:42:35,875 [d4227e66-29fb-4e8c-95fa-da42bedd0d48-groupManagement] INFO  server.RaftServerConfigKeys (ConfUtils.java:logGet(46)) - raft.server.log.preallocated.size = 4194304 (custom)
2024-01-29 07:42:35,875 [d4227e66-29fb-4e8c-95fa-da42bedd0d48-groupManagement] INFO  server.RaftServerConfigKeys (ConfUtils.java:logGet(46)) - raft.server.log.force.sync.num = 128 (default)
2024-01-29 07:42:35,875 [d4227e66-29fb-4e8c-95fa-da42bedd0d48-groupManagement] INFO  server.RaftServerConfigKeys (ConfUtils.java:logGet(46)) - raft.server.log.statemachine.data.sync = true (default)
2024-01-29 07:42:35,875 [d4227e66-29fb-4e8c-95fa-da42bedd0d48-groupManagement] INFO  server.RaftServerConfigKeys (ConfUtils.java:logGet(46)) - raft.server.log.statemachine.data.sync.timeout = 10s (default)
2024-01-29 07:42:35,875 [d4227e66-29fb-4e8c-95fa-da42bedd0d48-groupManagement] INFO  server.RaftServerConfigKeys (ConfUtils.java:logGet(46)) - raft.server.log.statemachine.data.sync.timeout.retry = 0 (custom)
2024-01-29 07:42:35,875 [d4227e66-29fb-4e8c-95fa-da42bedd0d48-groupManagement] INFO  server.RaftServerConfigKeys (ConfUtils.java:logGet(46)) - raft.server.log.write.buffer.size = 8388616 (custom)
2024-01-29 07:42:35,877 [d4227e66-29fb-4e8c-95fa-da42bedd0d48-groupManagement] INFO  server.RaftServerConfigKeys (ConfUtils.java:logGet(46)) - raft.server.log.appender.buffer.byte-limit = 8388608 (custom)
2024-01-29 07:42:35,877 [d4227e66-29fb-4e8c-95fa-da42bedd0d48-groupManagement] INFO  server.RaftServerConfigKeys (ConfUtils.java:logGet(46)) - raft.server.log.unsafe-flush.enabled = false (default)
2024-01-29 07:42:35,877 [d4227e66-29fb-4e8c-95fa-da42bedd0d48-groupManagement] INFO  server.RaftServerConfigKeys (ConfUtils.java:logGet(46)) - raft.server.log.async-flush.enabled = false (default)
2024-01-29 07:42:35,877 [d4227e66-29fb-4e8c-95fa-da42bedd0d48-groupManagement] INFO  server.RaftServerConfigKeys (ConfUtils.java:logGet(46)) - raft.server.log.statemachine.data.caching.enabled = true (custom)
2024-01-29 07:42:35,877 [d4227e66-29fb-4e8c-95fa-da42bedd0d48-groupManagement] INFO  segmented.SegmentedRaftLogWorker (SegmentedRaftLogWorker.java:lambda$new$0(134)) - d4227e66-29fb-4e8c-95fa-da42bedd0d48@group-322C76EB552B-SegmentedRaftLogWorker: flushIndex: setUnconditionally 0 -> -1
2024-01-29 07:42:35,877 [d4227e66-29fb-4e8c-95fa-da42bedd0d48-groupManagement] INFO  segmented.SegmentedRaftLogWorker (SegmentedRaftLogWorker.java:lambda$new$0(134)) - d4227e66-29fb-4e8c-95fa-da42bedd0d48@group-322C76EB552B-SegmentedRaftLogWorker: safeCacheEvictIndex: setUnconditionally 0 -> -1
2024-01-29 07:42:35,877 [d4227e66-29fb-4e8c-95fa-da42bedd0d48-groupManagement] INFO  server.RaftServer$Division (RaftServerImpl.java:start(396)) - d4227e66-29fb-4e8c-95fa-da42bedd0d48@group-322C76EB552B: start as a follower, conf=-1: peers:[d4227e66-29fb-4e8c-95fa-da42bedd0d48|10.1.0.7:15130]|listeners:[], old=null
2024-01-29 07:42:35,878 [d4227e66-29fb-4e8c-95fa-da42bedd0d48-groupManagement] INFO  server.RaftServer$Division (RaftServerImpl.java:setRole(383)) - d4227e66-29fb-4e8c-95fa-da42bedd0d48@group-322C76EB552B: changes role from      null to FOLLOWER at term 0 for startAsFollower
2024-01-29 07:42:35,878 [d4227e66-29fb-4e8c-95fa-da42bedd0d48-groupManagement] INFO  impl.RoleInfo (RoleInfo.java:updateAndGet(139)) - d4227e66-29fb-4e8c-95fa-da42bedd0d48: start d4227e66-29fb-4e8c-95fa-da42bedd0d48@group-322C76EB552B-FollowerState
2024-01-29 07:42:35,880 [d4227e66-29fb-4e8c-95fa-da42bedd0d48@group-322C76EB552B-FollowerState] INFO  server.RaftServerConfigKeys (ConfUtils.java:logFallback(53)) - raft.server.rpc.first-election.timeout.min = 5s (fallback to raft.server.rpc.timeout.min)
2024-01-29 07:42:35,880 [d4227e66-29fb-4e8c-95fa-da42bedd0d48-groupManagement] INFO  util.JmxRegister (JmxRegister.java:tryRegister(44)) - Successfully registered JMX Bean with object name Ratis:service=RaftServer,group=group-322C76EB552B,id=d4227e66-29fb-4e8c-95fa-da42bedd0d48
2024-01-29 07:42:35,880 [d4227e66-29fb-4e8c-95fa-da42bedd0d48-groupManagement] INFO  server.RaftServerConfigKeys (ConfUtils.java:logGet(46)) - raft.server.snapshot.trigger-when-stop.enabled = true (default)
2024-01-29 07:42:35,880 [d4227e66-29fb-4e8c-95fa-da42bedd0d48-groupManagement] INFO  server.RaftServerConfigKeys (ConfUtils.java:logGet(46)) - raft.server.snapshot.auto.trigger.enabled = true (custom)
2024-01-29 07:42:35,880 [d4227e66-29fb-4e8c-95fa-da42bedd0d48-groupManagement] INFO  server.RaftServerConfigKeys (ConfUtils.java:logGet(46)) - raft.server.snapshot.auto.trigger.threshold = 10000 (custom)
2024-01-29 07:42:35,880 [d4227e66-29fb-4e8c-95fa-da42bedd0d48-groupManagement] INFO  server.RaftServerConfigKeys (ConfUtils.java:logGet(46)) - raft.server.snapshot.retention.file.num = 5 (custom)
2024-01-29 07:42:35,880 [d4227e66-29fb-4e8c-95fa-da42bedd0d48-groupManagement] INFO  server.RaftServerConfigKeys (ConfUtils.java:logGet(46)) - raft.server.log.purge.upto.snapshot.index = false (default)
2024-01-29 07:42:35,880 [d4227e66-29fb-4e8c-95fa-da42bedd0d48@group-322C76EB552B-FollowerState] INFO  server.RaftServerConfigKeys (ConfUtils.java:logFallback(53)) - raft.server.rpc.first-election.timeout.max = 5200ms (fallback to raft.server.rpc.timeout.max)
2024-01-29 07:42:35,881 [d4227e66-29fb-4e8c-95fa-da42bedd0d48-PipelineCommandHandlerThread-0] INFO  ratis.XceiverServerRatis (XceiverServerRatis.java:addGroup(864)) - Created group PipelineID=09b08d91-6932-4c97-b9bb-322c76eb552b
2024-01-29 07:42:35,881 [d4227e66-29fb-4e8c-95fa-da42bedd0d48-PipelineCommandHandlerThread-0] INFO  commandhandler.CreatePipelineCommandHandler (CreatePipelineCommandHandler.java:lambda$handle$2(124)) - Created Pipeline RATIS ONE PipelineID=09b08d91-6932-4c97-b9bb-322c76eb552b.
2024-01-29 07:42:35,881 [d4227e66-29fb-4e8c-95fa-da42bedd0d48-PipelineCommandHandlerThread-0] INFO  server.RaftServer (RaftServerProxy.java:addNew(100)) - d4227e66-29fb-4e8c-95fa-da42bedd0d48: addNew group-55EB5D85A497:[f3d36f04-bccd-4be2-9dc2-ceae52659d99|10.1.0.7:15139, d4227e66-29fb-4e8c-95fa-da42bedd0d48|10.1.0.7:15130, aaaecba4-dc3a-4434-b0f1-479f09acdbc3|10.1.0.7:15148] returns group-55EB5D85A497:java.util.concurrent.CompletableFuture@b41d704[Not completed]
2024-01-29 07:42:35,882 [d4227e66-29fb-4e8c-95fa-da42bedd0d48-groupManagement] INFO  server.RaftServer$Division (RaftServerImpl.java:<init>(256)) - d4227e66-29fb-4e8c-95fa-da42bedd0d48: new RaftServerImpl for group-55EB5D85A497:[f3d36f04-bccd-4be2-9dc2-ceae52659d99|10.1.0.7:15139, d4227e66-29fb-4e8c-95fa-da42bedd0d48|10.1.0.7:15130, aaaecba4-dc3a-4434-b0f1-479f09acdbc3|10.1.0.7:15148] with ContainerStateMachine:uninitialized
2024-01-29 07:42:35,882 [d4227e66-29fb-4e8c-95fa-da42bedd0d48-groupManagement] INFO  server.RaftServerConfigKeys (ConfUtils.java:logGet(46)) - raft.server.rpc.timeout.min = 5s (custom)
2024-01-29 07:42:35,883 [d4227e66-29fb-4e8c-95fa-da42bedd0d48-groupManagement] INFO  server.RaftServerConfigKeys (ConfUtils.java:logGet(46)) - raft.server.rpc.timeout.max = 5200ms (custom)
2024-01-29 07:42:35,883 [d4227e66-29fb-4e8c-95fa-da42bedd0d48-groupManagement] INFO  server.RaftServerConfigKeys (ConfUtils.java:logGet(46)) - raft.server.rpc.sleep.time = 25ms (default)
2024-01-29 07:42:35,883 [d4227e66-29fb-4e8c-95fa-da42bedd0d48-groupManagement] INFO  server.RaftServerConfigKeys (ConfUtils.java:logGet(46)) - raft.server.rpc.slowness.timeout = 300000ms (custom)
2024-01-29 07:42:35,883 [d4227e66-29fb-4e8c-95fa-da42bedd0d48-groupManagement] INFO  server.RaftServerConfigKeys (ConfUtils.java:logGet(46)) - raft.server.leaderelection.leader.step-down.wait-time = 10s (default)
2024-01-29 07:42:35,883 [d4227e66-29fb-4e8c-95fa-da42bedd0d48-groupManagement] INFO  server.RaftServerConfigKeys (ConfUtils.java:logGet(46)) - raft.server.leaderelection.member.majority-add = false (default)
2024-01-29 07:42:35,883 [d4227e66-29fb-4e8c-95fa-da42bedd0d48-groupManagement] INFO  server.RaftServerConfigKeys (ConfUtils.java:logGet(46)) - raft.server.sleep.deviation.threshold = 300ms (default)
2024-01-29 07:42:35,883 [d4227e66-29fb-4e8c-95fa-da42bedd0d48-groupManagement] INFO  server.RaftServer$Division (ServerState.java:<init>(113)) - d4227e66-29fb-4e8c-95fa-da42bedd0d48@group-55EB5D85A497: ConfigurationManager, init=-1: peers:[f3d36f04-bccd-4be2-9dc2-ceae52659d99|10.1.0.7:15139, d4227e66-29fb-4e8c-95fa-da42bedd0d48|10.1.0.7:15130, aaaecba4-dc3a-4434-b0f1-479f09acdbc3|10.1.0.7:15148]|listeners:[], old=null, confs=<EMPTY_MAP>
2024-01-29 07:42:35,883 [d4227e66-29fb-4e8c-95fa-da42bedd0d48-groupManagement] INFO  server.RaftServerConfigKeys (ConfUtils.java:logGet(46)) - raft.server.notification.no-leader.timeout = 300000ms (custom)
2024-01-29 07:42:35,883 [d4227e66-29fb-4e8c-95fa-da42bedd0d48-groupManagement] INFO  server.RaftServerConfigKeys (ConfUtils.java:logGet(46)) - raft.server.read.timeout = 10s (default)
2024-01-29 07:42:35,883 [d4227e66-29fb-4e8c-95fa-da42bedd0d48-groupManagement] INFO  server.RaftServerConfigKeys (ConfUtils.java:logGet(46)) - raft.server.retrycache.expirytime = 600000ms (custom)
2024-01-29 07:42:35,883 [d4227e66-29fb-4e8c-95fa-da42bedd0d48-groupManagement] INFO  server.RaftServerConfigKeys (ConfUtils.java:logGet(46)) - raft.server.retrycache.statistics.expirytime = 100ms (default)
2024-01-29 07:42:35,883 [d4227e66-29fb-4e8c-95fa-da42bedd0d48-groupManagement] INFO  server.RaftServerConfigKeys (ConfUtils.java:logGet(46)) - raft.server.read.option = DEFAULT (default)
2024-01-29 07:42:35,883 [d4227e66-29fb-4e8c-95fa-da42bedd0d48-groupManagement] INFO  server.RaftServerConfigKeys (ConfUtils.java:logGet(46)) - raft.server.read.read-after-write-consistent.write-index-cache.expiry-time = 60s (default)
2024-01-29 07:42:35,885 [d4227e66-29fb-4e8c-95fa-da42bedd0d48-groupManagement] INFO  server.RaftServerConfigKeys (ConfUtils.java:logGet(46)) - raft.server.rpc.request.timeout = 3000ms (default)
2024-01-29 07:42:35,885 [d4227e66-29fb-4e8c-95fa-da42bedd0d48-groupManagement] INFO  server.RaftServerConfigKeys (ConfUtils.java:logGet(46)) - raft.server.log.appender.install.snapshot.enabled = false (custom)
2024-01-29 07:42:35,885 [d4227e66-29fb-4e8c-95fa-da42bedd0d48-groupManagement] INFO  server.RaftServerConfigKeys (ConfUtils.java:logGet(46)) - raft.server.threadpool.server.cached = true (default)
2024-01-29 07:42:35,885 [d4227e66-29fb-4e8c-95fa-da42bedd0d48-groupManagement] INFO  server.RaftServerConfigKeys (ConfUtils.java:logGet(46)) - raft.server.threadpool.server.size = 0 (default)
2024-01-29 07:42:35,885 [d4227e66-29fb-4e8c-95fa-da42bedd0d48-groupManagement] INFO  server.RaftServerConfigKeys (ConfUtils.java:logGet(46)) - raft.server.threadpool.client.cached = true (default)
2024-01-29 07:42:35,885 [d4227e66-29fb-4e8c-95fa-da42bedd0d48-groupManagement] INFO  server.RaftServerConfigKeys (ConfUtils.java:logGet(46)) - raft.server.threadpool.client.size = 0 (default)
2024-01-29 07:42:35,886 [d4227e66-29fb-4e8c-95fa-da42bedd0d48-groupManagement] INFO  server.RaftServerConfigKeys (ConfUtils.java:logGet(46)) - raft.server.storage.free-space.min = 0MB (=0) (default)
2024-01-29 07:42:35,886 [d4227e66-29fb-4e8c-95fa-da42bedd0d48-groupManagement] INFO  server.RaftServerConfigKeys (ConfUtils.java:logGet(46)) - raft.server.log.corruption.policy = EXCEPTION (default)
2024-01-29 07:42:35,886 [d4227e66-29fb-4e8c-95fa-da42bedd0d48-groupManagement] INFO  server.RaftServerConfigKeys (ConfUtils.java:logGet(46)) - raft.server.storage.dir = [/home/runner/work/ozone/ozone/hadoop-ozone/integration-test/target/test-dir/MiniOzoneClusterImpl-43c44e75-c492-4a39-944e-601a0ff30632/datanode-3/data/ratis] (custom)
2024-01-29 07:42:35,886 [d4227e66-29fb-4e8c-95fa-da42bedd0d48-groupManagement] INFO  storage.RaftStorageDirectory (RaftStorageDirectoryImpl.java:analyzeStorage(138)) - The storage directory /home/runner/work/ozone/ozone/hadoop-ozone/integration-test/target/test-dir/MiniOzoneClusterImpl-43c44e75-c492-4a39-944e-601a0ff30632/datanode-3/data/ratis/7c817f05-8ba5-4455-bbe1-55eb5d85a497 does not exist. Creating ...
2024-01-29 07:42:35,887 [d4227e66-29fb-4e8c-95fa-da42bedd0d48-groupManagement] INFO  storage.RaftStorageDirectory (RaftStorageDirectoryImpl.java:tryLock(228)) - Lock on /home/runner/work/ozone/ozone/hadoop-ozone/integration-test/target/test-dir/MiniOzoneClusterImpl-43c44e75-c492-4a39-944e-601a0ff30632/datanode-3/data/ratis/7c817f05-8ba5-4455-bbe1-55eb5d85a497/in_use.lock acquired by nodename 37616@fv-az571-724
2024-01-29 07:42:35,888 [d4227e66-29fb-4e8c-95fa-da42bedd0d48-groupManagement] INFO  storage.RaftStorage (RaftStorageImpl.java:format(99)) - Storage directory /home/runner/work/ozone/ozone/hadoop-ozone/integration-test/target/test-dir/MiniOzoneClusterImpl-43c44e75-c492-4a39-944e-601a0ff30632/datanode-3/data/ratis/7c817f05-8ba5-4455-bbe1-55eb5d85a497 has been successfully formatted.
2024-01-29 07:42:35,888 [d4227e66-29fb-4e8c-95fa-da42bedd0d48-groupManagement] WARN  util.FileUtils (LogUtils.java:supplyAndLog(63)) - Failed to Files.newInputStream /home/runner/work/ozone/ozone/hadoop-ozone/integration-test/target/test-dir/MiniOzoneClusterImpl-43c44e75-c492-4a39-944e-601a0ff30632/datanode-3/data/ratis/7c817f05-8ba5-4455-bbe1-55eb5d85a497/current/raft-meta.conf with options []: java.nio.file.NoSuchFileException: /home/runner/work/ozone/ozone/hadoop-ozone/integration-test/target/test-dir/MiniOzoneClusterImpl-43c44e75-c492-4a39-944e-601a0ff30632/datanode-3/data/ratis/7c817f05-8ba5-4455-bbe1-55eb5d85a497/current/raft-meta.conf
2024-01-29 07:42:35,888 [d4227e66-29fb-4e8c-95fa-da42bedd0d48-groupManagement] INFO  ratis.ContainerStateMachine (ContainerStateMachine.java:loadSnapshot(287)) - group-55EB5D85A497: The snapshot info is null. Setting the last applied index to:(t:0, i:~)
2024-01-29 07:42:35,888 [d4227e66-29fb-4e8c-95fa-da42bedd0d48-groupManagement] INFO  server.RaftServerConfigKeys (ConfUtils.java:logGet(46)) - raft.server.log.use.memory = false (default)
2024-01-29 07:42:35,888 [d4227e66-29fb-4e8c-95fa-da42bedd0d48-groupManagement] INFO  server.RaftServerConfigKeys (ConfUtils.java:logGet(46)) - raft.server.log.purge.gap = 1000000 (custom)
2024-01-29 07:42:35,888 [d4227e66-29fb-4e8c-95fa-da42bedd0d48-groupManagement] INFO  server.RaftServerConfigKeys (ConfUtils.java:logGet(46)) - raft.server.log.appender.buffer.byte-limit = 8388608 (custom)
2024-01-29 07:42:35,889 [d4227e66-29fb-4e8c-95fa-da42bedd0d48-groupManagement] INFO  server.RaftServerConfigKeys (ConfUtils.java:logGet(46)) - raft.server.log.statemachine.data.read.timeout = 1000ms (default)
2024-01-29 07:42:35,889 [d4227e66-29fb-4e8c-95fa-da42bedd0d48-groupManagement] INFO  server.RaftServerConfigKeys (ConfUtils.java:logGet(46)) - raft.server.log.purge.preservation.log.num = 0 (default)
2024-01-29 07:42:35,889 [EventQueue-OpenPipelineForHealthyPipelineSafeModeRule] INFO  safemode.SCMSafeModeManager (HealthyPipelineSafeModeRule.java:process(140)) - SCM in safe mode. Healthy pipelines reported count is 0, required healthy pipeline reported count is 1
2024-01-29 07:42:35,890 [d4227e66-29fb-4e8c-95fa-da42bedd0d48-groupManagement] INFO  server.RaftServerConfigKeys (ConfUtils.java:logGet(46)) - raft.server.log.segment.size.max = 67108864 (custom)
2024-01-29 07:42:35,891 [d4227e66-29fb-4e8c-95fa-da42bedd0d48-groupManagement] INFO  server.RaftServerConfigKeys (ConfUtils.java:logGet(46)) - raft.server.log.segment.cache.num.max = 2 (custom)
2024-01-29 07:42:35,891 [d4227e66-29fb-4e8c-95fa-da42bedd0d48-groupManagement] INFO  server.RaftServerConfigKeys (ConfUtils.java:logGet(46)) - raft.server.log.segment.cache.size.max = 200MB (=209715200) (default)
2024-01-29 07:42:35,891 [d4227e66-29fb-4e8c-95fa-da42bedd0d48-groupManagement] INFO  server.RaftServerConfigKeys (ConfUtils.java:logGet(46)) - raft.server.log.appender.buffer.byte-limit = 8388608 (custom)
2024-01-29 07:42:35,893 [d4227e66-29fb-4e8c-95fa-da42bedd0d48-groupManagement] INFO  util.AwaitToRun (AwaitToRun.java:start(81)) - Thread[d4227e66-29fb-4e8c-95fa-da42bedd0d48@group-55EB5D85A497-cacheEviction-AwaitToRun,5,main] started
2024-01-29 07:42:35,893 [d4227e66-29fb-4e8c-95fa-da42bedd0d48-groupManagement] INFO  segmented.SegmentedRaftLogWorker (SegmentedRaftLogWorker.java:<init>(182)) - new d4227e66-29fb-4e8c-95fa-da42bedd0d48@group-55EB5D85A497-SegmentedRaftLogWorker for RaftStorageImpl:Storage Directory /home/runner/work/ozone/ozone/hadoop-ozone/integration-test/target/test-dir/MiniOzoneClusterImpl-43c44e75-c492-4a39-944e-601a0ff30632/datanode-3/data/ratis/7c817f05-8ba5-4455-bbe1-55eb5d85a497
2024-01-29 07:42:35,893 [d4227e66-29fb-4e8c-95fa-da42bedd0d48-groupManagement] INFO  server.RaftServerConfigKeys (ConfUtils.java:logGet(46)) - raft.server.log.queue.byte-limit = 4294967296 (custom)
2024-01-29 07:42:35,893 [d4227e66-29fb-4e8c-95fa-da42bedd0d48-groupManagement] INFO  server.RaftServerConfigKeys (ConfUtils.java:logGet(46)) - raft.server.log.queue.element-limit = 1024 (custom)
2024-01-29 07:42:35,893 [d4227e66-29fb-4e8c-95fa-da42bedd0d48-groupManagement] INFO  server.RaftServerConfigKeys (ConfUtils.java:logGet(46)) - raft.server.log.segment.size.max = 67108864 (custom)
2024-01-29 07:42:35,893 [d4227e66-29fb-4e8c-95fa-da42bedd0d48-groupManagement] INFO  server.RaftServerConfigKeys (ConfUtils.java:logGet(46)) - raft.server.log.preallocated.size = 4194304 (custom)
2024-01-29 07:42:35,894 [d4227e66-29fb-4e8c-95fa-da42bedd0d48-groupManagement] INFO  server.RaftServerConfigKeys (ConfUtils.java:logGet(46)) - raft.server.log.force.sync.num = 128 (default)
2024-01-29 07:42:35,894 [d4227e66-29fb-4e8c-95fa-da42bedd0d48-groupManagement] INFO  server.RaftServerConfigKeys (ConfUtils.java:logGet(46)) - raft.server.log.statemachine.data.sync = true (default)
2024-01-29 07:42:35,894 [d4227e66-29fb-4e8c-95fa-da42bedd0d48-groupManagement] INFO  server.RaftServerConfigKeys (ConfUtils.java:logGet(46)) - raft.server.log.statemachine.data.sync.timeout = 10s (default)
2024-01-29 07:42:35,894 [d4227e66-29fb-4e8c-95fa-da42bedd0d48-groupManagement] INFO  server.RaftServerConfigKeys (ConfUtils.java:logGet(46)) - raft.server.log.statemachine.data.sync.timeout.retry = 0 (custom)
2024-01-29 07:42:35,894 [d4227e66-29fb-4e8c-95fa-da42bedd0d48-groupManagement] INFO  server.RaftServerConfigKeys (ConfUtils.java:logGet(46)) - raft.server.log.write.buffer.size = 8388616 (custom)
2024-01-29 07:42:35,896 [d4227e66-29fb-4e8c-95fa-da42bedd0d48-groupManagement] INFO  server.RaftServerConfigKeys (ConfUtils.java:logGet(46)) - raft.server.log.appender.buffer.byte-limit = 8388608 (custom)
2024-01-29 07:42:35,896 [d4227e66-29fb-4e8c-95fa-da42bedd0d48-groupManagement] INFO  server.RaftServerConfigKeys (ConfUtils.java:logGet(46)) - raft.server.log.unsafe-flush.enabled = false (default)
2024-01-29 07:42:35,896 [d4227e66-29fb-4e8c-95fa-da42bedd0d48-groupManagement] INFO  server.RaftServerConfigKeys (ConfUtils.java:logGet(46)) - raft.server.log.async-flush.enabled = false (default)
2024-01-29 07:42:35,897 [d4227e66-29fb-4e8c-95fa-da42bedd0d48-groupManagement] INFO  server.RaftServerConfigKeys (ConfUtils.java:logGet(46)) - raft.server.log.statemachine.data.caching.enabled = true (custom)
2024-01-29 07:42:35,897 [d4227e66-29fb-4e8c-95fa-da42bedd0d48-groupManagement] INFO  segmented.SegmentedRaftLogWorker (SegmentedRaftLogWorker.java:lambda$new$0(134)) - d4227e66-29fb-4e8c-95fa-da42bedd0d48@group-55EB5D85A497-SegmentedRaftLogWorker: flushIndex: setUnconditionally 0 -> -1
2024-01-29 07:42:35,897 [d4227e66-29fb-4e8c-95fa-da42bedd0d48-groupManagement] INFO  segmented.SegmentedRaftLogWorker (SegmentedRaftLogWorker.java:lambda$new$0(134)) - d4227e66-29fb-4e8c-95fa-da42bedd0d48@group-55EB5D85A497-SegmentedRaftLogWorker: safeCacheEvictIndex: setUnconditionally 0 -> -1
2024-01-29 07:42:35,897 [d4227e66-29fb-4e8c-95fa-da42bedd0d48-groupManagement] INFO  server.RaftServer$Division (RaftServerImpl.java:start(396)) - d4227e66-29fb-4e8c-95fa-da42bedd0d48@group-55EB5D85A497: start as a follower, conf=-1: peers:[f3d36f04-bccd-4be2-9dc2-ceae52659d99|10.1.0.7:15139, d4227e66-29fb-4e8c-95fa-da42bedd0d48|10.1.0.7:15130, aaaecba4-dc3a-4434-b0f1-479f09acdbc3|10.1.0.7:15148]|listeners:[], old=null
2024-01-29 07:42:35,897 [d4227e66-29fb-4e8c-95fa-da42bedd0d48-groupManagement] INFO  server.RaftServer$Division (RaftServerImpl.java:setRole(383)) - d4227e66-29fb-4e8c-95fa-da42bedd0d48@group-55EB5D85A497: changes role from      null to FOLLOWER at term 0 for startAsFollower
2024-01-29 07:42:35,897 [d4227e66-29fb-4e8c-95fa-da42bedd0d48-groupManagement] INFO  impl.RoleInfo (RoleInfo.java:updateAndGet(139)) - d4227e66-29fb-4e8c-95fa-da42bedd0d48: start d4227e66-29fb-4e8c-95fa-da42bedd0d48@group-55EB5D85A497-FollowerState
2024-01-29 07:42:35,899 [d4227e66-29fb-4e8c-95fa-da42bedd0d48@group-55EB5D85A497-FollowerState] INFO  server.RaftServerConfigKeys (ConfUtils.java:logFallback(53)) - raft.server.rpc.first-election.timeout.min = 5s (fallback to raft.server.rpc.timeout.min)
2024-01-29 07:42:35,899 [d4227e66-29fb-4e8c-95fa-da42bedd0d48-groupManagement] INFO  util.JmxRegister (JmxRegister.java:tryRegister(44)) - Successfully registered JMX Bean with object name Ratis:service=RaftServer,group=group-55EB5D85A497,id=d4227e66-29fb-4e8c-95fa-da42bedd0d48
2024-01-29 07:42:35,899 [d4227e66-29fb-4e8c-95fa-da42bedd0d48-groupManagement] INFO  server.RaftServerConfigKeys (ConfUtils.java:logGet(46)) - raft.server.snapshot.trigger-when-stop.enabled = true (default)
2024-01-29 07:42:35,899 [d4227e66-29fb-4e8c-95fa-da42bedd0d48-groupManagement] INFO  server.RaftServerConfigKeys (ConfUtils.java:logGet(46)) - raft.server.snapshot.auto.trigger.enabled = true (custom)
2024-01-29 07:42:35,900 [d4227e66-29fb-4e8c-95fa-da42bedd0d48-groupManagement] INFO  server.RaftServerConfigKeys (ConfUtils.java:logGet(46)) - raft.server.snapshot.auto.trigger.threshold = 10000 (custom)
2024-01-29 07:42:35,899 [d4227e66-29fb-4e8c-95fa-da42bedd0d48@group-55EB5D85A497-FollowerState] INFO  server.RaftServerConfigKeys (ConfUtils.java:logFallback(53)) - raft.server.rpc.first-election.timeout.max = 5200ms (fallback to raft.server.rpc.timeout.max)
2024-01-29 07:42:35,900 [d4227e66-29fb-4e8c-95fa-da42bedd0d48-groupManagement] INFO  server.RaftServerConfigKeys (ConfUtils.java:logGet(46)) - raft.server.snapshot.retention.file.num = 5 (custom)
2024-01-29 07:42:35,900 [d4227e66-29fb-4e8c-95fa-da42bedd0d48-groupManagement] INFO  server.RaftServerConfigKeys (ConfUtils.java:logGet(46)) - raft.server.log.purge.upto.snapshot.index = false (default)
2024-01-29 07:42:35,901 [d4227e66-29fb-4e8c-95fa-da42bedd0d48-PipelineCommandHandlerThread-0] INFO  ratis.XceiverServerRatis (XceiverServerRatis.java:addGroup(864)) - Created group PipelineID=7c817f05-8ba5-4455-bbe1-55eb5d85a497
2024-01-29 07:42:35,907 [grpc-default-executor-0] INFO  server.RaftServer (RaftServerProxy.java:addNew(100)) - f3d36f04-bccd-4be2-9dc2-ceae52659d99: addNew group-55EB5D85A497:[f3d36f04-bccd-4be2-9dc2-ceae52659d99|10.1.0.7:15139, d4227e66-29fb-4e8c-95fa-da42bedd0d48|10.1.0.7:15130, aaaecba4-dc3a-4434-b0f1-479f09acdbc3|10.1.0.7:15148] returns group-55EB5D85A497:java.util.concurrent.CompletableFuture@3c3d6317[Not completed]
2024-01-29 07:42:35,908 [f3d36f04-bccd-4be2-9dc2-ceae52659d99-groupManagement] INFO  server.RaftServer$Division (RaftServerImpl.java:<init>(256)) - f3d36f04-bccd-4be2-9dc2-ceae52659d99: new RaftServerImpl for group-55EB5D85A497:[f3d36f04-bccd-4be2-9dc2-ceae52659d99|10.1.0.7:15139, d4227e66-29fb-4e8c-95fa-da42bedd0d48|10.1.0.7:15130, aaaecba4-dc3a-4434-b0f1-479f09acdbc3|10.1.0.7:15148] with ContainerStateMachine:uninitialized
2024-01-29 07:42:35,908 [f3d36f04-bccd-4be2-9dc2-ceae52659d99-groupManagement] INFO  server.RaftServerConfigKeys (ConfUtils.java:logGet(46)) - raft.server.rpc.timeout.min = 5s (custom)
2024-01-29 07:42:35,908 [f3d36f04-bccd-4be2-9dc2-ceae52659d99-groupManagement] INFO  server.RaftServerConfigKeys (ConfUtils.java:logGet(46)) - raft.server.rpc.timeout.max = 5200ms (custom)
2024-01-29 07:42:35,908 [f3d36f04-bccd-4be2-9dc2-ceae52659d99-groupManagement] INFO  server.RaftServerConfigKeys (ConfUtils.java:logGet(46)) - raft.server.rpc.sleep.time = 25ms (default)
2024-01-29 07:42:35,908 [f3d36f04-bccd-4be2-9dc2-ceae52659d99-groupManagement] INFO  server.RaftServerConfigKeys (ConfUtils.java:logGet(46)) - raft.server.rpc.slowness.timeout = 300000ms (custom)
2024-01-29 07:42:35,909 [f3d36f04-bccd-4be2-9dc2-ceae52659d99-groupManagement] INFO  server.RaftServerConfigKeys (ConfUtils.java:logGet(46)) - raft.server.leaderelection.leader.step-down.wait-time = 10s (default)
2024-01-29 07:42:35,909 [f3d36f04-bccd-4be2-9dc2-ceae52659d99-groupManagement] INFO  server.RaftServerConfigKeys (ConfUtils.java:logGet(46)) - raft.server.leaderelection.member.majority-add = false (default)
2024-01-29 07:42:35,909 [f3d36f04-bccd-4be2-9dc2-ceae52659d99-groupManagement] INFO  server.RaftServerConfigKeys (ConfUtils.java:logGet(46)) - raft.server.sleep.deviation.threshold = 300ms (default)
2024-01-29 07:42:35,909 [f3d36f04-bccd-4be2-9dc2-ceae52659d99-groupManagement] INFO  server.RaftServer$Division (ServerState.java:<init>(113)) - f3d36f04-bccd-4be2-9dc2-ceae52659d99@group-55EB5D85A497: ConfigurationManager, init=-1: peers:[f3d36f04-bccd-4be2-9dc2-ceae52659d99|10.1.0.7:15139, d4227e66-29fb-4e8c-95fa-da42bedd0d48|10.1.0.7:15130, aaaecba4-dc3a-4434-b0f1-479f09acdbc3|10.1.0.7:15148]|listeners:[], old=null, confs=<EMPTY_MAP>
2024-01-29 07:42:35,909 [f3d36f04-bccd-4be2-9dc2-ceae52659d99-groupManagement] INFO  server.RaftServerConfigKeys (ConfUtils.java:logGet(46)) - raft.server.notification.no-leader.timeout = 300000ms (custom)
2024-01-29 07:42:35,909 [f3d36f04-bccd-4be2-9dc2-ceae52659d99-groupManagement] INFO  server.RaftServerConfigKeys (ConfUtils.java:logGet(46)) - raft.server.read.timeout = 10s (default)
2024-01-29 07:42:35,909 [f3d36f04-bccd-4be2-9dc2-ceae52659d99-groupManagement] INFO  server.RaftServerConfigKeys (ConfUtils.java:logGet(46)) - raft.server.retrycache.expirytime = 600000ms (custom)
2024-01-29 07:42:35,909 [f3d36f04-bccd-4be2-9dc2-ceae52659d99-groupManagement] INFO  server.RaftServerConfigKeys (ConfUtils.java:logGet(46)) - raft.server.retrycache.statistics.expirytime = 100ms (default)
2024-01-29 07:42:35,909 [f3d36f04-bccd-4be2-9dc2-ceae52659d99-groupManagement] INFO  server.RaftServerConfigKeys (ConfUtils.java:logGet(46)) - raft.server.read.option = DEFAULT (default)
2024-01-29 07:42:35,909 [f3d36f04-bccd-4be2-9dc2-ceae52659d99-groupManagement] INFO  server.RaftServerConfigKeys (ConfUtils.java:logGet(46)) - raft.server.read.read-after-write-consistent.write-index-cache.expiry-time = 60s (default)
2024-01-29 07:42:35,912 [f3d36f04-bccd-4be2-9dc2-ceae52659d99-groupManagement] INFO  server.RaftServerConfigKeys (ConfUtils.java:logGet(46)) - raft.server.rpc.request.timeout = 3000ms (default)
2024-01-29 07:42:35,912 [f3d36f04-bccd-4be2-9dc2-ceae52659d99-groupManagement] INFO  server.RaftServerConfigKeys (ConfUtils.java:logGet(46)) - raft.server.log.appender.install.snapshot.enabled = false (custom)
2024-01-29 07:42:35,912 [f3d36f04-bccd-4be2-9dc2-ceae52659d99-groupManagement] INFO  server.RaftServerConfigKeys (ConfUtils.java:logGet(46)) - raft.server.threadpool.server.cached = true (default)
2024-01-29 07:42:35,912 [f3d36f04-bccd-4be2-9dc2-ceae52659d99-groupManagement] INFO  server.RaftServerConfigKeys (ConfUtils.java:logGet(46)) - raft.server.threadpool.server.size = 0 (default)
2024-01-29 07:42:35,912 [f3d36f04-bccd-4be2-9dc2-ceae52659d99-groupManagement] INFO  server.RaftServerConfigKeys (ConfUtils.java:logGet(46)) - raft.server.threadpool.client.cached = true (default)
2024-01-29 07:42:35,912 [f3d36f04-bccd-4be2-9dc2-ceae52659d99-groupManagement] INFO  server.RaftServerConfigKeys (ConfUtils.java:logGet(46)) - raft.server.threadpool.client.size = 0 (default)
2024-01-29 07:42:35,912 [f3d36f04-bccd-4be2-9dc2-ceae52659d99-groupManagement] INFO  server.RaftServerConfigKeys (ConfUtils.java:logGet(46)) - raft.server.storage.free-space.min = 0MB (=0) (default)
2024-01-29 07:42:35,912 [f3d36f04-bccd-4be2-9dc2-ceae52659d99-groupManagement] INFO  server.RaftServerConfigKeys (ConfUtils.java:logGet(46)) - raft.server.log.corruption.policy = EXCEPTION (default)
2024-01-29 07:42:35,914 [f3d36f04-bccd-4be2-9dc2-ceae52659d99-groupManagement] INFO  server.RaftServerConfigKeys (ConfUtils.java:logGet(46)) - raft.server.storage.dir = [/home/runner/work/ozone/ozone/hadoop-ozone/integration-test/target/test-dir/MiniOzoneClusterImpl-43c44e75-c492-4a39-944e-601a0ff30632/datanode-4/data/ratis] (custom)
2024-01-29 07:42:35,914 [f3d36f04-bccd-4be2-9dc2-ceae52659d99-groupManagement] INFO  storage.RaftStorageDirectory (RaftStorageDirectoryImpl.java:analyzeStorage(138)) - The storage directory /home/runner/work/ozone/ozone/hadoop-ozone/integration-test/target/test-dir/MiniOzoneClusterImpl-43c44e75-c492-4a39-944e-601a0ff30632/datanode-4/data/ratis/7c817f05-8ba5-4455-bbe1-55eb5d85a497 does not exist. Creating ...
2024-01-29 07:42:35,915 [f3d36f04-bccd-4be2-9dc2-ceae52659d99-groupManagement] INFO  storage.RaftStorageDirectory (RaftStorageDirectoryImpl.java:tryLock(228)) - Lock on /home/runner/work/ozone/ozone/hadoop-ozone/integration-test/target/test-dir/MiniOzoneClusterImpl-43c44e75-c492-4a39-944e-601a0ff30632/datanode-4/data/ratis/7c817f05-8ba5-4455-bbe1-55eb5d85a497/in_use.lock acquired by nodename 37616@fv-az571-724
2024-01-29 07:42:35,916 [f3d36f04-bccd-4be2-9dc2-ceae52659d99-groupManagement] INFO  storage.RaftStorage (RaftStorageImpl.java:format(99)) - Storage directory /home/runner/work/ozone/ozone/hadoop-ozone/integration-test/target/test-dir/MiniOzoneClusterImpl-43c44e75-c492-4a39-944e-601a0ff30632/datanode-4/data/ratis/7c817f05-8ba5-4455-bbe1-55eb5d85a497 has been successfully formatted.
2024-01-29 07:42:35,916 [f3d36f04-bccd-4be2-9dc2-ceae52659d99-groupManagement] WARN  util.FileUtils (LogUtils.java:supplyAndLog(63)) - Failed to Files.newInputStream /home/runner/work/ozone/ozone/hadoop-ozone/integration-test/target/test-dir/MiniOzoneClusterImpl-43c44e75-c492-4a39-944e-601a0ff30632/datanode-4/data/ratis/7c817f05-8ba5-4455-bbe1-55eb5d85a497/current/raft-meta.conf with options []: java.nio.file.NoSuchFileException: /home/runner/work/ozone/ozone/hadoop-ozone/integration-test/target/test-dir/MiniOzoneClusterImpl-43c44e75-c492-4a39-944e-601a0ff30632/datanode-4/data/ratis/7c817f05-8ba5-4455-bbe1-55eb5d85a497/current/raft-meta.conf
2024-01-29 07:42:35,918 [f3d36f04-bccd-4be2-9dc2-ceae52659d99-groupManagement] INFO  ratis.ContainerStateMachine (ContainerStateMachine.java:loadSnapshot(287)) - group-55EB5D85A497: The snapshot info is null. Setting the last applied index to:(t:0, i:~)
2024-01-29 07:42:35,918 [f3d36f04-bccd-4be2-9dc2-ceae52659d99-groupManagement] INFO  server.RaftServerConfigKeys (ConfUtils.java:logGet(46)) - raft.server.log.use.memory = false (default)
2024-01-29 07:42:35,918 [f3d36f04-bccd-4be2-9dc2-ceae52659d99-groupManagement] INFO  server.RaftServerConfigKeys (ConfUtils.java:logGet(46)) - raft.server.log.purge.gap = 1000000 (custom)
2024-01-29 07:42:35,918 [f3d36f04-bccd-4be2-9dc2-ceae52659d99-groupManagement] INFO  server.RaftServerConfigKeys (ConfUtils.java:logGet(46)) - raft.server.log.appender.buffer.byte-limit = 8388608 (custom)
2024-01-29 07:42:35,919 [f3d36f04-bccd-4be2-9dc2-ceae52659d99-groupManagement] INFO  server.RaftServerConfigKeys (ConfUtils.java:logGet(46)) - raft.server.log.statemachine.data.read.timeout = 1000ms (default)
2024-01-29 07:42:35,919 [f3d36f04-bccd-4be2-9dc2-ceae52659d99-groupManagement] INFO  server.RaftServerConfigKeys (ConfUtils.java:logGet(46)) - raft.server.log.purge.preservation.log.num = 0 (default)
2024-01-29 07:42:35,922 [f3d36f04-bccd-4be2-9dc2-ceae52659d99-groupManagement] INFO  server.RaftServerConfigKeys (ConfUtils.java:logGet(46)) - raft.server.log.segment.size.max = 67108864 (custom)
2024-01-29 07:42:35,922 [f3d36f04-bccd-4be2-9dc2-ceae52659d99-groupManagement] INFO  server.RaftServerConfigKeys (ConfUtils.java:logGet(46)) - raft.server.log.segment.cache.num.max = 2 (custom)
2024-01-29 07:42:35,922 [f3d36f04-bccd-4be2-9dc2-ceae52659d99-groupManagement] INFO  server.RaftServerConfigKeys (ConfUtils.java:logGet(46)) - raft.server.log.segment.cache.size.max = 200MB (=209715200) (default)
2024-01-29 07:42:35,922 [f3d36f04-bccd-4be2-9dc2-ceae52659d99-groupManagement] INFO  server.RaftServerConfigKeys (ConfUtils.java:logGet(46)) - raft.server.log.appender.buffer.byte-limit = 8388608 (custom)
2024-01-29 07:42:35,922 [f3d36f04-bccd-4be2-9dc2-ceae52659d99-groupManagement] INFO  util.AwaitToRun (AwaitToRun.java:start(81)) - Thread[f3d36f04-bccd-4be2-9dc2-ceae52659d99@group-55EB5D85A497-cacheEviction-AwaitToRun,5,main] started
2024-01-29 07:42:35,923 [f3d36f04-bccd-4be2-9dc2-ceae52659d99-groupManagement] INFO  segmented.SegmentedRaftLogWorker (SegmentedRaftLogWorker.java:<init>(182)) - new f3d36f04-bccd-4be2-9dc2-ceae52659d99@group-55EB5D85A497-SegmentedRaftLogWorker for RaftStorageImpl:Storage Directory /home/runner/work/ozone/ozone/hadoop-ozone/integration-test/target/test-dir/MiniOzoneClusterImpl-43c44e75-c492-4a39-944e-601a0ff30632/datanode-4/data/ratis/7c817f05-8ba5-4455-bbe1-55eb5d85a497
2024-01-29 07:42:35,923 [f3d36f04-bccd-4be2-9dc2-ceae52659d99-groupManagement] INFO  server.RaftServerConfigKeys (ConfUtils.java:logGet(46)) - raft.server.log.queue.byte-limit = 4294967296 (custom)
2024-01-29 07:42:35,923 [f3d36f04-bccd-4be2-9dc2-ceae52659d99-groupManagement] INFO  server.RaftServerConfigKeys (ConfUtils.java:logGet(46)) - raft.server.log.queue.element-limit = 1024 (custom)
2024-01-29 07:42:35,923 [f3d36f04-bccd-4be2-9dc2-ceae52659d99-groupManagement] INFO  server.RaftServerConfigKeys (ConfUtils.java:logGet(46)) - raft.server.log.segment.size.max = 67108864 (custom)
2024-01-29 07:42:35,923 [f3d36f04-bccd-4be2-9dc2-ceae52659d99-groupManagement] INFO  server.RaftServerConfigKeys (ConfUtils.java:logGet(46)) - raft.server.log.preallocated.size = 4194304 (custom)
2024-01-29 07:42:35,923 [f3d36f04-bccd-4be2-9dc2-ceae52659d99-groupManagement] INFO  server.RaftServerConfigKeys (ConfUtils.java:logGet(46)) - raft.server.log.force.sync.num = 128 (default)
2024-01-29 07:42:35,923 [f3d36f04-bccd-4be2-9dc2-ceae52659d99-groupManagement] INFO  server.RaftServerConfigKeys (ConfUtils.java:logGet(46)) - raft.server.log.statemachine.data.sync = true (default)
2024-01-29 07:42:35,923 [f3d36f04-bccd-4be2-9dc2-ceae52659d99-groupManagement] INFO  server.RaftServerConfigKeys (ConfUtils.java:logGet(46)) - raft.server.log.statemachine.data.sync.timeout = 10s (default)
2024-01-29 07:42:35,923 [f3d36f04-bccd-4be2-9dc2-ceae52659d99-groupManagement] INFO  server.RaftServerConfigKeys (ConfUtils.java:logGet(46)) - raft.server.log.statemachine.data.sync.timeout.retry = 0 (custom)
2024-01-29 07:42:35,924 [f3d36f04-bccd-4be2-9dc2-ceae52659d99-groupManagement] INFO  server.RaftServerConfigKeys (ConfUtils.java:logGet(46)) - raft.server.log.write.buffer.size = 8388616 (custom)
2024-01-29 07:42:35,925 [f3d36f04-bccd-4be2-9dc2-ceae52659d99-groupManagement] INFO  server.RaftServerConfigKeys (ConfUtils.java:logGet(46)) - raft.server.log.appender.buffer.byte-limit = 8388608 (custom)
2024-01-29 07:42:35,925 [f3d36f04-bccd-4be2-9dc2-ceae52659d99-groupManagement] INFO  server.RaftServerConfigKeys (ConfUtils.java:logGet(46)) - raft.server.log.unsafe-flush.enabled = false (default)
2024-01-29 07:42:35,925 [f3d36f04-bccd-4be2-9dc2-ceae52659d99-groupManagement] INFO  server.RaftServerConfigKeys (ConfUtils.java:logGet(46)) - raft.server.log.async-flush.enabled = false (default)
2024-01-29 07:42:35,926 [f3d36f04-bccd-4be2-9dc2-ceae52659d99-groupManagement] INFO  server.RaftServerConfigKeys (ConfUtils.java:logGet(46)) - raft.server.log.statemachine.data.caching.enabled = true (custom)
2024-01-29 07:42:35,926 [f3d36f04-bccd-4be2-9dc2-ceae52659d99-groupManagement] INFO  segmented.SegmentedRaftLogWorker (SegmentedRaftLogWorker.java:lambda$new$0(134)) - f3d36f04-bccd-4be2-9dc2-ceae52659d99@group-55EB5D85A497-SegmentedRaftLogWorker: flushIndex: setUnconditionally 0 -> -1
2024-01-29 07:42:35,926 [f3d36f04-bccd-4be2-9dc2-ceae52659d99-groupManagement] INFO  segmented.SegmentedRaftLogWorker (SegmentedRaftLogWorker.java:lambda$new$0(134)) - f3d36f04-bccd-4be2-9dc2-ceae52659d99@group-55EB5D85A497-SegmentedRaftLogWorker: safeCacheEvictIndex: setUnconditionally 0 -> -1
2024-01-29 07:42:35,926 [f3d36f04-bccd-4be2-9dc2-ceae52659d99-groupManagement] INFO  server.RaftServer$Division (RaftServerImpl.java:start(396)) - f3d36f04-bccd-4be2-9dc2-ceae52659d99@group-55EB5D85A497: start as a follower, conf=-1: peers:[f3d36f04-bccd-4be2-9dc2-ceae52659d99|10.1.0.7:15139, d4227e66-29fb-4e8c-95fa-da42bedd0d48|10.1.0.7:15130, aaaecba4-dc3a-4434-b0f1-479f09acdbc3|10.1.0.7:15148]|listeners:[], old=null
2024-01-29 07:42:35,926 [f3d36f04-bccd-4be2-9dc2-ceae52659d99-groupManagement] INFO  server.RaftServer$Division (RaftServerImpl.java:setRole(383)) - f3d36f04-bccd-4be2-9dc2-ceae52659d99@group-55EB5D85A497: changes role from      null to FOLLOWER at term 0 for startAsFollower
2024-01-29 07:42:35,926 [f3d36f04-bccd-4be2-9dc2-ceae52659d99-groupManagement] INFO  impl.RoleInfo (RoleInfo.java:updateAndGet(139)) - f3d36f04-bccd-4be2-9dc2-ceae52659d99: start f3d36f04-bccd-4be2-9dc2-ceae52659d99@group-55EB5D85A497-FollowerState
2024-01-29 07:42:35,926 [f3d36f04-bccd-4be2-9dc2-ceae52659d99-groupManagement] INFO  util.JmxRegister (JmxRegister.java:tryRegister(44)) - Successfully registered JMX Bean with object name Ratis:service=RaftServer,group=group-55EB5D85A497,id=f3d36f04-bccd-4be2-9dc2-ceae52659d99
2024-01-29 07:42:35,926 [f3d36f04-bccd-4be2-9dc2-ceae52659d99-groupManagement] INFO  server.RaftServerConfigKeys (ConfUtils.java:logGet(46)) - raft.server.snapshot.trigger-when-stop.enabled = true (default)
2024-01-29 07:42:35,927 [f3d36f04-bccd-4be2-9dc2-ceae52659d99-groupManagement] INFO  server.RaftServerConfigKeys (ConfUtils.java:logGet(46)) - raft.server.snapshot.auto.trigger.enabled = true (custom)
2024-01-29 07:42:35,927 [f3d36f04-bccd-4be2-9dc2-ceae52659d99-groupManagement] INFO  server.RaftServerConfigKeys (ConfUtils.java:logGet(46)) - raft.server.snapshot.auto.trigger.threshold = 10000 (custom)
2024-01-29 07:42:35,927 [f3d36f04-bccd-4be2-9dc2-ceae52659d99-groupManagement] INFO  server.RaftServerConfigKeys (ConfUtils.java:logGet(46)) - raft.server.snapshot.retention.file.num = 5 (custom)
2024-01-29 07:42:35,927 [f3d36f04-bccd-4be2-9dc2-ceae52659d99-groupManagement] INFO  server.RaftServerConfigKeys (ConfUtils.java:logGet(46)) - raft.server.log.purge.upto.snapshot.index = false (default)
2024-01-29 07:42:35,928 [f3d36f04-bccd-4be2-9dc2-ceae52659d99@group-55EB5D85A497-FollowerState] INFO  server.RaftServerConfigKeys (ConfUtils.java:logFallback(53)) - raft.server.rpc.first-election.timeout.min = 5s (fallback to raft.server.rpc.timeout.min)
2024-01-29 07:42:35,928 [f3d36f04-bccd-4be2-9dc2-ceae52659d99@group-55EB5D85A497-FollowerState] INFO  server.RaftServerConfigKeys (ConfUtils.java:logFallback(53)) - raft.server.rpc.first-election.timeout.max = 5200ms (fallback to raft.server.rpc.timeout.max)
2024-01-29 07:42:35,938 [grpc-default-executor-0] INFO  server.RaftServer (RaftServerProxy.java:addNew(100)) - aaaecba4-dc3a-4434-b0f1-479f09acdbc3: addNew group-55EB5D85A497:[f3d36f04-bccd-4be2-9dc2-ceae52659d99|10.1.0.7:15139, d4227e66-29fb-4e8c-95fa-da42bedd0d48|10.1.0.7:15130, aaaecba4-dc3a-4434-b0f1-479f09acdbc3|10.1.0.7:15148] returns group-55EB5D85A497:java.util.concurrent.CompletableFuture@7261c989[Not completed]
2024-01-29 07:42:35,938 [aaaecba4-dc3a-4434-b0f1-479f09acdbc3-groupManagement] INFO  server.RaftServer$Division (RaftServerImpl.java:<init>(256)) - aaaecba4-dc3a-4434-b0f1-479f09acdbc3: new RaftServerImpl for group-55EB5D85A497:[f3d36f04-bccd-4be2-9dc2-ceae52659d99|10.1.0.7:15139, d4227e66-29fb-4e8c-95fa-da42bedd0d48|10.1.0.7:15130, aaaecba4-dc3a-4434-b0f1-479f09acdbc3|10.1.0.7:15148] with ContainerStateMachine:uninitialized
2024-01-29 07:42:35,939 [aaaecba4-dc3a-4434-b0f1-479f09acdbc3-groupManagement] INFO  server.RaftServerConfigKeys (ConfUtils.java:logGet(46)) - raft.server.rpc.timeout.min = 5s (custom)
2024-01-29 07:42:35,939 [aaaecba4-dc3a-4434-b0f1-479f09acdbc3-groupManagement] INFO  server.RaftServerConfigKeys (ConfUtils.java:logGet(46)) - raft.server.rpc.timeout.max = 5200ms (custom)
2024-01-29 07:42:35,939 [aaaecba4-dc3a-4434-b0f1-479f09acdbc3-groupManagement] INFO  server.RaftServerConfigKeys (ConfUtils.java:logGet(46)) - raft.server.rpc.sleep.time = 25ms (default)
2024-01-29 07:42:35,939 [aaaecba4-dc3a-4434-b0f1-479f09acdbc3-groupManagement] INFO  server.RaftServerConfigKeys (ConfUtils.java:logGet(46)) - raft.server.rpc.slowness.timeout = 300000ms (custom)
2024-01-29 07:42:35,939 [aaaecba4-dc3a-4434-b0f1-479f09acdbc3-groupManagement] INFO  server.RaftServerConfigKeys (ConfUtils.java:logGet(46)) - raft.server.leaderelection.leader.step-down.wait-time = 10s (default)
2024-01-29 07:42:35,939 [aaaecba4-dc3a-4434-b0f1-479f09acdbc3-groupManagement] INFO  server.RaftServerConfigKeys (ConfUtils.java:logGet(46)) - raft.server.leaderelection.member.majority-add = false (default)
2024-01-29 07:42:35,939 [aaaecba4-dc3a-4434-b0f1-479f09acdbc3-groupManagement] INFO  server.RaftServerConfigKeys (ConfUtils.java:logGet(46)) - raft.server.sleep.deviation.threshold = 300ms (default)
2024-01-29 07:42:35,939 [aaaecba4-dc3a-4434-b0f1-479f09acdbc3-groupManagement] INFO  server.RaftServer$Division (ServerState.java:<init>(113)) - aaaecba4-dc3a-4434-b0f1-479f09acdbc3@group-55EB5D85A497: ConfigurationManager, init=-1: peers:[f3d36f04-bccd-4be2-9dc2-ceae52659d99|10.1.0.7:15139, d4227e66-29fb-4e8c-95fa-da42bedd0d48|10.1.0.7:15130, aaaecba4-dc3a-4434-b0f1-479f09acdbc3|10.1.0.7:15148]|listeners:[], old=null, confs=<EMPTY_MAP>
2024-01-29 07:42:35,939 [aaaecba4-dc3a-4434-b0f1-479f09acdbc3-groupManagement] INFO  server.RaftServerConfigKeys (ConfUtils.java:logGet(46)) - raft.server.notification.no-leader.timeout = 300000ms (custom)
2024-01-29 07:42:35,939 [aaaecba4-dc3a-4434-b0f1-479f09acdbc3-groupManagement] INFO  server.RaftServerConfigKeys (ConfUtils.java:logGet(46)) - raft.server.read.timeout = 10s (default)
2024-01-29 07:42:35,939 [aaaecba4-dc3a-4434-b0f1-479f09acdbc3-groupManagement] INFO  server.RaftServerConfigKeys (ConfUtils.java:logGet(46)) - raft.server.retrycache.expirytime = 600000ms (custom)
2024-01-29 07:42:35,939 [aaaecba4-dc3a-4434-b0f1-479f09acdbc3-groupManagement] INFO  server.RaftServerConfigKeys (ConfUtils.java:logGet(46)) - raft.server.retrycache.statistics.expirytime = 100ms (default)
2024-01-29 07:42:35,940 [aaaecba4-dc3a-4434-b0f1-479f09acdbc3-groupManagement] INFO  server.RaftServerConfigKeys (ConfUtils.java:logGet(46)) - raft.server.read.option = DEFAULT (default)
2024-01-29 07:42:35,940 [aaaecba4-dc3a-4434-b0f1-479f09acdbc3-groupManagement] INFO  server.RaftServerConfigKeys (ConfUtils.java:logGet(46)) - raft.server.read.read-after-write-consistent.write-index-cache.expiry-time = 60s (default)
2024-01-29 07:42:35,942 [aaaecba4-dc3a-4434-b0f1-479f09acdbc3-groupManagement] INFO  server.RaftServerConfigKeys (ConfUtils.java:logGet(46)) - raft.server.rpc.request.timeout = 3000ms (default)
2024-01-29 07:42:35,942 [aaaecba4-dc3a-4434-b0f1-479f09acdbc3-groupManagement] INFO  server.RaftServerConfigKeys (ConfUtils.java:logGet(46)) - raft.server.log.appender.install.snapshot.enabled = false (custom)
2024-01-29 07:42:35,942 [aaaecba4-dc3a-4434-b0f1-479f09acdbc3-groupManagement] INFO  server.RaftServerConfigKeys (ConfUtils.java:logGet(46)) - raft.server.threadpool.server.cached = true (default)
2024-01-29 07:42:35,942 [aaaecba4-dc3a-4434-b0f1-479f09acdbc3-groupManagement] INFO  server.RaftServerConfigKeys (ConfUtils.java:logGet(46)) - raft.server.threadpool.server.size = 0 (default)
2024-01-29 07:42:35,942 [aaaecba4-dc3a-4434-b0f1-479f09acdbc3-groupManagement] INFO  server.RaftServerConfigKeys (ConfUtils.java:logGet(46)) - raft.server.threadpool.client.cached = true (default)
2024-01-29 07:42:35,942 [aaaecba4-dc3a-4434-b0f1-479f09acdbc3-groupManagement] INFO  server.RaftServerConfigKeys (ConfUtils.java:logGet(46)) - raft.server.threadpool.client.size = 0 (default)
2024-01-29 07:42:35,942 [aaaecba4-dc3a-4434-b0f1-479f09acdbc3-groupManagement] INFO  server.RaftServerConfigKeys (ConfUtils.java:logGet(46)) - raft.server.storage.free-space.min = 0MB (=0) (default)
2024-01-29 07:42:35,942 [aaaecba4-dc3a-4434-b0f1-479f09acdbc3-groupManagement] INFO  server.RaftServerConfigKeys (ConfUtils.java:logGet(46)) - raft.server.log.corruption.policy = EXCEPTION (default)
2024-01-29 07:42:35,942 [aaaecba4-dc3a-4434-b0f1-479f09acdbc3-groupManagement] INFO  server.RaftServerConfigKeys (ConfUtils.java:logGet(46)) - raft.server.storage.dir = [/home/runner/work/ozone/ozone/hadoop-ozone/integration-test/target/test-dir/MiniOzoneClusterImpl-43c44e75-c492-4a39-944e-601a0ff30632/datanode-5/data/ratis] (custom)
2024-01-29 07:42:35,942 [aaaecba4-dc3a-4434-b0f1-479f09acdbc3-groupManagement] INFO  storage.RaftStorageDirectory (RaftStorageDirectoryImpl.java:analyzeStorage(138)) - The storage directory /home/runner/work/ozone/ozone/hadoop-ozone/integration-test/target/test-dir/MiniOzoneClusterImpl-43c44e75-c492-4a39-944e-601a0ff30632/datanode-5/data/ratis/7c817f05-8ba5-4455-bbe1-55eb5d85a497 does not exist. Creating ...
2024-01-29 07:42:35,943 [aaaecba4-dc3a-4434-b0f1-479f09acdbc3-groupManagement] INFO  storage.RaftStorageDirectory (RaftStorageDirectoryImpl.java:tryLock(228)) - Lock on /home/runner/work/ozone/ozone/hadoop-ozone/integration-test/target/test-dir/MiniOzoneClusterImpl-43c44e75-c492-4a39-944e-601a0ff30632/datanode-5/data/ratis/7c817f05-8ba5-4455-bbe1-55eb5d85a497/in_use.lock acquired by nodename 37616@fv-az571-724
2024-01-29 07:42:35,944 [aaaecba4-dc3a-4434-b0f1-479f09acdbc3-groupManagement] INFO  storage.RaftStorage (RaftStorageImpl.java:format(99)) - Storage directory /home/runner/work/ozone/ozone/hadoop-ozone/integration-test/target/test-dir/MiniOzoneClusterImpl-43c44e75-c492-4a39-944e-601a0ff30632/datanode-5/data/ratis/7c817f05-8ba5-4455-bbe1-55eb5d85a497 has been successfully formatted.
2024-01-29 07:42:35,944 [aaaecba4-dc3a-4434-b0f1-479f09acdbc3-groupManagement] WARN  util.FileUtils (LogUtils.java:supplyAndLog(63)) - Failed to Files.newInputStream /home/runner/work/ozone/ozone/hadoop-ozone/integration-test/target/test-dir/MiniOzoneClusterImpl-43c44e75-c492-4a39-944e-601a0ff30632/datanode-5/data/ratis/7c817f05-8ba5-4455-bbe1-55eb5d85a497/current/raft-meta.conf with options []: java.nio.file.NoSuchFileException: /home/runner/work/ozone/ozone/hadoop-ozone/integration-test/target/test-dir/MiniOzoneClusterImpl-43c44e75-c492-4a39-944e-601a0ff30632/datanode-5/data/ratis/7c817f05-8ba5-4455-bbe1-55eb5d85a497/current/raft-meta.conf
2024-01-29 07:42:35,946 [aaaecba4-dc3a-4434-b0f1-479f09acdbc3-groupManagement] INFO  ratis.ContainerStateMachine (ContainerStateMachine.java:loadSnapshot(287)) - group-55EB5D85A497: The snapshot info is null. Setting the last applied index to:(t:0, i:~)
2024-01-29 07:42:35,946 [aaaecba4-dc3a-4434-b0f1-479f09acdbc3-groupManagement] INFO  server.RaftServerConfigKeys (ConfUtils.java:logGet(46)) - raft.server.log.use.memory = false (default)
2024-01-29 07:42:35,946 [aaaecba4-dc3a-4434-b0f1-479f09acdbc3-groupManagement] INFO  server.RaftServerConfigKeys (ConfUtils.java:logGet(46)) - raft.server.log.purge.gap = 1000000 (custom)
2024-01-29 07:42:35,946 [aaaecba4-dc3a-4434-b0f1-479f09acdbc3-groupManagement] INFO  server.RaftServerConfigKeys (ConfUtils.java:logGet(46)) - raft.server.log.appender.buffer.byte-limit = 8388608 (custom)
2024-01-29 07:42:35,946 [aaaecba4-dc3a-4434-b0f1-479f09acdbc3-groupManagement] INFO  server.RaftServerConfigKeys (ConfUtils.java:logGet(46)) - raft.server.log.statemachine.data.read.timeout = 1000ms (default)
2024-01-29 07:42:35,946 [aaaecba4-dc3a-4434-b0f1-479f09acdbc3-groupManagement] INFO  server.RaftServerConfigKeys (ConfUtils.java:logGet(46)) - raft.server.log.purge.preservation.log.num = 0 (default)
2024-01-29 07:42:35,947 [aaaecba4-dc3a-4434-b0f1-479f09acdbc3-groupManagement] INFO  server.RaftServerConfigKeys (ConfUtils.java:logGet(46)) - raft.server.log.segment.size.max = 67108864 (custom)
2024-01-29 07:42:35,947 [aaaecba4-dc3a-4434-b0f1-479f09acdbc3-groupManagement] INFO  server.RaftServerConfigKeys (ConfUtils.java:logGet(46)) - raft.server.log.segment.cache.num.max = 2 (custom)
2024-01-29 07:42:35,947 [aaaecba4-dc3a-4434-b0f1-479f09acdbc3-groupManagement] INFO  server.RaftServerConfigKeys (ConfUtils.java:logGet(46)) - raft.server.log.segment.cache.size.max = 200MB (=209715200) (default)
2024-01-29 07:42:35,947 [aaaecba4-dc3a-4434-b0f1-479f09acdbc3-groupManagement] INFO  server.RaftServerConfigKeys (ConfUtils.java:logGet(46)) - raft.server.log.appender.buffer.byte-limit = 8388608 (custom)
2024-01-29 07:42:35,948 [aaaecba4-dc3a-4434-b0f1-479f09acdbc3-groupManagement] INFO  util.AwaitToRun (AwaitToRun.java:start(81)) - Thread[aaaecba4-dc3a-4434-b0f1-479f09acdbc3@group-55EB5D85A497-cacheEviction-AwaitToRun,5,main] started
2024-01-29 07:42:35,948 [aaaecba4-dc3a-4434-b0f1-479f09acdbc3-groupManagement] INFO  segmented.SegmentedRaftLogWorker (SegmentedRaftLogWorker.java:<init>(182)) - new aaaecba4-dc3a-4434-b0f1-479f09acdbc3@group-55EB5D85A497-SegmentedRaftLogWorker for RaftStorageImpl:Storage Directory /home/runner/work/ozone/ozone/hadoop-ozone/integration-test/target/test-dir/MiniOzoneClusterImpl-43c44e75-c492-4a39-944e-601a0ff30632/datanode-5/data/ratis/7c817f05-8ba5-4455-bbe1-55eb5d85a497
2024-01-29 07:42:35,948 [aaaecba4-dc3a-4434-b0f1-479f09acdbc3-groupManagement] INFO  server.RaftServerConfigKeys (ConfUtils.java:logGet(46)) - raft.server.log.queue.byte-limit = 4294967296 (custom)
2024-01-29 07:42:35,948 [aaaecba4-dc3a-4434-b0f1-479f09acdbc3-groupManagement] INFO  server.RaftServerConfigKeys (ConfUtils.java:logGet(46)) - raft.server.log.queue.element-limit = 1024 (custom)
2024-01-29 07:42:35,948 [aaaecba4-dc3a-4434-b0f1-479f09acdbc3-groupManagement] INFO  server.RaftServerConfigKeys (ConfUtils.java:logGet(46)) - raft.server.log.segment.size.max = 67108864 (custom)
2024-01-29 07:42:35,948 [aaaecba4-dc3a-4434-b0f1-479f09acdbc3-groupManagement] INFO  server.RaftServerConfigKeys (ConfUtils.java:logGet(46)) - raft.server.log.preallocated.size = 4194304 (custom)
2024-01-29 07:42:35,948 [aaaecba4-dc3a-4434-b0f1-479f09acdbc3-groupManagement] INFO  server.RaftServerConfigKeys (ConfUtils.java:logGet(46)) - raft.server.log.force.sync.num = 128 (default)
2024-01-29 07:42:35,948 [aaaecba4-dc3a-4434-b0f1-479f09acdbc3-groupManagement] INFO  server.RaftServerConfigKeys (ConfUtils.java:logGet(46)) - raft.server.log.statemachine.data.sync = true (default)
2024-01-29 07:42:35,948 [aaaecba4-dc3a-4434-b0f1-479f09acdbc3-groupManagement] INFO  server.RaftServerConfigKeys (ConfUtils.java:logGet(46)) - raft.server.log.statemachine.data.sync.timeout = 10s (default)
2024-01-29 07:42:35,948 [aaaecba4-dc3a-4434-b0f1-479f09acdbc3-groupManagement] INFO  server.RaftServerConfigKeys (ConfUtils.java:logGet(46)) - raft.server.log.statemachine.data.sync.timeout.retry = 0 (custom)
2024-01-29 07:42:35,948 [aaaecba4-dc3a-4434-b0f1-479f09acdbc3-groupManagement] INFO  server.RaftServerConfigKeys (ConfUtils.java:logGet(46)) - raft.server.log.write.buffer.size = 8388616 (custom)
2024-01-29 07:42:35,950 [aaaecba4-dc3a-4434-b0f1-479f09acdbc3-groupManagement] INFO  server.RaftServerConfigKeys (ConfUtils.java:logGet(46)) - raft.server.log.appender.buffer.byte-limit = 8388608 (custom)
2024-01-29 07:42:35,950 [aaaecba4-dc3a-4434-b0f1-479f09acdbc3-groupManagement] INFO  server.RaftServerConfigKeys (ConfUtils.java:logGet(46)) - raft.server.log.unsafe-flush.enabled = false (default)
2024-01-29 07:42:35,950 [aaaecba4-dc3a-4434-b0f1-479f09acdbc3-groupManagement] INFO  server.RaftServerConfigKeys (ConfUtils.java:logGet(46)) - raft.server.log.async-flush.enabled = false (default)
2024-01-29 07:42:35,950 [aaaecba4-dc3a-4434-b0f1-479f09acdbc3-groupManagement] INFO  server.RaftServerConfigKeys (ConfUtils.java:logGet(46)) - raft.server.log.statemachine.data.caching.enabled = true (custom)
2024-01-29 07:42:35,950 [aaaecba4-dc3a-4434-b0f1-479f09acdbc3-groupManagement] INFO  segmented.SegmentedRaftLogWorker (SegmentedRaftLogWorker.java:lambda$new$0(134)) - aaaecba4-dc3a-4434-b0f1-479f09acdbc3@group-55EB5D85A497-SegmentedRaftLogWorker: flushIndex: setUnconditionally 0 -> -1
2024-01-29 07:42:35,950 [aaaecba4-dc3a-4434-b0f1-479f09acdbc3-groupManagement] INFO  segmented.SegmentedRaftLogWorker (SegmentedRaftLogWorker.java:lambda$new$0(134)) - aaaecba4-dc3a-4434-b0f1-479f09acdbc3@group-55EB5D85A497-SegmentedRaftLogWorker: safeCacheEvictIndex: setUnconditionally 0 -> -1
2024-01-29 07:42:35,950 [aaaecba4-dc3a-4434-b0f1-479f09acdbc3-groupManagement] INFO  server.RaftServer$Division (RaftServerImpl.java:start(396)) - aaaecba4-dc3a-4434-b0f1-479f09acdbc3@group-55EB5D85A497: start as a follower, conf=-1: peers:[f3d36f04-bccd-4be2-9dc2-ceae52659d99|10.1.0.7:15139, d4227e66-29fb-4e8c-95fa-da42bedd0d48|10.1.0.7:15130, aaaecba4-dc3a-4434-b0f1-479f09acdbc3|10.1.0.7:15148]|listeners:[], old=null
2024-01-29 07:42:35,950 [aaaecba4-dc3a-4434-b0f1-479f09acdbc3-groupManagement] INFO  server.RaftServer$Division (RaftServerImpl.java:setRole(383)) - aaaecba4-dc3a-4434-b0f1-479f09acdbc3@group-55EB5D85A497: changes role from      null to FOLLOWER at term 0 for startAsFollower
2024-01-29 07:42:35,950 [aaaecba4-dc3a-4434-b0f1-479f09acdbc3-groupManagement] INFO  impl.RoleInfo (RoleInfo.java:updateAndGet(139)) - aaaecba4-dc3a-4434-b0f1-479f09acdbc3: start aaaecba4-dc3a-4434-b0f1-479f09acdbc3@group-55EB5D85A497-FollowerState
2024-01-29 07:42:35,950 [aaaecba4-dc3a-4434-b0f1-479f09acdbc3@group-55EB5D85A497-FollowerState] INFO  server.RaftServerConfigKeys (ConfUtils.java:logFallback(53)) - raft.server.rpc.first-election.timeout.min = 5s (fallback to raft.server.rpc.timeout.min)
2024-01-29 07:42:35,950 [aaaecba4-dc3a-4434-b0f1-479f09acdbc3-groupManagement] INFO  util.JmxRegister (JmxRegister.java:tryRegister(44)) - Successfully registered JMX Bean with object name Ratis:service=RaftServer,group=group-55EB5D85A497,id=aaaecba4-dc3a-4434-b0f1-479f09acdbc3
2024-01-29 07:42:35,950 [aaaecba4-dc3a-4434-b0f1-479f09acdbc3@group-55EB5D85A497-FollowerState] INFO  server.RaftServerConfigKeys (ConfUtils.java:logFallback(53)) - raft.server.rpc.first-election.timeout.max = 5200ms (fallback to raft.server.rpc.timeout.max)
2024-01-29 07:42:35,951 [aaaecba4-dc3a-4434-b0f1-479f09acdbc3-groupManagement] INFO  server.RaftServerConfigKeys (ConfUtils.java:logGet(46)) - raft.server.snapshot.trigger-when-stop.enabled = true (default)
2024-01-29 07:42:35,951 [aaaecba4-dc3a-4434-b0f1-479f09acdbc3-groupManagement] INFO  server.RaftServerConfigKeys (ConfUtils.java:logGet(46)) - raft.server.snapshot.auto.trigger.enabled = true (custom)
2024-01-29 07:42:35,951 [aaaecba4-dc3a-4434-b0f1-479f09acdbc3-groupManagement] INFO  server.RaftServerConfigKeys (ConfUtils.java:logGet(46)) - raft.server.snapshot.auto.trigger.threshold = 10000 (custom)
2024-01-29 07:42:35,951 [aaaecba4-dc3a-4434-b0f1-479f09acdbc3-groupManagement] INFO  server.RaftServerConfigKeys (ConfUtils.java:logGet(46)) - raft.server.snapshot.retention.file.num = 5 (custom)
2024-01-29 07:42:35,951 [aaaecba4-dc3a-4434-b0f1-479f09acdbc3-groupManagement] INFO  server.RaftServerConfigKeys (ConfUtils.java:logGet(46)) - raft.server.log.purge.upto.snapshot.index = false (default)
2024-01-29 07:42:35,956 [d4227e66-29fb-4e8c-95fa-da42bedd0d48-PipelineCommandHandlerThread-0] INFO  commandhandler.CreatePipelineCommandHandler (CreatePipelineCommandHandler.java:lambda$handle$2(124)) - Created Pipeline RATIS THREE PipelineID=7c817f05-8ba5-4455-bbe1-55eb5d85a497.
2024-01-29 07:42:35,983 [f3d36f04-bccd-4be2-9dc2-ceae52659d99-PipelineCommandHandlerThread-0] INFO  server.RaftServer (RaftServerProxy.java:addNew(100)) - f3d36f04-bccd-4be2-9dc2-ceae52659d99: addNew group-7586A75CB6D7:[f3d36f04-bccd-4be2-9dc2-ceae52659d99|10.1.0.7:15139] returns group-7586A75CB6D7:java.util.concurrent.CompletableFuture@6ebb0349[Not completed]
2024-01-29 07:42:35,984 [f3d36f04-bccd-4be2-9dc2-ceae52659d99-groupManagement] INFO  server.RaftServer$Division (RaftServerImpl.java:<init>(256)) - f3d36f04-bccd-4be2-9dc2-ceae52659d99: new RaftServerImpl for group-7586A75CB6D7:[f3d36f04-bccd-4be2-9dc2-ceae52659d99|10.1.0.7:15139] with ContainerStateMachine:uninitialized
2024-01-29 07:42:35,984 [f3d36f04-bccd-4be2-9dc2-ceae52659d99-groupManagement] INFO  server.RaftServerConfigKeys (ConfUtils.java:logGet(46)) - raft.server.rpc.timeout.min = 5s (custom)
2024-01-29 07:42:35,984 [f3d36f04-bccd-4be2-9dc2-ceae52659d99-groupManagement] INFO  server.RaftServerConfigKeys (ConfUtils.java:logGet(46)) - raft.server.rpc.timeout.max = 5200ms (custom)
2024-01-29 07:42:35,984 [f3d36f04-bccd-4be2-9dc2-ceae52659d99-groupManagement] INFO  server.RaftServerConfigKeys (ConfUtils.java:logGet(46)) - raft.server.rpc.sleep.time = 25ms (default)
2024-01-29 07:42:35,984 [f3d36f04-bccd-4be2-9dc2-ceae52659d99-groupManagement] INFO  server.RaftServerConfigKeys (ConfUtils.java:logGet(46)) - raft.server.rpc.slowness.timeout = 300000ms (custom)
2024-01-29 07:42:35,984 [f3d36f04-bccd-4be2-9dc2-ceae52659d99-groupManagement] INFO  server.RaftServerConfigKeys (ConfUtils.java:logGet(46)) - raft.server.leaderelection.leader.step-down.wait-time = 10s (default)
2024-01-29 07:42:35,984 [f3d36f04-bccd-4be2-9dc2-ceae52659d99-groupManagement] INFO  server.RaftServerConfigKeys (ConfUtils.java:logGet(46)) - raft.server.leaderelection.member.majority-add = false (default)
2024-01-29 07:42:35,984 [f3d36f04-bccd-4be2-9dc2-ceae52659d99-groupManagement] INFO  server.RaftServerConfigKeys (ConfUtils.java:logGet(46)) - raft.server.sleep.deviation.threshold = 300ms (default)
2024-01-29 07:42:35,984 [f3d36f04-bccd-4be2-9dc2-ceae52659d99-groupManagement] INFO  server.RaftServer$Division (ServerState.java:<init>(113)) - f3d36f04-bccd-4be2-9dc2-ceae52659d99@group-7586A75CB6D7: ConfigurationManager, init=-1: peers:[f3d36f04-bccd-4be2-9dc2-ceae52659d99|10.1.0.7:15139]|listeners:[], old=null, confs=<EMPTY_MAP>
2024-01-29 07:42:35,985 [f3d36f04-bccd-4be2-9dc2-ceae52659d99-groupManagement] INFO  server.RaftServerConfigKeys (ConfUtils.java:logGet(46)) - raft.server.notification.no-leader.timeout = 300000ms (custom)
2024-01-29 07:42:35,985 [f3d36f04-bccd-4be2-9dc2-ceae52659d99-groupManagement] INFO  server.RaftServerConfigKeys (ConfUtils.java:logGet(46)) - raft.server.read.timeout = 10s (default)
2024-01-29 07:42:35,985 [f3d36f04-bccd-4be2-9dc2-ceae52659d99-groupManagement] INFO  server.RaftServerConfigKeys (ConfUtils.java:logGet(46)) - raft.server.retrycache.expirytime = 600000ms (custom)
2024-01-29 07:42:35,985 [f3d36f04-bccd-4be2-9dc2-ceae52659d99-groupManagement] INFO  server.RaftServerConfigKeys (ConfUtils.java:logGet(46)) - raft.server.retrycache.statistics.expirytime = 100ms (default)
2024-01-29 07:42:35,985 [f3d36f04-bccd-4be2-9dc2-ceae52659d99-groupManagement] INFO  server.RaftServerConfigKeys (ConfUtils.java:logGet(46)) - raft.server.read.option = DEFAULT (default)
2024-01-29 07:42:35,985 [f3d36f04-bccd-4be2-9dc2-ceae52659d99-groupManagement] INFO  server.RaftServerConfigKeys (ConfUtils.java:logGet(46)) - raft.server.read.read-after-write-consistent.write-index-cache.expiry-time = 60s (default)
2024-01-29 07:42:35,987 [f3d36f04-bccd-4be2-9dc2-ceae52659d99-groupManagement] INFO  server.RaftServerConfigKeys (ConfUtils.java:logGet(46)) - raft.server.rpc.request.timeout = 3000ms (default)
2024-01-29 07:42:35,987 [f3d36f04-bccd-4be2-9dc2-ceae52659d99-groupManagement] INFO  server.RaftServerConfigKeys (ConfUtils.java:logGet(46)) - raft.server.log.appender.install.snapshot.enabled = false (custom)
2024-01-29 07:42:35,987 [f3d36f04-bccd-4be2-9dc2-ceae52659d99-groupManagement] INFO  server.RaftServerConfigKeys (ConfUtils.java:logGet(46)) - raft.server.threadpool.server.cached = true (default)
2024-01-29 07:42:35,987 [f3d36f04-bccd-4be2-9dc2-ceae52659d99-groupManagement] INFO  server.RaftServerConfigKeys (ConfUtils.java:logGet(46)) - raft.server.threadpool.server.size = 0 (default)
2024-01-29 07:42:35,987 [f3d36f04-bccd-4be2-9dc2-ceae52659d99-groupManagement] INFO  server.RaftServerConfigKeys (ConfUtils.java:logGet(46)) - raft.server.threadpool.client.cached = true (default)
2024-01-29 07:42:35,987 [f3d36f04-bccd-4be2-9dc2-ceae52659d99-groupManagement] INFO  server.RaftServerConfigKeys (ConfUtils.java:logGet(46)) - raft.server.threadpool.client.size = 0 (default)
2024-01-29 07:42:35,987 [f3d36f04-bccd-4be2-9dc2-ceae52659d99-groupManagement] INFO  server.RaftServerConfigKeys (ConfUtils.java:logGet(46)) - raft.server.storage.free-space.min = 0MB (=0) (default)
2024-01-29 07:42:35,987 [f3d36f04-bccd-4be2-9dc2-ceae52659d99-groupManagement] INFO  server.RaftServerConfigKeys (ConfUtils.java:logGet(46)) - raft.server.log.corruption.policy = EXCEPTION (default)
2024-01-29 07:42:35,988 [f3d36f04-bccd-4be2-9dc2-ceae52659d99-groupManagement] INFO  server.RaftServerConfigKeys (ConfUtils.java:logGet(46)) - raft.server.storage.dir = [/home/runner/work/ozone/ozone/hadoop-ozone/integration-test/target/test-dir/MiniOzoneClusterImpl-43c44e75-c492-4a39-944e-601a0ff30632/datanode-4/data/ratis] (custom)
2024-01-29 07:42:35,988 [f3d36f04-bccd-4be2-9dc2-ceae52659d99-groupManagement] INFO  storage.RaftStorageDirectory (RaftStorageDirectoryImpl.java:analyzeStorage(138)) - The storage directory /home/runner/work/ozone/ozone/hadoop-ozone/integration-test/target/test-dir/MiniOzoneClusterImpl-43c44e75-c492-4a39-944e-601a0ff30632/datanode-4/data/ratis/3a3c8cca-a880-4645-94de-7586a75cb6d7 does not exist. Creating ...
2024-01-29 07:42:35,989 [f3d36f04-bccd-4be2-9dc2-ceae52659d99-groupManagement] INFO  storage.RaftStorageDirectory (RaftStorageDirectoryImpl.java:tryLock(228)) - Lock on /home/runner/work/ozone/ozone/hadoop-ozone/integration-test/target/test-dir/MiniOzoneClusterImpl-43c44e75-c492-4a39-944e-601a0ff30632/datanode-4/data/ratis/3a3c8cca-a880-4645-94de-7586a75cb6d7/in_use.lock acquired by nodename 37616@fv-az571-724
2024-01-29 07:42:35,990 [f3d36f04-bccd-4be2-9dc2-ceae52659d99-groupManagement] INFO  storage.RaftStorage (RaftStorageImpl.java:format(99)) - Storage directory /home/runner/work/ozone/ozone/hadoop-ozone/integration-test/target/test-dir/MiniOzoneClusterImpl-43c44e75-c492-4a39-944e-601a0ff30632/datanode-4/data/ratis/3a3c8cca-a880-4645-94de-7586a75cb6d7 has been successfully formatted.
2024-01-29 07:42:35,990 [f3d36f04-bccd-4be2-9dc2-ceae52659d99-groupManagement] WARN  util.FileUtils (LogUtils.java:supplyAndLog(63)) - Failed to Files.newInputStream /home/runner/work/ozone/ozone/hadoop-ozone/integration-test/target/test-dir/MiniOzoneClusterImpl-43c44e75-c492-4a39-944e-601a0ff30632/datanode-4/data/ratis/3a3c8cca-a880-4645-94de-7586a75cb6d7/current/raft-meta.conf with options []: java.nio.file.NoSuchFileException: /home/runner/work/ozone/ozone/hadoop-ozone/integration-test/target/test-dir/MiniOzoneClusterImpl-43c44e75-c492-4a39-944e-601a0ff30632/datanode-4/data/ratis/3a3c8cca-a880-4645-94de-7586a75cb6d7/current/raft-meta.conf
2024-01-29 07:42:35,990 [f3d36f04-bccd-4be2-9dc2-ceae52659d99-groupManagement] INFO  ratis.ContainerStateMachine (ContainerStateMachine.java:loadSnapshot(287)) - group-7586A75CB6D7: The snapshot info is null. Setting the last applied index to:(t:0, i:~)
2024-01-29 07:42:35,990 [f3d36f04-bccd-4be2-9dc2-ceae52659d99-groupManagement] INFO  server.RaftServerConfigKeys (ConfUtils.java:logGet(46)) - raft.server.log.use.memory = false (default)
2024-01-29 07:42:35,990 [f3d36f04-bccd-4be2-9dc2-ceae52659d99-groupManagement] INFO  server.RaftServerConfigKeys (ConfUtils.java:logGet(46)) - raft.server.log.purge.gap = 1000000 (custom)
2024-01-29 07:42:35,990 [f3d36f04-bccd-4be2-9dc2-ceae52659d99-groupManagement] INFO  server.RaftServerConfigKeys (ConfUtils.java:logGet(46)) - raft.server.log.appender.buffer.byte-limit = 8388608 (custom)
2024-01-29 07:42:35,990 [f3d36f04-bccd-4be2-9dc2-ceae52659d99-groupManagement] INFO  server.RaftServerConfigKeys (ConfUtils.java:logGet(46)) - raft.server.log.statemachine.data.read.timeout = 1000ms (default)
2024-01-29 07:42:35,991 [f3d36f04-bccd-4be2-9dc2-ceae52659d99-groupManagement] INFO  server.RaftServerConfigKeys (ConfUtils.java:logGet(46)) - raft.server.log.purge.preservation.log.num = 0 (default)
2024-01-29 07:42:35,992 [f3d36f04-bccd-4be2-9dc2-ceae52659d99-groupManagement] INFO  server.RaftServerConfigKeys (ConfUtils.java:logGet(46)) - raft.server.log.segment.size.max = 67108864 (custom)
2024-01-29 07:42:35,992 [EventQueue-PipelineReportForPipelineReportHandler] INFO  pipeline.PipelineReportHandler (PipelineReportHandler.java:processPipelineReport(136)) - Opened pipeline PipelineID=3a3c8cca-a880-4645-94de-7586a75cb6d7
2024-01-29 07:42:35,992 [EventQueue-OpenPipelineForHealthyPipelineSafeModeRule] INFO  safemode.SCMSafeModeManager (HealthyPipelineSafeModeRule.java:process(140)) - SCM in safe mode. Healthy pipelines reported count is 0, required healthy pipeline reported count is 1
2024-01-29 07:42:35,992 [f3d36f04-bccd-4be2-9dc2-ceae52659d99-groupManagement] INFO  server.RaftServerConfigKeys (ConfUtils.java:logGet(46)) - raft.server.log.segment.cache.num.max = 2 (custom)
2024-01-29 07:42:35,992 [f3d36f04-bccd-4be2-9dc2-ceae52659d99-groupManagement] INFO  server.RaftServerConfigKeys (ConfUtils.java:logGet(46)) - raft.server.log.segment.cache.size.max = 200MB (=209715200) (default)
2024-01-29 07:42:35,992 [f3d36f04-bccd-4be2-9dc2-ceae52659d99-groupManagement] INFO  server.RaftServerConfigKeys (ConfUtils.java:logGet(46)) - raft.server.log.appender.buffer.byte-limit = 8388608 (custom)
2024-01-29 07:42:35,992 [f3d36f04-bccd-4be2-9dc2-ceae52659d99-groupManagement] INFO  util.AwaitToRun (AwaitToRun.java:start(81)) - Thread[f3d36f04-bccd-4be2-9dc2-ceae52659d99@group-7586A75CB6D7-cacheEviction-AwaitToRun,5,main] started
2024-01-29 07:42:35,993 [f3d36f04-bccd-4be2-9dc2-ceae52659d99-groupManagement] INFO  segmented.SegmentedRaftLogWorker (SegmentedRaftLogWorker.java:<init>(182)) - new f3d36f04-bccd-4be2-9dc2-ceae52659d99@group-7586A75CB6D7-SegmentedRaftLogWorker for RaftStorageImpl:Storage Directory /home/runner/work/ozone/ozone/hadoop-ozone/integration-test/target/test-dir/MiniOzoneClusterImpl-43c44e75-c492-4a39-944e-601a0ff30632/datanode-4/data/ratis/3a3c8cca-a880-4645-94de-7586a75cb6d7
2024-01-29 07:42:35,993 [f3d36f04-bccd-4be2-9dc2-ceae52659d99-groupManagement] INFO  server.RaftServerConfigKeys (ConfUtils.java:logGet(46)) - raft.server.log.queue.byte-limit = 4294967296 (custom)
2024-01-29 07:42:35,993 [f3d36f04-bccd-4be2-9dc2-ceae52659d99-groupManagement] INFO  server.RaftServerConfigKeys (ConfUtils.java:logGet(46)) - raft.server.log.queue.element-limit = 1024 (custom)
2024-01-29 07:42:35,993 [f3d36f04-bccd-4be2-9dc2-ceae52659d99-groupManagement] INFO  server.RaftServerConfigKeys (ConfUtils.java:logGet(46)) - raft.server.log.segment.size.max = 67108864 (custom)
2024-01-29 07:42:35,993 [f3d36f04-bccd-4be2-9dc2-ceae52659d99-groupManagement] INFO  server.RaftServerConfigKeys (ConfUtils.java:logGet(46)) - raft.server.log.preallocated.size = 4194304 (custom)
2024-01-29 07:42:35,993 [f3d36f04-bccd-4be2-9dc2-ceae52659d99-groupManagement] INFO  server.RaftServerConfigKeys (ConfUtils.java:logGet(46)) - raft.server.log.force.sync.num = 128 (default)
2024-01-29 07:42:35,993 [f3d36f04-bccd-4be2-9dc2-ceae52659d99-groupManagement] INFO  server.RaftServerConfigKeys (ConfUtils.java:logGet(46)) - raft.server.log.statemachine.data.sync = true (default)
2024-01-29 07:42:35,993 [f3d36f04-bccd-4be2-9dc2-ceae52659d99-groupManagement] INFO  server.RaftServerConfigKeys (ConfUtils.java:logGet(46)) - raft.server.log.statemachine.data.sync.timeout = 10s (default)
2024-01-29 07:42:35,993 [f3d36f04-bccd-4be2-9dc2-ceae52659d99-groupManagement] INFO  server.RaftServerConfigKeys (ConfUtils.java:logGet(46)) - raft.server.log.statemachine.data.sync.timeout.retry = 0 (custom)
2024-01-29 07:42:35,994 [f3d36f04-bccd-4be2-9dc2-ceae52659d99-groupManagement] INFO  server.RaftServerConfigKeys (ConfUtils.java:logGet(46)) - raft.server.log.write.buffer.size = 8388616 (custom)
2024-01-29 07:42:35,995 [f3d36f04-bccd-4be2-9dc2-ceae52659d99-groupManagement] INFO  server.RaftServerConfigKeys (ConfUtils.java:logGet(46)) - raft.server.log.appender.buffer.byte-limit = 8388608 (custom)
2024-01-29 07:42:35,995 [f3d36f04-bccd-4be2-9dc2-ceae52659d99-groupManagement] INFO  server.RaftServerConfigKeys (ConfUtils.java:logGet(46)) - raft.server.log.unsafe-flush.enabled = false (default)
2024-01-29 07:42:35,995 [f3d36f04-bccd-4be2-9dc2-ceae52659d99-groupManagement] INFO  server.RaftServerConfigKeys (ConfUtils.java:logGet(46)) - raft.server.log.async-flush.enabled = false (default)
2024-01-29 07:42:35,995 [f3d36f04-bccd-4be2-9dc2-ceae52659d99-groupManagement] INFO  server.RaftServerConfigKeys (ConfUtils.java:logGet(46)) - raft.server.log.statemachine.data.caching.enabled = true (custom)
2024-01-29 07:42:35,996 [f3d36f04-bccd-4be2-9dc2-ceae52659d99-groupManagement] INFO  segmented.SegmentedRaftLogWorker (SegmentedRaftLogWorker.java:lambda$new$0(134)) - f3d36f04-bccd-4be2-9dc2-ceae52659d99@group-7586A75CB6D7-SegmentedRaftLogWorker: flushIndex: setUnconditionally 0 -> -1
2024-01-29 07:42:35,996 [f3d36f04-bccd-4be2-9dc2-ceae52659d99-groupManagement] INFO  segmented.SegmentedRaftLogWorker (SegmentedRaftLogWorker.java:lambda$new$0(134)) - f3d36f04-bccd-4be2-9dc2-ceae52659d99@group-7586A75CB6D7-SegmentedRaftLogWorker: safeCacheEvictIndex: setUnconditionally 0 -> -1
2024-01-29 07:42:35,996 [f3d36f04-bccd-4be2-9dc2-ceae52659d99-groupManagement] INFO  server.RaftServer$Division (RaftServerImpl.java:start(396)) - f3d36f04-bccd-4be2-9dc2-ceae52659d99@group-7586A75CB6D7: start as a follower, conf=-1: peers:[f3d36f04-bccd-4be2-9dc2-ceae52659d99|10.1.0.7:15139]|listeners:[], old=null
2024-01-29 07:42:35,996 [f3d36f04-bccd-4be2-9dc2-ceae52659d99-groupManagement] INFO  server.RaftServer$Division (RaftServerImpl.java:setRole(383)) - f3d36f04-bccd-4be2-9dc2-ceae52659d99@group-7586A75CB6D7: changes role from      null to FOLLOWER at term 0 for startAsFollower
2024-01-29 07:42:35,996 [f3d36f04-bccd-4be2-9dc2-ceae52659d99-groupManagement] INFO  impl.RoleInfo (RoleInfo.java:updateAndGet(139)) - f3d36f04-bccd-4be2-9dc2-ceae52659d99: start f3d36f04-bccd-4be2-9dc2-ceae52659d99@group-7586A75CB6D7-FollowerState
2024-01-29 07:42:35,996 [f3d36f04-bccd-4be2-9dc2-ceae52659d99-groupManagement] INFO  util.JmxRegister (JmxRegister.java:tryRegister(44)) - Successfully registered JMX Bean with object name Ratis:service=RaftServer,group=group-7586A75CB6D7,id=f3d36f04-bccd-4be2-9dc2-ceae52659d99
2024-01-29 07:42:35,996 [f3d36f04-bccd-4be2-9dc2-ceae52659d99@group-7586A75CB6D7-FollowerState] INFO  server.RaftServerConfigKeys (ConfUtils.java:logFallback(53)) - raft.server.rpc.first-election.timeout.min = 5s (fallback to raft.server.rpc.timeout.min)
2024-01-29 07:42:35,996 [f3d36f04-bccd-4be2-9dc2-ceae52659d99-groupManagement] INFO  server.RaftServerConfigKeys (ConfUtils.java:logGet(46)) - raft.server.snapshot.trigger-when-stop.enabled = true (default)
2024-01-29 07:42:35,996 [f3d36f04-bccd-4be2-9dc2-ceae52659d99@group-7586A75CB6D7-FollowerState] INFO  server.RaftServerConfigKeys (ConfUtils.java:logFallback(53)) - raft.server.rpc.first-election.timeout.max = 5200ms (fallback to raft.server.rpc.timeout.max)
2024-01-29 07:42:35,996 [f3d36f04-bccd-4be2-9dc2-ceae52659d99-groupManagement] INFO  server.RaftServerConfigKeys (ConfUtils.java:logGet(46)) - raft.server.snapshot.auto.trigger.enabled = true (custom)
2024-01-29 07:42:35,997 [f3d36f04-bccd-4be2-9dc2-ceae52659d99-groupManagement] INFO  server.RaftServerConfigKeys (ConfUtils.java:logGet(46)) - raft.server.snapshot.auto.trigger.threshold = 10000 (custom)
2024-01-29 07:42:35,997 [f3d36f04-bccd-4be2-9dc2-ceae52659d99-groupManagement] INFO  server.RaftServerConfigKeys (ConfUtils.java:logGet(46)) - raft.server.snapshot.retention.file.num = 5 (custom)
2024-01-29 07:42:35,997 [f3d36f04-bccd-4be2-9dc2-ceae52659d99-groupManagement] INFO  server.RaftServerConfigKeys (ConfUtils.java:logGet(46)) - raft.server.log.purge.upto.snapshot.index = false (default)
2024-01-29 07:42:35,997 [f3d36f04-bccd-4be2-9dc2-ceae52659d99-PipelineCommandHandlerThread-0] INFO  ratis.XceiverServerRatis (XceiverServerRatis.java:addGroup(864)) - Created group PipelineID=3a3c8cca-a880-4645-94de-7586a75cb6d7
2024-01-29 07:42:35,997 [f3d36f04-bccd-4be2-9dc2-ceae52659d99-PipelineCommandHandlerThread-0] INFO  commandhandler.CreatePipelineCommandHandler (CreatePipelineCommandHandler.java:lambda$handle$2(124)) - Created Pipeline RATIS ONE PipelineID=3a3c8cca-a880-4645-94de-7586a75cb6d7.
2024-01-29 07:42:36,087 [aaaecba4-dc3a-4434-b0f1-479f09acdbc3-PipelineCommandHandlerThread-0] INFO  server.RaftServer (RaftServerProxy.java:addNew(100)) - aaaecba4-dc3a-4434-b0f1-479f09acdbc3: addNew group-D88F6401EDD2:[aaaecba4-dc3a-4434-b0f1-479f09acdbc3|10.1.0.7:15148] returns group-D88F6401EDD2:java.util.concurrent.CompletableFuture@d0b00ca[Not completed]
2024-01-29 07:42:36,088 [aaaecba4-dc3a-4434-b0f1-479f09acdbc3-groupManagement] INFO  server.RaftServer$Division (RaftServerImpl.java:<init>(256)) - aaaecba4-dc3a-4434-b0f1-479f09acdbc3: new RaftServerImpl for group-D88F6401EDD2:[aaaecba4-dc3a-4434-b0f1-479f09acdbc3|10.1.0.7:15148] with ContainerStateMachine:uninitialized
2024-01-29 07:42:36,088 [aaaecba4-dc3a-4434-b0f1-479f09acdbc3-groupManagement] INFO  server.RaftServerConfigKeys (ConfUtils.java:logGet(46)) - raft.server.rpc.timeout.min = 5s (custom)
2024-01-29 07:42:36,089 [aaaecba4-dc3a-4434-b0f1-479f09acdbc3-groupManagement] INFO  server.RaftServerConfigKeys (ConfUtils.java:logGet(46)) - raft.server.rpc.timeout.max = 5200ms (custom)
2024-01-29 07:42:36,089 [aaaecba4-dc3a-4434-b0f1-479f09acdbc3-groupManagement] INFO  server.RaftServerConfigKeys (ConfUtils.java:logGet(46)) - raft.server.rpc.sleep.time = 25ms (default)
2024-01-29 07:42:36,089 [aaaecba4-dc3a-4434-b0f1-479f09acdbc3-groupManagement] INFO  server.RaftServerConfigKeys (ConfUtils.java:logGet(46)) - raft.server.rpc.slowness.timeout = 300000ms (custom)
2024-01-29 07:42:36,089 [aaaecba4-dc3a-4434-b0f1-479f09acdbc3-groupManagement] INFO  server.RaftServerConfigKeys (ConfUtils.java:logGet(46)) - raft.server.leaderelection.leader.step-down.wait-time = 10s (default)
2024-01-29 07:42:36,089 [aaaecba4-dc3a-4434-b0f1-479f09acdbc3-groupManagement] INFO  server.RaftServerConfigKeys (ConfUtils.java:logGet(46)) - raft.server.leaderelection.member.majority-add = false (default)
2024-01-29 07:42:36,089 [aaaecba4-dc3a-4434-b0f1-479f09acdbc3-groupManagement] INFO  server.RaftServerConfigKeys (ConfUtils.java:logGet(46)) - raft.server.sleep.deviation.threshold = 300ms (default)
2024-01-29 07:42:36,089 [aaaecba4-dc3a-4434-b0f1-479f09acdbc3-groupManagement] INFO  server.RaftServer$Division (ServerState.java:<init>(113)) - aaaecba4-dc3a-4434-b0f1-479f09acdbc3@group-D88F6401EDD2: ConfigurationManager, init=-1: peers:[aaaecba4-dc3a-4434-b0f1-479f09acdbc3|10.1.0.7:15148]|listeners:[], old=null, confs=<EMPTY_MAP>
2024-01-29 07:42:36,089 [aaaecba4-dc3a-4434-b0f1-479f09acdbc3-groupManagement] INFO  server.RaftServerConfigKeys (ConfUtils.java:logGet(46)) - raft.server.notification.no-leader.timeout = 300000ms (custom)
2024-01-29 07:42:36,089 [aaaecba4-dc3a-4434-b0f1-479f09acdbc3-groupManagement] INFO  server.RaftServerConfigKeys (ConfUtils.java:logGet(46)) - raft.server.read.timeout = 10s (default)
2024-01-29 07:42:36,089 [aaaecba4-dc3a-4434-b0f1-479f09acdbc3-groupManagement] INFO  server.RaftServerConfigKeys (ConfUtils.java:logGet(46)) - raft.server.retrycache.expirytime = 600000ms (custom)
2024-01-29 07:42:36,089 [aaaecba4-dc3a-4434-b0f1-479f09acdbc3-groupManagement] INFO  server.RaftServerConfigKeys (ConfUtils.java:logGet(46)) - raft.server.retrycache.statistics.expirytime = 100ms (default)
2024-01-29 07:42:36,089 [aaaecba4-dc3a-4434-b0f1-479f09acdbc3-groupManagement] INFO  server.RaftServerConfigKeys (ConfUtils.java:logGet(46)) - raft.server.read.option = DEFAULT (default)
2024-01-29 07:42:36,089 [aaaecba4-dc3a-4434-b0f1-479f09acdbc3-groupManagement] INFO  server.RaftServerConfigKeys (ConfUtils.java:logGet(46)) - raft.server.read.read-after-write-consistent.write-index-cache.expiry-time = 60s (default)
2024-01-29 07:42:36,091 [aaaecba4-dc3a-4434-b0f1-479f09acdbc3-groupManagement] INFO  server.RaftServerConfigKeys (ConfUtils.java:logGet(46)) - raft.server.rpc.request.timeout = 3000ms (default)
2024-01-29 07:42:36,091 [aaaecba4-dc3a-4434-b0f1-479f09acdbc3-groupManagement] INFO  server.RaftServerConfigKeys (ConfUtils.java:logGet(46)) - raft.server.log.appender.install.snapshot.enabled = false (custom)
2024-01-29 07:42:36,091 [aaaecba4-dc3a-4434-b0f1-479f09acdbc3-groupManagement] INFO  server.RaftServerConfigKeys (ConfUtils.java:logGet(46)) - raft.server.threadpool.server.cached = true (default)
2024-01-29 07:42:36,091 [aaaecba4-dc3a-4434-b0f1-479f09acdbc3-groupManagement] INFO  server.RaftServerConfigKeys (ConfUtils.java:logGet(46)) - raft.server.threadpool.server.size = 0 (default)
2024-01-29 07:42:36,091 [aaaecba4-dc3a-4434-b0f1-479f09acdbc3-groupManagement] INFO  server.RaftServerConfigKeys (ConfUtils.java:logGet(46)) - raft.server.threadpool.client.cached = true (default)
2024-01-29 07:42:36,091 [aaaecba4-dc3a-4434-b0f1-479f09acdbc3-groupManagement] INFO  server.RaftServerConfigKeys (ConfUtils.java:logGet(46)) - raft.server.threadpool.client.size = 0 (default)
2024-01-29 07:42:36,091 [aaaecba4-dc3a-4434-b0f1-479f09acdbc3-groupManagement] INFO  server.RaftServerConfigKeys (ConfUtils.java:logGet(46)) - raft.server.storage.free-space.min = 0MB (=0) (default)
2024-01-29 07:42:36,092 [aaaecba4-dc3a-4434-b0f1-479f09acdbc3-groupManagement] INFO  server.RaftServerConfigKeys (ConfUtils.java:logGet(46)) - raft.server.log.corruption.policy = EXCEPTION (default)
2024-01-29 07:42:36,092 [aaaecba4-dc3a-4434-b0f1-479f09acdbc3-groupManagement] INFO  server.RaftServerConfigKeys (ConfUtils.java:logGet(46)) - raft.server.storage.dir = [/home/runner/work/ozone/ozone/hadoop-ozone/integration-test/target/test-dir/MiniOzoneClusterImpl-43c44e75-c492-4a39-944e-601a0ff30632/datanode-5/data/ratis] (custom)
2024-01-29 07:42:36,092 [aaaecba4-dc3a-4434-b0f1-479f09acdbc3-groupManagement] INFO  storage.RaftStorageDirectory (RaftStorageDirectoryImpl.java:analyzeStorage(138)) - The storage directory /home/runner/work/ozone/ozone/hadoop-ozone/integration-test/target/test-dir/MiniOzoneClusterImpl-43c44e75-c492-4a39-944e-601a0ff30632/datanode-5/data/ratis/ce6f691a-3061-4d05-8b69-d88f6401edd2 does not exist. Creating ...
2024-01-29 07:42:36,093 [aaaecba4-dc3a-4434-b0f1-479f09acdbc3-groupManagement] INFO  storage.RaftStorageDirectory (RaftStorageDirectoryImpl.java:tryLock(228)) - Lock on /home/runner/work/ozone/ozone/hadoop-ozone/integration-test/target/test-dir/MiniOzoneClusterImpl-43c44e75-c492-4a39-944e-601a0ff30632/datanode-5/data/ratis/ce6f691a-3061-4d05-8b69-d88f6401edd2/in_use.lock acquired by nodename 37616@fv-az571-724
2024-01-29 07:42:36,094 [aaaecba4-dc3a-4434-b0f1-479f09acdbc3-groupManagement] INFO  storage.RaftStorage (RaftStorageImpl.java:format(99)) - Storage directory /home/runner/work/ozone/ozone/hadoop-ozone/integration-test/target/test-dir/MiniOzoneClusterImpl-43c44e75-c492-4a39-944e-601a0ff30632/datanode-5/data/ratis/ce6f691a-3061-4d05-8b69-d88f6401edd2 has been successfully formatted.
2024-01-29 07:42:36,094 [aaaecba4-dc3a-4434-b0f1-479f09acdbc3-groupManagement] WARN  util.FileUtils (LogUtils.java:supplyAndLog(63)) - Failed to Files.newInputStream /home/runner/work/ozone/ozone/hadoop-ozone/integration-test/target/test-dir/MiniOzoneClusterImpl-43c44e75-c492-4a39-944e-601a0ff30632/datanode-5/data/ratis/ce6f691a-3061-4d05-8b69-d88f6401edd2/current/raft-meta.conf with options []: java.nio.file.NoSuchFileException: /home/runner/work/ozone/ozone/hadoop-ozone/integration-test/target/test-dir/MiniOzoneClusterImpl-43c44e75-c492-4a39-944e-601a0ff30632/datanode-5/data/ratis/ce6f691a-3061-4d05-8b69-d88f6401edd2/current/raft-meta.conf
2024-01-29 07:42:36,094 [aaaecba4-dc3a-4434-b0f1-479f09acdbc3-groupManagement] INFO  ratis.ContainerStateMachine (ContainerStateMachine.java:loadSnapshot(287)) - group-D88F6401EDD2: The snapshot info is null. Setting the last applied index to:(t:0, i:~)
2024-01-29 07:42:36,094 [aaaecba4-dc3a-4434-b0f1-479f09acdbc3-groupManagement] INFO  server.RaftServerConfigKeys (ConfUtils.java:logGet(46)) - raft.server.log.use.memory = false (default)
2024-01-29 07:42:36,094 [aaaecba4-dc3a-4434-b0f1-479f09acdbc3-groupManagement] INFO  server.RaftServerConfigKeys (ConfUtils.java:logGet(46)) - raft.server.log.purge.gap = 1000000 (custom)
2024-01-29 07:42:36,094 [aaaecba4-dc3a-4434-b0f1-479f09acdbc3-groupManagement] INFO  server.RaftServerConfigKeys (ConfUtils.java:logGet(46)) - raft.server.log.appender.buffer.byte-limit = 8388608 (custom)
2024-01-29 07:42:36,095 [aaaecba4-dc3a-4434-b0f1-479f09acdbc3-groupManagement] INFO  server.RaftServerConfigKeys (ConfUtils.java:logGet(46)) - raft.server.log.statemachine.data.read.timeout = 1000ms (default)
2024-01-29 07:42:36,095 [aaaecba4-dc3a-4434-b0f1-479f09acdbc3-groupManagement] INFO  server.RaftServerConfigKeys (ConfUtils.java:logGet(46)) - raft.server.log.purge.preservation.log.num = 0 (default)
2024-01-29 07:42:36,096 [EventQueue-PipelineReportForPipelineReportHandler] INFO  pipeline.PipelineReportHandler (PipelineReportHandler.java:processPipelineReport(136)) - Opened pipeline PipelineID=ce6f691a-3061-4d05-8b69-d88f6401edd2
2024-01-29 07:42:36,096 [EventQueue-OpenPipelineForHealthyPipelineSafeModeRule] INFO  safemode.SCMSafeModeManager (HealthyPipelineSafeModeRule.java:process(140)) - SCM in safe mode. Healthy pipelines reported count is 0, required healthy pipeline reported count is 1
2024-01-29 07:42:36,096 [aaaecba4-dc3a-4434-b0f1-479f09acdbc3-groupManagement] INFO  server.RaftServerConfigKeys (ConfUtils.java:logGet(46)) - raft.server.log.segment.size.max = 67108864 (custom)
2024-01-29 07:42:36,096 [aaaecba4-dc3a-4434-b0f1-479f09acdbc3-groupManagement] INFO  server.RaftServerConfigKeys (ConfUtils.java:logGet(46)) - raft.server.log.segment.cache.num.max = 2 (custom)
2024-01-29 07:42:36,096 [aaaecba4-dc3a-4434-b0f1-479f09acdbc3-groupManagement] INFO  server.RaftServerConfigKeys (ConfUtils.java:logGet(46)) - raft.server.log.segment.cache.size.max = 200MB (=209715200) (default)
2024-01-29 07:42:36,097 [aaaecba4-dc3a-4434-b0f1-479f09acdbc3-groupManagement] INFO  server.RaftServerConfigKeys (ConfUtils.java:logGet(46)) - raft.server.log.appender.buffer.byte-limit = 8388608 (custom)
2024-01-29 07:42:36,097 [aaaecba4-dc3a-4434-b0f1-479f09acdbc3-groupManagement] INFO  util.AwaitToRun (AwaitToRun.java:start(81)) - Thread[aaaecba4-dc3a-4434-b0f1-479f09acdbc3@group-D88F6401EDD2-cacheEviction-AwaitToRun,5,main] started
2024-01-29 07:42:36,097 [aaaecba4-dc3a-4434-b0f1-479f09acdbc3-groupManagement] INFO  segmented.SegmentedRaftLogWorker (SegmentedRaftLogWorker.java:<init>(182)) - new aaaecba4-dc3a-4434-b0f1-479f09acdbc3@group-D88F6401EDD2-SegmentedRaftLogWorker for RaftStorageImpl:Storage Directory /home/runner/work/ozone/ozone/hadoop-ozone/integration-test/target/test-dir/MiniOzoneClusterImpl-43c44e75-c492-4a39-944e-601a0ff30632/datanode-5/data/ratis/ce6f691a-3061-4d05-8b69-d88f6401edd2
2024-01-29 07:42:36,097 [aaaecba4-dc3a-4434-b0f1-479f09acdbc3-groupManagement] INFO  server.RaftServerConfigKeys (ConfUtils.java:logGet(46)) - raft.server.log.queue.byte-limit = 4294967296 (custom)
2024-01-29 07:42:36,097 [aaaecba4-dc3a-4434-b0f1-479f09acdbc3-groupManagement] INFO  server.RaftServerConfigKeys (ConfUtils.java:logGet(46)) - raft.server.log.queue.element-limit = 1024 (custom)
2024-01-29 07:42:36,097 [aaaecba4-dc3a-4434-b0f1-479f09acdbc3-groupManagement] INFO  server.RaftServerConfigKeys (ConfUtils.java:logGet(46)) - raft.server.log.segment.size.max = 67108864 (custom)
2024-01-29 07:42:36,097 [aaaecba4-dc3a-4434-b0f1-479f09acdbc3-groupManagement] INFO  server.RaftServerConfigKeys (ConfUtils.java:logGet(46)) - raft.server.log.preallocated.size = 4194304 (custom)
2024-01-29 07:42:36,097 [aaaecba4-dc3a-4434-b0f1-479f09acdbc3-groupManagement] INFO  server.RaftServerConfigKeys (ConfUtils.java:logGet(46)) - raft.server.log.force.sync.num = 128 (default)
2024-01-29 07:42:36,097 [aaaecba4-dc3a-4434-b0f1-479f09acdbc3-groupManagement] INFO  server.RaftServerConfigKeys (ConfUtils.java:logGet(46)) - raft.server.log.statemachine.data.sync = true (default)
2024-01-29 07:42:36,097 [aaaecba4-dc3a-4434-b0f1-479f09acdbc3-groupManagement] INFO  server.RaftServerConfigKeys (ConfUtils.java:logGet(46)) - raft.server.log.statemachine.data.sync.timeout = 10s (default)
2024-01-29 07:42:36,097 [aaaecba4-dc3a-4434-b0f1-479f09acdbc3-groupManagement] INFO  server.RaftServerConfigKeys (ConfUtils.java:logGet(46)) - raft.server.log.statemachine.data.sync.timeout.retry = 0 (custom)
2024-01-29 07:42:36,098 [aaaecba4-dc3a-4434-b0f1-479f09acdbc3-groupManagement] INFO  server.RaftServerConfigKeys (ConfUtils.java:logGet(46)) - raft.server.log.write.buffer.size = 8388616 (custom)
2024-01-29 07:42:36,099 [aaaecba4-dc3a-4434-b0f1-479f09acdbc3-groupManagement] INFO  server.RaftServerConfigKeys (ConfUtils.java:logGet(46)) - raft.server.log.appender.buffer.byte-limit = 8388608 (custom)
2024-01-29 07:42:36,099 [aaaecba4-dc3a-4434-b0f1-479f09acdbc3-groupManagement] INFO  server.RaftServerConfigKeys (ConfUtils.java:logGet(46)) - raft.server.log.unsafe-flush.enabled = false (default)
2024-01-29 07:42:36,099 [aaaecba4-dc3a-4434-b0f1-479f09acdbc3-groupManagement] INFO  server.RaftServerConfigKeys (ConfUtils.java:logGet(46)) - raft.server.log.async-flush.enabled = false (default)
2024-01-29 07:42:36,099 [aaaecba4-dc3a-4434-b0f1-479f09acdbc3-groupManagement] INFO  server.RaftServerConfigKeys (ConfUtils.java:logGet(46)) - raft.server.log.statemachine.data.caching.enabled = true (custom)
2024-01-29 07:42:36,099 [aaaecba4-dc3a-4434-b0f1-479f09acdbc3-groupManagement] INFO  segmented.SegmentedRaftLogWorker (SegmentedRaftLogWorker.java:lambda$new$0(134)) - aaaecba4-dc3a-4434-b0f1-479f09acdbc3@group-D88F6401EDD2-SegmentedRaftLogWorker: flushIndex: setUnconditionally 0 -> -1
2024-01-29 07:42:36,099 [aaaecba4-dc3a-4434-b0f1-479f09acdbc3-groupManagement] INFO  segmented.SegmentedRaftLogWorker (SegmentedRaftLogWorker.java:lambda$new$0(134)) - aaaecba4-dc3a-4434-b0f1-479f09acdbc3@group-D88F6401EDD2-SegmentedRaftLogWorker: safeCacheEvictIndex: setUnconditionally 0 -> -1
2024-01-29 07:42:36,100 [aaaecba4-dc3a-4434-b0f1-479f09acdbc3-groupManagement] INFO  server.RaftServer$Division (RaftServerImpl.java:start(396)) - aaaecba4-dc3a-4434-b0f1-479f09acdbc3@group-D88F6401EDD2: start as a follower, conf=-1: peers:[aaaecba4-dc3a-4434-b0f1-479f09acdbc3|10.1.0.7:15148]|listeners:[], old=null
2024-01-29 07:42:36,100 [aaaecba4-dc3a-4434-b0f1-479f09acdbc3-groupManagement] INFO  server.RaftServer$Division (RaftServerImpl.java:setRole(383)) - aaaecba4-dc3a-4434-b0f1-479f09acdbc3@group-D88F6401EDD2: changes role from      null to FOLLOWER at term 0 for startAsFollower
2024-01-29 07:42:36,100 [aaaecba4-dc3a-4434-b0f1-479f09acdbc3-groupManagement] INFO  impl.RoleInfo (RoleInfo.java:updateAndGet(139)) - aaaecba4-dc3a-4434-b0f1-479f09acdbc3: start aaaecba4-dc3a-4434-b0f1-479f09acdbc3@group-D88F6401EDD2-FollowerState
2024-01-29 07:42:36,100 [aaaecba4-dc3a-4434-b0f1-479f09acdbc3-groupManagement] INFO  util.JmxRegister (JmxRegister.java:tryRegister(44)) - Successfully registered JMX Bean with object name Ratis:service=RaftServer,group=group-D88F6401EDD2,id=aaaecba4-dc3a-4434-b0f1-479f09acdbc3
2024-01-29 07:42:36,100 [aaaecba4-dc3a-4434-b0f1-479f09acdbc3@group-D88F6401EDD2-FollowerState] INFO  server.RaftServerConfigKeys (ConfUtils.java:logFallback(53)) - raft.server.rpc.first-election.timeout.min = 5s (fallback to raft.server.rpc.timeout.min)
2024-01-29 07:42:36,100 [aaaecba4-dc3a-4434-b0f1-479f09acdbc3-groupManagement] INFO  server.RaftServerConfigKeys (ConfUtils.java:logGet(46)) - raft.server.snapshot.trigger-when-stop.enabled = true (default)
2024-01-29 07:42:36,100 [aaaecba4-dc3a-4434-b0f1-479f09acdbc3@group-D88F6401EDD2-FollowerState] INFO  server.RaftServerConfigKeys (ConfUtils.java:logFallback(53)) - raft.server.rpc.first-election.timeout.max = 5200ms (fallback to raft.server.rpc.timeout.max)
2024-01-29 07:42:36,100 [aaaecba4-dc3a-4434-b0f1-479f09acdbc3-groupManagement] INFO  server.RaftServerConfigKeys (ConfUtils.java:logGet(46)) - raft.server.snapshot.auto.trigger.enabled = true (custom)
2024-01-29 07:42:36,100 [aaaecba4-dc3a-4434-b0f1-479f09acdbc3-groupManagement] INFO  server.RaftServerConfigKeys (ConfUtils.java:logGet(46)) - raft.server.snapshot.auto.trigger.threshold = 10000 (custom)
2024-01-29 07:42:36,100 [aaaecba4-dc3a-4434-b0f1-479f09acdbc3-groupManagement] INFO  server.RaftServerConfigKeys (ConfUtils.java:logGet(46)) - raft.server.snapshot.retention.file.num = 5 (custom)
2024-01-29 07:42:36,101 [aaaecba4-dc3a-4434-b0f1-479f09acdbc3-groupManagement] INFO  server.RaftServerConfigKeys (ConfUtils.java:logGet(46)) - raft.server.log.purge.upto.snapshot.index = false (default)
2024-01-29 07:42:36,101 [aaaecba4-dc3a-4434-b0f1-479f09acdbc3-PipelineCommandHandlerThread-0] INFO  ratis.XceiverServerRatis (XceiverServerRatis.java:addGroup(864)) - Created group PipelineID=ce6f691a-3061-4d05-8b69-d88f6401edd2
2024-01-29 07:42:36,101 [aaaecba4-dc3a-4434-b0f1-479f09acdbc3-PipelineCommandHandlerThread-0] INFO  commandhandler.CreatePipelineCommandHandler (CreatePipelineCommandHandler.java:lambda$handle$2(124)) - Created Pipeline RATIS ONE PipelineID=ce6f691a-3061-4d05-8b69-d88f6401edd2.
2024-01-29 07:42:36,200 [4014a93b-65b2-4fad-85e3-f269d9ce0515-PipelineCommandHandlerThread-0] INFO  server.RaftServer (RaftServerProxy.java:addNew(100)) - 4014a93b-65b2-4fad-85e3-f269d9ce0515: addNew group-C3E4D582E014:[4014a93b-65b2-4fad-85e3-f269d9ce0515|10.1.0.7:15157] returns group-C3E4D582E014:java.util.concurrent.CompletableFuture@48904a13[Not completed]
2024-01-29 07:42:36,201 [4014a93b-65b2-4fad-85e3-f269d9ce0515-groupManagement] INFO  server.RaftServer$Division (RaftServerImpl.java:<init>(256)) - 4014a93b-65b2-4fad-85e3-f269d9ce0515: new RaftServerImpl for group-C3E4D582E014:[4014a93b-65b2-4fad-85e3-f269d9ce0515|10.1.0.7:15157] with ContainerStateMachine:uninitialized
2024-01-29 07:42:36,201 [4014a93b-65b2-4fad-85e3-f269d9ce0515-groupManagement] INFO  server.RaftServerConfigKeys (ConfUtils.java:logGet(46)) - raft.server.rpc.timeout.min = 5s (custom)
2024-01-29 07:42:36,201 [4014a93b-65b2-4fad-85e3-f269d9ce0515-groupManagement] INFO  server.RaftServerConfigKeys (ConfUtils.java:logGet(46)) - raft.server.rpc.timeout.max = 5200ms (custom)
2024-01-29 07:42:36,201 [4014a93b-65b2-4fad-85e3-f269d9ce0515-groupManagement] INFO  server.RaftServerConfigKeys (ConfUtils.java:logGet(46)) - raft.server.rpc.sleep.time = 25ms (default)
2024-01-29 07:42:36,201 [4014a93b-65b2-4fad-85e3-f269d9ce0515-groupManagement] INFO  server.RaftServerConfigKeys (ConfUtils.java:logGet(46)) - raft.server.rpc.slowness.timeout = 300000ms (custom)
2024-01-29 07:42:36,201 [4014a93b-65b2-4fad-85e3-f269d9ce0515-groupManagement] INFO  server.RaftServerConfigKeys (ConfUtils.java:logGet(46)) - raft.server.leaderelection.leader.step-down.wait-time = 10s (default)
2024-01-29 07:42:36,201 [4014a93b-65b2-4fad-85e3-f269d9ce0515-groupManagement] INFO  server.RaftServerConfigKeys (ConfUtils.java:logGet(46)) - raft.server.leaderelection.member.majority-add = false (default)
2024-01-29 07:42:36,201 [4014a93b-65b2-4fad-85e3-f269d9ce0515-groupManagement] INFO  server.RaftServerConfigKeys (ConfUtils.java:logGet(46)) - raft.server.sleep.deviation.threshold = 300ms (default)
2024-01-29 07:42:36,201 [4014a93b-65b2-4fad-85e3-f269d9ce0515-groupManagement] INFO  server.RaftServer$Division (ServerState.java:<init>(113)) - 4014a93b-65b2-4fad-85e3-f269d9ce0515@group-C3E4D582E014: ConfigurationManager, init=-1: peers:[4014a93b-65b2-4fad-85e3-f269d9ce0515|10.1.0.7:15157]|listeners:[], old=null, confs=<EMPTY_MAP>
2024-01-29 07:42:36,201 [4014a93b-65b2-4fad-85e3-f269d9ce0515-groupManagement] INFO  server.RaftServerConfigKeys (ConfUtils.java:logGet(46)) - raft.server.notification.no-leader.timeout = 300000ms (custom)
2024-01-29 07:42:36,201 [4014a93b-65b2-4fad-85e3-f269d9ce0515-groupManagement] INFO  server.RaftServerConfigKeys (ConfUtils.java:logGet(46)) - raft.server.read.timeout = 10s (default)
2024-01-29 07:42:36,201 [4014a93b-65b2-4fad-85e3-f269d9ce0515-groupManagement] INFO  server.RaftServerConfigKeys (ConfUtils.java:logGet(46)) - raft.server.retrycache.expirytime = 600000ms (custom)
2024-01-29 07:42:36,202 [4014a93b-65b2-4fad-85e3-f269d9ce0515-groupManagement] INFO  server.RaftServerConfigKeys (ConfUtils.java:logGet(46)) - raft.server.retrycache.statistics.expirytime = 100ms (default)
2024-01-29 07:42:36,202 [4014a93b-65b2-4fad-85e3-f269d9ce0515-groupManagement] INFO  server.RaftServerConfigKeys (ConfUtils.java:logGet(46)) - raft.server.read.option = DEFAULT (default)
2024-01-29 07:42:36,202 [4014a93b-65b2-4fad-85e3-f269d9ce0515-groupManagement] INFO  server.RaftServerConfigKeys (ConfUtils.java:logGet(46)) - raft.server.read.read-after-write-consistent.write-index-cache.expiry-time = 60s (default)
2024-01-29 07:42:36,204 [4014a93b-65b2-4fad-85e3-f269d9ce0515-groupManagement] INFO  server.RaftServerConfigKeys (ConfUtils.java:logGet(46)) - raft.server.rpc.request.timeout = 3000ms (default)
2024-01-29 07:42:36,204 [4014a93b-65b2-4fad-85e3-f269d9ce0515-groupManagement] INFO  server.RaftServerConfigKeys (ConfUtils.java:logGet(46)) - raft.server.log.appender.install.snapshot.enabled = false (custom)
2024-01-29 07:42:36,204 [4014a93b-65b2-4fad-85e3-f269d9ce0515-groupManagement] INFO  server.RaftServerConfigKeys (ConfUtils.java:logGet(46)) - raft.server.threadpool.server.cached = true (default)
2024-01-29 07:42:36,204 [4014a93b-65b2-4fad-85e3-f269d9ce0515-groupManagement] INFO  server.RaftServerConfigKeys (ConfUtils.java:logGet(46)) - raft.server.threadpool.server.size = 0 (default)
2024-01-29 07:42:36,204 [4014a93b-65b2-4fad-85e3-f269d9ce0515-groupManagement] INFO  server.RaftServerConfigKeys (ConfUtils.java:logGet(46)) - raft.server.threadpool.client.cached = true (default)
2024-01-29 07:42:36,204 [4014a93b-65b2-4fad-85e3-f269d9ce0515-groupManagement] INFO  server.RaftServerConfigKeys (ConfUtils.java:logGet(46)) - raft.server.threadpool.client.size = 0 (default)
2024-01-29 07:42:36,204 [4014a93b-65b2-4fad-85e3-f269d9ce0515-groupManagement] INFO  server.RaftServerConfigKeys (ConfUtils.java:logGet(46)) - raft.server.storage.free-space.min = 0MB (=0) (default)
2024-01-29 07:42:36,204 [4014a93b-65b2-4fad-85e3-f269d9ce0515-groupManagement] INFO  server.RaftServerConfigKeys (ConfUtils.java:logGet(46)) - raft.server.log.corruption.policy = EXCEPTION (default)
2024-01-29 07:42:36,204 [4014a93b-65b2-4fad-85e3-f269d9ce0515-groupManagement] INFO  server.RaftServerConfigKeys (ConfUtils.java:logGet(46)) - raft.server.storage.dir = [/home/runner/work/ozone/ozone/hadoop-ozone/integration-test/target/test-dir/MiniOzoneClusterImpl-43c44e75-c492-4a39-944e-601a0ff30632/datanode-6/data/ratis] (custom)
2024-01-29 07:42:36,204 [4014a93b-65b2-4fad-85e3-f269d9ce0515-groupManagement] INFO  storage.RaftStorageDirectory (RaftStorageDirectoryImpl.java:analyzeStorage(138)) - The storage directory /home/runner/work/ozone/ozone/hadoop-ozone/integration-test/target/test-dir/MiniOzoneClusterImpl-43c44e75-c492-4a39-944e-601a0ff30632/datanode-6/data/ratis/3bd9dfdd-18fa-4adf-bc8f-c3e4d582e014 does not exist. Creating ...
2024-01-29 07:42:36,205 [4014a93b-65b2-4fad-85e3-f269d9ce0515-groupManagement] INFO  storage.RaftStorageDirectory (RaftStorageDirectoryImpl.java:tryLock(228)) - Lock on /home/runner/work/ozone/ozone/hadoop-ozone/integration-test/target/test-dir/MiniOzoneClusterImpl-43c44e75-c492-4a39-944e-601a0ff30632/datanode-6/data/ratis/3bd9dfdd-18fa-4adf-bc8f-c3e4d582e014/in_use.lock acquired by nodename 37616@fv-az571-724
2024-01-29 07:42:36,206 [4014a93b-65b2-4fad-85e3-f269d9ce0515-groupManagement] INFO  storage.RaftStorage (RaftStorageImpl.java:format(99)) - Storage directory /home/runner/work/ozone/ozone/hadoop-ozone/integration-test/target/test-dir/MiniOzoneClusterImpl-43c44e75-c492-4a39-944e-601a0ff30632/datanode-6/data/ratis/3bd9dfdd-18fa-4adf-bc8f-c3e4d582e014 has been successfully formatted.
2024-01-29 07:42:36,206 [4014a93b-65b2-4fad-85e3-f269d9ce0515-groupManagement] WARN  util.FileUtils (LogUtils.java:supplyAndLog(63)) - Failed to Files.newInputStream /home/runner/work/ozone/ozone/hadoop-ozone/integration-test/target/test-dir/MiniOzoneClusterImpl-43c44e75-c492-4a39-944e-601a0ff30632/datanode-6/data/ratis/3bd9dfdd-18fa-4adf-bc8f-c3e4d582e014/current/raft-meta.conf with options []: java.nio.file.NoSuchFileException: /home/runner/work/ozone/ozone/hadoop-ozone/integration-test/target/test-dir/MiniOzoneClusterImpl-43c44e75-c492-4a39-944e-601a0ff30632/datanode-6/data/ratis/3bd9dfdd-18fa-4adf-bc8f-c3e4d582e014/current/raft-meta.conf
2024-01-29 07:42:36,208 [4014a93b-65b2-4fad-85e3-f269d9ce0515-groupManagement] INFO  ratis.ContainerStateMachine (ContainerStateMachine.java:loadSnapshot(287)) - group-C3E4D582E014: The snapshot info is null. Setting the last applied index to:(t:0, i:~)
2024-01-29 07:42:36,208 [4014a93b-65b2-4fad-85e3-f269d9ce0515-groupManagement] INFO  server.RaftServerConfigKeys (ConfUtils.java:logGet(46)) - raft.server.log.use.memory = false (default)
2024-01-29 07:42:36,208 [4014a93b-65b2-4fad-85e3-f269d9ce0515-groupManagement] INFO  server.RaftServerConfigKeys (ConfUtils.java:logGet(46)) - raft.server.log.purge.gap = 1000000 (custom)
2024-01-29 07:42:36,208 [4014a93b-65b2-4fad-85e3-f269d9ce0515-groupManagement] INFO  server.RaftServerConfigKeys (ConfUtils.java:logGet(46)) - raft.server.log.appender.buffer.byte-limit = 8388608 (custom)
2024-01-29 07:42:36,208 [4014a93b-65b2-4fad-85e3-f269d9ce0515-groupManagement] INFO  server.RaftServerConfigKeys (ConfUtils.java:logGet(46)) - raft.server.log.statemachine.data.read.timeout = 1000ms (default)
2024-01-29 07:42:36,208 [4014a93b-65b2-4fad-85e3-f269d9ce0515-groupManagement] INFO  server.RaftServerConfigKeys (ConfUtils.java:logGet(46)) - raft.server.log.purge.preservation.log.num = 0 (default)
2024-01-29 07:42:36,209 [4014a93b-65b2-4fad-85e3-f269d9ce0515-groupManagement] INFO  server.RaftServerConfigKeys (ConfUtils.java:logGet(46)) - raft.server.log.segment.size.max = 67108864 (custom)
2024-01-29 07:42:36,209 [EventQueue-PipelineReportForPipelineReportHandler] INFO  pipeline.PipelineReportHandler (PipelineReportHandler.java:processPipelineReport(136)) - Opened pipeline PipelineID=3bd9dfdd-18fa-4adf-bc8f-c3e4d582e014
2024-01-29 07:42:36,210 [EventQueue-OpenPipelineForHealthyPipelineSafeModeRule] INFO  safemode.SCMSafeModeManager (HealthyPipelineSafeModeRule.java:process(140)) - SCM in safe mode. Healthy pipelines reported count is 0, required healthy pipeline reported count is 1
2024-01-29 07:42:36,210 [4014a93b-65b2-4fad-85e3-f269d9ce0515-groupManagement] INFO  server.RaftServerConfigKeys (ConfUtils.java:logGet(46)) - raft.server.log.segment.cache.num.max = 2 (custom)
2024-01-29 07:42:36,210 [4014a93b-65b2-4fad-85e3-f269d9ce0515-groupManagement] INFO  server.RaftServerConfigKeys (ConfUtils.java:logGet(46)) - raft.server.log.segment.cache.size.max = 200MB (=209715200) (default)
2024-01-29 07:42:36,210 [4014a93b-65b2-4fad-85e3-f269d9ce0515-groupManagement] INFO  server.RaftServerConfigKeys (ConfUtils.java:logGet(46)) - raft.server.log.appender.buffer.byte-limit = 8388608 (custom)
2024-01-29 07:42:36,210 [4014a93b-65b2-4fad-85e3-f269d9ce0515-groupManagement] INFO  util.AwaitToRun (AwaitToRun.java:start(81)) - Thread[4014a93b-65b2-4fad-85e3-f269d9ce0515@group-C3E4D582E014-cacheEviction-AwaitToRun,5,main] started
2024-01-29 07:42:36,210 [4014a93b-65b2-4fad-85e3-f269d9ce0515-groupManagement] INFO  segmented.SegmentedRaftLogWorker (SegmentedRaftLogWorker.java:<init>(182)) - new 4014a93b-65b2-4fad-85e3-f269d9ce0515@group-C3E4D582E014-SegmentedRaftLogWorker for RaftStorageImpl:Storage Directory /home/runner/work/ozone/ozone/hadoop-ozone/integration-test/target/test-dir/MiniOzoneClusterImpl-43c44e75-c492-4a39-944e-601a0ff30632/datanode-6/data/ratis/3bd9dfdd-18fa-4adf-bc8f-c3e4d582e014
2024-01-29 07:42:36,210 [4014a93b-65b2-4fad-85e3-f269d9ce0515-groupManagement] INFO  server.RaftServerConfigKeys (ConfUtils.java:logGet(46)) - raft.server.log.queue.byte-limit = 4294967296 (custom)
2024-01-29 07:42:36,210 [4014a93b-65b2-4fad-85e3-f269d9ce0515-groupManagement] INFO  server.RaftServerConfigKeys (ConfUtils.java:logGet(46)) - raft.server.log.queue.element-limit = 1024 (custom)
2024-01-29 07:42:36,210 [4014a93b-65b2-4fad-85e3-f269d9ce0515-groupManagement] INFO  server.RaftServerConfigKeys (ConfUtils.java:logGet(46)) - raft.server.log.segment.size.max = 67108864 (custom)
2024-01-29 07:42:36,210 [4014a93b-65b2-4fad-85e3-f269d9ce0515-groupManagement] INFO  server.RaftServerConfigKeys (ConfUtils.java:logGet(46)) - raft.server.log.preallocated.size = 4194304 (custom)
2024-01-29 07:42:36,210 [4014a93b-65b2-4fad-85e3-f269d9ce0515-groupManagement] INFO  server.RaftServerConfigKeys (ConfUtils.java:logGet(46)) - raft.server.log.force.sync.num = 128 (default)
2024-01-29 07:42:36,210 [4014a93b-65b2-4fad-85e3-f269d9ce0515-groupManagement] INFO  server.RaftServerConfigKeys (ConfUtils.java:logGet(46)) - raft.server.log.statemachine.data.sync = true (default)
2024-01-29 07:42:36,210 [4014a93b-65b2-4fad-85e3-f269d9ce0515-groupManagement] INFO  server.RaftServerConfigKeys (ConfUtils.java:logGet(46)) - raft.server.log.statemachine.data.sync.timeout = 10s (default)
2024-01-29 07:42:36,211 [4014a93b-65b2-4fad-85e3-f269d9ce0515-groupManagement] INFO  server.RaftServerConfigKeys (ConfUtils.java:logGet(46)) - raft.server.log.statemachine.data.sync.timeout.retry = 0 (custom)
2024-01-29 07:42:36,211 [4014a93b-65b2-4fad-85e3-f269d9ce0515-groupManagement] INFO  server.RaftServerConfigKeys (ConfUtils.java:logGet(46)) - raft.server.log.write.buffer.size = 8388616 (custom)
2024-01-29 07:42:36,212 [4014a93b-65b2-4fad-85e3-f269d9ce0515-groupManagement] INFO  server.RaftServerConfigKeys (ConfUtils.java:logGet(46)) - raft.server.log.appender.buffer.byte-limit = 8388608 (custom)
2024-01-29 07:42:36,212 [4014a93b-65b2-4fad-85e3-f269d9ce0515-groupManagement] INFO  server.RaftServerConfigKeys (ConfUtils.java:logGet(46)) - raft.server.log.unsafe-flush.enabled = false (default)
2024-01-29 07:42:36,212 [4014a93b-65b2-4fad-85e3-f269d9ce0515-groupManagement] INFO  server.RaftServerConfigKeys (ConfUtils.java:logGet(46)) - raft.server.log.async-flush.enabled = false (default)
2024-01-29 07:42:36,213 [4014a93b-65b2-4fad-85e3-f269d9ce0515-groupManagement] INFO  server.RaftServerConfigKeys (ConfUtils.java:logGet(46)) - raft.server.log.statemachine.data.caching.enabled = true (custom)
2024-01-29 07:42:36,213 [4014a93b-65b2-4fad-85e3-f269d9ce0515-groupManagement] INFO  segmented.SegmentedRaftLogWorker (SegmentedRaftLogWorker.java:lambda$new$0(134)) - 4014a93b-65b2-4fad-85e3-f269d9ce0515@group-C3E4D582E014-SegmentedRaftLogWorker: flushIndex: setUnconditionally 0 -> -1
2024-01-29 07:42:36,213 [4014a93b-65b2-4fad-85e3-f269d9ce0515-groupManagement] INFO  segmented.SegmentedRaftLogWorker (SegmentedRaftLogWorker.java:lambda$new$0(134)) - 4014a93b-65b2-4fad-85e3-f269d9ce0515@group-C3E4D582E014-SegmentedRaftLogWorker: safeCacheEvictIndex: setUnconditionally 0 -> -1
2024-01-29 07:42:36,213 [4014a93b-65b2-4fad-85e3-f269d9ce0515-groupManagement] INFO  server.RaftServer$Division (RaftServerImpl.java:start(396)) - 4014a93b-65b2-4fad-85e3-f269d9ce0515@group-C3E4D582E014: start as a follower, conf=-1: peers:[4014a93b-65b2-4fad-85e3-f269d9ce0515|10.1.0.7:15157]|listeners:[], old=null
2024-01-29 07:42:36,213 [4014a93b-65b2-4fad-85e3-f269d9ce0515-groupManagement] INFO  server.RaftServer$Division (RaftServerImpl.java:setRole(383)) - 4014a93b-65b2-4fad-85e3-f269d9ce0515@group-C3E4D582E014: changes role from      null to FOLLOWER at term 0 for startAsFollower
2024-01-29 07:42:36,213 [4014a93b-65b2-4fad-85e3-f269d9ce0515-groupManagement] INFO  impl.RoleInfo (RoleInfo.java:updateAndGet(139)) - 4014a93b-65b2-4fad-85e3-f269d9ce0515: start 4014a93b-65b2-4fad-85e3-f269d9ce0515@group-C3E4D582E014-FollowerState
2024-01-29 07:42:36,213 [4014a93b-65b2-4fad-85e3-f269d9ce0515@group-C3E4D582E014-FollowerState] INFO  server.RaftServerConfigKeys (ConfUtils.java:logFallback(53)) - raft.server.rpc.first-election.timeout.min = 5s (fallback to raft.server.rpc.timeout.min)
2024-01-29 07:42:36,213 [4014a93b-65b2-4fad-85e3-f269d9ce0515-groupManagement] INFO  util.JmxRegister (JmxRegister.java:tryRegister(44)) - Successfully registered JMX Bean with object name Ratis:service=RaftServer,group=group-C3E4D582E014,id=4014a93b-65b2-4fad-85e3-f269d9ce0515
2024-01-29 07:42:36,213 [4014a93b-65b2-4fad-85e3-f269d9ce0515@group-C3E4D582E014-FollowerState] INFO  server.RaftServerConfigKeys (ConfUtils.java:logFallback(53)) - raft.server.rpc.first-election.timeout.max = 5200ms (fallback to raft.server.rpc.timeout.max)
2024-01-29 07:42:36,213 [4014a93b-65b2-4fad-85e3-f269d9ce0515-groupManagement] INFO  server.RaftServerConfigKeys (ConfUtils.java:logGet(46)) - raft.server.snapshot.trigger-when-stop.enabled = true (default)
2024-01-29 07:42:36,213 [4014a93b-65b2-4fad-85e3-f269d9ce0515-groupManagement] INFO  server.RaftServerConfigKeys (ConfUtils.java:logGet(46)) - raft.server.snapshot.auto.trigger.enabled = true (custom)
2024-01-29 07:42:36,213 [4014a93b-65b2-4fad-85e3-f269d9ce0515-groupManagement] INFO  server.RaftServerConfigKeys (ConfUtils.java:logGet(46)) - raft.server.snapshot.auto.trigger.threshold = 10000 (custom)
2024-01-29 07:42:36,214 [4014a93b-65b2-4fad-85e3-f269d9ce0515-groupManagement] INFO  server.RaftServerConfigKeys (ConfUtils.java:logGet(46)) - raft.server.snapshot.retention.file.num = 5 (custom)
2024-01-29 07:42:36,214 [4014a93b-65b2-4fad-85e3-f269d9ce0515-groupManagement] INFO  server.RaftServerConfigKeys (ConfUtils.java:logGet(46)) - raft.server.log.purge.upto.snapshot.index = false (default)
2024-01-29 07:42:36,214 [4014a93b-65b2-4fad-85e3-f269d9ce0515-PipelineCommandHandlerThread-0] INFO  ratis.XceiverServerRatis (XceiverServerRatis.java:addGroup(864)) - Created group PipelineID=3bd9dfdd-18fa-4adf-bc8f-c3e4d582e014
2024-01-29 07:42:36,214 [4014a93b-65b2-4fad-85e3-f269d9ce0515-PipelineCommandHandlerThread-0] INFO  commandhandler.CreatePipelineCommandHandler (CreatePipelineCommandHandler.java:lambda$handle$2(124)) - Created Pipeline RATIS ONE PipelineID=3bd9dfdd-18fa-4adf-bc8f-c3e4d582e014.
2024-01-29 07:42:36,214 [4014a93b-65b2-4fad-85e3-f269d9ce0515-PipelineCommandHandlerThread-0] INFO  server.RaftServer (RaftServerProxy.java:addNew(100)) - 4014a93b-65b2-4fad-85e3-f269d9ce0515: addNew group-300C9206CE33:[1256e137-4a60-4c2e-839e-27e972a873fc|10.1.0.7:15175, 4014a93b-65b2-4fad-85e3-f269d9ce0515|10.1.0.7:15157, f6f0dadf-556e-42a8-b6d8-b99280d4e6cc|10.1.0.7:15166] returns group-300C9206CE33:java.util.concurrent.CompletableFuture@4cafd7d9[Not completed]
2024-01-29 07:42:36,215 [4014a93b-65b2-4fad-85e3-f269d9ce0515-groupManagement] INFO  server.RaftServer$Division (RaftServerImpl.java:<init>(256)) - 4014a93b-65b2-4fad-85e3-f269d9ce0515: new RaftServerImpl for group-300C9206CE33:[1256e137-4a60-4c2e-839e-27e972a873fc|10.1.0.7:15175, 4014a93b-65b2-4fad-85e3-f269d9ce0515|10.1.0.7:15157, f6f0dadf-556e-42a8-b6d8-b99280d4e6cc|10.1.0.7:15166] with ContainerStateMachine:uninitialized
2024-01-29 07:42:36,215 [4014a93b-65b2-4fad-85e3-f269d9ce0515-groupManagement] INFO  server.RaftServerConfigKeys (ConfUtils.java:logGet(46)) - raft.server.rpc.timeout.min = 5s (custom)
2024-01-29 07:42:36,215 [4014a93b-65b2-4fad-85e3-f269d9ce0515-groupManagement] INFO  server.RaftServerConfigKeys (ConfUtils.java:logGet(46)) - raft.server.rpc.timeout.max = 5200ms (custom)
2024-01-29 07:42:36,215 [4014a93b-65b2-4fad-85e3-f269d9ce0515-groupManagement] INFO  server.RaftServerConfigKeys (ConfUtils.java:logGet(46)) - raft.server.rpc.sleep.time = 25ms (default)
2024-01-29 07:42:36,216 [4014a93b-65b2-4fad-85e3-f269d9ce0515-groupManagement] INFO  server.RaftServerConfigKeys (ConfUtils.java:logGet(46)) - raft.server.rpc.slowness.timeout = 300000ms (custom)
2024-01-29 07:42:36,216 [4014a93b-65b2-4fad-85e3-f269d9ce0515-groupManagement] INFO  server.RaftServerConfigKeys (ConfUtils.java:logGet(46)) - raft.server.leaderelection.leader.step-down.wait-time = 10s (default)
2024-01-29 07:42:36,216 [4014a93b-65b2-4fad-85e3-f269d9ce0515-groupManagement] INFO  server.RaftServerConfigKeys (ConfUtils.java:logGet(46)) - raft.server.leaderelection.member.majority-add = false (default)
2024-01-29 07:42:36,216 [4014a93b-65b2-4fad-85e3-f269d9ce0515-groupManagement] INFO  server.RaftServerConfigKeys (ConfUtils.java:logGet(46)) - raft.server.sleep.deviation.threshold = 300ms (default)
2024-01-29 07:42:36,216 [4014a93b-65b2-4fad-85e3-f269d9ce0515-groupManagement] INFO  server.RaftServer$Division (ServerState.java:<init>(113)) - 4014a93b-65b2-4fad-85e3-f269d9ce0515@group-300C9206CE33: ConfigurationManager, init=-1: peers:[1256e137-4a60-4c2e-839e-27e972a873fc|10.1.0.7:15175, 4014a93b-65b2-4fad-85e3-f269d9ce0515|10.1.0.7:15157, f6f0dadf-556e-42a8-b6d8-b99280d4e6cc|10.1.0.7:15166]|listeners:[], old=null, confs=<EMPTY_MAP>
2024-01-29 07:42:36,216 [4014a93b-65b2-4fad-85e3-f269d9ce0515-groupManagement] INFO  server.RaftServerConfigKeys (ConfUtils.java:logGet(46)) - raft.server.notification.no-leader.timeout = 300000ms (custom)
2024-01-29 07:42:36,216 [4014a93b-65b2-4fad-85e3-f269d9ce0515-groupManagement] INFO  server.RaftServerConfigKeys (ConfUtils.java:logGet(46)) - raft.server.read.timeout = 10s (default)
2024-01-29 07:42:36,216 [4014a93b-65b2-4fad-85e3-f269d9ce0515-groupManagement] INFO  server.RaftServerConfigKeys (ConfUtils.java:logGet(46)) - raft.server.retrycache.expirytime = 600000ms (custom)
2024-01-29 07:42:36,216 [4014a93b-65b2-4fad-85e3-f269d9ce0515-groupManagement] INFO  server.RaftServerConfigKeys (ConfUtils.java:logGet(46)) - raft.server.retrycache.statistics.expirytime = 100ms (default)
2024-01-29 07:42:36,216 [4014a93b-65b2-4fad-85e3-f269d9ce0515-groupManagement] INFO  server.RaftServerConfigKeys (ConfUtils.java:logGet(46)) - raft.server.read.option = DEFAULT (default)
2024-01-29 07:42:36,216 [4014a93b-65b2-4fad-85e3-f269d9ce0515-groupManagement] INFO  server.RaftServerConfigKeys (ConfUtils.java:logGet(46)) - raft.server.read.read-after-write-consistent.write-index-cache.expiry-time = 60s (default)
2024-01-29 07:42:36,219 [4014a93b-65b2-4fad-85e3-f269d9ce0515-groupManagement] INFO  server.RaftServerConfigKeys (ConfUtils.java:logGet(46)) - raft.server.rpc.request.timeout = 3000ms (default)
2024-01-29 07:42:36,219 [4014a93b-65b2-4fad-85e3-f269d9ce0515-groupManagement] INFO  server.RaftServerConfigKeys (ConfUtils.java:logGet(46)) - raft.server.log.appender.install.snapshot.enabled = false (custom)
2024-01-29 07:42:36,219 [4014a93b-65b2-4fad-85e3-f269d9ce0515-groupManagement] INFO  server.RaftServerConfigKeys (ConfUtils.java:logGet(46)) - raft.server.threadpool.server.cached = true (default)
2024-01-29 07:42:36,219 [4014a93b-65b2-4fad-85e3-f269d9ce0515-groupManagement] INFO  server.RaftServerConfigKeys (ConfUtils.java:logGet(46)) - raft.server.threadpool.server.size = 0 (default)
2024-01-29 07:42:36,219 [4014a93b-65b2-4fad-85e3-f269d9ce0515-groupManagement] INFO  server.RaftServerConfigKeys (ConfUtils.java:logGet(46)) - raft.server.threadpool.client.cached = true (default)
2024-01-29 07:42:36,219 [4014a93b-65b2-4fad-85e3-f269d9ce0515-groupManagement] INFO  server.RaftServerConfigKeys (ConfUtils.java:logGet(46)) - raft.server.threadpool.client.size = 0 (default)
2024-01-29 07:42:36,219 [4014a93b-65b2-4fad-85e3-f269d9ce0515-groupManagement] INFO  server.RaftServerConfigKeys (ConfUtils.java:logGet(46)) - raft.server.storage.free-space.min = 0MB (=0) (default)
2024-01-29 07:42:36,219 [4014a93b-65b2-4fad-85e3-f269d9ce0515-groupManagement] INFO  server.RaftServerConfigKeys (ConfUtils.java:logGet(46)) - raft.server.log.corruption.policy = EXCEPTION (default)
2024-01-29 07:42:36,219 [4014a93b-65b2-4fad-85e3-f269d9ce0515-groupManagement] INFO  server.RaftServerConfigKeys (ConfUtils.java:logGet(46)) - raft.server.storage.dir = [/home/runner/work/ozone/ozone/hadoop-ozone/integration-test/target/test-dir/MiniOzoneClusterImpl-43c44e75-c492-4a39-944e-601a0ff30632/datanode-6/data/ratis] (custom)
2024-01-29 07:42:36,220 [4014a93b-65b2-4fad-85e3-f269d9ce0515-groupManagement] INFO  storage.RaftStorageDirectory (RaftStorageDirectoryImpl.java:analyzeStorage(138)) - The storage directory /home/runner/work/ozone/ozone/hadoop-ozone/integration-test/target/test-dir/MiniOzoneClusterImpl-43c44e75-c492-4a39-944e-601a0ff30632/datanode-6/data/ratis/08ad69f3-d3a1-4e51-8ac6-300c9206ce33 does not exist. Creating ...
2024-01-29 07:42:36,221 [4014a93b-65b2-4fad-85e3-f269d9ce0515-groupManagement] INFO  storage.RaftStorageDirectory (RaftStorageDirectoryImpl.java:tryLock(228)) - Lock on /home/runner/work/ozone/ozone/hadoop-ozone/integration-test/target/test-dir/MiniOzoneClusterImpl-43c44e75-c492-4a39-944e-601a0ff30632/datanode-6/data/ratis/08ad69f3-d3a1-4e51-8ac6-300c9206ce33/in_use.lock acquired by nodename 37616@fv-az571-724
2024-01-29 07:42:36,221 [4014a93b-65b2-4fad-85e3-f269d9ce0515-groupManagement] INFO  storage.RaftStorage (RaftStorageImpl.java:format(99)) - Storage directory /home/runner/work/ozone/ozone/hadoop-ozone/integration-test/target/test-dir/MiniOzoneClusterImpl-43c44e75-c492-4a39-944e-601a0ff30632/datanode-6/data/ratis/08ad69f3-d3a1-4e51-8ac6-300c9206ce33 has been successfully formatted.
2024-01-29 07:42:36,222 [4014a93b-65b2-4fad-85e3-f269d9ce0515-groupManagement] WARN  util.FileUtils (LogUtils.java:supplyAndLog(63)) - Failed to Files.newInputStream /home/runner/work/ozone/ozone/hadoop-ozone/integration-test/target/test-dir/MiniOzoneClusterImpl-43c44e75-c492-4a39-944e-601a0ff30632/datanode-6/data/ratis/08ad69f3-d3a1-4e51-8ac6-300c9206ce33/current/raft-meta.conf with options []: java.nio.file.NoSuchFileException: /home/runner/work/ozone/ozone/hadoop-ozone/integration-test/target/test-dir/MiniOzoneClusterImpl-43c44e75-c492-4a39-944e-601a0ff30632/datanode-6/data/ratis/08ad69f3-d3a1-4e51-8ac6-300c9206ce33/current/raft-meta.conf
2024-01-29 07:42:36,222 [4014a93b-65b2-4fad-85e3-f269d9ce0515-groupManagement] INFO  ratis.ContainerStateMachine (ContainerStateMachine.java:loadSnapshot(287)) - group-300C9206CE33: The snapshot info is null. Setting the last applied index to:(t:0, i:~)
2024-01-29 07:42:36,222 [4014a93b-65b2-4fad-85e3-f269d9ce0515-groupManagement] INFO  server.RaftServerConfigKeys (ConfUtils.java:logGet(46)) - raft.server.log.use.memory = false (default)
2024-01-29 07:42:36,222 [4014a93b-65b2-4fad-85e3-f269d9ce0515-groupManagement] INFO  server.RaftServerConfigKeys (ConfUtils.java:logGet(46)) - raft.server.log.purge.gap = 1000000 (custom)
2024-01-29 07:42:36,222 [4014a93b-65b2-4fad-85e3-f269d9ce0515-groupManagement] INFO  server.RaftServerConfigKeys (ConfUtils.java:logGet(46)) - raft.server.log.appender.buffer.byte-limit = 8388608 (custom)
2024-01-29 07:42:36,222 [4014a93b-65b2-4fad-85e3-f269d9ce0515-groupManagement] INFO  server.RaftServerConfigKeys (ConfUtils.java:logGet(46)) - raft.server.log.statemachine.data.read.timeout = 1000ms (default)
2024-01-29 07:42:36,222 [4014a93b-65b2-4fad-85e3-f269d9ce0515-groupManagement] INFO  server.RaftServerConfigKeys (ConfUtils.java:logGet(46)) - raft.server.log.purge.preservation.log.num = 0 (default)
2024-01-29 07:42:36,223 [EventQueue-OpenPipelineForHealthyPipelineSafeModeRule] INFO  safemode.SCMSafeModeManager (HealthyPipelineSafeModeRule.java:process(140)) - SCM in safe mode. Healthy pipelines reported count is 0, required healthy pipeline reported count is 1
2024-01-29 07:42:36,224 [4014a93b-65b2-4fad-85e3-f269d9ce0515-groupManagement] INFO  server.RaftServerConfigKeys (ConfUtils.java:logGet(46)) - raft.server.log.segment.size.max = 67108864 (custom)
2024-01-29 07:42:36,224 [4014a93b-65b2-4fad-85e3-f269d9ce0515-groupManagement] INFO  server.RaftServerConfigKeys (ConfUtils.java:logGet(46)) - raft.server.log.segment.cache.num.max = 2 (custom)
2024-01-29 07:42:36,224 [4014a93b-65b2-4fad-85e3-f269d9ce0515-groupManagement] INFO  server.RaftServerConfigKeys (ConfUtils.java:logGet(46)) - raft.server.log.segment.cache.size.max = 200MB (=209715200) (default)
2024-01-29 07:42:36,224 [4014a93b-65b2-4fad-85e3-f269d9ce0515-groupManagement] INFO  server.RaftServerConfigKeys (ConfUtils.java:logGet(46)) - raft.server.log.appender.buffer.byte-limit = 8388608 (custom)
2024-01-29 07:42:36,224 [4014a93b-65b2-4fad-85e3-f269d9ce0515-groupManagement] INFO  util.AwaitToRun (AwaitToRun.java:start(81)) - Thread[4014a93b-65b2-4fad-85e3-f269d9ce0515@group-300C9206CE33-cacheEviction-AwaitToRun,5,main] started
2024-01-29 07:42:36,224 [4014a93b-65b2-4fad-85e3-f269d9ce0515-groupManagement] INFO  segmented.SegmentedRaftLogWorker (SegmentedRaftLogWorker.java:<init>(182)) - new 4014a93b-65b2-4fad-85e3-f269d9ce0515@group-300C9206CE33-SegmentedRaftLogWorker for RaftStorageImpl:Storage Directory /home/runner/work/ozone/ozone/hadoop-ozone/integration-test/target/test-dir/MiniOzoneClusterImpl-43c44e75-c492-4a39-944e-601a0ff30632/datanode-6/data/ratis/08ad69f3-d3a1-4e51-8ac6-300c9206ce33
2024-01-29 07:42:36,225 [4014a93b-65b2-4fad-85e3-f269d9ce0515-groupManagement] INFO  server.RaftServerConfigKeys (ConfUtils.java:logGet(46)) - raft.server.log.queue.byte-limit = 4294967296 (custom)
2024-01-29 07:42:36,225 [4014a93b-65b2-4fad-85e3-f269d9ce0515-groupManagement] INFO  server.RaftServerConfigKeys (ConfUtils.java:logGet(46)) - raft.server.log.queue.element-limit = 1024 (custom)
2024-01-29 07:42:36,225 [4014a93b-65b2-4fad-85e3-f269d9ce0515-groupManagement] INFO  server.RaftServerConfigKeys (ConfUtils.java:logGet(46)) - raft.server.log.segment.size.max = 67108864 (custom)
2024-01-29 07:42:36,225 [4014a93b-65b2-4fad-85e3-f269d9ce0515-groupManagement] INFO  server.RaftServerConfigKeys (ConfUtils.java:logGet(46)) - raft.server.log.preallocated.size = 4194304 (custom)
2024-01-29 07:42:36,225 [4014a93b-65b2-4fad-85e3-f269d9ce0515-groupManagement] INFO  server.RaftServerConfigKeys (ConfUtils.java:logGet(46)) - raft.server.log.force.sync.num = 128 (default)
2024-01-29 07:42:36,225 [4014a93b-65b2-4fad-85e3-f269d9ce0515-groupManagement] INFO  server.RaftServerConfigKeys (ConfUtils.java:logGet(46)) - raft.server.log.statemachine.data.sync = true (default)
2024-01-29 07:42:36,225 [4014a93b-65b2-4fad-85e3-f269d9ce0515-groupManagement] INFO  server.RaftServerConfigKeys (ConfUtils.java:logGet(46)) - raft.server.log.statemachine.data.sync.timeout = 10s (default)
2024-01-29 07:42:36,225 [4014a93b-65b2-4fad-85e3-f269d9ce0515-groupManagement] INFO  server.RaftServerConfigKeys (ConfUtils.java:logGet(46)) - raft.server.log.statemachine.data.sync.timeout.retry = 0 (custom)
2024-01-29 07:42:36,225 [4014a93b-65b2-4fad-85e3-f269d9ce0515-groupManagement] INFO  server.RaftServerConfigKeys (ConfUtils.java:logGet(46)) - raft.server.log.write.buffer.size = 8388616 (custom)
2024-01-29 07:42:36,227 [4014a93b-65b2-4fad-85e3-f269d9ce0515-groupManagement] INFO  server.RaftServerConfigKeys (ConfUtils.java:logGet(46)) - raft.server.log.appender.buffer.byte-limit = 8388608 (custom)
2024-01-29 07:42:36,227 [4014a93b-65b2-4fad-85e3-f269d9ce0515-groupManagement] INFO  server.RaftServerConfigKeys (ConfUtils.java:logGet(46)) - raft.server.log.unsafe-flush.enabled = false (default)
2024-01-29 07:42:36,227 [4014a93b-65b2-4fad-85e3-f269d9ce0515-groupManagement] INFO  server.RaftServerConfigKeys (ConfUtils.java:logGet(46)) - raft.server.log.async-flush.enabled = false (default)
2024-01-29 07:42:36,227 [4014a93b-65b2-4fad-85e3-f269d9ce0515-groupManagement] INFO  server.RaftServerConfigKeys (ConfUtils.java:logGet(46)) - raft.server.log.statemachine.data.caching.enabled = true (custom)
2024-01-29 07:42:36,227 [4014a93b-65b2-4fad-85e3-f269d9ce0515-groupManagement] INFO  segmented.SegmentedRaftLogWorker (SegmentedRaftLogWorker.java:lambda$new$0(134)) - 4014a93b-65b2-4fad-85e3-f269d9ce0515@group-300C9206CE33-SegmentedRaftLogWorker: flushIndex: setUnconditionally 0 -> -1
2024-01-29 07:42:36,227 [4014a93b-65b2-4fad-85e3-f269d9ce0515-groupManagement] INFO  segmented.SegmentedRaftLogWorker (SegmentedRaftLogWorker.java:lambda$new$0(134)) - 4014a93b-65b2-4fad-85e3-f269d9ce0515@group-300C9206CE33-SegmentedRaftLogWorker: safeCacheEvictIndex: setUnconditionally 0 -> -1
2024-01-29 07:42:36,233 [4014a93b-65b2-4fad-85e3-f269d9ce0515-groupManagement] INFO  server.RaftServer$Division (RaftServerImpl.java:start(396)) - 4014a93b-65b2-4fad-85e3-f269d9ce0515@group-300C9206CE33: start as a follower, conf=-1: peers:[1256e137-4a60-4c2e-839e-27e972a873fc|10.1.0.7:15175, 4014a93b-65b2-4fad-85e3-f269d9ce0515|10.1.0.7:15157, f6f0dadf-556e-42a8-b6d8-b99280d4e6cc|10.1.0.7:15166]|listeners:[], old=null
2024-01-29 07:42:36,233 [4014a93b-65b2-4fad-85e3-f269d9ce0515-groupManagement] INFO  server.RaftServer$Division (RaftServerImpl.java:setRole(383)) - 4014a93b-65b2-4fad-85e3-f269d9ce0515@group-300C9206CE33: changes role from      null to FOLLOWER at term 0 for startAsFollower
2024-01-29 07:42:36,233 [4014a93b-65b2-4fad-85e3-f269d9ce0515-groupManagement] INFO  impl.RoleInfo (RoleInfo.java:updateAndGet(139)) - 4014a93b-65b2-4fad-85e3-f269d9ce0515: start 4014a93b-65b2-4fad-85e3-f269d9ce0515@group-300C9206CE33-FollowerState
2024-01-29 07:42:36,237 [4014a93b-65b2-4fad-85e3-f269d9ce0515-groupManagement] INFO  util.JmxRegister (JmxRegister.java:tryRegister(44)) - Successfully registered JMX Bean with object name Ratis:service=RaftServer,group=group-300C9206CE33,id=4014a93b-65b2-4fad-85e3-f269d9ce0515
2024-01-29 07:42:36,237 [4014a93b-65b2-4fad-85e3-f269d9ce0515-groupManagement] INFO  server.RaftServerConfigKeys (ConfUtils.java:logGet(46)) - raft.server.snapshot.trigger-when-stop.enabled = true (default)
2024-01-29 07:42:36,237 [4014a93b-65b2-4fad-85e3-f269d9ce0515-groupManagement] INFO  server.RaftServerConfigKeys (ConfUtils.java:logGet(46)) - raft.server.snapshot.auto.trigger.enabled = true (custom)
2024-01-29 07:42:36,237 [4014a93b-65b2-4fad-85e3-f269d9ce0515-groupManagement] INFO  server.RaftServerConfigKeys (ConfUtils.java:logGet(46)) - raft.server.snapshot.auto.trigger.threshold = 10000 (custom)
2024-01-29 07:42:36,237 [4014a93b-65b2-4fad-85e3-f269d9ce0515-groupManagement] INFO  server.RaftServerConfigKeys (ConfUtils.java:logGet(46)) - raft.server.snapshot.retention.file.num = 5 (custom)
2024-01-29 07:42:36,237 [4014a93b-65b2-4fad-85e3-f269d9ce0515-groupManagement] INFO  server.RaftServerConfigKeys (ConfUtils.java:logGet(46)) - raft.server.log.purge.upto.snapshot.index = false (default)
2024-01-29 07:42:36,238 [4014a93b-65b2-4fad-85e3-f269d9ce0515@group-300C9206CE33-FollowerState] INFO  server.RaftServerConfigKeys (ConfUtils.java:logFallback(53)) - raft.server.rpc.first-election.timeout.min = 5s (fallback to raft.server.rpc.timeout.min)
2024-01-29 07:42:36,238 [4014a93b-65b2-4fad-85e3-f269d9ce0515@group-300C9206CE33-FollowerState] INFO  server.RaftServerConfigKeys (ConfUtils.java:logFallback(53)) - raft.server.rpc.first-election.timeout.max = 5200ms (fallback to raft.server.rpc.timeout.max)
2024-01-29 07:42:36,242 [4014a93b-65b2-4fad-85e3-f269d9ce0515-PipelineCommandHandlerThread-0] INFO  ratis.XceiverServerRatis (XceiverServerRatis.java:addGroup(864)) - Created group PipelineID=08ad69f3-d3a1-4e51-8ac6-300c9206ce33
2024-01-29 07:42:36,249 [grpc-default-executor-0] INFO  server.RaftServer (RaftServerProxy.java:addNew(100)) - 1256e137-4a60-4c2e-839e-27e972a873fc: addNew group-300C9206CE33:[1256e137-4a60-4c2e-839e-27e972a873fc|10.1.0.7:15175, 4014a93b-65b2-4fad-85e3-f269d9ce0515|10.1.0.7:15157, f6f0dadf-556e-42a8-b6d8-b99280d4e6cc|10.1.0.7:15166] returns group-300C9206CE33:java.util.concurrent.CompletableFuture@41a7c8f9[Not completed]
2024-01-29 07:42:36,250 [1256e137-4a60-4c2e-839e-27e972a873fc-groupManagement] INFO  server.RaftServer$Division (RaftServerImpl.java:<init>(256)) - 1256e137-4a60-4c2e-839e-27e972a873fc: new RaftServerImpl for group-300C9206CE33:[1256e137-4a60-4c2e-839e-27e972a873fc|10.1.0.7:15175, 4014a93b-65b2-4fad-85e3-f269d9ce0515|10.1.0.7:15157, f6f0dadf-556e-42a8-b6d8-b99280d4e6cc|10.1.0.7:15166] with ContainerStateMachine:uninitialized
2024-01-29 07:42:36,250 [1256e137-4a60-4c2e-839e-27e972a873fc-groupManagement] INFO  server.RaftServerConfigKeys (ConfUtils.java:logGet(46)) - raft.server.rpc.timeout.min = 5s (custom)
2024-01-29 07:42:36,250 [1256e137-4a60-4c2e-839e-27e972a873fc-groupManagement] INFO  server.RaftServerConfigKeys (ConfUtils.java:logGet(46)) - raft.server.rpc.timeout.max = 5200ms (custom)
2024-01-29 07:42:36,250 [1256e137-4a60-4c2e-839e-27e972a873fc-groupManagement] INFO  server.RaftServerConfigKeys (ConfUtils.java:logGet(46)) - raft.server.rpc.sleep.time = 25ms (default)
2024-01-29 07:42:36,250 [1256e137-4a60-4c2e-839e-27e972a873fc-groupManagement] INFO  server.RaftServerConfigKeys (ConfUtils.java:logGet(46)) - raft.server.rpc.slowness.timeout = 300000ms (custom)
2024-01-29 07:42:36,251 [1256e137-4a60-4c2e-839e-27e972a873fc-groupManagement] INFO  server.RaftServerConfigKeys (ConfUtils.java:logGet(46)) - raft.server.leaderelection.leader.step-down.wait-time = 10s (default)
2024-01-29 07:42:36,251 [1256e137-4a60-4c2e-839e-27e972a873fc-groupManagement] INFO  server.RaftServerConfigKeys (ConfUtils.java:logGet(46)) - raft.server.leaderelection.member.majority-add = false (default)
2024-01-29 07:42:36,251 [1256e137-4a60-4c2e-839e-27e972a873fc-groupManagement] INFO  server.RaftServerConfigKeys (ConfUtils.java:logGet(46)) - raft.server.sleep.deviation.threshold = 300ms (default)
2024-01-29 07:42:36,251 [1256e137-4a60-4c2e-839e-27e972a873fc-groupManagement] INFO  server.RaftServer$Division (ServerState.java:<init>(113)) - 1256e137-4a60-4c2e-839e-27e972a873fc@group-300C9206CE33: ConfigurationManager, init=-1: peers:[1256e137-4a60-4c2e-839e-27e972a873fc|10.1.0.7:15175, 4014a93b-65b2-4fad-85e3-f269d9ce0515|10.1.0.7:15157, f6f0dadf-556e-42a8-b6d8-b99280d4e6cc|10.1.0.7:15166]|listeners:[], old=null, confs=<EMPTY_MAP>
2024-01-29 07:42:36,251 [1256e137-4a60-4c2e-839e-27e972a873fc-groupManagement] INFO  server.RaftServerConfigKeys (ConfUtils.java:logGet(46)) - raft.server.notification.no-leader.timeout = 300000ms (custom)
2024-01-29 07:42:36,251 [1256e137-4a60-4c2e-839e-27e972a873fc-groupManagement] INFO  server.RaftServerConfigKeys (ConfUtils.java:logGet(46)) - raft.server.read.timeout = 10s (default)
2024-01-29 07:42:36,251 [1256e137-4a60-4c2e-839e-27e972a873fc-groupManagement] INFO  server.RaftServerConfigKeys (ConfUtils.java:logGet(46)) - raft.server.retrycache.expirytime = 600000ms (custom)
2024-01-29 07:42:36,251 [1256e137-4a60-4c2e-839e-27e972a873fc-groupManagement] INFO  server.RaftServerConfigKeys (ConfUtils.java:logGet(46)) - raft.server.retrycache.statistics.expirytime = 100ms (default)
2024-01-29 07:42:36,251 [1256e137-4a60-4c2e-839e-27e972a873fc-groupManagement] INFO  server.RaftServerConfigKeys (ConfUtils.java:logGet(46)) - raft.server.read.option = DEFAULT (default)
2024-01-29 07:42:36,251 [1256e137-4a60-4c2e-839e-27e972a873fc-groupManagement] INFO  server.RaftServerConfigKeys (ConfUtils.java:logGet(46)) - raft.server.read.read-after-write-consistent.write-index-cache.expiry-time = 60s (default)
2024-01-29 07:42:36,253 [1256e137-4a60-4c2e-839e-27e972a873fc-groupManagement] INFO  server.RaftServerConfigKeys (ConfUtils.java:logGet(46)) - raft.server.rpc.request.timeout = 3000ms (default)
2024-01-29 07:42:36,253 [1256e137-4a60-4c2e-839e-27e972a873fc-groupManagement] INFO  server.RaftServerConfigKeys (ConfUtils.java:logGet(46)) - raft.server.log.appender.install.snapshot.enabled = false (custom)
2024-01-29 07:42:36,253 [1256e137-4a60-4c2e-839e-27e972a873fc-groupManagement] INFO  server.RaftServerConfigKeys (ConfUtils.java:logGet(46)) - raft.server.threadpool.server.cached = true (default)
2024-01-29 07:42:36,253 [1256e137-4a60-4c2e-839e-27e972a873fc-groupManagement] INFO  server.RaftServerConfigKeys (ConfUtils.java:logGet(46)) - raft.server.threadpool.server.size = 0 (default)
2024-01-29 07:42:36,254 [1256e137-4a60-4c2e-839e-27e972a873fc-groupManagement] INFO  server.RaftServerConfigKeys (ConfUtils.java:logGet(46)) - raft.server.threadpool.client.cached = true (default)
2024-01-29 07:42:36,254 [1256e137-4a60-4c2e-839e-27e972a873fc-groupManagement] INFO  server.RaftServerConfigKeys (ConfUtils.java:logGet(46)) - raft.server.threadpool.client.size = 0 (default)
2024-01-29 07:42:36,254 [1256e137-4a60-4c2e-839e-27e972a873fc-groupManagement] INFO  server.RaftServerConfigKeys (ConfUtils.java:logGet(46)) - raft.server.storage.free-space.min = 0MB (=0) (default)
2024-01-29 07:42:36,254 [1256e137-4a60-4c2e-839e-27e972a873fc-groupManagement] INFO  server.RaftServerConfigKeys (ConfUtils.java:logGet(46)) - raft.server.log.corruption.policy = EXCEPTION (default)
2024-01-29 07:42:36,254 [1256e137-4a60-4c2e-839e-27e972a873fc-groupManagement] INFO  server.RaftServerConfigKeys (ConfUtils.java:logGet(46)) - raft.server.storage.dir = [/home/runner/work/ozone/ozone/hadoop-ozone/integration-test/target/test-dir/MiniOzoneClusterImpl-43c44e75-c492-4a39-944e-601a0ff30632/datanode-8/data/ratis] (custom)
2024-01-29 07:42:36,254 [1256e137-4a60-4c2e-839e-27e972a873fc-groupManagement] INFO  storage.RaftStorageDirectory (RaftStorageDirectoryImpl.java:analyzeStorage(138)) - The storage directory /home/runner/work/ozone/ozone/hadoop-ozone/integration-test/target/test-dir/MiniOzoneClusterImpl-43c44e75-c492-4a39-944e-601a0ff30632/datanode-8/data/ratis/08ad69f3-d3a1-4e51-8ac6-300c9206ce33 does not exist. Creating ...
2024-01-29 07:42:36,255 [1256e137-4a60-4c2e-839e-27e972a873fc-groupManagement] INFO  storage.RaftStorageDirectory (RaftStorageDirectoryImpl.java:tryLock(228)) - Lock on /home/runner/work/ozone/ozone/hadoop-ozone/integration-test/target/test-dir/MiniOzoneClusterImpl-43c44e75-c492-4a39-944e-601a0ff30632/datanode-8/data/ratis/08ad69f3-d3a1-4e51-8ac6-300c9206ce33/in_use.lock acquired by nodename 37616@fv-az571-724
2024-01-29 07:42:36,256 [1256e137-4a60-4c2e-839e-27e972a873fc-groupManagement] INFO  storage.RaftStorage (RaftStorageImpl.java:format(99)) - Storage directory /home/runner/work/ozone/ozone/hadoop-ozone/integration-test/target/test-dir/MiniOzoneClusterImpl-43c44e75-c492-4a39-944e-601a0ff30632/datanode-8/data/ratis/08ad69f3-d3a1-4e51-8ac6-300c9206ce33 has been successfully formatted.
2024-01-29 07:42:36,256 [1256e137-4a60-4c2e-839e-27e972a873fc-groupManagement] WARN  util.FileUtils (LogUtils.java:supplyAndLog(63)) - Failed to Files.newInputStream /home/runner/work/ozone/ozone/hadoop-ozone/integration-test/target/test-dir/MiniOzoneClusterImpl-43c44e75-c492-4a39-944e-601a0ff30632/datanode-8/data/ratis/08ad69f3-d3a1-4e51-8ac6-300c9206ce33/current/raft-meta.conf with options []: java.nio.file.NoSuchFileException: /home/runner/work/ozone/ozone/hadoop-ozone/integration-test/target/test-dir/MiniOzoneClusterImpl-43c44e75-c492-4a39-944e-601a0ff30632/datanode-8/data/ratis/08ad69f3-d3a1-4e51-8ac6-300c9206ce33/current/raft-meta.conf
2024-01-29 07:42:36,258 [1256e137-4a60-4c2e-839e-27e972a873fc-groupManagement] INFO  ratis.ContainerStateMachine (ContainerStateMachine.java:loadSnapshot(287)) - group-300C9206CE33: The snapshot info is null. Setting the last applied index to:(t:0, i:~)
2024-01-29 07:42:36,258 [1256e137-4a60-4c2e-839e-27e972a873fc-groupManagement] INFO  server.RaftServerConfigKeys (ConfUtils.java:logGet(46)) - raft.server.log.use.memory = false (default)
2024-01-29 07:42:36,258 [1256e137-4a60-4c2e-839e-27e972a873fc-groupManagement] INFO  server.RaftServerConfigKeys (ConfUtils.java:logGet(46)) - raft.server.log.purge.gap = 1000000 (custom)
2024-01-29 07:42:36,258 [1256e137-4a60-4c2e-839e-27e972a873fc-groupManagement] INFO  server.RaftServerConfigKeys (ConfUtils.java:logGet(46)) - raft.server.log.appender.buffer.byte-limit = 8388608 (custom)
2024-01-29 07:42:36,258 [1256e137-4a60-4c2e-839e-27e972a873fc-groupManagement] INFO  server.RaftServerConfigKeys (ConfUtils.java:logGet(46)) - raft.server.log.statemachine.data.read.timeout = 1000ms (default)
2024-01-29 07:42:36,258 [1256e137-4a60-4c2e-839e-27e972a873fc-groupManagement] INFO  server.RaftServerConfigKeys (ConfUtils.java:logGet(46)) - raft.server.log.purge.preservation.log.num = 0 (default)
2024-01-29 07:42:36,259 [1256e137-4a60-4c2e-839e-27e972a873fc-groupManagement] INFO  server.RaftServerConfigKeys (ConfUtils.java:logGet(46)) - raft.server.log.segment.size.max = 67108864 (custom)
2024-01-29 07:42:36,260 [1256e137-4a60-4c2e-839e-27e972a873fc-groupManagement] INFO  server.RaftServerConfigKeys (ConfUtils.java:logGet(46)) - raft.server.log.segment.cache.num.max = 2 (custom)
2024-01-29 07:42:36,260 [1256e137-4a60-4c2e-839e-27e972a873fc-groupManagement] INFO  server.RaftServerConfigKeys (ConfUtils.java:logGet(46)) - raft.server.log.segment.cache.size.max = 200MB (=209715200) (default)
2024-01-29 07:42:36,260 [1256e137-4a60-4c2e-839e-27e972a873fc-groupManagement] INFO  server.RaftServerConfigKeys (ConfUtils.java:logGet(46)) - raft.server.log.appender.buffer.byte-limit = 8388608 (custom)
2024-01-29 07:42:36,260 [1256e137-4a60-4c2e-839e-27e972a873fc-groupManagement] INFO  util.AwaitToRun (AwaitToRun.java:start(81)) - Thread[1256e137-4a60-4c2e-839e-27e972a873fc@group-300C9206CE33-cacheEviction-AwaitToRun,5,main] started
2024-01-29 07:42:36,260 [1256e137-4a60-4c2e-839e-27e972a873fc-groupManagement] INFO  segmented.SegmentedRaftLogWorker (SegmentedRaftLogWorker.java:<init>(182)) - new 1256e137-4a60-4c2e-839e-27e972a873fc@group-300C9206CE33-SegmentedRaftLogWorker for RaftStorageImpl:Storage Directory /home/runner/work/ozone/ozone/hadoop-ozone/integration-test/target/test-dir/MiniOzoneClusterImpl-43c44e75-c492-4a39-944e-601a0ff30632/datanode-8/data/ratis/08ad69f3-d3a1-4e51-8ac6-300c9206ce33
2024-01-29 07:42:36,260 [1256e137-4a60-4c2e-839e-27e972a873fc-groupManagement] INFO  server.RaftServerConfigKeys (ConfUtils.java:logGet(46)) - raft.server.log.queue.byte-limit = 4294967296 (custom)
2024-01-29 07:42:36,260 [1256e137-4a60-4c2e-839e-27e972a873fc-groupManagement] INFO  server.RaftServerConfigKeys (ConfUtils.java:logGet(46)) - raft.server.log.queue.element-limit = 1024 (custom)
2024-01-29 07:42:36,260 [1256e137-4a60-4c2e-839e-27e972a873fc-groupManagement] INFO  server.RaftServerConfigKeys (ConfUtils.java:logGet(46)) - raft.server.log.segment.size.max = 67108864 (custom)
2024-01-29 07:42:36,260 [1256e137-4a60-4c2e-839e-27e972a873fc-groupManagement] INFO  server.RaftServerConfigKeys (ConfUtils.java:logGet(46)) - raft.server.log.preallocated.size = 4194304 (custom)
2024-01-29 07:42:36,260 [1256e137-4a60-4c2e-839e-27e972a873fc-groupManagement] INFO  server.RaftServerConfigKeys (ConfUtils.java:logGet(46)) - raft.server.log.force.sync.num = 128 (default)
2024-01-29 07:42:36,260 [1256e137-4a60-4c2e-839e-27e972a873fc-groupManagement] INFO  server.RaftServerConfigKeys (ConfUtils.java:logGet(46)) - raft.server.log.statemachine.data.sync = true (default)
2024-01-29 07:42:36,261 [1256e137-4a60-4c2e-839e-27e972a873fc-groupManagement] INFO  server.RaftServerConfigKeys (ConfUtils.java:logGet(46)) - raft.server.log.statemachine.data.sync.timeout = 10s (default)
2024-01-29 07:42:36,261 [1256e137-4a60-4c2e-839e-27e972a873fc-groupManagement] INFO  server.RaftServerConfigKeys (ConfUtils.java:logGet(46)) - raft.server.log.statemachine.data.sync.timeout.retry = 0 (custom)
2024-01-29 07:42:36,261 [1256e137-4a60-4c2e-839e-27e972a873fc-groupManagement] INFO  server.RaftServerConfigKeys (ConfUtils.java:logGet(46)) - raft.server.log.write.buffer.size = 8388616 (custom)
2024-01-29 07:42:36,263 [1256e137-4a60-4c2e-839e-27e972a873fc-groupManagement] INFO  server.RaftServerConfigKeys (ConfUtils.java:logGet(46)) - raft.server.log.appender.buffer.byte-limit = 8388608 (custom)
2024-01-29 07:42:36,263 [1256e137-4a60-4c2e-839e-27e972a873fc-groupManagement] INFO  server.RaftServerConfigKeys (ConfUtils.java:logGet(46)) - raft.server.log.unsafe-flush.enabled = false (default)
2024-01-29 07:42:36,263 [1256e137-4a60-4c2e-839e-27e972a873fc-groupManagement] INFO  server.RaftServerConfigKeys (ConfUtils.java:logGet(46)) - raft.server.log.async-flush.enabled = false (default)
2024-01-29 07:42:36,263 [1256e137-4a60-4c2e-839e-27e972a873fc-groupManagement] INFO  server.RaftServerConfigKeys (ConfUtils.java:logGet(46)) - raft.server.log.statemachine.data.caching.enabled = true (custom)
2024-01-29 07:42:36,263 [1256e137-4a60-4c2e-839e-27e972a873fc-groupManagement] INFO  segmented.SegmentedRaftLogWorker (SegmentedRaftLogWorker.java:lambda$new$0(134)) - 1256e137-4a60-4c2e-839e-27e972a873fc@group-300C9206CE33-SegmentedRaftLogWorker: flushIndex: setUnconditionally 0 -> -1
2024-01-29 07:42:36,263 [1256e137-4a60-4c2e-839e-27e972a873fc-groupManagement] INFO  segmented.SegmentedRaftLogWorker (SegmentedRaftLogWorker.java:lambda$new$0(134)) - 1256e137-4a60-4c2e-839e-27e972a873fc@group-300C9206CE33-SegmentedRaftLogWorker: safeCacheEvictIndex: setUnconditionally 0 -> -1
2024-01-29 07:42:36,263 [1256e137-4a60-4c2e-839e-27e972a873fc-groupManagement] INFO  server.RaftServer$Division (RaftServerImpl.java:start(396)) - 1256e137-4a60-4c2e-839e-27e972a873fc@group-300C9206CE33: start as a follower, conf=-1: peers:[1256e137-4a60-4c2e-839e-27e972a873fc|10.1.0.7:15175, 4014a93b-65b2-4fad-85e3-f269d9ce0515|10.1.0.7:15157, f6f0dadf-556e-42a8-b6d8-b99280d4e6cc|10.1.0.7:15166]|listeners:[], old=null
2024-01-29 07:42:36,263 [1256e137-4a60-4c2e-839e-27e972a873fc-groupManagement] INFO  server.RaftServer$Division (RaftServerImpl.java:setRole(383)) - 1256e137-4a60-4c2e-839e-27e972a873fc@group-300C9206CE33: changes role from      null to FOLLOWER at term 0 for startAsFollower
2024-01-29 07:42:36,263 [1256e137-4a60-4c2e-839e-27e972a873fc-groupManagement] INFO  impl.RoleInfo (RoleInfo.java:updateAndGet(139)) - 1256e137-4a60-4c2e-839e-27e972a873fc: start 1256e137-4a60-4c2e-839e-27e972a873fc@group-300C9206CE33-FollowerState
2024-01-29 07:42:36,264 [1256e137-4a60-4c2e-839e-27e972a873fc@group-300C9206CE33-FollowerState] INFO  server.RaftServerConfigKeys (ConfUtils.java:logFallback(53)) - raft.server.rpc.first-election.timeout.min = 5s (fallback to raft.server.rpc.timeout.min)
2024-01-29 07:42:36,264 [1256e137-4a60-4c2e-839e-27e972a873fc-groupManagement] INFO  util.JmxRegister (JmxRegister.java:tryRegister(44)) - Successfully registered JMX Bean with object name Ratis:service=RaftServer,group=group-300C9206CE33,id=1256e137-4a60-4c2e-839e-27e972a873fc
2024-01-29 07:42:36,264 [1256e137-4a60-4c2e-839e-27e972a873fc-groupManagement] INFO  server.RaftServerConfigKeys (ConfUtils.java:logGet(46)) - raft.server.snapshot.trigger-when-stop.enabled = true (default)
2024-01-29 07:42:36,264 [1256e137-4a60-4c2e-839e-27e972a873fc-groupManagement] INFO  server.RaftServerConfigKeys (ConfUtils.java:logGet(46)) - raft.server.snapshot.auto.trigger.enabled = true (custom)
2024-01-29 07:42:36,264 [1256e137-4a60-4c2e-839e-27e972a873fc-groupManagement] INFO  server.RaftServerConfigKeys (ConfUtils.java:logGet(46)) - raft.server.snapshot.auto.trigger.threshold = 10000 (custom)
2024-01-29 07:42:36,264 [1256e137-4a60-4c2e-839e-27e972a873fc-groupManagement] INFO  server.RaftServerConfigKeys (ConfUtils.java:logGet(46)) - raft.server.snapshot.retention.file.num = 5 (custom)
2024-01-29 07:42:36,264 [1256e137-4a60-4c2e-839e-27e972a873fc-groupManagement] INFO  server.RaftServerConfigKeys (ConfUtils.java:logGet(46)) - raft.server.log.purge.upto.snapshot.index = false (default)
2024-01-29 07:42:36,264 [1256e137-4a60-4c2e-839e-27e972a873fc@group-300C9206CE33-FollowerState] INFO  server.RaftServerConfigKeys (ConfUtils.java:logFallback(53)) - raft.server.rpc.first-election.timeout.max = 5200ms (fallback to raft.server.rpc.timeout.max)
2024-01-29 07:42:36,281 [grpc-default-executor-0] INFO  server.RaftServer (RaftServerProxy.java:addNew(100)) - f6f0dadf-556e-42a8-b6d8-b99280d4e6cc: addNew group-300C9206CE33:[1256e137-4a60-4c2e-839e-27e972a873fc|10.1.0.7:15175, 4014a93b-65b2-4fad-85e3-f269d9ce0515|10.1.0.7:15157, f6f0dadf-556e-42a8-b6d8-b99280d4e6cc|10.1.0.7:15166] returns group-300C9206CE33:java.util.concurrent.CompletableFuture@c040335[Not completed]
2024-01-29 07:42:36,282 [f6f0dadf-556e-42a8-b6d8-b99280d4e6cc-groupManagement] INFO  server.RaftServer$Division (RaftServerImpl.java:<init>(256)) - f6f0dadf-556e-42a8-b6d8-b99280d4e6cc: new RaftServerImpl for group-300C9206CE33:[1256e137-4a60-4c2e-839e-27e972a873fc|10.1.0.7:15175, 4014a93b-65b2-4fad-85e3-f269d9ce0515|10.1.0.7:15157, f6f0dadf-556e-42a8-b6d8-b99280d4e6cc|10.1.0.7:15166] with ContainerStateMachine:uninitialized
2024-01-29 07:42:36,282 [f6f0dadf-556e-42a8-b6d8-b99280d4e6cc-groupManagement] INFO  server.RaftServerConfigKeys (ConfUtils.java:logGet(46)) - raft.server.rpc.timeout.min = 5s (custom)
2024-01-29 07:42:36,282 [f6f0dadf-556e-42a8-b6d8-b99280d4e6cc-groupManagement] INFO  server.RaftServerConfigKeys (ConfUtils.java:logGet(46)) - raft.server.rpc.timeout.max = 5200ms (custom)
2024-01-29 07:42:36,282 [f6f0dadf-556e-42a8-b6d8-b99280d4e6cc-groupManagement] INFO  server.RaftServerConfigKeys (ConfUtils.java:logGet(46)) - raft.server.rpc.sleep.time = 25ms (default)
2024-01-29 07:42:36,282 [f6f0dadf-556e-42a8-b6d8-b99280d4e6cc-groupManagement] INFO  server.RaftServerConfigKeys (ConfUtils.java:logGet(46)) - raft.server.rpc.slowness.timeout = 300000ms (custom)
2024-01-29 07:42:36,282 [f6f0dadf-556e-42a8-b6d8-b99280d4e6cc-groupManagement] INFO  server.RaftServerConfigKeys (ConfUtils.java:logGet(46)) - raft.server.leaderelection.leader.step-down.wait-time = 10s (default)
2024-01-29 07:42:36,282 [f6f0dadf-556e-42a8-b6d8-b99280d4e6cc-groupManagement] INFO  server.RaftServerConfigKeys (ConfUtils.java:logGet(46)) - raft.server.leaderelection.member.majority-add = false (default)
2024-01-29 07:42:36,283 [f6f0dadf-556e-42a8-b6d8-b99280d4e6cc-groupManagement] INFO  server.RaftServerConfigKeys (ConfUtils.java:logGet(46)) - raft.server.sleep.deviation.threshold = 300ms (default)
2024-01-29 07:42:36,283 [f6f0dadf-556e-42a8-b6d8-b99280d4e6cc-groupManagement] INFO  server.RaftServer$Division (ServerState.java:<init>(113)) - f6f0dadf-556e-42a8-b6d8-b99280d4e6cc@group-300C9206CE33: ConfigurationManager, init=-1: peers:[1256e137-4a60-4c2e-839e-27e972a873fc|10.1.0.7:15175, 4014a93b-65b2-4fad-85e3-f269d9ce0515|10.1.0.7:15157, f6f0dadf-556e-42a8-b6d8-b99280d4e6cc|10.1.0.7:15166]|listeners:[], old=null, confs=<EMPTY_MAP>
2024-01-29 07:42:36,283 [f6f0dadf-556e-42a8-b6d8-b99280d4e6cc-groupManagement] INFO  server.RaftServerConfigKeys (ConfUtils.java:logGet(46)) - raft.server.notification.no-leader.timeout = 300000ms (custom)
2024-01-29 07:42:36,283 [f6f0dadf-556e-42a8-b6d8-b99280d4e6cc-groupManagement] INFO  server.RaftServerConfigKeys (ConfUtils.java:logGet(46)) - raft.server.read.timeout = 10s (default)
2024-01-29 07:42:36,283 [f6f0dadf-556e-42a8-b6d8-b99280d4e6cc-groupManagement] INFO  server.RaftServerConfigKeys (ConfUtils.java:logGet(46)) - raft.server.retrycache.expirytime = 600000ms (custom)
2024-01-29 07:42:36,283 [f6f0dadf-556e-42a8-b6d8-b99280d4e6cc-groupManagement] INFO  server.RaftServerConfigKeys (ConfUtils.java:logGet(46)) - raft.server.retrycache.statistics.expirytime = 100ms (default)
2024-01-29 07:42:36,283 [f6f0dadf-556e-42a8-b6d8-b99280d4e6cc-groupManagement] INFO  server.RaftServerConfigKeys (ConfUtils.java:logGet(46)) - raft.server.read.option = DEFAULT (default)
2024-01-29 07:42:36,283 [f6f0dadf-556e-42a8-b6d8-b99280d4e6cc-groupManagement] INFO  server.RaftServerConfigKeys (ConfUtils.java:logGet(46)) - raft.server.read.read-after-write-consistent.write-index-cache.expiry-time = 60s (default)
2024-01-29 07:42:36,285 [f6f0dadf-556e-42a8-b6d8-b99280d4e6cc-groupManagement] INFO  server.RaftServerConfigKeys (ConfUtils.java:logGet(46)) - raft.server.rpc.request.timeout = 3000ms (default)
2024-01-29 07:42:36,285 [f6f0dadf-556e-42a8-b6d8-b99280d4e6cc-groupManagement] INFO  server.RaftServerConfigKeys (ConfUtils.java:logGet(46)) - raft.server.log.appender.install.snapshot.enabled = false (custom)
2024-01-29 07:42:36,285 [f6f0dadf-556e-42a8-b6d8-b99280d4e6cc-groupManagement] INFO  server.RaftServerConfigKeys (ConfUtils.java:logGet(46)) - raft.server.threadpool.server.cached = true (default)
2024-01-29 07:42:36,285 [f6f0dadf-556e-42a8-b6d8-b99280d4e6cc-groupManagement] INFO  server.RaftServerConfigKeys (ConfUtils.java:logGet(46)) - raft.server.threadpool.server.size = 0 (default)
2024-01-29 07:42:36,285 [f6f0dadf-556e-42a8-b6d8-b99280d4e6cc-groupManagement] INFO  server.RaftServerConfigKeys (ConfUtils.java:logGet(46)) - raft.server.threadpool.client.cached = true (default)
2024-01-29 07:42:36,285 [f6f0dadf-556e-42a8-b6d8-b99280d4e6cc-groupManagement] INFO  server.RaftServerConfigKeys (ConfUtils.java:logGet(46)) - raft.server.threadpool.client.size = 0 (default)
2024-01-29 07:42:36,286 [f6f0dadf-556e-42a8-b6d8-b99280d4e6cc-groupManagement] INFO  server.RaftServerConfigKeys (ConfUtils.java:logGet(46)) - raft.server.storage.free-space.min = 0MB (=0) (default)
2024-01-29 07:42:36,286 [f6f0dadf-556e-42a8-b6d8-b99280d4e6cc-groupManagement] INFO  server.RaftServerConfigKeys (ConfUtils.java:logGet(46)) - raft.server.log.corruption.policy = EXCEPTION (default)
2024-01-29 07:42:36,286 [f6f0dadf-556e-42a8-b6d8-b99280d4e6cc-groupManagement] INFO  server.RaftServerConfigKeys (ConfUtils.java:logGet(46)) - raft.server.storage.dir = [/home/runner/work/ozone/ozone/hadoop-ozone/integration-test/target/test-dir/MiniOzoneClusterImpl-43c44e75-c492-4a39-944e-601a0ff30632/datanode-7/data/ratis] (custom)
2024-01-29 07:42:36,286 [f6f0dadf-556e-42a8-b6d8-b99280d4e6cc-groupManagement] INFO  storage.RaftStorageDirectory (RaftStorageDirectoryImpl.java:analyzeStorage(138)) - The storage directory /home/runner/work/ozone/ozone/hadoop-ozone/integration-test/target/test-dir/MiniOzoneClusterImpl-43c44e75-c492-4a39-944e-601a0ff30632/datanode-7/data/ratis/08ad69f3-d3a1-4e51-8ac6-300c9206ce33 does not exist. Creating ...
2024-01-29 07:42:36,287 [f6f0dadf-556e-42a8-b6d8-b99280d4e6cc-groupManagement] INFO  storage.RaftStorageDirectory (RaftStorageDirectoryImpl.java:tryLock(228)) - Lock on /home/runner/work/ozone/ozone/hadoop-ozone/integration-test/target/test-dir/MiniOzoneClusterImpl-43c44e75-c492-4a39-944e-601a0ff30632/datanode-7/data/ratis/08ad69f3-d3a1-4e51-8ac6-300c9206ce33/in_use.lock acquired by nodename 37616@fv-az571-724
2024-01-29 07:42:36,291 [f6f0dadf-556e-42a8-b6d8-b99280d4e6cc-groupManagement] INFO  storage.RaftStorage (RaftStorageImpl.java:format(99)) - Storage directory /home/runner/work/ozone/ozone/hadoop-ozone/integration-test/target/test-dir/MiniOzoneClusterImpl-43c44e75-c492-4a39-944e-601a0ff30632/datanode-7/data/ratis/08ad69f3-d3a1-4e51-8ac6-300c9206ce33 has been successfully formatted.
2024-01-29 07:42:36,291 [f6f0dadf-556e-42a8-b6d8-b99280d4e6cc-groupManagement] WARN  util.FileUtils (LogUtils.java:supplyAndLog(63)) - Failed to Files.newInputStream /home/runner/work/ozone/ozone/hadoop-ozone/integration-test/target/test-dir/MiniOzoneClusterImpl-43c44e75-c492-4a39-944e-601a0ff30632/datanode-7/data/ratis/08ad69f3-d3a1-4e51-8ac6-300c9206ce33/current/raft-meta.conf with options []: java.nio.file.NoSuchFileException: /home/runner/work/ozone/ozone/hadoop-ozone/integration-test/target/test-dir/MiniOzoneClusterImpl-43c44e75-c492-4a39-944e-601a0ff30632/datanode-7/data/ratis/08ad69f3-d3a1-4e51-8ac6-300c9206ce33/current/raft-meta.conf
2024-01-29 07:42:36,292 [f6f0dadf-556e-42a8-b6d8-b99280d4e6cc-groupManagement] INFO  ratis.ContainerStateMachine (ContainerStateMachine.java:loadSnapshot(287)) - group-300C9206CE33: The snapshot info is null. Setting the last applied index to:(t:0, i:~)
2024-01-29 07:42:36,293 [f6f0dadf-556e-42a8-b6d8-b99280d4e6cc-groupManagement] INFO  server.RaftServerConfigKeys (ConfUtils.java:logGet(46)) - raft.server.log.use.memory = false (default)
2024-01-29 07:42:36,293 [f6f0dadf-556e-42a8-b6d8-b99280d4e6cc-groupManagement] INFO  server.RaftServerConfigKeys (ConfUtils.java:logGet(46)) - raft.server.log.purge.gap = 1000000 (custom)
2024-01-29 07:42:36,293 [f6f0dadf-556e-42a8-b6d8-b99280d4e6cc-groupManagement] INFO  server.RaftServerConfigKeys (ConfUtils.java:logGet(46)) - raft.server.log.appender.buffer.byte-limit = 8388608 (custom)
2024-01-29 07:42:36,293 [f6f0dadf-556e-42a8-b6d8-b99280d4e6cc-groupManagement] INFO  server.RaftServerConfigKeys (ConfUtils.java:logGet(46)) - raft.server.log.statemachine.data.read.timeout = 1000ms (default)
2024-01-29 07:42:36,293 [f6f0dadf-556e-42a8-b6d8-b99280d4e6cc-groupManagement] INFO  server.RaftServerConfigKeys (ConfUtils.java:logGet(46)) - raft.server.log.purge.preservation.log.num = 0 (default)
2024-01-29 07:42:36,295 [f6f0dadf-556e-42a8-b6d8-b99280d4e6cc-groupManagement] INFO  server.RaftServerConfigKeys (ConfUtils.java:logGet(46)) - raft.server.log.segment.size.max = 67108864 (custom)
2024-01-29 07:42:36,295 [f6f0dadf-556e-42a8-b6d8-b99280d4e6cc-groupManagement] INFO  server.RaftServerConfigKeys (ConfUtils.java:logGet(46)) - raft.server.log.segment.cache.num.max = 2 (custom)
2024-01-29 07:42:36,295 [f6f0dadf-556e-42a8-b6d8-b99280d4e6cc-groupManagement] INFO  server.RaftServerConfigKeys (ConfUtils.java:logGet(46)) - raft.server.log.segment.cache.size.max = 200MB (=209715200) (default)
2024-01-29 07:42:36,296 [f6f0dadf-556e-42a8-b6d8-b99280d4e6cc-groupManagement] INFO  server.RaftServerConfigKeys (ConfUtils.java:logGet(46)) - raft.server.log.appender.buffer.byte-limit = 8388608 (custom)
2024-01-29 07:42:36,297 [f6f0dadf-556e-42a8-b6d8-b99280d4e6cc-groupManagement] INFO  util.AwaitToRun (AwaitToRun.java:start(81)) - Thread[f6f0dadf-556e-42a8-b6d8-b99280d4e6cc@group-300C9206CE33-cacheEviction-AwaitToRun,5,main] started
2024-01-29 07:42:36,297 [f6f0dadf-556e-42a8-b6d8-b99280d4e6cc-groupManagement] INFO  segmented.SegmentedRaftLogWorker (SegmentedRaftLogWorker.java:<init>(182)) - new f6f0dadf-556e-42a8-b6d8-b99280d4e6cc@group-300C9206CE33-SegmentedRaftLogWorker for RaftStorageImpl:Storage Directory /home/runner/work/ozone/ozone/hadoop-ozone/integration-test/target/test-dir/MiniOzoneClusterImpl-43c44e75-c492-4a39-944e-601a0ff30632/datanode-7/data/ratis/08ad69f3-d3a1-4e51-8ac6-300c9206ce33
2024-01-29 07:42:36,297 [f6f0dadf-556e-42a8-b6d8-b99280d4e6cc-groupManagement] INFO  server.RaftServerConfigKeys (ConfUtils.java:logGet(46)) - raft.server.log.queue.byte-limit = 4294967296 (custom)
2024-01-29 07:42:36,297 [f6f0dadf-556e-42a8-b6d8-b99280d4e6cc-groupManagement] INFO  server.RaftServerConfigKeys (ConfUtils.java:logGet(46)) - raft.server.log.queue.element-limit = 1024 (custom)
2024-01-29 07:42:36,298 [f6f0dadf-556e-42a8-b6d8-b99280d4e6cc-groupManagement] INFO  server.RaftServerConfigKeys (ConfUtils.java:logGet(46)) - raft.server.log.segment.size.max = 67108864 (custom)
2024-01-29 07:42:36,298 [f6f0dadf-556e-42a8-b6d8-b99280d4e6cc-groupManagement] INFO  server.RaftServerConfigKeys (ConfUtils.java:logGet(46)) - raft.server.log.preallocated.size = 4194304 (custom)
2024-01-29 07:42:36,298 [f6f0dadf-556e-42a8-b6d8-b99280d4e6cc-groupManagement] INFO  server.RaftServerConfigKeys (ConfUtils.java:logGet(46)) - raft.server.log.force.sync.num = 128 (default)
2024-01-29 07:42:36,298 [f6f0dadf-556e-42a8-b6d8-b99280d4e6cc-groupManagement] INFO  server.RaftServerConfigKeys (ConfUtils.java:logGet(46)) - raft.server.log.statemachine.data.sync = true (default)
2024-01-29 07:42:36,298 [f6f0dadf-556e-42a8-b6d8-b99280d4e6cc-groupManagement] INFO  server.RaftServerConfigKeys (ConfUtils.java:logGet(46)) - raft.server.log.statemachine.data.sync.timeout = 10s (default)
2024-01-29 07:42:36,298 [f6f0dadf-556e-42a8-b6d8-b99280d4e6cc-groupManagement] INFO  server.RaftServerConfigKeys (ConfUtils.java:logGet(46)) - raft.server.log.statemachine.data.sync.timeout.retry = 0 (custom)
2024-01-29 07:42:36,298 [f6f0dadf-556e-42a8-b6d8-b99280d4e6cc-groupManagement] INFO  server.RaftServerConfigKeys (ConfUtils.java:logGet(46)) - raft.server.log.write.buffer.size = 8388616 (custom)
2024-01-29 07:42:36,301 [f6f0dadf-556e-42a8-b6d8-b99280d4e6cc-groupManagement] INFO  server.RaftServerConfigKeys (ConfUtils.java:logGet(46)) - raft.server.log.appender.buffer.byte-limit = 8388608 (custom)
2024-01-29 07:42:36,301 [f6f0dadf-556e-42a8-b6d8-b99280d4e6cc-groupManagement] INFO  server.RaftServerConfigKeys (ConfUtils.java:logGet(46)) - raft.server.log.unsafe-flush.enabled = false (default)
2024-01-29 07:42:36,301 [f6f0dadf-556e-42a8-b6d8-b99280d4e6cc-groupManagement] INFO  server.RaftServerConfigKeys (ConfUtils.java:logGet(46)) - raft.server.log.async-flush.enabled = false (default)
2024-01-29 07:42:36,301 [f6f0dadf-556e-42a8-b6d8-b99280d4e6cc-groupManagement] INFO  server.RaftServerConfigKeys (ConfUtils.java:logGet(46)) - raft.server.log.statemachine.data.caching.enabled = true (custom)
2024-01-29 07:42:36,301 [f6f0dadf-556e-42a8-b6d8-b99280d4e6cc-groupManagement] INFO  segmented.SegmentedRaftLogWorker (SegmentedRaftLogWorker.java:lambda$new$0(134)) - f6f0dadf-556e-42a8-b6d8-b99280d4e6cc@group-300C9206CE33-SegmentedRaftLogWorker: flushIndex: setUnconditionally 0 -> -1
2024-01-29 07:42:36,301 [f6f0dadf-556e-42a8-b6d8-b99280d4e6cc-groupManagement] INFO  segmented.SegmentedRaftLogWorker (SegmentedRaftLogWorker.java:lambda$new$0(134)) - f6f0dadf-556e-42a8-b6d8-b99280d4e6cc@group-300C9206CE33-SegmentedRaftLogWorker: safeCacheEvictIndex: setUnconditionally 0 -> -1
2024-01-29 07:42:36,305 [f6f0dadf-556e-42a8-b6d8-b99280d4e6cc-groupManagement] INFO  server.RaftServer$Division (RaftServerImpl.java:start(396)) - f6f0dadf-556e-42a8-b6d8-b99280d4e6cc@group-300C9206CE33: start as a follower, conf=-1: peers:[1256e137-4a60-4c2e-839e-27e972a873fc|10.1.0.7:15175, 4014a93b-65b2-4fad-85e3-f269d9ce0515|10.1.0.7:15157, f6f0dadf-556e-42a8-b6d8-b99280d4e6cc|10.1.0.7:15166]|listeners:[], old=null
2024-01-29 07:42:36,305 [f6f0dadf-556e-42a8-b6d8-b99280d4e6cc-groupManagement] INFO  server.RaftServer$Division (RaftServerImpl.java:setRole(383)) - f6f0dadf-556e-42a8-b6d8-b99280d4e6cc@group-300C9206CE33: changes role from      null to FOLLOWER at term 0 for startAsFollower
2024-01-29 07:42:36,305 [f6f0dadf-556e-42a8-b6d8-b99280d4e6cc-groupManagement] INFO  impl.RoleInfo (RoleInfo.java:updateAndGet(139)) - f6f0dadf-556e-42a8-b6d8-b99280d4e6cc: start f6f0dadf-556e-42a8-b6d8-b99280d4e6cc@group-300C9206CE33-FollowerState
2024-01-29 07:42:36,305 [f6f0dadf-556e-42a8-b6d8-b99280d4e6cc@group-300C9206CE33-FollowerState] INFO  server.RaftServerConfigKeys (ConfUtils.java:logFallback(53)) - raft.server.rpc.first-election.timeout.min = 5s (fallback to raft.server.rpc.timeout.min)
2024-01-29 07:42:36,305 [f6f0dadf-556e-42a8-b6d8-b99280d4e6cc@group-300C9206CE33-FollowerState] INFO  server.RaftServerConfigKeys (ConfUtils.java:logFallback(53)) - raft.server.rpc.first-election.timeout.max = 5200ms (fallback to raft.server.rpc.timeout.max)
2024-01-29 07:42:36,305 [f6f0dadf-556e-42a8-b6d8-b99280d4e6cc-groupManagement] INFO  util.JmxRegister (JmxRegister.java:tryRegister(44)) - Successfully registered JMX Bean with object name Ratis:service=RaftServer,group=group-300C9206CE33,id=f6f0dadf-556e-42a8-b6d8-b99280d4e6cc
2024-01-29 07:42:36,305 [f6f0dadf-556e-42a8-b6d8-b99280d4e6cc-groupManagement] INFO  server.RaftServerConfigKeys (ConfUtils.java:logGet(46)) - raft.server.snapshot.trigger-when-stop.enabled = true (default)
2024-01-29 07:42:36,305 [f6f0dadf-556e-42a8-b6d8-b99280d4e6cc-groupManagement] INFO  server.RaftServerConfigKeys (ConfUtils.java:logGet(46)) - raft.server.snapshot.auto.trigger.enabled = true (custom)
2024-01-29 07:42:36,305 [f6f0dadf-556e-42a8-b6d8-b99280d4e6cc-groupManagement] INFO  server.RaftServerConfigKeys (ConfUtils.java:logGet(46)) - raft.server.snapshot.auto.trigger.threshold = 10000 (custom)
2024-01-29 07:42:36,306 [f6f0dadf-556e-42a8-b6d8-b99280d4e6cc-groupManagement] INFO  server.RaftServerConfigKeys (ConfUtils.java:logGet(46)) - raft.server.snapshot.retention.file.num = 5 (custom)
2024-01-29 07:42:36,306 [f6f0dadf-556e-42a8-b6d8-b99280d4e6cc-groupManagement] INFO  server.RaftServerConfigKeys (ConfUtils.java:logGet(46)) - raft.server.log.purge.upto.snapshot.index = false (default)
2024-01-29 07:42:36,313 [4014a93b-65b2-4fad-85e3-f269d9ce0515-PipelineCommandHandlerThread-0] INFO  commandhandler.CreatePipelineCommandHandler (CreatePipelineCommandHandler.java:lambda$handle$2(124)) - Created Pipeline RATIS THREE PipelineID=08ad69f3-d3a1-4e51-8ac6-300c9206ce33.
2024-01-29 07:42:36,337 [f6f0dadf-556e-42a8-b6d8-b99280d4e6cc-PipelineCommandHandlerThread-0] INFO  server.RaftServer (RaftServerProxy.java:addNew(100)) - f6f0dadf-556e-42a8-b6d8-b99280d4e6cc: addNew group-135ACD05C6DA:[f6f0dadf-556e-42a8-b6d8-b99280d4e6cc|10.1.0.7:15166] returns group-135ACD05C6DA:java.util.concurrent.CompletableFuture@36d39389[Not completed]
2024-01-29 07:42:36,338 [f6f0dadf-556e-42a8-b6d8-b99280d4e6cc-groupManagement] INFO  server.RaftServer$Division (RaftServerImpl.java:<init>(256)) - f6f0dadf-556e-42a8-b6d8-b99280d4e6cc: new RaftServerImpl for group-135ACD05C6DA:[f6f0dadf-556e-42a8-b6d8-b99280d4e6cc|10.1.0.7:15166] with ContainerStateMachine:uninitialized
2024-01-29 07:42:36,338 [f6f0dadf-556e-42a8-b6d8-b99280d4e6cc-groupManagement] INFO  server.RaftServerConfigKeys (ConfUtils.java:logGet(46)) - raft.server.rpc.timeout.min = 5s (custom)
2024-01-29 07:42:36,338 [f6f0dadf-556e-42a8-b6d8-b99280d4e6cc-groupManagement] INFO  server.RaftServerConfigKeys (ConfUtils.java:logGet(46)) - raft.server.rpc.timeout.max = 5200ms (custom)
2024-01-29 07:42:36,338 [f6f0dadf-556e-42a8-b6d8-b99280d4e6cc-groupManagement] INFO  server.RaftServerConfigKeys (ConfUtils.java:logGet(46)) - raft.server.rpc.sleep.time = 25ms (default)
2024-01-29 07:42:36,338 [f6f0dadf-556e-42a8-b6d8-b99280d4e6cc-groupManagement] INFO  server.RaftServerConfigKeys (ConfUtils.java:logGet(46)) - raft.server.rpc.slowness.timeout = 300000ms (custom)
2024-01-29 07:42:36,338 [f6f0dadf-556e-42a8-b6d8-b99280d4e6cc-groupManagement] INFO  server.RaftServerConfigKeys (ConfUtils.java:logGet(46)) - raft.server.leaderelection.leader.step-down.wait-time = 10s (default)
2024-01-29 07:42:36,338 [f6f0dadf-556e-42a8-b6d8-b99280d4e6cc-groupManagement] INFO  server.RaftServerConfigKeys (ConfUtils.java:logGet(46)) - raft.server.leaderelection.member.majority-add = false (default)
2024-01-29 07:42:36,338 [f6f0dadf-556e-42a8-b6d8-b99280d4e6cc-groupManagement] INFO  server.RaftServerConfigKeys (ConfUtils.java:logGet(46)) - raft.server.sleep.deviation.threshold = 300ms (default)
2024-01-29 07:42:36,339 [f6f0dadf-556e-42a8-b6d8-b99280d4e6cc-groupManagement] INFO  server.RaftServer$Division (ServerState.java:<init>(113)) - f6f0dadf-556e-42a8-b6d8-b99280d4e6cc@group-135ACD05C6DA: ConfigurationManager, init=-1: peers:[f6f0dadf-556e-42a8-b6d8-b99280d4e6cc|10.1.0.7:15166]|listeners:[], old=null, confs=<EMPTY_MAP>
2024-01-29 07:42:36,339 [f6f0dadf-556e-42a8-b6d8-b99280d4e6cc-groupManagement] INFO  server.RaftServerConfigKeys (ConfUtils.java:logGet(46)) - raft.server.notification.no-leader.timeout = 300000ms (custom)
2024-01-29 07:42:36,339 [f6f0dadf-556e-42a8-b6d8-b99280d4e6cc-groupManagement] INFO  server.RaftServerConfigKeys (ConfUtils.java:logGet(46)) - raft.server.read.timeout = 10s (default)
2024-01-29 07:42:36,339 [f6f0dadf-556e-42a8-b6d8-b99280d4e6cc-groupManagement] INFO  server.RaftServerConfigKeys (ConfUtils.java:logGet(46)) - raft.server.retrycache.expirytime = 600000ms (custom)
2024-01-29 07:42:36,339 [f6f0dadf-556e-42a8-b6d8-b99280d4e6cc-groupManagement] INFO  server.RaftServerConfigKeys (ConfUtils.java:logGet(46)) - raft.server.retrycache.statistics.expirytime = 100ms (default)
2024-01-29 07:42:36,339 [f6f0dadf-556e-42a8-b6d8-b99280d4e6cc-groupManagement] INFO  server.RaftServerConfigKeys (ConfUtils.java:logGet(46)) - raft.server.read.option = DEFAULT (default)
2024-01-29 07:42:36,339 [f6f0dadf-556e-42a8-b6d8-b99280d4e6cc-groupManagement] INFO  server.RaftServerConfigKeys (ConfUtils.java:logGet(46)) - raft.server.read.read-after-write-consistent.write-index-cache.expiry-time = 60s (default)
2024-01-29 07:42:36,341 [f6f0dadf-556e-42a8-b6d8-b99280d4e6cc-groupManagement] INFO  server.RaftServerConfigKeys (ConfUtils.java:logGet(46)) - raft.server.rpc.request.timeout = 3000ms (default)
2024-01-29 07:42:36,341 [f6f0dadf-556e-42a8-b6d8-b99280d4e6cc-groupManagement] INFO  server.RaftServerConfigKeys (ConfUtils.java:logGet(46)) - raft.server.log.appender.install.snapshot.enabled = false (custom)
2024-01-29 07:42:36,342 [f6f0dadf-556e-42a8-b6d8-b99280d4e6cc-groupManagement] INFO  server.RaftServerConfigKeys (ConfUtils.java:logGet(46)) - raft.server.threadpool.server.cached = true (default)
2024-01-29 07:42:36,342 [f6f0dadf-556e-42a8-b6d8-b99280d4e6cc-groupManagement] INFO  server.RaftServerConfigKeys (ConfUtils.java:logGet(46)) - raft.server.threadpool.server.size = 0 (default)
2024-01-29 07:42:36,342 [f6f0dadf-556e-42a8-b6d8-b99280d4e6cc-groupManagement] INFO  server.RaftServerConfigKeys (ConfUtils.java:logGet(46)) - raft.server.threadpool.client.cached = true (default)
2024-01-29 07:42:36,342 [f6f0dadf-556e-42a8-b6d8-b99280d4e6cc-groupManagement] INFO  server.RaftServerConfigKeys (ConfUtils.java:logGet(46)) - raft.server.threadpool.client.size = 0 (default)
2024-01-29 07:42:36,342 [f6f0dadf-556e-42a8-b6d8-b99280d4e6cc-groupManagement] INFO  server.RaftServerConfigKeys (ConfUtils.java:logGet(46)) - raft.server.storage.free-space.min = 0MB (=0) (default)
2024-01-29 07:42:36,342 [f6f0dadf-556e-42a8-b6d8-b99280d4e6cc-groupManagement] INFO  server.RaftServerConfigKeys (ConfUtils.java:logGet(46)) - raft.server.log.corruption.policy = EXCEPTION (default)
2024-01-29 07:42:36,342 [f6f0dadf-556e-42a8-b6d8-b99280d4e6cc-groupManagement] INFO  server.RaftServerConfigKeys (ConfUtils.java:logGet(46)) - raft.server.storage.dir = [/home/runner/work/ozone/ozone/hadoop-ozone/integration-test/target/test-dir/MiniOzoneClusterImpl-43c44e75-c492-4a39-944e-601a0ff30632/datanode-7/data/ratis] (custom)
2024-01-29 07:42:36,342 [f6f0dadf-556e-42a8-b6d8-b99280d4e6cc-groupManagement] INFO  storage.RaftStorageDirectory (RaftStorageDirectoryImpl.java:analyzeStorage(138)) - The storage directory /home/runner/work/ozone/ozone/hadoop-ozone/integration-test/target/test-dir/MiniOzoneClusterImpl-43c44e75-c492-4a39-944e-601a0ff30632/datanode-7/data/ratis/a66cae9d-107b-4d0b-914b-135acd05c6da does not exist. Creating ...
2024-01-29 07:42:36,345 [f6f0dadf-556e-42a8-b6d8-b99280d4e6cc-groupManagement] INFO  storage.RaftStorageDirectory (RaftStorageDirectoryImpl.java:tryLock(228)) - Lock on /home/runner/work/ozone/ozone/hadoop-ozone/integration-test/target/test-dir/MiniOzoneClusterImpl-43c44e75-c492-4a39-944e-601a0ff30632/datanode-7/data/ratis/a66cae9d-107b-4d0b-914b-135acd05c6da/in_use.lock acquired by nodename 37616@fv-az571-724
2024-01-29 07:42:36,346 [f6f0dadf-556e-42a8-b6d8-b99280d4e6cc-groupManagement] INFO  storage.RaftStorage (RaftStorageImpl.java:format(99)) - Storage directory /home/runner/work/ozone/ozone/hadoop-ozone/integration-test/target/test-dir/MiniOzoneClusterImpl-43c44e75-c492-4a39-944e-601a0ff30632/datanode-7/data/ratis/a66cae9d-107b-4d0b-914b-135acd05c6da has been successfully formatted.
2024-01-29 07:42:36,346 [f6f0dadf-556e-42a8-b6d8-b99280d4e6cc-groupManagement] WARN  util.FileUtils (LogUtils.java:supplyAndLog(63)) - Failed to Files.newInputStream /home/runner/work/ozone/ozone/hadoop-ozone/integration-test/target/test-dir/MiniOzoneClusterImpl-43c44e75-c492-4a39-944e-601a0ff30632/datanode-7/data/ratis/a66cae9d-107b-4d0b-914b-135acd05c6da/current/raft-meta.conf with options []: java.nio.file.NoSuchFileException: /home/runner/work/ozone/ozone/hadoop-ozone/integration-test/target/test-dir/MiniOzoneClusterImpl-43c44e75-c492-4a39-944e-601a0ff30632/datanode-7/data/ratis/a66cae9d-107b-4d0b-914b-135acd05c6da/current/raft-meta.conf
2024-01-29 07:42:36,346 [f6f0dadf-556e-42a8-b6d8-b99280d4e6cc-groupManagement] INFO  ratis.ContainerStateMachine (ContainerStateMachine.java:loadSnapshot(287)) - group-135ACD05C6DA: The snapshot info is null. Setting the last applied index to:(t:0, i:~)
2024-01-29 07:42:36,347 [f6f0dadf-556e-42a8-b6d8-b99280d4e6cc-groupManagement] INFO  server.RaftServerConfigKeys (ConfUtils.java:logGet(46)) - raft.server.log.use.memory = false (default)
2024-01-29 07:42:36,347 [f6f0dadf-556e-42a8-b6d8-b99280d4e6cc-groupManagement] INFO  server.RaftServerConfigKeys (ConfUtils.java:logGet(46)) - raft.server.log.purge.gap = 1000000 (custom)
2024-01-29 07:42:36,347 [f6f0dadf-556e-42a8-b6d8-b99280d4e6cc-groupManagement] INFO  server.RaftServerConfigKeys (ConfUtils.java:logGet(46)) - raft.server.log.appender.buffer.byte-limit = 8388608 (custom)
2024-01-29 07:42:36,348 [f6f0dadf-556e-42a8-b6d8-b99280d4e6cc-groupManagement] INFO  server.RaftServerConfigKeys (ConfUtils.java:logGet(46)) - raft.server.log.statemachine.data.read.timeout = 1000ms (default)
2024-01-29 07:42:36,348 [f6f0dadf-556e-42a8-b6d8-b99280d4e6cc-groupManagement] INFO  server.RaftServerConfigKeys (ConfUtils.java:logGet(46)) - raft.server.log.purge.preservation.log.num = 0 (default)
2024-01-29 07:42:36,348 [EventQueue-PipelineReportForPipelineReportHandler] INFO  pipeline.PipelineReportHandler (PipelineReportHandler.java:processPipelineReport(136)) - Opened pipeline PipelineID=a66cae9d-107b-4d0b-914b-135acd05c6da
2024-01-29 07:42:36,348 [EventQueue-OpenPipelineForHealthyPipelineSafeModeRule] INFO  safemode.SCMSafeModeManager (HealthyPipelineSafeModeRule.java:process(140)) - SCM in safe mode. Healthy pipelines reported count is 0, required healthy pipeline reported count is 1
2024-01-29 07:42:36,350 [f6f0dadf-556e-42a8-b6d8-b99280d4e6cc-groupManagement] INFO  server.RaftServerConfigKeys (ConfUtils.java:logGet(46)) - raft.server.log.segment.size.max = 67108864 (custom)
2024-01-29 07:42:36,350 [f6f0dadf-556e-42a8-b6d8-b99280d4e6cc-groupManagement] INFO  server.RaftServerConfigKeys (ConfUtils.java:logGet(46)) - raft.server.log.segment.cache.num.max = 2 (custom)
2024-01-29 07:42:36,350 [f6f0dadf-556e-42a8-b6d8-b99280d4e6cc-groupManagement] INFO  server.RaftServerConfigKeys (ConfUtils.java:logGet(46)) - raft.server.log.segment.cache.size.max = 200MB (=209715200) (default)
2024-01-29 07:42:36,350 [f6f0dadf-556e-42a8-b6d8-b99280d4e6cc-groupManagement] INFO  server.RaftServerConfigKeys (ConfUtils.java:logGet(46)) - raft.server.log.appender.buffer.byte-limit = 8388608 (custom)
2024-01-29 07:42:36,351 [f6f0dadf-556e-42a8-b6d8-b99280d4e6cc-groupManagement] INFO  util.AwaitToRun (AwaitToRun.java:start(81)) - Thread[f6f0dadf-556e-42a8-b6d8-b99280d4e6cc@group-135ACD05C6DA-cacheEviction-AwaitToRun,5,main] started
2024-01-29 07:42:36,351 [f6f0dadf-556e-42a8-b6d8-b99280d4e6cc-groupManagement] INFO  segmented.SegmentedRaftLogWorker (SegmentedRaftLogWorker.java:<init>(182)) - new f6f0dadf-556e-42a8-b6d8-b99280d4e6cc@group-135ACD05C6DA-SegmentedRaftLogWorker for RaftStorageImpl:Storage Directory /home/runner/work/ozone/ozone/hadoop-ozone/integration-test/target/test-dir/MiniOzoneClusterImpl-43c44e75-c492-4a39-944e-601a0ff30632/datanode-7/data/ratis/a66cae9d-107b-4d0b-914b-135acd05c6da
2024-01-29 07:42:36,351 [f6f0dadf-556e-42a8-b6d8-b99280d4e6cc-groupManagement] INFO  server.RaftServerConfigKeys (ConfUtils.java:logGet(46)) - raft.server.log.queue.byte-limit = 4294967296 (custom)
2024-01-29 07:42:36,351 [f6f0dadf-556e-42a8-b6d8-b99280d4e6cc-groupManagement] INFO  server.RaftServerConfigKeys (ConfUtils.java:logGet(46)) - raft.server.log.queue.element-limit = 1024 (custom)
2024-01-29 07:42:36,351 [f6f0dadf-556e-42a8-b6d8-b99280d4e6cc-groupManagement] INFO  server.RaftServerConfigKeys (ConfUtils.java:logGet(46)) - raft.server.log.segment.size.max = 67108864 (custom)
2024-01-29 07:42:36,351 [f6f0dadf-556e-42a8-b6d8-b99280d4e6cc-groupManagement] INFO  server.RaftServerConfigKeys (ConfUtils.java:logGet(46)) - raft.server.log.preallocated.size = 4194304 (custom)
2024-01-29 07:42:36,351 [f6f0dadf-556e-42a8-b6d8-b99280d4e6cc-groupManagement] INFO  server.RaftServerConfigKeys (ConfUtils.java:logGet(46)) - raft.server.log.force.sync.num = 128 (default)
2024-01-29 07:42:36,351 [f6f0dadf-556e-42a8-b6d8-b99280d4e6cc-groupManagement] INFO  server.RaftServerConfigKeys (ConfUtils.java:logGet(46)) - raft.server.log.statemachine.data.sync = true (default)
2024-01-29 07:42:36,351 [f6f0dadf-556e-42a8-b6d8-b99280d4e6cc-groupManagement] INFO  server.RaftServerConfigKeys (ConfUtils.java:logGet(46)) - raft.server.log.statemachine.data.sync.timeout = 10s (default)
2024-01-29 07:42:36,351 [f6f0dadf-556e-42a8-b6d8-b99280d4e6cc-groupManagement] INFO  server.RaftServerConfigKeys (ConfUtils.java:logGet(46)) - raft.server.log.statemachine.data.sync.timeout.retry = 0 (custom)
2024-01-29 07:42:36,351 [f6f0dadf-556e-42a8-b6d8-b99280d4e6cc-groupManagement] INFO  server.RaftServerConfigKeys (ConfUtils.java:logGet(46)) - raft.server.log.write.buffer.size = 8388616 (custom)
2024-01-29 07:42:36,353 [f6f0dadf-556e-42a8-b6d8-b99280d4e6cc-groupManagement] INFO  server.RaftServerConfigKeys (ConfUtils.java:logGet(46)) - raft.server.log.appender.buffer.byte-limit = 8388608 (custom)
2024-01-29 07:42:36,353 [f6f0dadf-556e-42a8-b6d8-b99280d4e6cc-groupManagement] INFO  server.RaftServerConfigKeys (ConfUtils.java:logGet(46)) - raft.server.log.unsafe-flush.enabled = false (default)
2024-01-29 07:42:36,353 [f6f0dadf-556e-42a8-b6d8-b99280d4e6cc-groupManagement] INFO  server.RaftServerConfigKeys (ConfUtils.java:logGet(46)) - raft.server.log.async-flush.enabled = false (default)
2024-01-29 07:42:36,353 [f6f0dadf-556e-42a8-b6d8-b99280d4e6cc-groupManagement] INFO  server.RaftServerConfigKeys (ConfUtils.java:logGet(46)) - raft.server.log.statemachine.data.caching.enabled = true (custom)
2024-01-29 07:42:36,354 [f6f0dadf-556e-42a8-b6d8-b99280d4e6cc-groupManagement] INFO  segmented.SegmentedRaftLogWorker (SegmentedRaftLogWorker.java:lambda$new$0(134)) - f6f0dadf-556e-42a8-b6d8-b99280d4e6cc@group-135ACD05C6DA-SegmentedRaftLogWorker: flushIndex: setUnconditionally 0 -> -1
2024-01-29 07:42:36,354 [f6f0dadf-556e-42a8-b6d8-b99280d4e6cc-groupManagement] INFO  segmented.SegmentedRaftLogWorker (SegmentedRaftLogWorker.java:lambda$new$0(134)) - f6f0dadf-556e-42a8-b6d8-b99280d4e6cc@group-135ACD05C6DA-SegmentedRaftLogWorker: safeCacheEvictIndex: setUnconditionally 0 -> -1
2024-01-29 07:42:36,354 [f6f0dadf-556e-42a8-b6d8-b99280d4e6cc-groupManagement] INFO  server.RaftServer$Division (RaftServerImpl.java:start(396)) - f6f0dadf-556e-42a8-b6d8-b99280d4e6cc@group-135ACD05C6DA: start as a follower, conf=-1: peers:[f6f0dadf-556e-42a8-b6d8-b99280d4e6cc|10.1.0.7:15166]|listeners:[], old=null
2024-01-29 07:42:36,354 [f6f0dadf-556e-42a8-b6d8-b99280d4e6cc-groupManagement] INFO  server.RaftServer$Division (RaftServerImpl.java:setRole(383)) - f6f0dadf-556e-42a8-b6d8-b99280d4e6cc@group-135ACD05C6DA: changes role from      null to FOLLOWER at term 0 for startAsFollower
2024-01-29 07:42:36,354 [f6f0dadf-556e-42a8-b6d8-b99280d4e6cc-groupManagement] INFO  impl.RoleInfo (RoleInfo.java:updateAndGet(139)) - f6f0dadf-556e-42a8-b6d8-b99280d4e6cc: start f6f0dadf-556e-42a8-b6d8-b99280d4e6cc@group-135ACD05C6DA-FollowerState
2024-01-29 07:42:36,354 [f6f0dadf-556e-42a8-b6d8-b99280d4e6cc@group-135ACD05C6DA-FollowerState] INFO  server.RaftServerConfigKeys (ConfUtils.java:logFallback(53)) - raft.server.rpc.first-election.timeout.min = 5s (fallback to raft.server.rpc.timeout.min)
2024-01-29 07:42:36,354 [f6f0dadf-556e-42a8-b6d8-b99280d4e6cc-groupManagement] INFO  util.JmxRegister (JmxRegister.java:tryRegister(44)) - Successfully registered JMX Bean with object name Ratis:service=RaftServer,group=group-135ACD05C6DA,id=f6f0dadf-556e-42a8-b6d8-b99280d4e6cc
2024-01-29 07:42:36,354 [f6f0dadf-556e-42a8-b6d8-b99280d4e6cc@group-135ACD05C6DA-FollowerState] INFO  server.RaftServerConfigKeys (ConfUtils.java:logFallback(53)) - raft.server.rpc.first-election.timeout.max = 5200ms (fallback to raft.server.rpc.timeout.max)
2024-01-29 07:42:36,354 [f6f0dadf-556e-42a8-b6d8-b99280d4e6cc-groupManagement] INFO  server.RaftServerConfigKeys (ConfUtils.java:logGet(46)) - raft.server.snapshot.trigger-when-stop.enabled = true (default)
2024-01-29 07:42:36,354 [f6f0dadf-556e-42a8-b6d8-b99280d4e6cc-groupManagement] INFO  server.RaftServerConfigKeys (ConfUtils.java:logGet(46)) - raft.server.snapshot.auto.trigger.enabled = true (custom)
2024-01-29 07:42:36,354 [f6f0dadf-556e-42a8-b6d8-b99280d4e6cc-groupManagement] INFO  server.RaftServerConfigKeys (ConfUtils.java:logGet(46)) - raft.server.snapshot.auto.trigger.threshold = 10000 (custom)
2024-01-29 07:42:36,354 [f6f0dadf-556e-42a8-b6d8-b99280d4e6cc-groupManagement] INFO  server.RaftServerConfigKeys (ConfUtils.java:logGet(46)) - raft.server.snapshot.retention.file.num = 5 (custom)
2024-01-29 07:42:36,354 [f6f0dadf-556e-42a8-b6d8-b99280d4e6cc-groupManagement] INFO  server.RaftServerConfigKeys (ConfUtils.java:logGet(46)) - raft.server.log.purge.upto.snapshot.index = false (default)
2024-01-29 07:42:36,355 [f6f0dadf-556e-42a8-b6d8-b99280d4e6cc-PipelineCommandHandlerThread-0] INFO  ratis.XceiverServerRatis (XceiverServerRatis.java:addGroup(864)) - Created group PipelineID=a66cae9d-107b-4d0b-914b-135acd05c6da
2024-01-29 07:42:36,355 [f6f0dadf-556e-42a8-b6d8-b99280d4e6cc-PipelineCommandHandlerThread-0] INFO  commandhandler.CreatePipelineCommandHandler (CreatePipelineCommandHandler.java:lambda$handle$2(124)) - Created Pipeline RATIS ONE PipelineID=a66cae9d-107b-4d0b-914b-135acd05c6da.
2024-01-29 07:42:36,462 [1256e137-4a60-4c2e-839e-27e972a873fc-PipelineCommandHandlerThread-0] INFO  server.RaftServer (RaftServerProxy.java:addNew(100)) - 1256e137-4a60-4c2e-839e-27e972a873fc: addNew group-C61435DB6CA8:[1256e137-4a60-4c2e-839e-27e972a873fc|10.1.0.7:15175] returns group-C61435DB6CA8:java.util.concurrent.CompletableFuture@10359cc5[Not completed]
2024-01-29 07:42:36,463 [main] INFO  ozone.MiniOzoneClusterImpl (MiniOzoneClusterImpl.java:lambda$waitForClusterToBeReady$0(229)) - Nodes are ready. Got 9 of 9 DN Heartbeats.
2024-01-29 07:42:36,463 [main] INFO  ozone.MiniOzoneClusterImpl (MiniOzoneClusterImpl.java:lambda$waitForClusterToBeReady$0(232)) - Waiting for cluster to exit safe mode
2024-01-29 07:42:36,463 [1256e137-4a60-4c2e-839e-27e972a873fc-groupManagement] INFO  server.RaftServer$Division (RaftServerImpl.java:<init>(256)) - 1256e137-4a60-4c2e-839e-27e972a873fc: new RaftServerImpl for group-C61435DB6CA8:[1256e137-4a60-4c2e-839e-27e972a873fc|10.1.0.7:15175] with ContainerStateMachine:uninitialized
2024-01-29 07:42:36,463 [1256e137-4a60-4c2e-839e-27e972a873fc-groupManagement] INFO  server.RaftServerConfigKeys (ConfUtils.java:logGet(46)) - raft.server.rpc.timeout.min = 5s (custom)
2024-01-29 07:42:36,463 [1256e137-4a60-4c2e-839e-27e972a873fc-groupManagement] INFO  server.RaftServerConfigKeys (ConfUtils.java:logGet(46)) - raft.server.rpc.timeout.max = 5200ms (custom)
2024-01-29 07:42:36,463 [1256e137-4a60-4c2e-839e-27e972a873fc-groupManagement] INFO  server.RaftServerConfigKeys (ConfUtils.java:logGet(46)) - raft.server.rpc.sleep.time = 25ms (default)
2024-01-29 07:42:36,463 [1256e137-4a60-4c2e-839e-27e972a873fc-groupManagement] INFO  server.RaftServerConfigKeys (ConfUtils.java:logGet(46)) - raft.server.rpc.slowness.timeout = 300000ms (custom)
2024-01-29 07:42:36,463 [1256e137-4a60-4c2e-839e-27e972a873fc-groupManagement] INFO  server.RaftServerConfigKeys (ConfUtils.java:logGet(46)) - raft.server.leaderelection.leader.step-down.wait-time = 10s (default)
2024-01-29 07:42:36,464 [1256e137-4a60-4c2e-839e-27e972a873fc-groupManagement] INFO  server.RaftServerConfigKeys (ConfUtils.java:logGet(46)) - raft.server.leaderelection.member.majority-add = false (default)
2024-01-29 07:42:36,464 [1256e137-4a60-4c2e-839e-27e972a873fc-groupManagement] INFO  server.RaftServerConfigKeys (ConfUtils.java:logGet(46)) - raft.server.sleep.deviation.threshold = 300ms (default)
2024-01-29 07:42:36,463 [main] INFO  ozone.MiniOzoneClusterImpl (MiniOzoneClusterImpl.java:lambda$waitForClusterToBeReady$0(234)) - SCM became leader
2024-01-29 07:42:36,464 [1256e137-4a60-4c2e-839e-27e972a873fc-groupManagement] INFO  server.RaftServer$Division (ServerState.java:<init>(113)) - 1256e137-4a60-4c2e-839e-27e972a873fc@group-C61435DB6CA8: ConfigurationManager, init=-1: peers:[1256e137-4a60-4c2e-839e-27e972a873fc|10.1.0.7:15175]|listeners:[], old=null, confs=<EMPTY_MAP>
2024-01-29 07:42:36,464 [1256e137-4a60-4c2e-839e-27e972a873fc-groupManagement] INFO  server.RaftServerConfigKeys (ConfUtils.java:logGet(46)) - raft.server.notification.no-leader.timeout = 300000ms (custom)
2024-01-29 07:42:36,464 [1256e137-4a60-4c2e-839e-27e972a873fc-groupManagement] INFO  server.RaftServerConfigKeys (ConfUtils.java:logGet(46)) - raft.server.read.timeout = 10s (default)
2024-01-29 07:42:36,464 [1256e137-4a60-4c2e-839e-27e972a873fc-groupManagement] INFO  server.RaftServerConfigKeys (ConfUtils.java:logGet(46)) - raft.server.retrycache.expirytime = 600000ms (custom)
2024-01-29 07:42:36,464 [1256e137-4a60-4c2e-839e-27e972a873fc-groupManagement] INFO  server.RaftServerConfigKeys (ConfUtils.java:logGet(46)) - raft.server.retrycache.statistics.expirytime = 100ms (default)
2024-01-29 07:42:36,464 [1256e137-4a60-4c2e-839e-27e972a873fc-groupManagement] INFO  server.RaftServerConfigKeys (ConfUtils.java:logGet(46)) - raft.server.read.option = DEFAULT (default)
2024-01-29 07:42:36,464 [1256e137-4a60-4c2e-839e-27e972a873fc-groupManagement] INFO  server.RaftServerConfigKeys (ConfUtils.java:logGet(46)) - raft.server.read.read-after-write-consistent.write-index-cache.expiry-time = 60s (default)
2024-01-29 07:42:36,466 [1256e137-4a60-4c2e-839e-27e972a873fc-groupManagement] INFO  server.RaftServerConfigKeys (ConfUtils.java:logGet(46)) - raft.server.rpc.request.timeout = 3000ms (default)
2024-01-29 07:42:36,466 [1256e137-4a60-4c2e-839e-27e972a873fc-groupManagement] INFO  server.RaftServerConfigKeys (ConfUtils.java:logGet(46)) - raft.server.log.appender.install.snapshot.enabled = false (custom)
2024-01-29 07:42:36,466 [1256e137-4a60-4c2e-839e-27e972a873fc-groupManagement] INFO  server.RaftServerConfigKeys (ConfUtils.java:logGet(46)) - raft.server.threadpool.server.cached = true (default)
2024-01-29 07:42:36,466 [1256e137-4a60-4c2e-839e-27e972a873fc-groupManagement] INFO  server.RaftServerConfigKeys (ConfUtils.java:logGet(46)) - raft.server.threadpool.server.size = 0 (default)
2024-01-29 07:42:36,467 [1256e137-4a60-4c2e-839e-27e972a873fc-groupManagement] INFO  server.RaftServerConfigKeys (ConfUtils.java:logGet(46)) - raft.server.threadpool.client.cached = true (default)
2024-01-29 07:42:36,467 [1256e137-4a60-4c2e-839e-27e972a873fc-groupManagement] INFO  server.RaftServerConfigKeys (ConfUtils.java:logGet(46)) - raft.server.threadpool.client.size = 0 (default)
2024-01-29 07:42:36,467 [1256e137-4a60-4c2e-839e-27e972a873fc-groupManagement] INFO  server.RaftServerConfigKeys (ConfUtils.java:logGet(46)) - raft.server.storage.free-space.min = 0MB (=0) (default)
2024-01-29 07:42:36,467 [1256e137-4a60-4c2e-839e-27e972a873fc-groupManagement] INFO  server.RaftServerConfigKeys (ConfUtils.java:logGet(46)) - raft.server.log.corruption.policy = EXCEPTION (default)
2024-01-29 07:42:36,467 [1256e137-4a60-4c2e-839e-27e972a873fc-groupManagement] INFO  server.RaftServerConfigKeys (ConfUtils.java:logGet(46)) - raft.server.storage.dir = [/home/runner/work/ozone/ozone/hadoop-ozone/integration-test/target/test-dir/MiniOzoneClusterImpl-43c44e75-c492-4a39-944e-601a0ff30632/datanode-8/data/ratis] (custom)
2024-01-29 07:42:36,467 [1256e137-4a60-4c2e-839e-27e972a873fc-groupManagement] INFO  storage.RaftStorageDirectory (RaftStorageDirectoryImpl.java:analyzeStorage(138)) - The storage directory /home/runner/work/ozone/ozone/hadoop-ozone/integration-test/target/test-dir/MiniOzoneClusterImpl-43c44e75-c492-4a39-944e-601a0ff30632/datanode-8/data/ratis/a2b308f8-2ea7-4854-bba5-c61435db6ca8 does not exist. Creating ...
2024-01-29 07:42:36,468 [1256e137-4a60-4c2e-839e-27e972a873fc-groupManagement] INFO  storage.RaftStorageDirectory (RaftStorageDirectoryImpl.java:tryLock(228)) - Lock on /home/runner/work/ozone/ozone/hadoop-ozone/integration-test/target/test-dir/MiniOzoneClusterImpl-43c44e75-c492-4a39-944e-601a0ff30632/datanode-8/data/ratis/a2b308f8-2ea7-4854-bba5-c61435db6ca8/in_use.lock acquired by nodename 37616@fv-az571-724
2024-01-29 07:42:36,469 [1256e137-4a60-4c2e-839e-27e972a873fc-groupManagement] INFO  storage.RaftStorage (RaftStorageImpl.java:format(99)) - Storage directory /home/runner/work/ozone/ozone/hadoop-ozone/integration-test/target/test-dir/MiniOzoneClusterImpl-43c44e75-c492-4a39-944e-601a0ff30632/datanode-8/data/ratis/a2b308f8-2ea7-4854-bba5-c61435db6ca8 has been successfully formatted.
2024-01-29 07:42:36,469 [1256e137-4a60-4c2e-839e-27e972a873fc-groupManagement] WARN  util.FileUtils (LogUtils.java:supplyAndLog(63)) - Failed to Files.newInputStream /home/runner/work/ozone/ozone/hadoop-ozone/integration-test/target/test-dir/MiniOzoneClusterImpl-43c44e75-c492-4a39-944e-601a0ff30632/datanode-8/data/ratis/a2b308f8-2ea7-4854-bba5-c61435db6ca8/current/raft-meta.conf with options []: java.nio.file.NoSuchFileException: /home/runner/work/ozone/ozone/hadoop-ozone/integration-test/target/test-dir/MiniOzoneClusterImpl-43c44e75-c492-4a39-944e-601a0ff30632/datanode-8/data/ratis/a2b308f8-2ea7-4854-bba5-c61435db6ca8/current/raft-meta.conf
2024-01-29 07:42:36,469 [1256e137-4a60-4c2e-839e-27e972a873fc-groupManagement] INFO  ratis.ContainerStateMachine (ContainerStateMachine.java:loadSnapshot(287)) - group-C61435DB6CA8: The snapshot info is null. Setting the last applied index to:(t:0, i:~)
2024-01-29 07:42:36,469 [1256e137-4a60-4c2e-839e-27e972a873fc-groupManagement] INFO  server.RaftServerConfigKeys (ConfUtils.java:logGet(46)) - raft.server.log.use.memory = false (default)
2024-01-29 07:42:36,470 [1256e137-4a60-4c2e-839e-27e972a873fc-groupManagement] INFO  server.RaftServerConfigKeys (ConfUtils.java:logGet(46)) - raft.server.log.purge.gap = 1000000 (custom)
2024-01-29 07:42:36,470 [1256e137-4a60-4c2e-839e-27e972a873fc-groupManagement] INFO  server.RaftServerConfigKeys (ConfUtils.java:logGet(46)) - raft.server.log.appender.buffer.byte-limit = 8388608 (custom)
2024-01-29 07:42:36,470 [1256e137-4a60-4c2e-839e-27e972a873fc-groupManagement] INFO  server.RaftServerConfigKeys (ConfUtils.java:logGet(46)) - raft.server.log.statemachine.data.read.timeout = 1000ms (default)
2024-01-29 07:42:36,470 [1256e137-4a60-4c2e-839e-27e972a873fc-groupManagement] INFO  server.RaftServerConfigKeys (ConfUtils.java:logGet(46)) - raft.server.log.purge.preservation.log.num = 0 (default)
2024-01-29 07:42:36,471 [EventQueue-PipelineReportForPipelineReportHandler] INFO  pipeline.PipelineReportHandler (PipelineReportHandler.java:processPipelineReport(136)) - Opened pipeline PipelineID=a2b308f8-2ea7-4854-bba5-c61435db6ca8
2024-01-29 07:42:36,471 [EventQueue-OpenPipelineForHealthyPipelineSafeModeRule] INFO  safemode.SCMSafeModeManager (HealthyPipelineSafeModeRule.java:process(140)) - SCM in safe mode. Healthy pipelines reported count is 0, required healthy pipeline reported count is 1
2024-01-29 07:42:36,471 [1256e137-4a60-4c2e-839e-27e972a873fc-groupManagement] INFO  server.RaftServerConfigKeys (ConfUtils.java:logGet(46)) - raft.server.log.segment.size.max = 67108864 (custom)
2024-01-29 07:42:36,472 [1256e137-4a60-4c2e-839e-27e972a873fc-groupManagement] INFO  server.RaftServerConfigKeys (ConfUtils.java:logGet(46)) - raft.server.log.segment.cache.num.max = 2 (custom)
2024-01-29 07:42:36,472 [1256e137-4a60-4c2e-839e-27e972a873fc-groupManagement] INFO  server.RaftServerConfigKeys (ConfUtils.java:logGet(46)) - raft.server.log.segment.cache.size.max = 200MB (=209715200) (default)
2024-01-29 07:42:36,472 [1256e137-4a60-4c2e-839e-27e972a873fc-groupManagement] INFO  server.RaftServerConfigKeys (ConfUtils.java:logGet(46)) - raft.server.log.appender.buffer.byte-limit = 8388608 (custom)
2024-01-29 07:42:36,472 [1256e137-4a60-4c2e-839e-27e972a873fc-groupManagement] INFO  util.AwaitToRun (AwaitToRun.java:start(81)) - Thread[1256e137-4a60-4c2e-839e-27e972a873fc@group-C61435DB6CA8-cacheEviction-AwaitToRun,5,main] started
2024-01-29 07:42:36,472 [1256e137-4a60-4c2e-839e-27e972a873fc-groupManagement] INFO  segmented.SegmentedRaftLogWorker (SegmentedRaftLogWorker.java:<init>(182)) - new 1256e137-4a60-4c2e-839e-27e972a873fc@group-C61435DB6CA8-SegmentedRaftLogWorker for RaftStorageImpl:Storage Directory /home/runner/work/ozone/ozone/hadoop-ozone/integration-test/target/test-dir/MiniOzoneClusterImpl-43c44e75-c492-4a39-944e-601a0ff30632/datanode-8/data/ratis/a2b308f8-2ea7-4854-bba5-c61435db6ca8
2024-01-29 07:42:36,472 [1256e137-4a60-4c2e-839e-27e972a873fc-groupManagement] INFO  server.RaftServerConfigKeys (ConfUtils.java:logGet(46)) - raft.server.log.queue.byte-limit = 4294967296 (custom)
2024-01-29 07:42:36,472 [1256e137-4a60-4c2e-839e-27e972a873fc-groupManagement] INFO  server.RaftServerConfigKeys (ConfUtils.java:logGet(46)) - raft.server.log.queue.element-limit = 1024 (custom)
2024-01-29 07:42:36,472 [1256e137-4a60-4c2e-839e-27e972a873fc-groupManagement] INFO  server.RaftServerConfigKeys (ConfUtils.java:logGet(46)) - raft.server.log.segment.size.max = 67108864 (custom)
2024-01-29 07:42:36,473 [1256e137-4a60-4c2e-839e-27e972a873fc-groupManagement] INFO  server.RaftServerConfigKeys (ConfUtils.java:logGet(46)) - raft.server.log.preallocated.size = 4194304 (custom)
2024-01-29 07:42:36,473 [1256e137-4a60-4c2e-839e-27e972a873fc-groupManagement] INFO  server.RaftServerConfigKeys (ConfUtils.java:logGet(46)) - raft.server.log.force.sync.num = 128 (default)
2024-01-29 07:42:36,473 [1256e137-4a60-4c2e-839e-27e972a873fc-groupManagement] INFO  server.RaftServerConfigKeys (ConfUtils.java:logGet(46)) - raft.server.log.statemachine.data.sync = true (default)
2024-01-29 07:42:36,473 [1256e137-4a60-4c2e-839e-27e972a873fc-groupManagement] INFO  server.RaftServerConfigKeys (ConfUtils.java:logGet(46)) - raft.server.log.statemachine.data.sync.timeout = 10s (default)
2024-01-29 07:42:36,473 [1256e137-4a60-4c2e-839e-27e972a873fc-groupManagement] INFO  server.RaftServerConfigKeys (ConfUtils.java:logGet(46)) - raft.server.log.statemachine.data.sync.timeout.retry = 0 (custom)
2024-01-29 07:42:36,473 [1256e137-4a60-4c2e-839e-27e972a873fc-groupManagement] INFO  server.RaftServerConfigKeys (ConfUtils.java:logGet(46)) - raft.server.log.write.buffer.size = 8388616 (custom)
2024-01-29 07:42:36,475 [1256e137-4a60-4c2e-839e-27e972a873fc-groupManagement] INFO  server.RaftServerConfigKeys (ConfUtils.java:logGet(46)) - raft.server.log.appender.buffer.byte-limit = 8388608 (custom)
2024-01-29 07:42:36,475 [1256e137-4a60-4c2e-839e-27e972a873fc-groupManagement] INFO  server.RaftServerConfigKeys (ConfUtils.java:logGet(46)) - raft.server.log.unsafe-flush.enabled = false (default)
2024-01-29 07:42:36,475 [1256e137-4a60-4c2e-839e-27e972a873fc-groupManagement] INFO  server.RaftServerConfigKeys (ConfUtils.java:logGet(46)) - raft.server.log.async-flush.enabled = false (default)
2024-01-29 07:42:36,475 [1256e137-4a60-4c2e-839e-27e972a873fc-groupManagement] INFO  server.RaftServerConfigKeys (ConfUtils.java:logGet(46)) - raft.server.log.statemachine.data.caching.enabled = true (custom)
2024-01-29 07:42:36,475 [1256e137-4a60-4c2e-839e-27e972a873fc-groupManagement] INFO  segmented.SegmentedRaftLogWorker (SegmentedRaftLogWorker.java:lambda$new$0(134)) - 1256e137-4a60-4c2e-839e-27e972a873fc@group-C61435DB6CA8-SegmentedRaftLogWorker: flushIndex: setUnconditionally 0 -> -1
2024-01-29 07:42:36,475 [1256e137-4a60-4c2e-839e-27e972a873fc-groupManagement] INFO  segmented.SegmentedRaftLogWorker (SegmentedRaftLogWorker.java:lambda$new$0(134)) - 1256e137-4a60-4c2e-839e-27e972a873fc@group-C61435DB6CA8-SegmentedRaftLogWorker: safeCacheEvictIndex: setUnconditionally 0 -> -1
2024-01-29 07:42:36,475 [1256e137-4a60-4c2e-839e-27e972a873fc-groupManagement] INFO  server.RaftServer$Division (RaftServerImpl.java:start(396)) - 1256e137-4a60-4c2e-839e-27e972a873fc@group-C61435DB6CA8: start as a follower, conf=-1: peers:[1256e137-4a60-4c2e-839e-27e972a873fc|10.1.0.7:15175]|listeners:[], old=null
2024-01-29 07:42:36,475 [1256e137-4a60-4c2e-839e-27e972a873fc-groupManagement] INFO  server.RaftServer$Division (RaftServerImpl.java:setRole(383)) - 1256e137-4a60-4c2e-839e-27e972a873fc@group-C61435DB6CA8: changes role from      null to FOLLOWER at term 0 for startAsFollower
2024-01-29 07:42:36,475 [1256e137-4a60-4c2e-839e-27e972a873fc-groupManagement] INFO  impl.RoleInfo (RoleInfo.java:updateAndGet(139)) - 1256e137-4a60-4c2e-839e-27e972a873fc: start 1256e137-4a60-4c2e-839e-27e972a873fc@group-C61435DB6CA8-FollowerState
2024-01-29 07:42:36,476 [1256e137-4a60-4c2e-839e-27e972a873fc-groupManagement] INFO  util.JmxRegister (JmxRegister.java:tryRegister(44)) - Successfully registered JMX Bean with object name Ratis:service=RaftServer,group=group-C61435DB6CA8,id=1256e137-4a60-4c2e-839e-27e972a873fc
2024-01-29 07:42:36,476 [1256e137-4a60-4c2e-839e-27e972a873fc-groupManagement] INFO  server.RaftServerConfigKeys (ConfUtils.java:logGet(46)) - raft.server.snapshot.trigger-when-stop.enabled = true (default)
2024-01-29 07:42:36,476 [1256e137-4a60-4c2e-839e-27e972a873fc-groupManagement] INFO  server.RaftServerConfigKeys (ConfUtils.java:logGet(46)) - raft.server.snapshot.auto.trigger.enabled = true (custom)
2024-01-29 07:42:36,476 [1256e137-4a60-4c2e-839e-27e972a873fc-groupManagement] INFO  server.RaftServerConfigKeys (ConfUtils.java:logGet(46)) - raft.server.snapshot.auto.trigger.threshold = 10000 (custom)
2024-01-29 07:42:36,476 [1256e137-4a60-4c2e-839e-27e972a873fc-groupManagement] INFO  server.RaftServerConfigKeys (ConfUtils.java:logGet(46)) - raft.server.snapshot.retention.file.num = 5 (custom)
2024-01-29 07:42:36,476 [1256e137-4a60-4c2e-839e-27e972a873fc-groupManagement] INFO  server.RaftServerConfigKeys (ConfUtils.java:logGet(46)) - raft.server.log.purge.upto.snapshot.index = false (default)
2024-01-29 07:42:36,476 [1256e137-4a60-4c2e-839e-27e972a873fc@group-C61435DB6CA8-FollowerState] INFO  server.RaftServerConfigKeys (ConfUtils.java:logFallback(53)) - raft.server.rpc.first-election.timeout.min = 5s (fallback to raft.server.rpc.timeout.min)
2024-01-29 07:42:36,476 [1256e137-4a60-4c2e-839e-27e972a873fc@group-C61435DB6CA8-FollowerState] INFO  server.RaftServerConfigKeys (ConfUtils.java:logFallback(53)) - raft.server.rpc.first-election.timeout.max = 5200ms (fallback to raft.server.rpc.timeout.max)
2024-01-29 07:42:36,477 [1256e137-4a60-4c2e-839e-27e972a873fc-PipelineCommandHandlerThread-0] INFO  ratis.XceiverServerRatis (XceiverServerRatis.java:addGroup(864)) - Created group PipelineID=a2b308f8-2ea7-4854-bba5-c61435db6ca8
2024-01-29 07:42:36,477 [1256e137-4a60-4c2e-839e-27e972a873fc-PipelineCommandHandlerThread-0] INFO  commandhandler.CreatePipelineCommandHandler (CreatePipelineCommandHandler.java:lambda$handle$2(124)) - Created Pipeline RATIS ONE PipelineID=a2b308f8-2ea7-4854-bba5-c61435db6ca8.
2024-01-29 07:42:37,464 [main] INFO  ozone.MiniOzoneClusterImpl (MiniOzoneClusterImpl.java:lambda$waitForClusterToBeReady$0(229)) - Nodes are ready. Got 9 of 9 DN Heartbeats.
2024-01-29 07:42:37,464 [main] INFO  ozone.MiniOzoneClusterImpl (MiniOzoneClusterImpl.java:lambda$waitForClusterToBeReady$0(232)) - Waiting for cluster to exit safe mode
2024-01-29 07:42:37,464 [main] INFO  ozone.MiniOzoneClusterImpl (MiniOzoneClusterImpl.java:lambda$waitForClusterToBeReady$0(234)) - SCM became leader
2024-01-29 07:42:38,464 [main] INFO  ozone.MiniOzoneClusterImpl (MiniOzoneClusterImpl.java:lambda$waitForClusterToBeReady$0(229)) - Nodes are ready. Got 9 of 9 DN Heartbeats.
2024-01-29 07:42:38,465 [main] INFO  ozone.MiniOzoneClusterImpl (MiniOzoneClusterImpl.java:lambda$waitForClusterToBeReady$0(232)) - Waiting for cluster to exit safe mode
2024-01-29 07:42:38,465 [main] INFO  ozone.MiniOzoneClusterImpl (MiniOzoneClusterImpl.java:lambda$waitForClusterToBeReady$0(234)) - SCM became leader
2024-01-29 07:42:39,465 [main] INFO  ozone.MiniOzoneClusterImpl (MiniOzoneClusterImpl.java:lambda$waitForClusterToBeReady$0(229)) - Nodes are ready. Got 9 of 9 DN Heartbeats.
2024-01-29 07:42:39,465 [main] INFO  ozone.MiniOzoneClusterImpl (MiniOzoneClusterImpl.java:lambda$waitForClusterToBeReady$0(232)) - Waiting for cluster to exit safe mode
2024-01-29 07:42:39,465 [main] INFO  ozone.MiniOzoneClusterImpl (MiniOzoneClusterImpl.java:lambda$waitForClusterToBeReady$0(234)) - SCM became leader
2024-01-29 07:42:40,466 [main] INFO  ozone.MiniOzoneClusterImpl (MiniOzoneClusterImpl.java:lambda$waitForClusterToBeReady$0(229)) - Nodes are ready. Got 9 of 9 DN Heartbeats.
2024-01-29 07:42:40,466 [main] INFO  ozone.MiniOzoneClusterImpl (MiniOzoneClusterImpl.java:lambda$waitForClusterToBeReady$0(232)) - Waiting for cluster to exit safe mode
2024-01-29 07:42:40,466 [main] INFO  ozone.MiniOzoneClusterImpl (MiniOzoneClusterImpl.java:lambda$waitForClusterToBeReady$0(234)) - SCM became leader
2024-01-29 07:42:40,550 [65bc286e-59a3-42df-af3f-c8e10564c4d1@group-FA1D7534C04C-FollowerState] INFO  impl.FollowerState (FollowerState.java:run(143)) - 65bc286e-59a3-42df-af3f-c8e10564c4d1@group-FA1D7534C04C-FollowerState: change to CANDIDATE, lastRpcElapsedTime:5028510142ns, electionTimeout:5028ms
2024-01-29 07:42:40,550 [65bc286e-59a3-42df-af3f-c8e10564c4d1@group-FA1D7534C04C-FollowerState] INFO  impl.RoleInfo (RoleInfo.java:shutdownFollowerState(110)) - 65bc286e-59a3-42df-af3f-c8e10564c4d1: shutdown 65bc286e-59a3-42df-af3f-c8e10564c4d1@group-FA1D7534C04C-FollowerState
2024-01-29 07:42:40,550 [65bc286e-59a3-42df-af3f-c8e10564c4d1@group-FA1D7534C04C-FollowerState] INFO  server.RaftServer$Division (RaftServerImpl.java:setRole(383)) - 65bc286e-59a3-42df-af3f-c8e10564c4d1@group-FA1D7534C04C: changes role from  FOLLOWER to CANDIDATE at term 0 for changeToCandidate
2024-01-29 07:42:40,550 [65bc286e-59a3-42df-af3f-c8e10564c4d1@group-FA1D7534C04C-FollowerState] INFO  server.RaftServerConfigKeys (ConfUtils.java:logGet(46)) - raft.server.leaderelection.pre-vote = true (default)
2024-01-29 07:42:40,551 [65bc286e-59a3-42df-af3f-c8e10564c4d1@group-FA1D7534C04C-FollowerState] INFO  impl.RoleInfo (RoleInfo.java:updateAndGet(139)) - 65bc286e-59a3-42df-af3f-c8e10564c4d1: start 65bc286e-59a3-42df-af3f-c8e10564c4d1@group-FA1D7534C04C-LeaderElection19
2024-01-29 07:42:40,553 [65bc286e-59a3-42df-af3f-c8e10564c4d1@group-FA1D7534C04C-LeaderElection19] INFO  impl.LeaderElection (LeaderElection.java:askForVotes(321)) - 65bc286e-59a3-42df-af3f-c8e10564c4d1@group-FA1D7534C04C-LeaderElection19 PRE_VOTE round 0: submit vote requests at term 0 for -1: peers:[eea2313d-992f-4b5d-9e13-b8d80714ad2c|10.1.0.7:15112, 0ce2b046-143e-42c7-a174-539311f5349e|10.1.0.7:15121, 65bc286e-59a3-42df-af3f-c8e10564c4d1|10.1.0.7:15103]|listeners:[], old=null
2024-01-29 07:42:40,553 [65bc286e-59a3-42df-af3f-c8e10564c4d1@group-FA1D7534C04C-LeaderElection19-1] INFO  server.GrpcServerProtocolClient (GrpcServerProtocolClient.java:<init>(65)) - Build channel for eea2313d-992f-4b5d-9e13-b8d80714ad2c|10.1.0.7:15112
2024-01-29 07:42:40,553 [65bc286e-59a3-42df-af3f-c8e10564c4d1@group-FA1D7534C04C-LeaderElection19] INFO  server.RaftServerConfigKeys (ConfUtils.java:logFallback(53)) - raft.server.rpc.first-election.timeout.min = 5s (fallback to raft.server.rpc.timeout.min)
2024-01-29 07:42:40,553 [65bc286e-59a3-42df-af3f-c8e10564c4d1@group-FA1D7534C04C-LeaderElection19] INFO  server.RaftServerConfigKeys (ConfUtils.java:logFallback(53)) - raft.server.rpc.first-election.timeout.max = 5200ms (fallback to raft.server.rpc.timeout.max)
2024-01-29 07:42:40,553 [65bc286e-59a3-42df-af3f-c8e10564c4d1@group-FA1D7534C04C-LeaderElection19-2] INFO  server.GrpcServerProtocolClient (GrpcServerProtocolClient.java:<init>(65)) - Build channel for 0ce2b046-143e-42c7-a174-539311f5349e|10.1.0.7:15121
2024-01-29 07:42:40,558 [grpc-default-executor-1] INFO  server.RaftServer$Division (RaftServerImpl.java:requestVote(1389)) - eea2313d-992f-4b5d-9e13-b8d80714ad2c@group-FA1D7534C04C: receive requestVote(PRE_VOTE, 65bc286e-59a3-42df-af3f-c8e10564c4d1, group-FA1D7534C04C, 0, (t:0, i:0))
2024-01-29 07:42:40,558 [grpc-default-executor-1] INFO  impl.VoteContext (VoteContext.java:log(49)) - eea2313d-992f-4b5d-9e13-b8d80714ad2c@group-FA1D7534C04C-FOLLOWER: accept PRE_VOTE from 65bc286e-59a3-42df-af3f-c8e10564c4d1: our priority 0 <= candidate's priority 0
2024-01-29 07:42:40,559 [grpc-default-executor-1] INFO  server.RaftServer$Division (RaftServerImpl.java:requestVote(1422)) - eea2313d-992f-4b5d-9e13-b8d80714ad2c@group-FA1D7534C04C replies to PRE_VOTE vote request: 65bc286e-59a3-42df-af3f-c8e10564c4d1<-eea2313d-992f-4b5d-9e13-b8d80714ad2c#0:OK-t0. Peer's state: eea2313d-992f-4b5d-9e13-b8d80714ad2c@group-FA1D7534C04C:t0, leader=null, voted=, raftlog=Memoized:eea2313d-992f-4b5d-9e13-b8d80714ad2c@group-FA1D7534C04C-SegmentedRaftLog:OPENED:c-1, conf=-1: peers:[eea2313d-992f-4b5d-9e13-b8d80714ad2c|10.1.0.7:15112, 0ce2b046-143e-42c7-a174-539311f5349e|10.1.0.7:15121, 65bc286e-59a3-42df-af3f-c8e10564c4d1|10.1.0.7:15103]|listeners:[], old=null
2024-01-29 07:42:40,559 [grpc-default-executor-0] INFO  server.RaftServer$Division (RaftServerImpl.java:requestVote(1389)) - 0ce2b046-143e-42c7-a174-539311f5349e@group-FA1D7534C04C: receive requestVote(PRE_VOTE, 65bc286e-59a3-42df-af3f-c8e10564c4d1, group-FA1D7534C04C, 0, (t:0, i:0))
2024-01-29 07:42:40,559 [grpc-default-executor-0] INFO  impl.VoteContext (VoteContext.java:log(49)) - 0ce2b046-143e-42c7-a174-539311f5349e@group-FA1D7534C04C-FOLLOWER: reject PRE_VOTE from 65bc286e-59a3-42df-af3f-c8e10564c4d1: our priority 1 > candidate's priority 0
2024-01-29 07:42:40,559 [grpc-default-executor-0] INFO  server.RaftServer$Division (RaftServerImpl.java:requestVote(1422)) - 0ce2b046-143e-42c7-a174-539311f5349e@group-FA1D7534C04C replies to PRE_VOTE vote request: 65bc286e-59a3-42df-af3f-c8e10564c4d1<-0ce2b046-143e-42c7-a174-539311f5349e#0:FAIL-t0. Peer's state: 0ce2b046-143e-42c7-a174-539311f5349e@group-FA1D7534C04C:t0, leader=null, voted=, raftlog=Memoized:0ce2b046-143e-42c7-a174-539311f5349e@group-FA1D7534C04C-SegmentedRaftLog:OPENED:c-1, conf=-1: peers:[eea2313d-992f-4b5d-9e13-b8d80714ad2c|10.1.0.7:15112, 0ce2b046-143e-42c7-a174-539311f5349e|10.1.0.7:15121, 65bc286e-59a3-42df-af3f-c8e10564c4d1|10.1.0.7:15103]|listeners:[], old=null
2024-01-29 07:42:40,560 [65bc286e-59a3-42df-af3f-c8e10564c4d1@group-FA1D7534C04C-LeaderElection19] INFO  impl.LeaderElection (LeaderElection.java:logAndReturn(89)) - 65bc286e-59a3-42df-af3f-c8e10564c4d1@group-FA1D7534C04C-LeaderElection19: PRE_VOTE REJECTED received 2 response(s) and 0 exception(s):
2024-01-29 07:42:40,560 [65bc286e-59a3-42df-af3f-c8e10564c4d1@group-FA1D7534C04C-LeaderElection19] INFO  impl.LeaderElection (LeaderElection.java:logAndReturn(93)) -   Response 0: 65bc286e-59a3-42df-af3f-c8e10564c4d1<-eea2313d-992f-4b5d-9e13-b8d80714ad2c#0:OK-t0
2024-01-29 07:42:40,560 [65bc286e-59a3-42df-af3f-c8e10564c4d1@group-FA1D7534C04C-LeaderElection19] INFO  impl.LeaderElection (LeaderElection.java:logAndReturn(93)) -   Response 1: 65bc286e-59a3-42df-af3f-c8e10564c4d1<-0ce2b046-143e-42c7-a174-539311f5349e#0:FAIL-t0
2024-01-29 07:42:40,560 [65bc286e-59a3-42df-af3f-c8e10564c4d1@group-FA1D7534C04C-LeaderElection19] INFO  impl.LeaderElection (LeaderElection.java:askForVotes(323)) - 65bc286e-59a3-42df-af3f-c8e10564c4d1@group-FA1D7534C04C-LeaderElection19 PRE_VOTE round 0: result REJECTED
2024-01-29 07:42:40,560 [65bc286e-59a3-42df-af3f-c8e10564c4d1@group-FA1D7534C04C-LeaderElection19] INFO  server.RaftServer$Division (RaftServerImpl.java:setRole(383)) - 65bc286e-59a3-42df-af3f-c8e10564c4d1@group-FA1D7534C04C: changes role from CANDIDATE to FOLLOWER at term 0 for REJECTED
2024-01-29 07:42:40,560 [65bc286e-59a3-42df-af3f-c8e10564c4d1@group-FA1D7534C04C-LeaderElection19] INFO  impl.RoleInfo (RoleInfo.java:shutdownLeaderElection(130)) - 65bc286e-59a3-42df-af3f-c8e10564c4d1: shutdown 65bc286e-59a3-42df-af3f-c8e10564c4d1@group-FA1D7534C04C-LeaderElection19
2024-01-29 07:42:40,560 [65bc286e-59a3-42df-af3f-c8e10564c4d1@group-FA1D7534C04C-LeaderElection19] INFO  impl.RoleInfo (RoleInfo.java:updateAndGet(139)) - 65bc286e-59a3-42df-af3f-c8e10564c4d1: start 65bc286e-59a3-42df-af3f-c8e10564c4d1@group-FA1D7534C04C-FollowerState
2024-01-29 07:42:40,560 [65bc286e-59a3-42df-af3f-c8e10564c4d1@group-FA1D7534C04C-LeaderElection19] INFO  server.RaftServer$Division (RaftServerImpl.java:setFirstElection(574)) - 65bc286e-59a3-42df-af3f-c8e10564c4d1@group-FA1D7534C04C: set firstElectionSinceStartup to false for REJECTED
2024-01-29 07:42:40,607 [65bc286e-59a3-42df-af3f-c8e10564c4d1@group-DE309F5B06A8-FollowerState] INFO  impl.FollowerState (FollowerState.java:run(143)) - 65bc286e-59a3-42df-af3f-c8e10564c4d1@group-DE309F5B06A8-FollowerState: change to CANDIDATE, lastRpcElapsedTime:5098325035ns, electionTimeout:5097ms
2024-01-29 07:42:40,607 [65bc286e-59a3-42df-af3f-c8e10564c4d1@group-DE309F5B06A8-FollowerState] INFO  impl.RoleInfo (RoleInfo.java:shutdownFollowerState(110)) - 65bc286e-59a3-42df-af3f-c8e10564c4d1: shutdown 65bc286e-59a3-42df-af3f-c8e10564c4d1@group-DE309F5B06A8-FollowerState
2024-01-29 07:42:40,607 [65bc286e-59a3-42df-af3f-c8e10564c4d1@group-DE309F5B06A8-FollowerState] INFO  server.RaftServer$Division (RaftServerImpl.java:setRole(383)) - 65bc286e-59a3-42df-af3f-c8e10564c4d1@group-DE309F5B06A8: changes role from  FOLLOWER to CANDIDATE at term 0 for changeToCandidate
2024-01-29 07:42:40,607 [65bc286e-59a3-42df-af3f-c8e10564c4d1@group-DE309F5B06A8-FollowerState] INFO  server.RaftServerConfigKeys (ConfUtils.java:logGet(46)) - raft.server.leaderelection.pre-vote = true (default)
2024-01-29 07:42:40,607 [65bc286e-59a3-42df-af3f-c8e10564c4d1@group-DE309F5B06A8-FollowerState] INFO  impl.RoleInfo (RoleInfo.java:updateAndGet(139)) - 65bc286e-59a3-42df-af3f-c8e10564c4d1: start 65bc286e-59a3-42df-af3f-c8e10564c4d1@group-DE309F5B06A8-LeaderElection20
2024-01-29 07:42:40,609 [65bc286e-59a3-42df-af3f-c8e10564c4d1@group-DE309F5B06A8-LeaderElection20] INFO  impl.LeaderElection (LeaderElection.java:askForVotes(321)) - 65bc286e-59a3-42df-af3f-c8e10564c4d1@group-DE309F5B06A8-LeaderElection20 PRE_VOTE round 0: submit vote requests at term 0 for -1: peers:[65bc286e-59a3-42df-af3f-c8e10564c4d1|10.1.0.7:15103]|listeners:[], old=null
2024-01-29 07:42:40,609 [65bc286e-59a3-42df-af3f-c8e10564c4d1@group-DE309F5B06A8-LeaderElection20] INFO  impl.LeaderElection (LeaderElection.java:askForVotes(323)) - 65bc286e-59a3-42df-af3f-c8e10564c4d1@group-DE309F5B06A8-LeaderElection20 PRE_VOTE round 0: result PASSED (term=0)
2024-01-29 07:42:40,611 [65bc286e-59a3-42df-af3f-c8e10564c4d1@group-DE309F5B06A8-LeaderElection20] INFO  impl.LeaderElection (LeaderElection.java:askForVotes(321)) - 65bc286e-59a3-42df-af3f-c8e10564c4d1@group-DE309F5B06A8-LeaderElection20 ELECTION round 0: submit vote requests at term 1 for -1: peers:[65bc286e-59a3-42df-af3f-c8e10564c4d1|10.1.0.7:15103]|listeners:[], old=null
2024-01-29 07:42:40,611 [65bc286e-59a3-42df-af3f-c8e10564c4d1@group-DE309F5B06A8-LeaderElection20] INFO  impl.LeaderElection (LeaderElection.java:askForVotes(323)) - 65bc286e-59a3-42df-af3f-c8e10564c4d1@group-DE309F5B06A8-LeaderElection20 ELECTION round 0: result PASSED (term=1)
2024-01-29 07:42:40,611 [65bc286e-59a3-42df-af3f-c8e10564c4d1@group-DE309F5B06A8-LeaderElection20] INFO  impl.RoleInfo (RoleInfo.java:shutdownLeaderElection(130)) - 65bc286e-59a3-42df-af3f-c8e10564c4d1: shutdown 65bc286e-59a3-42df-af3f-c8e10564c4d1@group-DE309F5B06A8-LeaderElection20
2024-01-29 07:42:40,611 [65bc286e-59a3-42df-af3f-c8e10564c4d1@group-DE309F5B06A8-LeaderElection20] INFO  server.RaftServer$Division (RaftServerImpl.java:setRole(383)) - 65bc286e-59a3-42df-af3f-c8e10564c4d1@group-DE309F5B06A8: changes role from CANDIDATE to LEADER at term 1 for changeToLeader
2024-01-29 07:42:40,611 [65bc286e-59a3-42df-af3f-c8e10564c4d1@group-DE309F5B06A8-LeaderElection20] INFO  server.RaftServerConfigKeys (ConfUtils.java:logGet(46)) - raft.server.staging.catchup.gap = 1000 (default)
2024-01-29 07:42:40,611 [65bc286e-59a3-42df-af3f-c8e10564c4d1@group-DE309F5B06A8-LeaderElection20] INFO  server.RaftServerConfigKeys (ConfUtils.java:logGet(46)) - raft.server.write.element-limit = 1024 (custom)
2024-01-29 07:42:40,611 [65bc286e-59a3-42df-af3f-c8e10564c4d1@group-DE309F5B06A8-LeaderElection20] INFO  server.RaftServerConfigKeys (ConfUtils.java:logGet(46)) - raft.server.write.byte-limit = 1024 M (=1073741824) (custom)
2024-01-29 07:42:40,612 [65bc286e-59a3-42df-af3f-c8e10564c4d1@group-DE309F5B06A8-LeaderElection20] INFO  server.RaftServerConfigKeys (ConfUtils.java:logGet(46)) - raft.server.watch.timeout = 3000ms (custom)
2024-01-29 07:42:40,612 [65bc286e-59a3-42df-af3f-c8e10564c4d1@group-DE309F5B06A8-LeaderElection20] INFO  server.RaftServerConfigKeys (ConfUtils.java:logGet(46)) - raft.server.watch.timeout.denomination = 1s (default)
2024-01-29 07:42:40,612 [65bc286e-59a3-42df-af3f-c8e10564c4d1@group-DE309F5B06A8-LeaderElection20] INFO  server.RaftServerConfigKeys (ConfUtils.java:logGet(46)) - raft.server.watch.element-limit = 65536 (default)
2024-01-29 07:42:40,612 [65bc286e-59a3-42df-af3f-c8e10564c4d1@group-DE309F5B06A8-LeaderElection20] INFO  server.RaftServerConfigKeys (ConfUtils.java:logGet(46)) - raft.server.read.leader.lease.enabled = false (default)
2024-01-29 07:42:40,612 [65bc286e-59a3-42df-af3f-c8e10564c4d1@group-DE309F5B06A8-LeaderElection20] INFO  server.RaftServerConfigKeys (ConfUtils.java:logGet(46)) - raft.server.read.leader.lease.timeout.ratio = 0.9 (default)
2024-01-29 07:42:40,612 [65bc286e-59a3-42df-af3f-c8e10564c4d1@group-DE309F5B06A8-LeaderElection20] INFO  server.RaftServerConfigKeys (ConfUtils.java:logGet(46)) - raft.server.rpc.timeout.min = 5s (custom)
2024-01-29 07:42:40,612 [65bc286e-59a3-42df-af3f-c8e10564c4d1@group-DE309F5B06A8-LeaderElection20] INFO  server.RaftServerConfigKeys (ConfUtils.java:logGet(46)) - raft.server.write.element-limit = 1024 (custom)
2024-01-29 07:42:40,612 [65bc286e-59a3-42df-af3f-c8e10564c4d1@group-DE309F5B06A8-LeaderElection20] INFO  server.RaftServerConfigKeys (ConfUtils.java:logGet(46)) - raft.server.write.follower.gap.ratio.max = -1.0 (default)
2024-01-29 07:42:40,612 [65bc286e-59a3-42df-af3f-c8e10564c4d1@group-DE309F5B06A8-LeaderElection20] INFO  impl.RoleInfo (RoleInfo.java:updateAndGet(139)) - 65bc286e-59a3-42df-af3f-c8e10564c4d1: start 65bc286e-59a3-42df-af3f-c8e10564c4d1@group-DE309F5B06A8-LeaderStateImpl
2024-01-29 07:42:40,612 [65bc286e-59a3-42df-af3f-c8e10564c4d1@group-DE309F5B06A8-LeaderElection20] INFO  server.RaftServer$Division (RaftServerImpl.java:setFirstElection(574)) - 65bc286e-59a3-42df-af3f-c8e10564c4d1@group-DE309F5B06A8: set firstElectionSinceStartup to false for becomeLeader
2024-01-29 07:42:40,612 [65bc286e-59a3-42df-af3f-c8e10564c4d1@group-DE309F5B06A8-LeaderElection20] INFO  ratis.XceiverServerRatis (XceiverServerRatis.java:handleLeaderChangedNotification(966)) - Leader change notification received for group: group-DE309F5B06A8 with new leaderId: 65bc286e-59a3-42df-af3f-c8e10564c4d1
2024-01-29 07:42:40,612 [65bc286e-59a3-42df-af3f-c8e10564c4d1@group-DE309F5B06A8-LeaderElection20] INFO  server.RaftServer$Division (ServerState.java:setLeader(269)) - 65bc286e-59a3-42df-af3f-c8e10564c4d1@group-DE309F5B06A8: change Leader from null to 65bc286e-59a3-42df-af3f-c8e10564c4d1 at term 1 for becomeLeader, leader elected after 5119ms
2024-01-29 07:42:40,613 [65bc286e-59a3-42df-af3f-c8e10564c4d1@group-DE309F5B06A8-LeaderElection20] INFO  segmented.SegmentedRaftLogWorker (SegmentedRaftLogWorker.java:startLogSegment(430)) - 65bc286e-59a3-42df-af3f-c8e10564c4d1@group-DE309F5B06A8-SegmentedRaftLogWorker: Starting segment from index:0
2024-01-29 07:42:40,613 [65bc286e-59a3-42df-af3f-c8e10564c4d1@group-DE309F5B06A8-SegmentedRaftLogWorker] INFO  segmented.BufferedWriteChannel (BufferedWriteChannel.java:open(62)) - open log_inprogress_0 at position 0
2024-01-29 07:42:40,614 [EventQueue-OpenPipelineForHealthyPipelineSafeModeRule] INFO  safemode.SCMSafeModeManager (HealthyPipelineSafeModeRule.java:process(140)) - SCM in safe mode. Healthy pipelines reported count is 0, required healthy pipeline reported count is 1
2024-01-29 07:42:40,616 [0ce2b046-143e-42c7-a174-539311f5349e@group-FA1D7534C04C-FollowerState] INFO  impl.FollowerState (FollowerState.java:run(143)) - 0ce2b046-143e-42c7-a174-539311f5349e@group-FA1D7534C04C-FollowerState: change to CANDIDATE, lastRpcElapsedTime:5067014526ns, electionTimeout:5062ms
2024-01-29 07:42:40,616 [0ce2b046-143e-42c7-a174-539311f5349e@group-FA1D7534C04C-FollowerState] INFO  impl.RoleInfo (RoleInfo.java:shutdownFollowerState(110)) - 0ce2b046-143e-42c7-a174-539311f5349e: shutdown 0ce2b046-143e-42c7-a174-539311f5349e@group-FA1D7534C04C-FollowerState
2024-01-29 07:42:40,616 [0ce2b046-143e-42c7-a174-539311f5349e@group-FA1D7534C04C-FollowerState] INFO  server.RaftServer$Division (RaftServerImpl.java:setRole(383)) - 0ce2b046-143e-42c7-a174-539311f5349e@group-FA1D7534C04C: changes role from  FOLLOWER to CANDIDATE at term 0 for changeToCandidate
2024-01-29 07:42:40,616 [0ce2b046-143e-42c7-a174-539311f5349e@group-FA1D7534C04C-FollowerState] INFO  server.RaftServerConfigKeys (ConfUtils.java:logGet(46)) - raft.server.leaderelection.pre-vote = true (default)
2024-01-29 07:42:40,617 [65bc286e-59a3-42df-af3f-c8e10564c4d1@group-DE309F5B06A8-LeaderElection20] INFO  server.RaftServer$Division (ServerState.java:setRaftConf(386)) - 65bc286e-59a3-42df-af3f-c8e10564c4d1@group-DE309F5B06A8: set configuration 0: peers:[65bc286e-59a3-42df-af3f-c8e10564c4d1|10.1.0.7:15103]|listeners:[], old=null
2024-01-29 07:42:40,617 [0ce2b046-143e-42c7-a174-539311f5349e@group-FA1D7534C04C-FollowerState] INFO  impl.RoleInfo (RoleInfo.java:updateAndGet(139)) - 0ce2b046-143e-42c7-a174-539311f5349e: start 0ce2b046-143e-42c7-a174-539311f5349e@group-FA1D7534C04C-LeaderElection21
2024-01-29 07:42:40,617 [0ce2b046-143e-42c7-a174-539311f5349e@group-FA1D7534C04C-LeaderElection21] INFO  impl.LeaderElection (LeaderElection.java:askForVotes(321)) - 0ce2b046-143e-42c7-a174-539311f5349e@group-FA1D7534C04C-LeaderElection21 PRE_VOTE round 0: submit vote requests at term 0 for -1: peers:[eea2313d-992f-4b5d-9e13-b8d80714ad2c|10.1.0.7:15112, 0ce2b046-143e-42c7-a174-539311f5349e|10.1.0.7:15121, 65bc286e-59a3-42df-af3f-c8e10564c4d1|10.1.0.7:15103]|listeners:[], old=null
2024-01-29 07:42:40,618 [0ce2b046-143e-42c7-a174-539311f5349e@group-FA1D7534C04C-LeaderElection21-1] INFO  server.GrpcServerProtocolClient (GrpcServerProtocolClient.java:<init>(65)) - Build channel for eea2313d-992f-4b5d-9e13-b8d80714ad2c|10.1.0.7:15112
2024-01-29 07:42:40,618 [0ce2b046-143e-42c7-a174-539311f5349e@group-FA1D7534C04C-LeaderElection21-2] INFO  server.GrpcServerProtocolClient (GrpcServerProtocolClient.java:<init>(65)) - Build channel for 65bc286e-59a3-42df-af3f-c8e10564c4d1|10.1.0.7:15103
2024-01-29 07:42:40,618 [0ce2b046-143e-42c7-a174-539311f5349e@group-FA1D7534C04C-LeaderElection21] INFO  server.RaftServerConfigKeys (ConfUtils.java:logFallback(53)) - raft.server.rpc.first-election.timeout.min = 5s (fallback to raft.server.rpc.timeout.min)
2024-01-29 07:42:40,618 [0ce2b046-143e-42c7-a174-539311f5349e@group-FA1D7534C04C-LeaderElection21] INFO  server.RaftServerConfigKeys (ConfUtils.java:logFallback(53)) - raft.server.rpc.first-election.timeout.max = 5200ms (fallback to raft.server.rpc.timeout.max)
2024-01-29 07:42:40,621 [65bc286e-59a3-42df-af3f-c8e10564c4d1@group-DE309F5B06A8-SegmentedRaftLogWorker] INFO  segmented.SegmentedRaftLogWorker (SegmentedRaftLogWorker.java:execute(634)) - 65bc286e-59a3-42df-af3f-c8e10564c4d1@group-DE309F5B06A8-SegmentedRaftLogWorker: created new log segment /home/runner/work/ozone/ozone/hadoop-ozone/integration-test/target/test-dir/MiniOzoneClusterImpl-43c44e75-c492-4a39-944e-601a0ff30632/datanode-0/data/ratis/2db310db-6416-4ac7-be97-de309f5b06a8/current/log_inprogress_0
2024-01-29 07:42:40,635 [65bc286e-59a3-42df-af3f-c8e10564c4d1@group-DE309F5B06A8-StateMachineUpdater] INFO  server.RaftServer$Division (LeaderStateImpl.java:isApplied(320)) - leader is ready since appliedIndex == 0 >= startIndex == 0
2024-01-29 07:42:40,638 [grpc-default-executor-1] INFO  server.RaftServer$Division (RaftServerImpl.java:requestVote(1389)) - eea2313d-992f-4b5d-9e13-b8d80714ad2c@group-FA1D7534C04C: receive requestVote(PRE_VOTE, 0ce2b046-143e-42c7-a174-539311f5349e, group-FA1D7534C04C, 0, (t:0, i:0))
2024-01-29 07:42:40,638 [grpc-default-executor-1] INFO  impl.VoteContext (VoteContext.java:log(49)) - eea2313d-992f-4b5d-9e13-b8d80714ad2c@group-FA1D7534C04C-FOLLOWER: accept PRE_VOTE from 0ce2b046-143e-42c7-a174-539311f5349e: our priority 0 <= candidate's priority 1
2024-01-29 07:42:40,639 [grpc-default-executor-1] INFO  server.RaftServer$Division (RaftServerImpl.java:requestVote(1422)) - eea2313d-992f-4b5d-9e13-b8d80714ad2c@group-FA1D7534C04C replies to PRE_VOTE vote request: 0ce2b046-143e-42c7-a174-539311f5349e<-eea2313d-992f-4b5d-9e13-b8d80714ad2c#0:OK-t0. Peer's state: eea2313d-992f-4b5d-9e13-b8d80714ad2c@group-FA1D7534C04C:t0, leader=null, voted=, raftlog=Memoized:eea2313d-992f-4b5d-9e13-b8d80714ad2c@group-FA1D7534C04C-SegmentedRaftLog:OPENED:c-1, conf=-1: peers:[eea2313d-992f-4b5d-9e13-b8d80714ad2c|10.1.0.7:15112, 0ce2b046-143e-42c7-a174-539311f5349e|10.1.0.7:15121, 65bc286e-59a3-42df-af3f-c8e10564c4d1|10.1.0.7:15103]|listeners:[], old=null
2024-01-29 07:42:40,639 [grpc-default-executor-1] INFO  server.RaftServer$Division (RaftServerImpl.java:requestVote(1389)) - 65bc286e-59a3-42df-af3f-c8e10564c4d1@group-FA1D7534C04C: receive requestVote(PRE_VOTE, 0ce2b046-143e-42c7-a174-539311f5349e, group-FA1D7534C04C, 0, (t:0, i:0))
2024-01-29 07:42:40,639 [grpc-default-executor-1] INFO  impl.VoteContext (VoteContext.java:log(49)) - 65bc286e-59a3-42df-af3f-c8e10564c4d1@group-FA1D7534C04C-FOLLOWER: accept PRE_VOTE from 0ce2b046-143e-42c7-a174-539311f5349e: our priority 0 <= candidate's priority 1
2024-01-29 07:42:40,639 [grpc-default-executor-1] INFO  server.RaftServer$Division (RaftServerImpl.java:requestVote(1422)) - 65bc286e-59a3-42df-af3f-c8e10564c4d1@group-FA1D7534C04C replies to PRE_VOTE vote request: 0ce2b046-143e-42c7-a174-539311f5349e<-65bc286e-59a3-42df-af3f-c8e10564c4d1#0:OK-t0. Peer's state: 65bc286e-59a3-42df-af3f-c8e10564c4d1@group-FA1D7534C04C:t0, leader=null, voted=, raftlog=Memoized:65bc286e-59a3-42df-af3f-c8e10564c4d1@group-FA1D7534C04C-SegmentedRaftLog:OPENED:c-1, conf=-1: peers:[eea2313d-992f-4b5d-9e13-b8d80714ad2c|10.1.0.7:15112, 0ce2b046-143e-42c7-a174-539311f5349e|10.1.0.7:15121, 65bc286e-59a3-42df-af3f-c8e10564c4d1|10.1.0.7:15103]|listeners:[], old=null
2024-01-29 07:42:40,640 [0ce2b046-143e-42c7-a174-539311f5349e@group-FA1D7534C04C-LeaderElection21] INFO  impl.LeaderElection (LeaderElection.java:logAndReturn(89)) - 0ce2b046-143e-42c7-a174-539311f5349e@group-FA1D7534C04C-LeaderElection21: PRE_VOTE PASSED received 1 response(s) and 0 exception(s):
2024-01-29 07:42:40,640 [0ce2b046-143e-42c7-a174-539311f5349e@group-FA1D7534C04C-LeaderElection21] INFO  impl.LeaderElection (LeaderElection.java:logAndReturn(93)) -   Response 0: 0ce2b046-143e-42c7-a174-539311f5349e<-eea2313d-992f-4b5d-9e13-b8d80714ad2c#0:OK-t0
2024-01-29 07:42:40,640 [0ce2b046-143e-42c7-a174-539311f5349e@group-FA1D7534C04C-LeaderElection21] INFO  impl.LeaderElection (LeaderElection.java:askForVotes(323)) - 0ce2b046-143e-42c7-a174-539311f5349e@group-FA1D7534C04C-LeaderElection21 PRE_VOTE round 0: result PASSED
2024-01-29 07:42:40,641 [0ce2b046-143e-42c7-a174-539311f5349e@group-FA1D7534C04C-LeaderElection21] INFO  impl.LeaderElection (LeaderElection.java:askForVotes(321)) - 0ce2b046-143e-42c7-a174-539311f5349e@group-FA1D7534C04C-LeaderElection21 ELECTION round 0: submit vote requests at term 1 for -1: peers:[eea2313d-992f-4b5d-9e13-b8d80714ad2c|10.1.0.7:15112, 0ce2b046-143e-42c7-a174-539311f5349e|10.1.0.7:15121, 65bc286e-59a3-42df-af3f-c8e10564c4d1|10.1.0.7:15103]|listeners:[], old=null
2024-01-29 07:42:40,642 [0ce2b046-143e-42c7-a174-539311f5349e@group-FA1D7534C04C-LeaderElection21] INFO  server.RaftServerConfigKeys (ConfUtils.java:logFallback(53)) - raft.server.rpc.first-election.timeout.min = 5s (fallback to raft.server.rpc.timeout.min)
2024-01-29 07:42:40,642 [0ce2b046-143e-42c7-a174-539311f5349e@group-FA1D7534C04C-LeaderElection21] INFO  server.RaftServerConfigKeys (ConfUtils.java:logFallback(53)) - raft.server.rpc.first-election.timeout.max = 5200ms (fallback to raft.server.rpc.timeout.max)
2024-01-29 07:42:40,642 [grpc-default-executor-1] INFO  server.RaftServer$Division (RaftServerImpl.java:requestVote(1389)) - eea2313d-992f-4b5d-9e13-b8d80714ad2c@group-FA1D7534C04C: receive requestVote(ELECTION, 0ce2b046-143e-42c7-a174-539311f5349e, group-FA1D7534C04C, 1, (t:0, i:0))
2024-01-29 07:42:40,643 [grpc-default-executor-1] INFO  impl.VoteContext (VoteContext.java:log(49)) - eea2313d-992f-4b5d-9e13-b8d80714ad2c@group-FA1D7534C04C-FOLLOWER: accept ELECTION from 0ce2b046-143e-42c7-a174-539311f5349e: our priority 0 <= candidate's priority 1
2024-01-29 07:42:40,643 [grpc-default-executor-1] INFO  server.RaftServer$Division (RaftServerImpl.java:setRole(383)) - eea2313d-992f-4b5d-9e13-b8d80714ad2c@group-FA1D7534C04C: changes role from  FOLLOWER to FOLLOWER at term 1 for candidate:0ce2b046-143e-42c7-a174-539311f5349e
2024-01-29 07:42:40,643 [grpc-default-executor-0] INFO  server.RaftServer$Division (RaftServerImpl.java:requestVote(1389)) - 65bc286e-59a3-42df-af3f-c8e10564c4d1@group-FA1D7534C04C: receive requestVote(ELECTION, 0ce2b046-143e-42c7-a174-539311f5349e, group-FA1D7534C04C, 1, (t:0, i:0))
2024-01-29 07:42:40,643 [grpc-default-executor-0] INFO  impl.VoteContext (VoteContext.java:log(49)) - 65bc286e-59a3-42df-af3f-c8e10564c4d1@group-FA1D7534C04C-FOLLOWER: accept ELECTION from 0ce2b046-143e-42c7-a174-539311f5349e: our priority 0 <= candidate's priority 1
2024-01-29 07:42:40,643 [grpc-default-executor-0] INFO  server.RaftServer$Division (RaftServerImpl.java:setRole(383)) - 65bc286e-59a3-42df-af3f-c8e10564c4d1@group-FA1D7534C04C: changes role from  FOLLOWER to FOLLOWER at term 1 for candidate:0ce2b046-143e-42c7-a174-539311f5349e
2024-01-29 07:42:40,643 [grpc-default-executor-0] INFO  impl.RoleInfo (RoleInfo.java:shutdownFollowerState(110)) - 65bc286e-59a3-42df-af3f-c8e10564c4d1: shutdown 65bc286e-59a3-42df-af3f-c8e10564c4d1@group-FA1D7534C04C-FollowerState
2024-01-29 07:42:40,643 [grpc-default-executor-0] INFO  impl.RoleInfo (RoleInfo.java:updateAndGet(139)) - 65bc286e-59a3-42df-af3f-c8e10564c4d1: start 65bc286e-59a3-42df-af3f-c8e10564c4d1@group-FA1D7534C04C-FollowerState
2024-01-29 07:42:40,643 [65bc286e-59a3-42df-af3f-c8e10564c4d1@group-FA1D7534C04C-FollowerState] INFO  impl.FollowerState (FollowerState.java:run(152)) - 65bc286e-59a3-42df-af3f-c8e10564c4d1@group-FA1D7534C04C-FollowerState was interrupted
2024-01-29 07:42:40,643 [grpc-default-executor-1] INFO  impl.RoleInfo (RoleInfo.java:shutdownFollowerState(110)) - eea2313d-992f-4b5d-9e13-b8d80714ad2c: shutdown eea2313d-992f-4b5d-9e13-b8d80714ad2c@group-FA1D7534C04C-FollowerState
2024-01-29 07:42:40,646 [grpc-default-executor-1] INFO  impl.RoleInfo (RoleInfo.java:updateAndGet(139)) - eea2313d-992f-4b5d-9e13-b8d80714ad2c: start eea2313d-992f-4b5d-9e13-b8d80714ad2c@group-FA1D7534C04C-FollowerState
2024-01-29 07:42:40,646 [eea2313d-992f-4b5d-9e13-b8d80714ad2c@group-FA1D7534C04C-FollowerState] INFO  impl.FollowerState (FollowerState.java:run(152)) - eea2313d-992f-4b5d-9e13-b8d80714ad2c@group-FA1D7534C04C-FollowerState was interrupted
2024-01-29 07:42:40,646 [grpc-default-executor-1] INFO  server.RaftServer$Division (RaftServerImpl.java:setFirstElection(574)) - eea2313d-992f-4b5d-9e13-b8d80714ad2c@group-FA1D7534C04C: set firstElectionSinceStartup to false for candidate:0ce2b046-143e-42c7-a174-539311f5349e
2024-01-29 07:42:40,647 [grpc-default-executor-1] INFO  server.RaftServer$Division (RaftServerImpl.java:requestVote(1422)) - eea2313d-992f-4b5d-9e13-b8d80714ad2c@group-FA1D7534C04C replies to ELECTION vote request: 0ce2b046-143e-42c7-a174-539311f5349e<-eea2313d-992f-4b5d-9e13-b8d80714ad2c#0:OK-t1. Peer's state: eea2313d-992f-4b5d-9e13-b8d80714ad2c@group-FA1D7534C04C:t1, leader=null, voted=0ce2b046-143e-42c7-a174-539311f5349e, raftlog=Memoized:eea2313d-992f-4b5d-9e13-b8d80714ad2c@group-FA1D7534C04C-SegmentedRaftLog:OPENED:c-1, conf=-1: peers:[eea2313d-992f-4b5d-9e13-b8d80714ad2c|10.1.0.7:15112, 0ce2b046-143e-42c7-a174-539311f5349e|10.1.0.7:15121, 65bc286e-59a3-42df-af3f-c8e10564c4d1|10.1.0.7:15103]|listeners:[], old=null
2024-01-29 07:42:40,648 [0ce2b046-143e-42c7-a174-539311f5349e@group-FA1D7534C04C-LeaderElection21] INFO  impl.LeaderElection (LeaderElection.java:logAndReturn(89)) - 0ce2b046-143e-42c7-a174-539311f5349e@group-FA1D7534C04C-LeaderElection21: ELECTION PASSED received 1 response(s) and 0 exception(s):
2024-01-29 07:42:40,648 [0ce2b046-143e-42c7-a174-539311f5349e@group-FA1D7534C04C-LeaderElection21] INFO  impl.LeaderElection (LeaderElection.java:logAndReturn(93)) -   Response 0: 0ce2b046-143e-42c7-a174-539311f5349e<-eea2313d-992f-4b5d-9e13-b8d80714ad2c#0:OK-t1
2024-01-29 07:42:40,648 [0ce2b046-143e-42c7-a174-539311f5349e@group-FA1D7534C04C-LeaderElection21] INFO  impl.LeaderElection (LeaderElection.java:askForVotes(323)) - 0ce2b046-143e-42c7-a174-539311f5349e@group-FA1D7534C04C-LeaderElection21 ELECTION round 0: result PASSED
2024-01-29 07:42:40,648 [0ce2b046-143e-42c7-a174-539311f5349e@group-FA1D7534C04C-LeaderElection21] INFO  impl.RoleInfo (RoleInfo.java:shutdownLeaderElection(130)) - 0ce2b046-143e-42c7-a174-539311f5349e: shutdown 0ce2b046-143e-42c7-a174-539311f5349e@group-FA1D7534C04C-LeaderElection21
2024-01-29 07:42:40,648 [0ce2b046-143e-42c7-a174-539311f5349e@group-FA1D7534C04C-LeaderElection21] INFO  server.RaftServer$Division (RaftServerImpl.java:setRole(383)) - 0ce2b046-143e-42c7-a174-539311f5349e@group-FA1D7534C04C: changes role from CANDIDATE to LEADER at term 1 for changeToLeader
2024-01-29 07:42:40,648 [0ce2b046-143e-42c7-a174-539311f5349e@group-FA1D7534C04C-LeaderElection21] INFO  server.RaftServerConfigKeys (ConfUtils.java:logGet(46)) - raft.server.staging.catchup.gap = 1000 (default)
2024-01-29 07:42:40,648 [0ce2b046-143e-42c7-a174-539311f5349e@group-FA1D7534C04C-LeaderElection21] INFO  server.RaftServerConfigKeys (ConfUtils.java:logGet(46)) - raft.server.write.element-limit = 1024 (custom)
2024-01-29 07:42:40,648 [0ce2b046-143e-42c7-a174-539311f5349e@group-FA1D7534C04C-LeaderElection21] INFO  server.RaftServerConfigKeys (ConfUtils.java:logGet(46)) - raft.server.write.byte-limit = 1024 M (=1073741824) (custom)
2024-01-29 07:42:40,649 [0ce2b046-143e-42c7-a174-539311f5349e@group-FA1D7534C04C-LeaderElection21] INFO  server.RaftServerConfigKeys (ConfUtils.java:logGet(46)) - raft.server.watch.timeout = 3000ms (custom)
2024-01-29 07:42:40,649 [grpc-default-executor-0] INFO  server.RaftServer$Division (RaftServerImpl.java:requestVote(1422)) - 65bc286e-59a3-42df-af3f-c8e10564c4d1@group-FA1D7534C04C replies to ELECTION vote request: 0ce2b046-143e-42c7-a174-539311f5349e<-65bc286e-59a3-42df-af3f-c8e10564c4d1#0:OK-t1. Peer's state: 65bc286e-59a3-42df-af3f-c8e10564c4d1@group-FA1D7534C04C:t1, leader=null, voted=0ce2b046-143e-42c7-a174-539311f5349e, raftlog=Memoized:65bc286e-59a3-42df-af3f-c8e10564c4d1@group-FA1D7534C04C-SegmentedRaftLog:OPENED:c-1, conf=-1: peers:[eea2313d-992f-4b5d-9e13-b8d80714ad2c|10.1.0.7:15112, 0ce2b046-143e-42c7-a174-539311f5349e|10.1.0.7:15121, 65bc286e-59a3-42df-af3f-c8e10564c4d1|10.1.0.7:15103]|listeners:[], old=null
2024-01-29 07:42:40,649 [0ce2b046-143e-42c7-a174-539311f5349e@group-FA1D7534C04C-LeaderElection21] INFO  server.RaftServerConfigKeys (ConfUtils.java:logGet(46)) - raft.server.watch.timeout.denomination = 1s (default)
2024-01-29 07:42:40,649 [0ce2b046-143e-42c7-a174-539311f5349e@group-FA1D7534C04C-LeaderElection21] INFO  server.RaftServerConfigKeys (ConfUtils.java:logGet(46)) - raft.server.watch.element-limit = 65536 (default)
2024-01-29 07:42:40,649 [0ce2b046-143e-42c7-a174-539311f5349e@group-FA1D7534C04C-LeaderElection21] INFO  server.RaftServerConfigKeys (ConfUtils.java:logGet(46)) - raft.server.read.leader.lease.enabled = false (default)
2024-01-29 07:42:40,649 [0ce2b046-143e-42c7-a174-539311f5349e@group-FA1D7534C04C-LeaderElection21] INFO  server.RaftServerConfigKeys (ConfUtils.java:logGet(46)) - raft.server.read.leader.lease.timeout.ratio = 0.9 (default)
2024-01-29 07:42:40,649 [0ce2b046-143e-42c7-a174-539311f5349e@group-FA1D7534C04C-LeaderElection21] INFO  server.RaftServerConfigKeys (ConfUtils.java:logGet(46)) - raft.server.rpc.timeout.min = 5s (custom)
2024-01-29 07:42:40,649 [0ce2b046-143e-42c7-a174-539311f5349e@group-FA1D7534C04C-LeaderElection21] INFO  server.RaftServerConfigKeys (ConfUtils.java:logGet(46)) - raft.server.write.element-limit = 1024 (custom)
2024-01-29 07:42:40,649 [0ce2b046-143e-42c7-a174-539311f5349e@group-FA1D7534C04C-LeaderElection21] INFO  server.RaftServerConfigKeys (ConfUtils.java:logGet(46)) - raft.server.write.follower.gap.ratio.max = -1.0 (default)
2024-01-29 07:42:40,650 [0ce2b046-143e-42c7-a174-539311f5349e@group-FA1D7534C04C-LeaderElection21] INFO  server.RaftServerConfigKeys (ConfUtils.java:logGet(46)) - raft.server.log.appender.snapshot.chunk.size.max = 16MB (=16777216) (default)
2024-01-29 07:42:40,650 [0ce2b046-143e-42c7-a174-539311f5349e@group-FA1D7534C04C-LeaderElection21] INFO  server.RaftServerConfigKeys (ConfUtils.java:logGet(46)) - raft.server.log.appender.buffer.byte-limit = 8388608 (custom)
2024-01-29 07:42:40,650 [0ce2b046-143e-42c7-a174-539311f5349e@group-FA1D7534C04C-LeaderElection21] INFO  server.RaftServerConfigKeys (ConfUtils.java:logGet(46)) - raft.server.log.appender.buffer.element-limit = 1 (custom)
2024-01-29 07:42:40,650 [0ce2b046-143e-42c7-a174-539311f5349e@group-FA1D7534C04C-LeaderElection21] INFO  server.RaftServerConfigKeys (ConfUtils.java:logGet(46)) - raft.server.log.appender.wait-time.min = 0ms (custom)
2024-01-29 07:42:40,650 [0ce2b046-143e-42c7-a174-539311f5349e@group-FA1D7534C04C-LeaderElection21] INFO  grpc.GrpcConfigKeys (ConfUtils.java:logGet(46)) - raft.grpc.server.leader.outstanding.appends.max = 8 (default)
2024-01-29 07:42:40,650 [0ce2b046-143e-42c7-a174-539311f5349e@group-FA1D7534C04C-LeaderElection21] INFO  server.RaftServerConfigKeys (ConfUtils.java:logGet(46)) - raft.server.rpc.request.timeout = 3000ms (default)
2024-01-29 07:42:40,650 [0ce2b046-143e-42c7-a174-539311f5349e@group-FA1D7534C04C-LeaderElection21] INFO  grpc.GrpcConfigKeys (ConfUtils.java:logGet(46)) - raft.grpc.server.install_snapshot.request.element-limit = 8 (default)
2024-01-29 07:42:40,650 [0ce2b046-143e-42c7-a174-539311f5349e@group-FA1D7534C04C-LeaderElection21] INFO  grpc.GrpcConfigKeys (ConfUtils.java:logGet(46)) - raft.grpc.server.install_snapshot.request.timeout = 3000ms (default)
2024-01-29 07:42:40,651 [0ce2b046-143e-42c7-a174-539311f5349e@group-FA1D7534C04C-LeaderElection21] INFO  grpc.GrpcConfigKeys (ConfUtils.java:logGet(46)) - raft.grpc.server.log-message.batch.duration = 5s (default)
2024-01-29 07:42:40,651 [0ce2b046-143e-42c7-a174-539311f5349e@group-FA1D7534C04C-LeaderElection21] INFO  server.RaftServerConfigKeys (ConfUtils.java:logGet(46)) - raft.server.log.appender.install.snapshot.enabled = false (custom)
2024-01-29 07:42:40,651 [0ce2b046-143e-42c7-a174-539311f5349e@group-FA1D7534C04C-LeaderElection21] INFO  grpc.GrpcConfigKeys (ConfUtils.java:logGet(46)) - raft.grpc.server.heartbeat.channel = true (default)
2024-01-29 07:42:40,652 [0ce2b046-143e-42c7-a174-539311f5349e@group-FA1D7534C04C-LeaderElection21] INFO  server.RaftServerConfigKeys (ConfUtils.java:logGet(46)) - raft.server.log.appender.snapshot.chunk.size.max = 16MB (=16777216) (default)
2024-01-29 07:42:40,652 [0ce2b046-143e-42c7-a174-539311f5349e@group-FA1D7534C04C-LeaderElection21] INFO  server.RaftServerConfigKeys (ConfUtils.java:logGet(46)) - raft.server.log.appender.buffer.byte-limit = 8388608 (custom)
2024-01-29 07:42:40,652 [0ce2b046-143e-42c7-a174-539311f5349e@group-FA1D7534C04C-LeaderElection21] INFO  server.RaftServerConfigKeys (ConfUtils.java:logGet(46)) - raft.server.log.appender.buffer.element-limit = 1 (custom)
2024-01-29 07:42:40,652 [0ce2b046-143e-42c7-a174-539311f5349e@group-FA1D7534C04C-LeaderElection21] INFO  server.RaftServerConfigKeys (ConfUtils.java:logGet(46)) - raft.server.log.appender.wait-time.min = 0ms (custom)
2024-01-29 07:42:40,652 [0ce2b046-143e-42c7-a174-539311f5349e@group-FA1D7534C04C-LeaderElection21] INFO  grpc.GrpcConfigKeys (ConfUtils.java:logGet(46)) - raft.grpc.server.leader.outstanding.appends.max = 8 (default)
2024-01-29 07:42:40,652 [0ce2b046-143e-42c7-a174-539311f5349e@group-FA1D7534C04C-LeaderElection21] INFO  server.RaftServerConfigKeys (ConfUtils.java:logGet(46)) - raft.server.rpc.request.timeout = 3000ms (default)
2024-01-29 07:42:40,652 [0ce2b046-143e-42c7-a174-539311f5349e@group-FA1D7534C04C-LeaderElection21] INFO  grpc.GrpcConfigKeys (ConfUtils.java:logGet(46)) - raft.grpc.server.install_snapshot.request.element-limit = 8 (default)
2024-01-29 07:42:40,652 [0ce2b046-143e-42c7-a174-539311f5349e@group-FA1D7534C04C-LeaderElection21] INFO  grpc.GrpcConfigKeys (ConfUtils.java:logGet(46)) - raft.grpc.server.install_snapshot.request.timeout = 3000ms (default)
2024-01-29 07:42:40,652 [0ce2b046-143e-42c7-a174-539311f5349e@group-FA1D7534C04C-LeaderElection21] INFO  grpc.GrpcConfigKeys (ConfUtils.java:logGet(46)) - raft.grpc.server.log-message.batch.duration = 5s (default)
2024-01-29 07:42:40,652 [0ce2b046-143e-42c7-a174-539311f5349e@group-FA1D7534C04C-LeaderElection21] INFO  server.RaftServerConfigKeys (ConfUtils.java:logGet(46)) - raft.server.log.appender.install.snapshot.enabled = false (custom)
2024-01-29 07:42:40,652 [0ce2b046-143e-42c7-a174-539311f5349e@group-FA1D7534C04C-LeaderElection21] INFO  grpc.GrpcConfigKeys (ConfUtils.java:logGet(46)) - raft.grpc.server.heartbeat.channel = true (default)
2024-01-29 07:42:40,653 [0ce2b046-143e-42c7-a174-539311f5349e@group-FA1D7534C04C-LeaderElection21] INFO  impl.RoleInfo (RoleInfo.java:updateAndGet(139)) - 0ce2b046-143e-42c7-a174-539311f5349e: start 0ce2b046-143e-42c7-a174-539311f5349e@group-FA1D7534C04C-LeaderStateImpl
2024-01-29 07:42:40,653 [0ce2b046-143e-42c7-a174-539311f5349e@group-FA1D7534C04C-LeaderElection21] INFO  server.RaftServer$Division (RaftServerImpl.java:setFirstElection(574)) - 0ce2b046-143e-42c7-a174-539311f5349e@group-FA1D7534C04C: set firstElectionSinceStartup to false for becomeLeader
2024-01-29 07:42:40,653 [0ce2b046-143e-42c7-a174-539311f5349e@group-FA1D7534C04C-LeaderElection21] INFO  ratis.XceiverServerRatis (XceiverServerRatis.java:handleLeaderChangedNotification(966)) - Leader change notification received for group: group-FA1D7534C04C with new leaderId: 0ce2b046-143e-42c7-a174-539311f5349e
2024-01-29 07:42:40,653 [0ce2b046-143e-42c7-a174-539311f5349e@group-FA1D7534C04C-LeaderElection21] INFO  server.RaftServer$Division (ServerState.java:setLeader(269)) - 0ce2b046-143e-42c7-a174-539311f5349e@group-FA1D7534C04C: change Leader from null to 0ce2b046-143e-42c7-a174-539311f5349e at term 1 for becomeLeader, leader elected after 5120ms
2024-01-29 07:42:40,653 [0ce2b046-143e-42c7-a174-539311f5349e@group-FA1D7534C04C-LeaderElection21] INFO  segmented.SegmentedRaftLogWorker (SegmentedRaftLogWorker.java:startLogSegment(430)) - 0ce2b046-143e-42c7-a174-539311f5349e@group-FA1D7534C04C-SegmentedRaftLogWorker: Starting segment from index:0
2024-01-29 07:42:40,654 [0ce2b046-143e-42c7-a174-539311f5349e@group-FA1D7534C04C-SegmentedRaftLogWorker] INFO  segmented.BufferedWriteChannel (BufferedWriteChannel.java:open(62)) - open log_inprogress_0 at position 0
2024-01-29 07:42:40,658 [0ce2b046-143e-42c7-a174-539311f5349e@group-FA1D7534C04C-LeaderElection21] INFO  server.RaftServer$Division (ServerState.java:setRaftConf(386)) - 0ce2b046-143e-42c7-a174-539311f5349e@group-FA1D7534C04C: set configuration 0: peers:[eea2313d-992f-4b5d-9e13-b8d80714ad2c|10.1.0.7:15112, 0ce2b046-143e-42c7-a174-539311f5349e|10.1.0.7:15121, 65bc286e-59a3-42df-af3f-c8e10564c4d1|10.1.0.7:15103]|listeners:[], old=null
2024-01-29 07:42:40,660 [EventQueue-PipelineReportForPipelineReportHandler] INFO  pipeline.PipelineReportHandler (PipelineReportHandler.java:processPipelineReport(136)) - Opened pipeline PipelineID=84966bc0-c9d3-4613-aee5-fa1d7534c04c
2024-01-29 07:42:40,660 [EventQueue-OpenPipelineForHealthyPipelineSafeModeRule] INFO  safemode.SCMSafeModeManager (HealthyPipelineSafeModeRule.java:process(140)) - SCM in safe mode. Healthy pipelines reported count is 1, required healthy pipeline reported count is 1
2024-01-29 07:42:40,660 [EventQueue-OpenPipelineForHealthyPipelineSafeModeRule] INFO  safemode.SCMSafeModeManager (SCMSafeModeManager.java:validateSafeModeExitRules(200)) - HealthyPipelineSafeModeRule rule is successfully validated
2024-01-29 07:42:40,660 [EventQueue-OpenPipelineForHealthyPipelineSafeModeRule] INFO  safemode.SCMSafeModeManager (SCMSafeModeManager.java:validateSafeModeExitRules(215)) - ScmSafeModeManager, all rules are successfully validated
2024-01-29 07:42:40,660 [EventQueue-OpenPipelineForHealthyPipelineSafeModeRule] INFO  safemode.SCMSafeModeManager (SCMSafeModeManager.java:exitSafeMode(244)) - SCM exiting safe mode.
2024-01-29 07:42:40,660 [EventQueue-OpenPipelineForHealthyPipelineSafeModeRule] INFO  ha.SCMContext (SCMContext.java:updateSafeModeStatus(230)) - Update SafeModeStatus from SafeModeStatus{safeModeStatus=true, preCheckPassed=true} to SafeModeStatus{safeModeStatus=false, preCheckPassed=true}.
2024-01-29 07:42:40,660 [EventQueue-OpenPipelineForHealthyPipelineSafeModeRule] INFO  pipeline.BackgroundPipelineCreator (BackgroundPipelineCreator.java:notifyStatusChanged(258)) - Service BackgroundPipelineCreator transitions to RUNNING.
2024-01-29 07:42:40,660 [EventQueue-OpenPipelineForHealthyPipelineSafeModeRule] INFO  BackgroundPipelineScrubber (BackgroundSCMService.java:notifyStatusChanged(82)) - Service BackgroundPipelineScrubber transitions to RUNNING.
2024-01-29 07:42:40,660 [EventQueue-OpenPipelineForHealthyPipelineSafeModeRule] INFO  ExpiredContainerReplicaOpScrubber (BackgroundSCMService.java:notifyStatusChanged(82)) - Service ExpiredContainerReplicaOpScrubber transitions to RUNNING.
2024-01-29 07:42:40,660 [EventQueue-OpenPipelineForHealthyPipelineSafeModeRule] INFO  block.SCMBlockDeletingService (SCMBlockDeletingService.java:notifyStatusChanged(247)) - notifyStatusChanged:RUNNING
2024-01-29 07:42:40,660 [EventQueue-OpenPipelineForHealthyPipelineSafeModeRule] INFO  replication.ReplicationManager (ReplicationManager.java:notifyStatusChanged(1401)) - Service ReplicationManager transitions to RUNNING.
2024-01-29 07:42:40,661 [EventQueue-OpenPipelineForHealthyPipelineSafeModeRule] WARN  balancer.ContainerBalancer (ContainerBalancer.java:shouldRun(134)) - Could not find persisted configuration for ContainerBalancer when checking if ContainerBalancer should run. ContainerBalancer should not run now.
2024-01-29 07:42:40,662 [0ce2b046-143e-42c7-a174-539311f5349e@group-FA1D7534C04C-SegmentedRaftLogWorker] INFO  segmented.SegmentedRaftLogWorker (SegmentedRaftLogWorker.java:execute(634)) - 0ce2b046-143e-42c7-a174-539311f5349e@group-FA1D7534C04C-SegmentedRaftLogWorker: created new log segment /home/runner/work/ozone/ozone/hadoop-ozone/integration-test/target/test-dir/MiniOzoneClusterImpl-43c44e75-c492-4a39-944e-601a0ff30632/datanode-2/data/ratis/84966bc0-c9d3-4613-aee5-fa1d7534c04c/current/log_inprogress_0
2024-01-29 07:42:40,673 [65bc286e-59a3-42df-af3f-c8e10564c4d1-server-thread1] INFO  ratis.XceiverServerRatis (XceiverServerRatis.java:handleLeaderChangedNotification(966)) - Leader change notification received for group: group-FA1D7534C04C with new leaderId: 0ce2b046-143e-42c7-a174-539311f5349e
2024-01-29 07:42:40,673 [65bc286e-59a3-42df-af3f-c8e10564c4d1-server-thread1] INFO  server.RaftServer$Division (ServerState.java:setLeader(269)) - 65bc286e-59a3-42df-af3f-c8e10564c4d1@group-FA1D7534C04C: change Leader from null to 0ce2b046-143e-42c7-a174-539311f5349e at term 1 for appendEntries, leader elected after 5161ms
2024-01-29 07:42:40,694 [eea2313d-992f-4b5d-9e13-b8d80714ad2c-server-thread2] INFO  ratis.XceiverServerRatis (XceiverServerRatis.java:handleLeaderChangedNotification(966)) - Leader change notification received for group: group-FA1D7534C04C with new leaderId: 0ce2b046-143e-42c7-a174-539311f5349e
2024-01-29 07:42:40,694 [eea2313d-992f-4b5d-9e13-b8d80714ad2c-server-thread2] INFO  server.RaftServer$Division (ServerState.java:setLeader(269)) - eea2313d-992f-4b5d-9e13-b8d80714ad2c@group-FA1D7534C04C: change Leader from null to 0ce2b046-143e-42c7-a174-539311f5349e at term 1 for appendEntries, leader elected after 5119ms
2024-01-29 07:42:40,694 [65bc286e-59a3-42df-af3f-c8e10564c4d1-server-thread1] INFO  server.RaftServer$Division (ServerState.java:setRaftConf(386)) - 65bc286e-59a3-42df-af3f-c8e10564c4d1@group-FA1D7534C04C: set configuration 0: peers:[eea2313d-992f-4b5d-9e13-b8d80714ad2c|10.1.0.7:15112, 0ce2b046-143e-42c7-a174-539311f5349e|10.1.0.7:15121, 65bc286e-59a3-42df-af3f-c8e10564c4d1|10.1.0.7:15103]|listeners:[], old=null
2024-01-29 07:42:40,694 [65bc286e-59a3-42df-af3f-c8e10564c4d1-server-thread1] INFO  segmented.SegmentedRaftLogWorker (SegmentedRaftLogWorker.java:startLogSegment(430)) - 65bc286e-59a3-42df-af3f-c8e10564c4d1@group-FA1D7534C04C-SegmentedRaftLogWorker: Starting segment from index:0
2024-01-29 07:42:40,694 [65bc286e-59a3-42df-af3f-c8e10564c4d1@group-FA1D7534C04C-SegmentedRaftLogWorker] INFO  segmented.BufferedWriteChannel (BufferedWriteChannel.java:open(62)) - open log_inprogress_0 at position 0
2024-01-29 07:42:40,698 [eea2313d-992f-4b5d-9e13-b8d80714ad2c-server-thread2] INFO  server.RaftServer$Division (ServerState.java:setRaftConf(386)) - eea2313d-992f-4b5d-9e13-b8d80714ad2c@group-FA1D7534C04C: set configuration 0: peers:[eea2313d-992f-4b5d-9e13-b8d80714ad2c|10.1.0.7:15112, 0ce2b046-143e-42c7-a174-539311f5349e|10.1.0.7:15121, 65bc286e-59a3-42df-af3f-c8e10564c4d1|10.1.0.7:15103]|listeners:[], old=null
2024-01-29 07:42:40,699 [eea2313d-992f-4b5d-9e13-b8d80714ad2c-server-thread2] INFO  segmented.SegmentedRaftLogWorker (SegmentedRaftLogWorker.java:startLogSegment(430)) - eea2313d-992f-4b5d-9e13-b8d80714ad2c@group-FA1D7534C04C-SegmentedRaftLogWorker: Starting segment from index:0
2024-01-29 07:42:40,699 [eea2313d-992f-4b5d-9e13-b8d80714ad2c@group-FA1D7534C04C-SegmentedRaftLogWorker] INFO  segmented.BufferedWriteChannel (BufferedWriteChannel.java:open(62)) - open log_inprogress_0 at position 0
2024-01-29 07:42:40,702 [65bc286e-59a3-42df-af3f-c8e10564c4d1@group-FA1D7534C04C-SegmentedRaftLogWorker] INFO  segmented.SegmentedRaftLogWorker (SegmentedRaftLogWorker.java:execute(634)) - 65bc286e-59a3-42df-af3f-c8e10564c4d1@group-FA1D7534C04C-SegmentedRaftLogWorker: created new log segment /home/runner/work/ozone/ozone/hadoop-ozone/integration-test/target/test-dir/MiniOzoneClusterImpl-43c44e75-c492-4a39-944e-601a0ff30632/datanode-0/data/ratis/84966bc0-c9d3-4613-aee5-fa1d7534c04c/current/log_inprogress_0
2024-01-29 07:42:40,708 [0ce2b046-143e-42c7-a174-539311f5349e@group-FA1D7534C04C-StateMachineUpdater] INFO  server.RaftServer$Division (LeaderStateImpl.java:isApplied(320)) - leader is ready since appliedIndex == 0 >= startIndex == 0
2024-01-29 07:42:40,709 [eea2313d-992f-4b5d-9e13-b8d80714ad2c@group-FA1D7534C04C-SegmentedRaftLogWorker] INFO  segmented.SegmentedRaftLogWorker (SegmentedRaftLogWorker.java:execute(634)) - eea2313d-992f-4b5d-9e13-b8d80714ad2c@group-FA1D7534C04C-SegmentedRaftLogWorker: created new log segment /home/runner/work/ozone/ozone/hadoop-ozone/integration-test/target/test-dir/MiniOzoneClusterImpl-43c44e75-c492-4a39-944e-601a0ff30632/datanode-1/data/ratis/84966bc0-c9d3-4613-aee5-fa1d7534c04c/current/log_inprogress_0
2024-01-29 07:42:40,719 [eea2313d-992f-4b5d-9e13-b8d80714ad2c@group-4AE5113352A7-FollowerState] INFO  impl.FollowerState (FollowerState.java:run(143)) - eea2313d-992f-4b5d-9e13-b8d80714ad2c@group-4AE5113352A7-FollowerState: change to CANDIDATE, lastRpcElapsedTime:5080966542ns, electionTimeout:5080ms
2024-01-29 07:42:40,719 [eea2313d-992f-4b5d-9e13-b8d80714ad2c@group-4AE5113352A7-FollowerState] INFO  impl.RoleInfo (RoleInfo.java:shutdownFollowerState(110)) - eea2313d-992f-4b5d-9e13-b8d80714ad2c: shutdown eea2313d-992f-4b5d-9e13-b8d80714ad2c@group-4AE5113352A7-FollowerState
2024-01-29 07:42:40,719 [eea2313d-992f-4b5d-9e13-b8d80714ad2c@group-4AE5113352A7-FollowerState] INFO  server.RaftServer$Division (RaftServerImpl.java:setRole(383)) - eea2313d-992f-4b5d-9e13-b8d80714ad2c@group-4AE5113352A7: changes role from  FOLLOWER to CANDIDATE at term 0 for changeToCandidate
2024-01-29 07:42:40,719 [eea2313d-992f-4b5d-9e13-b8d80714ad2c@group-4AE5113352A7-FollowerState] INFO  server.RaftServerConfigKeys (ConfUtils.java:logGet(46)) - raft.server.leaderelection.pre-vote = true (default)
2024-01-29 07:42:40,719 [eea2313d-992f-4b5d-9e13-b8d80714ad2c@group-4AE5113352A7-FollowerState] INFO  impl.RoleInfo (RoleInfo.java:updateAndGet(139)) - eea2313d-992f-4b5d-9e13-b8d80714ad2c: start eea2313d-992f-4b5d-9e13-b8d80714ad2c@group-4AE5113352A7-LeaderElection22
2024-01-29 07:42:40,721 [eea2313d-992f-4b5d-9e13-b8d80714ad2c@group-4AE5113352A7-LeaderElection22] INFO  impl.LeaderElection (LeaderElection.java:askForVotes(321)) - eea2313d-992f-4b5d-9e13-b8d80714ad2c@group-4AE5113352A7-LeaderElection22 PRE_VOTE round 0: submit vote requests at term 0 for -1: peers:[eea2313d-992f-4b5d-9e13-b8d80714ad2c|10.1.0.7:15112]|listeners:[], old=null
2024-01-29 07:42:40,722 [eea2313d-992f-4b5d-9e13-b8d80714ad2c@group-4AE5113352A7-LeaderElection22] INFO  impl.LeaderElection (LeaderElection.java:askForVotes(323)) - eea2313d-992f-4b5d-9e13-b8d80714ad2c@group-4AE5113352A7-LeaderElection22 PRE_VOTE round 0: result PASSED (term=0)
2024-01-29 07:42:40,724 [eea2313d-992f-4b5d-9e13-b8d80714ad2c@group-4AE5113352A7-LeaderElection22] INFO  impl.LeaderElection (LeaderElection.java:askForVotes(321)) - eea2313d-992f-4b5d-9e13-b8d80714ad2c@group-4AE5113352A7-LeaderElection22 ELECTION round 0: submit vote requests at term 1 for -1: peers:[eea2313d-992f-4b5d-9e13-b8d80714ad2c|10.1.0.7:15112]|listeners:[], old=null
2024-01-29 07:42:40,724 [eea2313d-992f-4b5d-9e13-b8d80714ad2c@group-4AE5113352A7-LeaderElection22] INFO  impl.LeaderElection (LeaderElection.java:askForVotes(323)) - eea2313d-992f-4b5d-9e13-b8d80714ad2c@group-4AE5113352A7-LeaderElection22 ELECTION round 0: result PASSED (term=1)
2024-01-29 07:42:40,724 [eea2313d-992f-4b5d-9e13-b8d80714ad2c@group-4AE5113352A7-LeaderElection22] INFO  impl.RoleInfo (RoleInfo.java:shutdownLeaderElection(130)) - eea2313d-992f-4b5d-9e13-b8d80714ad2c: shutdown eea2313d-992f-4b5d-9e13-b8d80714ad2c@group-4AE5113352A7-LeaderElection22
2024-01-29 07:42:40,725 [eea2313d-992f-4b5d-9e13-b8d80714ad2c@group-4AE5113352A7-LeaderElection22] INFO  server.RaftServer$Division (RaftServerImpl.java:setRole(383)) - eea2313d-992f-4b5d-9e13-b8d80714ad2c@group-4AE5113352A7: changes role from CANDIDATE to LEADER at term 1 for changeToLeader
2024-01-29 07:42:40,725 [eea2313d-992f-4b5d-9e13-b8d80714ad2c@group-4AE5113352A7-LeaderElection22] INFO  server.RaftServerConfigKeys (ConfUtils.java:logGet(46)) - raft.server.staging.catchup.gap = 1000 (default)
2024-01-29 07:42:40,725 [eea2313d-992f-4b5d-9e13-b8d80714ad2c@group-4AE5113352A7-LeaderElection22] INFO  server.RaftServerConfigKeys (ConfUtils.java:logGet(46)) - raft.server.write.element-limit = 1024 (custom)
2024-01-29 07:42:40,725 [eea2313d-992f-4b5d-9e13-b8d80714ad2c@group-4AE5113352A7-LeaderElection22] INFO  server.RaftServerConfigKeys (ConfUtils.java:logGet(46)) - raft.server.write.byte-limit = 1024 M (=1073741824) (custom)
2024-01-29 07:42:40,725 [eea2313d-992f-4b5d-9e13-b8d80714ad2c@group-4AE5113352A7-LeaderElection22] INFO  server.RaftServerConfigKeys (ConfUtils.java:logGet(46)) - raft.server.watch.timeout = 3000ms (custom)
2024-01-29 07:42:40,725 [eea2313d-992f-4b5d-9e13-b8d80714ad2c@group-4AE5113352A7-LeaderElection22] INFO  server.RaftServerConfigKeys (ConfUtils.java:logGet(46)) - raft.server.watch.timeout.denomination = 1s (default)
2024-01-29 07:42:40,725 [eea2313d-992f-4b5d-9e13-b8d80714ad2c@group-4AE5113352A7-LeaderElection22] INFO  server.RaftServerConfigKeys (ConfUtils.java:logGet(46)) - raft.server.watch.element-limit = 65536 (default)
2024-01-29 07:42:40,726 [eea2313d-992f-4b5d-9e13-b8d80714ad2c@group-4AE5113352A7-LeaderElection22] INFO  server.RaftServerConfigKeys (ConfUtils.java:logGet(46)) - raft.server.read.leader.lease.enabled = false (default)
2024-01-29 07:42:40,726 [eea2313d-992f-4b5d-9e13-b8d80714ad2c@group-4AE5113352A7-LeaderElection22] INFO  server.RaftServerConfigKeys (ConfUtils.java:logGet(46)) - raft.server.read.leader.lease.timeout.ratio = 0.9 (default)
2024-01-29 07:42:40,726 [eea2313d-992f-4b5d-9e13-b8d80714ad2c@group-4AE5113352A7-LeaderElection22] INFO  server.RaftServerConfigKeys (ConfUtils.java:logGet(46)) - raft.server.rpc.timeout.min = 5s (custom)
2024-01-29 07:42:40,726 [eea2313d-992f-4b5d-9e13-b8d80714ad2c@group-4AE5113352A7-LeaderElection22] INFO  server.RaftServerConfigKeys (ConfUtils.java:logGet(46)) - raft.server.write.element-limit = 1024 (custom)
2024-01-29 07:42:40,726 [eea2313d-992f-4b5d-9e13-b8d80714ad2c@group-4AE5113352A7-LeaderElection22] INFO  server.RaftServerConfigKeys (ConfUtils.java:logGet(46)) - raft.server.write.follower.gap.ratio.max = -1.0 (default)
2024-01-29 07:42:40,726 [eea2313d-992f-4b5d-9e13-b8d80714ad2c@group-4AE5113352A7-LeaderElection22] INFO  impl.RoleInfo (RoleInfo.java:updateAndGet(139)) - eea2313d-992f-4b5d-9e13-b8d80714ad2c: start eea2313d-992f-4b5d-9e13-b8d80714ad2c@group-4AE5113352A7-LeaderStateImpl
2024-01-29 07:42:40,726 [eea2313d-992f-4b5d-9e13-b8d80714ad2c@group-4AE5113352A7-LeaderElection22] INFO  server.RaftServer$Division (RaftServerImpl.java:setFirstElection(574)) - eea2313d-992f-4b5d-9e13-b8d80714ad2c@group-4AE5113352A7: set firstElectionSinceStartup to false for becomeLeader
2024-01-29 07:42:40,726 [eea2313d-992f-4b5d-9e13-b8d80714ad2c@group-4AE5113352A7-LeaderElection22] INFO  ratis.XceiverServerRatis (XceiverServerRatis.java:handleLeaderChangedNotification(966)) - Leader change notification received for group: group-4AE5113352A7 with new leaderId: eea2313d-992f-4b5d-9e13-b8d80714ad2c
2024-01-29 07:42:40,726 [eea2313d-992f-4b5d-9e13-b8d80714ad2c@group-4AE5113352A7-LeaderElection22] INFO  server.RaftServer$Division (ServerState.java:setLeader(269)) - eea2313d-992f-4b5d-9e13-b8d80714ad2c@group-4AE5113352A7: change Leader from null to eea2313d-992f-4b5d-9e13-b8d80714ad2c at term 1 for becomeLeader, leader elected after 5104ms
2024-01-29 07:42:40,726 [eea2313d-992f-4b5d-9e13-b8d80714ad2c@group-4AE5113352A7-LeaderElection22] INFO  segmented.SegmentedRaftLogWorker (SegmentedRaftLogWorker.java:startLogSegment(430)) - eea2313d-992f-4b5d-9e13-b8d80714ad2c@group-4AE5113352A7-SegmentedRaftLogWorker: Starting segment from index:0
2024-01-29 07:42:40,728 [eea2313d-992f-4b5d-9e13-b8d80714ad2c@group-4AE5113352A7-SegmentedRaftLogWorker] INFO  segmented.BufferedWriteChannel (BufferedWriteChannel.java:open(62)) - open log_inprogress_0 at position 0
2024-01-29 07:42:40,729 [eea2313d-992f-4b5d-9e13-b8d80714ad2c@group-4AE5113352A7-LeaderElection22] INFO  server.RaftServer$Division (ServerState.java:setRaftConf(386)) - eea2313d-992f-4b5d-9e13-b8d80714ad2c@group-4AE5113352A7: set configuration 0: peers:[eea2313d-992f-4b5d-9e13-b8d80714ad2c|10.1.0.7:15112]|listeners:[], old=null
2024-01-29 07:42:40,736 [eea2313d-992f-4b5d-9e13-b8d80714ad2c@group-4AE5113352A7-SegmentedRaftLogWorker] INFO  segmented.SegmentedRaftLogWorker (SegmentedRaftLogWorker.java:execute(634)) - eea2313d-992f-4b5d-9e13-b8d80714ad2c@group-4AE5113352A7-SegmentedRaftLogWorker: created new log segment /home/runner/work/ozone/ozone/hadoop-ozone/integration-test/target/test-dir/MiniOzoneClusterImpl-43c44e75-c492-4a39-944e-601a0ff30632/datanode-1/data/ratis/daa11740-1b98-4787-b47f-4ae5113352a7/current/log_inprogress_0
2024-01-29 07:42:40,738 [eea2313d-992f-4b5d-9e13-b8d80714ad2c@group-4AE5113352A7-StateMachineUpdater] INFO  server.RaftServer$Division (LeaderStateImpl.java:isApplied(320)) - leader is ready since appliedIndex == 0 >= startIndex == 0
2024-01-29 07:42:40,922 [0ce2b046-143e-42c7-a174-539311f5349e@group-7CEF0C69C9BF-FollowerState] INFO  impl.FollowerState (FollowerState.java:run(143)) - 0ce2b046-143e-42c7-a174-539311f5349e@group-7CEF0C69C9BF-FollowerState: change to CANDIDATE, lastRpcElapsedTime:5160425395ns, electionTimeout:5160ms
2024-01-29 07:42:40,922 [0ce2b046-143e-42c7-a174-539311f5349e@group-7CEF0C69C9BF-FollowerState] INFO  impl.RoleInfo (RoleInfo.java:shutdownFollowerState(110)) - 0ce2b046-143e-42c7-a174-539311f5349e: shutdown 0ce2b046-143e-42c7-a174-539311f5349e@group-7CEF0C69C9BF-FollowerState
2024-01-29 07:42:40,922 [0ce2b046-143e-42c7-a174-539311f5349e@group-7CEF0C69C9BF-FollowerState] INFO  server.RaftServer$Division (RaftServerImpl.java:setRole(383)) - 0ce2b046-143e-42c7-a174-539311f5349e@group-7CEF0C69C9BF: changes role from  FOLLOWER to CANDIDATE at term 0 for changeToCandidate
2024-01-29 07:42:40,922 [0ce2b046-143e-42c7-a174-539311f5349e@group-7CEF0C69C9BF-FollowerState] INFO  server.RaftServerConfigKeys (ConfUtils.java:logGet(46)) - raft.server.leaderelection.pre-vote = true (default)
2024-01-29 07:42:40,922 [0ce2b046-143e-42c7-a174-539311f5349e@group-7CEF0C69C9BF-FollowerState] INFO  impl.RoleInfo (RoleInfo.java:updateAndGet(139)) - 0ce2b046-143e-42c7-a174-539311f5349e: start 0ce2b046-143e-42c7-a174-539311f5349e@group-7CEF0C69C9BF-LeaderElection23
2024-01-29 07:42:40,925 [0ce2b046-143e-42c7-a174-539311f5349e@group-7CEF0C69C9BF-LeaderElection23] INFO  impl.LeaderElection (LeaderElection.java:askForVotes(321)) - 0ce2b046-143e-42c7-a174-539311f5349e@group-7CEF0C69C9BF-LeaderElection23 PRE_VOTE round 0: submit vote requests at term 0 for -1: peers:[0ce2b046-143e-42c7-a174-539311f5349e|10.1.0.7:15121]|listeners:[], old=null
2024-01-29 07:42:40,925 [0ce2b046-143e-42c7-a174-539311f5349e@group-7CEF0C69C9BF-LeaderElection23] INFO  impl.LeaderElection (LeaderElection.java:askForVotes(323)) - 0ce2b046-143e-42c7-a174-539311f5349e@group-7CEF0C69C9BF-LeaderElection23 PRE_VOTE round 0: result PASSED (term=0)
2024-01-29 07:42:40,926 [0ce2b046-143e-42c7-a174-539311f5349e@group-7CEF0C69C9BF-LeaderElection23] INFO  impl.LeaderElection (LeaderElection.java:askForVotes(321)) - 0ce2b046-143e-42c7-a174-539311f5349e@group-7CEF0C69C9BF-LeaderElection23 ELECTION round 0: submit vote requests at term 1 for -1: peers:[0ce2b046-143e-42c7-a174-539311f5349e|10.1.0.7:15121]|listeners:[], old=null
2024-01-29 07:42:40,926 [0ce2b046-143e-42c7-a174-539311f5349e@group-7CEF0C69C9BF-LeaderElection23] INFO  impl.LeaderElection (LeaderElection.java:askForVotes(323)) - 0ce2b046-143e-42c7-a174-539311f5349e@group-7CEF0C69C9BF-LeaderElection23 ELECTION round 0: result PASSED (term=1)
2024-01-29 07:42:40,926 [0ce2b046-143e-42c7-a174-539311f5349e@group-7CEF0C69C9BF-LeaderElection23] INFO  impl.RoleInfo (RoleInfo.java:shutdownLeaderElection(130)) - 0ce2b046-143e-42c7-a174-539311f5349e: shutdown 0ce2b046-143e-42c7-a174-539311f5349e@group-7CEF0C69C9BF-LeaderElection23
2024-01-29 07:42:40,926 [0ce2b046-143e-42c7-a174-539311f5349e@group-7CEF0C69C9BF-LeaderElection23] INFO  server.RaftServer$Division (RaftServerImpl.java:setRole(383)) - 0ce2b046-143e-42c7-a174-539311f5349e@group-7CEF0C69C9BF: changes role from CANDIDATE to LEADER at term 1 for changeToLeader
2024-01-29 07:42:40,926 [0ce2b046-143e-42c7-a174-539311f5349e@group-7CEF0C69C9BF-LeaderElection23] INFO  server.RaftServerConfigKeys (ConfUtils.java:logGet(46)) - raft.server.staging.catchup.gap = 1000 (default)
2024-01-29 07:42:40,926 [0ce2b046-143e-42c7-a174-539311f5349e@group-7CEF0C69C9BF-LeaderElection23] INFO  server.RaftServerConfigKeys (ConfUtils.java:logGet(46)) - raft.server.write.element-limit = 1024 (custom)
2024-01-29 07:42:40,926 [0ce2b046-143e-42c7-a174-539311f5349e@group-7CEF0C69C9BF-LeaderElection23] INFO  server.RaftServerConfigKeys (ConfUtils.java:logGet(46)) - raft.server.write.byte-limit = 1024 M (=1073741824) (custom)
2024-01-29 07:42:40,926 [0ce2b046-143e-42c7-a174-539311f5349e@group-7CEF0C69C9BF-LeaderElection23] INFO  server.RaftServerConfigKeys (ConfUtils.java:logGet(46)) - raft.server.watch.timeout = 3000ms (custom)
2024-01-29 07:42:40,927 [0ce2b046-143e-42c7-a174-539311f5349e@group-7CEF0C69C9BF-LeaderElection23] INFO  server.RaftServerConfigKeys (ConfUtils.java:logGet(46)) - raft.server.watch.timeout.denomination = 1s (default)
2024-01-29 07:42:40,927 [0ce2b046-143e-42c7-a174-539311f5349e@group-7CEF0C69C9BF-LeaderElection23] INFO  server.RaftServerConfigKeys (ConfUtils.java:logGet(46)) - raft.server.watch.element-limit = 65536 (default)
2024-01-29 07:42:40,927 [0ce2b046-143e-42c7-a174-539311f5349e@group-7CEF0C69C9BF-LeaderElection23] INFO  server.RaftServerConfigKeys (ConfUtils.java:logGet(46)) - raft.server.read.leader.lease.enabled = false (default)
2024-01-29 07:42:40,927 [0ce2b046-143e-42c7-a174-539311f5349e@group-7CEF0C69C9BF-LeaderElection23] INFO  server.RaftServerConfigKeys (ConfUtils.java:logGet(46)) - raft.server.read.leader.lease.timeout.ratio = 0.9 (default)
2024-01-29 07:42:40,927 [0ce2b046-143e-42c7-a174-539311f5349e@group-7CEF0C69C9BF-LeaderElection23] INFO  server.RaftServerConfigKeys (ConfUtils.java:logGet(46)) - raft.server.rpc.timeout.min = 5s (custom)
2024-01-29 07:42:40,927 [0ce2b046-143e-42c7-a174-539311f5349e@group-7CEF0C69C9BF-LeaderElection23] INFO  server.RaftServerConfigKeys (ConfUtils.java:logGet(46)) - raft.server.write.element-limit = 1024 (custom)
2024-01-29 07:42:40,927 [0ce2b046-143e-42c7-a174-539311f5349e@group-7CEF0C69C9BF-LeaderElection23] INFO  server.RaftServerConfigKeys (ConfUtils.java:logGet(46)) - raft.server.write.follower.gap.ratio.max = -1.0 (default)
2024-01-29 07:42:40,927 [0ce2b046-143e-42c7-a174-539311f5349e@group-7CEF0C69C9BF-LeaderElection23] INFO  impl.RoleInfo (RoleInfo.java:updateAndGet(139)) - 0ce2b046-143e-42c7-a174-539311f5349e: start 0ce2b046-143e-42c7-a174-539311f5349e@group-7CEF0C69C9BF-LeaderStateImpl
2024-01-29 07:42:40,927 [0ce2b046-143e-42c7-a174-539311f5349e@group-7CEF0C69C9BF-LeaderElection23] INFO  server.RaftServer$Division (RaftServerImpl.java:setFirstElection(574)) - 0ce2b046-143e-42c7-a174-539311f5349e@group-7CEF0C69C9BF: set firstElectionSinceStartup to false for becomeLeader
2024-01-29 07:42:40,927 [0ce2b046-143e-42c7-a174-539311f5349e@group-7CEF0C69C9BF-LeaderElection23] INFO  ratis.XceiverServerRatis (XceiverServerRatis.java:handleLeaderChangedNotification(966)) - Leader change notification received for group: group-7CEF0C69C9BF with new leaderId: 0ce2b046-143e-42c7-a174-539311f5349e
2024-01-29 07:42:40,927 [0ce2b046-143e-42c7-a174-539311f5349e@group-7CEF0C69C9BF-LeaderElection23] INFO  server.RaftServer$Division (ServerState.java:setLeader(269)) - 0ce2b046-143e-42c7-a174-539311f5349e@group-7CEF0C69C9BF: change Leader from null to 0ce2b046-143e-42c7-a174-539311f5349e at term 1 for becomeLeader, leader elected after 5177ms
2024-01-29 07:42:40,928 [0ce2b046-143e-42c7-a174-539311f5349e@group-7CEF0C69C9BF-LeaderElection23] INFO  segmented.SegmentedRaftLogWorker (SegmentedRaftLogWorker.java:startLogSegment(430)) - 0ce2b046-143e-42c7-a174-539311f5349e@group-7CEF0C69C9BF-SegmentedRaftLogWorker: Starting segment from index:0
2024-01-29 07:42:40,929 [0ce2b046-143e-42c7-a174-539311f5349e@group-7CEF0C69C9BF-LeaderElection23] INFO  server.RaftServer$Division (ServerState.java:setRaftConf(386)) - 0ce2b046-143e-42c7-a174-539311f5349e@group-7CEF0C69C9BF: set configuration 0: peers:[0ce2b046-143e-42c7-a174-539311f5349e|10.1.0.7:15121]|listeners:[], old=null
2024-01-29 07:42:40,929 [0ce2b046-143e-42c7-a174-539311f5349e@group-7CEF0C69C9BF-SegmentedRaftLogWorker] INFO  segmented.BufferedWriteChannel (BufferedWriteChannel.java:open(62)) - open log_inprogress_0 at position 0
2024-01-29 07:42:40,931 [f3d36f04-bccd-4be2-9dc2-ceae52659d99@group-55EB5D85A497-FollowerState] INFO  impl.FollowerState (FollowerState.java:run(143)) - f3d36f04-bccd-4be2-9dc2-ceae52659d99@group-55EB5D85A497-FollowerState: change to CANDIDATE, lastRpcElapsedTime:5005044278ns, electionTimeout:5003ms
2024-01-29 07:42:40,931 [f3d36f04-bccd-4be2-9dc2-ceae52659d99@group-55EB5D85A497-FollowerState] INFO  impl.RoleInfo (RoleInfo.java:shutdownFollowerState(110)) - f3d36f04-bccd-4be2-9dc2-ceae52659d99: shutdown f3d36f04-bccd-4be2-9dc2-ceae52659d99@group-55EB5D85A497-FollowerState
2024-01-29 07:42:40,931 [f3d36f04-bccd-4be2-9dc2-ceae52659d99@group-55EB5D85A497-FollowerState] INFO  server.RaftServer$Division (RaftServerImpl.java:setRole(383)) - f3d36f04-bccd-4be2-9dc2-ceae52659d99@group-55EB5D85A497: changes role from  FOLLOWER to CANDIDATE at term 0 for changeToCandidate
2024-01-29 07:42:40,931 [f3d36f04-bccd-4be2-9dc2-ceae52659d99@group-55EB5D85A497-FollowerState] INFO  server.RaftServerConfigKeys (ConfUtils.java:logGet(46)) - raft.server.leaderelection.pre-vote = true (default)
2024-01-29 07:42:40,931 [f3d36f04-bccd-4be2-9dc2-ceae52659d99@group-55EB5D85A497-FollowerState] INFO  impl.RoleInfo (RoleInfo.java:updateAndGet(139)) - f3d36f04-bccd-4be2-9dc2-ceae52659d99: start f3d36f04-bccd-4be2-9dc2-ceae52659d99@group-55EB5D85A497-LeaderElection24
2024-01-29 07:42:40,934 [f3d36f04-bccd-4be2-9dc2-ceae52659d99@group-55EB5D85A497-LeaderElection24] INFO  impl.LeaderElection (LeaderElection.java:askForVotes(321)) - f3d36f04-bccd-4be2-9dc2-ceae52659d99@group-55EB5D85A497-LeaderElection24 PRE_VOTE round 0: submit vote requests at term 0 for -1: peers:[f3d36f04-bccd-4be2-9dc2-ceae52659d99|10.1.0.7:15139, d4227e66-29fb-4e8c-95fa-da42bedd0d48|10.1.0.7:15130, aaaecba4-dc3a-4434-b0f1-479f09acdbc3|10.1.0.7:15148]|listeners:[], old=null
2024-01-29 07:42:40,937 [f3d36f04-bccd-4be2-9dc2-ceae52659d99@group-55EB5D85A497-LeaderElection24-1] INFO  server.GrpcServerProtocolClient (GrpcServerProtocolClient.java:<init>(65)) - Build channel for d4227e66-29fb-4e8c-95fa-da42bedd0d48|10.1.0.7:15130
2024-01-29 07:42:40,937 [f3d36f04-bccd-4be2-9dc2-ceae52659d99@group-55EB5D85A497-LeaderElection24-2] INFO  server.GrpcServerProtocolClient (GrpcServerProtocolClient.java:<init>(65)) - Build channel for aaaecba4-dc3a-4434-b0f1-479f09acdbc3|10.1.0.7:15148
2024-01-29 07:42:40,937 [f3d36f04-bccd-4be2-9dc2-ceae52659d99@group-55EB5D85A497-LeaderElection24] INFO  server.RaftServerConfigKeys (ConfUtils.java:logFallback(53)) - raft.server.rpc.first-election.timeout.min = 5s (fallback to raft.server.rpc.timeout.min)
2024-01-29 07:42:40,938 [f3d36f04-bccd-4be2-9dc2-ceae52659d99@group-55EB5D85A497-LeaderElection24] INFO  server.RaftServerConfigKeys (ConfUtils.java:logFallback(53)) - raft.server.rpc.first-election.timeout.max = 5200ms (fallback to raft.server.rpc.timeout.max)
2024-01-29 07:42:40,939 [0ce2b046-143e-42c7-a174-539311f5349e@group-7CEF0C69C9BF-SegmentedRaftLogWorker] INFO  segmented.SegmentedRaftLogWorker (SegmentedRaftLogWorker.java:execute(634)) - 0ce2b046-143e-42c7-a174-539311f5349e@group-7CEF0C69C9BF-SegmentedRaftLogWorker: created new log segment /home/runner/work/ozone/ozone/hadoop-ozone/integration-test/target/test-dir/MiniOzoneClusterImpl-43c44e75-c492-4a39-944e-601a0ff30632/datanode-2/data/ratis/c9bfcb0e-a82b-421b-92d6-7cef0c69c9bf/current/log_inprogress_0
2024-01-29 07:42:40,943 [grpc-default-executor-1] INFO  server.RaftServer$Division (RaftServerImpl.java:requestVote(1389)) - aaaecba4-dc3a-4434-b0f1-479f09acdbc3@group-55EB5D85A497: receive requestVote(PRE_VOTE, f3d36f04-bccd-4be2-9dc2-ceae52659d99, group-55EB5D85A497, 0, (t:0, i:0))
2024-01-29 07:42:40,943 [grpc-default-executor-0] INFO  server.RaftServer$Division (RaftServerImpl.java:requestVote(1389)) - d4227e66-29fb-4e8c-95fa-da42bedd0d48@group-55EB5D85A497: receive requestVote(PRE_VOTE, f3d36f04-bccd-4be2-9dc2-ceae52659d99, group-55EB5D85A497, 0, (t:0, i:0))
2024-01-29 07:42:40,943 [grpc-default-executor-0] INFO  impl.VoteContext (VoteContext.java:log(49)) - d4227e66-29fb-4e8c-95fa-da42bedd0d48@group-55EB5D85A497-FOLLOWER: accept PRE_VOTE from f3d36f04-bccd-4be2-9dc2-ceae52659d99: our priority 0 <= candidate's priority 0
2024-01-29 07:42:40,944 [grpc-default-executor-0] INFO  server.RaftServer$Division (RaftServerImpl.java:requestVote(1422)) - d4227e66-29fb-4e8c-95fa-da42bedd0d48@group-55EB5D85A497 replies to PRE_VOTE vote request: f3d36f04-bccd-4be2-9dc2-ceae52659d99<-d4227e66-29fb-4e8c-95fa-da42bedd0d48#0:OK-t0. Peer's state: d4227e66-29fb-4e8c-95fa-da42bedd0d48@group-55EB5D85A497:t0, leader=null, voted=, raftlog=Memoized:d4227e66-29fb-4e8c-95fa-da42bedd0d48@group-55EB5D85A497-SegmentedRaftLog:OPENED:c-1, conf=-1: peers:[f3d36f04-bccd-4be2-9dc2-ceae52659d99|10.1.0.7:15139, d4227e66-29fb-4e8c-95fa-da42bedd0d48|10.1.0.7:15130, aaaecba4-dc3a-4434-b0f1-479f09acdbc3|10.1.0.7:15148]|listeners:[], old=null
2024-01-29 07:42:40,944 [0ce2b046-143e-42c7-a174-539311f5349e@group-7CEF0C69C9BF-StateMachineUpdater] INFO  server.RaftServer$Division (LeaderStateImpl.java:isApplied(320)) - leader is ready since appliedIndex == 0 >= startIndex == 0
2024-01-29 07:42:40,945 [grpc-default-executor-1] INFO  impl.VoteContext (VoteContext.java:log(49)) - aaaecba4-dc3a-4434-b0f1-479f09acdbc3@group-55EB5D85A497-FOLLOWER: reject PRE_VOTE from f3d36f04-bccd-4be2-9dc2-ceae52659d99: our priority 1 > candidate's priority 0
2024-01-29 07:42:40,945 [grpc-default-executor-1] INFO  server.RaftServer$Division (RaftServerImpl.java:requestVote(1422)) - aaaecba4-dc3a-4434-b0f1-479f09acdbc3@group-55EB5D85A497 replies to PRE_VOTE vote request: f3d36f04-bccd-4be2-9dc2-ceae52659d99<-aaaecba4-dc3a-4434-b0f1-479f09acdbc3#0:FAIL-t0. Peer's state: aaaecba4-dc3a-4434-b0f1-479f09acdbc3@group-55EB5D85A497:t0, leader=null, voted=, raftlog=Memoized:aaaecba4-dc3a-4434-b0f1-479f09acdbc3@group-55EB5D85A497-SegmentedRaftLog:OPENED:c-1, conf=-1: peers:[f3d36f04-bccd-4be2-9dc2-ceae52659d99|10.1.0.7:15139, d4227e66-29fb-4e8c-95fa-da42bedd0d48|10.1.0.7:15130, aaaecba4-dc3a-4434-b0f1-479f09acdbc3|10.1.0.7:15148]|listeners:[], old=null
2024-01-29 07:42:40,946 [f3d36f04-bccd-4be2-9dc2-ceae52659d99@group-55EB5D85A497-LeaderElection24] INFO  impl.LeaderElection (LeaderElection.java:logAndReturn(89)) - f3d36f04-bccd-4be2-9dc2-ceae52659d99@group-55EB5D85A497-LeaderElection24: PRE_VOTE REJECTED received 1 response(s) and 0 exception(s):
2024-01-29 07:42:40,949 [f3d36f04-bccd-4be2-9dc2-ceae52659d99@group-55EB5D85A497-LeaderElection24] INFO  impl.LeaderElection (LeaderElection.java:logAndReturn(93)) -   Response 0: f3d36f04-bccd-4be2-9dc2-ceae52659d99<-aaaecba4-dc3a-4434-b0f1-479f09acdbc3#0:FAIL-t0
2024-01-29 07:42:40,949 [f3d36f04-bccd-4be2-9dc2-ceae52659d99@group-55EB5D85A497-LeaderElection24] INFO  impl.LeaderElection (LeaderElection.java:askForVotes(323)) - f3d36f04-bccd-4be2-9dc2-ceae52659d99@group-55EB5D85A497-LeaderElection24 PRE_VOTE round 0: result REJECTED
2024-01-29 07:42:40,949 [f3d36f04-bccd-4be2-9dc2-ceae52659d99@group-55EB5D85A497-LeaderElection24] INFO  server.RaftServer$Division (RaftServerImpl.java:setRole(383)) - f3d36f04-bccd-4be2-9dc2-ceae52659d99@group-55EB5D85A497: changes role from CANDIDATE to FOLLOWER at term 0 for REJECTED
2024-01-29 07:42:40,949 [f3d36f04-bccd-4be2-9dc2-ceae52659d99@group-55EB5D85A497-LeaderElection24] INFO  impl.RoleInfo (RoleInfo.java:shutdownLeaderElection(130)) - f3d36f04-bccd-4be2-9dc2-ceae52659d99: shutdown f3d36f04-bccd-4be2-9dc2-ceae52659d99@group-55EB5D85A497-LeaderElection24
2024-01-29 07:42:40,949 [f3d36f04-bccd-4be2-9dc2-ceae52659d99@group-55EB5D85A497-LeaderElection24] INFO  impl.RoleInfo (RoleInfo.java:updateAndGet(139)) - f3d36f04-bccd-4be2-9dc2-ceae52659d99: start f3d36f04-bccd-4be2-9dc2-ceae52659d99@group-55EB5D85A497-FollowerState
2024-01-29 07:42:40,949 [f3d36f04-bccd-4be2-9dc2-ceae52659d99@group-55EB5D85A497-LeaderElection24] INFO  server.RaftServer$Division (RaftServerImpl.java:setFirstElection(574)) - f3d36f04-bccd-4be2-9dc2-ceae52659d99@group-55EB5D85A497: set firstElectionSinceStartup to false for REJECTED
2024-01-29 07:42:41,011 [aaaecba4-dc3a-4434-b0f1-479f09acdbc3@group-55EB5D85A497-FollowerState] INFO  impl.FollowerState (FollowerState.java:run(143)) - aaaecba4-dc3a-4434-b0f1-479f09acdbc3@group-55EB5D85A497-FollowerState: change to CANDIDATE, lastRpcElapsedTime:5060577403ns, electionTimeout:5059ms
2024-01-29 07:42:41,011 [aaaecba4-dc3a-4434-b0f1-479f09acdbc3@group-55EB5D85A497-FollowerState] INFO  impl.RoleInfo (RoleInfo.java:shutdownFollowerState(110)) - aaaecba4-dc3a-4434-b0f1-479f09acdbc3: shutdown aaaecba4-dc3a-4434-b0f1-479f09acdbc3@group-55EB5D85A497-FollowerState
2024-01-29 07:42:41,011 [aaaecba4-dc3a-4434-b0f1-479f09acdbc3@group-55EB5D85A497-FollowerState] INFO  server.RaftServer$Division (RaftServerImpl.java:setRole(383)) - aaaecba4-dc3a-4434-b0f1-479f09acdbc3@group-55EB5D85A497: changes role from  FOLLOWER to CANDIDATE at term 0 for changeToCandidate
2024-01-29 07:42:41,011 [aaaecba4-dc3a-4434-b0f1-479f09acdbc3@group-55EB5D85A497-FollowerState] INFO  server.RaftServerConfigKeys (ConfUtils.java:logGet(46)) - raft.server.leaderelection.pre-vote = true (default)
2024-01-29 07:42:41,011 [aaaecba4-dc3a-4434-b0f1-479f09acdbc3@group-55EB5D85A497-FollowerState] INFO  impl.RoleInfo (RoleInfo.java:updateAndGet(139)) - aaaecba4-dc3a-4434-b0f1-479f09acdbc3: start aaaecba4-dc3a-4434-b0f1-479f09acdbc3@group-55EB5D85A497-LeaderElection25
2024-01-29 07:42:41,012 [aaaecba4-dc3a-4434-b0f1-479f09acdbc3@group-55EB5D85A497-LeaderElection25] INFO  impl.LeaderElection (LeaderElection.java:askForVotes(321)) - aaaecba4-dc3a-4434-b0f1-479f09acdbc3@group-55EB5D85A497-LeaderElection25 PRE_VOTE round 0: submit vote requests at term 0 for -1: peers:[f3d36f04-bccd-4be2-9dc2-ceae52659d99|10.1.0.7:15139, d4227e66-29fb-4e8c-95fa-da42bedd0d48|10.1.0.7:15130, aaaecba4-dc3a-4434-b0f1-479f09acdbc3|10.1.0.7:15148]|listeners:[], old=null
2024-01-29 07:42:41,013 [aaaecba4-dc3a-4434-b0f1-479f09acdbc3@group-55EB5D85A497-LeaderElection25-1] INFO  server.GrpcServerProtocolClient (GrpcServerProtocolClient.java:<init>(65)) - Build channel for f3d36f04-bccd-4be2-9dc2-ceae52659d99|10.1.0.7:15139
2024-01-29 07:42:41,013 [aaaecba4-dc3a-4434-b0f1-479f09acdbc3@group-55EB5D85A497-LeaderElection25-2] INFO  server.GrpcServerProtocolClient (GrpcServerProtocolClient.java:<init>(65)) - Build channel for d4227e66-29fb-4e8c-95fa-da42bedd0d48|10.1.0.7:15130
2024-01-29 07:42:41,013 [aaaecba4-dc3a-4434-b0f1-479f09acdbc3@group-55EB5D85A497-LeaderElection25] INFO  server.RaftServerConfigKeys (ConfUtils.java:logFallback(53)) - raft.server.rpc.first-election.timeout.min = 5s (fallback to raft.server.rpc.timeout.min)
2024-01-29 07:42:41,013 [aaaecba4-dc3a-4434-b0f1-479f09acdbc3@group-55EB5D85A497-LeaderElection25] INFO  server.RaftServerConfigKeys (ConfUtils.java:logFallback(53)) - raft.server.rpc.first-election.timeout.max = 5200ms (fallback to raft.server.rpc.timeout.max)
2024-01-29 07:42:41,018 [grpc-default-executor-1] INFO  server.RaftServer$Division (RaftServerImpl.java:requestVote(1389)) - f3d36f04-bccd-4be2-9dc2-ceae52659d99@group-55EB5D85A497: receive requestVote(PRE_VOTE, aaaecba4-dc3a-4434-b0f1-479f09acdbc3, group-55EB5D85A497, 0, (t:0, i:0))
2024-01-29 07:42:41,018 [grpc-default-executor-0] INFO  server.RaftServer$Division (RaftServerImpl.java:requestVote(1389)) - d4227e66-29fb-4e8c-95fa-da42bedd0d48@group-55EB5D85A497: receive requestVote(PRE_VOTE, aaaecba4-dc3a-4434-b0f1-479f09acdbc3, group-55EB5D85A497, 0, (t:0, i:0))
2024-01-29 07:42:41,019 [grpc-default-executor-1] INFO  impl.VoteContext (VoteContext.java:log(49)) - f3d36f04-bccd-4be2-9dc2-ceae52659d99@group-55EB5D85A497-FOLLOWER: accept PRE_VOTE from aaaecba4-dc3a-4434-b0f1-479f09acdbc3: our priority 0 <= candidate's priority 1
2024-01-29 07:42:41,019 [grpc-default-executor-0] INFO  impl.VoteContext (VoteContext.java:log(49)) - d4227e66-29fb-4e8c-95fa-da42bedd0d48@group-55EB5D85A497-FOLLOWER: accept PRE_VOTE from aaaecba4-dc3a-4434-b0f1-479f09acdbc3: our priority 0 <= candidate's priority 1
2024-01-29 07:42:41,019 [grpc-default-executor-1] INFO  server.RaftServer$Division (RaftServerImpl.java:requestVote(1422)) - f3d36f04-bccd-4be2-9dc2-ceae52659d99@group-55EB5D85A497 replies to PRE_VOTE vote request: aaaecba4-dc3a-4434-b0f1-479f09acdbc3<-f3d36f04-bccd-4be2-9dc2-ceae52659d99#0:OK-t0. Peer's state: f3d36f04-bccd-4be2-9dc2-ceae52659d99@group-55EB5D85A497:t0, leader=null, voted=, raftlog=Memoized:f3d36f04-bccd-4be2-9dc2-ceae52659d99@group-55EB5D85A497-SegmentedRaftLog:OPENED:c-1, conf=-1: peers:[f3d36f04-bccd-4be2-9dc2-ceae52659d99|10.1.0.7:15139, d4227e66-29fb-4e8c-95fa-da42bedd0d48|10.1.0.7:15130, aaaecba4-dc3a-4434-b0f1-479f09acdbc3|10.1.0.7:15148]|listeners:[], old=null
2024-01-29 07:42:41,020 [aaaecba4-dc3a-4434-b0f1-479f09acdbc3@group-55EB5D85A497-LeaderElection25] INFO  impl.LeaderElection (LeaderElection.java:logAndReturn(89)) - aaaecba4-dc3a-4434-b0f1-479f09acdbc3@group-55EB5D85A497-LeaderElection25: PRE_VOTE PASSED received 1 response(s) and 0 exception(s):
2024-01-29 07:42:41,020 [aaaecba4-dc3a-4434-b0f1-479f09acdbc3@group-55EB5D85A497-LeaderElection25] INFO  impl.LeaderElection (LeaderElection.java:logAndReturn(93)) -   Response 0: aaaecba4-dc3a-4434-b0f1-479f09acdbc3<-f3d36f04-bccd-4be2-9dc2-ceae52659d99#0:OK-t0
2024-01-29 07:42:41,020 [aaaecba4-dc3a-4434-b0f1-479f09acdbc3@group-55EB5D85A497-LeaderElection25] INFO  impl.LeaderElection (LeaderElection.java:askForVotes(323)) - aaaecba4-dc3a-4434-b0f1-479f09acdbc3@group-55EB5D85A497-LeaderElection25 PRE_VOTE round 0: result PASSED
2024-01-29 07:42:41,019 [grpc-default-executor-0] INFO  server.RaftServer$Division (RaftServerImpl.java:requestVote(1422)) - d4227e66-29fb-4e8c-95fa-da42bedd0d48@group-55EB5D85A497 replies to PRE_VOTE vote request: aaaecba4-dc3a-4434-b0f1-479f09acdbc3<-d4227e66-29fb-4e8c-95fa-da42bedd0d48#0:OK-t0. Peer's state: d4227e66-29fb-4e8c-95fa-da42bedd0d48@group-55EB5D85A497:t0, leader=null, voted=, raftlog=Memoized:d4227e66-29fb-4e8c-95fa-da42bedd0d48@group-55EB5D85A497-SegmentedRaftLog:OPENED:c-1, conf=-1: peers:[f3d36f04-bccd-4be2-9dc2-ceae52659d99|10.1.0.7:15139, d4227e66-29fb-4e8c-95fa-da42bedd0d48|10.1.0.7:15130, aaaecba4-dc3a-4434-b0f1-479f09acdbc3|10.1.0.7:15148]|listeners:[], old=null
2024-01-29 07:42:41,021 [aaaecba4-dc3a-4434-b0f1-479f09acdbc3@group-55EB5D85A497-LeaderElection25] INFO  impl.LeaderElection (LeaderElection.java:askForVotes(321)) - aaaecba4-dc3a-4434-b0f1-479f09acdbc3@group-55EB5D85A497-LeaderElection25 ELECTION round 0: submit vote requests at term 1 for -1: peers:[f3d36f04-bccd-4be2-9dc2-ceae52659d99|10.1.0.7:15139, d4227e66-29fb-4e8c-95fa-da42bedd0d48|10.1.0.7:15130, aaaecba4-dc3a-4434-b0f1-479f09acdbc3|10.1.0.7:15148]|listeners:[], old=null
2024-01-29 07:42:41,022 [aaaecba4-dc3a-4434-b0f1-479f09acdbc3@group-55EB5D85A497-LeaderElection25] INFO  server.RaftServerConfigKeys (ConfUtils.java:logFallback(53)) - raft.server.rpc.first-election.timeout.min = 5s (fallback to raft.server.rpc.timeout.min)
2024-01-29 07:42:41,022 [aaaecba4-dc3a-4434-b0f1-479f09acdbc3@group-55EB5D85A497-LeaderElection25] INFO  server.RaftServerConfigKeys (ConfUtils.java:logFallback(53)) - raft.server.rpc.first-election.timeout.max = 5200ms (fallback to raft.server.rpc.timeout.max)
2024-01-29 07:42:41,022 [grpc-default-executor-0] INFO  server.RaftServer$Division (RaftServerImpl.java:requestVote(1389)) - f3d36f04-bccd-4be2-9dc2-ceae52659d99@group-55EB5D85A497: receive requestVote(ELECTION, aaaecba4-dc3a-4434-b0f1-479f09acdbc3, group-55EB5D85A497, 1, (t:0, i:0))
2024-01-29 07:42:41,022 [grpc-default-executor-1] INFO  server.RaftServer$Division (RaftServerImpl.java:requestVote(1389)) - d4227e66-29fb-4e8c-95fa-da42bedd0d48@group-55EB5D85A497: receive requestVote(ELECTION, aaaecba4-dc3a-4434-b0f1-479f09acdbc3, group-55EB5D85A497, 1, (t:0, i:0))
2024-01-29 07:42:41,023 [grpc-default-executor-0] INFO  impl.VoteContext (VoteContext.java:log(49)) - f3d36f04-bccd-4be2-9dc2-ceae52659d99@group-55EB5D85A497-FOLLOWER: accept ELECTION from aaaecba4-dc3a-4434-b0f1-479f09acdbc3: our priority 0 <= candidate's priority 1
2024-01-29 07:42:41,023 [grpc-default-executor-0] INFO  server.RaftServer$Division (RaftServerImpl.java:setRole(383)) - f3d36f04-bccd-4be2-9dc2-ceae52659d99@group-55EB5D85A497: changes role from  FOLLOWER to FOLLOWER at term 1 for candidate:aaaecba4-dc3a-4434-b0f1-479f09acdbc3
2024-01-29 07:42:41,023 [grpc-default-executor-0] INFO  impl.RoleInfo (RoleInfo.java:shutdownFollowerState(110)) - f3d36f04-bccd-4be2-9dc2-ceae52659d99: shutdown f3d36f04-bccd-4be2-9dc2-ceae52659d99@group-55EB5D85A497-FollowerState
2024-01-29 07:42:41,023 [grpc-default-executor-0] INFO  impl.RoleInfo (RoleInfo.java:updateAndGet(139)) - f3d36f04-bccd-4be2-9dc2-ceae52659d99: start f3d36f04-bccd-4be2-9dc2-ceae52659d99@group-55EB5D85A497-FollowerState
2024-01-29 07:42:41,023 [f3d36f04-bccd-4be2-9dc2-ceae52659d99@group-55EB5D85A497-FollowerState] INFO  impl.FollowerState (FollowerState.java:run(152)) - f3d36f04-bccd-4be2-9dc2-ceae52659d99@group-55EB5D85A497-FollowerState was interrupted
2024-01-29 07:42:41,024 [grpc-default-executor-1] INFO  impl.VoteContext (VoteContext.java:log(49)) - d4227e66-29fb-4e8c-95fa-da42bedd0d48@group-55EB5D85A497-FOLLOWER: accept ELECTION from aaaecba4-dc3a-4434-b0f1-479f09acdbc3: our priority 0 <= candidate's priority 1
2024-01-29 07:42:41,025 [grpc-default-executor-1] INFO  server.RaftServer$Division (RaftServerImpl.java:setRole(383)) - d4227e66-29fb-4e8c-95fa-da42bedd0d48@group-55EB5D85A497: changes role from  FOLLOWER to FOLLOWER at term 1 for candidate:aaaecba4-dc3a-4434-b0f1-479f09acdbc3
2024-01-29 07:42:41,025 [grpc-default-executor-1] INFO  impl.RoleInfo (RoleInfo.java:shutdownFollowerState(110)) - d4227e66-29fb-4e8c-95fa-da42bedd0d48: shutdown d4227e66-29fb-4e8c-95fa-da42bedd0d48@group-55EB5D85A497-FollowerState
2024-01-29 07:42:41,025 [grpc-default-executor-1] INFO  impl.RoleInfo (RoleInfo.java:updateAndGet(139)) - d4227e66-29fb-4e8c-95fa-da42bedd0d48: start d4227e66-29fb-4e8c-95fa-da42bedd0d48@group-55EB5D85A497-FollowerState
2024-01-29 07:42:41,025 [d4227e66-29fb-4e8c-95fa-da42bedd0d48@group-55EB5D85A497-FollowerState] INFO  impl.FollowerState (FollowerState.java:run(152)) - d4227e66-29fb-4e8c-95fa-da42bedd0d48@group-55EB5D85A497-FollowerState was interrupted
2024-01-29 07:42:41,025 [grpc-default-executor-1] INFO  server.RaftServer$Division (RaftServerImpl.java:setFirstElection(574)) - d4227e66-29fb-4e8c-95fa-da42bedd0d48@group-55EB5D85A497: set firstElectionSinceStartup to false for candidate:aaaecba4-dc3a-4434-b0f1-479f09acdbc3
2024-01-29 07:42:41,026 [grpc-default-executor-0] INFO  server.RaftServer$Division (RaftServerImpl.java:requestVote(1422)) - f3d36f04-bccd-4be2-9dc2-ceae52659d99@group-55EB5D85A497 replies to ELECTION vote request: aaaecba4-dc3a-4434-b0f1-479f09acdbc3<-f3d36f04-bccd-4be2-9dc2-ceae52659d99#0:OK-t1. Peer's state: f3d36f04-bccd-4be2-9dc2-ceae52659d99@group-55EB5D85A497:t1, leader=null, voted=aaaecba4-dc3a-4434-b0f1-479f09acdbc3, raftlog=Memoized:f3d36f04-bccd-4be2-9dc2-ceae52659d99@group-55EB5D85A497-SegmentedRaftLog:OPENED:c-1, conf=-1: peers:[f3d36f04-bccd-4be2-9dc2-ceae52659d99|10.1.0.7:15139, d4227e66-29fb-4e8c-95fa-da42bedd0d48|10.1.0.7:15130, aaaecba4-dc3a-4434-b0f1-479f09acdbc3|10.1.0.7:15148]|listeners:[], old=null
2024-01-29 07:42:41,027 [grpc-default-executor-1] INFO  server.RaftServer$Division (RaftServerImpl.java:requestVote(1422)) - d4227e66-29fb-4e8c-95fa-da42bedd0d48@group-55EB5D85A497 replies to ELECTION vote request: aaaecba4-dc3a-4434-b0f1-479f09acdbc3<-d4227e66-29fb-4e8c-95fa-da42bedd0d48#0:OK-t1. Peer's state: d4227e66-29fb-4e8c-95fa-da42bedd0d48@group-55EB5D85A497:t1, leader=null, voted=aaaecba4-dc3a-4434-b0f1-479f09acdbc3, raftlog=Memoized:d4227e66-29fb-4e8c-95fa-da42bedd0d48@group-55EB5D85A497-SegmentedRaftLog:OPENED:c-1, conf=-1: peers:[f3d36f04-bccd-4be2-9dc2-ceae52659d99|10.1.0.7:15139, d4227e66-29fb-4e8c-95fa-da42bedd0d48|10.1.0.7:15130, aaaecba4-dc3a-4434-b0f1-479f09acdbc3|10.1.0.7:15148]|listeners:[], old=null
2024-01-29 07:42:41,028 [aaaecba4-dc3a-4434-b0f1-479f09acdbc3@group-55EB5D85A497-LeaderElection25] INFO  impl.LeaderElection (LeaderElection.java:logAndReturn(89)) - aaaecba4-dc3a-4434-b0f1-479f09acdbc3@group-55EB5D85A497-LeaderElection25: ELECTION PASSED received 1 response(s) and 0 exception(s):
2024-01-29 07:42:41,028 [aaaecba4-dc3a-4434-b0f1-479f09acdbc3@group-55EB5D85A497-LeaderElection25] INFO  impl.LeaderElection (LeaderElection.java:logAndReturn(93)) -   Response 0: aaaecba4-dc3a-4434-b0f1-479f09acdbc3<-f3d36f04-bccd-4be2-9dc2-ceae52659d99#0:OK-t1
2024-01-29 07:42:41,028 [aaaecba4-dc3a-4434-b0f1-479f09acdbc3@group-55EB5D85A497-LeaderElection25] INFO  impl.LeaderElection (LeaderElection.java:askForVotes(323)) - aaaecba4-dc3a-4434-b0f1-479f09acdbc3@group-55EB5D85A497-LeaderElection25 ELECTION round 0: result PASSED
2024-01-29 07:42:41,028 [aaaecba4-dc3a-4434-b0f1-479f09acdbc3@group-55EB5D85A497-LeaderElection25] INFO  impl.RoleInfo (RoleInfo.java:shutdownLeaderElection(130)) - aaaecba4-dc3a-4434-b0f1-479f09acdbc3: shutdown aaaecba4-dc3a-4434-b0f1-479f09acdbc3@group-55EB5D85A497-LeaderElection25
2024-01-29 07:42:41,028 [aaaecba4-dc3a-4434-b0f1-479f09acdbc3@group-55EB5D85A497-LeaderElection25] INFO  server.RaftServer$Division (RaftServerImpl.java:setRole(383)) - aaaecba4-dc3a-4434-b0f1-479f09acdbc3@group-55EB5D85A497: changes role from CANDIDATE to LEADER at term 1 for changeToLeader
2024-01-29 07:42:41,028 [aaaecba4-dc3a-4434-b0f1-479f09acdbc3@group-55EB5D85A497-LeaderElection25] INFO  server.RaftServerConfigKeys (ConfUtils.java:logGet(46)) - raft.server.staging.catchup.gap = 1000 (default)
2024-01-29 07:42:41,029 [aaaecba4-dc3a-4434-b0f1-479f09acdbc3@group-55EB5D85A497-LeaderElection25] INFO  server.RaftServerConfigKeys (ConfUtils.java:logGet(46)) - raft.server.write.element-limit = 1024 (custom)
2024-01-29 07:42:41,029 [aaaecba4-dc3a-4434-b0f1-479f09acdbc3@group-55EB5D85A497-LeaderElection25] INFO  server.RaftServerConfigKeys (ConfUtils.java:logGet(46)) - raft.server.write.byte-limit = 1024 M (=1073741824) (custom)
2024-01-29 07:42:41,029 [aaaecba4-dc3a-4434-b0f1-479f09acdbc3@group-55EB5D85A497-LeaderElection25] INFO  server.RaftServerConfigKeys (ConfUtils.java:logGet(46)) - raft.server.watch.timeout = 3000ms (custom)
2024-01-29 07:42:41,029 [aaaecba4-dc3a-4434-b0f1-479f09acdbc3@group-55EB5D85A497-LeaderElection25] INFO  server.RaftServerConfigKeys (ConfUtils.java:logGet(46)) - raft.server.watch.timeout.denomination = 1s (default)
2024-01-29 07:42:41,029 [aaaecba4-dc3a-4434-b0f1-479f09acdbc3@group-55EB5D85A497-LeaderElection25] INFO  server.RaftServerConfigKeys (ConfUtils.java:logGet(46)) - raft.server.watch.element-limit = 65536 (default)
2024-01-29 07:42:41,029 [aaaecba4-dc3a-4434-b0f1-479f09acdbc3@group-55EB5D85A497-LeaderElection25] INFO  server.RaftServerConfigKeys (ConfUtils.java:logGet(46)) - raft.server.read.leader.lease.enabled = false (default)
2024-01-29 07:42:41,029 [aaaecba4-dc3a-4434-b0f1-479f09acdbc3@group-55EB5D85A497-LeaderElection25] INFO  server.RaftServerConfigKeys (ConfUtils.java:logGet(46)) - raft.server.read.leader.lease.timeout.ratio = 0.9 (default)
2024-01-29 07:42:41,029 [aaaecba4-dc3a-4434-b0f1-479f09acdbc3@group-55EB5D85A497-LeaderElection25] INFO  server.RaftServerConfigKeys (ConfUtils.java:logGet(46)) - raft.server.rpc.timeout.min = 5s (custom)
2024-01-29 07:42:41,029 [aaaecba4-dc3a-4434-b0f1-479f09acdbc3@group-55EB5D85A497-LeaderElection25] INFO  server.RaftServerConfigKeys (ConfUtils.java:logGet(46)) - raft.server.write.element-limit = 1024 (custom)
2024-01-29 07:42:41,029 [aaaecba4-dc3a-4434-b0f1-479f09acdbc3@group-55EB5D85A497-LeaderElection25] INFO  server.RaftServerConfigKeys (ConfUtils.java:logGet(46)) - raft.server.write.follower.gap.ratio.max = -1.0 (default)
2024-01-29 07:42:41,030 [aaaecba4-dc3a-4434-b0f1-479f09acdbc3@group-55EB5D85A497-LeaderElection25] INFO  server.RaftServerConfigKeys (ConfUtils.java:logGet(46)) - raft.server.log.appender.snapshot.chunk.size.max = 16MB (=16777216) (default)
2024-01-29 07:42:41,030 [aaaecba4-dc3a-4434-b0f1-479f09acdbc3@group-55EB5D85A497-LeaderElection25] INFO  server.RaftServerConfigKeys (ConfUtils.java:logGet(46)) - raft.server.log.appender.buffer.byte-limit = 8388608 (custom)
2024-01-29 07:42:41,030 [aaaecba4-dc3a-4434-b0f1-479f09acdbc3@group-55EB5D85A497-LeaderElection25] INFO  server.RaftServerConfigKeys (ConfUtils.java:logGet(46)) - raft.server.log.appender.buffer.element-limit = 1 (custom)
2024-01-29 07:42:41,030 [aaaecba4-dc3a-4434-b0f1-479f09acdbc3@group-55EB5D85A497-LeaderElection25] INFO  server.RaftServerConfigKeys (ConfUtils.java:logGet(46)) - raft.server.log.appender.wait-time.min = 0ms (custom)
2024-01-29 07:42:41,030 [aaaecba4-dc3a-4434-b0f1-479f09acdbc3@group-55EB5D85A497-LeaderElection25] INFO  grpc.GrpcConfigKeys (ConfUtils.java:logGet(46)) - raft.grpc.server.leader.outstanding.appends.max = 8 (default)
2024-01-29 07:42:41,030 [aaaecba4-dc3a-4434-b0f1-479f09acdbc3@group-55EB5D85A497-LeaderElection25] INFO  server.RaftServerConfigKeys (ConfUtils.java:logGet(46)) - raft.server.rpc.request.timeout = 3000ms (default)
2024-01-29 07:42:41,030 [aaaecba4-dc3a-4434-b0f1-479f09acdbc3@group-55EB5D85A497-LeaderElection25] INFO  grpc.GrpcConfigKeys (ConfUtils.java:logGet(46)) - raft.grpc.server.install_snapshot.request.element-limit = 8 (default)
2024-01-29 07:42:41,030 [aaaecba4-dc3a-4434-b0f1-479f09acdbc3@group-55EB5D85A497-LeaderElection25] INFO  grpc.GrpcConfigKeys (ConfUtils.java:logGet(46)) - raft.grpc.server.install_snapshot.request.timeout = 3000ms (default)
2024-01-29 07:42:41,030 [aaaecba4-dc3a-4434-b0f1-479f09acdbc3@group-55EB5D85A497-LeaderElection25] INFO  grpc.GrpcConfigKeys (ConfUtils.java:logGet(46)) - raft.grpc.server.log-message.batch.duration = 5s (default)
2024-01-29 07:42:41,030 [aaaecba4-dc3a-4434-b0f1-479f09acdbc3@group-55EB5D85A497-LeaderElection25] INFO  server.RaftServerConfigKeys (ConfUtils.java:logGet(46)) - raft.server.log.appender.install.snapshot.enabled = false (custom)
2024-01-29 07:42:41,030 [aaaecba4-dc3a-4434-b0f1-479f09acdbc3@group-55EB5D85A497-LeaderElection25] INFO  grpc.GrpcConfigKeys (ConfUtils.java:logGet(46)) - raft.grpc.server.heartbeat.channel = true (default)
2024-01-29 07:42:41,031 [aaaecba4-dc3a-4434-b0f1-479f09acdbc3@group-55EB5D85A497-LeaderElection25] INFO  server.RaftServerConfigKeys (ConfUtils.java:logGet(46)) - raft.server.log.appender.snapshot.chunk.size.max = 16MB (=16777216) (default)
2024-01-29 07:42:41,031 [aaaecba4-dc3a-4434-b0f1-479f09acdbc3@group-55EB5D85A497-LeaderElection25] INFO  server.RaftServerConfigKeys (ConfUtils.java:logGet(46)) - raft.server.log.appender.buffer.byte-limit = 8388608 (custom)
2024-01-29 07:42:41,031 [aaaecba4-dc3a-4434-b0f1-479f09acdbc3@group-55EB5D85A497-LeaderElection25] INFO  server.RaftServerConfigKeys (ConfUtils.java:logGet(46)) - raft.server.log.appender.buffer.element-limit = 1 (custom)
2024-01-29 07:42:41,031 [aaaecba4-dc3a-4434-b0f1-479f09acdbc3@group-55EB5D85A497-LeaderElection25] INFO  server.RaftServerConfigKeys (ConfUtils.java:logGet(46)) - raft.server.log.appender.wait-time.min = 0ms (custom)
2024-01-29 07:42:41,031 [aaaecba4-dc3a-4434-b0f1-479f09acdbc3@group-55EB5D85A497-LeaderElection25] INFO  grpc.GrpcConfigKeys (ConfUtils.java:logGet(46)) - raft.grpc.server.leader.outstanding.appends.max = 8 (default)
2024-01-29 07:42:41,031 [aaaecba4-dc3a-4434-b0f1-479f09acdbc3@group-55EB5D85A497-LeaderElection25] INFO  server.RaftServerConfigKeys (ConfUtils.java:logGet(46)) - raft.server.rpc.request.timeout = 3000ms (default)
2024-01-29 07:42:41,031 [aaaecba4-dc3a-4434-b0f1-479f09acdbc3@group-55EB5D85A497-LeaderElection25] INFO  grpc.GrpcConfigKeys (ConfUtils.java:logGet(46)) - raft.grpc.server.install_snapshot.request.element-limit = 8 (default)
2024-01-29 07:42:41,031 [aaaecba4-dc3a-4434-b0f1-479f09acdbc3@group-55EB5D85A497-LeaderElection25] INFO  grpc.GrpcConfigKeys (ConfUtils.java:logGet(46)) - raft.grpc.server.install_snapshot.request.timeout = 3000ms (default)
2024-01-29 07:42:41,031 [aaaecba4-dc3a-4434-b0f1-479f09acdbc3@group-55EB5D85A497-LeaderElection25] INFO  grpc.GrpcConfigKeys (ConfUtils.java:logGet(46)) - raft.grpc.server.log-message.batch.duration = 5s (default)
2024-01-29 07:42:41,032 [aaaecba4-dc3a-4434-b0f1-479f09acdbc3@group-55EB5D85A497-LeaderElection25] INFO  server.RaftServerConfigKeys (ConfUtils.java:logGet(46)) - raft.server.log.appender.install.snapshot.enabled = false (custom)
2024-01-29 07:42:41,032 [aaaecba4-dc3a-4434-b0f1-479f09acdbc3@group-55EB5D85A497-LeaderElection25] INFO  grpc.GrpcConfigKeys (ConfUtils.java:logGet(46)) - raft.grpc.server.heartbeat.channel = true (default)
2024-01-29 07:42:41,032 [aaaecba4-dc3a-4434-b0f1-479f09acdbc3@group-55EB5D85A497-LeaderElection25] INFO  impl.RoleInfo (RoleInfo.java:updateAndGet(139)) - aaaecba4-dc3a-4434-b0f1-479f09acdbc3: start aaaecba4-dc3a-4434-b0f1-479f09acdbc3@group-55EB5D85A497-LeaderStateImpl
2024-01-29 07:42:41,032 [aaaecba4-dc3a-4434-b0f1-479f09acdbc3@group-55EB5D85A497-LeaderElection25] INFO  server.RaftServer$Division (RaftServerImpl.java:setFirstElection(574)) - aaaecba4-dc3a-4434-b0f1-479f09acdbc3@group-55EB5D85A497: set firstElectionSinceStartup to false for becomeLeader
2024-01-29 07:42:41,032 [aaaecba4-dc3a-4434-b0f1-479f09acdbc3@group-55EB5D85A497-LeaderElection25] INFO  ratis.XceiverServerRatis (XceiverServerRatis.java:handleLeaderChangedNotification(966)) - Leader change notification received for group: group-55EB5D85A497 with new leaderId: aaaecba4-dc3a-4434-b0f1-479f09acdbc3
2024-01-29 07:42:41,032 [aaaecba4-dc3a-4434-b0f1-479f09acdbc3@group-55EB5D85A497-LeaderElection25] INFO  server.RaftServer$Division (ServerState.java:setLeader(269)) - aaaecba4-dc3a-4434-b0f1-479f09acdbc3@group-55EB5D85A497: change Leader from null to aaaecba4-dc3a-4434-b0f1-479f09acdbc3 at term 1 for becomeLeader, leader elected after 5092ms
2024-01-29 07:42:41,032 [aaaecba4-dc3a-4434-b0f1-479f09acdbc3@group-55EB5D85A497-LeaderElection25] INFO  segmented.SegmentedRaftLogWorker (SegmentedRaftLogWorker.java:startLogSegment(430)) - aaaecba4-dc3a-4434-b0f1-479f09acdbc3@group-55EB5D85A497-SegmentedRaftLogWorker: Starting segment from index:0
2024-01-29 07:42:41,033 [aaaecba4-dc3a-4434-b0f1-479f09acdbc3@group-55EB5D85A497-LeaderElection25] INFO  server.RaftServer$Division (ServerState.java:setRaftConf(386)) - aaaecba4-dc3a-4434-b0f1-479f09acdbc3@group-55EB5D85A497: set configuration 0: peers:[f3d36f04-bccd-4be2-9dc2-ceae52659d99|10.1.0.7:15139, d4227e66-29fb-4e8c-95fa-da42bedd0d48|10.1.0.7:15130, aaaecba4-dc3a-4434-b0f1-479f09acdbc3|10.1.0.7:15148]|listeners:[], old=null
2024-01-29 07:42:41,033 [aaaecba4-dc3a-4434-b0f1-479f09acdbc3@group-55EB5D85A497-SegmentedRaftLogWorker] INFO  segmented.BufferedWriteChannel (BufferedWriteChannel.java:open(62)) - open log_inprogress_0 at position 0
2024-01-29 07:42:41,034 [d4227e66-29fb-4e8c-95fa-da42bedd0d48@group-322C76EB552B-FollowerState] INFO  impl.FollowerState (FollowerState.java:run(143)) - d4227e66-29fb-4e8c-95fa-da42bedd0d48@group-322C76EB552B-FollowerState: change to CANDIDATE, lastRpcElapsedTime:5156709096ns, electionTimeout:5154ms
2024-01-29 07:42:41,034 [d4227e66-29fb-4e8c-95fa-da42bedd0d48@group-322C76EB552B-FollowerState] INFO  impl.RoleInfo (RoleInfo.java:shutdownFollowerState(110)) - d4227e66-29fb-4e8c-95fa-da42bedd0d48: shutdown d4227e66-29fb-4e8c-95fa-da42bedd0d48@group-322C76EB552B-FollowerState
2024-01-29 07:42:41,034 [d4227e66-29fb-4e8c-95fa-da42bedd0d48@group-322C76EB552B-FollowerState] INFO  server.RaftServer$Division (RaftServerImpl.java:setRole(383)) - d4227e66-29fb-4e8c-95fa-da42bedd0d48@group-322C76EB552B: changes role from  FOLLOWER to CANDIDATE at term 0 for changeToCandidate
2024-01-29 07:42:41,037 [EventQueue-PipelineReportForPipelineReportHandler] INFO  pipeline.PipelineReportHandler (PipelineReportHandler.java:processPipelineReport(136)) - Opened pipeline PipelineID=7c817f05-8ba5-4455-bbe1-55eb5d85a497
2024-01-29 07:42:41,038 [d4227e66-29fb-4e8c-95fa-da42bedd0d48@group-322C76EB552B-FollowerState] INFO  server.RaftServerConfigKeys (ConfUtils.java:logGet(46)) - raft.server.leaderelection.pre-vote = true (default)
2024-01-29 07:42:41,038 [d4227e66-29fb-4e8c-95fa-da42bedd0d48@group-322C76EB552B-FollowerState] INFO  impl.RoleInfo (RoleInfo.java:updateAndGet(139)) - d4227e66-29fb-4e8c-95fa-da42bedd0d48: start d4227e66-29fb-4e8c-95fa-da42bedd0d48@group-322C76EB552B-LeaderElection26
2024-01-29 07:42:41,042 [d4227e66-29fb-4e8c-95fa-da42bedd0d48@group-322C76EB552B-LeaderElection26] INFO  impl.LeaderElection (LeaderElection.java:askForVotes(321)) - d4227e66-29fb-4e8c-95fa-da42bedd0d48@group-322C76EB552B-LeaderElection26 PRE_VOTE round 0: submit vote requests at term 0 for -1: peers:[d4227e66-29fb-4e8c-95fa-da42bedd0d48|10.1.0.7:15130]|listeners:[], old=null
2024-01-29 07:42:41,042 [d4227e66-29fb-4e8c-95fa-da42bedd0d48@group-322C76EB552B-LeaderElection26] INFO  impl.LeaderElection (LeaderElection.java:askForVotes(323)) - d4227e66-29fb-4e8c-95fa-da42bedd0d48@group-322C76EB552B-LeaderElection26 PRE_VOTE round 0: result PASSED (term=0)
2024-01-29 07:42:41,042 [aaaecba4-dc3a-4434-b0f1-479f09acdbc3@group-55EB5D85A497-SegmentedRaftLogWorker] INFO  segmented.SegmentedRaftLogWorker (SegmentedRaftLogWorker.java:execute(634)) - aaaecba4-dc3a-4434-b0f1-479f09acdbc3@group-55EB5D85A497-SegmentedRaftLogWorker: created new log segment /home/runner/work/ozone/ozone/hadoop-ozone/integration-test/target/test-dir/MiniOzoneClusterImpl-43c44e75-c492-4a39-944e-601a0ff30632/datanode-5/data/ratis/7c817f05-8ba5-4455-bbe1-55eb5d85a497/current/log_inprogress_0
2024-01-29 07:42:41,043 [d4227e66-29fb-4e8c-95fa-da42bedd0d48@group-322C76EB552B-LeaderElection26] INFO  impl.LeaderElection (LeaderElection.java:askForVotes(321)) - d4227e66-29fb-4e8c-95fa-da42bedd0d48@group-322C76EB552B-LeaderElection26 ELECTION round 0: submit vote requests at term 1 for -1: peers:[d4227e66-29fb-4e8c-95fa-da42bedd0d48|10.1.0.7:15130]|listeners:[], old=null
2024-01-29 07:42:41,043 [d4227e66-29fb-4e8c-95fa-da42bedd0d48@group-322C76EB552B-LeaderElection26] INFO  impl.LeaderElection (LeaderElection.java:askForVotes(323)) - d4227e66-29fb-4e8c-95fa-da42bedd0d48@group-322C76EB552B-LeaderElection26 ELECTION round 0: result PASSED (term=1)
2024-01-29 07:42:41,043 [d4227e66-29fb-4e8c-95fa-da42bedd0d48@group-322C76EB552B-LeaderElection26] INFO  impl.RoleInfo (RoleInfo.java:shutdownLeaderElection(130)) - d4227e66-29fb-4e8c-95fa-da42bedd0d48: shutdown d4227e66-29fb-4e8c-95fa-da42bedd0d48@group-322C76EB552B-LeaderElection26
2024-01-29 07:42:41,043 [d4227e66-29fb-4e8c-95fa-da42bedd0d48@group-322C76EB552B-LeaderElection26] INFO  server.RaftServer$Division (RaftServerImpl.java:setRole(383)) - d4227e66-29fb-4e8c-95fa-da42bedd0d48@group-322C76EB552B: changes role from CANDIDATE to LEADER at term 1 for changeToLeader
2024-01-29 07:42:41,043 [f3d36f04-bccd-4be2-9dc2-ceae52659d99-server-thread1] INFO  ratis.XceiverServerRatis (XceiverServerRatis.java:handleLeaderChangedNotification(966)) - Leader change notification received for group: group-55EB5D85A497 with new leaderId: aaaecba4-dc3a-4434-b0f1-479f09acdbc3
2024-01-29 07:42:41,043 [f3d36f04-bccd-4be2-9dc2-ceae52659d99-server-thread1] INFO  server.RaftServer$Division (ServerState.java:setLeader(269)) - f3d36f04-bccd-4be2-9dc2-ceae52659d99@group-55EB5D85A497: change Leader from null to aaaecba4-dc3a-4434-b0f1-479f09acdbc3 at term 1 for appendEntries, leader elected after 5134ms
2024-01-29 07:42:41,043 [d4227e66-29fb-4e8c-95fa-da42bedd0d48-server-thread1] INFO  ratis.XceiverServerRatis (XceiverServerRatis.java:handleLeaderChangedNotification(966)) - Leader change notification received for group: group-55EB5D85A497 with new leaderId: aaaecba4-dc3a-4434-b0f1-479f09acdbc3
2024-01-29 07:42:41,044 [d4227e66-29fb-4e8c-95fa-da42bedd0d48-server-thread1] INFO  server.RaftServer$Division (ServerState.java:setLeader(269)) - d4227e66-29fb-4e8c-95fa-da42bedd0d48@group-55EB5D85A497: change Leader from null to aaaecba4-dc3a-4434-b0f1-479f09acdbc3 at term 1 for appendEntries, leader elected after 5160ms
2024-01-29 07:42:41,043 [d4227e66-29fb-4e8c-95fa-da42bedd0d48@group-322C76EB552B-LeaderElection26] INFO  server.RaftServerConfigKeys (ConfUtils.java:logGet(46)) - raft.server.staging.catchup.gap = 1000 (default)
2024-01-29 07:42:41,045 [f3d36f04-bccd-4be2-9dc2-ceae52659d99-server-thread1] INFO  server.RaftServer$Division (ServerState.java:setRaftConf(386)) - f3d36f04-bccd-4be2-9dc2-ceae52659d99@group-55EB5D85A497: set configuration 0: peers:[f3d36f04-bccd-4be2-9dc2-ceae52659d99|10.1.0.7:15139, d4227e66-29fb-4e8c-95fa-da42bedd0d48|10.1.0.7:15130, aaaecba4-dc3a-4434-b0f1-479f09acdbc3|10.1.0.7:15148]|listeners:[], old=null
2024-01-29 07:42:41,045 [d4227e66-29fb-4e8c-95fa-da42bedd0d48@group-322C76EB552B-LeaderElection26] INFO  server.RaftServerConfigKeys (ConfUtils.java:logGet(46)) - raft.server.write.element-limit = 1024 (custom)
2024-01-29 07:42:41,045 [f3d36f04-bccd-4be2-9dc2-ceae52659d99-server-thread1] INFO  segmented.SegmentedRaftLogWorker (SegmentedRaftLogWorker.java:startLogSegment(430)) - f3d36f04-bccd-4be2-9dc2-ceae52659d99@group-55EB5D85A497-SegmentedRaftLogWorker: Starting segment from index:0
2024-01-29 07:42:41,045 [d4227e66-29fb-4e8c-95fa-da42bedd0d48@group-322C76EB552B-LeaderElection26] INFO  server.RaftServerConfigKeys (ConfUtils.java:logGet(46)) - raft.server.write.byte-limit = 1024 M (=1073741824) (custom)
2024-01-29 07:42:41,047 [d4227e66-29fb-4e8c-95fa-da42bedd0d48@group-322C76EB552B-LeaderElection26] INFO  server.RaftServerConfigKeys (ConfUtils.java:logGet(46)) - raft.server.watch.timeout = 3000ms (custom)
2024-01-29 07:42:41,047 [d4227e66-29fb-4e8c-95fa-da42bedd0d48@group-322C76EB552B-LeaderElection26] INFO  server.RaftServerConfigKeys (ConfUtils.java:logGet(46)) - raft.server.watch.timeout.denomination = 1s (default)
2024-01-29 07:42:41,047 [d4227e66-29fb-4e8c-95fa-da42bedd0d48@group-322C76EB552B-LeaderElection26] INFO  server.RaftServerConfigKeys (ConfUtils.java:logGet(46)) - raft.server.watch.element-limit = 65536 (default)
2024-01-29 07:42:41,047 [d4227e66-29fb-4e8c-95fa-da42bedd0d48@group-322C76EB552B-LeaderElection26] INFO  server.RaftServerConfigKeys (ConfUtils.java:logGet(46)) - raft.server.read.leader.lease.enabled = false (default)
2024-01-29 07:42:41,047 [d4227e66-29fb-4e8c-95fa-da42bedd0d48@group-322C76EB552B-LeaderElection26] INFO  server.RaftServerConfigKeys (ConfUtils.java:logGet(46)) - raft.server.read.leader.lease.timeout.ratio = 0.9 (default)
2024-01-29 07:42:41,047 [d4227e66-29fb-4e8c-95fa-da42bedd0d48@group-322C76EB552B-LeaderElection26] INFO  server.RaftServerConfigKeys (ConfUtils.java:logGet(46)) - raft.server.rpc.timeout.min = 5s (custom)
2024-01-29 07:42:41,047 [d4227e66-29fb-4e8c-95fa-da42bedd0d48@group-322C76EB552B-LeaderElection26] INFO  server.RaftServerConfigKeys (ConfUtils.java:logGet(46)) - raft.server.write.element-limit = 1024 (custom)
2024-01-29 07:42:41,047 [d4227e66-29fb-4e8c-95fa-da42bedd0d48@group-322C76EB552B-LeaderElection26] INFO  server.RaftServerConfigKeys (ConfUtils.java:logGet(46)) - raft.server.write.follower.gap.ratio.max = -1.0 (default)
2024-01-29 07:42:41,047 [d4227e66-29fb-4e8c-95fa-da42bedd0d48@group-322C76EB552B-LeaderElection26] INFO  impl.RoleInfo (RoleInfo.java:updateAndGet(139)) - d4227e66-29fb-4e8c-95fa-da42bedd0d48: start d4227e66-29fb-4e8c-95fa-da42bedd0d48@group-322C76EB552B-LeaderStateImpl
2024-01-29 07:42:41,047 [d4227e66-29fb-4e8c-95fa-da42bedd0d48@group-322C76EB552B-LeaderElection26] INFO  server.RaftServer$Division (RaftServerImpl.java:setFirstElection(574)) - d4227e66-29fb-4e8c-95fa-da42bedd0d48@group-322C76EB552B: set firstElectionSinceStartup to false for becomeLeader
2024-01-29 07:42:41,049 [d4227e66-29fb-4e8c-95fa-da42bedd0d48@group-322C76EB552B-LeaderElection26] INFO  ratis.XceiverServerRatis (XceiverServerRatis.java:handleLeaderChangedNotification(966)) - Leader change notification received for group: group-322C76EB552B with new leaderId: d4227e66-29fb-4e8c-95fa-da42bedd0d48
2024-01-29 07:42:41,049 [f3d36f04-bccd-4be2-9dc2-ceae52659d99@group-55EB5D85A497-SegmentedRaftLogWorker] INFO  segmented.BufferedWriteChannel (BufferedWriteChannel.java:open(62)) - open log_inprogress_0 at position 0
2024-01-29 07:42:41,048 [d4227e66-29fb-4e8c-95fa-da42bedd0d48-server-thread2] INFO  server.RaftServer$Division (ServerState.java:setRaftConf(386)) - d4227e66-29fb-4e8c-95fa-da42bedd0d48@group-55EB5D85A497: set configuration 0: peers:[f3d36f04-bccd-4be2-9dc2-ceae52659d99|10.1.0.7:15139, d4227e66-29fb-4e8c-95fa-da42bedd0d48|10.1.0.7:15130, aaaecba4-dc3a-4434-b0f1-479f09acdbc3|10.1.0.7:15148]|listeners:[], old=null
2024-01-29 07:42:41,050 [d4227e66-29fb-4e8c-95fa-da42bedd0d48-server-thread2] INFO  segmented.SegmentedRaftLogWorker (SegmentedRaftLogWorker.java:startLogSegment(430)) - d4227e66-29fb-4e8c-95fa-da42bedd0d48@group-55EB5D85A497-SegmentedRaftLogWorker: Starting segment from index:0
2024-01-29 07:42:41,050 [d4227e66-29fb-4e8c-95fa-da42bedd0d48@group-55EB5D85A497-SegmentedRaftLogWorker] INFO  segmented.BufferedWriteChannel (BufferedWriteChannel.java:open(62)) - open log_inprogress_0 at position 0
2024-01-29 07:42:41,053 [d4227e66-29fb-4e8c-95fa-da42bedd0d48@group-322C76EB552B-LeaderElection26] INFO  server.RaftServer$Division (ServerState.java:setLeader(269)) - d4227e66-29fb-4e8c-95fa-da42bedd0d48@group-322C76EB552B: change Leader from null to d4227e66-29fb-4e8c-95fa-da42bedd0d48 at term 1 for becomeLeader, leader elected after 5182ms
2024-01-29 07:42:41,054 [d4227e66-29fb-4e8c-95fa-da42bedd0d48@group-322C76EB552B-LeaderElection26] INFO  segmented.SegmentedRaftLogWorker (SegmentedRaftLogWorker.java:startLogSegment(430)) - d4227e66-29fb-4e8c-95fa-da42bedd0d48@group-322C76EB552B-SegmentedRaftLogWorker: Starting segment from index:0
2024-01-29 07:42:41,054 [d4227e66-29fb-4e8c-95fa-da42bedd0d48@group-322C76EB552B-SegmentedRaftLogWorker] INFO  segmented.BufferedWriteChannel (BufferedWriteChannel.java:open(62)) - open log_inprogress_0 at position 0
2024-01-29 07:42:41,058 [d4227e66-29fb-4e8c-95fa-da42bedd0d48@group-322C76EB552B-LeaderElection26] INFO  server.RaftServer$Division (ServerState.java:setRaftConf(386)) - d4227e66-29fb-4e8c-95fa-da42bedd0d48@group-322C76EB552B: set configuration 0: peers:[d4227e66-29fb-4e8c-95fa-da42bedd0d48|10.1.0.7:15130]|listeners:[], old=null
2024-01-29 07:42:41,068 [f3d36f04-bccd-4be2-9dc2-ceae52659d99@group-55EB5D85A497-SegmentedRaftLogWorker] INFO  segmented.SegmentedRaftLogWorker (SegmentedRaftLogWorker.java:execute(634)) - f3d36f04-bccd-4be2-9dc2-ceae52659d99@group-55EB5D85A497-SegmentedRaftLogWorker: created new log segment /home/runner/work/ozone/ozone/hadoop-ozone/integration-test/target/test-dir/MiniOzoneClusterImpl-43c44e75-c492-4a39-944e-601a0ff30632/datanode-4/data/ratis/7c817f05-8ba5-4455-bbe1-55eb5d85a497/current/log_inprogress_0
2024-01-29 07:42:41,069 [d4227e66-29fb-4e8c-95fa-da42bedd0d48@group-55EB5D85A497-SegmentedRaftLogWorker] INFO  segmented.SegmentedRaftLogWorker (SegmentedRaftLogWorker.java:execute(634)) - d4227e66-29fb-4e8c-95fa-da42bedd0d48@group-55EB5D85A497-SegmentedRaftLogWorker: created new log segment /home/runner/work/ozone/ozone/hadoop-ozone/integration-test/target/test-dir/MiniOzoneClusterImpl-43c44e75-c492-4a39-944e-601a0ff30632/datanode-3/data/ratis/7c817f05-8ba5-4455-bbe1-55eb5d85a497/current/log_inprogress_0
2024-01-29 07:42:41,070 [d4227e66-29fb-4e8c-95fa-da42bedd0d48@group-322C76EB552B-SegmentedRaftLogWorker] INFO  segmented.SegmentedRaftLogWorker (SegmentedRaftLogWorker.java:execute(634)) - d4227e66-29fb-4e8c-95fa-da42bedd0d48@group-322C76EB552B-SegmentedRaftLogWorker: created new log segment /home/runner/work/ozone/ozone/hadoop-ozone/integration-test/target/test-dir/MiniOzoneClusterImpl-43c44e75-c492-4a39-944e-601a0ff30632/datanode-3/data/ratis/09b08d91-6932-4c97-b9bb-322c76eb552b/current/log_inprogress_0
2024-01-29 07:42:41,072 [aaaecba4-dc3a-4434-b0f1-479f09acdbc3@group-55EB5D85A497-StateMachineUpdater] INFO  server.RaftServer$Division (LeaderStateImpl.java:isApplied(320)) - leader is ready since appliedIndex == 0 >= startIndex == 0
2024-01-29 07:42:41,074 [d4227e66-29fb-4e8c-95fa-da42bedd0d48@group-322C76EB552B-StateMachineUpdater] INFO  server.RaftServer$Division (LeaderStateImpl.java:isApplied(320)) - leader is ready since appliedIndex == 0 >= startIndex == 0
2024-01-29 07:42:41,186 [f3d36f04-bccd-4be2-9dc2-ceae52659d99@group-7586A75CB6D7-FollowerState] INFO  impl.FollowerState (FollowerState.java:run(143)) - f3d36f04-bccd-4be2-9dc2-ceae52659d99@group-7586A75CB6D7-FollowerState: change to CANDIDATE, lastRpcElapsedTime:5189604155ns, electionTimeout:5189ms
2024-01-29 07:42:41,186 [f3d36f04-bccd-4be2-9dc2-ceae52659d99@group-7586A75CB6D7-FollowerState] INFO  impl.RoleInfo (RoleInfo.java:shutdownFollowerState(110)) - f3d36f04-bccd-4be2-9dc2-ceae52659d99: shutdown f3d36f04-bccd-4be2-9dc2-ceae52659d99@group-7586A75CB6D7-FollowerState
2024-01-29 07:42:41,186 [f3d36f04-bccd-4be2-9dc2-ceae52659d99@group-7586A75CB6D7-FollowerState] INFO  server.RaftServer$Division (RaftServerImpl.java:setRole(383)) - f3d36f04-bccd-4be2-9dc2-ceae52659d99@group-7586A75CB6D7: changes role from  FOLLOWER to CANDIDATE at term 0 for changeToCandidate
2024-01-29 07:42:41,186 [f3d36f04-bccd-4be2-9dc2-ceae52659d99@group-7586A75CB6D7-FollowerState] INFO  server.RaftServerConfigKeys (ConfUtils.java:logGet(46)) - raft.server.leaderelection.pre-vote = true (default)
2024-01-29 07:42:41,186 [f3d36f04-bccd-4be2-9dc2-ceae52659d99@group-7586A75CB6D7-FollowerState] INFO  impl.RoleInfo (RoleInfo.java:updateAndGet(139)) - f3d36f04-bccd-4be2-9dc2-ceae52659d99: start f3d36f04-bccd-4be2-9dc2-ceae52659d99@group-7586A75CB6D7-LeaderElection27
2024-01-29 07:42:41,188 [f3d36f04-bccd-4be2-9dc2-ceae52659d99@group-7586A75CB6D7-LeaderElection27] INFO  impl.LeaderElection (LeaderElection.java:askForVotes(321)) - f3d36f04-bccd-4be2-9dc2-ceae52659d99@group-7586A75CB6D7-LeaderElection27 PRE_VOTE round 0: submit vote requests at term 0 for -1: peers:[f3d36f04-bccd-4be2-9dc2-ceae52659d99|10.1.0.7:15139]|listeners:[], old=null
2024-01-29 07:42:41,188 [f3d36f04-bccd-4be2-9dc2-ceae52659d99@group-7586A75CB6D7-LeaderElection27] INFO  impl.LeaderElection (LeaderElection.java:askForVotes(323)) - f3d36f04-bccd-4be2-9dc2-ceae52659d99@group-7586A75CB6D7-LeaderElection27 PRE_VOTE round 0: result PASSED (term=0)
2024-01-29 07:42:41,190 [f3d36f04-bccd-4be2-9dc2-ceae52659d99@group-7586A75CB6D7-LeaderElection27] INFO  impl.LeaderElection (LeaderElection.java:askForVotes(321)) - f3d36f04-bccd-4be2-9dc2-ceae52659d99@group-7586A75CB6D7-LeaderElection27 ELECTION round 0: submit vote requests at term 1 for -1: peers:[f3d36f04-bccd-4be2-9dc2-ceae52659d99|10.1.0.7:15139]|listeners:[], old=null
2024-01-29 07:42:41,190 [f3d36f04-bccd-4be2-9dc2-ceae52659d99@group-7586A75CB6D7-LeaderElection27] INFO  impl.LeaderElection (LeaderElection.java:askForVotes(323)) - f3d36f04-bccd-4be2-9dc2-ceae52659d99@group-7586A75CB6D7-LeaderElection27 ELECTION round 0: result PASSED (term=1)
2024-01-29 07:42:41,190 [f3d36f04-bccd-4be2-9dc2-ceae52659d99@group-7586A75CB6D7-LeaderElection27] INFO  impl.RoleInfo (RoleInfo.java:shutdownLeaderElection(130)) - f3d36f04-bccd-4be2-9dc2-ceae52659d99: shutdown f3d36f04-bccd-4be2-9dc2-ceae52659d99@group-7586A75CB6D7-LeaderElection27
2024-01-29 07:42:41,190 [f3d36f04-bccd-4be2-9dc2-ceae52659d99@group-7586A75CB6D7-LeaderElection27] INFO  server.RaftServer$Division (RaftServerImpl.java:setRole(383)) - f3d36f04-bccd-4be2-9dc2-ceae52659d99@group-7586A75CB6D7: changes role from CANDIDATE to LEADER at term 1 for changeToLeader
2024-01-29 07:42:41,190 [f3d36f04-bccd-4be2-9dc2-ceae52659d99@group-7586A75CB6D7-LeaderElection27] INFO  server.RaftServerConfigKeys (ConfUtils.java:logGet(46)) - raft.server.staging.catchup.gap = 1000 (default)
2024-01-29 07:42:41,190 [f3d36f04-bccd-4be2-9dc2-ceae52659d99@group-7586A75CB6D7-LeaderElection27] INFO  server.RaftServerConfigKeys (ConfUtils.java:logGet(46)) - raft.server.write.element-limit = 1024 (custom)
2024-01-29 07:42:41,190 [f3d36f04-bccd-4be2-9dc2-ceae52659d99@group-7586A75CB6D7-LeaderElection27] INFO  server.RaftServerConfigKeys (ConfUtils.java:logGet(46)) - raft.server.write.byte-limit = 1024 M (=1073741824) (custom)
2024-01-29 07:42:41,190 [f3d36f04-bccd-4be2-9dc2-ceae52659d99@group-7586A75CB6D7-LeaderElection27] INFO  server.RaftServerConfigKeys (ConfUtils.java:logGet(46)) - raft.server.watch.timeout = 3000ms (custom)
2024-01-29 07:42:41,190 [f3d36f04-bccd-4be2-9dc2-ceae52659d99@group-7586A75CB6D7-LeaderElection27] INFO  server.RaftServerConfigKeys (ConfUtils.java:logGet(46)) - raft.server.watch.timeout.denomination = 1s (default)
2024-01-29 07:42:41,190 [f3d36f04-bccd-4be2-9dc2-ceae52659d99@group-7586A75CB6D7-LeaderElection27] INFO  server.RaftServerConfigKeys (ConfUtils.java:logGet(46)) - raft.server.watch.element-limit = 65536 (default)
2024-01-29 07:42:41,190 [f3d36f04-bccd-4be2-9dc2-ceae52659d99@group-7586A75CB6D7-LeaderElection27] INFO  server.RaftServerConfigKeys (ConfUtils.java:logGet(46)) - raft.server.read.leader.lease.enabled = false (default)
2024-01-29 07:42:41,190 [f3d36f04-bccd-4be2-9dc2-ceae52659d99@group-7586A75CB6D7-LeaderElection27] INFO  server.RaftServerConfigKeys (ConfUtils.java:logGet(46)) - raft.server.read.leader.lease.timeout.ratio = 0.9 (default)
2024-01-29 07:42:41,191 [f3d36f04-bccd-4be2-9dc2-ceae52659d99@group-7586A75CB6D7-LeaderElection27] INFO  server.RaftServerConfigKeys (ConfUtils.java:logGet(46)) - raft.server.rpc.timeout.min = 5s (custom)
2024-01-29 07:42:41,191 [f3d36f04-bccd-4be2-9dc2-ceae52659d99@group-7586A75CB6D7-LeaderElection27] INFO  server.RaftServerConfigKeys (ConfUtils.java:logGet(46)) - raft.server.write.element-limit = 1024 (custom)
2024-01-29 07:42:41,191 [f3d36f04-bccd-4be2-9dc2-ceae52659d99@group-7586A75CB6D7-LeaderElection27] INFO  server.RaftServerConfigKeys (ConfUtils.java:logGet(46)) - raft.server.write.follower.gap.ratio.max = -1.0 (default)
2024-01-29 07:42:41,191 [f3d36f04-bccd-4be2-9dc2-ceae52659d99@group-7586A75CB6D7-LeaderElection27] INFO  impl.RoleInfo (RoleInfo.java:updateAndGet(139)) - f3d36f04-bccd-4be2-9dc2-ceae52659d99: start f3d36f04-bccd-4be2-9dc2-ceae52659d99@group-7586A75CB6D7-LeaderStateImpl
2024-01-29 07:42:41,191 [f3d36f04-bccd-4be2-9dc2-ceae52659d99@group-7586A75CB6D7-LeaderElection27] INFO  server.RaftServer$Division (RaftServerImpl.java:setFirstElection(574)) - f3d36f04-bccd-4be2-9dc2-ceae52659d99@group-7586A75CB6D7: set firstElectionSinceStartup to false for becomeLeader
2024-01-29 07:42:41,191 [f3d36f04-bccd-4be2-9dc2-ceae52659d99@group-7586A75CB6D7-LeaderElection27] INFO  ratis.XceiverServerRatis (XceiverServerRatis.java:handleLeaderChangedNotification(966)) - Leader change notification received for group: group-7586A75CB6D7 with new leaderId: f3d36f04-bccd-4be2-9dc2-ceae52659d99
2024-01-29 07:42:41,191 [f3d36f04-bccd-4be2-9dc2-ceae52659d99@group-7586A75CB6D7-LeaderElection27] INFO  server.RaftServer$Division (ServerState.java:setLeader(269)) - f3d36f04-bccd-4be2-9dc2-ceae52659d99@group-7586A75CB6D7: change Leader from null to f3d36f04-bccd-4be2-9dc2-ceae52659d99 at term 1 for becomeLeader, leader elected after 5206ms
2024-01-29 07:42:41,191 [f3d36f04-bccd-4be2-9dc2-ceae52659d99@group-7586A75CB6D7-LeaderElection27] INFO  segmented.SegmentedRaftLogWorker (SegmentedRaftLogWorker.java:startLogSegment(430)) - f3d36f04-bccd-4be2-9dc2-ceae52659d99@group-7586A75CB6D7-SegmentedRaftLogWorker: Starting segment from index:0
2024-01-29 07:42:41,192 [f3d36f04-bccd-4be2-9dc2-ceae52659d99@group-7586A75CB6D7-SegmentedRaftLogWorker] INFO  segmented.BufferedWriteChannel (BufferedWriteChannel.java:open(62)) - open log_inprogress_0 at position 0
2024-01-29 07:42:41,196 [f3d36f04-bccd-4be2-9dc2-ceae52659d99@group-7586A75CB6D7-LeaderElection27] INFO  server.RaftServer$Division (ServerState.java:setRaftConf(386)) - f3d36f04-bccd-4be2-9dc2-ceae52659d99@group-7586A75CB6D7: set configuration 0: peers:[f3d36f04-bccd-4be2-9dc2-ceae52659d99|10.1.0.7:15139]|listeners:[], old=null
2024-01-29 07:42:41,199 [f3d36f04-bccd-4be2-9dc2-ceae52659d99@group-7586A75CB6D7-SegmentedRaftLogWorker] INFO  segmented.SegmentedRaftLogWorker (SegmentedRaftLogWorker.java:execute(634)) - f3d36f04-bccd-4be2-9dc2-ceae52659d99@group-7586A75CB6D7-SegmentedRaftLogWorker: created new log segment /home/runner/work/ozone/ozone/hadoop-ozone/integration-test/target/test-dir/MiniOzoneClusterImpl-43c44e75-c492-4a39-944e-601a0ff30632/datanode-4/data/ratis/3a3c8cca-a880-4645-94de-7586a75cb6d7/current/log_inprogress_0
2024-01-29 07:42:41,200 [f3d36f04-bccd-4be2-9dc2-ceae52659d99@group-7586A75CB6D7-StateMachineUpdater] INFO  server.RaftServer$Division (LeaderStateImpl.java:isApplied(320)) - leader is ready since appliedIndex == 0 >= startIndex == 0
2024-01-29 07:42:41,276 [4014a93b-65b2-4fad-85e3-f269d9ce0515@group-300C9206CE33-FollowerState] INFO  impl.FollowerState (FollowerState.java:run(143)) - 4014a93b-65b2-4fad-85e3-f269d9ce0515@group-300C9206CE33-FollowerState: change to CANDIDATE, lastRpcElapsedTime:5043186618ns, electionTimeout:5038ms
2024-01-29 07:42:41,276 [4014a93b-65b2-4fad-85e3-f269d9ce0515@group-300C9206CE33-FollowerState] INFO  impl.RoleInfo (RoleInfo.java:shutdownFollowerState(110)) - 4014a93b-65b2-4fad-85e3-f269d9ce0515: shutdown 4014a93b-65b2-4fad-85e3-f269d9ce0515@group-300C9206CE33-FollowerState
2024-01-29 07:42:41,277 [4014a93b-65b2-4fad-85e3-f269d9ce0515@group-300C9206CE33-FollowerState] INFO  server.RaftServer$Division (RaftServerImpl.java:setRole(383)) - 4014a93b-65b2-4fad-85e3-f269d9ce0515@group-300C9206CE33: changes role from  FOLLOWER to CANDIDATE at term 0 for changeToCandidate
2024-01-29 07:42:41,277 [4014a93b-65b2-4fad-85e3-f269d9ce0515@group-300C9206CE33-FollowerState] INFO  server.RaftServerConfigKeys (ConfUtils.java:logGet(46)) - raft.server.leaderelection.pre-vote = true (default)
2024-01-29 07:42:41,277 [4014a93b-65b2-4fad-85e3-f269d9ce0515@group-300C9206CE33-FollowerState] INFO  impl.RoleInfo (RoleInfo.java:updateAndGet(139)) - 4014a93b-65b2-4fad-85e3-f269d9ce0515: start 4014a93b-65b2-4fad-85e3-f269d9ce0515@group-300C9206CE33-LeaderElection28
2024-01-29 07:42:41,279 [aaaecba4-dc3a-4434-b0f1-479f09acdbc3@group-D88F6401EDD2-FollowerState] INFO  impl.FollowerState (FollowerState.java:run(143)) - aaaecba4-dc3a-4434-b0f1-479f09acdbc3@group-D88F6401EDD2-FollowerState: change to CANDIDATE, lastRpcElapsedTime:5178903158ns, electionTimeout:5178ms
2024-01-29 07:42:41,279 [4014a93b-65b2-4fad-85e3-f269d9ce0515@group-300C9206CE33-LeaderElection28] INFO  impl.LeaderElection (LeaderElection.java:askForVotes(321)) - 4014a93b-65b2-4fad-85e3-f269d9ce0515@group-300C9206CE33-LeaderElection28 PRE_VOTE round 0: submit vote requests at term 0 for -1: peers:[1256e137-4a60-4c2e-839e-27e972a873fc|10.1.0.7:15175, 4014a93b-65b2-4fad-85e3-f269d9ce0515|10.1.0.7:15157, f6f0dadf-556e-42a8-b6d8-b99280d4e6cc|10.1.0.7:15166]|listeners:[], old=null
2024-01-29 07:42:41,279 [aaaecba4-dc3a-4434-b0f1-479f09acdbc3@group-D88F6401EDD2-FollowerState] INFO  impl.RoleInfo (RoleInfo.java:shutdownFollowerState(110)) - aaaecba4-dc3a-4434-b0f1-479f09acdbc3: shutdown aaaecba4-dc3a-4434-b0f1-479f09acdbc3@group-D88F6401EDD2-FollowerState
2024-01-29 07:42:41,279 [aaaecba4-dc3a-4434-b0f1-479f09acdbc3@group-D88F6401EDD2-FollowerState] INFO  server.RaftServer$Division (RaftServerImpl.java:setRole(383)) - aaaecba4-dc3a-4434-b0f1-479f09acdbc3@group-D88F6401EDD2: changes role from  FOLLOWER to CANDIDATE at term 0 for changeToCandidate
2024-01-29 07:42:41,279 [aaaecba4-dc3a-4434-b0f1-479f09acdbc3@group-D88F6401EDD2-FollowerState] INFO  server.RaftServerConfigKeys (ConfUtils.java:logGet(46)) - raft.server.leaderelection.pre-vote = true (default)
2024-01-29 07:42:41,279 [aaaecba4-dc3a-4434-b0f1-479f09acdbc3@group-D88F6401EDD2-FollowerState] INFO  impl.RoleInfo (RoleInfo.java:updateAndGet(139)) - aaaecba4-dc3a-4434-b0f1-479f09acdbc3: start aaaecba4-dc3a-4434-b0f1-479f09acdbc3@group-D88F6401EDD2-LeaderElection29
2024-01-29 07:42:41,279 [4014a93b-65b2-4fad-85e3-f269d9ce0515@group-300C9206CE33-LeaderElection28-1] INFO  server.GrpcServerProtocolClient (GrpcServerProtocolClient.java:<init>(65)) - Build channel for 1256e137-4a60-4c2e-839e-27e972a873fc|10.1.0.7:15175
2024-01-29 07:42:41,280 [4014a93b-65b2-4fad-85e3-f269d9ce0515@group-300C9206CE33-LeaderElection28] INFO  server.RaftServerConfigKeys (ConfUtils.java:logFallback(53)) - raft.server.rpc.first-election.timeout.min = 5s (fallback to raft.server.rpc.timeout.min)
2024-01-29 07:42:41,280 [4014a93b-65b2-4fad-85e3-f269d9ce0515@group-300C9206CE33-LeaderElection28-2] INFO  server.GrpcServerProtocolClient (GrpcServerProtocolClient.java:<init>(65)) - Build channel for f6f0dadf-556e-42a8-b6d8-b99280d4e6cc|10.1.0.7:15166
2024-01-29 07:42:41,282 [aaaecba4-dc3a-4434-b0f1-479f09acdbc3@group-D88F6401EDD2-LeaderElection29] INFO  impl.LeaderElection (LeaderElection.java:askForVotes(321)) - aaaecba4-dc3a-4434-b0f1-479f09acdbc3@group-D88F6401EDD2-LeaderElection29 PRE_VOTE round 0: submit vote requests at term 0 for -1: peers:[aaaecba4-dc3a-4434-b0f1-479f09acdbc3|10.1.0.7:15148]|listeners:[], old=null
2024-01-29 07:42:41,281 [4014a93b-65b2-4fad-85e3-f269d9ce0515@group-300C9206CE33-LeaderElection28] INFO  server.RaftServerConfigKeys (ConfUtils.java:logFallback(53)) - raft.server.rpc.first-election.timeout.max = 5200ms (fallback to raft.server.rpc.timeout.max)
2024-01-29 07:42:41,282 [aaaecba4-dc3a-4434-b0f1-479f09acdbc3@group-D88F6401EDD2-LeaderElection29] INFO  impl.LeaderElection (LeaderElection.java:askForVotes(323)) - aaaecba4-dc3a-4434-b0f1-479f09acdbc3@group-D88F6401EDD2-LeaderElection29 PRE_VOTE round 0: result PASSED (term=0)
2024-01-29 07:42:41,286 [aaaecba4-dc3a-4434-b0f1-479f09acdbc3@group-D88F6401EDD2-LeaderElection29] INFO  impl.LeaderElection (LeaderElection.java:askForVotes(321)) - aaaecba4-dc3a-4434-b0f1-479f09acdbc3@group-D88F6401EDD2-LeaderElection29 ELECTION round 0: submit vote requests at term 1 for -1: peers:[aaaecba4-dc3a-4434-b0f1-479f09acdbc3|10.1.0.7:15148]|listeners:[], old=null
2024-01-29 07:42:41,286 [aaaecba4-dc3a-4434-b0f1-479f09acdbc3@group-D88F6401EDD2-LeaderElection29] INFO  impl.LeaderElection (LeaderElection.java:askForVotes(323)) - aaaecba4-dc3a-4434-b0f1-479f09acdbc3@group-D88F6401EDD2-LeaderElection29 ELECTION round 0: result PASSED (term=1)
2024-01-29 07:42:41,286 [aaaecba4-dc3a-4434-b0f1-479f09acdbc3@group-D88F6401EDD2-LeaderElection29] INFO  impl.RoleInfo (RoleInfo.java:shutdownLeaderElection(130)) - aaaecba4-dc3a-4434-b0f1-479f09acdbc3: shutdown aaaecba4-dc3a-4434-b0f1-479f09acdbc3@group-D88F6401EDD2-LeaderElection29
2024-01-29 07:42:41,286 [aaaecba4-dc3a-4434-b0f1-479f09acdbc3@group-D88F6401EDD2-LeaderElection29] INFO  server.RaftServer$Division (RaftServerImpl.java:setRole(383)) - aaaecba4-dc3a-4434-b0f1-479f09acdbc3@group-D88F6401EDD2: changes role from CANDIDATE to LEADER at term 1 for changeToLeader
2024-01-29 07:42:41,286 [aaaecba4-dc3a-4434-b0f1-479f09acdbc3@group-D88F6401EDD2-LeaderElection29] INFO  server.RaftServerConfigKeys (ConfUtils.java:logGet(46)) - raft.server.staging.catchup.gap = 1000 (default)
2024-01-29 07:42:41,286 [aaaecba4-dc3a-4434-b0f1-479f09acdbc3@group-D88F6401EDD2-LeaderElection29] INFO  server.RaftServerConfigKeys (ConfUtils.java:logGet(46)) - raft.server.write.element-limit = 1024 (custom)
2024-01-29 07:42:41,286 [aaaecba4-dc3a-4434-b0f1-479f09acdbc3@group-D88F6401EDD2-LeaderElection29] INFO  server.RaftServerConfigKeys (ConfUtils.java:logGet(46)) - raft.server.write.byte-limit = 1024 M (=1073741824) (custom)
2024-01-29 07:42:41,286 [aaaecba4-dc3a-4434-b0f1-479f09acdbc3@group-D88F6401EDD2-LeaderElection29] INFO  server.RaftServerConfigKeys (ConfUtils.java:logGet(46)) - raft.server.watch.timeout = 3000ms (custom)
2024-01-29 07:42:41,286 [aaaecba4-dc3a-4434-b0f1-479f09acdbc3@group-D88F6401EDD2-LeaderElection29] INFO  server.RaftServerConfigKeys (ConfUtils.java:logGet(46)) - raft.server.watch.timeout.denomination = 1s (default)
2024-01-29 07:42:41,286 [aaaecba4-dc3a-4434-b0f1-479f09acdbc3@group-D88F6401EDD2-LeaderElection29] INFO  server.RaftServerConfigKeys (ConfUtils.java:logGet(46)) - raft.server.watch.element-limit = 65536 (default)
2024-01-29 07:42:41,287 [aaaecba4-dc3a-4434-b0f1-479f09acdbc3@group-D88F6401EDD2-LeaderElection29] INFO  server.RaftServerConfigKeys (ConfUtils.java:logGet(46)) - raft.server.read.leader.lease.enabled = false (default)
2024-01-29 07:42:41,287 [aaaecba4-dc3a-4434-b0f1-479f09acdbc3@group-D88F6401EDD2-LeaderElection29] INFO  server.RaftServerConfigKeys (ConfUtils.java:logGet(46)) - raft.server.read.leader.lease.timeout.ratio = 0.9 (default)
2024-01-29 07:42:41,287 [aaaecba4-dc3a-4434-b0f1-479f09acdbc3@group-D88F6401EDD2-LeaderElection29] INFO  server.RaftServerConfigKeys (ConfUtils.java:logGet(46)) - raft.server.rpc.timeout.min = 5s (custom)
2024-01-29 07:42:41,287 [aaaecba4-dc3a-4434-b0f1-479f09acdbc3@group-D88F6401EDD2-LeaderElection29] INFO  server.RaftServerConfigKeys (ConfUtils.java:logGet(46)) - raft.server.write.element-limit = 1024 (custom)
2024-01-29 07:42:41,287 [aaaecba4-dc3a-4434-b0f1-479f09acdbc3@group-D88F6401EDD2-LeaderElection29] INFO  server.RaftServerConfigKeys (ConfUtils.java:logGet(46)) - raft.server.write.follower.gap.ratio.max = -1.0 (default)
2024-01-29 07:42:41,287 [aaaecba4-dc3a-4434-b0f1-479f09acdbc3@group-D88F6401EDD2-LeaderElection29] INFO  impl.RoleInfo (RoleInfo.java:updateAndGet(139)) - aaaecba4-dc3a-4434-b0f1-479f09acdbc3: start aaaecba4-dc3a-4434-b0f1-479f09acdbc3@group-D88F6401EDD2-LeaderStateImpl
2024-01-29 07:42:41,287 [aaaecba4-dc3a-4434-b0f1-479f09acdbc3@group-D88F6401EDD2-LeaderElection29] INFO  server.RaftServer$Division (RaftServerImpl.java:setFirstElection(574)) - aaaecba4-dc3a-4434-b0f1-479f09acdbc3@group-D88F6401EDD2: set firstElectionSinceStartup to false for becomeLeader
2024-01-29 07:42:41,287 [aaaecba4-dc3a-4434-b0f1-479f09acdbc3@group-D88F6401EDD2-LeaderElection29] INFO  ratis.XceiverServerRatis (XceiverServerRatis.java:handleLeaderChangedNotification(966)) - Leader change notification received for group: group-D88F6401EDD2 with new leaderId: aaaecba4-dc3a-4434-b0f1-479f09acdbc3
2024-01-29 07:42:41,287 [aaaecba4-dc3a-4434-b0f1-479f09acdbc3@group-D88F6401EDD2-LeaderElection29] INFO  server.RaftServer$Division (ServerState.java:setLeader(269)) - aaaecba4-dc3a-4434-b0f1-479f09acdbc3@group-D88F6401EDD2: change Leader from null to aaaecba4-dc3a-4434-b0f1-479f09acdbc3 at term 1 for becomeLeader, leader elected after 5198ms
2024-01-29 07:42:41,288 [aaaecba4-dc3a-4434-b0f1-479f09acdbc3@group-D88F6401EDD2-LeaderElection29] INFO  segmented.SegmentedRaftLogWorker (SegmentedRaftLogWorker.java:startLogSegment(430)) - aaaecba4-dc3a-4434-b0f1-479f09acdbc3@group-D88F6401EDD2-SegmentedRaftLogWorker: Starting segment from index:0
2024-01-29 07:42:41,288 [aaaecba4-dc3a-4434-b0f1-479f09acdbc3@group-D88F6401EDD2-SegmentedRaftLogWorker] INFO  segmented.BufferedWriteChannel (BufferedWriteChannel.java:open(62)) - open log_inprogress_0 at position 0
2024-01-29 07:42:41,289 [grpc-default-executor-2] INFO  server.RaftServer$Division (RaftServerImpl.java:requestVote(1389)) - 1256e137-4a60-4c2e-839e-27e972a873fc@group-300C9206CE33: receive requestVote(PRE_VOTE, 4014a93b-65b2-4fad-85e3-f269d9ce0515, group-300C9206CE33, 0, (t:0, i:0))
2024-01-29 07:42:41,289 [grpc-default-executor-2] INFO  impl.VoteContext (VoteContext.java:log(49)) - 1256e137-4a60-4c2e-839e-27e972a873fc@group-300C9206CE33-FOLLOWER: accept PRE_VOTE from 4014a93b-65b2-4fad-85e3-f269d9ce0515: our priority 0 <= candidate's priority 1
2024-01-29 07:42:41,289 [grpc-default-executor-2] INFO  server.RaftServer$Division (RaftServerImpl.java:requestVote(1422)) - 1256e137-4a60-4c2e-839e-27e972a873fc@group-300C9206CE33 replies to PRE_VOTE vote request: 4014a93b-65b2-4fad-85e3-f269d9ce0515<-1256e137-4a60-4c2e-839e-27e972a873fc#0:OK-t0. Peer's state: 1256e137-4a60-4c2e-839e-27e972a873fc@group-300C9206CE33:t0, leader=null, voted=, raftlog=Memoized:1256e137-4a60-4c2e-839e-27e972a873fc@group-300C9206CE33-SegmentedRaftLog:OPENED:c-1, conf=-1: peers:[1256e137-4a60-4c2e-839e-27e972a873fc|10.1.0.7:15175, 4014a93b-65b2-4fad-85e3-f269d9ce0515|10.1.0.7:15157, f6f0dadf-556e-42a8-b6d8-b99280d4e6cc|10.1.0.7:15166]|listeners:[], old=null
2024-01-29 07:42:41,290 [4014a93b-65b2-4fad-85e3-f269d9ce0515@group-300C9206CE33-LeaderElection28] INFO  impl.LeaderElection (LeaderElection.java:logAndReturn(89)) - 4014a93b-65b2-4fad-85e3-f269d9ce0515@group-300C9206CE33-LeaderElection28: PRE_VOTE PASSED received 1 response(s) and 0 exception(s):
2024-01-29 07:42:41,290 [4014a93b-65b2-4fad-85e3-f269d9ce0515@group-300C9206CE33-LeaderElection28] INFO  impl.LeaderElection (LeaderElection.java:logAndReturn(93)) -   Response 0: 4014a93b-65b2-4fad-85e3-f269d9ce0515<-1256e137-4a60-4c2e-839e-27e972a873fc#0:OK-t0
2024-01-29 07:42:41,290 [4014a93b-65b2-4fad-85e3-f269d9ce0515@group-300C9206CE33-LeaderElection28] INFO  impl.LeaderElection (LeaderElection.java:askForVotes(323)) - 4014a93b-65b2-4fad-85e3-f269d9ce0515@group-300C9206CE33-LeaderElection28 PRE_VOTE round 0: result PASSED
2024-01-29 07:42:41,292 [aaaecba4-dc3a-4434-b0f1-479f09acdbc3@group-D88F6401EDD2-LeaderElection29] INFO  server.RaftServer$Division (ServerState.java:setRaftConf(386)) - aaaecba4-dc3a-4434-b0f1-479f09acdbc3@group-D88F6401EDD2: set configuration 0: peers:[aaaecba4-dc3a-4434-b0f1-479f09acdbc3|10.1.0.7:15148]|listeners:[], old=null
2024-01-29 07:42:41,292 [4014a93b-65b2-4fad-85e3-f269d9ce0515@group-300C9206CE33-LeaderElection28] INFO  impl.LeaderElection (LeaderElection.java:askForVotes(321)) - 4014a93b-65b2-4fad-85e3-f269d9ce0515@group-300C9206CE33-LeaderElection28 ELECTION round 0: submit vote requests at term 1 for -1: peers:[1256e137-4a60-4c2e-839e-27e972a873fc|10.1.0.7:15175, 4014a93b-65b2-4fad-85e3-f269d9ce0515|10.1.0.7:15157, f6f0dadf-556e-42a8-b6d8-b99280d4e6cc|10.1.0.7:15166]|listeners:[], old=null
2024-01-29 07:42:41,292 [grpc-default-executor-2] INFO  server.RaftServer$Division (RaftServerImpl.java:requestVote(1389)) - f6f0dadf-556e-42a8-b6d8-b99280d4e6cc@group-300C9206CE33: receive requestVote(PRE_VOTE, 4014a93b-65b2-4fad-85e3-f269d9ce0515, group-300C9206CE33, 0, (t:0, i:0))
2024-01-29 07:42:41,292 [grpc-default-executor-2] INFO  impl.VoteContext (VoteContext.java:log(49)) - f6f0dadf-556e-42a8-b6d8-b99280d4e6cc@group-300C9206CE33-FOLLOWER: accept PRE_VOTE from 4014a93b-65b2-4fad-85e3-f269d9ce0515: our priority 0 <= candidate's priority 1
2024-01-29 07:42:41,292 [4014a93b-65b2-4fad-85e3-f269d9ce0515@group-300C9206CE33-LeaderElection28] INFO  server.RaftServerConfigKeys (ConfUtils.java:logFallback(53)) - raft.server.rpc.first-election.timeout.min = 5s (fallback to raft.server.rpc.timeout.min)
2024-01-29 07:42:41,292 [grpc-default-executor-2] INFO  server.RaftServer$Division (RaftServerImpl.java:requestVote(1422)) - f6f0dadf-556e-42a8-b6d8-b99280d4e6cc@group-300C9206CE33 replies to PRE_VOTE vote request: 4014a93b-65b2-4fad-85e3-f269d9ce0515<-f6f0dadf-556e-42a8-b6d8-b99280d4e6cc#0:OK-t0. Peer's state: f6f0dadf-556e-42a8-b6d8-b99280d4e6cc@group-300C9206CE33:t0, leader=null, voted=, raftlog=Memoized:f6f0dadf-556e-42a8-b6d8-b99280d4e6cc@group-300C9206CE33-SegmentedRaftLog:OPENED:c-1, conf=-1: peers:[1256e137-4a60-4c2e-839e-27e972a873fc|10.1.0.7:15175, 4014a93b-65b2-4fad-85e3-f269d9ce0515|10.1.0.7:15157, f6f0dadf-556e-42a8-b6d8-b99280d4e6cc|10.1.0.7:15166]|listeners:[], old=null
2024-01-29 07:42:41,292 [4014a93b-65b2-4fad-85e3-f269d9ce0515@group-300C9206CE33-LeaderElection28] INFO  server.RaftServerConfigKeys (ConfUtils.java:logFallback(53)) - raft.server.rpc.first-election.timeout.max = 5200ms (fallback to raft.server.rpc.timeout.max)
2024-01-29 07:42:41,294 [grpc-default-executor-2] INFO  server.RaftServer$Division (RaftServerImpl.java:requestVote(1389)) - f6f0dadf-556e-42a8-b6d8-b99280d4e6cc@group-300C9206CE33: receive requestVote(ELECTION, 4014a93b-65b2-4fad-85e3-f269d9ce0515, group-300C9206CE33, 1, (t:0, i:0))
2024-01-29 07:42:41,294 [grpc-default-executor-1] INFO  server.RaftServer$Division (RaftServerImpl.java:requestVote(1389)) - 1256e137-4a60-4c2e-839e-27e972a873fc@group-300C9206CE33: receive requestVote(ELECTION, 4014a93b-65b2-4fad-85e3-f269d9ce0515, group-300C9206CE33, 1, (t:0, i:0))
2024-01-29 07:42:41,294 [grpc-default-executor-2] INFO  impl.VoteContext (VoteContext.java:log(49)) - f6f0dadf-556e-42a8-b6d8-b99280d4e6cc@group-300C9206CE33-FOLLOWER: accept ELECTION from 4014a93b-65b2-4fad-85e3-f269d9ce0515: our priority 0 <= candidate's priority 1
2024-01-29 07:42:41,295 [grpc-default-executor-1] INFO  impl.VoteContext (VoteContext.java:log(49)) - 1256e137-4a60-4c2e-839e-27e972a873fc@group-300C9206CE33-FOLLOWER: accept ELECTION from 4014a93b-65b2-4fad-85e3-f269d9ce0515: our priority 0 <= candidate's priority 1
2024-01-29 07:42:41,295 [grpc-default-executor-2] INFO  server.RaftServer$Division (RaftServerImpl.java:setRole(383)) - f6f0dadf-556e-42a8-b6d8-b99280d4e6cc@group-300C9206CE33: changes role from  FOLLOWER to FOLLOWER at term 1 for candidate:4014a93b-65b2-4fad-85e3-f269d9ce0515
2024-01-29 07:42:41,295 [grpc-default-executor-1] INFO  server.RaftServer$Division (RaftServerImpl.java:setRole(383)) - 1256e137-4a60-4c2e-839e-27e972a873fc@group-300C9206CE33: changes role from  FOLLOWER to FOLLOWER at term 1 for candidate:4014a93b-65b2-4fad-85e3-f269d9ce0515
2024-01-29 07:42:41,295 [grpc-default-executor-1] INFO  impl.RoleInfo (RoleInfo.java:shutdownFollowerState(110)) - 1256e137-4a60-4c2e-839e-27e972a873fc: shutdown 1256e137-4a60-4c2e-839e-27e972a873fc@group-300C9206CE33-FollowerState
2024-01-29 07:42:41,295 [grpc-default-executor-2] INFO  impl.RoleInfo (RoleInfo.java:shutdownFollowerState(110)) - f6f0dadf-556e-42a8-b6d8-b99280d4e6cc: shutdown f6f0dadf-556e-42a8-b6d8-b99280d4e6cc@group-300C9206CE33-FollowerState
2024-01-29 07:42:41,295 [1256e137-4a60-4c2e-839e-27e972a873fc@group-300C9206CE33-FollowerState] INFO  impl.FollowerState (FollowerState.java:run(152)) - 1256e137-4a60-4c2e-839e-27e972a873fc@group-300C9206CE33-FollowerState was interrupted
2024-01-29 07:42:41,295 [f6f0dadf-556e-42a8-b6d8-b99280d4e6cc@group-300C9206CE33-FollowerState] INFO  impl.FollowerState (FollowerState.java:run(152)) - f6f0dadf-556e-42a8-b6d8-b99280d4e6cc@group-300C9206CE33-FollowerState was interrupted
2024-01-29 07:42:41,295 [grpc-default-executor-2] INFO  impl.RoleInfo (RoleInfo.java:updateAndGet(139)) - f6f0dadf-556e-42a8-b6d8-b99280d4e6cc: start f6f0dadf-556e-42a8-b6d8-b99280d4e6cc@group-300C9206CE33-FollowerState
2024-01-29 07:42:41,295 [grpc-default-executor-1] INFO  impl.RoleInfo (RoleInfo.java:updateAndGet(139)) - 1256e137-4a60-4c2e-839e-27e972a873fc: start 1256e137-4a60-4c2e-839e-27e972a873fc@group-300C9206CE33-FollowerState
2024-01-29 07:42:41,297 [aaaecba4-dc3a-4434-b0f1-479f09acdbc3@group-D88F6401EDD2-SegmentedRaftLogWorker] INFO  segmented.SegmentedRaftLogWorker (SegmentedRaftLogWorker.java:execute(634)) - aaaecba4-dc3a-4434-b0f1-479f09acdbc3@group-D88F6401EDD2-SegmentedRaftLogWorker: created new log segment /home/runner/work/ozone/ozone/hadoop-ozone/integration-test/target/test-dir/MiniOzoneClusterImpl-43c44e75-c492-4a39-944e-601a0ff30632/datanode-5/data/ratis/ce6f691a-3061-4d05-8b69-d88f6401edd2/current/log_inprogress_0
2024-01-29 07:42:41,297 [grpc-default-executor-2] INFO  server.RaftServer$Division (RaftServerImpl.java:setFirstElection(574)) - f6f0dadf-556e-42a8-b6d8-b99280d4e6cc@group-300C9206CE33: set firstElectionSinceStartup to false for candidate:4014a93b-65b2-4fad-85e3-f269d9ce0515
2024-01-29 07:42:41,297 [grpc-default-executor-1] INFO  server.RaftServer$Division (RaftServerImpl.java:setFirstElection(574)) - 1256e137-4a60-4c2e-839e-27e972a873fc@group-300C9206CE33: set firstElectionSinceStartup to false for candidate:4014a93b-65b2-4fad-85e3-f269d9ce0515
2024-01-29 07:42:41,298 [grpc-default-executor-2] INFO  server.RaftServer$Division (RaftServerImpl.java:requestVote(1422)) - f6f0dadf-556e-42a8-b6d8-b99280d4e6cc@group-300C9206CE33 replies to ELECTION vote request: 4014a93b-65b2-4fad-85e3-f269d9ce0515<-f6f0dadf-556e-42a8-b6d8-b99280d4e6cc#0:OK-t1. Peer's state: f6f0dadf-556e-42a8-b6d8-b99280d4e6cc@group-300C9206CE33:t1, leader=null, voted=4014a93b-65b2-4fad-85e3-f269d9ce0515, raftlog=Memoized:f6f0dadf-556e-42a8-b6d8-b99280d4e6cc@group-300C9206CE33-SegmentedRaftLog:OPENED:c-1, conf=-1: peers:[1256e137-4a60-4c2e-839e-27e972a873fc|10.1.0.7:15175, 4014a93b-65b2-4fad-85e3-f269d9ce0515|10.1.0.7:15157, f6f0dadf-556e-42a8-b6d8-b99280d4e6cc|10.1.0.7:15166]|listeners:[], old=null
2024-01-29 07:42:41,298 [grpc-default-executor-1] INFO  server.RaftServer$Division (RaftServerImpl.java:requestVote(1422)) - 1256e137-4a60-4c2e-839e-27e972a873fc@group-300C9206CE33 replies to ELECTION vote request: 4014a93b-65b2-4fad-85e3-f269d9ce0515<-1256e137-4a60-4c2e-839e-27e972a873fc#0:OK-t1. Peer's state: 1256e137-4a60-4c2e-839e-27e972a873fc@group-300C9206CE33:t1, leader=null, voted=4014a93b-65b2-4fad-85e3-f269d9ce0515, raftlog=Memoized:1256e137-4a60-4c2e-839e-27e972a873fc@group-300C9206CE33-SegmentedRaftLog:OPENED:c-1, conf=-1: peers:[1256e137-4a60-4c2e-839e-27e972a873fc|10.1.0.7:15175, 4014a93b-65b2-4fad-85e3-f269d9ce0515|10.1.0.7:15157, f6f0dadf-556e-42a8-b6d8-b99280d4e6cc|10.1.0.7:15166]|listeners:[], old=null
2024-01-29 07:42:41,299 [4014a93b-65b2-4fad-85e3-f269d9ce0515@group-300C9206CE33-LeaderElection28] INFO  impl.LeaderElection (LeaderElection.java:logAndReturn(89)) - 4014a93b-65b2-4fad-85e3-f269d9ce0515@group-300C9206CE33-LeaderElection28: ELECTION PASSED received 1 response(s) and 0 exception(s):
2024-01-29 07:42:41,299 [4014a93b-65b2-4fad-85e3-f269d9ce0515@group-300C9206CE33-LeaderElection28] INFO  impl.LeaderElection (LeaderElection.java:logAndReturn(93)) -   Response 0: 4014a93b-65b2-4fad-85e3-f269d9ce0515<-f6f0dadf-556e-42a8-b6d8-b99280d4e6cc#0:OK-t1
2024-01-29 07:42:41,299 [4014a93b-65b2-4fad-85e3-f269d9ce0515@group-300C9206CE33-LeaderElection28] INFO  impl.LeaderElection (LeaderElection.java:askForVotes(323)) - 4014a93b-65b2-4fad-85e3-f269d9ce0515@group-300C9206CE33-LeaderElection28 ELECTION round 0: result PASSED
2024-01-29 07:42:41,299 [4014a93b-65b2-4fad-85e3-f269d9ce0515@group-300C9206CE33-LeaderElection28] INFO  impl.RoleInfo (RoleInfo.java:shutdownLeaderElection(130)) - 4014a93b-65b2-4fad-85e3-f269d9ce0515: shutdown 4014a93b-65b2-4fad-85e3-f269d9ce0515@group-300C9206CE33-LeaderElection28
2024-01-29 07:42:41,299 [4014a93b-65b2-4fad-85e3-f269d9ce0515@group-300C9206CE33-LeaderElection28] INFO  server.RaftServer$Division (RaftServerImpl.java:setRole(383)) - 4014a93b-65b2-4fad-85e3-f269d9ce0515@group-300C9206CE33: changes role from CANDIDATE to LEADER at term 1 for changeToLeader
2024-01-29 07:42:41,299 [4014a93b-65b2-4fad-85e3-f269d9ce0515@group-300C9206CE33-LeaderElection28] INFO  server.RaftServerConfigKeys (ConfUtils.java:logGet(46)) - raft.server.staging.catchup.gap = 1000 (default)
2024-01-29 07:42:41,299 [aaaecba4-dc3a-4434-b0f1-479f09acdbc3@group-D88F6401EDD2-StateMachineUpdater] INFO  server.RaftServer$Division (LeaderStateImpl.java:isApplied(320)) - leader is ready since appliedIndex == 0 >= startIndex == 0
2024-01-29 07:42:41,300 [4014a93b-65b2-4fad-85e3-f269d9ce0515@group-300C9206CE33-LeaderElection28] INFO  server.RaftServerConfigKeys (ConfUtils.java:logGet(46)) - raft.server.write.element-limit = 1024 (custom)
2024-01-29 07:42:41,300 [4014a93b-65b2-4fad-85e3-f269d9ce0515@group-300C9206CE33-LeaderElection28] INFO  server.RaftServerConfigKeys (ConfUtils.java:logGet(46)) - raft.server.write.byte-limit = 1024 M (=1073741824) (custom)
2024-01-29 07:42:41,301 [4014a93b-65b2-4fad-85e3-f269d9ce0515@group-300C9206CE33-LeaderElection28] INFO  server.RaftServerConfigKeys (ConfUtils.java:logGet(46)) - raft.server.watch.timeout = 3000ms (custom)
2024-01-29 07:42:41,301 [4014a93b-65b2-4fad-85e3-f269d9ce0515@group-300C9206CE33-LeaderElection28] INFO  server.RaftServerConfigKeys (ConfUtils.java:logGet(46)) - raft.server.watch.timeout.denomination = 1s (default)
2024-01-29 07:42:41,301 [4014a93b-65b2-4fad-85e3-f269d9ce0515@group-300C9206CE33-LeaderElection28] INFO  server.RaftServerConfigKeys (ConfUtils.java:logGet(46)) - raft.server.watch.element-limit = 65536 (default)
2024-01-29 07:42:41,301 [4014a93b-65b2-4fad-85e3-f269d9ce0515@group-300C9206CE33-LeaderElection28] INFO  server.RaftServerConfigKeys (ConfUtils.java:logGet(46)) - raft.server.read.leader.lease.enabled = false (default)
2024-01-29 07:42:41,301 [4014a93b-65b2-4fad-85e3-f269d9ce0515@group-300C9206CE33-LeaderElection28] INFO  server.RaftServerConfigKeys (ConfUtils.java:logGet(46)) - raft.server.read.leader.lease.timeout.ratio = 0.9 (default)
2024-01-29 07:42:41,301 [4014a93b-65b2-4fad-85e3-f269d9ce0515@group-300C9206CE33-LeaderElection28] INFO  server.RaftServerConfigKeys (ConfUtils.java:logGet(46)) - raft.server.rpc.timeout.min = 5s (custom)
2024-01-29 07:42:41,301 [4014a93b-65b2-4fad-85e3-f269d9ce0515@group-300C9206CE33-LeaderElection28] INFO  server.RaftServerConfigKeys (ConfUtils.java:logGet(46)) - raft.server.write.element-limit = 1024 (custom)
2024-01-29 07:42:41,301 [4014a93b-65b2-4fad-85e3-f269d9ce0515@group-300C9206CE33-LeaderElection28] INFO  server.RaftServerConfigKeys (ConfUtils.java:logGet(46)) - raft.server.write.follower.gap.ratio.max = -1.0 (default)
2024-01-29 07:42:41,301 [4014a93b-65b2-4fad-85e3-f269d9ce0515@group-300C9206CE33-LeaderElection28] INFO  server.RaftServerConfigKeys (ConfUtils.java:logGet(46)) - raft.server.log.appender.snapshot.chunk.size.max = 16MB (=16777216) (default)
2024-01-29 07:42:41,301 [4014a93b-65b2-4fad-85e3-f269d9ce0515@group-300C9206CE33-LeaderElection28] INFO  server.RaftServerConfigKeys (ConfUtils.java:logGet(46)) - raft.server.log.appender.buffer.byte-limit = 8388608 (custom)
2024-01-29 07:42:41,301 [4014a93b-65b2-4fad-85e3-f269d9ce0515@group-300C9206CE33-LeaderElection28] INFO  server.RaftServerConfigKeys (ConfUtils.java:logGet(46)) - raft.server.log.appender.buffer.element-limit = 1 (custom)
2024-01-29 07:42:41,302 [4014a93b-65b2-4fad-85e3-f269d9ce0515@group-300C9206CE33-LeaderElection28] INFO  server.RaftServerConfigKeys (ConfUtils.java:logGet(46)) - raft.server.log.appender.wait-time.min = 0ms (custom)
2024-01-29 07:42:41,302 [4014a93b-65b2-4fad-85e3-f269d9ce0515@group-300C9206CE33-LeaderElection28] INFO  grpc.GrpcConfigKeys (ConfUtils.java:logGet(46)) - raft.grpc.server.leader.outstanding.appends.max = 8 (default)
2024-01-29 07:42:41,302 [4014a93b-65b2-4fad-85e3-f269d9ce0515@group-300C9206CE33-LeaderElection28] INFO  server.RaftServerConfigKeys (ConfUtils.java:logGet(46)) - raft.server.rpc.request.timeout = 3000ms (default)
2024-01-29 07:42:41,302 [4014a93b-65b2-4fad-85e3-f269d9ce0515@group-300C9206CE33-LeaderElection28] INFO  grpc.GrpcConfigKeys (ConfUtils.java:logGet(46)) - raft.grpc.server.install_snapshot.request.element-limit = 8 (default)
2024-01-29 07:42:41,302 [4014a93b-65b2-4fad-85e3-f269d9ce0515@group-300C9206CE33-LeaderElection28] INFO  grpc.GrpcConfigKeys (ConfUtils.java:logGet(46)) - raft.grpc.server.install_snapshot.request.timeout = 3000ms (default)
2024-01-29 07:42:41,302 [4014a93b-65b2-4fad-85e3-f269d9ce0515@group-300C9206CE33-LeaderElection28] INFO  grpc.GrpcConfigKeys (ConfUtils.java:logGet(46)) - raft.grpc.server.log-message.batch.duration = 5s (default)
2024-01-29 07:42:41,302 [4014a93b-65b2-4fad-85e3-f269d9ce0515@group-300C9206CE33-LeaderElection28] INFO  server.RaftServerConfigKeys (ConfUtils.java:logGet(46)) - raft.server.log.appender.install.snapshot.enabled = false (custom)
2024-01-29 07:42:41,302 [4014a93b-65b2-4fad-85e3-f269d9ce0515@group-300C9206CE33-LeaderElection28] INFO  grpc.GrpcConfigKeys (ConfUtils.java:logGet(46)) - raft.grpc.server.heartbeat.channel = true (default)
2024-01-29 07:42:41,302 [4014a93b-65b2-4fad-85e3-f269d9ce0515@group-300C9206CE33-LeaderElection28] INFO  server.RaftServerConfigKeys (ConfUtils.java:logGet(46)) - raft.server.log.appender.snapshot.chunk.size.max = 16MB (=16777216) (default)
2024-01-29 07:42:41,302 [4014a93b-65b2-4fad-85e3-f269d9ce0515@group-300C9206CE33-LeaderElection28] INFO  server.RaftServerConfigKeys (ConfUtils.java:logGet(46)) - raft.server.log.appender.buffer.byte-limit = 8388608 (custom)
2024-01-29 07:42:41,302 [4014a93b-65b2-4fad-85e3-f269d9ce0515@group-300C9206CE33-LeaderElection28] INFO  server.RaftServerConfigKeys (ConfUtils.java:logGet(46)) - raft.server.log.appender.buffer.element-limit = 1 (custom)
2024-01-29 07:42:41,303 [4014a93b-65b2-4fad-85e3-f269d9ce0515@group-300C9206CE33-LeaderElection28] INFO  server.RaftServerConfigKeys (ConfUtils.java:logGet(46)) - raft.server.log.appender.wait-time.min = 0ms (custom)
2024-01-29 07:42:41,303 [4014a93b-65b2-4fad-85e3-f269d9ce0515@group-300C9206CE33-LeaderElection28] INFO  grpc.GrpcConfigKeys (ConfUtils.java:logGet(46)) - raft.grpc.server.leader.outstanding.appends.max = 8 (default)
2024-01-29 07:42:41,303 [4014a93b-65b2-4fad-85e3-f269d9ce0515@group-300C9206CE33-LeaderElection28] INFO  server.RaftServerConfigKeys (ConfUtils.java:logGet(46)) - raft.server.rpc.request.timeout = 3000ms (default)
2024-01-29 07:42:41,303 [4014a93b-65b2-4fad-85e3-f269d9ce0515@group-300C9206CE33-LeaderElection28] INFO  grpc.GrpcConfigKeys (ConfUtils.java:logGet(46)) - raft.grpc.server.install_snapshot.request.element-limit = 8 (default)
2024-01-29 07:42:41,303 [4014a93b-65b2-4fad-85e3-f269d9ce0515@group-300C9206CE33-LeaderElection28] INFO  grpc.GrpcConfigKeys (ConfUtils.java:logGet(46)) - raft.grpc.server.install_snapshot.request.timeout = 3000ms (default)
2024-01-29 07:42:41,303 [4014a93b-65b2-4fad-85e3-f269d9ce0515@group-300C9206CE33-LeaderElection28] INFO  grpc.GrpcConfigKeys (ConfUtils.java:logGet(46)) - raft.grpc.server.log-message.batch.duration = 5s (default)
2024-01-29 07:42:41,303 [4014a93b-65b2-4fad-85e3-f269d9ce0515@group-300C9206CE33-LeaderElection28] INFO  server.RaftServerConfigKeys (ConfUtils.java:logGet(46)) - raft.server.log.appender.install.snapshot.enabled = false (custom)
2024-01-29 07:42:41,303 [4014a93b-65b2-4fad-85e3-f269d9ce0515@group-300C9206CE33-LeaderElection28] INFO  grpc.GrpcConfigKeys (ConfUtils.java:logGet(46)) - raft.grpc.server.heartbeat.channel = true (default)
2024-01-29 07:42:41,303 [4014a93b-65b2-4fad-85e3-f269d9ce0515@group-300C9206CE33-LeaderElection28] INFO  impl.RoleInfo (RoleInfo.java:updateAndGet(139)) - 4014a93b-65b2-4fad-85e3-f269d9ce0515: start 4014a93b-65b2-4fad-85e3-f269d9ce0515@group-300C9206CE33-LeaderStateImpl
2024-01-29 07:42:41,303 [4014a93b-65b2-4fad-85e3-f269d9ce0515@group-300C9206CE33-LeaderElection28] INFO  server.RaftServer$Division (RaftServerImpl.java:setFirstElection(574)) - 4014a93b-65b2-4fad-85e3-f269d9ce0515@group-300C9206CE33: set firstElectionSinceStartup to false for becomeLeader
2024-01-29 07:42:41,303 [4014a93b-65b2-4fad-85e3-f269d9ce0515@group-300C9206CE33-LeaderElection28] INFO  ratis.XceiverServerRatis (XceiverServerRatis.java:handleLeaderChangedNotification(966)) - Leader change notification received for group: group-300C9206CE33 with new leaderId: 4014a93b-65b2-4fad-85e3-f269d9ce0515
2024-01-29 07:42:41,303 [4014a93b-65b2-4fad-85e3-f269d9ce0515@group-300C9206CE33-LeaderElection28] INFO  server.RaftServer$Division (ServerState.java:setLeader(269)) - 4014a93b-65b2-4fad-85e3-f269d9ce0515@group-300C9206CE33: change Leader from null to 4014a93b-65b2-4fad-85e3-f269d9ce0515 at term 1 for becomeLeader, leader elected after 5087ms
2024-01-29 07:42:41,303 [4014a93b-65b2-4fad-85e3-f269d9ce0515@group-300C9206CE33-LeaderElection28] INFO  segmented.SegmentedRaftLogWorker (SegmentedRaftLogWorker.java:startLogSegment(430)) - 4014a93b-65b2-4fad-85e3-f269d9ce0515@group-300C9206CE33-SegmentedRaftLogWorker: Starting segment from index:0
2024-01-29 07:42:41,304 [4014a93b-65b2-4fad-85e3-f269d9ce0515@group-300C9206CE33-LeaderElection28] INFO  server.RaftServer$Division (ServerState.java:setRaftConf(386)) - 4014a93b-65b2-4fad-85e3-f269d9ce0515@group-300C9206CE33: set configuration 0: peers:[1256e137-4a60-4c2e-839e-27e972a873fc|10.1.0.7:15175, 4014a93b-65b2-4fad-85e3-f269d9ce0515|10.1.0.7:15157, f6f0dadf-556e-42a8-b6d8-b99280d4e6cc|10.1.0.7:15166]|listeners:[], old=null
2024-01-29 07:42:41,304 [4014a93b-65b2-4fad-85e3-f269d9ce0515@group-300C9206CE33-SegmentedRaftLogWorker] INFO  segmented.BufferedWriteChannel (BufferedWriteChannel.java:open(62)) - open log_inprogress_0 at position 0
2024-01-29 07:42:41,305 [EventQueue-PipelineReportForPipelineReportHandler] INFO  pipeline.PipelineReportHandler (PipelineReportHandler.java:processPipelineReport(136)) - Opened pipeline PipelineID=08ad69f3-d3a1-4e51-8ac6-300c9206ce33
2024-01-29 07:42:41,308 [1256e137-4a60-4c2e-839e-27e972a873fc-server-thread1] INFO  ratis.XceiverServerRatis (XceiverServerRatis.java:handleLeaderChangedNotification(966)) - Leader change notification received for group: group-300C9206CE33 with new leaderId: 4014a93b-65b2-4fad-85e3-f269d9ce0515
2024-01-29 07:42:41,308 [1256e137-4a60-4c2e-839e-27e972a873fc-server-thread1] INFO  server.RaftServer$Division (ServerState.java:setLeader(269)) - 1256e137-4a60-4c2e-839e-27e972a873fc@group-300C9206CE33: change Leader from null to 4014a93b-65b2-4fad-85e3-f269d9ce0515 at term 1 for appendEntries, leader elected after 5057ms
2024-01-29 07:42:41,313 [4014a93b-65b2-4fad-85e3-f269d9ce0515@group-300C9206CE33-SegmentedRaftLogWorker] INFO  segmented.SegmentedRaftLogWorker (SegmentedRaftLogWorker.java:execute(634)) - 4014a93b-65b2-4fad-85e3-f269d9ce0515@group-300C9206CE33-SegmentedRaftLogWorker: created new log segment /home/runner/work/ozone/ozone/hadoop-ozone/integration-test/target/test-dir/MiniOzoneClusterImpl-43c44e75-c492-4a39-944e-601a0ff30632/datanode-6/data/ratis/08ad69f3-d3a1-4e51-8ac6-300c9206ce33/current/log_inprogress_0
2024-01-29 07:42:41,313 [1256e137-4a60-4c2e-839e-27e972a873fc-server-thread2] INFO  server.RaftServer$Division (ServerState.java:setRaftConf(386)) - 1256e137-4a60-4c2e-839e-27e972a873fc@group-300C9206CE33: set configuration 0: peers:[1256e137-4a60-4c2e-839e-27e972a873fc|10.1.0.7:15175, 4014a93b-65b2-4fad-85e3-f269d9ce0515|10.1.0.7:15157, f6f0dadf-556e-42a8-b6d8-b99280d4e6cc|10.1.0.7:15166]|listeners:[], old=null
2024-01-29 07:42:41,314 [1256e137-4a60-4c2e-839e-27e972a873fc-server-thread2] INFO  segmented.SegmentedRaftLogWorker (SegmentedRaftLogWorker.java:startLogSegment(430)) - 1256e137-4a60-4c2e-839e-27e972a873fc@group-300C9206CE33-SegmentedRaftLogWorker: Starting segment from index:0
2024-01-29 07:42:41,314 [1256e137-4a60-4c2e-839e-27e972a873fc@group-300C9206CE33-SegmentedRaftLogWorker] INFO  segmented.BufferedWriteChannel (BufferedWriteChannel.java:open(62)) - open log_inprogress_0 at position 0
2024-01-29 07:42:41,317 [f6f0dadf-556e-42a8-b6d8-b99280d4e6cc-server-thread1] INFO  ratis.XceiverServerRatis (XceiverServerRatis.java:handleLeaderChangedNotification(966)) - Leader change notification received for group: group-300C9206CE33 with new leaderId: 4014a93b-65b2-4fad-85e3-f269d9ce0515
2024-01-29 07:42:41,317 [f6f0dadf-556e-42a8-b6d8-b99280d4e6cc-server-thread1] INFO  server.RaftServer$Division (ServerState.java:setLeader(269)) - f6f0dadf-556e-42a8-b6d8-b99280d4e6cc@group-300C9206CE33: change Leader from null to 4014a93b-65b2-4fad-85e3-f269d9ce0515 at term 1 for appendEntries, leader elected after 5033ms
2024-01-29 07:42:41,319 [f6f0dadf-556e-42a8-b6d8-b99280d4e6cc-server-thread2] INFO  server.RaftServer$Division (ServerState.java:setRaftConf(386)) - f6f0dadf-556e-42a8-b6d8-b99280d4e6cc@group-300C9206CE33: set configuration 0: peers:[1256e137-4a60-4c2e-839e-27e972a873fc|10.1.0.7:15175, 4014a93b-65b2-4fad-85e3-f269d9ce0515|10.1.0.7:15157, f6f0dadf-556e-42a8-b6d8-b99280d4e6cc|10.1.0.7:15166]|listeners:[], old=null
2024-01-29 07:42:41,319 [f6f0dadf-556e-42a8-b6d8-b99280d4e6cc-server-thread2] INFO  segmented.SegmentedRaftLogWorker (SegmentedRaftLogWorker.java:startLogSegment(430)) - f6f0dadf-556e-42a8-b6d8-b99280d4e6cc@group-300C9206CE33-SegmentedRaftLogWorker: Starting segment from index:0
2024-01-29 07:42:41,320 [f6f0dadf-556e-42a8-b6d8-b99280d4e6cc@group-300C9206CE33-SegmentedRaftLogWorker] INFO  segmented.BufferedWriteChannel (BufferedWriteChannel.java:open(62)) - open log_inprogress_0 at position 0
2024-01-29 07:42:41,328 [1256e137-4a60-4c2e-839e-27e972a873fc@group-300C9206CE33-SegmentedRaftLogWorker] INFO  segmented.SegmentedRaftLogWorker (SegmentedRaftLogWorker.java:execute(634)) - 1256e137-4a60-4c2e-839e-27e972a873fc@group-300C9206CE33-SegmentedRaftLogWorker: created new log segment /home/runner/work/ozone/ozone/hadoop-ozone/integration-test/target/test-dir/MiniOzoneClusterImpl-43c44e75-c492-4a39-944e-601a0ff30632/datanode-8/data/ratis/08ad69f3-d3a1-4e51-8ac6-300c9206ce33/current/log_inprogress_0
2024-01-29 07:42:41,328 [f6f0dadf-556e-42a8-b6d8-b99280d4e6cc@group-300C9206CE33-SegmentedRaftLogWorker] INFO  segmented.SegmentedRaftLogWorker (SegmentedRaftLogWorker.java:execute(634)) - f6f0dadf-556e-42a8-b6d8-b99280d4e6cc@group-300C9206CE33-SegmentedRaftLogWorker: created new log segment /home/runner/work/ozone/ozone/hadoop-ozone/integration-test/target/test-dir/MiniOzoneClusterImpl-43c44e75-c492-4a39-944e-601a0ff30632/datanode-7/data/ratis/08ad69f3-d3a1-4e51-8ac6-300c9206ce33/current/log_inprogress_0
2024-01-29 07:42:41,331 [4014a93b-65b2-4fad-85e3-f269d9ce0515@group-300C9206CE33-StateMachineUpdater] INFO  server.RaftServer$Division (LeaderStateImpl.java:isApplied(320)) - leader is ready since appliedIndex == 0 >= startIndex == 0
2024-01-29 07:42:41,401 [4014a93b-65b2-4fad-85e3-f269d9ce0515@group-C3E4D582E014-FollowerState] INFO  impl.FollowerState (FollowerState.java:run(143)) - 4014a93b-65b2-4fad-85e3-f269d9ce0515@group-C3E4D582E014-FollowerState: change to CANDIDATE, lastRpcElapsedTime:5188427000ns, electionTimeout:5188ms
2024-01-29 07:42:41,402 [4014a93b-65b2-4fad-85e3-f269d9ce0515@group-C3E4D582E014-FollowerState] INFO  impl.RoleInfo (RoleInfo.java:shutdownFollowerState(110)) - 4014a93b-65b2-4fad-85e3-f269d9ce0515: shutdown 4014a93b-65b2-4fad-85e3-f269d9ce0515@group-C3E4D582E014-FollowerState
2024-01-29 07:42:41,402 [4014a93b-65b2-4fad-85e3-f269d9ce0515@group-C3E4D582E014-FollowerState] INFO  server.RaftServer$Division (RaftServerImpl.java:setRole(383)) - 4014a93b-65b2-4fad-85e3-f269d9ce0515@group-C3E4D582E014: changes role from  FOLLOWER to CANDIDATE at term 0 for changeToCandidate
2024-01-29 07:42:41,402 [4014a93b-65b2-4fad-85e3-f269d9ce0515@group-C3E4D582E014-FollowerState] INFO  server.RaftServerConfigKeys (ConfUtils.java:logGet(46)) - raft.server.leaderelection.pre-vote = true (default)
2024-01-29 07:42:41,402 [4014a93b-65b2-4fad-85e3-f269d9ce0515@group-C3E4D582E014-FollowerState] INFO  impl.RoleInfo (RoleInfo.java:updateAndGet(139)) - 4014a93b-65b2-4fad-85e3-f269d9ce0515: start 4014a93b-65b2-4fad-85e3-f269d9ce0515@group-C3E4D582E014-LeaderElection30
2024-01-29 07:42:41,404 [4014a93b-65b2-4fad-85e3-f269d9ce0515@group-C3E4D582E014-LeaderElection30] INFO  impl.LeaderElection (LeaderElection.java:askForVotes(321)) - 4014a93b-65b2-4fad-85e3-f269d9ce0515@group-C3E4D582E014-LeaderElection30 PRE_VOTE round 0: submit vote requests at term 0 for -1: peers:[4014a93b-65b2-4fad-85e3-f269d9ce0515|10.1.0.7:15157]|listeners:[], old=null
2024-01-29 07:42:41,404 [4014a93b-65b2-4fad-85e3-f269d9ce0515@group-C3E4D582E014-LeaderElection30] INFO  impl.LeaderElection (LeaderElection.java:askForVotes(323)) - 4014a93b-65b2-4fad-85e3-f269d9ce0515@group-C3E4D582E014-LeaderElection30 PRE_VOTE round 0: result PASSED (term=0)
2024-01-29 07:42:41,405 [4014a93b-65b2-4fad-85e3-f269d9ce0515@group-C3E4D582E014-LeaderElection30] INFO  impl.LeaderElection (LeaderElection.java:askForVotes(321)) - 4014a93b-65b2-4fad-85e3-f269d9ce0515@group-C3E4D582E014-LeaderElection30 ELECTION round 0: submit vote requests at term 1 for -1: peers:[4014a93b-65b2-4fad-85e3-f269d9ce0515|10.1.0.7:15157]|listeners:[], old=null
2024-01-29 07:42:41,405 [4014a93b-65b2-4fad-85e3-f269d9ce0515@group-C3E4D582E014-LeaderElection30] INFO  impl.LeaderElection (LeaderElection.java:askForVotes(323)) - 4014a93b-65b2-4fad-85e3-f269d9ce0515@group-C3E4D582E014-LeaderElection30 ELECTION round 0: result PASSED (term=1)
2024-01-29 07:42:41,405 [4014a93b-65b2-4fad-85e3-f269d9ce0515@group-C3E4D582E014-LeaderElection30] INFO  impl.RoleInfo (RoleInfo.java:shutdownLeaderElection(130)) - 4014a93b-65b2-4fad-85e3-f269d9ce0515: shutdown 4014a93b-65b2-4fad-85e3-f269d9ce0515@group-C3E4D582E014-LeaderElection30
2024-01-29 07:42:41,405 [4014a93b-65b2-4fad-85e3-f269d9ce0515@group-C3E4D582E014-LeaderElection30] INFO  server.RaftServer$Division (RaftServerImpl.java:setRole(383)) - 4014a93b-65b2-4fad-85e3-f269d9ce0515@group-C3E4D582E014: changes role from CANDIDATE to LEADER at term 1 for changeToLeader
2024-01-29 07:42:41,405 [4014a93b-65b2-4fad-85e3-f269d9ce0515@group-C3E4D582E014-LeaderElection30] INFO  server.RaftServerConfigKeys (ConfUtils.java:logGet(46)) - raft.server.staging.catchup.gap = 1000 (default)
2024-01-29 07:42:41,405 [4014a93b-65b2-4fad-85e3-f269d9ce0515@group-C3E4D582E014-LeaderElection30] INFO  server.RaftServerConfigKeys (ConfUtils.java:logGet(46)) - raft.server.write.element-limit = 1024 (custom)
2024-01-29 07:42:41,405 [4014a93b-65b2-4fad-85e3-f269d9ce0515@group-C3E4D582E014-LeaderElection30] INFO  server.RaftServerConfigKeys (ConfUtils.java:logGet(46)) - raft.server.write.byte-limit = 1024 M (=1073741824) (custom)
2024-01-29 07:42:41,405 [4014a93b-65b2-4fad-85e3-f269d9ce0515@group-C3E4D582E014-LeaderElection30] INFO  server.RaftServerConfigKeys (ConfUtils.java:logGet(46)) - raft.server.watch.timeout = 3000ms (custom)
2024-01-29 07:42:41,406 [4014a93b-65b2-4fad-85e3-f269d9ce0515@group-C3E4D582E014-LeaderElection30] INFO  server.RaftServerConfigKeys (ConfUtils.java:logGet(46)) - raft.server.watch.timeout.denomination = 1s (default)
2024-01-29 07:42:41,406 [4014a93b-65b2-4fad-85e3-f269d9ce0515@group-C3E4D582E014-LeaderElection30] INFO  server.RaftServerConfigKeys (ConfUtils.java:logGet(46)) - raft.server.watch.element-limit = 65536 (default)
2024-01-29 07:42:41,406 [4014a93b-65b2-4fad-85e3-f269d9ce0515@group-C3E4D582E014-LeaderElection30] INFO  server.RaftServerConfigKeys (ConfUtils.java:logGet(46)) - raft.server.read.leader.lease.enabled = false (default)
2024-01-29 07:42:41,406 [4014a93b-65b2-4fad-85e3-f269d9ce0515@group-C3E4D582E014-LeaderElection30] INFO  server.RaftServerConfigKeys (ConfUtils.java:logGet(46)) - raft.server.read.leader.lease.timeout.ratio = 0.9 (default)
2024-01-29 07:42:41,406 [4014a93b-65b2-4fad-85e3-f269d9ce0515@group-C3E4D582E014-LeaderElection30] INFO  server.RaftServerConfigKeys (ConfUtils.java:logGet(46)) - raft.server.rpc.timeout.min = 5s (custom)
2024-01-29 07:42:41,406 [4014a93b-65b2-4fad-85e3-f269d9ce0515@group-C3E4D582E014-LeaderElection30] INFO  server.RaftServerConfigKeys (ConfUtils.java:logGet(46)) - raft.server.write.element-limit = 1024 (custom)
2024-01-29 07:42:41,406 [4014a93b-65b2-4fad-85e3-f269d9ce0515@group-C3E4D582E014-LeaderElection30] INFO  server.RaftServerConfigKeys (ConfUtils.java:logGet(46)) - raft.server.write.follower.gap.ratio.max = -1.0 (default)
2024-01-29 07:42:41,406 [4014a93b-65b2-4fad-85e3-f269d9ce0515@group-C3E4D582E014-LeaderElection30] INFO  impl.RoleInfo (RoleInfo.java:updateAndGet(139)) - 4014a93b-65b2-4fad-85e3-f269d9ce0515: start 4014a93b-65b2-4fad-85e3-f269d9ce0515@group-C3E4D582E014-LeaderStateImpl
2024-01-29 07:42:41,406 [4014a93b-65b2-4fad-85e3-f269d9ce0515@group-C3E4D582E014-LeaderElection30] INFO  server.RaftServer$Division (RaftServerImpl.java:setFirstElection(574)) - 4014a93b-65b2-4fad-85e3-f269d9ce0515@group-C3E4D582E014: set firstElectionSinceStartup to false for becomeLeader
2024-01-29 07:42:41,406 [4014a93b-65b2-4fad-85e3-f269d9ce0515@group-C3E4D582E014-LeaderElection30] INFO  ratis.XceiverServerRatis (XceiverServerRatis.java:handleLeaderChangedNotification(966)) - Leader change notification received for group: group-C3E4D582E014 with new leaderId: 4014a93b-65b2-4fad-85e3-f269d9ce0515
2024-01-29 07:42:41,406 [4014a93b-65b2-4fad-85e3-f269d9ce0515@group-C3E4D582E014-LeaderElection30] INFO  server.RaftServer$Division (ServerState.java:setLeader(269)) - 4014a93b-65b2-4fad-85e3-f269d9ce0515@group-C3E4D582E014: change Leader from null to 4014a93b-65b2-4fad-85e3-f269d9ce0515 at term 1 for becomeLeader, leader elected after 5204ms
2024-01-29 07:42:41,406 [4014a93b-65b2-4fad-85e3-f269d9ce0515@group-C3E4D582E014-LeaderElection30] INFO  segmented.SegmentedRaftLogWorker (SegmentedRaftLogWorker.java:startLogSegment(430)) - 4014a93b-65b2-4fad-85e3-f269d9ce0515@group-C3E4D582E014-SegmentedRaftLogWorker: Starting segment from index:0
2024-01-29 07:42:41,407 [4014a93b-65b2-4fad-85e3-f269d9ce0515@group-C3E4D582E014-LeaderElection30] INFO  server.RaftServer$Division (ServerState.java:setRaftConf(386)) - 4014a93b-65b2-4fad-85e3-f269d9ce0515@group-C3E4D582E014: set configuration 0: peers:[4014a93b-65b2-4fad-85e3-f269d9ce0515|10.1.0.7:15157]|listeners:[], old=null
2024-01-29 07:42:41,408 [4014a93b-65b2-4fad-85e3-f269d9ce0515@group-C3E4D582E014-SegmentedRaftLogWorker] INFO  segmented.BufferedWriteChannel (BufferedWriteChannel.java:open(62)) - open log_inprogress_0 at position 0
2024-01-29 07:42:41,415 [4014a93b-65b2-4fad-85e3-f269d9ce0515@group-C3E4D582E014-SegmentedRaftLogWorker] INFO  segmented.SegmentedRaftLogWorker (SegmentedRaftLogWorker.java:execute(634)) - 4014a93b-65b2-4fad-85e3-f269d9ce0515@group-C3E4D582E014-SegmentedRaftLogWorker: created new log segment /home/runner/work/ozone/ozone/hadoop-ozone/integration-test/target/test-dir/MiniOzoneClusterImpl-43c44e75-c492-4a39-944e-601a0ff30632/datanode-6/data/ratis/3bd9dfdd-18fa-4adf-bc8f-c3e4d582e014/current/log_inprogress_0
2024-01-29 07:42:41,416 [4014a93b-65b2-4fad-85e3-f269d9ce0515@group-C3E4D582E014-StateMachineUpdater] INFO  server.RaftServer$Division (LeaderStateImpl.java:isApplied(320)) - leader is ready since appliedIndex == 0 >= startIndex == 0
2024-01-29 07:42:41,467 [main] INFO  ozone.MiniOzoneClusterImpl (MiniOzoneClusterImpl.java:lambda$waitForClusterToBeReady$0(229)) - Nodes are ready. Got 9 of 9 DN Heartbeats.
2024-01-29 07:42:41,467 [main] INFO  ozone.MiniOzoneClusterImpl (MiniOzoneClusterImpl.java:lambda$waitForClusterToBeReady$0(232)) - Cluster exits safe mode
2024-01-29 07:42:41,467 [main] INFO  ozone.MiniOzoneClusterImpl (MiniOzoneClusterImpl.java:lambda$waitForClusterToBeReady$0(234)) - SCM became leader
2024-01-29 07:42:41,468 [main] INFO  protocolPB.OmTransportFactory (OmTransportFactory.java:createFactory(62)) - Loading OM transport implementation org.apache.hadoop.ozone.om.protocolPB.Hadoop3OmTransportFactory as specified by configuration.
2024-01-29 07:42:41,477 [main] INFO  rpc.RpcClient (RpcClient.java:createVolume(455)) - Creating Volume: watchforcommithandlingtest, with runner as owner and space quota set to -1 bytes, counts quota set to -1
2024-01-29 07:42:41,478 [f6f0dadf-556e-42a8-b6d8-b99280d4e6cc@group-135ACD05C6DA-FollowerState] INFO  impl.FollowerState (FollowerState.java:run(143)) - f6f0dadf-556e-42a8-b6d8-b99280d4e6cc@group-135ACD05C6DA-FollowerState: change to CANDIDATE, lastRpcElapsedTime:5124489925ns, electionTimeout:5124ms
2024-01-29 07:42:41,478 [f6f0dadf-556e-42a8-b6d8-b99280d4e6cc@group-135ACD05C6DA-FollowerState] INFO  impl.RoleInfo (RoleInfo.java:shutdownFollowerState(110)) - f6f0dadf-556e-42a8-b6d8-b99280d4e6cc: shutdown f6f0dadf-556e-42a8-b6d8-b99280d4e6cc@group-135ACD05C6DA-FollowerState
2024-01-29 07:42:41,479 [f6f0dadf-556e-42a8-b6d8-b99280d4e6cc@group-135ACD05C6DA-FollowerState] INFO  server.RaftServer$Division (RaftServerImpl.java:setRole(383)) - f6f0dadf-556e-42a8-b6d8-b99280d4e6cc@group-135ACD05C6DA: changes role from  FOLLOWER to CANDIDATE at term 0 for changeToCandidate
2024-01-29 07:42:41,479 [f6f0dadf-556e-42a8-b6d8-b99280d4e6cc@group-135ACD05C6DA-FollowerState] INFO  server.RaftServerConfigKeys (ConfUtils.java:logGet(46)) - raft.server.leaderelection.pre-vote = true (default)
2024-01-29 07:42:41,479 [f6f0dadf-556e-42a8-b6d8-b99280d4e6cc@group-135ACD05C6DA-FollowerState] INFO  impl.RoleInfo (RoleInfo.java:updateAndGet(139)) - f6f0dadf-556e-42a8-b6d8-b99280d4e6cc: start f6f0dadf-556e-42a8-b6d8-b99280d4e6cc@group-135ACD05C6DA-LeaderElection31
2024-01-29 07:42:41,482 [f6f0dadf-556e-42a8-b6d8-b99280d4e6cc@group-135ACD05C6DA-LeaderElection31] INFO  impl.LeaderElection (LeaderElection.java:askForVotes(321)) - f6f0dadf-556e-42a8-b6d8-b99280d4e6cc@group-135ACD05C6DA-LeaderElection31 PRE_VOTE round 0: submit vote requests at term 0 for -1: peers:[f6f0dadf-556e-42a8-b6d8-b99280d4e6cc|10.1.0.7:15166]|listeners:[], old=null
2024-01-29 07:42:41,482 [f6f0dadf-556e-42a8-b6d8-b99280d4e6cc@group-135ACD05C6DA-LeaderElection31] INFO  impl.LeaderElection (LeaderElection.java:askForVotes(323)) - f6f0dadf-556e-42a8-b6d8-b99280d4e6cc@group-135ACD05C6DA-LeaderElection31 PRE_VOTE round 0: result PASSED (term=0)
2024-01-29 07:42:41,483 [f6f0dadf-556e-42a8-b6d8-b99280d4e6cc@group-135ACD05C6DA-LeaderElection31] INFO  impl.LeaderElection (LeaderElection.java:askForVotes(321)) - f6f0dadf-556e-42a8-b6d8-b99280d4e6cc@group-135ACD05C6DA-LeaderElection31 ELECTION round 0: submit vote requests at term 1 for -1: peers:[f6f0dadf-556e-42a8-b6d8-b99280d4e6cc|10.1.0.7:15166]|listeners:[], old=null
2024-01-29 07:42:41,483 [f6f0dadf-556e-42a8-b6d8-b99280d4e6cc@group-135ACD05C6DA-LeaderElection31] INFO  impl.LeaderElection (LeaderElection.java:askForVotes(323)) - f6f0dadf-556e-42a8-b6d8-b99280d4e6cc@group-135ACD05C6DA-LeaderElection31 ELECTION round 0: result PASSED (term=1)
2024-01-29 07:42:41,483 [f6f0dadf-556e-42a8-b6d8-b99280d4e6cc@group-135ACD05C6DA-LeaderElection31] INFO  impl.RoleInfo (RoleInfo.java:shutdownLeaderElection(130)) - f6f0dadf-556e-42a8-b6d8-b99280d4e6cc: shutdown f6f0dadf-556e-42a8-b6d8-b99280d4e6cc@group-135ACD05C6DA-LeaderElection31
2024-01-29 07:42:41,483 [f6f0dadf-556e-42a8-b6d8-b99280d4e6cc@group-135ACD05C6DA-LeaderElection31] INFO  server.RaftServer$Division (RaftServerImpl.java:setRole(383)) - f6f0dadf-556e-42a8-b6d8-b99280d4e6cc@group-135ACD05C6DA: changes role from CANDIDATE to LEADER at term 1 for changeToLeader
2024-01-29 07:42:41,484 [f6f0dadf-556e-42a8-b6d8-b99280d4e6cc@group-135ACD05C6DA-LeaderElection31] INFO  server.RaftServerConfigKeys (ConfUtils.java:logGet(46)) - raft.server.staging.catchup.gap = 1000 (default)
2024-01-29 07:42:41,484 [f6f0dadf-556e-42a8-b6d8-b99280d4e6cc@group-135ACD05C6DA-LeaderElection31] INFO  server.RaftServerConfigKeys (ConfUtils.java:logGet(46)) - raft.server.write.element-limit = 1024 (custom)
2024-01-29 07:42:41,484 [f6f0dadf-556e-42a8-b6d8-b99280d4e6cc@group-135ACD05C6DA-LeaderElection31] INFO  server.RaftServerConfigKeys (ConfUtils.java:logGet(46)) - raft.server.write.byte-limit = 1024 M (=1073741824) (custom)
2024-01-29 07:42:41,484 [om1-OMStateMachineApplyTransactionThread - 0] INFO  volume.OMVolumeCreateRequest (OMVolumeCreateRequest.java:validateAndUpdateCache(198)) - created volume:watchforcommithandlingtest for user:runner
2024-01-29 07:42:41,485 [f6f0dadf-556e-42a8-b6d8-b99280d4e6cc@group-135ACD05C6DA-LeaderElection31] INFO  server.RaftServerConfigKeys (ConfUtils.java:logGet(46)) - raft.server.watch.timeout = 3000ms (custom)
2024-01-29 07:42:41,485 [f6f0dadf-556e-42a8-b6d8-b99280d4e6cc@group-135ACD05C6DA-LeaderElection31] INFO  server.RaftServerConfigKeys (ConfUtils.java:logGet(46)) - raft.server.watch.timeout.denomination = 1s (default)
2024-01-29 07:42:41,485 [f6f0dadf-556e-42a8-b6d8-b99280d4e6cc@group-135ACD05C6DA-LeaderElection31] INFO  server.RaftServerConfigKeys (ConfUtils.java:logGet(46)) - raft.server.watch.element-limit = 65536 (default)
2024-01-29 07:42:41,485 [f6f0dadf-556e-42a8-b6d8-b99280d4e6cc@group-135ACD05C6DA-LeaderElection31] INFO  server.RaftServerConfigKeys (ConfUtils.java:logGet(46)) - raft.server.read.leader.lease.enabled = false (default)
2024-01-29 07:42:41,485 [f6f0dadf-556e-42a8-b6d8-b99280d4e6cc@group-135ACD05C6DA-LeaderElection31] INFO  server.RaftServerConfigKeys (ConfUtils.java:logGet(46)) - raft.server.read.leader.lease.timeout.ratio = 0.9 (default)
2024-01-29 07:42:41,485 [f6f0dadf-556e-42a8-b6d8-b99280d4e6cc@group-135ACD05C6DA-LeaderElection31] INFO  server.RaftServerConfigKeys (ConfUtils.java:logGet(46)) - raft.server.rpc.timeout.min = 5s (custom)
2024-01-29 07:42:41,485 [f6f0dadf-556e-42a8-b6d8-b99280d4e6cc@group-135ACD05C6DA-LeaderElection31] INFO  server.RaftServerConfigKeys (ConfUtils.java:logGet(46)) - raft.server.write.element-limit = 1024 (custom)
2024-01-29 07:42:41,486 [f6f0dadf-556e-42a8-b6d8-b99280d4e6cc@group-135ACD05C6DA-LeaderElection31] INFO  server.RaftServerConfigKeys (ConfUtils.java:logGet(46)) - raft.server.write.follower.gap.ratio.max = -1.0 (default)
2024-01-29 07:42:41,486 [f6f0dadf-556e-42a8-b6d8-b99280d4e6cc@group-135ACD05C6DA-LeaderElection31] INFO  impl.RoleInfo (RoleInfo.java:updateAndGet(139)) - f6f0dadf-556e-42a8-b6d8-b99280d4e6cc: start f6f0dadf-556e-42a8-b6d8-b99280d4e6cc@group-135ACD05C6DA-LeaderStateImpl
2024-01-29 07:42:41,486 [f6f0dadf-556e-42a8-b6d8-b99280d4e6cc@group-135ACD05C6DA-LeaderElection31] INFO  server.RaftServer$Division (RaftServerImpl.java:setFirstElection(574)) - f6f0dadf-556e-42a8-b6d8-b99280d4e6cc@group-135ACD05C6DA: set firstElectionSinceStartup to false for becomeLeader
2024-01-29 07:42:41,486 [f6f0dadf-556e-42a8-b6d8-b99280d4e6cc@group-135ACD05C6DA-LeaderElection31] INFO  ratis.XceiverServerRatis (XceiverServerRatis.java:handleLeaderChangedNotification(966)) - Leader change notification received for group: group-135ACD05C6DA with new leaderId: f6f0dadf-556e-42a8-b6d8-b99280d4e6cc
2024-01-29 07:42:41,486 [f6f0dadf-556e-42a8-b6d8-b99280d4e6cc@group-135ACD05C6DA-LeaderElection31] INFO  server.RaftServer$Division (ServerState.java:setLeader(269)) - f6f0dadf-556e-42a8-b6d8-b99280d4e6cc@group-135ACD05C6DA: change Leader from null to f6f0dadf-556e-42a8-b6d8-b99280d4e6cc at term 1 for becomeLeader, leader elected after 5147ms
2024-01-29 07:42:41,486 [f6f0dadf-556e-42a8-b6d8-b99280d4e6cc@group-135ACD05C6DA-LeaderElection31] INFO  segmented.SegmentedRaftLogWorker (SegmentedRaftLogWorker.java:startLogSegment(430)) - f6f0dadf-556e-42a8-b6d8-b99280d4e6cc@group-135ACD05C6DA-SegmentedRaftLogWorker: Starting segment from index:0
2024-01-29 07:42:41,493 [f6f0dadf-556e-42a8-b6d8-b99280d4e6cc@group-135ACD05C6DA-SegmentedRaftLogWorker] INFO  segmented.BufferedWriteChannel (BufferedWriteChannel.java:open(62)) - open log_inprogress_0 at position 0
2024-01-29 07:42:41,495 [f6f0dadf-556e-42a8-b6d8-b99280d4e6cc@group-135ACD05C6DA-LeaderElection31] INFO  server.RaftServer$Division (ServerState.java:setRaftConf(386)) - f6f0dadf-556e-42a8-b6d8-b99280d4e6cc@group-135ACD05C6DA: set configuration 0: peers:[f6f0dadf-556e-42a8-b6d8-b99280d4e6cc|10.1.0.7:15166]|listeners:[], old=null
2024-01-29 07:42:41,497 [main] INFO  rpc.RpcClient (RpcClient.java:createBucket(682)) - Creating Bucket: watchforcommithandlingtest/watchforcommithandlingtest, with server-side default bucket layout, runner as owner, Versioning false, Storage Type set to DISK and Encryption set to false, Replication Type set to server-side default replication type, Namespace Quota set to -1, Space Quota set to -1 
2024-01-29 07:42:41,502 [om1-OMStateMachineApplyTransactionThread - 0] INFO  bucket.OMBucketCreateRequest (OMBucketCreateRequest.java:validateAndUpdateCache(292)) - created bucket: watchforcommithandlingtest of layout FILE_SYSTEM_OPTIMIZED in volume: watchforcommithandlingtest
2024-01-29 07:42:41,503 [f6f0dadf-556e-42a8-b6d8-b99280d4e6cc@group-135ACD05C6DA-SegmentedRaftLogWorker] INFO  segmented.SegmentedRaftLogWorker (SegmentedRaftLogWorker.java:execute(634)) - f6f0dadf-556e-42a8-b6d8-b99280d4e6cc@group-135ACD05C6DA-SegmentedRaftLogWorker: created new log segment /home/runner/work/ozone/ozone/hadoop-ozone/integration-test/target/test-dir/MiniOzoneClusterImpl-43c44e75-c492-4a39-944e-601a0ff30632/datanode-7/data/ratis/a66cae9d-107b-4d0b-914b-135acd05c6da/current/log_inprogress_0
2024-01-29 07:42:41,506 [f6f0dadf-556e-42a8-b6d8-b99280d4e6cc@group-135ACD05C6DA-StateMachineUpdater] INFO  server.RaftServer$Division (LeaderStateImpl.java:isApplied(320)) - leader is ready since appliedIndex == 0 >= startIndex == 0
2024-01-29 07:42:41,513 [IPC Server handler 0 on default port 15089] INFO  ha.SequenceIdGenerator (SequenceIdGenerator.java:getNextId(145)) - Allocate a batch for containerId, change lastId from 0 to 1000.
2024-01-29 07:42:41,548 [main] INFO  ozoneimpl.OzoneContainer (OzoneContainer.java:stop(479)) - Attempting to stop container services.
2024-01-29 07:42:41,549 [main] INFO  server.RaftServer (RaftServerProxy.java:lambda$close$9(416)) - d4227e66-29fb-4e8c-95fa-da42bedd0d48: close
2024-01-29 07:42:41,549 [d4227e66-29fb-4e8c-95fa-da42bedd0d48-impl-thread1] INFO  server.RaftServer$Division (RaftServerImpl.java:lambda$close$3(526)) - d4227e66-29fb-4e8c-95fa-da42bedd0d48@group-322C76EB552B: shutdown
2024-01-29 07:42:41,549 [main] INFO  server.GrpcService (GrpcService.java:closeImpl(311)) - d4227e66-29fb-4e8c-95fa-da42bedd0d48: shutdown server org.apache.ratis.grpc.server.GrpcClientProtocolService now
2024-01-29 07:42:41,550 [d4227e66-29fb-4e8c-95fa-da42bedd0d48-impl-thread2] INFO  server.RaftServer$Division (RaftServerImpl.java:lambda$close$3(526)) - d4227e66-29fb-4e8c-95fa-da42bedd0d48@group-55EB5D85A497: shutdown
2024-01-29 07:42:41,550 [d4227e66-29fb-4e8c-95fa-da42bedd0d48-impl-thread2] INFO  util.JmxRegister (JmxRegister.java:unregister(73)) - Successfully un-registered JMX Bean with object name Ratis:service=RaftServer,group=group-55EB5D85A497,id=d4227e66-29fb-4e8c-95fa-da42bedd0d48
2024-01-29 07:42:41,550 [d4227e66-29fb-4e8c-95fa-da42bedd0d48-impl-thread2] INFO  impl.RoleInfo (RoleInfo.java:shutdownFollowerState(110)) - d4227e66-29fb-4e8c-95fa-da42bedd0d48: shutdown d4227e66-29fb-4e8c-95fa-da42bedd0d48@group-55EB5D85A497-FollowerState
2024-01-29 07:42:41,549 [d4227e66-29fb-4e8c-95fa-da42bedd0d48-impl-thread1] INFO  util.JmxRegister (JmxRegister.java:unregister(73)) - Successfully un-registered JMX Bean with object name Ratis:service=RaftServer,group=group-322C76EB552B,id=d4227e66-29fb-4e8c-95fa-da42bedd0d48
2024-01-29 07:42:41,550 [d4227e66-29fb-4e8c-95fa-da42bedd0d48-impl-thread1] INFO  impl.RoleInfo (RoleInfo.java:shutdownLeaderState(94)) - d4227e66-29fb-4e8c-95fa-da42bedd0d48: shutdown d4227e66-29fb-4e8c-95fa-da42bedd0d48@group-322C76EB552B-LeaderStateImpl
2024-01-29 07:42:41,550 [d4227e66-29fb-4e8c-95fa-da42bedd0d48-impl-thread1] INFO  impl.PendingRequests (PendingRequests.java:sendNotLeaderResponses(289)) - d4227e66-29fb-4e8c-95fa-da42bedd0d48@group-322C76EB552B-PendingRequests: sendNotLeaderResponses
2024-01-29 07:42:41,550 [d4227e66-29fb-4e8c-95fa-da42bedd0d48-impl-thread1] INFO  impl.StateMachineUpdater (StateMachineUpdater.java:stopAndJoin(157)) - d4227e66-29fb-4e8c-95fa-da42bedd0d48@group-322C76EB552B-StateMachineUpdater: set stopIndex = 0
2024-01-29 07:42:41,550 [d4227e66-29fb-4e8c-95fa-da42bedd0d48@group-322C76EB552B-StateMachineUpdater] INFO  ratis.ContainerStateMachine (ContainerStateMachine.java:takeSnapshot(355)) - group-322C76EB552B: Taking a snapshot at:(t:1, i:0) file /home/runner/work/ozone/ozone/hadoop-ozone/integration-test/target/test-dir/MiniOzoneClusterImpl-43c44e75-c492-4a39-944e-601a0ff30632/datanode-3/data/ratis/09b08d91-6932-4c97-b9bb-322c76eb552b/sm/snapshot.1_0
2024-01-29 07:42:41,551 [d4227e66-29fb-4e8c-95fa-da42bedd0d48@group-55EB5D85A497-FollowerState] INFO  impl.FollowerState (FollowerState.java:run(152)) - d4227e66-29fb-4e8c-95fa-da42bedd0d48@group-55EB5D85A497-FollowerState was interrupted
2024-01-29 07:42:41,551 [d4227e66-29fb-4e8c-95fa-da42bedd0d48@group-55EB5D85A497-StateMachineUpdater] INFO  ratis.ContainerStateMachine (ContainerStateMachine.java:takeSnapshot(355)) - group-55EB5D85A497: Taking a snapshot at:(t:1, i:1) file /home/runner/work/ozone/ozone/hadoop-ozone/integration-test/target/test-dir/MiniOzoneClusterImpl-43c44e75-c492-4a39-944e-601a0ff30632/datanode-3/data/ratis/7c817f05-8ba5-4455-bbe1-55eb5d85a497/sm/snapshot.1_1
2024-01-29 07:42:41,555 [d4227e66-29fb-4e8c-95fa-da42bedd0d48@group-55EB5D85A497-StateMachineUpdater] INFO  ratis.ContainerStateMachine (ContainerStateMachine.java:takeSnapshot(366)) - group-55EB5D85A497: Finished taking a snapshot at:(t:1, i:1) file:/home/runner/work/ozone/ozone/hadoop-ozone/integration-test/target/test-dir/MiniOzoneClusterImpl-43c44e75-c492-4a39-944e-601a0ff30632/datanode-3/data/ratis/7c817f05-8ba5-4455-bbe1-55eb5d85a497/sm/snapshot.1_1 took: 4 ms
2024-01-29 07:42:41,555 [d4227e66-29fb-4e8c-95fa-da42bedd0d48@group-55EB5D85A497-StateMachineUpdater] INFO  impl.StateMachineUpdater (StateMachineUpdater.java:takeSnapshot(295)) - d4227e66-29fb-4e8c-95fa-da42bedd0d48@group-55EB5D85A497-StateMachineUpdater: Took a snapshot at index 1
2024-01-29 07:42:41,555 [d4227e66-29fb-4e8c-95fa-da42bedd0d48@group-55EB5D85A497-StateMachineUpdater] INFO  impl.StateMachineUpdater (StateMachineUpdater.java:lambda$new$0(98)) - d4227e66-29fb-4e8c-95fa-da42bedd0d48@group-55EB5D85A497-StateMachineUpdater: snapshotIndex: updateIncreasingly -1 -> 1
2024-01-29 07:42:41,551 [d4227e66-29fb-4e8c-95fa-da42bedd0d48@group-322C76EB552B-StateMachineUpdater] INFO  ratis.ContainerStateMachine (ContainerStateMachine.java:takeSnapshot(366)) - group-322C76EB552B: Finished taking a snapshot at:(t:1, i:0) file:/home/runner/work/ozone/ozone/hadoop-ozone/integration-test/target/test-dir/MiniOzoneClusterImpl-43c44e75-c492-4a39-944e-601a0ff30632/datanode-3/data/ratis/09b08d91-6932-4c97-b9bb-322c76eb552b/sm/snapshot.1_0 took: 1 ms
2024-01-29 07:42:41,560 [d4227e66-29fb-4e8c-95fa-da42bedd0d48@group-322C76EB552B-StateMachineUpdater] INFO  impl.StateMachineUpdater (StateMachineUpdater.java:takeSnapshot(295)) - d4227e66-29fb-4e8c-95fa-da42bedd0d48@group-322C76EB552B-StateMachineUpdater: Took a snapshot at index 0
2024-01-29 07:42:41,560 [d4227e66-29fb-4e8c-95fa-da42bedd0d48@group-322C76EB552B-StateMachineUpdater] INFO  impl.StateMachineUpdater (StateMachineUpdater.java:lambda$new$0(98)) - d4227e66-29fb-4e8c-95fa-da42bedd0d48@group-322C76EB552B-StateMachineUpdater: snapshotIndex: updateIncreasingly -1 -> 0
2024-01-29 07:42:41,561 [d4227e66-29fb-4e8c-95fa-da42bedd0d48-impl-thread1] INFO  server.RaftServer$Division (ServerState.java:close(427)) - d4227e66-29fb-4e8c-95fa-da42bedd0d48@group-322C76EB552B: applyIndex: 0
2024-01-29 07:42:41,561 [d4227e66-29fb-4e8c-95fa-da42bedd0d48@group-322C76EB552B-cacheEviction-AwaitToRun] INFO  util.AwaitToRun (AwaitToRun.java:run(49)) - d4227e66-29fb-4e8c-95fa-da42bedd0d48@group-322C76EB552B-cacheEviction-AwaitToRun-AwaitForSignal is interrupted
2024-01-29 07:42:41,554 [d4227e66-29fb-4e8c-95fa-da42bedd0d48-impl-thread2] INFO  impl.StateMachineUpdater (StateMachineUpdater.java:stopAndJoin(157)) - d4227e66-29fb-4e8c-95fa-da42bedd0d48@group-55EB5D85A497-StateMachineUpdater: set stopIndex = 1
2024-01-29 07:42:41,561 [d4227e66-29fb-4e8c-95fa-da42bedd0d48-impl-thread2] INFO  server.RaftServer$Division (ServerState.java:close(427)) - d4227e66-29fb-4e8c-95fa-da42bedd0d48@group-55EB5D85A497: applyIndex: 1
2024-01-29 07:42:41,561 [d4227e66-29fb-4e8c-95fa-da42bedd0d48@group-55EB5D85A497-cacheEviction-AwaitToRun] INFO  util.AwaitToRun (AwaitToRun.java:run(49)) - d4227e66-29fb-4e8c-95fa-da42bedd0d48@group-55EB5D85A497-cacheEviction-AwaitToRun-AwaitForSignal is interrupted
2024-01-29 07:42:41,554 [main] INFO  server.GrpcService (GrpcService.java:closeImpl(320)) - d4227e66-29fb-4e8c-95fa-da42bedd0d48: shutdown server org.apache.ratis.grpc.server.GrpcClientProtocolService successfully
2024-01-29 07:42:41,561 [main] INFO  server.GrpcService (GrpcService.java:closeImpl(311)) - d4227e66-29fb-4e8c-95fa-da42bedd0d48: shutdown server GrpcServerProtocolService now
2024-01-29 07:42:41,564 [grpc-default-executor-0] WARN  server.GrpcServerProtocolService (LogUtils.java:warn(121)) - d4227e66-29fb-4e8c-95fa-da42bedd0d48: APPEND_ENTRIES onError, lastRequest: null: org.apache.ratis.thirdparty.io.grpc.StatusRuntimeException: CANCELLED: client cancelled
2024-01-29 07:42:41,564 [grpc-default-executor-1] WARN  server.GrpcServerProtocolService (LogUtils.java:warn(121)) - d4227e66-29fb-4e8c-95fa-da42bedd0d48: APPEND_ENTRIES onError, lastRequest: aaaecba4-dc3a-4434-b0f1-479f09acdbc3->d4227e66-29fb-4e8c-95fa-da42bedd0d48#6-t1,previous=(t:1, i:1),leaderCommit=1,initializing? false,entries: size=1, first=(t:1, i:2), METADATAENTRY(c:1): org.apache.ratis.thirdparty.io.grpc.StatusRuntimeException: CANCELLED: client cancelled
2024-01-29 07:42:41,564 [grpc-default-executor-3] WARN  server.GrpcLogAppender (LogUtils.java:warn(121)) - aaaecba4-dc3a-4434-b0f1-479f09acdbc3@group-55EB5D85A497->d4227e66-29fb-4e8c-95fa-da42bedd0d48-AppendLogResponseHandler: Failed appendEntries: org.apache.ratis.thirdparty.io.grpc.StatusRuntimeException: CANCELLED: RST_STREAM closed stream. HTTP/2 error code: CANCEL
2024-01-29 07:42:41,565 [grpc-default-executor-3] WARN  server.GrpcLogAppender (GrpcLogAppender.java:lambda$resetClient$1(217)) - aaaecba4-dc3a-4434-b0f1-479f09acdbc3@group-55EB5D85A497->d4227e66-29fb-4e8c-95fa-da42bedd0d48-GrpcLogAppender: Follower failed (request=null, errorCount=1); keep nextIndex (3) unchanged and retry.
2024-01-29 07:42:41,573 [main] INFO  server.GrpcService (GrpcService.java:closeImpl(320)) - d4227e66-29fb-4e8c-95fa-da42bedd0d48: shutdown server GrpcServerProtocolService successfully
2024-01-29 07:42:41,574 [main] INFO  server.GrpcService (GrpcService.java:closeImpl(311)) - d4227e66-29fb-4e8c-95fa-da42bedd0d48: shutdown server org.apache.ratis.grpc.server.GrpcAdminProtocolService now
2024-01-29 07:42:41,576 [main] INFO  server.GrpcService (GrpcService.java:closeImpl(320)) - d4227e66-29fb-4e8c-95fa-da42bedd0d48: shutdown server org.apache.ratis.grpc.server.GrpcAdminProtocolService successfully
2024-01-29 07:42:41,582 [1256e137-4a60-4c2e-839e-27e972a873fc@group-C61435DB6CA8-FollowerState] INFO  impl.FollowerState (FollowerState.java:run(143)) - 1256e137-4a60-4c2e-839e-27e972a873fc@group-C61435DB6CA8-FollowerState: change to CANDIDATE, lastRpcElapsedTime:5106184309ns, electionTimeout:5105ms
2024-01-29 07:42:41,582 [1256e137-4a60-4c2e-839e-27e972a873fc@group-C61435DB6CA8-FollowerState] INFO  impl.RoleInfo (RoleInfo.java:shutdownFollowerState(110)) - 1256e137-4a60-4c2e-839e-27e972a873fc: shutdown 1256e137-4a60-4c2e-839e-27e972a873fc@group-C61435DB6CA8-FollowerState
2024-01-29 07:42:41,582 [1256e137-4a60-4c2e-839e-27e972a873fc@group-C61435DB6CA8-FollowerState] INFO  server.RaftServer$Division (RaftServerImpl.java:setRole(383)) - 1256e137-4a60-4c2e-839e-27e972a873fc@group-C61435DB6CA8: changes role from  FOLLOWER to CANDIDATE at term 0 for changeToCandidate
2024-01-29 07:42:41,587 [1256e137-4a60-4c2e-839e-27e972a873fc@group-C61435DB6CA8-FollowerState] INFO  server.RaftServerConfigKeys (ConfUtils.java:logGet(46)) - raft.server.leaderelection.pre-vote = true (default)
2024-01-29 07:42:41,588 [1256e137-4a60-4c2e-839e-27e972a873fc@group-C61435DB6CA8-FollowerState] INFO  impl.RoleInfo (RoleInfo.java:updateAndGet(139)) - 1256e137-4a60-4c2e-839e-27e972a873fc: start 1256e137-4a60-4c2e-839e-27e972a873fc@group-C61435DB6CA8-LeaderElection32
2024-01-29 07:42:41,589 [1256e137-4a60-4c2e-839e-27e972a873fc@group-C61435DB6CA8-LeaderElection32] INFO  impl.LeaderElection (LeaderElection.java:askForVotes(321)) - 1256e137-4a60-4c2e-839e-27e972a873fc@group-C61435DB6CA8-LeaderElection32 PRE_VOTE round 0: submit vote requests at term 0 for -1: peers:[1256e137-4a60-4c2e-839e-27e972a873fc|10.1.0.7:15175]|listeners:[], old=null
2024-01-29 07:42:41,589 [1256e137-4a60-4c2e-839e-27e972a873fc@group-C61435DB6CA8-LeaderElection32] INFO  impl.LeaderElection (LeaderElection.java:askForVotes(323)) - 1256e137-4a60-4c2e-839e-27e972a873fc@group-C61435DB6CA8-LeaderElection32 PRE_VOTE round 0: result PASSED (term=0)
2024-01-29 07:42:41,590 [1256e137-4a60-4c2e-839e-27e972a873fc@group-C61435DB6CA8-LeaderElection32] INFO  impl.LeaderElection (LeaderElection.java:askForVotes(321)) - 1256e137-4a60-4c2e-839e-27e972a873fc@group-C61435DB6CA8-LeaderElection32 ELECTION round 0: submit vote requests at term 1 for -1: peers:[1256e137-4a60-4c2e-839e-27e972a873fc|10.1.0.7:15175]|listeners:[], old=null
2024-01-29 07:42:41,590 [1256e137-4a60-4c2e-839e-27e972a873fc@group-C61435DB6CA8-LeaderElection32] INFO  impl.LeaderElection (LeaderElection.java:askForVotes(323)) - 1256e137-4a60-4c2e-839e-27e972a873fc@group-C61435DB6CA8-LeaderElection32 ELECTION round 0: result PASSED (term=1)
2024-01-29 07:42:41,590 [1256e137-4a60-4c2e-839e-27e972a873fc@group-C61435DB6CA8-LeaderElection32] INFO  impl.RoleInfo (RoleInfo.java:shutdownLeaderElection(130)) - 1256e137-4a60-4c2e-839e-27e972a873fc: shutdown 1256e137-4a60-4c2e-839e-27e972a873fc@group-C61435DB6CA8-LeaderElection32
2024-01-29 07:42:41,590 [1256e137-4a60-4c2e-839e-27e972a873fc@group-C61435DB6CA8-LeaderElection32] INFO  server.RaftServer$Division (RaftServerImpl.java:setRole(383)) - 1256e137-4a60-4c2e-839e-27e972a873fc@group-C61435DB6CA8: changes role from CANDIDATE to LEADER at term 1 for changeToLeader
2024-01-29 07:42:41,590 [1256e137-4a60-4c2e-839e-27e972a873fc@group-C61435DB6CA8-LeaderElection32] INFO  server.RaftServerConfigKeys (ConfUtils.java:logGet(46)) - raft.server.staging.catchup.gap = 1000 (default)
2024-01-29 07:42:41,591 [1256e137-4a60-4c2e-839e-27e972a873fc@group-C61435DB6CA8-LeaderElection32] INFO  server.RaftServerConfigKeys (ConfUtils.java:logGet(46)) - raft.server.write.element-limit = 1024 (custom)
2024-01-29 07:42:41,591 [1256e137-4a60-4c2e-839e-27e972a873fc@group-C61435DB6CA8-LeaderElection32] INFO  server.RaftServerConfigKeys (ConfUtils.java:logGet(46)) - raft.server.write.byte-limit = 1024 M (=1073741824) (custom)
2024-01-29 07:42:41,591 [1256e137-4a60-4c2e-839e-27e972a873fc@group-C61435DB6CA8-LeaderElection32] INFO  server.RaftServerConfigKeys (ConfUtils.java:logGet(46)) - raft.server.watch.timeout = 3000ms (custom)
2024-01-29 07:42:41,591 [1256e137-4a60-4c2e-839e-27e972a873fc@group-C61435DB6CA8-LeaderElection32] INFO  server.RaftServerConfigKeys (ConfUtils.java:logGet(46)) - raft.server.watch.timeout.denomination = 1s (default)
2024-01-29 07:42:41,591 [1256e137-4a60-4c2e-839e-27e972a873fc@group-C61435DB6CA8-LeaderElection32] INFO  server.RaftServerConfigKeys (ConfUtils.java:logGet(46)) - raft.server.watch.element-limit = 65536 (default)
2024-01-29 07:42:41,591 [1256e137-4a60-4c2e-839e-27e972a873fc@group-C61435DB6CA8-LeaderElection32] INFO  server.RaftServerConfigKeys (ConfUtils.java:logGet(46)) - raft.server.read.leader.lease.enabled = false (default)
2024-01-29 07:42:41,591 [1256e137-4a60-4c2e-839e-27e972a873fc@group-C61435DB6CA8-LeaderElection32] INFO  server.RaftServerConfigKeys (ConfUtils.java:logGet(46)) - raft.server.read.leader.lease.timeout.ratio = 0.9 (default)
2024-01-29 07:42:41,591 [1256e137-4a60-4c2e-839e-27e972a873fc@group-C61435DB6CA8-LeaderElection32] INFO  server.RaftServerConfigKeys (ConfUtils.java:logGet(46)) - raft.server.rpc.timeout.min = 5s (custom)
2024-01-29 07:42:41,591 [1256e137-4a60-4c2e-839e-27e972a873fc@group-C61435DB6CA8-LeaderElection32] INFO  server.RaftServerConfigKeys (ConfUtils.java:logGet(46)) - raft.server.write.element-limit = 1024 (custom)
2024-01-29 07:42:41,591 [1256e137-4a60-4c2e-839e-27e972a873fc@group-C61435DB6CA8-LeaderElection32] INFO  server.RaftServerConfigKeys (ConfUtils.java:logGet(46)) - raft.server.write.follower.gap.ratio.max = -1.0 (default)
2024-01-29 07:42:41,591 [1256e137-4a60-4c2e-839e-27e972a873fc@group-C61435DB6CA8-LeaderElection32] INFO  impl.RoleInfo (RoleInfo.java:updateAndGet(139)) - 1256e137-4a60-4c2e-839e-27e972a873fc: start 1256e137-4a60-4c2e-839e-27e972a873fc@group-C61435DB6CA8-LeaderStateImpl
2024-01-29 07:42:41,591 [1256e137-4a60-4c2e-839e-27e972a873fc@group-C61435DB6CA8-LeaderElection32] INFO  server.RaftServer$Division (RaftServerImpl.java:setFirstElection(574)) - 1256e137-4a60-4c2e-839e-27e972a873fc@group-C61435DB6CA8: set firstElectionSinceStartup to false for becomeLeader
2024-01-29 07:42:41,591 [1256e137-4a60-4c2e-839e-27e972a873fc@group-C61435DB6CA8-LeaderElection32] INFO  ratis.XceiverServerRatis (XceiverServerRatis.java:handleLeaderChangedNotification(966)) - Leader change notification received for group: group-C61435DB6CA8 with new leaderId: 1256e137-4a60-4c2e-839e-27e972a873fc
2024-01-29 07:42:41,592 [1256e137-4a60-4c2e-839e-27e972a873fc@group-C61435DB6CA8-LeaderElection32] INFO  server.RaftServer$Division (ServerState.java:setLeader(269)) - 1256e137-4a60-4c2e-839e-27e972a873fc@group-C61435DB6CA8: change Leader from null to 1256e137-4a60-4c2e-839e-27e972a873fc at term 1 for becomeLeader, leader elected after 5127ms
2024-01-29 07:42:41,592 [1256e137-4a60-4c2e-839e-27e972a873fc@group-C61435DB6CA8-LeaderElection32] INFO  segmented.SegmentedRaftLogWorker (SegmentedRaftLogWorker.java:startLogSegment(430)) - 1256e137-4a60-4c2e-839e-27e972a873fc@group-C61435DB6CA8-SegmentedRaftLogWorker: Starting segment from index:0
2024-01-29 07:42:41,592 [1256e137-4a60-4c2e-839e-27e972a873fc@group-C61435DB6CA8-SegmentedRaftLogWorker] INFO  segmented.BufferedWriteChannel (BufferedWriteChannel.java:open(62)) - open log_inprogress_0 at position 0
2024-01-29 07:42:41,598 [1256e137-4a60-4c2e-839e-27e972a873fc@group-C61435DB6CA8-LeaderElection32] INFO  server.RaftServer$Division (ServerState.java:setRaftConf(386)) - 1256e137-4a60-4c2e-839e-27e972a873fc@group-C61435DB6CA8: set configuration 0: peers:[1256e137-4a60-4c2e-839e-27e972a873fc|10.1.0.7:15175]|listeners:[], old=null
2024-01-29 07:42:41,598 [d4227e66-29fb-4e8c-95fa-da42bedd0d48-NettyServerStreamRpc-bossGroup--thread1] INFO  logging.LoggingHandler (AbstractInternalLogger.java:log(148)) - [id: 0x6685a13b, L:/0.0.0.0:15131] CLOSE
2024-01-29 07:42:41,598 [d4227e66-29fb-4e8c-95fa-da42bedd0d48-NettyServerStreamRpc-bossGroup--thread1] INFO  logging.LoggingHandler (AbstractInternalLogger.java:log(148)) - [id: 0x6685a13b, L:/0.0.0.0:15131] INACTIVE
2024-01-29 07:42:41,598 [d4227e66-29fb-4e8c-95fa-da42bedd0d48-NettyServerStreamRpc-bossGroup--thread1] INFO  logging.LoggingHandler (AbstractInternalLogger.java:log(148)) - [id: 0x6685a13b, L:/0.0.0.0:15131] UNREGISTERED
2024-01-29 07:42:41,601 [1256e137-4a60-4c2e-839e-27e972a873fc@group-C61435DB6CA8-SegmentedRaftLogWorker] INFO  segmented.SegmentedRaftLogWorker (SegmentedRaftLogWorker.java:execute(634)) - 1256e137-4a60-4c2e-839e-27e972a873fc@group-C61435DB6CA8-SegmentedRaftLogWorker: created new log segment /home/runner/work/ozone/ozone/hadoop-ozone/integration-test/target/test-dir/MiniOzoneClusterImpl-43c44e75-c492-4a39-944e-601a0ff30632/datanode-8/data/ratis/a2b308f8-2ea7-4854-bba5-c61435db6ca8/current/log_inprogress_0
2024-01-29 07:42:41,603 [1256e137-4a60-4c2e-839e-27e972a873fc@group-C61435DB6CA8-StateMachineUpdater] INFO  server.RaftServer$Division (LeaderStateImpl.java:isApplied(320)) - leader is ready since appliedIndex == 0 >= startIndex == 0
2024-01-29 07:42:42,073 [d4227e66-29fb-4e8c-95fa-da42bedd0d48-impl-thread1] INFO  segmented.SegmentedRaftLogWorker (SegmentedRaftLogWorker.java:close(245)) - d4227e66-29fb-4e8c-95fa-da42bedd0d48@group-322C76EB552B-SegmentedRaftLogWorker close()
2024-01-29 07:42:42,537 [d4227e66-29fb-4e8c-95fa-da42bedd0d48-impl-thread2] INFO  segmented.SegmentedRaftLogWorker (SegmentedRaftLogWorker.java:close(245)) - d4227e66-29fb-4e8c-95fa-da42bedd0d48@group-55EB5D85A497-SegmentedRaftLogWorker close()
2024-01-29 07:42:42,541 [JvmPauseMonitor16] INFO  util.JvmPauseMonitor (JvmPauseMonitor.java:run(152)) - JvmPauseMonitor-d4227e66-29fb-4e8c-95fa-da42bedd0d48: Stopped
2024-01-29 07:42:44,545 [main] INFO  utils.DatanodeStoreCache (DatanodeStoreCache.java:shutdownCache(116)) - Skip clearing cache in mini cluster mode. Entries left: [/home/runner/work/ozone/ozone/hadoop-ozone/integration-test/target/test-dir/MiniOzoneClusterImpl-43c44e75-c492-4a39-944e-601a0ff30632/datanode-0/data-0/containers/hdds/43c44e75-c492-4a39-944e-601a0ff30632/DS-3848f1fa-7786-4b63-bfc7-3f04904873d7/container.db, /home/runner/work/ozone/ozone/hadoop-ozone/integration-test/target/test-dir/MiniOzoneClusterImpl-43c44e75-c492-4a39-944e-601a0ff30632/datanode-1/data-0/containers/hdds/43c44e75-c492-4a39-944e-601a0ff30632/DS-eb8bd04a-1e52-469a-9099-9f39d6b8dcee/container.db, /home/runner/work/ozone/ozone/hadoop-ozone/integration-test/target/test-dir/MiniOzoneClusterImpl-43c44e75-c492-4a39-944e-601a0ff30632/datanode-2/data-0/containers/hdds/43c44e75-c492-4a39-944e-601a0ff30632/DS-f005d65e-ba39-46cf-b93e-a673aea9103c/container.db, /home/runner/work/ozone/ozone/hadoop-ozone/integration-test/target/test-dir/MiniOzoneClusterImpl-43c44e75-c492-4a39-944e-601a0ff30632/datanode-3/data-0/containers/hdds/43c44e75-c492-4a39-944e-601a0ff30632/DS-922bf18c-3d42-4758-9e06-4033e4b2613f/container.db, /home/runner/work/ozone/ozone/hadoop-ozone/integration-test/target/test-dir/MiniOzoneClusterImpl-43c44e75-c492-4a39-944e-601a0ff30632/datanode-4/data-0/containers/hdds/43c44e75-c492-4a39-944e-601a0ff30632/DS-dbe8f926-18c6-486a-912d-f9cc99757d00/container.db, /home/runner/work/ozone/ozone/hadoop-ozone/integration-test/target/test-dir/MiniOzoneClusterImpl-43c44e75-c492-4a39-944e-601a0ff30632/datanode-5/data-0/containers/hdds/43c44e75-c492-4a39-944e-601a0ff30632/DS-4d1e7bc9-1079-48b1-bf27-a6f937c0f43d/container.db, /home/runner/work/ozone/ozone/hadoop-ozone/integration-test/target/test-dir/MiniOzoneClusterImpl-43c44e75-c492-4a39-944e-601a0ff30632/datanode-6/data-0/containers/hdds/43c44e75-c492-4a39-944e-601a0ff30632/DS-1a023c08-e902-487f-84a7-b92fb198c004/container.db, /home/runner/work/ozone/ozone/hadoop-ozone/integration-test/target/test-dir/MiniOzoneClusterImpl-43c44e75-c492-4a39-944e-601a0ff30632/datanode-7/data-0/containers/hdds/43c44e75-c492-4a39-944e-601a0ff30632/DS-41ad6962-c942-4fa6-85c3-e7e39f86c953/container.db, /home/runner/work/ozone/ozone/hadoop-ozone/integration-test/target/test-dir/MiniOzoneClusterImpl-43c44e75-c492-4a39-944e-601a0ff30632/datanode-8/data-0/containers/hdds/43c44e75-c492-4a39-944e-601a0ff30632/DS-fec1485e-eea6-49b6-b4d7-f789da4fb7fd/container.db]
2024-01-29 07:42:44,547 [main] INFO  utils.DatanodeStoreCache (DatanodeStoreCache.java:removeDB(110)) - Removed db /home/runner/work/ozone/ozone/hadoop-ozone/integration-test/target/test-dir/MiniOzoneClusterImpl-43c44e75-c492-4a39-944e-601a0ff30632/datanode-3/data-0/containers/hdds/43c44e75-c492-4a39-944e-601a0ff30632/DS-922bf18c-3d42-4758-9e06-4033e4b2613f/container.db from cache
2024-01-29 07:42:44,547 [main] INFO  volume.HddsVolume (HddsVolume.java:closeDbStore(451)) - SchemaV3 db is stopped at /home/runner/work/ozone/ozone/hadoop-ozone/integration-test/target/test-dir/MiniOzoneClusterImpl-43c44e75-c492-4a39-944e-601a0ff30632/datanode-3/data-0/containers/hdds/43c44e75-c492-4a39-944e-601a0ff30632/DS-922bf18c-3d42-4758-9e06-4033e4b2613f/container.db for volume DS-922bf18c-3d42-4758-9e06-4033e4b2613f
2024-01-29 07:42:44,547 [main] INFO  utils.BackgroundService (BackgroundService.java:shutdown(160)) - Shutting down service BlockDeletingService
2024-01-29 07:42:44,548 [main] INFO  utils.BackgroundService (BackgroundService.java:shutdown(160)) - Shutting down service StaleRecoveringContainerScrubbingService
2024-01-29 07:42:44,548 [main] INFO  statemachine.DatanodeStateMachine (DatanodeStateMachine.java:stopDaemon(638)) - Ozone container server stopped.
2024-01-29 07:42:44,548 [main] INFO  handler.ContextHandler (ContextHandler.java:doStop(1159)) - Stopped o.e.j.w.WebAppContext@4f7774f0{hddsDatanode,/,null,STOPPED}{jar:file:/home/runner/.m2/repository/org/apache/ozone/hdds-container-service/1.5.0-SNAPSHOT/hdds-container-service-1.5.0-SNAPSHOT.jar!/webapps/hddsDatanode}
2024-01-29 07:42:44,549 [main] INFO  server.AbstractConnector (AbstractConnector.java:doStop(383)) - Stopped ServerConnector@3cf4ce2f{HTTP/1.1, (http/1.1)}{0.0.0.0:15125}
2024-01-29 07:42:44,549 [main] INFO  server.session (HouseKeeper.java:stopScavenging(149)) - node0 Stopped scavenging
2024-01-29 07:42:44,550 [main] INFO  handler.ContextHandler (ContextHandler.java:doStop(1159)) - Stopped o.e.j.s.ServletContextHandler@9316e19{static,/static,jar:file:/home/runner/.m2/repository/org/apache/ozone/hdds-container-service/1.5.0-SNAPSHOT/hdds-container-service-1.5.0-SNAPSHOT.jar!/webapps/static,STOPPED}
2024-01-29 07:42:44,550 [main] INFO  handler.ContextHandler (ContextHandler.java:doStop(1159)) - Stopped o.e.j.s.ServletContextHandler@573fa580{logs,/logs,file:///home/runner/work/ozone/ozone/hadoop-ozone/integration-test/target/log,STOPPED}
2024-01-29 07:42:44,550 [main] INFO  ozone.HddsDatanodeClientProtocolServer (HddsDatanodeClientProtocolServer.java:stop(78)) - Stopping the RPC server for Client Protocol
2024-01-29 07:42:44,551 [main] INFO  ipc.Server (Server.java:stop(3523)) - Stopping server on 15126
2024-01-29 07:42:44,552 [IPC Server listener on 15126] INFO  ipc.Server (Server.java:run(1434)) - Stopping IPC Server listener on 15126
2024-01-29 07:42:44,552 [IPC Server Responder] INFO  ipc.Server (Server.java:run(1567)) - Stopping IPC Server Responder
2024-01-29 07:42:44,554 [main] INFO  ozoneimpl.OzoneContainer (OzoneContainer.java:stop(479)) - Attempting to stop container services.
2024-01-29 07:42:44,554 [main] INFO  server.RaftServer (RaftServerProxy.java:lambda$close$9(416)) - f3d36f04-bccd-4be2-9dc2-ceae52659d99: close
2024-01-29 07:42:44,554 [f3d36f04-bccd-4be2-9dc2-ceae52659d99-impl-thread1] INFO  server.RaftServer$Division (RaftServerImpl.java:lambda$close$3(526)) - f3d36f04-bccd-4be2-9dc2-ceae52659d99@group-7586A75CB6D7: shutdown
2024-01-29 07:42:44,554 [main] INFO  server.GrpcService (GrpcService.java:closeImpl(311)) - f3d36f04-bccd-4be2-9dc2-ceae52659d99: shutdown server org.apache.ratis.grpc.server.GrpcClientProtocolService now
2024-01-29 07:42:44,554 [f3d36f04-bccd-4be2-9dc2-ceae52659d99-impl-thread2] INFO  server.RaftServer$Division (RaftServerImpl.java:lambda$close$3(526)) - f3d36f04-bccd-4be2-9dc2-ceae52659d99@group-55EB5D85A497: shutdown
2024-01-29 07:42:44,554 [f3d36f04-bccd-4be2-9dc2-ceae52659d99-impl-thread1] INFO  util.JmxRegister (JmxRegister.java:unregister(73)) - Successfully un-registered JMX Bean with object name Ratis:service=RaftServer,group=group-7586A75CB6D7,id=f3d36f04-bccd-4be2-9dc2-ceae52659d99
2024-01-29 07:42:44,555 [f3d36f04-bccd-4be2-9dc2-ceae52659d99-impl-thread1] INFO  impl.RoleInfo (RoleInfo.java:shutdownLeaderState(94)) - f3d36f04-bccd-4be2-9dc2-ceae52659d99: shutdown f3d36f04-bccd-4be2-9dc2-ceae52659d99@group-7586A75CB6D7-LeaderStateImpl
2024-01-29 07:42:44,555 [f3d36f04-bccd-4be2-9dc2-ceae52659d99-impl-thread1] INFO  impl.PendingRequests (PendingRequests.java:sendNotLeaderResponses(289)) - f3d36f04-bccd-4be2-9dc2-ceae52659d99@group-7586A75CB6D7-PendingRequests: sendNotLeaderResponses
2024-01-29 07:42:44,555 [Thread-2104] INFO  server.GrpcServerProtocolClient (GrpcServerProtocolClient.java:close(103)) - d4227e66-29fb-4e8c-95fa-da42bedd0d48 Close channels
2024-01-29 07:42:44,555 [f3d36f04-bccd-4be2-9dc2-ceae52659d99-impl-thread1] INFO  impl.StateMachineUpdater (StateMachineUpdater.java:stopAndJoin(157)) - f3d36f04-bccd-4be2-9dc2-ceae52659d99@group-7586A75CB6D7-StateMachineUpdater: set stopIndex = 0
2024-01-29 07:42:44,558 [f3d36f04-bccd-4be2-9dc2-ceae52659d99-impl-thread2] INFO  util.JmxRegister (JmxRegister.java:unregister(73)) - Successfully un-registered JMX Bean with object name Ratis:service=RaftServer,group=group-55EB5D85A497,id=f3d36f04-bccd-4be2-9dc2-ceae52659d99
2024-01-29 07:42:44,558 [f3d36f04-bccd-4be2-9dc2-ceae52659d99-impl-thread2] INFO  impl.RoleInfo (RoleInfo.java:shutdownFollowerState(110)) - f3d36f04-bccd-4be2-9dc2-ceae52659d99: shutdown f3d36f04-bccd-4be2-9dc2-ceae52659d99@group-55EB5D85A497-FollowerState
2024-01-29 07:42:44,558 [f3d36f04-bccd-4be2-9dc2-ceae52659d99@group-55EB5D85A497-FollowerState] INFO  impl.FollowerState (FollowerState.java:run(152)) - f3d36f04-bccd-4be2-9dc2-ceae52659d99@group-55EB5D85A497-FollowerState was interrupted
2024-01-29 07:42:44,558 [Thread-2105] INFO  server.GrpcServerProtocolClient (GrpcServerProtocolClient.java:close(103)) - aaaecba4-dc3a-4434-b0f1-479f09acdbc3 Close channels
2024-01-29 07:42:44,558 [f3d36f04-bccd-4be2-9dc2-ceae52659d99-impl-thread2] INFO  impl.StateMachineUpdater (StateMachineUpdater.java:stopAndJoin(157)) - f3d36f04-bccd-4be2-9dc2-ceae52659d99@group-55EB5D85A497-StateMachineUpdater: set stopIndex = 2
2024-01-29 07:42:44,558 [f3d36f04-bccd-4be2-9dc2-ceae52659d99@group-55EB5D85A497-StateMachineUpdater] INFO  ratis.ContainerStateMachine (ContainerStateMachine.java:takeSnapshot(355)) - group-55EB5D85A497: Taking a snapshot at:(t:1, i:2) file /home/runner/work/ozone/ozone/hadoop-ozone/integration-test/target/test-dir/MiniOzoneClusterImpl-43c44e75-c492-4a39-944e-601a0ff30632/datanode-4/data/ratis/7c817f05-8ba5-4455-bbe1-55eb5d85a497/sm/snapshot.1_2
2024-01-29 07:42:44,558 [f3d36f04-bccd-4be2-9dc2-ceae52659d99@group-7586A75CB6D7-StateMachineUpdater] INFO  ratis.ContainerStateMachine (ContainerStateMachine.java:takeSnapshot(355)) - group-7586A75CB6D7: Taking a snapshot at:(t:1, i:0) file /home/runner/work/ozone/ozone/hadoop-ozone/integration-test/target/test-dir/MiniOzoneClusterImpl-43c44e75-c492-4a39-944e-601a0ff30632/datanode-4/data/ratis/3a3c8cca-a880-4645-94de-7586a75cb6d7/sm/snapshot.1_0
2024-01-29 07:42:44,560 [f3d36f04-bccd-4be2-9dc2-ceae52659d99@group-55EB5D85A497-StateMachineUpdater] INFO  ratis.ContainerStateMachine (ContainerStateMachine.java:takeSnapshot(366)) - group-55EB5D85A497: Finished taking a snapshot at:(t:1, i:2) file:/home/runner/work/ozone/ozone/hadoop-ozone/integration-test/target/test-dir/MiniOzoneClusterImpl-43c44e75-c492-4a39-944e-601a0ff30632/datanode-4/data/ratis/7c817f05-8ba5-4455-bbe1-55eb5d85a497/sm/snapshot.1_2 took: 1 ms
2024-01-29 07:42:44,560 [f3d36f04-bccd-4be2-9dc2-ceae52659d99@group-55EB5D85A497-StateMachineUpdater] INFO  impl.StateMachineUpdater (StateMachineUpdater.java:takeSnapshot(295)) - f3d36f04-bccd-4be2-9dc2-ceae52659d99@group-55EB5D85A497-StateMachineUpdater: Took a snapshot at index 2
2024-01-29 07:42:44,560 [f3d36f04-bccd-4be2-9dc2-ceae52659d99@group-55EB5D85A497-StateMachineUpdater] INFO  impl.StateMachineUpdater (StateMachineUpdater.java:lambda$new$0(98)) - f3d36f04-bccd-4be2-9dc2-ceae52659d99@group-55EB5D85A497-StateMachineUpdater: snapshotIndex: updateIncreasingly -1 -> 2
2024-01-29 07:42:44,560 [main] INFO  server.GrpcService (GrpcService.java:closeImpl(320)) - f3d36f04-bccd-4be2-9dc2-ceae52659d99: shutdown server org.apache.ratis.grpc.server.GrpcClientProtocolService successfully
2024-01-29 07:42:44,560 [main] INFO  server.GrpcService (GrpcService.java:closeImpl(311)) - f3d36f04-bccd-4be2-9dc2-ceae52659d99: shutdown server GrpcServerProtocolService now
2024-01-29 07:42:44,560 [f3d36f04-bccd-4be2-9dc2-ceae52659d99-impl-thread2] INFO  server.RaftServer$Division (ServerState.java:close(427)) - f3d36f04-bccd-4be2-9dc2-ceae52659d99@group-55EB5D85A497: applyIndex: 2
2024-01-29 07:42:44,561 [f3d36f04-bccd-4be2-9dc2-ceae52659d99@group-55EB5D85A497-cacheEviction-AwaitToRun] INFO  util.AwaitToRun (AwaitToRun.java:run(49)) - f3d36f04-bccd-4be2-9dc2-ceae52659d99@group-55EB5D85A497-cacheEviction-AwaitToRun-AwaitForSignal is interrupted
2024-01-29 07:42:44,561 [f3d36f04-bccd-4be2-9dc2-ceae52659d99@group-7586A75CB6D7-StateMachineUpdater] INFO  ratis.ContainerStateMachine (ContainerStateMachine.java:takeSnapshot(366)) - group-7586A75CB6D7: Finished taking a snapshot at:(t:1, i:0) file:/home/runner/work/ozone/ozone/hadoop-ozone/integration-test/target/test-dir/MiniOzoneClusterImpl-43c44e75-c492-4a39-944e-601a0ff30632/datanode-4/data/ratis/3a3c8cca-a880-4645-94de-7586a75cb6d7/sm/snapshot.1_0 took: 3 ms
2024-01-29 07:42:44,561 [f3d36f04-bccd-4be2-9dc2-ceae52659d99@group-7586A75CB6D7-StateMachineUpdater] INFO  impl.StateMachineUpdater (StateMachineUpdater.java:takeSnapshot(295)) - f3d36f04-bccd-4be2-9dc2-ceae52659d99@group-7586A75CB6D7-StateMachineUpdater: Took a snapshot at index 0
2024-01-29 07:42:44,561 [f3d36f04-bccd-4be2-9dc2-ceae52659d99@group-7586A75CB6D7-StateMachineUpdater] INFO  impl.StateMachineUpdater (StateMachineUpdater.java:lambda$new$0(98)) - f3d36f04-bccd-4be2-9dc2-ceae52659d99@group-7586A75CB6D7-StateMachineUpdater: snapshotIndex: updateIncreasingly -1 -> 0
2024-01-29 07:42:44,562 [grpc-default-executor-0] WARN  server.GrpcServerProtocolService (LogUtils.java:warn(121)) - f3d36f04-bccd-4be2-9dc2-ceae52659d99: APPEND_ENTRIES onError, lastRequest: null: org.apache.ratis.thirdparty.io.grpc.StatusRuntimeException: CANCELLED: client cancelled
2024-01-29 07:42:44,562 [grpc-default-executor-1] WARN  server.GrpcServerProtocolService (LogUtils.java:warn(121)) - f3d36f04-bccd-4be2-9dc2-ceae52659d99: APPEND_ENTRIES onError, lastRequest: aaaecba4-dc3a-4434-b0f1-479f09acdbc3->f3d36f04-bccd-4be2-9dc2-ceae52659d99#5-t1,previous=(t:1, i:1),leaderCommit=1,initializing? false,entries: size=1, first=(t:1, i:2), METADATAENTRY(c:1): org.apache.ratis.thirdparty.io.grpc.StatusRuntimeException: CANCELLED: client cancelled
2024-01-29 07:42:44,562 [f3d36f04-bccd-4be2-9dc2-ceae52659d99-impl-thread1] INFO  server.RaftServer$Division (ServerState.java:close(427)) - f3d36f04-bccd-4be2-9dc2-ceae52659d99@group-7586A75CB6D7: applyIndex: 0
2024-01-29 07:42:44,562 [grpc-default-executor-0] WARN  server.GrpcLogAppender (LogUtils.java:warn(121)) - aaaecba4-dc3a-4434-b0f1-479f09acdbc3@group-55EB5D85A497->f3d36f04-bccd-4be2-9dc2-ceae52659d99-AppendLogResponseHandler: Failed appendEntries: org.apache.ratis.thirdparty.io.grpc.StatusRuntimeException: CANCELLED: RST_STREAM closed stream. HTTP/2 error code: CANCEL
2024-01-29 07:42:44,562 [grpc-default-executor-0] WARN  server.GrpcLogAppender (GrpcLogAppender.java:lambda$resetClient$1(217)) - aaaecba4-dc3a-4434-b0f1-479f09acdbc3@group-55EB5D85A497->f3d36f04-bccd-4be2-9dc2-ceae52659d99-GrpcLogAppender: Follower failed (request=null, errorCount=1); keep nextIndex (3) unchanged and retry.
2024-01-29 07:42:44,563 [f3d36f04-bccd-4be2-9dc2-ceae52659d99@group-7586A75CB6D7-cacheEviction-AwaitToRun] INFO  util.AwaitToRun (AwaitToRun.java:run(49)) - f3d36f04-bccd-4be2-9dc2-ceae52659d99@group-7586A75CB6D7-cacheEviction-AwaitToRun-AwaitForSignal is interrupted
2024-01-29 07:42:44,564 [main] INFO  server.GrpcService (GrpcService.java:closeImpl(320)) - f3d36f04-bccd-4be2-9dc2-ceae52659d99: shutdown server GrpcServerProtocolService successfully
2024-01-29 07:42:44,565 [main] INFO  server.GrpcService (GrpcService.java:closeImpl(311)) - f3d36f04-bccd-4be2-9dc2-ceae52659d99: shutdown server org.apache.ratis.grpc.server.GrpcAdminProtocolService now
2024-01-29 07:42:44,566 [main] INFO  server.GrpcService (GrpcService.java:closeImpl(320)) - f3d36f04-bccd-4be2-9dc2-ceae52659d99: shutdown server org.apache.ratis.grpc.server.GrpcAdminProtocolService successfully
2024-01-29 07:42:44,569 [f3d36f04-bccd-4be2-9dc2-ceae52659d99-NettyServerStreamRpc-bossGroup--thread1] INFO  logging.LoggingHandler (AbstractInternalLogger.java:log(148)) - [id: 0x66919ce6, L:/0.0.0.0:15140] CLOSE
2024-01-29 07:42:44,569 [f3d36f04-bccd-4be2-9dc2-ceae52659d99-NettyServerStreamRpc-bossGroup--thread1] INFO  logging.LoggingHandler (AbstractInternalLogger.java:log(148)) - [id: 0x66919ce6, L:/0.0.0.0:15140] INACTIVE
2024-01-29 07:42:44,569 [f3d36f04-bccd-4be2-9dc2-ceae52659d99-NettyServerStreamRpc-bossGroup--thread1] INFO  logging.LoggingHandler (AbstractInternalLogger.java:log(148)) - [id: 0x66919ce6, L:/0.0.0.0:15140] UNREGISTERED
2024-01-29 07:42:45,201 [f3d36f04-bccd-4be2-9dc2-ceae52659d99-impl-thread1] INFO  segmented.SegmentedRaftLogWorker (SegmentedRaftLogWorker.java:close(245)) - f3d36f04-bccd-4be2-9dc2-ceae52659d99@group-7586A75CB6D7-SegmentedRaftLogWorker close()
2024-01-29 07:42:45,536 [f3d36f04-bccd-4be2-9dc2-ceae52659d99-impl-thread2] INFO  segmented.SegmentedRaftLogWorker (SegmentedRaftLogWorker.java:close(245)) - f3d36f04-bccd-4be2-9dc2-ceae52659d99@group-55EB5D85A497-SegmentedRaftLogWorker close()
2024-01-29 07:42:45,537 [JvmPauseMonitor17] INFO  util.JvmPauseMonitor (JvmPauseMonitor.java:run(152)) - JvmPauseMonitor-f3d36f04-bccd-4be2-9dc2-ceae52659d99: Stopped
2024-01-29 07:42:46,565 [timer3] WARN  server.GrpcLogAppender (LogUtils.java:warn(121)) - aaaecba4-dc3a-4434-b0f1-479f09acdbc3@group-55EB5D85A497->d4227e66-29fb-4e8c-95fa-da42bedd0d48-AppendLogResponseHandler: Failed appendEntries (Repeated 8 times in the last 5.000s): org.apache.ratis.thirdparty.io.grpc.StatusRuntimeException: UNAVAILABLE: io exception
2024-01-29 07:42:46,565 [timer4] WARN  server.GrpcLogAppender (GrpcLogAppender.java:lambda$resetClient$1(217)) - aaaecba4-dc3a-4434-b0f1-479f09acdbc3@group-55EB5D85A497->d4227e66-29fb-4e8c-95fa-da42bedd0d48-GrpcLogAppender: Follower failed (request=null, errorCount=8); keep nextIndex (3) unchanged and retry. (Repeated 8 times in the last 5.000s)
2024-01-29 07:42:47,541 [main] INFO  utils.DatanodeStoreCache (DatanodeStoreCache.java:shutdownCache(116)) - Skip clearing cache in mini cluster mode. Entries left: [/home/runner/work/ozone/ozone/hadoop-ozone/integration-test/target/test-dir/MiniOzoneClusterImpl-43c44e75-c492-4a39-944e-601a0ff30632/datanode-0/data-0/containers/hdds/43c44e75-c492-4a39-944e-601a0ff30632/DS-3848f1fa-7786-4b63-bfc7-3f04904873d7/container.db, /home/runner/work/ozone/ozone/hadoop-ozone/integration-test/target/test-dir/MiniOzoneClusterImpl-43c44e75-c492-4a39-944e-601a0ff30632/datanode-1/data-0/containers/hdds/43c44e75-c492-4a39-944e-601a0ff30632/DS-eb8bd04a-1e52-469a-9099-9f39d6b8dcee/container.db, /home/runner/work/ozone/ozone/hadoop-ozone/integration-test/target/test-dir/MiniOzoneClusterImpl-43c44e75-c492-4a39-944e-601a0ff30632/datanode-2/data-0/containers/hdds/43c44e75-c492-4a39-944e-601a0ff30632/DS-f005d65e-ba39-46cf-b93e-a673aea9103c/container.db, /home/runner/work/ozone/ozone/hadoop-ozone/integration-test/target/test-dir/MiniOzoneClusterImpl-43c44e75-c492-4a39-944e-601a0ff30632/datanode-4/data-0/containers/hdds/43c44e75-c492-4a39-944e-601a0ff30632/DS-dbe8f926-18c6-486a-912d-f9cc99757d00/container.db, /home/runner/work/ozone/ozone/hadoop-ozone/integration-test/target/test-dir/MiniOzoneClusterImpl-43c44e75-c492-4a39-944e-601a0ff30632/datanode-5/data-0/containers/hdds/43c44e75-c492-4a39-944e-601a0ff30632/DS-4d1e7bc9-1079-48b1-bf27-a6f937c0f43d/container.db, /home/runner/work/ozone/ozone/hadoop-ozone/integration-test/target/test-dir/MiniOzoneClusterImpl-43c44e75-c492-4a39-944e-601a0ff30632/datanode-6/data-0/containers/hdds/43c44e75-c492-4a39-944e-601a0ff30632/DS-1a023c08-e902-487f-84a7-b92fb198c004/container.db, /home/runner/work/ozone/ozone/hadoop-ozone/integration-test/target/test-dir/MiniOzoneClusterImpl-43c44e75-c492-4a39-944e-601a0ff30632/datanode-7/data-0/containers/hdds/43c44e75-c492-4a39-944e-601a0ff30632/DS-41ad6962-c942-4fa6-85c3-e7e39f86c953/container.db, /home/runner/work/ozone/ozone/hadoop-ozone/integration-test/target/test-dir/MiniOzoneClusterImpl-43c44e75-c492-4a39-944e-601a0ff30632/datanode-8/data-0/containers/hdds/43c44e75-c492-4a39-944e-601a0ff30632/DS-fec1485e-eea6-49b6-b4d7-f789da4fb7fd/container.db]
2024-01-29 07:42:47,543 [main] INFO  utils.DatanodeStoreCache (DatanodeStoreCache.java:removeDB(110)) - Removed db /home/runner/work/ozone/ozone/hadoop-ozone/integration-test/target/test-dir/MiniOzoneClusterImpl-43c44e75-c492-4a39-944e-601a0ff30632/datanode-4/data-0/containers/hdds/43c44e75-c492-4a39-944e-601a0ff30632/DS-dbe8f926-18c6-486a-912d-f9cc99757d00/container.db from cache
2024-01-29 07:42:47,543 [main] INFO  volume.HddsVolume (HddsVolume.java:closeDbStore(451)) - SchemaV3 db is stopped at /home/runner/work/ozone/ozone/hadoop-ozone/integration-test/target/test-dir/MiniOzoneClusterImpl-43c44e75-c492-4a39-944e-601a0ff30632/datanode-4/data-0/containers/hdds/43c44e75-c492-4a39-944e-601a0ff30632/DS-dbe8f926-18c6-486a-912d-f9cc99757d00/container.db for volume DS-dbe8f926-18c6-486a-912d-f9cc99757d00
2024-01-29 07:42:47,543 [main] INFO  utils.BackgroundService (BackgroundService.java:shutdown(160)) - Shutting down service BlockDeletingService
2024-01-29 07:42:47,543 [main] INFO  utils.BackgroundService (BackgroundService.java:shutdown(160)) - Shutting down service StaleRecoveringContainerScrubbingService
2024-01-29 07:42:47,544 [main] INFO  statemachine.DatanodeStateMachine (DatanodeStateMachine.java:stopDaemon(638)) - Ozone container server stopped.
2024-01-29 07:42:47,545 [main] INFO  handler.ContextHandler (ContextHandler.java:doStop(1159)) - Stopped o.e.j.w.WebAppContext@2bd4f07f{hddsDatanode,/,null,STOPPED}{jar:file:/home/runner/.m2/repository/org/apache/ozone/hdds-container-service/1.5.0-SNAPSHOT/hdds-container-service-1.5.0-SNAPSHOT.jar!/webapps/hddsDatanode}
2024-01-29 07:42:47,545 [main] INFO  server.AbstractConnector (AbstractConnector.java:doStop(383)) - Stopped ServerConnector@6bcdc5c6{HTTP/1.1, (http/1.1)}{0.0.0.0:15134}
2024-01-29 07:42:47,545 [main] INFO  server.session (HouseKeeper.java:stopScavenging(149)) - node0 Stopped scavenging
2024-01-29 07:42:47,545 [main] INFO  handler.ContextHandler (ContextHandler.java:doStop(1159)) - Stopped o.e.j.s.ServletContextHandler@618b1cd9{static,/static,jar:file:/home/runner/.m2/repository/org/apache/ozone/hdds-container-service/1.5.0-SNAPSHOT/hdds-container-service-1.5.0-SNAPSHOT.jar!/webapps/static,STOPPED}
2024-01-29 07:42:47,546 [main] INFO  handler.ContextHandler (ContextHandler.java:doStop(1159)) - Stopped o.e.j.s.ServletContextHandler@7a9f1582{logs,/logs,file:///home/runner/work/ozone/ozone/hadoop-ozone/integration-test/target/log,STOPPED}
2024-01-29 07:42:47,546 [main] INFO  ozone.HddsDatanodeClientProtocolServer (HddsDatanodeClientProtocolServer.java:stop(78)) - Stopping the RPC server for Client Protocol
2024-01-29 07:42:47,546 [main] INFO  ipc.Server (Server.java:stop(3523)) - Stopping server on 15135
2024-01-29 07:42:47,548 [IPC Server listener on 15135] INFO  ipc.Server (Server.java:run(1434)) - Stopping IPC Server listener on 15135
2024-01-29 07:42:47,548 [IPC Server Responder] INFO  ipc.Server (Server.java:run(1567)) - Stopping IPC Server Responder
2024-01-29 07:42:47,552 [main] INFO  pipeline.PipelineManagerImpl (PipelineManagerImpl.java:closeContainersForPipeline(484)) - Container #1 closed for pipeline=PipelineID=7c817f05-8ba5-4455-bbe1-55eb5d85a497
2024-01-29 07:42:47,552 [EventQueue-CloseContainerForCloseContainerEventHandler] INFO  container.CloseContainerEventHandler (CloseContainerEventHandler.java:onMessage(88)) - Close container Event triggered for container : #1, current state: CLOSING
2024-01-29 07:42:47,553 [main] INFO  pipeline.PipelineManagerImpl (PipelineManagerImpl.java:closePipeline(518)) - Pipeline PipelineID=7c817f05-8ba5-4455-bbe1-55eb5d85a497 moved to CLOSED state
2024-01-29 07:42:47,792 [grpc-default-executor-3] WARN  server.GrpcLogAppender (LogUtils.java:warn(121)) - aaaecba4-dc3a-4434-b0f1-479f09acdbc3@group-55EB5D85A497->d4227e66-29fb-4e8c-95fa-da42bedd0d48-AppendLogResponseHandler: Failed appendEntries: org.apache.ratis.thirdparty.io.grpc.StatusRuntimeException: UNAVAILABLE: io exception
2024-01-29 07:42:47,794 [grpc-default-executor-1] WARN  server.GrpcLogAppender (GrpcLogAppender.java:lambda$resetClient$1(217)) - aaaecba4-dc3a-4434-b0f1-479f09acdbc3@group-55EB5D85A497->d4227e66-29fb-4e8c-95fa-da42bedd0d48-GrpcLogAppender: Follower failed (request=null, errorCount=9); keep nextIndex (3) unchanged and retry.
2024-01-29 07:42:49,562 [timer3] WARN  server.GrpcLogAppender (GrpcLogAppender.java:lambda$resetClient$1(217)) - aaaecba4-dc3a-4434-b0f1-479f09acdbc3@group-55EB5D85A497->f3d36f04-bccd-4be2-9dc2-ceae52659d99-GrpcLogAppender: Follower failed (request=null, errorCount=8); keep nextIndex (3) unchanged and retry. (Repeated 8 times in the last 5.000s)
2024-01-29 07:42:49,562 [timer2] WARN  server.GrpcLogAppender (LogUtils.java:warn(121)) - aaaecba4-dc3a-4434-b0f1-479f09acdbc3@group-55EB5D85A497->f3d36f04-bccd-4be2-9dc2-ceae52659d99-AppendLogResponseHandler: Failed appendEntries (Repeated 8 times in the last 5.000s): org.apache.ratis.thirdparty.io.grpc.StatusRuntimeException: UNAVAILABLE: io exception
2024-01-29 07:42:50,296 [grpc-default-executor-1] WARN  server.GrpcLogAppender (LogUtils.java:warn(121)) - aaaecba4-dc3a-4434-b0f1-479f09acdbc3@group-55EB5D85A497->f3d36f04-bccd-4be2-9dc2-ceae52659d99-AppendLogResponseHandler: Failed appendEntries: org.apache.ratis.thirdparty.io.grpc.StatusRuntimeException: UNAVAILABLE: io exception
2024-01-29 07:42:50,298 [grpc-default-executor-3] WARN  server.GrpcLogAppender (GrpcLogAppender.java:lambda$resetClient$1(217)) - aaaecba4-dc3a-4434-b0f1-479f09acdbc3@group-55EB5D85A497->f3d36f04-bccd-4be2-9dc2-ceae52659d99-GrpcLogAppender: Follower failed (request=null, errorCount=9); keep nextIndex (3) unchanged and retry.
2024-01-29 07:42:50,657 [null-request--thread1] INFO  server.GrpcClientProtocolService (GrpcClientProtocolService.java:lambda$processClientRequest$0(284)) - Failed RaftClientRequest:client-5B4D019A5EE3->aaaecba4-dc3a-4434-b0f1-479f09acdbc3@group-55EB5D85A497, cid=51, seq=null, Watch-ALL_COMMITTED(41), Message:<EMPTY>, reply=RaftClientReply:client-5B4D019A5EE3->aaaecba4-dc3a-4434-b0f1-479f09acdbc3@group-55EB5D85A497, cid=51, FAILED org.apache.ratis.protocol.exceptions.NotReplicatedException: Request with call Id 51 and log index 41 is not yet replicated to ALL_COMMITTED, logIndex=41, commits[aaaecba4-dc3a-4434-b0f1-479f09acdbc3:c2, f3d36f04-bccd-4be2-9dc2-ceae52659d99:c2, d4227e66-29fb-4e8c-95fa-da42bedd0d48:c1]
2024-01-29 07:42:50,662 [main] WARN  scm.XceiverClientRatis (XceiverClientRatis.java:watchForCommit(284)) - 3 way commit failed on pipeline Pipeline[ Id: 7c817f05-8ba5-4455-bbe1-55eb5d85a497, Nodes: d4227e66-29fb-4e8c-95fa-da42bedd0d48(fv-az571-724.sssw3dgiwi1e5jwxh1zizygaca.bx.internal.cloudapp.net/10.1.0.7)f3d36f04-bccd-4be2-9dc2-ceae52659d99(fv-az571-724.sssw3dgiwi1e5jwxh1zizygaca.bx.internal.cloudapp.net/10.1.0.7)aaaecba4-dc3a-4434-b0f1-479f09acdbc3(fv-az571-724.sssw3dgiwi1e5jwxh1zizygaca.bx.internal.cloudapp.net/10.1.0.7), ReplicationConfig: RATIS/THREE, State:OPEN, leaderId:aaaecba4-dc3a-4434-b0f1-479f09acdbc3, CreationTimestamp2024-01-29T07:42:33.090Z[Etc/UTC]]
java.util.concurrent.ExecutionException: org.apache.ratis.protocol.exceptions.NotReplicatedException: Request with call Id 51 and log index 41 is not yet replicated to ALL_COMMITTED
	at java.util.concurrent.CompletableFuture.reportGet(CompletableFuture.java:357)
	at java.util.concurrent.CompletableFuture.get(CompletableFuture.java:1908)
	at org.apache.hadoop.hdds.scm.XceiverClientRatis.watchForCommit(XceiverClientRatis.java:279)
	at org.apache.hadoop.ozone.client.rpc.TestWatchForCommit.testWatchForCommitForRetryfailure(TestWatchForCommit.java:283)
	at sun.reflect.NativeMethodAccessorImpl.invoke0(Native Method)
	at sun.reflect.NativeMethodAccessorImpl.invoke(NativeMethodAccessorImpl.java:62)
	at sun.reflect.DelegatingMethodAccessorImpl.invoke(DelegatingMethodAccessorImpl.java:43)
	at java.lang.reflect.Method.invoke(Method.java:498)
	at org.junit.platform.commons.util.ReflectionUtils.invokeMethod(ReflectionUtils.java:728)
	at org.junit.jupiter.engine.execution.MethodInvocation.proceed(MethodInvocation.java:60)
	at org.junit.jupiter.engine.execution.InvocationInterceptorChain$ValidatingInvocation.proceed(InvocationInterceptorChain.java:131)
	at org.junit.jupiter.engine.extension.TimeoutExtension.intercept(TimeoutExtension.java:156)
	at org.junit.jupiter.engine.extension.TimeoutExtension.interceptTestableMethod(TimeoutExtension.java:147)
	at org.junit.jupiter.engine.extension.TimeoutExtension.interceptTestMethod(TimeoutExtension.java:86)
	at org.junit.jupiter.engine.execution.InterceptingExecutableInvoker$ReflectiveInterceptorCall.lambda$ofVoidMethod$0(InterceptingExecutableInvoker.java:103)
	at org.junit.jupiter.engine.execution.InterceptingExecutableInvoker.lambda$invoke$0(InterceptingExecutableInvoker.java:93)
	at org.junit.jupiter.engine.execution.InvocationInterceptorChain$InterceptedInvocation.proceed(InvocationInterceptorChain.java:106)
	at org.junit.jupiter.engine.execution.InvocationInterceptorChain.proceed(InvocationInterceptorChain.java:64)
	at org.junit.jupiter.engine.execution.InvocationInterceptorChain.chainAndInvoke(InvocationInterceptorChain.java:45)
	at org.junit.jupiter.engine.execution.InvocationInterceptorChain.invoke(InvocationInterceptorChain.java:37)
	at org.junit.jupiter.engine.execution.InterceptingExecutableInvoker.invoke(InterceptingExecutableInvoker.java:92)
	at org.junit.jupiter.engine.execution.InterceptingExecutableInvoker.invoke(InterceptingExecutableInvoker.java:86)
	at org.junit.jupiter.engine.descriptor.TestMethodTestDescriptor.lambda$invokeTestMethod$7(TestMethodTestDescriptor.java:218)
	at org.junit.platform.engine.support.hierarchical.ThrowableCollector.execute(ThrowableCollector.java:73)
	at org.junit.jupiter.engine.descriptor.TestMethodTestDescriptor.invokeTestMethod(TestMethodTestDescriptor.java:214)
	at org.junit.jupiter.engine.descriptor.TestMethodTestDescriptor.execute(TestMethodTestDescriptor.java:139)
	at org.junit.jupiter.engine.descriptor.TestMethodTestDescriptor.execute(TestMethodTestDescriptor.java:69)
	at org.junit.platform.engine.support.hierarchical.NodeTestTask.lambda$executeRecursively$6(NodeTestTask.java:151)
	at org.junit.platform.engine.support.hierarchical.ThrowableCollector.execute(ThrowableCollector.java:73)
	at org.junit.platform.engine.support.hierarchical.NodeTestTask.lambda$executeRecursively$8(NodeTestTask.java:141)
	at org.junit.platform.engine.support.hierarchical.Node.around(Node.java:137)
	at org.junit.platform.engine.support.hierarchical.NodeTestTask.lambda$executeRecursively$9(NodeTestTask.java:139)
	at org.junit.platform.engine.support.hierarchical.ThrowableCollector.execute(ThrowableCollector.java:73)
	at org.junit.platform.engine.support.hierarchical.NodeTestTask.executeRecursively(NodeTestTask.java:138)
	at org.junit.platform.engine.support.hierarchical.NodeTestTask.execute(NodeTestTask.java:95)
	at java.util.ArrayList.forEach(ArrayList.java:1259)
	at org.junit.platform.engine.support.hierarchical.SameThreadHierarchicalTestExecutorService.invokeAll(SameThreadHierarchicalTestExecutorService.java:41)
	at org.junit.platform.engine.support.hierarchical.NodeTestTask.lambda$executeRecursively$6(NodeTestTask.java:155)
	at org.junit.platform.engine.support.hierarchical.ThrowableCollector.execute(ThrowableCollector.java:73)
	at org.junit.platform.engine.support.hierarchical.NodeTestTask.lambda$executeRecursively$8(NodeTestTask.java:141)
	at org.junit.platform.engine.support.hierarchical.Node.around(Node.java:137)
	at org.junit.platform.engine.support.hierarchical.NodeTestTask.lambda$executeRecursively$9(NodeTestTask.java:139)
	at org.junit.platform.engine.support.hierarchical.ThrowableCollector.execute(ThrowableCollector.java:73)
	at org.junit.platform.engine.support.hierarchical.NodeTestTask.executeRecursively(NodeTestTask.java:138)
	at org.junit.platform.engine.support.hierarchical.NodeTestTask.execute(NodeTestTask.java:95)
	at java.util.ArrayList.forEach(ArrayList.java:1259)
	at org.junit.platform.engine.support.hierarchical.SameThreadHierarchicalTestExecutorService.invokeAll(SameThreadHierarchicalTestExecutorService.java:41)
	at org.junit.platform.engine.support.hierarchical.NodeTestTask.lambda$executeRecursively$6(NodeTestTask.java:155)
	at org.junit.platform.engine.support.hierarchical.ThrowableCollector.execute(ThrowableCollector.java:73)
	at org.junit.platform.engine.support.hierarchical.NodeTestTask.lambda$executeRecursively$8(NodeTestTask.java:141)
	at org.junit.platform.engine.support.hierarchical.Node.around(Node.java:137)
	at org.junit.platform.engine.support.hierarchical.NodeTestTask.lambda$executeRecursively$9(NodeTestTask.java:139)
	at org.junit.platform.engine.support.hierarchical.ThrowableCollector.execute(ThrowableCollector.java:73)
	at org.junit.platform.engine.support.hierarchical.NodeTestTask.executeRecursively(NodeTestTask.java:138)
	at org.junit.platform.engine.support.hierarchical.NodeTestTask.execute(NodeTestTask.java:95)
	at org.junit.platform.engine.support.hierarchical.SameThreadHierarchicalTestExecutorService.submit(SameThreadHierarchicalTestExecutorService.java:35)
	at org.junit.platform.engine.support.hierarchical.HierarchicalTestExecutor.execute(HierarchicalTestExecutor.java:57)
	at org.junit.platform.engine.support.hierarchical.HierarchicalTestEngine.execute(HierarchicalTestEngine.java:54)
	at org.junit.platform.launcher.core.EngineExecutionOrchestrator.execute(EngineExecutionOrchestrator.java:198)
	at org.junit.platform.launcher.core.EngineExecutionOrchestrator.execute(EngineExecutionOrchestrator.java:169)
	at org.junit.platform.launcher.core.EngineExecutionOrchestrator.execute(EngineExecutionOrchestrator.java:93)
	at org.junit.platform.launcher.core.EngineExecutionOrchestrator.lambda$execute$0(EngineExecutionOrchestrator.java:58)
	at org.junit.platform.launcher.core.EngineExecutionOrchestrator.withInterceptedStreams(EngineExecutionOrchestrator.java:141)
	at org.junit.platform.launcher.core.EngineExecutionOrchestrator.execute(EngineExecutionOrchestrator.java:57)
	at org.junit.platform.launcher.core.DefaultLauncher.execute(DefaultLauncher.java:103)
	at org.junit.platform.launcher.core.DefaultLauncher.execute(DefaultLauncher.java:85)
	at org.junit.platform.launcher.core.DelegatingLauncher.execute(DelegatingLauncher.java:47)
	at org.junit.platform.launcher.core.SessionPerRequestLauncher.execute(SessionPerRequestLauncher.java:63)
	at org.apache.maven.surefire.junitplatform.JUnitPlatformProvider.execute(JUnitPlatformProvider.java:188)
	at org.apache.maven.surefire.junitplatform.JUnitPlatformProvider.invokeAllTests(JUnitPlatformProvider.java:154)
	at org.apache.maven.surefire.junitplatform.JUnitPlatformProvider.invoke(JUnitPlatformProvider.java:124)
	at org.apache.maven.surefire.booter.ForkedBooter.runSuitesInProcess(ForkedBooter.java:428)
	at org.apache.maven.surefire.booter.ForkedBooter.execute(ForkedBooter.java:162)
	at org.apache.maven.surefire.booter.ForkedBooter.run(ForkedBooter.java:562)
	at org.apache.maven.surefire.booter.ForkedBooter.main(ForkedBooter.java:548)
Caused by: org.apache.ratis.protocol.exceptions.NotReplicatedException: Request with call Id 51 and log index 41 is not yet replicated to ALL_COMMITTED
	at org.apache.ratis.client.impl.ClientProtoUtils.toRaftClientReply(ClientProtoUtils.java:400)
	at org.apache.ratis.grpc.client.GrpcClientProtocolClient$AsyncStreamObservers$1.onNext(GrpcClientProtocolClient.java:310)
	at org.apache.ratis.grpc.client.GrpcClientProtocolClient$AsyncStreamObservers$1.onNext(GrpcClientProtocolClient.java:305)
	at org.apache.ratis.thirdparty.io.grpc.stub.ClientCalls$StreamObserverToCallListenerAdapter.onMessage(ClientCalls.java:468)
	at org.apache.ratis.thirdparty.io.grpc.ForwardingClientCallListener.onMessage(ForwardingClientCallListener.java:33)
	at org.apache.ratis.thirdparty.io.grpc.internal.ClientCallImpl$ClientStreamListenerImpl$1MessagesAvailable.runInternal(ClientCallImpl.java:660)
	at org.apache.ratis.thirdparty.io.grpc.internal.ClientCallImpl$ClientStreamListenerImpl$1MessagesAvailable.runInContext(ClientCallImpl.java:647)
	at org.apache.ratis.thirdparty.io.grpc.internal.ContextRunnable.run(ContextRunnable.java:37)
	at org.apache.ratis.thirdparty.io.grpc.internal.SerializingExecutor.run(SerializingExecutor.java:133)
	at java.util.concurrent.ThreadPoolExecutor.runWorker(ThreadPoolExecutor.java:1149)
	at java.util.concurrent.ThreadPoolExecutor$Worker.run(ThreadPoolExecutor.java:624)
	at java.lang.Thread.run(Thread.java:750)
2024-01-29 07:42:51,936 [aaaecba4-dc3a-4434-b0f1-479f09acdbc3@group-55EB5D85A497-LeaderStateImpl] WARN  server.RaftServer$Division (LeaderStateImpl.java:checkLeadership(1107)) - aaaecba4-dc3a-4434-b0f1-479f09acdbc3@group-55EB5D85A497-LeaderStateImpl: Lost leadership on term: 1. Election timeout: 5200ms. In charge for: 10907ms. Conf: 0: peers:[f3d36f04-bccd-4be2-9dc2-ceae52659d99|10.1.0.7:15139, d4227e66-29fb-4e8c-95fa-da42bedd0d48|10.1.0.7:15130, aaaecba4-dc3a-4434-b0f1-479f09acdbc3|10.1.0.7:15148]|listeners:[], old=null
2024-01-29 07:42:51,936 [aaaecba4-dc3a-4434-b0f1-479f09acdbc3@group-55EB5D85A497-LeaderStateImpl] WARN  server.RaftServer$Division (LeaderStateImpl.java:lambda$checkLeadership$21(1111)) - Follower aaaecba4-dc3a-4434-b0f1-479f09acdbc3@group-55EB5D85A497->f3d36f04-bccd-4be2-9dc2-ceae52659d99(c2,m2,n3, caughtUp=true, lastRpcSendTime=386, lastRpcResponseTime=7898)
2024-01-29 07:42:51,936 [aaaecba4-dc3a-4434-b0f1-479f09acdbc3@group-55EB5D85A497-LeaderStateImpl] WARN  server.RaftServer$Division (LeaderStateImpl.java:lambda$checkLeadership$21(1111)) - Follower aaaecba4-dc3a-4434-b0f1-479f09acdbc3@group-55EB5D85A497->d4227e66-29fb-4e8c-95fa-da42bedd0d48(c1,m2,n3, caughtUp=true, lastRpcSendTime=1017, lastRpcResponseTime=10401)
2024-01-29 07:42:51,937 [aaaecba4-dc3a-4434-b0f1-479f09acdbc3@group-55EB5D85A497-LeaderStateImpl] INFO  server.RaftServer$Division (RaftServerImpl.java:setRole(383)) - aaaecba4-dc3a-4434-b0f1-479f09acdbc3@group-55EB5D85A497: changes role from    LEADER to FOLLOWER at term 1 for StepDownReason:LOST_MAJORITY_HEARTBEATS
2024-01-29 07:42:51,937 [aaaecba4-dc3a-4434-b0f1-479f09acdbc3@group-55EB5D85A497-LeaderStateImpl] INFO  impl.RoleInfo (RoleInfo.java:shutdownLeaderState(94)) - aaaecba4-dc3a-4434-b0f1-479f09acdbc3: shutdown aaaecba4-dc3a-4434-b0f1-479f09acdbc3@group-55EB5D85A497-LeaderStateImpl
2024-01-29 07:42:51,937 [aaaecba4-dc3a-4434-b0f1-479f09acdbc3@group-55EB5D85A497->f3d36f04-bccd-4be2-9dc2-ceae52659d99-GrpcLogAppender-LogAppenderDaemon] WARN  server.GrpcLogAppender (GrpcLogAppender.java:mayWait(289)) - aaaecba4-dc3a-4434-b0f1-479f09acdbc3@group-55EB5D85A497->f3d36f04-bccd-4be2-9dc2-ceae52659d99-GrpcLogAppender: Wait interrupted by java.lang.InterruptedException
2024-01-29 07:42:51,937 [aaaecba4-dc3a-4434-b0f1-479f09acdbc3@group-55EB5D85A497-LeaderStateImpl] INFO  impl.PendingRequests (PendingRequests.java:sendNotLeaderResponses(289)) - aaaecba4-dc3a-4434-b0f1-479f09acdbc3@group-55EB5D85A497-PendingRequests: sendNotLeaderResponses
2024-01-29 07:42:51,937 [aaaecba4-dc3a-4434-b0f1-479f09acdbc3@group-55EB5D85A497->d4227e66-29fb-4e8c-95fa-da42bedd0d48-GrpcLogAppender-LogAppenderDaemon] WARN  server.GrpcLogAppender (GrpcLogAppender.java:mayWait(289)) - aaaecba4-dc3a-4434-b0f1-479f09acdbc3@group-55EB5D85A497->d4227e66-29fb-4e8c-95fa-da42bedd0d48-GrpcLogAppender: Wait interrupted by java.lang.InterruptedException
2024-01-29 07:42:51,939 [null-request--thread1] INFO  server.GrpcClientProtocolService (GrpcClientProtocolService.java:lambda$processClientRequest$0(284)) - Failed RaftClientRequest:client-5B4D019A5EE3->aaaecba4-dc3a-4434-b0f1-479f09acdbc3@group-55EB5D85A497, cid=52, seq=null, Watch-MAJORITY_COMMITTED(41), Message:<EMPTY>, reply=RaftClientReply:client-5B4D019A5EE3->aaaecba4-dc3a-4434-b0f1-479f09acdbc3@group-55EB5D85A497, cid=52, FAILED org.apache.ratis.protocol.exceptions.NotLeaderException: Server aaaecba4-dc3a-4434-b0f1-479f09acdbc3@group-55EB5D85A497 is not the leader, logIndex=0, commits[aaaecba4-dc3a-4434-b0f1-479f09acdbc3:c2, f3d36f04-bccd-4be2-9dc2-ceae52659d99:c2, d4227e66-29fb-4e8c-95fa-da42bedd0d48:c1]
2024-01-29 07:42:51,939 [aaaecba4-dc3a-4434-b0f1-479f09acdbc3@group-55EB5D85A497-LeaderStateImpl] INFO  server.RaftServer$Division (ServerState.java:setLeader(269)) - aaaecba4-dc3a-4434-b0f1-479f09acdbc3@group-55EB5D85A497: change Leader from aaaecba4-dc3a-4434-b0f1-479f09acdbc3 to null at term 1 for StepDownReason:LOST_MAJORITY_HEARTBEATS
2024-01-29 07:42:51,939 [aaaecba4-dc3a-4434-b0f1-479f09acdbc3@group-55EB5D85A497-LeaderStateImpl] INFO  impl.RoleInfo (RoleInfo.java:updateAndGet(139)) - aaaecba4-dc3a-4434-b0f1-479f09acdbc3: start aaaecba4-dc3a-4434-b0f1-479f09acdbc3@group-55EB5D85A497-FollowerState
2024-01-29 07:42:52,547 [aaaecba4-dc3a-4434-b0f1-479f09acdbc3-CloseContainerThread-0] INFO  commandhandler.CloseContainerCommandHandler (CloseContainerCommandHandler.java:lambda$handle$0(154)) - Follower cannot close container #1.
2024-01-29 07:42:52,794 [timer7] WARN  server.GrpcLogAppender (GrpcLogAppender.java:lambda$resetClient$1(217)) - aaaecba4-dc3a-4434-b0f1-479f09acdbc3@group-55EB5D85A497->d4227e66-29fb-4e8c-95fa-da42bedd0d48-GrpcLogAppender: Follower failed (request=null, errorCount=14); keep nextIndex (3) unchanged and retry. (Repeated 6 times in the last 5.000s)
2024-01-29 07:42:52,794 [timer6] WARN  server.GrpcLogAppender (LogUtils.java:warn(121)) - aaaecba4-dc3a-4434-b0f1-479f09acdbc3@group-55EB5D85A497->d4227e66-29fb-4e8c-95fa-da42bedd0d48-AppendLogResponseHandler: Failed appendEntries (Repeated 6 times in the last 5.002s): org.apache.ratis.thirdparty.io.grpc.StatusRuntimeException: UNAVAILABLE: io exception
2024-01-29 07:42:53,673 [BackgroundPipelineScrubber] INFO  pipeline.PipelineManagerImpl (PipelineManagerImpl.java:scrubPipelines(610)) - Scrubbing pipeline: id: PipelineID=7c817f05-8ba5-4455-bbe1-55eb5d85a497 since it stays at CLOSED stage.
2024-01-29 07:42:53,674 [BackgroundPipelineScrubber] INFO  pipeline.RatisPipelineProvider (RatisPipelineProvider.java:lambda$close$4(272)) - Send pipeline:PipelineID=7c817f05-8ba5-4455-bbe1-55eb5d85a497 close command to datanode d4227e66-29fb-4e8c-95fa-da42bedd0d48
2024-01-29 07:42:53,674 [BackgroundPipelineScrubber] INFO  pipeline.RatisPipelineProvider (RatisPipelineProvider.java:lambda$close$4(272)) - Send pipeline:PipelineID=7c817f05-8ba5-4455-bbe1-55eb5d85a497 close command to datanode f3d36f04-bccd-4be2-9dc2-ceae52659d99
2024-01-29 07:42:53,674 [BackgroundPipelineScrubber] INFO  pipeline.RatisPipelineProvider (RatisPipelineProvider.java:lambda$close$4(272)) - Send pipeline:PipelineID=7c817f05-8ba5-4455-bbe1-55eb5d85a497 close command to datanode aaaecba4-dc3a-4434-b0f1-479f09acdbc3
2024-01-29 07:42:53,676 [BackgroundPipelineScrubber] INFO  pipeline.PipelineManagerImpl (PipelineManagerImpl.java:removePipeline(459)) - Pipeline Pipeline[ Id: 7c817f05-8ba5-4455-bbe1-55eb5d85a497, Nodes: d4227e66-29fb-4e8c-95fa-da42bedd0d48(fv-az571-724.sssw3dgiwi1e5jwxh1zizygaca.bx.internal.cloudapp.net/10.1.0.7)f3d36f04-bccd-4be2-9dc2-ceae52659d99(fv-az571-724.sssw3dgiwi1e5jwxh1zizygaca.bx.internal.cloudapp.net/10.1.0.7)aaaecba4-dc3a-4434-b0f1-479f09acdbc3(fv-az571-724.sssw3dgiwi1e5jwxh1zizygaca.bx.internal.cloudapp.net/10.1.0.7), ReplicationConfig: RATIS/THREE, State:CLOSED, leaderId:aaaecba4-dc3a-4434-b0f1-479f09acdbc3, CreationTimestamp2024-01-29T07:42:33.090Z[Etc/UTC]] removed.
2024-01-29 07:42:55,298 [timer6] WARN  server.GrpcLogAppender (LogUtils.java:warn(121)) - aaaecba4-dc3a-4434-b0f1-479f09acdbc3@group-55EB5D85A497->f3d36f04-bccd-4be2-9dc2-ceae52659d99-AppendLogResponseHandler: Failed appendEntries (Repeated 4 times in the last 5.002s): org.apache.ratis.thirdparty.io.grpc.StatusRuntimeException: UNAVAILABLE: io exception
2024-01-29 07:42:55,298 [timer7] WARN  server.GrpcLogAppender (GrpcLogAppender.java:lambda$resetClient$1(217)) - aaaecba4-dc3a-4434-b0f1-479f09acdbc3@group-55EB5D85A497->f3d36f04-bccd-4be2-9dc2-ceae52659d99-GrpcLogAppender: Follower failed (request=null, errorCount=12); keep nextIndex (3) unchanged and retry. (Repeated 4 times in the last 5.001s)
2024-01-29 07:42:55,544 [aaaecba4-dc3a-4434-b0f1-479f09acdbc3-PipelineCommandHandlerThread-0] INFO  server.RaftServer (RaftServerProxy.java:remove(111)) - aaaecba4-dc3a-4434-b0f1-479f09acdbc3: remove  FOLLOWER aaaecba4-dc3a-4434-b0f1-479f09acdbc3@group-55EB5D85A497:t1, leader=null, voted=aaaecba4-dc3a-4434-b0f1-479f09acdbc3, raftlog=Memoized:aaaecba4-dc3a-4434-b0f1-479f09acdbc3@group-55EB5D85A497-SegmentedRaftLog:OPENED:c2, conf=0: peers:[f3d36f04-bccd-4be2-9dc2-ceae52659d99|10.1.0.7:15139, d4227e66-29fb-4e8c-95fa-da42bedd0d48|10.1.0.7:15130, aaaecba4-dc3a-4434-b0f1-479f09acdbc3|10.1.0.7:15148]|listeners:[], old=null RUNNING
2024-01-29 07:42:55,545 [aaaecba4-dc3a-4434-b0f1-479f09acdbc3-PipelineCommandHandlerThread-0] INFO  server.RaftServer$Division (RaftServerImpl.java:lambda$close$3(526)) - aaaecba4-dc3a-4434-b0f1-479f09acdbc3@group-55EB5D85A497: shutdown
2024-01-29 07:42:55,545 [aaaecba4-dc3a-4434-b0f1-479f09acdbc3-PipelineCommandHandlerThread-0] INFO  util.JmxRegister (JmxRegister.java:unregister(73)) - Successfully un-registered JMX Bean with object name Ratis:service=RaftServer,group=group-55EB5D85A497,id=aaaecba4-dc3a-4434-b0f1-479f09acdbc3
2024-01-29 07:42:55,545 [aaaecba4-dc3a-4434-b0f1-479f09acdbc3-PipelineCommandHandlerThread-0] INFO  impl.RoleInfo (RoleInfo.java:shutdownFollowerState(110)) - aaaecba4-dc3a-4434-b0f1-479f09acdbc3: shutdown aaaecba4-dc3a-4434-b0f1-479f09acdbc3@group-55EB5D85A497-FollowerState
2024-01-29 07:42:55,545 [aaaecba4-dc3a-4434-b0f1-479f09acdbc3-PipelineCommandHandlerThread-0] INFO  impl.StateMachineUpdater (StateMachineUpdater.java:stopAndJoin(157)) - aaaecba4-dc3a-4434-b0f1-479f09acdbc3@group-55EB5D85A497-StateMachineUpdater: set stopIndex = 2
2024-01-29 07:42:55,545 [aaaecba4-dc3a-4434-b0f1-479f09acdbc3@group-55EB5D85A497-StateMachineUpdater] INFO  ratis.ContainerStateMachine (ContainerStateMachine.java:takeSnapshot(355)) - group-55EB5D85A497: Taking a snapshot at:(t:1, i:2) file /home/runner/work/ozone/ozone/hadoop-ozone/integration-test/target/test-dir/MiniOzoneClusterImpl-43c44e75-c492-4a39-944e-601a0ff30632/datanode-5/data/ratis/7c817f05-8ba5-4455-bbe1-55eb5d85a497/sm/snapshot.1_2
2024-01-29 07:42:55,545 [aaaecba4-dc3a-4434-b0f1-479f09acdbc3@group-55EB5D85A497-FollowerState] INFO  impl.FollowerState (FollowerState.java:run(152)) - aaaecba4-dc3a-4434-b0f1-479f09acdbc3@group-55EB5D85A497-FollowerState was interrupted
2024-01-29 07:42:55,547 [aaaecba4-dc3a-4434-b0f1-479f09acdbc3@group-55EB5D85A497-StateMachineUpdater] INFO  ratis.ContainerStateMachine (ContainerStateMachine.java:takeSnapshot(366)) - group-55EB5D85A497: Finished taking a snapshot at:(t:1, i:2) file:/home/runner/work/ozone/ozone/hadoop-ozone/integration-test/target/test-dir/MiniOzoneClusterImpl-43c44e75-c492-4a39-944e-601a0ff30632/datanode-5/data/ratis/7c817f05-8ba5-4455-bbe1-55eb5d85a497/sm/snapshot.1_2 took: 2 ms
2024-01-29 07:42:55,548 [aaaecba4-dc3a-4434-b0f1-479f09acdbc3@group-55EB5D85A497-StateMachineUpdater] INFO  impl.StateMachineUpdater (StateMachineUpdater.java:takeSnapshot(295)) - aaaecba4-dc3a-4434-b0f1-479f09acdbc3@group-55EB5D85A497-StateMachineUpdater: Took a snapshot at index 2
2024-01-29 07:42:55,548 [aaaecba4-dc3a-4434-b0f1-479f09acdbc3@group-55EB5D85A497-StateMachineUpdater] INFO  impl.StateMachineUpdater (StateMachineUpdater.java:lambda$new$0(98)) - aaaecba4-dc3a-4434-b0f1-479f09acdbc3@group-55EB5D85A497-StateMachineUpdater: snapshotIndex: updateIncreasingly -1 -> 2
2024-01-29 07:42:55,548 [aaaecba4-dc3a-4434-b0f1-479f09acdbc3-PipelineCommandHandlerThread-0] INFO  server.RaftServer$Division (ServerState.java:close(427)) - aaaecba4-dc3a-4434-b0f1-479f09acdbc3@group-55EB5D85A497: applyIndex: 2
2024-01-29 07:42:55,548 [aaaecba4-dc3a-4434-b0f1-479f09acdbc3@group-55EB5D85A497-cacheEviction-AwaitToRun] INFO  util.AwaitToRun (AwaitToRun.java:run(49)) - aaaecba4-dc3a-4434-b0f1-479f09acdbc3@group-55EB5D85A497-cacheEviction-AwaitToRun-AwaitForSignal is interrupted
2024-01-29 07:42:56,536 [aaaecba4-dc3a-4434-b0f1-479f09acdbc3-PipelineCommandHandlerThread-0] INFO  segmented.SegmentedRaftLogWorker (SegmentedRaftLogWorker.java:close(245)) - aaaecba4-dc3a-4434-b0f1-479f09acdbc3@group-55EB5D85A497-SegmentedRaftLogWorker close()
2024-01-29 07:42:56,538 [aaaecba4-dc3a-4434-b0f1-479f09acdbc3-PipelineCommandHandlerThread-0] INFO  keyvalue.KeyValueContainer (KeyValueContainer.java:flushAndSyncDB(522)) - Container 1 is synced with bcsId 0.
2024-01-29 07:42:56,538 [aaaecba4-dc3a-4434-b0f1-479f09acdbc3-PipelineCommandHandlerThread-0] INFO  keyvalue.KeyValueContainer (KeyValueContainer.java:flushAndSyncDB(522)) - Container 1 is synced with bcsId 0.
2024-01-29 07:42:56,541 [FixedThreadPoolWithAffinityExecutor-8-0] INFO  container.IncrementalContainerReportHandler (AbstractContainerReportHandler.java:updateContainerState(287)) - Moving container #1 to QUASI_CLOSED state, datanode aaaecba4-dc3a-4434-b0f1-479f09acdbc3(fv-az571-724.sssw3dgiwi1e5jwxh1zizygaca.bx.internal.cloudapp.net/10.1.0.7) reported QUASI_CLOSED replica.
2024-01-29 07:42:56,542 [aaaecba4-dc3a-4434-b0f1-479f09acdbc3-PipelineCommandHandlerThread-0] INFO  server.RaftServer$Division (RaftServerImpl.java:groupRemove(496)) - aaaecba4-dc3a-4434-b0f1-479f09acdbc3@group-55EB5D85A497: Succeed to remove RaftStorageDirectory Storage Directory /home/runner/work/ozone/ozone/hadoop-ozone/integration-test/target/test-dir/MiniOzoneClusterImpl-43c44e75-c492-4a39-944e-601a0ff30632/datanode-5/data/ratis/7c817f05-8ba5-4455-bbe1-55eb5d85a497
2024-01-29 07:42:56,542 [aaaecba4-dc3a-4434-b0f1-479f09acdbc3-PipelineCommandHandlerThread-0] ERROR commandhandler.ClosePipelineCommandHandler (ClosePipelineCommandHandler.java:lambda$handle$2(137)) - Can't close pipeline PipelineID=7c817f05-8ba5-4455-bbe1-55eb5d85a497
org.apache.ratis.protocol.exceptions.GroupMismatchException: aaaecba4-dc3a-4434-b0f1-479f09acdbc3: group-55EB5D85A497 not found.
	at org.apache.ratis.server.impl.RaftServerProxy$ImplMap.get(RaftServerProxy.java:154)
	at org.apache.ratis.server.impl.RaftServerProxy.getImplFuture(RaftServerProxy.java:364)
	at org.apache.ratis.server.impl.RaftServerProxy.getImpl(RaftServerProxy.java:373)
	at org.apache.ratis.server.impl.RaftServerProxy.getDivision(RaftServerProxy.java:386)
	at org.apache.hadoop.ozone.container.common.transport.server.ratis.XceiverServerRatis.getRaftPeersInPipeline(XceiverServerRatis.java:951)
	at org.apache.hadoop.ozone.container.common.statemachine.commandhandler.ClosePipelineCommandHandler.lambda$handle$2(ClosePipelineCommandHandler.java:114)
	at java.util.concurrent.CompletableFuture$AsyncRun.run(CompletableFuture.java:1640)
	at java.util.concurrent.ThreadPoolExecutor.runWorker(ThreadPoolExecutor.java:1149)
	at java.util.concurrent.ThreadPoolExecutor$Worker.run(ThreadPoolExecutor.java:624)
	at java.lang.Thread.run(Thread.java:750)
2024-01-29 07:43:03,672 [main] INFO  ozone.MiniOzoneClusterImpl (MiniOzoneClusterImpl.java:shutdown(449)) - Shutting down the Mini Ozone Cluster
2024-01-29 07:43:03,672 [main] INFO  db.CodecTestUtil (CodecTestUtil.java:gc(50)) - gc 0
2024-01-29 07:43:04,035 [main] INFO  ozone.MiniOzoneClusterImpl (MiniOzoneClusterImpl.java:stop(465)) - Stopping the Mini Ozone Cluster
2024-01-29 07:43:04,035 [main] INFO  om.OzoneManager (OzoneManager.java:stop(2204)) - om1[localhost:15093]: Stopping Ozone Manager
2024-01-29 07:43:04,036 [main] INFO  ipc.Server (Server.java:stop(3523)) - Stopping server on 15093
2024-01-29 07:43:04,040 [IPC Server listener on 15093] INFO  ipc.Server (Server.java:run(1434)) - Stopping IPC Server listener on 15093
2024-01-29 07:43:04,040 [IPC Server Responder] INFO  ipc.Server (Server.java:run(1567)) - Stopping IPC Server Responder
2024-01-29 07:43:04,040 [main] INFO  ratis.OzoneManagerRatisServer (OzoneManagerRatisServer.java:stop(594)) - Stopping org.apache.hadoop.ozone.om.ratis.OzoneManagerRatisServer@5a6c6ffc at port 15096
2024-01-29 07:43:04,043 [main] INFO  server.RaftServer (RaftServerProxy.java:lambda$close$9(416)) - om1: close
2024-01-29 07:43:04,044 [main] INFO  server.GrpcService (GrpcService.java:closeImpl(311)) - om1: shutdown server GrpcServerProtocolService now
2024-01-29 07:43:04,044 [om1-impl-thread1] INFO  server.RaftServer$Division (RaftServerImpl.java:lambda$close$3(526)) - om1@group-C5BA1605619E: shutdown
2024-01-29 07:43:04,044 [om1-impl-thread1] INFO  util.JmxRegister (JmxRegister.java:unregister(73)) - Successfully un-registered JMX Bean with object name Ratis:service=RaftServer,group=group-C5BA1605619E,id=om1
2024-01-29 07:43:04,044 [om1-impl-thread1] INFO  impl.RoleInfo (RoleInfo.java:shutdownLeaderState(94)) - om1: shutdown om1@group-C5BA1605619E-LeaderStateImpl
2024-01-29 07:43:04,044 [om1-impl-thread1] INFO  impl.PendingRequests (PendingRequests.java:sendNotLeaderResponses(289)) - om1@group-C5BA1605619E-PendingRequests: sendNotLeaderResponses
2024-01-29 07:43:04,047 [om1-impl-thread1] INFO  impl.StateMachineUpdater (StateMachineUpdater.java:stopAndJoin(157)) - om1@group-C5BA1605619E-StateMachineUpdater: set stopIndex = 4
2024-01-29 07:43:04,047 [om1@group-C5BA1605619E-StateMachineUpdater] INFO  ratis.OzoneManagerStateMachine (OzoneManagerStateMachine.java:takeSnapshotImpl(469)) -  applied = (t:1, i:3)
2024-01-29 07:43:04,047 [om1@group-C5BA1605619E-StateMachineUpdater] INFO  ratis.OzoneManagerStateMachine (OzoneManagerStateMachine.java:takeSnapshotImpl(470)) -  skipped = 3
2024-01-29 07:43:04,047 [om1@group-C5BA1605619E-StateMachineUpdater] INFO  ratis.OzoneManagerStateMachine (OzoneManagerStateMachine.java:takeSnapshotImpl(471)) - notified = (t:1, i:4)
2024-01-29 07:43:04,047 [om1@group-C5BA1605619E-StateMachineUpdater] INFO  ratis.OzoneManagerStateMachine (OzoneManagerStateMachine.java:takeSnapshotImpl(472)) - snapshot = (t:1, i:4)
2024-01-29 07:43:04,048 [main] INFO  server.GrpcService (GrpcService.java:closeImpl(320)) - om1: shutdown server GrpcServerProtocolService successfully
2024-01-29 07:43:04,056 [om1@group-C5BA1605619E-StateMachineUpdater] INFO  impl.StateMachineUpdater (StateMachineUpdater.java:takeSnapshot(295)) - om1@group-C5BA1605619E-StateMachineUpdater: Took a snapshot at index 4
2024-01-29 07:43:04,056 [om1@group-C5BA1605619E-StateMachineUpdater] INFO  impl.StateMachineUpdater (StateMachineUpdater.java:lambda$new$0(98)) - om1@group-C5BA1605619E-StateMachineUpdater: snapshotIndex: updateIncreasingly -1 -> 4
2024-01-29 07:43:04,057 [om1@group-C5BA1605619E-StateMachineUpdater] INFO  ratis.OzoneManagerStateMachine (OzoneManagerStateMachine.java:close(515)) - Stopping OzoneManagerStateMachine:om1:group-C5BA1605619E.
2024-01-29 07:43:04,057 [om1@group-C5BA1605619E-StateMachineUpdater] INFO  ratis.OzoneManagerDoubleBuffer (OzoneManagerDoubleBuffer.java:stopDaemon(514)) - Stopping OMDoubleBuffer flush thread
2024-01-29 07:43:04,057 [om1-OMDoubleBufferFlushThread] INFO  ratis.OzoneManagerDoubleBuffer (OzoneManagerDoubleBuffer.java:canFlush(578)) - OMDoubleBuffer flush thread om1-OMDoubleBufferFlushThread is interrupted and will exit.
2024-01-29 07:43:04,058 [om1-impl-thread1] INFO  server.RaftServer$Division (ServerState.java:close(427)) - om1@group-C5BA1605619E: applyIndex: 3
2024-01-29 07:43:04,058 [om1@group-C5BA1605619E-cacheEviction-AwaitToRun] INFO  util.AwaitToRun (AwaitToRun.java:run(49)) - om1@group-C5BA1605619E-cacheEviction-AwaitToRun-AwaitForSignal is interrupted
2024-01-29 07:43:04,507 [om1-impl-thread1] INFO  segmented.SegmentedRaftLogWorker (SegmentedRaftLogWorker.java:close(245)) - om1@group-C5BA1605619E-SegmentedRaftLogWorker close()
2024-01-29 07:43:04,507 [JvmPauseMonitor12] INFO  util.JvmPauseMonitor (JvmPauseMonitor.java:run(152)) - JvmPauseMonitor-om1: Stopped
2024-01-29 07:43:04,508 [main] INFO  utils.BackgroundService (BackgroundService.java:shutdown(160)) - Shutting down service KeyDeletingService
2024-01-29 07:43:04,508 [main] INFO  utils.BackgroundService (BackgroundService.java:shutdown(160)) - Shutting down service DirectoryDeletingService
2024-01-29 07:43:04,508 [main] INFO  utils.BackgroundService (BackgroundService.java:shutdown(160)) - Shutting down service OpenKeyCleanupService
2024-01-29 07:43:04,509 [main] INFO  utils.BackgroundService (BackgroundService.java:shutdown(160)) - Shutting down service SstFilteringService
2024-01-29 07:43:04,509 [main] INFO  utils.BackgroundService (BackgroundService.java:shutdown(160)) - Shutting down service SnapshotDeletingService
2024-01-29 07:43:04,511 [main] INFO  utils.BackgroundService (BackgroundService.java:shutdown(160)) - Shutting down service MultipartUploadCleanupService
2024-01-29 07:43:04,511 [main] INFO  utils.BackgroundService (BackgroundService.java:shutdown(160)) - Shutting down service SnapshotDirectoryCleaningService
2024-01-29 07:43:04,512 [main] INFO  handler.ContextHandler (ContextHandler.java:doStop(1159)) - Stopped o.e.j.w.WebAppContext@3e6ab97b{ozoneManager,/,null,STOPPED}{file:/home/runner/work/ozone/ozone/hadoop-ozone/integration-test/target/test-classes/webapps/ozoneManager}
2024-01-29 07:43:04,512 [main] INFO  server.AbstractConnector (AbstractConnector.java:doStop(383)) - Stopped ServerConnector@76c09b27{HTTP/1.1, (http/1.1)}{0.0.0.0:15094}
2024-01-29 07:43:04,513 [main] INFO  server.session (HouseKeeper.java:stopScavenging(149)) - node0 Stopped scavenging
2024-01-29 07:43:04,513 [main] INFO  handler.ContextHandler (ContextHandler.java:doStop(1159)) - Stopped o.e.j.s.ServletContextHandler@6e060dde{static,/static,file:///home/runner/work/ozone/ozone/hadoop-ozone/integration-test/target/test-classes/webapps/static,STOPPED}
2024-01-29 07:43:04,513 [main] INFO  handler.ContextHandler (ContextHandler.java:doStop(1159)) - Stopped o.e.j.s.ServletContextHandler@4c7b0d6e{logs,/logs,file:///home/runner/work/ozone/ozone/hadoop-ozone/integration-test/target/log,STOPPED}
2024-01-29 07:43:04,514 [main] INFO  rocksdiff.RocksDBCheckpointDiffer (RocksDBCheckpointDiffer.java:close(310)) - Shutting down CompactionDagPruningService.
2024-01-29 07:43:04,515 [main] INFO  snapshot.SnapshotDiffManager (SnapshotDiffManager.java:closeExecutorService(1688)) - Shutting down executorService: 'SnapDiffExecutor'
2024-01-29 07:43:04,515 [main] INFO  snapshot.SnapshotDiffManager (SnapshotDiffManager.java:closeExecutorService(1688)) - Shutting down executorService: 'SstDumpToolExecutor'
2024-01-29 07:43:04,515 [main] INFO  utils.BackgroundService (BackgroundService.java:shutdown(160)) - Shutting down service SnapshotDiffCleanupService
2024-01-29 07:43:04,516 [main] INFO  ozone.MiniOzoneClusterImpl (MiniOzoneClusterImpl.java:stopDatanodes(535)) - Stopping the HddsDatanodes
2024-01-29 07:43:04,521 [main] INFO  ozoneimpl.OzoneContainer (OzoneContainer.java:stop(479)) - Attempting to stop container services.
2024-01-29 07:43:04,522 [main] INFO  server.RaftServer (RaftServerProxy.java:lambda$close$9(416)) - aaaecba4-dc3a-4434-b0f1-479f09acdbc3: close
2024-01-29 07:43:04,522 [main] INFO  server.GrpcService (GrpcService.java:closeImpl(311)) - aaaecba4-dc3a-4434-b0f1-479f09acdbc3: shutdown server org.apache.ratis.grpc.server.GrpcClientProtocolService now
2024-01-29 07:43:04,522 [aaaecba4-dc3a-4434-b0f1-479f09acdbc3-impl-thread1] INFO  server.RaftServer$Division (RaftServerImpl.java:lambda$close$3(526)) - aaaecba4-dc3a-4434-b0f1-479f09acdbc3@group-D88F6401EDD2: shutdown
2024-01-29 07:43:04,522 [aaaecba4-dc3a-4434-b0f1-479f09acdbc3-impl-thread1] INFO  util.JmxRegister (JmxRegister.java:unregister(73)) - Successfully un-registered JMX Bean with object name Ratis:service=RaftServer,group=group-D88F6401EDD2,id=aaaecba4-dc3a-4434-b0f1-479f09acdbc3
2024-01-29 07:43:04,522 [aaaecba4-dc3a-4434-b0f1-479f09acdbc3-impl-thread1] INFO  impl.RoleInfo (RoleInfo.java:shutdownLeaderState(94)) - aaaecba4-dc3a-4434-b0f1-479f09acdbc3: shutdown aaaecba4-dc3a-4434-b0f1-479f09acdbc3@group-D88F6401EDD2-LeaderStateImpl
2024-01-29 07:43:04,522 [aaaecba4-dc3a-4434-b0f1-479f09acdbc3-impl-thread1] INFO  impl.PendingRequests (PendingRequests.java:sendNotLeaderResponses(289)) - aaaecba4-dc3a-4434-b0f1-479f09acdbc3@group-D88F6401EDD2-PendingRequests: sendNotLeaderResponses
2024-01-29 07:43:04,522 [Thread-2198] INFO  server.GrpcServerProtocolClient (GrpcServerProtocolClient.java:close(103)) - f3d36f04-bccd-4be2-9dc2-ceae52659d99 Close channels
2024-01-29 07:43:04,523 [aaaecba4-dc3a-4434-b0f1-479f09acdbc3-impl-thread1] INFO  impl.StateMachineUpdater (StateMachineUpdater.java:stopAndJoin(157)) - aaaecba4-dc3a-4434-b0f1-479f09acdbc3@group-D88F6401EDD2-StateMachineUpdater: set stopIndex = 0
2024-01-29 07:43:04,523 [aaaecba4-dc3a-4434-b0f1-479f09acdbc3@group-D88F6401EDD2-StateMachineUpdater] INFO  ratis.ContainerStateMachine (ContainerStateMachine.java:takeSnapshot(355)) - group-D88F6401EDD2: Taking a snapshot at:(t:1, i:0) file /home/runner/work/ozone/ozone/hadoop-ozone/integration-test/target/test-dir/MiniOzoneClusterImpl-43c44e75-c492-4a39-944e-601a0ff30632/datanode-5/data/ratis/ce6f691a-3061-4d05-8b69-d88f6401edd2/sm/snapshot.1_0
2024-01-29 07:43:04,523 [Thread-2199] INFO  server.GrpcServerProtocolClient (GrpcServerProtocolClient.java:close(103)) - d4227e66-29fb-4e8c-95fa-da42bedd0d48 Close channels
2024-01-29 07:43:04,523 [aaaecba4-dc3a-4434-b0f1-479f09acdbc3@group-D88F6401EDD2-StateMachineUpdater] INFO  ratis.ContainerStateMachine (ContainerStateMachine.java:takeSnapshot(366)) - group-D88F6401EDD2: Finished taking a snapshot at:(t:1, i:0) file:/home/runner/work/ozone/ozone/hadoop-ozone/integration-test/target/test-dir/MiniOzoneClusterImpl-43c44e75-c492-4a39-944e-601a0ff30632/datanode-5/data/ratis/ce6f691a-3061-4d05-8b69-d88f6401edd2/sm/snapshot.1_0 took: 1 ms
2024-01-29 07:43:04,524 [aaaecba4-dc3a-4434-b0f1-479f09acdbc3@group-D88F6401EDD2-StateMachineUpdater] INFO  impl.StateMachineUpdater (StateMachineUpdater.java:takeSnapshot(295)) - aaaecba4-dc3a-4434-b0f1-479f09acdbc3@group-D88F6401EDD2-StateMachineUpdater: Took a snapshot at index 0
2024-01-29 07:43:04,524 [aaaecba4-dc3a-4434-b0f1-479f09acdbc3@group-D88F6401EDD2-StateMachineUpdater] INFO  impl.StateMachineUpdater (StateMachineUpdater.java:lambda$new$0(98)) - aaaecba4-dc3a-4434-b0f1-479f09acdbc3@group-D88F6401EDD2-StateMachineUpdater: snapshotIndex: updateIncreasingly -1 -> 0
2024-01-29 07:43:04,524 [aaaecba4-dc3a-4434-b0f1-479f09acdbc3-impl-thread1] INFO  server.RaftServer$Division (ServerState.java:close(427)) - aaaecba4-dc3a-4434-b0f1-479f09acdbc3@group-D88F6401EDD2: applyIndex: 0
2024-01-29 07:43:04,525 [ForkJoinPool.commonPool-worker-4] INFO  ozoneimpl.OzoneContainer (OzoneContainer.java:stop(479)) - Attempting to stop container services.
2024-01-29 07:43:04,525 [ForkJoinPool.commonPool-worker-4] INFO  server.RaftServer (RaftServerProxy.java:lambda$close$9(416)) - 0ce2b046-143e-42c7-a174-539311f5349e: close
2024-01-29 07:43:04,526 [0ce2b046-143e-42c7-a174-539311f5349e-impl-thread1] INFO  server.RaftServer$Division (RaftServerImpl.java:lambda$close$3(526)) - 0ce2b046-143e-42c7-a174-539311f5349e@group-FA1D7534C04C: shutdown
2024-01-29 07:43:04,526 [0ce2b046-143e-42c7-a174-539311f5349e-impl-thread1] INFO  util.JmxRegister (JmxRegister.java:unregister(73)) - Successfully un-registered JMX Bean with object name Ratis:service=RaftServer,group=group-FA1D7534C04C,id=0ce2b046-143e-42c7-a174-539311f5349e
2024-01-29 07:43:04,526 [0ce2b046-143e-42c7-a174-539311f5349e-impl-thread1] INFO  impl.RoleInfo (RoleInfo.java:shutdownLeaderState(94)) - 0ce2b046-143e-42c7-a174-539311f5349e: shutdown 0ce2b046-143e-42c7-a174-539311f5349e@group-FA1D7534C04C-LeaderStateImpl
2024-01-29 07:43:04,526 [ForkJoinPool.commonPool-worker-4] INFO  server.GrpcService (GrpcService.java:closeImpl(311)) - 0ce2b046-143e-42c7-a174-539311f5349e: shutdown server org.apache.ratis.grpc.server.GrpcClientProtocolService now
2024-01-29 07:43:04,526 [0ce2b046-143e-42c7-a174-539311f5349e-impl-thread2] INFO  server.RaftServer$Division (RaftServerImpl.java:lambda$close$3(526)) - 0ce2b046-143e-42c7-a174-539311f5349e@group-7CEF0C69C9BF: shutdown
2024-01-29 07:43:04,526 [0ce2b046-143e-42c7-a174-539311f5349e-impl-thread2] INFO  util.JmxRegister (JmxRegister.java:unregister(73)) - Successfully un-registered JMX Bean with object name Ratis:service=RaftServer,group=group-7CEF0C69C9BF,id=0ce2b046-143e-42c7-a174-539311f5349e
2024-01-29 07:43:04,526 [0ce2b046-143e-42c7-a174-539311f5349e-impl-thread2] INFO  impl.RoleInfo (RoleInfo.java:shutdownLeaderState(94)) - 0ce2b046-143e-42c7-a174-539311f5349e: shutdown 0ce2b046-143e-42c7-a174-539311f5349e@group-7CEF0C69C9BF-LeaderStateImpl
2024-01-29 07:43:04,526 [0ce2b046-143e-42c7-a174-539311f5349e-impl-thread2] INFO  impl.PendingRequests (PendingRequests.java:sendNotLeaderResponses(289)) - 0ce2b046-143e-42c7-a174-539311f5349e@group-7CEF0C69C9BF-PendingRequests: sendNotLeaderResponses
2024-01-29 07:43:04,527 [0ce2b046-143e-42c7-a174-539311f5349e-impl-thread2] INFO  impl.StateMachineUpdater (StateMachineUpdater.java:stopAndJoin(157)) - 0ce2b046-143e-42c7-a174-539311f5349e@group-7CEF0C69C9BF-StateMachineUpdater: set stopIndex = 0
2024-01-29 07:43:04,527 [Thread-2202] INFO  server.GrpcServerProtocolClient (GrpcServerProtocolClient.java:close(103)) - eea2313d-992f-4b5d-9e13-b8d80714ad2c Close channels
2024-01-29 07:43:04,528 [Thread-2204] INFO  server.GrpcServerProtocolClient (GrpcServerProtocolClient.java:close(103)) - 65bc286e-59a3-42df-af3f-c8e10564c4d1 Close channels
2024-01-29 07:43:04,528 [0ce2b046-143e-42c7-a174-539311f5349e@group-7CEF0C69C9BF-StateMachineUpdater] INFO  ratis.ContainerStateMachine (ContainerStateMachine.java:takeSnapshot(355)) - group-7CEF0C69C9BF: Taking a snapshot at:(t:1, i:0) file /home/runner/work/ozone/ozone/hadoop-ozone/integration-test/target/test-dir/MiniOzoneClusterImpl-43c44e75-c492-4a39-944e-601a0ff30632/datanode-2/data/ratis/c9bfcb0e-a82b-421b-92d6-7cef0c69c9bf/sm/snapshot.1_0
2024-01-29 07:43:04,528 [aaaecba4-dc3a-4434-b0f1-479f09acdbc3@group-D88F6401EDD2-cacheEviction-AwaitToRun] INFO  util.AwaitToRun (AwaitToRun.java:run(49)) - aaaecba4-dc3a-4434-b0f1-479f09acdbc3@group-D88F6401EDD2-cacheEviction-AwaitToRun-AwaitForSignal is interrupted
2024-01-29 07:43:04,529 [0ce2b046-143e-42c7-a174-539311f5349e@group-7CEF0C69C9BF-StateMachineUpdater] INFO  ratis.ContainerStateMachine (ContainerStateMachine.java:takeSnapshot(366)) - group-7CEF0C69C9BF: Finished taking a snapshot at:(t:1, i:0) file:/home/runner/work/ozone/ozone/hadoop-ozone/integration-test/target/test-dir/MiniOzoneClusterImpl-43c44e75-c492-4a39-944e-601a0ff30632/datanode-2/data/ratis/c9bfcb0e-a82b-421b-92d6-7cef0c69c9bf/sm/snapshot.1_0 took: 0 ms
2024-01-29 07:43:04,529 [0ce2b046-143e-42c7-a174-539311f5349e@group-7CEF0C69C9BF-StateMachineUpdater] INFO  impl.StateMachineUpdater (StateMachineUpdater.java:takeSnapshot(295)) - 0ce2b046-143e-42c7-a174-539311f5349e@group-7CEF0C69C9BF-StateMachineUpdater: Took a snapshot at index 0
2024-01-29 07:43:04,529 [0ce2b046-143e-42c7-a174-539311f5349e@group-7CEF0C69C9BF-StateMachineUpdater] INFO  impl.StateMachineUpdater (StateMachineUpdater.java:lambda$new$0(98)) - 0ce2b046-143e-42c7-a174-539311f5349e@group-7CEF0C69C9BF-StateMachineUpdater: snapshotIndex: updateIncreasingly -1 -> 0
2024-01-29 07:43:04,529 [0ce2b046-143e-42c7-a174-539311f5349e-impl-thread2] INFO  server.RaftServer$Division (ServerState.java:close(427)) - 0ce2b046-143e-42c7-a174-539311f5349e@group-7CEF0C69C9BF: applyIndex: 0
2024-01-29 07:43:04,530 [ForkJoinPool.commonPool-worker-6] INFO  ozoneimpl.OzoneContainer (OzoneContainer.java:stop(479)) - Attempting to stop container services.
2024-01-29 07:43:04,531 [main] INFO  server.GrpcService (GrpcService.java:closeImpl(320)) - aaaecba4-dc3a-4434-b0f1-479f09acdbc3: shutdown server org.apache.ratis.grpc.server.GrpcClientProtocolService successfully
2024-01-29 07:43:04,532 [main] INFO  server.GrpcService (GrpcService.java:closeImpl(311)) - aaaecba4-dc3a-4434-b0f1-479f09acdbc3: shutdown server GrpcServerProtocolService now
2024-01-29 07:43:04,532 [0ce2b046-143e-42c7-a174-539311f5349e@group-7CEF0C69C9BF-cacheEviction-AwaitToRun] INFO  util.AwaitToRun (AwaitToRun.java:run(49)) - 0ce2b046-143e-42c7-a174-539311f5349e@group-7CEF0C69C9BF-cacheEviction-AwaitToRun-AwaitForSignal is interrupted
2024-01-29 07:43:04,532 [ForkJoinPool.commonPool-worker-5] INFO  ozoneimpl.OzoneContainer (OzoneContainer.java:stop(479)) - Attempting to stop container services.
2024-01-29 07:43:04,532 [0ce2b046-143e-42c7-a174-539311f5349e-impl-thread1] INFO  impl.PendingRequests (PendingRequests.java:sendNotLeaderResponses(289)) - 0ce2b046-143e-42c7-a174-539311f5349e@group-FA1D7534C04C-PendingRequests: sendNotLeaderResponses
2024-01-29 07:43:04,532 [0ce2b046-143e-42c7-a174-539311f5349e@group-FA1D7534C04C->65bc286e-59a3-42df-af3f-c8e10564c4d1-GrpcLogAppender-LogAppenderDaemon] WARN  server.GrpcLogAppender (GrpcLogAppender.java:mayWait(289)) - 0ce2b046-143e-42c7-a174-539311f5349e@group-FA1D7534C04C->65bc286e-59a3-42df-af3f-c8e10564c4d1-GrpcLogAppender: Wait interrupted by java.lang.InterruptedException
2024-01-29 07:43:04,532 [ForkJoinPool.commonPool-worker-6] INFO  server.RaftServer (RaftServerProxy.java:lambda$close$9(416)) - 4014a93b-65b2-4fad-85e3-f269d9ce0515: close
2024-01-29 07:43:04,533 [0ce2b046-143e-42c7-a174-539311f5349e@group-FA1D7534C04C->eea2313d-992f-4b5d-9e13-b8d80714ad2c-GrpcLogAppender-LogAppenderDaemon] WARN  server.GrpcLogAppender (GrpcLogAppender.java:mayWait(289)) - 0ce2b046-143e-42c7-a174-539311f5349e@group-FA1D7534C04C->eea2313d-992f-4b5d-9e13-b8d80714ad2c-GrpcLogAppender: Wait interrupted by java.lang.InterruptedException
2024-01-29 07:43:04,533 [4014a93b-65b2-4fad-85e3-f269d9ce0515-impl-thread1] INFO  server.RaftServer$Division (RaftServerImpl.java:lambda$close$3(526)) - 4014a93b-65b2-4fad-85e3-f269d9ce0515@group-300C9206CE33: shutdown
2024-01-29 07:43:04,533 [4014a93b-65b2-4fad-85e3-f269d9ce0515-impl-thread1] INFO  util.JmxRegister (JmxRegister.java:unregister(73)) - Successfully un-registered JMX Bean with object name Ratis:service=RaftServer,group=group-300C9206CE33,id=4014a93b-65b2-4fad-85e3-f269d9ce0515
2024-01-29 07:43:04,533 [4014a93b-65b2-4fad-85e3-f269d9ce0515-impl-thread1] INFO  impl.RoleInfo (RoleInfo.java:shutdownLeaderState(94)) - 4014a93b-65b2-4fad-85e3-f269d9ce0515: shutdown 4014a93b-65b2-4fad-85e3-f269d9ce0515@group-300C9206CE33-LeaderStateImpl
2024-01-29 07:43:04,533 [grpc-default-executor-3] INFO  server.GrpcServerProtocolService (GrpcServerProtocolService.java:onCompleted(157)) - 65bc286e-59a3-42df-af3f-c8e10564c4d1: Completed APPEND_ENTRIES, lastRequest: null
2024-01-29 07:43:04,533 [ForkJoinPool.commonPool-worker-6] INFO  server.GrpcService (GrpcService.java:closeImpl(311)) - 4014a93b-65b2-4fad-85e3-f269d9ce0515: shutdown server org.apache.ratis.grpc.server.GrpcClientProtocolService now
2024-01-29 07:43:04,538 [main] INFO  server.GrpcService (GrpcService.java:closeImpl(320)) - aaaecba4-dc3a-4434-b0f1-479f09acdbc3: shutdown server GrpcServerProtocolService successfully
2024-01-29 07:43:04,539 [main] INFO  server.GrpcService (GrpcService.java:closeImpl(311)) - aaaecba4-dc3a-4434-b0f1-479f09acdbc3: shutdown server org.apache.ratis.grpc.server.GrpcAdminProtocolService now
2024-01-29 07:43:04,539 [4014a93b-65b2-4fad-85e3-f269d9ce0515-impl-thread2] INFO  server.RaftServer$Division (RaftServerImpl.java:lambda$close$3(526)) - 4014a93b-65b2-4fad-85e3-f269d9ce0515@group-C3E4D582E014: shutdown
2024-01-29 07:43:04,539 [4014a93b-65b2-4fad-85e3-f269d9ce0515-impl-thread2] INFO  util.JmxRegister (JmxRegister.java:unregister(73)) - Successfully un-registered JMX Bean with object name Ratis:service=RaftServer,group=group-C3E4D582E014,id=4014a93b-65b2-4fad-85e3-f269d9ce0515
2024-01-29 07:43:04,540 [4014a93b-65b2-4fad-85e3-f269d9ce0515-impl-thread2] INFO  impl.RoleInfo (RoleInfo.java:shutdownLeaderState(94)) - 4014a93b-65b2-4fad-85e3-f269d9ce0515: shutdown 4014a93b-65b2-4fad-85e3-f269d9ce0515@group-C3E4D582E014-LeaderStateImpl
2024-01-29 07:43:04,538 [grpc-default-executor-3] INFO  server.GrpcServerProtocolService (GrpcServerProtocolService.java:lambda$onCompleted$5(159)) - 65bc286e-59a3-42df-af3f-c8e10564c4d1: Completed APPEND_ENTRIES, lastReply: serverReply {
  requestorId: "0ce2b046-143e-42c7-a174-539311f5349e"
  replyId: "65bc286e-59a3-42df-af3f-c8e10564c4d1"
  raftGroupId {
    id: "\204\226k\300\311\323F\023\256\345\372\035u4\300L"
  }
  callId: 11
  success: true
}
term: 1
nextIndex: 1
matchIndex: 18446744073709551615
isHearbeat: true

2024-01-29 07:43:04,533 [4014a93b-65b2-4fad-85e3-f269d9ce0515@group-300C9206CE33->f6f0dadf-556e-42a8-b6d8-b99280d4e6cc-GrpcLogAppender-LogAppenderDaemon] WARN  server.GrpcLogAppender (GrpcLogAppender.java:mayWait(289)) - 4014a93b-65b2-4fad-85e3-f269d9ce0515@group-300C9206CE33->f6f0dadf-556e-42a8-b6d8-b99280d4e6cc-GrpcLogAppender: Wait interrupted by java.lang.InterruptedException
2024-01-29 07:43:04,533 [4014a93b-65b2-4fad-85e3-f269d9ce0515@group-300C9206CE33->1256e137-4a60-4c2e-839e-27e972a873fc-GrpcLogAppender-LogAppenderDaemon] WARN  server.GrpcLogAppender (GrpcLogAppender.java:mayWait(289)) - 4014a93b-65b2-4fad-85e3-f269d9ce0515@group-300C9206CE33->1256e137-4a60-4c2e-839e-27e972a873fc-GrpcLogAppender: Wait interrupted by java.lang.InterruptedException
2024-01-29 07:43:04,533 [4014a93b-65b2-4fad-85e3-f269d9ce0515-impl-thread1] INFO  impl.PendingRequests (PendingRequests.java:sendNotLeaderResponses(289)) - 4014a93b-65b2-4fad-85e3-f269d9ce0515@group-300C9206CE33-PendingRequests: sendNotLeaderResponses
2024-01-29 07:43:04,540 [grpc-default-executor-3] INFO  server.GrpcServerProtocolService (GrpcServerProtocolService.java:onCompleted(157)) - eea2313d-992f-4b5d-9e13-b8d80714ad2c: Completed APPEND_ENTRIES, lastRequest: null
2024-01-29 07:43:04,541 [grpc-default-executor-2] INFO  server.GrpcLogAppender (GrpcLogAppender.java:onCompleted(546)) - 0ce2b046-143e-42c7-a174-539311f5349e@group-FA1D7534C04C->65bc286e-59a3-42df-af3f-c8e10564c4d1-AppendLogResponseHandler: follower responses appendEntries COMPLETED
2024-01-29 07:43:04,541 [grpc-default-executor-3] INFO  server.GrpcServerProtocolService (GrpcServerProtocolService.java:lambda$onCompleted$5(159)) - eea2313d-992f-4b5d-9e13-b8d80714ad2c: Completed APPEND_ENTRIES, lastReply: serverReply {
  requestorId: "0ce2b046-143e-42c7-a174-539311f5349e"
  replyId: "eea2313d-992f-4b5d-9e13-b8d80714ad2c"
  raftGroupId {
    id: "\204\226k\300\311\323F\023\256\345\372\035u4\300L"
  }
  callId: 14
  success: true
}
term: 1
nextIndex: 1
matchIndex: 18446744073709551615
isHearbeat: true

2024-01-29 07:43:04,540 [4014a93b-65b2-4fad-85e3-f269d9ce0515-impl-thread2] INFO  impl.PendingRequests (PendingRequests.java:sendNotLeaderResponses(289)) - 4014a93b-65b2-4fad-85e3-f269d9ce0515@group-C3E4D582E014-PendingRequests: sendNotLeaderResponses
2024-01-29 07:43:04,548 [grpc-default-executor-3] INFO  server.GrpcServerProtocolService (GrpcServerProtocolService.java:onCompleted(157)) - f6f0dadf-556e-42a8-b6d8-b99280d4e6cc: Completed APPEND_ENTRIES, lastRequest: 4014a93b-65b2-4fad-85e3-f269d9ce0515->f6f0dadf-556e-42a8-b6d8-b99280d4e6cc#1-t1,previous=(t:0, i:0),leaderCommit=-1,initializing? false,entries: size=1, first=(t:1, i:0), CONFIGURATIONENTRY(current:id: "1256e137-4a60-4c2e-839e-27e972a873fc"
address: "10.1.0.7:15175"
dataStreamAddress: "10.1.0.7:15176"
clientAddress: "10.1.0.7:15173"
adminAddress: "10.1.0.7:15174"
startupRole: FOLLOWER
,id: "4014a93b-65b2-4fad-85e3-f269d9ce0515"
address: "10.1.0.7:15157"
priority: 1
dataStreamAddress: "10.1.0.7:15158"
clientAddress: "10.1.0.7:15155"
adminAddress: "10.1.0.7:15156"
startupRole: FOLLOWER
,id: "f6f0dadf-556e-42a8-b6d8-b99280d4e6cc"
address: "10.1.0.7:15166"
dataStreamAddress: "10.1.0.7:15167"
clientAddress: "10.1.0.7:15164"
adminAddress: "10.1.0.7:15165"
startupRole: FOLLOWER
, old:)
2024-01-29 07:43:04,549 [grpc-default-executor-3] INFO  server.GrpcServerProtocolService (GrpcServerProtocolService.java:lambda$onCompleted$5(159)) - f6f0dadf-556e-42a8-b6d8-b99280d4e6cc: Completed APPEND_ENTRIES, lastReply: null
2024-01-29 07:43:04,547 [grpc-default-executor-0] INFO  server.GrpcServerProtocolService (GrpcServerProtocolService.java:onCompleted(157)) - 65bc286e-59a3-42df-af3f-c8e10564c4d1: Completed APPEND_ENTRIES, lastRequest: 0ce2b046-143e-42c7-a174-539311f5349e->65bc286e-59a3-42df-af3f-c8e10564c4d1#1-t1,previous=(t:0, i:0),leaderCommit=-1,initializing? false,entries: size=1, first=(t:1, i:0), CONFIGURATIONENTRY(current:id: "eea2313d-992f-4b5d-9e13-b8d80714ad2c"
address: "10.1.0.7:15112"
dataStreamAddress: "10.1.0.7:15113"
clientAddress: "10.1.0.7:15110"
adminAddress: "10.1.0.7:15111"
startupRole: FOLLOWER
,id: "0ce2b046-143e-42c7-a174-539311f5349e"
address: "10.1.0.7:15121"
priority: 1
dataStreamAddress: "10.1.0.7:15122"
clientAddress: "10.1.0.7:15119"
adminAddress: "10.1.0.7:15120"
startupRole: FOLLOWER
,id: "65bc286e-59a3-42df-af3f-c8e10564c4d1"
address: "10.1.0.7:15103"
dataStreamAddress: "10.1.0.7:15104"
clientAddress: "10.1.0.7:15101"
adminAddress: "10.1.0.7:15102"
startupRole: FOLLOWER
, old:)
2024-01-29 07:43:04,549 [grpc-default-executor-0] INFO  server.GrpcServerProtocolService (GrpcServerProtocolService.java:lambda$onCompleted$5(159)) - 65bc286e-59a3-42df-af3f-c8e10564c4d1: Completed APPEND_ENTRIES, lastReply: null
2024-01-29 07:43:04,549 [grpc-default-executor-6] INFO  server.GrpcServerProtocolService (GrpcServerProtocolService.java:onCompleted(157)) - f6f0dadf-556e-42a8-b6d8-b99280d4e6cc: Completed APPEND_ENTRIES, lastRequest: null
2024-01-29 07:43:04,549 [4014a93b-65b2-4fad-85e3-f269d9ce0515@group-300C9206CE33-StateMachineUpdater] INFO  ratis.ContainerStateMachine (ContainerStateMachine.java:takeSnapshot(355)) - group-300C9206CE33: Taking a snapshot at:(t:1, i:0) file /home/runner/work/ozone/ozone/hadoop-ozone/integration-test/target/test-dir/MiniOzoneClusterImpl-43c44e75-c492-4a39-944e-601a0ff30632/datanode-6/data/ratis/08ad69f3-d3a1-4e51-8ac6-300c9206ce33/sm/snapshot.1_0
2024-01-29 07:43:04,549 [grpc-default-executor-5] INFO  server.GrpcLogAppender (GrpcLogAppender.java:onCompleted(546)) - 0ce2b046-143e-42c7-a174-539311f5349e@group-FA1D7534C04C->65bc286e-59a3-42df-af3f-c8e10564c4d1-AppendLogResponseHandler: follower responses appendEntries COMPLETED
2024-01-29 07:43:04,549 [grpc-default-executor-5] WARN  server.GrpcLogAppender (GrpcLogAppender.java:resetClient(226)) - 0ce2b046-143e-42c7-a174-539311f5349e@group-FA1D7534C04C->65bc286e-59a3-42df-af3f-c8e10564c4d1-GrpcLogAppender: Failed to getClient for 65bc286e-59a3-42df-af3f-c8e10564c4d1
org.apache.ratis.protocol.exceptions.AlreadyClosedException: 0ce2b046-143e-42c7-a174-539311f5349e is already CLOSED
	at org.apache.ratis.util.PeerProxyMap$PeerAndProxy.getProxy(PeerProxyMap.java:65)
	at org.apache.ratis.util.PeerProxyMap.getProxy(PeerProxyMap.java:114)
	at org.apache.ratis.grpc.server.GrpcLogAppender.getClient(GrpcLogAppender.java:196)
	at org.apache.ratis.grpc.server.GrpcLogAppender.resetClient(GrpcLogAppender.java:201)
	at org.apache.ratis.grpc.server.GrpcLogAppender.access$800(GrpcLogAppender.java:62)
	at org.apache.ratis.grpc.server.GrpcLogAppender$AppendLogResponseHandler.onCompleted(GrpcLogAppender.java:547)
	at org.apache.ratis.thirdparty.io.grpc.stub.ClientCalls$StreamObserverToCallListenerAdapter.onClose(ClientCalls.java:479)
	at org.apache.ratis.thirdparty.io.grpc.internal.ClientCallImpl.closeObserver(ClientCallImpl.java:567)
	at org.apache.ratis.thirdparty.io.grpc.internal.ClientCallImpl.access$300(ClientCallImpl.java:71)
	at org.apache.ratis.thirdparty.io.grpc.internal.ClientCallImpl$ClientStreamListenerImpl$1StreamClosed.runInternal(ClientCallImpl.java:735)
	at org.apache.ratis.thirdparty.io.grpc.internal.ClientCallImpl$ClientStreamListenerImpl$1StreamClosed.runInContext(ClientCallImpl.java:716)
	at org.apache.ratis.thirdparty.io.grpc.internal.ContextRunnable.run(ContextRunnable.java:37)
	at org.apache.ratis.thirdparty.io.grpc.internal.SerializingExecutor.run(SerializingExecutor.java:133)
	at java.util.concurrent.ThreadPoolExecutor.runWorker(ThreadPoolExecutor.java:1149)
	at java.util.concurrent.ThreadPoolExecutor$Worker.run(ThreadPoolExecutor.java:624)
	at java.lang.Thread.run(Thread.java:750)
2024-01-29 07:43:04,547 [grpc-default-executor-4] INFO  server.GrpcServerProtocolService (GrpcServerProtocolService.java:onCompleted(157)) - 1256e137-4a60-4c2e-839e-27e972a873fc: Completed APPEND_ENTRIES, lastRequest: 4014a93b-65b2-4fad-85e3-f269d9ce0515->1256e137-4a60-4c2e-839e-27e972a873fc#1-t1,previous=(t:0, i:0),leaderCommit=-1,initializing? false,entries: size=1, first=(t:1, i:0), CONFIGURATIONENTRY(current:id: "1256e137-4a60-4c2e-839e-27e972a873fc"
address: "10.1.0.7:15175"
dataStreamAddress: "10.1.0.7:15176"
clientAddress: "10.1.0.7:15173"
adminAddress: "10.1.0.7:15174"
startupRole: FOLLOWER
,id: "4014a93b-65b2-4fad-85e3-f269d9ce0515"
address: "10.1.0.7:15157"
priority: 1
dataStreamAddress: "10.1.0.7:15158"
clientAddress: "10.1.0.7:15155"
adminAddress: "10.1.0.7:15156"
startupRole: FOLLOWER
,id: "f6f0dadf-556e-42a8-b6d8-b99280d4e6cc"
address: "10.1.0.7:15166"
dataStreamAddress: "10.1.0.7:15167"
clientAddress: "10.1.0.7:15164"
adminAddress: "10.1.0.7:15165"
startupRole: FOLLOWER
, old:)
2024-01-29 07:43:04,550 [grpc-default-executor-4] INFO  server.GrpcServerProtocolService (GrpcServerProtocolService.java:lambda$onCompleted$5(159)) - 1256e137-4a60-4c2e-839e-27e972a873fc: Completed APPEND_ENTRIES, lastReply: null
2024-01-29 07:43:04,550 [grpc-default-executor-7] INFO  server.GrpcLogAppender (GrpcLogAppender.java:onCompleted(546)) - 0ce2b046-143e-42c7-a174-539311f5349e@group-FA1D7534C04C->eea2313d-992f-4b5d-9e13-b8d80714ad2c-AppendLogResponseHandler: follower responses appendEntries COMPLETED
2024-01-29 07:43:04,550 [grpc-default-executor-7] WARN  server.GrpcLogAppender (GrpcLogAppender.java:resetClient(226)) - 0ce2b046-143e-42c7-a174-539311f5349e@group-FA1D7534C04C->eea2313d-992f-4b5d-9e13-b8d80714ad2c-GrpcLogAppender: Failed to getClient for eea2313d-992f-4b5d-9e13-b8d80714ad2c
org.apache.ratis.protocol.exceptions.AlreadyClosedException: 0ce2b046-143e-42c7-a174-539311f5349e is already CLOSED
	at org.apache.ratis.util.PeerProxyMap$PeerAndProxy.getProxy(PeerProxyMap.java:65)
	at org.apache.ratis.util.PeerProxyMap.getProxy(PeerProxyMap.java:114)
	at org.apache.ratis.grpc.server.GrpcLogAppender.getClient(GrpcLogAppender.java:196)
	at org.apache.ratis.grpc.server.GrpcLogAppender.resetClient(GrpcLogAppender.java:201)
	at org.apache.ratis.grpc.server.GrpcLogAppender.access$800(GrpcLogAppender.java:62)
	at org.apache.ratis.grpc.server.GrpcLogAppender$AppendLogResponseHandler.onCompleted(GrpcLogAppender.java:547)
	at org.apache.ratis.thirdparty.io.grpc.stub.ClientCalls$StreamObserverToCallListenerAdapter.onClose(ClientCalls.java:479)
	at org.apache.ratis.thirdparty.io.grpc.internal.DelayedClientCall$DelayedListener$3.run(DelayedClientCall.java:489)
	at org.apache.ratis.thirdparty.io.grpc.internal.DelayedClientCall$DelayedListener.delayOrExecute(DelayedClientCall.java:453)
	at org.apache.ratis.thirdparty.io.grpc.internal.DelayedClientCall$DelayedListener.onClose(DelayedClientCall.java:486)
	at org.apache.ratis.thirdparty.io.grpc.internal.ClientCallImpl.closeObserver(ClientCallImpl.java:567)
	at org.apache.ratis.thirdparty.io.grpc.internal.ClientCallImpl.access$300(ClientCallImpl.java:71)
	at org.apache.ratis.thirdparty.io.grpc.internal.ClientCallImpl$ClientStreamListenerImpl$1StreamClosed.runInternal(ClientCallImpl.java:735)
	at org.apache.ratis.thirdparty.io.grpc.internal.ClientCallImpl$ClientStreamListenerImpl$1StreamClosed.runInContext(ClientCallImpl.java:716)
	at org.apache.ratis.thirdparty.io.grpc.internal.ContextRunnable.run(ContextRunnable.java:37)
	at org.apache.ratis.thirdparty.io.grpc.internal.SerializingExecutor.run(SerializingExecutor.java:133)
	at java.util.concurrent.ThreadPoolExecutor.runWorker(ThreadPoolExecutor.java:1149)
	at java.util.concurrent.ThreadPoolExecutor$Worker.run(ThreadPoolExecutor.java:624)
	at java.lang.Thread.run(Thread.java:750)
2024-01-29 07:43:04,546 [4014a93b-65b2-4fad-85e3-f269d9ce0515-impl-thread1] INFO  impl.StateMachineUpdater (StateMachineUpdater.java:stopAndJoin(157)) - 4014a93b-65b2-4fad-85e3-f269d9ce0515@group-300C9206CE33-StateMachineUpdater: set stopIndex = 0
2024-01-29 07:43:04,546 [grpc-default-executor-1] INFO  server.GrpcServerProtocolService (GrpcServerProtocolService.java:onCompleted(157)) - eea2313d-992f-4b5d-9e13-b8d80714ad2c: Completed APPEND_ENTRIES, lastRequest: 0ce2b046-143e-42c7-a174-539311f5349e->eea2313d-992f-4b5d-9e13-b8d80714ad2c#1-t1,previous=(t:0, i:0),leaderCommit=-1,initializing? false,entries: size=1, first=(t:1, i:0), CONFIGURATIONENTRY(current:id: "eea2313d-992f-4b5d-9e13-b8d80714ad2c"
address: "10.1.0.7:15112"
dataStreamAddress: "10.1.0.7:15113"
clientAddress: "10.1.0.7:15110"
adminAddress: "10.1.0.7:15111"
startupRole: FOLLOWER
,id: "0ce2b046-143e-42c7-a174-539311f5349e"
address: "10.1.0.7:15121"
priority: 1
dataStreamAddress: "10.1.0.7:15122"
clientAddress: "10.1.0.7:15119"
adminAddress: "10.1.0.7:15120"
startupRole: FOLLOWER
,id: "65bc286e-59a3-42df-af3f-c8e10564c4d1"
address: "10.1.0.7:15103"
dataStreamAddress: "10.1.0.7:15104"
clientAddress: "10.1.0.7:15101"
adminAddress: "10.1.0.7:15102"
startupRole: FOLLOWER
, old:)
2024-01-29 07:43:04,553 [grpc-default-executor-1] INFO  server.GrpcServerProtocolService (GrpcServerProtocolService.java:lambda$onCompleted$5(159)) - eea2313d-992f-4b5d-9e13-b8d80714ad2c: Completed APPEND_ENTRIES, lastReply: null
2024-01-29 07:43:04,546 [ForkJoinPool.commonPool-worker-5] INFO  server.RaftServer (RaftServerProxy.java:lambda$close$9(416)) - f6f0dadf-556e-42a8-b6d8-b99280d4e6cc: close
2024-01-29 07:43:04,554 [Thread-2212] INFO  server.GrpcServerProtocolClient (GrpcServerProtocolClient.java:close(103)) - f6f0dadf-556e-42a8-b6d8-b99280d4e6cc Close channels
2024-01-29 07:43:04,555 [ForkJoinPool.commonPool-worker-5] INFO  server.GrpcService (GrpcService.java:closeImpl(311)) - f6f0dadf-556e-42a8-b6d8-b99280d4e6cc: shutdown server org.apache.ratis.grpc.server.GrpcClientProtocolService now
2024-01-29 07:43:04,555 [f6f0dadf-556e-42a8-b6d8-b99280d4e6cc-impl-thread2] INFO  server.RaftServer$Division (RaftServerImpl.java:lambda$close$3(526)) - f6f0dadf-556e-42a8-b6d8-b99280d4e6cc@group-135ACD05C6DA: shutdown
2024-01-29 07:43:04,556 [f6f0dadf-556e-42a8-b6d8-b99280d4e6cc-impl-thread2] INFO  util.JmxRegister (JmxRegister.java:unregister(73)) - Successfully un-registered JMX Bean with object name Ratis:service=RaftServer,group=group-135ACD05C6DA,id=f6f0dadf-556e-42a8-b6d8-b99280d4e6cc
2024-01-29 07:43:04,556 [f6f0dadf-556e-42a8-b6d8-b99280d4e6cc-impl-thread2] INFO  impl.RoleInfo (RoleInfo.java:shutdownLeaderState(94)) - f6f0dadf-556e-42a8-b6d8-b99280d4e6cc: shutdown f6f0dadf-556e-42a8-b6d8-b99280d4e6cc@group-135ACD05C6DA-LeaderStateImpl
2024-01-29 07:43:04,556 [f6f0dadf-556e-42a8-b6d8-b99280d4e6cc-impl-thread2] INFO  impl.PendingRequests (PendingRequests.java:sendNotLeaderResponses(289)) - f6f0dadf-556e-42a8-b6d8-b99280d4e6cc@group-135ACD05C6DA-PendingRequests: sendNotLeaderResponses
2024-01-29 07:43:04,557 [f6f0dadf-556e-42a8-b6d8-b99280d4e6cc-impl-thread2] INFO  impl.StateMachineUpdater (StateMachineUpdater.java:stopAndJoin(157)) - f6f0dadf-556e-42a8-b6d8-b99280d4e6cc@group-135ACD05C6DA-StateMachineUpdater: set stopIndex = 0
2024-01-29 07:43:04,546 [0ce2b046-143e-42c7-a174-539311f5349e@group-FA1D7534C04C-StateMachineUpdater] INFO  ratis.ContainerStateMachine (ContainerStateMachine.java:takeSnapshot(355)) - group-FA1D7534C04C: Taking a snapshot at:(t:1, i:0) file /home/runner/work/ozone/ozone/hadoop-ozone/integration-test/target/test-dir/MiniOzoneClusterImpl-43c44e75-c492-4a39-944e-601a0ff30632/datanode-2/data/ratis/84966bc0-c9d3-4613-aee5-fa1d7534c04c/sm/snapshot.1_0
2024-01-29 07:43:04,546 [0ce2b046-143e-42c7-a174-539311f5349e-impl-thread1] INFO  impl.StateMachineUpdater (StateMachineUpdater.java:stopAndJoin(157)) - 0ce2b046-143e-42c7-a174-539311f5349e@group-FA1D7534C04C-StateMachineUpdater: set stopIndex = 0
2024-01-29 07:43:04,541 [grpc-default-executor-2] WARN  server.GrpcLogAppender (GrpcLogAppender.java:resetClient(226)) - 0ce2b046-143e-42c7-a174-539311f5349e@group-FA1D7534C04C->65bc286e-59a3-42df-af3f-c8e10564c4d1-GrpcLogAppender: Failed to getClient for 65bc286e-59a3-42df-af3f-c8e10564c4d1
org.apache.ratis.protocol.exceptions.AlreadyClosedException: 0ce2b046-143e-42c7-a174-539311f5349e is already CLOSED
	at org.apache.ratis.util.PeerProxyMap$PeerAndProxy.getProxy(PeerProxyMap.java:65)
	at org.apache.ratis.util.PeerProxyMap.getProxy(PeerProxyMap.java:114)
	at org.apache.ratis.grpc.server.GrpcLogAppender.getClient(GrpcLogAppender.java:196)
	at org.apache.ratis.grpc.server.GrpcLogAppender.resetClient(GrpcLogAppender.java:201)
	at org.apache.ratis.grpc.server.GrpcLogAppender.access$800(GrpcLogAppender.java:62)
	at org.apache.ratis.grpc.server.GrpcLogAppender$AppendLogResponseHandler.onCompleted(GrpcLogAppender.java:547)
	at org.apache.ratis.thirdparty.io.grpc.stub.ClientCalls$StreamObserverToCallListenerAdapter.onClose(ClientCalls.java:479)
	at org.apache.ratis.thirdparty.io.grpc.internal.ClientCallImpl.closeObserver(ClientCallImpl.java:567)
	at org.apache.ratis.thirdparty.io.grpc.internal.ClientCallImpl.access$300(ClientCallImpl.java:71)
	at org.apache.ratis.thirdparty.io.grpc.internal.ClientCallImpl$ClientStreamListenerImpl$1StreamClosed.runInternal(ClientCallImpl.java:735)
	at org.apache.ratis.thirdparty.io.grpc.internal.ClientCallImpl$ClientStreamListenerImpl$1StreamClosed.runInContext(ClientCallImpl.java:716)
	at org.apache.ratis.thirdparty.io.grpc.internal.ContextRunnable.run(ContextRunnable.java:37)
	at org.apache.ratis.thirdparty.io.grpc.internal.SerializingExecutor.run(SerializingExecutor.java:133)
	at java.util.concurrent.ThreadPoolExecutor.runWorker(ThreadPoolExecutor.java:1149)
	at java.util.concurrent.ThreadPoolExecutor$Worker.run(ThreadPoolExecutor.java:624)
	at java.lang.Thread.run(Thread.java:750)
2024-01-29 07:43:04,558 [ForkJoinPool.commonPool-worker-4] INFO  server.GrpcService (GrpcService.java:closeImpl(320)) - 0ce2b046-143e-42c7-a174-539311f5349e: shutdown server org.apache.ratis.grpc.server.GrpcClientProtocolService successfully
2024-01-29 07:43:04,559 [ForkJoinPool.commonPool-worker-4] INFO  server.GrpcService (GrpcService.java:closeImpl(311)) - 0ce2b046-143e-42c7-a174-539311f5349e: shutdown server GrpcServerProtocolService now
2024-01-29 07:43:04,557 [ForkJoinPool.commonPool-worker-7] INFO  ozoneimpl.OzoneContainer (OzoneContainer.java:stop(479)) - Attempting to stop container services.
2024-01-29 07:43:04,557 [f6f0dadf-556e-42a8-b6d8-b99280d4e6cc@group-135ACD05C6DA-StateMachineUpdater] INFO  ratis.ContainerStateMachine (ContainerStateMachine.java:takeSnapshot(355)) - group-135ACD05C6DA: Taking a snapshot at:(t:1, i:0) file /home/runner/work/ozone/ozone/hadoop-ozone/integration-test/target/test-dir/MiniOzoneClusterImpl-43c44e75-c492-4a39-944e-601a0ff30632/datanode-7/data/ratis/a66cae9d-107b-4d0b-914b-135acd05c6da/sm/snapshot.1_0
2024-01-29 07:43:04,560 [ForkJoinPool.commonPool-worker-0] INFO  ozoneimpl.OzoneContainer (OzoneContainer.java:stop(479)) - Attempting to stop container services.
2024-01-29 07:43:04,557 [f6f0dadf-556e-42a8-b6d8-b99280d4e6cc-impl-thread1] INFO  server.RaftServer$Division (RaftServerImpl.java:lambda$close$3(526)) - f6f0dadf-556e-42a8-b6d8-b99280d4e6cc@group-300C9206CE33: shutdown
2024-01-29 07:43:04,560 [f6f0dadf-556e-42a8-b6d8-b99280d4e6cc-impl-thread1] INFO  util.JmxRegister (JmxRegister.java:unregister(73)) - Successfully un-registered JMX Bean with object name Ratis:service=RaftServer,group=group-300C9206CE33,id=f6f0dadf-556e-42a8-b6d8-b99280d4e6cc
2024-01-29 07:43:04,560 [f6f0dadf-556e-42a8-b6d8-b99280d4e6cc-impl-thread1] INFO  impl.RoleInfo (RoleInfo.java:shutdownFollowerState(110)) - f6f0dadf-556e-42a8-b6d8-b99280d4e6cc: shutdown f6f0dadf-556e-42a8-b6d8-b99280d4e6cc@group-300C9206CE33-FollowerState
2024-01-29 07:43:04,560 [ForkJoinPool.commonPool-worker-7] INFO  server.RaftServer (RaftServerProxy.java:lambda$close$9(416)) - eea2313d-992f-4b5d-9e13-b8d80714ad2c: close
2024-01-29 07:43:04,560 [ForkJoinPool.commonPool-worker-0] INFO  server.RaftServer (RaftServerProxy.java:lambda$close$9(416)) - 1256e137-4a60-4c2e-839e-27e972a873fc: close
2024-01-29 07:43:04,555 [ForkJoinPool.commonPool-worker-5] INFO  server.GrpcService (GrpcService.java:closeImpl(320)) - f6f0dadf-556e-42a8-b6d8-b99280d4e6cc: shutdown server org.apache.ratis.grpc.server.GrpcClientProtocolService successfully
2024-01-29 07:43:04,555 [grpc-default-executor-7] INFO  server.GrpcLogAppender (GrpcLogAppender.java:onCompleted(546)) - 0ce2b046-143e-42c7-a174-539311f5349e@group-FA1D7534C04C->eea2313d-992f-4b5d-9e13-b8d80714ad2c-AppendLogResponseHandler: follower responses appendEntries COMPLETED
2024-01-29 07:43:04,554 [main] INFO  server.GrpcService (GrpcService.java:closeImpl(320)) - aaaecba4-dc3a-4434-b0f1-479f09acdbc3: shutdown server org.apache.ratis.grpc.server.GrpcAdminProtocolService successfully
2024-01-29 07:43:04,554 [grpc-default-executor-1] INFO  server.GrpcLogAppender (GrpcLogAppender.java:onCompleted(546)) - 4014a93b-65b2-4fad-85e3-f269d9ce0515@group-300C9206CE33->1256e137-4a60-4c2e-839e-27e972a873fc-AppendLogResponseHandler: follower responses appendEntries COMPLETED
2024-01-29 07:43:04,552 [Thread-2209] INFO  server.GrpcServerProtocolClient (GrpcServerProtocolClient.java:close(103)) - 1256e137-4a60-4c2e-839e-27e972a873fc Close channels
2024-01-29 07:43:04,550 [grpc-default-executor-6] INFO  server.GrpcServerProtocolService (GrpcServerProtocolService.java:lambda$onCompleted$5(159)) - f6f0dadf-556e-42a8-b6d8-b99280d4e6cc: Completed APPEND_ENTRIES, lastReply: serverReply {
  requestorId: "4014a93b-65b2-4fad-85e3-f269d9ce0515"
  replyId: "f6f0dadf-556e-42a8-b6d8-b99280d4e6cc"
  raftGroupId {
    id: "\b\255i\363\323\241NQ\212\3060\f\222\006\3163"
  }
  callId: 13
  success: true
}
term: 1
nextIndex: 1
matchIndex: 18446744073709551615
isHearbeat: true

2024-01-29 07:43:04,550 [4014a93b-65b2-4fad-85e3-f269d9ce0515@group-300C9206CE33-StateMachineUpdater] INFO  ratis.ContainerStateMachine (ContainerStateMachine.java:takeSnapshot(366)) - group-300C9206CE33: Finished taking a snapshot at:(t:1, i:0) file:/home/runner/work/ozone/ozone/hadoop-ozone/integration-test/target/test-dir/MiniOzoneClusterImpl-43c44e75-c492-4a39-944e-601a0ff30632/datanode-6/data/ratis/08ad69f3-d3a1-4e51-8ac6-300c9206ce33/sm/snapshot.1_0 took: 0 ms
2024-01-29 07:43:04,561 [4014a93b-65b2-4fad-85e3-f269d9ce0515@group-300C9206CE33-StateMachineUpdater] INFO  impl.StateMachineUpdater (StateMachineUpdater.java:takeSnapshot(295)) - 4014a93b-65b2-4fad-85e3-f269d9ce0515@group-300C9206CE33-StateMachineUpdater: Took a snapshot at index 0
2024-01-29 07:43:04,561 [4014a93b-65b2-4fad-85e3-f269d9ce0515@group-300C9206CE33-StateMachineUpdater] INFO  impl.StateMachineUpdater (StateMachineUpdater.java:lambda$new$0(98)) - 4014a93b-65b2-4fad-85e3-f269d9ce0515@group-300C9206CE33-StateMachineUpdater: snapshotIndex: updateIncreasingly -1 -> 0
2024-01-29 07:43:04,561 [4014a93b-65b2-4fad-85e3-f269d9ce0515-impl-thread1] INFO  server.RaftServer$Division (ServerState.java:close(427)) - 4014a93b-65b2-4fad-85e3-f269d9ce0515@group-300C9206CE33: applyIndex: 0
2024-01-29 07:43:04,550 [grpc-default-executor-3] INFO  server.GrpcLogAppender (GrpcLogAppender.java:onCompleted(546)) - 4014a93b-65b2-4fad-85e3-f269d9ce0515@group-300C9206CE33->f6f0dadf-556e-42a8-b6d8-b99280d4e6cc-AppendLogResponseHandler: follower responses appendEntries COMPLETED
2024-01-29 07:43:04,549 [grpc-default-executor-0] INFO  server.GrpcServerProtocolService (GrpcServerProtocolService.java:onCompleted(157)) - 1256e137-4a60-4c2e-839e-27e972a873fc: Completed APPEND_ENTRIES, lastRequest: null
2024-01-29 07:43:04,562 [1256e137-4a60-4c2e-839e-27e972a873fc-impl-thread1] INFO  server.RaftServer$Division (RaftServerImpl.java:lambda$close$3(526)) - 1256e137-4a60-4c2e-839e-27e972a873fc@group-300C9206CE33: shutdown
2024-01-29 07:43:04,562 [1256e137-4a60-4c2e-839e-27e972a873fc-impl-thread1] INFO  util.JmxRegister (JmxRegister.java:unregister(73)) - Successfully un-registered JMX Bean with object name Ratis:service=RaftServer,group=group-300C9206CE33,id=1256e137-4a60-4c2e-839e-27e972a873fc
2024-01-29 07:43:04,562 [1256e137-4a60-4c2e-839e-27e972a873fc-impl-thread1] INFO  impl.RoleInfo (RoleInfo.java:shutdownFollowerState(110)) - 1256e137-4a60-4c2e-839e-27e972a873fc: shutdown 1256e137-4a60-4c2e-839e-27e972a873fc@group-300C9206CE33-FollowerState
2024-01-29 07:43:04,549 [4014a93b-65b2-4fad-85e3-f269d9ce0515@group-C3E4D582E014-StateMachineUpdater] INFO  ratis.ContainerStateMachine (ContainerStateMachine.java:takeSnapshot(355)) - group-C3E4D582E014: Taking a snapshot at:(t:1, i:0) file /home/runner/work/ozone/ozone/hadoop-ozone/integration-test/target/test-dir/MiniOzoneClusterImpl-43c44e75-c492-4a39-944e-601a0ff30632/datanode-6/data/ratis/3bd9dfdd-18fa-4adf-bc8f-c3e4d582e014/sm/snapshot.1_0
2024-01-29 07:43:04,562 [f6f0dadf-556e-42a8-b6d8-b99280d4e6cc-impl-thread1] INFO  impl.StateMachineUpdater (StateMachineUpdater.java:stopAndJoin(157)) - f6f0dadf-556e-42a8-b6d8-b99280d4e6cc@group-300C9206CE33-StateMachineUpdater: set stopIndex = 0
2024-01-29 07:43:04,562 [f6f0dadf-556e-42a8-b6d8-b99280d4e6cc@group-300C9206CE33-StateMachineUpdater] INFO  ratis.ContainerStateMachine (ContainerStateMachine.java:takeSnapshot(355)) - group-300C9206CE33: Taking a snapshot at:(t:1, i:0) file /home/runner/work/ozone/ozone/hadoop-ozone/integration-test/target/test-dir/MiniOzoneClusterImpl-43c44e75-c492-4a39-944e-601a0ff30632/datanode-7/data/ratis/08ad69f3-d3a1-4e51-8ac6-300c9206ce33/sm/snapshot.1_0
2024-01-29 07:43:04,562 [eea2313d-992f-4b5d-9e13-b8d80714ad2c-impl-thread2] INFO  server.RaftServer$Division (RaftServerImpl.java:lambda$close$3(526)) - eea2313d-992f-4b5d-9e13-b8d80714ad2c@group-FA1D7534C04C: shutdown
2024-01-29 07:43:04,549 [4014a93b-65b2-4fad-85e3-f269d9ce0515-impl-thread2] INFO  impl.StateMachineUpdater (StateMachineUpdater.java:stopAndJoin(157)) - 4014a93b-65b2-4fad-85e3-f269d9ce0515@group-C3E4D582E014-StateMachineUpdater: set stopIndex = 0
2024-01-29 07:43:04,562 [eea2313d-992f-4b5d-9e13-b8d80714ad2c-impl-thread2] INFO  util.JmxRegister (JmxRegister.java:unregister(73)) - Successfully un-registered JMX Bean with object name Ratis:service=RaftServer,group=group-FA1D7534C04C,id=eea2313d-992f-4b5d-9e13-b8d80714ad2c
2024-01-29 07:43:04,562 [eea2313d-992f-4b5d-9e13-b8d80714ad2c-impl-thread2] INFO  impl.RoleInfo (RoleInfo.java:shutdownFollowerState(110)) - eea2313d-992f-4b5d-9e13-b8d80714ad2c: shutdown eea2313d-992f-4b5d-9e13-b8d80714ad2c@group-FA1D7534C04C-FollowerState
2024-01-29 07:43:04,562 [1256e137-4a60-4c2e-839e-27e972a873fc@group-300C9206CE33-StateMachineUpdater] INFO  ratis.ContainerStateMachine (ContainerStateMachine.java:takeSnapshot(355)) - group-300C9206CE33: Taking a snapshot at:(t:1, i:0) file /home/runner/work/ozone/ozone/hadoop-ozone/integration-test/target/test-dir/MiniOzoneClusterImpl-43c44e75-c492-4a39-944e-601a0ff30632/datanode-8/data/ratis/08ad69f3-d3a1-4e51-8ac6-300c9206ce33/sm/snapshot.1_0
2024-01-29 07:43:04,562 [f6f0dadf-556e-42a8-b6d8-b99280d4e6cc@group-300C9206CE33-FollowerState] INFO  impl.FollowerState (FollowerState.java:run(152)) - f6f0dadf-556e-42a8-b6d8-b99280d4e6cc@group-300C9206CE33-FollowerState was interrupted
2024-01-29 07:43:04,562 [1256e137-4a60-4c2e-839e-27e972a873fc@group-300C9206CE33-FollowerState] INFO  impl.FollowerState (FollowerState.java:run(152)) - 1256e137-4a60-4c2e-839e-27e972a873fc@group-300C9206CE33-FollowerState was interrupted
2024-01-29 07:43:04,563 [1256e137-4a60-4c2e-839e-27e972a873fc@group-300C9206CE33-StateMachineUpdater] INFO  ratis.ContainerStateMachine (ContainerStateMachine.java:takeSnapshot(366)) - group-300C9206CE33: Finished taking a snapshot at:(t:1, i:0) file:/home/runner/work/ozone/ozone/hadoop-ozone/integration-test/target/test-dir/MiniOzoneClusterImpl-43c44e75-c492-4a39-944e-601a0ff30632/datanode-8/data/ratis/08ad69f3-d3a1-4e51-8ac6-300c9206ce33/sm/snapshot.1_0 took: 1 ms
2024-01-29 07:43:04,563 [1256e137-4a60-4c2e-839e-27e972a873fc@group-300C9206CE33-StateMachineUpdater] INFO  impl.StateMachineUpdater (StateMachineUpdater.java:takeSnapshot(295)) - 1256e137-4a60-4c2e-839e-27e972a873fc@group-300C9206CE33-StateMachineUpdater: Took a snapshot at index 0
2024-01-29 07:43:04,563 [1256e137-4a60-4c2e-839e-27e972a873fc@group-300C9206CE33-StateMachineUpdater] INFO  impl.StateMachineUpdater (StateMachineUpdater.java:lambda$new$0(98)) - 1256e137-4a60-4c2e-839e-27e972a873fc@group-300C9206CE33-StateMachineUpdater: snapshotIndex: updateIncreasingly -1 -> 0
2024-01-29 07:43:04,562 [eea2313d-992f-4b5d-9e13-b8d80714ad2c-impl-thread1] INFO  server.RaftServer$Division (RaftServerImpl.java:lambda$close$3(526)) - eea2313d-992f-4b5d-9e13-b8d80714ad2c@group-4AE5113352A7: shutdown
2024-01-29 07:43:04,564 [eea2313d-992f-4b5d-9e13-b8d80714ad2c-impl-thread1] INFO  util.JmxRegister (JmxRegister.java:unregister(73)) - Successfully un-registered JMX Bean with object name Ratis:service=RaftServer,group=group-4AE5113352A7,id=eea2313d-992f-4b5d-9e13-b8d80714ad2c
2024-01-29 07:43:04,564 [eea2313d-992f-4b5d-9e13-b8d80714ad2c-impl-thread1] INFO  impl.RoleInfo (RoleInfo.java:shutdownLeaderState(94)) - eea2313d-992f-4b5d-9e13-b8d80714ad2c: shutdown eea2313d-992f-4b5d-9e13-b8d80714ad2c@group-4AE5113352A7-LeaderStateImpl
2024-01-29 07:43:04,564 [eea2313d-992f-4b5d-9e13-b8d80714ad2c-impl-thread1] INFO  impl.PendingRequests (PendingRequests.java:sendNotLeaderResponses(289)) - eea2313d-992f-4b5d-9e13-b8d80714ad2c@group-4AE5113352A7-PendingRequests: sendNotLeaderResponses
2024-01-29 07:43:04,564 [ForkJoinPool.commonPool-worker-0] INFO  server.GrpcService (GrpcService.java:closeImpl(311)) - 1256e137-4a60-4c2e-839e-27e972a873fc: shutdown server org.apache.ratis.grpc.server.GrpcClientProtocolService now
2024-01-29 07:43:04,564 [1256e137-4a60-4c2e-839e-27e972a873fc-impl-thread2] INFO  server.RaftServer$Division (RaftServerImpl.java:lambda$close$3(526)) - 1256e137-4a60-4c2e-839e-27e972a873fc@group-C61435DB6CA8: shutdown
2024-01-29 07:43:04,565 [1256e137-4a60-4c2e-839e-27e972a873fc-impl-thread2] INFO  util.JmxRegister (JmxRegister.java:unregister(73)) - Successfully un-registered JMX Bean with object name Ratis:service=RaftServer,group=group-C61435DB6CA8,id=1256e137-4a60-4c2e-839e-27e972a873fc
2024-01-29 07:43:04,565 [1256e137-4a60-4c2e-839e-27e972a873fc-impl-thread2] INFO  impl.RoleInfo (RoleInfo.java:shutdownLeaderState(94)) - 1256e137-4a60-4c2e-839e-27e972a873fc: shutdown 1256e137-4a60-4c2e-839e-27e972a873fc@group-C61435DB6CA8-LeaderStateImpl
2024-01-29 07:43:04,565 [1256e137-4a60-4c2e-839e-27e972a873fc-impl-thread2] INFO  impl.PendingRequests (PendingRequests.java:sendNotLeaderResponses(289)) - 1256e137-4a60-4c2e-839e-27e972a873fc@group-C61435DB6CA8-PendingRequests: sendNotLeaderResponses
2024-01-29 07:43:04,565 [1256e137-4a60-4c2e-839e-27e972a873fc-impl-thread2] INFO  impl.StateMachineUpdater (StateMachineUpdater.java:stopAndJoin(157)) - 1256e137-4a60-4c2e-839e-27e972a873fc@group-C61435DB6CA8-StateMachineUpdater: set stopIndex = 0
2024-01-29 07:43:04,562 [1256e137-4a60-4c2e-839e-27e972a873fc-impl-thread1] INFO  impl.StateMachineUpdater (StateMachineUpdater.java:stopAndJoin(157)) - 1256e137-4a60-4c2e-839e-27e972a873fc@group-300C9206CE33-StateMachineUpdater: set stopIndex = 0
2024-01-29 07:43:04,562 [ForkJoinPool.commonPool-worker-7] INFO  server.GrpcService (GrpcService.java:closeImpl(311)) - eea2313d-992f-4b5d-9e13-b8d80714ad2c: shutdown server org.apache.ratis.grpc.server.GrpcClientProtocolService now
2024-01-29 07:43:04,562 [grpc-default-executor-0] INFO  server.GrpcServerProtocolService (GrpcServerProtocolService.java:lambda$onCompleted$5(159)) - 1256e137-4a60-4c2e-839e-27e972a873fc: Completed APPEND_ENTRIES, lastReply: serverReply {
  requestorId: "4014a93b-65b2-4fad-85e3-f269d9ce0515"
  replyId: "1256e137-4a60-4c2e-839e-27e972a873fc"
  raftGroupId {
    id: "\b\255i\363\323\241NQ\212\3060\f\222\006\3163"
  }
  callId: 11
  success: true
}
term: 1
nextIndex: 1
matchIndex: 18446744073709551615
isHearbeat: true

2024-01-29 07:43:04,562 [ForkJoinPool.commonPool-worker-4] INFO  server.GrpcService (GrpcService.java:closeImpl(320)) - 0ce2b046-143e-42c7-a174-539311f5349e: shutdown server GrpcServerProtocolService successfully
2024-01-29 07:43:04,565 [ForkJoinPool.commonPool-worker-4] INFO  server.GrpcService (GrpcService.java:closeImpl(311)) - 0ce2b046-143e-42c7-a174-539311f5349e: shutdown server org.apache.ratis.grpc.server.GrpcAdminProtocolService now
2024-01-29 07:43:04,562 [grpc-default-executor-3] WARN  server.GrpcLogAppender (GrpcLogAppender.java:resetClient(226)) - 4014a93b-65b2-4fad-85e3-f269d9ce0515@group-300C9206CE33->f6f0dadf-556e-42a8-b6d8-b99280d4e6cc-GrpcLogAppender: Failed to getClient for f6f0dadf-556e-42a8-b6d8-b99280d4e6cc
org.apache.ratis.protocol.exceptions.AlreadyClosedException: 4014a93b-65b2-4fad-85e3-f269d9ce0515 is already CLOSED
	at org.apache.ratis.util.PeerProxyMap$PeerAndProxy.getProxy(PeerProxyMap.java:65)
	at org.apache.ratis.util.PeerProxyMap.getProxy(PeerProxyMap.java:114)
	at org.apache.ratis.grpc.server.GrpcLogAppender.getClient(GrpcLogAppender.java:196)
	at org.apache.ratis.grpc.server.GrpcLogAppender.resetClient(GrpcLogAppender.java:201)
	at org.apache.ratis.grpc.server.GrpcLogAppender.access$800(GrpcLogAppender.java:62)
	at org.apache.ratis.grpc.server.GrpcLogAppender$AppendLogResponseHandler.onCompleted(GrpcLogAppender.java:547)
	at org.apache.ratis.thirdparty.io.grpc.stub.ClientCalls$StreamObserverToCallListenerAdapter.onClose(ClientCalls.java:479)
	at org.apache.ratis.thirdparty.io.grpc.internal.ClientCallImpl.closeObserver(ClientCallImpl.java:567)
	at org.apache.ratis.thirdparty.io.grpc.internal.ClientCallImpl.access$300(ClientCallImpl.java:71)
	at org.apache.ratis.thirdparty.io.grpc.internal.ClientCallImpl$ClientStreamListenerImpl$1StreamClosed.runInternal(ClientCallImpl.java:735)
	at org.apache.ratis.thirdparty.io.grpc.internal.ClientCallImpl$ClientStreamListenerImpl$1StreamClosed.runInContext(ClientCallImpl.java:716)
	at org.apache.ratis.thirdparty.io.grpc.internal.ContextRunnable.run(ContextRunnable.java:37)
	at org.apache.ratis.thirdparty.io.grpc.internal.SerializingExecutor.run(SerializingExecutor.java:133)
	at java.util.concurrent.ThreadPoolExecutor.runWorker(ThreadPoolExecutor.java:1149)
	at java.util.concurrent.ThreadPoolExecutor$Worker.run(ThreadPoolExecutor.java:624)
	at java.lang.Thread.run(Thread.java:750)
2024-01-29 07:43:04,561 [grpc-default-executor-1] WARN  server.GrpcLogAppender (GrpcLogAppender.java:resetClient(226)) - 4014a93b-65b2-4fad-85e3-f269d9ce0515@group-300C9206CE33->1256e137-4a60-4c2e-839e-27e972a873fc-GrpcLogAppender: Failed to getClient for 1256e137-4a60-4c2e-839e-27e972a873fc
org.apache.ratis.protocol.exceptions.AlreadyClosedException: 4014a93b-65b2-4fad-85e3-f269d9ce0515 is already CLOSED
	at org.apache.ratis.util.PeerProxyMap$PeerAndProxy.getProxy(PeerProxyMap.java:65)
	at org.apache.ratis.util.PeerProxyMap.getProxy(PeerProxyMap.java:114)
	at org.apache.ratis.grpc.server.GrpcLogAppender.getClient(GrpcLogAppender.java:196)
	at org.apache.ratis.grpc.server.GrpcLogAppender.resetClient(GrpcLogAppender.java:201)
	at org.apache.ratis.grpc.server.GrpcLogAppender.access$800(GrpcLogAppender.java:62)
	at org.apache.ratis.grpc.server.GrpcLogAppender$AppendLogResponseHandler.onCompleted(GrpcLogAppender.java:547)
	at org.apache.ratis.thirdparty.io.grpc.stub.ClientCalls$StreamObserverToCallListenerAdapter.onClose(ClientCalls.java:479)
	at org.apache.ratis.thirdparty.io.grpc.internal.ClientCallImpl.closeObserver(ClientCallImpl.java:567)
	at org.apache.ratis.thirdparty.io.grpc.internal.ClientCallImpl.access$300(ClientCallImpl.java:71)
	at org.apache.ratis.thirdparty.io.grpc.internal.ClientCallImpl$ClientStreamListenerImpl$1StreamClosed.runInternal(ClientCallImpl.java:735)
	at org.apache.ratis.thirdparty.io.grpc.internal.ClientCallImpl$ClientStreamListenerImpl$1StreamClosed.runInContext(ClientCallImpl.java:716)
	at org.apache.ratis.thirdparty.io.grpc.internal.ContextRunnable.run(ContextRunnable.java:37)
	at org.apache.ratis.thirdparty.io.grpc.internal.SerializingExecutor.run(SerializingExecutor.java:133)
	at java.util.concurrent.ThreadPoolExecutor.runWorker(ThreadPoolExecutor.java:1149)
	at java.util.concurrent.ThreadPoolExecutor$Worker.run(ThreadPoolExecutor.java:624)
	at java.lang.Thread.run(Thread.java:750)
2024-01-29 07:43:04,561 [grpc-default-executor-7] WARN  server.GrpcLogAppender (GrpcLogAppender.java:resetClient(226)) - 0ce2b046-143e-42c7-a174-539311f5349e@group-FA1D7534C04C->eea2313d-992f-4b5d-9e13-b8d80714ad2c-GrpcLogAppender: Failed to getClient for eea2313d-992f-4b5d-9e13-b8d80714ad2c
org.apache.ratis.protocol.exceptions.AlreadyClosedException: 0ce2b046-143e-42c7-a174-539311f5349e is already CLOSED
	at org.apache.ratis.util.PeerProxyMap$PeerAndProxy.getProxy(PeerProxyMap.java:65)
	at org.apache.ratis.util.PeerProxyMap.getProxy(PeerProxyMap.java:114)
	at org.apache.ratis.grpc.server.GrpcLogAppender.getClient(GrpcLogAppender.java:196)
	at org.apache.ratis.grpc.server.GrpcLogAppender.resetClient(GrpcLogAppender.java:201)
	at org.apache.ratis.grpc.server.GrpcLogAppender.access$800(GrpcLogAppender.java:62)
	at org.apache.ratis.grpc.server.GrpcLogAppender$AppendLogResponseHandler.onCompleted(GrpcLogAppender.java:547)
	at org.apache.ratis.thirdparty.io.grpc.stub.ClientCalls$StreamObserverToCallListenerAdapter.onClose(ClientCalls.java:479)
	at org.apache.ratis.thirdparty.io.grpc.internal.ClientCallImpl.closeObserver(ClientCallImpl.java:567)
	at org.apache.ratis.thirdparty.io.grpc.internal.ClientCallImpl.access$300(ClientCallImpl.java:71)
	at org.apache.ratis.thirdparty.io.grpc.internal.ClientCallImpl$ClientStreamListenerImpl$1StreamClosed.runInternal(ClientCallImpl.java:735)
	at org.apache.ratis.thirdparty.io.grpc.internal.ClientCallImpl$ClientStreamListenerImpl$1StreamClosed.runInContext(ClientCallImpl.java:716)
	at org.apache.ratis.thirdparty.io.grpc.internal.ContextRunnable.run(ContextRunnable.java:37)
	at org.apache.ratis.thirdparty.io.grpc.internal.SerializingExecutor.run(SerializingExecutor.java:133)
	at java.util.concurrent.ThreadPoolExecutor.runWorker(ThreadPoolExecutor.java:1149)
	at java.util.concurrent.ThreadPoolExecutor$Worker.run(ThreadPoolExecutor.java:624)
	at java.lang.Thread.run(Thread.java:750)
2024-01-29 07:43:04,561 [ForkJoinPool.commonPool-worker-5] INFO  server.GrpcService (GrpcService.java:closeImpl(311)) - f6f0dadf-556e-42a8-b6d8-b99280d4e6cc: shutdown server GrpcServerProtocolService now
2024-01-29 07:43:04,560 [0ce2b046-143e-42c7-a174-539311f5349e@group-FA1D7534C04C-StateMachineUpdater] INFO  ratis.ContainerStateMachine (ContainerStateMachine.java:takeSnapshot(366)) - group-FA1D7534C04C: Finished taking a snapshot at:(t:1, i:0) file:/home/runner/work/ozone/ozone/hadoop-ozone/integration-test/target/test-dir/MiniOzoneClusterImpl-43c44e75-c492-4a39-944e-601a0ff30632/datanode-2/data/ratis/84966bc0-c9d3-4613-aee5-fa1d7534c04c/sm/snapshot.1_0 took: 14 ms
2024-01-29 07:43:04,560 [f6f0dadf-556e-42a8-b6d8-b99280d4e6cc@group-135ACD05C6DA-StateMachineUpdater] INFO  ratis.ContainerStateMachine (ContainerStateMachine.java:takeSnapshot(366)) - group-135ACD05C6DA: Finished taking a snapshot at:(t:1, i:0) file:/home/runner/work/ozone/ozone/hadoop-ozone/integration-test/target/test-dir/MiniOzoneClusterImpl-43c44e75-c492-4a39-944e-601a0ff30632/datanode-7/data/ratis/a66cae9d-107b-4d0b-914b-135acd05c6da/sm/snapshot.1_0 took: 4 ms
2024-01-29 07:43:04,565 [1256e137-4a60-4c2e-839e-27e972a873fc-impl-thread1] INFO  server.RaftServer$Division (ServerState.java:close(427)) - 1256e137-4a60-4c2e-839e-27e972a873fc@group-300C9206CE33: applyIndex: 0
2024-01-29 07:43:04,565 [1256e137-4a60-4c2e-839e-27e972a873fc@group-C61435DB6CA8-StateMachineUpdater] INFO  ratis.ContainerStateMachine (ContainerStateMachine.java:takeSnapshot(355)) - group-C61435DB6CA8: Taking a snapshot at:(t:1, i:0) file /home/runner/work/ozone/ozone/hadoop-ozone/integration-test/target/test-dir/MiniOzoneClusterImpl-43c44e75-c492-4a39-944e-601a0ff30632/datanode-8/data/ratis/a2b308f8-2ea7-4854-bba5-c61435db6ca8/sm/snapshot.1_0
2024-01-29 07:43:04,564 [f6f0dadf-556e-42a8-b6d8-b99280d4e6cc@group-300C9206CE33-StateMachineUpdater] INFO  ratis.ContainerStateMachine (ContainerStateMachine.java:takeSnapshot(366)) - group-300C9206CE33: Finished taking a snapshot at:(t:1, i:0) file:/home/runner/work/ozone/ozone/hadoop-ozone/integration-test/target/test-dir/MiniOzoneClusterImpl-43c44e75-c492-4a39-944e-601a0ff30632/datanode-7/data/ratis/08ad69f3-d3a1-4e51-8ac6-300c9206ce33/sm/snapshot.1_0 took: 2 ms
2024-01-29 07:43:04,564 [eea2313d-992f-4b5d-9e13-b8d80714ad2c@group-4AE5113352A7-StateMachineUpdater] INFO  ratis.ContainerStateMachine (ContainerStateMachine.java:takeSnapshot(355)) - group-4AE5113352A7: Taking a snapshot at:(t:1, i:0) file /home/runner/work/ozone/ozone/hadoop-ozone/integration-test/target/test-dir/MiniOzoneClusterImpl-43c44e75-c492-4a39-944e-601a0ff30632/datanode-1/data/ratis/daa11740-1b98-4787-b47f-4ae5113352a7/sm/snapshot.1_0
2024-01-29 07:43:04,564 [eea2313d-992f-4b5d-9e13-b8d80714ad2c-impl-thread1] INFO  impl.StateMachineUpdater (StateMachineUpdater.java:stopAndJoin(157)) - eea2313d-992f-4b5d-9e13-b8d80714ad2c@group-4AE5113352A7-StateMachineUpdater: set stopIndex = 0
2024-01-29 07:43:04,562 [4014a93b-65b2-4fad-85e3-f269d9ce0515@group-C3E4D582E014-StateMachineUpdater] INFO  ratis.ContainerStateMachine (ContainerStateMachine.java:takeSnapshot(366)) - group-C3E4D582E014: Finished taking a snapshot at:(t:1, i:0) file:/home/runner/work/ozone/ozone/hadoop-ozone/integration-test/target/test-dir/MiniOzoneClusterImpl-43c44e75-c492-4a39-944e-601a0ff30632/datanode-6/data/ratis/3bd9dfdd-18fa-4adf-bc8f-c3e4d582e014/sm/snapshot.1_0 took: 14 ms
2024-01-29 07:43:04,567 [f6f0dadf-556e-42a8-b6d8-b99280d4e6cc@group-300C9206CE33-StateMachineUpdater] INFO  impl.StateMachineUpdater (StateMachineUpdater.java:takeSnapshot(295)) - f6f0dadf-556e-42a8-b6d8-b99280d4e6cc@group-300C9206CE33-StateMachineUpdater: Took a snapshot at index 0
2024-01-29 07:43:04,566 [f6f0dadf-556e-42a8-b6d8-b99280d4e6cc@group-135ACD05C6DA-StateMachineUpdater] INFO  impl.StateMachineUpdater (StateMachineUpdater.java:takeSnapshot(295)) - f6f0dadf-556e-42a8-b6d8-b99280d4e6cc@group-135ACD05C6DA-StateMachineUpdater: Took a snapshot at index 0
2024-01-29 07:43:04,567 [f6f0dadf-556e-42a8-b6d8-b99280d4e6cc@group-135ACD05C6DA-StateMachineUpdater] INFO  impl.StateMachineUpdater (StateMachineUpdater.java:lambda$new$0(98)) - f6f0dadf-556e-42a8-b6d8-b99280d4e6cc@group-135ACD05C6DA-StateMachineUpdater: snapshotIndex: updateIncreasingly -1 -> 0
2024-01-29 07:43:04,566 [0ce2b046-143e-42c7-a174-539311f5349e@group-FA1D7534C04C-StateMachineUpdater] INFO  impl.StateMachineUpdater (StateMachineUpdater.java:takeSnapshot(295)) - 0ce2b046-143e-42c7-a174-539311f5349e@group-FA1D7534C04C-StateMachineUpdater: Took a snapshot at index 0
2024-01-29 07:43:04,567 [eea2313d-992f-4b5d-9e13-b8d80714ad2c@group-4AE5113352A7-StateMachineUpdater] INFO  ratis.ContainerStateMachine (ContainerStateMachine.java:takeSnapshot(366)) - group-4AE5113352A7: Finished taking a snapshot at:(t:1, i:0) file:/home/runner/work/ozone/ozone/hadoop-ozone/integration-test/target/test-dir/MiniOzoneClusterImpl-43c44e75-c492-4a39-944e-601a0ff30632/datanode-1/data/ratis/daa11740-1b98-4787-b47f-4ae5113352a7/sm/snapshot.1_0 took: 3 ms
2024-01-29 07:43:04,567 [f6f0dadf-556e-42a8-b6d8-b99280d4e6cc@group-300C9206CE33-StateMachineUpdater] INFO  impl.StateMachineUpdater (StateMachineUpdater.java:lambda$new$0(98)) - f6f0dadf-556e-42a8-b6d8-b99280d4e6cc@group-300C9206CE33-StateMachineUpdater: snapshotIndex: updateIncreasingly -1 -> 0
2024-01-29 07:43:04,567 [1256e137-4a60-4c2e-839e-27e972a873fc@group-C61435DB6CA8-StateMachineUpdater] INFO  ratis.ContainerStateMachine (ContainerStateMachine.java:takeSnapshot(366)) - group-C61435DB6CA8: Finished taking a snapshot at:(t:1, i:0) file:/home/runner/work/ozone/ozone/hadoop-ozone/integration-test/target/test-dir/MiniOzoneClusterImpl-43c44e75-c492-4a39-944e-601a0ff30632/datanode-8/data/ratis/a2b308f8-2ea7-4854-bba5-c61435db6ca8/sm/snapshot.1_0 took: 1 ms
2024-01-29 07:43:04,567 [1256e137-4a60-4c2e-839e-27e972a873fc@group-C61435DB6CA8-StateMachineUpdater] INFO  impl.StateMachineUpdater (StateMachineUpdater.java:takeSnapshot(295)) - 1256e137-4a60-4c2e-839e-27e972a873fc@group-C61435DB6CA8-StateMachineUpdater: Took a snapshot at index 0
2024-01-29 07:43:04,567 [1256e137-4a60-4c2e-839e-27e972a873fc@group-C61435DB6CA8-StateMachineUpdater] INFO  impl.StateMachineUpdater (StateMachineUpdater.java:lambda$new$0(98)) - 1256e137-4a60-4c2e-839e-27e972a873fc@group-C61435DB6CA8-StateMachineUpdater: snapshotIndex: updateIncreasingly -1 -> 0
2024-01-29 07:43:04,567 [f6f0dadf-556e-42a8-b6d8-b99280d4e6cc-impl-thread1] INFO  server.RaftServer$Division (ServerState.java:close(427)) - f6f0dadf-556e-42a8-b6d8-b99280d4e6cc@group-300C9206CE33: applyIndex: 0
2024-01-29 07:43:04,567 [1256e137-4a60-4c2e-839e-27e972a873fc-impl-thread2] INFO  server.RaftServer$Division (ServerState.java:close(427)) - 1256e137-4a60-4c2e-839e-27e972a873fc@group-C61435DB6CA8: applyIndex: 0
2024-01-29 07:43:04,567 [4014a93b-65b2-4fad-85e3-f269d9ce0515@group-C3E4D582E014-StateMachineUpdater] INFO  impl.StateMachineUpdater (StateMachineUpdater.java:takeSnapshot(295)) - 4014a93b-65b2-4fad-85e3-f269d9ce0515@group-C3E4D582E014-StateMachineUpdater: Took a snapshot at index 0
2024-01-29 07:43:04,567 [eea2313d-992f-4b5d-9e13-b8d80714ad2c@group-4AE5113352A7-StateMachineUpdater] INFO  impl.StateMachineUpdater (StateMachineUpdater.java:takeSnapshot(295)) - eea2313d-992f-4b5d-9e13-b8d80714ad2c@group-4AE5113352A7-StateMachineUpdater: Took a snapshot at index 0
2024-01-29 07:43:04,567 [eea2313d-992f-4b5d-9e13-b8d80714ad2c@group-4AE5113352A7-StateMachineUpdater] INFO  impl.StateMachineUpdater (StateMachineUpdater.java:lambda$new$0(98)) - eea2313d-992f-4b5d-9e13-b8d80714ad2c@group-4AE5113352A7-StateMachineUpdater: snapshotIndex: updateIncreasingly -1 -> 0
2024-01-29 07:43:04,567 [0ce2b046-143e-42c7-a174-539311f5349e@group-FA1D7534C04C-StateMachineUpdater] INFO  impl.StateMachineUpdater (StateMachineUpdater.java:lambda$new$0(98)) - 0ce2b046-143e-42c7-a174-539311f5349e@group-FA1D7534C04C-StateMachineUpdater: snapshotIndex: updateIncreasingly -1 -> 0
2024-01-29 07:43:04,568 [eea2313d-992f-4b5d-9e13-b8d80714ad2c-impl-thread1] INFO  server.RaftServer$Division (ServerState.java:close(427)) - eea2313d-992f-4b5d-9e13-b8d80714ad2c@group-4AE5113352A7: applyIndex: 0
2024-01-29 07:43:04,567 [4014a93b-65b2-4fad-85e3-f269d9ce0515@group-C3E4D582E014-StateMachineUpdater] INFO  impl.StateMachineUpdater (StateMachineUpdater.java:lambda$new$0(98)) - 4014a93b-65b2-4fad-85e3-f269d9ce0515@group-C3E4D582E014-StateMachineUpdater: snapshotIndex: updateIncreasingly -1 -> 0
2024-01-29 07:43:04,568 [0ce2b046-143e-42c7-a174-539311f5349e-impl-thread1] INFO  server.RaftServer$Division (ServerState.java:close(427)) - 0ce2b046-143e-42c7-a174-539311f5349e@group-FA1D7534C04C: applyIndex: 0
2024-01-29 07:43:04,568 [4014a93b-65b2-4fad-85e3-f269d9ce0515-impl-thread2] INFO  server.RaftServer$Division (ServerState.java:close(427)) - 4014a93b-65b2-4fad-85e3-f269d9ce0515@group-C3E4D582E014: applyIndex: 0
2024-01-29 07:43:04,569 [f6f0dadf-556e-42a8-b6d8-b99280d4e6cc-impl-thread2] INFO  server.RaftServer$Division (ServerState.java:close(427)) - f6f0dadf-556e-42a8-b6d8-b99280d4e6cc@group-135ACD05C6DA: applyIndex: 0
2024-01-29 07:43:04,570 [4014a93b-65b2-4fad-85e3-f269d9ce0515@group-300C9206CE33-cacheEviction-AwaitToRun] INFO  util.AwaitToRun (AwaitToRun.java:run(49)) - 4014a93b-65b2-4fad-85e3-f269d9ce0515@group-300C9206CE33-cacheEviction-AwaitToRun-AwaitForSignal is interrupted
2024-01-29 07:43:04,573 [grpc-default-executor-2] INFO  server.GrpcLogAppender (GrpcLogAppender.java:onCompleted(546)) - 4014a93b-65b2-4fad-85e3-f269d9ce0515@group-300C9206CE33->f6f0dadf-556e-42a8-b6d8-b99280d4e6cc-AppendLogResponseHandler: follower responses appendEntries COMPLETED
2024-01-29 07:43:04,573 [grpc-default-executor-2] WARN  server.GrpcLogAppender (GrpcLogAppender.java:resetClient(226)) - 4014a93b-65b2-4fad-85e3-f269d9ce0515@group-300C9206CE33->f6f0dadf-556e-42a8-b6d8-b99280d4e6cc-GrpcLogAppender: Failed to getClient for f6f0dadf-556e-42a8-b6d8-b99280d4e6cc
org.apache.ratis.protocol.exceptions.AlreadyClosedException: 4014a93b-65b2-4fad-85e3-f269d9ce0515 is already CLOSED
	at org.apache.ratis.util.PeerProxyMap$PeerAndProxy.getProxy(PeerProxyMap.java:65)
	at org.apache.ratis.util.PeerProxyMap.getProxy(PeerProxyMap.java:114)
	at org.apache.ratis.grpc.server.GrpcLogAppender.getClient(GrpcLogAppender.java:196)
	at org.apache.ratis.grpc.server.GrpcLogAppender.resetClient(GrpcLogAppender.java:201)
	at org.apache.ratis.grpc.server.GrpcLogAppender.access$800(GrpcLogAppender.java:62)
	at org.apache.ratis.grpc.server.GrpcLogAppender$AppendLogResponseHandler.onCompleted(GrpcLogAppender.java:547)
	at org.apache.ratis.thirdparty.io.grpc.stub.ClientCalls$StreamObserverToCallListenerAdapter.onClose(ClientCalls.java:479)
	at org.apache.ratis.thirdparty.io.grpc.internal.DelayedClientCall$DelayedListener$3.run(DelayedClientCall.java:489)
	at org.apache.ratis.thirdparty.io.grpc.internal.DelayedClientCall$DelayedListener.delayOrExecute(DelayedClientCall.java:453)
	at org.apache.ratis.thirdparty.io.grpc.internal.DelayedClientCall$DelayedListener.onClose(DelayedClientCall.java:486)
	at org.apache.ratis.thirdparty.io.grpc.internal.ClientCallImpl.closeObserver(ClientCallImpl.java:567)
	at org.apache.ratis.thirdparty.io.grpc.internal.ClientCallImpl.access$300(ClientCallImpl.java:71)
	at org.apache.ratis.thirdparty.io.grpc.internal.ClientCallImpl$ClientStreamListenerImpl$1StreamClosed.runInternal(ClientCallImpl.java:735)
	at org.apache.ratis.thirdparty.io.grpc.internal.ClientCallImpl$ClientStreamListenerImpl$1StreamClosed.runInContext(ClientCallImpl.java:716)
	at org.apache.ratis.thirdparty.io.grpc.internal.ContextRunnable.run(ContextRunnable.java:37)
	at org.apache.ratis.thirdparty.io.grpc.internal.SerializingExecutor.run(SerializingExecutor.java:133)
	at java.util.concurrent.ThreadPoolExecutor.runWorker(ThreadPoolExecutor.java:1149)
	at java.util.concurrent.ThreadPoolExecutor$Worker.run(ThreadPoolExecutor.java:624)
	at java.lang.Thread.run(Thread.java:750)
2024-01-29 07:43:04,573 [grpc-default-executor-7] INFO  server.GrpcLogAppender (GrpcLogAppender.java:onCompleted(546)) - 4014a93b-65b2-4fad-85e3-f269d9ce0515@group-300C9206CE33->1256e137-4a60-4c2e-839e-27e972a873fc-AppendLogResponseHandler: follower responses appendEntries COMPLETED
2024-01-29 07:43:04,573 [grpc-default-executor-7] WARN  server.GrpcLogAppender (GrpcLogAppender.java:resetClient(226)) - 4014a93b-65b2-4fad-85e3-f269d9ce0515@group-300C9206CE33->1256e137-4a60-4c2e-839e-27e972a873fc-GrpcLogAppender: Failed to getClient for 1256e137-4a60-4c2e-839e-27e972a873fc
org.apache.ratis.protocol.exceptions.AlreadyClosedException: 4014a93b-65b2-4fad-85e3-f269d9ce0515 is already CLOSED
	at org.apache.ratis.util.PeerProxyMap$PeerAndProxy.getProxy(PeerProxyMap.java:65)
	at org.apache.ratis.util.PeerProxyMap.getProxy(PeerProxyMap.java:114)
	at org.apache.ratis.grpc.server.GrpcLogAppender.getClient(GrpcLogAppender.java:196)
	at org.apache.ratis.grpc.server.GrpcLogAppender.resetClient(GrpcLogAppender.java:201)
	at org.apache.ratis.grpc.server.GrpcLogAppender.access$800(GrpcLogAppender.java:62)
	at org.apache.ratis.grpc.server.GrpcLogAppender$AppendLogResponseHandler.onCompleted(GrpcLogAppender.java:547)
	at org.apache.ratis.thirdparty.io.grpc.stub.ClientCalls$StreamObserverToCallListenerAdapter.onClose(ClientCalls.java:479)
	at org.apache.ratis.thirdparty.io.grpc.internal.DelayedClientCall$DelayedListener$3.run(DelayedClientCall.java:489)
	at org.apache.ratis.thirdparty.io.grpc.internal.DelayedClientCall$DelayedListener.delayOrExecute(DelayedClientCall.java:453)
	at org.apache.ratis.thirdparty.io.grpc.internal.DelayedClientCall$DelayedListener.onClose(DelayedClientCall.java:486)
	at org.apache.ratis.thirdparty.io.grpc.internal.ClientCallImpl.closeObserver(ClientCallImpl.java:567)
	at org.apache.ratis.thirdparty.io.grpc.internal.ClientCallImpl.access$300(ClientCallImpl.java:71)
	at org.apache.ratis.thirdparty.io.grpc.internal.ClientCallImpl$ClientStreamListenerImpl$1StreamClosed.runInternal(ClientCallImpl.java:735)
	at org.apache.ratis.thirdparty.io.grpc.internal.ClientCallImpl$ClientStreamListenerImpl$1StreamClosed.runInContext(ClientCallImpl.java:716)
	at org.apache.ratis.thirdparty.io.grpc.internal.ContextRunnable.run(ContextRunnable.java:37)
	at org.apache.ratis.thirdparty.io.grpc.internal.SerializingExecutor.run(SerializingExecutor.java:133)
	at java.util.concurrent.ThreadPoolExecutor.runWorker(ThreadPoolExecutor.java:1149)
	at java.util.concurrent.ThreadPoolExecutor$Worker.run(ThreadPoolExecutor.java:624)
	at java.lang.Thread.run(Thread.java:750)
2024-01-29 07:43:04,574 [ForkJoinPool.commonPool-worker-5] INFO  server.GrpcService (GrpcService.java:closeImpl(320)) - f6f0dadf-556e-42a8-b6d8-b99280d4e6cc: shutdown server GrpcServerProtocolService successfully
2024-01-29 07:43:04,574 [ForkJoinPool.commonPool-worker-5] INFO  server.GrpcService (GrpcService.java:closeImpl(311)) - f6f0dadf-556e-42a8-b6d8-b99280d4e6cc: shutdown server org.apache.ratis.grpc.server.GrpcAdminProtocolService now
2024-01-29 07:43:04,575 [f6f0dadf-556e-42a8-b6d8-b99280d4e6cc@group-135ACD05C6DA-cacheEviction-AwaitToRun] INFO  util.AwaitToRun (AwaitToRun.java:run(49)) - f6f0dadf-556e-42a8-b6d8-b99280d4e6cc@group-135ACD05C6DA-cacheEviction-AwaitToRun-AwaitForSignal is interrupted
2024-01-29 07:43:04,575 [4014a93b-65b2-4fad-85e3-f269d9ce0515@group-C3E4D582E014-cacheEviction-AwaitToRun] INFO  util.AwaitToRun (AwaitToRun.java:run(49)) - 4014a93b-65b2-4fad-85e3-f269d9ce0515@group-C3E4D582E014-cacheEviction-AwaitToRun-AwaitForSignal is interrupted
2024-01-29 07:43:04,575 [0ce2b046-143e-42c7-a174-539311f5349e@group-FA1D7534C04C-cacheEviction-AwaitToRun] INFO  util.AwaitToRun (AwaitToRun.java:run(49)) - 0ce2b046-143e-42c7-a174-539311f5349e@group-FA1D7534C04C-cacheEviction-AwaitToRun-AwaitForSignal is interrupted
2024-01-29 07:43:04,575 [eea2313d-992f-4b5d-9e13-b8d80714ad2c@group-4AE5113352A7-cacheEviction-AwaitToRun] INFO  util.AwaitToRun (AwaitToRun.java:run(49)) - eea2313d-992f-4b5d-9e13-b8d80714ad2c@group-4AE5113352A7-cacheEviction-AwaitToRun-AwaitForSignal is interrupted
2024-01-29 07:43:04,576 [f6f0dadf-556e-42a8-b6d8-b99280d4e6cc@group-300C9206CE33-cacheEviction-AwaitToRun] INFO  util.AwaitToRun (AwaitToRun.java:run(49)) - f6f0dadf-556e-42a8-b6d8-b99280d4e6cc@group-300C9206CE33-cacheEviction-AwaitToRun-AwaitForSignal is interrupted
2024-01-29 07:43:04,576 [1256e137-4a60-4c2e-839e-27e972a873fc@group-C61435DB6CA8-cacheEviction-AwaitToRun] INFO  util.AwaitToRun (AwaitToRun.java:run(49)) - 1256e137-4a60-4c2e-839e-27e972a873fc@group-C61435DB6CA8-cacheEviction-AwaitToRun-AwaitForSignal is interrupted
2024-01-29 07:43:04,576 [1256e137-4a60-4c2e-839e-27e972a873fc@group-300C9206CE33-cacheEviction-AwaitToRun] INFO  util.AwaitToRun (AwaitToRun.java:run(49)) - 1256e137-4a60-4c2e-839e-27e972a873fc@group-300C9206CE33-cacheEviction-AwaitToRun-AwaitForSignal is interrupted
2024-01-29 07:43:04,576 [ForkJoinPool.commonPool-worker-4] INFO  server.GrpcService (GrpcService.java:closeImpl(320)) - 0ce2b046-143e-42c7-a174-539311f5349e: shutdown server org.apache.ratis.grpc.server.GrpcAdminProtocolService successfully
2024-01-29 07:43:04,576 [ForkJoinPool.commonPool-worker-7] INFO  server.GrpcService (GrpcService.java:closeImpl(320)) - eea2313d-992f-4b5d-9e13-b8d80714ad2c: shutdown server org.apache.ratis.grpc.server.GrpcClientProtocolService successfully
2024-01-29 07:43:04,576 [ForkJoinPool.commonPool-worker-7] INFO  server.GrpcService (GrpcService.java:closeImpl(311)) - eea2313d-992f-4b5d-9e13-b8d80714ad2c: shutdown server GrpcServerProtocolService now
2024-01-29 07:43:04,577 [ForkJoinPool.commonPool-worker-0] INFO  server.GrpcService (GrpcService.java:closeImpl(320)) - 1256e137-4a60-4c2e-839e-27e972a873fc: shutdown server org.apache.ratis.grpc.server.GrpcClientProtocolService successfully
2024-01-29 07:43:04,577 [eea2313d-992f-4b5d-9e13-b8d80714ad2c-impl-thread2] INFO  impl.StateMachineUpdater (StateMachineUpdater.java:stopAndJoin(157)) - eea2313d-992f-4b5d-9e13-b8d80714ad2c@group-FA1D7534C04C-StateMachineUpdater: set stopIndex = 0
2024-01-29 07:43:04,577 [eea2313d-992f-4b5d-9e13-b8d80714ad2c@group-FA1D7534C04C-FollowerState] INFO  impl.FollowerState (FollowerState.java:run(152)) - eea2313d-992f-4b5d-9e13-b8d80714ad2c@group-FA1D7534C04C-FollowerState was interrupted
2024-01-29 07:43:04,577 [eea2313d-992f-4b5d-9e13-b8d80714ad2c@group-FA1D7534C04C-StateMachineUpdater] INFO  ratis.ContainerStateMachine (ContainerStateMachine.java:takeSnapshot(355)) - group-FA1D7534C04C: Taking a snapshot at:(t:1, i:0) file /home/runner/work/ozone/ozone/hadoop-ozone/integration-test/target/test-dir/MiniOzoneClusterImpl-43c44e75-c492-4a39-944e-601a0ff30632/datanode-1/data/ratis/84966bc0-c9d3-4613-aee5-fa1d7534c04c/sm/snapshot.1_0
2024-01-29 07:43:04,577 [ForkJoinPool.commonPool-worker-0] INFO  server.GrpcService (GrpcService.java:closeImpl(311)) - 1256e137-4a60-4c2e-839e-27e972a873fc: shutdown server GrpcServerProtocolService now
2024-01-29 07:43:04,578 [eea2313d-992f-4b5d-9e13-b8d80714ad2c@group-FA1D7534C04C-StateMachineUpdater] INFO  ratis.ContainerStateMachine (ContainerStateMachine.java:takeSnapshot(366)) - group-FA1D7534C04C: Finished taking a snapshot at:(t:1, i:0) file:/home/runner/work/ozone/ozone/hadoop-ozone/integration-test/target/test-dir/MiniOzoneClusterImpl-43c44e75-c492-4a39-944e-601a0ff30632/datanode-1/data/ratis/84966bc0-c9d3-4613-aee5-fa1d7534c04c/sm/snapshot.1_0 took: 0 ms
2024-01-29 07:43:04,578 [eea2313d-992f-4b5d-9e13-b8d80714ad2c@group-FA1D7534C04C-StateMachineUpdater] INFO  impl.StateMachineUpdater (StateMachineUpdater.java:takeSnapshot(295)) - eea2313d-992f-4b5d-9e13-b8d80714ad2c@group-FA1D7534C04C-StateMachineUpdater: Took a snapshot at index 0
2024-01-29 07:43:04,578 [eea2313d-992f-4b5d-9e13-b8d80714ad2c@group-FA1D7534C04C-StateMachineUpdater] INFO  impl.StateMachineUpdater (StateMachineUpdater.java:lambda$new$0(98)) - eea2313d-992f-4b5d-9e13-b8d80714ad2c@group-FA1D7534C04C-StateMachineUpdater: snapshotIndex: updateIncreasingly -1 -> 0
2024-01-29 07:43:04,578 [eea2313d-992f-4b5d-9e13-b8d80714ad2c-impl-thread2] INFO  server.RaftServer$Division (ServerState.java:close(427)) - eea2313d-992f-4b5d-9e13-b8d80714ad2c@group-FA1D7534C04C: applyIndex: 0
2024-01-29 07:43:04,581 [aaaecba4-dc3a-4434-b0f1-479f09acdbc3-NettyServerStreamRpc-bossGroup--thread1] INFO  logging.LoggingHandler (AbstractInternalLogger.java:log(148)) - [id: 0xf3a3f73a, L:/0.0.0.0:15149] CLOSE
2024-01-29 07:43:04,581 [aaaecba4-dc3a-4434-b0f1-479f09acdbc3-NettyServerStreamRpc-bossGroup--thread1] INFO  logging.LoggingHandler (AbstractInternalLogger.java:log(148)) - [id: 0xf3a3f73a, L:/0.0.0.0:15149] INACTIVE
2024-01-29 07:43:04,581 [aaaecba4-dc3a-4434-b0f1-479f09acdbc3-NettyServerStreamRpc-bossGroup--thread1] INFO  logging.LoggingHandler (AbstractInternalLogger.java:log(148)) - [id: 0xf3a3f73a, L:/0.0.0.0:15149] UNREGISTERED
2024-01-29 07:43:04,582 [ForkJoinPool.commonPool-worker-6] INFO  server.GrpcService (GrpcService.java:closeImpl(320)) - 4014a93b-65b2-4fad-85e3-f269d9ce0515: shutdown server org.apache.ratis.grpc.server.GrpcClientProtocolService successfully
2024-01-29 07:43:04,582 [ForkJoinPool.commonPool-worker-6] INFO  server.GrpcService (GrpcService.java:closeImpl(311)) - 4014a93b-65b2-4fad-85e3-f269d9ce0515: shutdown server GrpcServerProtocolService now
2024-01-29 07:43:04,583 [ForkJoinPool.commonPool-worker-5] INFO  server.GrpcService (GrpcService.java:closeImpl(320)) - f6f0dadf-556e-42a8-b6d8-b99280d4e6cc: shutdown server org.apache.ratis.grpc.server.GrpcAdminProtocolService successfully
2024-01-29 07:43:04,583 [ForkJoinPool.commonPool-worker-7] INFO  server.GrpcService (GrpcService.java:closeImpl(320)) - eea2313d-992f-4b5d-9e13-b8d80714ad2c: shutdown server GrpcServerProtocolService successfully
2024-01-29 07:43:04,583 [ForkJoinPool.commonPool-worker-7] INFO  server.GrpcService (GrpcService.java:closeImpl(311)) - eea2313d-992f-4b5d-9e13-b8d80714ad2c: shutdown server org.apache.ratis.grpc.server.GrpcAdminProtocolService now
2024-01-29 07:43:04,584 [eea2313d-992f-4b5d-9e13-b8d80714ad2c@group-FA1D7534C04C-cacheEviction-AwaitToRun] INFO  util.AwaitToRun (AwaitToRun.java:run(49)) - eea2313d-992f-4b5d-9e13-b8d80714ad2c@group-FA1D7534C04C-cacheEviction-AwaitToRun-AwaitForSignal is interrupted
2024-01-29 07:43:04,584 [ForkJoinPool.commonPool-worker-0] INFO  server.GrpcService (GrpcService.java:closeImpl(320)) - 1256e137-4a60-4c2e-839e-27e972a873fc: shutdown server GrpcServerProtocolService successfully
2024-01-29 07:43:04,584 [ForkJoinPool.commonPool-worker-0] INFO  server.GrpcService (GrpcService.java:closeImpl(311)) - 1256e137-4a60-4c2e-839e-27e972a873fc: shutdown server org.apache.ratis.grpc.server.GrpcAdminProtocolService now
2024-01-29 07:43:04,586 [ForkJoinPool.commonPool-worker-7] INFO  server.GrpcService (GrpcService.java:closeImpl(320)) - eea2313d-992f-4b5d-9e13-b8d80714ad2c: shutdown server org.apache.ratis.grpc.server.GrpcAdminProtocolService successfully
2024-01-29 07:43:04,586 [ForkJoinPool.commonPool-worker-1] INFO  ozoneimpl.OzoneContainer (OzoneContainer.java:stop(479)) - Attempting to stop container services.
2024-01-29 07:43:04,587 [ForkJoinPool.commonPool-worker-1] INFO  server.RaftServer (RaftServerProxy.java:lambda$close$9(416)) - 65bc286e-59a3-42df-af3f-c8e10564c4d1: close
2024-01-29 07:43:04,587 [65bc286e-59a3-42df-af3f-c8e10564c4d1-impl-thread1] INFO  server.RaftServer$Division (RaftServerImpl.java:lambda$close$3(526)) - 65bc286e-59a3-42df-af3f-c8e10564c4d1@group-FA1D7534C04C: shutdown
2024-01-29 07:43:04,587 [65bc286e-59a3-42df-af3f-c8e10564c4d1-impl-thread1] INFO  util.JmxRegister (JmxRegister.java:unregister(73)) - Successfully un-registered JMX Bean with object name Ratis:service=RaftServer,group=group-FA1D7534C04C,id=65bc286e-59a3-42df-af3f-c8e10564c4d1
2024-01-29 07:43:04,587 [65bc286e-59a3-42df-af3f-c8e10564c4d1-impl-thread1] INFO  impl.RoleInfo (RoleInfo.java:shutdownFollowerState(110)) - 65bc286e-59a3-42df-af3f-c8e10564c4d1: shutdown 65bc286e-59a3-42df-af3f-c8e10564c4d1@group-FA1D7534C04C-FollowerState
2024-01-29 07:43:04,589 [65bc286e-59a3-42df-af3f-c8e10564c4d1-impl-thread1] INFO  impl.StateMachineUpdater (StateMachineUpdater.java:stopAndJoin(157)) - 65bc286e-59a3-42df-af3f-c8e10564c4d1@group-FA1D7534C04C-StateMachineUpdater: set stopIndex = 0
2024-01-29 07:43:04,589 [65bc286e-59a3-42df-af3f-c8e10564c4d1@group-FA1D7534C04C-StateMachineUpdater] INFO  ratis.ContainerStateMachine (ContainerStateMachine.java:takeSnapshot(355)) - group-FA1D7534C04C: Taking a snapshot at:(t:1, i:0) file /home/runner/work/ozone/ozone/hadoop-ozone/integration-test/target/test-dir/MiniOzoneClusterImpl-43c44e75-c492-4a39-944e-601a0ff30632/datanode-0/data/ratis/84966bc0-c9d3-4613-aee5-fa1d7534c04c/sm/snapshot.1_0
2024-01-29 07:43:04,589 [65bc286e-59a3-42df-af3f-c8e10564c4d1@group-FA1D7534C04C-FollowerState] INFO  impl.FollowerState (FollowerState.java:run(152)) - 65bc286e-59a3-42df-af3f-c8e10564c4d1@group-FA1D7534C04C-FollowerState was interrupted
2024-01-29 07:43:04,589 [ForkJoinPool.commonPool-worker-1] INFO  server.GrpcService (GrpcService.java:closeImpl(311)) - 65bc286e-59a3-42df-af3f-c8e10564c4d1: shutdown server org.apache.ratis.grpc.server.GrpcClientProtocolService now
2024-01-29 07:43:04,589 [65bc286e-59a3-42df-af3f-c8e10564c4d1-impl-thread2] INFO  server.RaftServer$Division (RaftServerImpl.java:lambda$close$3(526)) - 65bc286e-59a3-42df-af3f-c8e10564c4d1@group-DE309F5B06A8: shutdown
2024-01-29 07:43:04,589 [65bc286e-59a3-42df-af3f-c8e10564c4d1-impl-thread2] INFO  util.JmxRegister (JmxRegister.java:unregister(73)) - Successfully un-registered JMX Bean with object name Ratis:service=RaftServer,group=group-DE309F5B06A8,id=65bc286e-59a3-42df-af3f-c8e10564c4d1
2024-01-29 07:43:04,590 [65bc286e-59a3-42df-af3f-c8e10564c4d1-impl-thread2] INFO  impl.RoleInfo (RoleInfo.java:shutdownLeaderState(94)) - 65bc286e-59a3-42df-af3f-c8e10564c4d1: shutdown 65bc286e-59a3-42df-af3f-c8e10564c4d1@group-DE309F5B06A8-LeaderStateImpl
2024-01-29 07:43:04,590 [65bc286e-59a3-42df-af3f-c8e10564c4d1-impl-thread2] INFO  impl.PendingRequests (PendingRequests.java:sendNotLeaderResponses(289)) - 65bc286e-59a3-42df-af3f-c8e10564c4d1@group-DE309F5B06A8-PendingRequests: sendNotLeaderResponses
2024-01-29 07:43:04,590 [65bc286e-59a3-42df-af3f-c8e10564c4d1@group-FA1D7534C04C-StateMachineUpdater] INFO  ratis.ContainerStateMachine (ContainerStateMachine.java:takeSnapshot(366)) - group-FA1D7534C04C: Finished taking a snapshot at:(t:1, i:0) file:/home/runner/work/ozone/ozone/hadoop-ozone/integration-test/target/test-dir/MiniOzoneClusterImpl-43c44e75-c492-4a39-944e-601a0ff30632/datanode-0/data/ratis/84966bc0-c9d3-4613-aee5-fa1d7534c04c/sm/snapshot.1_0 took: 1 ms
2024-01-29 07:43:04,590 [65bc286e-59a3-42df-af3f-c8e10564c4d1@group-FA1D7534C04C-StateMachineUpdater] INFO  impl.StateMachineUpdater (StateMachineUpdater.java:takeSnapshot(295)) - 65bc286e-59a3-42df-af3f-c8e10564c4d1@group-FA1D7534C04C-StateMachineUpdater: Took a snapshot at index 0
2024-01-29 07:43:04,590 [65bc286e-59a3-42df-af3f-c8e10564c4d1-impl-thread2] INFO  impl.StateMachineUpdater (StateMachineUpdater.java:stopAndJoin(157)) - 65bc286e-59a3-42df-af3f-c8e10564c4d1@group-DE309F5B06A8-StateMachineUpdater: set stopIndex = 0
2024-01-29 07:43:04,590 [65bc286e-59a3-42df-af3f-c8e10564c4d1@group-DE309F5B06A8-StateMachineUpdater] INFO  ratis.ContainerStateMachine (ContainerStateMachine.java:takeSnapshot(355)) - group-DE309F5B06A8: Taking a snapshot at:(t:1, i:0) file /home/runner/work/ozone/ozone/hadoop-ozone/integration-test/target/test-dir/MiniOzoneClusterImpl-43c44e75-c492-4a39-944e-601a0ff30632/datanode-0/data/ratis/2db310db-6416-4ac7-be97-de309f5b06a8/sm/snapshot.1_0
2024-01-29 07:43:04,590 [65bc286e-59a3-42df-af3f-c8e10564c4d1@group-FA1D7534C04C-StateMachineUpdater] INFO  impl.StateMachineUpdater (StateMachineUpdater.java:lambda$new$0(98)) - 65bc286e-59a3-42df-af3f-c8e10564c4d1@group-FA1D7534C04C-StateMachineUpdater: snapshotIndex: updateIncreasingly -1 -> 0
2024-01-29 07:43:04,591 [65bc286e-59a3-42df-af3f-c8e10564c4d1@group-DE309F5B06A8-StateMachineUpdater] INFO  ratis.ContainerStateMachine (ContainerStateMachine.java:takeSnapshot(366)) - group-DE309F5B06A8: Finished taking a snapshot at:(t:1, i:0) file:/home/runner/work/ozone/ozone/hadoop-ozone/integration-test/target/test-dir/MiniOzoneClusterImpl-43c44e75-c492-4a39-944e-601a0ff30632/datanode-0/data/ratis/2db310db-6416-4ac7-be97-de309f5b06a8/sm/snapshot.1_0 took: 0 ms
2024-01-29 07:43:04,591 [65bc286e-59a3-42df-af3f-c8e10564c4d1@group-DE309F5B06A8-StateMachineUpdater] INFO  impl.StateMachineUpdater (StateMachineUpdater.java:takeSnapshot(295)) - 65bc286e-59a3-42df-af3f-c8e10564c4d1@group-DE309F5B06A8-StateMachineUpdater: Took a snapshot at index 0
2024-01-29 07:43:04,591 [65bc286e-59a3-42df-af3f-c8e10564c4d1@group-DE309F5B06A8-StateMachineUpdater] INFO  impl.StateMachineUpdater (StateMachineUpdater.java:lambda$new$0(98)) - 65bc286e-59a3-42df-af3f-c8e10564c4d1@group-DE309F5B06A8-StateMachineUpdater: snapshotIndex: updateIncreasingly -1 -> 0
2024-01-29 07:43:04,591 [65bc286e-59a3-42df-af3f-c8e10564c4d1-impl-thread2] INFO  server.RaftServer$Division (ServerState.java:close(427)) - 65bc286e-59a3-42df-af3f-c8e10564c4d1@group-DE309F5B06A8: applyIndex: 0
2024-01-29 07:43:04,592 [65bc286e-59a3-42df-af3f-c8e10564c4d1@group-DE309F5B06A8-cacheEviction-AwaitToRun] INFO  util.AwaitToRun (AwaitToRun.java:run(49)) - 65bc286e-59a3-42df-af3f-c8e10564c4d1@group-DE309F5B06A8-cacheEviction-AwaitToRun-AwaitForSignal is interrupted
2024-01-29 07:43:04,592 [65bc286e-59a3-42df-af3f-c8e10564c4d1-impl-thread1] INFO  server.RaftServer$Division (ServerState.java:close(427)) - 65bc286e-59a3-42df-af3f-c8e10564c4d1@group-FA1D7534C04C: applyIndex: 0
2024-01-29 07:43:04,592 [Thread-2305] INFO  server.GrpcServerProtocolClient (GrpcServerProtocolClient.java:close(103)) - eea2313d-992f-4b5d-9e13-b8d80714ad2c Close channels
2024-01-29 07:43:04,592 [Thread-2313] INFO  server.GrpcServerProtocolClient (GrpcServerProtocolClient.java:close(103)) - 0ce2b046-143e-42c7-a174-539311f5349e Close channels
2024-01-29 07:43:04,592 [ForkJoinPool.commonPool-worker-1] INFO  server.GrpcService (GrpcService.java:closeImpl(320)) - 65bc286e-59a3-42df-af3f-c8e10564c4d1: shutdown server org.apache.ratis.grpc.server.GrpcClientProtocolService successfully
2024-01-29 07:43:04,593 [ForkJoinPool.commonPool-worker-1] INFO  server.GrpcService (GrpcService.java:closeImpl(311)) - 65bc286e-59a3-42df-af3f-c8e10564c4d1: shutdown server GrpcServerProtocolService now
2024-01-29 07:43:04,593 [ForkJoinPool.commonPool-worker-0] INFO  server.GrpcService (GrpcService.java:closeImpl(320)) - 1256e137-4a60-4c2e-839e-27e972a873fc: shutdown server org.apache.ratis.grpc.server.GrpcAdminProtocolService successfully
2024-01-29 07:43:04,595 [ForkJoinPool.commonPool-worker-6] INFO  server.GrpcService (GrpcService.java:closeImpl(320)) - 4014a93b-65b2-4fad-85e3-f269d9ce0515: shutdown server GrpcServerProtocolService successfully
2024-01-29 07:43:04,595 [ForkJoinPool.commonPool-worker-6] INFO  server.GrpcService (GrpcService.java:closeImpl(311)) - 4014a93b-65b2-4fad-85e3-f269d9ce0515: shutdown server org.apache.ratis.grpc.server.GrpcAdminProtocolService now
2024-01-29 07:43:04,596 [65bc286e-59a3-42df-af3f-c8e10564c4d1@group-FA1D7534C04C-cacheEviction-AwaitToRun] INFO  util.AwaitToRun (AwaitToRun.java:run(49)) - 65bc286e-59a3-42df-af3f-c8e10564c4d1@group-FA1D7534C04C-cacheEviction-AwaitToRun-AwaitForSignal is interrupted
2024-01-29 07:43:04,598 [ForkJoinPool.commonPool-worker-6] INFO  server.GrpcService (GrpcService.java:closeImpl(320)) - 4014a93b-65b2-4fad-85e3-f269d9ce0515: shutdown server org.apache.ratis.grpc.server.GrpcAdminProtocolService successfully
2024-01-29 07:43:04,598 [0ce2b046-143e-42c7-a174-539311f5349e-NettyServerStreamRpc-bossGroup--thread1] INFO  logging.LoggingHandler (AbstractInternalLogger.java:log(148)) - [id: 0x02c108d1, L:/0.0.0.0:15122] CLOSE
2024-01-29 07:43:04,599 [0ce2b046-143e-42c7-a174-539311f5349e-NettyServerStreamRpc-bossGroup--thread1] INFO  logging.LoggingHandler (AbstractInternalLogger.java:log(148)) - [id: 0x02c108d1, L:/0.0.0.0:15122] INACTIVE
2024-01-29 07:43:04,599 [0ce2b046-143e-42c7-a174-539311f5349e-NettyServerStreamRpc-bossGroup--thread1] INFO  logging.LoggingHandler (AbstractInternalLogger.java:log(148)) - [id: 0x02c108d1, L:/0.0.0.0:15122] UNREGISTERED
2024-01-29 07:43:04,609 [1256e137-4a60-4c2e-839e-27e972a873fc-impl-thread2] INFO  segmented.SegmentedRaftLogWorker (SegmentedRaftLogWorker.java:close(245)) - 1256e137-4a60-4c2e-839e-27e972a873fc@group-C61435DB6CA8-SegmentedRaftLogWorker close()
2024-01-29 07:43:04,610 [ForkJoinPool.commonPool-worker-1] INFO  server.GrpcService (GrpcService.java:closeImpl(320)) - 65bc286e-59a3-42df-af3f-c8e10564c4d1: shutdown server GrpcServerProtocolService successfully
2024-01-29 07:43:04,610 [ForkJoinPool.commonPool-worker-1] INFO  server.GrpcService (GrpcService.java:closeImpl(311)) - 65bc286e-59a3-42df-af3f-c8e10564c4d1: shutdown server org.apache.ratis.grpc.server.GrpcAdminProtocolService now
2024-01-29 07:43:04,613 [4014a93b-65b2-4fad-85e3-f269d9ce0515-NettyServerStreamRpc-bossGroup--thread1] INFO  logging.LoggingHandler (AbstractInternalLogger.java:log(148)) - [id: 0x62a31e4c, L:/0.0.0.0:15158] CLOSE
2024-01-29 07:43:04,613 [4014a93b-65b2-4fad-85e3-f269d9ce0515-NettyServerStreamRpc-bossGroup--thread1] INFO  logging.LoggingHandler (AbstractInternalLogger.java:log(148)) - [id: 0x62a31e4c, L:/0.0.0.0:15158] INACTIVE
2024-01-29 07:43:04,613 [4014a93b-65b2-4fad-85e3-f269d9ce0515-NettyServerStreamRpc-bossGroup--thread1] INFO  logging.LoggingHandler (AbstractInternalLogger.java:log(148)) - [id: 0x62a31e4c, L:/0.0.0.0:15158] UNREGISTERED
2024-01-29 07:43:04,623 [eea2313d-992f-4b5d-9e13-b8d80714ad2c-NettyServerStreamRpc-bossGroup--thread1] INFO  logging.LoggingHandler (AbstractInternalLogger.java:log(148)) - [id: 0x30f02f3c, L:/0.0.0.0:15113] CLOSE
2024-01-29 07:43:04,623 [eea2313d-992f-4b5d-9e13-b8d80714ad2c-NettyServerStreamRpc-bossGroup--thread1] INFO  logging.LoggingHandler (AbstractInternalLogger.java:log(148)) - [id: 0x30f02f3c, L:/0.0.0.0:15113] INACTIVE
2024-01-29 07:43:04,623 [eea2313d-992f-4b5d-9e13-b8d80714ad2c-NettyServerStreamRpc-bossGroup--thread1] INFO  logging.LoggingHandler (AbstractInternalLogger.java:log(148)) - [id: 0x30f02f3c, L:/0.0.0.0:15113] UNREGISTERED
2024-01-29 07:43:04,624 [ForkJoinPool.commonPool-worker-1] INFO  server.GrpcService (GrpcService.java:closeImpl(320)) - 65bc286e-59a3-42df-af3f-c8e10564c4d1: shutdown server org.apache.ratis.grpc.server.GrpcAdminProtocolService successfully
2024-01-29 07:43:04,630 [1256e137-4a60-4c2e-839e-27e972a873fc-NettyServerStreamRpc-bossGroup--thread1] INFO  logging.LoggingHandler (AbstractInternalLogger.java:log(148)) - [id: 0x4019516a, L:/0.0.0.0:15176] CLOSE
2024-01-29 07:43:04,630 [1256e137-4a60-4c2e-839e-27e972a873fc-NettyServerStreamRpc-bossGroup--thread1] INFO  logging.LoggingHandler (AbstractInternalLogger.java:log(148)) - [id: 0x4019516a, L:/0.0.0.0:15176] INACTIVE
2024-01-29 07:43:04,630 [1256e137-4a60-4c2e-839e-27e972a873fc-NettyServerStreamRpc-bossGroup--thread1] INFO  logging.LoggingHandler (AbstractInternalLogger.java:log(148)) - [id: 0x4019516a, L:/0.0.0.0:15176] UNREGISTERED
2024-01-29 07:43:04,638 [65bc286e-59a3-42df-af3f-c8e10564c4d1-impl-thread2] INFO  segmented.SegmentedRaftLogWorker (SegmentedRaftLogWorker.java:close(245)) - 65bc286e-59a3-42df-af3f-c8e10564c4d1@group-DE309F5B06A8-SegmentedRaftLogWorker close()
2024-01-29 07:43:04,643 [65bc286e-59a3-42df-af3f-c8e10564c4d1-NettyServerStreamRpc-bossGroup--thread1] INFO  logging.LoggingHandler (AbstractInternalLogger.java:log(148)) - [id: 0x83c1c190, L:/0.0.0.0:15104] CLOSE
2024-01-29 07:43:04,643 [65bc286e-59a3-42df-af3f-c8e10564c4d1-NettyServerStreamRpc-bossGroup--thread1] INFO  logging.LoggingHandler (AbstractInternalLogger.java:log(148)) - [id: 0x83c1c190, L:/0.0.0.0:15104] INACTIVE
2024-01-29 07:43:04,643 [65bc286e-59a3-42df-af3f-c8e10564c4d1-NettyServerStreamRpc-bossGroup--thread1] INFO  logging.LoggingHandler (AbstractInternalLogger.java:log(148)) - [id: 0x83c1c190, L:/0.0.0.0:15104] UNREGISTERED
2024-01-29 07:43:04,643 [f6f0dadf-556e-42a8-b6d8-b99280d4e6cc-NettyServerStreamRpc-bossGroup--thread1] INFO  logging.LoggingHandler (AbstractInternalLogger.java:log(148)) - [id: 0x2fafd7ba, L:/0.0.0.0:15167] CLOSE
2024-01-29 07:43:04,643 [f6f0dadf-556e-42a8-b6d8-b99280d4e6cc-NettyServerStreamRpc-bossGroup--thread1] INFO  logging.LoggingHandler (AbstractInternalLogger.java:log(148)) - [id: 0x2fafd7ba, L:/0.0.0.0:15167] INACTIVE
2024-01-29 07:43:04,643 [f6f0dadf-556e-42a8-b6d8-b99280d4e6cc-NettyServerStreamRpc-bossGroup--thread1] INFO  logging.LoggingHandler (AbstractInternalLogger.java:log(148)) - [id: 0x2fafd7ba, L:/0.0.0.0:15167] UNREGISTERED
2024-01-29 07:43:04,667 [0ce2b046-143e-42c7-a174-539311f5349e-impl-thread1] INFO  segmented.SegmentedRaftLogWorker (SegmentedRaftLogWorker.java:close(245)) - 0ce2b046-143e-42c7-a174-539311f5349e@group-FA1D7534C04C-SegmentedRaftLogWorker close()
2024-01-29 07:43:04,941 [eea2313d-992f-4b5d-9e13-b8d80714ad2c-impl-thread1] INFO  segmented.SegmentedRaftLogWorker (SegmentedRaftLogWorker.java:close(245)) - eea2313d-992f-4b5d-9e13-b8d80714ad2c@group-4AE5113352A7-SegmentedRaftLogWorker close()
2024-01-29 07:43:04,943 [eea2313d-992f-4b5d-9e13-b8d80714ad2c-impl-thread2] INFO  segmented.SegmentedRaftLogWorker (SegmentedRaftLogWorker.java:close(245)) - eea2313d-992f-4b5d-9e13-b8d80714ad2c@group-FA1D7534C04C-SegmentedRaftLogWorker close()
2024-01-29 07:43:04,942 [65bc286e-59a3-42df-af3f-c8e10564c4d1-impl-thread1] INFO  segmented.SegmentedRaftLogWorker (SegmentedRaftLogWorker.java:close(245)) - 65bc286e-59a3-42df-af3f-c8e10564c4d1@group-FA1D7534C04C-SegmentedRaftLogWorker close()
2024-01-29 07:43:04,943 [0ce2b046-143e-42c7-a174-539311f5349e-impl-thread2] INFO  segmented.SegmentedRaftLogWorker (SegmentedRaftLogWorker.java:close(245)) - 0ce2b046-143e-42c7-a174-539311f5349e@group-7CEF0C69C9BF-SegmentedRaftLogWorker close()
2024-01-29 07:43:04,944 [JvmPauseMonitor14] INFO  util.JvmPauseMonitor (JvmPauseMonitor.java:run(152)) - JvmPauseMonitor-eea2313d-992f-4b5d-9e13-b8d80714ad2c: Stopped
2024-01-29 07:43:04,945 [JvmPauseMonitor13] INFO  util.JvmPauseMonitor (JvmPauseMonitor.java:run(152)) - JvmPauseMonitor-65bc286e-59a3-42df-af3f-c8e10564c4d1: Stopped
2024-01-29 07:43:04,945 [JvmPauseMonitor15] INFO  util.JvmPauseMonitor (JvmPauseMonitor.java:run(152)) - JvmPauseMonitor-0ce2b046-143e-42c7-a174-539311f5349e: Stopped
2024-01-29 07:43:05,301 [aaaecba4-dc3a-4434-b0f1-479f09acdbc3-impl-thread1] INFO  segmented.SegmentedRaftLogWorker (SegmentedRaftLogWorker.java:close(245)) - aaaecba4-dc3a-4434-b0f1-479f09acdbc3@group-D88F6401EDD2-SegmentedRaftLogWorker close()
2024-01-29 07:43:05,303 [JvmPauseMonitor18] INFO  util.JvmPauseMonitor (JvmPauseMonitor.java:run(152)) - JvmPauseMonitor-aaaecba4-dc3a-4434-b0f1-479f09acdbc3: Stopped
2024-01-29 07:43:05,318 [4014a93b-65b2-4fad-85e3-f269d9ce0515-impl-thread1] INFO  segmented.SegmentedRaftLogWorker (SegmentedRaftLogWorker.java:close(245)) - 4014a93b-65b2-4fad-85e3-f269d9ce0515@group-300C9206CE33-SegmentedRaftLogWorker close()
2024-01-29 07:43:05,330 [1256e137-4a60-4c2e-839e-27e972a873fc-impl-thread1] INFO  segmented.SegmentedRaftLogWorker (SegmentedRaftLogWorker.java:close(245)) - 1256e137-4a60-4c2e-839e-27e972a873fc@group-300C9206CE33-SegmentedRaftLogWorker close()
2024-01-29 07:43:05,331 [JvmPauseMonitor21] INFO  util.JvmPauseMonitor (JvmPauseMonitor.java:run(152)) - JvmPauseMonitor-1256e137-4a60-4c2e-839e-27e972a873fc: Stopped
2024-01-29 07:43:05,332 [f6f0dadf-556e-42a8-b6d8-b99280d4e6cc-impl-thread1] INFO  segmented.SegmentedRaftLogWorker (SegmentedRaftLogWorker.java:close(245)) - f6f0dadf-556e-42a8-b6d8-b99280d4e6cc@group-300C9206CE33-SegmentedRaftLogWorker close()
2024-01-29 07:43:05,418 [4014a93b-65b2-4fad-85e3-f269d9ce0515-impl-thread2] INFO  segmented.SegmentedRaftLogWorker (SegmentedRaftLogWorker.java:close(245)) - 4014a93b-65b2-4fad-85e3-f269d9ce0515@group-C3E4D582E014-SegmentedRaftLogWorker close()
2024-01-29 07:43:05,418 [JvmPauseMonitor19] INFO  util.JvmPauseMonitor (JvmPauseMonitor.java:run(152)) - JvmPauseMonitor-4014a93b-65b2-4fad-85e3-f269d9ce0515: Stopped
2024-01-29 07:43:05,506 [f6f0dadf-556e-42a8-b6d8-b99280d4e6cc-impl-thread2] INFO  segmented.SegmentedRaftLogWorker (SegmentedRaftLogWorker.java:close(245)) - f6f0dadf-556e-42a8-b6d8-b99280d4e6cc@group-135ACD05C6DA-SegmentedRaftLogWorker close()
2024-01-29 07:43:05,506 [JvmPauseMonitor20] INFO  util.JvmPauseMonitor (JvmPauseMonitor.java:run(152)) - JvmPauseMonitor-f6f0dadf-556e-42a8-b6d8-b99280d4e6cc: Stopped
2024-01-29 07:43:06,947 [ForkJoinPool.commonPool-worker-7] INFO  utils.DatanodeStoreCache (DatanodeStoreCache.java:shutdownCache(116)) - Skip clearing cache in mini cluster mode. Entries left: [/home/runner/work/ozone/ozone/hadoop-ozone/integration-test/target/test-dir/MiniOzoneClusterImpl-43c44e75-c492-4a39-944e-601a0ff30632/datanode-0/data-0/containers/hdds/43c44e75-c492-4a39-944e-601a0ff30632/DS-3848f1fa-7786-4b63-bfc7-3f04904873d7/container.db, /home/runner/work/ozone/ozone/hadoop-ozone/integration-test/target/test-dir/MiniOzoneClusterImpl-43c44e75-c492-4a39-944e-601a0ff30632/datanode-1/data-0/containers/hdds/43c44e75-c492-4a39-944e-601a0ff30632/DS-eb8bd04a-1e52-469a-9099-9f39d6b8dcee/container.db, /home/runner/work/ozone/ozone/hadoop-ozone/integration-test/target/test-dir/MiniOzoneClusterImpl-43c44e75-c492-4a39-944e-601a0ff30632/datanode-2/data-0/containers/hdds/43c44e75-c492-4a39-944e-601a0ff30632/DS-f005d65e-ba39-46cf-b93e-a673aea9103c/container.db, /home/runner/work/ozone/ozone/hadoop-ozone/integration-test/target/test-dir/MiniOzoneClusterImpl-43c44e75-c492-4a39-944e-601a0ff30632/datanode-5/data-0/containers/hdds/43c44e75-c492-4a39-944e-601a0ff30632/DS-4d1e7bc9-1079-48b1-bf27-a6f937c0f43d/container.db, /home/runner/work/ozone/ozone/hadoop-ozone/integration-test/target/test-dir/MiniOzoneClusterImpl-43c44e75-c492-4a39-944e-601a0ff30632/datanode-6/data-0/containers/hdds/43c44e75-c492-4a39-944e-601a0ff30632/DS-1a023c08-e902-487f-84a7-b92fb198c004/container.db, /home/runner/work/ozone/ozone/hadoop-ozone/integration-test/target/test-dir/MiniOzoneClusterImpl-43c44e75-c492-4a39-944e-601a0ff30632/datanode-7/data-0/containers/hdds/43c44e75-c492-4a39-944e-601a0ff30632/DS-41ad6962-c942-4fa6-85c3-e7e39f86c953/container.db, /home/runner/work/ozone/ozone/hadoop-ozone/integration-test/target/test-dir/MiniOzoneClusterImpl-43c44e75-c492-4a39-944e-601a0ff30632/datanode-8/data-0/containers/hdds/43c44e75-c492-4a39-944e-601a0ff30632/DS-fec1485e-eea6-49b6-b4d7-f789da4fb7fd/container.db]
2024-01-29 07:43:06,947 [ForkJoinPool.commonPool-worker-4] INFO  utils.DatanodeStoreCache (DatanodeStoreCache.java:shutdownCache(116)) - Skip clearing cache in mini cluster mode. Entries left: [/home/runner/work/ozone/ozone/hadoop-ozone/integration-test/target/test-dir/MiniOzoneClusterImpl-43c44e75-c492-4a39-944e-601a0ff30632/datanode-0/data-0/containers/hdds/43c44e75-c492-4a39-944e-601a0ff30632/DS-3848f1fa-7786-4b63-bfc7-3f04904873d7/container.db, /home/runner/work/ozone/ozone/hadoop-ozone/integration-test/target/test-dir/MiniOzoneClusterImpl-43c44e75-c492-4a39-944e-601a0ff30632/datanode-1/data-0/containers/hdds/43c44e75-c492-4a39-944e-601a0ff30632/DS-eb8bd04a-1e52-469a-9099-9f39d6b8dcee/container.db, /home/runner/work/ozone/ozone/hadoop-ozone/integration-test/target/test-dir/MiniOzoneClusterImpl-43c44e75-c492-4a39-944e-601a0ff30632/datanode-2/data-0/containers/hdds/43c44e75-c492-4a39-944e-601a0ff30632/DS-f005d65e-ba39-46cf-b93e-a673aea9103c/container.db, /home/runner/work/ozone/ozone/hadoop-ozone/integration-test/target/test-dir/MiniOzoneClusterImpl-43c44e75-c492-4a39-944e-601a0ff30632/datanode-5/data-0/containers/hdds/43c44e75-c492-4a39-944e-601a0ff30632/DS-4d1e7bc9-1079-48b1-bf27-a6f937c0f43d/container.db, /home/runner/work/ozone/ozone/hadoop-ozone/integration-test/target/test-dir/MiniOzoneClusterImpl-43c44e75-c492-4a39-944e-601a0ff30632/datanode-6/data-0/containers/hdds/43c44e75-c492-4a39-944e-601a0ff30632/DS-1a023c08-e902-487f-84a7-b92fb198c004/container.db, /home/runner/work/ozone/ozone/hadoop-ozone/integration-test/target/test-dir/MiniOzoneClusterImpl-43c44e75-c492-4a39-944e-601a0ff30632/datanode-7/data-0/containers/hdds/43c44e75-c492-4a39-944e-601a0ff30632/DS-41ad6962-c942-4fa6-85c3-e7e39f86c953/container.db, /home/runner/work/ozone/ozone/hadoop-ozone/integration-test/target/test-dir/MiniOzoneClusterImpl-43c44e75-c492-4a39-944e-601a0ff30632/datanode-8/data-0/containers/hdds/43c44e75-c492-4a39-944e-601a0ff30632/DS-fec1485e-eea6-49b6-b4d7-f789da4fb7fd/container.db]
2024-01-29 07:43:06,950 [ForkJoinPool.commonPool-worker-1] INFO  utils.DatanodeStoreCache (DatanodeStoreCache.java:shutdownCache(116)) - Skip clearing cache in mini cluster mode. Entries left: [/home/runner/work/ozone/ozone/hadoop-ozone/integration-test/target/test-dir/MiniOzoneClusterImpl-43c44e75-c492-4a39-944e-601a0ff30632/datanode-0/data-0/containers/hdds/43c44e75-c492-4a39-944e-601a0ff30632/DS-3848f1fa-7786-4b63-bfc7-3f04904873d7/container.db, /home/runner/work/ozone/ozone/hadoop-ozone/integration-test/target/test-dir/MiniOzoneClusterImpl-43c44e75-c492-4a39-944e-601a0ff30632/datanode-1/data-0/containers/hdds/43c44e75-c492-4a39-944e-601a0ff30632/DS-eb8bd04a-1e52-469a-9099-9f39d6b8dcee/container.db, /home/runner/work/ozone/ozone/hadoop-ozone/integration-test/target/test-dir/MiniOzoneClusterImpl-43c44e75-c492-4a39-944e-601a0ff30632/datanode-2/data-0/containers/hdds/43c44e75-c492-4a39-944e-601a0ff30632/DS-f005d65e-ba39-46cf-b93e-a673aea9103c/container.db, /home/runner/work/ozone/ozone/hadoop-ozone/integration-test/target/test-dir/MiniOzoneClusterImpl-43c44e75-c492-4a39-944e-601a0ff30632/datanode-5/data-0/containers/hdds/43c44e75-c492-4a39-944e-601a0ff30632/DS-4d1e7bc9-1079-48b1-bf27-a6f937c0f43d/container.db, /home/runner/work/ozone/ozone/hadoop-ozone/integration-test/target/test-dir/MiniOzoneClusterImpl-43c44e75-c492-4a39-944e-601a0ff30632/datanode-6/data-0/containers/hdds/43c44e75-c492-4a39-944e-601a0ff30632/DS-1a023c08-e902-487f-84a7-b92fb198c004/container.db, /home/runner/work/ozone/ozone/hadoop-ozone/integration-test/target/test-dir/MiniOzoneClusterImpl-43c44e75-c492-4a39-944e-601a0ff30632/datanode-7/data-0/containers/hdds/43c44e75-c492-4a39-944e-601a0ff30632/DS-41ad6962-c942-4fa6-85c3-e7e39f86c953/container.db, /home/runner/work/ozone/ozone/hadoop-ozone/integration-test/target/test-dir/MiniOzoneClusterImpl-43c44e75-c492-4a39-944e-601a0ff30632/datanode-8/data-0/containers/hdds/43c44e75-c492-4a39-944e-601a0ff30632/DS-fec1485e-eea6-49b6-b4d7-f789da4fb7fd/container.db]
2024-01-29 07:43:06,952 [ForkJoinPool.commonPool-worker-4] INFO  utils.DatanodeStoreCache (DatanodeStoreCache.java:removeDB(110)) - Removed db /home/runner/work/ozone/ozone/hadoop-ozone/integration-test/target/test-dir/MiniOzoneClusterImpl-43c44e75-c492-4a39-944e-601a0ff30632/datanode-2/data-0/containers/hdds/43c44e75-c492-4a39-944e-601a0ff30632/DS-f005d65e-ba39-46cf-b93e-a673aea9103c/container.db from cache
2024-01-29 07:43:06,953 [ForkJoinPool.commonPool-worker-7] INFO  utils.DatanodeStoreCache (DatanodeStoreCache.java:removeDB(110)) - Removed db /home/runner/work/ozone/ozone/hadoop-ozone/integration-test/target/test-dir/MiniOzoneClusterImpl-43c44e75-c492-4a39-944e-601a0ff30632/datanode-1/data-0/containers/hdds/43c44e75-c492-4a39-944e-601a0ff30632/DS-eb8bd04a-1e52-469a-9099-9f39d6b8dcee/container.db from cache
2024-01-29 07:43:06,953 [ForkJoinPool.commonPool-worker-7] INFO  volume.HddsVolume (HddsVolume.java:closeDbStore(451)) - SchemaV3 db is stopped at /home/runner/work/ozone/ozone/hadoop-ozone/integration-test/target/test-dir/MiniOzoneClusterImpl-43c44e75-c492-4a39-944e-601a0ff30632/datanode-1/data-0/containers/hdds/43c44e75-c492-4a39-944e-601a0ff30632/DS-eb8bd04a-1e52-469a-9099-9f39d6b8dcee/container.db for volume DS-eb8bd04a-1e52-469a-9099-9f39d6b8dcee
2024-01-29 07:43:06,953 [ForkJoinPool.commonPool-worker-4] INFO  volume.HddsVolume (HddsVolume.java:closeDbStore(451)) - SchemaV3 db is stopped at /home/runner/work/ozone/ozone/hadoop-ozone/integration-test/target/test-dir/MiniOzoneClusterImpl-43c44e75-c492-4a39-944e-601a0ff30632/datanode-2/data-0/containers/hdds/43c44e75-c492-4a39-944e-601a0ff30632/DS-f005d65e-ba39-46cf-b93e-a673aea9103c/container.db for volume DS-f005d65e-ba39-46cf-b93e-a673aea9103c
2024-01-29 07:43:06,954 [ForkJoinPool.commonPool-worker-7] INFO  utils.BackgroundService (BackgroundService.java:shutdown(160)) - Shutting down service BlockDeletingService
2024-01-29 07:43:06,955 [ForkJoinPool.commonPool-worker-4] INFO  utils.BackgroundService (BackgroundService.java:shutdown(160)) - Shutting down service BlockDeletingService
2024-01-29 07:43:06,955 [ForkJoinPool.commonPool-worker-4] INFO  utils.BackgroundService (BackgroundService.java:shutdown(160)) - Shutting down service StaleRecoveringContainerScrubbingService
2024-01-29 07:43:06,955 [ForkJoinPool.commonPool-worker-7] INFO  utils.BackgroundService (BackgroundService.java:shutdown(160)) - Shutting down service StaleRecoveringContainerScrubbingService
2024-01-29 07:43:06,958 [ForkJoinPool.commonPool-worker-4] INFO  statemachine.DatanodeStateMachine (DatanodeStateMachine.java:stopDaemon(638)) - Ozone container server stopped.
2024-01-29 07:43:06,959 [ForkJoinPool.commonPool-worker-7] INFO  statemachine.DatanodeStateMachine (DatanodeStateMachine.java:stopDaemon(638)) - Ozone container server stopped.
2024-01-29 07:43:06,959 [ForkJoinPool.commonPool-worker-1] INFO  utils.DatanodeStoreCache (DatanodeStoreCache.java:removeDB(110)) - Removed db /home/runner/work/ozone/ozone/hadoop-ozone/integration-test/target/test-dir/MiniOzoneClusterImpl-43c44e75-c492-4a39-944e-601a0ff30632/datanode-0/data-0/containers/hdds/43c44e75-c492-4a39-944e-601a0ff30632/DS-3848f1fa-7786-4b63-bfc7-3f04904873d7/container.db from cache
2024-01-29 07:43:06,959 [ForkJoinPool.commonPool-worker-1] INFO  volume.HddsVolume (HddsVolume.java:closeDbStore(451)) - SchemaV3 db is stopped at /home/runner/work/ozone/ozone/hadoop-ozone/integration-test/target/test-dir/MiniOzoneClusterImpl-43c44e75-c492-4a39-944e-601a0ff30632/datanode-0/data-0/containers/hdds/43c44e75-c492-4a39-944e-601a0ff30632/DS-3848f1fa-7786-4b63-bfc7-3f04904873d7/container.db for volume DS-3848f1fa-7786-4b63-bfc7-3f04904873d7
2024-01-29 07:43:06,960 [ForkJoinPool.commonPool-worker-1] INFO  utils.BackgroundService (BackgroundService.java:shutdown(160)) - Shutting down service BlockDeletingService
2024-01-29 07:43:06,962 [ForkJoinPool.commonPool-worker-4] INFO  handler.ContextHandler (ContextHandler.java:doStop(1159)) - Stopped o.e.j.w.WebAppContext@27d49c87{hddsDatanode,/,null,STOPPED}{jar:file:/home/runner/.m2/repository/org/apache/ozone/hdds-container-service/1.5.0-SNAPSHOT/hdds-container-service-1.5.0-SNAPSHOT.jar!/webapps/hddsDatanode}
2024-01-29 07:43:06,963 [ForkJoinPool.commonPool-worker-7] INFO  handler.ContextHandler (ContextHandler.java:doStop(1159)) - Stopped o.e.j.w.WebAppContext@134f9b9f{hddsDatanode,/,null,STOPPED}{jar:file:/home/runner/.m2/repository/org/apache/ozone/hdds-container-service/1.5.0-SNAPSHOT/hdds-container-service-1.5.0-SNAPSHOT.jar!/webapps/hddsDatanode}
2024-01-29 07:43:06,963 [ForkJoinPool.commonPool-worker-1] INFO  utils.BackgroundService (BackgroundService.java:shutdown(160)) - Shutting down service StaleRecoveringContainerScrubbingService
2024-01-29 07:43:06,964 [ForkJoinPool.commonPool-worker-4] INFO  server.AbstractConnector (AbstractConnector.java:doStop(383)) - Stopped ServerConnector@4f76e662{HTTP/1.1, (http/1.1)}{0.0.0.0:15116}
2024-01-29 07:43:06,964 [ForkJoinPool.commonPool-worker-4] INFO  server.session (HouseKeeper.java:stopScavenging(149)) - node0 Stopped scavenging
2024-01-29 07:43:06,964 [ForkJoinPool.commonPool-worker-4] INFO  handler.ContextHandler (ContextHandler.java:doStop(1159)) - Stopped o.e.j.s.ServletContextHandler@7152749e{static,/static,jar:file:/home/runner/.m2/repository/org/apache/ozone/hdds-container-service/1.5.0-SNAPSHOT/hdds-container-service-1.5.0-SNAPSHOT.jar!/webapps/static,STOPPED}
2024-01-29 07:43:06,964 [ForkJoinPool.commonPool-worker-4] INFO  handler.ContextHandler (ContextHandler.java:doStop(1159)) - Stopped o.e.j.s.ServletContextHandler@77ab77ef{logs,/logs,file:///home/runner/work/ozone/ozone/hadoop-ozone/integration-test/target/log,STOPPED}
2024-01-29 07:43:06,965 [ForkJoinPool.commonPool-worker-7] INFO  server.AbstractConnector (AbstractConnector.java:doStop(383)) - Stopped ServerConnector@653856e6{HTTP/1.1, (http/1.1)}{0.0.0.0:15107}
2024-01-29 07:43:06,965 [ForkJoinPool.commonPool-worker-7] INFO  server.session (HouseKeeper.java:stopScavenging(149)) - node0 Stopped scavenging
2024-01-29 07:43:06,965 [ForkJoinPool.commonPool-worker-7] INFO  handler.ContextHandler (ContextHandler.java:doStop(1159)) - Stopped o.e.j.s.ServletContextHandler@41d1bea3{static,/static,jar:file:/home/runner/.m2/repository/org/apache/ozone/hdds-container-service/1.5.0-SNAPSHOT/hdds-container-service-1.5.0-SNAPSHOT.jar!/webapps/static,STOPPED}
2024-01-29 07:43:06,965 [ForkJoinPool.commonPool-worker-7] INFO  handler.ContextHandler (ContextHandler.java:doStop(1159)) - Stopped o.e.j.s.ServletContextHandler@3a0e98b2{logs,/logs,file:///home/runner/work/ozone/ozone/hadoop-ozone/integration-test/target/log,STOPPED}
2024-01-29 07:43:06,965 [ForkJoinPool.commonPool-worker-1] INFO  statemachine.DatanodeStateMachine (DatanodeStateMachine.java:stopDaemon(638)) - Ozone container server stopped.
2024-01-29 07:43:06,965 [ForkJoinPool.commonPool-worker-4] INFO  ozone.HddsDatanodeClientProtocolServer (HddsDatanodeClientProtocolServer.java:stop(78)) - Stopping the RPC server for Client Protocol
2024-01-29 07:43:06,966 [ForkJoinPool.commonPool-worker-4] INFO  ipc.Server (Server.java:stop(3523)) - Stopping server on 15117
2024-01-29 07:43:06,967 [ForkJoinPool.commonPool-worker-1] INFO  handler.ContextHandler (ContextHandler.java:doStop(1159)) - Stopped o.e.j.w.WebAppContext@79083c2{hddsDatanode,/,null,STOPPED}{jar:file:/home/runner/.m2/repository/org/apache/ozone/hdds-container-service/1.5.0-SNAPSHOT/hdds-container-service-1.5.0-SNAPSHOT.jar!/webapps/hddsDatanode}
2024-01-29 07:43:06,968 [ForkJoinPool.commonPool-worker-1] INFO  server.AbstractConnector (AbstractConnector.java:doStop(383)) - Stopped ServerConnector@5cfb0061{HTTP/1.1, (http/1.1)}{0.0.0.0:15098}
2024-01-29 07:43:06,968 [ForkJoinPool.commonPool-worker-1] INFO  server.session (HouseKeeper.java:stopScavenging(149)) - node0 Stopped scavenging
2024-01-29 07:43:06,968 [ForkJoinPool.commonPool-worker-1] INFO  handler.ContextHandler (ContextHandler.java:doStop(1159)) - Stopped o.e.j.s.ServletContextHandler@7c4a3a84{static,/static,jar:file:/home/runner/.m2/repository/org/apache/ozone/hdds-container-service/1.5.0-SNAPSHOT/hdds-container-service-1.5.0-SNAPSHOT.jar!/webapps/static,STOPPED}
2024-01-29 07:43:06,969 [ForkJoinPool.commonPool-worker-1] INFO  handler.ContextHandler (ContextHandler.java:doStop(1159)) - Stopped o.e.j.s.ServletContextHandler@6d8fd852{logs,/logs,file:///home/runner/work/ozone/ozone/hadoop-ozone/integration-test/target/log,STOPPED}
2024-01-29 07:43:06,969 [ForkJoinPool.commonPool-worker-1] INFO  ozone.HddsDatanodeClientProtocolServer (HddsDatanodeClientProtocolServer.java:stop(78)) - Stopping the RPC server for Client Protocol
2024-01-29 07:43:06,969 [ForkJoinPool.commonPool-worker-7] INFO  ozone.HddsDatanodeClientProtocolServer (HddsDatanodeClientProtocolServer.java:stop(78)) - Stopping the RPC server for Client Protocol
2024-01-29 07:43:06,970 [ForkJoinPool.commonPool-worker-1] INFO  ipc.Server (Server.java:stop(3523)) - Stopping server on 15099
2024-01-29 07:43:06,970 [ForkJoinPool.commonPool-worker-7] INFO  ipc.Server (Server.java:stop(3523)) - Stopping server on 15108
2024-01-29 07:43:06,970 [IPC Server Responder] INFO  ipc.Server (Server.java:run(1567)) - Stopping IPC Server Responder
2024-01-29 07:43:06,970 [IPC Server listener on 15117] INFO  ipc.Server (Server.java:run(1434)) - Stopping IPC Server listener on 15117
2024-01-29 07:43:06,972 [IPC Server listener on 15099] INFO  ipc.Server (Server.java:run(1434)) - Stopping IPC Server listener on 15099
2024-01-29 07:43:06,972 [IPC Server Responder] INFO  ipc.Server (Server.java:run(1567)) - Stopping IPC Server Responder
2024-01-29 07:43:06,974 [IPC Server listener on 15108] INFO  ipc.Server (Server.java:run(1434)) - Stopping IPC Server listener on 15108
2024-01-29 07:43:06,974 [IPC Server Responder] INFO  ipc.Server (Server.java:run(1567)) - Stopping IPC Server Responder
2024-01-29 07:43:07,305 [main] INFO  utils.DatanodeStoreCache (DatanodeStoreCache.java:shutdownCache(116)) - Skip clearing cache in mini cluster mode. Entries left: [/home/runner/work/ozone/ozone/hadoop-ozone/integration-test/target/test-dir/MiniOzoneClusterImpl-43c44e75-c492-4a39-944e-601a0ff30632/datanode-5/data-0/containers/hdds/43c44e75-c492-4a39-944e-601a0ff30632/DS-4d1e7bc9-1079-48b1-bf27-a6f937c0f43d/container.db, /home/runner/work/ozone/ozone/hadoop-ozone/integration-test/target/test-dir/MiniOzoneClusterImpl-43c44e75-c492-4a39-944e-601a0ff30632/datanode-6/data-0/containers/hdds/43c44e75-c492-4a39-944e-601a0ff30632/DS-1a023c08-e902-487f-84a7-b92fb198c004/container.db, /home/runner/work/ozone/ozone/hadoop-ozone/integration-test/target/test-dir/MiniOzoneClusterImpl-43c44e75-c492-4a39-944e-601a0ff30632/datanode-7/data-0/containers/hdds/43c44e75-c492-4a39-944e-601a0ff30632/DS-41ad6962-c942-4fa6-85c3-e7e39f86c953/container.db, /home/runner/work/ozone/ozone/hadoop-ozone/integration-test/target/test-dir/MiniOzoneClusterImpl-43c44e75-c492-4a39-944e-601a0ff30632/datanode-8/data-0/containers/hdds/43c44e75-c492-4a39-944e-601a0ff30632/DS-fec1485e-eea6-49b6-b4d7-f789da4fb7fd/container.db]
2024-01-29 07:43:07,306 [main] INFO  utils.DatanodeStoreCache (DatanodeStoreCache.java:removeDB(110)) - Removed db /home/runner/work/ozone/ozone/hadoop-ozone/integration-test/target/test-dir/MiniOzoneClusterImpl-43c44e75-c492-4a39-944e-601a0ff30632/datanode-5/data-0/containers/hdds/43c44e75-c492-4a39-944e-601a0ff30632/DS-4d1e7bc9-1079-48b1-bf27-a6f937c0f43d/container.db from cache
2024-01-29 07:43:07,307 [main] INFO  volume.HddsVolume (HddsVolume.java:closeDbStore(451)) - SchemaV3 db is stopped at /home/runner/work/ozone/ozone/hadoop-ozone/integration-test/target/test-dir/MiniOzoneClusterImpl-43c44e75-c492-4a39-944e-601a0ff30632/datanode-5/data-0/containers/hdds/43c44e75-c492-4a39-944e-601a0ff30632/DS-4d1e7bc9-1079-48b1-bf27-a6f937c0f43d/container.db for volume DS-4d1e7bc9-1079-48b1-bf27-a6f937c0f43d
2024-01-29 07:43:07,307 [main] INFO  utils.BackgroundService (BackgroundService.java:shutdown(160)) - Shutting down service BlockDeletingService
2024-01-29 07:43:07,307 [main] INFO  utils.BackgroundService (BackgroundService.java:shutdown(160)) - Shutting down service StaleRecoveringContainerScrubbingService
2024-01-29 07:43:07,308 [main] INFO  statemachine.DatanodeStateMachine (DatanodeStateMachine.java:stopDaemon(638)) - Ozone container server stopped.
2024-01-29 07:43:07,308 [main] INFO  handler.ContextHandler (ContextHandler.java:doStop(1159)) - Stopped o.e.j.w.WebAppContext@563fb617{hddsDatanode,/,null,STOPPED}{jar:file:/home/runner/.m2/repository/org/apache/ozone/hdds-container-service/1.5.0-SNAPSHOT/hdds-container-service-1.5.0-SNAPSHOT.jar!/webapps/hddsDatanode}
2024-01-29 07:43:07,309 [main] INFO  server.AbstractConnector (AbstractConnector.java:doStop(383)) - Stopped ServerConnector@785c354a{HTTP/1.1, (http/1.1)}{0.0.0.0:15143}
2024-01-29 07:43:07,309 [main] INFO  server.session (HouseKeeper.java:stopScavenging(149)) - node0 Stopped scavenging
2024-01-29 07:43:07,309 [main] INFO  handler.ContextHandler (ContextHandler.java:doStop(1159)) - Stopped o.e.j.s.ServletContextHandler@30f1a962{static,/static,jar:file:/home/runner/.m2/repository/org/apache/ozone/hdds-container-service/1.5.0-SNAPSHOT/hdds-container-service-1.5.0-SNAPSHOT.jar!/webapps/static,STOPPED}
2024-01-29 07:43:07,310 [main] INFO  handler.ContextHandler (ContextHandler.java:doStop(1159)) - Stopped o.e.j.s.ServletContextHandler@20347465{logs,/logs,file:///home/runner/work/ozone/ozone/hadoop-ozone/integration-test/target/log,STOPPED}
2024-01-29 07:43:07,310 [main] INFO  ozone.HddsDatanodeClientProtocolServer (HddsDatanodeClientProtocolServer.java:stop(78)) - Stopping the RPC server for Client Protocol
2024-01-29 07:43:07,310 [main] INFO  ipc.Server (Server.java:stop(3523)) - Stopping server on 15144
2024-01-29 07:43:07,312 [IPC Server listener on 15144] INFO  ipc.Server (Server.java:run(1434)) - Stopping IPC Server listener on 15144
2024-01-29 07:43:07,312 [IPC Server Responder] INFO  ipc.Server (Server.java:run(1567)) - Stopping IPC Server Responder
2024-01-29 07:43:07,334 [ForkJoinPool.commonPool-worker-0] INFO  utils.DatanodeStoreCache (DatanodeStoreCache.java:shutdownCache(116)) - Skip clearing cache in mini cluster mode. Entries left: [/home/runner/work/ozone/ozone/hadoop-ozone/integration-test/target/test-dir/MiniOzoneClusterImpl-43c44e75-c492-4a39-944e-601a0ff30632/datanode-6/data-0/containers/hdds/43c44e75-c492-4a39-944e-601a0ff30632/DS-1a023c08-e902-487f-84a7-b92fb198c004/container.db, /home/runner/work/ozone/ozone/hadoop-ozone/integration-test/target/test-dir/MiniOzoneClusterImpl-43c44e75-c492-4a39-944e-601a0ff30632/datanode-7/data-0/containers/hdds/43c44e75-c492-4a39-944e-601a0ff30632/DS-41ad6962-c942-4fa6-85c3-e7e39f86c953/container.db, /home/runner/work/ozone/ozone/hadoop-ozone/integration-test/target/test-dir/MiniOzoneClusterImpl-43c44e75-c492-4a39-944e-601a0ff30632/datanode-8/data-0/containers/hdds/43c44e75-c492-4a39-944e-601a0ff30632/DS-fec1485e-eea6-49b6-b4d7-f789da4fb7fd/container.db]
2024-01-29 07:43:07,335 [ForkJoinPool.commonPool-worker-0] INFO  utils.DatanodeStoreCache (DatanodeStoreCache.java:removeDB(110)) - Removed db /home/runner/work/ozone/ozone/hadoop-ozone/integration-test/target/test-dir/MiniOzoneClusterImpl-43c44e75-c492-4a39-944e-601a0ff30632/datanode-8/data-0/containers/hdds/43c44e75-c492-4a39-944e-601a0ff30632/DS-fec1485e-eea6-49b6-b4d7-f789da4fb7fd/container.db from cache
2024-01-29 07:43:07,335 [ForkJoinPool.commonPool-worker-0] INFO  volume.HddsVolume (HddsVolume.java:closeDbStore(451)) - SchemaV3 db is stopped at /home/runner/work/ozone/ozone/hadoop-ozone/integration-test/target/test-dir/MiniOzoneClusterImpl-43c44e75-c492-4a39-944e-601a0ff30632/datanode-8/data-0/containers/hdds/43c44e75-c492-4a39-944e-601a0ff30632/DS-fec1485e-eea6-49b6-b4d7-f789da4fb7fd/container.db for volume DS-fec1485e-eea6-49b6-b4d7-f789da4fb7fd
2024-01-29 07:43:07,337 [ForkJoinPool.commonPool-worker-0] INFO  utils.BackgroundService (BackgroundService.java:shutdown(160)) - Shutting down service BlockDeletingService
2024-01-29 07:43:07,338 [ForkJoinPool.commonPool-worker-0] INFO  utils.BackgroundService (BackgroundService.java:shutdown(160)) - Shutting down service StaleRecoveringContainerScrubbingService
2024-01-29 07:43:07,338 [ForkJoinPool.commonPool-worker-0] INFO  statemachine.DatanodeStateMachine (DatanodeStateMachine.java:stopDaemon(638)) - Ozone container server stopped.
2024-01-29 07:43:07,339 [ForkJoinPool.commonPool-worker-0] INFO  handler.ContextHandler (ContextHandler.java:doStop(1159)) - Stopped o.e.j.w.WebAppContext@30e89d1e{hddsDatanode,/,null,STOPPED}{jar:file:/home/runner/.m2/repository/org/apache/ozone/hdds-container-service/1.5.0-SNAPSHOT/hdds-container-service-1.5.0-SNAPSHOT.jar!/webapps/hddsDatanode}
2024-01-29 07:43:07,340 [ForkJoinPool.commonPool-worker-0] INFO  server.AbstractConnector (AbstractConnector.java:doStop(383)) - Stopped ServerConnector@7cd296da{HTTP/1.1, (http/1.1)}{0.0.0.0:15170}
2024-01-29 07:43:07,340 [ForkJoinPool.commonPool-worker-0] INFO  server.session (HouseKeeper.java:stopScavenging(149)) - node0 Stopped scavenging
2024-01-29 07:43:07,340 [ForkJoinPool.commonPool-worker-0] INFO  handler.ContextHandler (ContextHandler.java:doStop(1159)) - Stopped o.e.j.s.ServletContextHandler@730c7dfd{static,/static,jar:file:/home/runner/.m2/repository/org/apache/ozone/hdds-container-service/1.5.0-SNAPSHOT/hdds-container-service-1.5.0-SNAPSHOT.jar!/webapps/static,STOPPED}
2024-01-29 07:43:07,341 [ForkJoinPool.commonPool-worker-0] INFO  handler.ContextHandler (ContextHandler.java:doStop(1159)) - Stopped o.e.j.s.ServletContextHandler@25d286ac{logs,/logs,file:///home/runner/work/ozone/ozone/hadoop-ozone/integration-test/target/log,STOPPED}
2024-01-29 07:43:07,341 [ForkJoinPool.commonPool-worker-0] INFO  ozone.HddsDatanodeClientProtocolServer (HddsDatanodeClientProtocolServer.java:stop(78)) - Stopping the RPC server for Client Protocol
2024-01-29 07:43:07,342 [ForkJoinPool.commonPool-worker-0] INFO  ipc.Server (Server.java:stop(3523)) - Stopping server on 15171
2024-01-29 07:43:07,344 [IPC Server listener on 15171] INFO  ipc.Server (Server.java:run(1434)) - Stopping IPC Server listener on 15171
2024-01-29 07:43:07,344 [IPC Server Responder] INFO  ipc.Server (Server.java:run(1567)) - Stopping IPC Server Responder
2024-01-29 07:43:07,420 [ForkJoinPool.commonPool-worker-6] INFO  utils.DatanodeStoreCache (DatanodeStoreCache.java:shutdownCache(116)) - Skip clearing cache in mini cluster mode. Entries left: [/home/runner/work/ozone/ozone/hadoop-ozone/integration-test/target/test-dir/MiniOzoneClusterImpl-43c44e75-c492-4a39-944e-601a0ff30632/datanode-6/data-0/containers/hdds/43c44e75-c492-4a39-944e-601a0ff30632/DS-1a023c08-e902-487f-84a7-b92fb198c004/container.db, /home/runner/work/ozone/ozone/hadoop-ozone/integration-test/target/test-dir/MiniOzoneClusterImpl-43c44e75-c492-4a39-944e-601a0ff30632/datanode-7/data-0/containers/hdds/43c44e75-c492-4a39-944e-601a0ff30632/DS-41ad6962-c942-4fa6-85c3-e7e39f86c953/container.db]
2024-01-29 07:43:07,421 [ForkJoinPool.commonPool-worker-6] INFO  utils.DatanodeStoreCache (DatanodeStoreCache.java:removeDB(110)) - Removed db /home/runner/work/ozone/ozone/hadoop-ozone/integration-test/target/test-dir/MiniOzoneClusterImpl-43c44e75-c492-4a39-944e-601a0ff30632/datanode-6/data-0/containers/hdds/43c44e75-c492-4a39-944e-601a0ff30632/DS-1a023c08-e902-487f-84a7-b92fb198c004/container.db from cache
2024-01-29 07:43:07,422 [ForkJoinPool.commonPool-worker-6] INFO  volume.HddsVolume (HddsVolume.java:closeDbStore(451)) - SchemaV3 db is stopped at /home/runner/work/ozone/ozone/hadoop-ozone/integration-test/target/test-dir/MiniOzoneClusterImpl-43c44e75-c492-4a39-944e-601a0ff30632/datanode-6/data-0/containers/hdds/43c44e75-c492-4a39-944e-601a0ff30632/DS-1a023c08-e902-487f-84a7-b92fb198c004/container.db for volume DS-1a023c08-e902-487f-84a7-b92fb198c004
2024-01-29 07:43:07,422 [ForkJoinPool.commonPool-worker-6] INFO  utils.BackgroundService (BackgroundService.java:shutdown(160)) - Shutting down service BlockDeletingService
2024-01-29 07:43:07,422 [ForkJoinPool.commonPool-worker-6] INFO  utils.BackgroundService (BackgroundService.java:shutdown(160)) - Shutting down service StaleRecoveringContainerScrubbingService
2024-01-29 07:43:07,422 [ForkJoinPool.commonPool-worker-6] INFO  statemachine.DatanodeStateMachine (DatanodeStateMachine.java:stopDaemon(638)) - Ozone container server stopped.
2024-01-29 07:43:07,425 [ForkJoinPool.commonPool-worker-6] INFO  handler.ContextHandler (ContextHandler.java:doStop(1159)) - Stopped o.e.j.w.WebAppContext@cb52715{hddsDatanode,/,null,STOPPED}{jar:file:/home/runner/.m2/repository/org/apache/ozone/hdds-container-service/1.5.0-SNAPSHOT/hdds-container-service-1.5.0-SNAPSHOT.jar!/webapps/hddsDatanode}
2024-01-29 07:43:07,426 [ForkJoinPool.commonPool-worker-6] INFO  server.AbstractConnector (AbstractConnector.java:doStop(383)) - Stopped ServerConnector@67d7d5c4{HTTP/1.1, (http/1.1)}{0.0.0.0:15152}
2024-01-29 07:43:07,426 [ForkJoinPool.commonPool-worker-6] INFO  server.session (HouseKeeper.java:stopScavenging(149)) - node0 Stopped scavenging
2024-01-29 07:43:07,426 [ForkJoinPool.commonPool-worker-6] INFO  handler.ContextHandler (ContextHandler.java:doStop(1159)) - Stopped o.e.j.s.ServletContextHandler@4b9102de{static,/static,jar:file:/home/runner/.m2/repository/org/apache/ozone/hdds-container-service/1.5.0-SNAPSHOT/hdds-container-service-1.5.0-SNAPSHOT.jar!/webapps/static,STOPPED}
2024-01-29 07:43:07,426 [ForkJoinPool.commonPool-worker-6] INFO  handler.ContextHandler (ContextHandler.java:doStop(1159)) - Stopped o.e.j.s.ServletContextHandler@58096708{logs,/logs,file:///home/runner/work/ozone/ozone/hadoop-ozone/integration-test/target/log,STOPPED}
2024-01-29 07:43:07,429 [ForkJoinPool.commonPool-worker-6] INFO  ozone.HddsDatanodeClientProtocolServer (HddsDatanodeClientProtocolServer.java:stop(78)) - Stopping the RPC server for Client Protocol
2024-01-29 07:43:07,430 [ForkJoinPool.commonPool-worker-6] INFO  ipc.Server (Server.java:stop(3523)) - Stopping server on 15153
2024-01-29 07:43:07,430 [IPC Server listener on 15153] INFO  ipc.Server (Server.java:run(1434)) - Stopping IPC Server listener on 15153
2024-01-29 07:43:07,431 [IPC Server Responder] INFO  ipc.Server (Server.java:run(1567)) - Stopping IPC Server Responder
2024-01-29 07:43:07,508 [ForkJoinPool.commonPool-worker-5] INFO  utils.DatanodeStoreCache (DatanodeStoreCache.java:shutdownCache(116)) - Skip clearing cache in mini cluster mode. Entries left: [/home/runner/work/ozone/ozone/hadoop-ozone/integration-test/target/test-dir/MiniOzoneClusterImpl-43c44e75-c492-4a39-944e-601a0ff30632/datanode-7/data-0/containers/hdds/43c44e75-c492-4a39-944e-601a0ff30632/DS-41ad6962-c942-4fa6-85c3-e7e39f86c953/container.db]
2024-01-29 07:43:07,510 [ForkJoinPool.commonPool-worker-5] INFO  utils.DatanodeStoreCache (DatanodeStoreCache.java:removeDB(110)) - Removed db /home/runner/work/ozone/ozone/hadoop-ozone/integration-test/target/test-dir/MiniOzoneClusterImpl-43c44e75-c492-4a39-944e-601a0ff30632/datanode-7/data-0/containers/hdds/43c44e75-c492-4a39-944e-601a0ff30632/DS-41ad6962-c942-4fa6-85c3-e7e39f86c953/container.db from cache
2024-01-29 07:43:07,510 [ForkJoinPool.commonPool-worker-5] INFO  volume.HddsVolume (HddsVolume.java:closeDbStore(451)) - SchemaV3 db is stopped at /home/runner/work/ozone/ozone/hadoop-ozone/integration-test/target/test-dir/MiniOzoneClusterImpl-43c44e75-c492-4a39-944e-601a0ff30632/datanode-7/data-0/containers/hdds/43c44e75-c492-4a39-944e-601a0ff30632/DS-41ad6962-c942-4fa6-85c3-e7e39f86c953/container.db for volume DS-41ad6962-c942-4fa6-85c3-e7e39f86c953
2024-01-29 07:43:07,510 [ForkJoinPool.commonPool-worker-5] INFO  utils.BackgroundService (BackgroundService.java:shutdown(160)) - Shutting down service BlockDeletingService
2024-01-29 07:43:07,510 [ForkJoinPool.commonPool-worker-5] INFO  utils.BackgroundService (BackgroundService.java:shutdown(160)) - Shutting down service StaleRecoveringContainerScrubbingService
2024-01-29 07:43:07,510 [ForkJoinPool.commonPool-worker-5] INFO  statemachine.DatanodeStateMachine (DatanodeStateMachine.java:stopDaemon(638)) - Ozone container server stopped.
2024-01-29 07:43:07,512 [ForkJoinPool.commonPool-worker-5] INFO  handler.ContextHandler (ContextHandler.java:doStop(1159)) - Stopped o.e.j.w.WebAppContext@33c6c6f7{hddsDatanode,/,null,STOPPED}{jar:file:/home/runner/.m2/repository/org/apache/ozone/hdds-container-service/1.5.0-SNAPSHOT/hdds-container-service-1.5.0-SNAPSHOT.jar!/webapps/hddsDatanode}
2024-01-29 07:43:07,512 [ForkJoinPool.commonPool-worker-5] INFO  server.AbstractConnector (AbstractConnector.java:doStop(383)) - Stopped ServerConnector@51361fce{HTTP/1.1, (http/1.1)}{0.0.0.0:15161}
2024-01-29 07:43:07,512 [ForkJoinPool.commonPool-worker-5] INFO  server.session (HouseKeeper.java:stopScavenging(149)) - node0 Stopped scavenging
2024-01-29 07:43:07,513 [ForkJoinPool.commonPool-worker-5] INFO  handler.ContextHandler (ContextHandler.java:doStop(1159)) - Stopped o.e.j.s.ServletContextHandler@5ffaf403{static,/static,jar:file:/home/runner/.m2/repository/org/apache/ozone/hdds-container-service/1.5.0-SNAPSHOT/hdds-container-service-1.5.0-SNAPSHOT.jar!/webapps/static,STOPPED}
2024-01-29 07:43:07,513 [ForkJoinPool.commonPool-worker-5] INFO  handler.ContextHandler (ContextHandler.java:doStop(1159)) - Stopped o.e.j.s.ServletContextHandler@9df3faa{logs,/logs,file:///home/runner/work/ozone/ozone/hadoop-ozone/integration-test/target/log,STOPPED}
2024-01-29 07:43:07,513 [ForkJoinPool.commonPool-worker-5] INFO  ozone.HddsDatanodeClientProtocolServer (HddsDatanodeClientProtocolServer.java:stop(78)) - Stopping the RPC server for Client Protocol
2024-01-29 07:43:07,515 [ForkJoinPool.commonPool-worker-5] INFO  ipc.Server (Server.java:stop(3523)) - Stopping server on 15162
2024-01-29 07:43:07,516 [IPC Server listener on 15162] INFO  ipc.Server (Server.java:run(1434)) - Stopping IPC Server listener on 15162
2024-01-29 07:43:07,516 [IPC Server Responder] INFO  ipc.Server (Server.java:run(1567)) - Stopping IPC Server Responder
2024-01-29 07:43:07,516 [main] INFO  ozone.MiniOzoneClusterImpl (MiniOzoneClusterImpl.java:stopSCM(550)) - Stopping the StorageContainerManager
2024-01-29 07:43:07,517 [main] INFO  server.StorageContainerManager (StorageContainerManager.java:stop(1654)) - Container Balancer is not running.
2024-01-29 07:43:07,517 [main] INFO  server.StorageContainerManager (StorageContainerManager.java:stopReplicationManager(1787)) - Stopping Replication Manager Service.
2024-01-29 07:43:07,517 [main] INFO  replication.ReplicationManager (ReplicationManager.java:stop(326)) - Stopping Replication Monitor Thread.
2024-01-29 07:43:07,517 [UnderReplicatedProcessor] WARN  replication.UnhealthyReplicationProcessor (UnhealthyReplicationProcessor.java:run(180)) - UnderReplicatedProcessor interrupted. Exiting...
2024-01-29 07:43:07,517 [ReplicationMonitor] INFO  replication.ReplicationManager (ReplicationManager.java:run(933)) - Replication Monitor Thread is stopped
2024-01-29 07:43:07,517 [main] INFO  server.StorageContainerManager (StorageContainerManager.java:stop(1663)) - Stopping the Datanode Admin Monitor.
2024-01-29 07:43:07,517 [OverReplicatedProcessor] WARN  replication.UnhealthyReplicationProcessor (UnhealthyReplicationProcessor.java:run(180)) - OverReplicatedProcessor interrupted. Exiting...
2024-01-29 07:43:07,518 [main] INFO  server.StorageContainerManager (StorageContainerManager.java:stop(1670)) - Stopping datanode service RPC server
2024-01-29 07:43:07,518 [main] INFO  server.SCMDatanodeProtocolServer (SCMDatanodeProtocolServer.java:stop(425)) - Stopping the RPC server for DataNodes
2024-01-29 07:43:07,518 [main] INFO  ipc.Server (Server.java:stop(3523)) - Stopping server on 15091
2024-01-29 07:43:07,520 [IPC Server listener on 15091] INFO  ipc.Server (Server.java:run(1434)) - Stopping IPC Server listener on 15091
2024-01-29 07:43:07,521 [IPC Server Responder] INFO  ipc.Server (Server.java:run(1567)) - Stopping IPC Server Responder
2024-01-29 07:43:07,551 [SCMHeartbeatProcessor-0] WARN  node.NodeStateManager (NodeStateManager.java:scheduleNextHealthCheck(878)) - Current Thread is interrupted, shutting down HB processing thread for Node Manager.
2024-01-29 07:43:07,551 [main] INFO  server.StorageContainerManager (StorageContainerManager.java:stop(1678)) - Stopping block service RPC server
2024-01-29 07:43:07,552 [main] INFO  server.SCMBlockProtocolServer (SCMBlockProtocolServer.java:stop(169)) - Stopping the RPC server for Block Protocol
2024-01-29 07:43:07,552 [main] INFO  ipc.Server (Server.java:stop(3523)) - Stopping server on 15090
2024-01-29 07:43:07,556 [IPC Server Responder] INFO  ipc.Server (Server.java:run(1567)) - Stopping IPC Server Responder
2024-01-29 07:43:07,557 [IPC Server listener on 15090] INFO  ipc.Server (Server.java:run(1434)) - Stopping IPC Server listener on 15090
2024-01-29 07:43:07,557 [main] INFO  server.StorageContainerManager (StorageContainerManager.java:stop(1685)) - Stopping the StorageContainerLocationProtocol RPC server
2024-01-29 07:43:07,557 [main] INFO  server.SCMClientProtocolServer (SCMClientProtocolServer.java:stop(212)) - Stopping the RPC server for Client Protocol
2024-01-29 07:43:07,557 [main] INFO  ipc.Server (Server.java:stop(3523)) - Stopping server on 15089
2024-01-29 07:43:07,560 [IPC Server listener on 15089] INFO  ipc.Server (Server.java:run(1434)) - Stopping IPC Server listener on 15089
2024-01-29 07:43:07,560 [IPC Server Responder] INFO  ipc.Server (Server.java:run(1567)) - Stopping IPC Server Responder
2024-01-29 07:43:07,560 [main] INFO  server.StorageContainerManager (StorageContainerManager.java:stop(1692)) - Stopping Storage Container Manager HTTP server.
2024-01-29 07:43:07,562 [main] INFO  handler.ContextHandler (ContextHandler.java:doStop(1159)) - Stopped o.e.j.w.WebAppContext@70bbeb07{scm,/,null,STOPPED}{file:/home/runner/work/ozone/ozone/hadoop-ozone/integration-test/target/test-classes/webapps/scm}
2024-01-29 07:43:07,562 [main] INFO  server.AbstractConnector (AbstractConnector.java:doStop(383)) - Stopped ServerConnector@21033aa7{HTTP/1.1, (http/1.1)}{0.0.0.0:15092}
2024-01-29 07:43:07,563 [main] INFO  server.session (HouseKeeper.java:stopScavenging(149)) - node0 Stopped scavenging
2024-01-29 07:43:07,563 [main] INFO  handler.ContextHandler (ContextHandler.java:doStop(1159)) - Stopped o.e.j.s.ServletContextHandler@62cab120{static,/static,file:///home/runner/work/ozone/ozone/hadoop-ozone/integration-test/target/test-classes/webapps/static,STOPPED}
2024-01-29 07:43:07,563 [main] INFO  handler.ContextHandler (ContextHandler.java:doStop(1159)) - Stopped o.e.j.s.ServletContextHandler@1ab2c934{logs,/logs,file:///home/runner/work/ozone/ozone/hadoop-ozone/integration-test/target/log,STOPPED}
2024-01-29 07:43:07,564 [main] INFO  server.StorageContainerManager (StorageContainerManager.java:stop(1700)) - Stopping SCM LayoutVersionManager Service.
2024-01-29 07:43:07,564 [main] INFO  server.StorageContainerManager (StorageContainerManager.java:stop(1712)) - Stopping Block Manager Service.
2024-01-29 07:43:07,564 [main] INFO  utils.BackgroundService (BackgroundService.java:shutdown(160)) - Shutting down service SCMBlockDeletingService
2024-01-29 07:43:07,565 [main] INFO  utils.BackgroundService (BackgroundService.java:shutdown(160)) - Shutting down service SCMBlockDeletingService
2024-01-29 07:43:07,565 [main] INFO  server.StorageContainerManager (StorageContainerManager.java:stop(1732)) - Stopping SCM Event Queue.
2024-01-29 07:43:07,565 [JvmPauseMonitor11] INFO  util.JvmPauseMonitor (JvmPauseMonitor.java:run(152)) - JvmPauseMonitor-4cbe5469-3471-4b33-be09-15778eb33059: Stopped
2024-01-29 07:43:07,565 [main] INFO  server.StorageContainerManager (StorageContainerManager.java:stop(1743)) - Stopping SCM HA services.
2024-01-29 07:43:07,565 [main] INFO  pipeline.BackgroundPipelineCreator (BackgroundPipelineCreator.java:stop(152)) - Stopping RatisPipelineUtilsThread.
2024-01-29 07:43:07,566 [RatisPipelineUtilsThread-0] WARN  pipeline.BackgroundPipelineCreator (BackgroundPipelineCreator.java:run(183)) - RatisPipelineUtilsThread is interrupted.
2024-01-29 07:43:07,566 [main] INFO  BackgroundPipelineScrubber (BackgroundSCMService.java:stop(131)) - Stopping BackgroundPipelineScrubber Service.
2024-01-29 07:43:07,566 [BackgroundPipelineScrubber] WARN  BackgroundPipelineScrubber (BackgroundSCMService.java:run(115)) - BackgroundPipelineScrubber is interrupted, exit
2024-01-29 07:43:07,566 [main] INFO  impl.MetricsSystemImpl (MetricsSystemImpl.java:stop(210)) - Stopping HddsDatanode metrics system...
2024-01-29 07:43:07,567 [prometheus] INFO  impl.MetricsSinkAdapter (MetricsSinkAdapter.java:publishMetricsFromQueue(141)) - prometheus thread interrupted.
2024-01-29 07:43:07,567 [main] INFO  impl.MetricsSystemImpl (MetricsSystemImpl.java:stop(216)) - HddsDatanode metrics system stopped.
2024-01-29 07:43:07,568 [main] WARN  pipeline.BackgroundPipelineCreator (BackgroundPipelineCreator.java:stop(148)) - RatisPipelineUtilsThread is not running, just ignore.
2024-01-29 07:43:07,568 [main] INFO  BackgroundPipelineScrubber (BackgroundSCMService.java:stop(126)) - BackgroundPipelineScrubber Service is not running, skip stop.
2024-01-29 07:43:07,568 [main] INFO  ExpiredContainerReplicaOpScrubber (BackgroundSCMService.java:stop(131)) - Stopping ExpiredContainerReplicaOpScrubber Service.
2024-01-29 07:43:07,568 [ExpiredContainerReplicaOpScrubber] WARN  ExpiredContainerReplicaOpScrubber (BackgroundSCMService.java:run(115)) - ExpiredContainerReplicaOpScrubber is interrupted, exit
2024-01-29 07:43:07,568 [main] INFO  utils.BackgroundService (BackgroundService.java:shutdown(160)) - Shutting down service SCMBlockDeletingService
2024-01-29 07:43:07,568 [main] INFO  replication.ReplicationManager (ReplicationManager.java:stop(336)) - Replication Monitor Thread is not running.
2024-01-29 07:43:07,568 [main] WARN  balancer.ContainerBalancer (ContainerBalancer.java:stop(327)) - Cannot stop Container Balancer because it's not running or stopping
2024-01-29 07:43:07,569 [LeaseManager#LeaseMonitor] WARN  lease.LeaseManager (LeaseManager.java:run(287)) - Lease manager is interrupted. Shutting down...
java.lang.InterruptedException
	at java.util.concurrent.locks.AbstractQueuedSynchronizer.doAcquireSharedNanos(AbstractQueuedSynchronizer.java:1039)
	at java.util.concurrent.locks.AbstractQueuedSynchronizer.tryAcquireSharedNanos(AbstractQueuedSynchronizer.java:1328)
	at java.util.concurrent.Semaphore.tryAcquire(Semaphore.java:409)
	at org.apache.hadoop.ozone.lease.LeaseManager$LeaseMonitor.run(LeaseManager.java:285)
	at java.lang.Thread.run(Thread.java:750)
2024-01-29 07:43:07,569 [main] INFO  server.StorageContainerManager (StorageContainerManager.java:stop(1778)) - Stopping SCM MetadataStore.
]]></system-out>
    </flakyFailure>
    <flakyFailure type="java.lang.AssertionError">
      <stackTrace><![CDATA[java.lang.AssertionError: 

Expecting:
 <"org.apache.ratis.protocol.exceptions.RaftRetryFailureException: Failed RaftClientRequest:client-5A5A696846DC->9deec6a2-e137-4b51-9c1f-847336f03f34@group-B1678F363924, cid=82, seq=null, Watch-MAJORITY_COMMITTED(18), null for 3 attempts with RequestTypeDependentRetryPolicy{WRITE->ExceptionDependentRetry(maxAttempts=2147483647; defaultPolicy=MultipleLinearRandomRetry[5x5s, 5x10s, 5x15s, 5x20s, 5x25s, 10x60s]; map={org.apache.ratis.protocol.exceptions.GroupMismatchException->NoRetry, org.apache.ratis.protocol.exceptions.NotReplicatedException->NoRetry, org.apache.ratis.protocol.exceptions.ResourceUnavailableException->org.apache.ratis.retry.ExponentialBackoffRetry@6f6cbb00, org.apache.ratis.protocol.exceptions.StateMachineException->NoRetry, org.apache.ratis.protocol.exceptions.TimeoutIOException->org.apache.ratis.retry.ExponentialBackoffRetry@6f6cbb00}), WATCH->ExceptionDependentRetry(maxAttempts=2147483647; defaultPolicy=MultipleLinearRandomRetry[5x5s, 5x10s, 5x15s, 5x20s, 5x25s, 10x60s]; map={org.apache.ratis.protocol.exceptions.GroupMismatchException->NoRetry, org.apache.ratis.protocol.exceptions.NotReplicatedException->NoRetry, org.apache.ratis.protocol.exceptions.ResourceUnavailableException->org.apache.ratis.retry.ExponentialBackoffRetry@6f6cbb00, org.apache.ratis.protocol.exceptions.StateMachineException->NoRetry, org.apache.ratis.protocol.exceptions.TimeoutIOException->NoRetry})}">
not to contain:
 <"Watch-MAJORITY_COMMITTED">

	at org.apache.hadoop.ozone.client.rpc.TestWatchForCommit.testWatchForCommitForRetryfailure(TestWatchForCommit.java:295)
	at java.lang.reflect.Method.invoke(Method.java:498)
	at java.util.ArrayList.forEach(ArrayList.java:1259)
	at java.util.ArrayList.forEach(ArrayList.java:1259)
]]></stackTrace>
      <system-out><![CDATA[2024-01-29 07:43:59,157 [main] WARN  server.ServerUtils (ServerUtils.java:getScmDbDir(155)) - ozone.scm.db.dirs is not configured. We recommend adding this setting. Falling back to ozone.metadata.dirs instead.
2024-01-29 07:43:59,160 [main] WARN  server.ServerUtils (ServerUtils.java:getScmDbDir(155)) - ozone.scm.db.dirs is not configured. We recommend adding this setting. Falling back to ozone.metadata.dirs instead.
2024-01-29 07:43:59,160 [main] INFO  ha.SCMHANodeDetails (SCMHANodeDetails.java:loadSCMHAConfig(207)) - ServiceID for StorageContainerManager is null
2024-01-29 07:43:59,160 [main] INFO  ha.SCMHANodeDetails (SCMHANodeDetails.java:loadSCMHAConfig(212)) - ozone.scm.default.service.id is not defined, falling back to ozone.scm.service.ids to find serviceID for StorageContainerManager if it is HA enabled cluster
2024-01-29 07:43:59,161 [main] WARN  utils.HAUtils (HAUtils.java:getMetaDir(339)) - ozone.scm.db.dirs is not configured. We recommend adding this setting. Falling back to ozone.metadata.dirs instead.
2024-01-29 07:43:59,161 [main] WARN  db.DBStoreBuilder (DBStoreBuilder.java:applyDBDefinition(170)) - ozone.scm.db.dirs is not configured. We recommend adding this setting. Falling back to ozone.metadata.dirs instead.
2024-01-29 07:43:59,234 [main] INFO  net.NodeSchemaLoader (NodeSchemaLoader.java:loadSchemaFromFile(129)) - Loading schema from [jar:file:/home/runner/.m2/repository/org/apache/ozone/hdds-common/1.5.0-SNAPSHOT/hdds-common-1.5.0-SNAPSHOT.jar!/network-topology-default.xml]
2024-01-29 07:43:59,234 [main] INFO  net.NodeSchemaLoader (NodeSchemaLoader.java:loadSchema(176)) - Loading network topology layer schema file
2024-01-29 07:43:59,237 [main] INFO  upgrade.AbstractLayoutVersionManager (AbstractLayoutVersionManager.java:init(83)) - Initializing Layout version manager with metadata layout = HADOOP_PRC_PORTS_IN_DATANODEDETAILS (version = 7), software layout = HADOOP_PRC_PORTS_IN_DATANODEDETAILS (version = 7)
2024-01-29 07:43:59,239 [main] INFO  ha.SequenceIdGenerator (SequenceIdGenerator.java:upgradeToSequenceId(370)) - upgrade localId to 113750153625600000
2024-01-29 07:43:59,239 [main] INFO  ha.SequenceIdGenerator (SequenceIdGenerator.java:upgradeToSequenceId(380)) - upgrade delTxnId to 0
2024-01-29 07:43:59,240 [main] INFO  ha.SequenceIdGenerator (SequenceIdGenerator.java:upgradeToSequenceId(397)) - upgrade containerId to 0
2024-01-29 07:43:59,242 [main] INFO  ha.SequenceIdGenerator (SequenceIdGenerator.java:upgradeToCertificateSequenceId(444)) - upgrade CertificateId to 2
2024-01-29 07:43:59,242 [main] INFO  ha.SequenceIdGenerator (SequenceIdGenerator.java:<init>(241)) - Init the HA SequenceIdGenerator.
2024-01-29 07:43:59,242 [main] INFO  node.SCMNodeManager (SCMNodeManager.java:<init>(177)) - Entering startup safe mode.
2024-01-29 07:43:59,243 [main] INFO  algorithms.ContainerPlacementPolicyFactory (ContainerPlacementPolicyFactory.java:getPolicyInternal(86)) - Create container placement policy of type org.apache.hadoop.hdds.scm.container.placement.algorithms.SCMContainerPlacementRackAware
2024-01-29 07:43:59,243 [main] INFO  algorithms.ContainerPlacementPolicyFactory (ContainerPlacementPolicyFactory.java:getPolicyInternal(86)) - Create container placement policy of type org.apache.hadoop.hdds.scm.container.placement.algorithms.SCMContainerPlacementRackScatter
2024-01-29 07:43:59,243 [main] INFO  pipeline.PipelineStateManagerImpl (PipelineStateManagerImpl.java:initialize(78)) - No pipeline exists in current db
2024-01-29 07:43:59,244 [main] INFO  algorithms.LeaderChoosePolicyFactory (LeaderChoosePolicyFactory.java:getPolicy(57)) - Create leader choose policy of type org.apache.hadoop.hdds.scm.pipeline.leader.choose.algorithms.MinLeaderCountChoosePolicy
2024-01-29 07:43:59,244 [main] INFO  algorithms.ContainerPlacementPolicyFactory (ContainerPlacementPolicyFactory.java:getPolicyInternal(86)) - Create container placement policy of type org.apache.hadoop.hdds.scm.container.placement.algorithms.SCMContainerPlacementRackScatter
2024-01-29 07:43:59,244 [main] INFO  ha.SCMServiceManager (SCMServiceManager.java:register(42)) - Registering service BackgroundPipelineCreator.
2024-01-29 07:43:59,244 [main] INFO  pipeline.BackgroundPipelineCreator (BackgroundPipelineCreator.java:start(127)) - Starting RatisPipelineUtilsThread.
2024-01-29 07:43:59,244 [main] INFO  BackgroundPipelineScrubber (BackgroundSCMService.java:start(68)) - Starting BackgroundPipelineScrubber Service.
2024-01-29 07:43:59,245 [main] INFO  ha.SCMServiceManager (SCMServiceManager.java:register(42)) - Registering service BackgroundPipelineScrubber.
2024-01-29 07:43:59,245 [main] INFO  ExpiredContainerReplicaOpScrubber (BackgroundSCMService.java:start(68)) - Starting ExpiredContainerReplicaOpScrubber Service.
2024-01-29 07:43:59,245 [main] INFO  ha.SCMServiceManager (SCMServiceManager.java:register(42)) - Registering service ExpiredContainerReplicaOpScrubber.
2024-01-29 07:43:59,246 [main] INFO  algorithms.PipelineChoosePolicyFactory (PipelineChoosePolicyFactory.java:createPipelineChoosePolicyFromClass(80)) - Create pipeline choose policy of type org.apache.hadoop.hdds.scm.pipeline.choose.algorithms.RandomPipelineChoosePolicy
2024-01-29 07:43:59,246 [main] INFO  algorithms.PipelineChoosePolicyFactory (PipelineChoosePolicyFactory.java:createPipelineChoosePolicyFromClass(80)) - Create pipeline choose policy of type org.apache.hadoop.hdds.scm.pipeline.choose.algorithms.RandomPipelineChoosePolicy
2024-01-29 07:43:59,247 [main] INFO  ha.SCMServiceManager (SCMServiceManager.java:register(42)) - Registering service SCMBlockDeletingService.
2024-01-29 07:43:59,247 [main] INFO  replication.ReplicationManager (ReplicationManager.java:start(294)) - Starting Replication Monitor Thread.
2024-01-29 07:43:59,248 [ReplicationMonitor] INFO  replication.ReplicationManager (ReplicationManager.java:processAll(369)) - Replication Manager is not ready to run until 3000ms after safemode exit
2024-01-29 07:43:59,248 [main] INFO  ha.SCMServiceManager (SCMServiceManager.java:register(42)) - Registering service ReplicationManager.
2024-01-29 07:43:59,249 [main] INFO  safemode.ContainerSafeModeRule (ContainerSafeModeRule.java:<init>(91)) - containers with one replica threshold count 0
2024-01-29 07:43:59,249 [main] INFO  safemode.HealthyPipelineSafeModeRule (HealthyPipelineSafeModeRule.java:initializeRule(176)) - Total pipeline count is 0, healthy pipeline threshold count is 1
2024-01-29 07:43:59,249 [main] INFO  safemode.OneReplicaPipelineSafeModeRule (OneReplicaPipelineSafeModeRule.java:initializeRule(193)) - Total pipeline count is 0, pipeline's with at least one datanode reported threshold count is 0
2024-01-29 07:43:59,249 [main] INFO  server.StorageContainerManager (StorageContainerManager.java:<init>(440)) - SCM start with adminUsers: [runner]
2024-01-29 07:43:59,250 [main] INFO  ipc.CallQueueManager (CallQueueManager.java:<init>(90)) - Using callQueue: class java.util.concurrent.LinkedBlockingQueue, queueCapacity: 10000, scheduler: class org.apache.hadoop.ipc.DefaultRpcScheduler, ipcBackoff: false.
2024-01-29 07:43:59,250 [main] INFO  ipc.Server (Server.java:<init>(1287)) - Listener at 0.0.0.0:15358
2024-01-29 07:43:59,250 [Socket Reader #1 for port 15358] INFO  ipc.Server (Server.java:run(1323)) - Starting Socket Reader #1 for port 15358
2024-01-29 07:43:59,251 [main] INFO  ipc.CallQueueManager (CallQueueManager.java:<init>(90)) - Using callQueue: class java.util.concurrent.LinkedBlockingQueue, queueCapacity: 10000, scheduler: class org.apache.hadoop.ipc.DefaultRpcScheduler, ipcBackoff: false.
2024-01-29 07:43:59,251 [main] INFO  ipc.Server (Server.java:<init>(1287)) - Listener at 0.0.0.0:15357
2024-01-29 07:43:59,252 [Socket Reader #1 for port 15357] INFO  ipc.Server (Server.java:run(1323)) - Starting Socket Reader #1 for port 15357
2024-01-29 07:43:59,252 [main] INFO  ipc.CallQueueManager (CallQueueManager.java:<init>(90)) - Using callQueue: class java.util.concurrent.LinkedBlockingQueue, queueCapacity: 10000, scheduler: class org.apache.hadoop.ipc.DefaultRpcScheduler, ipcBackoff: false.
2024-01-29 07:43:59,252 [main] INFO  ipc.Server (Server.java:<init>(1287)) - Listener at 0.0.0.0:15356
2024-01-29 07:43:59,253 [Socket Reader #1 for port 15356] INFO  ipc.Server (Server.java:run(1323)) - Starting Socket Reader #1 for port 15356
2024-01-29 07:43:59,255 [main] INFO  ha.SCMServiceManager (SCMServiceManager.java:register(42)) - Registering service ContainerBalancer.
2024-01-29 07:43:59,255 [main] INFO  server.StorageContainerManager (StorageContainerManager.java:<init>(453)) - 
Container Balancer status:
Key                            Value
Running                        false
Container Balancer Configuration values:
Key                                                Value
Threshold                                          10
Max Datanodes to Involve per Iteration(percent)    20
Max Size to Move per Iteration                     500GB
Max Size Entering Target per Iteration             26GB
Max Size Leaving Source per Iteration              26GB
Number of Iterations                               10
Time Limit for Single Container's Movement         65min
Time Limit for Single Container's Replication      50min
Interval between each Iteration                    70min
Whether to Enable Network Topology                 false
Whether to Trigger Refresh Datanode Usage Info     false
Container IDs to Exclude from Balancing            None
Datanodes Specified to be Balanced                 None
Datanodes Excluded from Balancing                  None

2024-01-29 07:43:59,255 [main] INFO  ha.SCMContext (SCMContext.java:updateSafeModeStatus(230)) - Update SafeModeStatus from SafeModeStatus{safeModeStatus=true, preCheckPassed=false} to SafeModeStatus{safeModeStatus=true, preCheckPassed=false}.
2024-01-29 07:43:59,255 [main] INFO  server.StorageContainerManager (StorageContainerManager.java:start(1546)) - StorageContainerLocationProtocol RPC server is listening at /0.0.0.0:15356
2024-01-29 07:43:59,257 [main] WARN  impl.MetricsConfig (MetricsConfig.java:loadFirst(136)) - Cannot locate configuration: tried hadoop-metrics2-storagecontainermanager.properties,hadoop-metrics2.properties
2024-01-29 07:43:59,257 [main] INFO  impl.MetricsSystemImpl (MetricsSystemImpl.java:startTimer(378)) - Scheduled Metric snapshot period at 10 second(s).
2024-01-29 07:43:59,257 [main] INFO  impl.MetricsSystemImpl (MetricsSystemImpl.java:start(191)) - StorageContainerManager metrics system started
2024-01-29 07:43:59,275 [main] INFO  impl.MetricsSinkAdapter (MetricsSinkAdapter.java:start(204)) - Sink prometheus started
2024-01-29 07:43:59,275 [main] INFO  impl.MetricsSystemImpl (MetricsSystemImpl.java:registerSink(305)) - Registered sink prometheus
2024-01-29 07:43:59,289 [main] INFO  server.SCMClientProtocolServer (SCMClientProtocolServer.java:start(203)) - RPC server for Client  is listening at /0.0.0.0:15356
2024-01-29 07:43:59,289 [IPC Server Responder] INFO  ipc.Server (Server.java:run(1562)) - IPC Server Responder: starting
2024-01-29 07:43:59,300 [main] INFO  server.StorageContainerManager (StorageContainerManager.java:start(1559)) - ScmBlockLocationProtocol RPC server is listening at /0.0.0.0:15357
2024-01-29 07:43:59,300 [main] INFO  server.SCMBlockProtocolServer (SCMBlockProtocolServer.java:start(160)) - RPC server for Block Protocol is listening at /0.0.0.0:15357
2024-01-29 07:43:59,301 [IPC Server Responder] INFO  ipc.Server (Server.java:run(1562)) - IPC Server Responder: starting
2024-01-29 07:43:59,301 [IPC Server listener on 15357] INFO  ipc.Server (Server.java:run(1402)) - IPC Server listener on 15357: starting
2024-01-29 07:43:59,301 [IPC Server listener on 15356] INFO  ipc.Server (Server.java:run(1402)) - IPC Server listener on 15356: starting
2024-01-29 07:43:59,308 [main] INFO  server.SCMDatanodeProtocolServer (SCMDatanodeProtocolServer.java:start(194)) - ScmDatanodeProtocol RPC server for DataNodes is listening at /0.0.0.0:15358
2024-01-29 07:43:59,308 [IPC Server Responder] INFO  ipc.Server (Server.java:run(1562)) - IPC Server Responder: starting
2024-01-29 07:43:59,308 [IPC Server listener on 15358] INFO  ipc.Server (Server.java:run(1402)) - IPC Server listener on 15358: starting
2024-01-29 07:43:59,316 [JvmPauseMonitor44] INFO  util.JvmPauseMonitor (JvmPauseMonitor.java:run(146)) - JvmPauseMonitor-09207279-4412-40c5-8993-a38787535f89: Started
2024-01-29 07:43:59,316 [main] INFO  http.BaseHttpServer (BaseHttpServer.java:newHttpServer2BuilderForOzone(223)) - Starting Web-server for scm at: http://0.0.0.0:15359
2024-01-29 07:43:59,317 [main] INFO  http.BaseHttpServer (BaseHttpServer.java:<init>(110)) - Hadoop Security Enabled: false Ozone Security Enabled: false Ozone HTTP Security Enabled: false 
2024-01-29 07:43:59,316 [timer5] WARN  server.GrpcLogAppender (LogUtils.java:warn(121)) - e834a924-5ea9-496a-80ec-05127f3031fc@group-CEF2B2C33600->29a34cb2-c66e-4f5e-9914-9c5a42c054d0-AppendLogResponseHandler: Failed appendEntries (Repeated 2 times in the last 5.002s): org.apache.ratis.thirdparty.io.grpc.StatusRuntimeException: UNAVAILABLE: io exception
2024-01-29 07:43:59,318 [main] WARN  server.AuthenticationFilter (AuthenticationFilter.java:constructSecretProvider(240)) - Unable to initialize FileSignerSecretProvider, falling back to use random secrets. Reason: Could not read signature secret file: /home/runner/hadoop-http-auth-signature-secret
2024-01-29 07:43:59,318 [main] INFO  http.HttpRequestLog (HttpRequestLog.java:getRequestLog(86)) - Http request log for http.requests.scm is not defined
2024-01-29 07:43:59,319 [main] INFO  http.HttpServer2 (HttpServer2.java:addGlobalFilter(1036)) - Added global filter 'safety' (class=org.apache.hadoop.hdds.server.http.HttpServer2$QuotingInputFilter)
2024-01-29 07:43:59,319 [main] INFO  http.HttpServer2 (HttpServer2.java:addFilter(1012)) - Added filter static_user_filter (class=org.apache.hadoop.http.lib.StaticUserWebFilter$StaticUserFilter) to context scm
2024-01-29 07:43:59,319 [main] INFO  http.HttpServer2 (HttpServer2.java:addFilter(1020)) - Added filter static_user_filter (class=org.apache.hadoop.http.lib.StaticUserWebFilter$StaticUserFilter) to context logs
2024-01-29 07:43:59,319 [main] INFO  http.HttpServer2 (HttpServer2.java:addFilter(1020)) - Added filter static_user_filter (class=org.apache.hadoop.http.lib.StaticUserWebFilter$StaticUserFilter) to context static
2024-01-29 07:43:59,320 [main] INFO  http.BaseHttpServer (BaseHttpServer.java:<init>(189)) - HTTP server of scm uses base directory /home/runner/work/ozone/ozone/hadoop-ozone/integration-test/target/test-dir/MiniOzoneClusterImpl-4c098651-5741-4b11-9e36-c6ca8da28866/ozone-meta/webserver
2024-01-29 07:43:59,320 [main] INFO  http.HttpServer2 (HttpServer2.java:bindListener(1236)) - Jetty bound to port 15359
2024-01-29 07:43:59,320 [main] INFO  server.Server (Server.java:doStart(375)) - jetty-9.4.53.v20231009; built: 2023-10-09T12:29:09.265Z; git: 27bde00a0b95a1d5bbee0eae7984f891d2d0f8c9; jvm 1.8.0_392-b08
2024-01-29 07:43:59,321 [main] INFO  server.session (DefaultSessionIdManager.java:doStart(334)) - DefaultSessionIdManager workerName=node0
2024-01-29 07:43:59,321 [main] INFO  server.session (DefaultSessionIdManager.java:doStart(339)) - No SessionScavenger set, using defaults
2024-01-29 07:43:59,321 [main] INFO  server.session (HouseKeeper.java:startScavenging(132)) - node0 Scavenging every 600000ms
2024-01-29 07:43:59,322 [main] INFO  handler.ContextHandler (ContextHandler.java:doStart(921)) - Started o.e.j.s.ServletContextHandler@162903a0{logs,/logs,file:///home/runner/work/ozone/ozone/hadoop-ozone/integration-test/target/log,AVAILABLE}
2024-01-29 07:43:59,322 [main] INFO  handler.ContextHandler (ContextHandler.java:doStart(921)) - Started o.e.j.s.ServletContextHandler@4d6162af{static,/static,file:///home/runner/work/ozone/ozone/hadoop-ozone/integration-test/target/test-classes/webapps/static,AVAILABLE}
2024-01-29 07:43:59,324 [main] INFO  handler.ContextHandler (ContextHandler.java:doStart(921)) - Started o.e.j.w.WebAppContext@6f896bd4{scm,/,file:///home/runner/work/ozone/ozone/hadoop-ozone/integration-test/target/test-classes/webapps/scm/,AVAILABLE}{file:/home/runner/work/ozone/ozone/hadoop-ozone/integration-test/target/test-classes/webapps/scm}
2024-01-29 07:43:59,326 [main] INFO  server.AbstractConnector (AbstractConnector.java:doStart(333)) - Started ServerConnector@c10d05b{HTTP/1.1, (http/1.1)}{0.0.0.0:15359}
2024-01-29 07:43:59,326 [main] INFO  server.Server (Server.java:doStart(415)) - Started @133431ms
2024-01-29 07:43:59,326 [main] WARN  impl.MetricsSystemImpl (MetricsSystemImpl.java:register(279)) - Sink prometheus already exists!
2024-01-29 07:43:59,327 [main] INFO  http.BaseHttpServer (BaseHttpServer.java:updateConnectorAddress(354)) - HTTP server of scm listening at http://0.0.0.0:15359
2024-01-29 07:43:59,327 [main] WARN  server.ServerUtils (ServerUtils.java:getDBPath(311)) - ozone.om.db.dirs is not configured. We recommend adding this setting. Falling back to ozone.metadata.dirs instead.
2024-01-29 07:43:59,328 [main] INFO  ha.OMHANodeDetails (OMHANodeDetails.java:loadOMHAConfig(115)) - ozone.om.internal.service.id is not defined, falling back to ozone.om.service.ids to find serviceID for OzoneManager if it is HA enabled cluster
2024-01-29 07:43:59,328 [main] INFO  ha.OMHANodeDetails (OMHANodeDetails.java:loadOMHAConfig(226)) - Configuration does not have ozone.om.address set. Falling back to the default OM address /127.0.0.1:15360
2024-01-29 07:43:59,328 [main] INFO  ha.OMHANodeDetails (OMHANodeDetails.java:getOMNodeDetailsForNonHA(254)) - OM Service ID is not set. Setting it to the default ID: omServiceIdDefault
2024-01-29 07:43:59,329 [main] INFO  ha.OMHANodeDetails (OMHANodeDetails.java:getOMNodeDetailsForNonHA(261)) - OM Node ID is not set. Setting it to the default ID: om1
2024-01-29 07:43:59,329 [main] WARN  server.ServerUtils (ServerUtils.java:getDBPath(311)) - ozone.om.db.dirs is not configured. We recommend adding this setting. Falling back to ozone.metadata.dirs instead.
2024-01-29 07:43:59,329 [main] INFO  upgrade.AbstractLayoutVersionManager (AbstractLayoutVersionManager.java:init(83)) - Initializing Layout version manager with metadata layout = QUOTA (version = 6), software layout = QUOTA (version = 6)
2024-01-29 07:43:59,365 [main] INFO  upgrade.OMLayoutVersionManager (OMLayoutVersionManager.java:lambda$0(113)) - Skipping Upgrade Action QuotaRepairUpgradeAction since it has been finalized.
2024-01-29 07:43:59,365 [main] INFO  upgrade.OMLayoutVersionManager (OMLayoutVersionManager.java:lambda$0(113)) - Skipping Upgrade Action MockOmUpgradeAction since it has been finalized.
2024-01-29 07:43:59,365 [main] WARN  server.ServerUtils (ServerUtils.java:getDBPath(311)) - ozone.om.db.dirs is not configured. We recommend adding this setting. Falling back to ozone.metadata.dirs instead.
2024-01-29 07:43:59,366 [main] INFO  proxy.SCMBlockLocationFailoverProxyProvider (SCMBlockLocationFailoverProxyProvider.java:<init>(115)) - Created block location fail-over proxy with 1 nodes: [nodeId=scmNodeId,nodeAddress=/0.0.0.0:15357]
2024-01-29 07:43:59,367 [main] INFO  proxy.SCMBlockLocationFailoverProxyProvider (SCMBlockLocationFailoverProxyProvider.java:<init>(115)) - Created block location fail-over proxy with 1 nodes: [nodeId=scmNodeId,nodeAddress=/0.0.0.0:15357]
2024-01-29 07:43:59,373 [main] INFO  om.OzoneManager (OzoneManager.java:<init>(673)) - OM start with adminUsers: [runner]
2024-01-29 07:43:59,374 [main] WARN  server.ServerUtils (ServerUtils.java:getDBPath(311)) - ozone.om.db.dirs is not configured. We recommend adding this setting. Falling back to ozone.metadata.dirs instead.
2024-01-29 07:43:59,375 [main] INFO  helpers.OmKeyInfo (OmKeyInfo.java:getCodec(71)) - OmKeyInfo.getCodec ignorePipeline = true
2024-01-29 07:43:59,530 [main] INFO  om.OzoneManager (OzoneManager.java:instantiateServices(805)) - S3 Multi-Tenancy is disabled
2024-01-29 07:43:59,530 [main] INFO  om.OmSnapshotManager (OmSnapshotManager.java:<init>(176)) - Ozone filesystem snapshot feature is enabled.
2024-01-29 07:43:59,531 [main] WARN  server.ServerUtils (ServerUtils.java:getDBPath(311)) - ozone.om.snapshot.diff.db.dir is not configured. We recommend adding this setting. Falling back to ozone.metadata.dirs instead.
2024-01-29 07:43:59,546 [main] INFO  utils.NativeLibraryLoader (NativeLibraryLoader.java:loadLibrary(108)) - Loading Library: ozone_rocksdb_tools
2024-01-29 07:43:59,546 [main] INFO  snapshot.SnapshotDiffManager (SnapshotDiffManager.java:closeExecutorService(1688)) - Shutting down executorService: 'SstDumpToolExecutor'
2024-01-29 07:43:59,549 [main] INFO  om.OzoneManager (OzoneManager.java:addS3GVolumeToDB(4429)) - Created Volume s3v With Owner runner required for S3Gateway operations.
2024-01-29 07:43:59,549 [main] WARN  server.ServerUtils (ServerUtils.java:getDefaultRatisDirectory(323)) - Storage directory for Ratis is not configured. It is a good idea to map this to an SSD disk. Falling back to ozone.metadata.dirs
2024-01-29 07:43:59,550 [main] WARN  utils.OzoneManagerRatisUtils (OzoneManagerRatisUtils.java:getOMRatisSnapshotDirectory(473)) - ozone.om.ratis.snapshot.dir is not configured. Falling back to ozone.metadata.dirs config
2024-01-29 07:43:59,550 [main] WARN  server.ServerUtils (ServerUtils.java:getDefaultRatisDirectory(323)) - Storage directory for Ratis is not configured. It is a good idea to map this to an SSD disk. Falling back to ozone.metadata.dirs
2024-01-29 07:43:59,551 [main] INFO  ratis.OzoneManagerRatisServer (OzoneManagerRatisServer.java:<init>(167)) - Instantiating OM Ratis server with groupID: omServiceIdDefault and peers: localhost:15363
2024-01-29 07:43:59,552 [main] INFO  ratis.OzoneManagerStateMachine (OzoneManagerStateMachine.java:loadSnapshotInfoFromDB(576)) - TransactionInfo not found in OM DB.
2024-01-29 07:43:59,552 [main] INFO  server.RaftServer (ConfUtils.java:logGet(46)) - raft.rpc.type = GRPC (default)
2024-01-29 07:43:59,553 [main] INFO  grpc.GrpcConfigKeys (ConfUtils.java:logFallback(53)) - raft.grpc.admin.host = null (fallback to raft.grpc.server.host)
2024-01-29 07:43:59,553 [main] INFO  grpc.GrpcConfigKeys (ConfUtils.java:logFallback(53)) - raft.grpc.admin.port = 15363 (fallback to raft.grpc.server.port)
2024-01-29 07:43:59,553 [main] INFO  grpc.GrpcConfigKeys (ConfUtils.java:logFallback(53)) - raft.grpc.client.host = null (fallback to raft.grpc.server.host)
2024-01-29 07:43:59,553 [main] INFO  grpc.GrpcConfigKeys (ConfUtils.java:logFallback(53)) - raft.grpc.client.port = 15363 (fallback to raft.grpc.server.port)
2024-01-29 07:43:59,553 [main] INFO  grpc.GrpcConfigKeys (ConfUtils.java:logGet(46)) - raft.grpc.server.host = null (default)
2024-01-29 07:43:59,554 [main] INFO  grpc.GrpcConfigKeys (ConfUtils.java:logGet(46)) - raft.grpc.server.port = 15363 (custom)
2024-01-29 07:43:59,554 [main] INFO  server.GrpcService (ConfUtils.java:logGet(46)) - raft.grpc.message.size.max = 4194304 (custom)
2024-01-29 07:43:59,554 [main] INFO  server.RaftServerConfigKeys (ConfUtils.java:logGet(46)) - raft.server.log.appender.buffer.byte-limit = 4194304 (custom)
2024-01-29 07:43:59,554 [main] INFO  server.GrpcService (ConfUtils.java:logGet(46)) - raft.grpc.flow.control.window = 1MB (=1048576) (default)
2024-01-29 07:43:59,554 [main] INFO  server.RaftServerConfigKeys (ConfUtils.java:logGet(46)) - raft.server.rpc.request.timeout = 3000ms (default)
2024-01-29 07:43:59,554 [main] INFO  grpc.GrpcConfigKeys (ConfUtils.java:logGet(46)) - raft.grpc.server.heartbeat.channel = true (default)
2024-01-29 07:43:59,555 [main] INFO  grpc.GrpcConfigKeys (ConfUtils.java:logGet(46)) - raft.grpc.server.async.request.thread.pool.cached = true (default)
2024-01-29 07:43:59,555 [main] INFO  grpc.GrpcConfigKeys (ConfUtils.java:logGet(46)) - raft.grpc.server.async.request.thread.pool.size = 32 (default)
2024-01-29 07:43:59,556 [main] INFO  impl.DataStreamServerImpl (ConfUtils.java:logGet(46)) - raft.datastream.type = DISABLED (default)
2024-01-29 07:43:59,556 [main] INFO  server.RaftServerConfigKeys (ConfUtils.java:logGet(46)) - raft.server.sleep.deviation.threshold = 300ms (default)
2024-01-29 07:43:59,557 [main] INFO  server.RaftServerConfigKeys (ConfUtils.java:logGet(46)) - raft.server.close.threshold = 60s (default)
2024-01-29 07:43:59,557 [main] INFO  server.RaftServerConfigKeys (ConfUtils.java:logGet(46)) - raft.server.leaderelection.leader.step-down.wait-time = 10s (default)
2024-01-29 07:43:59,557 [main] INFO  server.RaftServerConfigKeys (ConfUtils.java:logGet(46)) - raft.server.storage.dir = [/home/runner/work/ozone/ozone/hadoop-ozone/integration-test/target/test-dir/MiniOzoneClusterImpl-4c098651-5741-4b11-9e36-c6ca8da28866/ozone-meta/ratis] (custom)
2024-01-29 07:43:59,557 [main] INFO  server.RaftServerConfigKeys (ConfUtils.java:logGet(46)) - raft.server.threadpool.proxy.cached = true (default)
2024-01-29 07:43:59,557 [main] INFO  server.RaftServerConfigKeys (ConfUtils.java:logGet(46)) - raft.server.threadpool.proxy.size = 0 (default)
2024-01-29 07:43:59,560 [main] INFO  server.RaftServer (RaftServerProxy.java:addNew(100)) - om1: addNew group-C5BA1605619E:[om1|localhost:15363] returns group-C5BA1605619E:java.util.concurrent.CompletableFuture@38bcf0d3[Not completed]
2024-01-29 07:43:59,560 [main] INFO  om.OzoneManager (OzoneManager.java:initializeRatisServer(2141)) - OzoneManager Ratis server initialized at port 15363
2024-01-29 07:43:59,560 [main] INFO  om.OzoneManager (OzoneManager.java:getRpcServer(1207)) - Creating RPC Server
2024-01-29 07:43:59,560 [om1-groupManagement] INFO  server.RaftServer$Division (RaftServerImpl.java:<init>(256)) - om1: new RaftServerImpl for group-C5BA1605619E:[om1|localhost:15363] with OzoneManagerStateMachine:uninitialized
2024-01-29 07:43:59,561 [om1-groupManagement] INFO  server.RaftServerConfigKeys (ConfUtils.java:logGet(46)) - raft.server.rpc.timeout.min = 1s (custom)
2024-01-29 07:43:59,561 [om1-groupManagement] INFO  server.RaftServerConfigKeys (ConfUtils.java:logGet(46)) - raft.server.rpc.timeout.max = 1200ms (custom)
2024-01-29 07:43:59,561 [om1-groupManagement] INFO  server.RaftServerConfigKeys (ConfUtils.java:logGet(46)) - raft.server.rpc.sleep.time = 25ms (default)
2024-01-29 07:43:59,562 [om1-groupManagement] INFO  server.RaftServerConfigKeys (ConfUtils.java:logGet(46)) - raft.server.rpc.slowness.timeout = 120s (custom)
2024-01-29 07:43:59,562 [om1-groupManagement] INFO  server.RaftServerConfigKeys (ConfUtils.java:logGet(46)) - raft.server.leaderelection.leader.step-down.wait-time = 10s (default)
2024-01-29 07:43:59,562 [om1-groupManagement] INFO  server.RaftServerConfigKeys (ConfUtils.java:logGet(46)) - raft.server.leaderelection.member.majority-add = false (default)
2024-01-29 07:43:59,562 [om1-groupManagement] INFO  server.RaftServerConfigKeys (ConfUtils.java:logGet(46)) - raft.server.sleep.deviation.threshold = 300ms (default)
2024-01-29 07:43:59,562 [om1-groupManagement] INFO  server.RaftServer$Division (ServerState.java:<init>(113)) - om1@group-C5BA1605619E: ConfigurationManager, init=-1: peers:[om1|localhost:15363]|listeners:[], old=null, confs=<EMPTY_MAP>
2024-01-29 07:43:59,562 [om1-groupManagement] INFO  server.RaftServerConfigKeys (ConfUtils.java:logGet(46)) - raft.server.notification.no-leader.timeout = 120s (custom)
2024-01-29 07:43:59,562 [om1-groupManagement] INFO  server.RaftServerConfigKeys (ConfUtils.java:logGet(46)) - raft.server.read.timeout = 10s (default)
2024-01-29 07:43:59,562 [om1-groupManagement] INFO  server.RaftServerConfigKeys (ConfUtils.java:logGet(46)) - raft.server.retrycache.expirytime = 300s (custom)
2024-01-29 07:43:59,562 [om1-groupManagement] INFO  server.RaftServerConfigKeys (ConfUtils.java:logGet(46)) - raft.server.retrycache.statistics.expirytime = 100ms (default)
2024-01-29 07:43:59,562 [om1-groupManagement] INFO  server.RaftServerConfigKeys (ConfUtils.java:logGet(46)) - raft.server.read.option = DEFAULT (default)
2024-01-29 07:43:59,562 [om1-groupManagement] INFO  server.RaftServerConfigKeys (ConfUtils.java:logGet(46)) - raft.server.read.read-after-write-consistent.write-index-cache.expiry-time = 60s (default)
2024-01-29 07:43:59,563 [om1-groupManagement] INFO  server.RaftServerConfigKeys (ConfUtils.java:logGet(46)) - raft.server.rpc.request.timeout = 3000ms (default)
2024-01-29 07:43:59,563 [om1-groupManagement] INFO  server.RaftServerConfigKeys (ConfUtils.java:logGet(46)) - raft.server.log.appender.install.snapshot.enabled = false (custom)
2024-01-29 07:43:59,563 [om1-groupManagement] INFO  server.RaftServerConfigKeys (ConfUtils.java:logGet(46)) - raft.server.threadpool.server.cached = true (default)
2024-01-29 07:43:59,563 [om1-groupManagement] INFO  server.RaftServerConfigKeys (ConfUtils.java:logGet(46)) - raft.server.threadpool.server.size = 0 (default)
2024-01-29 07:43:59,563 [om1-groupManagement] INFO  server.RaftServerConfigKeys (ConfUtils.java:logGet(46)) - raft.server.threadpool.client.cached = true (default)
2024-01-29 07:43:59,563 [om1-groupManagement] INFO  server.RaftServerConfigKeys (ConfUtils.java:logGet(46)) - raft.server.threadpool.client.size = 0 (default)
2024-01-29 07:43:59,757 [main] INFO  ipc.CallQueueManager (CallQueueManager.java:<init>(90)) - Using callQueue: class java.util.concurrent.LinkedBlockingQueue, queueCapacity: 2000, scheduler: class org.apache.hadoop.ipc.DefaultRpcScheduler, ipcBackoff: false.
2024-01-29 07:43:59,757 [main] INFO  ipc.Server (Server.java:<init>(1287)) - Listener at 127.0.0.1:15360
2024-01-29 07:43:59,758 [Socket Reader #1 for port 15360] INFO  ipc.Server (Server.java:run(1323)) - Starting Socket Reader #1 for port 15360
2024-01-29 07:43:59,772 [main] INFO  impl.MetricsSystemImpl (MetricsSystemImpl.java:init(158)) - OzoneManager metrics system started (again)
2024-01-29 07:43:59,780 [main] INFO  om.OzoneManager (OzoneManager.java:start(1629)) - OzoneManager RPC server is listening at localhost/127.0.0.1:15360
2024-01-29 07:43:59,781 [main] INFO  ratis.OzoneManagerRatisServer (OzoneManagerRatisServer.java:start(588)) - Starting OzoneManagerRatisServer om1 at port 15363
2024-01-29 07:43:59,781 [om1-impl-thread1] INFO  server.RaftServerConfigKeys (ConfUtils.java:logGet(46)) - raft.server.storage.free-space.min = 0MB (=0) (default)
2024-01-29 07:43:59,781 [om1-impl-thread1] INFO  server.RaftServerConfigKeys (ConfUtils.java:logGet(46)) - raft.server.log.corruption.policy = EXCEPTION (default)
2024-01-29 07:43:59,781 [om1-impl-thread1] INFO  server.RaftServerConfigKeys (ConfUtils.java:logGet(46)) - raft.server.storage.dir = [/home/runner/work/ozone/ozone/hadoop-ozone/integration-test/target/test-dir/MiniOzoneClusterImpl-4c098651-5741-4b11-9e36-c6ca8da28866/ozone-meta/ratis] (custom)
2024-01-29 07:43:59,781 [om1-impl-thread1] INFO  storage.RaftStorageDirectory (RaftStorageDirectoryImpl.java:analyzeStorage(138)) - The storage directory /home/runner/work/ozone/ozone/hadoop-ozone/integration-test/target/test-dir/MiniOzoneClusterImpl-4c098651-5741-4b11-9e36-c6ca8da28866/ozone-meta/ratis/bf265839-605b-3f16-9796-c5ba1605619e does not exist. Creating ...
2024-01-29 07:43:59,782 [om1-impl-thread1] INFO  storage.RaftStorageDirectory (RaftStorageDirectoryImpl.java:tryLock(228)) - Lock on /home/runner/work/ozone/ozone/hadoop-ozone/integration-test/target/test-dir/MiniOzoneClusterImpl-4c098651-5741-4b11-9e36-c6ca8da28866/ozone-meta/ratis/bf265839-605b-3f16-9796-c5ba1605619e/in_use.lock acquired by nodename 37616@fv-az571-724
2024-01-29 07:43:59,783 [om1-impl-thread1] INFO  storage.RaftStorage (RaftStorageImpl.java:format(99)) - Storage directory /home/runner/work/ozone/ozone/hadoop-ozone/integration-test/target/test-dir/MiniOzoneClusterImpl-4c098651-5741-4b11-9e36-c6ca8da28866/ozone-meta/ratis/bf265839-605b-3f16-9796-c5ba1605619e has been successfully formatted.
2024-01-29 07:43:59,783 [om1-impl-thread1] WARN  util.FileUtils (LogUtils.java:supplyAndLog(63)) - Failed to Files.newInputStream /home/runner/work/ozone/ozone/hadoop-ozone/integration-test/target/test-dir/MiniOzoneClusterImpl-4c098651-5741-4b11-9e36-c6ca8da28866/ozone-meta/ratis/bf265839-605b-3f16-9796-c5ba1605619e/current/raft-meta.conf with options []: java.nio.file.NoSuchFileException: /home/runner/work/ozone/ozone/hadoop-ozone/integration-test/target/test-dir/MiniOzoneClusterImpl-4c098651-5741-4b11-9e36-c6ca8da28866/ozone-meta/ratis/bf265839-605b-3f16-9796-c5ba1605619e/current/raft-meta.conf
2024-01-29 07:43:59,784 [om1-impl-thread1] INFO  server.RaftServerConfigKeys (ConfUtils.java:logGet(46)) - raft.server.log.use.memory = false (default)
2024-01-29 07:43:59,784 [om1-impl-thread1] INFO  server.RaftServerConfigKeys (ConfUtils.java:logGet(46)) - raft.server.log.purge.gap = 1000000 (custom)
2024-01-29 07:43:59,784 [om1-impl-thread1] INFO  server.RaftServerConfigKeys (ConfUtils.java:logGet(46)) - raft.server.log.appender.buffer.byte-limit = 4194304 (custom)
2024-01-29 07:43:59,784 [om1-impl-thread1] INFO  server.RaftServerConfigKeys (ConfUtils.java:logGet(46)) - raft.server.log.statemachine.data.read.timeout = 1000ms (default)
2024-01-29 07:43:59,784 [om1-impl-thread1] INFO  server.RaftServerConfigKeys (ConfUtils.java:logGet(46)) - raft.server.log.purge.preservation.log.num = 0 (default)
2024-01-29 07:43:59,784 [om1-impl-thread1] INFO  server.RaftServerConfigKeys (ConfUtils.java:logGet(46)) - raft.server.log.segment.size.max = 4194304 (custom)
2024-01-29 07:43:59,784 [om1-impl-thread1] INFO  server.RaftServerConfigKeys (ConfUtils.java:logGet(46)) - raft.server.log.segment.cache.num.max = 2 (custom)
2024-01-29 07:43:59,784 [om1-impl-thread1] INFO  server.RaftServerConfigKeys (ConfUtils.java:logGet(46)) - raft.server.log.segment.cache.size.max = 200MB (=209715200) (default)
2024-01-29 07:43:59,785 [om1-impl-thread1] INFO  server.RaftServerConfigKeys (ConfUtils.java:logGet(46)) - raft.server.log.appender.buffer.byte-limit = 4194304 (custom)
2024-01-29 07:43:59,785 [om1-impl-thread1] INFO  util.AwaitToRun (AwaitToRun.java:start(81)) - Thread[om1@group-C5BA1605619E-cacheEviction-AwaitToRun,5,main] started
2024-01-29 07:43:59,785 [om1-impl-thread1] INFO  segmented.SegmentedRaftLogWorker (SegmentedRaftLogWorker.java:<init>(182)) - new om1@group-C5BA1605619E-SegmentedRaftLogWorker for RaftStorageImpl:Storage Directory /home/runner/work/ozone/ozone/hadoop-ozone/integration-test/target/test-dir/MiniOzoneClusterImpl-4c098651-5741-4b11-9e36-c6ca8da28866/ozone-meta/ratis/bf265839-605b-3f16-9796-c5ba1605619e
2024-01-29 07:43:59,785 [om1-impl-thread1] INFO  server.RaftServerConfigKeys (ConfUtils.java:logGet(46)) - raft.server.log.queue.byte-limit = 64MB (=67108864) (default)
2024-01-29 07:43:59,785 [om1-impl-thread1] INFO  server.RaftServerConfigKeys (ConfUtils.java:logGet(46)) - raft.server.log.queue.element-limit = 4096 (default)
2024-01-29 07:43:59,785 [om1-impl-thread1] INFO  server.RaftServerConfigKeys (ConfUtils.java:logGet(46)) - raft.server.log.segment.size.max = 4194304 (custom)
2024-01-29 07:43:59,785 [om1-impl-thread1] INFO  server.RaftServerConfigKeys (ConfUtils.java:logGet(46)) - raft.server.log.preallocated.size = 4194304 (custom)
2024-01-29 07:43:59,785 [om1-impl-thread1] INFO  server.RaftServerConfigKeys (ConfUtils.java:logGet(46)) - raft.server.log.force.sync.num = 128 (default)
2024-01-29 07:43:59,785 [om1-impl-thread1] INFO  server.RaftServerConfigKeys (ConfUtils.java:logGet(46)) - raft.server.log.statemachine.data.sync = true (default)
2024-01-29 07:43:59,785 [om1-impl-thread1] INFO  server.RaftServerConfigKeys (ConfUtils.java:logGet(46)) - raft.server.log.statemachine.data.sync.timeout = 10s (default)
2024-01-29 07:43:59,785 [om1-impl-thread1] INFO  server.RaftServerConfigKeys (ConfUtils.java:logGet(46)) - raft.server.log.statemachine.data.sync.timeout.retry = -1 (default)
2024-01-29 07:43:59,785 [om1-impl-thread1] INFO  server.RaftServerConfigKeys (ConfUtils.java:logGet(46)) - raft.server.log.write.buffer.size = 4194312 (custom)
2024-01-29 07:43:59,786 [om1-impl-thread1] INFO  server.RaftServerConfigKeys (ConfUtils.java:logGet(46)) - raft.server.log.appender.buffer.byte-limit = 4194304 (custom)
2024-01-29 07:43:59,787 [om1-impl-thread1] INFO  server.RaftServerConfigKeys (ConfUtils.java:logGet(46)) - raft.server.log.unsafe-flush.enabled = false (default)
2024-01-29 07:43:59,787 [om1-impl-thread1] INFO  server.RaftServerConfigKeys (ConfUtils.java:logGet(46)) - raft.server.log.async-flush.enabled = false (default)
2024-01-29 07:43:59,787 [om1-impl-thread1] INFO  server.RaftServerConfigKeys (ConfUtils.java:logGet(46)) - raft.server.log.statemachine.data.caching.enabled = false (default)
2024-01-29 07:43:59,787 [om1-impl-thread1] INFO  segmented.SegmentedRaftLogWorker (SegmentedRaftLogWorker.java:lambda$new$0(134)) - om1@group-C5BA1605619E-SegmentedRaftLogWorker: flushIndex: setUnconditionally 0 -> -1
2024-01-29 07:43:59,787 [om1-impl-thread1] INFO  segmented.SegmentedRaftLogWorker (SegmentedRaftLogWorker.java:lambda$new$0(134)) - om1@group-C5BA1605619E-SegmentedRaftLogWorker: safeCacheEvictIndex: setUnconditionally 0 -> -1
2024-01-29 07:43:59,787 [om1-impl-thread1] INFO  server.RaftServer$Division (RaftServerImpl.java:start(396)) - om1@group-C5BA1605619E: start as a follower, conf=-1: peers:[om1|localhost:15363]|listeners:[], old=null
2024-01-29 07:43:59,787 [om1-impl-thread1] INFO  server.RaftServer$Division (RaftServerImpl.java:setRole(383)) - om1@group-C5BA1605619E: changes role from      null to FOLLOWER at term 0 for startAsFollower
2024-01-29 07:43:59,787 [om1-impl-thread1] INFO  impl.RoleInfo (RoleInfo.java:updateAndGet(139)) - om1: start om1@group-C5BA1605619E-FollowerState
2024-01-29 07:43:59,787 [om1-impl-thread1] INFO  util.JmxRegister (JmxRegister.java:tryRegister(44)) - Successfully registered JMX Bean with object name Ratis:service=RaftServer,group=group-C5BA1605619E,id=om1
2024-01-29 07:43:59,787 [om1@group-C5BA1605619E-FollowerState] INFO  server.RaftServerConfigKeys (ConfUtils.java:logFallback(53)) - raft.server.rpc.first-election.timeout.min = 1s (fallback to raft.server.rpc.timeout.min)
2024-01-29 07:43:59,787 [om1-impl-thread1] INFO  server.RaftServerConfigKeys (ConfUtils.java:logGet(46)) - raft.server.snapshot.trigger-when-stop.enabled = true (default)
2024-01-29 07:43:59,787 [om1@group-C5BA1605619E-FollowerState] INFO  server.RaftServerConfigKeys (ConfUtils.java:logFallback(53)) - raft.server.rpc.first-election.timeout.max = 1200ms (fallback to raft.server.rpc.timeout.max)
2024-01-29 07:43:59,788 [om1-impl-thread1] INFO  server.RaftServerConfigKeys (ConfUtils.java:logGet(46)) - raft.server.snapshot.auto.trigger.enabled = true (custom)
2024-01-29 07:43:59,788 [om1-impl-thread1] INFO  server.RaftServerConfigKeys (ConfUtils.java:logGet(46)) - raft.server.snapshot.auto.trigger.threshold = 400000 (default)
2024-01-29 07:43:59,788 [om1-impl-thread1] INFO  server.RaftServerConfigKeys (ConfUtils.java:logGet(46)) - raft.server.snapshot.retention.file.num = -1 (default)
2024-01-29 07:43:59,788 [om1-impl-thread1] INFO  server.RaftServerConfigKeys (ConfUtils.java:logGet(46)) - raft.server.log.purge.upto.snapshot.index = true (custom)
2024-01-29 07:43:59,788 [main] INFO  server.RaftServer (RaftServerProxy.java:startImpl(406)) - om1: start RPC server
2024-01-29 07:43:59,789 [main] INFO  server.GrpcService (GrpcService.java:startImpl(302)) - om1: GrpcService started, listening on 15363
2024-01-29 07:43:59,789 [JvmPauseMonitor45] INFO  util.JvmPauseMonitor (JvmPauseMonitor.java:run(146)) - JvmPauseMonitor-om1: Started
2024-01-29 07:43:59,790 [main] INFO  om.OzoneManager (OzoneManager.java:start(1645)) - Version File has different layout version (6) than OM DB (null). That is expected if this OM has never been finalized to a newer layout version.
2024-01-29 07:43:59,793 [main] INFO  http.BaseHttpServer (BaseHttpServer.java:newHttpServer2BuilderForOzone(223)) - Starting Web-server for ozoneManager at: http://0.0.0.0:15361
2024-01-29 07:43:59,793 [main] INFO  http.BaseHttpServer (BaseHttpServer.java:<init>(110)) - Hadoop Security Enabled: false Ozone Security Enabled: false Ozone HTTP Security Enabled: false 
2024-01-29 07:43:59,795 [main] WARN  server.AuthenticationFilter (AuthenticationFilter.java:constructSecretProvider(240)) - Unable to initialize FileSignerSecretProvider, falling back to use random secrets. Reason: Could not read signature secret file: /home/runner/hadoop-http-auth-signature-secret
2024-01-29 07:43:59,795 [main] INFO  http.HttpRequestLog (HttpRequestLog.java:getRequestLog(86)) - Http request log for http.requests.ozoneManager is not defined
2024-01-29 07:43:59,796 [main] INFO  http.HttpServer2 (HttpServer2.java:addGlobalFilter(1036)) - Added global filter 'safety' (class=org.apache.hadoop.hdds.server.http.HttpServer2$QuotingInputFilter)
2024-01-29 07:43:59,797 [main] INFO  http.HttpServer2 (HttpServer2.java:addFilter(1012)) - Added filter static_user_filter (class=org.apache.hadoop.http.lib.StaticUserWebFilter$StaticUserFilter) to context ozoneManager
2024-01-29 07:43:59,797 [main] INFO  http.HttpServer2 (HttpServer2.java:addFilter(1020)) - Added filter static_user_filter (class=org.apache.hadoop.http.lib.StaticUserWebFilter$StaticUserFilter) to context logs
2024-01-29 07:43:59,797 [main] INFO  http.HttpServer2 (HttpServer2.java:addFilter(1020)) - Added filter static_user_filter (class=org.apache.hadoop.http.lib.StaticUserWebFilter$StaticUserFilter) to context static
2024-01-29 07:43:59,797 [main] INFO  http.BaseHttpServer (BaseHttpServer.java:<init>(189)) - HTTP server of ozoneManager uses base directory /home/runner/work/ozone/ozone/hadoop-ozone/integration-test/target/test-dir/MiniOzoneClusterImpl-4c098651-5741-4b11-9e36-c6ca8da28866/ozone-meta/webserver
2024-01-29 07:43:59,797 [main] INFO  http.HttpServer2 (HttpServer2.java:bindListener(1236)) - Jetty bound to port 15361
2024-01-29 07:43:59,798 [main] INFO  server.Server (Server.java:doStart(375)) - jetty-9.4.53.v20231009; built: 2023-10-09T12:29:09.265Z; git: 27bde00a0b95a1d5bbee0eae7984f891d2d0f8c9; jvm 1.8.0_392-b08
2024-01-29 07:43:59,798 [main] INFO  server.session (DefaultSessionIdManager.java:doStart(334)) - DefaultSessionIdManager workerName=node0
2024-01-29 07:43:59,798 [main] INFO  server.session (DefaultSessionIdManager.java:doStart(339)) - No SessionScavenger set, using defaults
2024-01-29 07:43:59,799 [main] INFO  server.session (HouseKeeper.java:startScavenging(132)) - node0 Scavenging every 600000ms
2024-01-29 07:43:59,799 [main] INFO  handler.ContextHandler (ContextHandler.java:doStart(921)) - Started o.e.j.s.ServletContextHandler@1c5e2d2f{logs,/logs,file:///home/runner/work/ozone/ozone/hadoop-ozone/integration-test/target/log,AVAILABLE}
2024-01-29 07:43:59,799 [main] INFO  handler.ContextHandler (ContextHandler.java:doStart(921)) - Started o.e.j.s.ServletContextHandler@4aadf2d{static,/static,file:///home/runner/work/ozone/ozone/hadoop-ozone/integration-test/target/test-classes/webapps/static,AVAILABLE}
2024-01-29 07:43:59,802 [main] INFO  handler.ContextHandler (ContextHandler.java:doStart(921)) - Started o.e.j.w.WebAppContext@636076d7{ozoneManager,/,file:///home/runner/work/ozone/ozone/hadoop-ozone/integration-test/target/test-classes/webapps/ozoneManager/,AVAILABLE}{file:/home/runner/work/ozone/ozone/hadoop-ozone/integration-test/target/test-classes/webapps/ozoneManager}
2024-01-29 07:43:59,803 [main] INFO  server.AbstractConnector (AbstractConnector.java:doStart(333)) - Started ServerConnector@44032c54{HTTP/1.1, (http/1.1)}{0.0.0.0:15361}
2024-01-29 07:43:59,803 [main] INFO  server.Server (Server.java:doStart(415)) - Started @133908ms
2024-01-29 07:43:59,804 [main] WARN  impl.MetricsSystemImpl (MetricsSystemImpl.java:register(279)) - Sink prometheus already exists!
2024-01-29 07:43:59,804 [main] INFO  http.BaseHttpServer (BaseHttpServer.java:updateConnectorAddress(354)) - HTTP server of ozoneManager listening at http://0.0.0.0:15361
2024-01-29 07:43:59,804 [IPC Server Responder] INFO  ipc.Server (Server.java:run(1562)) - IPC Server Responder: starting
2024-01-29 07:43:59,804 [IPC Server listener on 15360] INFO  ipc.Server (Server.java:run(1402)) - IPC Server listener on 15360: starting
2024-01-29 07:43:59,810 [main] INFO  om.OzoneManager (OzoneManager.java:startTrashEmptier(2094)) - Trash Interval set to 0. Files deleted won't move to trash
2024-01-29 07:43:59,828 [main] WARN  dropwizard3.Dm3MetricRegistriesImpl (Dm3MetricRegistriesImpl.java:addReporterRegistration(113)) - New reporters are added after registries were created. Some metrics will be missing from the reporter. Please add reporter before adding any new registry.
2024-01-29 07:43:59,829 [main] WARN  dropwizard3.Dm3MetricRegistriesImpl (Dm3MetricRegistriesImpl.java:addReporterRegistration(113)) - New reporters are added after registries were created. Some metrics will be missing from the reporter. Please add reporter before adding any new registry.
2024-01-29 07:43:59,829 [main] INFO  impl.MetricsSystemImpl (MetricsSystemImpl.java:init(158)) - HddsDatanode metrics system started (again)
2024-01-29 07:43:59,838 [main] INFO  ozone.HddsDatanodeService (HddsDatanodeService.java:start(239)) - HddsDatanodeService host:fv-az571-724.sssw3dgiwi1e5jwxh1zizygaca.bx.internal.cloudapp.net ip:10.1.0.7
2024-01-29 07:43:59,853 [main] INFO  upgrade.AbstractLayoutVersionManager (AbstractLayoutVersionManager.java:init(83)) - Initializing Layout version manager with metadata layout = HADOOP_PRC_PORTS_IN_DATANODEDETAILS (version = 7), software layout = HADOOP_PRC_PORTS_IN_DATANODEDETAILS (version = 7)
2024-01-29 07:43:59,853 [main] INFO  statemachine.DatanodeStateMachine (DatanodeStateMachine.java:getEndPointTaskThreadPoolSize(299)) - Datanode State Machine Task Thread Pool size 2
2024-01-29 07:43:59,854 [main] INFO  volume.HddsVolume (HddsVolume.java:<init>(125)) - Creating HddsVolume: /home/runner/work/ozone/ozone/hadoop-ozone/integration-test/target/test-dir/MiniOzoneClusterImpl-4c098651-5741-4b11-9e36-c6ca8da28866/datanode-0/data-0/containers/hdds of storage type : DISK capacity : 9223372036854775807
2024-01-29 07:43:59,854 [main] INFO  volume.MutableVolumeSet (MutableVolumeSet.java:initializeVolumeSet(173)) - Added Volume : /home/runner/work/ozone/ozone/hadoop-ozone/integration-test/target/test-dir/MiniOzoneClusterImpl-4c098651-5741-4b11-9e36-c6ca8da28866/datanode-0/data-0/containers/hdds to VolumeSet
2024-01-29 07:43:59,855 [main] INFO  volume.MutableVolumeSet (MutableVolumeSet.java:initializeVolumeSet(173)) - Added Volume : /home/runner/work/ozone/ozone/hadoop-ozone/integration-test/target/test-dir/MiniOzoneClusterImpl-4c098651-5741-4b11-9e36-c6ca8da28866/datanode-0/data/ratis to VolumeSet
2024-01-29 07:43:59,855 [main] INFO  ozoneimpl.OzoneContainer (HddsVolumeUtil.java:loadAllHddsVolumeDbStore(103)) - Load 1 volumes DbStore cost: 0ms
2024-01-29 07:43:59,855 [6a63baba-185f-4694-8c2d-f019df25b76b-ContainerReader-0] INFO  ozoneimpl.ContainerReader (ContainerReader.java:readVolume(178)) - Finish verifying containers on volume /home/runner/work/ozone/ozone/hadoop-ozone/integration-test/target/test-dir/MiniOzoneClusterImpl-4c098651-5741-4b11-9e36-c6ca8da28866/datanode-0/data-0/containers/hdds
2024-01-29 07:43:59,855 [main] INFO  ozoneimpl.OzoneContainer (OzoneContainer.java:buildContainerSet(328)) - Build ContainerSet costs 0s
2024-01-29 07:43:59,857 [main] INFO  server.RaftServer (ConfUtils.java:logGet(46)) - raft.rpc.type = GRPC (default)
2024-01-29 07:43:59,857 [main] INFO  grpc.GrpcConfigKeys (ConfUtils.java:logFallback(53)) - raft.grpc.admin.host = null (fallback to raft.grpc.server.host)
2024-01-29 07:43:59,857 [main] INFO  grpc.GrpcConfigKeys (ConfUtils.java:logGet(46)) - raft.grpc.admin.port = 15369 (custom)
2024-01-29 07:43:59,857 [main] INFO  grpc.GrpcConfigKeys (ConfUtils.java:logFallback(53)) - raft.grpc.client.host = null (fallback to raft.grpc.server.host)
2024-01-29 07:43:59,857 [main] INFO  grpc.GrpcConfigKeys (ConfUtils.java:logGet(46)) - raft.grpc.client.port = 15368 (custom)
2024-01-29 07:43:59,858 [main] INFO  grpc.GrpcConfigKeys (ConfUtils.java:logGet(46)) - raft.grpc.server.host = null (default)
2024-01-29 07:43:59,858 [main] INFO  grpc.GrpcConfigKeys (ConfUtils.java:logGet(46)) - raft.grpc.server.port = 15370 (custom)
2024-01-29 07:43:59,858 [main] INFO  server.GrpcService (ConfUtils.java:logGet(46)) - raft.grpc.message.size.max = 32MB (=33554432) (custom)
2024-01-29 07:43:59,858 [main] INFO  server.RaftServerConfigKeys (ConfUtils.java:logGet(46)) - raft.server.log.appender.buffer.byte-limit = 8388608 (custom)
2024-01-29 07:43:59,858 [main] INFO  server.GrpcService (ConfUtils.java:logGet(46)) - raft.grpc.flow.control.window = 5MB (=5242880) (custom)
2024-01-29 07:43:59,858 [main] INFO  server.RaftServerConfigKeys (ConfUtils.java:logGet(46)) - raft.server.rpc.request.timeout = 3000ms (default)
2024-01-29 07:43:59,858 [main] INFO  grpc.GrpcConfigKeys (ConfUtils.java:logGet(46)) - raft.grpc.server.heartbeat.channel = true (default)
2024-01-29 07:43:59,859 [main] INFO  grpc.GrpcConfigKeys (ConfUtils.java:logGet(46)) - raft.grpc.server.async.request.thread.pool.cached = true (default)
2024-01-29 07:43:59,859 [main] INFO  grpc.GrpcConfigKeys (ConfUtils.java:logGet(46)) - raft.grpc.server.async.request.thread.pool.size = 32 (default)
2024-01-29 07:43:59,860 [main] INFO  impl.DataStreamServerImpl (ConfUtils.java:logGet(46)) - raft.datastream.type = NETTY (custom)
2024-01-29 07:43:59,861 [main] INFO  server.RaftServerConfigKeys (ConfUtils.java:logGet(46)) - raft.server.data-stream.async.request.thread.pool.cached = false (default)
2024-01-29 07:43:59,861 [main] INFO  server.RaftServerConfigKeys (ConfUtils.java:logGet(46)) - raft.server.data-stream.async.request.thread.pool.size = 20 (custom)
2024-01-29 07:43:59,861 [main] INFO  server.RaftServerConfigKeys (ConfUtils.java:logGet(46)) - raft.server.data-stream.async.write.thread.pool.size = 16 (default)
2024-01-29 07:43:59,861 [main] INFO  netty.NettyConfigKeys$DataStream (ConfUtils.java:logGet(46)) - raft.netty.dataStream.server.channel.inactive.grace-period = 10min (default)
2024-01-29 07:43:59,861 [main] INFO  server.RaftServerConfigKeys (ConfUtils.java:logGet(46)) - raft.server.data-stream.client.pool.size = 10 (default)
2024-01-29 07:43:59,861 [main] INFO  netty.NettyConfigKeys$DataStream (ConfUtils.java:logGet(46)) - raft.netty.dataStream.server.use-epoll = true (default)
2024-01-29 07:43:59,861 [main] INFO  netty.NettyConfigKeys$DataStream (ConfUtils.java:logGet(46)) - raft.netty.dataStream.server.boss-group.size = 0 (default)
2024-01-29 07:43:59,862 [main] INFO  netty.NettyUtils (NettyUtils.java:newEventLoopGroup(69)) - Create EpollEventLoopGroup for 6a63baba-185f-4694-8c2d-f019df25b76b-NettyServerStreamRpc-bossGroup; Thread size is 0.
2024-01-29 07:43:59,862 [main] INFO  netty.NettyConfigKeys$DataStream (ConfUtils.java:logGet(46)) - raft.netty.dataStream.server.worker-group.size = 0 (default)
2024-01-29 07:43:59,862 [main] INFO  netty.NettyUtils (NettyUtils.java:newEventLoopGroup(69)) - Create EpollEventLoopGroup for 6a63baba-185f-4694-8c2d-f019df25b76b-NettyServerStreamRpc-workerGroup; Thread size is 0.
2024-01-29 07:43:59,862 [main] INFO  netty.NettyConfigKeys$DataStream (ConfUtils.java:logGet(46)) - raft.netty.dataStream.server.tls.conf = null (default)
2024-01-29 07:43:59,863 [main] INFO  netty.NettyConfigKeys$DataStream (ConfUtils.java:logGet(46)) - raft.netty.dataStream.host = null (default)
2024-01-29 07:43:59,863 [main] INFO  netty.NettyConfigKeys$DataStream (ConfUtils.java:logGet(46)) - raft.netty.dataStream.port = 15371 (custom)
2024-01-29 07:43:59,863 [main] INFO  server.RaftServerConfigKeys (ConfUtils.java:logGet(46)) - raft.server.sleep.deviation.threshold = 300ms (default)
2024-01-29 07:43:59,863 [main] INFO  server.RaftServerConfigKeys (ConfUtils.java:logGet(46)) - raft.server.close.threshold = 60s (default)
2024-01-29 07:43:59,863 [6a63baba-185f-4694-8c2d-f019df25b76b-NettyServerStreamRpc-bossGroup--thread1] INFO  logging.LoggingHandler (AbstractInternalLogger.java:log(148)) - [id: 0x6a1a86f2] REGISTERED
2024-01-29 07:43:59,863 [main] INFO  server.RaftServerConfigKeys (ConfUtils.java:logGet(46)) - raft.server.leaderelection.leader.step-down.wait-time = 10s (default)
2024-01-29 07:43:59,864 [6a63baba-185f-4694-8c2d-f019df25b76b-NettyServerStreamRpc-bossGroup--thread1] INFO  logging.LoggingHandler (AbstractInternalLogger.java:log(148)) - [id: 0x6a1a86f2] BIND: 0.0.0.0/0.0.0.0:15371
2024-01-29 07:43:59,864 [main] INFO  server.RaftServerConfigKeys (ConfUtils.java:logGet(46)) - raft.server.storage.dir = [/home/runner/work/ozone/ozone/hadoop-ozone/integration-test/target/test-dir/MiniOzoneClusterImpl-4c098651-5741-4b11-9e36-c6ca8da28866/datanode-0/data/ratis] (custom)
2024-01-29 07:43:59,864 [main] INFO  server.RaftServerConfigKeys (ConfUtils.java:logGet(46)) - raft.server.threadpool.proxy.cached = true (default)
2024-01-29 07:43:59,864 [6a63baba-185f-4694-8c2d-f019df25b76b-NettyServerStreamRpc-bossGroup--thread1] INFO  logging.LoggingHandler (AbstractInternalLogger.java:log(148)) - [id: 0x6a1a86f2, L:/0.0.0.0:15371] ACTIVE
2024-01-29 07:43:59,864 [main] INFO  server.RaftServerConfigKeys (ConfUtils.java:logGet(46)) - raft.server.threadpool.proxy.size = 0 (default)
2024-01-29 07:43:59,865 [6a63baba-185f-4694-8c2d-f019df25b76b-impl-thread1] INFO  server.RaftServer (RaftServerProxy.java:initGroupDir(264)) - 6a63baba-185f-4694-8c2d-f019df25b76b: found a subdirectory /home/runner/work/ozone/ozone/hadoop-ozone/integration-test/target/test-dir/MiniOzoneClusterImpl-4c098651-5741-4b11-9e36-c6ca8da28866/datanode-0/data/ratis/tmp
2024-01-29 07:43:59,865 [6a63baba-185f-4694-8c2d-f019df25b76b-impl-thread1] INFO  server.RaftServer (RaftServerProxy.java:initGroupDir(269)) - 6a63baba-185f-4694-8c2d-f019df25b76b: The directory /home/runner/work/ozone/ozone/hadoop-ozone/integration-test/target/test-dir/MiniOzoneClusterImpl-4c098651-5741-4b11-9e36-c6ca8da28866/datanode-0/data/ratis/tmp is not a group directory; ignoring it. 
2024-01-29 07:43:59,865 [main] INFO  replication.ReplicationServer (ReplicationServer.java:<init>(85)) - Initializing replication server with thread count = 10 queue length = 4096
2024-01-29 07:43:59,866 [main] INFO  server.XceiverServerGrpc (XceiverServerGrpc.java:<init>(141)) - GrpcServer channel type EpollServerSocketChannel
2024-01-29 07:43:59,867 [main] INFO  replication.ReplicationSupervisor (ReplicationSupervisor.java:build(163)) - Initializing replication supervisor with thread count = 10
2024-01-29 07:43:59,867 [main] INFO  replication.ReplicationSupervisor (ReplicationSupervisor.java:nodeStateUpdated(317)) - Node state updated to IN_SERVICE, scaling executor pool size to 10
2024-01-29 07:43:59,869 [main] INFO  http.BaseHttpServer (BaseHttpServer.java:newHttpServer2BuilderForOzone(223)) - Starting Web-server for hddsDatanode at: http://0.0.0.0:15365
2024-01-29 07:43:59,869 [main] INFO  http.BaseHttpServer (BaseHttpServer.java:<init>(110)) - Hadoop Security Enabled: false Ozone Security Enabled: false Ozone HTTP Security Enabled: false 
2024-01-29 07:43:59,870 [main] WARN  server.AuthenticationFilter (AuthenticationFilter.java:constructSecretProvider(240)) - Unable to initialize FileSignerSecretProvider, falling back to use random secrets. Reason: Could not read signature secret file: /home/runner/hadoop-http-auth-signature-secret
2024-01-29 07:43:59,870 [main] INFO  http.HttpRequestLog (HttpRequestLog.java:getRequestLog(86)) - Http request log for http.requests.hddsDatanode is not defined
2024-01-29 07:43:59,871 [main] INFO  http.HttpServer2 (HttpServer2.java:addGlobalFilter(1036)) - Added global filter 'safety' (class=org.apache.hadoop.hdds.server.http.HttpServer2$QuotingInputFilter)
2024-01-29 07:43:59,871 [main] INFO  http.HttpServer2 (HttpServer2.java:addFilter(1012)) - Added filter static_user_filter (class=org.apache.hadoop.http.lib.StaticUserWebFilter$StaticUserFilter) to context hddsDatanode
2024-01-29 07:43:59,871 [main] INFO  http.HttpServer2 (HttpServer2.java:addFilter(1020)) - Added filter static_user_filter (class=org.apache.hadoop.http.lib.StaticUserWebFilter$StaticUserFilter) to context static
2024-01-29 07:43:59,871 [main] INFO  http.HttpServer2 (HttpServer2.java:addFilter(1020)) - Added filter static_user_filter (class=org.apache.hadoop.http.lib.StaticUserWebFilter$StaticUserFilter) to context logs
2024-01-29 07:43:59,872 [main] INFO  http.BaseHttpServer (BaseHttpServer.java:<init>(189)) - HTTP server of hddsDatanode uses base directory /home/runner/work/ozone/ozone/hadoop-ozone/integration-test/target/test-dir/MiniOzoneClusterImpl-4c098651-5741-4b11-9e36-c6ca8da28866/datanode-0/meta/webserver
2024-01-29 07:43:59,872 [main] INFO  http.HttpServer2 (HttpServer2.java:bindListener(1236)) - Jetty bound to port 15365
2024-01-29 07:43:59,872 [main] INFO  server.Server (Server.java:doStart(375)) - jetty-9.4.53.v20231009; built: 2023-10-09T12:29:09.265Z; git: 27bde00a0b95a1d5bbee0eae7984f891d2d0f8c9; jvm 1.8.0_392-b08
2024-01-29 07:43:59,873 [main] INFO  server.session (DefaultSessionIdManager.java:doStart(334)) - DefaultSessionIdManager workerName=node0
2024-01-29 07:43:59,873 [main] INFO  server.session (DefaultSessionIdManager.java:doStart(339)) - No SessionScavenger set, using defaults
2024-01-29 07:43:59,873 [main] INFO  server.session (HouseKeeper.java:startScavenging(132)) - node0 Scavenging every 600000ms
2024-01-29 07:43:59,874 [main] INFO  handler.ContextHandler (ContextHandler.java:doStart(921)) - Started o.e.j.s.ServletContextHandler@20bf0b97{logs,/logs,file:///home/runner/work/ozone/ozone/hadoop-ozone/integration-test/target/log,AVAILABLE}
2024-01-29 07:43:59,874 [main] INFO  handler.ContextHandler (ContextHandler.java:doStart(921)) - Started o.e.j.s.ServletContextHandler@99fa91f{static,/static,jar:file:/home/runner/.m2/repository/org/apache/ozone/hdds-container-service/1.5.0-SNAPSHOT/hdds-container-service-1.5.0-SNAPSHOT.jar!/webapps/static,AVAILABLE}
2024-01-29 07:43:59,905 [main] INFO  handler.ContextHandler (ContextHandler.java:doStart(921)) - Started o.e.j.w.WebAppContext@7d1ec8bc{hddsDatanode,/,file:///home/runner/work/ozone/ozone/hadoop-ozone/integration-test/target/test-dir/MiniOzoneClusterImpl-4c098651-5741-4b11-9e36-c6ca8da28866/datanode-0/meta/webserver/jetty-0_0_0_0-15365-hdds-container-service-1_5_0-SNAPSHOT_jar-_-any-165981899890074497/webapp/,AVAILABLE}{jar:file:/home/runner/.m2/repository/org/apache/ozone/hdds-container-service/1.5.0-SNAPSHOT/hdds-container-service-1.5.0-SNAPSHOT.jar!/webapps/hddsDatanode}
2024-01-29 07:43:59,907 [main] INFO  server.AbstractConnector (AbstractConnector.java:doStart(333)) - Started ServerConnector@47f7e662{HTTP/1.1, (http/1.1)}{0.0.0.0:15365}
2024-01-29 07:43:59,908 [main] INFO  server.Server (Server.java:doStart(415)) - Started @134012ms
2024-01-29 07:43:59,908 [main] WARN  impl.MetricsSystemImpl (MetricsSystemImpl.java:register(279)) - Sink prometheus already exists!
2024-01-29 07:43:59,908 [main] INFO  http.BaseHttpServer (BaseHttpServer.java:updateConnectorAddress(354)) - HTTP server of hddsDatanode listening at http://0.0.0.0:15365
2024-01-29 07:43:59,909 [main] INFO  ipc.CallQueueManager (CallQueueManager.java:<init>(90)) - Using callQueue: class java.util.concurrent.LinkedBlockingQueue, queueCapacity: 100, scheduler: class org.apache.hadoop.ipc.DefaultRpcScheduler, ipcBackoff: false.
2024-01-29 07:43:59,909 [main] INFO  ipc.Server (Server.java:<init>(1287)) - Listener at 0.0.0.0:15366
2024-01-29 07:43:59,909 [Socket Reader #1 for port 15366] INFO  ipc.Server (Server.java:run(1323)) - Starting Socket Reader #1 for port 15366
2024-01-29 07:43:59,914 [main] INFO  ozone.HddsDatanodeService (HddsDatanodeService.java:start(324)) - Datanode start with admins: [runner]
2024-01-29 07:43:59,914 [main] INFO  ozone.HddsDatanodeClientProtocolServer (HddsDatanodeClientProtocolServer.java:start(72)) - RPC server for Client /0.0.0.0:15366
2024-01-29 07:43:59,915 [IPC Server Responder] INFO  ipc.Server (Server.java:run(1562)) - IPC Server Responder: starting
2024-01-29 07:43:59,915 [IPC Server listener on 15366] INFO  ipc.Server (Server.java:run(1402)) - IPC Server listener on 15366: starting
2024-01-29 07:43:59,916 [6a63baba-185f-4694-8c2d-f019df25b76b-DatanodeStateMachineDaemonThread] INFO  statemachine.DatanodeStateMachine (DatanodeStateMachine.java:lambda$startDaemon$1(555)) - Ozone container server started.
2024-01-29 07:43:59,916 [main] WARN  dropwizard3.Dm3MetricRegistriesImpl (Dm3MetricRegistriesImpl.java:addReporterRegistration(113)) - New reporters are added after registries were created. Some metrics will be missing from the reporter. Please add reporter before adding any new registry.
2024-01-29 07:43:59,917 [main] WARN  dropwizard3.Dm3MetricRegistriesImpl (Dm3MetricRegistriesImpl.java:addReporterRegistration(113)) - New reporters are added after registries were created. Some metrics will be missing from the reporter. Please add reporter before adding any new registry.
2024-01-29 07:43:59,918 [main] INFO  impl.MetricsSystemImpl (MetricsSystemImpl.java:init(158)) - HddsDatanode metrics system started (again)
2024-01-29 07:43:59,920 [6a63baba-185f-4694-8c2d-f019df25b76b-DatanodeStateMachineTaskThread-0] INFO  datanode.InitDatanodeState (InitDatanodeState.java:persistContainerDatanodeDetails(139)) - DatanodeDetails is persisted to /home/runner/work/ozone/ozone/hadoop-ozone/integration-test/target/test-dir/MiniOzoneClusterImpl-4c098651-5741-4b11-9e36-c6ca8da28866/datanode-0/meta/datanode.id
2024-01-29 07:43:59,927 [main] INFO  ozone.HddsDatanodeService (HddsDatanodeService.java:start(239)) - HddsDatanodeService host:fv-az571-724.sssw3dgiwi1e5jwxh1zizygaca.bx.internal.cloudapp.net ip:10.1.0.7
2024-01-29 07:43:59,941 [main] INFO  upgrade.AbstractLayoutVersionManager (AbstractLayoutVersionManager.java:init(83)) - Initializing Layout version manager with metadata layout = HADOOP_PRC_PORTS_IN_DATANODEDETAILS (version = 7), software layout = HADOOP_PRC_PORTS_IN_DATANODEDETAILS (version = 7)
2024-01-29 07:43:59,942 [main] INFO  statemachine.DatanodeStateMachine (DatanodeStateMachine.java:getEndPointTaskThreadPoolSize(299)) - Datanode State Machine Task Thread Pool size 2
2024-01-29 07:43:59,943 [main] INFO  volume.HddsVolume (HddsVolume.java:<init>(125)) - Creating HddsVolume: /home/runner/work/ozone/ozone/hadoop-ozone/integration-test/target/test-dir/MiniOzoneClusterImpl-4c098651-5741-4b11-9e36-c6ca8da28866/datanode-1/data-0/containers/hdds of storage type : DISK capacity : 9223372036854775807
2024-01-29 07:43:59,943 [main] INFO  volume.MutableVolumeSet (MutableVolumeSet.java:initializeVolumeSet(173)) - Added Volume : /home/runner/work/ozone/ozone/hadoop-ozone/integration-test/target/test-dir/MiniOzoneClusterImpl-4c098651-5741-4b11-9e36-c6ca8da28866/datanode-1/data-0/containers/hdds to VolumeSet
2024-01-29 07:43:59,943 [main] INFO  volume.MutableVolumeSet (MutableVolumeSet.java:initializeVolumeSet(173)) - Added Volume : /home/runner/work/ozone/ozone/hadoop-ozone/integration-test/target/test-dir/MiniOzoneClusterImpl-4c098651-5741-4b11-9e36-c6ca8da28866/datanode-1/data/ratis to VolumeSet
2024-01-29 07:43:59,944 [main] INFO  ozoneimpl.OzoneContainer (HddsVolumeUtil.java:loadAllHddsVolumeDbStore(103)) - Load 1 volumes DbStore cost: 0ms
2024-01-29 07:43:59,944 [92b1878f-5f30-4884-b778-b757b768b8e7-ContainerReader-0] INFO  ozoneimpl.ContainerReader (ContainerReader.java:readVolume(178)) - Finish verifying containers on volume /home/runner/work/ozone/ozone/hadoop-ozone/integration-test/target/test-dir/MiniOzoneClusterImpl-4c098651-5741-4b11-9e36-c6ca8da28866/datanode-1/data-0/containers/hdds
2024-01-29 07:43:59,944 [main] INFO  ozoneimpl.OzoneContainer (OzoneContainer.java:buildContainerSet(328)) - Build ContainerSet costs 0s
2024-01-29 07:43:59,945 [main] INFO  server.RaftServer (ConfUtils.java:logGet(46)) - raft.rpc.type = GRPC (default)
2024-01-29 07:43:59,946 [main] INFO  grpc.GrpcConfigKeys (ConfUtils.java:logFallback(53)) - raft.grpc.admin.host = null (fallback to raft.grpc.server.host)
2024-01-29 07:43:59,946 [main] INFO  grpc.GrpcConfigKeys (ConfUtils.java:logGet(46)) - raft.grpc.admin.port = 15378 (custom)
2024-01-29 07:43:59,946 [main] INFO  grpc.GrpcConfigKeys (ConfUtils.java:logFallback(53)) - raft.grpc.client.host = null (fallback to raft.grpc.server.host)
2024-01-29 07:43:59,946 [main] INFO  grpc.GrpcConfigKeys (ConfUtils.java:logGet(46)) - raft.grpc.client.port = 15377 (custom)
2024-01-29 07:43:59,946 [main] INFO  grpc.GrpcConfigKeys (ConfUtils.java:logGet(46)) - raft.grpc.server.host = null (default)
2024-01-29 07:43:59,946 [main] INFO  grpc.GrpcConfigKeys (ConfUtils.java:logGet(46)) - raft.grpc.server.port = 15379 (custom)
2024-01-29 07:43:59,946 [main] INFO  server.GrpcService (ConfUtils.java:logGet(46)) - raft.grpc.message.size.max = 32MB (=33554432) (custom)
2024-01-29 07:43:59,946 [main] INFO  server.RaftServerConfigKeys (ConfUtils.java:logGet(46)) - raft.server.log.appender.buffer.byte-limit = 8388608 (custom)
2024-01-29 07:43:59,947 [main] INFO  server.GrpcService (ConfUtils.java:logGet(46)) - raft.grpc.flow.control.window = 5MB (=5242880) (custom)
2024-01-29 07:43:59,947 [main] INFO  server.RaftServerConfigKeys (ConfUtils.java:logGet(46)) - raft.server.rpc.request.timeout = 3000ms (default)
2024-01-29 07:43:59,947 [main] INFO  grpc.GrpcConfigKeys (ConfUtils.java:logGet(46)) - raft.grpc.server.heartbeat.channel = true (default)
2024-01-29 07:43:59,947 [main] INFO  grpc.GrpcConfigKeys (ConfUtils.java:logGet(46)) - raft.grpc.server.async.request.thread.pool.cached = true (default)
2024-01-29 07:43:59,947 [main] INFO  grpc.GrpcConfigKeys (ConfUtils.java:logGet(46)) - raft.grpc.server.async.request.thread.pool.size = 32 (default)
2024-01-29 07:43:59,949 [main] INFO  impl.DataStreamServerImpl (ConfUtils.java:logGet(46)) - raft.datastream.type = NETTY (custom)
2024-01-29 07:43:59,949 [main] INFO  server.RaftServerConfigKeys (ConfUtils.java:logGet(46)) - raft.server.data-stream.async.request.thread.pool.cached = false (default)
2024-01-29 07:43:59,949 [main] INFO  server.RaftServerConfigKeys (ConfUtils.java:logGet(46)) - raft.server.data-stream.async.request.thread.pool.size = 20 (custom)
2024-01-29 07:43:59,949 [main] INFO  server.RaftServerConfigKeys (ConfUtils.java:logGet(46)) - raft.server.data-stream.async.write.thread.pool.size = 16 (default)
2024-01-29 07:43:59,949 [main] INFO  netty.NettyConfigKeys$DataStream (ConfUtils.java:logGet(46)) - raft.netty.dataStream.server.channel.inactive.grace-period = 10min (default)
2024-01-29 07:43:59,949 [main] INFO  server.RaftServerConfigKeys (ConfUtils.java:logGet(46)) - raft.server.data-stream.client.pool.size = 10 (default)
2024-01-29 07:43:59,950 [main] INFO  netty.NettyConfigKeys$DataStream (ConfUtils.java:logGet(46)) - raft.netty.dataStream.server.use-epoll = true (default)
2024-01-29 07:43:59,950 [main] INFO  netty.NettyConfigKeys$DataStream (ConfUtils.java:logGet(46)) - raft.netty.dataStream.server.boss-group.size = 0 (default)
2024-01-29 07:43:59,950 [main] INFO  netty.NettyUtils (NettyUtils.java:newEventLoopGroup(69)) - Create EpollEventLoopGroup for 92b1878f-5f30-4884-b778-b757b768b8e7-NettyServerStreamRpc-bossGroup; Thread size is 0.
2024-01-29 07:43:59,950 [main] INFO  netty.NettyConfigKeys$DataStream (ConfUtils.java:logGet(46)) - raft.netty.dataStream.server.worker-group.size = 0 (default)
2024-01-29 07:43:59,950 [main] INFO  netty.NettyUtils (NettyUtils.java:newEventLoopGroup(69)) - Create EpollEventLoopGroup for 92b1878f-5f30-4884-b778-b757b768b8e7-NettyServerStreamRpc-workerGroup; Thread size is 0.
2024-01-29 07:43:59,950 [main] INFO  netty.NettyConfigKeys$DataStream (ConfUtils.java:logGet(46)) - raft.netty.dataStream.server.tls.conf = null (default)
2024-01-29 07:43:59,950 [main] INFO  netty.NettyConfigKeys$DataStream (ConfUtils.java:logGet(46)) - raft.netty.dataStream.host = null (default)
2024-01-29 07:43:59,951 [main] INFO  netty.NettyConfigKeys$DataStream (ConfUtils.java:logGet(46)) - raft.netty.dataStream.port = 15380 (custom)
2024-01-29 07:43:59,951 [main] INFO  server.RaftServerConfigKeys (ConfUtils.java:logGet(46)) - raft.server.sleep.deviation.threshold = 300ms (default)
2024-01-29 07:43:59,951 [92b1878f-5f30-4884-b778-b757b768b8e7-NettyServerStreamRpc-bossGroup--thread1] INFO  logging.LoggingHandler (AbstractInternalLogger.java:log(148)) - [id: 0x0dc526af] REGISTERED
2024-01-29 07:43:59,951 [main] INFO  server.RaftServerConfigKeys (ConfUtils.java:logGet(46)) - raft.server.close.threshold = 60s (default)
2024-01-29 07:43:59,951 [92b1878f-5f30-4884-b778-b757b768b8e7-NettyServerStreamRpc-bossGroup--thread1] INFO  logging.LoggingHandler (AbstractInternalLogger.java:log(148)) - [id: 0x0dc526af] BIND: 0.0.0.0/0.0.0.0:15380
2024-01-29 07:43:59,951 [main] INFO  server.RaftServerConfigKeys (ConfUtils.java:logGet(46)) - raft.server.leaderelection.leader.step-down.wait-time = 10s (default)
2024-01-29 07:43:59,951 [92b1878f-5f30-4884-b778-b757b768b8e7-NettyServerStreamRpc-bossGroup--thread1] INFO  logging.LoggingHandler (AbstractInternalLogger.java:log(148)) - [id: 0x0dc526af, L:/0.0.0.0:15380] ACTIVE
2024-01-29 07:43:59,952 [main] INFO  server.RaftServerConfigKeys (ConfUtils.java:logGet(46)) - raft.server.storage.dir = [/home/runner/work/ozone/ozone/hadoop-ozone/integration-test/target/test-dir/MiniOzoneClusterImpl-4c098651-5741-4b11-9e36-c6ca8da28866/datanode-1/data/ratis] (custom)
2024-01-29 07:43:59,952 [main] INFO  server.RaftServerConfigKeys (ConfUtils.java:logGet(46)) - raft.server.threadpool.proxy.cached = true (default)
2024-01-29 07:43:59,952 [main] INFO  server.RaftServerConfigKeys (ConfUtils.java:logGet(46)) - raft.server.threadpool.proxy.size = 0 (default)
2024-01-29 07:43:59,952 [92b1878f-5f30-4884-b778-b757b768b8e7-impl-thread1] INFO  server.RaftServer (RaftServerProxy.java:initGroupDir(264)) - 92b1878f-5f30-4884-b778-b757b768b8e7: found a subdirectory /home/runner/work/ozone/ozone/hadoop-ozone/integration-test/target/test-dir/MiniOzoneClusterImpl-4c098651-5741-4b11-9e36-c6ca8da28866/datanode-1/data/ratis/tmp
2024-01-29 07:43:59,952 [92b1878f-5f30-4884-b778-b757b768b8e7-impl-thread1] INFO  server.RaftServer (RaftServerProxy.java:initGroupDir(269)) - 92b1878f-5f30-4884-b778-b757b768b8e7: The directory /home/runner/work/ozone/ozone/hadoop-ozone/integration-test/target/test-dir/MiniOzoneClusterImpl-4c098651-5741-4b11-9e36-c6ca8da28866/datanode-1/data/ratis/tmp is not a group directory; ignoring it. 
2024-01-29 07:43:59,953 [main] INFO  replication.ReplicationServer (ReplicationServer.java:<init>(85)) - Initializing replication server with thread count = 10 queue length = 4096
2024-01-29 07:43:59,953 [main] INFO  server.XceiverServerGrpc (XceiverServerGrpc.java:<init>(141)) - GrpcServer channel type EpollServerSocketChannel
2024-01-29 07:43:59,954 [main] INFO  replication.ReplicationSupervisor (ReplicationSupervisor.java:build(163)) - Initializing replication supervisor with thread count = 10
2024-01-29 07:43:59,954 [main] INFO  replication.ReplicationSupervisor (ReplicationSupervisor.java:nodeStateUpdated(317)) - Node state updated to IN_SERVICE, scaling executor pool size to 10
2024-01-29 07:43:59,956 [main] INFO  http.BaseHttpServer (BaseHttpServer.java:newHttpServer2BuilderForOzone(223)) - Starting Web-server for hddsDatanode at: http://0.0.0.0:15374
2024-01-29 07:43:59,956 [main] INFO  http.BaseHttpServer (BaseHttpServer.java:<init>(110)) - Hadoop Security Enabled: false Ozone Security Enabled: false Ozone HTTP Security Enabled: false 
2024-01-29 07:43:59,957 [main] WARN  server.AuthenticationFilter (AuthenticationFilter.java:constructSecretProvider(240)) - Unable to initialize FileSignerSecretProvider, falling back to use random secrets. Reason: Could not read signature secret file: /home/runner/hadoop-http-auth-signature-secret
2024-01-29 07:43:59,957 [main] INFO  http.HttpRequestLog (HttpRequestLog.java:getRequestLog(86)) - Http request log for http.requests.hddsDatanode is not defined
2024-01-29 07:43:59,958 [main] INFO  http.HttpServer2 (HttpServer2.java:addGlobalFilter(1036)) - Added global filter 'safety' (class=org.apache.hadoop.hdds.server.http.HttpServer2$QuotingInputFilter)
2024-01-29 07:43:59,958 [main] INFO  http.HttpServer2 (HttpServer2.java:addFilter(1012)) - Added filter static_user_filter (class=org.apache.hadoop.http.lib.StaticUserWebFilter$StaticUserFilter) to context hddsDatanode
2024-01-29 07:43:59,958 [main] INFO  http.HttpServer2 (HttpServer2.java:addFilter(1020)) - Added filter static_user_filter (class=org.apache.hadoop.http.lib.StaticUserWebFilter$StaticUserFilter) to context static
2024-01-29 07:43:59,959 [main] INFO  http.HttpServer2 (HttpServer2.java:addFilter(1020)) - Added filter static_user_filter (class=org.apache.hadoop.http.lib.StaticUserWebFilter$StaticUserFilter) to context logs
2024-01-29 07:43:59,959 [main] INFO  http.BaseHttpServer (BaseHttpServer.java:<init>(189)) - HTTP server of hddsDatanode uses base directory /home/runner/work/ozone/ozone/hadoop-ozone/integration-test/target/test-dir/MiniOzoneClusterImpl-4c098651-5741-4b11-9e36-c6ca8da28866/datanode-1/meta/webserver
2024-01-29 07:43:59,959 [main] INFO  http.HttpServer2 (HttpServer2.java:bindListener(1236)) - Jetty bound to port 15374
2024-01-29 07:43:59,959 [main] INFO  server.Server (Server.java:doStart(375)) - jetty-9.4.53.v20231009; built: 2023-10-09T12:29:09.265Z; git: 27bde00a0b95a1d5bbee0eae7984f891d2d0f8c9; jvm 1.8.0_392-b08
2024-01-29 07:43:59,960 [main] INFO  server.session (DefaultSessionIdManager.java:doStart(334)) - DefaultSessionIdManager workerName=node0
2024-01-29 07:43:59,960 [main] INFO  server.session (DefaultSessionIdManager.java:doStart(339)) - No SessionScavenger set, using defaults
2024-01-29 07:43:59,961 [main] INFO  server.session (HouseKeeper.java:startScavenging(132)) - node0 Scavenging every 600000ms
2024-01-29 07:43:59,961 [main] INFO  handler.ContextHandler (ContextHandler.java:doStart(921)) - Started o.e.j.s.ServletContextHandler@23d6b621{logs,/logs,file:///home/runner/work/ozone/ozone/hadoop-ozone/integration-test/target/log,AVAILABLE}
2024-01-29 07:43:59,961 [main] INFO  handler.ContextHandler (ContextHandler.java:doStart(921)) - Started o.e.j.s.ServletContextHandler@6d88b358{static,/static,jar:file:/home/runner/.m2/repository/org/apache/ozone/hdds-container-service/1.5.0-SNAPSHOT/hdds-container-service-1.5.0-SNAPSHOT.jar!/webapps/static,AVAILABLE}
2024-01-29 07:43:59,993 [main] INFO  handler.ContextHandler (ContextHandler.java:doStart(921)) - Started o.e.j.w.WebAppContext@383158e8{hddsDatanode,/,file:///home/runner/work/ozone/ozone/hadoop-ozone/integration-test/target/test-dir/MiniOzoneClusterImpl-4c098651-5741-4b11-9e36-c6ca8da28866/datanode-1/meta/webserver/jetty-0_0_0_0-15374-hdds-container-service-1_5_0-SNAPSHOT_jar-_-any-5054287442573635818/webapp/,AVAILABLE}{jar:file:/home/runner/.m2/repository/org/apache/ozone/hdds-container-service/1.5.0-SNAPSHOT/hdds-container-service-1.5.0-SNAPSHOT.jar!/webapps/hddsDatanode}
2024-01-29 07:43:59,995 [main] INFO  server.AbstractConnector (AbstractConnector.java:doStart(333)) - Started ServerConnector@7964a054{HTTP/1.1, (http/1.1)}{0.0.0.0:15374}
2024-01-29 07:43:59,995 [main] INFO  server.Server (Server.java:doStart(415)) - Started @134099ms
2024-01-29 07:43:59,995 [main] WARN  impl.MetricsSystemImpl (MetricsSystemImpl.java:register(279)) - Sink prometheus already exists!
2024-01-29 07:43:59,996 [main] INFO  http.BaseHttpServer (BaseHttpServer.java:updateConnectorAddress(354)) - HTTP server of hddsDatanode listening at http://0.0.0.0:15374
2024-01-29 07:43:59,996 [main] INFO  ipc.CallQueueManager (CallQueueManager.java:<init>(90)) - Using callQueue: class java.util.concurrent.LinkedBlockingQueue, queueCapacity: 100, scheduler: class org.apache.hadoop.ipc.DefaultRpcScheduler, ipcBackoff: false.
2024-01-29 07:43:59,996 [main] INFO  ipc.Server (Server.java:<init>(1287)) - Listener at 0.0.0.0:15375
2024-01-29 07:43:59,997 [Socket Reader #1 for port 15375] INFO  ipc.Server (Server.java:run(1323)) - Starting Socket Reader #1 for port 15375
2024-01-29 07:43:59,998 [main] INFO  ozone.HddsDatanodeService (HddsDatanodeService.java:start(324)) - Datanode start with admins: [runner]
2024-01-29 07:43:59,998 [main] INFO  ozone.HddsDatanodeClientProtocolServer (HddsDatanodeClientProtocolServer.java:start(72)) - RPC server for Client /0.0.0.0:15375
2024-01-29 07:43:59,999 [IPC Server Responder] INFO  ipc.Server (Server.java:run(1562)) - IPC Server Responder: starting
2024-01-29 07:43:59,999 [IPC Server listener on 15375] INFO  ipc.Server (Server.java:run(1402)) - IPC Server listener on 15375: starting
2024-01-29 07:44:00,001 [92b1878f-5f30-4884-b778-b757b768b8e7-DatanodeStateMachineDaemonThread] INFO  statemachine.DatanodeStateMachine (DatanodeStateMachine.java:lambda$startDaemon$1(555)) - Ozone container server started.
2024-01-29 07:44:00,001 [main] WARN  dropwizard3.Dm3MetricRegistriesImpl (Dm3MetricRegistriesImpl.java:addReporterRegistration(113)) - New reporters are added after registries were created. Some metrics will be missing from the reporter. Please add reporter before adding any new registry.
2024-01-29 07:44:00,002 [main] WARN  dropwizard3.Dm3MetricRegistriesImpl (Dm3MetricRegistriesImpl.java:addReporterRegistration(113)) - New reporters are added after registries were created. Some metrics will be missing from the reporter. Please add reporter before adding any new registry.
2024-01-29 07:44:00,002 [main] INFO  impl.MetricsSystemImpl (MetricsSystemImpl.java:init(158)) - HddsDatanode metrics system started (again)
2024-01-29 07:44:00,007 [92b1878f-5f30-4884-b778-b757b768b8e7-DatanodeStateMachineTaskThread-0] INFO  datanode.InitDatanodeState (InitDatanodeState.java:persistContainerDatanodeDetails(139)) - DatanodeDetails is persisted to /home/runner/work/ozone/ozone/hadoop-ozone/integration-test/target/test-dir/MiniOzoneClusterImpl-4c098651-5741-4b11-9e36-c6ca8da28866/datanode-1/meta/datanode.id
2024-01-29 07:44:00,012 [main] INFO  ozone.HddsDatanodeService (HddsDatanodeService.java:start(239)) - HddsDatanodeService host:fv-az571-724.sssw3dgiwi1e5jwxh1zizygaca.bx.internal.cloudapp.net ip:10.1.0.7
2024-01-29 07:44:00,029 [main] INFO  upgrade.AbstractLayoutVersionManager (AbstractLayoutVersionManager.java:init(83)) - Initializing Layout version manager with metadata layout = HADOOP_PRC_PORTS_IN_DATANODEDETAILS (version = 7), software layout = HADOOP_PRC_PORTS_IN_DATANODEDETAILS (version = 7)
2024-01-29 07:44:00,029 [main] INFO  statemachine.DatanodeStateMachine (DatanodeStateMachine.java:getEndPointTaskThreadPoolSize(299)) - Datanode State Machine Task Thread Pool size 2
2024-01-29 07:44:00,030 [main] INFO  volume.HddsVolume (HddsVolume.java:<init>(125)) - Creating HddsVolume: /home/runner/work/ozone/ozone/hadoop-ozone/integration-test/target/test-dir/MiniOzoneClusterImpl-4c098651-5741-4b11-9e36-c6ca8da28866/datanode-2/data-0/containers/hdds of storage type : DISK capacity : 9223372036854775807
2024-01-29 07:44:00,030 [main] INFO  volume.MutableVolumeSet (MutableVolumeSet.java:initializeVolumeSet(173)) - Added Volume : /home/runner/work/ozone/ozone/hadoop-ozone/integration-test/target/test-dir/MiniOzoneClusterImpl-4c098651-5741-4b11-9e36-c6ca8da28866/datanode-2/data-0/containers/hdds to VolumeSet
2024-01-29 07:44:00,031 [main] INFO  volume.MutableVolumeSet (MutableVolumeSet.java:initializeVolumeSet(173)) - Added Volume : /home/runner/work/ozone/ozone/hadoop-ozone/integration-test/target/test-dir/MiniOzoneClusterImpl-4c098651-5741-4b11-9e36-c6ca8da28866/datanode-2/data/ratis to VolumeSet
2024-01-29 07:44:00,031 [main] INFO  ozoneimpl.OzoneContainer (HddsVolumeUtil.java:loadAllHddsVolumeDbStore(103)) - Load 1 volumes DbStore cost: 0ms
2024-01-29 07:44:00,031 [52eee04e-2e21-4309-a40c-69540fbd71c9-ContainerReader-0] INFO  ozoneimpl.ContainerReader (ContainerReader.java:readVolume(178)) - Finish verifying containers on volume /home/runner/work/ozone/ozone/hadoop-ozone/integration-test/target/test-dir/MiniOzoneClusterImpl-4c098651-5741-4b11-9e36-c6ca8da28866/datanode-2/data-0/containers/hdds
2024-01-29 07:44:00,031 [main] INFO  ozoneimpl.OzoneContainer (OzoneContainer.java:buildContainerSet(328)) - Build ContainerSet costs 0s
2024-01-29 07:44:00,033 [main] INFO  server.RaftServer (ConfUtils.java:logGet(46)) - raft.rpc.type = GRPC (default)
2024-01-29 07:44:00,033 [main] INFO  grpc.GrpcConfigKeys (ConfUtils.java:logFallback(53)) - raft.grpc.admin.host = null (fallback to raft.grpc.server.host)
2024-01-29 07:44:00,033 [main] INFO  grpc.GrpcConfigKeys (ConfUtils.java:logGet(46)) - raft.grpc.admin.port = 15387 (custom)
2024-01-29 07:44:00,034 [main] INFO  grpc.GrpcConfigKeys (ConfUtils.java:logFallback(53)) - raft.grpc.client.host = null (fallback to raft.grpc.server.host)
2024-01-29 07:44:00,034 [main] INFO  grpc.GrpcConfigKeys (ConfUtils.java:logGet(46)) - raft.grpc.client.port = 15386 (custom)
2024-01-29 07:44:00,034 [main] INFO  grpc.GrpcConfigKeys (ConfUtils.java:logGet(46)) - raft.grpc.server.host = null (default)
2024-01-29 07:44:00,034 [main] INFO  grpc.GrpcConfigKeys (ConfUtils.java:logGet(46)) - raft.grpc.server.port = 15388 (custom)
2024-01-29 07:44:00,034 [main] INFO  server.GrpcService (ConfUtils.java:logGet(46)) - raft.grpc.message.size.max = 32MB (=33554432) (custom)
2024-01-29 07:44:00,035 [main] INFO  server.RaftServerConfigKeys (ConfUtils.java:logGet(46)) - raft.server.log.appender.buffer.byte-limit = 8388608 (custom)
2024-01-29 07:44:00,035 [main] INFO  server.GrpcService (ConfUtils.java:logGet(46)) - raft.grpc.flow.control.window = 5MB (=5242880) (custom)
2024-01-29 07:44:00,035 [main] INFO  server.RaftServerConfigKeys (ConfUtils.java:logGet(46)) - raft.server.rpc.request.timeout = 3000ms (default)
2024-01-29 07:44:00,035 [main] INFO  grpc.GrpcConfigKeys (ConfUtils.java:logGet(46)) - raft.grpc.server.heartbeat.channel = true (default)
2024-01-29 07:44:00,035 [main] INFO  grpc.GrpcConfigKeys (ConfUtils.java:logGet(46)) - raft.grpc.server.async.request.thread.pool.cached = true (default)
2024-01-29 07:44:00,036 [main] INFO  grpc.GrpcConfigKeys (ConfUtils.java:logGet(46)) - raft.grpc.server.async.request.thread.pool.size = 32 (default)
2024-01-29 07:44:00,037 [main] INFO  impl.DataStreamServerImpl (ConfUtils.java:logGet(46)) - raft.datastream.type = NETTY (custom)
2024-01-29 07:44:00,037 [main] INFO  server.RaftServerConfigKeys (ConfUtils.java:logGet(46)) - raft.server.data-stream.async.request.thread.pool.cached = false (default)
2024-01-29 07:44:00,038 [main] INFO  server.RaftServerConfigKeys (ConfUtils.java:logGet(46)) - raft.server.data-stream.async.request.thread.pool.size = 20 (custom)
2024-01-29 07:44:00,038 [main] INFO  server.RaftServerConfigKeys (ConfUtils.java:logGet(46)) - raft.server.data-stream.async.write.thread.pool.size = 16 (default)
2024-01-29 07:44:00,038 [main] INFO  netty.NettyConfigKeys$DataStream (ConfUtils.java:logGet(46)) - raft.netty.dataStream.server.channel.inactive.grace-period = 10min (default)
2024-01-29 07:44:00,038 [main] INFO  server.RaftServerConfigKeys (ConfUtils.java:logGet(46)) - raft.server.data-stream.client.pool.size = 10 (default)
2024-01-29 07:44:00,038 [main] INFO  netty.NettyConfigKeys$DataStream (ConfUtils.java:logGet(46)) - raft.netty.dataStream.server.use-epoll = true (default)
2024-01-29 07:44:00,038 [main] INFO  netty.NettyConfigKeys$DataStream (ConfUtils.java:logGet(46)) - raft.netty.dataStream.server.boss-group.size = 0 (default)
2024-01-29 07:44:00,038 [main] INFO  netty.NettyUtils (NettyUtils.java:newEventLoopGroup(69)) - Create EpollEventLoopGroup for 52eee04e-2e21-4309-a40c-69540fbd71c9-NettyServerStreamRpc-bossGroup; Thread size is 0.
2024-01-29 07:44:00,039 [main] INFO  netty.NettyConfigKeys$DataStream (ConfUtils.java:logGet(46)) - raft.netty.dataStream.server.worker-group.size = 0 (default)
2024-01-29 07:44:00,039 [main] INFO  netty.NettyUtils (NettyUtils.java:newEventLoopGroup(69)) - Create EpollEventLoopGroup for 52eee04e-2e21-4309-a40c-69540fbd71c9-NettyServerStreamRpc-workerGroup; Thread size is 0.
2024-01-29 07:44:00,039 [main] INFO  netty.NettyConfigKeys$DataStream (ConfUtils.java:logGet(46)) - raft.netty.dataStream.server.tls.conf = null (default)
2024-01-29 07:44:00,039 [main] INFO  netty.NettyConfigKeys$DataStream (ConfUtils.java:logGet(46)) - raft.netty.dataStream.host = null (default)
2024-01-29 07:44:00,039 [main] INFO  netty.NettyConfigKeys$DataStream (ConfUtils.java:logGet(46)) - raft.netty.dataStream.port = 15389 (custom)
2024-01-29 07:44:00,040 [main] INFO  server.RaftServerConfigKeys (ConfUtils.java:logGet(46)) - raft.server.sleep.deviation.threshold = 300ms (default)
2024-01-29 07:44:00,040 [main] INFO  server.RaftServerConfigKeys (ConfUtils.java:logGet(46)) - raft.server.close.threshold = 60s (default)
2024-01-29 07:44:00,040 [main] INFO  server.RaftServerConfigKeys (ConfUtils.java:logGet(46)) - raft.server.leaderelection.leader.step-down.wait-time = 10s (default)
2024-01-29 07:44:00,040 [52eee04e-2e21-4309-a40c-69540fbd71c9-NettyServerStreamRpc-bossGroup--thread1] INFO  logging.LoggingHandler (AbstractInternalLogger.java:log(148)) - [id: 0xa65de481] REGISTERED
2024-01-29 07:44:00,040 [main] INFO  server.RaftServerConfigKeys (ConfUtils.java:logGet(46)) - raft.server.storage.dir = [/home/runner/work/ozone/ozone/hadoop-ozone/integration-test/target/test-dir/MiniOzoneClusterImpl-4c098651-5741-4b11-9e36-c6ca8da28866/datanode-2/data/ratis] (custom)
2024-01-29 07:44:00,040 [52eee04e-2e21-4309-a40c-69540fbd71c9-NettyServerStreamRpc-bossGroup--thread1] INFO  logging.LoggingHandler (AbstractInternalLogger.java:log(148)) - [id: 0xa65de481] BIND: 0.0.0.0/0.0.0.0:15389
2024-01-29 07:44:00,040 [main] INFO  server.RaftServerConfigKeys (ConfUtils.java:logGet(46)) - raft.server.threadpool.proxy.cached = true (default)
2024-01-29 07:44:00,041 [52eee04e-2e21-4309-a40c-69540fbd71c9-NettyServerStreamRpc-bossGroup--thread1] INFO  logging.LoggingHandler (AbstractInternalLogger.java:log(148)) - [id: 0xa65de481, L:/0.0.0.0:15389] ACTIVE
2024-01-29 07:44:00,041 [main] INFO  server.RaftServerConfigKeys (ConfUtils.java:logGet(46)) - raft.server.threadpool.proxy.size = 0 (default)
2024-01-29 07:44:00,041 [52eee04e-2e21-4309-a40c-69540fbd71c9-impl-thread1] INFO  server.RaftServer (RaftServerProxy.java:initGroupDir(264)) - 52eee04e-2e21-4309-a40c-69540fbd71c9: found a subdirectory /home/runner/work/ozone/ozone/hadoop-ozone/integration-test/target/test-dir/MiniOzoneClusterImpl-4c098651-5741-4b11-9e36-c6ca8da28866/datanode-2/data/ratis/tmp
2024-01-29 07:44:00,041 [52eee04e-2e21-4309-a40c-69540fbd71c9-impl-thread1] INFO  server.RaftServer (RaftServerProxy.java:initGroupDir(269)) - 52eee04e-2e21-4309-a40c-69540fbd71c9: The directory /home/runner/work/ozone/ozone/hadoop-ozone/integration-test/target/test-dir/MiniOzoneClusterImpl-4c098651-5741-4b11-9e36-c6ca8da28866/datanode-2/data/ratis/tmp is not a group directory; ignoring it. 
2024-01-29 07:44:00,041 [main] INFO  replication.ReplicationServer (ReplicationServer.java:<init>(85)) - Initializing replication server with thread count = 10 queue length = 4096
2024-01-29 07:44:00,042 [main] INFO  server.XceiverServerGrpc (XceiverServerGrpc.java:<init>(141)) - GrpcServer channel type EpollServerSocketChannel
2024-01-29 07:44:00,043 [main] INFO  replication.ReplicationSupervisor (ReplicationSupervisor.java:build(163)) - Initializing replication supervisor with thread count = 10
2024-01-29 07:44:00,043 [main] INFO  replication.ReplicationSupervisor (ReplicationSupervisor.java:nodeStateUpdated(317)) - Node state updated to IN_SERVICE, scaling executor pool size to 10
2024-01-29 07:44:00,044 [main] INFO  http.BaseHttpServer (BaseHttpServer.java:newHttpServer2BuilderForOzone(223)) - Starting Web-server for hddsDatanode at: http://0.0.0.0:15383
2024-01-29 07:44:00,045 [main] INFO  http.BaseHttpServer (BaseHttpServer.java:<init>(110)) - Hadoop Security Enabled: false Ozone Security Enabled: false Ozone HTTP Security Enabled: false 
2024-01-29 07:44:00,045 [main] WARN  server.AuthenticationFilter (AuthenticationFilter.java:constructSecretProvider(240)) - Unable to initialize FileSignerSecretProvider, falling back to use random secrets. Reason: Could not read signature secret file: /home/runner/hadoop-http-auth-signature-secret
2024-01-29 07:44:00,046 [main] INFO  http.HttpRequestLog (HttpRequestLog.java:getRequestLog(86)) - Http request log for http.requests.hddsDatanode is not defined
2024-01-29 07:44:00,047 [main] INFO  http.HttpServer2 (HttpServer2.java:addGlobalFilter(1036)) - Added global filter 'safety' (class=org.apache.hadoop.hdds.server.http.HttpServer2$QuotingInputFilter)
2024-01-29 07:44:00,047 [main] INFO  http.HttpServer2 (HttpServer2.java:addFilter(1012)) - Added filter static_user_filter (class=org.apache.hadoop.http.lib.StaticUserWebFilter$StaticUserFilter) to context hddsDatanode
2024-01-29 07:44:00,047 [main] INFO  http.HttpServer2 (HttpServer2.java:addFilter(1020)) - Added filter static_user_filter (class=org.apache.hadoop.http.lib.StaticUserWebFilter$StaticUserFilter) to context logs
2024-01-29 07:44:00,047 [main] INFO  http.HttpServer2 (HttpServer2.java:addFilter(1020)) - Added filter static_user_filter (class=org.apache.hadoop.http.lib.StaticUserWebFilter$StaticUserFilter) to context static
2024-01-29 07:44:00,048 [main] INFO  http.BaseHttpServer (BaseHttpServer.java:<init>(189)) - HTTP server of hddsDatanode uses base directory /home/runner/work/ozone/ozone/hadoop-ozone/integration-test/target/test-dir/MiniOzoneClusterImpl-4c098651-5741-4b11-9e36-c6ca8da28866/datanode-2/meta/webserver
2024-01-29 07:44:00,048 [main] INFO  http.HttpServer2 (HttpServer2.java:bindListener(1236)) - Jetty bound to port 15383
2024-01-29 07:44:00,048 [main] INFO  server.Server (Server.java:doStart(375)) - jetty-9.4.53.v20231009; built: 2023-10-09T12:29:09.265Z; git: 27bde00a0b95a1d5bbee0eae7984f891d2d0f8c9; jvm 1.8.0_392-b08
2024-01-29 07:44:00,049 [main] INFO  server.session (DefaultSessionIdManager.java:doStart(334)) - DefaultSessionIdManager workerName=node0
2024-01-29 07:44:00,049 [main] INFO  server.session (DefaultSessionIdManager.java:doStart(339)) - No SessionScavenger set, using defaults
2024-01-29 07:44:00,049 [main] INFO  server.session (HouseKeeper.java:startScavenging(132)) - node0 Scavenging every 600000ms
2024-01-29 07:44:00,050 [main] INFO  handler.ContextHandler (ContextHandler.java:doStart(921)) - Started o.e.j.s.ServletContextHandler@6b6090d4{logs,/logs,file:///home/runner/work/ozone/ozone/hadoop-ozone/integration-test/target/log,AVAILABLE}
2024-01-29 07:44:00,050 [main] INFO  handler.ContextHandler (ContextHandler.java:doStart(921)) - Started o.e.j.s.ServletContextHandler@7f62cea{static,/static,jar:file:/home/runner/.m2/repository/org/apache/ozone/hdds-container-service/1.5.0-SNAPSHOT/hdds-container-service-1.5.0-SNAPSHOT.jar!/webapps/static,AVAILABLE}
2024-01-29 07:44:00,082 [main] INFO  handler.ContextHandler (ContextHandler.java:doStart(921)) - Started o.e.j.w.WebAppContext@487c412f{hddsDatanode,/,file:///home/runner/work/ozone/ozone/hadoop-ozone/integration-test/target/test-dir/MiniOzoneClusterImpl-4c098651-5741-4b11-9e36-c6ca8da28866/datanode-2/meta/webserver/jetty-0_0_0_0-15383-hdds-container-service-1_5_0-SNAPSHOT_jar-_-any-8174589327263357649/webapp/,AVAILABLE}{jar:file:/home/runner/.m2/repository/org/apache/ozone/hdds-container-service/1.5.0-SNAPSHOT/hdds-container-service-1.5.0-SNAPSHOT.jar!/webapps/hddsDatanode}
2024-01-29 07:44:00,084 [main] INFO  server.AbstractConnector (AbstractConnector.java:doStart(333)) - Started ServerConnector@47b4de76{HTTP/1.1, (http/1.1)}{0.0.0.0:15383}
2024-01-29 07:44:00,084 [main] INFO  server.Server (Server.java:doStart(415)) - Started @134188ms
2024-01-29 07:44:00,084 [main] WARN  impl.MetricsSystemImpl (MetricsSystemImpl.java:register(279)) - Sink prometheus already exists!
2024-01-29 07:44:00,085 [main] INFO  http.BaseHttpServer (BaseHttpServer.java:updateConnectorAddress(354)) - HTTP server of hddsDatanode listening at http://0.0.0.0:15383
2024-01-29 07:44:00,085 [main] INFO  ipc.CallQueueManager (CallQueueManager.java:<init>(90)) - Using callQueue: class java.util.concurrent.LinkedBlockingQueue, queueCapacity: 100, scheduler: class org.apache.hadoop.ipc.DefaultRpcScheduler, ipcBackoff: false.
2024-01-29 07:44:00,085 [main] INFO  ipc.Server (Server.java:<init>(1287)) - Listener at 0.0.0.0:15384
2024-01-29 07:44:00,086 [Socket Reader #1 for port 15384] INFO  ipc.Server (Server.java:run(1323)) - Starting Socket Reader #1 for port 15384
2024-01-29 07:44:00,090 [main] INFO  ozone.HddsDatanodeService (HddsDatanodeService.java:start(324)) - Datanode start with admins: [runner]
2024-01-29 07:44:00,090 [main] INFO  ozone.HddsDatanodeClientProtocolServer (HddsDatanodeClientProtocolServer.java:start(72)) - RPC server for Client /0.0.0.0:15384
2024-01-29 07:44:00,091 [IPC Server Responder] INFO  ipc.Server (Server.java:run(1562)) - IPC Server Responder: starting
2024-01-29 07:44:00,091 [IPC Server listener on 15384] INFO  ipc.Server (Server.java:run(1402)) - IPC Server listener on 15384: starting
2024-01-29 07:44:00,092 [52eee04e-2e21-4309-a40c-69540fbd71c9-DatanodeStateMachineDaemonThread] INFO  statemachine.DatanodeStateMachine (DatanodeStateMachine.java:lambda$startDaemon$1(555)) - Ozone container server started.
2024-01-29 07:44:00,092 [main] WARN  dropwizard3.Dm3MetricRegistriesImpl (Dm3MetricRegistriesImpl.java:addReporterRegistration(113)) - New reporters are added after registries were created. Some metrics will be missing from the reporter. Please add reporter before adding any new registry.
2024-01-29 07:44:00,093 [main] WARN  dropwizard3.Dm3MetricRegistriesImpl (Dm3MetricRegistriesImpl.java:addReporterRegistration(113)) - New reporters are added after registries were created. Some metrics will be missing from the reporter. Please add reporter before adding any new registry.
2024-01-29 07:44:00,093 [main] INFO  impl.MetricsSystemImpl (MetricsSystemImpl.java:init(158)) - HddsDatanode metrics system started (again)
2024-01-29 07:44:00,099 [52eee04e-2e21-4309-a40c-69540fbd71c9-DatanodeStateMachineTaskThread-0] INFO  datanode.InitDatanodeState (InitDatanodeState.java:persistContainerDatanodeDetails(139)) - DatanodeDetails is persisted to /home/runner/work/ozone/ozone/hadoop-ozone/integration-test/target/test-dir/MiniOzoneClusterImpl-4c098651-5741-4b11-9e36-c6ca8da28866/datanode-2/meta/datanode.id
2024-01-29 07:44:00,102 [main] INFO  ozone.HddsDatanodeService (HddsDatanodeService.java:start(239)) - HddsDatanodeService host:fv-az571-724.sssw3dgiwi1e5jwxh1zizygaca.bx.internal.cloudapp.net ip:10.1.0.7
2024-01-29 07:44:00,116 [main] INFO  upgrade.AbstractLayoutVersionManager (AbstractLayoutVersionManager.java:init(83)) - Initializing Layout version manager with metadata layout = HADOOP_PRC_PORTS_IN_DATANODEDETAILS (version = 7), software layout = HADOOP_PRC_PORTS_IN_DATANODEDETAILS (version = 7)
2024-01-29 07:44:00,116 [main] INFO  statemachine.DatanodeStateMachine (DatanodeStateMachine.java:getEndPointTaskThreadPoolSize(299)) - Datanode State Machine Task Thread Pool size 2
2024-01-29 07:44:00,117 [main] INFO  volume.HddsVolume (HddsVolume.java:<init>(125)) - Creating HddsVolume: /home/runner/work/ozone/ozone/hadoop-ozone/integration-test/target/test-dir/MiniOzoneClusterImpl-4c098651-5741-4b11-9e36-c6ca8da28866/datanode-3/data-0/containers/hdds of storage type : DISK capacity : 9223372036854775807
2024-01-29 07:44:00,117 [main] INFO  volume.MutableVolumeSet (MutableVolumeSet.java:initializeVolumeSet(173)) - Added Volume : /home/runner/work/ozone/ozone/hadoop-ozone/integration-test/target/test-dir/MiniOzoneClusterImpl-4c098651-5741-4b11-9e36-c6ca8da28866/datanode-3/data-0/containers/hdds to VolumeSet
2024-01-29 07:44:00,118 [main] INFO  volume.MutableVolumeSet (MutableVolumeSet.java:initializeVolumeSet(173)) - Added Volume : /home/runner/work/ozone/ozone/hadoop-ozone/integration-test/target/test-dir/MiniOzoneClusterImpl-4c098651-5741-4b11-9e36-c6ca8da28866/datanode-3/data/ratis to VolumeSet
2024-01-29 07:44:00,118 [main] INFO  ozoneimpl.OzoneContainer (HddsVolumeUtil.java:loadAllHddsVolumeDbStore(103)) - Load 1 volumes DbStore cost: 0ms
2024-01-29 07:44:00,119 [9deec6a2-e137-4b51-9c1f-847336f03f34-ContainerReader-0] INFO  ozoneimpl.ContainerReader (ContainerReader.java:readVolume(178)) - Finish verifying containers on volume /home/runner/work/ozone/ozone/hadoop-ozone/integration-test/target/test-dir/MiniOzoneClusterImpl-4c098651-5741-4b11-9e36-c6ca8da28866/datanode-3/data-0/containers/hdds
2024-01-29 07:44:00,119 [main] INFO  ozoneimpl.OzoneContainer (OzoneContainer.java:buildContainerSet(328)) - Build ContainerSet costs 0s
2024-01-29 07:44:00,120 [main] INFO  server.RaftServer (ConfUtils.java:logGet(46)) - raft.rpc.type = GRPC (default)
2024-01-29 07:44:00,120 [main] INFO  grpc.GrpcConfigKeys (ConfUtils.java:logFallback(53)) - raft.grpc.admin.host = null (fallback to raft.grpc.server.host)
2024-01-29 07:44:00,120 [main] INFO  grpc.GrpcConfigKeys (ConfUtils.java:logGet(46)) - raft.grpc.admin.port = 15396 (custom)
2024-01-29 07:44:00,121 [main] INFO  grpc.GrpcConfigKeys (ConfUtils.java:logFallback(53)) - raft.grpc.client.host = null (fallback to raft.grpc.server.host)
2024-01-29 07:44:00,121 [main] INFO  grpc.GrpcConfigKeys (ConfUtils.java:logGet(46)) - raft.grpc.client.port = 15395 (custom)
2024-01-29 07:44:00,121 [main] INFO  grpc.GrpcConfigKeys (ConfUtils.java:logGet(46)) - raft.grpc.server.host = null (default)
2024-01-29 07:44:00,121 [main] INFO  grpc.GrpcConfigKeys (ConfUtils.java:logGet(46)) - raft.grpc.server.port = 15397 (custom)
2024-01-29 07:44:00,121 [main] INFO  server.GrpcService (ConfUtils.java:logGet(46)) - raft.grpc.message.size.max = 32MB (=33554432) (custom)
2024-01-29 07:44:00,121 [main] INFO  server.RaftServerConfigKeys (ConfUtils.java:logGet(46)) - raft.server.log.appender.buffer.byte-limit = 8388608 (custom)
2024-01-29 07:44:00,121 [main] INFO  server.GrpcService (ConfUtils.java:logGet(46)) - raft.grpc.flow.control.window = 5MB (=5242880) (custom)
2024-01-29 07:44:00,122 [main] INFO  server.RaftServerConfigKeys (ConfUtils.java:logGet(46)) - raft.server.rpc.request.timeout = 3000ms (default)
2024-01-29 07:44:00,122 [main] INFO  grpc.GrpcConfigKeys (ConfUtils.java:logGet(46)) - raft.grpc.server.heartbeat.channel = true (default)
2024-01-29 07:44:00,122 [main] INFO  grpc.GrpcConfigKeys (ConfUtils.java:logGet(46)) - raft.grpc.server.async.request.thread.pool.cached = true (default)
2024-01-29 07:44:00,122 [main] INFO  grpc.GrpcConfigKeys (ConfUtils.java:logGet(46)) - raft.grpc.server.async.request.thread.pool.size = 32 (default)
2024-01-29 07:44:00,124 [main] INFO  impl.DataStreamServerImpl (ConfUtils.java:logGet(46)) - raft.datastream.type = NETTY (custom)
2024-01-29 07:44:00,124 [main] INFO  server.RaftServerConfigKeys (ConfUtils.java:logGet(46)) - raft.server.data-stream.async.request.thread.pool.cached = false (default)
2024-01-29 07:44:00,124 [main] INFO  server.RaftServerConfigKeys (ConfUtils.java:logGet(46)) - raft.server.data-stream.async.request.thread.pool.size = 20 (custom)
2024-01-29 07:44:00,124 [main] INFO  server.RaftServerConfigKeys (ConfUtils.java:logGet(46)) - raft.server.data-stream.async.write.thread.pool.size = 16 (default)
2024-01-29 07:44:00,124 [main] INFO  netty.NettyConfigKeys$DataStream (ConfUtils.java:logGet(46)) - raft.netty.dataStream.server.channel.inactive.grace-period = 10min (default)
2024-01-29 07:44:00,124 [main] INFO  server.RaftServerConfigKeys (ConfUtils.java:logGet(46)) - raft.server.data-stream.client.pool.size = 10 (default)
2024-01-29 07:44:00,125 [main] INFO  netty.NettyConfigKeys$DataStream (ConfUtils.java:logGet(46)) - raft.netty.dataStream.server.use-epoll = true (default)
2024-01-29 07:44:00,125 [main] INFO  netty.NettyConfigKeys$DataStream (ConfUtils.java:logGet(46)) - raft.netty.dataStream.server.boss-group.size = 0 (default)
2024-01-29 07:44:00,125 [main] INFO  netty.NettyUtils (NettyUtils.java:newEventLoopGroup(69)) - Create EpollEventLoopGroup for 9deec6a2-e137-4b51-9c1f-847336f03f34-NettyServerStreamRpc-bossGroup; Thread size is 0.
2024-01-29 07:44:00,125 [main] INFO  netty.NettyConfigKeys$DataStream (ConfUtils.java:logGet(46)) - raft.netty.dataStream.server.worker-group.size = 0 (default)
2024-01-29 07:44:00,125 [main] INFO  netty.NettyUtils (NettyUtils.java:newEventLoopGroup(69)) - Create EpollEventLoopGroup for 9deec6a2-e137-4b51-9c1f-847336f03f34-NettyServerStreamRpc-workerGroup; Thread size is 0.
2024-01-29 07:44:00,126 [main] INFO  netty.NettyConfigKeys$DataStream (ConfUtils.java:logGet(46)) - raft.netty.dataStream.server.tls.conf = null (default)
2024-01-29 07:44:00,126 [main] INFO  netty.NettyConfigKeys$DataStream (ConfUtils.java:logGet(46)) - raft.netty.dataStream.host = null (default)
2024-01-29 07:44:00,126 [main] INFO  netty.NettyConfigKeys$DataStream (ConfUtils.java:logGet(46)) - raft.netty.dataStream.port = 15398 (custom)
2024-01-29 07:44:00,126 [main] INFO  server.RaftServerConfigKeys (ConfUtils.java:logGet(46)) - raft.server.sleep.deviation.threshold = 300ms (default)
2024-01-29 07:44:00,126 [main] INFO  server.RaftServerConfigKeys (ConfUtils.java:logGet(46)) - raft.server.close.threshold = 60s (default)
2024-01-29 07:44:00,126 [main] INFO  server.RaftServerConfigKeys (ConfUtils.java:logGet(46)) - raft.server.leaderelection.leader.step-down.wait-time = 10s (default)
2024-01-29 07:44:00,127 [main] INFO  server.RaftServerConfigKeys (ConfUtils.java:logGet(46)) - raft.server.storage.dir = [/home/runner/work/ozone/ozone/hadoop-ozone/integration-test/target/test-dir/MiniOzoneClusterImpl-4c098651-5741-4b11-9e36-c6ca8da28866/datanode-3/data/ratis] (custom)
2024-01-29 07:44:00,127 [main] INFO  server.RaftServerConfigKeys (ConfUtils.java:logGet(46)) - raft.server.threadpool.proxy.cached = true (default)
2024-01-29 07:44:00,127 [main] INFO  server.RaftServerConfigKeys (ConfUtils.java:logGet(46)) - raft.server.threadpool.proxy.size = 0 (default)
2024-01-29 07:44:00,126 [9deec6a2-e137-4b51-9c1f-847336f03f34-NettyServerStreamRpc-bossGroup--thread1] INFO  logging.LoggingHandler (AbstractInternalLogger.java:log(148)) - [id: 0x1a344d27] REGISTERED
2024-01-29 07:44:00,127 [9deec6a2-e137-4b51-9c1f-847336f03f34-NettyServerStreamRpc-bossGroup--thread1] INFO  logging.LoggingHandler (AbstractInternalLogger.java:log(148)) - [id: 0x1a344d27] BIND: 0.0.0.0/0.0.0.0:15398
2024-01-29 07:44:00,127 [9deec6a2-e137-4b51-9c1f-847336f03f34-NettyServerStreamRpc-bossGroup--thread1] INFO  logging.LoggingHandler (AbstractInternalLogger.java:log(148)) - [id: 0x1a344d27, L:/0.0.0.0:15398] ACTIVE
2024-01-29 07:44:00,128 [9deec6a2-e137-4b51-9c1f-847336f03f34-impl-thread1] INFO  server.RaftServer (RaftServerProxy.java:initGroupDir(264)) - 9deec6a2-e137-4b51-9c1f-847336f03f34: found a subdirectory /home/runner/work/ozone/ozone/hadoop-ozone/integration-test/target/test-dir/MiniOzoneClusterImpl-4c098651-5741-4b11-9e36-c6ca8da28866/datanode-3/data/ratis/tmp
2024-01-29 07:44:00,128 [9deec6a2-e137-4b51-9c1f-847336f03f34-impl-thread1] INFO  server.RaftServer (RaftServerProxy.java:initGroupDir(269)) - 9deec6a2-e137-4b51-9c1f-847336f03f34: The directory /home/runner/work/ozone/ozone/hadoop-ozone/integration-test/target/test-dir/MiniOzoneClusterImpl-4c098651-5741-4b11-9e36-c6ca8da28866/datanode-3/data/ratis/tmp is not a group directory; ignoring it. 
2024-01-29 07:44:00,128 [main] INFO  replication.ReplicationServer (ReplicationServer.java:<init>(85)) - Initializing replication server with thread count = 10 queue length = 4096
2024-01-29 07:44:00,129 [main] INFO  server.XceiverServerGrpc (XceiverServerGrpc.java:<init>(141)) - GrpcServer channel type EpollServerSocketChannel
2024-01-29 07:44:00,130 [main] INFO  replication.ReplicationSupervisor (ReplicationSupervisor.java:build(163)) - Initializing replication supervisor with thread count = 10
2024-01-29 07:44:00,130 [main] INFO  replication.ReplicationSupervisor (ReplicationSupervisor.java:nodeStateUpdated(317)) - Node state updated to IN_SERVICE, scaling executor pool size to 10
2024-01-29 07:44:00,132 [main] INFO  http.BaseHttpServer (BaseHttpServer.java:newHttpServer2BuilderForOzone(223)) - Starting Web-server for hddsDatanode at: http://0.0.0.0:15392
2024-01-29 07:44:00,133 [main] INFO  http.BaseHttpServer (BaseHttpServer.java:<init>(110)) - Hadoop Security Enabled: false Ozone Security Enabled: false Ozone HTTP Security Enabled: false 
2024-01-29 07:44:00,133 [main] WARN  server.AuthenticationFilter (AuthenticationFilter.java:constructSecretProvider(240)) - Unable to initialize FileSignerSecretProvider, falling back to use random secrets. Reason: Could not read signature secret file: /home/runner/hadoop-http-auth-signature-secret
2024-01-29 07:44:00,134 [main] INFO  http.HttpRequestLog (HttpRequestLog.java:getRequestLog(86)) - Http request log for http.requests.hddsDatanode is not defined
2024-01-29 07:44:00,135 [main] INFO  http.HttpServer2 (HttpServer2.java:addGlobalFilter(1036)) - Added global filter 'safety' (class=org.apache.hadoop.hdds.server.http.HttpServer2$QuotingInputFilter)
2024-01-29 07:44:00,135 [main] INFO  http.HttpServer2 (HttpServer2.java:addFilter(1012)) - Added filter static_user_filter (class=org.apache.hadoop.http.lib.StaticUserWebFilter$StaticUserFilter) to context hddsDatanode
2024-01-29 07:44:00,135 [main] INFO  http.HttpServer2 (HttpServer2.java:addFilter(1020)) - Added filter static_user_filter (class=org.apache.hadoop.http.lib.StaticUserWebFilter$StaticUserFilter) to context static
2024-01-29 07:44:00,135 [main] INFO  http.HttpServer2 (HttpServer2.java:addFilter(1020)) - Added filter static_user_filter (class=org.apache.hadoop.http.lib.StaticUserWebFilter$StaticUserFilter) to context logs
2024-01-29 07:44:00,136 [main] INFO  http.BaseHttpServer (BaseHttpServer.java:<init>(189)) - HTTP server of hddsDatanode uses base directory /home/runner/work/ozone/ozone/hadoop-ozone/integration-test/target/test-dir/MiniOzoneClusterImpl-4c098651-5741-4b11-9e36-c6ca8da28866/datanode-3/meta/webserver
2024-01-29 07:44:00,136 [main] INFO  http.HttpServer2 (HttpServer2.java:bindListener(1236)) - Jetty bound to port 15392
2024-01-29 07:44:00,136 [main] INFO  server.Server (Server.java:doStart(375)) - jetty-9.4.53.v20231009; built: 2023-10-09T12:29:09.265Z; git: 27bde00a0b95a1d5bbee0eae7984f891d2d0f8c9; jvm 1.8.0_392-b08
2024-01-29 07:44:00,140 [main] INFO  server.session (DefaultSessionIdManager.java:doStart(334)) - DefaultSessionIdManager workerName=node0
2024-01-29 07:44:00,140 [main] INFO  server.session (DefaultSessionIdManager.java:doStart(339)) - No SessionScavenger set, using defaults
2024-01-29 07:44:00,140 [main] INFO  server.session (HouseKeeper.java:startScavenging(132)) - node0 Scavenging every 660000ms
2024-01-29 07:44:00,141 [main] INFO  handler.ContextHandler (ContextHandler.java:doStart(921)) - Started o.e.j.s.ServletContextHandler@46ec2d20{logs,/logs,file:///home/runner/work/ozone/ozone/hadoop-ozone/integration-test/target/log,AVAILABLE}
2024-01-29 07:44:00,141 [main] INFO  handler.ContextHandler (ContextHandler.java:doStart(921)) - Started o.e.j.s.ServletContextHandler@413ba79b{static,/static,jar:file:/home/runner/.m2/repository/org/apache/ozone/hdds-container-service/1.5.0-SNAPSHOT/hdds-container-service-1.5.0-SNAPSHOT.jar!/webapps/static,AVAILABLE}
2024-01-29 07:44:00,173 [main] INFO  handler.ContextHandler (ContextHandler.java:doStart(921)) - Started o.e.j.w.WebAppContext@3f62d243{hddsDatanode,/,file:///home/runner/work/ozone/ozone/hadoop-ozone/integration-test/target/test-dir/MiniOzoneClusterImpl-4c098651-5741-4b11-9e36-c6ca8da28866/datanode-3/meta/webserver/jetty-0_0_0_0-15392-hdds-container-service-1_5_0-SNAPSHOT_jar-_-any-2826021728514447858/webapp/,AVAILABLE}{jar:file:/home/runner/.m2/repository/org/apache/ozone/hdds-container-service/1.5.0-SNAPSHOT/hdds-container-service-1.5.0-SNAPSHOT.jar!/webapps/hddsDatanode}
2024-01-29 07:44:00,175 [main] INFO  server.AbstractConnector (AbstractConnector.java:doStart(333)) - Started ServerConnector@2202873e{HTTP/1.1, (http/1.1)}{0.0.0.0:15392}
2024-01-29 07:44:00,175 [main] INFO  server.Server (Server.java:doStart(415)) - Started @134279ms
2024-01-29 07:44:00,175 [main] WARN  impl.MetricsSystemImpl (MetricsSystemImpl.java:register(279)) - Sink prometheus already exists!
2024-01-29 07:44:00,175 [main] INFO  http.BaseHttpServer (BaseHttpServer.java:updateConnectorAddress(354)) - HTTP server of hddsDatanode listening at http://0.0.0.0:15392
2024-01-29 07:44:00,176 [main] INFO  ipc.CallQueueManager (CallQueueManager.java:<init>(90)) - Using callQueue: class java.util.concurrent.LinkedBlockingQueue, queueCapacity: 100, scheduler: class org.apache.hadoop.ipc.DefaultRpcScheduler, ipcBackoff: false.
2024-01-29 07:44:00,176 [main] INFO  ipc.Server (Server.java:<init>(1287)) - Listener at 0.0.0.0:15393
2024-01-29 07:44:00,176 [Socket Reader #1 for port 15393] INFO  ipc.Server (Server.java:run(1323)) - Starting Socket Reader #1 for port 15393
2024-01-29 07:44:00,177 [main] INFO  ozone.HddsDatanodeService (HddsDatanodeService.java:start(324)) - Datanode start with admins: [runner]
2024-01-29 07:44:00,178 [main] INFO  ozone.HddsDatanodeClientProtocolServer (HddsDatanodeClientProtocolServer.java:start(72)) - RPC server for Client /0.0.0.0:15393
2024-01-29 07:44:00,178 [IPC Server Responder] INFO  ipc.Server (Server.java:run(1562)) - IPC Server Responder: starting
2024-01-29 07:44:00,178 [IPC Server listener on 15393] INFO  ipc.Server (Server.java:run(1402)) - IPC Server listener on 15393: starting
2024-01-29 07:44:00,179 [9deec6a2-e137-4b51-9c1f-847336f03f34-DatanodeStateMachineDaemonThread] INFO  statemachine.DatanodeStateMachine (DatanodeStateMachine.java:lambda$startDaemon$1(555)) - Ozone container server started.
2024-01-29 07:44:00,179 [main] WARN  dropwizard3.Dm3MetricRegistriesImpl (Dm3MetricRegistriesImpl.java:addReporterRegistration(113)) - New reporters are added after registries were created. Some metrics will be missing from the reporter. Please add reporter before adding any new registry.
2024-01-29 07:44:00,180 [main] WARN  dropwizard3.Dm3MetricRegistriesImpl (Dm3MetricRegistriesImpl.java:addReporterRegistration(113)) - New reporters are added after registries were created. Some metrics will be missing from the reporter. Please add reporter before adding any new registry.
2024-01-29 07:44:00,180 [main] INFO  impl.MetricsSystemImpl (MetricsSystemImpl.java:init(158)) - HddsDatanode metrics system started (again)
2024-01-29 07:44:00,182 [9deec6a2-e137-4b51-9c1f-847336f03f34-DatanodeStateMachineTaskThread-0] INFO  datanode.InitDatanodeState (InitDatanodeState.java:persistContainerDatanodeDetails(139)) - DatanodeDetails is persisted to /home/runner/work/ozone/ozone/hadoop-ozone/integration-test/target/test-dir/MiniOzoneClusterImpl-4c098651-5741-4b11-9e36-c6ca8da28866/datanode-3/meta/datanode.id
2024-01-29 07:44:00,189 [main] INFO  ozone.HddsDatanodeService (HddsDatanodeService.java:start(239)) - HddsDatanodeService host:fv-az571-724.sssw3dgiwi1e5jwxh1zizygaca.bx.internal.cloudapp.net ip:10.1.0.7
2024-01-29 07:44:00,203 [main] INFO  upgrade.AbstractLayoutVersionManager (AbstractLayoutVersionManager.java:init(83)) - Initializing Layout version manager with metadata layout = HADOOP_PRC_PORTS_IN_DATANODEDETAILS (version = 7), software layout = HADOOP_PRC_PORTS_IN_DATANODEDETAILS (version = 7)
2024-01-29 07:44:00,203 [main] INFO  statemachine.DatanodeStateMachine (DatanodeStateMachine.java:getEndPointTaskThreadPoolSize(299)) - Datanode State Machine Task Thread Pool size 2
2024-01-29 07:44:00,204 [main] INFO  volume.HddsVolume (HddsVolume.java:<init>(125)) - Creating HddsVolume: /home/runner/work/ozone/ozone/hadoop-ozone/integration-test/target/test-dir/MiniOzoneClusterImpl-4c098651-5741-4b11-9e36-c6ca8da28866/datanode-4/data-0/containers/hdds of storage type : DISK capacity : 9223372036854775807
2024-01-29 07:44:00,204 [main] INFO  volume.MutableVolumeSet (MutableVolumeSet.java:initializeVolumeSet(173)) - Added Volume : /home/runner/work/ozone/ozone/hadoop-ozone/integration-test/target/test-dir/MiniOzoneClusterImpl-4c098651-5741-4b11-9e36-c6ca8da28866/datanode-4/data-0/containers/hdds to VolumeSet
2024-01-29 07:44:00,205 [main] INFO  volume.MutableVolumeSet (MutableVolumeSet.java:initializeVolumeSet(173)) - Added Volume : /home/runner/work/ozone/ozone/hadoop-ozone/integration-test/target/test-dir/MiniOzoneClusterImpl-4c098651-5741-4b11-9e36-c6ca8da28866/datanode-4/data/ratis to VolumeSet
2024-01-29 07:44:00,205 [main] INFO  ozoneimpl.OzoneContainer (HddsVolumeUtil.java:loadAllHddsVolumeDbStore(103)) - Load 1 volumes DbStore cost: 0ms
2024-01-29 07:44:00,206 [ae994d2b-07e5-4c7e-bc1d-199b697c7c17-ContainerReader-0] INFO  ozoneimpl.ContainerReader (ContainerReader.java:readVolume(178)) - Finish verifying containers on volume /home/runner/work/ozone/ozone/hadoop-ozone/integration-test/target/test-dir/MiniOzoneClusterImpl-4c098651-5741-4b11-9e36-c6ca8da28866/datanode-4/data-0/containers/hdds
2024-01-29 07:44:00,206 [main] INFO  ozoneimpl.OzoneContainer (OzoneContainer.java:buildContainerSet(328)) - Build ContainerSet costs 0s
2024-01-29 07:44:00,207 [main] INFO  server.RaftServer (ConfUtils.java:logGet(46)) - raft.rpc.type = GRPC (default)
2024-01-29 07:44:00,207 [main] INFO  grpc.GrpcConfigKeys (ConfUtils.java:logFallback(53)) - raft.grpc.admin.host = null (fallback to raft.grpc.server.host)
2024-01-29 07:44:00,208 [main] INFO  grpc.GrpcConfigKeys (ConfUtils.java:logGet(46)) - raft.grpc.admin.port = 15405 (custom)
2024-01-29 07:44:00,208 [main] INFO  grpc.GrpcConfigKeys (ConfUtils.java:logFallback(53)) - raft.grpc.client.host = null (fallback to raft.grpc.server.host)
2024-01-29 07:44:00,208 [main] INFO  grpc.GrpcConfigKeys (ConfUtils.java:logGet(46)) - raft.grpc.client.port = 15404 (custom)
2024-01-29 07:44:00,208 [main] INFO  grpc.GrpcConfigKeys (ConfUtils.java:logGet(46)) - raft.grpc.server.host = null (default)
2024-01-29 07:44:00,208 [main] INFO  grpc.GrpcConfigKeys (ConfUtils.java:logGet(46)) - raft.grpc.server.port = 15406 (custom)
2024-01-29 07:44:00,208 [main] INFO  server.GrpcService (ConfUtils.java:logGet(46)) - raft.grpc.message.size.max = 32MB (=33554432) (custom)
2024-01-29 07:44:00,208 [main] INFO  server.RaftServerConfigKeys (ConfUtils.java:logGet(46)) - raft.server.log.appender.buffer.byte-limit = 8388608 (custom)
2024-01-29 07:44:00,209 [main] INFO  server.GrpcService (ConfUtils.java:logGet(46)) - raft.grpc.flow.control.window = 5MB (=5242880) (custom)
2024-01-29 07:44:00,209 [main] INFO  server.RaftServerConfigKeys (ConfUtils.java:logGet(46)) - raft.server.rpc.request.timeout = 3000ms (default)
2024-01-29 07:44:00,209 [main] INFO  grpc.GrpcConfigKeys (ConfUtils.java:logGet(46)) - raft.grpc.server.heartbeat.channel = true (default)
2024-01-29 07:44:00,209 [main] INFO  grpc.GrpcConfigKeys (ConfUtils.java:logGet(46)) - raft.grpc.server.async.request.thread.pool.cached = true (default)
2024-01-29 07:44:00,209 [main] INFO  grpc.GrpcConfigKeys (ConfUtils.java:logGet(46)) - raft.grpc.server.async.request.thread.pool.size = 32 (default)
2024-01-29 07:44:00,211 [main] INFO  impl.DataStreamServerImpl (ConfUtils.java:logGet(46)) - raft.datastream.type = NETTY (custom)
2024-01-29 07:44:00,211 [main] INFO  server.RaftServerConfigKeys (ConfUtils.java:logGet(46)) - raft.server.data-stream.async.request.thread.pool.cached = false (default)
2024-01-29 07:44:00,211 [main] INFO  server.RaftServerConfigKeys (ConfUtils.java:logGet(46)) - raft.server.data-stream.async.request.thread.pool.size = 20 (custom)
2024-01-29 07:44:00,212 [main] INFO  server.RaftServerConfigKeys (ConfUtils.java:logGet(46)) - raft.server.data-stream.async.write.thread.pool.size = 16 (default)
2024-01-29 07:44:00,212 [main] INFO  netty.NettyConfigKeys$DataStream (ConfUtils.java:logGet(46)) - raft.netty.dataStream.server.channel.inactive.grace-period = 10min (default)
2024-01-29 07:44:00,212 [main] INFO  server.RaftServerConfigKeys (ConfUtils.java:logGet(46)) - raft.server.data-stream.client.pool.size = 10 (default)
2024-01-29 07:44:00,212 [main] INFO  netty.NettyConfigKeys$DataStream (ConfUtils.java:logGet(46)) - raft.netty.dataStream.server.use-epoll = true (default)
2024-01-29 07:44:00,212 [main] INFO  netty.NettyConfigKeys$DataStream (ConfUtils.java:logGet(46)) - raft.netty.dataStream.server.boss-group.size = 0 (default)
2024-01-29 07:44:00,212 [main] INFO  netty.NettyUtils (NettyUtils.java:newEventLoopGroup(69)) - Create EpollEventLoopGroup for ae994d2b-07e5-4c7e-bc1d-199b697c7c17-NettyServerStreamRpc-bossGroup; Thread size is 0.
2024-01-29 07:44:00,212 [main] INFO  netty.NettyConfigKeys$DataStream (ConfUtils.java:logGet(46)) - raft.netty.dataStream.server.worker-group.size = 0 (default)
2024-01-29 07:44:00,213 [main] INFO  netty.NettyUtils (NettyUtils.java:newEventLoopGroup(69)) - Create EpollEventLoopGroup for ae994d2b-07e5-4c7e-bc1d-199b697c7c17-NettyServerStreamRpc-workerGroup; Thread size is 0.
2024-01-29 07:44:00,213 [main] INFO  netty.NettyConfigKeys$DataStream (ConfUtils.java:logGet(46)) - raft.netty.dataStream.server.tls.conf = null (default)
2024-01-29 07:44:00,213 [main] INFO  netty.NettyConfigKeys$DataStream (ConfUtils.java:logGet(46)) - raft.netty.dataStream.host = null (default)
2024-01-29 07:44:00,213 [main] INFO  netty.NettyConfigKeys$DataStream (ConfUtils.java:logGet(46)) - raft.netty.dataStream.port = 15407 (custom)
2024-01-29 07:44:00,213 [main] INFO  server.RaftServerConfigKeys (ConfUtils.java:logGet(46)) - raft.server.sleep.deviation.threshold = 300ms (default)
2024-01-29 07:44:00,213 [main] INFO  server.RaftServerConfigKeys (ConfUtils.java:logGet(46)) - raft.server.close.threshold = 60s (default)
2024-01-29 07:44:00,214 [main] INFO  server.RaftServerConfigKeys (ConfUtils.java:logGet(46)) - raft.server.leaderelection.leader.step-down.wait-time = 10s (default)
2024-01-29 07:44:00,214 [main] INFO  server.RaftServerConfigKeys (ConfUtils.java:logGet(46)) - raft.server.storage.dir = [/home/runner/work/ozone/ozone/hadoop-ozone/integration-test/target/test-dir/MiniOzoneClusterImpl-4c098651-5741-4b11-9e36-c6ca8da28866/datanode-4/data/ratis] (custom)
2024-01-29 07:44:00,214 [main] INFO  server.RaftServerConfigKeys (ConfUtils.java:logGet(46)) - raft.server.threadpool.proxy.cached = true (default)
2024-01-29 07:44:00,214 [main] INFO  server.RaftServerConfigKeys (ConfUtils.java:logGet(46)) - raft.server.threadpool.proxy.size = 0 (default)
2024-01-29 07:44:00,214 [ae994d2b-07e5-4c7e-bc1d-199b697c7c17-impl-thread1] INFO  server.RaftServer (RaftServerProxy.java:initGroupDir(264)) - ae994d2b-07e5-4c7e-bc1d-199b697c7c17: found a subdirectory /home/runner/work/ozone/ozone/hadoop-ozone/integration-test/target/test-dir/MiniOzoneClusterImpl-4c098651-5741-4b11-9e36-c6ca8da28866/datanode-4/data/ratis/tmp
2024-01-29 07:44:00,214 [ae994d2b-07e5-4c7e-bc1d-199b697c7c17-impl-thread1] INFO  server.RaftServer (RaftServerProxy.java:initGroupDir(269)) - ae994d2b-07e5-4c7e-bc1d-199b697c7c17: The directory /home/runner/work/ozone/ozone/hadoop-ozone/integration-test/target/test-dir/MiniOzoneClusterImpl-4c098651-5741-4b11-9e36-c6ca8da28866/datanode-4/data/ratis/tmp is not a group directory; ignoring it. 
2024-01-29 07:44:00,215 [main] INFO  replication.ReplicationServer (ReplicationServer.java:<init>(85)) - Initializing replication server with thread count = 10 queue length = 4096
2024-01-29 07:44:00,215 [ae994d2b-07e5-4c7e-bc1d-199b697c7c17-NettyServerStreamRpc-bossGroup--thread1] INFO  logging.LoggingHandler (AbstractInternalLogger.java:log(148)) - [id: 0xbd7e6e7d] REGISTERED
2024-01-29 07:44:00,215 [ae994d2b-07e5-4c7e-bc1d-199b697c7c17-NettyServerStreamRpc-bossGroup--thread1] INFO  logging.LoggingHandler (AbstractInternalLogger.java:log(148)) - [id: 0xbd7e6e7d] BIND: 0.0.0.0/0.0.0.0:15407
2024-01-29 07:44:00,215 [ae994d2b-07e5-4c7e-bc1d-199b697c7c17-NettyServerStreamRpc-bossGroup--thread1] INFO  logging.LoggingHandler (AbstractInternalLogger.java:log(148)) - [id: 0xbd7e6e7d, L:/0.0.0.0:15407] ACTIVE
2024-01-29 07:44:00,215 [main] INFO  server.XceiverServerGrpc (XceiverServerGrpc.java:<init>(141)) - GrpcServer channel type EpollServerSocketChannel
2024-01-29 07:44:00,216 [main] INFO  replication.ReplicationSupervisor (ReplicationSupervisor.java:build(163)) - Initializing replication supervisor with thread count = 10
2024-01-29 07:44:00,216 [main] INFO  replication.ReplicationSupervisor (ReplicationSupervisor.java:nodeStateUpdated(317)) - Node state updated to IN_SERVICE, scaling executor pool size to 10
2024-01-29 07:44:00,218 [main] INFO  http.BaseHttpServer (BaseHttpServer.java:newHttpServer2BuilderForOzone(223)) - Starting Web-server for hddsDatanode at: http://0.0.0.0:15401
2024-01-29 07:44:00,218 [main] INFO  http.BaseHttpServer (BaseHttpServer.java:<init>(110)) - Hadoop Security Enabled: false Ozone Security Enabled: false Ozone HTTP Security Enabled: false 
2024-01-29 07:44:00,219 [main] WARN  server.AuthenticationFilter (AuthenticationFilter.java:constructSecretProvider(240)) - Unable to initialize FileSignerSecretProvider, falling back to use random secrets. Reason: Could not read signature secret file: /home/runner/hadoop-http-auth-signature-secret
2024-01-29 07:44:00,219 [main] INFO  http.HttpRequestLog (HttpRequestLog.java:getRequestLog(86)) - Http request log for http.requests.hddsDatanode is not defined
2024-01-29 07:44:00,220 [main] INFO  http.HttpServer2 (HttpServer2.java:addGlobalFilter(1036)) - Added global filter 'safety' (class=org.apache.hadoop.hdds.server.http.HttpServer2$QuotingInputFilter)
2024-01-29 07:44:00,220 [main] INFO  http.HttpServer2 (HttpServer2.java:addFilter(1012)) - Added filter static_user_filter (class=org.apache.hadoop.http.lib.StaticUserWebFilter$StaticUserFilter) to context hddsDatanode
2024-01-29 07:44:00,220 [main] INFO  http.HttpServer2 (HttpServer2.java:addFilter(1020)) - Added filter static_user_filter (class=org.apache.hadoop.http.lib.StaticUserWebFilter$StaticUserFilter) to context static
2024-01-29 07:44:00,221 [main] INFO  http.HttpServer2 (HttpServer2.java:addFilter(1020)) - Added filter static_user_filter (class=org.apache.hadoop.http.lib.StaticUserWebFilter$StaticUserFilter) to context logs
2024-01-29 07:44:00,221 [main] INFO  http.BaseHttpServer (BaseHttpServer.java:<init>(189)) - HTTP server of hddsDatanode uses base directory /home/runner/work/ozone/ozone/hadoop-ozone/integration-test/target/test-dir/MiniOzoneClusterImpl-4c098651-5741-4b11-9e36-c6ca8da28866/datanode-4/meta/webserver
2024-01-29 07:44:00,221 [main] INFO  http.HttpServer2 (HttpServer2.java:bindListener(1236)) - Jetty bound to port 15401
2024-01-29 07:44:00,221 [main] INFO  server.Server (Server.java:doStart(375)) - jetty-9.4.53.v20231009; built: 2023-10-09T12:29:09.265Z; git: 27bde00a0b95a1d5bbee0eae7984f891d2d0f8c9; jvm 1.8.0_392-b08
2024-01-29 07:44:00,222 [main] INFO  server.session (DefaultSessionIdManager.java:doStart(334)) - DefaultSessionIdManager workerName=node0
2024-01-29 07:44:00,222 [main] INFO  server.session (DefaultSessionIdManager.java:doStart(339)) - No SessionScavenger set, using defaults
2024-01-29 07:44:00,222 [main] INFO  server.session (HouseKeeper.java:startScavenging(132)) - node0 Scavenging every 660000ms
2024-01-29 07:44:00,223 [main] INFO  handler.ContextHandler (ContextHandler.java:doStart(921)) - Started o.e.j.s.ServletContextHandler@4ff369a7{logs,/logs,file:///home/runner/work/ozone/ozone/hadoop-ozone/integration-test/target/log,AVAILABLE}
2024-01-29 07:44:00,223 [main] INFO  handler.ContextHandler (ContextHandler.java:doStart(921)) - Started o.e.j.s.ServletContextHandler@55fd5bae{static,/static,jar:file:/home/runner/.m2/repository/org/apache/ozone/hdds-container-service/1.5.0-SNAPSHOT/hdds-container-service-1.5.0-SNAPSHOT.jar!/webapps/static,AVAILABLE}
2024-01-29 07:44:00,255 [main] INFO  handler.ContextHandler (ContextHandler.java:doStart(921)) - Started o.e.j.w.WebAppContext@2c9fafbc{hddsDatanode,/,file:///home/runner/work/ozone/ozone/hadoop-ozone/integration-test/target/test-dir/MiniOzoneClusterImpl-4c098651-5741-4b11-9e36-c6ca8da28866/datanode-4/meta/webserver/jetty-0_0_0_0-15401-hdds-container-service-1_5_0-SNAPSHOT_jar-_-any-8990687275438100673/webapp/,AVAILABLE}{jar:file:/home/runner/.m2/repository/org/apache/ozone/hdds-container-service/1.5.0-SNAPSHOT/hdds-container-service-1.5.0-SNAPSHOT.jar!/webapps/hddsDatanode}
2024-01-29 07:44:00,256 [main] INFO  server.AbstractConnector (AbstractConnector.java:doStart(333)) - Started ServerConnector@15ad2c0e{HTTP/1.1, (http/1.1)}{0.0.0.0:15401}
2024-01-29 07:44:00,256 [main] INFO  server.Server (Server.java:doStart(415)) - Started @134361ms
2024-01-29 07:44:00,257 [main] WARN  impl.MetricsSystemImpl (MetricsSystemImpl.java:register(279)) - Sink prometheus already exists!
2024-01-29 07:44:00,257 [main] INFO  http.BaseHttpServer (BaseHttpServer.java:updateConnectorAddress(354)) - HTTP server of hddsDatanode listening at http://0.0.0.0:15401
2024-01-29 07:44:00,257 [main] INFO  ipc.CallQueueManager (CallQueueManager.java:<init>(90)) - Using callQueue: class java.util.concurrent.LinkedBlockingQueue, queueCapacity: 100, scheduler: class org.apache.hadoop.ipc.DefaultRpcScheduler, ipcBackoff: false.
2024-01-29 07:44:00,258 [main] INFO  ipc.Server (Server.java:<init>(1287)) - Listener at 0.0.0.0:15402
2024-01-29 07:44:00,258 [Socket Reader #1 for port 15402] INFO  ipc.Server (Server.java:run(1323)) - Starting Socket Reader #1 for port 15402
2024-01-29 07:44:00,260 [main] INFO  ozone.HddsDatanodeService (HddsDatanodeService.java:start(324)) - Datanode start with admins: [runner]
2024-01-29 07:44:00,260 [main] INFO  ozone.HddsDatanodeClientProtocolServer (HddsDatanodeClientProtocolServer.java:start(72)) - RPC server for Client /0.0.0.0:15402
2024-01-29 07:44:00,261 [IPC Server Responder] INFO  ipc.Server (Server.java:run(1562)) - IPC Server Responder: starting
2024-01-29 07:44:00,261 [IPC Server listener on 15402] INFO  ipc.Server (Server.java:run(1402)) - IPC Server listener on 15402: starting
2024-01-29 07:44:00,261 [ae994d2b-07e5-4c7e-bc1d-199b697c7c17-DatanodeStateMachineDaemonThread] INFO  statemachine.DatanodeStateMachine (DatanodeStateMachine.java:lambda$startDaemon$1(555)) - Ozone container server started.
2024-01-29 07:44:00,262 [main] WARN  dropwizard3.Dm3MetricRegistriesImpl (Dm3MetricRegistriesImpl.java:addReporterRegistration(113)) - New reporters are added after registries were created. Some metrics will be missing from the reporter. Please add reporter before adding any new registry.
2024-01-29 07:44:00,264 [main] WARN  dropwizard3.Dm3MetricRegistriesImpl (Dm3MetricRegistriesImpl.java:addReporterRegistration(113)) - New reporters are added after registries were created. Some metrics will be missing from the reporter. Please add reporter before adding any new registry.
2024-01-29 07:44:00,264 [main] INFO  impl.MetricsSystemImpl (MetricsSystemImpl.java:init(158)) - HddsDatanode metrics system started (again)
2024-01-29 07:44:00,266 [ae994d2b-07e5-4c7e-bc1d-199b697c7c17-DatanodeStateMachineTaskThread-0] INFO  datanode.InitDatanodeState (InitDatanodeState.java:persistContainerDatanodeDetails(139)) - DatanodeDetails is persisted to /home/runner/work/ozone/ozone/hadoop-ozone/integration-test/target/test-dir/MiniOzoneClusterImpl-4c098651-5741-4b11-9e36-c6ca8da28866/datanode-4/meta/datanode.id
2024-01-29 07:44:00,272 [main] INFO  ozone.HddsDatanodeService (HddsDatanodeService.java:start(239)) - HddsDatanodeService host:fv-az571-724.sssw3dgiwi1e5jwxh1zizygaca.bx.internal.cloudapp.net ip:10.1.0.7
2024-01-29 07:44:00,290 [main] INFO  upgrade.AbstractLayoutVersionManager (AbstractLayoutVersionManager.java:init(83)) - Initializing Layout version manager with metadata layout = HADOOP_PRC_PORTS_IN_DATANODEDETAILS (version = 7), software layout = HADOOP_PRC_PORTS_IN_DATANODEDETAILS (version = 7)
2024-01-29 07:44:00,290 [main] INFO  statemachine.DatanodeStateMachine (DatanodeStateMachine.java:getEndPointTaskThreadPoolSize(299)) - Datanode State Machine Task Thread Pool size 2
2024-01-29 07:44:00,291 [main] INFO  volume.HddsVolume (HddsVolume.java:<init>(125)) - Creating HddsVolume: /home/runner/work/ozone/ozone/hadoop-ozone/integration-test/target/test-dir/MiniOzoneClusterImpl-4c098651-5741-4b11-9e36-c6ca8da28866/datanode-5/data-0/containers/hdds of storage type : DISK capacity : 9223372036854775807
2024-01-29 07:44:00,291 [main] INFO  volume.MutableVolumeSet (MutableVolumeSet.java:initializeVolumeSet(173)) - Added Volume : /home/runner/work/ozone/ozone/hadoop-ozone/integration-test/target/test-dir/MiniOzoneClusterImpl-4c098651-5741-4b11-9e36-c6ca8da28866/datanode-5/data-0/containers/hdds to VolumeSet
2024-01-29 07:44:00,292 [main] INFO  volume.MutableVolumeSet (MutableVolumeSet.java:initializeVolumeSet(173)) - Added Volume : /home/runner/work/ozone/ozone/hadoop-ozone/integration-test/target/test-dir/MiniOzoneClusterImpl-4c098651-5741-4b11-9e36-c6ca8da28866/datanode-5/data/ratis to VolumeSet
2024-01-29 07:44:00,292 [main] INFO  ozoneimpl.OzoneContainer (HddsVolumeUtil.java:loadAllHddsVolumeDbStore(103)) - Load 1 volumes DbStore cost: 0ms
2024-01-29 07:44:00,292 [abb8ef56-980b-44e3-a149-c32b9999de28-ContainerReader-0] INFO  ozoneimpl.ContainerReader (ContainerReader.java:readVolume(178)) - Finish verifying containers on volume /home/runner/work/ozone/ozone/hadoop-ozone/integration-test/target/test-dir/MiniOzoneClusterImpl-4c098651-5741-4b11-9e36-c6ca8da28866/datanode-5/data-0/containers/hdds
2024-01-29 07:44:00,292 [main] INFO  ozoneimpl.OzoneContainer (OzoneContainer.java:buildContainerSet(328)) - Build ContainerSet costs 0s
2024-01-29 07:44:00,294 [main] INFO  server.RaftServer (ConfUtils.java:logGet(46)) - raft.rpc.type = GRPC (default)
2024-01-29 07:44:00,294 [main] INFO  grpc.GrpcConfigKeys (ConfUtils.java:logFallback(53)) - raft.grpc.admin.host = null (fallback to raft.grpc.server.host)
2024-01-29 07:44:00,294 [main] INFO  grpc.GrpcConfigKeys (ConfUtils.java:logGet(46)) - raft.grpc.admin.port = 15414 (custom)
2024-01-29 07:44:00,294 [main] INFO  grpc.GrpcConfigKeys (ConfUtils.java:logFallback(53)) - raft.grpc.client.host = null (fallback to raft.grpc.server.host)
2024-01-29 07:44:00,294 [main] INFO  grpc.GrpcConfigKeys (ConfUtils.java:logGet(46)) - raft.grpc.client.port = 15413 (custom)
2024-01-29 07:44:00,294 [main] INFO  grpc.GrpcConfigKeys (ConfUtils.java:logGet(46)) - raft.grpc.server.host = null (default)
2024-01-29 07:44:00,294 [main] INFO  grpc.GrpcConfigKeys (ConfUtils.java:logGet(46)) - raft.grpc.server.port = 15415 (custom)
2024-01-29 07:44:00,295 [main] INFO  server.GrpcService (ConfUtils.java:logGet(46)) - raft.grpc.message.size.max = 32MB (=33554432) (custom)
2024-01-29 07:44:00,295 [main] INFO  server.RaftServerConfigKeys (ConfUtils.java:logGet(46)) - raft.server.log.appender.buffer.byte-limit = 8388608 (custom)
2024-01-29 07:44:00,295 [main] INFO  server.GrpcService (ConfUtils.java:logGet(46)) - raft.grpc.flow.control.window = 5MB (=5242880) (custom)
2024-01-29 07:44:00,295 [main] INFO  server.RaftServerConfigKeys (ConfUtils.java:logGet(46)) - raft.server.rpc.request.timeout = 3000ms (default)
2024-01-29 07:44:00,295 [main] INFO  grpc.GrpcConfigKeys (ConfUtils.java:logGet(46)) - raft.grpc.server.heartbeat.channel = true (default)
2024-01-29 07:44:00,295 [main] INFO  grpc.GrpcConfigKeys (ConfUtils.java:logGet(46)) - raft.grpc.server.async.request.thread.pool.cached = true (default)
2024-01-29 07:44:00,295 [main] INFO  grpc.GrpcConfigKeys (ConfUtils.java:logGet(46)) - raft.grpc.server.async.request.thread.pool.size = 32 (default)
2024-01-29 07:44:00,297 [main] INFO  impl.DataStreamServerImpl (ConfUtils.java:logGet(46)) - raft.datastream.type = NETTY (custom)
2024-01-29 07:44:00,297 [main] INFO  server.RaftServerConfigKeys (ConfUtils.java:logGet(46)) - raft.server.data-stream.async.request.thread.pool.cached = false (default)
2024-01-29 07:44:00,297 [main] INFO  server.RaftServerConfigKeys (ConfUtils.java:logGet(46)) - raft.server.data-stream.async.request.thread.pool.size = 20 (custom)
2024-01-29 07:44:00,298 [main] INFO  server.RaftServerConfigKeys (ConfUtils.java:logGet(46)) - raft.server.data-stream.async.write.thread.pool.size = 16 (default)
2024-01-29 07:44:00,298 [main] INFO  netty.NettyConfigKeys$DataStream (ConfUtils.java:logGet(46)) - raft.netty.dataStream.server.channel.inactive.grace-period = 10min (default)
2024-01-29 07:44:00,298 [main] INFO  server.RaftServerConfigKeys (ConfUtils.java:logGet(46)) - raft.server.data-stream.client.pool.size = 10 (default)
2024-01-29 07:44:00,298 [main] INFO  netty.NettyConfigKeys$DataStream (ConfUtils.java:logGet(46)) - raft.netty.dataStream.server.use-epoll = true (default)
2024-01-29 07:44:00,298 [main] INFO  netty.NettyConfigKeys$DataStream (ConfUtils.java:logGet(46)) - raft.netty.dataStream.server.boss-group.size = 0 (default)
2024-01-29 07:44:00,298 [main] INFO  netty.NettyUtils (NettyUtils.java:newEventLoopGroup(69)) - Create EpollEventLoopGroup for abb8ef56-980b-44e3-a149-c32b9999de28-NettyServerStreamRpc-bossGroup; Thread size is 0.
2024-01-29 07:44:00,298 [main] INFO  netty.NettyConfigKeys$DataStream (ConfUtils.java:logGet(46)) - raft.netty.dataStream.server.worker-group.size = 0 (default)
2024-01-29 07:44:00,299 [main] INFO  netty.NettyUtils (NettyUtils.java:newEventLoopGroup(69)) - Create EpollEventLoopGroup for abb8ef56-980b-44e3-a149-c32b9999de28-NettyServerStreamRpc-workerGroup; Thread size is 0.
2024-01-29 07:44:00,299 [main] INFO  netty.NettyConfigKeys$DataStream (ConfUtils.java:logGet(46)) - raft.netty.dataStream.server.tls.conf = null (default)
2024-01-29 07:44:00,299 [main] INFO  netty.NettyConfigKeys$DataStream (ConfUtils.java:logGet(46)) - raft.netty.dataStream.host = null (default)
2024-01-29 07:44:00,299 [main] INFO  netty.NettyConfigKeys$DataStream (ConfUtils.java:logGet(46)) - raft.netty.dataStream.port = 15416 (custom)
2024-01-29 07:44:00,299 [main] INFO  server.RaftServerConfigKeys (ConfUtils.java:logGet(46)) - raft.server.sleep.deviation.threshold = 300ms (default)
2024-01-29 07:44:00,300 [main] INFO  server.RaftServerConfigKeys (ConfUtils.java:logGet(46)) - raft.server.close.threshold = 60s (default)
2024-01-29 07:44:00,300 [abb8ef56-980b-44e3-a149-c32b9999de28-NettyServerStreamRpc-bossGroup--thread1] INFO  logging.LoggingHandler (AbstractInternalLogger.java:log(148)) - [id: 0xaef0f8fa] REGISTERED
2024-01-29 07:44:00,300 [main] INFO  server.RaftServerConfigKeys (ConfUtils.java:logGet(46)) - raft.server.leaderelection.leader.step-down.wait-time = 10s (default)
2024-01-29 07:44:00,300 [abb8ef56-980b-44e3-a149-c32b9999de28-NettyServerStreamRpc-bossGroup--thread1] INFO  logging.LoggingHandler (AbstractInternalLogger.java:log(148)) - [id: 0xaef0f8fa] BIND: 0.0.0.0/0.0.0.0:15416
2024-01-29 07:44:00,300 [main] INFO  server.RaftServerConfigKeys (ConfUtils.java:logGet(46)) - raft.server.storage.dir = [/home/runner/work/ozone/ozone/hadoop-ozone/integration-test/target/test-dir/MiniOzoneClusterImpl-4c098651-5741-4b11-9e36-c6ca8da28866/datanode-5/data/ratis] (custom)
2024-01-29 07:44:00,300 [abb8ef56-980b-44e3-a149-c32b9999de28-NettyServerStreamRpc-bossGroup--thread1] INFO  logging.LoggingHandler (AbstractInternalLogger.java:log(148)) - [id: 0xaef0f8fa, L:/0.0.0.0:15416] ACTIVE
2024-01-29 07:44:00,300 [main] INFO  server.RaftServerConfigKeys (ConfUtils.java:logGet(46)) - raft.server.threadpool.proxy.cached = true (default)
2024-01-29 07:44:00,301 [main] INFO  server.RaftServerConfigKeys (ConfUtils.java:logGet(46)) - raft.server.threadpool.proxy.size = 0 (default)
2024-01-29 07:44:00,301 [abb8ef56-980b-44e3-a149-c32b9999de28-impl-thread1] INFO  server.RaftServer (RaftServerProxy.java:initGroupDir(264)) - abb8ef56-980b-44e3-a149-c32b9999de28: found a subdirectory /home/runner/work/ozone/ozone/hadoop-ozone/integration-test/target/test-dir/MiniOzoneClusterImpl-4c098651-5741-4b11-9e36-c6ca8da28866/datanode-5/data/ratis/tmp
2024-01-29 07:44:00,301 [abb8ef56-980b-44e3-a149-c32b9999de28-impl-thread1] INFO  server.RaftServer (RaftServerProxy.java:initGroupDir(269)) - abb8ef56-980b-44e3-a149-c32b9999de28: The directory /home/runner/work/ozone/ozone/hadoop-ozone/integration-test/target/test-dir/MiniOzoneClusterImpl-4c098651-5741-4b11-9e36-c6ca8da28866/datanode-5/data/ratis/tmp is not a group directory; ignoring it. 
2024-01-29 07:44:00,301 [main] INFO  replication.ReplicationServer (ReplicationServer.java:<init>(85)) - Initializing replication server with thread count = 10 queue length = 4096
2024-01-29 07:44:00,302 [main] INFO  server.XceiverServerGrpc (XceiverServerGrpc.java:<init>(141)) - GrpcServer channel type EpollServerSocketChannel
2024-01-29 07:44:00,303 [main] INFO  replication.ReplicationSupervisor (ReplicationSupervisor.java:build(163)) - Initializing replication supervisor with thread count = 10
2024-01-29 07:44:00,303 [main] INFO  replication.ReplicationSupervisor (ReplicationSupervisor.java:nodeStateUpdated(317)) - Node state updated to IN_SERVICE, scaling executor pool size to 10
2024-01-29 07:44:00,304 [main] INFO  http.BaseHttpServer (BaseHttpServer.java:newHttpServer2BuilderForOzone(223)) - Starting Web-server for hddsDatanode at: http://0.0.0.0:15410
2024-01-29 07:44:00,304 [main] INFO  http.BaseHttpServer (BaseHttpServer.java:<init>(110)) - Hadoop Security Enabled: false Ozone Security Enabled: false Ozone HTTP Security Enabled: false 
2024-01-29 07:44:00,305 [main] WARN  server.AuthenticationFilter (AuthenticationFilter.java:constructSecretProvider(240)) - Unable to initialize FileSignerSecretProvider, falling back to use random secrets. Reason: Could not read signature secret file: /home/runner/hadoop-http-auth-signature-secret
2024-01-29 07:44:00,306 [main] INFO  http.HttpRequestLog (HttpRequestLog.java:getRequestLog(86)) - Http request log for http.requests.hddsDatanode is not defined
2024-01-29 07:44:00,307 [main] INFO  http.HttpServer2 (HttpServer2.java:addGlobalFilter(1036)) - Added global filter 'safety' (class=org.apache.hadoop.hdds.server.http.HttpServer2$QuotingInputFilter)
2024-01-29 07:44:00,307 [main] INFO  http.HttpServer2 (HttpServer2.java:addFilter(1012)) - Added filter static_user_filter (class=org.apache.hadoop.http.lib.StaticUserWebFilter$StaticUserFilter) to context hddsDatanode
2024-01-29 07:44:00,307 [main] INFO  http.HttpServer2 (HttpServer2.java:addFilter(1020)) - Added filter static_user_filter (class=org.apache.hadoop.http.lib.StaticUserWebFilter$StaticUserFilter) to context static
2024-01-29 07:44:00,307 [main] INFO  http.HttpServer2 (HttpServer2.java:addFilter(1020)) - Added filter static_user_filter (class=org.apache.hadoop.http.lib.StaticUserWebFilter$StaticUserFilter) to context logs
2024-01-29 07:44:00,308 [main] INFO  http.BaseHttpServer (BaseHttpServer.java:<init>(189)) - HTTP server of hddsDatanode uses base directory /home/runner/work/ozone/ozone/hadoop-ozone/integration-test/target/test-dir/MiniOzoneClusterImpl-4c098651-5741-4b11-9e36-c6ca8da28866/datanode-5/meta/webserver
2024-01-29 07:44:00,308 [main] INFO  http.HttpServer2 (HttpServer2.java:bindListener(1236)) - Jetty bound to port 15410
2024-01-29 07:44:00,308 [main] INFO  server.Server (Server.java:doStart(375)) - jetty-9.4.53.v20231009; built: 2023-10-09T12:29:09.265Z; git: 27bde00a0b95a1d5bbee0eae7984f891d2d0f8c9; jvm 1.8.0_392-b08
2024-01-29 07:44:00,309 [main] INFO  server.session (DefaultSessionIdManager.java:doStart(334)) - DefaultSessionIdManager workerName=node0
2024-01-29 07:44:00,309 [main] INFO  server.session (DefaultSessionIdManager.java:doStart(339)) - No SessionScavenger set, using defaults
2024-01-29 07:44:00,309 [main] INFO  server.session (HouseKeeper.java:startScavenging(132)) - node0 Scavenging every 600000ms
2024-01-29 07:44:00,310 [main] INFO  handler.ContextHandler (ContextHandler.java:doStart(921)) - Started o.e.j.s.ServletContextHandler@11a3a80{logs,/logs,file:///home/runner/work/ozone/ozone/hadoop-ozone/integration-test/target/log,AVAILABLE}
2024-01-29 07:44:00,310 [main] INFO  handler.ContextHandler (ContextHandler.java:doStart(921)) - Started o.e.j.s.ServletContextHandler@75afb3d8{static,/static,jar:file:/home/runner/.m2/repository/org/apache/ozone/hdds-container-service/1.5.0-SNAPSHOT/hdds-container-service-1.5.0-SNAPSHOT.jar!/webapps/static,AVAILABLE}
2024-01-29 07:44:00,342 [main] INFO  handler.ContextHandler (ContextHandler.java:doStart(921)) - Started o.e.j.w.WebAppContext@6ab90a7e{hddsDatanode,/,file:///home/runner/work/ozone/ozone/hadoop-ozone/integration-test/target/test-dir/MiniOzoneClusterImpl-4c098651-5741-4b11-9e36-c6ca8da28866/datanode-5/meta/webserver/jetty-0_0_0_0-15410-hdds-container-service-1_5_0-SNAPSHOT_jar-_-any-8326284928721460504/webapp/,AVAILABLE}{jar:file:/home/runner/.m2/repository/org/apache/ozone/hdds-container-service/1.5.0-SNAPSHOT/hdds-container-service-1.5.0-SNAPSHOT.jar!/webapps/hddsDatanode}
2024-01-29 07:44:00,346 [main] INFO  server.AbstractConnector (AbstractConnector.java:doStart(333)) - Started ServerConnector@3a0e530d{HTTP/1.1, (http/1.1)}{0.0.0.0:15410}
2024-01-29 07:44:00,346 [main] INFO  server.Server (Server.java:doStart(415)) - Started @134451ms
2024-01-29 07:44:00,346 [main] WARN  impl.MetricsSystemImpl (MetricsSystemImpl.java:register(279)) - Sink prometheus already exists!
2024-01-29 07:44:00,347 [main] INFO  http.BaseHttpServer (BaseHttpServer.java:updateConnectorAddress(354)) - HTTP server of hddsDatanode listening at http://0.0.0.0:15410
2024-01-29 07:44:00,347 [main] INFO  ipc.CallQueueManager (CallQueueManager.java:<init>(90)) - Using callQueue: class java.util.concurrent.LinkedBlockingQueue, queueCapacity: 100, scheduler: class org.apache.hadoop.ipc.DefaultRpcScheduler, ipcBackoff: false.
2024-01-29 07:44:00,347 [main] INFO  ipc.Server (Server.java:<init>(1287)) - Listener at 0.0.0.0:15411
2024-01-29 07:44:00,348 [Socket Reader #1 for port 15411] INFO  ipc.Server (Server.java:run(1323)) - Starting Socket Reader #1 for port 15411
2024-01-29 07:44:00,349 [main] INFO  ozone.HddsDatanodeService (HddsDatanodeService.java:start(324)) - Datanode start with admins: [runner]
2024-01-29 07:44:00,349 [main] INFO  ozone.HddsDatanodeClientProtocolServer (HddsDatanodeClientProtocolServer.java:start(72)) - RPC server for Client /0.0.0.0:15411
2024-01-29 07:44:00,349 [IPC Server Responder] INFO  ipc.Server (Server.java:run(1562)) - IPC Server Responder: starting
2024-01-29 07:44:00,350 [IPC Server listener on 15411] INFO  ipc.Server (Server.java:run(1402)) - IPC Server listener on 15411: starting
2024-01-29 07:44:00,350 [main] WARN  dropwizard3.Dm3MetricRegistriesImpl (Dm3MetricRegistriesImpl.java:addReporterRegistration(113)) - New reporters are added after registries were created. Some metrics will be missing from the reporter. Please add reporter before adding any new registry.
2024-01-29 07:44:00,358 [main] WARN  dropwizard3.Dm3MetricRegistriesImpl (Dm3MetricRegistriesImpl.java:addReporterRegistration(113)) - New reporters are added after registries were created. Some metrics will be missing from the reporter. Please add reporter before adding any new registry.
2024-01-29 07:44:00,357 [abb8ef56-980b-44e3-a149-c32b9999de28-DatanodeStateMachineDaemonThread] INFO  statemachine.DatanodeStateMachine (DatanodeStateMachine.java:lambda$startDaemon$1(555)) - Ozone container server started.
2024-01-29 07:44:00,358 [main] INFO  impl.MetricsSystemImpl (MetricsSystemImpl.java:init(158)) - HddsDatanode metrics system started (again)
2024-01-29 07:44:00,361 [abb8ef56-980b-44e3-a149-c32b9999de28-DatanodeStateMachineTaskThread-0] INFO  datanode.InitDatanodeState (InitDatanodeState.java:persistContainerDatanodeDetails(139)) - DatanodeDetails is persisted to /home/runner/work/ozone/ozone/hadoop-ozone/integration-test/target/test-dir/MiniOzoneClusterImpl-4c098651-5741-4b11-9e36-c6ca8da28866/datanode-5/meta/datanode.id
2024-01-29 07:44:00,368 [main] INFO  ozone.HddsDatanodeService (HddsDatanodeService.java:start(239)) - HddsDatanodeService host:fv-az571-724.sssw3dgiwi1e5jwxh1zizygaca.bx.internal.cloudapp.net ip:10.1.0.7
2024-01-29 07:44:00,381 [main] INFO  upgrade.AbstractLayoutVersionManager (AbstractLayoutVersionManager.java:init(83)) - Initializing Layout version manager with metadata layout = HADOOP_PRC_PORTS_IN_DATANODEDETAILS (version = 7), software layout = HADOOP_PRC_PORTS_IN_DATANODEDETAILS (version = 7)
2024-01-29 07:44:00,382 [main] INFO  statemachine.DatanodeStateMachine (DatanodeStateMachine.java:getEndPointTaskThreadPoolSize(299)) - Datanode State Machine Task Thread Pool size 2
2024-01-29 07:44:00,383 [main] INFO  volume.HddsVolume (HddsVolume.java:<init>(125)) - Creating HddsVolume: /home/runner/work/ozone/ozone/hadoop-ozone/integration-test/target/test-dir/MiniOzoneClusterImpl-4c098651-5741-4b11-9e36-c6ca8da28866/datanode-6/data-0/containers/hdds of storage type : DISK capacity : 9223372036854775807
2024-01-29 07:44:00,383 [main] INFO  volume.MutableVolumeSet (MutableVolumeSet.java:initializeVolumeSet(173)) - Added Volume : /home/runner/work/ozone/ozone/hadoop-ozone/integration-test/target/test-dir/MiniOzoneClusterImpl-4c098651-5741-4b11-9e36-c6ca8da28866/datanode-6/data-0/containers/hdds to VolumeSet
2024-01-29 07:44:00,384 [main] INFO  volume.MutableVolumeSet (MutableVolumeSet.java:initializeVolumeSet(173)) - Added Volume : /home/runner/work/ozone/ozone/hadoop-ozone/integration-test/target/test-dir/MiniOzoneClusterImpl-4c098651-5741-4b11-9e36-c6ca8da28866/datanode-6/data/ratis to VolumeSet
2024-01-29 07:44:00,384 [main] INFO  ozoneimpl.OzoneContainer (HddsVolumeUtil.java:loadAllHddsVolumeDbStore(103)) - Load 1 volumes DbStore cost: 0ms
2024-01-29 07:44:00,384 [2532b31c-22c5-467b-a3b6-d3baa4dde6c4-ContainerReader-0] INFO  ozoneimpl.ContainerReader (ContainerReader.java:readVolume(178)) - Finish verifying containers on volume /home/runner/work/ozone/ozone/hadoop-ozone/integration-test/target/test-dir/MiniOzoneClusterImpl-4c098651-5741-4b11-9e36-c6ca8da28866/datanode-6/data-0/containers/hdds
2024-01-29 07:44:00,384 [main] INFO  ozoneimpl.OzoneContainer (OzoneContainer.java:buildContainerSet(328)) - Build ContainerSet costs 0s
2024-01-29 07:44:00,386 [main] INFO  server.RaftServer (ConfUtils.java:logGet(46)) - raft.rpc.type = GRPC (default)
2024-01-29 07:44:00,386 [main] INFO  grpc.GrpcConfigKeys (ConfUtils.java:logFallback(53)) - raft.grpc.admin.host = null (fallback to raft.grpc.server.host)
2024-01-29 07:44:00,386 [main] INFO  grpc.GrpcConfigKeys (ConfUtils.java:logGet(46)) - raft.grpc.admin.port = 15423 (custom)
2024-01-29 07:44:00,386 [main] INFO  grpc.GrpcConfigKeys (ConfUtils.java:logFallback(53)) - raft.grpc.client.host = null (fallback to raft.grpc.server.host)
2024-01-29 07:44:00,386 [main] INFO  grpc.GrpcConfigKeys (ConfUtils.java:logGet(46)) - raft.grpc.client.port = 15422 (custom)
2024-01-29 07:44:00,386 [main] INFO  grpc.GrpcConfigKeys (ConfUtils.java:logGet(46)) - raft.grpc.server.host = null (default)
2024-01-29 07:44:00,386 [main] INFO  grpc.GrpcConfigKeys (ConfUtils.java:logGet(46)) - raft.grpc.server.port = 15424 (custom)
2024-01-29 07:44:00,386 [main] INFO  server.GrpcService (ConfUtils.java:logGet(46)) - raft.grpc.message.size.max = 32MB (=33554432) (custom)
2024-01-29 07:44:00,387 [main] INFO  server.RaftServerConfigKeys (ConfUtils.java:logGet(46)) - raft.server.log.appender.buffer.byte-limit = 8388608 (custom)
2024-01-29 07:44:00,387 [main] INFO  server.GrpcService (ConfUtils.java:logGet(46)) - raft.grpc.flow.control.window = 5MB (=5242880) (custom)
2024-01-29 07:44:00,387 [main] INFO  server.RaftServerConfigKeys (ConfUtils.java:logGet(46)) - raft.server.rpc.request.timeout = 3000ms (default)
2024-01-29 07:44:00,387 [main] INFO  grpc.GrpcConfigKeys (ConfUtils.java:logGet(46)) - raft.grpc.server.heartbeat.channel = true (default)
2024-01-29 07:44:00,387 [main] INFO  grpc.GrpcConfigKeys (ConfUtils.java:logGet(46)) - raft.grpc.server.async.request.thread.pool.cached = true (default)
2024-01-29 07:44:00,387 [main] INFO  grpc.GrpcConfigKeys (ConfUtils.java:logGet(46)) - raft.grpc.server.async.request.thread.pool.size = 32 (default)
2024-01-29 07:44:00,389 [main] INFO  impl.DataStreamServerImpl (ConfUtils.java:logGet(46)) - raft.datastream.type = NETTY (custom)
2024-01-29 07:44:00,389 [main] INFO  server.RaftServerConfigKeys (ConfUtils.java:logGet(46)) - raft.server.data-stream.async.request.thread.pool.cached = false (default)
2024-01-29 07:44:00,389 [main] INFO  server.RaftServerConfigKeys (ConfUtils.java:logGet(46)) - raft.server.data-stream.async.request.thread.pool.size = 20 (custom)
2024-01-29 07:44:00,389 [main] INFO  server.RaftServerConfigKeys (ConfUtils.java:logGet(46)) - raft.server.data-stream.async.write.thread.pool.size = 16 (default)
2024-01-29 07:44:00,390 [main] INFO  netty.NettyConfigKeys$DataStream (ConfUtils.java:logGet(46)) - raft.netty.dataStream.server.channel.inactive.grace-period = 10min (default)
2024-01-29 07:44:00,390 [main] INFO  server.RaftServerConfigKeys (ConfUtils.java:logGet(46)) - raft.server.data-stream.client.pool.size = 10 (default)
2024-01-29 07:44:00,390 [main] INFO  netty.NettyConfigKeys$DataStream (ConfUtils.java:logGet(46)) - raft.netty.dataStream.server.use-epoll = true (default)
2024-01-29 07:44:00,390 [main] INFO  netty.NettyConfigKeys$DataStream (ConfUtils.java:logGet(46)) - raft.netty.dataStream.server.boss-group.size = 0 (default)
2024-01-29 07:44:00,390 [main] INFO  netty.NettyUtils (NettyUtils.java:newEventLoopGroup(69)) - Create EpollEventLoopGroup for 2532b31c-22c5-467b-a3b6-d3baa4dde6c4-NettyServerStreamRpc-bossGroup; Thread size is 0.
2024-01-29 07:44:00,390 [main] INFO  netty.NettyConfigKeys$DataStream (ConfUtils.java:logGet(46)) - raft.netty.dataStream.server.worker-group.size = 0 (default)
2024-01-29 07:44:00,390 [main] INFO  netty.NettyUtils (NettyUtils.java:newEventLoopGroup(69)) - Create EpollEventLoopGroup for 2532b31c-22c5-467b-a3b6-d3baa4dde6c4-NettyServerStreamRpc-workerGroup; Thread size is 0.
2024-01-29 07:44:00,391 [main] INFO  netty.NettyConfigKeys$DataStream (ConfUtils.java:logGet(46)) - raft.netty.dataStream.server.tls.conf = null (default)
2024-01-29 07:44:00,391 [main] INFO  netty.NettyConfigKeys$DataStream (ConfUtils.java:logGet(46)) - raft.netty.dataStream.host = null (default)
2024-01-29 07:44:00,391 [main] INFO  netty.NettyConfigKeys$DataStream (ConfUtils.java:logGet(46)) - raft.netty.dataStream.port = 15425 (custom)
2024-01-29 07:44:00,391 [main] INFO  server.RaftServerConfigKeys (ConfUtils.java:logGet(46)) - raft.server.sleep.deviation.threshold = 300ms (default)
2024-01-29 07:44:00,391 [main] INFO  server.RaftServerConfigKeys (ConfUtils.java:logGet(46)) - raft.server.close.threshold = 60s (default)
2024-01-29 07:44:00,392 [2532b31c-22c5-467b-a3b6-d3baa4dde6c4-NettyServerStreamRpc-bossGroup--thread1] INFO  logging.LoggingHandler (AbstractInternalLogger.java:log(148)) - [id: 0x32d6ada6] REGISTERED
2024-01-29 07:44:00,392 [main] INFO  server.RaftServerConfigKeys (ConfUtils.java:logGet(46)) - raft.server.leaderelection.leader.step-down.wait-time = 10s (default)
2024-01-29 07:44:00,392 [2532b31c-22c5-467b-a3b6-d3baa4dde6c4-NettyServerStreamRpc-bossGroup--thread1] INFO  logging.LoggingHandler (AbstractInternalLogger.java:log(148)) - [id: 0x32d6ada6] BIND: 0.0.0.0/0.0.0.0:15425
2024-01-29 07:44:00,392 [main] INFO  server.RaftServerConfigKeys (ConfUtils.java:logGet(46)) - raft.server.storage.dir = [/home/runner/work/ozone/ozone/hadoop-ozone/integration-test/target/test-dir/MiniOzoneClusterImpl-4c098651-5741-4b11-9e36-c6ca8da28866/datanode-6/data/ratis] (custom)
2024-01-29 07:44:00,392 [2532b31c-22c5-467b-a3b6-d3baa4dde6c4-NettyServerStreamRpc-bossGroup--thread1] INFO  logging.LoggingHandler (AbstractInternalLogger.java:log(148)) - [id: 0x32d6ada6, L:/0.0.0.0:15425] ACTIVE
2024-01-29 07:44:00,392 [main] INFO  server.RaftServerConfigKeys (ConfUtils.java:logGet(46)) - raft.server.threadpool.proxy.cached = true (default)
2024-01-29 07:44:00,392 [main] INFO  server.RaftServerConfigKeys (ConfUtils.java:logGet(46)) - raft.server.threadpool.proxy.size = 0 (default)
2024-01-29 07:44:00,393 [2532b31c-22c5-467b-a3b6-d3baa4dde6c4-impl-thread1] INFO  server.RaftServer (RaftServerProxy.java:initGroupDir(264)) - 2532b31c-22c5-467b-a3b6-d3baa4dde6c4: found a subdirectory /home/runner/work/ozone/ozone/hadoop-ozone/integration-test/target/test-dir/MiniOzoneClusterImpl-4c098651-5741-4b11-9e36-c6ca8da28866/datanode-6/data/ratis/tmp
2024-01-29 07:44:00,393 [2532b31c-22c5-467b-a3b6-d3baa4dde6c4-impl-thread1] INFO  server.RaftServer (RaftServerProxy.java:initGroupDir(269)) - 2532b31c-22c5-467b-a3b6-d3baa4dde6c4: The directory /home/runner/work/ozone/ozone/hadoop-ozone/integration-test/target/test-dir/MiniOzoneClusterImpl-4c098651-5741-4b11-9e36-c6ca8da28866/datanode-6/data/ratis/tmp is not a group directory; ignoring it. 
2024-01-29 07:44:00,393 [main] INFO  replication.ReplicationServer (ReplicationServer.java:<init>(85)) - Initializing replication server with thread count = 10 queue length = 4096
2024-01-29 07:44:00,394 [main] INFO  server.XceiverServerGrpc (XceiverServerGrpc.java:<init>(141)) - GrpcServer channel type EpollServerSocketChannel
2024-01-29 07:44:00,395 [main] INFO  replication.ReplicationSupervisor (ReplicationSupervisor.java:build(163)) - Initializing replication supervisor with thread count = 10
2024-01-29 07:44:00,395 [main] INFO  replication.ReplicationSupervisor (ReplicationSupervisor.java:nodeStateUpdated(317)) - Node state updated to IN_SERVICE, scaling executor pool size to 10
2024-01-29 07:44:00,396 [main] INFO  http.BaseHttpServer (BaseHttpServer.java:newHttpServer2BuilderForOzone(223)) - Starting Web-server for hddsDatanode at: http://0.0.0.0:15419
2024-01-29 07:44:00,396 [main] INFO  http.BaseHttpServer (BaseHttpServer.java:<init>(110)) - Hadoop Security Enabled: false Ozone Security Enabled: false Ozone HTTP Security Enabled: false 
2024-01-29 07:44:00,397 [main] WARN  server.AuthenticationFilter (AuthenticationFilter.java:constructSecretProvider(240)) - Unable to initialize FileSignerSecretProvider, falling back to use random secrets. Reason: Could not read signature secret file: /home/runner/hadoop-http-auth-signature-secret
2024-01-29 07:44:00,398 [main] INFO  http.HttpRequestLog (HttpRequestLog.java:getRequestLog(86)) - Http request log for http.requests.hddsDatanode is not defined
2024-01-29 07:44:00,398 [main] INFO  http.HttpServer2 (HttpServer2.java:addGlobalFilter(1036)) - Added global filter 'safety' (class=org.apache.hadoop.hdds.server.http.HttpServer2$QuotingInputFilter)
2024-01-29 07:44:00,399 [main] INFO  http.HttpServer2 (HttpServer2.java:addFilter(1012)) - Added filter static_user_filter (class=org.apache.hadoop.http.lib.StaticUserWebFilter$StaticUserFilter) to context hddsDatanode
2024-01-29 07:44:00,399 [main] INFO  http.HttpServer2 (HttpServer2.java:addFilter(1020)) - Added filter static_user_filter (class=org.apache.hadoop.http.lib.StaticUserWebFilter$StaticUserFilter) to context static
2024-01-29 07:44:00,399 [main] INFO  http.HttpServer2 (HttpServer2.java:addFilter(1020)) - Added filter static_user_filter (class=org.apache.hadoop.http.lib.StaticUserWebFilter$StaticUserFilter) to context logs
2024-01-29 07:44:00,399 [main] INFO  http.BaseHttpServer (BaseHttpServer.java:<init>(189)) - HTTP server of hddsDatanode uses base directory /home/runner/work/ozone/ozone/hadoop-ozone/integration-test/target/test-dir/MiniOzoneClusterImpl-4c098651-5741-4b11-9e36-c6ca8da28866/datanode-6/meta/webserver
2024-01-29 07:44:00,399 [main] INFO  http.HttpServer2 (HttpServer2.java:bindListener(1236)) - Jetty bound to port 15419
2024-01-29 07:44:00,399 [main] INFO  server.Server (Server.java:doStart(375)) - jetty-9.4.53.v20231009; built: 2023-10-09T12:29:09.265Z; git: 27bde00a0b95a1d5bbee0eae7984f891d2d0f8c9; jvm 1.8.0_392-b08
2024-01-29 07:44:00,400 [main] INFO  server.session (DefaultSessionIdManager.java:doStart(334)) - DefaultSessionIdManager workerName=node0
2024-01-29 07:44:00,400 [main] INFO  server.session (DefaultSessionIdManager.java:doStart(339)) - No SessionScavenger set, using defaults
2024-01-29 07:44:00,401 [main] INFO  server.session (HouseKeeper.java:startScavenging(132)) - node0 Scavenging every 600000ms
2024-01-29 07:44:00,401 [main] INFO  handler.ContextHandler (ContextHandler.java:doStart(921)) - Started o.e.j.s.ServletContextHandler@6a4de574{logs,/logs,file:///home/runner/work/ozone/ozone/hadoop-ozone/integration-test/target/log,AVAILABLE}
2024-01-29 07:44:00,401 [main] INFO  handler.ContextHandler (ContextHandler.java:doStart(921)) - Started o.e.j.s.ServletContextHandler@7c3b6e89{static,/static,jar:file:/home/runner/.m2/repository/org/apache/ozone/hdds-container-service/1.5.0-SNAPSHOT/hdds-container-service-1.5.0-SNAPSHOT.jar!/webapps/static,AVAILABLE}
2024-01-29 07:44:00,433 [main] INFO  handler.ContextHandler (ContextHandler.java:doStart(921)) - Started o.e.j.w.WebAppContext@57d56d6f{hddsDatanode,/,file:///home/runner/work/ozone/ozone/hadoop-ozone/integration-test/target/test-dir/MiniOzoneClusterImpl-4c098651-5741-4b11-9e36-c6ca8da28866/datanode-6/meta/webserver/jetty-0_0_0_0-15419-hdds-container-service-1_5_0-SNAPSHOT_jar-_-any-8110839118267666666/webapp/,AVAILABLE}{jar:file:/home/runner/.m2/repository/org/apache/ozone/hdds-container-service/1.5.0-SNAPSHOT/hdds-container-service-1.5.0-SNAPSHOT.jar!/webapps/hddsDatanode}
2024-01-29 07:44:00,434 [main] INFO  server.AbstractConnector (AbstractConnector.java:doStart(333)) - Started ServerConnector@7f946ac{HTTP/1.1, (http/1.1)}{0.0.0.0:15419}
2024-01-29 07:44:00,434 [main] INFO  server.Server (Server.java:doStart(415)) - Started @134538ms
2024-01-29 07:44:00,434 [main] WARN  impl.MetricsSystemImpl (MetricsSystemImpl.java:register(279)) - Sink prometheus already exists!
2024-01-29 07:44:00,435 [main] INFO  http.BaseHttpServer (BaseHttpServer.java:updateConnectorAddress(354)) - HTTP server of hddsDatanode listening at http://0.0.0.0:15419
2024-01-29 07:44:00,435 [main] INFO  ipc.CallQueueManager (CallQueueManager.java:<init>(90)) - Using callQueue: class java.util.concurrent.LinkedBlockingQueue, queueCapacity: 100, scheduler: class org.apache.hadoop.ipc.DefaultRpcScheduler, ipcBackoff: false.
2024-01-29 07:44:00,435 [main] INFO  ipc.Server (Server.java:<init>(1287)) - Listener at 0.0.0.0:15420
2024-01-29 07:44:00,435 [Socket Reader #1 for port 15420] INFO  ipc.Server (Server.java:run(1323)) - Starting Socket Reader #1 for port 15420
2024-01-29 07:44:00,437 [main] INFO  ozone.HddsDatanodeService (HddsDatanodeService.java:start(324)) - Datanode start with admins: [runner]
2024-01-29 07:44:00,437 [main] INFO  ozone.HddsDatanodeClientProtocolServer (HddsDatanodeClientProtocolServer.java:start(72)) - RPC server for Client /0.0.0.0:15420
2024-01-29 07:44:00,438 [IPC Server Responder] INFO  ipc.Server (Server.java:run(1562)) - IPC Server Responder: starting
2024-01-29 07:44:00,438 [IPC Server listener on 15420] INFO  ipc.Server (Server.java:run(1402)) - IPC Server listener on 15420: starting
2024-01-29 07:44:00,439 [2532b31c-22c5-467b-a3b6-d3baa4dde6c4-DatanodeStateMachineDaemonThread] INFO  statemachine.DatanodeStateMachine (DatanodeStateMachine.java:lambda$startDaemon$1(555)) - Ozone container server started.
2024-01-29 07:44:00,439 [main] WARN  dropwizard3.Dm3MetricRegistriesImpl (Dm3MetricRegistriesImpl.java:addReporterRegistration(113)) - New reporters are added after registries were created. Some metrics will be missing from the reporter. Please add reporter before adding any new registry.
2024-01-29 07:44:00,440 [main] WARN  dropwizard3.Dm3MetricRegistriesImpl (Dm3MetricRegistriesImpl.java:addReporterRegistration(113)) - New reporters are added after registries were created. Some metrics will be missing from the reporter. Please add reporter before adding any new registry.
2024-01-29 07:44:00,441 [main] INFO  impl.MetricsSystemImpl (MetricsSystemImpl.java:init(158)) - HddsDatanode metrics system started (again)
2024-01-29 07:44:00,443 [2532b31c-22c5-467b-a3b6-d3baa4dde6c4-DatanodeStateMachineTaskThread-0] INFO  datanode.InitDatanodeState (InitDatanodeState.java:persistContainerDatanodeDetails(139)) - DatanodeDetails is persisted to /home/runner/work/ozone/ozone/hadoop-ozone/integration-test/target/test-dir/MiniOzoneClusterImpl-4c098651-5741-4b11-9e36-c6ca8da28866/datanode-6/meta/datanode.id
2024-01-29 07:44:00,451 [main] INFO  ozone.HddsDatanodeService (HddsDatanodeService.java:start(239)) - HddsDatanodeService host:fv-az571-724.sssw3dgiwi1e5jwxh1zizygaca.bx.internal.cloudapp.net ip:10.1.0.7
2024-01-29 07:44:00,467 [main] INFO  upgrade.AbstractLayoutVersionManager (AbstractLayoutVersionManager.java:init(83)) - Initializing Layout version manager with metadata layout = HADOOP_PRC_PORTS_IN_DATANODEDETAILS (version = 7), software layout = HADOOP_PRC_PORTS_IN_DATANODEDETAILS (version = 7)
2024-01-29 07:44:00,467 [main] INFO  statemachine.DatanodeStateMachine (DatanodeStateMachine.java:getEndPointTaskThreadPoolSize(299)) - Datanode State Machine Task Thread Pool size 2
2024-01-29 07:44:00,468 [main] INFO  volume.HddsVolume (HddsVolume.java:<init>(125)) - Creating HddsVolume: /home/runner/work/ozone/ozone/hadoop-ozone/integration-test/target/test-dir/MiniOzoneClusterImpl-4c098651-5741-4b11-9e36-c6ca8da28866/datanode-7/data-0/containers/hdds of storage type : DISK capacity : 9223372036854775807
2024-01-29 07:44:00,468 [main] INFO  volume.MutableVolumeSet (MutableVolumeSet.java:initializeVolumeSet(173)) - Added Volume : /home/runner/work/ozone/ozone/hadoop-ozone/integration-test/target/test-dir/MiniOzoneClusterImpl-4c098651-5741-4b11-9e36-c6ca8da28866/datanode-7/data-0/containers/hdds to VolumeSet
2024-01-29 07:44:00,469 [main] INFO  volume.MutableVolumeSet (MutableVolumeSet.java:initializeVolumeSet(173)) - Added Volume : /home/runner/work/ozone/ozone/hadoop-ozone/integration-test/target/test-dir/MiniOzoneClusterImpl-4c098651-5741-4b11-9e36-c6ca8da28866/datanode-7/data/ratis to VolumeSet
2024-01-29 07:44:00,469 [main] INFO  ozoneimpl.OzoneContainer (HddsVolumeUtil.java:loadAllHddsVolumeDbStore(103)) - Load 1 volumes DbStore cost: 0ms
2024-01-29 07:44:00,469 [00f7b909-d0df-49f8-910d-886c8291e2be-ContainerReader-0] INFO  ozoneimpl.ContainerReader (ContainerReader.java:readVolume(178)) - Finish verifying containers on volume /home/runner/work/ozone/ozone/hadoop-ozone/integration-test/target/test-dir/MiniOzoneClusterImpl-4c098651-5741-4b11-9e36-c6ca8da28866/datanode-7/data-0/containers/hdds
2024-01-29 07:44:00,469 [main] INFO  ozoneimpl.OzoneContainer (OzoneContainer.java:buildContainerSet(328)) - Build ContainerSet costs 0s
2024-01-29 07:44:00,471 [main] INFO  server.RaftServer (ConfUtils.java:logGet(46)) - raft.rpc.type = GRPC (default)
2024-01-29 07:44:00,471 [main] INFO  grpc.GrpcConfigKeys (ConfUtils.java:logFallback(53)) - raft.grpc.admin.host = null (fallback to raft.grpc.server.host)
2024-01-29 07:44:00,471 [main] INFO  grpc.GrpcConfigKeys (ConfUtils.java:logGet(46)) - raft.grpc.admin.port = 15432 (custom)
2024-01-29 07:44:00,471 [main] INFO  grpc.GrpcConfigKeys (ConfUtils.java:logFallback(53)) - raft.grpc.client.host = null (fallback to raft.grpc.server.host)
2024-01-29 07:44:00,471 [main] INFO  grpc.GrpcConfigKeys (ConfUtils.java:logGet(46)) - raft.grpc.client.port = 15431 (custom)
2024-01-29 07:44:00,471 [main] INFO  grpc.GrpcConfigKeys (ConfUtils.java:logGet(46)) - raft.grpc.server.host = null (default)
2024-01-29 07:44:00,472 [main] INFO  grpc.GrpcConfigKeys (ConfUtils.java:logGet(46)) - raft.grpc.server.port = 15433 (custom)
2024-01-29 07:44:00,472 [main] INFO  server.GrpcService (ConfUtils.java:logGet(46)) - raft.grpc.message.size.max = 32MB (=33554432) (custom)
2024-01-29 07:44:00,472 [main] INFO  server.RaftServerConfigKeys (ConfUtils.java:logGet(46)) - raft.server.log.appender.buffer.byte-limit = 8388608 (custom)
2024-01-29 07:44:00,472 [main] INFO  server.GrpcService (ConfUtils.java:logGet(46)) - raft.grpc.flow.control.window = 5MB (=5242880) (custom)
2024-01-29 07:44:00,472 [main] INFO  server.RaftServerConfigKeys (ConfUtils.java:logGet(46)) - raft.server.rpc.request.timeout = 3000ms (default)
2024-01-29 07:44:00,472 [main] INFO  grpc.GrpcConfigKeys (ConfUtils.java:logGet(46)) - raft.grpc.server.heartbeat.channel = true (default)
2024-01-29 07:44:00,472 [main] INFO  grpc.GrpcConfigKeys (ConfUtils.java:logGet(46)) - raft.grpc.server.async.request.thread.pool.cached = true (default)
2024-01-29 07:44:00,473 [main] INFO  grpc.GrpcConfigKeys (ConfUtils.java:logGet(46)) - raft.grpc.server.async.request.thread.pool.size = 32 (default)
2024-01-29 07:44:00,474 [main] INFO  impl.DataStreamServerImpl (ConfUtils.java:logGet(46)) - raft.datastream.type = NETTY (custom)
2024-01-29 07:44:00,475 [main] INFO  server.RaftServerConfigKeys (ConfUtils.java:logGet(46)) - raft.server.data-stream.async.request.thread.pool.cached = false (default)
2024-01-29 07:44:00,475 [main] INFO  server.RaftServerConfigKeys (ConfUtils.java:logGet(46)) - raft.server.data-stream.async.request.thread.pool.size = 20 (custom)
2024-01-29 07:44:00,475 [main] INFO  server.RaftServerConfigKeys (ConfUtils.java:logGet(46)) - raft.server.data-stream.async.write.thread.pool.size = 16 (default)
2024-01-29 07:44:00,475 [main] INFO  netty.NettyConfigKeys$DataStream (ConfUtils.java:logGet(46)) - raft.netty.dataStream.server.channel.inactive.grace-period = 10min (default)
2024-01-29 07:44:00,475 [main] INFO  server.RaftServerConfigKeys (ConfUtils.java:logGet(46)) - raft.server.data-stream.client.pool.size = 10 (default)
2024-01-29 07:44:00,475 [main] INFO  netty.NettyConfigKeys$DataStream (ConfUtils.java:logGet(46)) - raft.netty.dataStream.server.use-epoll = true (default)
2024-01-29 07:44:00,475 [main] INFO  netty.NettyConfigKeys$DataStream (ConfUtils.java:logGet(46)) - raft.netty.dataStream.server.boss-group.size = 0 (default)
2024-01-29 07:44:00,476 [main] INFO  netty.NettyUtils (NettyUtils.java:newEventLoopGroup(69)) - Create EpollEventLoopGroup for 00f7b909-d0df-49f8-910d-886c8291e2be-NettyServerStreamRpc-bossGroup; Thread size is 0.
2024-01-29 07:44:00,476 [main] INFO  netty.NettyConfigKeys$DataStream (ConfUtils.java:logGet(46)) - raft.netty.dataStream.server.worker-group.size = 0 (default)
2024-01-29 07:44:00,476 [main] INFO  netty.NettyUtils (NettyUtils.java:newEventLoopGroup(69)) - Create EpollEventLoopGroup for 00f7b909-d0df-49f8-910d-886c8291e2be-NettyServerStreamRpc-workerGroup; Thread size is 0.
2024-01-29 07:44:00,476 [main] INFO  netty.NettyConfigKeys$DataStream (ConfUtils.java:logGet(46)) - raft.netty.dataStream.server.tls.conf = null (default)
2024-01-29 07:44:00,476 [main] INFO  netty.NettyConfigKeys$DataStream (ConfUtils.java:logGet(46)) - raft.netty.dataStream.host = null (default)
2024-01-29 07:44:00,476 [main] INFO  netty.NettyConfigKeys$DataStream (ConfUtils.java:logGet(46)) - raft.netty.dataStream.port = 15434 (custom)
2024-01-29 07:44:00,477 [main] INFO  server.RaftServerConfigKeys (ConfUtils.java:logGet(46)) - raft.server.sleep.deviation.threshold = 300ms (default)
2024-01-29 07:44:00,477 [main] INFO  server.RaftServerConfigKeys (ConfUtils.java:logGet(46)) - raft.server.close.threshold = 60s (default)
2024-01-29 07:44:00,477 [main] INFO  server.RaftServerConfigKeys (ConfUtils.java:logGet(46)) - raft.server.leaderelection.leader.step-down.wait-time = 10s (default)
2024-01-29 07:44:00,477 [00f7b909-d0df-49f8-910d-886c8291e2be-NettyServerStreamRpc-bossGroup--thread1] INFO  logging.LoggingHandler (AbstractInternalLogger.java:log(148)) - [id: 0x3109c768] REGISTERED
2024-01-29 07:44:00,477 [main] INFO  server.RaftServerConfigKeys (ConfUtils.java:logGet(46)) - raft.server.storage.dir = [/home/runner/work/ozone/ozone/hadoop-ozone/integration-test/target/test-dir/MiniOzoneClusterImpl-4c098651-5741-4b11-9e36-c6ca8da28866/datanode-7/data/ratis] (custom)
2024-01-29 07:44:00,478 [main] INFO  server.RaftServerConfigKeys (ConfUtils.java:logGet(46)) - raft.server.threadpool.proxy.cached = true (default)
2024-01-29 07:44:00,478 [main] INFO  server.RaftServerConfigKeys (ConfUtils.java:logGet(46)) - raft.server.threadpool.proxy.size = 0 (default)
2024-01-29 07:44:00,477 [00f7b909-d0df-49f8-910d-886c8291e2be-NettyServerStreamRpc-bossGroup--thread1] INFO  logging.LoggingHandler (AbstractInternalLogger.java:log(148)) - [id: 0x3109c768] BIND: 0.0.0.0/0.0.0.0:15434
2024-01-29 07:44:00,478 [00f7b909-d0df-49f8-910d-886c8291e2be-NettyServerStreamRpc-bossGroup--thread1] INFO  logging.LoggingHandler (AbstractInternalLogger.java:log(148)) - [id: 0x3109c768, L:/0.0.0.0:15434] ACTIVE
2024-01-29 07:44:00,478 [00f7b909-d0df-49f8-910d-886c8291e2be-impl-thread1] INFO  server.RaftServer (RaftServerProxy.java:initGroupDir(264)) - 00f7b909-d0df-49f8-910d-886c8291e2be: found a subdirectory /home/runner/work/ozone/ozone/hadoop-ozone/integration-test/target/test-dir/MiniOzoneClusterImpl-4c098651-5741-4b11-9e36-c6ca8da28866/datanode-7/data/ratis/tmp
2024-01-29 07:44:00,478 [00f7b909-d0df-49f8-910d-886c8291e2be-impl-thread1] INFO  server.RaftServer (RaftServerProxy.java:initGroupDir(269)) - 00f7b909-d0df-49f8-910d-886c8291e2be: The directory /home/runner/work/ozone/ozone/hadoop-ozone/integration-test/target/test-dir/MiniOzoneClusterImpl-4c098651-5741-4b11-9e36-c6ca8da28866/datanode-7/data/ratis/tmp is not a group directory; ignoring it. 
2024-01-29 07:44:00,478 [main] INFO  replication.ReplicationServer (ReplicationServer.java:<init>(85)) - Initializing replication server with thread count = 10 queue length = 4096
2024-01-29 07:44:00,479 [main] INFO  server.XceiverServerGrpc (XceiverServerGrpc.java:<init>(141)) - GrpcServer channel type EpollServerSocketChannel
2024-01-29 07:44:00,480 [main] INFO  replication.ReplicationSupervisor (ReplicationSupervisor.java:build(163)) - Initializing replication supervisor with thread count = 10
2024-01-29 07:44:00,480 [main] INFO  replication.ReplicationSupervisor (ReplicationSupervisor.java:nodeStateUpdated(317)) - Node state updated to IN_SERVICE, scaling executor pool size to 10
2024-01-29 07:44:00,481 [main] INFO  http.BaseHttpServer (BaseHttpServer.java:newHttpServer2BuilderForOzone(223)) - Starting Web-server for hddsDatanode at: http://0.0.0.0:15428
2024-01-29 07:44:00,482 [main] INFO  http.BaseHttpServer (BaseHttpServer.java:<init>(110)) - Hadoop Security Enabled: false Ozone Security Enabled: false Ozone HTTP Security Enabled: false 
2024-01-29 07:44:00,482 [main] WARN  server.AuthenticationFilter (AuthenticationFilter.java:constructSecretProvider(240)) - Unable to initialize FileSignerSecretProvider, falling back to use random secrets. Reason: Could not read signature secret file: /home/runner/hadoop-http-auth-signature-secret
2024-01-29 07:44:00,483 [main] INFO  http.HttpRequestLog (HttpRequestLog.java:getRequestLog(86)) - Http request log for http.requests.hddsDatanode is not defined
2024-01-29 07:44:00,484 [main] INFO  http.HttpServer2 (HttpServer2.java:addGlobalFilter(1036)) - Added global filter 'safety' (class=org.apache.hadoop.hdds.server.http.HttpServer2$QuotingInputFilter)
2024-01-29 07:44:00,484 [main] INFO  http.HttpServer2 (HttpServer2.java:addFilter(1012)) - Added filter static_user_filter (class=org.apache.hadoop.http.lib.StaticUserWebFilter$StaticUserFilter) to context hddsDatanode
2024-01-29 07:44:00,484 [main] INFO  http.HttpServer2 (HttpServer2.java:addFilter(1020)) - Added filter static_user_filter (class=org.apache.hadoop.http.lib.StaticUserWebFilter$StaticUserFilter) to context static
2024-01-29 07:44:00,484 [main] INFO  http.HttpServer2 (HttpServer2.java:addFilter(1020)) - Added filter static_user_filter (class=org.apache.hadoop.http.lib.StaticUserWebFilter$StaticUserFilter) to context logs
2024-01-29 07:44:00,484 [main] INFO  http.BaseHttpServer (BaseHttpServer.java:<init>(189)) - HTTP server of hddsDatanode uses base directory /home/runner/work/ozone/ozone/hadoop-ozone/integration-test/target/test-dir/MiniOzoneClusterImpl-4c098651-5741-4b11-9e36-c6ca8da28866/datanode-7/meta/webserver
2024-01-29 07:44:00,485 [main] INFO  http.HttpServer2 (HttpServer2.java:bindListener(1236)) - Jetty bound to port 15428
2024-01-29 07:44:00,485 [main] INFO  server.Server (Server.java:doStart(375)) - jetty-9.4.53.v20231009; built: 2023-10-09T12:29:09.265Z; git: 27bde00a0b95a1d5bbee0eae7984f891d2d0f8c9; jvm 1.8.0_392-b08
2024-01-29 07:44:00,486 [main] INFO  server.session (DefaultSessionIdManager.java:doStart(334)) - DefaultSessionIdManager workerName=node0
2024-01-29 07:44:00,486 [main] INFO  server.session (DefaultSessionIdManager.java:doStart(339)) - No SessionScavenger set, using defaults
2024-01-29 07:44:00,486 [main] INFO  server.session (HouseKeeper.java:startScavenging(132)) - node0 Scavenging every 660000ms
2024-01-29 07:44:00,486 [main] INFO  handler.ContextHandler (ContextHandler.java:doStart(921)) - Started o.e.j.s.ServletContextHandler@522707f0{logs,/logs,file:///home/runner/work/ozone/ozone/hadoop-ozone/integration-test/target/log,AVAILABLE}
2024-01-29 07:44:00,487 [main] INFO  handler.ContextHandler (ContextHandler.java:doStart(921)) - Started o.e.j.s.ServletContextHandler@6cdf12fa{static,/static,jar:file:/home/runner/.m2/repository/org/apache/ozone/hdds-container-service/1.5.0-SNAPSHOT/hdds-container-service-1.5.0-SNAPSHOT.jar!/webapps/static,AVAILABLE}
2024-01-29 07:44:00,519 [main] INFO  handler.ContextHandler (ContextHandler.java:doStart(921)) - Started o.e.j.w.WebAppContext@73ee86a{hddsDatanode,/,file:///home/runner/work/ozone/ozone/hadoop-ozone/integration-test/target/test-dir/MiniOzoneClusterImpl-4c098651-5741-4b11-9e36-c6ca8da28866/datanode-7/meta/webserver/jetty-0_0_0_0-15428-hdds-container-service-1_5_0-SNAPSHOT_jar-_-any-8389176928728372385/webapp/,AVAILABLE}{jar:file:/home/runner/.m2/repository/org/apache/ozone/hdds-container-service/1.5.0-SNAPSHOT/hdds-container-service-1.5.0-SNAPSHOT.jar!/webapps/hddsDatanode}
2024-01-29 07:44:00,519 [main] INFO  server.AbstractConnector (AbstractConnector.java:doStart(333)) - Started ServerConnector@77a8ec44{HTTP/1.1, (http/1.1)}{0.0.0.0:15428}
2024-01-29 07:44:00,520 [main] INFO  server.Server (Server.java:doStart(415)) - Started @134624ms
2024-01-29 07:44:00,520 [main] WARN  impl.MetricsSystemImpl (MetricsSystemImpl.java:register(279)) - Sink prometheus already exists!
2024-01-29 07:44:00,520 [main] INFO  http.BaseHttpServer (BaseHttpServer.java:updateConnectorAddress(354)) - HTTP server of hddsDatanode listening at http://0.0.0.0:15428
2024-01-29 07:44:00,520 [main] INFO  ipc.CallQueueManager (CallQueueManager.java:<init>(90)) - Using callQueue: class java.util.concurrent.LinkedBlockingQueue, queueCapacity: 100, scheduler: class org.apache.hadoop.ipc.DefaultRpcScheduler, ipcBackoff: false.
2024-01-29 07:44:00,521 [main] INFO  ipc.Server (Server.java:<init>(1287)) - Listener at 0.0.0.0:15429
2024-01-29 07:44:00,521 [Socket Reader #1 for port 15429] INFO  ipc.Server (Server.java:run(1323)) - Starting Socket Reader #1 for port 15429
2024-01-29 07:44:00,523 [main] INFO  ozone.HddsDatanodeService (HddsDatanodeService.java:start(324)) - Datanode start with admins: [runner]
2024-01-29 07:44:00,523 [main] INFO  ozone.HddsDatanodeClientProtocolServer (HddsDatanodeClientProtocolServer.java:start(72)) - RPC server for Client /0.0.0.0:15429
2024-01-29 07:44:00,524 [IPC Server Responder] INFO  ipc.Server (Server.java:run(1562)) - IPC Server Responder: starting
2024-01-29 07:44:00,524 [IPC Server listener on 15429] INFO  ipc.Server (Server.java:run(1402)) - IPC Server listener on 15429: starting
2024-01-29 07:44:00,527 [00f7b909-d0df-49f8-910d-886c8291e2be-DatanodeStateMachineDaemonThread] INFO  statemachine.DatanodeStateMachine (DatanodeStateMachine.java:lambda$startDaemon$1(555)) - Ozone container server started.
2024-01-29 07:44:00,527 [main] WARN  dropwizard3.Dm3MetricRegistriesImpl (Dm3MetricRegistriesImpl.java:addReporterRegistration(113)) - New reporters are added after registries were created. Some metrics will be missing from the reporter. Please add reporter before adding any new registry.
2024-01-29 07:44:00,527 [main] WARN  dropwizard3.Dm3MetricRegistriesImpl (Dm3MetricRegistriesImpl.java:addReporterRegistration(113)) - New reporters are added after registries were created. Some metrics will be missing from the reporter. Please add reporter before adding any new registry.
2024-01-29 07:44:00,531 [main] INFO  impl.MetricsSystemImpl (MetricsSystemImpl.java:init(158)) - HddsDatanode metrics system started (again)
2024-01-29 07:44:00,531 [00f7b909-d0df-49f8-910d-886c8291e2be-DatanodeStateMachineTaskThread-0] INFO  datanode.InitDatanodeState (InitDatanodeState.java:persistContainerDatanodeDetails(139)) - DatanodeDetails is persisted to /home/runner/work/ozone/ozone/hadoop-ozone/integration-test/target/test-dir/MiniOzoneClusterImpl-4c098651-5741-4b11-9e36-c6ca8da28866/datanode-7/meta/datanode.id
2024-01-29 07:44:00,542 [main] INFO  ozone.HddsDatanodeService (HddsDatanodeService.java:start(239)) - HddsDatanodeService host:fv-az571-724.sssw3dgiwi1e5jwxh1zizygaca.bx.internal.cloudapp.net ip:10.1.0.7
2024-01-29 07:44:00,560 [main] INFO  upgrade.AbstractLayoutVersionManager (AbstractLayoutVersionManager.java:init(83)) - Initializing Layout version manager with metadata layout = HADOOP_PRC_PORTS_IN_DATANODEDETAILS (version = 7), software layout = HADOOP_PRC_PORTS_IN_DATANODEDETAILS (version = 7)
2024-01-29 07:44:00,561 [main] INFO  statemachine.DatanodeStateMachine (DatanodeStateMachine.java:getEndPointTaskThreadPoolSize(299)) - Datanode State Machine Task Thread Pool size 2
2024-01-29 07:44:00,562 [main] INFO  volume.HddsVolume (HddsVolume.java:<init>(125)) - Creating HddsVolume: /home/runner/work/ozone/ozone/hadoop-ozone/integration-test/target/test-dir/MiniOzoneClusterImpl-4c098651-5741-4b11-9e36-c6ca8da28866/datanode-8/data-0/containers/hdds of storage type : DISK capacity : 9223372036854775807
2024-01-29 07:44:00,562 [main] INFO  volume.MutableVolumeSet (MutableVolumeSet.java:initializeVolumeSet(173)) - Added Volume : /home/runner/work/ozone/ozone/hadoop-ozone/integration-test/target/test-dir/MiniOzoneClusterImpl-4c098651-5741-4b11-9e36-c6ca8da28866/datanode-8/data-0/containers/hdds to VolumeSet
2024-01-29 07:44:00,562 [main] INFO  volume.MutableVolumeSet (MutableVolumeSet.java:initializeVolumeSet(173)) - Added Volume : /home/runner/work/ozone/ozone/hadoop-ozone/integration-test/target/test-dir/MiniOzoneClusterImpl-4c098651-5741-4b11-9e36-c6ca8da28866/datanode-8/data/ratis to VolumeSet
2024-01-29 07:44:00,563 [main] INFO  ozoneimpl.OzoneContainer (HddsVolumeUtil.java:loadAllHddsVolumeDbStore(103)) - Load 1 volumes DbStore cost: 1ms
2024-01-29 07:44:00,563 [c4e2dbfc-bf93-4c3c-9059-db6704809494-ContainerReader-0] INFO  ozoneimpl.ContainerReader (ContainerReader.java:readVolume(178)) - Finish verifying containers on volume /home/runner/work/ozone/ozone/hadoop-ozone/integration-test/target/test-dir/MiniOzoneClusterImpl-4c098651-5741-4b11-9e36-c6ca8da28866/datanode-8/data-0/containers/hdds
2024-01-29 07:44:00,563 [main] INFO  ozoneimpl.OzoneContainer (OzoneContainer.java:buildContainerSet(328)) - Build ContainerSet costs 0s
2024-01-29 07:44:00,564 [main] INFO  server.RaftServer (ConfUtils.java:logGet(46)) - raft.rpc.type = GRPC (default)
2024-01-29 07:44:00,564 [main] INFO  grpc.GrpcConfigKeys (ConfUtils.java:logFallback(53)) - raft.grpc.admin.host = null (fallback to raft.grpc.server.host)
2024-01-29 07:44:00,565 [main] INFO  grpc.GrpcConfigKeys (ConfUtils.java:logGet(46)) - raft.grpc.admin.port = 15441 (custom)
2024-01-29 07:44:00,565 [main] INFO  grpc.GrpcConfigKeys (ConfUtils.java:logFallback(53)) - raft.grpc.client.host = null (fallback to raft.grpc.server.host)
2024-01-29 07:44:00,565 [main] INFO  grpc.GrpcConfigKeys (ConfUtils.java:logGet(46)) - raft.grpc.client.port = 15440 (custom)
2024-01-29 07:44:00,565 [main] INFO  grpc.GrpcConfigKeys (ConfUtils.java:logGet(46)) - raft.grpc.server.host = null (default)
2024-01-29 07:44:00,565 [main] INFO  grpc.GrpcConfigKeys (ConfUtils.java:logGet(46)) - raft.grpc.server.port = 15442 (custom)
2024-01-29 07:44:00,565 [main] INFO  server.GrpcService (ConfUtils.java:logGet(46)) - raft.grpc.message.size.max = 32MB (=33554432) (custom)
2024-01-29 07:44:00,565 [main] INFO  server.RaftServerConfigKeys (ConfUtils.java:logGet(46)) - raft.server.log.appender.buffer.byte-limit = 8388608 (custom)
2024-01-29 07:44:00,566 [main] INFO  server.GrpcService (ConfUtils.java:logGet(46)) - raft.grpc.flow.control.window = 5MB (=5242880) (custom)
2024-01-29 07:44:00,566 [main] INFO  server.RaftServerConfigKeys (ConfUtils.java:logGet(46)) - raft.server.rpc.request.timeout = 3000ms (default)
2024-01-29 07:44:00,566 [main] INFO  grpc.GrpcConfigKeys (ConfUtils.java:logGet(46)) - raft.grpc.server.heartbeat.channel = true (default)
2024-01-29 07:44:00,566 [main] INFO  grpc.GrpcConfigKeys (ConfUtils.java:logGet(46)) - raft.grpc.server.async.request.thread.pool.cached = true (default)
2024-01-29 07:44:00,566 [main] INFO  grpc.GrpcConfigKeys (ConfUtils.java:logGet(46)) - raft.grpc.server.async.request.thread.pool.size = 32 (default)
2024-01-29 07:44:00,569 [main] INFO  impl.DataStreamServerImpl (ConfUtils.java:logGet(46)) - raft.datastream.type = NETTY (custom)
2024-01-29 07:44:00,569 [main] INFO  server.RaftServerConfigKeys (ConfUtils.java:logGet(46)) - raft.server.data-stream.async.request.thread.pool.cached = false (default)
2024-01-29 07:44:00,569 [main] INFO  server.RaftServerConfigKeys (ConfUtils.java:logGet(46)) - raft.server.data-stream.async.request.thread.pool.size = 20 (custom)
2024-01-29 07:44:00,569 [main] INFO  server.RaftServerConfigKeys (ConfUtils.java:logGet(46)) - raft.server.data-stream.async.write.thread.pool.size = 16 (default)
2024-01-29 07:44:00,569 [main] INFO  netty.NettyConfigKeys$DataStream (ConfUtils.java:logGet(46)) - raft.netty.dataStream.server.channel.inactive.grace-period = 10min (default)
2024-01-29 07:44:00,570 [main] INFO  server.RaftServerConfigKeys (ConfUtils.java:logGet(46)) - raft.server.data-stream.client.pool.size = 10 (default)
2024-01-29 07:44:00,570 [main] INFO  netty.NettyConfigKeys$DataStream (ConfUtils.java:logGet(46)) - raft.netty.dataStream.server.use-epoll = true (default)
2024-01-29 07:44:00,570 [main] INFO  netty.NettyConfigKeys$DataStream (ConfUtils.java:logGet(46)) - raft.netty.dataStream.server.boss-group.size = 0 (default)
2024-01-29 07:44:00,570 [main] INFO  netty.NettyUtils (NettyUtils.java:newEventLoopGroup(69)) - Create EpollEventLoopGroup for c4e2dbfc-bf93-4c3c-9059-db6704809494-NettyServerStreamRpc-bossGroup; Thread size is 0.
2024-01-29 07:44:00,571 [main] INFO  netty.NettyConfigKeys$DataStream (ConfUtils.java:logGet(46)) - raft.netty.dataStream.server.worker-group.size = 0 (default)
2024-01-29 07:44:00,571 [main] INFO  netty.NettyUtils (NettyUtils.java:newEventLoopGroup(69)) - Create EpollEventLoopGroup for c4e2dbfc-bf93-4c3c-9059-db6704809494-NettyServerStreamRpc-workerGroup; Thread size is 0.
2024-01-29 07:44:00,571 [main] INFO  netty.NettyConfigKeys$DataStream (ConfUtils.java:logGet(46)) - raft.netty.dataStream.server.tls.conf = null (default)
2024-01-29 07:44:00,571 [main] INFO  netty.NettyConfigKeys$DataStream (ConfUtils.java:logGet(46)) - raft.netty.dataStream.host = null (default)
2024-01-29 07:44:00,571 [main] INFO  netty.NettyConfigKeys$DataStream (ConfUtils.java:logGet(46)) - raft.netty.dataStream.port = 15443 (custom)
2024-01-29 07:44:00,572 [main] INFO  server.RaftServerConfigKeys (ConfUtils.java:logGet(46)) - raft.server.sleep.deviation.threshold = 300ms (default)
2024-01-29 07:44:00,572 [main] INFO  server.RaftServerConfigKeys (ConfUtils.java:logGet(46)) - raft.server.close.threshold = 60s (default)
2024-01-29 07:44:00,572 [main] INFO  server.RaftServerConfigKeys (ConfUtils.java:logGet(46)) - raft.server.leaderelection.leader.step-down.wait-time = 10s (default)
2024-01-29 07:44:00,572 [main] INFO  server.RaftServerConfigKeys (ConfUtils.java:logGet(46)) - raft.server.storage.dir = [/home/runner/work/ozone/ozone/hadoop-ozone/integration-test/target/test-dir/MiniOzoneClusterImpl-4c098651-5741-4b11-9e36-c6ca8da28866/datanode-8/data/ratis] (custom)
2024-01-29 07:44:00,572 [c4e2dbfc-bf93-4c3c-9059-db6704809494-NettyServerStreamRpc-bossGroup--thread1] INFO  logging.LoggingHandler (AbstractInternalLogger.java:log(148)) - [id: 0x3d25b89d] REGISTERED
2024-01-29 07:44:00,573 [main] INFO  server.RaftServerConfigKeys (ConfUtils.java:logGet(46)) - raft.server.threadpool.proxy.cached = true (default)
2024-01-29 07:44:00,573 [c4e2dbfc-bf93-4c3c-9059-db6704809494-NettyServerStreamRpc-bossGroup--thread1] INFO  logging.LoggingHandler (AbstractInternalLogger.java:log(148)) - [id: 0x3d25b89d] BIND: 0.0.0.0/0.0.0.0:15443
2024-01-29 07:44:00,573 [main] INFO  server.RaftServerConfigKeys (ConfUtils.java:logGet(46)) - raft.server.threadpool.proxy.size = 0 (default)
2024-01-29 07:44:00,573 [c4e2dbfc-bf93-4c3c-9059-db6704809494-NettyServerStreamRpc-bossGroup--thread1] INFO  logging.LoggingHandler (AbstractInternalLogger.java:log(148)) - [id: 0x3d25b89d, L:/0.0.0.0:15443] ACTIVE
2024-01-29 07:44:00,574 [c4e2dbfc-bf93-4c3c-9059-db6704809494-impl-thread1] INFO  server.RaftServer (RaftServerProxy.java:initGroupDir(264)) - c4e2dbfc-bf93-4c3c-9059-db6704809494: found a subdirectory /home/runner/work/ozone/ozone/hadoop-ozone/integration-test/target/test-dir/MiniOzoneClusterImpl-4c098651-5741-4b11-9e36-c6ca8da28866/datanode-8/data/ratis/tmp
2024-01-29 07:44:00,574 [c4e2dbfc-bf93-4c3c-9059-db6704809494-impl-thread1] INFO  server.RaftServer (RaftServerProxy.java:initGroupDir(269)) - c4e2dbfc-bf93-4c3c-9059-db6704809494: The directory /home/runner/work/ozone/ozone/hadoop-ozone/integration-test/target/test-dir/MiniOzoneClusterImpl-4c098651-5741-4b11-9e36-c6ca8da28866/datanode-8/data/ratis/tmp is not a group directory; ignoring it. 
2024-01-29 07:44:00,574 [main] INFO  replication.ReplicationServer (ReplicationServer.java:<init>(85)) - Initializing replication server with thread count = 10 queue length = 4096
2024-01-29 07:44:00,574 [main] INFO  server.XceiverServerGrpc (XceiverServerGrpc.java:<init>(141)) - GrpcServer channel type EpollServerSocketChannel
2024-01-29 07:44:00,575 [main] INFO  replication.ReplicationSupervisor (ReplicationSupervisor.java:build(163)) - Initializing replication supervisor with thread count = 10
2024-01-29 07:44:00,576 [main] INFO  replication.ReplicationSupervisor (ReplicationSupervisor.java:nodeStateUpdated(317)) - Node state updated to IN_SERVICE, scaling executor pool size to 10
2024-01-29 07:44:00,577 [main] INFO  http.BaseHttpServer (BaseHttpServer.java:newHttpServer2BuilderForOzone(223)) - Starting Web-server for hddsDatanode at: http://0.0.0.0:15437
2024-01-29 07:44:00,577 [main] INFO  http.BaseHttpServer (BaseHttpServer.java:<init>(110)) - Hadoop Security Enabled: false Ozone Security Enabled: false Ozone HTTP Security Enabled: false 
2024-01-29 07:44:00,578 [main] WARN  server.AuthenticationFilter (AuthenticationFilter.java:constructSecretProvider(240)) - Unable to initialize FileSignerSecretProvider, falling back to use random secrets. Reason: Could not read signature secret file: /home/runner/hadoop-http-auth-signature-secret
2024-01-29 07:44:00,578 [main] INFO  http.HttpRequestLog (HttpRequestLog.java:getRequestLog(86)) - Http request log for http.requests.hddsDatanode is not defined
2024-01-29 07:44:00,578 [main] INFO  http.HttpServer2 (HttpServer2.java:addGlobalFilter(1036)) - Added global filter 'safety' (class=org.apache.hadoop.hdds.server.http.HttpServer2$QuotingInputFilter)
2024-01-29 07:44:00,579 [main] INFO  http.HttpServer2 (HttpServer2.java:addFilter(1012)) - Added filter static_user_filter (class=org.apache.hadoop.http.lib.StaticUserWebFilter$StaticUserFilter) to context hddsDatanode
2024-01-29 07:44:00,579 [main] INFO  http.HttpServer2 (HttpServer2.java:addFilter(1020)) - Added filter static_user_filter (class=org.apache.hadoop.http.lib.StaticUserWebFilter$StaticUserFilter) to context static
2024-01-29 07:44:00,579 [main] INFO  http.HttpServer2 (HttpServer2.java:addFilter(1020)) - Added filter static_user_filter (class=org.apache.hadoop.http.lib.StaticUserWebFilter$StaticUserFilter) to context logs
2024-01-29 07:44:00,579 [main] INFO  http.BaseHttpServer (BaseHttpServer.java:<init>(189)) - HTTP server of hddsDatanode uses base directory /home/runner/work/ozone/ozone/hadoop-ozone/integration-test/target/test-dir/MiniOzoneClusterImpl-4c098651-5741-4b11-9e36-c6ca8da28866/datanode-8/meta/webserver
2024-01-29 07:44:00,580 [main] INFO  http.HttpServer2 (HttpServer2.java:bindListener(1236)) - Jetty bound to port 15437
2024-01-29 07:44:00,580 [main] INFO  server.Server (Server.java:doStart(375)) - jetty-9.4.53.v20231009; built: 2023-10-09T12:29:09.265Z; git: 27bde00a0b95a1d5bbee0eae7984f891d2d0f8c9; jvm 1.8.0_392-b08
2024-01-29 07:44:00,581 [main] INFO  server.session (DefaultSessionIdManager.java:doStart(334)) - DefaultSessionIdManager workerName=node0
2024-01-29 07:44:00,581 [main] INFO  server.session (DefaultSessionIdManager.java:doStart(339)) - No SessionScavenger set, using defaults
2024-01-29 07:44:00,581 [main] INFO  server.session (HouseKeeper.java:startScavenging(132)) - node0 Scavenging every 600000ms
2024-01-29 07:44:00,581 [main] INFO  handler.ContextHandler (ContextHandler.java:doStart(921)) - Started o.e.j.s.ServletContextHandler@748e432b{logs,/logs,file:///home/runner/work/ozone/ozone/hadoop-ozone/integration-test/target/log,AVAILABLE}
2024-01-29 07:44:00,582 [main] INFO  handler.ContextHandler (ContextHandler.java:doStart(921)) - Started o.e.j.s.ServletContextHandler@16d9a719{static,/static,jar:file:/home/runner/.m2/repository/org/apache/ozone/hdds-container-service/1.5.0-SNAPSHOT/hdds-container-service-1.5.0-SNAPSHOT.jar!/webapps/static,AVAILABLE}
2024-01-29 07:44:00,614 [main] INFO  handler.ContextHandler (ContextHandler.java:doStart(921)) - Started o.e.j.w.WebAppContext@40331a64{hddsDatanode,/,file:///home/runner/work/ozone/ozone/hadoop-ozone/integration-test/target/test-dir/MiniOzoneClusterImpl-4c098651-5741-4b11-9e36-c6ca8da28866/datanode-8/meta/webserver/jetty-0_0_0_0-15437-hdds-container-service-1_5_0-SNAPSHOT_jar-_-any-3376905806788725314/webapp/,AVAILABLE}{jar:file:/home/runner/.m2/repository/org/apache/ozone/hdds-container-service/1.5.0-SNAPSHOT/hdds-container-service-1.5.0-SNAPSHOT.jar!/webapps/hddsDatanode}
2024-01-29 07:44:00,614 [main] INFO  server.AbstractConnector (AbstractConnector.java:doStart(333)) - Started ServerConnector@5da2a17f{HTTP/1.1, (http/1.1)}{0.0.0.0:15437}
2024-01-29 07:44:00,615 [main] INFO  server.Server (Server.java:doStart(415)) - Started @134719ms
2024-01-29 07:44:00,615 [main] WARN  impl.MetricsSystemImpl (MetricsSystemImpl.java:register(279)) - Sink prometheus already exists!
2024-01-29 07:44:00,615 [main] INFO  http.BaseHttpServer (BaseHttpServer.java:updateConnectorAddress(354)) - HTTP server of hddsDatanode listening at http://0.0.0.0:15437
2024-01-29 07:44:00,616 [main] INFO  ipc.CallQueueManager (CallQueueManager.java:<init>(90)) - Using callQueue: class java.util.concurrent.LinkedBlockingQueue, queueCapacity: 100, scheduler: class org.apache.hadoop.ipc.DefaultRpcScheduler, ipcBackoff: false.
2024-01-29 07:44:00,616 [main] INFO  ipc.Server (Server.java:<init>(1287)) - Listener at 0.0.0.0:15438
2024-01-29 07:44:00,616 [Socket Reader #1 for port 15438] INFO  ipc.Server (Server.java:run(1323)) - Starting Socket Reader #1 for port 15438
2024-01-29 07:44:00,618 [main] INFO  ozone.HddsDatanodeService (HddsDatanodeService.java:start(324)) - Datanode start with admins: [runner]
2024-01-29 07:44:00,618 [main] INFO  ozone.HddsDatanodeClientProtocolServer (HddsDatanodeClientProtocolServer.java:start(72)) - RPC server for Client /0.0.0.0:15438
2024-01-29 07:44:00,619 [IPC Server Responder] INFO  ipc.Server (Server.java:run(1562)) - IPC Server Responder: starting
2024-01-29 07:44:00,622 [IPC Server listener on 15438] INFO  ipc.Server (Server.java:run(1402)) - IPC Server listener on 15438: starting
2024-01-29 07:44:00,622 [c4e2dbfc-bf93-4c3c-9059-db6704809494-DatanodeStateMachineDaemonThread] INFO  statemachine.DatanodeStateMachine (DatanodeStateMachine.java:lambda$startDaemon$1(555)) - Ozone container server started.
2024-01-29 07:44:00,623 [main] INFO  ozone.MiniOzoneClusterImpl (MiniOzoneClusterImpl.java:lambda$waitForClusterToBeReady$0(229)) - Waiting for nodes to be ready. Got 0 of 9 DN Heartbeats.
2024-01-29 07:44:00,623 [main] INFO  ozone.MiniOzoneClusterImpl (MiniOzoneClusterImpl.java:lambda$waitForClusterToBeReady$0(232)) - Waiting for cluster to exit safe mode
2024-01-29 07:44:00,623 [main] INFO  ozone.MiniOzoneClusterImpl (MiniOzoneClusterImpl.java:lambda$waitForClusterToBeReady$0(234)) - SCM became leader
2024-01-29 07:44:00,628 [c4e2dbfc-bf93-4c3c-9059-db6704809494-DatanodeStateMachineTaskThread-0] INFO  datanode.InitDatanodeState (InitDatanodeState.java:persistContainerDatanodeDetails(139)) - DatanodeDetails is persisted to /home/runner/work/ozone/ozone/hadoop-ozone/integration-test/target/test-dir/MiniOzoneClusterImpl-4c098651-5741-4b11-9e36-c6ca8da28866/datanode-8/meta/datanode.id
2024-01-29 07:44:00,935 [om1@group-C5BA1605619E-FollowerState] INFO  impl.FollowerState (FollowerState.java:run(143)) - om1@group-C5BA1605619E-FollowerState: change to CANDIDATE, lastRpcElapsedTime:1147615334ns, electionTimeout:1147ms
2024-01-29 07:44:00,935 [om1@group-C5BA1605619E-FollowerState] INFO  impl.RoleInfo (RoleInfo.java:shutdownFollowerState(110)) - om1: shutdown om1@group-C5BA1605619E-FollowerState
2024-01-29 07:44:00,935 [om1@group-C5BA1605619E-FollowerState] INFO  server.RaftServer$Division (RaftServerImpl.java:setRole(383)) - om1@group-C5BA1605619E: changes role from  FOLLOWER to CANDIDATE at term 0 for changeToCandidate
2024-01-29 07:44:00,935 [om1@group-C5BA1605619E-FollowerState] INFO  server.RaftServerConfigKeys (ConfUtils.java:logGet(46)) - raft.server.leaderelection.pre-vote = true (default)
2024-01-29 07:44:00,935 [om1@group-C5BA1605619E-FollowerState] INFO  impl.RoleInfo (RoleInfo.java:updateAndGet(139)) - om1: start om1@group-C5BA1605619E-LeaderElection64
2024-01-29 07:44:00,939 [om1@group-C5BA1605619E-LeaderElection64] INFO  impl.LeaderElection (LeaderElection.java:askForVotes(321)) - om1@group-C5BA1605619E-LeaderElection64 PRE_VOTE round 0: submit vote requests at term 0 for -1: peers:[om1|localhost:15363]|listeners:[], old=null
2024-01-29 07:44:00,939 [om1@group-C5BA1605619E-LeaderElection64] INFO  impl.LeaderElection (LeaderElection.java:askForVotes(323)) - om1@group-C5BA1605619E-LeaderElection64 PRE_VOTE round 0: result PASSED (term=0)
2024-01-29 07:44:00,940 [om1@group-C5BA1605619E-LeaderElection64] INFO  impl.LeaderElection (LeaderElection.java:askForVotes(321)) - om1@group-C5BA1605619E-LeaderElection64 ELECTION round 0: submit vote requests at term 1 for -1: peers:[om1|localhost:15363]|listeners:[], old=null
2024-01-29 07:44:00,940 [om1@group-C5BA1605619E-LeaderElection64] INFO  impl.LeaderElection (LeaderElection.java:askForVotes(323)) - om1@group-C5BA1605619E-LeaderElection64 ELECTION round 0: result PASSED (term=1)
2024-01-29 07:44:00,940 [om1@group-C5BA1605619E-LeaderElection64] INFO  impl.RoleInfo (RoleInfo.java:shutdownLeaderElection(130)) - om1: shutdown om1@group-C5BA1605619E-LeaderElection64
2024-01-29 07:44:00,940 [om1@group-C5BA1605619E-LeaderElection64] INFO  server.RaftServer$Division (RaftServerImpl.java:setRole(383)) - om1@group-C5BA1605619E: changes role from CANDIDATE to LEADER at term 1 for changeToLeader
2024-01-29 07:44:00,940 [om1@group-C5BA1605619E-LeaderElection64] INFO  server.RaftServerConfigKeys (ConfUtils.java:logGet(46)) - raft.server.staging.catchup.gap = 1000 (default)
2024-01-29 07:44:00,940 [om1@group-C5BA1605619E-LeaderElection64] INFO  server.RaftServerConfigKeys (ConfUtils.java:logGet(46)) - raft.server.write.element-limit = 4096 (default)
2024-01-29 07:44:00,940 [om1@group-C5BA1605619E-LeaderElection64] INFO  server.RaftServerConfigKeys (ConfUtils.java:logGet(46)) - raft.server.write.byte-limit = 64MB (=67108864) (default)
2024-01-29 07:44:00,940 [om1@group-C5BA1605619E-LeaderElection64] INFO  server.RaftServerConfigKeys (ConfUtils.java:logGet(46)) - raft.server.watch.timeout = 10s (default)
2024-01-29 07:44:00,940 [om1@group-C5BA1605619E-LeaderElection64] INFO  server.RaftServerConfigKeys (ConfUtils.java:logGet(46)) - raft.server.watch.timeout.denomination = 1s (default)
2024-01-29 07:44:00,940 [om1@group-C5BA1605619E-LeaderElection64] INFO  server.RaftServerConfigKeys (ConfUtils.java:logGet(46)) - raft.server.watch.element-limit = 65536 (default)
2024-01-29 07:44:00,940 [om1@group-C5BA1605619E-LeaderElection64] INFO  server.RaftServerConfigKeys (ConfUtils.java:logGet(46)) - raft.server.read.leader.lease.enabled = false (default)
2024-01-29 07:44:00,941 [om1@group-C5BA1605619E-LeaderElection64] INFO  server.RaftServerConfigKeys (ConfUtils.java:logGet(46)) - raft.server.read.leader.lease.timeout.ratio = 0.9 (default)
2024-01-29 07:44:00,941 [om1@group-C5BA1605619E-LeaderElection64] INFO  server.RaftServerConfigKeys (ConfUtils.java:logGet(46)) - raft.server.rpc.timeout.min = 1s (custom)
2024-01-29 07:44:00,941 [om1@group-C5BA1605619E-LeaderElection64] INFO  server.RaftServerConfigKeys (ConfUtils.java:logGet(46)) - raft.server.write.element-limit = 4096 (default)
2024-01-29 07:44:00,941 [om1@group-C5BA1605619E-LeaderElection64] INFO  server.RaftServerConfigKeys (ConfUtils.java:logGet(46)) - raft.server.write.follower.gap.ratio.max = -1.0 (default)
2024-01-29 07:44:00,941 [om1@group-C5BA1605619E-LeaderElection64] INFO  impl.RoleInfo (RoleInfo.java:updateAndGet(139)) - om1: start om1@group-C5BA1605619E-LeaderStateImpl
2024-01-29 07:44:00,941 [om1@group-C5BA1605619E-LeaderElection64] INFO  server.RaftServer$Division (RaftServerImpl.java:setFirstElection(574)) - om1@group-C5BA1605619E: set firstElectionSinceStartup to false for becomeLeader
2024-01-29 07:44:00,941 [om1@group-C5BA1605619E-LeaderElection64] INFO  server.RaftServer$Division (ServerState.java:setLeader(269)) - om1@group-C5BA1605619E: change Leader from null to om1 at term 1 for becomeLeader, leader elected after 1378ms
2024-01-29 07:44:00,941 [om1@group-C5BA1605619E-LeaderElection64] INFO  segmented.SegmentedRaftLogWorker (SegmentedRaftLogWorker.java:startLogSegment(430)) - om1@group-C5BA1605619E-SegmentedRaftLogWorker: Starting segment from index:0
2024-01-29 07:44:00,942 [om1@group-C5BA1605619E-LeaderElection64] INFO  server.RaftServer$Division (ServerState.java:setRaftConf(386)) - om1@group-C5BA1605619E: set configuration 0: peers:[om1|localhost:15363]|listeners:[], old=null
2024-01-29 07:44:00,942 [om1@group-C5BA1605619E-SegmentedRaftLogWorker] INFO  segmented.BufferedWriteChannel (BufferedWriteChannel.java:open(62)) - open log_inprogress_0 at position 0
2024-01-29 07:44:00,949 [om1@group-C5BA1605619E-SegmentedRaftLogWorker] INFO  segmented.SegmentedRaftLogWorker (SegmentedRaftLogWorker.java:execute(634)) - om1@group-C5BA1605619E-SegmentedRaftLogWorker: created new log segment /home/runner/work/ozone/ozone/hadoop-ozone/integration-test/target/test-dir/MiniOzoneClusterImpl-4c098651-5741-4b11-9e36-c6ca8da28866/ozone-meta/ratis/bf265839-605b-3f16-9796-c5ba1605619e/current/log_inprogress_0
2024-01-29 07:44:00,950 [om1@group-C5BA1605619E-StateMachineUpdater] INFO  ratis.OzoneManagerStateMachine (OzoneManagerStateMachine.java:notifyConfigurationChanged(200)) - Received Configuration change notification from Ratis. New Peer list:
[id: "om1"
address: "localhost:15363"
startupRole: FOLLOWER
]
2024-01-29 07:44:00,950 [om1@group-C5BA1605619E-StateMachineUpdater] INFO  server.RaftServer$Division (LeaderStateImpl.java:isApplied(320)) - leader is ready since appliedIndex == 0 >= startIndex == 0
2024-01-29 07:44:00,992 [timer7] WARN  server.GrpcLogAppender (LogUtils.java:warn(121)) - f26ccf33-334b-458b-ba47-059e86e1c45e@group-3454888579D9->e33740fb-f8a1-4109-828b-3963795feb58-AppendLogResponseHandler: Failed appendEntries (Repeated 2 times in the last 5.006s): org.apache.ratis.thirdparty.io.grpc.StatusRuntimeException: CANCELLED: RST_STREAM closed stream. HTTP/2 error code: CANCEL
2024-01-29 07:44:00,994 [timer0] WARN  server.GrpcLogAppender (GrpcLogAppender.java:lambda$resetClient$1(217)) - f26ccf33-334b-458b-ba47-059e86e1c45e@group-3454888579D9->e33740fb-f8a1-4109-828b-3963795feb58-GrpcLogAppender: Follower failed (request=null, errorCount=2); keep nextIndex (1) unchanged and retry. (Repeated 2 times in the last 5.001s)
2024-01-29 07:44:01,000 [timer0] WARN  server.GrpcLogAppender (LogUtils.java:warn(121)) - e834a924-5ea9-496a-80ec-05127f3031fc@group-CEF2B2C33600->542e6e71-02c0-4c8d-bcab-b9bb69bc15c2-AppendLogResponseHandler: Failed appendEntries (Repeated 4 times in the last 5.001s): org.apache.ratis.thirdparty.io.grpc.StatusRuntimeException: UNAVAILABLE: io exception
2024-01-29 07:44:01,005 [timer0] WARN  server.GrpcLogAppender (GrpcLogAppender.java:lambda$resetClient$1(217)) - e834a924-5ea9-496a-80ec-05127f3031fc@group-CEF2B2C33600->542e6e71-02c0-4c8d-bcab-b9bb69bc15c2-GrpcLogAppender: Follower failed (request=null, errorCount=4); keep nextIndex (5) unchanged and retry. (Repeated 4 times in the last 5.000s)
2024-01-29 07:44:01,008 [timer2] WARN  server.GrpcLogAppender (GrpcLogAppender.java:lambda$resetClient$1(217)) - bae37beb-6b4b-4ee8-b026-367629e21a5b@group-2A8E866F5646->dee7fec6-2dcd-4300-ac15-f6f70a1f2c56-GrpcLogAppender: Follower failed (request=null, errorCount=2); keep nextIndex (1) unchanged and retry. (Repeated 2 times in the last 5.000s)
2024-01-29 07:44:01,008 [timer1] WARN  server.GrpcLogAppender (LogUtils.java:warn(121)) - bae37beb-6b4b-4ee8-b026-367629e21a5b@group-2A8E866F5646->dee7fec6-2dcd-4300-ac15-f6f70a1f2c56-AppendLogResponseHandler: Failed appendEntries (Repeated 2 times in the last 5.000s): org.apache.ratis.thirdparty.io.grpc.StatusRuntimeException: CANCELLED: RST_STREAM closed stream. HTTP/2 error code: CANCEL
2024-01-29 07:44:01,063 [timer4] WARN  server.GrpcLogAppender (LogUtils.java:warn(121)) - bae37beb-6b4b-4ee8-b026-367629e21a5b@group-2A8E866F5646->a7fcafaa-347b-4c2b-8935-29f41412cd4f-AppendLogResponseHandler: Failed appendEntries (Repeated 2 times in the last 4.999s): org.apache.ratis.thirdparty.io.grpc.StatusRuntimeException: CANCELLED: RST_STREAM closed stream. HTTP/2 error code: CANCEL
2024-01-29 07:44:01,064 [timer5] WARN  server.GrpcLogAppender (GrpcLogAppender.java:lambda$resetClient$1(217)) - bae37beb-6b4b-4ee8-b026-367629e21a5b@group-2A8E866F5646->a7fcafaa-347b-4c2b-8935-29f41412cd4f-GrpcLogAppender: Follower failed (request=null, errorCount=2); keep nextIndex (1) unchanged and retry. (Repeated 2 times in the last 5.000s)
2024-01-29 07:44:01,623 [main] INFO  ozone.MiniOzoneClusterImpl (MiniOzoneClusterImpl.java:lambda$waitForClusterToBeReady$0(229)) - Waiting for nodes to be ready. Got 0 of 9 DN Heartbeats.
2024-01-29 07:44:01,623 [main] INFO  ozone.MiniOzoneClusterImpl (MiniOzoneClusterImpl.java:lambda$waitForClusterToBeReady$0(232)) - Waiting for cluster to exit safe mode
2024-01-29 07:44:01,623 [main] INFO  ozone.MiniOzoneClusterImpl (MiniOzoneClusterImpl.java:lambda$waitForClusterToBeReady$0(234)) - SCM became leader
2024-01-29 07:44:01,945 [6a63baba-185f-4694-8c2d-f019df25b76b-EndpointStateMachineTaskThread-/0.0.0.0:15358-0 ] INFO  utils.DatanodeStoreCache (DatanodeStoreCache.java:addDB(72)) - Added db /home/runner/work/ozone/ozone/hadoop-ozone/integration-test/target/test-dir/MiniOzoneClusterImpl-4c098651-5741-4b11-9e36-c6ca8da28866/datanode-0/data-0/containers/hdds/4c098651-5741-4b11-9e36-c6ca8da28866/DS-0b11485a-252b-4744-94af-7d7cece7e88e/container.db to cache
2024-01-29 07:44:01,945 [6a63baba-185f-4694-8c2d-f019df25b76b-EndpointStateMachineTaskThread-/0.0.0.0:15358-0 ] INFO  volume.HddsVolume (HddsVolume.java:createDbStore(420)) - SchemaV3 db is created and loaded at /home/runner/work/ozone/ozone/hadoop-ozone/integration-test/target/test-dir/MiniOzoneClusterImpl-4c098651-5741-4b11-9e36-c6ca8da28866/datanode-0/data-0/containers/hdds/4c098651-5741-4b11-9e36-c6ca8da28866/DS-0b11485a-252b-4744-94af-7d7cece7e88e/container.db for volume DS-0b11485a-252b-4744-94af-7d7cece7e88e
2024-01-29 07:44:01,946 [6a63baba-185f-4694-8c2d-f019df25b76b-EndpointStateMachineTaskThread-/0.0.0.0:15358-0 ] INFO  volume.ThrottledAsyncChecker (ThrottledAsyncChecker.java:schedule(141)) - Scheduling a check for /home/runner/work/ozone/ozone/hadoop-ozone/integration-test/target/test-dir/MiniOzoneClusterImpl-4c098651-5741-4b11-9e36-c6ca8da28866/datanode-0/data-0/containers/hdds
2024-01-29 07:44:01,946 [6a63baba-185f-4694-8c2d-f019df25b76b-EndpointStateMachineTaskThread-/0.0.0.0:15358-0 ] INFO  volume.StorageVolumeChecker (StorageVolumeChecker.java:checkAllVolumes(218)) - Scheduled health check for volume /home/runner/work/ozone/ozone/hadoop-ozone/integration-test/target/test-dir/MiniOzoneClusterImpl-4c098651-5741-4b11-9e36-c6ca8da28866/datanode-0/data-0/containers/hdds
2024-01-29 07:44:01,948 [6a63baba-185f-4694-8c2d-f019df25b76b-EndpointStateMachineTaskThread-/0.0.0.0:15358-0 ] INFO  volume.ThrottledAsyncChecker (ThrottledAsyncChecker.java:schedule(141)) - Scheduling a check for /home/runner/work/ozone/ozone/hadoop-ozone/integration-test/target/test-dir/MiniOzoneClusterImpl-4c098651-5741-4b11-9e36-c6ca8da28866/datanode-0/data/ratis
2024-01-29 07:44:01,948 [6a63baba-185f-4694-8c2d-f019df25b76b-EndpointStateMachineTaskThread-/0.0.0.0:15358-0 ] INFO  volume.StorageVolumeChecker (StorageVolumeChecker.java:checkAllVolumes(218)) - Scheduled health check for volume /home/runner/work/ozone/ozone/hadoop-ozone/integration-test/target/test-dir/MiniOzoneClusterImpl-4c098651-5741-4b11-9e36-c6ca8da28866/datanode-0/data/ratis
2024-01-29 07:44:01,948 [6a63baba-185f-4694-8c2d-f019df25b76b-EndpointStateMachineTaskThread-/0.0.0.0:15358-0 ] INFO  ozoneimpl.OzoneContainer (OzoneContainer.java:start(457)) - Attempting to start container services.
2024-01-29 07:44:01,948 [6a63baba-185f-4694-8c2d-f019df25b76b-EndpointStateMachineTaskThread-/0.0.0.0:15358-0 ] INFO  ozoneimpl.OzoneContainer (OzoneContainer.java:startContainerScrub(339)) - Scheduled background container scanners and the on-demand container scanner have been disabled.
2024-01-29 07:44:01,949 [6a63baba-185f-4694-8c2d-f019df25b76b-EndpointStateMachineTaskThread-/0.0.0.0:15358-0 ] INFO  replication.ReplicationServer (ReplicationServer.java:start(139)) - ReplicationServer is started using port 15372
2024-01-29 07:44:01,949 [6a63baba-185f-4694-8c2d-f019df25b76b-EndpointStateMachineTaskThread-/0.0.0.0:15358-0 ] INFO  ratis.XceiverServerRatis (XceiverServerRatis.java:start(566)) - Starting XceiverServerRatis 6a63baba-185f-4694-8c2d-f019df25b76b
2024-01-29 07:44:01,949 [6a63baba-185f-4694-8c2d-f019df25b76b-EndpointStateMachineTaskThread-/0.0.0.0:15358-0 ] INFO  server.RaftServer (RaftServerProxy.java:startImpl(406)) - 6a63baba-185f-4694-8c2d-f019df25b76b: start RPC server
2024-01-29 07:44:01,949 [6a63baba-185f-4694-8c2d-f019df25b76b-EndpointStateMachineTaskThread-/0.0.0.0:15358-0 ] INFO  server.GrpcService (GrpcService.java:startImpl(302)) - 6a63baba-185f-4694-8c2d-f019df25b76b: GrpcService started, listening on 15368
2024-01-29 07:44:01,950 [6a63baba-185f-4694-8c2d-f019df25b76b-EndpointStateMachineTaskThread-/0.0.0.0:15358-0 ] INFO  server.GrpcService (GrpcService.java:startImpl(302)) - 6a63baba-185f-4694-8c2d-f019df25b76b: GrpcService started, listening on 15370
2024-01-29 07:44:01,950 [6a63baba-185f-4694-8c2d-f019df25b76b-EndpointStateMachineTaskThread-/0.0.0.0:15358-0 ] INFO  server.GrpcService (GrpcService.java:startImpl(302)) - 6a63baba-185f-4694-8c2d-f019df25b76b: GrpcService started, listening on 15369
2024-01-29 07:44:01,950 [6a63baba-185f-4694-8c2d-f019df25b76b-EndpointStateMachineTaskThread-/0.0.0.0:15358-0 ] INFO  ratis.XceiverServerRatis (XceiverServerRatis.java:getRealPort(592)) - XceiverServerRatis 6a63baba-185f-4694-8c2d-f019df25b76b is started using port 15368 for RATIS
2024-01-29 07:44:01,950 [JvmPauseMonitor46] INFO  util.JvmPauseMonitor (JvmPauseMonitor.java:run(146)) - JvmPauseMonitor-6a63baba-185f-4694-8c2d-f019df25b76b: Started
2024-01-29 07:44:01,950 [6a63baba-185f-4694-8c2d-f019df25b76b-EndpointStateMachineTaskThread-/0.0.0.0:15358-0 ] INFO  ratis.XceiverServerRatis (XceiverServerRatis.java:getRealPort(592)) - XceiverServerRatis 6a63baba-185f-4694-8c2d-f019df25b76b is started using port 15369 for RATIS_ADMIN
2024-01-29 07:44:01,950 [6a63baba-185f-4694-8c2d-f019df25b76b-EndpointStateMachineTaskThread-/0.0.0.0:15358-0 ] INFO  ratis.XceiverServerRatis (XceiverServerRatis.java:getRealPort(592)) - XceiverServerRatis 6a63baba-185f-4694-8c2d-f019df25b76b is started using port 15370 for RATIS_SERVER
2024-01-29 07:44:01,950 [6a63baba-185f-4694-8c2d-f019df25b76b-EndpointStateMachineTaskThread-/0.0.0.0:15358-0 ] INFO  ratis.XceiverServerRatis (XceiverServerRatis.java:getRealPort(592)) - XceiverServerRatis 6a63baba-185f-4694-8c2d-f019df25b76b is started using port 15371 for RATIS_DATASTREAM
2024-01-29 07:44:01,951 [6a63baba-185f-4694-8c2d-f019df25b76b-BlockDeletingService#0] INFO  interfaces.ContainerDeletionChoosingPolicyTemplate (ContainerDeletionChoosingPolicyTemplate.java:chooseContainerForBlockDeletion(85)) - Chosen 0/5000 blocks from 0 candidate containers.
2024-01-29 07:44:02,024 [92b1878f-5f30-4884-b778-b757b768b8e7-EndpointStateMachineTaskThread-/0.0.0.0:15358-0 ] INFO  utils.DatanodeStoreCache (DatanodeStoreCache.java:addDB(72)) - Added db /home/runner/work/ozone/ozone/hadoop-ozone/integration-test/target/test-dir/MiniOzoneClusterImpl-4c098651-5741-4b11-9e36-c6ca8da28866/datanode-1/data-0/containers/hdds/4c098651-5741-4b11-9e36-c6ca8da28866/DS-375c26c4-22fe-4b82-a0c2-190a7a933f6d/container.db to cache
2024-01-29 07:44:02,024 [92b1878f-5f30-4884-b778-b757b768b8e7-EndpointStateMachineTaskThread-/0.0.0.0:15358-0 ] INFO  volume.HddsVolume (HddsVolume.java:createDbStore(420)) - SchemaV3 db is created and loaded at /home/runner/work/ozone/ozone/hadoop-ozone/integration-test/target/test-dir/MiniOzoneClusterImpl-4c098651-5741-4b11-9e36-c6ca8da28866/datanode-1/data-0/containers/hdds/4c098651-5741-4b11-9e36-c6ca8da28866/DS-375c26c4-22fe-4b82-a0c2-190a7a933f6d/container.db for volume DS-375c26c4-22fe-4b82-a0c2-190a7a933f6d
2024-01-29 07:44:02,026 [92b1878f-5f30-4884-b778-b757b768b8e7-EndpointStateMachineTaskThread-/0.0.0.0:15358-0 ] INFO  volume.ThrottledAsyncChecker (ThrottledAsyncChecker.java:schedule(141)) - Scheduling a check for /home/runner/work/ozone/ozone/hadoop-ozone/integration-test/target/test-dir/MiniOzoneClusterImpl-4c098651-5741-4b11-9e36-c6ca8da28866/datanode-1/data-0/containers/hdds
2024-01-29 07:44:02,026 [92b1878f-5f30-4884-b778-b757b768b8e7-EndpointStateMachineTaskThread-/0.0.0.0:15358-0 ] INFO  volume.StorageVolumeChecker (StorageVolumeChecker.java:checkAllVolumes(218)) - Scheduled health check for volume /home/runner/work/ozone/ozone/hadoop-ozone/integration-test/target/test-dir/MiniOzoneClusterImpl-4c098651-5741-4b11-9e36-c6ca8da28866/datanode-1/data-0/containers/hdds
2024-01-29 07:44:02,027 [92b1878f-5f30-4884-b778-b757b768b8e7-EndpointStateMachineTaskThread-/0.0.0.0:15358-0 ] INFO  volume.ThrottledAsyncChecker (ThrottledAsyncChecker.java:schedule(141)) - Scheduling a check for /home/runner/work/ozone/ozone/hadoop-ozone/integration-test/target/test-dir/MiniOzoneClusterImpl-4c098651-5741-4b11-9e36-c6ca8da28866/datanode-1/data/ratis
2024-01-29 07:44:02,027 [92b1878f-5f30-4884-b778-b757b768b8e7-EndpointStateMachineTaskThread-/0.0.0.0:15358-0 ] INFO  volume.StorageVolumeChecker (StorageVolumeChecker.java:checkAllVolumes(218)) - Scheduled health check for volume /home/runner/work/ozone/ozone/hadoop-ozone/integration-test/target/test-dir/MiniOzoneClusterImpl-4c098651-5741-4b11-9e36-c6ca8da28866/datanode-1/data/ratis
2024-01-29 07:44:02,028 [92b1878f-5f30-4884-b778-b757b768b8e7-EndpointStateMachineTaskThread-/0.0.0.0:15358-0 ] INFO  ozoneimpl.OzoneContainer (OzoneContainer.java:start(457)) - Attempting to start container services.
2024-01-29 07:44:02,028 [92b1878f-5f30-4884-b778-b757b768b8e7-EndpointStateMachineTaskThread-/0.0.0.0:15358-0 ] INFO  ozoneimpl.OzoneContainer (OzoneContainer.java:startContainerScrub(339)) - Scheduled background container scanners and the on-demand container scanner have been disabled.
2024-01-29 07:44:02,028 [92b1878f-5f30-4884-b778-b757b768b8e7-EndpointStateMachineTaskThread-/0.0.0.0:15358-0 ] INFO  replication.ReplicationServer (ReplicationServer.java:start(139)) - ReplicationServer is started using port 15381
2024-01-29 07:44:02,028 [92b1878f-5f30-4884-b778-b757b768b8e7-EndpointStateMachineTaskThread-/0.0.0.0:15358-0 ] INFO  ratis.XceiverServerRatis (XceiverServerRatis.java:start(566)) - Starting XceiverServerRatis 92b1878f-5f30-4884-b778-b757b768b8e7
2024-01-29 07:44:02,029 [92b1878f-5f30-4884-b778-b757b768b8e7-EndpointStateMachineTaskThread-/0.0.0.0:15358-0 ] INFO  server.RaftServer (RaftServerProxy.java:startImpl(406)) - 92b1878f-5f30-4884-b778-b757b768b8e7: start RPC server
2024-01-29 07:44:02,029 [92b1878f-5f30-4884-b778-b757b768b8e7-EndpointStateMachineTaskThread-/0.0.0.0:15358-0 ] INFO  server.GrpcService (GrpcService.java:startImpl(302)) - 92b1878f-5f30-4884-b778-b757b768b8e7: GrpcService started, listening on 15377
2024-01-29 07:44:02,029 [92b1878f-5f30-4884-b778-b757b768b8e7-EndpointStateMachineTaskThread-/0.0.0.0:15358-0 ] INFO  server.GrpcService (GrpcService.java:startImpl(302)) - 92b1878f-5f30-4884-b778-b757b768b8e7: GrpcService started, listening on 15379
2024-01-29 07:44:02,030 [92b1878f-5f30-4884-b778-b757b768b8e7-EndpointStateMachineTaskThread-/0.0.0.0:15358-0 ] INFO  server.GrpcService (GrpcService.java:startImpl(302)) - 92b1878f-5f30-4884-b778-b757b768b8e7: GrpcService started, listening on 15378
2024-01-29 07:44:02,030 [92b1878f-5f30-4884-b778-b757b768b8e7-EndpointStateMachineTaskThread-/0.0.0.0:15358-0 ] INFO  ratis.XceiverServerRatis (XceiverServerRatis.java:getRealPort(592)) - XceiverServerRatis 92b1878f-5f30-4884-b778-b757b768b8e7 is started using port 15377 for RATIS
2024-01-29 07:44:02,030 [92b1878f-5f30-4884-b778-b757b768b8e7-EndpointStateMachineTaskThread-/0.0.0.0:15358-0 ] INFO  ratis.XceiverServerRatis (XceiverServerRatis.java:getRealPort(592)) - XceiverServerRatis 92b1878f-5f30-4884-b778-b757b768b8e7 is started using port 15378 for RATIS_ADMIN
2024-01-29 07:44:02,030 [92b1878f-5f30-4884-b778-b757b768b8e7-EndpointStateMachineTaskThread-/0.0.0.0:15358-0 ] INFO  ratis.XceiverServerRatis (XceiverServerRatis.java:getRealPort(592)) - XceiverServerRatis 92b1878f-5f30-4884-b778-b757b768b8e7 is started using port 15379 for RATIS_SERVER
2024-01-29 07:44:02,030 [92b1878f-5f30-4884-b778-b757b768b8e7-EndpointStateMachineTaskThread-/0.0.0.0:15358-0 ] INFO  ratis.XceiverServerRatis (XceiverServerRatis.java:getRealPort(592)) - XceiverServerRatis 92b1878f-5f30-4884-b778-b757b768b8e7 is started using port 15380 for RATIS_DATASTREAM
2024-01-29 07:44:02,030 [JvmPauseMonitor47] INFO  util.JvmPauseMonitor (JvmPauseMonitor.java:run(146)) - JvmPauseMonitor-92b1878f-5f30-4884-b778-b757b768b8e7: Started
2024-01-29 07:44:02,032 [92b1878f-5f30-4884-b778-b757b768b8e7-BlockDeletingService#0] INFO  interfaces.ContainerDeletionChoosingPolicyTemplate (ContainerDeletionChoosingPolicyTemplate.java:chooseContainerForBlockDeletion(85)) - Chosen 0/5000 blocks from 0 candidate containers.
2024-01-29 07:44:02,116 [52eee04e-2e21-4309-a40c-69540fbd71c9-EndpointStateMachineTaskThread-/0.0.0.0:15358-0 ] INFO  utils.DatanodeStoreCache (DatanodeStoreCache.java:addDB(72)) - Added db /home/runner/work/ozone/ozone/hadoop-ozone/integration-test/target/test-dir/MiniOzoneClusterImpl-4c098651-5741-4b11-9e36-c6ca8da28866/datanode-2/data-0/containers/hdds/4c098651-5741-4b11-9e36-c6ca8da28866/DS-7ccef6fe-13d0-4526-b53f-3f1aabe0e10a/container.db to cache
2024-01-29 07:44:02,116 [52eee04e-2e21-4309-a40c-69540fbd71c9-EndpointStateMachineTaskThread-/0.0.0.0:15358-0 ] INFO  volume.HddsVolume (HddsVolume.java:createDbStore(420)) - SchemaV3 db is created and loaded at /home/runner/work/ozone/ozone/hadoop-ozone/integration-test/target/test-dir/MiniOzoneClusterImpl-4c098651-5741-4b11-9e36-c6ca8da28866/datanode-2/data-0/containers/hdds/4c098651-5741-4b11-9e36-c6ca8da28866/DS-7ccef6fe-13d0-4526-b53f-3f1aabe0e10a/container.db for volume DS-7ccef6fe-13d0-4526-b53f-3f1aabe0e10a
2024-01-29 07:44:02,118 [52eee04e-2e21-4309-a40c-69540fbd71c9-EndpointStateMachineTaskThread-/0.0.0.0:15358-0 ] INFO  volume.ThrottledAsyncChecker (ThrottledAsyncChecker.java:schedule(141)) - Scheduling a check for /home/runner/work/ozone/ozone/hadoop-ozone/integration-test/target/test-dir/MiniOzoneClusterImpl-4c098651-5741-4b11-9e36-c6ca8da28866/datanode-2/data-0/containers/hdds
2024-01-29 07:44:02,118 [52eee04e-2e21-4309-a40c-69540fbd71c9-EndpointStateMachineTaskThread-/0.0.0.0:15358-0 ] INFO  volume.StorageVolumeChecker (StorageVolumeChecker.java:checkAllVolumes(218)) - Scheduled health check for volume /home/runner/work/ozone/ozone/hadoop-ozone/integration-test/target/test-dir/MiniOzoneClusterImpl-4c098651-5741-4b11-9e36-c6ca8da28866/datanode-2/data-0/containers/hdds
2024-01-29 07:44:02,119 [52eee04e-2e21-4309-a40c-69540fbd71c9-EndpointStateMachineTaskThread-/0.0.0.0:15358-0 ] INFO  volume.ThrottledAsyncChecker (ThrottledAsyncChecker.java:schedule(141)) - Scheduling a check for /home/runner/work/ozone/ozone/hadoop-ozone/integration-test/target/test-dir/MiniOzoneClusterImpl-4c098651-5741-4b11-9e36-c6ca8da28866/datanode-2/data/ratis
2024-01-29 07:44:02,120 [52eee04e-2e21-4309-a40c-69540fbd71c9-EndpointStateMachineTaskThread-/0.0.0.0:15358-0 ] INFO  volume.StorageVolumeChecker (StorageVolumeChecker.java:checkAllVolumes(218)) - Scheduled health check for volume /home/runner/work/ozone/ozone/hadoop-ozone/integration-test/target/test-dir/MiniOzoneClusterImpl-4c098651-5741-4b11-9e36-c6ca8da28866/datanode-2/data/ratis
2024-01-29 07:44:02,120 [52eee04e-2e21-4309-a40c-69540fbd71c9-EndpointStateMachineTaskThread-/0.0.0.0:15358-0 ] INFO  ozoneimpl.OzoneContainer (OzoneContainer.java:start(457)) - Attempting to start container services.
2024-01-29 07:44:02,120 [52eee04e-2e21-4309-a40c-69540fbd71c9-EndpointStateMachineTaskThread-/0.0.0.0:15358-0 ] INFO  ozoneimpl.OzoneContainer (OzoneContainer.java:startContainerScrub(339)) - Scheduled background container scanners and the on-demand container scanner have been disabled.
2024-01-29 07:44:02,121 [52eee04e-2e21-4309-a40c-69540fbd71c9-EndpointStateMachineTaskThread-/0.0.0.0:15358-0 ] INFO  replication.ReplicationServer (ReplicationServer.java:start(139)) - ReplicationServer is started using port 15390
2024-01-29 07:44:02,121 [52eee04e-2e21-4309-a40c-69540fbd71c9-EndpointStateMachineTaskThread-/0.0.0.0:15358-0 ] INFO  ratis.XceiverServerRatis (XceiverServerRatis.java:start(566)) - Starting XceiverServerRatis 52eee04e-2e21-4309-a40c-69540fbd71c9
2024-01-29 07:44:02,127 [52eee04e-2e21-4309-a40c-69540fbd71c9-EndpointStateMachineTaskThread-/0.0.0.0:15358-0 ] INFO  server.RaftServer (RaftServerProxy.java:startImpl(406)) - 52eee04e-2e21-4309-a40c-69540fbd71c9: start RPC server
2024-01-29 07:44:02,127 [52eee04e-2e21-4309-a40c-69540fbd71c9-EndpointStateMachineTaskThread-/0.0.0.0:15358-0 ] INFO  server.GrpcService (GrpcService.java:startImpl(302)) - 52eee04e-2e21-4309-a40c-69540fbd71c9: GrpcService started, listening on 15386
2024-01-29 07:44:02,127 [52eee04e-2e21-4309-a40c-69540fbd71c9-EndpointStateMachineTaskThread-/0.0.0.0:15358-0 ] INFO  server.GrpcService (GrpcService.java:startImpl(302)) - 52eee04e-2e21-4309-a40c-69540fbd71c9: GrpcService started, listening on 15388
2024-01-29 07:44:02,128 [52eee04e-2e21-4309-a40c-69540fbd71c9-EndpointStateMachineTaskThread-/0.0.0.0:15358-0 ] INFO  server.GrpcService (GrpcService.java:startImpl(302)) - 52eee04e-2e21-4309-a40c-69540fbd71c9: GrpcService started, listening on 15387
2024-01-29 07:44:02,128 [52eee04e-2e21-4309-a40c-69540fbd71c9-EndpointStateMachineTaskThread-/0.0.0.0:15358-0 ] INFO  ratis.XceiverServerRatis (XceiverServerRatis.java:getRealPort(592)) - XceiverServerRatis 52eee04e-2e21-4309-a40c-69540fbd71c9 is started using port 15386 for RATIS
2024-01-29 07:44:02,128 [52eee04e-2e21-4309-a40c-69540fbd71c9-EndpointStateMachineTaskThread-/0.0.0.0:15358-0 ] INFO  ratis.XceiverServerRatis (XceiverServerRatis.java:getRealPort(592)) - XceiverServerRatis 52eee04e-2e21-4309-a40c-69540fbd71c9 is started using port 15387 for RATIS_ADMIN
2024-01-29 07:44:02,128 [52eee04e-2e21-4309-a40c-69540fbd71c9-EndpointStateMachineTaskThread-/0.0.0.0:15358-0 ] INFO  ratis.XceiverServerRatis (XceiverServerRatis.java:getRealPort(592)) - XceiverServerRatis 52eee04e-2e21-4309-a40c-69540fbd71c9 is started using port 15388 for RATIS_SERVER
2024-01-29 07:44:02,128 [52eee04e-2e21-4309-a40c-69540fbd71c9-EndpointStateMachineTaskThread-/0.0.0.0:15358-0 ] INFO  ratis.XceiverServerRatis (XceiverServerRatis.java:getRealPort(592)) - XceiverServerRatis 52eee04e-2e21-4309-a40c-69540fbd71c9 is started using port 15389 for RATIS_DATASTREAM
2024-01-29 07:44:02,128 [JvmPauseMonitor48] INFO  util.JvmPauseMonitor (JvmPauseMonitor.java:run(146)) - JvmPauseMonitor-52eee04e-2e21-4309-a40c-69540fbd71c9: Started
2024-01-29 07:44:02,129 [52eee04e-2e21-4309-a40c-69540fbd71c9-BlockDeletingService#0] INFO  interfaces.ContainerDeletionChoosingPolicyTemplate (ContainerDeletionChoosingPolicyTemplate.java:chooseContainerForBlockDeletion(85)) - Chosen 0/5000 blocks from 0 candidate containers.
2024-01-29 07:44:02,201 [9deec6a2-e137-4b51-9c1f-847336f03f34-EndpointStateMachineTaskThread-/0.0.0.0:15358-0 ] INFO  utils.DatanodeStoreCache (DatanodeStoreCache.java:addDB(72)) - Added db /home/runner/work/ozone/ozone/hadoop-ozone/integration-test/target/test-dir/MiniOzoneClusterImpl-4c098651-5741-4b11-9e36-c6ca8da28866/datanode-3/data-0/containers/hdds/4c098651-5741-4b11-9e36-c6ca8da28866/DS-6d9d30d2-8771-4b6c-a201-9704fa8a16e5/container.db to cache
2024-01-29 07:44:02,201 [9deec6a2-e137-4b51-9c1f-847336f03f34-EndpointStateMachineTaskThread-/0.0.0.0:15358-0 ] INFO  volume.HddsVolume (HddsVolume.java:createDbStore(420)) - SchemaV3 db is created and loaded at /home/runner/work/ozone/ozone/hadoop-ozone/integration-test/target/test-dir/MiniOzoneClusterImpl-4c098651-5741-4b11-9e36-c6ca8da28866/datanode-3/data-0/containers/hdds/4c098651-5741-4b11-9e36-c6ca8da28866/DS-6d9d30d2-8771-4b6c-a201-9704fa8a16e5/container.db for volume DS-6d9d30d2-8771-4b6c-a201-9704fa8a16e5
2024-01-29 07:44:02,202 [9deec6a2-e137-4b51-9c1f-847336f03f34-EndpointStateMachineTaskThread-/0.0.0.0:15358-0 ] INFO  volume.ThrottledAsyncChecker (ThrottledAsyncChecker.java:schedule(141)) - Scheduling a check for /home/runner/work/ozone/ozone/hadoop-ozone/integration-test/target/test-dir/MiniOzoneClusterImpl-4c098651-5741-4b11-9e36-c6ca8da28866/datanode-3/data-0/containers/hdds
2024-01-29 07:44:02,203 [9deec6a2-e137-4b51-9c1f-847336f03f34-EndpointStateMachineTaskThread-/0.0.0.0:15358-0 ] INFO  volume.StorageVolumeChecker (StorageVolumeChecker.java:checkAllVolumes(218)) - Scheduled health check for volume /home/runner/work/ozone/ozone/hadoop-ozone/integration-test/target/test-dir/MiniOzoneClusterImpl-4c098651-5741-4b11-9e36-c6ca8da28866/datanode-3/data-0/containers/hdds
2024-01-29 07:44:02,204 [9deec6a2-e137-4b51-9c1f-847336f03f34-EndpointStateMachineTaskThread-/0.0.0.0:15358-0 ] INFO  volume.ThrottledAsyncChecker (ThrottledAsyncChecker.java:schedule(141)) - Scheduling a check for /home/runner/work/ozone/ozone/hadoop-ozone/integration-test/target/test-dir/MiniOzoneClusterImpl-4c098651-5741-4b11-9e36-c6ca8da28866/datanode-3/data/ratis
2024-01-29 07:44:02,204 [9deec6a2-e137-4b51-9c1f-847336f03f34-EndpointStateMachineTaskThread-/0.0.0.0:15358-0 ] INFO  volume.StorageVolumeChecker (StorageVolumeChecker.java:checkAllVolumes(218)) - Scheduled health check for volume /home/runner/work/ozone/ozone/hadoop-ozone/integration-test/target/test-dir/MiniOzoneClusterImpl-4c098651-5741-4b11-9e36-c6ca8da28866/datanode-3/data/ratis
2024-01-29 07:44:02,205 [9deec6a2-e137-4b51-9c1f-847336f03f34-EndpointStateMachineTaskThread-/0.0.0.0:15358-0 ] INFO  ozoneimpl.OzoneContainer (OzoneContainer.java:start(457)) - Attempting to start container services.
2024-01-29 07:44:02,205 [9deec6a2-e137-4b51-9c1f-847336f03f34-EndpointStateMachineTaskThread-/0.0.0.0:15358-0 ] INFO  ozoneimpl.OzoneContainer (OzoneContainer.java:startContainerScrub(339)) - Scheduled background container scanners and the on-demand container scanner have been disabled.
2024-01-29 07:44:02,205 [9deec6a2-e137-4b51-9c1f-847336f03f34-EndpointStateMachineTaskThread-/0.0.0.0:15358-0 ] INFO  replication.ReplicationServer (ReplicationServer.java:start(139)) - ReplicationServer is started using port 15399
2024-01-29 07:44:02,205 [9deec6a2-e137-4b51-9c1f-847336f03f34-EndpointStateMachineTaskThread-/0.0.0.0:15358-0 ] INFO  ratis.XceiverServerRatis (XceiverServerRatis.java:start(566)) - Starting XceiverServerRatis 9deec6a2-e137-4b51-9c1f-847336f03f34
2024-01-29 07:44:02,206 [9deec6a2-e137-4b51-9c1f-847336f03f34-EndpointStateMachineTaskThread-/0.0.0.0:15358-0 ] INFO  server.RaftServer (RaftServerProxy.java:startImpl(406)) - 9deec6a2-e137-4b51-9c1f-847336f03f34: start RPC server
2024-01-29 07:44:02,206 [9deec6a2-e137-4b51-9c1f-847336f03f34-EndpointStateMachineTaskThread-/0.0.0.0:15358-0 ] INFO  server.GrpcService (GrpcService.java:startImpl(302)) - 9deec6a2-e137-4b51-9c1f-847336f03f34: GrpcService started, listening on 15395
2024-01-29 07:44:02,206 [9deec6a2-e137-4b51-9c1f-847336f03f34-EndpointStateMachineTaskThread-/0.0.0.0:15358-0 ] INFO  server.GrpcService (GrpcService.java:startImpl(302)) - 9deec6a2-e137-4b51-9c1f-847336f03f34: GrpcService started, listening on 15397
2024-01-29 07:44:02,206 [9deec6a2-e137-4b51-9c1f-847336f03f34-EndpointStateMachineTaskThread-/0.0.0.0:15358-0 ] INFO  server.GrpcService (GrpcService.java:startImpl(302)) - 9deec6a2-e137-4b51-9c1f-847336f03f34: GrpcService started, listening on 15396
2024-01-29 07:44:02,207 [9deec6a2-e137-4b51-9c1f-847336f03f34-EndpointStateMachineTaskThread-/0.0.0.0:15358-0 ] INFO  ratis.XceiverServerRatis (XceiverServerRatis.java:getRealPort(592)) - XceiverServerRatis 9deec6a2-e137-4b51-9c1f-847336f03f34 is started using port 15395 for RATIS
2024-01-29 07:44:02,207 [9deec6a2-e137-4b51-9c1f-847336f03f34-EndpointStateMachineTaskThread-/0.0.0.0:15358-0 ] INFO  ratis.XceiverServerRatis (XceiverServerRatis.java:getRealPort(592)) - XceiverServerRatis 9deec6a2-e137-4b51-9c1f-847336f03f34 is started using port 15396 for RATIS_ADMIN
2024-01-29 07:44:02,207 [JvmPauseMonitor49] INFO  util.JvmPauseMonitor (JvmPauseMonitor.java:run(146)) - JvmPauseMonitor-9deec6a2-e137-4b51-9c1f-847336f03f34: Started
2024-01-29 07:44:02,207 [9deec6a2-e137-4b51-9c1f-847336f03f34-EndpointStateMachineTaskThread-/0.0.0.0:15358-0 ] INFO  ratis.XceiverServerRatis (XceiverServerRatis.java:getRealPort(592)) - XceiverServerRatis 9deec6a2-e137-4b51-9c1f-847336f03f34 is started using port 15397 for RATIS_SERVER
2024-01-29 07:44:02,207 [9deec6a2-e137-4b51-9c1f-847336f03f34-EndpointStateMachineTaskThread-/0.0.0.0:15358-0 ] INFO  ratis.XceiverServerRatis (XceiverServerRatis.java:getRealPort(592)) - XceiverServerRatis 9deec6a2-e137-4b51-9c1f-847336f03f34 is started using port 15398 for RATIS_DATASTREAM
2024-01-29 07:44:02,207 [9deec6a2-e137-4b51-9c1f-847336f03f34-BlockDeletingService#0] INFO  interfaces.ContainerDeletionChoosingPolicyTemplate (ContainerDeletionChoosingPolicyTemplate.java:chooseContainerForBlockDeletion(85)) - Chosen 0/5000 blocks from 0 candidate containers.
2024-01-29 07:44:02,285 [ae994d2b-07e5-4c7e-bc1d-199b697c7c17-EndpointStateMachineTaskThread-/0.0.0.0:15358-0 ] INFO  utils.DatanodeStoreCache (DatanodeStoreCache.java:addDB(72)) - Added db /home/runner/work/ozone/ozone/hadoop-ozone/integration-test/target/test-dir/MiniOzoneClusterImpl-4c098651-5741-4b11-9e36-c6ca8da28866/datanode-4/data-0/containers/hdds/4c098651-5741-4b11-9e36-c6ca8da28866/DS-4e0676f1-db80-4653-ba3a-9dd3248d7d4b/container.db to cache
2024-01-29 07:44:02,285 [ae994d2b-07e5-4c7e-bc1d-199b697c7c17-EndpointStateMachineTaskThread-/0.0.0.0:15358-0 ] INFO  volume.HddsVolume (HddsVolume.java:createDbStore(420)) - SchemaV3 db is created and loaded at /home/runner/work/ozone/ozone/hadoop-ozone/integration-test/target/test-dir/MiniOzoneClusterImpl-4c098651-5741-4b11-9e36-c6ca8da28866/datanode-4/data-0/containers/hdds/4c098651-5741-4b11-9e36-c6ca8da28866/DS-4e0676f1-db80-4653-ba3a-9dd3248d7d4b/container.db for volume DS-4e0676f1-db80-4653-ba3a-9dd3248d7d4b
2024-01-29 07:44:02,286 [ae994d2b-07e5-4c7e-bc1d-199b697c7c17-EndpointStateMachineTaskThread-/0.0.0.0:15358-0 ] INFO  volume.ThrottledAsyncChecker (ThrottledAsyncChecker.java:schedule(141)) - Scheduling a check for /home/runner/work/ozone/ozone/hadoop-ozone/integration-test/target/test-dir/MiniOzoneClusterImpl-4c098651-5741-4b11-9e36-c6ca8da28866/datanode-4/data-0/containers/hdds
2024-01-29 07:44:02,286 [ae994d2b-07e5-4c7e-bc1d-199b697c7c17-EndpointStateMachineTaskThread-/0.0.0.0:15358-0 ] INFO  volume.StorageVolumeChecker (StorageVolumeChecker.java:checkAllVolumes(218)) - Scheduled health check for volume /home/runner/work/ozone/ozone/hadoop-ozone/integration-test/target/test-dir/MiniOzoneClusterImpl-4c098651-5741-4b11-9e36-c6ca8da28866/datanode-4/data-0/containers/hdds
2024-01-29 07:44:02,288 [ae994d2b-07e5-4c7e-bc1d-199b697c7c17-EndpointStateMachineTaskThread-/0.0.0.0:15358-0 ] INFO  volume.ThrottledAsyncChecker (ThrottledAsyncChecker.java:schedule(141)) - Scheduling a check for /home/runner/work/ozone/ozone/hadoop-ozone/integration-test/target/test-dir/MiniOzoneClusterImpl-4c098651-5741-4b11-9e36-c6ca8da28866/datanode-4/data/ratis
2024-01-29 07:44:02,288 [ae994d2b-07e5-4c7e-bc1d-199b697c7c17-EndpointStateMachineTaskThread-/0.0.0.0:15358-0 ] INFO  volume.StorageVolumeChecker (StorageVolumeChecker.java:checkAllVolumes(218)) - Scheduled health check for volume /home/runner/work/ozone/ozone/hadoop-ozone/integration-test/target/test-dir/MiniOzoneClusterImpl-4c098651-5741-4b11-9e36-c6ca8da28866/datanode-4/data/ratis
2024-01-29 07:44:02,289 [ae994d2b-07e5-4c7e-bc1d-199b697c7c17-EndpointStateMachineTaskThread-/0.0.0.0:15358-0 ] INFO  ozoneimpl.OzoneContainer (OzoneContainer.java:start(457)) - Attempting to start container services.
2024-01-29 07:44:02,289 [ae994d2b-07e5-4c7e-bc1d-199b697c7c17-EndpointStateMachineTaskThread-/0.0.0.0:15358-0 ] INFO  ozoneimpl.OzoneContainer (OzoneContainer.java:startContainerScrub(339)) - Scheduled background container scanners and the on-demand container scanner have been disabled.
2024-01-29 07:44:02,289 [ae994d2b-07e5-4c7e-bc1d-199b697c7c17-EndpointStateMachineTaskThread-/0.0.0.0:15358-0 ] INFO  replication.ReplicationServer (ReplicationServer.java:start(139)) - ReplicationServer is started using port 15408
2024-01-29 07:44:02,289 [ae994d2b-07e5-4c7e-bc1d-199b697c7c17-EndpointStateMachineTaskThread-/0.0.0.0:15358-0 ] INFO  ratis.XceiverServerRatis (XceiverServerRatis.java:start(566)) - Starting XceiverServerRatis ae994d2b-07e5-4c7e-bc1d-199b697c7c17
2024-01-29 07:44:02,290 [ae994d2b-07e5-4c7e-bc1d-199b697c7c17-EndpointStateMachineTaskThread-/0.0.0.0:15358-0 ] INFO  server.RaftServer (RaftServerProxy.java:startImpl(406)) - ae994d2b-07e5-4c7e-bc1d-199b697c7c17: start RPC server
2024-01-29 07:44:02,290 [ae994d2b-07e5-4c7e-bc1d-199b697c7c17-EndpointStateMachineTaskThread-/0.0.0.0:15358-0 ] INFO  server.GrpcService (GrpcService.java:startImpl(302)) - ae994d2b-07e5-4c7e-bc1d-199b697c7c17: GrpcService started, listening on 15404
2024-01-29 07:44:02,290 [ae994d2b-07e5-4c7e-bc1d-199b697c7c17-EndpointStateMachineTaskThread-/0.0.0.0:15358-0 ] INFO  server.GrpcService (GrpcService.java:startImpl(302)) - ae994d2b-07e5-4c7e-bc1d-199b697c7c17: GrpcService started, listening on 15406
2024-01-29 07:44:02,290 [ae994d2b-07e5-4c7e-bc1d-199b697c7c17-EndpointStateMachineTaskThread-/0.0.0.0:15358-0 ] INFO  server.GrpcService (GrpcService.java:startImpl(302)) - ae994d2b-07e5-4c7e-bc1d-199b697c7c17: GrpcService started, listening on 15405
2024-01-29 07:44:02,290 [ae994d2b-07e5-4c7e-bc1d-199b697c7c17-EndpointStateMachineTaskThread-/0.0.0.0:15358-0 ] INFO  ratis.XceiverServerRatis (XceiverServerRatis.java:getRealPort(592)) - XceiverServerRatis ae994d2b-07e5-4c7e-bc1d-199b697c7c17 is started using port 15404 for RATIS
2024-01-29 07:44:02,290 [JvmPauseMonitor50] INFO  util.JvmPauseMonitor (JvmPauseMonitor.java:run(146)) - JvmPauseMonitor-ae994d2b-07e5-4c7e-bc1d-199b697c7c17: Started
2024-01-29 07:44:02,291 [ae994d2b-07e5-4c7e-bc1d-199b697c7c17-EndpointStateMachineTaskThread-/0.0.0.0:15358-0 ] INFO  ratis.XceiverServerRatis (XceiverServerRatis.java:getRealPort(592)) - XceiverServerRatis ae994d2b-07e5-4c7e-bc1d-199b697c7c17 is started using port 15405 for RATIS_ADMIN
2024-01-29 07:44:02,291 [ae994d2b-07e5-4c7e-bc1d-199b697c7c17-EndpointStateMachineTaskThread-/0.0.0.0:15358-0 ] INFO  ratis.XceiverServerRatis (XceiverServerRatis.java:getRealPort(592)) - XceiverServerRatis ae994d2b-07e5-4c7e-bc1d-199b697c7c17 is started using port 15406 for RATIS_SERVER
2024-01-29 07:44:02,291 [ae994d2b-07e5-4c7e-bc1d-199b697c7c17-EndpointStateMachineTaskThread-/0.0.0.0:15358-0 ] INFO  ratis.XceiverServerRatis (XceiverServerRatis.java:getRealPort(592)) - XceiverServerRatis ae994d2b-07e5-4c7e-bc1d-199b697c7c17 is started using port 15407 for RATIS_DATASTREAM
2024-01-29 07:44:02,291 [ae994d2b-07e5-4c7e-bc1d-199b697c7c17-BlockDeletingService#0] INFO  interfaces.ContainerDeletionChoosingPolicyTemplate (ContainerDeletionChoosingPolicyTemplate.java:chooseContainerForBlockDeletion(85)) - Chosen 0/5000 blocks from 0 candidate containers.
2024-01-29 07:44:02,381 [abb8ef56-980b-44e3-a149-c32b9999de28-EndpointStateMachineTaskThread-/0.0.0.0:15358-0 ] INFO  utils.DatanodeStoreCache (DatanodeStoreCache.java:addDB(72)) - Added db /home/runner/work/ozone/ozone/hadoop-ozone/integration-test/target/test-dir/MiniOzoneClusterImpl-4c098651-5741-4b11-9e36-c6ca8da28866/datanode-5/data-0/containers/hdds/4c098651-5741-4b11-9e36-c6ca8da28866/DS-4dc7edc5-4f82-4678-8165-c161d34a7808/container.db to cache
2024-01-29 07:44:02,381 [abb8ef56-980b-44e3-a149-c32b9999de28-EndpointStateMachineTaskThread-/0.0.0.0:15358-0 ] INFO  volume.HddsVolume (HddsVolume.java:createDbStore(420)) - SchemaV3 db is created and loaded at /home/runner/work/ozone/ozone/hadoop-ozone/integration-test/target/test-dir/MiniOzoneClusterImpl-4c098651-5741-4b11-9e36-c6ca8da28866/datanode-5/data-0/containers/hdds/4c098651-5741-4b11-9e36-c6ca8da28866/DS-4dc7edc5-4f82-4678-8165-c161d34a7808/container.db for volume DS-4dc7edc5-4f82-4678-8165-c161d34a7808
2024-01-29 07:44:02,382 [abb8ef56-980b-44e3-a149-c32b9999de28-EndpointStateMachineTaskThread-/0.0.0.0:15358-0 ] INFO  volume.ThrottledAsyncChecker (ThrottledAsyncChecker.java:schedule(141)) - Scheduling a check for /home/runner/work/ozone/ozone/hadoop-ozone/integration-test/target/test-dir/MiniOzoneClusterImpl-4c098651-5741-4b11-9e36-c6ca8da28866/datanode-5/data-0/containers/hdds
2024-01-29 07:44:02,382 [abb8ef56-980b-44e3-a149-c32b9999de28-EndpointStateMachineTaskThread-/0.0.0.0:15358-0 ] INFO  volume.StorageVolumeChecker (StorageVolumeChecker.java:checkAllVolumes(218)) - Scheduled health check for volume /home/runner/work/ozone/ozone/hadoop-ozone/integration-test/target/test-dir/MiniOzoneClusterImpl-4c098651-5741-4b11-9e36-c6ca8da28866/datanode-5/data-0/containers/hdds
2024-01-29 07:44:02,386 [abb8ef56-980b-44e3-a149-c32b9999de28-EndpointStateMachineTaskThread-/0.0.0.0:15358-0 ] INFO  volume.ThrottledAsyncChecker (ThrottledAsyncChecker.java:schedule(141)) - Scheduling a check for /home/runner/work/ozone/ozone/hadoop-ozone/integration-test/target/test-dir/MiniOzoneClusterImpl-4c098651-5741-4b11-9e36-c6ca8da28866/datanode-5/data/ratis
2024-01-29 07:44:02,386 [abb8ef56-980b-44e3-a149-c32b9999de28-EndpointStateMachineTaskThread-/0.0.0.0:15358-0 ] INFO  volume.StorageVolumeChecker (StorageVolumeChecker.java:checkAllVolumes(218)) - Scheduled health check for volume /home/runner/work/ozone/ozone/hadoop-ozone/integration-test/target/test-dir/MiniOzoneClusterImpl-4c098651-5741-4b11-9e36-c6ca8da28866/datanode-5/data/ratis
2024-01-29 07:44:02,386 [abb8ef56-980b-44e3-a149-c32b9999de28-EndpointStateMachineTaskThread-/0.0.0.0:15358-0 ] INFO  ozoneimpl.OzoneContainer (OzoneContainer.java:start(457)) - Attempting to start container services.
2024-01-29 07:44:02,386 [abb8ef56-980b-44e3-a149-c32b9999de28-EndpointStateMachineTaskThread-/0.0.0.0:15358-0 ] INFO  ozoneimpl.OzoneContainer (OzoneContainer.java:startContainerScrub(339)) - Scheduled background container scanners and the on-demand container scanner have been disabled.
2024-01-29 07:44:02,387 [abb8ef56-980b-44e3-a149-c32b9999de28-EndpointStateMachineTaskThread-/0.0.0.0:15358-0 ] INFO  replication.ReplicationServer (ReplicationServer.java:start(139)) - ReplicationServer is started using port 15417
2024-01-29 07:44:02,387 [abb8ef56-980b-44e3-a149-c32b9999de28-EndpointStateMachineTaskThread-/0.0.0.0:15358-0 ] INFO  ratis.XceiverServerRatis (XceiverServerRatis.java:start(566)) - Starting XceiverServerRatis abb8ef56-980b-44e3-a149-c32b9999de28
2024-01-29 07:44:02,388 [abb8ef56-980b-44e3-a149-c32b9999de28-EndpointStateMachineTaskThread-/0.0.0.0:15358-0 ] INFO  server.RaftServer (RaftServerProxy.java:startImpl(406)) - abb8ef56-980b-44e3-a149-c32b9999de28: start RPC server
2024-01-29 07:44:02,388 [abb8ef56-980b-44e3-a149-c32b9999de28-EndpointStateMachineTaskThread-/0.0.0.0:15358-0 ] INFO  server.GrpcService (GrpcService.java:startImpl(302)) - abb8ef56-980b-44e3-a149-c32b9999de28: GrpcService started, listening on 15413
2024-01-29 07:44:02,388 [abb8ef56-980b-44e3-a149-c32b9999de28-EndpointStateMachineTaskThread-/0.0.0.0:15358-0 ] INFO  server.GrpcService (GrpcService.java:startImpl(302)) - abb8ef56-980b-44e3-a149-c32b9999de28: GrpcService started, listening on 15415
2024-01-29 07:44:02,388 [abb8ef56-980b-44e3-a149-c32b9999de28-EndpointStateMachineTaskThread-/0.0.0.0:15358-0 ] INFO  server.GrpcService (GrpcService.java:startImpl(302)) - abb8ef56-980b-44e3-a149-c32b9999de28: GrpcService started, listening on 15414
2024-01-29 07:44:02,389 [abb8ef56-980b-44e3-a149-c32b9999de28-EndpointStateMachineTaskThread-/0.0.0.0:15358-0 ] INFO  ratis.XceiverServerRatis (XceiverServerRatis.java:getRealPort(592)) - XceiverServerRatis abb8ef56-980b-44e3-a149-c32b9999de28 is started using port 15413 for RATIS
2024-01-29 07:44:02,389 [JvmPauseMonitor51] INFO  util.JvmPauseMonitor (JvmPauseMonitor.java:run(146)) - JvmPauseMonitor-abb8ef56-980b-44e3-a149-c32b9999de28: Started
2024-01-29 07:44:02,389 [abb8ef56-980b-44e3-a149-c32b9999de28-EndpointStateMachineTaskThread-/0.0.0.0:15358-0 ] INFO  ratis.XceiverServerRatis (XceiverServerRatis.java:getRealPort(592)) - XceiverServerRatis abb8ef56-980b-44e3-a149-c32b9999de28 is started using port 15414 for RATIS_ADMIN
2024-01-29 07:44:02,389 [abb8ef56-980b-44e3-a149-c32b9999de28-EndpointStateMachineTaskThread-/0.0.0.0:15358-0 ] INFO  ratis.XceiverServerRatis (XceiverServerRatis.java:getRealPort(592)) - XceiverServerRatis abb8ef56-980b-44e3-a149-c32b9999de28 is started using port 15415 for RATIS_SERVER
2024-01-29 07:44:02,389 [abb8ef56-980b-44e3-a149-c32b9999de28-EndpointStateMachineTaskThread-/0.0.0.0:15358-0 ] INFO  ratis.XceiverServerRatis (XceiverServerRatis.java:getRealPort(592)) - XceiverServerRatis abb8ef56-980b-44e3-a149-c32b9999de28 is started using port 15416 for RATIS_DATASTREAM
2024-01-29 07:44:02,390 [abb8ef56-980b-44e3-a149-c32b9999de28-BlockDeletingService#0] INFO  interfaces.ContainerDeletionChoosingPolicyTemplate (ContainerDeletionChoosingPolicyTemplate.java:chooseContainerForBlockDeletion(85)) - Chosen 0/5000 blocks from 0 candidate containers.
2024-01-29 07:44:02,463 [2532b31c-22c5-467b-a3b6-d3baa4dde6c4-EndpointStateMachineTaskThread-/0.0.0.0:15358-0 ] INFO  utils.DatanodeStoreCache (DatanodeStoreCache.java:addDB(72)) - Added db /home/runner/work/ozone/ozone/hadoop-ozone/integration-test/target/test-dir/MiniOzoneClusterImpl-4c098651-5741-4b11-9e36-c6ca8da28866/datanode-6/data-0/containers/hdds/4c098651-5741-4b11-9e36-c6ca8da28866/DS-ba8d42ce-cf4a-4148-9202-4301bf025855/container.db to cache
2024-01-29 07:44:02,463 [2532b31c-22c5-467b-a3b6-d3baa4dde6c4-EndpointStateMachineTaskThread-/0.0.0.0:15358-0 ] INFO  volume.HddsVolume (HddsVolume.java:createDbStore(420)) - SchemaV3 db is created and loaded at /home/runner/work/ozone/ozone/hadoop-ozone/integration-test/target/test-dir/MiniOzoneClusterImpl-4c098651-5741-4b11-9e36-c6ca8da28866/datanode-6/data-0/containers/hdds/4c098651-5741-4b11-9e36-c6ca8da28866/DS-ba8d42ce-cf4a-4148-9202-4301bf025855/container.db for volume DS-ba8d42ce-cf4a-4148-9202-4301bf025855
2024-01-29 07:44:02,464 [2532b31c-22c5-467b-a3b6-d3baa4dde6c4-EndpointStateMachineTaskThread-/0.0.0.0:15358-0 ] INFO  volume.ThrottledAsyncChecker (ThrottledAsyncChecker.java:schedule(141)) - Scheduling a check for /home/runner/work/ozone/ozone/hadoop-ozone/integration-test/target/test-dir/MiniOzoneClusterImpl-4c098651-5741-4b11-9e36-c6ca8da28866/datanode-6/data-0/containers/hdds
2024-01-29 07:44:02,464 [2532b31c-22c5-467b-a3b6-d3baa4dde6c4-EndpointStateMachineTaskThread-/0.0.0.0:15358-0 ] INFO  volume.StorageVolumeChecker (StorageVolumeChecker.java:checkAllVolumes(218)) - Scheduled health check for volume /home/runner/work/ozone/ozone/hadoop-ozone/integration-test/target/test-dir/MiniOzoneClusterImpl-4c098651-5741-4b11-9e36-c6ca8da28866/datanode-6/data-0/containers/hdds
2024-01-29 07:44:02,466 [2532b31c-22c5-467b-a3b6-d3baa4dde6c4-EndpointStateMachineTaskThread-/0.0.0.0:15358-0 ] INFO  volume.ThrottledAsyncChecker (ThrottledAsyncChecker.java:schedule(141)) - Scheduling a check for /home/runner/work/ozone/ozone/hadoop-ozone/integration-test/target/test-dir/MiniOzoneClusterImpl-4c098651-5741-4b11-9e36-c6ca8da28866/datanode-6/data/ratis
2024-01-29 07:44:02,466 [2532b31c-22c5-467b-a3b6-d3baa4dde6c4-EndpointStateMachineTaskThread-/0.0.0.0:15358-0 ] INFO  volume.StorageVolumeChecker (StorageVolumeChecker.java:checkAllVolumes(218)) - Scheduled health check for volume /home/runner/work/ozone/ozone/hadoop-ozone/integration-test/target/test-dir/MiniOzoneClusterImpl-4c098651-5741-4b11-9e36-c6ca8da28866/datanode-6/data/ratis
2024-01-29 07:44:02,467 [2532b31c-22c5-467b-a3b6-d3baa4dde6c4-EndpointStateMachineTaskThread-/0.0.0.0:15358-0 ] INFO  ozoneimpl.OzoneContainer (OzoneContainer.java:start(457)) - Attempting to start container services.
2024-01-29 07:44:02,467 [2532b31c-22c5-467b-a3b6-d3baa4dde6c4-EndpointStateMachineTaskThread-/0.0.0.0:15358-0 ] INFO  ozoneimpl.OzoneContainer (OzoneContainer.java:startContainerScrub(339)) - Scheduled background container scanners and the on-demand container scanner have been disabled.
2024-01-29 07:44:02,467 [2532b31c-22c5-467b-a3b6-d3baa4dde6c4-EndpointStateMachineTaskThread-/0.0.0.0:15358-0 ] INFO  replication.ReplicationServer (ReplicationServer.java:start(139)) - ReplicationServer is started using port 15426
2024-01-29 07:44:02,467 [2532b31c-22c5-467b-a3b6-d3baa4dde6c4-EndpointStateMachineTaskThread-/0.0.0.0:15358-0 ] INFO  ratis.XceiverServerRatis (XceiverServerRatis.java:start(566)) - Starting XceiverServerRatis 2532b31c-22c5-467b-a3b6-d3baa4dde6c4
2024-01-29 07:44:02,467 [2532b31c-22c5-467b-a3b6-d3baa4dde6c4-EndpointStateMachineTaskThread-/0.0.0.0:15358-0 ] INFO  server.RaftServer (RaftServerProxy.java:startImpl(406)) - 2532b31c-22c5-467b-a3b6-d3baa4dde6c4: start RPC server
2024-01-29 07:44:02,468 [2532b31c-22c5-467b-a3b6-d3baa4dde6c4-EndpointStateMachineTaskThread-/0.0.0.0:15358-0 ] INFO  server.GrpcService (GrpcService.java:startImpl(302)) - 2532b31c-22c5-467b-a3b6-d3baa4dde6c4: GrpcService started, listening on 15422
2024-01-29 07:44:02,468 [2532b31c-22c5-467b-a3b6-d3baa4dde6c4-EndpointStateMachineTaskThread-/0.0.0.0:15358-0 ] INFO  server.GrpcService (GrpcService.java:startImpl(302)) - 2532b31c-22c5-467b-a3b6-d3baa4dde6c4: GrpcService started, listening on 15424
2024-01-29 07:44:02,468 [2532b31c-22c5-467b-a3b6-d3baa4dde6c4-EndpointStateMachineTaskThread-/0.0.0.0:15358-0 ] INFO  server.GrpcService (GrpcService.java:startImpl(302)) - 2532b31c-22c5-467b-a3b6-d3baa4dde6c4: GrpcService started, listening on 15423
2024-01-29 07:44:02,469 [2532b31c-22c5-467b-a3b6-d3baa4dde6c4-EndpointStateMachineTaskThread-/0.0.0.0:15358-0 ] INFO  ratis.XceiverServerRatis (XceiverServerRatis.java:getRealPort(592)) - XceiverServerRatis 2532b31c-22c5-467b-a3b6-d3baa4dde6c4 is started using port 15422 for RATIS
2024-01-29 07:44:02,469 [JvmPauseMonitor52] INFO  util.JvmPauseMonitor (JvmPauseMonitor.java:run(146)) - JvmPauseMonitor-2532b31c-22c5-467b-a3b6-d3baa4dde6c4: Started
2024-01-29 07:44:02,469 [2532b31c-22c5-467b-a3b6-d3baa4dde6c4-EndpointStateMachineTaskThread-/0.0.0.0:15358-0 ] INFO  ratis.XceiverServerRatis (XceiverServerRatis.java:getRealPort(592)) - XceiverServerRatis 2532b31c-22c5-467b-a3b6-d3baa4dde6c4 is started using port 15423 for RATIS_ADMIN
2024-01-29 07:44:02,469 [2532b31c-22c5-467b-a3b6-d3baa4dde6c4-EndpointStateMachineTaskThread-/0.0.0.0:15358-0 ] INFO  ratis.XceiverServerRatis (XceiverServerRatis.java:getRealPort(592)) - XceiverServerRatis 2532b31c-22c5-467b-a3b6-d3baa4dde6c4 is started using port 15424 for RATIS_SERVER
2024-01-29 07:44:02,469 [2532b31c-22c5-467b-a3b6-d3baa4dde6c4-EndpointStateMachineTaskThread-/0.0.0.0:15358-0 ] INFO  ratis.XceiverServerRatis (XceiverServerRatis.java:getRealPort(592)) - XceiverServerRatis 2532b31c-22c5-467b-a3b6-d3baa4dde6c4 is started using port 15425 for RATIS_DATASTREAM
2024-01-29 07:44:02,470 [2532b31c-22c5-467b-a3b6-d3baa4dde6c4-BlockDeletingService#0] INFO  interfaces.ContainerDeletionChoosingPolicyTemplate (ContainerDeletionChoosingPolicyTemplate.java:chooseContainerForBlockDeletion(85)) - Chosen 0/5000 blocks from 0 candidate containers.
2024-01-29 07:44:02,549 [00f7b909-d0df-49f8-910d-886c8291e2be-EndpointStateMachineTaskThread-/0.0.0.0:15358-0 ] INFO  utils.DatanodeStoreCache (DatanodeStoreCache.java:addDB(72)) - Added db /home/runner/work/ozone/ozone/hadoop-ozone/integration-test/target/test-dir/MiniOzoneClusterImpl-4c098651-5741-4b11-9e36-c6ca8da28866/datanode-7/data-0/containers/hdds/4c098651-5741-4b11-9e36-c6ca8da28866/DS-aa8cfca7-3177-4bec-b00e-54f002e47b1e/container.db to cache
2024-01-29 07:44:02,549 [00f7b909-d0df-49f8-910d-886c8291e2be-EndpointStateMachineTaskThread-/0.0.0.0:15358-0 ] INFO  volume.HddsVolume (HddsVolume.java:createDbStore(420)) - SchemaV3 db is created and loaded at /home/runner/work/ozone/ozone/hadoop-ozone/integration-test/target/test-dir/MiniOzoneClusterImpl-4c098651-5741-4b11-9e36-c6ca8da28866/datanode-7/data-0/containers/hdds/4c098651-5741-4b11-9e36-c6ca8da28866/DS-aa8cfca7-3177-4bec-b00e-54f002e47b1e/container.db for volume DS-aa8cfca7-3177-4bec-b00e-54f002e47b1e
2024-01-29 07:44:02,550 [00f7b909-d0df-49f8-910d-886c8291e2be-EndpointStateMachineTaskThread-/0.0.0.0:15358-0 ] INFO  volume.ThrottledAsyncChecker (ThrottledAsyncChecker.java:schedule(141)) - Scheduling a check for /home/runner/work/ozone/ozone/hadoop-ozone/integration-test/target/test-dir/MiniOzoneClusterImpl-4c098651-5741-4b11-9e36-c6ca8da28866/datanode-7/data-0/containers/hdds
2024-01-29 07:44:02,550 [00f7b909-d0df-49f8-910d-886c8291e2be-EndpointStateMachineTaskThread-/0.0.0.0:15358-0 ] INFO  volume.StorageVolumeChecker (StorageVolumeChecker.java:checkAllVolumes(218)) - Scheduled health check for volume /home/runner/work/ozone/ozone/hadoop-ozone/integration-test/target/test-dir/MiniOzoneClusterImpl-4c098651-5741-4b11-9e36-c6ca8da28866/datanode-7/data-0/containers/hdds
2024-01-29 07:44:02,552 [00f7b909-d0df-49f8-910d-886c8291e2be-EndpointStateMachineTaskThread-/0.0.0.0:15358-0 ] INFO  volume.ThrottledAsyncChecker (ThrottledAsyncChecker.java:schedule(141)) - Scheduling a check for /home/runner/work/ozone/ozone/hadoop-ozone/integration-test/target/test-dir/MiniOzoneClusterImpl-4c098651-5741-4b11-9e36-c6ca8da28866/datanode-7/data/ratis
2024-01-29 07:44:02,552 [00f7b909-d0df-49f8-910d-886c8291e2be-EndpointStateMachineTaskThread-/0.0.0.0:15358-0 ] INFO  volume.StorageVolumeChecker (StorageVolumeChecker.java:checkAllVolumes(218)) - Scheduled health check for volume /home/runner/work/ozone/ozone/hadoop-ozone/integration-test/target/test-dir/MiniOzoneClusterImpl-4c098651-5741-4b11-9e36-c6ca8da28866/datanode-7/data/ratis
2024-01-29 07:44:02,553 [00f7b909-d0df-49f8-910d-886c8291e2be-EndpointStateMachineTaskThread-/0.0.0.0:15358-0 ] INFO  ozoneimpl.OzoneContainer (OzoneContainer.java:start(457)) - Attempting to start container services.
2024-01-29 07:44:02,553 [00f7b909-d0df-49f8-910d-886c8291e2be-EndpointStateMachineTaskThread-/0.0.0.0:15358-0 ] INFO  ozoneimpl.OzoneContainer (OzoneContainer.java:startContainerScrub(339)) - Scheduled background container scanners and the on-demand container scanner have been disabled.
2024-01-29 07:44:02,553 [00f7b909-d0df-49f8-910d-886c8291e2be-EndpointStateMachineTaskThread-/0.0.0.0:15358-0 ] INFO  replication.ReplicationServer (ReplicationServer.java:start(139)) - ReplicationServer is started using port 15435
2024-01-29 07:44:02,553 [00f7b909-d0df-49f8-910d-886c8291e2be-EndpointStateMachineTaskThread-/0.0.0.0:15358-0 ] INFO  ratis.XceiverServerRatis (XceiverServerRatis.java:start(566)) - Starting XceiverServerRatis 00f7b909-d0df-49f8-910d-886c8291e2be
2024-01-29 07:44:02,553 [00f7b909-d0df-49f8-910d-886c8291e2be-EndpointStateMachineTaskThread-/0.0.0.0:15358-0 ] INFO  server.RaftServer (RaftServerProxy.java:startImpl(406)) - 00f7b909-d0df-49f8-910d-886c8291e2be: start RPC server
2024-01-29 07:44:02,554 [00f7b909-d0df-49f8-910d-886c8291e2be-EndpointStateMachineTaskThread-/0.0.0.0:15358-0 ] INFO  server.GrpcService (GrpcService.java:startImpl(302)) - 00f7b909-d0df-49f8-910d-886c8291e2be: GrpcService started, listening on 15431
2024-01-29 07:44:02,554 [00f7b909-d0df-49f8-910d-886c8291e2be-EndpointStateMachineTaskThread-/0.0.0.0:15358-0 ] INFO  server.GrpcService (GrpcService.java:startImpl(302)) - 00f7b909-d0df-49f8-910d-886c8291e2be: GrpcService started, listening on 15433
2024-01-29 07:44:02,554 [00f7b909-d0df-49f8-910d-886c8291e2be-EndpointStateMachineTaskThread-/0.0.0.0:15358-0 ] INFO  server.GrpcService (GrpcService.java:startImpl(302)) - 00f7b909-d0df-49f8-910d-886c8291e2be: GrpcService started, listening on 15432
2024-01-29 07:44:02,554 [00f7b909-d0df-49f8-910d-886c8291e2be-EndpointStateMachineTaskThread-/0.0.0.0:15358-0 ] INFO  ratis.XceiverServerRatis (XceiverServerRatis.java:getRealPort(592)) - XceiverServerRatis 00f7b909-d0df-49f8-910d-886c8291e2be is started using port 15431 for RATIS
2024-01-29 07:44:02,554 [00f7b909-d0df-49f8-910d-886c8291e2be-EndpointStateMachineTaskThread-/0.0.0.0:15358-0 ] INFO  ratis.XceiverServerRatis (XceiverServerRatis.java:getRealPort(592)) - XceiverServerRatis 00f7b909-d0df-49f8-910d-886c8291e2be is started using port 15432 for RATIS_ADMIN
2024-01-29 07:44:02,554 [JvmPauseMonitor53] INFO  util.JvmPauseMonitor (JvmPauseMonitor.java:run(146)) - JvmPauseMonitor-00f7b909-d0df-49f8-910d-886c8291e2be: Started
2024-01-29 07:44:02,554 [00f7b909-d0df-49f8-910d-886c8291e2be-EndpointStateMachineTaskThread-/0.0.0.0:15358-0 ] INFO  ratis.XceiverServerRatis (XceiverServerRatis.java:getRealPort(592)) - XceiverServerRatis 00f7b909-d0df-49f8-910d-886c8291e2be is started using port 15433 for RATIS_SERVER
2024-01-29 07:44:02,555 [00f7b909-d0df-49f8-910d-886c8291e2be-EndpointStateMachineTaskThread-/0.0.0.0:15358-0 ] INFO  ratis.XceiverServerRatis (XceiverServerRatis.java:getRealPort(592)) - XceiverServerRatis 00f7b909-d0df-49f8-910d-886c8291e2be is started using port 15434 for RATIS_DATASTREAM
2024-01-29 07:44:02,555 [00f7b909-d0df-49f8-910d-886c8291e2be-BlockDeletingService#0] INFO  interfaces.ContainerDeletionChoosingPolicyTemplate (ContainerDeletionChoosingPolicyTemplate.java:chooseContainerForBlockDeletion(85)) - Chosen 0/5000 blocks from 0 candidate containers.
2024-01-29 07:44:02,624 [main] INFO  ozone.MiniOzoneClusterImpl (MiniOzoneClusterImpl.java:lambda$waitForClusterToBeReady$0(229)) - Waiting for nodes to be ready. Got 0 of 9 DN Heartbeats.
2024-01-29 07:44:02,624 [main] INFO  ozone.MiniOzoneClusterImpl (MiniOzoneClusterImpl.java:lambda$waitForClusterToBeReady$0(232)) - Waiting for cluster to exit safe mode
2024-01-29 07:44:02,624 [main] INFO  ozone.MiniOzoneClusterImpl (MiniOzoneClusterImpl.java:lambda$waitForClusterToBeReady$0(234)) - SCM became leader
2024-01-29 07:44:02,645 [c4e2dbfc-bf93-4c3c-9059-db6704809494-EndpointStateMachineTaskThread-/0.0.0.0:15358-0 ] INFO  utils.DatanodeStoreCache (DatanodeStoreCache.java:addDB(72)) - Added db /home/runner/work/ozone/ozone/hadoop-ozone/integration-test/target/test-dir/MiniOzoneClusterImpl-4c098651-5741-4b11-9e36-c6ca8da28866/datanode-8/data-0/containers/hdds/4c098651-5741-4b11-9e36-c6ca8da28866/DS-8762f955-43b4-49c8-b2bc-56e233757c55/container.db to cache
2024-01-29 07:44:02,645 [c4e2dbfc-bf93-4c3c-9059-db6704809494-EndpointStateMachineTaskThread-/0.0.0.0:15358-0 ] INFO  volume.HddsVolume (HddsVolume.java:createDbStore(420)) - SchemaV3 db is created and loaded at /home/runner/work/ozone/ozone/hadoop-ozone/integration-test/target/test-dir/MiniOzoneClusterImpl-4c098651-5741-4b11-9e36-c6ca8da28866/datanode-8/data-0/containers/hdds/4c098651-5741-4b11-9e36-c6ca8da28866/DS-8762f955-43b4-49c8-b2bc-56e233757c55/container.db for volume DS-8762f955-43b4-49c8-b2bc-56e233757c55
2024-01-29 07:44:02,646 [c4e2dbfc-bf93-4c3c-9059-db6704809494-EndpointStateMachineTaskThread-/0.0.0.0:15358-0 ] INFO  volume.ThrottledAsyncChecker (ThrottledAsyncChecker.java:schedule(141)) - Scheduling a check for /home/runner/work/ozone/ozone/hadoop-ozone/integration-test/target/test-dir/MiniOzoneClusterImpl-4c098651-5741-4b11-9e36-c6ca8da28866/datanode-8/data-0/containers/hdds
2024-01-29 07:44:02,647 [c4e2dbfc-bf93-4c3c-9059-db6704809494-EndpointStateMachineTaskThread-/0.0.0.0:15358-0 ] INFO  volume.StorageVolumeChecker (StorageVolumeChecker.java:checkAllVolumes(218)) - Scheduled health check for volume /home/runner/work/ozone/ozone/hadoop-ozone/integration-test/target/test-dir/MiniOzoneClusterImpl-4c098651-5741-4b11-9e36-c6ca8da28866/datanode-8/data-0/containers/hdds
2024-01-29 07:44:02,648 [c4e2dbfc-bf93-4c3c-9059-db6704809494-EndpointStateMachineTaskThread-/0.0.0.0:15358-0 ] INFO  volume.ThrottledAsyncChecker (ThrottledAsyncChecker.java:schedule(141)) - Scheduling a check for /home/runner/work/ozone/ozone/hadoop-ozone/integration-test/target/test-dir/MiniOzoneClusterImpl-4c098651-5741-4b11-9e36-c6ca8da28866/datanode-8/data/ratis
2024-01-29 07:44:02,649 [c4e2dbfc-bf93-4c3c-9059-db6704809494-EndpointStateMachineTaskThread-/0.0.0.0:15358-0 ] INFO  volume.StorageVolumeChecker (StorageVolumeChecker.java:checkAllVolumes(218)) - Scheduled health check for volume /home/runner/work/ozone/ozone/hadoop-ozone/integration-test/target/test-dir/MiniOzoneClusterImpl-4c098651-5741-4b11-9e36-c6ca8da28866/datanode-8/data/ratis
2024-01-29 07:44:02,649 [c4e2dbfc-bf93-4c3c-9059-db6704809494-EndpointStateMachineTaskThread-/0.0.0.0:15358-0 ] INFO  ozoneimpl.OzoneContainer (OzoneContainer.java:start(457)) - Attempting to start container services.
2024-01-29 07:44:02,649 [c4e2dbfc-bf93-4c3c-9059-db6704809494-EndpointStateMachineTaskThread-/0.0.0.0:15358-0 ] INFO  ozoneimpl.OzoneContainer (OzoneContainer.java:startContainerScrub(339)) - Scheduled background container scanners and the on-demand container scanner have been disabled.
2024-01-29 07:44:02,650 [c4e2dbfc-bf93-4c3c-9059-db6704809494-EndpointStateMachineTaskThread-/0.0.0.0:15358-0 ] INFO  replication.ReplicationServer (ReplicationServer.java:start(139)) - ReplicationServer is started using port 15444
2024-01-29 07:44:02,650 [c4e2dbfc-bf93-4c3c-9059-db6704809494-EndpointStateMachineTaskThread-/0.0.0.0:15358-0 ] INFO  ratis.XceiverServerRatis (XceiverServerRatis.java:start(566)) - Starting XceiverServerRatis c4e2dbfc-bf93-4c3c-9059-db6704809494
2024-01-29 07:44:02,650 [c4e2dbfc-bf93-4c3c-9059-db6704809494-EndpointStateMachineTaskThread-/0.0.0.0:15358-0 ] INFO  server.RaftServer (RaftServerProxy.java:startImpl(406)) - c4e2dbfc-bf93-4c3c-9059-db6704809494: start RPC server
2024-01-29 07:44:02,650 [c4e2dbfc-bf93-4c3c-9059-db6704809494-EndpointStateMachineTaskThread-/0.0.0.0:15358-0 ] INFO  server.GrpcService (GrpcService.java:startImpl(302)) - c4e2dbfc-bf93-4c3c-9059-db6704809494: GrpcService started, listening on 15440
2024-01-29 07:44:02,651 [c4e2dbfc-bf93-4c3c-9059-db6704809494-EndpointStateMachineTaskThread-/0.0.0.0:15358-0 ] INFO  server.GrpcService (GrpcService.java:startImpl(302)) - c4e2dbfc-bf93-4c3c-9059-db6704809494: GrpcService started, listening on 15442
2024-01-29 07:44:02,651 [c4e2dbfc-bf93-4c3c-9059-db6704809494-EndpointStateMachineTaskThread-/0.0.0.0:15358-0 ] INFO  server.GrpcService (GrpcService.java:startImpl(302)) - c4e2dbfc-bf93-4c3c-9059-db6704809494: GrpcService started, listening on 15441
2024-01-29 07:44:02,651 [c4e2dbfc-bf93-4c3c-9059-db6704809494-EndpointStateMachineTaskThread-/0.0.0.0:15358-0 ] INFO  ratis.XceiverServerRatis (XceiverServerRatis.java:getRealPort(592)) - XceiverServerRatis c4e2dbfc-bf93-4c3c-9059-db6704809494 is started using port 15440 for RATIS
2024-01-29 07:44:02,651 [c4e2dbfc-bf93-4c3c-9059-db6704809494-EndpointStateMachineTaskThread-/0.0.0.0:15358-0 ] INFO  ratis.XceiverServerRatis (XceiverServerRatis.java:getRealPort(592)) - XceiverServerRatis c4e2dbfc-bf93-4c3c-9059-db6704809494 is started using port 15441 for RATIS_ADMIN
2024-01-29 07:44:02,651 [c4e2dbfc-bf93-4c3c-9059-db6704809494-EndpointStateMachineTaskThread-/0.0.0.0:15358-0 ] INFO  ratis.XceiverServerRatis (XceiverServerRatis.java:getRealPort(592)) - XceiverServerRatis c4e2dbfc-bf93-4c3c-9059-db6704809494 is started using port 15442 for RATIS_SERVER
2024-01-29 07:44:02,651 [c4e2dbfc-bf93-4c3c-9059-db6704809494-EndpointStateMachineTaskThread-/0.0.0.0:15358-0 ] INFO  ratis.XceiverServerRatis (XceiverServerRatis.java:getRealPort(592)) - XceiverServerRatis c4e2dbfc-bf93-4c3c-9059-db6704809494 is started using port 15443 for RATIS_DATASTREAM
2024-01-29 07:44:02,651 [JvmPauseMonitor54] INFO  util.JvmPauseMonitor (JvmPauseMonitor.java:run(146)) - JvmPauseMonitor-c4e2dbfc-bf93-4c3c-9059-db6704809494: Started
2024-01-29 07:44:02,652 [c4e2dbfc-bf93-4c3c-9059-db6704809494-BlockDeletingService#0] INFO  interfaces.ContainerDeletionChoosingPolicyTemplate (ContainerDeletionChoosingPolicyTemplate.java:chooseContainerForBlockDeletion(85)) - Chosen 0/5000 blocks from 0 candidate containers.
2024-01-29 07:44:03,624 [main] INFO  ozone.MiniOzoneClusterImpl (MiniOzoneClusterImpl.java:lambda$waitForClusterToBeReady$0(229)) - Waiting for nodes to be ready. Got 0 of 9 DN Heartbeats.
2024-01-29 07:44:03,625 [main] INFO  ozone.MiniOzoneClusterImpl (MiniOzoneClusterImpl.java:lambda$waitForClusterToBeReady$0(232)) - Waiting for cluster to exit safe mode
2024-01-29 07:44:03,625 [main] INFO  ozone.MiniOzoneClusterImpl (MiniOzoneClusterImpl.java:lambda$waitForClusterToBeReady$0(234)) - SCM became leader
2024-01-29 07:44:03,919 [IPC Server handler 4 on default port 15358] INFO  net.NetworkTopologyImpl (NetworkTopologyImpl.java:add(124)) - Added a new node: /default-rack/6a63baba-185f-4694-8c2d-f019df25b76b
2024-01-29 07:44:03,919 [IPC Server handler 4 on default port 15358] INFO  node.SCMNodeManager (SCMNodeManager.java:register(421)) - Registered datanode: 6a63baba-185f-4694-8c2d-f019df25b76b{ip: 10.1.0.7, host: fv-az571-724.sssw3dgiwi1e5jwxh1zizygaca.bx.internal.cloudapp.net, ports: [HTTP=15365, CLIENT_RPC=15366, REPLICATION=15372, RATIS=15368, RATIS_ADMIN=15369, RATIS_SERVER=15370, RATIS_DATASTREAM=15371, STANDALONE=15367], networkLocation: /default-rack, certSerialId: null, persistedOpState: null, persistedOpStateExpiryEpochSec: 0}
2024-01-29 07:44:03,922 [EventQueue-NewNodeForNewNodeHandler] INFO  pipeline.BackgroundPipelineCreator (BackgroundPipelineCreator.java:notifyEventTriggered(280)) - trigger a one-shot run on RatisPipelineUtilsThread.
2024-01-29 07:44:03,922 [RatisPipelineUtilsThread-0] INFO  pipeline.RatisPipelineProvider (RatisPipelineProvider.java:lambda$create$0(206)) - Sending CreatePipelineCommand for pipeline:PipelineID=b25f6696-0422-4561-8d0f-29caf7bbedc4 to datanode:6a63baba-185f-4694-8c2d-f019df25b76b
2024-01-29 07:44:03,922 [EventQueue-NodeRegistrationContainerReportForContainerSafeModeRule] INFO  safemode.SCMSafeModeManager (SCMSafeModeManager.java:validateSafeModeExitRules(200)) - ContainerSafeModeRule rule is successfully validated
2024-01-29 07:44:03,922 [EventQueue-NodeRegistrationContainerReportForDataNodeSafeModeRule] INFO  safemode.SCMSafeModeManager (DataNodeSafeModeRule.java:process(71)) - SCM in safe mode. 1 DataNodes registered, 3 required.
2024-01-29 07:44:03,923 [EventQueue-PipelineReportForOneReplicaPipelineSafeModeRule] INFO  safemode.SCMSafeModeManager (SCMSafeModeManager.java:validateSafeModeExitRules(200)) - AtleastOneDatanodeReportedRule rule is successfully validated
2024-01-29 07:44:03,924 [RatisPipelineUtilsThread-0] INFO  pipeline.BackgroundPipelineCreator (BackgroundPipelineCreator.java:createPipelines(236)) - Created new pipeline Pipeline[ Id: b25f6696-0422-4561-8d0f-29caf7bbedc4, Nodes: 6a63baba-185f-4694-8c2d-f019df25b76b(fv-az571-724.sssw3dgiwi1e5jwxh1zizygaca.bx.internal.cloudapp.net/10.1.0.7), ReplicationConfig: RATIS/ONE, State:ALLOCATED, leaderId:, CreationTimestamp2024-01-29T07:44:03.922Z[Etc/UTC]]
2024-01-29 07:44:04,006 [IPC Server handler 6 on default port 15358] INFO  net.NetworkTopologyImpl (NetworkTopologyImpl.java:add(124)) - Added a new node: /default-rack/92b1878f-5f30-4884-b778-b757b768b8e7
2024-01-29 07:44:04,006 [IPC Server handler 6 on default port 15358] INFO  node.SCMNodeManager (SCMNodeManager.java:register(421)) - Registered datanode: 92b1878f-5f30-4884-b778-b757b768b8e7{ip: 10.1.0.7, host: fv-az571-724.sssw3dgiwi1e5jwxh1zizygaca.bx.internal.cloudapp.net, ports: [HTTP=15374, CLIENT_RPC=15375, REPLICATION=15381, RATIS=15377, RATIS_ADMIN=15378, RATIS_SERVER=15379, RATIS_DATASTREAM=15380, STANDALONE=15376], networkLocation: /default-rack, certSerialId: null, persistedOpState: null, persistedOpStateExpiryEpochSec: 0}
2024-01-29 07:44:04,007 [EventQueue-NodeRegistrationContainerReportForDataNodeSafeModeRule] INFO  safemode.SCMSafeModeManager (DataNodeSafeModeRule.java:process(71)) - SCM in safe mode. 2 DataNodes registered, 3 required.
2024-01-29 07:44:04,007 [EventQueue-NewNodeForNewNodeHandler] INFO  pipeline.BackgroundPipelineCreator (BackgroundPipelineCreator.java:notifyEventTriggered(280)) - trigger a one-shot run on RatisPipelineUtilsThread.
2024-01-29 07:44:04,008 [RatisPipelineUtilsThread-0] INFO  pipeline.RatisPipelineProvider (RatisPipelineProvider.java:lambda$create$0(206)) - Sending CreatePipelineCommand for pipeline:PipelineID=71dff587-af35-413e-bb32-5abcc74f4ed3 to datanode:92b1878f-5f30-4884-b778-b757b768b8e7
2024-01-29 07:44:04,008 [RatisPipelineUtilsThread-0] INFO  pipeline.BackgroundPipelineCreator (BackgroundPipelineCreator.java:createPipelines(236)) - Created new pipeline Pipeline[ Id: 71dff587-af35-413e-bb32-5abcc74f4ed3, Nodes: 92b1878f-5f30-4884-b778-b757b768b8e7(fv-az571-724.sssw3dgiwi1e5jwxh1zizygaca.bx.internal.cloudapp.net/10.1.0.7), ReplicationConfig: RATIS/ONE, State:ALLOCATED, leaderId:, CreationTimestamp2024-01-29T07:44:04.008Z[Etc/UTC]]
2024-01-29 07:44:04,099 [IPC Server handler 7 on default port 15358] INFO  net.NetworkTopologyImpl (NetworkTopologyImpl.java:add(124)) - Added a new node: /default-rack/52eee04e-2e21-4309-a40c-69540fbd71c9
2024-01-29 07:44:04,099 [IPC Server handler 7 on default port 15358] INFO  node.SCMNodeManager (SCMNodeManager.java:register(421)) - Registered datanode: 52eee04e-2e21-4309-a40c-69540fbd71c9{ip: 10.1.0.7, host: fv-az571-724.sssw3dgiwi1e5jwxh1zizygaca.bx.internal.cloudapp.net, ports: [HTTP=15383, CLIENT_RPC=15384, REPLICATION=15390, RATIS=15386, RATIS_ADMIN=15387, RATIS_SERVER=15388, RATIS_DATASTREAM=15389, STANDALONE=15385], networkLocation: /default-rack, certSerialId: null, persistedOpState: null, persistedOpStateExpiryEpochSec: 0}
2024-01-29 07:44:04,099 [EventQueue-NewNodeForNewNodeHandler] INFO  pipeline.BackgroundPipelineCreator (BackgroundPipelineCreator.java:notifyEventTriggered(280)) - trigger a one-shot run on RatisPipelineUtilsThread.
2024-01-29 07:44:04,099 [EventQueue-NodeRegistrationContainerReportForDataNodeSafeModeRule] INFO  safemode.SCMSafeModeManager (DataNodeSafeModeRule.java:process(71)) - SCM in safe mode. 3 DataNodes registered, 3 required.
2024-01-29 07:44:04,099 [EventQueue-NodeRegistrationContainerReportForDataNodeSafeModeRule] INFO  safemode.SCMSafeModeManager (SCMSafeModeManager.java:validateSafeModeExitRules(200)) - DataNodeSafeModeRule rule is successfully validated
2024-01-29 07:44:04,099 [EventQueue-NodeRegistrationContainerReportForDataNodeSafeModeRule] INFO  safemode.SCMSafeModeManager (SCMSafeModeManager.java:completePreCheck(229)) - All SCM safe mode pre check rules have passed
2024-01-29 07:44:04,099 [RatisPipelineUtilsThread-0] INFO  pipeline.RatisPipelineProvider (RatisPipelineProvider.java:lambda$create$0(206)) - Sending CreatePipelineCommand for pipeline:PipelineID=a3fccd0d-ee53-4aff-9e78-0ebc06a0053f to datanode:52eee04e-2e21-4309-a40c-69540fbd71c9
2024-01-29 07:44:04,099 [EventQueue-NodeRegistrationContainerReportForDataNodeSafeModeRule] INFO  ha.SCMContext (SCMContext.java:updateSafeModeStatus(230)) - Update SafeModeStatus from SafeModeStatus{safeModeStatus=true, preCheckPassed=false} to SafeModeStatus{safeModeStatus=true, preCheckPassed=true}.
2024-01-29 07:44:04,100 [EventQueue-NodeRegistrationContainerReportForDataNodeSafeModeRule] INFO  pipeline.BackgroundPipelineCreator (BackgroundPipelineCreator.java:notifyEventTriggered(280)) - trigger a one-shot run on RatisPipelineUtilsThread.
2024-01-29 07:44:04,100 [RatisPipelineUtilsThread-0] INFO  pipeline.BackgroundPipelineCreator (BackgroundPipelineCreator.java:createPipelines(236)) - Created new pipeline Pipeline[ Id: a3fccd0d-ee53-4aff-9e78-0ebc06a0053f, Nodes: 52eee04e-2e21-4309-a40c-69540fbd71c9(fv-az571-724.sssw3dgiwi1e5jwxh1zizygaca.bx.internal.cloudapp.net/10.1.0.7), ReplicationConfig: RATIS/ONE, State:ALLOCATED, leaderId:, CreationTimestamp2024-01-29T07:44:04.099Z[Etc/UTC]]
2024-01-29 07:44:04,100 [RatisPipelineUtilsThread-0] INFO  pipeline.RatisPipelineProvider (RatisPipelineProvider.java:lambda$create$0(206)) - Sending CreatePipelineCommand for pipeline:PipelineID=2db34f74-41c3-4765-9f19-b4fe11273c34 to datanode:52eee04e-2e21-4309-a40c-69540fbd71c9
2024-01-29 07:44:04,100 [RatisPipelineUtilsThread-0] INFO  pipeline.RatisPipelineProvider (RatisPipelineProvider.java:lambda$create$0(206)) - Sending CreatePipelineCommand for pipeline:PipelineID=2db34f74-41c3-4765-9f19-b4fe11273c34 to datanode:6a63baba-185f-4694-8c2d-f019df25b76b
2024-01-29 07:44:04,100 [RatisPipelineUtilsThread-0] INFO  pipeline.RatisPipelineProvider (RatisPipelineProvider.java:lambda$create$0(206)) - Sending CreatePipelineCommand for pipeline:PipelineID=2db34f74-41c3-4765-9f19-b4fe11273c34 to datanode:92b1878f-5f30-4884-b778-b757b768b8e7
2024-01-29 07:44:04,101 [RatisPipelineUtilsThread-0] INFO  pipeline.BackgroundPipelineCreator (BackgroundPipelineCreator.java:createPipelines(236)) - Created new pipeline Pipeline[ Id: 2db34f74-41c3-4765-9f19-b4fe11273c34, Nodes: 52eee04e-2e21-4309-a40c-69540fbd71c9(fv-az571-724.sssw3dgiwi1e5jwxh1zizygaca.bx.internal.cloudapp.net/10.1.0.7)6a63baba-185f-4694-8c2d-f019df25b76b(fv-az571-724.sssw3dgiwi1e5jwxh1zizygaca.bx.internal.cloudapp.net/10.1.0.7)92b1878f-5f30-4884-b778-b757b768b8e7(fv-az571-724.sssw3dgiwi1e5jwxh1zizygaca.bx.internal.cloudapp.net/10.1.0.7), ReplicationConfig: RATIS/THREE, State:ALLOCATED, leaderId:, CreationTimestamp2024-01-29T07:44:04.100Z[Etc/UTC]]
2024-01-29 07:44:04,182 [IPC Server handler 8 on default port 15358] INFO  net.NetworkTopologyImpl (NetworkTopologyImpl.java:add(124)) - Added a new node: /default-rack/9deec6a2-e137-4b51-9c1f-847336f03f34
2024-01-29 07:44:04,182 [IPC Server handler 8 on default port 15358] INFO  node.SCMNodeManager (SCMNodeManager.java:register(421)) - Registered datanode: 9deec6a2-e137-4b51-9c1f-847336f03f34{ip: 10.1.0.7, host: fv-az571-724.sssw3dgiwi1e5jwxh1zizygaca.bx.internal.cloudapp.net, ports: [HTTP=15392, CLIENT_RPC=15393, REPLICATION=15399, RATIS=15395, RATIS_ADMIN=15396, RATIS_SERVER=15397, RATIS_DATASTREAM=15398, STANDALONE=15394], networkLocation: /default-rack, certSerialId: null, persistedOpState: null, persistedOpStateExpiryEpochSec: 0}
2024-01-29 07:44:04,183 [EventQueue-NewNodeForNewNodeHandler] INFO  pipeline.BackgroundPipelineCreator (BackgroundPipelineCreator.java:notifyEventTriggered(280)) - trigger a one-shot run on RatisPipelineUtilsThread.
2024-01-29 07:44:04,184 [RatisPipelineUtilsThread-0] INFO  pipeline.RatisPipelineProvider (RatisPipelineProvider.java:lambda$create$0(206)) - Sending CreatePipelineCommand for pipeline:PipelineID=601360ce-1782-4491-b09d-e43b4410fad9 to datanode:9deec6a2-e137-4b51-9c1f-847336f03f34
2024-01-29 07:44:04,184 [RatisPipelineUtilsThread-0] INFO  pipeline.BackgroundPipelineCreator (BackgroundPipelineCreator.java:createPipelines(236)) - Created new pipeline Pipeline[ Id: 601360ce-1782-4491-b09d-e43b4410fad9, Nodes: 9deec6a2-e137-4b51-9c1f-847336f03f34(fv-az571-724.sssw3dgiwi1e5jwxh1zizygaca.bx.internal.cloudapp.net/10.1.0.7), ReplicationConfig: RATIS/ONE, State:ALLOCATED, leaderId:, CreationTimestamp2024-01-29T07:44:04.184Z[Etc/UTC]]
2024-01-29 07:44:04,265 [IPC Server handler 9 on default port 15358] INFO  net.NetworkTopologyImpl (NetworkTopologyImpl.java:add(124)) - Added a new node: /default-rack/ae994d2b-07e5-4c7e-bc1d-199b697c7c17
2024-01-29 07:44:04,265 [IPC Server handler 9 on default port 15358] INFO  node.SCMNodeManager (SCMNodeManager.java:register(421)) - Registered datanode: ae994d2b-07e5-4c7e-bc1d-199b697c7c17{ip: 10.1.0.7, host: fv-az571-724.sssw3dgiwi1e5jwxh1zizygaca.bx.internal.cloudapp.net, ports: [HTTP=15401, CLIENT_RPC=15402, REPLICATION=15408, RATIS=15404, RATIS_ADMIN=15405, RATIS_SERVER=15406, RATIS_DATASTREAM=15407, STANDALONE=15403], networkLocation: /default-rack, certSerialId: null, persistedOpState: null, persistedOpStateExpiryEpochSec: 0}
2024-01-29 07:44:04,266 [EventQueue-NewNodeForNewNodeHandler] INFO  pipeline.BackgroundPipelineCreator (BackgroundPipelineCreator.java:notifyEventTriggered(280)) - trigger a one-shot run on RatisPipelineUtilsThread.
2024-01-29 07:44:04,266 [RatisPipelineUtilsThread-0] INFO  pipeline.RatisPipelineProvider (RatisPipelineProvider.java:lambda$create$0(206)) - Sending CreatePipelineCommand for pipeline:PipelineID=88303a32-9181-4b9f-ae97-b905d216d3ae to datanode:ae994d2b-07e5-4c7e-bc1d-199b697c7c17
2024-01-29 07:44:04,267 [RatisPipelineUtilsThread-0] INFO  pipeline.BackgroundPipelineCreator (BackgroundPipelineCreator.java:createPipelines(236)) - Created new pipeline Pipeline[ Id: 88303a32-9181-4b9f-ae97-b905d216d3ae, Nodes: ae994d2b-07e5-4c7e-bc1d-199b697c7c17(fv-az571-724.sssw3dgiwi1e5jwxh1zizygaca.bx.internal.cloudapp.net/10.1.0.7), ReplicationConfig: RATIS/ONE, State:ALLOCATED, leaderId:, CreationTimestamp2024-01-29T07:44:04.266Z[Etc/UTC]]
2024-01-29 07:44:04,361 [IPC Server handler 0 on default port 15358] INFO  net.NetworkTopologyImpl (NetworkTopologyImpl.java:add(124)) - Added a new node: /default-rack/abb8ef56-980b-44e3-a149-c32b9999de28
2024-01-29 07:44:04,361 [IPC Server handler 0 on default port 15358] INFO  node.SCMNodeManager (SCMNodeManager.java:register(421)) - Registered datanode: abb8ef56-980b-44e3-a149-c32b9999de28{ip: 10.1.0.7, host: fv-az571-724.sssw3dgiwi1e5jwxh1zizygaca.bx.internal.cloudapp.net, ports: [HTTP=15410, CLIENT_RPC=15411, REPLICATION=15417, RATIS=15413, RATIS_ADMIN=15414, RATIS_SERVER=15415, RATIS_DATASTREAM=15416, STANDALONE=15412], networkLocation: /default-rack, certSerialId: null, persistedOpState: null, persistedOpStateExpiryEpochSec: 0}
2024-01-29 07:44:04,361 [EventQueue-NewNodeForNewNodeHandler] INFO  pipeline.BackgroundPipelineCreator (BackgroundPipelineCreator.java:notifyEventTriggered(280)) - trigger a one-shot run on RatisPipelineUtilsThread.
2024-01-29 07:44:04,363 [RatisPipelineUtilsThread-0] INFO  pipeline.RatisPipelineProvider (RatisPipelineProvider.java:lambda$create$0(206)) - Sending CreatePipelineCommand for pipeline:PipelineID=04d89e2a-8821-40c7-baea-c43a03f49808 to datanode:abb8ef56-980b-44e3-a149-c32b9999de28
2024-01-29 07:44:04,363 [RatisPipelineUtilsThread-0] INFO  pipeline.BackgroundPipelineCreator (BackgroundPipelineCreator.java:createPipelines(236)) - Created new pipeline Pipeline[ Id: 04d89e2a-8821-40c7-baea-c43a03f49808, Nodes: abb8ef56-980b-44e3-a149-c32b9999de28(fv-az571-724.sssw3dgiwi1e5jwxh1zizygaca.bx.internal.cloudapp.net/10.1.0.7), ReplicationConfig: RATIS/ONE, State:ALLOCATED, leaderId:, CreationTimestamp2024-01-29T07:44:04.363Z[Etc/UTC]]
2024-01-29 07:44:04,364 [RatisPipelineUtilsThread-0] INFO  pipeline.RatisPipelineProvider (RatisPipelineProvider.java:lambda$create$0(206)) - Sending CreatePipelineCommand for pipeline:PipelineID=3ff0a7ac-1dd7-41e8-9796-b1678f363924 to datanode:abb8ef56-980b-44e3-a149-c32b9999de28
2024-01-29 07:44:04,364 [RatisPipelineUtilsThread-0] INFO  pipeline.RatisPipelineProvider (RatisPipelineProvider.java:lambda$create$0(206)) - Sending CreatePipelineCommand for pipeline:PipelineID=3ff0a7ac-1dd7-41e8-9796-b1678f363924 to datanode:ae994d2b-07e5-4c7e-bc1d-199b697c7c17
2024-01-29 07:44:04,364 [RatisPipelineUtilsThread-0] INFO  pipeline.RatisPipelineProvider (RatisPipelineProvider.java:lambda$create$0(206)) - Sending CreatePipelineCommand for pipeline:PipelineID=3ff0a7ac-1dd7-41e8-9796-b1678f363924 to datanode:9deec6a2-e137-4b51-9c1f-847336f03f34
2024-01-29 07:44:04,364 [RatisPipelineUtilsThread-0] INFO  pipeline.BackgroundPipelineCreator (BackgroundPipelineCreator.java:createPipelines(236)) - Created new pipeline Pipeline[ Id: 3ff0a7ac-1dd7-41e8-9796-b1678f363924, Nodes: abb8ef56-980b-44e3-a149-c32b9999de28(fv-az571-724.sssw3dgiwi1e5jwxh1zizygaca.bx.internal.cloudapp.net/10.1.0.7)ae994d2b-07e5-4c7e-bc1d-199b697c7c17(fv-az571-724.sssw3dgiwi1e5jwxh1zizygaca.bx.internal.cloudapp.net/10.1.0.7)9deec6a2-e137-4b51-9c1f-847336f03f34(fv-az571-724.sssw3dgiwi1e5jwxh1zizygaca.bx.internal.cloudapp.net/10.1.0.7), ReplicationConfig: RATIS/THREE, State:ALLOCATED, leaderId:, CreationTimestamp2024-01-29T07:44:04.364Z[Etc/UTC]]
2024-01-29 07:44:04,442 [IPC Server handler 2 on default port 15358] INFO  net.NetworkTopologyImpl (NetworkTopologyImpl.java:add(124)) - Added a new node: /default-rack/2532b31c-22c5-467b-a3b6-d3baa4dde6c4
2024-01-29 07:44:04,443 [IPC Server handler 2 on default port 15358] INFO  node.SCMNodeManager (SCMNodeManager.java:register(421)) - Registered datanode: 2532b31c-22c5-467b-a3b6-d3baa4dde6c4{ip: 10.1.0.7, host: fv-az571-724.sssw3dgiwi1e5jwxh1zizygaca.bx.internal.cloudapp.net, ports: [HTTP=15419, CLIENT_RPC=15420, REPLICATION=15426, RATIS=15422, RATIS_ADMIN=15423, RATIS_SERVER=15424, RATIS_DATASTREAM=15425, STANDALONE=15421], networkLocation: /default-rack, certSerialId: null, persistedOpState: null, persistedOpStateExpiryEpochSec: 0}
2024-01-29 07:44:04,443 [EventQueue-NewNodeForNewNodeHandler] INFO  pipeline.BackgroundPipelineCreator (BackgroundPipelineCreator.java:notifyEventTriggered(280)) - trigger a one-shot run on RatisPipelineUtilsThread.
2024-01-29 07:44:04,443 [RatisPipelineUtilsThread-0] INFO  pipeline.RatisPipelineProvider (RatisPipelineProvider.java:lambda$create$0(206)) - Sending CreatePipelineCommand for pipeline:PipelineID=722a4688-77dd-4fe2-ad8c-d9079fc0f504 to datanode:2532b31c-22c5-467b-a3b6-d3baa4dde6c4
2024-01-29 07:44:04,444 [RatisPipelineUtilsThread-0] INFO  pipeline.BackgroundPipelineCreator (BackgroundPipelineCreator.java:createPipelines(236)) - Created new pipeline Pipeline[ Id: 722a4688-77dd-4fe2-ad8c-d9079fc0f504, Nodes: 2532b31c-22c5-467b-a3b6-d3baa4dde6c4(fv-az571-724.sssw3dgiwi1e5jwxh1zizygaca.bx.internal.cloudapp.net/10.1.0.7), ReplicationConfig: RATIS/ONE, State:ALLOCATED, leaderId:, CreationTimestamp2024-01-29T07:44:04.443Z[Etc/UTC]]
2024-01-29 07:44:04,530 [IPC Server handler 1 on default port 15358] INFO  net.NetworkTopologyImpl (NetworkTopologyImpl.java:add(124)) - Added a new node: /default-rack/00f7b909-d0df-49f8-910d-886c8291e2be
2024-01-29 07:44:04,530 [IPC Server handler 1 on default port 15358] INFO  node.SCMNodeManager (SCMNodeManager.java:register(421)) - Registered datanode: 00f7b909-d0df-49f8-910d-886c8291e2be{ip: 10.1.0.7, host: fv-az571-724.sssw3dgiwi1e5jwxh1zizygaca.bx.internal.cloudapp.net, ports: [HTTP=15428, CLIENT_RPC=15429, REPLICATION=15435, RATIS=15431, RATIS_ADMIN=15432, RATIS_SERVER=15433, RATIS_DATASTREAM=15434, STANDALONE=15430], networkLocation: /default-rack, certSerialId: null, persistedOpState: null, persistedOpStateExpiryEpochSec: 0}
2024-01-29 07:44:04,532 [EventQueue-NewNodeForNewNodeHandler] INFO  pipeline.BackgroundPipelineCreator (BackgroundPipelineCreator.java:notifyEventTriggered(280)) - trigger a one-shot run on RatisPipelineUtilsThread.
2024-01-29 07:44:04,533 [RatisPipelineUtilsThread-0] INFO  pipeline.RatisPipelineProvider (RatisPipelineProvider.java:lambda$create$0(206)) - Sending CreatePipelineCommand for pipeline:PipelineID=2ad20807-a5c7-445d-a28d-b9b4dcd604aa to datanode:00f7b909-d0df-49f8-910d-886c8291e2be
2024-01-29 07:44:04,534 [RatisPipelineUtilsThread-0] INFO  pipeline.BackgroundPipelineCreator (BackgroundPipelineCreator.java:createPipelines(236)) - Created new pipeline Pipeline[ Id: 2ad20807-a5c7-445d-a28d-b9b4dcd604aa, Nodes: 00f7b909-d0df-49f8-910d-886c8291e2be(fv-az571-724.sssw3dgiwi1e5jwxh1zizygaca.bx.internal.cloudapp.net/10.1.0.7), ReplicationConfig: RATIS/ONE, State:ALLOCATED, leaderId:, CreationTimestamp2024-01-29T07:44:04.533Z[Etc/UTC]]
2024-01-29 07:44:04,625 [main] INFO  ozone.MiniOzoneClusterImpl (MiniOzoneClusterImpl.java:lambda$waitForClusterToBeReady$0(229)) - Waiting for nodes to be ready. Got 8 of 9 DN Heartbeats.
2024-01-29 07:44:04,625 [main] INFO  ozone.MiniOzoneClusterImpl (MiniOzoneClusterImpl.java:lambda$waitForClusterToBeReady$0(232)) - Waiting for cluster to exit safe mode
2024-01-29 07:44:04,625 [main] INFO  ozone.MiniOzoneClusterImpl (MiniOzoneClusterImpl.java:lambda$waitForClusterToBeReady$0(234)) - SCM became leader
2024-01-29 07:44:04,628 [IPC Server handler 4 on default port 15358] INFO  net.NetworkTopologyImpl (NetworkTopologyImpl.java:add(124)) - Added a new node: /default-rack/c4e2dbfc-bf93-4c3c-9059-db6704809494
2024-01-29 07:44:04,628 [IPC Server handler 4 on default port 15358] INFO  node.SCMNodeManager (SCMNodeManager.java:register(421)) - Registered datanode: c4e2dbfc-bf93-4c3c-9059-db6704809494{ip: 10.1.0.7, host: fv-az571-724.sssw3dgiwi1e5jwxh1zizygaca.bx.internal.cloudapp.net, ports: [HTTP=15437, CLIENT_RPC=15438, REPLICATION=15444, RATIS=15440, RATIS_ADMIN=15441, RATIS_SERVER=15442, RATIS_DATASTREAM=15443, STANDALONE=15439], networkLocation: /default-rack, certSerialId: null, persistedOpState: null, persistedOpStateExpiryEpochSec: 0}
2024-01-29 07:44:04,628 [EventQueue-NewNodeForNewNodeHandler] INFO  pipeline.BackgroundPipelineCreator (BackgroundPipelineCreator.java:notifyEventTriggered(280)) - trigger a one-shot run on RatisPipelineUtilsThread.
2024-01-29 07:44:04,630 [RatisPipelineUtilsThread-0] INFO  pipeline.RatisPipelineProvider (RatisPipelineProvider.java:lambda$create$0(206)) - Sending CreatePipelineCommand for pipeline:PipelineID=fa46350e-d7e0-470f-9be7-ec5a67c5afc1 to datanode:c4e2dbfc-bf93-4c3c-9059-db6704809494
2024-01-29 07:44:04,630 [RatisPipelineUtilsThread-0] INFO  pipeline.BackgroundPipelineCreator (BackgroundPipelineCreator.java:createPipelines(236)) - Created new pipeline Pipeline[ Id: fa46350e-d7e0-470f-9be7-ec5a67c5afc1, Nodes: c4e2dbfc-bf93-4c3c-9059-db6704809494(fv-az571-724.sssw3dgiwi1e5jwxh1zizygaca.bx.internal.cloudapp.net/10.1.0.7), ReplicationConfig: RATIS/ONE, State:ALLOCATED, leaderId:, CreationTimestamp2024-01-29T07:44:04.630Z[Etc/UTC]]
2024-01-29 07:44:04,631 [RatisPipelineUtilsThread-0] INFO  pipeline.RatisPipelineProvider (RatisPipelineProvider.java:lambda$create$0(206)) - Sending CreatePipelineCommand for pipeline:PipelineID=0a494d6e-c656-4004-aebc-1941c1c038ec to datanode:00f7b909-d0df-49f8-910d-886c8291e2be
2024-01-29 07:44:04,631 [RatisPipelineUtilsThread-0] INFO  pipeline.RatisPipelineProvider (RatisPipelineProvider.java:lambda$create$0(206)) - Sending CreatePipelineCommand for pipeline:PipelineID=0a494d6e-c656-4004-aebc-1941c1c038ec to datanode:2532b31c-22c5-467b-a3b6-d3baa4dde6c4
2024-01-29 07:44:04,631 [RatisPipelineUtilsThread-0] INFO  pipeline.RatisPipelineProvider (RatisPipelineProvider.java:lambda$create$0(206)) - Sending CreatePipelineCommand for pipeline:PipelineID=0a494d6e-c656-4004-aebc-1941c1c038ec to datanode:c4e2dbfc-bf93-4c3c-9059-db6704809494
2024-01-29 07:44:04,631 [RatisPipelineUtilsThread-0] INFO  pipeline.BackgroundPipelineCreator (BackgroundPipelineCreator.java:createPipelines(236)) - Created new pipeline Pipeline[ Id: 0a494d6e-c656-4004-aebc-1941c1c038ec, Nodes: 00f7b909-d0df-49f8-910d-886c8291e2be(fv-az571-724.sssw3dgiwi1e5jwxh1zizygaca.bx.internal.cloudapp.net/10.1.0.7)2532b31c-22c5-467b-a3b6-d3baa4dde6c4(fv-az571-724.sssw3dgiwi1e5jwxh1zizygaca.bx.internal.cloudapp.net/10.1.0.7)c4e2dbfc-bf93-4c3c-9059-db6704809494(fv-az571-724.sssw3dgiwi1e5jwxh1zizygaca.bx.internal.cloudapp.net/10.1.0.7), ReplicationConfig: RATIS/THREE, State:ALLOCATED, leaderId:, CreationTimestamp2024-01-29T07:44:04.631Z[Etc/UTC]]
2024-01-29 07:44:05,625 [main] INFO  ozone.MiniOzoneClusterImpl (MiniOzoneClusterImpl.java:lambda$waitForClusterToBeReady$0(229)) - Nodes are ready. Got 9 of 9 DN Heartbeats.
2024-01-29 07:44:05,626 [main] INFO  ozone.MiniOzoneClusterImpl (MiniOzoneClusterImpl.java:lambda$waitForClusterToBeReady$0(232)) - Waiting for cluster to exit safe mode
2024-01-29 07:44:05,626 [main] INFO  ozone.MiniOzoneClusterImpl (MiniOzoneClusterImpl.java:lambda$waitForClusterToBeReady$0(234)) - SCM became leader
2024-01-29 07:44:06,626 [main] INFO  ozone.MiniOzoneClusterImpl (MiniOzoneClusterImpl.java:lambda$waitForClusterToBeReady$0(229)) - Nodes are ready. Got 9 of 9 DN Heartbeats.
2024-01-29 07:44:06,626 [main] INFO  ozone.MiniOzoneClusterImpl (MiniOzoneClusterImpl.java:lambda$waitForClusterToBeReady$0(232)) - Waiting for cluster to exit safe mode
2024-01-29 07:44:06,626 [main] INFO  ozone.MiniOzoneClusterImpl (MiniOzoneClusterImpl.java:lambda$waitForClusterToBeReady$0(234)) - SCM became leader
2024-01-29 07:44:06,921 [6a63baba-185f-4694-8c2d-f019df25b76b-PipelineCommandHandlerThread-0] INFO  server.RaftServer (RaftServerProxy.java:addNew(100)) - 6a63baba-185f-4694-8c2d-f019df25b76b: addNew group-29CAF7BBEDC4:[6a63baba-185f-4694-8c2d-f019df25b76b|10.1.0.7:15370] returns group-29CAF7BBEDC4:java.util.concurrent.CompletableFuture@b20262e[Not completed]
2024-01-29 07:44:06,921 [6a63baba-185f-4694-8c2d-f019df25b76b-groupManagement] INFO  server.RaftServer$Division (RaftServerImpl.java:<init>(256)) - 6a63baba-185f-4694-8c2d-f019df25b76b: new RaftServerImpl for group-29CAF7BBEDC4:[6a63baba-185f-4694-8c2d-f019df25b76b|10.1.0.7:15370] with ContainerStateMachine:uninitialized
2024-01-29 07:44:06,921 [6a63baba-185f-4694-8c2d-f019df25b76b-groupManagement] INFO  server.RaftServerConfigKeys (ConfUtils.java:logGet(46)) - raft.server.rpc.timeout.min = 5s (custom)
2024-01-29 07:44:06,922 [6a63baba-185f-4694-8c2d-f019df25b76b-groupManagement] INFO  server.RaftServerConfigKeys (ConfUtils.java:logGet(46)) - raft.server.rpc.timeout.max = 5200ms (custom)
2024-01-29 07:44:06,922 [6a63baba-185f-4694-8c2d-f019df25b76b-groupManagement] INFO  server.RaftServerConfigKeys (ConfUtils.java:logGet(46)) - raft.server.rpc.sleep.time = 25ms (default)
2024-01-29 07:44:06,922 [6a63baba-185f-4694-8c2d-f019df25b76b-groupManagement] INFO  server.RaftServerConfigKeys (ConfUtils.java:logGet(46)) - raft.server.rpc.slowness.timeout = 300000ms (custom)
2024-01-29 07:44:06,922 [6a63baba-185f-4694-8c2d-f019df25b76b-groupManagement] INFO  server.RaftServerConfigKeys (ConfUtils.java:logGet(46)) - raft.server.leaderelection.leader.step-down.wait-time = 10s (default)
2024-01-29 07:44:06,922 [6a63baba-185f-4694-8c2d-f019df25b76b-groupManagement] INFO  server.RaftServerConfigKeys (ConfUtils.java:logGet(46)) - raft.server.leaderelection.member.majority-add = false (default)
2024-01-29 07:44:06,922 [6a63baba-185f-4694-8c2d-f019df25b76b-groupManagement] INFO  server.RaftServerConfigKeys (ConfUtils.java:logGet(46)) - raft.server.sleep.deviation.threshold = 300ms (default)
2024-01-29 07:44:06,922 [6a63baba-185f-4694-8c2d-f019df25b76b-groupManagement] INFO  server.RaftServer$Division (ServerState.java:<init>(113)) - 6a63baba-185f-4694-8c2d-f019df25b76b@group-29CAF7BBEDC4: ConfigurationManager, init=-1: peers:[6a63baba-185f-4694-8c2d-f019df25b76b|10.1.0.7:15370]|listeners:[], old=null, confs=<EMPTY_MAP>
2024-01-29 07:44:06,922 [6a63baba-185f-4694-8c2d-f019df25b76b-groupManagement] INFO  server.RaftServerConfigKeys (ConfUtils.java:logGet(46)) - raft.server.notification.no-leader.timeout = 300000ms (custom)
2024-01-29 07:44:06,922 [6a63baba-185f-4694-8c2d-f019df25b76b-groupManagement] INFO  server.RaftServerConfigKeys (ConfUtils.java:logGet(46)) - raft.server.read.timeout = 10s (default)
2024-01-29 07:44:06,922 [6a63baba-185f-4694-8c2d-f019df25b76b-groupManagement] INFO  server.RaftServerConfigKeys (ConfUtils.java:logGet(46)) - raft.server.retrycache.expirytime = 600000ms (custom)
2024-01-29 07:44:06,922 [6a63baba-185f-4694-8c2d-f019df25b76b-groupManagement] INFO  server.RaftServerConfigKeys (ConfUtils.java:logGet(46)) - raft.server.retrycache.statistics.expirytime = 100ms (default)
2024-01-29 07:44:06,922 [6a63baba-185f-4694-8c2d-f019df25b76b-groupManagement] INFO  server.RaftServerConfigKeys (ConfUtils.java:logGet(46)) - raft.server.read.option = DEFAULT (default)
2024-01-29 07:44:06,922 [6a63baba-185f-4694-8c2d-f019df25b76b-groupManagement] INFO  server.RaftServerConfigKeys (ConfUtils.java:logGet(46)) - raft.server.read.read-after-write-consistent.write-index-cache.expiry-time = 60s (default)
2024-01-29 07:44:06,924 [6a63baba-185f-4694-8c2d-f019df25b76b-groupManagement] INFO  server.RaftServerConfigKeys (ConfUtils.java:logGet(46)) - raft.server.rpc.request.timeout = 3000ms (default)
2024-01-29 07:44:06,924 [6a63baba-185f-4694-8c2d-f019df25b76b-groupManagement] INFO  server.RaftServerConfigKeys (ConfUtils.java:logGet(46)) - raft.server.log.appender.install.snapshot.enabled = false (custom)
2024-01-29 07:44:06,924 [6a63baba-185f-4694-8c2d-f019df25b76b-groupManagement] INFO  server.RaftServerConfigKeys (ConfUtils.java:logGet(46)) - raft.server.threadpool.server.cached = true (default)
2024-01-29 07:44:06,924 [6a63baba-185f-4694-8c2d-f019df25b76b-groupManagement] INFO  server.RaftServerConfigKeys (ConfUtils.java:logGet(46)) - raft.server.threadpool.server.size = 0 (default)
2024-01-29 07:44:06,924 [6a63baba-185f-4694-8c2d-f019df25b76b-groupManagement] INFO  server.RaftServerConfigKeys (ConfUtils.java:logGet(46)) - raft.server.threadpool.client.cached = true (default)
2024-01-29 07:44:06,924 [6a63baba-185f-4694-8c2d-f019df25b76b-groupManagement] INFO  server.RaftServerConfigKeys (ConfUtils.java:logGet(46)) - raft.server.threadpool.client.size = 0 (default)
2024-01-29 07:44:06,924 [6a63baba-185f-4694-8c2d-f019df25b76b-groupManagement] INFO  server.RaftServerConfigKeys (ConfUtils.java:logGet(46)) - raft.server.storage.free-space.min = 0MB (=0) (default)
2024-01-29 07:44:06,924 [6a63baba-185f-4694-8c2d-f019df25b76b-groupManagement] INFO  server.RaftServerConfigKeys (ConfUtils.java:logGet(46)) - raft.server.log.corruption.policy = EXCEPTION (default)
2024-01-29 07:44:06,925 [6a63baba-185f-4694-8c2d-f019df25b76b-groupManagement] INFO  server.RaftServerConfigKeys (ConfUtils.java:logGet(46)) - raft.server.storage.dir = [/home/runner/work/ozone/ozone/hadoop-ozone/integration-test/target/test-dir/MiniOzoneClusterImpl-4c098651-5741-4b11-9e36-c6ca8da28866/datanode-0/data/ratis] (custom)
2024-01-29 07:44:06,925 [6a63baba-185f-4694-8c2d-f019df25b76b-groupManagement] INFO  storage.RaftStorageDirectory (RaftStorageDirectoryImpl.java:analyzeStorage(138)) - The storage directory /home/runner/work/ozone/ozone/hadoop-ozone/integration-test/target/test-dir/MiniOzoneClusterImpl-4c098651-5741-4b11-9e36-c6ca8da28866/datanode-0/data/ratis/b25f6696-0422-4561-8d0f-29caf7bbedc4 does not exist. Creating ...
2024-01-29 07:44:06,926 [6a63baba-185f-4694-8c2d-f019df25b76b-groupManagement] INFO  storage.RaftStorageDirectory (RaftStorageDirectoryImpl.java:tryLock(228)) - Lock on /home/runner/work/ozone/ozone/hadoop-ozone/integration-test/target/test-dir/MiniOzoneClusterImpl-4c098651-5741-4b11-9e36-c6ca8da28866/datanode-0/data/ratis/b25f6696-0422-4561-8d0f-29caf7bbedc4/in_use.lock acquired by nodename 37616@fv-az571-724
2024-01-29 07:44:06,926 [6a63baba-185f-4694-8c2d-f019df25b76b-groupManagement] INFO  storage.RaftStorage (RaftStorageImpl.java:format(99)) - Storage directory /home/runner/work/ozone/ozone/hadoop-ozone/integration-test/target/test-dir/MiniOzoneClusterImpl-4c098651-5741-4b11-9e36-c6ca8da28866/datanode-0/data/ratis/b25f6696-0422-4561-8d0f-29caf7bbedc4 has been successfully formatted.
2024-01-29 07:44:06,927 [6a63baba-185f-4694-8c2d-f019df25b76b-groupManagement] WARN  util.FileUtils (LogUtils.java:supplyAndLog(63)) - Failed to Files.newInputStream /home/runner/work/ozone/ozone/hadoop-ozone/integration-test/target/test-dir/MiniOzoneClusterImpl-4c098651-5741-4b11-9e36-c6ca8da28866/datanode-0/data/ratis/b25f6696-0422-4561-8d0f-29caf7bbedc4/current/raft-meta.conf with options []: java.nio.file.NoSuchFileException: /home/runner/work/ozone/ozone/hadoop-ozone/integration-test/target/test-dir/MiniOzoneClusterImpl-4c098651-5741-4b11-9e36-c6ca8da28866/datanode-0/data/ratis/b25f6696-0422-4561-8d0f-29caf7bbedc4/current/raft-meta.conf
2024-01-29 07:44:06,928 [6a63baba-185f-4694-8c2d-f019df25b76b-groupManagement] INFO  ratis.ContainerStateMachine (ContainerStateMachine.java:loadSnapshot(287)) - group-29CAF7BBEDC4: The snapshot info is null. Setting the last applied index to:(t:0, i:~)
2024-01-29 07:44:06,928 [6a63baba-185f-4694-8c2d-f019df25b76b-groupManagement] INFO  server.RaftServerConfigKeys (ConfUtils.java:logGet(46)) - raft.server.log.use.memory = false (default)
2024-01-29 07:44:06,928 [6a63baba-185f-4694-8c2d-f019df25b76b-groupManagement] INFO  server.RaftServerConfigKeys (ConfUtils.java:logGet(46)) - raft.server.log.purge.gap = 1000000 (custom)
2024-01-29 07:44:06,928 [6a63baba-185f-4694-8c2d-f019df25b76b-groupManagement] INFO  server.RaftServerConfigKeys (ConfUtils.java:logGet(46)) - raft.server.log.appender.buffer.byte-limit = 8388608 (custom)
2024-01-29 07:44:06,928 [6a63baba-185f-4694-8c2d-f019df25b76b-groupManagement] INFO  server.RaftServerConfigKeys (ConfUtils.java:logGet(46)) - raft.server.log.statemachine.data.read.timeout = 1000ms (default)
2024-01-29 07:44:06,928 [6a63baba-185f-4694-8c2d-f019df25b76b-groupManagement] INFO  server.RaftServerConfigKeys (ConfUtils.java:logGet(46)) - raft.server.log.purge.preservation.log.num = 0 (default)
2024-01-29 07:44:06,929 [EventQueue-PipelineReportForPipelineReportHandler] INFO  pipeline.PipelineReportHandler (PipelineReportHandler.java:processPipelineReport(136)) - Opened pipeline PipelineID=b25f6696-0422-4561-8d0f-29caf7bbedc4
2024-01-29 07:44:06,931 [EventQueue-OpenPipelineForHealthyPipelineSafeModeRule] INFO  safemode.SCMSafeModeManager (HealthyPipelineSafeModeRule.java:process(140)) - SCM in safe mode. Healthy pipelines reported count is 0, required healthy pipeline reported count is 1
2024-01-29 07:44:06,931 [6a63baba-185f-4694-8c2d-f019df25b76b-groupManagement] INFO  server.RaftServerConfigKeys (ConfUtils.java:logGet(46)) - raft.server.log.segment.size.max = 67108864 (custom)
2024-01-29 07:44:06,931 [6a63baba-185f-4694-8c2d-f019df25b76b-groupManagement] INFO  server.RaftServerConfigKeys (ConfUtils.java:logGet(46)) - raft.server.log.segment.cache.num.max = 2 (custom)
2024-01-29 07:44:06,931 [6a63baba-185f-4694-8c2d-f019df25b76b-groupManagement] INFO  server.RaftServerConfigKeys (ConfUtils.java:logGet(46)) - raft.server.log.segment.cache.size.max = 200MB (=209715200) (default)
2024-01-29 07:44:06,931 [6a63baba-185f-4694-8c2d-f019df25b76b-groupManagement] INFO  server.RaftServerConfigKeys (ConfUtils.java:logGet(46)) - raft.server.log.appender.buffer.byte-limit = 8388608 (custom)
2024-01-29 07:44:06,932 [6a63baba-185f-4694-8c2d-f019df25b76b-groupManagement] INFO  util.AwaitToRun (AwaitToRun.java:start(81)) - Thread[6a63baba-185f-4694-8c2d-f019df25b76b@group-29CAF7BBEDC4-cacheEviction-AwaitToRun,5,main] started
2024-01-29 07:44:06,932 [6a63baba-185f-4694-8c2d-f019df25b76b-groupManagement] INFO  segmented.SegmentedRaftLogWorker (SegmentedRaftLogWorker.java:<init>(182)) - new 6a63baba-185f-4694-8c2d-f019df25b76b@group-29CAF7BBEDC4-SegmentedRaftLogWorker for RaftStorageImpl:Storage Directory /home/runner/work/ozone/ozone/hadoop-ozone/integration-test/target/test-dir/MiniOzoneClusterImpl-4c098651-5741-4b11-9e36-c6ca8da28866/datanode-0/data/ratis/b25f6696-0422-4561-8d0f-29caf7bbedc4
2024-01-29 07:44:06,932 [6a63baba-185f-4694-8c2d-f019df25b76b-groupManagement] INFO  server.RaftServerConfigKeys (ConfUtils.java:logGet(46)) - raft.server.log.queue.byte-limit = 4294967296 (custom)
2024-01-29 07:44:06,932 [6a63baba-185f-4694-8c2d-f019df25b76b-groupManagement] INFO  server.RaftServerConfigKeys (ConfUtils.java:logGet(46)) - raft.server.log.queue.element-limit = 1024 (custom)
2024-01-29 07:44:06,932 [6a63baba-185f-4694-8c2d-f019df25b76b-groupManagement] INFO  server.RaftServerConfigKeys (ConfUtils.java:logGet(46)) - raft.server.log.segment.size.max = 67108864 (custom)
2024-01-29 07:44:06,932 [6a63baba-185f-4694-8c2d-f019df25b76b-groupManagement] INFO  server.RaftServerConfigKeys (ConfUtils.java:logGet(46)) - raft.server.log.preallocated.size = 4194304 (custom)
2024-01-29 07:44:06,932 [6a63baba-185f-4694-8c2d-f019df25b76b-groupManagement] INFO  server.RaftServerConfigKeys (ConfUtils.java:logGet(46)) - raft.server.log.force.sync.num = 128 (default)
2024-01-29 07:44:06,932 [6a63baba-185f-4694-8c2d-f019df25b76b-groupManagement] INFO  server.RaftServerConfigKeys (ConfUtils.java:logGet(46)) - raft.server.log.statemachine.data.sync = true (default)
2024-01-29 07:44:06,932 [6a63baba-185f-4694-8c2d-f019df25b76b-groupManagement] INFO  server.RaftServerConfigKeys (ConfUtils.java:logGet(46)) - raft.server.log.statemachine.data.sync.timeout = 10s (default)
2024-01-29 07:44:06,932 [6a63baba-185f-4694-8c2d-f019df25b76b-groupManagement] INFO  server.RaftServerConfigKeys (ConfUtils.java:logGet(46)) - raft.server.log.statemachine.data.sync.timeout.retry = 0 (custom)
2024-01-29 07:44:06,932 [6a63baba-185f-4694-8c2d-f019df25b76b-groupManagement] INFO  server.RaftServerConfigKeys (ConfUtils.java:logGet(46)) - raft.server.log.write.buffer.size = 8388616 (custom)
2024-01-29 07:44:06,933 [6a63baba-185f-4694-8c2d-f019df25b76b-groupManagement] INFO  server.RaftServerConfigKeys (ConfUtils.java:logGet(46)) - raft.server.log.appender.buffer.byte-limit = 8388608 (custom)
2024-01-29 07:44:06,934 [6a63baba-185f-4694-8c2d-f019df25b76b-groupManagement] INFO  server.RaftServerConfigKeys (ConfUtils.java:logGet(46)) - raft.server.log.unsafe-flush.enabled = false (default)
2024-01-29 07:44:06,934 [6a63baba-185f-4694-8c2d-f019df25b76b-groupManagement] INFO  server.RaftServerConfigKeys (ConfUtils.java:logGet(46)) - raft.server.log.async-flush.enabled = false (default)
2024-01-29 07:44:06,934 [6a63baba-185f-4694-8c2d-f019df25b76b-groupManagement] INFO  server.RaftServerConfigKeys (ConfUtils.java:logGet(46)) - raft.server.log.statemachine.data.caching.enabled = true (custom)
2024-01-29 07:44:06,934 [6a63baba-185f-4694-8c2d-f019df25b76b-groupManagement] INFO  segmented.SegmentedRaftLogWorker (SegmentedRaftLogWorker.java:lambda$new$0(134)) - 6a63baba-185f-4694-8c2d-f019df25b76b@group-29CAF7BBEDC4-SegmentedRaftLogWorker: flushIndex: setUnconditionally 0 -> -1
2024-01-29 07:44:06,934 [6a63baba-185f-4694-8c2d-f019df25b76b-groupManagement] INFO  segmented.SegmentedRaftLogWorker (SegmentedRaftLogWorker.java:lambda$new$0(134)) - 6a63baba-185f-4694-8c2d-f019df25b76b@group-29CAF7BBEDC4-SegmentedRaftLogWorker: safeCacheEvictIndex: setUnconditionally 0 -> -1
2024-01-29 07:44:06,934 [6a63baba-185f-4694-8c2d-f019df25b76b-groupManagement] INFO  server.RaftServer$Division (RaftServerImpl.java:start(396)) - 6a63baba-185f-4694-8c2d-f019df25b76b@group-29CAF7BBEDC4: start as a follower, conf=-1: peers:[6a63baba-185f-4694-8c2d-f019df25b76b|10.1.0.7:15370]|listeners:[], old=null
2024-01-29 07:44:06,934 [6a63baba-185f-4694-8c2d-f019df25b76b-groupManagement] INFO  server.RaftServer$Division (RaftServerImpl.java:setRole(383)) - 6a63baba-185f-4694-8c2d-f019df25b76b@group-29CAF7BBEDC4: changes role from      null to FOLLOWER at term 0 for startAsFollower
2024-01-29 07:44:06,934 [6a63baba-185f-4694-8c2d-f019df25b76b-groupManagement] INFO  impl.RoleInfo (RoleInfo.java:updateAndGet(139)) - 6a63baba-185f-4694-8c2d-f019df25b76b: start 6a63baba-185f-4694-8c2d-f019df25b76b@group-29CAF7BBEDC4-FollowerState
2024-01-29 07:44:06,934 [6a63baba-185f-4694-8c2d-f019df25b76b@group-29CAF7BBEDC4-FollowerState] INFO  server.RaftServerConfigKeys (ConfUtils.java:logFallback(53)) - raft.server.rpc.first-election.timeout.min = 5s (fallback to raft.server.rpc.timeout.min)
2024-01-29 07:44:06,934 [6a63baba-185f-4694-8c2d-f019df25b76b-groupManagement] INFO  util.JmxRegister (JmxRegister.java:tryRegister(44)) - Successfully registered JMX Bean with object name Ratis:service=RaftServer,group=group-29CAF7BBEDC4,id=6a63baba-185f-4694-8c2d-f019df25b76b
2024-01-29 07:44:06,934 [6a63baba-185f-4694-8c2d-f019df25b76b@group-29CAF7BBEDC4-FollowerState] INFO  server.RaftServerConfigKeys (ConfUtils.java:logFallback(53)) - raft.server.rpc.first-election.timeout.max = 5200ms (fallback to raft.server.rpc.timeout.max)
2024-01-29 07:44:06,934 [6a63baba-185f-4694-8c2d-f019df25b76b-groupManagement] INFO  server.RaftServerConfigKeys (ConfUtils.java:logGet(46)) - raft.server.snapshot.trigger-when-stop.enabled = true (default)
2024-01-29 07:44:06,934 [6a63baba-185f-4694-8c2d-f019df25b76b-groupManagement] INFO  server.RaftServerConfigKeys (ConfUtils.java:logGet(46)) - raft.server.snapshot.auto.trigger.enabled = true (custom)
2024-01-29 07:44:06,935 [6a63baba-185f-4694-8c2d-f019df25b76b-groupManagement] INFO  server.RaftServerConfigKeys (ConfUtils.java:logGet(46)) - raft.server.snapshot.auto.trigger.threshold = 10000 (custom)
2024-01-29 07:44:06,935 [6a63baba-185f-4694-8c2d-f019df25b76b-groupManagement] INFO  server.RaftServerConfigKeys (ConfUtils.java:logGet(46)) - raft.server.snapshot.retention.file.num = 5 (custom)
2024-01-29 07:44:06,935 [6a63baba-185f-4694-8c2d-f019df25b76b-groupManagement] INFO  server.RaftServerConfigKeys (ConfUtils.java:logGet(46)) - raft.server.log.purge.upto.snapshot.index = false (default)
2024-01-29 07:44:06,935 [6a63baba-185f-4694-8c2d-f019df25b76b-PipelineCommandHandlerThread-0] INFO  ratis.XceiverServerRatis (XceiverServerRatis.java:addGroup(864)) - Created group PipelineID=b25f6696-0422-4561-8d0f-29caf7bbedc4
2024-01-29 07:44:06,935 [6a63baba-185f-4694-8c2d-f019df25b76b-PipelineCommandHandlerThread-0] INFO  commandhandler.CreatePipelineCommandHandler (CreatePipelineCommandHandler.java:lambda$handle$2(124)) - Created Pipeline RATIS ONE PipelineID=b25f6696-0422-4561-8d0f-29caf7bbedc4.
2024-01-29 07:44:06,935 [6a63baba-185f-4694-8c2d-f019df25b76b-PipelineCommandHandlerThread-0] INFO  server.RaftServer (RaftServerProxy.java:addNew(100)) - 6a63baba-185f-4694-8c2d-f019df25b76b: addNew group-B4FE11273C34:[52eee04e-2e21-4309-a40c-69540fbd71c9|10.1.0.7:15388, 6a63baba-185f-4694-8c2d-f019df25b76b|10.1.0.7:15370, 92b1878f-5f30-4884-b778-b757b768b8e7|10.1.0.7:15379] returns group-B4FE11273C34:java.util.concurrent.CompletableFuture@f1fb392[Not completed]
2024-01-29 07:44:06,936 [6a63baba-185f-4694-8c2d-f019df25b76b-groupManagement] INFO  server.RaftServer$Division (RaftServerImpl.java:<init>(256)) - 6a63baba-185f-4694-8c2d-f019df25b76b: new RaftServerImpl for group-B4FE11273C34:[52eee04e-2e21-4309-a40c-69540fbd71c9|10.1.0.7:15388, 6a63baba-185f-4694-8c2d-f019df25b76b|10.1.0.7:15370, 92b1878f-5f30-4884-b778-b757b768b8e7|10.1.0.7:15379] with ContainerStateMachine:uninitialized
2024-01-29 07:44:06,936 [6a63baba-185f-4694-8c2d-f019df25b76b-groupManagement] INFO  server.RaftServerConfigKeys (ConfUtils.java:logGet(46)) - raft.server.rpc.timeout.min = 5s (custom)
2024-01-29 07:44:06,936 [6a63baba-185f-4694-8c2d-f019df25b76b-groupManagement] INFO  server.RaftServerConfigKeys (ConfUtils.java:logGet(46)) - raft.server.rpc.timeout.max = 5200ms (custom)
2024-01-29 07:44:06,936 [6a63baba-185f-4694-8c2d-f019df25b76b-groupManagement] INFO  server.RaftServerConfigKeys (ConfUtils.java:logGet(46)) - raft.server.rpc.sleep.time = 25ms (default)
2024-01-29 07:44:06,936 [6a63baba-185f-4694-8c2d-f019df25b76b-groupManagement] INFO  server.RaftServerConfigKeys (ConfUtils.java:logGet(46)) - raft.server.rpc.slowness.timeout = 300000ms (custom)
2024-01-29 07:44:06,936 [6a63baba-185f-4694-8c2d-f019df25b76b-groupManagement] INFO  server.RaftServerConfigKeys (ConfUtils.java:logGet(46)) - raft.server.leaderelection.leader.step-down.wait-time = 10s (default)
2024-01-29 07:44:06,936 [6a63baba-185f-4694-8c2d-f019df25b76b-groupManagement] INFO  server.RaftServerConfigKeys (ConfUtils.java:logGet(46)) - raft.server.leaderelection.member.majority-add = false (default)
2024-01-29 07:44:06,936 [6a63baba-185f-4694-8c2d-f019df25b76b-groupManagement] INFO  server.RaftServerConfigKeys (ConfUtils.java:logGet(46)) - raft.server.sleep.deviation.threshold = 300ms (default)
2024-01-29 07:44:06,936 [6a63baba-185f-4694-8c2d-f019df25b76b-groupManagement] INFO  server.RaftServer$Division (ServerState.java:<init>(113)) - 6a63baba-185f-4694-8c2d-f019df25b76b@group-B4FE11273C34: ConfigurationManager, init=-1: peers:[52eee04e-2e21-4309-a40c-69540fbd71c9|10.1.0.7:15388, 6a63baba-185f-4694-8c2d-f019df25b76b|10.1.0.7:15370, 92b1878f-5f30-4884-b778-b757b768b8e7|10.1.0.7:15379]|listeners:[], old=null, confs=<EMPTY_MAP>
2024-01-29 07:44:06,936 [6a63baba-185f-4694-8c2d-f019df25b76b-groupManagement] INFO  server.RaftServerConfigKeys (ConfUtils.java:logGet(46)) - raft.server.notification.no-leader.timeout = 300000ms (custom)
2024-01-29 07:44:06,936 [6a63baba-185f-4694-8c2d-f019df25b76b-groupManagement] INFO  server.RaftServerConfigKeys (ConfUtils.java:logGet(46)) - raft.server.read.timeout = 10s (default)
2024-01-29 07:44:06,936 [6a63baba-185f-4694-8c2d-f019df25b76b-groupManagement] INFO  server.RaftServerConfigKeys (ConfUtils.java:logGet(46)) - raft.server.retrycache.expirytime = 600000ms (custom)
2024-01-29 07:44:06,936 [6a63baba-185f-4694-8c2d-f019df25b76b-groupManagement] INFO  server.RaftServerConfigKeys (ConfUtils.java:logGet(46)) - raft.server.retrycache.statistics.expirytime = 100ms (default)
2024-01-29 07:44:06,936 [6a63baba-185f-4694-8c2d-f019df25b76b-groupManagement] INFO  server.RaftServerConfigKeys (ConfUtils.java:logGet(46)) - raft.server.read.option = DEFAULT (default)
2024-01-29 07:44:06,936 [6a63baba-185f-4694-8c2d-f019df25b76b-groupManagement] INFO  server.RaftServerConfigKeys (ConfUtils.java:logGet(46)) - raft.server.read.read-after-write-consistent.write-index-cache.expiry-time = 60s (default)
2024-01-29 07:44:06,938 [6a63baba-185f-4694-8c2d-f019df25b76b-groupManagement] INFO  server.RaftServerConfigKeys (ConfUtils.java:logGet(46)) - raft.server.rpc.request.timeout = 3000ms (default)
2024-01-29 07:44:06,938 [6a63baba-185f-4694-8c2d-f019df25b76b-groupManagement] INFO  server.RaftServerConfigKeys (ConfUtils.java:logGet(46)) - raft.server.log.appender.install.snapshot.enabled = false (custom)
2024-01-29 07:44:06,938 [6a63baba-185f-4694-8c2d-f019df25b76b-groupManagement] INFO  server.RaftServerConfigKeys (ConfUtils.java:logGet(46)) - raft.server.threadpool.server.cached = true (default)
2024-01-29 07:44:06,938 [6a63baba-185f-4694-8c2d-f019df25b76b-groupManagement] INFO  server.RaftServerConfigKeys (ConfUtils.java:logGet(46)) - raft.server.threadpool.server.size = 0 (default)
2024-01-29 07:44:06,938 [6a63baba-185f-4694-8c2d-f019df25b76b-groupManagement] INFO  server.RaftServerConfigKeys (ConfUtils.java:logGet(46)) - raft.server.threadpool.client.cached = true (default)
2024-01-29 07:44:06,938 [6a63baba-185f-4694-8c2d-f019df25b76b-groupManagement] INFO  server.RaftServerConfigKeys (ConfUtils.java:logGet(46)) - raft.server.threadpool.client.size = 0 (default)
2024-01-29 07:44:06,938 [6a63baba-185f-4694-8c2d-f019df25b76b-groupManagement] INFO  server.RaftServerConfigKeys (ConfUtils.java:logGet(46)) - raft.server.storage.free-space.min = 0MB (=0) (default)
2024-01-29 07:44:06,938 [6a63baba-185f-4694-8c2d-f019df25b76b-groupManagement] INFO  server.RaftServerConfigKeys (ConfUtils.java:logGet(46)) - raft.server.log.corruption.policy = EXCEPTION (default)
2024-01-29 07:44:06,938 [6a63baba-185f-4694-8c2d-f019df25b76b-groupManagement] INFO  server.RaftServerConfigKeys (ConfUtils.java:logGet(46)) - raft.server.storage.dir = [/home/runner/work/ozone/ozone/hadoop-ozone/integration-test/target/test-dir/MiniOzoneClusterImpl-4c098651-5741-4b11-9e36-c6ca8da28866/datanode-0/data/ratis] (custom)
2024-01-29 07:44:06,938 [6a63baba-185f-4694-8c2d-f019df25b76b-groupManagement] INFO  storage.RaftStorageDirectory (RaftStorageDirectoryImpl.java:analyzeStorage(138)) - The storage directory /home/runner/work/ozone/ozone/hadoop-ozone/integration-test/target/test-dir/MiniOzoneClusterImpl-4c098651-5741-4b11-9e36-c6ca8da28866/datanode-0/data/ratis/2db34f74-41c3-4765-9f19-b4fe11273c34 does not exist. Creating ...
2024-01-29 07:44:06,939 [6a63baba-185f-4694-8c2d-f019df25b76b-groupManagement] INFO  storage.RaftStorageDirectory (RaftStorageDirectoryImpl.java:tryLock(228)) - Lock on /home/runner/work/ozone/ozone/hadoop-ozone/integration-test/target/test-dir/MiniOzoneClusterImpl-4c098651-5741-4b11-9e36-c6ca8da28866/datanode-0/data/ratis/2db34f74-41c3-4765-9f19-b4fe11273c34/in_use.lock acquired by nodename 37616@fv-az571-724
2024-01-29 07:44:06,940 [6a63baba-185f-4694-8c2d-f019df25b76b-groupManagement] INFO  storage.RaftStorage (RaftStorageImpl.java:format(99)) - Storage directory /home/runner/work/ozone/ozone/hadoop-ozone/integration-test/target/test-dir/MiniOzoneClusterImpl-4c098651-5741-4b11-9e36-c6ca8da28866/datanode-0/data/ratis/2db34f74-41c3-4765-9f19-b4fe11273c34 has been successfully formatted.
2024-01-29 07:44:06,940 [6a63baba-185f-4694-8c2d-f019df25b76b-groupManagement] WARN  util.FileUtils (LogUtils.java:supplyAndLog(63)) - Failed to Files.newInputStream /home/runner/work/ozone/ozone/hadoop-ozone/integration-test/target/test-dir/MiniOzoneClusterImpl-4c098651-5741-4b11-9e36-c6ca8da28866/datanode-0/data/ratis/2db34f74-41c3-4765-9f19-b4fe11273c34/current/raft-meta.conf with options []: java.nio.file.NoSuchFileException: /home/runner/work/ozone/ozone/hadoop-ozone/integration-test/target/test-dir/MiniOzoneClusterImpl-4c098651-5741-4b11-9e36-c6ca8da28866/datanode-0/data/ratis/2db34f74-41c3-4765-9f19-b4fe11273c34/current/raft-meta.conf
2024-01-29 07:44:06,940 [6a63baba-185f-4694-8c2d-f019df25b76b-groupManagement] INFO  ratis.ContainerStateMachine (ContainerStateMachine.java:loadSnapshot(287)) - group-B4FE11273C34: The snapshot info is null. Setting the last applied index to:(t:0, i:~)
2024-01-29 07:44:06,940 [6a63baba-185f-4694-8c2d-f019df25b76b-groupManagement] INFO  server.RaftServerConfigKeys (ConfUtils.java:logGet(46)) - raft.server.log.use.memory = false (default)
2024-01-29 07:44:06,940 [6a63baba-185f-4694-8c2d-f019df25b76b-groupManagement] INFO  server.RaftServerConfigKeys (ConfUtils.java:logGet(46)) - raft.server.log.purge.gap = 1000000 (custom)
2024-01-29 07:44:06,940 [6a63baba-185f-4694-8c2d-f019df25b76b-groupManagement] INFO  server.RaftServerConfigKeys (ConfUtils.java:logGet(46)) - raft.server.log.appender.buffer.byte-limit = 8388608 (custom)
2024-01-29 07:44:06,940 [6a63baba-185f-4694-8c2d-f019df25b76b-groupManagement] INFO  server.RaftServerConfigKeys (ConfUtils.java:logGet(46)) - raft.server.log.statemachine.data.read.timeout = 1000ms (default)
2024-01-29 07:44:06,940 [6a63baba-185f-4694-8c2d-f019df25b76b-groupManagement] INFO  server.RaftServerConfigKeys (ConfUtils.java:logGet(46)) - raft.server.log.purge.preservation.log.num = 0 (default)
2024-01-29 07:44:06,941 [EventQueue-OpenPipelineForHealthyPipelineSafeModeRule] INFO  safemode.SCMSafeModeManager (HealthyPipelineSafeModeRule.java:process(140)) - SCM in safe mode. Healthy pipelines reported count is 0, required healthy pipeline reported count is 1
2024-01-29 07:44:06,941 [6a63baba-185f-4694-8c2d-f019df25b76b-groupManagement] INFO  server.RaftServerConfigKeys (ConfUtils.java:logGet(46)) - raft.server.log.segment.size.max = 67108864 (custom)
2024-01-29 07:44:06,942 [6a63baba-185f-4694-8c2d-f019df25b76b-groupManagement] INFO  server.RaftServerConfigKeys (ConfUtils.java:logGet(46)) - raft.server.log.segment.cache.num.max = 2 (custom)
2024-01-29 07:44:06,942 [6a63baba-185f-4694-8c2d-f019df25b76b-groupManagement] INFO  server.RaftServerConfigKeys (ConfUtils.java:logGet(46)) - raft.server.log.segment.cache.size.max = 200MB (=209715200) (default)
2024-01-29 07:44:06,942 [6a63baba-185f-4694-8c2d-f019df25b76b-groupManagement] INFO  server.RaftServerConfigKeys (ConfUtils.java:logGet(46)) - raft.server.log.appender.buffer.byte-limit = 8388608 (custom)
2024-01-29 07:44:06,942 [6a63baba-185f-4694-8c2d-f019df25b76b-groupManagement] INFO  util.AwaitToRun (AwaitToRun.java:start(81)) - Thread[6a63baba-185f-4694-8c2d-f019df25b76b@group-B4FE11273C34-cacheEviction-AwaitToRun,5,main] started
2024-01-29 07:44:06,942 [6a63baba-185f-4694-8c2d-f019df25b76b-groupManagement] INFO  segmented.SegmentedRaftLogWorker (SegmentedRaftLogWorker.java:<init>(182)) - new 6a63baba-185f-4694-8c2d-f019df25b76b@group-B4FE11273C34-SegmentedRaftLogWorker for RaftStorageImpl:Storage Directory /home/runner/work/ozone/ozone/hadoop-ozone/integration-test/target/test-dir/MiniOzoneClusterImpl-4c098651-5741-4b11-9e36-c6ca8da28866/datanode-0/data/ratis/2db34f74-41c3-4765-9f19-b4fe11273c34
2024-01-29 07:44:06,942 [6a63baba-185f-4694-8c2d-f019df25b76b-groupManagement] INFO  server.RaftServerConfigKeys (ConfUtils.java:logGet(46)) - raft.server.log.queue.byte-limit = 4294967296 (custom)
2024-01-29 07:44:06,942 [6a63baba-185f-4694-8c2d-f019df25b76b-groupManagement] INFO  server.RaftServerConfigKeys (ConfUtils.java:logGet(46)) - raft.server.log.queue.element-limit = 1024 (custom)
2024-01-29 07:44:06,942 [6a63baba-185f-4694-8c2d-f019df25b76b-groupManagement] INFO  server.RaftServerConfigKeys (ConfUtils.java:logGet(46)) - raft.server.log.segment.size.max = 67108864 (custom)
2024-01-29 07:44:06,942 [6a63baba-185f-4694-8c2d-f019df25b76b-groupManagement] INFO  server.RaftServerConfigKeys (ConfUtils.java:logGet(46)) - raft.server.log.preallocated.size = 4194304 (custom)
2024-01-29 07:44:06,942 [6a63baba-185f-4694-8c2d-f019df25b76b-groupManagement] INFO  server.RaftServerConfigKeys (ConfUtils.java:logGet(46)) - raft.server.log.force.sync.num = 128 (default)
2024-01-29 07:44:06,942 [6a63baba-185f-4694-8c2d-f019df25b76b-groupManagement] INFO  server.RaftServerConfigKeys (ConfUtils.java:logGet(46)) - raft.server.log.statemachine.data.sync = true (default)
2024-01-29 07:44:06,943 [6a63baba-185f-4694-8c2d-f019df25b76b-groupManagement] INFO  server.RaftServerConfigKeys (ConfUtils.java:logGet(46)) - raft.server.log.statemachine.data.sync.timeout = 10s (default)
2024-01-29 07:44:06,943 [6a63baba-185f-4694-8c2d-f019df25b76b-groupManagement] INFO  server.RaftServerConfigKeys (ConfUtils.java:logGet(46)) - raft.server.log.statemachine.data.sync.timeout.retry = 0 (custom)
2024-01-29 07:44:06,943 [6a63baba-185f-4694-8c2d-f019df25b76b-groupManagement] INFO  server.RaftServerConfigKeys (ConfUtils.java:logGet(46)) - raft.server.log.write.buffer.size = 8388616 (custom)
2024-01-29 07:44:06,944 [6a63baba-185f-4694-8c2d-f019df25b76b-groupManagement] INFO  server.RaftServerConfigKeys (ConfUtils.java:logGet(46)) - raft.server.log.appender.buffer.byte-limit = 8388608 (custom)
2024-01-29 07:44:06,944 [6a63baba-185f-4694-8c2d-f019df25b76b-groupManagement] INFO  server.RaftServerConfigKeys (ConfUtils.java:logGet(46)) - raft.server.log.unsafe-flush.enabled = false (default)
2024-01-29 07:44:06,944 [6a63baba-185f-4694-8c2d-f019df25b76b-groupManagement] INFO  server.RaftServerConfigKeys (ConfUtils.java:logGet(46)) - raft.server.log.async-flush.enabled = false (default)
2024-01-29 07:44:06,944 [6a63baba-185f-4694-8c2d-f019df25b76b-groupManagement] INFO  server.RaftServerConfigKeys (ConfUtils.java:logGet(46)) - raft.server.log.statemachine.data.caching.enabled = true (custom)
2024-01-29 07:44:06,944 [6a63baba-185f-4694-8c2d-f019df25b76b-groupManagement] INFO  segmented.SegmentedRaftLogWorker (SegmentedRaftLogWorker.java:lambda$new$0(134)) - 6a63baba-185f-4694-8c2d-f019df25b76b@group-B4FE11273C34-SegmentedRaftLogWorker: flushIndex: setUnconditionally 0 -> -1
2024-01-29 07:44:06,944 [6a63baba-185f-4694-8c2d-f019df25b76b-groupManagement] INFO  segmented.SegmentedRaftLogWorker (SegmentedRaftLogWorker.java:lambda$new$0(134)) - 6a63baba-185f-4694-8c2d-f019df25b76b@group-B4FE11273C34-SegmentedRaftLogWorker: safeCacheEvictIndex: setUnconditionally 0 -> -1
2024-01-29 07:44:06,945 [6a63baba-185f-4694-8c2d-f019df25b76b-groupManagement] INFO  server.RaftServer$Division (RaftServerImpl.java:start(396)) - 6a63baba-185f-4694-8c2d-f019df25b76b@group-B4FE11273C34: start as a follower, conf=-1: peers:[52eee04e-2e21-4309-a40c-69540fbd71c9|10.1.0.7:15388, 6a63baba-185f-4694-8c2d-f019df25b76b|10.1.0.7:15370, 92b1878f-5f30-4884-b778-b757b768b8e7|10.1.0.7:15379]|listeners:[], old=null
2024-01-29 07:44:06,945 [6a63baba-185f-4694-8c2d-f019df25b76b-groupManagement] INFO  server.RaftServer$Division (RaftServerImpl.java:setRole(383)) - 6a63baba-185f-4694-8c2d-f019df25b76b@group-B4FE11273C34: changes role from      null to FOLLOWER at term 0 for startAsFollower
2024-01-29 07:44:06,945 [6a63baba-185f-4694-8c2d-f019df25b76b-groupManagement] INFO  impl.RoleInfo (RoleInfo.java:updateAndGet(139)) - 6a63baba-185f-4694-8c2d-f019df25b76b: start 6a63baba-185f-4694-8c2d-f019df25b76b@group-B4FE11273C34-FollowerState
2024-01-29 07:44:06,945 [6a63baba-185f-4694-8c2d-f019df25b76b-groupManagement] INFO  util.JmxRegister (JmxRegister.java:tryRegister(44)) - Successfully registered JMX Bean with object name Ratis:service=RaftServer,group=group-B4FE11273C34,id=6a63baba-185f-4694-8c2d-f019df25b76b
2024-01-29 07:44:06,945 [6a63baba-185f-4694-8c2d-f019df25b76b@group-B4FE11273C34-FollowerState] INFO  server.RaftServerConfigKeys (ConfUtils.java:logFallback(53)) - raft.server.rpc.first-election.timeout.min = 5s (fallback to raft.server.rpc.timeout.min)
2024-01-29 07:44:06,945 [6a63baba-185f-4694-8c2d-f019df25b76b@group-B4FE11273C34-FollowerState] INFO  server.RaftServerConfigKeys (ConfUtils.java:logFallback(53)) - raft.server.rpc.first-election.timeout.max = 5200ms (fallback to raft.server.rpc.timeout.max)
2024-01-29 07:44:06,945 [6a63baba-185f-4694-8c2d-f019df25b76b-groupManagement] INFO  server.RaftServerConfigKeys (ConfUtils.java:logGet(46)) - raft.server.snapshot.trigger-when-stop.enabled = true (default)
2024-01-29 07:44:06,945 [6a63baba-185f-4694-8c2d-f019df25b76b-groupManagement] INFO  server.RaftServerConfigKeys (ConfUtils.java:logGet(46)) - raft.server.snapshot.auto.trigger.enabled = true (custom)
2024-01-29 07:44:06,945 [6a63baba-185f-4694-8c2d-f019df25b76b-groupManagement] INFO  server.RaftServerConfigKeys (ConfUtils.java:logGet(46)) - raft.server.snapshot.auto.trigger.threshold = 10000 (custom)
2024-01-29 07:44:06,945 [6a63baba-185f-4694-8c2d-f019df25b76b-groupManagement] INFO  server.RaftServerConfigKeys (ConfUtils.java:logGet(46)) - raft.server.snapshot.retention.file.num = 5 (custom)
2024-01-29 07:44:06,945 [6a63baba-185f-4694-8c2d-f019df25b76b-groupManagement] INFO  server.RaftServerConfigKeys (ConfUtils.java:logGet(46)) - raft.server.log.purge.upto.snapshot.index = false (default)
2024-01-29 07:44:06,946 [6a63baba-185f-4694-8c2d-f019df25b76b-PipelineCommandHandlerThread-0] INFO  ratis.XceiverServerRatis (XceiverServerRatis.java:addGroup(864)) - Created group PipelineID=2db34f74-41c3-4765-9f19-b4fe11273c34
2024-01-29 07:44:06,952 [grpc-default-executor-0] INFO  server.RaftServer (RaftServerProxy.java:addNew(100)) - 52eee04e-2e21-4309-a40c-69540fbd71c9: addNew group-B4FE11273C34:[52eee04e-2e21-4309-a40c-69540fbd71c9|10.1.0.7:15388, 6a63baba-185f-4694-8c2d-f019df25b76b|10.1.0.7:15370, 92b1878f-5f30-4884-b778-b757b768b8e7|10.1.0.7:15379] returns group-B4FE11273C34:java.util.concurrent.CompletableFuture@1a3afbcf[Not completed]
2024-01-29 07:44:06,952 [52eee04e-2e21-4309-a40c-69540fbd71c9-groupManagement] INFO  server.RaftServer$Division (RaftServerImpl.java:<init>(256)) - 52eee04e-2e21-4309-a40c-69540fbd71c9: new RaftServerImpl for group-B4FE11273C34:[52eee04e-2e21-4309-a40c-69540fbd71c9|10.1.0.7:15388, 6a63baba-185f-4694-8c2d-f019df25b76b|10.1.0.7:15370, 92b1878f-5f30-4884-b778-b757b768b8e7|10.1.0.7:15379] with ContainerStateMachine:uninitialized
2024-01-29 07:44:06,952 [52eee04e-2e21-4309-a40c-69540fbd71c9-groupManagement] INFO  server.RaftServerConfigKeys (ConfUtils.java:logGet(46)) - raft.server.rpc.timeout.min = 5s (custom)
2024-01-29 07:44:06,952 [52eee04e-2e21-4309-a40c-69540fbd71c9-groupManagement] INFO  server.RaftServerConfigKeys (ConfUtils.java:logGet(46)) - raft.server.rpc.timeout.max = 5200ms (custom)
2024-01-29 07:44:06,952 [52eee04e-2e21-4309-a40c-69540fbd71c9-groupManagement] INFO  server.RaftServerConfigKeys (ConfUtils.java:logGet(46)) - raft.server.rpc.sleep.time = 25ms (default)
2024-01-29 07:44:06,952 [52eee04e-2e21-4309-a40c-69540fbd71c9-groupManagement] INFO  server.RaftServerConfigKeys (ConfUtils.java:logGet(46)) - raft.server.rpc.slowness.timeout = 300000ms (custom)
2024-01-29 07:44:06,952 [52eee04e-2e21-4309-a40c-69540fbd71c9-groupManagement] INFO  server.RaftServerConfigKeys (ConfUtils.java:logGet(46)) - raft.server.leaderelection.leader.step-down.wait-time = 10s (default)
2024-01-29 07:44:06,952 [52eee04e-2e21-4309-a40c-69540fbd71c9-groupManagement] INFO  server.RaftServerConfigKeys (ConfUtils.java:logGet(46)) - raft.server.leaderelection.member.majority-add = false (default)
2024-01-29 07:44:06,953 [52eee04e-2e21-4309-a40c-69540fbd71c9-groupManagement] INFO  server.RaftServerConfigKeys (ConfUtils.java:logGet(46)) - raft.server.sleep.deviation.threshold = 300ms (default)
2024-01-29 07:44:06,953 [52eee04e-2e21-4309-a40c-69540fbd71c9-groupManagement] INFO  server.RaftServer$Division (ServerState.java:<init>(113)) - 52eee04e-2e21-4309-a40c-69540fbd71c9@group-B4FE11273C34: ConfigurationManager, init=-1: peers:[52eee04e-2e21-4309-a40c-69540fbd71c9|10.1.0.7:15388, 6a63baba-185f-4694-8c2d-f019df25b76b|10.1.0.7:15370, 92b1878f-5f30-4884-b778-b757b768b8e7|10.1.0.7:15379]|listeners:[], old=null, confs=<EMPTY_MAP>
2024-01-29 07:44:06,953 [52eee04e-2e21-4309-a40c-69540fbd71c9-groupManagement] INFO  server.RaftServerConfigKeys (ConfUtils.java:logGet(46)) - raft.server.notification.no-leader.timeout = 300000ms (custom)
2024-01-29 07:44:06,953 [52eee04e-2e21-4309-a40c-69540fbd71c9-groupManagement] INFO  server.RaftServerConfigKeys (ConfUtils.java:logGet(46)) - raft.server.read.timeout = 10s (default)
2024-01-29 07:44:06,953 [52eee04e-2e21-4309-a40c-69540fbd71c9-groupManagement] INFO  server.RaftServerConfigKeys (ConfUtils.java:logGet(46)) - raft.server.retrycache.expirytime = 600000ms (custom)
2024-01-29 07:44:06,953 [52eee04e-2e21-4309-a40c-69540fbd71c9-groupManagement] INFO  server.RaftServerConfigKeys (ConfUtils.java:logGet(46)) - raft.server.retrycache.statistics.expirytime = 100ms (default)
2024-01-29 07:44:06,953 [52eee04e-2e21-4309-a40c-69540fbd71c9-groupManagement] INFO  server.RaftServerConfigKeys (ConfUtils.java:logGet(46)) - raft.server.read.option = DEFAULT (default)
2024-01-29 07:44:06,953 [52eee04e-2e21-4309-a40c-69540fbd71c9-groupManagement] INFO  server.RaftServerConfigKeys (ConfUtils.java:logGet(46)) - raft.server.read.read-after-write-consistent.write-index-cache.expiry-time = 60s (default)
2024-01-29 07:44:06,954 [52eee04e-2e21-4309-a40c-69540fbd71c9-groupManagement] INFO  server.RaftServerConfigKeys (ConfUtils.java:logGet(46)) - raft.server.rpc.request.timeout = 3000ms (default)
2024-01-29 07:44:06,954 [52eee04e-2e21-4309-a40c-69540fbd71c9-groupManagement] INFO  server.RaftServerConfigKeys (ConfUtils.java:logGet(46)) - raft.server.log.appender.install.snapshot.enabled = false (custom)
2024-01-29 07:44:06,954 [52eee04e-2e21-4309-a40c-69540fbd71c9-groupManagement] INFO  server.RaftServerConfigKeys (ConfUtils.java:logGet(46)) - raft.server.threadpool.server.cached = true (default)
2024-01-29 07:44:06,954 [52eee04e-2e21-4309-a40c-69540fbd71c9-groupManagement] INFO  server.RaftServerConfigKeys (ConfUtils.java:logGet(46)) - raft.server.threadpool.server.size = 0 (default)
2024-01-29 07:44:06,954 [52eee04e-2e21-4309-a40c-69540fbd71c9-groupManagement] INFO  server.RaftServerConfigKeys (ConfUtils.java:logGet(46)) - raft.server.threadpool.client.cached = true (default)
2024-01-29 07:44:06,954 [52eee04e-2e21-4309-a40c-69540fbd71c9-groupManagement] INFO  server.RaftServerConfigKeys (ConfUtils.java:logGet(46)) - raft.server.threadpool.client.size = 0 (default)
2024-01-29 07:44:06,954 [52eee04e-2e21-4309-a40c-69540fbd71c9-groupManagement] INFO  server.RaftServerConfigKeys (ConfUtils.java:logGet(46)) - raft.server.storage.free-space.min = 0MB (=0) (default)
2024-01-29 07:44:06,954 [52eee04e-2e21-4309-a40c-69540fbd71c9-groupManagement] INFO  server.RaftServerConfigKeys (ConfUtils.java:logGet(46)) - raft.server.log.corruption.policy = EXCEPTION (default)
2024-01-29 07:44:06,955 [52eee04e-2e21-4309-a40c-69540fbd71c9-groupManagement] INFO  server.RaftServerConfigKeys (ConfUtils.java:logGet(46)) - raft.server.storage.dir = [/home/runner/work/ozone/ozone/hadoop-ozone/integration-test/target/test-dir/MiniOzoneClusterImpl-4c098651-5741-4b11-9e36-c6ca8da28866/datanode-2/data/ratis] (custom)
2024-01-29 07:44:06,955 [52eee04e-2e21-4309-a40c-69540fbd71c9-groupManagement] INFO  storage.RaftStorageDirectory (RaftStorageDirectoryImpl.java:analyzeStorage(138)) - The storage directory /home/runner/work/ozone/ozone/hadoop-ozone/integration-test/target/test-dir/MiniOzoneClusterImpl-4c098651-5741-4b11-9e36-c6ca8da28866/datanode-2/data/ratis/2db34f74-41c3-4765-9f19-b4fe11273c34 does not exist. Creating ...
2024-01-29 07:44:06,956 [52eee04e-2e21-4309-a40c-69540fbd71c9-groupManagement] INFO  storage.RaftStorageDirectory (RaftStorageDirectoryImpl.java:tryLock(228)) - Lock on /home/runner/work/ozone/ozone/hadoop-ozone/integration-test/target/test-dir/MiniOzoneClusterImpl-4c098651-5741-4b11-9e36-c6ca8da28866/datanode-2/data/ratis/2db34f74-41c3-4765-9f19-b4fe11273c34/in_use.lock acquired by nodename 37616@fv-az571-724
2024-01-29 07:44:06,957 [52eee04e-2e21-4309-a40c-69540fbd71c9-groupManagement] INFO  storage.RaftStorage (RaftStorageImpl.java:format(99)) - Storage directory /home/runner/work/ozone/ozone/hadoop-ozone/integration-test/target/test-dir/MiniOzoneClusterImpl-4c098651-5741-4b11-9e36-c6ca8da28866/datanode-2/data/ratis/2db34f74-41c3-4765-9f19-b4fe11273c34 has been successfully formatted.
2024-01-29 07:44:06,957 [52eee04e-2e21-4309-a40c-69540fbd71c9-groupManagement] WARN  util.FileUtils (LogUtils.java:supplyAndLog(63)) - Failed to Files.newInputStream /home/runner/work/ozone/ozone/hadoop-ozone/integration-test/target/test-dir/MiniOzoneClusterImpl-4c098651-5741-4b11-9e36-c6ca8da28866/datanode-2/data/ratis/2db34f74-41c3-4765-9f19-b4fe11273c34/current/raft-meta.conf with options []: java.nio.file.NoSuchFileException: /home/runner/work/ozone/ozone/hadoop-ozone/integration-test/target/test-dir/MiniOzoneClusterImpl-4c098651-5741-4b11-9e36-c6ca8da28866/datanode-2/data/ratis/2db34f74-41c3-4765-9f19-b4fe11273c34/current/raft-meta.conf
2024-01-29 07:44:06,958 [52eee04e-2e21-4309-a40c-69540fbd71c9-groupManagement] INFO  ratis.ContainerStateMachine (ContainerStateMachine.java:loadSnapshot(287)) - group-B4FE11273C34: The snapshot info is null. Setting the last applied index to:(t:0, i:~)
2024-01-29 07:44:06,958 [52eee04e-2e21-4309-a40c-69540fbd71c9-groupManagement] INFO  server.RaftServerConfigKeys (ConfUtils.java:logGet(46)) - raft.server.log.use.memory = false (default)
2024-01-29 07:44:06,958 [52eee04e-2e21-4309-a40c-69540fbd71c9-groupManagement] INFO  server.RaftServerConfigKeys (ConfUtils.java:logGet(46)) - raft.server.log.purge.gap = 1000000 (custom)
2024-01-29 07:44:06,958 [52eee04e-2e21-4309-a40c-69540fbd71c9-groupManagement] INFO  server.RaftServerConfigKeys (ConfUtils.java:logGet(46)) - raft.server.log.appender.buffer.byte-limit = 8388608 (custom)
2024-01-29 07:44:06,958 [52eee04e-2e21-4309-a40c-69540fbd71c9-groupManagement] INFO  server.RaftServerConfigKeys (ConfUtils.java:logGet(46)) - raft.server.log.statemachine.data.read.timeout = 1000ms (default)
2024-01-29 07:44:06,958 [52eee04e-2e21-4309-a40c-69540fbd71c9-groupManagement] INFO  server.RaftServerConfigKeys (ConfUtils.java:logGet(46)) - raft.server.log.purge.preservation.log.num = 0 (default)
2024-01-29 07:44:06,959 [52eee04e-2e21-4309-a40c-69540fbd71c9-groupManagement] INFO  server.RaftServerConfigKeys (ConfUtils.java:logGet(46)) - raft.server.log.segment.size.max = 67108864 (custom)
2024-01-29 07:44:06,960 [52eee04e-2e21-4309-a40c-69540fbd71c9-groupManagement] INFO  server.RaftServerConfigKeys (ConfUtils.java:logGet(46)) - raft.server.log.segment.cache.num.max = 2 (custom)
2024-01-29 07:44:06,960 [52eee04e-2e21-4309-a40c-69540fbd71c9-groupManagement] INFO  server.RaftServerConfigKeys (ConfUtils.java:logGet(46)) - raft.server.log.segment.cache.size.max = 200MB (=209715200) (default)
2024-01-29 07:44:06,960 [52eee04e-2e21-4309-a40c-69540fbd71c9-groupManagement] INFO  server.RaftServerConfigKeys (ConfUtils.java:logGet(46)) - raft.server.log.appender.buffer.byte-limit = 8388608 (custom)
2024-01-29 07:44:06,960 [52eee04e-2e21-4309-a40c-69540fbd71c9-groupManagement] INFO  util.AwaitToRun (AwaitToRun.java:start(81)) - Thread[52eee04e-2e21-4309-a40c-69540fbd71c9@group-B4FE11273C34-cacheEviction-AwaitToRun,5,main] started
2024-01-29 07:44:06,960 [52eee04e-2e21-4309-a40c-69540fbd71c9-groupManagement] INFO  segmented.SegmentedRaftLogWorker (SegmentedRaftLogWorker.java:<init>(182)) - new 52eee04e-2e21-4309-a40c-69540fbd71c9@group-B4FE11273C34-SegmentedRaftLogWorker for RaftStorageImpl:Storage Directory /home/runner/work/ozone/ozone/hadoop-ozone/integration-test/target/test-dir/MiniOzoneClusterImpl-4c098651-5741-4b11-9e36-c6ca8da28866/datanode-2/data/ratis/2db34f74-41c3-4765-9f19-b4fe11273c34
2024-01-29 07:44:06,960 [52eee04e-2e21-4309-a40c-69540fbd71c9-groupManagement] INFO  server.RaftServerConfigKeys (ConfUtils.java:logGet(46)) - raft.server.log.queue.byte-limit = 4294967296 (custom)
2024-01-29 07:44:06,960 [52eee04e-2e21-4309-a40c-69540fbd71c9-groupManagement] INFO  server.RaftServerConfigKeys (ConfUtils.java:logGet(46)) - raft.server.log.queue.element-limit = 1024 (custom)
2024-01-29 07:44:06,960 [52eee04e-2e21-4309-a40c-69540fbd71c9-groupManagement] INFO  server.RaftServerConfigKeys (ConfUtils.java:logGet(46)) - raft.server.log.segment.size.max = 67108864 (custom)
2024-01-29 07:44:06,960 [52eee04e-2e21-4309-a40c-69540fbd71c9-groupManagement] INFO  server.RaftServerConfigKeys (ConfUtils.java:logGet(46)) - raft.server.log.preallocated.size = 4194304 (custom)
2024-01-29 07:44:06,960 [52eee04e-2e21-4309-a40c-69540fbd71c9-groupManagement] INFO  server.RaftServerConfigKeys (ConfUtils.java:logGet(46)) - raft.server.log.force.sync.num = 128 (default)
2024-01-29 07:44:06,960 [52eee04e-2e21-4309-a40c-69540fbd71c9-groupManagement] INFO  server.RaftServerConfigKeys (ConfUtils.java:logGet(46)) - raft.server.log.statemachine.data.sync = true (default)
2024-01-29 07:44:06,960 [52eee04e-2e21-4309-a40c-69540fbd71c9-groupManagement] INFO  server.RaftServerConfigKeys (ConfUtils.java:logGet(46)) - raft.server.log.statemachine.data.sync.timeout = 10s (default)
2024-01-29 07:44:06,960 [52eee04e-2e21-4309-a40c-69540fbd71c9-groupManagement] INFO  server.RaftServerConfigKeys (ConfUtils.java:logGet(46)) - raft.server.log.statemachine.data.sync.timeout.retry = 0 (custom)
2024-01-29 07:44:06,961 [52eee04e-2e21-4309-a40c-69540fbd71c9-groupManagement] INFO  server.RaftServerConfigKeys (ConfUtils.java:logGet(46)) - raft.server.log.write.buffer.size = 8388616 (custom)
2024-01-29 07:44:06,962 [52eee04e-2e21-4309-a40c-69540fbd71c9-groupManagement] INFO  server.RaftServerConfigKeys (ConfUtils.java:logGet(46)) - raft.server.log.appender.buffer.byte-limit = 8388608 (custom)
2024-01-29 07:44:06,963 [52eee04e-2e21-4309-a40c-69540fbd71c9-groupManagement] INFO  server.RaftServerConfigKeys (ConfUtils.java:logGet(46)) - raft.server.log.unsafe-flush.enabled = false (default)
2024-01-29 07:44:06,963 [52eee04e-2e21-4309-a40c-69540fbd71c9-groupManagement] INFO  server.RaftServerConfigKeys (ConfUtils.java:logGet(46)) - raft.server.log.async-flush.enabled = false (default)
2024-01-29 07:44:06,963 [52eee04e-2e21-4309-a40c-69540fbd71c9-groupManagement] INFO  server.RaftServerConfigKeys (ConfUtils.java:logGet(46)) - raft.server.log.statemachine.data.caching.enabled = true (custom)
2024-01-29 07:44:06,963 [52eee04e-2e21-4309-a40c-69540fbd71c9-groupManagement] INFO  segmented.SegmentedRaftLogWorker (SegmentedRaftLogWorker.java:lambda$new$0(134)) - 52eee04e-2e21-4309-a40c-69540fbd71c9@group-B4FE11273C34-SegmentedRaftLogWorker: flushIndex: setUnconditionally 0 -> -1
2024-01-29 07:44:06,963 [52eee04e-2e21-4309-a40c-69540fbd71c9-groupManagement] INFO  segmented.SegmentedRaftLogWorker (SegmentedRaftLogWorker.java:lambda$new$0(134)) - 52eee04e-2e21-4309-a40c-69540fbd71c9@group-B4FE11273C34-SegmentedRaftLogWorker: safeCacheEvictIndex: setUnconditionally 0 -> -1
2024-01-29 07:44:06,963 [52eee04e-2e21-4309-a40c-69540fbd71c9-groupManagement] INFO  server.RaftServer$Division (RaftServerImpl.java:start(396)) - 52eee04e-2e21-4309-a40c-69540fbd71c9@group-B4FE11273C34: start as a follower, conf=-1: peers:[52eee04e-2e21-4309-a40c-69540fbd71c9|10.1.0.7:15388, 6a63baba-185f-4694-8c2d-f019df25b76b|10.1.0.7:15370, 92b1878f-5f30-4884-b778-b757b768b8e7|10.1.0.7:15379]|listeners:[], old=null
2024-01-29 07:44:06,963 [52eee04e-2e21-4309-a40c-69540fbd71c9-groupManagement] INFO  server.RaftServer$Division (RaftServerImpl.java:setRole(383)) - 52eee04e-2e21-4309-a40c-69540fbd71c9@group-B4FE11273C34: changes role from      null to FOLLOWER at term 0 for startAsFollower
2024-01-29 07:44:06,963 [52eee04e-2e21-4309-a40c-69540fbd71c9-groupManagement] INFO  impl.RoleInfo (RoleInfo.java:updateAndGet(139)) - 52eee04e-2e21-4309-a40c-69540fbd71c9: start 52eee04e-2e21-4309-a40c-69540fbd71c9@group-B4FE11273C34-FollowerState
2024-01-29 07:44:06,963 [52eee04e-2e21-4309-a40c-69540fbd71c9@group-B4FE11273C34-FollowerState] INFO  server.RaftServerConfigKeys (ConfUtils.java:logFallback(53)) - raft.server.rpc.first-election.timeout.min = 5s (fallback to raft.server.rpc.timeout.min)
2024-01-29 07:44:06,963 [52eee04e-2e21-4309-a40c-69540fbd71c9-groupManagement] INFO  util.JmxRegister (JmxRegister.java:tryRegister(44)) - Successfully registered JMX Bean with object name Ratis:service=RaftServer,group=group-B4FE11273C34,id=52eee04e-2e21-4309-a40c-69540fbd71c9
2024-01-29 07:44:06,963 [52eee04e-2e21-4309-a40c-69540fbd71c9@group-B4FE11273C34-FollowerState] INFO  server.RaftServerConfigKeys (ConfUtils.java:logFallback(53)) - raft.server.rpc.first-election.timeout.max = 5200ms (fallback to raft.server.rpc.timeout.max)
2024-01-29 07:44:06,963 [52eee04e-2e21-4309-a40c-69540fbd71c9-groupManagement] INFO  server.RaftServerConfigKeys (ConfUtils.java:logGet(46)) - raft.server.snapshot.trigger-when-stop.enabled = true (default)
2024-01-29 07:44:06,963 [52eee04e-2e21-4309-a40c-69540fbd71c9-groupManagement] INFO  server.RaftServerConfigKeys (ConfUtils.java:logGet(46)) - raft.server.snapshot.auto.trigger.enabled = true (custom)
2024-01-29 07:44:06,963 [52eee04e-2e21-4309-a40c-69540fbd71c9-groupManagement] INFO  server.RaftServerConfigKeys (ConfUtils.java:logGet(46)) - raft.server.snapshot.auto.trigger.threshold = 10000 (custom)
2024-01-29 07:44:06,964 [52eee04e-2e21-4309-a40c-69540fbd71c9-groupManagement] INFO  server.RaftServerConfigKeys (ConfUtils.java:logGet(46)) - raft.server.snapshot.retention.file.num = 5 (custom)
2024-01-29 07:44:06,964 [52eee04e-2e21-4309-a40c-69540fbd71c9-groupManagement] INFO  server.RaftServerConfigKeys (ConfUtils.java:logGet(46)) - raft.server.log.purge.upto.snapshot.index = false (default)
2024-01-29 07:44:06,979 [grpc-default-executor-0] INFO  server.RaftServer (RaftServerProxy.java:addNew(100)) - 92b1878f-5f30-4884-b778-b757b768b8e7: addNew group-B4FE11273C34:[52eee04e-2e21-4309-a40c-69540fbd71c9|10.1.0.7:15388, 6a63baba-185f-4694-8c2d-f019df25b76b|10.1.0.7:15370, 92b1878f-5f30-4884-b778-b757b768b8e7|10.1.0.7:15379] returns group-B4FE11273C34:java.util.concurrent.CompletableFuture@3efc4e46[Not completed]
2024-01-29 07:44:06,980 [92b1878f-5f30-4884-b778-b757b768b8e7-groupManagement] INFO  server.RaftServer$Division (RaftServerImpl.java:<init>(256)) - 92b1878f-5f30-4884-b778-b757b768b8e7: new RaftServerImpl for group-B4FE11273C34:[52eee04e-2e21-4309-a40c-69540fbd71c9|10.1.0.7:15388, 6a63baba-185f-4694-8c2d-f019df25b76b|10.1.0.7:15370, 92b1878f-5f30-4884-b778-b757b768b8e7|10.1.0.7:15379] with ContainerStateMachine:uninitialized
2024-01-29 07:44:06,980 [92b1878f-5f30-4884-b778-b757b768b8e7-groupManagement] INFO  server.RaftServerConfigKeys (ConfUtils.java:logGet(46)) - raft.server.rpc.timeout.min = 5s (custom)
2024-01-29 07:44:06,980 [92b1878f-5f30-4884-b778-b757b768b8e7-groupManagement] INFO  server.RaftServerConfigKeys (ConfUtils.java:logGet(46)) - raft.server.rpc.timeout.max = 5200ms (custom)
2024-01-29 07:44:06,980 [92b1878f-5f30-4884-b778-b757b768b8e7-groupManagement] INFO  server.RaftServerConfigKeys (ConfUtils.java:logGet(46)) - raft.server.rpc.sleep.time = 25ms (default)
2024-01-29 07:44:06,980 [92b1878f-5f30-4884-b778-b757b768b8e7-groupManagement] INFO  server.RaftServerConfigKeys (ConfUtils.java:logGet(46)) - raft.server.rpc.slowness.timeout = 300000ms (custom)
2024-01-29 07:44:06,980 [92b1878f-5f30-4884-b778-b757b768b8e7-groupManagement] INFO  server.RaftServerConfigKeys (ConfUtils.java:logGet(46)) - raft.server.leaderelection.leader.step-down.wait-time = 10s (default)
2024-01-29 07:44:06,980 [92b1878f-5f30-4884-b778-b757b768b8e7-groupManagement] INFO  server.RaftServerConfigKeys (ConfUtils.java:logGet(46)) - raft.server.leaderelection.member.majority-add = false (default)
2024-01-29 07:44:06,980 [92b1878f-5f30-4884-b778-b757b768b8e7-groupManagement] INFO  server.RaftServerConfigKeys (ConfUtils.java:logGet(46)) - raft.server.sleep.deviation.threshold = 300ms (default)
2024-01-29 07:44:06,980 [92b1878f-5f30-4884-b778-b757b768b8e7-groupManagement] INFO  server.RaftServer$Division (ServerState.java:<init>(113)) - 92b1878f-5f30-4884-b778-b757b768b8e7@group-B4FE11273C34: ConfigurationManager, init=-1: peers:[52eee04e-2e21-4309-a40c-69540fbd71c9|10.1.0.7:15388, 6a63baba-185f-4694-8c2d-f019df25b76b|10.1.0.7:15370, 92b1878f-5f30-4884-b778-b757b768b8e7|10.1.0.7:15379]|listeners:[], old=null, confs=<EMPTY_MAP>
2024-01-29 07:44:06,980 [92b1878f-5f30-4884-b778-b757b768b8e7-groupManagement] INFO  server.RaftServerConfigKeys (ConfUtils.java:logGet(46)) - raft.server.notification.no-leader.timeout = 300000ms (custom)
2024-01-29 07:44:06,980 [92b1878f-5f30-4884-b778-b757b768b8e7-groupManagement] INFO  server.RaftServerConfigKeys (ConfUtils.java:logGet(46)) - raft.server.read.timeout = 10s (default)
2024-01-29 07:44:06,980 [92b1878f-5f30-4884-b778-b757b768b8e7-groupManagement] INFO  server.RaftServerConfigKeys (ConfUtils.java:logGet(46)) - raft.server.retrycache.expirytime = 600000ms (custom)
2024-01-29 07:44:06,980 [92b1878f-5f30-4884-b778-b757b768b8e7-groupManagement] INFO  server.RaftServerConfigKeys (ConfUtils.java:logGet(46)) - raft.server.retrycache.statistics.expirytime = 100ms (default)
2024-01-29 07:44:06,980 [92b1878f-5f30-4884-b778-b757b768b8e7-groupManagement] INFO  server.RaftServerConfigKeys (ConfUtils.java:logGet(46)) - raft.server.read.option = DEFAULT (default)
2024-01-29 07:44:06,980 [92b1878f-5f30-4884-b778-b757b768b8e7-groupManagement] INFO  server.RaftServerConfigKeys (ConfUtils.java:logGet(46)) - raft.server.read.read-after-write-consistent.write-index-cache.expiry-time = 60s (default)
2024-01-29 07:44:06,981 [92b1878f-5f30-4884-b778-b757b768b8e7-groupManagement] INFO  server.RaftServerConfigKeys (ConfUtils.java:logGet(46)) - raft.server.rpc.request.timeout = 3000ms (default)
2024-01-29 07:44:06,982 [92b1878f-5f30-4884-b778-b757b768b8e7-groupManagement] INFO  server.RaftServerConfigKeys (ConfUtils.java:logGet(46)) - raft.server.log.appender.install.snapshot.enabled = false (custom)
2024-01-29 07:44:06,982 [92b1878f-5f30-4884-b778-b757b768b8e7-groupManagement] INFO  server.RaftServerConfigKeys (ConfUtils.java:logGet(46)) - raft.server.threadpool.server.cached = true (default)
2024-01-29 07:44:06,982 [92b1878f-5f30-4884-b778-b757b768b8e7-groupManagement] INFO  server.RaftServerConfigKeys (ConfUtils.java:logGet(46)) - raft.server.threadpool.server.size = 0 (default)
2024-01-29 07:44:06,982 [92b1878f-5f30-4884-b778-b757b768b8e7-groupManagement] INFO  server.RaftServerConfigKeys (ConfUtils.java:logGet(46)) - raft.server.threadpool.client.cached = true (default)
2024-01-29 07:44:06,982 [92b1878f-5f30-4884-b778-b757b768b8e7-groupManagement] INFO  server.RaftServerConfigKeys (ConfUtils.java:logGet(46)) - raft.server.threadpool.client.size = 0 (default)
2024-01-29 07:44:06,982 [92b1878f-5f30-4884-b778-b757b768b8e7-groupManagement] INFO  server.RaftServerConfigKeys (ConfUtils.java:logGet(46)) - raft.server.storage.free-space.min = 0MB (=0) (default)
2024-01-29 07:44:06,982 [92b1878f-5f30-4884-b778-b757b768b8e7-groupManagement] INFO  server.RaftServerConfigKeys (ConfUtils.java:logGet(46)) - raft.server.log.corruption.policy = EXCEPTION (default)
2024-01-29 07:44:06,982 [92b1878f-5f30-4884-b778-b757b768b8e7-groupManagement] INFO  server.RaftServerConfigKeys (ConfUtils.java:logGet(46)) - raft.server.storage.dir = [/home/runner/work/ozone/ozone/hadoop-ozone/integration-test/target/test-dir/MiniOzoneClusterImpl-4c098651-5741-4b11-9e36-c6ca8da28866/datanode-1/data/ratis] (custom)
2024-01-29 07:44:06,982 [92b1878f-5f30-4884-b778-b757b768b8e7-groupManagement] INFO  storage.RaftStorageDirectory (RaftStorageDirectoryImpl.java:analyzeStorage(138)) - The storage directory /home/runner/work/ozone/ozone/hadoop-ozone/integration-test/target/test-dir/MiniOzoneClusterImpl-4c098651-5741-4b11-9e36-c6ca8da28866/datanode-1/data/ratis/2db34f74-41c3-4765-9f19-b4fe11273c34 does not exist. Creating ...
2024-01-29 07:44:06,983 [92b1878f-5f30-4884-b778-b757b768b8e7-groupManagement] INFO  storage.RaftStorageDirectory (RaftStorageDirectoryImpl.java:tryLock(228)) - Lock on /home/runner/work/ozone/ozone/hadoop-ozone/integration-test/target/test-dir/MiniOzoneClusterImpl-4c098651-5741-4b11-9e36-c6ca8da28866/datanode-1/data/ratis/2db34f74-41c3-4765-9f19-b4fe11273c34/in_use.lock acquired by nodename 37616@fv-az571-724
2024-01-29 07:44:06,983 [92b1878f-5f30-4884-b778-b757b768b8e7-groupManagement] INFO  storage.RaftStorage (RaftStorageImpl.java:format(99)) - Storage directory /home/runner/work/ozone/ozone/hadoop-ozone/integration-test/target/test-dir/MiniOzoneClusterImpl-4c098651-5741-4b11-9e36-c6ca8da28866/datanode-1/data/ratis/2db34f74-41c3-4765-9f19-b4fe11273c34 has been successfully formatted.
2024-01-29 07:44:06,984 [92b1878f-5f30-4884-b778-b757b768b8e7-groupManagement] WARN  util.FileUtils (LogUtils.java:supplyAndLog(63)) - Failed to Files.newInputStream /home/runner/work/ozone/ozone/hadoop-ozone/integration-test/target/test-dir/MiniOzoneClusterImpl-4c098651-5741-4b11-9e36-c6ca8da28866/datanode-1/data/ratis/2db34f74-41c3-4765-9f19-b4fe11273c34/current/raft-meta.conf with options []: java.nio.file.NoSuchFileException: /home/runner/work/ozone/ozone/hadoop-ozone/integration-test/target/test-dir/MiniOzoneClusterImpl-4c098651-5741-4b11-9e36-c6ca8da28866/datanode-1/data/ratis/2db34f74-41c3-4765-9f19-b4fe11273c34/current/raft-meta.conf
2024-01-29 07:44:06,985 [92b1878f-5f30-4884-b778-b757b768b8e7-groupManagement] INFO  ratis.ContainerStateMachine (ContainerStateMachine.java:loadSnapshot(287)) - group-B4FE11273C34: The snapshot info is null. Setting the last applied index to:(t:0, i:~)
2024-01-29 07:44:06,985 [92b1878f-5f30-4884-b778-b757b768b8e7-groupManagement] INFO  server.RaftServerConfigKeys (ConfUtils.java:logGet(46)) - raft.server.log.use.memory = false (default)
2024-01-29 07:44:06,985 [92b1878f-5f30-4884-b778-b757b768b8e7-groupManagement] INFO  server.RaftServerConfigKeys (ConfUtils.java:logGet(46)) - raft.server.log.purge.gap = 1000000 (custom)
2024-01-29 07:44:06,985 [92b1878f-5f30-4884-b778-b757b768b8e7-groupManagement] INFO  server.RaftServerConfigKeys (ConfUtils.java:logGet(46)) - raft.server.log.appender.buffer.byte-limit = 8388608 (custom)
2024-01-29 07:44:06,985 [92b1878f-5f30-4884-b778-b757b768b8e7-groupManagement] INFO  server.RaftServerConfigKeys (ConfUtils.java:logGet(46)) - raft.server.log.statemachine.data.read.timeout = 1000ms (default)
2024-01-29 07:44:06,985 [92b1878f-5f30-4884-b778-b757b768b8e7-groupManagement] INFO  server.RaftServerConfigKeys (ConfUtils.java:logGet(46)) - raft.server.log.purge.preservation.log.num = 0 (default)
2024-01-29 07:44:06,986 [92b1878f-5f30-4884-b778-b757b768b8e7-groupManagement] INFO  server.RaftServerConfigKeys (ConfUtils.java:logGet(46)) - raft.server.log.segment.size.max = 67108864 (custom)
2024-01-29 07:44:06,987 [92b1878f-5f30-4884-b778-b757b768b8e7-groupManagement] INFO  server.RaftServerConfigKeys (ConfUtils.java:logGet(46)) - raft.server.log.segment.cache.num.max = 2 (custom)
2024-01-29 07:44:06,987 [92b1878f-5f30-4884-b778-b757b768b8e7-groupManagement] INFO  server.RaftServerConfigKeys (ConfUtils.java:logGet(46)) - raft.server.log.segment.cache.size.max = 200MB (=209715200) (default)
2024-01-29 07:44:06,987 [92b1878f-5f30-4884-b778-b757b768b8e7-groupManagement] INFO  server.RaftServerConfigKeys (ConfUtils.java:logGet(46)) - raft.server.log.appender.buffer.byte-limit = 8388608 (custom)
2024-01-29 07:44:06,987 [92b1878f-5f30-4884-b778-b757b768b8e7-groupManagement] INFO  util.AwaitToRun (AwaitToRun.java:start(81)) - Thread[92b1878f-5f30-4884-b778-b757b768b8e7@group-B4FE11273C34-cacheEviction-AwaitToRun,5,main] started
2024-01-29 07:44:06,987 [92b1878f-5f30-4884-b778-b757b768b8e7-groupManagement] INFO  segmented.SegmentedRaftLogWorker (SegmentedRaftLogWorker.java:<init>(182)) - new 92b1878f-5f30-4884-b778-b757b768b8e7@group-B4FE11273C34-SegmentedRaftLogWorker for RaftStorageImpl:Storage Directory /home/runner/work/ozone/ozone/hadoop-ozone/integration-test/target/test-dir/MiniOzoneClusterImpl-4c098651-5741-4b11-9e36-c6ca8da28866/datanode-1/data/ratis/2db34f74-41c3-4765-9f19-b4fe11273c34
2024-01-29 07:44:06,987 [92b1878f-5f30-4884-b778-b757b768b8e7-groupManagement] INFO  server.RaftServerConfigKeys (ConfUtils.java:logGet(46)) - raft.server.log.queue.byte-limit = 4294967296 (custom)
2024-01-29 07:44:06,987 [92b1878f-5f30-4884-b778-b757b768b8e7-groupManagement] INFO  server.RaftServerConfigKeys (ConfUtils.java:logGet(46)) - raft.server.log.queue.element-limit = 1024 (custom)
2024-01-29 07:44:06,987 [92b1878f-5f30-4884-b778-b757b768b8e7-groupManagement] INFO  server.RaftServerConfigKeys (ConfUtils.java:logGet(46)) - raft.server.log.segment.size.max = 67108864 (custom)
2024-01-29 07:44:06,987 [92b1878f-5f30-4884-b778-b757b768b8e7-groupManagement] INFO  server.RaftServerConfigKeys (ConfUtils.java:logGet(46)) - raft.server.log.preallocated.size = 4194304 (custom)
2024-01-29 07:44:06,987 [92b1878f-5f30-4884-b778-b757b768b8e7-groupManagement] INFO  server.RaftServerConfigKeys (ConfUtils.java:logGet(46)) - raft.server.log.force.sync.num = 128 (default)
2024-01-29 07:44:06,987 [92b1878f-5f30-4884-b778-b757b768b8e7-groupManagement] INFO  server.RaftServerConfigKeys (ConfUtils.java:logGet(46)) - raft.server.log.statemachine.data.sync = true (default)
2024-01-29 07:44:06,987 [92b1878f-5f30-4884-b778-b757b768b8e7-groupManagement] INFO  server.RaftServerConfigKeys (ConfUtils.java:logGet(46)) - raft.server.log.statemachine.data.sync.timeout = 10s (default)
2024-01-29 07:44:06,987 [92b1878f-5f30-4884-b778-b757b768b8e7-groupManagement] INFO  server.RaftServerConfigKeys (ConfUtils.java:logGet(46)) - raft.server.log.statemachine.data.sync.timeout.retry = 0 (custom)
2024-01-29 07:44:06,987 [92b1878f-5f30-4884-b778-b757b768b8e7-groupManagement] INFO  server.RaftServerConfigKeys (ConfUtils.java:logGet(46)) - raft.server.log.write.buffer.size = 8388616 (custom)
2024-01-29 07:44:06,989 [92b1878f-5f30-4884-b778-b757b768b8e7-groupManagement] INFO  server.RaftServerConfigKeys (ConfUtils.java:logGet(46)) - raft.server.log.appender.buffer.byte-limit = 8388608 (custom)
2024-01-29 07:44:06,989 [92b1878f-5f30-4884-b778-b757b768b8e7-groupManagement] INFO  server.RaftServerConfigKeys (ConfUtils.java:logGet(46)) - raft.server.log.unsafe-flush.enabled = false (default)
2024-01-29 07:44:06,989 [92b1878f-5f30-4884-b778-b757b768b8e7-groupManagement] INFO  server.RaftServerConfigKeys (ConfUtils.java:logGet(46)) - raft.server.log.async-flush.enabled = false (default)
2024-01-29 07:44:06,989 [92b1878f-5f30-4884-b778-b757b768b8e7-groupManagement] INFO  server.RaftServerConfigKeys (ConfUtils.java:logGet(46)) - raft.server.log.statemachine.data.caching.enabled = true (custom)
2024-01-29 07:44:06,989 [92b1878f-5f30-4884-b778-b757b768b8e7-groupManagement] INFO  segmented.SegmentedRaftLogWorker (SegmentedRaftLogWorker.java:lambda$new$0(134)) - 92b1878f-5f30-4884-b778-b757b768b8e7@group-B4FE11273C34-SegmentedRaftLogWorker: flushIndex: setUnconditionally 0 -> -1
2024-01-29 07:44:06,989 [92b1878f-5f30-4884-b778-b757b768b8e7-groupManagement] INFO  segmented.SegmentedRaftLogWorker (SegmentedRaftLogWorker.java:lambda$new$0(134)) - 92b1878f-5f30-4884-b778-b757b768b8e7@group-B4FE11273C34-SegmentedRaftLogWorker: safeCacheEvictIndex: setUnconditionally 0 -> -1
2024-01-29 07:44:06,989 [92b1878f-5f30-4884-b778-b757b768b8e7-groupManagement] INFO  server.RaftServer$Division (RaftServerImpl.java:start(396)) - 92b1878f-5f30-4884-b778-b757b768b8e7@group-B4FE11273C34: start as a follower, conf=-1: peers:[52eee04e-2e21-4309-a40c-69540fbd71c9|10.1.0.7:15388, 6a63baba-185f-4694-8c2d-f019df25b76b|10.1.0.7:15370, 92b1878f-5f30-4884-b778-b757b768b8e7|10.1.0.7:15379]|listeners:[], old=null
2024-01-29 07:44:06,989 [92b1878f-5f30-4884-b778-b757b768b8e7-groupManagement] INFO  server.RaftServer$Division (RaftServerImpl.java:setRole(383)) - 92b1878f-5f30-4884-b778-b757b768b8e7@group-B4FE11273C34: changes role from      null to FOLLOWER at term 0 for startAsFollower
2024-01-29 07:44:06,989 [92b1878f-5f30-4884-b778-b757b768b8e7-groupManagement] INFO  impl.RoleInfo (RoleInfo.java:updateAndGet(139)) - 92b1878f-5f30-4884-b778-b757b768b8e7: start 92b1878f-5f30-4884-b778-b757b768b8e7@group-B4FE11273C34-FollowerState
2024-01-29 07:44:06,989 [92b1878f-5f30-4884-b778-b757b768b8e7@group-B4FE11273C34-FollowerState] INFO  server.RaftServerConfigKeys (ConfUtils.java:logFallback(53)) - raft.server.rpc.first-election.timeout.min = 5s (fallback to raft.server.rpc.timeout.min)
2024-01-29 07:44:06,989 [92b1878f-5f30-4884-b778-b757b768b8e7-groupManagement] INFO  util.JmxRegister (JmxRegister.java:tryRegister(44)) - Successfully registered JMX Bean with object name Ratis:service=RaftServer,group=group-B4FE11273C34,id=92b1878f-5f30-4884-b778-b757b768b8e7
2024-01-29 07:44:06,989 [92b1878f-5f30-4884-b778-b757b768b8e7@group-B4FE11273C34-FollowerState] INFO  server.RaftServerConfigKeys (ConfUtils.java:logFallback(53)) - raft.server.rpc.first-election.timeout.max = 5200ms (fallback to raft.server.rpc.timeout.max)
2024-01-29 07:44:06,989 [92b1878f-5f30-4884-b778-b757b768b8e7-groupManagement] INFO  server.RaftServerConfigKeys (ConfUtils.java:logGet(46)) - raft.server.snapshot.trigger-when-stop.enabled = true (default)
2024-01-29 07:44:06,990 [92b1878f-5f30-4884-b778-b757b768b8e7-groupManagement] INFO  server.RaftServerConfigKeys (ConfUtils.java:logGet(46)) - raft.server.snapshot.auto.trigger.enabled = true (custom)
2024-01-29 07:44:06,990 [92b1878f-5f30-4884-b778-b757b768b8e7-groupManagement] INFO  server.RaftServerConfigKeys (ConfUtils.java:logGet(46)) - raft.server.snapshot.auto.trigger.threshold = 10000 (custom)
2024-01-29 07:44:06,990 [92b1878f-5f30-4884-b778-b757b768b8e7-groupManagement] INFO  server.RaftServerConfigKeys (ConfUtils.java:logGet(46)) - raft.server.snapshot.retention.file.num = 5 (custom)
2024-01-29 07:44:06,990 [92b1878f-5f30-4884-b778-b757b768b8e7-groupManagement] INFO  server.RaftServerConfigKeys (ConfUtils.java:logGet(46)) - raft.server.log.purge.upto.snapshot.index = false (default)
2024-01-29 07:44:06,991 [6a63baba-185f-4694-8c2d-f019df25b76b-PipelineCommandHandlerThread-0] INFO  commandhandler.CreatePipelineCommandHandler (CreatePipelineCommandHandler.java:lambda$handle$2(124)) - Created Pipeline RATIS THREE PipelineID=2db34f74-41c3-4765-9f19-b4fe11273c34.
2024-01-29 07:44:07,005 [92b1878f-5f30-4884-b778-b757b768b8e7-PipelineCommandHandlerThread-0] INFO  server.RaftServer (RaftServerProxy.java:addNew(100)) - 92b1878f-5f30-4884-b778-b757b768b8e7: addNew group-5ABCC74F4ED3:[92b1878f-5f30-4884-b778-b757b768b8e7|10.1.0.7:15379] returns group-5ABCC74F4ED3:java.util.concurrent.CompletableFuture@1912baa8[Not completed]
2024-01-29 07:44:07,005 [92b1878f-5f30-4884-b778-b757b768b8e7-groupManagement] INFO  server.RaftServer$Division (RaftServerImpl.java:<init>(256)) - 92b1878f-5f30-4884-b778-b757b768b8e7: new RaftServerImpl for group-5ABCC74F4ED3:[92b1878f-5f30-4884-b778-b757b768b8e7|10.1.0.7:15379] with ContainerStateMachine:uninitialized
2024-01-29 07:44:07,005 [92b1878f-5f30-4884-b778-b757b768b8e7-groupManagement] INFO  server.RaftServerConfigKeys (ConfUtils.java:logGet(46)) - raft.server.rpc.timeout.min = 5s (custom)
2024-01-29 07:44:07,005 [92b1878f-5f30-4884-b778-b757b768b8e7-groupManagement] INFO  server.RaftServerConfigKeys (ConfUtils.java:logGet(46)) - raft.server.rpc.timeout.max = 5200ms (custom)
2024-01-29 07:44:07,005 [92b1878f-5f30-4884-b778-b757b768b8e7-groupManagement] INFO  server.RaftServerConfigKeys (ConfUtils.java:logGet(46)) - raft.server.rpc.sleep.time = 25ms (default)
2024-01-29 07:44:07,005 [92b1878f-5f30-4884-b778-b757b768b8e7-groupManagement] INFO  server.RaftServerConfigKeys (ConfUtils.java:logGet(46)) - raft.server.rpc.slowness.timeout = 300000ms (custom)
2024-01-29 07:44:07,005 [92b1878f-5f30-4884-b778-b757b768b8e7-groupManagement] INFO  server.RaftServerConfigKeys (ConfUtils.java:logGet(46)) - raft.server.leaderelection.leader.step-down.wait-time = 10s (default)
2024-01-29 07:44:07,005 [92b1878f-5f30-4884-b778-b757b768b8e7-groupManagement] INFO  server.RaftServerConfigKeys (ConfUtils.java:logGet(46)) - raft.server.leaderelection.member.majority-add = false (default)
2024-01-29 07:44:07,005 [92b1878f-5f30-4884-b778-b757b768b8e7-groupManagement] INFO  server.RaftServerConfigKeys (ConfUtils.java:logGet(46)) - raft.server.sleep.deviation.threshold = 300ms (default)
2024-01-29 07:44:07,005 [92b1878f-5f30-4884-b778-b757b768b8e7-groupManagement] INFO  server.RaftServer$Division (ServerState.java:<init>(113)) - 92b1878f-5f30-4884-b778-b757b768b8e7@group-5ABCC74F4ED3: ConfigurationManager, init=-1: peers:[92b1878f-5f30-4884-b778-b757b768b8e7|10.1.0.7:15379]|listeners:[], old=null, confs=<EMPTY_MAP>
2024-01-29 07:44:07,005 [92b1878f-5f30-4884-b778-b757b768b8e7-groupManagement] INFO  server.RaftServerConfigKeys (ConfUtils.java:logGet(46)) - raft.server.notification.no-leader.timeout = 300000ms (custom)
2024-01-29 07:44:07,006 [92b1878f-5f30-4884-b778-b757b768b8e7-groupManagement] INFO  server.RaftServerConfigKeys (ConfUtils.java:logGet(46)) - raft.server.read.timeout = 10s (default)
2024-01-29 07:44:07,006 [92b1878f-5f30-4884-b778-b757b768b8e7-groupManagement] INFO  server.RaftServerConfigKeys (ConfUtils.java:logGet(46)) - raft.server.retrycache.expirytime = 600000ms (custom)
2024-01-29 07:44:07,006 [92b1878f-5f30-4884-b778-b757b768b8e7-groupManagement] INFO  server.RaftServerConfigKeys (ConfUtils.java:logGet(46)) - raft.server.retrycache.statistics.expirytime = 100ms (default)
2024-01-29 07:44:07,006 [92b1878f-5f30-4884-b778-b757b768b8e7-groupManagement] INFO  server.RaftServerConfigKeys (ConfUtils.java:logGet(46)) - raft.server.read.option = DEFAULT (default)
2024-01-29 07:44:07,006 [92b1878f-5f30-4884-b778-b757b768b8e7-groupManagement] INFO  server.RaftServerConfigKeys (ConfUtils.java:logGet(46)) - raft.server.read.read-after-write-consistent.write-index-cache.expiry-time = 60s (default)
2024-01-29 07:44:07,007 [92b1878f-5f30-4884-b778-b757b768b8e7-groupManagement] INFO  server.RaftServerConfigKeys (ConfUtils.java:logGet(46)) - raft.server.rpc.request.timeout = 3000ms (default)
2024-01-29 07:44:07,007 [92b1878f-5f30-4884-b778-b757b768b8e7-groupManagement] INFO  server.RaftServerConfigKeys (ConfUtils.java:logGet(46)) - raft.server.log.appender.install.snapshot.enabled = false (custom)
2024-01-29 07:44:07,007 [92b1878f-5f30-4884-b778-b757b768b8e7-groupManagement] INFO  server.RaftServerConfigKeys (ConfUtils.java:logGet(46)) - raft.server.threadpool.server.cached = true (default)
2024-01-29 07:44:07,007 [92b1878f-5f30-4884-b778-b757b768b8e7-groupManagement] INFO  server.RaftServerConfigKeys (ConfUtils.java:logGet(46)) - raft.server.threadpool.server.size = 0 (default)
2024-01-29 07:44:07,007 [92b1878f-5f30-4884-b778-b757b768b8e7-groupManagement] INFO  server.RaftServerConfigKeys (ConfUtils.java:logGet(46)) - raft.server.threadpool.client.cached = true (default)
2024-01-29 07:44:07,007 [92b1878f-5f30-4884-b778-b757b768b8e7-groupManagement] INFO  server.RaftServerConfigKeys (ConfUtils.java:logGet(46)) - raft.server.threadpool.client.size = 0 (default)
2024-01-29 07:44:07,007 [92b1878f-5f30-4884-b778-b757b768b8e7-groupManagement] INFO  server.RaftServerConfigKeys (ConfUtils.java:logGet(46)) - raft.server.storage.free-space.min = 0MB (=0) (default)
2024-01-29 07:44:07,007 [92b1878f-5f30-4884-b778-b757b768b8e7-groupManagement] INFO  server.RaftServerConfigKeys (ConfUtils.java:logGet(46)) - raft.server.log.corruption.policy = EXCEPTION (default)
2024-01-29 07:44:07,007 [92b1878f-5f30-4884-b778-b757b768b8e7-groupManagement] INFO  server.RaftServerConfigKeys (ConfUtils.java:logGet(46)) - raft.server.storage.dir = [/home/runner/work/ozone/ozone/hadoop-ozone/integration-test/target/test-dir/MiniOzoneClusterImpl-4c098651-5741-4b11-9e36-c6ca8da28866/datanode-1/data/ratis] (custom)
2024-01-29 07:44:07,007 [92b1878f-5f30-4884-b778-b757b768b8e7-groupManagement] INFO  storage.RaftStorageDirectory (RaftStorageDirectoryImpl.java:analyzeStorage(138)) - The storage directory /home/runner/work/ozone/ozone/hadoop-ozone/integration-test/target/test-dir/MiniOzoneClusterImpl-4c098651-5741-4b11-9e36-c6ca8da28866/datanode-1/data/ratis/71dff587-af35-413e-bb32-5abcc74f4ed3 does not exist. Creating ...
2024-01-29 07:44:07,008 [92b1878f-5f30-4884-b778-b757b768b8e7-groupManagement] INFO  storage.RaftStorageDirectory (RaftStorageDirectoryImpl.java:tryLock(228)) - Lock on /home/runner/work/ozone/ozone/hadoop-ozone/integration-test/target/test-dir/MiniOzoneClusterImpl-4c098651-5741-4b11-9e36-c6ca8da28866/datanode-1/data/ratis/71dff587-af35-413e-bb32-5abcc74f4ed3/in_use.lock acquired by nodename 37616@fv-az571-724
2024-01-29 07:44:07,009 [92b1878f-5f30-4884-b778-b757b768b8e7-groupManagement] INFO  storage.RaftStorage (RaftStorageImpl.java:format(99)) - Storage directory /home/runner/work/ozone/ozone/hadoop-ozone/integration-test/target/test-dir/MiniOzoneClusterImpl-4c098651-5741-4b11-9e36-c6ca8da28866/datanode-1/data/ratis/71dff587-af35-413e-bb32-5abcc74f4ed3 has been successfully formatted.
2024-01-29 07:44:07,009 [92b1878f-5f30-4884-b778-b757b768b8e7-groupManagement] WARN  util.FileUtils (LogUtils.java:supplyAndLog(63)) - Failed to Files.newInputStream /home/runner/work/ozone/ozone/hadoop-ozone/integration-test/target/test-dir/MiniOzoneClusterImpl-4c098651-5741-4b11-9e36-c6ca8da28866/datanode-1/data/ratis/71dff587-af35-413e-bb32-5abcc74f4ed3/current/raft-meta.conf with options []: java.nio.file.NoSuchFileException: /home/runner/work/ozone/ozone/hadoop-ozone/integration-test/target/test-dir/MiniOzoneClusterImpl-4c098651-5741-4b11-9e36-c6ca8da28866/datanode-1/data/ratis/71dff587-af35-413e-bb32-5abcc74f4ed3/current/raft-meta.conf
2024-01-29 07:44:07,009 [92b1878f-5f30-4884-b778-b757b768b8e7-groupManagement] INFO  ratis.ContainerStateMachine (ContainerStateMachine.java:loadSnapshot(287)) - group-5ABCC74F4ED3: The snapshot info is null. Setting the last applied index to:(t:0, i:~)
2024-01-29 07:44:07,009 [92b1878f-5f30-4884-b778-b757b768b8e7-groupManagement] INFO  server.RaftServerConfigKeys (ConfUtils.java:logGet(46)) - raft.server.log.use.memory = false (default)
2024-01-29 07:44:07,009 [92b1878f-5f30-4884-b778-b757b768b8e7-groupManagement] INFO  server.RaftServerConfigKeys (ConfUtils.java:logGet(46)) - raft.server.log.purge.gap = 1000000 (custom)
2024-01-29 07:44:07,009 [92b1878f-5f30-4884-b778-b757b768b8e7-groupManagement] INFO  server.RaftServerConfigKeys (ConfUtils.java:logGet(46)) - raft.server.log.appender.buffer.byte-limit = 8388608 (custom)
2024-01-29 07:44:07,009 [92b1878f-5f30-4884-b778-b757b768b8e7-groupManagement] INFO  server.RaftServerConfigKeys (ConfUtils.java:logGet(46)) - raft.server.log.statemachine.data.read.timeout = 1000ms (default)
2024-01-29 07:44:07,009 [92b1878f-5f30-4884-b778-b757b768b8e7-groupManagement] INFO  server.RaftServerConfigKeys (ConfUtils.java:logGet(46)) - raft.server.log.purge.preservation.log.num = 0 (default)
2024-01-29 07:44:07,010 [EventQueue-PipelineReportForPipelineReportHandler] INFO  pipeline.PipelineReportHandler (PipelineReportHandler.java:processPipelineReport(136)) - Opened pipeline PipelineID=71dff587-af35-413e-bb32-5abcc74f4ed3
2024-01-29 07:44:07,010 [EventQueue-OpenPipelineForHealthyPipelineSafeModeRule] INFO  safemode.SCMSafeModeManager (HealthyPipelineSafeModeRule.java:process(140)) - SCM in safe mode. Healthy pipelines reported count is 0, required healthy pipeline reported count is 1
2024-01-29 07:44:07,011 [92b1878f-5f30-4884-b778-b757b768b8e7-groupManagement] INFO  server.RaftServerConfigKeys (ConfUtils.java:logGet(46)) - raft.server.log.segment.size.max = 67108864 (custom)
2024-01-29 07:44:07,011 [92b1878f-5f30-4884-b778-b757b768b8e7-groupManagement] INFO  server.RaftServerConfigKeys (ConfUtils.java:logGet(46)) - raft.server.log.segment.cache.num.max = 2 (custom)
2024-01-29 07:44:07,011 [92b1878f-5f30-4884-b778-b757b768b8e7-groupManagement] INFO  server.RaftServerConfigKeys (ConfUtils.java:logGet(46)) - raft.server.log.segment.cache.size.max = 200MB (=209715200) (default)
2024-01-29 07:44:07,011 [92b1878f-5f30-4884-b778-b757b768b8e7-groupManagement] INFO  server.RaftServerConfigKeys (ConfUtils.java:logGet(46)) - raft.server.log.appender.buffer.byte-limit = 8388608 (custom)
2024-01-29 07:44:07,011 [92b1878f-5f30-4884-b778-b757b768b8e7-groupManagement] INFO  util.AwaitToRun (AwaitToRun.java:start(81)) - Thread[92b1878f-5f30-4884-b778-b757b768b8e7@group-5ABCC74F4ED3-cacheEviction-AwaitToRun,5,main] started
2024-01-29 07:44:07,011 [92b1878f-5f30-4884-b778-b757b768b8e7-groupManagement] INFO  segmented.SegmentedRaftLogWorker (SegmentedRaftLogWorker.java:<init>(182)) - new 92b1878f-5f30-4884-b778-b757b768b8e7@group-5ABCC74F4ED3-SegmentedRaftLogWorker for RaftStorageImpl:Storage Directory /home/runner/work/ozone/ozone/hadoop-ozone/integration-test/target/test-dir/MiniOzoneClusterImpl-4c098651-5741-4b11-9e36-c6ca8da28866/datanode-1/data/ratis/71dff587-af35-413e-bb32-5abcc74f4ed3
2024-01-29 07:44:07,011 [92b1878f-5f30-4884-b778-b757b768b8e7-groupManagement] INFO  server.RaftServerConfigKeys (ConfUtils.java:logGet(46)) - raft.server.log.queue.byte-limit = 4294967296 (custom)
2024-01-29 07:44:07,011 [92b1878f-5f30-4884-b778-b757b768b8e7-groupManagement] INFO  server.RaftServerConfigKeys (ConfUtils.java:logGet(46)) - raft.server.log.queue.element-limit = 1024 (custom)
2024-01-29 07:44:07,011 [92b1878f-5f30-4884-b778-b757b768b8e7-groupManagement] INFO  server.RaftServerConfigKeys (ConfUtils.java:logGet(46)) - raft.server.log.segment.size.max = 67108864 (custom)
2024-01-29 07:44:07,011 [92b1878f-5f30-4884-b778-b757b768b8e7-groupManagement] INFO  server.RaftServerConfigKeys (ConfUtils.java:logGet(46)) - raft.server.log.preallocated.size = 4194304 (custom)
2024-01-29 07:44:07,011 [92b1878f-5f30-4884-b778-b757b768b8e7-groupManagement] INFO  server.RaftServerConfigKeys (ConfUtils.java:logGet(46)) - raft.server.log.force.sync.num = 128 (default)
2024-01-29 07:44:07,011 [92b1878f-5f30-4884-b778-b757b768b8e7-groupManagement] INFO  server.RaftServerConfigKeys (ConfUtils.java:logGet(46)) - raft.server.log.statemachine.data.sync = true (default)
2024-01-29 07:44:07,011 [92b1878f-5f30-4884-b778-b757b768b8e7-groupManagement] INFO  server.RaftServerConfigKeys (ConfUtils.java:logGet(46)) - raft.server.log.statemachine.data.sync.timeout = 10s (default)
2024-01-29 07:44:07,011 [92b1878f-5f30-4884-b778-b757b768b8e7-groupManagement] INFO  server.RaftServerConfigKeys (ConfUtils.java:logGet(46)) - raft.server.log.statemachine.data.sync.timeout.retry = 0 (custom)
2024-01-29 07:44:07,011 [92b1878f-5f30-4884-b778-b757b768b8e7-groupManagement] INFO  server.RaftServerConfigKeys (ConfUtils.java:logGet(46)) - raft.server.log.write.buffer.size = 8388616 (custom)
2024-01-29 07:44:07,013 [92b1878f-5f30-4884-b778-b757b768b8e7-groupManagement] INFO  server.RaftServerConfigKeys (ConfUtils.java:logGet(46)) - raft.server.log.appender.buffer.byte-limit = 8388608 (custom)
2024-01-29 07:44:07,013 [92b1878f-5f30-4884-b778-b757b768b8e7-groupManagement] INFO  server.RaftServerConfigKeys (ConfUtils.java:logGet(46)) - raft.server.log.unsafe-flush.enabled = false (default)
2024-01-29 07:44:07,013 [92b1878f-5f30-4884-b778-b757b768b8e7-groupManagement] INFO  server.RaftServerConfigKeys (ConfUtils.java:logGet(46)) - raft.server.log.async-flush.enabled = false (default)
2024-01-29 07:44:07,013 [92b1878f-5f30-4884-b778-b757b768b8e7-groupManagement] INFO  server.RaftServerConfigKeys (ConfUtils.java:logGet(46)) - raft.server.log.statemachine.data.caching.enabled = true (custom)
2024-01-29 07:44:07,013 [92b1878f-5f30-4884-b778-b757b768b8e7-groupManagement] INFO  segmented.SegmentedRaftLogWorker (SegmentedRaftLogWorker.java:lambda$new$0(134)) - 92b1878f-5f30-4884-b778-b757b768b8e7@group-5ABCC74F4ED3-SegmentedRaftLogWorker: flushIndex: setUnconditionally 0 -> -1
2024-01-29 07:44:07,013 [92b1878f-5f30-4884-b778-b757b768b8e7-groupManagement] INFO  segmented.SegmentedRaftLogWorker (SegmentedRaftLogWorker.java:lambda$new$0(134)) - 92b1878f-5f30-4884-b778-b757b768b8e7@group-5ABCC74F4ED3-SegmentedRaftLogWorker: safeCacheEvictIndex: setUnconditionally 0 -> -1
2024-01-29 07:44:07,013 [92b1878f-5f30-4884-b778-b757b768b8e7-groupManagement] INFO  server.RaftServer$Division (RaftServerImpl.java:start(396)) - 92b1878f-5f30-4884-b778-b757b768b8e7@group-5ABCC74F4ED3: start as a follower, conf=-1: peers:[92b1878f-5f30-4884-b778-b757b768b8e7|10.1.0.7:15379]|listeners:[], old=null
2024-01-29 07:44:07,013 [92b1878f-5f30-4884-b778-b757b768b8e7-groupManagement] INFO  server.RaftServer$Division (RaftServerImpl.java:setRole(383)) - 92b1878f-5f30-4884-b778-b757b768b8e7@group-5ABCC74F4ED3: changes role from      null to FOLLOWER at term 0 for startAsFollower
2024-01-29 07:44:07,013 [92b1878f-5f30-4884-b778-b757b768b8e7-groupManagement] INFO  impl.RoleInfo (RoleInfo.java:updateAndGet(139)) - 92b1878f-5f30-4884-b778-b757b768b8e7: start 92b1878f-5f30-4884-b778-b757b768b8e7@group-5ABCC74F4ED3-FollowerState
2024-01-29 07:44:07,014 [92b1878f-5f30-4884-b778-b757b768b8e7@group-5ABCC74F4ED3-FollowerState] INFO  server.RaftServerConfigKeys (ConfUtils.java:logFallback(53)) - raft.server.rpc.first-election.timeout.min = 5s (fallback to raft.server.rpc.timeout.min)
2024-01-29 07:44:07,014 [92b1878f-5f30-4884-b778-b757b768b8e7-groupManagement] INFO  util.JmxRegister (JmxRegister.java:tryRegister(44)) - Successfully registered JMX Bean with object name Ratis:service=RaftServer,group=group-5ABCC74F4ED3,id=92b1878f-5f30-4884-b778-b757b768b8e7
2024-01-29 07:44:07,014 [92b1878f-5f30-4884-b778-b757b768b8e7@group-5ABCC74F4ED3-FollowerState] INFO  server.RaftServerConfigKeys (ConfUtils.java:logFallback(53)) - raft.server.rpc.first-election.timeout.max = 5200ms (fallback to raft.server.rpc.timeout.max)
2024-01-29 07:44:07,014 [92b1878f-5f30-4884-b778-b757b768b8e7-groupManagement] INFO  server.RaftServerConfigKeys (ConfUtils.java:logGet(46)) - raft.server.snapshot.trigger-when-stop.enabled = true (default)
2024-01-29 07:44:07,014 [92b1878f-5f30-4884-b778-b757b768b8e7-groupManagement] INFO  server.RaftServerConfigKeys (ConfUtils.java:logGet(46)) - raft.server.snapshot.auto.trigger.enabled = true (custom)
2024-01-29 07:44:07,014 [92b1878f-5f30-4884-b778-b757b768b8e7-groupManagement] INFO  server.RaftServerConfigKeys (ConfUtils.java:logGet(46)) - raft.server.snapshot.auto.trigger.threshold = 10000 (custom)
2024-01-29 07:44:07,014 [92b1878f-5f30-4884-b778-b757b768b8e7-groupManagement] INFO  server.RaftServerConfigKeys (ConfUtils.java:logGet(46)) - raft.server.snapshot.retention.file.num = 5 (custom)
2024-01-29 07:44:07,014 [92b1878f-5f30-4884-b778-b757b768b8e7-groupManagement] INFO  server.RaftServerConfigKeys (ConfUtils.java:logGet(46)) - raft.server.log.purge.upto.snapshot.index = false (default)
2024-01-29 07:44:07,015 [92b1878f-5f30-4884-b778-b757b768b8e7-PipelineCommandHandlerThread-0] INFO  ratis.XceiverServerRatis (XceiverServerRatis.java:addGroup(864)) - Created group PipelineID=71dff587-af35-413e-bb32-5abcc74f4ed3
2024-01-29 07:44:07,015 [92b1878f-5f30-4884-b778-b757b768b8e7-PipelineCommandHandlerThread-0] INFO  commandhandler.CreatePipelineCommandHandler (CreatePipelineCommandHandler.java:lambda$handle$2(124)) - Created Pipeline RATIS ONE PipelineID=71dff587-af35-413e-bb32-5abcc74f4ed3.
2024-01-29 07:44:07,098 [52eee04e-2e21-4309-a40c-69540fbd71c9-PipelineCommandHandlerThread-0] INFO  server.RaftServer (RaftServerProxy.java:addNew(100)) - 52eee04e-2e21-4309-a40c-69540fbd71c9: addNew group-0EBC06A0053F:[52eee04e-2e21-4309-a40c-69540fbd71c9|10.1.0.7:15388] returns group-0EBC06A0053F:java.util.concurrent.CompletableFuture@aceeaef[Not completed]
2024-01-29 07:44:07,099 [52eee04e-2e21-4309-a40c-69540fbd71c9-groupManagement] INFO  server.RaftServer$Division (RaftServerImpl.java:<init>(256)) - 52eee04e-2e21-4309-a40c-69540fbd71c9: new RaftServerImpl for group-0EBC06A0053F:[52eee04e-2e21-4309-a40c-69540fbd71c9|10.1.0.7:15388] with ContainerStateMachine:uninitialized
2024-01-29 07:44:07,099 [52eee04e-2e21-4309-a40c-69540fbd71c9-groupManagement] INFO  server.RaftServerConfigKeys (ConfUtils.java:logGet(46)) - raft.server.rpc.timeout.min = 5s (custom)
2024-01-29 07:44:07,099 [52eee04e-2e21-4309-a40c-69540fbd71c9-groupManagement] INFO  server.RaftServerConfigKeys (ConfUtils.java:logGet(46)) - raft.server.rpc.timeout.max = 5200ms (custom)
2024-01-29 07:44:07,099 [52eee04e-2e21-4309-a40c-69540fbd71c9-groupManagement] INFO  server.RaftServerConfigKeys (ConfUtils.java:logGet(46)) - raft.server.rpc.sleep.time = 25ms (default)
2024-01-29 07:44:07,099 [52eee04e-2e21-4309-a40c-69540fbd71c9-groupManagement] INFO  server.RaftServerConfigKeys (ConfUtils.java:logGet(46)) - raft.server.rpc.slowness.timeout = 300000ms (custom)
2024-01-29 07:44:07,099 [52eee04e-2e21-4309-a40c-69540fbd71c9-groupManagement] INFO  server.RaftServerConfigKeys (ConfUtils.java:logGet(46)) - raft.server.leaderelection.leader.step-down.wait-time = 10s (default)
2024-01-29 07:44:07,099 [52eee04e-2e21-4309-a40c-69540fbd71c9-groupManagement] INFO  server.RaftServerConfigKeys (ConfUtils.java:logGet(46)) - raft.server.leaderelection.member.majority-add = false (default)
2024-01-29 07:44:07,099 [52eee04e-2e21-4309-a40c-69540fbd71c9-groupManagement] INFO  server.RaftServerConfigKeys (ConfUtils.java:logGet(46)) - raft.server.sleep.deviation.threshold = 300ms (default)
2024-01-29 07:44:07,099 [52eee04e-2e21-4309-a40c-69540fbd71c9-groupManagement] INFO  server.RaftServer$Division (ServerState.java:<init>(113)) - 52eee04e-2e21-4309-a40c-69540fbd71c9@group-0EBC06A0053F: ConfigurationManager, init=-1: peers:[52eee04e-2e21-4309-a40c-69540fbd71c9|10.1.0.7:15388]|listeners:[], old=null, confs=<EMPTY_MAP>
2024-01-29 07:44:07,099 [52eee04e-2e21-4309-a40c-69540fbd71c9-groupManagement] INFO  server.RaftServerConfigKeys (ConfUtils.java:logGet(46)) - raft.server.notification.no-leader.timeout = 300000ms (custom)
2024-01-29 07:44:07,099 [52eee04e-2e21-4309-a40c-69540fbd71c9-groupManagement] INFO  server.RaftServerConfigKeys (ConfUtils.java:logGet(46)) - raft.server.read.timeout = 10s (default)
2024-01-29 07:44:07,099 [52eee04e-2e21-4309-a40c-69540fbd71c9-groupManagement] INFO  server.RaftServerConfigKeys (ConfUtils.java:logGet(46)) - raft.server.retrycache.expirytime = 600000ms (custom)
2024-01-29 07:44:07,099 [52eee04e-2e21-4309-a40c-69540fbd71c9-groupManagement] INFO  server.RaftServerConfigKeys (ConfUtils.java:logGet(46)) - raft.server.retrycache.statistics.expirytime = 100ms (default)
2024-01-29 07:44:07,099 [52eee04e-2e21-4309-a40c-69540fbd71c9-groupManagement] INFO  server.RaftServerConfigKeys (ConfUtils.java:logGet(46)) - raft.server.read.option = DEFAULT (default)
2024-01-29 07:44:07,099 [52eee04e-2e21-4309-a40c-69540fbd71c9-groupManagement] INFO  server.RaftServerConfigKeys (ConfUtils.java:logGet(46)) - raft.server.read.read-after-write-consistent.write-index-cache.expiry-time = 60s (default)
2024-01-29 07:44:07,101 [52eee04e-2e21-4309-a40c-69540fbd71c9-groupManagement] INFO  server.RaftServerConfigKeys (ConfUtils.java:logGet(46)) - raft.server.rpc.request.timeout = 3000ms (default)
2024-01-29 07:44:07,101 [52eee04e-2e21-4309-a40c-69540fbd71c9-groupManagement] INFO  server.RaftServerConfigKeys (ConfUtils.java:logGet(46)) - raft.server.log.appender.install.snapshot.enabled = false (custom)
2024-01-29 07:44:07,101 [52eee04e-2e21-4309-a40c-69540fbd71c9-groupManagement] INFO  server.RaftServerConfigKeys (ConfUtils.java:logGet(46)) - raft.server.threadpool.server.cached = true (default)
2024-01-29 07:44:07,101 [52eee04e-2e21-4309-a40c-69540fbd71c9-groupManagement] INFO  server.RaftServerConfigKeys (ConfUtils.java:logGet(46)) - raft.server.threadpool.server.size = 0 (default)
2024-01-29 07:44:07,101 [52eee04e-2e21-4309-a40c-69540fbd71c9-groupManagement] INFO  server.RaftServerConfigKeys (ConfUtils.java:logGet(46)) - raft.server.threadpool.client.cached = true (default)
2024-01-29 07:44:07,101 [52eee04e-2e21-4309-a40c-69540fbd71c9-groupManagement] INFO  server.RaftServerConfigKeys (ConfUtils.java:logGet(46)) - raft.server.threadpool.client.size = 0 (default)
2024-01-29 07:44:07,101 [52eee04e-2e21-4309-a40c-69540fbd71c9-groupManagement] INFO  server.RaftServerConfigKeys (ConfUtils.java:logGet(46)) - raft.server.storage.free-space.min = 0MB (=0) (default)
2024-01-29 07:44:07,101 [52eee04e-2e21-4309-a40c-69540fbd71c9-groupManagement] INFO  server.RaftServerConfigKeys (ConfUtils.java:logGet(46)) - raft.server.log.corruption.policy = EXCEPTION (default)
2024-01-29 07:44:07,101 [52eee04e-2e21-4309-a40c-69540fbd71c9-groupManagement] INFO  server.RaftServerConfigKeys (ConfUtils.java:logGet(46)) - raft.server.storage.dir = [/home/runner/work/ozone/ozone/hadoop-ozone/integration-test/target/test-dir/MiniOzoneClusterImpl-4c098651-5741-4b11-9e36-c6ca8da28866/datanode-2/data/ratis] (custom)
2024-01-29 07:44:07,102 [52eee04e-2e21-4309-a40c-69540fbd71c9-groupManagement] INFO  storage.RaftStorageDirectory (RaftStorageDirectoryImpl.java:analyzeStorage(138)) - The storage directory /home/runner/work/ozone/ozone/hadoop-ozone/integration-test/target/test-dir/MiniOzoneClusterImpl-4c098651-5741-4b11-9e36-c6ca8da28866/datanode-2/data/ratis/a3fccd0d-ee53-4aff-9e78-0ebc06a0053f does not exist. Creating ...
2024-01-29 07:44:07,102 [52eee04e-2e21-4309-a40c-69540fbd71c9-groupManagement] INFO  storage.RaftStorageDirectory (RaftStorageDirectoryImpl.java:tryLock(228)) - Lock on /home/runner/work/ozone/ozone/hadoop-ozone/integration-test/target/test-dir/MiniOzoneClusterImpl-4c098651-5741-4b11-9e36-c6ca8da28866/datanode-2/data/ratis/a3fccd0d-ee53-4aff-9e78-0ebc06a0053f/in_use.lock acquired by nodename 37616@fv-az571-724
2024-01-29 07:44:07,103 [52eee04e-2e21-4309-a40c-69540fbd71c9-groupManagement] INFO  storage.RaftStorage (RaftStorageImpl.java:format(99)) - Storage directory /home/runner/work/ozone/ozone/hadoop-ozone/integration-test/target/test-dir/MiniOzoneClusterImpl-4c098651-5741-4b11-9e36-c6ca8da28866/datanode-2/data/ratis/a3fccd0d-ee53-4aff-9e78-0ebc06a0053f has been successfully formatted.
2024-01-29 07:44:07,103 [52eee04e-2e21-4309-a40c-69540fbd71c9-groupManagement] WARN  util.FileUtils (LogUtils.java:supplyAndLog(63)) - Failed to Files.newInputStream /home/runner/work/ozone/ozone/hadoop-ozone/integration-test/target/test-dir/MiniOzoneClusterImpl-4c098651-5741-4b11-9e36-c6ca8da28866/datanode-2/data/ratis/a3fccd0d-ee53-4aff-9e78-0ebc06a0053f/current/raft-meta.conf with options []: java.nio.file.NoSuchFileException: /home/runner/work/ozone/ozone/hadoop-ozone/integration-test/target/test-dir/MiniOzoneClusterImpl-4c098651-5741-4b11-9e36-c6ca8da28866/datanode-2/data/ratis/a3fccd0d-ee53-4aff-9e78-0ebc06a0053f/current/raft-meta.conf
2024-01-29 07:44:07,103 [52eee04e-2e21-4309-a40c-69540fbd71c9-groupManagement] INFO  ratis.ContainerStateMachine (ContainerStateMachine.java:loadSnapshot(287)) - group-0EBC06A0053F: The snapshot info is null. Setting the last applied index to:(t:0, i:~)
2024-01-29 07:44:07,103 [52eee04e-2e21-4309-a40c-69540fbd71c9-groupManagement] INFO  server.RaftServerConfigKeys (ConfUtils.java:logGet(46)) - raft.server.log.use.memory = false (default)
2024-01-29 07:44:07,104 [52eee04e-2e21-4309-a40c-69540fbd71c9-groupManagement] INFO  server.RaftServerConfigKeys (ConfUtils.java:logGet(46)) - raft.server.log.purge.gap = 1000000 (custom)
2024-01-29 07:44:07,104 [52eee04e-2e21-4309-a40c-69540fbd71c9-groupManagement] INFO  server.RaftServerConfigKeys (ConfUtils.java:logGet(46)) - raft.server.log.appender.buffer.byte-limit = 8388608 (custom)
2024-01-29 07:44:07,104 [52eee04e-2e21-4309-a40c-69540fbd71c9-groupManagement] INFO  server.RaftServerConfigKeys (ConfUtils.java:logGet(46)) - raft.server.log.statemachine.data.read.timeout = 1000ms (default)
2024-01-29 07:44:07,104 [52eee04e-2e21-4309-a40c-69540fbd71c9-groupManagement] INFO  server.RaftServerConfigKeys (ConfUtils.java:logGet(46)) - raft.server.log.purge.preservation.log.num = 0 (default)
2024-01-29 07:44:07,105 [EventQueue-PipelineReportForPipelineReportHandler] INFO  pipeline.PipelineReportHandler (PipelineReportHandler.java:processPipelineReport(136)) - Opened pipeline PipelineID=a3fccd0d-ee53-4aff-9e78-0ebc06a0053f
2024-01-29 07:44:07,105 [EventQueue-OpenPipelineForHealthyPipelineSafeModeRule] INFO  safemode.SCMSafeModeManager (HealthyPipelineSafeModeRule.java:process(140)) - SCM in safe mode. Healthy pipelines reported count is 0, required healthy pipeline reported count is 1
2024-01-29 07:44:07,105 [52eee04e-2e21-4309-a40c-69540fbd71c9-groupManagement] INFO  server.RaftServerConfigKeys (ConfUtils.java:logGet(46)) - raft.server.log.segment.size.max = 67108864 (custom)
2024-01-29 07:44:07,106 [52eee04e-2e21-4309-a40c-69540fbd71c9-groupManagement] INFO  server.RaftServerConfigKeys (ConfUtils.java:logGet(46)) - raft.server.log.segment.cache.num.max = 2 (custom)
2024-01-29 07:44:07,106 [52eee04e-2e21-4309-a40c-69540fbd71c9-groupManagement] INFO  server.RaftServerConfigKeys (ConfUtils.java:logGet(46)) - raft.server.log.segment.cache.size.max = 200MB (=209715200) (default)
2024-01-29 07:44:07,106 [52eee04e-2e21-4309-a40c-69540fbd71c9-groupManagement] INFO  server.RaftServerConfigKeys (ConfUtils.java:logGet(46)) - raft.server.log.appender.buffer.byte-limit = 8388608 (custom)
2024-01-29 07:44:07,106 [52eee04e-2e21-4309-a40c-69540fbd71c9-groupManagement] INFO  util.AwaitToRun (AwaitToRun.java:start(81)) - Thread[52eee04e-2e21-4309-a40c-69540fbd71c9@group-0EBC06A0053F-cacheEviction-AwaitToRun,5,main] started
2024-01-29 07:44:07,106 [52eee04e-2e21-4309-a40c-69540fbd71c9-groupManagement] INFO  segmented.SegmentedRaftLogWorker (SegmentedRaftLogWorker.java:<init>(182)) - new 52eee04e-2e21-4309-a40c-69540fbd71c9@group-0EBC06A0053F-SegmentedRaftLogWorker for RaftStorageImpl:Storage Directory /home/runner/work/ozone/ozone/hadoop-ozone/integration-test/target/test-dir/MiniOzoneClusterImpl-4c098651-5741-4b11-9e36-c6ca8da28866/datanode-2/data/ratis/a3fccd0d-ee53-4aff-9e78-0ebc06a0053f
2024-01-29 07:44:07,106 [52eee04e-2e21-4309-a40c-69540fbd71c9-groupManagement] INFO  server.RaftServerConfigKeys (ConfUtils.java:logGet(46)) - raft.server.log.queue.byte-limit = 4294967296 (custom)
2024-01-29 07:44:07,106 [52eee04e-2e21-4309-a40c-69540fbd71c9-groupManagement] INFO  server.RaftServerConfigKeys (ConfUtils.java:logGet(46)) - raft.server.log.queue.element-limit = 1024 (custom)
2024-01-29 07:44:07,106 [52eee04e-2e21-4309-a40c-69540fbd71c9-groupManagement] INFO  server.RaftServerConfigKeys (ConfUtils.java:logGet(46)) - raft.server.log.segment.size.max = 67108864 (custom)
2024-01-29 07:44:07,106 [52eee04e-2e21-4309-a40c-69540fbd71c9-groupManagement] INFO  server.RaftServerConfigKeys (ConfUtils.java:logGet(46)) - raft.server.log.preallocated.size = 4194304 (custom)
2024-01-29 07:44:07,106 [52eee04e-2e21-4309-a40c-69540fbd71c9-groupManagement] INFO  server.RaftServerConfigKeys (ConfUtils.java:logGet(46)) - raft.server.log.force.sync.num = 128 (default)
2024-01-29 07:44:07,106 [52eee04e-2e21-4309-a40c-69540fbd71c9-groupManagement] INFO  server.RaftServerConfigKeys (ConfUtils.java:logGet(46)) - raft.server.log.statemachine.data.sync = true (default)
2024-01-29 07:44:07,106 [52eee04e-2e21-4309-a40c-69540fbd71c9-groupManagement] INFO  server.RaftServerConfigKeys (ConfUtils.java:logGet(46)) - raft.server.log.statemachine.data.sync.timeout = 10s (default)
2024-01-29 07:44:07,107 [52eee04e-2e21-4309-a40c-69540fbd71c9-groupManagement] INFO  server.RaftServerConfigKeys (ConfUtils.java:logGet(46)) - raft.server.log.statemachine.data.sync.timeout.retry = 0 (custom)
2024-01-29 07:44:07,107 [52eee04e-2e21-4309-a40c-69540fbd71c9-groupManagement] INFO  server.RaftServerConfigKeys (ConfUtils.java:logGet(46)) - raft.server.log.write.buffer.size = 8388616 (custom)
2024-01-29 07:44:07,109 [52eee04e-2e21-4309-a40c-69540fbd71c9-groupManagement] INFO  server.RaftServerConfigKeys (ConfUtils.java:logGet(46)) - raft.server.log.appender.buffer.byte-limit = 8388608 (custom)
2024-01-29 07:44:07,109 [52eee04e-2e21-4309-a40c-69540fbd71c9-groupManagement] INFO  server.RaftServerConfigKeys (ConfUtils.java:logGet(46)) - raft.server.log.unsafe-flush.enabled = false (default)
2024-01-29 07:44:07,109 [52eee04e-2e21-4309-a40c-69540fbd71c9-groupManagement] INFO  server.RaftServerConfigKeys (ConfUtils.java:logGet(46)) - raft.server.log.async-flush.enabled = false (default)
2024-01-29 07:44:07,109 [52eee04e-2e21-4309-a40c-69540fbd71c9-groupManagement] INFO  server.RaftServerConfigKeys (ConfUtils.java:logGet(46)) - raft.server.log.statemachine.data.caching.enabled = true (custom)
2024-01-29 07:44:07,109 [52eee04e-2e21-4309-a40c-69540fbd71c9-groupManagement] INFO  segmented.SegmentedRaftLogWorker (SegmentedRaftLogWorker.java:lambda$new$0(134)) - 52eee04e-2e21-4309-a40c-69540fbd71c9@group-0EBC06A0053F-SegmentedRaftLogWorker: flushIndex: setUnconditionally 0 -> -1
2024-01-29 07:44:07,110 [52eee04e-2e21-4309-a40c-69540fbd71c9-groupManagement] INFO  segmented.SegmentedRaftLogWorker (SegmentedRaftLogWorker.java:lambda$new$0(134)) - 52eee04e-2e21-4309-a40c-69540fbd71c9@group-0EBC06A0053F-SegmentedRaftLogWorker: safeCacheEvictIndex: setUnconditionally 0 -> -1
2024-01-29 07:44:07,110 [52eee04e-2e21-4309-a40c-69540fbd71c9-groupManagement] INFO  server.RaftServer$Division (RaftServerImpl.java:start(396)) - 52eee04e-2e21-4309-a40c-69540fbd71c9@group-0EBC06A0053F: start as a follower, conf=-1: peers:[52eee04e-2e21-4309-a40c-69540fbd71c9|10.1.0.7:15388]|listeners:[], old=null
2024-01-29 07:44:07,110 [52eee04e-2e21-4309-a40c-69540fbd71c9-groupManagement] INFO  server.RaftServer$Division (RaftServerImpl.java:setRole(383)) - 52eee04e-2e21-4309-a40c-69540fbd71c9@group-0EBC06A0053F: changes role from      null to FOLLOWER at term 0 for startAsFollower
2024-01-29 07:44:07,110 [52eee04e-2e21-4309-a40c-69540fbd71c9-groupManagement] INFO  impl.RoleInfo (RoleInfo.java:updateAndGet(139)) - 52eee04e-2e21-4309-a40c-69540fbd71c9: start 52eee04e-2e21-4309-a40c-69540fbd71c9@group-0EBC06A0053F-FollowerState
2024-01-29 07:44:07,110 [52eee04e-2e21-4309-a40c-69540fbd71c9-groupManagement] INFO  util.JmxRegister (JmxRegister.java:tryRegister(44)) - Successfully registered JMX Bean with object name Ratis:service=RaftServer,group=group-0EBC06A0053F,id=52eee04e-2e21-4309-a40c-69540fbd71c9
2024-01-29 07:44:07,110 [52eee04e-2e21-4309-a40c-69540fbd71c9@group-0EBC06A0053F-FollowerState] INFO  server.RaftServerConfigKeys (ConfUtils.java:logFallback(53)) - raft.server.rpc.first-election.timeout.min = 5s (fallback to raft.server.rpc.timeout.min)
2024-01-29 07:44:07,110 [52eee04e-2e21-4309-a40c-69540fbd71c9-groupManagement] INFO  server.RaftServerConfigKeys (ConfUtils.java:logGet(46)) - raft.server.snapshot.trigger-when-stop.enabled = true (default)
2024-01-29 07:44:07,110 [52eee04e-2e21-4309-a40c-69540fbd71c9-groupManagement] INFO  server.RaftServerConfigKeys (ConfUtils.java:logGet(46)) - raft.server.snapshot.auto.trigger.enabled = true (custom)
2024-01-29 07:44:07,110 [52eee04e-2e21-4309-a40c-69540fbd71c9@group-0EBC06A0053F-FollowerState] INFO  server.RaftServerConfigKeys (ConfUtils.java:logFallback(53)) - raft.server.rpc.first-election.timeout.max = 5200ms (fallback to raft.server.rpc.timeout.max)
2024-01-29 07:44:07,110 [52eee04e-2e21-4309-a40c-69540fbd71c9-groupManagement] INFO  server.RaftServerConfigKeys (ConfUtils.java:logGet(46)) - raft.server.snapshot.auto.trigger.threshold = 10000 (custom)
2024-01-29 07:44:07,111 [52eee04e-2e21-4309-a40c-69540fbd71c9-groupManagement] INFO  server.RaftServerConfigKeys (ConfUtils.java:logGet(46)) - raft.server.snapshot.retention.file.num = 5 (custom)
2024-01-29 07:44:07,111 [52eee04e-2e21-4309-a40c-69540fbd71c9-groupManagement] INFO  server.RaftServerConfigKeys (ConfUtils.java:logGet(46)) - raft.server.log.purge.upto.snapshot.index = false (default)
2024-01-29 07:44:07,112 [52eee04e-2e21-4309-a40c-69540fbd71c9-PipelineCommandHandlerThread-0] INFO  ratis.XceiverServerRatis (XceiverServerRatis.java:addGroup(864)) - Created group PipelineID=a3fccd0d-ee53-4aff-9e78-0ebc06a0053f
2024-01-29 07:44:07,112 [52eee04e-2e21-4309-a40c-69540fbd71c9-PipelineCommandHandlerThread-0] INFO  commandhandler.CreatePipelineCommandHandler (CreatePipelineCommandHandler.java:lambda$handle$2(124)) - Created Pipeline RATIS ONE PipelineID=a3fccd0d-ee53-4aff-9e78-0ebc06a0053f.
2024-01-29 07:44:07,182 [9deec6a2-e137-4b51-9c1f-847336f03f34-PipelineCommandHandlerThread-0] INFO  server.RaftServer (RaftServerProxy.java:addNew(100)) - 9deec6a2-e137-4b51-9c1f-847336f03f34: addNew group-E43B4410FAD9:[9deec6a2-e137-4b51-9c1f-847336f03f34|10.1.0.7:15397] returns group-E43B4410FAD9:java.util.concurrent.CompletableFuture@7305666f[Not completed]
2024-01-29 07:44:07,183 [9deec6a2-e137-4b51-9c1f-847336f03f34-groupManagement] INFO  server.RaftServer$Division (RaftServerImpl.java:<init>(256)) - 9deec6a2-e137-4b51-9c1f-847336f03f34: new RaftServerImpl for group-E43B4410FAD9:[9deec6a2-e137-4b51-9c1f-847336f03f34|10.1.0.7:15397] with ContainerStateMachine:uninitialized
2024-01-29 07:44:07,183 [9deec6a2-e137-4b51-9c1f-847336f03f34-groupManagement] INFO  server.RaftServerConfigKeys (ConfUtils.java:logGet(46)) - raft.server.rpc.timeout.min = 5s (custom)
2024-01-29 07:44:07,183 [9deec6a2-e137-4b51-9c1f-847336f03f34-groupManagement] INFO  server.RaftServerConfigKeys (ConfUtils.java:logGet(46)) - raft.server.rpc.timeout.max = 5200ms (custom)
2024-01-29 07:44:07,183 [9deec6a2-e137-4b51-9c1f-847336f03f34-groupManagement] INFO  server.RaftServerConfigKeys (ConfUtils.java:logGet(46)) - raft.server.rpc.sleep.time = 25ms (default)
2024-01-29 07:44:07,183 [9deec6a2-e137-4b51-9c1f-847336f03f34-groupManagement] INFO  server.RaftServerConfigKeys (ConfUtils.java:logGet(46)) - raft.server.rpc.slowness.timeout = 300000ms (custom)
2024-01-29 07:44:07,183 [9deec6a2-e137-4b51-9c1f-847336f03f34-groupManagement] INFO  server.RaftServerConfigKeys (ConfUtils.java:logGet(46)) - raft.server.leaderelection.leader.step-down.wait-time = 10s (default)
2024-01-29 07:44:07,183 [9deec6a2-e137-4b51-9c1f-847336f03f34-groupManagement] INFO  server.RaftServerConfigKeys (ConfUtils.java:logGet(46)) - raft.server.leaderelection.member.majority-add = false (default)
2024-01-29 07:44:07,183 [9deec6a2-e137-4b51-9c1f-847336f03f34-groupManagement] INFO  server.RaftServerConfigKeys (ConfUtils.java:logGet(46)) - raft.server.sleep.deviation.threshold = 300ms (default)
2024-01-29 07:44:07,184 [9deec6a2-e137-4b51-9c1f-847336f03f34-groupManagement] INFO  server.RaftServer$Division (ServerState.java:<init>(113)) - 9deec6a2-e137-4b51-9c1f-847336f03f34@group-E43B4410FAD9: ConfigurationManager, init=-1: peers:[9deec6a2-e137-4b51-9c1f-847336f03f34|10.1.0.7:15397]|listeners:[], old=null, confs=<EMPTY_MAP>
2024-01-29 07:44:07,184 [9deec6a2-e137-4b51-9c1f-847336f03f34-groupManagement] INFO  server.RaftServerConfigKeys (ConfUtils.java:logGet(46)) - raft.server.notification.no-leader.timeout = 300000ms (custom)
2024-01-29 07:44:07,184 [9deec6a2-e137-4b51-9c1f-847336f03f34-groupManagement] INFO  server.RaftServerConfigKeys (ConfUtils.java:logGet(46)) - raft.server.read.timeout = 10s (default)
2024-01-29 07:44:07,184 [9deec6a2-e137-4b51-9c1f-847336f03f34-groupManagement] INFO  server.RaftServerConfigKeys (ConfUtils.java:logGet(46)) - raft.server.retrycache.expirytime = 600000ms (custom)
2024-01-29 07:44:07,184 [9deec6a2-e137-4b51-9c1f-847336f03f34-groupManagement] INFO  server.RaftServerConfigKeys (ConfUtils.java:logGet(46)) - raft.server.retrycache.statistics.expirytime = 100ms (default)
2024-01-29 07:44:07,184 [9deec6a2-e137-4b51-9c1f-847336f03f34-groupManagement] INFO  server.RaftServerConfigKeys (ConfUtils.java:logGet(46)) - raft.server.read.option = DEFAULT (default)
2024-01-29 07:44:07,184 [9deec6a2-e137-4b51-9c1f-847336f03f34-groupManagement] INFO  server.RaftServerConfigKeys (ConfUtils.java:logGet(46)) - raft.server.read.read-after-write-consistent.write-index-cache.expiry-time = 60s (default)
2024-01-29 07:44:07,186 [9deec6a2-e137-4b51-9c1f-847336f03f34-groupManagement] INFO  server.RaftServerConfigKeys (ConfUtils.java:logGet(46)) - raft.server.rpc.request.timeout = 3000ms (default)
2024-01-29 07:44:07,186 [9deec6a2-e137-4b51-9c1f-847336f03f34-groupManagement] INFO  server.RaftServerConfigKeys (ConfUtils.java:logGet(46)) - raft.server.log.appender.install.snapshot.enabled = false (custom)
2024-01-29 07:44:07,186 [9deec6a2-e137-4b51-9c1f-847336f03f34-groupManagement] INFO  server.RaftServerConfigKeys (ConfUtils.java:logGet(46)) - raft.server.threadpool.server.cached = true (default)
2024-01-29 07:44:07,186 [9deec6a2-e137-4b51-9c1f-847336f03f34-groupManagement] INFO  server.RaftServerConfigKeys (ConfUtils.java:logGet(46)) - raft.server.threadpool.server.size = 0 (default)
2024-01-29 07:44:07,186 [9deec6a2-e137-4b51-9c1f-847336f03f34-groupManagement] INFO  server.RaftServerConfigKeys (ConfUtils.java:logGet(46)) - raft.server.threadpool.client.cached = true (default)
2024-01-29 07:44:07,186 [9deec6a2-e137-4b51-9c1f-847336f03f34-groupManagement] INFO  server.RaftServerConfigKeys (ConfUtils.java:logGet(46)) - raft.server.threadpool.client.size = 0 (default)
2024-01-29 07:44:07,186 [9deec6a2-e137-4b51-9c1f-847336f03f34-groupManagement] INFO  server.RaftServerConfigKeys (ConfUtils.java:logGet(46)) - raft.server.storage.free-space.min = 0MB (=0) (default)
2024-01-29 07:44:07,186 [9deec6a2-e137-4b51-9c1f-847336f03f34-groupManagement] INFO  server.RaftServerConfigKeys (ConfUtils.java:logGet(46)) - raft.server.log.corruption.policy = EXCEPTION (default)
2024-01-29 07:44:07,186 [9deec6a2-e137-4b51-9c1f-847336f03f34-groupManagement] INFO  server.RaftServerConfigKeys (ConfUtils.java:logGet(46)) - raft.server.storage.dir = [/home/runner/work/ozone/ozone/hadoop-ozone/integration-test/target/test-dir/MiniOzoneClusterImpl-4c098651-5741-4b11-9e36-c6ca8da28866/datanode-3/data/ratis] (custom)
2024-01-29 07:44:07,187 [9deec6a2-e137-4b51-9c1f-847336f03f34-groupManagement] INFO  storage.RaftStorageDirectory (RaftStorageDirectoryImpl.java:analyzeStorage(138)) - The storage directory /home/runner/work/ozone/ozone/hadoop-ozone/integration-test/target/test-dir/MiniOzoneClusterImpl-4c098651-5741-4b11-9e36-c6ca8da28866/datanode-3/data/ratis/601360ce-1782-4491-b09d-e43b4410fad9 does not exist. Creating ...
2024-01-29 07:44:07,188 [9deec6a2-e137-4b51-9c1f-847336f03f34-groupManagement] INFO  storage.RaftStorageDirectory (RaftStorageDirectoryImpl.java:tryLock(228)) - Lock on /home/runner/work/ozone/ozone/hadoop-ozone/integration-test/target/test-dir/MiniOzoneClusterImpl-4c098651-5741-4b11-9e36-c6ca8da28866/datanode-3/data/ratis/601360ce-1782-4491-b09d-e43b4410fad9/in_use.lock acquired by nodename 37616@fv-az571-724
2024-01-29 07:44:07,188 [9deec6a2-e137-4b51-9c1f-847336f03f34-groupManagement] INFO  storage.RaftStorage (RaftStorageImpl.java:format(99)) - Storage directory /home/runner/work/ozone/ozone/hadoop-ozone/integration-test/target/test-dir/MiniOzoneClusterImpl-4c098651-5741-4b11-9e36-c6ca8da28866/datanode-3/data/ratis/601360ce-1782-4491-b09d-e43b4410fad9 has been successfully formatted.
2024-01-29 07:44:07,189 [9deec6a2-e137-4b51-9c1f-847336f03f34-groupManagement] WARN  util.FileUtils (LogUtils.java:supplyAndLog(63)) - Failed to Files.newInputStream /home/runner/work/ozone/ozone/hadoop-ozone/integration-test/target/test-dir/MiniOzoneClusterImpl-4c098651-5741-4b11-9e36-c6ca8da28866/datanode-3/data/ratis/601360ce-1782-4491-b09d-e43b4410fad9/current/raft-meta.conf with options []: java.nio.file.NoSuchFileException: /home/runner/work/ozone/ozone/hadoop-ozone/integration-test/target/test-dir/MiniOzoneClusterImpl-4c098651-5741-4b11-9e36-c6ca8da28866/datanode-3/data/ratis/601360ce-1782-4491-b09d-e43b4410fad9/current/raft-meta.conf
2024-01-29 07:44:07,190 [9deec6a2-e137-4b51-9c1f-847336f03f34-groupManagement] INFO  ratis.ContainerStateMachine (ContainerStateMachine.java:loadSnapshot(287)) - group-E43B4410FAD9: The snapshot info is null. Setting the last applied index to:(t:0, i:~)
2024-01-29 07:44:07,190 [9deec6a2-e137-4b51-9c1f-847336f03f34-groupManagement] INFO  server.RaftServerConfigKeys (ConfUtils.java:logGet(46)) - raft.server.log.use.memory = false (default)
2024-01-29 07:44:07,190 [9deec6a2-e137-4b51-9c1f-847336f03f34-groupManagement] INFO  server.RaftServerConfigKeys (ConfUtils.java:logGet(46)) - raft.server.log.purge.gap = 1000000 (custom)
2024-01-29 07:44:07,190 [9deec6a2-e137-4b51-9c1f-847336f03f34-groupManagement] INFO  server.RaftServerConfigKeys (ConfUtils.java:logGet(46)) - raft.server.log.appender.buffer.byte-limit = 8388608 (custom)
2024-01-29 07:44:07,190 [9deec6a2-e137-4b51-9c1f-847336f03f34-groupManagement] INFO  server.RaftServerConfigKeys (ConfUtils.java:logGet(46)) - raft.server.log.statemachine.data.read.timeout = 1000ms (default)
2024-01-29 07:44:07,190 [9deec6a2-e137-4b51-9c1f-847336f03f34-groupManagement] INFO  server.RaftServerConfigKeys (ConfUtils.java:logGet(46)) - raft.server.log.purge.preservation.log.num = 0 (default)
2024-01-29 07:44:07,191 [EventQueue-PipelineReportForPipelineReportHandler] INFO  pipeline.PipelineReportHandler (PipelineReportHandler.java:processPipelineReport(136)) - Opened pipeline PipelineID=601360ce-1782-4491-b09d-e43b4410fad9
2024-01-29 07:44:07,191 [EventQueue-OpenPipelineForHealthyPipelineSafeModeRule] INFO  safemode.SCMSafeModeManager (HealthyPipelineSafeModeRule.java:process(140)) - SCM in safe mode. Healthy pipelines reported count is 0, required healthy pipeline reported count is 1
2024-01-29 07:44:07,192 [9deec6a2-e137-4b51-9c1f-847336f03f34-groupManagement] INFO  server.RaftServerConfigKeys (ConfUtils.java:logGet(46)) - raft.server.log.segment.size.max = 67108864 (custom)
2024-01-29 07:44:07,192 [9deec6a2-e137-4b51-9c1f-847336f03f34-groupManagement] INFO  server.RaftServerConfigKeys (ConfUtils.java:logGet(46)) - raft.server.log.segment.cache.num.max = 2 (custom)
2024-01-29 07:44:07,192 [9deec6a2-e137-4b51-9c1f-847336f03f34-groupManagement] INFO  server.RaftServerConfigKeys (ConfUtils.java:logGet(46)) - raft.server.log.segment.cache.size.max = 200MB (=209715200) (default)
2024-01-29 07:44:07,192 [9deec6a2-e137-4b51-9c1f-847336f03f34-groupManagement] INFO  server.RaftServerConfigKeys (ConfUtils.java:logGet(46)) - raft.server.log.appender.buffer.byte-limit = 8388608 (custom)
2024-01-29 07:44:07,192 [9deec6a2-e137-4b51-9c1f-847336f03f34-groupManagement] INFO  util.AwaitToRun (AwaitToRun.java:start(81)) - Thread[9deec6a2-e137-4b51-9c1f-847336f03f34@group-E43B4410FAD9-cacheEviction-AwaitToRun,5,main] started
2024-01-29 07:44:07,192 [9deec6a2-e137-4b51-9c1f-847336f03f34-groupManagement] INFO  segmented.SegmentedRaftLogWorker (SegmentedRaftLogWorker.java:<init>(182)) - new 9deec6a2-e137-4b51-9c1f-847336f03f34@group-E43B4410FAD9-SegmentedRaftLogWorker for RaftStorageImpl:Storage Directory /home/runner/work/ozone/ozone/hadoop-ozone/integration-test/target/test-dir/MiniOzoneClusterImpl-4c098651-5741-4b11-9e36-c6ca8da28866/datanode-3/data/ratis/601360ce-1782-4491-b09d-e43b4410fad9
2024-01-29 07:44:07,192 [9deec6a2-e137-4b51-9c1f-847336f03f34-groupManagement] INFO  server.RaftServerConfigKeys (ConfUtils.java:logGet(46)) - raft.server.log.queue.byte-limit = 4294967296 (custom)
2024-01-29 07:44:07,192 [9deec6a2-e137-4b51-9c1f-847336f03f34-groupManagement] INFO  server.RaftServerConfigKeys (ConfUtils.java:logGet(46)) - raft.server.log.queue.element-limit = 1024 (custom)
2024-01-29 07:44:07,192 [9deec6a2-e137-4b51-9c1f-847336f03f34-groupManagement] INFO  server.RaftServerConfigKeys (ConfUtils.java:logGet(46)) - raft.server.log.segment.size.max = 67108864 (custom)
2024-01-29 07:44:07,192 [9deec6a2-e137-4b51-9c1f-847336f03f34-groupManagement] INFO  server.RaftServerConfigKeys (ConfUtils.java:logGet(46)) - raft.server.log.preallocated.size = 4194304 (custom)
2024-01-29 07:44:07,193 [9deec6a2-e137-4b51-9c1f-847336f03f34-groupManagement] INFO  server.RaftServerConfigKeys (ConfUtils.java:logGet(46)) - raft.server.log.force.sync.num = 128 (default)
2024-01-29 07:44:07,193 [9deec6a2-e137-4b51-9c1f-847336f03f34-groupManagement] INFO  server.RaftServerConfigKeys (ConfUtils.java:logGet(46)) - raft.server.log.statemachine.data.sync = true (default)
2024-01-29 07:44:07,193 [9deec6a2-e137-4b51-9c1f-847336f03f34-groupManagement] INFO  server.RaftServerConfigKeys (ConfUtils.java:logGet(46)) - raft.server.log.statemachine.data.sync.timeout = 10s (default)
2024-01-29 07:44:07,193 [9deec6a2-e137-4b51-9c1f-847336f03f34-groupManagement] INFO  server.RaftServerConfigKeys (ConfUtils.java:logGet(46)) - raft.server.log.statemachine.data.sync.timeout.retry = 0 (custom)
2024-01-29 07:44:07,193 [9deec6a2-e137-4b51-9c1f-847336f03f34-groupManagement] INFO  server.RaftServerConfigKeys (ConfUtils.java:logGet(46)) - raft.server.log.write.buffer.size = 8388616 (custom)
2024-01-29 07:44:07,194 [9deec6a2-e137-4b51-9c1f-847336f03f34-groupManagement] INFO  server.RaftServerConfigKeys (ConfUtils.java:logGet(46)) - raft.server.log.appender.buffer.byte-limit = 8388608 (custom)
2024-01-29 07:44:07,194 [9deec6a2-e137-4b51-9c1f-847336f03f34-groupManagement] INFO  server.RaftServerConfigKeys (ConfUtils.java:logGet(46)) - raft.server.log.unsafe-flush.enabled = false (default)
2024-01-29 07:44:07,195 [9deec6a2-e137-4b51-9c1f-847336f03f34-groupManagement] INFO  server.RaftServerConfigKeys (ConfUtils.java:logGet(46)) - raft.server.log.async-flush.enabled = false (default)
2024-01-29 07:44:07,195 [9deec6a2-e137-4b51-9c1f-847336f03f34-groupManagement] INFO  server.RaftServerConfigKeys (ConfUtils.java:logGet(46)) - raft.server.log.statemachine.data.caching.enabled = true (custom)
2024-01-29 07:44:07,195 [9deec6a2-e137-4b51-9c1f-847336f03f34-groupManagement] INFO  segmented.SegmentedRaftLogWorker (SegmentedRaftLogWorker.java:lambda$new$0(134)) - 9deec6a2-e137-4b51-9c1f-847336f03f34@group-E43B4410FAD9-SegmentedRaftLogWorker: flushIndex: setUnconditionally 0 -> -1
2024-01-29 07:44:07,195 [9deec6a2-e137-4b51-9c1f-847336f03f34-groupManagement] INFO  segmented.SegmentedRaftLogWorker (SegmentedRaftLogWorker.java:lambda$new$0(134)) - 9deec6a2-e137-4b51-9c1f-847336f03f34@group-E43B4410FAD9-SegmentedRaftLogWorker: safeCacheEvictIndex: setUnconditionally 0 -> -1
2024-01-29 07:44:07,195 [9deec6a2-e137-4b51-9c1f-847336f03f34-groupManagement] INFO  server.RaftServer$Division (RaftServerImpl.java:start(396)) - 9deec6a2-e137-4b51-9c1f-847336f03f34@group-E43B4410FAD9: start as a follower, conf=-1: peers:[9deec6a2-e137-4b51-9c1f-847336f03f34|10.1.0.7:15397]|listeners:[], old=null
2024-01-29 07:44:07,195 [9deec6a2-e137-4b51-9c1f-847336f03f34-groupManagement] INFO  server.RaftServer$Division (RaftServerImpl.java:setRole(383)) - 9deec6a2-e137-4b51-9c1f-847336f03f34@group-E43B4410FAD9: changes role from      null to FOLLOWER at term 0 for startAsFollower
2024-01-29 07:44:07,195 [9deec6a2-e137-4b51-9c1f-847336f03f34-groupManagement] INFO  impl.RoleInfo (RoleInfo.java:updateAndGet(139)) - 9deec6a2-e137-4b51-9c1f-847336f03f34: start 9deec6a2-e137-4b51-9c1f-847336f03f34@group-E43B4410FAD9-FollowerState
2024-01-29 07:44:07,195 [9deec6a2-e137-4b51-9c1f-847336f03f34@group-E43B4410FAD9-FollowerState] INFO  server.RaftServerConfigKeys (ConfUtils.java:logFallback(53)) - raft.server.rpc.first-election.timeout.min = 5s (fallback to raft.server.rpc.timeout.min)
2024-01-29 07:44:07,195 [9deec6a2-e137-4b51-9c1f-847336f03f34-groupManagement] INFO  util.JmxRegister (JmxRegister.java:tryRegister(44)) - Successfully registered JMX Bean with object name Ratis:service=RaftServer,group=group-E43B4410FAD9,id=9deec6a2-e137-4b51-9c1f-847336f03f34
2024-01-29 07:44:07,195 [9deec6a2-e137-4b51-9c1f-847336f03f34@group-E43B4410FAD9-FollowerState] INFO  server.RaftServerConfigKeys (ConfUtils.java:logFallback(53)) - raft.server.rpc.first-election.timeout.max = 5200ms (fallback to raft.server.rpc.timeout.max)
2024-01-29 07:44:07,195 [9deec6a2-e137-4b51-9c1f-847336f03f34-groupManagement] INFO  server.RaftServerConfigKeys (ConfUtils.java:logGet(46)) - raft.server.snapshot.trigger-when-stop.enabled = true (default)
2024-01-29 07:44:07,196 [9deec6a2-e137-4b51-9c1f-847336f03f34-groupManagement] INFO  server.RaftServerConfigKeys (ConfUtils.java:logGet(46)) - raft.server.snapshot.auto.trigger.enabled = true (custom)
2024-01-29 07:44:07,196 [9deec6a2-e137-4b51-9c1f-847336f03f34-groupManagement] INFO  server.RaftServerConfigKeys (ConfUtils.java:logGet(46)) - raft.server.snapshot.auto.trigger.threshold = 10000 (custom)
2024-01-29 07:44:07,196 [9deec6a2-e137-4b51-9c1f-847336f03f34-groupManagement] INFO  server.RaftServerConfigKeys (ConfUtils.java:logGet(46)) - raft.server.snapshot.retention.file.num = 5 (custom)
2024-01-29 07:44:07,196 [9deec6a2-e137-4b51-9c1f-847336f03f34-groupManagement] INFO  server.RaftServerConfigKeys (ConfUtils.java:logGet(46)) - raft.server.log.purge.upto.snapshot.index = false (default)
2024-01-29 07:44:07,196 [9deec6a2-e137-4b51-9c1f-847336f03f34-PipelineCommandHandlerThread-0] INFO  ratis.XceiverServerRatis (XceiverServerRatis.java:addGroup(864)) - Created group PipelineID=601360ce-1782-4491-b09d-e43b4410fad9
2024-01-29 07:44:07,196 [9deec6a2-e137-4b51-9c1f-847336f03f34-PipelineCommandHandlerThread-0] INFO  commandhandler.CreatePipelineCommandHandler (CreatePipelineCommandHandler.java:lambda$handle$2(124)) - Created Pipeline RATIS ONE PipelineID=601360ce-1782-4491-b09d-e43b4410fad9.
2024-01-29 07:44:07,197 [9deec6a2-e137-4b51-9c1f-847336f03f34-PipelineCommandHandlerThread-0] INFO  server.RaftServer (RaftServerProxy.java:addNew(100)) - 9deec6a2-e137-4b51-9c1f-847336f03f34: addNew group-B1678F363924:[abb8ef56-980b-44e3-a149-c32b9999de28|10.1.0.7:15415, ae994d2b-07e5-4c7e-bc1d-199b697c7c17|10.1.0.7:15406, 9deec6a2-e137-4b51-9c1f-847336f03f34|10.1.0.7:15397] returns group-B1678F363924:java.util.concurrent.CompletableFuture@773afcd7[Not completed]
2024-01-29 07:44:07,197 [9deec6a2-e137-4b51-9c1f-847336f03f34-groupManagement] INFO  server.RaftServer$Division (RaftServerImpl.java:<init>(256)) - 9deec6a2-e137-4b51-9c1f-847336f03f34: new RaftServerImpl for group-B1678F363924:[abb8ef56-980b-44e3-a149-c32b9999de28|10.1.0.7:15415, ae994d2b-07e5-4c7e-bc1d-199b697c7c17|10.1.0.7:15406, 9deec6a2-e137-4b51-9c1f-847336f03f34|10.1.0.7:15397] with ContainerStateMachine:uninitialized
2024-01-29 07:44:07,197 [9deec6a2-e137-4b51-9c1f-847336f03f34-groupManagement] INFO  server.RaftServerConfigKeys (ConfUtils.java:logGet(46)) - raft.server.rpc.timeout.min = 5s (custom)
2024-01-29 07:44:07,197 [9deec6a2-e137-4b51-9c1f-847336f03f34-groupManagement] INFO  server.RaftServerConfigKeys (ConfUtils.java:logGet(46)) - raft.server.rpc.timeout.max = 5200ms (custom)
2024-01-29 07:44:07,198 [9deec6a2-e137-4b51-9c1f-847336f03f34-groupManagement] INFO  server.RaftServerConfigKeys (ConfUtils.java:logGet(46)) - raft.server.rpc.sleep.time = 25ms (default)
2024-01-29 07:44:07,198 [9deec6a2-e137-4b51-9c1f-847336f03f34-groupManagement] INFO  server.RaftServerConfigKeys (ConfUtils.java:logGet(46)) - raft.server.rpc.slowness.timeout = 300000ms (custom)
2024-01-29 07:44:07,198 [9deec6a2-e137-4b51-9c1f-847336f03f34-groupManagement] INFO  server.RaftServerConfigKeys (ConfUtils.java:logGet(46)) - raft.server.leaderelection.leader.step-down.wait-time = 10s (default)
2024-01-29 07:44:07,198 [9deec6a2-e137-4b51-9c1f-847336f03f34-groupManagement] INFO  server.RaftServerConfigKeys (ConfUtils.java:logGet(46)) - raft.server.leaderelection.member.majority-add = false (default)
2024-01-29 07:44:07,198 [9deec6a2-e137-4b51-9c1f-847336f03f34-groupManagement] INFO  server.RaftServerConfigKeys (ConfUtils.java:logGet(46)) - raft.server.sleep.deviation.threshold = 300ms (default)
2024-01-29 07:44:07,198 [9deec6a2-e137-4b51-9c1f-847336f03f34-groupManagement] INFO  server.RaftServer$Division (ServerState.java:<init>(113)) - 9deec6a2-e137-4b51-9c1f-847336f03f34@group-B1678F363924: ConfigurationManager, init=-1: peers:[abb8ef56-980b-44e3-a149-c32b9999de28|10.1.0.7:15415, ae994d2b-07e5-4c7e-bc1d-199b697c7c17|10.1.0.7:15406, 9deec6a2-e137-4b51-9c1f-847336f03f34|10.1.0.7:15397]|listeners:[], old=null, confs=<EMPTY_MAP>
2024-01-29 07:44:07,198 [9deec6a2-e137-4b51-9c1f-847336f03f34-groupManagement] INFO  server.RaftServerConfigKeys (ConfUtils.java:logGet(46)) - raft.server.notification.no-leader.timeout = 300000ms (custom)
2024-01-29 07:44:07,198 [9deec6a2-e137-4b51-9c1f-847336f03f34-groupManagement] INFO  server.RaftServerConfigKeys (ConfUtils.java:logGet(46)) - raft.server.read.timeout = 10s (default)
2024-01-29 07:44:07,198 [9deec6a2-e137-4b51-9c1f-847336f03f34-groupManagement] INFO  server.RaftServerConfigKeys (ConfUtils.java:logGet(46)) - raft.server.retrycache.expirytime = 600000ms (custom)
2024-01-29 07:44:07,198 [9deec6a2-e137-4b51-9c1f-847336f03f34-groupManagement] INFO  server.RaftServerConfigKeys (ConfUtils.java:logGet(46)) - raft.server.retrycache.statistics.expirytime = 100ms (default)
2024-01-29 07:44:07,198 [9deec6a2-e137-4b51-9c1f-847336f03f34-groupManagement] INFO  server.RaftServerConfigKeys (ConfUtils.java:logGet(46)) - raft.server.read.option = DEFAULT (default)
2024-01-29 07:44:07,198 [9deec6a2-e137-4b51-9c1f-847336f03f34-groupManagement] INFO  server.RaftServerConfigKeys (ConfUtils.java:logGet(46)) - raft.server.read.read-after-write-consistent.write-index-cache.expiry-time = 60s (default)
2024-01-29 07:44:07,200 [9deec6a2-e137-4b51-9c1f-847336f03f34-groupManagement] INFO  server.RaftServerConfigKeys (ConfUtils.java:logGet(46)) - raft.server.rpc.request.timeout = 3000ms (default)
2024-01-29 07:44:07,200 [9deec6a2-e137-4b51-9c1f-847336f03f34-groupManagement] INFO  server.RaftServerConfigKeys (ConfUtils.java:logGet(46)) - raft.server.log.appender.install.snapshot.enabled = false (custom)
2024-01-29 07:44:07,200 [9deec6a2-e137-4b51-9c1f-847336f03f34-groupManagement] INFO  server.RaftServerConfigKeys (ConfUtils.java:logGet(46)) - raft.server.threadpool.server.cached = true (default)
2024-01-29 07:44:07,200 [9deec6a2-e137-4b51-9c1f-847336f03f34-groupManagement] INFO  server.RaftServerConfigKeys (ConfUtils.java:logGet(46)) - raft.server.threadpool.server.size = 0 (default)
2024-01-29 07:44:07,200 [9deec6a2-e137-4b51-9c1f-847336f03f34-groupManagement] INFO  server.RaftServerConfigKeys (ConfUtils.java:logGet(46)) - raft.server.threadpool.client.cached = true (default)
2024-01-29 07:44:07,200 [9deec6a2-e137-4b51-9c1f-847336f03f34-groupManagement] INFO  server.RaftServerConfigKeys (ConfUtils.java:logGet(46)) - raft.server.threadpool.client.size = 0 (default)
2024-01-29 07:44:07,200 [9deec6a2-e137-4b51-9c1f-847336f03f34-groupManagement] INFO  server.RaftServerConfigKeys (ConfUtils.java:logGet(46)) - raft.server.storage.free-space.min = 0MB (=0) (default)
2024-01-29 07:44:07,200 [9deec6a2-e137-4b51-9c1f-847336f03f34-groupManagement] INFO  server.RaftServerConfigKeys (ConfUtils.java:logGet(46)) - raft.server.log.corruption.policy = EXCEPTION (default)
2024-01-29 07:44:07,200 [9deec6a2-e137-4b51-9c1f-847336f03f34-groupManagement] INFO  server.RaftServerConfigKeys (ConfUtils.java:logGet(46)) - raft.server.storage.dir = [/home/runner/work/ozone/ozone/hadoop-ozone/integration-test/target/test-dir/MiniOzoneClusterImpl-4c098651-5741-4b11-9e36-c6ca8da28866/datanode-3/data/ratis] (custom)
2024-01-29 07:44:07,200 [9deec6a2-e137-4b51-9c1f-847336f03f34-groupManagement] INFO  storage.RaftStorageDirectory (RaftStorageDirectoryImpl.java:analyzeStorage(138)) - The storage directory /home/runner/work/ozone/ozone/hadoop-ozone/integration-test/target/test-dir/MiniOzoneClusterImpl-4c098651-5741-4b11-9e36-c6ca8da28866/datanode-3/data/ratis/3ff0a7ac-1dd7-41e8-9796-b1678f363924 does not exist. Creating ...
2024-01-29 07:44:07,201 [9deec6a2-e137-4b51-9c1f-847336f03f34-groupManagement] INFO  storage.RaftStorageDirectory (RaftStorageDirectoryImpl.java:tryLock(228)) - Lock on /home/runner/work/ozone/ozone/hadoop-ozone/integration-test/target/test-dir/MiniOzoneClusterImpl-4c098651-5741-4b11-9e36-c6ca8da28866/datanode-3/data/ratis/3ff0a7ac-1dd7-41e8-9796-b1678f363924/in_use.lock acquired by nodename 37616@fv-az571-724
2024-01-29 07:44:07,202 [9deec6a2-e137-4b51-9c1f-847336f03f34-groupManagement] INFO  storage.RaftStorage (RaftStorageImpl.java:format(99)) - Storage directory /home/runner/work/ozone/ozone/hadoop-ozone/integration-test/target/test-dir/MiniOzoneClusterImpl-4c098651-5741-4b11-9e36-c6ca8da28866/datanode-3/data/ratis/3ff0a7ac-1dd7-41e8-9796-b1678f363924 has been successfully formatted.
2024-01-29 07:44:07,202 [9deec6a2-e137-4b51-9c1f-847336f03f34-groupManagement] WARN  util.FileUtils (LogUtils.java:supplyAndLog(63)) - Failed to Files.newInputStream /home/runner/work/ozone/ozone/hadoop-ozone/integration-test/target/test-dir/MiniOzoneClusterImpl-4c098651-5741-4b11-9e36-c6ca8da28866/datanode-3/data/ratis/3ff0a7ac-1dd7-41e8-9796-b1678f363924/current/raft-meta.conf with options []: java.nio.file.NoSuchFileException: /home/runner/work/ozone/ozone/hadoop-ozone/integration-test/target/test-dir/MiniOzoneClusterImpl-4c098651-5741-4b11-9e36-c6ca8da28866/datanode-3/data/ratis/3ff0a7ac-1dd7-41e8-9796-b1678f363924/current/raft-meta.conf
2024-01-29 07:44:07,202 [9deec6a2-e137-4b51-9c1f-847336f03f34-groupManagement] INFO  ratis.ContainerStateMachine (ContainerStateMachine.java:loadSnapshot(287)) - group-B1678F363924: The snapshot info is null. Setting the last applied index to:(t:0, i:~)
2024-01-29 07:44:07,203 [9deec6a2-e137-4b51-9c1f-847336f03f34-groupManagement] INFO  server.RaftServerConfigKeys (ConfUtils.java:logGet(46)) - raft.server.log.use.memory = false (default)
2024-01-29 07:44:07,203 [9deec6a2-e137-4b51-9c1f-847336f03f34-groupManagement] INFO  server.RaftServerConfigKeys (ConfUtils.java:logGet(46)) - raft.server.log.purge.gap = 1000000 (custom)
2024-01-29 07:44:07,203 [9deec6a2-e137-4b51-9c1f-847336f03f34-groupManagement] INFO  server.RaftServerConfigKeys (ConfUtils.java:logGet(46)) - raft.server.log.appender.buffer.byte-limit = 8388608 (custom)
2024-01-29 07:44:07,203 [9deec6a2-e137-4b51-9c1f-847336f03f34-groupManagement] INFO  server.RaftServerConfigKeys (ConfUtils.java:logGet(46)) - raft.server.log.statemachine.data.read.timeout = 1000ms (default)
2024-01-29 07:44:07,203 [9deec6a2-e137-4b51-9c1f-847336f03f34-groupManagement] INFO  server.RaftServerConfigKeys (ConfUtils.java:logGet(46)) - raft.server.log.purge.preservation.log.num = 0 (default)
2024-01-29 07:44:07,204 [9deec6a2-e137-4b51-9c1f-847336f03f34-groupManagement] INFO  server.RaftServerConfigKeys (ConfUtils.java:logGet(46)) - raft.server.log.segment.size.max = 67108864 (custom)
2024-01-29 07:44:07,204 [9deec6a2-e137-4b51-9c1f-847336f03f34-groupManagement] INFO  server.RaftServerConfigKeys (ConfUtils.java:logGet(46)) - raft.server.log.segment.cache.num.max = 2 (custom)
2024-01-29 07:44:07,204 [9deec6a2-e137-4b51-9c1f-847336f03f34-groupManagement] INFO  server.RaftServerConfigKeys (ConfUtils.java:logGet(46)) - raft.server.log.segment.cache.size.max = 200MB (=209715200) (default)
2024-01-29 07:44:07,204 [9deec6a2-e137-4b51-9c1f-847336f03f34-groupManagement] INFO  server.RaftServerConfigKeys (ConfUtils.java:logGet(46)) - raft.server.log.appender.buffer.byte-limit = 8388608 (custom)
2024-01-29 07:44:07,205 [9deec6a2-e137-4b51-9c1f-847336f03f34-groupManagement] INFO  util.AwaitToRun (AwaitToRun.java:start(81)) - Thread[9deec6a2-e137-4b51-9c1f-847336f03f34@group-B1678F363924-cacheEviction-AwaitToRun,5,main] started
2024-01-29 07:44:07,205 [9deec6a2-e137-4b51-9c1f-847336f03f34-groupManagement] INFO  segmented.SegmentedRaftLogWorker (SegmentedRaftLogWorker.java:<init>(182)) - new 9deec6a2-e137-4b51-9c1f-847336f03f34@group-B1678F363924-SegmentedRaftLogWorker for RaftStorageImpl:Storage Directory /home/runner/work/ozone/ozone/hadoop-ozone/integration-test/target/test-dir/MiniOzoneClusterImpl-4c098651-5741-4b11-9e36-c6ca8da28866/datanode-3/data/ratis/3ff0a7ac-1dd7-41e8-9796-b1678f363924
2024-01-29 07:44:07,205 [9deec6a2-e137-4b51-9c1f-847336f03f34-groupManagement] INFO  server.RaftServerConfigKeys (ConfUtils.java:logGet(46)) - raft.server.log.queue.byte-limit = 4294967296 (custom)
2024-01-29 07:44:07,205 [9deec6a2-e137-4b51-9c1f-847336f03f34-groupManagement] INFO  server.RaftServerConfigKeys (ConfUtils.java:logGet(46)) - raft.server.log.queue.element-limit = 1024 (custom)
2024-01-29 07:44:07,205 [9deec6a2-e137-4b51-9c1f-847336f03f34-groupManagement] INFO  server.RaftServerConfigKeys (ConfUtils.java:logGet(46)) - raft.server.log.segment.size.max = 67108864 (custom)
2024-01-29 07:44:07,205 [9deec6a2-e137-4b51-9c1f-847336f03f34-groupManagement] INFO  server.RaftServerConfigKeys (ConfUtils.java:logGet(46)) - raft.server.log.preallocated.size = 4194304 (custom)
2024-01-29 07:44:07,205 [9deec6a2-e137-4b51-9c1f-847336f03f34-groupManagement] INFO  server.RaftServerConfigKeys (ConfUtils.java:logGet(46)) - raft.server.log.force.sync.num = 128 (default)
2024-01-29 07:44:07,205 [9deec6a2-e137-4b51-9c1f-847336f03f34-groupManagement] INFO  server.RaftServerConfigKeys (ConfUtils.java:logGet(46)) - raft.server.log.statemachine.data.sync = true (default)
2024-01-29 07:44:07,205 [9deec6a2-e137-4b51-9c1f-847336f03f34-groupManagement] INFO  server.RaftServerConfigKeys (ConfUtils.java:logGet(46)) - raft.server.log.statemachine.data.sync.timeout = 10s (default)
2024-01-29 07:44:07,205 [9deec6a2-e137-4b51-9c1f-847336f03f34-groupManagement] INFO  server.RaftServerConfigKeys (ConfUtils.java:logGet(46)) - raft.server.log.statemachine.data.sync.timeout.retry = 0 (custom)
2024-01-29 07:44:07,205 [EventQueue-OpenPipelineForHealthyPipelineSafeModeRule] INFO  safemode.SCMSafeModeManager (HealthyPipelineSafeModeRule.java:process(140)) - SCM in safe mode. Healthy pipelines reported count is 0, required healthy pipeline reported count is 1
2024-01-29 07:44:07,205 [9deec6a2-e137-4b51-9c1f-847336f03f34-groupManagement] INFO  server.RaftServerConfigKeys (ConfUtils.java:logGet(46)) - raft.server.log.write.buffer.size = 8388616 (custom)
2024-01-29 07:44:07,207 [9deec6a2-e137-4b51-9c1f-847336f03f34-groupManagement] INFO  server.RaftServerConfigKeys (ConfUtils.java:logGet(46)) - raft.server.log.appender.buffer.byte-limit = 8388608 (custom)
2024-01-29 07:44:07,207 [9deec6a2-e137-4b51-9c1f-847336f03f34-groupManagement] INFO  server.RaftServerConfigKeys (ConfUtils.java:logGet(46)) - raft.server.log.unsafe-flush.enabled = false (default)
2024-01-29 07:44:07,207 [9deec6a2-e137-4b51-9c1f-847336f03f34-groupManagement] INFO  server.RaftServerConfigKeys (ConfUtils.java:logGet(46)) - raft.server.log.async-flush.enabled = false (default)
2024-01-29 07:44:07,207 [9deec6a2-e137-4b51-9c1f-847336f03f34-groupManagement] INFO  server.RaftServerConfigKeys (ConfUtils.java:logGet(46)) - raft.server.log.statemachine.data.caching.enabled = true (custom)
2024-01-29 07:44:07,207 [9deec6a2-e137-4b51-9c1f-847336f03f34-groupManagement] INFO  segmented.SegmentedRaftLogWorker (SegmentedRaftLogWorker.java:lambda$new$0(134)) - 9deec6a2-e137-4b51-9c1f-847336f03f34@group-B1678F363924-SegmentedRaftLogWorker: flushIndex: setUnconditionally 0 -> -1
2024-01-29 07:44:07,207 [9deec6a2-e137-4b51-9c1f-847336f03f34-groupManagement] INFO  segmented.SegmentedRaftLogWorker (SegmentedRaftLogWorker.java:lambda$new$0(134)) - 9deec6a2-e137-4b51-9c1f-847336f03f34@group-B1678F363924-SegmentedRaftLogWorker: safeCacheEvictIndex: setUnconditionally 0 -> -1
2024-01-29 07:44:07,207 [9deec6a2-e137-4b51-9c1f-847336f03f34-groupManagement] INFO  server.RaftServer$Division (RaftServerImpl.java:start(396)) - 9deec6a2-e137-4b51-9c1f-847336f03f34@group-B1678F363924: start as a follower, conf=-1: peers:[abb8ef56-980b-44e3-a149-c32b9999de28|10.1.0.7:15415, ae994d2b-07e5-4c7e-bc1d-199b697c7c17|10.1.0.7:15406, 9deec6a2-e137-4b51-9c1f-847336f03f34|10.1.0.7:15397]|listeners:[], old=null
2024-01-29 07:44:07,207 [9deec6a2-e137-4b51-9c1f-847336f03f34-groupManagement] INFO  server.RaftServer$Division (RaftServerImpl.java:setRole(383)) - 9deec6a2-e137-4b51-9c1f-847336f03f34@group-B1678F363924: changes role from      null to FOLLOWER at term 0 for startAsFollower
2024-01-29 07:44:07,207 [9deec6a2-e137-4b51-9c1f-847336f03f34-groupManagement] INFO  impl.RoleInfo (RoleInfo.java:updateAndGet(139)) - 9deec6a2-e137-4b51-9c1f-847336f03f34: start 9deec6a2-e137-4b51-9c1f-847336f03f34@group-B1678F363924-FollowerState
2024-01-29 07:44:07,208 [9deec6a2-e137-4b51-9c1f-847336f03f34-groupManagement] INFO  util.JmxRegister (JmxRegister.java:tryRegister(44)) - Successfully registered JMX Bean with object name Ratis:service=RaftServer,group=group-B1678F363924,id=9deec6a2-e137-4b51-9c1f-847336f03f34
2024-01-29 07:44:07,208 [9deec6a2-e137-4b51-9c1f-847336f03f34@group-B1678F363924-FollowerState] INFO  server.RaftServerConfigKeys (ConfUtils.java:logFallback(53)) - raft.server.rpc.first-election.timeout.min = 5s (fallback to raft.server.rpc.timeout.min)
2024-01-29 07:44:07,208 [9deec6a2-e137-4b51-9c1f-847336f03f34-groupManagement] INFO  server.RaftServerConfigKeys (ConfUtils.java:logGet(46)) - raft.server.snapshot.trigger-when-stop.enabled = true (default)
2024-01-29 07:44:07,208 [9deec6a2-e137-4b51-9c1f-847336f03f34@group-B1678F363924-FollowerState] INFO  server.RaftServerConfigKeys (ConfUtils.java:logFallback(53)) - raft.server.rpc.first-election.timeout.max = 5200ms (fallback to raft.server.rpc.timeout.max)
2024-01-29 07:44:07,208 [9deec6a2-e137-4b51-9c1f-847336f03f34-groupManagement] INFO  server.RaftServerConfigKeys (ConfUtils.java:logGet(46)) - raft.server.snapshot.auto.trigger.enabled = true (custom)
2024-01-29 07:44:07,208 [9deec6a2-e137-4b51-9c1f-847336f03f34-groupManagement] INFO  server.RaftServerConfigKeys (ConfUtils.java:logGet(46)) - raft.server.snapshot.auto.trigger.threshold = 10000 (custom)
2024-01-29 07:44:07,208 [9deec6a2-e137-4b51-9c1f-847336f03f34-groupManagement] INFO  server.RaftServerConfigKeys (ConfUtils.java:logGet(46)) - raft.server.snapshot.retention.file.num = 5 (custom)
2024-01-29 07:44:07,208 [9deec6a2-e137-4b51-9c1f-847336f03f34-groupManagement] INFO  server.RaftServerConfigKeys (ConfUtils.java:logGet(46)) - raft.server.log.purge.upto.snapshot.index = false (default)
2024-01-29 07:44:07,208 [9deec6a2-e137-4b51-9c1f-847336f03f34-PipelineCommandHandlerThread-0] INFO  ratis.XceiverServerRatis (XceiverServerRatis.java:addGroup(864)) - Created group PipelineID=3ff0a7ac-1dd7-41e8-9796-b1678f363924
2024-01-29 07:44:07,214 [grpc-default-executor-0] INFO  server.RaftServer (RaftServerProxy.java:addNew(100)) - abb8ef56-980b-44e3-a149-c32b9999de28: addNew group-B1678F363924:[abb8ef56-980b-44e3-a149-c32b9999de28|10.1.0.7:15415, ae994d2b-07e5-4c7e-bc1d-199b697c7c17|10.1.0.7:15406, 9deec6a2-e137-4b51-9c1f-847336f03f34|10.1.0.7:15397] returns group-B1678F363924:java.util.concurrent.CompletableFuture@1f14a360[Not completed]
2024-01-29 07:44:07,215 [abb8ef56-980b-44e3-a149-c32b9999de28-groupManagement] INFO  server.RaftServer$Division (RaftServerImpl.java:<init>(256)) - abb8ef56-980b-44e3-a149-c32b9999de28: new RaftServerImpl for group-B1678F363924:[abb8ef56-980b-44e3-a149-c32b9999de28|10.1.0.7:15415, ae994d2b-07e5-4c7e-bc1d-199b697c7c17|10.1.0.7:15406, 9deec6a2-e137-4b51-9c1f-847336f03f34|10.1.0.7:15397] with ContainerStateMachine:uninitialized
2024-01-29 07:44:07,215 [abb8ef56-980b-44e3-a149-c32b9999de28-groupManagement] INFO  server.RaftServerConfigKeys (ConfUtils.java:logGet(46)) - raft.server.rpc.timeout.min = 5s (custom)
2024-01-29 07:44:07,215 [abb8ef56-980b-44e3-a149-c32b9999de28-groupManagement] INFO  server.RaftServerConfigKeys (ConfUtils.java:logGet(46)) - raft.server.rpc.timeout.max = 5200ms (custom)
2024-01-29 07:44:07,215 [abb8ef56-980b-44e3-a149-c32b9999de28-groupManagement] INFO  server.RaftServerConfigKeys (ConfUtils.java:logGet(46)) - raft.server.rpc.sleep.time = 25ms (default)
2024-01-29 07:44:07,215 [abb8ef56-980b-44e3-a149-c32b9999de28-groupManagement] INFO  server.RaftServerConfigKeys (ConfUtils.java:logGet(46)) - raft.server.rpc.slowness.timeout = 300000ms (custom)
2024-01-29 07:44:07,215 [abb8ef56-980b-44e3-a149-c32b9999de28-groupManagement] INFO  server.RaftServerConfigKeys (ConfUtils.java:logGet(46)) - raft.server.leaderelection.leader.step-down.wait-time = 10s (default)
2024-01-29 07:44:07,215 [abb8ef56-980b-44e3-a149-c32b9999de28-groupManagement] INFO  server.RaftServerConfigKeys (ConfUtils.java:logGet(46)) - raft.server.leaderelection.member.majority-add = false (default)
2024-01-29 07:44:07,215 [abb8ef56-980b-44e3-a149-c32b9999de28-groupManagement] INFO  server.RaftServerConfigKeys (ConfUtils.java:logGet(46)) - raft.server.sleep.deviation.threshold = 300ms (default)
2024-01-29 07:44:07,215 [abb8ef56-980b-44e3-a149-c32b9999de28-groupManagement] INFO  server.RaftServer$Division (ServerState.java:<init>(113)) - abb8ef56-980b-44e3-a149-c32b9999de28@group-B1678F363924: ConfigurationManager, init=-1: peers:[abb8ef56-980b-44e3-a149-c32b9999de28|10.1.0.7:15415, ae994d2b-07e5-4c7e-bc1d-199b697c7c17|10.1.0.7:15406, 9deec6a2-e137-4b51-9c1f-847336f03f34|10.1.0.7:15397]|listeners:[], old=null, confs=<EMPTY_MAP>
2024-01-29 07:44:07,216 [abb8ef56-980b-44e3-a149-c32b9999de28-groupManagement] INFO  server.RaftServerConfigKeys (ConfUtils.java:logGet(46)) - raft.server.notification.no-leader.timeout = 300000ms (custom)
2024-01-29 07:44:07,216 [abb8ef56-980b-44e3-a149-c32b9999de28-groupManagement] INFO  server.RaftServerConfigKeys (ConfUtils.java:logGet(46)) - raft.server.read.timeout = 10s (default)
2024-01-29 07:44:07,216 [abb8ef56-980b-44e3-a149-c32b9999de28-groupManagement] INFO  server.RaftServerConfigKeys (ConfUtils.java:logGet(46)) - raft.server.retrycache.expirytime = 600000ms (custom)
2024-01-29 07:44:07,216 [abb8ef56-980b-44e3-a149-c32b9999de28-groupManagement] INFO  server.RaftServerConfigKeys (ConfUtils.java:logGet(46)) - raft.server.retrycache.statistics.expirytime = 100ms (default)
2024-01-29 07:44:07,216 [abb8ef56-980b-44e3-a149-c32b9999de28-groupManagement] INFO  server.RaftServerConfigKeys (ConfUtils.java:logGet(46)) - raft.server.read.option = DEFAULT (default)
2024-01-29 07:44:07,216 [abb8ef56-980b-44e3-a149-c32b9999de28-groupManagement] INFO  server.RaftServerConfigKeys (ConfUtils.java:logGet(46)) - raft.server.read.read-after-write-consistent.write-index-cache.expiry-time = 60s (default)
2024-01-29 07:44:07,218 [abb8ef56-980b-44e3-a149-c32b9999de28-groupManagement] INFO  server.RaftServerConfigKeys (ConfUtils.java:logGet(46)) - raft.server.rpc.request.timeout = 3000ms (default)
2024-01-29 07:44:07,218 [abb8ef56-980b-44e3-a149-c32b9999de28-groupManagement] INFO  server.RaftServerConfigKeys (ConfUtils.java:logGet(46)) - raft.server.log.appender.install.snapshot.enabled = false (custom)
2024-01-29 07:44:07,218 [abb8ef56-980b-44e3-a149-c32b9999de28-groupManagement] INFO  server.RaftServerConfigKeys (ConfUtils.java:logGet(46)) - raft.server.threadpool.server.cached = true (default)
2024-01-29 07:44:07,218 [abb8ef56-980b-44e3-a149-c32b9999de28-groupManagement] INFO  server.RaftServerConfigKeys (ConfUtils.java:logGet(46)) - raft.server.threadpool.server.size = 0 (default)
2024-01-29 07:44:07,218 [abb8ef56-980b-44e3-a149-c32b9999de28-groupManagement] INFO  server.RaftServerConfigKeys (ConfUtils.java:logGet(46)) - raft.server.threadpool.client.cached = true (default)
2024-01-29 07:44:07,218 [abb8ef56-980b-44e3-a149-c32b9999de28-groupManagement] INFO  server.RaftServerConfigKeys (ConfUtils.java:logGet(46)) - raft.server.threadpool.client.size = 0 (default)
2024-01-29 07:44:07,218 [abb8ef56-980b-44e3-a149-c32b9999de28-groupManagement] INFO  server.RaftServerConfigKeys (ConfUtils.java:logGet(46)) - raft.server.storage.free-space.min = 0MB (=0) (default)
2024-01-29 07:44:07,218 [abb8ef56-980b-44e3-a149-c32b9999de28-groupManagement] INFO  server.RaftServerConfigKeys (ConfUtils.java:logGet(46)) - raft.server.log.corruption.policy = EXCEPTION (default)
2024-01-29 07:44:07,218 [abb8ef56-980b-44e3-a149-c32b9999de28-groupManagement] INFO  server.RaftServerConfigKeys (ConfUtils.java:logGet(46)) - raft.server.storage.dir = [/home/runner/work/ozone/ozone/hadoop-ozone/integration-test/target/test-dir/MiniOzoneClusterImpl-4c098651-5741-4b11-9e36-c6ca8da28866/datanode-5/data/ratis] (custom)
2024-01-29 07:44:07,219 [abb8ef56-980b-44e3-a149-c32b9999de28-groupManagement] INFO  storage.RaftStorageDirectory (RaftStorageDirectoryImpl.java:analyzeStorage(138)) - The storage directory /home/runner/work/ozone/ozone/hadoop-ozone/integration-test/target/test-dir/MiniOzoneClusterImpl-4c098651-5741-4b11-9e36-c6ca8da28866/datanode-5/data/ratis/3ff0a7ac-1dd7-41e8-9796-b1678f363924 does not exist. Creating ...
2024-01-29 07:44:07,219 [abb8ef56-980b-44e3-a149-c32b9999de28-groupManagement] INFO  storage.RaftStorageDirectory (RaftStorageDirectoryImpl.java:tryLock(228)) - Lock on /home/runner/work/ozone/ozone/hadoop-ozone/integration-test/target/test-dir/MiniOzoneClusterImpl-4c098651-5741-4b11-9e36-c6ca8da28866/datanode-5/data/ratis/3ff0a7ac-1dd7-41e8-9796-b1678f363924/in_use.lock acquired by nodename 37616@fv-az571-724
2024-01-29 07:44:07,220 [abb8ef56-980b-44e3-a149-c32b9999de28-groupManagement] INFO  storage.RaftStorage (RaftStorageImpl.java:format(99)) - Storage directory /home/runner/work/ozone/ozone/hadoop-ozone/integration-test/target/test-dir/MiniOzoneClusterImpl-4c098651-5741-4b11-9e36-c6ca8da28866/datanode-5/data/ratis/3ff0a7ac-1dd7-41e8-9796-b1678f363924 has been successfully formatted.
2024-01-29 07:44:07,220 [abb8ef56-980b-44e3-a149-c32b9999de28-groupManagement] WARN  util.FileUtils (LogUtils.java:supplyAndLog(63)) - Failed to Files.newInputStream /home/runner/work/ozone/ozone/hadoop-ozone/integration-test/target/test-dir/MiniOzoneClusterImpl-4c098651-5741-4b11-9e36-c6ca8da28866/datanode-5/data/ratis/3ff0a7ac-1dd7-41e8-9796-b1678f363924/current/raft-meta.conf with options []: java.nio.file.NoSuchFileException: /home/runner/work/ozone/ozone/hadoop-ozone/integration-test/target/test-dir/MiniOzoneClusterImpl-4c098651-5741-4b11-9e36-c6ca8da28866/datanode-5/data/ratis/3ff0a7ac-1dd7-41e8-9796-b1678f363924/current/raft-meta.conf
2024-01-29 07:44:07,221 [abb8ef56-980b-44e3-a149-c32b9999de28-groupManagement] INFO  ratis.ContainerStateMachine (ContainerStateMachine.java:loadSnapshot(287)) - group-B1678F363924: The snapshot info is null. Setting the last applied index to:(t:0, i:~)
2024-01-29 07:44:07,222 [abb8ef56-980b-44e3-a149-c32b9999de28-groupManagement] INFO  server.RaftServerConfigKeys (ConfUtils.java:logGet(46)) - raft.server.log.use.memory = false (default)
2024-01-29 07:44:07,222 [abb8ef56-980b-44e3-a149-c32b9999de28-groupManagement] INFO  server.RaftServerConfigKeys (ConfUtils.java:logGet(46)) - raft.server.log.purge.gap = 1000000 (custom)
2024-01-29 07:44:07,222 [abb8ef56-980b-44e3-a149-c32b9999de28-groupManagement] INFO  server.RaftServerConfigKeys (ConfUtils.java:logGet(46)) - raft.server.log.appender.buffer.byte-limit = 8388608 (custom)
2024-01-29 07:44:07,222 [abb8ef56-980b-44e3-a149-c32b9999de28-groupManagement] INFO  server.RaftServerConfigKeys (ConfUtils.java:logGet(46)) - raft.server.log.statemachine.data.read.timeout = 1000ms (default)
2024-01-29 07:44:07,222 [abb8ef56-980b-44e3-a149-c32b9999de28-groupManagement] INFO  server.RaftServerConfigKeys (ConfUtils.java:logGet(46)) - raft.server.log.purge.preservation.log.num = 0 (default)
2024-01-29 07:44:07,223 [abb8ef56-980b-44e3-a149-c32b9999de28-groupManagement] INFO  server.RaftServerConfigKeys (ConfUtils.java:logGet(46)) - raft.server.log.segment.size.max = 67108864 (custom)
2024-01-29 07:44:07,223 [abb8ef56-980b-44e3-a149-c32b9999de28-groupManagement] INFO  server.RaftServerConfigKeys (ConfUtils.java:logGet(46)) - raft.server.log.segment.cache.num.max = 2 (custom)
2024-01-29 07:44:07,223 [abb8ef56-980b-44e3-a149-c32b9999de28-groupManagement] INFO  server.RaftServerConfigKeys (ConfUtils.java:logGet(46)) - raft.server.log.segment.cache.size.max = 200MB (=209715200) (default)
2024-01-29 07:44:07,223 [abb8ef56-980b-44e3-a149-c32b9999de28-groupManagement] INFO  server.RaftServerConfigKeys (ConfUtils.java:logGet(46)) - raft.server.log.appender.buffer.byte-limit = 8388608 (custom)
2024-01-29 07:44:07,223 [abb8ef56-980b-44e3-a149-c32b9999de28-groupManagement] INFO  util.AwaitToRun (AwaitToRun.java:start(81)) - Thread[abb8ef56-980b-44e3-a149-c32b9999de28@group-B1678F363924-cacheEviction-AwaitToRun,5,main] started
2024-01-29 07:44:07,223 [abb8ef56-980b-44e3-a149-c32b9999de28-groupManagement] INFO  segmented.SegmentedRaftLogWorker (SegmentedRaftLogWorker.java:<init>(182)) - new abb8ef56-980b-44e3-a149-c32b9999de28@group-B1678F363924-SegmentedRaftLogWorker for RaftStorageImpl:Storage Directory /home/runner/work/ozone/ozone/hadoop-ozone/integration-test/target/test-dir/MiniOzoneClusterImpl-4c098651-5741-4b11-9e36-c6ca8da28866/datanode-5/data/ratis/3ff0a7ac-1dd7-41e8-9796-b1678f363924
2024-01-29 07:44:07,224 [abb8ef56-980b-44e3-a149-c32b9999de28-groupManagement] INFO  server.RaftServerConfigKeys (ConfUtils.java:logGet(46)) - raft.server.log.queue.byte-limit = 4294967296 (custom)
2024-01-29 07:44:07,224 [abb8ef56-980b-44e3-a149-c32b9999de28-groupManagement] INFO  server.RaftServerConfigKeys (ConfUtils.java:logGet(46)) - raft.server.log.queue.element-limit = 1024 (custom)
2024-01-29 07:44:07,224 [abb8ef56-980b-44e3-a149-c32b9999de28-groupManagement] INFO  server.RaftServerConfigKeys (ConfUtils.java:logGet(46)) - raft.server.log.segment.size.max = 67108864 (custom)
2024-01-29 07:44:07,224 [abb8ef56-980b-44e3-a149-c32b9999de28-groupManagement] INFO  server.RaftServerConfigKeys (ConfUtils.java:logGet(46)) - raft.server.log.preallocated.size = 4194304 (custom)
2024-01-29 07:44:07,224 [abb8ef56-980b-44e3-a149-c32b9999de28-groupManagement] INFO  server.RaftServerConfigKeys (ConfUtils.java:logGet(46)) - raft.server.log.force.sync.num = 128 (default)
2024-01-29 07:44:07,224 [abb8ef56-980b-44e3-a149-c32b9999de28-groupManagement] INFO  server.RaftServerConfigKeys (ConfUtils.java:logGet(46)) - raft.server.log.statemachine.data.sync = true (default)
2024-01-29 07:44:07,224 [abb8ef56-980b-44e3-a149-c32b9999de28-groupManagement] INFO  server.RaftServerConfigKeys (ConfUtils.java:logGet(46)) - raft.server.log.statemachine.data.sync.timeout = 10s (default)
2024-01-29 07:44:07,224 [abb8ef56-980b-44e3-a149-c32b9999de28-groupManagement] INFO  server.RaftServerConfigKeys (ConfUtils.java:logGet(46)) - raft.server.log.statemachine.data.sync.timeout.retry = 0 (custom)
2024-01-29 07:44:07,224 [abb8ef56-980b-44e3-a149-c32b9999de28-groupManagement] INFO  server.RaftServerConfigKeys (ConfUtils.java:logGet(46)) - raft.server.log.write.buffer.size = 8388616 (custom)
2024-01-29 07:44:07,225 [abb8ef56-980b-44e3-a149-c32b9999de28-groupManagement] INFO  server.RaftServerConfigKeys (ConfUtils.java:logGet(46)) - raft.server.log.appender.buffer.byte-limit = 8388608 (custom)
2024-01-29 07:44:07,225 [abb8ef56-980b-44e3-a149-c32b9999de28-groupManagement] INFO  server.RaftServerConfigKeys (ConfUtils.java:logGet(46)) - raft.server.log.unsafe-flush.enabled = false (default)
2024-01-29 07:44:07,225 [abb8ef56-980b-44e3-a149-c32b9999de28-groupManagement] INFO  server.RaftServerConfigKeys (ConfUtils.java:logGet(46)) - raft.server.log.async-flush.enabled = false (default)
2024-01-29 07:44:07,225 [abb8ef56-980b-44e3-a149-c32b9999de28-groupManagement] INFO  server.RaftServerConfigKeys (ConfUtils.java:logGet(46)) - raft.server.log.statemachine.data.caching.enabled = true (custom)
2024-01-29 07:44:07,226 [abb8ef56-980b-44e3-a149-c32b9999de28-groupManagement] INFO  segmented.SegmentedRaftLogWorker (SegmentedRaftLogWorker.java:lambda$new$0(134)) - abb8ef56-980b-44e3-a149-c32b9999de28@group-B1678F363924-SegmentedRaftLogWorker: flushIndex: setUnconditionally 0 -> -1
2024-01-29 07:44:07,226 [abb8ef56-980b-44e3-a149-c32b9999de28-groupManagement] INFO  segmented.SegmentedRaftLogWorker (SegmentedRaftLogWorker.java:lambda$new$0(134)) - abb8ef56-980b-44e3-a149-c32b9999de28@group-B1678F363924-SegmentedRaftLogWorker: safeCacheEvictIndex: setUnconditionally 0 -> -1
2024-01-29 07:44:07,226 [abb8ef56-980b-44e3-a149-c32b9999de28-groupManagement] INFO  server.RaftServer$Division (RaftServerImpl.java:start(396)) - abb8ef56-980b-44e3-a149-c32b9999de28@group-B1678F363924: start as a follower, conf=-1: peers:[abb8ef56-980b-44e3-a149-c32b9999de28|10.1.0.7:15415, ae994d2b-07e5-4c7e-bc1d-199b697c7c17|10.1.0.7:15406, 9deec6a2-e137-4b51-9c1f-847336f03f34|10.1.0.7:15397]|listeners:[], old=null
2024-01-29 07:44:07,226 [abb8ef56-980b-44e3-a149-c32b9999de28-groupManagement] INFO  server.RaftServer$Division (RaftServerImpl.java:setRole(383)) - abb8ef56-980b-44e3-a149-c32b9999de28@group-B1678F363924: changes role from      null to FOLLOWER at term 0 for startAsFollower
2024-01-29 07:44:07,226 [abb8ef56-980b-44e3-a149-c32b9999de28-groupManagement] INFO  impl.RoleInfo (RoleInfo.java:updateAndGet(139)) - abb8ef56-980b-44e3-a149-c32b9999de28: start abb8ef56-980b-44e3-a149-c32b9999de28@group-B1678F363924-FollowerState
2024-01-29 07:44:07,226 [abb8ef56-980b-44e3-a149-c32b9999de28@group-B1678F363924-FollowerState] INFO  server.RaftServerConfigKeys (ConfUtils.java:logFallback(53)) - raft.server.rpc.first-election.timeout.min = 5s (fallback to raft.server.rpc.timeout.min)
2024-01-29 07:44:07,226 [abb8ef56-980b-44e3-a149-c32b9999de28-groupManagement] INFO  util.JmxRegister (JmxRegister.java:tryRegister(44)) - Successfully registered JMX Bean with object name Ratis:service=RaftServer,group=group-B1678F363924,id=abb8ef56-980b-44e3-a149-c32b9999de28
2024-01-29 07:44:07,226 [abb8ef56-980b-44e3-a149-c32b9999de28@group-B1678F363924-FollowerState] INFO  server.RaftServerConfigKeys (ConfUtils.java:logFallback(53)) - raft.server.rpc.first-election.timeout.max = 5200ms (fallback to raft.server.rpc.timeout.max)
2024-01-29 07:44:07,226 [abb8ef56-980b-44e3-a149-c32b9999de28-groupManagement] INFO  server.RaftServerConfigKeys (ConfUtils.java:logGet(46)) - raft.server.snapshot.trigger-when-stop.enabled = true (default)
2024-01-29 07:44:07,226 [abb8ef56-980b-44e3-a149-c32b9999de28-groupManagement] INFO  server.RaftServerConfigKeys (ConfUtils.java:logGet(46)) - raft.server.snapshot.auto.trigger.enabled = true (custom)
2024-01-29 07:44:07,226 [abb8ef56-980b-44e3-a149-c32b9999de28-groupManagement] INFO  server.RaftServerConfigKeys (ConfUtils.java:logGet(46)) - raft.server.snapshot.auto.trigger.threshold = 10000 (custom)
2024-01-29 07:44:07,226 [abb8ef56-980b-44e3-a149-c32b9999de28-groupManagement] INFO  server.RaftServerConfigKeys (ConfUtils.java:logGet(46)) - raft.server.snapshot.retention.file.num = 5 (custom)
2024-01-29 07:44:07,226 [abb8ef56-980b-44e3-a149-c32b9999de28-groupManagement] INFO  server.RaftServerConfigKeys (ConfUtils.java:logGet(46)) - raft.server.log.purge.upto.snapshot.index = false (default)
2024-01-29 07:44:07,235 [grpc-default-executor-0] INFO  server.RaftServer (RaftServerProxy.java:addNew(100)) - ae994d2b-07e5-4c7e-bc1d-199b697c7c17: addNew group-B1678F363924:[abb8ef56-980b-44e3-a149-c32b9999de28|10.1.0.7:15415, ae994d2b-07e5-4c7e-bc1d-199b697c7c17|10.1.0.7:15406, 9deec6a2-e137-4b51-9c1f-847336f03f34|10.1.0.7:15397] returns group-B1678F363924:java.util.concurrent.CompletableFuture@7d41509[Not completed]
2024-01-29 07:44:07,241 [ae994d2b-07e5-4c7e-bc1d-199b697c7c17-groupManagement] INFO  server.RaftServer$Division (RaftServerImpl.java:<init>(256)) - ae994d2b-07e5-4c7e-bc1d-199b697c7c17: new RaftServerImpl for group-B1678F363924:[abb8ef56-980b-44e3-a149-c32b9999de28|10.1.0.7:15415, ae994d2b-07e5-4c7e-bc1d-199b697c7c17|10.1.0.7:15406, 9deec6a2-e137-4b51-9c1f-847336f03f34|10.1.0.7:15397] with ContainerStateMachine:uninitialized
2024-01-29 07:44:07,241 [ae994d2b-07e5-4c7e-bc1d-199b697c7c17-groupManagement] INFO  server.RaftServerConfigKeys (ConfUtils.java:logGet(46)) - raft.server.rpc.timeout.min = 5s (custom)
2024-01-29 07:44:07,241 [ae994d2b-07e5-4c7e-bc1d-199b697c7c17-groupManagement] INFO  server.RaftServerConfigKeys (ConfUtils.java:logGet(46)) - raft.server.rpc.timeout.max = 5200ms (custom)
2024-01-29 07:44:07,241 [ae994d2b-07e5-4c7e-bc1d-199b697c7c17-groupManagement] INFO  server.RaftServerConfigKeys (ConfUtils.java:logGet(46)) - raft.server.rpc.sleep.time = 25ms (default)
2024-01-29 07:44:07,241 [ae994d2b-07e5-4c7e-bc1d-199b697c7c17-groupManagement] INFO  server.RaftServerConfigKeys (ConfUtils.java:logGet(46)) - raft.server.rpc.slowness.timeout = 300000ms (custom)
2024-01-29 07:44:07,241 [ae994d2b-07e5-4c7e-bc1d-199b697c7c17-groupManagement] INFO  server.RaftServerConfigKeys (ConfUtils.java:logGet(46)) - raft.server.leaderelection.leader.step-down.wait-time = 10s (default)
2024-01-29 07:44:07,241 [ae994d2b-07e5-4c7e-bc1d-199b697c7c17-groupManagement] INFO  server.RaftServerConfigKeys (ConfUtils.java:logGet(46)) - raft.server.leaderelection.member.majority-add = false (default)
2024-01-29 07:44:07,241 [ae994d2b-07e5-4c7e-bc1d-199b697c7c17-groupManagement] INFO  server.RaftServerConfigKeys (ConfUtils.java:logGet(46)) - raft.server.sleep.deviation.threshold = 300ms (default)
2024-01-29 07:44:07,241 [ae994d2b-07e5-4c7e-bc1d-199b697c7c17-groupManagement] INFO  server.RaftServer$Division (ServerState.java:<init>(113)) - ae994d2b-07e5-4c7e-bc1d-199b697c7c17@group-B1678F363924: ConfigurationManager, init=-1: peers:[abb8ef56-980b-44e3-a149-c32b9999de28|10.1.0.7:15415, ae994d2b-07e5-4c7e-bc1d-199b697c7c17|10.1.0.7:15406, 9deec6a2-e137-4b51-9c1f-847336f03f34|10.1.0.7:15397]|listeners:[], old=null, confs=<EMPTY_MAP>
2024-01-29 07:44:07,242 [ae994d2b-07e5-4c7e-bc1d-199b697c7c17-groupManagement] INFO  server.RaftServerConfigKeys (ConfUtils.java:logGet(46)) - raft.server.notification.no-leader.timeout = 300000ms (custom)
2024-01-29 07:44:07,242 [ae994d2b-07e5-4c7e-bc1d-199b697c7c17-groupManagement] INFO  server.RaftServerConfigKeys (ConfUtils.java:logGet(46)) - raft.server.read.timeout = 10s (default)
2024-01-29 07:44:07,242 [ae994d2b-07e5-4c7e-bc1d-199b697c7c17-groupManagement] INFO  server.RaftServerConfigKeys (ConfUtils.java:logGet(46)) - raft.server.retrycache.expirytime = 600000ms (custom)
2024-01-29 07:44:07,242 [ae994d2b-07e5-4c7e-bc1d-199b697c7c17-groupManagement] INFO  server.RaftServerConfigKeys (ConfUtils.java:logGet(46)) - raft.server.retrycache.statistics.expirytime = 100ms (default)
2024-01-29 07:44:07,242 [ae994d2b-07e5-4c7e-bc1d-199b697c7c17-groupManagement] INFO  server.RaftServerConfigKeys (ConfUtils.java:logGet(46)) - raft.server.read.option = DEFAULT (default)
2024-01-29 07:44:07,242 [ae994d2b-07e5-4c7e-bc1d-199b697c7c17-groupManagement] INFO  server.RaftServerConfigKeys (ConfUtils.java:logGet(46)) - raft.server.read.read-after-write-consistent.write-index-cache.expiry-time = 60s (default)
2024-01-29 07:44:07,244 [ae994d2b-07e5-4c7e-bc1d-199b697c7c17-groupManagement] INFO  server.RaftServerConfigKeys (ConfUtils.java:logGet(46)) - raft.server.rpc.request.timeout = 3000ms (default)
2024-01-29 07:44:07,244 [ae994d2b-07e5-4c7e-bc1d-199b697c7c17-groupManagement] INFO  server.RaftServerConfigKeys (ConfUtils.java:logGet(46)) - raft.server.log.appender.install.snapshot.enabled = false (custom)
2024-01-29 07:44:07,244 [ae994d2b-07e5-4c7e-bc1d-199b697c7c17-groupManagement] INFO  server.RaftServerConfigKeys (ConfUtils.java:logGet(46)) - raft.server.threadpool.server.cached = true (default)
2024-01-29 07:44:07,244 [ae994d2b-07e5-4c7e-bc1d-199b697c7c17-groupManagement] INFO  server.RaftServerConfigKeys (ConfUtils.java:logGet(46)) - raft.server.threadpool.server.size = 0 (default)
2024-01-29 07:44:07,244 [ae994d2b-07e5-4c7e-bc1d-199b697c7c17-groupManagement] INFO  server.RaftServerConfigKeys (ConfUtils.java:logGet(46)) - raft.server.threadpool.client.cached = true (default)
2024-01-29 07:44:07,244 [ae994d2b-07e5-4c7e-bc1d-199b697c7c17-groupManagement] INFO  server.RaftServerConfigKeys (ConfUtils.java:logGet(46)) - raft.server.threadpool.client.size = 0 (default)
2024-01-29 07:44:07,244 [ae994d2b-07e5-4c7e-bc1d-199b697c7c17-groupManagement] INFO  server.RaftServerConfigKeys (ConfUtils.java:logGet(46)) - raft.server.storage.free-space.min = 0MB (=0) (default)
2024-01-29 07:44:07,244 [ae994d2b-07e5-4c7e-bc1d-199b697c7c17-groupManagement] INFO  server.RaftServerConfigKeys (ConfUtils.java:logGet(46)) - raft.server.log.corruption.policy = EXCEPTION (default)
2024-01-29 07:44:07,244 [ae994d2b-07e5-4c7e-bc1d-199b697c7c17-groupManagement] INFO  server.RaftServerConfigKeys (ConfUtils.java:logGet(46)) - raft.server.storage.dir = [/home/runner/work/ozone/ozone/hadoop-ozone/integration-test/target/test-dir/MiniOzoneClusterImpl-4c098651-5741-4b11-9e36-c6ca8da28866/datanode-4/data/ratis] (custom)
2024-01-29 07:44:07,245 [ae994d2b-07e5-4c7e-bc1d-199b697c7c17-groupManagement] INFO  storage.RaftStorageDirectory (RaftStorageDirectoryImpl.java:analyzeStorage(138)) - The storage directory /home/runner/work/ozone/ozone/hadoop-ozone/integration-test/target/test-dir/MiniOzoneClusterImpl-4c098651-5741-4b11-9e36-c6ca8da28866/datanode-4/data/ratis/3ff0a7ac-1dd7-41e8-9796-b1678f363924 does not exist. Creating ...
2024-01-29 07:44:07,245 [ae994d2b-07e5-4c7e-bc1d-199b697c7c17-groupManagement] INFO  storage.RaftStorageDirectory (RaftStorageDirectoryImpl.java:tryLock(228)) - Lock on /home/runner/work/ozone/ozone/hadoop-ozone/integration-test/target/test-dir/MiniOzoneClusterImpl-4c098651-5741-4b11-9e36-c6ca8da28866/datanode-4/data/ratis/3ff0a7ac-1dd7-41e8-9796-b1678f363924/in_use.lock acquired by nodename 37616@fv-az571-724
2024-01-29 07:44:07,246 [ae994d2b-07e5-4c7e-bc1d-199b697c7c17-groupManagement] INFO  storage.RaftStorage (RaftStorageImpl.java:format(99)) - Storage directory /home/runner/work/ozone/ozone/hadoop-ozone/integration-test/target/test-dir/MiniOzoneClusterImpl-4c098651-5741-4b11-9e36-c6ca8da28866/datanode-4/data/ratis/3ff0a7ac-1dd7-41e8-9796-b1678f363924 has been successfully formatted.
2024-01-29 07:44:07,246 [ae994d2b-07e5-4c7e-bc1d-199b697c7c17-groupManagement] WARN  util.FileUtils (LogUtils.java:supplyAndLog(63)) - Failed to Files.newInputStream /home/runner/work/ozone/ozone/hadoop-ozone/integration-test/target/test-dir/MiniOzoneClusterImpl-4c098651-5741-4b11-9e36-c6ca8da28866/datanode-4/data/ratis/3ff0a7ac-1dd7-41e8-9796-b1678f363924/current/raft-meta.conf with options []: java.nio.file.NoSuchFileException: /home/runner/work/ozone/ozone/hadoop-ozone/integration-test/target/test-dir/MiniOzoneClusterImpl-4c098651-5741-4b11-9e36-c6ca8da28866/datanode-4/data/ratis/3ff0a7ac-1dd7-41e8-9796-b1678f363924/current/raft-meta.conf
2024-01-29 07:44:07,248 [ae994d2b-07e5-4c7e-bc1d-199b697c7c17-groupManagement] INFO  ratis.ContainerStateMachine (ContainerStateMachine.java:loadSnapshot(287)) - group-B1678F363924: The snapshot info is null. Setting the last applied index to:(t:0, i:~)
2024-01-29 07:44:07,248 [ae994d2b-07e5-4c7e-bc1d-199b697c7c17-groupManagement] INFO  server.RaftServerConfigKeys (ConfUtils.java:logGet(46)) - raft.server.log.use.memory = false (default)
2024-01-29 07:44:07,248 [ae994d2b-07e5-4c7e-bc1d-199b697c7c17-groupManagement] INFO  server.RaftServerConfigKeys (ConfUtils.java:logGet(46)) - raft.server.log.purge.gap = 1000000 (custom)
2024-01-29 07:44:07,248 [ae994d2b-07e5-4c7e-bc1d-199b697c7c17-groupManagement] INFO  server.RaftServerConfigKeys (ConfUtils.java:logGet(46)) - raft.server.log.appender.buffer.byte-limit = 8388608 (custom)
2024-01-29 07:44:07,248 [ae994d2b-07e5-4c7e-bc1d-199b697c7c17-groupManagement] INFO  server.RaftServerConfigKeys (ConfUtils.java:logGet(46)) - raft.server.log.statemachine.data.read.timeout = 1000ms (default)
2024-01-29 07:44:07,248 [ae994d2b-07e5-4c7e-bc1d-199b697c7c17-groupManagement] INFO  server.RaftServerConfigKeys (ConfUtils.java:logGet(46)) - raft.server.log.purge.preservation.log.num = 0 (default)
2024-01-29 07:44:07,250 [ae994d2b-07e5-4c7e-bc1d-199b697c7c17-groupManagement] INFO  server.RaftServerConfigKeys (ConfUtils.java:logGet(46)) - raft.server.log.segment.size.max = 67108864 (custom)
2024-01-29 07:44:07,250 [ae994d2b-07e5-4c7e-bc1d-199b697c7c17-groupManagement] INFO  server.RaftServerConfigKeys (ConfUtils.java:logGet(46)) - raft.server.log.segment.cache.num.max = 2 (custom)
2024-01-29 07:44:07,250 [ae994d2b-07e5-4c7e-bc1d-199b697c7c17-groupManagement] INFO  server.RaftServerConfigKeys (ConfUtils.java:logGet(46)) - raft.server.log.segment.cache.size.max = 200MB (=209715200) (default)
2024-01-29 07:44:07,250 [ae994d2b-07e5-4c7e-bc1d-199b697c7c17-groupManagement] INFO  server.RaftServerConfigKeys (ConfUtils.java:logGet(46)) - raft.server.log.appender.buffer.byte-limit = 8388608 (custom)
2024-01-29 07:44:07,251 [ae994d2b-07e5-4c7e-bc1d-199b697c7c17-groupManagement] INFO  util.AwaitToRun (AwaitToRun.java:start(81)) - Thread[ae994d2b-07e5-4c7e-bc1d-199b697c7c17@group-B1678F363924-cacheEviction-AwaitToRun,5,main] started
2024-01-29 07:44:07,251 [ae994d2b-07e5-4c7e-bc1d-199b697c7c17-groupManagement] INFO  segmented.SegmentedRaftLogWorker (SegmentedRaftLogWorker.java:<init>(182)) - new ae994d2b-07e5-4c7e-bc1d-199b697c7c17@group-B1678F363924-SegmentedRaftLogWorker for RaftStorageImpl:Storage Directory /home/runner/work/ozone/ozone/hadoop-ozone/integration-test/target/test-dir/MiniOzoneClusterImpl-4c098651-5741-4b11-9e36-c6ca8da28866/datanode-4/data/ratis/3ff0a7ac-1dd7-41e8-9796-b1678f363924
2024-01-29 07:44:07,251 [ae994d2b-07e5-4c7e-bc1d-199b697c7c17-groupManagement] INFO  server.RaftServerConfigKeys (ConfUtils.java:logGet(46)) - raft.server.log.queue.byte-limit = 4294967296 (custom)
2024-01-29 07:44:07,251 [ae994d2b-07e5-4c7e-bc1d-199b697c7c17-groupManagement] INFO  server.RaftServerConfigKeys (ConfUtils.java:logGet(46)) - raft.server.log.queue.element-limit = 1024 (custom)
2024-01-29 07:44:07,251 [ae994d2b-07e5-4c7e-bc1d-199b697c7c17-groupManagement] INFO  server.RaftServerConfigKeys (ConfUtils.java:logGet(46)) - raft.server.log.segment.size.max = 67108864 (custom)
2024-01-29 07:44:07,251 [ae994d2b-07e5-4c7e-bc1d-199b697c7c17-groupManagement] INFO  server.RaftServerConfigKeys (ConfUtils.java:logGet(46)) - raft.server.log.preallocated.size = 4194304 (custom)
2024-01-29 07:44:07,251 [ae994d2b-07e5-4c7e-bc1d-199b697c7c17-groupManagement] INFO  server.RaftServerConfigKeys (ConfUtils.java:logGet(46)) - raft.server.log.force.sync.num = 128 (default)
2024-01-29 07:44:07,251 [ae994d2b-07e5-4c7e-bc1d-199b697c7c17-groupManagement] INFO  server.RaftServerConfigKeys (ConfUtils.java:logGet(46)) - raft.server.log.statemachine.data.sync = true (default)
2024-01-29 07:44:07,251 [ae994d2b-07e5-4c7e-bc1d-199b697c7c17-groupManagement] INFO  server.RaftServerConfigKeys (ConfUtils.java:logGet(46)) - raft.server.log.statemachine.data.sync.timeout = 10s (default)
2024-01-29 07:44:07,251 [ae994d2b-07e5-4c7e-bc1d-199b697c7c17-groupManagement] INFO  server.RaftServerConfigKeys (ConfUtils.java:logGet(46)) - raft.server.log.statemachine.data.sync.timeout.retry = 0 (custom)
2024-01-29 07:44:07,251 [ae994d2b-07e5-4c7e-bc1d-199b697c7c17-groupManagement] INFO  server.RaftServerConfigKeys (ConfUtils.java:logGet(46)) - raft.server.log.write.buffer.size = 8388616 (custom)
2024-01-29 07:44:07,253 [ae994d2b-07e5-4c7e-bc1d-199b697c7c17-groupManagement] INFO  server.RaftServerConfigKeys (ConfUtils.java:logGet(46)) - raft.server.log.appender.buffer.byte-limit = 8388608 (custom)
2024-01-29 07:44:07,253 [ae994d2b-07e5-4c7e-bc1d-199b697c7c17-groupManagement] INFO  server.RaftServerConfigKeys (ConfUtils.java:logGet(46)) - raft.server.log.unsafe-flush.enabled = false (default)
2024-01-29 07:44:07,253 [ae994d2b-07e5-4c7e-bc1d-199b697c7c17-groupManagement] INFO  server.RaftServerConfigKeys (ConfUtils.java:logGet(46)) - raft.server.log.async-flush.enabled = false (default)
2024-01-29 07:44:07,253 [ae994d2b-07e5-4c7e-bc1d-199b697c7c17-groupManagement] INFO  server.RaftServerConfigKeys (ConfUtils.java:logGet(46)) - raft.server.log.statemachine.data.caching.enabled = true (custom)
2024-01-29 07:44:07,253 [ae994d2b-07e5-4c7e-bc1d-199b697c7c17-groupManagement] INFO  segmented.SegmentedRaftLogWorker (SegmentedRaftLogWorker.java:lambda$new$0(134)) - ae994d2b-07e5-4c7e-bc1d-199b697c7c17@group-B1678F363924-SegmentedRaftLogWorker: flushIndex: setUnconditionally 0 -> -1
2024-01-29 07:44:07,253 [ae994d2b-07e5-4c7e-bc1d-199b697c7c17-groupManagement] INFO  segmented.SegmentedRaftLogWorker (SegmentedRaftLogWorker.java:lambda$new$0(134)) - ae994d2b-07e5-4c7e-bc1d-199b697c7c17@group-B1678F363924-SegmentedRaftLogWorker: safeCacheEvictIndex: setUnconditionally 0 -> -1
2024-01-29 07:44:07,253 [ae994d2b-07e5-4c7e-bc1d-199b697c7c17-groupManagement] INFO  server.RaftServer$Division (RaftServerImpl.java:start(396)) - ae994d2b-07e5-4c7e-bc1d-199b697c7c17@group-B1678F363924: start as a follower, conf=-1: peers:[abb8ef56-980b-44e3-a149-c32b9999de28|10.1.0.7:15415, ae994d2b-07e5-4c7e-bc1d-199b697c7c17|10.1.0.7:15406, 9deec6a2-e137-4b51-9c1f-847336f03f34|10.1.0.7:15397]|listeners:[], old=null
2024-01-29 07:44:07,253 [ae994d2b-07e5-4c7e-bc1d-199b697c7c17-groupManagement] INFO  server.RaftServer$Division (RaftServerImpl.java:setRole(383)) - ae994d2b-07e5-4c7e-bc1d-199b697c7c17@group-B1678F363924: changes role from      null to FOLLOWER at term 0 for startAsFollower
2024-01-29 07:44:07,253 [ae994d2b-07e5-4c7e-bc1d-199b697c7c17-groupManagement] INFO  impl.RoleInfo (RoleInfo.java:updateAndGet(139)) - ae994d2b-07e5-4c7e-bc1d-199b697c7c17: start ae994d2b-07e5-4c7e-bc1d-199b697c7c17@group-B1678F363924-FollowerState
2024-01-29 07:44:07,253 [ae994d2b-07e5-4c7e-bc1d-199b697c7c17@group-B1678F363924-FollowerState] INFO  server.RaftServerConfigKeys (ConfUtils.java:logFallback(53)) - raft.server.rpc.first-election.timeout.min = 5s (fallback to raft.server.rpc.timeout.min)
2024-01-29 07:44:07,253 [ae994d2b-07e5-4c7e-bc1d-199b697c7c17-groupManagement] INFO  util.JmxRegister (JmxRegister.java:tryRegister(44)) - Successfully registered JMX Bean with object name Ratis:service=RaftServer,group=group-B1678F363924,id=ae994d2b-07e5-4c7e-bc1d-199b697c7c17
2024-01-29 07:44:07,254 [ae994d2b-07e5-4c7e-bc1d-199b697c7c17@group-B1678F363924-FollowerState] INFO  server.RaftServerConfigKeys (ConfUtils.java:logFallback(53)) - raft.server.rpc.first-election.timeout.max = 5200ms (fallback to raft.server.rpc.timeout.max)
2024-01-29 07:44:07,254 [ae994d2b-07e5-4c7e-bc1d-199b697c7c17-groupManagement] INFO  server.RaftServerConfigKeys (ConfUtils.java:logGet(46)) - raft.server.snapshot.trigger-when-stop.enabled = true (default)
2024-01-29 07:44:07,254 [ae994d2b-07e5-4c7e-bc1d-199b697c7c17-groupManagement] INFO  server.RaftServerConfigKeys (ConfUtils.java:logGet(46)) - raft.server.snapshot.auto.trigger.enabled = true (custom)
2024-01-29 07:44:07,254 [ae994d2b-07e5-4c7e-bc1d-199b697c7c17-groupManagement] INFO  server.RaftServerConfigKeys (ConfUtils.java:logGet(46)) - raft.server.snapshot.auto.trigger.threshold = 10000 (custom)
2024-01-29 07:44:07,254 [ae994d2b-07e5-4c7e-bc1d-199b697c7c17-groupManagement] INFO  server.RaftServerConfigKeys (ConfUtils.java:logGet(46)) - raft.server.snapshot.retention.file.num = 5 (custom)
2024-01-29 07:44:07,254 [ae994d2b-07e5-4c7e-bc1d-199b697c7c17-groupManagement] INFO  server.RaftServerConfigKeys (ConfUtils.java:logGet(46)) - raft.server.log.purge.upto.snapshot.index = false (default)
2024-01-29 07:44:07,256 [9deec6a2-e137-4b51-9c1f-847336f03f34-PipelineCommandHandlerThread-0] INFO  commandhandler.CreatePipelineCommandHandler (CreatePipelineCommandHandler.java:lambda$handle$2(124)) - Created Pipeline RATIS THREE PipelineID=3ff0a7ac-1dd7-41e8-9796-b1678f363924.
2024-01-29 07:44:07,265 [ae994d2b-07e5-4c7e-bc1d-199b697c7c17-PipelineCommandHandlerThread-0] INFO  server.RaftServer (RaftServerProxy.java:addNew(100)) - ae994d2b-07e5-4c7e-bc1d-199b697c7c17: addNew group-B905D216D3AE:[ae994d2b-07e5-4c7e-bc1d-199b697c7c17|10.1.0.7:15406] returns group-B905D216D3AE:java.util.concurrent.CompletableFuture@c8bf872[Not completed]
2024-01-29 07:44:07,265 [ae994d2b-07e5-4c7e-bc1d-199b697c7c17-groupManagement] INFO  server.RaftServer$Division (RaftServerImpl.java:<init>(256)) - ae994d2b-07e5-4c7e-bc1d-199b697c7c17: new RaftServerImpl for group-B905D216D3AE:[ae994d2b-07e5-4c7e-bc1d-199b697c7c17|10.1.0.7:15406] with ContainerStateMachine:uninitialized
2024-01-29 07:44:07,265 [ae994d2b-07e5-4c7e-bc1d-199b697c7c17-groupManagement] INFO  server.RaftServerConfigKeys (ConfUtils.java:logGet(46)) - raft.server.rpc.timeout.min = 5s (custom)
2024-01-29 07:44:07,265 [ae994d2b-07e5-4c7e-bc1d-199b697c7c17-groupManagement] INFO  server.RaftServerConfigKeys (ConfUtils.java:logGet(46)) - raft.server.rpc.timeout.max = 5200ms (custom)
2024-01-29 07:44:07,266 [ae994d2b-07e5-4c7e-bc1d-199b697c7c17-groupManagement] INFO  server.RaftServerConfigKeys (ConfUtils.java:logGet(46)) - raft.server.rpc.sleep.time = 25ms (default)
2024-01-29 07:44:07,266 [ae994d2b-07e5-4c7e-bc1d-199b697c7c17-groupManagement] INFO  server.RaftServerConfigKeys (ConfUtils.java:logGet(46)) - raft.server.rpc.slowness.timeout = 300000ms (custom)
2024-01-29 07:44:07,266 [ae994d2b-07e5-4c7e-bc1d-199b697c7c17-groupManagement] INFO  server.RaftServerConfigKeys (ConfUtils.java:logGet(46)) - raft.server.leaderelection.leader.step-down.wait-time = 10s (default)
2024-01-29 07:44:07,266 [ae994d2b-07e5-4c7e-bc1d-199b697c7c17-groupManagement] INFO  server.RaftServerConfigKeys (ConfUtils.java:logGet(46)) - raft.server.leaderelection.member.majority-add = false (default)
2024-01-29 07:44:07,266 [ae994d2b-07e5-4c7e-bc1d-199b697c7c17-groupManagement] INFO  server.RaftServerConfigKeys (ConfUtils.java:logGet(46)) - raft.server.sleep.deviation.threshold = 300ms (default)
2024-01-29 07:44:07,266 [ae994d2b-07e5-4c7e-bc1d-199b697c7c17-groupManagement] INFO  server.RaftServer$Division (ServerState.java:<init>(113)) - ae994d2b-07e5-4c7e-bc1d-199b697c7c17@group-B905D216D3AE: ConfigurationManager, init=-1: peers:[ae994d2b-07e5-4c7e-bc1d-199b697c7c17|10.1.0.7:15406]|listeners:[], old=null, confs=<EMPTY_MAP>
2024-01-29 07:44:07,266 [ae994d2b-07e5-4c7e-bc1d-199b697c7c17-groupManagement] INFO  server.RaftServerConfigKeys (ConfUtils.java:logGet(46)) - raft.server.notification.no-leader.timeout = 300000ms (custom)
2024-01-29 07:44:07,266 [ae994d2b-07e5-4c7e-bc1d-199b697c7c17-groupManagement] INFO  server.RaftServerConfigKeys (ConfUtils.java:logGet(46)) - raft.server.read.timeout = 10s (default)
2024-01-29 07:44:07,266 [ae994d2b-07e5-4c7e-bc1d-199b697c7c17-groupManagement] INFO  server.RaftServerConfigKeys (ConfUtils.java:logGet(46)) - raft.server.retrycache.expirytime = 600000ms (custom)
2024-01-29 07:44:07,266 [ae994d2b-07e5-4c7e-bc1d-199b697c7c17-groupManagement] INFO  server.RaftServerConfigKeys (ConfUtils.java:logGet(46)) - raft.server.retrycache.statistics.expirytime = 100ms (default)
2024-01-29 07:44:07,266 [ae994d2b-07e5-4c7e-bc1d-199b697c7c17-groupManagement] INFO  server.RaftServerConfigKeys (ConfUtils.java:logGet(46)) - raft.server.read.option = DEFAULT (default)
2024-01-29 07:44:07,266 [ae994d2b-07e5-4c7e-bc1d-199b697c7c17-groupManagement] INFO  server.RaftServerConfigKeys (ConfUtils.java:logGet(46)) - raft.server.read.read-after-write-consistent.write-index-cache.expiry-time = 60s (default)
2024-01-29 07:44:07,268 [ae994d2b-07e5-4c7e-bc1d-199b697c7c17-groupManagement] INFO  server.RaftServerConfigKeys (ConfUtils.java:logGet(46)) - raft.server.rpc.request.timeout = 3000ms (default)
2024-01-29 07:44:07,268 [ae994d2b-07e5-4c7e-bc1d-199b697c7c17-groupManagement] INFO  server.RaftServerConfigKeys (ConfUtils.java:logGet(46)) - raft.server.log.appender.install.snapshot.enabled = false (custom)
2024-01-29 07:44:07,268 [ae994d2b-07e5-4c7e-bc1d-199b697c7c17-groupManagement] INFO  server.RaftServerConfigKeys (ConfUtils.java:logGet(46)) - raft.server.threadpool.server.cached = true (default)
2024-01-29 07:44:07,268 [ae994d2b-07e5-4c7e-bc1d-199b697c7c17-groupManagement] INFO  server.RaftServerConfigKeys (ConfUtils.java:logGet(46)) - raft.server.threadpool.server.size = 0 (default)
2024-01-29 07:44:07,268 [ae994d2b-07e5-4c7e-bc1d-199b697c7c17-groupManagement] INFO  server.RaftServerConfigKeys (ConfUtils.java:logGet(46)) - raft.server.threadpool.client.cached = true (default)
2024-01-29 07:44:07,268 [ae994d2b-07e5-4c7e-bc1d-199b697c7c17-groupManagement] INFO  server.RaftServerConfigKeys (ConfUtils.java:logGet(46)) - raft.server.threadpool.client.size = 0 (default)
2024-01-29 07:44:07,268 [ae994d2b-07e5-4c7e-bc1d-199b697c7c17-groupManagement] INFO  server.RaftServerConfigKeys (ConfUtils.java:logGet(46)) - raft.server.storage.free-space.min = 0MB (=0) (default)
2024-01-29 07:44:07,269 [ae994d2b-07e5-4c7e-bc1d-199b697c7c17-groupManagement] INFO  server.RaftServerConfigKeys (ConfUtils.java:logGet(46)) - raft.server.log.corruption.policy = EXCEPTION (default)
2024-01-29 07:44:07,269 [ae994d2b-07e5-4c7e-bc1d-199b697c7c17-groupManagement] INFO  server.RaftServerConfigKeys (ConfUtils.java:logGet(46)) - raft.server.storage.dir = [/home/runner/work/ozone/ozone/hadoop-ozone/integration-test/target/test-dir/MiniOzoneClusterImpl-4c098651-5741-4b11-9e36-c6ca8da28866/datanode-4/data/ratis] (custom)
2024-01-29 07:44:07,269 [ae994d2b-07e5-4c7e-bc1d-199b697c7c17-groupManagement] INFO  storage.RaftStorageDirectory (RaftStorageDirectoryImpl.java:analyzeStorage(138)) - The storage directory /home/runner/work/ozone/ozone/hadoop-ozone/integration-test/target/test-dir/MiniOzoneClusterImpl-4c098651-5741-4b11-9e36-c6ca8da28866/datanode-4/data/ratis/88303a32-9181-4b9f-ae97-b905d216d3ae does not exist. Creating ...
2024-01-29 07:44:07,269 [ae994d2b-07e5-4c7e-bc1d-199b697c7c17-groupManagement] INFO  storage.RaftStorageDirectory (RaftStorageDirectoryImpl.java:tryLock(228)) - Lock on /home/runner/work/ozone/ozone/hadoop-ozone/integration-test/target/test-dir/MiniOzoneClusterImpl-4c098651-5741-4b11-9e36-c6ca8da28866/datanode-4/data/ratis/88303a32-9181-4b9f-ae97-b905d216d3ae/in_use.lock acquired by nodename 37616@fv-az571-724
2024-01-29 07:44:07,270 [ae994d2b-07e5-4c7e-bc1d-199b697c7c17-groupManagement] INFO  storage.RaftStorage (RaftStorageImpl.java:format(99)) - Storage directory /home/runner/work/ozone/ozone/hadoop-ozone/integration-test/target/test-dir/MiniOzoneClusterImpl-4c098651-5741-4b11-9e36-c6ca8da28866/datanode-4/data/ratis/88303a32-9181-4b9f-ae97-b905d216d3ae has been successfully formatted.
2024-01-29 07:44:07,270 [ae994d2b-07e5-4c7e-bc1d-199b697c7c17-groupManagement] WARN  util.FileUtils (LogUtils.java:supplyAndLog(63)) - Failed to Files.newInputStream /home/runner/work/ozone/ozone/hadoop-ozone/integration-test/target/test-dir/MiniOzoneClusterImpl-4c098651-5741-4b11-9e36-c6ca8da28866/datanode-4/data/ratis/88303a32-9181-4b9f-ae97-b905d216d3ae/current/raft-meta.conf with options []: java.nio.file.NoSuchFileException: /home/runner/work/ozone/ozone/hadoop-ozone/integration-test/target/test-dir/MiniOzoneClusterImpl-4c098651-5741-4b11-9e36-c6ca8da28866/datanode-4/data/ratis/88303a32-9181-4b9f-ae97-b905d216d3ae/current/raft-meta.conf
2024-01-29 07:44:07,270 [ae994d2b-07e5-4c7e-bc1d-199b697c7c17-groupManagement] INFO  ratis.ContainerStateMachine (ContainerStateMachine.java:loadSnapshot(287)) - group-B905D216D3AE: The snapshot info is null. Setting the last applied index to:(t:0, i:~)
2024-01-29 07:44:07,270 [ae994d2b-07e5-4c7e-bc1d-199b697c7c17-groupManagement] INFO  server.RaftServerConfigKeys (ConfUtils.java:logGet(46)) - raft.server.log.use.memory = false (default)
2024-01-29 07:44:07,270 [ae994d2b-07e5-4c7e-bc1d-199b697c7c17-groupManagement] INFO  server.RaftServerConfigKeys (ConfUtils.java:logGet(46)) - raft.server.log.purge.gap = 1000000 (custom)
2024-01-29 07:44:07,271 [ae994d2b-07e5-4c7e-bc1d-199b697c7c17-groupManagement] INFO  server.RaftServerConfigKeys (ConfUtils.java:logGet(46)) - raft.server.log.appender.buffer.byte-limit = 8388608 (custom)
2024-01-29 07:44:07,271 [ae994d2b-07e5-4c7e-bc1d-199b697c7c17-groupManagement] INFO  server.RaftServerConfigKeys (ConfUtils.java:logGet(46)) - raft.server.log.statemachine.data.read.timeout = 1000ms (default)
2024-01-29 07:44:07,271 [ae994d2b-07e5-4c7e-bc1d-199b697c7c17-groupManagement] INFO  server.RaftServerConfigKeys (ConfUtils.java:logGet(46)) - raft.server.log.purge.preservation.log.num = 0 (default)
2024-01-29 07:44:07,271 [EventQueue-PipelineReportForPipelineReportHandler] INFO  pipeline.PipelineReportHandler (PipelineReportHandler.java:processPipelineReport(136)) - Opened pipeline PipelineID=88303a32-9181-4b9f-ae97-b905d216d3ae
2024-01-29 07:44:07,272 [EventQueue-OpenPipelineForHealthyPipelineSafeModeRule] INFO  safemode.SCMSafeModeManager (HealthyPipelineSafeModeRule.java:process(140)) - SCM in safe mode. Healthy pipelines reported count is 0, required healthy pipeline reported count is 1
2024-01-29 07:44:07,272 [ae994d2b-07e5-4c7e-bc1d-199b697c7c17-groupManagement] INFO  server.RaftServerConfigKeys (ConfUtils.java:logGet(46)) - raft.server.log.segment.size.max = 67108864 (custom)
2024-01-29 07:44:07,273 [ae994d2b-07e5-4c7e-bc1d-199b697c7c17-groupManagement] INFO  server.RaftServerConfigKeys (ConfUtils.java:logGet(46)) - raft.server.log.segment.cache.num.max = 2 (custom)
2024-01-29 07:44:07,273 [ae994d2b-07e5-4c7e-bc1d-199b697c7c17-groupManagement] INFO  server.RaftServerConfigKeys (ConfUtils.java:logGet(46)) - raft.server.log.segment.cache.size.max = 200MB (=209715200) (default)
2024-01-29 07:44:07,273 [ae994d2b-07e5-4c7e-bc1d-199b697c7c17-groupManagement] INFO  server.RaftServerConfigKeys (ConfUtils.java:logGet(46)) - raft.server.log.appender.buffer.byte-limit = 8388608 (custom)
2024-01-29 07:44:07,273 [ae994d2b-07e5-4c7e-bc1d-199b697c7c17-groupManagement] INFO  util.AwaitToRun (AwaitToRun.java:start(81)) - Thread[ae994d2b-07e5-4c7e-bc1d-199b697c7c17@group-B905D216D3AE-cacheEviction-AwaitToRun,5,main] started
2024-01-29 07:44:07,273 [ae994d2b-07e5-4c7e-bc1d-199b697c7c17-groupManagement] INFO  segmented.SegmentedRaftLogWorker (SegmentedRaftLogWorker.java:<init>(182)) - new ae994d2b-07e5-4c7e-bc1d-199b697c7c17@group-B905D216D3AE-SegmentedRaftLogWorker for RaftStorageImpl:Storage Directory /home/runner/work/ozone/ozone/hadoop-ozone/integration-test/target/test-dir/MiniOzoneClusterImpl-4c098651-5741-4b11-9e36-c6ca8da28866/datanode-4/data/ratis/88303a32-9181-4b9f-ae97-b905d216d3ae
2024-01-29 07:44:07,273 [ae994d2b-07e5-4c7e-bc1d-199b697c7c17-groupManagement] INFO  server.RaftServerConfigKeys (ConfUtils.java:logGet(46)) - raft.server.log.queue.byte-limit = 4294967296 (custom)
2024-01-29 07:44:07,273 [ae994d2b-07e5-4c7e-bc1d-199b697c7c17-groupManagement] INFO  server.RaftServerConfigKeys (ConfUtils.java:logGet(46)) - raft.server.log.queue.element-limit = 1024 (custom)
2024-01-29 07:44:07,273 [ae994d2b-07e5-4c7e-bc1d-199b697c7c17-groupManagement] INFO  server.RaftServerConfigKeys (ConfUtils.java:logGet(46)) - raft.server.log.segment.size.max = 67108864 (custom)
2024-01-29 07:44:07,273 [ae994d2b-07e5-4c7e-bc1d-199b697c7c17-groupManagement] INFO  server.RaftServerConfigKeys (ConfUtils.java:logGet(46)) - raft.server.log.preallocated.size = 4194304 (custom)
2024-01-29 07:44:07,273 [ae994d2b-07e5-4c7e-bc1d-199b697c7c17-groupManagement] INFO  server.RaftServerConfigKeys (ConfUtils.java:logGet(46)) - raft.server.log.force.sync.num = 128 (default)
2024-01-29 07:44:07,273 [ae994d2b-07e5-4c7e-bc1d-199b697c7c17-groupManagement] INFO  server.RaftServerConfigKeys (ConfUtils.java:logGet(46)) - raft.server.log.statemachine.data.sync = true (default)
2024-01-29 07:44:07,273 [ae994d2b-07e5-4c7e-bc1d-199b697c7c17-groupManagement] INFO  server.RaftServerConfigKeys (ConfUtils.java:logGet(46)) - raft.server.log.statemachine.data.sync.timeout = 10s (default)
2024-01-29 07:44:07,273 [ae994d2b-07e5-4c7e-bc1d-199b697c7c17-groupManagement] INFO  server.RaftServerConfigKeys (ConfUtils.java:logGet(46)) - raft.server.log.statemachine.data.sync.timeout.retry = 0 (custom)
2024-01-29 07:44:07,273 [ae994d2b-07e5-4c7e-bc1d-199b697c7c17-groupManagement] INFO  server.RaftServerConfigKeys (ConfUtils.java:logGet(46)) - raft.server.log.write.buffer.size = 8388616 (custom)
2024-01-29 07:44:07,275 [ae994d2b-07e5-4c7e-bc1d-199b697c7c17-groupManagement] INFO  server.RaftServerConfigKeys (ConfUtils.java:logGet(46)) - raft.server.log.appender.buffer.byte-limit = 8388608 (custom)
2024-01-29 07:44:07,275 [ae994d2b-07e5-4c7e-bc1d-199b697c7c17-groupManagement] INFO  server.RaftServerConfigKeys (ConfUtils.java:logGet(46)) - raft.server.log.unsafe-flush.enabled = false (default)
2024-01-29 07:44:07,275 [ae994d2b-07e5-4c7e-bc1d-199b697c7c17-groupManagement] INFO  server.RaftServerConfigKeys (ConfUtils.java:logGet(46)) - raft.server.log.async-flush.enabled = false (default)
2024-01-29 07:44:07,275 [ae994d2b-07e5-4c7e-bc1d-199b697c7c17-groupManagement] INFO  server.RaftServerConfigKeys (ConfUtils.java:logGet(46)) - raft.server.log.statemachine.data.caching.enabled = true (custom)
2024-01-29 07:44:07,275 [ae994d2b-07e5-4c7e-bc1d-199b697c7c17-groupManagement] INFO  segmented.SegmentedRaftLogWorker (SegmentedRaftLogWorker.java:lambda$new$0(134)) - ae994d2b-07e5-4c7e-bc1d-199b697c7c17@group-B905D216D3AE-SegmentedRaftLogWorker: flushIndex: setUnconditionally 0 -> -1
2024-01-29 07:44:07,275 [ae994d2b-07e5-4c7e-bc1d-199b697c7c17-groupManagement] INFO  segmented.SegmentedRaftLogWorker (SegmentedRaftLogWorker.java:lambda$new$0(134)) - ae994d2b-07e5-4c7e-bc1d-199b697c7c17@group-B905D216D3AE-SegmentedRaftLogWorker: safeCacheEvictIndex: setUnconditionally 0 -> -1
2024-01-29 07:44:07,275 [ae994d2b-07e5-4c7e-bc1d-199b697c7c17-groupManagement] INFO  server.RaftServer$Division (RaftServerImpl.java:start(396)) - ae994d2b-07e5-4c7e-bc1d-199b697c7c17@group-B905D216D3AE: start as a follower, conf=-1: peers:[ae994d2b-07e5-4c7e-bc1d-199b697c7c17|10.1.0.7:15406]|listeners:[], old=null
2024-01-29 07:44:07,275 [ae994d2b-07e5-4c7e-bc1d-199b697c7c17-groupManagement] INFO  server.RaftServer$Division (RaftServerImpl.java:setRole(383)) - ae994d2b-07e5-4c7e-bc1d-199b697c7c17@group-B905D216D3AE: changes role from      null to FOLLOWER at term 0 for startAsFollower
2024-01-29 07:44:07,275 [ae994d2b-07e5-4c7e-bc1d-199b697c7c17-groupManagement] INFO  impl.RoleInfo (RoleInfo.java:updateAndGet(139)) - ae994d2b-07e5-4c7e-bc1d-199b697c7c17: start ae994d2b-07e5-4c7e-bc1d-199b697c7c17@group-B905D216D3AE-FollowerState
2024-01-29 07:44:07,275 [ae994d2b-07e5-4c7e-bc1d-199b697c7c17@group-B905D216D3AE-FollowerState] INFO  server.RaftServerConfigKeys (ConfUtils.java:logFallback(53)) - raft.server.rpc.first-election.timeout.min = 5s (fallback to raft.server.rpc.timeout.min)
2024-01-29 07:44:07,275 [ae994d2b-07e5-4c7e-bc1d-199b697c7c17-groupManagement] INFO  util.JmxRegister (JmxRegister.java:tryRegister(44)) - Successfully registered JMX Bean with object name Ratis:service=RaftServer,group=group-B905D216D3AE,id=ae994d2b-07e5-4c7e-bc1d-199b697c7c17
2024-01-29 07:44:07,275 [ae994d2b-07e5-4c7e-bc1d-199b697c7c17@group-B905D216D3AE-FollowerState] INFO  server.RaftServerConfigKeys (ConfUtils.java:logFallback(53)) - raft.server.rpc.first-election.timeout.max = 5200ms (fallback to raft.server.rpc.timeout.max)
2024-01-29 07:44:07,275 [ae994d2b-07e5-4c7e-bc1d-199b697c7c17-groupManagement] INFO  server.RaftServerConfigKeys (ConfUtils.java:logGet(46)) - raft.server.snapshot.trigger-when-stop.enabled = true (default)
2024-01-29 07:44:07,276 [ae994d2b-07e5-4c7e-bc1d-199b697c7c17-groupManagement] INFO  server.RaftServerConfigKeys (ConfUtils.java:logGet(46)) - raft.server.snapshot.auto.trigger.enabled = true (custom)
2024-01-29 07:44:07,276 [ae994d2b-07e5-4c7e-bc1d-199b697c7c17-groupManagement] INFO  server.RaftServerConfigKeys (ConfUtils.java:logGet(46)) - raft.server.snapshot.auto.trigger.threshold = 10000 (custom)
2024-01-29 07:44:07,276 [ae994d2b-07e5-4c7e-bc1d-199b697c7c17-groupManagement] INFO  server.RaftServerConfigKeys (ConfUtils.java:logGet(46)) - raft.server.snapshot.retention.file.num = 5 (custom)
2024-01-29 07:44:07,276 [ae994d2b-07e5-4c7e-bc1d-199b697c7c17-groupManagement] INFO  server.RaftServerConfigKeys (ConfUtils.java:logGet(46)) - raft.server.log.purge.upto.snapshot.index = false (default)
2024-01-29 07:44:07,276 [ae994d2b-07e5-4c7e-bc1d-199b697c7c17-PipelineCommandHandlerThread-0] INFO  ratis.XceiverServerRatis (XceiverServerRatis.java:addGroup(864)) - Created group PipelineID=88303a32-9181-4b9f-ae97-b905d216d3ae
2024-01-29 07:44:07,276 [ae994d2b-07e5-4c7e-bc1d-199b697c7c17-PipelineCommandHandlerThread-0] INFO  commandhandler.CreatePipelineCommandHandler (CreatePipelineCommandHandler.java:lambda$handle$2(124)) - Created Pipeline RATIS ONE PipelineID=88303a32-9181-4b9f-ae97-b905d216d3ae.
2024-01-29 07:44:07,360 [abb8ef56-980b-44e3-a149-c32b9999de28-PipelineCommandHandlerThread-0] INFO  server.RaftServer (RaftServerProxy.java:addNew(100)) - abb8ef56-980b-44e3-a149-c32b9999de28: addNew group-C43A03F49808:[abb8ef56-980b-44e3-a149-c32b9999de28|10.1.0.7:15415] returns group-C43A03F49808:java.util.concurrent.CompletableFuture@d8c1467[Not completed]
2024-01-29 07:44:07,361 [abb8ef56-980b-44e3-a149-c32b9999de28-groupManagement] INFO  server.RaftServer$Division (RaftServerImpl.java:<init>(256)) - abb8ef56-980b-44e3-a149-c32b9999de28: new RaftServerImpl for group-C43A03F49808:[abb8ef56-980b-44e3-a149-c32b9999de28|10.1.0.7:15415] with ContainerStateMachine:uninitialized
2024-01-29 07:44:07,361 [abb8ef56-980b-44e3-a149-c32b9999de28-groupManagement] INFO  server.RaftServerConfigKeys (ConfUtils.java:logGet(46)) - raft.server.rpc.timeout.min = 5s (custom)
2024-01-29 07:44:07,361 [abb8ef56-980b-44e3-a149-c32b9999de28-groupManagement] INFO  server.RaftServerConfigKeys (ConfUtils.java:logGet(46)) - raft.server.rpc.timeout.max = 5200ms (custom)
2024-01-29 07:44:07,361 [abb8ef56-980b-44e3-a149-c32b9999de28-groupManagement] INFO  server.RaftServerConfigKeys (ConfUtils.java:logGet(46)) - raft.server.rpc.sleep.time = 25ms (default)
2024-01-29 07:44:07,361 [abb8ef56-980b-44e3-a149-c32b9999de28-groupManagement] INFO  server.RaftServerConfigKeys (ConfUtils.java:logGet(46)) - raft.server.rpc.slowness.timeout = 300000ms (custom)
2024-01-29 07:44:07,361 [abb8ef56-980b-44e3-a149-c32b9999de28-groupManagement] INFO  server.RaftServerConfigKeys (ConfUtils.java:logGet(46)) - raft.server.leaderelection.leader.step-down.wait-time = 10s (default)
2024-01-29 07:44:07,361 [abb8ef56-980b-44e3-a149-c32b9999de28-groupManagement] INFO  server.RaftServerConfigKeys (ConfUtils.java:logGet(46)) - raft.server.leaderelection.member.majority-add = false (default)
2024-01-29 07:44:07,361 [abb8ef56-980b-44e3-a149-c32b9999de28-groupManagement] INFO  server.RaftServerConfigKeys (ConfUtils.java:logGet(46)) - raft.server.sleep.deviation.threshold = 300ms (default)
2024-01-29 07:44:07,361 [abb8ef56-980b-44e3-a149-c32b9999de28-groupManagement] INFO  server.RaftServer$Division (ServerState.java:<init>(113)) - abb8ef56-980b-44e3-a149-c32b9999de28@group-C43A03F49808: ConfigurationManager, init=-1: peers:[abb8ef56-980b-44e3-a149-c32b9999de28|10.1.0.7:15415]|listeners:[], old=null, confs=<EMPTY_MAP>
2024-01-29 07:44:07,361 [abb8ef56-980b-44e3-a149-c32b9999de28-groupManagement] INFO  server.RaftServerConfigKeys (ConfUtils.java:logGet(46)) - raft.server.notification.no-leader.timeout = 300000ms (custom)
2024-01-29 07:44:07,361 [abb8ef56-980b-44e3-a149-c32b9999de28-groupManagement] INFO  server.RaftServerConfigKeys (ConfUtils.java:logGet(46)) - raft.server.read.timeout = 10s (default)
2024-01-29 07:44:07,361 [abb8ef56-980b-44e3-a149-c32b9999de28-groupManagement] INFO  server.RaftServerConfigKeys (ConfUtils.java:logGet(46)) - raft.server.retrycache.expirytime = 600000ms (custom)
2024-01-29 07:44:07,361 [abb8ef56-980b-44e3-a149-c32b9999de28-groupManagement] INFO  server.RaftServerConfigKeys (ConfUtils.java:logGet(46)) - raft.server.retrycache.statistics.expirytime = 100ms (default)
2024-01-29 07:44:07,361 [abb8ef56-980b-44e3-a149-c32b9999de28-groupManagement] INFO  server.RaftServerConfigKeys (ConfUtils.java:logGet(46)) - raft.server.read.option = DEFAULT (default)
2024-01-29 07:44:07,361 [abb8ef56-980b-44e3-a149-c32b9999de28-groupManagement] INFO  server.RaftServerConfigKeys (ConfUtils.java:logGet(46)) - raft.server.read.read-after-write-consistent.write-index-cache.expiry-time = 60s (default)
2024-01-29 07:44:07,363 [abb8ef56-980b-44e3-a149-c32b9999de28-groupManagement] INFO  server.RaftServerConfigKeys (ConfUtils.java:logGet(46)) - raft.server.rpc.request.timeout = 3000ms (default)
2024-01-29 07:44:07,363 [abb8ef56-980b-44e3-a149-c32b9999de28-groupManagement] INFO  server.RaftServerConfigKeys (ConfUtils.java:logGet(46)) - raft.server.log.appender.install.snapshot.enabled = false (custom)
2024-01-29 07:44:07,363 [abb8ef56-980b-44e3-a149-c32b9999de28-groupManagement] INFO  server.RaftServerConfigKeys (ConfUtils.java:logGet(46)) - raft.server.threadpool.server.cached = true (default)
2024-01-29 07:44:07,363 [abb8ef56-980b-44e3-a149-c32b9999de28-groupManagement] INFO  server.RaftServerConfigKeys (ConfUtils.java:logGet(46)) - raft.server.threadpool.server.size = 0 (default)
2024-01-29 07:44:07,363 [abb8ef56-980b-44e3-a149-c32b9999de28-groupManagement] INFO  server.RaftServerConfigKeys (ConfUtils.java:logGet(46)) - raft.server.threadpool.client.cached = true (default)
2024-01-29 07:44:07,363 [abb8ef56-980b-44e3-a149-c32b9999de28-groupManagement] INFO  server.RaftServerConfigKeys (ConfUtils.java:logGet(46)) - raft.server.threadpool.client.size = 0 (default)
2024-01-29 07:44:07,363 [abb8ef56-980b-44e3-a149-c32b9999de28-groupManagement] INFO  server.RaftServerConfigKeys (ConfUtils.java:logGet(46)) - raft.server.storage.free-space.min = 0MB (=0) (default)
2024-01-29 07:44:07,363 [abb8ef56-980b-44e3-a149-c32b9999de28-groupManagement] INFO  server.RaftServerConfigKeys (ConfUtils.java:logGet(46)) - raft.server.log.corruption.policy = EXCEPTION (default)
2024-01-29 07:44:07,363 [abb8ef56-980b-44e3-a149-c32b9999de28-groupManagement] INFO  server.RaftServerConfigKeys (ConfUtils.java:logGet(46)) - raft.server.storage.dir = [/home/runner/work/ozone/ozone/hadoop-ozone/integration-test/target/test-dir/MiniOzoneClusterImpl-4c098651-5741-4b11-9e36-c6ca8da28866/datanode-5/data/ratis] (custom)
2024-01-29 07:44:07,363 [abb8ef56-980b-44e3-a149-c32b9999de28-groupManagement] INFO  storage.RaftStorageDirectory (RaftStorageDirectoryImpl.java:analyzeStorage(138)) - The storage directory /home/runner/work/ozone/ozone/hadoop-ozone/integration-test/target/test-dir/MiniOzoneClusterImpl-4c098651-5741-4b11-9e36-c6ca8da28866/datanode-5/data/ratis/04d89e2a-8821-40c7-baea-c43a03f49808 does not exist. Creating ...
2024-01-29 07:44:07,364 [abb8ef56-980b-44e3-a149-c32b9999de28-groupManagement] INFO  storage.RaftStorageDirectory (RaftStorageDirectoryImpl.java:tryLock(228)) - Lock on /home/runner/work/ozone/ozone/hadoop-ozone/integration-test/target/test-dir/MiniOzoneClusterImpl-4c098651-5741-4b11-9e36-c6ca8da28866/datanode-5/data/ratis/04d89e2a-8821-40c7-baea-c43a03f49808/in_use.lock acquired by nodename 37616@fv-az571-724
2024-01-29 07:44:07,365 [abb8ef56-980b-44e3-a149-c32b9999de28-groupManagement] INFO  storage.RaftStorage (RaftStorageImpl.java:format(99)) - Storage directory /home/runner/work/ozone/ozone/hadoop-ozone/integration-test/target/test-dir/MiniOzoneClusterImpl-4c098651-5741-4b11-9e36-c6ca8da28866/datanode-5/data/ratis/04d89e2a-8821-40c7-baea-c43a03f49808 has been successfully formatted.
2024-01-29 07:44:07,365 [abb8ef56-980b-44e3-a149-c32b9999de28-groupManagement] WARN  util.FileUtils (LogUtils.java:supplyAndLog(63)) - Failed to Files.newInputStream /home/runner/work/ozone/ozone/hadoop-ozone/integration-test/target/test-dir/MiniOzoneClusterImpl-4c098651-5741-4b11-9e36-c6ca8da28866/datanode-5/data/ratis/04d89e2a-8821-40c7-baea-c43a03f49808/current/raft-meta.conf with options []: java.nio.file.NoSuchFileException: /home/runner/work/ozone/ozone/hadoop-ozone/integration-test/target/test-dir/MiniOzoneClusterImpl-4c098651-5741-4b11-9e36-c6ca8da28866/datanode-5/data/ratis/04d89e2a-8821-40c7-baea-c43a03f49808/current/raft-meta.conf
2024-01-29 07:44:07,365 [abb8ef56-980b-44e3-a149-c32b9999de28-groupManagement] INFO  ratis.ContainerStateMachine (ContainerStateMachine.java:loadSnapshot(287)) - group-C43A03F49808: The snapshot info is null. Setting the last applied index to:(t:0, i:~)
2024-01-29 07:44:07,365 [abb8ef56-980b-44e3-a149-c32b9999de28-groupManagement] INFO  server.RaftServerConfigKeys (ConfUtils.java:logGet(46)) - raft.server.log.use.memory = false (default)
2024-01-29 07:44:07,365 [abb8ef56-980b-44e3-a149-c32b9999de28-groupManagement] INFO  server.RaftServerConfigKeys (ConfUtils.java:logGet(46)) - raft.server.log.purge.gap = 1000000 (custom)
2024-01-29 07:44:07,365 [abb8ef56-980b-44e3-a149-c32b9999de28-groupManagement] INFO  server.RaftServerConfigKeys (ConfUtils.java:logGet(46)) - raft.server.log.appender.buffer.byte-limit = 8388608 (custom)
2024-01-29 07:44:07,365 [abb8ef56-980b-44e3-a149-c32b9999de28-groupManagement] INFO  server.RaftServerConfigKeys (ConfUtils.java:logGet(46)) - raft.server.log.statemachine.data.read.timeout = 1000ms (default)
2024-01-29 07:44:07,365 [abb8ef56-980b-44e3-a149-c32b9999de28-groupManagement] INFO  server.RaftServerConfigKeys (ConfUtils.java:logGet(46)) - raft.server.log.purge.preservation.log.num = 0 (default)
2024-01-29 07:44:07,366 [EventQueue-PipelineReportForPipelineReportHandler] INFO  pipeline.PipelineReportHandler (PipelineReportHandler.java:processPipelineReport(136)) - Opened pipeline PipelineID=04d89e2a-8821-40c7-baea-c43a03f49808
2024-01-29 07:44:07,366 [EventQueue-OpenPipelineForHealthyPipelineSafeModeRule] INFO  safemode.SCMSafeModeManager (HealthyPipelineSafeModeRule.java:process(140)) - SCM in safe mode. Healthy pipelines reported count is 0, required healthy pipeline reported count is 1
2024-01-29 07:44:07,366 [abb8ef56-980b-44e3-a149-c32b9999de28-groupManagement] INFO  server.RaftServerConfigKeys (ConfUtils.java:logGet(46)) - raft.server.log.segment.size.max = 67108864 (custom)
2024-01-29 07:44:07,366 [abb8ef56-980b-44e3-a149-c32b9999de28-groupManagement] INFO  server.RaftServerConfigKeys (ConfUtils.java:logGet(46)) - raft.server.log.segment.cache.num.max = 2 (custom)
2024-01-29 07:44:07,366 [abb8ef56-980b-44e3-a149-c32b9999de28-groupManagement] INFO  server.RaftServerConfigKeys (ConfUtils.java:logGet(46)) - raft.server.log.segment.cache.size.max = 200MB (=209715200) (default)
2024-01-29 07:44:07,366 [abb8ef56-980b-44e3-a149-c32b9999de28-groupManagement] INFO  server.RaftServerConfigKeys (ConfUtils.java:logGet(46)) - raft.server.log.appender.buffer.byte-limit = 8388608 (custom)
2024-01-29 07:44:07,366 [abb8ef56-980b-44e3-a149-c32b9999de28-groupManagement] INFO  util.AwaitToRun (AwaitToRun.java:start(81)) - Thread[abb8ef56-980b-44e3-a149-c32b9999de28@group-C43A03F49808-cacheEviction-AwaitToRun,5,main] started
2024-01-29 07:44:07,367 [abb8ef56-980b-44e3-a149-c32b9999de28-groupManagement] INFO  segmented.SegmentedRaftLogWorker (SegmentedRaftLogWorker.java:<init>(182)) - new abb8ef56-980b-44e3-a149-c32b9999de28@group-C43A03F49808-SegmentedRaftLogWorker for RaftStorageImpl:Storage Directory /home/runner/work/ozone/ozone/hadoop-ozone/integration-test/target/test-dir/MiniOzoneClusterImpl-4c098651-5741-4b11-9e36-c6ca8da28866/datanode-5/data/ratis/04d89e2a-8821-40c7-baea-c43a03f49808
2024-01-29 07:44:07,367 [abb8ef56-980b-44e3-a149-c32b9999de28-groupManagement] INFO  server.RaftServerConfigKeys (ConfUtils.java:logGet(46)) - raft.server.log.queue.byte-limit = 4294967296 (custom)
2024-01-29 07:44:07,367 [abb8ef56-980b-44e3-a149-c32b9999de28-groupManagement] INFO  server.RaftServerConfigKeys (ConfUtils.java:logGet(46)) - raft.server.log.queue.element-limit = 1024 (custom)
2024-01-29 07:44:07,367 [abb8ef56-980b-44e3-a149-c32b9999de28-groupManagement] INFO  server.RaftServerConfigKeys (ConfUtils.java:logGet(46)) - raft.server.log.segment.size.max = 67108864 (custom)
2024-01-29 07:44:07,367 [abb8ef56-980b-44e3-a149-c32b9999de28-groupManagement] INFO  server.RaftServerConfigKeys (ConfUtils.java:logGet(46)) - raft.server.log.preallocated.size = 4194304 (custom)
2024-01-29 07:44:07,367 [abb8ef56-980b-44e3-a149-c32b9999de28-groupManagement] INFO  server.RaftServerConfigKeys (ConfUtils.java:logGet(46)) - raft.server.log.force.sync.num = 128 (default)
2024-01-29 07:44:07,367 [abb8ef56-980b-44e3-a149-c32b9999de28-groupManagement] INFO  server.RaftServerConfigKeys (ConfUtils.java:logGet(46)) - raft.server.log.statemachine.data.sync = true (default)
2024-01-29 07:44:07,367 [abb8ef56-980b-44e3-a149-c32b9999de28-groupManagement] INFO  server.RaftServerConfigKeys (ConfUtils.java:logGet(46)) - raft.server.log.statemachine.data.sync.timeout = 10s (default)
2024-01-29 07:44:07,367 [abb8ef56-980b-44e3-a149-c32b9999de28-groupManagement] INFO  server.RaftServerConfigKeys (ConfUtils.java:logGet(46)) - raft.server.log.statemachine.data.sync.timeout.retry = 0 (custom)
2024-01-29 07:44:07,367 [abb8ef56-980b-44e3-a149-c32b9999de28-groupManagement] INFO  server.RaftServerConfigKeys (ConfUtils.java:logGet(46)) - raft.server.log.write.buffer.size = 8388616 (custom)
2024-01-29 07:44:07,368 [abb8ef56-980b-44e3-a149-c32b9999de28-groupManagement] INFO  server.RaftServerConfigKeys (ConfUtils.java:logGet(46)) - raft.server.log.appender.buffer.byte-limit = 8388608 (custom)
2024-01-29 07:44:07,368 [abb8ef56-980b-44e3-a149-c32b9999de28-groupManagement] INFO  server.RaftServerConfigKeys (ConfUtils.java:logGet(46)) - raft.server.log.unsafe-flush.enabled = false (default)
2024-01-29 07:44:07,369 [abb8ef56-980b-44e3-a149-c32b9999de28-groupManagement] INFO  server.RaftServerConfigKeys (ConfUtils.java:logGet(46)) - raft.server.log.async-flush.enabled = false (default)
2024-01-29 07:44:07,369 [abb8ef56-980b-44e3-a149-c32b9999de28-groupManagement] INFO  server.RaftServerConfigKeys (ConfUtils.java:logGet(46)) - raft.server.log.statemachine.data.caching.enabled = true (custom)
2024-01-29 07:44:07,369 [abb8ef56-980b-44e3-a149-c32b9999de28-groupManagement] INFO  segmented.SegmentedRaftLogWorker (SegmentedRaftLogWorker.java:lambda$new$0(134)) - abb8ef56-980b-44e3-a149-c32b9999de28@group-C43A03F49808-SegmentedRaftLogWorker: flushIndex: setUnconditionally 0 -> -1
2024-01-29 07:44:07,369 [abb8ef56-980b-44e3-a149-c32b9999de28-groupManagement] INFO  segmented.SegmentedRaftLogWorker (SegmentedRaftLogWorker.java:lambda$new$0(134)) - abb8ef56-980b-44e3-a149-c32b9999de28@group-C43A03F49808-SegmentedRaftLogWorker: safeCacheEvictIndex: setUnconditionally 0 -> -1
2024-01-29 07:44:07,369 [abb8ef56-980b-44e3-a149-c32b9999de28-groupManagement] INFO  server.RaftServer$Division (RaftServerImpl.java:start(396)) - abb8ef56-980b-44e3-a149-c32b9999de28@group-C43A03F49808: start as a follower, conf=-1: peers:[abb8ef56-980b-44e3-a149-c32b9999de28|10.1.0.7:15415]|listeners:[], old=null
2024-01-29 07:44:07,369 [abb8ef56-980b-44e3-a149-c32b9999de28-groupManagement] INFO  server.RaftServer$Division (RaftServerImpl.java:setRole(383)) - abb8ef56-980b-44e3-a149-c32b9999de28@group-C43A03F49808: changes role from      null to FOLLOWER at term 0 for startAsFollower
2024-01-29 07:44:07,369 [abb8ef56-980b-44e3-a149-c32b9999de28-groupManagement] INFO  impl.RoleInfo (RoleInfo.java:updateAndGet(139)) - abb8ef56-980b-44e3-a149-c32b9999de28: start abb8ef56-980b-44e3-a149-c32b9999de28@group-C43A03F49808-FollowerState
2024-01-29 07:44:07,369 [abb8ef56-980b-44e3-a149-c32b9999de28@group-C43A03F49808-FollowerState] INFO  server.RaftServerConfigKeys (ConfUtils.java:logFallback(53)) - raft.server.rpc.first-election.timeout.min = 5s (fallback to raft.server.rpc.timeout.min)
2024-01-29 07:44:07,369 [abb8ef56-980b-44e3-a149-c32b9999de28-groupManagement] INFO  util.JmxRegister (JmxRegister.java:tryRegister(44)) - Successfully registered JMX Bean with object name Ratis:service=RaftServer,group=group-C43A03F49808,id=abb8ef56-980b-44e3-a149-c32b9999de28
2024-01-29 07:44:07,369 [abb8ef56-980b-44e3-a149-c32b9999de28@group-C43A03F49808-FollowerState] INFO  server.RaftServerConfigKeys (ConfUtils.java:logFallback(53)) - raft.server.rpc.first-election.timeout.max = 5200ms (fallback to raft.server.rpc.timeout.max)
2024-01-29 07:44:07,369 [abb8ef56-980b-44e3-a149-c32b9999de28-groupManagement] INFO  server.RaftServerConfigKeys (ConfUtils.java:logGet(46)) - raft.server.snapshot.trigger-when-stop.enabled = true (default)
2024-01-29 07:44:07,369 [abb8ef56-980b-44e3-a149-c32b9999de28-groupManagement] INFO  server.RaftServerConfigKeys (ConfUtils.java:logGet(46)) - raft.server.snapshot.auto.trigger.enabled = true (custom)
2024-01-29 07:44:07,369 [abb8ef56-980b-44e3-a149-c32b9999de28-groupManagement] INFO  server.RaftServerConfigKeys (ConfUtils.java:logGet(46)) - raft.server.snapshot.auto.trigger.threshold = 10000 (custom)
2024-01-29 07:44:07,369 [abb8ef56-980b-44e3-a149-c32b9999de28-groupManagement] INFO  server.RaftServerConfigKeys (ConfUtils.java:logGet(46)) - raft.server.snapshot.retention.file.num = 5 (custom)
2024-01-29 07:44:07,369 [abb8ef56-980b-44e3-a149-c32b9999de28-groupManagement] INFO  server.RaftServerConfigKeys (ConfUtils.java:logGet(46)) - raft.server.log.purge.upto.snapshot.index = false (default)
2024-01-29 07:44:07,370 [abb8ef56-980b-44e3-a149-c32b9999de28-PipelineCommandHandlerThread-0] INFO  ratis.XceiverServerRatis (XceiverServerRatis.java:addGroup(864)) - Created group PipelineID=04d89e2a-8821-40c7-baea-c43a03f49808
2024-01-29 07:44:07,370 [abb8ef56-980b-44e3-a149-c32b9999de28-PipelineCommandHandlerThread-0] INFO  commandhandler.CreatePipelineCommandHandler (CreatePipelineCommandHandler.java:lambda$handle$2(124)) - Created Pipeline RATIS ONE PipelineID=04d89e2a-8821-40c7-baea-c43a03f49808.
2024-01-29 07:44:07,443 [2532b31c-22c5-467b-a3b6-d3baa4dde6c4-PipelineCommandHandlerThread-0] INFO  server.RaftServer (RaftServerProxy.java:addNew(100)) - 2532b31c-22c5-467b-a3b6-d3baa4dde6c4: addNew group-D9079FC0F504:[2532b31c-22c5-467b-a3b6-d3baa4dde6c4|10.1.0.7:15424] returns group-D9079FC0F504:java.util.concurrent.CompletableFuture@2186ef7[Not completed]
2024-01-29 07:44:07,444 [2532b31c-22c5-467b-a3b6-d3baa4dde6c4-groupManagement] INFO  server.RaftServer$Division (RaftServerImpl.java:<init>(256)) - 2532b31c-22c5-467b-a3b6-d3baa4dde6c4: new RaftServerImpl for group-D9079FC0F504:[2532b31c-22c5-467b-a3b6-d3baa4dde6c4|10.1.0.7:15424] with ContainerStateMachine:uninitialized
2024-01-29 07:44:07,444 [2532b31c-22c5-467b-a3b6-d3baa4dde6c4-groupManagement] INFO  server.RaftServerConfigKeys (ConfUtils.java:logGet(46)) - raft.server.rpc.timeout.min = 5s (custom)
2024-01-29 07:44:07,444 [2532b31c-22c5-467b-a3b6-d3baa4dde6c4-groupManagement] INFO  server.RaftServerConfigKeys (ConfUtils.java:logGet(46)) - raft.server.rpc.timeout.max = 5200ms (custom)
2024-01-29 07:44:07,444 [2532b31c-22c5-467b-a3b6-d3baa4dde6c4-groupManagement] INFO  server.RaftServerConfigKeys (ConfUtils.java:logGet(46)) - raft.server.rpc.sleep.time = 25ms (default)
2024-01-29 07:44:07,444 [2532b31c-22c5-467b-a3b6-d3baa4dde6c4-groupManagement] INFO  server.RaftServerConfigKeys (ConfUtils.java:logGet(46)) - raft.server.rpc.slowness.timeout = 300000ms (custom)
2024-01-29 07:44:07,444 [2532b31c-22c5-467b-a3b6-d3baa4dde6c4-groupManagement] INFO  server.RaftServerConfigKeys (ConfUtils.java:logGet(46)) - raft.server.leaderelection.leader.step-down.wait-time = 10s (default)
2024-01-29 07:44:07,444 [2532b31c-22c5-467b-a3b6-d3baa4dde6c4-groupManagement] INFO  server.RaftServerConfigKeys (ConfUtils.java:logGet(46)) - raft.server.leaderelection.member.majority-add = false (default)
2024-01-29 07:44:07,444 [2532b31c-22c5-467b-a3b6-d3baa4dde6c4-groupManagement] INFO  server.RaftServerConfigKeys (ConfUtils.java:logGet(46)) - raft.server.sleep.deviation.threshold = 300ms (default)
2024-01-29 07:44:07,444 [2532b31c-22c5-467b-a3b6-d3baa4dde6c4-groupManagement] INFO  server.RaftServer$Division (ServerState.java:<init>(113)) - 2532b31c-22c5-467b-a3b6-d3baa4dde6c4@group-D9079FC0F504: ConfigurationManager, init=-1: peers:[2532b31c-22c5-467b-a3b6-d3baa4dde6c4|10.1.0.7:15424]|listeners:[], old=null, confs=<EMPTY_MAP>
2024-01-29 07:44:07,444 [2532b31c-22c5-467b-a3b6-d3baa4dde6c4-groupManagement] INFO  server.RaftServerConfigKeys (ConfUtils.java:logGet(46)) - raft.server.notification.no-leader.timeout = 300000ms (custom)
2024-01-29 07:44:07,444 [2532b31c-22c5-467b-a3b6-d3baa4dde6c4-groupManagement] INFO  server.RaftServerConfigKeys (ConfUtils.java:logGet(46)) - raft.server.read.timeout = 10s (default)
2024-01-29 07:44:07,444 [2532b31c-22c5-467b-a3b6-d3baa4dde6c4-groupManagement] INFO  server.RaftServerConfigKeys (ConfUtils.java:logGet(46)) - raft.server.retrycache.expirytime = 600000ms (custom)
2024-01-29 07:44:07,444 [2532b31c-22c5-467b-a3b6-d3baa4dde6c4-groupManagement] INFO  server.RaftServerConfigKeys (ConfUtils.java:logGet(46)) - raft.server.retrycache.statistics.expirytime = 100ms (default)
2024-01-29 07:44:07,444 [2532b31c-22c5-467b-a3b6-d3baa4dde6c4-groupManagement] INFO  server.RaftServerConfigKeys (ConfUtils.java:logGet(46)) - raft.server.read.option = DEFAULT (default)
2024-01-29 07:44:07,445 [2532b31c-22c5-467b-a3b6-d3baa4dde6c4-groupManagement] INFO  server.RaftServerConfigKeys (ConfUtils.java:logGet(46)) - raft.server.read.read-after-write-consistent.write-index-cache.expiry-time = 60s (default)
2024-01-29 07:44:07,446 [2532b31c-22c5-467b-a3b6-d3baa4dde6c4-groupManagement] INFO  server.RaftServerConfigKeys (ConfUtils.java:logGet(46)) - raft.server.rpc.request.timeout = 3000ms (default)
2024-01-29 07:44:07,447 [2532b31c-22c5-467b-a3b6-d3baa4dde6c4-groupManagement] INFO  server.RaftServerConfigKeys (ConfUtils.java:logGet(46)) - raft.server.log.appender.install.snapshot.enabled = false (custom)
2024-01-29 07:44:07,447 [2532b31c-22c5-467b-a3b6-d3baa4dde6c4-groupManagement] INFO  server.RaftServerConfigKeys (ConfUtils.java:logGet(46)) - raft.server.threadpool.server.cached = true (default)
2024-01-29 07:44:07,447 [2532b31c-22c5-467b-a3b6-d3baa4dde6c4-groupManagement] INFO  server.RaftServerConfigKeys (ConfUtils.java:logGet(46)) - raft.server.threadpool.server.size = 0 (default)
2024-01-29 07:44:07,447 [2532b31c-22c5-467b-a3b6-d3baa4dde6c4-groupManagement] INFO  server.RaftServerConfigKeys (ConfUtils.java:logGet(46)) - raft.server.threadpool.client.cached = true (default)
2024-01-29 07:44:07,447 [2532b31c-22c5-467b-a3b6-d3baa4dde6c4-groupManagement] INFO  server.RaftServerConfigKeys (ConfUtils.java:logGet(46)) - raft.server.threadpool.client.size = 0 (default)
2024-01-29 07:44:07,447 [2532b31c-22c5-467b-a3b6-d3baa4dde6c4-groupManagement] INFO  server.RaftServerConfigKeys (ConfUtils.java:logGet(46)) - raft.server.storage.free-space.min = 0MB (=0) (default)
2024-01-29 07:44:07,447 [2532b31c-22c5-467b-a3b6-d3baa4dde6c4-groupManagement] INFO  server.RaftServerConfigKeys (ConfUtils.java:logGet(46)) - raft.server.log.corruption.policy = EXCEPTION (default)
2024-01-29 07:44:07,447 [2532b31c-22c5-467b-a3b6-d3baa4dde6c4-groupManagement] INFO  server.RaftServerConfigKeys (ConfUtils.java:logGet(46)) - raft.server.storage.dir = [/home/runner/work/ozone/ozone/hadoop-ozone/integration-test/target/test-dir/MiniOzoneClusterImpl-4c098651-5741-4b11-9e36-c6ca8da28866/datanode-6/data/ratis] (custom)
2024-01-29 07:44:07,447 [2532b31c-22c5-467b-a3b6-d3baa4dde6c4-groupManagement] INFO  storage.RaftStorageDirectory (RaftStorageDirectoryImpl.java:analyzeStorage(138)) - The storage directory /home/runner/work/ozone/ozone/hadoop-ozone/integration-test/target/test-dir/MiniOzoneClusterImpl-4c098651-5741-4b11-9e36-c6ca8da28866/datanode-6/data/ratis/722a4688-77dd-4fe2-ad8c-d9079fc0f504 does not exist. Creating ...
2024-01-29 07:44:07,448 [2532b31c-22c5-467b-a3b6-d3baa4dde6c4-groupManagement] INFO  storage.RaftStorageDirectory (RaftStorageDirectoryImpl.java:tryLock(228)) - Lock on /home/runner/work/ozone/ozone/hadoop-ozone/integration-test/target/test-dir/MiniOzoneClusterImpl-4c098651-5741-4b11-9e36-c6ca8da28866/datanode-6/data/ratis/722a4688-77dd-4fe2-ad8c-d9079fc0f504/in_use.lock acquired by nodename 37616@fv-az571-724
2024-01-29 07:44:07,449 [2532b31c-22c5-467b-a3b6-d3baa4dde6c4-groupManagement] INFO  storage.RaftStorage (RaftStorageImpl.java:format(99)) - Storage directory /home/runner/work/ozone/ozone/hadoop-ozone/integration-test/target/test-dir/MiniOzoneClusterImpl-4c098651-5741-4b11-9e36-c6ca8da28866/datanode-6/data/ratis/722a4688-77dd-4fe2-ad8c-d9079fc0f504 has been successfully formatted.
2024-01-29 07:44:07,449 [2532b31c-22c5-467b-a3b6-d3baa4dde6c4-groupManagement] WARN  util.FileUtils (LogUtils.java:supplyAndLog(63)) - Failed to Files.newInputStream /home/runner/work/ozone/ozone/hadoop-ozone/integration-test/target/test-dir/MiniOzoneClusterImpl-4c098651-5741-4b11-9e36-c6ca8da28866/datanode-6/data/ratis/722a4688-77dd-4fe2-ad8c-d9079fc0f504/current/raft-meta.conf with options []: java.nio.file.NoSuchFileException: /home/runner/work/ozone/ozone/hadoop-ozone/integration-test/target/test-dir/MiniOzoneClusterImpl-4c098651-5741-4b11-9e36-c6ca8da28866/datanode-6/data/ratis/722a4688-77dd-4fe2-ad8c-d9079fc0f504/current/raft-meta.conf
2024-01-29 07:44:07,450 [2532b31c-22c5-467b-a3b6-d3baa4dde6c4-groupManagement] INFO  ratis.ContainerStateMachine (ContainerStateMachine.java:loadSnapshot(287)) - group-D9079FC0F504: The snapshot info is null. Setting the last applied index to:(t:0, i:~)
2024-01-29 07:44:07,450 [2532b31c-22c5-467b-a3b6-d3baa4dde6c4-groupManagement] INFO  server.RaftServerConfigKeys (ConfUtils.java:logGet(46)) - raft.server.log.use.memory = false (default)
2024-01-29 07:44:07,450 [2532b31c-22c5-467b-a3b6-d3baa4dde6c4-groupManagement] INFO  server.RaftServerConfigKeys (ConfUtils.java:logGet(46)) - raft.server.log.purge.gap = 1000000 (custom)
2024-01-29 07:44:07,450 [2532b31c-22c5-467b-a3b6-d3baa4dde6c4-groupManagement] INFO  server.RaftServerConfigKeys (ConfUtils.java:logGet(46)) - raft.server.log.appender.buffer.byte-limit = 8388608 (custom)
2024-01-29 07:44:07,451 [2532b31c-22c5-467b-a3b6-d3baa4dde6c4-groupManagement] INFO  server.RaftServerConfigKeys (ConfUtils.java:logGet(46)) - raft.server.log.statemachine.data.read.timeout = 1000ms (default)
2024-01-29 07:44:07,451 [2532b31c-22c5-467b-a3b6-d3baa4dde6c4-groupManagement] INFO  server.RaftServerConfigKeys (ConfUtils.java:logGet(46)) - raft.server.log.purge.preservation.log.num = 0 (default)
2024-01-29 07:44:07,451 [EventQueue-PipelineReportForPipelineReportHandler] INFO  pipeline.PipelineReportHandler (PipelineReportHandler.java:processPipelineReport(136)) - Opened pipeline PipelineID=722a4688-77dd-4fe2-ad8c-d9079fc0f504
2024-01-29 07:44:07,451 [EventQueue-OpenPipelineForHealthyPipelineSafeModeRule] INFO  safemode.SCMSafeModeManager (HealthyPipelineSafeModeRule.java:process(140)) - SCM in safe mode. Healthy pipelines reported count is 0, required healthy pipeline reported count is 1
2024-01-29 07:44:07,452 [2532b31c-22c5-467b-a3b6-d3baa4dde6c4-groupManagement] INFO  server.RaftServerConfigKeys (ConfUtils.java:logGet(46)) - raft.server.log.segment.size.max = 67108864 (custom)
2024-01-29 07:44:07,452 [2532b31c-22c5-467b-a3b6-d3baa4dde6c4-groupManagement] INFO  server.RaftServerConfigKeys (ConfUtils.java:logGet(46)) - raft.server.log.segment.cache.num.max = 2 (custom)
2024-01-29 07:44:07,452 [2532b31c-22c5-467b-a3b6-d3baa4dde6c4-groupManagement] INFO  server.RaftServerConfigKeys (ConfUtils.java:logGet(46)) - raft.server.log.segment.cache.size.max = 200MB (=209715200) (default)
2024-01-29 07:44:07,452 [2532b31c-22c5-467b-a3b6-d3baa4dde6c4-groupManagement] INFO  server.RaftServerConfigKeys (ConfUtils.java:logGet(46)) - raft.server.log.appender.buffer.byte-limit = 8388608 (custom)
2024-01-29 07:44:07,452 [2532b31c-22c5-467b-a3b6-d3baa4dde6c4-groupManagement] INFO  util.AwaitToRun (AwaitToRun.java:start(81)) - Thread[2532b31c-22c5-467b-a3b6-d3baa4dde6c4@group-D9079FC0F504-cacheEviction-AwaitToRun,5,main] started
2024-01-29 07:44:07,452 [2532b31c-22c5-467b-a3b6-d3baa4dde6c4-groupManagement] INFO  segmented.SegmentedRaftLogWorker (SegmentedRaftLogWorker.java:<init>(182)) - new 2532b31c-22c5-467b-a3b6-d3baa4dde6c4@group-D9079FC0F504-SegmentedRaftLogWorker for RaftStorageImpl:Storage Directory /home/runner/work/ozone/ozone/hadoop-ozone/integration-test/target/test-dir/MiniOzoneClusterImpl-4c098651-5741-4b11-9e36-c6ca8da28866/datanode-6/data/ratis/722a4688-77dd-4fe2-ad8c-d9079fc0f504
2024-01-29 07:44:07,454 [2532b31c-22c5-467b-a3b6-d3baa4dde6c4-groupManagement] INFO  server.RaftServerConfigKeys (ConfUtils.java:logGet(46)) - raft.server.log.queue.byte-limit = 4294967296 (custom)
2024-01-29 07:44:07,454 [2532b31c-22c5-467b-a3b6-d3baa4dde6c4-groupManagement] INFO  server.RaftServerConfigKeys (ConfUtils.java:logGet(46)) - raft.server.log.queue.element-limit = 1024 (custom)
2024-01-29 07:44:07,454 [2532b31c-22c5-467b-a3b6-d3baa4dde6c4-groupManagement] INFO  server.RaftServerConfigKeys (ConfUtils.java:logGet(46)) - raft.server.log.segment.size.max = 67108864 (custom)
2024-01-29 07:44:07,454 [2532b31c-22c5-467b-a3b6-d3baa4dde6c4-groupManagement] INFO  server.RaftServerConfigKeys (ConfUtils.java:logGet(46)) - raft.server.log.preallocated.size = 4194304 (custom)
2024-01-29 07:44:07,454 [2532b31c-22c5-467b-a3b6-d3baa4dde6c4-groupManagement] INFO  server.RaftServerConfigKeys (ConfUtils.java:logGet(46)) - raft.server.log.force.sync.num = 128 (default)
2024-01-29 07:44:07,454 [2532b31c-22c5-467b-a3b6-d3baa4dde6c4-groupManagement] INFO  server.RaftServerConfigKeys (ConfUtils.java:logGet(46)) - raft.server.log.statemachine.data.sync = true (default)
2024-01-29 07:44:07,454 [2532b31c-22c5-467b-a3b6-d3baa4dde6c4-groupManagement] INFO  server.RaftServerConfigKeys (ConfUtils.java:logGet(46)) - raft.server.log.statemachine.data.sync.timeout = 10s (default)
2024-01-29 07:44:07,454 [2532b31c-22c5-467b-a3b6-d3baa4dde6c4-groupManagement] INFO  server.RaftServerConfigKeys (ConfUtils.java:logGet(46)) - raft.server.log.statemachine.data.sync.timeout.retry = 0 (custom)
2024-01-29 07:44:07,455 [2532b31c-22c5-467b-a3b6-d3baa4dde6c4-groupManagement] INFO  server.RaftServerConfigKeys (ConfUtils.java:logGet(46)) - raft.server.log.write.buffer.size = 8388616 (custom)
2024-01-29 07:44:07,456 [2532b31c-22c5-467b-a3b6-d3baa4dde6c4-groupManagement] INFO  server.RaftServerConfigKeys (ConfUtils.java:logGet(46)) - raft.server.log.appender.buffer.byte-limit = 8388608 (custom)
2024-01-29 07:44:07,456 [2532b31c-22c5-467b-a3b6-d3baa4dde6c4-groupManagement] INFO  server.RaftServerConfigKeys (ConfUtils.java:logGet(46)) - raft.server.log.unsafe-flush.enabled = false (default)
2024-01-29 07:44:07,456 [2532b31c-22c5-467b-a3b6-d3baa4dde6c4-groupManagement] INFO  server.RaftServerConfigKeys (ConfUtils.java:logGet(46)) - raft.server.log.async-flush.enabled = false (default)
2024-01-29 07:44:07,456 [2532b31c-22c5-467b-a3b6-d3baa4dde6c4-groupManagement] INFO  server.RaftServerConfigKeys (ConfUtils.java:logGet(46)) - raft.server.log.statemachine.data.caching.enabled = true (custom)
2024-01-29 07:44:07,457 [2532b31c-22c5-467b-a3b6-d3baa4dde6c4-groupManagement] INFO  segmented.SegmentedRaftLogWorker (SegmentedRaftLogWorker.java:lambda$new$0(134)) - 2532b31c-22c5-467b-a3b6-d3baa4dde6c4@group-D9079FC0F504-SegmentedRaftLogWorker: flushIndex: setUnconditionally 0 -> -1
2024-01-29 07:44:07,457 [2532b31c-22c5-467b-a3b6-d3baa4dde6c4-groupManagement] INFO  segmented.SegmentedRaftLogWorker (SegmentedRaftLogWorker.java:lambda$new$0(134)) - 2532b31c-22c5-467b-a3b6-d3baa4dde6c4@group-D9079FC0F504-SegmentedRaftLogWorker: safeCacheEvictIndex: setUnconditionally 0 -> -1
2024-01-29 07:44:07,457 [2532b31c-22c5-467b-a3b6-d3baa4dde6c4-groupManagement] INFO  server.RaftServer$Division (RaftServerImpl.java:start(396)) - 2532b31c-22c5-467b-a3b6-d3baa4dde6c4@group-D9079FC0F504: start as a follower, conf=-1: peers:[2532b31c-22c5-467b-a3b6-d3baa4dde6c4|10.1.0.7:15424]|listeners:[], old=null
2024-01-29 07:44:07,457 [2532b31c-22c5-467b-a3b6-d3baa4dde6c4-groupManagement] INFO  server.RaftServer$Division (RaftServerImpl.java:setRole(383)) - 2532b31c-22c5-467b-a3b6-d3baa4dde6c4@group-D9079FC0F504: changes role from      null to FOLLOWER at term 0 for startAsFollower
2024-01-29 07:44:07,457 [2532b31c-22c5-467b-a3b6-d3baa4dde6c4-groupManagement] INFO  impl.RoleInfo (RoleInfo.java:updateAndGet(139)) - 2532b31c-22c5-467b-a3b6-d3baa4dde6c4: start 2532b31c-22c5-467b-a3b6-d3baa4dde6c4@group-D9079FC0F504-FollowerState
2024-01-29 07:44:07,457 [2532b31c-22c5-467b-a3b6-d3baa4dde6c4@group-D9079FC0F504-FollowerState] INFO  server.RaftServerConfigKeys (ConfUtils.java:logFallback(53)) - raft.server.rpc.first-election.timeout.min = 5s (fallback to raft.server.rpc.timeout.min)
2024-01-29 07:44:07,457 [2532b31c-22c5-467b-a3b6-d3baa4dde6c4-groupManagement] INFO  util.JmxRegister (JmxRegister.java:tryRegister(44)) - Successfully registered JMX Bean with object name Ratis:service=RaftServer,group=group-D9079FC0F504,id=2532b31c-22c5-467b-a3b6-d3baa4dde6c4
2024-01-29 07:44:07,457 [2532b31c-22c5-467b-a3b6-d3baa4dde6c4@group-D9079FC0F504-FollowerState] INFO  server.RaftServerConfigKeys (ConfUtils.java:logFallback(53)) - raft.server.rpc.first-election.timeout.max = 5200ms (fallback to raft.server.rpc.timeout.max)
2024-01-29 07:44:07,457 [2532b31c-22c5-467b-a3b6-d3baa4dde6c4-groupManagement] INFO  server.RaftServerConfigKeys (ConfUtils.java:logGet(46)) - raft.server.snapshot.trigger-when-stop.enabled = true (default)
2024-01-29 07:44:07,458 [2532b31c-22c5-467b-a3b6-d3baa4dde6c4-groupManagement] INFO  server.RaftServerConfigKeys (ConfUtils.java:logGet(46)) - raft.server.snapshot.auto.trigger.enabled = true (custom)
2024-01-29 07:44:07,458 [2532b31c-22c5-467b-a3b6-d3baa4dde6c4-groupManagement] INFO  server.RaftServerConfigKeys (ConfUtils.java:logGet(46)) - raft.server.snapshot.auto.trigger.threshold = 10000 (custom)
2024-01-29 07:44:07,458 [2532b31c-22c5-467b-a3b6-d3baa4dde6c4-groupManagement] INFO  server.RaftServerConfigKeys (ConfUtils.java:logGet(46)) - raft.server.snapshot.retention.file.num = 5 (custom)
2024-01-29 07:44:07,458 [2532b31c-22c5-467b-a3b6-d3baa4dde6c4-groupManagement] INFO  server.RaftServerConfigKeys (ConfUtils.java:logGet(46)) - raft.server.log.purge.upto.snapshot.index = false (default)
2024-01-29 07:44:07,458 [2532b31c-22c5-467b-a3b6-d3baa4dde6c4-PipelineCommandHandlerThread-0] INFO  ratis.XceiverServerRatis (XceiverServerRatis.java:addGroup(864)) - Created group PipelineID=722a4688-77dd-4fe2-ad8c-d9079fc0f504
2024-01-29 07:44:07,458 [2532b31c-22c5-467b-a3b6-d3baa4dde6c4-PipelineCommandHandlerThread-0] INFO  commandhandler.CreatePipelineCommandHandler (CreatePipelineCommandHandler.java:lambda$handle$2(124)) - Created Pipeline RATIS ONE PipelineID=722a4688-77dd-4fe2-ad8c-d9079fc0f504.
2024-01-29 07:44:07,458 [2532b31c-22c5-467b-a3b6-d3baa4dde6c4-PipelineCommandHandlerThread-0] INFO  server.RaftServer (RaftServerProxy.java:addNew(100)) - 2532b31c-22c5-467b-a3b6-d3baa4dde6c4: addNew group-1941C1C038EC:[2532b31c-22c5-467b-a3b6-d3baa4dde6c4|10.1.0.7:15424, c4e2dbfc-bf93-4c3c-9059-db6704809494|10.1.0.7:15442, 00f7b909-d0df-49f8-910d-886c8291e2be|10.1.0.7:15433] returns group-1941C1C038EC:java.util.concurrent.CompletableFuture@627ea6c[Not completed]
2024-01-29 07:44:07,459 [2532b31c-22c5-467b-a3b6-d3baa4dde6c4-groupManagement] INFO  server.RaftServer$Division (RaftServerImpl.java:<init>(256)) - 2532b31c-22c5-467b-a3b6-d3baa4dde6c4: new RaftServerImpl for group-1941C1C038EC:[2532b31c-22c5-467b-a3b6-d3baa4dde6c4|10.1.0.7:15424, c4e2dbfc-bf93-4c3c-9059-db6704809494|10.1.0.7:15442, 00f7b909-d0df-49f8-910d-886c8291e2be|10.1.0.7:15433] with ContainerStateMachine:uninitialized
2024-01-29 07:44:07,459 [2532b31c-22c5-467b-a3b6-d3baa4dde6c4-groupManagement] INFO  server.RaftServerConfigKeys (ConfUtils.java:logGet(46)) - raft.server.rpc.timeout.min = 5s (custom)
2024-01-29 07:44:07,459 [2532b31c-22c5-467b-a3b6-d3baa4dde6c4-groupManagement] INFO  server.RaftServerConfigKeys (ConfUtils.java:logGet(46)) - raft.server.rpc.timeout.max = 5200ms (custom)
2024-01-29 07:44:07,459 [2532b31c-22c5-467b-a3b6-d3baa4dde6c4-groupManagement] INFO  server.RaftServerConfigKeys (ConfUtils.java:logGet(46)) - raft.server.rpc.sleep.time = 25ms (default)
2024-01-29 07:44:07,459 [2532b31c-22c5-467b-a3b6-d3baa4dde6c4-groupManagement] INFO  server.RaftServerConfigKeys (ConfUtils.java:logGet(46)) - raft.server.rpc.slowness.timeout = 300000ms (custom)
2024-01-29 07:44:07,459 [2532b31c-22c5-467b-a3b6-d3baa4dde6c4-groupManagement] INFO  server.RaftServerConfigKeys (ConfUtils.java:logGet(46)) - raft.server.leaderelection.leader.step-down.wait-time = 10s (default)
2024-01-29 07:44:07,459 [2532b31c-22c5-467b-a3b6-d3baa4dde6c4-groupManagement] INFO  server.RaftServerConfigKeys (ConfUtils.java:logGet(46)) - raft.server.leaderelection.member.majority-add = false (default)
2024-01-29 07:44:07,460 [2532b31c-22c5-467b-a3b6-d3baa4dde6c4-groupManagement] INFO  server.RaftServerConfigKeys (ConfUtils.java:logGet(46)) - raft.server.sleep.deviation.threshold = 300ms (default)
2024-01-29 07:44:07,460 [2532b31c-22c5-467b-a3b6-d3baa4dde6c4-groupManagement] INFO  server.RaftServer$Division (ServerState.java:<init>(113)) - 2532b31c-22c5-467b-a3b6-d3baa4dde6c4@group-1941C1C038EC: ConfigurationManager, init=-1: peers:[2532b31c-22c5-467b-a3b6-d3baa4dde6c4|10.1.0.7:15424, c4e2dbfc-bf93-4c3c-9059-db6704809494|10.1.0.7:15442, 00f7b909-d0df-49f8-910d-886c8291e2be|10.1.0.7:15433]|listeners:[], old=null, confs=<EMPTY_MAP>
2024-01-29 07:44:07,460 [2532b31c-22c5-467b-a3b6-d3baa4dde6c4-groupManagement] INFO  server.RaftServerConfigKeys (ConfUtils.java:logGet(46)) - raft.server.notification.no-leader.timeout = 300000ms (custom)
2024-01-29 07:44:07,460 [2532b31c-22c5-467b-a3b6-d3baa4dde6c4-groupManagement] INFO  server.RaftServerConfigKeys (ConfUtils.java:logGet(46)) - raft.server.read.timeout = 10s (default)
2024-01-29 07:44:07,460 [2532b31c-22c5-467b-a3b6-d3baa4dde6c4-groupManagement] INFO  server.RaftServerConfigKeys (ConfUtils.java:logGet(46)) - raft.server.retrycache.expirytime = 600000ms (custom)
2024-01-29 07:44:07,460 [2532b31c-22c5-467b-a3b6-d3baa4dde6c4-groupManagement] INFO  server.RaftServerConfigKeys (ConfUtils.java:logGet(46)) - raft.server.retrycache.statistics.expirytime = 100ms (default)
2024-01-29 07:44:07,460 [2532b31c-22c5-467b-a3b6-d3baa4dde6c4-groupManagement] INFO  server.RaftServerConfigKeys (ConfUtils.java:logGet(46)) - raft.server.read.option = DEFAULT (default)
2024-01-29 07:44:07,460 [2532b31c-22c5-467b-a3b6-d3baa4dde6c4-groupManagement] INFO  server.RaftServerConfigKeys (ConfUtils.java:logGet(46)) - raft.server.read.read-after-write-consistent.write-index-cache.expiry-time = 60s (default)
2024-01-29 07:44:07,462 [2532b31c-22c5-467b-a3b6-d3baa4dde6c4-groupManagement] INFO  server.RaftServerConfigKeys (ConfUtils.java:logGet(46)) - raft.server.rpc.request.timeout = 3000ms (default)
2024-01-29 07:44:07,462 [2532b31c-22c5-467b-a3b6-d3baa4dde6c4-groupManagement] INFO  server.RaftServerConfigKeys (ConfUtils.java:logGet(46)) - raft.server.log.appender.install.snapshot.enabled = false (custom)
2024-01-29 07:44:07,462 [2532b31c-22c5-467b-a3b6-d3baa4dde6c4-groupManagement] INFO  server.RaftServerConfigKeys (ConfUtils.java:logGet(46)) - raft.server.threadpool.server.cached = true (default)
2024-01-29 07:44:07,462 [2532b31c-22c5-467b-a3b6-d3baa4dde6c4-groupManagement] INFO  server.RaftServerConfigKeys (ConfUtils.java:logGet(46)) - raft.server.threadpool.server.size = 0 (default)
2024-01-29 07:44:07,462 [2532b31c-22c5-467b-a3b6-d3baa4dde6c4-groupManagement] INFO  server.RaftServerConfigKeys (ConfUtils.java:logGet(46)) - raft.server.threadpool.client.cached = true (default)
2024-01-29 07:44:07,462 [2532b31c-22c5-467b-a3b6-d3baa4dde6c4-groupManagement] INFO  server.RaftServerConfigKeys (ConfUtils.java:logGet(46)) - raft.server.threadpool.client.size = 0 (default)
2024-01-29 07:44:07,462 [2532b31c-22c5-467b-a3b6-d3baa4dde6c4-groupManagement] INFO  server.RaftServerConfigKeys (ConfUtils.java:logGet(46)) - raft.server.storage.free-space.min = 0MB (=0) (default)
2024-01-29 07:44:07,462 [2532b31c-22c5-467b-a3b6-d3baa4dde6c4-groupManagement] INFO  server.RaftServerConfigKeys (ConfUtils.java:logGet(46)) - raft.server.log.corruption.policy = EXCEPTION (default)
2024-01-29 07:44:07,462 [2532b31c-22c5-467b-a3b6-d3baa4dde6c4-groupManagement] INFO  server.RaftServerConfigKeys (ConfUtils.java:logGet(46)) - raft.server.storage.dir = [/home/runner/work/ozone/ozone/hadoop-ozone/integration-test/target/test-dir/MiniOzoneClusterImpl-4c098651-5741-4b11-9e36-c6ca8da28866/datanode-6/data/ratis] (custom)
2024-01-29 07:44:07,463 [2532b31c-22c5-467b-a3b6-d3baa4dde6c4-groupManagement] INFO  storage.RaftStorageDirectory (RaftStorageDirectoryImpl.java:analyzeStorage(138)) - The storage directory /home/runner/work/ozone/ozone/hadoop-ozone/integration-test/target/test-dir/MiniOzoneClusterImpl-4c098651-5741-4b11-9e36-c6ca8da28866/datanode-6/data/ratis/0a494d6e-c656-4004-aebc-1941c1c038ec does not exist. Creating ...
2024-01-29 07:44:07,463 [2532b31c-22c5-467b-a3b6-d3baa4dde6c4-groupManagement] INFO  storage.RaftStorageDirectory (RaftStorageDirectoryImpl.java:tryLock(228)) - Lock on /home/runner/work/ozone/ozone/hadoop-ozone/integration-test/target/test-dir/MiniOzoneClusterImpl-4c098651-5741-4b11-9e36-c6ca8da28866/datanode-6/data/ratis/0a494d6e-c656-4004-aebc-1941c1c038ec/in_use.lock acquired by nodename 37616@fv-az571-724
2024-01-29 07:44:07,464 [2532b31c-22c5-467b-a3b6-d3baa4dde6c4-groupManagement] INFO  storage.RaftStorage (RaftStorageImpl.java:format(99)) - Storage directory /home/runner/work/ozone/ozone/hadoop-ozone/integration-test/target/test-dir/MiniOzoneClusterImpl-4c098651-5741-4b11-9e36-c6ca8da28866/datanode-6/data/ratis/0a494d6e-c656-4004-aebc-1941c1c038ec has been successfully formatted.
2024-01-29 07:44:07,464 [2532b31c-22c5-467b-a3b6-d3baa4dde6c4-groupManagement] WARN  util.FileUtils (LogUtils.java:supplyAndLog(63)) - Failed to Files.newInputStream /home/runner/work/ozone/ozone/hadoop-ozone/integration-test/target/test-dir/MiniOzoneClusterImpl-4c098651-5741-4b11-9e36-c6ca8da28866/datanode-6/data/ratis/0a494d6e-c656-4004-aebc-1941c1c038ec/current/raft-meta.conf with options []: java.nio.file.NoSuchFileException: /home/runner/work/ozone/ozone/hadoop-ozone/integration-test/target/test-dir/MiniOzoneClusterImpl-4c098651-5741-4b11-9e36-c6ca8da28866/datanode-6/data/ratis/0a494d6e-c656-4004-aebc-1941c1c038ec/current/raft-meta.conf
2024-01-29 07:44:07,464 [2532b31c-22c5-467b-a3b6-d3baa4dde6c4-groupManagement] INFO  ratis.ContainerStateMachine (ContainerStateMachine.java:loadSnapshot(287)) - group-1941C1C038EC: The snapshot info is null. Setting the last applied index to:(t:0, i:~)
2024-01-29 07:44:07,465 [2532b31c-22c5-467b-a3b6-d3baa4dde6c4-groupManagement] INFO  server.RaftServerConfigKeys (ConfUtils.java:logGet(46)) - raft.server.log.use.memory = false (default)
2024-01-29 07:44:07,465 [2532b31c-22c5-467b-a3b6-d3baa4dde6c4-groupManagement] INFO  server.RaftServerConfigKeys (ConfUtils.java:logGet(46)) - raft.server.log.purge.gap = 1000000 (custom)
2024-01-29 07:44:07,465 [2532b31c-22c5-467b-a3b6-d3baa4dde6c4-groupManagement] INFO  server.RaftServerConfigKeys (ConfUtils.java:logGet(46)) - raft.server.log.appender.buffer.byte-limit = 8388608 (custom)
2024-01-29 07:44:07,465 [2532b31c-22c5-467b-a3b6-d3baa4dde6c4-groupManagement] INFO  server.RaftServerConfigKeys (ConfUtils.java:logGet(46)) - raft.server.log.statemachine.data.read.timeout = 1000ms (default)
2024-01-29 07:44:07,465 [2532b31c-22c5-467b-a3b6-d3baa4dde6c4-groupManagement] INFO  server.RaftServerConfigKeys (ConfUtils.java:logGet(46)) - raft.server.log.purge.preservation.log.num = 0 (default)
2024-01-29 07:44:07,465 [EventQueue-OpenPipelineForHealthyPipelineSafeModeRule] INFO  safemode.SCMSafeModeManager (HealthyPipelineSafeModeRule.java:process(140)) - SCM in safe mode. Healthy pipelines reported count is 0, required healthy pipeline reported count is 1
2024-01-29 07:44:07,466 [2532b31c-22c5-467b-a3b6-d3baa4dde6c4-groupManagement] INFO  server.RaftServerConfigKeys (ConfUtils.java:logGet(46)) - raft.server.log.segment.size.max = 67108864 (custom)
2024-01-29 07:44:07,466 [2532b31c-22c5-467b-a3b6-d3baa4dde6c4-groupManagement] INFO  server.RaftServerConfigKeys (ConfUtils.java:logGet(46)) - raft.server.log.segment.cache.num.max = 2 (custom)
2024-01-29 07:44:07,466 [2532b31c-22c5-467b-a3b6-d3baa4dde6c4-groupManagement] INFO  server.RaftServerConfigKeys (ConfUtils.java:logGet(46)) - raft.server.log.segment.cache.size.max = 200MB (=209715200) (default)
2024-01-29 07:44:07,466 [2532b31c-22c5-467b-a3b6-d3baa4dde6c4-groupManagement] INFO  server.RaftServerConfigKeys (ConfUtils.java:logGet(46)) - raft.server.log.appender.buffer.byte-limit = 8388608 (custom)
2024-01-29 07:44:07,466 [2532b31c-22c5-467b-a3b6-d3baa4dde6c4-groupManagement] INFO  util.AwaitToRun (AwaitToRun.java:start(81)) - Thread[2532b31c-22c5-467b-a3b6-d3baa4dde6c4@group-1941C1C038EC-cacheEviction-AwaitToRun,5,main] started
2024-01-29 07:44:07,467 [2532b31c-22c5-467b-a3b6-d3baa4dde6c4-groupManagement] INFO  segmented.SegmentedRaftLogWorker (SegmentedRaftLogWorker.java:<init>(182)) - new 2532b31c-22c5-467b-a3b6-d3baa4dde6c4@group-1941C1C038EC-SegmentedRaftLogWorker for RaftStorageImpl:Storage Directory /home/runner/work/ozone/ozone/hadoop-ozone/integration-test/target/test-dir/MiniOzoneClusterImpl-4c098651-5741-4b11-9e36-c6ca8da28866/datanode-6/data/ratis/0a494d6e-c656-4004-aebc-1941c1c038ec
2024-01-29 07:44:07,467 [2532b31c-22c5-467b-a3b6-d3baa4dde6c4-groupManagement] INFO  server.RaftServerConfigKeys (ConfUtils.java:logGet(46)) - raft.server.log.queue.byte-limit = 4294967296 (custom)
2024-01-29 07:44:07,467 [2532b31c-22c5-467b-a3b6-d3baa4dde6c4-groupManagement] INFO  server.RaftServerConfigKeys (ConfUtils.java:logGet(46)) - raft.server.log.queue.element-limit = 1024 (custom)
2024-01-29 07:44:07,467 [2532b31c-22c5-467b-a3b6-d3baa4dde6c4-groupManagement] INFO  server.RaftServerConfigKeys (ConfUtils.java:logGet(46)) - raft.server.log.segment.size.max = 67108864 (custom)
2024-01-29 07:44:07,467 [2532b31c-22c5-467b-a3b6-d3baa4dde6c4-groupManagement] INFO  server.RaftServerConfigKeys (ConfUtils.java:logGet(46)) - raft.server.log.preallocated.size = 4194304 (custom)
2024-01-29 07:44:07,467 [2532b31c-22c5-467b-a3b6-d3baa4dde6c4-groupManagement] INFO  server.RaftServerConfigKeys (ConfUtils.java:logGet(46)) - raft.server.log.force.sync.num = 128 (default)
2024-01-29 07:44:07,467 [2532b31c-22c5-467b-a3b6-d3baa4dde6c4-groupManagement] INFO  server.RaftServerConfigKeys (ConfUtils.java:logGet(46)) - raft.server.log.statemachine.data.sync = true (default)
2024-01-29 07:44:07,467 [2532b31c-22c5-467b-a3b6-d3baa4dde6c4-groupManagement] INFO  server.RaftServerConfigKeys (ConfUtils.java:logGet(46)) - raft.server.log.statemachine.data.sync.timeout = 10s (default)
2024-01-29 07:44:07,467 [2532b31c-22c5-467b-a3b6-d3baa4dde6c4-groupManagement] INFO  server.RaftServerConfigKeys (ConfUtils.java:logGet(46)) - raft.server.log.statemachine.data.sync.timeout.retry = 0 (custom)
2024-01-29 07:44:07,467 [2532b31c-22c5-467b-a3b6-d3baa4dde6c4-groupManagement] INFO  server.RaftServerConfigKeys (ConfUtils.java:logGet(46)) - raft.server.log.write.buffer.size = 8388616 (custom)
2024-01-29 07:44:07,469 [2532b31c-22c5-467b-a3b6-d3baa4dde6c4-groupManagement] INFO  server.RaftServerConfigKeys (ConfUtils.java:logGet(46)) - raft.server.log.appender.buffer.byte-limit = 8388608 (custom)
2024-01-29 07:44:07,469 [2532b31c-22c5-467b-a3b6-d3baa4dde6c4-groupManagement] INFO  server.RaftServerConfigKeys (ConfUtils.java:logGet(46)) - raft.server.log.unsafe-flush.enabled = false (default)
2024-01-29 07:44:07,469 [2532b31c-22c5-467b-a3b6-d3baa4dde6c4-groupManagement] INFO  server.RaftServerConfigKeys (ConfUtils.java:logGet(46)) - raft.server.log.async-flush.enabled = false (default)
2024-01-29 07:44:07,469 [2532b31c-22c5-467b-a3b6-d3baa4dde6c4-groupManagement] INFO  server.RaftServerConfigKeys (ConfUtils.java:logGet(46)) - raft.server.log.statemachine.data.caching.enabled = true (custom)
2024-01-29 07:44:07,469 [2532b31c-22c5-467b-a3b6-d3baa4dde6c4-groupManagement] INFO  segmented.SegmentedRaftLogWorker (SegmentedRaftLogWorker.java:lambda$new$0(134)) - 2532b31c-22c5-467b-a3b6-d3baa4dde6c4@group-1941C1C038EC-SegmentedRaftLogWorker: flushIndex: setUnconditionally 0 -> -1
2024-01-29 07:44:07,469 [2532b31c-22c5-467b-a3b6-d3baa4dde6c4-groupManagement] INFO  segmented.SegmentedRaftLogWorker (SegmentedRaftLogWorker.java:lambda$new$0(134)) - 2532b31c-22c5-467b-a3b6-d3baa4dde6c4@group-1941C1C038EC-SegmentedRaftLogWorker: safeCacheEvictIndex: setUnconditionally 0 -> -1
2024-01-29 07:44:07,470 [2532b31c-22c5-467b-a3b6-d3baa4dde6c4-groupManagement] INFO  server.RaftServer$Division (RaftServerImpl.java:start(396)) - 2532b31c-22c5-467b-a3b6-d3baa4dde6c4@group-1941C1C038EC: start as a follower, conf=-1: peers:[2532b31c-22c5-467b-a3b6-d3baa4dde6c4|10.1.0.7:15424, c4e2dbfc-bf93-4c3c-9059-db6704809494|10.1.0.7:15442, 00f7b909-d0df-49f8-910d-886c8291e2be|10.1.0.7:15433]|listeners:[], old=null
2024-01-29 07:44:07,470 [2532b31c-22c5-467b-a3b6-d3baa4dde6c4-groupManagement] INFO  server.RaftServer$Division (RaftServerImpl.java:setRole(383)) - 2532b31c-22c5-467b-a3b6-d3baa4dde6c4@group-1941C1C038EC: changes role from      null to FOLLOWER at term 0 for startAsFollower
2024-01-29 07:44:07,470 [2532b31c-22c5-467b-a3b6-d3baa4dde6c4-groupManagement] INFO  impl.RoleInfo (RoleInfo.java:updateAndGet(139)) - 2532b31c-22c5-467b-a3b6-d3baa4dde6c4: start 2532b31c-22c5-467b-a3b6-d3baa4dde6c4@group-1941C1C038EC-FollowerState
2024-01-29 07:44:07,470 [2532b31c-22c5-467b-a3b6-d3baa4dde6c4-groupManagement] INFO  util.JmxRegister (JmxRegister.java:tryRegister(44)) - Successfully registered JMX Bean with object name Ratis:service=RaftServer,group=group-1941C1C038EC,id=2532b31c-22c5-467b-a3b6-d3baa4dde6c4
2024-01-29 07:44:07,470 [2532b31c-22c5-467b-a3b6-d3baa4dde6c4-groupManagement] INFO  server.RaftServerConfigKeys (ConfUtils.java:logGet(46)) - raft.server.snapshot.trigger-when-stop.enabled = true (default)
2024-01-29 07:44:07,470 [2532b31c-22c5-467b-a3b6-d3baa4dde6c4-groupManagement] INFO  server.RaftServerConfigKeys (ConfUtils.java:logGet(46)) - raft.server.snapshot.auto.trigger.enabled = true (custom)
2024-01-29 07:44:07,470 [2532b31c-22c5-467b-a3b6-d3baa4dde6c4-groupManagement] INFO  server.RaftServerConfigKeys (ConfUtils.java:logGet(46)) - raft.server.snapshot.auto.trigger.threshold = 10000 (custom)
2024-01-29 07:44:07,470 [2532b31c-22c5-467b-a3b6-d3baa4dde6c4@group-1941C1C038EC-FollowerState] INFO  server.RaftServerConfigKeys (ConfUtils.java:logFallback(53)) - raft.server.rpc.first-election.timeout.min = 5s (fallback to raft.server.rpc.timeout.min)
2024-01-29 07:44:07,470 [2532b31c-22c5-467b-a3b6-d3baa4dde6c4-groupManagement] INFO  server.RaftServerConfigKeys (ConfUtils.java:logGet(46)) - raft.server.snapshot.retention.file.num = 5 (custom)
2024-01-29 07:44:07,470 [2532b31c-22c5-467b-a3b6-d3baa4dde6c4@group-1941C1C038EC-FollowerState] INFO  server.RaftServerConfigKeys (ConfUtils.java:logFallback(53)) - raft.server.rpc.first-election.timeout.max = 5200ms (fallback to raft.server.rpc.timeout.max)
2024-01-29 07:44:07,470 [2532b31c-22c5-467b-a3b6-d3baa4dde6c4-groupManagement] INFO  server.RaftServerConfigKeys (ConfUtils.java:logGet(46)) - raft.server.log.purge.upto.snapshot.index = false (default)
2024-01-29 07:44:07,471 [2532b31c-22c5-467b-a3b6-d3baa4dde6c4-PipelineCommandHandlerThread-0] INFO  ratis.XceiverServerRatis (XceiverServerRatis.java:addGroup(864)) - Created group PipelineID=0a494d6e-c656-4004-aebc-1941c1c038ec
2024-01-29 07:44:07,477 [grpc-default-executor-0] INFO  server.RaftServer (RaftServerProxy.java:addNew(100)) - 00f7b909-d0df-49f8-910d-886c8291e2be: addNew group-1941C1C038EC:[2532b31c-22c5-467b-a3b6-d3baa4dde6c4|10.1.0.7:15424, c4e2dbfc-bf93-4c3c-9059-db6704809494|10.1.0.7:15442, 00f7b909-d0df-49f8-910d-886c8291e2be|10.1.0.7:15433] returns group-1941C1C038EC:java.util.concurrent.CompletableFuture@7f17a1fa[Not completed]
2024-01-29 07:44:07,477 [00f7b909-d0df-49f8-910d-886c8291e2be-groupManagement] INFO  server.RaftServer$Division (RaftServerImpl.java:<init>(256)) - 00f7b909-d0df-49f8-910d-886c8291e2be: new RaftServerImpl for group-1941C1C038EC:[2532b31c-22c5-467b-a3b6-d3baa4dde6c4|10.1.0.7:15424, c4e2dbfc-bf93-4c3c-9059-db6704809494|10.1.0.7:15442, 00f7b909-d0df-49f8-910d-886c8291e2be|10.1.0.7:15433] with ContainerStateMachine:uninitialized
2024-01-29 07:44:07,477 [00f7b909-d0df-49f8-910d-886c8291e2be-groupManagement] INFO  server.RaftServerConfigKeys (ConfUtils.java:logGet(46)) - raft.server.rpc.timeout.min = 5s (custom)
2024-01-29 07:44:07,477 [00f7b909-d0df-49f8-910d-886c8291e2be-groupManagement] INFO  server.RaftServerConfigKeys (ConfUtils.java:logGet(46)) - raft.server.rpc.timeout.max = 5200ms (custom)
2024-01-29 07:44:07,477 [00f7b909-d0df-49f8-910d-886c8291e2be-groupManagement] INFO  server.RaftServerConfigKeys (ConfUtils.java:logGet(46)) - raft.server.rpc.sleep.time = 25ms (default)
2024-01-29 07:44:07,477 [00f7b909-d0df-49f8-910d-886c8291e2be-groupManagement] INFO  server.RaftServerConfigKeys (ConfUtils.java:logGet(46)) - raft.server.rpc.slowness.timeout = 300000ms (custom)
2024-01-29 07:44:07,477 [00f7b909-d0df-49f8-910d-886c8291e2be-groupManagement] INFO  server.RaftServerConfigKeys (ConfUtils.java:logGet(46)) - raft.server.leaderelection.leader.step-down.wait-time = 10s (default)
2024-01-29 07:44:07,477 [00f7b909-d0df-49f8-910d-886c8291e2be-groupManagement] INFO  server.RaftServerConfigKeys (ConfUtils.java:logGet(46)) - raft.server.leaderelection.member.majority-add = false (default)
2024-01-29 07:44:07,477 [00f7b909-d0df-49f8-910d-886c8291e2be-groupManagement] INFO  server.RaftServerConfigKeys (ConfUtils.java:logGet(46)) - raft.server.sleep.deviation.threshold = 300ms (default)
2024-01-29 07:44:07,477 [00f7b909-d0df-49f8-910d-886c8291e2be-groupManagement] INFO  server.RaftServer$Division (ServerState.java:<init>(113)) - 00f7b909-d0df-49f8-910d-886c8291e2be@group-1941C1C038EC: ConfigurationManager, init=-1: peers:[2532b31c-22c5-467b-a3b6-d3baa4dde6c4|10.1.0.7:15424, c4e2dbfc-bf93-4c3c-9059-db6704809494|10.1.0.7:15442, 00f7b909-d0df-49f8-910d-886c8291e2be|10.1.0.7:15433]|listeners:[], old=null, confs=<EMPTY_MAP>
2024-01-29 07:44:07,477 [00f7b909-d0df-49f8-910d-886c8291e2be-groupManagement] INFO  server.RaftServerConfigKeys (ConfUtils.java:logGet(46)) - raft.server.notification.no-leader.timeout = 300000ms (custom)
2024-01-29 07:44:07,478 [00f7b909-d0df-49f8-910d-886c8291e2be-groupManagement] INFO  server.RaftServerConfigKeys (ConfUtils.java:logGet(46)) - raft.server.read.timeout = 10s (default)
2024-01-29 07:44:07,478 [00f7b909-d0df-49f8-910d-886c8291e2be-groupManagement] INFO  server.RaftServerConfigKeys (ConfUtils.java:logGet(46)) - raft.server.retrycache.expirytime = 600000ms (custom)
2024-01-29 07:44:07,478 [00f7b909-d0df-49f8-910d-886c8291e2be-groupManagement] INFO  server.RaftServerConfigKeys (ConfUtils.java:logGet(46)) - raft.server.retrycache.statistics.expirytime = 100ms (default)
2024-01-29 07:44:07,478 [00f7b909-d0df-49f8-910d-886c8291e2be-groupManagement] INFO  server.RaftServerConfigKeys (ConfUtils.java:logGet(46)) - raft.server.read.option = DEFAULT (default)
2024-01-29 07:44:07,478 [00f7b909-d0df-49f8-910d-886c8291e2be-groupManagement] INFO  server.RaftServerConfigKeys (ConfUtils.java:logGet(46)) - raft.server.read.read-after-write-consistent.write-index-cache.expiry-time = 60s (default)
2024-01-29 07:44:07,479 [00f7b909-d0df-49f8-910d-886c8291e2be-groupManagement] INFO  server.RaftServerConfigKeys (ConfUtils.java:logGet(46)) - raft.server.rpc.request.timeout = 3000ms (default)
2024-01-29 07:44:07,479 [00f7b909-d0df-49f8-910d-886c8291e2be-groupManagement] INFO  server.RaftServerConfigKeys (ConfUtils.java:logGet(46)) - raft.server.log.appender.install.snapshot.enabled = false (custom)
2024-01-29 07:44:07,479 [00f7b909-d0df-49f8-910d-886c8291e2be-groupManagement] INFO  server.RaftServerConfigKeys (ConfUtils.java:logGet(46)) - raft.server.threadpool.server.cached = true (default)
2024-01-29 07:44:07,479 [00f7b909-d0df-49f8-910d-886c8291e2be-groupManagement] INFO  server.RaftServerConfigKeys (ConfUtils.java:logGet(46)) - raft.server.threadpool.server.size = 0 (default)
2024-01-29 07:44:07,479 [00f7b909-d0df-49f8-910d-886c8291e2be-groupManagement] INFO  server.RaftServerConfigKeys (ConfUtils.java:logGet(46)) - raft.server.threadpool.client.cached = true (default)
2024-01-29 07:44:07,479 [00f7b909-d0df-49f8-910d-886c8291e2be-groupManagement] INFO  server.RaftServerConfigKeys (ConfUtils.java:logGet(46)) - raft.server.threadpool.client.size = 0 (default)
2024-01-29 07:44:07,479 [00f7b909-d0df-49f8-910d-886c8291e2be-groupManagement] INFO  server.RaftServerConfigKeys (ConfUtils.java:logGet(46)) - raft.server.storage.free-space.min = 0MB (=0) (default)
2024-01-29 07:44:07,479 [00f7b909-d0df-49f8-910d-886c8291e2be-groupManagement] INFO  server.RaftServerConfigKeys (ConfUtils.java:logGet(46)) - raft.server.log.corruption.policy = EXCEPTION (default)
2024-01-29 07:44:07,479 [00f7b909-d0df-49f8-910d-886c8291e2be-groupManagement] INFO  server.RaftServerConfigKeys (ConfUtils.java:logGet(46)) - raft.server.storage.dir = [/home/runner/work/ozone/ozone/hadoop-ozone/integration-test/target/test-dir/MiniOzoneClusterImpl-4c098651-5741-4b11-9e36-c6ca8da28866/datanode-7/data/ratis] (custom)
2024-01-29 07:44:07,479 [00f7b909-d0df-49f8-910d-886c8291e2be-groupManagement] INFO  storage.RaftStorageDirectory (RaftStorageDirectoryImpl.java:analyzeStorage(138)) - The storage directory /home/runner/work/ozone/ozone/hadoop-ozone/integration-test/target/test-dir/MiniOzoneClusterImpl-4c098651-5741-4b11-9e36-c6ca8da28866/datanode-7/data/ratis/0a494d6e-c656-4004-aebc-1941c1c038ec does not exist. Creating ...
2024-01-29 07:44:07,480 [00f7b909-d0df-49f8-910d-886c8291e2be-groupManagement] INFO  storage.RaftStorageDirectory (RaftStorageDirectoryImpl.java:tryLock(228)) - Lock on /home/runner/work/ozone/ozone/hadoop-ozone/integration-test/target/test-dir/MiniOzoneClusterImpl-4c098651-5741-4b11-9e36-c6ca8da28866/datanode-7/data/ratis/0a494d6e-c656-4004-aebc-1941c1c038ec/in_use.lock acquired by nodename 37616@fv-az571-724
2024-01-29 07:44:07,481 [00f7b909-d0df-49f8-910d-886c8291e2be-groupManagement] INFO  storage.RaftStorage (RaftStorageImpl.java:format(99)) - Storage directory /home/runner/work/ozone/ozone/hadoop-ozone/integration-test/target/test-dir/MiniOzoneClusterImpl-4c098651-5741-4b11-9e36-c6ca8da28866/datanode-7/data/ratis/0a494d6e-c656-4004-aebc-1941c1c038ec has been successfully formatted.
2024-01-29 07:44:07,481 [00f7b909-d0df-49f8-910d-886c8291e2be-groupManagement] WARN  util.FileUtils (LogUtils.java:supplyAndLog(63)) - Failed to Files.newInputStream /home/runner/work/ozone/ozone/hadoop-ozone/integration-test/target/test-dir/MiniOzoneClusterImpl-4c098651-5741-4b11-9e36-c6ca8da28866/datanode-7/data/ratis/0a494d6e-c656-4004-aebc-1941c1c038ec/current/raft-meta.conf with options []: java.nio.file.NoSuchFileException: /home/runner/work/ozone/ozone/hadoop-ozone/integration-test/target/test-dir/MiniOzoneClusterImpl-4c098651-5741-4b11-9e36-c6ca8da28866/datanode-7/data/ratis/0a494d6e-c656-4004-aebc-1941c1c038ec/current/raft-meta.conf
2024-01-29 07:44:07,482 [00f7b909-d0df-49f8-910d-886c8291e2be-groupManagement] INFO  ratis.ContainerStateMachine (ContainerStateMachine.java:loadSnapshot(287)) - group-1941C1C038EC: The snapshot info is null. Setting the last applied index to:(t:0, i:~)
2024-01-29 07:44:07,482 [00f7b909-d0df-49f8-910d-886c8291e2be-groupManagement] INFO  server.RaftServerConfigKeys (ConfUtils.java:logGet(46)) - raft.server.log.use.memory = false (default)
2024-01-29 07:44:07,482 [00f7b909-d0df-49f8-910d-886c8291e2be-groupManagement] INFO  server.RaftServerConfigKeys (ConfUtils.java:logGet(46)) - raft.server.log.purge.gap = 1000000 (custom)
2024-01-29 07:44:07,482 [00f7b909-d0df-49f8-910d-886c8291e2be-groupManagement] INFO  server.RaftServerConfigKeys (ConfUtils.java:logGet(46)) - raft.server.log.appender.buffer.byte-limit = 8388608 (custom)
2024-01-29 07:44:07,482 [00f7b909-d0df-49f8-910d-886c8291e2be-groupManagement] INFO  server.RaftServerConfigKeys (ConfUtils.java:logGet(46)) - raft.server.log.statemachine.data.read.timeout = 1000ms (default)
2024-01-29 07:44:07,482 [00f7b909-d0df-49f8-910d-886c8291e2be-groupManagement] INFO  server.RaftServerConfigKeys (ConfUtils.java:logGet(46)) - raft.server.log.purge.preservation.log.num = 0 (default)
2024-01-29 07:44:07,483 [00f7b909-d0df-49f8-910d-886c8291e2be-groupManagement] INFO  server.RaftServerConfigKeys (ConfUtils.java:logGet(46)) - raft.server.log.segment.size.max = 67108864 (custom)
2024-01-29 07:44:07,483 [00f7b909-d0df-49f8-910d-886c8291e2be-groupManagement] INFO  server.RaftServerConfigKeys (ConfUtils.java:logGet(46)) - raft.server.log.segment.cache.num.max = 2 (custom)
2024-01-29 07:44:07,483 [00f7b909-d0df-49f8-910d-886c8291e2be-groupManagement] INFO  server.RaftServerConfigKeys (ConfUtils.java:logGet(46)) - raft.server.log.segment.cache.size.max = 200MB (=209715200) (default)
2024-01-29 07:44:07,483 [00f7b909-d0df-49f8-910d-886c8291e2be-groupManagement] INFO  server.RaftServerConfigKeys (ConfUtils.java:logGet(46)) - raft.server.log.appender.buffer.byte-limit = 8388608 (custom)
2024-01-29 07:44:07,483 [00f7b909-d0df-49f8-910d-886c8291e2be-groupManagement] INFO  util.AwaitToRun (AwaitToRun.java:start(81)) - Thread[00f7b909-d0df-49f8-910d-886c8291e2be@group-1941C1C038EC-cacheEviction-AwaitToRun,5,main] started
2024-01-29 07:44:07,483 [00f7b909-d0df-49f8-910d-886c8291e2be-groupManagement] INFO  segmented.SegmentedRaftLogWorker (SegmentedRaftLogWorker.java:<init>(182)) - new 00f7b909-d0df-49f8-910d-886c8291e2be@group-1941C1C038EC-SegmentedRaftLogWorker for RaftStorageImpl:Storage Directory /home/runner/work/ozone/ozone/hadoop-ozone/integration-test/target/test-dir/MiniOzoneClusterImpl-4c098651-5741-4b11-9e36-c6ca8da28866/datanode-7/data/ratis/0a494d6e-c656-4004-aebc-1941c1c038ec
2024-01-29 07:44:07,483 [00f7b909-d0df-49f8-910d-886c8291e2be-groupManagement] INFO  server.RaftServerConfigKeys (ConfUtils.java:logGet(46)) - raft.server.log.queue.byte-limit = 4294967296 (custom)
2024-01-29 07:44:07,483 [00f7b909-d0df-49f8-910d-886c8291e2be-groupManagement] INFO  server.RaftServerConfigKeys (ConfUtils.java:logGet(46)) - raft.server.log.queue.element-limit = 1024 (custom)
2024-01-29 07:44:07,483 [00f7b909-d0df-49f8-910d-886c8291e2be-groupManagement] INFO  server.RaftServerConfigKeys (ConfUtils.java:logGet(46)) - raft.server.log.segment.size.max = 67108864 (custom)
2024-01-29 07:44:07,483 [00f7b909-d0df-49f8-910d-886c8291e2be-groupManagement] INFO  server.RaftServerConfigKeys (ConfUtils.java:logGet(46)) - raft.server.log.preallocated.size = 4194304 (custom)
2024-01-29 07:44:07,483 [00f7b909-d0df-49f8-910d-886c8291e2be-groupManagement] INFO  server.RaftServerConfigKeys (ConfUtils.java:logGet(46)) - raft.server.log.force.sync.num = 128 (default)
2024-01-29 07:44:07,483 [00f7b909-d0df-49f8-910d-886c8291e2be-groupManagement] INFO  server.RaftServerConfigKeys (ConfUtils.java:logGet(46)) - raft.server.log.statemachine.data.sync = true (default)
2024-01-29 07:44:07,483 [00f7b909-d0df-49f8-910d-886c8291e2be-groupManagement] INFO  server.RaftServerConfigKeys (ConfUtils.java:logGet(46)) - raft.server.log.statemachine.data.sync.timeout = 10s (default)
2024-01-29 07:44:07,484 [00f7b909-d0df-49f8-910d-886c8291e2be-groupManagement] INFO  server.RaftServerConfigKeys (ConfUtils.java:logGet(46)) - raft.server.log.statemachine.data.sync.timeout.retry = 0 (custom)
2024-01-29 07:44:07,484 [00f7b909-d0df-49f8-910d-886c8291e2be-groupManagement] INFO  server.RaftServerConfigKeys (ConfUtils.java:logGet(46)) - raft.server.log.write.buffer.size = 8388616 (custom)
2024-01-29 07:44:07,485 [00f7b909-d0df-49f8-910d-886c8291e2be-groupManagement] INFO  server.RaftServerConfigKeys (ConfUtils.java:logGet(46)) - raft.server.log.appender.buffer.byte-limit = 8388608 (custom)
2024-01-29 07:44:07,485 [00f7b909-d0df-49f8-910d-886c8291e2be-groupManagement] INFO  server.RaftServerConfigKeys (ConfUtils.java:logGet(46)) - raft.server.log.unsafe-flush.enabled = false (default)
2024-01-29 07:44:07,485 [00f7b909-d0df-49f8-910d-886c8291e2be-groupManagement] INFO  server.RaftServerConfigKeys (ConfUtils.java:logGet(46)) - raft.server.log.async-flush.enabled = false (default)
2024-01-29 07:44:07,485 [00f7b909-d0df-49f8-910d-886c8291e2be-groupManagement] INFO  server.RaftServerConfigKeys (ConfUtils.java:logGet(46)) - raft.server.log.statemachine.data.caching.enabled = true (custom)
2024-01-29 07:44:07,485 [00f7b909-d0df-49f8-910d-886c8291e2be-groupManagement] INFO  segmented.SegmentedRaftLogWorker (SegmentedRaftLogWorker.java:lambda$new$0(134)) - 00f7b909-d0df-49f8-910d-886c8291e2be@group-1941C1C038EC-SegmentedRaftLogWorker: flushIndex: setUnconditionally 0 -> -1
2024-01-29 07:44:07,485 [00f7b909-d0df-49f8-910d-886c8291e2be-groupManagement] INFO  segmented.SegmentedRaftLogWorker (SegmentedRaftLogWorker.java:lambda$new$0(134)) - 00f7b909-d0df-49f8-910d-886c8291e2be@group-1941C1C038EC-SegmentedRaftLogWorker: safeCacheEvictIndex: setUnconditionally 0 -> -1
2024-01-29 07:44:07,485 [00f7b909-d0df-49f8-910d-886c8291e2be-groupManagement] INFO  server.RaftServer$Division (RaftServerImpl.java:start(396)) - 00f7b909-d0df-49f8-910d-886c8291e2be@group-1941C1C038EC: start as a follower, conf=-1: peers:[2532b31c-22c5-467b-a3b6-d3baa4dde6c4|10.1.0.7:15424, c4e2dbfc-bf93-4c3c-9059-db6704809494|10.1.0.7:15442, 00f7b909-d0df-49f8-910d-886c8291e2be|10.1.0.7:15433]|listeners:[], old=null
2024-01-29 07:44:07,485 [00f7b909-d0df-49f8-910d-886c8291e2be-groupManagement] INFO  server.RaftServer$Division (RaftServerImpl.java:setRole(383)) - 00f7b909-d0df-49f8-910d-886c8291e2be@group-1941C1C038EC: changes role from      null to FOLLOWER at term 0 for startAsFollower
2024-01-29 07:44:07,485 [00f7b909-d0df-49f8-910d-886c8291e2be-groupManagement] INFO  impl.RoleInfo (RoleInfo.java:updateAndGet(139)) - 00f7b909-d0df-49f8-910d-886c8291e2be: start 00f7b909-d0df-49f8-910d-886c8291e2be@group-1941C1C038EC-FollowerState
2024-01-29 07:44:07,486 [00f7b909-d0df-49f8-910d-886c8291e2be-groupManagement] INFO  util.JmxRegister (JmxRegister.java:tryRegister(44)) - Successfully registered JMX Bean with object name Ratis:service=RaftServer,group=group-1941C1C038EC,id=00f7b909-d0df-49f8-910d-886c8291e2be
2024-01-29 07:44:07,486 [00f7b909-d0df-49f8-910d-886c8291e2be@group-1941C1C038EC-FollowerState] INFO  server.RaftServerConfigKeys (ConfUtils.java:logFallback(53)) - raft.server.rpc.first-election.timeout.min = 5s (fallback to raft.server.rpc.timeout.min)
2024-01-29 07:44:07,486 [00f7b909-d0df-49f8-910d-886c8291e2be-groupManagement] INFO  server.RaftServerConfigKeys (ConfUtils.java:logGet(46)) - raft.server.snapshot.trigger-when-stop.enabled = true (default)
2024-01-29 07:44:07,486 [00f7b909-d0df-49f8-910d-886c8291e2be@group-1941C1C038EC-FollowerState] INFO  server.RaftServerConfigKeys (ConfUtils.java:logFallback(53)) - raft.server.rpc.first-election.timeout.max = 5200ms (fallback to raft.server.rpc.timeout.max)
2024-01-29 07:44:07,486 [00f7b909-d0df-49f8-910d-886c8291e2be-groupManagement] INFO  server.RaftServerConfigKeys (ConfUtils.java:logGet(46)) - raft.server.snapshot.auto.trigger.enabled = true (custom)
2024-01-29 07:44:07,486 [00f7b909-d0df-49f8-910d-886c8291e2be-groupManagement] INFO  server.RaftServerConfigKeys (ConfUtils.java:logGet(46)) - raft.server.snapshot.auto.trigger.threshold = 10000 (custom)
2024-01-29 07:44:07,486 [00f7b909-d0df-49f8-910d-886c8291e2be-groupManagement] INFO  server.RaftServerConfigKeys (ConfUtils.java:logGet(46)) - raft.server.snapshot.retention.file.num = 5 (custom)
2024-01-29 07:44:07,486 [00f7b909-d0df-49f8-910d-886c8291e2be-groupManagement] INFO  server.RaftServerConfigKeys (ConfUtils.java:logGet(46)) - raft.server.log.purge.upto.snapshot.index = false (default)
2024-01-29 07:44:07,492 [grpc-default-executor-0] INFO  server.RaftServer (RaftServerProxy.java:addNew(100)) - c4e2dbfc-bf93-4c3c-9059-db6704809494: addNew group-1941C1C038EC:[2532b31c-22c5-467b-a3b6-d3baa4dde6c4|10.1.0.7:15424, c4e2dbfc-bf93-4c3c-9059-db6704809494|10.1.0.7:15442, 00f7b909-d0df-49f8-910d-886c8291e2be|10.1.0.7:15433] returns group-1941C1C038EC:java.util.concurrent.CompletableFuture@6d59fe02[Not completed]
2024-01-29 07:44:07,493 [c4e2dbfc-bf93-4c3c-9059-db6704809494-groupManagement] INFO  server.RaftServer$Division (RaftServerImpl.java:<init>(256)) - c4e2dbfc-bf93-4c3c-9059-db6704809494: new RaftServerImpl for group-1941C1C038EC:[2532b31c-22c5-467b-a3b6-d3baa4dde6c4|10.1.0.7:15424, c4e2dbfc-bf93-4c3c-9059-db6704809494|10.1.0.7:15442, 00f7b909-d0df-49f8-910d-886c8291e2be|10.1.0.7:15433] with ContainerStateMachine:uninitialized
2024-01-29 07:44:07,493 [c4e2dbfc-bf93-4c3c-9059-db6704809494-groupManagement] INFO  server.RaftServerConfigKeys (ConfUtils.java:logGet(46)) - raft.server.rpc.timeout.min = 5s (custom)
2024-01-29 07:44:07,493 [c4e2dbfc-bf93-4c3c-9059-db6704809494-groupManagement] INFO  server.RaftServerConfigKeys (ConfUtils.java:logGet(46)) - raft.server.rpc.timeout.max = 5200ms (custom)
2024-01-29 07:44:07,493 [c4e2dbfc-bf93-4c3c-9059-db6704809494-groupManagement] INFO  server.RaftServerConfigKeys (ConfUtils.java:logGet(46)) - raft.server.rpc.sleep.time = 25ms (default)
2024-01-29 07:44:07,493 [c4e2dbfc-bf93-4c3c-9059-db6704809494-groupManagement] INFO  server.RaftServerConfigKeys (ConfUtils.java:logGet(46)) - raft.server.rpc.slowness.timeout = 300000ms (custom)
2024-01-29 07:44:07,493 [c4e2dbfc-bf93-4c3c-9059-db6704809494-groupManagement] INFO  server.RaftServerConfigKeys (ConfUtils.java:logGet(46)) - raft.server.leaderelection.leader.step-down.wait-time = 10s (default)
2024-01-29 07:44:07,493 [c4e2dbfc-bf93-4c3c-9059-db6704809494-groupManagement] INFO  server.RaftServerConfigKeys (ConfUtils.java:logGet(46)) - raft.server.leaderelection.member.majority-add = false (default)
2024-01-29 07:44:07,493 [c4e2dbfc-bf93-4c3c-9059-db6704809494-groupManagement] INFO  server.RaftServerConfigKeys (ConfUtils.java:logGet(46)) - raft.server.sleep.deviation.threshold = 300ms (default)
2024-01-29 07:44:07,493 [c4e2dbfc-bf93-4c3c-9059-db6704809494-groupManagement] INFO  server.RaftServer$Division (ServerState.java:<init>(113)) - c4e2dbfc-bf93-4c3c-9059-db6704809494@group-1941C1C038EC: ConfigurationManager, init=-1: peers:[2532b31c-22c5-467b-a3b6-d3baa4dde6c4|10.1.0.7:15424, c4e2dbfc-bf93-4c3c-9059-db6704809494|10.1.0.7:15442, 00f7b909-d0df-49f8-910d-886c8291e2be|10.1.0.7:15433]|listeners:[], old=null, confs=<EMPTY_MAP>
2024-01-29 07:44:07,493 [c4e2dbfc-bf93-4c3c-9059-db6704809494-groupManagement] INFO  server.RaftServerConfigKeys (ConfUtils.java:logGet(46)) - raft.server.notification.no-leader.timeout = 300000ms (custom)
2024-01-29 07:44:07,493 [c4e2dbfc-bf93-4c3c-9059-db6704809494-groupManagement] INFO  server.RaftServerConfigKeys (ConfUtils.java:logGet(46)) - raft.server.read.timeout = 10s (default)
2024-01-29 07:44:07,493 [c4e2dbfc-bf93-4c3c-9059-db6704809494-groupManagement] INFO  server.RaftServerConfigKeys (ConfUtils.java:logGet(46)) - raft.server.retrycache.expirytime = 600000ms (custom)
2024-01-29 07:44:07,493 [c4e2dbfc-bf93-4c3c-9059-db6704809494-groupManagement] INFO  server.RaftServerConfigKeys (ConfUtils.java:logGet(46)) - raft.server.retrycache.statistics.expirytime = 100ms (default)
2024-01-29 07:44:07,493 [c4e2dbfc-bf93-4c3c-9059-db6704809494-groupManagement] INFO  server.RaftServerConfigKeys (ConfUtils.java:logGet(46)) - raft.server.read.option = DEFAULT (default)
2024-01-29 07:44:07,493 [c4e2dbfc-bf93-4c3c-9059-db6704809494-groupManagement] INFO  server.RaftServerConfigKeys (ConfUtils.java:logGet(46)) - raft.server.read.read-after-write-consistent.write-index-cache.expiry-time = 60s (default)
2024-01-29 07:44:07,495 [c4e2dbfc-bf93-4c3c-9059-db6704809494-groupManagement] INFO  server.RaftServerConfigKeys (ConfUtils.java:logGet(46)) - raft.server.rpc.request.timeout = 3000ms (default)
2024-01-29 07:44:07,495 [c4e2dbfc-bf93-4c3c-9059-db6704809494-groupManagement] INFO  server.RaftServerConfigKeys (ConfUtils.java:logGet(46)) - raft.server.log.appender.install.snapshot.enabled = false (custom)
2024-01-29 07:44:07,495 [c4e2dbfc-bf93-4c3c-9059-db6704809494-groupManagement] INFO  server.RaftServerConfigKeys (ConfUtils.java:logGet(46)) - raft.server.threadpool.server.cached = true (default)
2024-01-29 07:44:07,495 [c4e2dbfc-bf93-4c3c-9059-db6704809494-groupManagement] INFO  server.RaftServerConfigKeys (ConfUtils.java:logGet(46)) - raft.server.threadpool.server.size = 0 (default)
2024-01-29 07:44:07,495 [c4e2dbfc-bf93-4c3c-9059-db6704809494-groupManagement] INFO  server.RaftServerConfigKeys (ConfUtils.java:logGet(46)) - raft.server.threadpool.client.cached = true (default)
2024-01-29 07:44:07,495 [c4e2dbfc-bf93-4c3c-9059-db6704809494-groupManagement] INFO  server.RaftServerConfigKeys (ConfUtils.java:logGet(46)) - raft.server.threadpool.client.size = 0 (default)
2024-01-29 07:44:07,495 [c4e2dbfc-bf93-4c3c-9059-db6704809494-groupManagement] INFO  server.RaftServerConfigKeys (ConfUtils.java:logGet(46)) - raft.server.storage.free-space.min = 0MB (=0) (default)
2024-01-29 07:44:07,495 [c4e2dbfc-bf93-4c3c-9059-db6704809494-groupManagement] INFO  server.RaftServerConfigKeys (ConfUtils.java:logGet(46)) - raft.server.log.corruption.policy = EXCEPTION (default)
2024-01-29 07:44:07,495 [c4e2dbfc-bf93-4c3c-9059-db6704809494-groupManagement] INFO  server.RaftServerConfigKeys (ConfUtils.java:logGet(46)) - raft.server.storage.dir = [/home/runner/work/ozone/ozone/hadoop-ozone/integration-test/target/test-dir/MiniOzoneClusterImpl-4c098651-5741-4b11-9e36-c6ca8da28866/datanode-8/data/ratis] (custom)
2024-01-29 07:44:07,496 [c4e2dbfc-bf93-4c3c-9059-db6704809494-groupManagement] INFO  storage.RaftStorageDirectory (RaftStorageDirectoryImpl.java:analyzeStorage(138)) - The storage directory /home/runner/work/ozone/ozone/hadoop-ozone/integration-test/target/test-dir/MiniOzoneClusterImpl-4c098651-5741-4b11-9e36-c6ca8da28866/datanode-8/data/ratis/0a494d6e-c656-4004-aebc-1941c1c038ec does not exist. Creating ...
2024-01-29 07:44:07,496 [c4e2dbfc-bf93-4c3c-9059-db6704809494-groupManagement] INFO  storage.RaftStorageDirectory (RaftStorageDirectoryImpl.java:tryLock(228)) - Lock on /home/runner/work/ozone/ozone/hadoop-ozone/integration-test/target/test-dir/MiniOzoneClusterImpl-4c098651-5741-4b11-9e36-c6ca8da28866/datanode-8/data/ratis/0a494d6e-c656-4004-aebc-1941c1c038ec/in_use.lock acquired by nodename 37616@fv-az571-724
2024-01-29 07:44:07,497 [c4e2dbfc-bf93-4c3c-9059-db6704809494-groupManagement] INFO  storage.RaftStorage (RaftStorageImpl.java:format(99)) - Storage directory /home/runner/work/ozone/ozone/hadoop-ozone/integration-test/target/test-dir/MiniOzoneClusterImpl-4c098651-5741-4b11-9e36-c6ca8da28866/datanode-8/data/ratis/0a494d6e-c656-4004-aebc-1941c1c038ec has been successfully formatted.
2024-01-29 07:44:07,497 [c4e2dbfc-bf93-4c3c-9059-db6704809494-groupManagement] WARN  util.FileUtils (LogUtils.java:supplyAndLog(63)) - Failed to Files.newInputStream /home/runner/work/ozone/ozone/hadoop-ozone/integration-test/target/test-dir/MiniOzoneClusterImpl-4c098651-5741-4b11-9e36-c6ca8da28866/datanode-8/data/ratis/0a494d6e-c656-4004-aebc-1941c1c038ec/current/raft-meta.conf with options []: java.nio.file.NoSuchFileException: /home/runner/work/ozone/ozone/hadoop-ozone/integration-test/target/test-dir/MiniOzoneClusterImpl-4c098651-5741-4b11-9e36-c6ca8da28866/datanode-8/data/ratis/0a494d6e-c656-4004-aebc-1941c1c038ec/current/raft-meta.conf
2024-01-29 07:44:07,498 [c4e2dbfc-bf93-4c3c-9059-db6704809494-groupManagement] INFO  ratis.ContainerStateMachine (ContainerStateMachine.java:loadSnapshot(287)) - group-1941C1C038EC: The snapshot info is null. Setting the last applied index to:(t:0, i:~)
2024-01-29 07:44:07,498 [c4e2dbfc-bf93-4c3c-9059-db6704809494-groupManagement] INFO  server.RaftServerConfigKeys (ConfUtils.java:logGet(46)) - raft.server.log.use.memory = false (default)
2024-01-29 07:44:07,498 [c4e2dbfc-bf93-4c3c-9059-db6704809494-groupManagement] INFO  server.RaftServerConfigKeys (ConfUtils.java:logGet(46)) - raft.server.log.purge.gap = 1000000 (custom)
2024-01-29 07:44:07,498 [c4e2dbfc-bf93-4c3c-9059-db6704809494-groupManagement] INFO  server.RaftServerConfigKeys (ConfUtils.java:logGet(46)) - raft.server.log.appender.buffer.byte-limit = 8388608 (custom)
2024-01-29 07:44:07,498 [c4e2dbfc-bf93-4c3c-9059-db6704809494-groupManagement] INFO  server.RaftServerConfigKeys (ConfUtils.java:logGet(46)) - raft.server.log.statemachine.data.read.timeout = 1000ms (default)
2024-01-29 07:44:07,498 [c4e2dbfc-bf93-4c3c-9059-db6704809494-groupManagement] INFO  server.RaftServerConfigKeys (ConfUtils.java:logGet(46)) - raft.server.log.purge.preservation.log.num = 0 (default)
2024-01-29 07:44:07,499 [c4e2dbfc-bf93-4c3c-9059-db6704809494-groupManagement] INFO  server.RaftServerConfigKeys (ConfUtils.java:logGet(46)) - raft.server.log.segment.size.max = 67108864 (custom)
2024-01-29 07:44:07,499 [c4e2dbfc-bf93-4c3c-9059-db6704809494-groupManagement] INFO  server.RaftServerConfigKeys (ConfUtils.java:logGet(46)) - raft.server.log.segment.cache.num.max = 2 (custom)
2024-01-29 07:44:07,499 [c4e2dbfc-bf93-4c3c-9059-db6704809494-groupManagement] INFO  server.RaftServerConfigKeys (ConfUtils.java:logGet(46)) - raft.server.log.segment.cache.size.max = 200MB (=209715200) (default)
2024-01-29 07:44:07,499 [c4e2dbfc-bf93-4c3c-9059-db6704809494-groupManagement] INFO  server.RaftServerConfigKeys (ConfUtils.java:logGet(46)) - raft.server.log.appender.buffer.byte-limit = 8388608 (custom)
2024-01-29 07:44:07,499 [c4e2dbfc-bf93-4c3c-9059-db6704809494-groupManagement] INFO  util.AwaitToRun (AwaitToRun.java:start(81)) - Thread[c4e2dbfc-bf93-4c3c-9059-db6704809494@group-1941C1C038EC-cacheEviction-AwaitToRun,5,main] started
2024-01-29 07:44:07,499 [c4e2dbfc-bf93-4c3c-9059-db6704809494-groupManagement] INFO  segmented.SegmentedRaftLogWorker (SegmentedRaftLogWorker.java:<init>(182)) - new c4e2dbfc-bf93-4c3c-9059-db6704809494@group-1941C1C038EC-SegmentedRaftLogWorker for RaftStorageImpl:Storage Directory /home/runner/work/ozone/ozone/hadoop-ozone/integration-test/target/test-dir/MiniOzoneClusterImpl-4c098651-5741-4b11-9e36-c6ca8da28866/datanode-8/data/ratis/0a494d6e-c656-4004-aebc-1941c1c038ec
2024-01-29 07:44:07,499 [c4e2dbfc-bf93-4c3c-9059-db6704809494-groupManagement] INFO  server.RaftServerConfigKeys (ConfUtils.java:logGet(46)) - raft.server.log.queue.byte-limit = 4294967296 (custom)
2024-01-29 07:44:07,500 [c4e2dbfc-bf93-4c3c-9059-db6704809494-groupManagement] INFO  server.RaftServerConfigKeys (ConfUtils.java:logGet(46)) - raft.server.log.queue.element-limit = 1024 (custom)
2024-01-29 07:44:07,500 [c4e2dbfc-bf93-4c3c-9059-db6704809494-groupManagement] INFO  server.RaftServerConfigKeys (ConfUtils.java:logGet(46)) - raft.server.log.segment.size.max = 67108864 (custom)
2024-01-29 07:44:07,500 [c4e2dbfc-bf93-4c3c-9059-db6704809494-groupManagement] INFO  server.RaftServerConfigKeys (ConfUtils.java:logGet(46)) - raft.server.log.preallocated.size = 4194304 (custom)
2024-01-29 07:44:07,500 [c4e2dbfc-bf93-4c3c-9059-db6704809494-groupManagement] INFO  server.RaftServerConfigKeys (ConfUtils.java:logGet(46)) - raft.server.log.force.sync.num = 128 (default)
2024-01-29 07:44:07,500 [c4e2dbfc-bf93-4c3c-9059-db6704809494-groupManagement] INFO  server.RaftServerConfigKeys (ConfUtils.java:logGet(46)) - raft.server.log.statemachine.data.sync = true (default)
2024-01-29 07:44:07,500 [c4e2dbfc-bf93-4c3c-9059-db6704809494-groupManagement] INFO  server.RaftServerConfigKeys (ConfUtils.java:logGet(46)) - raft.server.log.statemachine.data.sync.timeout = 10s (default)
2024-01-29 07:44:07,500 [c4e2dbfc-bf93-4c3c-9059-db6704809494-groupManagement] INFO  server.RaftServerConfigKeys (ConfUtils.java:logGet(46)) - raft.server.log.statemachine.data.sync.timeout.retry = 0 (custom)
2024-01-29 07:44:07,500 [c4e2dbfc-bf93-4c3c-9059-db6704809494-groupManagement] INFO  server.RaftServerConfigKeys (ConfUtils.java:logGet(46)) - raft.server.log.write.buffer.size = 8388616 (custom)
2024-01-29 07:44:07,501 [c4e2dbfc-bf93-4c3c-9059-db6704809494-groupManagement] INFO  server.RaftServerConfigKeys (ConfUtils.java:logGet(46)) - raft.server.log.appender.buffer.byte-limit = 8388608 (custom)
2024-01-29 07:44:07,501 [c4e2dbfc-bf93-4c3c-9059-db6704809494-groupManagement] INFO  server.RaftServerConfigKeys (ConfUtils.java:logGet(46)) - raft.server.log.unsafe-flush.enabled = false (default)
2024-01-29 07:44:07,501 [c4e2dbfc-bf93-4c3c-9059-db6704809494-groupManagement] INFO  server.RaftServerConfigKeys (ConfUtils.java:logGet(46)) - raft.server.log.async-flush.enabled = false (default)
2024-01-29 07:44:07,501 [c4e2dbfc-bf93-4c3c-9059-db6704809494-groupManagement] INFO  server.RaftServerConfigKeys (ConfUtils.java:logGet(46)) - raft.server.log.statemachine.data.caching.enabled = true (custom)
2024-01-29 07:44:07,502 [c4e2dbfc-bf93-4c3c-9059-db6704809494-groupManagement] INFO  segmented.SegmentedRaftLogWorker (SegmentedRaftLogWorker.java:lambda$new$0(134)) - c4e2dbfc-bf93-4c3c-9059-db6704809494@group-1941C1C038EC-SegmentedRaftLogWorker: flushIndex: setUnconditionally 0 -> -1
2024-01-29 07:44:07,502 [c4e2dbfc-bf93-4c3c-9059-db6704809494-groupManagement] INFO  segmented.SegmentedRaftLogWorker (SegmentedRaftLogWorker.java:lambda$new$0(134)) - c4e2dbfc-bf93-4c3c-9059-db6704809494@group-1941C1C038EC-SegmentedRaftLogWorker: safeCacheEvictIndex: setUnconditionally 0 -> -1
2024-01-29 07:44:07,502 [c4e2dbfc-bf93-4c3c-9059-db6704809494-groupManagement] INFO  server.RaftServer$Division (RaftServerImpl.java:start(396)) - c4e2dbfc-bf93-4c3c-9059-db6704809494@group-1941C1C038EC: start as a follower, conf=-1: peers:[2532b31c-22c5-467b-a3b6-d3baa4dde6c4|10.1.0.7:15424, c4e2dbfc-bf93-4c3c-9059-db6704809494|10.1.0.7:15442, 00f7b909-d0df-49f8-910d-886c8291e2be|10.1.0.7:15433]|listeners:[], old=null
2024-01-29 07:44:07,502 [c4e2dbfc-bf93-4c3c-9059-db6704809494-groupManagement] INFO  server.RaftServer$Division (RaftServerImpl.java:setRole(383)) - c4e2dbfc-bf93-4c3c-9059-db6704809494@group-1941C1C038EC: changes role from      null to FOLLOWER at term 0 for startAsFollower
2024-01-29 07:44:07,502 [c4e2dbfc-bf93-4c3c-9059-db6704809494-groupManagement] INFO  impl.RoleInfo (RoleInfo.java:updateAndGet(139)) - c4e2dbfc-bf93-4c3c-9059-db6704809494: start c4e2dbfc-bf93-4c3c-9059-db6704809494@group-1941C1C038EC-FollowerState
2024-01-29 07:44:07,502 [c4e2dbfc-bf93-4c3c-9059-db6704809494@group-1941C1C038EC-FollowerState] INFO  server.RaftServerConfigKeys (ConfUtils.java:logFallback(53)) - raft.server.rpc.first-election.timeout.min = 5s (fallback to raft.server.rpc.timeout.min)
2024-01-29 07:44:07,502 [c4e2dbfc-bf93-4c3c-9059-db6704809494-groupManagement] INFO  util.JmxRegister (JmxRegister.java:tryRegister(44)) - Successfully registered JMX Bean with object name Ratis:service=RaftServer,group=group-1941C1C038EC,id=c4e2dbfc-bf93-4c3c-9059-db6704809494
2024-01-29 07:44:07,502 [c4e2dbfc-bf93-4c3c-9059-db6704809494@group-1941C1C038EC-FollowerState] INFO  server.RaftServerConfigKeys (ConfUtils.java:logFallback(53)) - raft.server.rpc.first-election.timeout.max = 5200ms (fallback to raft.server.rpc.timeout.max)
2024-01-29 07:44:07,502 [c4e2dbfc-bf93-4c3c-9059-db6704809494-groupManagement] INFO  server.RaftServerConfigKeys (ConfUtils.java:logGet(46)) - raft.server.snapshot.trigger-when-stop.enabled = true (default)
2024-01-29 07:44:07,502 [c4e2dbfc-bf93-4c3c-9059-db6704809494-groupManagement] INFO  server.RaftServerConfigKeys (ConfUtils.java:logGet(46)) - raft.server.snapshot.auto.trigger.enabled = true (custom)
2024-01-29 07:44:07,502 [c4e2dbfc-bf93-4c3c-9059-db6704809494-groupManagement] INFO  server.RaftServerConfigKeys (ConfUtils.java:logGet(46)) - raft.server.snapshot.auto.trigger.threshold = 10000 (custom)
2024-01-29 07:44:07,502 [c4e2dbfc-bf93-4c3c-9059-db6704809494-groupManagement] INFO  server.RaftServerConfigKeys (ConfUtils.java:logGet(46)) - raft.server.snapshot.retention.file.num = 5 (custom)
2024-01-29 07:44:07,502 [c4e2dbfc-bf93-4c3c-9059-db6704809494-groupManagement] INFO  server.RaftServerConfigKeys (ConfUtils.java:logGet(46)) - raft.server.log.purge.upto.snapshot.index = false (default)
2024-01-29 07:44:07,505 [2532b31c-22c5-467b-a3b6-d3baa4dde6c4-PipelineCommandHandlerThread-0] INFO  commandhandler.CreatePipelineCommandHandler (CreatePipelineCommandHandler.java:lambda$handle$2(124)) - Created Pipeline RATIS THREE PipelineID=0a494d6e-c656-4004-aebc-1941c1c038ec.
2024-01-29 07:44:07,530 [00f7b909-d0df-49f8-910d-886c8291e2be-PipelineCommandHandlerThread-0] INFO  server.RaftServer (RaftServerProxy.java:addNew(100)) - 00f7b909-d0df-49f8-910d-886c8291e2be: addNew group-B9B4DCD604AA:[00f7b909-d0df-49f8-910d-886c8291e2be|10.1.0.7:15433] returns group-B9B4DCD604AA:java.util.concurrent.CompletableFuture@1a5984ce[Not completed]
2024-01-29 07:44:07,531 [00f7b909-d0df-49f8-910d-886c8291e2be-groupManagement] INFO  server.RaftServer$Division (RaftServerImpl.java:<init>(256)) - 00f7b909-d0df-49f8-910d-886c8291e2be: new RaftServerImpl for group-B9B4DCD604AA:[00f7b909-d0df-49f8-910d-886c8291e2be|10.1.0.7:15433] with ContainerStateMachine:uninitialized
2024-01-29 07:44:07,531 [00f7b909-d0df-49f8-910d-886c8291e2be-groupManagement] INFO  server.RaftServerConfigKeys (ConfUtils.java:logGet(46)) - raft.server.rpc.timeout.min = 5s (custom)
2024-01-29 07:44:07,531 [00f7b909-d0df-49f8-910d-886c8291e2be-groupManagement] INFO  server.RaftServerConfigKeys (ConfUtils.java:logGet(46)) - raft.server.rpc.timeout.max = 5200ms (custom)
2024-01-29 07:44:07,531 [00f7b909-d0df-49f8-910d-886c8291e2be-groupManagement] INFO  server.RaftServerConfigKeys (ConfUtils.java:logGet(46)) - raft.server.rpc.sleep.time = 25ms (default)
2024-01-29 07:44:07,531 [00f7b909-d0df-49f8-910d-886c8291e2be-groupManagement] INFO  server.RaftServerConfigKeys (ConfUtils.java:logGet(46)) - raft.server.rpc.slowness.timeout = 300000ms (custom)
2024-01-29 07:44:07,531 [00f7b909-d0df-49f8-910d-886c8291e2be-groupManagement] INFO  server.RaftServerConfigKeys (ConfUtils.java:logGet(46)) - raft.server.leaderelection.leader.step-down.wait-time = 10s (default)
2024-01-29 07:44:07,531 [00f7b909-d0df-49f8-910d-886c8291e2be-groupManagement] INFO  server.RaftServerConfigKeys (ConfUtils.java:logGet(46)) - raft.server.leaderelection.member.majority-add = false (default)
2024-01-29 07:44:07,531 [00f7b909-d0df-49f8-910d-886c8291e2be-groupManagement] INFO  server.RaftServerConfigKeys (ConfUtils.java:logGet(46)) - raft.server.sleep.deviation.threshold = 300ms (default)
2024-01-29 07:44:07,531 [00f7b909-d0df-49f8-910d-886c8291e2be-groupManagement] INFO  server.RaftServer$Division (ServerState.java:<init>(113)) - 00f7b909-d0df-49f8-910d-886c8291e2be@group-B9B4DCD604AA: ConfigurationManager, init=-1: peers:[00f7b909-d0df-49f8-910d-886c8291e2be|10.1.0.7:15433]|listeners:[], old=null, confs=<EMPTY_MAP>
2024-01-29 07:44:07,531 [00f7b909-d0df-49f8-910d-886c8291e2be-groupManagement] INFO  server.RaftServerConfigKeys (ConfUtils.java:logGet(46)) - raft.server.notification.no-leader.timeout = 300000ms (custom)
2024-01-29 07:44:07,531 [00f7b909-d0df-49f8-910d-886c8291e2be-groupManagement] INFO  server.RaftServerConfigKeys (ConfUtils.java:logGet(46)) - raft.server.read.timeout = 10s (default)
2024-01-29 07:44:07,531 [00f7b909-d0df-49f8-910d-886c8291e2be-groupManagement] INFO  server.RaftServerConfigKeys (ConfUtils.java:logGet(46)) - raft.server.retrycache.expirytime = 600000ms (custom)
2024-01-29 07:44:07,531 [00f7b909-d0df-49f8-910d-886c8291e2be-groupManagement] INFO  server.RaftServerConfigKeys (ConfUtils.java:logGet(46)) - raft.server.retrycache.statistics.expirytime = 100ms (default)
2024-01-29 07:44:07,531 [00f7b909-d0df-49f8-910d-886c8291e2be-groupManagement] INFO  server.RaftServerConfigKeys (ConfUtils.java:logGet(46)) - raft.server.read.option = DEFAULT (default)
2024-01-29 07:44:07,531 [00f7b909-d0df-49f8-910d-886c8291e2be-groupManagement] INFO  server.RaftServerConfigKeys (ConfUtils.java:logGet(46)) - raft.server.read.read-after-write-consistent.write-index-cache.expiry-time = 60s (default)
2024-01-29 07:44:07,532 [00f7b909-d0df-49f8-910d-886c8291e2be-groupManagement] INFO  server.RaftServerConfigKeys (ConfUtils.java:logGet(46)) - raft.server.rpc.request.timeout = 3000ms (default)
2024-01-29 07:44:07,533 [00f7b909-d0df-49f8-910d-886c8291e2be-groupManagement] INFO  server.RaftServerConfigKeys (ConfUtils.java:logGet(46)) - raft.server.log.appender.install.snapshot.enabled = false (custom)
2024-01-29 07:44:07,533 [00f7b909-d0df-49f8-910d-886c8291e2be-groupManagement] INFO  server.RaftServerConfigKeys (ConfUtils.java:logGet(46)) - raft.server.threadpool.server.cached = true (default)
2024-01-29 07:44:07,533 [00f7b909-d0df-49f8-910d-886c8291e2be-groupManagement] INFO  server.RaftServerConfigKeys (ConfUtils.java:logGet(46)) - raft.server.threadpool.server.size = 0 (default)
2024-01-29 07:44:07,533 [00f7b909-d0df-49f8-910d-886c8291e2be-groupManagement] INFO  server.RaftServerConfigKeys (ConfUtils.java:logGet(46)) - raft.server.threadpool.client.cached = true (default)
2024-01-29 07:44:07,533 [00f7b909-d0df-49f8-910d-886c8291e2be-groupManagement] INFO  server.RaftServerConfigKeys (ConfUtils.java:logGet(46)) - raft.server.threadpool.client.size = 0 (default)
2024-01-29 07:44:07,533 [00f7b909-d0df-49f8-910d-886c8291e2be-groupManagement] INFO  server.RaftServerConfigKeys (ConfUtils.java:logGet(46)) - raft.server.storage.free-space.min = 0MB (=0) (default)
2024-01-29 07:44:07,533 [00f7b909-d0df-49f8-910d-886c8291e2be-groupManagement] INFO  server.RaftServerConfigKeys (ConfUtils.java:logGet(46)) - raft.server.log.corruption.policy = EXCEPTION (default)
2024-01-29 07:44:07,533 [00f7b909-d0df-49f8-910d-886c8291e2be-groupManagement] INFO  server.RaftServerConfigKeys (ConfUtils.java:logGet(46)) - raft.server.storage.dir = [/home/runner/work/ozone/ozone/hadoop-ozone/integration-test/target/test-dir/MiniOzoneClusterImpl-4c098651-5741-4b11-9e36-c6ca8da28866/datanode-7/data/ratis] (custom)
2024-01-29 07:44:07,533 [00f7b909-d0df-49f8-910d-886c8291e2be-groupManagement] INFO  storage.RaftStorageDirectory (RaftStorageDirectoryImpl.java:analyzeStorage(138)) - The storage directory /home/runner/work/ozone/ozone/hadoop-ozone/integration-test/target/test-dir/MiniOzoneClusterImpl-4c098651-5741-4b11-9e36-c6ca8da28866/datanode-7/data/ratis/2ad20807-a5c7-445d-a28d-b9b4dcd604aa does not exist. Creating ...
2024-01-29 07:44:07,534 [00f7b909-d0df-49f8-910d-886c8291e2be-groupManagement] INFO  storage.RaftStorageDirectory (RaftStorageDirectoryImpl.java:tryLock(228)) - Lock on /home/runner/work/ozone/ozone/hadoop-ozone/integration-test/target/test-dir/MiniOzoneClusterImpl-4c098651-5741-4b11-9e36-c6ca8da28866/datanode-7/data/ratis/2ad20807-a5c7-445d-a28d-b9b4dcd604aa/in_use.lock acquired by nodename 37616@fv-az571-724
2024-01-29 07:44:07,534 [00f7b909-d0df-49f8-910d-886c8291e2be-groupManagement] INFO  storage.RaftStorage (RaftStorageImpl.java:format(99)) - Storage directory /home/runner/work/ozone/ozone/hadoop-ozone/integration-test/target/test-dir/MiniOzoneClusterImpl-4c098651-5741-4b11-9e36-c6ca8da28866/datanode-7/data/ratis/2ad20807-a5c7-445d-a28d-b9b4dcd604aa has been successfully formatted.
2024-01-29 07:44:07,535 [00f7b909-d0df-49f8-910d-886c8291e2be-groupManagement] WARN  util.FileUtils (LogUtils.java:supplyAndLog(63)) - Failed to Files.newInputStream /home/runner/work/ozone/ozone/hadoop-ozone/integration-test/target/test-dir/MiniOzoneClusterImpl-4c098651-5741-4b11-9e36-c6ca8da28866/datanode-7/data/ratis/2ad20807-a5c7-445d-a28d-b9b4dcd604aa/current/raft-meta.conf with options []: java.nio.file.NoSuchFileException: /home/runner/work/ozone/ozone/hadoop-ozone/integration-test/target/test-dir/MiniOzoneClusterImpl-4c098651-5741-4b11-9e36-c6ca8da28866/datanode-7/data/ratis/2ad20807-a5c7-445d-a28d-b9b4dcd604aa/current/raft-meta.conf
2024-01-29 07:44:07,535 [00f7b909-d0df-49f8-910d-886c8291e2be-groupManagement] INFO  ratis.ContainerStateMachine (ContainerStateMachine.java:loadSnapshot(287)) - group-B9B4DCD604AA: The snapshot info is null. Setting the last applied index to:(t:0, i:~)
2024-01-29 07:44:07,535 [00f7b909-d0df-49f8-910d-886c8291e2be-groupManagement] INFO  server.RaftServerConfigKeys (ConfUtils.java:logGet(46)) - raft.server.log.use.memory = false (default)
2024-01-29 07:44:07,535 [00f7b909-d0df-49f8-910d-886c8291e2be-groupManagement] INFO  server.RaftServerConfigKeys (ConfUtils.java:logGet(46)) - raft.server.log.purge.gap = 1000000 (custom)
2024-01-29 07:44:07,535 [00f7b909-d0df-49f8-910d-886c8291e2be-groupManagement] INFO  server.RaftServerConfigKeys (ConfUtils.java:logGet(46)) - raft.server.log.appender.buffer.byte-limit = 8388608 (custom)
2024-01-29 07:44:07,535 [00f7b909-d0df-49f8-910d-886c8291e2be-groupManagement] INFO  server.RaftServerConfigKeys (ConfUtils.java:logGet(46)) - raft.server.log.statemachine.data.read.timeout = 1000ms (default)
2024-01-29 07:44:07,535 [00f7b909-d0df-49f8-910d-886c8291e2be-groupManagement] INFO  server.RaftServerConfigKeys (ConfUtils.java:logGet(46)) - raft.server.log.purge.preservation.log.num = 0 (default)
2024-01-29 07:44:07,536 [EventQueue-PipelineReportForPipelineReportHandler] INFO  pipeline.PipelineReportHandler (PipelineReportHandler.java:processPipelineReport(136)) - Opened pipeline PipelineID=2ad20807-a5c7-445d-a28d-b9b4dcd604aa
2024-01-29 07:44:07,536 [EventQueue-OpenPipelineForHealthyPipelineSafeModeRule] INFO  safemode.SCMSafeModeManager (HealthyPipelineSafeModeRule.java:process(140)) - SCM in safe mode. Healthy pipelines reported count is 0, required healthy pipeline reported count is 1
2024-01-29 07:44:07,536 [00f7b909-d0df-49f8-910d-886c8291e2be-groupManagement] INFO  server.RaftServerConfigKeys (ConfUtils.java:logGet(46)) - raft.server.log.segment.size.max = 67108864 (custom)
2024-01-29 07:44:07,536 [00f7b909-d0df-49f8-910d-886c8291e2be-groupManagement] INFO  server.RaftServerConfigKeys (ConfUtils.java:logGet(46)) - raft.server.log.segment.cache.num.max = 2 (custom)
2024-01-29 07:44:07,536 [00f7b909-d0df-49f8-910d-886c8291e2be-groupManagement] INFO  server.RaftServerConfigKeys (ConfUtils.java:logGet(46)) - raft.server.log.segment.cache.size.max = 200MB (=209715200) (default)
2024-01-29 07:44:07,536 [00f7b909-d0df-49f8-910d-886c8291e2be-groupManagement] INFO  server.RaftServerConfigKeys (ConfUtils.java:logGet(46)) - raft.server.log.appender.buffer.byte-limit = 8388608 (custom)
2024-01-29 07:44:07,536 [00f7b909-d0df-49f8-910d-886c8291e2be-groupManagement] INFO  util.AwaitToRun (AwaitToRun.java:start(81)) - Thread[00f7b909-d0df-49f8-910d-886c8291e2be@group-B9B4DCD604AA-cacheEviction-AwaitToRun,5,main] started
2024-01-29 07:44:07,536 [00f7b909-d0df-49f8-910d-886c8291e2be-groupManagement] INFO  segmented.SegmentedRaftLogWorker (SegmentedRaftLogWorker.java:<init>(182)) - new 00f7b909-d0df-49f8-910d-886c8291e2be@group-B9B4DCD604AA-SegmentedRaftLogWorker for RaftStorageImpl:Storage Directory /home/runner/work/ozone/ozone/hadoop-ozone/integration-test/target/test-dir/MiniOzoneClusterImpl-4c098651-5741-4b11-9e36-c6ca8da28866/datanode-7/data/ratis/2ad20807-a5c7-445d-a28d-b9b4dcd604aa
2024-01-29 07:44:07,537 [00f7b909-d0df-49f8-910d-886c8291e2be-groupManagement] INFO  server.RaftServerConfigKeys (ConfUtils.java:logGet(46)) - raft.server.log.queue.byte-limit = 4294967296 (custom)
2024-01-29 07:44:07,537 [00f7b909-d0df-49f8-910d-886c8291e2be-groupManagement] INFO  server.RaftServerConfigKeys (ConfUtils.java:logGet(46)) - raft.server.log.queue.element-limit = 1024 (custom)
2024-01-29 07:44:07,537 [00f7b909-d0df-49f8-910d-886c8291e2be-groupManagement] INFO  server.RaftServerConfigKeys (ConfUtils.java:logGet(46)) - raft.server.log.segment.size.max = 67108864 (custom)
2024-01-29 07:44:07,537 [00f7b909-d0df-49f8-910d-886c8291e2be-groupManagement] INFO  server.RaftServerConfigKeys (ConfUtils.java:logGet(46)) - raft.server.log.preallocated.size = 4194304 (custom)
2024-01-29 07:44:07,537 [00f7b909-d0df-49f8-910d-886c8291e2be-groupManagement] INFO  server.RaftServerConfigKeys (ConfUtils.java:logGet(46)) - raft.server.log.force.sync.num = 128 (default)
2024-01-29 07:44:07,537 [00f7b909-d0df-49f8-910d-886c8291e2be-groupManagement] INFO  server.RaftServerConfigKeys (ConfUtils.java:logGet(46)) - raft.server.log.statemachine.data.sync = true (default)
2024-01-29 07:44:07,537 [00f7b909-d0df-49f8-910d-886c8291e2be-groupManagement] INFO  server.RaftServerConfigKeys (ConfUtils.java:logGet(46)) - raft.server.log.statemachine.data.sync.timeout = 10s (default)
2024-01-29 07:44:07,537 [00f7b909-d0df-49f8-910d-886c8291e2be-groupManagement] INFO  server.RaftServerConfigKeys (ConfUtils.java:logGet(46)) - raft.server.log.statemachine.data.sync.timeout.retry = 0 (custom)
2024-01-29 07:44:07,537 [00f7b909-d0df-49f8-910d-886c8291e2be-groupManagement] INFO  server.RaftServerConfigKeys (ConfUtils.java:logGet(46)) - raft.server.log.write.buffer.size = 8388616 (custom)
2024-01-29 07:44:07,538 [00f7b909-d0df-49f8-910d-886c8291e2be-groupManagement] INFO  server.RaftServerConfigKeys (ConfUtils.java:logGet(46)) - raft.server.log.appender.buffer.byte-limit = 8388608 (custom)
2024-01-29 07:44:07,538 [00f7b909-d0df-49f8-910d-886c8291e2be-groupManagement] INFO  server.RaftServerConfigKeys (ConfUtils.java:logGet(46)) - raft.server.log.unsafe-flush.enabled = false (default)
2024-01-29 07:44:07,538 [00f7b909-d0df-49f8-910d-886c8291e2be-groupManagement] INFO  server.RaftServerConfigKeys (ConfUtils.java:logGet(46)) - raft.server.log.async-flush.enabled = false (default)
2024-01-29 07:44:07,538 [00f7b909-d0df-49f8-910d-886c8291e2be-groupManagement] INFO  server.RaftServerConfigKeys (ConfUtils.java:logGet(46)) - raft.server.log.statemachine.data.caching.enabled = true (custom)
2024-01-29 07:44:07,538 [00f7b909-d0df-49f8-910d-886c8291e2be-groupManagement] INFO  segmented.SegmentedRaftLogWorker (SegmentedRaftLogWorker.java:lambda$new$0(134)) - 00f7b909-d0df-49f8-910d-886c8291e2be@group-B9B4DCD604AA-SegmentedRaftLogWorker: flushIndex: setUnconditionally 0 -> -1
2024-01-29 07:44:07,539 [00f7b909-d0df-49f8-910d-886c8291e2be-groupManagement] INFO  segmented.SegmentedRaftLogWorker (SegmentedRaftLogWorker.java:lambda$new$0(134)) - 00f7b909-d0df-49f8-910d-886c8291e2be@group-B9B4DCD604AA-SegmentedRaftLogWorker: safeCacheEvictIndex: setUnconditionally 0 -> -1
2024-01-29 07:44:07,539 [00f7b909-d0df-49f8-910d-886c8291e2be-groupManagement] INFO  server.RaftServer$Division (RaftServerImpl.java:start(396)) - 00f7b909-d0df-49f8-910d-886c8291e2be@group-B9B4DCD604AA: start as a follower, conf=-1: peers:[00f7b909-d0df-49f8-910d-886c8291e2be|10.1.0.7:15433]|listeners:[], old=null
2024-01-29 07:44:07,539 [00f7b909-d0df-49f8-910d-886c8291e2be-groupManagement] INFO  server.RaftServer$Division (RaftServerImpl.java:setRole(383)) - 00f7b909-d0df-49f8-910d-886c8291e2be@group-B9B4DCD604AA: changes role from      null to FOLLOWER at term 0 for startAsFollower
2024-01-29 07:44:07,539 [00f7b909-d0df-49f8-910d-886c8291e2be-groupManagement] INFO  impl.RoleInfo (RoleInfo.java:updateAndGet(139)) - 00f7b909-d0df-49f8-910d-886c8291e2be: start 00f7b909-d0df-49f8-910d-886c8291e2be@group-B9B4DCD604AA-FollowerState
2024-01-29 07:44:07,539 [00f7b909-d0df-49f8-910d-886c8291e2be@group-B9B4DCD604AA-FollowerState] INFO  server.RaftServerConfigKeys (ConfUtils.java:logFallback(53)) - raft.server.rpc.first-election.timeout.min = 5s (fallback to raft.server.rpc.timeout.min)
2024-01-29 07:44:07,539 [00f7b909-d0df-49f8-910d-886c8291e2be-groupManagement] INFO  util.JmxRegister (JmxRegister.java:tryRegister(44)) - Successfully registered JMX Bean with object name Ratis:service=RaftServer,group=group-B9B4DCD604AA,id=00f7b909-d0df-49f8-910d-886c8291e2be
2024-01-29 07:44:07,539 [00f7b909-d0df-49f8-910d-886c8291e2be@group-B9B4DCD604AA-FollowerState] INFO  server.RaftServerConfigKeys (ConfUtils.java:logFallback(53)) - raft.server.rpc.first-election.timeout.max = 5200ms (fallback to raft.server.rpc.timeout.max)
2024-01-29 07:44:07,539 [00f7b909-d0df-49f8-910d-886c8291e2be-groupManagement] INFO  server.RaftServerConfigKeys (ConfUtils.java:logGet(46)) - raft.server.snapshot.trigger-when-stop.enabled = true (default)
2024-01-29 07:44:07,539 [00f7b909-d0df-49f8-910d-886c8291e2be-groupManagement] INFO  server.RaftServerConfigKeys (ConfUtils.java:logGet(46)) - raft.server.snapshot.auto.trigger.enabled = true (custom)
2024-01-29 07:44:07,539 [00f7b909-d0df-49f8-910d-886c8291e2be-groupManagement] INFO  server.RaftServerConfigKeys (ConfUtils.java:logGet(46)) - raft.server.snapshot.auto.trigger.threshold = 10000 (custom)
2024-01-29 07:44:07,539 [00f7b909-d0df-49f8-910d-886c8291e2be-groupManagement] INFO  server.RaftServerConfigKeys (ConfUtils.java:logGet(46)) - raft.server.snapshot.retention.file.num = 5 (custom)
2024-01-29 07:44:07,539 [00f7b909-d0df-49f8-910d-886c8291e2be-groupManagement] INFO  server.RaftServerConfigKeys (ConfUtils.java:logGet(46)) - raft.server.log.purge.upto.snapshot.index = false (default)
2024-01-29 07:44:07,539 [00f7b909-d0df-49f8-910d-886c8291e2be-PipelineCommandHandlerThread-0] INFO  ratis.XceiverServerRatis (XceiverServerRatis.java:addGroup(864)) - Created group PipelineID=2ad20807-a5c7-445d-a28d-b9b4dcd604aa
2024-01-29 07:44:07,540 [00f7b909-d0df-49f8-910d-886c8291e2be-PipelineCommandHandlerThread-0] INFO  commandhandler.CreatePipelineCommandHandler (CreatePipelineCommandHandler.java:lambda$handle$2(124)) - Created Pipeline RATIS ONE PipelineID=2ad20807-a5c7-445d-a28d-b9b4dcd604aa.
2024-01-29 07:44:07,627 [main] INFO  ozone.MiniOzoneClusterImpl (MiniOzoneClusterImpl.java:lambda$waitForClusterToBeReady$0(229)) - Nodes are ready. Got 9 of 9 DN Heartbeats.
2024-01-29 07:44:07,627 [main] INFO  ozone.MiniOzoneClusterImpl (MiniOzoneClusterImpl.java:lambda$waitForClusterToBeReady$0(232)) - Waiting for cluster to exit safe mode
2024-01-29 07:44:07,627 [main] INFO  ozone.MiniOzoneClusterImpl (MiniOzoneClusterImpl.java:lambda$waitForClusterToBeReady$0(234)) - SCM became leader
2024-01-29 07:44:07,627 [c4e2dbfc-bf93-4c3c-9059-db6704809494-PipelineCommandHandlerThread-0] INFO  server.RaftServer (RaftServerProxy.java:addNew(100)) - c4e2dbfc-bf93-4c3c-9059-db6704809494: addNew group-EC5A67C5AFC1:[c4e2dbfc-bf93-4c3c-9059-db6704809494|10.1.0.7:15442] returns group-EC5A67C5AFC1:java.util.concurrent.CompletableFuture@759459f1[Not completed]
2024-01-29 07:44:07,628 [c4e2dbfc-bf93-4c3c-9059-db6704809494-groupManagement] INFO  server.RaftServer$Division (RaftServerImpl.java:<init>(256)) - c4e2dbfc-bf93-4c3c-9059-db6704809494: new RaftServerImpl for group-EC5A67C5AFC1:[c4e2dbfc-bf93-4c3c-9059-db6704809494|10.1.0.7:15442] with ContainerStateMachine:uninitialized
2024-01-29 07:44:07,628 [c4e2dbfc-bf93-4c3c-9059-db6704809494-groupManagement] INFO  server.RaftServerConfigKeys (ConfUtils.java:logGet(46)) - raft.server.rpc.timeout.min = 5s (custom)
2024-01-29 07:44:07,628 [c4e2dbfc-bf93-4c3c-9059-db6704809494-groupManagement] INFO  server.RaftServerConfigKeys (ConfUtils.java:logGet(46)) - raft.server.rpc.timeout.max = 5200ms (custom)
2024-01-29 07:44:07,628 [c4e2dbfc-bf93-4c3c-9059-db6704809494-groupManagement] INFO  server.RaftServerConfigKeys (ConfUtils.java:logGet(46)) - raft.server.rpc.sleep.time = 25ms (default)
2024-01-29 07:44:07,628 [c4e2dbfc-bf93-4c3c-9059-db6704809494-groupManagement] INFO  server.RaftServerConfigKeys (ConfUtils.java:logGet(46)) - raft.server.rpc.slowness.timeout = 300000ms (custom)
2024-01-29 07:44:07,628 [c4e2dbfc-bf93-4c3c-9059-db6704809494-groupManagement] INFO  server.RaftServerConfigKeys (ConfUtils.java:logGet(46)) - raft.server.leaderelection.leader.step-down.wait-time = 10s (default)
2024-01-29 07:44:07,628 [c4e2dbfc-bf93-4c3c-9059-db6704809494-groupManagement] INFO  server.RaftServerConfigKeys (ConfUtils.java:logGet(46)) - raft.server.leaderelection.member.majority-add = false (default)
2024-01-29 07:44:07,628 [c4e2dbfc-bf93-4c3c-9059-db6704809494-groupManagement] INFO  server.RaftServerConfigKeys (ConfUtils.java:logGet(46)) - raft.server.sleep.deviation.threshold = 300ms (default)
2024-01-29 07:44:07,628 [c4e2dbfc-bf93-4c3c-9059-db6704809494-groupManagement] INFO  server.RaftServer$Division (ServerState.java:<init>(113)) - c4e2dbfc-bf93-4c3c-9059-db6704809494@group-EC5A67C5AFC1: ConfigurationManager, init=-1: peers:[c4e2dbfc-bf93-4c3c-9059-db6704809494|10.1.0.7:15442]|listeners:[], old=null, confs=<EMPTY_MAP>
2024-01-29 07:44:07,628 [c4e2dbfc-bf93-4c3c-9059-db6704809494-groupManagement] INFO  server.RaftServerConfigKeys (ConfUtils.java:logGet(46)) - raft.server.notification.no-leader.timeout = 300000ms (custom)
2024-01-29 07:44:07,628 [c4e2dbfc-bf93-4c3c-9059-db6704809494-groupManagement] INFO  server.RaftServerConfigKeys (ConfUtils.java:logGet(46)) - raft.server.read.timeout = 10s (default)
2024-01-29 07:44:07,628 [c4e2dbfc-bf93-4c3c-9059-db6704809494-groupManagement] INFO  server.RaftServerConfigKeys (ConfUtils.java:logGet(46)) - raft.server.retrycache.expirytime = 600000ms (custom)
2024-01-29 07:44:07,628 [c4e2dbfc-bf93-4c3c-9059-db6704809494-groupManagement] INFO  server.RaftServerConfigKeys (ConfUtils.java:logGet(46)) - raft.server.retrycache.statistics.expirytime = 100ms (default)
2024-01-29 07:44:07,628 [c4e2dbfc-bf93-4c3c-9059-db6704809494-groupManagement] INFO  server.RaftServerConfigKeys (ConfUtils.java:logGet(46)) - raft.server.read.option = DEFAULT (default)
2024-01-29 07:44:07,628 [c4e2dbfc-bf93-4c3c-9059-db6704809494-groupManagement] INFO  server.RaftServerConfigKeys (ConfUtils.java:logGet(46)) - raft.server.read.read-after-write-consistent.write-index-cache.expiry-time = 60s (default)
2024-01-29 07:44:07,630 [c4e2dbfc-bf93-4c3c-9059-db6704809494-groupManagement] INFO  server.RaftServerConfigKeys (ConfUtils.java:logGet(46)) - raft.server.rpc.request.timeout = 3000ms (default)
2024-01-29 07:44:07,630 [c4e2dbfc-bf93-4c3c-9059-db6704809494-groupManagement] INFO  server.RaftServerConfigKeys (ConfUtils.java:logGet(46)) - raft.server.log.appender.install.snapshot.enabled = false (custom)
2024-01-29 07:44:07,630 [c4e2dbfc-bf93-4c3c-9059-db6704809494-groupManagement] INFO  server.RaftServerConfigKeys (ConfUtils.java:logGet(46)) - raft.server.threadpool.server.cached = true (default)
2024-01-29 07:44:07,630 [c4e2dbfc-bf93-4c3c-9059-db6704809494-groupManagement] INFO  server.RaftServerConfigKeys (ConfUtils.java:logGet(46)) - raft.server.threadpool.server.size = 0 (default)
2024-01-29 07:44:07,630 [c4e2dbfc-bf93-4c3c-9059-db6704809494-groupManagement] INFO  server.RaftServerConfigKeys (ConfUtils.java:logGet(46)) - raft.server.threadpool.client.cached = true (default)
2024-01-29 07:44:07,630 [c4e2dbfc-bf93-4c3c-9059-db6704809494-groupManagement] INFO  server.RaftServerConfigKeys (ConfUtils.java:logGet(46)) - raft.server.threadpool.client.size = 0 (default)
2024-01-29 07:44:07,630 [c4e2dbfc-bf93-4c3c-9059-db6704809494-groupManagement] INFO  server.RaftServerConfigKeys (ConfUtils.java:logGet(46)) - raft.server.storage.free-space.min = 0MB (=0) (default)
2024-01-29 07:44:07,630 [c4e2dbfc-bf93-4c3c-9059-db6704809494-groupManagement] INFO  server.RaftServerConfigKeys (ConfUtils.java:logGet(46)) - raft.server.log.corruption.policy = EXCEPTION (default)
2024-01-29 07:44:07,630 [c4e2dbfc-bf93-4c3c-9059-db6704809494-groupManagement] INFO  server.RaftServerConfigKeys (ConfUtils.java:logGet(46)) - raft.server.storage.dir = [/home/runner/work/ozone/ozone/hadoop-ozone/integration-test/target/test-dir/MiniOzoneClusterImpl-4c098651-5741-4b11-9e36-c6ca8da28866/datanode-8/data/ratis] (custom)
2024-01-29 07:44:07,630 [c4e2dbfc-bf93-4c3c-9059-db6704809494-groupManagement] INFO  storage.RaftStorageDirectory (RaftStorageDirectoryImpl.java:analyzeStorage(138)) - The storage directory /home/runner/work/ozone/ozone/hadoop-ozone/integration-test/target/test-dir/MiniOzoneClusterImpl-4c098651-5741-4b11-9e36-c6ca8da28866/datanode-8/data/ratis/fa46350e-d7e0-470f-9be7-ec5a67c5afc1 does not exist. Creating ...
2024-01-29 07:44:07,631 [c4e2dbfc-bf93-4c3c-9059-db6704809494-groupManagement] INFO  storage.RaftStorageDirectory (RaftStorageDirectoryImpl.java:tryLock(228)) - Lock on /home/runner/work/ozone/ozone/hadoop-ozone/integration-test/target/test-dir/MiniOzoneClusterImpl-4c098651-5741-4b11-9e36-c6ca8da28866/datanode-8/data/ratis/fa46350e-d7e0-470f-9be7-ec5a67c5afc1/in_use.lock acquired by nodename 37616@fv-az571-724
2024-01-29 07:44:07,632 [c4e2dbfc-bf93-4c3c-9059-db6704809494-groupManagement] INFO  storage.RaftStorage (RaftStorageImpl.java:format(99)) - Storage directory /home/runner/work/ozone/ozone/hadoop-ozone/integration-test/target/test-dir/MiniOzoneClusterImpl-4c098651-5741-4b11-9e36-c6ca8da28866/datanode-8/data/ratis/fa46350e-d7e0-470f-9be7-ec5a67c5afc1 has been successfully formatted.
2024-01-29 07:44:07,632 [c4e2dbfc-bf93-4c3c-9059-db6704809494-groupManagement] WARN  util.FileUtils (LogUtils.java:supplyAndLog(63)) - Failed to Files.newInputStream /home/runner/work/ozone/ozone/hadoop-ozone/integration-test/target/test-dir/MiniOzoneClusterImpl-4c098651-5741-4b11-9e36-c6ca8da28866/datanode-8/data/ratis/fa46350e-d7e0-470f-9be7-ec5a67c5afc1/current/raft-meta.conf with options []: java.nio.file.NoSuchFileException: /home/runner/work/ozone/ozone/hadoop-ozone/integration-test/target/test-dir/MiniOzoneClusterImpl-4c098651-5741-4b11-9e36-c6ca8da28866/datanode-8/data/ratis/fa46350e-d7e0-470f-9be7-ec5a67c5afc1/current/raft-meta.conf
2024-01-29 07:44:07,632 [c4e2dbfc-bf93-4c3c-9059-db6704809494-groupManagement] INFO  ratis.ContainerStateMachine (ContainerStateMachine.java:loadSnapshot(287)) - group-EC5A67C5AFC1: The snapshot info is null. Setting the last applied index to:(t:0, i:~)
2024-01-29 07:44:07,632 [c4e2dbfc-bf93-4c3c-9059-db6704809494-groupManagement] INFO  server.RaftServerConfigKeys (ConfUtils.java:logGet(46)) - raft.server.log.use.memory = false (default)
2024-01-29 07:44:07,632 [c4e2dbfc-bf93-4c3c-9059-db6704809494-groupManagement] INFO  server.RaftServerConfigKeys (ConfUtils.java:logGet(46)) - raft.server.log.purge.gap = 1000000 (custom)
2024-01-29 07:44:07,632 [c4e2dbfc-bf93-4c3c-9059-db6704809494-groupManagement] INFO  server.RaftServerConfigKeys (ConfUtils.java:logGet(46)) - raft.server.log.appender.buffer.byte-limit = 8388608 (custom)
2024-01-29 07:44:07,633 [c4e2dbfc-bf93-4c3c-9059-db6704809494-groupManagement] INFO  server.RaftServerConfigKeys (ConfUtils.java:logGet(46)) - raft.server.log.statemachine.data.read.timeout = 1000ms (default)
2024-01-29 07:44:07,633 [c4e2dbfc-bf93-4c3c-9059-db6704809494-groupManagement] INFO  server.RaftServerConfigKeys (ConfUtils.java:logGet(46)) - raft.server.log.purge.preservation.log.num = 0 (default)
2024-01-29 07:44:07,634 [EventQueue-PipelineReportForPipelineReportHandler] INFO  pipeline.PipelineReportHandler (PipelineReportHandler.java:processPipelineReport(136)) - Opened pipeline PipelineID=fa46350e-d7e0-470f-9be7-ec5a67c5afc1
2024-01-29 07:44:07,634 [EventQueue-OpenPipelineForHealthyPipelineSafeModeRule] INFO  safemode.SCMSafeModeManager (HealthyPipelineSafeModeRule.java:process(140)) - SCM in safe mode. Healthy pipelines reported count is 0, required healthy pipeline reported count is 1
2024-01-29 07:44:07,634 [c4e2dbfc-bf93-4c3c-9059-db6704809494-groupManagement] INFO  server.RaftServerConfigKeys (ConfUtils.java:logGet(46)) - raft.server.log.segment.size.max = 67108864 (custom)
2024-01-29 07:44:07,634 [c4e2dbfc-bf93-4c3c-9059-db6704809494-groupManagement] INFO  server.RaftServerConfigKeys (ConfUtils.java:logGet(46)) - raft.server.log.segment.cache.num.max = 2 (custom)
2024-01-29 07:44:07,634 [c4e2dbfc-bf93-4c3c-9059-db6704809494-groupManagement] INFO  server.RaftServerConfigKeys (ConfUtils.java:logGet(46)) - raft.server.log.segment.cache.size.max = 200MB (=209715200) (default)
2024-01-29 07:44:07,634 [c4e2dbfc-bf93-4c3c-9059-db6704809494-groupManagement] INFO  server.RaftServerConfigKeys (ConfUtils.java:logGet(46)) - raft.server.log.appender.buffer.byte-limit = 8388608 (custom)
2024-01-29 07:44:07,635 [c4e2dbfc-bf93-4c3c-9059-db6704809494-groupManagement] INFO  util.AwaitToRun (AwaitToRun.java:start(81)) - Thread[c4e2dbfc-bf93-4c3c-9059-db6704809494@group-EC5A67C5AFC1-cacheEviction-AwaitToRun,5,main] started
2024-01-29 07:44:07,635 [c4e2dbfc-bf93-4c3c-9059-db6704809494-groupManagement] INFO  segmented.SegmentedRaftLogWorker (SegmentedRaftLogWorker.java:<init>(182)) - new c4e2dbfc-bf93-4c3c-9059-db6704809494@group-EC5A67C5AFC1-SegmentedRaftLogWorker for RaftStorageImpl:Storage Directory /home/runner/work/ozone/ozone/hadoop-ozone/integration-test/target/test-dir/MiniOzoneClusterImpl-4c098651-5741-4b11-9e36-c6ca8da28866/datanode-8/data/ratis/fa46350e-d7e0-470f-9be7-ec5a67c5afc1
2024-01-29 07:44:07,635 [c4e2dbfc-bf93-4c3c-9059-db6704809494-groupManagement] INFO  server.RaftServerConfigKeys (ConfUtils.java:logGet(46)) - raft.server.log.queue.byte-limit = 4294967296 (custom)
2024-01-29 07:44:07,635 [c4e2dbfc-bf93-4c3c-9059-db6704809494-groupManagement] INFO  server.RaftServerConfigKeys (ConfUtils.java:logGet(46)) - raft.server.log.queue.element-limit = 1024 (custom)
2024-01-29 07:44:07,635 [c4e2dbfc-bf93-4c3c-9059-db6704809494-groupManagement] INFO  server.RaftServerConfigKeys (ConfUtils.java:logGet(46)) - raft.server.log.segment.size.max = 67108864 (custom)
2024-01-29 07:44:07,635 [c4e2dbfc-bf93-4c3c-9059-db6704809494-groupManagement] INFO  server.RaftServerConfigKeys (ConfUtils.java:logGet(46)) - raft.server.log.preallocated.size = 4194304 (custom)
2024-01-29 07:44:07,635 [c4e2dbfc-bf93-4c3c-9059-db6704809494-groupManagement] INFO  server.RaftServerConfigKeys (ConfUtils.java:logGet(46)) - raft.server.log.force.sync.num = 128 (default)
2024-01-29 07:44:07,635 [c4e2dbfc-bf93-4c3c-9059-db6704809494-groupManagement] INFO  server.RaftServerConfigKeys (ConfUtils.java:logGet(46)) - raft.server.log.statemachine.data.sync = true (default)
2024-01-29 07:44:07,635 [c4e2dbfc-bf93-4c3c-9059-db6704809494-groupManagement] INFO  server.RaftServerConfigKeys (ConfUtils.java:logGet(46)) - raft.server.log.statemachine.data.sync.timeout = 10s (default)
2024-01-29 07:44:07,635 [c4e2dbfc-bf93-4c3c-9059-db6704809494-groupManagement] INFO  server.RaftServerConfigKeys (ConfUtils.java:logGet(46)) - raft.server.log.statemachine.data.sync.timeout.retry = 0 (custom)
2024-01-29 07:44:07,635 [c4e2dbfc-bf93-4c3c-9059-db6704809494-groupManagement] INFO  server.RaftServerConfigKeys (ConfUtils.java:logGet(46)) - raft.server.log.write.buffer.size = 8388616 (custom)
2024-01-29 07:44:07,637 [c4e2dbfc-bf93-4c3c-9059-db6704809494-groupManagement] INFO  server.RaftServerConfigKeys (ConfUtils.java:logGet(46)) - raft.server.log.appender.buffer.byte-limit = 8388608 (custom)
2024-01-29 07:44:07,637 [c4e2dbfc-bf93-4c3c-9059-db6704809494-groupManagement] INFO  server.RaftServerConfigKeys (ConfUtils.java:logGet(46)) - raft.server.log.unsafe-flush.enabled = false (default)
2024-01-29 07:44:07,637 [c4e2dbfc-bf93-4c3c-9059-db6704809494-groupManagement] INFO  server.RaftServerConfigKeys (ConfUtils.java:logGet(46)) - raft.server.log.async-flush.enabled = false (default)
2024-01-29 07:44:07,637 [c4e2dbfc-bf93-4c3c-9059-db6704809494-groupManagement] INFO  server.RaftServerConfigKeys (ConfUtils.java:logGet(46)) - raft.server.log.statemachine.data.caching.enabled = true (custom)
2024-01-29 07:44:07,637 [c4e2dbfc-bf93-4c3c-9059-db6704809494-groupManagement] INFO  segmented.SegmentedRaftLogWorker (SegmentedRaftLogWorker.java:lambda$new$0(134)) - c4e2dbfc-bf93-4c3c-9059-db6704809494@group-EC5A67C5AFC1-SegmentedRaftLogWorker: flushIndex: setUnconditionally 0 -> -1
2024-01-29 07:44:07,637 [c4e2dbfc-bf93-4c3c-9059-db6704809494-groupManagement] INFO  segmented.SegmentedRaftLogWorker (SegmentedRaftLogWorker.java:lambda$new$0(134)) - c4e2dbfc-bf93-4c3c-9059-db6704809494@group-EC5A67C5AFC1-SegmentedRaftLogWorker: safeCacheEvictIndex: setUnconditionally 0 -> -1
2024-01-29 07:44:07,637 [c4e2dbfc-bf93-4c3c-9059-db6704809494-groupManagement] INFO  server.RaftServer$Division (RaftServerImpl.java:start(396)) - c4e2dbfc-bf93-4c3c-9059-db6704809494@group-EC5A67C5AFC1: start as a follower, conf=-1: peers:[c4e2dbfc-bf93-4c3c-9059-db6704809494|10.1.0.7:15442]|listeners:[], old=null
2024-01-29 07:44:07,637 [c4e2dbfc-bf93-4c3c-9059-db6704809494-groupManagement] INFO  server.RaftServer$Division (RaftServerImpl.java:setRole(383)) - c4e2dbfc-bf93-4c3c-9059-db6704809494@group-EC5A67C5AFC1: changes role from      null to FOLLOWER at term 0 for startAsFollower
2024-01-29 07:44:07,637 [c4e2dbfc-bf93-4c3c-9059-db6704809494-groupManagement] INFO  impl.RoleInfo (RoleInfo.java:updateAndGet(139)) - c4e2dbfc-bf93-4c3c-9059-db6704809494: start c4e2dbfc-bf93-4c3c-9059-db6704809494@group-EC5A67C5AFC1-FollowerState
2024-01-29 07:44:07,638 [c4e2dbfc-bf93-4c3c-9059-db6704809494@group-EC5A67C5AFC1-FollowerState] INFO  server.RaftServerConfigKeys (ConfUtils.java:logFallback(53)) - raft.server.rpc.first-election.timeout.min = 5s (fallback to raft.server.rpc.timeout.min)
2024-01-29 07:44:07,638 [c4e2dbfc-bf93-4c3c-9059-db6704809494-groupManagement] INFO  util.JmxRegister (JmxRegister.java:tryRegister(44)) - Successfully registered JMX Bean with object name Ratis:service=RaftServer,group=group-EC5A67C5AFC1,id=c4e2dbfc-bf93-4c3c-9059-db6704809494
2024-01-29 07:44:07,638 [c4e2dbfc-bf93-4c3c-9059-db6704809494@group-EC5A67C5AFC1-FollowerState] INFO  server.RaftServerConfigKeys (ConfUtils.java:logFallback(53)) - raft.server.rpc.first-election.timeout.max = 5200ms (fallback to raft.server.rpc.timeout.max)
2024-01-29 07:44:07,638 [c4e2dbfc-bf93-4c3c-9059-db6704809494-groupManagement] INFO  server.RaftServerConfigKeys (ConfUtils.java:logGet(46)) - raft.server.snapshot.trigger-when-stop.enabled = true (default)
2024-01-29 07:44:07,638 [c4e2dbfc-bf93-4c3c-9059-db6704809494-groupManagement] INFO  server.RaftServerConfigKeys (ConfUtils.java:logGet(46)) - raft.server.snapshot.auto.trigger.enabled = true (custom)
2024-01-29 07:44:07,638 [c4e2dbfc-bf93-4c3c-9059-db6704809494-groupManagement] INFO  server.RaftServerConfigKeys (ConfUtils.java:logGet(46)) - raft.server.snapshot.auto.trigger.threshold = 10000 (custom)
2024-01-29 07:44:07,638 [c4e2dbfc-bf93-4c3c-9059-db6704809494-groupManagement] INFO  server.RaftServerConfigKeys (ConfUtils.java:logGet(46)) - raft.server.snapshot.retention.file.num = 5 (custom)
2024-01-29 07:44:07,638 [c4e2dbfc-bf93-4c3c-9059-db6704809494-groupManagement] INFO  server.RaftServerConfigKeys (ConfUtils.java:logGet(46)) - raft.server.log.purge.upto.snapshot.index = false (default)
2024-01-29 07:44:07,638 [c4e2dbfc-bf93-4c3c-9059-db6704809494-PipelineCommandHandlerThread-0] INFO  ratis.XceiverServerRatis (XceiverServerRatis.java:addGroup(864)) - Created group PipelineID=fa46350e-d7e0-470f-9be7-ec5a67c5afc1
2024-01-29 07:44:07,639 [c4e2dbfc-bf93-4c3c-9059-db6704809494-PipelineCommandHandlerThread-0] INFO  commandhandler.CreatePipelineCommandHandler (CreatePipelineCommandHandler.java:lambda$handle$2(124)) - Created Pipeline RATIS ONE PipelineID=fa46350e-d7e0-470f-9be7-ec5a67c5afc1.
2024-01-29 07:44:08,627 [main] INFO  ozone.MiniOzoneClusterImpl (MiniOzoneClusterImpl.java:lambda$waitForClusterToBeReady$0(229)) - Nodes are ready. Got 9 of 9 DN Heartbeats.
2024-01-29 07:44:08,628 [main] INFO  ozone.MiniOzoneClusterImpl (MiniOzoneClusterImpl.java:lambda$waitForClusterToBeReady$0(232)) - Waiting for cluster to exit safe mode
2024-01-29 07:44:08,628 [main] INFO  ozone.MiniOzoneClusterImpl (MiniOzoneClusterImpl.java:lambda$waitForClusterToBeReady$0(234)) - SCM became leader
2024-01-29 07:44:09,628 [main] INFO  ozone.MiniOzoneClusterImpl (MiniOzoneClusterImpl.java:lambda$waitForClusterToBeReady$0(229)) - Nodes are ready. Got 9 of 9 DN Heartbeats.
2024-01-29 07:44:09,628 [main] INFO  ozone.MiniOzoneClusterImpl (MiniOzoneClusterImpl.java:lambda$waitForClusterToBeReady$0(232)) - Waiting for cluster to exit safe mode
2024-01-29 07:44:09,629 [main] INFO  ozone.MiniOzoneClusterImpl (MiniOzoneClusterImpl.java:lambda$waitForClusterToBeReady$0(234)) - SCM became leader
2024-01-29 07:44:10,629 [main] INFO  ozone.MiniOzoneClusterImpl (MiniOzoneClusterImpl.java:lambda$waitForClusterToBeReady$0(229)) - Nodes are ready. Got 9 of 9 DN Heartbeats.
2024-01-29 07:44:10,629 [main] INFO  ozone.MiniOzoneClusterImpl (MiniOzoneClusterImpl.java:lambda$waitForClusterToBeReady$0(232)) - Waiting for cluster to exit safe mode
2024-01-29 07:44:10,629 [main] INFO  ozone.MiniOzoneClusterImpl (MiniOzoneClusterImpl.java:lambda$waitForClusterToBeReady$0(234)) - SCM became leader
2024-01-29 07:44:11,629 [main] INFO  ozone.MiniOzoneClusterImpl (MiniOzoneClusterImpl.java:lambda$waitForClusterToBeReady$0(229)) - Nodes are ready. Got 9 of 9 DN Heartbeats.
2024-01-29 07:44:11,630 [main] INFO  ozone.MiniOzoneClusterImpl (MiniOzoneClusterImpl.java:lambda$waitForClusterToBeReady$0(232)) - Waiting for cluster to exit safe mode
2024-01-29 07:44:11,630 [main] INFO  ozone.MiniOzoneClusterImpl (MiniOzoneClusterImpl.java:lambda$waitForClusterToBeReady$0(234)) - SCM became leader
2024-01-29 07:44:11,997 [6a63baba-185f-4694-8c2d-f019df25b76b@group-29CAF7BBEDC4-FollowerState] INFO  impl.FollowerState (FollowerState.java:run(143)) - 6a63baba-185f-4694-8c2d-f019df25b76b@group-29CAF7BBEDC4-FollowerState: change to CANDIDATE, lastRpcElapsedTime:5062428355ns, electionTimeout:5062ms
2024-01-29 07:44:11,997 [6a63baba-185f-4694-8c2d-f019df25b76b@group-29CAF7BBEDC4-FollowerState] INFO  impl.RoleInfo (RoleInfo.java:shutdownFollowerState(110)) - 6a63baba-185f-4694-8c2d-f019df25b76b: shutdown 6a63baba-185f-4694-8c2d-f019df25b76b@group-29CAF7BBEDC4-FollowerState
2024-01-29 07:44:11,997 [6a63baba-185f-4694-8c2d-f019df25b76b@group-29CAF7BBEDC4-FollowerState] INFO  server.RaftServer$Division (RaftServerImpl.java:setRole(383)) - 6a63baba-185f-4694-8c2d-f019df25b76b@group-29CAF7BBEDC4: changes role from  FOLLOWER to CANDIDATE at term 0 for changeToCandidate
2024-01-29 07:44:11,997 [6a63baba-185f-4694-8c2d-f019df25b76b@group-29CAF7BBEDC4-FollowerState] INFO  server.RaftServerConfigKeys (ConfUtils.java:logGet(46)) - raft.server.leaderelection.pre-vote = true (default)
2024-01-29 07:44:11,997 [6a63baba-185f-4694-8c2d-f019df25b76b@group-29CAF7BBEDC4-FollowerState] INFO  impl.RoleInfo (RoleInfo.java:updateAndGet(139)) - 6a63baba-185f-4694-8c2d-f019df25b76b: start 6a63baba-185f-4694-8c2d-f019df25b76b@group-29CAF7BBEDC4-LeaderElection65
2024-01-29 07:44:11,999 [6a63baba-185f-4694-8c2d-f019df25b76b@group-29CAF7BBEDC4-LeaderElection65] INFO  impl.LeaderElection (LeaderElection.java:askForVotes(321)) - 6a63baba-185f-4694-8c2d-f019df25b76b@group-29CAF7BBEDC4-LeaderElection65 PRE_VOTE round 0: submit vote requests at term 0 for -1: peers:[6a63baba-185f-4694-8c2d-f019df25b76b|10.1.0.7:15370]|listeners:[], old=null
2024-01-29 07:44:11,999 [6a63baba-185f-4694-8c2d-f019df25b76b@group-29CAF7BBEDC4-LeaderElection65] INFO  impl.LeaderElection (LeaderElection.java:askForVotes(323)) - 6a63baba-185f-4694-8c2d-f019df25b76b@group-29CAF7BBEDC4-LeaderElection65 PRE_VOTE round 0: result PASSED (term=0)
2024-01-29 07:44:12,000 [6a63baba-185f-4694-8c2d-f019df25b76b@group-29CAF7BBEDC4-LeaderElection65] INFO  impl.LeaderElection (LeaderElection.java:askForVotes(321)) - 6a63baba-185f-4694-8c2d-f019df25b76b@group-29CAF7BBEDC4-LeaderElection65 ELECTION round 0: submit vote requests at term 1 for -1: peers:[6a63baba-185f-4694-8c2d-f019df25b76b|10.1.0.7:15370]|listeners:[], old=null
2024-01-29 07:44:12,000 [6a63baba-185f-4694-8c2d-f019df25b76b@group-29CAF7BBEDC4-LeaderElection65] INFO  impl.LeaderElection (LeaderElection.java:askForVotes(323)) - 6a63baba-185f-4694-8c2d-f019df25b76b@group-29CAF7BBEDC4-LeaderElection65 ELECTION round 0: result PASSED (term=1)
2024-01-29 07:44:12,000 [6a63baba-185f-4694-8c2d-f019df25b76b@group-29CAF7BBEDC4-LeaderElection65] INFO  impl.RoleInfo (RoleInfo.java:shutdownLeaderElection(130)) - 6a63baba-185f-4694-8c2d-f019df25b76b: shutdown 6a63baba-185f-4694-8c2d-f019df25b76b@group-29CAF7BBEDC4-LeaderElection65
2024-01-29 07:44:12,000 [6a63baba-185f-4694-8c2d-f019df25b76b@group-29CAF7BBEDC4-LeaderElection65] INFO  server.RaftServer$Division (RaftServerImpl.java:setRole(383)) - 6a63baba-185f-4694-8c2d-f019df25b76b@group-29CAF7BBEDC4: changes role from CANDIDATE to LEADER at term 1 for changeToLeader
2024-01-29 07:44:12,001 [6a63baba-185f-4694-8c2d-f019df25b76b@group-29CAF7BBEDC4-LeaderElection65] INFO  server.RaftServerConfigKeys (ConfUtils.java:logGet(46)) - raft.server.staging.catchup.gap = 1000 (default)
2024-01-29 07:44:12,001 [6a63baba-185f-4694-8c2d-f019df25b76b@group-29CAF7BBEDC4-LeaderElection65] INFO  server.RaftServerConfigKeys (ConfUtils.java:logGet(46)) - raft.server.write.element-limit = 1024 (custom)
2024-01-29 07:44:12,001 [6a63baba-185f-4694-8c2d-f019df25b76b@group-29CAF7BBEDC4-LeaderElection65] INFO  server.RaftServerConfigKeys (ConfUtils.java:logGet(46)) - raft.server.write.byte-limit = 1024 M (=1073741824) (custom)
2024-01-29 07:44:12,001 [6a63baba-185f-4694-8c2d-f019df25b76b@group-29CAF7BBEDC4-LeaderElection65] INFO  server.RaftServerConfigKeys (ConfUtils.java:logGet(46)) - raft.server.watch.timeout = 3000ms (custom)
2024-01-29 07:44:12,001 [6a63baba-185f-4694-8c2d-f019df25b76b@group-29CAF7BBEDC4-LeaderElection65] INFO  server.RaftServerConfigKeys (ConfUtils.java:logGet(46)) - raft.server.watch.timeout.denomination = 1s (default)
2024-01-29 07:44:12,001 [6a63baba-185f-4694-8c2d-f019df25b76b@group-29CAF7BBEDC4-LeaderElection65] INFO  server.RaftServerConfigKeys (ConfUtils.java:logGet(46)) - raft.server.watch.element-limit = 65536 (default)
2024-01-29 07:44:12,001 [6a63baba-185f-4694-8c2d-f019df25b76b@group-29CAF7BBEDC4-LeaderElection65] INFO  server.RaftServerConfigKeys (ConfUtils.java:logGet(46)) - raft.server.read.leader.lease.enabled = false (default)
2024-01-29 07:44:12,001 [6a63baba-185f-4694-8c2d-f019df25b76b@group-29CAF7BBEDC4-LeaderElection65] INFO  server.RaftServerConfigKeys (ConfUtils.java:logGet(46)) - raft.server.read.leader.lease.timeout.ratio = 0.9 (default)
2024-01-29 07:44:12,001 [6a63baba-185f-4694-8c2d-f019df25b76b@group-29CAF7BBEDC4-LeaderElection65] INFO  server.RaftServerConfigKeys (ConfUtils.java:logGet(46)) - raft.server.rpc.timeout.min = 5s (custom)
2024-01-29 07:44:12,001 [6a63baba-185f-4694-8c2d-f019df25b76b@group-29CAF7BBEDC4-LeaderElection65] INFO  server.RaftServerConfigKeys (ConfUtils.java:logGet(46)) - raft.server.write.element-limit = 1024 (custom)
2024-01-29 07:44:12,001 [6a63baba-185f-4694-8c2d-f019df25b76b@group-29CAF7BBEDC4-LeaderElection65] INFO  server.RaftServerConfigKeys (ConfUtils.java:logGet(46)) - raft.server.write.follower.gap.ratio.max = -1.0 (default)
2024-01-29 07:44:12,001 [6a63baba-185f-4694-8c2d-f019df25b76b@group-29CAF7BBEDC4-LeaderElection65] INFO  impl.RoleInfo (RoleInfo.java:updateAndGet(139)) - 6a63baba-185f-4694-8c2d-f019df25b76b: start 6a63baba-185f-4694-8c2d-f019df25b76b@group-29CAF7BBEDC4-LeaderStateImpl
2024-01-29 07:44:12,001 [6a63baba-185f-4694-8c2d-f019df25b76b@group-29CAF7BBEDC4-LeaderElection65] INFO  server.RaftServer$Division (RaftServerImpl.java:setFirstElection(574)) - 6a63baba-185f-4694-8c2d-f019df25b76b@group-29CAF7BBEDC4: set firstElectionSinceStartup to false for becomeLeader
2024-01-29 07:44:12,001 [6a63baba-185f-4694-8c2d-f019df25b76b@group-29CAF7BBEDC4-LeaderElection65] INFO  ratis.XceiverServerRatis (XceiverServerRatis.java:handleLeaderChangedNotification(966)) - Leader change notification received for group: group-29CAF7BBEDC4 with new leaderId: 6a63baba-185f-4694-8c2d-f019df25b76b
2024-01-29 07:44:12,001 [6a63baba-185f-4694-8c2d-f019df25b76b@group-29CAF7BBEDC4-LeaderElection65] INFO  server.RaftServer$Division (ServerState.java:setLeader(269)) - 6a63baba-185f-4694-8c2d-f019df25b76b@group-29CAF7BBEDC4: change Leader from null to 6a63baba-185f-4694-8c2d-f019df25b76b at term 1 for becomeLeader, leader elected after 5079ms
2024-01-29 07:44:12,002 [6a63baba-185f-4694-8c2d-f019df25b76b@group-29CAF7BBEDC4-LeaderElection65] INFO  segmented.SegmentedRaftLogWorker (SegmentedRaftLogWorker.java:startLogSegment(430)) - 6a63baba-185f-4694-8c2d-f019df25b76b@group-29CAF7BBEDC4-SegmentedRaftLogWorker: Starting segment from index:0
2024-01-29 07:44:12,002 [6a63baba-185f-4694-8c2d-f019df25b76b@group-29CAF7BBEDC4-SegmentedRaftLogWorker] INFO  segmented.BufferedWriteChannel (BufferedWriteChannel.java:open(62)) - open log_inprogress_0 at position 0
2024-01-29 07:44:12,005 [EventQueue-OpenPipelineForHealthyPipelineSafeModeRule] INFO  safemode.SCMSafeModeManager (HealthyPipelineSafeModeRule.java:process(140)) - SCM in safe mode. Healthy pipelines reported count is 0, required healthy pipeline reported count is 1
2024-01-29 07:44:12,007 [6a63baba-185f-4694-8c2d-f019df25b76b@group-29CAF7BBEDC4-LeaderElection65] INFO  server.RaftServer$Division (ServerState.java:setRaftConf(386)) - 6a63baba-185f-4694-8c2d-f019df25b76b@group-29CAF7BBEDC4: set configuration 0: peers:[6a63baba-185f-4694-8c2d-f019df25b76b|10.1.0.7:15370]|listeners:[], old=null
2024-01-29 07:44:12,010 [92b1878f-5f30-4884-b778-b757b768b8e7@group-B4FE11273C34-FollowerState] INFO  impl.FollowerState (FollowerState.java:run(143)) - 92b1878f-5f30-4884-b778-b757b768b8e7@group-B4FE11273C34-FollowerState: change to CANDIDATE, lastRpcElapsedTime:5020393513ns, electionTimeout:5020ms
2024-01-29 07:44:12,010 [92b1878f-5f30-4884-b778-b757b768b8e7@group-B4FE11273C34-FollowerState] INFO  impl.RoleInfo (RoleInfo.java:shutdownFollowerState(110)) - 92b1878f-5f30-4884-b778-b757b768b8e7: shutdown 92b1878f-5f30-4884-b778-b757b768b8e7@group-B4FE11273C34-FollowerState
2024-01-29 07:44:12,010 [92b1878f-5f30-4884-b778-b757b768b8e7@group-B4FE11273C34-FollowerState] INFO  server.RaftServer$Division (RaftServerImpl.java:setRole(383)) - 92b1878f-5f30-4884-b778-b757b768b8e7@group-B4FE11273C34: changes role from  FOLLOWER to CANDIDATE at term 0 for changeToCandidate
2024-01-29 07:44:12,010 [92b1878f-5f30-4884-b778-b757b768b8e7@group-B4FE11273C34-FollowerState] INFO  server.RaftServerConfigKeys (ConfUtils.java:logGet(46)) - raft.server.leaderelection.pre-vote = true (default)
2024-01-29 07:44:12,010 [6a63baba-185f-4694-8c2d-f019df25b76b@group-29CAF7BBEDC4-SegmentedRaftLogWorker] INFO  segmented.SegmentedRaftLogWorker (SegmentedRaftLogWorker.java:execute(634)) - 6a63baba-185f-4694-8c2d-f019df25b76b@group-29CAF7BBEDC4-SegmentedRaftLogWorker: created new log segment /home/runner/work/ozone/ozone/hadoop-ozone/integration-test/target/test-dir/MiniOzoneClusterImpl-4c098651-5741-4b11-9e36-c6ca8da28866/datanode-0/data/ratis/b25f6696-0422-4561-8d0f-29caf7bbedc4/current/log_inprogress_0
2024-01-29 07:44:12,010 [92b1878f-5f30-4884-b778-b757b768b8e7@group-B4FE11273C34-FollowerState] INFO  impl.RoleInfo (RoleInfo.java:updateAndGet(139)) - 92b1878f-5f30-4884-b778-b757b768b8e7: start 92b1878f-5f30-4884-b778-b757b768b8e7@group-B4FE11273C34-LeaderElection66
2024-01-29 07:44:12,019 [92b1878f-5f30-4884-b778-b757b768b8e7@group-B4FE11273C34-LeaderElection66] INFO  impl.LeaderElection (LeaderElection.java:askForVotes(321)) - 92b1878f-5f30-4884-b778-b757b768b8e7@group-B4FE11273C34-LeaderElection66 PRE_VOTE round 0: submit vote requests at term 0 for -1: peers:[52eee04e-2e21-4309-a40c-69540fbd71c9|10.1.0.7:15388, 6a63baba-185f-4694-8c2d-f019df25b76b|10.1.0.7:15370, 92b1878f-5f30-4884-b778-b757b768b8e7|10.1.0.7:15379]|listeners:[], old=null
2024-01-29 07:44:12,019 [92b1878f-5f30-4884-b778-b757b768b8e7@group-B4FE11273C34-LeaderElection66] INFO  server.RaftServerConfigKeys (ConfUtils.java:logFallback(53)) - raft.server.rpc.first-election.timeout.min = 5s (fallback to raft.server.rpc.timeout.min)
2024-01-29 07:44:12,019 [92b1878f-5f30-4884-b778-b757b768b8e7@group-B4FE11273C34-LeaderElection66-1] INFO  server.GrpcServerProtocolClient (GrpcServerProtocolClient.java:<init>(65)) - Build channel for 52eee04e-2e21-4309-a40c-69540fbd71c9|10.1.0.7:15388
2024-01-29 07:44:12,019 [92b1878f-5f30-4884-b778-b757b768b8e7@group-B4FE11273C34-LeaderElection66] INFO  server.RaftServerConfigKeys (ConfUtils.java:logFallback(53)) - raft.server.rpc.first-election.timeout.max = 5200ms (fallback to raft.server.rpc.timeout.max)
2024-01-29 07:44:12,020 [92b1878f-5f30-4884-b778-b757b768b8e7@group-B4FE11273C34-LeaderElection66-2] INFO  server.GrpcServerProtocolClient (GrpcServerProtocolClient.java:<init>(65)) - Build channel for 6a63baba-185f-4694-8c2d-f019df25b76b|10.1.0.7:15370
2024-01-29 07:44:12,020 [6a63baba-185f-4694-8c2d-f019df25b76b@group-29CAF7BBEDC4-StateMachineUpdater] INFO  server.RaftServer$Division (LeaderStateImpl.java:isApplied(320)) - leader is ready since appliedIndex == 0 >= startIndex == 0
2024-01-29 07:44:12,024 [grpc-default-executor-3] INFO  server.RaftServer$Division (RaftServerImpl.java:requestVote(1389)) - 52eee04e-2e21-4309-a40c-69540fbd71c9@group-B4FE11273C34: receive requestVote(PRE_VOTE, 92b1878f-5f30-4884-b778-b757b768b8e7, group-B4FE11273C34, 0, (t:0, i:0))
2024-01-29 07:44:12,024 [grpc-default-executor-3] INFO  impl.VoteContext (VoteContext.java:log(49)) - 52eee04e-2e21-4309-a40c-69540fbd71c9@group-B4FE11273C34-FOLLOWER: reject PRE_VOTE from 92b1878f-5f30-4884-b778-b757b768b8e7: our priority 1 > candidate's priority 0
2024-01-29 07:44:12,024 [grpc-default-executor-3] INFO  server.RaftServer$Division (RaftServerImpl.java:requestVote(1422)) - 52eee04e-2e21-4309-a40c-69540fbd71c9@group-B4FE11273C34 replies to PRE_VOTE vote request: 92b1878f-5f30-4884-b778-b757b768b8e7<-52eee04e-2e21-4309-a40c-69540fbd71c9#0:FAIL-t0. Peer's state: 52eee04e-2e21-4309-a40c-69540fbd71c9@group-B4FE11273C34:t0, leader=null, voted=, raftlog=Memoized:52eee04e-2e21-4309-a40c-69540fbd71c9@group-B4FE11273C34-SegmentedRaftLog:OPENED:c-1, conf=-1: peers:[52eee04e-2e21-4309-a40c-69540fbd71c9|10.1.0.7:15388, 6a63baba-185f-4694-8c2d-f019df25b76b|10.1.0.7:15370, 92b1878f-5f30-4884-b778-b757b768b8e7|10.1.0.7:15379]|listeners:[], old=null
2024-01-29 07:44:12,025 [92b1878f-5f30-4884-b778-b757b768b8e7@group-B4FE11273C34-LeaderElection66] INFO  impl.LeaderElection (LeaderElection.java:logAndReturn(89)) - 92b1878f-5f30-4884-b778-b757b768b8e7@group-B4FE11273C34-LeaderElection66: PRE_VOTE REJECTED received 1 response(s) and 0 exception(s):
2024-01-29 07:44:12,025 [92b1878f-5f30-4884-b778-b757b768b8e7@group-B4FE11273C34-LeaderElection66] INFO  impl.LeaderElection (LeaderElection.java:logAndReturn(93)) -   Response 0: 92b1878f-5f30-4884-b778-b757b768b8e7<-52eee04e-2e21-4309-a40c-69540fbd71c9#0:FAIL-t0
2024-01-29 07:44:12,025 [92b1878f-5f30-4884-b778-b757b768b8e7@group-B4FE11273C34-LeaderElection66] INFO  impl.LeaderElection (LeaderElection.java:askForVotes(323)) - 92b1878f-5f30-4884-b778-b757b768b8e7@group-B4FE11273C34-LeaderElection66 PRE_VOTE round 0: result REJECTED
2024-01-29 07:44:12,025 [92b1878f-5f30-4884-b778-b757b768b8e7@group-B4FE11273C34-LeaderElection66] INFO  server.RaftServer$Division (RaftServerImpl.java:setRole(383)) - 92b1878f-5f30-4884-b778-b757b768b8e7@group-B4FE11273C34: changes role from CANDIDATE to FOLLOWER at term 0 for REJECTED
2024-01-29 07:44:12,025 [92b1878f-5f30-4884-b778-b757b768b8e7@group-B4FE11273C34-LeaderElection66] INFO  impl.RoleInfo (RoleInfo.java:shutdownLeaderElection(130)) - 92b1878f-5f30-4884-b778-b757b768b8e7: shutdown 92b1878f-5f30-4884-b778-b757b768b8e7@group-B4FE11273C34-LeaderElection66
2024-01-29 07:44:12,025 [92b1878f-5f30-4884-b778-b757b768b8e7@group-B4FE11273C34-LeaderElection66] INFO  impl.RoleInfo (RoleInfo.java:updateAndGet(139)) - 92b1878f-5f30-4884-b778-b757b768b8e7: start 92b1878f-5f30-4884-b778-b757b768b8e7@group-B4FE11273C34-FollowerState
2024-01-29 07:44:12,025 [grpc-default-executor-3] INFO  server.RaftServer$Division (RaftServerImpl.java:requestVote(1389)) - 6a63baba-185f-4694-8c2d-f019df25b76b@group-B4FE11273C34: receive requestVote(PRE_VOTE, 92b1878f-5f30-4884-b778-b757b768b8e7, group-B4FE11273C34, 0, (t:0, i:0))
2024-01-29 07:44:12,025 [92b1878f-5f30-4884-b778-b757b768b8e7@group-B4FE11273C34-LeaderElection66] INFO  server.RaftServer$Division (RaftServerImpl.java:setFirstElection(574)) - 92b1878f-5f30-4884-b778-b757b768b8e7@group-B4FE11273C34: set firstElectionSinceStartup to false for REJECTED
2024-01-29 07:44:12,025 [grpc-default-executor-3] INFO  impl.VoteContext (VoteContext.java:log(49)) - 6a63baba-185f-4694-8c2d-f019df25b76b@group-B4FE11273C34-FOLLOWER: accept PRE_VOTE from 92b1878f-5f30-4884-b778-b757b768b8e7: our priority 0 <= candidate's priority 0
2024-01-29 07:44:12,025 [grpc-default-executor-3] INFO  server.RaftServer$Division (RaftServerImpl.java:requestVote(1422)) - 6a63baba-185f-4694-8c2d-f019df25b76b@group-B4FE11273C34 replies to PRE_VOTE vote request: 92b1878f-5f30-4884-b778-b757b768b8e7<-6a63baba-185f-4694-8c2d-f019df25b76b#0:OK-t0. Peer's state: 6a63baba-185f-4694-8c2d-f019df25b76b@group-B4FE11273C34:t0, leader=null, voted=, raftlog=Memoized:6a63baba-185f-4694-8c2d-f019df25b76b@group-B4FE11273C34-SegmentedRaftLog:OPENED:c-1, conf=-1: peers:[52eee04e-2e21-4309-a40c-69540fbd71c9|10.1.0.7:15388, 6a63baba-185f-4694-8c2d-f019df25b76b|10.1.0.7:15370, 92b1878f-5f30-4884-b778-b757b768b8e7|10.1.0.7:15379]|listeners:[], old=null
2024-01-29 07:44:12,109 [6a63baba-185f-4694-8c2d-f019df25b76b@group-B4FE11273C34-FollowerState] INFO  server.RaftServerConfigKeys (ConfUtils.java:logFallback(53)) - raft.server.rpc.first-election.timeout.min = 5s (fallback to raft.server.rpc.timeout.min)
2024-01-29 07:44:12,109 [6a63baba-185f-4694-8c2d-f019df25b76b@group-B4FE11273C34-FollowerState] INFO  server.RaftServerConfigKeys (ConfUtils.java:logFallback(53)) - raft.server.rpc.first-election.timeout.max = 5200ms (fallback to raft.server.rpc.timeout.max)
2024-01-29 07:44:12,118 [52eee04e-2e21-4309-a40c-69540fbd71c9@group-B4FE11273C34-FollowerState] INFO  impl.FollowerState (FollowerState.java:run(143)) - 52eee04e-2e21-4309-a40c-69540fbd71c9@group-B4FE11273C34-FollowerState: change to CANDIDATE, lastRpcElapsedTime:5155488051ns, electionTimeout:5154ms
2024-01-29 07:44:12,119 [52eee04e-2e21-4309-a40c-69540fbd71c9@group-B4FE11273C34-FollowerState] INFO  impl.RoleInfo (RoleInfo.java:shutdownFollowerState(110)) - 52eee04e-2e21-4309-a40c-69540fbd71c9: shutdown 52eee04e-2e21-4309-a40c-69540fbd71c9@group-B4FE11273C34-FollowerState
2024-01-29 07:44:12,119 [92b1878f-5f30-4884-b778-b757b768b8e7@group-5ABCC74F4ED3-FollowerState] INFO  impl.FollowerState (FollowerState.java:run(143)) - 92b1878f-5f30-4884-b778-b757b768b8e7@group-5ABCC74F4ED3-FollowerState: change to CANDIDATE, lastRpcElapsedTime:5105159077ns, electionTimeout:5104ms
2024-01-29 07:44:12,119 [52eee04e-2e21-4309-a40c-69540fbd71c9@group-B4FE11273C34-FollowerState] INFO  server.RaftServer$Division (RaftServerImpl.java:setRole(383)) - 52eee04e-2e21-4309-a40c-69540fbd71c9@group-B4FE11273C34: changes role from  FOLLOWER to CANDIDATE at term 0 for changeToCandidate
2024-01-29 07:44:12,119 [92b1878f-5f30-4884-b778-b757b768b8e7@group-5ABCC74F4ED3-FollowerState] INFO  impl.RoleInfo (RoleInfo.java:shutdownFollowerState(110)) - 92b1878f-5f30-4884-b778-b757b768b8e7: shutdown 92b1878f-5f30-4884-b778-b757b768b8e7@group-5ABCC74F4ED3-FollowerState
2024-01-29 07:44:12,119 [92b1878f-5f30-4884-b778-b757b768b8e7@group-5ABCC74F4ED3-FollowerState] INFO  server.RaftServer$Division (RaftServerImpl.java:setRole(383)) - 92b1878f-5f30-4884-b778-b757b768b8e7@group-5ABCC74F4ED3: changes role from  FOLLOWER to CANDIDATE at term 0 for changeToCandidate
2024-01-29 07:44:12,119 [52eee04e-2e21-4309-a40c-69540fbd71c9@group-B4FE11273C34-FollowerState] INFO  server.RaftServerConfigKeys (ConfUtils.java:logGet(46)) - raft.server.leaderelection.pre-vote = true (default)
2024-01-29 07:44:12,119 [92b1878f-5f30-4884-b778-b757b768b8e7@group-5ABCC74F4ED3-FollowerState] INFO  server.RaftServerConfigKeys (ConfUtils.java:logGet(46)) - raft.server.leaderelection.pre-vote = true (default)
2024-01-29 07:44:12,119 [92b1878f-5f30-4884-b778-b757b768b8e7@group-5ABCC74F4ED3-FollowerState] INFO  impl.RoleInfo (RoleInfo.java:updateAndGet(139)) - 92b1878f-5f30-4884-b778-b757b768b8e7: start 92b1878f-5f30-4884-b778-b757b768b8e7@group-5ABCC74F4ED3-LeaderElection68
2024-01-29 07:44:12,119 [52eee04e-2e21-4309-a40c-69540fbd71c9@group-B4FE11273C34-FollowerState] INFO  impl.RoleInfo (RoleInfo.java:updateAndGet(139)) - 52eee04e-2e21-4309-a40c-69540fbd71c9: start 52eee04e-2e21-4309-a40c-69540fbd71c9@group-B4FE11273C34-LeaderElection67
2024-01-29 07:44:12,120 [52eee04e-2e21-4309-a40c-69540fbd71c9@group-B4FE11273C34-LeaderElection67] INFO  impl.LeaderElection (LeaderElection.java:askForVotes(321)) - 52eee04e-2e21-4309-a40c-69540fbd71c9@group-B4FE11273C34-LeaderElection67 PRE_VOTE round 0: submit vote requests at term 0 for -1: peers:[52eee04e-2e21-4309-a40c-69540fbd71c9|10.1.0.7:15388, 6a63baba-185f-4694-8c2d-f019df25b76b|10.1.0.7:15370, 92b1878f-5f30-4884-b778-b757b768b8e7|10.1.0.7:15379]|listeners:[], old=null
2024-01-29 07:44:12,121 [92b1878f-5f30-4884-b778-b757b768b8e7@group-5ABCC74F4ED3-LeaderElection68] INFO  impl.LeaderElection (LeaderElection.java:askForVotes(321)) - 92b1878f-5f30-4884-b778-b757b768b8e7@group-5ABCC74F4ED3-LeaderElection68 PRE_VOTE round 0: submit vote requests at term 0 for -1: peers:[92b1878f-5f30-4884-b778-b757b768b8e7|10.1.0.7:15379]|listeners:[], old=null
2024-01-29 07:44:12,121 [92b1878f-5f30-4884-b778-b757b768b8e7@group-5ABCC74F4ED3-LeaderElection68] INFO  impl.LeaderElection (LeaderElection.java:askForVotes(323)) - 92b1878f-5f30-4884-b778-b757b768b8e7@group-5ABCC74F4ED3-LeaderElection68 PRE_VOTE round 0: result PASSED (term=0)
2024-01-29 07:44:12,121 [52eee04e-2e21-4309-a40c-69540fbd71c9@group-B4FE11273C34-LeaderElection67] INFO  server.RaftServerConfigKeys (ConfUtils.java:logFallback(53)) - raft.server.rpc.first-election.timeout.min = 5s (fallback to raft.server.rpc.timeout.min)
2024-01-29 07:44:12,121 [52eee04e-2e21-4309-a40c-69540fbd71c9@group-B4FE11273C34-LeaderElection67-2] INFO  server.GrpcServerProtocolClient (GrpcServerProtocolClient.java:<init>(65)) - Build channel for 92b1878f-5f30-4884-b778-b757b768b8e7|10.1.0.7:15379
2024-01-29 07:44:12,121 [52eee04e-2e21-4309-a40c-69540fbd71c9@group-B4FE11273C34-LeaderElection67-1] INFO  server.GrpcServerProtocolClient (GrpcServerProtocolClient.java:<init>(65)) - Build channel for 6a63baba-185f-4694-8c2d-f019df25b76b|10.1.0.7:15370
2024-01-29 07:44:12,121 [52eee04e-2e21-4309-a40c-69540fbd71c9@group-B4FE11273C34-LeaderElection67] INFO  server.RaftServerConfigKeys (ConfUtils.java:logFallback(53)) - raft.server.rpc.first-election.timeout.max = 5200ms (fallback to raft.server.rpc.timeout.max)
2024-01-29 07:44:12,122 [92b1878f-5f30-4884-b778-b757b768b8e7@group-5ABCC74F4ED3-LeaderElection68] INFO  impl.LeaderElection (LeaderElection.java:askForVotes(321)) - 92b1878f-5f30-4884-b778-b757b768b8e7@group-5ABCC74F4ED3-LeaderElection68 ELECTION round 0: submit vote requests at term 1 for -1: peers:[92b1878f-5f30-4884-b778-b757b768b8e7|10.1.0.7:15379]|listeners:[], old=null
2024-01-29 07:44:12,122 [92b1878f-5f30-4884-b778-b757b768b8e7@group-5ABCC74F4ED3-LeaderElection68] INFO  impl.LeaderElection (LeaderElection.java:askForVotes(323)) - 92b1878f-5f30-4884-b778-b757b768b8e7@group-5ABCC74F4ED3-LeaderElection68 ELECTION round 0: result PASSED (term=1)
2024-01-29 07:44:12,122 [92b1878f-5f30-4884-b778-b757b768b8e7@group-5ABCC74F4ED3-LeaderElection68] INFO  impl.RoleInfo (RoleInfo.java:shutdownLeaderElection(130)) - 92b1878f-5f30-4884-b778-b757b768b8e7: shutdown 92b1878f-5f30-4884-b778-b757b768b8e7@group-5ABCC74F4ED3-LeaderElection68
2024-01-29 07:44:12,122 [92b1878f-5f30-4884-b778-b757b768b8e7@group-5ABCC74F4ED3-LeaderElection68] INFO  server.RaftServer$Division (RaftServerImpl.java:setRole(383)) - 92b1878f-5f30-4884-b778-b757b768b8e7@group-5ABCC74F4ED3: changes role from CANDIDATE to LEADER at term 1 for changeToLeader
2024-01-29 07:44:12,122 [92b1878f-5f30-4884-b778-b757b768b8e7@group-5ABCC74F4ED3-LeaderElection68] INFO  server.RaftServerConfigKeys (ConfUtils.java:logGet(46)) - raft.server.staging.catchup.gap = 1000 (default)
2024-01-29 07:44:12,123 [92b1878f-5f30-4884-b778-b757b768b8e7@group-5ABCC74F4ED3-LeaderElection68] INFO  server.RaftServerConfigKeys (ConfUtils.java:logGet(46)) - raft.server.write.element-limit = 1024 (custom)
2024-01-29 07:44:12,123 [92b1878f-5f30-4884-b778-b757b768b8e7@group-5ABCC74F4ED3-LeaderElection68] INFO  server.RaftServerConfigKeys (ConfUtils.java:logGet(46)) - raft.server.write.byte-limit = 1024 M (=1073741824) (custom)
2024-01-29 07:44:12,123 [92b1878f-5f30-4884-b778-b757b768b8e7@group-5ABCC74F4ED3-LeaderElection68] INFO  server.RaftServerConfigKeys (ConfUtils.java:logGet(46)) - raft.server.watch.timeout = 3000ms (custom)
2024-01-29 07:44:12,123 [92b1878f-5f30-4884-b778-b757b768b8e7@group-5ABCC74F4ED3-LeaderElection68] INFO  server.RaftServerConfigKeys (ConfUtils.java:logGet(46)) - raft.server.watch.timeout.denomination = 1s (default)
2024-01-29 07:44:12,123 [92b1878f-5f30-4884-b778-b757b768b8e7@group-5ABCC74F4ED3-LeaderElection68] INFO  server.RaftServerConfigKeys (ConfUtils.java:logGet(46)) - raft.server.watch.element-limit = 65536 (default)
2024-01-29 07:44:12,123 [92b1878f-5f30-4884-b778-b757b768b8e7@group-5ABCC74F4ED3-LeaderElection68] INFO  server.RaftServerConfigKeys (ConfUtils.java:logGet(46)) - raft.server.read.leader.lease.enabled = false (default)
2024-01-29 07:44:12,123 [92b1878f-5f30-4884-b778-b757b768b8e7@group-5ABCC74F4ED3-LeaderElection68] INFO  server.RaftServerConfigKeys (ConfUtils.java:logGet(46)) - raft.server.read.leader.lease.timeout.ratio = 0.9 (default)
2024-01-29 07:44:12,123 [92b1878f-5f30-4884-b778-b757b768b8e7@group-5ABCC74F4ED3-LeaderElection68] INFO  server.RaftServerConfigKeys (ConfUtils.java:logGet(46)) - raft.server.rpc.timeout.min = 5s (custom)
2024-01-29 07:44:12,123 [92b1878f-5f30-4884-b778-b757b768b8e7@group-5ABCC74F4ED3-LeaderElection68] INFO  server.RaftServerConfigKeys (ConfUtils.java:logGet(46)) - raft.server.write.element-limit = 1024 (custom)
2024-01-29 07:44:12,124 [92b1878f-5f30-4884-b778-b757b768b8e7@group-5ABCC74F4ED3-LeaderElection68] INFO  server.RaftServerConfigKeys (ConfUtils.java:logGet(46)) - raft.server.write.follower.gap.ratio.max = -1.0 (default)
2024-01-29 07:44:12,124 [92b1878f-5f30-4884-b778-b757b768b8e7@group-5ABCC74F4ED3-LeaderElection68] INFO  impl.RoleInfo (RoleInfo.java:updateAndGet(139)) - 92b1878f-5f30-4884-b778-b757b768b8e7: start 92b1878f-5f30-4884-b778-b757b768b8e7@group-5ABCC74F4ED3-LeaderStateImpl
2024-01-29 07:44:12,124 [92b1878f-5f30-4884-b778-b757b768b8e7@group-5ABCC74F4ED3-LeaderElection68] INFO  server.RaftServer$Division (RaftServerImpl.java:setFirstElection(574)) - 92b1878f-5f30-4884-b778-b757b768b8e7@group-5ABCC74F4ED3: set firstElectionSinceStartup to false for becomeLeader
2024-01-29 07:44:12,124 [92b1878f-5f30-4884-b778-b757b768b8e7@group-5ABCC74F4ED3-LeaderElection68] INFO  ratis.XceiverServerRatis (XceiverServerRatis.java:handleLeaderChangedNotification(966)) - Leader change notification received for group: group-5ABCC74F4ED3 with new leaderId: 92b1878f-5f30-4884-b778-b757b768b8e7
2024-01-29 07:44:12,124 [92b1878f-5f30-4884-b778-b757b768b8e7@group-5ABCC74F4ED3-LeaderElection68] INFO  server.RaftServer$Division (ServerState.java:setLeader(269)) - 92b1878f-5f30-4884-b778-b757b768b8e7@group-5ABCC74F4ED3: change Leader from null to 92b1878f-5f30-4884-b778-b757b768b8e7 at term 1 for becomeLeader, leader elected after 5118ms
2024-01-29 07:44:12,124 [92b1878f-5f30-4884-b778-b757b768b8e7@group-5ABCC74F4ED3-LeaderElection68] INFO  segmented.SegmentedRaftLogWorker (SegmentedRaftLogWorker.java:startLogSegment(430)) - 92b1878f-5f30-4884-b778-b757b768b8e7@group-5ABCC74F4ED3-SegmentedRaftLogWorker: Starting segment from index:0
2024-01-29 07:44:12,125 [92b1878f-5f30-4884-b778-b757b768b8e7@group-5ABCC74F4ED3-SegmentedRaftLogWorker] INFO  segmented.BufferedWriteChannel (BufferedWriteChannel.java:open(62)) - open log_inprogress_0 at position 0
2024-01-29 07:44:12,126 [grpc-default-executor-3] INFO  server.RaftServer$Division (RaftServerImpl.java:requestVote(1389)) - 92b1878f-5f30-4884-b778-b757b768b8e7@group-B4FE11273C34: receive requestVote(PRE_VOTE, 52eee04e-2e21-4309-a40c-69540fbd71c9, group-B4FE11273C34, 0, (t:0, i:0))
2024-01-29 07:44:12,126 [grpc-default-executor-3] INFO  impl.VoteContext (VoteContext.java:log(49)) - 92b1878f-5f30-4884-b778-b757b768b8e7@group-B4FE11273C34-FOLLOWER: accept PRE_VOTE from 52eee04e-2e21-4309-a40c-69540fbd71c9: our priority 0 <= candidate's priority 1
2024-01-29 07:44:12,127 [grpc-default-executor-3] INFO  server.RaftServer$Division (RaftServerImpl.java:requestVote(1422)) - 92b1878f-5f30-4884-b778-b757b768b8e7@group-B4FE11273C34 replies to PRE_VOTE vote request: 52eee04e-2e21-4309-a40c-69540fbd71c9<-92b1878f-5f30-4884-b778-b757b768b8e7#0:OK-t0. Peer's state: 92b1878f-5f30-4884-b778-b757b768b8e7@group-B4FE11273C34:t0, leader=null, voted=, raftlog=Memoized:92b1878f-5f30-4884-b778-b757b768b8e7@group-B4FE11273C34-SegmentedRaftLog:OPENED:c-1, conf=-1: peers:[52eee04e-2e21-4309-a40c-69540fbd71c9|10.1.0.7:15388, 6a63baba-185f-4694-8c2d-f019df25b76b|10.1.0.7:15370, 92b1878f-5f30-4884-b778-b757b768b8e7|10.1.0.7:15379]|listeners:[], old=null
2024-01-29 07:44:12,127 [grpc-default-executor-0] INFO  server.RaftServer$Division (RaftServerImpl.java:requestVote(1389)) - 6a63baba-185f-4694-8c2d-f019df25b76b@group-B4FE11273C34: receive requestVote(PRE_VOTE, 52eee04e-2e21-4309-a40c-69540fbd71c9, group-B4FE11273C34, 0, (t:0, i:0))
2024-01-29 07:44:12,127 [grpc-default-executor-0] INFO  impl.VoteContext (VoteContext.java:log(49)) - 6a63baba-185f-4694-8c2d-f019df25b76b@group-B4FE11273C34-FOLLOWER: accept PRE_VOTE from 52eee04e-2e21-4309-a40c-69540fbd71c9: our priority 0 <= candidate's priority 1
2024-01-29 07:44:12,127 [grpc-default-executor-0] INFO  server.RaftServer$Division (RaftServerImpl.java:requestVote(1422)) - 6a63baba-185f-4694-8c2d-f019df25b76b@group-B4FE11273C34 replies to PRE_VOTE vote request: 52eee04e-2e21-4309-a40c-69540fbd71c9<-6a63baba-185f-4694-8c2d-f019df25b76b#0:OK-t0. Peer's state: 6a63baba-185f-4694-8c2d-f019df25b76b@group-B4FE11273C34:t0, leader=null, voted=, raftlog=Memoized:6a63baba-185f-4694-8c2d-f019df25b76b@group-B4FE11273C34-SegmentedRaftLog:OPENED:c-1, conf=-1: peers:[52eee04e-2e21-4309-a40c-69540fbd71c9|10.1.0.7:15388, 6a63baba-185f-4694-8c2d-f019df25b76b|10.1.0.7:15370, 92b1878f-5f30-4884-b778-b757b768b8e7|10.1.0.7:15379]|listeners:[], old=null
2024-01-29 07:44:12,130 [92b1878f-5f30-4884-b778-b757b768b8e7@group-5ABCC74F4ED3-LeaderElection68] INFO  server.RaftServer$Division (ServerState.java:setRaftConf(386)) - 92b1878f-5f30-4884-b778-b757b768b8e7@group-5ABCC74F4ED3: set configuration 0: peers:[92b1878f-5f30-4884-b778-b757b768b8e7|10.1.0.7:15379]|listeners:[], old=null
2024-01-29 07:44:12,130 [52eee04e-2e21-4309-a40c-69540fbd71c9@group-B4FE11273C34-LeaderElection67] INFO  impl.LeaderElection (LeaderElection.java:logAndReturn(89)) - 52eee04e-2e21-4309-a40c-69540fbd71c9@group-B4FE11273C34-LeaderElection67: PRE_VOTE PASSED received 1 response(s) and 0 exception(s):
2024-01-29 07:44:12,130 [52eee04e-2e21-4309-a40c-69540fbd71c9@group-B4FE11273C34-LeaderElection67] INFO  impl.LeaderElection (LeaderElection.java:logAndReturn(93)) -   Response 0: 52eee04e-2e21-4309-a40c-69540fbd71c9<-6a63baba-185f-4694-8c2d-f019df25b76b#0:OK-t0
2024-01-29 07:44:12,130 [EventQueue-OpenPipelineForHealthyPipelineSafeModeRule] INFO  safemode.SCMSafeModeManager (HealthyPipelineSafeModeRule.java:process(140)) - SCM in safe mode. Healthy pipelines reported count is 0, required healthy pipeline reported count is 1
2024-01-29 07:44:12,131 [52eee04e-2e21-4309-a40c-69540fbd71c9@group-B4FE11273C34-LeaderElection67] INFO  impl.LeaderElection (LeaderElection.java:askForVotes(323)) - 52eee04e-2e21-4309-a40c-69540fbd71c9@group-B4FE11273C34-LeaderElection67 PRE_VOTE round 0: result PASSED
2024-01-29 07:44:12,132 [92b1878f-5f30-4884-b778-b757b768b8e7@group-5ABCC74F4ED3-SegmentedRaftLogWorker] INFO  segmented.SegmentedRaftLogWorker (SegmentedRaftLogWorker.java:execute(634)) - 92b1878f-5f30-4884-b778-b757b768b8e7@group-5ABCC74F4ED3-SegmentedRaftLogWorker: created new log segment /home/runner/work/ozone/ozone/hadoop-ozone/integration-test/target/test-dir/MiniOzoneClusterImpl-4c098651-5741-4b11-9e36-c6ca8da28866/datanode-1/data/ratis/71dff587-af35-413e-bb32-5abcc74f4ed3/current/log_inprogress_0
2024-01-29 07:44:12,133 [52eee04e-2e21-4309-a40c-69540fbd71c9@group-B4FE11273C34-LeaderElection67] INFO  impl.LeaderElection (LeaderElection.java:askForVotes(321)) - 52eee04e-2e21-4309-a40c-69540fbd71c9@group-B4FE11273C34-LeaderElection67 ELECTION round 0: submit vote requests at term 1 for -1: peers:[52eee04e-2e21-4309-a40c-69540fbd71c9|10.1.0.7:15388, 6a63baba-185f-4694-8c2d-f019df25b76b|10.1.0.7:15370, 92b1878f-5f30-4884-b778-b757b768b8e7|10.1.0.7:15379]|listeners:[], old=null
2024-01-29 07:44:12,133 [52eee04e-2e21-4309-a40c-69540fbd71c9@group-B4FE11273C34-LeaderElection67] INFO  server.RaftServerConfigKeys (ConfUtils.java:logFallback(53)) - raft.server.rpc.first-election.timeout.min = 5s (fallback to raft.server.rpc.timeout.min)
2024-01-29 07:44:12,133 [52eee04e-2e21-4309-a40c-69540fbd71c9@group-B4FE11273C34-LeaderElection67] INFO  server.RaftServerConfigKeys (ConfUtils.java:logFallback(53)) - raft.server.rpc.first-election.timeout.max = 5200ms (fallback to raft.server.rpc.timeout.max)
2024-01-29 07:44:12,133 [grpc-default-executor-3] INFO  server.RaftServer$Division (RaftServerImpl.java:requestVote(1389)) - 6a63baba-185f-4694-8c2d-f019df25b76b@group-B4FE11273C34: receive requestVote(ELECTION, 52eee04e-2e21-4309-a40c-69540fbd71c9, group-B4FE11273C34, 1, (t:0, i:0))
2024-01-29 07:44:12,134 [grpc-default-executor-3] INFO  impl.VoteContext (VoteContext.java:log(49)) - 6a63baba-185f-4694-8c2d-f019df25b76b@group-B4FE11273C34-FOLLOWER: accept ELECTION from 52eee04e-2e21-4309-a40c-69540fbd71c9: our priority 0 <= candidate's priority 1
2024-01-29 07:44:12,134 [grpc-default-executor-3] INFO  server.RaftServer$Division (RaftServerImpl.java:setRole(383)) - 6a63baba-185f-4694-8c2d-f019df25b76b@group-B4FE11273C34: changes role from  FOLLOWER to FOLLOWER at term 1 for candidate:52eee04e-2e21-4309-a40c-69540fbd71c9
2024-01-29 07:44:12,134 [grpc-default-executor-3] INFO  impl.RoleInfo (RoleInfo.java:shutdownFollowerState(110)) - 6a63baba-185f-4694-8c2d-f019df25b76b: shutdown 6a63baba-185f-4694-8c2d-f019df25b76b@group-B4FE11273C34-FollowerState
2024-01-29 07:44:12,134 [92b1878f-5f30-4884-b778-b757b768b8e7@group-5ABCC74F4ED3-StateMachineUpdater] INFO  server.RaftServer$Division (LeaderStateImpl.java:isApplied(320)) - leader is ready since appliedIndex == 0 >= startIndex == 0
2024-01-29 07:44:12,134 [6a63baba-185f-4694-8c2d-f019df25b76b@group-B4FE11273C34-FollowerState] INFO  impl.FollowerState (FollowerState.java:run(152)) - 6a63baba-185f-4694-8c2d-f019df25b76b@group-B4FE11273C34-FollowerState was interrupted
2024-01-29 07:44:12,134 [grpc-default-executor-3] INFO  impl.RoleInfo (RoleInfo.java:updateAndGet(139)) - 6a63baba-185f-4694-8c2d-f019df25b76b: start 6a63baba-185f-4694-8c2d-f019df25b76b@group-B4FE11273C34-FollowerState
2024-01-29 07:44:12,135 [grpc-default-executor-3] INFO  server.RaftServer$Division (RaftServerImpl.java:setFirstElection(574)) - 6a63baba-185f-4694-8c2d-f019df25b76b@group-B4FE11273C34: set firstElectionSinceStartup to false for candidate:52eee04e-2e21-4309-a40c-69540fbd71c9
2024-01-29 07:44:12,135 [grpc-default-executor-0] INFO  server.RaftServer$Division (RaftServerImpl.java:requestVote(1389)) - 92b1878f-5f30-4884-b778-b757b768b8e7@group-B4FE11273C34: receive requestVote(ELECTION, 52eee04e-2e21-4309-a40c-69540fbd71c9, group-B4FE11273C34, 1, (t:0, i:0))
2024-01-29 07:44:12,135 [grpc-default-executor-0] INFO  impl.VoteContext (VoteContext.java:log(49)) - 92b1878f-5f30-4884-b778-b757b768b8e7@group-B4FE11273C34-FOLLOWER: accept ELECTION from 52eee04e-2e21-4309-a40c-69540fbd71c9: our priority 0 <= candidate's priority 1
2024-01-29 07:44:12,136 [grpc-default-executor-0] INFO  server.RaftServer$Division (RaftServerImpl.java:setRole(383)) - 92b1878f-5f30-4884-b778-b757b768b8e7@group-B4FE11273C34: changes role from  FOLLOWER to FOLLOWER at term 1 for candidate:52eee04e-2e21-4309-a40c-69540fbd71c9
2024-01-29 07:44:12,136 [grpc-default-executor-0] INFO  impl.RoleInfo (RoleInfo.java:shutdownFollowerState(110)) - 92b1878f-5f30-4884-b778-b757b768b8e7: shutdown 92b1878f-5f30-4884-b778-b757b768b8e7@group-B4FE11273C34-FollowerState
2024-01-29 07:44:12,136 [grpc-default-executor-0] INFO  impl.RoleInfo (RoleInfo.java:updateAndGet(139)) - 92b1878f-5f30-4884-b778-b757b768b8e7: start 92b1878f-5f30-4884-b778-b757b768b8e7@group-B4FE11273C34-FollowerState
2024-01-29 07:44:12,136 [92b1878f-5f30-4884-b778-b757b768b8e7@group-B4FE11273C34-FollowerState] INFO  impl.FollowerState (FollowerState.java:run(152)) - 92b1878f-5f30-4884-b778-b757b768b8e7@group-B4FE11273C34-FollowerState was interrupted
2024-01-29 07:44:12,138 [grpc-default-executor-3] INFO  server.RaftServer$Division (RaftServerImpl.java:requestVote(1422)) - 6a63baba-185f-4694-8c2d-f019df25b76b@group-B4FE11273C34 replies to ELECTION vote request: 52eee04e-2e21-4309-a40c-69540fbd71c9<-6a63baba-185f-4694-8c2d-f019df25b76b#0:OK-t1. Peer's state: 6a63baba-185f-4694-8c2d-f019df25b76b@group-B4FE11273C34:t1, leader=null, voted=52eee04e-2e21-4309-a40c-69540fbd71c9, raftlog=Memoized:6a63baba-185f-4694-8c2d-f019df25b76b@group-B4FE11273C34-SegmentedRaftLog:OPENED:c-1, conf=-1: peers:[52eee04e-2e21-4309-a40c-69540fbd71c9|10.1.0.7:15388, 6a63baba-185f-4694-8c2d-f019df25b76b|10.1.0.7:15370, 92b1878f-5f30-4884-b778-b757b768b8e7|10.1.0.7:15379]|listeners:[], old=null
2024-01-29 07:44:12,138 [52eee04e-2e21-4309-a40c-69540fbd71c9@group-B4FE11273C34-LeaderElection67] INFO  impl.LeaderElection (LeaderElection.java:logAndReturn(89)) - 52eee04e-2e21-4309-a40c-69540fbd71c9@group-B4FE11273C34-LeaderElection67: ELECTION PASSED received 1 response(s) and 0 exception(s):
2024-01-29 07:44:12,138 [52eee04e-2e21-4309-a40c-69540fbd71c9@group-B4FE11273C34-LeaderElection67] INFO  impl.LeaderElection (LeaderElection.java:logAndReturn(93)) -   Response 0: 52eee04e-2e21-4309-a40c-69540fbd71c9<-6a63baba-185f-4694-8c2d-f019df25b76b#0:OK-t1
2024-01-29 07:44:12,138 [52eee04e-2e21-4309-a40c-69540fbd71c9@group-B4FE11273C34-LeaderElection67] INFO  impl.LeaderElection (LeaderElection.java:askForVotes(323)) - 52eee04e-2e21-4309-a40c-69540fbd71c9@group-B4FE11273C34-LeaderElection67 ELECTION round 0: result PASSED
2024-01-29 07:44:12,138 [52eee04e-2e21-4309-a40c-69540fbd71c9@group-B4FE11273C34-LeaderElection67] INFO  impl.RoleInfo (RoleInfo.java:shutdownLeaderElection(130)) - 52eee04e-2e21-4309-a40c-69540fbd71c9: shutdown 52eee04e-2e21-4309-a40c-69540fbd71c9@group-B4FE11273C34-LeaderElection67
2024-01-29 07:44:12,138 [grpc-default-executor-0] INFO  server.RaftServer$Division (RaftServerImpl.java:requestVote(1422)) - 92b1878f-5f30-4884-b778-b757b768b8e7@group-B4FE11273C34 replies to ELECTION vote request: 52eee04e-2e21-4309-a40c-69540fbd71c9<-92b1878f-5f30-4884-b778-b757b768b8e7#0:OK-t1. Peer's state: 92b1878f-5f30-4884-b778-b757b768b8e7@group-B4FE11273C34:t1, leader=null, voted=52eee04e-2e21-4309-a40c-69540fbd71c9, raftlog=Memoized:92b1878f-5f30-4884-b778-b757b768b8e7@group-B4FE11273C34-SegmentedRaftLog:OPENED:c-1, conf=-1: peers:[52eee04e-2e21-4309-a40c-69540fbd71c9|10.1.0.7:15388, 6a63baba-185f-4694-8c2d-f019df25b76b|10.1.0.7:15370, 92b1878f-5f30-4884-b778-b757b768b8e7|10.1.0.7:15379]|listeners:[], old=null
2024-01-29 07:44:12,138 [52eee04e-2e21-4309-a40c-69540fbd71c9@group-B4FE11273C34-LeaderElection67] INFO  server.RaftServer$Division (RaftServerImpl.java:setRole(383)) - 52eee04e-2e21-4309-a40c-69540fbd71c9@group-B4FE11273C34: changes role from CANDIDATE to LEADER at term 1 for changeToLeader
2024-01-29 07:44:12,139 [52eee04e-2e21-4309-a40c-69540fbd71c9@group-B4FE11273C34-LeaderElection67] INFO  server.RaftServerConfigKeys (ConfUtils.java:logGet(46)) - raft.server.staging.catchup.gap = 1000 (default)
2024-01-29 07:44:12,139 [52eee04e-2e21-4309-a40c-69540fbd71c9@group-B4FE11273C34-LeaderElection67] INFO  server.RaftServerConfigKeys (ConfUtils.java:logGet(46)) - raft.server.write.element-limit = 1024 (custom)
2024-01-29 07:44:12,139 [52eee04e-2e21-4309-a40c-69540fbd71c9@group-B4FE11273C34-LeaderElection67] INFO  server.RaftServerConfigKeys (ConfUtils.java:logGet(46)) - raft.server.write.byte-limit = 1024 M (=1073741824) (custom)
2024-01-29 07:44:12,139 [52eee04e-2e21-4309-a40c-69540fbd71c9@group-B4FE11273C34-LeaderElection67] INFO  server.RaftServerConfigKeys (ConfUtils.java:logGet(46)) - raft.server.watch.timeout = 3000ms (custom)
2024-01-29 07:44:12,139 [52eee04e-2e21-4309-a40c-69540fbd71c9@group-B4FE11273C34-LeaderElection67] INFO  server.RaftServerConfigKeys (ConfUtils.java:logGet(46)) - raft.server.watch.timeout.denomination = 1s (default)
2024-01-29 07:44:12,139 [52eee04e-2e21-4309-a40c-69540fbd71c9@group-B4FE11273C34-LeaderElection67] INFO  server.RaftServerConfigKeys (ConfUtils.java:logGet(46)) - raft.server.watch.element-limit = 65536 (default)
2024-01-29 07:44:12,139 [52eee04e-2e21-4309-a40c-69540fbd71c9@group-B4FE11273C34-LeaderElection67] INFO  server.RaftServerConfigKeys (ConfUtils.java:logGet(46)) - raft.server.read.leader.lease.enabled = false (default)
2024-01-29 07:44:12,139 [52eee04e-2e21-4309-a40c-69540fbd71c9@group-B4FE11273C34-LeaderElection67] INFO  server.RaftServerConfigKeys (ConfUtils.java:logGet(46)) - raft.server.read.leader.lease.timeout.ratio = 0.9 (default)
2024-01-29 07:44:12,139 [52eee04e-2e21-4309-a40c-69540fbd71c9@group-B4FE11273C34-LeaderElection67] INFO  server.RaftServerConfigKeys (ConfUtils.java:logGet(46)) - raft.server.rpc.timeout.min = 5s (custom)
2024-01-29 07:44:12,139 [52eee04e-2e21-4309-a40c-69540fbd71c9@group-B4FE11273C34-LeaderElection67] INFO  server.RaftServerConfigKeys (ConfUtils.java:logGet(46)) - raft.server.write.element-limit = 1024 (custom)
2024-01-29 07:44:12,140 [52eee04e-2e21-4309-a40c-69540fbd71c9@group-B4FE11273C34-LeaderElection67] INFO  server.RaftServerConfigKeys (ConfUtils.java:logGet(46)) - raft.server.write.follower.gap.ratio.max = -1.0 (default)
2024-01-29 07:44:12,140 [52eee04e-2e21-4309-a40c-69540fbd71c9@group-B4FE11273C34-LeaderElection67] INFO  server.RaftServerConfigKeys (ConfUtils.java:logGet(46)) - raft.server.log.appender.snapshot.chunk.size.max = 16MB (=16777216) (default)
2024-01-29 07:44:12,140 [52eee04e-2e21-4309-a40c-69540fbd71c9@group-B4FE11273C34-LeaderElection67] INFO  server.RaftServerConfigKeys (ConfUtils.java:logGet(46)) - raft.server.log.appender.buffer.byte-limit = 8388608 (custom)
2024-01-29 07:44:12,140 [52eee04e-2e21-4309-a40c-69540fbd71c9@group-B4FE11273C34-LeaderElection67] INFO  server.RaftServerConfigKeys (ConfUtils.java:logGet(46)) - raft.server.log.appender.buffer.element-limit = 1 (custom)
2024-01-29 07:44:12,140 [52eee04e-2e21-4309-a40c-69540fbd71c9@group-B4FE11273C34-LeaderElection67] INFO  server.RaftServerConfigKeys (ConfUtils.java:logGet(46)) - raft.server.log.appender.wait-time.min = 0ms (custom)
2024-01-29 07:44:12,140 [52eee04e-2e21-4309-a40c-69540fbd71c9@group-B4FE11273C34-LeaderElection67] INFO  grpc.GrpcConfigKeys (ConfUtils.java:logGet(46)) - raft.grpc.server.leader.outstanding.appends.max = 8 (default)
2024-01-29 07:44:12,140 [52eee04e-2e21-4309-a40c-69540fbd71c9@group-B4FE11273C34-LeaderElection67] INFO  server.RaftServerConfigKeys (ConfUtils.java:logGet(46)) - raft.server.rpc.request.timeout = 3000ms (default)
2024-01-29 07:44:12,140 [52eee04e-2e21-4309-a40c-69540fbd71c9@group-B4FE11273C34-LeaderElection67] INFO  grpc.GrpcConfigKeys (ConfUtils.java:logGet(46)) - raft.grpc.server.install_snapshot.request.element-limit = 8 (default)
2024-01-29 07:44:12,140 [52eee04e-2e21-4309-a40c-69540fbd71c9@group-B4FE11273C34-LeaderElection67] INFO  grpc.GrpcConfigKeys (ConfUtils.java:logGet(46)) - raft.grpc.server.install_snapshot.request.timeout = 3000ms (default)
2024-01-29 07:44:12,140 [52eee04e-2e21-4309-a40c-69540fbd71c9@group-B4FE11273C34-LeaderElection67] INFO  grpc.GrpcConfigKeys (ConfUtils.java:logGet(46)) - raft.grpc.server.log-message.batch.duration = 5s (default)
2024-01-29 07:44:12,140 [52eee04e-2e21-4309-a40c-69540fbd71c9@group-B4FE11273C34-LeaderElection67] INFO  server.RaftServerConfigKeys (ConfUtils.java:logGet(46)) - raft.server.log.appender.install.snapshot.enabled = false (custom)
2024-01-29 07:44:12,140 [52eee04e-2e21-4309-a40c-69540fbd71c9@group-B4FE11273C34-LeaderElection67] INFO  grpc.GrpcConfigKeys (ConfUtils.java:logGet(46)) - raft.grpc.server.heartbeat.channel = true (default)
2024-01-29 07:44:12,141 [52eee04e-2e21-4309-a40c-69540fbd71c9@group-B4FE11273C34-LeaderElection67] INFO  server.RaftServerConfigKeys (ConfUtils.java:logGet(46)) - raft.server.log.appender.snapshot.chunk.size.max = 16MB (=16777216) (default)
2024-01-29 07:44:12,141 [52eee04e-2e21-4309-a40c-69540fbd71c9@group-B4FE11273C34-LeaderElection67] INFO  server.RaftServerConfigKeys (ConfUtils.java:logGet(46)) - raft.server.log.appender.buffer.byte-limit = 8388608 (custom)
2024-01-29 07:44:12,141 [52eee04e-2e21-4309-a40c-69540fbd71c9@group-B4FE11273C34-LeaderElection67] INFO  server.RaftServerConfigKeys (ConfUtils.java:logGet(46)) - raft.server.log.appender.buffer.element-limit = 1 (custom)
2024-01-29 07:44:12,141 [52eee04e-2e21-4309-a40c-69540fbd71c9@group-B4FE11273C34-LeaderElection67] INFO  server.RaftServerConfigKeys (ConfUtils.java:logGet(46)) - raft.server.log.appender.wait-time.min = 0ms (custom)
2024-01-29 07:44:12,141 [52eee04e-2e21-4309-a40c-69540fbd71c9@group-B4FE11273C34-LeaderElection67] INFO  grpc.GrpcConfigKeys (ConfUtils.java:logGet(46)) - raft.grpc.server.leader.outstanding.appends.max = 8 (default)
2024-01-29 07:44:12,141 [52eee04e-2e21-4309-a40c-69540fbd71c9@group-B4FE11273C34-LeaderElection67] INFO  server.RaftServerConfigKeys (ConfUtils.java:logGet(46)) - raft.server.rpc.request.timeout = 3000ms (default)
2024-01-29 07:44:12,141 [52eee04e-2e21-4309-a40c-69540fbd71c9@group-B4FE11273C34-LeaderElection67] INFO  grpc.GrpcConfigKeys (ConfUtils.java:logGet(46)) - raft.grpc.server.install_snapshot.request.element-limit = 8 (default)
2024-01-29 07:44:12,141 [52eee04e-2e21-4309-a40c-69540fbd71c9@group-B4FE11273C34-LeaderElection67] INFO  grpc.GrpcConfigKeys (ConfUtils.java:logGet(46)) - raft.grpc.server.install_snapshot.request.timeout = 3000ms (default)
2024-01-29 07:44:12,141 [52eee04e-2e21-4309-a40c-69540fbd71c9@group-B4FE11273C34-LeaderElection67] INFO  grpc.GrpcConfigKeys (ConfUtils.java:logGet(46)) - raft.grpc.server.log-message.batch.duration = 5s (default)
2024-01-29 07:44:12,141 [52eee04e-2e21-4309-a40c-69540fbd71c9@group-B4FE11273C34-LeaderElection67] INFO  server.RaftServerConfigKeys (ConfUtils.java:logGet(46)) - raft.server.log.appender.install.snapshot.enabled = false (custom)
2024-01-29 07:44:12,141 [52eee04e-2e21-4309-a40c-69540fbd71c9@group-B4FE11273C34-LeaderElection67] INFO  grpc.GrpcConfigKeys (ConfUtils.java:logGet(46)) - raft.grpc.server.heartbeat.channel = true (default)
2024-01-29 07:44:12,142 [52eee04e-2e21-4309-a40c-69540fbd71c9@group-B4FE11273C34-LeaderElection67] INFO  impl.RoleInfo (RoleInfo.java:updateAndGet(139)) - 52eee04e-2e21-4309-a40c-69540fbd71c9: start 52eee04e-2e21-4309-a40c-69540fbd71c9@group-B4FE11273C34-LeaderStateImpl
2024-01-29 07:44:12,142 [52eee04e-2e21-4309-a40c-69540fbd71c9@group-B4FE11273C34-LeaderElection67] INFO  server.RaftServer$Division (RaftServerImpl.java:setFirstElection(574)) - 52eee04e-2e21-4309-a40c-69540fbd71c9@group-B4FE11273C34: set firstElectionSinceStartup to false for becomeLeader
2024-01-29 07:44:12,142 [52eee04e-2e21-4309-a40c-69540fbd71c9@group-B4FE11273C34-LeaderElection67] INFO  ratis.XceiverServerRatis (XceiverServerRatis.java:handleLeaderChangedNotification(966)) - Leader change notification received for group: group-B4FE11273C34 with new leaderId: 52eee04e-2e21-4309-a40c-69540fbd71c9
2024-01-29 07:44:12,142 [52eee04e-2e21-4309-a40c-69540fbd71c9@group-B4FE11273C34-LeaderElection67] INFO  server.RaftServer$Division (ServerState.java:setLeader(269)) - 52eee04e-2e21-4309-a40c-69540fbd71c9@group-B4FE11273C34: change Leader from null to 52eee04e-2e21-4309-a40c-69540fbd71c9 at term 1 for becomeLeader, leader elected after 5188ms
2024-01-29 07:44:12,142 [52eee04e-2e21-4309-a40c-69540fbd71c9@group-B4FE11273C34-LeaderElection67] INFO  segmented.SegmentedRaftLogWorker (SegmentedRaftLogWorker.java:startLogSegment(430)) - 52eee04e-2e21-4309-a40c-69540fbd71c9@group-B4FE11273C34-SegmentedRaftLogWorker: Starting segment from index:0
2024-01-29 07:44:12,146 [52eee04e-2e21-4309-a40c-69540fbd71c9@group-B4FE11273C34-LeaderElection67] INFO  server.RaftServer$Division (ServerState.java:setRaftConf(386)) - 52eee04e-2e21-4309-a40c-69540fbd71c9@group-B4FE11273C34: set configuration 0: peers:[52eee04e-2e21-4309-a40c-69540fbd71c9|10.1.0.7:15388, 6a63baba-185f-4694-8c2d-f019df25b76b|10.1.0.7:15370, 92b1878f-5f30-4884-b778-b757b768b8e7|10.1.0.7:15379]|listeners:[], old=null
2024-01-29 07:44:12,146 [52eee04e-2e21-4309-a40c-69540fbd71c9@group-B4FE11273C34-SegmentedRaftLogWorker] INFO  segmented.BufferedWriteChannel (BufferedWriteChannel.java:open(62)) - open log_inprogress_0 at position 0
2024-01-29 07:44:12,147 [EventQueue-PipelineReportForPipelineReportHandler] INFO  pipeline.PipelineReportHandler (PipelineReportHandler.java:processPipelineReport(136)) - Opened pipeline PipelineID=2db34f74-41c3-4765-9f19-b4fe11273c34
2024-01-29 07:44:12,147 [EventQueue-OpenPipelineForHealthyPipelineSafeModeRule] INFO  safemode.SCMSafeModeManager (HealthyPipelineSafeModeRule.java:process(140)) - SCM in safe mode. Healthy pipelines reported count is 1, required healthy pipeline reported count is 1
2024-01-29 07:44:12,147 [EventQueue-OpenPipelineForHealthyPipelineSafeModeRule] INFO  safemode.SCMSafeModeManager (SCMSafeModeManager.java:validateSafeModeExitRules(200)) - HealthyPipelineSafeModeRule rule is successfully validated
2024-01-29 07:44:12,147 [EventQueue-OpenPipelineForHealthyPipelineSafeModeRule] INFO  safemode.SCMSafeModeManager (SCMSafeModeManager.java:validateSafeModeExitRules(215)) - ScmSafeModeManager, all rules are successfully validated
2024-01-29 07:44:12,147 [EventQueue-OpenPipelineForHealthyPipelineSafeModeRule] INFO  safemode.SCMSafeModeManager (SCMSafeModeManager.java:exitSafeMode(244)) - SCM exiting safe mode.
2024-01-29 07:44:12,147 [EventQueue-OpenPipelineForHealthyPipelineSafeModeRule] INFO  ha.SCMContext (SCMContext.java:updateSafeModeStatus(230)) - Update SafeModeStatus from SafeModeStatus{safeModeStatus=true, preCheckPassed=true} to SafeModeStatus{safeModeStatus=false, preCheckPassed=true}.
2024-01-29 07:44:12,147 [EventQueue-OpenPipelineForHealthyPipelineSafeModeRule] INFO  pipeline.BackgroundPipelineCreator (BackgroundPipelineCreator.java:notifyStatusChanged(258)) - Service BackgroundPipelineCreator transitions to RUNNING.
2024-01-29 07:44:12,147 [EventQueue-OpenPipelineForHealthyPipelineSafeModeRule] INFO  BackgroundPipelineScrubber (BackgroundSCMService.java:notifyStatusChanged(82)) - Service BackgroundPipelineScrubber transitions to RUNNING.
2024-01-29 07:44:12,147 [EventQueue-OpenPipelineForHealthyPipelineSafeModeRule] INFO  ExpiredContainerReplicaOpScrubber (BackgroundSCMService.java:notifyStatusChanged(82)) - Service ExpiredContainerReplicaOpScrubber transitions to RUNNING.
2024-01-29 07:44:12,147 [EventQueue-OpenPipelineForHealthyPipelineSafeModeRule] INFO  block.SCMBlockDeletingService (SCMBlockDeletingService.java:notifyStatusChanged(247)) - notifyStatusChanged:RUNNING
2024-01-29 07:44:12,147 [EventQueue-OpenPipelineForHealthyPipelineSafeModeRule] INFO  replication.ReplicationManager (ReplicationManager.java:notifyStatusChanged(1401)) - Service ReplicationManager transitions to RUNNING.
2024-01-29 07:44:12,148 [EventQueue-OpenPipelineForHealthyPipelineSafeModeRule] WARN  balancer.ContainerBalancer (ContainerBalancer.java:shouldRun(134)) - Could not find persisted configuration for ContainerBalancer when checking if ContainerBalancer should run. ContainerBalancer should not run now.
2024-01-29 07:44:12,151 [6a63baba-185f-4694-8c2d-f019df25b76b-server-thread1] INFO  ratis.XceiverServerRatis (XceiverServerRatis.java:handleLeaderChangedNotification(966)) - Leader change notification received for group: group-B4FE11273C34 with new leaderId: 52eee04e-2e21-4309-a40c-69540fbd71c9
2024-01-29 07:44:12,152 [6a63baba-185f-4694-8c2d-f019df25b76b-server-thread1] INFO  server.RaftServer$Division (ServerState.java:setLeader(269)) - 6a63baba-185f-4694-8c2d-f019df25b76b@group-B4FE11273C34: change Leader from null to 52eee04e-2e21-4309-a40c-69540fbd71c9 at term 1 for appendEntries, leader elected after 5215ms
2024-01-29 07:44:12,152 [6a63baba-185f-4694-8c2d-f019df25b76b-server-thread1] INFO  server.RaftServer$Division (ServerState.java:setRaftConf(386)) - 6a63baba-185f-4694-8c2d-f019df25b76b@group-B4FE11273C34: set configuration 0: peers:[52eee04e-2e21-4309-a40c-69540fbd71c9|10.1.0.7:15388, 6a63baba-185f-4694-8c2d-f019df25b76b|10.1.0.7:15370, 92b1878f-5f30-4884-b778-b757b768b8e7|10.1.0.7:15379]|listeners:[], old=null
2024-01-29 07:44:12,153 [6a63baba-185f-4694-8c2d-f019df25b76b-server-thread1] INFO  segmented.SegmentedRaftLogWorker (SegmentedRaftLogWorker.java:startLogSegment(430)) - 6a63baba-185f-4694-8c2d-f019df25b76b@group-B4FE11273C34-SegmentedRaftLogWorker: Starting segment from index:0
2024-01-29 07:44:12,154 [6a63baba-185f-4694-8c2d-f019df25b76b@group-B4FE11273C34-SegmentedRaftLogWorker] INFO  segmented.BufferedWriteChannel (BufferedWriteChannel.java:open(62)) - open log_inprogress_0 at position 0
2024-01-29 07:44:12,154 [52eee04e-2e21-4309-a40c-69540fbd71c9@group-B4FE11273C34-SegmentedRaftLogWorker] INFO  segmented.SegmentedRaftLogWorker (SegmentedRaftLogWorker.java:execute(634)) - 52eee04e-2e21-4309-a40c-69540fbd71c9@group-B4FE11273C34-SegmentedRaftLogWorker: created new log segment /home/runner/work/ozone/ozone/hadoop-ozone/integration-test/target/test-dir/MiniOzoneClusterImpl-4c098651-5741-4b11-9e36-c6ca8da28866/datanode-2/data/ratis/2db34f74-41c3-4765-9f19-b4fe11273c34/current/log_inprogress_0
2024-01-29 07:44:12,155 [92b1878f-5f30-4884-b778-b757b768b8e7-server-thread1] INFO  ratis.XceiverServerRatis (XceiverServerRatis.java:handleLeaderChangedNotification(966)) - Leader change notification received for group: group-B4FE11273C34 with new leaderId: 52eee04e-2e21-4309-a40c-69540fbd71c9
2024-01-29 07:44:12,155 [92b1878f-5f30-4884-b778-b757b768b8e7-server-thread1] INFO  server.RaftServer$Division (ServerState.java:setLeader(269)) - 92b1878f-5f30-4884-b778-b757b768b8e7@group-B4FE11273C34: change Leader from null to 52eee04e-2e21-4309-a40c-69540fbd71c9 at term 1 for appendEntries, leader elected after 5174ms
2024-01-29 07:44:12,159 [92b1878f-5f30-4884-b778-b757b768b8e7-server-thread2] INFO  server.RaftServer$Division (ServerState.java:setRaftConf(386)) - 92b1878f-5f30-4884-b778-b757b768b8e7@group-B4FE11273C34: set configuration 0: peers:[52eee04e-2e21-4309-a40c-69540fbd71c9|10.1.0.7:15388, 6a63baba-185f-4694-8c2d-f019df25b76b|10.1.0.7:15370, 92b1878f-5f30-4884-b778-b757b768b8e7|10.1.0.7:15379]|listeners:[], old=null
2024-01-29 07:44:12,159 [92b1878f-5f30-4884-b778-b757b768b8e7-server-thread2] INFO  segmented.SegmentedRaftLogWorker (SegmentedRaftLogWorker.java:startLogSegment(430)) - 92b1878f-5f30-4884-b778-b757b768b8e7@group-B4FE11273C34-SegmentedRaftLogWorker: Starting segment from index:0
2024-01-29 07:44:12,160 [92b1878f-5f30-4884-b778-b757b768b8e7@group-B4FE11273C34-SegmentedRaftLogWorker] INFO  segmented.BufferedWriteChannel (BufferedWriteChannel.java:open(62)) - open log_inprogress_0 at position 0
2024-01-29 07:44:12,166 [6a63baba-185f-4694-8c2d-f019df25b76b@group-B4FE11273C34-SegmentedRaftLogWorker] INFO  segmented.SegmentedRaftLogWorker (SegmentedRaftLogWorker.java:execute(634)) - 6a63baba-185f-4694-8c2d-f019df25b76b@group-B4FE11273C34-SegmentedRaftLogWorker: created new log segment /home/runner/work/ozone/ozone/hadoop-ozone/integration-test/target/test-dir/MiniOzoneClusterImpl-4c098651-5741-4b11-9e36-c6ca8da28866/datanode-0/data/ratis/2db34f74-41c3-4765-9f19-b4fe11273c34/current/log_inprogress_0
2024-01-29 07:44:12,167 [92b1878f-5f30-4884-b778-b757b768b8e7@group-B4FE11273C34-SegmentedRaftLogWorker] INFO  segmented.SegmentedRaftLogWorker (SegmentedRaftLogWorker.java:execute(634)) - 92b1878f-5f30-4884-b778-b757b768b8e7@group-B4FE11273C34-SegmentedRaftLogWorker: created new log segment /home/runner/work/ozone/ozone/hadoop-ozone/integration-test/target/test-dir/MiniOzoneClusterImpl-4c098651-5741-4b11-9e36-c6ca8da28866/datanode-1/data/ratis/2db34f74-41c3-4765-9f19-b4fe11273c34/current/log_inprogress_0
2024-01-29 07:44:12,169 [52eee04e-2e21-4309-a40c-69540fbd71c9@group-B4FE11273C34-StateMachineUpdater] INFO  server.RaftServer$Division (LeaderStateImpl.java:isApplied(320)) - leader is ready since appliedIndex == 0 >= startIndex == 0
2024-01-29 07:44:12,209 [9deec6a2-e137-4b51-9c1f-847336f03f34@group-E43B4410FAD9-FollowerState] INFO  impl.FollowerState (FollowerState.java:run(143)) - 9deec6a2-e137-4b51-9c1f-847336f03f34@group-E43B4410FAD9-FollowerState: change to CANDIDATE, lastRpcElapsedTime:5013465619ns, electionTimeout:5013ms
2024-01-29 07:44:12,209 [9deec6a2-e137-4b51-9c1f-847336f03f34@group-E43B4410FAD9-FollowerState] INFO  impl.RoleInfo (RoleInfo.java:shutdownFollowerState(110)) - 9deec6a2-e137-4b51-9c1f-847336f03f34: shutdown 9deec6a2-e137-4b51-9c1f-847336f03f34@group-E43B4410FAD9-FollowerState
2024-01-29 07:44:12,209 [9deec6a2-e137-4b51-9c1f-847336f03f34@group-E43B4410FAD9-FollowerState] INFO  server.RaftServer$Division (RaftServerImpl.java:setRole(383)) - 9deec6a2-e137-4b51-9c1f-847336f03f34@group-E43B4410FAD9: changes role from  FOLLOWER to CANDIDATE at term 0 for changeToCandidate
2024-01-29 07:44:12,209 [9deec6a2-e137-4b51-9c1f-847336f03f34@group-E43B4410FAD9-FollowerState] INFO  server.RaftServerConfigKeys (ConfUtils.java:logGet(46)) - raft.server.leaderelection.pre-vote = true (default)
2024-01-29 07:44:12,209 [9deec6a2-e137-4b51-9c1f-847336f03f34@group-E43B4410FAD9-FollowerState] INFO  impl.RoleInfo (RoleInfo.java:updateAndGet(139)) - 9deec6a2-e137-4b51-9c1f-847336f03f34: start 9deec6a2-e137-4b51-9c1f-847336f03f34@group-E43B4410FAD9-LeaderElection69
2024-01-29 07:44:12,211 [9deec6a2-e137-4b51-9c1f-847336f03f34@group-B1678F363924-FollowerState] INFO  impl.FollowerState (FollowerState.java:run(143)) - 9deec6a2-e137-4b51-9c1f-847336f03f34@group-B1678F363924-FollowerState: change to CANDIDATE, lastRpcElapsedTime:5003585722ns, electionTimeout:5003ms
2024-01-29 07:44:12,211 [9deec6a2-e137-4b51-9c1f-847336f03f34@group-E43B4410FAD9-LeaderElection69] INFO  impl.LeaderElection (LeaderElection.java:askForVotes(321)) - 9deec6a2-e137-4b51-9c1f-847336f03f34@group-E43B4410FAD9-LeaderElection69 PRE_VOTE round 0: submit vote requests at term 0 for -1: peers:[9deec6a2-e137-4b51-9c1f-847336f03f34|10.1.0.7:15397]|listeners:[], old=null
2024-01-29 07:44:12,211 [9deec6a2-e137-4b51-9c1f-847336f03f34@group-B1678F363924-FollowerState] INFO  impl.RoleInfo (RoleInfo.java:shutdownFollowerState(110)) - 9deec6a2-e137-4b51-9c1f-847336f03f34: shutdown 9deec6a2-e137-4b51-9c1f-847336f03f34@group-B1678F363924-FollowerState
2024-01-29 07:44:12,211 [9deec6a2-e137-4b51-9c1f-847336f03f34@group-E43B4410FAD9-LeaderElection69] INFO  impl.LeaderElection (LeaderElection.java:askForVotes(323)) - 9deec6a2-e137-4b51-9c1f-847336f03f34@group-E43B4410FAD9-LeaderElection69 PRE_VOTE round 0: result PASSED (term=0)
2024-01-29 07:44:12,211 [9deec6a2-e137-4b51-9c1f-847336f03f34@group-B1678F363924-FollowerState] INFO  server.RaftServer$Division (RaftServerImpl.java:setRole(383)) - 9deec6a2-e137-4b51-9c1f-847336f03f34@group-B1678F363924: changes role from  FOLLOWER to CANDIDATE at term 0 for changeToCandidate
2024-01-29 07:44:12,211 [9deec6a2-e137-4b51-9c1f-847336f03f34@group-B1678F363924-FollowerState] INFO  server.RaftServerConfigKeys (ConfUtils.java:logGet(46)) - raft.server.leaderelection.pre-vote = true (default)
2024-01-29 07:44:12,211 [9deec6a2-e137-4b51-9c1f-847336f03f34@group-B1678F363924-FollowerState] INFO  impl.RoleInfo (RoleInfo.java:updateAndGet(139)) - 9deec6a2-e137-4b51-9c1f-847336f03f34: start 9deec6a2-e137-4b51-9c1f-847336f03f34@group-B1678F363924-LeaderElection70
2024-01-29 07:44:12,213 [9deec6a2-e137-4b51-9c1f-847336f03f34@group-B1678F363924-LeaderElection70] INFO  impl.LeaderElection (LeaderElection.java:askForVotes(321)) - 9deec6a2-e137-4b51-9c1f-847336f03f34@group-B1678F363924-LeaderElection70 PRE_VOTE round 0: submit vote requests at term 0 for -1: peers:[abb8ef56-980b-44e3-a149-c32b9999de28|10.1.0.7:15415, ae994d2b-07e5-4c7e-bc1d-199b697c7c17|10.1.0.7:15406, 9deec6a2-e137-4b51-9c1f-847336f03f34|10.1.0.7:15397]|listeners:[], old=null
2024-01-29 07:44:12,213 [9deec6a2-e137-4b51-9c1f-847336f03f34@group-B1678F363924-LeaderElection70-1] INFO  server.GrpcServerProtocolClient (GrpcServerProtocolClient.java:<init>(65)) - Build channel for abb8ef56-980b-44e3-a149-c32b9999de28|10.1.0.7:15415
2024-01-29 07:44:12,213 [9deec6a2-e137-4b51-9c1f-847336f03f34@group-B1678F363924-LeaderElection70-2] INFO  server.GrpcServerProtocolClient (GrpcServerProtocolClient.java:<init>(65)) - Build channel for ae994d2b-07e5-4c7e-bc1d-199b697c7c17|10.1.0.7:15406
2024-01-29 07:44:12,213 [9deec6a2-e137-4b51-9c1f-847336f03f34@group-B1678F363924-LeaderElection70] INFO  server.RaftServerConfigKeys (ConfUtils.java:logFallback(53)) - raft.server.rpc.first-election.timeout.min = 5s (fallback to raft.server.rpc.timeout.min)
2024-01-29 07:44:12,214 [9deec6a2-e137-4b51-9c1f-847336f03f34@group-B1678F363924-LeaderElection70] INFO  server.RaftServerConfigKeys (ConfUtils.java:logFallback(53)) - raft.server.rpc.first-election.timeout.max = 5200ms (fallback to raft.server.rpc.timeout.max)
2024-01-29 07:44:12,214 [9deec6a2-e137-4b51-9c1f-847336f03f34@group-E43B4410FAD9-LeaderElection69] INFO  impl.LeaderElection (LeaderElection.java:askForVotes(321)) - 9deec6a2-e137-4b51-9c1f-847336f03f34@group-E43B4410FAD9-LeaderElection69 ELECTION round 0: submit vote requests at term 1 for -1: peers:[9deec6a2-e137-4b51-9c1f-847336f03f34|10.1.0.7:15397]|listeners:[], old=null
2024-01-29 07:44:12,214 [9deec6a2-e137-4b51-9c1f-847336f03f34@group-E43B4410FAD9-LeaderElection69] INFO  impl.LeaderElection (LeaderElection.java:askForVotes(323)) - 9deec6a2-e137-4b51-9c1f-847336f03f34@group-E43B4410FAD9-LeaderElection69 ELECTION round 0: result PASSED (term=1)
2024-01-29 07:44:12,214 [9deec6a2-e137-4b51-9c1f-847336f03f34@group-E43B4410FAD9-LeaderElection69] INFO  impl.RoleInfo (RoleInfo.java:shutdownLeaderElection(130)) - 9deec6a2-e137-4b51-9c1f-847336f03f34: shutdown 9deec6a2-e137-4b51-9c1f-847336f03f34@group-E43B4410FAD9-LeaderElection69
2024-01-29 07:44:12,214 [9deec6a2-e137-4b51-9c1f-847336f03f34@group-E43B4410FAD9-LeaderElection69] INFO  server.RaftServer$Division (RaftServerImpl.java:setRole(383)) - 9deec6a2-e137-4b51-9c1f-847336f03f34@group-E43B4410FAD9: changes role from CANDIDATE to LEADER at term 1 for changeToLeader
2024-01-29 07:44:12,214 [9deec6a2-e137-4b51-9c1f-847336f03f34@group-E43B4410FAD9-LeaderElection69] INFO  server.RaftServerConfigKeys (ConfUtils.java:logGet(46)) - raft.server.staging.catchup.gap = 1000 (default)
2024-01-29 07:44:12,215 [9deec6a2-e137-4b51-9c1f-847336f03f34@group-E43B4410FAD9-LeaderElection69] INFO  server.RaftServerConfigKeys (ConfUtils.java:logGet(46)) - raft.server.write.element-limit = 1024 (custom)
2024-01-29 07:44:12,215 [9deec6a2-e137-4b51-9c1f-847336f03f34@group-E43B4410FAD9-LeaderElection69] INFO  server.RaftServerConfigKeys (ConfUtils.java:logGet(46)) - raft.server.write.byte-limit = 1024 M (=1073741824) (custom)
2024-01-29 07:44:12,215 [9deec6a2-e137-4b51-9c1f-847336f03f34@group-E43B4410FAD9-LeaderElection69] INFO  server.RaftServerConfigKeys (ConfUtils.java:logGet(46)) - raft.server.watch.timeout = 3000ms (custom)
2024-01-29 07:44:12,215 [9deec6a2-e137-4b51-9c1f-847336f03f34@group-E43B4410FAD9-LeaderElection69] INFO  server.RaftServerConfigKeys (ConfUtils.java:logGet(46)) - raft.server.watch.timeout.denomination = 1s (default)
2024-01-29 07:44:12,215 [9deec6a2-e137-4b51-9c1f-847336f03f34@group-E43B4410FAD9-LeaderElection69] INFO  server.RaftServerConfigKeys (ConfUtils.java:logGet(46)) - raft.server.watch.element-limit = 65536 (default)
2024-01-29 07:44:12,215 [9deec6a2-e137-4b51-9c1f-847336f03f34@group-E43B4410FAD9-LeaderElection69] INFO  server.RaftServerConfigKeys (ConfUtils.java:logGet(46)) - raft.server.read.leader.lease.enabled = false (default)
2024-01-29 07:44:12,215 [9deec6a2-e137-4b51-9c1f-847336f03f34@group-E43B4410FAD9-LeaderElection69] INFO  server.RaftServerConfigKeys (ConfUtils.java:logGet(46)) - raft.server.read.leader.lease.timeout.ratio = 0.9 (default)
2024-01-29 07:44:12,215 [9deec6a2-e137-4b51-9c1f-847336f03f34@group-E43B4410FAD9-LeaderElection69] INFO  server.RaftServerConfigKeys (ConfUtils.java:logGet(46)) - raft.server.rpc.timeout.min = 5s (custom)
2024-01-29 07:44:12,215 [9deec6a2-e137-4b51-9c1f-847336f03f34@group-E43B4410FAD9-LeaderElection69] INFO  server.RaftServerConfigKeys (ConfUtils.java:logGet(46)) - raft.server.write.element-limit = 1024 (custom)
2024-01-29 07:44:12,216 [9deec6a2-e137-4b51-9c1f-847336f03f34@group-E43B4410FAD9-LeaderElection69] INFO  server.RaftServerConfigKeys (ConfUtils.java:logGet(46)) - raft.server.write.follower.gap.ratio.max = -1.0 (default)
2024-01-29 07:44:12,216 [9deec6a2-e137-4b51-9c1f-847336f03f34@group-E43B4410FAD9-LeaderElection69] INFO  impl.RoleInfo (RoleInfo.java:updateAndGet(139)) - 9deec6a2-e137-4b51-9c1f-847336f03f34: start 9deec6a2-e137-4b51-9c1f-847336f03f34@group-E43B4410FAD9-LeaderStateImpl
2024-01-29 07:44:12,217 [9deec6a2-e137-4b51-9c1f-847336f03f34@group-E43B4410FAD9-LeaderElection69] INFO  server.RaftServer$Division (RaftServerImpl.java:setFirstElection(574)) - 9deec6a2-e137-4b51-9c1f-847336f03f34@group-E43B4410FAD9: set firstElectionSinceStartup to false for becomeLeader
2024-01-29 07:44:12,217 [9deec6a2-e137-4b51-9c1f-847336f03f34@group-E43B4410FAD9-LeaderElection69] INFO  ratis.XceiverServerRatis (XceiverServerRatis.java:handleLeaderChangedNotification(966)) - Leader change notification received for group: group-E43B4410FAD9 with new leaderId: 9deec6a2-e137-4b51-9c1f-847336f03f34
2024-01-29 07:44:12,217 [9deec6a2-e137-4b51-9c1f-847336f03f34@group-E43B4410FAD9-LeaderElection69] INFO  server.RaftServer$Division (ServerState.java:setLeader(269)) - 9deec6a2-e137-4b51-9c1f-847336f03f34@group-E43B4410FAD9: change Leader from null to 9deec6a2-e137-4b51-9c1f-847336f03f34 at term 1 for becomeLeader, leader elected after 5033ms
2024-01-29 07:44:12,217 [9deec6a2-e137-4b51-9c1f-847336f03f34@group-E43B4410FAD9-LeaderElection69] INFO  segmented.SegmentedRaftLogWorker (SegmentedRaftLogWorker.java:startLogSegment(430)) - 9deec6a2-e137-4b51-9c1f-847336f03f34@group-E43B4410FAD9-SegmentedRaftLogWorker: Starting segment from index:0
2024-01-29 07:44:12,218 [grpc-default-executor-3] INFO  server.RaftServer$Division (RaftServerImpl.java:requestVote(1389)) - ae994d2b-07e5-4c7e-bc1d-199b697c7c17@group-B1678F363924: receive requestVote(PRE_VOTE, 9deec6a2-e137-4b51-9c1f-847336f03f34, group-B1678F363924, 0, (t:0, i:0))
2024-01-29 07:44:12,218 [grpc-default-executor-6] INFO  server.RaftServer$Division (RaftServerImpl.java:requestVote(1389)) - abb8ef56-980b-44e3-a149-c32b9999de28@group-B1678F363924: receive requestVote(PRE_VOTE, 9deec6a2-e137-4b51-9c1f-847336f03f34, group-B1678F363924, 0, (t:0, i:0))
2024-01-29 07:44:12,218 [9deec6a2-e137-4b51-9c1f-847336f03f34@group-E43B4410FAD9-SegmentedRaftLogWorker] INFO  segmented.BufferedWriteChannel (BufferedWriteChannel.java:open(62)) - open log_inprogress_0 at position 0
2024-01-29 07:44:12,218 [grpc-default-executor-3] INFO  impl.VoteContext (VoteContext.java:log(49)) - ae994d2b-07e5-4c7e-bc1d-199b697c7c17@group-B1678F363924-FOLLOWER: accept PRE_VOTE from 9deec6a2-e137-4b51-9c1f-847336f03f34: our priority 0 <= candidate's priority 1
2024-01-29 07:44:12,219 [9deec6a2-e137-4b51-9c1f-847336f03f34@group-E43B4410FAD9-LeaderElection69] INFO  server.RaftServer$Division (ServerState.java:setRaftConf(386)) - 9deec6a2-e137-4b51-9c1f-847336f03f34@group-E43B4410FAD9: set configuration 0: peers:[9deec6a2-e137-4b51-9c1f-847336f03f34|10.1.0.7:15397]|listeners:[], old=null
2024-01-29 07:44:12,220 [grpc-default-executor-3] INFO  server.RaftServer$Division (RaftServerImpl.java:requestVote(1422)) - ae994d2b-07e5-4c7e-bc1d-199b697c7c17@group-B1678F363924 replies to PRE_VOTE vote request: 9deec6a2-e137-4b51-9c1f-847336f03f34<-ae994d2b-07e5-4c7e-bc1d-199b697c7c17#0:OK-t0. Peer's state: ae994d2b-07e5-4c7e-bc1d-199b697c7c17@group-B1678F363924:t0, leader=null, voted=, raftlog=Memoized:ae994d2b-07e5-4c7e-bc1d-199b697c7c17@group-B1678F363924-SegmentedRaftLog:OPENED:c-1, conf=-1: peers:[abb8ef56-980b-44e3-a149-c32b9999de28|10.1.0.7:15415, ae994d2b-07e5-4c7e-bc1d-199b697c7c17|10.1.0.7:15406, 9deec6a2-e137-4b51-9c1f-847336f03f34|10.1.0.7:15397]|listeners:[], old=null
2024-01-29 07:44:12,218 [grpc-default-executor-6] INFO  impl.VoteContext (VoteContext.java:log(49)) - abb8ef56-980b-44e3-a149-c32b9999de28@group-B1678F363924-FOLLOWER: accept PRE_VOTE from 9deec6a2-e137-4b51-9c1f-847336f03f34: our priority 0 <= candidate's priority 1
2024-01-29 07:44:12,220 [grpc-default-executor-6] INFO  server.RaftServer$Division (RaftServerImpl.java:requestVote(1422)) - abb8ef56-980b-44e3-a149-c32b9999de28@group-B1678F363924 replies to PRE_VOTE vote request: 9deec6a2-e137-4b51-9c1f-847336f03f34<-abb8ef56-980b-44e3-a149-c32b9999de28#0:OK-t0. Peer's state: abb8ef56-980b-44e3-a149-c32b9999de28@group-B1678F363924:t0, leader=null, voted=, raftlog=Memoized:abb8ef56-980b-44e3-a149-c32b9999de28@group-B1678F363924-SegmentedRaftLog:OPENED:c-1, conf=-1: peers:[abb8ef56-980b-44e3-a149-c32b9999de28|10.1.0.7:15415, ae994d2b-07e5-4c7e-bc1d-199b697c7c17|10.1.0.7:15406, 9deec6a2-e137-4b51-9c1f-847336f03f34|10.1.0.7:15397]|listeners:[], old=null
2024-01-29 07:44:12,222 [9deec6a2-e137-4b51-9c1f-847336f03f34@group-B1678F363924-LeaderElection70] INFO  impl.LeaderElection (LeaderElection.java:logAndReturn(89)) - 9deec6a2-e137-4b51-9c1f-847336f03f34@group-B1678F363924-LeaderElection70: PRE_VOTE PASSED received 1 response(s) and 0 exception(s):
2024-01-29 07:44:12,222 [9deec6a2-e137-4b51-9c1f-847336f03f34@group-B1678F363924-LeaderElection70] INFO  impl.LeaderElection (LeaderElection.java:logAndReturn(93)) -   Response 0: 9deec6a2-e137-4b51-9c1f-847336f03f34<-ae994d2b-07e5-4c7e-bc1d-199b697c7c17#0:OK-t0
2024-01-29 07:44:12,222 [9deec6a2-e137-4b51-9c1f-847336f03f34@group-B1678F363924-LeaderElection70] INFO  impl.LeaderElection (LeaderElection.java:askForVotes(323)) - 9deec6a2-e137-4b51-9c1f-847336f03f34@group-B1678F363924-LeaderElection70 PRE_VOTE round 0: result PASSED
2024-01-29 07:44:12,226 [9deec6a2-e137-4b51-9c1f-847336f03f34@group-E43B4410FAD9-SegmentedRaftLogWorker] INFO  segmented.SegmentedRaftLogWorker (SegmentedRaftLogWorker.java:execute(634)) - 9deec6a2-e137-4b51-9c1f-847336f03f34@group-E43B4410FAD9-SegmentedRaftLogWorker: created new log segment /home/runner/work/ozone/ozone/hadoop-ozone/integration-test/target/test-dir/MiniOzoneClusterImpl-4c098651-5741-4b11-9e36-c6ca8da28866/datanode-3/data/ratis/601360ce-1782-4491-b09d-e43b4410fad9/current/log_inprogress_0
2024-01-29 07:44:12,226 [9deec6a2-e137-4b51-9c1f-847336f03f34@group-B1678F363924-LeaderElection70] INFO  impl.LeaderElection (LeaderElection.java:askForVotes(321)) - 9deec6a2-e137-4b51-9c1f-847336f03f34@group-B1678F363924-LeaderElection70 ELECTION round 0: submit vote requests at term 1 for -1: peers:[abb8ef56-980b-44e3-a149-c32b9999de28|10.1.0.7:15415, ae994d2b-07e5-4c7e-bc1d-199b697c7c17|10.1.0.7:15406, 9deec6a2-e137-4b51-9c1f-847336f03f34|10.1.0.7:15397]|listeners:[], old=null
2024-01-29 07:44:12,226 [9deec6a2-e137-4b51-9c1f-847336f03f34@group-B1678F363924-LeaderElection70] INFO  server.RaftServerConfigKeys (ConfUtils.java:logFallback(53)) - raft.server.rpc.first-election.timeout.min = 5s (fallback to raft.server.rpc.timeout.min)
2024-01-29 07:44:12,226 [9deec6a2-e137-4b51-9c1f-847336f03f34@group-B1678F363924-LeaderElection70] INFO  server.RaftServerConfigKeys (ConfUtils.java:logFallback(53)) - raft.server.rpc.first-election.timeout.max = 5200ms (fallback to raft.server.rpc.timeout.max)
2024-01-29 07:44:12,227 [9deec6a2-e137-4b51-9c1f-847336f03f34@group-E43B4410FAD9-StateMachineUpdater] INFO  server.RaftServer$Division (LeaderStateImpl.java:isApplied(320)) - leader is ready since appliedIndex == 0 >= startIndex == 0
2024-01-29 07:44:12,228 [grpc-default-executor-3] INFO  server.RaftServer$Division (RaftServerImpl.java:requestVote(1389)) - ae994d2b-07e5-4c7e-bc1d-199b697c7c17@group-B1678F363924: receive requestVote(ELECTION, 9deec6a2-e137-4b51-9c1f-847336f03f34, group-B1678F363924, 1, (t:0, i:0))
2024-01-29 07:44:12,228 [grpc-default-executor-3] INFO  impl.VoteContext (VoteContext.java:log(49)) - ae994d2b-07e5-4c7e-bc1d-199b697c7c17@group-B1678F363924-FOLLOWER: accept ELECTION from 9deec6a2-e137-4b51-9c1f-847336f03f34: our priority 0 <= candidate's priority 1
2024-01-29 07:44:12,228 [grpc-default-executor-6] INFO  server.RaftServer$Division (RaftServerImpl.java:requestVote(1389)) - abb8ef56-980b-44e3-a149-c32b9999de28@group-B1678F363924: receive requestVote(ELECTION, 9deec6a2-e137-4b51-9c1f-847336f03f34, group-B1678F363924, 1, (t:0, i:0))
2024-01-29 07:44:12,228 [grpc-default-executor-3] INFO  server.RaftServer$Division (RaftServerImpl.java:setRole(383)) - ae994d2b-07e5-4c7e-bc1d-199b697c7c17@group-B1678F363924: changes role from  FOLLOWER to FOLLOWER at term 1 for candidate:9deec6a2-e137-4b51-9c1f-847336f03f34
2024-01-29 07:44:12,228 [grpc-default-executor-6] INFO  impl.VoteContext (VoteContext.java:log(49)) - abb8ef56-980b-44e3-a149-c32b9999de28@group-B1678F363924-FOLLOWER: accept ELECTION from 9deec6a2-e137-4b51-9c1f-847336f03f34: our priority 0 <= candidate's priority 1
2024-01-29 07:44:12,228 [grpc-default-executor-6] INFO  server.RaftServer$Division (RaftServerImpl.java:setRole(383)) - abb8ef56-980b-44e3-a149-c32b9999de28@group-B1678F363924: changes role from  FOLLOWER to FOLLOWER at term 1 for candidate:9deec6a2-e137-4b51-9c1f-847336f03f34
2024-01-29 07:44:12,228 [grpc-default-executor-3] INFO  impl.RoleInfo (RoleInfo.java:shutdownFollowerState(110)) - ae994d2b-07e5-4c7e-bc1d-199b697c7c17: shutdown ae994d2b-07e5-4c7e-bc1d-199b697c7c17@group-B1678F363924-FollowerState
2024-01-29 07:44:12,228 [grpc-default-executor-6] INFO  impl.RoleInfo (RoleInfo.java:shutdownFollowerState(110)) - abb8ef56-980b-44e3-a149-c32b9999de28: shutdown abb8ef56-980b-44e3-a149-c32b9999de28@group-B1678F363924-FollowerState
2024-01-29 07:44:12,228 [ae994d2b-07e5-4c7e-bc1d-199b697c7c17@group-B1678F363924-FollowerState] INFO  impl.FollowerState (FollowerState.java:run(152)) - ae994d2b-07e5-4c7e-bc1d-199b697c7c17@group-B1678F363924-FollowerState was interrupted
2024-01-29 07:44:12,228 [grpc-default-executor-6] INFO  impl.RoleInfo (RoleInfo.java:updateAndGet(139)) - abb8ef56-980b-44e3-a149-c32b9999de28: start abb8ef56-980b-44e3-a149-c32b9999de28@group-B1678F363924-FollowerState
2024-01-29 07:44:12,229 [abb8ef56-980b-44e3-a149-c32b9999de28@group-B1678F363924-FollowerState] INFO  impl.FollowerState (FollowerState.java:run(152)) - abb8ef56-980b-44e3-a149-c32b9999de28@group-B1678F363924-FollowerState was interrupted
2024-01-29 07:44:12,229 [grpc-default-executor-6] INFO  server.RaftServer$Division (RaftServerImpl.java:setFirstElection(574)) - abb8ef56-980b-44e3-a149-c32b9999de28@group-B1678F363924: set firstElectionSinceStartup to false for candidate:9deec6a2-e137-4b51-9c1f-847336f03f34
2024-01-29 07:44:12,228 [grpc-default-executor-3] INFO  impl.RoleInfo (RoleInfo.java:updateAndGet(139)) - ae994d2b-07e5-4c7e-bc1d-199b697c7c17: start ae994d2b-07e5-4c7e-bc1d-199b697c7c17@group-B1678F363924-FollowerState
2024-01-29 07:44:12,230 [grpc-default-executor-3] INFO  server.RaftServer$Division (RaftServerImpl.java:setFirstElection(574)) - ae994d2b-07e5-4c7e-bc1d-199b697c7c17@group-B1678F363924: set firstElectionSinceStartup to false for candidate:9deec6a2-e137-4b51-9c1f-847336f03f34
2024-01-29 07:44:12,231 [grpc-default-executor-6] INFO  server.RaftServer$Division (RaftServerImpl.java:requestVote(1422)) - abb8ef56-980b-44e3-a149-c32b9999de28@group-B1678F363924 replies to ELECTION vote request: 9deec6a2-e137-4b51-9c1f-847336f03f34<-abb8ef56-980b-44e3-a149-c32b9999de28#0:OK-t1. Peer's state: abb8ef56-980b-44e3-a149-c32b9999de28@group-B1678F363924:t1, leader=null, voted=9deec6a2-e137-4b51-9c1f-847336f03f34, raftlog=Memoized:abb8ef56-980b-44e3-a149-c32b9999de28@group-B1678F363924-SegmentedRaftLog:OPENED:c-1, conf=-1: peers:[abb8ef56-980b-44e3-a149-c32b9999de28|10.1.0.7:15415, ae994d2b-07e5-4c7e-bc1d-199b697c7c17|10.1.0.7:15406, 9deec6a2-e137-4b51-9c1f-847336f03f34|10.1.0.7:15397]|listeners:[], old=null
2024-01-29 07:44:12,231 [grpc-default-executor-3] INFO  server.RaftServer$Division (RaftServerImpl.java:requestVote(1422)) - ae994d2b-07e5-4c7e-bc1d-199b697c7c17@group-B1678F363924 replies to ELECTION vote request: 9deec6a2-e137-4b51-9c1f-847336f03f34<-ae994d2b-07e5-4c7e-bc1d-199b697c7c17#0:OK-t1. Peer's state: ae994d2b-07e5-4c7e-bc1d-199b697c7c17@group-B1678F363924:t1, leader=null, voted=9deec6a2-e137-4b51-9c1f-847336f03f34, raftlog=Memoized:ae994d2b-07e5-4c7e-bc1d-199b697c7c17@group-B1678F363924-SegmentedRaftLog:OPENED:c-1, conf=-1: peers:[abb8ef56-980b-44e3-a149-c32b9999de28|10.1.0.7:15415, ae994d2b-07e5-4c7e-bc1d-199b697c7c17|10.1.0.7:15406, 9deec6a2-e137-4b51-9c1f-847336f03f34|10.1.0.7:15397]|listeners:[], old=null
2024-01-29 07:44:12,232 [9deec6a2-e137-4b51-9c1f-847336f03f34@group-B1678F363924-LeaderElection70] INFO  impl.LeaderElection (LeaderElection.java:logAndReturn(89)) - 9deec6a2-e137-4b51-9c1f-847336f03f34@group-B1678F363924-LeaderElection70: ELECTION PASSED received 1 response(s) and 0 exception(s):
2024-01-29 07:44:12,232 [9deec6a2-e137-4b51-9c1f-847336f03f34@group-B1678F363924-LeaderElection70] INFO  impl.LeaderElection (LeaderElection.java:logAndReturn(93)) -   Response 0: 9deec6a2-e137-4b51-9c1f-847336f03f34<-abb8ef56-980b-44e3-a149-c32b9999de28#0:OK-t1
2024-01-29 07:44:12,233 [9deec6a2-e137-4b51-9c1f-847336f03f34@group-B1678F363924-LeaderElection70] INFO  impl.LeaderElection (LeaderElection.java:askForVotes(323)) - 9deec6a2-e137-4b51-9c1f-847336f03f34@group-B1678F363924-LeaderElection70 ELECTION round 0: result PASSED
2024-01-29 07:44:12,233 [9deec6a2-e137-4b51-9c1f-847336f03f34@group-B1678F363924-LeaderElection70] INFO  impl.RoleInfo (RoleInfo.java:shutdownLeaderElection(130)) - 9deec6a2-e137-4b51-9c1f-847336f03f34: shutdown 9deec6a2-e137-4b51-9c1f-847336f03f34@group-B1678F363924-LeaderElection70
2024-01-29 07:44:12,233 [9deec6a2-e137-4b51-9c1f-847336f03f34@group-B1678F363924-LeaderElection70] INFO  server.RaftServer$Division (RaftServerImpl.java:setRole(383)) - 9deec6a2-e137-4b51-9c1f-847336f03f34@group-B1678F363924: changes role from CANDIDATE to LEADER at term 1 for changeToLeader
2024-01-29 07:44:12,233 [9deec6a2-e137-4b51-9c1f-847336f03f34@group-B1678F363924-LeaderElection70] INFO  server.RaftServerConfigKeys (ConfUtils.java:logGet(46)) - raft.server.staging.catchup.gap = 1000 (default)
2024-01-29 07:44:12,233 [9deec6a2-e137-4b51-9c1f-847336f03f34@group-B1678F363924-LeaderElection70] INFO  server.RaftServerConfigKeys (ConfUtils.java:logGet(46)) - raft.server.write.element-limit = 1024 (custom)
2024-01-29 07:44:12,233 [9deec6a2-e137-4b51-9c1f-847336f03f34@group-B1678F363924-LeaderElection70] INFO  server.RaftServerConfigKeys (ConfUtils.java:logGet(46)) - raft.server.write.byte-limit = 1024 M (=1073741824) (custom)
2024-01-29 07:44:12,233 [9deec6a2-e137-4b51-9c1f-847336f03f34@group-B1678F363924-LeaderElection70] INFO  server.RaftServerConfigKeys (ConfUtils.java:logGet(46)) - raft.server.watch.timeout = 3000ms (custom)
2024-01-29 07:44:12,233 [9deec6a2-e137-4b51-9c1f-847336f03f34@group-B1678F363924-LeaderElection70] INFO  server.RaftServerConfigKeys (ConfUtils.java:logGet(46)) - raft.server.watch.timeout.denomination = 1s (default)
2024-01-29 07:44:12,233 [9deec6a2-e137-4b51-9c1f-847336f03f34@group-B1678F363924-LeaderElection70] INFO  server.RaftServerConfigKeys (ConfUtils.java:logGet(46)) - raft.server.watch.element-limit = 65536 (default)
2024-01-29 07:44:12,233 [9deec6a2-e137-4b51-9c1f-847336f03f34@group-B1678F363924-LeaderElection70] INFO  server.RaftServerConfigKeys (ConfUtils.java:logGet(46)) - raft.server.read.leader.lease.enabled = false (default)
2024-01-29 07:44:12,234 [9deec6a2-e137-4b51-9c1f-847336f03f34@group-B1678F363924-LeaderElection70] INFO  server.RaftServerConfigKeys (ConfUtils.java:logGet(46)) - raft.server.read.leader.lease.timeout.ratio = 0.9 (default)
2024-01-29 07:44:12,234 [9deec6a2-e137-4b51-9c1f-847336f03f34@group-B1678F363924-LeaderElection70] INFO  server.RaftServerConfigKeys (ConfUtils.java:logGet(46)) - raft.server.rpc.timeout.min = 5s (custom)
2024-01-29 07:44:12,234 [9deec6a2-e137-4b51-9c1f-847336f03f34@group-B1678F363924-LeaderElection70] INFO  server.RaftServerConfigKeys (ConfUtils.java:logGet(46)) - raft.server.write.element-limit = 1024 (custom)
2024-01-29 07:44:12,234 [9deec6a2-e137-4b51-9c1f-847336f03f34@group-B1678F363924-LeaderElection70] INFO  server.RaftServerConfigKeys (ConfUtils.java:logGet(46)) - raft.server.write.follower.gap.ratio.max = -1.0 (default)
2024-01-29 07:44:12,234 [9deec6a2-e137-4b51-9c1f-847336f03f34@group-B1678F363924-LeaderElection70] INFO  server.RaftServerConfigKeys (ConfUtils.java:logGet(46)) - raft.server.log.appender.snapshot.chunk.size.max = 16MB (=16777216) (default)
2024-01-29 07:44:12,234 [9deec6a2-e137-4b51-9c1f-847336f03f34@group-B1678F363924-LeaderElection70] INFO  server.RaftServerConfigKeys (ConfUtils.java:logGet(46)) - raft.server.log.appender.buffer.byte-limit = 8388608 (custom)
2024-01-29 07:44:12,234 [9deec6a2-e137-4b51-9c1f-847336f03f34@group-B1678F363924-LeaderElection70] INFO  server.RaftServerConfigKeys (ConfUtils.java:logGet(46)) - raft.server.log.appender.buffer.element-limit = 1 (custom)
2024-01-29 07:44:12,234 [9deec6a2-e137-4b51-9c1f-847336f03f34@group-B1678F363924-LeaderElection70] INFO  server.RaftServerConfigKeys (ConfUtils.java:logGet(46)) - raft.server.log.appender.wait-time.min = 0ms (custom)
2024-01-29 07:44:12,234 [9deec6a2-e137-4b51-9c1f-847336f03f34@group-B1678F363924-LeaderElection70] INFO  grpc.GrpcConfigKeys (ConfUtils.java:logGet(46)) - raft.grpc.server.leader.outstanding.appends.max = 8 (default)
2024-01-29 07:44:12,234 [9deec6a2-e137-4b51-9c1f-847336f03f34@group-B1678F363924-LeaderElection70] INFO  server.RaftServerConfigKeys (ConfUtils.java:logGet(46)) - raft.server.rpc.request.timeout = 3000ms (default)
2024-01-29 07:44:12,234 [9deec6a2-e137-4b51-9c1f-847336f03f34@group-B1678F363924-LeaderElection70] INFO  grpc.GrpcConfigKeys (ConfUtils.java:logGet(46)) - raft.grpc.server.install_snapshot.request.element-limit = 8 (default)
2024-01-29 07:44:12,234 [9deec6a2-e137-4b51-9c1f-847336f03f34@group-B1678F363924-LeaderElection70] INFO  grpc.GrpcConfigKeys (ConfUtils.java:logGet(46)) - raft.grpc.server.install_snapshot.request.timeout = 3000ms (default)
2024-01-29 07:44:12,235 [9deec6a2-e137-4b51-9c1f-847336f03f34@group-B1678F363924-LeaderElection70] INFO  grpc.GrpcConfigKeys (ConfUtils.java:logGet(46)) - raft.grpc.server.log-message.batch.duration = 5s (default)
2024-01-29 07:44:12,235 [9deec6a2-e137-4b51-9c1f-847336f03f34@group-B1678F363924-LeaderElection70] INFO  server.RaftServerConfigKeys (ConfUtils.java:logGet(46)) - raft.server.log.appender.install.snapshot.enabled = false (custom)
2024-01-29 07:44:12,235 [9deec6a2-e137-4b51-9c1f-847336f03f34@group-B1678F363924-LeaderElection70] INFO  grpc.GrpcConfigKeys (ConfUtils.java:logGet(46)) - raft.grpc.server.heartbeat.channel = true (default)
2024-01-29 07:44:12,235 [9deec6a2-e137-4b51-9c1f-847336f03f34@group-B1678F363924-LeaderElection70] INFO  server.RaftServerConfigKeys (ConfUtils.java:logGet(46)) - raft.server.log.appender.snapshot.chunk.size.max = 16MB (=16777216) (default)
2024-01-29 07:44:12,235 [9deec6a2-e137-4b51-9c1f-847336f03f34@group-B1678F363924-LeaderElection70] INFO  server.RaftServerConfigKeys (ConfUtils.java:logGet(46)) - raft.server.log.appender.buffer.byte-limit = 8388608 (custom)
2024-01-29 07:44:12,235 [9deec6a2-e137-4b51-9c1f-847336f03f34@group-B1678F363924-LeaderElection70] INFO  server.RaftServerConfigKeys (ConfUtils.java:logGet(46)) - raft.server.log.appender.buffer.element-limit = 1 (custom)
2024-01-29 07:44:12,235 [9deec6a2-e137-4b51-9c1f-847336f03f34@group-B1678F363924-LeaderElection70] INFO  server.RaftServerConfigKeys (ConfUtils.java:logGet(46)) - raft.server.log.appender.wait-time.min = 0ms (custom)
2024-01-29 07:44:12,235 [9deec6a2-e137-4b51-9c1f-847336f03f34@group-B1678F363924-LeaderElection70] INFO  grpc.GrpcConfigKeys (ConfUtils.java:logGet(46)) - raft.grpc.server.leader.outstanding.appends.max = 8 (default)
2024-01-29 07:44:12,235 [9deec6a2-e137-4b51-9c1f-847336f03f34@group-B1678F363924-LeaderElection70] INFO  server.RaftServerConfigKeys (ConfUtils.java:logGet(46)) - raft.server.rpc.request.timeout = 3000ms (default)
2024-01-29 07:44:12,235 [9deec6a2-e137-4b51-9c1f-847336f03f34@group-B1678F363924-LeaderElection70] INFO  grpc.GrpcConfigKeys (ConfUtils.java:logGet(46)) - raft.grpc.server.install_snapshot.request.element-limit = 8 (default)
2024-01-29 07:44:12,235 [9deec6a2-e137-4b51-9c1f-847336f03f34@group-B1678F363924-LeaderElection70] INFO  grpc.GrpcConfigKeys (ConfUtils.java:logGet(46)) - raft.grpc.server.install_snapshot.request.timeout = 3000ms (default)
2024-01-29 07:44:12,235 [9deec6a2-e137-4b51-9c1f-847336f03f34@group-B1678F363924-LeaderElection70] INFO  grpc.GrpcConfigKeys (ConfUtils.java:logGet(46)) - raft.grpc.server.log-message.batch.duration = 5s (default)
2024-01-29 07:44:12,235 [9deec6a2-e137-4b51-9c1f-847336f03f34@group-B1678F363924-LeaderElection70] INFO  server.RaftServerConfigKeys (ConfUtils.java:logGet(46)) - raft.server.log.appender.install.snapshot.enabled = false (custom)
2024-01-29 07:44:12,236 [9deec6a2-e137-4b51-9c1f-847336f03f34@group-B1678F363924-LeaderElection70] INFO  grpc.GrpcConfigKeys (ConfUtils.java:logGet(46)) - raft.grpc.server.heartbeat.channel = true (default)
2024-01-29 07:44:12,236 [9deec6a2-e137-4b51-9c1f-847336f03f34@group-B1678F363924-LeaderElection70] INFO  impl.RoleInfo (RoleInfo.java:updateAndGet(139)) - 9deec6a2-e137-4b51-9c1f-847336f03f34: start 9deec6a2-e137-4b51-9c1f-847336f03f34@group-B1678F363924-LeaderStateImpl
2024-01-29 07:44:12,236 [9deec6a2-e137-4b51-9c1f-847336f03f34@group-B1678F363924-LeaderElection70] INFO  server.RaftServer$Division (RaftServerImpl.java:setFirstElection(574)) - 9deec6a2-e137-4b51-9c1f-847336f03f34@group-B1678F363924: set firstElectionSinceStartup to false for becomeLeader
2024-01-29 07:44:12,236 [9deec6a2-e137-4b51-9c1f-847336f03f34@group-B1678F363924-LeaderElection70] INFO  ratis.XceiverServerRatis (XceiverServerRatis.java:handleLeaderChangedNotification(966)) - Leader change notification received for group: group-B1678F363924 with new leaderId: 9deec6a2-e137-4b51-9c1f-847336f03f34
2024-01-29 07:44:12,236 [9deec6a2-e137-4b51-9c1f-847336f03f34@group-B1678F363924-LeaderElection70] INFO  server.RaftServer$Division (ServerState.java:setLeader(269)) - 9deec6a2-e137-4b51-9c1f-847336f03f34@group-B1678F363924: change Leader from null to 9deec6a2-e137-4b51-9c1f-847336f03f34 at term 1 for becomeLeader, leader elected after 5037ms
2024-01-29 07:44:12,236 [9deec6a2-e137-4b51-9c1f-847336f03f34@group-B1678F363924-LeaderElection70] INFO  segmented.SegmentedRaftLogWorker (SegmentedRaftLogWorker.java:startLogSegment(430)) - 9deec6a2-e137-4b51-9c1f-847336f03f34@group-B1678F363924-SegmentedRaftLogWorker: Starting segment from index:0
2024-01-29 07:44:12,237 [9deec6a2-e137-4b51-9c1f-847336f03f34@group-B1678F363924-LeaderElection70] INFO  server.RaftServer$Division (ServerState.java:setRaftConf(386)) - 9deec6a2-e137-4b51-9c1f-847336f03f34@group-B1678F363924: set configuration 0: peers:[abb8ef56-980b-44e3-a149-c32b9999de28|10.1.0.7:15415, ae994d2b-07e5-4c7e-bc1d-199b697c7c17|10.1.0.7:15406, 9deec6a2-e137-4b51-9c1f-847336f03f34|10.1.0.7:15397]|listeners:[], old=null
2024-01-29 07:44:12,237 [9deec6a2-e137-4b51-9c1f-847336f03f34@group-B1678F363924-SegmentedRaftLogWorker] INFO  segmented.BufferedWriteChannel (BufferedWriteChannel.java:open(62)) - open log_inprogress_0 at position 0
2024-01-29 07:44:12,241 [abb8ef56-980b-44e3-a149-c32b9999de28-server-thread1] INFO  ratis.XceiverServerRatis (XceiverServerRatis.java:handleLeaderChangedNotification(966)) - Leader change notification received for group: group-B1678F363924 with new leaderId: 9deec6a2-e137-4b51-9c1f-847336f03f34
2024-01-29 07:44:12,241 [abb8ef56-980b-44e3-a149-c32b9999de28-server-thread1] INFO  server.RaftServer$Division (ServerState.java:setLeader(269)) - abb8ef56-980b-44e3-a149-c32b9999de28@group-B1678F363924: change Leader from null to 9deec6a2-e137-4b51-9c1f-847336f03f34 at term 1 for appendEntries, leader elected after 5025ms
2024-01-29 07:44:12,244 [EventQueue-PipelineReportForPipelineReportHandler] INFO  pipeline.PipelineReportHandler (PipelineReportHandler.java:processPipelineReport(136)) - Opened pipeline PipelineID=3ff0a7ac-1dd7-41e8-9796-b1678f363924
2024-01-29 07:44:12,245 [abb8ef56-980b-44e3-a149-c32b9999de28-server-thread2] INFO  server.RaftServer$Division (ServerState.java:setRaftConf(386)) - abb8ef56-980b-44e3-a149-c32b9999de28@group-B1678F363924: set configuration 0: peers:[abb8ef56-980b-44e3-a149-c32b9999de28|10.1.0.7:15415, ae994d2b-07e5-4c7e-bc1d-199b697c7c17|10.1.0.7:15406, 9deec6a2-e137-4b51-9c1f-847336f03f34|10.1.0.7:15397]|listeners:[], old=null
2024-01-29 07:44:12,246 [9deec6a2-e137-4b51-9c1f-847336f03f34@group-B1678F363924-SegmentedRaftLogWorker] INFO  segmented.SegmentedRaftLogWorker (SegmentedRaftLogWorker.java:execute(634)) - 9deec6a2-e137-4b51-9c1f-847336f03f34@group-B1678F363924-SegmentedRaftLogWorker: created new log segment /home/runner/work/ozone/ozone/hadoop-ozone/integration-test/target/test-dir/MiniOzoneClusterImpl-4c098651-5741-4b11-9e36-c6ca8da28866/datanode-3/data/ratis/3ff0a7ac-1dd7-41e8-9796-b1678f363924/current/log_inprogress_0
2024-01-29 07:44:12,246 [ae994d2b-07e5-4c7e-bc1d-199b697c7c17-server-thread1] INFO  ratis.XceiverServerRatis (XceiverServerRatis.java:handleLeaderChangedNotification(966)) - Leader change notification received for group: group-B1678F363924 with new leaderId: 9deec6a2-e137-4b51-9c1f-847336f03f34
2024-01-29 07:44:12,246 [abb8ef56-980b-44e3-a149-c32b9999de28-server-thread2] INFO  segmented.SegmentedRaftLogWorker (SegmentedRaftLogWorker.java:startLogSegment(430)) - abb8ef56-980b-44e3-a149-c32b9999de28@group-B1678F363924-SegmentedRaftLogWorker: Starting segment from index:0
2024-01-29 07:44:12,250 [ae994d2b-07e5-4c7e-bc1d-199b697c7c17-server-thread1] INFO  server.RaftServer$Division (ServerState.java:setLeader(269)) - ae994d2b-07e5-4c7e-bc1d-199b697c7c17@group-B1678F363924: change Leader from null to 9deec6a2-e137-4b51-9c1f-847336f03f34 at term 1 for appendEntries, leader elected after 5004ms
2024-01-29 07:44:12,250 [abb8ef56-980b-44e3-a149-c32b9999de28@group-B1678F363924-SegmentedRaftLogWorker] INFO  segmented.BufferedWriteChannel (BufferedWriteChannel.java:open(62)) - open log_inprogress_0 at position 0
2024-01-29 07:44:12,254 [ae994d2b-07e5-4c7e-bc1d-199b697c7c17-server-thread2] INFO  server.RaftServer$Division (ServerState.java:setRaftConf(386)) - ae994d2b-07e5-4c7e-bc1d-199b697c7c17@group-B1678F363924: set configuration 0: peers:[abb8ef56-980b-44e3-a149-c32b9999de28|10.1.0.7:15415, ae994d2b-07e5-4c7e-bc1d-199b697c7c17|10.1.0.7:15406, 9deec6a2-e137-4b51-9c1f-847336f03f34|10.1.0.7:15397]|listeners:[], old=null
2024-01-29 07:44:12,254 [ae994d2b-07e5-4c7e-bc1d-199b697c7c17-server-thread2] INFO  segmented.SegmentedRaftLogWorker (SegmentedRaftLogWorker.java:startLogSegment(430)) - ae994d2b-07e5-4c7e-bc1d-199b697c7c17@group-B1678F363924-SegmentedRaftLogWorker: Starting segment from index:0
2024-01-29 07:44:12,255 [ae994d2b-07e5-4c7e-bc1d-199b697c7c17@group-B1678F363924-SegmentedRaftLogWorker] INFO  segmented.BufferedWriteChannel (BufferedWriteChannel.java:open(62)) - open log_inprogress_0 at position 0
2024-01-29 07:44:12,264 [abb8ef56-980b-44e3-a149-c32b9999de28@group-B1678F363924-SegmentedRaftLogWorker] INFO  segmented.SegmentedRaftLogWorker (SegmentedRaftLogWorker.java:execute(634)) - abb8ef56-980b-44e3-a149-c32b9999de28@group-B1678F363924-SegmentedRaftLogWorker: created new log segment /home/runner/work/ozone/ozone/hadoop-ozone/integration-test/target/test-dir/MiniOzoneClusterImpl-4c098651-5741-4b11-9e36-c6ca8da28866/datanode-5/data/ratis/3ff0a7ac-1dd7-41e8-9796-b1678f363924/current/log_inprogress_0
2024-01-29 07:44:12,264 [ae994d2b-07e5-4c7e-bc1d-199b697c7c17@group-B1678F363924-SegmentedRaftLogWorker] INFO  segmented.SegmentedRaftLogWorker (SegmentedRaftLogWorker.java:execute(634)) - ae994d2b-07e5-4c7e-bc1d-199b697c7c17@group-B1678F363924-SegmentedRaftLogWorker: created new log segment /home/runner/work/ozone/ozone/hadoop-ozone/integration-test/target/test-dir/MiniOzoneClusterImpl-4c098651-5741-4b11-9e36-c6ca8da28866/datanode-4/data/ratis/3ff0a7ac-1dd7-41e8-9796-b1678f363924/current/log_inprogress_0
2024-01-29 07:44:12,266 [9deec6a2-e137-4b51-9c1f-847336f03f34@group-B1678F363924-StateMachineUpdater] INFO  server.RaftServer$Division (LeaderStateImpl.java:isApplied(320)) - leader is ready since appliedIndex == 0 >= startIndex == 0
2024-01-29 07:44:12,310 [52eee04e-2e21-4309-a40c-69540fbd71c9@group-0EBC06A0053F-FollowerState] INFO  impl.FollowerState (FollowerState.java:run(143)) - 52eee04e-2e21-4309-a40c-69540fbd71c9@group-0EBC06A0053F-FollowerState: change to CANDIDATE, lastRpcElapsedTime:5199663724ns, electionTimeout:5199ms
2024-01-29 07:44:12,310 [52eee04e-2e21-4309-a40c-69540fbd71c9@group-0EBC06A0053F-FollowerState] INFO  impl.RoleInfo (RoleInfo.java:shutdownFollowerState(110)) - 52eee04e-2e21-4309-a40c-69540fbd71c9: shutdown 52eee04e-2e21-4309-a40c-69540fbd71c9@group-0EBC06A0053F-FollowerState
2024-01-29 07:44:12,310 [52eee04e-2e21-4309-a40c-69540fbd71c9@group-0EBC06A0053F-FollowerState] INFO  server.RaftServer$Division (RaftServerImpl.java:setRole(383)) - 52eee04e-2e21-4309-a40c-69540fbd71c9@group-0EBC06A0053F: changes role from  FOLLOWER to CANDIDATE at term 0 for changeToCandidate
2024-01-29 07:44:12,310 [52eee04e-2e21-4309-a40c-69540fbd71c9@group-0EBC06A0053F-FollowerState] INFO  server.RaftServerConfigKeys (ConfUtils.java:logGet(46)) - raft.server.leaderelection.pre-vote = true (default)
2024-01-29 07:44:12,310 [52eee04e-2e21-4309-a40c-69540fbd71c9@group-0EBC06A0053F-FollowerState] INFO  impl.RoleInfo (RoleInfo.java:updateAndGet(139)) - 52eee04e-2e21-4309-a40c-69540fbd71c9: start 52eee04e-2e21-4309-a40c-69540fbd71c9@group-0EBC06A0053F-LeaderElection71
2024-01-29 07:44:12,312 [52eee04e-2e21-4309-a40c-69540fbd71c9@group-0EBC06A0053F-LeaderElection71] INFO  impl.LeaderElection (LeaderElection.java:askForVotes(321)) - 52eee04e-2e21-4309-a40c-69540fbd71c9@group-0EBC06A0053F-LeaderElection71 PRE_VOTE round 0: submit vote requests at term 0 for -1: peers:[52eee04e-2e21-4309-a40c-69540fbd71c9|10.1.0.7:15388]|listeners:[], old=null
2024-01-29 07:44:12,312 [52eee04e-2e21-4309-a40c-69540fbd71c9@group-0EBC06A0053F-LeaderElection71] INFO  impl.LeaderElection (LeaderElection.java:askForVotes(323)) - 52eee04e-2e21-4309-a40c-69540fbd71c9@group-0EBC06A0053F-LeaderElection71 PRE_VOTE round 0: result PASSED (term=0)
2024-01-29 07:44:12,313 [52eee04e-2e21-4309-a40c-69540fbd71c9@group-0EBC06A0053F-LeaderElection71] INFO  impl.LeaderElection (LeaderElection.java:askForVotes(321)) - 52eee04e-2e21-4309-a40c-69540fbd71c9@group-0EBC06A0053F-LeaderElection71 ELECTION round 0: submit vote requests at term 1 for -1: peers:[52eee04e-2e21-4309-a40c-69540fbd71c9|10.1.0.7:15388]|listeners:[], old=null
2024-01-29 07:44:12,313 [52eee04e-2e21-4309-a40c-69540fbd71c9@group-0EBC06A0053F-LeaderElection71] INFO  impl.LeaderElection (LeaderElection.java:askForVotes(323)) - 52eee04e-2e21-4309-a40c-69540fbd71c9@group-0EBC06A0053F-LeaderElection71 ELECTION round 0: result PASSED (term=1)
2024-01-29 07:44:12,314 [52eee04e-2e21-4309-a40c-69540fbd71c9@group-0EBC06A0053F-LeaderElection71] INFO  impl.RoleInfo (RoleInfo.java:shutdownLeaderElection(130)) - 52eee04e-2e21-4309-a40c-69540fbd71c9: shutdown 52eee04e-2e21-4309-a40c-69540fbd71c9@group-0EBC06A0053F-LeaderElection71
2024-01-29 07:44:12,314 [52eee04e-2e21-4309-a40c-69540fbd71c9@group-0EBC06A0053F-LeaderElection71] INFO  server.RaftServer$Division (RaftServerImpl.java:setRole(383)) - 52eee04e-2e21-4309-a40c-69540fbd71c9@group-0EBC06A0053F: changes role from CANDIDATE to LEADER at term 1 for changeToLeader
2024-01-29 07:44:12,314 [52eee04e-2e21-4309-a40c-69540fbd71c9@group-0EBC06A0053F-LeaderElection71] INFO  server.RaftServerConfigKeys (ConfUtils.java:logGet(46)) - raft.server.staging.catchup.gap = 1000 (default)
2024-01-29 07:44:12,314 [52eee04e-2e21-4309-a40c-69540fbd71c9@group-0EBC06A0053F-LeaderElection71] INFO  server.RaftServerConfigKeys (ConfUtils.java:logGet(46)) - raft.server.write.element-limit = 1024 (custom)
2024-01-29 07:44:12,314 [52eee04e-2e21-4309-a40c-69540fbd71c9@group-0EBC06A0053F-LeaderElection71] INFO  server.RaftServerConfigKeys (ConfUtils.java:logGet(46)) - raft.server.write.byte-limit = 1024 M (=1073741824) (custom)
2024-01-29 07:44:12,314 [52eee04e-2e21-4309-a40c-69540fbd71c9@group-0EBC06A0053F-LeaderElection71] INFO  server.RaftServerConfigKeys (ConfUtils.java:logGet(46)) - raft.server.watch.timeout = 3000ms (custom)
2024-01-29 07:44:12,314 [52eee04e-2e21-4309-a40c-69540fbd71c9@group-0EBC06A0053F-LeaderElection71] INFO  server.RaftServerConfigKeys (ConfUtils.java:logGet(46)) - raft.server.watch.timeout.denomination = 1s (default)
2024-01-29 07:44:12,314 [52eee04e-2e21-4309-a40c-69540fbd71c9@group-0EBC06A0053F-LeaderElection71] INFO  server.RaftServerConfigKeys (ConfUtils.java:logGet(46)) - raft.server.watch.element-limit = 65536 (default)
2024-01-29 07:44:12,314 [52eee04e-2e21-4309-a40c-69540fbd71c9@group-0EBC06A0053F-LeaderElection71] INFO  server.RaftServerConfigKeys (ConfUtils.java:logGet(46)) - raft.server.read.leader.lease.enabled = false (default)
2024-01-29 07:44:12,314 [52eee04e-2e21-4309-a40c-69540fbd71c9@group-0EBC06A0053F-LeaderElection71] INFO  server.RaftServerConfigKeys (ConfUtils.java:logGet(46)) - raft.server.read.leader.lease.timeout.ratio = 0.9 (default)
2024-01-29 07:44:12,314 [52eee04e-2e21-4309-a40c-69540fbd71c9@group-0EBC06A0053F-LeaderElection71] INFO  server.RaftServerConfigKeys (ConfUtils.java:logGet(46)) - raft.server.rpc.timeout.min = 5s (custom)
2024-01-29 07:44:12,314 [52eee04e-2e21-4309-a40c-69540fbd71c9@group-0EBC06A0053F-LeaderElection71] INFO  server.RaftServerConfigKeys (ConfUtils.java:logGet(46)) - raft.server.write.element-limit = 1024 (custom)
2024-01-29 07:44:12,314 [52eee04e-2e21-4309-a40c-69540fbd71c9@group-0EBC06A0053F-LeaderElection71] INFO  server.RaftServerConfigKeys (ConfUtils.java:logGet(46)) - raft.server.write.follower.gap.ratio.max = -1.0 (default)
2024-01-29 07:44:12,314 [52eee04e-2e21-4309-a40c-69540fbd71c9@group-0EBC06A0053F-LeaderElection71] INFO  impl.RoleInfo (RoleInfo.java:updateAndGet(139)) - 52eee04e-2e21-4309-a40c-69540fbd71c9: start 52eee04e-2e21-4309-a40c-69540fbd71c9@group-0EBC06A0053F-LeaderStateImpl
2024-01-29 07:44:12,314 [52eee04e-2e21-4309-a40c-69540fbd71c9@group-0EBC06A0053F-LeaderElection71] INFO  server.RaftServer$Division (RaftServerImpl.java:setFirstElection(574)) - 52eee04e-2e21-4309-a40c-69540fbd71c9@group-0EBC06A0053F: set firstElectionSinceStartup to false for becomeLeader
2024-01-29 07:44:12,314 [52eee04e-2e21-4309-a40c-69540fbd71c9@group-0EBC06A0053F-LeaderElection71] INFO  ratis.XceiverServerRatis (XceiverServerRatis.java:handleLeaderChangedNotification(966)) - Leader change notification received for group: group-0EBC06A0053F with new leaderId: 52eee04e-2e21-4309-a40c-69540fbd71c9
2024-01-29 07:44:12,314 [52eee04e-2e21-4309-a40c-69540fbd71c9@group-0EBC06A0053F-LeaderElection71] INFO  server.RaftServer$Division (ServerState.java:setLeader(269)) - 52eee04e-2e21-4309-a40c-69540fbd71c9@group-0EBC06A0053F: change Leader from null to 52eee04e-2e21-4309-a40c-69540fbd71c9 at term 1 for becomeLeader, leader elected after 5215ms
2024-01-29 07:44:12,315 [52eee04e-2e21-4309-a40c-69540fbd71c9@group-0EBC06A0053F-LeaderElection71] INFO  segmented.SegmentedRaftLogWorker (SegmentedRaftLogWorker.java:startLogSegment(430)) - 52eee04e-2e21-4309-a40c-69540fbd71c9@group-0EBC06A0053F-SegmentedRaftLogWorker: Starting segment from index:0
2024-01-29 07:44:12,316 [52eee04e-2e21-4309-a40c-69540fbd71c9@group-0EBC06A0053F-LeaderElection71] INFO  server.RaftServer$Division (ServerState.java:setRaftConf(386)) - 52eee04e-2e21-4309-a40c-69540fbd71c9@group-0EBC06A0053F: set configuration 0: peers:[52eee04e-2e21-4309-a40c-69540fbd71c9|10.1.0.7:15388]|listeners:[], old=null
2024-01-29 07:44:12,316 [52eee04e-2e21-4309-a40c-69540fbd71c9@group-0EBC06A0053F-SegmentedRaftLogWorker] INFO  segmented.BufferedWriteChannel (BufferedWriteChannel.java:open(62)) - open log_inprogress_0 at position 0
2024-01-29 07:44:12,323 [52eee04e-2e21-4309-a40c-69540fbd71c9@group-0EBC06A0053F-SegmentedRaftLogWorker] INFO  segmented.SegmentedRaftLogWorker (SegmentedRaftLogWorker.java:execute(634)) - 52eee04e-2e21-4309-a40c-69540fbd71c9@group-0EBC06A0053F-SegmentedRaftLogWorker: created new log segment /home/runner/work/ozone/ozone/hadoop-ozone/integration-test/target/test-dir/MiniOzoneClusterImpl-4c098651-5741-4b11-9e36-c6ca8da28866/datanode-2/data/ratis/a3fccd0d-ee53-4aff-9e78-0ebc06a0053f/current/log_inprogress_0
2024-01-29 07:44:12,324 [52eee04e-2e21-4309-a40c-69540fbd71c9@group-0EBC06A0053F-StateMachineUpdater] INFO  server.RaftServer$Division (LeaderStateImpl.java:isApplied(320)) - leader is ready since appliedIndex == 0 >= startIndex == 0
2024-01-29 07:44:12,374 [abb8ef56-980b-44e3-a149-c32b9999de28@group-C43A03F49808-FollowerState] INFO  impl.FollowerState (FollowerState.java:run(143)) - abb8ef56-980b-44e3-a149-c32b9999de28@group-C43A03F49808-FollowerState: change to CANDIDATE, lastRpcElapsedTime:5005372053ns, electionTimeout:5005ms
2024-01-29 07:44:12,374 [abb8ef56-980b-44e3-a149-c32b9999de28@group-C43A03F49808-FollowerState] INFO  impl.RoleInfo (RoleInfo.java:shutdownFollowerState(110)) - abb8ef56-980b-44e3-a149-c32b9999de28: shutdown abb8ef56-980b-44e3-a149-c32b9999de28@group-C43A03F49808-FollowerState
2024-01-29 07:44:12,374 [abb8ef56-980b-44e3-a149-c32b9999de28@group-C43A03F49808-FollowerState] INFO  server.RaftServer$Division (RaftServerImpl.java:setRole(383)) - abb8ef56-980b-44e3-a149-c32b9999de28@group-C43A03F49808: changes role from  FOLLOWER to CANDIDATE at term 0 for changeToCandidate
2024-01-29 07:44:12,375 [abb8ef56-980b-44e3-a149-c32b9999de28@group-C43A03F49808-FollowerState] INFO  server.RaftServerConfigKeys (ConfUtils.java:logGet(46)) - raft.server.leaderelection.pre-vote = true (default)
2024-01-29 07:44:12,375 [abb8ef56-980b-44e3-a149-c32b9999de28@group-C43A03F49808-FollowerState] INFO  impl.RoleInfo (RoleInfo.java:updateAndGet(139)) - abb8ef56-980b-44e3-a149-c32b9999de28: start abb8ef56-980b-44e3-a149-c32b9999de28@group-C43A03F49808-LeaderElection72
2024-01-29 07:44:12,377 [abb8ef56-980b-44e3-a149-c32b9999de28@group-C43A03F49808-LeaderElection72] INFO  impl.LeaderElection (LeaderElection.java:askForVotes(321)) - abb8ef56-980b-44e3-a149-c32b9999de28@group-C43A03F49808-LeaderElection72 PRE_VOTE round 0: submit vote requests at term 0 for -1: peers:[abb8ef56-980b-44e3-a149-c32b9999de28|10.1.0.7:15415]|listeners:[], old=null
2024-01-29 07:44:12,377 [abb8ef56-980b-44e3-a149-c32b9999de28@group-C43A03F49808-LeaderElection72] INFO  impl.LeaderElection (LeaderElection.java:askForVotes(323)) - abb8ef56-980b-44e3-a149-c32b9999de28@group-C43A03F49808-LeaderElection72 PRE_VOTE round 0: result PASSED (term=0)
2024-01-29 07:44:12,378 [abb8ef56-980b-44e3-a149-c32b9999de28@group-C43A03F49808-LeaderElection72] INFO  impl.LeaderElection (LeaderElection.java:askForVotes(321)) - abb8ef56-980b-44e3-a149-c32b9999de28@group-C43A03F49808-LeaderElection72 ELECTION round 0: submit vote requests at term 1 for -1: peers:[abb8ef56-980b-44e3-a149-c32b9999de28|10.1.0.7:15415]|listeners:[], old=null
2024-01-29 07:44:12,378 [abb8ef56-980b-44e3-a149-c32b9999de28@group-C43A03F49808-LeaderElection72] INFO  impl.LeaderElection (LeaderElection.java:askForVotes(323)) - abb8ef56-980b-44e3-a149-c32b9999de28@group-C43A03F49808-LeaderElection72 ELECTION round 0: result PASSED (term=1)
2024-01-29 07:44:12,378 [abb8ef56-980b-44e3-a149-c32b9999de28@group-C43A03F49808-LeaderElection72] INFO  impl.RoleInfo (RoleInfo.java:shutdownLeaderElection(130)) - abb8ef56-980b-44e3-a149-c32b9999de28: shutdown abb8ef56-980b-44e3-a149-c32b9999de28@group-C43A03F49808-LeaderElection72
2024-01-29 07:44:12,378 [abb8ef56-980b-44e3-a149-c32b9999de28@group-C43A03F49808-LeaderElection72] INFO  server.RaftServer$Division (RaftServerImpl.java:setRole(383)) - abb8ef56-980b-44e3-a149-c32b9999de28@group-C43A03F49808: changes role from CANDIDATE to LEADER at term 1 for changeToLeader
2024-01-29 07:44:12,378 [abb8ef56-980b-44e3-a149-c32b9999de28@group-C43A03F49808-LeaderElection72] INFO  server.RaftServerConfigKeys (ConfUtils.java:logGet(46)) - raft.server.staging.catchup.gap = 1000 (default)
2024-01-29 07:44:12,378 [abb8ef56-980b-44e3-a149-c32b9999de28@group-C43A03F49808-LeaderElection72] INFO  server.RaftServerConfigKeys (ConfUtils.java:logGet(46)) - raft.server.write.element-limit = 1024 (custom)
2024-01-29 07:44:12,378 [abb8ef56-980b-44e3-a149-c32b9999de28@group-C43A03F49808-LeaderElection72] INFO  server.RaftServerConfigKeys (ConfUtils.java:logGet(46)) - raft.server.write.byte-limit = 1024 M (=1073741824) (custom)
2024-01-29 07:44:12,379 [abb8ef56-980b-44e3-a149-c32b9999de28@group-C43A03F49808-LeaderElection72] INFO  server.RaftServerConfigKeys (ConfUtils.java:logGet(46)) - raft.server.watch.timeout = 3000ms (custom)
2024-01-29 07:44:12,379 [abb8ef56-980b-44e3-a149-c32b9999de28@group-C43A03F49808-LeaderElection72] INFO  server.RaftServerConfigKeys (ConfUtils.java:logGet(46)) - raft.server.watch.timeout.denomination = 1s (default)
2024-01-29 07:44:12,379 [abb8ef56-980b-44e3-a149-c32b9999de28@group-C43A03F49808-LeaderElection72] INFO  server.RaftServerConfigKeys (ConfUtils.java:logGet(46)) - raft.server.watch.element-limit = 65536 (default)
2024-01-29 07:44:12,379 [abb8ef56-980b-44e3-a149-c32b9999de28@group-C43A03F49808-LeaderElection72] INFO  server.RaftServerConfigKeys (ConfUtils.java:logGet(46)) - raft.server.read.leader.lease.enabled = false (default)
2024-01-29 07:44:12,379 [abb8ef56-980b-44e3-a149-c32b9999de28@group-C43A03F49808-LeaderElection72] INFO  server.RaftServerConfigKeys (ConfUtils.java:logGet(46)) - raft.server.read.leader.lease.timeout.ratio = 0.9 (default)
2024-01-29 07:44:12,379 [abb8ef56-980b-44e3-a149-c32b9999de28@group-C43A03F49808-LeaderElection72] INFO  server.RaftServerConfigKeys (ConfUtils.java:logGet(46)) - raft.server.rpc.timeout.min = 5s (custom)
2024-01-29 07:44:12,379 [abb8ef56-980b-44e3-a149-c32b9999de28@group-C43A03F49808-LeaderElection72] INFO  server.RaftServerConfigKeys (ConfUtils.java:logGet(46)) - raft.server.write.element-limit = 1024 (custom)
2024-01-29 07:44:12,379 [abb8ef56-980b-44e3-a149-c32b9999de28@group-C43A03F49808-LeaderElection72] INFO  server.RaftServerConfigKeys (ConfUtils.java:logGet(46)) - raft.server.write.follower.gap.ratio.max = -1.0 (default)
2024-01-29 07:44:12,379 [abb8ef56-980b-44e3-a149-c32b9999de28@group-C43A03F49808-LeaderElection72] INFO  impl.RoleInfo (RoleInfo.java:updateAndGet(139)) - abb8ef56-980b-44e3-a149-c32b9999de28: start abb8ef56-980b-44e3-a149-c32b9999de28@group-C43A03F49808-LeaderStateImpl
2024-01-29 07:44:12,379 [abb8ef56-980b-44e3-a149-c32b9999de28@group-C43A03F49808-LeaderElection72] INFO  server.RaftServer$Division (RaftServerImpl.java:setFirstElection(574)) - abb8ef56-980b-44e3-a149-c32b9999de28@group-C43A03F49808: set firstElectionSinceStartup to false for becomeLeader
2024-01-29 07:44:12,379 [abb8ef56-980b-44e3-a149-c32b9999de28@group-C43A03F49808-LeaderElection72] INFO  ratis.XceiverServerRatis (XceiverServerRatis.java:handleLeaderChangedNotification(966)) - Leader change notification received for group: group-C43A03F49808 with new leaderId: abb8ef56-980b-44e3-a149-c32b9999de28
2024-01-29 07:44:12,379 [abb8ef56-980b-44e3-a149-c32b9999de28@group-C43A03F49808-LeaderElection72] INFO  server.RaftServer$Division (ServerState.java:setLeader(269)) - abb8ef56-980b-44e3-a149-c32b9999de28@group-C43A03F49808: change Leader from null to abb8ef56-980b-44e3-a149-c32b9999de28 at term 1 for becomeLeader, leader elected after 5017ms
2024-01-29 07:44:12,379 [abb8ef56-980b-44e3-a149-c32b9999de28@group-C43A03F49808-LeaderElection72] INFO  segmented.SegmentedRaftLogWorker (SegmentedRaftLogWorker.java:startLogSegment(430)) - abb8ef56-980b-44e3-a149-c32b9999de28@group-C43A03F49808-SegmentedRaftLogWorker: Starting segment from index:0
2024-01-29 07:44:12,380 [abb8ef56-980b-44e3-a149-c32b9999de28@group-C43A03F49808-LeaderElection72] INFO  server.RaftServer$Division (ServerState.java:setRaftConf(386)) - abb8ef56-980b-44e3-a149-c32b9999de28@group-C43A03F49808: set configuration 0: peers:[abb8ef56-980b-44e3-a149-c32b9999de28|10.1.0.7:15415]|listeners:[], old=null
2024-01-29 07:44:12,380 [abb8ef56-980b-44e3-a149-c32b9999de28@group-C43A03F49808-SegmentedRaftLogWorker] INFO  segmented.BufferedWriteChannel (BufferedWriteChannel.java:open(62)) - open log_inprogress_0 at position 0
2024-01-29 07:44:12,387 [abb8ef56-980b-44e3-a149-c32b9999de28@group-C43A03F49808-SegmentedRaftLogWorker] INFO  segmented.SegmentedRaftLogWorker (SegmentedRaftLogWorker.java:execute(634)) - abb8ef56-980b-44e3-a149-c32b9999de28@group-C43A03F49808-SegmentedRaftLogWorker: created new log segment /home/runner/work/ozone/ozone/hadoop-ozone/integration-test/target/test-dir/MiniOzoneClusterImpl-4c098651-5741-4b11-9e36-c6ca8da28866/datanode-5/data/ratis/04d89e2a-8821-40c7-baea-c43a03f49808/current/log_inprogress_0
2024-01-29 07:44:12,388 [abb8ef56-980b-44e3-a149-c32b9999de28@group-C43A03F49808-StateMachineUpdater] INFO  server.RaftServer$Division (LeaderStateImpl.java:isApplied(320)) - leader is ready since appliedIndex == 0 >= startIndex == 0
2024-01-29 07:44:12,431 [ae994d2b-07e5-4c7e-bc1d-199b697c7c17@group-B905D216D3AE-FollowerState] INFO  impl.FollowerState (FollowerState.java:run(143)) - ae994d2b-07e5-4c7e-bc1d-199b697c7c17@group-B905D216D3AE-FollowerState: change to CANDIDATE, lastRpcElapsedTime:5155367078ns, electionTimeout:5155ms
2024-01-29 07:44:12,431 [ae994d2b-07e5-4c7e-bc1d-199b697c7c17@group-B905D216D3AE-FollowerState] INFO  impl.RoleInfo (RoleInfo.java:shutdownFollowerState(110)) - ae994d2b-07e5-4c7e-bc1d-199b697c7c17: shutdown ae994d2b-07e5-4c7e-bc1d-199b697c7c17@group-B905D216D3AE-FollowerState
2024-01-29 07:44:12,431 [ae994d2b-07e5-4c7e-bc1d-199b697c7c17@group-B905D216D3AE-FollowerState] INFO  server.RaftServer$Division (RaftServerImpl.java:setRole(383)) - ae994d2b-07e5-4c7e-bc1d-199b697c7c17@group-B905D216D3AE: changes role from  FOLLOWER to CANDIDATE at term 0 for changeToCandidate
2024-01-29 07:44:12,431 [ae994d2b-07e5-4c7e-bc1d-199b697c7c17@group-B905D216D3AE-FollowerState] INFO  server.RaftServerConfigKeys (ConfUtils.java:logGet(46)) - raft.server.leaderelection.pre-vote = true (default)
2024-01-29 07:44:12,431 [ae994d2b-07e5-4c7e-bc1d-199b697c7c17@group-B905D216D3AE-FollowerState] INFO  impl.RoleInfo (RoleInfo.java:updateAndGet(139)) - ae994d2b-07e5-4c7e-bc1d-199b697c7c17: start ae994d2b-07e5-4c7e-bc1d-199b697c7c17@group-B905D216D3AE-LeaderElection73
2024-01-29 07:44:12,433 [ae994d2b-07e5-4c7e-bc1d-199b697c7c17@group-B905D216D3AE-LeaderElection73] INFO  impl.LeaderElection (LeaderElection.java:askForVotes(321)) - ae994d2b-07e5-4c7e-bc1d-199b697c7c17@group-B905D216D3AE-LeaderElection73 PRE_VOTE round 0: submit vote requests at term 0 for -1: peers:[ae994d2b-07e5-4c7e-bc1d-199b697c7c17|10.1.0.7:15406]|listeners:[], old=null
2024-01-29 07:44:12,434 [ae994d2b-07e5-4c7e-bc1d-199b697c7c17@group-B905D216D3AE-LeaderElection73] INFO  impl.LeaderElection (LeaderElection.java:askForVotes(323)) - ae994d2b-07e5-4c7e-bc1d-199b697c7c17@group-B905D216D3AE-LeaderElection73 PRE_VOTE round 0: result PASSED (term=0)
2024-01-29 07:44:12,435 [ae994d2b-07e5-4c7e-bc1d-199b697c7c17@group-B905D216D3AE-LeaderElection73] INFO  impl.LeaderElection (LeaderElection.java:askForVotes(321)) - ae994d2b-07e5-4c7e-bc1d-199b697c7c17@group-B905D216D3AE-LeaderElection73 ELECTION round 0: submit vote requests at term 1 for -1: peers:[ae994d2b-07e5-4c7e-bc1d-199b697c7c17|10.1.0.7:15406]|listeners:[], old=null
2024-01-29 07:44:12,435 [ae994d2b-07e5-4c7e-bc1d-199b697c7c17@group-B905D216D3AE-LeaderElection73] INFO  impl.LeaderElection (LeaderElection.java:askForVotes(323)) - ae994d2b-07e5-4c7e-bc1d-199b697c7c17@group-B905D216D3AE-LeaderElection73 ELECTION round 0: result PASSED (term=1)
2024-01-29 07:44:12,435 [ae994d2b-07e5-4c7e-bc1d-199b697c7c17@group-B905D216D3AE-LeaderElection73] INFO  impl.RoleInfo (RoleInfo.java:shutdownLeaderElection(130)) - ae994d2b-07e5-4c7e-bc1d-199b697c7c17: shutdown ae994d2b-07e5-4c7e-bc1d-199b697c7c17@group-B905D216D3AE-LeaderElection73
2024-01-29 07:44:12,435 [ae994d2b-07e5-4c7e-bc1d-199b697c7c17@group-B905D216D3AE-LeaderElection73] INFO  server.RaftServer$Division (RaftServerImpl.java:setRole(383)) - ae994d2b-07e5-4c7e-bc1d-199b697c7c17@group-B905D216D3AE: changes role from CANDIDATE to LEADER at term 1 for changeToLeader
2024-01-29 07:44:12,435 [ae994d2b-07e5-4c7e-bc1d-199b697c7c17@group-B905D216D3AE-LeaderElection73] INFO  server.RaftServerConfigKeys (ConfUtils.java:logGet(46)) - raft.server.staging.catchup.gap = 1000 (default)
2024-01-29 07:44:12,435 [ae994d2b-07e5-4c7e-bc1d-199b697c7c17@group-B905D216D3AE-LeaderElection73] INFO  server.RaftServerConfigKeys (ConfUtils.java:logGet(46)) - raft.server.write.element-limit = 1024 (custom)
2024-01-29 07:44:12,435 [ae994d2b-07e5-4c7e-bc1d-199b697c7c17@group-B905D216D3AE-LeaderElection73] INFO  server.RaftServerConfigKeys (ConfUtils.java:logGet(46)) - raft.server.write.byte-limit = 1024 M (=1073741824) (custom)
2024-01-29 07:44:12,435 [ae994d2b-07e5-4c7e-bc1d-199b697c7c17@group-B905D216D3AE-LeaderElection73] INFO  server.RaftServerConfigKeys (ConfUtils.java:logGet(46)) - raft.server.watch.timeout = 3000ms (custom)
2024-01-29 07:44:12,435 [ae994d2b-07e5-4c7e-bc1d-199b697c7c17@group-B905D216D3AE-LeaderElection73] INFO  server.RaftServerConfigKeys (ConfUtils.java:logGet(46)) - raft.server.watch.timeout.denomination = 1s (default)
2024-01-29 07:44:12,435 [ae994d2b-07e5-4c7e-bc1d-199b697c7c17@group-B905D216D3AE-LeaderElection73] INFO  server.RaftServerConfigKeys (ConfUtils.java:logGet(46)) - raft.server.watch.element-limit = 65536 (default)
2024-01-29 07:44:12,435 [ae994d2b-07e5-4c7e-bc1d-199b697c7c17@group-B905D216D3AE-LeaderElection73] INFO  server.RaftServerConfigKeys (ConfUtils.java:logGet(46)) - raft.server.read.leader.lease.enabled = false (default)
2024-01-29 07:44:12,435 [ae994d2b-07e5-4c7e-bc1d-199b697c7c17@group-B905D216D3AE-LeaderElection73] INFO  server.RaftServerConfigKeys (ConfUtils.java:logGet(46)) - raft.server.read.leader.lease.timeout.ratio = 0.9 (default)
2024-01-29 07:44:12,435 [ae994d2b-07e5-4c7e-bc1d-199b697c7c17@group-B905D216D3AE-LeaderElection73] INFO  server.RaftServerConfigKeys (ConfUtils.java:logGet(46)) - raft.server.rpc.timeout.min = 5s (custom)
2024-01-29 07:44:12,435 [ae994d2b-07e5-4c7e-bc1d-199b697c7c17@group-B905D216D3AE-LeaderElection73] INFO  server.RaftServerConfigKeys (ConfUtils.java:logGet(46)) - raft.server.write.element-limit = 1024 (custom)
2024-01-29 07:44:12,435 [ae994d2b-07e5-4c7e-bc1d-199b697c7c17@group-B905D216D3AE-LeaderElection73] INFO  server.RaftServerConfigKeys (ConfUtils.java:logGet(46)) - raft.server.write.follower.gap.ratio.max = -1.0 (default)
2024-01-29 07:44:12,435 [ae994d2b-07e5-4c7e-bc1d-199b697c7c17@group-B905D216D3AE-LeaderElection73] INFO  impl.RoleInfo (RoleInfo.java:updateAndGet(139)) - ae994d2b-07e5-4c7e-bc1d-199b697c7c17: start ae994d2b-07e5-4c7e-bc1d-199b697c7c17@group-B905D216D3AE-LeaderStateImpl
2024-01-29 07:44:12,435 [ae994d2b-07e5-4c7e-bc1d-199b697c7c17@group-B905D216D3AE-LeaderElection73] INFO  server.RaftServer$Division (RaftServerImpl.java:setFirstElection(574)) - ae994d2b-07e5-4c7e-bc1d-199b697c7c17@group-B905D216D3AE: set firstElectionSinceStartup to false for becomeLeader
2024-01-29 07:44:12,435 [ae994d2b-07e5-4c7e-bc1d-199b697c7c17@group-B905D216D3AE-LeaderElection73] INFO  ratis.XceiverServerRatis (XceiverServerRatis.java:handleLeaderChangedNotification(966)) - Leader change notification received for group: group-B905D216D3AE with new leaderId: ae994d2b-07e5-4c7e-bc1d-199b697c7c17
2024-01-29 07:44:12,436 [ae994d2b-07e5-4c7e-bc1d-199b697c7c17@group-B905D216D3AE-LeaderElection73] INFO  server.RaftServer$Division (ServerState.java:setLeader(269)) - ae994d2b-07e5-4c7e-bc1d-199b697c7c17@group-B905D216D3AE: change Leader from null to ae994d2b-07e5-4c7e-bc1d-199b697c7c17 at term 1 for becomeLeader, leader elected after 5169ms
2024-01-29 07:44:12,436 [ae994d2b-07e5-4c7e-bc1d-199b697c7c17@group-B905D216D3AE-LeaderElection73] INFO  segmented.SegmentedRaftLogWorker (SegmentedRaftLogWorker.java:startLogSegment(430)) - ae994d2b-07e5-4c7e-bc1d-199b697c7c17@group-B905D216D3AE-SegmentedRaftLogWorker: Starting segment from index:0
2024-01-29 07:44:12,437 [ae994d2b-07e5-4c7e-bc1d-199b697c7c17@group-B905D216D3AE-LeaderElection73] INFO  server.RaftServer$Division (ServerState.java:setRaftConf(386)) - ae994d2b-07e5-4c7e-bc1d-199b697c7c17@group-B905D216D3AE: set configuration 0: peers:[ae994d2b-07e5-4c7e-bc1d-199b697c7c17|10.1.0.7:15406]|listeners:[], old=null
2024-01-29 07:44:12,437 [ae994d2b-07e5-4c7e-bc1d-199b697c7c17@group-B905D216D3AE-SegmentedRaftLogWorker] INFO  segmented.BufferedWriteChannel (BufferedWriteChannel.java:open(62)) - open log_inprogress_0 at position 0
2024-01-29 07:44:12,448 [ae994d2b-07e5-4c7e-bc1d-199b697c7c17@group-B905D216D3AE-SegmentedRaftLogWorker] INFO  segmented.SegmentedRaftLogWorker (SegmentedRaftLogWorker.java:execute(634)) - ae994d2b-07e5-4c7e-bc1d-199b697c7c17@group-B905D216D3AE-SegmentedRaftLogWorker: created new log segment /home/runner/work/ozone/ozone/hadoop-ozone/integration-test/target/test-dir/MiniOzoneClusterImpl-4c098651-5741-4b11-9e36-c6ca8da28866/datanode-4/data/ratis/88303a32-9181-4b9f-ae97-b905d216d3ae/current/log_inprogress_0
2024-01-29 07:44:12,450 [ae994d2b-07e5-4c7e-bc1d-199b697c7c17@group-B905D216D3AE-StateMachineUpdater] INFO  server.RaftServer$Division (LeaderStateImpl.java:isApplied(320)) - leader is ready since appliedIndex == 0 >= startIndex == 0
2024-01-29 07:44:12,608 [2532b31c-22c5-467b-a3b6-d3baa4dde6c4@group-1941C1C038EC-FollowerState] INFO  impl.FollowerState (FollowerState.java:run(143)) - 2532b31c-22c5-467b-a3b6-d3baa4dde6c4@group-1941C1C038EC-FollowerState: change to CANDIDATE, lastRpcElapsedTime:5138769359ns, electionTimeout:5138ms
2024-01-29 07:44:12,609 [2532b31c-22c5-467b-a3b6-d3baa4dde6c4@group-1941C1C038EC-FollowerState] INFO  impl.RoleInfo (RoleInfo.java:shutdownFollowerState(110)) - 2532b31c-22c5-467b-a3b6-d3baa4dde6c4: shutdown 2532b31c-22c5-467b-a3b6-d3baa4dde6c4@group-1941C1C038EC-FollowerState
2024-01-29 07:44:12,609 [2532b31c-22c5-467b-a3b6-d3baa4dde6c4@group-1941C1C038EC-FollowerState] INFO  server.RaftServer$Division (RaftServerImpl.java:setRole(383)) - 2532b31c-22c5-467b-a3b6-d3baa4dde6c4@group-1941C1C038EC: changes role from  FOLLOWER to CANDIDATE at term 0 for changeToCandidate
2024-01-29 07:44:12,609 [2532b31c-22c5-467b-a3b6-d3baa4dde6c4@group-1941C1C038EC-FollowerState] INFO  server.RaftServerConfigKeys (ConfUtils.java:logGet(46)) - raft.server.leaderelection.pre-vote = true (default)
2024-01-29 07:44:12,609 [2532b31c-22c5-467b-a3b6-d3baa4dde6c4@group-1941C1C038EC-FollowerState] INFO  impl.RoleInfo (RoleInfo.java:updateAndGet(139)) - 2532b31c-22c5-467b-a3b6-d3baa4dde6c4: start 2532b31c-22c5-467b-a3b6-d3baa4dde6c4@group-1941C1C038EC-LeaderElection74
2024-01-29 07:44:12,611 [2532b31c-22c5-467b-a3b6-d3baa4dde6c4@group-1941C1C038EC-LeaderElection74] INFO  impl.LeaderElection (LeaderElection.java:askForVotes(321)) - 2532b31c-22c5-467b-a3b6-d3baa4dde6c4@group-1941C1C038EC-LeaderElection74 PRE_VOTE round 0: submit vote requests at term 0 for -1: peers:[2532b31c-22c5-467b-a3b6-d3baa4dde6c4|10.1.0.7:15424, c4e2dbfc-bf93-4c3c-9059-db6704809494|10.1.0.7:15442, 00f7b909-d0df-49f8-910d-886c8291e2be|10.1.0.7:15433]|listeners:[], old=null
2024-01-29 07:44:12,612 [2532b31c-22c5-467b-a3b6-d3baa4dde6c4@group-1941C1C038EC-LeaderElection74-1] INFO  server.GrpcServerProtocolClient (GrpcServerProtocolClient.java:<init>(65)) - Build channel for c4e2dbfc-bf93-4c3c-9059-db6704809494|10.1.0.7:15442
2024-01-29 07:44:12,612 [2532b31c-22c5-467b-a3b6-d3baa4dde6c4@group-1941C1C038EC-LeaderElection74] INFO  server.RaftServerConfigKeys (ConfUtils.java:logFallback(53)) - raft.server.rpc.first-election.timeout.min = 5s (fallback to raft.server.rpc.timeout.min)
2024-01-29 07:44:12,612 [2532b31c-22c5-467b-a3b6-d3baa4dde6c4@group-1941C1C038EC-LeaderElection74] INFO  server.RaftServerConfigKeys (ConfUtils.java:logFallback(53)) - raft.server.rpc.first-election.timeout.max = 5200ms (fallback to raft.server.rpc.timeout.max)
2024-01-29 07:44:12,612 [2532b31c-22c5-467b-a3b6-d3baa4dde6c4@group-1941C1C038EC-LeaderElection74-2] INFO  server.GrpcServerProtocolClient (GrpcServerProtocolClient.java:<init>(65)) - Build channel for 00f7b909-d0df-49f8-910d-886c8291e2be|10.1.0.7:15433
2024-01-29 07:44:12,616 [grpc-default-executor-6] INFO  server.RaftServer$Division (RaftServerImpl.java:requestVote(1389)) - c4e2dbfc-bf93-4c3c-9059-db6704809494@group-1941C1C038EC: receive requestVote(PRE_VOTE, 2532b31c-22c5-467b-a3b6-d3baa4dde6c4, group-1941C1C038EC, 0, (t:0, i:0))
2024-01-29 07:44:12,616 [grpc-default-executor-2] INFO  server.RaftServer$Division (RaftServerImpl.java:requestVote(1389)) - 00f7b909-d0df-49f8-910d-886c8291e2be@group-1941C1C038EC: receive requestVote(PRE_VOTE, 2532b31c-22c5-467b-a3b6-d3baa4dde6c4, group-1941C1C038EC, 0, (t:0, i:0))
2024-01-29 07:44:12,616 [grpc-default-executor-6] INFO  impl.VoteContext (VoteContext.java:log(49)) - c4e2dbfc-bf93-4c3c-9059-db6704809494@group-1941C1C038EC-FOLLOWER: accept PRE_VOTE from 2532b31c-22c5-467b-a3b6-d3baa4dde6c4: our priority 0 <= candidate's priority 1
2024-01-29 07:44:12,616 [grpc-default-executor-2] INFO  impl.VoteContext (VoteContext.java:log(49)) - 00f7b909-d0df-49f8-910d-886c8291e2be@group-1941C1C038EC-FOLLOWER: accept PRE_VOTE from 2532b31c-22c5-467b-a3b6-d3baa4dde6c4: our priority 0 <= candidate's priority 1
2024-01-29 07:44:12,616 [grpc-default-executor-6] INFO  server.RaftServer$Division (RaftServerImpl.java:requestVote(1422)) - c4e2dbfc-bf93-4c3c-9059-db6704809494@group-1941C1C038EC replies to PRE_VOTE vote request: 2532b31c-22c5-467b-a3b6-d3baa4dde6c4<-c4e2dbfc-bf93-4c3c-9059-db6704809494#0:OK-t0. Peer's state: c4e2dbfc-bf93-4c3c-9059-db6704809494@group-1941C1C038EC:t0, leader=null, voted=, raftlog=Memoized:c4e2dbfc-bf93-4c3c-9059-db6704809494@group-1941C1C038EC-SegmentedRaftLog:OPENED:c-1, conf=-1: peers:[2532b31c-22c5-467b-a3b6-d3baa4dde6c4|10.1.0.7:15424, c4e2dbfc-bf93-4c3c-9059-db6704809494|10.1.0.7:15442, 00f7b909-d0df-49f8-910d-886c8291e2be|10.1.0.7:15433]|listeners:[], old=null
2024-01-29 07:44:12,616 [grpc-default-executor-2] INFO  server.RaftServer$Division (RaftServerImpl.java:requestVote(1422)) - 00f7b909-d0df-49f8-910d-886c8291e2be@group-1941C1C038EC replies to PRE_VOTE vote request: 2532b31c-22c5-467b-a3b6-d3baa4dde6c4<-00f7b909-d0df-49f8-910d-886c8291e2be#0:OK-t0. Peer's state: 00f7b909-d0df-49f8-910d-886c8291e2be@group-1941C1C038EC:t0, leader=null, voted=, raftlog=Memoized:00f7b909-d0df-49f8-910d-886c8291e2be@group-1941C1C038EC-SegmentedRaftLog:OPENED:c-1, conf=-1: peers:[2532b31c-22c5-467b-a3b6-d3baa4dde6c4|10.1.0.7:15424, c4e2dbfc-bf93-4c3c-9059-db6704809494|10.1.0.7:15442, 00f7b909-d0df-49f8-910d-886c8291e2be|10.1.0.7:15433]|listeners:[], old=null
2024-01-29 07:44:12,617 [2532b31c-22c5-467b-a3b6-d3baa4dde6c4@group-1941C1C038EC-LeaderElection74] INFO  impl.LeaderElection (LeaderElection.java:logAndReturn(89)) - 2532b31c-22c5-467b-a3b6-d3baa4dde6c4@group-1941C1C038EC-LeaderElection74: PRE_VOTE PASSED received 1 response(s) and 0 exception(s):
2024-01-29 07:44:12,617 [2532b31c-22c5-467b-a3b6-d3baa4dde6c4@group-1941C1C038EC-LeaderElection74] INFO  impl.LeaderElection (LeaderElection.java:logAndReturn(93)) -   Response 0: 2532b31c-22c5-467b-a3b6-d3baa4dde6c4<-c4e2dbfc-bf93-4c3c-9059-db6704809494#0:OK-t0
2024-01-29 07:44:12,617 [2532b31c-22c5-467b-a3b6-d3baa4dde6c4@group-1941C1C038EC-LeaderElection74] INFO  impl.LeaderElection (LeaderElection.java:askForVotes(323)) - 2532b31c-22c5-467b-a3b6-d3baa4dde6c4@group-1941C1C038EC-LeaderElection74 PRE_VOTE round 0: result PASSED
2024-01-29 07:44:12,618 [2532b31c-22c5-467b-a3b6-d3baa4dde6c4@group-1941C1C038EC-LeaderElection74] INFO  impl.LeaderElection (LeaderElection.java:askForVotes(321)) - 2532b31c-22c5-467b-a3b6-d3baa4dde6c4@group-1941C1C038EC-LeaderElection74 ELECTION round 0: submit vote requests at term 1 for -1: peers:[2532b31c-22c5-467b-a3b6-d3baa4dde6c4|10.1.0.7:15424, c4e2dbfc-bf93-4c3c-9059-db6704809494|10.1.0.7:15442, 00f7b909-d0df-49f8-910d-886c8291e2be|10.1.0.7:15433]|listeners:[], old=null
2024-01-29 07:44:12,619 [2532b31c-22c5-467b-a3b6-d3baa4dde6c4@group-1941C1C038EC-LeaderElection74] INFO  server.RaftServerConfigKeys (ConfUtils.java:logFallback(53)) - raft.server.rpc.first-election.timeout.min = 5s (fallback to raft.server.rpc.timeout.min)
2024-01-29 07:44:12,619 [2532b31c-22c5-467b-a3b6-d3baa4dde6c4@group-1941C1C038EC-LeaderElection74] INFO  server.RaftServerConfigKeys (ConfUtils.java:logFallback(53)) - raft.server.rpc.first-election.timeout.max = 5200ms (fallback to raft.server.rpc.timeout.max)
2024-01-29 07:44:12,619 [grpc-default-executor-2] INFO  server.RaftServer$Division (RaftServerImpl.java:requestVote(1389)) - 00f7b909-d0df-49f8-910d-886c8291e2be@group-1941C1C038EC: receive requestVote(ELECTION, 2532b31c-22c5-467b-a3b6-d3baa4dde6c4, group-1941C1C038EC, 1, (t:0, i:0))
2024-01-29 07:44:12,620 [grpc-default-executor-6] INFO  server.RaftServer$Division (RaftServerImpl.java:requestVote(1389)) - c4e2dbfc-bf93-4c3c-9059-db6704809494@group-1941C1C038EC: receive requestVote(ELECTION, 2532b31c-22c5-467b-a3b6-d3baa4dde6c4, group-1941C1C038EC, 1, (t:0, i:0))
2024-01-29 07:44:12,620 [grpc-default-executor-2] INFO  impl.VoteContext (VoteContext.java:log(49)) - 00f7b909-d0df-49f8-910d-886c8291e2be@group-1941C1C038EC-FOLLOWER: accept ELECTION from 2532b31c-22c5-467b-a3b6-d3baa4dde6c4: our priority 0 <= candidate's priority 1
2024-01-29 07:44:12,620 [grpc-default-executor-6] INFO  impl.VoteContext (VoteContext.java:log(49)) - c4e2dbfc-bf93-4c3c-9059-db6704809494@group-1941C1C038EC-FOLLOWER: accept ELECTION from 2532b31c-22c5-467b-a3b6-d3baa4dde6c4: our priority 0 <= candidate's priority 1
2024-01-29 07:44:12,620 [grpc-default-executor-2] INFO  server.RaftServer$Division (RaftServerImpl.java:setRole(383)) - 00f7b909-d0df-49f8-910d-886c8291e2be@group-1941C1C038EC: changes role from  FOLLOWER to FOLLOWER at term 1 for candidate:2532b31c-22c5-467b-a3b6-d3baa4dde6c4
2024-01-29 07:44:12,620 [grpc-default-executor-2] INFO  impl.RoleInfo (RoleInfo.java:shutdownFollowerState(110)) - 00f7b909-d0df-49f8-910d-886c8291e2be: shutdown 00f7b909-d0df-49f8-910d-886c8291e2be@group-1941C1C038EC-FollowerState
2024-01-29 07:44:12,620 [grpc-default-executor-6] INFO  server.RaftServer$Division (RaftServerImpl.java:setRole(383)) - c4e2dbfc-bf93-4c3c-9059-db6704809494@group-1941C1C038EC: changes role from  FOLLOWER to FOLLOWER at term 1 for candidate:2532b31c-22c5-467b-a3b6-d3baa4dde6c4
2024-01-29 07:44:12,620 [00f7b909-d0df-49f8-910d-886c8291e2be@group-1941C1C038EC-FollowerState] INFO  impl.FollowerState (FollowerState.java:run(152)) - 00f7b909-d0df-49f8-910d-886c8291e2be@group-1941C1C038EC-FollowerState was interrupted
2024-01-29 07:44:12,620 [grpc-default-executor-6] INFO  impl.RoleInfo (RoleInfo.java:shutdownFollowerState(110)) - c4e2dbfc-bf93-4c3c-9059-db6704809494: shutdown c4e2dbfc-bf93-4c3c-9059-db6704809494@group-1941C1C038EC-FollowerState
2024-01-29 07:44:12,620 [grpc-default-executor-2] INFO  impl.RoleInfo (RoleInfo.java:updateAndGet(139)) - 00f7b909-d0df-49f8-910d-886c8291e2be: start 00f7b909-d0df-49f8-910d-886c8291e2be@group-1941C1C038EC-FollowerState
2024-01-29 07:44:12,621 [grpc-default-executor-6] INFO  impl.RoleInfo (RoleInfo.java:updateAndGet(139)) - c4e2dbfc-bf93-4c3c-9059-db6704809494: start c4e2dbfc-bf93-4c3c-9059-db6704809494@group-1941C1C038EC-FollowerState
2024-01-29 07:44:12,622 [grpc-default-executor-2] INFO  server.RaftServer$Division (RaftServerImpl.java:setFirstElection(574)) - 00f7b909-d0df-49f8-910d-886c8291e2be@group-1941C1C038EC: set firstElectionSinceStartup to false for candidate:2532b31c-22c5-467b-a3b6-d3baa4dde6c4
2024-01-29 07:44:12,622 [grpc-default-executor-6] INFO  server.RaftServer$Division (RaftServerImpl.java:setFirstElection(574)) - c4e2dbfc-bf93-4c3c-9059-db6704809494@group-1941C1C038EC: set firstElectionSinceStartup to false for candidate:2532b31c-22c5-467b-a3b6-d3baa4dde6c4
2024-01-29 07:44:12,621 [c4e2dbfc-bf93-4c3c-9059-db6704809494@group-1941C1C038EC-FollowerState] INFO  impl.FollowerState (FollowerState.java:run(152)) - c4e2dbfc-bf93-4c3c-9059-db6704809494@group-1941C1C038EC-FollowerState was interrupted
2024-01-29 07:44:12,623 [grpc-default-executor-6] INFO  server.RaftServer$Division (RaftServerImpl.java:requestVote(1422)) - c4e2dbfc-bf93-4c3c-9059-db6704809494@group-1941C1C038EC replies to ELECTION vote request: 2532b31c-22c5-467b-a3b6-d3baa4dde6c4<-c4e2dbfc-bf93-4c3c-9059-db6704809494#0:OK-t1. Peer's state: c4e2dbfc-bf93-4c3c-9059-db6704809494@group-1941C1C038EC:t1, leader=null, voted=2532b31c-22c5-467b-a3b6-d3baa4dde6c4, raftlog=Memoized:c4e2dbfc-bf93-4c3c-9059-db6704809494@group-1941C1C038EC-SegmentedRaftLog:OPENED:c-1, conf=-1: peers:[2532b31c-22c5-467b-a3b6-d3baa4dde6c4|10.1.0.7:15424, c4e2dbfc-bf93-4c3c-9059-db6704809494|10.1.0.7:15442, 00f7b909-d0df-49f8-910d-886c8291e2be|10.1.0.7:15433]|listeners:[], old=null
2024-01-29 07:44:12,623 [grpc-default-executor-2] INFO  server.RaftServer$Division (RaftServerImpl.java:requestVote(1422)) - 00f7b909-d0df-49f8-910d-886c8291e2be@group-1941C1C038EC replies to ELECTION vote request: 2532b31c-22c5-467b-a3b6-d3baa4dde6c4<-00f7b909-d0df-49f8-910d-886c8291e2be#0:OK-t1. Peer's state: 00f7b909-d0df-49f8-910d-886c8291e2be@group-1941C1C038EC:t1, leader=null, voted=2532b31c-22c5-467b-a3b6-d3baa4dde6c4, raftlog=Memoized:00f7b909-d0df-49f8-910d-886c8291e2be@group-1941C1C038EC-SegmentedRaftLog:OPENED:c-1, conf=-1: peers:[2532b31c-22c5-467b-a3b6-d3baa4dde6c4|10.1.0.7:15424, c4e2dbfc-bf93-4c3c-9059-db6704809494|10.1.0.7:15442, 00f7b909-d0df-49f8-910d-886c8291e2be|10.1.0.7:15433]|listeners:[], old=null
2024-01-29 07:44:12,623 [2532b31c-22c5-467b-a3b6-d3baa4dde6c4@group-1941C1C038EC-LeaderElection74] INFO  impl.LeaderElection (LeaderElection.java:logAndReturn(89)) - 2532b31c-22c5-467b-a3b6-d3baa4dde6c4@group-1941C1C038EC-LeaderElection74: ELECTION PASSED received 1 response(s) and 0 exception(s):
2024-01-29 07:44:12,624 [2532b31c-22c5-467b-a3b6-d3baa4dde6c4@group-1941C1C038EC-LeaderElection74] INFO  impl.LeaderElection (LeaderElection.java:logAndReturn(93)) -   Response 0: 2532b31c-22c5-467b-a3b6-d3baa4dde6c4<-c4e2dbfc-bf93-4c3c-9059-db6704809494#0:OK-t1
2024-01-29 07:44:12,624 [2532b31c-22c5-467b-a3b6-d3baa4dde6c4@group-1941C1C038EC-LeaderElection74] INFO  impl.LeaderElection (LeaderElection.java:askForVotes(323)) - 2532b31c-22c5-467b-a3b6-d3baa4dde6c4@group-1941C1C038EC-LeaderElection74 ELECTION round 0: result PASSED
2024-01-29 07:44:12,624 [2532b31c-22c5-467b-a3b6-d3baa4dde6c4@group-1941C1C038EC-LeaderElection74] INFO  impl.RoleInfo (RoleInfo.java:shutdownLeaderElection(130)) - 2532b31c-22c5-467b-a3b6-d3baa4dde6c4: shutdown 2532b31c-22c5-467b-a3b6-d3baa4dde6c4@group-1941C1C038EC-LeaderElection74
2024-01-29 07:44:12,624 [2532b31c-22c5-467b-a3b6-d3baa4dde6c4@group-1941C1C038EC-LeaderElection74] INFO  server.RaftServer$Division (RaftServerImpl.java:setRole(383)) - 2532b31c-22c5-467b-a3b6-d3baa4dde6c4@group-1941C1C038EC: changes role from CANDIDATE to LEADER at term 1 for changeToLeader
2024-01-29 07:44:12,624 [2532b31c-22c5-467b-a3b6-d3baa4dde6c4@group-1941C1C038EC-LeaderElection74] INFO  server.RaftServerConfigKeys (ConfUtils.java:logGet(46)) - raft.server.staging.catchup.gap = 1000 (default)
2024-01-29 07:44:12,624 [2532b31c-22c5-467b-a3b6-d3baa4dde6c4@group-1941C1C038EC-LeaderElection74] INFO  server.RaftServerConfigKeys (ConfUtils.java:logGet(46)) - raft.server.write.element-limit = 1024 (custom)
2024-01-29 07:44:12,624 [2532b31c-22c5-467b-a3b6-d3baa4dde6c4@group-1941C1C038EC-LeaderElection74] INFO  server.RaftServerConfigKeys (ConfUtils.java:logGet(46)) - raft.server.write.byte-limit = 1024 M (=1073741824) (custom)
2024-01-29 07:44:12,624 [2532b31c-22c5-467b-a3b6-d3baa4dde6c4@group-D9079FC0F504-FollowerState] INFO  impl.FollowerState (FollowerState.java:run(143)) - 2532b31c-22c5-467b-a3b6-d3baa4dde6c4@group-D9079FC0F504-FollowerState: change to CANDIDATE, lastRpcElapsedTime:5166463579ns, electionTimeout:5166ms
2024-01-29 07:44:12,624 [2532b31c-22c5-467b-a3b6-d3baa4dde6c4@group-D9079FC0F504-FollowerState] INFO  impl.RoleInfo (RoleInfo.java:shutdownFollowerState(110)) - 2532b31c-22c5-467b-a3b6-d3baa4dde6c4: shutdown 2532b31c-22c5-467b-a3b6-d3baa4dde6c4@group-D9079FC0F504-FollowerState
2024-01-29 07:44:12,624 [2532b31c-22c5-467b-a3b6-d3baa4dde6c4@group-D9079FC0F504-FollowerState] INFO  server.RaftServer$Division (RaftServerImpl.java:setRole(383)) - 2532b31c-22c5-467b-a3b6-d3baa4dde6c4@group-D9079FC0F504: changes role from  FOLLOWER to CANDIDATE at term 0 for changeToCandidate
2024-01-29 07:44:12,624 [2532b31c-22c5-467b-a3b6-d3baa4dde6c4@group-1941C1C038EC-LeaderElection74] INFO  server.RaftServerConfigKeys (ConfUtils.java:logGet(46)) - raft.server.watch.timeout = 3000ms (custom)
2024-01-29 07:44:12,624 [2532b31c-22c5-467b-a3b6-d3baa4dde6c4@group-1941C1C038EC-LeaderElection74] INFO  server.RaftServerConfigKeys (ConfUtils.java:logGet(46)) - raft.server.watch.timeout.denomination = 1s (default)
2024-01-29 07:44:12,624 [2532b31c-22c5-467b-a3b6-d3baa4dde6c4@group-1941C1C038EC-LeaderElection74] INFO  server.RaftServerConfigKeys (ConfUtils.java:logGet(46)) - raft.server.watch.element-limit = 65536 (default)
2024-01-29 07:44:12,625 [2532b31c-22c5-467b-a3b6-d3baa4dde6c4@group-1941C1C038EC-LeaderElection74] INFO  server.RaftServerConfigKeys (ConfUtils.java:logGet(46)) - raft.server.read.leader.lease.enabled = false (default)
2024-01-29 07:44:12,625 [2532b31c-22c5-467b-a3b6-d3baa4dde6c4@group-1941C1C038EC-LeaderElection74] INFO  server.RaftServerConfigKeys (ConfUtils.java:logGet(46)) - raft.server.read.leader.lease.timeout.ratio = 0.9 (default)
2024-01-29 07:44:12,625 [2532b31c-22c5-467b-a3b6-d3baa4dde6c4@group-1941C1C038EC-LeaderElection74] INFO  server.RaftServerConfigKeys (ConfUtils.java:logGet(46)) - raft.server.rpc.timeout.min = 5s (custom)
2024-01-29 07:44:12,625 [2532b31c-22c5-467b-a3b6-d3baa4dde6c4@group-1941C1C038EC-LeaderElection74] INFO  server.RaftServerConfigKeys (ConfUtils.java:logGet(46)) - raft.server.write.element-limit = 1024 (custom)
2024-01-29 07:44:12,625 [2532b31c-22c5-467b-a3b6-d3baa4dde6c4@group-1941C1C038EC-LeaderElection74] INFO  server.RaftServerConfigKeys (ConfUtils.java:logGet(46)) - raft.server.write.follower.gap.ratio.max = -1.0 (default)
2024-01-29 07:44:12,624 [2532b31c-22c5-467b-a3b6-d3baa4dde6c4@group-D9079FC0F504-FollowerState] INFO  server.RaftServerConfigKeys (ConfUtils.java:logGet(46)) - raft.server.leaderelection.pre-vote = true (default)
2024-01-29 07:44:12,625 [2532b31c-22c5-467b-a3b6-d3baa4dde6c4@group-D9079FC0F504-FollowerState] INFO  impl.RoleInfo (RoleInfo.java:updateAndGet(139)) - 2532b31c-22c5-467b-a3b6-d3baa4dde6c4: start 2532b31c-22c5-467b-a3b6-d3baa4dde6c4@group-D9079FC0F504-LeaderElection75
2024-01-29 07:44:12,625 [2532b31c-22c5-467b-a3b6-d3baa4dde6c4@group-1941C1C038EC-LeaderElection74] INFO  server.RaftServerConfigKeys (ConfUtils.java:logGet(46)) - raft.server.log.appender.snapshot.chunk.size.max = 16MB (=16777216) (default)
2024-01-29 07:44:12,625 [2532b31c-22c5-467b-a3b6-d3baa4dde6c4@group-1941C1C038EC-LeaderElection74] INFO  server.RaftServerConfigKeys (ConfUtils.java:logGet(46)) - raft.server.log.appender.buffer.byte-limit = 8388608 (custom)
2024-01-29 07:44:12,626 [2532b31c-22c5-467b-a3b6-d3baa4dde6c4@group-1941C1C038EC-LeaderElection74] INFO  server.RaftServerConfigKeys (ConfUtils.java:logGet(46)) - raft.server.log.appender.buffer.element-limit = 1 (custom)
2024-01-29 07:44:12,627 [2532b31c-22c5-467b-a3b6-d3baa4dde6c4@group-1941C1C038EC-LeaderElection74] INFO  server.RaftServerConfigKeys (ConfUtils.java:logGet(46)) - raft.server.log.appender.wait-time.min = 0ms (custom)
2024-01-29 07:44:12,627 [2532b31c-22c5-467b-a3b6-d3baa4dde6c4@group-1941C1C038EC-LeaderElection74] INFO  grpc.GrpcConfigKeys (ConfUtils.java:logGet(46)) - raft.grpc.server.leader.outstanding.appends.max = 8 (default)
2024-01-29 07:44:12,627 [2532b31c-22c5-467b-a3b6-d3baa4dde6c4@group-1941C1C038EC-LeaderElection74] INFO  server.RaftServerConfigKeys (ConfUtils.java:logGet(46)) - raft.server.rpc.request.timeout = 3000ms (default)
2024-01-29 07:44:12,627 [2532b31c-22c5-467b-a3b6-d3baa4dde6c4@group-1941C1C038EC-LeaderElection74] INFO  grpc.GrpcConfigKeys (ConfUtils.java:logGet(46)) - raft.grpc.server.install_snapshot.request.element-limit = 8 (default)
2024-01-29 07:44:12,627 [2532b31c-22c5-467b-a3b6-d3baa4dde6c4@group-1941C1C038EC-LeaderElection74] INFO  grpc.GrpcConfigKeys (ConfUtils.java:logGet(46)) - raft.grpc.server.install_snapshot.request.timeout = 3000ms (default)
2024-01-29 07:44:12,627 [2532b31c-22c5-467b-a3b6-d3baa4dde6c4@group-1941C1C038EC-LeaderElection74] INFO  grpc.GrpcConfigKeys (ConfUtils.java:logGet(46)) - raft.grpc.server.log-message.batch.duration = 5s (default)
2024-01-29 07:44:12,627 [2532b31c-22c5-467b-a3b6-d3baa4dde6c4@group-1941C1C038EC-LeaderElection74] INFO  server.RaftServerConfigKeys (ConfUtils.java:logGet(46)) - raft.server.log.appender.install.snapshot.enabled = false (custom)
2024-01-29 07:44:12,627 [2532b31c-22c5-467b-a3b6-d3baa4dde6c4@group-1941C1C038EC-LeaderElection74] INFO  grpc.GrpcConfigKeys (ConfUtils.java:logGet(46)) - raft.grpc.server.heartbeat.channel = true (default)
2024-01-29 07:44:12,628 [2532b31c-22c5-467b-a3b6-d3baa4dde6c4@group-1941C1C038EC-LeaderElection74] INFO  server.RaftServerConfigKeys (ConfUtils.java:logGet(46)) - raft.server.log.appender.snapshot.chunk.size.max = 16MB (=16777216) (default)
2024-01-29 07:44:12,629 [2532b31c-22c5-467b-a3b6-d3baa4dde6c4@group-1941C1C038EC-LeaderElection74] INFO  server.RaftServerConfigKeys (ConfUtils.java:logGet(46)) - raft.server.log.appender.buffer.byte-limit = 8388608 (custom)
2024-01-29 07:44:12,629 [2532b31c-22c5-467b-a3b6-d3baa4dde6c4@group-1941C1C038EC-LeaderElection74] INFO  server.RaftServerConfigKeys (ConfUtils.java:logGet(46)) - raft.server.log.appender.buffer.element-limit = 1 (custom)
2024-01-29 07:44:12,629 [2532b31c-22c5-467b-a3b6-d3baa4dde6c4@group-D9079FC0F504-LeaderElection75] INFO  impl.LeaderElection (LeaderElection.java:askForVotes(321)) - 2532b31c-22c5-467b-a3b6-d3baa4dde6c4@group-D9079FC0F504-LeaderElection75 PRE_VOTE round 0: submit vote requests at term 0 for -1: peers:[2532b31c-22c5-467b-a3b6-d3baa4dde6c4|10.1.0.7:15424]|listeners:[], old=null
2024-01-29 07:44:12,629 [2532b31c-22c5-467b-a3b6-d3baa4dde6c4@group-D9079FC0F504-LeaderElection75] INFO  impl.LeaderElection (LeaderElection.java:askForVotes(323)) - 2532b31c-22c5-467b-a3b6-d3baa4dde6c4@group-D9079FC0F504-LeaderElection75 PRE_VOTE round 0: result PASSED (term=0)
2024-01-29 07:44:12,629 [2532b31c-22c5-467b-a3b6-d3baa4dde6c4@group-1941C1C038EC-LeaderElection74] INFO  server.RaftServerConfigKeys (ConfUtils.java:logGet(46)) - raft.server.log.appender.wait-time.min = 0ms (custom)
2024-01-29 07:44:12,630 [2532b31c-22c5-467b-a3b6-d3baa4dde6c4@group-1941C1C038EC-LeaderElection74] INFO  grpc.GrpcConfigKeys (ConfUtils.java:logGet(46)) - raft.grpc.server.leader.outstanding.appends.max = 8 (default)
2024-01-29 07:44:12,630 [2532b31c-22c5-467b-a3b6-d3baa4dde6c4@group-1941C1C038EC-LeaderElection74] INFO  server.RaftServerConfigKeys (ConfUtils.java:logGet(46)) - raft.server.rpc.request.timeout = 3000ms (default)
2024-01-29 07:44:12,630 [2532b31c-22c5-467b-a3b6-d3baa4dde6c4@group-1941C1C038EC-LeaderElection74] INFO  grpc.GrpcConfigKeys (ConfUtils.java:logGet(46)) - raft.grpc.server.install_snapshot.request.element-limit = 8 (default)
2024-01-29 07:44:12,630 [2532b31c-22c5-467b-a3b6-d3baa4dde6c4@group-1941C1C038EC-LeaderElection74] INFO  grpc.GrpcConfigKeys (ConfUtils.java:logGet(46)) - raft.grpc.server.install_snapshot.request.timeout = 3000ms (default)
2024-01-29 07:44:12,630 [2532b31c-22c5-467b-a3b6-d3baa4dde6c4@group-1941C1C038EC-LeaderElection74] INFO  grpc.GrpcConfigKeys (ConfUtils.java:logGet(46)) - raft.grpc.server.log-message.batch.duration = 5s (default)
2024-01-29 07:44:12,630 [2532b31c-22c5-467b-a3b6-d3baa4dde6c4@group-1941C1C038EC-LeaderElection74] INFO  server.RaftServerConfigKeys (ConfUtils.java:logGet(46)) - raft.server.log.appender.install.snapshot.enabled = false (custom)
2024-01-29 07:44:12,630 [2532b31c-22c5-467b-a3b6-d3baa4dde6c4@group-1941C1C038EC-LeaderElection74] INFO  grpc.GrpcConfigKeys (ConfUtils.java:logGet(46)) - raft.grpc.server.heartbeat.channel = true (default)
2024-01-29 07:44:12,630 [main] INFO  ozone.MiniOzoneClusterImpl (MiniOzoneClusterImpl.java:lambda$waitForClusterToBeReady$0(229)) - Nodes are ready. Got 9 of 9 DN Heartbeats.
2024-01-29 07:44:12,630 [main] INFO  ozone.MiniOzoneClusterImpl (MiniOzoneClusterImpl.java:lambda$waitForClusterToBeReady$0(232)) - Cluster exits safe mode
2024-01-29 07:44:12,631 [main] INFO  ozone.MiniOzoneClusterImpl (MiniOzoneClusterImpl.java:lambda$waitForClusterToBeReady$0(234)) - SCM became leader
2024-01-29 07:44:12,630 [2532b31c-22c5-467b-a3b6-d3baa4dde6c4@group-1941C1C038EC-LeaderElection74] INFO  impl.RoleInfo (RoleInfo.java:updateAndGet(139)) - 2532b31c-22c5-467b-a3b6-d3baa4dde6c4: start 2532b31c-22c5-467b-a3b6-d3baa4dde6c4@group-1941C1C038EC-LeaderStateImpl
2024-01-29 07:44:12,631 [2532b31c-22c5-467b-a3b6-d3baa4dde6c4@group-1941C1C038EC-LeaderElection74] INFO  server.RaftServer$Division (RaftServerImpl.java:setFirstElection(574)) - 2532b31c-22c5-467b-a3b6-d3baa4dde6c4@group-1941C1C038EC: set firstElectionSinceStartup to false for becomeLeader
2024-01-29 07:44:12,631 [2532b31c-22c5-467b-a3b6-d3baa4dde6c4@group-1941C1C038EC-LeaderElection74] INFO  ratis.XceiverServerRatis (XceiverServerRatis.java:handleLeaderChangedNotification(966)) - Leader change notification received for group: group-1941C1C038EC with new leaderId: 2532b31c-22c5-467b-a3b6-d3baa4dde6c4
2024-01-29 07:44:12,631 [2532b31c-22c5-467b-a3b6-d3baa4dde6c4@group-1941C1C038EC-LeaderElection74] INFO  server.RaftServer$Division (ServerState.java:setLeader(269)) - 2532b31c-22c5-467b-a3b6-d3baa4dde6c4@group-1941C1C038EC: change Leader from null to 2532b31c-22c5-467b-a3b6-d3baa4dde6c4 at term 1 for becomeLeader, leader elected after 5171ms
2024-01-29 07:44:12,631 [2532b31c-22c5-467b-a3b6-d3baa4dde6c4@group-D9079FC0F504-LeaderElection75] INFO  impl.LeaderElection (LeaderElection.java:askForVotes(321)) - 2532b31c-22c5-467b-a3b6-d3baa4dde6c4@group-D9079FC0F504-LeaderElection75 ELECTION round 0: submit vote requests at term 1 for -1: peers:[2532b31c-22c5-467b-a3b6-d3baa4dde6c4|10.1.0.7:15424]|listeners:[], old=null
2024-01-29 07:44:12,631 [2532b31c-22c5-467b-a3b6-d3baa4dde6c4@group-1941C1C038EC-LeaderElection74] INFO  segmented.SegmentedRaftLogWorker (SegmentedRaftLogWorker.java:startLogSegment(430)) - 2532b31c-22c5-467b-a3b6-d3baa4dde6c4@group-1941C1C038EC-SegmentedRaftLogWorker: Starting segment from index:0
2024-01-29 07:44:12,631 [2532b31c-22c5-467b-a3b6-d3baa4dde6c4@group-D9079FC0F504-LeaderElection75] INFO  impl.LeaderElection (LeaderElection.java:askForVotes(323)) - 2532b31c-22c5-467b-a3b6-d3baa4dde6c4@group-D9079FC0F504-LeaderElection75 ELECTION round 0: result PASSED (term=1)
2024-01-29 07:44:12,634 [2532b31c-22c5-467b-a3b6-d3baa4dde6c4@group-1941C1C038EC-LeaderElection74] INFO  server.RaftServer$Division (ServerState.java:setRaftConf(386)) - 2532b31c-22c5-467b-a3b6-d3baa4dde6c4@group-1941C1C038EC: set configuration 0: peers:[2532b31c-22c5-467b-a3b6-d3baa4dde6c4|10.1.0.7:15424, c4e2dbfc-bf93-4c3c-9059-db6704809494|10.1.0.7:15442, 00f7b909-d0df-49f8-910d-886c8291e2be|10.1.0.7:15433]|listeners:[], old=null
2024-01-29 07:44:12,637 [2532b31c-22c5-467b-a3b6-d3baa4dde6c4@group-D9079FC0F504-LeaderElection75] INFO  impl.RoleInfo (RoleInfo.java:shutdownLeaderElection(130)) - 2532b31c-22c5-467b-a3b6-d3baa4dde6c4: shutdown 2532b31c-22c5-467b-a3b6-d3baa4dde6c4@group-D9079FC0F504-LeaderElection75
2024-01-29 07:44:12,637 [2532b31c-22c5-467b-a3b6-d3baa4dde6c4@group-1941C1C038EC-SegmentedRaftLogWorker] INFO  segmented.BufferedWriteChannel (BufferedWriteChannel.java:open(62)) - open log_inprogress_0 at position 0
2024-01-29 07:44:12,637 [2532b31c-22c5-467b-a3b6-d3baa4dde6c4@group-D9079FC0F504-LeaderElection75] INFO  server.RaftServer$Division (RaftServerImpl.java:setRole(383)) - 2532b31c-22c5-467b-a3b6-d3baa4dde6c4@group-D9079FC0F504: changes role from CANDIDATE to LEADER at term 1 for changeToLeader
2024-01-29 07:44:12,638 [2532b31c-22c5-467b-a3b6-d3baa4dde6c4@group-D9079FC0F504-LeaderElection75] INFO  server.RaftServerConfigKeys (ConfUtils.java:logGet(46)) - raft.server.staging.catchup.gap = 1000 (default)
2024-01-29 07:44:12,638 [2532b31c-22c5-467b-a3b6-d3baa4dde6c4@group-D9079FC0F504-LeaderElection75] INFO  server.RaftServerConfigKeys (ConfUtils.java:logGet(46)) - raft.server.write.element-limit = 1024 (custom)
2024-01-29 07:44:12,639 [2532b31c-22c5-467b-a3b6-d3baa4dde6c4@group-D9079FC0F504-LeaderElection75] INFO  server.RaftServerConfigKeys (ConfUtils.java:logGet(46)) - raft.server.write.byte-limit = 1024 M (=1073741824) (custom)
2024-01-29 07:44:12,639 [main] INFO  protocolPB.OmTransportFactory (OmTransportFactory.java:createFactory(62)) - Loading OM transport implementation org.apache.hadoop.ozone.om.protocolPB.Hadoop3OmTransportFactory as specified by configuration.
2024-01-29 07:44:12,639 [2532b31c-22c5-467b-a3b6-d3baa4dde6c4@group-D9079FC0F504-LeaderElection75] INFO  server.RaftServerConfigKeys (ConfUtils.java:logGet(46)) - raft.server.watch.timeout = 3000ms (custom)
2024-01-29 07:44:12,639 [2532b31c-22c5-467b-a3b6-d3baa4dde6c4@group-D9079FC0F504-LeaderElection75] INFO  server.RaftServerConfigKeys (ConfUtils.java:logGet(46)) - raft.server.watch.timeout.denomination = 1s (default)
2024-01-29 07:44:12,639 [2532b31c-22c5-467b-a3b6-d3baa4dde6c4@group-D9079FC0F504-LeaderElection75] INFO  server.RaftServerConfigKeys (ConfUtils.java:logGet(46)) - raft.server.watch.element-limit = 65536 (default)
2024-01-29 07:44:12,639 [2532b31c-22c5-467b-a3b6-d3baa4dde6c4@group-D9079FC0F504-LeaderElection75] INFO  server.RaftServerConfigKeys (ConfUtils.java:logGet(46)) - raft.server.read.leader.lease.enabled = false (default)
2024-01-29 07:44:12,639 [2532b31c-22c5-467b-a3b6-d3baa4dde6c4@group-D9079FC0F504-LeaderElection75] INFO  server.RaftServerConfigKeys (ConfUtils.java:logGet(46)) - raft.server.read.leader.lease.timeout.ratio = 0.9 (default)
2024-01-29 07:44:12,640 [2532b31c-22c5-467b-a3b6-d3baa4dde6c4@group-D9079FC0F504-LeaderElection75] INFO  server.RaftServerConfigKeys (ConfUtils.java:logGet(46)) - raft.server.rpc.timeout.min = 5s (custom)
2024-01-29 07:44:12,640 [2532b31c-22c5-467b-a3b6-d3baa4dde6c4@group-D9079FC0F504-LeaderElection75] INFO  server.RaftServerConfigKeys (ConfUtils.java:logGet(46)) - raft.server.write.element-limit = 1024 (custom)
2024-01-29 07:44:12,640 [2532b31c-22c5-467b-a3b6-d3baa4dde6c4@group-D9079FC0F504-LeaderElection75] INFO  server.RaftServerConfigKeys (ConfUtils.java:logGet(46)) - raft.server.write.follower.gap.ratio.max = -1.0 (default)
2024-01-29 07:44:12,640 [2532b31c-22c5-467b-a3b6-d3baa4dde6c4@group-D9079FC0F504-LeaderElection75] INFO  impl.RoleInfo (RoleInfo.java:updateAndGet(139)) - 2532b31c-22c5-467b-a3b6-d3baa4dde6c4: start 2532b31c-22c5-467b-a3b6-d3baa4dde6c4@group-D9079FC0F504-LeaderStateImpl
2024-01-29 07:44:12,640 [2532b31c-22c5-467b-a3b6-d3baa4dde6c4@group-D9079FC0F504-LeaderElection75] INFO  server.RaftServer$Division (RaftServerImpl.java:setFirstElection(574)) - 2532b31c-22c5-467b-a3b6-d3baa4dde6c4@group-D9079FC0F504: set firstElectionSinceStartup to false for becomeLeader
2024-01-29 07:44:12,640 [2532b31c-22c5-467b-a3b6-d3baa4dde6c4@group-D9079FC0F504-LeaderElection75] INFO  ratis.XceiverServerRatis (XceiverServerRatis.java:handleLeaderChangedNotification(966)) - Leader change notification received for group: group-D9079FC0F504 with new leaderId: 2532b31c-22c5-467b-a3b6-d3baa4dde6c4
2024-01-29 07:44:12,645 [2532b31c-22c5-467b-a3b6-d3baa4dde6c4@group-D9079FC0F504-LeaderElection75] INFO  server.RaftServer$Division (ServerState.java:setLeader(269)) - 2532b31c-22c5-467b-a3b6-d3baa4dde6c4@group-D9079FC0F504: change Leader from null to 2532b31c-22c5-467b-a3b6-d3baa4dde6c4 at term 1 for becomeLeader, leader elected after 5195ms
2024-01-29 07:44:12,645 [2532b31c-22c5-467b-a3b6-d3baa4dde6c4@group-D9079FC0F504-LeaderElection75] INFO  segmented.SegmentedRaftLogWorker (SegmentedRaftLogWorker.java:startLogSegment(430)) - 2532b31c-22c5-467b-a3b6-d3baa4dde6c4@group-D9079FC0F504-SegmentedRaftLogWorker: Starting segment from index:0
2024-01-29 07:44:12,647 [2532b31c-22c5-467b-a3b6-d3baa4dde6c4@group-D9079FC0F504-LeaderElection75] INFO  server.RaftServer$Division (ServerState.java:setRaftConf(386)) - 2532b31c-22c5-467b-a3b6-d3baa4dde6c4@group-D9079FC0F504: set configuration 0: peers:[2532b31c-22c5-467b-a3b6-d3baa4dde6c4|10.1.0.7:15424]|listeners:[], old=null
2024-01-29 07:44:12,648 [2532b31c-22c5-467b-a3b6-d3baa4dde6c4@group-D9079FC0F504-SegmentedRaftLogWorker] INFO  segmented.BufferedWriteChannel (BufferedWriteChannel.java:open(62)) - open log_inprogress_0 at position 0
2024-01-29 07:44:12,651 [2532b31c-22c5-467b-a3b6-d3baa4dde6c4@group-1941C1C038EC-SegmentedRaftLogWorker] INFO  segmented.SegmentedRaftLogWorker (SegmentedRaftLogWorker.java:execute(634)) - 2532b31c-22c5-467b-a3b6-d3baa4dde6c4@group-1941C1C038EC-SegmentedRaftLogWorker: created new log segment /home/runner/work/ozone/ozone/hadoop-ozone/integration-test/target/test-dir/MiniOzoneClusterImpl-4c098651-5741-4b11-9e36-c6ca8da28866/datanode-6/data/ratis/0a494d6e-c656-4004-aebc-1941c1c038ec/current/log_inprogress_0
2024-01-29 07:44:12,651 [EventQueue-PipelineReportForPipelineReportHandler] INFO  pipeline.PipelineReportHandler (PipelineReportHandler.java:processPipelineReport(136)) - Opened pipeline PipelineID=0a494d6e-c656-4004-aebc-1941c1c038ec
2024-01-29 07:44:12,659 [c4e2dbfc-bf93-4c3c-9059-db6704809494@group-EC5A67C5AFC1-FollowerState] INFO  impl.FollowerState (FollowerState.java:run(143)) - c4e2dbfc-bf93-4c3c-9059-db6704809494@group-EC5A67C5AFC1-FollowerState: change to CANDIDATE, lastRpcElapsedTime:5021457210ns, electionTimeout:5021ms
2024-01-29 07:44:12,659 [c4e2dbfc-bf93-4c3c-9059-db6704809494@group-EC5A67C5AFC1-FollowerState] INFO  impl.RoleInfo (RoleInfo.java:shutdownFollowerState(110)) - c4e2dbfc-bf93-4c3c-9059-db6704809494: shutdown c4e2dbfc-bf93-4c3c-9059-db6704809494@group-EC5A67C5AFC1-FollowerState
2024-01-29 07:44:12,659 [c4e2dbfc-bf93-4c3c-9059-db6704809494@group-EC5A67C5AFC1-FollowerState] INFO  server.RaftServer$Division (RaftServerImpl.java:setRole(383)) - c4e2dbfc-bf93-4c3c-9059-db6704809494@group-EC5A67C5AFC1: changes role from  FOLLOWER to CANDIDATE at term 0 for changeToCandidate
2024-01-29 07:44:12,659 [c4e2dbfc-bf93-4c3c-9059-db6704809494@group-EC5A67C5AFC1-FollowerState] INFO  server.RaftServerConfigKeys (ConfUtils.java:logGet(46)) - raft.server.leaderelection.pre-vote = true (default)
2024-01-29 07:44:12,659 [c4e2dbfc-bf93-4c3c-9059-db6704809494@group-EC5A67C5AFC1-FollowerState] INFO  impl.RoleInfo (RoleInfo.java:updateAndGet(139)) - c4e2dbfc-bf93-4c3c-9059-db6704809494: start c4e2dbfc-bf93-4c3c-9059-db6704809494@group-EC5A67C5AFC1-LeaderElection76
2024-01-29 07:44:12,665 [c4e2dbfc-bf93-4c3c-9059-db6704809494@group-EC5A67C5AFC1-LeaderElection76] INFO  impl.LeaderElection (LeaderElection.java:askForVotes(321)) - c4e2dbfc-bf93-4c3c-9059-db6704809494@group-EC5A67C5AFC1-LeaderElection76 PRE_VOTE round 0: submit vote requests at term 0 for -1: peers:[c4e2dbfc-bf93-4c3c-9059-db6704809494|10.1.0.7:15442]|listeners:[], old=null
2024-01-29 07:44:12,665 [2532b31c-22c5-467b-a3b6-d3baa4dde6c4@group-D9079FC0F504-SegmentedRaftLogWorker] INFO  segmented.SegmentedRaftLogWorker (SegmentedRaftLogWorker.java:execute(634)) - 2532b31c-22c5-467b-a3b6-d3baa4dde6c4@group-D9079FC0F504-SegmentedRaftLogWorker: created new log segment /home/runner/work/ozone/ozone/hadoop-ozone/integration-test/target/test-dir/MiniOzoneClusterImpl-4c098651-5741-4b11-9e36-c6ca8da28866/datanode-6/data/ratis/722a4688-77dd-4fe2-ad8c-d9079fc0f504/current/log_inprogress_0
2024-01-29 07:44:12,665 [c4e2dbfc-bf93-4c3c-9059-db6704809494@group-EC5A67C5AFC1-LeaderElection76] INFO  impl.LeaderElection (LeaderElection.java:askForVotes(323)) - c4e2dbfc-bf93-4c3c-9059-db6704809494@group-EC5A67C5AFC1-LeaderElection76 PRE_VOTE round 0: result PASSED (term=0)
2024-01-29 07:44:12,666 [c4e2dbfc-bf93-4c3c-9059-db6704809494@group-EC5A67C5AFC1-LeaderElection76] INFO  impl.LeaderElection (LeaderElection.java:askForVotes(321)) - c4e2dbfc-bf93-4c3c-9059-db6704809494@group-EC5A67C5AFC1-LeaderElection76 ELECTION round 0: submit vote requests at term 1 for -1: peers:[c4e2dbfc-bf93-4c3c-9059-db6704809494|10.1.0.7:15442]|listeners:[], old=null
2024-01-29 07:44:12,666 [c4e2dbfc-bf93-4c3c-9059-db6704809494@group-EC5A67C5AFC1-LeaderElection76] INFO  impl.LeaderElection (LeaderElection.java:askForVotes(323)) - c4e2dbfc-bf93-4c3c-9059-db6704809494@group-EC5A67C5AFC1-LeaderElection76 ELECTION round 0: result PASSED (term=1)
2024-01-29 07:44:12,666 [c4e2dbfc-bf93-4c3c-9059-db6704809494@group-EC5A67C5AFC1-LeaderElection76] INFO  impl.RoleInfo (RoleInfo.java:shutdownLeaderElection(130)) - c4e2dbfc-bf93-4c3c-9059-db6704809494: shutdown c4e2dbfc-bf93-4c3c-9059-db6704809494@group-EC5A67C5AFC1-LeaderElection76
2024-01-29 07:44:12,666 [c4e2dbfc-bf93-4c3c-9059-db6704809494@group-EC5A67C5AFC1-LeaderElection76] INFO  server.RaftServer$Division (RaftServerImpl.java:setRole(383)) - c4e2dbfc-bf93-4c3c-9059-db6704809494@group-EC5A67C5AFC1: changes role from CANDIDATE to LEADER at term 1 for changeToLeader
2024-01-29 07:44:12,666 [c4e2dbfc-bf93-4c3c-9059-db6704809494@group-EC5A67C5AFC1-LeaderElection76] INFO  server.RaftServerConfigKeys (ConfUtils.java:logGet(46)) - raft.server.staging.catchup.gap = 1000 (default)
2024-01-29 07:44:12,667 [c4e2dbfc-bf93-4c3c-9059-db6704809494@group-EC5A67C5AFC1-LeaderElection76] INFO  server.RaftServerConfigKeys (ConfUtils.java:logGet(46)) - raft.server.write.element-limit = 1024 (custom)
2024-01-29 07:44:12,667 [c4e2dbfc-bf93-4c3c-9059-db6704809494@group-EC5A67C5AFC1-LeaderElection76] INFO  server.RaftServerConfigKeys (ConfUtils.java:logGet(46)) - raft.server.write.byte-limit = 1024 M (=1073741824) (custom)
2024-01-29 07:44:12,667 [c4e2dbfc-bf93-4c3c-9059-db6704809494@group-EC5A67C5AFC1-LeaderElection76] INFO  server.RaftServerConfigKeys (ConfUtils.java:logGet(46)) - raft.server.watch.timeout = 3000ms (custom)
2024-01-29 07:44:12,667 [c4e2dbfc-bf93-4c3c-9059-db6704809494@group-EC5A67C5AFC1-LeaderElection76] INFO  server.RaftServerConfigKeys (ConfUtils.java:logGet(46)) - raft.server.watch.timeout.denomination = 1s (default)
2024-01-29 07:44:12,667 [c4e2dbfc-bf93-4c3c-9059-db6704809494@group-EC5A67C5AFC1-LeaderElection76] INFO  server.RaftServerConfigKeys (ConfUtils.java:logGet(46)) - raft.server.watch.element-limit = 65536 (default)
2024-01-29 07:44:12,667 [c4e2dbfc-bf93-4c3c-9059-db6704809494@group-EC5A67C5AFC1-LeaderElection76] INFO  server.RaftServerConfigKeys (ConfUtils.java:logGet(46)) - raft.server.read.leader.lease.enabled = false (default)
2024-01-29 07:44:12,667 [c4e2dbfc-bf93-4c3c-9059-db6704809494@group-EC5A67C5AFC1-LeaderElection76] INFO  server.RaftServerConfigKeys (ConfUtils.java:logGet(46)) - raft.server.read.leader.lease.timeout.ratio = 0.9 (default)
2024-01-29 07:44:12,667 [c4e2dbfc-bf93-4c3c-9059-db6704809494@group-EC5A67C5AFC1-LeaderElection76] INFO  server.RaftServerConfigKeys (ConfUtils.java:logGet(46)) - raft.server.rpc.timeout.min = 5s (custom)
2024-01-29 07:44:12,667 [c4e2dbfc-bf93-4c3c-9059-db6704809494@group-EC5A67C5AFC1-LeaderElection76] INFO  server.RaftServerConfigKeys (ConfUtils.java:logGet(46)) - raft.server.write.element-limit = 1024 (custom)
2024-01-29 07:44:12,667 [c4e2dbfc-bf93-4c3c-9059-db6704809494@group-EC5A67C5AFC1-LeaderElection76] INFO  server.RaftServerConfigKeys (ConfUtils.java:logGet(46)) - raft.server.write.follower.gap.ratio.max = -1.0 (default)
2024-01-29 07:44:12,668 [c4e2dbfc-bf93-4c3c-9059-db6704809494@group-EC5A67C5AFC1-LeaderElection76] INFO  impl.RoleInfo (RoleInfo.java:updateAndGet(139)) - c4e2dbfc-bf93-4c3c-9059-db6704809494: start c4e2dbfc-bf93-4c3c-9059-db6704809494@group-EC5A67C5AFC1-LeaderStateImpl
2024-01-29 07:44:12,668 [c4e2dbfc-bf93-4c3c-9059-db6704809494@group-EC5A67C5AFC1-LeaderElection76] INFO  server.RaftServer$Division (RaftServerImpl.java:setFirstElection(574)) - c4e2dbfc-bf93-4c3c-9059-db6704809494@group-EC5A67C5AFC1: set firstElectionSinceStartup to false for becomeLeader
2024-01-29 07:44:12,668 [c4e2dbfc-bf93-4c3c-9059-db6704809494@group-EC5A67C5AFC1-LeaderElection76] INFO  ratis.XceiverServerRatis (XceiverServerRatis.java:handleLeaderChangedNotification(966)) - Leader change notification received for group: group-EC5A67C5AFC1 with new leaderId: c4e2dbfc-bf93-4c3c-9059-db6704809494
2024-01-29 07:44:12,668 [c4e2dbfc-bf93-4c3c-9059-db6704809494@group-EC5A67C5AFC1-LeaderElection76] INFO  server.RaftServer$Division (ServerState.java:setLeader(269)) - c4e2dbfc-bf93-4c3c-9059-db6704809494@group-EC5A67C5AFC1: change Leader from null to c4e2dbfc-bf93-4c3c-9059-db6704809494 at term 1 for becomeLeader, leader elected after 5039ms
2024-01-29 07:44:12,668 [c4e2dbfc-bf93-4c3c-9059-db6704809494@group-EC5A67C5AFC1-LeaderElection76] INFO  segmented.SegmentedRaftLogWorker (SegmentedRaftLogWorker.java:startLogSegment(430)) - c4e2dbfc-bf93-4c3c-9059-db6704809494@group-EC5A67C5AFC1-SegmentedRaftLogWorker: Starting segment from index:0
2024-01-29 07:44:12,668 [c4e2dbfc-bf93-4c3c-9059-db6704809494@group-EC5A67C5AFC1-SegmentedRaftLogWorker] INFO  segmented.BufferedWriteChannel (BufferedWriteChannel.java:open(62)) - open log_inprogress_0 at position 0
2024-01-29 07:44:12,678 [c4e2dbfc-bf93-4c3c-9059-db6704809494@group-EC5A67C5AFC1-SegmentedRaftLogWorker] INFO  segmented.SegmentedRaftLogWorker (SegmentedRaftLogWorker.java:execute(634)) - c4e2dbfc-bf93-4c3c-9059-db6704809494@group-EC5A67C5AFC1-SegmentedRaftLogWorker: created new log segment /home/runner/work/ozone/ozone/hadoop-ozone/integration-test/target/test-dir/MiniOzoneClusterImpl-4c098651-5741-4b11-9e36-c6ca8da28866/datanode-8/data/ratis/fa46350e-d7e0-470f-9be7-ec5a67c5afc1/current/log_inprogress_0
2024-01-29 07:44:12,678 [00f7b909-d0df-49f8-910d-886c8291e2be-server-thread1] INFO  ratis.XceiverServerRatis (XceiverServerRatis.java:handleLeaderChangedNotification(966)) - Leader change notification received for group: group-1941C1C038EC with new leaderId: 2532b31c-22c5-467b-a3b6-d3baa4dde6c4
2024-01-29 07:44:12,678 [c4e2dbfc-bf93-4c3c-9059-db6704809494-server-thread1] INFO  ratis.XceiverServerRatis (XceiverServerRatis.java:handleLeaderChangedNotification(966)) - Leader change notification received for group: group-1941C1C038EC with new leaderId: 2532b31c-22c5-467b-a3b6-d3baa4dde6c4
2024-01-29 07:44:12,678 [00f7b909-d0df-49f8-910d-886c8291e2be-server-thread1] INFO  server.RaftServer$Division (ServerState.java:setLeader(269)) - 00f7b909-d0df-49f8-910d-886c8291e2be@group-1941C1C038EC: change Leader from null to 2532b31c-22c5-467b-a3b6-d3baa4dde6c4 at term 1 for appendEntries, leader elected after 5200ms
2024-01-29 07:44:12,678 [c4e2dbfc-bf93-4c3c-9059-db6704809494-server-thread1] INFO  server.RaftServer$Division (ServerState.java:setLeader(269)) - c4e2dbfc-bf93-4c3c-9059-db6704809494@group-1941C1C038EC: change Leader from null to 2532b31c-22c5-467b-a3b6-d3baa4dde6c4 at term 1 for appendEntries, leader elected after 5184ms
2024-01-29 07:44:12,678 [c4e2dbfc-bf93-4c3c-9059-db6704809494@group-EC5A67C5AFC1-LeaderElection76] INFO  server.RaftServer$Division (ServerState.java:setRaftConf(386)) - c4e2dbfc-bf93-4c3c-9059-db6704809494@group-EC5A67C5AFC1: set configuration 0: peers:[c4e2dbfc-bf93-4c3c-9059-db6704809494|10.1.0.7:15442]|listeners:[], old=null
2024-01-29 07:44:12,679 [2532b31c-22c5-467b-a3b6-d3baa4dde6c4@group-D9079FC0F504-StateMachineUpdater] INFO  server.RaftServer$Division (LeaderStateImpl.java:isApplied(320)) - leader is ready since appliedIndex == 0 >= startIndex == 0
2024-01-29 07:44:12,683 [c4e2dbfc-bf93-4c3c-9059-db6704809494-server-thread2] INFO  server.RaftServer$Division (ServerState.java:setRaftConf(386)) - c4e2dbfc-bf93-4c3c-9059-db6704809494@group-1941C1C038EC: set configuration 0: peers:[2532b31c-22c5-467b-a3b6-d3baa4dde6c4|10.1.0.7:15424, c4e2dbfc-bf93-4c3c-9059-db6704809494|10.1.0.7:15442, 00f7b909-d0df-49f8-910d-886c8291e2be|10.1.0.7:15433]|listeners:[], old=null
2024-01-29 07:44:12,683 [c4e2dbfc-bf93-4c3c-9059-db6704809494-server-thread2] INFO  segmented.SegmentedRaftLogWorker (SegmentedRaftLogWorker.java:startLogSegment(430)) - c4e2dbfc-bf93-4c3c-9059-db6704809494@group-1941C1C038EC-SegmentedRaftLogWorker: Starting segment from index:0
2024-01-29 07:44:12,683 [00f7b909-d0df-49f8-910d-886c8291e2be-server-thread2] INFO  server.RaftServer$Division (ServerState.java:setRaftConf(386)) - 00f7b909-d0df-49f8-910d-886c8291e2be@group-1941C1C038EC: set configuration 0: peers:[2532b31c-22c5-467b-a3b6-d3baa4dde6c4|10.1.0.7:15424, c4e2dbfc-bf93-4c3c-9059-db6704809494|10.1.0.7:15442, 00f7b909-d0df-49f8-910d-886c8291e2be|10.1.0.7:15433]|listeners:[], old=null
2024-01-29 07:44:12,683 [00f7b909-d0df-49f8-910d-886c8291e2be-server-thread2] INFO  segmented.SegmentedRaftLogWorker (SegmentedRaftLogWorker.java:startLogSegment(430)) - 00f7b909-d0df-49f8-910d-886c8291e2be@group-1941C1C038EC-SegmentedRaftLogWorker: Starting segment from index:0
2024-01-29 07:44:12,687 [c4e2dbfc-bf93-4c3c-9059-db6704809494@group-1941C1C038EC-SegmentedRaftLogWorker] INFO  segmented.BufferedWriteChannel (BufferedWriteChannel.java:open(62)) - open log_inprogress_0 at position 0
2024-01-29 07:44:12,692 [c4e2dbfc-bf93-4c3c-9059-db6704809494@group-EC5A67C5AFC1-StateMachineUpdater] INFO  server.RaftServer$Division (LeaderStateImpl.java:isApplied(320)) - leader is ready since appliedIndex == 0 >= startIndex == 0
2024-01-29 07:44:12,695 [main] INFO  rpc.RpcClient (RpcClient.java:createVolume(455)) - Creating Volume: watchforcommithandlingtest, with runner as owner and space quota set to -1 bytes, counts quota set to -1
2024-01-29 07:44:12,696 [00f7b909-d0df-49f8-910d-886c8291e2be@group-1941C1C038EC-SegmentedRaftLogWorker] INFO  segmented.BufferedWriteChannel (BufferedWriteChannel.java:open(62)) - open log_inprogress_0 at position 0
2024-01-29 07:44:12,699 [c4e2dbfc-bf93-4c3c-9059-db6704809494@group-1941C1C038EC-SegmentedRaftLogWorker] INFO  segmented.SegmentedRaftLogWorker (SegmentedRaftLogWorker.java:execute(634)) - c4e2dbfc-bf93-4c3c-9059-db6704809494@group-1941C1C038EC-SegmentedRaftLogWorker: created new log segment /home/runner/work/ozone/ozone/hadoop-ozone/integration-test/target/test-dir/MiniOzoneClusterImpl-4c098651-5741-4b11-9e36-c6ca8da28866/datanode-8/data/ratis/0a494d6e-c656-4004-aebc-1941c1c038ec/current/log_inprogress_0
2024-01-29 07:44:12,703 [00f7b909-d0df-49f8-910d-886c8291e2be@group-1941C1C038EC-SegmentedRaftLogWorker] INFO  segmented.SegmentedRaftLogWorker (SegmentedRaftLogWorker.java:execute(634)) - 00f7b909-d0df-49f8-910d-886c8291e2be@group-1941C1C038EC-SegmentedRaftLogWorker: created new log segment /home/runner/work/ozone/ozone/hadoop-ozone/integration-test/target/test-dir/MiniOzoneClusterImpl-4c098651-5741-4b11-9e36-c6ca8da28866/datanode-7/data/ratis/0a494d6e-c656-4004-aebc-1941c1c038ec/current/log_inprogress_0
2024-01-29 07:44:12,709 [00f7b909-d0df-49f8-910d-886c8291e2be@group-B9B4DCD604AA-FollowerState] INFO  impl.FollowerState (FollowerState.java:run(143)) - 00f7b909-d0df-49f8-910d-886c8291e2be@group-B9B4DCD604AA-FollowerState: change to CANDIDATE, lastRpcElapsedTime:5170361604ns, electionTimeout:5170ms
2024-01-29 07:44:12,709 [00f7b909-d0df-49f8-910d-886c8291e2be@group-B9B4DCD604AA-FollowerState] INFO  impl.RoleInfo (RoleInfo.java:shutdownFollowerState(110)) - 00f7b909-d0df-49f8-910d-886c8291e2be: shutdown 00f7b909-d0df-49f8-910d-886c8291e2be@group-B9B4DCD604AA-FollowerState
2024-01-29 07:44:12,709 [00f7b909-d0df-49f8-910d-886c8291e2be@group-B9B4DCD604AA-FollowerState] INFO  server.RaftServer$Division (RaftServerImpl.java:setRole(383)) - 00f7b909-d0df-49f8-910d-886c8291e2be@group-B9B4DCD604AA: changes role from  FOLLOWER to CANDIDATE at term 0 for changeToCandidate
2024-01-29 07:44:12,709 [00f7b909-d0df-49f8-910d-886c8291e2be@group-B9B4DCD604AA-FollowerState] INFO  server.RaftServerConfigKeys (ConfUtils.java:logGet(46)) - raft.server.leaderelection.pre-vote = true (default)
2024-01-29 07:44:12,709 [00f7b909-d0df-49f8-910d-886c8291e2be@group-B9B4DCD604AA-FollowerState] INFO  impl.RoleInfo (RoleInfo.java:updateAndGet(139)) - 00f7b909-d0df-49f8-910d-886c8291e2be: start 00f7b909-d0df-49f8-910d-886c8291e2be@group-B9B4DCD604AA-LeaderElection77
2024-01-29 07:44:12,710 [2532b31c-22c5-467b-a3b6-d3baa4dde6c4@group-1941C1C038EC-StateMachineUpdater] INFO  server.RaftServer$Division (LeaderStateImpl.java:isApplied(320)) - leader is ready since appliedIndex == 0 >= startIndex == 0
2024-01-29 07:44:12,714 [00f7b909-d0df-49f8-910d-886c8291e2be@group-B9B4DCD604AA-LeaderElection77] INFO  impl.LeaderElection (LeaderElection.java:askForVotes(321)) - 00f7b909-d0df-49f8-910d-886c8291e2be@group-B9B4DCD604AA-LeaderElection77 PRE_VOTE round 0: submit vote requests at term 0 for -1: peers:[00f7b909-d0df-49f8-910d-886c8291e2be|10.1.0.7:15433]|listeners:[], old=null
2024-01-29 07:44:12,714 [00f7b909-d0df-49f8-910d-886c8291e2be@group-B9B4DCD604AA-LeaderElection77] INFO  impl.LeaderElection (LeaderElection.java:askForVotes(323)) - 00f7b909-d0df-49f8-910d-886c8291e2be@group-B9B4DCD604AA-LeaderElection77 PRE_VOTE round 0: result PASSED (term=0)
2024-01-29 07:44:12,716 [00f7b909-d0df-49f8-910d-886c8291e2be@group-B9B4DCD604AA-LeaderElection77] INFO  impl.LeaderElection (LeaderElection.java:askForVotes(321)) - 00f7b909-d0df-49f8-910d-886c8291e2be@group-B9B4DCD604AA-LeaderElection77 ELECTION round 0: submit vote requests at term 1 for -1: peers:[00f7b909-d0df-49f8-910d-886c8291e2be|10.1.0.7:15433]|listeners:[], old=null
2024-01-29 07:44:12,716 [00f7b909-d0df-49f8-910d-886c8291e2be@group-B9B4DCD604AA-LeaderElection77] INFO  impl.LeaderElection (LeaderElection.java:askForVotes(323)) - 00f7b909-d0df-49f8-910d-886c8291e2be@group-B9B4DCD604AA-LeaderElection77 ELECTION round 0: result PASSED (term=1)
2024-01-29 07:44:12,716 [00f7b909-d0df-49f8-910d-886c8291e2be@group-B9B4DCD604AA-LeaderElection77] INFO  impl.RoleInfo (RoleInfo.java:shutdownLeaderElection(130)) - 00f7b909-d0df-49f8-910d-886c8291e2be: shutdown 00f7b909-d0df-49f8-910d-886c8291e2be@group-B9B4DCD604AA-LeaderElection77
2024-01-29 07:44:12,716 [00f7b909-d0df-49f8-910d-886c8291e2be@group-B9B4DCD604AA-LeaderElection77] INFO  server.RaftServer$Division (RaftServerImpl.java:setRole(383)) - 00f7b909-d0df-49f8-910d-886c8291e2be@group-B9B4DCD604AA: changes role from CANDIDATE to LEADER at term 1 for changeToLeader
2024-01-29 07:44:12,716 [00f7b909-d0df-49f8-910d-886c8291e2be@group-B9B4DCD604AA-LeaderElection77] INFO  server.RaftServerConfigKeys (ConfUtils.java:logGet(46)) - raft.server.staging.catchup.gap = 1000 (default)
2024-01-29 07:44:12,717 [00f7b909-d0df-49f8-910d-886c8291e2be@group-B9B4DCD604AA-LeaderElection77] INFO  server.RaftServerConfigKeys (ConfUtils.java:logGet(46)) - raft.server.write.element-limit = 1024 (custom)
2024-01-29 07:44:12,717 [00f7b909-d0df-49f8-910d-886c8291e2be@group-B9B4DCD604AA-LeaderElection77] INFO  server.RaftServerConfigKeys (ConfUtils.java:logGet(46)) - raft.server.write.byte-limit = 1024 M (=1073741824) (custom)
2024-01-29 07:44:12,719 [om1-OMStateMachineApplyTransactionThread - 0] INFO  volume.OMVolumeCreateRequest (OMVolumeCreateRequest.java:validateAndUpdateCache(198)) - created volume:watchforcommithandlingtest for user:runner
2024-01-29 07:44:12,721 [00f7b909-d0df-49f8-910d-886c8291e2be@group-B9B4DCD604AA-LeaderElection77] INFO  server.RaftServerConfigKeys (ConfUtils.java:logGet(46)) - raft.server.watch.timeout = 3000ms (custom)
2024-01-29 07:44:12,721 [00f7b909-d0df-49f8-910d-886c8291e2be@group-B9B4DCD604AA-LeaderElection77] INFO  server.RaftServerConfigKeys (ConfUtils.java:logGet(46)) - raft.server.watch.timeout.denomination = 1s (default)
2024-01-29 07:44:12,721 [00f7b909-d0df-49f8-910d-886c8291e2be@group-B9B4DCD604AA-LeaderElection77] INFO  server.RaftServerConfigKeys (ConfUtils.java:logGet(46)) - raft.server.watch.element-limit = 65536 (default)
2024-01-29 07:44:12,721 [00f7b909-d0df-49f8-910d-886c8291e2be@group-B9B4DCD604AA-LeaderElection77] INFO  server.RaftServerConfigKeys (ConfUtils.java:logGet(46)) - raft.server.read.leader.lease.enabled = false (default)
2024-01-29 07:44:12,721 [00f7b909-d0df-49f8-910d-886c8291e2be@group-B9B4DCD604AA-LeaderElection77] INFO  server.RaftServerConfigKeys (ConfUtils.java:logGet(46)) - raft.server.read.leader.lease.timeout.ratio = 0.9 (default)
2024-01-29 07:44:12,721 [00f7b909-d0df-49f8-910d-886c8291e2be@group-B9B4DCD604AA-LeaderElection77] INFO  server.RaftServerConfigKeys (ConfUtils.java:logGet(46)) - raft.server.rpc.timeout.min = 5s (custom)
2024-01-29 07:44:12,722 [00f7b909-d0df-49f8-910d-886c8291e2be@group-B9B4DCD604AA-LeaderElection77] INFO  server.RaftServerConfigKeys (ConfUtils.java:logGet(46)) - raft.server.write.element-limit = 1024 (custom)
2024-01-29 07:44:12,722 [00f7b909-d0df-49f8-910d-886c8291e2be@group-B9B4DCD604AA-LeaderElection77] INFO  server.RaftServerConfigKeys (ConfUtils.java:logGet(46)) - raft.server.write.follower.gap.ratio.max = -1.0 (default)
2024-01-29 07:44:12,722 [00f7b909-d0df-49f8-910d-886c8291e2be@group-B9B4DCD604AA-LeaderElection77] INFO  impl.RoleInfo (RoleInfo.java:updateAndGet(139)) - 00f7b909-d0df-49f8-910d-886c8291e2be: start 00f7b909-d0df-49f8-910d-886c8291e2be@group-B9B4DCD604AA-LeaderStateImpl
2024-01-29 07:44:12,722 [00f7b909-d0df-49f8-910d-886c8291e2be@group-B9B4DCD604AA-LeaderElection77] INFO  server.RaftServer$Division (RaftServerImpl.java:setFirstElection(574)) - 00f7b909-d0df-49f8-910d-886c8291e2be@group-B9B4DCD604AA: set firstElectionSinceStartup to false for becomeLeader
2024-01-29 07:44:12,722 [00f7b909-d0df-49f8-910d-886c8291e2be@group-B9B4DCD604AA-LeaderElection77] INFO  ratis.XceiverServerRatis (XceiverServerRatis.java:handleLeaderChangedNotification(966)) - Leader change notification received for group: group-B9B4DCD604AA with new leaderId: 00f7b909-d0df-49f8-910d-886c8291e2be
2024-01-29 07:44:12,725 [00f7b909-d0df-49f8-910d-886c8291e2be@group-B9B4DCD604AA-LeaderElection77] INFO  server.RaftServer$Division (ServerState.java:setLeader(269)) - 00f7b909-d0df-49f8-910d-886c8291e2be@group-B9B4DCD604AA: change Leader from null to 00f7b909-d0df-49f8-910d-886c8291e2be at term 1 for becomeLeader, leader elected after 5190ms
2024-01-29 07:44:12,725 [00f7b909-d0df-49f8-910d-886c8291e2be@group-B9B4DCD604AA-LeaderElection77] INFO  segmented.SegmentedRaftLogWorker (SegmentedRaftLogWorker.java:startLogSegment(430)) - 00f7b909-d0df-49f8-910d-886c8291e2be@group-B9B4DCD604AA-SegmentedRaftLogWorker: Starting segment from index:0
2024-01-29 07:44:12,726 [00f7b909-d0df-49f8-910d-886c8291e2be@group-B9B4DCD604AA-SegmentedRaftLogWorker] INFO  segmented.BufferedWriteChannel (BufferedWriteChannel.java:open(62)) - open log_inprogress_0 at position 0
2024-01-29 07:44:12,727 [main] INFO  rpc.RpcClient (RpcClient.java:createBucket(682)) - Creating Bucket: watchforcommithandlingtest/watchforcommithandlingtest, with server-side default bucket layout, runner as owner, Versioning false, Storage Type set to DISK and Encryption set to false, Replication Type set to server-side default replication type, Namespace Quota set to -1, Space Quota set to -1 
2024-01-29 07:44:12,732 [00f7b909-d0df-49f8-910d-886c8291e2be@group-B9B4DCD604AA-LeaderElection77] INFO  server.RaftServer$Division (ServerState.java:setRaftConf(386)) - 00f7b909-d0df-49f8-910d-886c8291e2be@group-B9B4DCD604AA: set configuration 0: peers:[00f7b909-d0df-49f8-910d-886c8291e2be|10.1.0.7:15433]|listeners:[], old=null
2024-01-29 07:44:12,735 [00f7b909-d0df-49f8-910d-886c8291e2be@group-B9B4DCD604AA-SegmentedRaftLogWorker] INFO  segmented.SegmentedRaftLogWorker (SegmentedRaftLogWorker.java:execute(634)) - 00f7b909-d0df-49f8-910d-886c8291e2be@group-B9B4DCD604AA-SegmentedRaftLogWorker: created new log segment /home/runner/work/ozone/ozone/hadoop-ozone/integration-test/target/test-dir/MiniOzoneClusterImpl-4c098651-5741-4b11-9e36-c6ca8da28866/datanode-7/data/ratis/2ad20807-a5c7-445d-a28d-b9b4dcd604aa/current/log_inprogress_0
2024-01-29 07:44:12,735 [om1-OMStateMachineApplyTransactionThread - 0] INFO  bucket.OMBucketCreateRequest (OMBucketCreateRequest.java:validateAndUpdateCache(292)) - created bucket: watchforcommithandlingtest of layout FILE_SYSTEM_OPTIMIZED in volume: watchforcommithandlingtest
2024-01-29 07:44:12,741 [00f7b909-d0df-49f8-910d-886c8291e2be@group-B9B4DCD604AA-StateMachineUpdater] INFO  server.RaftServer$Division (LeaderStateImpl.java:isApplied(320)) - leader is ready since appliedIndex == 0 >= startIndex == 0
2024-01-29 07:44:12,749 [IPC Server handler 0 on default port 15356] INFO  ha.SequenceIdGenerator (SequenceIdGenerator.java:getNextId(145)) - Allocate a batch for containerId, change lastId from 0 to 1000.
2024-01-29 07:44:12,784 [abb8ef56-980b-44e3-a149-c32b9999de28-DatanodeStateMachineDaemonThread] WARN  statemachine.StateContext (StateContext.java:setState(262)) - Ignore disallowed transition from SHUTDOWN to RUNNING
2024-01-29 07:44:12,785 [main] INFO  ozoneimpl.OzoneContainer (OzoneContainer.java:stop(479)) - Attempting to stop container services.
2024-01-29 07:44:12,785 [main] INFO  server.RaftServer (RaftServerProxy.java:lambda$close$9(416)) - abb8ef56-980b-44e3-a149-c32b9999de28: close
2024-01-29 07:44:12,785 [abb8ef56-980b-44e3-a149-c32b9999de28-impl-thread1] INFO  server.RaftServer$Division (RaftServerImpl.java:lambda$close$3(526)) - abb8ef56-980b-44e3-a149-c32b9999de28@group-B1678F363924: shutdown
2024-01-29 07:44:12,786 [main] INFO  server.GrpcService (GrpcService.java:closeImpl(311)) - abb8ef56-980b-44e3-a149-c32b9999de28: shutdown server org.apache.ratis.grpc.server.GrpcClientProtocolService now
2024-01-29 07:44:12,786 [abb8ef56-980b-44e3-a149-c32b9999de28-impl-thread2] INFO  server.RaftServer$Division (RaftServerImpl.java:lambda$close$3(526)) - abb8ef56-980b-44e3-a149-c32b9999de28@group-C43A03F49808: shutdown
2024-01-29 07:44:12,786 [abb8ef56-980b-44e3-a149-c32b9999de28-impl-thread1] INFO  util.JmxRegister (JmxRegister.java:unregister(73)) - Successfully un-registered JMX Bean with object name Ratis:service=RaftServer,group=group-B1678F363924,id=abb8ef56-980b-44e3-a149-c32b9999de28
2024-01-29 07:44:12,786 [abb8ef56-980b-44e3-a149-c32b9999de28-impl-thread1] INFO  impl.RoleInfo (RoleInfo.java:shutdownFollowerState(110)) - abb8ef56-980b-44e3-a149-c32b9999de28: shutdown abb8ef56-980b-44e3-a149-c32b9999de28@group-B1678F363924-FollowerState
2024-01-29 07:44:12,786 [abb8ef56-980b-44e3-a149-c32b9999de28-impl-thread2] INFO  util.JmxRegister (JmxRegister.java:unregister(73)) - Successfully un-registered JMX Bean with object name Ratis:service=RaftServer,group=group-C43A03F49808,id=abb8ef56-980b-44e3-a149-c32b9999de28
2024-01-29 07:44:12,786 [abb8ef56-980b-44e3-a149-c32b9999de28-impl-thread2] INFO  impl.RoleInfo (RoleInfo.java:shutdownLeaderState(94)) - abb8ef56-980b-44e3-a149-c32b9999de28: shutdown abb8ef56-980b-44e3-a149-c32b9999de28@group-C43A03F49808-LeaderStateImpl
2024-01-29 07:44:12,786 [abb8ef56-980b-44e3-a149-c32b9999de28-impl-thread2] INFO  impl.PendingRequests (PendingRequests.java:sendNotLeaderResponses(289)) - abb8ef56-980b-44e3-a149-c32b9999de28@group-C43A03F49808-PendingRequests: sendNotLeaderResponses
2024-01-29 07:44:12,787 [abb8ef56-980b-44e3-a149-c32b9999de28-impl-thread2] INFO  impl.StateMachineUpdater (StateMachineUpdater.java:stopAndJoin(157)) - abb8ef56-980b-44e3-a149-c32b9999de28@group-C43A03F49808-StateMachineUpdater: set stopIndex = 0
2024-01-29 07:44:12,787 [abb8ef56-980b-44e3-a149-c32b9999de28@group-C43A03F49808-StateMachineUpdater] INFO  ratis.ContainerStateMachine (ContainerStateMachine.java:takeSnapshot(355)) - group-C43A03F49808: Taking a snapshot at:(t:1, i:0) file /home/runner/work/ozone/ozone/hadoop-ozone/integration-test/target/test-dir/MiniOzoneClusterImpl-4c098651-5741-4b11-9e36-c6ca8da28866/datanode-5/data/ratis/04d89e2a-8821-40c7-baea-c43a03f49808/sm/snapshot.1_0
2024-01-29 07:44:12,787 [abb8ef56-980b-44e3-a149-c32b9999de28@group-C43A03F49808-StateMachineUpdater] INFO  ratis.ContainerStateMachine (ContainerStateMachine.java:takeSnapshot(366)) - group-C43A03F49808: Finished taking a snapshot at:(t:1, i:0) file:/home/runner/work/ozone/ozone/hadoop-ozone/integration-test/target/test-dir/MiniOzoneClusterImpl-4c098651-5741-4b11-9e36-c6ca8da28866/datanode-5/data/ratis/04d89e2a-8821-40c7-baea-c43a03f49808/sm/snapshot.1_0 took: 1 ms
2024-01-29 07:44:12,788 [abb8ef56-980b-44e3-a149-c32b9999de28@group-C43A03F49808-StateMachineUpdater] INFO  impl.StateMachineUpdater (StateMachineUpdater.java:takeSnapshot(295)) - abb8ef56-980b-44e3-a149-c32b9999de28@group-C43A03F49808-StateMachineUpdater: Took a snapshot at index 0
2024-01-29 07:44:12,788 [abb8ef56-980b-44e3-a149-c32b9999de28-impl-thread1] INFO  impl.StateMachineUpdater (StateMachineUpdater.java:stopAndJoin(157)) - abb8ef56-980b-44e3-a149-c32b9999de28@group-B1678F363924-StateMachineUpdater: set stopIndex = 1
2024-01-29 07:44:12,788 [abb8ef56-980b-44e3-a149-c32b9999de28@group-C43A03F49808-StateMachineUpdater] INFO  impl.StateMachineUpdater (StateMachineUpdater.java:lambda$new$0(98)) - abb8ef56-980b-44e3-a149-c32b9999de28@group-C43A03F49808-StateMachineUpdater: snapshotIndex: updateIncreasingly -1 -> 0
2024-01-29 07:44:12,788 [abb8ef56-980b-44e3-a149-c32b9999de28@group-B1678F363924-FollowerState] INFO  impl.FollowerState (FollowerState.java:run(152)) - abb8ef56-980b-44e3-a149-c32b9999de28@group-B1678F363924-FollowerState was interrupted
2024-01-29 07:44:12,788 [abb8ef56-980b-44e3-a149-c32b9999de28@group-B1678F363924-StateMachineUpdater] INFO  ratis.ContainerStateMachine (ContainerStateMachine.java:takeSnapshot(355)) - group-B1678F363924: Taking a snapshot at:(t:1, i:1) file /home/runner/work/ozone/ozone/hadoop-ozone/integration-test/target/test-dir/MiniOzoneClusterImpl-4c098651-5741-4b11-9e36-c6ca8da28866/datanode-5/data/ratis/3ff0a7ac-1dd7-41e8-9796-b1678f363924/sm/snapshot.1_1
2024-01-29 07:44:12,788 [abb8ef56-980b-44e3-a149-c32b9999de28-impl-thread2] INFO  server.RaftServer$Division (ServerState.java:close(427)) - abb8ef56-980b-44e3-a149-c32b9999de28@group-C43A03F49808: applyIndex: 0
2024-01-29 07:44:12,788 [main] INFO  server.GrpcService (GrpcService.java:closeImpl(320)) - abb8ef56-980b-44e3-a149-c32b9999de28: shutdown server org.apache.ratis.grpc.server.GrpcClientProtocolService successfully
2024-01-29 07:44:12,788 [main] INFO  server.GrpcService (GrpcService.java:closeImpl(311)) - abb8ef56-980b-44e3-a149-c32b9999de28: shutdown server GrpcServerProtocolService now
2024-01-29 07:44:12,788 [abb8ef56-980b-44e3-a149-c32b9999de28@group-C43A03F49808-cacheEviction-AwaitToRun] INFO  util.AwaitToRun (AwaitToRun.java:run(49)) - abb8ef56-980b-44e3-a149-c32b9999de28@group-C43A03F49808-cacheEviction-AwaitToRun-AwaitForSignal is interrupted
2024-01-29 07:44:12,788 [abb8ef56-980b-44e3-a149-c32b9999de28@group-B1678F363924-StateMachineUpdater] INFO  ratis.ContainerStateMachine (ContainerStateMachine.java:takeSnapshot(366)) - group-B1678F363924: Finished taking a snapshot at:(t:1, i:1) file:/home/runner/work/ozone/ozone/hadoop-ozone/integration-test/target/test-dir/MiniOzoneClusterImpl-4c098651-5741-4b11-9e36-c6ca8da28866/datanode-5/data/ratis/3ff0a7ac-1dd7-41e8-9796-b1678f363924/sm/snapshot.1_1 took: 1 ms
2024-01-29 07:44:12,789 [abb8ef56-980b-44e3-a149-c32b9999de28@group-B1678F363924-StateMachineUpdater] INFO  impl.StateMachineUpdater (StateMachineUpdater.java:takeSnapshot(295)) - abb8ef56-980b-44e3-a149-c32b9999de28@group-B1678F363924-StateMachineUpdater: Took a snapshot at index 1
2024-01-29 07:44:12,789 [abb8ef56-980b-44e3-a149-c32b9999de28@group-B1678F363924-StateMachineUpdater] INFO  impl.StateMachineUpdater (StateMachineUpdater.java:lambda$new$0(98)) - abb8ef56-980b-44e3-a149-c32b9999de28@group-B1678F363924-StateMachineUpdater: snapshotIndex: updateIncreasingly -1 -> 1
2024-01-29 07:44:12,790 [abb8ef56-980b-44e3-a149-c32b9999de28-impl-thread1] INFO  server.RaftServer$Division (ServerState.java:close(427)) - abb8ef56-980b-44e3-a149-c32b9999de28@group-B1678F363924: applyIndex: 1
2024-01-29 07:44:12,790 [abb8ef56-980b-44e3-a149-c32b9999de28@group-B1678F363924-cacheEviction-AwaitToRun] INFO  util.AwaitToRun (AwaitToRun.java:run(49)) - abb8ef56-980b-44e3-a149-c32b9999de28@group-B1678F363924-cacheEviction-AwaitToRun-AwaitForSignal is interrupted
2024-01-29 07:44:12,790 [grpc-default-executor-3] WARN  server.GrpcServerProtocolService (LogUtils.java:warn(121)) - abb8ef56-980b-44e3-a149-c32b9999de28: APPEND_ENTRIES onError, lastRequest: 9deec6a2-e137-4b51-9c1f-847336f03f34->abb8ef56-980b-44e3-a149-c32b9999de28#5-t1,previous=(t:1, i:1),leaderCommit=1,initializing? false,entries: size=1, first=(t:1, i:2), METADATAENTRY(c:1): org.apache.ratis.thirdparty.io.grpc.StatusRuntimeException: CANCELLED: client cancelled
2024-01-29 07:44:12,790 [grpc-default-executor-0] WARN  server.GrpcServerProtocolService (LogUtils.java:warn(121)) - abb8ef56-980b-44e3-a149-c32b9999de28: APPEND_ENTRIES onError, lastRequest: null: org.apache.ratis.thirdparty.io.grpc.StatusRuntimeException: CANCELLED: client cancelled
2024-01-29 07:44:12,791 [grpc-default-executor-0] WARN  server.GrpcLogAppender (LogUtils.java:warn(121)) - 9deec6a2-e137-4b51-9c1f-847336f03f34@group-B1678F363924->abb8ef56-980b-44e3-a149-c32b9999de28-AppendLogResponseHandler: Failed appendEntries: org.apache.ratis.thirdparty.io.grpc.StatusRuntimeException: CANCELLED: RST_STREAM closed stream. HTTP/2 error code: CANCEL
2024-01-29 07:44:12,791 [grpc-default-executor-0] WARN  server.GrpcLogAppender (GrpcLogAppender.java:lambda$resetClient$1(217)) - 9deec6a2-e137-4b51-9c1f-847336f03f34@group-B1678F363924->abb8ef56-980b-44e3-a149-c32b9999de28-GrpcLogAppender: Follower failed (request=null, errorCount=1); keep nextIndex (3) unchanged and retry.
2024-01-29 07:44:12,794 [main] INFO  server.GrpcService (GrpcService.java:closeImpl(320)) - abb8ef56-980b-44e3-a149-c32b9999de28: shutdown server GrpcServerProtocolService successfully
2024-01-29 07:44:12,794 [main] INFO  server.GrpcService (GrpcService.java:closeImpl(311)) - abb8ef56-980b-44e3-a149-c32b9999de28: shutdown server org.apache.ratis.grpc.server.GrpcAdminProtocolService now
2024-01-29 07:44:12,795 [main] INFO  server.GrpcService (GrpcService.java:closeImpl(320)) - abb8ef56-980b-44e3-a149-c32b9999de28: shutdown server org.apache.ratis.grpc.server.GrpcAdminProtocolService successfully
2024-01-29 07:44:12,799 [abb8ef56-980b-44e3-a149-c32b9999de28-NettyServerStreamRpc-bossGroup--thread1] INFO  logging.LoggingHandler (AbstractInternalLogger.java:log(148)) - [id: 0xaef0f8fa, L:/0.0.0.0:15416] CLOSE
2024-01-29 07:44:12,799 [abb8ef56-980b-44e3-a149-c32b9999de28-NettyServerStreamRpc-bossGroup--thread1] INFO  logging.LoggingHandler (AbstractInternalLogger.java:log(148)) - [id: 0xaef0f8fa, L:/0.0.0.0:15416] INACTIVE
2024-01-29 07:44:12,799 [abb8ef56-980b-44e3-a149-c32b9999de28-NettyServerStreamRpc-bossGroup--thread1] INFO  logging.LoggingHandler (AbstractInternalLogger.java:log(148)) - [id: 0xaef0f8fa, L:/0.0.0.0:15416] UNREGISTERED
2024-01-29 07:44:13,388 [abb8ef56-980b-44e3-a149-c32b9999de28-impl-thread2] INFO  segmented.SegmentedRaftLogWorker (SegmentedRaftLogWorker.java:close(245)) - abb8ef56-980b-44e3-a149-c32b9999de28@group-C43A03F49808-SegmentedRaftLogWorker close()
2024-01-29 07:44:13,767 [abb8ef56-980b-44e3-a149-c32b9999de28-impl-thread1] INFO  segmented.SegmentedRaftLogWorker (SegmentedRaftLogWorker.java:close(245)) - abb8ef56-980b-44e3-a149-c32b9999de28@group-B1678F363924-SegmentedRaftLogWorker close()
2024-01-29 07:44:13,769 [JvmPauseMonitor51] INFO  util.JvmPauseMonitor (JvmPauseMonitor.java:run(152)) - JvmPauseMonitor-abb8ef56-980b-44e3-a149-c32b9999de28: Stopped
2024-01-29 07:44:15,775 [main] INFO  utils.DatanodeStoreCache (DatanodeStoreCache.java:shutdownCache(116)) - Skip clearing cache in mini cluster mode. Entries left: [/home/runner/work/ozone/ozone/hadoop-ozone/integration-test/target/test-dir/MiniOzoneClusterImpl-4c098651-5741-4b11-9e36-c6ca8da28866/datanode-0/data-0/containers/hdds/4c098651-5741-4b11-9e36-c6ca8da28866/DS-0b11485a-252b-4744-94af-7d7cece7e88e/container.db, /home/runner/work/ozone/ozone/hadoop-ozone/integration-test/target/test-dir/MiniOzoneClusterImpl-4c098651-5741-4b11-9e36-c6ca8da28866/datanode-1/data-0/containers/hdds/4c098651-5741-4b11-9e36-c6ca8da28866/DS-375c26c4-22fe-4b82-a0c2-190a7a933f6d/container.db, /home/runner/work/ozone/ozone/hadoop-ozone/integration-test/target/test-dir/MiniOzoneClusterImpl-4c098651-5741-4b11-9e36-c6ca8da28866/datanode-2/data-0/containers/hdds/4c098651-5741-4b11-9e36-c6ca8da28866/DS-7ccef6fe-13d0-4526-b53f-3f1aabe0e10a/container.db, /home/runner/work/ozone/ozone/hadoop-ozone/integration-test/target/test-dir/MiniOzoneClusterImpl-4c098651-5741-4b11-9e36-c6ca8da28866/datanode-3/data-0/containers/hdds/4c098651-5741-4b11-9e36-c6ca8da28866/DS-6d9d30d2-8771-4b6c-a201-9704fa8a16e5/container.db, /home/runner/work/ozone/ozone/hadoop-ozone/integration-test/target/test-dir/MiniOzoneClusterImpl-4c098651-5741-4b11-9e36-c6ca8da28866/datanode-4/data-0/containers/hdds/4c098651-5741-4b11-9e36-c6ca8da28866/DS-4e0676f1-db80-4653-ba3a-9dd3248d7d4b/container.db, /home/runner/work/ozone/ozone/hadoop-ozone/integration-test/target/test-dir/MiniOzoneClusterImpl-4c098651-5741-4b11-9e36-c6ca8da28866/datanode-5/data-0/containers/hdds/4c098651-5741-4b11-9e36-c6ca8da28866/DS-4dc7edc5-4f82-4678-8165-c161d34a7808/container.db, /home/runner/work/ozone/ozone/hadoop-ozone/integration-test/target/test-dir/MiniOzoneClusterImpl-4c098651-5741-4b11-9e36-c6ca8da28866/datanode-6/data-0/containers/hdds/4c098651-5741-4b11-9e36-c6ca8da28866/DS-ba8d42ce-cf4a-4148-9202-4301bf025855/container.db, /home/runner/work/ozone/ozone/hadoop-ozone/integration-test/target/test-dir/MiniOzoneClusterImpl-4c098651-5741-4b11-9e36-c6ca8da28866/datanode-7/data-0/containers/hdds/4c098651-5741-4b11-9e36-c6ca8da28866/DS-aa8cfca7-3177-4bec-b00e-54f002e47b1e/container.db, /home/runner/work/ozone/ozone/hadoop-ozone/integration-test/target/test-dir/MiniOzoneClusterImpl-4c098651-5741-4b11-9e36-c6ca8da28866/datanode-8/data-0/containers/hdds/4c098651-5741-4b11-9e36-c6ca8da28866/DS-8762f955-43b4-49c8-b2bc-56e233757c55/container.db]
2024-01-29 07:44:15,776 [main] INFO  utils.DatanodeStoreCache (DatanodeStoreCache.java:removeDB(110)) - Removed db /home/runner/work/ozone/ozone/hadoop-ozone/integration-test/target/test-dir/MiniOzoneClusterImpl-4c098651-5741-4b11-9e36-c6ca8da28866/datanode-5/data-0/containers/hdds/4c098651-5741-4b11-9e36-c6ca8da28866/DS-4dc7edc5-4f82-4678-8165-c161d34a7808/container.db from cache
2024-01-29 07:44:15,777 [main] INFO  volume.HddsVolume (HddsVolume.java:closeDbStore(451)) - SchemaV3 db is stopped at /home/runner/work/ozone/ozone/hadoop-ozone/integration-test/target/test-dir/MiniOzoneClusterImpl-4c098651-5741-4b11-9e36-c6ca8da28866/datanode-5/data-0/containers/hdds/4c098651-5741-4b11-9e36-c6ca8da28866/DS-4dc7edc5-4f82-4678-8165-c161d34a7808/container.db for volume DS-4dc7edc5-4f82-4678-8165-c161d34a7808
2024-01-29 07:44:15,777 [main] INFO  utils.BackgroundService (BackgroundService.java:shutdown(160)) - Shutting down service BlockDeletingService
2024-01-29 07:44:15,777 [main] INFO  utils.BackgroundService (BackgroundService.java:shutdown(160)) - Shutting down service StaleRecoveringContainerScrubbingService
2024-01-29 07:44:15,778 [main] INFO  statemachine.DatanodeStateMachine (DatanodeStateMachine.java:stopDaemon(638)) - Ozone container server stopped.
2024-01-29 07:44:15,778 [main] INFO  handler.ContextHandler (ContextHandler.java:doStop(1159)) - Stopped o.e.j.w.WebAppContext@6ab90a7e{hddsDatanode,/,null,STOPPED}{jar:file:/home/runner/.m2/repository/org/apache/ozone/hdds-container-service/1.5.0-SNAPSHOT/hdds-container-service-1.5.0-SNAPSHOT.jar!/webapps/hddsDatanode}
2024-01-29 07:44:15,779 [main] INFO  server.AbstractConnector (AbstractConnector.java:doStop(383)) - Stopped ServerConnector@3a0e530d{HTTP/1.1, (http/1.1)}{0.0.0.0:15410}
2024-01-29 07:44:15,779 [main] INFO  server.session (HouseKeeper.java:stopScavenging(149)) - node0 Stopped scavenging
2024-01-29 07:44:15,779 [main] INFO  handler.ContextHandler (ContextHandler.java:doStop(1159)) - Stopped o.e.j.s.ServletContextHandler@75afb3d8{static,/static,jar:file:/home/runner/.m2/repository/org/apache/ozone/hdds-container-service/1.5.0-SNAPSHOT/hdds-container-service-1.5.0-SNAPSHOT.jar!/webapps/static,STOPPED}
2024-01-29 07:44:15,780 [main] INFO  handler.ContextHandler (ContextHandler.java:doStop(1159)) - Stopped o.e.j.s.ServletContextHandler@11a3a80{logs,/logs,file:///home/runner/work/ozone/ozone/hadoop-ozone/integration-test/target/log,STOPPED}
2024-01-29 07:44:15,780 [main] INFO  ozone.HddsDatanodeClientProtocolServer (HddsDatanodeClientProtocolServer.java:stop(78)) - Stopping the RPC server for Client Protocol
2024-01-29 07:44:15,780 [main] INFO  ipc.Server (Server.java:stop(3523)) - Stopping server on 15411
2024-01-29 07:44:15,782 [IPC Server listener on 15411] INFO  ipc.Server (Server.java:run(1434)) - Stopping IPC Server listener on 15411
2024-01-29 07:44:15,782 [IPC Server Responder] INFO  ipc.Server (Server.java:run(1567)) - Stopping IPC Server Responder
2024-01-29 07:44:15,784 [main] INFO  ozoneimpl.OzoneContainer (OzoneContainer.java:stop(479)) - Attempting to stop container services.
2024-01-29 07:44:15,785 [main] INFO  server.RaftServer (RaftServerProxy.java:lambda$close$9(416)) - ae994d2b-07e5-4c7e-bc1d-199b697c7c17: close
2024-01-29 07:44:15,785 [ae994d2b-07e5-4c7e-bc1d-199b697c7c17-impl-thread1] INFO  server.RaftServer$Division (RaftServerImpl.java:lambda$close$3(526)) - ae994d2b-07e5-4c7e-bc1d-199b697c7c17@group-B1678F363924: shutdown
2024-01-29 07:44:15,785 [ae994d2b-07e5-4c7e-bc1d-199b697c7c17-impl-thread1] INFO  util.JmxRegister (JmxRegister.java:unregister(73)) - Successfully un-registered JMX Bean with object name Ratis:service=RaftServer,group=group-B1678F363924,id=ae994d2b-07e5-4c7e-bc1d-199b697c7c17
2024-01-29 07:44:15,785 [main] INFO  server.GrpcService (GrpcService.java:closeImpl(311)) - ae994d2b-07e5-4c7e-bc1d-199b697c7c17: shutdown server org.apache.ratis.grpc.server.GrpcClientProtocolService now
2024-01-29 07:44:15,785 [ae994d2b-07e5-4c7e-bc1d-199b697c7c17-impl-thread1] INFO  impl.RoleInfo (RoleInfo.java:shutdownFollowerState(110)) - ae994d2b-07e5-4c7e-bc1d-199b697c7c17: shutdown ae994d2b-07e5-4c7e-bc1d-199b697c7c17@group-B1678F363924-FollowerState
2024-01-29 07:44:15,785 [ae994d2b-07e5-4c7e-bc1d-199b697c7c17-impl-thread1] INFO  impl.StateMachineUpdater (StateMachineUpdater.java:stopAndJoin(157)) - ae994d2b-07e5-4c7e-bc1d-199b697c7c17@group-B1678F363924-StateMachineUpdater: set stopIndex = 2
2024-01-29 07:44:15,785 [ae994d2b-07e5-4c7e-bc1d-199b697c7c17@group-B1678F363924-FollowerState] INFO  impl.FollowerState (FollowerState.java:run(152)) - ae994d2b-07e5-4c7e-bc1d-199b697c7c17@group-B1678F363924-FollowerState was interrupted
2024-01-29 07:44:15,785 [ae994d2b-07e5-4c7e-bc1d-199b697c7c17-impl-thread2] INFO  server.RaftServer$Division (RaftServerImpl.java:lambda$close$3(526)) - ae994d2b-07e5-4c7e-bc1d-199b697c7c17@group-B905D216D3AE: shutdown
2024-01-29 07:44:15,785 [ae994d2b-07e5-4c7e-bc1d-199b697c7c17@group-B1678F363924-StateMachineUpdater] INFO  ratis.ContainerStateMachine (ContainerStateMachine.java:takeSnapshot(355)) - group-B1678F363924: Taking a snapshot at:(t:1, i:2) file /home/runner/work/ozone/ozone/hadoop-ozone/integration-test/target/test-dir/MiniOzoneClusterImpl-4c098651-5741-4b11-9e36-c6ca8da28866/datanode-4/data/ratis/3ff0a7ac-1dd7-41e8-9796-b1678f363924/sm/snapshot.1_2
2024-01-29 07:44:15,785 [ae994d2b-07e5-4c7e-bc1d-199b697c7c17-impl-thread2] INFO  util.JmxRegister (JmxRegister.java:unregister(73)) - Successfully un-registered JMX Bean with object name Ratis:service=RaftServer,group=group-B905D216D3AE,id=ae994d2b-07e5-4c7e-bc1d-199b697c7c17
2024-01-29 07:44:15,786 [ae994d2b-07e5-4c7e-bc1d-199b697c7c17-impl-thread2] INFO  impl.RoleInfo (RoleInfo.java:shutdownLeaderState(94)) - ae994d2b-07e5-4c7e-bc1d-199b697c7c17: shutdown ae994d2b-07e5-4c7e-bc1d-199b697c7c17@group-B905D216D3AE-LeaderStateImpl
2024-01-29 07:44:15,786 [ae994d2b-07e5-4c7e-bc1d-199b697c7c17-impl-thread2] INFO  impl.PendingRequests (PendingRequests.java:sendNotLeaderResponses(289)) - ae994d2b-07e5-4c7e-bc1d-199b697c7c17@group-B905D216D3AE-PendingRequests: sendNotLeaderResponses
2024-01-29 07:44:15,786 [ae994d2b-07e5-4c7e-bc1d-199b697c7c17-impl-thread2] INFO  impl.StateMachineUpdater (StateMachineUpdater.java:stopAndJoin(157)) - ae994d2b-07e5-4c7e-bc1d-199b697c7c17@group-B905D216D3AE-StateMachineUpdater: set stopIndex = 0
2024-01-29 07:44:15,786 [ae994d2b-07e5-4c7e-bc1d-199b697c7c17@group-B905D216D3AE-StateMachineUpdater] INFO  ratis.ContainerStateMachine (ContainerStateMachine.java:takeSnapshot(355)) - group-B905D216D3AE: Taking a snapshot at:(t:1, i:0) file /home/runner/work/ozone/ozone/hadoop-ozone/integration-test/target/test-dir/MiniOzoneClusterImpl-4c098651-5741-4b11-9e36-c6ca8da28866/datanode-4/data/ratis/88303a32-9181-4b9f-ae97-b905d216d3ae/sm/snapshot.1_0
2024-01-29 07:44:15,786 [ae994d2b-07e5-4c7e-bc1d-199b697c7c17@group-B1678F363924-StateMachineUpdater] INFO  ratis.ContainerStateMachine (ContainerStateMachine.java:takeSnapshot(366)) - group-B1678F363924: Finished taking a snapshot at:(t:1, i:2) file:/home/runner/work/ozone/ozone/hadoop-ozone/integration-test/target/test-dir/MiniOzoneClusterImpl-4c098651-5741-4b11-9e36-c6ca8da28866/datanode-4/data/ratis/3ff0a7ac-1dd7-41e8-9796-b1678f363924/sm/snapshot.1_2 took: 1 ms
2024-01-29 07:44:15,786 [main] INFO  server.GrpcService (GrpcService.java:closeImpl(320)) - ae994d2b-07e5-4c7e-bc1d-199b697c7c17: shutdown server org.apache.ratis.grpc.server.GrpcClientProtocolService successfully
2024-01-29 07:44:15,787 [main] INFO  server.GrpcService (GrpcService.java:closeImpl(311)) - ae994d2b-07e5-4c7e-bc1d-199b697c7c17: shutdown server GrpcServerProtocolService now
2024-01-29 07:44:15,787 [ae994d2b-07e5-4c7e-bc1d-199b697c7c17@group-B1678F363924-StateMachineUpdater] INFO  impl.StateMachineUpdater (StateMachineUpdater.java:takeSnapshot(295)) - ae994d2b-07e5-4c7e-bc1d-199b697c7c17@group-B1678F363924-StateMachineUpdater: Took a snapshot at index 2
2024-01-29 07:44:15,787 [ae994d2b-07e5-4c7e-bc1d-199b697c7c17@group-B905D216D3AE-StateMachineUpdater] INFO  ratis.ContainerStateMachine (ContainerStateMachine.java:takeSnapshot(366)) - group-B905D216D3AE: Finished taking a snapshot at:(t:1, i:0) file:/home/runner/work/ozone/ozone/hadoop-ozone/integration-test/target/test-dir/MiniOzoneClusterImpl-4c098651-5741-4b11-9e36-c6ca8da28866/datanode-4/data/ratis/88303a32-9181-4b9f-ae97-b905d216d3ae/sm/snapshot.1_0 took: 0 ms
2024-01-29 07:44:15,787 [ae994d2b-07e5-4c7e-bc1d-199b697c7c17@group-B905D216D3AE-StateMachineUpdater] INFO  impl.StateMachineUpdater (StateMachineUpdater.java:takeSnapshot(295)) - ae994d2b-07e5-4c7e-bc1d-199b697c7c17@group-B905D216D3AE-StateMachineUpdater: Took a snapshot at index 0
2024-01-29 07:44:15,787 [ae994d2b-07e5-4c7e-bc1d-199b697c7c17@group-B905D216D3AE-StateMachineUpdater] INFO  impl.StateMachineUpdater (StateMachineUpdater.java:lambda$new$0(98)) - ae994d2b-07e5-4c7e-bc1d-199b697c7c17@group-B905D216D3AE-StateMachineUpdater: snapshotIndex: updateIncreasingly -1 -> 0
2024-01-29 07:44:15,787 [ae994d2b-07e5-4c7e-bc1d-199b697c7c17-impl-thread2] INFO  server.RaftServer$Division (ServerState.java:close(427)) - ae994d2b-07e5-4c7e-bc1d-199b697c7c17@group-B905D216D3AE: applyIndex: 0
2024-01-29 07:44:15,787 [ae994d2b-07e5-4c7e-bc1d-199b697c7c17@group-B1678F363924-StateMachineUpdater] INFO  impl.StateMachineUpdater (StateMachineUpdater.java:lambda$new$0(98)) - ae994d2b-07e5-4c7e-bc1d-199b697c7c17@group-B1678F363924-StateMachineUpdater: snapshotIndex: updateIncreasingly -1 -> 2
2024-01-29 07:44:15,790 [ae994d2b-07e5-4c7e-bc1d-199b697c7c17@group-B905D216D3AE-cacheEviction-AwaitToRun] INFO  util.AwaitToRun (AwaitToRun.java:run(49)) - ae994d2b-07e5-4c7e-bc1d-199b697c7c17@group-B905D216D3AE-cacheEviction-AwaitToRun-AwaitForSignal is interrupted
2024-01-29 07:44:15,790 [grpc-default-executor-6] WARN  server.GrpcServerProtocolService (LogUtils.java:warn(121)) - ae994d2b-07e5-4c7e-bc1d-199b697c7c17: APPEND_ENTRIES onError, lastRequest: 9deec6a2-e137-4b51-9c1f-847336f03f34->ae994d2b-07e5-4c7e-bc1d-199b697c7c17#4-t1,previous=(t:1, i:1),leaderCommit=1,initializing? false,entries: size=1, first=(t:1, i:2), METADATAENTRY(c:1): org.apache.ratis.thirdparty.io.grpc.StatusRuntimeException: CANCELLED: client cancelled
2024-01-29 07:44:15,790 [grpc-default-executor-3] WARN  server.GrpcServerProtocolService (LogUtils.java:warn(121)) - ae994d2b-07e5-4c7e-bc1d-199b697c7c17: APPEND_ENTRIES onError, lastRequest: null: org.apache.ratis.thirdparty.io.grpc.StatusRuntimeException: CANCELLED: client cancelled
2024-01-29 07:44:15,790 [main] INFO  server.GrpcService (GrpcService.java:closeImpl(320)) - ae994d2b-07e5-4c7e-bc1d-199b697c7c17: shutdown server GrpcServerProtocolService successfully
2024-01-29 07:44:15,791 [main] INFO  server.GrpcService (GrpcService.java:closeImpl(311)) - ae994d2b-07e5-4c7e-bc1d-199b697c7c17: shutdown server org.apache.ratis.grpc.server.GrpcAdminProtocolService now
2024-01-29 07:44:15,792 [ae994d2b-07e5-4c7e-bc1d-199b697c7c17-impl-thread1] INFO  server.RaftServer$Division (ServerState.java:close(427)) - ae994d2b-07e5-4c7e-bc1d-199b697c7c17@group-B1678F363924: applyIndex: 2
2024-01-29 07:44:15,791 [grpc-default-executor-0] WARN  server.GrpcLogAppender (LogUtils.java:warn(121)) - 9deec6a2-e137-4b51-9c1f-847336f03f34@group-B1678F363924->ae994d2b-07e5-4c7e-bc1d-199b697c7c17-AppendLogResponseHandler: Failed appendEntries: org.apache.ratis.thirdparty.io.grpc.StatusRuntimeException: CANCELLED: RST_STREAM closed stream. HTTP/2 error code: CANCEL
2024-01-29 07:44:15,792 [ae994d2b-07e5-4c7e-bc1d-199b697c7c17@group-B1678F363924-cacheEviction-AwaitToRun] INFO  util.AwaitToRun (AwaitToRun.java:run(49)) - ae994d2b-07e5-4c7e-bc1d-199b697c7c17@group-B1678F363924-cacheEviction-AwaitToRun-AwaitForSignal is interrupted
2024-01-29 07:44:15,792 [grpc-default-executor-3] WARN  server.GrpcLogAppender (GrpcLogAppender.java:lambda$resetClient$1(217)) - 9deec6a2-e137-4b51-9c1f-847336f03f34@group-B1678F363924->ae994d2b-07e5-4c7e-bc1d-199b697c7c17-GrpcLogAppender: Follower failed (request=null, errorCount=1); keep nextIndex (3) unchanged and retry.
2024-01-29 07:44:15,793 [main] INFO  server.GrpcService (GrpcService.java:closeImpl(320)) - ae994d2b-07e5-4c7e-bc1d-199b697c7c17: shutdown server org.apache.ratis.grpc.server.GrpcAdminProtocolService successfully
2024-01-29 07:44:15,795 [ae994d2b-07e5-4c7e-bc1d-199b697c7c17-NettyServerStreamRpc-bossGroup--thread1] INFO  logging.LoggingHandler (AbstractInternalLogger.java:log(148)) - [id: 0xbd7e6e7d, L:/0.0.0.0:15407] CLOSE
2024-01-29 07:44:15,795 [ae994d2b-07e5-4c7e-bc1d-199b697c7c17-NettyServerStreamRpc-bossGroup--thread1] INFO  logging.LoggingHandler (AbstractInternalLogger.java:log(148)) - [id: 0xbd7e6e7d, L:/0.0.0.0:15407] INACTIVE
2024-01-29 07:44:15,795 [ae994d2b-07e5-4c7e-bc1d-199b697c7c17-NettyServerStreamRpc-bossGroup--thread1] INFO  logging.LoggingHandler (AbstractInternalLogger.java:log(148)) - [id: 0xbd7e6e7d, L:/0.0.0.0:15407] UNREGISTERED
2024-01-29 07:44:16,450 [ae994d2b-07e5-4c7e-bc1d-199b697c7c17-impl-thread2] INFO  segmented.SegmentedRaftLogWorker (SegmentedRaftLogWorker.java:close(245)) - ae994d2b-07e5-4c7e-bc1d-199b697c7c17@group-B905D216D3AE-SegmentedRaftLogWorker close()
2024-01-29 07:44:16,766 [ae994d2b-07e5-4c7e-bc1d-199b697c7c17-impl-thread1] INFO  segmented.SegmentedRaftLogWorker (SegmentedRaftLogWorker.java:close(245)) - ae994d2b-07e5-4c7e-bc1d-199b697c7c17@group-B1678F363924-SegmentedRaftLogWorker close()
2024-01-29 07:44:16,768 [JvmPauseMonitor50] INFO  util.JvmPauseMonitor (JvmPauseMonitor.java:run(152)) - JvmPauseMonitor-ae994d2b-07e5-4c7e-bc1d-199b697c7c17: Stopped
2024-01-29 07:44:17,791 [timer3] WARN  server.GrpcLogAppender (LogUtils.java:warn(121)) - 9deec6a2-e137-4b51-9c1f-847336f03f34@group-B1678F363924->abb8ef56-980b-44e3-a149-c32b9999de28-AppendLogResponseHandler: Failed appendEntries (Repeated 8 times in the last 5.000s): org.apache.ratis.thirdparty.io.grpc.StatusRuntimeException: UNAVAILABLE: io exception
2024-01-29 07:44:17,791 [timer4] WARN  server.GrpcLogAppender (GrpcLogAppender.java:lambda$resetClient$1(217)) - 9deec6a2-e137-4b51-9c1f-847336f03f34@group-B1678F363924->abb8ef56-980b-44e3-a149-c32b9999de28-GrpcLogAppender: Follower failed (request=null, errorCount=8); keep nextIndex (3) unchanged and retry. (Repeated 8 times in the last 5.001s)
2024-01-29 07:44:18,771 [main] INFO  utils.DatanodeStoreCache (DatanodeStoreCache.java:shutdownCache(116)) - Skip clearing cache in mini cluster mode. Entries left: [/home/runner/work/ozone/ozone/hadoop-ozone/integration-test/target/test-dir/MiniOzoneClusterImpl-4c098651-5741-4b11-9e36-c6ca8da28866/datanode-0/data-0/containers/hdds/4c098651-5741-4b11-9e36-c6ca8da28866/DS-0b11485a-252b-4744-94af-7d7cece7e88e/container.db, /home/runner/work/ozone/ozone/hadoop-ozone/integration-test/target/test-dir/MiniOzoneClusterImpl-4c098651-5741-4b11-9e36-c6ca8da28866/datanode-1/data-0/containers/hdds/4c098651-5741-4b11-9e36-c6ca8da28866/DS-375c26c4-22fe-4b82-a0c2-190a7a933f6d/container.db, /home/runner/work/ozone/ozone/hadoop-ozone/integration-test/target/test-dir/MiniOzoneClusterImpl-4c098651-5741-4b11-9e36-c6ca8da28866/datanode-2/data-0/containers/hdds/4c098651-5741-4b11-9e36-c6ca8da28866/DS-7ccef6fe-13d0-4526-b53f-3f1aabe0e10a/container.db, /home/runner/work/ozone/ozone/hadoop-ozone/integration-test/target/test-dir/MiniOzoneClusterImpl-4c098651-5741-4b11-9e36-c6ca8da28866/datanode-3/data-0/containers/hdds/4c098651-5741-4b11-9e36-c6ca8da28866/DS-6d9d30d2-8771-4b6c-a201-9704fa8a16e5/container.db, /home/runner/work/ozone/ozone/hadoop-ozone/integration-test/target/test-dir/MiniOzoneClusterImpl-4c098651-5741-4b11-9e36-c6ca8da28866/datanode-4/data-0/containers/hdds/4c098651-5741-4b11-9e36-c6ca8da28866/DS-4e0676f1-db80-4653-ba3a-9dd3248d7d4b/container.db, /home/runner/work/ozone/ozone/hadoop-ozone/integration-test/target/test-dir/MiniOzoneClusterImpl-4c098651-5741-4b11-9e36-c6ca8da28866/datanode-6/data-0/containers/hdds/4c098651-5741-4b11-9e36-c6ca8da28866/DS-ba8d42ce-cf4a-4148-9202-4301bf025855/container.db, /home/runner/work/ozone/ozone/hadoop-ozone/integration-test/target/test-dir/MiniOzoneClusterImpl-4c098651-5741-4b11-9e36-c6ca8da28866/datanode-7/data-0/containers/hdds/4c098651-5741-4b11-9e36-c6ca8da28866/DS-aa8cfca7-3177-4bec-b00e-54f002e47b1e/container.db, /home/runner/work/ozone/ozone/hadoop-ozone/integration-test/target/test-dir/MiniOzoneClusterImpl-4c098651-5741-4b11-9e36-c6ca8da28866/datanode-8/data-0/containers/hdds/4c098651-5741-4b11-9e36-c6ca8da28866/DS-8762f955-43b4-49c8-b2bc-56e233757c55/container.db]
2024-01-29 07:44:18,773 [main] INFO  utils.DatanodeStoreCache (DatanodeStoreCache.java:removeDB(110)) - Removed db /home/runner/work/ozone/ozone/hadoop-ozone/integration-test/target/test-dir/MiniOzoneClusterImpl-4c098651-5741-4b11-9e36-c6ca8da28866/datanode-4/data-0/containers/hdds/4c098651-5741-4b11-9e36-c6ca8da28866/DS-4e0676f1-db80-4653-ba3a-9dd3248d7d4b/container.db from cache
2024-01-29 07:44:18,773 [main] INFO  volume.HddsVolume (HddsVolume.java:closeDbStore(451)) - SchemaV3 db is stopped at /home/runner/work/ozone/ozone/hadoop-ozone/integration-test/target/test-dir/MiniOzoneClusterImpl-4c098651-5741-4b11-9e36-c6ca8da28866/datanode-4/data-0/containers/hdds/4c098651-5741-4b11-9e36-c6ca8da28866/DS-4e0676f1-db80-4653-ba3a-9dd3248d7d4b/container.db for volume DS-4e0676f1-db80-4653-ba3a-9dd3248d7d4b
2024-01-29 07:44:18,773 [main] INFO  utils.BackgroundService (BackgroundService.java:shutdown(160)) - Shutting down service BlockDeletingService
2024-01-29 07:44:18,774 [main] INFO  utils.BackgroundService (BackgroundService.java:shutdown(160)) - Shutting down service StaleRecoveringContainerScrubbingService
2024-01-29 07:44:18,774 [main] INFO  statemachine.DatanodeStateMachine (DatanodeStateMachine.java:stopDaemon(638)) - Ozone container server stopped.
2024-01-29 07:44:18,775 [main] INFO  handler.ContextHandler (ContextHandler.java:doStop(1159)) - Stopped o.e.j.w.WebAppContext@2c9fafbc{hddsDatanode,/,null,STOPPED}{jar:file:/home/runner/.m2/repository/org/apache/ozone/hdds-container-service/1.5.0-SNAPSHOT/hdds-container-service-1.5.0-SNAPSHOT.jar!/webapps/hddsDatanode}
2024-01-29 07:44:18,776 [main] INFO  server.AbstractConnector (AbstractConnector.java:doStop(383)) - Stopped ServerConnector@15ad2c0e{HTTP/1.1, (http/1.1)}{0.0.0.0:15401}
2024-01-29 07:44:18,776 [main] INFO  server.session (HouseKeeper.java:stopScavenging(149)) - node0 Stopped scavenging
2024-01-29 07:44:18,776 [main] INFO  handler.ContextHandler (ContextHandler.java:doStop(1159)) - Stopped o.e.j.s.ServletContextHandler@55fd5bae{static,/static,jar:file:/home/runner/.m2/repository/org/apache/ozone/hdds-container-service/1.5.0-SNAPSHOT/hdds-container-service-1.5.0-SNAPSHOT.jar!/webapps/static,STOPPED}
2024-01-29 07:44:18,776 [main] INFO  handler.ContextHandler (ContextHandler.java:doStop(1159)) - Stopped o.e.j.s.ServletContextHandler@4ff369a7{logs,/logs,file:///home/runner/work/ozone/ozone/hadoop-ozone/integration-test/target/log,STOPPED}
2024-01-29 07:44:18,777 [main] INFO  ozone.HddsDatanodeClientProtocolServer (HddsDatanodeClientProtocolServer.java:stop(78)) - Stopping the RPC server for Client Protocol
2024-01-29 07:44:18,777 [main] INFO  ipc.Server (Server.java:stop(3523)) - Stopping server on 15402
2024-01-29 07:44:18,778 [IPC Server Responder] INFO  ipc.Server (Server.java:run(1567)) - Stopping IPC Server Responder
2024-01-29 07:44:18,778 [IPC Server listener on 15402] INFO  ipc.Server (Server.java:run(1434)) - Stopping IPC Server listener on 15402
2024-01-29 07:44:18,780 [main] INFO  pipeline.PipelineManagerImpl (PipelineManagerImpl.java:closeContainersForPipeline(484)) - Container #1 closed for pipeline=PipelineID=3ff0a7ac-1dd7-41e8-9796-b1678f363924
2024-01-29 07:44:18,780 [EventQueue-CloseContainerForCloseContainerEventHandler] INFO  container.CloseContainerEventHandler (CloseContainerEventHandler.java:onMessage(88)) - Close container Event triggered for container : #1, current state: CLOSING
2024-01-29 07:44:18,781 [main] INFO  pipeline.PipelineManagerImpl (PipelineManagerImpl.java:closePipeline(518)) - Pipeline PipelineID=3ff0a7ac-1dd7-41e8-9796-b1678f363924 moved to CLOSED state
2024-01-29 07:44:19,025 [grpc-default-executor-6] WARN  server.GrpcLogAppender (LogUtils.java:warn(121)) - 9deec6a2-e137-4b51-9c1f-847336f03f34@group-B1678F363924->abb8ef56-980b-44e3-a149-c32b9999de28-AppendLogResponseHandler: Failed appendEntries: org.apache.ratis.thirdparty.io.grpc.StatusRuntimeException: UNAVAILABLE: io exception
2024-01-29 07:44:19,027 [grpc-default-executor-6] WARN  server.GrpcLogAppender (GrpcLogAppender.java:lambda$resetClient$1(217)) - 9deec6a2-e137-4b51-9c1f-847336f03f34@group-B1678F363924->abb8ef56-980b-44e3-a149-c32b9999de28-GrpcLogAppender: Follower failed (request=null, errorCount=9); keep nextIndex (3) unchanged and retry.
2024-01-29 07:44:20,792 [timer2] WARN  server.GrpcLogAppender (LogUtils.java:warn(121)) - 9deec6a2-e137-4b51-9c1f-847336f03f34@group-B1678F363924->ae994d2b-07e5-4c7e-bc1d-199b697c7c17-AppendLogResponseHandler: Failed appendEntries (Repeated 8 times in the last 5.002s): org.apache.ratis.thirdparty.io.grpc.StatusRuntimeException: UNAVAILABLE: io exception
2024-01-29 07:44:20,792 [timer3] WARN  server.GrpcLogAppender (GrpcLogAppender.java:lambda$resetClient$1(217)) - 9deec6a2-e137-4b51-9c1f-847336f03f34@group-B1678F363924->ae994d2b-07e5-4c7e-bc1d-199b697c7c17-GrpcLogAppender: Follower failed (request=null, errorCount=8); keep nextIndex (3) unchanged and retry. (Repeated 8 times in the last 5.001s)
2024-01-29 07:44:21,530 [grpc-default-executor-6] WARN  server.GrpcLogAppender (LogUtils.java:warn(121)) - 9deec6a2-e137-4b51-9c1f-847336f03f34@group-B1678F363924->ae994d2b-07e5-4c7e-bc1d-199b697c7c17-AppendLogResponseHandler: Failed appendEntries: org.apache.ratis.thirdparty.io.grpc.StatusRuntimeException: UNAVAILABLE: io exception
2024-01-29 07:44:21,532 [grpc-default-executor-2] WARN  server.GrpcLogAppender (GrpcLogAppender.java:lambda$resetClient$1(217)) - 9deec6a2-e137-4b51-9c1f-847336f03f34@group-B1678F363924->ae994d2b-07e5-4c7e-bc1d-199b697c7c17-GrpcLogAppender: Follower failed (request=null, errorCount=9); keep nextIndex (3) unchanged and retry.
2024-01-29 07:44:22,653 [null-request--thread1] INFO  server.GrpcClientProtocolService (GrpcClientProtocolService.java:lambda$processClientRequest$0(284)) - Failed RaftClientRequest:client-5A5A696846DC->9deec6a2-e137-4b51-9c1f-847336f03f34@group-B1678F363924, cid=81, seq=null, Watch-ALL_COMMITTED(18), Message:<EMPTY>, reply=RaftClientReply:client-5A5A696846DC->9deec6a2-e137-4b51-9c1f-847336f03f34@group-B1678F363924, cid=81, FAILED org.apache.ratis.protocol.exceptions.NotReplicatedException: Request with call Id 81 and log index 18 is not yet replicated to ALL_COMMITTED, logIndex=18, commits[9deec6a2-e137-4b51-9c1f-847336f03f34:c2, abb8ef56-980b-44e3-a149-c32b9999de28:c1, ae994d2b-07e5-4c7e-bc1d-199b697c7c17:c2]
2024-01-29 07:44:22,656 [main] WARN  scm.XceiverClientRatis (XceiverClientRatis.java:watchForCommit(284)) - 3 way commit failed on pipeline Pipeline[ Id: 3ff0a7ac-1dd7-41e8-9796-b1678f363924, Nodes: abb8ef56-980b-44e3-a149-c32b9999de28(fv-az571-724.sssw3dgiwi1e5jwxh1zizygaca.bx.internal.cloudapp.net/10.1.0.7)ae994d2b-07e5-4c7e-bc1d-199b697c7c17(fv-az571-724.sssw3dgiwi1e5jwxh1zizygaca.bx.internal.cloudapp.net/10.1.0.7)9deec6a2-e137-4b51-9c1f-847336f03f34(fv-az571-724.sssw3dgiwi1e5jwxh1zizygaca.bx.internal.cloudapp.net/10.1.0.7), ReplicationConfig: RATIS/THREE, State:OPEN, leaderId:9deec6a2-e137-4b51-9c1f-847336f03f34, CreationTimestamp2024-01-29T07:44:04.364Z[Etc/UTC]]
java.util.concurrent.ExecutionException: org.apache.ratis.protocol.exceptions.NotReplicatedException: Request with call Id 81 and log index 18 is not yet replicated to ALL_COMMITTED
	at java.util.concurrent.CompletableFuture.reportGet(CompletableFuture.java:357)
	at java.util.concurrent.CompletableFuture.get(CompletableFuture.java:1908)
	at org.apache.hadoop.hdds.scm.XceiverClientRatis.watchForCommit(XceiverClientRatis.java:279)
	at org.apache.hadoop.ozone.client.rpc.TestWatchForCommit.testWatchForCommitForRetryfailure(TestWatchForCommit.java:283)
	at sun.reflect.NativeMethodAccessorImpl.invoke0(Native Method)
	at sun.reflect.NativeMethodAccessorImpl.invoke(NativeMethodAccessorImpl.java:62)
	at sun.reflect.DelegatingMethodAccessorImpl.invoke(DelegatingMethodAccessorImpl.java:43)
	at java.lang.reflect.Method.invoke(Method.java:498)
	at org.junit.platform.commons.util.ReflectionUtils.invokeMethod(ReflectionUtils.java:728)
	at org.junit.jupiter.engine.execution.MethodInvocation.proceed(MethodInvocation.java:60)
	at org.junit.jupiter.engine.execution.InvocationInterceptorChain$ValidatingInvocation.proceed(InvocationInterceptorChain.java:131)
	at org.junit.jupiter.engine.extension.TimeoutExtension.intercept(TimeoutExtension.java:156)
	at org.junit.jupiter.engine.extension.TimeoutExtension.interceptTestableMethod(TimeoutExtension.java:147)
	at org.junit.jupiter.engine.extension.TimeoutExtension.interceptTestMethod(TimeoutExtension.java:86)
	at org.junit.jupiter.engine.execution.InterceptingExecutableInvoker$ReflectiveInterceptorCall.lambda$ofVoidMethod$0(InterceptingExecutableInvoker.java:103)
	at org.junit.jupiter.engine.execution.InterceptingExecutableInvoker.lambda$invoke$0(InterceptingExecutableInvoker.java:93)
	at org.junit.jupiter.engine.execution.InvocationInterceptorChain$InterceptedInvocation.proceed(InvocationInterceptorChain.java:106)
	at org.junit.jupiter.engine.execution.InvocationInterceptorChain.proceed(InvocationInterceptorChain.java:64)
	at org.junit.jupiter.engine.execution.InvocationInterceptorChain.chainAndInvoke(InvocationInterceptorChain.java:45)
	at org.junit.jupiter.engine.execution.InvocationInterceptorChain.invoke(InvocationInterceptorChain.java:37)
	at org.junit.jupiter.engine.execution.InterceptingExecutableInvoker.invoke(InterceptingExecutableInvoker.java:92)
	at org.junit.jupiter.engine.execution.InterceptingExecutableInvoker.invoke(InterceptingExecutableInvoker.java:86)
	at org.junit.jupiter.engine.descriptor.TestMethodTestDescriptor.lambda$invokeTestMethod$7(TestMethodTestDescriptor.java:218)
	at org.junit.platform.engine.support.hierarchical.ThrowableCollector.execute(ThrowableCollector.java:73)
	at org.junit.jupiter.engine.descriptor.TestMethodTestDescriptor.invokeTestMethod(TestMethodTestDescriptor.java:214)
	at org.junit.jupiter.engine.descriptor.TestMethodTestDescriptor.execute(TestMethodTestDescriptor.java:139)
	at org.junit.jupiter.engine.descriptor.TestMethodTestDescriptor.execute(TestMethodTestDescriptor.java:69)
	at org.junit.platform.engine.support.hierarchical.NodeTestTask.lambda$executeRecursively$6(NodeTestTask.java:151)
	at org.junit.platform.engine.support.hierarchical.ThrowableCollector.execute(ThrowableCollector.java:73)
	at org.junit.platform.engine.support.hierarchical.NodeTestTask.lambda$executeRecursively$8(NodeTestTask.java:141)
	at org.junit.platform.engine.support.hierarchical.Node.around(Node.java:137)
	at org.junit.platform.engine.support.hierarchical.NodeTestTask.lambda$executeRecursively$9(NodeTestTask.java:139)
	at org.junit.platform.engine.support.hierarchical.ThrowableCollector.execute(ThrowableCollector.java:73)
	at org.junit.platform.engine.support.hierarchical.NodeTestTask.executeRecursively(NodeTestTask.java:138)
	at org.junit.platform.engine.support.hierarchical.NodeTestTask.execute(NodeTestTask.java:95)
	at java.util.ArrayList.forEach(ArrayList.java:1259)
	at org.junit.platform.engine.support.hierarchical.SameThreadHierarchicalTestExecutorService.invokeAll(SameThreadHierarchicalTestExecutorService.java:41)
	at org.junit.platform.engine.support.hierarchical.NodeTestTask.lambda$executeRecursively$6(NodeTestTask.java:155)
	at org.junit.platform.engine.support.hierarchical.ThrowableCollector.execute(ThrowableCollector.java:73)
	at org.junit.platform.engine.support.hierarchical.NodeTestTask.lambda$executeRecursively$8(NodeTestTask.java:141)
	at org.junit.platform.engine.support.hierarchical.Node.around(Node.java:137)
	at org.junit.platform.engine.support.hierarchical.NodeTestTask.lambda$executeRecursively$9(NodeTestTask.java:139)
	at org.junit.platform.engine.support.hierarchical.ThrowableCollector.execute(ThrowableCollector.java:73)
	at org.junit.platform.engine.support.hierarchical.NodeTestTask.executeRecursively(NodeTestTask.java:138)
	at org.junit.platform.engine.support.hierarchical.NodeTestTask.execute(NodeTestTask.java:95)
	at java.util.ArrayList.forEach(ArrayList.java:1259)
	at org.junit.platform.engine.support.hierarchical.SameThreadHierarchicalTestExecutorService.invokeAll(SameThreadHierarchicalTestExecutorService.java:41)
	at org.junit.platform.engine.support.hierarchical.NodeTestTask.lambda$executeRecursively$6(NodeTestTask.java:155)
	at org.junit.platform.engine.support.hierarchical.ThrowableCollector.execute(ThrowableCollector.java:73)
	at org.junit.platform.engine.support.hierarchical.NodeTestTask.lambda$executeRecursively$8(NodeTestTask.java:141)
	at org.junit.platform.engine.support.hierarchical.Node.around(Node.java:137)
	at org.junit.platform.engine.support.hierarchical.NodeTestTask.lambda$executeRecursively$9(NodeTestTask.java:139)
	at org.junit.platform.engine.support.hierarchical.ThrowableCollector.execute(ThrowableCollector.java:73)
	at org.junit.platform.engine.support.hierarchical.NodeTestTask.executeRecursively(NodeTestTask.java:138)
	at org.junit.platform.engine.support.hierarchical.NodeTestTask.execute(NodeTestTask.java:95)
	at org.junit.platform.engine.support.hierarchical.SameThreadHierarchicalTestExecutorService.submit(SameThreadHierarchicalTestExecutorService.java:35)
	at org.junit.platform.engine.support.hierarchical.HierarchicalTestExecutor.execute(HierarchicalTestExecutor.java:57)
	at org.junit.platform.engine.support.hierarchical.HierarchicalTestEngine.execute(HierarchicalTestEngine.java:54)
	at org.junit.platform.launcher.core.EngineExecutionOrchestrator.execute(EngineExecutionOrchestrator.java:198)
	at org.junit.platform.launcher.core.EngineExecutionOrchestrator.execute(EngineExecutionOrchestrator.java:169)
	at org.junit.platform.launcher.core.EngineExecutionOrchestrator.execute(EngineExecutionOrchestrator.java:93)
	at org.junit.platform.launcher.core.EngineExecutionOrchestrator.lambda$execute$0(EngineExecutionOrchestrator.java:58)
	at org.junit.platform.launcher.core.EngineExecutionOrchestrator.withInterceptedStreams(EngineExecutionOrchestrator.java:141)
	at org.junit.platform.launcher.core.EngineExecutionOrchestrator.execute(EngineExecutionOrchestrator.java:57)
	at org.junit.platform.launcher.core.DefaultLauncher.execute(DefaultLauncher.java:103)
	at org.junit.platform.launcher.core.DefaultLauncher.execute(DefaultLauncher.java:85)
	at org.junit.platform.launcher.core.DelegatingLauncher.execute(DelegatingLauncher.java:47)
	at org.junit.platform.launcher.core.SessionPerRequestLauncher.execute(SessionPerRequestLauncher.java:63)
	at org.apache.maven.surefire.junitplatform.JUnitPlatformProvider.invokeAllTests(JUnitPlatformProvider.java:165)
	at org.apache.maven.surefire.junitplatform.JUnitPlatformProvider.invoke(JUnitPlatformProvider.java:124)
	at org.apache.maven.surefire.booter.ForkedBooter.runSuitesInProcess(ForkedBooter.java:428)
	at org.apache.maven.surefire.booter.ForkedBooter.execute(ForkedBooter.java:162)
	at org.apache.maven.surefire.booter.ForkedBooter.run(ForkedBooter.java:562)
	at org.apache.maven.surefire.booter.ForkedBooter.main(ForkedBooter.java:548)
Caused by: org.apache.ratis.protocol.exceptions.NotReplicatedException: Request with call Id 81 and log index 18 is not yet replicated to ALL_COMMITTED
	at org.apache.ratis.client.impl.ClientProtoUtils.toRaftClientReply(ClientProtoUtils.java:400)
	at org.apache.ratis.grpc.client.GrpcClientProtocolClient$AsyncStreamObservers$1.onNext(GrpcClientProtocolClient.java:310)
	at org.apache.ratis.grpc.client.GrpcClientProtocolClient$AsyncStreamObservers$1.onNext(GrpcClientProtocolClient.java:305)
	at org.apache.ratis.thirdparty.io.grpc.stub.ClientCalls$StreamObserverToCallListenerAdapter.onMessage(ClientCalls.java:468)
	at org.apache.ratis.thirdparty.io.grpc.ForwardingClientCallListener.onMessage(ForwardingClientCallListener.java:33)
	at org.apache.ratis.thirdparty.io.grpc.internal.ClientCallImpl$ClientStreamListenerImpl$1MessagesAvailable.runInternal(ClientCallImpl.java:660)
	at org.apache.ratis.thirdparty.io.grpc.internal.ClientCallImpl$ClientStreamListenerImpl$1MessagesAvailable.runInContext(ClientCallImpl.java:647)
	at org.apache.ratis.thirdparty.io.grpc.internal.ContextRunnable.run(ContextRunnable.java:37)
	at org.apache.ratis.thirdparty.io.grpc.internal.SerializingExecutor.run(SerializingExecutor.java:133)
	at java.util.concurrent.ThreadPoolExecutor.runWorker(ThreadPoolExecutor.java:1149)
	at java.util.concurrent.ThreadPoolExecutor$Worker.run(ThreadPoolExecutor.java:624)
	at java.lang.Thread.run(Thread.java:750)
2024-01-29 07:44:23,168 [9deec6a2-e137-4b51-9c1f-847336f03f34@group-B1678F363924-LeaderStateImpl] WARN  server.RaftServer$Division (LeaderStateImpl.java:checkLeadership(1107)) - 9deec6a2-e137-4b51-9c1f-847336f03f34@group-B1678F363924-LeaderStateImpl: Lost leadership on term: 1. Election timeout: 5200ms. In charge for: 10935ms. Conf: 0: peers:[abb8ef56-980b-44e3-a149-c32b9999de28|10.1.0.7:15415, ae994d2b-07e5-4c7e-bc1d-199b697c7c17|10.1.0.7:15406, 9deec6a2-e137-4b51-9c1f-847336f03f34|10.1.0.7:15397]|listeners:[], old=null
2024-01-29 07:44:23,168 [9deec6a2-e137-4b51-9c1f-847336f03f34@group-B1678F363924-LeaderStateImpl] WARN  server.RaftServer$Division (LeaderStateImpl.java:lambda$checkLeadership$21(1111)) - Follower 9deec6a2-e137-4b51-9c1f-847336f03f34@group-B1678F363924->abb8ef56-980b-44e3-a149-c32b9999de28(c1,m2,n3, caughtUp=true, lastRpcSendTime=1164, lastRpcResponseTime=10401)
2024-01-29 07:44:23,168 [9deec6a2-e137-4b51-9c1f-847336f03f34@group-B1678F363924-LeaderStateImpl] WARN  server.RaftServer$Division (LeaderStateImpl.java:lambda$checkLeadership$21(1111)) - Follower 9deec6a2-e137-4b51-9c1f-847336f03f34@group-B1678F363924->ae994d2b-07e5-4c7e-bc1d-199b697c7c17(c2,m2,n3, caughtUp=true, lastRpcSendTime=383, lastRpcResponseTime=7896)
2024-01-29 07:44:23,168 [9deec6a2-e137-4b51-9c1f-847336f03f34@group-B1678F363924-LeaderStateImpl] INFO  server.RaftServer$Division (RaftServerImpl.java:setRole(383)) - 9deec6a2-e137-4b51-9c1f-847336f03f34@group-B1678F363924: changes role from    LEADER to FOLLOWER at term 1 for StepDownReason:LOST_MAJORITY_HEARTBEATS
2024-01-29 07:44:23,168 [9deec6a2-e137-4b51-9c1f-847336f03f34@group-B1678F363924-LeaderStateImpl] INFO  impl.RoleInfo (RoleInfo.java:shutdownLeaderState(94)) - 9deec6a2-e137-4b51-9c1f-847336f03f34: shutdown 9deec6a2-e137-4b51-9c1f-847336f03f34@group-B1678F363924-LeaderStateImpl
2024-01-29 07:44:23,168 [9deec6a2-e137-4b51-9c1f-847336f03f34@group-B1678F363924->abb8ef56-980b-44e3-a149-c32b9999de28-GrpcLogAppender-LogAppenderDaemon] WARN  server.GrpcLogAppender (GrpcLogAppender.java:mayWait(289)) - 9deec6a2-e137-4b51-9c1f-847336f03f34@group-B1678F363924->abb8ef56-980b-44e3-a149-c32b9999de28-GrpcLogAppender: Wait interrupted by java.lang.InterruptedException
2024-01-29 07:44:23,168 [9deec6a2-e137-4b51-9c1f-847336f03f34@group-B1678F363924-LeaderStateImpl] INFO  impl.PendingRequests (PendingRequests.java:sendNotLeaderResponses(289)) - 9deec6a2-e137-4b51-9c1f-847336f03f34@group-B1678F363924-PendingRequests: sendNotLeaderResponses
2024-01-29 07:44:23,168 [9deec6a2-e137-4b51-9c1f-847336f03f34@group-B1678F363924->ae994d2b-07e5-4c7e-bc1d-199b697c7c17-GrpcLogAppender-LogAppenderDaemon] WARN  server.GrpcLogAppender (GrpcLogAppender.java:mayWait(289)) - 9deec6a2-e137-4b51-9c1f-847336f03f34@group-B1678F363924->ae994d2b-07e5-4c7e-bc1d-199b697c7c17-GrpcLogAppender: Wait interrupted by java.lang.InterruptedException
2024-01-29 07:44:23,171 [null-request--thread1] INFO  server.GrpcClientProtocolService (GrpcClientProtocolService.java:lambda$processClientRequest$0(284)) - Failed RaftClientRequest:client-5A5A696846DC->9deec6a2-e137-4b51-9c1f-847336f03f34@group-B1678F363924, cid=82, seq=null, Watch-MAJORITY_COMMITTED(18), Message:<EMPTY>, reply=RaftClientReply:client-5A5A696846DC->9deec6a2-e137-4b51-9c1f-847336f03f34@group-B1678F363924, cid=82, FAILED org.apache.ratis.protocol.exceptions.NotLeaderException: Server 9deec6a2-e137-4b51-9c1f-847336f03f34@group-B1678F363924 is not the leader, logIndex=0, commits[9deec6a2-e137-4b51-9c1f-847336f03f34:c2, abb8ef56-980b-44e3-a149-c32b9999de28:c1, ae994d2b-07e5-4c7e-bc1d-199b697c7c17:c2]
2024-01-29 07:44:23,171 [9deec6a2-e137-4b51-9c1f-847336f03f34@group-B1678F363924-LeaderStateImpl] INFO  server.RaftServer$Division (ServerState.java:setLeader(269)) - 9deec6a2-e137-4b51-9c1f-847336f03f34@group-B1678F363924: change Leader from 9deec6a2-e137-4b51-9c1f-847336f03f34 to null at term 1 for StepDownReason:LOST_MAJORITY_HEARTBEATS
2024-01-29 07:44:23,171 [9deec6a2-e137-4b51-9c1f-847336f03f34@group-B1678F363924-LeaderStateImpl] INFO  impl.RoleInfo (RoleInfo.java:updateAndGet(139)) - 9deec6a2-e137-4b51-9c1f-847336f03f34: start 9deec6a2-e137-4b51-9c1f-847336f03f34@group-B1678F363924-FollowerState
2024-01-29 07:44:23,774 [9deec6a2-e137-4b51-9c1f-847336f03f34-CloseContainerThread-0] INFO  commandhandler.CloseContainerCommandHandler (CloseContainerCommandHandler.java:lambda$handle$0(154)) - Follower cannot close container #1.
2024-01-29 07:44:24,026 [timer5] WARN  server.GrpcLogAppender (LogUtils.java:warn(121)) - 9deec6a2-e137-4b51-9c1f-847336f03f34@group-B1678F363924->abb8ef56-980b-44e3-a149-c32b9999de28-AppendLogResponseHandler: Failed appendEntries (Repeated 6 times in the last 5.000s): org.apache.ratis.thirdparty.io.grpc.StatusRuntimeException: UNAVAILABLE: io exception
2024-01-29 07:44:24,029 [timer7] WARN  server.GrpcLogAppender (GrpcLogAppender.java:lambda$resetClient$1(217)) - 9deec6a2-e137-4b51-9c1f-847336f03f34@group-B1678F363924->abb8ef56-980b-44e3-a149-c32b9999de28-GrpcLogAppender: Follower failed (request=null, errorCount=14); keep nextIndex (3) unchanged and retry. (Repeated 6 times in the last 5.001s)
2024-01-29 07:44:25,246 [BackgroundPipelineScrubber] INFO  pipeline.PipelineManagerImpl (PipelineManagerImpl.java:scrubPipelines(610)) - Scrubbing pipeline: id: PipelineID=3ff0a7ac-1dd7-41e8-9796-b1678f363924 since it stays at CLOSED stage.
2024-01-29 07:44:25,246 [BackgroundPipelineScrubber] INFO  pipeline.RatisPipelineProvider (RatisPipelineProvider.java:lambda$close$4(272)) - Send pipeline:PipelineID=3ff0a7ac-1dd7-41e8-9796-b1678f363924 close command to datanode abb8ef56-980b-44e3-a149-c32b9999de28
2024-01-29 07:44:25,246 [BackgroundPipelineScrubber] INFO  pipeline.RatisPipelineProvider (RatisPipelineProvider.java:lambda$close$4(272)) - Send pipeline:PipelineID=3ff0a7ac-1dd7-41e8-9796-b1678f363924 close command to datanode ae994d2b-07e5-4c7e-bc1d-199b697c7c17
2024-01-29 07:44:25,246 [BackgroundPipelineScrubber] INFO  pipeline.RatisPipelineProvider (RatisPipelineProvider.java:lambda$close$4(272)) - Send pipeline:PipelineID=3ff0a7ac-1dd7-41e8-9796-b1678f363924 close command to datanode 9deec6a2-e137-4b51-9c1f-847336f03f34
2024-01-29 07:44:25,248 [BackgroundPipelineScrubber] INFO  pipeline.PipelineManagerImpl (PipelineManagerImpl.java:removePipeline(459)) - Pipeline Pipeline[ Id: 3ff0a7ac-1dd7-41e8-9796-b1678f363924, Nodes: abb8ef56-980b-44e3-a149-c32b9999de28(fv-az571-724.sssw3dgiwi1e5jwxh1zizygaca.bx.internal.cloudapp.net/10.1.0.7)ae994d2b-07e5-4c7e-bc1d-199b697c7c17(fv-az571-724.sssw3dgiwi1e5jwxh1zizygaca.bx.internal.cloudapp.net/10.1.0.7)9deec6a2-e137-4b51-9c1f-847336f03f34(fv-az571-724.sssw3dgiwi1e5jwxh1zizygaca.bx.internal.cloudapp.net/10.1.0.7), ReplicationConfig: RATIS/THREE, State:CLOSED, leaderId:9deec6a2-e137-4b51-9c1f-847336f03f34, CreationTimestamp2024-01-29T07:44:04.364Z[Etc/UTC]] removed.
2024-01-29 07:44:26,532 [timer7] WARN  server.GrpcLogAppender (GrpcLogAppender.java:lambda$resetClient$1(217)) - 9deec6a2-e137-4b51-9c1f-847336f03f34@group-B1678F363924->ae994d2b-07e5-4c7e-bc1d-199b697c7c17-GrpcLogAppender: Follower failed (request=null, errorCount=12); keep nextIndex (3) unchanged and retry. (Repeated 4 times in the last 5.000s)
2024-01-29 07:44:26,532 [timer6] WARN  server.GrpcLogAppender (LogUtils.java:warn(121)) - 9deec6a2-e137-4b51-9c1f-847336f03f34@group-B1678F363924->ae994d2b-07e5-4c7e-bc1d-199b697c7c17-AppendLogResponseHandler: Failed appendEntries (Repeated 4 times in the last 5.002s): org.apache.ratis.thirdparty.io.grpc.StatusRuntimeException: UNAVAILABLE: io exception
2024-01-29 07:44:26,774 [9deec6a2-e137-4b51-9c1f-847336f03f34-PipelineCommandHandlerThread-0] INFO  server.RaftServer (RaftServerProxy.java:remove(111)) - 9deec6a2-e137-4b51-9c1f-847336f03f34: remove  FOLLOWER 9deec6a2-e137-4b51-9c1f-847336f03f34@group-B1678F363924:t1, leader=null, voted=9deec6a2-e137-4b51-9c1f-847336f03f34, raftlog=Memoized:9deec6a2-e137-4b51-9c1f-847336f03f34@group-B1678F363924-SegmentedRaftLog:OPENED:c2, conf=0: peers:[abb8ef56-980b-44e3-a149-c32b9999de28|10.1.0.7:15415, ae994d2b-07e5-4c7e-bc1d-199b697c7c17|10.1.0.7:15406, 9deec6a2-e137-4b51-9c1f-847336f03f34|10.1.0.7:15397]|listeners:[], old=null RUNNING
2024-01-29 07:44:26,774 [9deec6a2-e137-4b51-9c1f-847336f03f34-PipelineCommandHandlerThread-0] INFO  server.RaftServer$Division (RaftServerImpl.java:lambda$close$3(526)) - 9deec6a2-e137-4b51-9c1f-847336f03f34@group-B1678F363924: shutdown
2024-01-29 07:44:26,774 [9deec6a2-e137-4b51-9c1f-847336f03f34-PipelineCommandHandlerThread-0] INFO  util.JmxRegister (JmxRegister.java:unregister(73)) - Successfully un-registered JMX Bean with object name Ratis:service=RaftServer,group=group-B1678F363924,id=9deec6a2-e137-4b51-9c1f-847336f03f34
2024-01-29 07:44:26,774 [9deec6a2-e137-4b51-9c1f-847336f03f34-PipelineCommandHandlerThread-0] INFO  impl.RoleInfo (RoleInfo.java:shutdownFollowerState(110)) - 9deec6a2-e137-4b51-9c1f-847336f03f34: shutdown 9deec6a2-e137-4b51-9c1f-847336f03f34@group-B1678F363924-FollowerState
2024-01-29 07:44:26,774 [9deec6a2-e137-4b51-9c1f-847336f03f34-PipelineCommandHandlerThread-0] INFO  impl.StateMachineUpdater (StateMachineUpdater.java:stopAndJoin(157)) - 9deec6a2-e137-4b51-9c1f-847336f03f34@group-B1678F363924-StateMachineUpdater: set stopIndex = 2
2024-01-29 07:44:26,775 [9deec6a2-e137-4b51-9c1f-847336f03f34@group-B1678F363924-FollowerState] INFO  impl.FollowerState (FollowerState.java:run(152)) - 9deec6a2-e137-4b51-9c1f-847336f03f34@group-B1678F363924-FollowerState was interrupted
2024-01-29 07:44:26,775 [9deec6a2-e137-4b51-9c1f-847336f03f34@group-B1678F363924-StateMachineUpdater] INFO  ratis.ContainerStateMachine (ContainerStateMachine.java:takeSnapshot(355)) - group-B1678F363924: Taking a snapshot at:(t:1, i:2) file /home/runner/work/ozone/ozone/hadoop-ozone/integration-test/target/test-dir/MiniOzoneClusterImpl-4c098651-5741-4b11-9e36-c6ca8da28866/datanode-3/data/ratis/3ff0a7ac-1dd7-41e8-9796-b1678f363924/sm/snapshot.1_2
2024-01-29 07:44:26,777 [9deec6a2-e137-4b51-9c1f-847336f03f34@group-B1678F363924-StateMachineUpdater] INFO  ratis.ContainerStateMachine (ContainerStateMachine.java:takeSnapshot(366)) - group-B1678F363924: Finished taking a snapshot at:(t:1, i:2) file:/home/runner/work/ozone/ozone/hadoop-ozone/integration-test/target/test-dir/MiniOzoneClusterImpl-4c098651-5741-4b11-9e36-c6ca8da28866/datanode-3/data/ratis/3ff0a7ac-1dd7-41e8-9796-b1678f363924/sm/snapshot.1_2 took: 2 ms
2024-01-29 07:44:26,777 [9deec6a2-e137-4b51-9c1f-847336f03f34@group-B1678F363924-StateMachineUpdater] INFO  impl.StateMachineUpdater (StateMachineUpdater.java:takeSnapshot(295)) - 9deec6a2-e137-4b51-9c1f-847336f03f34@group-B1678F363924-StateMachineUpdater: Took a snapshot at index 2
2024-01-29 07:44:26,777 [9deec6a2-e137-4b51-9c1f-847336f03f34@group-B1678F363924-StateMachineUpdater] INFO  impl.StateMachineUpdater (StateMachineUpdater.java:lambda$new$0(98)) - 9deec6a2-e137-4b51-9c1f-847336f03f34@group-B1678F363924-StateMachineUpdater: snapshotIndex: updateIncreasingly -1 -> 2
2024-01-29 07:44:26,777 [9deec6a2-e137-4b51-9c1f-847336f03f34-PipelineCommandHandlerThread-0] INFO  server.RaftServer$Division (ServerState.java:close(427)) - 9deec6a2-e137-4b51-9c1f-847336f03f34@group-B1678F363924: applyIndex: 2
2024-01-29 07:44:26,777 [9deec6a2-e137-4b51-9c1f-847336f03f34@group-B1678F363924-cacheEviction-AwaitToRun] INFO  util.AwaitToRun (AwaitToRun.java:run(49)) - 9deec6a2-e137-4b51-9c1f-847336f03f34@group-B1678F363924-cacheEviction-AwaitToRun-AwaitForSignal is interrupted
2024-01-29 07:44:27,767 [9deec6a2-e137-4b51-9c1f-847336f03f34-PipelineCommandHandlerThread-0] INFO  segmented.SegmentedRaftLogWorker (SegmentedRaftLogWorker.java:close(245)) - 9deec6a2-e137-4b51-9c1f-847336f03f34@group-B1678F363924-SegmentedRaftLogWorker close()
2024-01-29 07:44:27,768 [9deec6a2-e137-4b51-9c1f-847336f03f34-PipelineCommandHandlerThread-0] INFO  keyvalue.KeyValueContainer (KeyValueContainer.java:flushAndSyncDB(522)) - Container 1 is synced with bcsId 0.
2024-01-29 07:44:27,769 [9deec6a2-e137-4b51-9c1f-847336f03f34-PipelineCommandHandlerThread-0] INFO  keyvalue.KeyValueContainer (KeyValueContainer.java:flushAndSyncDB(522)) - Container 1 is synced with bcsId 0.
2024-01-29 07:44:27,770 [9deec6a2-e137-4b51-9c1f-847336f03f34-PipelineCommandHandlerThread-0] INFO  server.RaftServer$Division (RaftServerImpl.java:groupRemove(496)) - 9deec6a2-e137-4b51-9c1f-847336f03f34@group-B1678F363924: Succeed to remove RaftStorageDirectory Storage Directory /home/runner/work/ozone/ozone/hadoop-ozone/integration-test/target/test-dir/MiniOzoneClusterImpl-4c098651-5741-4b11-9e36-c6ca8da28866/datanode-3/data/ratis/3ff0a7ac-1dd7-41e8-9796-b1678f363924
2024-01-29 07:44:27,771 [9deec6a2-e137-4b51-9c1f-847336f03f34-PipelineCommandHandlerThread-0] ERROR commandhandler.ClosePipelineCommandHandler (ClosePipelineCommandHandler.java:lambda$handle$2(137)) - Can't close pipeline PipelineID=3ff0a7ac-1dd7-41e8-9796-b1678f363924
org.apache.ratis.protocol.exceptions.GroupMismatchException: 9deec6a2-e137-4b51-9c1f-847336f03f34: group-B1678F363924 not found.
	at org.apache.ratis.server.impl.RaftServerProxy$ImplMap.get(RaftServerProxy.java:154)
	at org.apache.ratis.server.impl.RaftServerProxy.getImplFuture(RaftServerProxy.java:364)
	at org.apache.ratis.server.impl.RaftServerProxy.getImpl(RaftServerProxy.java:373)
	at org.apache.ratis.server.impl.RaftServerProxy.getDivision(RaftServerProxy.java:386)
	at org.apache.hadoop.ozone.container.common.transport.server.ratis.XceiverServerRatis.getRaftPeersInPipeline(XceiverServerRatis.java:951)
	at org.apache.hadoop.ozone.container.common.statemachine.commandhandler.ClosePipelineCommandHandler.lambda$handle$2(ClosePipelineCommandHandler.java:114)
	at java.util.concurrent.CompletableFuture$AsyncRun.run(CompletableFuture.java:1640)
	at java.util.concurrent.ThreadPoolExecutor.runWorker(ThreadPoolExecutor.java:1149)
	at java.util.concurrent.ThreadPoolExecutor$Worker.run(ThreadPoolExecutor.java:624)
	at java.lang.Thread.run(Thread.java:750)
2024-01-29 07:44:27,771 [FixedThreadPoolWithAffinityExecutor-0-0] INFO  container.IncrementalContainerReportHandler (AbstractContainerReportHandler.java:updateContainerState(287)) - Moving container #1 to QUASI_CLOSED state, datanode 9deec6a2-e137-4b51-9c1f-847336f03f34(fv-az571-724.sssw3dgiwi1e5jwxh1zizygaca.bx.internal.cloudapp.net/10.1.0.7) reported QUASI_CLOSED replica.
2024-01-29 07:44:32,137 [main] INFO  ozone.MiniOzoneClusterImpl (MiniOzoneClusterImpl.java:shutdown(449)) - Shutting down the Mini Ozone Cluster
2024-01-29 07:44:32,137 [main] INFO  db.CodecTestUtil (CodecTestUtil.java:gc(50)) - gc 0
2024-01-29 07:44:32,449 [JvmPauseMonitor48] WARN  util.JvmPauseMonitor (JvmPauseMonitor.java:detectPause(168)) - JvmPauseMonitor-52eee04e-2e21-4309-a40c-69540fbd71c9: Detected pause in JVM or host machine approximately 0.309s with 0.308s GC time.
GC pool 'PS MarkSweep' had collection(s): count=1 time=289ms
GC pool 'PS Scavenge' had collection(s): count=1 time=19ms
2024-01-29 07:44:32,545 [main] INFO  ozone.MiniOzoneClusterImpl (MiniOzoneClusterImpl.java:stop(465)) - Stopping the Mini Ozone Cluster
2024-01-29 07:44:32,545 [main] INFO  om.OzoneManager (OzoneManager.java:stop(2204)) - om1[localhost:15360]: Stopping Ozone Manager
2024-01-29 07:44:32,545 [main] INFO  ipc.Server (Server.java:stop(3523)) - Stopping server on 15360
2024-01-29 07:44:32,548 [IPC Server listener on 15360] INFO  ipc.Server (Server.java:run(1434)) - Stopping IPC Server listener on 15360
2024-01-29 07:44:32,548 [IPC Server Responder] INFO  ipc.Server (Server.java:run(1567)) - Stopping IPC Server Responder
2024-01-29 07:44:32,548 [main] INFO  ratis.OzoneManagerRatisServer (OzoneManagerRatisServer.java:stop(594)) - Stopping org.apache.hadoop.ozone.om.ratis.OzoneManagerRatisServer@1d7bc28b at port 15363
2024-01-29 07:44:32,548 [main] INFO  server.RaftServer (RaftServerProxy.java:lambda$close$9(416)) - om1: close
2024-01-29 07:44:32,549 [main] INFO  server.GrpcService (GrpcService.java:closeImpl(311)) - om1: shutdown server GrpcServerProtocolService now
2024-01-29 07:44:32,549 [om1-impl-thread1] INFO  server.RaftServer$Division (RaftServerImpl.java:lambda$close$3(526)) - om1@group-C5BA1605619E: shutdown
2024-01-29 07:44:32,550 [om1-impl-thread1] INFO  util.JmxRegister (JmxRegister.java:unregister(73)) - Successfully un-registered JMX Bean with object name Ratis:service=RaftServer,group=group-C5BA1605619E,id=om1
2024-01-29 07:44:32,550 [om1-impl-thread1] INFO  impl.RoleInfo (RoleInfo.java:shutdownLeaderState(94)) - om1: shutdown om1@group-C5BA1605619E-LeaderStateImpl
2024-01-29 07:44:32,550 [om1-impl-thread1] INFO  impl.PendingRequests (PendingRequests.java:sendNotLeaderResponses(289)) - om1@group-C5BA1605619E-PendingRequests: sendNotLeaderResponses
2024-01-29 07:44:32,551 [main] INFO  server.GrpcService (GrpcService.java:closeImpl(320)) - om1: shutdown server GrpcServerProtocolService successfully
2024-01-29 07:44:32,553 [om1-impl-thread1] INFO  impl.StateMachineUpdater (StateMachineUpdater.java:stopAndJoin(157)) - om1@group-C5BA1605619E-StateMachineUpdater: set stopIndex = 4
2024-01-29 07:44:32,553 [om1@group-C5BA1605619E-StateMachineUpdater] INFO  ratis.OzoneManagerStateMachine (OzoneManagerStateMachine.java:takeSnapshotImpl(469)) -  applied = (t:1, i:3)
2024-01-29 07:44:32,553 [om1@group-C5BA1605619E-StateMachineUpdater] INFO  ratis.OzoneManagerStateMachine (OzoneManagerStateMachine.java:takeSnapshotImpl(470)) -  skipped = 3
2024-01-29 07:44:32,553 [om1@group-C5BA1605619E-StateMachineUpdater] INFO  ratis.OzoneManagerStateMachine (OzoneManagerStateMachine.java:takeSnapshotImpl(471)) - notified = (t:1, i:4)
2024-01-29 07:44:32,553 [om1@group-C5BA1605619E-StateMachineUpdater] INFO  ratis.OzoneManagerStateMachine (OzoneManagerStateMachine.java:takeSnapshotImpl(472)) - snapshot = (t:1, i:4)
2024-01-29 07:44:32,562 [om1@group-C5BA1605619E-StateMachineUpdater] INFO  impl.StateMachineUpdater (StateMachineUpdater.java:takeSnapshot(295)) - om1@group-C5BA1605619E-StateMachineUpdater: Took a snapshot at index 4
2024-01-29 07:44:32,562 [om1@group-C5BA1605619E-StateMachineUpdater] INFO  impl.StateMachineUpdater (StateMachineUpdater.java:lambda$new$0(98)) - om1@group-C5BA1605619E-StateMachineUpdater: snapshotIndex: updateIncreasingly -1 -> 4
2024-01-29 07:44:32,562 [om1@group-C5BA1605619E-StateMachineUpdater] INFO  ratis.OzoneManagerStateMachine (OzoneManagerStateMachine.java:close(515)) - Stopping OzoneManagerStateMachine:om1:group-C5BA1605619E.
2024-01-29 07:44:32,562 [om1@group-C5BA1605619E-StateMachineUpdater] INFO  ratis.OzoneManagerDoubleBuffer (OzoneManagerDoubleBuffer.java:stopDaemon(514)) - Stopping OMDoubleBuffer flush thread
2024-01-29 07:44:32,562 [om1-OMDoubleBufferFlushThread] INFO  ratis.OzoneManagerDoubleBuffer (OzoneManagerDoubleBuffer.java:canFlush(578)) - OMDoubleBuffer flush thread om1-OMDoubleBufferFlushThread is interrupted and will exit.
2024-01-29 07:44:32,563 [om1-impl-thread1] INFO  server.RaftServer$Division (ServerState.java:close(427)) - om1@group-C5BA1605619E: applyIndex: 3
2024-01-29 07:44:32,563 [om1@group-C5BA1605619E-cacheEviction-AwaitToRun] INFO  util.AwaitToRun (AwaitToRun.java:run(49)) - om1@group-C5BA1605619E-cacheEviction-AwaitToRun-AwaitForSignal is interrupted
2024-01-29 07:44:32,737 [om1-impl-thread1] INFO  segmented.SegmentedRaftLogWorker (SegmentedRaftLogWorker.java:close(245)) - om1@group-C5BA1605619E-SegmentedRaftLogWorker close()
2024-01-29 07:44:32,737 [JvmPauseMonitor45] INFO  util.JvmPauseMonitor (JvmPauseMonitor.java:run(152)) - JvmPauseMonitor-om1: Stopped
2024-01-29 07:44:32,737 [main] INFO  utils.BackgroundService (BackgroundService.java:shutdown(160)) - Shutting down service KeyDeletingService
2024-01-29 07:44:32,737 [main] INFO  utils.BackgroundService (BackgroundService.java:shutdown(160)) - Shutting down service DirectoryDeletingService
2024-01-29 07:44:32,737 [main] INFO  utils.BackgroundService (BackgroundService.java:shutdown(160)) - Shutting down service OpenKeyCleanupService
2024-01-29 07:44:32,738 [main] INFO  utils.BackgroundService (BackgroundService.java:shutdown(160)) - Shutting down service SstFilteringService
2024-01-29 07:44:32,738 [main] INFO  utils.BackgroundService (BackgroundService.java:shutdown(160)) - Shutting down service SnapshotDeletingService
2024-01-29 07:44:32,738 [main] INFO  utils.BackgroundService (BackgroundService.java:shutdown(160)) - Shutting down service MultipartUploadCleanupService
2024-01-29 07:44:32,738 [main] INFO  utils.BackgroundService (BackgroundService.java:shutdown(160)) - Shutting down service SnapshotDirectoryCleaningService
2024-01-29 07:44:32,739 [main] INFO  handler.ContextHandler (ContextHandler.java:doStop(1159)) - Stopped o.e.j.w.WebAppContext@636076d7{ozoneManager,/,null,STOPPED}{file:/home/runner/work/ozone/ozone/hadoop-ozone/integration-test/target/test-classes/webapps/ozoneManager}
2024-01-29 07:44:32,739 [main] INFO  server.AbstractConnector (AbstractConnector.java:doStop(383)) - Stopped ServerConnector@44032c54{HTTP/1.1, (http/1.1)}{0.0.0.0:15361}
2024-01-29 07:44:32,739 [main] INFO  server.session (HouseKeeper.java:stopScavenging(149)) - node0 Stopped scavenging
2024-01-29 07:44:32,739 [main] INFO  handler.ContextHandler (ContextHandler.java:doStop(1159)) - Stopped o.e.j.s.ServletContextHandler@4aadf2d{static,/static,file:///home/runner/work/ozone/ozone/hadoop-ozone/integration-test/target/test-classes/webapps/static,STOPPED}
2024-01-29 07:44:32,740 [main] INFO  handler.ContextHandler (ContextHandler.java:doStop(1159)) - Stopped o.e.j.s.ServletContextHandler@1c5e2d2f{logs,/logs,file:///home/runner/work/ozone/ozone/hadoop-ozone/integration-test/target/log,STOPPED}
2024-01-29 07:44:32,740 [main] INFO  rocksdiff.RocksDBCheckpointDiffer (RocksDBCheckpointDiffer.java:close(310)) - Shutting down CompactionDagPruningService.
2024-01-29 07:44:32,741 [main] INFO  snapshot.SnapshotDiffManager (SnapshotDiffManager.java:closeExecutorService(1688)) - Shutting down executorService: 'SnapDiffExecutor'
2024-01-29 07:44:32,742 [main] INFO  snapshot.SnapshotDiffManager (SnapshotDiffManager.java:closeExecutorService(1688)) - Shutting down executorService: 'SstDumpToolExecutor'
2024-01-29 07:44:32,742 [main] INFO  utils.BackgroundService (BackgroundService.java:shutdown(160)) - Shutting down service SnapshotDiffCleanupService
2024-01-29 07:44:32,742 [main] INFO  ozone.MiniOzoneClusterImpl (MiniOzoneClusterImpl.java:stopDatanodes(535)) - Stopping the HddsDatanodes
2024-01-29 07:44:32,744 [ForkJoinPool.commonPool-worker-3] INFO  ozoneimpl.OzoneContainer (OzoneContainer.java:stop(479)) - Attempting to stop container services.
2024-01-29 07:44:32,744 [ForkJoinPool.commonPool-worker-2] INFO  ozoneimpl.OzoneContainer (OzoneContainer.java:stop(479)) - Attempting to stop container services.
2024-01-29 07:44:32,744 [main] INFO  ozoneimpl.OzoneContainer (OzoneContainer.java:stop(479)) - Attempting to stop container services.
2024-01-29 07:44:32,744 [ForkJoinPool.commonPool-worker-2] INFO  server.RaftServer (RaftServerProxy.java:lambda$close$9(416)) - 52eee04e-2e21-4309-a40c-69540fbd71c9: close
2024-01-29 07:44:32,745 [52eee04e-2e21-4309-a40c-69540fbd71c9-impl-thread1] INFO  server.RaftServer$Division (RaftServerImpl.java:lambda$close$3(526)) - 52eee04e-2e21-4309-a40c-69540fbd71c9@group-B4FE11273C34: shutdown
2024-01-29 07:44:32,745 [main] INFO  server.RaftServer (RaftServerProxy.java:lambda$close$9(416)) - 00f7b909-d0df-49f8-910d-886c8291e2be: close
2024-01-29 07:44:32,745 [52eee04e-2e21-4309-a40c-69540fbd71c9-impl-thread1] INFO  util.JmxRegister (JmxRegister.java:unregister(73)) - Successfully un-registered JMX Bean with object name Ratis:service=RaftServer,group=group-B4FE11273C34,id=52eee04e-2e21-4309-a40c-69540fbd71c9
2024-01-29 07:44:32,745 [52eee04e-2e21-4309-a40c-69540fbd71c9-impl-thread1] INFO  impl.RoleInfo (RoleInfo.java:shutdownLeaderState(94)) - 52eee04e-2e21-4309-a40c-69540fbd71c9: shutdown 52eee04e-2e21-4309-a40c-69540fbd71c9@group-B4FE11273C34-LeaderStateImpl
2024-01-29 07:44:32,745 [ForkJoinPool.commonPool-worker-3] INFO  server.RaftServer (RaftServerProxy.java:lambda$close$9(416)) - 92b1878f-5f30-4884-b778-b757b768b8e7: close
2024-01-29 07:44:32,746 [ForkJoinPool.commonPool-worker-2] INFO  server.GrpcService (GrpcService.java:closeImpl(311)) - 52eee04e-2e21-4309-a40c-69540fbd71c9: shutdown server org.apache.ratis.grpc.server.GrpcClientProtocolService now
2024-01-29 07:44:32,746 [52eee04e-2e21-4309-a40c-69540fbd71c9-impl-thread2] INFO  server.RaftServer$Division (RaftServerImpl.java:lambda$close$3(526)) - 52eee04e-2e21-4309-a40c-69540fbd71c9@group-0EBC06A0053F: shutdown
2024-01-29 07:44:32,746 [52eee04e-2e21-4309-a40c-69540fbd71c9-impl-thread2] INFO  util.JmxRegister (JmxRegister.java:unregister(73)) - Successfully un-registered JMX Bean with object name Ratis:service=RaftServer,group=group-0EBC06A0053F,id=52eee04e-2e21-4309-a40c-69540fbd71c9
2024-01-29 07:44:32,746 [52eee04e-2e21-4309-a40c-69540fbd71c9-impl-thread2] INFO  impl.RoleInfo (RoleInfo.java:shutdownLeaderState(94)) - 52eee04e-2e21-4309-a40c-69540fbd71c9: shutdown 52eee04e-2e21-4309-a40c-69540fbd71c9@group-0EBC06A0053F-LeaderStateImpl
2024-01-29 07:44:32,747 [00f7b909-d0df-49f8-910d-886c8291e2be-impl-thread1] INFO  server.RaftServer$Division (RaftServerImpl.java:lambda$close$3(526)) - 00f7b909-d0df-49f8-910d-886c8291e2be@group-1941C1C038EC: shutdown
2024-01-29 07:44:32,746 [52eee04e-2e21-4309-a40c-69540fbd71c9@group-B4FE11273C34->92b1878f-5f30-4884-b778-b757b768b8e7-GrpcLogAppender-LogAppenderDaemon] WARN  server.GrpcLogAppender (GrpcLogAppender.java:mayWait(289)) - 52eee04e-2e21-4309-a40c-69540fbd71c9@group-B4FE11273C34->92b1878f-5f30-4884-b778-b757b768b8e7-GrpcLogAppender: Wait interrupted by java.lang.InterruptedException
2024-01-29 07:44:32,748 [ForkJoinPool.commonPool-worker-3] INFO  server.GrpcService (GrpcService.java:closeImpl(311)) - 92b1878f-5f30-4884-b778-b757b768b8e7: shutdown server org.apache.ratis.grpc.server.GrpcClientProtocolService now
2024-01-29 07:44:32,746 [52eee04e-2e21-4309-a40c-69540fbd71c9@group-B4FE11273C34->6a63baba-185f-4694-8c2d-f019df25b76b-GrpcLogAppender-LogAppenderDaemon] WARN  server.GrpcLogAppender (GrpcLogAppender.java:mayWait(289)) - 52eee04e-2e21-4309-a40c-69540fbd71c9@group-B4FE11273C34->6a63baba-185f-4694-8c2d-f019df25b76b-GrpcLogAppender: Wait interrupted by java.lang.InterruptedException
2024-01-29 07:44:32,748 [Thread-5826] INFO  server.GrpcServerProtocolClient (GrpcServerProtocolClient.java:close(103)) - 6a63baba-185f-4694-8c2d-f019df25b76b Close channels
2024-01-29 07:44:32,746 [52eee04e-2e21-4309-a40c-69540fbd71c9-impl-thread1] INFO  impl.PendingRequests (PendingRequests.java:sendNotLeaderResponses(289)) - 52eee04e-2e21-4309-a40c-69540fbd71c9@group-B4FE11273C34-PendingRequests: sendNotLeaderResponses
2024-01-29 07:44:32,748 [Thread-5829] INFO  server.GrpcServerProtocolClient (GrpcServerProtocolClient.java:close(103)) - 92b1878f-5f30-4884-b778-b757b768b8e7 Close channels
2024-01-29 07:44:32,748 [52eee04e-2e21-4309-a40c-69540fbd71c9-impl-thread1] INFO  impl.StateMachineUpdater (StateMachineUpdater.java:stopAndJoin(157)) - 52eee04e-2e21-4309-a40c-69540fbd71c9@group-B4FE11273C34-StateMachineUpdater: set stopIndex = 0
2024-01-29 07:44:32,748 [52eee04e-2e21-4309-a40c-69540fbd71c9@group-B4FE11273C34-StateMachineUpdater] INFO  ratis.ContainerStateMachine (ContainerStateMachine.java:takeSnapshot(355)) - group-B4FE11273C34: Taking a snapshot at:(t:1, i:0) file /home/runner/work/ozone/ozone/hadoop-ozone/integration-test/target/test-dir/MiniOzoneClusterImpl-4c098651-5741-4b11-9e36-c6ca8da28866/datanode-2/data/ratis/2db34f74-41c3-4765-9f19-b4fe11273c34/sm/snapshot.1_0
2024-01-29 07:44:32,749 [grpc-default-executor-0] INFO  server.GrpcServerProtocolService (GrpcServerProtocolService.java:onCompleted(157)) - 92b1878f-5f30-4884-b778-b757b768b8e7: Completed APPEND_ENTRIES, lastRequest: 52eee04e-2e21-4309-a40c-69540fbd71c9->92b1878f-5f30-4884-b778-b757b768b8e7#1-t1,previous=(t:0, i:0),leaderCommit=-1,initializing? false,entries: size=1, first=(t:1, i:0), CONFIGURATIONENTRY(current:id: "52eee04e-2e21-4309-a40c-69540fbd71c9"
address: "10.1.0.7:15388"
priority: 1
dataStreamAddress: "10.1.0.7:15389"
clientAddress: "10.1.0.7:15386"
adminAddress: "10.1.0.7:15387"
startupRole: FOLLOWER
,id: "6a63baba-185f-4694-8c2d-f019df25b76b"
address: "10.1.0.7:15370"
dataStreamAddress: "10.1.0.7:15371"
clientAddress: "10.1.0.7:15368"
adminAddress: "10.1.0.7:15369"
startupRole: FOLLOWER
,id: "92b1878f-5f30-4884-b778-b757b768b8e7"
address: "10.1.0.7:15379"
dataStreamAddress: "10.1.0.7:15380"
clientAddress: "10.1.0.7:15377"
adminAddress: "10.1.0.7:15378"
startupRole: FOLLOWER
, old:)
2024-01-29 07:44:32,749 [grpc-default-executor-0] INFO  server.GrpcServerProtocolService (GrpcServerProtocolService.java:lambda$onCompleted$5(159)) - 92b1878f-5f30-4884-b778-b757b768b8e7: Completed APPEND_ENTRIES, lastReply: null
2024-01-29 07:44:32,746 [92b1878f-5f30-4884-b778-b757b768b8e7-impl-thread1] INFO  server.RaftServer$Division (RaftServerImpl.java:lambda$close$3(526)) - 92b1878f-5f30-4884-b778-b757b768b8e7@group-5ABCC74F4ED3: shutdown
2024-01-29 07:44:32,749 [92b1878f-5f30-4884-b778-b757b768b8e7-impl-thread1] INFO  util.JmxRegister (JmxRegister.java:unregister(73)) - Successfully un-registered JMX Bean with object name Ratis:service=RaftServer,group=group-5ABCC74F4ED3,id=92b1878f-5f30-4884-b778-b757b768b8e7
2024-01-29 07:44:32,749 [92b1878f-5f30-4884-b778-b757b768b8e7-impl-thread1] INFO  impl.RoleInfo (RoleInfo.java:shutdownLeaderState(94)) - 92b1878f-5f30-4884-b778-b757b768b8e7: shutdown 92b1878f-5f30-4884-b778-b757b768b8e7@group-5ABCC74F4ED3-LeaderStateImpl
2024-01-29 07:44:32,750 [grpc-default-executor-3] INFO  server.GrpcServerProtocolService (GrpcServerProtocolService.java:onCompleted(157)) - 6a63baba-185f-4694-8c2d-f019df25b76b: Completed APPEND_ENTRIES, lastRequest: null
2024-01-29 07:44:32,747 [00f7b909-d0df-49f8-910d-886c8291e2be-impl-thread1] INFO  util.JmxRegister (JmxRegister.java:unregister(73)) - Successfully un-registered JMX Bean with object name Ratis:service=RaftServer,group=group-1941C1C038EC,id=00f7b909-d0df-49f8-910d-886c8291e2be
2024-01-29 07:44:32,750 [92b1878f-5f30-4884-b778-b757b768b8e7-impl-thread2] INFO  server.RaftServer$Division (RaftServerImpl.java:lambda$close$3(526)) - 92b1878f-5f30-4884-b778-b757b768b8e7@group-B4FE11273C34: shutdown
2024-01-29 07:44:32,747 [52eee04e-2e21-4309-a40c-69540fbd71c9-impl-thread2] INFO  impl.PendingRequests (PendingRequests.java:sendNotLeaderResponses(289)) - 52eee04e-2e21-4309-a40c-69540fbd71c9@group-0EBC06A0053F-PendingRequests: sendNotLeaderResponses
2024-01-29 07:44:32,751 [Thread-5830] INFO  server.GrpcServerProtocolClient (GrpcServerProtocolClient.java:close(103)) - 52eee04e-2e21-4309-a40c-69540fbd71c9 Close channels
2024-01-29 07:44:32,750 [00f7b909-d0df-49f8-910d-886c8291e2be-impl-thread1] INFO  impl.RoleInfo (RoleInfo.java:shutdownFollowerState(110)) - 00f7b909-d0df-49f8-910d-886c8291e2be: shutdown 00f7b909-d0df-49f8-910d-886c8291e2be@group-1941C1C038EC-FollowerState
2024-01-29 07:44:32,750 [92b1878f-5f30-4884-b778-b757b768b8e7-impl-thread1] INFO  impl.PendingRequests (PendingRequests.java:sendNotLeaderResponses(289)) - 92b1878f-5f30-4884-b778-b757b768b8e7@group-5ABCC74F4ED3-PendingRequests: sendNotLeaderResponses
2024-01-29 07:44:32,751 [grpc-default-executor-3] INFO  server.GrpcServerProtocolService (GrpcServerProtocolService.java:lambda$onCompleted$5(159)) - 6a63baba-185f-4694-8c2d-f019df25b76b: Completed APPEND_ENTRIES, lastReply: serverReply {
  requestorId: "52eee04e-2e21-4309-a40c-69540fbd71c9"
  replyId: "6a63baba-185f-4694-8c2d-f019df25b76b"
  raftGroupId {
    id: "-\263OtA\303Ge\237\031\264\376\021\'<4"
  }
  callId: 11
  success: true
}
term: 1
nextIndex: 1
matchIndex: 18446744073709551615
isHearbeat: true

2024-01-29 07:44:32,751 [92b1878f-5f30-4884-b778-b757b768b8e7-impl-thread2] INFO  util.JmxRegister (JmxRegister.java:unregister(73)) - Successfully un-registered JMX Bean with object name Ratis:service=RaftServer,group=group-B4FE11273C34,id=92b1878f-5f30-4884-b778-b757b768b8e7
2024-01-29 07:44:32,751 [92b1878f-5f30-4884-b778-b757b768b8e7-impl-thread2] INFO  impl.RoleInfo (RoleInfo.java:shutdownFollowerState(110)) - 92b1878f-5f30-4884-b778-b757b768b8e7: shutdown 92b1878f-5f30-4884-b778-b757b768b8e7@group-B4FE11273C34-FollowerState
2024-01-29 07:44:32,750 [grpc-default-executor-2] INFO  server.GrpcLogAppender (GrpcLogAppender.java:onCompleted(546)) - 52eee04e-2e21-4309-a40c-69540fbd71c9@group-B4FE11273C34->92b1878f-5f30-4884-b778-b757b768b8e7-AppendLogResponseHandler: follower responses appendEntries COMPLETED
2024-01-29 07:44:32,750 [grpc-default-executor-0] INFO  server.GrpcServerProtocolService (GrpcServerProtocolService.java:onCompleted(157)) - 92b1878f-5f30-4884-b778-b757b768b8e7: Completed APPEND_ENTRIES, lastRequest: null
2024-01-29 07:44:32,751 [grpc-default-executor-2] WARN  server.GrpcLogAppender (GrpcLogAppender.java:resetClient(226)) - 52eee04e-2e21-4309-a40c-69540fbd71c9@group-B4FE11273C34->92b1878f-5f30-4884-b778-b757b768b8e7-GrpcLogAppender: Failed to getClient for 92b1878f-5f30-4884-b778-b757b768b8e7
org.apache.ratis.protocol.exceptions.AlreadyClosedException: 52eee04e-2e21-4309-a40c-69540fbd71c9 is already CLOSED
	at org.apache.ratis.util.PeerProxyMap$PeerAndProxy.getProxy(PeerProxyMap.java:65)
	at org.apache.ratis.util.PeerProxyMap.getProxy(PeerProxyMap.java:114)
	at org.apache.ratis.grpc.server.GrpcLogAppender.getClient(GrpcLogAppender.java:196)
	at org.apache.ratis.grpc.server.GrpcLogAppender.resetClient(GrpcLogAppender.java:201)
	at org.apache.ratis.grpc.server.GrpcLogAppender.access$800(GrpcLogAppender.java:62)
	at org.apache.ratis.grpc.server.GrpcLogAppender$AppendLogResponseHandler.onCompleted(GrpcLogAppender.java:547)
	at org.apache.ratis.thirdparty.io.grpc.stub.ClientCalls$StreamObserverToCallListenerAdapter.onClose(ClientCalls.java:479)
	at org.apache.ratis.thirdparty.io.grpc.internal.ClientCallImpl.closeObserver(ClientCallImpl.java:567)
	at org.apache.ratis.thirdparty.io.grpc.internal.ClientCallImpl.access$300(ClientCallImpl.java:71)
	at org.apache.ratis.thirdparty.io.grpc.internal.ClientCallImpl$ClientStreamListenerImpl$1StreamClosed.runInternal(ClientCallImpl.java:735)
	at org.apache.ratis.thirdparty.io.grpc.internal.ClientCallImpl$ClientStreamListenerImpl$1StreamClosed.runInContext(ClientCallImpl.java:716)
	at org.apache.ratis.thirdparty.io.grpc.internal.ContextRunnable.run(ContextRunnable.java:37)
	at org.apache.ratis.thirdparty.io.grpc.internal.SerializingExecutor.run(SerializingExecutor.java:133)
	at java.util.concurrent.ThreadPoolExecutor.runWorker(ThreadPoolExecutor.java:1149)
	at java.util.concurrent.ThreadPoolExecutor$Worker.run(ThreadPoolExecutor.java:624)
	at java.lang.Thread.run(Thread.java:750)
2024-01-29 07:44:32,750 [grpc-default-executor-6] INFO  server.GrpcServerProtocolService (GrpcServerProtocolService.java:onCompleted(157)) - 6a63baba-185f-4694-8c2d-f019df25b76b: Completed APPEND_ENTRIES, lastRequest: 52eee04e-2e21-4309-a40c-69540fbd71c9->6a63baba-185f-4694-8c2d-f019df25b76b#1-t1,previous=(t:0, i:0),leaderCommit=-1,initializing? false,entries: size=1, first=(t:1, i:0), CONFIGURATIONENTRY(current:id: "52eee04e-2e21-4309-a40c-69540fbd71c9"
address: "10.1.0.7:15388"
priority: 1
dataStreamAddress: "10.1.0.7:15389"
clientAddress: "10.1.0.7:15386"
adminAddress: "10.1.0.7:15387"
startupRole: FOLLOWER
,id: "6a63baba-185f-4694-8c2d-f019df25b76b"
address: "10.1.0.7:15370"
dataStreamAddress: "10.1.0.7:15371"
clientAddress: "10.1.0.7:15368"
adminAddress: "10.1.0.7:15369"
startupRole: FOLLOWER
,id: "92b1878f-5f30-4884-b778-b757b768b8e7"
address: "10.1.0.7:15379"
dataStreamAddress: "10.1.0.7:15380"
clientAddress: "10.1.0.7:15377"
adminAddress: "10.1.0.7:15378"
startupRole: FOLLOWER
, old:)
2024-01-29 07:44:32,751 [grpc-default-executor-6] INFO  server.GrpcServerProtocolService (GrpcServerProtocolService.java:lambda$onCompleted$5(159)) - 6a63baba-185f-4694-8c2d-f019df25b76b: Completed APPEND_ENTRIES, lastReply: null
2024-01-29 07:44:32,749 [52eee04e-2e21-4309-a40c-69540fbd71c9@group-B4FE11273C34-StateMachineUpdater] INFO  ratis.ContainerStateMachine (ContainerStateMachine.java:takeSnapshot(366)) - group-B4FE11273C34: Finished taking a snapshot at:(t:1, i:0) file:/home/runner/work/ozone/ozone/hadoop-ozone/integration-test/target/test-dir/MiniOzoneClusterImpl-4c098651-5741-4b11-9e36-c6ca8da28866/datanode-2/data/ratis/2db34f74-41c3-4765-9f19-b4fe11273c34/sm/snapshot.1_0 took: 1 ms
2024-01-29 07:44:32,751 [grpc-default-executor-0] INFO  server.GrpcServerProtocolService (GrpcServerProtocolService.java:lambda$onCompleted$5(159)) - 92b1878f-5f30-4884-b778-b757b768b8e7: Completed APPEND_ENTRIES, lastReply: serverReply {
  requestorId: "52eee04e-2e21-4309-a40c-69540fbd71c9"
  replyId: "92b1878f-5f30-4884-b778-b757b768b8e7"
  raftGroupId {
    id: "-\263OtA\303Ge\237\031\264\376\021\'<4"
  }
  callId: 12
  success: true
}
term: 1
nextIndex: 1
matchIndex: 18446744073709551615
isHearbeat: true

2024-01-29 07:44:32,752 [52eee04e-2e21-4309-a40c-69540fbd71c9@group-B4FE11273C34-StateMachineUpdater] INFO  impl.StateMachineUpdater (StateMachineUpdater.java:takeSnapshot(295)) - 52eee04e-2e21-4309-a40c-69540fbd71c9@group-B4FE11273C34-StateMachineUpdater: Took a snapshot at index 0
2024-01-29 07:44:32,751 [Thread-5831] INFO  server.GrpcServerProtocolClient (GrpcServerProtocolClient.java:close(103)) - 6a63baba-185f-4694-8c2d-f019df25b76b Close channels
2024-01-29 07:44:32,752 [00f7b909-d0df-49f8-910d-886c8291e2be-impl-thread2] INFO  server.RaftServer$Division (RaftServerImpl.java:lambda$close$3(526)) - 00f7b909-d0df-49f8-910d-886c8291e2be@group-B9B4DCD604AA: shutdown
2024-01-29 07:44:32,752 [main] INFO  server.GrpcService (GrpcService.java:closeImpl(311)) - 00f7b909-d0df-49f8-910d-886c8291e2be: shutdown server org.apache.ratis.grpc.server.GrpcClientProtocolService now
2024-01-29 07:44:32,752 [52eee04e-2e21-4309-a40c-69540fbd71c9@group-B4FE11273C34-StateMachineUpdater] INFO  impl.StateMachineUpdater (StateMachineUpdater.java:lambda$new$0(98)) - 52eee04e-2e21-4309-a40c-69540fbd71c9@group-B4FE11273C34-StateMachineUpdater: snapshotIndex: updateIncreasingly -1 -> 0
2024-01-29 07:44:32,752 [grpc-default-executor-0] INFO  server.GrpcLogAppender (GrpcLogAppender.java:onCompleted(546)) - 52eee04e-2e21-4309-a40c-69540fbd71c9@group-B4FE11273C34->92b1878f-5f30-4884-b778-b757b768b8e7-AppendLogResponseHandler: follower responses appendEntries COMPLETED
2024-01-29 07:44:32,752 [52eee04e-2e21-4309-a40c-69540fbd71c9-impl-thread1] INFO  server.RaftServer$Division (ServerState.java:close(427)) - 52eee04e-2e21-4309-a40c-69540fbd71c9@group-B4FE11273C34: applyIndex: 0
2024-01-29 07:44:32,752 [grpc-default-executor-0] WARN  server.GrpcLogAppender (GrpcLogAppender.java:resetClient(226)) - 52eee04e-2e21-4309-a40c-69540fbd71c9@group-B4FE11273C34->92b1878f-5f30-4884-b778-b757b768b8e7-GrpcLogAppender: Failed to getClient for 92b1878f-5f30-4884-b778-b757b768b8e7
org.apache.ratis.protocol.exceptions.AlreadyClosedException: 52eee04e-2e21-4309-a40c-69540fbd71c9 is already CLOSED
	at org.apache.ratis.util.PeerProxyMap$PeerAndProxy.getProxy(PeerProxyMap.java:65)
	at org.apache.ratis.util.PeerProxyMap.getProxy(PeerProxyMap.java:114)
	at org.apache.ratis.grpc.server.GrpcLogAppender.getClient(GrpcLogAppender.java:196)
	at org.apache.ratis.grpc.server.GrpcLogAppender.resetClient(GrpcLogAppender.java:201)
	at org.apache.ratis.grpc.server.GrpcLogAppender.access$800(GrpcLogAppender.java:62)
	at org.apache.ratis.grpc.server.GrpcLogAppender$AppendLogResponseHandler.onCompleted(GrpcLogAppender.java:547)
	at org.apache.ratis.thirdparty.io.grpc.stub.ClientCalls$StreamObserverToCallListenerAdapter.onClose(ClientCalls.java:479)
	at org.apache.ratis.thirdparty.io.grpc.internal.DelayedClientCall$DelayedListener$3.run(DelayedClientCall.java:489)
	at org.apache.ratis.thirdparty.io.grpc.internal.DelayedClientCall$DelayedListener.delayOrExecute(DelayedClientCall.java:453)
	at org.apache.ratis.thirdparty.io.grpc.internal.DelayedClientCall$DelayedListener.onClose(DelayedClientCall.java:486)
	at org.apache.ratis.thirdparty.io.grpc.internal.ClientCallImpl.closeObserver(ClientCallImpl.java:567)
	at org.apache.ratis.thirdparty.io.grpc.internal.ClientCallImpl.access$300(ClientCallImpl.java:71)
	at org.apache.ratis.thirdparty.io.grpc.internal.ClientCallImpl$ClientStreamListenerImpl$1StreamClosed.runInternal(ClientCallImpl.java:735)
	at org.apache.ratis.thirdparty.io.grpc.internal.ClientCallImpl$ClientStreamListenerImpl$1StreamClosed.runInContext(ClientCallImpl.java:716)
	at org.apache.ratis.thirdparty.io.grpc.internal.ContextRunnable.run(ContextRunnable.java:37)
	at org.apache.ratis.thirdparty.io.grpc.internal.SerializingExecutor.run(SerializingExecutor.java:133)
	at java.util.concurrent.ThreadPoolExecutor.runWorker(ThreadPoolExecutor.java:1149)
	at java.util.concurrent.ThreadPoolExecutor$Worker.run(ThreadPoolExecutor.java:624)
	at java.lang.Thread.run(Thread.java:750)
2024-01-29 07:44:32,753 [main] INFO  server.GrpcService (GrpcService.java:closeImpl(320)) - 00f7b909-d0df-49f8-910d-886c8291e2be: shutdown server org.apache.ratis.grpc.server.GrpcClientProtocolService successfully
2024-01-29 07:44:32,753 [main] INFO  server.GrpcService (GrpcService.java:closeImpl(311)) - 00f7b909-d0df-49f8-910d-886c8291e2be: shutdown server GrpcServerProtocolService now
2024-01-29 07:44:32,754 [grpc-default-executor-0] WARN  server.GrpcLogAppender (LogUtils.java:warn(121)) - 2532b31c-22c5-467b-a3b6-d3baa4dde6c4@group-1941C1C038EC->00f7b909-d0df-49f8-910d-886c8291e2be-AppendLogResponseHandler: Failed appendEntries: org.apache.ratis.thirdparty.io.grpc.StatusRuntimeException: CANCELLED: RST_STREAM closed stream. HTTP/2 error code: CANCEL
2024-01-29 07:44:32,754 [grpc-default-executor-2] WARN  server.GrpcServerProtocolService (LogUtils.java:warn(121)) - 00f7b909-d0df-49f8-910d-886c8291e2be: APPEND_ENTRIES onError, lastRequest: 2532b31c-22c5-467b-a3b6-d3baa4dde6c4->00f7b909-d0df-49f8-910d-886c8291e2be#1-t1,previous=(t:0, i:0),leaderCommit=-1,initializing? false,entries: size=1, first=(t:1, i:0), CONFIGURATIONENTRY(current:id: "2532b31c-22c5-467b-a3b6-d3baa4dde6c4"
address: "10.1.0.7:15424"
priority: 1
dataStreamAddress: "10.1.0.7:15425"
clientAddress: "10.1.0.7:15422"
adminAddress: "10.1.0.7:15423"
startupRole: FOLLOWER
,id: "c4e2dbfc-bf93-4c3c-9059-db6704809494"
address: "10.1.0.7:15442"
dataStreamAddress: "10.1.0.7:15443"
clientAddress: "10.1.0.7:15440"
adminAddress: "10.1.0.7:15441"
startupRole: FOLLOWER
,id: "00f7b909-d0df-49f8-910d-886c8291e2be"
address: "10.1.0.7:15433"
dataStreamAddress: "10.1.0.7:15434"
clientAddress: "10.1.0.7:15431"
adminAddress: "10.1.0.7:15432"
startupRole: FOLLOWER
, old:): org.apache.ratis.thirdparty.io.grpc.StatusRuntimeException: CANCELLED: client cancelled
2024-01-29 07:44:32,754 [grpc-default-executor-0] WARN  server.GrpcLogAppender (GrpcLogAppender.java:lambda$resetClient$1(217)) - 2532b31c-22c5-467b-a3b6-d3baa4dde6c4@group-1941C1C038EC->00f7b909-d0df-49f8-910d-886c8291e2be-GrpcLogAppender: Follower failed (request=null, errorCount=1); keep nextIndex (1) unchanged and retry.
2024-01-29 07:44:32,754 [00f7b909-d0df-49f8-910d-886c8291e2be-impl-thread2] INFO  util.JmxRegister (JmxRegister.java:unregister(73)) - Successfully un-registered JMX Bean with object name Ratis:service=RaftServer,group=group-B9B4DCD604AA,id=00f7b909-d0df-49f8-910d-886c8291e2be
2024-01-29 07:44:32,754 [00f7b909-d0df-49f8-910d-886c8291e2be-impl-thread2] INFO  impl.RoleInfo (RoleInfo.java:shutdownLeaderState(94)) - 00f7b909-d0df-49f8-910d-886c8291e2be: shutdown 00f7b909-d0df-49f8-910d-886c8291e2be@group-B9B4DCD604AA-LeaderStateImpl
2024-01-29 07:44:32,754 [00f7b909-d0df-49f8-910d-886c8291e2be-impl-thread2] INFO  impl.PendingRequests (PendingRequests.java:sendNotLeaderResponses(289)) - 00f7b909-d0df-49f8-910d-886c8291e2be@group-B9B4DCD604AA-PendingRequests: sendNotLeaderResponses
2024-01-29 07:44:32,755 [grpc-default-executor-3] INFO  server.GrpcLogAppender (GrpcLogAppender.java:onCompleted(546)) - 52eee04e-2e21-4309-a40c-69540fbd71c9@group-B4FE11273C34->6a63baba-185f-4694-8c2d-f019df25b76b-AppendLogResponseHandler: follower responses appendEntries COMPLETED
2024-01-29 07:44:32,755 [grpc-default-executor-3] WARN  server.GrpcLogAppender (GrpcLogAppender.java:resetClient(226)) - 52eee04e-2e21-4309-a40c-69540fbd71c9@group-B4FE11273C34->6a63baba-185f-4694-8c2d-f019df25b76b-GrpcLogAppender: Failed to getClient for 6a63baba-185f-4694-8c2d-f019df25b76b
org.apache.ratis.protocol.exceptions.AlreadyClosedException: 52eee04e-2e21-4309-a40c-69540fbd71c9 is already CLOSED
	at org.apache.ratis.util.PeerProxyMap$PeerAndProxy.getProxy(PeerProxyMap.java:65)
	at org.apache.ratis.util.PeerProxyMap.getProxy(PeerProxyMap.java:114)
	at org.apache.ratis.grpc.server.GrpcLogAppender.getClient(GrpcLogAppender.java:196)
	at org.apache.ratis.grpc.server.GrpcLogAppender.resetClient(GrpcLogAppender.java:201)
	at org.apache.ratis.grpc.server.GrpcLogAppender.access$800(GrpcLogAppender.java:62)
	at org.apache.ratis.grpc.server.GrpcLogAppender$AppendLogResponseHandler.onCompleted(GrpcLogAppender.java:547)
	at org.apache.ratis.thirdparty.io.grpc.stub.ClientCalls$StreamObserverToCallListenerAdapter.onClose(ClientCalls.java:479)
	at org.apache.ratis.thirdparty.io.grpc.internal.ClientCallImpl.closeObserver(ClientCallImpl.java:567)
	at org.apache.ratis.thirdparty.io.grpc.internal.ClientCallImpl.access$300(ClientCallImpl.java:71)
	at org.apache.ratis.thirdparty.io.grpc.internal.ClientCallImpl$ClientStreamListenerImpl$1StreamClosed.runInternal(ClientCallImpl.java:735)
	at org.apache.ratis.thirdparty.io.grpc.internal.ClientCallImpl$ClientStreamListenerImpl$1StreamClosed.runInContext(ClientCallImpl.java:716)
	at org.apache.ratis.thirdparty.io.grpc.internal.ContextRunnable.run(ContextRunnable.java:37)
	at org.apache.ratis.thirdparty.io.grpc.internal.SerializingExecutor.run(SerializingExecutor.java:133)
	at java.util.concurrent.ThreadPoolExecutor.runWorker(ThreadPoolExecutor.java:1149)
	at java.util.concurrent.ThreadPoolExecutor$Worker.run(ThreadPoolExecutor.java:624)
	at java.lang.Thread.run(Thread.java:750)
2024-01-29 07:44:32,755 [92b1878f-5f30-4884-b778-b757b768b8e7-impl-thread1] INFO  impl.StateMachineUpdater (StateMachineUpdater.java:stopAndJoin(157)) - 92b1878f-5f30-4884-b778-b757b768b8e7@group-5ABCC74F4ED3-StateMachineUpdater: set stopIndex = 0
2024-01-29 07:44:32,755 [52eee04e-2e21-4309-a40c-69540fbd71c9-impl-thread2] INFO  impl.StateMachineUpdater (StateMachineUpdater.java:stopAndJoin(157)) - 52eee04e-2e21-4309-a40c-69540fbd71c9@group-0EBC06A0053F-StateMachineUpdater: set stopIndex = 0
2024-01-29 07:44:32,755 [52eee04e-2e21-4309-a40c-69540fbd71c9@group-0EBC06A0053F-StateMachineUpdater] INFO  ratis.ContainerStateMachine (ContainerStateMachine.java:takeSnapshot(355)) - group-0EBC06A0053F: Taking a snapshot at:(t:1, i:0) file /home/runner/work/ozone/ozone/hadoop-ozone/integration-test/target/test-dir/MiniOzoneClusterImpl-4c098651-5741-4b11-9e36-c6ca8da28866/datanode-2/data/ratis/a3fccd0d-ee53-4aff-9e78-0ebc06a0053f/sm/snapshot.1_0
2024-01-29 07:44:32,755 [92b1878f-5f30-4884-b778-b757b768b8e7@group-5ABCC74F4ED3-StateMachineUpdater] INFO  ratis.ContainerStateMachine (ContainerStateMachine.java:takeSnapshot(355)) - group-5ABCC74F4ED3: Taking a snapshot at:(t:1, i:0) file /home/runner/work/ozone/ozone/hadoop-ozone/integration-test/target/test-dir/MiniOzoneClusterImpl-4c098651-5741-4b11-9e36-c6ca8da28866/datanode-1/data/ratis/71dff587-af35-413e-bb32-5abcc74f4ed3/sm/snapshot.1_0
2024-01-29 07:44:32,755 [00f7b909-d0df-49f8-910d-886c8291e2be-impl-thread2] INFO  impl.StateMachineUpdater (StateMachineUpdater.java:stopAndJoin(157)) - 00f7b909-d0df-49f8-910d-886c8291e2be@group-B9B4DCD604AA-StateMachineUpdater: set stopIndex = 0
2024-01-29 07:44:32,755 [00f7b909-d0df-49f8-910d-886c8291e2be@group-B9B4DCD604AA-StateMachineUpdater] INFO  ratis.ContainerStateMachine (ContainerStateMachine.java:takeSnapshot(355)) - group-B9B4DCD604AA: Taking a snapshot at:(t:1, i:0) file /home/runner/work/ozone/ozone/hadoop-ozone/integration-test/target/test-dir/MiniOzoneClusterImpl-4c098651-5741-4b11-9e36-c6ca8da28866/datanode-7/data/ratis/2ad20807-a5c7-445d-a28d-b9b4dcd604aa/sm/snapshot.1_0
2024-01-29 07:44:32,756 [52eee04e-2e21-4309-a40c-69540fbd71c9@group-0EBC06A0053F-StateMachineUpdater] INFO  ratis.ContainerStateMachine (ContainerStateMachine.java:takeSnapshot(366)) - group-0EBC06A0053F: Finished taking a snapshot at:(t:1, i:0) file:/home/runner/work/ozone/ozone/hadoop-ozone/integration-test/target/test-dir/MiniOzoneClusterImpl-4c098651-5741-4b11-9e36-c6ca8da28866/datanode-2/data/ratis/a3fccd0d-ee53-4aff-9e78-0ebc06a0053f/sm/snapshot.1_0 took: 0 ms
2024-01-29 07:44:32,756 [52eee04e-2e21-4309-a40c-69540fbd71c9@group-0EBC06A0053F-StateMachineUpdater] INFO  impl.StateMachineUpdater (StateMachineUpdater.java:takeSnapshot(295)) - 52eee04e-2e21-4309-a40c-69540fbd71c9@group-0EBC06A0053F-StateMachineUpdater: Took a snapshot at index 0
2024-01-29 07:44:32,756 [52eee04e-2e21-4309-a40c-69540fbd71c9@group-0EBC06A0053F-StateMachineUpdater] INFO  impl.StateMachineUpdater (StateMachineUpdater.java:lambda$new$0(98)) - 52eee04e-2e21-4309-a40c-69540fbd71c9@group-0EBC06A0053F-StateMachineUpdater: snapshotIndex: updateIncreasingly -1 -> 0
2024-01-29 07:44:32,756 [52eee04e-2e21-4309-a40c-69540fbd71c9-impl-thread2] INFO  server.RaftServer$Division (ServerState.java:close(427)) - 52eee04e-2e21-4309-a40c-69540fbd71c9@group-0EBC06A0053F: applyIndex: 0
2024-01-29 07:44:32,756 [00f7b909-d0df-49f8-910d-886c8291e2be@group-B9B4DCD604AA-StateMachineUpdater] INFO  ratis.ContainerStateMachine (ContainerStateMachine.java:takeSnapshot(366)) - group-B9B4DCD604AA: Finished taking a snapshot at:(t:1, i:0) file:/home/runner/work/ozone/ozone/hadoop-ozone/integration-test/target/test-dir/MiniOzoneClusterImpl-4c098651-5741-4b11-9e36-c6ca8da28866/datanode-7/data/ratis/2ad20807-a5c7-445d-a28d-b9b4dcd604aa/sm/snapshot.1_0 took: 0 ms
2024-01-29 07:44:32,756 [92b1878f-5f30-4884-b778-b757b768b8e7@group-5ABCC74F4ED3-StateMachineUpdater] INFO  ratis.ContainerStateMachine (ContainerStateMachine.java:takeSnapshot(366)) - group-5ABCC74F4ED3: Finished taking a snapshot at:(t:1, i:0) file:/home/runner/work/ozone/ozone/hadoop-ozone/integration-test/target/test-dir/MiniOzoneClusterImpl-4c098651-5741-4b11-9e36-c6ca8da28866/datanode-1/data/ratis/71dff587-af35-413e-bb32-5abcc74f4ed3/sm/snapshot.1_0 took: 0 ms
2024-01-29 07:44:32,756 [00f7b909-d0df-49f8-910d-886c8291e2be@group-B9B4DCD604AA-StateMachineUpdater] INFO  impl.StateMachineUpdater (StateMachineUpdater.java:takeSnapshot(295)) - 00f7b909-d0df-49f8-910d-886c8291e2be@group-B9B4DCD604AA-StateMachineUpdater: Took a snapshot at index 0
2024-01-29 07:44:32,756 [92b1878f-5f30-4884-b778-b757b768b8e7@group-5ABCC74F4ED3-StateMachineUpdater] INFO  impl.StateMachineUpdater (StateMachineUpdater.java:takeSnapshot(295)) - 92b1878f-5f30-4884-b778-b757b768b8e7@group-5ABCC74F4ED3-StateMachineUpdater: Took a snapshot at index 0
2024-01-29 07:44:32,756 [92b1878f-5f30-4884-b778-b757b768b8e7@group-5ABCC74F4ED3-StateMachineUpdater] INFO  impl.StateMachineUpdater (StateMachineUpdater.java:lambda$new$0(98)) - 92b1878f-5f30-4884-b778-b757b768b8e7@group-5ABCC74F4ED3-StateMachineUpdater: snapshotIndex: updateIncreasingly -1 -> 0
2024-01-29 07:44:32,756 [00f7b909-d0df-49f8-910d-886c8291e2be@group-B9B4DCD604AA-StateMachineUpdater] INFO  impl.StateMachineUpdater (StateMachineUpdater.java:lambda$new$0(98)) - 00f7b909-d0df-49f8-910d-886c8291e2be@group-B9B4DCD604AA-StateMachineUpdater: snapshotIndex: updateIncreasingly -1 -> 0
2024-01-29 07:44:32,756 [92b1878f-5f30-4884-b778-b757b768b8e7-impl-thread1] INFO  server.RaftServer$Division (ServerState.java:close(427)) - 92b1878f-5f30-4884-b778-b757b768b8e7@group-5ABCC74F4ED3: applyIndex: 0
2024-01-29 07:44:32,756 [00f7b909-d0df-49f8-910d-886c8291e2be-impl-thread2] INFO  server.RaftServer$Division (ServerState.java:close(427)) - 00f7b909-d0df-49f8-910d-886c8291e2be@group-B9B4DCD604AA: applyIndex: 0
2024-01-29 07:44:32,760 [00f7b909-d0df-49f8-910d-886c8291e2be-impl-thread1] INFO  impl.StateMachineUpdater (StateMachineUpdater.java:stopAndJoin(157)) - 00f7b909-d0df-49f8-910d-886c8291e2be@group-1941C1C038EC-StateMachineUpdater: set stopIndex = 0
2024-01-29 07:44:32,760 [92b1878f-5f30-4884-b778-b757b768b8e7-impl-thread2] INFO  impl.StateMachineUpdater (StateMachineUpdater.java:stopAndJoin(157)) - 92b1878f-5f30-4884-b778-b757b768b8e7@group-B4FE11273C34-StateMachineUpdater: set stopIndex = 0
2024-01-29 07:44:32,760 [00f7b909-d0df-49f8-910d-886c8291e2be@group-1941C1C038EC-FollowerState] INFO  impl.FollowerState (FollowerState.java:run(152)) - 00f7b909-d0df-49f8-910d-886c8291e2be@group-1941C1C038EC-FollowerState was interrupted
2024-01-29 07:44:32,760 [00f7b909-d0df-49f8-910d-886c8291e2be@group-1941C1C038EC-StateMachineUpdater] INFO  ratis.ContainerStateMachine (ContainerStateMachine.java:takeSnapshot(355)) - group-1941C1C038EC: Taking a snapshot at:(t:1, i:0) file /home/runner/work/ozone/ozone/hadoop-ozone/integration-test/target/test-dir/MiniOzoneClusterImpl-4c098651-5741-4b11-9e36-c6ca8da28866/datanode-7/data/ratis/0a494d6e-c656-4004-aebc-1941c1c038ec/sm/snapshot.1_0
2024-01-29 07:44:32,760 [92b1878f-5f30-4884-b778-b757b768b8e7@group-B4FE11273C34-StateMachineUpdater] INFO  ratis.ContainerStateMachine (ContainerStateMachine.java:takeSnapshot(355)) - group-B4FE11273C34: Taking a snapshot at:(t:1, i:0) file /home/runner/work/ozone/ozone/hadoop-ozone/integration-test/target/test-dir/MiniOzoneClusterImpl-4c098651-5741-4b11-9e36-c6ca8da28866/datanode-1/data/ratis/2db34f74-41c3-4765-9f19-b4fe11273c34/sm/snapshot.1_0
2024-01-29 07:44:32,760 [92b1878f-5f30-4884-b778-b757b768b8e7@group-B4FE11273C34-FollowerState] INFO  impl.FollowerState (FollowerState.java:run(152)) - 92b1878f-5f30-4884-b778-b757b768b8e7@group-B4FE11273C34-FollowerState was interrupted
2024-01-29 07:44:32,761 [52eee04e-2e21-4309-a40c-69540fbd71c9@group-0EBC06A0053F-cacheEviction-AwaitToRun] INFO  util.AwaitToRun (AwaitToRun.java:run(49)) - 52eee04e-2e21-4309-a40c-69540fbd71c9@group-0EBC06A0053F-cacheEviction-AwaitToRun-AwaitForSignal is interrupted
2024-01-29 07:44:32,761 [00f7b909-d0df-49f8-910d-886c8291e2be@group-1941C1C038EC-StateMachineUpdater] INFO  ratis.ContainerStateMachine (ContainerStateMachine.java:takeSnapshot(366)) - group-1941C1C038EC: Finished taking a snapshot at:(t:1, i:0) file:/home/runner/work/ozone/ozone/hadoop-ozone/integration-test/target/test-dir/MiniOzoneClusterImpl-4c098651-5741-4b11-9e36-c6ca8da28866/datanode-7/data/ratis/0a494d6e-c656-4004-aebc-1941c1c038ec/sm/snapshot.1_0 took: 0 ms
2024-01-29 07:44:32,761 [92b1878f-5f30-4884-b778-b757b768b8e7@group-5ABCC74F4ED3-cacheEviction-AwaitToRun] INFO  util.AwaitToRun (AwaitToRun.java:run(49)) - 92b1878f-5f30-4884-b778-b757b768b8e7@group-5ABCC74F4ED3-cacheEviction-AwaitToRun-AwaitForSignal is interrupted
2024-01-29 07:44:32,761 [00f7b909-d0df-49f8-910d-886c8291e2be@group-B9B4DCD604AA-cacheEviction-AwaitToRun] INFO  util.AwaitToRun (AwaitToRun.java:run(49)) - 00f7b909-d0df-49f8-910d-886c8291e2be@group-B9B4DCD604AA-cacheEviction-AwaitToRun-AwaitForSignal is interrupted
2024-01-29 07:44:32,761 [52eee04e-2e21-4309-a40c-69540fbd71c9@group-B4FE11273C34-cacheEviction-AwaitToRun] INFO  util.AwaitToRun (AwaitToRun.java:run(49)) - 52eee04e-2e21-4309-a40c-69540fbd71c9@group-B4FE11273C34-cacheEviction-AwaitToRun-AwaitForSignal is interrupted
2024-01-29 07:44:32,760 [ForkJoinPool.commonPool-worker-4] INFO  ozoneimpl.OzoneContainer (OzoneContainer.java:stop(479)) - Attempting to stop container services.
2024-01-29 07:44:32,773 [ForkJoinPool.commonPool-worker-2] INFO  server.GrpcService (GrpcService.java:closeImpl(320)) - 52eee04e-2e21-4309-a40c-69540fbd71c9: shutdown server org.apache.ratis.grpc.server.GrpcClientProtocolService successfully
2024-01-29 07:44:32,773 [ForkJoinPool.commonPool-worker-2] INFO  server.GrpcService (GrpcService.java:closeImpl(311)) - 52eee04e-2e21-4309-a40c-69540fbd71c9: shutdown server GrpcServerProtocolService now
2024-01-29 07:44:32,766 [ForkJoinPool.commonPool-worker-5] INFO  ozoneimpl.OzoneContainer (OzoneContainer.java:stop(479)) - Attempting to stop container services.
2024-01-29 07:44:32,764 [grpc-default-executor-3] INFO  server.GrpcLogAppender (GrpcLogAppender.java:onCompleted(546)) - 52eee04e-2e21-4309-a40c-69540fbd71c9@group-B4FE11273C34->6a63baba-185f-4694-8c2d-f019df25b76b-AppendLogResponseHandler: follower responses appendEntries COMPLETED
2024-01-29 07:44:32,763 [92b1878f-5f30-4884-b778-b757b768b8e7@group-B4FE11273C34-StateMachineUpdater] INFO  ratis.ContainerStateMachine (ContainerStateMachine.java:takeSnapshot(366)) - group-B4FE11273C34: Finished taking a snapshot at:(t:1, i:0) file:/home/runner/work/ozone/ozone/hadoop-ozone/integration-test/target/test-dir/MiniOzoneClusterImpl-4c098651-5741-4b11-9e36-c6ca8da28866/datanode-1/data/ratis/2db34f74-41c3-4765-9f19-b4fe11273c34/sm/snapshot.1_0 took: 2 ms
2024-01-29 07:44:32,763 [grpc-default-executor-0] WARN  server.GrpcServerProtocolService (LogUtils.java:warn(121)) - 00f7b909-d0df-49f8-910d-886c8291e2be: APPEND_ENTRIES onError, lastRequest: null: org.apache.ratis.thirdparty.io.grpc.StatusRuntimeException: CANCELLED: client cancelled
2024-01-29 07:44:32,773 [92b1878f-5f30-4884-b778-b757b768b8e7@group-B4FE11273C34-StateMachineUpdater] INFO  impl.StateMachineUpdater (StateMachineUpdater.java:takeSnapshot(295)) - 92b1878f-5f30-4884-b778-b757b768b8e7@group-B4FE11273C34-StateMachineUpdater: Took a snapshot at index 0
2024-01-29 07:44:32,763 [main] INFO  server.GrpcService (GrpcService.java:closeImpl(320)) - 00f7b909-d0df-49f8-910d-886c8291e2be: shutdown server GrpcServerProtocolService successfully
2024-01-29 07:44:32,773 [main] INFO  server.GrpcService (GrpcService.java:closeImpl(311)) - 00f7b909-d0df-49f8-910d-886c8291e2be: shutdown server org.apache.ratis.grpc.server.GrpcAdminProtocolService now
2024-01-29 07:44:32,762 [ForkJoinPool.commonPool-worker-3] INFO  server.GrpcService (GrpcService.java:closeImpl(320)) - 92b1878f-5f30-4884-b778-b757b768b8e7: shutdown server org.apache.ratis.grpc.server.GrpcClientProtocolService successfully
2024-01-29 07:44:32,774 [ForkJoinPool.commonPool-worker-3] INFO  server.GrpcService (GrpcService.java:closeImpl(311)) - 92b1878f-5f30-4884-b778-b757b768b8e7: shutdown server GrpcServerProtocolService now
2024-01-29 07:44:32,761 [00f7b909-d0df-49f8-910d-886c8291e2be@group-1941C1C038EC-StateMachineUpdater] INFO  impl.StateMachineUpdater (StateMachineUpdater.java:takeSnapshot(295)) - 00f7b909-d0df-49f8-910d-886c8291e2be@group-1941C1C038EC-StateMachineUpdater: Took a snapshot at index 0
2024-01-29 07:44:32,774 [00f7b909-d0df-49f8-910d-886c8291e2be@group-1941C1C038EC-StateMachineUpdater] INFO  impl.StateMachineUpdater (StateMachineUpdater.java:lambda$new$0(98)) - 00f7b909-d0df-49f8-910d-886c8291e2be@group-1941C1C038EC-StateMachineUpdater: snapshotIndex: updateIncreasingly -1 -> 0
2024-01-29 07:44:32,773 [92b1878f-5f30-4884-b778-b757b768b8e7@group-B4FE11273C34-StateMachineUpdater] INFO  impl.StateMachineUpdater (StateMachineUpdater.java:lambda$new$0(98)) - 92b1878f-5f30-4884-b778-b757b768b8e7@group-B4FE11273C34-StateMachineUpdater: snapshotIndex: updateIncreasingly -1 -> 0
2024-01-29 07:44:32,773 [grpc-default-executor-3] WARN  server.GrpcLogAppender (GrpcLogAppender.java:resetClient(226)) - 52eee04e-2e21-4309-a40c-69540fbd71c9@group-B4FE11273C34->6a63baba-185f-4694-8c2d-f019df25b76b-GrpcLogAppender: Failed to getClient for 6a63baba-185f-4694-8c2d-f019df25b76b
org.apache.ratis.protocol.exceptions.AlreadyClosedException: 52eee04e-2e21-4309-a40c-69540fbd71c9 is already CLOSED
	at org.apache.ratis.util.PeerProxyMap$PeerAndProxy.getProxy(PeerProxyMap.java:65)
	at org.apache.ratis.util.PeerProxyMap.getProxy(PeerProxyMap.java:114)
	at org.apache.ratis.grpc.server.GrpcLogAppender.getClient(GrpcLogAppender.java:196)
	at org.apache.ratis.grpc.server.GrpcLogAppender.resetClient(GrpcLogAppender.java:201)
	at org.apache.ratis.grpc.server.GrpcLogAppender.access$800(GrpcLogAppender.java:62)
	at org.apache.ratis.grpc.server.GrpcLogAppender$AppendLogResponseHandler.onCompleted(GrpcLogAppender.java:547)
	at org.apache.ratis.thirdparty.io.grpc.stub.ClientCalls$StreamObserverToCallListenerAdapter.onClose(ClientCalls.java:479)
	at org.apache.ratis.thirdparty.io.grpc.internal.ClientCallImpl.closeObserver(ClientCallImpl.java:567)
	at org.apache.ratis.thirdparty.io.grpc.internal.ClientCallImpl.access$300(ClientCallImpl.java:71)
	at org.apache.ratis.thirdparty.io.grpc.internal.ClientCallImpl$ClientStreamListenerImpl$1StreamClosed.runInternal(ClientCallImpl.java:735)
	at org.apache.ratis.thirdparty.io.grpc.internal.ClientCallImpl$ClientStreamListenerImpl$1StreamClosed.runInContext(ClientCallImpl.java:716)
	at org.apache.ratis.thirdparty.io.grpc.internal.ContextRunnable.run(ContextRunnable.java:37)
	at org.apache.ratis.thirdparty.io.grpc.internal.SerializingExecutor.run(SerializingExecutor.java:133)
	at java.util.concurrent.ThreadPoolExecutor.runWorker(ThreadPoolExecutor.java:1149)
	at java.util.concurrent.ThreadPoolExecutor$Worker.run(ThreadPoolExecutor.java:624)
	at java.lang.Thread.run(Thread.java:750)
2024-01-29 07:44:32,773 [ForkJoinPool.commonPool-worker-4] INFO  server.RaftServer (RaftServerProxy.java:lambda$close$9(416)) - 9deec6a2-e137-4b51-9c1f-847336f03f34: close
2024-01-29 07:44:32,774 [00f7b909-d0df-49f8-910d-886c8291e2be-impl-thread1] INFO  server.RaftServer$Division (ServerState.java:close(427)) - 00f7b909-d0df-49f8-910d-886c8291e2be@group-1941C1C038EC: applyIndex: 0
2024-01-29 07:44:32,776 [00f7b909-d0df-49f8-910d-886c8291e2be@group-1941C1C038EC-cacheEviction-AwaitToRun] INFO  util.AwaitToRun (AwaitToRun.java:run(49)) - 00f7b909-d0df-49f8-910d-886c8291e2be@group-1941C1C038EC-cacheEviction-AwaitToRun-AwaitForSignal is interrupted
2024-01-29 07:44:32,776 [ForkJoinPool.commonPool-worker-4] INFO  server.GrpcService (GrpcService.java:closeImpl(311)) - 9deec6a2-e137-4b51-9c1f-847336f03f34: shutdown server org.apache.ratis.grpc.server.GrpcClientProtocolService now
2024-01-29 07:44:32,776 [92b1878f-5f30-4884-b778-b757b768b8e7-impl-thread2] INFO  server.RaftServer$Division (ServerState.java:close(427)) - 92b1878f-5f30-4884-b778-b757b768b8e7@group-B4FE11273C34: applyIndex: 0
2024-01-29 07:44:32,785 [ForkJoinPool.commonPool-worker-3] INFO  server.GrpcService (GrpcService.java:closeImpl(320)) - 92b1878f-5f30-4884-b778-b757b768b8e7: shutdown server GrpcServerProtocolService successfully
2024-01-29 07:44:32,785 [ForkJoinPool.commonPool-worker-3] INFO  server.GrpcService (GrpcService.java:closeImpl(311)) - 92b1878f-5f30-4884-b778-b757b768b8e7: shutdown server org.apache.ratis.grpc.server.GrpcAdminProtocolService now
2024-01-29 07:44:32,776 [9deec6a2-e137-4b51-9c1f-847336f03f34-impl-thread1] INFO  server.RaftServer$Division (RaftServerImpl.java:lambda$close$3(526)) - 9deec6a2-e137-4b51-9c1f-847336f03f34@group-E43B4410FAD9: shutdown
2024-01-29 07:44:32,786 [9deec6a2-e137-4b51-9c1f-847336f03f34-impl-thread1] INFO  util.JmxRegister (JmxRegister.java:unregister(73)) - Successfully un-registered JMX Bean with object name Ratis:service=RaftServer,group=group-E43B4410FAD9,id=9deec6a2-e137-4b51-9c1f-847336f03f34
2024-01-29 07:44:32,786 [9deec6a2-e137-4b51-9c1f-847336f03f34-impl-thread1] INFO  impl.RoleInfo (RoleInfo.java:shutdownLeaderState(94)) - 9deec6a2-e137-4b51-9c1f-847336f03f34: shutdown 9deec6a2-e137-4b51-9c1f-847336f03f34@group-E43B4410FAD9-LeaderStateImpl
2024-01-29 07:44:32,786 [9deec6a2-e137-4b51-9c1f-847336f03f34-impl-thread1] INFO  impl.PendingRequests (PendingRequests.java:sendNotLeaderResponses(289)) - 9deec6a2-e137-4b51-9c1f-847336f03f34@group-E43B4410FAD9-PendingRequests: sendNotLeaderResponses
2024-01-29 07:44:32,786 [9deec6a2-e137-4b51-9c1f-847336f03f34-impl-thread1] INFO  impl.StateMachineUpdater (StateMachineUpdater.java:stopAndJoin(157)) - 9deec6a2-e137-4b51-9c1f-847336f03f34@group-E43B4410FAD9-StateMachineUpdater: set stopIndex = 0
2024-01-29 07:44:32,785 [Thread-5844] INFO  server.GrpcServerProtocolClient (GrpcServerProtocolClient.java:close(103)) - abb8ef56-980b-44e3-a149-c32b9999de28 Close channels
2024-01-29 07:44:32,778 [ForkJoinPool.commonPool-worker-2] INFO  server.GrpcService (GrpcService.java:closeImpl(320)) - 52eee04e-2e21-4309-a40c-69540fbd71c9: shutdown server GrpcServerProtocolService successfully
2024-01-29 07:44:32,786 [ForkJoinPool.commonPool-worker-2] INFO  server.GrpcService (GrpcService.java:closeImpl(311)) - 52eee04e-2e21-4309-a40c-69540fbd71c9: shutdown server org.apache.ratis.grpc.server.GrpcAdminProtocolService now
2024-01-29 07:44:32,778 [ForkJoinPool.commonPool-worker-5] INFO  server.RaftServer (RaftServerProxy.java:lambda$close$9(416)) - 6a63baba-185f-4694-8c2d-f019df25b76b: close
2024-01-29 07:44:32,786 [9deec6a2-e137-4b51-9c1f-847336f03f34@group-E43B4410FAD9-StateMachineUpdater] INFO  ratis.ContainerStateMachine (ContainerStateMachine.java:takeSnapshot(355)) - group-E43B4410FAD9: Taking a snapshot at:(t:1, i:0) file /home/runner/work/ozone/ozone/hadoop-ozone/integration-test/target/test-dir/MiniOzoneClusterImpl-4c098651-5741-4b11-9e36-c6ca8da28866/datanode-3/data/ratis/601360ce-1782-4491-b09d-e43b4410fad9/sm/snapshot.1_0
2024-01-29 07:44:32,787 [9deec6a2-e137-4b51-9c1f-847336f03f34@group-E43B4410FAD9-StateMachineUpdater] INFO  ratis.ContainerStateMachine (ContainerStateMachine.java:takeSnapshot(366)) - group-E43B4410FAD9: Finished taking a snapshot at:(t:1, i:0) file:/home/runner/work/ozone/ozone/hadoop-ozone/integration-test/target/test-dir/MiniOzoneClusterImpl-4c098651-5741-4b11-9e36-c6ca8da28866/datanode-3/data/ratis/601360ce-1782-4491-b09d-e43b4410fad9/sm/snapshot.1_0 took: 1 ms
2024-01-29 07:44:32,787 [9deec6a2-e137-4b51-9c1f-847336f03f34@group-E43B4410FAD9-StateMachineUpdater] INFO  impl.StateMachineUpdater (StateMachineUpdater.java:takeSnapshot(295)) - 9deec6a2-e137-4b51-9c1f-847336f03f34@group-E43B4410FAD9-StateMachineUpdater: Took a snapshot at index 0
2024-01-29 07:44:32,787 [9deec6a2-e137-4b51-9c1f-847336f03f34@group-E43B4410FAD9-StateMachineUpdater] INFO  impl.StateMachineUpdater (StateMachineUpdater.java:lambda$new$0(98)) - 9deec6a2-e137-4b51-9c1f-847336f03f34@group-E43B4410FAD9-StateMachineUpdater: snapshotIndex: updateIncreasingly -1 -> 0
2024-01-29 07:44:32,787 [9deec6a2-e137-4b51-9c1f-847336f03f34-impl-thread1] INFO  server.RaftServer$Division (ServerState.java:close(427)) - 9deec6a2-e137-4b51-9c1f-847336f03f34@group-E43B4410FAD9: applyIndex: 0
2024-01-29 07:44:32,789 [Thread-5845] INFO  server.GrpcServerProtocolClient (GrpcServerProtocolClient.java:close(103)) - ae994d2b-07e5-4c7e-bc1d-199b697c7c17 Close channels
2024-01-29 07:44:32,789 [ForkJoinPool.commonPool-worker-5] INFO  server.GrpcService (GrpcService.java:closeImpl(311)) - 6a63baba-185f-4694-8c2d-f019df25b76b: shutdown server org.apache.ratis.grpc.server.GrpcClientProtocolService now
2024-01-29 07:44:32,789 [6a63baba-185f-4694-8c2d-f019df25b76b-impl-thread1] INFO  server.RaftServer$Division (RaftServerImpl.java:lambda$close$3(526)) - 6a63baba-185f-4694-8c2d-f019df25b76b@group-29CAF7BBEDC4: shutdown
2024-01-29 07:44:32,789 [main] INFO  server.GrpcService (GrpcService.java:closeImpl(320)) - 00f7b909-d0df-49f8-910d-886c8291e2be: shutdown server org.apache.ratis.grpc.server.GrpcAdminProtocolService successfully
2024-01-29 07:44:32,789 [9deec6a2-e137-4b51-9c1f-847336f03f34@group-E43B4410FAD9-cacheEviction-AwaitToRun] INFO  util.AwaitToRun (AwaitToRun.java:run(49)) - 9deec6a2-e137-4b51-9c1f-847336f03f34@group-E43B4410FAD9-cacheEviction-AwaitToRun-AwaitForSignal is interrupted
2024-01-29 07:44:32,798 [6a63baba-185f-4694-8c2d-f019df25b76b-impl-thread1] INFO  util.JmxRegister (JmxRegister.java:unregister(73)) - Successfully un-registered JMX Bean with object name Ratis:service=RaftServer,group=group-29CAF7BBEDC4,id=6a63baba-185f-4694-8c2d-f019df25b76b
2024-01-29 07:44:32,798 [6a63baba-185f-4694-8c2d-f019df25b76b-impl-thread1] INFO  impl.RoleInfo (RoleInfo.java:shutdownLeaderState(94)) - 6a63baba-185f-4694-8c2d-f019df25b76b: shutdown 6a63baba-185f-4694-8c2d-f019df25b76b@group-29CAF7BBEDC4-LeaderStateImpl
2024-01-29 07:44:32,798 [6a63baba-185f-4694-8c2d-f019df25b76b-impl-thread2] INFO  server.RaftServer$Division (RaftServerImpl.java:lambda$close$3(526)) - 6a63baba-185f-4694-8c2d-f019df25b76b@group-B4FE11273C34: shutdown
2024-01-29 07:44:32,796 [92b1878f-5f30-4884-b778-b757b768b8e7@group-B4FE11273C34-cacheEviction-AwaitToRun] INFO  util.AwaitToRun (AwaitToRun.java:run(49)) - 92b1878f-5f30-4884-b778-b757b768b8e7@group-B4FE11273C34-cacheEviction-AwaitToRun-AwaitForSignal is interrupted
2024-01-29 07:44:32,796 [ForkJoinPool.commonPool-worker-3] INFO  server.GrpcService (GrpcService.java:closeImpl(320)) - 92b1878f-5f30-4884-b778-b757b768b8e7: shutdown server org.apache.ratis.grpc.server.GrpcAdminProtocolService successfully
2024-01-29 07:44:32,799 [6a63baba-185f-4694-8c2d-f019df25b76b-impl-thread2] INFO  util.JmxRegister (JmxRegister.java:unregister(73)) - Successfully un-registered JMX Bean with object name Ratis:service=RaftServer,group=group-B4FE11273C34,id=6a63baba-185f-4694-8c2d-f019df25b76b
2024-01-29 07:44:32,799 [6a63baba-185f-4694-8c2d-f019df25b76b-impl-thread2] INFO  impl.RoleInfo (RoleInfo.java:shutdownFollowerState(110)) - 6a63baba-185f-4694-8c2d-f019df25b76b: shutdown 6a63baba-185f-4694-8c2d-f019df25b76b@group-B4FE11273C34-FollowerState
2024-01-29 07:44:32,798 [6a63baba-185f-4694-8c2d-f019df25b76b-impl-thread1] INFO  impl.PendingRequests (PendingRequests.java:sendNotLeaderResponses(289)) - 6a63baba-185f-4694-8c2d-f019df25b76b@group-29CAF7BBEDC4-PendingRequests: sendNotLeaderResponses
2024-01-29 07:44:32,799 [6a63baba-185f-4694-8c2d-f019df25b76b-impl-thread1] INFO  impl.StateMachineUpdater (StateMachineUpdater.java:stopAndJoin(157)) - 6a63baba-185f-4694-8c2d-f019df25b76b@group-29CAF7BBEDC4-StateMachineUpdater: set stopIndex = 0
2024-01-29 07:44:32,800 [6a63baba-185f-4694-8c2d-f019df25b76b@group-29CAF7BBEDC4-StateMachineUpdater] INFO  ratis.ContainerStateMachine (ContainerStateMachine.java:takeSnapshot(355)) - group-29CAF7BBEDC4: Taking a snapshot at:(t:1, i:0) file /home/runner/work/ozone/ozone/hadoop-ozone/integration-test/target/test-dir/MiniOzoneClusterImpl-4c098651-5741-4b11-9e36-c6ca8da28866/datanode-0/data/ratis/b25f6696-0422-4561-8d0f-29caf7bbedc4/sm/snapshot.1_0
2024-01-29 07:44:32,800 [ForkJoinPool.commonPool-worker-5] INFO  server.GrpcService (GrpcService.java:closeImpl(320)) - 6a63baba-185f-4694-8c2d-f019df25b76b: shutdown server org.apache.ratis.grpc.server.GrpcClientProtocolService successfully
2024-01-29 07:44:32,800 [ForkJoinPool.commonPool-worker-5] INFO  server.GrpcService (GrpcService.java:closeImpl(311)) - 6a63baba-185f-4694-8c2d-f019df25b76b: shutdown server GrpcServerProtocolService now
2024-01-29 07:44:32,800 [6a63baba-185f-4694-8c2d-f019df25b76b@group-29CAF7BBEDC4-StateMachineUpdater] INFO  ratis.ContainerStateMachine (ContainerStateMachine.java:takeSnapshot(366)) - group-29CAF7BBEDC4: Finished taking a snapshot at:(t:1, i:0) file:/home/runner/work/ozone/ozone/hadoop-ozone/integration-test/target/test-dir/MiniOzoneClusterImpl-4c098651-5741-4b11-9e36-c6ca8da28866/datanode-0/data/ratis/b25f6696-0422-4561-8d0f-29caf7bbedc4/sm/snapshot.1_0 took: 1 ms
2024-01-29 07:44:32,800 [6a63baba-185f-4694-8c2d-f019df25b76b@group-29CAF7BBEDC4-StateMachineUpdater] INFO  impl.StateMachineUpdater (StateMachineUpdater.java:takeSnapshot(295)) - 6a63baba-185f-4694-8c2d-f019df25b76b@group-29CAF7BBEDC4-StateMachineUpdater: Took a snapshot at index 0
2024-01-29 07:44:32,801 [6a63baba-185f-4694-8c2d-f019df25b76b@group-29CAF7BBEDC4-StateMachineUpdater] INFO  impl.StateMachineUpdater (StateMachineUpdater.java:lambda$new$0(98)) - 6a63baba-185f-4694-8c2d-f019df25b76b@group-29CAF7BBEDC4-StateMachineUpdater: snapshotIndex: updateIncreasingly -1 -> 0
2024-01-29 07:44:32,801 [6a63baba-185f-4694-8c2d-f019df25b76b-impl-thread1] INFO  server.RaftServer$Division (ServerState.java:close(427)) - 6a63baba-185f-4694-8c2d-f019df25b76b@group-29CAF7BBEDC4: applyIndex: 0
2024-01-29 07:44:32,801 [ForkJoinPool.commonPool-worker-2] INFO  server.GrpcService (GrpcService.java:closeImpl(320)) - 52eee04e-2e21-4309-a40c-69540fbd71c9: shutdown server org.apache.ratis.grpc.server.GrpcAdminProtocolService successfully
2024-01-29 07:44:32,801 [6a63baba-185f-4694-8c2d-f019df25b76b@group-29CAF7BBEDC4-cacheEviction-AwaitToRun] INFO  util.AwaitToRun (AwaitToRun.java:run(49)) - 6a63baba-185f-4694-8c2d-f019df25b76b@group-29CAF7BBEDC4-cacheEviction-AwaitToRun-AwaitForSignal is interrupted
2024-01-29 07:44:32,802 [ForkJoinPool.commonPool-worker-5] INFO  server.GrpcService (GrpcService.java:closeImpl(320)) - 6a63baba-185f-4694-8c2d-f019df25b76b: shutdown server GrpcServerProtocolService successfully
2024-01-29 07:44:32,802 [ForkJoinPool.commonPool-worker-5] INFO  server.GrpcService (GrpcService.java:closeImpl(311)) - 6a63baba-185f-4694-8c2d-f019df25b76b: shutdown server org.apache.ratis.grpc.server.GrpcAdminProtocolService now
2024-01-29 07:44:32,802 [ForkJoinPool.commonPool-worker-4] INFO  server.GrpcService (GrpcService.java:closeImpl(320)) - 9deec6a2-e137-4b51-9c1f-847336f03f34: shutdown server org.apache.ratis.grpc.server.GrpcClientProtocolService successfully
2024-01-29 07:44:32,802 [ForkJoinPool.commonPool-worker-4] INFO  server.GrpcService (GrpcService.java:closeImpl(311)) - 9deec6a2-e137-4b51-9c1f-847336f03f34: shutdown server GrpcServerProtocolService now
2024-01-29 07:44:32,805 [6a63baba-185f-4694-8c2d-f019df25b76b-impl-thread2] INFO  impl.StateMachineUpdater (StateMachineUpdater.java:stopAndJoin(157)) - 6a63baba-185f-4694-8c2d-f019df25b76b@group-B4FE11273C34-StateMachineUpdater: set stopIndex = 0
2024-01-29 07:44:32,805 [6a63baba-185f-4694-8c2d-f019df25b76b@group-B4FE11273C34-FollowerState] INFO  impl.FollowerState (FollowerState.java:run(152)) - 6a63baba-185f-4694-8c2d-f019df25b76b@group-B4FE11273C34-FollowerState was interrupted
2024-01-29 07:44:32,805 [6a63baba-185f-4694-8c2d-f019df25b76b@group-B4FE11273C34-StateMachineUpdater] INFO  ratis.ContainerStateMachine (ContainerStateMachine.java:takeSnapshot(355)) - group-B4FE11273C34: Taking a snapshot at:(t:1, i:0) file /home/runner/work/ozone/ozone/hadoop-ozone/integration-test/target/test-dir/MiniOzoneClusterImpl-4c098651-5741-4b11-9e36-c6ca8da28866/datanode-0/data/ratis/2db34f74-41c3-4765-9f19-b4fe11273c34/sm/snapshot.1_0
2024-01-29 07:44:32,806 [6a63baba-185f-4694-8c2d-f019df25b76b@group-B4FE11273C34-StateMachineUpdater] INFO  ratis.ContainerStateMachine (ContainerStateMachine.java:takeSnapshot(366)) - group-B4FE11273C34: Finished taking a snapshot at:(t:1, i:0) file:/home/runner/work/ozone/ozone/hadoop-ozone/integration-test/target/test-dir/MiniOzoneClusterImpl-4c098651-5741-4b11-9e36-c6ca8da28866/datanode-0/data/ratis/2db34f74-41c3-4765-9f19-b4fe11273c34/sm/snapshot.1_0 took: 0 ms
2024-01-29 07:44:32,806 [6a63baba-185f-4694-8c2d-f019df25b76b@group-B4FE11273C34-StateMachineUpdater] INFO  impl.StateMachineUpdater (StateMachineUpdater.java:takeSnapshot(295)) - 6a63baba-185f-4694-8c2d-f019df25b76b@group-B4FE11273C34-StateMachineUpdater: Took a snapshot at index 0
2024-01-29 07:44:32,806 [6a63baba-185f-4694-8c2d-f019df25b76b@group-B4FE11273C34-StateMachineUpdater] INFO  impl.StateMachineUpdater (StateMachineUpdater.java:lambda$new$0(98)) - 6a63baba-185f-4694-8c2d-f019df25b76b@group-B4FE11273C34-StateMachineUpdater: snapshotIndex: updateIncreasingly -1 -> 0
2024-01-29 07:44:32,806 [6a63baba-185f-4694-8c2d-f019df25b76b-impl-thread2] INFO  server.RaftServer$Division (ServerState.java:close(427)) - 6a63baba-185f-4694-8c2d-f019df25b76b@group-B4FE11273C34: applyIndex: 0
2024-01-29 07:44:32,807 [6a63baba-185f-4694-8c2d-f019df25b76b@group-B4FE11273C34-cacheEviction-AwaitToRun] INFO  util.AwaitToRun (AwaitToRun.java:run(49)) - 6a63baba-185f-4694-8c2d-f019df25b76b@group-B4FE11273C34-cacheEviction-AwaitToRun-AwaitForSignal is interrupted
2024-01-29 07:44:32,807 [ForkJoinPool.commonPool-worker-5] INFO  server.GrpcService (GrpcService.java:closeImpl(320)) - 6a63baba-185f-4694-8c2d-f019df25b76b: shutdown server org.apache.ratis.grpc.server.GrpcAdminProtocolService successfully
2024-01-29 07:44:32,807 [ForkJoinPool.commonPool-worker-4] INFO  server.GrpcService (GrpcService.java:closeImpl(320)) - 9deec6a2-e137-4b51-9c1f-847336f03f34: shutdown server GrpcServerProtocolService successfully
2024-01-29 07:44:32,807 [ForkJoinPool.commonPool-worker-4] INFO  server.GrpcService (GrpcService.java:closeImpl(311)) - 9deec6a2-e137-4b51-9c1f-847336f03f34: shutdown server org.apache.ratis.grpc.server.GrpcAdminProtocolService now
2024-01-29 07:44:32,809 [ForkJoinPool.commonPool-worker-4] INFO  server.GrpcService (GrpcService.java:closeImpl(320)) - 9deec6a2-e137-4b51-9c1f-847336f03f34: shutdown server org.apache.ratis.grpc.server.GrpcAdminProtocolService successfully
2024-01-29 07:44:32,813 [00f7b909-d0df-49f8-910d-886c8291e2be-NettyServerStreamRpc-bossGroup--thread1] INFO  logging.LoggingHandler (AbstractInternalLogger.java:log(148)) - [id: 0x3109c768, L:/0.0.0.0:15434] CLOSE
2024-01-29 07:44:32,813 [00f7b909-d0df-49f8-910d-886c8291e2be-NettyServerStreamRpc-bossGroup--thread1] INFO  logging.LoggingHandler (AbstractInternalLogger.java:log(148)) - [id: 0x3109c768, L:/0.0.0.0:15434] INACTIVE
2024-01-29 07:44:32,813 [00f7b909-d0df-49f8-910d-886c8291e2be-NettyServerStreamRpc-bossGroup--thread1] INFO  logging.LoggingHandler (AbstractInternalLogger.java:log(148)) - [id: 0x3109c768, L:/0.0.0.0:15434] UNREGISTERED
2024-01-29 07:44:32,814 [92b1878f-5f30-4884-b778-b757b768b8e7-NettyServerStreamRpc-bossGroup--thread1] INFO  logging.LoggingHandler (AbstractInternalLogger.java:log(148)) - [id: 0x0dc526af, L:/0.0.0.0:15380] CLOSE
2024-01-29 07:44:32,814 [92b1878f-5f30-4884-b778-b757b768b8e7-NettyServerStreamRpc-bossGroup--thread1] INFO  logging.LoggingHandler (AbstractInternalLogger.java:log(148)) - [id: 0x0dc526af, L:/0.0.0.0:15380] INACTIVE
2024-01-29 07:44:32,814 [92b1878f-5f30-4884-b778-b757b768b8e7-NettyServerStreamRpc-bossGroup--thread1] INFO  logging.LoggingHandler (AbstractInternalLogger.java:log(148)) - [id: 0x0dc526af, L:/0.0.0.0:15380] UNREGISTERED
2024-01-29 07:44:32,816 [6a63baba-185f-4694-8c2d-f019df25b76b-NettyServerStreamRpc-bossGroup--thread1] INFO  logging.LoggingHandler (AbstractInternalLogger.java:log(148)) - [id: 0x6a1a86f2, L:/0.0.0.0:15371] CLOSE
2024-01-29 07:44:32,816 [6a63baba-185f-4694-8c2d-f019df25b76b-NettyServerStreamRpc-bossGroup--thread1] INFO  logging.LoggingHandler (AbstractInternalLogger.java:log(148)) - [id: 0x6a1a86f2, L:/0.0.0.0:15371] INACTIVE
2024-01-29 07:44:32,816 [6a63baba-185f-4694-8c2d-f019df25b76b-NettyServerStreamRpc-bossGroup--thread1] INFO  logging.LoggingHandler (AbstractInternalLogger.java:log(148)) - [id: 0x6a1a86f2, L:/0.0.0.0:15371] UNREGISTERED
2024-01-29 07:44:32,817 [52eee04e-2e21-4309-a40c-69540fbd71c9-NettyServerStreamRpc-bossGroup--thread1] INFO  logging.LoggingHandler (AbstractInternalLogger.java:log(148)) - [id: 0xa65de481, L:/0.0.0.0:15389] CLOSE
2024-01-29 07:44:32,817 [52eee04e-2e21-4309-a40c-69540fbd71c9-NettyServerStreamRpc-bossGroup--thread1] INFO  logging.LoggingHandler (AbstractInternalLogger.java:log(148)) - [id: 0xa65de481, L:/0.0.0.0:15389] INACTIVE
2024-01-29 07:44:32,817 [52eee04e-2e21-4309-a40c-69540fbd71c9-NettyServerStreamRpc-bossGroup--thread1] INFO  logging.LoggingHandler (AbstractInternalLogger.java:log(148)) - [id: 0xa65de481, L:/0.0.0.0:15389] UNREGISTERED
2024-01-29 07:44:32,821 [9deec6a2-e137-4b51-9c1f-847336f03f34-NettyServerStreamRpc-bossGroup--thread1] INFO  logging.LoggingHandler (AbstractInternalLogger.java:log(148)) - [id: 0x1a344d27, L:/0.0.0.0:15398] CLOSE
2024-01-29 07:44:32,821 [9deec6a2-e137-4b51-9c1f-847336f03f34-NettyServerStreamRpc-bossGroup--thread1] INFO  logging.LoggingHandler (AbstractInternalLogger.java:log(148)) - [id: 0x1a344d27, L:/0.0.0.0:15398] INACTIVE
2024-01-29 07:44:32,821 [9deec6a2-e137-4b51-9c1f-847336f03f34-NettyServerStreamRpc-bossGroup--thread1] INFO  logging.LoggingHandler (AbstractInternalLogger.java:log(148)) - [id: 0x1a344d27, L:/0.0.0.0:15398] UNREGISTERED
2024-01-29 07:44:33,021 [6a63baba-185f-4694-8c2d-f019df25b76b-impl-thread1] INFO  segmented.SegmentedRaftLogWorker (SegmentedRaftLogWorker.java:close(245)) - 6a63baba-185f-4694-8c2d-f019df25b76b@group-29CAF7BBEDC4-SegmentedRaftLogWorker close()
2024-01-29 07:44:33,135 [92b1878f-5f30-4884-b778-b757b768b8e7-impl-thread1] INFO  segmented.SegmentedRaftLogWorker (SegmentedRaftLogWorker.java:close(245)) - 92b1878f-5f30-4884-b778-b757b768b8e7@group-5ABCC74F4ED3-SegmentedRaftLogWorker close()
2024-01-29 07:44:33,449 [52eee04e-2e21-4309-a40c-69540fbd71c9-impl-thread2] INFO  segmented.SegmentedRaftLogWorker (SegmentedRaftLogWorker.java:close(245)) - 52eee04e-2e21-4309-a40c-69540fbd71c9@group-0EBC06A0053F-SegmentedRaftLogWorker close()
2024-01-29 07:44:33,450 [52eee04e-2e21-4309-a40c-69540fbd71c9-impl-thread1] INFO  segmented.SegmentedRaftLogWorker (SegmentedRaftLogWorker.java:close(245)) - 52eee04e-2e21-4309-a40c-69540fbd71c9@group-B4FE11273C34-SegmentedRaftLogWorker close()
2024-01-29 07:44:33,451 [JvmPauseMonitor48] INFO  util.JvmPauseMonitor (JvmPauseMonitor.java:run(152)) - JvmPauseMonitor-52eee04e-2e21-4309-a40c-69540fbd71c9: Stopped
2024-01-29 07:44:33,452 [9deec6a2-e137-4b51-9c1f-847336f03f34-impl-thread1] INFO  segmented.SegmentedRaftLogWorker (SegmentedRaftLogWorker.java:close(245)) - 9deec6a2-e137-4b51-9c1f-847336f03f34@group-E43B4410FAD9-SegmentedRaftLogWorker close()
2024-01-29 07:44:33,453 [JvmPauseMonitor49] INFO  util.JvmPauseMonitor (JvmPauseMonitor.java:run(152)) - JvmPauseMonitor-9deec6a2-e137-4b51-9c1f-847336f03f34: Stopped
2024-01-29 07:44:33,453 [6a63baba-185f-4694-8c2d-f019df25b76b-impl-thread2] INFO  segmented.SegmentedRaftLogWorker (SegmentedRaftLogWorker.java:close(245)) - 6a63baba-185f-4694-8c2d-f019df25b76b@group-B4FE11273C34-SegmentedRaftLogWorker close()
2024-01-29 07:44:33,454 [92b1878f-5f30-4884-b778-b757b768b8e7-impl-thread2] INFO  segmented.SegmentedRaftLogWorker (SegmentedRaftLogWorker.java:close(245)) - 92b1878f-5f30-4884-b778-b757b768b8e7@group-B4FE11273C34-SegmentedRaftLogWorker close()
2024-01-29 07:44:33,454 [JvmPauseMonitor46] INFO  util.JvmPauseMonitor (JvmPauseMonitor.java:run(152)) - JvmPauseMonitor-6a63baba-185f-4694-8c2d-f019df25b76b: Stopped
2024-01-29 07:44:33,456 [JvmPauseMonitor47] INFO  util.JvmPauseMonitor (JvmPauseMonitor.java:run(152)) - JvmPauseMonitor-92b1878f-5f30-4884-b778-b757b768b8e7: Stopped
2024-01-29 07:44:33,705 [00f7b909-d0df-49f8-910d-886c8291e2be-impl-thread1] INFO  segmented.SegmentedRaftLogWorker (SegmentedRaftLogWorker.java:close(245)) - 00f7b909-d0df-49f8-910d-886c8291e2be@group-1941C1C038EC-SegmentedRaftLogWorker close()
2024-01-29 07:44:33,741 [00f7b909-d0df-49f8-910d-886c8291e2be-impl-thread2] INFO  segmented.SegmentedRaftLogWorker (SegmentedRaftLogWorker.java:close(245)) - 00f7b909-d0df-49f8-910d-886c8291e2be@group-B9B4DCD604AA-SegmentedRaftLogWorker close()
2024-01-29 07:44:33,743 [JvmPauseMonitor53] INFO  util.JvmPauseMonitor (JvmPauseMonitor.java:run(152)) - JvmPauseMonitor-00f7b909-d0df-49f8-910d-886c8291e2be: Stopped
2024-01-29 07:44:35,456 [ForkJoinPool.commonPool-worker-2] INFO  utils.DatanodeStoreCache (DatanodeStoreCache.java:shutdownCache(116)) - Skip clearing cache in mini cluster mode. Entries left: [/home/runner/work/ozone/ozone/hadoop-ozone/integration-test/target/test-dir/MiniOzoneClusterImpl-4c098651-5741-4b11-9e36-c6ca8da28866/datanode-0/data-0/containers/hdds/4c098651-5741-4b11-9e36-c6ca8da28866/DS-0b11485a-252b-4744-94af-7d7cece7e88e/container.db, /home/runner/work/ozone/ozone/hadoop-ozone/integration-test/target/test-dir/MiniOzoneClusterImpl-4c098651-5741-4b11-9e36-c6ca8da28866/datanode-1/data-0/containers/hdds/4c098651-5741-4b11-9e36-c6ca8da28866/DS-375c26c4-22fe-4b82-a0c2-190a7a933f6d/container.db, /home/runner/work/ozone/ozone/hadoop-ozone/integration-test/target/test-dir/MiniOzoneClusterImpl-4c098651-5741-4b11-9e36-c6ca8da28866/datanode-2/data-0/containers/hdds/4c098651-5741-4b11-9e36-c6ca8da28866/DS-7ccef6fe-13d0-4526-b53f-3f1aabe0e10a/container.db, /home/runner/work/ozone/ozone/hadoop-ozone/integration-test/target/test-dir/MiniOzoneClusterImpl-4c098651-5741-4b11-9e36-c6ca8da28866/datanode-3/data-0/containers/hdds/4c098651-5741-4b11-9e36-c6ca8da28866/DS-6d9d30d2-8771-4b6c-a201-9704fa8a16e5/container.db, /home/runner/work/ozone/ozone/hadoop-ozone/integration-test/target/test-dir/MiniOzoneClusterImpl-4c098651-5741-4b11-9e36-c6ca8da28866/datanode-6/data-0/containers/hdds/4c098651-5741-4b11-9e36-c6ca8da28866/DS-ba8d42ce-cf4a-4148-9202-4301bf025855/container.db, /home/runner/work/ozone/ozone/hadoop-ozone/integration-test/target/test-dir/MiniOzoneClusterImpl-4c098651-5741-4b11-9e36-c6ca8da28866/datanode-7/data-0/containers/hdds/4c098651-5741-4b11-9e36-c6ca8da28866/DS-aa8cfca7-3177-4bec-b00e-54f002e47b1e/container.db, /home/runner/work/ozone/ozone/hadoop-ozone/integration-test/target/test-dir/MiniOzoneClusterImpl-4c098651-5741-4b11-9e36-c6ca8da28866/datanode-8/data-0/containers/hdds/4c098651-5741-4b11-9e36-c6ca8da28866/DS-8762f955-43b4-49c8-b2bc-56e233757c55/container.db]
2024-01-29 07:44:35,456 [ForkJoinPool.commonPool-worker-5] INFO  utils.DatanodeStoreCache (DatanodeStoreCache.java:shutdownCache(116)) - Skip clearing cache in mini cluster mode. Entries left: [/home/runner/work/ozone/ozone/hadoop-ozone/integration-test/target/test-dir/MiniOzoneClusterImpl-4c098651-5741-4b11-9e36-c6ca8da28866/datanode-0/data-0/containers/hdds/4c098651-5741-4b11-9e36-c6ca8da28866/DS-0b11485a-252b-4744-94af-7d7cece7e88e/container.db, /home/runner/work/ozone/ozone/hadoop-ozone/integration-test/target/test-dir/MiniOzoneClusterImpl-4c098651-5741-4b11-9e36-c6ca8da28866/datanode-1/data-0/containers/hdds/4c098651-5741-4b11-9e36-c6ca8da28866/DS-375c26c4-22fe-4b82-a0c2-190a7a933f6d/container.db, /home/runner/work/ozone/ozone/hadoop-ozone/integration-test/target/test-dir/MiniOzoneClusterImpl-4c098651-5741-4b11-9e36-c6ca8da28866/datanode-2/data-0/containers/hdds/4c098651-5741-4b11-9e36-c6ca8da28866/DS-7ccef6fe-13d0-4526-b53f-3f1aabe0e10a/container.db, /home/runner/work/ozone/ozone/hadoop-ozone/integration-test/target/test-dir/MiniOzoneClusterImpl-4c098651-5741-4b11-9e36-c6ca8da28866/datanode-3/data-0/containers/hdds/4c098651-5741-4b11-9e36-c6ca8da28866/DS-6d9d30d2-8771-4b6c-a201-9704fa8a16e5/container.db, /home/runner/work/ozone/ozone/hadoop-ozone/integration-test/target/test-dir/MiniOzoneClusterImpl-4c098651-5741-4b11-9e36-c6ca8da28866/datanode-6/data-0/containers/hdds/4c098651-5741-4b11-9e36-c6ca8da28866/DS-ba8d42ce-cf4a-4148-9202-4301bf025855/container.db, /home/runner/work/ozone/ozone/hadoop-ozone/integration-test/target/test-dir/MiniOzoneClusterImpl-4c098651-5741-4b11-9e36-c6ca8da28866/datanode-7/data-0/containers/hdds/4c098651-5741-4b11-9e36-c6ca8da28866/DS-aa8cfca7-3177-4bec-b00e-54f002e47b1e/container.db, /home/runner/work/ozone/ozone/hadoop-ozone/integration-test/target/test-dir/MiniOzoneClusterImpl-4c098651-5741-4b11-9e36-c6ca8da28866/datanode-8/data-0/containers/hdds/4c098651-5741-4b11-9e36-c6ca8da28866/DS-8762f955-43b4-49c8-b2bc-56e233757c55/container.db]
2024-01-29 07:44:35,457 [ForkJoinPool.commonPool-worker-4] INFO  utils.DatanodeStoreCache (DatanodeStoreCache.java:shutdownCache(116)) - Skip clearing cache in mini cluster mode. Entries left: [/home/runner/work/ozone/ozone/hadoop-ozone/integration-test/target/test-dir/MiniOzoneClusterImpl-4c098651-5741-4b11-9e36-c6ca8da28866/datanode-0/data-0/containers/hdds/4c098651-5741-4b11-9e36-c6ca8da28866/DS-0b11485a-252b-4744-94af-7d7cece7e88e/container.db, /home/runner/work/ozone/ozone/hadoop-ozone/integration-test/target/test-dir/MiniOzoneClusterImpl-4c098651-5741-4b11-9e36-c6ca8da28866/datanode-1/data-0/containers/hdds/4c098651-5741-4b11-9e36-c6ca8da28866/DS-375c26c4-22fe-4b82-a0c2-190a7a933f6d/container.db, /home/runner/work/ozone/ozone/hadoop-ozone/integration-test/target/test-dir/MiniOzoneClusterImpl-4c098651-5741-4b11-9e36-c6ca8da28866/datanode-2/data-0/containers/hdds/4c098651-5741-4b11-9e36-c6ca8da28866/DS-7ccef6fe-13d0-4526-b53f-3f1aabe0e10a/container.db, /home/runner/work/ozone/ozone/hadoop-ozone/integration-test/target/test-dir/MiniOzoneClusterImpl-4c098651-5741-4b11-9e36-c6ca8da28866/datanode-3/data-0/containers/hdds/4c098651-5741-4b11-9e36-c6ca8da28866/DS-6d9d30d2-8771-4b6c-a201-9704fa8a16e5/container.db, /home/runner/work/ozone/ozone/hadoop-ozone/integration-test/target/test-dir/MiniOzoneClusterImpl-4c098651-5741-4b11-9e36-c6ca8da28866/datanode-6/data-0/containers/hdds/4c098651-5741-4b11-9e36-c6ca8da28866/DS-ba8d42ce-cf4a-4148-9202-4301bf025855/container.db, /home/runner/work/ozone/ozone/hadoop-ozone/integration-test/target/test-dir/MiniOzoneClusterImpl-4c098651-5741-4b11-9e36-c6ca8da28866/datanode-7/data-0/containers/hdds/4c098651-5741-4b11-9e36-c6ca8da28866/DS-aa8cfca7-3177-4bec-b00e-54f002e47b1e/container.db, /home/runner/work/ozone/ozone/hadoop-ozone/integration-test/target/test-dir/MiniOzoneClusterImpl-4c098651-5741-4b11-9e36-c6ca8da28866/datanode-8/data-0/containers/hdds/4c098651-5741-4b11-9e36-c6ca8da28866/DS-8762f955-43b4-49c8-b2bc-56e233757c55/container.db]
2024-01-29 07:44:35,458 [ForkJoinPool.commonPool-worker-3] INFO  utils.DatanodeStoreCache (DatanodeStoreCache.java:shutdownCache(116)) - Skip clearing cache in mini cluster mode. Entries left: [/home/runner/work/ozone/ozone/hadoop-ozone/integration-test/target/test-dir/MiniOzoneClusterImpl-4c098651-5741-4b11-9e36-c6ca8da28866/datanode-0/data-0/containers/hdds/4c098651-5741-4b11-9e36-c6ca8da28866/DS-0b11485a-252b-4744-94af-7d7cece7e88e/container.db, /home/runner/work/ozone/ozone/hadoop-ozone/integration-test/target/test-dir/MiniOzoneClusterImpl-4c098651-5741-4b11-9e36-c6ca8da28866/datanode-1/data-0/containers/hdds/4c098651-5741-4b11-9e36-c6ca8da28866/DS-375c26c4-22fe-4b82-a0c2-190a7a933f6d/container.db, /home/runner/work/ozone/ozone/hadoop-ozone/integration-test/target/test-dir/MiniOzoneClusterImpl-4c098651-5741-4b11-9e36-c6ca8da28866/datanode-2/data-0/containers/hdds/4c098651-5741-4b11-9e36-c6ca8da28866/DS-7ccef6fe-13d0-4526-b53f-3f1aabe0e10a/container.db, /home/runner/work/ozone/ozone/hadoop-ozone/integration-test/target/test-dir/MiniOzoneClusterImpl-4c098651-5741-4b11-9e36-c6ca8da28866/datanode-3/data-0/containers/hdds/4c098651-5741-4b11-9e36-c6ca8da28866/DS-6d9d30d2-8771-4b6c-a201-9704fa8a16e5/container.db, /home/runner/work/ozone/ozone/hadoop-ozone/integration-test/target/test-dir/MiniOzoneClusterImpl-4c098651-5741-4b11-9e36-c6ca8da28866/datanode-6/data-0/containers/hdds/4c098651-5741-4b11-9e36-c6ca8da28866/DS-ba8d42ce-cf4a-4148-9202-4301bf025855/container.db, /home/runner/work/ozone/ozone/hadoop-ozone/integration-test/target/test-dir/MiniOzoneClusterImpl-4c098651-5741-4b11-9e36-c6ca8da28866/datanode-7/data-0/containers/hdds/4c098651-5741-4b11-9e36-c6ca8da28866/DS-aa8cfca7-3177-4bec-b00e-54f002e47b1e/container.db, /home/runner/work/ozone/ozone/hadoop-ozone/integration-test/target/test-dir/MiniOzoneClusterImpl-4c098651-5741-4b11-9e36-c6ca8da28866/datanode-8/data-0/containers/hdds/4c098651-5741-4b11-9e36-c6ca8da28866/DS-8762f955-43b4-49c8-b2bc-56e233757c55/container.db]
2024-01-29 07:44:35,459 [ForkJoinPool.commonPool-worker-3] INFO  utils.DatanodeStoreCache (DatanodeStoreCache.java:removeDB(110)) - Removed db /home/runner/work/ozone/ozone/hadoop-ozone/integration-test/target/test-dir/MiniOzoneClusterImpl-4c098651-5741-4b11-9e36-c6ca8da28866/datanode-1/data-0/containers/hdds/4c098651-5741-4b11-9e36-c6ca8da28866/DS-375c26c4-22fe-4b82-a0c2-190a7a933f6d/container.db from cache
2024-01-29 07:44:35,459 [ForkJoinPool.commonPool-worker-2] INFO  utils.DatanodeStoreCache (DatanodeStoreCache.java:removeDB(110)) - Removed db /home/runner/work/ozone/ozone/hadoop-ozone/integration-test/target/test-dir/MiniOzoneClusterImpl-4c098651-5741-4b11-9e36-c6ca8da28866/datanode-2/data-0/containers/hdds/4c098651-5741-4b11-9e36-c6ca8da28866/DS-7ccef6fe-13d0-4526-b53f-3f1aabe0e10a/container.db from cache
2024-01-29 07:44:35,459 [ForkJoinPool.commonPool-worker-5] INFO  utils.DatanodeStoreCache (DatanodeStoreCache.java:removeDB(110)) - Removed db /home/runner/work/ozone/ozone/hadoop-ozone/integration-test/target/test-dir/MiniOzoneClusterImpl-4c098651-5741-4b11-9e36-c6ca8da28866/datanode-0/data-0/containers/hdds/4c098651-5741-4b11-9e36-c6ca8da28866/DS-0b11485a-252b-4744-94af-7d7cece7e88e/container.db from cache
2024-01-29 07:44:35,459 [ForkJoinPool.commonPool-worker-5] INFO  volume.HddsVolume (HddsVolume.java:closeDbStore(451)) - SchemaV3 db is stopped at /home/runner/work/ozone/ozone/hadoop-ozone/integration-test/target/test-dir/MiniOzoneClusterImpl-4c098651-5741-4b11-9e36-c6ca8da28866/datanode-0/data-0/containers/hdds/4c098651-5741-4b11-9e36-c6ca8da28866/DS-0b11485a-252b-4744-94af-7d7cece7e88e/container.db for volume DS-0b11485a-252b-4744-94af-7d7cece7e88e
2024-01-29 07:44:35,459 [ForkJoinPool.commonPool-worker-2] INFO  volume.HddsVolume (HddsVolume.java:closeDbStore(451)) - SchemaV3 db is stopped at /home/runner/work/ozone/ozone/hadoop-ozone/integration-test/target/test-dir/MiniOzoneClusterImpl-4c098651-5741-4b11-9e36-c6ca8da28866/datanode-2/data-0/containers/hdds/4c098651-5741-4b11-9e36-c6ca8da28866/DS-7ccef6fe-13d0-4526-b53f-3f1aabe0e10a/container.db for volume DS-7ccef6fe-13d0-4526-b53f-3f1aabe0e10a
2024-01-29 07:44:35,459 [ForkJoinPool.commonPool-worker-3] INFO  volume.HddsVolume (HddsVolume.java:closeDbStore(451)) - SchemaV3 db is stopped at /home/runner/work/ozone/ozone/hadoop-ozone/integration-test/target/test-dir/MiniOzoneClusterImpl-4c098651-5741-4b11-9e36-c6ca8da28866/datanode-1/data-0/containers/hdds/4c098651-5741-4b11-9e36-c6ca8da28866/DS-375c26c4-22fe-4b82-a0c2-190a7a933f6d/container.db for volume DS-375c26c4-22fe-4b82-a0c2-190a7a933f6d
2024-01-29 07:44:35,460 [ForkJoinPool.commonPool-worker-5] INFO  utils.BackgroundService (BackgroundService.java:shutdown(160)) - Shutting down service BlockDeletingService
2024-01-29 07:44:35,460 [ForkJoinPool.commonPool-worker-2] INFO  utils.BackgroundService (BackgroundService.java:shutdown(160)) - Shutting down service BlockDeletingService
2024-01-29 07:44:35,461 [ForkJoinPool.commonPool-worker-4] INFO  utils.DatanodeStoreCache (DatanodeStoreCache.java:removeDB(110)) - Removed db /home/runner/work/ozone/ozone/hadoop-ozone/integration-test/target/test-dir/MiniOzoneClusterImpl-4c098651-5741-4b11-9e36-c6ca8da28866/datanode-3/data-0/containers/hdds/4c098651-5741-4b11-9e36-c6ca8da28866/DS-6d9d30d2-8771-4b6c-a201-9704fa8a16e5/container.db from cache
2024-01-29 07:44:35,461 [ForkJoinPool.commonPool-worker-4] INFO  volume.HddsVolume (HddsVolume.java:closeDbStore(451)) - SchemaV3 db is stopped at /home/runner/work/ozone/ozone/hadoop-ozone/integration-test/target/test-dir/MiniOzoneClusterImpl-4c098651-5741-4b11-9e36-c6ca8da28866/datanode-3/data-0/containers/hdds/4c098651-5741-4b11-9e36-c6ca8da28866/DS-6d9d30d2-8771-4b6c-a201-9704fa8a16e5/container.db for volume DS-6d9d30d2-8771-4b6c-a201-9704fa8a16e5
2024-01-29 07:44:35,461 [ForkJoinPool.commonPool-worker-3] INFO  utils.BackgroundService (BackgroundService.java:shutdown(160)) - Shutting down service BlockDeletingService
2024-01-29 07:44:35,461 [ForkJoinPool.commonPool-worker-2] INFO  utils.BackgroundService (BackgroundService.java:shutdown(160)) - Shutting down service StaleRecoveringContainerScrubbingService
2024-01-29 07:44:35,461 [ForkJoinPool.commonPool-worker-5] INFO  utils.BackgroundService (BackgroundService.java:shutdown(160)) - Shutting down service StaleRecoveringContainerScrubbingService
2024-01-29 07:44:35,463 [ForkJoinPool.commonPool-worker-2] INFO  statemachine.DatanodeStateMachine (DatanodeStateMachine.java:stopDaemon(638)) - Ozone container server stopped.
2024-01-29 07:44:35,463 [ForkJoinPool.commonPool-worker-3] INFO  utils.BackgroundService (BackgroundService.java:shutdown(160)) - Shutting down service StaleRecoveringContainerScrubbingService
2024-01-29 07:44:35,462 [ForkJoinPool.commonPool-worker-4] INFO  utils.BackgroundService (BackgroundService.java:shutdown(160)) - Shutting down service BlockDeletingService
2024-01-29 07:44:35,464 [ForkJoinPool.commonPool-worker-5] INFO  statemachine.DatanodeStateMachine (DatanodeStateMachine.java:stopDaemon(638)) - Ozone container server stopped.
2024-01-29 07:44:35,465 [ForkJoinPool.commonPool-worker-4] INFO  utils.BackgroundService (BackgroundService.java:shutdown(160)) - Shutting down service StaleRecoveringContainerScrubbingService
2024-01-29 07:44:35,466 [ForkJoinPool.commonPool-worker-5] INFO  handler.ContextHandler (ContextHandler.java:doStop(1159)) - Stopped o.e.j.w.WebAppContext@7d1ec8bc{hddsDatanode,/,null,STOPPED}{jar:file:/home/runner/.m2/repository/org/apache/ozone/hdds-container-service/1.5.0-SNAPSHOT/hdds-container-service-1.5.0-SNAPSHOT.jar!/webapps/hddsDatanode}
2024-01-29 07:44:35,466 [ForkJoinPool.commonPool-worker-2] INFO  handler.ContextHandler (ContextHandler.java:doStop(1159)) - Stopped o.e.j.w.WebAppContext@487c412f{hddsDatanode,/,null,STOPPED}{jar:file:/home/runner/.m2/repository/org/apache/ozone/hdds-container-service/1.5.0-SNAPSHOT/hdds-container-service-1.5.0-SNAPSHOT.jar!/webapps/hddsDatanode}
2024-01-29 07:44:35,467 [ForkJoinPool.commonPool-worker-3] INFO  statemachine.DatanodeStateMachine (DatanodeStateMachine.java:stopDaemon(638)) - Ozone container server stopped.
2024-01-29 07:44:35,467 [ForkJoinPool.commonPool-worker-5] INFO  server.AbstractConnector (AbstractConnector.java:doStop(383)) - Stopped ServerConnector@47f7e662{HTTP/1.1, (http/1.1)}{0.0.0.0:15365}
2024-01-29 07:44:35,467 [ForkJoinPool.commonPool-worker-5] INFO  server.session (HouseKeeper.java:stopScavenging(149)) - node0 Stopped scavenging
2024-01-29 07:44:35,468 [ForkJoinPool.commonPool-worker-5] INFO  handler.ContextHandler (ContextHandler.java:doStop(1159)) - Stopped o.e.j.s.ServletContextHandler@99fa91f{static,/static,jar:file:/home/runner/.m2/repository/org/apache/ozone/hdds-container-service/1.5.0-SNAPSHOT/hdds-container-service-1.5.0-SNAPSHOT.jar!/webapps/static,STOPPED}
2024-01-29 07:44:35,468 [ForkJoinPool.commonPool-worker-5] INFO  handler.ContextHandler (ContextHandler.java:doStop(1159)) - Stopped o.e.j.s.ServletContextHandler@20bf0b97{logs,/logs,file:///home/runner/work/ozone/ozone/hadoop-ozone/integration-test/target/log,STOPPED}
2024-01-29 07:44:35,469 [ForkJoinPool.commonPool-worker-2] INFO  server.AbstractConnector (AbstractConnector.java:doStop(383)) - Stopped ServerConnector@47b4de76{HTTP/1.1, (http/1.1)}{0.0.0.0:15383}
2024-01-29 07:44:35,469 [ForkJoinPool.commonPool-worker-2] INFO  server.session (HouseKeeper.java:stopScavenging(149)) - node0 Stopped scavenging
2024-01-29 07:44:35,469 [ForkJoinPool.commonPool-worker-2] INFO  handler.ContextHandler (ContextHandler.java:doStop(1159)) - Stopped o.e.j.s.ServletContextHandler@7f62cea{static,/static,jar:file:/home/runner/.m2/repository/org/apache/ozone/hdds-container-service/1.5.0-SNAPSHOT/hdds-container-service-1.5.0-SNAPSHOT.jar!/webapps/static,STOPPED}
2024-01-29 07:44:35,469 [ForkJoinPool.commonPool-worker-2] INFO  handler.ContextHandler (ContextHandler.java:doStop(1159)) - Stopped o.e.j.s.ServletContextHandler@6b6090d4{logs,/logs,file:///home/runner/work/ozone/ozone/hadoop-ozone/integration-test/target/log,STOPPED}
2024-01-29 07:44:35,470 [ForkJoinPool.commonPool-worker-2] INFO  ozone.HddsDatanodeClientProtocolServer (HddsDatanodeClientProtocolServer.java:stop(78)) - Stopping the RPC server for Client Protocol
2024-01-29 07:44:35,472 [ForkJoinPool.commonPool-worker-4] INFO  statemachine.DatanodeStateMachine (DatanodeStateMachine.java:stopDaemon(638)) - Ozone container server stopped.
2024-01-29 07:44:35,473 [ForkJoinPool.commonPool-worker-2] INFO  ipc.Server (Server.java:stop(3523)) - Stopping server on 15384
2024-01-29 07:44:35,473 [ForkJoinPool.commonPool-worker-5] INFO  ozone.HddsDatanodeClientProtocolServer (HddsDatanodeClientProtocolServer.java:stop(78)) - Stopping the RPC server for Client Protocol
2024-01-29 07:44:35,476 [ForkJoinPool.commonPool-worker-3] INFO  handler.ContextHandler (ContextHandler.java:doStop(1159)) - Stopped o.e.j.w.WebAppContext@383158e8{hddsDatanode,/,null,STOPPED}{jar:file:/home/runner/.m2/repository/org/apache/ozone/hdds-container-service/1.5.0-SNAPSHOT/hdds-container-service-1.5.0-SNAPSHOT.jar!/webapps/hddsDatanode}
2024-01-29 07:44:35,476 [IPC Server Responder] INFO  ipc.Server (Server.java:run(1567)) - Stopping IPC Server Responder
2024-01-29 07:44:35,476 [ForkJoinPool.commonPool-worker-5] INFO  ipc.Server (Server.java:stop(3523)) - Stopping server on 15366
2024-01-29 07:44:35,477 [ForkJoinPool.commonPool-worker-4] INFO  handler.ContextHandler (ContextHandler.java:doStop(1159)) - Stopped o.e.j.w.WebAppContext@3f62d243{hddsDatanode,/,null,STOPPED}{jar:file:/home/runner/.m2/repository/org/apache/ozone/hdds-container-service/1.5.0-SNAPSHOT/hdds-container-service-1.5.0-SNAPSHOT.jar!/webapps/hddsDatanode}
2024-01-29 07:44:35,476 [IPC Server listener on 15384] INFO  ipc.Server (Server.java:run(1434)) - Stopping IPC Server listener on 15384
2024-01-29 07:44:35,477 [ForkJoinPool.commonPool-worker-3] INFO  server.AbstractConnector (AbstractConnector.java:doStop(383)) - Stopped ServerConnector@7964a054{HTTP/1.1, (http/1.1)}{0.0.0.0:15374}
2024-01-29 07:44:35,477 [ForkJoinPool.commonPool-worker-3] INFO  server.session (HouseKeeper.java:stopScavenging(149)) - node0 Stopped scavenging
2024-01-29 07:44:35,477 [ForkJoinPool.commonPool-worker-3] INFO  handler.ContextHandler (ContextHandler.java:doStop(1159)) - Stopped o.e.j.s.ServletContextHandler@6d88b358{static,/static,jar:file:/home/runner/.m2/repository/org/apache/ozone/hdds-container-service/1.5.0-SNAPSHOT/hdds-container-service-1.5.0-SNAPSHOT.jar!/webapps/static,STOPPED}
2024-01-29 07:44:35,477 [ForkJoinPool.commonPool-worker-3] INFO  handler.ContextHandler (ContextHandler.java:doStop(1159)) - Stopped o.e.j.s.ServletContextHandler@23d6b621{logs,/logs,file:///home/runner/work/ozone/ozone/hadoop-ozone/integration-test/target/log,STOPPED}
2024-01-29 07:44:35,478 [ForkJoinPool.commonPool-worker-4] INFO  server.AbstractConnector (AbstractConnector.java:doStop(383)) - Stopped ServerConnector@2202873e{HTTP/1.1, (http/1.1)}{0.0.0.0:15392}
2024-01-29 07:44:35,479 [ForkJoinPool.commonPool-worker-4] INFO  server.session (HouseKeeper.java:stopScavenging(149)) - node0 Stopped scavenging
2024-01-29 07:44:35,478 [IPC Server listener on 15366] INFO  ipc.Server (Server.java:run(1434)) - Stopping IPC Server listener on 15366
2024-01-29 07:44:35,479 [ForkJoinPool.commonPool-worker-4] INFO  handler.ContextHandler (ContextHandler.java:doStop(1159)) - Stopped o.e.j.s.ServletContextHandler@413ba79b{static,/static,jar:file:/home/runner/.m2/repository/org/apache/ozone/hdds-container-service/1.5.0-SNAPSHOT/hdds-container-service-1.5.0-SNAPSHOT.jar!/webapps/static,STOPPED}
2024-01-29 07:44:35,479 [ForkJoinPool.commonPool-worker-4] INFO  handler.ContextHandler (ContextHandler.java:doStop(1159)) - Stopped o.e.j.s.ServletContextHandler@46ec2d20{logs,/logs,file:///home/runner/work/ozone/ozone/hadoop-ozone/integration-test/target/log,STOPPED}
2024-01-29 07:44:35,478 [IPC Server Responder] INFO  ipc.Server (Server.java:run(1567)) - Stopping IPC Server Responder
2024-01-29 07:44:35,479 [ForkJoinPool.commonPool-worker-3] INFO  ozone.HddsDatanodeClientProtocolServer (HddsDatanodeClientProtocolServer.java:stop(78)) - Stopping the RPC server for Client Protocol
2024-01-29 07:44:35,479 [ForkJoinPool.commonPool-worker-2] INFO  ozoneimpl.OzoneContainer (OzoneContainer.java:stop(479)) - Attempting to stop container services.
2024-01-29 07:44:35,480 [ForkJoinPool.commonPool-worker-4] INFO  ozone.HddsDatanodeClientProtocolServer (HddsDatanodeClientProtocolServer.java:stop(78)) - Stopping the RPC server for Client Protocol
2024-01-29 07:44:35,481 [ForkJoinPool.commonPool-worker-3] INFO  ipc.Server (Server.java:stop(3523)) - Stopping server on 15375
2024-01-29 07:44:35,481 [ForkJoinPool.commonPool-worker-4] INFO  ipc.Server (Server.java:stop(3523)) - Stopping server on 15393
2024-01-29 07:44:35,482 [IPC Server listener on 15375] INFO  ipc.Server (Server.java:run(1434)) - Stopping IPC Server listener on 15375
2024-01-29 07:44:35,482 [IPC Server Responder] INFO  ipc.Server (Server.java:run(1567)) - Stopping IPC Server Responder
2024-01-29 07:44:35,485 [ForkJoinPool.commonPool-worker-5] INFO  ozoneimpl.OzoneContainer (OzoneContainer.java:stop(479)) - Attempting to stop container services.
2024-01-29 07:44:35,485 [ForkJoinPool.commonPool-worker-5] INFO  server.RaftServer (RaftServerProxy.java:lambda$close$9(416)) - c4e2dbfc-bf93-4c3c-9059-db6704809494: close
2024-01-29 07:44:35,485 [c4e2dbfc-bf93-4c3c-9059-db6704809494-impl-thread1] INFO  server.RaftServer$Division (RaftServerImpl.java:lambda$close$3(526)) - c4e2dbfc-bf93-4c3c-9059-db6704809494@group-1941C1C038EC: shutdown
2024-01-29 07:44:35,485 [ForkJoinPool.commonPool-worker-5] INFO  server.GrpcService (GrpcService.java:closeImpl(311)) - c4e2dbfc-bf93-4c3c-9059-db6704809494: shutdown server org.apache.ratis.grpc.server.GrpcClientProtocolService now
2024-01-29 07:44:35,485 [c4e2dbfc-bf93-4c3c-9059-db6704809494-impl-thread2] INFO  server.RaftServer$Division (RaftServerImpl.java:lambda$close$3(526)) - c4e2dbfc-bf93-4c3c-9059-db6704809494@group-EC5A67C5AFC1: shutdown
2024-01-29 07:44:35,485 [c4e2dbfc-bf93-4c3c-9059-db6704809494-impl-thread1] INFO  util.JmxRegister (JmxRegister.java:unregister(73)) - Successfully un-registered JMX Bean with object name Ratis:service=RaftServer,group=group-1941C1C038EC,id=c4e2dbfc-bf93-4c3c-9059-db6704809494
2024-01-29 07:44:35,485 [c4e2dbfc-bf93-4c3c-9059-db6704809494-impl-thread2] INFO  util.JmxRegister (JmxRegister.java:unregister(73)) - Successfully un-registered JMX Bean with object name Ratis:service=RaftServer,group=group-EC5A67C5AFC1,id=c4e2dbfc-bf93-4c3c-9059-db6704809494
2024-01-29 07:44:35,485 [c4e2dbfc-bf93-4c3c-9059-db6704809494-impl-thread1] INFO  impl.RoleInfo (RoleInfo.java:shutdownFollowerState(110)) - c4e2dbfc-bf93-4c3c-9059-db6704809494: shutdown c4e2dbfc-bf93-4c3c-9059-db6704809494@group-1941C1C038EC-FollowerState
2024-01-29 07:44:35,485 [c4e2dbfc-bf93-4c3c-9059-db6704809494-impl-thread2] INFO  impl.RoleInfo (RoleInfo.java:shutdownLeaderState(94)) - c4e2dbfc-bf93-4c3c-9059-db6704809494: shutdown c4e2dbfc-bf93-4c3c-9059-db6704809494@group-EC5A67C5AFC1-LeaderStateImpl
2024-01-29 07:44:35,486 [c4e2dbfc-bf93-4c3c-9059-db6704809494-impl-thread2] INFO  impl.PendingRequests (PendingRequests.java:sendNotLeaderResponses(289)) - c4e2dbfc-bf93-4c3c-9059-db6704809494@group-EC5A67C5AFC1-PendingRequests: sendNotLeaderResponses
2024-01-29 07:44:35,486 [ForkJoinPool.commonPool-worker-5] INFO  server.GrpcService (GrpcService.java:closeImpl(320)) - c4e2dbfc-bf93-4c3c-9059-db6704809494: shutdown server org.apache.ratis.grpc.server.GrpcClientProtocolService successfully
2024-01-29 07:44:35,486 [ForkJoinPool.commonPool-worker-5] INFO  server.GrpcService (GrpcService.java:closeImpl(311)) - c4e2dbfc-bf93-4c3c-9059-db6704809494: shutdown server GrpcServerProtocolService now
2024-01-29 07:44:35,486 [c4e2dbfc-bf93-4c3c-9059-db6704809494-impl-thread2] INFO  impl.StateMachineUpdater (StateMachineUpdater.java:stopAndJoin(157)) - c4e2dbfc-bf93-4c3c-9059-db6704809494@group-EC5A67C5AFC1-StateMachineUpdater: set stopIndex = 0
2024-01-29 07:44:35,486 [c4e2dbfc-bf93-4c3c-9059-db6704809494@group-EC5A67C5AFC1-StateMachineUpdater] INFO  ratis.ContainerStateMachine (ContainerStateMachine.java:takeSnapshot(355)) - group-EC5A67C5AFC1: Taking a snapshot at:(t:1, i:0) file /home/runner/work/ozone/ozone/hadoop-ozone/integration-test/target/test-dir/MiniOzoneClusterImpl-4c098651-5741-4b11-9e36-c6ca8da28866/datanode-8/data/ratis/fa46350e-d7e0-470f-9be7-ec5a67c5afc1/sm/snapshot.1_0
2024-01-29 07:44:35,486 [ForkJoinPool.commonPool-worker-5] INFO  server.GrpcService (GrpcService.java:closeImpl(320)) - c4e2dbfc-bf93-4c3c-9059-db6704809494: shutdown server GrpcServerProtocolService successfully
2024-01-29 07:44:35,486 [ForkJoinPool.commonPool-worker-5] INFO  server.GrpcService (GrpcService.java:closeImpl(311)) - c4e2dbfc-bf93-4c3c-9059-db6704809494: shutdown server org.apache.ratis.grpc.server.GrpcAdminProtocolService now
2024-01-29 07:44:35,486 [grpc-default-executor-2] WARN  server.GrpcServerProtocolService (LogUtils.java:warn(121)) - c4e2dbfc-bf93-4c3c-9059-db6704809494: APPEND_ENTRIES onError, lastRequest: null: org.apache.ratis.thirdparty.io.grpc.StatusRuntimeException: CANCELLED: client cancelled
2024-01-29 07:44:35,487 [grpc-default-executor-2] WARN  server.GrpcLogAppender (LogUtils.java:warn(121)) - 2532b31c-22c5-467b-a3b6-d3baa4dde6c4@group-1941C1C038EC->c4e2dbfc-bf93-4c3c-9059-db6704809494-AppendLogResponseHandler: Failed appendEntries: org.apache.ratis.thirdparty.io.grpc.StatusRuntimeException: CANCELLED: RST_STREAM closed stream. HTTP/2 error code: CANCEL
2024-01-29 07:44:35,487 [grpc-default-executor-2] WARN  server.GrpcLogAppender (GrpcLogAppender.java:lambda$resetClient$1(217)) - 2532b31c-22c5-467b-a3b6-d3baa4dde6c4@group-1941C1C038EC->c4e2dbfc-bf93-4c3c-9059-db6704809494-GrpcLogAppender: Follower failed (request=null, errorCount=1); keep nextIndex (1) unchanged and retry.
2024-01-29 07:44:35,489 [ForkJoinPool.commonPool-worker-2] INFO  server.RaftServer (RaftServerProxy.java:lambda$close$9(416)) - 2532b31c-22c5-467b-a3b6-d3baa4dde6c4: close
2024-01-29 07:44:35,489 [2532b31c-22c5-467b-a3b6-d3baa4dde6c4-impl-thread1] INFO  server.RaftServer$Division (RaftServerImpl.java:lambda$close$3(526)) - 2532b31c-22c5-467b-a3b6-d3baa4dde6c4@group-D9079FC0F504: shutdown
2024-01-29 07:44:35,489 [c4e2dbfc-bf93-4c3c-9059-db6704809494-impl-thread1] INFO  impl.StateMachineUpdater (StateMachineUpdater.java:stopAndJoin(157)) - c4e2dbfc-bf93-4c3c-9059-db6704809494@group-1941C1C038EC-StateMachineUpdater: set stopIndex = 0
2024-01-29 07:44:35,489 [c4e2dbfc-bf93-4c3c-9059-db6704809494@group-1941C1C038EC-FollowerState] INFO  impl.FollowerState (FollowerState.java:run(152)) - c4e2dbfc-bf93-4c3c-9059-db6704809494@group-1941C1C038EC-FollowerState was interrupted
2024-01-29 07:44:35,489 [2532b31c-22c5-467b-a3b6-d3baa4dde6c4-impl-thread2] INFO  server.RaftServer$Division (RaftServerImpl.java:lambda$close$3(526)) - 2532b31c-22c5-467b-a3b6-d3baa4dde6c4@group-1941C1C038EC: shutdown
2024-01-29 07:44:35,489 [c4e2dbfc-bf93-4c3c-9059-db6704809494@group-1941C1C038EC-StateMachineUpdater] INFO  ratis.ContainerStateMachine (ContainerStateMachine.java:takeSnapshot(355)) - group-1941C1C038EC: Taking a snapshot at:(t:1, i:0) file /home/runner/work/ozone/ozone/hadoop-ozone/integration-test/target/test-dir/MiniOzoneClusterImpl-4c098651-5741-4b11-9e36-c6ca8da28866/datanode-8/data/ratis/0a494d6e-c656-4004-aebc-1941c1c038ec/sm/snapshot.1_0
2024-01-29 07:44:35,489 [2532b31c-22c5-467b-a3b6-d3baa4dde6c4-impl-thread1] INFO  util.JmxRegister (JmxRegister.java:unregister(73)) - Successfully un-registered JMX Bean with object name Ratis:service=RaftServer,group=group-D9079FC0F504,id=2532b31c-22c5-467b-a3b6-d3baa4dde6c4
2024-01-29 07:44:35,489 [2532b31c-22c5-467b-a3b6-d3baa4dde6c4-impl-thread1] INFO  impl.RoleInfo (RoleInfo.java:shutdownLeaderState(94)) - 2532b31c-22c5-467b-a3b6-d3baa4dde6c4: shutdown 2532b31c-22c5-467b-a3b6-d3baa4dde6c4@group-D9079FC0F504-LeaderStateImpl
2024-01-29 07:44:35,489 [ForkJoinPool.commonPool-worker-2] INFO  server.GrpcService (GrpcService.java:closeImpl(311)) - 2532b31c-22c5-467b-a3b6-d3baa4dde6c4: shutdown server org.apache.ratis.grpc.server.GrpcClientProtocolService now
2024-01-29 07:44:35,489 [2532b31c-22c5-467b-a3b6-d3baa4dde6c4-impl-thread1] INFO  impl.PendingRequests (PendingRequests.java:sendNotLeaderResponses(289)) - 2532b31c-22c5-467b-a3b6-d3baa4dde6c4@group-D9079FC0F504-PendingRequests: sendNotLeaderResponses
2024-01-29 07:44:35,489 [2532b31c-22c5-467b-a3b6-d3baa4dde6c4-impl-thread2] INFO  util.JmxRegister (JmxRegister.java:unregister(73)) - Successfully un-registered JMX Bean with object name Ratis:service=RaftServer,group=group-1941C1C038EC,id=2532b31c-22c5-467b-a3b6-d3baa4dde6c4
2024-01-29 07:44:35,490 [2532b31c-22c5-467b-a3b6-d3baa4dde6c4-impl-thread2] INFO  impl.RoleInfo (RoleInfo.java:shutdownLeaderState(94)) - 2532b31c-22c5-467b-a3b6-d3baa4dde6c4: shutdown 2532b31c-22c5-467b-a3b6-d3baa4dde6c4@group-1941C1C038EC-LeaderStateImpl
2024-01-29 07:44:35,490 [2532b31c-22c5-467b-a3b6-d3baa4dde6c4-impl-thread1] INFO  impl.StateMachineUpdater (StateMachineUpdater.java:stopAndJoin(157)) - 2532b31c-22c5-467b-a3b6-d3baa4dde6c4@group-D9079FC0F504-StateMachineUpdater: set stopIndex = 0
2024-01-29 07:44:35,490 [2532b31c-22c5-467b-a3b6-d3baa4dde6c4@group-D9079FC0F504-StateMachineUpdater] INFO  ratis.ContainerStateMachine (ContainerStateMachine.java:takeSnapshot(355)) - group-D9079FC0F504: Taking a snapshot at:(t:1, i:0) file /home/runner/work/ozone/ozone/hadoop-ozone/integration-test/target/test-dir/MiniOzoneClusterImpl-4c098651-5741-4b11-9e36-c6ca8da28866/datanode-6/data/ratis/722a4688-77dd-4fe2-ad8c-d9079fc0f504/sm/snapshot.1_0
2024-01-29 07:44:35,490 [Thread-6058] INFO  server.GrpcServerProtocolClient (GrpcServerProtocolClient.java:close(103)) - c4e2dbfc-bf93-4c3c-9059-db6704809494 Close channels
2024-01-29 07:44:35,490 [2532b31c-22c5-467b-a3b6-d3baa4dde6c4@group-D9079FC0F504-StateMachineUpdater] INFO  ratis.ContainerStateMachine (ContainerStateMachine.java:takeSnapshot(366)) - group-D9079FC0F504: Finished taking a snapshot at:(t:1, i:0) file:/home/runner/work/ozone/ozone/hadoop-ozone/integration-test/target/test-dir/MiniOzoneClusterImpl-4c098651-5741-4b11-9e36-c6ca8da28866/datanode-6/data/ratis/722a4688-77dd-4fe2-ad8c-d9079fc0f504/sm/snapshot.1_0 took: 1 ms
2024-01-29 07:44:35,490 [2532b31c-22c5-467b-a3b6-d3baa4dde6c4@group-D9079FC0F504-StateMachineUpdater] INFO  impl.StateMachineUpdater (StateMachineUpdater.java:takeSnapshot(295)) - 2532b31c-22c5-467b-a3b6-d3baa4dde6c4@group-D9079FC0F504-StateMachineUpdater: Took a snapshot at index 0
2024-01-29 07:44:35,490 [2532b31c-22c5-467b-a3b6-d3baa4dde6c4@group-D9079FC0F504-StateMachineUpdater] INFO  impl.StateMachineUpdater (StateMachineUpdater.java:lambda$new$0(98)) - 2532b31c-22c5-467b-a3b6-d3baa4dde6c4@group-D9079FC0F504-StateMachineUpdater: snapshotIndex: updateIncreasingly -1 -> 0
2024-01-29 07:44:35,491 [2532b31c-22c5-467b-a3b6-d3baa4dde6c4-impl-thread1] INFO  server.RaftServer$Division (ServerState.java:close(427)) - 2532b31c-22c5-467b-a3b6-d3baa4dde6c4@group-D9079FC0F504: applyIndex: 0
2024-01-29 07:44:35,490 [c4e2dbfc-bf93-4c3c-9059-db6704809494@group-1941C1C038EC-StateMachineUpdater] INFO  ratis.ContainerStateMachine (ContainerStateMachine.java:takeSnapshot(366)) - group-1941C1C038EC: Finished taking a snapshot at:(t:1, i:0) file:/home/runner/work/ozone/ozone/hadoop-ozone/integration-test/target/test-dir/MiniOzoneClusterImpl-4c098651-5741-4b11-9e36-c6ca8da28866/datanode-8/data/ratis/0a494d6e-c656-4004-aebc-1941c1c038ec/sm/snapshot.1_0 took: 1 ms
2024-01-29 07:44:35,491 [c4e2dbfc-bf93-4c3c-9059-db6704809494@group-1941C1C038EC-StateMachineUpdater] INFO  impl.StateMachineUpdater (StateMachineUpdater.java:takeSnapshot(295)) - c4e2dbfc-bf93-4c3c-9059-db6704809494@group-1941C1C038EC-StateMachineUpdater: Took a snapshot at index 0
2024-01-29 07:44:35,491 [c4e2dbfc-bf93-4c3c-9059-db6704809494@group-1941C1C038EC-StateMachineUpdater] INFO  impl.StateMachineUpdater (StateMachineUpdater.java:lambda$new$0(98)) - c4e2dbfc-bf93-4c3c-9059-db6704809494@group-1941C1C038EC-StateMachineUpdater: snapshotIndex: updateIncreasingly -1 -> 0
2024-01-29 07:44:35,491 [c4e2dbfc-bf93-4c3c-9059-db6704809494-impl-thread1] INFO  server.RaftServer$Division (ServerState.java:close(427)) - c4e2dbfc-bf93-4c3c-9059-db6704809494@group-1941C1C038EC: applyIndex: 0
2024-01-29 07:44:35,491 [Thread-6059] INFO  server.GrpcServerProtocolClient (GrpcServerProtocolClient.java:close(103)) - 00f7b909-d0df-49f8-910d-886c8291e2be Close channels
2024-01-29 07:44:35,491 [c4e2dbfc-bf93-4c3c-9059-db6704809494@group-1941C1C038EC-cacheEviction-AwaitToRun] INFO  util.AwaitToRun (AwaitToRun.java:run(49)) - c4e2dbfc-bf93-4c3c-9059-db6704809494@group-1941C1C038EC-cacheEviction-AwaitToRun-AwaitForSignal is interrupted
2024-01-29 07:44:35,491 [ForkJoinPool.commonPool-worker-2] INFO  server.GrpcService (GrpcService.java:closeImpl(320)) - 2532b31c-22c5-467b-a3b6-d3baa4dde6c4: shutdown server org.apache.ratis.grpc.server.GrpcClientProtocolService successfully
2024-01-29 07:44:35,491 [ForkJoinPool.commonPool-worker-2] INFO  server.GrpcService (GrpcService.java:closeImpl(311)) - 2532b31c-22c5-467b-a3b6-d3baa4dde6c4: shutdown server GrpcServerProtocolService now
2024-01-29 07:44:35,492 [ForkJoinPool.commonPool-worker-2] INFO  server.GrpcService (GrpcService.java:closeImpl(320)) - 2532b31c-22c5-467b-a3b6-d3baa4dde6c4: shutdown server GrpcServerProtocolService successfully
2024-01-29 07:44:35,492 [ForkJoinPool.commonPool-worker-2] INFO  server.GrpcService (GrpcService.java:closeImpl(311)) - 2532b31c-22c5-467b-a3b6-d3baa4dde6c4: shutdown server org.apache.ratis.grpc.server.GrpcAdminProtocolService now
2024-01-29 07:44:35,492 [ForkJoinPool.commonPool-worker-2] INFO  server.GrpcService (GrpcService.java:closeImpl(320)) - 2532b31c-22c5-467b-a3b6-d3baa4dde6c4: shutdown server org.apache.ratis.grpc.server.GrpcAdminProtocolService successfully
2024-01-29 07:44:35,494 [2532b31c-22c5-467b-a3b6-d3baa4dde6c4@group-D9079FC0F504-cacheEviction-AwaitToRun] INFO  util.AwaitToRun (AwaitToRun.java:run(49)) - 2532b31c-22c5-467b-a3b6-d3baa4dde6c4@group-D9079FC0F504-cacheEviction-AwaitToRun-AwaitForSignal is interrupted
2024-01-29 07:44:35,495 [2532b31c-22c5-467b-a3b6-d3baa4dde6c4-NettyServerStreamRpc-bossGroup--thread1] INFO  logging.LoggingHandler (AbstractInternalLogger.java:log(148)) - [id: 0x32d6ada6, L:/0.0.0.0:15425] CLOSE
2024-01-29 07:44:35,495 [2532b31c-22c5-467b-a3b6-d3baa4dde6c4-NettyServerStreamRpc-bossGroup--thread1] INFO  logging.LoggingHandler (AbstractInternalLogger.java:log(148)) - [id: 0x32d6ada6, L:/0.0.0.0:15425] INACTIVE
2024-01-29 07:44:35,495 [2532b31c-22c5-467b-a3b6-d3baa4dde6c4-NettyServerStreamRpc-bossGroup--thread1] INFO  logging.LoggingHandler (AbstractInternalLogger.java:log(148)) - [id: 0x32d6ada6, L:/0.0.0.0:15425] UNREGISTERED
2024-01-29 07:44:35,497 [IPC Server listener on 15393] INFO  ipc.Server (Server.java:run(1434)) - Stopping IPC Server listener on 15393
2024-01-29 07:44:35,498 [2532b31c-22c5-467b-a3b6-d3baa4dde6c4@group-1941C1C038EC->c4e2dbfc-bf93-4c3c-9059-db6704809494-GrpcLogAppender-LogAppenderDaemon] WARN  server.GrpcLogAppender (GrpcLogAppender.java:mayWait(289)) - 2532b31c-22c5-467b-a3b6-d3baa4dde6c4@group-1941C1C038EC->c4e2dbfc-bf93-4c3c-9059-db6704809494-GrpcLogAppender: Wait interrupted by java.lang.InterruptedException
2024-01-29 07:44:35,498 [2532b31c-22c5-467b-a3b6-d3baa4dde6c4-impl-thread2] INFO  impl.PendingRequests (PendingRequests.java:sendNotLeaderResponses(289)) - 2532b31c-22c5-467b-a3b6-d3baa4dde6c4@group-1941C1C038EC-PendingRequests: sendNotLeaderResponses
2024-01-29 07:44:35,500 [ForkJoinPool.commonPool-worker-5] INFO  server.GrpcService (GrpcService.java:closeImpl(320)) - c4e2dbfc-bf93-4c3c-9059-db6704809494: shutdown server org.apache.ratis.grpc.server.GrpcAdminProtocolService successfully
2024-01-29 07:44:35,500 [grpc-default-executor-0] WARN  server.GrpcServerProtocolService (LogUtils.java:warn(121)) - c4e2dbfc-bf93-4c3c-9059-db6704809494: APPEND_ENTRIES onError, lastRequest: 2532b31c-22c5-467b-a3b6-d3baa4dde6c4->c4e2dbfc-bf93-4c3c-9059-db6704809494#1-t1,previous=(t:0, i:0),leaderCommit=-1,initializing? false,entries: size=1, first=(t:1, i:0), CONFIGURATIONENTRY(current:id: "2532b31c-22c5-467b-a3b6-d3baa4dde6c4"
address: "10.1.0.7:15424"
priority: 1
dataStreamAddress: "10.1.0.7:15425"
clientAddress: "10.1.0.7:15422"
adminAddress: "10.1.0.7:15423"
startupRole: FOLLOWER
,id: "c4e2dbfc-bf93-4c3c-9059-db6704809494"
address: "10.1.0.7:15442"
dataStreamAddress: "10.1.0.7:15443"
clientAddress: "10.1.0.7:15440"
adminAddress: "10.1.0.7:15441"
startupRole: FOLLOWER
,id: "00f7b909-d0df-49f8-910d-886c8291e2be"
address: "10.1.0.7:15433"
dataStreamAddress: "10.1.0.7:15434"
clientAddress: "10.1.0.7:15431"
adminAddress: "10.1.0.7:15432"
startupRole: FOLLOWER
, old:): org.apache.ratis.thirdparty.io.grpc.StatusRuntimeException: CANCELLED: client cancelled
2024-01-29 07:44:35,500 [2532b31c-22c5-467b-a3b6-d3baa4dde6c4@group-1941C1C038EC->00f7b909-d0df-49f8-910d-886c8291e2be-GrpcLogAppender-LogAppenderDaemon] WARN  server.GrpcLogAppender (GrpcLogAppender.java:mayWait(289)) - 2532b31c-22c5-467b-a3b6-d3baa4dde6c4@group-1941C1C038EC->00f7b909-d0df-49f8-910d-886c8291e2be-GrpcLogAppender: Wait interrupted by java.lang.InterruptedException
2024-01-29 07:44:35,500 [c4e2dbfc-bf93-4c3c-9059-db6704809494@group-EC5A67C5AFC1-StateMachineUpdater] INFO  ratis.ContainerStateMachine (ContainerStateMachine.java:takeSnapshot(366)) - group-EC5A67C5AFC1: Finished taking a snapshot at:(t:1, i:0) file:/home/runner/work/ozone/ozone/hadoop-ozone/integration-test/target/test-dir/MiniOzoneClusterImpl-4c098651-5741-4b11-9e36-c6ca8da28866/datanode-8/data/ratis/fa46350e-d7e0-470f-9be7-ec5a67c5afc1/sm/snapshot.1_0 took: 14 ms
2024-01-29 07:44:35,501 [c4e2dbfc-bf93-4c3c-9059-db6704809494@group-EC5A67C5AFC1-StateMachineUpdater] INFO  impl.StateMachineUpdater (StateMachineUpdater.java:takeSnapshot(295)) - c4e2dbfc-bf93-4c3c-9059-db6704809494@group-EC5A67C5AFC1-StateMachineUpdater: Took a snapshot at index 0
2024-01-29 07:44:35,501 [c4e2dbfc-bf93-4c3c-9059-db6704809494@group-EC5A67C5AFC1-StateMachineUpdater] INFO  impl.StateMachineUpdater (StateMachineUpdater.java:lambda$new$0(98)) - c4e2dbfc-bf93-4c3c-9059-db6704809494@group-EC5A67C5AFC1-StateMachineUpdater: snapshotIndex: updateIncreasingly -1 -> 0
2024-01-29 07:44:35,501 [c4e2dbfc-bf93-4c3c-9059-db6704809494-impl-thread2] INFO  server.RaftServer$Division (ServerState.java:close(427)) - c4e2dbfc-bf93-4c3c-9059-db6704809494@group-EC5A67C5AFC1: applyIndex: 0
2024-01-29 07:44:35,501 [2532b31c-22c5-467b-a3b6-d3baa4dde6c4-impl-thread2] INFO  impl.StateMachineUpdater (StateMachineUpdater.java:stopAndJoin(157)) - 2532b31c-22c5-467b-a3b6-d3baa4dde6c4@group-1941C1C038EC-StateMachineUpdater: set stopIndex = 0
2024-01-29 07:44:35,501 [2532b31c-22c5-467b-a3b6-d3baa4dde6c4@group-1941C1C038EC-StateMachineUpdater] INFO  ratis.ContainerStateMachine (ContainerStateMachine.java:takeSnapshot(355)) - group-1941C1C038EC: Taking a snapshot at:(t:1, i:0) file /home/runner/work/ozone/ozone/hadoop-ozone/integration-test/target/test-dir/MiniOzoneClusterImpl-4c098651-5741-4b11-9e36-c6ca8da28866/datanode-6/data/ratis/0a494d6e-c656-4004-aebc-1941c1c038ec/sm/snapshot.1_0
2024-01-29 07:44:35,502 [2532b31c-22c5-467b-a3b6-d3baa4dde6c4@group-1941C1C038EC-StateMachineUpdater] INFO  ratis.ContainerStateMachine (ContainerStateMachine.java:takeSnapshot(366)) - group-1941C1C038EC: Finished taking a snapshot at:(t:1, i:0) file:/home/runner/work/ozone/ozone/hadoop-ozone/integration-test/target/test-dir/MiniOzoneClusterImpl-4c098651-5741-4b11-9e36-c6ca8da28866/datanode-6/data/ratis/0a494d6e-c656-4004-aebc-1941c1c038ec/sm/snapshot.1_0 took: 0 ms
2024-01-29 07:44:35,502 [2532b31c-22c5-467b-a3b6-d3baa4dde6c4@group-1941C1C038EC-StateMachineUpdater] INFO  impl.StateMachineUpdater (StateMachineUpdater.java:takeSnapshot(295)) - 2532b31c-22c5-467b-a3b6-d3baa4dde6c4@group-1941C1C038EC-StateMachineUpdater: Took a snapshot at index 0
2024-01-29 07:44:35,502 [2532b31c-22c5-467b-a3b6-d3baa4dde6c4@group-1941C1C038EC-StateMachineUpdater] INFO  impl.StateMachineUpdater (StateMachineUpdater.java:lambda$new$0(98)) - 2532b31c-22c5-467b-a3b6-d3baa4dde6c4@group-1941C1C038EC-StateMachineUpdater: snapshotIndex: updateIncreasingly -1 -> 0
2024-01-29 07:44:35,502 [2532b31c-22c5-467b-a3b6-d3baa4dde6c4-impl-thread2] INFO  server.RaftServer$Division (ServerState.java:close(427)) - 2532b31c-22c5-467b-a3b6-d3baa4dde6c4@group-1941C1C038EC: applyIndex: 0
2024-01-29 07:44:35,502 [2532b31c-22c5-467b-a3b6-d3baa4dde6c4@group-1941C1C038EC-cacheEviction-AwaitToRun] INFO  util.AwaitToRun (AwaitToRun.java:run(49)) - 2532b31c-22c5-467b-a3b6-d3baa4dde6c4@group-1941C1C038EC-cacheEviction-AwaitToRun-AwaitForSignal is interrupted
2024-01-29 07:44:35,502 [IPC Server Responder] INFO  ipc.Server (Server.java:run(1567)) - Stopping IPC Server Responder
2024-01-29 07:44:35,504 [c4e2dbfc-bf93-4c3c-9059-db6704809494@group-EC5A67C5AFC1-cacheEviction-AwaitToRun] INFO  util.AwaitToRun (AwaitToRun.java:run(49)) - c4e2dbfc-bf93-4c3c-9059-db6704809494@group-EC5A67C5AFC1-cacheEviction-AwaitToRun-AwaitForSignal is interrupted
2024-01-29 07:44:35,505 [c4e2dbfc-bf93-4c3c-9059-db6704809494-NettyServerStreamRpc-bossGroup--thread1] INFO  logging.LoggingHandler (AbstractInternalLogger.java:log(148)) - [id: 0x3d25b89d, L:/0.0.0.0:15443] CLOSE
2024-01-29 07:44:35,505 [c4e2dbfc-bf93-4c3c-9059-db6704809494-NettyServerStreamRpc-bossGroup--thread1] INFO  logging.LoggingHandler (AbstractInternalLogger.java:log(148)) - [id: 0x3d25b89d, L:/0.0.0.0:15443] INACTIVE
2024-01-29 07:44:35,505 [c4e2dbfc-bf93-4c3c-9059-db6704809494-NettyServerStreamRpc-bossGroup--thread1] INFO  logging.LoggingHandler (AbstractInternalLogger.java:log(148)) - [id: 0x3d25b89d, L:/0.0.0.0:15443] UNREGISTERED
2024-01-29 07:44:35,654 [2532b31c-22c5-467b-a3b6-d3baa4dde6c4-impl-thread2] INFO  segmented.SegmentedRaftLogWorker (SegmentedRaftLogWorker.java:close(245)) - 2532b31c-22c5-467b-a3b6-d3baa4dde6c4@group-1941C1C038EC-SegmentedRaftLogWorker close()
2024-01-29 07:44:35,680 [2532b31c-22c5-467b-a3b6-d3baa4dde6c4-impl-thread1] INFO  segmented.SegmentedRaftLogWorker (SegmentedRaftLogWorker.java:close(245)) - 2532b31c-22c5-467b-a3b6-d3baa4dde6c4@group-D9079FC0F504-SegmentedRaftLogWorker close()
2024-01-29 07:44:35,681 [JvmPauseMonitor52] INFO  util.JvmPauseMonitor (JvmPauseMonitor.java:run(152)) - JvmPauseMonitor-2532b31c-22c5-467b-a3b6-d3baa4dde6c4: Stopped
2024-01-29 07:44:35,681 [c4e2dbfc-bf93-4c3c-9059-db6704809494-impl-thread2] INFO  segmented.SegmentedRaftLogWorker (SegmentedRaftLogWorker.java:close(245)) - c4e2dbfc-bf93-4c3c-9059-db6704809494@group-EC5A67C5AFC1-SegmentedRaftLogWorker close()
2024-01-29 07:44:35,704 [c4e2dbfc-bf93-4c3c-9059-db6704809494-impl-thread1] INFO  segmented.SegmentedRaftLogWorker (SegmentedRaftLogWorker.java:close(245)) - c4e2dbfc-bf93-4c3c-9059-db6704809494@group-1941C1C038EC-SegmentedRaftLogWorker close()
2024-01-29 07:44:35,705 [JvmPauseMonitor54] INFO  util.JvmPauseMonitor (JvmPauseMonitor.java:run(152)) - JvmPauseMonitor-c4e2dbfc-bf93-4c3c-9059-db6704809494: Stopped
2024-01-29 07:44:35,745 [main] INFO  utils.DatanodeStoreCache (DatanodeStoreCache.java:shutdownCache(116)) - Skip clearing cache in mini cluster mode. Entries left: [/home/runner/work/ozone/ozone/hadoop-ozone/integration-test/target/test-dir/MiniOzoneClusterImpl-4c098651-5741-4b11-9e36-c6ca8da28866/datanode-6/data-0/containers/hdds/4c098651-5741-4b11-9e36-c6ca8da28866/DS-ba8d42ce-cf4a-4148-9202-4301bf025855/container.db, /home/runner/work/ozone/ozone/hadoop-ozone/integration-test/target/test-dir/MiniOzoneClusterImpl-4c098651-5741-4b11-9e36-c6ca8da28866/datanode-7/data-0/containers/hdds/4c098651-5741-4b11-9e36-c6ca8da28866/DS-aa8cfca7-3177-4bec-b00e-54f002e47b1e/container.db, /home/runner/work/ozone/ozone/hadoop-ozone/integration-test/target/test-dir/MiniOzoneClusterImpl-4c098651-5741-4b11-9e36-c6ca8da28866/datanode-8/data-0/containers/hdds/4c098651-5741-4b11-9e36-c6ca8da28866/DS-8762f955-43b4-49c8-b2bc-56e233757c55/container.db]
2024-01-29 07:44:35,746 [main] INFO  utils.DatanodeStoreCache (DatanodeStoreCache.java:removeDB(110)) - Removed db /home/runner/work/ozone/ozone/hadoop-ozone/integration-test/target/test-dir/MiniOzoneClusterImpl-4c098651-5741-4b11-9e36-c6ca8da28866/datanode-7/data-0/containers/hdds/4c098651-5741-4b11-9e36-c6ca8da28866/DS-aa8cfca7-3177-4bec-b00e-54f002e47b1e/container.db from cache
2024-01-29 07:44:35,746 [main] INFO  volume.HddsVolume (HddsVolume.java:closeDbStore(451)) - SchemaV3 db is stopped at /home/runner/work/ozone/ozone/hadoop-ozone/integration-test/target/test-dir/MiniOzoneClusterImpl-4c098651-5741-4b11-9e36-c6ca8da28866/datanode-7/data-0/containers/hdds/4c098651-5741-4b11-9e36-c6ca8da28866/DS-aa8cfca7-3177-4bec-b00e-54f002e47b1e/container.db for volume DS-aa8cfca7-3177-4bec-b00e-54f002e47b1e
2024-01-29 07:44:35,746 [main] INFO  utils.BackgroundService (BackgroundService.java:shutdown(160)) - Shutting down service BlockDeletingService
2024-01-29 07:44:35,747 [main] INFO  utils.BackgroundService (BackgroundService.java:shutdown(160)) - Shutting down service StaleRecoveringContainerScrubbingService
2024-01-29 07:44:35,748 [main] INFO  statemachine.DatanodeStateMachine (DatanodeStateMachine.java:stopDaemon(638)) - Ozone container server stopped.
2024-01-29 07:44:35,748 [main] INFO  handler.ContextHandler (ContextHandler.java:doStop(1159)) - Stopped o.e.j.w.WebAppContext@73ee86a{hddsDatanode,/,null,STOPPED}{jar:file:/home/runner/.m2/repository/org/apache/ozone/hdds-container-service/1.5.0-SNAPSHOT/hdds-container-service-1.5.0-SNAPSHOT.jar!/webapps/hddsDatanode}
2024-01-29 07:44:35,749 [main] INFO  server.AbstractConnector (AbstractConnector.java:doStop(383)) - Stopped ServerConnector@77a8ec44{HTTP/1.1, (http/1.1)}{0.0.0.0:15428}
2024-01-29 07:44:35,749 [main] INFO  server.session (HouseKeeper.java:stopScavenging(149)) - node0 Stopped scavenging
2024-01-29 07:44:35,749 [main] INFO  handler.ContextHandler (ContextHandler.java:doStop(1159)) - Stopped o.e.j.s.ServletContextHandler@6cdf12fa{static,/static,jar:file:/home/runner/.m2/repository/org/apache/ozone/hdds-container-service/1.5.0-SNAPSHOT/hdds-container-service-1.5.0-SNAPSHOT.jar!/webapps/static,STOPPED}
2024-01-29 07:44:35,750 [main] INFO  handler.ContextHandler (ContextHandler.java:doStop(1159)) - Stopped o.e.j.s.ServletContextHandler@522707f0{logs,/logs,file:///home/runner/work/ozone/ozone/hadoop-ozone/integration-test/target/log,STOPPED}
2024-01-29 07:44:35,750 [main] INFO  ozone.HddsDatanodeClientProtocolServer (HddsDatanodeClientProtocolServer.java:stop(78)) - Stopping the RPC server for Client Protocol
2024-01-29 07:44:35,750 [main] INFO  ipc.Server (Server.java:stop(3523)) - Stopping server on 15429
2024-01-29 07:44:35,751 [IPC Server listener on 15429] INFO  ipc.Server (Server.java:run(1434)) - Stopping IPC Server listener on 15429
2024-01-29 07:44:35,751 [IPC Server Responder] INFO  ipc.Server (Server.java:run(1567)) - Stopping IPC Server Responder
2024-01-29 07:44:37,683 [ForkJoinPool.commonPool-worker-2] INFO  utils.DatanodeStoreCache (DatanodeStoreCache.java:shutdownCache(116)) - Skip clearing cache in mini cluster mode. Entries left: [/home/runner/work/ozone/ozone/hadoop-ozone/integration-test/target/test-dir/MiniOzoneClusterImpl-4c098651-5741-4b11-9e36-c6ca8da28866/datanode-6/data-0/containers/hdds/4c098651-5741-4b11-9e36-c6ca8da28866/DS-ba8d42ce-cf4a-4148-9202-4301bf025855/container.db, /home/runner/work/ozone/ozone/hadoop-ozone/integration-test/target/test-dir/MiniOzoneClusterImpl-4c098651-5741-4b11-9e36-c6ca8da28866/datanode-8/data-0/containers/hdds/4c098651-5741-4b11-9e36-c6ca8da28866/DS-8762f955-43b4-49c8-b2bc-56e233757c55/container.db]
2024-01-29 07:44:37,685 [ForkJoinPool.commonPool-worker-2] INFO  utils.DatanodeStoreCache (DatanodeStoreCache.java:removeDB(110)) - Removed db /home/runner/work/ozone/ozone/hadoop-ozone/integration-test/target/test-dir/MiniOzoneClusterImpl-4c098651-5741-4b11-9e36-c6ca8da28866/datanode-6/data-0/containers/hdds/4c098651-5741-4b11-9e36-c6ca8da28866/DS-ba8d42ce-cf4a-4148-9202-4301bf025855/container.db from cache
2024-01-29 07:44:37,685 [ForkJoinPool.commonPool-worker-2] INFO  volume.HddsVolume (HddsVolume.java:closeDbStore(451)) - SchemaV3 db is stopped at /home/runner/work/ozone/ozone/hadoop-ozone/integration-test/target/test-dir/MiniOzoneClusterImpl-4c098651-5741-4b11-9e36-c6ca8da28866/datanode-6/data-0/containers/hdds/4c098651-5741-4b11-9e36-c6ca8da28866/DS-ba8d42ce-cf4a-4148-9202-4301bf025855/container.db for volume DS-ba8d42ce-cf4a-4148-9202-4301bf025855
2024-01-29 07:44:37,685 [ForkJoinPool.commonPool-worker-2] INFO  utils.BackgroundService (BackgroundService.java:shutdown(160)) - Shutting down service BlockDeletingService
2024-01-29 07:44:37,686 [ForkJoinPool.commonPool-worker-2] INFO  utils.BackgroundService (BackgroundService.java:shutdown(160)) - Shutting down service StaleRecoveringContainerScrubbingService
2024-01-29 07:44:37,686 [ForkJoinPool.commonPool-worker-2] INFO  statemachine.DatanodeStateMachine (DatanodeStateMachine.java:stopDaemon(638)) - Ozone container server stopped.
2024-01-29 07:44:37,687 [ForkJoinPool.commonPool-worker-2] INFO  handler.ContextHandler (ContextHandler.java:doStop(1159)) - Stopped o.e.j.w.WebAppContext@57d56d6f{hddsDatanode,/,null,STOPPED}{jar:file:/home/runner/.m2/repository/org/apache/ozone/hdds-container-service/1.5.0-SNAPSHOT/hdds-container-service-1.5.0-SNAPSHOT.jar!/webapps/hddsDatanode}
2024-01-29 07:44:37,688 [ForkJoinPool.commonPool-worker-2] INFO  server.AbstractConnector (AbstractConnector.java:doStop(383)) - Stopped ServerConnector@7f946ac{HTTP/1.1, (http/1.1)}{0.0.0.0:15419}
2024-01-29 07:44:37,688 [ForkJoinPool.commonPool-worker-2] INFO  server.session (HouseKeeper.java:stopScavenging(149)) - node0 Stopped scavenging
2024-01-29 07:44:37,688 [ForkJoinPool.commonPool-worker-2] INFO  handler.ContextHandler (ContextHandler.java:doStop(1159)) - Stopped o.e.j.s.ServletContextHandler@7c3b6e89{static,/static,jar:file:/home/runner/.m2/repository/org/apache/ozone/hdds-container-service/1.5.0-SNAPSHOT/hdds-container-service-1.5.0-SNAPSHOT.jar!/webapps/static,STOPPED}
2024-01-29 07:44:37,688 [ForkJoinPool.commonPool-worker-2] INFO  handler.ContextHandler (ContextHandler.java:doStop(1159)) - Stopped o.e.j.s.ServletContextHandler@6a4de574{logs,/logs,file:///home/runner/work/ozone/ozone/hadoop-ozone/integration-test/target/log,STOPPED}
2024-01-29 07:44:37,689 [ForkJoinPool.commonPool-worker-2] INFO  ozone.HddsDatanodeClientProtocolServer (HddsDatanodeClientProtocolServer.java:stop(78)) - Stopping the RPC server for Client Protocol
2024-01-29 07:44:37,689 [ForkJoinPool.commonPool-worker-2] INFO  ipc.Server (Server.java:stop(3523)) - Stopping server on 15420
2024-01-29 07:44:37,690 [IPC Server listener on 15420] INFO  ipc.Server (Server.java:run(1434)) - Stopping IPC Server listener on 15420
2024-01-29 07:44:37,690 [IPC Server Responder] INFO  ipc.Server (Server.java:run(1567)) - Stopping IPC Server Responder
2024-01-29 07:44:37,707 [ForkJoinPool.commonPool-worker-5] INFO  utils.DatanodeStoreCache (DatanodeStoreCache.java:shutdownCache(116)) - Skip clearing cache in mini cluster mode. Entries left: [/home/runner/work/ozone/ozone/hadoop-ozone/integration-test/target/test-dir/MiniOzoneClusterImpl-4c098651-5741-4b11-9e36-c6ca8da28866/datanode-8/data-0/containers/hdds/4c098651-5741-4b11-9e36-c6ca8da28866/DS-8762f955-43b4-49c8-b2bc-56e233757c55/container.db]
2024-01-29 07:44:37,708 [ForkJoinPool.commonPool-worker-5] INFO  utils.DatanodeStoreCache (DatanodeStoreCache.java:removeDB(110)) - Removed db /home/runner/work/ozone/ozone/hadoop-ozone/integration-test/target/test-dir/MiniOzoneClusterImpl-4c098651-5741-4b11-9e36-c6ca8da28866/datanode-8/data-0/containers/hdds/4c098651-5741-4b11-9e36-c6ca8da28866/DS-8762f955-43b4-49c8-b2bc-56e233757c55/container.db from cache
2024-01-29 07:44:37,708 [ForkJoinPool.commonPool-worker-5] INFO  volume.HddsVolume (HddsVolume.java:closeDbStore(451)) - SchemaV3 db is stopped at /home/runner/work/ozone/ozone/hadoop-ozone/integration-test/target/test-dir/MiniOzoneClusterImpl-4c098651-5741-4b11-9e36-c6ca8da28866/datanode-8/data-0/containers/hdds/4c098651-5741-4b11-9e36-c6ca8da28866/DS-8762f955-43b4-49c8-b2bc-56e233757c55/container.db for volume DS-8762f955-43b4-49c8-b2bc-56e233757c55
2024-01-29 07:44:37,708 [ForkJoinPool.commonPool-worker-5] INFO  utils.BackgroundService (BackgroundService.java:shutdown(160)) - Shutting down service BlockDeletingService
2024-01-29 07:44:37,709 [ForkJoinPool.commonPool-worker-5] INFO  utils.BackgroundService (BackgroundService.java:shutdown(160)) - Shutting down service StaleRecoveringContainerScrubbingService
2024-01-29 07:44:37,709 [ForkJoinPool.commonPool-worker-5] INFO  statemachine.DatanodeStateMachine (DatanodeStateMachine.java:stopDaemon(638)) - Ozone container server stopped.
2024-01-29 07:44:37,710 [ForkJoinPool.commonPool-worker-5] INFO  handler.ContextHandler (ContextHandler.java:doStop(1159)) - Stopped o.e.j.w.WebAppContext@40331a64{hddsDatanode,/,null,STOPPED}{jar:file:/home/runner/.m2/repository/org/apache/ozone/hdds-container-service/1.5.0-SNAPSHOT/hdds-container-service-1.5.0-SNAPSHOT.jar!/webapps/hddsDatanode}
2024-01-29 07:44:37,711 [ForkJoinPool.commonPool-worker-5] INFO  server.AbstractConnector (AbstractConnector.java:doStop(383)) - Stopped ServerConnector@5da2a17f{HTTP/1.1, (http/1.1)}{0.0.0.0:15437}
2024-01-29 07:44:37,711 [ForkJoinPool.commonPool-worker-5] INFO  server.session (HouseKeeper.java:stopScavenging(149)) - node0 Stopped scavenging
2024-01-29 07:44:37,711 [ForkJoinPool.commonPool-worker-5] INFO  handler.ContextHandler (ContextHandler.java:doStop(1159)) - Stopped o.e.j.s.ServletContextHandler@16d9a719{static,/static,jar:file:/home/runner/.m2/repository/org/apache/ozone/hdds-container-service/1.5.0-SNAPSHOT/hdds-container-service-1.5.0-SNAPSHOT.jar!/webapps/static,STOPPED}
2024-01-29 07:44:37,711 [ForkJoinPool.commonPool-worker-5] INFO  handler.ContextHandler (ContextHandler.java:doStop(1159)) - Stopped o.e.j.s.ServletContextHandler@748e432b{logs,/logs,file:///home/runner/work/ozone/ozone/hadoop-ozone/integration-test/target/log,STOPPED}
2024-01-29 07:44:37,711 [ForkJoinPool.commonPool-worker-5] INFO  ozone.HddsDatanodeClientProtocolServer (HddsDatanodeClientProtocolServer.java:stop(78)) - Stopping the RPC server for Client Protocol
2024-01-29 07:44:37,712 [ForkJoinPool.commonPool-worker-5] INFO  ipc.Server (Server.java:stop(3523)) - Stopping server on 15438
2024-01-29 07:44:37,712 [IPC Server listener on 15438] INFO  ipc.Server (Server.java:run(1434)) - Stopping IPC Server listener on 15438
2024-01-29 07:44:37,712 [IPC Server Responder] INFO  ipc.Server (Server.java:run(1567)) - Stopping IPC Server Responder
2024-01-29 07:44:37,713 [main] INFO  ozone.MiniOzoneClusterImpl (MiniOzoneClusterImpl.java:stopSCM(550)) - Stopping the StorageContainerManager
2024-01-29 07:44:37,713 [main] INFO  server.StorageContainerManager (StorageContainerManager.java:stop(1654)) - Container Balancer is not running.
2024-01-29 07:44:37,713 [main] INFO  server.StorageContainerManager (StorageContainerManager.java:stopReplicationManager(1787)) - Stopping Replication Manager Service.
2024-01-29 07:44:37,714 [main] INFO  replication.ReplicationManager (ReplicationManager.java:stop(326)) - Stopping Replication Monitor Thread.
2024-01-29 07:44:37,714 [main] INFO  server.StorageContainerManager (StorageContainerManager.java:stop(1663)) - Stopping the Datanode Admin Monitor.
2024-01-29 07:44:37,714 [OverReplicatedProcessor] WARN  replication.UnhealthyReplicationProcessor (UnhealthyReplicationProcessor.java:run(180)) - OverReplicatedProcessor interrupted. Exiting...
2024-01-29 07:44:37,714 [ReplicationMonitor] INFO  replication.ReplicationManager (ReplicationManager.java:run(933)) - Replication Monitor Thread is stopped
2024-01-29 07:44:37,714 [UnderReplicatedProcessor] WARN  replication.UnhealthyReplicationProcessor (UnhealthyReplicationProcessor.java:run(180)) - UnderReplicatedProcessor interrupted. Exiting...
2024-01-29 07:44:37,714 [main] INFO  server.StorageContainerManager (StorageContainerManager.java:stop(1670)) - Stopping datanode service RPC server
2024-01-29 07:44:37,714 [main] INFO  server.SCMDatanodeProtocolServer (SCMDatanodeProtocolServer.java:stop(425)) - Stopping the RPC server for DataNodes
2024-01-29 07:44:37,715 [main] INFO  ipc.Server (Server.java:stop(3523)) - Stopping server on 15358
2024-01-29 07:44:37,716 [IPC Server listener on 15358] INFO  ipc.Server (Server.java:run(1434)) - Stopping IPC Server listener on 15358
2024-01-29 07:44:37,716 [IPC Server Responder] INFO  ipc.Server (Server.java:run(1567)) - Stopping IPC Server Responder
2024-01-29 07:44:37,754 [timer2] WARN  server.GrpcLogAppender (GrpcLogAppender.java:lambda$resetClient$1(217)) - 2532b31c-22c5-467b-a3b6-d3baa4dde6c4@group-1941C1C038EC->00f7b909-d0df-49f8-910d-886c8291e2be-GrpcLogAppender: Follower failed (request=null, errorCount=4); keep nextIndex (1) unchanged and retry. (Repeated 4 times in the last 5.000s)
2024-01-29 07:44:37,754 [timer1] WARN  server.GrpcLogAppender (LogUtils.java:warn(121)) - 2532b31c-22c5-467b-a3b6-d3baa4dde6c4@group-1941C1C038EC->00f7b909-d0df-49f8-910d-886c8291e2be-AppendLogResponseHandler: Failed appendEntries (Repeated 4 times in the last 5.001s): org.apache.ratis.thirdparty.io.grpc.StatusRuntimeException: UNAVAILABLE: io exception
2024-01-29 07:44:37,755 [SCMHeartbeatProcessor-0] WARN  node.NodeStateManager (NodeStateManager.java:scheduleNextHealthCheck(878)) - Current Thread is interrupted, shutting down HB processing thread for Node Manager.
2024-01-29 07:44:37,755 [main] INFO  server.StorageContainerManager (StorageContainerManager.java:stop(1678)) - Stopping block service RPC server
2024-01-29 07:44:37,755 [main] INFO  server.SCMBlockProtocolServer (SCMBlockProtocolServer.java:stop(169)) - Stopping the RPC server for Block Protocol
2024-01-29 07:44:37,755 [main] INFO  ipc.Server (Server.java:stop(3523)) - Stopping server on 15357
2024-01-29 07:44:37,756 [IPC Server listener on 15357] INFO  ipc.Server (Server.java:run(1434)) - Stopping IPC Server listener on 15357
2024-01-29 07:44:37,756 [IPC Server Responder] INFO  ipc.Server (Server.java:run(1567)) - Stopping IPC Server Responder
2024-01-29 07:44:37,756 [main] INFO  server.StorageContainerManager (StorageContainerManager.java:stop(1685)) - Stopping the StorageContainerLocationProtocol RPC server
2024-01-29 07:44:37,757 [main] INFO  server.SCMClientProtocolServer (SCMClientProtocolServer.java:stop(212)) - Stopping the RPC server for Client Protocol
2024-01-29 07:44:37,757 [main] INFO  ipc.Server (Server.java:stop(3523)) - Stopping server on 15356
2024-01-29 07:44:37,760 [IPC Server listener on 15356] INFO  ipc.Server (Server.java:run(1434)) - Stopping IPC Server listener on 15356
2024-01-29 07:44:37,760 [IPC Server Responder] INFO  ipc.Server (Server.java:run(1567)) - Stopping IPC Server Responder
2024-01-29 07:44:37,762 [main] INFO  server.StorageContainerManager (StorageContainerManager.java:stop(1692)) - Stopping Storage Container Manager HTTP server.
2024-01-29 07:44:37,763 [main] INFO  handler.ContextHandler (ContextHandler.java:doStop(1159)) - Stopped o.e.j.w.WebAppContext@6f896bd4{scm,/,null,STOPPED}{file:/home/runner/work/ozone/ozone/hadoop-ozone/integration-test/target/test-classes/webapps/scm}
2024-01-29 07:44:37,764 [main] INFO  server.AbstractConnector (AbstractConnector.java:doStop(383)) - Stopped ServerConnector@c10d05b{HTTP/1.1, (http/1.1)}{0.0.0.0:15359}
2024-01-29 07:44:37,764 [main] INFO  server.session (HouseKeeper.java:stopScavenging(149)) - node0 Stopped scavenging
2024-01-29 07:44:37,765 [main] INFO  handler.ContextHandler (ContextHandler.java:doStop(1159)) - Stopped o.e.j.s.ServletContextHandler@4d6162af{static,/static,file:///home/runner/work/ozone/ozone/hadoop-ozone/integration-test/target/test-classes/webapps/static,STOPPED}
2024-01-29 07:44:37,765 [main] INFO  handler.ContextHandler (ContextHandler.java:doStop(1159)) - Stopped o.e.j.s.ServletContextHandler@162903a0{logs,/logs,file:///home/runner/work/ozone/ozone/hadoop-ozone/integration-test/target/log,STOPPED}
2024-01-29 07:44:37,765 [main] INFO  server.StorageContainerManager (StorageContainerManager.java:stop(1700)) - Stopping SCM LayoutVersionManager Service.
2024-01-29 07:44:37,766 [main] INFO  server.StorageContainerManager (StorageContainerManager.java:stop(1712)) - Stopping Block Manager Service.
2024-01-29 07:44:37,766 [main] INFO  utils.BackgroundService (BackgroundService.java:shutdown(160)) - Shutting down service SCMBlockDeletingService
2024-01-29 07:44:37,766 [main] INFO  utils.BackgroundService (BackgroundService.java:shutdown(160)) - Shutting down service SCMBlockDeletingService
2024-01-29 07:44:37,766 [main] INFO  server.StorageContainerManager (StorageContainerManager.java:stop(1732)) - Stopping SCM Event Queue.
2024-01-29 07:44:37,767 [JvmPauseMonitor44] INFO  util.JvmPauseMonitor (JvmPauseMonitor.java:run(152)) - JvmPauseMonitor-09207279-4412-40c5-8993-a38787535f89: Stopped
2024-01-29 07:44:37,767 [main] INFO  server.StorageContainerManager (StorageContainerManager.java:stop(1743)) - Stopping SCM HA services.
2024-01-29 07:44:37,767 [main] INFO  pipeline.BackgroundPipelineCreator (BackgroundPipelineCreator.java:stop(152)) - Stopping RatisPipelineUtilsThread.
2024-01-29 07:44:37,768 [RatisPipelineUtilsThread-0] WARN  pipeline.BackgroundPipelineCreator (BackgroundPipelineCreator.java:run(183)) - RatisPipelineUtilsThread is interrupted.
2024-01-29 07:44:37,768 [main] INFO  BackgroundPipelineScrubber (BackgroundSCMService.java:stop(131)) - Stopping BackgroundPipelineScrubber Service.
2024-01-29 07:44:37,768 [main] INFO  impl.MetricsSystemImpl (MetricsSystemImpl.java:stop(210)) - Stopping HddsDatanode metrics system...
2024-01-29 07:44:37,769 [BackgroundPipelineScrubber] WARN  BackgroundPipelineScrubber (BackgroundSCMService.java:run(115)) - BackgroundPipelineScrubber is interrupted, exit
2024-01-29 07:44:37,771 [prometheus] INFO  impl.MetricsSinkAdapter (MetricsSinkAdapter.java:publishMetricsFromQueue(141)) - prometheus thread interrupted.
2024-01-29 07:44:37,771 [main] INFO  impl.MetricsSystemImpl (MetricsSystemImpl.java:stop(216)) - HddsDatanode metrics system stopped.
2024-01-29 07:44:37,771 [main] WARN  pipeline.BackgroundPipelineCreator (BackgroundPipelineCreator.java:stop(148)) - RatisPipelineUtilsThread is not running, just ignore.
2024-01-29 07:44:37,771 [main] INFO  BackgroundPipelineScrubber (BackgroundSCMService.java:stop(126)) - BackgroundPipelineScrubber Service is not running, skip stop.
2024-01-29 07:44:37,771 [main] INFO  ExpiredContainerReplicaOpScrubber (BackgroundSCMService.java:stop(131)) - Stopping ExpiredContainerReplicaOpScrubber Service.
2024-01-29 07:44:37,771 [main] INFO  utils.BackgroundService (BackgroundService.java:shutdown(160)) - Shutting down service SCMBlockDeletingService
2024-01-29 07:44:37,771 [ExpiredContainerReplicaOpScrubber] WARN  ExpiredContainerReplicaOpScrubber (BackgroundSCMService.java:run(115)) - ExpiredContainerReplicaOpScrubber is interrupted, exit
2024-01-29 07:44:37,772 [main] INFO  replication.ReplicationManager (ReplicationManager.java:stop(336)) - Replication Monitor Thread is not running.
2024-01-29 07:44:37,772 [main] WARN  balancer.ContainerBalancer (ContainerBalancer.java:stop(327)) - Cannot stop Container Balancer because it's not running or stopping
2024-01-29 07:44:37,772 [main] INFO  server.StorageContainerManager (StorageContainerManager.java:stop(1778)) - Stopping SCM MetadataStore.
]]></system-out>
    </flakyFailure>
  </testcase>
  <testcase name="testWatchForCommitForGroupMismatchException" classname="org.apache.hadoop.ozone.client.rpc.TestWatchForCommit" time="26.831"/>
  <testcase name="test2WayCommitForTimeoutException" classname="org.apache.hadoop.ozone.client.rpc.TestWatchForCommit" time="24.674"/>
</testsuite>