<?xml version="1.0" encoding="UTF-8"?>
<testsuite xmlns:xsi="http://www.w3.org/2001/XMLSchema-instance" xsi:noNamespaceSchemaLocation="https://maven.apache.org/surefire/maven-surefire-plugin/xsd/surefire-test-report.xsd" name="org.apache.hadoop.ozone.client.rpc.TestWatchForCommit" time="233.185" tests="4" errors="1" skipped="0" failures="0">
  <properties>
    <property name="awt.toolkit" value="sun.awt.X11.XToolkit"/>
    <property name="file.encoding.pkg" value="sun.io"/>
    <property name="java.specification.version" value="1.8"/>
    <property name="sun.cpu.isalist" value=""/>
    <property name="sun.jnu.encoding" value="ANSI_X3.4-1968"/>
    <property name="java.class.path" value="/github/workspace/mnt/ozone/hadoop-ozone/integration-test/target/test-classes:/github/workspace/mnt/ozone/hadoop-ozone/integration-test/target/classes:/home/user/.m2/repository/org/apache/hadoop/hadoop-ozone-common/1.2.0-SNAPSHOT/hadoop-ozone-common-1.2.0-SNAPSHOT.jar:/home/user/.m2/repository/org/apache/commons/commons-compress/1.20/commons-compress-1.20.jar:/home/user/.m2/repository/org/apache/hadoop/hadoop-hdds-common/1.2.0-SNAPSHOT/hadoop-hdds-common-1.2.0-SNAPSHOT.jar:/home/user/.m2/repository/org/apache/hadoop/hadoop-hdds-client/1.2.0-SNAPSHOT/hadoop-hdds-client-1.2.0-SNAPSHOT.jar:/home/user/.m2/repository/org/apache/hadoop/hadoop-ozone-interface-client/1.2.0-SNAPSHOT/hadoop-ozone-interface-client-1.2.0-SNAPSHOT.jar:/home/user/.m2/repository/org/apache/hadoop/hadoop-hdds-test-utils/1.2.0-SNAPSHOT/hadoop-hdds-test-utils-1.2.0-SNAPSHOT.jar:/home/user/.m2/repository/com/google/guava/guava/30.1.1-jre/guava-30.1.1-jre.jar:/home/user/.m2/repository/com/google/guava/failureaccess/1.0.1/failureaccess-1.0.1.jar:/home/user/.m2/repository/com/google/guava/listenablefuture/9999.0-empty-to-avoid-conflict-with-guava/listenablefuture-9999.0-empty-to-avoid-conflict-with-guava.jar:/home/user/.m2/repository/com/google/code/findbugs/jsr305/3.0.0/jsr305-3.0.0.jar:/home/user/.m2/repository/org/checkerframework/checker-qual/3.8.0/checker-qual-3.8.0.jar:/home/user/.m2/repository/com/google/errorprone/error_prone_annotations/2.2.0/error_prone_annotations-2.2.0.jar:/home/user/.m2/repository/com/google/j2objc/j2objc-annotations/1.3/j2objc-annotations-1.3.jar:/home/user/.m2/repository/commons-io/commons-io/2.5/commons-io-2.5.jar:/home/user/.m2/repository/commons-logging/commons-logging/1.2/commons-logging-1.2.jar:/home/user/.m2/repository/log4j/log4j/1.2.17/log4j-1.2.17.jar:/home/user/.m2/repository/org/slf4j/slf4j-api/1.7.30/slf4j-api-1.7.30.jar:/home/user/.m2/repository/org/apache/hadoop/hadoop-hdds-server-scm/1.2.0-SNAPSHOT/hadoop-hdds-server-scm-1.2.0-SNAPSHOT.jar:/home/user/.m2/repository/org/apache/hadoop/hadoop-hdds-container-service/1.2.0-SNAPSHOT/hadoop-hdds-container-service-1.2.0-SNAPSHOT.jar:/home/user/.m2/repository/org/apache/hadoop/hadoop-hdds-hadoop-dependency-server/1.2.0-SNAPSHOT/hadoop-hdds-hadoop-dependency-server-1.2.0-SNAPSHOT.jar:/home/user/.m2/repository/org/apache/hadoop/hadoop-hdfs/3.2.2/hadoop-hdfs-3.2.2.jar:/home/user/.m2/repository/org/apache/hadoop/hadoop-hdds-server-framework/1.2.0-SNAPSHOT/hadoop-hdds-server-framework-1.2.0-SNAPSHOT.jar:/home/user/.m2/repository/org/apache/hadoop/hadoop-hdds-interface-server/1.2.0-SNAPSHOT/hadoop-hdds-interface-server-1.2.0-SNAPSHOT.jar:/home/user/.m2/repository/org/eclipse/jetty/jetty-servlet/9.4.35.v20201120/jetty-servlet-9.4.35.v20201120.jar:/home/user/.m2/repository/org/eclipse/jetty/jetty-security/9.4.35.v20201120/jetty-security-9.4.35.v20201120.jar:/home/user/.m2/repository/org/rocksdb/rocksdbjni/6.8.1/rocksdbjni-6.8.1.jar:/home/user/.m2/repository/io/prometheus/simpleclient_dropwizard/0.7.0/simpleclient_dropwizard-0.7.0.jar:/home/user/.m2/repository/io/prometheus/simpleclient/0.7.0/simpleclient-0.7.0.jar:/home/user/.m2/repository/io/prometheus/simpleclient_common/0.7.0/simpleclient_common-0.7.0.jar:/home/user/.m2/repository/com/fasterxml/jackson/datatype/jackson-datatype-jsr310/2.12.1/jackson-datatype-jsr310-2.12.1.jar:/home/user/.m2/repository/io/dropwizard/metrics/metrics-core/3.2.4/metrics-core-3.2.4.jar:/home/user/.m2/repository/org/apache/hadoop/hadoop-hdfs-client/3.2.2/hadoop-hdfs-client-3.2.2.jar:/home/user/.m2/repository/org/bouncycastle/bcprov-jdk15on/1.67/bcprov-jdk15on-1.67.jar:/home/user/.m2/repository/com/google/protobuf/protobuf-java/2.5.0/protobuf-java-2.5.0.jar:/home/user/.m2/repository/org/apache/hadoop/hadoop-ozone-ozone-manager/1.2.0-SNAPSHOT/hadoop-ozone-ozone-manager-1.2.0-SNAPSHOT.jar:/home/user/.m2/repository/org/apache/hadoop/hadoop-hdds-interface-client/1.2.0-SNAPSHOT/hadoop-hdds-interface-client-1.2.0-SNAPSHOT.jar:/home/user/.m2/repository/org/apache/ratis/ratis-thirdparty-misc/0.7.0-a398b19-SNAPSHOT/ratis-thirdparty-misc-0.7.0-a398b19-SNAPSHOT.jar:/home/user/.m2/repository/org/apache/hadoop/hadoop-ozone-interface-storage/1.2.0-SNAPSHOT/hadoop-ozone-interface-storage-1.2.0-SNAPSHOT.jar:/home/user/.m2/repository/org/apache/hadoop/hadoop-minikdc/3.2.2/hadoop-minikdc-3.2.2.jar:/home/user/.m2/repository/org/apache/kerby/kerb-simplekdc/1.0.1/kerb-simplekdc-1.0.1.jar:/home/user/.m2/repository/org/apache/kerby/kerb-client/1.0.1/kerb-client-1.0.1.jar:/home/user/.m2/repository/org/apache/kerby/kerby-config/1.0.1/kerby-config-1.0.1.jar:/home/user/.m2/repository/org/apache/kerby/kerb-core/1.0.1/kerb-core-1.0.1.jar:/home/user/.m2/repository/org/apache/kerby/kerby-pkix/1.0.1/kerby-pkix-1.0.1.jar:/home/user/.m2/repository/org/apache/kerby/kerby-asn1/1.0.1/kerby-asn1-1.0.1.jar:/home/user/.m2/repository/org/apache/kerby/kerby-util/1.0.1/kerby-util-1.0.1.jar:/home/user/.m2/repository/org/apache/kerby/kerb-common/1.0.1/kerb-common-1.0.1.jar:/home/user/.m2/repository/org/apache/kerby/kerb-crypto/1.0.1/kerb-crypto-1.0.1.jar:/home/user/.m2/repository/org/apache/kerby/kerb-util/1.0.1/kerb-util-1.0.1.jar:/home/user/.m2/repository/org/apache/kerby/token-provider/1.0.1/token-provider-1.0.1.jar:/home/user/.m2/repository/org/apache/kerby/kerb-admin/1.0.1/kerb-admin-1.0.1.jar:/home/user/.m2/repository/org/apache/kerby/kerb-server/1.0.1/kerb-server-1.0.1.jar:/home/user/.m2/repository/org/apache/kerby/kerb-identity/1.0.1/kerb-identity-1.0.1.jar:/home/user/.m2/repository/org/apache/kerby/kerby-xdr/1.0.1/kerby-xdr-1.0.1.jar:/home/user/.m2/repository/org/slf4j/slf4j-log4j12/1.7.30/slf4j-log4j12-1.7.30.jar:/home/user/.m2/repository/org/apache/hadoop/hadoop-ozone-s3gateway/1.2.0-SNAPSHOT/hadoop-ozone-s3gateway-1.2.0-SNAPSHOT.jar:/home/user/.m2/repository/org/jboss/weld/servlet/weld-servlet/2.4.7.Final/weld-servlet-2.4.7.Final.jar:/home/user/.m2/repository/org/glassfish/jersey/containers/jersey-container-servlet-core/2.33/jersey-container-servlet-core-2.33.jar:/home/user/.m2/repository/org/glassfish/hk2/external/jakarta.inject/2.6.1/jakarta.inject-2.6.1.jar:/home/user/.m2/repository/org/glassfish/jersey/core/jersey-common/2.33/jersey-common-2.33.jar:/home/user/.m2/repository/jakarta/ws/rs/jakarta.ws.rs-api/2.1.6/jakarta.ws.rs-api-2.1.6.jar:/home/user/.m2/repository/org/glassfish/jersey/ext/cdi/jersey-cdi1x/2.33/jersey-cdi1x-2.33.jar:/home/user/.m2/repository/org/glassfish/jersey/inject/jersey-hk2/2.33/jersey-hk2-2.33.jar:/home/user/.m2/repository/org/glassfish/hk2/hk2-locator/2.6.1/hk2-locator-2.6.1.jar:/home/user/.m2/repository/org/javassist/javassist/3.25.0-GA/javassist-3.25.0-GA.jar:/home/user/.m2/repository/org/glassfish/jersey/media/jersey-media-jaxb/2.33/jersey-media-jaxb-2.33.jar:/home/user/.m2/repository/org/glassfish/hk2/osgi-resource-locator/1.0.3/osgi-resource-locator-1.0.3.jar:/home/user/.m2/repository/org/glassfish/hk2/hk2-api/2.5.0/hk2-api-2.5.0.jar:/home/user/.m2/repository/org/glassfish/hk2/hk2-utils/2.5.0/hk2-utils-2.5.0.jar:/home/user/.m2/repository/org/glassfish/hk2/external/aopalliance-repackaged/2.5.0/aopalliance-repackaged-2.5.0.jar:/home/user/.m2/repository/com/fasterxml/jackson/dataformat/jackson-dataformat-xml/2.12.1/jackson-dataformat-xml-2.12.1.jar:/home/user/.m2/repository/com/fasterxml/jackson/core/jackson-core/2.12.1/jackson-core-2.12.1.jar:/home/user/.m2/repository/com/fasterxml/jackson/module/jackson-module-jaxb-annotations/2.12.1/jackson-module-jaxb-annotations-2.12.1.jar:/home/user/.m2/repository/jakarta/xml/bind/jakarta.xml.bind-api/2.3.2/jakarta.xml.bind-api-2.3.2.jar:/home/user/.m2/repository/jakarta/activation/jakarta.activation-api/1.2.1/jakarta.activation-api-1.2.1.jar:/home/user/.m2/repository/org/codehaus/woodstox/stax2-api/3.1.4/stax2-api-3.1.4.jar:/home/user/.m2/repository/com/fasterxml/woodstox/woodstox-core/5.0.3/woodstox-core-5.0.3.jar:/home/user/.m2/repository/javax/enterprise/cdi-api/1.2/cdi-api-1.2.jar:/home/user/.m2/repository/javax/el/javax.el-api/3.0.0/javax.el-api-3.0.0.jar:/home/user/.m2/repository/javax/interceptor/javax.interceptor-api/1.2/javax.interceptor-api-1.2.jar:/home/user/.m2/repository/javax/inject/javax.inject/1/javax.inject-1.jar:/home/user/.m2/repository/javax/xml/bind/jaxb-api/2.3.0/jaxb-api-2.3.0.jar:/home/user/.m2/repository/org/glassfish/jaxb/jaxb-runtime/2.3.0.1/jaxb-runtime-2.3.0.1.jar:/home/user/.m2/repository/org/glassfish/jaxb/jaxb-core/2.3.0.1/jaxb-core-2.3.0.1.jar:/home/user/.m2/repository/org/glassfish/jaxb/txw2/2.3.0.1/txw2-2.3.0.1.jar:/home/user/.m2/repository/com/sun/istack/istack-commons-runtime/3.0.5/istack-commons-runtime-3.0.5.jar:/home/user/.m2/repository/org/jvnet/staxex/stax-ex/1.7.8/stax-ex-1.7.8.jar:/home/user/.m2/repository/com/sun/xml/fastinfoset/FastInfoset/1.2.13/FastInfoset-1.2.13.jar:/home/user/.m2/repository/javax/activation/activation/1.1.1/activation-1.1.1.jar:/home/user/.m2/repository/org/apache/hadoop/hadoop-ozone-csi/1.2.0-SNAPSHOT/hadoop-ozone-csi-1.2.0-SNAPSHOT.jar:/home/user/.m2/repository/com/google/protobuf/protobuf-java-util/3.12.0/protobuf-java-util-3.12.0.jar:/home/user/.m2/repository/com/google/code/gson/gson/2.2.4/gson-2.2.4.jar:/home/user/.m2/repository/org/apache/hadoop/hadoop-hdds-config/1.2.0-SNAPSHOT/hadoop-hdds-config-1.2.0-SNAPSHOT.jar:/home/user/.m2/repository/io/grpc/grpc-netty/1.33.0/grpc-netty-1.33.0.jar:/home/user/.m2/repository/io/grpc/grpc-core/1.33.0/grpc-core-1.33.0.jar:/home/user/.m2/repository/com/google/android/annotations/4.1.1.4/annotations-4.1.1.4.jar:/home/user/.m2/repository/io/netty/netty-codec-http2/4.1.51.Final/netty-codec-http2-4.1.51.Final.jar:/home/user/.m2/repository/io/netty/netty-codec/4.1.51.Final/netty-codec-4.1.51.Final.jar:/home/user/.m2/repository/io/netty/netty-handler/4.1.51.Final/netty-handler-4.1.51.Final.jar:/home/user/.m2/repository/io/netty/netty-codec-http/4.1.51.Final/netty-codec-http-4.1.51.Final.jar:/home/user/.m2/repository/io/netty/netty-handler-proxy/4.1.51.Final/netty-handler-proxy-4.1.51.Final.jar:/home/user/.m2/repository/io/netty/netty-codec-socks/4.1.51.Final/netty-codec-socks-4.1.51.Final.jar:/home/user/.m2/repository/io/perfmark/perfmark-api/0.19.0/perfmark-api-0.19.0.jar:/home/user/.m2/repository/org/codehaus/mojo/animal-sniffer-annotations/1.18/animal-sniffer-annotations-1.18.jar:/home/user/.m2/repository/io/netty/netty-transport-native-epoll/4.1.63.Final/netty-transport-native-epoll-4.1.63.Final.jar:/home/user/.m2/repository/io/netty/netty-common/4.1.63.Final/netty-common-4.1.63.Final.jar:/home/user/.m2/repository/io/netty/netty-buffer/4.1.63.Final/netty-buffer-4.1.63.Final.jar:/home/user/.m2/repository/io/netty/netty-transport/4.1.63.Final/netty-transport-4.1.63.Final.jar:/home/user/.m2/repository/io/netty/netty-resolver/4.1.63.Final/netty-resolver-4.1.63.Final.jar:/home/user/.m2/repository/io/netty/netty-transport-native-unix-common/4.1.63.Final/netty-transport-native-unix-common-4.1.63.Final.jar:/home/user/.m2/repository/io/grpc/grpc-protobuf/1.33.0/grpc-protobuf-1.33.0.jar:/home/user/.m2/repository/io/grpc/grpc-api/1.33.0/grpc-api-1.33.0.jar:/home/user/.m2/repository/io/grpc/grpc-context/1.33.0/grpc-context-1.33.0.jar:/home/user/.m2/repository/com/google/api/grpc/proto-google-common-protos/1.17.0/proto-google-common-protos-1.17.0.jar:/home/user/.m2/repository/io/grpc/grpc-protobuf-lite/1.33.0/grpc-protobuf-lite-1.33.0.jar:/home/user/.m2/repository/io/grpc/grpc-stub/1.33.0/grpc-stub-1.33.0.jar:/home/user/.m2/repository/org/apache/hadoop/hadoop-ozone-recon/1.2.0-SNAPSHOT/hadoop-ozone-recon-1.2.0-SNAPSHOT.jar:/home/user/.m2/repository/org/apache/hadoop/hadoop-ozone-reconcodegen/1.2.0-SNAPSHOT/hadoop-ozone-reconcodegen-1.2.0-SNAPSHOT.jar:/home/user/.m2/repository/com/google/inject/extensions/guice-multibindings/4.0/guice-multibindings-4.0.jar:/home/user/.m2/repository/com/google/inject/guice/4.0/guice-4.0.jar:/home/user/.m2/repository/aopalliance/aopalliance/1.0/aopalliance-1.0.jar:/home/user/.m2/repository/com/google/inject/extensions/guice-assistedinject/4.0/guice-assistedinject-4.0.jar:/home/user/.m2/repository/com/google/inject/extensions/guice-servlet/4.0/guice-servlet-4.0.jar:/home/user/.m2/repository/org/glassfish/jersey/containers/jersey-container-servlet/2.33/jersey-container-servlet-2.33.jar:/home/user/.m2/repository/org/glassfish/hk2/guice-bridge/2.5.0/guice-bridge-2.5.0.jar:/home/user/.m2/repository/org/glassfish/jersey/core/jersey-server/2.33/jersey-server-2.33.jar:/home/user/.m2/repository/org/glassfish/jersey/core/jersey-client/2.33/jersey-client-2.33.jar:/home/user/.m2/repository/jakarta/annotation/jakarta.annotation-api/1.3.5/jakarta.annotation-api-1.3.5.jar:/home/user/.m2/repository/jakarta/validation/jakarta.validation-api/2.0.2/jakarta.validation-api-2.0.2.jar:/home/user/.m2/repository/org/glassfish/jersey/media/jersey-media-json-jackson/2.33/jersey-media-json-jackson-2.33.jar:/home/user/.m2/repository/org/glassfish/jersey/ext/jersey-entity-filtering/2.33/jersey-entity-filtering-2.33.jar:/home/user/.m2/repository/org/jooq/jooq/3.11.10/jooq-3.11.10.jar:/home/user/.m2/repository/org/jooq/jooq-meta/3.11.10/jooq-meta-3.11.10.jar:/home/user/.m2/repository/org/jooq/jooq-codegen/3.11.10/jooq-codegen-3.11.10.jar:/home/user/.m2/repository/com/jolbox/bonecp/0.8.0.RELEASE/bonecp-0.8.0.RELEASE.jar:/home/user/.m2/repository/org/apache/derby/derby/10.14.2.0/derby-10.14.2.0.jar:/home/user/.m2/repository/org/xerial/sqlite-jdbc/3.25.2/sqlite-jdbc-3.25.2.jar:/home/user/.m2/repository/org/springframework/spring-jdbc/5.2.11.RELEASE/spring-jdbc-5.2.11.RELEASE.jar:/home/user/.m2/repository/org/springframework/spring-beans/5.2.11.RELEASE/spring-beans-5.2.11.RELEASE.jar:/home/user/.m2/repository/org/springframework/spring-core/5.2.11.RELEASE/spring-core-5.2.11.RELEASE.jar:/home/user/.m2/repository/org/springframework/spring-jcl/5.2.11.RELEASE/spring-jcl-5.2.11.RELEASE.jar:/home/user/.m2/repository/org/springframework/spring-tx/5.2.11.RELEASE/spring-tx-5.2.11.RELEASE.jar:/home/user/.m2/repository/org/apache/hadoop/hadoop-ozone-client/1.2.0-SNAPSHOT/hadoop-ozone-client-1.2.0-SNAPSHOT.jar:/home/user/.m2/repository/org/apache/hadoop/hadoop-ozone-filesystem/1.2.0-SNAPSHOT/hadoop-ozone-filesystem-1.2.0-SNAPSHOT.jar:/home/user/.m2/repository/org/apache/hadoop/hadoop-ozone-filesystem-common/1.2.0-SNAPSHOT/hadoop-ozone-filesystem-common-1.2.0-SNAPSHOT.jar:/home/user/.m2/repository/org/apache/hadoop/hadoop-ozone-tools/1.2.0-SNAPSHOT/hadoop-ozone-tools-1.2.0-SNAPSHOT.jar:/home/user/.m2/repository/org/apache/ratis/ratis-tools/2.1.0-43915d2-SNAPSHOT/ratis-tools-2.1.0-43915d2-SNAPSHOT.jar:/home/user/.m2/repository/org/apache/ratis/ratis-proto/2.1.0-43915d2-SNAPSHOT/ratis-proto-2.1.0-43915d2-SNAPSHOT.jar:/home/user/.m2/repository/org/apache/ratis/ratis-common/2.1.0-43915d2-SNAPSHOT/ratis-common-2.1.0-43915d2-SNAPSHOT.jar:/home/user/.m2/repository/com/amazonaws/aws-java-sdk-core/1.11.901/aws-java-sdk-core-1.11.901.jar:/home/user/.m2/repository/org/apache/httpcomponents/httpclient/4.5.13/httpclient-4.5.13.jar:/home/user/.m2/repository/org/apache/httpcomponents/httpcore/4.4.13/httpcore-4.4.13.jar:/home/user/.m2/repository/software/amazon/ion/ion-java/1.0.2/ion-java-1.0.2.jar:/home/user/.m2/repository/com/fasterxml/jackson/dataformat/jackson-dataformat-cbor/2.12.1/jackson-dataformat-cbor-2.12.1.jar:/home/user/.m2/repository/joda-time/joda-time/2.8.1/joda-time-2.8.1.jar:/home/user/.m2/repository/com/amazonaws/aws-java-sdk-s3/1.11.901/aws-java-sdk-s3-1.11.901.jar:/home/user/.m2/repository/com/amazonaws/aws-java-sdk-kms/1.11.901/aws-java-sdk-kms-1.11.901.jar:/home/user/.m2/repository/com/amazonaws/jmespath-java/1.11.901/jmespath-java-1.11.901.jar:/home/user/.m2/repository/org/kohsuke/metainf-services/metainf-services/1.8/metainf-services-1.8.jar:/home/user/.m2/repository/org/apache/hadoop/hadoop-hdds-tools/1.2.0-SNAPSHOT/hadoop-hdds-tools-1.2.0-SNAPSHOT.jar:/home/user/.m2/repository/commons-cli/commons-cli/1.2/commons-cli-1.2.jar:/home/user/.m2/repository/org/apache/commons/commons-lang3/3.7/commons-lang3-3.7.jar:/home/user/.m2/repository/org/apache/hadoop/hadoop-ozone-ozone-manager/1.2.0-SNAPSHOT/hadoop-ozone-ozone-manager-1.2.0-SNAPSHOT-tests.jar:/home/user/.m2/repository/org/apache/hadoop/hadoop-hdds-common/1.2.0-SNAPSHOT/hadoop-hdds-common-1.2.0-SNAPSHOT-tests.jar:/home/user/.m2/repository/org/apache/hadoop/hadoop-hdds-hadoop-dependency-client/1.2.0-SNAPSHOT/hadoop-hdds-hadoop-dependency-client-1.2.0-SNAPSHOT.jar:/home/user/.m2/repository/info/picocli/picocli/4.4.0/picocli-4.4.0.jar:/home/user/.m2/repository/com/fasterxml/jackson/core/jackson-annotations/2.12.1/jackson-annotations-2.12.1.jar:/home/user/.m2/repository/javax/annotation/javax.annotation-api/1.2/javax.annotation-api-1.2.jar:/home/user/.m2/repository/org/fusesource/leveldbjni/leveldbjni-all/1.8/leveldbjni-all-1.8.jar:/home/user/.m2/repository/org/apache/ratis/ratis-server/2.1.0-43915d2-SNAPSHOT/ratis-server-2.1.0-43915d2-SNAPSHOT.jar:/home/user/.m2/repository/org/apache/ratis/ratis-client/2.1.0-43915d2-SNAPSHOT/ratis-client-2.1.0-43915d2-SNAPSHOT.jar:/home/user/.m2/repository/org/apache/ratis/ratis-server-api/2.1.0-43915d2-SNAPSHOT/ratis-server-api-2.1.0-43915d2-SNAPSHOT.jar:/home/user/.m2/repository/org/apache/ratis/ratis-metrics/2.1.0-43915d2-SNAPSHOT/ratis-metrics-2.1.0-43915d2-SNAPSHOT.jar:/home/user/.m2/repository/org/apache/ratis/ratis-netty/2.1.0-43915d2-SNAPSHOT/ratis-netty-2.1.0-43915d2-SNAPSHOT.jar:/home/user/.m2/repository/org/apache/ratis/ratis-grpc/2.1.0-43915d2-SNAPSHOT/ratis-grpc-2.1.0-43915d2-SNAPSHOT.jar:/home/user/.m2/repository/org/apache/logging/log4j/log4j-api/2.13.3/log4j-api-2.13.3.jar:/home/user/.m2/repository/org/apache/logging/log4j/log4j-core/2.13.3/log4j-core-2.13.3.jar:/home/user/.m2/repository/com/lmax/disruptor/3.4.2/disruptor-3.4.2.jar:/home/user/.m2/repository/org/apache/commons/commons-pool2/2.6.0/commons-pool2-2.6.0.jar:/home/user/.m2/repository/org/bouncycastle/bcpkix-jdk15on/1.67/bcpkix-jdk15on-1.67.jar:/home/user/.m2/repository/commons-validator/commons-validator/1.6/commons-validator-1.6.jar:/home/user/.m2/repository/commons-beanutils/commons-beanutils/1.9.4/commons-beanutils-1.9.4.jar:/home/user/.m2/repository/commons-digester/commons-digester/1.8.1/commons-digester-1.8.1.jar:/home/user/.m2/repository/commons-collections/commons-collections/3.2.2/commons-collections-3.2.2.jar:/home/user/.m2/repository/io/jaegertracing/jaeger-client/1.6.0/jaeger-client-1.6.0.jar:/home/user/.m2/repository/io/jaegertracing/jaeger-thrift/1.6.0/jaeger-thrift-1.6.0.jar:/home/user/.m2/repository/org/apache/thrift/libthrift/0.14.1/libthrift-0.14.1.jar:/home/user/.m2/repository/com/squareup/okhttp3/okhttp/4.9.0/okhttp-4.9.0.jar:/home/user/.m2/repository/com/squareup/okio/okio/2.8.0/okio-2.8.0.jar:/home/user/.m2/repository/io/jaegertracing/jaeger-core/1.6.0/jaeger-core-1.6.0.jar:/home/user/.m2/repository/io/jaegertracing/jaeger-tracerresolver/1.6.0/jaeger-tracerresolver-1.6.0.jar:/home/user/.m2/repository/io/opentracing/contrib/opentracing-tracerresolver/0.1.8/opentracing-tracerresolver-0.1.8.jar:/home/user/.m2/repository/org/jetbrains/kotlin/kotlin-stdlib/1.4.31/kotlin-stdlib-1.4.31.jar:/home/user/.m2/repository/org/jetbrains/kotlin/kotlin-stdlib-common/1.4.31/kotlin-stdlib-common-1.4.31.jar:/home/user/.m2/repository/org/jetbrains/annotations/13.0/annotations-13.0.jar:/home/user/.m2/repository/io/opentracing/opentracing-util/0.33.0/opentracing-util-0.33.0.jar:/home/user/.m2/repository/io/opentracing/opentracing-api/0.33.0/opentracing-api-0.33.0.jar:/home/user/.m2/repository/io/opentracing/opentracing-noop/0.33.0/opentracing-noop-0.33.0.jar:/home/user/.m2/repository/org/yaml/snakeyaml/1.26/snakeyaml-1.26.jar:/home/user/.m2/repository/org/apache/hadoop/hadoop-hdds-interface-admin/1.2.0-SNAPSHOT/hadoop-hdds-interface-admin-1.2.0-SNAPSHOT.jar:/home/user/.m2/repository/junit/junit/4.13.1/junit-4.13.1.jar:/home/user/.m2/repository/org/hamcrest/hamcrest-core/1.3/hamcrest-core-1.3.jar:/home/user/.m2/repository/org/junit/jupiter/junit-jupiter-api/5.7.0/junit-jupiter-api-5.7.0.jar:/home/user/.m2/repository/org/apiguardian/apiguardian-api/1.1.0/apiguardian-api-1.1.0.jar:/home/user/.m2/repository/org/opentest4j/opentest4j/1.2.0/opentest4j-1.2.0.jar:/home/user/.m2/repository/org/junit/platform/junit-platform-commons/1.7.0/junit-platform-commons-1.7.0.jar:/home/user/.m2/repository/org/junit/jupiter/junit-jupiter-engine/5.7.0/junit-jupiter-engine-5.7.0.jar:/home/user/.m2/repository/org/junit/platform/junit-platform-engine/1.7.0/junit-platform-engine-1.7.0.jar:/home/user/.m2/repository/org/junit/vintage/junit-vintage-engine/5.7.0/junit-vintage-engine-5.7.0.jar:/home/user/.m2/repository/org/junit/platform/junit-platform-launcher/1.7.0/junit-platform-launcher-1.7.0.jar:/home/user/.m2/repository/org/openjdk/jmh/jmh-core/1.19/jmh-core-1.19.jar:/home/user/.m2/repository/net/sf/jopt-simple/jopt-simple/4.6/jopt-simple-4.6.jar:/home/user/.m2/repository/org/apache/commons/commons-math3/3.1.1/commons-math3-3.1.1.jar:/home/user/.m2/repository/org/openjdk/jmh/jmh-generator-annprocess/1.19/jmh-generator-annprocess-1.19.jar:/home/user/.m2/repository/org/mockito/mockito-all/1.8.5/mockito-all-1.8.5.jar:/home/user/.m2/repository/org/apache/hadoop/hadoop-kms/3.2.2/hadoop-kms-3.2.2.jar:/home/user/.m2/repository/org/apache/hadoop/hadoop-auth/3.2.2/hadoop-auth-3.2.2.jar:/home/user/.m2/repository/com/nimbusds/nimbus-jose-jwt/7.9/nimbus-jose-jwt-7.9.jar:/home/user/.m2/repository/com/github/stephenc/jcip/jcip-annotations/1.0-1/jcip-annotations-1.0-1.jar:/home/user/.m2/repository/net/minidev/json-smart/2.3/json-smart-2.3.jar:/home/user/.m2/repository/net/minidev/accessors-smart/1.2/accessors-smart-1.2.jar:/home/user/.m2/repository/org/ow2/asm/asm/5.0.4/asm-5.0.4.jar:/home/user/.m2/repository/org/apache/zookeeper/zookeeper/3.4.13/zookeeper-3.4.13.jar:/home/user/.m2/repository/org/apache/yetus/audience-annotations/0.5.0/audience-annotations-0.5.0.jar:/home/user/.m2/repository/org/apache/curator/curator-framework/2.13.0/curator-framework-2.13.0.jar:/home/user/.m2/repository/com/sun/jersey/jersey-core/1.19/jersey-core-1.19.jar:/home/user/.m2/repository/javax/ws/rs/jsr311-api/1.1.1/jsr311-api-1.1.1.jar:/home/user/.m2/repository/com/sun/jersey/jersey-server/1.19/jersey-server-1.19.jar:/home/user/.m2/repository/javax/servlet/javax.servlet-api/3.1.0/javax.servlet-api-3.1.0.jar:/home/user/.m2/repository/org/eclipse/jetty/jetty-server/9.4.35.v20201120/jetty-server-9.4.35.v20201120.jar:/home/user/.m2/repository/org/eclipse/jetty/jetty-http/9.4.35.v20201120/jetty-http-9.4.35.v20201120.jar:/home/user/.m2/repository/org/eclipse/jetty/jetty-io/9.4.35.v20201120/jetty-io-9.4.35.v20201120.jar:/home/user/.m2/repository/org/eclipse/jetty/jetty-webapp/9.4.35.v20201120/jetty-webapp-9.4.35.v20201120.jar:/home/user/.m2/repository/org/eclipse/jetty/jetty-xml/9.4.35.v20201120/jetty-xml-9.4.35.v20201120.jar:/home/user/.m2/repository/org/apache/hadoop/hadoop-common/3.2.2/hadoop-common-3.2.2.jar:/home/user/.m2/repository/commons-net/commons-net/3.6/commons-net-3.6.jar:/home/user/.m2/repository/javax/activation/javax.activation-api/1.2.0/javax.activation-api-1.2.0.jar:/home/user/.m2/repository/com/sun/jersey/jersey-servlet/1.19/jersey-servlet-1.19.jar:/home/user/.m2/repository/com/sun/jersey/jersey-json/1.19/jersey-json-1.19.jar:/home/user/.m2/repository/org/codehaus/jettison/jettison/1.1/jettison-1.1.jar:/home/user/.m2/repository/com/sun/xml/bind/jaxb-impl/2.2.3-1/jaxb-impl-2.2.3-1.jar:/home/user/.m2/repository/org/codehaus/jackson/jackson-jaxrs/1.9.2/jackson-jaxrs-1.9.2.jar:/home/user/.m2/repository/org/codehaus/jackson/jackson-xc/1.9.2/jackson-xc-1.9.2.jar:/home/user/.m2/repository/org/apache/commons/commons-configuration2/2.1.1/commons-configuration2-2.1.1.jar:/home/user/.m2/repository/org/apache/commons/commons-text/1.4/commons-text-1.4.jar:/home/user/.m2/repository/com/google/re2j/re2j/1.1/re2j-1.1.jar:/home/user/.m2/repository/com/jcraft/jsch/0.1.54/jsch-0.1.54.jar:/home/user/.m2/repository/org/apache/curator/curator-client/2.13.0/curator-client-2.13.0.jar:/home/user/.m2/repository/org/apache/curator/curator-recipes/2.13.0/curator-recipes-2.13.0.jar:/home/user/.m2/repository/dnsjava/dnsjava/2.1.7/dnsjava-2.1.7.jar:/home/user/.m2/repository/org/slf4j/jul-to-slf4j/1.7.30/jul-to-slf4j-1.7.30.jar:/home/user/.m2/repository/org/eclipse/jetty/jetty-util/9.4.35.v20201120/jetty-util-9.4.35.v20201120.jar:/home/user/.m2/repository/com/fasterxml/jackson/core/jackson-databind/2.12.1/jackson-databind-2.12.1.jar:/home/user/.m2/repository/org/apache/hadoop/hadoop-kms/3.2.2/hadoop-kms-3.2.2-tests.jar:/home/user/.m2/repository/org/apache/hadoop/hadoop-hdds-server-scm/1.2.0-SNAPSHOT/hadoop-hdds-server-scm-1.2.0-SNAPSHOT-tests.jar:/home/user/.m2/repository/org/apache/hadoop/hadoop-hdds-container-service/1.2.0-SNAPSHOT/hadoop-hdds-container-service-1.2.0-SNAPSHOT-tests.jar:/home/user/.m2/repository/commons-codec/commons-codec/1.11/commons-codec-1.11.jar:/home/user/.m2/repository/org/apache/hadoop/hadoop-hdds-hadoop-dependency-test/1.2.0-SNAPSHOT/hadoop-hdds-hadoop-dependency-test-1.2.0-SNAPSHOT.jar:/home/user/.m2/repository/org/apache/hadoop/hadoop-common/3.2.2/hadoop-common-3.2.2-tests.jar:/home/user/.m2/repository/org/apache/hadoop/hadoop-hdfs/3.2.2/hadoop-hdfs-3.2.2-tests.jar:/home/user/.m2/repository/org/eclipse/jetty/jetty-util-ajax/9.4.35.v20201120/jetty-util-ajax-9.4.35.v20201120.jar:/home/user/.m2/repository/commons-daemon/commons-daemon/1.0.13/commons-daemon-1.0.13.jar:/home/user/.m2/repository/io/netty/netty/3.10.6.Final/netty-3.10.6.Final.jar:/home/user/.m2/repository/io/netty/netty-all/4.1.63.Final/netty-all-4.1.63.Final.jar:/home/user/.m2/repository/org/apache/htrace/htrace-core4/4.1.0-incubating/htrace-core4-4.1.0-incubating.jar:/home/user/.m2/repository/org/apache/hadoop/hadoop-distcp/3.2.2/hadoop-distcp-3.2.2.jar:/home/user/.m2/repository/org/apache/hadoop/hadoop-mapreduce-client-jobclient/3.2.2/hadoop-mapreduce-client-jobclient-3.2.2.jar:/home/user/.m2/repository/org/apache/hadoop/hadoop-mapreduce-client-common/3.2.2/hadoop-mapreduce-client-common-3.2.2.jar:/home/user/.m2/repository/org/apache/hadoop/hadoop-yarn-common/3.2.2/hadoop-yarn-common-3.2.2.jar:/home/user/.m2/repository/org/apache/hadoop/hadoop-yarn-api/3.2.2/hadoop-yarn-api-3.2.2.jar:/home/user/.m2/repository/com/sun/jersey/jersey-client/1.19/jersey-client-1.19.jar:/home/user/.m2/repository/com/sun/jersey/contribs/jersey-guice/1.19/jersey-guice-1.19.jar:/home/user/.m2/repository/com/fasterxml/jackson/jaxrs/jackson-jaxrs-json-provider/2.12.1/jackson-jaxrs-json-provider-2.12.1.jar:/home/user/.m2/repository/com/fasterxml/jackson/jaxrs/jackson-jaxrs-base/2.12.1/jackson-jaxrs-base-2.12.1.jar:/home/user/.m2/repository/org/apache/hadoop/hadoop-yarn-client/3.2.2/hadoop-yarn-client-3.2.2.jar:/home/user/.m2/repository/org/apache/hadoop/hadoop-mapreduce-client-core/3.2.2/hadoop-mapreduce-client-core-3.2.2.jar:/home/user/.m2/repository/org/apache/avro/avro/1.7.7/avro-1.7.7.jar:/home/user/.m2/repository/org/codehaus/jackson/jackson-core-asl/1.9.13/jackson-core-asl-1.9.13.jar:/home/user/.m2/repository/org/codehaus/jackson/jackson-mapper-asl/1.9.13/jackson-mapper-asl-1.9.13.jar:/home/user/.m2/repository/com/thoughtworks/paranamer/paranamer/2.3/paranamer-2.3.jar:/home/user/.m2/repository/org/xerial/snappy/snappy-java/1.0.5/snappy-java-1.0.5.jar:/home/user/.m2/repository/org/apache/hadoop/hadoop-annotations/3.2.2/hadoop-annotations-3.2.2.jar:/usr/lib/jvm/java-1.8.0-openjdk-1.8.0.232.b09-0.el7_7.x86_64/jre/../lib/tools.jar:/home/user/.m2/repository/org/apache/hadoop/hadoop-distcp/3.2.2/hadoop-distcp-3.2.2-tests.jar:"/>
    <property name="java.vm.vendor" value="Oracle Corporation"/>
    <property name="sun.arch.data.model" value="64"/>
    <property name="test.build.dir" value="/github/workspace/mnt/ozone/hadoop-ozone/integration-test/target/test-dir"/>
    <property name="test.cache.data" value=""/>
    <property name="java.vendor.url" value="http://java.oracle.com/"/>
    <property name="user.timezone" value=""/>
    <property name="java.vm.specification.version" value="1.8"/>
    <property name="os.name" value="Linux"/>
    <property name="test.build.data" value="/github/workspace/mnt/ozone/hadoop-ozone/integration-test/target/test-dir"/>
    <property name="user.country" value="US"/>
    <property name="sun.java.launcher" value="SUN_STANDARD"/>
    <property name="sun.boot.library.path" value="/usr/lib/jvm/java-1.8.0-openjdk-1.8.0.232.b09-0.el7_7.x86_64/jre/lib/amd64"/>
    <property name="sun.java.command" value="/github/workspace/mnt/ozone/hadoop-ozone/integration-test/target/surefire/surefirebooter7299235878727314598.jar /github/workspace/mnt/ozone/hadoop-ozone/integration-test/target/surefire 2021-04-26T08-39-54_855-jvmRun1 surefire6776103132598432583tmp surefire_6149418245697164586tmp"/>
    <property name="surefire.test.class.path" value="/github/workspace/mnt/ozone/hadoop-ozone/integration-test/target/test-classes:/github/workspace/mnt/ozone/hadoop-ozone/integration-test/target/classes:/home/user/.m2/repository/org/apache/hadoop/hadoop-ozone-common/1.2.0-SNAPSHOT/hadoop-ozone-common-1.2.0-SNAPSHOT.jar:/home/user/.m2/repository/org/apache/commons/commons-compress/1.20/commons-compress-1.20.jar:/home/user/.m2/repository/org/apache/hadoop/hadoop-hdds-common/1.2.0-SNAPSHOT/hadoop-hdds-common-1.2.0-SNAPSHOT.jar:/home/user/.m2/repository/org/apache/hadoop/hadoop-hdds-client/1.2.0-SNAPSHOT/hadoop-hdds-client-1.2.0-SNAPSHOT.jar:/home/user/.m2/repository/org/apache/hadoop/hadoop-ozone-interface-client/1.2.0-SNAPSHOT/hadoop-ozone-interface-client-1.2.0-SNAPSHOT.jar:/home/user/.m2/repository/org/apache/hadoop/hadoop-hdds-test-utils/1.2.0-SNAPSHOT/hadoop-hdds-test-utils-1.2.0-SNAPSHOT.jar:/home/user/.m2/repository/com/google/guava/guava/30.1.1-jre/guava-30.1.1-jre.jar:/home/user/.m2/repository/com/google/guava/failureaccess/1.0.1/failureaccess-1.0.1.jar:/home/user/.m2/repository/com/google/guava/listenablefuture/9999.0-empty-to-avoid-conflict-with-guava/listenablefuture-9999.0-empty-to-avoid-conflict-with-guava.jar:/home/user/.m2/repository/com/google/code/findbugs/jsr305/3.0.0/jsr305-3.0.0.jar:/home/user/.m2/repository/org/checkerframework/checker-qual/3.8.0/checker-qual-3.8.0.jar:/home/user/.m2/repository/com/google/errorprone/error_prone_annotations/2.2.0/error_prone_annotations-2.2.0.jar:/home/user/.m2/repository/com/google/j2objc/j2objc-annotations/1.3/j2objc-annotations-1.3.jar:/home/user/.m2/repository/commons-io/commons-io/2.5/commons-io-2.5.jar:/home/user/.m2/repository/commons-logging/commons-logging/1.2/commons-logging-1.2.jar:/home/user/.m2/repository/log4j/log4j/1.2.17/log4j-1.2.17.jar:/home/user/.m2/repository/org/slf4j/slf4j-api/1.7.30/slf4j-api-1.7.30.jar:/home/user/.m2/repository/org/apache/hadoop/hadoop-hdds-server-scm/1.2.0-SNAPSHOT/hadoop-hdds-server-scm-1.2.0-SNAPSHOT.jar:/home/user/.m2/repository/org/apache/hadoop/hadoop-hdds-container-service/1.2.0-SNAPSHOT/hadoop-hdds-container-service-1.2.0-SNAPSHOT.jar:/home/user/.m2/repository/org/apache/hadoop/hadoop-hdds-hadoop-dependency-server/1.2.0-SNAPSHOT/hadoop-hdds-hadoop-dependency-server-1.2.0-SNAPSHOT.jar:/home/user/.m2/repository/org/apache/hadoop/hadoop-hdfs/3.2.2/hadoop-hdfs-3.2.2.jar:/home/user/.m2/repository/org/apache/hadoop/hadoop-hdds-server-framework/1.2.0-SNAPSHOT/hadoop-hdds-server-framework-1.2.0-SNAPSHOT.jar:/home/user/.m2/repository/org/apache/hadoop/hadoop-hdds-interface-server/1.2.0-SNAPSHOT/hadoop-hdds-interface-server-1.2.0-SNAPSHOT.jar:/home/user/.m2/repository/org/eclipse/jetty/jetty-servlet/9.4.35.v20201120/jetty-servlet-9.4.35.v20201120.jar:/home/user/.m2/repository/org/eclipse/jetty/jetty-security/9.4.35.v20201120/jetty-security-9.4.35.v20201120.jar:/home/user/.m2/repository/org/rocksdb/rocksdbjni/6.8.1/rocksdbjni-6.8.1.jar:/home/user/.m2/repository/io/prometheus/simpleclient_dropwizard/0.7.0/simpleclient_dropwizard-0.7.0.jar:/home/user/.m2/repository/io/prometheus/simpleclient/0.7.0/simpleclient-0.7.0.jar:/home/user/.m2/repository/io/prometheus/simpleclient_common/0.7.0/simpleclient_common-0.7.0.jar:/home/user/.m2/repository/com/fasterxml/jackson/datatype/jackson-datatype-jsr310/2.12.1/jackson-datatype-jsr310-2.12.1.jar:/home/user/.m2/repository/io/dropwizard/metrics/metrics-core/3.2.4/metrics-core-3.2.4.jar:/home/user/.m2/repository/org/apache/hadoop/hadoop-hdfs-client/3.2.2/hadoop-hdfs-client-3.2.2.jar:/home/user/.m2/repository/org/bouncycastle/bcprov-jdk15on/1.67/bcprov-jdk15on-1.67.jar:/home/user/.m2/repository/com/google/protobuf/protobuf-java/2.5.0/protobuf-java-2.5.0.jar:/home/user/.m2/repository/org/apache/hadoop/hadoop-ozone-ozone-manager/1.2.0-SNAPSHOT/hadoop-ozone-ozone-manager-1.2.0-SNAPSHOT.jar:/home/user/.m2/repository/org/apache/hadoop/hadoop-hdds-interface-client/1.2.0-SNAPSHOT/hadoop-hdds-interface-client-1.2.0-SNAPSHOT.jar:/home/user/.m2/repository/org/apache/ratis/ratis-thirdparty-misc/0.7.0-a398b19-SNAPSHOT/ratis-thirdparty-misc-0.7.0-a398b19-SNAPSHOT.jar:/home/user/.m2/repository/org/apache/hadoop/hadoop-ozone-interface-storage/1.2.0-SNAPSHOT/hadoop-ozone-interface-storage-1.2.0-SNAPSHOT.jar:/home/user/.m2/repository/org/apache/hadoop/hadoop-minikdc/3.2.2/hadoop-minikdc-3.2.2.jar:/home/user/.m2/repository/org/apache/kerby/kerb-simplekdc/1.0.1/kerb-simplekdc-1.0.1.jar:/home/user/.m2/repository/org/apache/kerby/kerb-client/1.0.1/kerb-client-1.0.1.jar:/home/user/.m2/repository/org/apache/kerby/kerby-config/1.0.1/kerby-config-1.0.1.jar:/home/user/.m2/repository/org/apache/kerby/kerb-core/1.0.1/kerb-core-1.0.1.jar:/home/user/.m2/repository/org/apache/kerby/kerby-pkix/1.0.1/kerby-pkix-1.0.1.jar:/home/user/.m2/repository/org/apache/kerby/kerby-asn1/1.0.1/kerby-asn1-1.0.1.jar:/home/user/.m2/repository/org/apache/kerby/kerby-util/1.0.1/kerby-util-1.0.1.jar:/home/user/.m2/repository/org/apache/kerby/kerb-common/1.0.1/kerb-common-1.0.1.jar:/home/user/.m2/repository/org/apache/kerby/kerb-crypto/1.0.1/kerb-crypto-1.0.1.jar:/home/user/.m2/repository/org/apache/kerby/kerb-util/1.0.1/kerb-util-1.0.1.jar:/home/user/.m2/repository/org/apache/kerby/token-provider/1.0.1/token-provider-1.0.1.jar:/home/user/.m2/repository/org/apache/kerby/kerb-admin/1.0.1/kerb-admin-1.0.1.jar:/home/user/.m2/repository/org/apache/kerby/kerb-server/1.0.1/kerb-server-1.0.1.jar:/home/user/.m2/repository/org/apache/kerby/kerb-identity/1.0.1/kerb-identity-1.0.1.jar:/home/user/.m2/repository/org/apache/kerby/kerby-xdr/1.0.1/kerby-xdr-1.0.1.jar:/home/user/.m2/repository/org/slf4j/slf4j-log4j12/1.7.30/slf4j-log4j12-1.7.30.jar:/home/user/.m2/repository/org/apache/hadoop/hadoop-ozone-s3gateway/1.2.0-SNAPSHOT/hadoop-ozone-s3gateway-1.2.0-SNAPSHOT.jar:/home/user/.m2/repository/org/jboss/weld/servlet/weld-servlet/2.4.7.Final/weld-servlet-2.4.7.Final.jar:/home/user/.m2/repository/org/glassfish/jersey/containers/jersey-container-servlet-core/2.33/jersey-container-servlet-core-2.33.jar:/home/user/.m2/repository/org/glassfish/hk2/external/jakarta.inject/2.6.1/jakarta.inject-2.6.1.jar:/home/user/.m2/repository/org/glassfish/jersey/core/jersey-common/2.33/jersey-common-2.33.jar:/home/user/.m2/repository/jakarta/ws/rs/jakarta.ws.rs-api/2.1.6/jakarta.ws.rs-api-2.1.6.jar:/home/user/.m2/repository/org/glassfish/jersey/ext/cdi/jersey-cdi1x/2.33/jersey-cdi1x-2.33.jar:/home/user/.m2/repository/org/glassfish/jersey/inject/jersey-hk2/2.33/jersey-hk2-2.33.jar:/home/user/.m2/repository/org/glassfish/hk2/hk2-locator/2.6.1/hk2-locator-2.6.1.jar:/home/user/.m2/repository/org/javassist/javassist/3.25.0-GA/javassist-3.25.0-GA.jar:/home/user/.m2/repository/org/glassfish/jersey/media/jersey-media-jaxb/2.33/jersey-media-jaxb-2.33.jar:/home/user/.m2/repository/org/glassfish/hk2/osgi-resource-locator/1.0.3/osgi-resource-locator-1.0.3.jar:/home/user/.m2/repository/org/glassfish/hk2/hk2-api/2.5.0/hk2-api-2.5.0.jar:/home/user/.m2/repository/org/glassfish/hk2/hk2-utils/2.5.0/hk2-utils-2.5.0.jar:/home/user/.m2/repository/org/glassfish/hk2/external/aopalliance-repackaged/2.5.0/aopalliance-repackaged-2.5.0.jar:/home/user/.m2/repository/com/fasterxml/jackson/dataformat/jackson-dataformat-xml/2.12.1/jackson-dataformat-xml-2.12.1.jar:/home/user/.m2/repository/com/fasterxml/jackson/core/jackson-core/2.12.1/jackson-core-2.12.1.jar:/home/user/.m2/repository/com/fasterxml/jackson/module/jackson-module-jaxb-annotations/2.12.1/jackson-module-jaxb-annotations-2.12.1.jar:/home/user/.m2/repository/jakarta/xml/bind/jakarta.xml.bind-api/2.3.2/jakarta.xml.bind-api-2.3.2.jar:/home/user/.m2/repository/jakarta/activation/jakarta.activation-api/1.2.1/jakarta.activation-api-1.2.1.jar:/home/user/.m2/repository/org/codehaus/woodstox/stax2-api/3.1.4/stax2-api-3.1.4.jar:/home/user/.m2/repository/com/fasterxml/woodstox/woodstox-core/5.0.3/woodstox-core-5.0.3.jar:/home/user/.m2/repository/javax/enterprise/cdi-api/1.2/cdi-api-1.2.jar:/home/user/.m2/repository/javax/el/javax.el-api/3.0.0/javax.el-api-3.0.0.jar:/home/user/.m2/repository/javax/interceptor/javax.interceptor-api/1.2/javax.interceptor-api-1.2.jar:/home/user/.m2/repository/javax/inject/javax.inject/1/javax.inject-1.jar:/home/user/.m2/repository/javax/xml/bind/jaxb-api/2.3.0/jaxb-api-2.3.0.jar:/home/user/.m2/repository/org/glassfish/jaxb/jaxb-runtime/2.3.0.1/jaxb-runtime-2.3.0.1.jar:/home/user/.m2/repository/org/glassfish/jaxb/jaxb-core/2.3.0.1/jaxb-core-2.3.0.1.jar:/home/user/.m2/repository/org/glassfish/jaxb/txw2/2.3.0.1/txw2-2.3.0.1.jar:/home/user/.m2/repository/com/sun/istack/istack-commons-runtime/3.0.5/istack-commons-runtime-3.0.5.jar:/home/user/.m2/repository/org/jvnet/staxex/stax-ex/1.7.8/stax-ex-1.7.8.jar:/home/user/.m2/repository/com/sun/xml/fastinfoset/FastInfoset/1.2.13/FastInfoset-1.2.13.jar:/home/user/.m2/repository/javax/activation/activation/1.1.1/activation-1.1.1.jar:/home/user/.m2/repository/org/apache/hadoop/hadoop-ozone-csi/1.2.0-SNAPSHOT/hadoop-ozone-csi-1.2.0-SNAPSHOT.jar:/home/user/.m2/repository/com/google/protobuf/protobuf-java-util/3.12.0/protobuf-java-util-3.12.0.jar:/home/user/.m2/repository/com/google/code/gson/gson/2.2.4/gson-2.2.4.jar:/home/user/.m2/repository/org/apache/hadoop/hadoop-hdds-config/1.2.0-SNAPSHOT/hadoop-hdds-config-1.2.0-SNAPSHOT.jar:/home/user/.m2/repository/io/grpc/grpc-netty/1.33.0/grpc-netty-1.33.0.jar:/home/user/.m2/repository/io/grpc/grpc-core/1.33.0/grpc-core-1.33.0.jar:/home/user/.m2/repository/com/google/android/annotations/4.1.1.4/annotations-4.1.1.4.jar:/home/user/.m2/repository/io/netty/netty-codec-http2/4.1.51.Final/netty-codec-http2-4.1.51.Final.jar:/home/user/.m2/repository/io/netty/netty-codec/4.1.51.Final/netty-codec-4.1.51.Final.jar:/home/user/.m2/repository/io/netty/netty-handler/4.1.51.Final/netty-handler-4.1.51.Final.jar:/home/user/.m2/repository/io/netty/netty-codec-http/4.1.51.Final/netty-codec-http-4.1.51.Final.jar:/home/user/.m2/repository/io/netty/netty-handler-proxy/4.1.51.Final/netty-handler-proxy-4.1.51.Final.jar:/home/user/.m2/repository/io/netty/netty-codec-socks/4.1.51.Final/netty-codec-socks-4.1.51.Final.jar:/home/user/.m2/repository/io/perfmark/perfmark-api/0.19.0/perfmark-api-0.19.0.jar:/home/user/.m2/repository/org/codehaus/mojo/animal-sniffer-annotations/1.18/animal-sniffer-annotations-1.18.jar:/home/user/.m2/repository/io/netty/netty-transport-native-epoll/4.1.63.Final/netty-transport-native-epoll-4.1.63.Final.jar:/home/user/.m2/repository/io/netty/netty-common/4.1.63.Final/netty-common-4.1.63.Final.jar:/home/user/.m2/repository/io/netty/netty-buffer/4.1.63.Final/netty-buffer-4.1.63.Final.jar:/home/user/.m2/repository/io/netty/netty-transport/4.1.63.Final/netty-transport-4.1.63.Final.jar:/home/user/.m2/repository/io/netty/netty-resolver/4.1.63.Final/netty-resolver-4.1.63.Final.jar:/home/user/.m2/repository/io/netty/netty-transport-native-unix-common/4.1.63.Final/netty-transport-native-unix-common-4.1.63.Final.jar:/home/user/.m2/repository/io/grpc/grpc-protobuf/1.33.0/grpc-protobuf-1.33.0.jar:/home/user/.m2/repository/io/grpc/grpc-api/1.33.0/grpc-api-1.33.0.jar:/home/user/.m2/repository/io/grpc/grpc-context/1.33.0/grpc-context-1.33.0.jar:/home/user/.m2/repository/com/google/api/grpc/proto-google-common-protos/1.17.0/proto-google-common-protos-1.17.0.jar:/home/user/.m2/repository/io/grpc/grpc-protobuf-lite/1.33.0/grpc-protobuf-lite-1.33.0.jar:/home/user/.m2/repository/io/grpc/grpc-stub/1.33.0/grpc-stub-1.33.0.jar:/home/user/.m2/repository/org/apache/hadoop/hadoop-ozone-recon/1.2.0-SNAPSHOT/hadoop-ozone-recon-1.2.0-SNAPSHOT.jar:/home/user/.m2/repository/org/apache/hadoop/hadoop-ozone-reconcodegen/1.2.0-SNAPSHOT/hadoop-ozone-reconcodegen-1.2.0-SNAPSHOT.jar:/home/user/.m2/repository/com/google/inject/extensions/guice-multibindings/4.0/guice-multibindings-4.0.jar:/home/user/.m2/repository/com/google/inject/guice/4.0/guice-4.0.jar:/home/user/.m2/repository/aopalliance/aopalliance/1.0/aopalliance-1.0.jar:/home/user/.m2/repository/com/google/inject/extensions/guice-assistedinject/4.0/guice-assistedinject-4.0.jar:/home/user/.m2/repository/com/google/inject/extensions/guice-servlet/4.0/guice-servlet-4.0.jar:/home/user/.m2/repository/org/glassfish/jersey/containers/jersey-container-servlet/2.33/jersey-container-servlet-2.33.jar:/home/user/.m2/repository/org/glassfish/hk2/guice-bridge/2.5.0/guice-bridge-2.5.0.jar:/home/user/.m2/repository/org/glassfish/jersey/core/jersey-server/2.33/jersey-server-2.33.jar:/home/user/.m2/repository/org/glassfish/jersey/core/jersey-client/2.33/jersey-client-2.33.jar:/home/user/.m2/repository/jakarta/annotation/jakarta.annotation-api/1.3.5/jakarta.annotation-api-1.3.5.jar:/home/user/.m2/repository/jakarta/validation/jakarta.validation-api/2.0.2/jakarta.validation-api-2.0.2.jar:/home/user/.m2/repository/org/glassfish/jersey/media/jersey-media-json-jackson/2.33/jersey-media-json-jackson-2.33.jar:/home/user/.m2/repository/org/glassfish/jersey/ext/jersey-entity-filtering/2.33/jersey-entity-filtering-2.33.jar:/home/user/.m2/repository/org/jooq/jooq/3.11.10/jooq-3.11.10.jar:/home/user/.m2/repository/org/jooq/jooq-meta/3.11.10/jooq-meta-3.11.10.jar:/home/user/.m2/repository/org/jooq/jooq-codegen/3.11.10/jooq-codegen-3.11.10.jar:/home/user/.m2/repository/com/jolbox/bonecp/0.8.0.RELEASE/bonecp-0.8.0.RELEASE.jar:/home/user/.m2/repository/org/apache/derby/derby/10.14.2.0/derby-10.14.2.0.jar:/home/user/.m2/repository/org/xerial/sqlite-jdbc/3.25.2/sqlite-jdbc-3.25.2.jar:/home/user/.m2/repository/org/springframework/spring-jdbc/5.2.11.RELEASE/spring-jdbc-5.2.11.RELEASE.jar:/home/user/.m2/repository/org/springframework/spring-beans/5.2.11.RELEASE/spring-beans-5.2.11.RELEASE.jar:/home/user/.m2/repository/org/springframework/spring-core/5.2.11.RELEASE/spring-core-5.2.11.RELEASE.jar:/home/user/.m2/repository/org/springframework/spring-jcl/5.2.11.RELEASE/spring-jcl-5.2.11.RELEASE.jar:/home/user/.m2/repository/org/springframework/spring-tx/5.2.11.RELEASE/spring-tx-5.2.11.RELEASE.jar:/home/user/.m2/repository/org/apache/hadoop/hadoop-ozone-client/1.2.0-SNAPSHOT/hadoop-ozone-client-1.2.0-SNAPSHOT.jar:/home/user/.m2/repository/org/apache/hadoop/hadoop-ozone-filesystem/1.2.0-SNAPSHOT/hadoop-ozone-filesystem-1.2.0-SNAPSHOT.jar:/home/user/.m2/repository/org/apache/hadoop/hadoop-ozone-filesystem-common/1.2.0-SNAPSHOT/hadoop-ozone-filesystem-common-1.2.0-SNAPSHOT.jar:/home/user/.m2/repository/org/apache/hadoop/hadoop-ozone-tools/1.2.0-SNAPSHOT/hadoop-ozone-tools-1.2.0-SNAPSHOT.jar:/home/user/.m2/repository/org/apache/ratis/ratis-tools/2.1.0-43915d2-SNAPSHOT/ratis-tools-2.1.0-43915d2-SNAPSHOT.jar:/home/user/.m2/repository/org/apache/ratis/ratis-proto/2.1.0-43915d2-SNAPSHOT/ratis-proto-2.1.0-43915d2-SNAPSHOT.jar:/home/user/.m2/repository/org/apache/ratis/ratis-common/2.1.0-43915d2-SNAPSHOT/ratis-common-2.1.0-43915d2-SNAPSHOT.jar:/home/user/.m2/repository/com/amazonaws/aws-java-sdk-core/1.11.901/aws-java-sdk-core-1.11.901.jar:/home/user/.m2/repository/org/apache/httpcomponents/httpclient/4.5.13/httpclient-4.5.13.jar:/home/user/.m2/repository/org/apache/httpcomponents/httpcore/4.4.13/httpcore-4.4.13.jar:/home/user/.m2/repository/software/amazon/ion/ion-java/1.0.2/ion-java-1.0.2.jar:/home/user/.m2/repository/com/fasterxml/jackson/dataformat/jackson-dataformat-cbor/2.12.1/jackson-dataformat-cbor-2.12.1.jar:/home/user/.m2/repository/joda-time/joda-time/2.8.1/joda-time-2.8.1.jar:/home/user/.m2/repository/com/amazonaws/aws-java-sdk-s3/1.11.901/aws-java-sdk-s3-1.11.901.jar:/home/user/.m2/repository/com/amazonaws/aws-java-sdk-kms/1.11.901/aws-java-sdk-kms-1.11.901.jar:/home/user/.m2/repository/com/amazonaws/jmespath-java/1.11.901/jmespath-java-1.11.901.jar:/home/user/.m2/repository/org/kohsuke/metainf-services/metainf-services/1.8/metainf-services-1.8.jar:/home/user/.m2/repository/org/apache/hadoop/hadoop-hdds-tools/1.2.0-SNAPSHOT/hadoop-hdds-tools-1.2.0-SNAPSHOT.jar:/home/user/.m2/repository/commons-cli/commons-cli/1.2/commons-cli-1.2.jar:/home/user/.m2/repository/org/apache/commons/commons-lang3/3.7/commons-lang3-3.7.jar:/home/user/.m2/repository/org/apache/hadoop/hadoop-ozone-ozone-manager/1.2.0-SNAPSHOT/hadoop-ozone-ozone-manager-1.2.0-SNAPSHOT-tests.jar:/home/user/.m2/repository/org/apache/hadoop/hadoop-hdds-common/1.2.0-SNAPSHOT/hadoop-hdds-common-1.2.0-SNAPSHOT-tests.jar:/home/user/.m2/repository/org/apache/hadoop/hadoop-hdds-hadoop-dependency-client/1.2.0-SNAPSHOT/hadoop-hdds-hadoop-dependency-client-1.2.0-SNAPSHOT.jar:/home/user/.m2/repository/info/picocli/picocli/4.4.0/picocli-4.4.0.jar:/home/user/.m2/repository/com/fasterxml/jackson/core/jackson-annotations/2.12.1/jackson-annotations-2.12.1.jar:/home/user/.m2/repository/javax/annotation/javax.annotation-api/1.2/javax.annotation-api-1.2.jar:/home/user/.m2/repository/org/fusesource/leveldbjni/leveldbjni-all/1.8/leveldbjni-all-1.8.jar:/home/user/.m2/repository/org/apache/ratis/ratis-server/2.1.0-43915d2-SNAPSHOT/ratis-server-2.1.0-43915d2-SNAPSHOT.jar:/home/user/.m2/repository/org/apache/ratis/ratis-client/2.1.0-43915d2-SNAPSHOT/ratis-client-2.1.0-43915d2-SNAPSHOT.jar:/home/user/.m2/repository/org/apache/ratis/ratis-server-api/2.1.0-43915d2-SNAPSHOT/ratis-server-api-2.1.0-43915d2-SNAPSHOT.jar:/home/user/.m2/repository/org/apache/ratis/ratis-metrics/2.1.0-43915d2-SNAPSHOT/ratis-metrics-2.1.0-43915d2-SNAPSHOT.jar:/home/user/.m2/repository/org/apache/ratis/ratis-netty/2.1.0-43915d2-SNAPSHOT/ratis-netty-2.1.0-43915d2-SNAPSHOT.jar:/home/user/.m2/repository/org/apache/ratis/ratis-grpc/2.1.0-43915d2-SNAPSHOT/ratis-grpc-2.1.0-43915d2-SNAPSHOT.jar:/home/user/.m2/repository/org/apache/logging/log4j/log4j-api/2.13.3/log4j-api-2.13.3.jar:/home/user/.m2/repository/org/apache/logging/log4j/log4j-core/2.13.3/log4j-core-2.13.3.jar:/home/user/.m2/repository/com/lmax/disruptor/3.4.2/disruptor-3.4.2.jar:/home/user/.m2/repository/org/apache/commons/commons-pool2/2.6.0/commons-pool2-2.6.0.jar:/home/user/.m2/repository/org/bouncycastle/bcpkix-jdk15on/1.67/bcpkix-jdk15on-1.67.jar:/home/user/.m2/repository/commons-validator/commons-validator/1.6/commons-validator-1.6.jar:/home/user/.m2/repository/commons-beanutils/commons-beanutils/1.9.4/commons-beanutils-1.9.4.jar:/home/user/.m2/repository/commons-digester/commons-digester/1.8.1/commons-digester-1.8.1.jar:/home/user/.m2/repository/commons-collections/commons-collections/3.2.2/commons-collections-3.2.2.jar:/home/user/.m2/repository/io/jaegertracing/jaeger-client/1.6.0/jaeger-client-1.6.0.jar:/home/user/.m2/repository/io/jaegertracing/jaeger-thrift/1.6.0/jaeger-thrift-1.6.0.jar:/home/user/.m2/repository/org/apache/thrift/libthrift/0.14.1/libthrift-0.14.1.jar:/home/user/.m2/repository/com/squareup/okhttp3/okhttp/4.9.0/okhttp-4.9.0.jar:/home/user/.m2/repository/com/squareup/okio/okio/2.8.0/okio-2.8.0.jar:/home/user/.m2/repository/io/jaegertracing/jaeger-core/1.6.0/jaeger-core-1.6.0.jar:/home/user/.m2/repository/io/jaegertracing/jaeger-tracerresolver/1.6.0/jaeger-tracerresolver-1.6.0.jar:/home/user/.m2/repository/io/opentracing/contrib/opentracing-tracerresolver/0.1.8/opentracing-tracerresolver-0.1.8.jar:/home/user/.m2/repository/org/jetbrains/kotlin/kotlin-stdlib/1.4.31/kotlin-stdlib-1.4.31.jar:/home/user/.m2/repository/org/jetbrains/kotlin/kotlin-stdlib-common/1.4.31/kotlin-stdlib-common-1.4.31.jar:/home/user/.m2/repository/org/jetbrains/annotations/13.0/annotations-13.0.jar:/home/user/.m2/repository/io/opentracing/opentracing-util/0.33.0/opentracing-util-0.33.0.jar:/home/user/.m2/repository/io/opentracing/opentracing-api/0.33.0/opentracing-api-0.33.0.jar:/home/user/.m2/repository/io/opentracing/opentracing-noop/0.33.0/opentracing-noop-0.33.0.jar:/home/user/.m2/repository/org/yaml/snakeyaml/1.26/snakeyaml-1.26.jar:/home/user/.m2/repository/org/apache/hadoop/hadoop-hdds-interface-admin/1.2.0-SNAPSHOT/hadoop-hdds-interface-admin-1.2.0-SNAPSHOT.jar:/home/user/.m2/repository/junit/junit/4.13.1/junit-4.13.1.jar:/home/user/.m2/repository/org/hamcrest/hamcrest-core/1.3/hamcrest-core-1.3.jar:/home/user/.m2/repository/org/junit/jupiter/junit-jupiter-api/5.7.0/junit-jupiter-api-5.7.0.jar:/home/user/.m2/repository/org/apiguardian/apiguardian-api/1.1.0/apiguardian-api-1.1.0.jar:/home/user/.m2/repository/org/opentest4j/opentest4j/1.2.0/opentest4j-1.2.0.jar:/home/user/.m2/repository/org/junit/platform/junit-platform-commons/1.7.0/junit-platform-commons-1.7.0.jar:/home/user/.m2/repository/org/junit/jupiter/junit-jupiter-engine/5.7.0/junit-jupiter-engine-5.7.0.jar:/home/user/.m2/repository/org/junit/platform/junit-platform-engine/1.7.0/junit-platform-engine-1.7.0.jar:/home/user/.m2/repository/org/junit/vintage/junit-vintage-engine/5.7.0/junit-vintage-engine-5.7.0.jar:/home/user/.m2/repository/org/junit/platform/junit-platform-launcher/1.7.0/junit-platform-launcher-1.7.0.jar:/home/user/.m2/repository/org/openjdk/jmh/jmh-core/1.19/jmh-core-1.19.jar:/home/user/.m2/repository/net/sf/jopt-simple/jopt-simple/4.6/jopt-simple-4.6.jar:/home/user/.m2/repository/org/apache/commons/commons-math3/3.1.1/commons-math3-3.1.1.jar:/home/user/.m2/repository/org/openjdk/jmh/jmh-generator-annprocess/1.19/jmh-generator-annprocess-1.19.jar:/home/user/.m2/repository/org/mockito/mockito-all/1.8.5/mockito-all-1.8.5.jar:/home/user/.m2/repository/org/apache/hadoop/hadoop-kms/3.2.2/hadoop-kms-3.2.2.jar:/home/user/.m2/repository/org/apache/hadoop/hadoop-auth/3.2.2/hadoop-auth-3.2.2.jar:/home/user/.m2/repository/com/nimbusds/nimbus-jose-jwt/7.9/nimbus-jose-jwt-7.9.jar:/home/user/.m2/repository/com/github/stephenc/jcip/jcip-annotations/1.0-1/jcip-annotations-1.0-1.jar:/home/user/.m2/repository/net/minidev/json-smart/2.3/json-smart-2.3.jar:/home/user/.m2/repository/net/minidev/accessors-smart/1.2/accessors-smart-1.2.jar:/home/user/.m2/repository/org/ow2/asm/asm/5.0.4/asm-5.0.4.jar:/home/user/.m2/repository/org/apache/zookeeper/zookeeper/3.4.13/zookeeper-3.4.13.jar:/home/user/.m2/repository/org/apache/yetus/audience-annotations/0.5.0/audience-annotations-0.5.0.jar:/home/user/.m2/repository/org/apache/curator/curator-framework/2.13.0/curator-framework-2.13.0.jar:/home/user/.m2/repository/com/sun/jersey/jersey-core/1.19/jersey-core-1.19.jar:/home/user/.m2/repository/javax/ws/rs/jsr311-api/1.1.1/jsr311-api-1.1.1.jar:/home/user/.m2/repository/com/sun/jersey/jersey-server/1.19/jersey-server-1.19.jar:/home/user/.m2/repository/javax/servlet/javax.servlet-api/3.1.0/javax.servlet-api-3.1.0.jar:/home/user/.m2/repository/org/eclipse/jetty/jetty-server/9.4.35.v20201120/jetty-server-9.4.35.v20201120.jar:/home/user/.m2/repository/org/eclipse/jetty/jetty-http/9.4.35.v20201120/jetty-http-9.4.35.v20201120.jar:/home/user/.m2/repository/org/eclipse/jetty/jetty-io/9.4.35.v20201120/jetty-io-9.4.35.v20201120.jar:/home/user/.m2/repository/org/eclipse/jetty/jetty-webapp/9.4.35.v20201120/jetty-webapp-9.4.35.v20201120.jar:/home/user/.m2/repository/org/eclipse/jetty/jetty-xml/9.4.35.v20201120/jetty-xml-9.4.35.v20201120.jar:/home/user/.m2/repository/org/apache/hadoop/hadoop-common/3.2.2/hadoop-common-3.2.2.jar:/home/user/.m2/repository/commons-net/commons-net/3.6/commons-net-3.6.jar:/home/user/.m2/repository/javax/activation/javax.activation-api/1.2.0/javax.activation-api-1.2.0.jar:/home/user/.m2/repository/com/sun/jersey/jersey-servlet/1.19/jersey-servlet-1.19.jar:/home/user/.m2/repository/com/sun/jersey/jersey-json/1.19/jersey-json-1.19.jar:/home/user/.m2/repository/org/codehaus/jettison/jettison/1.1/jettison-1.1.jar:/home/user/.m2/repository/com/sun/xml/bind/jaxb-impl/2.2.3-1/jaxb-impl-2.2.3-1.jar:/home/user/.m2/repository/org/codehaus/jackson/jackson-jaxrs/1.9.2/jackson-jaxrs-1.9.2.jar:/home/user/.m2/repository/org/codehaus/jackson/jackson-xc/1.9.2/jackson-xc-1.9.2.jar:/home/user/.m2/repository/org/apache/commons/commons-configuration2/2.1.1/commons-configuration2-2.1.1.jar:/home/user/.m2/repository/org/apache/commons/commons-text/1.4/commons-text-1.4.jar:/home/user/.m2/repository/com/google/re2j/re2j/1.1/re2j-1.1.jar:/home/user/.m2/repository/com/jcraft/jsch/0.1.54/jsch-0.1.54.jar:/home/user/.m2/repository/org/apache/curator/curator-client/2.13.0/curator-client-2.13.0.jar:/home/user/.m2/repository/org/apache/curator/curator-recipes/2.13.0/curator-recipes-2.13.0.jar:/home/user/.m2/repository/dnsjava/dnsjava/2.1.7/dnsjava-2.1.7.jar:/home/user/.m2/repository/org/slf4j/jul-to-slf4j/1.7.30/jul-to-slf4j-1.7.30.jar:/home/user/.m2/repository/org/eclipse/jetty/jetty-util/9.4.35.v20201120/jetty-util-9.4.35.v20201120.jar:/home/user/.m2/repository/com/fasterxml/jackson/core/jackson-databind/2.12.1/jackson-databind-2.12.1.jar:/home/user/.m2/repository/org/apache/hadoop/hadoop-kms/3.2.2/hadoop-kms-3.2.2-tests.jar:/home/user/.m2/repository/org/apache/hadoop/hadoop-hdds-server-scm/1.2.0-SNAPSHOT/hadoop-hdds-server-scm-1.2.0-SNAPSHOT-tests.jar:/home/user/.m2/repository/org/apache/hadoop/hadoop-hdds-container-service/1.2.0-SNAPSHOT/hadoop-hdds-container-service-1.2.0-SNAPSHOT-tests.jar:/home/user/.m2/repository/commons-codec/commons-codec/1.11/commons-codec-1.11.jar:/home/user/.m2/repository/org/apache/hadoop/hadoop-hdds-hadoop-dependency-test/1.2.0-SNAPSHOT/hadoop-hdds-hadoop-dependency-test-1.2.0-SNAPSHOT.jar:/home/user/.m2/repository/org/apache/hadoop/hadoop-common/3.2.2/hadoop-common-3.2.2-tests.jar:/home/user/.m2/repository/org/apache/hadoop/hadoop-hdfs/3.2.2/hadoop-hdfs-3.2.2-tests.jar:/home/user/.m2/repository/org/eclipse/jetty/jetty-util-ajax/9.4.35.v20201120/jetty-util-ajax-9.4.35.v20201120.jar:/home/user/.m2/repository/commons-daemon/commons-daemon/1.0.13/commons-daemon-1.0.13.jar:/home/user/.m2/repository/io/netty/netty/3.10.6.Final/netty-3.10.6.Final.jar:/home/user/.m2/repository/io/netty/netty-all/4.1.63.Final/netty-all-4.1.63.Final.jar:/home/user/.m2/repository/org/apache/htrace/htrace-core4/4.1.0-incubating/htrace-core4-4.1.0-incubating.jar:/home/user/.m2/repository/org/apache/hadoop/hadoop-distcp/3.2.2/hadoop-distcp-3.2.2.jar:/home/user/.m2/repository/org/apache/hadoop/hadoop-mapreduce-client-jobclient/3.2.2/hadoop-mapreduce-client-jobclient-3.2.2.jar:/home/user/.m2/repository/org/apache/hadoop/hadoop-mapreduce-client-common/3.2.2/hadoop-mapreduce-client-common-3.2.2.jar:/home/user/.m2/repository/org/apache/hadoop/hadoop-yarn-common/3.2.2/hadoop-yarn-common-3.2.2.jar:/home/user/.m2/repository/org/apache/hadoop/hadoop-yarn-api/3.2.2/hadoop-yarn-api-3.2.2.jar:/home/user/.m2/repository/com/sun/jersey/jersey-client/1.19/jersey-client-1.19.jar:/home/user/.m2/repository/com/sun/jersey/contribs/jersey-guice/1.19/jersey-guice-1.19.jar:/home/user/.m2/repository/com/fasterxml/jackson/jaxrs/jackson-jaxrs-json-provider/2.12.1/jackson-jaxrs-json-provider-2.12.1.jar:/home/user/.m2/repository/com/fasterxml/jackson/jaxrs/jackson-jaxrs-base/2.12.1/jackson-jaxrs-base-2.12.1.jar:/home/user/.m2/repository/org/apache/hadoop/hadoop-yarn-client/3.2.2/hadoop-yarn-client-3.2.2.jar:/home/user/.m2/repository/org/apache/hadoop/hadoop-mapreduce-client-core/3.2.2/hadoop-mapreduce-client-core-3.2.2.jar:/home/user/.m2/repository/org/apache/avro/avro/1.7.7/avro-1.7.7.jar:/home/user/.m2/repository/org/codehaus/jackson/jackson-core-asl/1.9.13/jackson-core-asl-1.9.13.jar:/home/user/.m2/repository/org/codehaus/jackson/jackson-mapper-asl/1.9.13/jackson-mapper-asl-1.9.13.jar:/home/user/.m2/repository/com/thoughtworks/paranamer/paranamer/2.3/paranamer-2.3.jar:/home/user/.m2/repository/org/xerial/snappy/snappy-java/1.0.5/snappy-java-1.0.5.jar:/home/user/.m2/repository/org/apache/hadoop/hadoop-annotations/3.2.2/hadoop-annotations-3.2.2.jar:/usr/lib/jvm/java-1.8.0-openjdk-1.8.0.232.b09-0.el7_7.x86_64/jre/../lib/tools.jar:/home/user/.m2/repository/org/apache/hadoop/hadoop-distcp/3.2.2/hadoop-distcp-3.2.2-tests.jar:"/>
    <property name="sun.cpu.endian" value="little"/>
    <property name="user.home" value="/home/user"/>
    <property name="user.language" value="en"/>
    <property name="java.specification.vendor" value="Oracle Corporation"/>
    <property name="java.home" value="/usr/lib/jvm/java-1.8.0-openjdk-1.8.0.232.b09-0.el7_7.x86_64/jre"/>
    <property name="java.security.krb5.conf" value="/github/workspace/mnt/ozone/hadoop-ozone/integration-test/target/test-classes/krb5.conf"/>
    <property name="basedir" value="/github/workspace/mnt/ozone/hadoop-ozone/integration-test"/>
    <property name="file.separator" value="/"/>
    <property name="line.separator" value="&#10;"/>
    <property name="java.vm.specification.vendor" value="Oracle Corporation"/>
    <property name="java.specification.name" value="Java Platform API Specification"/>
    <property name="java.awt.graphicsenv" value="sun.awt.X11GraphicsEnvironment"/>
    <property name="skip.installnpx" value="true"/>
    <property name="surefire.real.class.path" value="/github/workspace/mnt/ozone/hadoop-ozone/integration-test/target/surefire/surefirebooter7299235878727314598.jar:/home/user/.m2/repository/org/jacoco/org.jacoco.agent/0.8.5/org.jacoco.agent-0.8.5-runtime.jar"/>
    <property name="hadoop.log.dir" value="/github/workspace/mnt/ozone/hadoop-ozone/integration-test/target/log"/>
    <property name="sun.boot.class.path" value="/usr/lib/jvm/java-1.8.0-openjdk-1.8.0.232.b09-0.el7_7.x86_64/jre/lib/resources.jar:/usr/lib/jvm/java-1.8.0-openjdk-1.8.0.232.b09-0.el7_7.x86_64/jre/lib/rt.jar:/usr/lib/jvm/java-1.8.0-openjdk-1.8.0.232.b09-0.el7_7.x86_64/jre/lib/sunrsasign.jar:/usr/lib/jvm/java-1.8.0-openjdk-1.8.0.232.b09-0.el7_7.x86_64/jre/lib/jsse.jar:/usr/lib/jvm/java-1.8.0-openjdk-1.8.0.232.b09-0.el7_7.x86_64/jre/lib/jce.jar:/usr/lib/jvm/java-1.8.0-openjdk-1.8.0.232.b09-0.el7_7.x86_64/jre/lib/charsets.jar:/usr/lib/jvm/java-1.8.0-openjdk-1.8.0.232.b09-0.el7_7.x86_64/jre/lib/jfr.jar:/usr/lib/jvm/java-1.8.0-openjdk-1.8.0.232.b09-0.el7_7.x86_64/jre/classes"/>
    <property name="sun.management.compiler" value="HotSpot 64-Bit Tiered Compilers"/>
    <property name="skip.npx" value="true"/>
    <property name="java.runtime.version" value="1.8.0_232-b09"/>
    <property name="java.net.preferIPv4Stack" value="true"/>
    <property name="user.name" value="jenkins1001"/>
    <property name="path.separator" value=":"/>
    <property name="java.security.egd" value="file:///dev/urandom"/>
    <property name="os.version" value="5.4.0-1046-azure"/>
    <property name="java.endorsed.dirs" value="/usr/lib/jvm/java-1.8.0-openjdk-1.8.0.232.b09-0.el7_7.x86_64/jre/lib/endorsed"/>
    <property name="java.runtime.name" value="OpenJDK Runtime Environment"/>
    <property name="file.encoding" value="ANSI_X3.4-1968"/>
    <property name="java.vm.name" value="OpenJDK 64-Bit Server VM"/>
    <property name="test.build.webapps" value=""/>
    <property name="localRepository" value="/home/user/.m2/repository"/>
    <property name="java.vendor.url.bug" value="http://bugreport.sun.com/bugreport/"/>
    <property name="java.io.tmpdir" value="/tmp"/>
    <property name="require.test.libhadoop" value=""/>
    <property name="java.version" value="1.8.0_232"/>
    <property name="user.dir" value="/github/workspace/mnt/ozone/hadoop-ozone/integration-test"/>
    <property name="os.arch" value="amd64"/>
    <property name="java.vm.specification.name" value="Java Virtual Machine Specification"/>
    <property name="test.build.classes" value="/github/workspace/mnt/ozone/hadoop-ozone/integration-test/target/test-classes"/>
    <property name="java.awt.printerjob" value="sun.print.PSPrinterJob"/>
    <property name="sun.os.patch.level" value="unknown"/>
    <property name="hadoop.tmp.dir" value="/github/workspace/mnt/ozone/hadoop-ozone/integration-test/target/tmp"/>
    <property name="java.library.path" value="/usr/lib:/usr/java/packages/lib/amd64:/usr/lib64:/lib64:/lib:/usr/lib"/>
    <property name="java.vm.info" value="mixed mode"/>
    <property name="java.vendor" value="Oracle Corporation"/>
    <property name="java.vm.version" value="25.232-b09"/>
    <property name="java.ext.dirs" value="/usr/lib/jvm/java-1.8.0-openjdk-1.8.0.232.b09-0.el7_7.x86_64/jre/lib/ext:/usr/java/packages/lib/ext"/>
    <property name="sun.io.unicode.encoding" value="UnicodeLittle"/>
    <property name="java.class.version" value="52.0"/>
  </properties>
  <testcase name="testWatchForCommitWithKeyWrite" classname="org.apache.hadoop.ozone.client.rpc.TestWatchForCommit" time="70.311"/>
  <testcase name="testWatchForCommitForRetryfailure" classname="org.apache.hadoop.ozone.client.rpc.TestWatchForCommit" time="70.192"/>
  <testcase name="testWatchForCommitForGroupMismatchException" classname="org.apache.hadoop.ozone.client.rpc.TestWatchForCommit" time="50.333">
    <error message="org.apache.ratis.protocol.exceptions.AlreadyClosedException: SlidingWindow$Client:client-B869EDB19015-&gt;RAFT is closed." type="java.util.concurrent.ExecutionException">java.util.concurrent.ExecutionException: org.apache.ratis.protocol.exceptions.AlreadyClosedException: SlidingWindow$Client:client-B869EDB19015->RAFT is closed.
	at java.util.concurrent.CompletableFuture.reportGet(CompletableFuture.java:357)
	at java.util.concurrent.CompletableFuture.get(CompletableFuture.java:1908)
	at org.apache.hadoop.ozone.client.rpc.TestWatchForCommit.testWatchForCommitForGroupMismatchException(TestWatchForCommit.java:352)
	at sun.reflect.NativeMethodAccessorImpl.invoke0(Native Method)
	at sun.reflect.NativeMethodAccessorImpl.invoke(NativeMethodAccessorImpl.java:62)
	at sun.reflect.DelegatingMethodAccessorImpl.invoke(DelegatingMethodAccessorImpl.java:43)
	at java.lang.reflect.Method.invoke(Method.java:498)
	at org.junit.runners.model.FrameworkMethod$1.runReflectiveCall(FrameworkMethod.java:59)
	at org.junit.internal.runners.model.ReflectiveCallable.run(ReflectiveCallable.java:12)
	at org.junit.runners.model.FrameworkMethod.invokeExplosively(FrameworkMethod.java:56)
	at org.junit.internal.runners.statements.InvokeMethod.evaluate(InvokeMethod.java:17)
	at org.junit.internal.runners.statements.RunBefores.evaluate(RunBefores.java:26)
	at org.junit.internal.runners.statements.RunAfters.evaluate(RunAfters.java:27)
	at org.junit.runners.ParentRunner$3.evaluate(ParentRunner.java:306)
	at org.junit.runners.BlockJUnit4ClassRunner$1.evaluate(BlockJUnit4ClassRunner.java:100)
	at org.junit.runners.ParentRunner.runLeaf(ParentRunner.java:366)
	at org.junit.runners.BlockJUnit4ClassRunner.runChild(BlockJUnit4ClassRunner.java:103)
	at org.junit.runners.BlockJUnit4ClassRunner.runChild(BlockJUnit4ClassRunner.java:63)
	at org.junit.runners.ParentRunner$4.run(ParentRunner.java:331)
	at org.junit.runners.ParentRunner$1.schedule(ParentRunner.java:79)
	at org.junit.runners.ParentRunner.runChildren(ParentRunner.java:329)
	at org.junit.runners.ParentRunner.access$100(ParentRunner.java:66)
	at org.junit.runners.ParentRunner$2.evaluate(ParentRunner.java:293)
	at org.junit.runners.ParentRunner$3.evaluate(ParentRunner.java:306)
	at org.junit.runners.ParentRunner.run(ParentRunner.java:413)
	at org.junit.runner.JUnitCore.run(JUnitCore.java:137)
	at org.junit.runner.JUnitCore.run(JUnitCore.java:115)
	at org.junit.vintage.engine.execution.RunnerExecutor.execute(RunnerExecutor.java:43)
	at java.util.stream.ForEachOps$ForEachOp$OfRef.accept(ForEachOps.java:183)
	at java.util.stream.ReferencePipeline$3$1.accept(ReferencePipeline.java:193)
	at java.util.Iterator.forEachRemaining(Iterator.java:116)
	at java.util.Spliterators$IteratorSpliterator.forEachRemaining(Spliterators.java:1801)
	at java.util.stream.AbstractPipeline.copyInto(AbstractPipeline.java:482)
	at java.util.stream.AbstractPipeline.wrapAndCopyInto(AbstractPipeline.java:472)
	at java.util.stream.ForEachOps$ForEachOp.evaluateSequential(ForEachOps.java:150)
	at java.util.stream.ForEachOps$ForEachOp$OfRef.evaluateSequential(ForEachOps.java:173)
	at java.util.stream.AbstractPipeline.evaluate(AbstractPipeline.java:234)
	at java.util.stream.ReferencePipeline.forEach(ReferencePipeline.java:485)
	at org.junit.vintage.engine.VintageTestEngine.executeAllChildren(VintageTestEngine.java:82)
	at org.junit.vintage.engine.VintageTestEngine.execute(VintageTestEngine.java:73)
	at org.junit.platform.launcher.core.EngineExecutionOrchestrator.execute(EngineExecutionOrchestrator.java:108)
	at org.junit.platform.launcher.core.EngineExecutionOrchestrator.execute(EngineExecutionOrchestrator.java:88)
	at org.junit.platform.launcher.core.EngineExecutionOrchestrator.lambda$execute$0(EngineExecutionOrchestrator.java:54)
	at org.junit.platform.launcher.core.EngineExecutionOrchestrator.withInterceptedStreams(EngineExecutionOrchestrator.java:67)
	at org.junit.platform.launcher.core.EngineExecutionOrchestrator.execute(EngineExecutionOrchestrator.java:52)
	at org.junit.platform.launcher.core.DefaultLauncher.execute(DefaultLauncher.java:96)
	at org.junit.platform.launcher.core.DefaultLauncher.execute(DefaultLauncher.java:75)
	at org.apache.maven.surefire.junitplatform.JUnitPlatformProvider.invokeAllTests(JUnitPlatformProvider.java:142)
	at org.apache.maven.surefire.junitplatform.JUnitPlatformProvider.invoke(JUnitPlatformProvider.java:113)
	at org.apache.maven.surefire.booter.ForkedBooter.invokeProviderInSameClassLoader(ForkedBooter.java:384)
	at org.apache.maven.surefire.booter.ForkedBooter.runSuitesInProcess(ForkedBooter.java:345)
	at org.apache.maven.surefire.booter.ForkedBooter.execute(ForkedBooter.java:126)
	at org.apache.maven.surefire.booter.ForkedBooter.main(ForkedBooter.java:418)
Caused by: org.apache.ratis.protocol.exceptions.AlreadyClosedException: SlidingWindow$Client:client-B869EDB19015->RAFT is closed.
	at org.apache.ratis.util.SlidingWindow$Client.alreadyClosed(SlidingWindow.java:378)
	at org.apache.ratis.util.SlidingWindow$Client.fail(SlidingWindow.java:366)
	at org.apache.ratis.client.impl.OrderedAsync.failAllAsyncRequests(OrderedAsync.java:148)
	at org.apache.ratis.client.impl.OrderedAsync.handleAsyncRetryFailure(OrderedAsync.java:152)
	at org.apache.ratis.client.impl.OrderedAsync.lambda$sendRequest$10(OrderedAsync.java:252)
	at java.util.concurrent.CompletableFuture.uniExceptionally(CompletableFuture.java:884)
	at java.util.concurrent.CompletableFuture$UniExceptionally.tryFire(CompletableFuture.java:866)
	at java.util.concurrent.CompletableFuture.postComplete(CompletableFuture.java:488)
	at java.util.concurrent.CompletableFuture.completeExceptionally(CompletableFuture.java:1990)
	at org.apache.ratis.grpc.client.GrpcClientProtocolClient$AsyncStreamObservers.completeReplyExceptionally(GrpcClientProtocolClient.java:388)
	at org.apache.ratis.grpc.client.GrpcClientProtocolClient$AsyncStreamObservers.access$000(GrpcClientProtocolClient.java:294)
	at org.apache.ratis.grpc.client.GrpcClientProtocolClient$AsyncStreamObservers$1.onNext(GrpcClientProtocolClient.java:308)
	at org.apache.ratis.grpc.client.GrpcClientProtocolClient$AsyncStreamObservers$1.onNext(GrpcClientProtocolClient.java:299)
	at org.apache.ratis.thirdparty.io.grpc.stub.ClientCalls$StreamObserverToCallListenerAdapter.onMessage(ClientCalls.java:465)
	at org.apache.ratis.thirdparty.io.grpc.ForwardingClientCallListener.onMessage(ForwardingClientCallListener.java:33)
	at org.apache.ratis.thirdparty.io.grpc.internal.DelayedClientCall$DelayedListener.onMessage(DelayedClientCall.java:447)
	at org.apache.ratis.thirdparty.io.grpc.internal.ClientCallImpl$ClientStreamListenerImpl$1MessagesAvailable.runInternal(ClientCallImpl.java:715)
	at org.apache.ratis.thirdparty.io.grpc.internal.ClientCallImpl$ClientStreamListenerImpl$1MessagesAvailable.runInContext(ClientCallImpl.java:700)
	at org.apache.ratis.thirdparty.io.grpc.internal.ContextRunnable.run(ContextRunnable.java:37)
	at org.apache.ratis.thirdparty.io.grpc.internal.SerializingExecutor.run(SerializingExecutor.java:123)
	at java.util.concurrent.ThreadPoolExecutor.runWorker(ThreadPoolExecutor.java:1149)
	at java.util.concurrent.ThreadPoolExecutor$Worker.run(ThreadPoolExecutor.java:624)
	at java.lang.Thread.run(Thread.java:748)
Caused by: org.apache.ratis.protocol.exceptions.RaftRetryFailureException: Failed RaftClientRequest:client-B869EDB19015->13dc8373-51b3-40e2-8cf0-22ac5417d2f8@group-4777C1971FFE, cid=54, seq=1*, Watch(0), null for 3 attempts with RequestTypeDependentRetryPolicy{WRITE->org.apache.ratis.retry.ExceptionDependentRetry@6bf0052e, WATCH->org.apache.ratis.retry.ExceptionDependentRetry@2adf686e}
	at org.apache.ratis.client.impl.RaftClientImpl.noMoreRetries(RaftClientImpl.java:254)
	... 20 more
Caused by: org.apache.ratis.protocol.exceptions.NotLeaderException: Server 13dc8373-51b3-40e2-8cf0-22ac5417d2f8@group-4777C1971FFE is not the leader
	at org.apache.ratis.client.impl.ClientProtoUtils.toRaftClientReply(ClientProtoUtils.java:368)
	at org.apache.ratis.grpc.client.GrpcClientProtocolClient$AsyncStreamObservers$1.onNext(GrpcClientProtocolClient.java:304)
	... 11 more
</error>
    <system-out><![CDATA[2021-04-26 08:57:12,572 [Listener at 127.0.0.1/41595] WARN  server.ServerUtils (ServerUtils.java:getScmDbDir(148)) - ozone.scm.db.dirs is not configured. We recommend adding this setting. Falling back to ozone.metadata.dirs instead.
2021-04-26 08:57:12,574 [Listener at 127.0.0.1/41595] INFO  ha.SCMHANodeDetails (SCMHANodeDetails.java:loadSCMHAConfig(149)) - ServiceID for StorageContainerManager is null
2021-04-26 08:57:12,574 [Listener at 127.0.0.1/41595] INFO  ha.SCMHANodeDetails (SCMHANodeDetails.java:loadSCMHAConfig(154)) - ozone.scm.default.service.id is not defined, falling back to ozone.scm.service.ids to find serviceID for StorageContainerManager if it is HA enabled cluster
2021-04-26 08:57:12,575 [Listener at 127.0.0.1/41595] WARN  server.ServerUtils (ServerUtils.java:getScmDbDir(148)) - ozone.scm.db.dirs is not configured. We recommend adding this setting. Falling back to ozone.metadata.dirs instead.
2021-04-26 08:57:12,575 [Listener at 127.0.0.1/41595] WARN  utils.HAUtils (HAUtils.java:getMetaDir(329)) - ozone.scm.db.dirs is not configured. We recommend adding this setting. Falling back to ozone.metadata.dirs instead.
2021-04-26 08:57:12,576 [Listener at 127.0.0.1/41595] WARN  db.DBStoreBuilder (DBStoreBuilder.java:applyDBDefinition(145)) - ozone.scm.db.dirs is not configured. We recommend adding this setting. Falling back to ozone.metadata.dirs instead.
2021-04-26 08:57:12,633 [Listener at 127.0.0.1/41595] INFO  net.NodeSchemaLoader (NodeSchemaLoader.java:loadSchemaFromFile(129)) - Loading schema from [jar:file:/home/user/.m2/repository/org/apache/hadoop/hadoop-hdds-common/1.2.0-SNAPSHOT/hadoop-hdds-common-1.2.0-SNAPSHOT.jar!/network-topology-default.xml, jar:file:/home/user/.m2/repository/org/apache/hadoop/hadoop-ozone-ozone-manager/1.2.0-SNAPSHOT/hadoop-ozone-ozone-manager-1.2.0-SNAPSHOT-tests.jar!/network-topology-default.xml, jar:file:/home/user/.m2/repository/org/apache/hadoop/hadoop-hdds-server-scm/1.2.0-SNAPSHOT/hadoop-hdds-server-scm-1.2.0-SNAPSHOT-tests.jar!/network-topology-default.xml]
2021-04-26 08:57:12,633 [Listener at 127.0.0.1/41595] INFO  net.NodeSchemaLoader (NodeSchemaLoader.java:loadSchema(176)) - Loading network topology layer schema file
2021-04-26 08:57:12,637 [Listener at 127.0.0.1/41595] INFO  ha.SequenceIdGenerator (SequenceIdGenerator.java:upgradeToSequenceId(300)) - upgrade localId to 107544261427200000
2021-04-26 08:57:12,637 [Listener at 127.0.0.1/41595] INFO  ha.SequenceIdGenerator (SequenceIdGenerator.java:upgradeToSequenceId(310)) - upgrade delTxnId to 0
2021-04-26 08:57:12,637 [Listener at 127.0.0.1/41595] INFO  ha.SequenceIdGenerator (SequenceIdGenerator.java:upgradeToSequenceId(324)) - upgrade containerId to 0
2021-04-26 08:57:12,637 [Listener at 127.0.0.1/41595] INFO  ha.SequenceIdGenerator (SequenceIdGenerator.java:<init>(196)) - Init the HA SequenceIdGenerator.
2021-04-26 08:57:12,638 [Listener at 127.0.0.1/41595] INFO  node.SCMNodeManager (SCMNodeManager.java:<init>(125)) - Entering startup safe mode.
2021-04-26 08:57:12,638 [Listener at 127.0.0.1/41595] INFO  algorithms.ContainerPlacementPolicyFactory (ContainerPlacementPolicyFactory.java:getPolicy(60)) - Create container placement policy of type org.apache.hadoop.hdds.scm.container.placement.algorithms.SCMContainerPlacementRandom
2021-04-26 08:57:12,639 [Listener at 127.0.0.1/41595] INFO  pipeline.PipelineStateManager (PipelineStateManagerV2Impl.java:initialize(78)) - No pipeline exists in current db
2021-04-26 08:57:12,639 [Listener at 127.0.0.1/41595] INFO  algorithms.LeaderChoosePolicyFactory (LeaderChoosePolicyFactory.java:getPolicy(57)) - Create leader choose policy of type org.apache.hadoop.hdds.scm.pipeline.leader.choose.algorithms.MinLeaderCountChoosePolicy
2021-04-26 08:57:12,639 [Listener at 127.0.0.1/41595] INFO  ha.SCMServiceManager (SCMServiceManager.java:register(43)) - Registering service BackgroundPipelineCreator.
2021-04-26 08:57:12,639 [Listener at 127.0.0.1/41595] INFO  pipeline.BackgroundPipelineCreator (BackgroundPipelineCreatorV2.java:start(130)) - Starting RatisPipelineUtilsThread.
2021-04-26 08:57:12,641 [Listener at 127.0.0.1/41595] INFO  algorithms.PipelineChoosePolicyFactory (PipelineChoosePolicyFactory.java:createPipelineChoosePolicyFromClass(73)) - Create pipeline choose policy of type org.apache.hadoop.hdds.scm.pipeline.choose.algorithms.RandomPipelineChoosePolicy
2021-04-26 08:57:12,641 [Listener at 127.0.0.1/41595] INFO  ha.SCMServiceManager (SCMServiceManager.java:register(43)) - Registering service SCMBlockDeletingService.
2021-04-26 08:57:12,642 [Listener at 127.0.0.1/41595] INFO  ha.SCMServiceManager (SCMServiceManager.java:register(43)) - Registering service ReplicationManager.
2021-04-26 08:57:12,642 [Listener at 127.0.0.1/41595] INFO  container.ReplicationManager (ReplicationManager.java:start(226)) - Starting Replication Monitor Thread.
2021-04-26 08:57:12,643 [Listener at 127.0.0.1/41595] INFO  safemode.HealthyPipelineSafeModeRule (HealthyPipelineSafeModeRule.java:<init>(90)) - Total pipeline count is 0, healthy pipeline threshold count is 0
2021-04-26 08:57:12,643 [Listener at 127.0.0.1/41595] INFO  safemode.OneReplicaPipelineSafeModeRule (OneReplicaPipelineSafeModeRule.java:<init>(86)) - Total pipeline count is 0, pipeline's with at least one datanode reported threshold count is 0
2021-04-26 08:57:12,643 [Listener at 127.0.0.1/41595] INFO  ipc.CallQueueManager (CallQueueManager.java:<init>(85)) - Using callQueue: class java.util.concurrent.LinkedBlockingQueue, queueCapacity: 2000, scheduler: class org.apache.hadoop.ipc.DefaultRpcScheduler, ipcBackoff: false.
2021-04-26 08:57:12,644 [Socket Reader #1 for port 0] INFO  ipc.Server (Server.java:run(1255)) - Starting Socket Reader #1 for port 0
2021-04-26 08:57:12,645 [Listener at 0.0.0.0/45849] INFO  ipc.CallQueueManager (CallQueueManager.java:<init>(85)) - Using callQueue: class java.util.concurrent.LinkedBlockingQueue, queueCapacity: 2000, scheduler: class org.apache.hadoop.ipc.DefaultRpcScheduler, ipcBackoff: false.
2021-04-26 08:57:12,645 [Socket Reader #1 for port 0] INFO  ipc.Server (Server.java:run(1255)) - Starting Socket Reader #1 for port 0
2021-04-26 08:57:12,646 [Listener at 0.0.0.0/42243] INFO  ipc.CallQueueManager (CallQueueManager.java:<init>(85)) - Using callQueue: class java.util.concurrent.LinkedBlockingQueue, queueCapacity: 2000, scheduler: class org.apache.hadoop.ipc.DefaultRpcScheduler, ipcBackoff: false.
2021-04-26 08:57:12,646 [Socket Reader #1 for port 0] INFO  ipc.Server (Server.java:run(1255)) - Starting Socket Reader #1 for port 0
2021-04-26 08:57:12,647 [Listener at 0.0.0.0/40447] INFO  server.StorageContainerManager (StorageContainerManager.java:<init>(406)) - Container Balancer status:
Key                            Value
Running                        false
Container Balancer Configuration values:
Key                            Value
Threshold                      0.100000
Max Datanodes to Balance       5
Max Size to Move               10737418240B

2021-04-26 08:57:12,648 [Listener at 0.0.0.0/40447] WARN  events.EventQueue (EventQueue.java:fireEvent(185)) - No event handler registered for event TypedEvent{payloadType=SafeModeStatus, name='Safe mode status'}
2021-04-26 08:57:12,648 [Listener at 0.0.0.0/40447] INFO  ha.SCMContext (SCMContext.java:updateSafeModeStatus(147)) - Update SafeModeStatus from SafeModeStatus{safeModeStatus=true, preCheckPassed=false} to SafeModeStatus{safeModeStatus=true, preCheckPassed=false}.
2021-04-26 08:57:12,648 [Listener at 0.0.0.0/40447] INFO  server.StorageContainerManager (StorageContainerManager.java:start(1132)) - StorageContainerLocationProtocol RPC server is listening at /0.0.0.0:40447
2021-04-26 08:57:12,649 [Listener at 0.0.0.0/40447] WARN  impl.MetricsConfig (MetricsConfig.java:loadFirst(136)) - Cannot locate configuration: tried hadoop-metrics2-storagecontainermanager.properties,hadoop-metrics2.properties
2021-04-26 08:57:12,654 [ReplicationMonitor] INFO  container.ReplicationManager (ReplicationManager.java:run(290)) - Replication Monitor Thread took 0 milliseconds for processing 0 containers.
2021-04-26 08:57:12,654 [Listener at 0.0.0.0/40447] INFO  impl.MetricsSystemImpl (MetricsSystemImpl.java:startTimer(378)) - Scheduled Metric snapshot period at 10 second(s).
2021-04-26 08:57:12,654 [Listener at 0.0.0.0/40447] INFO  impl.MetricsSystemImpl (MetricsSystemImpl.java:start(191)) - StorageContainerManager metrics system started
2021-04-26 08:57:12,669 [Listener at 0.0.0.0/40447] INFO  impl.MetricsSinkAdapter (MetricsSinkAdapter.java:start(204)) - Sink prometheus started
2021-04-26 08:57:12,670 [Listener at 0.0.0.0/40447] INFO  impl.MetricsSystemImpl (MetricsSystemImpl.java:registerSink(305)) - Registered sink prometheus
2021-04-26 08:57:12,674 [Listener at 0.0.0.0/40447] INFO  server.SCMClientProtocolServer (SCMClientProtocolServer.java:start(157)) - RPC server for Client  is listening at /0.0.0.0:40447
2021-04-26 08:57:12,674 [IPC Server Responder] INFO  ipc.Server (Server.java:run(1497)) - IPC Server Responder: starting
2021-04-26 08:57:12,674 [IPC Server listener on 0] INFO  ipc.Server (Server.java:run(1334)) - IPC Server listener on 0: starting
2021-04-26 08:57:12,684 [Listener at 0.0.0.0/40447] INFO  server.StorageContainerManager (StorageContainerManager.java:start(1146)) - ScmBlockLocationProtocol RPC server is listening at /0.0.0.0:42243
2021-04-26 08:57:12,684 [Listener at 0.0.0.0/40447] INFO  server.SCMBlockProtocolServer (SCMBlockProtocolServer.java:start(149)) - RPC server for Block Protocol is listening at /0.0.0.0:42243
2021-04-26 08:57:12,684 [IPC Server Responder] INFO  ipc.Server (Server.java:run(1497)) - IPC Server Responder: starting
2021-04-26 08:57:12,685 [IPC Server listener on 0] INFO  ipc.Server (Server.java:run(1334)) - IPC Server listener on 0: starting
2021-04-26 08:57:12,691 [Listener at 0.0.0.0/40447] INFO  server.StorageContainerManager (StorageContainerManager.java:start(1152)) - ScmDatanodeProtocl RPC server is listening at /0.0.0.0:45849
2021-04-26 08:57:12,691 [Listener at 0.0.0.0/40447] INFO  server.SCMDatanodeProtocolServer (SCMDatanodeProtocolServer.java:start(174)) - RPC server for DataNodes is listening at /0.0.0.0:45849
2021-04-26 08:57:12,692 [IPC Server Responder] INFO  ipc.Server (Server.java:run(1497)) - IPC Server Responder: starting
2021-04-26 08:57:12,697 [IPC Server listener on 0] INFO  ipc.Server (Server.java:run(1334)) - IPC Server listener on 0: starting
2021-04-26 08:57:12,701 [org.apache.hadoop.util.JvmPauseMonitor$Monitor@5a9488eb] INFO  util.JvmPauseMonitor (JvmPauseMonitor.java:run(188)) - Starting JVM pause monitor
2021-04-26 08:57:12,707 [Listener at 0.0.0.0/40447] INFO  http.BaseHttpServer (BaseHttpServer.java:newHttpServer2BuilderForOzone(207)) - Starting Web-server for scm at: http://0.0.0.0:0
2021-04-26 08:57:12,707 [Listener at 0.0.0.0/40447] INFO  http.BaseHttpServer (BaseHttpServer.java:<init>(106)) - Hadoop Security Enabled: false Ozone Security Enabled: false Ozone HTTP Security Enabled: false 
2021-04-26 08:57:12,708 [Listener at 0.0.0.0/40447] INFO  server.AuthenticationFilter (AuthenticationFilter.java:constructSecretProvider(240)) - Unable to initialize FileSignerSecretProvider, falling back to use random secrets.
2021-04-26 08:57:12,708 [Listener at 0.0.0.0/40447] WARN  http.HttpRequestLog (HttpRequestLog.java:getRequestLog(103)) - Jetty request log can only be enabled using Log4j
2021-04-26 08:57:12,709 [Listener at 0.0.0.0/40447] INFO  http.HttpServer2 (HttpServer2.java:addGlobalFilter(1020)) - Added global filter 'safety' (class=org.apache.hadoop.hdds.server.http.HttpServer2$QuotingInputFilter)
2021-04-26 08:57:12,710 [Listener at 0.0.0.0/40447] INFO  http.HttpServer2 (HttpServer2.java:addFilter(996)) - Added filter static_user_filter (class=org.apache.hadoop.http.lib.StaticUserWebFilter$StaticUserFilter) to context scm
2021-04-26 08:57:12,710 [Listener at 0.0.0.0/40447] INFO  http.HttpServer2 (HttpServer2.java:addFilter(1004)) - Added filter static_user_filter (class=org.apache.hadoop.http.lib.StaticUserWebFilter$StaticUserFilter) to context static
2021-04-26 08:57:12,710 [Listener at 0.0.0.0/40447] INFO  http.HttpServer2 (HttpServer2.java:addFilter(1004)) - Added filter static_user_filter (class=org.apache.hadoop.http.lib.StaticUserWebFilter$StaticUserFilter) to context logs
2021-04-26 08:57:12,711 [Listener at 0.0.0.0/40447] INFO  http.HttpServer2 (HttpServer2.java:bindListener(1238)) - Jetty bound to port 34395
2021-04-26 08:57:12,711 [Listener at 0.0.0.0/40447] INFO  server.Server (Server.java:doStart(375)) - jetty-9.4.35.v20201120; built: 2020-11-20T21:17:03.964Z; git: bdc54f03a5e0a7e280fab27f55c3c75ee8da89fb; jvm 1.8.0_232-b09
2021-04-26 08:57:12,712 [Listener at 0.0.0.0/40447] INFO  server.session (DefaultSessionIdManager.java:doStart(334)) - DefaultSessionIdManager workerName=node0
2021-04-26 08:57:12,712 [Listener at 0.0.0.0/40447] INFO  server.session (DefaultSessionIdManager.java:doStart(339)) - No SessionScavenger set, using defaults
2021-04-26 08:57:12,713 [Listener at 0.0.0.0/40447] INFO  server.session (HouseKeeper.java:startScavenging(132)) - node0 Scavenging every 660000ms
2021-04-26 08:57:12,713 [Listener at 0.0.0.0/40447] INFO  handler.ContextHandler (ContextHandler.java:doStart(916)) - Started o.e.j.s.ServletContextHandler@4392d1ad{logs,/logs,file:///github/workspace/mnt/ozone/hadoop-ozone/integration-test/target/log,AVAILABLE}
2021-04-26 08:57:12,714 [Listener at 0.0.0.0/40447] INFO  handler.ContextHandler (ContextHandler.java:doStart(916)) - Started o.e.j.s.ServletContextHandler@647f789d{static,/static,file:///github/workspace/mnt/ozone/hadoop-ozone/integration-test/target/test-classes/webapps/static,AVAILABLE}
2021-04-26 08:57:12,717 [Listener at 0.0.0.0/40447] INFO  handler.ContextHandler (ContextHandler.java:doStart(916)) - Started o.e.j.w.WebAppContext@1803d8c2{scm,/,file:///github/workspace/mnt/ozone/hadoop-ozone/integration-test/target/test-classes/webapps/scm/,AVAILABLE}{file:/github/workspace/mnt/ozone/hadoop-ozone/integration-test/target/test-classes/webapps/scm}
2021-04-26 08:57:12,719 [Listener at 0.0.0.0/40447] INFO  server.AbstractConnector (AbstractConnector.java:doStart(331)) - Started ServerConnector@4a0afaa4{HTTP/1.1, (http/1.1)}{0.0.0.0:34395}
2021-04-26 08:57:12,719 [Listener at 0.0.0.0/40447] INFO  server.Server (Server.java:doStart(415)) - Started @141712ms
2021-04-26 08:57:12,720 [Listener at 0.0.0.0/40447] WARN  impl.MetricsSystemImpl (MetricsSystemImpl.java:register(279)) - Sink prometheus already exists!
2021-04-26 08:57:12,725 [Listener at 0.0.0.0/40447] INFO  http.BaseHttpServer (BaseHttpServer.java:updateConnectorAddress(327)) - HTTP server of scm listening at http://0.0.0.0:34395
2021-04-26 08:57:12,725 [Listener at 0.0.0.0/40447] WARN  server.ServerUtils (ServerUtils.java:getDBPath(225)) - ozone.om.db.dirs is not configured. We recommend adding this setting. Falling back to ozone.metadata.dirs instead.
2021-04-26 08:57:12,726 [Listener at 0.0.0.0/40447] INFO  ha.OMHANodeDetails (OMHANodeDetails.java:loadOMHAConfig(105)) - ozone.om.internal.service.id is not defined, falling back to ozone.om.service.ids to find serviceID for OzoneManager if it is HA enabled cluster
2021-04-26 08:57:12,727 [Listener at 0.0.0.0/40447] INFO  ha.OMHANodeDetails (OMHANodeDetails.java:loadOMHAConfig(212)) - Configuration does not have ozone.om.address set. Falling back to the default OM address /127.0.0.1:0
2021-04-26 08:57:12,727 [Listener at 0.0.0.0/40447] INFO  ha.OMHANodeDetails (OMHANodeDetails.java:getOMNodeDetails(240)) - OM Service ID is not set. Setting it to the default ID: omServiceIdDefault
2021-04-26 08:57:12,727 [Listener at 0.0.0.0/40447] INFO  ha.OMHANodeDetails (OMHANodeDetails.java:getOMNodeDetails(247)) - OM Node ID is not set. Setting it to the default ID: om1
2021-04-26 08:57:12,727 [Listener at 0.0.0.0/40447] WARN  server.ServerUtils (ServerUtils.java:getDBPath(225)) - ozone.om.db.dirs is not configured. We recommend adding this setting. Falling back to ozone.metadata.dirs instead.
2021-04-26 08:57:12,727 [Listener at 0.0.0.0/40447] WARN  server.ServerUtils (ServerUtils.java:getDBPath(225)) - ozone.om.db.dirs is not configured. We recommend adding this setting. Falling back to ozone.metadata.dirs instead.
2021-04-26 08:57:12,735 [Listener at 0.0.0.0/40447] WARN  server.ServerUtils (ServerUtils.java:getDBPath(225)) - ozone.om.db.dirs is not configured. We recommend adding this setting. Falling back to ozone.metadata.dirs instead.
2021-04-26 08:57:12,736 [Listener at 0.0.0.0/40447] INFO  codec.OmKeyInfoCodec (OmKeyInfoCodec.java:<init>(43)) - OmKeyInfoCodec ignorePipeline = true
2021-04-26 08:57:12,736 [Listener at 0.0.0.0/40447] INFO  codec.RepeatedOmKeyInfoCodec (RepeatedOmKeyInfoCodec.java:<init>(42)) - RepeatedOmKeyInfoCodec ignorePipeline = true
2021-04-26 08:57:12,794 [Listener at 0.0.0.0/40447] INFO  om.OzoneManager (OzoneManager.java:addS3GVolumeToDB(3722)) - Created Volume s3v With Owner jenkins1001 required for S3Gateway operations.
2021-04-26 08:57:12,794 [Listener at 0.0.0.0/40447] WARN  server.ServerUtils (ServerUtils.java:getDefaultRatisDirectory(237)) - Storage directory for Ratis is not configured. It is a good idea to map this to an SSD disk. Falling back to ozone.metadata.dirs
2021-04-26 08:57:12,795 [Listener at 0.0.0.0/40447] WARN  ratis.OzoneManagerRatisServer (OzoneManagerRatisServer.java:getOMRatisSnapshotDirectory(634)) - ozone.om.ratis.snapshot.dir is not configured. Falling back to ozone.metadata.dirs config
2021-04-26 08:57:12,795 [Listener at 0.0.0.0/40447] WARN  server.ServerUtils (ServerUtils.java:getDefaultRatisDirectory(237)) - Storage directory for Ratis is not configured. It is a good idea to map this to an SSD disk. Falling back to ozone.metadata.dirs
2021-04-26 08:57:12,796 [Listener at 0.0.0.0/40447] INFO  ratis.OzoneManagerRatisServer (OzoneManagerRatisServer.java:<init>(288)) - Instantiating OM Ratis server with GroupID: omServiceIdDefault and Raft Peers: localhost:9872
2021-04-26 08:57:12,796 [Listener at 0.0.0.0/40447] INFO  ratis.OzoneManagerStateMachine (OzoneManagerStateMachine.java:loadSnapshotInfoFromDB(520)) - LastAppliedIndex is set from TransactionInfo from OM DB as (t:0, i:~)
2021-04-26 08:57:12,797 [Listener at 0.0.0.0/40447] INFO  server.RaftServer (ConfUtils.java:logGet(44)) - raft.rpc.type = GRPC (default)
2021-04-26 08:57:12,797 [Listener at 0.0.0.0/40447] INFO  grpc.GrpcFactory (GrpcFactory.java:checkPooledByteBufAllocatorUseCacheForAllThreads(48)) - PERFORMANCE WARNING: useCacheForAllThreads is true that may cause Netty to create a lot garbage objects and, as a result, trigger GC.
	It is recommended to disable useCacheForAllThreads by setting -Dorg.apache.ratis.thirdparty.io.netty.allocator.useCacheForAllThreads=false in command line.
2021-04-26 08:57:12,797 [Listener at 0.0.0.0/40447] INFO  grpc.GrpcConfigKeys (ConfUtils.java:logGet(44)) - raft.grpc.admin.port = -1 (default)
2021-04-26 08:57:12,797 [Listener at 0.0.0.0/40447] INFO  grpc.GrpcConfigKeys (ConfUtils.java:logGet(44)) - raft.grpc.server.port = 9872 (custom)
2021-04-26 08:57:12,797 [Listener at 0.0.0.0/40447] INFO  grpc.GrpcConfigKeys (ConfUtils.java:logGet(44)) - raft.grpc.client.port = -1 (default)
2021-04-26 08:57:12,797 [Listener at 0.0.0.0/40447] INFO  grpc.GrpcConfigKeys (ConfUtils.java:logGet(44)) - raft.grpc.server.port = 9872 (custom)
2021-04-26 08:57:12,798 [Listener at 0.0.0.0/40447] INFO  grpc.GrpcConfigKeys (ConfUtils.java:logGet(44)) - raft.grpc.server.port = 9872 (custom)
2021-04-26 08:57:12,798 [Listener at 0.0.0.0/40447] INFO  server.GrpcService (ConfUtils.java:logGet(44)) - raft.grpc.message.size.max = 33554432 (custom)
2021-04-26 08:57:12,798 [Listener at 0.0.0.0/40447] INFO  server.RaftServerConfigKeys (ConfUtils.java:logGet(44)) - raft.server.log.appender.buffer.byte-limit = 33554432 (custom)
2021-04-26 08:57:12,798 [Listener at 0.0.0.0/40447] INFO  server.GrpcService (ConfUtils.java:logGet(44)) - raft.grpc.flow.control.window = 1MB (=1048576) (default)
2021-04-26 08:57:12,798 [Listener at 0.0.0.0/40447] INFO  server.RaftServerConfigKeys (ConfUtils.java:logGet(44)) - raft.server.rpc.request.timeout = 3000ms (default)
2021-04-26 08:57:12,799 [Listener at 0.0.0.0/40447] INFO  impl.DataStreamServerImpl (ConfUtils.java:logGet(44)) - raft.datastream.type = DISABLED (default)
2021-04-26 08:57:12,799 [Listener at 0.0.0.0/40447] INFO  server.RaftServerConfigKeys (ConfUtils.java:logGet(44)) - raft.server.rpc.slowness.timeout = 120s (custom)
2021-04-26 08:57:12,800 [Listener at 0.0.0.0/40447] INFO  server.RaftServerConfigKeys (ConfUtils.java:logGet(44)) - raft.server.leaderelection.leader.step-down.wait-time = 10s (default)
2021-04-26 08:57:12,800 [Listener at 0.0.0.0/40447] INFO  server.RaftServerConfigKeys (ConfUtils.java:logGet(44)) - raft.server.storage.dir = [/github/workspace/mnt/ozone/hadoop-ozone/integration-test/target/test-dir/MiniOzoneClusterImpl-80072cdf-ce72-42fa-91c0-6b866cc407f5/ozone-meta/ratis] (custom)
2021-04-26 08:57:12,800 [Listener at 0.0.0.0/40447] INFO  server.RaftServer (RaftServerProxy.java:addNew(95)) - om1: addNew group-C5BA1605619E:[om1|rpc:localhost:9872|priority:0] returns group-C5BA1605619E:java.util.concurrent.CompletableFuture@1bfdd7a4[Not completed]
2021-04-26 08:57:12,800 [pool-423-thread-1] INFO  server.RaftServer$Division (RaftServerImpl.java:<init>(180)) - om1: new RaftServerImpl for group-C5BA1605619E:[om1|rpc:localhost:9872|priority:0] with OzoneManagerStateMachine:uninitialized
2021-04-26 08:57:12,800 [Listener at 0.0.0.0/40447] INFO  om.OzoneManager (OzoneManager.java:initializeRatisServer(1294)) - OzoneManager Ratis server initialized at port 9872
2021-04-26 08:57:12,801 [Listener at 0.0.0.0/40447] INFO  ipc.CallQueueManager (CallQueueManager.java:<init>(85)) - Using callQueue: class java.util.concurrent.LinkedBlockingQueue, queueCapacity: 2000, scheduler: class org.apache.hadoop.ipc.DefaultRpcScheduler, ipcBackoff: false.
2021-04-26 08:57:12,802 [Socket Reader #1 for port 0] INFO  ipc.Server (Server.java:run(1255)) - Starting Socket Reader #1 for port 0
2021-04-26 08:57:12,805 [pool-423-thread-1] INFO  server.RaftServerConfigKeys (ConfUtils.java:logGet(44)) - raft.server.rpc.timeout.min = 1s (custom)
2021-04-26 08:57:12,806 [pool-423-thread-1] INFO  server.RaftServerConfigKeys (ConfUtils.java:logGet(44)) - raft.server.rpc.timeout.max = 1200ms (custom)
2021-04-26 08:57:12,806 [pool-423-thread-1] INFO  server.RaftServerConfigKeys (ConfUtils.java:logGet(44)) - raft.server.rpc.sleep.time = 25ms (default)
2021-04-26 08:57:12,806 [pool-423-thread-1] INFO  server.RaftServerConfigKeys (ConfUtils.java:logGet(44)) - raft.server.rpc.slowness.timeout = 120s (custom)
2021-04-26 08:57:12,806 [pool-423-thread-1] INFO  server.RaftServerConfigKeys (ConfUtils.java:logGet(44)) - raft.server.leaderelection.leader.step-down.wait-time = 10s (default)
2021-04-26 08:57:12,806 [pool-423-thread-1] INFO  server.RaftServerConfigKeys (ConfUtils.java:logGet(44)) - raft.server.sleep.deviation.threshold = 300ms (default)
2021-04-26 08:57:12,806 [pool-423-thread-1] INFO  server.RaftServerConfigKeys (ConfUtils.java:logGet(44)) - raft.server.log.appender.install.snapshot.enabled = false (custom)
2021-04-26 08:57:12,806 [pool-423-thread-1] INFO  server.RaftServer$Division (ServerState.java:<init>(105)) - om1@group-C5BA1605619E: ConfigurationManager, init=-1: [om1|rpc:localhost:9872|priority:0], old=null, confs=<EMPTY_MAP>
2021-04-26 08:57:12,806 [pool-423-thread-1] INFO  server.RaftServerConfigKeys (ConfUtils.java:logGet(44)) - raft.server.storage.dir = [/github/workspace/mnt/ozone/hadoop-ozone/integration-test/target/test-dir/MiniOzoneClusterImpl-80072cdf-ce72-42fa-91c0-6b866cc407f5/ozone-meta/ratis] (custom)
2021-04-26 08:57:12,806 [pool-423-thread-1] INFO  server.RaftServerConfigKeys (ConfUtils.java:logGet(44)) - raft.server.log.corruption.policy = EXCEPTION (default)
2021-04-26 08:57:12,806 [pool-423-thread-1] INFO  storage.RaftStorageDirectory (RaftStorageDirectoryImpl.java:analyzeStorage(132)) - The storage directory /github/workspace/mnt/ozone/hadoop-ozone/integration-test/target/test-dir/MiniOzoneClusterImpl-80072cdf-ce72-42fa-91c0-6b866cc407f5/ozone-meta/ratis/bf265839-605b-3f16-9796-c5ba1605619e does not exist. Creating ...
2021-04-26 08:57:12,809 [pool-423-thread-1] INFO  storage.RaftStorageDirectory (RaftStorageDirectoryImpl.java:tryLock(215)) - Lock on /github/workspace/mnt/ozone/hadoop-ozone/integration-test/target/test-dir/MiniOzoneClusterImpl-80072cdf-ce72-42fa-91c0-6b866cc407f5/ozone-meta/ratis/bf265839-605b-3f16-9796-c5ba1605619e/in_use.lock acquired by nodename 21061@ffee826fe4eb
2021-04-26 08:57:12,810 [pool-423-thread-1] INFO  storage.RaftStorage (RaftStorageImpl.java:format(87)) - Storage directory /github/workspace/mnt/ozone/hadoop-ozone/integration-test/target/test-dir/MiniOzoneClusterImpl-80072cdf-ce72-42fa-91c0-6b866cc407f5/ozone-meta/ratis/bf265839-605b-3f16-9796-c5ba1605619e has been successfully formatted.
2021-04-26 08:57:12,810 [pool-423-thread-1] INFO  server.RaftServerConfigKeys (ConfUtils.java:logGet(44)) - raft.server.notification.no-leader.timeout = 120s (custom)
2021-04-26 08:57:12,810 [pool-423-thread-1] INFO  server.RaftServerConfigKeys (ConfUtils.java:logGet(44)) - raft.server.log.use.memory = false (default)
2021-04-26 08:57:12,811 [pool-423-thread-1] INFO  server.RaftServerConfigKeys (ConfUtils.java:logGet(44)) - raft.server.log.purge.gap = 1000000 (custom)
2021-04-26 08:57:12,811 [pool-423-thread-1] INFO  server.RaftServerConfigKeys (ConfUtils.java:logGet(44)) - raft.server.log.appender.buffer.byte-limit = 33554432 (custom)
2021-04-26 08:57:12,811 [pool-423-thread-1] INFO  metrics.RatisMetrics (RatisMetrics.java:lambda$create$0(36)) - Creating Metrics Registry : ratis.log_worker.om1@group-C5BA1605619E
2021-04-26 08:57:12,811 [pool-423-thread-1] INFO  server.RaftServerConfigKeys (ConfUtils.java:logGet(44)) - raft.server.log.segment.size.max = 4194304 (custom)
2021-04-26 08:57:12,812 [pool-423-thread-1] INFO  server.RaftServerConfigKeys (ConfUtils.java:logGet(44)) - raft.server.log.segment.cache.num.max = 2 (custom)
2021-04-26 08:57:12,812 [pool-423-thread-1] INFO  server.RaftServerConfigKeys (ConfUtils.java:logGet(44)) - raft.server.log.segment.cache.size.max = 200MB (=209715200) (default)
2021-04-26 08:57:12,812 [pool-423-thread-1] INFO  segmented.SegmentedRaftLogWorker (SegmentedRaftLogWorker.java:<init>(182)) - new om1@group-C5BA1605619E-SegmentedRaftLogWorker for RaftStorageImpl:Storage Directory /github/workspace/mnt/ozone/hadoop-ozone/integration-test/target/test-dir/MiniOzoneClusterImpl-80072cdf-ce72-42fa-91c0-6b866cc407f5/ozone-meta/ratis/bf265839-605b-3f16-9796-c5ba1605619e
2021-04-26 08:57:12,812 [pool-423-thread-1] INFO  server.RaftServerConfigKeys (ConfUtils.java:logGet(44)) - raft.server.log.queue.byte-limit = 64MB (=67108864) (default)
2021-04-26 08:57:12,812 [pool-423-thread-1] INFO  server.RaftServerConfigKeys (ConfUtils.java:logGet(44)) - raft.server.log.queue.element-limit = 4096 (default)
2021-04-26 08:57:12,812 [pool-423-thread-1] INFO  server.RaftServerConfigKeys (ConfUtils.java:logGet(44)) - raft.server.log.segment.size.max = 4194304 (custom)
2021-04-26 08:57:12,812 [pool-423-thread-1] INFO  server.RaftServerConfigKeys (ConfUtils.java:logGet(44)) - raft.server.log.preallocated.size = 4194304 (custom)
2021-04-26 08:57:12,812 [pool-423-thread-1] INFO  server.RaftServerConfigKeys (ConfUtils.java:logGet(44)) - raft.server.log.force.sync.num = 128 (default)
2021-04-26 08:57:12,812 [pool-423-thread-1] INFO  server.RaftServerConfigKeys (ConfUtils.java:logGet(44)) - raft.server.log.statemachine.data.sync = true (default)
2021-04-26 08:57:12,812 [pool-423-thread-1] INFO  server.RaftServerConfigKeys (ConfUtils.java:logGet(44)) - raft.server.log.statemachine.data.sync.timeout = 10s (default)
2021-04-26 08:57:12,812 [pool-423-thread-1] INFO  server.RaftServerConfigKeys (ConfUtils.java:logGet(44)) - raft.server.log.statemachine.data.sync.timeout.retry = -1 (default)
2021-04-26 08:57:12,813 [pool-423-thread-1] INFO  server.RaftServerConfigKeys (ConfUtils.java:logGet(44)) - raft.server.log.write.buffer.size = 64KB (=65536) (default)
2021-04-26 08:57:12,813 [pool-423-thread-1] INFO  server.RaftServerConfigKeys (ConfUtils.java:logGet(44)) - raft.server.log.statemachine.data.caching.enabled = false (default)
2021-04-26 08:57:12,813 [pool-423-thread-1] INFO  segmented.SegmentedRaftLogWorker (SegmentedRaftLogWorker.java:lambda$new$0(133)) - om1@group-C5BA1605619E-SegmentedRaftLogWorker: flushIndex: setUnconditionally 0 -> -1
2021-04-26 08:57:12,814 [pool-423-thread-1] INFO  segmented.SegmentedRaftLogWorker (SegmentedRaftLogWorker.java:lambda$new$0(133)) - om1@group-C5BA1605619E-SegmentedRaftLogWorker: safeCacheEvictIndex: setUnconditionally 0 -> -1
2021-04-26 08:57:12,814 [pool-423-thread-1] INFO  server.RaftServerConfigKeys (ConfUtils.java:logGet(44)) - raft.server.snapshot.auto.trigger.enabled = true (custom)
2021-04-26 08:57:12,814 [pool-423-thread-1] INFO  server.RaftServerConfigKeys (ConfUtils.java:logGet(44)) - raft.server.snapshot.auto.trigger.threshold = 400000 (default)
2021-04-26 08:57:12,814 [pool-423-thread-1] INFO  server.RaftServerConfigKeys (ConfUtils.java:logGet(44)) - raft.server.snapshot.retention.file.num = -1 (default)
2021-04-26 08:57:12,814 [pool-423-thread-1] INFO  server.RaftServerConfigKeys (ConfUtils.java:logGet(44)) - raft.server.log.purge.upto.snapshot.index = true (custom)
2021-04-26 08:57:12,814 [pool-423-thread-1] INFO  server.RaftServerConfigKeys (ConfUtils.java:logGet(44)) - raft.server.retrycache.expirytime = 300s (custom)
2021-04-26 08:57:12,814 [pool-423-thread-1] INFO  server.RaftServerConfigKeys (ConfUtils.java:logGet(44)) - raft.server.retrycache.statistics.expirytime = 100?s (default)
2021-04-26 08:57:12,814 [pool-423-thread-1] INFO  metrics.RatisMetrics (RatisMetrics.java:lambda$create$0(36)) - Creating Metrics Registry : ratis.leader_election.om1@group-C5BA1605619E
2021-04-26 08:57:12,815 [pool-423-thread-1] INFO  metrics.RatisMetrics (RatisMetrics.java:lambda$create$0(36)) - Creating Metrics Registry : ratis.server.om1@group-C5BA1605619E
2021-04-26 08:57:12,825 [Listener at 127.0.0.1/35725] INFO  impl.MetricsSystemImpl (MetricsSystemImpl.java:init(158)) - OzoneManager metrics system started (again)
2021-04-26 08:57:12,826 [Listener at 127.0.0.1/35725] INFO  om.OzoneManager (OzoneManager.java:start(1104)) - OzoneManager RPC server is listening at localhost/127.0.0.1:35725
2021-04-26 08:57:12,826 [Listener at 127.0.0.1/35725] INFO  ratis.OzoneManagerRatisServer (OzoneManagerRatisServer.java:start(388)) - Starting OzoneManagerRatisServer om1 at port 9872
2021-04-26 08:57:12,826 [Listener at 127.0.0.1/35725] INFO  server.RaftServer$Division (RaftServerImpl.java:start(295)) - om1@group-C5BA1605619E: start as a follower, conf=-1: [om1|rpc:localhost:9872|priority:0], old=null
2021-04-26 08:57:12,826 [Listener at 127.0.0.1/35725] INFO  server.RaftServer$Division (RaftServerImpl.java:setRole(284)) - om1@group-C5BA1605619E: changes role from      null to FOLLOWER at term 0 for startAsFollower
2021-04-26 08:57:12,826 [Listener at 127.0.0.1/35725] INFO  impl.RoleInfo (RoleInfo.java:updateAndGet(130)) - om1: start om1@group-C5BA1605619E-FollowerState
2021-04-26 08:57:12,827 [Listener at 127.0.0.1/35725] INFO  util.JmxRegister (JmxRegister.java:tryRegister(44)) - Successfully registered JMX Bean with object name Ratis:service=RaftServer,group=group-C5BA1605619E,id=om1
2021-04-26 08:57:12,827 [Listener at 127.0.0.1/35725] INFO  metrics.RatisMetrics (RatisMetrics.java:lambda$create$0(36)) - Creating Metrics Registry : ratis.state_machine.om1@group-C5BA1605619E
2021-04-26 08:57:12,828 [Listener at 127.0.0.1/35725] INFO  server.RaftServer (RaftServerProxy.java:lambda$start$5(374)) - om1: start RPC server
2021-04-26 08:57:12,828 [Listener at 127.0.0.1/35725] INFO  server.GrpcService (GrpcService.java:startImpl(253)) - om1: GrpcService started, listening on 9872
2021-04-26 08:57:12,829 [org.apache.ratis.util.JvmPauseMonitor$$Lambda$504/221029289@5d7d454b] INFO  util.JvmPauseMonitor (JvmPauseMonitor.java:run(103)) - JvmPauseMonitor-om1: Started
2021-04-26 08:57:12,836 [Listener at 127.0.0.1/35725] INFO  http.BaseHttpServer (BaseHttpServer.java:newHttpServer2BuilderForOzone(207)) - Starting Web-server for ozoneManager at: http://0.0.0.0:0
2021-04-26 08:57:12,836 [Listener at 127.0.0.1/35725] INFO  http.BaseHttpServer (BaseHttpServer.java:<init>(106)) - Hadoop Security Enabled: false Ozone Security Enabled: false Ozone HTTP Security Enabled: false 
2021-04-26 08:57:12,837 [Listener at 127.0.0.1/35725] INFO  server.AuthenticationFilter (AuthenticationFilter.java:constructSecretProvider(240)) - Unable to initialize FileSignerSecretProvider, falling back to use random secrets.
2021-04-26 08:57:12,837 [Listener at 127.0.0.1/35725] WARN  http.HttpRequestLog (HttpRequestLog.java:getRequestLog(103)) - Jetty request log can only be enabled using Log4j
2021-04-26 08:57:12,838 [Listener at 127.0.0.1/35725] INFO  http.HttpServer2 (HttpServer2.java:addGlobalFilter(1020)) - Added global filter 'safety' (class=org.apache.hadoop.hdds.server.http.HttpServer2$QuotingInputFilter)
2021-04-26 08:57:12,839 [Listener at 127.0.0.1/35725] INFO  http.HttpServer2 (HttpServer2.java:addFilter(996)) - Added filter static_user_filter (class=org.apache.hadoop.http.lib.StaticUserWebFilter$StaticUserFilter) to context ozoneManager
2021-04-26 08:57:12,839 [Listener at 127.0.0.1/35725] INFO  http.HttpServer2 (HttpServer2.java:addFilter(1004)) - Added filter static_user_filter (class=org.apache.hadoop.http.lib.StaticUserWebFilter$StaticUserFilter) to context logs
2021-04-26 08:57:12,839 [Listener at 127.0.0.1/35725] INFO  http.HttpServer2 (HttpServer2.java:addFilter(1004)) - Added filter static_user_filter (class=org.apache.hadoop.http.lib.StaticUserWebFilter$StaticUserFilter) to context static
2021-04-26 08:57:12,840 [Listener at 127.0.0.1/35725] INFO  http.HttpServer2 (HttpServer2.java:bindListener(1238)) - Jetty bound to port 46395
2021-04-26 08:57:12,840 [Listener at 127.0.0.1/35725] INFO  server.Server (Server.java:doStart(375)) - jetty-9.4.35.v20201120; built: 2020-11-20T21:17:03.964Z; git: bdc54f03a5e0a7e280fab27f55c3c75ee8da89fb; jvm 1.8.0_232-b09
2021-04-26 08:57:12,842 [Listener at 127.0.0.1/35725] INFO  server.session (DefaultSessionIdManager.java:doStart(334)) - DefaultSessionIdManager workerName=node0
2021-04-26 08:57:12,842 [Listener at 127.0.0.1/35725] INFO  server.session (DefaultSessionIdManager.java:doStart(339)) - No SessionScavenger set, using defaults
2021-04-26 08:57:12,842 [Listener at 127.0.0.1/35725] INFO  server.session (HouseKeeper.java:startScavenging(132)) - node0 Scavenging every 660000ms
2021-04-26 08:57:12,843 [Listener at 127.0.0.1/35725] INFO  handler.ContextHandler (ContextHandler.java:doStart(916)) - Started o.e.j.s.ServletContextHandler@56961786{logs,/logs,file:///github/workspace/mnt/ozone/hadoop-ozone/integration-test/target/log,AVAILABLE}
2021-04-26 08:57:12,843 [Listener at 127.0.0.1/35725] INFO  handler.ContextHandler (ContextHandler.java:doStart(916)) - Started o.e.j.s.ServletContextHandler@6397fa6e{static,/static,file:///github/workspace/mnt/ozone/hadoop-ozone/integration-test/target/test-classes/webapps/static,AVAILABLE}
2021-04-26 08:57:12,846 [Listener at 127.0.0.1/35725] INFO  handler.ContextHandler (ContextHandler.java:doStart(916)) - Started o.e.j.w.WebAppContext@42404d83{ozoneManager,/,file:///github/workspace/mnt/ozone/hadoop-ozone/integration-test/target/test-classes/webapps/ozoneManager/,AVAILABLE}{file:/github/workspace/mnt/ozone/hadoop-ozone/integration-test/target/test-classes/webapps/ozoneManager}
2021-04-26 08:57:12,847 [Listener at 127.0.0.1/35725] INFO  server.AbstractConnector (AbstractConnector.java:doStart(331)) - Started ServerConnector@3f2930e9{HTTP/1.1, (http/1.1)}{0.0.0.0:46395}
2021-04-26 08:57:12,847 [Listener at 127.0.0.1/35725] INFO  server.Server (Server.java:doStart(415)) - Started @141840ms
2021-04-26 08:57:12,847 [Listener at 127.0.0.1/35725] WARN  impl.MetricsSystemImpl (MetricsSystemImpl.java:register(279)) - Sink prometheus already exists!
2021-04-26 08:57:12,851 [Listener at 127.0.0.1/35725] INFO  http.BaseHttpServer (BaseHttpServer.java:updateConnectorAddress(327)) - HTTP server of ozoneManager listening at http://0.0.0.0:46395
2021-04-26 08:57:12,852 [IPC Server Responder] INFO  ipc.Server (Server.java:run(1497)) - IPC Server Responder: starting
2021-04-26 08:57:12,852 [IPC Server listener on 0] INFO  ipc.Server (Server.java:run(1334)) - IPC Server listener on 0: starting
2021-04-26 08:57:12,855 [Listener at 127.0.0.1/35725] INFO  om.OzoneManager (OzoneManager.java:startTrashEmptier(1234)) - Trash Interval set to 0. Files deleted will not move to trash
2021-04-26 08:57:12,866 [org.apache.hadoop.util.JvmPauseMonitor$Monitor@1b124b4c] INFO  util.JvmPauseMonitor (JvmPauseMonitor.java:run(188)) - Starting JVM pause monitor
2021-04-26 08:57:12,886 [Listener at 127.0.0.1/35725] INFO  impl.MetricsSystemImpl (MetricsSystemImpl.java:init(158)) - HddsDatanode metrics system started (again)
2021-04-26 08:57:12,887 [Listener at 127.0.0.1/35725] INFO  ozone.HddsDatanodeService (HddsDatanodeService.java:start(217)) - HddsDatanodeService host:ffee826fe4eb ip:172.17.0.2
2021-04-26 08:57:12,891 [Listener at 127.0.0.1/35725] INFO  volume.HddsVolume (HddsVolume.java:<init>(176)) - Creating Volume: /github/workspace/mnt/ozone/hadoop-ozone/integration-test/target/test-dir/MiniOzoneClusterImpl-80072cdf-ce72-42fa-91c0-6b866cc407f5/datanode-0/data-0/containers/hdds of storage type : DISK and capacity : 9223372036854775807
2021-04-26 08:57:12,892 [Listener at 127.0.0.1/35725] INFO  volume.MutableVolumeSet (MutableVolumeSet.java:initializeVolumeSet(191)) - Added Volume : /github/workspace/mnt/ozone/hadoop-ozone/integration-test/target/test-dir/MiniOzoneClusterImpl-80072cdf-ce72-42fa-91c0-6b866cc407f5/datanode-0/data-0/containers/hdds to VolumeSet
2021-04-26 08:57:12,892 [Listener at 127.0.0.1/35725] INFO  volume.ThrottledAsyncChecker (ThrottledAsyncChecker.java:schedule(141)) - Scheduling a check for /github/workspace/mnt/ozone/hadoop-ozone/integration-test/target/test-dir/MiniOzoneClusterImpl-80072cdf-ce72-42fa-91c0-6b866cc407f5/datanode-0/data-0/containers/hdds
2021-04-26 08:57:12,892 [Listener at 127.0.0.1/35725] INFO  volume.HddsVolumeChecker (HddsVolumeChecker.java:checkAllVolumes(200)) - Scheduled health check for volume /github/workspace/mnt/ozone/hadoop-ozone/integration-test/target/test-dir/MiniOzoneClusterImpl-80072cdf-ce72-42fa-91c0-6b866cc407f5/datanode-0/data-0/containers/hdds
2021-04-26 08:57:12,906 [Listener at 127.0.0.1/35725] INFO  ozoneimpl.ContainerReader (ContainerReader.java:<init>(98)) - Running in upgrade mode:true
2021-04-26 08:57:12,906 [Thread-1237] INFO  ozoneimpl.ContainerReader (ContainerReader.java:readVolume(142)) - Start to verify containers on volume /github/workspace/mnt/ozone/hadoop-ozone/integration-test/target/test-dir/MiniOzoneClusterImpl-80072cdf-ce72-42fa-91c0-6b866cc407f5/datanode-0/data-0/containers/hdds
2021-04-26 08:57:12,907 [Thread-1237] INFO  ozoneimpl.ContainerReader (ContainerReader.java:readVolume(174)) - Finish verifying containers on volume /github/workspace/mnt/ozone/hadoop-ozone/integration-test/target/test-dir/MiniOzoneClusterImpl-80072cdf-ce72-42fa-91c0-6b866cc407f5/datanode-0/data-0/containers/hdds
2021-04-26 08:57:12,907 [Listener at 127.0.0.1/35725] INFO  ozoneimpl.OzoneContainer (OzoneContainer.java:buildContainerSet(225)) - Build ContainerSet costs 0s
2021-04-26 08:57:12,908 [Listener at 127.0.0.1/35725] INFO  server.RaftServer (ConfUtils.java:logGet(44)) - raft.rpc.type = GRPC (default)
2021-04-26 08:57:12,908 [Listener at 127.0.0.1/35725] INFO  grpc.GrpcFactory (GrpcFactory.java:checkPooledByteBufAllocatorUseCacheForAllThreads(48)) - PERFORMANCE WARNING: useCacheForAllThreads is true that may cause Netty to create a lot garbage objects and, as a result, trigger GC.
	It is recommended to disable useCacheForAllThreads by setting -Dorg.apache.ratis.thirdparty.io.netty.allocator.useCacheForAllThreads=false in command line.
2021-04-26 08:57:12,908 [Listener at 127.0.0.1/35725] INFO  grpc.GrpcConfigKeys (ConfUtils.java:logGet(44)) - raft.grpc.admin.port = 0 (custom)
2021-04-26 08:57:12,909 [Listener at 127.0.0.1/35725] INFO  grpc.GrpcConfigKeys (ConfUtils.java:logGet(44)) - raft.grpc.client.port = 0 (custom)
2021-04-26 08:57:12,909 [Listener at 127.0.0.1/35725] INFO  grpc.GrpcConfigKeys (ConfUtils.java:logGet(44)) - raft.grpc.server.port = 0 (default)
2021-04-26 08:57:12,909 [Listener at 127.0.0.1/35725] INFO  server.GrpcService (ConfUtils.java:logGet(44)) - raft.grpc.message.size.max = 32MB (=33554432) (custom)
2021-04-26 08:57:12,909 [Listener at 127.0.0.1/35725] INFO  server.RaftServerConfigKeys (ConfUtils.java:logGet(44)) - raft.server.log.appender.buffer.byte-limit = 33554432 (custom)
2021-04-26 08:57:12,909 [Listener at 127.0.0.1/35725] INFO  server.GrpcService (ConfUtils.java:logGet(44)) - raft.grpc.flow.control.window = 5MB (=5242880) (custom)
2021-04-26 08:57:12,909 [Listener at 127.0.0.1/35725] INFO  server.RaftServerConfigKeys (ConfUtils.java:logGet(44)) - raft.server.rpc.request.timeout = 3000ms (default)
2021-04-26 08:57:12,910 [Listener at 127.0.0.1/35725] INFO  impl.DataStreamServerImpl (ConfUtils.java:logGet(44)) - raft.datastream.type = DISABLED (default)
2021-04-26 08:57:12,911 [Listener at 127.0.0.1/35725] INFO  server.RaftServerConfigKeys (ConfUtils.java:logGet(44)) - raft.server.rpc.slowness.timeout = 300000ms (custom)
2021-04-26 08:57:12,911 [Listener at 127.0.0.1/35725] INFO  server.RaftServerConfigKeys (ConfUtils.java:logGet(44)) - raft.server.leaderelection.leader.step-down.wait-time = 10s (default)
2021-04-26 08:57:12,911 [Listener at 127.0.0.1/35725] INFO  server.RaftServerConfigKeys (ConfUtils.java:logGet(44)) - raft.server.storage.dir = [/github/workspace/mnt/ozone/hadoop-ozone/integration-test/target/test-dir/MiniOzoneClusterImpl-80072cdf-ce72-42fa-91c0-6b866cc407f5/datanode-0/data/ratis] (custom)
2021-04-26 08:57:12,918 [Listener at 127.0.0.1/35725] INFO  http.BaseHttpServer (BaseHttpServer.java:newHttpServer2BuilderForOzone(207)) - Starting Web-server for hddsDatanode at: http://0.0.0.0:0
2021-04-26 08:57:12,918 [Listener at 127.0.0.1/35725] INFO  http.BaseHttpServer (BaseHttpServer.java:<init>(106)) - Hadoop Security Enabled: false Ozone Security Enabled: false Ozone HTTP Security Enabled: false 
2021-04-26 08:57:12,919 [Listener at 127.0.0.1/35725] INFO  server.AuthenticationFilter (AuthenticationFilter.java:constructSecretProvider(240)) - Unable to initialize FileSignerSecretProvider, falling back to use random secrets.
2021-04-26 08:57:12,920 [Listener at 127.0.0.1/35725] WARN  http.HttpRequestLog (HttpRequestLog.java:getRequestLog(103)) - Jetty request log can only be enabled using Log4j
2021-04-26 08:57:12,920 [Listener at 127.0.0.1/35725] INFO  http.HttpServer2 (HttpServer2.java:addGlobalFilter(1020)) - Added global filter 'safety' (class=org.apache.hadoop.hdds.server.http.HttpServer2$QuotingInputFilter)
2021-04-26 08:57:12,921 [Listener at 127.0.0.1/35725] INFO  http.HttpServer2 (HttpServer2.java:addFilter(996)) - Added filter static_user_filter (class=org.apache.hadoop.http.lib.StaticUserWebFilter$StaticUserFilter) to context hddsDatanode
2021-04-26 08:57:12,921 [Listener at 127.0.0.1/35725] INFO  http.HttpServer2 (HttpServer2.java:addFilter(1004)) - Added filter static_user_filter (class=org.apache.hadoop.http.lib.StaticUserWebFilter$StaticUserFilter) to context logs
2021-04-26 08:57:12,921 [Listener at 127.0.0.1/35725] INFO  http.HttpServer2 (HttpServer2.java:addFilter(1004)) - Added filter static_user_filter (class=org.apache.hadoop.http.lib.StaticUserWebFilter$StaticUserFilter) to context static
2021-04-26 08:57:12,922 [Listener at 127.0.0.1/35725] INFO  http.HttpServer2 (HttpServer2.java:bindListener(1238)) - Jetty bound to port 44423
2021-04-26 08:57:12,922 [Listener at 127.0.0.1/35725] INFO  server.Server (Server.java:doStart(375)) - jetty-9.4.35.v20201120; built: 2020-11-20T21:17:03.964Z; git: bdc54f03a5e0a7e280fab27f55c3c75ee8da89fb; jvm 1.8.0_232-b09
2021-04-26 08:57:12,923 [Listener at 127.0.0.1/35725] INFO  server.session (DefaultSessionIdManager.java:doStart(334)) - DefaultSessionIdManager workerName=node0
2021-04-26 08:57:12,924 [Listener at 127.0.0.1/35725] INFO  server.session (DefaultSessionIdManager.java:doStart(339)) - No SessionScavenger set, using defaults
2021-04-26 08:57:12,924 [Listener at 127.0.0.1/35725] INFO  server.session (HouseKeeper.java:startScavenging(132)) - node0 Scavenging every 660000ms
2021-04-26 08:57:12,925 [Listener at 127.0.0.1/35725] INFO  handler.ContextHandler (ContextHandler.java:doStart(916)) - Started o.e.j.s.ServletContextHandler@3cf2ec22{logs,/logs,file:///github/workspace/mnt/ozone/hadoop-ozone/integration-test/target/log,AVAILABLE}
2021-04-26 08:57:12,925 [Listener at 127.0.0.1/35725] INFO  handler.ContextHandler (ContextHandler.java:doStart(916)) - Started o.e.j.s.ServletContextHandler@9ec7b1{static,/static,jar:file:/home/user/.m2/repository/org/apache/hadoop/hadoop-hdds-container-service/1.2.0-SNAPSHOT/hadoop-hdds-container-service-1.2.0-SNAPSHOT.jar!/webapps/static,AVAILABLE}
2021-04-26 08:57:13,086 [Listener at 127.0.0.1/35725] INFO  handler.ContextHandler (ContextHandler.java:doStart(916)) - Started o.e.j.w.WebAppContext@24fa2e1{hddsDatanode,/,file:///tmp/jetty-0_0_0_0-44423-hadoop-hdds-container-service-1_2_0-SNAPSHOT_jar-_-any-8363854806648629892/webapp/,AVAILABLE}{jar:file:/home/user/.m2/repository/org/apache/hadoop/hadoop-hdds-container-service/1.2.0-SNAPSHOT/hadoop-hdds-container-service-1.2.0-SNAPSHOT.jar!/webapps/hddsDatanode}
2021-04-26 08:57:13,088 [Listener at 127.0.0.1/35725] INFO  server.AbstractConnector (AbstractConnector.java:doStart(331)) - Started ServerConnector@26599412{HTTP/1.1, (http/1.1)}{0.0.0.0:44423}
2021-04-26 08:57:13,088 [Listener at 127.0.0.1/35725] INFO  server.Server (Server.java:doStart(415)) - Started @142080ms
2021-04-26 08:57:13,088 [Listener at 127.0.0.1/35725] WARN  impl.MetricsSystemImpl (MetricsSystemImpl.java:register(279)) - Sink prometheus already exists!
2021-04-26 08:57:13,092 [Listener at 127.0.0.1/35725] INFO  http.BaseHttpServer (BaseHttpServer.java:updateConnectorAddress(327)) - HTTP server of hddsDatanode listening at http://0.0.0.0:44423
2021-04-26 08:57:13,093 [Listener at 127.0.0.1/35725] INFO  impl.MetricsSystemImpl (MetricsSystemImpl.java:init(158)) - HddsDatanode metrics system started (again)
2021-04-26 08:57:13,095 [org.apache.hadoop.util.JvmPauseMonitor$Monitor@5024c28d] INFO  util.JvmPauseMonitor (JvmPauseMonitor.java:run(188)) - Starting JVM pause monitor
2021-04-26 08:57:13,095 [Listener at 127.0.0.1/35725] INFO  ozone.HddsDatanodeService (HddsDatanodeService.java:start(217)) - HddsDatanodeService host:ffee826fe4eb ip:172.17.0.2
2021-04-26 08:57:13,097 [Listener at 127.0.0.1/35725] INFO  volume.HddsVolume (HddsVolume.java:<init>(176)) - Creating Volume: /github/workspace/mnt/ozone/hadoop-ozone/integration-test/target/test-dir/MiniOzoneClusterImpl-80072cdf-ce72-42fa-91c0-6b866cc407f5/datanode-1/data-0/containers/hdds of storage type : DISK and capacity : 9223372036854775807
2021-04-26 08:57:13,098 [Listener at 127.0.0.1/35725] INFO  volume.MutableVolumeSet (MutableVolumeSet.java:initializeVolumeSet(191)) - Added Volume : /github/workspace/mnt/ozone/hadoop-ozone/integration-test/target/test-dir/MiniOzoneClusterImpl-80072cdf-ce72-42fa-91c0-6b866cc407f5/datanode-1/data-0/containers/hdds to VolumeSet
2021-04-26 08:57:13,098 [Listener at 127.0.0.1/35725] INFO  volume.ThrottledAsyncChecker (ThrottledAsyncChecker.java:schedule(141)) - Scheduling a check for /github/workspace/mnt/ozone/hadoop-ozone/integration-test/target/test-dir/MiniOzoneClusterImpl-80072cdf-ce72-42fa-91c0-6b866cc407f5/datanode-1/data-0/containers/hdds
2021-04-26 08:57:13,101 [Listener at 127.0.0.1/35725] INFO  volume.HddsVolumeChecker (HddsVolumeChecker.java:checkAllVolumes(200)) - Scheduled health check for volume /github/workspace/mnt/ozone/hadoop-ozone/integration-test/target/test-dir/MiniOzoneClusterImpl-80072cdf-ce72-42fa-91c0-6b866cc407f5/datanode-1/data-0/containers/hdds
2021-04-26 08:57:13,106 [Datanode State Machine Task Thread - 0] INFO  datanode.InitDatanodeState (InitDatanodeState.java:persistContainerDatanodeDetails(145)) - DatanodeDetails is persisted to /github/workspace/mnt/ozone/hadoop-ozone/integration-test/target/test-dir/MiniOzoneClusterImpl-80072cdf-ce72-42fa-91c0-6b866cc407f5/datanode-0/meta/datanode.id
2021-04-26 08:57:13,113 [Listener at 127.0.0.1/35725] INFO  ozoneimpl.ContainerReader (ContainerReader.java:<init>(98)) - Running in upgrade mode:true
2021-04-26 08:57:13,114 [Thread-1248] INFO  ozoneimpl.ContainerReader (ContainerReader.java:readVolume(142)) - Start to verify containers on volume /github/workspace/mnt/ozone/hadoop-ozone/integration-test/target/test-dir/MiniOzoneClusterImpl-80072cdf-ce72-42fa-91c0-6b866cc407f5/datanode-1/data-0/containers/hdds
2021-04-26 08:57:13,114 [Thread-1248] INFO  ozoneimpl.ContainerReader (ContainerReader.java:readVolume(174)) - Finish verifying containers on volume /github/workspace/mnt/ozone/hadoop-ozone/integration-test/target/test-dir/MiniOzoneClusterImpl-80072cdf-ce72-42fa-91c0-6b866cc407f5/datanode-1/data-0/containers/hdds
2021-04-26 08:57:13,114 [Listener at 127.0.0.1/35725] INFO  ozoneimpl.OzoneContainer (OzoneContainer.java:buildContainerSet(225)) - Build ContainerSet costs 0s
2021-04-26 08:57:13,116 [Listener at 127.0.0.1/35725] INFO  server.RaftServer (ConfUtils.java:logGet(44)) - raft.rpc.type = GRPC (default)
2021-04-26 08:57:13,116 [Listener at 127.0.0.1/35725] INFO  grpc.GrpcFactory (GrpcFactory.java:checkPooledByteBufAllocatorUseCacheForAllThreads(48)) - PERFORMANCE WARNING: useCacheForAllThreads is true that may cause Netty to create a lot garbage objects and, as a result, trigger GC.
	It is recommended to disable useCacheForAllThreads by setting -Dorg.apache.ratis.thirdparty.io.netty.allocator.useCacheForAllThreads=false in command line.
2021-04-26 08:57:13,116 [Listener at 127.0.0.1/35725] INFO  grpc.GrpcConfigKeys (ConfUtils.java:logGet(44)) - raft.grpc.admin.port = 0 (custom)
2021-04-26 08:57:13,117 [Listener at 127.0.0.1/35725] INFO  grpc.GrpcConfigKeys (ConfUtils.java:logGet(44)) - raft.grpc.client.port = 0 (custom)
2021-04-26 08:57:13,117 [Listener at 127.0.0.1/35725] INFO  grpc.GrpcConfigKeys (ConfUtils.java:logGet(44)) - raft.grpc.server.port = 0 (default)
2021-04-26 08:57:13,117 [Listener at 127.0.0.1/35725] INFO  server.GrpcService (ConfUtils.java:logGet(44)) - raft.grpc.message.size.max = 32MB (=33554432) (custom)
2021-04-26 08:57:13,117 [Listener at 127.0.0.1/35725] INFO  server.RaftServerConfigKeys (ConfUtils.java:logGet(44)) - raft.server.log.appender.buffer.byte-limit = 33554432 (custom)
2021-04-26 08:57:13,117 [Listener at 127.0.0.1/35725] INFO  server.GrpcService (ConfUtils.java:logGet(44)) - raft.grpc.flow.control.window = 5MB (=5242880) (custom)
2021-04-26 08:57:13,117 [Listener at 127.0.0.1/35725] INFO  server.RaftServerConfigKeys (ConfUtils.java:logGet(44)) - raft.server.rpc.request.timeout = 3000ms (default)
2021-04-26 08:57:13,119 [Listener at 127.0.0.1/35725] INFO  impl.DataStreamServerImpl (ConfUtils.java:logGet(44)) - raft.datastream.type = DISABLED (default)
2021-04-26 08:57:13,119 [Listener at 127.0.0.1/35725] INFO  server.RaftServerConfigKeys (ConfUtils.java:logGet(44)) - raft.server.rpc.slowness.timeout = 300000ms (custom)
2021-04-26 08:57:13,119 [Listener at 127.0.0.1/35725] INFO  server.RaftServerConfigKeys (ConfUtils.java:logGet(44)) - raft.server.leaderelection.leader.step-down.wait-time = 10s (default)
2021-04-26 08:57:13,119 [Listener at 127.0.0.1/35725] INFO  server.RaftServerConfigKeys (ConfUtils.java:logGet(44)) - raft.server.storage.dir = [/github/workspace/mnt/ozone/hadoop-ozone/integration-test/target/test-dir/MiniOzoneClusterImpl-80072cdf-ce72-42fa-91c0-6b866cc407f5/datanode-1/data/ratis] (custom)
2021-04-26 08:57:13,125 [Listener at 127.0.0.1/35725] INFO  http.BaseHttpServer (BaseHttpServer.java:newHttpServer2BuilderForOzone(207)) - Starting Web-server for hddsDatanode at: http://0.0.0.0:0
2021-04-26 08:57:13,125 [Listener at 127.0.0.1/35725] INFO  http.BaseHttpServer (BaseHttpServer.java:<init>(106)) - Hadoop Security Enabled: false Ozone Security Enabled: false Ozone HTTP Security Enabled: false 
2021-04-26 08:57:13,126 [Listener at 127.0.0.1/35725] INFO  server.AuthenticationFilter (AuthenticationFilter.java:constructSecretProvider(240)) - Unable to initialize FileSignerSecretProvider, falling back to use random secrets.
2021-04-26 08:57:13,126 [Listener at 127.0.0.1/35725] WARN  http.HttpRequestLog (HttpRequestLog.java:getRequestLog(103)) - Jetty request log can only be enabled using Log4j
2021-04-26 08:57:13,127 [Listener at 127.0.0.1/35725] INFO  http.HttpServer2 (HttpServer2.java:addGlobalFilter(1020)) - Added global filter 'safety' (class=org.apache.hadoop.hdds.server.http.HttpServer2$QuotingInputFilter)
2021-04-26 08:57:13,128 [Listener at 127.0.0.1/35725] INFO  http.HttpServer2 (HttpServer2.java:addFilter(996)) - Added filter static_user_filter (class=org.apache.hadoop.http.lib.StaticUserWebFilter$StaticUserFilter) to context hddsDatanode
2021-04-26 08:57:13,128 [Listener at 127.0.0.1/35725] INFO  http.HttpServer2 (HttpServer2.java:addFilter(1004)) - Added filter static_user_filter (class=org.apache.hadoop.http.lib.StaticUserWebFilter$StaticUserFilter) to context static
2021-04-26 08:57:13,128 [Listener at 127.0.0.1/35725] INFO  http.HttpServer2 (HttpServer2.java:addFilter(1004)) - Added filter static_user_filter (class=org.apache.hadoop.http.lib.StaticUserWebFilter$StaticUserFilter) to context logs
2021-04-26 08:57:13,128 [Listener at 127.0.0.1/35725] INFO  http.HttpServer2 (HttpServer2.java:bindListener(1238)) - Jetty bound to port 39593
2021-04-26 08:57:13,128 [Listener at 127.0.0.1/35725] INFO  server.Server (Server.java:doStart(375)) - jetty-9.4.35.v20201120; built: 2020-11-20T21:17:03.964Z; git: bdc54f03a5e0a7e280fab27f55c3c75ee8da89fb; jvm 1.8.0_232-b09
2021-04-26 08:57:13,130 [Listener at 127.0.0.1/35725] INFO  server.session (DefaultSessionIdManager.java:doStart(334)) - DefaultSessionIdManager workerName=node0
2021-04-26 08:57:13,130 [Listener at 127.0.0.1/35725] INFO  server.session (DefaultSessionIdManager.java:doStart(339)) - No SessionScavenger set, using defaults
2021-04-26 08:57:13,130 [Listener at 127.0.0.1/35725] INFO  server.session (HouseKeeper.java:startScavenging(132)) - node0 Scavenging every 660000ms
2021-04-26 08:57:13,131 [Listener at 127.0.0.1/35725] INFO  handler.ContextHandler (ContextHandler.java:doStart(916)) - Started o.e.j.s.ServletContextHandler@37cf8e35{logs,/logs,file:///github/workspace/mnt/ozone/hadoop-ozone/integration-test/target/log,AVAILABLE}
2021-04-26 08:57:13,131 [Listener at 127.0.0.1/35725] INFO  handler.ContextHandler (ContextHandler.java:doStart(916)) - Started o.e.j.s.ServletContextHandler@699f5e36{static,/static,jar:file:/home/user/.m2/repository/org/apache/hadoop/hadoop-hdds-container-service/1.2.0-SNAPSHOT/hadoop-hdds-container-service-1.2.0-SNAPSHOT.jar!/webapps/static,AVAILABLE}
2021-04-26 08:57:13,285 [Listener at 127.0.0.1/35725] INFO  handler.ContextHandler (ContextHandler.java:doStart(916)) - Started o.e.j.w.WebAppContext@3a23241e{hddsDatanode,/,file:///tmp/jetty-0_0_0_0-39593-hadoop-hdds-container-service-1_2_0-SNAPSHOT_jar-_-any-2688686264140132758/webapp/,AVAILABLE}{jar:file:/home/user/.m2/repository/org/apache/hadoop/hadoop-hdds-container-service/1.2.0-SNAPSHOT/hadoop-hdds-container-service-1.2.0-SNAPSHOT.jar!/webapps/hddsDatanode}
2021-04-26 08:57:13,286 [Listener at 127.0.0.1/35725] INFO  server.AbstractConnector (AbstractConnector.java:doStart(331)) - Started ServerConnector@57594b{HTTP/1.1, (http/1.1)}{0.0.0.0:39593}
2021-04-26 08:57:13,287 [Listener at 127.0.0.1/35725] INFO  server.Server (Server.java:doStart(415)) - Started @142279ms
2021-04-26 08:57:13,287 [Listener at 127.0.0.1/35725] WARN  impl.MetricsSystemImpl (MetricsSystemImpl.java:register(279)) - Sink prometheus already exists!
2021-04-26 08:57:13,291 [Listener at 127.0.0.1/35725] INFO  http.BaseHttpServer (BaseHttpServer.java:updateConnectorAddress(327)) - HTTP server of hddsDatanode listening at http://0.0.0.0:39593
2021-04-26 08:57:13,293 [Listener at 127.0.0.1/35725] INFO  impl.MetricsSystemImpl (MetricsSystemImpl.java:init(158)) - HddsDatanode metrics system started (again)
2021-04-26 08:57:13,295 [Listener at 127.0.0.1/35725] INFO  ozone.HddsDatanodeService (HddsDatanodeService.java:start(217)) - HddsDatanodeService host:ffee826fe4eb ip:172.17.0.2
2021-04-26 08:57:13,298 [Listener at 127.0.0.1/35725] INFO  volume.HddsVolume (HddsVolume.java:<init>(176)) - Creating Volume: /github/workspace/mnt/ozone/hadoop-ozone/integration-test/target/test-dir/MiniOzoneClusterImpl-80072cdf-ce72-42fa-91c0-6b866cc407f5/datanode-2/data-0/containers/hdds of storage type : DISK and capacity : 9223372036854775807
2021-04-26 08:57:13,298 [Listener at 127.0.0.1/35725] INFO  volume.MutableVolumeSet (MutableVolumeSet.java:initializeVolumeSet(191)) - Added Volume : /github/workspace/mnt/ozone/hadoop-ozone/integration-test/target/test-dir/MiniOzoneClusterImpl-80072cdf-ce72-42fa-91c0-6b866cc407f5/datanode-2/data-0/containers/hdds to VolumeSet
2021-04-26 08:57:13,298 [Listener at 127.0.0.1/35725] INFO  volume.ThrottledAsyncChecker (ThrottledAsyncChecker.java:schedule(141)) - Scheduling a check for /github/workspace/mnt/ozone/hadoop-ozone/integration-test/target/test-dir/MiniOzoneClusterImpl-80072cdf-ce72-42fa-91c0-6b866cc407f5/datanode-2/data-0/containers/hdds
2021-04-26 08:57:13,299 [Listener at 127.0.0.1/35725] INFO  volume.HddsVolumeChecker (HddsVolumeChecker.java:checkAllVolumes(200)) - Scheduled health check for volume /github/workspace/mnt/ozone/hadoop-ozone/integration-test/target/test-dir/MiniOzoneClusterImpl-80072cdf-ce72-42fa-91c0-6b866cc407f5/datanode-2/data-0/containers/hdds
2021-04-26 08:57:13,307 [org.apache.hadoop.util.JvmPauseMonitor$Monitor@6ad9f41b] INFO  util.JvmPauseMonitor (JvmPauseMonitor.java:run(188)) - Starting JVM pause monitor
2021-04-26 08:57:13,310 [Datanode State Machine Task Thread - 0] INFO  datanode.InitDatanodeState (InitDatanodeState.java:persistContainerDatanodeDetails(145)) - DatanodeDetails is persisted to /github/workspace/mnt/ozone/hadoop-ozone/integration-test/target/test-dir/MiniOzoneClusterImpl-80072cdf-ce72-42fa-91c0-6b866cc407f5/datanode-1/meta/datanode.id
2021-04-26 08:57:13,312 [Listener at 127.0.0.1/35725] INFO  ozoneimpl.ContainerReader (ContainerReader.java:<init>(98)) - Running in upgrade mode:true
2021-04-26 08:57:13,312 [Thread-1259] INFO  ozoneimpl.ContainerReader (ContainerReader.java:readVolume(142)) - Start to verify containers on volume /github/workspace/mnt/ozone/hadoop-ozone/integration-test/target/test-dir/MiniOzoneClusterImpl-80072cdf-ce72-42fa-91c0-6b866cc407f5/datanode-2/data-0/containers/hdds
2021-04-26 08:57:13,312 [Thread-1259] INFO  ozoneimpl.ContainerReader (ContainerReader.java:readVolume(174)) - Finish verifying containers on volume /github/workspace/mnt/ozone/hadoop-ozone/integration-test/target/test-dir/MiniOzoneClusterImpl-80072cdf-ce72-42fa-91c0-6b866cc407f5/datanode-2/data-0/containers/hdds
2021-04-26 08:57:13,312 [Listener at 127.0.0.1/35725] INFO  ozoneimpl.OzoneContainer (OzoneContainer.java:buildContainerSet(225)) - Build ContainerSet costs 0s
2021-04-26 08:57:13,314 [Listener at 127.0.0.1/35725] INFO  server.RaftServer (ConfUtils.java:logGet(44)) - raft.rpc.type = GRPC (default)
2021-04-26 08:57:13,314 [Listener at 127.0.0.1/35725] INFO  grpc.GrpcFactory (GrpcFactory.java:checkPooledByteBufAllocatorUseCacheForAllThreads(48)) - PERFORMANCE WARNING: useCacheForAllThreads is true that may cause Netty to create a lot garbage objects and, as a result, trigger GC.
	It is recommended to disable useCacheForAllThreads by setting -Dorg.apache.ratis.thirdparty.io.netty.allocator.useCacheForAllThreads=false in command line.
2021-04-26 08:57:13,314 [Listener at 127.0.0.1/35725] INFO  grpc.GrpcConfigKeys (ConfUtils.java:logGet(44)) - raft.grpc.admin.port = 0 (custom)
2021-04-26 08:57:13,314 [Listener at 127.0.0.1/35725] INFO  grpc.GrpcConfigKeys (ConfUtils.java:logGet(44)) - raft.grpc.client.port = 0 (custom)
2021-04-26 08:57:13,314 [Listener at 127.0.0.1/35725] INFO  grpc.GrpcConfigKeys (ConfUtils.java:logGet(44)) - raft.grpc.server.port = 0 (default)
2021-04-26 08:57:13,315 [Listener at 127.0.0.1/35725] INFO  server.GrpcService (ConfUtils.java:logGet(44)) - raft.grpc.message.size.max = 32MB (=33554432) (custom)
2021-04-26 08:57:13,315 [Listener at 127.0.0.1/35725] INFO  server.RaftServerConfigKeys (ConfUtils.java:logGet(44)) - raft.server.log.appender.buffer.byte-limit = 33554432 (custom)
2021-04-26 08:57:13,315 [Listener at 127.0.0.1/35725] INFO  server.GrpcService (ConfUtils.java:logGet(44)) - raft.grpc.flow.control.window = 5MB (=5242880) (custom)
2021-04-26 08:57:13,315 [Listener at 127.0.0.1/35725] INFO  server.RaftServerConfigKeys (ConfUtils.java:logGet(44)) - raft.server.rpc.request.timeout = 3000ms (default)
2021-04-26 08:57:13,316 [Listener at 127.0.0.1/35725] INFO  impl.DataStreamServerImpl (ConfUtils.java:logGet(44)) - raft.datastream.type = DISABLED (default)
2021-04-26 08:57:13,316 [Listener at 127.0.0.1/35725] INFO  server.RaftServerConfigKeys (ConfUtils.java:logGet(44)) - raft.server.rpc.slowness.timeout = 300000ms (custom)
2021-04-26 08:57:13,316 [Listener at 127.0.0.1/35725] INFO  server.RaftServerConfigKeys (ConfUtils.java:logGet(44)) - raft.server.leaderelection.leader.step-down.wait-time = 10s (default)
2021-04-26 08:57:13,318 [Listener at 127.0.0.1/35725] INFO  server.RaftServerConfigKeys (ConfUtils.java:logGet(44)) - raft.server.storage.dir = [/github/workspace/mnt/ozone/hadoop-ozone/integration-test/target/test-dir/MiniOzoneClusterImpl-80072cdf-ce72-42fa-91c0-6b866cc407f5/datanode-2/data/ratis] (custom)
2021-04-26 08:57:13,323 [Listener at 127.0.0.1/35725] INFO  http.BaseHttpServer (BaseHttpServer.java:newHttpServer2BuilderForOzone(207)) - Starting Web-server for hddsDatanode at: http://0.0.0.0:0
2021-04-26 08:57:13,323 [Listener at 127.0.0.1/35725] INFO  http.BaseHttpServer (BaseHttpServer.java:<init>(106)) - Hadoop Security Enabled: false Ozone Security Enabled: false Ozone HTTP Security Enabled: false 
2021-04-26 08:57:13,324 [Listener at 127.0.0.1/35725] INFO  server.AuthenticationFilter (AuthenticationFilter.java:constructSecretProvider(240)) - Unable to initialize FileSignerSecretProvider, falling back to use random secrets.
2021-04-26 08:57:13,325 [Listener at 127.0.0.1/35725] WARN  http.HttpRequestLog (HttpRequestLog.java:getRequestLog(103)) - Jetty request log can only be enabled using Log4j
2021-04-26 08:57:13,325 [Listener at 127.0.0.1/35725] INFO  http.HttpServer2 (HttpServer2.java:addGlobalFilter(1020)) - Added global filter 'safety' (class=org.apache.hadoop.hdds.server.http.HttpServer2$QuotingInputFilter)
2021-04-26 08:57:13,326 [Listener at 127.0.0.1/35725] INFO  http.HttpServer2 (HttpServer2.java:addFilter(996)) - Added filter static_user_filter (class=org.apache.hadoop.http.lib.StaticUserWebFilter$StaticUserFilter) to context hddsDatanode
2021-04-26 08:57:13,326 [Listener at 127.0.0.1/35725] INFO  http.HttpServer2 (HttpServer2.java:addFilter(1004)) - Added filter static_user_filter (class=org.apache.hadoop.http.lib.StaticUserWebFilter$StaticUserFilter) to context logs
2021-04-26 08:57:13,326 [Listener at 127.0.0.1/35725] INFO  http.HttpServer2 (HttpServer2.java:addFilter(1004)) - Added filter static_user_filter (class=org.apache.hadoop.http.lib.StaticUserWebFilter$StaticUserFilter) to context static
2021-04-26 08:57:13,327 [Listener at 127.0.0.1/35725] INFO  http.HttpServer2 (HttpServer2.java:bindListener(1238)) - Jetty bound to port 34303
2021-04-26 08:57:13,327 [Listener at 127.0.0.1/35725] INFO  server.Server (Server.java:doStart(375)) - jetty-9.4.35.v20201120; built: 2020-11-20T21:17:03.964Z; git: bdc54f03a5e0a7e280fab27f55c3c75ee8da89fb; jvm 1.8.0_232-b09
2021-04-26 08:57:13,329 [Listener at 127.0.0.1/35725] INFO  server.session (DefaultSessionIdManager.java:doStart(334)) - DefaultSessionIdManager workerName=node0
2021-04-26 08:57:13,329 [Listener at 127.0.0.1/35725] INFO  server.session (DefaultSessionIdManager.java:doStart(339)) - No SessionScavenger set, using defaults
2021-04-26 08:57:13,330 [Listener at 127.0.0.1/35725] INFO  server.session (HouseKeeper.java:startScavenging(132)) - node0 Scavenging every 660000ms
2021-04-26 08:57:13,330 [Listener at 127.0.0.1/35725] INFO  handler.ContextHandler (ContextHandler.java:doStart(916)) - Started o.e.j.s.ServletContextHandler@27df0864{logs,/logs,file:///github/workspace/mnt/ozone/hadoop-ozone/integration-test/target/log,AVAILABLE}
2021-04-26 08:57:13,331 [Listener at 127.0.0.1/35725] INFO  handler.ContextHandler (ContextHandler.java:doStart(916)) - Started o.e.j.s.ServletContextHandler@61b85463{static,/static,jar:file:/home/user/.m2/repository/org/apache/hadoop/hadoop-hdds-container-service/1.2.0-SNAPSHOT/hadoop-hdds-container-service-1.2.0-SNAPSHOT.jar!/webapps/static,AVAILABLE}
2021-04-26 08:57:13,482 [Listener at 127.0.0.1/35725] INFO  handler.ContextHandler (ContextHandler.java:doStart(916)) - Started o.e.j.w.WebAppContext@5a405b0f{hddsDatanode,/,file:///tmp/jetty-0_0_0_0-34303-hadoop-hdds-container-service-1_2_0-SNAPSHOT_jar-_-any-6711845182732577538/webapp/,AVAILABLE}{jar:file:/home/user/.m2/repository/org/apache/hadoop/hadoop-hdds-container-service/1.2.0-SNAPSHOT/hadoop-hdds-container-service-1.2.0-SNAPSHOT.jar!/webapps/hddsDatanode}
2021-04-26 08:57:13,484 [Listener at 127.0.0.1/35725] INFO  server.AbstractConnector (AbstractConnector.java:doStart(331)) - Started ServerConnector@3809b1e6{HTTP/1.1, (http/1.1)}{0.0.0.0:34303}
2021-04-26 08:57:13,484 [Listener at 127.0.0.1/35725] INFO  server.Server (Server.java:doStart(415)) - Started @142476ms
2021-04-26 08:57:13,484 [Listener at 127.0.0.1/35725] WARN  impl.MetricsSystemImpl (MetricsSystemImpl.java:register(279)) - Sink prometheus already exists!
2021-04-26 08:57:13,489 [Listener at 127.0.0.1/35725] INFO  http.BaseHttpServer (BaseHttpServer.java:updateConnectorAddress(327)) - HTTP server of hddsDatanode listening at http://0.0.0.0:34303
2021-04-26 08:57:13,494 [Listener at 127.0.0.1/35725] INFO  impl.MetricsSystemImpl (MetricsSystemImpl.java:init(158)) - HddsDatanode metrics system started (again)
2021-04-26 08:57:13,495 [Listener at 127.0.0.1/35725] INFO  ozone.HddsDatanodeService (HddsDatanodeService.java:start(217)) - HddsDatanodeService host:ffee826fe4eb ip:172.17.0.2
2021-04-26 08:57:13,497 [Listener at 127.0.0.1/35725] INFO  volume.HddsVolume (HddsVolume.java:<init>(176)) - Creating Volume: /github/workspace/mnt/ozone/hadoop-ozone/integration-test/target/test-dir/MiniOzoneClusterImpl-80072cdf-ce72-42fa-91c0-6b866cc407f5/datanode-3/data-0/containers/hdds of storage type : DISK and capacity : 9223372036854775807
2021-04-26 08:57:13,497 [Listener at 127.0.0.1/35725] INFO  volume.MutableVolumeSet (MutableVolumeSet.java:initializeVolumeSet(191)) - Added Volume : /github/workspace/mnt/ozone/hadoop-ozone/integration-test/target/test-dir/MiniOzoneClusterImpl-80072cdf-ce72-42fa-91c0-6b866cc407f5/datanode-3/data-0/containers/hdds to VolumeSet
2021-04-26 08:57:13,497 [Listener at 127.0.0.1/35725] INFO  volume.ThrottledAsyncChecker (ThrottledAsyncChecker.java:schedule(141)) - Scheduling a check for /github/workspace/mnt/ozone/hadoop-ozone/integration-test/target/test-dir/MiniOzoneClusterImpl-80072cdf-ce72-42fa-91c0-6b866cc407f5/datanode-3/data-0/containers/hdds
2021-04-26 08:57:13,501 [Listener at 127.0.0.1/35725] INFO  volume.HddsVolumeChecker (HddsVolumeChecker.java:checkAllVolumes(200)) - Scheduled health check for volume /github/workspace/mnt/ozone/hadoop-ozone/integration-test/target/test-dir/MiniOzoneClusterImpl-80072cdf-ce72-42fa-91c0-6b866cc407f5/datanode-3/data-0/containers/hdds
2021-04-26 08:57:13,501 [org.apache.hadoop.util.JvmPauseMonitor$Monitor@91dc5c4] INFO  util.JvmPauseMonitor (JvmPauseMonitor.java:run(188)) - Starting JVM pause monitor
2021-04-26 08:57:13,512 [Datanode State Machine Task Thread - 0] INFO  datanode.InitDatanodeState (InitDatanodeState.java:persistContainerDatanodeDetails(145)) - DatanodeDetails is persisted to /github/workspace/mnt/ozone/hadoop-ozone/integration-test/target/test-dir/MiniOzoneClusterImpl-80072cdf-ce72-42fa-91c0-6b866cc407f5/datanode-2/meta/datanode.id
2021-04-26 08:57:13,515 [Listener at 127.0.0.1/35725] INFO  ozoneimpl.ContainerReader (ContainerReader.java:<init>(98)) - Running in upgrade mode:true
2021-04-26 08:57:13,515 [Thread-1270] INFO  ozoneimpl.ContainerReader (ContainerReader.java:readVolume(142)) - Start to verify containers on volume /github/workspace/mnt/ozone/hadoop-ozone/integration-test/target/test-dir/MiniOzoneClusterImpl-80072cdf-ce72-42fa-91c0-6b866cc407f5/datanode-3/data-0/containers/hdds
2021-04-26 08:57:13,515 [Thread-1270] INFO  ozoneimpl.ContainerReader (ContainerReader.java:readVolume(174)) - Finish verifying containers on volume /github/workspace/mnt/ozone/hadoop-ozone/integration-test/target/test-dir/MiniOzoneClusterImpl-80072cdf-ce72-42fa-91c0-6b866cc407f5/datanode-3/data-0/containers/hdds
2021-04-26 08:57:13,515 [Listener at 127.0.0.1/35725] INFO  ozoneimpl.OzoneContainer (OzoneContainer.java:buildContainerSet(225)) - Build ContainerSet costs 0s
2021-04-26 08:57:13,517 [Listener at 127.0.0.1/35725] INFO  server.RaftServer (ConfUtils.java:logGet(44)) - raft.rpc.type = GRPC (default)
2021-04-26 08:57:13,517 [Listener at 127.0.0.1/35725] INFO  grpc.GrpcFactory (GrpcFactory.java:checkPooledByteBufAllocatorUseCacheForAllThreads(48)) - PERFORMANCE WARNING: useCacheForAllThreads is true that may cause Netty to create a lot garbage objects and, as a result, trigger GC.
	It is recommended to disable useCacheForAllThreads by setting -Dorg.apache.ratis.thirdparty.io.netty.allocator.useCacheForAllThreads=false in command line.
2021-04-26 08:57:13,517 [Listener at 127.0.0.1/35725] INFO  grpc.GrpcConfigKeys (ConfUtils.java:logGet(44)) - raft.grpc.admin.port = 0 (custom)
2021-04-26 08:57:13,517 [Listener at 127.0.0.1/35725] INFO  grpc.GrpcConfigKeys (ConfUtils.java:logGet(44)) - raft.grpc.client.port = 0 (custom)
2021-04-26 08:57:13,518 [Listener at 127.0.0.1/35725] INFO  grpc.GrpcConfigKeys (ConfUtils.java:logGet(44)) - raft.grpc.server.port = 0 (default)
2021-04-26 08:57:13,518 [Listener at 127.0.0.1/35725] INFO  server.GrpcService (ConfUtils.java:logGet(44)) - raft.grpc.message.size.max = 32MB (=33554432) (custom)
2021-04-26 08:57:13,518 [Listener at 127.0.0.1/35725] INFO  server.RaftServerConfigKeys (ConfUtils.java:logGet(44)) - raft.server.log.appender.buffer.byte-limit = 33554432 (custom)
2021-04-26 08:57:13,518 [Listener at 127.0.0.1/35725] INFO  server.GrpcService (ConfUtils.java:logGet(44)) - raft.grpc.flow.control.window = 5MB (=5242880) (custom)
2021-04-26 08:57:13,518 [Listener at 127.0.0.1/35725] INFO  server.RaftServerConfigKeys (ConfUtils.java:logGet(44)) - raft.server.rpc.request.timeout = 3000ms (default)
2021-04-26 08:57:13,519 [Listener at 127.0.0.1/35725] INFO  impl.DataStreamServerImpl (ConfUtils.java:logGet(44)) - raft.datastream.type = DISABLED (default)
2021-04-26 08:57:13,519 [Listener at 127.0.0.1/35725] INFO  server.RaftServerConfigKeys (ConfUtils.java:logGet(44)) - raft.server.rpc.slowness.timeout = 300000ms (custom)
2021-04-26 08:57:13,519 [Listener at 127.0.0.1/35725] INFO  server.RaftServerConfigKeys (ConfUtils.java:logGet(44)) - raft.server.leaderelection.leader.step-down.wait-time = 10s (default)
2021-04-26 08:57:13,520 [Listener at 127.0.0.1/35725] INFO  server.RaftServerConfigKeys (ConfUtils.java:logGet(44)) - raft.server.storage.dir = [/github/workspace/mnt/ozone/hadoop-ozone/integration-test/target/test-dir/MiniOzoneClusterImpl-80072cdf-ce72-42fa-91c0-6b866cc407f5/datanode-3/data/ratis] (custom)
2021-04-26 08:57:13,527 [Listener at 127.0.0.1/35725] INFO  http.BaseHttpServer (BaseHttpServer.java:newHttpServer2BuilderForOzone(207)) - Starting Web-server for hddsDatanode at: http://0.0.0.0:0
2021-04-26 08:57:13,527 [Listener at 127.0.0.1/35725] INFO  http.BaseHttpServer (BaseHttpServer.java:<init>(106)) - Hadoop Security Enabled: false Ozone Security Enabled: false Ozone HTTP Security Enabled: false 
2021-04-26 08:57:13,528 [Listener at 127.0.0.1/35725] INFO  server.AuthenticationFilter (AuthenticationFilter.java:constructSecretProvider(240)) - Unable to initialize FileSignerSecretProvider, falling back to use random secrets.
2021-04-26 08:57:13,528 [Listener at 127.0.0.1/35725] WARN  http.HttpRequestLog (HttpRequestLog.java:getRequestLog(103)) - Jetty request log can only be enabled using Log4j
2021-04-26 08:57:13,529 [Listener at 127.0.0.1/35725] INFO  http.HttpServer2 (HttpServer2.java:addGlobalFilter(1020)) - Added global filter 'safety' (class=org.apache.hadoop.hdds.server.http.HttpServer2$QuotingInputFilter)
2021-04-26 08:57:13,530 [Listener at 127.0.0.1/35725] INFO  http.HttpServer2 (HttpServer2.java:addFilter(996)) - Added filter static_user_filter (class=org.apache.hadoop.http.lib.StaticUserWebFilter$StaticUserFilter) to context hddsDatanode
2021-04-26 08:57:13,530 [Listener at 127.0.0.1/35725] INFO  http.HttpServer2 (HttpServer2.java:addFilter(1004)) - Added filter static_user_filter (class=org.apache.hadoop.http.lib.StaticUserWebFilter$StaticUserFilter) to context logs
2021-04-26 08:57:13,530 [Listener at 127.0.0.1/35725] INFO  http.HttpServer2 (HttpServer2.java:addFilter(1004)) - Added filter static_user_filter (class=org.apache.hadoop.http.lib.StaticUserWebFilter$StaticUserFilter) to context static
2021-04-26 08:57:13,531 [Listener at 127.0.0.1/35725] INFO  http.HttpServer2 (HttpServer2.java:bindListener(1238)) - Jetty bound to port 37203
2021-04-26 08:57:13,531 [Listener at 127.0.0.1/35725] INFO  server.Server (Server.java:doStart(375)) - jetty-9.4.35.v20201120; built: 2020-11-20T21:17:03.964Z; git: bdc54f03a5e0a7e280fab27f55c3c75ee8da89fb; jvm 1.8.0_232-b09
2021-04-26 08:57:13,532 [Listener at 127.0.0.1/35725] INFO  server.session (DefaultSessionIdManager.java:doStart(334)) - DefaultSessionIdManager workerName=node0
2021-04-26 08:57:13,532 [Listener at 127.0.0.1/35725] INFO  server.session (DefaultSessionIdManager.java:doStart(339)) - No SessionScavenger set, using defaults
2021-04-26 08:57:13,532 [Listener at 127.0.0.1/35725] INFO  server.session (HouseKeeper.java:startScavenging(132)) - node0 Scavenging every 660000ms
2021-04-26 08:57:13,533 [Listener at 127.0.0.1/35725] INFO  handler.ContextHandler (ContextHandler.java:doStart(916)) - Started o.e.j.s.ServletContextHandler@4926f6d6{logs,/logs,file:///github/workspace/mnt/ozone/hadoop-ozone/integration-test/target/log,AVAILABLE}
2021-04-26 08:57:13,533 [Listener at 127.0.0.1/35725] INFO  handler.ContextHandler (ContextHandler.java:doStart(916)) - Started o.e.j.s.ServletContextHandler@78f28dbb{static,/static,jar:file:/home/user/.m2/repository/org/apache/hadoop/hadoop-hdds-container-service/1.2.0-SNAPSHOT/hadoop-hdds-container-service-1.2.0-SNAPSHOT.jar!/webapps/static,AVAILABLE}
2021-04-26 08:57:13,680 [Listener at 127.0.0.1/35725] INFO  handler.ContextHandler (ContextHandler.java:doStart(916)) - Started o.e.j.w.WebAppContext@4b6d894d{hddsDatanode,/,file:///tmp/jetty-0_0_0_0-37203-hadoop-hdds-container-service-1_2_0-SNAPSHOT_jar-_-any-3868067116363714509/webapp/,AVAILABLE}{jar:file:/home/user/.m2/repository/org/apache/hadoop/hadoop-hdds-container-service/1.2.0-SNAPSHOT/hadoop-hdds-container-service-1.2.0-SNAPSHOT.jar!/webapps/hddsDatanode}
2021-04-26 08:57:13,681 [Listener at 127.0.0.1/35725] INFO  server.AbstractConnector (AbstractConnector.java:doStart(331)) - Started ServerConnector@77187c70{HTTP/1.1, (http/1.1)}{0.0.0.0:37203}
2021-04-26 08:57:13,681 [Listener at 127.0.0.1/35725] INFO  server.Server (Server.java:doStart(415)) - Started @142674ms
2021-04-26 08:57:13,681 [Listener at 127.0.0.1/35725] WARN  impl.MetricsSystemImpl (MetricsSystemImpl.java:register(279)) - Sink prometheus already exists!
2021-04-26 08:57:13,811 [Listener at 127.0.0.1/35725] INFO  http.BaseHttpServer (BaseHttpServer.java:updateConnectorAddress(327)) - HTTP server of hddsDatanode listening at http://0.0.0.0:37203
2021-04-26 08:57:13,815 [Listener at 127.0.0.1/35725] INFO  impl.MetricsSystemImpl (MetricsSystemImpl.java:init(158)) - HddsDatanode metrics system started (again)
2021-04-26 08:57:13,817 [Listener at 127.0.0.1/35725] INFO  ozone.HddsDatanodeService (HddsDatanodeService.java:start(217)) - HddsDatanodeService host:ffee826fe4eb ip:172.17.0.2
2021-04-26 08:57:13,818 [org.apache.hadoop.util.JvmPauseMonitor$Monitor@430de08d] INFO  util.JvmPauseMonitor (JvmPauseMonitor.java:run(188)) - Starting JVM pause monitor
2021-04-26 08:57:13,818 [Listener at 127.0.0.1/35725] INFO  volume.HddsVolume (HddsVolume.java:<init>(176)) - Creating Volume: /github/workspace/mnt/ozone/hadoop-ozone/integration-test/target/test-dir/MiniOzoneClusterImpl-80072cdf-ce72-42fa-91c0-6b866cc407f5/datanode-4/data-0/containers/hdds of storage type : DISK and capacity : 9223372036854775807
2021-04-26 08:57:13,819 [Listener at 127.0.0.1/35725] INFO  volume.MutableVolumeSet (MutableVolumeSet.java:initializeVolumeSet(191)) - Added Volume : /github/workspace/mnt/ozone/hadoop-ozone/integration-test/target/test-dir/MiniOzoneClusterImpl-80072cdf-ce72-42fa-91c0-6b866cc407f5/datanode-4/data-0/containers/hdds to VolumeSet
2021-04-26 08:57:13,819 [Datanode State Machine Task Thread - 0] INFO  datanode.InitDatanodeState (InitDatanodeState.java:persistContainerDatanodeDetails(145)) - DatanodeDetails is persisted to /github/workspace/mnt/ozone/hadoop-ozone/integration-test/target/test-dir/MiniOzoneClusterImpl-80072cdf-ce72-42fa-91c0-6b866cc407f5/datanode-3/meta/datanode.id
2021-04-26 08:57:13,819 [Listener at 127.0.0.1/35725] INFO  volume.ThrottledAsyncChecker (ThrottledAsyncChecker.java:schedule(141)) - Scheduling a check for /github/workspace/mnt/ozone/hadoop-ozone/integration-test/target/test-dir/MiniOzoneClusterImpl-80072cdf-ce72-42fa-91c0-6b866cc407f5/datanode-4/data-0/containers/hdds
2021-04-26 08:57:13,819 [Listener at 127.0.0.1/35725] INFO  volume.HddsVolumeChecker (HddsVolumeChecker.java:checkAllVolumes(200)) - Scheduled health check for volume /github/workspace/mnt/ozone/hadoop-ozone/integration-test/target/test-dir/MiniOzoneClusterImpl-80072cdf-ce72-42fa-91c0-6b866cc407f5/datanode-4/data-0/containers/hdds
2021-04-26 08:57:13,830 [Listener at 127.0.0.1/35725] INFO  ozoneimpl.ContainerReader (ContainerReader.java:<init>(98)) - Running in upgrade mode:true
2021-04-26 08:57:13,831 [Thread-1281] INFO  ozoneimpl.ContainerReader (ContainerReader.java:readVolume(142)) - Start to verify containers on volume /github/workspace/mnt/ozone/hadoop-ozone/integration-test/target/test-dir/MiniOzoneClusterImpl-80072cdf-ce72-42fa-91c0-6b866cc407f5/datanode-4/data-0/containers/hdds
2021-04-26 08:57:13,831 [Thread-1281] INFO  ozoneimpl.ContainerReader (ContainerReader.java:readVolume(174)) - Finish verifying containers on volume /github/workspace/mnt/ozone/hadoop-ozone/integration-test/target/test-dir/MiniOzoneClusterImpl-80072cdf-ce72-42fa-91c0-6b866cc407f5/datanode-4/data-0/containers/hdds
2021-04-26 08:57:13,831 [Listener at 127.0.0.1/35725] INFO  ozoneimpl.OzoneContainer (OzoneContainer.java:buildContainerSet(225)) - Build ContainerSet costs 0s
2021-04-26 08:57:13,832 [Listener at 127.0.0.1/35725] INFO  server.RaftServer (ConfUtils.java:logGet(44)) - raft.rpc.type = GRPC (default)
2021-04-26 08:57:13,832 [Listener at 127.0.0.1/35725] INFO  grpc.GrpcFactory (GrpcFactory.java:checkPooledByteBufAllocatorUseCacheForAllThreads(48)) - PERFORMANCE WARNING: useCacheForAllThreads is true that may cause Netty to create a lot garbage objects and, as a result, trigger GC.
	It is recommended to disable useCacheForAllThreads by setting -Dorg.apache.ratis.thirdparty.io.netty.allocator.useCacheForAllThreads=false in command line.
2021-04-26 08:57:13,833 [Listener at 127.0.0.1/35725] INFO  grpc.GrpcConfigKeys (ConfUtils.java:logGet(44)) - raft.grpc.admin.port = 0 (custom)
2021-04-26 08:57:13,833 [Listener at 127.0.0.1/35725] INFO  grpc.GrpcConfigKeys (ConfUtils.java:logGet(44)) - raft.grpc.client.port = 0 (custom)
2021-04-26 08:57:13,833 [Listener at 127.0.0.1/35725] INFO  grpc.GrpcConfigKeys (ConfUtils.java:logGet(44)) - raft.grpc.server.port = 0 (default)
2021-04-26 08:57:13,833 [Listener at 127.0.0.1/35725] INFO  server.GrpcService (ConfUtils.java:logGet(44)) - raft.grpc.message.size.max = 32MB (=33554432) (custom)
2021-04-26 08:57:13,833 [Listener at 127.0.0.1/35725] INFO  server.RaftServerConfigKeys (ConfUtils.java:logGet(44)) - raft.server.log.appender.buffer.byte-limit = 33554432 (custom)
2021-04-26 08:57:13,834 [Listener at 127.0.0.1/35725] INFO  server.GrpcService (ConfUtils.java:logGet(44)) - raft.grpc.flow.control.window = 5MB (=5242880) (custom)
2021-04-26 08:57:13,834 [Listener at 127.0.0.1/35725] INFO  server.RaftServerConfigKeys (ConfUtils.java:logGet(44)) - raft.server.rpc.request.timeout = 3000ms (default)
2021-04-26 08:57:13,835 [Listener at 127.0.0.1/35725] INFO  impl.DataStreamServerImpl (ConfUtils.java:logGet(44)) - raft.datastream.type = DISABLED (default)
2021-04-26 08:57:13,835 [Listener at 127.0.0.1/35725] INFO  server.RaftServerConfigKeys (ConfUtils.java:logGet(44)) - raft.server.rpc.slowness.timeout = 300000ms (custom)
2021-04-26 08:57:13,835 [Listener at 127.0.0.1/35725] INFO  server.RaftServerConfigKeys (ConfUtils.java:logGet(44)) - raft.server.leaderelection.leader.step-down.wait-time = 10s (default)
2021-04-26 08:57:13,835 [Listener at 127.0.0.1/35725] INFO  server.RaftServerConfigKeys (ConfUtils.java:logGet(44)) - raft.server.storage.dir = [/github/workspace/mnt/ozone/hadoop-ozone/integration-test/target/test-dir/MiniOzoneClusterImpl-80072cdf-ce72-42fa-91c0-6b866cc407f5/datanode-4/data/ratis] (custom)
2021-04-26 08:57:13,841 [Listener at 127.0.0.1/35725] INFO  http.BaseHttpServer (BaseHttpServer.java:newHttpServer2BuilderForOzone(207)) - Starting Web-server for hddsDatanode at: http://0.0.0.0:0
2021-04-26 08:57:13,841 [Listener at 127.0.0.1/35725] INFO  http.BaseHttpServer (BaseHttpServer.java:<init>(106)) - Hadoop Security Enabled: false Ozone Security Enabled: false Ozone HTTP Security Enabled: false 
2021-04-26 08:57:13,842 [Listener at 127.0.0.1/35725] INFO  server.AuthenticationFilter (AuthenticationFilter.java:constructSecretProvider(240)) - Unable to initialize FileSignerSecretProvider, falling back to use random secrets.
2021-04-26 08:57:13,842 [Listener at 127.0.0.1/35725] WARN  http.HttpRequestLog (HttpRequestLog.java:getRequestLog(103)) - Jetty request log can only be enabled using Log4j
2021-04-26 08:57:13,843 [Listener at 127.0.0.1/35725] INFO  http.HttpServer2 (HttpServer2.java:addGlobalFilter(1020)) - Added global filter 'safety' (class=org.apache.hadoop.hdds.server.http.HttpServer2$QuotingInputFilter)
2021-04-26 08:57:13,844 [Listener at 127.0.0.1/35725] INFO  http.HttpServer2 (HttpServer2.java:addFilter(996)) - Added filter static_user_filter (class=org.apache.hadoop.http.lib.StaticUserWebFilter$StaticUserFilter) to context hddsDatanode
2021-04-26 08:57:13,844 [Listener at 127.0.0.1/35725] INFO  http.HttpServer2 (HttpServer2.java:addFilter(1004)) - Added filter static_user_filter (class=org.apache.hadoop.http.lib.StaticUserWebFilter$StaticUserFilter) to context logs
2021-04-26 08:57:13,844 [Listener at 127.0.0.1/35725] INFO  http.HttpServer2 (HttpServer2.java:addFilter(1004)) - Added filter static_user_filter (class=org.apache.hadoop.http.lib.StaticUserWebFilter$StaticUserFilter) to context static
2021-04-26 08:57:13,844 [Listener at 127.0.0.1/35725] INFO  http.HttpServer2 (HttpServer2.java:bindListener(1238)) - Jetty bound to port 38831
2021-04-26 08:57:13,844 [Listener at 127.0.0.1/35725] INFO  server.Server (Server.java:doStart(375)) - jetty-9.4.35.v20201120; built: 2020-11-20T21:17:03.964Z; git: bdc54f03a5e0a7e280fab27f55c3c75ee8da89fb; jvm 1.8.0_232-b09
2021-04-26 08:57:13,846 [Listener at 127.0.0.1/35725] INFO  server.session (DefaultSessionIdManager.java:doStart(334)) - DefaultSessionIdManager workerName=node0
2021-04-26 08:57:13,846 [Listener at 127.0.0.1/35725] INFO  server.session (DefaultSessionIdManager.java:doStart(339)) - No SessionScavenger set, using defaults
2021-04-26 08:57:13,846 [Listener at 127.0.0.1/35725] INFO  server.session (HouseKeeper.java:startScavenging(132)) - node0 Scavenging every 660000ms
2021-04-26 08:57:13,847 [Listener at 127.0.0.1/35725] INFO  handler.ContextHandler (ContextHandler.java:doStart(916)) - Started o.e.j.s.ServletContextHandler@545df2c5{logs,/logs,file:///github/workspace/mnt/ozone/hadoop-ozone/integration-test/target/log,AVAILABLE}
2021-04-26 08:57:13,847 [Listener at 127.0.0.1/35725] INFO  handler.ContextHandler (ContextHandler.java:doStart(916)) - Started o.e.j.s.ServletContextHandler@15944e4e{static,/static,jar:file:/home/user/.m2/repository/org/apache/hadoop/hadoop-hdds-container-service/1.2.0-SNAPSHOT/hadoop-hdds-container-service-1.2.0-SNAPSHOT.jar!/webapps/static,AVAILABLE}
2021-04-26 08:57:13,991 [Listener at 127.0.0.1/35725] INFO  handler.ContextHandler (ContextHandler.java:doStart(916)) - Started o.e.j.w.WebAppContext@17de3ab5{hddsDatanode,/,file:///tmp/jetty-0_0_0_0-38831-hadoop-hdds-container-service-1_2_0-SNAPSHOT_jar-_-any-5474615160972017312/webapp/,AVAILABLE}{jar:file:/home/user/.m2/repository/org/apache/hadoop/hadoop-hdds-container-service/1.2.0-SNAPSHOT/hadoop-hdds-container-service-1.2.0-SNAPSHOT.jar!/webapps/hddsDatanode}
2021-04-26 08:57:13,992 [Listener at 127.0.0.1/35725] INFO  server.AbstractConnector (AbstractConnector.java:doStart(331)) - Started ServerConnector@272aa224{HTTP/1.1, (http/1.1)}{0.0.0.0:38831}
2021-04-26 08:57:13,993 [Listener at 127.0.0.1/35725] INFO  server.Server (Server.java:doStart(415)) - Started @142985ms
2021-04-26 08:57:13,993 [Listener at 127.0.0.1/35725] WARN  impl.MetricsSystemImpl (MetricsSystemImpl.java:register(279)) - Sink prometheus already exists!
2021-04-26 08:57:13,998 [Listener at 127.0.0.1/35725] INFO  http.BaseHttpServer (BaseHttpServer.java:updateConnectorAddress(327)) - HTTP server of hddsDatanode listening at http://0.0.0.0:38831
2021-04-26 08:57:14,000 [Listener at 127.0.0.1/35725] INFO  impl.MetricsSystemImpl (MetricsSystemImpl.java:init(158)) - HddsDatanode metrics system started (again)
2021-04-26 08:57:14,002 [Listener at 127.0.0.1/35725] INFO  ozone.HddsDatanodeService (HddsDatanodeService.java:start(217)) - HddsDatanodeService host:ffee826fe4eb ip:172.17.0.2
2021-04-26 08:57:14,002 [org.apache.hadoop.util.JvmPauseMonitor$Monitor@7980eb2c] INFO  util.JvmPauseMonitor (JvmPauseMonitor.java:run(188)) - Starting JVM pause monitor
2021-04-26 08:57:14,003 [Listener at 127.0.0.1/35725] INFO  volume.HddsVolume (HddsVolume.java:<init>(176)) - Creating Volume: /github/workspace/mnt/ozone/hadoop-ozone/integration-test/target/test-dir/MiniOzoneClusterImpl-80072cdf-ce72-42fa-91c0-6b866cc407f5/datanode-5/data-0/containers/hdds of storage type : DISK and capacity : 9223372036854775807
2021-04-26 08:57:14,003 [Listener at 127.0.0.1/35725] INFO  volume.MutableVolumeSet (MutableVolumeSet.java:initializeVolumeSet(191)) - Added Volume : /github/workspace/mnt/ozone/hadoop-ozone/integration-test/target/test-dir/MiniOzoneClusterImpl-80072cdf-ce72-42fa-91c0-6b866cc407f5/datanode-5/data-0/containers/hdds to VolumeSet
2021-04-26 08:57:14,003 [Listener at 127.0.0.1/35725] INFO  volume.ThrottledAsyncChecker (ThrottledAsyncChecker.java:schedule(141)) - Scheduling a check for /github/workspace/mnt/ozone/hadoop-ozone/integration-test/target/test-dir/MiniOzoneClusterImpl-80072cdf-ce72-42fa-91c0-6b866cc407f5/datanode-5/data-0/containers/hdds
2021-04-26 08:57:14,004 [Listener at 127.0.0.1/35725] INFO  volume.HddsVolumeChecker (HddsVolumeChecker.java:checkAllVolumes(200)) - Scheduled health check for volume /github/workspace/mnt/ozone/hadoop-ozone/integration-test/target/test-dir/MiniOzoneClusterImpl-80072cdf-ce72-42fa-91c0-6b866cc407f5/datanode-5/data-0/containers/hdds
2021-04-26 08:57:14,009 [Datanode State Machine Task Thread - 0] INFO  datanode.InitDatanodeState (InitDatanodeState.java:persistContainerDatanodeDetails(145)) - DatanodeDetails is persisted to /github/workspace/mnt/ozone/hadoop-ozone/integration-test/target/test-dir/MiniOzoneClusterImpl-80072cdf-ce72-42fa-91c0-6b866cc407f5/datanode-4/meta/datanode.id
2021-04-26 08:57:14,017 [Listener at 127.0.0.1/35725] INFO  ozoneimpl.ContainerReader (ContainerReader.java:<init>(98)) - Running in upgrade mode:true
2021-04-26 08:57:14,018 [Thread-1292] INFO  ozoneimpl.ContainerReader (ContainerReader.java:readVolume(142)) - Start to verify containers on volume /github/workspace/mnt/ozone/hadoop-ozone/integration-test/target/test-dir/MiniOzoneClusterImpl-80072cdf-ce72-42fa-91c0-6b866cc407f5/datanode-5/data-0/containers/hdds
2021-04-26 08:57:14,019 [Thread-1292] INFO  ozoneimpl.ContainerReader (ContainerReader.java:readVolume(174)) - Finish verifying containers on volume /github/workspace/mnt/ozone/hadoop-ozone/integration-test/target/test-dir/MiniOzoneClusterImpl-80072cdf-ce72-42fa-91c0-6b866cc407f5/datanode-5/data-0/containers/hdds
2021-04-26 08:57:14,019 [Listener at 127.0.0.1/35725] INFO  ozoneimpl.OzoneContainer (OzoneContainer.java:buildContainerSet(225)) - Build ContainerSet costs 0s
2021-04-26 08:57:14,020 [Listener at 127.0.0.1/35725] INFO  server.RaftServer (ConfUtils.java:logGet(44)) - raft.rpc.type = GRPC (default)
2021-04-26 08:57:14,021 [Listener at 127.0.0.1/35725] INFO  grpc.GrpcFactory (GrpcFactory.java:checkPooledByteBufAllocatorUseCacheForAllThreads(48)) - PERFORMANCE WARNING: useCacheForAllThreads is true that may cause Netty to create a lot garbage objects and, as a result, trigger GC.
	It is recommended to disable useCacheForAllThreads by setting -Dorg.apache.ratis.thirdparty.io.netty.allocator.useCacheForAllThreads=false in command line.
2021-04-26 08:57:14,021 [Listener at 127.0.0.1/35725] INFO  grpc.GrpcConfigKeys (ConfUtils.java:logGet(44)) - raft.grpc.admin.port = 0 (custom)
2021-04-26 08:57:14,021 [Listener at 127.0.0.1/35725] INFO  grpc.GrpcConfigKeys (ConfUtils.java:logGet(44)) - raft.grpc.client.port = 0 (custom)
2021-04-26 08:57:14,021 [Listener at 127.0.0.1/35725] INFO  grpc.GrpcConfigKeys (ConfUtils.java:logGet(44)) - raft.grpc.server.port = 0 (default)
2021-04-26 08:57:14,021 [Listener at 127.0.0.1/35725] INFO  server.GrpcService (ConfUtils.java:logGet(44)) - raft.grpc.message.size.max = 32MB (=33554432) (custom)
2021-04-26 08:57:14,021 [Listener at 127.0.0.1/35725] INFO  server.RaftServerConfigKeys (ConfUtils.java:logGet(44)) - raft.server.log.appender.buffer.byte-limit = 33554432 (custom)
2021-04-26 08:57:14,022 [Listener at 127.0.0.1/35725] INFO  server.GrpcService (ConfUtils.java:logGet(44)) - raft.grpc.flow.control.window = 5MB (=5242880) (custom)
2021-04-26 08:57:14,022 [Listener at 127.0.0.1/35725] INFO  server.RaftServerConfigKeys (ConfUtils.java:logGet(44)) - raft.server.rpc.request.timeout = 3000ms (default)
2021-04-26 08:57:14,023 [Listener at 127.0.0.1/35725] INFO  impl.DataStreamServerImpl (ConfUtils.java:logGet(44)) - raft.datastream.type = DISABLED (default)
2021-04-26 08:57:14,023 [om1@group-C5BA1605619E-FollowerState] INFO  impl.FollowerState (FollowerState.java:run(134)) - om1@group-C5BA1605619E-FollowerState: change to CANDIDATE, lastRpcElapsedTime:1196404925ns, electionTimeout:1195ms
2021-04-26 08:57:14,023 [om1@group-C5BA1605619E-FollowerState] INFO  impl.RoleInfo (RoleInfo.java:shutdownFollowerState(108)) - om1: shutdown om1@group-C5BA1605619E-FollowerState
2021-04-26 08:57:14,023 [om1@group-C5BA1605619E-FollowerState] INFO  server.RaftServer$Division (RaftServerImpl.java:setRole(284)) - om1@group-C5BA1605619E: changes role from  FOLLOWER to CANDIDATE at term 0 for changeToCandidate
2021-04-26 08:57:14,023 [om1@group-C5BA1605619E-FollowerState] INFO  server.RaftServerConfigKeys (ConfUtils.java:logGet(44)) - raft.server.leaderelection.pre-vote = false (custom)
2021-04-26 08:57:14,023 [om1@group-C5BA1605619E-FollowerState] INFO  impl.RoleInfo (RoleInfo.java:updateAndGet(130)) - om1: start om1@group-C5BA1605619E-LeaderElection57
2021-04-26 08:57:14,023 [Listener at 127.0.0.1/35725] INFO  server.RaftServerConfigKeys (ConfUtils.java:logGet(44)) - raft.server.rpc.slowness.timeout = 300000ms (custom)
2021-04-26 08:57:14,024 [Listener at 127.0.0.1/35725] INFO  server.RaftServerConfigKeys (ConfUtils.java:logGet(44)) - raft.server.leaderelection.leader.step-down.wait-time = 10s (default)
2021-04-26 08:57:14,024 [Listener at 127.0.0.1/35725] INFO  server.RaftServerConfigKeys (ConfUtils.java:logGet(44)) - raft.server.storage.dir = [/github/workspace/mnt/ozone/hadoop-ozone/integration-test/target/test-dir/MiniOzoneClusterImpl-80072cdf-ce72-42fa-91c0-6b866cc407f5/datanode-5/data/ratis] (custom)
2021-04-26 08:57:14,028 [om1@group-C5BA1605619E-LeaderElection57] INFO  impl.LeaderElection (LeaderElection.java:askForVotes(306)) - om1@group-C5BA1605619E-LeaderElection57 ELECTION round 0: submit vote requests at term 1 for -1: [om1|rpc:localhost:9872|priority:0], old=null
2021-04-26 08:57:14,028 [om1@group-C5BA1605619E-LeaderElection57] INFO  impl.LeaderElection (LeaderElection.java:askForVotes(308)) - om1@group-C5BA1605619E-LeaderElection57 ELECTION round 0: result PASSED (term=1)
2021-04-26 08:57:14,028 [om1@group-C5BA1605619E-LeaderElection57] INFO  impl.RoleInfo (RoleInfo.java:shutdownLeaderElection(121)) - om1: shutdown om1@group-C5BA1605619E-LeaderElection57
2021-04-26 08:57:14,028 [om1@group-C5BA1605619E-LeaderElection57] INFO  server.RaftServer$Division (RaftServerImpl.java:setRole(284)) - om1@group-C5BA1605619E: changes role from CANDIDATE to LEADER at term 1 for changeToLeader
2021-04-26 08:57:14,029 [om1@group-C5BA1605619E-LeaderElection57] INFO  server.RaftServer$Division (ServerState.java:setLeader(271)) - om1@group-C5BA1605619E: change Leader from null to om1 at term 1 for becomeLeader, leader elected after 1218ms
2021-04-26 08:57:14,029 [om1@group-C5BA1605619E-LeaderElection57] INFO  server.RaftServerConfigKeys (ConfUtils.java:logGet(44)) - raft.server.staging.catchup.gap = 1000 (default)
2021-04-26 08:57:14,029 [om1@group-C5BA1605619E-LeaderElection57] INFO  metrics.RatisMetrics (RatisMetrics.java:lambda$create$0(36)) - Creating Metrics Registry : ratis.log_appender.om1@group-C5BA1605619E
2021-04-26 08:57:14,029 [om1@group-C5BA1605619E-LeaderElection57] INFO  server.RaftServerConfigKeys (ConfUtils.java:logGet(44)) - raft.server.write.element-limit = 4096 (default)
2021-04-26 08:57:14,029 [om1@group-C5BA1605619E-LeaderElection57] INFO  server.RaftServerConfigKeys (ConfUtils.java:logGet(44)) - raft.server.write.byte-limit = 64MB (=67108864) (default)
2021-04-26 08:57:14,029 [om1@group-C5BA1605619E-LeaderElection57] INFO  server.RaftServerConfigKeys (ConfUtils.java:logGet(44)) - raft.server.watch.timeout = 10s (default)
2021-04-26 08:57:14,029 [om1@group-C5BA1605619E-LeaderElection57] INFO  server.RaftServerConfigKeys (ConfUtils.java:logGet(44)) - raft.server.watch.timeout.denomination = 1s (default)
2021-04-26 08:57:14,030 [om1@group-C5BA1605619E-LeaderElection57] INFO  server.RaftServerConfigKeys (ConfUtils.java:logGet(44)) - raft.server.watch.element-limit = 65536 (default)
2021-04-26 08:57:14,030 [om1@group-C5BA1605619E-LeaderElection57] INFO  impl.RoleInfo (RoleInfo.java:updateAndGet(130)) - om1: start om1@group-C5BA1605619E-LeaderStateImpl
2021-04-26 08:57:14,030 [om1@group-C5BA1605619E-LeaderElection57] INFO  segmented.SegmentedRaftLogWorker (SegmentedRaftLogWorker.java:startLogSegment(394)) - om1@group-C5BA1605619E-SegmentedRaftLogWorker: Starting segment from index:0
2021-04-26 08:57:14,037 [om1@group-C5BA1605619E-LeaderElection57] INFO  server.RaftServer$Division (ServerState.java:setRaftConf(373)) - om1@group-C5BA1605619E: set configuration 0: [om1|rpc:localhost:9872|admin:|client:|dataStream:|priority:0], old=null
2021-04-26 08:57:14,039 [om1@group-C5BA1605619E-SegmentedRaftLogWorker] INFO  segmented.SegmentedRaftLogWorker (SegmentedRaftLogWorker.java:execute(601)) - om1@group-C5BA1605619E-SegmentedRaftLogWorker: created new log segment /github/workspace/mnt/ozone/hadoop-ozone/integration-test/target/test-dir/MiniOzoneClusterImpl-80072cdf-ce72-42fa-91c0-6b866cc407f5/ozone-meta/ratis/bf265839-605b-3f16-9796-c5ba1605619e/current/log_inprogress_0
2021-04-26 08:57:14,075 [Listener at 127.0.0.1/35725] INFO  http.BaseHttpServer (BaseHttpServer.java:newHttpServer2BuilderForOzone(207)) - Starting Web-server for hddsDatanode at: http://0.0.0.0:0
2021-04-26 08:57:14,075 [Listener at 127.0.0.1/35725] INFO  http.BaseHttpServer (BaseHttpServer.java:<init>(106)) - Hadoop Security Enabled: false Ozone Security Enabled: false Ozone HTTP Security Enabled: false 
2021-04-26 08:57:14,076 [Listener at 127.0.0.1/35725] INFO  server.AuthenticationFilter (AuthenticationFilter.java:constructSecretProvider(240)) - Unable to initialize FileSignerSecretProvider, falling back to use random secrets.
2021-04-26 08:57:14,076 [Listener at 127.0.0.1/35725] WARN  http.HttpRequestLog (HttpRequestLog.java:getRequestLog(103)) - Jetty request log can only be enabled using Log4j
2021-04-26 08:57:14,078 [Listener at 127.0.0.1/35725] INFO  http.HttpServer2 (HttpServer2.java:addGlobalFilter(1020)) - Added global filter 'safety' (class=org.apache.hadoop.hdds.server.http.HttpServer2$QuotingInputFilter)
2021-04-26 08:57:14,078 [Listener at 127.0.0.1/35725] INFO  http.HttpServer2 (HttpServer2.java:addFilter(996)) - Added filter static_user_filter (class=org.apache.hadoop.http.lib.StaticUserWebFilter$StaticUserFilter) to context hddsDatanode
2021-04-26 08:57:14,079 [Listener at 127.0.0.1/35725] INFO  http.HttpServer2 (HttpServer2.java:addFilter(1004)) - Added filter static_user_filter (class=org.apache.hadoop.http.lib.StaticUserWebFilter$StaticUserFilter) to context static
2021-04-26 08:57:14,079 [Listener at 127.0.0.1/35725] INFO  http.HttpServer2 (HttpServer2.java:addFilter(1004)) - Added filter static_user_filter (class=org.apache.hadoop.http.lib.StaticUserWebFilter$StaticUserFilter) to context logs
2021-04-26 08:57:14,079 [Listener at 127.0.0.1/35725] INFO  http.HttpServer2 (HttpServer2.java:bindListener(1238)) - Jetty bound to port 37227
2021-04-26 08:57:14,079 [Listener at 127.0.0.1/35725] INFO  server.Server (Server.java:doStart(375)) - jetty-9.4.35.v20201120; built: 2020-11-20T21:17:03.964Z; git: bdc54f03a5e0a7e280fab27f55c3c75ee8da89fb; jvm 1.8.0_232-b09
2021-04-26 08:57:14,081 [Listener at 127.0.0.1/35725] INFO  server.session (DefaultSessionIdManager.java:doStart(334)) - DefaultSessionIdManager workerName=node0
2021-04-26 08:57:14,081 [Listener at 127.0.0.1/35725] INFO  server.session (DefaultSessionIdManager.java:doStart(339)) - No SessionScavenger set, using defaults
2021-04-26 08:57:14,082 [Listener at 127.0.0.1/35725] INFO  server.session (HouseKeeper.java:startScavenging(132)) - node0 Scavenging every 660000ms
2021-04-26 08:57:14,082 [Listener at 127.0.0.1/35725] INFO  handler.ContextHandler (ContextHandler.java:doStart(916)) - Started o.e.j.s.ServletContextHandler@79b0128d{logs,/logs,file:///github/workspace/mnt/ozone/hadoop-ozone/integration-test/target/log,AVAILABLE}
2021-04-26 08:57:14,083 [Listener at 127.0.0.1/35725] INFO  handler.ContextHandler (ContextHandler.java:doStart(916)) - Started o.e.j.s.ServletContextHandler@5ec3661f{static,/static,jar:file:/home/user/.m2/repository/org/apache/hadoop/hadoop-hdds-container-service/1.2.0-SNAPSHOT/hadoop-hdds-container-service-1.2.0-SNAPSHOT.jar!/webapps/static,AVAILABLE}
2021-04-26 08:57:14,227 [Listener at 127.0.0.1/35725] INFO  handler.ContextHandler (ContextHandler.java:doStart(916)) - Started o.e.j.w.WebAppContext@67a842b1{hddsDatanode,/,file:///tmp/jetty-0_0_0_0-37227-hadoop-hdds-container-service-1_2_0-SNAPSHOT_jar-_-any-3614682778971458798/webapp/,AVAILABLE}{jar:file:/home/user/.m2/repository/org/apache/hadoop/hadoop-hdds-container-service/1.2.0-SNAPSHOT/hadoop-hdds-container-service-1.2.0-SNAPSHOT.jar!/webapps/hddsDatanode}
2021-04-26 08:57:14,229 [Listener at 127.0.0.1/35725] INFO  server.AbstractConnector (AbstractConnector.java:doStart(331)) - Started ServerConnector@4daaad61{HTTP/1.1, (http/1.1)}{0.0.0.0:37227}
2021-04-26 08:57:14,229 [Listener at 127.0.0.1/35725] INFO  server.Server (Server.java:doStart(415)) - Started @143221ms
2021-04-26 08:57:14,229 [Listener at 127.0.0.1/35725] WARN  impl.MetricsSystemImpl (MetricsSystemImpl.java:register(279)) - Sink prometheus already exists!
2021-04-26 08:57:14,233 [Listener at 127.0.0.1/35725] INFO  http.BaseHttpServer (BaseHttpServer.java:updateConnectorAddress(327)) - HTTP server of hddsDatanode listening at http://0.0.0.0:37227
2021-04-26 08:57:14,236 [Listener at 127.0.0.1/35725] INFO  impl.MetricsSystemImpl (MetricsSystemImpl.java:init(158)) - HddsDatanode metrics system started (again)
2021-04-26 08:57:14,238 [Listener at 127.0.0.1/35725] INFO  ozone.HddsDatanodeService (HddsDatanodeService.java:start(217)) - HddsDatanodeService host:ffee826fe4eb ip:172.17.0.2
2021-04-26 08:57:14,238 [org.apache.hadoop.util.JvmPauseMonitor$Monitor@41bc33ea] INFO  util.JvmPauseMonitor (JvmPauseMonitor.java:run(188)) - Starting JVM pause monitor
2021-04-26 08:57:14,239 [Listener at 127.0.0.1/35725] INFO  volume.HddsVolume (HddsVolume.java:<init>(176)) - Creating Volume: /github/workspace/mnt/ozone/hadoop-ozone/integration-test/target/test-dir/MiniOzoneClusterImpl-80072cdf-ce72-42fa-91c0-6b866cc407f5/datanode-6/data-0/containers/hdds of storage type : DISK and capacity : 9223372036854775807
2021-04-26 08:57:14,239 [Listener at 127.0.0.1/35725] INFO  volume.MutableVolumeSet (MutableVolumeSet.java:initializeVolumeSet(191)) - Added Volume : /github/workspace/mnt/ozone/hadoop-ozone/integration-test/target/test-dir/MiniOzoneClusterImpl-80072cdf-ce72-42fa-91c0-6b866cc407f5/datanode-6/data-0/containers/hdds to VolumeSet
2021-04-26 08:57:14,239 [Listener at 127.0.0.1/35725] INFO  volume.ThrottledAsyncChecker (ThrottledAsyncChecker.java:schedule(141)) - Scheduling a check for /github/workspace/mnt/ozone/hadoop-ozone/integration-test/target/test-dir/MiniOzoneClusterImpl-80072cdf-ce72-42fa-91c0-6b866cc407f5/datanode-6/data-0/containers/hdds
2021-04-26 08:57:14,240 [Datanode State Machine Task Thread - 0] INFO  datanode.InitDatanodeState (InitDatanodeState.java:persistContainerDatanodeDetails(145)) - DatanodeDetails is persisted to /github/workspace/mnt/ozone/hadoop-ozone/integration-test/target/test-dir/MiniOzoneClusterImpl-80072cdf-ce72-42fa-91c0-6b866cc407f5/datanode-5/meta/datanode.id
2021-04-26 08:57:14,240 [Listener at 127.0.0.1/35725] INFO  volume.HddsVolumeChecker (HddsVolumeChecker.java:checkAllVolumes(200)) - Scheduled health check for volume /github/workspace/mnt/ozone/hadoop-ozone/integration-test/target/test-dir/MiniOzoneClusterImpl-80072cdf-ce72-42fa-91c0-6b866cc407f5/datanode-6/data-0/containers/hdds
2021-04-26 08:57:14,252 [Listener at 127.0.0.1/35725] INFO  ozoneimpl.ContainerReader (ContainerReader.java:<init>(98)) - Running in upgrade mode:true
2021-04-26 08:57:14,252 [Thread-1305] INFO  ozoneimpl.ContainerReader (ContainerReader.java:readVolume(142)) - Start to verify containers on volume /github/workspace/mnt/ozone/hadoop-ozone/integration-test/target/test-dir/MiniOzoneClusterImpl-80072cdf-ce72-42fa-91c0-6b866cc407f5/datanode-6/data-0/containers/hdds
2021-04-26 08:57:14,252 [Thread-1305] INFO  ozoneimpl.ContainerReader (ContainerReader.java:readVolume(174)) - Finish verifying containers on volume /github/workspace/mnt/ozone/hadoop-ozone/integration-test/target/test-dir/MiniOzoneClusterImpl-80072cdf-ce72-42fa-91c0-6b866cc407f5/datanode-6/data-0/containers/hdds
2021-04-26 08:57:14,252 [Listener at 127.0.0.1/35725] INFO  ozoneimpl.OzoneContainer (OzoneContainer.java:buildContainerSet(225)) - Build ContainerSet costs 0s
2021-04-26 08:57:14,253 [Listener at 127.0.0.1/35725] INFO  server.RaftServer (ConfUtils.java:logGet(44)) - raft.rpc.type = GRPC (default)
2021-04-26 08:57:14,254 [Listener at 127.0.0.1/35725] INFO  grpc.GrpcFactory (GrpcFactory.java:checkPooledByteBufAllocatorUseCacheForAllThreads(48)) - PERFORMANCE WARNING: useCacheForAllThreads is true that may cause Netty to create a lot garbage objects and, as a result, trigger GC.
	It is recommended to disable useCacheForAllThreads by setting -Dorg.apache.ratis.thirdparty.io.netty.allocator.useCacheForAllThreads=false in command line.
2021-04-26 08:57:14,254 [Listener at 127.0.0.1/35725] INFO  grpc.GrpcConfigKeys (ConfUtils.java:logGet(44)) - raft.grpc.admin.port = 0 (custom)
2021-04-26 08:57:14,254 [Listener at 127.0.0.1/35725] INFO  grpc.GrpcConfigKeys (ConfUtils.java:logGet(44)) - raft.grpc.client.port = 0 (custom)
2021-04-26 08:57:14,254 [Listener at 127.0.0.1/35725] INFO  grpc.GrpcConfigKeys (ConfUtils.java:logGet(44)) - raft.grpc.server.port = 0 (default)
2021-04-26 08:57:14,254 [Listener at 127.0.0.1/35725] INFO  server.GrpcService (ConfUtils.java:logGet(44)) - raft.grpc.message.size.max = 32MB (=33554432) (custom)
2021-04-26 08:57:14,254 [Listener at 127.0.0.1/35725] INFO  server.RaftServerConfigKeys (ConfUtils.java:logGet(44)) - raft.server.log.appender.buffer.byte-limit = 33554432 (custom)
2021-04-26 08:57:14,254 [Listener at 127.0.0.1/35725] INFO  server.GrpcService (ConfUtils.java:logGet(44)) - raft.grpc.flow.control.window = 5MB (=5242880) (custom)
2021-04-26 08:57:14,255 [Listener at 127.0.0.1/35725] INFO  server.RaftServerConfigKeys (ConfUtils.java:logGet(44)) - raft.server.rpc.request.timeout = 3000ms (default)
2021-04-26 08:57:14,256 [Listener at 127.0.0.1/35725] INFO  impl.DataStreamServerImpl (ConfUtils.java:logGet(44)) - raft.datastream.type = DISABLED (default)
2021-04-26 08:57:14,256 [Listener at 127.0.0.1/35725] INFO  server.RaftServerConfigKeys (ConfUtils.java:logGet(44)) - raft.server.rpc.slowness.timeout = 300000ms (custom)
2021-04-26 08:57:14,256 [Listener at 127.0.0.1/35725] INFO  server.RaftServerConfigKeys (ConfUtils.java:logGet(44)) - raft.server.leaderelection.leader.step-down.wait-time = 10s (default)
2021-04-26 08:57:14,256 [Listener at 127.0.0.1/35725] INFO  server.RaftServerConfigKeys (ConfUtils.java:logGet(44)) - raft.server.storage.dir = [/github/workspace/mnt/ozone/hadoop-ozone/integration-test/target/test-dir/MiniOzoneClusterImpl-80072cdf-ce72-42fa-91c0-6b866cc407f5/datanode-6/data/ratis] (custom)
2021-04-26 08:57:14,262 [Listener at 127.0.0.1/35725] INFO  http.BaseHttpServer (BaseHttpServer.java:newHttpServer2BuilderForOzone(207)) - Starting Web-server for hddsDatanode at: http://0.0.0.0:0
2021-04-26 08:57:14,263 [Listener at 127.0.0.1/35725] INFO  http.BaseHttpServer (BaseHttpServer.java:<init>(106)) - Hadoop Security Enabled: false Ozone Security Enabled: false Ozone HTTP Security Enabled: false 
2021-04-26 08:57:14,263 [Listener at 127.0.0.1/35725] INFO  server.AuthenticationFilter (AuthenticationFilter.java:constructSecretProvider(240)) - Unable to initialize FileSignerSecretProvider, falling back to use random secrets.
2021-04-26 08:57:14,264 [Listener at 127.0.0.1/35725] WARN  http.HttpRequestLog (HttpRequestLog.java:getRequestLog(103)) - Jetty request log can only be enabled using Log4j
2021-04-26 08:57:14,264 [Listener at 127.0.0.1/35725] INFO  http.HttpServer2 (HttpServer2.java:addGlobalFilter(1020)) - Added global filter 'safety' (class=org.apache.hadoop.hdds.server.http.HttpServer2$QuotingInputFilter)
2021-04-26 08:57:14,265 [Listener at 127.0.0.1/35725] INFO  http.HttpServer2 (HttpServer2.java:addFilter(996)) - Added filter static_user_filter (class=org.apache.hadoop.http.lib.StaticUserWebFilter$StaticUserFilter) to context hddsDatanode
2021-04-26 08:57:14,265 [Listener at 127.0.0.1/35725] INFO  http.HttpServer2 (HttpServer2.java:addFilter(1004)) - Added filter static_user_filter (class=org.apache.hadoop.http.lib.StaticUserWebFilter$StaticUserFilter) to context logs
2021-04-26 08:57:14,265 [Listener at 127.0.0.1/35725] INFO  http.HttpServer2 (HttpServer2.java:addFilter(1004)) - Added filter static_user_filter (class=org.apache.hadoop.http.lib.StaticUserWebFilter$StaticUserFilter) to context static
2021-04-26 08:57:14,266 [Listener at 127.0.0.1/35725] INFO  http.HttpServer2 (HttpServer2.java:bindListener(1238)) - Jetty bound to port 43985
2021-04-26 08:57:14,266 [Listener at 127.0.0.1/35725] INFO  server.Server (Server.java:doStart(375)) - jetty-9.4.35.v20201120; built: 2020-11-20T21:17:03.964Z; git: bdc54f03a5e0a7e280fab27f55c3c75ee8da89fb; jvm 1.8.0_232-b09
2021-04-26 08:57:14,267 [Listener at 127.0.0.1/35725] INFO  server.session (DefaultSessionIdManager.java:doStart(334)) - DefaultSessionIdManager workerName=node0
2021-04-26 08:57:14,267 [Listener at 127.0.0.1/35725] INFO  server.session (DefaultSessionIdManager.java:doStart(339)) - No SessionScavenger set, using defaults
2021-04-26 08:57:14,267 [Listener at 127.0.0.1/35725] INFO  server.session (HouseKeeper.java:startScavenging(132)) - node0 Scavenging every 600000ms
2021-04-26 08:57:14,268 [Listener at 127.0.0.1/35725] INFO  handler.ContextHandler (ContextHandler.java:doStart(916)) - Started o.e.j.s.ServletContextHandler@8a99989{logs,/logs,file:///github/workspace/mnt/ozone/hadoop-ozone/integration-test/target/log,AVAILABLE}
2021-04-26 08:57:14,268 [Listener at 127.0.0.1/35725] INFO  handler.ContextHandler (ContextHandler.java:doStart(916)) - Started o.e.j.s.ServletContextHandler@602d7631{static,/static,jar:file:/home/user/.m2/repository/org/apache/hadoop/hadoop-hdds-container-service/1.2.0-SNAPSHOT/hadoop-hdds-container-service-1.2.0-SNAPSHOT.jar!/webapps/static,AVAILABLE}
2021-04-26 08:57:14,412 [Listener at 127.0.0.1/35725] INFO  handler.ContextHandler (ContextHandler.java:doStart(916)) - Started o.e.j.w.WebAppContext@6eba6554{hddsDatanode,/,file:///tmp/jetty-0_0_0_0-43985-hadoop-hdds-container-service-1_2_0-SNAPSHOT_jar-_-any-5196840816475305596/webapp/,AVAILABLE}{jar:file:/home/user/.m2/repository/org/apache/hadoop/hadoop-hdds-container-service/1.2.0-SNAPSHOT/hadoop-hdds-container-service-1.2.0-SNAPSHOT.jar!/webapps/hddsDatanode}
2021-04-26 08:57:14,413 [Listener at 127.0.0.1/35725] INFO  server.AbstractConnector (AbstractConnector.java:doStart(331)) - Started ServerConnector@4fc11202{HTTP/1.1, (http/1.1)}{0.0.0.0:43985}
2021-04-26 08:57:14,413 [Listener at 127.0.0.1/35725] INFO  server.Server (Server.java:doStart(415)) - Started @143406ms
2021-04-26 08:57:14,413 [Listener at 127.0.0.1/35725] WARN  impl.MetricsSystemImpl (MetricsSystemImpl.java:register(279)) - Sink prometheus already exists!
2021-04-26 08:57:14,418 [Listener at 127.0.0.1/35725] INFO  http.BaseHttpServer (BaseHttpServer.java:updateConnectorAddress(327)) - HTTP server of hddsDatanode listening at http://0.0.0.0:43985
2021-04-26 08:57:14,419 [Listener at 127.0.0.1/35725] INFO  impl.MetricsSystemImpl (MetricsSystemImpl.java:init(158)) - HddsDatanode metrics system started (again)
2021-04-26 08:57:14,422 [Listener at 127.0.0.1/35725] INFO  ozone.HddsDatanodeService (HddsDatanodeService.java:start(217)) - HddsDatanodeService host:ffee826fe4eb ip:172.17.0.2
2021-04-26 08:57:14,422 [org.apache.hadoop.util.JvmPauseMonitor$Monitor@4d2b6468] INFO  util.JvmPauseMonitor (JvmPauseMonitor.java:run(188)) - Starting JVM pause monitor
2021-04-26 08:57:14,423 [Listener at 127.0.0.1/35725] INFO  volume.HddsVolume (HddsVolume.java:<init>(176)) - Creating Volume: /github/workspace/mnt/ozone/hadoop-ozone/integration-test/target/test-dir/MiniOzoneClusterImpl-80072cdf-ce72-42fa-91c0-6b866cc407f5/datanode-7/data-0/containers/hdds of storage type : DISK and capacity : 9223372036854775807
2021-04-26 08:57:14,423 [Listener at 127.0.0.1/35725] INFO  volume.MutableVolumeSet (MutableVolumeSet.java:initializeVolumeSet(191)) - Added Volume : /github/workspace/mnt/ozone/hadoop-ozone/integration-test/target/test-dir/MiniOzoneClusterImpl-80072cdf-ce72-42fa-91c0-6b866cc407f5/datanode-7/data-0/containers/hdds to VolumeSet
2021-04-26 08:57:14,423 [Listener at 127.0.0.1/35725] INFO  volume.ThrottledAsyncChecker (ThrottledAsyncChecker.java:schedule(141)) - Scheduling a check for /github/workspace/mnt/ozone/hadoop-ozone/integration-test/target/test-dir/MiniOzoneClusterImpl-80072cdf-ce72-42fa-91c0-6b866cc407f5/datanode-7/data-0/containers/hdds
2021-04-26 08:57:14,424 [Datanode State Machine Task Thread - 0] INFO  datanode.InitDatanodeState (InitDatanodeState.java:persistContainerDatanodeDetails(145)) - DatanodeDetails is persisted to /github/workspace/mnt/ozone/hadoop-ozone/integration-test/target/test-dir/MiniOzoneClusterImpl-80072cdf-ce72-42fa-91c0-6b866cc407f5/datanode-6/meta/datanode.id
2021-04-26 08:57:14,425 [Listener at 127.0.0.1/35725] INFO  volume.HddsVolumeChecker (HddsVolumeChecker.java:checkAllVolumes(200)) - Scheduled health check for volume /github/workspace/mnt/ozone/hadoop-ozone/integration-test/target/test-dir/MiniOzoneClusterImpl-80072cdf-ce72-42fa-91c0-6b866cc407f5/datanode-7/data-0/containers/hdds
2021-04-26 08:57:14,436 [Listener at 127.0.0.1/35725] INFO  ozoneimpl.ContainerReader (ContainerReader.java:<init>(98)) - Running in upgrade mode:true
2021-04-26 08:57:14,437 [Thread-1316] INFO  ozoneimpl.ContainerReader (ContainerReader.java:readVolume(142)) - Start to verify containers on volume /github/workspace/mnt/ozone/hadoop-ozone/integration-test/target/test-dir/MiniOzoneClusterImpl-80072cdf-ce72-42fa-91c0-6b866cc407f5/datanode-7/data-0/containers/hdds
2021-04-26 08:57:14,437 [Thread-1316] INFO  ozoneimpl.ContainerReader (ContainerReader.java:readVolume(174)) - Finish verifying containers on volume /github/workspace/mnt/ozone/hadoop-ozone/integration-test/target/test-dir/MiniOzoneClusterImpl-80072cdf-ce72-42fa-91c0-6b866cc407f5/datanode-7/data-0/containers/hdds
2021-04-26 08:57:14,437 [Listener at 127.0.0.1/35725] INFO  ozoneimpl.OzoneContainer (OzoneContainer.java:buildContainerSet(225)) - Build ContainerSet costs 0s
2021-04-26 08:57:14,438 [Listener at 127.0.0.1/35725] INFO  server.RaftServer (ConfUtils.java:logGet(44)) - raft.rpc.type = GRPC (default)
2021-04-26 08:57:14,439 [Listener at 127.0.0.1/35725] INFO  grpc.GrpcFactory (GrpcFactory.java:checkPooledByteBufAllocatorUseCacheForAllThreads(48)) - PERFORMANCE WARNING: useCacheForAllThreads is true that may cause Netty to create a lot garbage objects and, as a result, trigger GC.
	It is recommended to disable useCacheForAllThreads by setting -Dorg.apache.ratis.thirdparty.io.netty.allocator.useCacheForAllThreads=false in command line.
2021-04-26 08:57:14,439 [Listener at 127.0.0.1/35725] INFO  grpc.GrpcConfigKeys (ConfUtils.java:logGet(44)) - raft.grpc.admin.port = 0 (custom)
2021-04-26 08:57:14,439 [Listener at 127.0.0.1/35725] INFO  grpc.GrpcConfigKeys (ConfUtils.java:logGet(44)) - raft.grpc.client.port = 0 (custom)
2021-04-26 08:57:14,439 [Listener at 127.0.0.1/35725] INFO  grpc.GrpcConfigKeys (ConfUtils.java:logGet(44)) - raft.grpc.server.port = 0 (default)
2021-04-26 08:57:14,439 [Listener at 127.0.0.1/35725] INFO  server.GrpcService (ConfUtils.java:logGet(44)) - raft.grpc.message.size.max = 32MB (=33554432) (custom)
2021-04-26 08:57:14,439 [Listener at 127.0.0.1/35725] INFO  server.RaftServerConfigKeys (ConfUtils.java:logGet(44)) - raft.server.log.appender.buffer.byte-limit = 33554432 (custom)
2021-04-26 08:57:14,440 [Listener at 127.0.0.1/35725] INFO  server.GrpcService (ConfUtils.java:logGet(44)) - raft.grpc.flow.control.window = 5MB (=5242880) (custom)
2021-04-26 08:57:14,440 [Listener at 127.0.0.1/35725] INFO  server.RaftServerConfigKeys (ConfUtils.java:logGet(44)) - raft.server.rpc.request.timeout = 3000ms (default)
2021-04-26 08:57:14,441 [Listener at 127.0.0.1/35725] INFO  impl.DataStreamServerImpl (ConfUtils.java:logGet(44)) - raft.datastream.type = DISABLED (default)
2021-04-26 08:57:14,441 [Listener at 127.0.0.1/35725] INFO  server.RaftServerConfigKeys (ConfUtils.java:logGet(44)) - raft.server.rpc.slowness.timeout = 300000ms (custom)
2021-04-26 08:57:14,441 [Listener at 127.0.0.1/35725] INFO  server.RaftServerConfigKeys (ConfUtils.java:logGet(44)) - raft.server.leaderelection.leader.step-down.wait-time = 10s (default)
2021-04-26 08:57:14,441 [Listener at 127.0.0.1/35725] INFO  server.RaftServerConfigKeys (ConfUtils.java:logGet(44)) - raft.server.storage.dir = [/github/workspace/mnt/ozone/hadoop-ozone/integration-test/target/test-dir/MiniOzoneClusterImpl-80072cdf-ce72-42fa-91c0-6b866cc407f5/datanode-7/data/ratis] (custom)
2021-04-26 08:57:14,448 [Listener at 127.0.0.1/35725] INFO  http.BaseHttpServer (BaseHttpServer.java:newHttpServer2BuilderForOzone(207)) - Starting Web-server for hddsDatanode at: http://0.0.0.0:0
2021-04-26 08:57:14,448 [Listener at 127.0.0.1/35725] INFO  http.BaseHttpServer (BaseHttpServer.java:<init>(106)) - Hadoop Security Enabled: false Ozone Security Enabled: false Ozone HTTP Security Enabled: false 
2021-04-26 08:57:14,449 [Listener at 127.0.0.1/35725] INFO  server.AuthenticationFilter (AuthenticationFilter.java:constructSecretProvider(240)) - Unable to initialize FileSignerSecretProvider, falling back to use random secrets.
2021-04-26 08:57:14,449 [Listener at 127.0.0.1/35725] WARN  http.HttpRequestLog (HttpRequestLog.java:getRequestLog(103)) - Jetty request log can only be enabled using Log4j
2021-04-26 08:57:14,450 [Listener at 127.0.0.1/35725] INFO  http.HttpServer2 (HttpServer2.java:addGlobalFilter(1020)) - Added global filter 'safety' (class=org.apache.hadoop.hdds.server.http.HttpServer2$QuotingInputFilter)
2021-04-26 08:57:14,451 [Listener at 127.0.0.1/35725] INFO  http.HttpServer2 (HttpServer2.java:addFilter(996)) - Added filter static_user_filter (class=org.apache.hadoop.http.lib.StaticUserWebFilter$StaticUserFilter) to context hddsDatanode
2021-04-26 08:57:14,451 [Listener at 127.0.0.1/35725] INFO  http.HttpServer2 (HttpServer2.java:addFilter(1004)) - Added filter static_user_filter (class=org.apache.hadoop.http.lib.StaticUserWebFilter$StaticUserFilter) to context logs
2021-04-26 08:57:14,451 [Listener at 127.0.0.1/35725] INFO  http.HttpServer2 (HttpServer2.java:addFilter(1004)) - Added filter static_user_filter (class=org.apache.hadoop.http.lib.StaticUserWebFilter$StaticUserFilter) to context static
2021-04-26 08:57:14,451 [Listener at 127.0.0.1/35725] INFO  http.HttpServer2 (HttpServer2.java:bindListener(1238)) - Jetty bound to port 36477
2021-04-26 08:57:14,452 [Listener at 127.0.0.1/35725] INFO  server.Server (Server.java:doStart(375)) - jetty-9.4.35.v20201120; built: 2020-11-20T21:17:03.964Z; git: bdc54f03a5e0a7e280fab27f55c3c75ee8da89fb; jvm 1.8.0_232-b09
2021-04-26 08:57:14,453 [Listener at 127.0.0.1/35725] INFO  server.session (DefaultSessionIdManager.java:doStart(334)) - DefaultSessionIdManager workerName=node0
2021-04-26 08:57:14,454 [Listener at 127.0.0.1/35725] INFO  server.session (DefaultSessionIdManager.java:doStart(339)) - No SessionScavenger set, using defaults
2021-04-26 08:57:14,454 [Listener at 127.0.0.1/35725] INFO  server.session (HouseKeeper.java:startScavenging(132)) - node0 Scavenging every 660000ms
2021-04-26 08:57:14,454 [Listener at 127.0.0.1/35725] INFO  handler.ContextHandler (ContextHandler.java:doStart(916)) - Started o.e.j.s.ServletContextHandler@604201a0{logs,/logs,file:///github/workspace/mnt/ozone/hadoop-ozone/integration-test/target/log,AVAILABLE}
2021-04-26 08:57:14,455 [Listener at 127.0.0.1/35725] INFO  handler.ContextHandler (ContextHandler.java:doStart(916)) - Started o.e.j.s.ServletContextHandler@565995a1{static,/static,jar:file:/home/user/.m2/repository/org/apache/hadoop/hadoop-hdds-container-service/1.2.0-SNAPSHOT/hadoop-hdds-container-service-1.2.0-SNAPSHOT.jar!/webapps/static,AVAILABLE}
2021-04-26 08:57:14,599 [Listener at 127.0.0.1/35725] INFO  handler.ContextHandler (ContextHandler.java:doStart(916)) - Started o.e.j.w.WebAppContext@2f73cc9d{hddsDatanode,/,file:///tmp/jetty-0_0_0_0-36477-hadoop-hdds-container-service-1_2_0-SNAPSHOT_jar-_-any-8212333833359031002/webapp/,AVAILABLE}{jar:file:/home/user/.m2/repository/org/apache/hadoop/hadoop-hdds-container-service/1.2.0-SNAPSHOT/hadoop-hdds-container-service-1.2.0-SNAPSHOT.jar!/webapps/hddsDatanode}
2021-04-26 08:57:14,601 [Listener at 127.0.0.1/35725] INFO  server.AbstractConnector (AbstractConnector.java:doStart(331)) - Started ServerConnector@4f67d2b2{HTTP/1.1, (http/1.1)}{0.0.0.0:36477}
2021-04-26 08:57:14,601 [Listener at 127.0.0.1/35725] INFO  server.Server (Server.java:doStart(415)) - Started @143594ms
2021-04-26 08:57:14,601 [Listener at 127.0.0.1/35725] WARN  impl.MetricsSystemImpl (MetricsSystemImpl.java:register(279)) - Sink prometheus already exists!
2021-04-26 08:57:14,606 [Listener at 127.0.0.1/35725] INFO  http.BaseHttpServer (BaseHttpServer.java:updateConnectorAddress(327)) - HTTP server of hddsDatanode listening at http://0.0.0.0:36477
2021-04-26 08:57:14,607 [Listener at 127.0.0.1/35725] INFO  impl.MetricsSystemImpl (MetricsSystemImpl.java:init(158)) - HddsDatanode metrics system started (again)
2021-04-26 08:57:14,609 [Listener at 127.0.0.1/35725] INFO  ozone.HddsDatanodeService (HddsDatanodeService.java:start(217)) - HddsDatanodeService host:ffee826fe4eb ip:172.17.0.2
2021-04-26 08:57:14,613 [org.apache.hadoop.util.JvmPauseMonitor$Monitor@68e970ea] INFO  util.JvmPauseMonitor (JvmPauseMonitor.java:run(188)) - Starting JVM pause monitor
2021-04-26 08:57:14,615 [Datanode State Machine Task Thread - 0] INFO  datanode.InitDatanodeState (InitDatanodeState.java:persistContainerDatanodeDetails(145)) - DatanodeDetails is persisted to /github/workspace/mnt/ozone/hadoop-ozone/integration-test/target/test-dir/MiniOzoneClusterImpl-80072cdf-ce72-42fa-91c0-6b866cc407f5/datanode-7/meta/datanode.id
2021-04-26 08:57:14,615 [Listener at 127.0.0.1/35725] INFO  volume.HddsVolume (HddsVolume.java:<init>(176)) - Creating Volume: /github/workspace/mnt/ozone/hadoop-ozone/integration-test/target/test-dir/MiniOzoneClusterImpl-80072cdf-ce72-42fa-91c0-6b866cc407f5/datanode-8/data-0/containers/hdds of storage type : DISK and capacity : 9223372036854775807
2021-04-26 08:57:14,616 [Listener at 127.0.0.1/35725] INFO  volume.MutableVolumeSet (MutableVolumeSet.java:initializeVolumeSet(191)) - Added Volume : /github/workspace/mnt/ozone/hadoop-ozone/integration-test/target/test-dir/MiniOzoneClusterImpl-80072cdf-ce72-42fa-91c0-6b866cc407f5/datanode-8/data-0/containers/hdds to VolumeSet
2021-04-26 08:57:14,616 [Listener at 127.0.0.1/35725] INFO  volume.ThrottledAsyncChecker (ThrottledAsyncChecker.java:schedule(141)) - Scheduling a check for /github/workspace/mnt/ozone/hadoop-ozone/integration-test/target/test-dir/MiniOzoneClusterImpl-80072cdf-ce72-42fa-91c0-6b866cc407f5/datanode-8/data-0/containers/hdds
2021-04-26 08:57:14,617 [Listener at 127.0.0.1/35725] INFO  volume.HddsVolumeChecker (HddsVolumeChecker.java:checkAllVolumes(200)) - Scheduled health check for volume /github/workspace/mnt/ozone/hadoop-ozone/integration-test/target/test-dir/MiniOzoneClusterImpl-80072cdf-ce72-42fa-91c0-6b866cc407f5/datanode-8/data-0/containers/hdds
2021-04-26 08:57:14,628 [Listener at 127.0.0.1/35725] INFO  ozoneimpl.ContainerReader (ContainerReader.java:<init>(98)) - Running in upgrade mode:true
2021-04-26 08:57:14,629 [Thread-1327] INFO  ozoneimpl.ContainerReader (ContainerReader.java:readVolume(142)) - Start to verify containers on volume /github/workspace/mnt/ozone/hadoop-ozone/integration-test/target/test-dir/MiniOzoneClusterImpl-80072cdf-ce72-42fa-91c0-6b866cc407f5/datanode-8/data-0/containers/hdds
2021-04-26 08:57:14,629 [Thread-1327] INFO  ozoneimpl.ContainerReader (ContainerReader.java:readVolume(174)) - Finish verifying containers on volume /github/workspace/mnt/ozone/hadoop-ozone/integration-test/target/test-dir/MiniOzoneClusterImpl-80072cdf-ce72-42fa-91c0-6b866cc407f5/datanode-8/data-0/containers/hdds
2021-04-26 08:57:14,629 [Listener at 127.0.0.1/35725] INFO  ozoneimpl.OzoneContainer (OzoneContainer.java:buildContainerSet(225)) - Build ContainerSet costs 0s
2021-04-26 08:57:14,630 [Listener at 127.0.0.1/35725] INFO  server.RaftServer (ConfUtils.java:logGet(44)) - raft.rpc.type = GRPC (default)
2021-04-26 08:57:14,630 [Listener at 127.0.0.1/35725] INFO  grpc.GrpcFactory (GrpcFactory.java:checkPooledByteBufAllocatorUseCacheForAllThreads(48)) - PERFORMANCE WARNING: useCacheForAllThreads is true that may cause Netty to create a lot garbage objects and, as a result, trigger GC.
	It is recommended to disable useCacheForAllThreads by setting -Dorg.apache.ratis.thirdparty.io.netty.allocator.useCacheForAllThreads=false in command line.
2021-04-26 08:57:14,631 [Listener at 127.0.0.1/35725] INFO  grpc.GrpcConfigKeys (ConfUtils.java:logGet(44)) - raft.grpc.admin.port = 0 (custom)
2021-04-26 08:57:14,631 [Listener at 127.0.0.1/35725] INFO  grpc.GrpcConfigKeys (ConfUtils.java:logGet(44)) - raft.grpc.client.port = 0 (custom)
2021-04-26 08:57:14,631 [Listener at 127.0.0.1/35725] INFO  grpc.GrpcConfigKeys (ConfUtils.java:logGet(44)) - raft.grpc.server.port = 0 (default)
2021-04-26 08:57:14,631 [Listener at 127.0.0.1/35725] INFO  server.GrpcService (ConfUtils.java:logGet(44)) - raft.grpc.message.size.max = 32MB (=33554432) (custom)
2021-04-26 08:57:14,631 [Listener at 127.0.0.1/35725] INFO  server.RaftServerConfigKeys (ConfUtils.java:logGet(44)) - raft.server.log.appender.buffer.byte-limit = 33554432 (custom)
2021-04-26 08:57:14,632 [Listener at 127.0.0.1/35725] INFO  server.GrpcService (ConfUtils.java:logGet(44)) - raft.grpc.flow.control.window = 5MB (=5242880) (custom)
2021-04-26 08:57:14,632 [Listener at 127.0.0.1/35725] INFO  server.RaftServerConfigKeys (ConfUtils.java:logGet(44)) - raft.server.rpc.request.timeout = 3000ms (default)
2021-04-26 08:57:14,633 [Listener at 127.0.0.1/35725] INFO  impl.DataStreamServerImpl (ConfUtils.java:logGet(44)) - raft.datastream.type = DISABLED (default)
2021-04-26 08:57:14,633 [Listener at 127.0.0.1/35725] INFO  server.RaftServerConfigKeys (ConfUtils.java:logGet(44)) - raft.server.rpc.slowness.timeout = 300000ms (custom)
2021-04-26 08:57:14,633 [Listener at 127.0.0.1/35725] INFO  server.RaftServerConfigKeys (ConfUtils.java:logGet(44)) - raft.server.leaderelection.leader.step-down.wait-time = 10s (default)
2021-04-26 08:57:14,633 [Listener at 127.0.0.1/35725] INFO  server.RaftServerConfigKeys (ConfUtils.java:logGet(44)) - raft.server.storage.dir = [/github/workspace/mnt/ozone/hadoop-ozone/integration-test/target/test-dir/MiniOzoneClusterImpl-80072cdf-ce72-42fa-91c0-6b866cc407f5/datanode-8/data/ratis] (custom)
2021-04-26 08:57:14,638 [Listener at 127.0.0.1/35725] INFO  http.BaseHttpServer (BaseHttpServer.java:newHttpServer2BuilderForOzone(207)) - Starting Web-server for hddsDatanode at: http://0.0.0.0:0
2021-04-26 08:57:14,638 [Listener at 127.0.0.1/35725] INFO  http.BaseHttpServer (BaseHttpServer.java:<init>(106)) - Hadoop Security Enabled: false Ozone Security Enabled: false Ozone HTTP Security Enabled: false 
2021-04-26 08:57:14,639 [Listener at 127.0.0.1/35725] INFO  server.AuthenticationFilter (AuthenticationFilter.java:constructSecretProvider(240)) - Unable to initialize FileSignerSecretProvider, falling back to use random secrets.
2021-04-26 08:57:14,640 [Listener at 127.0.0.1/35725] WARN  http.HttpRequestLog (HttpRequestLog.java:getRequestLog(103)) - Jetty request log can only be enabled using Log4j
2021-04-26 08:57:14,641 [Listener at 127.0.0.1/35725] INFO  http.HttpServer2 (HttpServer2.java:addGlobalFilter(1020)) - Added global filter 'safety' (class=org.apache.hadoop.hdds.server.http.HttpServer2$QuotingInputFilter)
2021-04-26 08:57:14,641 [Listener at 127.0.0.1/35725] INFO  http.HttpServer2 (HttpServer2.java:addFilter(996)) - Added filter static_user_filter (class=org.apache.hadoop.http.lib.StaticUserWebFilter$StaticUserFilter) to context hddsDatanode
2021-04-26 08:57:14,642 [Listener at 127.0.0.1/35725] INFO  http.HttpServer2 (HttpServer2.java:addFilter(1004)) - Added filter static_user_filter (class=org.apache.hadoop.http.lib.StaticUserWebFilter$StaticUserFilter) to context logs
2021-04-26 08:57:14,642 [Listener at 127.0.0.1/35725] INFO  http.HttpServer2 (HttpServer2.java:addFilter(1004)) - Added filter static_user_filter (class=org.apache.hadoop.http.lib.StaticUserWebFilter$StaticUserFilter) to context static
2021-04-26 08:57:14,642 [Listener at 127.0.0.1/35725] INFO  http.HttpServer2 (HttpServer2.java:bindListener(1238)) - Jetty bound to port 35473
2021-04-26 08:57:14,642 [Listener at 127.0.0.1/35725] INFO  server.Server (Server.java:doStart(375)) - jetty-9.4.35.v20201120; built: 2020-11-20T21:17:03.964Z; git: bdc54f03a5e0a7e280fab27f55c3c75ee8da89fb; jvm 1.8.0_232-b09
2021-04-26 08:57:14,644 [Listener at 127.0.0.1/35725] INFO  server.session (DefaultSessionIdManager.java:doStart(334)) - DefaultSessionIdManager workerName=node0
2021-04-26 08:57:14,644 [Listener at 127.0.0.1/35725] INFO  server.session (DefaultSessionIdManager.java:doStart(339)) - No SessionScavenger set, using defaults
2021-04-26 08:57:14,645 [Listener at 127.0.0.1/35725] INFO  server.session (HouseKeeper.java:startScavenging(132)) - node0 Scavenging every 660000ms
2021-04-26 08:57:14,645 [Listener at 127.0.0.1/35725] INFO  handler.ContextHandler (ContextHandler.java:doStart(916)) - Started o.e.j.s.ServletContextHandler@6bd02ccb{logs,/logs,file:///github/workspace/mnt/ozone/hadoop-ozone/integration-test/target/log,AVAILABLE}
2021-04-26 08:57:14,646 [Listener at 127.0.0.1/35725] INFO  handler.ContextHandler (ContextHandler.java:doStart(916)) - Started o.e.j.s.ServletContextHandler@4267edd9{static,/static,jar:file:/home/user/.m2/repository/org/apache/hadoop/hadoop-hdds-container-service/1.2.0-SNAPSHOT/hadoop-hdds-container-service-1.2.0-SNAPSHOT.jar!/webapps/static,AVAILABLE}
2021-04-26 08:57:14,796 [Listener at 127.0.0.1/35725] INFO  handler.ContextHandler (ContextHandler.java:doStart(916)) - Started o.e.j.w.WebAppContext@6f99d91f{hddsDatanode,/,file:///tmp/jetty-0_0_0_0-35473-hadoop-hdds-container-service-1_2_0-SNAPSHOT_jar-_-any-1080639656618218682/webapp/,AVAILABLE}{jar:file:/home/user/.m2/repository/org/apache/hadoop/hadoop-hdds-container-service/1.2.0-SNAPSHOT/hadoop-hdds-container-service-1.2.0-SNAPSHOT.jar!/webapps/hddsDatanode}
2021-04-26 08:57:14,798 [Listener at 127.0.0.1/35725] INFO  server.AbstractConnector (AbstractConnector.java:doStart(331)) - Started ServerConnector@493f14e7{HTTP/1.1, (http/1.1)}{0.0.0.0:35473}
2021-04-26 08:57:14,798 [Listener at 127.0.0.1/35725] INFO  server.Server (Server.java:doStart(415)) - Started @143790ms
2021-04-26 08:57:14,798 [Listener at 127.0.0.1/35725] WARN  impl.MetricsSystemImpl (MetricsSystemImpl.java:register(279)) - Sink prometheus already exists!
2021-04-26 08:57:14,802 [Listener at 127.0.0.1/35725] INFO  http.BaseHttpServer (BaseHttpServer.java:updateConnectorAddress(327)) - HTTP server of hddsDatanode listening at http://0.0.0.0:35473
2021-04-26 08:57:14,804 [Listener at 127.0.0.1/35725] INFO  ozone.MiniOzoneClusterImpl (MiniOzoneClusterImpl.java:lambda$waitForClusterToBeReady$0(223)) - Waiting for nodes to be ready. Got 0 of 9 DN Heartbeats.
2021-04-26 08:57:14,804 [Listener at 127.0.0.1/35725] INFO  ozone.MiniOzoneClusterImpl (MiniOzoneClusterImpl.java:lambda$waitForClusterToBeReady$0(226)) - Waiting for cluster to exit safe mode
2021-04-26 08:57:14,804 [Listener at 127.0.0.1/35725] INFO  ozone.MiniOzoneClusterImpl (MiniOzoneClusterImpl.java:lambda$waitForClusterToBeReady$0(229)) - SCM became leader
2021-04-26 08:57:14,806 [org.apache.hadoop.util.JvmPauseMonitor$Monitor@452027f9] INFO  util.JvmPauseMonitor (JvmPauseMonitor.java:run(188)) - Starting JVM pause monitor
2021-04-26 08:57:14,809 [Datanode State Machine Task Thread - 0] INFO  datanode.InitDatanodeState (InitDatanodeState.java:persistContainerDatanodeDetails(145)) - DatanodeDetails is persisted to /github/workspace/mnt/ozone/hadoop-ozone/integration-test/target/test-dir/MiniOzoneClusterImpl-80072cdf-ce72-42fa-91c0-6b866cc407f5/datanode-8/meta/datanode.id
2021-04-26 08:57:15,100 [EndpointStateMachine task thread for /0.0.0.0:45849 - 0 ] INFO  ozoneimpl.OzoneContainer (OzoneContainer.java:start(292)) - Attempting to start container services.
2021-04-26 08:57:15,101 [EndpointStateMachine task thread for /0.0.0.0:45849 - 0 ] INFO  ozoneimpl.OzoneContainer (OzoneContainer.java:startContainerScrub(238)) - Background container scanner has been disabled.
2021-04-26 08:57:15,101 [EndpointStateMachine task thread for /0.0.0.0:45849 - 0 ] INFO  replication.ReplicationServer (ReplicationServer.java:start(106)) - ReplicationServer is started using port 34497
2021-04-26 08:57:15,102 [EndpointStateMachine task thread for /0.0.0.0:45849 - 0 ] INFO  ratis.XceiverServerRatis (XceiverServerRatis.java:start(490)) - Starting XceiverServerRatis 5dce0fb0-fe11-4d63-8819-9c36ac88e0b4
2021-04-26 08:57:15,103 [EndpointStateMachine task thread for /0.0.0.0:45849 - 0 ] INFO  server.RaftServer (RaftServerProxy.java:lambda$start$5(374)) - 5dce0fb0-fe11-4d63-8819-9c36ac88e0b4: start RPC server
2021-04-26 08:57:15,103 [EndpointStateMachine task thread for /0.0.0.0:45849 - 0 ] INFO  server.GrpcService (GrpcService.java:startImpl(253)) - 5dce0fb0-fe11-4d63-8819-9c36ac88e0b4: GrpcService started, listening on 35669
2021-04-26 08:57:15,103 [EndpointStateMachine task thread for /0.0.0.0:45849 - 0 ] INFO  ratis.XceiverServerRatis (XceiverServerRatis.java:getRealPort(511)) - XceiverServerRatis 5dce0fb0-fe11-4d63-8819-9c36ac88e0b4 is started using port 35669 for RATIS
2021-04-26 08:57:15,104 [org.apache.ratis.util.JvmPauseMonitor$$Lambda$504/221029289@67022bac] INFO  util.JvmPauseMonitor (JvmPauseMonitor.java:run(103)) - JvmPauseMonitor-5dce0fb0-fe11-4d63-8819-9c36ac88e0b4: Started
2021-04-26 08:57:15,104 [EndpointStateMachine task thread for /0.0.0.0:45849 - 0 ] INFO  ratis.XceiverServerRatis (XceiverServerRatis.java:getRealPort(511)) - XceiverServerRatis 5dce0fb0-fe11-4d63-8819-9c36ac88e0b4 is started using port 35669 for RATIS_ADMIN
2021-04-26 08:57:15,104 [EndpointStateMachine task thread for /0.0.0.0:45849 - 0 ] INFO  ratis.XceiverServerRatis (XceiverServerRatis.java:getRealPort(511)) - XceiverServerRatis 5dce0fb0-fe11-4d63-8819-9c36ac88e0b4 is started using port 35669 for RATIS_SERVER
2021-04-26 08:57:15,104 [EndpointStateMachine task thread for /0.0.0.0:45849 - 0 ] INFO  server.XceiverServerGrpc (XceiverServerGrpc.java:start(135)) - XceiverServerGrpc 5dce0fb0-fe11-4d63-8819-9c36ac88e0b4 is started using port 42393
2021-04-26 08:57:15,312 [EndpointStateMachine task thread for /0.0.0.0:45849 - 0 ] INFO  ozoneimpl.OzoneContainer (OzoneContainer.java:start(292)) - Attempting to start container services.
2021-04-26 08:57:15,312 [EndpointStateMachine task thread for /0.0.0.0:45849 - 0 ] INFO  ozoneimpl.OzoneContainer (OzoneContainer.java:startContainerScrub(238)) - Background container scanner has been disabled.
2021-04-26 08:57:15,313 [EndpointStateMachine task thread for /0.0.0.0:45849 - 0 ] INFO  replication.ReplicationServer (ReplicationServer.java:start(106)) - ReplicationServer is started using port 36035
2021-04-26 08:57:15,316 [EndpointStateMachine task thread for /0.0.0.0:45849 - 0 ] INFO  ratis.XceiverServerRatis (XceiverServerRatis.java:start(490)) - Starting XceiverServerRatis 3e3f1c58-71d4-4b4b-a4fa-fbb64653de38
2021-04-26 08:57:15,317 [EndpointStateMachine task thread for /0.0.0.0:45849 - 0 ] INFO  server.RaftServer (RaftServerProxy.java:lambda$start$5(374)) - 3e3f1c58-71d4-4b4b-a4fa-fbb64653de38: start RPC server
2021-04-26 08:57:15,320 [EndpointStateMachine task thread for /0.0.0.0:45849 - 0 ] INFO  server.GrpcService (GrpcService.java:startImpl(253)) - 3e3f1c58-71d4-4b4b-a4fa-fbb64653de38: GrpcService started, listening on 39811
2021-04-26 08:57:15,320 [EndpointStateMachine task thread for /0.0.0.0:45849 - 0 ] INFO  ratis.XceiverServerRatis (XceiverServerRatis.java:getRealPort(511)) - XceiverServerRatis 3e3f1c58-71d4-4b4b-a4fa-fbb64653de38 is started using port 39811 for RATIS
2021-04-26 08:57:15,320 [EndpointStateMachine task thread for /0.0.0.0:45849 - 0 ] INFO  ratis.XceiverServerRatis (XceiverServerRatis.java:getRealPort(511)) - XceiverServerRatis 3e3f1c58-71d4-4b4b-a4fa-fbb64653de38 is started using port 39811 for RATIS_ADMIN
2021-04-26 08:57:15,320 [EndpointStateMachine task thread for /0.0.0.0:45849 - 0 ] INFO  ratis.XceiverServerRatis (XceiverServerRatis.java:getRealPort(511)) - XceiverServerRatis 3e3f1c58-71d4-4b4b-a4fa-fbb64653de38 is started using port 39811 for RATIS_SERVER
2021-04-26 08:57:15,320 [org.apache.ratis.util.JvmPauseMonitor$$Lambda$504/221029289@44c9c1eb] INFO  util.JvmPauseMonitor (JvmPauseMonitor.java:run(103)) - JvmPauseMonitor-3e3f1c58-71d4-4b4b-a4fa-fbb64653de38: Started
2021-04-26 08:57:15,321 [EndpointStateMachine task thread for /0.0.0.0:45849 - 0 ] INFO  server.XceiverServerGrpc (XceiverServerGrpc.java:start(135)) - XceiverServerGrpc 3e3f1c58-71d4-4b4b-a4fa-fbb64653de38 is started using port 34485
2021-04-26 08:57:15,504 [EndpointStateMachine task thread for /0.0.0.0:45849 - 0 ] INFO  ozoneimpl.OzoneContainer (OzoneContainer.java:start(292)) - Attempting to start container services.
2021-04-26 08:57:15,505 [EndpointStateMachine task thread for /0.0.0.0:45849 - 0 ] INFO  ozoneimpl.OzoneContainer (OzoneContainer.java:startContainerScrub(238)) - Background container scanner has been disabled.
2021-04-26 08:57:15,505 [EndpointStateMachine task thread for /0.0.0.0:45849 - 0 ] INFO  replication.ReplicationServer (ReplicationServer.java:start(106)) - ReplicationServer is started using port 42279
2021-04-26 08:57:15,506 [EndpointStateMachine task thread for /0.0.0.0:45849 - 0 ] INFO  ratis.XceiverServerRatis (XceiverServerRatis.java:start(490)) - Starting XceiverServerRatis 13dc8373-51b3-40e2-8cf0-22ac5417d2f8
2021-04-26 08:57:15,506 [EndpointStateMachine task thread for /0.0.0.0:45849 - 0 ] INFO  server.RaftServer (RaftServerProxy.java:lambda$start$5(374)) - 13dc8373-51b3-40e2-8cf0-22ac5417d2f8: start RPC server
2021-04-26 08:57:15,507 [EndpointStateMachine task thread for /0.0.0.0:45849 - 0 ] INFO  server.GrpcService (GrpcService.java:startImpl(253)) - 13dc8373-51b3-40e2-8cf0-22ac5417d2f8: GrpcService started, listening on 40591
2021-04-26 08:57:15,507 [EndpointStateMachine task thread for /0.0.0.0:45849 - 0 ] INFO  ratis.XceiverServerRatis (XceiverServerRatis.java:getRealPort(511)) - XceiverServerRatis 13dc8373-51b3-40e2-8cf0-22ac5417d2f8 is started using port 40591 for RATIS
2021-04-26 08:57:15,507 [EndpointStateMachine task thread for /0.0.0.0:45849 - 0 ] INFO  ratis.XceiverServerRatis (XceiverServerRatis.java:getRealPort(511)) - XceiverServerRatis 13dc8373-51b3-40e2-8cf0-22ac5417d2f8 is started using port 40591 for RATIS_ADMIN
2021-04-26 08:57:15,507 [EndpointStateMachine task thread for /0.0.0.0:45849 - 0 ] INFO  ratis.XceiverServerRatis (XceiverServerRatis.java:getRealPort(511)) - XceiverServerRatis 13dc8373-51b3-40e2-8cf0-22ac5417d2f8 is started using port 40591 for RATIS_SERVER
2021-04-26 08:57:15,508 [EndpointStateMachine task thread for /0.0.0.0:45849 - 0 ] INFO  server.XceiverServerGrpc (XceiverServerGrpc.java:start(135)) - XceiverServerGrpc 13dc8373-51b3-40e2-8cf0-22ac5417d2f8 is started using port 45177
2021-04-26 08:57:15,508 [org.apache.ratis.util.JvmPauseMonitor$$Lambda$504/221029289@1b7a39b9] INFO  util.JvmPauseMonitor (JvmPauseMonitor.java:run(103)) - JvmPauseMonitor-13dc8373-51b3-40e2-8cf0-22ac5417d2f8: Started
2021-04-26 08:57:15,805 [Listener at 127.0.0.1/35725] INFO  ozone.MiniOzoneClusterImpl (MiniOzoneClusterImpl.java:lambda$waitForClusterToBeReady$0(223)) - Waiting for nodes to be ready. Got 0 of 9 DN Heartbeats.
2021-04-26 08:57:15,805 [Listener at 127.0.0.1/35725] INFO  ozone.MiniOzoneClusterImpl (MiniOzoneClusterImpl.java:lambda$waitForClusterToBeReady$0(226)) - Waiting for cluster to exit safe mode
2021-04-26 08:57:15,805 [Listener at 127.0.0.1/35725] INFO  ozone.MiniOzoneClusterImpl (MiniOzoneClusterImpl.java:lambda$waitForClusterToBeReady$0(229)) - SCM became leader
2021-04-26 08:57:15,821 [EndpointStateMachine task thread for /0.0.0.0:45849 - 0 ] INFO  ozoneimpl.OzoneContainer (OzoneContainer.java:start(292)) - Attempting to start container services.
2021-04-26 08:57:15,821 [EndpointStateMachine task thread for /0.0.0.0:45849 - 0 ] INFO  ozoneimpl.OzoneContainer (OzoneContainer.java:startContainerScrub(238)) - Background container scanner has been disabled.
2021-04-26 08:57:15,822 [EndpointStateMachine task thread for /0.0.0.0:45849 - 0 ] INFO  replication.ReplicationServer (ReplicationServer.java:start(106)) - ReplicationServer is started using port 45885
2021-04-26 08:57:15,822 [EndpointStateMachine task thread for /0.0.0.0:45849 - 0 ] INFO  ratis.XceiverServerRatis (XceiverServerRatis.java:start(490)) - Starting XceiverServerRatis 5dc8370d-b6a9-4413-93cd-e6395a769e0f
2021-04-26 08:57:15,823 [EndpointStateMachine task thread for /0.0.0.0:45849 - 0 ] INFO  server.RaftServer (RaftServerProxy.java:lambda$start$5(374)) - 5dc8370d-b6a9-4413-93cd-e6395a769e0f: start RPC server
2021-04-26 08:57:15,825 [EndpointStateMachine task thread for /0.0.0.0:45849 - 0 ] INFO  server.GrpcService (GrpcService.java:startImpl(253)) - 5dc8370d-b6a9-4413-93cd-e6395a769e0f: GrpcService started, listening on 46721
2021-04-26 08:57:15,826 [EndpointStateMachine task thread for /0.0.0.0:45849 - 0 ] INFO  ratis.XceiverServerRatis (XceiverServerRatis.java:getRealPort(511)) - XceiverServerRatis 5dc8370d-b6a9-4413-93cd-e6395a769e0f is started using port 46721 for RATIS
2021-04-26 08:57:15,826 [org.apache.ratis.util.JvmPauseMonitor$$Lambda$504/221029289@432a8c88] INFO  util.JvmPauseMonitor (JvmPauseMonitor.java:run(103)) - JvmPauseMonitor-5dc8370d-b6a9-4413-93cd-e6395a769e0f: Started
2021-04-26 08:57:15,826 [EndpointStateMachine task thread for /0.0.0.0:45849 - 0 ] INFO  ratis.XceiverServerRatis (XceiverServerRatis.java:getRealPort(511)) - XceiverServerRatis 5dc8370d-b6a9-4413-93cd-e6395a769e0f is started using port 46721 for RATIS_ADMIN
2021-04-26 08:57:15,826 [EndpointStateMachine task thread for /0.0.0.0:45849 - 0 ] INFO  ratis.XceiverServerRatis (XceiverServerRatis.java:getRealPort(511)) - XceiverServerRatis 5dc8370d-b6a9-4413-93cd-e6395a769e0f is started using port 46721 for RATIS_SERVER
2021-04-26 08:57:15,829 [EndpointStateMachine task thread for /0.0.0.0:45849 - 0 ] INFO  server.XceiverServerGrpc (XceiverServerGrpc.java:start(135)) - XceiverServerGrpc 5dc8370d-b6a9-4413-93cd-e6395a769e0f is started using port 35193
2021-04-26 08:57:16,005 [EndpointStateMachine task thread for /0.0.0.0:45849 - 0 ] INFO  ozoneimpl.OzoneContainer (OzoneContainer.java:start(292)) - Attempting to start container services.
2021-04-26 08:57:16,005 [EndpointStateMachine task thread for /0.0.0.0:45849 - 0 ] INFO  ozoneimpl.OzoneContainer (OzoneContainer.java:startContainerScrub(238)) - Background container scanner has been disabled.
2021-04-26 08:57:16,006 [EndpointStateMachine task thread for /0.0.0.0:45849 - 0 ] INFO  replication.ReplicationServer (ReplicationServer.java:start(106)) - ReplicationServer is started using port 36377
2021-04-26 08:57:16,006 [EndpointStateMachine task thread for /0.0.0.0:45849 - 0 ] INFO  ratis.XceiverServerRatis (XceiverServerRatis.java:start(490)) - Starting XceiverServerRatis db0caa31-6386-4e08-a3d7-702b3b383f1b
2021-04-26 08:57:16,007 [EndpointStateMachine task thread for /0.0.0.0:45849 - 0 ] INFO  server.RaftServer (RaftServerProxy.java:lambda$start$5(374)) - db0caa31-6386-4e08-a3d7-702b3b383f1b: start RPC server
2021-04-26 08:57:16,008 [EndpointStateMachine task thread for /0.0.0.0:45849 - 0 ] INFO  server.GrpcService (GrpcService.java:startImpl(253)) - db0caa31-6386-4e08-a3d7-702b3b383f1b: GrpcService started, listening on 46785
2021-04-26 08:57:16,008 [EndpointStateMachine task thread for /0.0.0.0:45849 - 0 ] INFO  ratis.XceiverServerRatis (XceiverServerRatis.java:getRealPort(511)) - XceiverServerRatis db0caa31-6386-4e08-a3d7-702b3b383f1b is started using port 46785 for RATIS
2021-04-26 08:57:16,008 [org.apache.ratis.util.JvmPauseMonitor$$Lambda$504/221029289@47f8dcbb] INFO  util.JvmPauseMonitor (JvmPauseMonitor.java:run(103)) - JvmPauseMonitor-db0caa31-6386-4e08-a3d7-702b3b383f1b: Started
2021-04-26 08:57:16,008 [EndpointStateMachine task thread for /0.0.0.0:45849 - 0 ] INFO  ratis.XceiverServerRatis (XceiverServerRatis.java:getRealPort(511)) - XceiverServerRatis db0caa31-6386-4e08-a3d7-702b3b383f1b is started using port 46785 for RATIS_ADMIN
2021-04-26 08:57:16,008 [EndpointStateMachine task thread for /0.0.0.0:45849 - 0 ] INFO  ratis.XceiverServerRatis (XceiverServerRatis.java:getRealPort(511)) - XceiverServerRatis db0caa31-6386-4e08-a3d7-702b3b383f1b is started using port 46785 for RATIS_SERVER
2021-04-26 08:57:16,008 [EndpointStateMachine task thread for /0.0.0.0:45849 - 0 ] INFO  server.XceiverServerGrpc (XceiverServerGrpc.java:start(135)) - XceiverServerGrpc db0caa31-6386-4e08-a3d7-702b3b383f1b is started using port 35165
2021-04-26 08:57:16,242 [EndpointStateMachine task thread for /0.0.0.0:45849 - 0 ] INFO  ozoneimpl.OzoneContainer (OzoneContainer.java:start(292)) - Attempting to start container services.
2021-04-26 08:57:16,243 [EndpointStateMachine task thread for /0.0.0.0:45849 - 0 ] INFO  ozoneimpl.OzoneContainer (OzoneContainer.java:startContainerScrub(238)) - Background container scanner has been disabled.
2021-04-26 08:57:16,244 [EndpointStateMachine task thread for /0.0.0.0:45849 - 0 ] INFO  replication.ReplicationServer (ReplicationServer.java:start(106)) - ReplicationServer is started using port 46075
2021-04-26 08:57:16,244 [EndpointStateMachine task thread for /0.0.0.0:45849 - 0 ] INFO  ratis.XceiverServerRatis (XceiverServerRatis.java:start(490)) - Starting XceiverServerRatis 34a5109f-6b66-4541-bda1-cf9f603884f1
2021-04-26 08:57:16,245 [EndpointStateMachine task thread for /0.0.0.0:45849 - 0 ] INFO  server.RaftServer (RaftServerProxy.java:lambda$start$5(374)) - 34a5109f-6b66-4541-bda1-cf9f603884f1: start RPC server
2021-04-26 08:57:16,245 [EndpointStateMachine task thread for /0.0.0.0:45849 - 0 ] INFO  server.GrpcService (GrpcService.java:startImpl(253)) - 34a5109f-6b66-4541-bda1-cf9f603884f1: GrpcService started, listening on 38029
2021-04-26 08:57:16,246 [EndpointStateMachine task thread for /0.0.0.0:45849 - 0 ] INFO  ratis.XceiverServerRatis (XceiverServerRatis.java:getRealPort(511)) - XceiverServerRatis 34a5109f-6b66-4541-bda1-cf9f603884f1 is started using port 38029 for RATIS
2021-04-26 08:57:16,246 [org.apache.ratis.util.JvmPauseMonitor$$Lambda$504/221029289@3dbc9098] INFO  util.JvmPauseMonitor (JvmPauseMonitor.java:run(103)) - JvmPauseMonitor-34a5109f-6b66-4541-bda1-cf9f603884f1: Started
2021-04-26 08:57:16,246 [EndpointStateMachine task thread for /0.0.0.0:45849 - 0 ] INFO  ratis.XceiverServerRatis (XceiverServerRatis.java:getRealPort(511)) - XceiverServerRatis 34a5109f-6b66-4541-bda1-cf9f603884f1 is started using port 38029 for RATIS_ADMIN
2021-04-26 08:57:16,246 [EndpointStateMachine task thread for /0.0.0.0:45849 - 0 ] INFO  ratis.XceiverServerRatis (XceiverServerRatis.java:getRealPort(511)) - XceiverServerRatis 34a5109f-6b66-4541-bda1-cf9f603884f1 is started using port 38029 for RATIS_SERVER
2021-04-26 08:57:16,246 [EndpointStateMachine task thread for /0.0.0.0:45849 - 0 ] INFO  server.XceiverServerGrpc (XceiverServerGrpc.java:start(135)) - XceiverServerGrpc 34a5109f-6b66-4541-bda1-cf9f603884f1 is started using port 33587
2021-04-26 08:57:16,425 [EndpointStateMachine task thread for /0.0.0.0:45849 - 0 ] INFO  ozoneimpl.OzoneContainer (OzoneContainer.java:start(292)) - Attempting to start container services.
2021-04-26 08:57:16,425 [EndpointStateMachine task thread for /0.0.0.0:45849 - 0 ] INFO  ozoneimpl.OzoneContainer (OzoneContainer.java:startContainerScrub(238)) - Background container scanner has been disabled.
2021-04-26 08:57:16,426 [EndpointStateMachine task thread for /0.0.0.0:45849 - 0 ] INFO  replication.ReplicationServer (ReplicationServer.java:start(106)) - ReplicationServer is started using port 44211
2021-04-26 08:57:16,426 [EndpointStateMachine task thread for /0.0.0.0:45849 - 0 ] INFO  ratis.XceiverServerRatis (XceiverServerRatis.java:start(490)) - Starting XceiverServerRatis 54deb671-31b1-41db-855f-b4cb6a4dc3be
2021-04-26 08:57:16,430 [EndpointStateMachine task thread for /0.0.0.0:45849 - 0 ] INFO  server.RaftServer (RaftServerProxy.java:lambda$start$5(374)) - 54deb671-31b1-41db-855f-b4cb6a4dc3be: start RPC server
2021-04-26 08:57:16,431 [EndpointStateMachine task thread for /0.0.0.0:45849 - 0 ] INFO  server.GrpcService (GrpcService.java:startImpl(253)) - 54deb671-31b1-41db-855f-b4cb6a4dc3be: GrpcService started, listening on 33455
2021-04-26 08:57:16,431 [EndpointStateMachine task thread for /0.0.0.0:45849 - 0 ] INFO  ratis.XceiverServerRatis (XceiverServerRatis.java:getRealPort(511)) - XceiverServerRatis 54deb671-31b1-41db-855f-b4cb6a4dc3be is started using port 33455 for RATIS
2021-04-26 08:57:16,432 [EndpointStateMachine task thread for /0.0.0.0:45849 - 0 ] INFO  ratis.XceiverServerRatis (XceiverServerRatis.java:getRealPort(511)) - XceiverServerRatis 54deb671-31b1-41db-855f-b4cb6a4dc3be is started using port 33455 for RATIS_ADMIN
2021-04-26 08:57:16,432 [EndpointStateMachine task thread for /0.0.0.0:45849 - 0 ] INFO  ratis.XceiverServerRatis (XceiverServerRatis.java:getRealPort(511)) - XceiverServerRatis 54deb671-31b1-41db-855f-b4cb6a4dc3be is started using port 33455 for RATIS_SERVER
2021-04-26 08:57:16,432 [EndpointStateMachine task thread for /0.0.0.0:45849 - 0 ] INFO  server.XceiverServerGrpc (XceiverServerGrpc.java:start(135)) - XceiverServerGrpc 54deb671-31b1-41db-855f-b4cb6a4dc3be is started using port 42669
2021-04-26 08:57:16,433 [org.apache.ratis.util.JvmPauseMonitor$$Lambda$504/221029289@7c480607] INFO  util.JvmPauseMonitor (JvmPauseMonitor.java:run(103)) - JvmPauseMonitor-54deb671-31b1-41db-855f-b4cb6a4dc3be: Started
2021-04-26 08:57:16,616 [EndpointStateMachine task thread for /0.0.0.0:45849 - 0 ] INFO  ozoneimpl.OzoneContainer (OzoneContainer.java:start(292)) - Attempting to start container services.
2021-04-26 08:57:16,616 [EndpointStateMachine task thread for /0.0.0.0:45849 - 0 ] INFO  ozoneimpl.OzoneContainer (OzoneContainer.java:startContainerScrub(238)) - Background container scanner has been disabled.
2021-04-26 08:57:16,617 [EndpointStateMachine task thread for /0.0.0.0:45849 - 0 ] INFO  replication.ReplicationServer (ReplicationServer.java:start(106)) - ReplicationServer is started using port 35617
2021-04-26 08:57:16,617 [EndpointStateMachine task thread for /0.0.0.0:45849 - 0 ] INFO  ratis.XceiverServerRatis (XceiverServerRatis.java:start(490)) - Starting XceiverServerRatis bdd1f724-d5b6-4784-ba93-1388b38fcec3
2021-04-26 08:57:16,619 [EndpointStateMachine task thread for /0.0.0.0:45849 - 0 ] INFO  server.RaftServer (RaftServerProxy.java:lambda$start$5(374)) - bdd1f724-d5b6-4784-ba93-1388b38fcec3: start RPC server
2021-04-26 08:57:16,619 [EndpointStateMachine task thread for /0.0.0.0:45849 - 0 ] INFO  server.GrpcService (GrpcService.java:startImpl(253)) - bdd1f724-d5b6-4784-ba93-1388b38fcec3: GrpcService started, listening on 39283
2021-04-26 08:57:16,620 [EndpointStateMachine task thread for /0.0.0.0:45849 - 0 ] INFO  ratis.XceiverServerRatis (XceiverServerRatis.java:getRealPort(511)) - XceiverServerRatis bdd1f724-d5b6-4784-ba93-1388b38fcec3 is started using port 39283 for RATIS
2021-04-26 08:57:16,620 [org.apache.ratis.util.JvmPauseMonitor$$Lambda$504/221029289@1e42552e] INFO  util.JvmPauseMonitor (JvmPauseMonitor.java:run(103)) - JvmPauseMonitor-bdd1f724-d5b6-4784-ba93-1388b38fcec3: Started
2021-04-26 08:57:16,620 [EndpointStateMachine task thread for /0.0.0.0:45849 - 0 ] INFO  ratis.XceiverServerRatis (XceiverServerRatis.java:getRealPort(511)) - XceiverServerRatis bdd1f724-d5b6-4784-ba93-1388b38fcec3 is started using port 39283 for RATIS_ADMIN
2021-04-26 08:57:16,620 [EndpointStateMachine task thread for /0.0.0.0:45849 - 0 ] INFO  ratis.XceiverServerRatis (XceiverServerRatis.java:getRealPort(511)) - XceiverServerRatis bdd1f724-d5b6-4784-ba93-1388b38fcec3 is started using port 39283 for RATIS_SERVER
2021-04-26 08:57:16,620 [EndpointStateMachine task thread for /0.0.0.0:45849 - 0 ] INFO  server.XceiverServerGrpc (XceiverServerGrpc.java:start(135)) - XceiverServerGrpc bdd1f724-d5b6-4784-ba93-1388b38fcec3 is started using port 40429
2021-04-26 08:57:16,805 [Listener at 127.0.0.1/35725] INFO  ozone.MiniOzoneClusterImpl (MiniOzoneClusterImpl.java:lambda$waitForClusterToBeReady$0(223)) - Waiting for nodes to be ready. Got 0 of 9 DN Heartbeats.
2021-04-26 08:57:16,806 [Listener at 127.0.0.1/35725] INFO  ozone.MiniOzoneClusterImpl (MiniOzoneClusterImpl.java:lambda$waitForClusterToBeReady$0(226)) - Waiting for cluster to exit safe mode
2021-04-26 08:57:16,806 [Listener at 127.0.0.1/35725] INFO  ozone.MiniOzoneClusterImpl (MiniOzoneClusterImpl.java:lambda$waitForClusterToBeReady$0(229)) - SCM became leader
2021-04-26 08:57:16,809 [EndpointStateMachine task thread for /0.0.0.0:45849 - 0 ] INFO  ozoneimpl.OzoneContainer (OzoneContainer.java:start(292)) - Attempting to start container services.
2021-04-26 08:57:16,809 [EndpointStateMachine task thread for /0.0.0.0:45849 - 0 ] INFO  ozoneimpl.OzoneContainer (OzoneContainer.java:startContainerScrub(238)) - Background container scanner has been disabled.
2021-04-26 08:57:16,811 [EndpointStateMachine task thread for /0.0.0.0:45849 - 0 ] INFO  replication.ReplicationServer (ReplicationServer.java:start(106)) - ReplicationServer is started using port 35603
2021-04-26 08:57:16,811 [EndpointStateMachine task thread for /0.0.0.0:45849 - 0 ] INFO  ratis.XceiverServerRatis (XceiverServerRatis.java:start(490)) - Starting XceiverServerRatis 4b08603e-a2c1-4ef0-b5a8-ac91ab9d3d00
2021-04-26 08:57:16,812 [EndpointStateMachine task thread for /0.0.0.0:45849 - 0 ] INFO  server.RaftServer (RaftServerProxy.java:lambda$start$5(374)) - 4b08603e-a2c1-4ef0-b5a8-ac91ab9d3d00: start RPC server
2021-04-26 08:57:16,812 [EndpointStateMachine task thread for /0.0.0.0:45849 - 0 ] INFO  server.GrpcService (GrpcService.java:startImpl(253)) - 4b08603e-a2c1-4ef0-b5a8-ac91ab9d3d00: GrpcService started, listening on 35733
2021-04-26 08:57:16,813 [EndpointStateMachine task thread for /0.0.0.0:45849 - 0 ] INFO  ratis.XceiverServerRatis (XceiverServerRatis.java:getRealPort(511)) - XceiverServerRatis 4b08603e-a2c1-4ef0-b5a8-ac91ab9d3d00 is started using port 35733 for RATIS
2021-04-26 08:57:16,813 [org.apache.ratis.util.JvmPauseMonitor$$Lambda$504/221029289@55eeafd4] INFO  util.JvmPauseMonitor (JvmPauseMonitor.java:run(103)) - JvmPauseMonitor-4b08603e-a2c1-4ef0-b5a8-ac91ab9d3d00: Started
2021-04-26 08:57:16,813 [EndpointStateMachine task thread for /0.0.0.0:45849 - 0 ] INFO  ratis.XceiverServerRatis (XceiverServerRatis.java:getRealPort(511)) - XceiverServerRatis 4b08603e-a2c1-4ef0-b5a8-ac91ab9d3d00 is started using port 35733 for RATIS_ADMIN
2021-04-26 08:57:16,813 [EndpointStateMachine task thread for /0.0.0.0:45849 - 0 ] INFO  ratis.XceiverServerRatis (XceiverServerRatis.java:getRealPort(511)) - XceiverServerRatis 4b08603e-a2c1-4ef0-b5a8-ac91ab9d3d00 is started using port 35733 for RATIS_SERVER
2021-04-26 08:57:16,813 [EndpointStateMachine task thread for /0.0.0.0:45849 - 0 ] INFO  server.XceiverServerGrpc (XceiverServerGrpc.java:start(135)) - XceiverServerGrpc 4b08603e-a2c1-4ef0-b5a8-ac91ab9d3d00 is started using port 33025
2021-04-26 08:57:17,096 [IPC Server handler 2 on default port 45849] INFO  net.NetworkTopologyImpl (NetworkTopologyImpl.java:add(112)) - Added a new node: /default-rack/5dce0fb0-fe11-4d63-8819-9c36ac88e0b4
2021-04-26 08:57:17,098 [IPC Server handler 2 on default port 45849] INFO  node.SCMNodeManager (SCMNodeManager.java:register(348)) - Registered Data node : 5dce0fb0-fe11-4d63-8819-9c36ac88e0b4{ip: 172.17.0.2, host: ffee826fe4eb, ports: [REPLICATION=34497, RATIS=35669, RATIS_ADMIN=35669, RATIS_SERVER=35669, STANDALONE=42393], networkLocation: /default-rack, certSerialId: null, persistedOpState: null, persistedOpStateExpiryEpochSec: 0}
2021-04-26 08:57:17,105 [EventQueue-NewNodeForNewNodeHandler] INFO  pipeline.BackgroundPipelineCreator (BackgroundPipelineCreatorV2.java:notifyEventTriggered(282)) - trigger a one-shot run on RatisPipelineUtilsThread.
2021-04-26 08:57:17,112 [EventQueue-NodeRegistrationContainerReportForContainerSafeModeRule] INFO  safemode.SCMSafeModeManager (SCMSafeModeManager.java:validateSafeModeExitRules(201)) - ContainerSafeModeRule rule is successfully validated
2021-04-26 08:57:17,112 [RatisPipelineUtilsThread - 0] INFO  pipeline.RatisPipelineProvider (RatisPipelineProvider.java:lambda$create$0(170)) - Sending CreatePipelineCommand for pipeline:PipelineID=21344cef-3128-4a67-8121-52aceb09b551 to datanode:5dce0fb0-fe11-4d63-8819-9c36ac88e0b4
2021-04-26 08:57:17,112 [EventQueue-NodeRegistrationContainerReportForDataNodeSafeModeRule] INFO  safemode.SCMSafeModeManager (DataNodeSafeModeRule.java:process(71)) - SCM in safe mode. 1 DataNodes registered, 1 required.
2021-04-26 08:57:17,113 [RatisPipelineUtilsThread - 0] INFO  pipeline.PipelineStateManager (PipelineStateManagerV2Impl.java:addPipeline(101)) - Created pipeline Pipeline[ Id: 21344cef-3128-4a67-8121-52aceb09b551, Nodes: 5dce0fb0-fe11-4d63-8819-9c36ac88e0b4{ip: 172.17.0.2, host: ffee826fe4eb, ports: [REPLICATION=34497, RATIS=35669, RATIS_ADMIN=35669, RATIS_SERVER=35669, STANDALONE=42393], networkLocation: /default-rack, certSerialId: null, persistedOpState: IN_SERVICE, persistedOpStateExpiryEpochSec: 0}, ReplicationConfig: RATIS/ONE, State:ALLOCATED, leaderId:, CreationTimestamp2021-04-26T08:57:17.112Z].
2021-04-26 08:57:17,118 [EventQueue-NodeRegistrationContainerReportForDataNodeSafeModeRule] INFO  safemode.SCMSafeModeManager (SCMSafeModeManager.java:validateSafeModeExitRules(201)) - DataNodeSafeModeRule rule is successfully validated
2021-04-26 08:57:17,118 [EventQueue-NodeRegistrationContainerReportForDataNodeSafeModeRule] INFO  safemode.SCMSafeModeManager (SCMSafeModeManager.java:completePreCheck(229)) - All SCM safe mode pre check rules have passed
2021-04-26 08:57:17,118 [EventQueue-NodeRegistrationContainerReportForDataNodeSafeModeRule] WARN  events.EventQueue (EventQueue.java:fireEvent(185)) - No event handler registered for event TypedEvent{payloadType=SafeModeStatus, name='Safe mode status'}
2021-04-26 08:57:17,118 [EventQueue-NodeRegistrationContainerReportForDataNodeSafeModeRule] INFO  ha.SCMContext (SCMContext.java:updateSafeModeStatus(147)) - Update SafeModeStatus from SafeModeStatus{safeModeStatus=true, preCheckPassed=false} to SafeModeStatus{safeModeStatus=true, preCheckPassed=true}.
2021-04-26 08:57:17,118 [EventQueue-NodeRegistrationContainerReportForDataNodeSafeModeRule] INFO  pipeline.BackgroundPipelineCreator (BackgroundPipelineCreatorV2.java:notifyEventTriggered(282)) - trigger a one-shot run on RatisPipelineUtilsThread.
2021-04-26 08:57:17,119 [RatisPipelineUtilsThread - 0] WARN  pipeline.PipelinePlacementPolicy (PipelinePlacementPolicy.java:filterViableNodes(149)) - Pipeline creation failed due to no sufficient healthy datanodes. Required 3. Found 1.
2021-04-26 08:57:17,119 [EventQueue-PipelineReportForOneReplicaPipelineSafeModeRule] INFO  safemode.SCMSafeModeManager (SCMSafeModeManager.java:validateSafeModeExitRules(201)) - AtleastOneDatanodeReportedRule rule is successfully validated
2021-04-26 08:57:17,308 [IPC Server handler 3 on default port 45849] INFO  net.NetworkTopologyImpl (NetworkTopologyImpl.java:add(112)) - Added a new node: /default-rack/3e3f1c58-71d4-4b4b-a4fa-fbb64653de38
2021-04-26 08:57:17,308 [IPC Server handler 3 on default port 45849] INFO  node.SCMNodeManager (SCMNodeManager.java:register(348)) - Registered Data node : 3e3f1c58-71d4-4b4b-a4fa-fbb64653de38{ip: 172.17.0.2, host: ffee826fe4eb, ports: [REPLICATION=36035, RATIS=39811, RATIS_ADMIN=39811, RATIS_SERVER=39811, STANDALONE=34485], networkLocation: /default-rack, certSerialId: null, persistedOpState: null, persistedOpStateExpiryEpochSec: 0}
2021-04-26 08:57:17,308 [EventQueue-NewNodeForNewNodeHandler] INFO  pipeline.BackgroundPipelineCreator (BackgroundPipelineCreatorV2.java:notifyEventTriggered(282)) - trigger a one-shot run on RatisPipelineUtilsThread.
2021-04-26 08:57:17,309 [EventQueue-NodeRegistrationContainerReportForContainerSafeModeRule] INFO  safemode.SCMSafeModeManager (SCMSafeModeManager.java:validateSafeModeExitRules(201)) - ContainerSafeModeRule rule is successfully validated
2021-04-26 08:57:17,309 [EventQueue-PipelineReportForOneReplicaPipelineSafeModeRule] INFO  safemode.SCMSafeModeManager (SCMSafeModeManager.java:validateSafeModeExitRules(201)) - AtleastOneDatanodeReportedRule rule is successfully validated
2021-04-26 08:57:17,309 [EventQueue-NodeRegistrationContainerReportForDataNodeSafeModeRule] INFO  safemode.SCMSafeModeManager (SCMSafeModeManager.java:validateSafeModeExitRules(201)) - DataNodeSafeModeRule rule is successfully validated
2021-04-26 08:57:17,309 [RatisPipelineUtilsThread - 0] INFO  pipeline.RatisPipelineProvider (RatisPipelineProvider.java:lambda$create$0(170)) - Sending CreatePipelineCommand for pipeline:PipelineID=57aae860-35d8-41d9-9614-0c0d581c6c1b to datanode:3e3f1c58-71d4-4b4b-a4fa-fbb64653de38
2021-04-26 08:57:17,310 [RatisPipelineUtilsThread - 0] INFO  pipeline.PipelineStateManager (PipelineStateManagerV2Impl.java:addPipeline(101)) - Created pipeline Pipeline[ Id: 57aae860-35d8-41d9-9614-0c0d581c6c1b, Nodes: 3e3f1c58-71d4-4b4b-a4fa-fbb64653de38{ip: 172.17.0.2, host: ffee826fe4eb, ports: [REPLICATION=36035, RATIS=39811, RATIS_ADMIN=39811, RATIS_SERVER=39811, STANDALONE=34485], networkLocation: /default-rack, certSerialId: null, persistedOpState: IN_SERVICE, persistedOpStateExpiryEpochSec: 0}, ReplicationConfig: RATIS/ONE, State:ALLOCATED, leaderId:, CreationTimestamp2021-04-26T08:57:17.309Z].
2021-04-26 08:57:17,310 [RatisPipelineUtilsThread - 0] WARN  pipeline.PipelinePlacementPolicy (PipelinePlacementPolicy.java:filterViableNodes(149)) - Pipeline creation failed due to no sufficient healthy datanodes. Required 3. Found 2.
2021-04-26 08:57:17,502 [IPC Server handler 4 on default port 45849] INFO  net.NetworkTopologyImpl (NetworkTopologyImpl.java:add(112)) - Added a new node: /default-rack/13dc8373-51b3-40e2-8cf0-22ac5417d2f8
2021-04-26 08:57:17,502 [IPC Server handler 4 on default port 45849] INFO  node.SCMNodeManager (SCMNodeManager.java:register(348)) - Registered Data node : 13dc8373-51b3-40e2-8cf0-22ac5417d2f8{ip: 172.17.0.2, host: ffee826fe4eb, ports: [REPLICATION=42279, RATIS=40591, RATIS_ADMIN=40591, RATIS_SERVER=40591, STANDALONE=45177], networkLocation: /default-rack, certSerialId: null, persistedOpState: null, persistedOpStateExpiryEpochSec: 0}
2021-04-26 08:57:17,502 [EventQueue-NewNodeForNewNodeHandler] INFO  pipeline.BackgroundPipelineCreator (BackgroundPipelineCreatorV2.java:notifyEventTriggered(282)) - trigger a one-shot run on RatisPipelineUtilsThread.
2021-04-26 08:57:17,502 [EventQueue-NodeRegistrationContainerReportForDataNodeSafeModeRule] INFO  safemode.SCMSafeModeManager (SCMSafeModeManager.java:validateSafeModeExitRules(201)) - DataNodeSafeModeRule rule is successfully validated
2021-04-26 08:57:17,503 [EventQueue-NodeRegistrationContainerReportForContainerSafeModeRule] INFO  safemode.SCMSafeModeManager (SCMSafeModeManager.java:validateSafeModeExitRules(201)) - ContainerSafeModeRule rule is successfully validated
2021-04-26 08:57:17,503 [EventQueue-PipelineReportForOneReplicaPipelineSafeModeRule] INFO  safemode.SCMSafeModeManager (SCMSafeModeManager.java:validateSafeModeExitRules(201)) - AtleastOneDatanodeReportedRule rule is successfully validated
2021-04-26 08:57:17,503 [RatisPipelineUtilsThread - 0] INFO  pipeline.RatisPipelineProvider (RatisPipelineProvider.java:lambda$create$0(170)) - Sending CreatePipelineCommand for pipeline:PipelineID=e91205d7-da02-4e22-9650-dd283d211a4a to datanode:13dc8373-51b3-40e2-8cf0-22ac5417d2f8
2021-04-26 08:57:17,504 [RatisPipelineUtilsThread - 0] INFO  pipeline.PipelineStateManager (PipelineStateManagerV2Impl.java:addPipeline(101)) - Created pipeline Pipeline[ Id: e91205d7-da02-4e22-9650-dd283d211a4a, Nodes: 13dc8373-51b3-40e2-8cf0-22ac5417d2f8{ip: 172.17.0.2, host: ffee826fe4eb, ports: [REPLICATION=42279, RATIS=40591, RATIS_ADMIN=40591, RATIS_SERVER=40591, STANDALONE=45177], networkLocation: /default-rack, certSerialId: null, persistedOpState: IN_SERVICE, persistedOpStateExpiryEpochSec: 0}, ReplicationConfig: RATIS/ONE, State:ALLOCATED, leaderId:, CreationTimestamp2021-04-26T08:57:17.503Z].
2021-04-26 08:57:17,504 [RatisPipelineUtilsThread - 0] INFO  pipeline.RatisPipelineProvider (RatisPipelineProvider.java:lambda$create$0(170)) - Sending CreatePipelineCommand for pipeline:PipelineID=aa22d13b-0188-4d85-8a6b-4777c1971ffe to datanode:3e3f1c58-71d4-4b4b-a4fa-fbb64653de38
2021-04-26 08:57:17,504 [RatisPipelineUtilsThread - 0] INFO  pipeline.RatisPipelineProvider (RatisPipelineProvider.java:lambda$create$0(170)) - Sending CreatePipelineCommand for pipeline:PipelineID=aa22d13b-0188-4d85-8a6b-4777c1971ffe to datanode:5dce0fb0-fe11-4d63-8819-9c36ac88e0b4
2021-04-26 08:57:17,504 [RatisPipelineUtilsThread - 0] INFO  pipeline.RatisPipelineProvider (RatisPipelineProvider.java:lambda$create$0(170)) - Sending CreatePipelineCommand for pipeline:PipelineID=aa22d13b-0188-4d85-8a6b-4777c1971ffe to datanode:13dc8373-51b3-40e2-8cf0-22ac5417d2f8
2021-04-26 08:57:17,504 [RatisPipelineUtilsThread - 0] INFO  pipeline.PipelineStateManager (PipelineStateManagerV2Impl.java:addPipeline(101)) - Created pipeline Pipeline[ Id: aa22d13b-0188-4d85-8a6b-4777c1971ffe, Nodes: 3e3f1c58-71d4-4b4b-a4fa-fbb64653de38{ip: 172.17.0.2, host: ffee826fe4eb, ports: [REPLICATION=36035, RATIS=39811, RATIS_ADMIN=39811, RATIS_SERVER=39811, STANDALONE=34485], networkLocation: /default-rack, certSerialId: null, persistedOpState: IN_SERVICE, persistedOpStateExpiryEpochSec: 0}5dce0fb0-fe11-4d63-8819-9c36ac88e0b4{ip: 172.17.0.2, host: ffee826fe4eb, ports: [REPLICATION=34497, RATIS=35669, RATIS_ADMIN=35669, RATIS_SERVER=35669, STANDALONE=42393], networkLocation: /default-rack, certSerialId: null, persistedOpState: IN_SERVICE, persistedOpStateExpiryEpochSec: 0}13dc8373-51b3-40e2-8cf0-22ac5417d2f8{ip: 172.17.0.2, host: ffee826fe4eb, ports: [REPLICATION=42279, RATIS=40591, RATIS_ADMIN=40591, RATIS_SERVER=40591, STANDALONE=45177], networkLocation: /default-rack, certSerialId: null, persistedOpState: IN_SERVICE, persistedOpStateExpiryEpochSec: 0}, ReplicationConfig: RATIS/THREE, State:ALLOCATED, leaderId:, CreationTimestamp2021-04-26T08:57:17.504Z].
2021-04-26 08:57:17,806 [Listener at 127.0.0.1/35725] INFO  ozone.MiniOzoneClusterImpl (MiniOzoneClusterImpl.java:lambda$waitForClusterToBeReady$0(223)) - Waiting for nodes to be ready. Got 3 of 9 DN Heartbeats.
2021-04-26 08:57:17,807 [Listener at 127.0.0.1/35725] INFO  ozone.MiniOzoneClusterImpl (MiniOzoneClusterImpl.java:lambda$waitForClusterToBeReady$0(226)) - Waiting for cluster to exit safe mode
2021-04-26 08:57:17,807 [Listener at 127.0.0.1/35725] INFO  ozone.MiniOzoneClusterImpl (MiniOzoneClusterImpl.java:lambda$waitForClusterToBeReady$0(229)) - SCM became leader
2021-04-26 08:57:17,819 [IPC Server handler 1 on default port 45849] INFO  net.NetworkTopologyImpl (NetworkTopologyImpl.java:add(112)) - Added a new node: /default-rack/5dc8370d-b6a9-4413-93cd-e6395a769e0f
2021-04-26 08:57:17,819 [IPC Server handler 1 on default port 45849] INFO  node.SCMNodeManager (SCMNodeManager.java:register(348)) - Registered Data node : 5dc8370d-b6a9-4413-93cd-e6395a769e0f{ip: 172.17.0.2, host: ffee826fe4eb, ports: [REPLICATION=45885, RATIS=46721, RATIS_ADMIN=46721, RATIS_SERVER=46721, STANDALONE=35193], networkLocation: /default-rack, certSerialId: null, persistedOpState: null, persistedOpStateExpiryEpochSec: 0}
2021-04-26 08:57:17,820 [EventQueue-NewNodeForNewNodeHandler] INFO  pipeline.BackgroundPipelineCreator (BackgroundPipelineCreatorV2.java:notifyEventTriggered(282)) - trigger a one-shot run on RatisPipelineUtilsThread.
2021-04-26 08:57:17,820 [EventQueue-NodeRegistrationContainerReportForContainerSafeModeRule] INFO  safemode.SCMSafeModeManager (SCMSafeModeManager.java:validateSafeModeExitRules(201)) - ContainerSafeModeRule rule is successfully validated
2021-04-26 08:57:17,820 [EventQueue-NodeRegistrationContainerReportForDataNodeSafeModeRule] INFO  safemode.SCMSafeModeManager (SCMSafeModeManager.java:validateSafeModeExitRules(201)) - DataNodeSafeModeRule rule is successfully validated
2021-04-26 08:57:17,820 [EventQueue-PipelineReportForOneReplicaPipelineSafeModeRule] INFO  safemode.SCMSafeModeManager (SCMSafeModeManager.java:validateSafeModeExitRules(201)) - AtleastOneDatanodeReportedRule rule is successfully validated
2021-04-26 08:57:17,820 [RatisPipelineUtilsThread - 0] INFO  pipeline.RatisPipelineProvider (RatisPipelineProvider.java:lambda$create$0(170)) - Sending CreatePipelineCommand for pipeline:PipelineID=f5973e21-d96d-435b-a92d-bd40fa57dbca to datanode:5dc8370d-b6a9-4413-93cd-e6395a769e0f
2021-04-26 08:57:17,821 [RatisPipelineUtilsThread - 0] INFO  pipeline.PipelineStateManager (PipelineStateManagerV2Impl.java:addPipeline(101)) - Created pipeline Pipeline[ Id: f5973e21-d96d-435b-a92d-bd40fa57dbca, Nodes: 5dc8370d-b6a9-4413-93cd-e6395a769e0f{ip: 172.17.0.2, host: ffee826fe4eb, ports: [REPLICATION=45885, RATIS=46721, RATIS_ADMIN=46721, RATIS_SERVER=46721, STANDALONE=35193], networkLocation: /default-rack, certSerialId: null, persistedOpState: IN_SERVICE, persistedOpStateExpiryEpochSec: 0}, ReplicationConfig: RATIS/ONE, State:ALLOCATED, leaderId:, CreationTimestamp2021-04-26T08:57:17.820Z].
2021-04-26 08:57:18,004 [IPC Server handler 2 on default port 45849] INFO  net.NetworkTopologyImpl (NetworkTopologyImpl.java:add(112)) - Added a new node: /default-rack/db0caa31-6386-4e08-a3d7-702b3b383f1b
2021-04-26 08:57:18,004 [IPC Server handler 2 on default port 45849] INFO  node.SCMNodeManager (SCMNodeManager.java:register(348)) - Registered Data node : db0caa31-6386-4e08-a3d7-702b3b383f1b{ip: 172.17.0.2, host: ffee826fe4eb, ports: [REPLICATION=36377, RATIS=46785, RATIS_ADMIN=46785, RATIS_SERVER=46785, STANDALONE=35165], networkLocation: /default-rack, certSerialId: null, persistedOpState: null, persistedOpStateExpiryEpochSec: 0}
2021-04-26 08:57:18,004 [EventQueue-PipelineReportForOneReplicaPipelineSafeModeRule] INFO  safemode.SCMSafeModeManager (SCMSafeModeManager.java:validateSafeModeExitRules(201)) - AtleastOneDatanodeReportedRule rule is successfully validated
2021-04-26 08:57:18,005 [EventQueue-NodeRegistrationContainerReportForDataNodeSafeModeRule] INFO  safemode.SCMSafeModeManager (SCMSafeModeManager.java:validateSafeModeExitRules(201)) - DataNodeSafeModeRule rule is successfully validated
2021-04-26 08:57:18,004 [EventQueue-NewNodeForNewNodeHandler] INFO  pipeline.BackgroundPipelineCreator (BackgroundPipelineCreatorV2.java:notifyEventTriggered(282)) - trigger a one-shot run on RatisPipelineUtilsThread.
2021-04-26 08:57:18,005 [EventQueue-NodeRegistrationContainerReportForContainerSafeModeRule] INFO  safemode.SCMSafeModeManager (SCMSafeModeManager.java:validateSafeModeExitRules(201)) - ContainerSafeModeRule rule is successfully validated
2021-04-26 08:57:18,005 [RatisPipelineUtilsThread - 0] INFO  pipeline.RatisPipelineProvider (RatisPipelineProvider.java:lambda$create$0(170)) - Sending CreatePipelineCommand for pipeline:PipelineID=e132da99-46d8-4fce-8112-71e57824bc1e to datanode:db0caa31-6386-4e08-a3d7-702b3b383f1b
2021-04-26 08:57:18,006 [RatisPipelineUtilsThread - 0] INFO  pipeline.PipelineStateManager (PipelineStateManagerV2Impl.java:addPipeline(101)) - Created pipeline Pipeline[ Id: e132da99-46d8-4fce-8112-71e57824bc1e, Nodes: db0caa31-6386-4e08-a3d7-702b3b383f1b{ip: 172.17.0.2, host: ffee826fe4eb, ports: [REPLICATION=36377, RATIS=46785, RATIS_ADMIN=46785, RATIS_SERVER=46785, STANDALONE=35165], networkLocation: /default-rack, certSerialId: null, persistedOpState: IN_SERVICE, persistedOpStateExpiryEpochSec: 0}, ReplicationConfig: RATIS/ONE, State:ALLOCATED, leaderId:, CreationTimestamp2021-04-26T08:57:18.005Z].
2021-04-26 08:57:18,241 [IPC Server handler 3 on default port 45849] INFO  net.NetworkTopologyImpl (NetworkTopologyImpl.java:add(112)) - Added a new node: /default-rack/34a5109f-6b66-4541-bda1-cf9f603884f1
2021-04-26 08:57:18,241 [IPC Server handler 3 on default port 45849] INFO  node.SCMNodeManager (SCMNodeManager.java:register(348)) - Registered Data node : 34a5109f-6b66-4541-bda1-cf9f603884f1{ip: 172.17.0.2, host: ffee826fe4eb, ports: [REPLICATION=46075, RATIS=38029, RATIS_ADMIN=38029, RATIS_SERVER=38029, STANDALONE=33587], networkLocation: /default-rack, certSerialId: null, persistedOpState: null, persistedOpStateExpiryEpochSec: 0}
2021-04-26 08:57:18,241 [EventQueue-NewNodeForNewNodeHandler] INFO  pipeline.BackgroundPipelineCreator (BackgroundPipelineCreatorV2.java:notifyEventTriggered(282)) - trigger a one-shot run on RatisPipelineUtilsThread.
2021-04-26 08:57:18,241 [EventQueue-NodeRegistrationContainerReportForDataNodeSafeModeRule] INFO  safemode.SCMSafeModeManager (SCMSafeModeManager.java:validateSafeModeExitRules(201)) - DataNodeSafeModeRule rule is successfully validated
2021-04-26 08:57:18,241 [EventQueue-PipelineReportForOneReplicaPipelineSafeModeRule] INFO  safemode.SCMSafeModeManager (SCMSafeModeManager.java:validateSafeModeExitRules(201)) - AtleastOneDatanodeReportedRule rule is successfully validated
2021-04-26 08:57:18,242 [EventQueue-NodeRegistrationContainerReportForContainerSafeModeRule] INFO  safemode.SCMSafeModeManager (SCMSafeModeManager.java:validateSafeModeExitRules(201)) - ContainerSafeModeRule rule is successfully validated
2021-04-26 08:57:18,242 [RatisPipelineUtilsThread - 0] INFO  pipeline.RatisPipelineProvider (RatisPipelineProvider.java:lambda$create$0(170)) - Sending CreatePipelineCommand for pipeline:PipelineID=071e8e92-d1f3-4c74-bd30-255c1f3169f8 to datanode:34a5109f-6b66-4541-bda1-cf9f603884f1
2021-04-26 08:57:18,243 [RatisPipelineUtilsThread - 0] INFO  pipeline.PipelineStateManager (PipelineStateManagerV2Impl.java:addPipeline(101)) - Created pipeline Pipeline[ Id: 071e8e92-d1f3-4c74-bd30-255c1f3169f8, Nodes: 34a5109f-6b66-4541-bda1-cf9f603884f1{ip: 172.17.0.2, host: ffee826fe4eb, ports: [REPLICATION=46075, RATIS=38029, RATIS_ADMIN=38029, RATIS_SERVER=38029, STANDALONE=33587], networkLocation: /default-rack, certSerialId: null, persistedOpState: IN_SERVICE, persistedOpStateExpiryEpochSec: 0}, ReplicationConfig: RATIS/ONE, State:ALLOCATED, leaderId:, CreationTimestamp2021-04-26T08:57:18.242Z].
2021-04-26 08:57:18,243 [RatisPipelineUtilsThread - 0] INFO  pipeline.RatisPipelineProvider (RatisPipelineProvider.java:lambda$create$0(170)) - Sending CreatePipelineCommand for pipeline:PipelineID=12f0eccc-1931-4064-b0f0-433c05ce339e to datanode:34a5109f-6b66-4541-bda1-cf9f603884f1
2021-04-26 08:57:18,243 [RatisPipelineUtilsThread - 0] INFO  pipeline.RatisPipelineProvider (RatisPipelineProvider.java:lambda$create$0(170)) - Sending CreatePipelineCommand for pipeline:PipelineID=12f0eccc-1931-4064-b0f0-433c05ce339e to datanode:db0caa31-6386-4e08-a3d7-702b3b383f1b
2021-04-26 08:57:18,244 [RatisPipelineUtilsThread - 0] INFO  pipeline.RatisPipelineProvider (RatisPipelineProvider.java:lambda$create$0(170)) - Sending CreatePipelineCommand for pipeline:PipelineID=12f0eccc-1931-4064-b0f0-433c05ce339e to datanode:5dc8370d-b6a9-4413-93cd-e6395a769e0f
2021-04-26 08:57:18,244 [RatisPipelineUtilsThread - 0] INFO  pipeline.PipelineStateManager (PipelineStateManagerV2Impl.java:addPipeline(101)) - Created pipeline Pipeline[ Id: 12f0eccc-1931-4064-b0f0-433c05ce339e, Nodes: 34a5109f-6b66-4541-bda1-cf9f603884f1{ip: 172.17.0.2, host: ffee826fe4eb, ports: [REPLICATION=46075, RATIS=38029, RATIS_ADMIN=38029, RATIS_SERVER=38029, STANDALONE=33587], networkLocation: /default-rack, certSerialId: null, persistedOpState: IN_SERVICE, persistedOpStateExpiryEpochSec: 0}db0caa31-6386-4e08-a3d7-702b3b383f1b{ip: 172.17.0.2, host: ffee826fe4eb, ports: [REPLICATION=36377, RATIS=46785, RATIS_ADMIN=46785, RATIS_SERVER=46785, STANDALONE=35165], networkLocation: /default-rack, certSerialId: null, persistedOpState: IN_SERVICE, persistedOpStateExpiryEpochSec: 0}5dc8370d-b6a9-4413-93cd-e6395a769e0f{ip: 172.17.0.2, host: ffee826fe4eb, ports: [REPLICATION=45885, RATIS=46721, RATIS_ADMIN=46721, RATIS_SERVER=46721, STANDALONE=35193], networkLocation: /default-rack, certSerialId: null, persistedOpState: IN_SERVICE, persistedOpStateExpiryEpochSec: 0}, ReplicationConfig: RATIS/THREE, State:ALLOCATED, leaderId:, CreationTimestamp2021-04-26T08:57:18.243Z].
2021-04-26 08:57:18,423 [IPC Server handler 4 on default port 45849] INFO  net.NetworkTopologyImpl (NetworkTopologyImpl.java:add(112)) - Added a new node: /default-rack/54deb671-31b1-41db-855f-b4cb6a4dc3be
2021-04-26 08:57:18,423 [IPC Server handler 4 on default port 45849] INFO  node.SCMNodeManager (SCMNodeManager.java:register(348)) - Registered Data node : 54deb671-31b1-41db-855f-b4cb6a4dc3be{ip: 172.17.0.2, host: ffee826fe4eb, ports: [REPLICATION=44211, RATIS=33455, RATIS_ADMIN=33455, RATIS_SERVER=33455, STANDALONE=42669], networkLocation: /default-rack, certSerialId: null, persistedOpState: null, persistedOpStateExpiryEpochSec: 0}
2021-04-26 08:57:18,423 [EventQueue-NewNodeForNewNodeHandler] INFO  pipeline.BackgroundPipelineCreator (BackgroundPipelineCreatorV2.java:notifyEventTriggered(282)) - trigger a one-shot run on RatisPipelineUtilsThread.
2021-04-26 08:57:18,424 [EventQueue-NodeRegistrationContainerReportForContainerSafeModeRule] INFO  safemode.SCMSafeModeManager (SCMSafeModeManager.java:validateSafeModeExitRules(201)) - ContainerSafeModeRule rule is successfully validated
2021-04-26 08:57:18,424 [EventQueue-NodeRegistrationContainerReportForDataNodeSafeModeRule] INFO  safemode.SCMSafeModeManager (SCMSafeModeManager.java:validateSafeModeExitRules(201)) - DataNodeSafeModeRule rule is successfully validated
2021-04-26 08:57:18,424 [EventQueue-PipelineReportForOneReplicaPipelineSafeModeRule] INFO  safemode.SCMSafeModeManager (SCMSafeModeManager.java:validateSafeModeExitRules(201)) - AtleastOneDatanodeReportedRule rule is successfully validated
2021-04-26 08:57:18,424 [RatisPipelineUtilsThread - 0] INFO  pipeline.RatisPipelineProvider (RatisPipelineProvider.java:lambda$create$0(170)) - Sending CreatePipelineCommand for pipeline:PipelineID=bfbecdd8-21d6-4bcf-89b5-ad809e9a8b6a to datanode:54deb671-31b1-41db-855f-b4cb6a4dc3be
2021-04-26 08:57:18,424 [RatisPipelineUtilsThread - 0] INFO  pipeline.PipelineStateManager (PipelineStateManagerV2Impl.java:addPipeline(101)) - Created pipeline Pipeline[ Id: bfbecdd8-21d6-4bcf-89b5-ad809e9a8b6a, Nodes: 54deb671-31b1-41db-855f-b4cb6a4dc3be{ip: 172.17.0.2, host: ffee826fe4eb, ports: [REPLICATION=44211, RATIS=33455, RATIS_ADMIN=33455, RATIS_SERVER=33455, STANDALONE=42669], networkLocation: /default-rack, certSerialId: null, persistedOpState: IN_SERVICE, persistedOpStateExpiryEpochSec: 0}, ReplicationConfig: RATIS/ONE, State:ALLOCATED, leaderId:, CreationTimestamp2021-04-26T08:57:18.424Z].
2021-04-26 08:57:18,615 [IPC Server handler 5 on default port 45849] INFO  net.NetworkTopologyImpl (NetworkTopologyImpl.java:add(112)) - Added a new node: /default-rack/bdd1f724-d5b6-4784-ba93-1388b38fcec3
2021-04-26 08:57:18,615 [IPC Server handler 5 on default port 45849] INFO  node.SCMNodeManager (SCMNodeManager.java:register(348)) - Registered Data node : bdd1f724-d5b6-4784-ba93-1388b38fcec3{ip: 172.17.0.2, host: ffee826fe4eb, ports: [REPLICATION=35617, RATIS=39283, RATIS_ADMIN=39283, RATIS_SERVER=39283, STANDALONE=40429], networkLocation: /default-rack, certSerialId: null, persistedOpState: null, persistedOpStateExpiryEpochSec: 0}
2021-04-26 08:57:18,615 [EventQueue-NewNodeForNewNodeHandler] INFO  pipeline.BackgroundPipelineCreator (BackgroundPipelineCreatorV2.java:notifyEventTriggered(282)) - trigger a one-shot run on RatisPipelineUtilsThread.
2021-04-26 08:57:18,615 [EventQueue-NodeRegistrationContainerReportForContainerSafeModeRule] INFO  safemode.SCMSafeModeManager (SCMSafeModeManager.java:validateSafeModeExitRules(201)) - ContainerSafeModeRule rule is successfully validated
2021-04-26 08:57:18,615 [EventQueue-PipelineReportForOneReplicaPipelineSafeModeRule] INFO  safemode.SCMSafeModeManager (SCMSafeModeManager.java:validateSafeModeExitRules(201)) - AtleastOneDatanodeReportedRule rule is successfully validated
2021-04-26 08:57:18,615 [EventQueue-NodeRegistrationContainerReportForDataNodeSafeModeRule] INFO  safemode.SCMSafeModeManager (SCMSafeModeManager.java:validateSafeModeExitRules(201)) - DataNodeSafeModeRule rule is successfully validated
2021-04-26 08:57:18,616 [RatisPipelineUtilsThread - 0] INFO  pipeline.RatisPipelineProvider (RatisPipelineProvider.java:lambda$create$0(170)) - Sending CreatePipelineCommand for pipeline:PipelineID=84f139e5-a370-42cc-855f-24676e4e1d24 to datanode:bdd1f724-d5b6-4784-ba93-1388b38fcec3
2021-04-26 08:57:18,616 [RatisPipelineUtilsThread - 0] INFO  pipeline.PipelineStateManager (PipelineStateManagerV2Impl.java:addPipeline(101)) - Created pipeline Pipeline[ Id: 84f139e5-a370-42cc-855f-24676e4e1d24, Nodes: bdd1f724-d5b6-4784-ba93-1388b38fcec3{ip: 172.17.0.2, host: ffee826fe4eb, ports: [REPLICATION=35617, RATIS=39283, RATIS_ADMIN=39283, RATIS_SERVER=39283, STANDALONE=40429], networkLocation: /default-rack, certSerialId: null, persistedOpState: IN_SERVICE, persistedOpStateExpiryEpochSec: 0}, ReplicationConfig: RATIS/ONE, State:ALLOCATED, leaderId:, CreationTimestamp2021-04-26T08:57:18.616Z].
2021-04-26 08:57:18,807 [IPC Server handler 0 on default port 45849] INFO  net.NetworkTopologyImpl (NetworkTopologyImpl.java:add(112)) - Added a new node: /default-rack/4b08603e-a2c1-4ef0-b5a8-ac91ab9d3d00
2021-04-26 08:57:18,807 [Listener at 127.0.0.1/35725] INFO  ozone.MiniOzoneClusterImpl (MiniOzoneClusterImpl.java:lambda$waitForClusterToBeReady$0(223)) - Waiting for nodes to be ready. Got 8 of 9 DN Heartbeats.
2021-04-26 08:57:18,807 [Listener at 127.0.0.1/35725] INFO  ozone.MiniOzoneClusterImpl (MiniOzoneClusterImpl.java:lambda$waitForClusterToBeReady$0(226)) - Waiting for cluster to exit safe mode
2021-04-26 08:57:18,807 [Listener at 127.0.0.1/35725] INFO  ozone.MiniOzoneClusterImpl (MiniOzoneClusterImpl.java:lambda$waitForClusterToBeReady$0(229)) - SCM became leader
2021-04-26 08:57:18,807 [IPC Server handler 0 on default port 45849] INFO  node.SCMNodeManager (SCMNodeManager.java:register(348)) - Registered Data node : 4b08603e-a2c1-4ef0-b5a8-ac91ab9d3d00{ip: 172.17.0.2, host: ffee826fe4eb, ports: [REPLICATION=35603, RATIS=35733, RATIS_ADMIN=35733, RATIS_SERVER=35733, STANDALONE=33025], networkLocation: /default-rack, certSerialId: null, persistedOpState: null, persistedOpStateExpiryEpochSec: 0}
2021-04-26 08:57:18,808 [EventQueue-NodeRegistrationContainerReportForDataNodeSafeModeRule] INFO  safemode.SCMSafeModeManager (SCMSafeModeManager.java:validateSafeModeExitRules(201)) - DataNodeSafeModeRule rule is successfully validated
2021-04-26 08:57:18,808 [EventQueue-PipelineReportForOneReplicaPipelineSafeModeRule] INFO  safemode.SCMSafeModeManager (SCMSafeModeManager.java:validateSafeModeExitRules(201)) - AtleastOneDatanodeReportedRule rule is successfully validated
2021-04-26 08:57:18,807 [EventQueue-NewNodeForNewNodeHandler] INFO  pipeline.BackgroundPipelineCreator (BackgroundPipelineCreatorV2.java:notifyEventTriggered(282)) - trigger a one-shot run on RatisPipelineUtilsThread.
2021-04-26 08:57:18,808 [EventQueue-NodeRegistrationContainerReportForContainerSafeModeRule] INFO  safemode.SCMSafeModeManager (SCMSafeModeManager.java:validateSafeModeExitRules(201)) - ContainerSafeModeRule rule is successfully validated
2021-04-26 08:57:18,809 [RatisPipelineUtilsThread - 0] INFO  pipeline.RatisPipelineProvider (RatisPipelineProvider.java:lambda$create$0(170)) - Sending CreatePipelineCommand for pipeline:PipelineID=1d2af344-cdb4-4968-9dbb-f3dc82548717 to datanode:4b08603e-a2c1-4ef0-b5a8-ac91ab9d3d00
2021-04-26 08:57:18,809 [RatisPipelineUtilsThread - 0] INFO  pipeline.PipelineStateManager (PipelineStateManagerV2Impl.java:addPipeline(101)) - Created pipeline Pipeline[ Id: 1d2af344-cdb4-4968-9dbb-f3dc82548717, Nodes: 4b08603e-a2c1-4ef0-b5a8-ac91ab9d3d00{ip: 172.17.0.2, host: ffee826fe4eb, ports: [REPLICATION=35603, RATIS=35733, RATIS_ADMIN=35733, RATIS_SERVER=35733, STANDALONE=33025], networkLocation: /default-rack, certSerialId: null, persistedOpState: IN_SERVICE, persistedOpStateExpiryEpochSec: 0}, ReplicationConfig: RATIS/ONE, State:ALLOCATED, leaderId:, CreationTimestamp2021-04-26T08:57:18.809Z].
2021-04-26 08:57:18,810 [RatisPipelineUtilsThread - 0] INFO  pipeline.RatisPipelineProvider (RatisPipelineProvider.java:lambda$create$0(170)) - Sending CreatePipelineCommand for pipeline:PipelineID=4b3b9e76-0a26-48c0-b439-e9e2c6a009d3 to datanode:bdd1f724-d5b6-4784-ba93-1388b38fcec3
2021-04-26 08:57:18,810 [RatisPipelineUtilsThread - 0] INFO  pipeline.RatisPipelineProvider (RatisPipelineProvider.java:lambda$create$0(170)) - Sending CreatePipelineCommand for pipeline:PipelineID=4b3b9e76-0a26-48c0-b439-e9e2c6a009d3 to datanode:4b08603e-a2c1-4ef0-b5a8-ac91ab9d3d00
2021-04-26 08:57:18,810 [RatisPipelineUtilsThread - 0] INFO  pipeline.RatisPipelineProvider (RatisPipelineProvider.java:lambda$create$0(170)) - Sending CreatePipelineCommand for pipeline:PipelineID=4b3b9e76-0a26-48c0-b439-e9e2c6a009d3 to datanode:54deb671-31b1-41db-855f-b4cb6a4dc3be
2021-04-26 08:57:18,810 [RatisPipelineUtilsThread - 0] INFO  pipeline.PipelineStateManager (PipelineStateManagerV2Impl.java:addPipeline(101)) - Created pipeline Pipeline[ Id: 4b3b9e76-0a26-48c0-b439-e9e2c6a009d3, Nodes: bdd1f724-d5b6-4784-ba93-1388b38fcec3{ip: 172.17.0.2, host: ffee826fe4eb, ports: [REPLICATION=35617, RATIS=39283, RATIS_ADMIN=39283, RATIS_SERVER=39283, STANDALONE=40429], networkLocation: /default-rack, certSerialId: null, persistedOpState: IN_SERVICE, persistedOpStateExpiryEpochSec: 0}4b08603e-a2c1-4ef0-b5a8-ac91ab9d3d00{ip: 172.17.0.2, host: ffee826fe4eb, ports: [REPLICATION=35603, RATIS=35733, RATIS_ADMIN=35733, RATIS_SERVER=35733, STANDALONE=33025], networkLocation: /default-rack, certSerialId: null, persistedOpState: IN_SERVICE, persistedOpStateExpiryEpochSec: 0}54deb671-31b1-41db-855f-b4cb6a4dc3be{ip: 172.17.0.2, host: ffee826fe4eb, ports: [REPLICATION=44211, RATIS=33455, RATIS_ADMIN=33455, RATIS_SERVER=33455, STANDALONE=42669], networkLocation: /default-rack, certSerialId: null, persistedOpState: IN_SERVICE, persistedOpStateExpiryEpochSec: 0}, ReplicationConfig: RATIS/THREE, State:ALLOCATED, leaderId:, CreationTimestamp2021-04-26T08:57:18.810Z].
2021-04-26 08:57:19,808 [Listener at 127.0.0.1/35725] INFO  ozone.MiniOzoneClusterImpl (MiniOzoneClusterImpl.java:lambda$waitForClusterToBeReady$0(223)) - Nodes are ready. Got 9 of 9 DN Heartbeats.
2021-04-26 08:57:19,808 [Listener at 127.0.0.1/35725] INFO  ozone.MiniOzoneClusterImpl (MiniOzoneClusterImpl.java:lambda$waitForClusterToBeReady$0(226)) - Waiting for cluster to exit safe mode
2021-04-26 08:57:19,808 [Listener at 127.0.0.1/35725] INFO  ozone.MiniOzoneClusterImpl (MiniOzoneClusterImpl.java:lambda$waitForClusterToBeReady$0(229)) - SCM became leader
2021-04-26 08:57:20,096 [Command processor thread] INFO  server.RaftServer (RaftServerProxy.java:addNew(95)) - 5dce0fb0-fe11-4d63-8819-9c36ac88e0b4: addNew group-52ACEB09B551:[5dce0fb0-fe11-4d63-8819-9c36ac88e0b4|rpc:172.17.0.2:35669|priority:1] returns group-52ACEB09B551:java.util.concurrent.CompletableFuture@34b7fbce[Not completed]
2021-04-26 08:57:20,097 [pool-434-thread-1] INFO  server.RaftServer$Division (RaftServerImpl.java:<init>(180)) - 5dce0fb0-fe11-4d63-8819-9c36ac88e0b4: new RaftServerImpl for group-52ACEB09B551:[5dce0fb0-fe11-4d63-8819-9c36ac88e0b4|rpc:172.17.0.2:35669|priority:1] with ContainerStateMachine:uninitialized
2021-04-26 08:57:20,097 [pool-434-thread-1] INFO  server.RaftServerConfigKeys (ConfUtils.java:logGet(44)) - raft.server.rpc.timeout.min = 5s (custom)
2021-04-26 08:57:20,097 [pool-434-thread-1] INFO  server.RaftServerConfigKeys (ConfUtils.java:logGet(44)) - raft.server.rpc.timeout.max = 5200ms (custom)
2021-04-26 08:57:20,097 [pool-434-thread-1] INFO  server.RaftServerConfigKeys (ConfUtils.java:logGet(44)) - raft.server.rpc.sleep.time = 25ms (default)
2021-04-26 08:57:20,097 [pool-434-thread-1] INFO  server.RaftServerConfigKeys (ConfUtils.java:logGet(44)) - raft.server.rpc.slowness.timeout = 300000ms (custom)
2021-04-26 08:57:20,098 [pool-434-thread-1] INFO  server.RaftServerConfigKeys (ConfUtils.java:logGet(44)) - raft.server.leaderelection.leader.step-down.wait-time = 10s (default)
2021-04-26 08:57:20,098 [pool-434-thread-1] INFO  server.RaftServerConfigKeys (ConfUtils.java:logGet(44)) - raft.server.sleep.deviation.threshold = 300ms (default)
2021-04-26 08:57:20,098 [pool-434-thread-1] INFO  server.RaftServerConfigKeys (ConfUtils.java:logGet(44)) - raft.server.log.appender.install.snapshot.enabled = false (custom)
2021-04-26 08:57:20,098 [pool-434-thread-1] INFO  server.RaftServer$Division (ServerState.java:<init>(105)) - 5dce0fb0-fe11-4d63-8819-9c36ac88e0b4@group-52ACEB09B551: ConfigurationManager, init=-1: [5dce0fb0-fe11-4d63-8819-9c36ac88e0b4|rpc:172.17.0.2:35669|priority:1], old=null, confs=<EMPTY_MAP>
2021-04-26 08:57:20,098 [pool-434-thread-1] INFO  server.RaftServerConfigKeys (ConfUtils.java:logGet(44)) - raft.server.storage.dir = [/github/workspace/mnt/ozone/hadoop-ozone/integration-test/target/test-dir/MiniOzoneClusterImpl-80072cdf-ce72-42fa-91c0-6b866cc407f5/datanode-0/data/ratis] (custom)
2021-04-26 08:57:20,098 [pool-434-thread-1] INFO  server.RaftServerConfigKeys (ConfUtils.java:logGet(44)) - raft.server.log.corruption.policy = EXCEPTION (default)
2021-04-26 08:57:20,098 [pool-434-thread-1] INFO  storage.RaftStorageDirectory (RaftStorageDirectoryImpl.java:analyzeStorage(132)) - The storage directory /github/workspace/mnt/ozone/hadoop-ozone/integration-test/target/test-dir/MiniOzoneClusterImpl-80072cdf-ce72-42fa-91c0-6b866cc407f5/datanode-0/data/ratis/21344cef-3128-4a67-8121-52aceb09b551 does not exist. Creating ...
2021-04-26 08:57:20,100 [pool-434-thread-1] INFO  storage.RaftStorageDirectory (RaftStorageDirectoryImpl.java:tryLock(215)) - Lock on /github/workspace/mnt/ozone/hadoop-ozone/integration-test/target/test-dir/MiniOzoneClusterImpl-80072cdf-ce72-42fa-91c0-6b866cc407f5/datanode-0/data/ratis/21344cef-3128-4a67-8121-52aceb09b551/in_use.lock acquired by nodename 21061@ffee826fe4eb
2021-04-26 08:57:20,102 [pool-434-thread-1] INFO  storage.RaftStorage (RaftStorageImpl.java:format(87)) - Storage directory /github/workspace/mnt/ozone/hadoop-ozone/integration-test/target/test-dir/MiniOzoneClusterImpl-80072cdf-ce72-42fa-91c0-6b866cc407f5/datanode-0/data/ratis/21344cef-3128-4a67-8121-52aceb09b551 has been successfully formatted.
2021-04-26 08:57:20,103 [pool-434-thread-1] INFO  ratis.ContainerStateMachine (ContainerStateMachine.java:loadSnapshot(224)) - group-52ACEB09B551: The snapshot info is null. Setting the last applied indexto:(t:0, i:~)
2021-04-26 08:57:20,103 [pool-434-thread-1] INFO  server.RaftServerConfigKeys (ConfUtils.java:logGet(44)) - raft.server.notification.no-leader.timeout = 300000ms (custom)
2021-04-26 08:57:20,103 [pool-434-thread-1] INFO  server.RaftServerConfigKeys (ConfUtils.java:logGet(44)) - raft.server.log.use.memory = false (default)
2021-04-26 08:57:20,103 [pool-434-thread-1] INFO  server.RaftServerConfigKeys (ConfUtils.java:logGet(44)) - raft.server.log.purge.gap = 1000000 (custom)
2021-04-26 08:57:20,103 [pool-434-thread-1] INFO  server.RaftServerConfigKeys (ConfUtils.java:logGet(44)) - raft.server.log.appender.buffer.byte-limit = 33554432 (custom)
2021-04-26 08:57:20,104 [EventQueue-PipelineReportForPipelineReportHandler] INFO  pipeline.PipelineManagerV2Impl (PipelineManagerV2Impl.java:openPipeline(270)) - Pipeline Pipeline[ Id: 21344cef-3128-4a67-8121-52aceb09b551, Nodes: 5dce0fb0-fe11-4d63-8819-9c36ac88e0b4{ip: 172.17.0.2, host: ffee826fe4eb, ports: [REPLICATION=34497, RATIS=35669, RATIS_ADMIN=35669, RATIS_SERVER=35669, STANDALONE=42393], networkLocation: /default-rack, certSerialId: null, persistedOpState: IN_SERVICE, persistedOpStateExpiryEpochSec: 0}, ReplicationConfig: RATIS/ONE, State:ALLOCATED, leaderId:5dce0fb0-fe11-4d63-8819-9c36ac88e0b4, CreationTimestamp2021-04-26T08:57:17.112Z] moved to OPEN state
2021-04-26 08:57:20,104 [pool-434-thread-1] INFO  metrics.RatisMetrics (RatisMetrics.java:lambda$create$0(36)) - Creating Metrics Registry : ratis.log_worker.5dce0fb0-fe11-4d63-8819-9c36ac88e0b4@group-52ACEB09B551
2021-04-26 08:57:20,104 [pool-434-thread-1] INFO  server.RaftServerConfigKeys (ConfUtils.java:logGet(44)) - raft.server.log.segment.size.max = 1048576 (custom)
2021-04-26 08:57:20,106 [EventQueue-PipelineReportForOneReplicaPipelineSafeModeRule] INFO  safemode.SCMSafeModeManager (SCMSafeModeManager.java:validateSafeModeExitRules(201)) - AtleastOneDatanodeReportedRule rule is successfully validated
2021-04-26 08:57:20,107 [pool-434-thread-1] INFO  server.RaftServerConfigKeys (ConfUtils.java:logGet(44)) - raft.server.log.segment.cache.num.max = 2 (custom)
2021-04-26 08:57:20,107 [pool-434-thread-1] INFO  server.RaftServerConfigKeys (ConfUtils.java:logGet(44)) - raft.server.log.segment.cache.size.max = 200MB (=209715200) (default)
2021-04-26 08:57:20,107 [pool-434-thread-1] INFO  segmented.SegmentedRaftLogWorker (SegmentedRaftLogWorker.java:<init>(182)) - new 5dce0fb0-fe11-4d63-8819-9c36ac88e0b4@group-52ACEB09B551-SegmentedRaftLogWorker for RaftStorageImpl:Storage Directory /github/workspace/mnt/ozone/hadoop-ozone/integration-test/target/test-dir/MiniOzoneClusterImpl-80072cdf-ce72-42fa-91c0-6b866cc407f5/datanode-0/data/ratis/21344cef-3128-4a67-8121-52aceb09b551
2021-04-26 08:57:20,108 [EventQueue-OpenPipelineForHealthyPipelineSafeModeRule] INFO  safemode.SCMSafeModeManager (HealthyPipelineSafeModeRule.java:process(130)) - SCM in safe mode. Healthy pipelines reported count is 0, required healthy pipeline reported count is 1
2021-04-26 08:57:20,108 [pool-434-thread-1] INFO  server.RaftServerConfigKeys (ConfUtils.java:logGet(44)) - raft.server.log.queue.byte-limit = 2147483647 (custom)
2021-04-26 08:57:20,108 [pool-434-thread-1] INFO  server.RaftServerConfigKeys (ConfUtils.java:logGet(44)) - raft.server.log.queue.element-limit = 1024 (custom)
2021-04-26 08:57:20,108 [pool-434-thread-1] INFO  server.RaftServerConfigKeys (ConfUtils.java:logGet(44)) - raft.server.log.segment.size.max = 1048576 (custom)
2021-04-26 08:57:20,108 [pool-434-thread-1] INFO  server.RaftServerConfigKeys (ConfUtils.java:logGet(44)) - raft.server.log.preallocated.size = 16384 (custom)
2021-04-26 08:57:20,108 [pool-434-thread-1] INFO  server.RaftServerConfigKeys (ConfUtils.java:logGet(44)) - raft.server.log.force.sync.num = 128 (default)
2021-04-26 08:57:20,108 [pool-434-thread-1] INFO  server.RaftServerConfigKeys (ConfUtils.java:logGet(44)) - raft.server.log.statemachine.data.sync = true (default)
2021-04-26 08:57:20,108 [pool-434-thread-1] INFO  server.RaftServerConfigKeys (ConfUtils.java:logGet(44)) - raft.server.log.statemachine.data.sync.timeout = 10s (default)
2021-04-26 08:57:20,109 [pool-434-thread-1] INFO  server.RaftServerConfigKeys (ConfUtils.java:logGet(44)) - raft.server.log.statemachine.data.sync.timeout.retry = -1 (default)
2021-04-26 08:57:20,110 [pool-434-thread-1] INFO  server.RaftServerConfigKeys (ConfUtils.java:logGet(44)) - raft.server.log.write.buffer.size = 1048576 (custom)
2021-04-26 08:57:20,111 [pool-434-thread-1] INFO  server.RaftServerConfigKeys (ConfUtils.java:logGet(44)) - raft.server.log.statemachine.data.caching.enabled = true (custom)
2021-04-26 08:57:20,111 [pool-434-thread-1] INFO  segmented.SegmentedRaftLogWorker (SegmentedRaftLogWorker.java:lambda$new$0(133)) - 5dce0fb0-fe11-4d63-8819-9c36ac88e0b4@group-52ACEB09B551-SegmentedRaftLogWorker: flushIndex: setUnconditionally 0 -> -1
2021-04-26 08:57:20,111 [pool-434-thread-1] INFO  segmented.SegmentedRaftLogWorker (SegmentedRaftLogWorker.java:lambda$new$0(133)) - 5dce0fb0-fe11-4d63-8819-9c36ac88e0b4@group-52ACEB09B551-SegmentedRaftLogWorker: safeCacheEvictIndex: setUnconditionally 0 -> -1
2021-04-26 08:57:20,117 [pool-434-thread-1] INFO  server.RaftServerConfigKeys (ConfUtils.java:logGet(44)) - raft.server.snapshot.auto.trigger.enabled = true (custom)
2021-04-26 08:57:20,117 [pool-434-thread-1] INFO  server.RaftServerConfigKeys (ConfUtils.java:logGet(44)) - raft.server.snapshot.auto.trigger.threshold = 10000 (custom)
2021-04-26 08:57:20,117 [pool-434-thread-1] INFO  server.RaftServerConfigKeys (ConfUtils.java:logGet(44)) - raft.server.snapshot.retention.file.num = 5 (custom)
2021-04-26 08:57:20,117 [pool-434-thread-1] INFO  server.RaftServerConfigKeys (ConfUtils.java:logGet(44)) - raft.server.log.purge.upto.snapshot.index = false (default)
2021-04-26 08:57:20,118 [pool-434-thread-1] INFO  server.RaftServerConfigKeys (ConfUtils.java:logGet(44)) - raft.server.retrycache.expirytime = 600000ms (custom)
2021-04-26 08:57:20,118 [pool-434-thread-1] INFO  server.RaftServerConfigKeys (ConfUtils.java:logGet(44)) - raft.server.retrycache.statistics.expirytime = 100?s (default)
2021-04-26 08:57:20,118 [pool-434-thread-1] INFO  metrics.RatisMetrics (RatisMetrics.java:lambda$create$0(36)) - Creating Metrics Registry : ratis.leader_election.5dce0fb0-fe11-4d63-8819-9c36ac88e0b4@group-52ACEB09B551
2021-04-26 08:57:20,118 [pool-434-thread-1] INFO  metrics.RatisMetrics (RatisMetrics.java:lambda$create$0(36)) - Creating Metrics Registry : ratis.server.5dce0fb0-fe11-4d63-8819-9c36ac88e0b4@group-52ACEB09B551
2021-04-26 08:57:20,120 [pool-434-thread-1] INFO  server.RaftServer$Division (RaftServerImpl.java:start(295)) - 5dce0fb0-fe11-4d63-8819-9c36ac88e0b4@group-52ACEB09B551: start as a follower, conf=-1: [5dce0fb0-fe11-4d63-8819-9c36ac88e0b4|rpc:172.17.0.2:35669|priority:1], old=null
2021-04-26 08:57:20,120 [pool-434-thread-1] INFO  server.RaftServer$Division (RaftServerImpl.java:setRole(284)) - 5dce0fb0-fe11-4d63-8819-9c36ac88e0b4@group-52ACEB09B551: changes role from      null to FOLLOWER at term 0 for startAsFollower
2021-04-26 08:57:20,120 [pool-434-thread-1] INFO  impl.RoleInfo (RoleInfo.java:updateAndGet(130)) - 5dce0fb0-fe11-4d63-8819-9c36ac88e0b4: start 5dce0fb0-fe11-4d63-8819-9c36ac88e0b4@group-52ACEB09B551-FollowerState
2021-04-26 08:57:20,120 [pool-434-thread-1] INFO  util.JmxRegister (JmxRegister.java:tryRegister(44)) - Successfully registered JMX Bean with object name Ratis:service=RaftServer,group=group-52ACEB09B551,id=5dce0fb0-fe11-4d63-8819-9c36ac88e0b4
2021-04-26 08:57:20,120 [pool-434-thread-1] INFO  metrics.RatisMetrics (RatisMetrics.java:lambda$create$0(36)) - Creating Metrics Registry : ratis.state_machine.5dce0fb0-fe11-4d63-8819-9c36ac88e0b4@group-52ACEB09B551
2021-04-26 08:57:20,121 [Command processor thread] INFO  ratis.XceiverServerRatis (XceiverServerRatis.java:addGroup(808)) - Created group PipelineID=21344cef-3128-4a67-8121-52aceb09b551
2021-04-26 08:57:20,121 [Command processor thread] INFO  commandhandler.CreatePipelineCommandHandler (CreatePipelineCommandHandler.java:handle(106)) - Created Pipeline RATIS ONE PipelineID=21344cef-3128-4a67-8121-52aceb09b551.
2021-04-26 08:57:20,122 [Command processor thread] INFO  server.RaftServer (RaftServerProxy.java:addNew(95)) - 5dce0fb0-fe11-4d63-8819-9c36ac88e0b4: addNew group-4777C1971FFE:[3e3f1c58-71d4-4b4b-a4fa-fbb64653de38|rpc:172.17.0.2:39811|priority:0, 5dce0fb0-fe11-4d63-8819-9c36ac88e0b4|rpc:172.17.0.2:35669|priority:0, 13dc8373-51b3-40e2-8cf0-22ac5417d2f8|rpc:172.17.0.2:40591|priority:1] returns group-4777C1971FFE:java.util.concurrent.CompletableFuture@30887980[Not completed]
2021-04-26 08:57:20,122 [pool-434-thread-1] INFO  server.RaftServer$Division (RaftServerImpl.java:<init>(180)) - 5dce0fb0-fe11-4d63-8819-9c36ac88e0b4: new RaftServerImpl for group-4777C1971FFE:[3e3f1c58-71d4-4b4b-a4fa-fbb64653de38|rpc:172.17.0.2:39811|priority:0, 5dce0fb0-fe11-4d63-8819-9c36ac88e0b4|rpc:172.17.0.2:35669|priority:0, 13dc8373-51b3-40e2-8cf0-22ac5417d2f8|rpc:172.17.0.2:40591|priority:1] with ContainerStateMachine:uninitialized
2021-04-26 08:57:20,123 [pool-434-thread-1] INFO  server.RaftServerConfigKeys (ConfUtils.java:logGet(44)) - raft.server.rpc.timeout.min = 5s (custom)
2021-04-26 08:57:20,123 [pool-434-thread-1] INFO  server.RaftServerConfigKeys (ConfUtils.java:logGet(44)) - raft.server.rpc.timeout.max = 5200ms (custom)
2021-04-26 08:57:20,123 [pool-434-thread-1] INFO  server.RaftServerConfigKeys (ConfUtils.java:logGet(44)) - raft.server.rpc.sleep.time = 25ms (default)
2021-04-26 08:57:20,123 [pool-434-thread-1] INFO  server.RaftServerConfigKeys (ConfUtils.java:logGet(44)) - raft.server.rpc.slowness.timeout = 300000ms (custom)
2021-04-26 08:57:20,123 [pool-434-thread-1] INFO  server.RaftServerConfigKeys (ConfUtils.java:logGet(44)) - raft.server.leaderelection.leader.step-down.wait-time = 10s (default)
2021-04-26 08:57:20,123 [pool-434-thread-1] INFO  server.RaftServerConfigKeys (ConfUtils.java:logGet(44)) - raft.server.sleep.deviation.threshold = 300ms (default)
2021-04-26 08:57:20,123 [pool-434-thread-1] INFO  server.RaftServerConfigKeys (ConfUtils.java:logGet(44)) - raft.server.log.appender.install.snapshot.enabled = false (custom)
2021-04-26 08:57:20,123 [pool-434-thread-1] INFO  server.RaftServer$Division (ServerState.java:<init>(105)) - 5dce0fb0-fe11-4d63-8819-9c36ac88e0b4@group-4777C1971FFE: ConfigurationManager, init=-1: [3e3f1c58-71d4-4b4b-a4fa-fbb64653de38|rpc:172.17.0.2:39811|priority:0, 5dce0fb0-fe11-4d63-8819-9c36ac88e0b4|rpc:172.17.0.2:35669|priority:0, 13dc8373-51b3-40e2-8cf0-22ac5417d2f8|rpc:172.17.0.2:40591|priority:1], old=null, confs=<EMPTY_MAP>
2021-04-26 08:57:20,123 [pool-434-thread-1] INFO  server.RaftServerConfigKeys (ConfUtils.java:logGet(44)) - raft.server.storage.dir = [/github/workspace/mnt/ozone/hadoop-ozone/integration-test/target/test-dir/MiniOzoneClusterImpl-80072cdf-ce72-42fa-91c0-6b866cc407f5/datanode-0/data/ratis] (custom)
2021-04-26 08:57:20,123 [pool-434-thread-1] INFO  server.RaftServerConfigKeys (ConfUtils.java:logGet(44)) - raft.server.log.corruption.policy = EXCEPTION (default)
2021-04-26 08:57:20,123 [pool-434-thread-1] INFO  storage.RaftStorageDirectory (RaftStorageDirectoryImpl.java:analyzeStorage(132)) - The storage directory /github/workspace/mnt/ozone/hadoop-ozone/integration-test/target/test-dir/MiniOzoneClusterImpl-80072cdf-ce72-42fa-91c0-6b866cc407f5/datanode-0/data/ratis/aa22d13b-0188-4d85-8a6b-4777c1971ffe does not exist. Creating ...
2021-04-26 08:57:20,129 [pool-434-thread-1] INFO  storage.RaftStorageDirectory (RaftStorageDirectoryImpl.java:tryLock(215)) - Lock on /github/workspace/mnt/ozone/hadoop-ozone/integration-test/target/test-dir/MiniOzoneClusterImpl-80072cdf-ce72-42fa-91c0-6b866cc407f5/datanode-0/data/ratis/aa22d13b-0188-4d85-8a6b-4777c1971ffe/in_use.lock acquired by nodename 21061@ffee826fe4eb
2021-04-26 08:57:20,130 [pool-434-thread-1] INFO  storage.RaftStorage (RaftStorageImpl.java:format(87)) - Storage directory /github/workspace/mnt/ozone/hadoop-ozone/integration-test/target/test-dir/MiniOzoneClusterImpl-80072cdf-ce72-42fa-91c0-6b866cc407f5/datanode-0/data/ratis/aa22d13b-0188-4d85-8a6b-4777c1971ffe has been successfully formatted.
2021-04-26 08:57:20,130 [pool-434-thread-1] INFO  ratis.ContainerStateMachine (ContainerStateMachine.java:loadSnapshot(224)) - group-4777C1971FFE: The snapshot info is null. Setting the last applied indexto:(t:0, i:~)
2021-04-26 08:57:20,130 [pool-434-thread-1] INFO  server.RaftServerConfigKeys (ConfUtils.java:logGet(44)) - raft.server.notification.no-leader.timeout = 300000ms (custom)
2021-04-26 08:57:20,130 [pool-434-thread-1] INFO  server.RaftServerConfigKeys (ConfUtils.java:logGet(44)) - raft.server.log.use.memory = false (default)
2021-04-26 08:57:20,130 [pool-434-thread-1] INFO  server.RaftServerConfigKeys (ConfUtils.java:logGet(44)) - raft.server.log.purge.gap = 1000000 (custom)
2021-04-26 08:57:20,131 [pool-434-thread-1] INFO  server.RaftServerConfigKeys (ConfUtils.java:logGet(44)) - raft.server.log.appender.buffer.byte-limit = 33554432 (custom)
2021-04-26 08:57:20,131 [pool-434-thread-1] INFO  metrics.RatisMetrics (RatisMetrics.java:lambda$create$0(36)) - Creating Metrics Registry : ratis.log_worker.5dce0fb0-fe11-4d63-8819-9c36ac88e0b4@group-4777C1971FFE
2021-04-26 08:57:20,131 [pool-434-thread-1] INFO  server.RaftServerConfigKeys (ConfUtils.java:logGet(44)) - raft.server.log.segment.size.max = 1048576 (custom)
2021-04-26 08:57:20,131 [EventQueue-PipelineReportForOneReplicaPipelineSafeModeRule] INFO  safemode.SCMSafeModeManager (SCMSafeModeManager.java:validateSafeModeExitRules(201)) - AtleastOneDatanodeReportedRule rule is successfully validated
2021-04-26 08:57:20,131 [EventQueue-OpenPipelineForHealthyPipelineSafeModeRule] INFO  safemode.SCMSafeModeManager (HealthyPipelineSafeModeRule.java:process(130)) - SCM in safe mode. Healthy pipelines reported count is 0, required healthy pipeline reported count is 1
2021-04-26 08:57:20,132 [pool-434-thread-1] INFO  server.RaftServerConfigKeys (ConfUtils.java:logGet(44)) - raft.server.log.segment.cache.num.max = 2 (custom)
2021-04-26 08:57:20,132 [pool-434-thread-1] INFO  server.RaftServerConfigKeys (ConfUtils.java:logGet(44)) - raft.server.log.segment.cache.size.max = 200MB (=209715200) (default)
2021-04-26 08:57:20,132 [pool-434-thread-1] INFO  segmented.SegmentedRaftLogWorker (SegmentedRaftLogWorker.java:<init>(182)) - new 5dce0fb0-fe11-4d63-8819-9c36ac88e0b4@group-4777C1971FFE-SegmentedRaftLogWorker for RaftStorageImpl:Storage Directory /github/workspace/mnt/ozone/hadoop-ozone/integration-test/target/test-dir/MiniOzoneClusterImpl-80072cdf-ce72-42fa-91c0-6b866cc407f5/datanode-0/data/ratis/aa22d13b-0188-4d85-8a6b-4777c1971ffe
2021-04-26 08:57:20,132 [pool-434-thread-1] INFO  server.RaftServerConfigKeys (ConfUtils.java:logGet(44)) - raft.server.log.queue.byte-limit = 2147483647 (custom)
2021-04-26 08:57:20,132 [pool-434-thread-1] INFO  server.RaftServerConfigKeys (ConfUtils.java:logGet(44)) - raft.server.log.queue.element-limit = 1024 (custom)
2021-04-26 08:57:20,132 [pool-434-thread-1] INFO  server.RaftServerConfigKeys (ConfUtils.java:logGet(44)) - raft.server.log.segment.size.max = 1048576 (custom)
2021-04-26 08:57:20,133 [pool-434-thread-1] INFO  server.RaftServerConfigKeys (ConfUtils.java:logGet(44)) - raft.server.log.preallocated.size = 16384 (custom)
2021-04-26 08:57:20,133 [pool-434-thread-1] INFO  server.RaftServerConfigKeys (ConfUtils.java:logGet(44)) - raft.server.log.force.sync.num = 128 (default)
2021-04-26 08:57:20,133 [pool-434-thread-1] INFO  server.RaftServerConfigKeys (ConfUtils.java:logGet(44)) - raft.server.log.statemachine.data.sync = true (default)
2021-04-26 08:57:20,133 [pool-434-thread-1] INFO  server.RaftServerConfigKeys (ConfUtils.java:logGet(44)) - raft.server.log.statemachine.data.sync.timeout = 10s (default)
2021-04-26 08:57:20,133 [pool-434-thread-1] INFO  server.RaftServerConfigKeys (ConfUtils.java:logGet(44)) - raft.server.log.statemachine.data.sync.timeout.retry = -1 (default)
2021-04-26 08:57:20,134 [pool-434-thread-1] INFO  server.RaftServerConfigKeys (ConfUtils.java:logGet(44)) - raft.server.log.write.buffer.size = 1048576 (custom)
2021-04-26 08:57:20,135 [pool-434-thread-1] INFO  server.RaftServerConfigKeys (ConfUtils.java:logGet(44)) - raft.server.log.statemachine.data.caching.enabled = true (custom)
2021-04-26 08:57:20,137 [pool-434-thread-1] INFO  segmented.SegmentedRaftLogWorker (SegmentedRaftLogWorker.java:lambda$new$0(133)) - 5dce0fb0-fe11-4d63-8819-9c36ac88e0b4@group-4777C1971FFE-SegmentedRaftLogWorker: flushIndex: setUnconditionally 0 -> -1
2021-04-26 08:57:20,137 [pool-434-thread-1] INFO  segmented.SegmentedRaftLogWorker (SegmentedRaftLogWorker.java:lambda$new$0(133)) - 5dce0fb0-fe11-4d63-8819-9c36ac88e0b4@group-4777C1971FFE-SegmentedRaftLogWorker: safeCacheEvictIndex: setUnconditionally 0 -> -1
2021-04-26 08:57:20,141 [pool-434-thread-1] INFO  server.RaftServerConfigKeys (ConfUtils.java:logGet(44)) - raft.server.snapshot.auto.trigger.enabled = true (custom)
2021-04-26 08:57:20,141 [pool-434-thread-1] INFO  server.RaftServerConfigKeys (ConfUtils.java:logGet(44)) - raft.server.snapshot.auto.trigger.threshold = 10000 (custom)
2021-04-26 08:57:20,141 [pool-434-thread-1] INFO  server.RaftServerConfigKeys (ConfUtils.java:logGet(44)) - raft.server.snapshot.retention.file.num = 5 (custom)
2021-04-26 08:57:20,141 [pool-434-thread-1] INFO  server.RaftServerConfigKeys (ConfUtils.java:logGet(44)) - raft.server.log.purge.upto.snapshot.index = false (default)
2021-04-26 08:57:20,142 [pool-434-thread-1] INFO  server.RaftServerConfigKeys (ConfUtils.java:logGet(44)) - raft.server.retrycache.expirytime = 600000ms (custom)
2021-04-26 08:57:20,142 [pool-434-thread-1] INFO  server.RaftServerConfigKeys (ConfUtils.java:logGet(44)) - raft.server.retrycache.statistics.expirytime = 100?s (default)
2021-04-26 08:57:20,142 [pool-434-thread-1] INFO  metrics.RatisMetrics (RatisMetrics.java:lambda$create$0(36)) - Creating Metrics Registry : ratis.leader_election.5dce0fb0-fe11-4d63-8819-9c36ac88e0b4@group-4777C1971FFE
2021-04-26 08:57:20,142 [pool-434-thread-1] INFO  metrics.RatisMetrics (RatisMetrics.java:lambda$create$0(36)) - Creating Metrics Registry : ratis.server.5dce0fb0-fe11-4d63-8819-9c36ac88e0b4@group-4777C1971FFE
2021-04-26 08:57:20,144 [pool-434-thread-1] INFO  server.RaftServer$Division (RaftServerImpl.java:start(295)) - 5dce0fb0-fe11-4d63-8819-9c36ac88e0b4@group-4777C1971FFE: start as a follower, conf=-1: [3e3f1c58-71d4-4b4b-a4fa-fbb64653de38|rpc:172.17.0.2:39811|priority:0, 5dce0fb0-fe11-4d63-8819-9c36ac88e0b4|rpc:172.17.0.2:35669|priority:0, 13dc8373-51b3-40e2-8cf0-22ac5417d2f8|rpc:172.17.0.2:40591|priority:1], old=null
2021-04-26 08:57:20,144 [pool-434-thread-1] INFO  server.RaftServer$Division (RaftServerImpl.java:setRole(284)) - 5dce0fb0-fe11-4d63-8819-9c36ac88e0b4@group-4777C1971FFE: changes role from      null to FOLLOWER at term 0 for startAsFollower
2021-04-26 08:57:20,144 [pool-434-thread-1] INFO  impl.RoleInfo (RoleInfo.java:updateAndGet(130)) - 5dce0fb0-fe11-4d63-8819-9c36ac88e0b4: start 5dce0fb0-fe11-4d63-8819-9c36ac88e0b4@group-4777C1971FFE-FollowerState
2021-04-26 08:57:20,144 [pool-434-thread-1] INFO  util.JmxRegister (JmxRegister.java:tryRegister(44)) - Successfully registered JMX Bean with object name Ratis:service=RaftServer,group=group-4777C1971FFE,id=5dce0fb0-fe11-4d63-8819-9c36ac88e0b4
2021-04-26 08:57:20,144 [pool-434-thread-1] INFO  metrics.RatisMetrics (RatisMetrics.java:lambda$create$0(36)) - Creating Metrics Registry : ratis.state_machine.5dce0fb0-fe11-4d63-8819-9c36ac88e0b4@group-4777C1971FFE
2021-04-26 08:57:20,147 [Command processor thread] INFO  ratis.XceiverServerRatis (XceiverServerRatis.java:addGroup(808)) - Created group PipelineID=aa22d13b-0188-4d85-8a6b-4777c1971ffe
2021-04-26 08:57:20,148 [Command processor thread] INFO  metrics.RatisMetrics (RatisMetrics.java:lambda$create$0(36)) - Creating Metrics Registry : ratis.client_message_metrics.client-0235BCB6CD16->3e3f1c58-71d4-4b4b-a4fa-fbb64653de38
2021-04-26 08:57:20,158 [grpc-default-executor-2] INFO  metrics.RatisMetrics (RatisMetrics.java:lambda$create$0(36)) - Creating Metrics Registry : ratis.server_message_metrics.3e3f1c58-71d4-4b4b-a4fa-fbb64653de38
2021-04-26 08:57:20,163 [grpc-default-executor-2] INFO  server.RaftServer (RaftServerProxy.java:addNew(95)) - 3e3f1c58-71d4-4b4b-a4fa-fbb64653de38: addNew group-4777C1971FFE:[3e3f1c58-71d4-4b4b-a4fa-fbb64653de38|rpc:172.17.0.2:39811|dataStream:|priority:0, 5dce0fb0-fe11-4d63-8819-9c36ac88e0b4|rpc:172.17.0.2:35669|dataStream:|priority:0, 13dc8373-51b3-40e2-8cf0-22ac5417d2f8|rpc:172.17.0.2:40591|dataStream:|priority:1] returns group-4777C1971FFE:java.util.concurrent.CompletableFuture@5403613e[Not completed]
2021-04-26 08:57:20,165 [pool-450-thread-1] INFO  server.RaftServer$Division (RaftServerImpl.java:<init>(180)) - 3e3f1c58-71d4-4b4b-a4fa-fbb64653de38: new RaftServerImpl for group-4777C1971FFE:[3e3f1c58-71d4-4b4b-a4fa-fbb64653de38|rpc:172.17.0.2:39811|dataStream:|priority:0, 5dce0fb0-fe11-4d63-8819-9c36ac88e0b4|rpc:172.17.0.2:35669|dataStream:|priority:0, 13dc8373-51b3-40e2-8cf0-22ac5417d2f8|rpc:172.17.0.2:40591|dataStream:|priority:1] with ContainerStateMachine:uninitialized
2021-04-26 08:57:20,165 [pool-450-thread-1] INFO  server.RaftServerConfigKeys (ConfUtils.java:logGet(44)) - raft.server.rpc.timeout.min = 5s (custom)
2021-04-26 08:57:20,165 [pool-450-thread-1] INFO  server.RaftServerConfigKeys (ConfUtils.java:logGet(44)) - raft.server.rpc.timeout.max = 5200ms (custom)
2021-04-26 08:57:20,165 [pool-450-thread-1] INFO  server.RaftServerConfigKeys (ConfUtils.java:logGet(44)) - raft.server.rpc.sleep.time = 25ms (default)
2021-04-26 08:57:20,165 [pool-450-thread-1] INFO  server.RaftServerConfigKeys (ConfUtils.java:logGet(44)) - raft.server.rpc.slowness.timeout = 300000ms (custom)
2021-04-26 08:57:20,165 [pool-450-thread-1] INFO  server.RaftServerConfigKeys (ConfUtils.java:logGet(44)) - raft.server.leaderelection.leader.step-down.wait-time = 10s (default)
2021-04-26 08:57:20,166 [pool-450-thread-1] INFO  server.RaftServerConfigKeys (ConfUtils.java:logGet(44)) - raft.server.sleep.deviation.threshold = 300ms (default)
2021-04-26 08:57:20,166 [pool-450-thread-1] INFO  server.RaftServerConfigKeys (ConfUtils.java:logGet(44)) - raft.server.log.appender.install.snapshot.enabled = false (custom)
2021-04-26 08:57:20,166 [pool-450-thread-1] INFO  server.RaftServer$Division (ServerState.java:<init>(105)) - 3e3f1c58-71d4-4b4b-a4fa-fbb64653de38@group-4777C1971FFE: ConfigurationManager, init=-1: [3e3f1c58-71d4-4b4b-a4fa-fbb64653de38|rpc:172.17.0.2:39811|dataStream:|priority:0, 5dce0fb0-fe11-4d63-8819-9c36ac88e0b4|rpc:172.17.0.2:35669|dataStream:|priority:0, 13dc8373-51b3-40e2-8cf0-22ac5417d2f8|rpc:172.17.0.2:40591|dataStream:|priority:1], old=null, confs=<EMPTY_MAP>
2021-04-26 08:57:20,166 [pool-450-thread-1] INFO  server.RaftServerConfigKeys (ConfUtils.java:logGet(44)) - raft.server.storage.dir = [/github/workspace/mnt/ozone/hadoop-ozone/integration-test/target/test-dir/MiniOzoneClusterImpl-80072cdf-ce72-42fa-91c0-6b866cc407f5/datanode-1/data/ratis] (custom)
2021-04-26 08:57:20,167 [pool-450-thread-1] INFO  server.RaftServerConfigKeys (ConfUtils.java:logGet(44)) - raft.server.log.corruption.policy = EXCEPTION (default)
2021-04-26 08:57:20,167 [pool-450-thread-1] INFO  storage.RaftStorageDirectory (RaftStorageDirectoryImpl.java:analyzeStorage(132)) - The storage directory /github/workspace/mnt/ozone/hadoop-ozone/integration-test/target/test-dir/MiniOzoneClusterImpl-80072cdf-ce72-42fa-91c0-6b866cc407f5/datanode-1/data/ratis/aa22d13b-0188-4d85-8a6b-4777c1971ffe does not exist. Creating ...
2021-04-26 08:57:20,168 [pool-450-thread-1] INFO  storage.RaftStorageDirectory (RaftStorageDirectoryImpl.java:tryLock(215)) - Lock on /github/workspace/mnt/ozone/hadoop-ozone/integration-test/target/test-dir/MiniOzoneClusterImpl-80072cdf-ce72-42fa-91c0-6b866cc407f5/datanode-1/data/ratis/aa22d13b-0188-4d85-8a6b-4777c1971ffe/in_use.lock acquired by nodename 21061@ffee826fe4eb
2021-04-26 08:57:20,169 [pool-450-thread-1] INFO  storage.RaftStorage (RaftStorageImpl.java:format(87)) - Storage directory /github/workspace/mnt/ozone/hadoop-ozone/integration-test/target/test-dir/MiniOzoneClusterImpl-80072cdf-ce72-42fa-91c0-6b866cc407f5/datanode-1/data/ratis/aa22d13b-0188-4d85-8a6b-4777c1971ffe has been successfully formatted.
2021-04-26 08:57:20,170 [pool-450-thread-1] INFO  ratis.ContainerStateMachine (ContainerStateMachine.java:loadSnapshot(224)) - group-4777C1971FFE: The snapshot info is null. Setting the last applied indexto:(t:0, i:~)
2021-04-26 08:57:20,171 [pool-450-thread-1] INFO  server.RaftServerConfigKeys (ConfUtils.java:logGet(44)) - raft.server.notification.no-leader.timeout = 300000ms (custom)
2021-04-26 08:57:20,171 [pool-450-thread-1] INFO  server.RaftServerConfigKeys (ConfUtils.java:logGet(44)) - raft.server.log.use.memory = false (default)
2021-04-26 08:57:20,171 [EventQueue-PipelineReportForOneReplicaPipelineSafeModeRule] INFO  safemode.SCMSafeModeManager (SCMSafeModeManager.java:validateSafeModeExitRules(201)) - AtleastOneDatanodeReportedRule rule is successfully validated
2021-04-26 08:57:20,171 [pool-450-thread-1] INFO  server.RaftServerConfigKeys (ConfUtils.java:logGet(44)) - raft.server.log.purge.gap = 1000000 (custom)
2021-04-26 08:57:20,171 [pool-450-thread-1] INFO  server.RaftServerConfigKeys (ConfUtils.java:logGet(44)) - raft.server.log.appender.buffer.byte-limit = 33554432 (custom)
2021-04-26 08:57:20,171 [pool-450-thread-1] INFO  metrics.RatisMetrics (RatisMetrics.java:lambda$create$0(36)) - Creating Metrics Registry : ratis.log_worker.3e3f1c58-71d4-4b4b-a4fa-fbb64653de38@group-4777C1971FFE
2021-04-26 08:57:20,172 [pool-450-thread-1] INFO  server.RaftServerConfigKeys (ConfUtils.java:logGet(44)) - raft.server.log.segment.size.max = 1048576 (custom)
2021-04-26 08:57:20,172 [pool-450-thread-1] INFO  server.RaftServerConfigKeys (ConfUtils.java:logGet(44)) - raft.server.log.segment.cache.num.max = 2 (custom)
2021-04-26 08:57:20,172 [pool-450-thread-1] INFO  server.RaftServerConfigKeys (ConfUtils.java:logGet(44)) - raft.server.log.segment.cache.size.max = 200MB (=209715200) (default)
2021-04-26 08:57:20,172 [pool-450-thread-1] INFO  segmented.SegmentedRaftLogWorker (SegmentedRaftLogWorker.java:<init>(182)) - new 3e3f1c58-71d4-4b4b-a4fa-fbb64653de38@group-4777C1971FFE-SegmentedRaftLogWorker for RaftStorageImpl:Storage Directory /github/workspace/mnt/ozone/hadoop-ozone/integration-test/target/test-dir/MiniOzoneClusterImpl-80072cdf-ce72-42fa-91c0-6b866cc407f5/datanode-1/data/ratis/aa22d13b-0188-4d85-8a6b-4777c1971ffe
2021-04-26 08:57:20,172 [pool-450-thread-1] INFO  server.RaftServerConfigKeys (ConfUtils.java:logGet(44)) - raft.server.log.queue.byte-limit = 2147483647 (custom)
2021-04-26 08:57:20,173 [pool-450-thread-1] INFO  server.RaftServerConfigKeys (ConfUtils.java:logGet(44)) - raft.server.log.queue.element-limit = 1024 (custom)
2021-04-26 08:57:20,173 [pool-450-thread-1] INFO  server.RaftServerConfigKeys (ConfUtils.java:logGet(44)) - raft.server.log.segment.size.max = 1048576 (custom)
2021-04-26 08:57:20,173 [pool-450-thread-1] INFO  server.RaftServerConfigKeys (ConfUtils.java:logGet(44)) - raft.server.log.preallocated.size = 16384 (custom)
2021-04-26 08:57:20,173 [pool-450-thread-1] INFO  server.RaftServerConfigKeys (ConfUtils.java:logGet(44)) - raft.server.log.force.sync.num = 128 (default)
2021-04-26 08:57:20,173 [pool-450-thread-1] INFO  server.RaftServerConfigKeys (ConfUtils.java:logGet(44)) - raft.server.log.statemachine.data.sync = true (default)
2021-04-26 08:57:20,173 [pool-450-thread-1] INFO  server.RaftServerConfigKeys (ConfUtils.java:logGet(44)) - raft.server.log.statemachine.data.sync.timeout = 10s (default)
2021-04-26 08:57:20,173 [pool-450-thread-1] INFO  server.RaftServerConfigKeys (ConfUtils.java:logGet(44)) - raft.server.log.statemachine.data.sync.timeout.retry = -1 (default)
2021-04-26 08:57:20,175 [pool-450-thread-1] INFO  server.RaftServerConfigKeys (ConfUtils.java:logGet(44)) - raft.server.log.write.buffer.size = 1048576 (custom)
2021-04-26 08:57:20,175 [pool-450-thread-1] INFO  server.RaftServerConfigKeys (ConfUtils.java:logGet(44)) - raft.server.log.statemachine.data.caching.enabled = true (custom)
2021-04-26 08:57:20,176 [pool-450-thread-1] INFO  segmented.SegmentedRaftLogWorker (SegmentedRaftLogWorker.java:lambda$new$0(133)) - 3e3f1c58-71d4-4b4b-a4fa-fbb64653de38@group-4777C1971FFE-SegmentedRaftLogWorker: flushIndex: setUnconditionally 0 -> -1
2021-04-26 08:57:20,176 [pool-450-thread-1] INFO  segmented.SegmentedRaftLogWorker (SegmentedRaftLogWorker.java:lambda$new$0(133)) - 3e3f1c58-71d4-4b4b-a4fa-fbb64653de38@group-4777C1971FFE-SegmentedRaftLogWorker: safeCacheEvictIndex: setUnconditionally 0 -> -1
2021-04-26 08:57:20,176 [pool-450-thread-1] INFO  server.RaftServerConfigKeys (ConfUtils.java:logGet(44)) - raft.server.snapshot.auto.trigger.enabled = true (custom)
2021-04-26 08:57:20,176 [pool-450-thread-1] INFO  server.RaftServerConfigKeys (ConfUtils.java:logGet(44)) - raft.server.snapshot.auto.trigger.threshold = 10000 (custom)
2021-04-26 08:57:20,176 [pool-450-thread-1] INFO  server.RaftServerConfigKeys (ConfUtils.java:logGet(44)) - raft.server.snapshot.retention.file.num = 5 (custom)
2021-04-26 08:57:20,176 [pool-450-thread-1] INFO  server.RaftServerConfigKeys (ConfUtils.java:logGet(44)) - raft.server.log.purge.upto.snapshot.index = false (default)
2021-04-26 08:57:20,176 [pool-450-thread-1] INFO  server.RaftServerConfigKeys (ConfUtils.java:logGet(44)) - raft.server.retrycache.expirytime = 600000ms (custom)
2021-04-26 08:57:20,176 [pool-450-thread-1] INFO  server.RaftServerConfigKeys (ConfUtils.java:logGet(44)) - raft.server.retrycache.statistics.expirytime = 100?s (default)
2021-04-26 08:57:20,176 [pool-450-thread-1] INFO  metrics.RatisMetrics (RatisMetrics.java:lambda$create$0(36)) - Creating Metrics Registry : ratis.leader_election.3e3f1c58-71d4-4b4b-a4fa-fbb64653de38@group-4777C1971FFE
2021-04-26 08:57:20,177 [pool-450-thread-1] INFO  metrics.RatisMetrics (RatisMetrics.java:lambda$create$0(36)) - Creating Metrics Registry : ratis.server.3e3f1c58-71d4-4b4b-a4fa-fbb64653de38@group-4777C1971FFE
2021-04-26 08:57:20,178 [pool-450-thread-1] INFO  server.RaftServer$Division (RaftServerImpl.java:start(295)) - 3e3f1c58-71d4-4b4b-a4fa-fbb64653de38@group-4777C1971FFE: start as a follower, conf=-1: [3e3f1c58-71d4-4b4b-a4fa-fbb64653de38|rpc:172.17.0.2:39811|dataStream:|priority:0, 5dce0fb0-fe11-4d63-8819-9c36ac88e0b4|rpc:172.17.0.2:35669|dataStream:|priority:0, 13dc8373-51b3-40e2-8cf0-22ac5417d2f8|rpc:172.17.0.2:40591|dataStream:|priority:1], old=null
2021-04-26 08:57:20,178 [pool-450-thread-1] INFO  server.RaftServer$Division (RaftServerImpl.java:setRole(284)) - 3e3f1c58-71d4-4b4b-a4fa-fbb64653de38@group-4777C1971FFE: changes role from      null to FOLLOWER at term 0 for startAsFollower
2021-04-26 08:57:20,178 [pool-450-thread-1] INFO  impl.RoleInfo (RoleInfo.java:updateAndGet(130)) - 3e3f1c58-71d4-4b4b-a4fa-fbb64653de38: start 3e3f1c58-71d4-4b4b-a4fa-fbb64653de38@group-4777C1971FFE-FollowerState
2021-04-26 08:57:20,178 [pool-450-thread-1] INFO  util.JmxRegister (JmxRegister.java:tryRegister(44)) - Successfully registered JMX Bean with object name Ratis:service=RaftServer,group=group-4777C1971FFE,id=3e3f1c58-71d4-4b4b-a4fa-fbb64653de38
2021-04-26 08:57:20,179 [pool-450-thread-1] INFO  metrics.RatisMetrics (RatisMetrics.java:lambda$create$0(36)) - Creating Metrics Registry : ratis.state_machine.3e3f1c58-71d4-4b4b-a4fa-fbb64653de38@group-4777C1971FFE
2021-04-26 08:57:20,188 [Command processor thread] INFO  metrics.RatisMetrics (RatisMetrics.java:lambda$create$0(36)) - Creating Metrics Registry : ratis.client_message_metrics.client-AB9FFFEA3D89->13dc8373-51b3-40e2-8cf0-22ac5417d2f8
2021-04-26 08:57:20,192 [grpc-default-executor-2] INFO  metrics.RatisMetrics (RatisMetrics.java:lambda$create$0(36)) - Creating Metrics Registry : ratis.server_message_metrics.13dc8373-51b3-40e2-8cf0-22ac5417d2f8
2021-04-26 08:57:20,196 [grpc-default-executor-2] INFO  server.RaftServer (RaftServerProxy.java:addNew(95)) - 13dc8373-51b3-40e2-8cf0-22ac5417d2f8: addNew group-4777C1971FFE:[3e3f1c58-71d4-4b4b-a4fa-fbb64653de38|rpc:172.17.0.2:39811|dataStream:|priority:0, 5dce0fb0-fe11-4d63-8819-9c36ac88e0b4|rpc:172.17.0.2:35669|dataStream:|priority:0, 13dc8373-51b3-40e2-8cf0-22ac5417d2f8|rpc:172.17.0.2:40591|dataStream:|priority:1] returns group-4777C1971FFE:java.util.concurrent.CompletableFuture@41a899d8[Not completed]
2021-04-26 08:57:20,197 [pool-466-thread-1] INFO  server.RaftServer$Division (RaftServerImpl.java:<init>(180)) - 13dc8373-51b3-40e2-8cf0-22ac5417d2f8: new RaftServerImpl for group-4777C1971FFE:[3e3f1c58-71d4-4b4b-a4fa-fbb64653de38|rpc:172.17.0.2:39811|dataStream:|priority:0, 5dce0fb0-fe11-4d63-8819-9c36ac88e0b4|rpc:172.17.0.2:35669|dataStream:|priority:0, 13dc8373-51b3-40e2-8cf0-22ac5417d2f8|rpc:172.17.0.2:40591|dataStream:|priority:1] with ContainerStateMachine:uninitialized
2021-04-26 08:57:20,197 [pool-466-thread-1] INFO  server.RaftServerConfigKeys (ConfUtils.java:logGet(44)) - raft.server.rpc.timeout.min = 5s (custom)
2021-04-26 08:57:20,197 [pool-466-thread-1] INFO  server.RaftServerConfigKeys (ConfUtils.java:logGet(44)) - raft.server.rpc.timeout.max = 5200ms (custom)
2021-04-26 08:57:20,197 [pool-466-thread-1] INFO  server.RaftServerConfigKeys (ConfUtils.java:logGet(44)) - raft.server.rpc.sleep.time = 25ms (default)
2021-04-26 08:57:20,197 [pool-466-thread-1] INFO  server.RaftServerConfigKeys (ConfUtils.java:logGet(44)) - raft.server.rpc.slowness.timeout = 300000ms (custom)
2021-04-26 08:57:20,198 [pool-466-thread-1] INFO  server.RaftServerConfigKeys (ConfUtils.java:logGet(44)) - raft.server.leaderelection.leader.step-down.wait-time = 10s (default)
2021-04-26 08:57:20,198 [pool-466-thread-1] INFO  server.RaftServerConfigKeys (ConfUtils.java:logGet(44)) - raft.server.sleep.deviation.threshold = 300ms (default)
2021-04-26 08:57:20,198 [pool-466-thread-1] INFO  server.RaftServerConfigKeys (ConfUtils.java:logGet(44)) - raft.server.log.appender.install.snapshot.enabled = false (custom)
2021-04-26 08:57:20,198 [pool-466-thread-1] INFO  server.RaftServer$Division (ServerState.java:<init>(105)) - 13dc8373-51b3-40e2-8cf0-22ac5417d2f8@group-4777C1971FFE: ConfigurationManager, init=-1: [3e3f1c58-71d4-4b4b-a4fa-fbb64653de38|rpc:172.17.0.2:39811|dataStream:|priority:0, 5dce0fb0-fe11-4d63-8819-9c36ac88e0b4|rpc:172.17.0.2:35669|dataStream:|priority:0, 13dc8373-51b3-40e2-8cf0-22ac5417d2f8|rpc:172.17.0.2:40591|dataStream:|priority:1], old=null, confs=<EMPTY_MAP>
2021-04-26 08:57:20,198 [pool-466-thread-1] INFO  server.RaftServerConfigKeys (ConfUtils.java:logGet(44)) - raft.server.storage.dir = [/github/workspace/mnt/ozone/hadoop-ozone/integration-test/target/test-dir/MiniOzoneClusterImpl-80072cdf-ce72-42fa-91c0-6b866cc407f5/datanode-2/data/ratis] (custom)
2021-04-26 08:57:20,198 [pool-466-thread-1] INFO  server.RaftServerConfigKeys (ConfUtils.java:logGet(44)) - raft.server.log.corruption.policy = EXCEPTION (default)
2021-04-26 08:57:20,198 [pool-466-thread-1] INFO  storage.RaftStorageDirectory (RaftStorageDirectoryImpl.java:analyzeStorage(132)) - The storage directory /github/workspace/mnt/ozone/hadoop-ozone/integration-test/target/test-dir/MiniOzoneClusterImpl-80072cdf-ce72-42fa-91c0-6b866cc407f5/datanode-2/data/ratis/aa22d13b-0188-4d85-8a6b-4777c1971ffe does not exist. Creating ...
2021-04-26 08:57:20,199 [pool-466-thread-1] INFO  storage.RaftStorageDirectory (RaftStorageDirectoryImpl.java:tryLock(215)) - Lock on /github/workspace/mnt/ozone/hadoop-ozone/integration-test/target/test-dir/MiniOzoneClusterImpl-80072cdf-ce72-42fa-91c0-6b866cc407f5/datanode-2/data/ratis/aa22d13b-0188-4d85-8a6b-4777c1971ffe/in_use.lock acquired by nodename 21061@ffee826fe4eb
2021-04-26 08:57:20,202 [pool-466-thread-1] INFO  storage.RaftStorage (RaftStorageImpl.java:format(87)) - Storage directory /github/workspace/mnt/ozone/hadoop-ozone/integration-test/target/test-dir/MiniOzoneClusterImpl-80072cdf-ce72-42fa-91c0-6b866cc407f5/datanode-2/data/ratis/aa22d13b-0188-4d85-8a6b-4777c1971ffe has been successfully formatted.
2021-04-26 08:57:20,204 [EventQueue-PipelineReportForOneReplicaPipelineSafeModeRule] INFO  safemode.SCMSafeModeManager (SCMSafeModeManager.java:validateSafeModeExitRules(201)) - AtleastOneDatanodeReportedRule rule is successfully validated
2021-04-26 08:57:20,204 [pool-466-thread-1] INFO  ratis.ContainerStateMachine (ContainerStateMachine.java:loadSnapshot(224)) - group-4777C1971FFE: The snapshot info is null. Setting the last applied indexto:(t:0, i:~)
2021-04-26 08:57:20,205 [pool-466-thread-1] INFO  server.RaftServerConfigKeys (ConfUtils.java:logGet(44)) - raft.server.notification.no-leader.timeout = 300000ms (custom)
2021-04-26 08:57:20,205 [pool-466-thread-1] INFO  server.RaftServerConfigKeys (ConfUtils.java:logGet(44)) - raft.server.log.use.memory = false (default)
2021-04-26 08:57:20,205 [pool-466-thread-1] INFO  server.RaftServerConfigKeys (ConfUtils.java:logGet(44)) - raft.server.log.purge.gap = 1000000 (custom)
2021-04-26 08:57:20,205 [pool-466-thread-1] INFO  server.RaftServerConfigKeys (ConfUtils.java:logGet(44)) - raft.server.log.appender.buffer.byte-limit = 33554432 (custom)
2021-04-26 08:57:20,205 [pool-466-thread-1] INFO  metrics.RatisMetrics (RatisMetrics.java:lambda$create$0(36)) - Creating Metrics Registry : ratis.log_worker.13dc8373-51b3-40e2-8cf0-22ac5417d2f8@group-4777C1971FFE
2021-04-26 08:57:20,205 [pool-466-thread-1] INFO  server.RaftServerConfigKeys (ConfUtils.java:logGet(44)) - raft.server.log.segment.size.max = 1048576 (custom)
2021-04-26 08:57:20,206 [pool-466-thread-1] INFO  server.RaftServerConfigKeys (ConfUtils.java:logGet(44)) - raft.server.log.segment.cache.num.max = 2 (custom)
2021-04-26 08:57:20,206 [pool-466-thread-1] INFO  server.RaftServerConfigKeys (ConfUtils.java:logGet(44)) - raft.server.log.segment.cache.size.max = 200MB (=209715200) (default)
2021-04-26 08:57:20,206 [pool-466-thread-1] INFO  segmented.SegmentedRaftLogWorker (SegmentedRaftLogWorker.java:<init>(182)) - new 13dc8373-51b3-40e2-8cf0-22ac5417d2f8@group-4777C1971FFE-SegmentedRaftLogWorker for RaftStorageImpl:Storage Directory /github/workspace/mnt/ozone/hadoop-ozone/integration-test/target/test-dir/MiniOzoneClusterImpl-80072cdf-ce72-42fa-91c0-6b866cc407f5/datanode-2/data/ratis/aa22d13b-0188-4d85-8a6b-4777c1971ffe
2021-04-26 08:57:20,206 [pool-466-thread-1] INFO  server.RaftServerConfigKeys (ConfUtils.java:logGet(44)) - raft.server.log.queue.byte-limit = 2147483647 (custom)
2021-04-26 08:57:20,206 [pool-466-thread-1] INFO  server.RaftServerConfigKeys (ConfUtils.java:logGet(44)) - raft.server.log.queue.element-limit = 1024 (custom)
2021-04-26 08:57:20,206 [pool-466-thread-1] INFO  server.RaftServerConfigKeys (ConfUtils.java:logGet(44)) - raft.server.log.segment.size.max = 1048576 (custom)
2021-04-26 08:57:20,206 [pool-466-thread-1] INFO  server.RaftServerConfigKeys (ConfUtils.java:logGet(44)) - raft.server.log.preallocated.size = 16384 (custom)
2021-04-26 08:57:20,206 [pool-466-thread-1] INFO  server.RaftServerConfigKeys (ConfUtils.java:logGet(44)) - raft.server.log.force.sync.num = 128 (default)
2021-04-26 08:57:20,206 [pool-466-thread-1] INFO  server.RaftServerConfigKeys (ConfUtils.java:logGet(44)) - raft.server.log.statemachine.data.sync = true (default)
2021-04-26 08:57:20,206 [pool-466-thread-1] INFO  server.RaftServerConfigKeys (ConfUtils.java:logGet(44)) - raft.server.log.statemachine.data.sync.timeout = 10s (default)
2021-04-26 08:57:20,206 [pool-466-thread-1] INFO  server.RaftServerConfigKeys (ConfUtils.java:logGet(44)) - raft.server.log.statemachine.data.sync.timeout.retry = -1 (default)
2021-04-26 08:57:20,208 [pool-466-thread-1] INFO  server.RaftServerConfigKeys (ConfUtils.java:logGet(44)) - raft.server.log.write.buffer.size = 1048576 (custom)
2021-04-26 08:57:20,208 [pool-466-thread-1] INFO  server.RaftServerConfigKeys (ConfUtils.java:logGet(44)) - raft.server.log.statemachine.data.caching.enabled = true (custom)
2021-04-26 08:57:20,209 [pool-466-thread-1] INFO  segmented.SegmentedRaftLogWorker (SegmentedRaftLogWorker.java:lambda$new$0(133)) - 13dc8373-51b3-40e2-8cf0-22ac5417d2f8@group-4777C1971FFE-SegmentedRaftLogWorker: flushIndex: setUnconditionally 0 -> -1
2021-04-26 08:57:20,209 [pool-466-thread-1] INFO  segmented.SegmentedRaftLogWorker (SegmentedRaftLogWorker.java:lambda$new$0(133)) - 13dc8373-51b3-40e2-8cf0-22ac5417d2f8@group-4777C1971FFE-SegmentedRaftLogWorker: safeCacheEvictIndex: setUnconditionally 0 -> -1
2021-04-26 08:57:20,209 [pool-466-thread-1] INFO  server.RaftServerConfigKeys (ConfUtils.java:logGet(44)) - raft.server.snapshot.auto.trigger.enabled = true (custom)
2021-04-26 08:57:20,209 [pool-466-thread-1] INFO  server.RaftServerConfigKeys (ConfUtils.java:logGet(44)) - raft.server.snapshot.auto.trigger.threshold = 10000 (custom)
2021-04-26 08:57:20,209 [pool-466-thread-1] INFO  server.RaftServerConfigKeys (ConfUtils.java:logGet(44)) - raft.server.snapshot.retention.file.num = 5 (custom)
2021-04-26 08:57:20,209 [pool-466-thread-1] INFO  server.RaftServerConfigKeys (ConfUtils.java:logGet(44)) - raft.server.log.purge.upto.snapshot.index = false (default)
2021-04-26 08:57:20,209 [pool-466-thread-1] INFO  server.RaftServerConfigKeys (ConfUtils.java:logGet(44)) - raft.server.retrycache.expirytime = 600000ms (custom)
2021-04-26 08:57:20,209 [pool-466-thread-1] INFO  server.RaftServerConfigKeys (ConfUtils.java:logGet(44)) - raft.server.retrycache.statistics.expirytime = 100?s (default)
2021-04-26 08:57:20,209 [pool-466-thread-1] INFO  metrics.RatisMetrics (RatisMetrics.java:lambda$create$0(36)) - Creating Metrics Registry : ratis.leader_election.13dc8373-51b3-40e2-8cf0-22ac5417d2f8@group-4777C1971FFE
2021-04-26 08:57:20,210 [pool-466-thread-1] INFO  metrics.RatisMetrics (RatisMetrics.java:lambda$create$0(36)) - Creating Metrics Registry : ratis.server.13dc8373-51b3-40e2-8cf0-22ac5417d2f8@group-4777C1971FFE
2021-04-26 08:57:20,211 [pool-466-thread-1] INFO  server.RaftServer$Division (RaftServerImpl.java:start(295)) - 13dc8373-51b3-40e2-8cf0-22ac5417d2f8@group-4777C1971FFE: start as a follower, conf=-1: [3e3f1c58-71d4-4b4b-a4fa-fbb64653de38|rpc:172.17.0.2:39811|dataStream:|priority:0, 5dce0fb0-fe11-4d63-8819-9c36ac88e0b4|rpc:172.17.0.2:35669|dataStream:|priority:0, 13dc8373-51b3-40e2-8cf0-22ac5417d2f8|rpc:172.17.0.2:40591|dataStream:|priority:1], old=null
2021-04-26 08:57:20,211 [pool-466-thread-1] INFO  server.RaftServer$Division (RaftServerImpl.java:setRole(284)) - 13dc8373-51b3-40e2-8cf0-22ac5417d2f8@group-4777C1971FFE: changes role from      null to FOLLOWER at term 0 for startAsFollower
2021-04-26 08:57:20,211 [pool-466-thread-1] INFO  impl.RoleInfo (RoleInfo.java:updateAndGet(130)) - 13dc8373-51b3-40e2-8cf0-22ac5417d2f8: start 13dc8373-51b3-40e2-8cf0-22ac5417d2f8@group-4777C1971FFE-FollowerState
2021-04-26 08:57:20,212 [pool-466-thread-1] INFO  util.JmxRegister (JmxRegister.java:tryRegister(44)) - Successfully registered JMX Bean with object name Ratis:service=RaftServer,group=group-4777C1971FFE,id=13dc8373-51b3-40e2-8cf0-22ac5417d2f8
2021-04-26 08:57:20,212 [pool-466-thread-1] INFO  metrics.RatisMetrics (RatisMetrics.java:lambda$create$0(36)) - Creating Metrics Registry : ratis.state_machine.13dc8373-51b3-40e2-8cf0-22ac5417d2f8@group-4777C1971FFE
2021-04-26 08:57:20,218 [Command processor thread] INFO  commandhandler.CreatePipelineCommandHandler (CreatePipelineCommandHandler.java:handle(106)) - Created Pipeline RATIS THREE PipelineID=aa22d13b-0188-4d85-8a6b-4777c1971ffe.
2021-04-26 08:57:20,307 [Command processor thread] INFO  server.RaftServer (RaftServerProxy.java:addNew(95)) - 3e3f1c58-71d4-4b4b-a4fa-fbb64653de38: addNew group-0C0D581C6C1B:[3e3f1c58-71d4-4b4b-a4fa-fbb64653de38|rpc:172.17.0.2:39811|priority:1] returns group-0C0D581C6C1B:java.util.concurrent.CompletableFuture@664f0fae[Not completed]
2021-04-26 08:57:20,308 [pool-450-thread-1] INFO  server.RaftServer$Division (RaftServerImpl.java:<init>(180)) - 3e3f1c58-71d4-4b4b-a4fa-fbb64653de38: new RaftServerImpl for group-0C0D581C6C1B:[3e3f1c58-71d4-4b4b-a4fa-fbb64653de38|rpc:172.17.0.2:39811|priority:1] with ContainerStateMachine:uninitialized
2021-04-26 08:57:20,308 [pool-450-thread-1] INFO  server.RaftServerConfigKeys (ConfUtils.java:logGet(44)) - raft.server.rpc.timeout.min = 5s (custom)
2021-04-26 08:57:20,308 [pool-450-thread-1] INFO  server.RaftServerConfigKeys (ConfUtils.java:logGet(44)) - raft.server.rpc.timeout.max = 5200ms (custom)
2021-04-26 08:57:20,308 [pool-450-thread-1] INFO  server.RaftServerConfigKeys (ConfUtils.java:logGet(44)) - raft.server.rpc.sleep.time = 25ms (default)
2021-04-26 08:57:20,308 [pool-450-thread-1] INFO  server.RaftServerConfigKeys (ConfUtils.java:logGet(44)) - raft.server.rpc.slowness.timeout = 300000ms (custom)
2021-04-26 08:57:20,308 [pool-450-thread-1] INFO  server.RaftServerConfigKeys (ConfUtils.java:logGet(44)) - raft.server.leaderelection.leader.step-down.wait-time = 10s (default)
2021-04-26 08:57:20,308 [pool-450-thread-1] INFO  server.RaftServerConfigKeys (ConfUtils.java:logGet(44)) - raft.server.sleep.deviation.threshold = 300ms (default)
2021-04-26 08:57:20,309 [pool-450-thread-1] INFO  server.RaftServerConfigKeys (ConfUtils.java:logGet(44)) - raft.server.log.appender.install.snapshot.enabled = false (custom)
2021-04-26 08:57:20,309 [pool-450-thread-1] INFO  server.RaftServer$Division (ServerState.java:<init>(105)) - 3e3f1c58-71d4-4b4b-a4fa-fbb64653de38@group-0C0D581C6C1B: ConfigurationManager, init=-1: [3e3f1c58-71d4-4b4b-a4fa-fbb64653de38|rpc:172.17.0.2:39811|priority:1], old=null, confs=<EMPTY_MAP>
2021-04-26 08:57:20,309 [pool-450-thread-1] INFO  server.RaftServerConfigKeys (ConfUtils.java:logGet(44)) - raft.server.storage.dir = [/github/workspace/mnt/ozone/hadoop-ozone/integration-test/target/test-dir/MiniOzoneClusterImpl-80072cdf-ce72-42fa-91c0-6b866cc407f5/datanode-1/data/ratis] (custom)
2021-04-26 08:57:20,309 [pool-450-thread-1] INFO  server.RaftServerConfigKeys (ConfUtils.java:logGet(44)) - raft.server.log.corruption.policy = EXCEPTION (default)
2021-04-26 08:57:20,309 [pool-450-thread-1] INFO  storage.RaftStorageDirectory (RaftStorageDirectoryImpl.java:analyzeStorage(132)) - The storage directory /github/workspace/mnt/ozone/hadoop-ozone/integration-test/target/test-dir/MiniOzoneClusterImpl-80072cdf-ce72-42fa-91c0-6b866cc407f5/datanode-1/data/ratis/57aae860-35d8-41d9-9614-0c0d581c6c1b does not exist. Creating ...
2021-04-26 08:57:20,310 [pool-450-thread-1] INFO  storage.RaftStorageDirectory (RaftStorageDirectoryImpl.java:tryLock(215)) - Lock on /github/workspace/mnt/ozone/hadoop-ozone/integration-test/target/test-dir/MiniOzoneClusterImpl-80072cdf-ce72-42fa-91c0-6b866cc407f5/datanode-1/data/ratis/57aae860-35d8-41d9-9614-0c0d581c6c1b/in_use.lock acquired by nodename 21061@ffee826fe4eb
2021-04-26 08:57:20,312 [pool-450-thread-1] INFO  storage.RaftStorage (RaftStorageImpl.java:format(87)) - Storage directory /github/workspace/mnt/ozone/hadoop-ozone/integration-test/target/test-dir/MiniOzoneClusterImpl-80072cdf-ce72-42fa-91c0-6b866cc407f5/datanode-1/data/ratis/57aae860-35d8-41d9-9614-0c0d581c6c1b has been successfully formatted.
2021-04-26 08:57:20,312 [pool-450-thread-1] INFO  ratis.ContainerStateMachine (ContainerStateMachine.java:loadSnapshot(224)) - group-0C0D581C6C1B: The snapshot info is null. Setting the last applied indexto:(t:0, i:~)
2021-04-26 08:57:20,312 [pool-450-thread-1] INFO  server.RaftServerConfigKeys (ConfUtils.java:logGet(44)) - raft.server.notification.no-leader.timeout = 300000ms (custom)
2021-04-26 08:57:20,312 [pool-450-thread-1] INFO  server.RaftServerConfigKeys (ConfUtils.java:logGet(44)) - raft.server.log.use.memory = false (default)
2021-04-26 08:57:20,312 [pool-450-thread-1] INFO  server.RaftServerConfigKeys (ConfUtils.java:logGet(44)) - raft.server.log.purge.gap = 1000000 (custom)
2021-04-26 08:57:20,312 [pool-450-thread-1] INFO  server.RaftServerConfigKeys (ConfUtils.java:logGet(44)) - raft.server.log.appender.buffer.byte-limit = 33554432 (custom)
2021-04-26 08:57:20,313 [pool-450-thread-1] INFO  metrics.RatisMetrics (RatisMetrics.java:lambda$create$0(36)) - Creating Metrics Registry : ratis.log_worker.3e3f1c58-71d4-4b4b-a4fa-fbb64653de38@group-0C0D581C6C1B
2021-04-26 08:57:20,313 [EventQueue-PipelineReportForPipelineReportHandler] INFO  pipeline.PipelineManagerV2Impl (PipelineManagerV2Impl.java:openPipeline(270)) - Pipeline Pipeline[ Id: 57aae860-35d8-41d9-9614-0c0d581c6c1b, Nodes: 3e3f1c58-71d4-4b4b-a4fa-fbb64653de38{ip: 172.17.0.2, host: ffee826fe4eb, ports: [REPLICATION=36035, RATIS=39811, RATIS_ADMIN=39811, RATIS_SERVER=39811, STANDALONE=34485], networkLocation: /default-rack, certSerialId: null, persistedOpState: IN_SERVICE, persistedOpStateExpiryEpochSec: 0}, ReplicationConfig: RATIS/ONE, State:ALLOCATED, leaderId:3e3f1c58-71d4-4b4b-a4fa-fbb64653de38, CreationTimestamp2021-04-26T08:57:17.309Z] moved to OPEN state
2021-04-26 08:57:20,313 [pool-450-thread-1] INFO  server.RaftServerConfigKeys (ConfUtils.java:logGet(44)) - raft.server.log.segment.size.max = 1048576 (custom)
2021-04-26 08:57:20,313 [EventQueue-PipelineReportForOneReplicaPipelineSafeModeRule] INFO  safemode.SCMSafeModeManager (SCMSafeModeManager.java:validateSafeModeExitRules(201)) - AtleastOneDatanodeReportedRule rule is successfully validated
2021-04-26 08:57:20,313 [EventQueue-OpenPipelineForHealthyPipelineSafeModeRule] INFO  safemode.SCMSafeModeManager (HealthyPipelineSafeModeRule.java:process(130)) - SCM in safe mode. Healthy pipelines reported count is 0, required healthy pipeline reported count is 1
2021-04-26 08:57:20,314 [pool-450-thread-1] INFO  server.RaftServerConfigKeys (ConfUtils.java:logGet(44)) - raft.server.log.segment.cache.num.max = 2 (custom)
2021-04-26 08:57:20,314 [pool-450-thread-1] INFO  server.RaftServerConfigKeys (ConfUtils.java:logGet(44)) - raft.server.log.segment.cache.size.max = 200MB (=209715200) (default)
2021-04-26 08:57:20,314 [pool-450-thread-1] INFO  segmented.SegmentedRaftLogWorker (SegmentedRaftLogWorker.java:<init>(182)) - new 3e3f1c58-71d4-4b4b-a4fa-fbb64653de38@group-0C0D581C6C1B-SegmentedRaftLogWorker for RaftStorageImpl:Storage Directory /github/workspace/mnt/ozone/hadoop-ozone/integration-test/target/test-dir/MiniOzoneClusterImpl-80072cdf-ce72-42fa-91c0-6b866cc407f5/datanode-1/data/ratis/57aae860-35d8-41d9-9614-0c0d581c6c1b
2021-04-26 08:57:20,314 [pool-450-thread-1] INFO  server.RaftServerConfigKeys (ConfUtils.java:logGet(44)) - raft.server.log.queue.byte-limit = 2147483647 (custom)
2021-04-26 08:57:20,314 [pool-450-thread-1] INFO  server.RaftServerConfigKeys (ConfUtils.java:logGet(44)) - raft.server.log.queue.element-limit = 1024 (custom)
2021-04-26 08:57:20,314 [pool-450-thread-1] INFO  server.RaftServerConfigKeys (ConfUtils.java:logGet(44)) - raft.server.log.segment.size.max = 1048576 (custom)
2021-04-26 08:57:20,314 [pool-450-thread-1] INFO  server.RaftServerConfigKeys (ConfUtils.java:logGet(44)) - raft.server.log.preallocated.size = 16384 (custom)
2021-04-26 08:57:20,314 [pool-450-thread-1] INFO  server.RaftServerConfigKeys (ConfUtils.java:logGet(44)) - raft.server.log.force.sync.num = 128 (default)
2021-04-26 08:57:20,314 [pool-450-thread-1] INFO  server.RaftServerConfigKeys (ConfUtils.java:logGet(44)) - raft.server.log.statemachine.data.sync = true (default)
2021-04-26 08:57:20,314 [pool-450-thread-1] INFO  server.RaftServerConfigKeys (ConfUtils.java:logGet(44)) - raft.server.log.statemachine.data.sync.timeout = 10s (default)
2021-04-26 08:57:20,314 [pool-450-thread-1] INFO  server.RaftServerConfigKeys (ConfUtils.java:logGet(44)) - raft.server.log.statemachine.data.sync.timeout.retry = -1 (default)
2021-04-26 08:57:20,317 [pool-450-thread-1] INFO  server.RaftServerConfigKeys (ConfUtils.java:logGet(44)) - raft.server.log.write.buffer.size = 1048576 (custom)
2021-04-26 08:57:20,317 [pool-450-thread-1] INFO  server.RaftServerConfigKeys (ConfUtils.java:logGet(44)) - raft.server.log.statemachine.data.caching.enabled = true (custom)
2021-04-26 08:57:20,318 [pool-450-thread-1] INFO  segmented.SegmentedRaftLogWorker (SegmentedRaftLogWorker.java:lambda$new$0(133)) - 3e3f1c58-71d4-4b4b-a4fa-fbb64653de38@group-0C0D581C6C1B-SegmentedRaftLogWorker: flushIndex: setUnconditionally 0 -> -1
2021-04-26 08:57:20,318 [pool-450-thread-1] INFO  segmented.SegmentedRaftLogWorker (SegmentedRaftLogWorker.java:lambda$new$0(133)) - 3e3f1c58-71d4-4b4b-a4fa-fbb64653de38@group-0C0D581C6C1B-SegmentedRaftLogWorker: safeCacheEvictIndex: setUnconditionally 0 -> -1
2021-04-26 08:57:20,318 [pool-450-thread-1] INFO  server.RaftServerConfigKeys (ConfUtils.java:logGet(44)) - raft.server.snapshot.auto.trigger.enabled = true (custom)
2021-04-26 08:57:20,318 [pool-450-thread-1] INFO  server.RaftServerConfigKeys (ConfUtils.java:logGet(44)) - raft.server.snapshot.auto.trigger.threshold = 10000 (custom)
2021-04-26 08:57:20,318 [pool-450-thread-1] INFO  server.RaftServerConfigKeys (ConfUtils.java:logGet(44)) - raft.server.snapshot.retention.file.num = 5 (custom)
2021-04-26 08:57:20,318 [pool-450-thread-1] INFO  server.RaftServerConfigKeys (ConfUtils.java:logGet(44)) - raft.server.log.purge.upto.snapshot.index = false (default)
2021-04-26 08:57:20,318 [pool-450-thread-1] INFO  server.RaftServerConfigKeys (ConfUtils.java:logGet(44)) - raft.server.retrycache.expirytime = 600000ms (custom)
2021-04-26 08:57:20,318 [pool-450-thread-1] INFO  server.RaftServerConfigKeys (ConfUtils.java:logGet(44)) - raft.server.retrycache.statistics.expirytime = 100?s (default)
2021-04-26 08:57:20,318 [pool-450-thread-1] INFO  metrics.RatisMetrics (RatisMetrics.java:lambda$create$0(36)) - Creating Metrics Registry : ratis.leader_election.3e3f1c58-71d4-4b4b-a4fa-fbb64653de38@group-0C0D581C6C1B
2021-04-26 08:57:20,319 [pool-450-thread-1] INFO  metrics.RatisMetrics (RatisMetrics.java:lambda$create$0(36)) - Creating Metrics Registry : ratis.server.3e3f1c58-71d4-4b4b-a4fa-fbb64653de38@group-0C0D581C6C1B
2021-04-26 08:57:20,320 [pool-450-thread-1] INFO  server.RaftServer$Division (RaftServerImpl.java:start(295)) - 3e3f1c58-71d4-4b4b-a4fa-fbb64653de38@group-0C0D581C6C1B: start as a follower, conf=-1: [3e3f1c58-71d4-4b4b-a4fa-fbb64653de38|rpc:172.17.0.2:39811|priority:1], old=null
2021-04-26 08:57:20,320 [pool-450-thread-1] INFO  server.RaftServer$Division (RaftServerImpl.java:setRole(284)) - 3e3f1c58-71d4-4b4b-a4fa-fbb64653de38@group-0C0D581C6C1B: changes role from      null to FOLLOWER at term 0 for startAsFollower
2021-04-26 08:57:20,320 [pool-450-thread-1] INFO  impl.RoleInfo (RoleInfo.java:updateAndGet(130)) - 3e3f1c58-71d4-4b4b-a4fa-fbb64653de38: start 3e3f1c58-71d4-4b4b-a4fa-fbb64653de38@group-0C0D581C6C1B-FollowerState
2021-04-26 08:57:20,320 [pool-450-thread-1] INFO  util.JmxRegister (JmxRegister.java:tryRegister(44)) - Successfully registered JMX Bean with object name Ratis:service=RaftServer,group=group-0C0D581C6C1B,id=3e3f1c58-71d4-4b4b-a4fa-fbb64653de38
2021-04-26 08:57:20,321 [pool-450-thread-1] INFO  metrics.RatisMetrics (RatisMetrics.java:lambda$create$0(36)) - Creating Metrics Registry : ratis.state_machine.3e3f1c58-71d4-4b4b-a4fa-fbb64653de38@group-0C0D581C6C1B
2021-04-26 08:57:20,321 [Command processor thread] INFO  ratis.XceiverServerRatis (XceiverServerRatis.java:addGroup(808)) - Created group PipelineID=57aae860-35d8-41d9-9614-0c0d581c6c1b
2021-04-26 08:57:20,321 [Command processor thread] INFO  commandhandler.CreatePipelineCommandHandler (CreatePipelineCommandHandler.java:handle(106)) - Created Pipeline RATIS ONE PipelineID=57aae860-35d8-41d9-9614-0c0d581c6c1b.
2021-04-26 08:57:20,501 [Command processor thread] INFO  server.RaftServer (RaftServerProxy.java:addNew(95)) - 13dc8373-51b3-40e2-8cf0-22ac5417d2f8: addNew group-DD283D211A4A:[13dc8373-51b3-40e2-8cf0-22ac5417d2f8|rpc:172.17.0.2:40591|priority:1] returns group-DD283D211A4A:java.util.concurrent.CompletableFuture@5a15a4c3[Not completed]
2021-04-26 08:57:20,501 [pool-466-thread-1] INFO  server.RaftServer$Division (RaftServerImpl.java:<init>(180)) - 13dc8373-51b3-40e2-8cf0-22ac5417d2f8: new RaftServerImpl for group-DD283D211A4A:[13dc8373-51b3-40e2-8cf0-22ac5417d2f8|rpc:172.17.0.2:40591|priority:1] with ContainerStateMachine:uninitialized
2021-04-26 08:57:20,501 [pool-466-thread-1] INFO  server.RaftServerConfigKeys (ConfUtils.java:logGet(44)) - raft.server.rpc.timeout.min = 5s (custom)
2021-04-26 08:57:20,502 [pool-466-thread-1] INFO  server.RaftServerConfigKeys (ConfUtils.java:logGet(44)) - raft.server.rpc.timeout.max = 5200ms (custom)
2021-04-26 08:57:20,502 [pool-466-thread-1] INFO  server.RaftServerConfigKeys (ConfUtils.java:logGet(44)) - raft.server.rpc.sleep.time = 25ms (default)
2021-04-26 08:57:20,502 [pool-466-thread-1] INFO  server.RaftServerConfigKeys (ConfUtils.java:logGet(44)) - raft.server.rpc.slowness.timeout = 300000ms (custom)
2021-04-26 08:57:20,502 [pool-466-thread-1] INFO  server.RaftServerConfigKeys (ConfUtils.java:logGet(44)) - raft.server.leaderelection.leader.step-down.wait-time = 10s (default)
2021-04-26 08:57:20,502 [pool-466-thread-1] INFO  server.RaftServerConfigKeys (ConfUtils.java:logGet(44)) - raft.server.sleep.deviation.threshold = 300ms (default)
2021-04-26 08:57:20,502 [pool-466-thread-1] INFO  server.RaftServerConfigKeys (ConfUtils.java:logGet(44)) - raft.server.log.appender.install.snapshot.enabled = false (custom)
2021-04-26 08:57:20,502 [pool-466-thread-1] INFO  server.RaftServer$Division (ServerState.java:<init>(105)) - 13dc8373-51b3-40e2-8cf0-22ac5417d2f8@group-DD283D211A4A: ConfigurationManager, init=-1: [13dc8373-51b3-40e2-8cf0-22ac5417d2f8|rpc:172.17.0.2:40591|priority:1], old=null, confs=<EMPTY_MAP>
2021-04-26 08:57:20,502 [pool-466-thread-1] INFO  server.RaftServerConfigKeys (ConfUtils.java:logGet(44)) - raft.server.storage.dir = [/github/workspace/mnt/ozone/hadoop-ozone/integration-test/target/test-dir/MiniOzoneClusterImpl-80072cdf-ce72-42fa-91c0-6b866cc407f5/datanode-2/data/ratis] (custom)
2021-04-26 08:57:20,502 [pool-466-thread-1] INFO  server.RaftServerConfigKeys (ConfUtils.java:logGet(44)) - raft.server.log.corruption.policy = EXCEPTION (default)
2021-04-26 08:57:20,502 [pool-466-thread-1] INFO  storage.RaftStorageDirectory (RaftStorageDirectoryImpl.java:analyzeStorage(132)) - The storage directory /github/workspace/mnt/ozone/hadoop-ozone/integration-test/target/test-dir/MiniOzoneClusterImpl-80072cdf-ce72-42fa-91c0-6b866cc407f5/datanode-2/data/ratis/e91205d7-da02-4e22-9650-dd283d211a4a does not exist. Creating ...
2021-04-26 08:57:20,504 [pool-466-thread-1] INFO  storage.RaftStorageDirectory (RaftStorageDirectoryImpl.java:tryLock(215)) - Lock on /github/workspace/mnt/ozone/hadoop-ozone/integration-test/target/test-dir/MiniOzoneClusterImpl-80072cdf-ce72-42fa-91c0-6b866cc407f5/datanode-2/data/ratis/e91205d7-da02-4e22-9650-dd283d211a4a/in_use.lock acquired by nodename 21061@ffee826fe4eb
2021-04-26 08:57:20,505 [pool-466-thread-1] INFO  storage.RaftStorage (RaftStorageImpl.java:format(87)) - Storage directory /github/workspace/mnt/ozone/hadoop-ozone/integration-test/target/test-dir/MiniOzoneClusterImpl-80072cdf-ce72-42fa-91c0-6b866cc407f5/datanode-2/data/ratis/e91205d7-da02-4e22-9650-dd283d211a4a has been successfully formatted.
2021-04-26 08:57:20,505 [pool-466-thread-1] INFO  ratis.ContainerStateMachine (ContainerStateMachine.java:loadSnapshot(224)) - group-DD283D211A4A: The snapshot info is null. Setting the last applied indexto:(t:0, i:~)
2021-04-26 08:57:20,506 [EventQueue-PipelineReportForPipelineReportHandler] INFO  pipeline.PipelineManagerV2Impl (PipelineManagerV2Impl.java:openPipeline(270)) - Pipeline Pipeline[ Id: e91205d7-da02-4e22-9650-dd283d211a4a, Nodes: 13dc8373-51b3-40e2-8cf0-22ac5417d2f8{ip: 172.17.0.2, host: ffee826fe4eb, ports: [REPLICATION=42279, RATIS=40591, RATIS_ADMIN=40591, RATIS_SERVER=40591, STANDALONE=45177], networkLocation: /default-rack, certSerialId: null, persistedOpState: IN_SERVICE, persistedOpStateExpiryEpochSec: 0}, ReplicationConfig: RATIS/ONE, State:ALLOCATED, leaderId:13dc8373-51b3-40e2-8cf0-22ac5417d2f8, CreationTimestamp2021-04-26T08:57:17.503Z] moved to OPEN state
2021-04-26 08:57:20,506 [EventQueue-PipelineReportForOneReplicaPipelineSafeModeRule] INFO  safemode.SCMSafeModeManager (SCMSafeModeManager.java:validateSafeModeExitRules(201)) - AtleastOneDatanodeReportedRule rule is successfully validated
2021-04-26 08:57:20,507 [EventQueue-OpenPipelineForHealthyPipelineSafeModeRule] INFO  safemode.SCMSafeModeManager (HealthyPipelineSafeModeRule.java:process(130)) - SCM in safe mode. Healthy pipelines reported count is 0, required healthy pipeline reported count is 1
2021-04-26 08:57:20,507 [pool-466-thread-1] INFO  server.RaftServerConfigKeys (ConfUtils.java:logGet(44)) - raft.server.notification.no-leader.timeout = 300000ms (custom)
2021-04-26 08:57:20,507 [pool-466-thread-1] INFO  server.RaftServerConfigKeys (ConfUtils.java:logGet(44)) - raft.server.log.use.memory = false (default)
2021-04-26 08:57:20,507 [pool-466-thread-1] INFO  server.RaftServerConfigKeys (ConfUtils.java:logGet(44)) - raft.server.log.purge.gap = 1000000 (custom)
2021-04-26 08:57:20,507 [pool-466-thread-1] INFO  server.RaftServerConfigKeys (ConfUtils.java:logGet(44)) - raft.server.log.appender.buffer.byte-limit = 33554432 (custom)
2021-04-26 08:57:20,507 [pool-466-thread-1] INFO  metrics.RatisMetrics (RatisMetrics.java:lambda$create$0(36)) - Creating Metrics Registry : ratis.log_worker.13dc8373-51b3-40e2-8cf0-22ac5417d2f8@group-DD283D211A4A
2021-04-26 08:57:20,507 [pool-466-thread-1] INFO  server.RaftServerConfigKeys (ConfUtils.java:logGet(44)) - raft.server.log.segment.size.max = 1048576 (custom)
2021-04-26 08:57:20,508 [pool-466-thread-1] INFO  server.RaftServerConfigKeys (ConfUtils.java:logGet(44)) - raft.server.log.segment.cache.num.max = 2 (custom)
2021-04-26 08:57:20,508 [pool-466-thread-1] INFO  server.RaftServerConfigKeys (ConfUtils.java:logGet(44)) - raft.server.log.segment.cache.size.max = 200MB (=209715200) (default)
2021-04-26 08:57:20,508 [pool-466-thread-1] INFO  segmented.SegmentedRaftLogWorker (SegmentedRaftLogWorker.java:<init>(182)) - new 13dc8373-51b3-40e2-8cf0-22ac5417d2f8@group-DD283D211A4A-SegmentedRaftLogWorker for RaftStorageImpl:Storage Directory /github/workspace/mnt/ozone/hadoop-ozone/integration-test/target/test-dir/MiniOzoneClusterImpl-80072cdf-ce72-42fa-91c0-6b866cc407f5/datanode-2/data/ratis/e91205d7-da02-4e22-9650-dd283d211a4a
2021-04-26 08:57:20,508 [pool-466-thread-1] INFO  server.RaftServerConfigKeys (ConfUtils.java:logGet(44)) - raft.server.log.queue.byte-limit = 2147483647 (custom)
2021-04-26 08:57:20,508 [pool-466-thread-1] INFO  server.RaftServerConfigKeys (ConfUtils.java:logGet(44)) - raft.server.log.queue.element-limit = 1024 (custom)
2021-04-26 08:57:20,508 [pool-466-thread-1] INFO  server.RaftServerConfigKeys (ConfUtils.java:logGet(44)) - raft.server.log.segment.size.max = 1048576 (custom)
2021-04-26 08:57:20,508 [pool-466-thread-1] INFO  server.RaftServerConfigKeys (ConfUtils.java:logGet(44)) - raft.server.log.preallocated.size = 16384 (custom)
2021-04-26 08:57:20,508 [pool-466-thread-1] INFO  server.RaftServerConfigKeys (ConfUtils.java:logGet(44)) - raft.server.log.force.sync.num = 128 (default)
2021-04-26 08:57:20,509 [pool-466-thread-1] INFO  server.RaftServerConfigKeys (ConfUtils.java:logGet(44)) - raft.server.log.statemachine.data.sync = true (default)
2021-04-26 08:57:20,509 [pool-466-thread-1] INFO  server.RaftServerConfigKeys (ConfUtils.java:logGet(44)) - raft.server.log.statemachine.data.sync.timeout = 10s (default)
2021-04-26 08:57:20,509 [pool-466-thread-1] INFO  server.RaftServerConfigKeys (ConfUtils.java:logGet(44)) - raft.server.log.statemachine.data.sync.timeout.retry = -1 (default)
2021-04-26 08:57:20,510 [pool-466-thread-1] INFO  server.RaftServerConfigKeys (ConfUtils.java:logGet(44)) - raft.server.log.write.buffer.size = 1048576 (custom)
2021-04-26 08:57:20,511 [pool-466-thread-1] INFO  server.RaftServerConfigKeys (ConfUtils.java:logGet(44)) - raft.server.log.statemachine.data.caching.enabled = true (custom)
2021-04-26 08:57:20,511 [pool-466-thread-1] INFO  segmented.SegmentedRaftLogWorker (SegmentedRaftLogWorker.java:lambda$new$0(133)) - 13dc8373-51b3-40e2-8cf0-22ac5417d2f8@group-DD283D211A4A-SegmentedRaftLogWorker: flushIndex: setUnconditionally 0 -> -1
2021-04-26 08:57:20,511 [pool-466-thread-1] INFO  segmented.SegmentedRaftLogWorker (SegmentedRaftLogWorker.java:lambda$new$0(133)) - 13dc8373-51b3-40e2-8cf0-22ac5417d2f8@group-DD283D211A4A-SegmentedRaftLogWorker: safeCacheEvictIndex: setUnconditionally 0 -> -1
2021-04-26 08:57:20,511 [pool-466-thread-1] INFO  server.RaftServerConfigKeys (ConfUtils.java:logGet(44)) - raft.server.snapshot.auto.trigger.enabled = true (custom)
2021-04-26 08:57:20,511 [pool-466-thread-1] INFO  server.RaftServerConfigKeys (ConfUtils.java:logGet(44)) - raft.server.snapshot.auto.trigger.threshold = 10000 (custom)
2021-04-26 08:57:20,511 [pool-466-thread-1] INFO  server.RaftServerConfigKeys (ConfUtils.java:logGet(44)) - raft.server.snapshot.retention.file.num = 5 (custom)
2021-04-26 08:57:20,511 [pool-466-thread-1] INFO  server.RaftServerConfigKeys (ConfUtils.java:logGet(44)) - raft.server.log.purge.upto.snapshot.index = false (default)
2021-04-26 08:57:20,511 [pool-466-thread-1] INFO  server.RaftServerConfigKeys (ConfUtils.java:logGet(44)) - raft.server.retrycache.expirytime = 600000ms (custom)
2021-04-26 08:57:20,512 [pool-466-thread-1] INFO  server.RaftServerConfigKeys (ConfUtils.java:logGet(44)) - raft.server.retrycache.statistics.expirytime = 100?s (default)
2021-04-26 08:57:20,512 [pool-466-thread-1] INFO  metrics.RatisMetrics (RatisMetrics.java:lambda$create$0(36)) - Creating Metrics Registry : ratis.leader_election.13dc8373-51b3-40e2-8cf0-22ac5417d2f8@group-DD283D211A4A
2021-04-26 08:57:20,512 [pool-466-thread-1] INFO  metrics.RatisMetrics (RatisMetrics.java:lambda$create$0(36)) - Creating Metrics Registry : ratis.server.13dc8373-51b3-40e2-8cf0-22ac5417d2f8@group-DD283D211A4A
2021-04-26 08:57:20,513 [pool-466-thread-1] INFO  server.RaftServer$Division (RaftServerImpl.java:start(295)) - 13dc8373-51b3-40e2-8cf0-22ac5417d2f8@group-DD283D211A4A: start as a follower, conf=-1: [13dc8373-51b3-40e2-8cf0-22ac5417d2f8|rpc:172.17.0.2:40591|priority:1], old=null
2021-04-26 08:57:20,514 [pool-466-thread-1] INFO  server.RaftServer$Division (RaftServerImpl.java:setRole(284)) - 13dc8373-51b3-40e2-8cf0-22ac5417d2f8@group-DD283D211A4A: changes role from      null to FOLLOWER at term 0 for startAsFollower
2021-04-26 08:57:20,514 [pool-466-thread-1] INFO  impl.RoleInfo (RoleInfo.java:updateAndGet(130)) - 13dc8373-51b3-40e2-8cf0-22ac5417d2f8: start 13dc8373-51b3-40e2-8cf0-22ac5417d2f8@group-DD283D211A4A-FollowerState
2021-04-26 08:57:20,517 [pool-466-thread-1] INFO  util.JmxRegister (JmxRegister.java:tryRegister(44)) - Successfully registered JMX Bean with object name Ratis:service=RaftServer,group=group-DD283D211A4A,id=13dc8373-51b3-40e2-8cf0-22ac5417d2f8
2021-04-26 08:57:20,517 [pool-466-thread-1] INFO  metrics.RatisMetrics (RatisMetrics.java:lambda$create$0(36)) - Creating Metrics Registry : ratis.state_machine.13dc8373-51b3-40e2-8cf0-22ac5417d2f8@group-DD283D211A4A
2021-04-26 08:57:20,519 [Command processor thread] INFO  ratis.XceiverServerRatis (XceiverServerRatis.java:addGroup(808)) - Created group PipelineID=e91205d7-da02-4e22-9650-dd283d211a4a
2021-04-26 08:57:20,519 [Command processor thread] INFO  commandhandler.CreatePipelineCommandHandler (CreatePipelineCommandHandler.java:handle(106)) - Created Pipeline RATIS ONE PipelineID=e91205d7-da02-4e22-9650-dd283d211a4a.
2021-04-26 08:57:20,809 [Listener at 127.0.0.1/35725] INFO  ozone.MiniOzoneClusterImpl (MiniOzoneClusterImpl.java:lambda$waitForClusterToBeReady$0(223)) - Nodes are ready. Got 9 of 9 DN Heartbeats.
2021-04-26 08:57:20,809 [Listener at 127.0.0.1/35725] INFO  ozone.MiniOzoneClusterImpl (MiniOzoneClusterImpl.java:lambda$waitForClusterToBeReady$0(226)) - Waiting for cluster to exit safe mode
2021-04-26 08:57:20,809 [Listener at 127.0.0.1/35725] INFO  ozone.MiniOzoneClusterImpl (MiniOzoneClusterImpl.java:lambda$waitForClusterToBeReady$0(229)) - SCM became leader
2021-04-26 08:57:20,819 [Command processor thread] INFO  server.RaftServer (RaftServerProxy.java:addNew(95)) - 5dc8370d-b6a9-4413-93cd-e6395a769e0f: addNew group-BD40FA57DBCA:[5dc8370d-b6a9-4413-93cd-e6395a769e0f|rpc:172.17.0.2:46721|priority:1] returns group-BD40FA57DBCA:java.util.concurrent.CompletableFuture@35a1c3c2[Not completed]
2021-04-26 08:57:20,820 [pool-482-thread-1] INFO  server.RaftServer$Division (RaftServerImpl.java:<init>(180)) - 5dc8370d-b6a9-4413-93cd-e6395a769e0f: new RaftServerImpl for group-BD40FA57DBCA:[5dc8370d-b6a9-4413-93cd-e6395a769e0f|rpc:172.17.0.2:46721|priority:1] with ContainerStateMachine:uninitialized
2021-04-26 08:57:20,820 [pool-482-thread-1] INFO  server.RaftServerConfigKeys (ConfUtils.java:logGet(44)) - raft.server.rpc.timeout.min = 5s (custom)
2021-04-26 08:57:20,820 [pool-482-thread-1] INFO  server.RaftServerConfigKeys (ConfUtils.java:logGet(44)) - raft.server.rpc.timeout.max = 5200ms (custom)
2021-04-26 08:57:20,820 [pool-482-thread-1] INFO  server.RaftServerConfigKeys (ConfUtils.java:logGet(44)) - raft.server.rpc.sleep.time = 25ms (default)
2021-04-26 08:57:20,820 [pool-482-thread-1] INFO  server.RaftServerConfigKeys (ConfUtils.java:logGet(44)) - raft.server.rpc.slowness.timeout = 300000ms (custom)
2021-04-26 08:57:20,820 [pool-482-thread-1] INFO  server.RaftServerConfigKeys (ConfUtils.java:logGet(44)) - raft.server.leaderelection.leader.step-down.wait-time = 10s (default)
2021-04-26 08:57:20,821 [pool-482-thread-1] INFO  server.RaftServerConfigKeys (ConfUtils.java:logGet(44)) - raft.server.sleep.deviation.threshold = 300ms (default)
2021-04-26 08:57:20,821 [pool-482-thread-1] INFO  server.RaftServerConfigKeys (ConfUtils.java:logGet(44)) - raft.server.log.appender.install.snapshot.enabled = false (custom)
2021-04-26 08:57:20,821 [pool-482-thread-1] INFO  server.RaftServer$Division (ServerState.java:<init>(105)) - 5dc8370d-b6a9-4413-93cd-e6395a769e0f@group-BD40FA57DBCA: ConfigurationManager, init=-1: [5dc8370d-b6a9-4413-93cd-e6395a769e0f|rpc:172.17.0.2:46721|priority:1], old=null, confs=<EMPTY_MAP>
2021-04-26 08:57:20,821 [pool-482-thread-1] INFO  server.RaftServerConfigKeys (ConfUtils.java:logGet(44)) - raft.server.storage.dir = [/github/workspace/mnt/ozone/hadoop-ozone/integration-test/target/test-dir/MiniOzoneClusterImpl-80072cdf-ce72-42fa-91c0-6b866cc407f5/datanode-3/data/ratis] (custom)
2021-04-26 08:57:20,821 [pool-482-thread-1] INFO  server.RaftServerConfigKeys (ConfUtils.java:logGet(44)) - raft.server.log.corruption.policy = EXCEPTION (default)
2021-04-26 08:57:20,821 [pool-482-thread-1] INFO  storage.RaftStorageDirectory (RaftStorageDirectoryImpl.java:analyzeStorage(132)) - The storage directory /github/workspace/mnt/ozone/hadoop-ozone/integration-test/target/test-dir/MiniOzoneClusterImpl-80072cdf-ce72-42fa-91c0-6b866cc407f5/datanode-3/data/ratis/f5973e21-d96d-435b-a92d-bd40fa57dbca does not exist. Creating ...
2021-04-26 08:57:20,823 [pool-482-thread-1] INFO  storage.RaftStorageDirectory (RaftStorageDirectoryImpl.java:tryLock(215)) - Lock on /github/workspace/mnt/ozone/hadoop-ozone/integration-test/target/test-dir/MiniOzoneClusterImpl-80072cdf-ce72-42fa-91c0-6b866cc407f5/datanode-3/data/ratis/f5973e21-d96d-435b-a92d-bd40fa57dbca/in_use.lock acquired by nodename 21061@ffee826fe4eb
2021-04-26 08:57:20,825 [pool-482-thread-1] INFO  storage.RaftStorage (RaftStorageImpl.java:format(87)) - Storage directory /github/workspace/mnt/ozone/hadoop-ozone/integration-test/target/test-dir/MiniOzoneClusterImpl-80072cdf-ce72-42fa-91c0-6b866cc407f5/datanode-3/data/ratis/f5973e21-d96d-435b-a92d-bd40fa57dbca has been successfully formatted.
2021-04-26 08:57:20,828 [pool-482-thread-1] INFO  ratis.ContainerStateMachine (ContainerStateMachine.java:loadSnapshot(224)) - group-BD40FA57DBCA: The snapshot info is null. Setting the last applied indexto:(t:0, i:~)
2021-04-26 08:57:20,828 [EventQueue-PipelineReportForPipelineReportHandler] INFO  pipeline.PipelineManagerV2Impl (PipelineManagerV2Impl.java:openPipeline(270)) - Pipeline Pipeline[ Id: f5973e21-d96d-435b-a92d-bd40fa57dbca, Nodes: 5dc8370d-b6a9-4413-93cd-e6395a769e0f{ip: 172.17.0.2, host: ffee826fe4eb, ports: [REPLICATION=45885, RATIS=46721, RATIS_ADMIN=46721, RATIS_SERVER=46721, STANDALONE=35193], networkLocation: /default-rack, certSerialId: null, persistedOpState: IN_SERVICE, persistedOpStateExpiryEpochSec: 0}, ReplicationConfig: RATIS/ONE, State:ALLOCATED, leaderId:5dc8370d-b6a9-4413-93cd-e6395a769e0f, CreationTimestamp2021-04-26T08:57:17.820Z] moved to OPEN state
2021-04-26 08:57:20,828 [pool-482-thread-1] INFO  server.RaftServerConfigKeys (ConfUtils.java:logGet(44)) - raft.server.notification.no-leader.timeout = 300000ms (custom)
2021-04-26 08:57:20,828 [pool-482-thread-1] INFO  server.RaftServerConfigKeys (ConfUtils.java:logGet(44)) - raft.server.log.use.memory = false (default)
2021-04-26 08:57:20,829 [pool-482-thread-1] INFO  server.RaftServerConfigKeys (ConfUtils.java:logGet(44)) - raft.server.log.purge.gap = 1000000 (custom)
2021-04-26 08:57:20,829 [pool-482-thread-1] INFO  server.RaftServerConfigKeys (ConfUtils.java:logGet(44)) - raft.server.log.appender.buffer.byte-limit = 33554432 (custom)
2021-04-26 08:57:20,829 [pool-482-thread-1] INFO  metrics.RatisMetrics (RatisMetrics.java:lambda$create$0(36)) - Creating Metrics Registry : ratis.log_worker.5dc8370d-b6a9-4413-93cd-e6395a769e0f@group-BD40FA57DBCA
2021-04-26 08:57:20,829 [EventQueue-PipelineReportForOneReplicaPipelineSafeModeRule] INFO  safemode.SCMSafeModeManager (SCMSafeModeManager.java:validateSafeModeExitRules(201)) - AtleastOneDatanodeReportedRule rule is successfully validated
2021-04-26 08:57:20,829 [pool-482-thread-1] INFO  server.RaftServerConfigKeys (ConfUtils.java:logGet(44)) - raft.server.log.segment.size.max = 1048576 (custom)
2021-04-26 08:57:20,829 [EventQueue-OpenPipelineForHealthyPipelineSafeModeRule] INFO  safemode.SCMSafeModeManager (HealthyPipelineSafeModeRule.java:process(130)) - SCM in safe mode. Healthy pipelines reported count is 0, required healthy pipeline reported count is 1
2021-04-26 08:57:20,830 [pool-482-thread-1] INFO  server.RaftServerConfigKeys (ConfUtils.java:logGet(44)) - raft.server.log.segment.cache.num.max = 2 (custom)
2021-04-26 08:57:20,830 [pool-482-thread-1] INFO  server.RaftServerConfigKeys (ConfUtils.java:logGet(44)) - raft.server.log.segment.cache.size.max = 200MB (=209715200) (default)
2021-04-26 08:57:20,830 [pool-482-thread-1] INFO  segmented.SegmentedRaftLogWorker (SegmentedRaftLogWorker.java:<init>(182)) - new 5dc8370d-b6a9-4413-93cd-e6395a769e0f@group-BD40FA57DBCA-SegmentedRaftLogWorker for RaftStorageImpl:Storage Directory /github/workspace/mnt/ozone/hadoop-ozone/integration-test/target/test-dir/MiniOzoneClusterImpl-80072cdf-ce72-42fa-91c0-6b866cc407f5/datanode-3/data/ratis/f5973e21-d96d-435b-a92d-bd40fa57dbca
2021-04-26 08:57:20,830 [pool-482-thread-1] INFO  server.RaftServerConfigKeys (ConfUtils.java:logGet(44)) - raft.server.log.queue.byte-limit = 2147483647 (custom)
2021-04-26 08:57:20,830 [pool-482-thread-1] INFO  server.RaftServerConfigKeys (ConfUtils.java:logGet(44)) - raft.server.log.queue.element-limit = 1024 (custom)
2021-04-26 08:57:20,830 [pool-482-thread-1] INFO  server.RaftServerConfigKeys (ConfUtils.java:logGet(44)) - raft.server.log.segment.size.max = 1048576 (custom)
2021-04-26 08:57:20,830 [pool-482-thread-1] INFO  server.RaftServerConfigKeys (ConfUtils.java:logGet(44)) - raft.server.log.preallocated.size = 16384 (custom)
2021-04-26 08:57:20,830 [pool-482-thread-1] INFO  server.RaftServerConfigKeys (ConfUtils.java:logGet(44)) - raft.server.log.force.sync.num = 128 (default)
2021-04-26 08:57:20,830 [pool-482-thread-1] INFO  server.RaftServerConfigKeys (ConfUtils.java:logGet(44)) - raft.server.log.statemachine.data.sync = true (default)
2021-04-26 08:57:20,830 [pool-482-thread-1] INFO  server.RaftServerConfigKeys (ConfUtils.java:logGet(44)) - raft.server.log.statemachine.data.sync.timeout = 10s (default)
2021-04-26 08:57:20,830 [pool-482-thread-1] INFO  server.RaftServerConfigKeys (ConfUtils.java:logGet(44)) - raft.server.log.statemachine.data.sync.timeout.retry = -1 (default)
2021-04-26 08:57:20,832 [pool-482-thread-1] INFO  server.RaftServerConfigKeys (ConfUtils.java:logGet(44)) - raft.server.log.write.buffer.size = 1048576 (custom)
2021-04-26 08:57:20,833 [pool-482-thread-1] INFO  server.RaftServerConfigKeys (ConfUtils.java:logGet(44)) - raft.server.log.statemachine.data.caching.enabled = true (custom)
2021-04-26 08:57:20,833 [pool-482-thread-1] INFO  segmented.SegmentedRaftLogWorker (SegmentedRaftLogWorker.java:lambda$new$0(133)) - 5dc8370d-b6a9-4413-93cd-e6395a769e0f@group-BD40FA57DBCA-SegmentedRaftLogWorker: flushIndex: setUnconditionally 0 -> -1
2021-04-26 08:57:20,833 [pool-482-thread-1] INFO  segmented.SegmentedRaftLogWorker (SegmentedRaftLogWorker.java:lambda$new$0(133)) - 5dc8370d-b6a9-4413-93cd-e6395a769e0f@group-BD40FA57DBCA-SegmentedRaftLogWorker: safeCacheEvictIndex: setUnconditionally 0 -> -1
2021-04-26 08:57:20,833 [pool-482-thread-1] INFO  server.RaftServerConfigKeys (ConfUtils.java:logGet(44)) - raft.server.snapshot.auto.trigger.enabled = true (custom)
2021-04-26 08:57:20,834 [pool-482-thread-1] INFO  server.RaftServerConfigKeys (ConfUtils.java:logGet(44)) - raft.server.snapshot.auto.trigger.threshold = 10000 (custom)
2021-04-26 08:57:20,834 [pool-482-thread-1] INFO  server.RaftServerConfigKeys (ConfUtils.java:logGet(44)) - raft.server.snapshot.retention.file.num = 5 (custom)
2021-04-26 08:57:20,834 [pool-482-thread-1] INFO  server.RaftServerConfigKeys (ConfUtils.java:logGet(44)) - raft.server.log.purge.upto.snapshot.index = false (default)
2021-04-26 08:57:20,834 [pool-482-thread-1] INFO  server.RaftServerConfigKeys (ConfUtils.java:logGet(44)) - raft.server.retrycache.expirytime = 600000ms (custom)
2021-04-26 08:57:20,834 [pool-482-thread-1] INFO  server.RaftServerConfigKeys (ConfUtils.java:logGet(44)) - raft.server.retrycache.statistics.expirytime = 100?s (default)
2021-04-26 08:57:20,834 [pool-482-thread-1] INFO  metrics.RatisMetrics (RatisMetrics.java:lambda$create$0(36)) - Creating Metrics Registry : ratis.leader_election.5dc8370d-b6a9-4413-93cd-e6395a769e0f@group-BD40FA57DBCA
2021-04-26 08:57:20,835 [pool-482-thread-1] INFO  metrics.RatisMetrics (RatisMetrics.java:lambda$create$0(36)) - Creating Metrics Registry : ratis.server.5dc8370d-b6a9-4413-93cd-e6395a769e0f@group-BD40FA57DBCA
2021-04-26 08:57:20,836 [pool-482-thread-1] INFO  server.RaftServer$Division (RaftServerImpl.java:start(295)) - 5dc8370d-b6a9-4413-93cd-e6395a769e0f@group-BD40FA57DBCA: start as a follower, conf=-1: [5dc8370d-b6a9-4413-93cd-e6395a769e0f|rpc:172.17.0.2:46721|priority:1], old=null
2021-04-26 08:57:20,836 [pool-482-thread-1] INFO  server.RaftServer$Division (RaftServerImpl.java:setRole(284)) - 5dc8370d-b6a9-4413-93cd-e6395a769e0f@group-BD40FA57DBCA: changes role from      null to FOLLOWER at term 0 for startAsFollower
2021-04-26 08:57:20,836 [pool-482-thread-1] INFO  impl.RoleInfo (RoleInfo.java:updateAndGet(130)) - 5dc8370d-b6a9-4413-93cd-e6395a769e0f: start 5dc8370d-b6a9-4413-93cd-e6395a769e0f@group-BD40FA57DBCA-FollowerState
2021-04-26 08:57:20,836 [pool-482-thread-1] INFO  util.JmxRegister (JmxRegister.java:tryRegister(44)) - Successfully registered JMX Bean with object name Ratis:service=RaftServer,group=group-BD40FA57DBCA,id=5dc8370d-b6a9-4413-93cd-e6395a769e0f
2021-04-26 08:57:20,836 [pool-482-thread-1] INFO  metrics.RatisMetrics (RatisMetrics.java:lambda$create$0(36)) - Creating Metrics Registry : ratis.state_machine.5dc8370d-b6a9-4413-93cd-e6395a769e0f@group-BD40FA57DBCA
2021-04-26 08:57:20,837 [Command processor thread] INFO  ratis.XceiverServerRatis (XceiverServerRatis.java:addGroup(808)) - Created group PipelineID=f5973e21-d96d-435b-a92d-bd40fa57dbca
2021-04-26 08:57:20,837 [Command processor thread] INFO  commandhandler.CreatePipelineCommandHandler (CreatePipelineCommandHandler.java:handle(106)) - Created Pipeline RATIS ONE PipelineID=f5973e21-d96d-435b-a92d-bd40fa57dbca.
2021-04-26 08:57:20,837 [Command processor thread] INFO  server.RaftServer (RaftServerProxy.java:addNew(95)) - 5dc8370d-b6a9-4413-93cd-e6395a769e0f: addNew group-433C05CE339E:[5dc8370d-b6a9-4413-93cd-e6395a769e0f|rpc:172.17.0.2:46721|priority:1, db0caa31-6386-4e08-a3d7-702b3b383f1b|rpc:172.17.0.2:46785|priority:0, 34a5109f-6b66-4541-bda1-cf9f603884f1|rpc:172.17.0.2:38029|priority:0] returns group-433C05CE339E:java.util.concurrent.CompletableFuture@319e41ae[Not completed]
2021-04-26 08:57:20,838 [pool-482-thread-1] INFO  server.RaftServer$Division (RaftServerImpl.java:<init>(180)) - 5dc8370d-b6a9-4413-93cd-e6395a769e0f: new RaftServerImpl for group-433C05CE339E:[5dc8370d-b6a9-4413-93cd-e6395a769e0f|rpc:172.17.0.2:46721|priority:1, db0caa31-6386-4e08-a3d7-702b3b383f1b|rpc:172.17.0.2:46785|priority:0, 34a5109f-6b66-4541-bda1-cf9f603884f1|rpc:172.17.0.2:38029|priority:0] with ContainerStateMachine:uninitialized
2021-04-26 08:57:20,838 [pool-482-thread-1] INFO  server.RaftServerConfigKeys (ConfUtils.java:logGet(44)) - raft.server.rpc.timeout.min = 5s (custom)
2021-04-26 08:57:20,838 [pool-482-thread-1] INFO  server.RaftServerConfigKeys (ConfUtils.java:logGet(44)) - raft.server.rpc.timeout.max = 5200ms (custom)
2021-04-26 08:57:20,838 [pool-482-thread-1] INFO  server.RaftServerConfigKeys (ConfUtils.java:logGet(44)) - raft.server.rpc.sleep.time = 25ms (default)
2021-04-26 08:57:20,838 [pool-482-thread-1] INFO  server.RaftServerConfigKeys (ConfUtils.java:logGet(44)) - raft.server.rpc.slowness.timeout = 300000ms (custom)
2021-04-26 08:57:20,838 [pool-482-thread-1] INFO  server.RaftServerConfigKeys (ConfUtils.java:logGet(44)) - raft.server.leaderelection.leader.step-down.wait-time = 10s (default)
2021-04-26 08:57:20,839 [pool-482-thread-1] INFO  server.RaftServerConfigKeys (ConfUtils.java:logGet(44)) - raft.server.sleep.deviation.threshold = 300ms (default)
2021-04-26 08:57:20,839 [pool-482-thread-1] INFO  server.RaftServerConfigKeys (ConfUtils.java:logGet(44)) - raft.server.log.appender.install.snapshot.enabled = false (custom)
2021-04-26 08:57:20,839 [pool-482-thread-1] INFO  server.RaftServer$Division (ServerState.java:<init>(105)) - 5dc8370d-b6a9-4413-93cd-e6395a769e0f@group-433C05CE339E: ConfigurationManager, init=-1: [5dc8370d-b6a9-4413-93cd-e6395a769e0f|rpc:172.17.0.2:46721|priority:1, db0caa31-6386-4e08-a3d7-702b3b383f1b|rpc:172.17.0.2:46785|priority:0, 34a5109f-6b66-4541-bda1-cf9f603884f1|rpc:172.17.0.2:38029|priority:0], old=null, confs=<EMPTY_MAP>
2021-04-26 08:57:20,839 [pool-482-thread-1] INFO  server.RaftServerConfigKeys (ConfUtils.java:logGet(44)) - raft.server.storage.dir = [/github/workspace/mnt/ozone/hadoop-ozone/integration-test/target/test-dir/MiniOzoneClusterImpl-80072cdf-ce72-42fa-91c0-6b866cc407f5/datanode-3/data/ratis] (custom)
2021-04-26 08:57:20,839 [pool-482-thread-1] INFO  server.RaftServerConfigKeys (ConfUtils.java:logGet(44)) - raft.server.log.corruption.policy = EXCEPTION (default)
2021-04-26 08:57:20,839 [pool-482-thread-1] INFO  storage.RaftStorageDirectory (RaftStorageDirectoryImpl.java:analyzeStorage(132)) - The storage directory /github/workspace/mnt/ozone/hadoop-ozone/integration-test/target/test-dir/MiniOzoneClusterImpl-80072cdf-ce72-42fa-91c0-6b866cc407f5/datanode-3/data/ratis/12f0eccc-1931-4064-b0f0-433c05ce339e does not exist. Creating ...
2021-04-26 08:57:20,840 [pool-482-thread-1] INFO  storage.RaftStorageDirectory (RaftStorageDirectoryImpl.java:tryLock(215)) - Lock on /github/workspace/mnt/ozone/hadoop-ozone/integration-test/target/test-dir/MiniOzoneClusterImpl-80072cdf-ce72-42fa-91c0-6b866cc407f5/datanode-3/data/ratis/12f0eccc-1931-4064-b0f0-433c05ce339e/in_use.lock acquired by nodename 21061@ffee826fe4eb
2021-04-26 08:57:20,842 [pool-482-thread-1] INFO  storage.RaftStorage (RaftStorageImpl.java:format(87)) - Storage directory /github/workspace/mnt/ozone/hadoop-ozone/integration-test/target/test-dir/MiniOzoneClusterImpl-80072cdf-ce72-42fa-91c0-6b866cc407f5/datanode-3/data/ratis/12f0eccc-1931-4064-b0f0-433c05ce339e has been successfully formatted.
2021-04-26 08:57:20,842 [pool-482-thread-1] INFO  ratis.ContainerStateMachine (ContainerStateMachine.java:loadSnapshot(224)) - group-433C05CE339E: The snapshot info is null. Setting the last applied indexto:(t:0, i:~)
2021-04-26 08:57:20,842 [pool-482-thread-1] INFO  server.RaftServerConfigKeys (ConfUtils.java:logGet(44)) - raft.server.notification.no-leader.timeout = 300000ms (custom)
2021-04-26 08:57:20,843 [EventQueue-PipelineReportForOneReplicaPipelineSafeModeRule] INFO  safemode.SCMSafeModeManager (SCMSafeModeManager.java:validateSafeModeExitRules(201)) - AtleastOneDatanodeReportedRule rule is successfully validated
2021-04-26 08:57:20,843 [pool-482-thread-1] INFO  server.RaftServerConfigKeys (ConfUtils.java:logGet(44)) - raft.server.log.use.memory = false (default)
2021-04-26 08:57:20,843 [EventQueue-OpenPipelineForHealthyPipelineSafeModeRule] INFO  safemode.SCMSafeModeManager (HealthyPipelineSafeModeRule.java:process(130)) - SCM in safe mode. Healthy pipelines reported count is 0, required healthy pipeline reported count is 1
2021-04-26 08:57:20,843 [pool-482-thread-1] INFO  server.RaftServerConfigKeys (ConfUtils.java:logGet(44)) - raft.server.log.purge.gap = 1000000 (custom)
2021-04-26 08:57:20,843 [pool-482-thread-1] INFO  server.RaftServerConfigKeys (ConfUtils.java:logGet(44)) - raft.server.log.appender.buffer.byte-limit = 33554432 (custom)
2021-04-26 08:57:20,843 [pool-482-thread-1] INFO  metrics.RatisMetrics (RatisMetrics.java:lambda$create$0(36)) - Creating Metrics Registry : ratis.log_worker.5dc8370d-b6a9-4413-93cd-e6395a769e0f@group-433C05CE339E
2021-04-26 08:57:20,844 [pool-482-thread-1] INFO  server.RaftServerConfigKeys (ConfUtils.java:logGet(44)) - raft.server.log.segment.size.max = 1048576 (custom)
2021-04-26 08:57:20,844 [pool-482-thread-1] INFO  server.RaftServerConfigKeys (ConfUtils.java:logGet(44)) - raft.server.log.segment.cache.num.max = 2 (custom)
2021-04-26 08:57:20,844 [pool-482-thread-1] INFO  server.RaftServerConfigKeys (ConfUtils.java:logGet(44)) - raft.server.log.segment.cache.size.max = 200MB (=209715200) (default)
2021-04-26 08:57:20,844 [pool-482-thread-1] INFO  segmented.SegmentedRaftLogWorker (SegmentedRaftLogWorker.java:<init>(182)) - new 5dc8370d-b6a9-4413-93cd-e6395a769e0f@group-433C05CE339E-SegmentedRaftLogWorker for RaftStorageImpl:Storage Directory /github/workspace/mnt/ozone/hadoop-ozone/integration-test/target/test-dir/MiniOzoneClusterImpl-80072cdf-ce72-42fa-91c0-6b866cc407f5/datanode-3/data/ratis/12f0eccc-1931-4064-b0f0-433c05ce339e
2021-04-26 08:57:20,844 [pool-482-thread-1] INFO  server.RaftServerConfigKeys (ConfUtils.java:logGet(44)) - raft.server.log.queue.byte-limit = 2147483647 (custom)
2021-04-26 08:57:20,844 [pool-482-thread-1] INFO  server.RaftServerConfigKeys (ConfUtils.java:logGet(44)) - raft.server.log.queue.element-limit = 1024 (custom)
2021-04-26 08:57:20,845 [pool-482-thread-1] INFO  server.RaftServerConfigKeys (ConfUtils.java:logGet(44)) - raft.server.log.segment.size.max = 1048576 (custom)
2021-04-26 08:57:20,845 [pool-482-thread-1] INFO  server.RaftServerConfigKeys (ConfUtils.java:logGet(44)) - raft.server.log.preallocated.size = 16384 (custom)
2021-04-26 08:57:20,845 [pool-482-thread-1] INFO  server.RaftServerConfigKeys (ConfUtils.java:logGet(44)) - raft.server.log.force.sync.num = 128 (default)
2021-04-26 08:57:20,845 [pool-482-thread-1] INFO  server.RaftServerConfigKeys (ConfUtils.java:logGet(44)) - raft.server.log.statemachine.data.sync = true (default)
2021-04-26 08:57:20,845 [pool-482-thread-1] INFO  server.RaftServerConfigKeys (ConfUtils.java:logGet(44)) - raft.server.log.statemachine.data.sync.timeout = 10s (default)
2021-04-26 08:57:20,845 [pool-482-thread-1] INFO  server.RaftServerConfigKeys (ConfUtils.java:logGet(44)) - raft.server.log.statemachine.data.sync.timeout.retry = -1 (default)
2021-04-26 08:57:20,846 [pool-482-thread-1] INFO  server.RaftServerConfigKeys (ConfUtils.java:logGet(44)) - raft.server.log.write.buffer.size = 1048576 (custom)
2021-04-26 08:57:20,847 [pool-482-thread-1] INFO  server.RaftServerConfigKeys (ConfUtils.java:logGet(44)) - raft.server.log.statemachine.data.caching.enabled = true (custom)
2021-04-26 08:57:20,847 [pool-482-thread-1] INFO  segmented.SegmentedRaftLogWorker (SegmentedRaftLogWorker.java:lambda$new$0(133)) - 5dc8370d-b6a9-4413-93cd-e6395a769e0f@group-433C05CE339E-SegmentedRaftLogWorker: flushIndex: setUnconditionally 0 -> -1
2021-04-26 08:57:20,847 [pool-482-thread-1] INFO  segmented.SegmentedRaftLogWorker (SegmentedRaftLogWorker.java:lambda$new$0(133)) - 5dc8370d-b6a9-4413-93cd-e6395a769e0f@group-433C05CE339E-SegmentedRaftLogWorker: safeCacheEvictIndex: setUnconditionally 0 -> -1
2021-04-26 08:57:20,848 [pool-482-thread-1] INFO  server.RaftServerConfigKeys (ConfUtils.java:logGet(44)) - raft.server.snapshot.auto.trigger.enabled = true (custom)
2021-04-26 08:57:20,848 [pool-482-thread-1] INFO  server.RaftServerConfigKeys (ConfUtils.java:logGet(44)) - raft.server.snapshot.auto.trigger.threshold = 10000 (custom)
2021-04-26 08:57:20,848 [pool-482-thread-1] INFO  server.RaftServerConfigKeys (ConfUtils.java:logGet(44)) - raft.server.snapshot.retention.file.num = 5 (custom)
2021-04-26 08:57:20,848 [pool-482-thread-1] INFO  server.RaftServerConfigKeys (ConfUtils.java:logGet(44)) - raft.server.log.purge.upto.snapshot.index = false (default)
2021-04-26 08:57:20,848 [pool-482-thread-1] INFO  server.RaftServerConfigKeys (ConfUtils.java:logGet(44)) - raft.server.retrycache.expirytime = 600000ms (custom)
2021-04-26 08:57:20,848 [pool-482-thread-1] INFO  server.RaftServerConfigKeys (ConfUtils.java:logGet(44)) - raft.server.retrycache.statistics.expirytime = 100?s (default)
2021-04-26 08:57:20,848 [pool-482-thread-1] INFO  metrics.RatisMetrics (RatisMetrics.java:lambda$create$0(36)) - Creating Metrics Registry : ratis.leader_election.5dc8370d-b6a9-4413-93cd-e6395a769e0f@group-433C05CE339E
2021-04-26 08:57:20,849 [pool-482-thread-1] INFO  metrics.RatisMetrics (RatisMetrics.java:lambda$create$0(36)) - Creating Metrics Registry : ratis.server.5dc8370d-b6a9-4413-93cd-e6395a769e0f@group-433C05CE339E
2021-04-26 08:57:20,850 [pool-482-thread-1] INFO  server.RaftServer$Division (RaftServerImpl.java:start(295)) - 5dc8370d-b6a9-4413-93cd-e6395a769e0f@group-433C05CE339E: start as a follower, conf=-1: [5dc8370d-b6a9-4413-93cd-e6395a769e0f|rpc:172.17.0.2:46721|priority:1, db0caa31-6386-4e08-a3d7-702b3b383f1b|rpc:172.17.0.2:46785|priority:0, 34a5109f-6b66-4541-bda1-cf9f603884f1|rpc:172.17.0.2:38029|priority:0], old=null
2021-04-26 08:57:20,850 [pool-482-thread-1] INFO  server.RaftServer$Division (RaftServerImpl.java:setRole(284)) - 5dc8370d-b6a9-4413-93cd-e6395a769e0f@group-433C05CE339E: changes role from      null to FOLLOWER at term 0 for startAsFollower
2021-04-26 08:57:20,850 [pool-482-thread-1] INFO  impl.RoleInfo (RoleInfo.java:updateAndGet(130)) - 5dc8370d-b6a9-4413-93cd-e6395a769e0f: start 5dc8370d-b6a9-4413-93cd-e6395a769e0f@group-433C05CE339E-FollowerState
2021-04-26 08:57:20,850 [pool-482-thread-1] INFO  util.JmxRegister (JmxRegister.java:tryRegister(44)) - Successfully registered JMX Bean with object name Ratis:service=RaftServer,group=group-433C05CE339E,id=5dc8370d-b6a9-4413-93cd-e6395a769e0f
2021-04-26 08:57:20,850 [pool-482-thread-1] INFO  metrics.RatisMetrics (RatisMetrics.java:lambda$create$0(36)) - Creating Metrics Registry : ratis.state_machine.5dc8370d-b6a9-4413-93cd-e6395a769e0f@group-433C05CE339E
2021-04-26 08:57:20,851 [Command processor thread] INFO  ratis.XceiverServerRatis (XceiverServerRatis.java:addGroup(808)) - Created group PipelineID=12f0eccc-1931-4064-b0f0-433c05ce339e
2021-04-26 08:57:20,852 [Command processor thread] INFO  metrics.RatisMetrics (RatisMetrics.java:lambda$create$0(36)) - Creating Metrics Registry : ratis.client_message_metrics.client-6B27D1F6BE5E->34a5109f-6b66-4541-bda1-cf9f603884f1
2021-04-26 08:57:20,858 [grpc-default-executor-2] INFO  metrics.RatisMetrics (RatisMetrics.java:lambda$create$0(36)) - Creating Metrics Registry : ratis.server_message_metrics.34a5109f-6b66-4541-bda1-cf9f603884f1
2021-04-26 08:57:20,861 [grpc-default-executor-2] INFO  server.RaftServer (RaftServerProxy.java:addNew(95)) - 34a5109f-6b66-4541-bda1-cf9f603884f1: addNew group-433C05CE339E:[5dc8370d-b6a9-4413-93cd-e6395a769e0f|rpc:172.17.0.2:46721|dataStream:|priority:1, db0caa31-6386-4e08-a3d7-702b3b383f1b|rpc:172.17.0.2:46785|dataStream:|priority:0, 34a5109f-6b66-4541-bda1-cf9f603884f1|rpc:172.17.0.2:38029|dataStream:|priority:0] returns group-433C05CE339E:java.util.concurrent.CompletableFuture@7d70ef09[Not completed]
2021-04-26 08:57:20,861 [pool-514-thread-1] INFO  server.RaftServer$Division (RaftServerImpl.java:<init>(180)) - 34a5109f-6b66-4541-bda1-cf9f603884f1: new RaftServerImpl for group-433C05CE339E:[5dc8370d-b6a9-4413-93cd-e6395a769e0f|rpc:172.17.0.2:46721|dataStream:|priority:1, db0caa31-6386-4e08-a3d7-702b3b383f1b|rpc:172.17.0.2:46785|dataStream:|priority:0, 34a5109f-6b66-4541-bda1-cf9f603884f1|rpc:172.17.0.2:38029|dataStream:|priority:0] with ContainerStateMachine:uninitialized
2021-04-26 08:57:20,861 [pool-514-thread-1] INFO  server.RaftServerConfigKeys (ConfUtils.java:logGet(44)) - raft.server.rpc.timeout.min = 5s (custom)
2021-04-26 08:57:20,861 [pool-514-thread-1] INFO  server.RaftServerConfigKeys (ConfUtils.java:logGet(44)) - raft.server.rpc.timeout.max = 5200ms (custom)
2021-04-26 08:57:20,861 [pool-514-thread-1] INFO  server.RaftServerConfigKeys (ConfUtils.java:logGet(44)) - raft.server.rpc.sleep.time = 25ms (default)
2021-04-26 08:57:20,861 [pool-514-thread-1] INFO  server.RaftServerConfigKeys (ConfUtils.java:logGet(44)) - raft.server.rpc.slowness.timeout = 300000ms (custom)
2021-04-26 08:57:20,862 [pool-514-thread-1] INFO  server.RaftServerConfigKeys (ConfUtils.java:logGet(44)) - raft.server.leaderelection.leader.step-down.wait-time = 10s (default)
2021-04-26 08:57:20,862 [pool-514-thread-1] INFO  server.RaftServerConfigKeys (ConfUtils.java:logGet(44)) - raft.server.sleep.deviation.threshold = 300ms (default)
2021-04-26 08:57:20,862 [pool-514-thread-1] INFO  server.RaftServerConfigKeys (ConfUtils.java:logGet(44)) - raft.server.log.appender.install.snapshot.enabled = false (custom)
2021-04-26 08:57:20,862 [pool-514-thread-1] INFO  server.RaftServer$Division (ServerState.java:<init>(105)) - 34a5109f-6b66-4541-bda1-cf9f603884f1@group-433C05CE339E: ConfigurationManager, init=-1: [5dc8370d-b6a9-4413-93cd-e6395a769e0f|rpc:172.17.0.2:46721|dataStream:|priority:1, db0caa31-6386-4e08-a3d7-702b3b383f1b|rpc:172.17.0.2:46785|dataStream:|priority:0, 34a5109f-6b66-4541-bda1-cf9f603884f1|rpc:172.17.0.2:38029|dataStream:|priority:0], old=null, confs=<EMPTY_MAP>
2021-04-26 08:57:20,863 [pool-514-thread-1] INFO  server.RaftServerConfigKeys (ConfUtils.java:logGet(44)) - raft.server.storage.dir = [/github/workspace/mnt/ozone/hadoop-ozone/integration-test/target/test-dir/MiniOzoneClusterImpl-80072cdf-ce72-42fa-91c0-6b866cc407f5/datanode-5/data/ratis] (custom)
2021-04-26 08:57:20,863 [pool-514-thread-1] INFO  server.RaftServerConfigKeys (ConfUtils.java:logGet(44)) - raft.server.log.corruption.policy = EXCEPTION (default)
2021-04-26 08:57:20,863 [pool-514-thread-1] INFO  storage.RaftStorageDirectory (RaftStorageDirectoryImpl.java:analyzeStorage(132)) - The storage directory /github/workspace/mnt/ozone/hadoop-ozone/integration-test/target/test-dir/MiniOzoneClusterImpl-80072cdf-ce72-42fa-91c0-6b866cc407f5/datanode-5/data/ratis/12f0eccc-1931-4064-b0f0-433c05ce339e does not exist. Creating ...
2021-04-26 08:57:20,866 [pool-514-thread-1] INFO  storage.RaftStorageDirectory (RaftStorageDirectoryImpl.java:tryLock(215)) - Lock on /github/workspace/mnt/ozone/hadoop-ozone/integration-test/target/test-dir/MiniOzoneClusterImpl-80072cdf-ce72-42fa-91c0-6b866cc407f5/datanode-5/data/ratis/12f0eccc-1931-4064-b0f0-433c05ce339e/in_use.lock acquired by nodename 21061@ffee826fe4eb
2021-04-26 08:57:20,867 [pool-514-thread-1] INFO  storage.RaftStorage (RaftStorageImpl.java:format(87)) - Storage directory /github/workspace/mnt/ozone/hadoop-ozone/integration-test/target/test-dir/MiniOzoneClusterImpl-80072cdf-ce72-42fa-91c0-6b866cc407f5/datanode-5/data/ratis/12f0eccc-1931-4064-b0f0-433c05ce339e has been successfully formatted.
2021-04-26 08:57:20,868 [pool-514-thread-1] INFO  ratis.ContainerStateMachine (ContainerStateMachine.java:loadSnapshot(224)) - group-433C05CE339E: The snapshot info is null. Setting the last applied indexto:(t:0, i:~)
2021-04-26 08:57:20,869 [EventQueue-PipelineReportForOneReplicaPipelineSafeModeRule] INFO  safemode.SCMSafeModeManager (SCMSafeModeManager.java:validateSafeModeExitRules(201)) - AtleastOneDatanodeReportedRule rule is successfully validated
2021-04-26 08:57:20,869 [pool-514-thread-1] INFO  server.RaftServerConfigKeys (ConfUtils.java:logGet(44)) - raft.server.notification.no-leader.timeout = 300000ms (custom)
2021-04-26 08:57:20,869 [pool-514-thread-1] INFO  server.RaftServerConfigKeys (ConfUtils.java:logGet(44)) - raft.server.log.use.memory = false (default)
2021-04-26 08:57:20,870 [pool-514-thread-1] INFO  server.RaftServerConfigKeys (ConfUtils.java:logGet(44)) - raft.server.log.purge.gap = 1000000 (custom)
2021-04-26 08:57:20,870 [pool-514-thread-1] INFO  server.RaftServerConfigKeys (ConfUtils.java:logGet(44)) - raft.server.log.appender.buffer.byte-limit = 33554432 (custom)
2021-04-26 08:57:20,870 [pool-514-thread-1] INFO  metrics.RatisMetrics (RatisMetrics.java:lambda$create$0(36)) - Creating Metrics Registry : ratis.log_worker.34a5109f-6b66-4541-bda1-cf9f603884f1@group-433C05CE339E
2021-04-26 08:57:20,870 [pool-514-thread-1] INFO  server.RaftServerConfigKeys (ConfUtils.java:logGet(44)) - raft.server.log.segment.size.max = 1048576 (custom)
2021-04-26 08:57:20,871 [pool-514-thread-1] INFO  server.RaftServerConfigKeys (ConfUtils.java:logGet(44)) - raft.server.log.segment.cache.num.max = 2 (custom)
2021-04-26 08:57:20,871 [pool-514-thread-1] INFO  server.RaftServerConfigKeys (ConfUtils.java:logGet(44)) - raft.server.log.segment.cache.size.max = 200MB (=209715200) (default)
2021-04-26 08:57:20,871 [pool-514-thread-1] INFO  segmented.SegmentedRaftLogWorker (SegmentedRaftLogWorker.java:<init>(182)) - new 34a5109f-6b66-4541-bda1-cf9f603884f1@group-433C05CE339E-SegmentedRaftLogWorker for RaftStorageImpl:Storage Directory /github/workspace/mnt/ozone/hadoop-ozone/integration-test/target/test-dir/MiniOzoneClusterImpl-80072cdf-ce72-42fa-91c0-6b866cc407f5/datanode-5/data/ratis/12f0eccc-1931-4064-b0f0-433c05ce339e
2021-04-26 08:57:20,871 [pool-514-thread-1] INFO  server.RaftServerConfigKeys (ConfUtils.java:logGet(44)) - raft.server.log.queue.byte-limit = 2147483647 (custom)
2021-04-26 08:57:20,871 [pool-514-thread-1] INFO  server.RaftServerConfigKeys (ConfUtils.java:logGet(44)) - raft.server.log.queue.element-limit = 1024 (custom)
2021-04-26 08:57:20,871 [pool-514-thread-1] INFO  server.RaftServerConfigKeys (ConfUtils.java:logGet(44)) - raft.server.log.segment.size.max = 1048576 (custom)
2021-04-26 08:57:20,871 [pool-514-thread-1] INFO  server.RaftServerConfigKeys (ConfUtils.java:logGet(44)) - raft.server.log.preallocated.size = 16384 (custom)
2021-04-26 08:57:20,871 [pool-514-thread-1] INFO  server.RaftServerConfigKeys (ConfUtils.java:logGet(44)) - raft.server.log.force.sync.num = 128 (default)
2021-04-26 08:57:20,871 [pool-514-thread-1] INFO  server.RaftServerConfigKeys (ConfUtils.java:logGet(44)) - raft.server.log.statemachine.data.sync = true (default)
2021-04-26 08:57:20,871 [pool-514-thread-1] INFO  server.RaftServerConfigKeys (ConfUtils.java:logGet(44)) - raft.server.log.statemachine.data.sync.timeout = 10s (default)
2021-04-26 08:57:20,871 [pool-514-thread-1] INFO  server.RaftServerConfigKeys (ConfUtils.java:logGet(44)) - raft.server.log.statemachine.data.sync.timeout.retry = -1 (default)
2021-04-26 08:57:20,873 [pool-514-thread-1] INFO  server.RaftServerConfigKeys (ConfUtils.java:logGet(44)) - raft.server.log.write.buffer.size = 1048576 (custom)
2021-04-26 08:57:20,874 [pool-514-thread-1] INFO  server.RaftServerConfigKeys (ConfUtils.java:logGet(44)) - raft.server.log.statemachine.data.caching.enabled = true (custom)
2021-04-26 08:57:20,874 [pool-514-thread-1] INFO  segmented.SegmentedRaftLogWorker (SegmentedRaftLogWorker.java:lambda$new$0(133)) - 34a5109f-6b66-4541-bda1-cf9f603884f1@group-433C05CE339E-SegmentedRaftLogWorker: flushIndex: setUnconditionally 0 -> -1
2021-04-26 08:57:20,874 [pool-514-thread-1] INFO  segmented.SegmentedRaftLogWorker (SegmentedRaftLogWorker.java:lambda$new$0(133)) - 34a5109f-6b66-4541-bda1-cf9f603884f1@group-433C05CE339E-SegmentedRaftLogWorker: safeCacheEvictIndex: setUnconditionally 0 -> -1
2021-04-26 08:57:20,874 [pool-514-thread-1] INFO  server.RaftServerConfigKeys (ConfUtils.java:logGet(44)) - raft.server.snapshot.auto.trigger.enabled = true (custom)
2021-04-26 08:57:20,874 [pool-514-thread-1] INFO  server.RaftServerConfigKeys (ConfUtils.java:logGet(44)) - raft.server.snapshot.auto.trigger.threshold = 10000 (custom)
2021-04-26 08:57:20,874 [pool-514-thread-1] INFO  server.RaftServerConfigKeys (ConfUtils.java:logGet(44)) - raft.server.snapshot.retention.file.num = 5 (custom)
2021-04-26 08:57:20,874 [pool-514-thread-1] INFO  server.RaftServerConfigKeys (ConfUtils.java:logGet(44)) - raft.server.log.purge.upto.snapshot.index = false (default)
2021-04-26 08:57:20,875 [pool-514-thread-1] INFO  server.RaftServerConfigKeys (ConfUtils.java:logGet(44)) - raft.server.retrycache.expirytime = 600000ms (custom)
2021-04-26 08:57:20,875 [pool-514-thread-1] INFO  server.RaftServerConfigKeys (ConfUtils.java:logGet(44)) - raft.server.retrycache.statistics.expirytime = 100?s (default)
2021-04-26 08:57:20,875 [pool-514-thread-1] INFO  metrics.RatisMetrics (RatisMetrics.java:lambda$create$0(36)) - Creating Metrics Registry : ratis.leader_election.34a5109f-6b66-4541-bda1-cf9f603884f1@group-433C05CE339E
2021-04-26 08:57:20,875 [pool-514-thread-1] INFO  metrics.RatisMetrics (RatisMetrics.java:lambda$create$0(36)) - Creating Metrics Registry : ratis.server.34a5109f-6b66-4541-bda1-cf9f603884f1@group-433C05CE339E
2021-04-26 08:57:20,877 [pool-514-thread-1] INFO  server.RaftServer$Division (RaftServerImpl.java:start(295)) - 34a5109f-6b66-4541-bda1-cf9f603884f1@group-433C05CE339E: start as a follower, conf=-1: [5dc8370d-b6a9-4413-93cd-e6395a769e0f|rpc:172.17.0.2:46721|dataStream:|priority:1, db0caa31-6386-4e08-a3d7-702b3b383f1b|rpc:172.17.0.2:46785|dataStream:|priority:0, 34a5109f-6b66-4541-bda1-cf9f603884f1|rpc:172.17.0.2:38029|dataStream:|priority:0], old=null
2021-04-26 08:57:20,877 [pool-514-thread-1] INFO  server.RaftServer$Division (RaftServerImpl.java:setRole(284)) - 34a5109f-6b66-4541-bda1-cf9f603884f1@group-433C05CE339E: changes role from      null to FOLLOWER at term 0 for startAsFollower
2021-04-26 08:57:20,877 [pool-514-thread-1] INFO  impl.RoleInfo (RoleInfo.java:updateAndGet(130)) - 34a5109f-6b66-4541-bda1-cf9f603884f1: start 34a5109f-6b66-4541-bda1-cf9f603884f1@group-433C05CE339E-FollowerState
2021-04-26 08:57:20,877 [pool-514-thread-1] INFO  util.JmxRegister (JmxRegister.java:tryRegister(44)) - Successfully registered JMX Bean with object name Ratis:service=RaftServer,group=group-433C05CE339E,id=34a5109f-6b66-4541-bda1-cf9f603884f1
2021-04-26 08:57:20,877 [pool-514-thread-1] INFO  metrics.RatisMetrics (RatisMetrics.java:lambda$create$0(36)) - Creating Metrics Registry : ratis.state_machine.34a5109f-6b66-4541-bda1-cf9f603884f1@group-433C05CE339E
2021-04-26 08:57:20,883 [Command processor thread] INFO  metrics.RatisMetrics (RatisMetrics.java:lambda$create$0(36)) - Creating Metrics Registry : ratis.client_message_metrics.client-1CE8266507C3->db0caa31-6386-4e08-a3d7-702b3b383f1b
2021-04-26 08:57:20,887 [grpc-default-executor-2] INFO  metrics.RatisMetrics (RatisMetrics.java:lambda$create$0(36)) - Creating Metrics Registry : ratis.server_message_metrics.db0caa31-6386-4e08-a3d7-702b3b383f1b
2021-04-26 08:57:20,890 [grpc-default-executor-2] INFO  server.RaftServer (RaftServerProxy.java:addNew(95)) - db0caa31-6386-4e08-a3d7-702b3b383f1b: addNew group-433C05CE339E:[5dc8370d-b6a9-4413-93cd-e6395a769e0f|rpc:172.17.0.2:46721|dataStream:|priority:1, db0caa31-6386-4e08-a3d7-702b3b383f1b|rpc:172.17.0.2:46785|dataStream:|priority:0, 34a5109f-6b66-4541-bda1-cf9f603884f1|rpc:172.17.0.2:38029|dataStream:|priority:0] returns group-433C05CE339E:java.util.concurrent.CompletableFuture@bae790d[Not completed]
2021-04-26 08:57:20,890 [pool-498-thread-1] INFO  server.RaftServer$Division (RaftServerImpl.java:<init>(180)) - db0caa31-6386-4e08-a3d7-702b3b383f1b: new RaftServerImpl for group-433C05CE339E:[5dc8370d-b6a9-4413-93cd-e6395a769e0f|rpc:172.17.0.2:46721|dataStream:|priority:1, db0caa31-6386-4e08-a3d7-702b3b383f1b|rpc:172.17.0.2:46785|dataStream:|priority:0, 34a5109f-6b66-4541-bda1-cf9f603884f1|rpc:172.17.0.2:38029|dataStream:|priority:0] with ContainerStateMachine:uninitialized
2021-04-26 08:57:20,891 [pool-498-thread-1] INFO  server.RaftServerConfigKeys (ConfUtils.java:logGet(44)) - raft.server.rpc.timeout.min = 5s (custom)
2021-04-26 08:57:20,891 [pool-498-thread-1] INFO  server.RaftServerConfigKeys (ConfUtils.java:logGet(44)) - raft.server.rpc.timeout.max = 5200ms (custom)
2021-04-26 08:57:20,891 [pool-498-thread-1] INFO  server.RaftServerConfigKeys (ConfUtils.java:logGet(44)) - raft.server.rpc.sleep.time = 25ms (default)
2021-04-26 08:57:20,891 [pool-498-thread-1] INFO  server.RaftServerConfigKeys (ConfUtils.java:logGet(44)) - raft.server.rpc.slowness.timeout = 300000ms (custom)
2021-04-26 08:57:20,891 [pool-498-thread-1] INFO  server.RaftServerConfigKeys (ConfUtils.java:logGet(44)) - raft.server.leaderelection.leader.step-down.wait-time = 10s (default)
2021-04-26 08:57:20,891 [pool-498-thread-1] INFO  server.RaftServerConfigKeys (ConfUtils.java:logGet(44)) - raft.server.sleep.deviation.threshold = 300ms (default)
2021-04-26 08:57:20,891 [pool-498-thread-1] INFO  server.RaftServerConfigKeys (ConfUtils.java:logGet(44)) - raft.server.log.appender.install.snapshot.enabled = false (custom)
2021-04-26 08:57:20,891 [pool-498-thread-1] INFO  server.RaftServer$Division (ServerState.java:<init>(105)) - db0caa31-6386-4e08-a3d7-702b3b383f1b@group-433C05CE339E: ConfigurationManager, init=-1: [5dc8370d-b6a9-4413-93cd-e6395a769e0f|rpc:172.17.0.2:46721|dataStream:|priority:1, db0caa31-6386-4e08-a3d7-702b3b383f1b|rpc:172.17.0.2:46785|dataStream:|priority:0, 34a5109f-6b66-4541-bda1-cf9f603884f1|rpc:172.17.0.2:38029|dataStream:|priority:0], old=null, confs=<EMPTY_MAP>
2021-04-26 08:57:20,891 [pool-498-thread-1] INFO  server.RaftServerConfigKeys (ConfUtils.java:logGet(44)) - raft.server.storage.dir = [/github/workspace/mnt/ozone/hadoop-ozone/integration-test/target/test-dir/MiniOzoneClusterImpl-80072cdf-ce72-42fa-91c0-6b866cc407f5/datanode-4/data/ratis] (custom)
2021-04-26 08:57:20,891 [pool-498-thread-1] INFO  server.RaftServerConfigKeys (ConfUtils.java:logGet(44)) - raft.server.log.corruption.policy = EXCEPTION (default)
2021-04-26 08:57:20,891 [pool-498-thread-1] INFO  storage.RaftStorageDirectory (RaftStorageDirectoryImpl.java:analyzeStorage(132)) - The storage directory /github/workspace/mnt/ozone/hadoop-ozone/integration-test/target/test-dir/MiniOzoneClusterImpl-80072cdf-ce72-42fa-91c0-6b866cc407f5/datanode-4/data/ratis/12f0eccc-1931-4064-b0f0-433c05ce339e does not exist. Creating ...
2021-04-26 08:57:20,893 [pool-498-thread-1] INFO  storage.RaftStorageDirectory (RaftStorageDirectoryImpl.java:tryLock(215)) - Lock on /github/workspace/mnt/ozone/hadoop-ozone/integration-test/target/test-dir/MiniOzoneClusterImpl-80072cdf-ce72-42fa-91c0-6b866cc407f5/datanode-4/data/ratis/12f0eccc-1931-4064-b0f0-433c05ce339e/in_use.lock acquired by nodename 21061@ffee826fe4eb
2021-04-26 08:57:20,894 [pool-498-thread-1] INFO  storage.RaftStorage (RaftStorageImpl.java:format(87)) - Storage directory /github/workspace/mnt/ozone/hadoop-ozone/integration-test/target/test-dir/MiniOzoneClusterImpl-80072cdf-ce72-42fa-91c0-6b866cc407f5/datanode-4/data/ratis/12f0eccc-1931-4064-b0f0-433c05ce339e has been successfully formatted.
2021-04-26 08:57:20,895 [pool-498-thread-1] INFO  ratis.ContainerStateMachine (ContainerStateMachine.java:loadSnapshot(224)) - group-433C05CE339E: The snapshot info is null. Setting the last applied indexto:(t:0, i:~)
2021-04-26 08:57:20,895 [pool-498-thread-1] INFO  server.RaftServerConfigKeys (ConfUtils.java:logGet(44)) - raft.server.notification.no-leader.timeout = 300000ms (custom)
2021-04-26 08:57:20,895 [pool-498-thread-1] INFO  server.RaftServerConfigKeys (ConfUtils.java:logGet(44)) - raft.server.log.use.memory = false (default)
2021-04-26 08:57:20,895 [pool-498-thread-1] INFO  server.RaftServerConfigKeys (ConfUtils.java:logGet(44)) - raft.server.log.purge.gap = 1000000 (custom)
2021-04-26 08:57:20,895 [EventQueue-PipelineReportForOneReplicaPipelineSafeModeRule] INFO  safemode.SCMSafeModeManager (SCMSafeModeManager.java:validateSafeModeExitRules(201)) - AtleastOneDatanodeReportedRule rule is successfully validated
2021-04-26 08:57:20,895 [pool-498-thread-1] INFO  server.RaftServerConfigKeys (ConfUtils.java:logGet(44)) - raft.server.log.appender.buffer.byte-limit = 33554432 (custom)
2021-04-26 08:57:20,896 [pool-498-thread-1] INFO  metrics.RatisMetrics (RatisMetrics.java:lambda$create$0(36)) - Creating Metrics Registry : ratis.log_worker.db0caa31-6386-4e08-a3d7-702b3b383f1b@group-433C05CE339E
2021-04-26 08:57:20,896 [pool-498-thread-1] INFO  server.RaftServerConfigKeys (ConfUtils.java:logGet(44)) - raft.server.log.segment.size.max = 1048576 (custom)
2021-04-26 08:57:20,896 [pool-498-thread-1] INFO  server.RaftServerConfigKeys (ConfUtils.java:logGet(44)) - raft.server.log.segment.cache.num.max = 2 (custom)
2021-04-26 08:57:20,896 [pool-498-thread-1] INFO  server.RaftServerConfigKeys (ConfUtils.java:logGet(44)) - raft.server.log.segment.cache.size.max = 200MB (=209715200) (default)
2021-04-26 08:57:20,896 [pool-498-thread-1] INFO  segmented.SegmentedRaftLogWorker (SegmentedRaftLogWorker.java:<init>(182)) - new db0caa31-6386-4e08-a3d7-702b3b383f1b@group-433C05CE339E-SegmentedRaftLogWorker for RaftStorageImpl:Storage Directory /github/workspace/mnt/ozone/hadoop-ozone/integration-test/target/test-dir/MiniOzoneClusterImpl-80072cdf-ce72-42fa-91c0-6b866cc407f5/datanode-4/data/ratis/12f0eccc-1931-4064-b0f0-433c05ce339e
2021-04-26 08:57:20,897 [pool-498-thread-1] INFO  server.RaftServerConfigKeys (ConfUtils.java:logGet(44)) - raft.server.log.queue.byte-limit = 2147483647 (custom)
2021-04-26 08:57:20,897 [pool-498-thread-1] INFO  server.RaftServerConfigKeys (ConfUtils.java:logGet(44)) - raft.server.log.queue.element-limit = 1024 (custom)
2021-04-26 08:57:20,897 [pool-498-thread-1] INFO  server.RaftServerConfigKeys (ConfUtils.java:logGet(44)) - raft.server.log.segment.size.max = 1048576 (custom)
2021-04-26 08:57:20,897 [pool-498-thread-1] INFO  server.RaftServerConfigKeys (ConfUtils.java:logGet(44)) - raft.server.log.preallocated.size = 16384 (custom)
2021-04-26 08:57:20,897 [pool-498-thread-1] INFO  server.RaftServerConfigKeys (ConfUtils.java:logGet(44)) - raft.server.log.force.sync.num = 128 (default)
2021-04-26 08:57:20,897 [pool-498-thread-1] INFO  server.RaftServerConfigKeys (ConfUtils.java:logGet(44)) - raft.server.log.statemachine.data.sync = true (default)
2021-04-26 08:57:20,897 [pool-498-thread-1] INFO  server.RaftServerConfigKeys (ConfUtils.java:logGet(44)) - raft.server.log.statemachine.data.sync.timeout = 10s (default)
2021-04-26 08:57:20,897 [pool-498-thread-1] INFO  server.RaftServerConfigKeys (ConfUtils.java:logGet(44)) - raft.server.log.statemachine.data.sync.timeout.retry = -1 (default)
2021-04-26 08:57:20,899 [pool-498-thread-1] INFO  server.RaftServerConfigKeys (ConfUtils.java:logGet(44)) - raft.server.log.write.buffer.size = 1048576 (custom)
2021-04-26 08:57:20,899 [pool-498-thread-1] INFO  server.RaftServerConfigKeys (ConfUtils.java:logGet(44)) - raft.server.log.statemachine.data.caching.enabled = true (custom)
2021-04-26 08:57:20,900 [pool-498-thread-1] INFO  segmented.SegmentedRaftLogWorker (SegmentedRaftLogWorker.java:lambda$new$0(133)) - db0caa31-6386-4e08-a3d7-702b3b383f1b@group-433C05CE339E-SegmentedRaftLogWorker: flushIndex: setUnconditionally 0 -> -1
2021-04-26 08:57:20,900 [pool-498-thread-1] INFO  segmented.SegmentedRaftLogWorker (SegmentedRaftLogWorker.java:lambda$new$0(133)) - db0caa31-6386-4e08-a3d7-702b3b383f1b@group-433C05CE339E-SegmentedRaftLogWorker: safeCacheEvictIndex: setUnconditionally 0 -> -1
2021-04-26 08:57:20,900 [pool-498-thread-1] INFO  server.RaftServerConfigKeys (ConfUtils.java:logGet(44)) - raft.server.snapshot.auto.trigger.enabled = true (custom)
2021-04-26 08:57:20,900 [pool-498-thread-1] INFO  server.RaftServerConfigKeys (ConfUtils.java:logGet(44)) - raft.server.snapshot.auto.trigger.threshold = 10000 (custom)
2021-04-26 08:57:20,900 [pool-498-thread-1] INFO  server.RaftServerConfigKeys (ConfUtils.java:logGet(44)) - raft.server.snapshot.retention.file.num = 5 (custom)
2021-04-26 08:57:20,900 [pool-498-thread-1] INFO  server.RaftServerConfigKeys (ConfUtils.java:logGet(44)) - raft.server.log.purge.upto.snapshot.index = false (default)
2021-04-26 08:57:20,900 [pool-498-thread-1] INFO  server.RaftServerConfigKeys (ConfUtils.java:logGet(44)) - raft.server.retrycache.expirytime = 600000ms (custom)
2021-04-26 08:57:20,900 [pool-498-thread-1] INFO  server.RaftServerConfigKeys (ConfUtils.java:logGet(44)) - raft.server.retrycache.statistics.expirytime = 100?s (default)
2021-04-26 08:57:20,900 [pool-498-thread-1] INFO  metrics.RatisMetrics (RatisMetrics.java:lambda$create$0(36)) - Creating Metrics Registry : ratis.leader_election.db0caa31-6386-4e08-a3d7-702b3b383f1b@group-433C05CE339E
2021-04-26 08:57:20,901 [pool-498-thread-1] INFO  metrics.RatisMetrics (RatisMetrics.java:lambda$create$0(36)) - Creating Metrics Registry : ratis.server.db0caa31-6386-4e08-a3d7-702b3b383f1b@group-433C05CE339E
2021-04-26 08:57:20,902 [pool-498-thread-1] INFO  server.RaftServer$Division (RaftServerImpl.java:start(295)) - db0caa31-6386-4e08-a3d7-702b3b383f1b@group-433C05CE339E: start as a follower, conf=-1: [5dc8370d-b6a9-4413-93cd-e6395a769e0f|rpc:172.17.0.2:46721|dataStream:|priority:1, db0caa31-6386-4e08-a3d7-702b3b383f1b|rpc:172.17.0.2:46785|dataStream:|priority:0, 34a5109f-6b66-4541-bda1-cf9f603884f1|rpc:172.17.0.2:38029|dataStream:|priority:0], old=null
2021-04-26 08:57:20,903 [pool-498-thread-1] INFO  server.RaftServer$Division (RaftServerImpl.java:setRole(284)) - db0caa31-6386-4e08-a3d7-702b3b383f1b@group-433C05CE339E: changes role from      null to FOLLOWER at term 0 for startAsFollower
2021-04-26 08:57:20,903 [pool-498-thread-1] INFO  impl.RoleInfo (RoleInfo.java:updateAndGet(130)) - db0caa31-6386-4e08-a3d7-702b3b383f1b: start db0caa31-6386-4e08-a3d7-702b3b383f1b@group-433C05CE339E-FollowerState
2021-04-26 08:57:20,903 [pool-498-thread-1] INFO  util.JmxRegister (JmxRegister.java:tryRegister(44)) - Successfully registered JMX Bean with object name Ratis:service=RaftServer,group=group-433C05CE339E,id=db0caa31-6386-4e08-a3d7-702b3b383f1b
2021-04-26 08:57:20,903 [pool-498-thread-1] INFO  metrics.RatisMetrics (RatisMetrics.java:lambda$create$0(36)) - Creating Metrics Registry : ratis.state_machine.db0caa31-6386-4e08-a3d7-702b3b383f1b@group-433C05CE339E
2021-04-26 08:57:20,908 [Command processor thread] INFO  commandhandler.CreatePipelineCommandHandler (CreatePipelineCommandHandler.java:handle(106)) - Created Pipeline RATIS THREE PipelineID=12f0eccc-1931-4064-b0f0-433c05ce339e.
2021-04-26 08:57:21,002 [Command processor thread] INFO  server.RaftServer (RaftServerProxy.java:addNew(95)) - db0caa31-6386-4e08-a3d7-702b3b383f1b: addNew group-71E57824BC1E:[db0caa31-6386-4e08-a3d7-702b3b383f1b|rpc:172.17.0.2:46785|priority:1] returns group-71E57824BC1E:java.util.concurrent.CompletableFuture@422575b8[Not completed]
2021-04-26 08:57:21,003 [pool-498-thread-1] INFO  server.RaftServer$Division (RaftServerImpl.java:<init>(180)) - db0caa31-6386-4e08-a3d7-702b3b383f1b: new RaftServerImpl for group-71E57824BC1E:[db0caa31-6386-4e08-a3d7-702b3b383f1b|rpc:172.17.0.2:46785|priority:1] with ContainerStateMachine:uninitialized
2021-04-26 08:57:21,003 [pool-498-thread-1] INFO  server.RaftServerConfigKeys (ConfUtils.java:logGet(44)) - raft.server.rpc.timeout.min = 5s (custom)
2021-04-26 08:57:21,003 [pool-498-thread-1] INFO  server.RaftServerConfigKeys (ConfUtils.java:logGet(44)) - raft.server.rpc.timeout.max = 5200ms (custom)
2021-04-26 08:57:21,003 [pool-498-thread-1] INFO  server.RaftServerConfigKeys (ConfUtils.java:logGet(44)) - raft.server.rpc.sleep.time = 25ms (default)
2021-04-26 08:57:21,003 [pool-498-thread-1] INFO  server.RaftServerConfigKeys (ConfUtils.java:logGet(44)) - raft.server.rpc.slowness.timeout = 300000ms (custom)
2021-04-26 08:57:21,003 [pool-498-thread-1] INFO  server.RaftServerConfigKeys (ConfUtils.java:logGet(44)) - raft.server.leaderelection.leader.step-down.wait-time = 10s (default)
2021-04-26 08:57:21,003 [pool-498-thread-1] INFO  server.RaftServerConfigKeys (ConfUtils.java:logGet(44)) - raft.server.sleep.deviation.threshold = 300ms (default)
2021-04-26 08:57:21,003 [pool-498-thread-1] INFO  server.RaftServerConfigKeys (ConfUtils.java:logGet(44)) - raft.server.log.appender.install.snapshot.enabled = false (custom)
2021-04-26 08:57:21,003 [pool-498-thread-1] INFO  server.RaftServer$Division (ServerState.java:<init>(105)) - db0caa31-6386-4e08-a3d7-702b3b383f1b@group-71E57824BC1E: ConfigurationManager, init=-1: [db0caa31-6386-4e08-a3d7-702b3b383f1b|rpc:172.17.0.2:46785|priority:1], old=null, confs=<EMPTY_MAP>
2021-04-26 08:57:21,003 [pool-498-thread-1] INFO  server.RaftServerConfigKeys (ConfUtils.java:logGet(44)) - raft.server.storage.dir = [/github/workspace/mnt/ozone/hadoop-ozone/integration-test/target/test-dir/MiniOzoneClusterImpl-80072cdf-ce72-42fa-91c0-6b866cc407f5/datanode-4/data/ratis] (custom)
2021-04-26 08:57:21,004 [pool-498-thread-1] INFO  server.RaftServerConfigKeys (ConfUtils.java:logGet(44)) - raft.server.log.corruption.policy = EXCEPTION (default)
2021-04-26 08:57:21,004 [pool-498-thread-1] INFO  storage.RaftStorageDirectory (RaftStorageDirectoryImpl.java:analyzeStorage(132)) - The storage directory /github/workspace/mnt/ozone/hadoop-ozone/integration-test/target/test-dir/MiniOzoneClusterImpl-80072cdf-ce72-42fa-91c0-6b866cc407f5/datanode-4/data/ratis/e132da99-46d8-4fce-8112-71e57824bc1e does not exist. Creating ...
2021-04-26 08:57:21,005 [pool-498-thread-1] INFO  storage.RaftStorageDirectory (RaftStorageDirectoryImpl.java:tryLock(215)) - Lock on /github/workspace/mnt/ozone/hadoop-ozone/integration-test/target/test-dir/MiniOzoneClusterImpl-80072cdf-ce72-42fa-91c0-6b866cc407f5/datanode-4/data/ratis/e132da99-46d8-4fce-8112-71e57824bc1e/in_use.lock acquired by nodename 21061@ffee826fe4eb
2021-04-26 08:57:21,006 [pool-498-thread-1] INFO  storage.RaftStorage (RaftStorageImpl.java:format(87)) - Storage directory /github/workspace/mnt/ozone/hadoop-ozone/integration-test/target/test-dir/MiniOzoneClusterImpl-80072cdf-ce72-42fa-91c0-6b866cc407f5/datanode-4/data/ratis/e132da99-46d8-4fce-8112-71e57824bc1e has been successfully formatted.
2021-04-26 08:57:21,007 [pool-498-thread-1] INFO  ratis.ContainerStateMachine (ContainerStateMachine.java:loadSnapshot(224)) - group-71E57824BC1E: The snapshot info is null. Setting the last applied indexto:(t:0, i:~)
2021-04-26 08:57:21,007 [pool-498-thread-1] INFO  server.RaftServerConfigKeys (ConfUtils.java:logGet(44)) - raft.server.notification.no-leader.timeout = 300000ms (custom)
2021-04-26 08:57:21,007 [pool-498-thread-1] INFO  server.RaftServerConfigKeys (ConfUtils.java:logGet(44)) - raft.server.log.use.memory = false (default)
2021-04-26 08:57:21,007 [pool-498-thread-1] INFO  server.RaftServerConfigKeys (ConfUtils.java:logGet(44)) - raft.server.log.purge.gap = 1000000 (custom)
2021-04-26 08:57:21,007 [pool-498-thread-1] INFO  server.RaftServerConfigKeys (ConfUtils.java:logGet(44)) - raft.server.log.appender.buffer.byte-limit = 33554432 (custom)
2021-04-26 08:57:21,007 [pool-498-thread-1] INFO  metrics.RatisMetrics (RatisMetrics.java:lambda$create$0(36)) - Creating Metrics Registry : ratis.log_worker.db0caa31-6386-4e08-a3d7-702b3b383f1b@group-71E57824BC1E
2021-04-26 08:57:21,007 [pool-498-thread-1] INFO  server.RaftServerConfigKeys (ConfUtils.java:logGet(44)) - raft.server.log.segment.size.max = 1048576 (custom)
2021-04-26 08:57:21,008 [EventQueue-PipelineReportForOneReplicaPipelineSafeModeRule] INFO  safemode.SCMSafeModeManager (SCMSafeModeManager.java:validateSafeModeExitRules(201)) - AtleastOneDatanodeReportedRule rule is successfully validated
2021-04-26 08:57:21,008 [EventQueue-PipelineReportForPipelineReportHandler] INFO  pipeline.PipelineManagerV2Impl (PipelineManagerV2Impl.java:openPipeline(270)) - Pipeline Pipeline[ Id: e132da99-46d8-4fce-8112-71e57824bc1e, Nodes: db0caa31-6386-4e08-a3d7-702b3b383f1b{ip: 172.17.0.2, host: ffee826fe4eb, ports: [REPLICATION=36377, RATIS=46785, RATIS_ADMIN=46785, RATIS_SERVER=46785, STANDALONE=35165], networkLocation: /default-rack, certSerialId: null, persistedOpState: IN_SERVICE, persistedOpStateExpiryEpochSec: 0}, ReplicationConfig: RATIS/ONE, State:ALLOCATED, leaderId:db0caa31-6386-4e08-a3d7-702b3b383f1b, CreationTimestamp2021-04-26T08:57:18.005Z] moved to OPEN state
2021-04-26 08:57:21,008 [pool-498-thread-1] INFO  server.RaftServerConfigKeys (ConfUtils.java:logGet(44)) - raft.server.log.segment.cache.num.max = 2 (custom)
2021-04-26 08:57:21,009 [pool-498-thread-1] INFO  server.RaftServerConfigKeys (ConfUtils.java:logGet(44)) - raft.server.log.segment.cache.size.max = 200MB (=209715200) (default)
2021-04-26 08:57:21,009 [pool-498-thread-1] INFO  segmented.SegmentedRaftLogWorker (SegmentedRaftLogWorker.java:<init>(182)) - new db0caa31-6386-4e08-a3d7-702b3b383f1b@group-71E57824BC1E-SegmentedRaftLogWorker for RaftStorageImpl:Storage Directory /github/workspace/mnt/ozone/hadoop-ozone/integration-test/target/test-dir/MiniOzoneClusterImpl-80072cdf-ce72-42fa-91c0-6b866cc407f5/datanode-4/data/ratis/e132da99-46d8-4fce-8112-71e57824bc1e
2021-04-26 08:57:21,009 [pool-498-thread-1] INFO  server.RaftServerConfigKeys (ConfUtils.java:logGet(44)) - raft.server.log.queue.byte-limit = 2147483647 (custom)
2021-04-26 08:57:21,009 [pool-498-thread-1] INFO  server.RaftServerConfigKeys (ConfUtils.java:logGet(44)) - raft.server.log.queue.element-limit = 1024 (custom)
2021-04-26 08:57:21,009 [EventQueue-OpenPipelineForHealthyPipelineSafeModeRule] INFO  safemode.SCMSafeModeManager (HealthyPipelineSafeModeRule.java:process(130)) - SCM in safe mode. Healthy pipelines reported count is 0, required healthy pipeline reported count is 1
2021-04-26 08:57:21,009 [pool-498-thread-1] INFO  server.RaftServerConfigKeys (ConfUtils.java:logGet(44)) - raft.server.log.segment.size.max = 1048576 (custom)
2021-04-26 08:57:21,009 [pool-498-thread-1] INFO  server.RaftServerConfigKeys (ConfUtils.java:logGet(44)) - raft.server.log.preallocated.size = 16384 (custom)
2021-04-26 08:57:21,009 [pool-498-thread-1] INFO  server.RaftServerConfigKeys (ConfUtils.java:logGet(44)) - raft.server.log.force.sync.num = 128 (default)
2021-04-26 08:57:21,009 [pool-498-thread-1] INFO  server.RaftServerConfigKeys (ConfUtils.java:logGet(44)) - raft.server.log.statemachine.data.sync = true (default)
2021-04-26 08:57:21,009 [pool-498-thread-1] INFO  server.RaftServerConfigKeys (ConfUtils.java:logGet(44)) - raft.server.log.statemachine.data.sync.timeout = 10s (default)
2021-04-26 08:57:21,009 [pool-498-thread-1] INFO  server.RaftServerConfigKeys (ConfUtils.java:logGet(44)) - raft.server.log.statemachine.data.sync.timeout.retry = -1 (default)
2021-04-26 08:57:21,011 [pool-498-thread-1] INFO  server.RaftServerConfigKeys (ConfUtils.java:logGet(44)) - raft.server.log.write.buffer.size = 1048576 (custom)
2021-04-26 08:57:21,012 [pool-498-thread-1] INFO  server.RaftServerConfigKeys (ConfUtils.java:logGet(44)) - raft.server.log.statemachine.data.caching.enabled = true (custom)
2021-04-26 08:57:21,013 [pool-498-thread-1] INFO  segmented.SegmentedRaftLogWorker (SegmentedRaftLogWorker.java:lambda$new$0(133)) - db0caa31-6386-4e08-a3d7-702b3b383f1b@group-71E57824BC1E-SegmentedRaftLogWorker: flushIndex: setUnconditionally 0 -> -1
2021-04-26 08:57:21,013 [pool-498-thread-1] INFO  segmented.SegmentedRaftLogWorker (SegmentedRaftLogWorker.java:lambda$new$0(133)) - db0caa31-6386-4e08-a3d7-702b3b383f1b@group-71E57824BC1E-SegmentedRaftLogWorker: safeCacheEvictIndex: setUnconditionally 0 -> -1
2021-04-26 08:57:21,017 [pool-498-thread-1] INFO  server.RaftServerConfigKeys (ConfUtils.java:logGet(44)) - raft.server.snapshot.auto.trigger.enabled = true (custom)
2021-04-26 08:57:21,017 [pool-498-thread-1] INFO  server.RaftServerConfigKeys (ConfUtils.java:logGet(44)) - raft.server.snapshot.auto.trigger.threshold = 10000 (custom)
2021-04-26 08:57:21,017 [pool-498-thread-1] INFO  server.RaftServerConfigKeys (ConfUtils.java:logGet(44)) - raft.server.snapshot.retention.file.num = 5 (custom)
2021-04-26 08:57:21,017 [pool-498-thread-1] INFO  server.RaftServerConfigKeys (ConfUtils.java:logGet(44)) - raft.server.log.purge.upto.snapshot.index = false (default)
2021-04-26 08:57:21,017 [pool-498-thread-1] INFO  server.RaftServerConfigKeys (ConfUtils.java:logGet(44)) - raft.server.retrycache.expirytime = 600000ms (custom)
2021-04-26 08:57:21,017 [pool-498-thread-1] INFO  server.RaftServerConfigKeys (ConfUtils.java:logGet(44)) - raft.server.retrycache.statistics.expirytime = 100?s (default)
2021-04-26 08:57:21,018 [pool-498-thread-1] INFO  metrics.RatisMetrics (RatisMetrics.java:lambda$create$0(36)) - Creating Metrics Registry : ratis.leader_election.db0caa31-6386-4e08-a3d7-702b3b383f1b@group-71E57824BC1E
2021-04-26 08:57:21,018 [pool-498-thread-1] INFO  metrics.RatisMetrics (RatisMetrics.java:lambda$create$0(36)) - Creating Metrics Registry : ratis.server.db0caa31-6386-4e08-a3d7-702b3b383f1b@group-71E57824BC1E
2021-04-26 08:57:21,019 [pool-498-thread-1] INFO  server.RaftServer$Division (RaftServerImpl.java:start(295)) - db0caa31-6386-4e08-a3d7-702b3b383f1b@group-71E57824BC1E: start as a follower, conf=-1: [db0caa31-6386-4e08-a3d7-702b3b383f1b|rpc:172.17.0.2:46785|priority:1], old=null
2021-04-26 08:57:21,019 [pool-498-thread-1] INFO  server.RaftServer$Division (RaftServerImpl.java:setRole(284)) - db0caa31-6386-4e08-a3d7-702b3b383f1b@group-71E57824BC1E: changes role from      null to FOLLOWER at term 0 for startAsFollower
2021-04-26 08:57:21,019 [pool-498-thread-1] INFO  impl.RoleInfo (RoleInfo.java:updateAndGet(130)) - db0caa31-6386-4e08-a3d7-702b3b383f1b: start db0caa31-6386-4e08-a3d7-702b3b383f1b@group-71E57824BC1E-FollowerState
2021-04-26 08:57:21,020 [pool-498-thread-1] INFO  util.JmxRegister (JmxRegister.java:tryRegister(44)) - Successfully registered JMX Bean with object name Ratis:service=RaftServer,group=group-71E57824BC1E,id=db0caa31-6386-4e08-a3d7-702b3b383f1b
2021-04-26 08:57:21,020 [pool-498-thread-1] INFO  metrics.RatisMetrics (RatisMetrics.java:lambda$create$0(36)) - Creating Metrics Registry : ratis.state_machine.db0caa31-6386-4e08-a3d7-702b3b383f1b@group-71E57824BC1E
2021-04-26 08:57:21,020 [Command processor thread] INFO  ratis.XceiverServerRatis (XceiverServerRatis.java:addGroup(808)) - Created group PipelineID=e132da99-46d8-4fce-8112-71e57824bc1e
2021-04-26 08:57:21,020 [Command processor thread] INFO  commandhandler.CreatePipelineCommandHandler (CreatePipelineCommandHandler.java:handle(106)) - Created Pipeline RATIS ONE PipelineID=e132da99-46d8-4fce-8112-71e57824bc1e.
2021-04-26 08:57:21,131 [EventQueue-PipelineReportForOneReplicaPipelineSafeModeRule] INFO  safemode.SCMSafeModeManager (SCMSafeModeManager.java:validateSafeModeExitRules(201)) - AtleastOneDatanodeReportedRule rule is successfully validated
2021-04-26 08:57:21,131 [EventQueue-OpenPipelineForHealthyPipelineSafeModeRule] INFO  safemode.SCMSafeModeManager (HealthyPipelineSafeModeRule.java:process(130)) - SCM in safe mode. Healthy pipelines reported count is 0, required healthy pipeline reported count is 1
2021-04-26 08:57:21,239 [Command processor thread] INFO  server.RaftServer (RaftServerProxy.java:addNew(95)) - 34a5109f-6b66-4541-bda1-cf9f603884f1: addNew group-255C1F3169F8:[34a5109f-6b66-4541-bda1-cf9f603884f1|rpc:172.17.0.2:38029|priority:1] returns group-255C1F3169F8:java.util.concurrent.CompletableFuture@42922b71[Not completed]
2021-04-26 08:57:21,240 [pool-514-thread-1] INFO  server.RaftServer$Division (RaftServerImpl.java:<init>(180)) - 34a5109f-6b66-4541-bda1-cf9f603884f1: new RaftServerImpl for group-255C1F3169F8:[34a5109f-6b66-4541-bda1-cf9f603884f1|rpc:172.17.0.2:38029|priority:1] with ContainerStateMachine:uninitialized
2021-04-26 08:57:21,240 [pool-514-thread-1] INFO  server.RaftServerConfigKeys (ConfUtils.java:logGet(44)) - raft.server.rpc.timeout.min = 5s (custom)
2021-04-26 08:57:21,240 [pool-514-thread-1] INFO  server.RaftServerConfigKeys (ConfUtils.java:logGet(44)) - raft.server.rpc.timeout.max = 5200ms (custom)
2021-04-26 08:57:21,240 [pool-514-thread-1] INFO  server.RaftServerConfigKeys (ConfUtils.java:logGet(44)) - raft.server.rpc.sleep.time = 25ms (default)
2021-04-26 08:57:21,240 [pool-514-thread-1] INFO  server.RaftServerConfigKeys (ConfUtils.java:logGet(44)) - raft.server.rpc.slowness.timeout = 300000ms (custom)
2021-04-26 08:57:21,240 [pool-514-thread-1] INFO  server.RaftServerConfigKeys (ConfUtils.java:logGet(44)) - raft.server.leaderelection.leader.step-down.wait-time = 10s (default)
2021-04-26 08:57:21,240 [pool-514-thread-1] INFO  server.RaftServerConfigKeys (ConfUtils.java:logGet(44)) - raft.server.sleep.deviation.threshold = 300ms (default)
2021-04-26 08:57:21,240 [pool-514-thread-1] INFO  server.RaftServerConfigKeys (ConfUtils.java:logGet(44)) - raft.server.log.appender.install.snapshot.enabled = false (custom)
2021-04-26 08:57:21,240 [pool-514-thread-1] INFO  server.RaftServer$Division (ServerState.java:<init>(105)) - 34a5109f-6b66-4541-bda1-cf9f603884f1@group-255C1F3169F8: ConfigurationManager, init=-1: [34a5109f-6b66-4541-bda1-cf9f603884f1|rpc:172.17.0.2:38029|priority:1], old=null, confs=<EMPTY_MAP>
2021-04-26 08:57:21,240 [pool-514-thread-1] INFO  server.RaftServerConfigKeys (ConfUtils.java:logGet(44)) - raft.server.storage.dir = [/github/workspace/mnt/ozone/hadoop-ozone/integration-test/target/test-dir/MiniOzoneClusterImpl-80072cdf-ce72-42fa-91c0-6b866cc407f5/datanode-5/data/ratis] (custom)
2021-04-26 08:57:21,240 [pool-514-thread-1] INFO  server.RaftServerConfigKeys (ConfUtils.java:logGet(44)) - raft.server.log.corruption.policy = EXCEPTION (default)
2021-04-26 08:57:21,241 [pool-514-thread-1] INFO  storage.RaftStorageDirectory (RaftStorageDirectoryImpl.java:analyzeStorage(132)) - The storage directory /github/workspace/mnt/ozone/hadoop-ozone/integration-test/target/test-dir/MiniOzoneClusterImpl-80072cdf-ce72-42fa-91c0-6b866cc407f5/datanode-5/data/ratis/071e8e92-d1f3-4c74-bd30-255c1f3169f8 does not exist. Creating ...
2021-04-26 08:57:21,249 [pool-514-thread-1] INFO  storage.RaftStorageDirectory (RaftStorageDirectoryImpl.java:tryLock(215)) - Lock on /github/workspace/mnt/ozone/hadoop-ozone/integration-test/target/test-dir/MiniOzoneClusterImpl-80072cdf-ce72-42fa-91c0-6b866cc407f5/datanode-5/data/ratis/071e8e92-d1f3-4c74-bd30-255c1f3169f8/in_use.lock acquired by nodename 21061@ffee826fe4eb
2021-04-26 08:57:21,250 [pool-514-thread-1] INFO  storage.RaftStorage (RaftStorageImpl.java:format(87)) - Storage directory /github/workspace/mnt/ozone/hadoop-ozone/integration-test/target/test-dir/MiniOzoneClusterImpl-80072cdf-ce72-42fa-91c0-6b866cc407f5/datanode-5/data/ratis/071e8e92-d1f3-4c74-bd30-255c1f3169f8 has been successfully formatted.
2021-04-26 08:57:21,251 [pool-514-thread-1] INFO  ratis.ContainerStateMachine (ContainerStateMachine.java:loadSnapshot(224)) - group-255C1F3169F8: The snapshot info is null. Setting the last applied indexto:(t:0, i:~)
2021-04-26 08:57:21,251 [pool-514-thread-1] INFO  server.RaftServerConfigKeys (ConfUtils.java:logGet(44)) - raft.server.notification.no-leader.timeout = 300000ms (custom)
2021-04-26 08:57:21,252 [EventQueue-PipelineReportForOneReplicaPipelineSafeModeRule] INFO  safemode.SCMSafeModeManager (SCMSafeModeManager.java:validateSafeModeExitRules(201)) - AtleastOneDatanodeReportedRule rule is successfully validated
2021-04-26 08:57:21,252 [pool-514-thread-1] INFO  server.RaftServerConfigKeys (ConfUtils.java:logGet(44)) - raft.server.log.use.memory = false (default)
2021-04-26 08:57:21,252 [EventQueue-PipelineReportForPipelineReportHandler] INFO  pipeline.PipelineManagerV2Impl (PipelineManagerV2Impl.java:openPipeline(270)) - Pipeline Pipeline[ Id: 071e8e92-d1f3-4c74-bd30-255c1f3169f8, Nodes: 34a5109f-6b66-4541-bda1-cf9f603884f1{ip: 172.17.0.2, host: ffee826fe4eb, ports: [REPLICATION=46075, RATIS=38029, RATIS_ADMIN=38029, RATIS_SERVER=38029, STANDALONE=33587], networkLocation: /default-rack, certSerialId: null, persistedOpState: IN_SERVICE, persistedOpStateExpiryEpochSec: 0}, ReplicationConfig: RATIS/ONE, State:ALLOCATED, leaderId:34a5109f-6b66-4541-bda1-cf9f603884f1, CreationTimestamp2021-04-26T08:57:18.242Z] moved to OPEN state
2021-04-26 08:57:21,252 [pool-514-thread-1] INFO  server.RaftServerConfigKeys (ConfUtils.java:logGet(44)) - raft.server.log.purge.gap = 1000000 (custom)
2021-04-26 08:57:21,252 [pool-514-thread-1] INFO  server.RaftServerConfigKeys (ConfUtils.java:logGet(44)) - raft.server.log.appender.buffer.byte-limit = 33554432 (custom)
2021-04-26 08:57:21,252 [pool-514-thread-1] INFO  metrics.RatisMetrics (RatisMetrics.java:lambda$create$0(36)) - Creating Metrics Registry : ratis.log_worker.34a5109f-6b66-4541-bda1-cf9f603884f1@group-255C1F3169F8
2021-04-26 08:57:21,252 [EventQueue-OpenPipelineForHealthyPipelineSafeModeRule] INFO  safemode.SCMSafeModeManager (HealthyPipelineSafeModeRule.java:process(130)) - SCM in safe mode. Healthy pipelines reported count is 0, required healthy pipeline reported count is 1
2021-04-26 08:57:21,252 [pool-514-thread-1] INFO  server.RaftServerConfigKeys (ConfUtils.java:logGet(44)) - raft.server.log.segment.size.max = 1048576 (custom)
2021-04-26 08:57:21,253 [pool-514-thread-1] INFO  server.RaftServerConfigKeys (ConfUtils.java:logGet(44)) - raft.server.log.segment.cache.num.max = 2 (custom)
2021-04-26 08:57:21,253 [pool-514-thread-1] INFO  server.RaftServerConfigKeys (ConfUtils.java:logGet(44)) - raft.server.log.segment.cache.size.max = 200MB (=209715200) (default)
2021-04-26 08:57:21,253 [pool-514-thread-1] INFO  segmented.SegmentedRaftLogWorker (SegmentedRaftLogWorker.java:<init>(182)) - new 34a5109f-6b66-4541-bda1-cf9f603884f1@group-255C1F3169F8-SegmentedRaftLogWorker for RaftStorageImpl:Storage Directory /github/workspace/mnt/ozone/hadoop-ozone/integration-test/target/test-dir/MiniOzoneClusterImpl-80072cdf-ce72-42fa-91c0-6b866cc407f5/datanode-5/data/ratis/071e8e92-d1f3-4c74-bd30-255c1f3169f8
2021-04-26 08:57:21,253 [pool-514-thread-1] INFO  server.RaftServerConfigKeys (ConfUtils.java:logGet(44)) - raft.server.log.queue.byte-limit = 2147483647 (custom)
2021-04-26 08:57:21,253 [pool-514-thread-1] INFO  server.RaftServerConfigKeys (ConfUtils.java:logGet(44)) - raft.server.log.queue.element-limit = 1024 (custom)
2021-04-26 08:57:21,254 [pool-514-thread-1] INFO  server.RaftServerConfigKeys (ConfUtils.java:logGet(44)) - raft.server.log.segment.size.max = 1048576 (custom)
2021-04-26 08:57:21,254 [pool-514-thread-1] INFO  server.RaftServerConfigKeys (ConfUtils.java:logGet(44)) - raft.server.log.preallocated.size = 16384 (custom)
2021-04-26 08:57:21,254 [pool-514-thread-1] INFO  server.RaftServerConfigKeys (ConfUtils.java:logGet(44)) - raft.server.log.force.sync.num = 128 (default)
2021-04-26 08:57:21,254 [pool-514-thread-1] INFO  server.RaftServerConfigKeys (ConfUtils.java:logGet(44)) - raft.server.log.statemachine.data.sync = true (default)
2021-04-26 08:57:21,254 [pool-514-thread-1] INFO  server.RaftServerConfigKeys (ConfUtils.java:logGet(44)) - raft.server.log.statemachine.data.sync.timeout = 10s (default)
2021-04-26 08:57:21,254 [pool-514-thread-1] INFO  server.RaftServerConfigKeys (ConfUtils.java:logGet(44)) - raft.server.log.statemachine.data.sync.timeout.retry = -1 (default)
2021-04-26 08:57:21,255 [pool-514-thread-1] INFO  server.RaftServerConfigKeys (ConfUtils.java:logGet(44)) - raft.server.log.write.buffer.size = 1048576 (custom)
2021-04-26 08:57:21,256 [pool-514-thread-1] INFO  server.RaftServerConfigKeys (ConfUtils.java:logGet(44)) - raft.server.log.statemachine.data.caching.enabled = true (custom)
2021-04-26 08:57:21,256 [pool-514-thread-1] INFO  segmented.SegmentedRaftLogWorker (SegmentedRaftLogWorker.java:lambda$new$0(133)) - 34a5109f-6b66-4541-bda1-cf9f603884f1@group-255C1F3169F8-SegmentedRaftLogWorker: flushIndex: setUnconditionally 0 -> -1
2021-04-26 08:57:21,256 [pool-514-thread-1] INFO  segmented.SegmentedRaftLogWorker (SegmentedRaftLogWorker.java:lambda$new$0(133)) - 34a5109f-6b66-4541-bda1-cf9f603884f1@group-255C1F3169F8-SegmentedRaftLogWorker: safeCacheEvictIndex: setUnconditionally 0 -> -1
2021-04-26 08:57:21,257 [pool-514-thread-1] INFO  server.RaftServerConfigKeys (ConfUtils.java:logGet(44)) - raft.server.snapshot.auto.trigger.enabled = true (custom)
2021-04-26 08:57:21,257 [pool-514-thread-1] INFO  server.RaftServerConfigKeys (ConfUtils.java:logGet(44)) - raft.server.snapshot.auto.trigger.threshold = 10000 (custom)
2021-04-26 08:57:21,257 [pool-514-thread-1] INFO  server.RaftServerConfigKeys (ConfUtils.java:logGet(44)) - raft.server.snapshot.retention.file.num = 5 (custom)
2021-04-26 08:57:21,257 [pool-514-thread-1] INFO  server.RaftServerConfigKeys (ConfUtils.java:logGet(44)) - raft.server.log.purge.upto.snapshot.index = false (default)
2021-04-26 08:57:21,257 [pool-514-thread-1] INFO  server.RaftServerConfigKeys (ConfUtils.java:logGet(44)) - raft.server.retrycache.expirytime = 600000ms (custom)
2021-04-26 08:57:21,257 [pool-514-thread-1] INFO  server.RaftServerConfigKeys (ConfUtils.java:logGet(44)) - raft.server.retrycache.statistics.expirytime = 100?s (default)
2021-04-26 08:57:21,257 [pool-514-thread-1] INFO  metrics.RatisMetrics (RatisMetrics.java:lambda$create$0(36)) - Creating Metrics Registry : ratis.leader_election.34a5109f-6b66-4541-bda1-cf9f603884f1@group-255C1F3169F8
2021-04-26 08:57:21,258 [pool-514-thread-1] INFO  metrics.RatisMetrics (RatisMetrics.java:lambda$create$0(36)) - Creating Metrics Registry : ratis.server.34a5109f-6b66-4541-bda1-cf9f603884f1@group-255C1F3169F8
2021-04-26 08:57:21,259 [pool-514-thread-1] INFO  server.RaftServer$Division (RaftServerImpl.java:start(295)) - 34a5109f-6b66-4541-bda1-cf9f603884f1@group-255C1F3169F8: start as a follower, conf=-1: [34a5109f-6b66-4541-bda1-cf9f603884f1|rpc:172.17.0.2:38029|priority:1], old=null
2021-04-26 08:57:21,259 [pool-514-thread-1] INFO  server.RaftServer$Division (RaftServerImpl.java:setRole(284)) - 34a5109f-6b66-4541-bda1-cf9f603884f1@group-255C1F3169F8: changes role from      null to FOLLOWER at term 0 for startAsFollower
2021-04-26 08:57:21,259 [pool-514-thread-1] INFO  impl.RoleInfo (RoleInfo.java:updateAndGet(130)) - 34a5109f-6b66-4541-bda1-cf9f603884f1: start 34a5109f-6b66-4541-bda1-cf9f603884f1@group-255C1F3169F8-FollowerState
2021-04-26 08:57:21,259 [pool-514-thread-1] INFO  util.JmxRegister (JmxRegister.java:tryRegister(44)) - Successfully registered JMX Bean with object name Ratis:service=RaftServer,group=group-255C1F3169F8,id=34a5109f-6b66-4541-bda1-cf9f603884f1
2021-04-26 08:57:21,259 [pool-514-thread-1] INFO  metrics.RatisMetrics (RatisMetrics.java:lambda$create$0(36)) - Creating Metrics Registry : ratis.state_machine.34a5109f-6b66-4541-bda1-cf9f603884f1@group-255C1F3169F8
2021-04-26 08:57:21,260 [Command processor thread] INFO  ratis.XceiverServerRatis (XceiverServerRatis.java:addGroup(808)) - Created group PipelineID=071e8e92-d1f3-4c74-bd30-255c1f3169f8
2021-04-26 08:57:21,260 [Command processor thread] INFO  commandhandler.CreatePipelineCommandHandler (CreatePipelineCommandHandler.java:handle(106)) - Created Pipeline RATIS ONE PipelineID=071e8e92-d1f3-4c74-bd30-255c1f3169f8.
2021-04-26 08:57:21,313 [EventQueue-PipelineReportForOneReplicaPipelineSafeModeRule] INFO  safemode.SCMSafeModeManager (SCMSafeModeManager.java:validateSafeModeExitRules(201)) - AtleastOneDatanodeReportedRule rule is successfully validated
2021-04-26 08:57:21,313 [EventQueue-OpenPipelineForHealthyPipelineSafeModeRule] INFO  safemode.SCMSafeModeManager (HealthyPipelineSafeModeRule.java:process(130)) - SCM in safe mode. Healthy pipelines reported count is 0, required healthy pipeline reported count is 1
2021-04-26 08:57:21,422 [Command processor thread] INFO  server.RaftServer (RaftServerProxy.java:addNew(95)) - 54deb671-31b1-41db-855f-b4cb6a4dc3be: addNew group-AD809E9A8B6A:[54deb671-31b1-41db-855f-b4cb6a4dc3be|rpc:172.17.0.2:33455|priority:1] returns group-AD809E9A8B6A:java.util.concurrent.CompletableFuture@7adabadb[Not completed]
2021-04-26 08:57:21,424 [pool-530-thread-1] INFO  server.RaftServer$Division (RaftServerImpl.java:<init>(180)) - 54deb671-31b1-41db-855f-b4cb6a4dc3be: new RaftServerImpl for group-AD809E9A8B6A:[54deb671-31b1-41db-855f-b4cb6a4dc3be|rpc:172.17.0.2:33455|priority:1] with ContainerStateMachine:uninitialized
2021-04-26 08:57:21,424 [pool-530-thread-1] INFO  server.RaftServerConfigKeys (ConfUtils.java:logGet(44)) - raft.server.rpc.timeout.min = 5s (custom)
2021-04-26 08:57:21,424 [pool-530-thread-1] INFO  server.RaftServerConfigKeys (ConfUtils.java:logGet(44)) - raft.server.rpc.timeout.max = 5200ms (custom)
2021-04-26 08:57:21,424 [pool-530-thread-1] INFO  server.RaftServerConfigKeys (ConfUtils.java:logGet(44)) - raft.server.rpc.sleep.time = 25ms (default)
2021-04-26 08:57:21,424 [pool-530-thread-1] INFO  server.RaftServerConfigKeys (ConfUtils.java:logGet(44)) - raft.server.rpc.slowness.timeout = 300000ms (custom)
2021-04-26 08:57:21,424 [pool-530-thread-1] INFO  server.RaftServerConfigKeys (ConfUtils.java:logGet(44)) - raft.server.leaderelection.leader.step-down.wait-time = 10s (default)
2021-04-26 08:57:21,424 [pool-530-thread-1] INFO  server.RaftServerConfigKeys (ConfUtils.java:logGet(44)) - raft.server.sleep.deviation.threshold = 300ms (default)
2021-04-26 08:57:21,424 [pool-530-thread-1] INFO  server.RaftServerConfigKeys (ConfUtils.java:logGet(44)) - raft.server.log.appender.install.snapshot.enabled = false (custom)
2021-04-26 08:57:21,424 [pool-530-thread-1] INFO  server.RaftServer$Division (ServerState.java:<init>(105)) - 54deb671-31b1-41db-855f-b4cb6a4dc3be@group-AD809E9A8B6A: ConfigurationManager, init=-1: [54deb671-31b1-41db-855f-b4cb6a4dc3be|rpc:172.17.0.2:33455|priority:1], old=null, confs=<EMPTY_MAP>
2021-04-26 08:57:21,425 [pool-530-thread-1] INFO  server.RaftServerConfigKeys (ConfUtils.java:logGet(44)) - raft.server.storage.dir = [/github/workspace/mnt/ozone/hadoop-ozone/integration-test/target/test-dir/MiniOzoneClusterImpl-80072cdf-ce72-42fa-91c0-6b866cc407f5/datanode-6/data/ratis] (custom)
2021-04-26 08:57:21,425 [pool-530-thread-1] INFO  server.RaftServerConfigKeys (ConfUtils.java:logGet(44)) - raft.server.log.corruption.policy = EXCEPTION (default)
2021-04-26 08:57:21,425 [pool-530-thread-1] INFO  storage.RaftStorageDirectory (RaftStorageDirectoryImpl.java:analyzeStorage(132)) - The storage directory /github/workspace/mnt/ozone/hadoop-ozone/integration-test/target/test-dir/MiniOzoneClusterImpl-80072cdf-ce72-42fa-91c0-6b866cc407f5/datanode-6/data/ratis/bfbecdd8-21d6-4bcf-89b5-ad809e9a8b6a does not exist. Creating ...
2021-04-26 08:57:21,426 [pool-530-thread-1] INFO  storage.RaftStorageDirectory (RaftStorageDirectoryImpl.java:tryLock(215)) - Lock on /github/workspace/mnt/ozone/hadoop-ozone/integration-test/target/test-dir/MiniOzoneClusterImpl-80072cdf-ce72-42fa-91c0-6b866cc407f5/datanode-6/data/ratis/bfbecdd8-21d6-4bcf-89b5-ad809e9a8b6a/in_use.lock acquired by nodename 21061@ffee826fe4eb
2021-04-26 08:57:21,428 [pool-530-thread-1] INFO  storage.RaftStorage (RaftStorageImpl.java:format(87)) - Storage directory /github/workspace/mnt/ozone/hadoop-ozone/integration-test/target/test-dir/MiniOzoneClusterImpl-80072cdf-ce72-42fa-91c0-6b866cc407f5/datanode-6/data/ratis/bfbecdd8-21d6-4bcf-89b5-ad809e9a8b6a has been successfully formatted.
2021-04-26 08:57:21,430 [pool-530-thread-1] INFO  ratis.ContainerStateMachine (ContainerStateMachine.java:loadSnapshot(224)) - group-AD809E9A8B6A: The snapshot info is null. Setting the last applied indexto:(t:0, i:~)
2021-04-26 08:57:21,430 [pool-530-thread-1] INFO  server.RaftServerConfigKeys (ConfUtils.java:logGet(44)) - raft.server.notification.no-leader.timeout = 300000ms (custom)
2021-04-26 08:57:21,430 [pool-530-thread-1] INFO  server.RaftServerConfigKeys (ConfUtils.java:logGet(44)) - raft.server.log.use.memory = false (default)
2021-04-26 08:57:21,431 [EventQueue-PipelineReportForOneReplicaPipelineSafeModeRule] INFO  safemode.SCMSafeModeManager (SCMSafeModeManager.java:validateSafeModeExitRules(201)) - AtleastOneDatanodeReportedRule rule is successfully validated
2021-04-26 08:57:21,431 [pool-530-thread-1] INFO  server.RaftServerConfigKeys (ConfUtils.java:logGet(44)) - raft.server.log.purge.gap = 1000000 (custom)
2021-04-26 08:57:21,431 [pool-530-thread-1] INFO  server.RaftServerConfigKeys (ConfUtils.java:logGet(44)) - raft.server.log.appender.buffer.byte-limit = 33554432 (custom)
2021-04-26 08:57:21,431 [pool-530-thread-1] INFO  metrics.RatisMetrics (RatisMetrics.java:lambda$create$0(36)) - Creating Metrics Registry : ratis.log_worker.54deb671-31b1-41db-855f-b4cb6a4dc3be@group-AD809E9A8B6A
2021-04-26 08:57:21,431 [EventQueue-PipelineReportForPipelineReportHandler] INFO  pipeline.PipelineManagerV2Impl (PipelineManagerV2Impl.java:openPipeline(270)) - Pipeline Pipeline[ Id: bfbecdd8-21d6-4bcf-89b5-ad809e9a8b6a, Nodes: 54deb671-31b1-41db-855f-b4cb6a4dc3be{ip: 172.17.0.2, host: ffee826fe4eb, ports: [REPLICATION=44211, RATIS=33455, RATIS_ADMIN=33455, RATIS_SERVER=33455, STANDALONE=42669], networkLocation: /default-rack, certSerialId: null, persistedOpState: IN_SERVICE, persistedOpStateExpiryEpochSec: 0}, ReplicationConfig: RATIS/ONE, State:ALLOCATED, leaderId:54deb671-31b1-41db-855f-b4cb6a4dc3be, CreationTimestamp2021-04-26T08:57:18.424Z] moved to OPEN state
2021-04-26 08:57:21,431 [pool-530-thread-1] INFO  server.RaftServerConfigKeys (ConfUtils.java:logGet(44)) - raft.server.log.segment.size.max = 1048576 (custom)
2021-04-26 08:57:21,432 [EventQueue-OpenPipelineForHealthyPipelineSafeModeRule] INFO  safemode.SCMSafeModeManager (HealthyPipelineSafeModeRule.java:process(130)) - SCM in safe mode. Healthy pipelines reported count is 0, required healthy pipeline reported count is 1
2021-04-26 08:57:21,432 [pool-530-thread-1] INFO  server.RaftServerConfigKeys (ConfUtils.java:logGet(44)) - raft.server.log.segment.cache.num.max = 2 (custom)
2021-04-26 08:57:21,432 [pool-530-thread-1] INFO  server.RaftServerConfigKeys (ConfUtils.java:logGet(44)) - raft.server.log.segment.cache.size.max = 200MB (=209715200) (default)
2021-04-26 08:57:21,432 [pool-530-thread-1] INFO  segmented.SegmentedRaftLogWorker (SegmentedRaftLogWorker.java:<init>(182)) - new 54deb671-31b1-41db-855f-b4cb6a4dc3be@group-AD809E9A8B6A-SegmentedRaftLogWorker for RaftStorageImpl:Storage Directory /github/workspace/mnt/ozone/hadoop-ozone/integration-test/target/test-dir/MiniOzoneClusterImpl-80072cdf-ce72-42fa-91c0-6b866cc407f5/datanode-6/data/ratis/bfbecdd8-21d6-4bcf-89b5-ad809e9a8b6a
2021-04-26 08:57:21,432 [pool-530-thread-1] INFO  server.RaftServerConfigKeys (ConfUtils.java:logGet(44)) - raft.server.log.queue.byte-limit = 2147483647 (custom)
2021-04-26 08:57:21,432 [pool-530-thread-1] INFO  server.RaftServerConfigKeys (ConfUtils.java:logGet(44)) - raft.server.log.queue.element-limit = 1024 (custom)
2021-04-26 08:57:21,432 [pool-530-thread-1] INFO  server.RaftServerConfigKeys (ConfUtils.java:logGet(44)) - raft.server.log.segment.size.max = 1048576 (custom)
2021-04-26 08:57:21,433 [pool-530-thread-1] INFO  server.RaftServerConfigKeys (ConfUtils.java:logGet(44)) - raft.server.log.preallocated.size = 16384 (custom)
2021-04-26 08:57:21,433 [pool-530-thread-1] INFO  server.RaftServerConfigKeys (ConfUtils.java:logGet(44)) - raft.server.log.force.sync.num = 128 (default)
2021-04-26 08:57:21,433 [pool-530-thread-1] INFO  server.RaftServerConfigKeys (ConfUtils.java:logGet(44)) - raft.server.log.statemachine.data.sync = true (default)
2021-04-26 08:57:21,433 [pool-530-thread-1] INFO  server.RaftServerConfigKeys (ConfUtils.java:logGet(44)) - raft.server.log.statemachine.data.sync.timeout = 10s (default)
2021-04-26 08:57:21,433 [pool-530-thread-1] INFO  server.RaftServerConfigKeys (ConfUtils.java:logGet(44)) - raft.server.log.statemachine.data.sync.timeout.retry = -1 (default)
2021-04-26 08:57:21,434 [pool-530-thread-1] INFO  server.RaftServerConfigKeys (ConfUtils.java:logGet(44)) - raft.server.log.write.buffer.size = 1048576 (custom)
2021-04-26 08:57:21,435 [pool-530-thread-1] INFO  server.RaftServerConfigKeys (ConfUtils.java:logGet(44)) - raft.server.log.statemachine.data.caching.enabled = true (custom)
2021-04-26 08:57:21,435 [pool-530-thread-1] INFO  segmented.SegmentedRaftLogWorker (SegmentedRaftLogWorker.java:lambda$new$0(133)) - 54deb671-31b1-41db-855f-b4cb6a4dc3be@group-AD809E9A8B6A-SegmentedRaftLogWorker: flushIndex: setUnconditionally 0 -> -1
2021-04-26 08:57:21,436 [pool-530-thread-1] INFO  segmented.SegmentedRaftLogWorker (SegmentedRaftLogWorker.java:lambda$new$0(133)) - 54deb671-31b1-41db-855f-b4cb6a4dc3be@group-AD809E9A8B6A-SegmentedRaftLogWorker: safeCacheEvictIndex: setUnconditionally 0 -> -1
2021-04-26 08:57:21,436 [pool-530-thread-1] INFO  server.RaftServerConfigKeys (ConfUtils.java:logGet(44)) - raft.server.snapshot.auto.trigger.enabled = true (custom)
2021-04-26 08:57:21,436 [pool-530-thread-1] INFO  server.RaftServerConfigKeys (ConfUtils.java:logGet(44)) - raft.server.snapshot.auto.trigger.threshold = 10000 (custom)
2021-04-26 08:57:21,436 [pool-530-thread-1] INFO  server.RaftServerConfigKeys (ConfUtils.java:logGet(44)) - raft.server.snapshot.retention.file.num = 5 (custom)
2021-04-26 08:57:21,436 [pool-530-thread-1] INFO  server.RaftServerConfigKeys (ConfUtils.java:logGet(44)) - raft.server.log.purge.upto.snapshot.index = false (default)
2021-04-26 08:57:21,436 [pool-530-thread-1] INFO  server.RaftServerConfigKeys (ConfUtils.java:logGet(44)) - raft.server.retrycache.expirytime = 600000ms (custom)
2021-04-26 08:57:21,436 [pool-530-thread-1] INFO  server.RaftServerConfigKeys (ConfUtils.java:logGet(44)) - raft.server.retrycache.statistics.expirytime = 100?s (default)
2021-04-26 08:57:21,436 [pool-530-thread-1] INFO  metrics.RatisMetrics (RatisMetrics.java:lambda$create$0(36)) - Creating Metrics Registry : ratis.leader_election.54deb671-31b1-41db-855f-b4cb6a4dc3be@group-AD809E9A8B6A
2021-04-26 08:57:21,437 [pool-530-thread-1] INFO  metrics.RatisMetrics (RatisMetrics.java:lambda$create$0(36)) - Creating Metrics Registry : ratis.server.54deb671-31b1-41db-855f-b4cb6a4dc3be@group-AD809E9A8B6A
2021-04-26 08:57:21,438 [pool-530-thread-1] INFO  server.RaftServer$Division (RaftServerImpl.java:start(295)) - 54deb671-31b1-41db-855f-b4cb6a4dc3be@group-AD809E9A8B6A: start as a follower, conf=-1: [54deb671-31b1-41db-855f-b4cb6a4dc3be|rpc:172.17.0.2:33455|priority:1], old=null
2021-04-26 08:57:21,439 [pool-530-thread-1] INFO  server.RaftServer$Division (RaftServerImpl.java:setRole(284)) - 54deb671-31b1-41db-855f-b4cb6a4dc3be@group-AD809E9A8B6A: changes role from      null to FOLLOWER at term 0 for startAsFollower
2021-04-26 08:57:21,439 [pool-530-thread-1] INFO  impl.RoleInfo (RoleInfo.java:updateAndGet(130)) - 54deb671-31b1-41db-855f-b4cb6a4dc3be: start 54deb671-31b1-41db-855f-b4cb6a4dc3be@group-AD809E9A8B6A-FollowerState
2021-04-26 08:57:21,439 [pool-530-thread-1] INFO  util.JmxRegister (JmxRegister.java:tryRegister(44)) - Successfully registered JMX Bean with object name Ratis:service=RaftServer,group=group-AD809E9A8B6A,id=54deb671-31b1-41db-855f-b4cb6a4dc3be
2021-04-26 08:57:21,439 [pool-530-thread-1] INFO  metrics.RatisMetrics (RatisMetrics.java:lambda$create$0(36)) - Creating Metrics Registry : ratis.state_machine.54deb671-31b1-41db-855f-b4cb6a4dc3be@group-AD809E9A8B6A
2021-04-26 08:57:21,440 [Command processor thread] INFO  ratis.XceiverServerRatis (XceiverServerRatis.java:addGroup(808)) - Created group PipelineID=bfbecdd8-21d6-4bcf-89b5-ad809e9a8b6a
2021-04-26 08:57:21,440 [Command processor thread] INFO  commandhandler.CreatePipelineCommandHandler (CreatePipelineCommandHandler.java:handle(106)) - Created Pipeline RATIS ONE PipelineID=bfbecdd8-21d6-4bcf-89b5-ad809e9a8b6a.
2021-04-26 08:57:21,440 [Command processor thread] INFO  server.RaftServer (RaftServerProxy.java:addNew(95)) - 54deb671-31b1-41db-855f-b4cb6a4dc3be: addNew group-E9E2C6A009D3:[bdd1f724-d5b6-4784-ba93-1388b38fcec3|rpc:172.17.0.2:39283|priority:1, 54deb671-31b1-41db-855f-b4cb6a4dc3be|rpc:172.17.0.2:33455|priority:0, 4b08603e-a2c1-4ef0-b5a8-ac91ab9d3d00|rpc:172.17.0.2:35733|priority:0] returns group-E9E2C6A009D3:java.util.concurrent.CompletableFuture@7ee52158[Not completed]
2021-04-26 08:57:21,441 [pool-530-thread-1] INFO  server.RaftServer$Division (RaftServerImpl.java:<init>(180)) - 54deb671-31b1-41db-855f-b4cb6a4dc3be: new RaftServerImpl for group-E9E2C6A009D3:[bdd1f724-d5b6-4784-ba93-1388b38fcec3|rpc:172.17.0.2:39283|priority:1, 54deb671-31b1-41db-855f-b4cb6a4dc3be|rpc:172.17.0.2:33455|priority:0, 4b08603e-a2c1-4ef0-b5a8-ac91ab9d3d00|rpc:172.17.0.2:35733|priority:0] with ContainerStateMachine:uninitialized
2021-04-26 08:57:21,441 [pool-530-thread-1] INFO  server.RaftServerConfigKeys (ConfUtils.java:logGet(44)) - raft.server.rpc.timeout.min = 5s (custom)
2021-04-26 08:57:21,441 [pool-530-thread-1] INFO  server.RaftServerConfigKeys (ConfUtils.java:logGet(44)) - raft.server.rpc.timeout.max = 5200ms (custom)
2021-04-26 08:57:21,441 [pool-530-thread-1] INFO  server.RaftServerConfigKeys (ConfUtils.java:logGet(44)) - raft.server.rpc.sleep.time = 25ms (default)
2021-04-26 08:57:21,441 [pool-530-thread-1] INFO  server.RaftServerConfigKeys (ConfUtils.java:logGet(44)) - raft.server.rpc.slowness.timeout = 300000ms (custom)
2021-04-26 08:57:21,441 [pool-530-thread-1] INFO  server.RaftServerConfigKeys (ConfUtils.java:logGet(44)) - raft.server.leaderelection.leader.step-down.wait-time = 10s (default)
2021-04-26 08:57:21,441 [pool-530-thread-1] INFO  server.RaftServerConfigKeys (ConfUtils.java:logGet(44)) - raft.server.sleep.deviation.threshold = 300ms (default)
2021-04-26 08:57:21,442 [pool-530-thread-1] INFO  server.RaftServerConfigKeys (ConfUtils.java:logGet(44)) - raft.server.log.appender.install.snapshot.enabled = false (custom)
2021-04-26 08:57:21,442 [pool-530-thread-1] INFO  server.RaftServer$Division (ServerState.java:<init>(105)) - 54deb671-31b1-41db-855f-b4cb6a4dc3be@group-E9E2C6A009D3: ConfigurationManager, init=-1: [bdd1f724-d5b6-4784-ba93-1388b38fcec3|rpc:172.17.0.2:39283|priority:1, 54deb671-31b1-41db-855f-b4cb6a4dc3be|rpc:172.17.0.2:33455|priority:0, 4b08603e-a2c1-4ef0-b5a8-ac91ab9d3d00|rpc:172.17.0.2:35733|priority:0], old=null, confs=<EMPTY_MAP>
2021-04-26 08:57:21,442 [pool-530-thread-1] INFO  server.RaftServerConfigKeys (ConfUtils.java:logGet(44)) - raft.server.storage.dir = [/github/workspace/mnt/ozone/hadoop-ozone/integration-test/target/test-dir/MiniOzoneClusterImpl-80072cdf-ce72-42fa-91c0-6b866cc407f5/datanode-6/data/ratis] (custom)
2021-04-26 08:57:21,442 [pool-530-thread-1] INFO  server.RaftServerConfigKeys (ConfUtils.java:logGet(44)) - raft.server.log.corruption.policy = EXCEPTION (default)
2021-04-26 08:57:21,442 [pool-530-thread-1] INFO  storage.RaftStorageDirectory (RaftStorageDirectoryImpl.java:analyzeStorage(132)) - The storage directory /github/workspace/mnt/ozone/hadoop-ozone/integration-test/target/test-dir/MiniOzoneClusterImpl-80072cdf-ce72-42fa-91c0-6b866cc407f5/datanode-6/data/ratis/4b3b9e76-0a26-48c0-b439-e9e2c6a009d3 does not exist. Creating ...
2021-04-26 08:57:21,443 [pool-530-thread-1] INFO  storage.RaftStorageDirectory (RaftStorageDirectoryImpl.java:tryLock(215)) - Lock on /github/workspace/mnt/ozone/hadoop-ozone/integration-test/target/test-dir/MiniOzoneClusterImpl-80072cdf-ce72-42fa-91c0-6b866cc407f5/datanode-6/data/ratis/4b3b9e76-0a26-48c0-b439-e9e2c6a009d3/in_use.lock acquired by nodename 21061@ffee826fe4eb
2021-04-26 08:57:21,445 [pool-530-thread-1] INFO  storage.RaftStorage (RaftStorageImpl.java:format(87)) - Storage directory /github/workspace/mnt/ozone/hadoop-ozone/integration-test/target/test-dir/MiniOzoneClusterImpl-80072cdf-ce72-42fa-91c0-6b866cc407f5/datanode-6/data/ratis/4b3b9e76-0a26-48c0-b439-e9e2c6a009d3 has been successfully formatted.
2021-04-26 08:57:21,445 [pool-530-thread-1] INFO  ratis.ContainerStateMachine (ContainerStateMachine.java:loadSnapshot(224)) - group-E9E2C6A009D3: The snapshot info is null. Setting the last applied indexto:(t:0, i:~)
2021-04-26 08:57:21,445 [pool-530-thread-1] INFO  server.RaftServerConfigKeys (ConfUtils.java:logGet(44)) - raft.server.notification.no-leader.timeout = 300000ms (custom)
2021-04-26 08:57:21,445 [pool-530-thread-1] INFO  server.RaftServerConfigKeys (ConfUtils.java:logGet(44)) - raft.server.log.use.memory = false (default)
2021-04-26 08:57:21,445 [pool-530-thread-1] INFO  server.RaftServerConfigKeys (ConfUtils.java:logGet(44)) - raft.server.log.purge.gap = 1000000 (custom)
2021-04-26 08:57:21,445 [pool-530-thread-1] INFO  server.RaftServerConfigKeys (ConfUtils.java:logGet(44)) - raft.server.log.appender.buffer.byte-limit = 33554432 (custom)
2021-04-26 08:57:21,445 [pool-530-thread-1] INFO  metrics.RatisMetrics (RatisMetrics.java:lambda$create$0(36)) - Creating Metrics Registry : ratis.log_worker.54deb671-31b1-41db-855f-b4cb6a4dc3be@group-E9E2C6A009D3
2021-04-26 08:57:21,445 [EventQueue-PipelineReportForOneReplicaPipelineSafeModeRule] INFO  safemode.SCMSafeModeManager (SCMSafeModeManager.java:validateSafeModeExitRules(201)) - AtleastOneDatanodeReportedRule rule is successfully validated
2021-04-26 08:57:21,446 [EventQueue-OpenPipelineForHealthyPipelineSafeModeRule] INFO  safemode.SCMSafeModeManager (HealthyPipelineSafeModeRule.java:process(130)) - SCM in safe mode. Healthy pipelines reported count is 0, required healthy pipeline reported count is 1
2021-04-26 08:57:21,446 [pool-530-thread-1] INFO  server.RaftServerConfigKeys (ConfUtils.java:logGet(44)) - raft.server.log.segment.size.max = 1048576 (custom)
2021-04-26 08:57:21,447 [pool-530-thread-1] INFO  server.RaftServerConfigKeys (ConfUtils.java:logGet(44)) - raft.server.log.segment.cache.num.max = 2 (custom)
2021-04-26 08:57:21,447 [pool-530-thread-1] INFO  server.RaftServerConfigKeys (ConfUtils.java:logGet(44)) - raft.server.log.segment.cache.size.max = 200MB (=209715200) (default)
2021-04-26 08:57:21,447 [pool-530-thread-1] INFO  segmented.SegmentedRaftLogWorker (SegmentedRaftLogWorker.java:<init>(182)) - new 54deb671-31b1-41db-855f-b4cb6a4dc3be@group-E9E2C6A009D3-SegmentedRaftLogWorker for RaftStorageImpl:Storage Directory /github/workspace/mnt/ozone/hadoop-ozone/integration-test/target/test-dir/MiniOzoneClusterImpl-80072cdf-ce72-42fa-91c0-6b866cc407f5/datanode-6/data/ratis/4b3b9e76-0a26-48c0-b439-e9e2c6a009d3
2021-04-26 08:57:21,447 [pool-530-thread-1] INFO  server.RaftServerConfigKeys (ConfUtils.java:logGet(44)) - raft.server.log.queue.byte-limit = 2147483647 (custom)
2021-04-26 08:57:21,447 [pool-530-thread-1] INFO  server.RaftServerConfigKeys (ConfUtils.java:logGet(44)) - raft.server.log.queue.element-limit = 1024 (custom)
2021-04-26 08:57:21,447 [pool-530-thread-1] INFO  server.RaftServerConfigKeys (ConfUtils.java:logGet(44)) - raft.server.log.segment.size.max = 1048576 (custom)
2021-04-26 08:57:21,447 [pool-530-thread-1] INFO  server.RaftServerConfigKeys (ConfUtils.java:logGet(44)) - raft.server.log.preallocated.size = 16384 (custom)
2021-04-26 08:57:21,447 [pool-530-thread-1] INFO  server.RaftServerConfigKeys (ConfUtils.java:logGet(44)) - raft.server.log.force.sync.num = 128 (default)
2021-04-26 08:57:21,447 [pool-530-thread-1] INFO  server.RaftServerConfigKeys (ConfUtils.java:logGet(44)) - raft.server.log.statemachine.data.sync = true (default)
2021-04-26 08:57:21,448 [pool-530-thread-1] INFO  server.RaftServerConfigKeys (ConfUtils.java:logGet(44)) - raft.server.log.statemachine.data.sync.timeout = 10s (default)
2021-04-26 08:57:21,448 [pool-530-thread-1] INFO  server.RaftServerConfigKeys (ConfUtils.java:logGet(44)) - raft.server.log.statemachine.data.sync.timeout.retry = -1 (default)
2021-04-26 08:57:21,449 [pool-530-thread-1] INFO  server.RaftServerConfigKeys (ConfUtils.java:logGet(44)) - raft.server.log.write.buffer.size = 1048576 (custom)
2021-04-26 08:57:21,450 [pool-530-thread-1] INFO  server.RaftServerConfigKeys (ConfUtils.java:logGet(44)) - raft.server.log.statemachine.data.caching.enabled = true (custom)
2021-04-26 08:57:21,450 [pool-530-thread-1] INFO  segmented.SegmentedRaftLogWorker (SegmentedRaftLogWorker.java:lambda$new$0(133)) - 54deb671-31b1-41db-855f-b4cb6a4dc3be@group-E9E2C6A009D3-SegmentedRaftLogWorker: flushIndex: setUnconditionally 0 -> -1
2021-04-26 08:57:21,451 [pool-530-thread-1] INFO  segmented.SegmentedRaftLogWorker (SegmentedRaftLogWorker.java:lambda$new$0(133)) - 54deb671-31b1-41db-855f-b4cb6a4dc3be@group-E9E2C6A009D3-SegmentedRaftLogWorker: safeCacheEvictIndex: setUnconditionally 0 -> -1
2021-04-26 08:57:21,451 [pool-530-thread-1] INFO  server.RaftServerConfigKeys (ConfUtils.java:logGet(44)) - raft.server.snapshot.auto.trigger.enabled = true (custom)
2021-04-26 08:57:21,451 [pool-530-thread-1] INFO  server.RaftServerConfigKeys (ConfUtils.java:logGet(44)) - raft.server.snapshot.auto.trigger.threshold = 10000 (custom)
2021-04-26 08:57:21,451 [pool-530-thread-1] INFO  server.RaftServerConfigKeys (ConfUtils.java:logGet(44)) - raft.server.snapshot.retention.file.num = 5 (custom)
2021-04-26 08:57:21,451 [pool-530-thread-1] INFO  server.RaftServerConfigKeys (ConfUtils.java:logGet(44)) - raft.server.log.purge.upto.snapshot.index = false (default)
2021-04-26 08:57:21,451 [pool-530-thread-1] INFO  server.RaftServerConfigKeys (ConfUtils.java:logGet(44)) - raft.server.retrycache.expirytime = 600000ms (custom)
2021-04-26 08:57:21,451 [pool-530-thread-1] INFO  server.RaftServerConfigKeys (ConfUtils.java:logGet(44)) - raft.server.retrycache.statistics.expirytime = 100?s (default)
2021-04-26 08:57:21,451 [pool-530-thread-1] INFO  metrics.RatisMetrics (RatisMetrics.java:lambda$create$0(36)) - Creating Metrics Registry : ratis.leader_election.54deb671-31b1-41db-855f-b4cb6a4dc3be@group-E9E2C6A009D3
2021-04-26 08:57:21,452 [pool-530-thread-1] INFO  metrics.RatisMetrics (RatisMetrics.java:lambda$create$0(36)) - Creating Metrics Registry : ratis.server.54deb671-31b1-41db-855f-b4cb6a4dc3be@group-E9E2C6A009D3
2021-04-26 08:57:21,453 [pool-530-thread-1] INFO  server.RaftServer$Division (RaftServerImpl.java:start(295)) - 54deb671-31b1-41db-855f-b4cb6a4dc3be@group-E9E2C6A009D3: start as a follower, conf=-1: [bdd1f724-d5b6-4784-ba93-1388b38fcec3|rpc:172.17.0.2:39283|priority:1, 54deb671-31b1-41db-855f-b4cb6a4dc3be|rpc:172.17.0.2:33455|priority:0, 4b08603e-a2c1-4ef0-b5a8-ac91ab9d3d00|rpc:172.17.0.2:35733|priority:0], old=null
2021-04-26 08:57:21,453 [pool-530-thread-1] INFO  server.RaftServer$Division (RaftServerImpl.java:setRole(284)) - 54deb671-31b1-41db-855f-b4cb6a4dc3be@group-E9E2C6A009D3: changes role from      null to FOLLOWER at term 0 for startAsFollower
2021-04-26 08:57:21,453 [pool-530-thread-1] INFO  impl.RoleInfo (RoleInfo.java:updateAndGet(130)) - 54deb671-31b1-41db-855f-b4cb6a4dc3be: start 54deb671-31b1-41db-855f-b4cb6a4dc3be@group-E9E2C6A009D3-FollowerState
2021-04-26 08:57:21,454 [pool-530-thread-1] INFO  util.JmxRegister (JmxRegister.java:tryRegister(44)) - Successfully registered JMX Bean with object name Ratis:service=RaftServer,group=group-E9E2C6A009D3,id=54deb671-31b1-41db-855f-b4cb6a4dc3be
2021-04-26 08:57:21,454 [pool-530-thread-1] INFO  metrics.RatisMetrics (RatisMetrics.java:lambda$create$0(36)) - Creating Metrics Registry : ratis.state_machine.54deb671-31b1-41db-855f-b4cb6a4dc3be@group-E9E2C6A009D3
2021-04-26 08:57:21,455 [Command processor thread] INFO  ratis.XceiverServerRatis (XceiverServerRatis.java:addGroup(808)) - Created group PipelineID=4b3b9e76-0a26-48c0-b439-e9e2c6a009d3
2021-04-26 08:57:21,455 [Command processor thread] INFO  metrics.RatisMetrics (RatisMetrics.java:lambda$create$0(36)) - Creating Metrics Registry : ratis.client_message_metrics.client-AC4F33A28BF8->bdd1f724-d5b6-4784-ba93-1388b38fcec3
2021-04-26 08:57:21,462 [grpc-default-executor-2] INFO  metrics.RatisMetrics (RatisMetrics.java:lambda$create$0(36)) - Creating Metrics Registry : ratis.server_message_metrics.bdd1f724-d5b6-4784-ba93-1388b38fcec3
2021-04-26 08:57:21,464 [grpc-default-executor-2] INFO  server.RaftServer (RaftServerProxy.java:addNew(95)) - bdd1f724-d5b6-4784-ba93-1388b38fcec3: addNew group-E9E2C6A009D3:[bdd1f724-d5b6-4784-ba93-1388b38fcec3|rpc:172.17.0.2:39283|dataStream:|priority:1, 54deb671-31b1-41db-855f-b4cb6a4dc3be|rpc:172.17.0.2:33455|dataStream:|priority:0, 4b08603e-a2c1-4ef0-b5a8-ac91ab9d3d00|rpc:172.17.0.2:35733|dataStream:|priority:0] returns group-E9E2C6A009D3:java.util.concurrent.CompletableFuture@4c65edc2[Not completed]
2021-04-26 08:57:21,464 [pool-546-thread-1] INFO  server.RaftServer$Division (RaftServerImpl.java:<init>(180)) - bdd1f724-d5b6-4784-ba93-1388b38fcec3: new RaftServerImpl for group-E9E2C6A009D3:[bdd1f724-d5b6-4784-ba93-1388b38fcec3|rpc:172.17.0.2:39283|dataStream:|priority:1, 54deb671-31b1-41db-855f-b4cb6a4dc3be|rpc:172.17.0.2:33455|dataStream:|priority:0, 4b08603e-a2c1-4ef0-b5a8-ac91ab9d3d00|rpc:172.17.0.2:35733|dataStream:|priority:0] with ContainerStateMachine:uninitialized
2021-04-26 08:57:21,465 [pool-546-thread-1] INFO  server.RaftServerConfigKeys (ConfUtils.java:logGet(44)) - raft.server.rpc.timeout.min = 5s (custom)
2021-04-26 08:57:21,465 [pool-546-thread-1] INFO  server.RaftServerConfigKeys (ConfUtils.java:logGet(44)) - raft.server.rpc.timeout.max = 5200ms (custom)
2021-04-26 08:57:21,465 [pool-546-thread-1] INFO  server.RaftServerConfigKeys (ConfUtils.java:logGet(44)) - raft.server.rpc.sleep.time = 25ms (default)
2021-04-26 08:57:21,465 [pool-546-thread-1] INFO  server.RaftServerConfigKeys (ConfUtils.java:logGet(44)) - raft.server.rpc.slowness.timeout = 300000ms (custom)
2021-04-26 08:57:21,465 [pool-546-thread-1] INFO  server.RaftServerConfigKeys (ConfUtils.java:logGet(44)) - raft.server.leaderelection.leader.step-down.wait-time = 10s (default)
2021-04-26 08:57:21,465 [pool-546-thread-1] INFO  server.RaftServerConfigKeys (ConfUtils.java:logGet(44)) - raft.server.sleep.deviation.threshold = 300ms (default)
2021-04-26 08:57:21,465 [pool-546-thread-1] INFO  server.RaftServerConfigKeys (ConfUtils.java:logGet(44)) - raft.server.log.appender.install.snapshot.enabled = false (custom)
2021-04-26 08:57:21,465 [pool-546-thread-1] INFO  server.RaftServer$Division (ServerState.java:<init>(105)) - bdd1f724-d5b6-4784-ba93-1388b38fcec3@group-E9E2C6A009D3: ConfigurationManager, init=-1: [bdd1f724-d5b6-4784-ba93-1388b38fcec3|rpc:172.17.0.2:39283|dataStream:|priority:1, 54deb671-31b1-41db-855f-b4cb6a4dc3be|rpc:172.17.0.2:33455|dataStream:|priority:0, 4b08603e-a2c1-4ef0-b5a8-ac91ab9d3d00|rpc:172.17.0.2:35733|dataStream:|priority:0], old=null, confs=<EMPTY_MAP>
2021-04-26 08:57:21,465 [pool-546-thread-1] INFO  server.RaftServerConfigKeys (ConfUtils.java:logGet(44)) - raft.server.storage.dir = [/github/workspace/mnt/ozone/hadoop-ozone/integration-test/target/test-dir/MiniOzoneClusterImpl-80072cdf-ce72-42fa-91c0-6b866cc407f5/datanode-7/data/ratis] (custom)
2021-04-26 08:57:21,465 [pool-546-thread-1] INFO  server.RaftServerConfigKeys (ConfUtils.java:logGet(44)) - raft.server.log.corruption.policy = EXCEPTION (default)
2021-04-26 08:57:21,466 [pool-546-thread-1] INFO  storage.RaftStorageDirectory (RaftStorageDirectoryImpl.java:analyzeStorage(132)) - The storage directory /github/workspace/mnt/ozone/hadoop-ozone/integration-test/target/test-dir/MiniOzoneClusterImpl-80072cdf-ce72-42fa-91c0-6b866cc407f5/datanode-7/data/ratis/4b3b9e76-0a26-48c0-b439-e9e2c6a009d3 does not exist. Creating ...
2021-04-26 08:57:21,467 [pool-546-thread-1] INFO  storage.RaftStorageDirectory (RaftStorageDirectoryImpl.java:tryLock(215)) - Lock on /github/workspace/mnt/ozone/hadoop-ozone/integration-test/target/test-dir/MiniOzoneClusterImpl-80072cdf-ce72-42fa-91c0-6b866cc407f5/datanode-7/data/ratis/4b3b9e76-0a26-48c0-b439-e9e2c6a009d3/in_use.lock acquired by nodename 21061@ffee826fe4eb
2021-04-26 08:57:21,468 [pool-546-thread-1] INFO  storage.RaftStorage (RaftStorageImpl.java:format(87)) - Storage directory /github/workspace/mnt/ozone/hadoop-ozone/integration-test/target/test-dir/MiniOzoneClusterImpl-80072cdf-ce72-42fa-91c0-6b866cc407f5/datanode-7/data/ratis/4b3b9e76-0a26-48c0-b439-e9e2c6a009d3 has been successfully formatted.
2021-04-26 08:57:21,469 [pool-546-thread-1] INFO  ratis.ContainerStateMachine (ContainerStateMachine.java:loadSnapshot(224)) - group-E9E2C6A009D3: The snapshot info is null. Setting the last applied indexto:(t:0, i:~)
2021-04-26 08:57:21,470 [pool-546-thread-1] INFO  server.RaftServerConfigKeys (ConfUtils.java:logGet(44)) - raft.server.notification.no-leader.timeout = 300000ms (custom)
2021-04-26 08:57:21,470 [pool-546-thread-1] INFO  server.RaftServerConfigKeys (ConfUtils.java:logGet(44)) - raft.server.log.use.memory = false (default)
2021-04-26 08:57:21,470 [pool-546-thread-1] INFO  server.RaftServerConfigKeys (ConfUtils.java:logGet(44)) - raft.server.log.purge.gap = 1000000 (custom)
2021-04-26 08:57:21,470 [pool-546-thread-1] INFO  server.RaftServerConfigKeys (ConfUtils.java:logGet(44)) - raft.server.log.appender.buffer.byte-limit = 33554432 (custom)
2021-04-26 08:57:21,470 [pool-546-thread-1] INFO  metrics.RatisMetrics (RatisMetrics.java:lambda$create$0(36)) - Creating Metrics Registry : ratis.log_worker.bdd1f724-d5b6-4784-ba93-1388b38fcec3@group-E9E2C6A009D3
2021-04-26 08:57:21,471 [pool-546-thread-1] INFO  server.RaftServerConfigKeys (ConfUtils.java:logGet(44)) - raft.server.log.segment.size.max = 1048576 (custom)
2021-04-26 08:57:21,471 [EventQueue-PipelineReportForOneReplicaPipelineSafeModeRule] INFO  safemode.SCMSafeModeManager (SCMSafeModeManager.java:validateSafeModeExitRules(201)) - AtleastOneDatanodeReportedRule rule is successfully validated
2021-04-26 08:57:21,472 [pool-546-thread-1] INFO  server.RaftServerConfigKeys (ConfUtils.java:logGet(44)) - raft.server.log.segment.cache.num.max = 2 (custom)
2021-04-26 08:57:21,472 [pool-546-thread-1] INFO  server.RaftServerConfigKeys (ConfUtils.java:logGet(44)) - raft.server.log.segment.cache.size.max = 200MB (=209715200) (default)
2021-04-26 08:57:21,472 [pool-546-thread-1] INFO  segmented.SegmentedRaftLogWorker (SegmentedRaftLogWorker.java:<init>(182)) - new bdd1f724-d5b6-4784-ba93-1388b38fcec3@group-E9E2C6A009D3-SegmentedRaftLogWorker for RaftStorageImpl:Storage Directory /github/workspace/mnt/ozone/hadoop-ozone/integration-test/target/test-dir/MiniOzoneClusterImpl-80072cdf-ce72-42fa-91c0-6b866cc407f5/datanode-7/data/ratis/4b3b9e76-0a26-48c0-b439-e9e2c6a009d3
2021-04-26 08:57:21,472 [pool-546-thread-1] INFO  server.RaftServerConfigKeys (ConfUtils.java:logGet(44)) - raft.server.log.queue.byte-limit = 2147483647 (custom)
2021-04-26 08:57:21,473 [pool-546-thread-1] INFO  server.RaftServerConfigKeys (ConfUtils.java:logGet(44)) - raft.server.log.queue.element-limit = 1024 (custom)
2021-04-26 08:57:21,473 [pool-546-thread-1] INFO  server.RaftServerConfigKeys (ConfUtils.java:logGet(44)) - raft.server.log.segment.size.max = 1048576 (custom)
2021-04-26 08:57:21,473 [pool-546-thread-1] INFO  server.RaftServerConfigKeys (ConfUtils.java:logGet(44)) - raft.server.log.preallocated.size = 16384 (custom)
2021-04-26 08:57:21,473 [pool-546-thread-1] INFO  server.RaftServerConfigKeys (ConfUtils.java:logGet(44)) - raft.server.log.force.sync.num = 128 (default)
2021-04-26 08:57:21,473 [pool-546-thread-1] INFO  server.RaftServerConfigKeys (ConfUtils.java:logGet(44)) - raft.server.log.statemachine.data.sync = true (default)
2021-04-26 08:57:21,473 [pool-546-thread-1] INFO  server.RaftServerConfigKeys (ConfUtils.java:logGet(44)) - raft.server.log.statemachine.data.sync.timeout = 10s (default)
2021-04-26 08:57:21,473 [pool-546-thread-1] INFO  server.RaftServerConfigKeys (ConfUtils.java:logGet(44)) - raft.server.log.statemachine.data.sync.timeout.retry = -1 (default)
2021-04-26 08:57:21,474 [pool-546-thread-1] INFO  server.RaftServerConfigKeys (ConfUtils.java:logGet(44)) - raft.server.log.write.buffer.size = 1048576 (custom)
2021-04-26 08:57:21,475 [pool-546-thread-1] INFO  server.RaftServerConfigKeys (ConfUtils.java:logGet(44)) - raft.server.log.statemachine.data.caching.enabled = true (custom)
2021-04-26 08:57:21,476 [pool-546-thread-1] INFO  segmented.SegmentedRaftLogWorker (SegmentedRaftLogWorker.java:lambda$new$0(133)) - bdd1f724-d5b6-4784-ba93-1388b38fcec3@group-E9E2C6A009D3-SegmentedRaftLogWorker: flushIndex: setUnconditionally 0 -> -1
2021-04-26 08:57:21,476 [pool-546-thread-1] INFO  segmented.SegmentedRaftLogWorker (SegmentedRaftLogWorker.java:lambda$new$0(133)) - bdd1f724-d5b6-4784-ba93-1388b38fcec3@group-E9E2C6A009D3-SegmentedRaftLogWorker: safeCacheEvictIndex: setUnconditionally 0 -> -1
2021-04-26 08:57:21,476 [pool-546-thread-1] INFO  server.RaftServerConfigKeys (ConfUtils.java:logGet(44)) - raft.server.snapshot.auto.trigger.enabled = true (custom)
2021-04-26 08:57:21,476 [pool-546-thread-1] INFO  server.RaftServerConfigKeys (ConfUtils.java:logGet(44)) - raft.server.snapshot.auto.trigger.threshold = 10000 (custom)
2021-04-26 08:57:21,476 [pool-546-thread-1] INFO  server.RaftServerConfigKeys (ConfUtils.java:logGet(44)) - raft.server.snapshot.retention.file.num = 5 (custom)
2021-04-26 08:57:21,476 [pool-546-thread-1] INFO  server.RaftServerConfigKeys (ConfUtils.java:logGet(44)) - raft.server.log.purge.upto.snapshot.index = false (default)
2021-04-26 08:57:21,476 [pool-546-thread-1] INFO  server.RaftServerConfigKeys (ConfUtils.java:logGet(44)) - raft.server.retrycache.expirytime = 600000ms (custom)
2021-04-26 08:57:21,476 [pool-546-thread-1] INFO  server.RaftServerConfigKeys (ConfUtils.java:logGet(44)) - raft.server.retrycache.statistics.expirytime = 100?s (default)
2021-04-26 08:57:21,476 [pool-546-thread-1] INFO  metrics.RatisMetrics (RatisMetrics.java:lambda$create$0(36)) - Creating Metrics Registry : ratis.leader_election.bdd1f724-d5b6-4784-ba93-1388b38fcec3@group-E9E2C6A009D3
2021-04-26 08:57:21,477 [pool-546-thread-1] INFO  metrics.RatisMetrics (RatisMetrics.java:lambda$create$0(36)) - Creating Metrics Registry : ratis.server.bdd1f724-d5b6-4784-ba93-1388b38fcec3@group-E9E2C6A009D3
2021-04-26 08:57:21,479 [pool-546-thread-1] INFO  server.RaftServer$Division (RaftServerImpl.java:start(295)) - bdd1f724-d5b6-4784-ba93-1388b38fcec3@group-E9E2C6A009D3: start as a follower, conf=-1: [bdd1f724-d5b6-4784-ba93-1388b38fcec3|rpc:172.17.0.2:39283|dataStream:|priority:1, 54deb671-31b1-41db-855f-b4cb6a4dc3be|rpc:172.17.0.2:33455|dataStream:|priority:0, 4b08603e-a2c1-4ef0-b5a8-ac91ab9d3d00|rpc:172.17.0.2:35733|dataStream:|priority:0], old=null
2021-04-26 08:57:21,479 [pool-546-thread-1] INFO  server.RaftServer$Division (RaftServerImpl.java:setRole(284)) - bdd1f724-d5b6-4784-ba93-1388b38fcec3@group-E9E2C6A009D3: changes role from      null to FOLLOWER at term 0 for startAsFollower
2021-04-26 08:57:21,479 [pool-546-thread-1] INFO  impl.RoleInfo (RoleInfo.java:updateAndGet(130)) - bdd1f724-d5b6-4784-ba93-1388b38fcec3: start bdd1f724-d5b6-4784-ba93-1388b38fcec3@group-E9E2C6A009D3-FollowerState
2021-04-26 08:57:21,479 [pool-546-thread-1] INFO  util.JmxRegister (JmxRegister.java:tryRegister(44)) - Successfully registered JMX Bean with object name Ratis:service=RaftServer,group=group-E9E2C6A009D3,id=bdd1f724-d5b6-4784-ba93-1388b38fcec3
2021-04-26 08:57:21,479 [pool-546-thread-1] INFO  metrics.RatisMetrics (RatisMetrics.java:lambda$create$0(36)) - Creating Metrics Registry : ratis.state_machine.bdd1f724-d5b6-4784-ba93-1388b38fcec3@group-E9E2C6A009D3
2021-04-26 08:57:21,484 [Command processor thread] INFO  metrics.RatisMetrics (RatisMetrics.java:lambda$create$0(36)) - Creating Metrics Registry : ratis.client_message_metrics.client-7C072D67C5F0->4b08603e-a2c1-4ef0-b5a8-ac91ab9d3d00
2021-04-26 08:57:21,491 [grpc-default-executor-2] INFO  metrics.RatisMetrics (RatisMetrics.java:lambda$create$0(36)) - Creating Metrics Registry : ratis.server_message_metrics.4b08603e-a2c1-4ef0-b5a8-ac91ab9d3d00
2021-04-26 08:57:21,493 [grpc-default-executor-2] INFO  server.RaftServer (RaftServerProxy.java:addNew(95)) - 4b08603e-a2c1-4ef0-b5a8-ac91ab9d3d00: addNew group-E9E2C6A009D3:[bdd1f724-d5b6-4784-ba93-1388b38fcec3|rpc:172.17.0.2:39283|dataStream:|priority:1, 54deb671-31b1-41db-855f-b4cb6a4dc3be|rpc:172.17.0.2:33455|dataStream:|priority:0, 4b08603e-a2c1-4ef0-b5a8-ac91ab9d3d00|rpc:172.17.0.2:35733|dataStream:|priority:0] returns group-E9E2C6A009D3:java.util.concurrent.CompletableFuture@2d3ef996[Not completed]
2021-04-26 08:57:21,494 [pool-562-thread-1] INFO  server.RaftServer$Division (RaftServerImpl.java:<init>(180)) - 4b08603e-a2c1-4ef0-b5a8-ac91ab9d3d00: new RaftServerImpl for group-E9E2C6A009D3:[bdd1f724-d5b6-4784-ba93-1388b38fcec3|rpc:172.17.0.2:39283|dataStream:|priority:1, 54deb671-31b1-41db-855f-b4cb6a4dc3be|rpc:172.17.0.2:33455|dataStream:|priority:0, 4b08603e-a2c1-4ef0-b5a8-ac91ab9d3d00|rpc:172.17.0.2:35733|dataStream:|priority:0] with ContainerStateMachine:uninitialized
2021-04-26 08:57:21,494 [pool-562-thread-1] INFO  server.RaftServerConfigKeys (ConfUtils.java:logGet(44)) - raft.server.rpc.timeout.min = 5s (custom)
2021-04-26 08:57:21,494 [pool-562-thread-1] INFO  server.RaftServerConfigKeys (ConfUtils.java:logGet(44)) - raft.server.rpc.timeout.max = 5200ms (custom)
2021-04-26 08:57:21,494 [pool-562-thread-1] INFO  server.RaftServerConfigKeys (ConfUtils.java:logGet(44)) - raft.server.rpc.sleep.time = 25ms (default)
2021-04-26 08:57:21,494 [pool-562-thread-1] INFO  server.RaftServerConfigKeys (ConfUtils.java:logGet(44)) - raft.server.rpc.slowness.timeout = 300000ms (custom)
2021-04-26 08:57:21,494 [pool-562-thread-1] INFO  server.RaftServerConfigKeys (ConfUtils.java:logGet(44)) - raft.server.leaderelection.leader.step-down.wait-time = 10s (default)
2021-04-26 08:57:21,494 [pool-562-thread-1] INFO  server.RaftServerConfigKeys (ConfUtils.java:logGet(44)) - raft.server.sleep.deviation.threshold = 300ms (default)
2021-04-26 08:57:21,494 [pool-562-thread-1] INFO  server.RaftServerConfigKeys (ConfUtils.java:logGet(44)) - raft.server.log.appender.install.snapshot.enabled = false (custom)
2021-04-26 08:57:21,494 [pool-562-thread-1] INFO  server.RaftServer$Division (ServerState.java:<init>(105)) - 4b08603e-a2c1-4ef0-b5a8-ac91ab9d3d00@group-E9E2C6A009D3: ConfigurationManager, init=-1: [bdd1f724-d5b6-4784-ba93-1388b38fcec3|rpc:172.17.0.2:39283|dataStream:|priority:1, 54deb671-31b1-41db-855f-b4cb6a4dc3be|rpc:172.17.0.2:33455|dataStream:|priority:0, 4b08603e-a2c1-4ef0-b5a8-ac91ab9d3d00|rpc:172.17.0.2:35733|dataStream:|priority:0], old=null, confs=<EMPTY_MAP>
2021-04-26 08:57:21,494 [pool-562-thread-1] INFO  server.RaftServerConfigKeys (ConfUtils.java:logGet(44)) - raft.server.storage.dir = [/github/workspace/mnt/ozone/hadoop-ozone/integration-test/target/test-dir/MiniOzoneClusterImpl-80072cdf-ce72-42fa-91c0-6b866cc407f5/datanode-8/data/ratis] (custom)
2021-04-26 08:57:21,495 [pool-562-thread-1] INFO  server.RaftServerConfigKeys (ConfUtils.java:logGet(44)) - raft.server.log.corruption.policy = EXCEPTION (default)
2021-04-26 08:57:21,495 [pool-562-thread-1] INFO  storage.RaftStorageDirectory (RaftStorageDirectoryImpl.java:analyzeStorage(132)) - The storage directory /github/workspace/mnt/ozone/hadoop-ozone/integration-test/target/test-dir/MiniOzoneClusterImpl-80072cdf-ce72-42fa-91c0-6b866cc407f5/datanode-8/data/ratis/4b3b9e76-0a26-48c0-b439-e9e2c6a009d3 does not exist. Creating ...
2021-04-26 08:57:21,496 [pool-562-thread-1] INFO  storage.RaftStorageDirectory (RaftStorageDirectoryImpl.java:tryLock(215)) - Lock on /github/workspace/mnt/ozone/hadoop-ozone/integration-test/target/test-dir/MiniOzoneClusterImpl-80072cdf-ce72-42fa-91c0-6b866cc407f5/datanode-8/data/ratis/4b3b9e76-0a26-48c0-b439-e9e2c6a009d3/in_use.lock acquired by nodename 21061@ffee826fe4eb
2021-04-26 08:57:21,497 [pool-562-thread-1] INFO  storage.RaftStorage (RaftStorageImpl.java:format(87)) - Storage directory /github/workspace/mnt/ozone/hadoop-ozone/integration-test/target/test-dir/MiniOzoneClusterImpl-80072cdf-ce72-42fa-91c0-6b866cc407f5/datanode-8/data/ratis/4b3b9e76-0a26-48c0-b439-e9e2c6a009d3 has been successfully formatted.
2021-04-26 08:57:21,498 [pool-562-thread-1] INFO  ratis.ContainerStateMachine (ContainerStateMachine.java:loadSnapshot(224)) - group-E9E2C6A009D3: The snapshot info is null. Setting the last applied indexto:(t:0, i:~)
2021-04-26 08:57:21,499 [pool-562-thread-1] INFO  server.RaftServerConfigKeys (ConfUtils.java:logGet(44)) - raft.server.notification.no-leader.timeout = 300000ms (custom)
2021-04-26 08:57:21,499 [pool-562-thread-1] INFO  server.RaftServerConfigKeys (ConfUtils.java:logGet(44)) - raft.server.log.use.memory = false (default)
2021-04-26 08:57:21,499 [pool-562-thread-1] INFO  server.RaftServerConfigKeys (ConfUtils.java:logGet(44)) - raft.server.log.purge.gap = 1000000 (custom)
2021-04-26 08:57:21,499 [EventQueue-PipelineReportForOneReplicaPipelineSafeModeRule] INFO  safemode.SCMSafeModeManager (SCMSafeModeManager.java:validateSafeModeExitRules(201)) - AtleastOneDatanodeReportedRule rule is successfully validated
2021-04-26 08:57:21,499 [pool-562-thread-1] INFO  server.RaftServerConfigKeys (ConfUtils.java:logGet(44)) - raft.server.log.appender.buffer.byte-limit = 33554432 (custom)
2021-04-26 08:57:21,499 [pool-562-thread-1] INFO  metrics.RatisMetrics (RatisMetrics.java:lambda$create$0(36)) - Creating Metrics Registry : ratis.log_worker.4b08603e-a2c1-4ef0-b5a8-ac91ab9d3d00@group-E9E2C6A009D3
2021-04-26 08:57:21,499 [pool-562-thread-1] INFO  server.RaftServerConfigKeys (ConfUtils.java:logGet(44)) - raft.server.log.segment.size.max = 1048576 (custom)
2021-04-26 08:57:21,500 [pool-562-thread-1] INFO  server.RaftServerConfigKeys (ConfUtils.java:logGet(44)) - raft.server.log.segment.cache.num.max = 2 (custom)
2021-04-26 08:57:21,500 [pool-562-thread-1] INFO  server.RaftServerConfigKeys (ConfUtils.java:logGet(44)) - raft.server.log.segment.cache.size.max = 200MB (=209715200) (default)
2021-04-26 08:57:21,500 [pool-562-thread-1] INFO  segmented.SegmentedRaftLogWorker (SegmentedRaftLogWorker.java:<init>(182)) - new 4b08603e-a2c1-4ef0-b5a8-ac91ab9d3d00@group-E9E2C6A009D3-SegmentedRaftLogWorker for RaftStorageImpl:Storage Directory /github/workspace/mnt/ozone/hadoop-ozone/integration-test/target/test-dir/MiniOzoneClusterImpl-80072cdf-ce72-42fa-91c0-6b866cc407f5/datanode-8/data/ratis/4b3b9e76-0a26-48c0-b439-e9e2c6a009d3
2021-04-26 08:57:21,500 [pool-562-thread-1] INFO  server.RaftServerConfigKeys (ConfUtils.java:logGet(44)) - raft.server.log.queue.byte-limit = 2147483647 (custom)
2021-04-26 08:57:21,500 [pool-562-thread-1] INFO  server.RaftServerConfigKeys (ConfUtils.java:logGet(44)) - raft.server.log.queue.element-limit = 1024 (custom)
2021-04-26 08:57:21,500 [pool-562-thread-1] INFO  server.RaftServerConfigKeys (ConfUtils.java:logGet(44)) - raft.server.log.segment.size.max = 1048576 (custom)
2021-04-26 08:57:21,500 [pool-562-thread-1] INFO  server.RaftServerConfigKeys (ConfUtils.java:logGet(44)) - raft.server.log.preallocated.size = 16384 (custom)
2021-04-26 08:57:21,500 [pool-562-thread-1] INFO  server.RaftServerConfigKeys (ConfUtils.java:logGet(44)) - raft.server.log.force.sync.num = 128 (default)
2021-04-26 08:57:21,500 [pool-562-thread-1] INFO  server.RaftServerConfigKeys (ConfUtils.java:logGet(44)) - raft.server.log.statemachine.data.sync = true (default)
2021-04-26 08:57:21,500 [pool-562-thread-1] INFO  server.RaftServerConfigKeys (ConfUtils.java:logGet(44)) - raft.server.log.statemachine.data.sync.timeout = 10s (default)
2021-04-26 08:57:21,500 [pool-562-thread-1] INFO  server.RaftServerConfigKeys (ConfUtils.java:logGet(44)) - raft.server.log.statemachine.data.sync.timeout.retry = -1 (default)
2021-04-26 08:57:21,502 [pool-562-thread-1] INFO  server.RaftServerConfigKeys (ConfUtils.java:logGet(44)) - raft.server.log.write.buffer.size = 1048576 (custom)
2021-04-26 08:57:21,503 [pool-562-thread-1] INFO  server.RaftServerConfigKeys (ConfUtils.java:logGet(44)) - raft.server.log.statemachine.data.caching.enabled = true (custom)
2021-04-26 08:57:21,503 [pool-562-thread-1] INFO  segmented.SegmentedRaftLogWorker (SegmentedRaftLogWorker.java:lambda$new$0(133)) - 4b08603e-a2c1-4ef0-b5a8-ac91ab9d3d00@group-E9E2C6A009D3-SegmentedRaftLogWorker: flushIndex: setUnconditionally 0 -> -1
2021-04-26 08:57:21,503 [pool-562-thread-1] INFO  segmented.SegmentedRaftLogWorker (SegmentedRaftLogWorker.java:lambda$new$0(133)) - 4b08603e-a2c1-4ef0-b5a8-ac91ab9d3d00@group-E9E2C6A009D3-SegmentedRaftLogWorker: safeCacheEvictIndex: setUnconditionally 0 -> -1
2021-04-26 08:57:21,503 [pool-562-thread-1] INFO  server.RaftServerConfigKeys (ConfUtils.java:logGet(44)) - raft.server.snapshot.auto.trigger.enabled = true (custom)
2021-04-26 08:57:21,503 [pool-562-thread-1] INFO  server.RaftServerConfigKeys (ConfUtils.java:logGet(44)) - raft.server.snapshot.auto.trigger.threshold = 10000 (custom)
2021-04-26 08:57:21,503 [pool-562-thread-1] INFO  server.RaftServerConfigKeys (ConfUtils.java:logGet(44)) - raft.server.snapshot.retention.file.num = 5 (custom)
2021-04-26 08:57:21,503 [pool-562-thread-1] INFO  server.RaftServerConfigKeys (ConfUtils.java:logGet(44)) - raft.server.log.purge.upto.snapshot.index = false (default)
2021-04-26 08:57:21,504 [pool-562-thread-1] INFO  server.RaftServerConfigKeys (ConfUtils.java:logGet(44)) - raft.server.retrycache.expirytime = 600000ms (custom)
2021-04-26 08:57:21,504 [pool-562-thread-1] INFO  server.RaftServerConfigKeys (ConfUtils.java:logGet(44)) - raft.server.retrycache.statistics.expirytime = 100?s (default)
2021-04-26 08:57:21,504 [pool-562-thread-1] INFO  metrics.RatisMetrics (RatisMetrics.java:lambda$create$0(36)) - Creating Metrics Registry : ratis.leader_election.4b08603e-a2c1-4ef0-b5a8-ac91ab9d3d00@group-E9E2C6A009D3
2021-04-26 08:57:21,506 [pool-562-thread-1] INFO  metrics.RatisMetrics (RatisMetrics.java:lambda$create$0(36)) - Creating Metrics Registry : ratis.server.4b08603e-a2c1-4ef0-b5a8-ac91ab9d3d00@group-E9E2C6A009D3
2021-04-26 08:57:21,507 [pool-562-thread-1] INFO  server.RaftServer$Division (RaftServerImpl.java:start(295)) - 4b08603e-a2c1-4ef0-b5a8-ac91ab9d3d00@group-E9E2C6A009D3: start as a follower, conf=-1: [bdd1f724-d5b6-4784-ba93-1388b38fcec3|rpc:172.17.0.2:39283|dataStream:|priority:1, 54deb671-31b1-41db-855f-b4cb6a4dc3be|rpc:172.17.0.2:33455|dataStream:|priority:0, 4b08603e-a2c1-4ef0-b5a8-ac91ab9d3d00|rpc:172.17.0.2:35733|dataStream:|priority:0], old=null
2021-04-26 08:57:21,507 [pool-562-thread-1] INFO  server.RaftServer$Division (RaftServerImpl.java:setRole(284)) - 4b08603e-a2c1-4ef0-b5a8-ac91ab9d3d00@group-E9E2C6A009D3: changes role from      null to FOLLOWER at term 0 for startAsFollower
2021-04-26 08:57:21,507 [pool-562-thread-1] INFO  impl.RoleInfo (RoleInfo.java:updateAndGet(130)) - 4b08603e-a2c1-4ef0-b5a8-ac91ab9d3d00: start 4b08603e-a2c1-4ef0-b5a8-ac91ab9d3d00@group-E9E2C6A009D3-FollowerState
2021-04-26 08:57:21,509 [pool-562-thread-1] INFO  util.JmxRegister (JmxRegister.java:tryRegister(44)) - Successfully registered JMX Bean with object name Ratis:service=RaftServer,group=group-E9E2C6A009D3,id=4b08603e-a2c1-4ef0-b5a8-ac91ab9d3d00
2021-04-26 08:57:21,509 [pool-562-thread-1] INFO  metrics.RatisMetrics (RatisMetrics.java:lambda$create$0(36)) - Creating Metrics Registry : ratis.state_machine.4b08603e-a2c1-4ef0-b5a8-ac91ab9d3d00@group-E9E2C6A009D3
2021-04-26 08:57:21,514 [EventQueue-PipelineReportForOneReplicaPipelineSafeModeRule] INFO  safemode.SCMSafeModeManager (SCMSafeModeManager.java:validateSafeModeExitRules(201)) - AtleastOneDatanodeReportedRule rule is successfully validated
2021-04-26 08:57:21,514 [EventQueue-OpenPipelineForHealthyPipelineSafeModeRule] INFO  safemode.SCMSafeModeManager (HealthyPipelineSafeModeRule.java:process(130)) - SCM in safe mode. Healthy pipelines reported count is 0, required healthy pipeline reported count is 1
2021-04-26 08:57:21,528 [Command processor thread] INFO  commandhandler.CreatePipelineCommandHandler (CreatePipelineCommandHandler.java:handle(106)) - Created Pipeline RATIS THREE PipelineID=4b3b9e76-0a26-48c0-b439-e9e2c6a009d3.
2021-04-26 08:57:21,613 [Command processor thread] INFO  server.RaftServer (RaftServerProxy.java:addNew(95)) - bdd1f724-d5b6-4784-ba93-1388b38fcec3: addNew group-24676E4E1D24:[bdd1f724-d5b6-4784-ba93-1388b38fcec3|rpc:172.17.0.2:39283|priority:1] returns group-24676E4E1D24:java.util.concurrent.CompletableFuture@6c120407[Not completed]
2021-04-26 08:57:21,613 [pool-546-thread-1] INFO  server.RaftServer$Division (RaftServerImpl.java:<init>(180)) - bdd1f724-d5b6-4784-ba93-1388b38fcec3: new RaftServerImpl for group-24676E4E1D24:[bdd1f724-d5b6-4784-ba93-1388b38fcec3|rpc:172.17.0.2:39283|priority:1] with ContainerStateMachine:uninitialized
2021-04-26 08:57:21,613 [pool-546-thread-1] INFO  server.RaftServerConfigKeys (ConfUtils.java:logGet(44)) - raft.server.rpc.timeout.min = 5s (custom)
2021-04-26 08:57:21,613 [pool-546-thread-1] INFO  server.RaftServerConfigKeys (ConfUtils.java:logGet(44)) - raft.server.rpc.timeout.max = 5200ms (custom)
2021-04-26 08:57:21,614 [pool-546-thread-1] INFO  server.RaftServerConfigKeys (ConfUtils.java:logGet(44)) - raft.server.rpc.sleep.time = 25ms (default)
2021-04-26 08:57:21,614 [pool-546-thread-1] INFO  server.RaftServerConfigKeys (ConfUtils.java:logGet(44)) - raft.server.rpc.slowness.timeout = 300000ms (custom)
2021-04-26 08:57:21,614 [pool-546-thread-1] INFO  server.RaftServerConfigKeys (ConfUtils.java:logGet(44)) - raft.server.leaderelection.leader.step-down.wait-time = 10s (default)
2021-04-26 08:57:21,614 [pool-546-thread-1] INFO  server.RaftServerConfigKeys (ConfUtils.java:logGet(44)) - raft.server.sleep.deviation.threshold = 300ms (default)
2021-04-26 08:57:21,614 [pool-546-thread-1] INFO  server.RaftServerConfigKeys (ConfUtils.java:logGet(44)) - raft.server.log.appender.install.snapshot.enabled = false (custom)
2021-04-26 08:57:21,614 [pool-546-thread-1] INFO  server.RaftServer$Division (ServerState.java:<init>(105)) - bdd1f724-d5b6-4784-ba93-1388b38fcec3@group-24676E4E1D24: ConfigurationManager, init=-1: [bdd1f724-d5b6-4784-ba93-1388b38fcec3|rpc:172.17.0.2:39283|priority:1], old=null, confs=<EMPTY_MAP>
2021-04-26 08:57:21,614 [pool-546-thread-1] INFO  server.RaftServerConfigKeys (ConfUtils.java:logGet(44)) - raft.server.storage.dir = [/github/workspace/mnt/ozone/hadoop-ozone/integration-test/target/test-dir/MiniOzoneClusterImpl-80072cdf-ce72-42fa-91c0-6b866cc407f5/datanode-7/data/ratis] (custom)
2021-04-26 08:57:21,614 [pool-546-thread-1] INFO  server.RaftServerConfigKeys (ConfUtils.java:logGet(44)) - raft.server.log.corruption.policy = EXCEPTION (default)
2021-04-26 08:57:21,614 [pool-546-thread-1] INFO  storage.RaftStorageDirectory (RaftStorageDirectoryImpl.java:analyzeStorage(132)) - The storage directory /github/workspace/mnt/ozone/hadoop-ozone/integration-test/target/test-dir/MiniOzoneClusterImpl-80072cdf-ce72-42fa-91c0-6b866cc407f5/datanode-7/data/ratis/84f139e5-a370-42cc-855f-24676e4e1d24 does not exist. Creating ...
2021-04-26 08:57:21,615 [pool-546-thread-1] INFO  storage.RaftStorageDirectory (RaftStorageDirectoryImpl.java:tryLock(215)) - Lock on /github/workspace/mnt/ozone/hadoop-ozone/integration-test/target/test-dir/MiniOzoneClusterImpl-80072cdf-ce72-42fa-91c0-6b866cc407f5/datanode-7/data/ratis/84f139e5-a370-42cc-855f-24676e4e1d24/in_use.lock acquired by nodename 21061@ffee826fe4eb
2021-04-26 08:57:21,617 [pool-546-thread-1] INFO  storage.RaftStorage (RaftStorageImpl.java:format(87)) - Storage directory /github/workspace/mnt/ozone/hadoop-ozone/integration-test/target/test-dir/MiniOzoneClusterImpl-80072cdf-ce72-42fa-91c0-6b866cc407f5/datanode-7/data/ratis/84f139e5-a370-42cc-855f-24676e4e1d24 has been successfully formatted.
2021-04-26 08:57:21,617 [pool-546-thread-1] INFO  ratis.ContainerStateMachine (ContainerStateMachine.java:loadSnapshot(224)) - group-24676E4E1D24: The snapshot info is null. Setting the last applied indexto:(t:0, i:~)
2021-04-26 08:57:21,617 [pool-546-thread-1] INFO  server.RaftServerConfigKeys (ConfUtils.java:logGet(44)) - raft.server.notification.no-leader.timeout = 300000ms (custom)
2021-04-26 08:57:21,617 [pool-546-thread-1] INFO  server.RaftServerConfigKeys (ConfUtils.java:logGet(44)) - raft.server.log.use.memory = false (default)
2021-04-26 08:57:21,617 [pool-546-thread-1] INFO  server.RaftServerConfigKeys (ConfUtils.java:logGet(44)) - raft.server.log.purge.gap = 1000000 (custom)
2021-04-26 08:57:21,617 [pool-546-thread-1] INFO  server.RaftServerConfigKeys (ConfUtils.java:logGet(44)) - raft.server.log.appender.buffer.byte-limit = 33554432 (custom)
2021-04-26 08:57:21,617 [pool-546-thread-1] INFO  metrics.RatisMetrics (RatisMetrics.java:lambda$create$0(36)) - Creating Metrics Registry : ratis.log_worker.bdd1f724-d5b6-4784-ba93-1388b38fcec3@group-24676E4E1D24
2021-04-26 08:57:21,618 [pool-546-thread-1] INFO  server.RaftServerConfigKeys (ConfUtils.java:logGet(44)) - raft.server.log.segment.size.max = 1048576 (custom)
2021-04-26 08:57:21,618 [pool-546-thread-1] INFO  server.RaftServerConfigKeys (ConfUtils.java:logGet(44)) - raft.server.log.segment.cache.num.max = 2 (custom)
2021-04-26 08:57:21,618 [pool-546-thread-1] INFO  server.RaftServerConfigKeys (ConfUtils.java:logGet(44)) - raft.server.log.segment.cache.size.max = 200MB (=209715200) (default)
2021-04-26 08:57:21,618 [pool-546-thread-1] INFO  segmented.SegmentedRaftLogWorker (SegmentedRaftLogWorker.java:<init>(182)) - new bdd1f724-d5b6-4784-ba93-1388b38fcec3@group-24676E4E1D24-SegmentedRaftLogWorker for RaftStorageImpl:Storage Directory /github/workspace/mnt/ozone/hadoop-ozone/integration-test/target/test-dir/MiniOzoneClusterImpl-80072cdf-ce72-42fa-91c0-6b866cc407f5/datanode-7/data/ratis/84f139e5-a370-42cc-855f-24676e4e1d24
2021-04-26 08:57:21,618 [pool-546-thread-1] INFO  server.RaftServerConfigKeys (ConfUtils.java:logGet(44)) - raft.server.log.queue.byte-limit = 2147483647 (custom)
2021-04-26 08:57:21,618 [pool-546-thread-1] INFO  server.RaftServerConfigKeys (ConfUtils.java:logGet(44)) - raft.server.log.queue.element-limit = 1024 (custom)
2021-04-26 08:57:21,618 [pool-546-thread-1] INFO  server.RaftServerConfigKeys (ConfUtils.java:logGet(44)) - raft.server.log.segment.size.max = 1048576 (custom)
2021-04-26 08:57:21,618 [pool-546-thread-1] INFO  server.RaftServerConfigKeys (ConfUtils.java:logGet(44)) - raft.server.log.preallocated.size = 16384 (custom)
2021-04-26 08:57:21,618 [pool-546-thread-1] INFO  server.RaftServerConfigKeys (ConfUtils.java:logGet(44)) - raft.server.log.force.sync.num = 128 (default)
2021-04-26 08:57:21,619 [pool-546-thread-1] INFO  server.RaftServerConfigKeys (ConfUtils.java:logGet(44)) - raft.server.log.statemachine.data.sync = true (default)
2021-04-26 08:57:21,619 [pool-546-thread-1] INFO  server.RaftServerConfigKeys (ConfUtils.java:logGet(44)) - raft.server.log.statemachine.data.sync.timeout = 10s (default)
2021-04-26 08:57:21,619 [pool-546-thread-1] INFO  server.RaftServerConfigKeys (ConfUtils.java:logGet(44)) - raft.server.log.statemachine.data.sync.timeout.retry = -1 (default)
2021-04-26 08:57:21,619 [EventQueue-PipelineReportForOneReplicaPipelineSafeModeRule] INFO  safemode.SCMSafeModeManager (SCMSafeModeManager.java:validateSafeModeExitRules(201)) - AtleastOneDatanodeReportedRule rule is successfully validated
2021-04-26 08:57:21,620 [EventQueue-PipelineReportForPipelineReportHandler] INFO  pipeline.PipelineManagerV2Impl (PipelineManagerV2Impl.java:openPipeline(270)) - Pipeline Pipeline[ Id: 84f139e5-a370-42cc-855f-24676e4e1d24, Nodes: bdd1f724-d5b6-4784-ba93-1388b38fcec3{ip: 172.17.0.2, host: ffee826fe4eb, ports: [REPLICATION=35617, RATIS=39283, RATIS_ADMIN=39283, RATIS_SERVER=39283, STANDALONE=40429], networkLocation: /default-rack, certSerialId: null, persistedOpState: IN_SERVICE, persistedOpStateExpiryEpochSec: 0}, ReplicationConfig: RATIS/ONE, State:ALLOCATED, leaderId:bdd1f724-d5b6-4784-ba93-1388b38fcec3, CreationTimestamp2021-04-26T08:57:18.616Z] moved to OPEN state
2021-04-26 08:57:21,620 [EventQueue-OpenPipelineForHealthyPipelineSafeModeRule] INFO  safemode.SCMSafeModeManager (HealthyPipelineSafeModeRule.java:process(130)) - SCM in safe mode. Healthy pipelines reported count is 0, required healthy pipeline reported count is 1
2021-04-26 08:57:21,620 [pool-546-thread-1] INFO  server.RaftServerConfigKeys (ConfUtils.java:logGet(44)) - raft.server.log.write.buffer.size = 1048576 (custom)
2021-04-26 08:57:21,621 [pool-546-thread-1] INFO  server.RaftServerConfigKeys (ConfUtils.java:logGet(44)) - raft.server.log.statemachine.data.caching.enabled = true (custom)
2021-04-26 08:57:21,621 [pool-546-thread-1] INFO  segmented.SegmentedRaftLogWorker (SegmentedRaftLogWorker.java:lambda$new$0(133)) - bdd1f724-d5b6-4784-ba93-1388b38fcec3@group-24676E4E1D24-SegmentedRaftLogWorker: flushIndex: setUnconditionally 0 -> -1
2021-04-26 08:57:21,621 [pool-546-thread-1] INFO  segmented.SegmentedRaftLogWorker (SegmentedRaftLogWorker.java:lambda$new$0(133)) - bdd1f724-d5b6-4784-ba93-1388b38fcec3@group-24676E4E1D24-SegmentedRaftLogWorker: safeCacheEvictIndex: setUnconditionally 0 -> -1
2021-04-26 08:57:21,621 [pool-546-thread-1] INFO  server.RaftServerConfigKeys (ConfUtils.java:logGet(44)) - raft.server.snapshot.auto.trigger.enabled = true (custom)
2021-04-26 08:57:21,621 [pool-546-thread-1] INFO  server.RaftServerConfigKeys (ConfUtils.java:logGet(44)) - raft.server.snapshot.auto.trigger.threshold = 10000 (custom)
2021-04-26 08:57:21,621 [pool-546-thread-1] INFO  server.RaftServerConfigKeys (ConfUtils.java:logGet(44)) - raft.server.snapshot.retention.file.num = 5 (custom)
2021-04-26 08:57:21,621 [pool-546-thread-1] INFO  server.RaftServerConfigKeys (ConfUtils.java:logGet(44)) - raft.server.log.purge.upto.snapshot.index = false (default)
2021-04-26 08:57:21,621 [pool-546-thread-1] INFO  server.RaftServerConfigKeys (ConfUtils.java:logGet(44)) - raft.server.retrycache.expirytime = 600000ms (custom)
2021-04-26 08:57:21,621 [pool-546-thread-1] INFO  server.RaftServerConfigKeys (ConfUtils.java:logGet(44)) - raft.server.retrycache.statistics.expirytime = 100?s (default)
2021-04-26 08:57:21,622 [pool-546-thread-1] INFO  metrics.RatisMetrics (RatisMetrics.java:lambda$create$0(36)) - Creating Metrics Registry : ratis.leader_election.bdd1f724-d5b6-4784-ba93-1388b38fcec3@group-24676E4E1D24
2021-04-26 08:57:21,622 [pool-546-thread-1] INFO  metrics.RatisMetrics (RatisMetrics.java:lambda$create$0(36)) - Creating Metrics Registry : ratis.server.bdd1f724-d5b6-4784-ba93-1388b38fcec3@group-24676E4E1D24
2021-04-26 08:57:21,623 [pool-546-thread-1] INFO  server.RaftServer$Division (RaftServerImpl.java:start(295)) - bdd1f724-d5b6-4784-ba93-1388b38fcec3@group-24676E4E1D24: start as a follower, conf=-1: [bdd1f724-d5b6-4784-ba93-1388b38fcec3|rpc:172.17.0.2:39283|priority:1], old=null
2021-04-26 08:57:21,624 [pool-546-thread-1] INFO  server.RaftServer$Division (RaftServerImpl.java:setRole(284)) - bdd1f724-d5b6-4784-ba93-1388b38fcec3@group-24676E4E1D24: changes role from      null to FOLLOWER at term 0 for startAsFollower
2021-04-26 08:57:21,624 [pool-546-thread-1] INFO  impl.RoleInfo (RoleInfo.java:updateAndGet(130)) - bdd1f724-d5b6-4784-ba93-1388b38fcec3: start bdd1f724-d5b6-4784-ba93-1388b38fcec3@group-24676E4E1D24-FollowerState
2021-04-26 08:57:21,624 [pool-546-thread-1] INFO  util.JmxRegister (JmxRegister.java:tryRegister(44)) - Successfully registered JMX Bean with object name Ratis:service=RaftServer,group=group-24676E4E1D24,id=bdd1f724-d5b6-4784-ba93-1388b38fcec3
2021-04-26 08:57:21,624 [pool-546-thread-1] INFO  metrics.RatisMetrics (RatisMetrics.java:lambda$create$0(36)) - Creating Metrics Registry : ratis.state_machine.bdd1f724-d5b6-4784-ba93-1388b38fcec3@group-24676E4E1D24
2021-04-26 08:57:21,625 [Command processor thread] INFO  ratis.XceiverServerRatis (XceiverServerRatis.java:addGroup(808)) - Created group PipelineID=84f139e5-a370-42cc-855f-24676e4e1d24
2021-04-26 08:57:21,625 [Command processor thread] INFO  commandhandler.CreatePipelineCommandHandler (CreatePipelineCommandHandler.java:handle(106)) - Created Pipeline RATIS ONE PipelineID=84f139e5-a370-42cc-855f-24676e4e1d24.
2021-04-26 08:57:21,806 [Command processor thread] INFO  server.RaftServer (RaftServerProxy.java:addNew(95)) - 4b08603e-a2c1-4ef0-b5a8-ac91ab9d3d00: addNew group-F3DC82548717:[4b08603e-a2c1-4ef0-b5a8-ac91ab9d3d00|rpc:172.17.0.2:35733|priority:1] returns group-F3DC82548717:java.util.concurrent.CompletableFuture@4add716[Not completed]
2021-04-26 08:57:21,807 [pool-562-thread-1] INFO  server.RaftServer$Division (RaftServerImpl.java:<init>(180)) - 4b08603e-a2c1-4ef0-b5a8-ac91ab9d3d00: new RaftServerImpl for group-F3DC82548717:[4b08603e-a2c1-4ef0-b5a8-ac91ab9d3d00|rpc:172.17.0.2:35733|priority:1] with ContainerStateMachine:uninitialized
2021-04-26 08:57:21,807 [pool-562-thread-1] INFO  server.RaftServerConfigKeys (ConfUtils.java:logGet(44)) - raft.server.rpc.timeout.min = 5s (custom)
2021-04-26 08:57:21,807 [pool-562-thread-1] INFO  server.RaftServerConfigKeys (ConfUtils.java:logGet(44)) - raft.server.rpc.timeout.max = 5200ms (custom)
2021-04-26 08:57:21,807 [pool-562-thread-1] INFO  server.RaftServerConfigKeys (ConfUtils.java:logGet(44)) - raft.server.rpc.sleep.time = 25ms (default)
2021-04-26 08:57:21,807 [pool-562-thread-1] INFO  server.RaftServerConfigKeys (ConfUtils.java:logGet(44)) - raft.server.rpc.slowness.timeout = 300000ms (custom)
2021-04-26 08:57:21,807 [pool-562-thread-1] INFO  server.RaftServerConfigKeys (ConfUtils.java:logGet(44)) - raft.server.leaderelection.leader.step-down.wait-time = 10s (default)
2021-04-26 08:57:21,807 [pool-562-thread-1] INFO  server.RaftServerConfigKeys (ConfUtils.java:logGet(44)) - raft.server.sleep.deviation.threshold = 300ms (default)
2021-04-26 08:57:21,807 [pool-562-thread-1] INFO  server.RaftServerConfigKeys (ConfUtils.java:logGet(44)) - raft.server.log.appender.install.snapshot.enabled = false (custom)
2021-04-26 08:57:21,807 [pool-562-thread-1] INFO  server.RaftServer$Division (ServerState.java:<init>(105)) - 4b08603e-a2c1-4ef0-b5a8-ac91ab9d3d00@group-F3DC82548717: ConfigurationManager, init=-1: [4b08603e-a2c1-4ef0-b5a8-ac91ab9d3d00|rpc:172.17.0.2:35733|priority:1], old=null, confs=<EMPTY_MAP>
2021-04-26 08:57:21,807 [pool-562-thread-1] INFO  server.RaftServerConfigKeys (ConfUtils.java:logGet(44)) - raft.server.storage.dir = [/github/workspace/mnt/ozone/hadoop-ozone/integration-test/target/test-dir/MiniOzoneClusterImpl-80072cdf-ce72-42fa-91c0-6b866cc407f5/datanode-8/data/ratis] (custom)
2021-04-26 08:57:21,808 [pool-562-thread-1] INFO  server.RaftServerConfigKeys (ConfUtils.java:logGet(44)) - raft.server.log.corruption.policy = EXCEPTION (default)
2021-04-26 08:57:21,808 [pool-562-thread-1] INFO  storage.RaftStorageDirectory (RaftStorageDirectoryImpl.java:analyzeStorage(132)) - The storage directory /github/workspace/mnt/ozone/hadoop-ozone/integration-test/target/test-dir/MiniOzoneClusterImpl-80072cdf-ce72-42fa-91c0-6b866cc407f5/datanode-8/data/ratis/1d2af344-cdb4-4968-9dbb-f3dc82548717 does not exist. Creating ...
2021-04-26 08:57:21,809 [pool-562-thread-1] INFO  storage.RaftStorageDirectory (RaftStorageDirectoryImpl.java:tryLock(215)) - Lock on /github/workspace/mnt/ozone/hadoop-ozone/integration-test/target/test-dir/MiniOzoneClusterImpl-80072cdf-ce72-42fa-91c0-6b866cc407f5/datanode-8/data/ratis/1d2af344-cdb4-4968-9dbb-f3dc82548717/in_use.lock acquired by nodename 21061@ffee826fe4eb
2021-04-26 08:57:21,810 [Listener at 127.0.0.1/35725] INFO  ozone.MiniOzoneClusterImpl (MiniOzoneClusterImpl.java:lambda$waitForClusterToBeReady$0(223)) - Nodes are ready. Got 9 of 9 DN Heartbeats.
2021-04-26 08:57:21,810 [Listener at 127.0.0.1/35725] INFO  ozone.MiniOzoneClusterImpl (MiniOzoneClusterImpl.java:lambda$waitForClusterToBeReady$0(226)) - Waiting for cluster to exit safe mode
2021-04-26 08:57:21,810 [Listener at 127.0.0.1/35725] INFO  ozone.MiniOzoneClusterImpl (MiniOzoneClusterImpl.java:lambda$waitForClusterToBeReady$0(229)) - SCM became leader
2021-04-26 08:57:21,812 [pool-562-thread-1] INFO  storage.RaftStorage (RaftStorageImpl.java:format(87)) - Storage directory /github/workspace/mnt/ozone/hadoop-ozone/integration-test/target/test-dir/MiniOzoneClusterImpl-80072cdf-ce72-42fa-91c0-6b866cc407f5/datanode-8/data/ratis/1d2af344-cdb4-4968-9dbb-f3dc82548717 has been successfully formatted.
2021-04-26 08:57:21,812 [pool-562-thread-1] INFO  ratis.ContainerStateMachine (ContainerStateMachine.java:loadSnapshot(224)) - group-F3DC82548717: The snapshot info is null. Setting the last applied indexto:(t:0, i:~)
2021-04-26 08:57:21,812 [pool-562-thread-1] INFO  server.RaftServerConfigKeys (ConfUtils.java:logGet(44)) - raft.server.notification.no-leader.timeout = 300000ms (custom)
2021-04-26 08:57:21,813 [pool-562-thread-1] INFO  server.RaftServerConfigKeys (ConfUtils.java:logGet(44)) - raft.server.log.use.memory = false (default)
2021-04-26 08:57:21,813 [pool-562-thread-1] INFO  server.RaftServerConfigKeys (ConfUtils.java:logGet(44)) - raft.server.log.purge.gap = 1000000 (custom)
2021-04-26 08:57:21,813 [pool-562-thread-1] INFO  server.RaftServerConfigKeys (ConfUtils.java:logGet(44)) - raft.server.log.appender.buffer.byte-limit = 33554432 (custom)
2021-04-26 08:57:21,813 [pool-562-thread-1] INFO  metrics.RatisMetrics (RatisMetrics.java:lambda$create$0(36)) - Creating Metrics Registry : ratis.log_worker.4b08603e-a2c1-4ef0-b5a8-ac91ab9d3d00@group-F3DC82548717
2021-04-26 08:57:21,813 [pool-562-thread-1] INFO  server.RaftServerConfigKeys (ConfUtils.java:logGet(44)) - raft.server.log.segment.size.max = 1048576 (custom)
2021-04-26 08:57:21,815 [EventQueue-PipelineReportForPipelineReportHandler] INFO  pipeline.PipelineManagerV2Impl (PipelineManagerV2Impl.java:openPipeline(270)) - Pipeline Pipeline[ Id: 1d2af344-cdb4-4968-9dbb-f3dc82548717, Nodes: 4b08603e-a2c1-4ef0-b5a8-ac91ab9d3d00{ip: 172.17.0.2, host: ffee826fe4eb, ports: [REPLICATION=35603, RATIS=35733, RATIS_ADMIN=35733, RATIS_SERVER=35733, STANDALONE=33025], networkLocation: /default-rack, certSerialId: null, persistedOpState: IN_SERVICE, persistedOpStateExpiryEpochSec: 0}, ReplicationConfig: RATIS/ONE, State:ALLOCATED, leaderId:4b08603e-a2c1-4ef0-b5a8-ac91ab9d3d00, CreationTimestamp2021-04-26T08:57:18.809Z] moved to OPEN state
2021-04-26 08:57:21,815 [EventQueue-PipelineReportForOneReplicaPipelineSafeModeRule] INFO  safemode.SCMSafeModeManager (SCMSafeModeManager.java:validateSafeModeExitRules(201)) - AtleastOneDatanodeReportedRule rule is successfully validated
2021-04-26 08:57:21,815 [EventQueue-OpenPipelineForHealthyPipelineSafeModeRule] INFO  safemode.SCMSafeModeManager (HealthyPipelineSafeModeRule.java:process(130)) - SCM in safe mode. Healthy pipelines reported count is 0, required healthy pipeline reported count is 1
2021-04-26 08:57:21,817 [pool-562-thread-1] INFO  server.RaftServerConfigKeys (ConfUtils.java:logGet(44)) - raft.server.log.segment.cache.num.max = 2 (custom)
2021-04-26 08:57:21,817 [pool-562-thread-1] INFO  server.RaftServerConfigKeys (ConfUtils.java:logGet(44)) - raft.server.log.segment.cache.size.max = 200MB (=209715200) (default)
2021-04-26 08:57:21,817 [pool-562-thread-1] INFO  segmented.SegmentedRaftLogWorker (SegmentedRaftLogWorker.java:<init>(182)) - new 4b08603e-a2c1-4ef0-b5a8-ac91ab9d3d00@group-F3DC82548717-SegmentedRaftLogWorker for RaftStorageImpl:Storage Directory /github/workspace/mnt/ozone/hadoop-ozone/integration-test/target/test-dir/MiniOzoneClusterImpl-80072cdf-ce72-42fa-91c0-6b866cc407f5/datanode-8/data/ratis/1d2af344-cdb4-4968-9dbb-f3dc82548717
2021-04-26 08:57:21,818 [pool-562-thread-1] INFO  server.RaftServerConfigKeys (ConfUtils.java:logGet(44)) - raft.server.log.queue.byte-limit = 2147483647 (custom)
2021-04-26 08:57:21,818 [pool-562-thread-1] INFO  server.RaftServerConfigKeys (ConfUtils.java:logGet(44)) - raft.server.log.queue.element-limit = 1024 (custom)
2021-04-26 08:57:21,818 [pool-562-thread-1] INFO  server.RaftServerConfigKeys (ConfUtils.java:logGet(44)) - raft.server.log.segment.size.max = 1048576 (custom)
2021-04-26 08:57:21,818 [pool-562-thread-1] INFO  server.RaftServerConfigKeys (ConfUtils.java:logGet(44)) - raft.server.log.preallocated.size = 16384 (custom)
2021-04-26 08:57:21,818 [pool-562-thread-1] INFO  server.RaftServerConfigKeys (ConfUtils.java:logGet(44)) - raft.server.log.force.sync.num = 128 (default)
2021-04-26 08:57:21,818 [pool-562-thread-1] INFO  server.RaftServerConfigKeys (ConfUtils.java:logGet(44)) - raft.server.log.statemachine.data.sync = true (default)
2021-04-26 08:57:21,818 [pool-562-thread-1] INFO  server.RaftServerConfigKeys (ConfUtils.java:logGet(44)) - raft.server.log.statemachine.data.sync.timeout = 10s (default)
2021-04-26 08:57:21,818 [pool-562-thread-1] INFO  server.RaftServerConfigKeys (ConfUtils.java:logGet(44)) - raft.server.log.statemachine.data.sync.timeout.retry = -1 (default)
2021-04-26 08:57:21,819 [pool-562-thread-1] INFO  server.RaftServerConfigKeys (ConfUtils.java:logGet(44)) - raft.server.log.write.buffer.size = 1048576 (custom)
2021-04-26 08:57:21,820 [pool-562-thread-1] INFO  server.RaftServerConfigKeys (ConfUtils.java:logGet(44)) - raft.server.log.statemachine.data.caching.enabled = true (custom)
2021-04-26 08:57:21,820 [pool-562-thread-1] INFO  segmented.SegmentedRaftLogWorker (SegmentedRaftLogWorker.java:lambda$new$0(133)) - 4b08603e-a2c1-4ef0-b5a8-ac91ab9d3d00@group-F3DC82548717-SegmentedRaftLogWorker: flushIndex: setUnconditionally 0 -> -1
2021-04-26 08:57:21,820 [pool-562-thread-1] INFO  segmented.SegmentedRaftLogWorker (SegmentedRaftLogWorker.java:lambda$new$0(133)) - 4b08603e-a2c1-4ef0-b5a8-ac91ab9d3d00@group-F3DC82548717-SegmentedRaftLogWorker: safeCacheEvictIndex: setUnconditionally 0 -> -1
2021-04-26 08:57:21,821 [pool-562-thread-1] INFO  server.RaftServerConfigKeys (ConfUtils.java:logGet(44)) - raft.server.snapshot.auto.trigger.enabled = true (custom)
2021-04-26 08:57:21,821 [pool-562-thread-1] INFO  server.RaftServerConfigKeys (ConfUtils.java:logGet(44)) - raft.server.snapshot.auto.trigger.threshold = 10000 (custom)
2021-04-26 08:57:21,821 [pool-562-thread-1] INFO  server.RaftServerConfigKeys (ConfUtils.java:logGet(44)) - raft.server.snapshot.retention.file.num = 5 (custom)
2021-04-26 08:57:21,821 [pool-562-thread-1] INFO  server.RaftServerConfigKeys (ConfUtils.java:logGet(44)) - raft.server.log.purge.upto.snapshot.index = false (default)
2021-04-26 08:57:21,821 [pool-562-thread-1] INFO  server.RaftServerConfigKeys (ConfUtils.java:logGet(44)) - raft.server.retrycache.expirytime = 600000ms (custom)
2021-04-26 08:57:21,821 [pool-562-thread-1] INFO  server.RaftServerConfigKeys (ConfUtils.java:logGet(44)) - raft.server.retrycache.statistics.expirytime = 100?s (default)
2021-04-26 08:57:21,821 [pool-562-thread-1] INFO  metrics.RatisMetrics (RatisMetrics.java:lambda$create$0(36)) - Creating Metrics Registry : ratis.leader_election.4b08603e-a2c1-4ef0-b5a8-ac91ab9d3d00@group-F3DC82548717
2021-04-26 08:57:21,822 [pool-562-thread-1] INFO  metrics.RatisMetrics (RatisMetrics.java:lambda$create$0(36)) - Creating Metrics Registry : ratis.server.4b08603e-a2c1-4ef0-b5a8-ac91ab9d3d00@group-F3DC82548717
2021-04-26 08:57:21,823 [pool-562-thread-1] INFO  server.RaftServer$Division (RaftServerImpl.java:start(295)) - 4b08603e-a2c1-4ef0-b5a8-ac91ab9d3d00@group-F3DC82548717: start as a follower, conf=-1: [4b08603e-a2c1-4ef0-b5a8-ac91ab9d3d00|rpc:172.17.0.2:35733|priority:1], old=null
2021-04-26 08:57:21,823 [pool-562-thread-1] INFO  server.RaftServer$Division (RaftServerImpl.java:setRole(284)) - 4b08603e-a2c1-4ef0-b5a8-ac91ab9d3d00@group-F3DC82548717: changes role from      null to FOLLOWER at term 0 for startAsFollower
2021-04-26 08:57:21,823 [pool-562-thread-1] INFO  impl.RoleInfo (RoleInfo.java:updateAndGet(130)) - 4b08603e-a2c1-4ef0-b5a8-ac91ab9d3d00: start 4b08603e-a2c1-4ef0-b5a8-ac91ab9d3d00@group-F3DC82548717-FollowerState
2021-04-26 08:57:21,823 [pool-562-thread-1] INFO  util.JmxRegister (JmxRegister.java:tryRegister(44)) - Successfully registered JMX Bean with object name Ratis:service=RaftServer,group=group-F3DC82548717,id=4b08603e-a2c1-4ef0-b5a8-ac91ab9d3d00
2021-04-26 08:57:21,823 [pool-562-thread-1] INFO  metrics.RatisMetrics (RatisMetrics.java:lambda$create$0(36)) - Creating Metrics Registry : ratis.state_machine.4b08603e-a2c1-4ef0-b5a8-ac91ab9d3d00@group-F3DC82548717
2021-04-26 08:57:21,824 [Command processor thread] INFO  ratis.XceiverServerRatis (XceiverServerRatis.java:addGroup(808)) - Created group PipelineID=1d2af344-cdb4-4968-9dbb-f3dc82548717
2021-04-26 08:57:21,824 [Command processor thread] INFO  commandhandler.CreatePipelineCommandHandler (CreatePipelineCommandHandler.java:handle(106)) - Created Pipeline RATIS ONE PipelineID=1d2af344-cdb4-4968-9dbb-f3dc82548717.
2021-04-26 08:57:21,843 [EventQueue-OpenPipelineForHealthyPipelineSafeModeRule] INFO  safemode.SCMSafeModeManager (HealthyPipelineSafeModeRule.java:process(130)) - SCM in safe mode. Healthy pipelines reported count is 0, required healthy pipeline reported count is 1
2021-04-26 08:57:21,843 [EventQueue-PipelineReportForOneReplicaPipelineSafeModeRule] INFO  safemode.SCMSafeModeManager (SCMSafeModeManager.java:validateSafeModeExitRules(201)) - AtleastOneDatanodeReportedRule rule is successfully validated
2021-04-26 08:57:22,008 [EventQueue-OpenPipelineForHealthyPipelineSafeModeRule] INFO  safemode.SCMSafeModeManager (HealthyPipelineSafeModeRule.java:process(130)) - SCM in safe mode. Healthy pipelines reported count is 0, required healthy pipeline reported count is 1
2021-04-26 08:57:22,008 [EventQueue-PipelineReportForOneReplicaPipelineSafeModeRule] INFO  safemode.SCMSafeModeManager (SCMSafeModeManager.java:validateSafeModeExitRules(201)) - AtleastOneDatanodeReportedRule rule is successfully validated
2021-04-26 08:57:22,131 [EventQueue-OpenPipelineForHealthyPipelineSafeModeRule] INFO  safemode.SCMSafeModeManager (HealthyPipelineSafeModeRule.java:process(130)) - SCM in safe mode. Healthy pipelines reported count is 0, required healthy pipeline reported count is 1
2021-04-26 08:57:22,132 [EventQueue-PipelineReportForOneReplicaPipelineSafeModeRule] INFO  safemode.SCMSafeModeManager (SCMSafeModeManager.java:validateSafeModeExitRules(201)) - AtleastOneDatanodeReportedRule rule is successfully validated
2021-04-26 08:57:22,252 [EventQueue-PipelineReportForOneReplicaPipelineSafeModeRule] INFO  safemode.SCMSafeModeManager (SCMSafeModeManager.java:validateSafeModeExitRules(201)) - AtleastOneDatanodeReportedRule rule is successfully validated
2021-04-26 08:57:22,252 [EventQueue-OpenPipelineForHealthyPipelineSafeModeRule] INFO  safemode.SCMSafeModeManager (HealthyPipelineSafeModeRule.java:process(130)) - SCM in safe mode. Healthy pipelines reported count is 0, required healthy pipeline reported count is 1
2021-04-26 08:57:22,313 [EventQueue-OpenPipelineForHealthyPipelineSafeModeRule] INFO  safemode.SCMSafeModeManager (HealthyPipelineSafeModeRule.java:process(130)) - SCM in safe mode. Healthy pipelines reported count is 0, required healthy pipeline reported count is 1
2021-04-26 08:57:22,313 [EventQueue-PipelineReportForOneReplicaPipelineSafeModeRule] INFO  safemode.SCMSafeModeManager (SCMSafeModeManager.java:validateSafeModeExitRules(201)) - AtleastOneDatanodeReportedRule rule is successfully validated
2021-04-26 08:57:22,446 [EventQueue-PipelineReportForOneReplicaPipelineSafeModeRule] INFO  safemode.SCMSafeModeManager (SCMSafeModeManager.java:validateSafeModeExitRules(201)) - AtleastOneDatanodeReportedRule rule is successfully validated
2021-04-26 08:57:22,446 [EventQueue-OpenPipelineForHealthyPipelineSafeModeRule] INFO  safemode.SCMSafeModeManager (HealthyPipelineSafeModeRule.java:process(130)) - SCM in safe mode. Healthy pipelines reported count is 0, required healthy pipeline reported count is 1
2021-04-26 08:57:22,505 [EventQueue-OpenPipelineForHealthyPipelineSafeModeRule] INFO  safemode.SCMSafeModeManager (HealthyPipelineSafeModeRule.java:process(130)) - SCM in safe mode. Healthy pipelines reported count is 0, required healthy pipeline reported count is 1
2021-04-26 08:57:22,505 [EventQueue-PipelineReportForOneReplicaPipelineSafeModeRule] INFO  safemode.SCMSafeModeManager (SCMSafeModeManager.java:validateSafeModeExitRules(201)) - AtleastOneDatanodeReportedRule rule is successfully validated
2021-04-26 08:57:22,618 [EventQueue-OpenPipelineForHealthyPipelineSafeModeRule] INFO  safemode.SCMSafeModeManager (HealthyPipelineSafeModeRule.java:process(130)) - SCM in safe mode. Healthy pipelines reported count is 0, required healthy pipeline reported count is 1
2021-04-26 08:57:22,618 [EventQueue-PipelineReportForOneReplicaPipelineSafeModeRule] INFO  safemode.SCMSafeModeManager (SCMSafeModeManager.java:validateSafeModeExitRules(201)) - AtleastOneDatanodeReportedRule rule is successfully validated
2021-04-26 08:57:22,839 [Listener at 127.0.0.1/35725] INFO  ozone.MiniOzoneClusterImpl (MiniOzoneClusterImpl.java:lambda$waitForClusterToBeReady$0(223)) - Nodes are ready. Got 9 of 9 DN Heartbeats.
2021-04-26 08:57:22,839 [Listener at 127.0.0.1/35725] INFO  ozone.MiniOzoneClusterImpl (MiniOzoneClusterImpl.java:lambda$waitForClusterToBeReady$0(226)) - Waiting for cluster to exit safe mode
2021-04-26 08:57:22,839 [Listener at 127.0.0.1/35725] INFO  ozone.MiniOzoneClusterImpl (MiniOzoneClusterImpl.java:lambda$waitForClusterToBeReady$0(229)) - SCM became leader
2021-04-26 08:57:22,840 [EventQueue-PipelineReportForOneReplicaPipelineSafeModeRule] INFO  safemode.SCMSafeModeManager (SCMSafeModeManager.java:validateSafeModeExitRules(201)) - AtleastOneDatanodeReportedRule rule is successfully validated
2021-04-26 08:57:22,841 [EventQueue-OpenPipelineForHealthyPipelineSafeModeRule] INFO  safemode.SCMSafeModeManager (HealthyPipelineSafeModeRule.java:process(130)) - SCM in safe mode. Healthy pipelines reported count is 0, required healthy pipeline reported count is 1
2021-04-26 08:57:22,851 [EventQueue-PipelineReportForOneReplicaPipelineSafeModeRule] INFO  safemode.SCMSafeModeManager (SCMSafeModeManager.java:validateSafeModeExitRules(201)) - AtleastOneDatanodeReportedRule rule is successfully validated
2021-04-26 08:57:22,852 [EventQueue-OpenPipelineForHealthyPipelineSafeModeRule] INFO  safemode.SCMSafeModeManager (HealthyPipelineSafeModeRule.java:process(130)) - SCM in safe mode. Healthy pipelines reported count is 0, required healthy pipeline reported count is 1
2021-04-26 08:57:23,008 [EventQueue-PipelineReportForOneReplicaPipelineSafeModeRule] INFO  safemode.SCMSafeModeManager (SCMSafeModeManager.java:validateSafeModeExitRules(201)) - AtleastOneDatanodeReportedRule rule is successfully validated
2021-04-26 08:57:23,009 [EventQueue-OpenPipelineForHealthyPipelineSafeModeRule] INFO  safemode.SCMSafeModeManager (HealthyPipelineSafeModeRule.java:process(130)) - SCM in safe mode. Healthy pipelines reported count is 0, required healthy pipeline reported count is 1
2021-04-26 08:57:23,132 [EventQueue-OpenPipelineForHealthyPipelineSafeModeRule] INFO  safemode.SCMSafeModeManager (HealthyPipelineSafeModeRule.java:process(130)) - SCM in safe mode. Healthy pipelines reported count is 0, required healthy pipeline reported count is 1
2021-04-26 08:57:23,132 [EventQueue-PipelineReportForOneReplicaPipelineSafeModeRule] INFO  safemode.SCMSafeModeManager (SCMSafeModeManager.java:validateSafeModeExitRules(201)) - AtleastOneDatanodeReportedRule rule is successfully validated
2021-04-26 08:57:23,252 [EventQueue-OpenPipelineForHealthyPipelineSafeModeRule] INFO  safemode.SCMSafeModeManager (HealthyPipelineSafeModeRule.java:process(130)) - SCM in safe mode. Healthy pipelines reported count is 0, required healthy pipeline reported count is 1
2021-04-26 08:57:23,252 [EventQueue-PipelineReportForOneReplicaPipelineSafeModeRule] INFO  safemode.SCMSafeModeManager (SCMSafeModeManager.java:validateSafeModeExitRules(201)) - AtleastOneDatanodeReportedRule rule is successfully validated
2021-04-26 08:57:23,314 [EventQueue-PipelineReportForOneReplicaPipelineSafeModeRule] INFO  safemode.SCMSafeModeManager (SCMSafeModeManager.java:validateSafeModeExitRules(201)) - AtleastOneDatanodeReportedRule rule is successfully validated
2021-04-26 08:57:23,314 [EventQueue-OpenPipelineForHealthyPipelineSafeModeRule] INFO  safemode.SCMSafeModeManager (HealthyPipelineSafeModeRule.java:process(130)) - SCM in safe mode. Healthy pipelines reported count is 0, required healthy pipeline reported count is 1
2021-04-26 08:57:23,446 [EventQueue-OpenPipelineForHealthyPipelineSafeModeRule] INFO  safemode.SCMSafeModeManager (HealthyPipelineSafeModeRule.java:process(130)) - SCM in safe mode. Healthy pipelines reported count is 0, required healthy pipeline reported count is 1
2021-04-26 08:57:23,447 [EventQueue-PipelineReportForOneReplicaPipelineSafeModeRule] INFO  safemode.SCMSafeModeManager (SCMSafeModeManager.java:validateSafeModeExitRules(201)) - AtleastOneDatanodeReportedRule rule is successfully validated
2021-04-26 08:57:23,506 [EventQueue-OpenPipelineForHealthyPipelineSafeModeRule] INFO  safemode.SCMSafeModeManager (HealthyPipelineSafeModeRule.java:process(130)) - SCM in safe mode. Healthy pipelines reported count is 0, required healthy pipeline reported count is 1
2021-04-26 08:57:23,506 [EventQueue-PipelineReportForOneReplicaPipelineSafeModeRule] INFO  safemode.SCMSafeModeManager (SCMSafeModeManager.java:validateSafeModeExitRules(201)) - AtleastOneDatanodeReportedRule rule is successfully validated
2021-04-26 08:57:23,618 [EventQueue-PipelineReportForOneReplicaPipelineSafeModeRule] INFO  safemode.SCMSafeModeManager (SCMSafeModeManager.java:validateSafeModeExitRules(201)) - AtleastOneDatanodeReportedRule rule is successfully validated
2021-04-26 08:57:23,618 [EventQueue-OpenPipelineForHealthyPipelineSafeModeRule] INFO  safemode.SCMSafeModeManager (HealthyPipelineSafeModeRule.java:process(130)) - SCM in safe mode. Healthy pipelines reported count is 0, required healthy pipeline reported count is 1
2021-04-26 08:57:23,839 [Listener at 127.0.0.1/35725] INFO  ozone.MiniOzoneClusterImpl (MiniOzoneClusterImpl.java:lambda$waitForClusterToBeReady$0(223)) - Nodes are ready. Got 9 of 9 DN Heartbeats.
2021-04-26 08:57:23,840 [Listener at 127.0.0.1/35725] INFO  ozone.MiniOzoneClusterImpl (MiniOzoneClusterImpl.java:lambda$waitForClusterToBeReady$0(226)) - Waiting for cluster to exit safe mode
2021-04-26 08:57:23,840 [Listener at 127.0.0.1/35725] INFO  ozone.MiniOzoneClusterImpl (MiniOzoneClusterImpl.java:lambda$waitForClusterToBeReady$0(229)) - SCM became leader
2021-04-26 08:57:23,840 [EventQueue-PipelineReportForOneReplicaPipelineSafeModeRule] INFO  safemode.SCMSafeModeManager (SCMSafeModeManager.java:validateSafeModeExitRules(201)) - AtleastOneDatanodeReportedRule rule is successfully validated
2021-04-26 08:57:23,840 [EventQueue-OpenPipelineForHealthyPipelineSafeModeRule] INFO  safemode.SCMSafeModeManager (HealthyPipelineSafeModeRule.java:process(130)) - SCM in safe mode. Healthy pipelines reported count is 0, required healthy pipeline reported count is 1
2021-04-26 08:57:23,843 [EventQueue-OpenPipelineForHealthyPipelineSafeModeRule] INFO  safemode.SCMSafeModeManager (HealthyPipelineSafeModeRule.java:process(130)) - SCM in safe mode. Healthy pipelines reported count is 0, required healthy pipeline reported count is 1
2021-04-26 08:57:23,843 [EventQueue-PipelineReportForOneReplicaPipelineSafeModeRule] INFO  safemode.SCMSafeModeManager (SCMSafeModeManager.java:validateSafeModeExitRules(201)) - AtleastOneDatanodeReportedRule rule is successfully validated
2021-04-26 08:57:24,009 [EventQueue-PipelineReportForOneReplicaPipelineSafeModeRule] INFO  safemode.SCMSafeModeManager (SCMSafeModeManager.java:validateSafeModeExitRules(201)) - AtleastOneDatanodeReportedRule rule is successfully validated
2021-04-26 08:57:24,010 [EventQueue-OpenPipelineForHealthyPipelineSafeModeRule] INFO  safemode.SCMSafeModeManager (HealthyPipelineSafeModeRule.java:process(130)) - SCM in safe mode. Healthy pipelines reported count is 0, required healthy pipeline reported count is 1
2021-04-26 08:57:24,132 [EventQueue-OpenPipelineForHealthyPipelineSafeModeRule] INFO  safemode.SCMSafeModeManager (HealthyPipelineSafeModeRule.java:process(130)) - SCM in safe mode. Healthy pipelines reported count is 0, required healthy pipeline reported count is 1
2021-04-26 08:57:24,132 [EventQueue-PipelineReportForOneReplicaPipelineSafeModeRule] INFO  safemode.SCMSafeModeManager (SCMSafeModeManager.java:validateSafeModeExitRules(201)) - AtleastOneDatanodeReportedRule rule is successfully validated
2021-04-26 08:57:24,252 [EventQueue-OpenPipelineForHealthyPipelineSafeModeRule] INFO  safemode.SCMSafeModeManager (HealthyPipelineSafeModeRule.java:process(130)) - SCM in safe mode. Healthy pipelines reported count is 0, required healthy pipeline reported count is 1
2021-04-26 08:57:24,252 [EventQueue-PipelineReportForOneReplicaPipelineSafeModeRule] INFO  safemode.SCMSafeModeManager (SCMSafeModeManager.java:validateSafeModeExitRules(201)) - AtleastOneDatanodeReportedRule rule is successfully validated
2021-04-26 08:57:24,313 [EventQueue-OpenPipelineForHealthyPipelineSafeModeRule] INFO  safemode.SCMSafeModeManager (HealthyPipelineSafeModeRule.java:process(130)) - SCM in safe mode. Healthy pipelines reported count is 0, required healthy pipeline reported count is 1
2021-04-26 08:57:24,313 [EventQueue-PipelineReportForOneReplicaPipelineSafeModeRule] INFO  safemode.SCMSafeModeManager (SCMSafeModeManager.java:validateSafeModeExitRules(201)) - AtleastOneDatanodeReportedRule rule is successfully validated
2021-04-26 08:57:24,446 [EventQueue-OpenPipelineForHealthyPipelineSafeModeRule] INFO  safemode.SCMSafeModeManager (HealthyPipelineSafeModeRule.java:process(130)) - SCM in safe mode. Healthy pipelines reported count is 0, required healthy pipeline reported count is 1
2021-04-26 08:57:24,447 [EventQueue-PipelineReportForOneReplicaPipelineSafeModeRule] INFO  safemode.SCMSafeModeManager (SCMSafeModeManager.java:validateSafeModeExitRules(201)) - AtleastOneDatanodeReportedRule rule is successfully validated
2021-04-26 08:57:24,505 [EventQueue-PipelineReportForOneReplicaPipelineSafeModeRule] INFO  safemode.SCMSafeModeManager (SCMSafeModeManager.java:validateSafeModeExitRules(201)) - AtleastOneDatanodeReportedRule rule is successfully validated
2021-04-26 08:57:24,506 [EventQueue-OpenPipelineForHealthyPipelineSafeModeRule] INFO  safemode.SCMSafeModeManager (HealthyPipelineSafeModeRule.java:process(130)) - SCM in safe mode. Healthy pipelines reported count is 0, required healthy pipeline reported count is 1
2021-04-26 08:57:24,619 [EventQueue-PipelineReportForOneReplicaPipelineSafeModeRule] INFO  safemode.SCMSafeModeManager (SCMSafeModeManager.java:validateSafeModeExitRules(201)) - AtleastOneDatanodeReportedRule rule is successfully validated
2021-04-26 08:57:24,620 [EventQueue-OpenPipelineForHealthyPipelineSafeModeRule] INFO  safemode.SCMSafeModeManager (HealthyPipelineSafeModeRule.java:process(130)) - SCM in safe mode. Healthy pipelines reported count is 0, required healthy pipeline reported count is 1
2021-04-26 08:57:24,840 [Listener at 127.0.0.1/35725] INFO  ozone.MiniOzoneClusterImpl (MiniOzoneClusterImpl.java:lambda$waitForClusterToBeReady$0(223)) - Nodes are ready. Got 9 of 9 DN Heartbeats.
2021-04-26 08:57:24,840 [Listener at 127.0.0.1/35725] INFO  ozone.MiniOzoneClusterImpl (MiniOzoneClusterImpl.java:lambda$waitForClusterToBeReady$0(226)) - Waiting for cluster to exit safe mode
2021-04-26 08:57:24,841 [Listener at 127.0.0.1/35725] INFO  ozone.MiniOzoneClusterImpl (MiniOzoneClusterImpl.java:lambda$waitForClusterToBeReady$0(229)) - SCM became leader
2021-04-26 08:57:24,841 [EventQueue-PipelineReportForOneReplicaPipelineSafeModeRule] INFO  safemode.SCMSafeModeManager (SCMSafeModeManager.java:validateSafeModeExitRules(201)) - AtleastOneDatanodeReportedRule rule is successfully validated
2021-04-26 08:57:24,841 [EventQueue-OpenPipelineForHealthyPipelineSafeModeRule] INFO  safemode.SCMSafeModeManager (HealthyPipelineSafeModeRule.java:process(130)) - SCM in safe mode. Healthy pipelines reported count is 0, required healthy pipeline reported count is 1
2021-04-26 08:57:24,843 [EventQueue-PipelineReportForOneReplicaPipelineSafeModeRule] INFO  safemode.SCMSafeModeManager (SCMSafeModeManager.java:validateSafeModeExitRules(201)) - AtleastOneDatanodeReportedRule rule is successfully validated
2021-04-26 08:57:24,843 [EventQueue-OpenPipelineForHealthyPipelineSafeModeRule] INFO  safemode.SCMSafeModeManager (HealthyPipelineSafeModeRule.java:process(130)) - SCM in safe mode. Healthy pipelines reported count is 0, required healthy pipeline reported count is 1
2021-04-26 08:57:25,008 [EventQueue-OpenPipelineForHealthyPipelineSafeModeRule] INFO  safemode.SCMSafeModeManager (HealthyPipelineSafeModeRule.java:process(130)) - SCM in safe mode. Healthy pipelines reported count is 0, required healthy pipeline reported count is 1
2021-04-26 08:57:25,008 [EventQueue-PipelineReportForOneReplicaPipelineSafeModeRule] INFO  safemode.SCMSafeModeManager (SCMSafeModeManager.java:validateSafeModeExitRules(201)) - AtleastOneDatanodeReportedRule rule is successfully validated
2021-04-26 08:57:25,132 [EventQueue-PipelineReportForOneReplicaPipelineSafeModeRule] INFO  safemode.SCMSafeModeManager (SCMSafeModeManager.java:validateSafeModeExitRules(201)) - AtleastOneDatanodeReportedRule rule is successfully validated
2021-04-26 08:57:25,132 [EventQueue-OpenPipelineForHealthyPipelineSafeModeRule] INFO  safemode.SCMSafeModeManager (HealthyPipelineSafeModeRule.java:process(130)) - SCM in safe mode. Healthy pipelines reported count is 0, required healthy pipeline reported count is 1
2021-04-26 08:57:25,196 [5dce0fb0-fe11-4d63-8819-9c36ac88e0b4@group-52ACEB09B551-FollowerState] INFO  impl.FollowerState (FollowerState.java:run(134)) - 5dce0fb0-fe11-4d63-8819-9c36ac88e0b4@group-52ACEB09B551-FollowerState: change to CANDIDATE, lastRpcElapsedTime:5076294283ns, electionTimeout:5075ms
2021-04-26 08:57:25,197 [5dce0fb0-fe11-4d63-8819-9c36ac88e0b4@group-52ACEB09B551-FollowerState] INFO  impl.RoleInfo (RoleInfo.java:shutdownFollowerState(108)) - 5dce0fb0-fe11-4d63-8819-9c36ac88e0b4: shutdown 5dce0fb0-fe11-4d63-8819-9c36ac88e0b4@group-52ACEB09B551-FollowerState
2021-04-26 08:57:25,197 [5dce0fb0-fe11-4d63-8819-9c36ac88e0b4@group-52ACEB09B551-FollowerState] INFO  server.RaftServer$Division (RaftServerImpl.java:setRole(284)) - 5dce0fb0-fe11-4d63-8819-9c36ac88e0b4@group-52ACEB09B551: changes role from  FOLLOWER to CANDIDATE at term 0 for changeToCandidate
2021-04-26 08:57:25,198 [5dce0fb0-fe11-4d63-8819-9c36ac88e0b4@group-52ACEB09B551-FollowerState] INFO  server.RaftServerConfigKeys (ConfUtils.java:logGet(44)) - raft.server.leaderelection.pre-vote = false (custom)
2021-04-26 08:57:25,199 [5dce0fb0-fe11-4d63-8819-9c36ac88e0b4@group-52ACEB09B551-FollowerState] INFO  impl.RoleInfo (RoleInfo.java:updateAndGet(130)) - 5dce0fb0-fe11-4d63-8819-9c36ac88e0b4: start 5dce0fb0-fe11-4d63-8819-9c36ac88e0b4@group-52ACEB09B551-LeaderElection58
2021-04-26 08:57:25,202 [5dce0fb0-fe11-4d63-8819-9c36ac88e0b4@group-52ACEB09B551-LeaderElection58] INFO  impl.LeaderElection (LeaderElection.java:askForVotes(306)) - 5dce0fb0-fe11-4d63-8819-9c36ac88e0b4@group-52ACEB09B551-LeaderElection58 ELECTION round 0: submit vote requests at term 1 for -1: [5dce0fb0-fe11-4d63-8819-9c36ac88e0b4|rpc:172.17.0.2:35669|priority:1], old=null
2021-04-26 08:57:25,202 [5dce0fb0-fe11-4d63-8819-9c36ac88e0b4@group-52ACEB09B551-LeaderElection58] INFO  impl.LeaderElection (LeaderElection.java:askForVotes(308)) - 5dce0fb0-fe11-4d63-8819-9c36ac88e0b4@group-52ACEB09B551-LeaderElection58 ELECTION round 0: result PASSED (term=1)
2021-04-26 08:57:25,203 [5dce0fb0-fe11-4d63-8819-9c36ac88e0b4@group-52ACEB09B551-LeaderElection58] INFO  impl.RoleInfo (RoleInfo.java:shutdownLeaderElection(121)) - 5dce0fb0-fe11-4d63-8819-9c36ac88e0b4: shutdown 5dce0fb0-fe11-4d63-8819-9c36ac88e0b4@group-52ACEB09B551-LeaderElection58
2021-04-26 08:57:25,203 [5dce0fb0-fe11-4d63-8819-9c36ac88e0b4@group-52ACEB09B551-LeaderElection58] INFO  server.RaftServer$Division (RaftServerImpl.java:setRole(284)) - 5dce0fb0-fe11-4d63-8819-9c36ac88e0b4@group-52ACEB09B551: changes role from CANDIDATE to LEADER at term 1 for changeToLeader
2021-04-26 08:57:25,203 [5dce0fb0-fe11-4d63-8819-9c36ac88e0b4@group-52ACEB09B551-LeaderElection58] INFO  ratis.XceiverServerRatis (XceiverServerRatis.java:handleLeaderChangedNotification(906)) - Leader change notification received for group: group-52ACEB09B551 with new leaderId: 5dce0fb0-fe11-4d63-8819-9c36ac88e0b4
2021-04-26 08:57:25,203 [5dce0fb0-fe11-4d63-8819-9c36ac88e0b4@group-52ACEB09B551-LeaderElection58] INFO  server.RaftServer$Division (ServerState.java:setLeader(271)) - 5dce0fb0-fe11-4d63-8819-9c36ac88e0b4@group-52ACEB09B551: change Leader from null to 5dce0fb0-fe11-4d63-8819-9c36ac88e0b4 at term 1 for becomeLeader, leader elected after 5099ms
2021-04-26 08:57:25,203 [5dce0fb0-fe11-4d63-8819-9c36ac88e0b4@group-52ACEB09B551-LeaderElection58] INFO  server.RaftServerConfigKeys (ConfUtils.java:logGet(44)) - raft.server.staging.catchup.gap = 1000 (default)
2021-04-26 08:57:25,203 [5dce0fb0-fe11-4d63-8819-9c36ac88e0b4@group-52ACEB09B551-LeaderElection58] INFO  metrics.RatisMetrics (RatisMetrics.java:lambda$create$0(36)) - Creating Metrics Registry : ratis.log_appender.5dce0fb0-fe11-4d63-8819-9c36ac88e0b4@group-52ACEB09B551
2021-04-26 08:57:25,204 [EventQueue-PipelineReportForOneReplicaPipelineSafeModeRule] INFO  safemode.SCMSafeModeManager (SCMSafeModeManager.java:validateSafeModeExitRules(201)) - AtleastOneDatanodeReportedRule rule is successfully validated
2021-04-26 08:57:25,204 [EventQueue-OpenPipelineForHealthyPipelineSafeModeRule] INFO  safemode.SCMSafeModeManager (HealthyPipelineSafeModeRule.java:process(130)) - SCM in safe mode. Healthy pipelines reported count is 0, required healthy pipeline reported count is 1
2021-04-26 08:57:25,204 [5dce0fb0-fe11-4d63-8819-9c36ac88e0b4@group-52ACEB09B551-LeaderElection58] INFO  server.RaftServerConfigKeys (ConfUtils.java:logGet(44)) - raft.server.write.element-limit = 1024 (custom)
2021-04-26 08:57:25,204 [5dce0fb0-fe11-4d63-8819-9c36ac88e0b4@group-52ACEB09B551-LeaderElection58] INFO  server.RaftServerConfigKeys (ConfUtils.java:logGet(44)) - raft.server.write.byte-limit = 1073741824 (custom)
2021-04-26 08:57:25,205 [5dce0fb0-fe11-4d63-8819-9c36ac88e0b4@group-52ACEB09B551-LeaderElection58] INFO  server.RaftServerConfigKeys (ConfUtils.java:logGet(44)) - raft.server.watch.timeout = 3000ms (custom)
2021-04-26 08:57:25,205 [5dce0fb0-fe11-4d63-8819-9c36ac88e0b4@group-52ACEB09B551-LeaderElection58] INFO  server.RaftServerConfigKeys (ConfUtils.java:logGet(44)) - raft.server.watch.timeout.denomination = 1s (default)
2021-04-26 08:57:25,205 [5dce0fb0-fe11-4d63-8819-9c36ac88e0b4@group-52ACEB09B551-LeaderElection58] INFO  server.RaftServerConfigKeys (ConfUtils.java:logGet(44)) - raft.server.watch.element-limit = 65536 (default)
2021-04-26 08:57:25,205 [5dce0fb0-fe11-4d63-8819-9c36ac88e0b4@group-52ACEB09B551-LeaderElection58] INFO  impl.RoleInfo (RoleInfo.java:updateAndGet(130)) - 5dce0fb0-fe11-4d63-8819-9c36ac88e0b4: start 5dce0fb0-fe11-4d63-8819-9c36ac88e0b4@group-52ACEB09B551-LeaderStateImpl
2021-04-26 08:57:25,206 [5dce0fb0-fe11-4d63-8819-9c36ac88e0b4@group-52ACEB09B551-LeaderElection58] INFO  segmented.SegmentedRaftLogWorker (SegmentedRaftLogWorker.java:startLogSegment(394)) - 5dce0fb0-fe11-4d63-8819-9c36ac88e0b4@group-52ACEB09B551-SegmentedRaftLogWorker: Starting segment from index:0
2021-04-26 08:57:25,208 [5dce0fb0-fe11-4d63-8819-9c36ac88e0b4@group-52ACEB09B551-LeaderElection58] INFO  server.RaftServer$Division (ServerState.java:setRaftConf(373)) - 5dce0fb0-fe11-4d63-8819-9c36ac88e0b4@group-52ACEB09B551: set configuration 0: [5dce0fb0-fe11-4d63-8819-9c36ac88e0b4|rpc:172.17.0.2:35669|dataStream:|priority:1], old=null
2021-04-26 08:57:25,208 [5dce0fb0-fe11-4d63-8819-9c36ac88e0b4@group-52ACEB09B551-SegmentedRaftLogWorker] INFO  segmented.SegmentedRaftLogWorker (SegmentedRaftLogWorker.java:execute(601)) - 5dce0fb0-fe11-4d63-8819-9c36ac88e0b4@group-52ACEB09B551-SegmentedRaftLogWorker: created new log segment /github/workspace/mnt/ozone/hadoop-ozone/integration-test/target/test-dir/MiniOzoneClusterImpl-80072cdf-ce72-42fa-91c0-6b866cc407f5/datanode-0/data/ratis/21344cef-3128-4a67-8121-52aceb09b551/current/log_inprogress_0
2021-04-26 08:57:25,252 [EventQueue-OpenPipelineForHealthyPipelineSafeModeRule] INFO  safemode.SCMSafeModeManager (HealthyPipelineSafeModeRule.java:process(130)) - SCM in safe mode. Healthy pipelines reported count is 0, required healthy pipeline reported count is 1
2021-04-26 08:57:25,252 [EventQueue-PipelineReportForOneReplicaPipelineSafeModeRule] INFO  safemode.SCMSafeModeManager (SCMSafeModeManager.java:validateSafeModeExitRules(201)) - AtleastOneDatanodeReportedRule rule is successfully validated
2021-04-26 08:57:25,258 [13dc8373-51b3-40e2-8cf0-22ac5417d2f8@group-4777C1971FFE-FollowerState] INFO  impl.FollowerState (FollowerState.java:run(134)) - 13dc8373-51b3-40e2-8cf0-22ac5417d2f8@group-4777C1971FFE-FollowerState: change to CANDIDATE, lastRpcElapsedTime:5047070469ns, electionTimeout:5045ms
2021-04-26 08:57:25,259 [13dc8373-51b3-40e2-8cf0-22ac5417d2f8@group-4777C1971FFE-FollowerState] INFO  impl.RoleInfo (RoleInfo.java:shutdownFollowerState(108)) - 13dc8373-51b3-40e2-8cf0-22ac5417d2f8: shutdown 13dc8373-51b3-40e2-8cf0-22ac5417d2f8@group-4777C1971FFE-FollowerState
2021-04-26 08:57:25,259 [13dc8373-51b3-40e2-8cf0-22ac5417d2f8@group-4777C1971FFE-FollowerState] INFO  server.RaftServer$Division (RaftServerImpl.java:setRole(284)) - 13dc8373-51b3-40e2-8cf0-22ac5417d2f8@group-4777C1971FFE: changes role from  FOLLOWER to CANDIDATE at term 0 for changeToCandidate
2021-04-26 08:57:25,260 [13dc8373-51b3-40e2-8cf0-22ac5417d2f8@group-4777C1971FFE-FollowerState] INFO  server.RaftServerConfigKeys (ConfUtils.java:logGet(44)) - raft.server.leaderelection.pre-vote = false (custom)
2021-04-26 08:57:25,260 [13dc8373-51b3-40e2-8cf0-22ac5417d2f8@group-4777C1971FFE-FollowerState] INFO  impl.RoleInfo (RoleInfo.java:updateAndGet(130)) - 13dc8373-51b3-40e2-8cf0-22ac5417d2f8: start 13dc8373-51b3-40e2-8cf0-22ac5417d2f8@group-4777C1971FFE-LeaderElection59
2021-04-26 08:57:25,264 [13dc8373-51b3-40e2-8cf0-22ac5417d2f8@group-4777C1971FFE-LeaderElection59] INFO  impl.LeaderElection (LeaderElection.java:askForVotes(306)) - 13dc8373-51b3-40e2-8cf0-22ac5417d2f8@group-4777C1971FFE-LeaderElection59 ELECTION round 0: submit vote requests at term 1 for -1: [3e3f1c58-71d4-4b4b-a4fa-fbb64653de38|rpc:172.17.0.2:39811|dataStream:|priority:0, 5dce0fb0-fe11-4d63-8819-9c36ac88e0b4|rpc:172.17.0.2:35669|dataStream:|priority:0, 13dc8373-51b3-40e2-8cf0-22ac5417d2f8|rpc:172.17.0.2:40591|dataStream:|priority:1], old=null
2021-04-26 08:57:25,275 [grpc-default-executor-2] INFO  metrics.RatisMetrics (RatisMetrics.java:lambda$create$0(36)) - Creating Metrics Registry : ratis.server_message_metrics.5dce0fb0-fe11-4d63-8819-9c36ac88e0b4
2021-04-26 08:57:25,277 [grpc-default-executor-2] INFO  server.RaftServer$Division (RaftServerImpl.java:requestVote(1042)) - 5dce0fb0-fe11-4d63-8819-9c36ac88e0b4@group-4777C1971FFE: receive requestVote(ELECTION, 13dc8373-51b3-40e2-8cf0-22ac5417d2f8, group-4777C1971FFE, 1, (t:0, i:0))
2021-04-26 08:57:25,277 [grpc-default-executor-2] INFO  impl.VoteContext (VoteContext.java:log(48)) - 5dce0fb0-fe11-4d63-8819-9c36ac88e0b4@group-4777C1971FFE-FOLLOWER: accept ELECTION from 13dc8373-51b3-40e2-8cf0-22ac5417d2f8: our priority 0 <= candidate's priority 1
2021-04-26 08:57:25,277 [grpc-default-executor-2] INFO  server.RaftServer$Division (RaftServerImpl.java:setRole(284)) - 5dce0fb0-fe11-4d63-8819-9c36ac88e0b4@group-4777C1971FFE: changes role from  FOLLOWER to FOLLOWER at term 1 for candidate:13dc8373-51b3-40e2-8cf0-22ac5417d2f8
2021-04-26 08:57:25,278 [grpc-default-executor-2] INFO  impl.RoleInfo (RoleInfo.java:shutdownFollowerState(108)) - 5dce0fb0-fe11-4d63-8819-9c36ac88e0b4: shutdown 5dce0fb0-fe11-4d63-8819-9c36ac88e0b4@group-4777C1971FFE-FollowerState
2021-04-26 08:57:25,278 [grpc-default-executor-2] INFO  impl.RoleInfo (RoleInfo.java:updateAndGet(130)) - 5dce0fb0-fe11-4d63-8819-9c36ac88e0b4: start 5dce0fb0-fe11-4d63-8819-9c36ac88e0b4@group-4777C1971FFE-FollowerState
2021-04-26 08:57:25,286 [grpc-default-executor-2] INFO  server.RaftServer$Division (RaftServerImpl.java:requestVote(1074)) - 5dce0fb0-fe11-4d63-8819-9c36ac88e0b4@group-4777C1971FFE replies to ELECTION vote request: 13dc8373-51b3-40e2-8cf0-22ac5417d2f8<-5dce0fb0-fe11-4d63-8819-9c36ac88e0b4#0:OK-t1. Peer's state: 5dce0fb0-fe11-4d63-8819-9c36ac88e0b4@group-4777C1971FFE:t1, leader=null, voted=13dc8373-51b3-40e2-8cf0-22ac5417d2f8, raftlog=5dce0fb0-fe11-4d63-8819-9c36ac88e0b4@group-4777C1971FFE-SegmentedRaftLog:OPENED:c-1,f-1,i0, conf=-1: [3e3f1c58-71d4-4b4b-a4fa-fbb64653de38|rpc:172.17.0.2:39811|priority:0, 5dce0fb0-fe11-4d63-8819-9c36ac88e0b4|rpc:172.17.0.2:35669|priority:0, 13dc8373-51b3-40e2-8cf0-22ac5417d2f8|rpc:172.17.0.2:40591|priority:1], old=null
2021-04-26 08:57:25,287 [5dce0fb0-fe11-4d63-8819-9c36ac88e0b4@group-4777C1971FFE-FollowerState] INFO  impl.FollowerState (FollowerState.java:run(134)) - 5dce0fb0-fe11-4d63-8819-9c36ac88e0b4@group-4777C1971FFE-FollowerState: change to CANDIDATE, lastRpcElapsedTime:5142519019ns, electionTimeout:5132ms
2021-04-26 08:57:25,287 [5dce0fb0-fe11-4d63-8819-9c36ac88e0b4@group-4777C1971FFE-FollowerState] INFO  impl.RoleInfo (RoleInfo.java:shutdownFollowerState(108)) - 5dce0fb0-fe11-4d63-8819-9c36ac88e0b4: shutdown 5dce0fb0-fe11-4d63-8819-9c36ac88e0b4@group-4777C1971FFE-FollowerState
2021-04-26 08:57:25,287 [5dce0fb0-fe11-4d63-8819-9c36ac88e0b4@group-4777C1971FFE-FollowerState] INFO  server.RaftServer$Division (RaftServerImpl.java:setRole(284)) - 5dce0fb0-fe11-4d63-8819-9c36ac88e0b4@group-4777C1971FFE: changes role from  FOLLOWER to CANDIDATE at term 1 for changeToCandidate
2021-04-26 08:57:25,287 [5dce0fb0-fe11-4d63-8819-9c36ac88e0b4@group-4777C1971FFE-FollowerState] INFO  server.RaftServerConfigKeys (ConfUtils.java:logGet(44)) - raft.server.leaderelection.pre-vote = false (custom)
2021-04-26 08:57:25,287 [5dce0fb0-fe11-4d63-8819-9c36ac88e0b4@group-4777C1971FFE-FollowerState] INFO  impl.RoleInfo (RoleInfo.java:updateAndGet(130)) - 5dce0fb0-fe11-4d63-8819-9c36ac88e0b4: start 5dce0fb0-fe11-4d63-8819-9c36ac88e0b4@group-4777C1971FFE-LeaderElection60
2021-04-26 08:57:25,290 [13dc8373-51b3-40e2-8cf0-22ac5417d2f8@group-4777C1971FFE-LeaderElection59] INFO  impl.LeaderElection (LeaderElection.java:logAndReturn(89)) - 13dc8373-51b3-40e2-8cf0-22ac5417d2f8@group-4777C1971FFE-LeaderElection59: ELECTION PASSED received 1 response(s) and 0 exception(s):
2021-04-26 08:57:25,290 [13dc8373-51b3-40e2-8cf0-22ac5417d2f8@group-4777C1971FFE-LeaderElection59] INFO  impl.LeaderElection (LeaderElection.java:logAndReturn(93)) -   Response 0: 13dc8373-51b3-40e2-8cf0-22ac5417d2f8<-5dce0fb0-fe11-4d63-8819-9c36ac88e0b4#0:OK-t1
2021-04-26 08:57:25,290 [13dc8373-51b3-40e2-8cf0-22ac5417d2f8@group-4777C1971FFE-LeaderElection59] INFO  impl.LeaderElection (LeaderElection.java:askForVotes(308)) - 13dc8373-51b3-40e2-8cf0-22ac5417d2f8@group-4777C1971FFE-LeaderElection59 ELECTION round 0: result PASSED
2021-04-26 08:57:25,290 [13dc8373-51b3-40e2-8cf0-22ac5417d2f8@group-4777C1971FFE-LeaderElection59] INFO  impl.RoleInfo (RoleInfo.java:shutdownLeaderElection(121)) - 13dc8373-51b3-40e2-8cf0-22ac5417d2f8: shutdown 13dc8373-51b3-40e2-8cf0-22ac5417d2f8@group-4777C1971FFE-LeaderElection59
2021-04-26 08:57:25,291 [13dc8373-51b3-40e2-8cf0-22ac5417d2f8@group-4777C1971FFE-LeaderElection59] INFO  server.RaftServer$Division (RaftServerImpl.java:setRole(284)) - 13dc8373-51b3-40e2-8cf0-22ac5417d2f8@group-4777C1971FFE: changes role from CANDIDATE to LEADER at term 1 for changeToLeader
2021-04-26 08:57:25,291 [13dc8373-51b3-40e2-8cf0-22ac5417d2f8@group-4777C1971FFE-LeaderElection59] INFO  ratis.XceiverServerRatis (XceiverServerRatis.java:handleLeaderChangedNotification(906)) - Leader change notification received for group: group-4777C1971FFE with new leaderId: 13dc8373-51b3-40e2-8cf0-22ac5417d2f8
2021-04-26 08:57:25,291 [5dce0fb0-fe11-4d63-8819-9c36ac88e0b4@group-4777C1971FFE-LeaderElection60] INFO  impl.LeaderElection (LeaderElection.java:askForVotes(306)) - 5dce0fb0-fe11-4d63-8819-9c36ac88e0b4@group-4777C1971FFE-LeaderElection60 ELECTION round 0: submit vote requests at term 2 for -1: [3e3f1c58-71d4-4b4b-a4fa-fbb64653de38|rpc:172.17.0.2:39811|priority:0, 5dce0fb0-fe11-4d63-8819-9c36ac88e0b4|rpc:172.17.0.2:35669|priority:0, 13dc8373-51b3-40e2-8cf0-22ac5417d2f8|rpc:172.17.0.2:40591|priority:1], old=null
2021-04-26 08:57:25,292 [EventQueue-PipelineReportForOneReplicaPipelineSafeModeRule] INFO  safemode.SCMSafeModeManager (SCMSafeModeManager.java:validateSafeModeExitRules(201)) - AtleastOneDatanodeReportedRule rule is successfully validated
2021-04-26 08:57:25,292 [EventQueue-PipelineReportForPipelineReportHandler] INFO  pipeline.PipelineManagerV2Impl (PipelineManagerV2Impl.java:openPipeline(270)) - Pipeline Pipeline[ Id: aa22d13b-0188-4d85-8a6b-4777c1971ffe, Nodes: 3e3f1c58-71d4-4b4b-a4fa-fbb64653de38{ip: 172.17.0.2, host: ffee826fe4eb, ports: [REPLICATION=36035, RATIS=39811, RATIS_ADMIN=39811, RATIS_SERVER=39811, STANDALONE=34485], networkLocation: /default-rack, certSerialId: null, persistedOpState: IN_SERVICE, persistedOpStateExpiryEpochSec: 0}5dce0fb0-fe11-4d63-8819-9c36ac88e0b4{ip: 172.17.0.2, host: ffee826fe4eb, ports: [REPLICATION=34497, RATIS=35669, RATIS_ADMIN=35669, RATIS_SERVER=35669, STANDALONE=42393], networkLocation: /default-rack, certSerialId: null, persistedOpState: IN_SERVICE, persistedOpStateExpiryEpochSec: 0}13dc8373-51b3-40e2-8cf0-22ac5417d2f8{ip: 172.17.0.2, host: ffee826fe4eb, ports: [REPLICATION=42279, RATIS=40591, RATIS_ADMIN=40591, RATIS_SERVER=40591, STANDALONE=45177], networkLocation: /default-rack, certSerialId: null, persistedOpState: IN_SERVICE, persistedOpStateExpiryEpochSec: 0}, ReplicationConfig: RATIS/THREE, State:ALLOCATED, leaderId:13dc8373-51b3-40e2-8cf0-22ac5417d2f8, CreationTimestamp2021-04-26T08:57:17.504Z] moved to OPEN state
2021-04-26 08:57:25,291 [13dc8373-51b3-40e2-8cf0-22ac5417d2f8@group-4777C1971FFE-LeaderElection59] INFO  server.RaftServer$Division (ServerState.java:setLeader(271)) - 13dc8373-51b3-40e2-8cf0-22ac5417d2f8@group-4777C1971FFE: change Leader from null to 13dc8373-51b3-40e2-8cf0-22ac5417d2f8 at term 1 for becomeLeader, leader elected after 5086ms
2021-04-26 08:57:25,299 [13dc8373-51b3-40e2-8cf0-22ac5417d2f8@group-4777C1971FFE-LeaderElection59] INFO  server.RaftServerConfigKeys (ConfUtils.java:logGet(44)) - raft.server.staging.catchup.gap = 1000 (default)
2021-04-26 08:57:25,299 [EventQueue-OpenPipelineForHealthyPipelineSafeModeRule] INFO  safemode.SCMSafeModeManager (HealthyPipelineSafeModeRule.java:process(130)) - SCM in safe mode. Healthy pipelines reported count is 1, required healthy pipeline reported count is 1
2021-04-26 08:57:25,299 [EventQueue-OpenPipelineForHealthyPipelineSafeModeRule] INFO  safemode.SCMSafeModeManager (SCMSafeModeManager.java:validateSafeModeExitRules(201)) - HealthyPipelineSafeModeRule rule is successfully validated
2021-04-26 08:57:25,299 [EventQueue-OpenPipelineForHealthyPipelineSafeModeRule] INFO  safemode.SCMSafeModeManager (SCMSafeModeManager.java:validateSafeModeExitRules(215)) - ScmSafeModeManager, all rules are successfully validated
2021-04-26 08:57:25,299 [EventQueue-OpenPipelineForHealthyPipelineSafeModeRule] INFO  safemode.SCMSafeModeManager (SCMSafeModeManager.java:exitSafeMode(244)) - SCM exiting safe mode.
2021-04-26 08:57:25,299 [EventQueue-OpenPipelineForHealthyPipelineSafeModeRule] WARN  events.EventQueue (EventQueue.java:fireEvent(185)) - No event handler registered for event TypedEvent{payloadType=SafeModeStatus, name='Safe mode status'}
2021-04-26 08:57:25,299 [EventQueue-OpenPipelineForHealthyPipelineSafeModeRule] INFO  ha.SCMContext (SCMContext.java:updateSafeModeStatus(147)) - Update SafeModeStatus from SafeModeStatus{safeModeStatus=true, preCheckPassed=true} to SafeModeStatus{safeModeStatus=false, preCheckPassed=true}.
2021-04-26 08:57:25,300 [EventQueue-OpenPipelineForHealthyPipelineSafeModeRule] INFO  pipeline.BackgroundPipelineCreator (BackgroundPipelineCreatorV2.java:notifyStatusChanged(261)) - Service BackgroundPipelineCreator transitions to RUNNING.
2021-04-26 08:57:25,300 [EventQueue-OpenPipelineForHealthyPipelineSafeModeRule] INFO  container.ReplicationManager (ReplicationManager.java:notifyStatusChanged(1279)) - Service ReplicationManager transitions to RUNNING.
2021-04-26 08:57:25,310 [13dc8373-51b3-40e2-8cf0-22ac5417d2f8@group-4777C1971FFE-LeaderElection59] INFO  metrics.RatisMetrics (RatisMetrics.java:lambda$create$0(36)) - Creating Metrics Registry : ratis.log_appender.13dc8373-51b3-40e2-8cf0-22ac5417d2f8@group-4777C1971FFE
2021-04-26 08:57:25,310 [13dc8373-51b3-40e2-8cf0-22ac5417d2f8@group-4777C1971FFE-LeaderElection59] INFO  server.RaftServerConfigKeys (ConfUtils.java:logGet(44)) - raft.server.write.element-limit = 1024 (custom)
2021-04-26 08:57:25,310 [13dc8373-51b3-40e2-8cf0-22ac5417d2f8@group-4777C1971FFE-LeaderElection59] INFO  server.RaftServerConfigKeys (ConfUtils.java:logGet(44)) - raft.server.write.byte-limit = 1073741824 (custom)
2021-04-26 08:57:25,311 [13dc8373-51b3-40e2-8cf0-22ac5417d2f8@group-4777C1971FFE-LeaderElection59] INFO  server.RaftServerConfigKeys (ConfUtils.java:logGet(44)) - raft.server.watch.timeout = 3000ms (custom)
2021-04-26 08:57:25,311 [13dc8373-51b3-40e2-8cf0-22ac5417d2f8@group-4777C1971FFE-LeaderElection59] INFO  server.RaftServerConfigKeys (ConfUtils.java:logGet(44)) - raft.server.watch.timeout.denomination = 1s (default)
2021-04-26 08:57:25,311 [13dc8373-51b3-40e2-8cf0-22ac5417d2f8@group-4777C1971FFE-LeaderElection59] INFO  server.RaftServerConfigKeys (ConfUtils.java:logGet(44)) - raft.server.watch.element-limit = 65536 (default)
2021-04-26 08:57:25,311 [13dc8373-51b3-40e2-8cf0-22ac5417d2f8@group-4777C1971FFE-LeaderElection59] INFO  server.RaftServerConfigKeys (ConfUtils.java:logGet(44)) - raft.server.log.appender.snapshot.chunk.size.max = 16MB (=16777216) (default)
2021-04-26 08:57:25,311 [13dc8373-51b3-40e2-8cf0-22ac5417d2f8@group-4777C1971FFE-LeaderElection59] INFO  server.RaftServerConfigKeys (ConfUtils.java:logGet(44)) - raft.server.log.appender.buffer.byte-limit = 33554432 (custom)
2021-04-26 08:57:25,311 [13dc8373-51b3-40e2-8cf0-22ac5417d2f8@group-4777C1971FFE-LeaderElection59] INFO  server.RaftServerConfigKeys (ConfUtils.java:logGet(44)) - raft.server.log.appender.buffer.element-limit = 1 (custom)
2021-04-26 08:57:25,311 [13dc8373-51b3-40e2-8cf0-22ac5417d2f8@group-4777C1971FFE-LeaderElection59] INFO  grpc.GrpcConfigKeys (ConfUtils.java:logGet(44)) - raft.grpc.server.leader.outstanding.appends.max = 128 (default)
2021-04-26 08:57:25,311 [13dc8373-51b3-40e2-8cf0-22ac5417d2f8@group-4777C1971FFE-LeaderElection59] INFO  server.RaftServerConfigKeys (ConfUtils.java:logGet(44)) - raft.server.rpc.request.timeout = 3000ms (default)
2021-04-26 08:57:25,311 [13dc8373-51b3-40e2-8cf0-22ac5417d2f8@group-4777C1971FFE-LeaderElection59] INFO  server.RaftServerConfigKeys (ConfUtils.java:logGet(44)) - raft.server.log.appender.install.snapshot.enabled = false (custom)
2021-04-26 08:57:25,311 [13dc8373-51b3-40e2-8cf0-22ac5417d2f8@group-4777C1971FFE-LeaderElection59] INFO  metrics.RatisMetrics (RatisMetrics.java:lambda$create$0(36)) - Creating Metrics Registry : ratis_grpc.log_appender.13dc8373-51b3-40e2-8cf0-22ac5417d2f8@group-4777C1971FFE
2021-04-26 08:57:25,313 [grpc-default-executor-2] INFO  server.RaftServer$Division (RaftServerImpl.java:requestVote(1042)) - 3e3f1c58-71d4-4b4b-a4fa-fbb64653de38@group-4777C1971FFE: receive requestVote(ELECTION, 13dc8373-51b3-40e2-8cf0-22ac5417d2f8, group-4777C1971FFE, 1, (t:0, i:0))
2021-04-26 08:57:25,313 [grpc-default-executor-2] INFO  impl.VoteContext (VoteContext.java:log(48)) - 3e3f1c58-71d4-4b4b-a4fa-fbb64653de38@group-4777C1971FFE-FOLLOWER: accept ELECTION from 13dc8373-51b3-40e2-8cf0-22ac5417d2f8: our priority 0 <= candidate's priority 1
2021-04-26 08:57:25,313 [grpc-default-executor-2] INFO  server.RaftServer$Division (RaftServerImpl.java:setRole(284)) - 3e3f1c58-71d4-4b4b-a4fa-fbb64653de38@group-4777C1971FFE: changes role from  FOLLOWER to FOLLOWER at term 1 for candidate:13dc8373-51b3-40e2-8cf0-22ac5417d2f8
2021-04-26 08:57:25,313 [grpc-default-executor-2] INFO  impl.RoleInfo (RoleInfo.java:shutdownFollowerState(108)) - 3e3f1c58-71d4-4b4b-a4fa-fbb64653de38: shutdown 3e3f1c58-71d4-4b4b-a4fa-fbb64653de38@group-4777C1971FFE-FollowerState
2021-04-26 08:57:25,313 [grpc-default-executor-2] INFO  impl.RoleInfo (RoleInfo.java:updateAndGet(130)) - 3e3f1c58-71d4-4b4b-a4fa-fbb64653de38: start 3e3f1c58-71d4-4b4b-a4fa-fbb64653de38@group-4777C1971FFE-FollowerState
2021-04-26 08:57:25,313 [3e3f1c58-71d4-4b4b-a4fa-fbb64653de38@group-4777C1971FFE-FollowerState] INFO  impl.FollowerState (FollowerState.java:run(143)) - 3e3f1c58-71d4-4b4b-a4fa-fbb64653de38@group-4777C1971FFE-FollowerState was interrupted: {}
java.lang.InterruptedException: sleep interrupted
	at java.lang.Thread.sleep(Native Method)
	at java.lang.Thread.sleep(Thread.java:340)
	at java.util.concurrent.TimeUnit.sleep(TimeUnit.java:386)
	at org.apache.ratis.util.TimeDuration.sleep(TimeDuration.java:324)
	at org.apache.ratis.util.TimeDuration.sleep(TimeDuration.java:309)
	at org.apache.ratis.server.impl.FollowerState.run(FollowerState.java:118)
2021-04-26 08:57:25,315 [13dc8373-51b3-40e2-8cf0-22ac5417d2f8@group-4777C1971FFE-LeaderElection59] INFO  server.RaftServerConfigKeys (ConfUtils.java:logGet(44)) - raft.server.log.appender.snapshot.chunk.size.max = 16MB (=16777216) (default)
2021-04-26 08:57:25,315 [13dc8373-51b3-40e2-8cf0-22ac5417d2f8@group-4777C1971FFE-LeaderElection59] INFO  server.RaftServerConfigKeys (ConfUtils.java:logGet(44)) - raft.server.log.appender.buffer.byte-limit = 33554432 (custom)
2021-04-26 08:57:25,315 [13dc8373-51b3-40e2-8cf0-22ac5417d2f8@group-4777C1971FFE-LeaderElection59] INFO  server.RaftServerConfigKeys (ConfUtils.java:logGet(44)) - raft.server.log.appender.buffer.element-limit = 1 (custom)
2021-04-26 08:57:25,317 [13dc8373-51b3-40e2-8cf0-22ac5417d2f8@group-4777C1971FFE-LeaderElection59] INFO  grpc.GrpcConfigKeys (ConfUtils.java:logGet(44)) - raft.grpc.server.leader.outstanding.appends.max = 128 (default)
2021-04-26 08:57:25,318 [13dc8373-51b3-40e2-8cf0-22ac5417d2f8@group-4777C1971FFE-LeaderElection59] INFO  server.RaftServerConfigKeys (ConfUtils.java:logGet(44)) - raft.server.rpc.request.timeout = 3000ms (default)
2021-04-26 08:57:25,318 [13dc8373-51b3-40e2-8cf0-22ac5417d2f8@group-4777C1971FFE-LeaderElection59] INFO  server.RaftServerConfigKeys (ConfUtils.java:logGet(44)) - raft.server.log.appender.install.snapshot.enabled = false (custom)
2021-04-26 08:57:25,319 [13dc8373-51b3-40e2-8cf0-22ac5417d2f8@group-4777C1971FFE-LeaderElection59] INFO  impl.RoleInfo (RoleInfo.java:updateAndGet(130)) - 13dc8373-51b3-40e2-8cf0-22ac5417d2f8: start 13dc8373-51b3-40e2-8cf0-22ac5417d2f8@group-4777C1971FFE-LeaderStateImpl
2021-04-26 08:57:25,320 [13dc8373-51b3-40e2-8cf0-22ac5417d2f8@group-4777C1971FFE-LeaderElection59] INFO  segmented.SegmentedRaftLogWorker (SegmentedRaftLogWorker.java:startLogSegment(394)) - 13dc8373-51b3-40e2-8cf0-22ac5417d2f8@group-4777C1971FFE-SegmentedRaftLogWorker: Starting segment from index:0
2021-04-26 08:57:25,322 [grpc-default-executor-1] INFO  server.RaftServer$Division (RaftServerImpl.java:requestVote(1042)) - 3e3f1c58-71d4-4b4b-a4fa-fbb64653de38@group-4777C1971FFE: receive requestVote(ELECTION, 5dce0fb0-fe11-4d63-8819-9c36ac88e0b4, group-4777C1971FFE, 2, (t:0, i:0))
2021-04-26 08:57:25,325 [grpc-default-executor-2] INFO  server.RaftServer$Division (RaftServerImpl.java:requestVote(1074)) - 3e3f1c58-71d4-4b4b-a4fa-fbb64653de38@group-4777C1971FFE replies to ELECTION vote request: 13dc8373-51b3-40e2-8cf0-22ac5417d2f8<-3e3f1c58-71d4-4b4b-a4fa-fbb64653de38#0:OK-t1. Peer's state: 3e3f1c58-71d4-4b4b-a4fa-fbb64653de38@group-4777C1971FFE:t1, leader=null, voted=13dc8373-51b3-40e2-8cf0-22ac5417d2f8, raftlog=3e3f1c58-71d4-4b4b-a4fa-fbb64653de38@group-4777C1971FFE-SegmentedRaftLog:OPENED:c-1,f-1,i0, conf=-1: [3e3f1c58-71d4-4b4b-a4fa-fbb64653de38|rpc:172.17.0.2:39811|dataStream:|priority:0, 5dce0fb0-fe11-4d63-8819-9c36ac88e0b4|rpc:172.17.0.2:35669|dataStream:|priority:0, 13dc8373-51b3-40e2-8cf0-22ac5417d2f8|rpc:172.17.0.2:40591|dataStream:|priority:1], old=null
2021-04-26 08:57:25,325 [13dc8373-51b3-40e2-8cf0-22ac5417d2f8@group-4777C1971FFE-SegmentedRaftLogWorker] INFO  segmented.SegmentedRaftLogWorker (SegmentedRaftLogWorker.java:execute(601)) - 13dc8373-51b3-40e2-8cf0-22ac5417d2f8@group-4777C1971FFE-SegmentedRaftLogWorker: created new log segment /github/workspace/mnt/ozone/hadoop-ozone/integration-test/target/test-dir/MiniOzoneClusterImpl-80072cdf-ce72-42fa-91c0-6b866cc407f5/datanode-2/data/ratis/aa22d13b-0188-4d85-8a6b-4777c1971ffe/current/log_inprogress_0
2021-04-26 08:57:25,334 [grpc-default-executor-1] INFO  impl.VoteContext (VoteContext.java:log(48)) - 3e3f1c58-71d4-4b4b-a4fa-fbb64653de38@group-4777C1971FFE-FOLLOWER: accept ELECTION from 5dce0fb0-fe11-4d63-8819-9c36ac88e0b4: our priority 0 <= candidate's priority 0
2021-04-26 08:57:25,334 [grpc-default-executor-1] INFO  server.RaftServer$Division (RaftServerImpl.java:setRole(284)) - 3e3f1c58-71d4-4b4b-a4fa-fbb64653de38@group-4777C1971FFE: changes role from  FOLLOWER to FOLLOWER at term 2 for candidate:5dce0fb0-fe11-4d63-8819-9c36ac88e0b4
2021-04-26 08:57:25,334 [grpc-default-executor-1] INFO  impl.RoleInfo (RoleInfo.java:shutdownFollowerState(108)) - 3e3f1c58-71d4-4b4b-a4fa-fbb64653de38: shutdown 3e3f1c58-71d4-4b4b-a4fa-fbb64653de38@group-4777C1971FFE-FollowerState
2021-04-26 08:57:25,334 [grpc-default-executor-1] INFO  impl.RoleInfo (RoleInfo.java:updateAndGet(130)) - 3e3f1c58-71d4-4b4b-a4fa-fbb64653de38: start 3e3f1c58-71d4-4b4b-a4fa-fbb64653de38@group-4777C1971FFE-FollowerState
2021-04-26 08:57:25,334 [3e3f1c58-71d4-4b4b-a4fa-fbb64653de38@group-4777C1971FFE-FollowerState] INFO  impl.FollowerState (FollowerState.java:run(143)) - 3e3f1c58-71d4-4b4b-a4fa-fbb64653de38@group-4777C1971FFE-FollowerState was interrupted: {}
java.lang.InterruptedException: sleep interrupted
	at java.lang.Thread.sleep(Native Method)
	at java.lang.Thread.sleep(Thread.java:340)
	at java.util.concurrent.TimeUnit.sleep(TimeUnit.java:386)
	at org.apache.ratis.util.TimeDuration.sleep(TimeDuration.java:324)
	at org.apache.ratis.util.TimeDuration.sleep(TimeDuration.java:309)
	at org.apache.ratis.server.impl.FollowerState.run(FollowerState.java:118)
2021-04-26 08:57:25,336 [13dc8373-51b3-40e2-8cf0-22ac5417d2f8@group-4777C1971FFE-LeaderElection59] INFO  server.RaftServer$Division (ServerState.java:setRaftConf(373)) - 13dc8373-51b3-40e2-8cf0-22ac5417d2f8@group-4777C1971FFE: set configuration 0: [3e3f1c58-71d4-4b4b-a4fa-fbb64653de38|rpc:172.17.0.2:39811|dataStream:|priority:0, 5dce0fb0-fe11-4d63-8819-9c36ac88e0b4|rpc:172.17.0.2:35669|dataStream:|priority:0, 13dc8373-51b3-40e2-8cf0-22ac5417d2f8|rpc:172.17.0.2:40591|dataStream:|priority:1], old=null
2021-04-26 08:57:25,336 [grpc-default-executor-2] INFO  server.RaftServer$Division (RaftServerImpl.java:requestVote(1042)) - 13dc8373-51b3-40e2-8cf0-22ac5417d2f8@group-4777C1971FFE: receive requestVote(ELECTION, 5dce0fb0-fe11-4d63-8819-9c36ac88e0b4, group-4777C1971FFE, 2, (t:0, i:0))
2021-04-26 08:57:25,336 [grpc-default-executor-2] INFO  impl.VoteContext (VoteContext.java:log(48)) - 13dc8373-51b3-40e2-8cf0-22ac5417d2f8@group-4777C1971FFE-LEADER: reject ELECTION from 5dce0fb0-fe11-4d63-8819-9c36ac88e0b4: our last entry (t:1, i:0) > candidate's last entry (t:0, i:0)
2021-04-26 08:57:25,336 [grpc-default-executor-2] INFO  server.RaftServer$Division (ServerState.java:setLeader(271)) - 13dc8373-51b3-40e2-8cf0-22ac5417d2f8@group-4777C1971FFE: change Leader from 13dc8373-51b3-40e2-8cf0-22ac5417d2f8 to null at term 2 for updateCurrentTerm
2021-04-26 08:57:25,336 [grpc-default-executor-2] INFO  server.RaftServer$Division (RaftServerImpl.java:setRole(284)) - 13dc8373-51b3-40e2-8cf0-22ac5417d2f8@group-4777C1971FFE: changes role from    LEADER to FOLLOWER at term 2 for candidate:5dce0fb0-fe11-4d63-8819-9c36ac88e0b4
2021-04-26 08:57:25,336 [grpc-default-executor-2] INFO  impl.RoleInfo (RoleInfo.java:shutdownLeaderState(91)) - 13dc8373-51b3-40e2-8cf0-22ac5417d2f8: shutdown 13dc8373-51b3-40e2-8cf0-22ac5417d2f8@group-4777C1971FFE-LeaderStateImpl
2021-04-26 08:57:25,336 [grpc-default-executor-2] INFO  metrics.RatisMetrics (RatisMetrics.java:unregister(43)) - Unregistering Metrics Registry : ratis_grpc.log_appender.13dc8373-51b3-40e2-8cf0-22ac5417d2f8@group-4777C1971FFE
2021-04-26 08:57:25,339 [grpc-default-executor-2] INFO  metrics.RatisMetrics (RatisMetrics.java:unregister(43)) - Unregistering Metrics Registry : ratis_grpc.log_appender.13dc8373-51b3-40e2-8cf0-22ac5417d2f8@group-4777C1971FFE
2021-04-26 08:57:25,339 [grpc-default-executor-2] INFO  impl.PendingRequests (PendingRequests.java:sendNotLeaderResponses(249)) - 13dc8373-51b3-40e2-8cf0-22ac5417d2f8@group-4777C1971FFE-PendingRequests: sendNotLeaderResponses
2021-04-26 08:57:25,340 [grpc-default-executor-2] INFO  metrics.RatisMetrics (RatisMetrics.java:unregister(43)) - Unregistering Metrics Registry : ratis.log_appender.13dc8373-51b3-40e2-8cf0-22ac5417d2f8@group-4777C1971FFE
2021-04-26 08:57:25,340 [grpc-default-executor-2] INFO  metrics.RatisMetrics (RatisMetrics.java:unregister(43)) - Unregistering Metrics Registry : ratis.server.13dc8373-51b3-40e2-8cf0-22ac5417d2f8@group-4777C1971FFE
2021-04-26 08:57:25,340 [grpc-default-executor-2] INFO  impl.RoleInfo (RoleInfo.java:updateAndGet(130)) - 13dc8373-51b3-40e2-8cf0-22ac5417d2f8: start 13dc8373-51b3-40e2-8cf0-22ac5417d2f8@group-4777C1971FFE-FollowerState
2021-04-26 08:57:25,341 [13dc8373-51b3-40e2-8cf0-22ac5417d2f8@group-4777C1971FFE->3e3f1c58-71d4-4b4b-a4fa-fbb64653de38-GrpcLogAppender-LogAppenderDaemon] WARN  server.GrpcLogAppender (GrpcLogAppender.java:mayWait(175)) - 13dc8373-51b3-40e2-8cf0-22ac5417d2f8@group-4777C1971FFE->3e3f1c58-71d4-4b4b-a4fa-fbb64653de38-GrpcLogAppender: Wait interrupted by java.lang.InterruptedException
2021-04-26 08:57:25,341 [grpc-default-executor-1] INFO  server.RaftServer$Division (RaftServerImpl.java:requestVote(1074)) - 3e3f1c58-71d4-4b4b-a4fa-fbb64653de38@group-4777C1971FFE replies to ELECTION vote request: 5dce0fb0-fe11-4d63-8819-9c36ac88e0b4<-3e3f1c58-71d4-4b4b-a4fa-fbb64653de38#0:OK-t2. Peer's state: 3e3f1c58-71d4-4b4b-a4fa-fbb64653de38@group-4777C1971FFE:t2, leader=null, voted=5dce0fb0-fe11-4d63-8819-9c36ac88e0b4, raftlog=3e3f1c58-71d4-4b4b-a4fa-fbb64653de38@group-4777C1971FFE-SegmentedRaftLog:OPENED:c-1,f-1,i0, conf=-1: [3e3f1c58-71d4-4b4b-a4fa-fbb64653de38|rpc:172.17.0.2:39811|dataStream:|priority:0, 5dce0fb0-fe11-4d63-8819-9c36ac88e0b4|rpc:172.17.0.2:35669|dataStream:|priority:0, 13dc8373-51b3-40e2-8cf0-22ac5417d2f8|rpc:172.17.0.2:40591|dataStream:|priority:1], old=null
2021-04-26 08:57:25,343 [grpc-default-executor-1] INFO  server.GrpcServerProtocolService (GrpcServerProtocolService.java:onCompleted(140)) - 5dce0fb0-fe11-4d63-8819-9c36ac88e0b4: Completed APPEND_ENTRIES, lastRequest: null
2021-04-26 08:57:25,345 [grpc-default-executor-2] INFO  server.RaftServer$Division (RaftServerImpl.java:requestVote(1074)) - 13dc8373-51b3-40e2-8cf0-22ac5417d2f8@group-4777C1971FFE replies to ELECTION vote request: 5dce0fb0-fe11-4d63-8819-9c36ac88e0b4<-13dc8373-51b3-40e2-8cf0-22ac5417d2f8#0:FAIL-t2. Peer's state: 13dc8373-51b3-40e2-8cf0-22ac5417d2f8@group-4777C1971FFE:t2, leader=null, voted=null, raftlog=13dc8373-51b3-40e2-8cf0-22ac5417d2f8@group-4777C1971FFE-SegmentedRaftLog:OPENED:c-1,f0,i0, conf=0: [3e3f1c58-71d4-4b4b-a4fa-fbb64653de38|rpc:172.17.0.2:39811|dataStream:|priority:0, 5dce0fb0-fe11-4d63-8819-9c36ac88e0b4|rpc:172.17.0.2:35669|dataStream:|priority:0, 13dc8373-51b3-40e2-8cf0-22ac5417d2f8|rpc:172.17.0.2:40591|dataStream:|priority:1], old=null
2021-04-26 08:57:25,350 [5dce0fb0-fe11-4d63-8819-9c36ac88e0b4@group-4777C1971FFE-LeaderElection60] INFO  impl.LeaderElection (LeaderElection.java:logAndReturn(89)) - 5dce0fb0-fe11-4d63-8819-9c36ac88e0b4@group-4777C1971FFE-LeaderElection60: ELECTION REJECTED received 2 response(s) and 0 exception(s):
2021-04-26 08:57:25,350 [5dce0fb0-fe11-4d63-8819-9c36ac88e0b4@group-4777C1971FFE-LeaderElection60] INFO  impl.LeaderElection (LeaderElection.java:logAndReturn(93)) -   Response 0: 5dce0fb0-fe11-4d63-8819-9c36ac88e0b4<-3e3f1c58-71d4-4b4b-a4fa-fbb64653de38#0:OK-t2
2021-04-26 08:57:25,351 [5dce0fb0-fe11-4d63-8819-9c36ac88e0b4@group-4777C1971FFE-LeaderElection60] INFO  impl.LeaderElection (LeaderElection.java:logAndReturn(93)) -   Response 1: 5dce0fb0-fe11-4d63-8819-9c36ac88e0b4<-13dc8373-51b3-40e2-8cf0-22ac5417d2f8#0:FAIL-t2
2021-04-26 08:57:25,351 [5dce0fb0-fe11-4d63-8819-9c36ac88e0b4@group-4777C1971FFE-LeaderElection60] INFO  impl.LeaderElection (LeaderElection.java:askForVotes(308)) - 5dce0fb0-fe11-4d63-8819-9c36ac88e0b4@group-4777C1971FFE-LeaderElection60 ELECTION round 0: result REJECTED
2021-04-26 08:57:25,351 [5dce0fb0-fe11-4d63-8819-9c36ac88e0b4@group-4777C1971FFE-LeaderElection60] INFO  server.RaftServer$Division (RaftServerImpl.java:setRole(284)) - 5dce0fb0-fe11-4d63-8819-9c36ac88e0b4@group-4777C1971FFE: changes role from CANDIDATE to FOLLOWER at term 2 for REJECTED
2021-04-26 08:57:25,351 [5dce0fb0-fe11-4d63-8819-9c36ac88e0b4@group-4777C1971FFE-LeaderElection60] INFO  impl.RoleInfo (RoleInfo.java:shutdownLeaderElection(121)) - 5dce0fb0-fe11-4d63-8819-9c36ac88e0b4: shutdown 5dce0fb0-fe11-4d63-8819-9c36ac88e0b4@group-4777C1971FFE-LeaderElection60
2021-04-26 08:57:25,351 [5dce0fb0-fe11-4d63-8819-9c36ac88e0b4@group-4777C1971FFE-LeaderElection60] INFO  impl.RoleInfo (RoleInfo.java:updateAndGet(130)) - 5dce0fb0-fe11-4d63-8819-9c36ac88e0b4: start 5dce0fb0-fe11-4d63-8819-9c36ac88e0b4@group-4777C1971FFE-FollowerState
2021-04-26 08:57:25,355 [grpc-default-executor-1] INFO  server.GrpcLogAppender (GrpcLogAppender.java:onCompleted(344)) - 13dc8373-51b3-40e2-8cf0-22ac5417d2f8@group-4777C1971FFE->5dce0fb0-fe11-4d63-8819-9c36ac88e0b4-AppendLogResponseHandler: follower responses appendEntries COMPLETED
2021-04-26 08:57:25,355 [grpc-default-executor-1] INFO  leader.FollowerInfo (FollowerInfoImpl.java:lambda$new$0(46)) - 13dc8373-51b3-40e2-8cf0-22ac5417d2f8@group-4777C1971FFE->5dce0fb0-fe11-4d63-8819-9c36ac88e0b4: nextIndex: updateUnconditionally 0 -> 0
2021-04-26 08:57:25,355 [grpc-default-executor-4] INFO  server.GrpcServerProtocolService (GrpcServerProtocolService.java:onCompleted(140)) - 3e3f1c58-71d4-4b4b-a4fa-fbb64653de38: Completed APPEND_ENTRIES, lastRequest: null
2021-04-26 08:57:25,356 [grpc-default-executor-1] INFO  server.GrpcLogAppender (GrpcLogAppender.java:onCompleted(344)) - 13dc8373-51b3-40e2-8cf0-22ac5417d2f8@group-4777C1971FFE->3e3f1c58-71d4-4b4b-a4fa-fbb64653de38-AppendLogResponseHandler: follower responses appendEntries COMPLETED
2021-04-26 08:57:25,357 [grpc-default-executor-1] INFO  leader.FollowerInfo (FollowerInfoImpl.java:lambda$new$0(46)) - 13dc8373-51b3-40e2-8cf0-22ac5417d2f8@group-4777C1971FFE->3e3f1c58-71d4-4b4b-a4fa-fbb64653de38: nextIndex: updateUnconditionally 1 -> 0
2021-04-26 08:57:25,483 [3e3f1c58-71d4-4b4b-a4fa-fbb64653de38@group-0C0D581C6C1B-FollowerState] INFO  impl.FollowerState (FollowerState.java:run(134)) - 3e3f1c58-71d4-4b4b-a4fa-fbb64653de38@group-0C0D581C6C1B-FollowerState: change to CANDIDATE, lastRpcElapsedTime:5162344499ns, electionTimeout:5161ms
2021-04-26 08:57:25,483 [3e3f1c58-71d4-4b4b-a4fa-fbb64653de38@group-0C0D581C6C1B-FollowerState] INFO  impl.RoleInfo (RoleInfo.java:shutdownFollowerState(108)) - 3e3f1c58-71d4-4b4b-a4fa-fbb64653de38: shutdown 3e3f1c58-71d4-4b4b-a4fa-fbb64653de38@group-0C0D581C6C1B-FollowerState
2021-04-26 08:57:25,483 [3e3f1c58-71d4-4b4b-a4fa-fbb64653de38@group-0C0D581C6C1B-FollowerState] INFO  server.RaftServer$Division (RaftServerImpl.java:setRole(284)) - 3e3f1c58-71d4-4b4b-a4fa-fbb64653de38@group-0C0D581C6C1B: changes role from  FOLLOWER to CANDIDATE at term 0 for changeToCandidate
2021-04-26 08:57:25,484 [3e3f1c58-71d4-4b4b-a4fa-fbb64653de38@group-0C0D581C6C1B-FollowerState] INFO  server.RaftServerConfigKeys (ConfUtils.java:logGet(44)) - raft.server.leaderelection.pre-vote = false (custom)
2021-04-26 08:57:25,484 [3e3f1c58-71d4-4b4b-a4fa-fbb64653de38@group-0C0D581C6C1B-FollowerState] INFO  impl.RoleInfo (RoleInfo.java:updateAndGet(130)) - 3e3f1c58-71d4-4b4b-a4fa-fbb64653de38: start 3e3f1c58-71d4-4b4b-a4fa-fbb64653de38@group-0C0D581C6C1B-LeaderElection61
2021-04-26 08:57:25,487 [3e3f1c58-71d4-4b4b-a4fa-fbb64653de38@group-0C0D581C6C1B-LeaderElection61] INFO  impl.LeaderElection (LeaderElection.java:askForVotes(306)) - 3e3f1c58-71d4-4b4b-a4fa-fbb64653de38@group-0C0D581C6C1B-LeaderElection61 ELECTION round 0: submit vote requests at term 1 for -1: [3e3f1c58-71d4-4b4b-a4fa-fbb64653de38|rpc:172.17.0.2:39811|priority:1], old=null
2021-04-26 08:57:25,487 [3e3f1c58-71d4-4b4b-a4fa-fbb64653de38@group-0C0D581C6C1B-LeaderElection61] INFO  impl.LeaderElection (LeaderElection.java:askForVotes(308)) - 3e3f1c58-71d4-4b4b-a4fa-fbb64653de38@group-0C0D581C6C1B-LeaderElection61 ELECTION round 0: result PASSED (term=1)
2021-04-26 08:57:25,487 [3e3f1c58-71d4-4b4b-a4fa-fbb64653de38@group-0C0D581C6C1B-LeaderElection61] INFO  impl.RoleInfo (RoleInfo.java:shutdownLeaderElection(121)) - 3e3f1c58-71d4-4b4b-a4fa-fbb64653de38: shutdown 3e3f1c58-71d4-4b4b-a4fa-fbb64653de38@group-0C0D581C6C1B-LeaderElection61
2021-04-26 08:57:25,487 [3e3f1c58-71d4-4b4b-a4fa-fbb64653de38@group-0C0D581C6C1B-LeaderElection61] INFO  server.RaftServer$Division (RaftServerImpl.java:setRole(284)) - 3e3f1c58-71d4-4b4b-a4fa-fbb64653de38@group-0C0D581C6C1B: changes role from CANDIDATE to LEADER at term 1 for changeToLeader
2021-04-26 08:57:25,487 [3e3f1c58-71d4-4b4b-a4fa-fbb64653de38@group-0C0D581C6C1B-LeaderElection61] INFO  ratis.XceiverServerRatis (XceiverServerRatis.java:handleLeaderChangedNotification(906)) - Leader change notification received for group: group-0C0D581C6C1B with new leaderId: 3e3f1c58-71d4-4b4b-a4fa-fbb64653de38
2021-04-26 08:57:25,487 [3e3f1c58-71d4-4b4b-a4fa-fbb64653de38@group-0C0D581C6C1B-LeaderElection61] INFO  server.RaftServer$Division (ServerState.java:setLeader(271)) - 3e3f1c58-71d4-4b4b-a4fa-fbb64653de38@group-0C0D581C6C1B: change Leader from null to 3e3f1c58-71d4-4b4b-a4fa-fbb64653de38 at term 1 for becomeLeader, leader elected after 5175ms
2021-04-26 08:57:25,488 [3e3f1c58-71d4-4b4b-a4fa-fbb64653de38@group-0C0D581C6C1B-LeaderElection61] INFO  server.RaftServerConfigKeys (ConfUtils.java:logGet(44)) - raft.server.staging.catchup.gap = 1000 (default)
2021-04-26 08:57:25,488 [3e3f1c58-71d4-4b4b-a4fa-fbb64653de38@group-0C0D581C6C1B-LeaderElection61] INFO  metrics.RatisMetrics (RatisMetrics.java:lambda$create$0(36)) - Creating Metrics Registry : ratis.log_appender.3e3f1c58-71d4-4b4b-a4fa-fbb64653de38@group-0C0D581C6C1B
2021-04-26 08:57:25,488 [3e3f1c58-71d4-4b4b-a4fa-fbb64653de38@group-0C0D581C6C1B-LeaderElection61] INFO  server.RaftServerConfigKeys (ConfUtils.java:logGet(44)) - raft.server.write.element-limit = 1024 (custom)
2021-04-26 08:57:25,488 [3e3f1c58-71d4-4b4b-a4fa-fbb64653de38@group-0C0D581C6C1B-LeaderElection61] INFO  server.RaftServerConfigKeys (ConfUtils.java:logGet(44)) - raft.server.write.byte-limit = 1073741824 (custom)
2021-04-26 08:57:25,489 [3e3f1c58-71d4-4b4b-a4fa-fbb64653de38@group-0C0D581C6C1B-LeaderElection61] INFO  server.RaftServerConfigKeys (ConfUtils.java:logGet(44)) - raft.server.watch.timeout = 3000ms (custom)
2021-04-26 08:57:25,489 [3e3f1c58-71d4-4b4b-a4fa-fbb64653de38@group-0C0D581C6C1B-LeaderElection61] INFO  server.RaftServerConfigKeys (ConfUtils.java:logGet(44)) - raft.server.watch.timeout.denomination = 1s (default)
2021-04-26 08:57:25,489 [3e3f1c58-71d4-4b4b-a4fa-fbb64653de38@group-0C0D581C6C1B-LeaderElection61] INFO  server.RaftServerConfigKeys (ConfUtils.java:logGet(44)) - raft.server.watch.element-limit = 65536 (default)
2021-04-26 08:57:25,489 [3e3f1c58-71d4-4b4b-a4fa-fbb64653de38@group-0C0D581C6C1B-LeaderElection61] INFO  impl.RoleInfo (RoleInfo.java:updateAndGet(130)) - 3e3f1c58-71d4-4b4b-a4fa-fbb64653de38: start 3e3f1c58-71d4-4b4b-a4fa-fbb64653de38@group-0C0D581C6C1B-LeaderStateImpl
2021-04-26 08:57:25,490 [3e3f1c58-71d4-4b4b-a4fa-fbb64653de38@group-0C0D581C6C1B-LeaderElection61] INFO  segmented.SegmentedRaftLogWorker (SegmentedRaftLogWorker.java:startLogSegment(394)) - 3e3f1c58-71d4-4b4b-a4fa-fbb64653de38@group-0C0D581C6C1B-SegmentedRaftLogWorker: Starting segment from index:0
2021-04-26 08:57:25,491 [3e3f1c58-71d4-4b4b-a4fa-fbb64653de38@group-0C0D581C6C1B-SegmentedRaftLogWorker] INFO  segmented.SegmentedRaftLogWorker (SegmentedRaftLogWorker.java:execute(601)) - 3e3f1c58-71d4-4b4b-a4fa-fbb64653de38@group-0C0D581C6C1B-SegmentedRaftLogWorker: created new log segment /github/workspace/mnt/ozone/hadoop-ozone/integration-test/target/test-dir/MiniOzoneClusterImpl-80072cdf-ce72-42fa-91c0-6b866cc407f5/datanode-1/data/ratis/57aae860-35d8-41d9-9614-0c0d581c6c1b/current/log_inprogress_0
2021-04-26 08:57:25,498 [3e3f1c58-71d4-4b4b-a4fa-fbb64653de38@group-0C0D581C6C1B-LeaderElection61] INFO  server.RaftServer$Division (ServerState.java:setRaftConf(373)) - 3e3f1c58-71d4-4b4b-a4fa-fbb64653de38@group-0C0D581C6C1B: set configuration 0: [3e3f1c58-71d4-4b4b-a4fa-fbb64653de38|rpc:172.17.0.2:39811|dataStream:|priority:1], old=null
2021-04-26 08:57:25,638 [13dc8373-51b3-40e2-8cf0-22ac5417d2f8@group-DD283D211A4A-FollowerState] INFO  impl.FollowerState (FollowerState.java:run(134)) - 13dc8373-51b3-40e2-8cf0-22ac5417d2f8@group-DD283D211A4A-FollowerState: change to CANDIDATE, lastRpcElapsedTime:5124268861ns, electionTimeout:5119ms
2021-04-26 08:57:25,638 [13dc8373-51b3-40e2-8cf0-22ac5417d2f8@group-DD283D211A4A-FollowerState] INFO  impl.RoleInfo (RoleInfo.java:shutdownFollowerState(108)) - 13dc8373-51b3-40e2-8cf0-22ac5417d2f8: shutdown 13dc8373-51b3-40e2-8cf0-22ac5417d2f8@group-DD283D211A4A-FollowerState
2021-04-26 08:57:25,638 [13dc8373-51b3-40e2-8cf0-22ac5417d2f8@group-DD283D211A4A-FollowerState] INFO  server.RaftServer$Division (RaftServerImpl.java:setRole(284)) - 13dc8373-51b3-40e2-8cf0-22ac5417d2f8@group-DD283D211A4A: changes role from  FOLLOWER to CANDIDATE at term 0 for changeToCandidate
2021-04-26 08:57:25,639 [13dc8373-51b3-40e2-8cf0-22ac5417d2f8@group-DD283D211A4A-FollowerState] INFO  server.RaftServerConfigKeys (ConfUtils.java:logGet(44)) - raft.server.leaderelection.pre-vote = false (custom)
2021-04-26 08:57:25,639 [13dc8373-51b3-40e2-8cf0-22ac5417d2f8@group-DD283D211A4A-FollowerState] INFO  impl.RoleInfo (RoleInfo.java:updateAndGet(130)) - 13dc8373-51b3-40e2-8cf0-22ac5417d2f8: start 13dc8373-51b3-40e2-8cf0-22ac5417d2f8@group-DD283D211A4A-LeaderElection62
2021-04-26 08:57:25,648 [13dc8373-51b3-40e2-8cf0-22ac5417d2f8@group-DD283D211A4A-LeaderElection62] INFO  impl.LeaderElection (LeaderElection.java:askForVotes(306)) - 13dc8373-51b3-40e2-8cf0-22ac5417d2f8@group-DD283D211A4A-LeaderElection62 ELECTION round 0: submit vote requests at term 1 for -1: [13dc8373-51b3-40e2-8cf0-22ac5417d2f8|rpc:172.17.0.2:40591|priority:1], old=null
2021-04-26 08:57:25,649 [13dc8373-51b3-40e2-8cf0-22ac5417d2f8@group-DD283D211A4A-LeaderElection62] INFO  impl.LeaderElection (LeaderElection.java:askForVotes(308)) - 13dc8373-51b3-40e2-8cf0-22ac5417d2f8@group-DD283D211A4A-LeaderElection62 ELECTION round 0: result PASSED (term=1)
2021-04-26 08:57:25,649 [13dc8373-51b3-40e2-8cf0-22ac5417d2f8@group-DD283D211A4A-LeaderElection62] INFO  impl.RoleInfo (RoleInfo.java:shutdownLeaderElection(121)) - 13dc8373-51b3-40e2-8cf0-22ac5417d2f8: shutdown 13dc8373-51b3-40e2-8cf0-22ac5417d2f8@group-DD283D211A4A-LeaderElection62
2021-04-26 08:57:25,649 [13dc8373-51b3-40e2-8cf0-22ac5417d2f8@group-DD283D211A4A-LeaderElection62] INFO  server.RaftServer$Division (RaftServerImpl.java:setRole(284)) - 13dc8373-51b3-40e2-8cf0-22ac5417d2f8@group-DD283D211A4A: changes role from CANDIDATE to LEADER at term 1 for changeToLeader
2021-04-26 08:57:25,649 [13dc8373-51b3-40e2-8cf0-22ac5417d2f8@group-DD283D211A4A-LeaderElection62] INFO  ratis.XceiverServerRatis (XceiverServerRatis.java:handleLeaderChangedNotification(906)) - Leader change notification received for group: group-DD283D211A4A with new leaderId: 13dc8373-51b3-40e2-8cf0-22ac5417d2f8
2021-04-26 08:57:25,649 [13dc8373-51b3-40e2-8cf0-22ac5417d2f8@group-DD283D211A4A-LeaderElection62] INFO  server.RaftServer$Division (ServerState.java:setLeader(271)) - 13dc8373-51b3-40e2-8cf0-22ac5417d2f8@group-DD283D211A4A: change Leader from null to 13dc8373-51b3-40e2-8cf0-22ac5417d2f8 at term 1 for becomeLeader, leader elected after 5142ms
2021-04-26 08:57:25,649 [13dc8373-51b3-40e2-8cf0-22ac5417d2f8@group-DD283D211A4A-LeaderElection62] INFO  server.RaftServerConfigKeys (ConfUtils.java:logGet(44)) - raft.server.staging.catchup.gap = 1000 (default)
2021-04-26 08:57:25,649 [13dc8373-51b3-40e2-8cf0-22ac5417d2f8@group-DD283D211A4A-LeaderElection62] INFO  metrics.RatisMetrics (RatisMetrics.java:lambda$create$0(36)) - Creating Metrics Registry : ratis.log_appender.13dc8373-51b3-40e2-8cf0-22ac5417d2f8@group-DD283D211A4A
2021-04-26 08:57:25,650 [13dc8373-51b3-40e2-8cf0-22ac5417d2f8@group-DD283D211A4A-LeaderElection62] INFO  server.RaftServerConfigKeys (ConfUtils.java:logGet(44)) - raft.server.write.element-limit = 1024 (custom)
2021-04-26 08:57:25,650 [13dc8373-51b3-40e2-8cf0-22ac5417d2f8@group-DD283D211A4A-LeaderElection62] INFO  server.RaftServerConfigKeys (ConfUtils.java:logGet(44)) - raft.server.write.byte-limit = 1073741824 (custom)
2021-04-26 08:57:25,650 [13dc8373-51b3-40e2-8cf0-22ac5417d2f8@group-DD283D211A4A-LeaderElection62] INFO  server.RaftServerConfigKeys (ConfUtils.java:logGet(44)) - raft.server.watch.timeout = 3000ms (custom)
2021-04-26 08:57:25,650 [13dc8373-51b3-40e2-8cf0-22ac5417d2f8@group-DD283D211A4A-LeaderElection62] INFO  server.RaftServerConfigKeys (ConfUtils.java:logGet(44)) - raft.server.watch.timeout.denomination = 1s (default)
2021-04-26 08:57:25,650 [13dc8373-51b3-40e2-8cf0-22ac5417d2f8@group-DD283D211A4A-LeaderElection62] INFO  server.RaftServerConfigKeys (ConfUtils.java:logGet(44)) - raft.server.watch.element-limit = 65536 (default)
2021-04-26 08:57:25,650 [13dc8373-51b3-40e2-8cf0-22ac5417d2f8@group-DD283D211A4A-LeaderElection62] INFO  impl.RoleInfo (RoleInfo.java:updateAndGet(130)) - 13dc8373-51b3-40e2-8cf0-22ac5417d2f8: start 13dc8373-51b3-40e2-8cf0-22ac5417d2f8@group-DD283D211A4A-LeaderStateImpl
2021-04-26 08:57:25,651 [13dc8373-51b3-40e2-8cf0-22ac5417d2f8@group-DD283D211A4A-LeaderElection62] INFO  segmented.SegmentedRaftLogWorker (SegmentedRaftLogWorker.java:startLogSegment(394)) - 13dc8373-51b3-40e2-8cf0-22ac5417d2f8@group-DD283D211A4A-SegmentedRaftLogWorker: Starting segment from index:0
2021-04-26 08:57:25,653 [13dc8373-51b3-40e2-8cf0-22ac5417d2f8@group-DD283D211A4A-SegmentedRaftLogWorker] INFO  segmented.SegmentedRaftLogWorker (SegmentedRaftLogWorker.java:execute(601)) - 13dc8373-51b3-40e2-8cf0-22ac5417d2f8@group-DD283D211A4A-SegmentedRaftLogWorker: created new log segment /github/workspace/mnt/ozone/hadoop-ozone/integration-test/target/test-dir/MiniOzoneClusterImpl-80072cdf-ce72-42fa-91c0-6b866cc407f5/datanode-2/data/ratis/e91205d7-da02-4e22-9650-dd283d211a4a/current/log_inprogress_0
2021-04-26 08:57:25,654 [13dc8373-51b3-40e2-8cf0-22ac5417d2f8@group-DD283D211A4A-LeaderElection62] INFO  server.RaftServer$Division (ServerState.java:setRaftConf(373)) - 13dc8373-51b3-40e2-8cf0-22ac5417d2f8@group-DD283D211A4A: set configuration 0: [13dc8373-51b3-40e2-8cf0-22ac5417d2f8|rpc:172.17.0.2:40591|dataStream:|priority:1], old=null
2021-04-26 08:57:25,841 [Listener at 127.0.0.1/35725] INFO  ozone.MiniOzoneClusterImpl (MiniOzoneClusterImpl.java:lambda$waitForClusterToBeReady$0(223)) - Nodes are ready. Got 9 of 9 DN Heartbeats.
2021-04-26 08:57:25,841 [Listener at 127.0.0.1/35725] INFO  ozone.MiniOzoneClusterImpl (MiniOzoneClusterImpl.java:lambda$waitForClusterToBeReady$0(226)) - Cluster exits safe mode
2021-04-26 08:57:25,842 [Listener at 127.0.0.1/35725] INFO  ozone.MiniOzoneClusterImpl (MiniOzoneClusterImpl.java:lambda$waitForClusterToBeReady$0(229)) - SCM became leader
2021-04-26 08:57:25,856 [Listener at 127.0.0.1/35725] INFO  rpc.RpcClient (RpcClient.java:createVolume(319)) - Creating Volume: watchforcommithandlingtest, with jenkins1001 as owner and space quota set to -1 bytes, counts quota set to -1
2021-04-26 08:57:25,861 [OM StateMachine ApplyTransaction Thread - 0] INFO  volume.OMVolumeCreateRequest (OMVolumeCreateRequest.java:validateAndUpdateCache(195)) - created volume:watchforcommithandlingtest for user:jenkins1001
2021-04-26 08:57:25,869 [Listener at 127.0.0.1/35725] INFO  rpc.RpcClient (RpcClient.java:createBucket(478)) - Creating Bucket: watchforcommithandlingtest/watchforcommithandlingtest, with Versioning false and Storage Type set to DISK and Encryption set to false 
2021-04-26 08:57:25,873 [Listener at 127.0.0.1/35725] INFO  ozone.MiniOzoneClusterImpl (MiniOzoneClusterImpl.java:getStorageContainerLocationClient(335)) - Creating StorageContainerLocationProtocol RPC client with address /0.0.0.0:40447
2021-04-26 08:57:25,883 [IPC Server handler 3 on default port 40447] INFO  ha.SequenceIdGenerator (SequenceIdGenerator.java:getNextId(127)) - Allocate a batch for containerId, change lastId from 0 to 1000.
2021-04-26 08:57:25,887 [Listener at 127.0.0.1/35725] INFO  metrics.RatisMetrics (RatisMetrics.java:lambda$create$0(36)) - Creating Metrics Registry : ratis.client_message_metrics.client-B869EDB19015->13dc8373-51b3-40e2-8cf0-22ac5417d2f8
2021-04-26 08:57:25,889 [5dc8370d-b6a9-4413-93cd-e6395a769e0f@group-BD40FA57DBCA-FollowerState] INFO  impl.FollowerState (FollowerState.java:run(134)) - 5dc8370d-b6a9-4413-93cd-e6395a769e0f@group-BD40FA57DBCA-FollowerState: change to CANDIDATE, lastRpcElapsedTime:5053146354ns, electionTimeout:5052ms
2021-04-26 08:57:25,889 [5dc8370d-b6a9-4413-93cd-e6395a769e0f@group-BD40FA57DBCA-FollowerState] INFO  impl.RoleInfo (RoleInfo.java:shutdownFollowerState(108)) - 5dc8370d-b6a9-4413-93cd-e6395a769e0f: shutdown 5dc8370d-b6a9-4413-93cd-e6395a769e0f@group-BD40FA57DBCA-FollowerState
2021-04-26 08:57:25,889 [5dc8370d-b6a9-4413-93cd-e6395a769e0f@group-BD40FA57DBCA-FollowerState] INFO  server.RaftServer$Division (RaftServerImpl.java:setRole(284)) - 5dc8370d-b6a9-4413-93cd-e6395a769e0f@group-BD40FA57DBCA: changes role from  FOLLOWER to CANDIDATE at term 0 for changeToCandidate
2021-04-26 08:57:25,893 [5dc8370d-b6a9-4413-93cd-e6395a769e0f@group-BD40FA57DBCA-FollowerState] INFO  server.RaftServerConfigKeys (ConfUtils.java:logGet(44)) - raft.server.leaderelection.pre-vote = false (custom)
2021-04-26 08:57:25,893 [5dc8370d-b6a9-4413-93cd-e6395a769e0f@group-BD40FA57DBCA-FollowerState] INFO  impl.RoleInfo (RoleInfo.java:updateAndGet(130)) - 5dc8370d-b6a9-4413-93cd-e6395a769e0f: start 5dc8370d-b6a9-4413-93cd-e6395a769e0f@group-BD40FA57DBCA-LeaderElection63
2021-04-26 08:57:25,912 [5dc8370d-b6a9-4413-93cd-e6395a769e0f@group-BD40FA57DBCA-LeaderElection63] INFO  impl.LeaderElection (LeaderElection.java:askForVotes(306)) - 5dc8370d-b6a9-4413-93cd-e6395a769e0f@group-BD40FA57DBCA-LeaderElection63 ELECTION round 0: submit vote requests at term 1 for -1: [5dc8370d-b6a9-4413-93cd-e6395a769e0f|rpc:172.17.0.2:46721|priority:1], old=null
2021-04-26 08:57:25,912 [5dc8370d-b6a9-4413-93cd-e6395a769e0f@group-BD40FA57DBCA-LeaderElection63] INFO  impl.LeaderElection (LeaderElection.java:askForVotes(308)) - 5dc8370d-b6a9-4413-93cd-e6395a769e0f@group-BD40FA57DBCA-LeaderElection63 ELECTION round 0: result PASSED (term=1)
2021-04-26 08:57:25,912 [5dc8370d-b6a9-4413-93cd-e6395a769e0f@group-BD40FA57DBCA-LeaderElection63] INFO  impl.RoleInfo (RoleInfo.java:shutdownLeaderElection(121)) - 5dc8370d-b6a9-4413-93cd-e6395a769e0f: shutdown 5dc8370d-b6a9-4413-93cd-e6395a769e0f@group-BD40FA57DBCA-LeaderElection63
2021-04-26 08:57:25,913 [5dc8370d-b6a9-4413-93cd-e6395a769e0f@group-BD40FA57DBCA-LeaderElection63] INFO  server.RaftServer$Division (RaftServerImpl.java:setRole(284)) - 5dc8370d-b6a9-4413-93cd-e6395a769e0f@group-BD40FA57DBCA: changes role from CANDIDATE to LEADER at term 1 for changeToLeader
2021-04-26 08:57:25,913 [5dc8370d-b6a9-4413-93cd-e6395a769e0f@group-BD40FA57DBCA-LeaderElection63] INFO  ratis.XceiverServerRatis (XceiverServerRatis.java:handleLeaderChangedNotification(906)) - Leader change notification received for group: group-BD40FA57DBCA with new leaderId: 5dc8370d-b6a9-4413-93cd-e6395a769e0f
2021-04-26 08:57:25,913 [5dc8370d-b6a9-4413-93cd-e6395a769e0f@group-BD40FA57DBCA-LeaderElection63] INFO  server.RaftServer$Division (ServerState.java:setLeader(271)) - 5dc8370d-b6a9-4413-93cd-e6395a769e0f@group-BD40FA57DBCA: change Leader from null to 5dc8370d-b6a9-4413-93cd-e6395a769e0f at term 1 for becomeLeader, leader elected after 5084ms
2021-04-26 08:57:25,913 [5dc8370d-b6a9-4413-93cd-e6395a769e0f@group-BD40FA57DBCA-LeaderElection63] INFO  server.RaftServerConfigKeys (ConfUtils.java:logGet(44)) - raft.server.staging.catchup.gap = 1000 (default)
2021-04-26 08:57:25,913 [5dc8370d-b6a9-4413-93cd-e6395a769e0f@group-BD40FA57DBCA-LeaderElection63] INFO  metrics.RatisMetrics (RatisMetrics.java:lambda$create$0(36)) - Creating Metrics Registry : ratis.log_appender.5dc8370d-b6a9-4413-93cd-e6395a769e0f@group-BD40FA57DBCA
2021-04-26 08:57:25,913 [5dc8370d-b6a9-4413-93cd-e6395a769e0f@group-BD40FA57DBCA-LeaderElection63] INFO  server.RaftServerConfigKeys (ConfUtils.java:logGet(44)) - raft.server.write.element-limit = 1024 (custom)
2021-04-26 08:57:25,914 [5dc8370d-b6a9-4413-93cd-e6395a769e0f@group-BD40FA57DBCA-LeaderElection63] INFO  server.RaftServerConfigKeys (ConfUtils.java:logGet(44)) - raft.server.write.byte-limit = 1073741824 (custom)
2021-04-26 08:57:25,914 [5dc8370d-b6a9-4413-93cd-e6395a769e0f@group-BD40FA57DBCA-LeaderElection63] INFO  server.RaftServerConfigKeys (ConfUtils.java:logGet(44)) - raft.server.watch.timeout = 3000ms (custom)
2021-04-26 08:57:25,914 [5dc8370d-b6a9-4413-93cd-e6395a769e0f@group-BD40FA57DBCA-LeaderElection63] INFO  server.RaftServerConfigKeys (ConfUtils.java:logGet(44)) - raft.server.watch.timeout.denomination = 1s (default)
2021-04-26 08:57:25,914 [5dc8370d-b6a9-4413-93cd-e6395a769e0f@group-BD40FA57DBCA-LeaderElection63] INFO  server.RaftServerConfigKeys (ConfUtils.java:logGet(44)) - raft.server.watch.element-limit = 65536 (default)
2021-04-26 08:57:25,914 [5dc8370d-b6a9-4413-93cd-e6395a769e0f@group-BD40FA57DBCA-LeaderElection63] INFO  impl.RoleInfo (RoleInfo.java:updateAndGet(130)) - 5dc8370d-b6a9-4413-93cd-e6395a769e0f: start 5dc8370d-b6a9-4413-93cd-e6395a769e0f@group-BD40FA57DBCA-LeaderStateImpl
2021-04-26 08:57:25,916 [5dc8370d-b6a9-4413-93cd-e6395a769e0f@group-BD40FA57DBCA-LeaderElection63] INFO  segmented.SegmentedRaftLogWorker (SegmentedRaftLogWorker.java:startLogSegment(394)) - 5dc8370d-b6a9-4413-93cd-e6395a769e0f@group-BD40FA57DBCA-SegmentedRaftLogWorker: Starting segment from index:0
2021-04-26 08:57:25,918 [5dc8370d-b6a9-4413-93cd-e6395a769e0f@group-BD40FA57DBCA-SegmentedRaftLogWorker] INFO  segmented.SegmentedRaftLogWorker (SegmentedRaftLogWorker.java:execute(601)) - 5dc8370d-b6a9-4413-93cd-e6395a769e0f@group-BD40FA57DBCA-SegmentedRaftLogWorker: created new log segment /github/workspace/mnt/ozone/hadoop-ozone/integration-test/target/test-dir/MiniOzoneClusterImpl-80072cdf-ce72-42fa-91c0-6b866cc407f5/datanode-3/data/ratis/f5973e21-d96d-435b-a92d-bd40fa57dbca/current/log_inprogress_0
2021-04-26 08:57:25,918 [5dc8370d-b6a9-4413-93cd-e6395a769e0f@group-BD40FA57DBCA-LeaderElection63] INFO  server.RaftServer$Division (ServerState.java:setRaftConf(373)) - 5dc8370d-b6a9-4413-93cd-e6395a769e0f@group-BD40FA57DBCA: set configuration 0: [5dc8370d-b6a9-4413-93cd-e6395a769e0f|rpc:172.17.0.2:46721|dataStream:|priority:1], old=null
2021-04-26 08:57:26,015 [5dc8370d-b6a9-4413-93cd-e6395a769e0f@group-433C05CE339E-FollowerState] INFO  impl.FollowerState (FollowerState.java:run(134)) - 5dc8370d-b6a9-4413-93cd-e6395a769e0f@group-433C05CE339E-FollowerState: change to CANDIDATE, lastRpcElapsedTime:5165392841ns, electionTimeout:5165ms
2021-04-26 08:57:26,016 [5dc8370d-b6a9-4413-93cd-e6395a769e0f@group-433C05CE339E-FollowerState] INFO  impl.RoleInfo (RoleInfo.java:shutdownFollowerState(108)) - 5dc8370d-b6a9-4413-93cd-e6395a769e0f: shutdown 5dc8370d-b6a9-4413-93cd-e6395a769e0f@group-433C05CE339E-FollowerState
2021-04-26 08:57:26,016 [5dc8370d-b6a9-4413-93cd-e6395a769e0f@group-433C05CE339E-FollowerState] INFO  server.RaftServer$Division (RaftServerImpl.java:setRole(284)) - 5dc8370d-b6a9-4413-93cd-e6395a769e0f@group-433C05CE339E: changes role from  FOLLOWER to CANDIDATE at term 0 for changeToCandidate
2021-04-26 08:57:26,016 [5dc8370d-b6a9-4413-93cd-e6395a769e0f@group-433C05CE339E-FollowerState] INFO  server.RaftServerConfigKeys (ConfUtils.java:logGet(44)) - raft.server.leaderelection.pre-vote = false (custom)
2021-04-26 08:57:26,016 [5dc8370d-b6a9-4413-93cd-e6395a769e0f@group-433C05CE339E-FollowerState] INFO  impl.RoleInfo (RoleInfo.java:updateAndGet(130)) - 5dc8370d-b6a9-4413-93cd-e6395a769e0f: start 5dc8370d-b6a9-4413-93cd-e6395a769e0f@group-433C05CE339E-LeaderElection64
2021-04-26 08:57:26,019 [5dc8370d-b6a9-4413-93cd-e6395a769e0f@group-433C05CE339E-LeaderElection64] INFO  impl.LeaderElection (LeaderElection.java:askForVotes(306)) - 5dc8370d-b6a9-4413-93cd-e6395a769e0f@group-433C05CE339E-LeaderElection64 ELECTION round 0: submit vote requests at term 1 for -1: [5dc8370d-b6a9-4413-93cd-e6395a769e0f|rpc:172.17.0.2:46721|priority:1, db0caa31-6386-4e08-a3d7-702b3b383f1b|rpc:172.17.0.2:46785|priority:0, 34a5109f-6b66-4541-bda1-cf9f603884f1|rpc:172.17.0.2:38029|priority:0], old=null
2021-04-26 08:57:26,030 [grpc-default-executor-1] INFO  server.RaftServer$Division (RaftServerImpl.java:requestVote(1042)) - 34a5109f-6b66-4541-bda1-cf9f603884f1@group-433C05CE339E: receive requestVote(ELECTION, 5dc8370d-b6a9-4413-93cd-e6395a769e0f, group-433C05CE339E, 1, (t:0, i:0))
2021-04-26 08:57:26,030 [grpc-default-executor-1] INFO  impl.VoteContext (VoteContext.java:log(48)) - 34a5109f-6b66-4541-bda1-cf9f603884f1@group-433C05CE339E-FOLLOWER: accept ELECTION from 5dc8370d-b6a9-4413-93cd-e6395a769e0f: our priority 0 <= candidate's priority 1
2021-04-26 08:57:26,030 [grpc-default-executor-1] INFO  server.RaftServer$Division (RaftServerImpl.java:setRole(284)) - 34a5109f-6b66-4541-bda1-cf9f603884f1@group-433C05CE339E: changes role from  FOLLOWER to FOLLOWER at term 1 for candidate:5dc8370d-b6a9-4413-93cd-e6395a769e0f
2021-04-26 08:57:26,030 [grpc-default-executor-1] INFO  impl.RoleInfo (RoleInfo.java:shutdownFollowerState(108)) - 34a5109f-6b66-4541-bda1-cf9f603884f1: shutdown 34a5109f-6b66-4541-bda1-cf9f603884f1@group-433C05CE339E-FollowerState
2021-04-26 08:57:26,030 [grpc-default-executor-1] INFO  impl.RoleInfo (RoleInfo.java:updateAndGet(130)) - 34a5109f-6b66-4541-bda1-cf9f603884f1: start 34a5109f-6b66-4541-bda1-cf9f603884f1@group-433C05CE339E-FollowerState
2021-04-26 08:57:26,031 [34a5109f-6b66-4541-bda1-cf9f603884f1@group-433C05CE339E-FollowerState] INFO  impl.FollowerState (FollowerState.java:run(143)) - 34a5109f-6b66-4541-bda1-cf9f603884f1@group-433C05CE339E-FollowerState was interrupted: {}
java.lang.InterruptedException: sleep interrupted
	at java.lang.Thread.sleep(Native Method)
	at java.lang.Thread.sleep(Thread.java:340)
	at java.util.concurrent.TimeUnit.sleep(TimeUnit.java:386)
	at org.apache.ratis.util.TimeDuration.sleep(TimeDuration.java:324)
	at org.apache.ratis.util.TimeDuration.sleep(TimeDuration.java:309)
	at org.apache.ratis.server.impl.FollowerState.run(FollowerState.java:118)
2021-04-26 08:57:26,033 [grpc-default-executor-4] INFO  server.RaftServer$Division (RaftServerImpl.java:requestVote(1042)) - db0caa31-6386-4e08-a3d7-702b3b383f1b@group-433C05CE339E: receive requestVote(ELECTION, 5dc8370d-b6a9-4413-93cd-e6395a769e0f, group-433C05CE339E, 1, (t:0, i:0))
2021-04-26 08:57:26,033 [grpc-default-executor-1] INFO  server.RaftServer$Division (RaftServerImpl.java:requestVote(1074)) - 34a5109f-6b66-4541-bda1-cf9f603884f1@group-433C05CE339E replies to ELECTION vote request: 5dc8370d-b6a9-4413-93cd-e6395a769e0f<-34a5109f-6b66-4541-bda1-cf9f603884f1#0:OK-t1. Peer's state: 34a5109f-6b66-4541-bda1-cf9f603884f1@group-433C05CE339E:t1, leader=null, voted=5dc8370d-b6a9-4413-93cd-e6395a769e0f, raftlog=34a5109f-6b66-4541-bda1-cf9f603884f1@group-433C05CE339E-SegmentedRaftLog:OPENED:c-1,f-1,i0, conf=-1: [5dc8370d-b6a9-4413-93cd-e6395a769e0f|rpc:172.17.0.2:46721|dataStream:|priority:1, db0caa31-6386-4e08-a3d7-702b3b383f1b|rpc:172.17.0.2:46785|dataStream:|priority:0, 34a5109f-6b66-4541-bda1-cf9f603884f1|rpc:172.17.0.2:38029|dataStream:|priority:0], old=null
2021-04-26 08:57:26,033 [grpc-default-executor-4] INFO  impl.VoteContext (VoteContext.java:log(48)) - db0caa31-6386-4e08-a3d7-702b3b383f1b@group-433C05CE339E-FOLLOWER: accept ELECTION from 5dc8370d-b6a9-4413-93cd-e6395a769e0f: our priority 0 <= candidate's priority 1
2021-04-26 08:57:26,034 [grpc-default-executor-4] INFO  server.RaftServer$Division (RaftServerImpl.java:setRole(284)) - db0caa31-6386-4e08-a3d7-702b3b383f1b@group-433C05CE339E: changes role from  FOLLOWER to FOLLOWER at term 1 for candidate:5dc8370d-b6a9-4413-93cd-e6395a769e0f
2021-04-26 08:57:26,034 [grpc-default-executor-4] INFO  impl.RoleInfo (RoleInfo.java:shutdownFollowerState(108)) - db0caa31-6386-4e08-a3d7-702b3b383f1b: shutdown db0caa31-6386-4e08-a3d7-702b3b383f1b@group-433C05CE339E-FollowerState
2021-04-26 08:57:26,034 [grpc-default-executor-4] INFO  impl.RoleInfo (RoleInfo.java:updateAndGet(130)) - db0caa31-6386-4e08-a3d7-702b3b383f1b: start db0caa31-6386-4e08-a3d7-702b3b383f1b@group-433C05CE339E-FollowerState
2021-04-26 08:57:26,034 [db0caa31-6386-4e08-a3d7-702b3b383f1b@group-433C05CE339E-FollowerState] INFO  impl.FollowerState (FollowerState.java:run(143)) - db0caa31-6386-4e08-a3d7-702b3b383f1b@group-433C05CE339E-FollowerState was interrupted: {}
java.lang.InterruptedException: sleep interrupted
	at java.lang.Thread.sleep(Native Method)
	at java.lang.Thread.sleep(Thread.java:340)
	at java.util.concurrent.TimeUnit.sleep(TimeUnit.java:386)
	at org.apache.ratis.util.TimeDuration.sleep(TimeDuration.java:324)
	at org.apache.ratis.util.TimeDuration.sleep(TimeDuration.java:309)
	at org.apache.ratis.server.impl.FollowerState.run(FollowerState.java:118)
2021-04-26 08:57:26,035 [5dc8370d-b6a9-4413-93cd-e6395a769e0f@group-433C05CE339E-LeaderElection64] INFO  impl.LeaderElection (LeaderElection.java:logAndReturn(89)) - 5dc8370d-b6a9-4413-93cd-e6395a769e0f@group-433C05CE339E-LeaderElection64: ELECTION PASSED received 1 response(s) and 0 exception(s):
2021-04-26 08:57:26,035 [5dc8370d-b6a9-4413-93cd-e6395a769e0f@group-433C05CE339E-LeaderElection64] INFO  impl.LeaderElection (LeaderElection.java:logAndReturn(93)) -   Response 0: 5dc8370d-b6a9-4413-93cd-e6395a769e0f<-34a5109f-6b66-4541-bda1-cf9f603884f1#0:OK-t1
2021-04-26 08:57:26,035 [5dc8370d-b6a9-4413-93cd-e6395a769e0f@group-433C05CE339E-LeaderElection64] INFO  impl.LeaderElection (LeaderElection.java:askForVotes(308)) - 5dc8370d-b6a9-4413-93cd-e6395a769e0f@group-433C05CE339E-LeaderElection64 ELECTION round 0: result PASSED
2021-04-26 08:57:26,035 [5dc8370d-b6a9-4413-93cd-e6395a769e0f@group-433C05CE339E-LeaderElection64] INFO  impl.RoleInfo (RoleInfo.java:shutdownLeaderElection(121)) - 5dc8370d-b6a9-4413-93cd-e6395a769e0f: shutdown 5dc8370d-b6a9-4413-93cd-e6395a769e0f@group-433C05CE339E-LeaderElection64
2021-04-26 08:57:26,035 [5dc8370d-b6a9-4413-93cd-e6395a769e0f@group-433C05CE339E-LeaderElection64] INFO  server.RaftServer$Division (RaftServerImpl.java:setRole(284)) - 5dc8370d-b6a9-4413-93cd-e6395a769e0f@group-433C05CE339E: changes role from CANDIDATE to LEADER at term 1 for changeToLeader
2021-04-26 08:57:26,035 [5dc8370d-b6a9-4413-93cd-e6395a769e0f@group-433C05CE339E-LeaderElection64] INFO  ratis.XceiverServerRatis (XceiverServerRatis.java:handleLeaderChangedNotification(906)) - Leader change notification received for group: group-433C05CE339E with new leaderId: 5dc8370d-b6a9-4413-93cd-e6395a769e0f
2021-04-26 08:57:26,036 [5dc8370d-b6a9-4413-93cd-e6395a769e0f@group-433C05CE339E-LeaderElection64] INFO  server.RaftServer$Division (ServerState.java:setLeader(271)) - 5dc8370d-b6a9-4413-93cd-e6395a769e0f@group-433C05CE339E: change Leader from null to 5dc8370d-b6a9-4413-93cd-e6395a769e0f at term 1 for becomeLeader, leader elected after 5192ms
2021-04-26 08:57:26,036 [5dc8370d-b6a9-4413-93cd-e6395a769e0f@group-433C05CE339E-LeaderElection64] INFO  server.RaftServerConfigKeys (ConfUtils.java:logGet(44)) - raft.server.staging.catchup.gap = 1000 (default)
2021-04-26 08:57:26,036 [5dc8370d-b6a9-4413-93cd-e6395a769e0f@group-433C05CE339E-LeaderElection64] INFO  metrics.RatisMetrics (RatisMetrics.java:lambda$create$0(36)) - Creating Metrics Registry : ratis.log_appender.5dc8370d-b6a9-4413-93cd-e6395a769e0f@group-433C05CE339E
2021-04-26 08:57:26,036 [5dc8370d-b6a9-4413-93cd-e6395a769e0f@group-433C05CE339E-LeaderElection64] INFO  server.RaftServerConfigKeys (ConfUtils.java:logGet(44)) - raft.server.write.element-limit = 1024 (custom)
2021-04-26 08:57:26,036 [5dc8370d-b6a9-4413-93cd-e6395a769e0f@group-433C05CE339E-LeaderElection64] INFO  server.RaftServerConfigKeys (ConfUtils.java:logGet(44)) - raft.server.write.byte-limit = 1073741824 (custom)
2021-04-26 08:57:26,037 [5dc8370d-b6a9-4413-93cd-e6395a769e0f@group-433C05CE339E-LeaderElection64] INFO  server.RaftServerConfigKeys (ConfUtils.java:logGet(44)) - raft.server.watch.timeout = 3000ms (custom)
2021-04-26 08:57:26,037 [5dc8370d-b6a9-4413-93cd-e6395a769e0f@group-433C05CE339E-LeaderElection64] INFO  server.RaftServerConfigKeys (ConfUtils.java:logGet(44)) - raft.server.watch.timeout.denomination = 1s (default)
2021-04-26 08:57:26,037 [5dc8370d-b6a9-4413-93cd-e6395a769e0f@group-433C05CE339E-LeaderElection64] INFO  server.RaftServerConfigKeys (ConfUtils.java:logGet(44)) - raft.server.watch.element-limit = 65536 (default)
2021-04-26 08:57:26,037 [5dc8370d-b6a9-4413-93cd-e6395a769e0f@group-433C05CE339E-LeaderElection64] INFO  server.RaftServerConfigKeys (ConfUtils.java:logGet(44)) - raft.server.log.appender.snapshot.chunk.size.max = 16MB (=16777216) (default)
2021-04-26 08:57:26,037 [5dc8370d-b6a9-4413-93cd-e6395a769e0f@group-433C05CE339E-LeaderElection64] INFO  server.RaftServerConfigKeys (ConfUtils.java:logGet(44)) - raft.server.log.appender.buffer.byte-limit = 33554432 (custom)
2021-04-26 08:57:26,037 [5dc8370d-b6a9-4413-93cd-e6395a769e0f@group-433C05CE339E-LeaderElection64] INFO  server.RaftServerConfigKeys (ConfUtils.java:logGet(44)) - raft.server.log.appender.buffer.element-limit = 1 (custom)
2021-04-26 08:57:26,038 [5dc8370d-b6a9-4413-93cd-e6395a769e0f@group-433C05CE339E-LeaderElection64] INFO  grpc.GrpcConfigKeys (ConfUtils.java:logGet(44)) - raft.grpc.server.leader.outstanding.appends.max = 128 (default)
2021-04-26 08:57:26,038 [EventQueue-PipelineReportForPipelineReportHandler] INFO  pipeline.PipelineManagerV2Impl (PipelineManagerV2Impl.java:openPipeline(270)) - Pipeline Pipeline[ Id: 12f0eccc-1931-4064-b0f0-433c05ce339e, Nodes: 34a5109f-6b66-4541-bda1-cf9f603884f1{ip: 172.17.0.2, host: ffee826fe4eb, ports: [REPLICATION=46075, RATIS=38029, RATIS_ADMIN=38029, RATIS_SERVER=38029, STANDALONE=33587], networkLocation: /default-rack, certSerialId: null, persistedOpState: IN_SERVICE, persistedOpStateExpiryEpochSec: 0}db0caa31-6386-4e08-a3d7-702b3b383f1b{ip: 172.17.0.2, host: ffee826fe4eb, ports: [REPLICATION=36377, RATIS=46785, RATIS_ADMIN=46785, RATIS_SERVER=46785, STANDALONE=35165], networkLocation: /default-rack, certSerialId: null, persistedOpState: IN_SERVICE, persistedOpStateExpiryEpochSec: 0}5dc8370d-b6a9-4413-93cd-e6395a769e0f{ip: 172.17.0.2, host: ffee826fe4eb, ports: [REPLICATION=45885, RATIS=46721, RATIS_ADMIN=46721, RATIS_SERVER=46721, STANDALONE=35193], networkLocation: /default-rack, certSerialId: null, persistedOpState: IN_SERVICE, persistedOpStateExpiryEpochSec: 0}, ReplicationConfig: RATIS/THREE, State:ALLOCATED, leaderId:5dc8370d-b6a9-4413-93cd-e6395a769e0f, CreationTimestamp2021-04-26T08:57:18.243Z] moved to OPEN state
2021-04-26 08:57:26,038 [grpc-default-executor-4] INFO  server.RaftServer$Division (RaftServerImpl.java:requestVote(1074)) - db0caa31-6386-4e08-a3d7-702b3b383f1b@group-433C05CE339E replies to ELECTION vote request: 5dc8370d-b6a9-4413-93cd-e6395a769e0f<-db0caa31-6386-4e08-a3d7-702b3b383f1b#0:OK-t1. Peer's state: db0caa31-6386-4e08-a3d7-702b3b383f1b@group-433C05CE339E:t1, leader=null, voted=5dc8370d-b6a9-4413-93cd-e6395a769e0f, raftlog=db0caa31-6386-4e08-a3d7-702b3b383f1b@group-433C05CE339E-SegmentedRaftLog:OPENED:c-1,f-1,i0, conf=-1: [5dc8370d-b6a9-4413-93cd-e6395a769e0f|rpc:172.17.0.2:46721|dataStream:|priority:1, db0caa31-6386-4e08-a3d7-702b3b383f1b|rpc:172.17.0.2:46785|dataStream:|priority:0, 34a5109f-6b66-4541-bda1-cf9f603884f1|rpc:172.17.0.2:38029|dataStream:|priority:0], old=null
2021-04-26 08:57:26,039 [5dc8370d-b6a9-4413-93cd-e6395a769e0f@group-433C05CE339E-LeaderElection64] INFO  server.RaftServerConfigKeys (ConfUtils.java:logGet(44)) - raft.server.rpc.request.timeout = 3000ms (default)
2021-04-26 08:57:26,039 [5dc8370d-b6a9-4413-93cd-e6395a769e0f@group-433C05CE339E-LeaderElection64] INFO  server.RaftServerConfigKeys (ConfUtils.java:logGet(44)) - raft.server.log.appender.install.snapshot.enabled = false (custom)
2021-04-26 08:57:26,039 [5dc8370d-b6a9-4413-93cd-e6395a769e0f@group-433C05CE339E-LeaderElection64] INFO  metrics.RatisMetrics (RatisMetrics.java:lambda$create$0(36)) - Creating Metrics Registry : ratis_grpc.log_appender.5dc8370d-b6a9-4413-93cd-e6395a769e0f@group-433C05CE339E
2021-04-26 08:57:26,041 [5dc8370d-b6a9-4413-93cd-e6395a769e0f@group-433C05CE339E-LeaderElection64] INFO  server.RaftServerConfigKeys (ConfUtils.java:logGet(44)) - raft.server.log.appender.snapshot.chunk.size.max = 16MB (=16777216) (default)
2021-04-26 08:57:26,041 [5dc8370d-b6a9-4413-93cd-e6395a769e0f@group-433C05CE339E-LeaderElection64] INFO  server.RaftServerConfigKeys (ConfUtils.java:logGet(44)) - raft.server.log.appender.buffer.byte-limit = 33554432 (custom)
2021-04-26 08:57:26,041 [5dc8370d-b6a9-4413-93cd-e6395a769e0f@group-433C05CE339E-LeaderElection64] INFO  server.RaftServerConfigKeys (ConfUtils.java:logGet(44)) - raft.server.log.appender.buffer.element-limit = 1 (custom)
2021-04-26 08:57:26,041 [5dc8370d-b6a9-4413-93cd-e6395a769e0f@group-433C05CE339E-LeaderElection64] INFO  grpc.GrpcConfigKeys (ConfUtils.java:logGet(44)) - raft.grpc.server.leader.outstanding.appends.max = 128 (default)
2021-04-26 08:57:26,041 [5dc8370d-b6a9-4413-93cd-e6395a769e0f@group-433C05CE339E-LeaderElection64] INFO  server.RaftServerConfigKeys (ConfUtils.java:logGet(44)) - raft.server.rpc.request.timeout = 3000ms (default)
2021-04-26 08:57:26,042 [5dc8370d-b6a9-4413-93cd-e6395a769e0f@group-433C05CE339E-LeaderElection64] INFO  server.RaftServerConfigKeys (ConfUtils.java:logGet(44)) - raft.server.log.appender.install.snapshot.enabled = false (custom)
2021-04-26 08:57:26,044 [5dc8370d-b6a9-4413-93cd-e6395a769e0f@group-433C05CE339E-LeaderElection64] INFO  impl.RoleInfo (RoleInfo.java:updateAndGet(130)) - 5dc8370d-b6a9-4413-93cd-e6395a769e0f: start 5dc8370d-b6a9-4413-93cd-e6395a769e0f@group-433C05CE339E-LeaderStateImpl
2021-04-26 08:57:26,044 [5dc8370d-b6a9-4413-93cd-e6395a769e0f@group-433C05CE339E-LeaderElection64] INFO  segmented.SegmentedRaftLogWorker (SegmentedRaftLogWorker.java:startLogSegment(394)) - 5dc8370d-b6a9-4413-93cd-e6395a769e0f@group-433C05CE339E-SegmentedRaftLogWorker: Starting segment from index:0
2021-04-26 08:57:26,046 [5dc8370d-b6a9-4413-93cd-e6395a769e0f@group-433C05CE339E-SegmentedRaftLogWorker] INFO  segmented.SegmentedRaftLogWorker (SegmentedRaftLogWorker.java:execute(601)) - 5dc8370d-b6a9-4413-93cd-e6395a769e0f@group-433C05CE339E-SegmentedRaftLogWorker: created new log segment /github/workspace/mnt/ozone/hadoop-ozone/integration-test/target/test-dir/MiniOzoneClusterImpl-80072cdf-ce72-42fa-91c0-6b866cc407f5/datanode-3/data/ratis/12f0eccc-1931-4064-b0f0-433c05ce339e/current/log_inprogress_0
2021-04-26 08:57:26,054 [5dc8370d-b6a9-4413-93cd-e6395a769e0f@group-433C05CE339E-LeaderElection64] INFO  server.RaftServer$Division (ServerState.java:setRaftConf(373)) - 5dc8370d-b6a9-4413-93cd-e6395a769e0f@group-433C05CE339E: set configuration 0: [5dc8370d-b6a9-4413-93cd-e6395a769e0f|rpc:172.17.0.2:46721|dataStream:|priority:1, db0caa31-6386-4e08-a3d7-702b3b383f1b|rpc:172.17.0.2:46785|dataStream:|priority:0, 34a5109f-6b66-4541-bda1-cf9f603884f1|rpc:172.17.0.2:38029|dataStream:|priority:0], old=null
2021-04-26 08:57:26,059 [grpc-default-executor-1] INFO  ratis.XceiverServerRatis (XceiverServerRatis.java:handleLeaderChangedNotification(906)) - Leader change notification received for group: group-433C05CE339E with new leaderId: 5dc8370d-b6a9-4413-93cd-e6395a769e0f
2021-04-26 08:57:26,060 [grpc-default-executor-1] INFO  server.RaftServer$Division (ServerState.java:setLeader(271)) - db0caa31-6386-4e08-a3d7-702b3b383f1b@group-433C05CE339E: change Leader from null to 5dc8370d-b6a9-4413-93cd-e6395a769e0f at term 1 for appendEntries, leader elected after 5164ms
2021-04-26 08:57:26,068 [grpc-default-executor-4] INFO  ratis.XceiverServerRatis (XceiverServerRatis.java:handleLeaderChangedNotification(906)) - Leader change notification received for group: group-433C05CE339E with new leaderId: 5dc8370d-b6a9-4413-93cd-e6395a769e0f
2021-04-26 08:57:26,068 [grpc-default-executor-4] INFO  server.RaftServer$Division (ServerState.java:setLeader(271)) - 34a5109f-6b66-4541-bda1-cf9f603884f1@group-433C05CE339E: change Leader from null to 5dc8370d-b6a9-4413-93cd-e6395a769e0f at term 1 for appendEntries, leader elected after 5198ms
2021-04-26 08:57:26,074 [grpc-default-executor-4] INFO  server.RaftServer$Division (ServerState.java:setRaftConf(373)) - 34a5109f-6b66-4541-bda1-cf9f603884f1@group-433C05CE339E: set configuration 0: [5dc8370d-b6a9-4413-93cd-e6395a769e0f|rpc:172.17.0.2:46721|dataStream:|priority:1, db0caa31-6386-4e08-a3d7-702b3b383f1b|rpc:172.17.0.2:46785|dataStream:|priority:0, 34a5109f-6b66-4541-bda1-cf9f603884f1|rpc:172.17.0.2:38029|dataStream:|priority:0], old=null
2021-04-26 08:57:26,074 [grpc-default-executor-4] INFO  segmented.SegmentedRaftLogWorker (SegmentedRaftLogWorker.java:startLogSegment(394)) - 34a5109f-6b66-4541-bda1-cf9f603884f1@group-433C05CE339E-SegmentedRaftLogWorker: Starting segment from index:0
2021-04-26 08:57:26,074 [grpc-default-executor-1] INFO  server.RaftServer$Division (ServerState.java:setRaftConf(373)) - db0caa31-6386-4e08-a3d7-702b3b383f1b@group-433C05CE339E: set configuration 0: [5dc8370d-b6a9-4413-93cd-e6395a769e0f|rpc:172.17.0.2:46721|dataStream:|priority:1, db0caa31-6386-4e08-a3d7-702b3b383f1b|rpc:172.17.0.2:46785|dataStream:|priority:0, 34a5109f-6b66-4541-bda1-cf9f603884f1|rpc:172.17.0.2:38029|dataStream:|priority:0], old=null
2021-04-26 08:57:26,075 [grpc-default-executor-1] INFO  segmented.SegmentedRaftLogWorker (SegmentedRaftLogWorker.java:startLogSegment(394)) - db0caa31-6386-4e08-a3d7-702b3b383f1b@group-433C05CE339E-SegmentedRaftLogWorker: Starting segment from index:0
2021-04-26 08:57:26,076 [db0caa31-6386-4e08-a3d7-702b3b383f1b@group-433C05CE339E-SegmentedRaftLogWorker] INFO  segmented.SegmentedRaftLogWorker (SegmentedRaftLogWorker.java:execute(601)) - db0caa31-6386-4e08-a3d7-702b3b383f1b@group-433C05CE339E-SegmentedRaftLogWorker: created new log segment /github/workspace/mnt/ozone/hadoop-ozone/integration-test/target/test-dir/MiniOzoneClusterImpl-80072cdf-ce72-42fa-91c0-6b866cc407f5/datanode-4/data/ratis/12f0eccc-1931-4064-b0f0-433c05ce339e/current/log_inprogress_0
2021-04-26 08:57:26,077 [34a5109f-6b66-4541-bda1-cf9f603884f1@group-433C05CE339E-SegmentedRaftLogWorker] INFO  segmented.SegmentedRaftLogWorker (SegmentedRaftLogWorker.java:execute(601)) - 34a5109f-6b66-4541-bda1-cf9f603884f1@group-433C05CE339E-SegmentedRaftLogWorker: created new log segment /github/workspace/mnt/ozone/hadoop-ozone/integration-test/target/test-dir/MiniOzoneClusterImpl-80072cdf-ce72-42fa-91c0-6b866cc407f5/datanode-5/data/ratis/12f0eccc-1931-4064-b0f0-433c05ce339e/current/log_inprogress_0
2021-04-26 08:57:26,207 [db0caa31-6386-4e08-a3d7-702b3b383f1b@group-71E57824BC1E-FollowerState] INFO  impl.FollowerState (FollowerState.java:run(134)) - db0caa31-6386-4e08-a3d7-702b3b383f1b@group-71E57824BC1E-FollowerState: change to CANDIDATE, lastRpcElapsedTime:5187373251ns, electionTimeout:5187ms
2021-04-26 08:57:26,207 [db0caa31-6386-4e08-a3d7-702b3b383f1b@group-71E57824BC1E-FollowerState] INFO  impl.RoleInfo (RoleInfo.java:shutdownFollowerState(108)) - db0caa31-6386-4e08-a3d7-702b3b383f1b: shutdown db0caa31-6386-4e08-a3d7-702b3b383f1b@group-71E57824BC1E-FollowerState
2021-04-26 08:57:26,207 [db0caa31-6386-4e08-a3d7-702b3b383f1b@group-71E57824BC1E-FollowerState] INFO  server.RaftServer$Division (RaftServerImpl.java:setRole(284)) - db0caa31-6386-4e08-a3d7-702b3b383f1b@group-71E57824BC1E: changes role from  FOLLOWER to CANDIDATE at term 0 for changeToCandidate
2021-04-26 08:57:26,208 [db0caa31-6386-4e08-a3d7-702b3b383f1b@group-71E57824BC1E-FollowerState] INFO  server.RaftServerConfigKeys (ConfUtils.java:logGet(44)) - raft.server.leaderelection.pre-vote = false (custom)
2021-04-26 08:57:26,209 [db0caa31-6386-4e08-a3d7-702b3b383f1b@group-71E57824BC1E-FollowerState] INFO  impl.RoleInfo (RoleInfo.java:updateAndGet(130)) - db0caa31-6386-4e08-a3d7-702b3b383f1b: start db0caa31-6386-4e08-a3d7-702b3b383f1b@group-71E57824BC1E-LeaderElection65
2021-04-26 08:57:26,211 [db0caa31-6386-4e08-a3d7-702b3b383f1b@group-71E57824BC1E-LeaderElection65] INFO  impl.LeaderElection (LeaderElection.java:askForVotes(306)) - db0caa31-6386-4e08-a3d7-702b3b383f1b@group-71E57824BC1E-LeaderElection65 ELECTION round 0: submit vote requests at term 1 for -1: [db0caa31-6386-4e08-a3d7-702b3b383f1b|rpc:172.17.0.2:46785|priority:1], old=null
2021-04-26 08:57:26,211 [db0caa31-6386-4e08-a3d7-702b3b383f1b@group-71E57824BC1E-LeaderElection65] INFO  impl.LeaderElection (LeaderElection.java:askForVotes(308)) - db0caa31-6386-4e08-a3d7-702b3b383f1b@group-71E57824BC1E-LeaderElection65 ELECTION round 0: result PASSED (term=1)
2021-04-26 08:57:26,211 [db0caa31-6386-4e08-a3d7-702b3b383f1b@group-71E57824BC1E-LeaderElection65] INFO  impl.RoleInfo (RoleInfo.java:shutdownLeaderElection(121)) - db0caa31-6386-4e08-a3d7-702b3b383f1b: shutdown db0caa31-6386-4e08-a3d7-702b3b383f1b@group-71E57824BC1E-LeaderElection65
2021-04-26 08:57:26,211 [db0caa31-6386-4e08-a3d7-702b3b383f1b@group-71E57824BC1E-LeaderElection65] INFO  server.RaftServer$Division (RaftServerImpl.java:setRole(284)) - db0caa31-6386-4e08-a3d7-702b3b383f1b@group-71E57824BC1E: changes role from CANDIDATE to LEADER at term 1 for changeToLeader
2021-04-26 08:57:26,211 [db0caa31-6386-4e08-a3d7-702b3b383f1b@group-71E57824BC1E-LeaderElection65] INFO  ratis.XceiverServerRatis (XceiverServerRatis.java:handleLeaderChangedNotification(906)) - Leader change notification received for group: group-71E57824BC1E with new leaderId: db0caa31-6386-4e08-a3d7-702b3b383f1b
2021-04-26 08:57:26,211 [db0caa31-6386-4e08-a3d7-702b3b383f1b@group-71E57824BC1E-LeaderElection65] INFO  server.RaftServer$Division (ServerState.java:setLeader(271)) - db0caa31-6386-4e08-a3d7-702b3b383f1b@group-71E57824BC1E: change Leader from null to db0caa31-6386-4e08-a3d7-702b3b383f1b at term 1 for becomeLeader, leader elected after 5204ms
2021-04-26 08:57:26,211 [db0caa31-6386-4e08-a3d7-702b3b383f1b@group-71E57824BC1E-LeaderElection65] INFO  server.RaftServerConfigKeys (ConfUtils.java:logGet(44)) - raft.server.staging.catchup.gap = 1000 (default)
2021-04-26 08:57:26,211 [db0caa31-6386-4e08-a3d7-702b3b383f1b@group-71E57824BC1E-LeaderElection65] INFO  metrics.RatisMetrics (RatisMetrics.java:lambda$create$0(36)) - Creating Metrics Registry : ratis.log_appender.db0caa31-6386-4e08-a3d7-702b3b383f1b@group-71E57824BC1E
2021-04-26 08:57:26,212 [db0caa31-6386-4e08-a3d7-702b3b383f1b@group-71E57824BC1E-LeaderElection65] INFO  server.RaftServerConfigKeys (ConfUtils.java:logGet(44)) - raft.server.write.element-limit = 1024 (custom)
2021-04-26 08:57:26,212 [db0caa31-6386-4e08-a3d7-702b3b383f1b@group-71E57824BC1E-LeaderElection65] INFO  server.RaftServerConfigKeys (ConfUtils.java:logGet(44)) - raft.server.write.byte-limit = 1073741824 (custom)
2021-04-26 08:57:26,212 [db0caa31-6386-4e08-a3d7-702b3b383f1b@group-71E57824BC1E-LeaderElection65] INFO  server.RaftServerConfigKeys (ConfUtils.java:logGet(44)) - raft.server.watch.timeout = 3000ms (custom)
2021-04-26 08:57:26,212 [db0caa31-6386-4e08-a3d7-702b3b383f1b@group-71E57824BC1E-LeaderElection65] INFO  server.RaftServerConfigKeys (ConfUtils.java:logGet(44)) - raft.server.watch.timeout.denomination = 1s (default)
2021-04-26 08:57:26,212 [db0caa31-6386-4e08-a3d7-702b3b383f1b@group-71E57824BC1E-LeaderElection65] INFO  server.RaftServerConfigKeys (ConfUtils.java:logGet(44)) - raft.server.watch.element-limit = 65536 (default)
2021-04-26 08:57:26,212 [db0caa31-6386-4e08-a3d7-702b3b383f1b@group-71E57824BC1E-LeaderElection65] INFO  impl.RoleInfo (RoleInfo.java:updateAndGet(130)) - db0caa31-6386-4e08-a3d7-702b3b383f1b: start db0caa31-6386-4e08-a3d7-702b3b383f1b@group-71E57824BC1E-LeaderStateImpl
2021-04-26 08:57:26,213 [db0caa31-6386-4e08-a3d7-702b3b383f1b@group-71E57824BC1E-LeaderElection65] INFO  segmented.SegmentedRaftLogWorker (SegmentedRaftLogWorker.java:startLogSegment(394)) - db0caa31-6386-4e08-a3d7-702b3b383f1b@group-71E57824BC1E-SegmentedRaftLogWorker: Starting segment from index:0
2021-04-26 08:57:26,216 [db0caa31-6386-4e08-a3d7-702b3b383f1b@group-71E57824BC1E-SegmentedRaftLogWorker] INFO  segmented.SegmentedRaftLogWorker (SegmentedRaftLogWorker.java:execute(601)) - db0caa31-6386-4e08-a3d7-702b3b383f1b@group-71E57824BC1E-SegmentedRaftLogWorker: created new log segment /github/workspace/mnt/ozone/hadoop-ozone/integration-test/target/test-dir/MiniOzoneClusterImpl-80072cdf-ce72-42fa-91c0-6b866cc407f5/datanode-4/data/ratis/e132da99-46d8-4fce-8112-71e57824bc1e/current/log_inprogress_0
2021-04-26 08:57:26,220 [db0caa31-6386-4e08-a3d7-702b3b383f1b@group-71E57824BC1E-LeaderElection65] INFO  server.RaftServer$Division (ServerState.java:setRaftConf(373)) - db0caa31-6386-4e08-a3d7-702b3b383f1b@group-71E57824BC1E: set configuration 0: [db0caa31-6386-4e08-a3d7-702b3b383f1b|rpc:172.17.0.2:46785|dataStream:|priority:1], old=null
2021-04-26 08:57:26,416 [34a5109f-6b66-4541-bda1-cf9f603884f1@group-255C1F3169F8-FollowerState] INFO  impl.FollowerState (FollowerState.java:run(134)) - 34a5109f-6b66-4541-bda1-cf9f603884f1@group-255C1F3169F8-FollowerState: change to CANDIDATE, lastRpcElapsedTime:5157389126ns, electionTimeout:5157ms
2021-04-26 08:57:26,417 [34a5109f-6b66-4541-bda1-cf9f603884f1@group-255C1F3169F8-FollowerState] INFO  impl.RoleInfo (RoleInfo.java:shutdownFollowerState(108)) - 34a5109f-6b66-4541-bda1-cf9f603884f1: shutdown 34a5109f-6b66-4541-bda1-cf9f603884f1@group-255C1F3169F8-FollowerState
2021-04-26 08:57:26,417 [34a5109f-6b66-4541-bda1-cf9f603884f1@group-255C1F3169F8-FollowerState] INFO  server.RaftServer$Division (RaftServerImpl.java:setRole(284)) - 34a5109f-6b66-4541-bda1-cf9f603884f1@group-255C1F3169F8: changes role from  FOLLOWER to CANDIDATE at term 0 for changeToCandidate
2021-04-26 08:57:26,418 [34a5109f-6b66-4541-bda1-cf9f603884f1@group-255C1F3169F8-FollowerState] INFO  server.RaftServerConfigKeys (ConfUtils.java:logGet(44)) - raft.server.leaderelection.pre-vote = false (custom)
2021-04-26 08:57:26,418 [34a5109f-6b66-4541-bda1-cf9f603884f1@group-255C1F3169F8-FollowerState] INFO  impl.RoleInfo (RoleInfo.java:updateAndGet(130)) - 34a5109f-6b66-4541-bda1-cf9f603884f1: start 34a5109f-6b66-4541-bda1-cf9f603884f1@group-255C1F3169F8-LeaderElection66
2021-04-26 08:57:26,421 [34a5109f-6b66-4541-bda1-cf9f603884f1@group-255C1F3169F8-LeaderElection66] INFO  impl.LeaderElection (LeaderElection.java:askForVotes(306)) - 34a5109f-6b66-4541-bda1-cf9f603884f1@group-255C1F3169F8-LeaderElection66 ELECTION round 0: submit vote requests at term 1 for -1: [34a5109f-6b66-4541-bda1-cf9f603884f1|rpc:172.17.0.2:38029|priority:1], old=null
2021-04-26 08:57:26,421 [34a5109f-6b66-4541-bda1-cf9f603884f1@group-255C1F3169F8-LeaderElection66] INFO  impl.LeaderElection (LeaderElection.java:askForVotes(308)) - 34a5109f-6b66-4541-bda1-cf9f603884f1@group-255C1F3169F8-LeaderElection66 ELECTION round 0: result PASSED (term=1)
2021-04-26 08:57:26,421 [34a5109f-6b66-4541-bda1-cf9f603884f1@group-255C1F3169F8-LeaderElection66] INFO  impl.RoleInfo (RoleInfo.java:shutdownLeaderElection(121)) - 34a5109f-6b66-4541-bda1-cf9f603884f1: shutdown 34a5109f-6b66-4541-bda1-cf9f603884f1@group-255C1F3169F8-LeaderElection66
2021-04-26 08:57:26,421 [34a5109f-6b66-4541-bda1-cf9f603884f1@group-255C1F3169F8-LeaderElection66] INFO  server.RaftServer$Division (RaftServerImpl.java:setRole(284)) - 34a5109f-6b66-4541-bda1-cf9f603884f1@group-255C1F3169F8: changes role from CANDIDATE to LEADER at term 1 for changeToLeader
2021-04-26 08:57:26,421 [34a5109f-6b66-4541-bda1-cf9f603884f1@group-255C1F3169F8-LeaderElection66] INFO  ratis.XceiverServerRatis (XceiverServerRatis.java:handleLeaderChangedNotification(906)) - Leader change notification received for group: group-255C1F3169F8 with new leaderId: 34a5109f-6b66-4541-bda1-cf9f603884f1
2021-04-26 08:57:26,421 [34a5109f-6b66-4541-bda1-cf9f603884f1@group-255C1F3169F8-LeaderElection66] INFO  server.RaftServer$Division (ServerState.java:setLeader(271)) - 34a5109f-6b66-4541-bda1-cf9f603884f1@group-255C1F3169F8: change Leader from null to 34a5109f-6b66-4541-bda1-cf9f603884f1 at term 1 for becomeLeader, leader elected after 5169ms
2021-04-26 08:57:26,421 [34a5109f-6b66-4541-bda1-cf9f603884f1@group-255C1F3169F8-LeaderElection66] INFO  server.RaftServerConfigKeys (ConfUtils.java:logGet(44)) - raft.server.staging.catchup.gap = 1000 (default)
2021-04-26 08:57:26,421 [34a5109f-6b66-4541-bda1-cf9f603884f1@group-255C1F3169F8-LeaderElection66] INFO  metrics.RatisMetrics (RatisMetrics.java:lambda$create$0(36)) - Creating Metrics Registry : ratis.log_appender.34a5109f-6b66-4541-bda1-cf9f603884f1@group-255C1F3169F8
2021-04-26 08:57:26,422 [34a5109f-6b66-4541-bda1-cf9f603884f1@group-255C1F3169F8-LeaderElection66] INFO  server.RaftServerConfigKeys (ConfUtils.java:logGet(44)) - raft.server.write.element-limit = 1024 (custom)
2021-04-26 08:57:26,422 [34a5109f-6b66-4541-bda1-cf9f603884f1@group-255C1F3169F8-LeaderElection66] INFO  server.RaftServerConfigKeys (ConfUtils.java:logGet(44)) - raft.server.write.byte-limit = 1073741824 (custom)
2021-04-26 08:57:26,423 [34a5109f-6b66-4541-bda1-cf9f603884f1@group-255C1F3169F8-LeaderElection66] INFO  server.RaftServerConfigKeys (ConfUtils.java:logGet(44)) - raft.server.watch.timeout = 3000ms (custom)
2021-04-26 08:57:26,423 [34a5109f-6b66-4541-bda1-cf9f603884f1@group-255C1F3169F8-LeaderElection66] INFO  server.RaftServerConfigKeys (ConfUtils.java:logGet(44)) - raft.server.watch.timeout.denomination = 1s (default)
2021-04-26 08:57:26,423 [34a5109f-6b66-4541-bda1-cf9f603884f1@group-255C1F3169F8-LeaderElection66] INFO  server.RaftServerConfigKeys (ConfUtils.java:logGet(44)) - raft.server.watch.element-limit = 65536 (default)
2021-04-26 08:57:26,423 [34a5109f-6b66-4541-bda1-cf9f603884f1@group-255C1F3169F8-LeaderElection66] INFO  impl.RoleInfo (RoleInfo.java:updateAndGet(130)) - 34a5109f-6b66-4541-bda1-cf9f603884f1: start 34a5109f-6b66-4541-bda1-cf9f603884f1@group-255C1F3169F8-LeaderStateImpl
2021-04-26 08:57:26,423 [34a5109f-6b66-4541-bda1-cf9f603884f1@group-255C1F3169F8-LeaderElection66] INFO  segmented.SegmentedRaftLogWorker (SegmentedRaftLogWorker.java:startLogSegment(394)) - 34a5109f-6b66-4541-bda1-cf9f603884f1@group-255C1F3169F8-SegmentedRaftLogWorker: Starting segment from index:0
2021-04-26 08:57:26,425 [34a5109f-6b66-4541-bda1-cf9f603884f1@group-255C1F3169F8-LeaderElection66] INFO  server.RaftServer$Division (ServerState.java:setRaftConf(373)) - 34a5109f-6b66-4541-bda1-cf9f603884f1@group-255C1F3169F8: set configuration 0: [34a5109f-6b66-4541-bda1-cf9f603884f1|rpc:172.17.0.2:38029|dataStream:|priority:1], old=null
2021-04-26 08:57:26,426 [34a5109f-6b66-4541-bda1-cf9f603884f1@group-255C1F3169F8-SegmentedRaftLogWorker] INFO  segmented.SegmentedRaftLogWorker (SegmentedRaftLogWorker.java:execute(601)) - 34a5109f-6b66-4541-bda1-cf9f603884f1@group-255C1F3169F8-SegmentedRaftLogWorker: created new log segment /github/workspace/mnt/ozone/hadoop-ozone/integration-test/target/test-dir/MiniOzoneClusterImpl-80072cdf-ce72-42fa-91c0-6b866cc407f5/datanode-5/data/ratis/071e8e92-d1f3-4c74-bd30-255c1f3169f8/current/log_inprogress_0
2021-04-26 08:57:26,516 [bdd1f724-d5b6-4784-ba93-1388b38fcec3@group-E9E2C6A009D3-FollowerState] INFO  impl.FollowerState (FollowerState.java:run(134)) - bdd1f724-d5b6-4784-ba93-1388b38fcec3@group-E9E2C6A009D3-FollowerState: change to CANDIDATE, lastRpcElapsedTime:5036910422ns, electionTimeout:5036ms
2021-04-26 08:57:26,516 [bdd1f724-d5b6-4784-ba93-1388b38fcec3@group-E9E2C6A009D3-FollowerState] INFO  impl.RoleInfo (RoleInfo.java:shutdownFollowerState(108)) - bdd1f724-d5b6-4784-ba93-1388b38fcec3: shutdown bdd1f724-d5b6-4784-ba93-1388b38fcec3@group-E9E2C6A009D3-FollowerState
2021-04-26 08:57:26,516 [bdd1f724-d5b6-4784-ba93-1388b38fcec3@group-E9E2C6A009D3-FollowerState] INFO  server.RaftServer$Division (RaftServerImpl.java:setRole(284)) - bdd1f724-d5b6-4784-ba93-1388b38fcec3@group-E9E2C6A009D3: changes role from  FOLLOWER to CANDIDATE at term 0 for changeToCandidate
2021-04-26 08:57:26,517 [bdd1f724-d5b6-4784-ba93-1388b38fcec3@group-E9E2C6A009D3-FollowerState] INFO  server.RaftServerConfigKeys (ConfUtils.java:logGet(44)) - raft.server.leaderelection.pre-vote = false (custom)
2021-04-26 08:57:26,517 [bdd1f724-d5b6-4784-ba93-1388b38fcec3@group-E9E2C6A009D3-FollowerState] INFO  impl.RoleInfo (RoleInfo.java:updateAndGet(130)) - bdd1f724-d5b6-4784-ba93-1388b38fcec3: start bdd1f724-d5b6-4784-ba93-1388b38fcec3@group-E9E2C6A009D3-LeaderElection67
2021-04-26 08:57:26,520 [bdd1f724-d5b6-4784-ba93-1388b38fcec3@group-E9E2C6A009D3-LeaderElection67] INFO  impl.LeaderElection (LeaderElection.java:askForVotes(306)) - bdd1f724-d5b6-4784-ba93-1388b38fcec3@group-E9E2C6A009D3-LeaderElection67 ELECTION round 0: submit vote requests at term 1 for -1: [bdd1f724-d5b6-4784-ba93-1388b38fcec3|rpc:172.17.0.2:39283|dataStream:|priority:1, 54deb671-31b1-41db-855f-b4cb6a4dc3be|rpc:172.17.0.2:33455|dataStream:|priority:0, 4b08603e-a2c1-4ef0-b5a8-ac91ab9d3d00|rpc:172.17.0.2:35733|dataStream:|priority:0], old=null
2021-04-26 08:57:26,531 [grpc-default-executor-1] INFO  server.RaftServer$Division (RaftServerImpl.java:requestVote(1042)) - 4b08603e-a2c1-4ef0-b5a8-ac91ab9d3d00@group-E9E2C6A009D3: receive requestVote(ELECTION, bdd1f724-d5b6-4784-ba93-1388b38fcec3, group-E9E2C6A009D3, 1, (t:0, i:0))
2021-04-26 08:57:26,531 [grpc-default-executor-1] INFO  impl.VoteContext (VoteContext.java:log(48)) - 4b08603e-a2c1-4ef0-b5a8-ac91ab9d3d00@group-E9E2C6A009D3-FOLLOWER: accept ELECTION from bdd1f724-d5b6-4784-ba93-1388b38fcec3: our priority 0 <= candidate's priority 1
2021-04-26 08:57:26,532 [grpc-default-executor-1] INFO  server.RaftServer$Division (RaftServerImpl.java:setRole(284)) - 4b08603e-a2c1-4ef0-b5a8-ac91ab9d3d00@group-E9E2C6A009D3: changes role from  FOLLOWER to FOLLOWER at term 1 for candidate:bdd1f724-d5b6-4784-ba93-1388b38fcec3
2021-04-26 08:57:26,532 [grpc-default-executor-1] INFO  impl.RoleInfo (RoleInfo.java:shutdownFollowerState(108)) - 4b08603e-a2c1-4ef0-b5a8-ac91ab9d3d00: shutdown 4b08603e-a2c1-4ef0-b5a8-ac91ab9d3d00@group-E9E2C6A009D3-FollowerState
2021-04-26 08:57:26,532 [grpc-default-executor-1] INFO  impl.RoleInfo (RoleInfo.java:updateAndGet(130)) - 4b08603e-a2c1-4ef0-b5a8-ac91ab9d3d00: start 4b08603e-a2c1-4ef0-b5a8-ac91ab9d3d00@group-E9E2C6A009D3-FollowerState
2021-04-26 08:57:26,532 [4b08603e-a2c1-4ef0-b5a8-ac91ab9d3d00@group-E9E2C6A009D3-FollowerState] INFO  impl.FollowerState (FollowerState.java:run(143)) - 4b08603e-a2c1-4ef0-b5a8-ac91ab9d3d00@group-E9E2C6A009D3-FollowerState was interrupted: {}
java.lang.InterruptedException: sleep interrupted
	at java.lang.Thread.sleep(Native Method)
	at java.lang.Thread.sleep(Thread.java:340)
	at java.util.concurrent.TimeUnit.sleep(TimeUnit.java:386)
	at org.apache.ratis.util.TimeDuration.sleep(TimeDuration.java:324)
	at org.apache.ratis.util.TimeDuration.sleep(TimeDuration.java:309)
	at org.apache.ratis.server.impl.FollowerState.run(FollowerState.java:118)
2021-04-26 08:57:26,533 [grpc-default-executor-4] INFO  metrics.RatisMetrics (RatisMetrics.java:lambda$create$0(36)) - Creating Metrics Registry : ratis.server_message_metrics.54deb671-31b1-41db-855f-b4cb6a4dc3be
2021-04-26 08:57:26,545 [grpc-default-executor-4] INFO  server.RaftServer$Division (RaftServerImpl.java:requestVote(1042)) - 54deb671-31b1-41db-855f-b4cb6a4dc3be@group-E9E2C6A009D3: receive requestVote(ELECTION, bdd1f724-d5b6-4784-ba93-1388b38fcec3, group-E9E2C6A009D3, 1, (t:0, i:0))
2021-04-26 08:57:26,545 [grpc-default-executor-4] INFO  impl.VoteContext (VoteContext.java:log(48)) - 54deb671-31b1-41db-855f-b4cb6a4dc3be@group-E9E2C6A009D3-FOLLOWER: accept ELECTION from bdd1f724-d5b6-4784-ba93-1388b38fcec3: our priority 0 <= candidate's priority 1
2021-04-26 08:57:26,545 [grpc-default-executor-4] INFO  server.RaftServer$Division (RaftServerImpl.java:setRole(284)) - 54deb671-31b1-41db-855f-b4cb6a4dc3be@group-E9E2C6A009D3: changes role from  FOLLOWER to FOLLOWER at term 1 for candidate:bdd1f724-d5b6-4784-ba93-1388b38fcec3
2021-04-26 08:57:26,545 [grpc-default-executor-4] INFO  impl.RoleInfo (RoleInfo.java:shutdownFollowerState(108)) - 54deb671-31b1-41db-855f-b4cb6a4dc3be: shutdown 54deb671-31b1-41db-855f-b4cb6a4dc3be@group-E9E2C6A009D3-FollowerState
2021-04-26 08:57:26,545 [grpc-default-executor-4] INFO  impl.RoleInfo (RoleInfo.java:updateAndGet(130)) - 54deb671-31b1-41db-855f-b4cb6a4dc3be: start 54deb671-31b1-41db-855f-b4cb6a4dc3be@group-E9E2C6A009D3-FollowerState
2021-04-26 08:57:26,545 [54deb671-31b1-41db-855f-b4cb6a4dc3be@group-E9E2C6A009D3-FollowerState] INFO  impl.FollowerState (FollowerState.java:run(143)) - 54deb671-31b1-41db-855f-b4cb6a4dc3be@group-E9E2C6A009D3-FollowerState was interrupted: {}
java.lang.InterruptedException: sleep interrupted
	at java.lang.Thread.sleep(Native Method)
	at java.lang.Thread.sleep(Thread.java:340)
	at java.util.concurrent.TimeUnit.sleep(TimeUnit.java:386)
	at org.apache.ratis.util.TimeDuration.sleep(TimeDuration.java:324)
	at org.apache.ratis.util.TimeDuration.sleep(TimeDuration.java:309)
	at org.apache.ratis.server.impl.FollowerState.run(FollowerState.java:118)
2021-04-26 08:57:26,548 [grpc-default-executor-1] INFO  server.RaftServer$Division (RaftServerImpl.java:requestVote(1074)) - 4b08603e-a2c1-4ef0-b5a8-ac91ab9d3d00@group-E9E2C6A009D3 replies to ELECTION vote request: bdd1f724-d5b6-4784-ba93-1388b38fcec3<-4b08603e-a2c1-4ef0-b5a8-ac91ab9d3d00#0:OK-t1. Peer's state: 4b08603e-a2c1-4ef0-b5a8-ac91ab9d3d00@group-E9E2C6A009D3:t1, leader=null, voted=bdd1f724-d5b6-4784-ba93-1388b38fcec3, raftlog=4b08603e-a2c1-4ef0-b5a8-ac91ab9d3d00@group-E9E2C6A009D3-SegmentedRaftLog:OPENED:c-1,f-1,i0, conf=-1: [bdd1f724-d5b6-4784-ba93-1388b38fcec3|rpc:172.17.0.2:39283|dataStream:|priority:1, 54deb671-31b1-41db-855f-b4cb6a4dc3be|rpc:172.17.0.2:33455|dataStream:|priority:0, 4b08603e-a2c1-4ef0-b5a8-ac91ab9d3d00|rpc:172.17.0.2:35733|dataStream:|priority:0], old=null
2021-04-26 08:57:26,549 [grpc-default-executor-4] INFO  server.RaftServer$Division (RaftServerImpl.java:requestVote(1074)) - 54deb671-31b1-41db-855f-b4cb6a4dc3be@group-E9E2C6A009D3 replies to ELECTION vote request: bdd1f724-d5b6-4784-ba93-1388b38fcec3<-54deb671-31b1-41db-855f-b4cb6a4dc3be#0:OK-t1. Peer's state: 54deb671-31b1-41db-855f-b4cb6a4dc3be@group-E9E2C6A009D3:t1, leader=null, voted=bdd1f724-d5b6-4784-ba93-1388b38fcec3, raftlog=54deb671-31b1-41db-855f-b4cb6a4dc3be@group-E9E2C6A009D3-SegmentedRaftLog:OPENED:c-1,f-1,i0, conf=-1: [bdd1f724-d5b6-4784-ba93-1388b38fcec3|rpc:172.17.0.2:39283|priority:1, 54deb671-31b1-41db-855f-b4cb6a4dc3be|rpc:172.17.0.2:33455|priority:0, 4b08603e-a2c1-4ef0-b5a8-ac91ab9d3d00|rpc:172.17.0.2:35733|priority:0], old=null
2021-04-26 08:57:26,550 [bdd1f724-d5b6-4784-ba93-1388b38fcec3@group-E9E2C6A009D3-LeaderElection67] INFO  impl.LeaderElection (LeaderElection.java:logAndReturn(89)) - bdd1f724-d5b6-4784-ba93-1388b38fcec3@group-E9E2C6A009D3-LeaderElection67: ELECTION PASSED received 1 response(s) and 0 exception(s):
2021-04-26 08:57:26,550 [bdd1f724-d5b6-4784-ba93-1388b38fcec3@group-E9E2C6A009D3-LeaderElection67] INFO  impl.LeaderElection (LeaderElection.java:logAndReturn(93)) -   Response 0: bdd1f724-d5b6-4784-ba93-1388b38fcec3<-4b08603e-a2c1-4ef0-b5a8-ac91ab9d3d00#0:OK-t1
2021-04-26 08:57:26,550 [bdd1f724-d5b6-4784-ba93-1388b38fcec3@group-E9E2C6A009D3-LeaderElection67] INFO  impl.LeaderElection (LeaderElection.java:askForVotes(308)) - bdd1f724-d5b6-4784-ba93-1388b38fcec3@group-E9E2C6A009D3-LeaderElection67 ELECTION round 0: result PASSED
2021-04-26 08:57:26,550 [bdd1f724-d5b6-4784-ba93-1388b38fcec3@group-E9E2C6A009D3-LeaderElection67] INFO  impl.RoleInfo (RoleInfo.java:shutdownLeaderElection(121)) - bdd1f724-d5b6-4784-ba93-1388b38fcec3: shutdown bdd1f724-d5b6-4784-ba93-1388b38fcec3@group-E9E2C6A009D3-LeaderElection67
2021-04-26 08:57:26,550 [bdd1f724-d5b6-4784-ba93-1388b38fcec3@group-E9E2C6A009D3-LeaderElection67] INFO  server.RaftServer$Division (RaftServerImpl.java:setRole(284)) - bdd1f724-d5b6-4784-ba93-1388b38fcec3@group-E9E2C6A009D3: changes role from CANDIDATE to LEADER at term 1 for changeToLeader
2021-04-26 08:57:26,550 [bdd1f724-d5b6-4784-ba93-1388b38fcec3@group-E9E2C6A009D3-LeaderElection67] INFO  ratis.XceiverServerRatis (XceiverServerRatis.java:handleLeaderChangedNotification(906)) - Leader change notification received for group: group-E9E2C6A009D3 with new leaderId: bdd1f724-d5b6-4784-ba93-1388b38fcec3
2021-04-26 08:57:26,550 [bdd1f724-d5b6-4784-ba93-1388b38fcec3@group-E9E2C6A009D3-LeaderElection67] INFO  server.RaftServer$Division (ServerState.java:setLeader(271)) - bdd1f724-d5b6-4784-ba93-1388b38fcec3@group-E9E2C6A009D3: change Leader from null to bdd1f724-d5b6-4784-ba93-1388b38fcec3 at term 1 for becomeLeader, leader elected after 5080ms
2021-04-26 08:57:26,552 [bdd1f724-d5b6-4784-ba93-1388b38fcec3@group-E9E2C6A009D3-LeaderElection67] INFO  server.RaftServerConfigKeys (ConfUtils.java:logGet(44)) - raft.server.staging.catchup.gap = 1000 (default)
2021-04-26 08:57:26,552 [bdd1f724-d5b6-4784-ba93-1388b38fcec3@group-E9E2C6A009D3-LeaderElection67] INFO  metrics.RatisMetrics (RatisMetrics.java:lambda$create$0(36)) - Creating Metrics Registry : ratis.log_appender.bdd1f724-d5b6-4784-ba93-1388b38fcec3@group-E9E2C6A009D3
2021-04-26 08:57:26,552 [bdd1f724-d5b6-4784-ba93-1388b38fcec3@group-E9E2C6A009D3-LeaderElection67] INFO  server.RaftServerConfigKeys (ConfUtils.java:logGet(44)) - raft.server.write.element-limit = 1024 (custom)
2021-04-26 08:57:26,552 [bdd1f724-d5b6-4784-ba93-1388b38fcec3@group-E9E2C6A009D3-LeaderElection67] INFO  server.RaftServerConfigKeys (ConfUtils.java:logGet(44)) - raft.server.write.byte-limit = 1073741824 (custom)
2021-04-26 08:57:26,552 [bdd1f724-d5b6-4784-ba93-1388b38fcec3@group-E9E2C6A009D3-LeaderElection67] INFO  server.RaftServerConfigKeys (ConfUtils.java:logGet(44)) - raft.server.watch.timeout = 3000ms (custom)
2021-04-26 08:57:26,553 [bdd1f724-d5b6-4784-ba93-1388b38fcec3@group-E9E2C6A009D3-LeaderElection67] INFO  server.RaftServerConfigKeys (ConfUtils.java:logGet(44)) - raft.server.watch.timeout.denomination = 1s (default)
2021-04-26 08:57:26,553 [bdd1f724-d5b6-4784-ba93-1388b38fcec3@group-E9E2C6A009D3-LeaderElection67] INFO  server.RaftServerConfigKeys (ConfUtils.java:logGet(44)) - raft.server.watch.element-limit = 65536 (default)
2021-04-26 08:57:26,553 [bdd1f724-d5b6-4784-ba93-1388b38fcec3@group-E9E2C6A009D3-LeaderElection67] INFO  server.RaftServerConfigKeys (ConfUtils.java:logGet(44)) - raft.server.log.appender.snapshot.chunk.size.max = 16MB (=16777216) (default)
2021-04-26 08:57:26,553 [bdd1f724-d5b6-4784-ba93-1388b38fcec3@group-E9E2C6A009D3-LeaderElection67] INFO  server.RaftServerConfigKeys (ConfUtils.java:logGet(44)) - raft.server.log.appender.buffer.byte-limit = 33554432 (custom)
2021-04-26 08:57:26,553 [bdd1f724-d5b6-4784-ba93-1388b38fcec3@group-E9E2C6A009D3-LeaderElection67] INFO  server.RaftServerConfigKeys (ConfUtils.java:logGet(44)) - raft.server.log.appender.buffer.element-limit = 1 (custom)
2021-04-26 08:57:26,553 [bdd1f724-d5b6-4784-ba93-1388b38fcec3@group-E9E2C6A009D3-LeaderElection67] INFO  grpc.GrpcConfigKeys (ConfUtils.java:logGet(44)) - raft.grpc.server.leader.outstanding.appends.max = 128 (default)
2021-04-26 08:57:26,554 [bdd1f724-d5b6-4784-ba93-1388b38fcec3@group-E9E2C6A009D3-LeaderElection67] INFO  server.RaftServerConfigKeys (ConfUtils.java:logGet(44)) - raft.server.rpc.request.timeout = 3000ms (default)
2021-04-26 08:57:26,554 [bdd1f724-d5b6-4784-ba93-1388b38fcec3@group-E9E2C6A009D3-LeaderElection67] INFO  server.RaftServerConfigKeys (ConfUtils.java:logGet(44)) - raft.server.log.appender.install.snapshot.enabled = false (custom)
2021-04-26 08:57:26,554 [bdd1f724-d5b6-4784-ba93-1388b38fcec3@group-E9E2C6A009D3-LeaderElection67] INFO  metrics.RatisMetrics (RatisMetrics.java:lambda$create$0(36)) - Creating Metrics Registry : ratis_grpc.log_appender.bdd1f724-d5b6-4784-ba93-1388b38fcec3@group-E9E2C6A009D3
2021-04-26 08:57:26,555 [EventQueue-PipelineReportForPipelineReportHandler] INFO  pipeline.PipelineManagerV2Impl (PipelineManagerV2Impl.java:openPipeline(270)) - Pipeline Pipeline[ Id: 4b3b9e76-0a26-48c0-b439-e9e2c6a009d3, Nodes: bdd1f724-d5b6-4784-ba93-1388b38fcec3{ip: 172.17.0.2, host: ffee826fe4eb, ports: [REPLICATION=35617, RATIS=39283, RATIS_ADMIN=39283, RATIS_SERVER=39283, STANDALONE=40429], networkLocation: /default-rack, certSerialId: null, persistedOpState: IN_SERVICE, persistedOpStateExpiryEpochSec: 0}4b08603e-a2c1-4ef0-b5a8-ac91ab9d3d00{ip: 172.17.0.2, host: ffee826fe4eb, ports: [REPLICATION=35603, RATIS=35733, RATIS_ADMIN=35733, RATIS_SERVER=35733, STANDALONE=33025], networkLocation: /default-rack, certSerialId: null, persistedOpState: IN_SERVICE, persistedOpStateExpiryEpochSec: 0}54deb671-31b1-41db-855f-b4cb6a4dc3be{ip: 172.17.0.2, host: ffee826fe4eb, ports: [REPLICATION=44211, RATIS=33455, RATIS_ADMIN=33455, RATIS_SERVER=33455, STANDALONE=42669], networkLocation: /default-rack, certSerialId: null, persistedOpState: IN_SERVICE, persistedOpStateExpiryEpochSec: 0}, ReplicationConfig: RATIS/THREE, State:ALLOCATED, leaderId:bdd1f724-d5b6-4784-ba93-1388b38fcec3, CreationTimestamp2021-04-26T08:57:18.810Z] moved to OPEN state
2021-04-26 08:57:26,556 [bdd1f724-d5b6-4784-ba93-1388b38fcec3@group-E9E2C6A009D3-LeaderElection67] INFO  server.RaftServerConfigKeys (ConfUtils.java:logGet(44)) - raft.server.log.appender.snapshot.chunk.size.max = 16MB (=16777216) (default)
2021-04-26 08:57:26,556 [bdd1f724-d5b6-4784-ba93-1388b38fcec3@group-E9E2C6A009D3-LeaderElection67] INFO  server.RaftServerConfigKeys (ConfUtils.java:logGet(44)) - raft.server.log.appender.buffer.byte-limit = 33554432 (custom)
2021-04-26 08:57:26,556 [bdd1f724-d5b6-4784-ba93-1388b38fcec3@group-E9E2C6A009D3-LeaderElection67] INFO  server.RaftServerConfigKeys (ConfUtils.java:logGet(44)) - raft.server.log.appender.buffer.element-limit = 1 (custom)
2021-04-26 08:57:26,556 [bdd1f724-d5b6-4784-ba93-1388b38fcec3@group-E9E2C6A009D3-LeaderElection67] INFO  grpc.GrpcConfigKeys (ConfUtils.java:logGet(44)) - raft.grpc.server.leader.outstanding.appends.max = 128 (default)
2021-04-26 08:57:26,556 [bdd1f724-d5b6-4784-ba93-1388b38fcec3@group-E9E2C6A009D3-LeaderElection67] INFO  server.RaftServerConfigKeys (ConfUtils.java:logGet(44)) - raft.server.rpc.request.timeout = 3000ms (default)
2021-04-26 08:57:26,556 [bdd1f724-d5b6-4784-ba93-1388b38fcec3@group-E9E2C6A009D3-LeaderElection67] INFO  server.RaftServerConfigKeys (ConfUtils.java:logGet(44)) - raft.server.log.appender.install.snapshot.enabled = false (custom)
2021-04-26 08:57:26,558 [bdd1f724-d5b6-4784-ba93-1388b38fcec3@group-E9E2C6A009D3-LeaderElection67] INFO  impl.RoleInfo (RoleInfo.java:updateAndGet(130)) - bdd1f724-d5b6-4784-ba93-1388b38fcec3: start bdd1f724-d5b6-4784-ba93-1388b38fcec3@group-E9E2C6A009D3-LeaderStateImpl
2021-04-26 08:57:26,559 [bdd1f724-d5b6-4784-ba93-1388b38fcec3@group-E9E2C6A009D3-LeaderElection67] INFO  segmented.SegmentedRaftLogWorker (SegmentedRaftLogWorker.java:startLogSegment(394)) - bdd1f724-d5b6-4784-ba93-1388b38fcec3@group-E9E2C6A009D3-SegmentedRaftLogWorker: Starting segment from index:0
2021-04-26 08:57:26,561 [bdd1f724-d5b6-4784-ba93-1388b38fcec3@group-E9E2C6A009D3-LeaderElection67] INFO  server.RaftServer$Division (ServerState.java:setRaftConf(373)) - bdd1f724-d5b6-4784-ba93-1388b38fcec3@group-E9E2C6A009D3: set configuration 0: [bdd1f724-d5b6-4784-ba93-1388b38fcec3|rpc:172.17.0.2:39283|dataStream:|priority:1, 54deb671-31b1-41db-855f-b4cb6a4dc3be|rpc:172.17.0.2:33455|dataStream:|priority:0, 4b08603e-a2c1-4ef0-b5a8-ac91ab9d3d00|rpc:172.17.0.2:35733|dataStream:|priority:0], old=null
2021-04-26 08:57:26,561 [bdd1f724-d5b6-4784-ba93-1388b38fcec3@group-E9E2C6A009D3-SegmentedRaftLogWorker] INFO  segmented.SegmentedRaftLogWorker (SegmentedRaftLogWorker.java:execute(601)) - bdd1f724-d5b6-4784-ba93-1388b38fcec3@group-E9E2C6A009D3-SegmentedRaftLogWorker: created new log segment /github/workspace/mnt/ozone/hadoop-ozone/integration-test/target/test-dir/MiniOzoneClusterImpl-80072cdf-ce72-42fa-91c0-6b866cc407f5/datanode-7/data/ratis/4b3b9e76-0a26-48c0-b439-e9e2c6a009d3/current/log_inprogress_0
2021-04-26 08:57:26,572 [grpc-default-executor-1] INFO  ratis.XceiverServerRatis (XceiverServerRatis.java:handleLeaderChangedNotification(906)) - Leader change notification received for group: group-E9E2C6A009D3 with new leaderId: bdd1f724-d5b6-4784-ba93-1388b38fcec3
2021-04-26 08:57:26,573 [grpc-default-executor-1] INFO  server.RaftServer$Division (ServerState.java:setLeader(271)) - 54deb671-31b1-41db-855f-b4cb6a4dc3be@group-E9E2C6A009D3: change Leader from null to bdd1f724-d5b6-4784-ba93-1388b38fcec3 at term 1 for appendEntries, leader elected after 5127ms
2021-04-26 08:57:26,578 [grpc-default-executor-2] INFO  ratis.XceiverServerRatis (XceiverServerRatis.java:handleLeaderChangedNotification(906)) - Leader change notification received for group: group-E9E2C6A009D3 with new leaderId: bdd1f724-d5b6-4784-ba93-1388b38fcec3
2021-04-26 08:57:26,578 [grpc-default-executor-2] INFO  server.RaftServer$Division (ServerState.java:setLeader(271)) - 4b08603e-a2c1-4ef0-b5a8-ac91ab9d3d00@group-E9E2C6A009D3: change Leader from null to bdd1f724-d5b6-4784-ba93-1388b38fcec3 at term 1 for appendEntries, leader elected after 5079ms
2021-04-26 08:57:26,582 [grpc-default-executor-1] INFO  server.RaftServer$Division (ServerState.java:setRaftConf(373)) - 54deb671-31b1-41db-855f-b4cb6a4dc3be@group-E9E2C6A009D3: set configuration 0: [bdd1f724-d5b6-4784-ba93-1388b38fcec3|rpc:172.17.0.2:39283|dataStream:|priority:1, 54deb671-31b1-41db-855f-b4cb6a4dc3be|rpc:172.17.0.2:33455|dataStream:|priority:0, 4b08603e-a2c1-4ef0-b5a8-ac91ab9d3d00|rpc:172.17.0.2:35733|dataStream:|priority:0], old=null
2021-04-26 08:57:26,582 [grpc-default-executor-1] INFO  segmented.SegmentedRaftLogWorker (SegmentedRaftLogWorker.java:startLogSegment(394)) - 54deb671-31b1-41db-855f-b4cb6a4dc3be@group-E9E2C6A009D3-SegmentedRaftLogWorker: Starting segment from index:0
2021-04-26 08:57:26,582 [grpc-default-executor-2] INFO  server.RaftServer$Division (ServerState.java:setRaftConf(373)) - 4b08603e-a2c1-4ef0-b5a8-ac91ab9d3d00@group-E9E2C6A009D3: set configuration 0: [bdd1f724-d5b6-4784-ba93-1388b38fcec3|rpc:172.17.0.2:39283|dataStream:|priority:1, 54deb671-31b1-41db-855f-b4cb6a4dc3be|rpc:172.17.0.2:33455|dataStream:|priority:0, 4b08603e-a2c1-4ef0-b5a8-ac91ab9d3d00|rpc:172.17.0.2:35733|dataStream:|priority:0], old=null
2021-04-26 08:57:26,583 [grpc-default-executor-2] INFO  segmented.SegmentedRaftLogWorker (SegmentedRaftLogWorker.java:startLogSegment(394)) - 4b08603e-a2c1-4ef0-b5a8-ac91ab9d3d00@group-E9E2C6A009D3-SegmentedRaftLogWorker: Starting segment from index:0
2021-04-26 08:57:26,585 [4b08603e-a2c1-4ef0-b5a8-ac91ab9d3d00@group-E9E2C6A009D3-SegmentedRaftLogWorker] INFO  segmented.SegmentedRaftLogWorker (SegmentedRaftLogWorker.java:execute(601)) - 4b08603e-a2c1-4ef0-b5a8-ac91ab9d3d00@group-E9E2C6A009D3-SegmentedRaftLogWorker: created new log segment /github/workspace/mnt/ozone/hadoop-ozone/integration-test/target/test-dir/MiniOzoneClusterImpl-80072cdf-ce72-42fa-91c0-6b866cc407f5/datanode-8/data/ratis/4b3b9e76-0a26-48c0-b439-e9e2c6a009d3/current/log_inprogress_0
2021-04-26 08:57:26,589 [54deb671-31b1-41db-855f-b4cb6a4dc3be@group-E9E2C6A009D3-SegmentedRaftLogWorker] INFO  segmented.SegmentedRaftLogWorker (SegmentedRaftLogWorker.java:execute(601)) - 54deb671-31b1-41db-855f-b4cb6a4dc3be@group-E9E2C6A009D3-SegmentedRaftLogWorker: created new log segment /github/workspace/mnt/ozone/hadoop-ozone/integration-test/target/test-dir/MiniOzoneClusterImpl-80072cdf-ce72-42fa-91c0-6b866cc407f5/datanode-6/data/ratis/4b3b9e76-0a26-48c0-b439-e9e2c6a009d3/current/log_inprogress_0
2021-04-26 08:57:26,617 [54deb671-31b1-41db-855f-b4cb6a4dc3be@group-AD809E9A8B6A-FollowerState] INFO  impl.FollowerState (FollowerState.java:run(134)) - 54deb671-31b1-41db-855f-b4cb6a4dc3be@group-AD809E9A8B6A-FollowerState: change to CANDIDATE, lastRpcElapsedTime:5178615325ns, electionTimeout:5178ms
2021-04-26 08:57:26,618 [54deb671-31b1-41db-855f-b4cb6a4dc3be@group-AD809E9A8B6A-FollowerState] INFO  impl.RoleInfo (RoleInfo.java:shutdownFollowerState(108)) - 54deb671-31b1-41db-855f-b4cb6a4dc3be: shutdown 54deb671-31b1-41db-855f-b4cb6a4dc3be@group-AD809E9A8B6A-FollowerState
2021-04-26 08:57:26,618 [54deb671-31b1-41db-855f-b4cb6a4dc3be@group-AD809E9A8B6A-FollowerState] INFO  server.RaftServer$Division (RaftServerImpl.java:setRole(284)) - 54deb671-31b1-41db-855f-b4cb6a4dc3be@group-AD809E9A8B6A: changes role from  FOLLOWER to CANDIDATE at term 0 for changeToCandidate
2021-04-26 08:57:26,619 [54deb671-31b1-41db-855f-b4cb6a4dc3be@group-AD809E9A8B6A-FollowerState] INFO  server.RaftServerConfigKeys (ConfUtils.java:logGet(44)) - raft.server.leaderelection.pre-vote = false (custom)
2021-04-26 08:57:26,619 [54deb671-31b1-41db-855f-b4cb6a4dc3be@group-AD809E9A8B6A-FollowerState] INFO  impl.RoleInfo (RoleInfo.java:updateAndGet(130)) - 54deb671-31b1-41db-855f-b4cb6a4dc3be: start 54deb671-31b1-41db-855f-b4cb6a4dc3be@group-AD809E9A8B6A-LeaderElection68
2021-04-26 08:57:26,621 [54deb671-31b1-41db-855f-b4cb6a4dc3be@group-AD809E9A8B6A-LeaderElection68] INFO  impl.LeaderElection (LeaderElection.java:askForVotes(306)) - 54deb671-31b1-41db-855f-b4cb6a4dc3be@group-AD809E9A8B6A-LeaderElection68 ELECTION round 0: submit vote requests at term 1 for -1: [54deb671-31b1-41db-855f-b4cb6a4dc3be|rpc:172.17.0.2:33455|priority:1], old=null
2021-04-26 08:57:26,621 [54deb671-31b1-41db-855f-b4cb6a4dc3be@group-AD809E9A8B6A-LeaderElection68] INFO  impl.LeaderElection (LeaderElection.java:askForVotes(308)) - 54deb671-31b1-41db-855f-b4cb6a4dc3be@group-AD809E9A8B6A-LeaderElection68 ELECTION round 0: result PASSED (term=1)
2021-04-26 08:57:26,621 [54deb671-31b1-41db-855f-b4cb6a4dc3be@group-AD809E9A8B6A-LeaderElection68] INFO  impl.RoleInfo (RoleInfo.java:shutdownLeaderElection(121)) - 54deb671-31b1-41db-855f-b4cb6a4dc3be: shutdown 54deb671-31b1-41db-855f-b4cb6a4dc3be@group-AD809E9A8B6A-LeaderElection68
2021-04-26 08:57:26,621 [54deb671-31b1-41db-855f-b4cb6a4dc3be@group-AD809E9A8B6A-LeaderElection68] INFO  server.RaftServer$Division (RaftServerImpl.java:setRole(284)) - 54deb671-31b1-41db-855f-b4cb6a4dc3be@group-AD809E9A8B6A: changes role from CANDIDATE to LEADER at term 1 for changeToLeader
2021-04-26 08:57:26,621 [54deb671-31b1-41db-855f-b4cb6a4dc3be@group-AD809E9A8B6A-LeaderElection68] INFO  ratis.XceiverServerRatis (XceiverServerRatis.java:handleLeaderChangedNotification(906)) - Leader change notification received for group: group-AD809E9A8B6A with new leaderId: 54deb671-31b1-41db-855f-b4cb6a4dc3be
2021-04-26 08:57:26,621 [54deb671-31b1-41db-855f-b4cb6a4dc3be@group-AD809E9A8B6A-LeaderElection68] INFO  server.RaftServer$Division (ServerState.java:setLeader(271)) - 54deb671-31b1-41db-855f-b4cb6a4dc3be@group-AD809E9A8B6A: change Leader from null to 54deb671-31b1-41db-855f-b4cb6a4dc3be at term 1 for becomeLeader, leader elected after 5190ms
2021-04-26 08:57:26,621 [54deb671-31b1-41db-855f-b4cb6a4dc3be@group-AD809E9A8B6A-LeaderElection68] INFO  server.RaftServerConfigKeys (ConfUtils.java:logGet(44)) - raft.server.staging.catchup.gap = 1000 (default)
2021-04-26 08:57:26,622 [54deb671-31b1-41db-855f-b4cb6a4dc3be@group-AD809E9A8B6A-LeaderElection68] INFO  metrics.RatisMetrics (RatisMetrics.java:lambda$create$0(36)) - Creating Metrics Registry : ratis.log_appender.54deb671-31b1-41db-855f-b4cb6a4dc3be@group-AD809E9A8B6A
2021-04-26 08:57:26,622 [54deb671-31b1-41db-855f-b4cb6a4dc3be@group-AD809E9A8B6A-LeaderElection68] INFO  server.RaftServerConfigKeys (ConfUtils.java:logGet(44)) - raft.server.write.element-limit = 1024 (custom)
2021-04-26 08:57:26,622 [54deb671-31b1-41db-855f-b4cb6a4dc3be@group-AD809E9A8B6A-LeaderElection68] INFO  server.RaftServerConfigKeys (ConfUtils.java:logGet(44)) - raft.server.write.byte-limit = 1073741824 (custom)
2021-04-26 08:57:26,622 [54deb671-31b1-41db-855f-b4cb6a4dc3be@group-AD809E9A8B6A-LeaderElection68] INFO  server.RaftServerConfigKeys (ConfUtils.java:logGet(44)) - raft.server.watch.timeout = 3000ms (custom)
2021-04-26 08:57:26,622 [54deb671-31b1-41db-855f-b4cb6a4dc3be@group-AD809E9A8B6A-LeaderElection68] INFO  server.RaftServerConfigKeys (ConfUtils.java:logGet(44)) - raft.server.watch.timeout.denomination = 1s (default)
2021-04-26 08:57:26,622 [54deb671-31b1-41db-855f-b4cb6a4dc3be@group-AD809E9A8B6A-LeaderElection68] INFO  server.RaftServerConfigKeys (ConfUtils.java:logGet(44)) - raft.server.watch.element-limit = 65536 (default)
2021-04-26 08:57:26,623 [54deb671-31b1-41db-855f-b4cb6a4dc3be@group-AD809E9A8B6A-LeaderElection68] INFO  impl.RoleInfo (RoleInfo.java:updateAndGet(130)) - 54deb671-31b1-41db-855f-b4cb6a4dc3be: start 54deb671-31b1-41db-855f-b4cb6a4dc3be@group-AD809E9A8B6A-LeaderStateImpl
2021-04-26 08:57:26,623 [54deb671-31b1-41db-855f-b4cb6a4dc3be@group-AD809E9A8B6A-LeaderElection68] INFO  segmented.SegmentedRaftLogWorker (SegmentedRaftLogWorker.java:startLogSegment(394)) - 54deb671-31b1-41db-855f-b4cb6a4dc3be@group-AD809E9A8B6A-SegmentedRaftLogWorker: Starting segment from index:0
2021-04-26 08:57:26,625 [54deb671-31b1-41db-855f-b4cb6a4dc3be@group-AD809E9A8B6A-SegmentedRaftLogWorker] INFO  segmented.SegmentedRaftLogWorker (SegmentedRaftLogWorker.java:execute(601)) - 54deb671-31b1-41db-855f-b4cb6a4dc3be@group-AD809E9A8B6A-SegmentedRaftLogWorker: created new log segment /github/workspace/mnt/ozone/hadoop-ozone/integration-test/target/test-dir/MiniOzoneClusterImpl-80072cdf-ce72-42fa-91c0-6b866cc407f5/datanode-6/data/ratis/bfbecdd8-21d6-4bcf-89b5-ad809e9a8b6a/current/log_inprogress_0
2021-04-26 08:57:26,626 [54deb671-31b1-41db-855f-b4cb6a4dc3be@group-AD809E9A8B6A-LeaderElection68] INFO  server.RaftServer$Division (ServerState.java:setRaftConf(373)) - 54deb671-31b1-41db-855f-b4cb6a4dc3be@group-AD809E9A8B6A: set configuration 0: [54deb671-31b1-41db-855f-b4cb6a4dc3be|rpc:172.17.0.2:33455|dataStream:|priority:1], old=null
2021-04-26 08:57:26,643 [bdd1f724-d5b6-4784-ba93-1388b38fcec3@group-24676E4E1D24-FollowerState] INFO  impl.FollowerState (FollowerState.java:run(134)) - bdd1f724-d5b6-4784-ba93-1388b38fcec3@group-24676E4E1D24-FollowerState: change to CANDIDATE, lastRpcElapsedTime:5019380373ns, electionTimeout:5019ms
2021-04-26 08:57:26,643 [bdd1f724-d5b6-4784-ba93-1388b38fcec3@group-24676E4E1D24-FollowerState] INFO  impl.RoleInfo (RoleInfo.java:shutdownFollowerState(108)) - bdd1f724-d5b6-4784-ba93-1388b38fcec3: shutdown bdd1f724-d5b6-4784-ba93-1388b38fcec3@group-24676E4E1D24-FollowerState
2021-04-26 08:57:26,643 [bdd1f724-d5b6-4784-ba93-1388b38fcec3@group-24676E4E1D24-FollowerState] INFO  server.RaftServer$Division (RaftServerImpl.java:setRole(284)) - bdd1f724-d5b6-4784-ba93-1388b38fcec3@group-24676E4E1D24: changes role from  FOLLOWER to CANDIDATE at term 0 for changeToCandidate
2021-04-26 08:57:26,644 [bdd1f724-d5b6-4784-ba93-1388b38fcec3@group-24676E4E1D24-FollowerState] INFO  server.RaftServerConfigKeys (ConfUtils.java:logGet(44)) - raft.server.leaderelection.pre-vote = false (custom)
2021-04-26 08:57:26,644 [bdd1f724-d5b6-4784-ba93-1388b38fcec3@group-24676E4E1D24-FollowerState] INFO  impl.RoleInfo (RoleInfo.java:updateAndGet(130)) - bdd1f724-d5b6-4784-ba93-1388b38fcec3: start bdd1f724-d5b6-4784-ba93-1388b38fcec3@group-24676E4E1D24-LeaderElection69
2021-04-26 08:57:26,646 [bdd1f724-d5b6-4784-ba93-1388b38fcec3@group-24676E4E1D24-LeaderElection69] INFO  impl.LeaderElection (LeaderElection.java:askForVotes(306)) - bdd1f724-d5b6-4784-ba93-1388b38fcec3@group-24676E4E1D24-LeaderElection69 ELECTION round 0: submit vote requests at term 1 for -1: [bdd1f724-d5b6-4784-ba93-1388b38fcec3|rpc:172.17.0.2:39283|priority:1], old=null
2021-04-26 08:57:26,646 [bdd1f724-d5b6-4784-ba93-1388b38fcec3@group-24676E4E1D24-LeaderElection69] INFO  impl.LeaderElection (LeaderElection.java:askForVotes(308)) - bdd1f724-d5b6-4784-ba93-1388b38fcec3@group-24676E4E1D24-LeaderElection69 ELECTION round 0: result PASSED (term=1)
2021-04-26 08:57:26,646 [bdd1f724-d5b6-4784-ba93-1388b38fcec3@group-24676E4E1D24-LeaderElection69] INFO  impl.RoleInfo (RoleInfo.java:shutdownLeaderElection(121)) - bdd1f724-d5b6-4784-ba93-1388b38fcec3: shutdown bdd1f724-d5b6-4784-ba93-1388b38fcec3@group-24676E4E1D24-LeaderElection69
2021-04-26 08:57:26,646 [bdd1f724-d5b6-4784-ba93-1388b38fcec3@group-24676E4E1D24-LeaderElection69] INFO  server.RaftServer$Division (RaftServerImpl.java:setRole(284)) - bdd1f724-d5b6-4784-ba93-1388b38fcec3@group-24676E4E1D24: changes role from CANDIDATE to LEADER at term 1 for changeToLeader
2021-04-26 08:57:26,646 [bdd1f724-d5b6-4784-ba93-1388b38fcec3@group-24676E4E1D24-LeaderElection69] INFO  ratis.XceiverServerRatis (XceiverServerRatis.java:handleLeaderChangedNotification(906)) - Leader change notification received for group: group-24676E4E1D24 with new leaderId: bdd1f724-d5b6-4784-ba93-1388b38fcec3
2021-04-26 08:57:26,646 [bdd1f724-d5b6-4784-ba93-1388b38fcec3@group-24676E4E1D24-LeaderElection69] INFO  server.RaftServer$Division (ServerState.java:setLeader(271)) - bdd1f724-d5b6-4784-ba93-1388b38fcec3@group-24676E4E1D24: change Leader from null to bdd1f724-d5b6-4784-ba93-1388b38fcec3 at term 1 for becomeLeader, leader elected after 5029ms
2021-04-26 08:57:26,646 [bdd1f724-d5b6-4784-ba93-1388b38fcec3@group-24676E4E1D24-LeaderElection69] INFO  server.RaftServerConfigKeys (ConfUtils.java:logGet(44)) - raft.server.staging.catchup.gap = 1000 (default)
2021-04-26 08:57:26,647 [bdd1f724-d5b6-4784-ba93-1388b38fcec3@group-24676E4E1D24-LeaderElection69] INFO  metrics.RatisMetrics (RatisMetrics.java:lambda$create$0(36)) - Creating Metrics Registry : ratis.log_appender.bdd1f724-d5b6-4784-ba93-1388b38fcec3@group-24676E4E1D24
2021-04-26 08:57:26,647 [bdd1f724-d5b6-4784-ba93-1388b38fcec3@group-24676E4E1D24-LeaderElection69] INFO  server.RaftServerConfigKeys (ConfUtils.java:logGet(44)) - raft.server.write.element-limit = 1024 (custom)
2021-04-26 08:57:26,647 [bdd1f724-d5b6-4784-ba93-1388b38fcec3@group-24676E4E1D24-LeaderElection69] INFO  server.RaftServerConfigKeys (ConfUtils.java:logGet(44)) - raft.server.write.byte-limit = 1073741824 (custom)
2021-04-26 08:57:26,648 [bdd1f724-d5b6-4784-ba93-1388b38fcec3@group-24676E4E1D24-LeaderElection69] INFO  server.RaftServerConfigKeys (ConfUtils.java:logGet(44)) - raft.server.watch.timeout = 3000ms (custom)
2021-04-26 08:57:26,648 [bdd1f724-d5b6-4784-ba93-1388b38fcec3@group-24676E4E1D24-LeaderElection69] INFO  server.RaftServerConfigKeys (ConfUtils.java:logGet(44)) - raft.server.watch.timeout.denomination = 1s (default)
2021-04-26 08:57:26,648 [bdd1f724-d5b6-4784-ba93-1388b38fcec3@group-24676E4E1D24-LeaderElection69] INFO  server.RaftServerConfigKeys (ConfUtils.java:logGet(44)) - raft.server.watch.element-limit = 65536 (default)
2021-04-26 08:57:26,648 [bdd1f724-d5b6-4784-ba93-1388b38fcec3@group-24676E4E1D24-LeaderElection69] INFO  impl.RoleInfo (RoleInfo.java:updateAndGet(130)) - bdd1f724-d5b6-4784-ba93-1388b38fcec3: start bdd1f724-d5b6-4784-ba93-1388b38fcec3@group-24676E4E1D24-LeaderStateImpl
2021-04-26 08:57:26,648 [bdd1f724-d5b6-4784-ba93-1388b38fcec3@group-24676E4E1D24-LeaderElection69] INFO  segmented.SegmentedRaftLogWorker (SegmentedRaftLogWorker.java:startLogSegment(394)) - bdd1f724-d5b6-4784-ba93-1388b38fcec3@group-24676E4E1D24-SegmentedRaftLogWorker: Starting segment from index:0
2021-04-26 08:57:26,650 [bdd1f724-d5b6-4784-ba93-1388b38fcec3@group-24676E4E1D24-SegmentedRaftLogWorker] INFO  segmented.SegmentedRaftLogWorker (SegmentedRaftLogWorker.java:execute(601)) - bdd1f724-d5b6-4784-ba93-1388b38fcec3@group-24676E4E1D24-SegmentedRaftLogWorker: created new log segment /github/workspace/mnt/ozone/hadoop-ozone/integration-test/target/test-dir/MiniOzoneClusterImpl-80072cdf-ce72-42fa-91c0-6b866cc407f5/datanode-7/data/ratis/84f139e5-a370-42cc-855f-24676e4e1d24/current/log_inprogress_0
2021-04-26 08:57:26,650 [bdd1f724-d5b6-4784-ba93-1388b38fcec3@group-24676E4E1D24-LeaderElection69] INFO  server.RaftServer$Division (ServerState.java:setRaftConf(373)) - bdd1f724-d5b6-4784-ba93-1388b38fcec3@group-24676E4E1D24: set configuration 0: [bdd1f724-d5b6-4784-ba93-1388b38fcec3|rpc:172.17.0.2:39283|dataStream:|priority:1], old=null
2021-04-26 08:57:26,946 [4b08603e-a2c1-4ef0-b5a8-ac91ab9d3d00@group-F3DC82548717-FollowerState] INFO  impl.FollowerState (FollowerState.java:run(134)) - 4b08603e-a2c1-4ef0-b5a8-ac91ab9d3d00@group-F3DC82548717-FollowerState: change to CANDIDATE, lastRpcElapsedTime:5123329343ns, electionTimeout:5122ms
2021-04-26 08:57:26,947 [4b08603e-a2c1-4ef0-b5a8-ac91ab9d3d00@group-F3DC82548717-FollowerState] INFO  impl.RoleInfo (RoleInfo.java:shutdownFollowerState(108)) - 4b08603e-a2c1-4ef0-b5a8-ac91ab9d3d00: shutdown 4b08603e-a2c1-4ef0-b5a8-ac91ab9d3d00@group-F3DC82548717-FollowerState
2021-04-26 08:57:26,947 [4b08603e-a2c1-4ef0-b5a8-ac91ab9d3d00@group-F3DC82548717-FollowerState] INFO  server.RaftServer$Division (RaftServerImpl.java:setRole(284)) - 4b08603e-a2c1-4ef0-b5a8-ac91ab9d3d00@group-F3DC82548717: changes role from  FOLLOWER to CANDIDATE at term 0 for changeToCandidate
2021-04-26 08:57:26,949 [4b08603e-a2c1-4ef0-b5a8-ac91ab9d3d00@group-F3DC82548717-FollowerState] INFO  server.RaftServerConfigKeys (ConfUtils.java:logGet(44)) - raft.server.leaderelection.pre-vote = false (custom)
2021-04-26 08:57:26,949 [4b08603e-a2c1-4ef0-b5a8-ac91ab9d3d00@group-F3DC82548717-FollowerState] INFO  impl.RoleInfo (RoleInfo.java:updateAndGet(130)) - 4b08603e-a2c1-4ef0-b5a8-ac91ab9d3d00: start 4b08603e-a2c1-4ef0-b5a8-ac91ab9d3d00@group-F3DC82548717-LeaderElection70
2021-04-26 08:57:26,952 [4b08603e-a2c1-4ef0-b5a8-ac91ab9d3d00@group-F3DC82548717-LeaderElection70] INFO  impl.LeaderElection (LeaderElection.java:askForVotes(306)) - 4b08603e-a2c1-4ef0-b5a8-ac91ab9d3d00@group-F3DC82548717-LeaderElection70 ELECTION round 0: submit vote requests at term 1 for -1: [4b08603e-a2c1-4ef0-b5a8-ac91ab9d3d00|rpc:172.17.0.2:35733|priority:1], old=null
2021-04-26 08:57:26,952 [4b08603e-a2c1-4ef0-b5a8-ac91ab9d3d00@group-F3DC82548717-LeaderElection70] INFO  impl.LeaderElection (LeaderElection.java:askForVotes(308)) - 4b08603e-a2c1-4ef0-b5a8-ac91ab9d3d00@group-F3DC82548717-LeaderElection70 ELECTION round 0: result PASSED (term=1)
2021-04-26 08:57:26,952 [4b08603e-a2c1-4ef0-b5a8-ac91ab9d3d00@group-F3DC82548717-LeaderElection70] INFO  impl.RoleInfo (RoleInfo.java:shutdownLeaderElection(121)) - 4b08603e-a2c1-4ef0-b5a8-ac91ab9d3d00: shutdown 4b08603e-a2c1-4ef0-b5a8-ac91ab9d3d00@group-F3DC82548717-LeaderElection70
2021-04-26 08:57:26,952 [4b08603e-a2c1-4ef0-b5a8-ac91ab9d3d00@group-F3DC82548717-LeaderElection70] INFO  server.RaftServer$Division (RaftServerImpl.java:setRole(284)) - 4b08603e-a2c1-4ef0-b5a8-ac91ab9d3d00@group-F3DC82548717: changes role from CANDIDATE to LEADER at term 1 for changeToLeader
2021-04-26 08:57:26,952 [4b08603e-a2c1-4ef0-b5a8-ac91ab9d3d00@group-F3DC82548717-LeaderElection70] INFO  ratis.XceiverServerRatis (XceiverServerRatis.java:handleLeaderChangedNotification(906)) - Leader change notification received for group: group-F3DC82548717 with new leaderId: 4b08603e-a2c1-4ef0-b5a8-ac91ab9d3d00
2021-04-26 08:57:26,953 [4b08603e-a2c1-4ef0-b5a8-ac91ab9d3d00@group-F3DC82548717-LeaderElection70] INFO  server.RaftServer$Division (ServerState.java:setLeader(271)) - 4b08603e-a2c1-4ef0-b5a8-ac91ab9d3d00@group-F3DC82548717: change Leader from null to 4b08603e-a2c1-4ef0-b5a8-ac91ab9d3d00 at term 1 for becomeLeader, leader elected after 5139ms
2021-04-26 08:57:26,953 [4b08603e-a2c1-4ef0-b5a8-ac91ab9d3d00@group-F3DC82548717-LeaderElection70] INFO  server.RaftServerConfigKeys (ConfUtils.java:logGet(44)) - raft.server.staging.catchup.gap = 1000 (default)
2021-04-26 08:57:26,953 [4b08603e-a2c1-4ef0-b5a8-ac91ab9d3d00@group-F3DC82548717-LeaderElection70] INFO  metrics.RatisMetrics (RatisMetrics.java:lambda$create$0(36)) - Creating Metrics Registry : ratis.log_appender.4b08603e-a2c1-4ef0-b5a8-ac91ab9d3d00@group-F3DC82548717
2021-04-26 08:57:26,953 [4b08603e-a2c1-4ef0-b5a8-ac91ab9d3d00@group-F3DC82548717-LeaderElection70] INFO  server.RaftServerConfigKeys (ConfUtils.java:logGet(44)) - raft.server.write.element-limit = 1024 (custom)
2021-04-26 08:57:26,953 [4b08603e-a2c1-4ef0-b5a8-ac91ab9d3d00@group-F3DC82548717-LeaderElection70] INFO  server.RaftServerConfigKeys (ConfUtils.java:logGet(44)) - raft.server.write.byte-limit = 1073741824 (custom)
2021-04-26 08:57:26,954 [4b08603e-a2c1-4ef0-b5a8-ac91ab9d3d00@group-F3DC82548717-LeaderElection70] INFO  server.RaftServerConfigKeys (ConfUtils.java:logGet(44)) - raft.server.watch.timeout = 3000ms (custom)
2021-04-26 08:57:26,954 [4b08603e-a2c1-4ef0-b5a8-ac91ab9d3d00@group-F3DC82548717-LeaderElection70] INFO  server.RaftServerConfigKeys (ConfUtils.java:logGet(44)) - raft.server.watch.timeout.denomination = 1s (default)
2021-04-26 08:57:26,954 [4b08603e-a2c1-4ef0-b5a8-ac91ab9d3d00@group-F3DC82548717-LeaderElection70] INFO  server.RaftServerConfigKeys (ConfUtils.java:logGet(44)) - raft.server.watch.element-limit = 65536 (default)
2021-04-26 08:57:26,955 [4b08603e-a2c1-4ef0-b5a8-ac91ab9d3d00@group-F3DC82548717-LeaderElection70] INFO  impl.RoleInfo (RoleInfo.java:updateAndGet(130)) - 4b08603e-a2c1-4ef0-b5a8-ac91ab9d3d00: start 4b08603e-a2c1-4ef0-b5a8-ac91ab9d3d00@group-F3DC82548717-LeaderStateImpl
2021-04-26 08:57:26,955 [4b08603e-a2c1-4ef0-b5a8-ac91ab9d3d00@group-F3DC82548717-LeaderElection70] INFO  segmented.SegmentedRaftLogWorker (SegmentedRaftLogWorker.java:startLogSegment(394)) - 4b08603e-a2c1-4ef0-b5a8-ac91ab9d3d00@group-F3DC82548717-SegmentedRaftLogWorker: Starting segment from index:0
2021-04-26 08:57:26,957 [4b08603e-a2c1-4ef0-b5a8-ac91ab9d3d00@group-F3DC82548717-SegmentedRaftLogWorker] INFO  segmented.SegmentedRaftLogWorker (SegmentedRaftLogWorker.java:execute(601)) - 4b08603e-a2c1-4ef0-b5a8-ac91ab9d3d00@group-F3DC82548717-SegmentedRaftLogWorker: created new log segment /github/workspace/mnt/ozone/hadoop-ozone/integration-test/target/test-dir/MiniOzoneClusterImpl-80072cdf-ce72-42fa-91c0-6b866cc407f5/datanode-8/data/ratis/1d2af344-cdb4-4968-9dbb-f3dc82548717/current/log_inprogress_0
2021-04-26 08:57:26,958 [4b08603e-a2c1-4ef0-b5a8-ac91ab9d3d00@group-F3DC82548717-LeaderElection70] INFO  server.RaftServer$Division (ServerState.java:setRaftConf(373)) - 4b08603e-a2c1-4ef0-b5a8-ac91ab9d3d00@group-F3DC82548717: set configuration 0: [4b08603e-a2c1-4ef0-b5a8-ac91ab9d3d00|rpc:172.17.0.2:35733|dataStream:|priority:1], old=null
2021-04-26 08:57:30,060 [java.util.concurrent.ThreadPoolExecutor$Worker@21b06570[State = -1, empty queue]] INFO  metrics.RatisMetrics (RatisMetrics.java:lambda$create$0(36)) - Creating Metrics Registry : ratis.client_message_metrics.client-B869EDB19015->5dce0fb0-fe11-4d63-8819-9c36ac88e0b4
2021-04-26 08:57:30,483 [5dce0fb0-fe11-4d63-8819-9c36ac88e0b4@group-4777C1971FFE-FollowerState] INFO  impl.FollowerState (FollowerState.java:run(134)) - 5dce0fb0-fe11-4d63-8819-9c36ac88e0b4@group-4777C1971FFE-FollowerState: change to CANDIDATE, lastRpcElapsedTime:5131967053ns, electionTimeout:5128ms
2021-04-26 08:57:30,483 [5dce0fb0-fe11-4d63-8819-9c36ac88e0b4@group-4777C1971FFE-FollowerState] INFO  impl.RoleInfo (RoleInfo.java:shutdownFollowerState(108)) - 5dce0fb0-fe11-4d63-8819-9c36ac88e0b4: shutdown 5dce0fb0-fe11-4d63-8819-9c36ac88e0b4@group-4777C1971FFE-FollowerState
2021-04-26 08:57:30,483 [5dce0fb0-fe11-4d63-8819-9c36ac88e0b4@group-4777C1971FFE-FollowerState] INFO  server.RaftServer$Division (RaftServerImpl.java:setRole(284)) - 5dce0fb0-fe11-4d63-8819-9c36ac88e0b4@group-4777C1971FFE: changes role from  FOLLOWER to CANDIDATE at term 2 for changeToCandidate
2021-04-26 08:57:30,483 [5dce0fb0-fe11-4d63-8819-9c36ac88e0b4@group-4777C1971FFE-FollowerState] INFO  server.RaftServerConfigKeys (ConfUtils.java:logGet(44)) - raft.server.leaderelection.pre-vote = false (custom)
2021-04-26 08:57:30,483 [5dce0fb0-fe11-4d63-8819-9c36ac88e0b4@group-4777C1971FFE-FollowerState] INFO  impl.RoleInfo (RoleInfo.java:updateAndGet(130)) - 5dce0fb0-fe11-4d63-8819-9c36ac88e0b4: start 5dce0fb0-fe11-4d63-8819-9c36ac88e0b4@group-4777C1971FFE-LeaderElection71
2021-04-26 08:57:30,486 [5dce0fb0-fe11-4d63-8819-9c36ac88e0b4@group-4777C1971FFE-LeaderElection71] INFO  impl.LeaderElection (LeaderElection.java:askForVotes(306)) - 5dce0fb0-fe11-4d63-8819-9c36ac88e0b4@group-4777C1971FFE-LeaderElection71 ELECTION round 0: submit vote requests at term 3 for -1: [3e3f1c58-71d4-4b4b-a4fa-fbb64653de38|rpc:172.17.0.2:39811|priority:0, 5dce0fb0-fe11-4d63-8819-9c36ac88e0b4|rpc:172.17.0.2:35669|priority:0, 13dc8373-51b3-40e2-8cf0-22ac5417d2f8|rpc:172.17.0.2:40591|priority:1], old=null
2021-04-26 08:57:30,491 [grpc-default-executor-2] INFO  server.RaftServer$Division (RaftServerImpl.java:requestVote(1042)) - 13dc8373-51b3-40e2-8cf0-22ac5417d2f8@group-4777C1971FFE: receive requestVote(ELECTION, 5dce0fb0-fe11-4d63-8819-9c36ac88e0b4, group-4777C1971FFE, 3, (t:0, i:0))
2021-04-26 08:57:30,491 [grpc-default-executor-2] INFO  impl.VoteContext (VoteContext.java:log(48)) - 13dc8373-51b3-40e2-8cf0-22ac5417d2f8@group-4777C1971FFE-FOLLOWER: reject ELECTION from 5dce0fb0-fe11-4d63-8819-9c36ac88e0b4: our last entry (t:1, i:0) > candidate's last entry (t:0, i:0)
2021-04-26 08:57:30,491 [grpc-default-executor-2] INFO  server.RaftServer$Division (RaftServerImpl.java:setRole(284)) - 13dc8373-51b3-40e2-8cf0-22ac5417d2f8@group-4777C1971FFE: changes role from  FOLLOWER to FOLLOWER at term 3 for candidate:5dce0fb0-fe11-4d63-8819-9c36ac88e0b4
2021-04-26 08:57:30,491 [grpc-default-executor-2] INFO  impl.RoleInfo (RoleInfo.java:shutdownFollowerState(108)) - 13dc8373-51b3-40e2-8cf0-22ac5417d2f8: shutdown 13dc8373-51b3-40e2-8cf0-22ac5417d2f8@group-4777C1971FFE-FollowerState
2021-04-26 08:57:30,491 [grpc-default-executor-1] INFO  server.RaftServer$Division (RaftServerImpl.java:requestVote(1042)) - 3e3f1c58-71d4-4b4b-a4fa-fbb64653de38@group-4777C1971FFE: receive requestVote(ELECTION, 5dce0fb0-fe11-4d63-8819-9c36ac88e0b4, group-4777C1971FFE, 3, (t:0, i:0))
2021-04-26 08:57:30,492 [grpc-default-executor-1] INFO  impl.VoteContext (VoteContext.java:log(48)) - 3e3f1c58-71d4-4b4b-a4fa-fbb64653de38@group-4777C1971FFE-FOLLOWER: accept ELECTION from 5dce0fb0-fe11-4d63-8819-9c36ac88e0b4: our priority 0 <= candidate's priority 0
2021-04-26 08:57:30,492 [grpc-default-executor-1] INFO  server.RaftServer$Division (RaftServerImpl.java:setRole(284)) - 3e3f1c58-71d4-4b4b-a4fa-fbb64653de38@group-4777C1971FFE: changes role from  FOLLOWER to FOLLOWER at term 3 for candidate:5dce0fb0-fe11-4d63-8819-9c36ac88e0b4
2021-04-26 08:57:30,492 [grpc-default-executor-1] INFO  impl.RoleInfo (RoleInfo.java:shutdownFollowerState(108)) - 3e3f1c58-71d4-4b4b-a4fa-fbb64653de38: shutdown 3e3f1c58-71d4-4b4b-a4fa-fbb64653de38@group-4777C1971FFE-FollowerState
2021-04-26 08:57:30,492 [grpc-default-executor-1] INFO  impl.RoleInfo (RoleInfo.java:updateAndGet(130)) - 3e3f1c58-71d4-4b4b-a4fa-fbb64653de38: start 3e3f1c58-71d4-4b4b-a4fa-fbb64653de38@group-4777C1971FFE-FollowerState
2021-04-26 08:57:30,492 [3e3f1c58-71d4-4b4b-a4fa-fbb64653de38@group-4777C1971FFE-FollowerState] INFO  impl.FollowerState (FollowerState.java:run(143)) - 3e3f1c58-71d4-4b4b-a4fa-fbb64653de38@group-4777C1971FFE-FollowerState was interrupted: {}
java.lang.InterruptedException: sleep interrupted
	at java.lang.Thread.sleep(Native Method)
	at java.lang.Thread.sleep(Thread.java:340)
	at java.util.concurrent.TimeUnit.sleep(TimeUnit.java:386)
	at org.apache.ratis.util.TimeDuration.sleep(TimeDuration.java:324)
	at org.apache.ratis.util.TimeDuration.sleep(TimeDuration.java:309)
	at org.apache.ratis.server.impl.FollowerState.run(FollowerState.java:118)
2021-04-26 08:57:30,491 [grpc-default-executor-2] INFO  impl.RoleInfo (RoleInfo.java:updateAndGet(130)) - 13dc8373-51b3-40e2-8cf0-22ac5417d2f8: start 13dc8373-51b3-40e2-8cf0-22ac5417d2f8@group-4777C1971FFE-FollowerState
2021-04-26 08:57:30,492 [13dc8373-51b3-40e2-8cf0-22ac5417d2f8@group-4777C1971FFE-FollowerState] INFO  impl.FollowerState (FollowerState.java:run(143)) - 13dc8373-51b3-40e2-8cf0-22ac5417d2f8@group-4777C1971FFE-FollowerState was interrupted: {}
java.lang.InterruptedException: sleep interrupted
	at java.lang.Thread.sleep(Native Method)
	at java.lang.Thread.sleep(Thread.java:340)
	at java.util.concurrent.TimeUnit.sleep(TimeUnit.java:386)
	at org.apache.ratis.util.TimeDuration.sleep(TimeDuration.java:324)
	at org.apache.ratis.util.TimeDuration.sleep(TimeDuration.java:309)
	at org.apache.ratis.server.impl.FollowerState.run(FollowerState.java:118)
2021-04-26 08:57:30,494 [grpc-default-executor-1] INFO  server.RaftServer$Division (RaftServerImpl.java:requestVote(1074)) - 3e3f1c58-71d4-4b4b-a4fa-fbb64653de38@group-4777C1971FFE replies to ELECTION vote request: 5dce0fb0-fe11-4d63-8819-9c36ac88e0b4<-3e3f1c58-71d4-4b4b-a4fa-fbb64653de38#0:OK-t3. Peer's state: 3e3f1c58-71d4-4b4b-a4fa-fbb64653de38@group-4777C1971FFE:t3, leader=null, voted=5dce0fb0-fe11-4d63-8819-9c36ac88e0b4, raftlog=3e3f1c58-71d4-4b4b-a4fa-fbb64653de38@group-4777C1971FFE-SegmentedRaftLog:OPENED:c-1,f-1,i0, conf=-1: [3e3f1c58-71d4-4b4b-a4fa-fbb64653de38|rpc:172.17.0.2:39811|dataStream:|priority:0, 5dce0fb0-fe11-4d63-8819-9c36ac88e0b4|rpc:172.17.0.2:35669|dataStream:|priority:0, 13dc8373-51b3-40e2-8cf0-22ac5417d2f8|rpc:172.17.0.2:40591|dataStream:|priority:1], old=null
2021-04-26 08:57:30,495 [grpc-default-executor-2] INFO  server.RaftServer$Division (RaftServerImpl.java:requestVote(1074)) - 13dc8373-51b3-40e2-8cf0-22ac5417d2f8@group-4777C1971FFE replies to ELECTION vote request: 5dce0fb0-fe11-4d63-8819-9c36ac88e0b4<-13dc8373-51b3-40e2-8cf0-22ac5417d2f8#0:FAIL-t3. Peer's state: 13dc8373-51b3-40e2-8cf0-22ac5417d2f8@group-4777C1971FFE:t3, leader=null, voted=null, raftlog=13dc8373-51b3-40e2-8cf0-22ac5417d2f8@group-4777C1971FFE-SegmentedRaftLog:OPENED:c-1,f0,i0, conf=0: [3e3f1c58-71d4-4b4b-a4fa-fbb64653de38|rpc:172.17.0.2:39811|dataStream:|priority:0, 5dce0fb0-fe11-4d63-8819-9c36ac88e0b4|rpc:172.17.0.2:35669|dataStream:|priority:0, 13dc8373-51b3-40e2-8cf0-22ac5417d2f8|rpc:172.17.0.2:40591|dataStream:|priority:1], old=null
2021-04-26 08:57:30,496 [5dce0fb0-fe11-4d63-8819-9c36ac88e0b4@group-4777C1971FFE-LeaderElection71] INFO  impl.LeaderElection (LeaderElection.java:logAndReturn(89)) - 5dce0fb0-fe11-4d63-8819-9c36ac88e0b4@group-4777C1971FFE-LeaderElection71: ELECTION REJECTED received 2 response(s) and 0 exception(s):
2021-04-26 08:57:30,496 [5dce0fb0-fe11-4d63-8819-9c36ac88e0b4@group-4777C1971FFE-LeaderElection71] INFO  impl.LeaderElection (LeaderElection.java:logAndReturn(93)) -   Response 0: 5dce0fb0-fe11-4d63-8819-9c36ac88e0b4<-3e3f1c58-71d4-4b4b-a4fa-fbb64653de38#0:OK-t3
2021-04-26 08:57:30,496 [5dce0fb0-fe11-4d63-8819-9c36ac88e0b4@group-4777C1971FFE-LeaderElection71] INFO  impl.LeaderElection (LeaderElection.java:logAndReturn(93)) -   Response 1: 5dce0fb0-fe11-4d63-8819-9c36ac88e0b4<-13dc8373-51b3-40e2-8cf0-22ac5417d2f8#0:FAIL-t3
2021-04-26 08:57:30,496 [5dce0fb0-fe11-4d63-8819-9c36ac88e0b4@group-4777C1971FFE-LeaderElection71] INFO  impl.LeaderElection (LeaderElection.java:askForVotes(308)) - 5dce0fb0-fe11-4d63-8819-9c36ac88e0b4@group-4777C1971FFE-LeaderElection71 ELECTION round 0: result REJECTED
2021-04-26 08:57:30,496 [5dce0fb0-fe11-4d63-8819-9c36ac88e0b4@group-4777C1971FFE-LeaderElection71] INFO  server.RaftServer$Division (RaftServerImpl.java:setRole(284)) - 5dce0fb0-fe11-4d63-8819-9c36ac88e0b4@group-4777C1971FFE: changes role from CANDIDATE to FOLLOWER at term 3 for REJECTED
2021-04-26 08:57:30,496 [5dce0fb0-fe11-4d63-8819-9c36ac88e0b4@group-4777C1971FFE-LeaderElection71] INFO  impl.RoleInfo (RoleInfo.java:shutdownLeaderElection(121)) - 5dce0fb0-fe11-4d63-8819-9c36ac88e0b4: shutdown 5dce0fb0-fe11-4d63-8819-9c36ac88e0b4@group-4777C1971FFE-LeaderElection71
2021-04-26 08:57:30,496 [5dce0fb0-fe11-4d63-8819-9c36ac88e0b4@group-4777C1971FFE-LeaderElection71] INFO  impl.RoleInfo (RoleInfo.java:updateAndGet(130)) - 5dce0fb0-fe11-4d63-8819-9c36ac88e0b4: start 5dce0fb0-fe11-4d63-8819-9c36ac88e0b4@group-4777C1971FFE-FollowerState
2021-04-26 08:57:35,553 [5dce0fb0-fe11-4d63-8819-9c36ac88e0b4@group-4777C1971FFE-FollowerState] INFO  impl.FollowerState (FollowerState.java:run(134)) - 5dce0fb0-fe11-4d63-8819-9c36ac88e0b4@group-4777C1971FFE-FollowerState: change to CANDIDATE, lastRpcElapsedTime:5057395783ns, electionTimeout:5057ms
2021-04-26 08:57:35,554 [5dce0fb0-fe11-4d63-8819-9c36ac88e0b4@group-4777C1971FFE-FollowerState] INFO  impl.RoleInfo (RoleInfo.java:shutdownFollowerState(108)) - 5dce0fb0-fe11-4d63-8819-9c36ac88e0b4: shutdown 5dce0fb0-fe11-4d63-8819-9c36ac88e0b4@group-4777C1971FFE-FollowerState
2021-04-26 08:57:35,554 [5dce0fb0-fe11-4d63-8819-9c36ac88e0b4@group-4777C1971FFE-FollowerState] INFO  server.RaftServer$Division (RaftServerImpl.java:setRole(284)) - 5dce0fb0-fe11-4d63-8819-9c36ac88e0b4@group-4777C1971FFE: changes role from  FOLLOWER to CANDIDATE at term 3 for changeToCandidate
2021-04-26 08:57:35,554 [5dce0fb0-fe11-4d63-8819-9c36ac88e0b4@group-4777C1971FFE-FollowerState] INFO  server.RaftServerConfigKeys (ConfUtils.java:logGet(44)) - raft.server.leaderelection.pre-vote = false (custom)
2021-04-26 08:57:35,554 [5dce0fb0-fe11-4d63-8819-9c36ac88e0b4@group-4777C1971FFE-FollowerState] INFO  impl.RoleInfo (RoleInfo.java:updateAndGet(130)) - 5dce0fb0-fe11-4d63-8819-9c36ac88e0b4: start 5dce0fb0-fe11-4d63-8819-9c36ac88e0b4@group-4777C1971FFE-LeaderElection72
2021-04-26 08:57:35,561 [5dce0fb0-fe11-4d63-8819-9c36ac88e0b4@group-4777C1971FFE-LeaderElection72] INFO  impl.LeaderElection (LeaderElection.java:askForVotes(306)) - 5dce0fb0-fe11-4d63-8819-9c36ac88e0b4@group-4777C1971FFE-LeaderElection72 ELECTION round 0: submit vote requests at term 4 for -1: [3e3f1c58-71d4-4b4b-a4fa-fbb64653de38|rpc:172.17.0.2:39811|priority:0, 5dce0fb0-fe11-4d63-8819-9c36ac88e0b4|rpc:172.17.0.2:35669|priority:0, 13dc8373-51b3-40e2-8cf0-22ac5417d2f8|rpc:172.17.0.2:40591|priority:1], old=null
2021-04-26 08:57:35,566 [grpc-default-executor-2] INFO  server.RaftServer$Division (RaftServerImpl.java:requestVote(1042)) - 3e3f1c58-71d4-4b4b-a4fa-fbb64653de38@group-4777C1971FFE: receive requestVote(ELECTION, 5dce0fb0-fe11-4d63-8819-9c36ac88e0b4, group-4777C1971FFE, 4, (t:0, i:0))
2021-04-26 08:57:35,566 [grpc-default-executor-1] INFO  server.RaftServer$Division (RaftServerImpl.java:requestVote(1042)) - 13dc8373-51b3-40e2-8cf0-22ac5417d2f8@group-4777C1971FFE: receive requestVote(ELECTION, 5dce0fb0-fe11-4d63-8819-9c36ac88e0b4, group-4777C1971FFE, 4, (t:0, i:0))
2021-04-26 08:57:35,566 [grpc-default-executor-1] INFO  impl.VoteContext (VoteContext.java:log(48)) - 13dc8373-51b3-40e2-8cf0-22ac5417d2f8@group-4777C1971FFE-FOLLOWER: reject ELECTION from 5dce0fb0-fe11-4d63-8819-9c36ac88e0b4: our last entry (t:1, i:0) > candidate's last entry (t:0, i:0)
2021-04-26 08:57:35,566 [grpc-default-executor-1] INFO  server.RaftServer$Division (RaftServerImpl.java:setRole(284)) - 13dc8373-51b3-40e2-8cf0-22ac5417d2f8@group-4777C1971FFE: changes role from  FOLLOWER to FOLLOWER at term 4 for candidate:5dce0fb0-fe11-4d63-8819-9c36ac88e0b4
2021-04-26 08:57:35,566 [grpc-default-executor-1] INFO  impl.RoleInfo (RoleInfo.java:shutdownFollowerState(108)) - 13dc8373-51b3-40e2-8cf0-22ac5417d2f8: shutdown 13dc8373-51b3-40e2-8cf0-22ac5417d2f8@group-4777C1971FFE-FollowerState
2021-04-26 08:57:35,567 [grpc-default-executor-1] INFO  impl.RoleInfo (RoleInfo.java:updateAndGet(130)) - 13dc8373-51b3-40e2-8cf0-22ac5417d2f8: start 13dc8373-51b3-40e2-8cf0-22ac5417d2f8@group-4777C1971FFE-FollowerState
2021-04-26 08:57:35,566 [grpc-default-executor-2] INFO  impl.VoteContext (VoteContext.java:log(48)) - 3e3f1c58-71d4-4b4b-a4fa-fbb64653de38@group-4777C1971FFE-FOLLOWER: accept ELECTION from 5dce0fb0-fe11-4d63-8819-9c36ac88e0b4: our priority 0 <= candidate's priority 0
2021-04-26 08:57:35,567 [grpc-default-executor-2] INFO  server.RaftServer$Division (RaftServerImpl.java:setRole(284)) - 3e3f1c58-71d4-4b4b-a4fa-fbb64653de38@group-4777C1971FFE: changes role from  FOLLOWER to FOLLOWER at term 4 for candidate:5dce0fb0-fe11-4d63-8819-9c36ac88e0b4
2021-04-26 08:57:35,567 [grpc-default-executor-2] INFO  impl.RoleInfo (RoleInfo.java:shutdownFollowerState(108)) - 3e3f1c58-71d4-4b4b-a4fa-fbb64653de38: shutdown 3e3f1c58-71d4-4b4b-a4fa-fbb64653de38@group-4777C1971FFE-FollowerState
2021-04-26 08:57:35,567 [13dc8373-51b3-40e2-8cf0-22ac5417d2f8@group-4777C1971FFE-FollowerState] INFO  impl.FollowerState (FollowerState.java:run(143)) - 13dc8373-51b3-40e2-8cf0-22ac5417d2f8@group-4777C1971FFE-FollowerState was interrupted: {}
java.lang.InterruptedException: sleep interrupted
	at java.lang.Thread.sleep(Native Method)
	at java.lang.Thread.sleep(Thread.java:340)
	at java.util.concurrent.TimeUnit.sleep(TimeUnit.java:386)
	at org.apache.ratis.util.TimeDuration.sleep(TimeDuration.java:324)
	at org.apache.ratis.util.TimeDuration.sleep(TimeDuration.java:309)
	at org.apache.ratis.server.impl.FollowerState.run(FollowerState.java:118)
2021-04-26 08:57:35,568 [3e3f1c58-71d4-4b4b-a4fa-fbb64653de38@group-4777C1971FFE-FollowerState] INFO  impl.FollowerState (FollowerState.java:run(143)) - 3e3f1c58-71d4-4b4b-a4fa-fbb64653de38@group-4777C1971FFE-FollowerState was interrupted: {}
java.lang.InterruptedException: sleep interrupted
	at java.lang.Thread.sleep(Native Method)
	at java.lang.Thread.sleep(Thread.java:340)
	at java.util.concurrent.TimeUnit.sleep(TimeUnit.java:386)
	at org.apache.ratis.util.TimeDuration.sleep(TimeDuration.java:324)
	at org.apache.ratis.util.TimeDuration.sleep(TimeDuration.java:309)
	at org.apache.ratis.server.impl.FollowerState.run(FollowerState.java:118)
2021-04-26 08:57:35,567 [grpc-default-executor-2] INFO  impl.RoleInfo (RoleInfo.java:updateAndGet(130)) - 3e3f1c58-71d4-4b4b-a4fa-fbb64653de38: start 3e3f1c58-71d4-4b4b-a4fa-fbb64653de38@group-4777C1971FFE-FollowerState
2021-04-26 08:57:35,573 [grpc-default-executor-1] INFO  server.RaftServer$Division (RaftServerImpl.java:requestVote(1074)) - 13dc8373-51b3-40e2-8cf0-22ac5417d2f8@group-4777C1971FFE replies to ELECTION vote request: 5dce0fb0-fe11-4d63-8819-9c36ac88e0b4<-13dc8373-51b3-40e2-8cf0-22ac5417d2f8#0:FAIL-t4. Peer's state: 13dc8373-51b3-40e2-8cf0-22ac5417d2f8@group-4777C1971FFE:t4, leader=null, voted=null, raftlog=13dc8373-51b3-40e2-8cf0-22ac5417d2f8@group-4777C1971FFE-SegmentedRaftLog:OPENED:c-1,f0,i0, conf=0: [3e3f1c58-71d4-4b4b-a4fa-fbb64653de38|rpc:172.17.0.2:39811|dataStream:|priority:0, 5dce0fb0-fe11-4d63-8819-9c36ac88e0b4|rpc:172.17.0.2:35669|dataStream:|priority:0, 13dc8373-51b3-40e2-8cf0-22ac5417d2f8|rpc:172.17.0.2:40591|dataStream:|priority:1], old=null
2021-04-26 08:57:35,578 [5dce0fb0-fe11-4d63-8819-9c36ac88e0b4@group-4777C1971FFE-LeaderElection72] INFO  impl.LeaderElection (LeaderElection.java:logAndReturn(89)) - 5dce0fb0-fe11-4d63-8819-9c36ac88e0b4@group-4777C1971FFE-LeaderElection72: ELECTION REJECTED received 1 response(s) and 0 exception(s):
2021-04-26 08:57:35,578 [5dce0fb0-fe11-4d63-8819-9c36ac88e0b4@group-4777C1971FFE-LeaderElection72] INFO  impl.LeaderElection (LeaderElection.java:logAndReturn(93)) -   Response 0: 5dce0fb0-fe11-4d63-8819-9c36ac88e0b4<-13dc8373-51b3-40e2-8cf0-22ac5417d2f8#0:FAIL-t4
2021-04-26 08:57:35,578 [5dce0fb0-fe11-4d63-8819-9c36ac88e0b4@group-4777C1971FFE-LeaderElection72] INFO  impl.LeaderElection (LeaderElection.java:askForVotes(308)) - 5dce0fb0-fe11-4d63-8819-9c36ac88e0b4@group-4777C1971FFE-LeaderElection72 ELECTION round 0: result REJECTED
2021-04-26 08:57:35,578 [5dce0fb0-fe11-4d63-8819-9c36ac88e0b4@group-4777C1971FFE-LeaderElection72] INFO  server.RaftServer$Division (RaftServerImpl.java:setRole(284)) - 5dce0fb0-fe11-4d63-8819-9c36ac88e0b4@group-4777C1971FFE: changes role from CANDIDATE to FOLLOWER at term 4 for REJECTED
2021-04-26 08:57:35,578 [5dce0fb0-fe11-4d63-8819-9c36ac88e0b4@group-4777C1971FFE-LeaderElection72] INFO  impl.RoleInfo (RoleInfo.java:shutdownLeaderElection(121)) - 5dce0fb0-fe11-4d63-8819-9c36ac88e0b4: shutdown 5dce0fb0-fe11-4d63-8819-9c36ac88e0b4@group-4777C1971FFE-LeaderElection72
2021-04-26 08:57:35,578 [5dce0fb0-fe11-4d63-8819-9c36ac88e0b4@group-4777C1971FFE-LeaderElection72] INFO  impl.RoleInfo (RoleInfo.java:updateAndGet(130)) - 5dce0fb0-fe11-4d63-8819-9c36ac88e0b4: start 5dce0fb0-fe11-4d63-8819-9c36ac88e0b4@group-4777C1971FFE-FollowerState
2021-04-26 08:57:35,581 [grpc-default-executor-2] INFO  server.RaftServer$Division (RaftServerImpl.java:requestVote(1074)) - 3e3f1c58-71d4-4b4b-a4fa-fbb64653de38@group-4777C1971FFE replies to ELECTION vote request: 5dce0fb0-fe11-4d63-8819-9c36ac88e0b4<-3e3f1c58-71d4-4b4b-a4fa-fbb64653de38#0:OK-t4. Peer's state: 3e3f1c58-71d4-4b4b-a4fa-fbb64653de38@group-4777C1971FFE:t4, leader=null, voted=5dce0fb0-fe11-4d63-8819-9c36ac88e0b4, raftlog=3e3f1c58-71d4-4b4b-a4fa-fbb64653de38@group-4777C1971FFE-SegmentedRaftLog:OPENED:c-1,f-1,i0, conf=-1: [3e3f1c58-71d4-4b4b-a4fa-fbb64653de38|rpc:172.17.0.2:39811|dataStream:|priority:0, 5dce0fb0-fe11-4d63-8819-9c36ac88e0b4|rpc:172.17.0.2:35669|dataStream:|priority:0, 13dc8373-51b3-40e2-8cf0-22ac5417d2f8|rpc:172.17.0.2:40591|dataStream:|priority:1], old=null
2021-04-26 08:57:37,315 [Listener at 127.0.0.1/35725] INFO  ozone.MiniOzoneClusterImpl (MiniOzoneClusterImpl.java:shutdown(442)) - Shutting down the Mini Ozone Cluster
2021-04-26 08:57:37,315 [Listener at 127.0.0.1/35725] INFO  ozone.MiniOzoneClusterImpl (MiniOzoneClusterImpl.java:stop(457)) - Stopping the Mini Ozone Cluster
2021-04-26 08:57:37,315 [Listener at 127.0.0.1/35725] INFO  ozone.MiniOzoneClusterImpl (MiniOzoneClusterImpl.java:stopOM(539)) - Stopping the OzoneManager
2021-04-26 08:57:37,315 [Listener at 127.0.0.1/35725] INFO  ipc.Server (Server.java:stop(3403)) - Stopping server on 35725
2021-04-26 08:57:37,321 [IPC Server Responder] INFO  ipc.Server (Server.java:run(1502)) - Stopping IPC Server Responder
2021-04-26 08:57:37,321 [IPC Server listener on 0] INFO  ipc.Server (Server.java:run(1366)) - Stopping IPC Server listener on 0
2021-04-26 08:57:37,321 [Listener at 127.0.0.1/35725] INFO  server.RaftServer (RaftServerProxy.java:lambda$close$6(391)) - om1: close
2021-04-26 08:57:37,322 [Listener at 127.0.0.1/35725] INFO  server.RaftServer$Division (RaftServerImpl.java:lambda$close$4(406)) - om1@group-C5BA1605619E: shutdown
2021-04-26 08:57:37,322 [Listener at 127.0.0.1/35725] INFO  util.JmxRegister (JmxRegister.java:unregister(73)) - Successfully un-registered JMX Bean with object name Ratis:service=RaftServer,group=group-C5BA1605619E,id=om1
2021-04-26 08:57:37,322 [Listener at 127.0.0.1/35725] INFO  impl.RoleInfo (RoleInfo.java:shutdownLeaderState(91)) - om1: shutdown om1@group-C5BA1605619E-LeaderStateImpl
2021-04-26 08:57:37,322 [Listener at 127.0.0.1/35725] INFO  impl.PendingRequests (PendingRequests.java:sendNotLeaderResponses(249)) - om1@group-C5BA1605619E-PendingRequests: sendNotLeaderResponses
2021-04-26 08:57:37,325 [Listener at 127.0.0.1/35725] INFO  metrics.RatisMetrics (RatisMetrics.java:unregister(43)) - Unregistering Metrics Registry : ratis.log_appender.om1@group-C5BA1605619E
2021-04-26 08:57:37,326 [Listener at 127.0.0.1/35725] INFO  metrics.RatisMetrics (RatisMetrics.java:unregister(43)) - Unregistering Metrics Registry : ratis.server.om1@group-C5BA1605619E
2021-04-26 08:57:37,327 [Listener at 127.0.0.1/35725] INFO  impl.StateMachineUpdater (StateMachineUpdater.java:stopAndJoin(149)) - om1@group-C5BA1605619E-StateMachineUpdater: set stopIndex = 4
2021-04-26 08:57:37,327 [om1@group-C5BA1605619E-StateMachineUpdater] INFO  ratis.OzoneManagerStateMachine (OzoneManagerStateMachine.java:takeSnapshot(347)) - Current Snapshot Index (t:1, i:4)
2021-04-26 08:57:37,327 [om1@group-C5BA1605619E-StateMachineUpdater] INFO  impl.StateMachineUpdater (StateMachineUpdater.java:takeSnapshot(281)) - om1@group-C5BA1605619E-StateMachineUpdater: Took a snapshot at index 4
2021-04-26 08:57:37,327 [om1@group-C5BA1605619E-StateMachineUpdater] INFO  impl.StateMachineUpdater (StateMachineUpdater.java:lambda$new$0(89)) - om1@group-C5BA1605619E-StateMachineUpdater: snapshotIndex: updateIncreasingly -1 -> 4
2021-04-26 08:57:37,327 [om1@group-C5BA1605619E-StateMachineUpdater] INFO  metrics.RatisMetrics (RatisMetrics.java:unregister(43)) - Unregistering Metrics Registry : ratis.state_machine.om1@group-C5BA1605619E
2021-04-26 08:57:37,327 [Listener at 127.0.0.1/35725] INFO  server.RaftServer$Division (ServerState.java:close(405)) - om1@group-C5BA1605619E: closes. applyIndex: 4
2021-04-26 08:57:37,327 [om1@group-C5BA1605619E-SegmentedRaftLogWorker] INFO  segmented.SegmentedRaftLogWorker (SegmentedRaftLogWorker.java:run(327)) - om1@group-C5BA1605619E-SegmentedRaftLogWorker was interrupted, exiting. There are 0 tasks remaining in the queue.
2021-04-26 08:57:37,329 [Listener at 127.0.0.1/35725] INFO  segmented.SegmentedRaftLogWorker (SegmentedRaftLogWorker.java:close(237)) - om1@group-C5BA1605619E-SegmentedRaftLogWorker close()
2021-04-26 08:57:37,330 [Listener at 127.0.0.1/35725] INFO  metrics.RatisMetrics (RatisMetrics.java:unregister(43)) - Unregistering Metrics Registry : ratis.log_worker.om1@group-C5BA1605619E
2021-04-26 08:57:37,330 [Listener at 127.0.0.1/35725] INFO  metrics.RatisMetrics (RatisMetrics.java:unregister(43)) - Unregistering Metrics Registry : ratis.leader_election.om1@group-C5BA1605619E
2021-04-26 08:57:37,331 [Listener at 127.0.0.1/35725] INFO  metrics.RatisMetrics (RatisMetrics.java:unregister(43)) - Unregistering Metrics Registry : ratis.server.om1@group-C5BA1605619E
2021-04-26 08:57:37,331 [Listener at 127.0.0.1/35725] INFO  server.GrpcService (GrpcService.java:closeImpl(262)) - om1: shutdown server with port 9872 now
2021-04-26 08:57:37,331 [Listener at 127.0.0.1/35725] INFO  server.GrpcService (GrpcService.java:closeImpl(271)) - om1: shutdown server with port 9872 successfully
2021-04-26 08:57:37,331 [org.apache.ratis.util.JvmPauseMonitor$$Lambda$504/221029289@5d7d454b] INFO  util.JvmPauseMonitor (JvmPauseMonitor.java:run(109)) - JvmPauseMonitor-om1: Stopped
2021-04-26 08:57:37,332 [Listener at 127.0.0.1/35725] INFO  ratis.OzoneManagerDoubleBuffer (OzoneManagerDoubleBuffer.java:stop(426)) - Stopping OMDoubleBuffer flush thread
2021-04-26 08:57:37,332 [OMDoubleBufferFlushThread] INFO  ratis.OzoneManagerDoubleBuffer (OzoneManagerDoubleBuffer.java:flushTransactions(353)) - OMDoubleBuffer flush thread OMDoubleBufferFlushThread is interrupted and will exit. OMDoubleBufferFlushThread
2021-04-26 08:57:37,334 [Listener at 127.0.0.1/35725] INFO  ratis.OzoneManagerStateMachine (HadoopExecutors.java:shutdown(118)) - Gracefully shutting down executor service. Waiting max 5 SECONDS
2021-04-26 08:57:37,335 [Listener at 127.0.0.1/35725] INFO  ratis.OzoneManagerStateMachine (HadoopExecutors.java:shutdown(129)) - Succesfully shutdown executor service
2021-04-26 08:57:37,335 [Listener at 127.0.0.1/35725] INFO  ratis.OzoneManagerStateMachine (HadoopExecutors.java:shutdown(118)) - Gracefully shutting down executor service. Waiting max 5 SECONDS
2021-04-26 08:57:37,335 [Listener at 127.0.0.1/35725] INFO  ratis.OzoneManagerStateMachine (HadoopExecutors.java:shutdown(129)) - Succesfully shutdown executor service
2021-04-26 08:57:37,335 [Listener at 127.0.0.1/35725] INFO  utils.BackgroundService (BackgroundService.java:shutdown(132)) - Shutting down service KeyDeletingService
2021-04-26 08:57:37,336 [Listener at 127.0.0.1/35725] INFO  handler.ContextHandler (ContextHandler.java:doStop(1154)) - Stopped o.e.j.w.WebAppContext@42404d83{ozoneManager,/,null,STOPPED}{file:/github/workspace/mnt/ozone/hadoop-ozone/integration-test/target/test-classes/webapps/ozoneManager}
2021-04-26 08:57:37,337 [Listener at 127.0.0.1/35725] INFO  server.AbstractConnector (AbstractConnector.java:doStop(381)) - Stopped ServerConnector@3f2930e9{HTTP/1.1, (http/1.1)}{0.0.0.0:0}
2021-04-26 08:57:37,337 [Listener at 127.0.0.1/35725] INFO  server.session (HouseKeeper.java:stopScavenging(149)) - node0 Stopped scavenging
2021-04-26 08:57:37,337 [Listener at 127.0.0.1/35725] INFO  handler.ContextHandler (ContextHandler.java:doStop(1154)) - Stopped o.e.j.s.ServletContextHandler@6397fa6e{static,/static,file:///github/workspace/mnt/ozone/hadoop-ozone/integration-test/target/test-classes/webapps/static,STOPPED}
2021-04-26 08:57:37,337 [Listener at 127.0.0.1/35725] INFO  handler.ContextHandler (ContextHandler.java:doStop(1154)) - Stopped o.e.j.s.ServletContextHandler@56961786{logs,/logs,file:///github/workspace/mnt/ozone/hadoop-ozone/integration-test/target/log,STOPPED}
2021-04-26 08:57:37,339 [Listener at 127.0.0.1/35725] INFO  ozone.MiniOzoneClusterImpl (MiniOzoneClusterImpl.java:stopDatanodes(516)) - Stopping the HddsDatanodes
2021-04-26 08:57:37,653 [Datanode State Machine Thread - 0] INFO  statemachine.DatanodeStateMachine (DatanodeStateMachine.java:lambda$startDaemon$0(411)) - Ozone container server started.
2021-04-26 08:57:38,211 [Datanode State Machine Thread - 0] INFO  statemachine.DatanodeStateMachine (DatanodeStateMachine.java:lambda$startDaemon$0(411)) - Ozone container server started.
2021-04-26 08:57:40,714 [5dce0fb0-fe11-4d63-8819-9c36ac88e0b4@group-4777C1971FFE-FollowerState] INFO  impl.FollowerState (FollowerState.java:run(134)) - 5dce0fb0-fe11-4d63-8819-9c36ac88e0b4@group-4777C1971FFE-FollowerState: change to CANDIDATE, lastRpcElapsedTime:5135535471ns, electionTimeout:5128ms
2021-04-26 08:57:40,714 [5dce0fb0-fe11-4d63-8819-9c36ac88e0b4@group-4777C1971FFE-FollowerState] INFO  impl.RoleInfo (RoleInfo.java:shutdownFollowerState(108)) - 5dce0fb0-fe11-4d63-8819-9c36ac88e0b4: shutdown 5dce0fb0-fe11-4d63-8819-9c36ac88e0b4@group-4777C1971FFE-FollowerState
2021-04-26 08:57:40,714 [5dce0fb0-fe11-4d63-8819-9c36ac88e0b4@group-4777C1971FFE-FollowerState] INFO  server.RaftServer$Division (RaftServerImpl.java:setRole(284)) - 5dce0fb0-fe11-4d63-8819-9c36ac88e0b4@group-4777C1971FFE: changes role from  FOLLOWER to CANDIDATE at term 4 for changeToCandidate
2021-04-26 08:57:40,714 [5dce0fb0-fe11-4d63-8819-9c36ac88e0b4@group-4777C1971FFE-FollowerState] INFO  server.RaftServerConfigKeys (ConfUtils.java:logGet(44)) - raft.server.leaderelection.pre-vote = false (custom)
2021-04-26 08:57:40,714 [5dce0fb0-fe11-4d63-8819-9c36ac88e0b4@group-4777C1971FFE-FollowerState] INFO  impl.RoleInfo (RoleInfo.java:updateAndGet(130)) - 5dce0fb0-fe11-4d63-8819-9c36ac88e0b4: start 5dce0fb0-fe11-4d63-8819-9c36ac88e0b4@group-4777C1971FFE-LeaderElection73
2021-04-26 08:57:40,718 [5dce0fb0-fe11-4d63-8819-9c36ac88e0b4@group-4777C1971FFE-LeaderElection73] INFO  impl.LeaderElection (LeaderElection.java:askForVotes(306)) - 5dce0fb0-fe11-4d63-8819-9c36ac88e0b4@group-4777C1971FFE-LeaderElection73 ELECTION round 0: submit vote requests at term 5 for -1: [3e3f1c58-71d4-4b4b-a4fa-fbb64653de38|rpc:172.17.0.2:39811|priority:0, 5dce0fb0-fe11-4d63-8819-9c36ac88e0b4|rpc:172.17.0.2:35669|priority:0, 13dc8373-51b3-40e2-8cf0-22ac5417d2f8|rpc:172.17.0.2:40591|priority:1], old=null
2021-04-26 08:57:40,724 [grpc-default-executor-2] INFO  server.RaftServer$Division (RaftServerImpl.java:requestVote(1042)) - 3e3f1c58-71d4-4b4b-a4fa-fbb64653de38@group-4777C1971FFE: receive requestVote(ELECTION, 5dce0fb0-fe11-4d63-8819-9c36ac88e0b4, group-4777C1971FFE, 5, (t:0, i:0))
2021-04-26 08:57:40,725 [grpc-default-executor-2] INFO  impl.VoteContext (VoteContext.java:log(48)) - 3e3f1c58-71d4-4b4b-a4fa-fbb64653de38@group-4777C1971FFE-FOLLOWER: accept ELECTION from 5dce0fb0-fe11-4d63-8819-9c36ac88e0b4: our priority 0 <= candidate's priority 0
2021-04-26 08:57:40,725 [grpc-default-executor-2] INFO  server.RaftServer$Division (RaftServerImpl.java:setRole(284)) - 3e3f1c58-71d4-4b4b-a4fa-fbb64653de38@group-4777C1971FFE: changes role from  FOLLOWER to FOLLOWER at term 5 for candidate:5dce0fb0-fe11-4d63-8819-9c36ac88e0b4
2021-04-26 08:57:40,725 [grpc-default-executor-2] INFO  impl.RoleInfo (RoleInfo.java:shutdownFollowerState(108)) - 3e3f1c58-71d4-4b4b-a4fa-fbb64653de38: shutdown 3e3f1c58-71d4-4b4b-a4fa-fbb64653de38@group-4777C1971FFE-FollowerState
2021-04-26 08:57:40,725 [grpc-default-executor-2] INFO  impl.RoleInfo (RoleInfo.java:updateAndGet(130)) - 3e3f1c58-71d4-4b4b-a4fa-fbb64653de38: start 3e3f1c58-71d4-4b4b-a4fa-fbb64653de38@group-4777C1971FFE-FollowerState
2021-04-26 08:57:40,725 [3e3f1c58-71d4-4b4b-a4fa-fbb64653de38@group-4777C1971FFE-FollowerState] INFO  impl.FollowerState (FollowerState.java:run(143)) - 3e3f1c58-71d4-4b4b-a4fa-fbb64653de38@group-4777C1971FFE-FollowerState was interrupted: {}
java.lang.InterruptedException: sleep interrupted
	at java.lang.Thread.sleep(Native Method)
	at java.lang.Thread.sleep(Thread.java:340)
	at java.util.concurrent.TimeUnit.sleep(TimeUnit.java:386)
	at org.apache.ratis.util.TimeDuration.sleep(TimeDuration.java:324)
	at org.apache.ratis.util.TimeDuration.sleep(TimeDuration.java:309)
	at org.apache.ratis.server.impl.FollowerState.run(FollowerState.java:118)
2021-04-26 08:57:40,725 [grpc-default-executor-1] INFO  server.RaftServer$Division (RaftServerImpl.java:requestVote(1042)) - 13dc8373-51b3-40e2-8cf0-22ac5417d2f8@group-4777C1971FFE: receive requestVote(ELECTION, 5dce0fb0-fe11-4d63-8819-9c36ac88e0b4, group-4777C1971FFE, 5, (t:0, i:0))
2021-04-26 08:57:40,725 [grpc-default-executor-1] INFO  impl.VoteContext (VoteContext.java:log(48)) - 13dc8373-51b3-40e2-8cf0-22ac5417d2f8@group-4777C1971FFE-FOLLOWER: reject ELECTION from 5dce0fb0-fe11-4d63-8819-9c36ac88e0b4: our last entry (t:1, i:0) > candidate's last entry (t:0, i:0)
2021-04-26 08:57:40,726 [grpc-default-executor-1] INFO  server.RaftServer$Division (RaftServerImpl.java:setRole(284)) - 13dc8373-51b3-40e2-8cf0-22ac5417d2f8@group-4777C1971FFE: changes role from  FOLLOWER to FOLLOWER at term 5 for candidate:5dce0fb0-fe11-4d63-8819-9c36ac88e0b4
2021-04-26 08:57:40,726 [grpc-default-executor-1] INFO  impl.RoleInfo (RoleInfo.java:shutdownFollowerState(108)) - 13dc8373-51b3-40e2-8cf0-22ac5417d2f8: shutdown 13dc8373-51b3-40e2-8cf0-22ac5417d2f8@group-4777C1971FFE-FollowerState
2021-04-26 08:57:40,734 [grpc-default-executor-1] INFO  impl.RoleInfo (RoleInfo.java:updateAndGet(130)) - 13dc8373-51b3-40e2-8cf0-22ac5417d2f8: start 13dc8373-51b3-40e2-8cf0-22ac5417d2f8@group-4777C1971FFE-FollowerState
2021-04-26 08:57:40,734 [13dc8373-51b3-40e2-8cf0-22ac5417d2f8@group-4777C1971FFE-FollowerState] INFO  impl.FollowerState (FollowerState.java:run(143)) - 13dc8373-51b3-40e2-8cf0-22ac5417d2f8@group-4777C1971FFE-FollowerState was interrupted: {}
java.lang.InterruptedException: sleep interrupted
	at java.lang.Thread.sleep(Native Method)
	at java.lang.Thread.sleep(Thread.java:340)
	at java.util.concurrent.TimeUnit.sleep(TimeUnit.java:386)
	at org.apache.ratis.util.TimeDuration.sleep(TimeDuration.java:324)
	at org.apache.ratis.util.TimeDuration.sleep(TimeDuration.java:309)
	at org.apache.ratis.server.impl.FollowerState.run(FollowerState.java:118)
2021-04-26 08:57:40,735 [grpc-default-executor-2] INFO  server.RaftServer$Division (RaftServerImpl.java:requestVote(1074)) - 3e3f1c58-71d4-4b4b-a4fa-fbb64653de38@group-4777C1971FFE replies to ELECTION vote request: 5dce0fb0-fe11-4d63-8819-9c36ac88e0b4<-3e3f1c58-71d4-4b4b-a4fa-fbb64653de38#0:OK-t5. Peer's state: 3e3f1c58-71d4-4b4b-a4fa-fbb64653de38@group-4777C1971FFE:t5, leader=null, voted=5dce0fb0-fe11-4d63-8819-9c36ac88e0b4, raftlog=3e3f1c58-71d4-4b4b-a4fa-fbb64653de38@group-4777C1971FFE-SegmentedRaftLog:OPENED:c-1,f-1,i0, conf=-1: [3e3f1c58-71d4-4b4b-a4fa-fbb64653de38|rpc:172.17.0.2:39811|dataStream:|priority:0, 5dce0fb0-fe11-4d63-8819-9c36ac88e0b4|rpc:172.17.0.2:35669|dataStream:|priority:0, 13dc8373-51b3-40e2-8cf0-22ac5417d2f8|rpc:172.17.0.2:40591|dataStream:|priority:1], old=null
2021-04-26 08:57:40,740 [grpc-default-executor-1] INFO  server.RaftServer$Division (RaftServerImpl.java:requestVote(1074)) - 13dc8373-51b3-40e2-8cf0-22ac5417d2f8@group-4777C1971FFE replies to ELECTION vote request: 5dce0fb0-fe11-4d63-8819-9c36ac88e0b4<-13dc8373-51b3-40e2-8cf0-22ac5417d2f8#0:FAIL-t5. Peer's state: 13dc8373-51b3-40e2-8cf0-22ac5417d2f8@group-4777C1971FFE:t5, leader=null, voted=null, raftlog=13dc8373-51b3-40e2-8cf0-22ac5417d2f8@group-4777C1971FFE-SegmentedRaftLog:OPENED:c-1,f0,i0, conf=0: [3e3f1c58-71d4-4b4b-a4fa-fbb64653de38|rpc:172.17.0.2:39811|dataStream:|priority:0, 5dce0fb0-fe11-4d63-8819-9c36ac88e0b4|rpc:172.17.0.2:35669|dataStream:|priority:0, 13dc8373-51b3-40e2-8cf0-22ac5417d2f8|rpc:172.17.0.2:40591|dataStream:|priority:1], old=null
2021-04-26 08:57:40,741 [5dce0fb0-fe11-4d63-8819-9c36ac88e0b4@group-4777C1971FFE-LeaderElection73] INFO  impl.LeaderElection (LeaderElection.java:logAndReturn(89)) - 5dce0fb0-fe11-4d63-8819-9c36ac88e0b4@group-4777C1971FFE-LeaderElection73: ELECTION REJECTED received 2 response(s) and 0 exception(s):
2021-04-26 08:57:40,741 [5dce0fb0-fe11-4d63-8819-9c36ac88e0b4@group-4777C1971FFE-LeaderElection73] INFO  impl.LeaderElection (LeaderElection.java:logAndReturn(93)) -   Response 0: 5dce0fb0-fe11-4d63-8819-9c36ac88e0b4<-3e3f1c58-71d4-4b4b-a4fa-fbb64653de38#0:OK-t5
2021-04-26 08:57:40,741 [5dce0fb0-fe11-4d63-8819-9c36ac88e0b4@group-4777C1971FFE-LeaderElection73] INFO  impl.LeaderElection (LeaderElection.java:logAndReturn(93)) -   Response 1: 5dce0fb0-fe11-4d63-8819-9c36ac88e0b4<-13dc8373-51b3-40e2-8cf0-22ac5417d2f8#0:FAIL-t5
2021-04-26 08:57:40,741 [5dce0fb0-fe11-4d63-8819-9c36ac88e0b4@group-4777C1971FFE-LeaderElection73] INFO  impl.LeaderElection (LeaderElection.java:askForVotes(308)) - 5dce0fb0-fe11-4d63-8819-9c36ac88e0b4@group-4777C1971FFE-LeaderElection73 ELECTION round 0: result REJECTED
2021-04-26 08:57:40,742 [5dce0fb0-fe11-4d63-8819-9c36ac88e0b4@group-4777C1971FFE-LeaderElection73] INFO  server.RaftServer$Division (RaftServerImpl.java:setRole(284)) - 5dce0fb0-fe11-4d63-8819-9c36ac88e0b4@group-4777C1971FFE: changes role from CANDIDATE to FOLLOWER at term 5 for REJECTED
2021-04-26 08:57:40,742 [5dce0fb0-fe11-4d63-8819-9c36ac88e0b4@group-4777C1971FFE-LeaderElection73] INFO  impl.RoleInfo (RoleInfo.java:shutdownLeaderElection(121)) - 5dce0fb0-fe11-4d63-8819-9c36ac88e0b4: shutdown 5dce0fb0-fe11-4d63-8819-9c36ac88e0b4@group-4777C1971FFE-LeaderElection73
2021-04-26 08:57:40,742 [5dce0fb0-fe11-4d63-8819-9c36ac88e0b4@group-4777C1971FFE-LeaderElection73] INFO  impl.RoleInfo (RoleInfo.java:updateAndGet(130)) - 5dce0fb0-fe11-4d63-8819-9c36ac88e0b4: start 5dce0fb0-fe11-4d63-8819-9c36ac88e0b4@group-4777C1971FFE-FollowerState
2021-04-26 08:57:42,340 [Listener at 127.0.0.1/35725] INFO  ozoneimpl.OzoneContainer (OzoneContainer.java:stop(313)) - Attempting to stop container services.
2021-04-26 08:57:42,341 [ForkJoinPool.commonPool-worker-1] INFO  ozoneimpl.OzoneContainer (OzoneContainer.java:stop(313)) - Attempting to stop container services.
2021-04-26 08:57:42,341 [Listener at 127.0.0.1/35725] INFO  server.RaftServer (RaftServerProxy.java:lambda$close$6(391)) - db0caa31-6386-4e08-a3d7-702b3b383f1b: close
2021-04-26 08:57:42,342 [Listener at 127.0.0.1/35725] INFO  server.RaftServer$Division (RaftServerImpl.java:lambda$close$4(406)) - db0caa31-6386-4e08-a3d7-702b3b383f1b@group-71E57824BC1E: shutdown
2021-04-26 08:57:42,342 [Listener at 127.0.0.1/35725] INFO  util.JmxRegister (JmxRegister.java:unregister(73)) - Successfully un-registered JMX Bean with object name Ratis:service=RaftServer,group=group-71E57824BC1E,id=db0caa31-6386-4e08-a3d7-702b3b383f1b
2021-04-26 08:57:42,342 [ForkJoinPool.commonPool-worker-1] INFO  server.RaftServer (RaftServerProxy.java:lambda$close$6(391)) - 13dc8373-51b3-40e2-8cf0-22ac5417d2f8: close
2021-04-26 08:57:42,342 [ForkJoinPool.commonPool-worker-1] INFO  server.RaftServer$Division (RaftServerImpl.java:lambda$close$4(406)) - 13dc8373-51b3-40e2-8cf0-22ac5417d2f8@group-4777C1971FFE: shutdown
2021-04-26 08:57:42,342 [ForkJoinPool.commonPool-worker-1] INFO  util.JmxRegister (JmxRegister.java:unregister(73)) - Successfully un-registered JMX Bean with object name Ratis:service=RaftServer,group=group-4777C1971FFE,id=13dc8373-51b3-40e2-8cf0-22ac5417d2f8
2021-04-26 08:57:42,342 [ForkJoinPool.commonPool-worker-1] INFO  impl.RoleInfo (RoleInfo.java:shutdownFollowerState(108)) - 13dc8373-51b3-40e2-8cf0-22ac5417d2f8: shutdown 13dc8373-51b3-40e2-8cf0-22ac5417d2f8@group-4777C1971FFE-FollowerState
2021-04-26 08:57:42,343 [ForkJoinPool.commonPool-worker-1] INFO  impl.StateMachineUpdater (StateMachineUpdater.java:stopAndJoin(149)) - 13dc8373-51b3-40e2-8cf0-22ac5417d2f8@group-4777C1971FFE-StateMachineUpdater: set stopIndex = -1
2021-04-26 08:57:42,343 [13dc8373-51b3-40e2-8cf0-22ac5417d2f8@group-4777C1971FFE-FollowerState] INFO  impl.FollowerState (FollowerState.java:run(143)) - 13dc8373-51b3-40e2-8cf0-22ac5417d2f8@group-4777C1971FFE-FollowerState was interrupted: {}
java.lang.InterruptedException: sleep interrupted
	at java.lang.Thread.sleep(Native Method)
	at java.lang.Thread.sleep(Thread.java:340)
	at java.util.concurrent.TimeUnit.sleep(TimeUnit.java:386)
	at org.apache.ratis.util.TimeDuration.sleep(TimeDuration.java:324)
	at org.apache.ratis.util.TimeDuration.sleep(TimeDuration.java:309)
	at org.apache.ratis.server.impl.FollowerState.run(FollowerState.java:118)
2021-04-26 08:57:42,343 [13dc8373-51b3-40e2-8cf0-22ac5417d2f8@group-4777C1971FFE-StateMachineUpdater] INFO  metrics.RatisMetrics (RatisMetrics.java:unregister(43)) - Unregistering Metrics Registry : ratis.state_machine.13dc8373-51b3-40e2-8cf0-22ac5417d2f8@group-4777C1971FFE
2021-04-26 08:57:42,345 [ForkJoinPool.commonPool-worker-1] INFO  server.RaftServer$Division (ServerState.java:close(405)) - 13dc8373-51b3-40e2-8cf0-22ac5417d2f8@group-4777C1971FFE: closes. applyIndex: -1
2021-04-26 08:57:42,345 [13dc8373-51b3-40e2-8cf0-22ac5417d2f8@group-4777C1971FFE-SegmentedRaftLogWorker] INFO  segmented.SegmentedRaftLogWorker (SegmentedRaftLogWorker.java:run(327)) - 13dc8373-51b3-40e2-8cf0-22ac5417d2f8@group-4777C1971FFE-SegmentedRaftLogWorker was interrupted, exiting. There are 0 tasks remaining in the queue.
2021-04-26 08:57:42,346 [ForkJoinPool.commonPool-worker-1] INFO  segmented.SegmentedRaftLogWorker (SegmentedRaftLogWorker.java:close(237)) - 13dc8373-51b3-40e2-8cf0-22ac5417d2f8@group-4777C1971FFE-SegmentedRaftLogWorker close()
2021-04-26 08:57:42,347 [ForkJoinPool.commonPool-worker-1] INFO  metrics.RatisMetrics (RatisMetrics.java:unregister(43)) - Unregistering Metrics Registry : ratis.log_worker.13dc8373-51b3-40e2-8cf0-22ac5417d2f8@group-4777C1971FFE
2021-04-26 08:57:42,347 [ForkJoinPool.commonPool-worker-1] INFO  metrics.RatisMetrics (RatisMetrics.java:unregister(43)) - Unregistering Metrics Registry : ratis.leader_election.13dc8373-51b3-40e2-8cf0-22ac5417d2f8@group-4777C1971FFE
2021-04-26 08:57:42,347 [ForkJoinPool.commonPool-worker-1] INFO  metrics.RatisMetrics (RatisMetrics.java:unregister(43)) - Unregistering Metrics Registry : ratis.server.13dc8373-51b3-40e2-8cf0-22ac5417d2f8@group-4777C1971FFE
2021-04-26 08:57:42,348 [ForkJoinPool.commonPool-worker-1] INFO  server.RaftServer$Division (RaftServerImpl.java:lambda$close$4(406)) - 13dc8373-51b3-40e2-8cf0-22ac5417d2f8@group-DD283D211A4A: shutdown
2021-04-26 08:57:42,348 [ForkJoinPool.commonPool-worker-1] INFO  util.JmxRegister (JmxRegister.java:unregister(73)) - Successfully un-registered JMX Bean with object name Ratis:service=RaftServer,group=group-DD283D211A4A,id=13dc8373-51b3-40e2-8cf0-22ac5417d2f8
2021-04-26 08:57:42,348 [ForkJoinPool.commonPool-worker-1] INFO  impl.RoleInfo (RoleInfo.java:shutdownLeaderState(91)) - 13dc8373-51b3-40e2-8cf0-22ac5417d2f8: shutdown 13dc8373-51b3-40e2-8cf0-22ac5417d2f8@group-DD283D211A4A-LeaderStateImpl
2021-04-26 08:57:42,348 [ForkJoinPool.commonPool-worker-1] INFO  impl.PendingRequests (PendingRequests.java:sendNotLeaderResponses(249)) - 13dc8373-51b3-40e2-8cf0-22ac5417d2f8@group-DD283D211A4A-PendingRequests: sendNotLeaderResponses
2021-04-26 08:57:42,348 [ForkJoinPool.commonPool-worker-1] INFO  metrics.RatisMetrics (RatisMetrics.java:unregister(43)) - Unregistering Metrics Registry : ratis.log_appender.13dc8373-51b3-40e2-8cf0-22ac5417d2f8@group-DD283D211A4A
2021-04-26 08:57:42,348 [ForkJoinPool.commonPool-worker-1] INFO  metrics.RatisMetrics (RatisMetrics.java:unregister(43)) - Unregistering Metrics Registry : ratis.server.13dc8373-51b3-40e2-8cf0-22ac5417d2f8@group-DD283D211A4A
2021-04-26 08:57:42,349 [ForkJoinPool.commonPool-worker-1] INFO  impl.StateMachineUpdater (StateMachineUpdater.java:stopAndJoin(149)) - 13dc8373-51b3-40e2-8cf0-22ac5417d2f8@group-DD283D211A4A-StateMachineUpdater: set stopIndex = 0
2021-04-26 08:57:42,342 [Listener at 127.0.0.1/35725] INFO  impl.RoleInfo (RoleInfo.java:shutdownLeaderState(91)) - db0caa31-6386-4e08-a3d7-702b3b383f1b: shutdown db0caa31-6386-4e08-a3d7-702b3b383f1b@group-71E57824BC1E-LeaderStateImpl
2021-04-26 08:57:42,350 [Listener at 127.0.0.1/35725] INFO  impl.PendingRequests (PendingRequests.java:sendNotLeaderResponses(249)) - db0caa31-6386-4e08-a3d7-702b3b383f1b@group-71E57824BC1E-PendingRequests: sendNotLeaderResponses
2021-04-26 08:57:42,350 [Listener at 127.0.0.1/35725] INFO  metrics.RatisMetrics (RatisMetrics.java:unregister(43)) - Unregistering Metrics Registry : ratis.log_appender.db0caa31-6386-4e08-a3d7-702b3b383f1b@group-71E57824BC1E
2021-04-26 08:57:42,351 [Listener at 127.0.0.1/35725] INFO  metrics.RatisMetrics (RatisMetrics.java:unregister(43)) - Unregistering Metrics Registry : ratis.server.db0caa31-6386-4e08-a3d7-702b3b383f1b@group-71E57824BC1E
2021-04-26 08:57:42,353 [13dc8373-51b3-40e2-8cf0-22ac5417d2f8@group-DD283D211A4A-StateMachineUpdater] INFO  ratis.ContainerStateMachine (ContainerStateMachine.java:takeSnapshot(292)) - group-DD283D211A4A: Taking a snapshot at:(t:1, i:0) file /github/workspace/mnt/ozone/hadoop-ozone/integration-test/target/test-dir/MiniOzoneClusterImpl-80072cdf-ce72-42fa-91c0-6b866cc407f5/datanode-2/data/ratis/e91205d7-da02-4e22-9650-dd283d211a4a/sm/snapshot.1_0
2021-04-26 08:57:42,354 [db0caa31-6386-4e08-a3d7-702b3b383f1b@group-71E57824BC1E-StateMachineUpdater] INFO  ratis.ContainerStateMachine (ContainerStateMachine.java:takeSnapshot(292)) - group-71E57824BC1E: Taking a snapshot at:(t:1, i:0) file /github/workspace/mnt/ozone/hadoop-ozone/integration-test/target/test-dir/MiniOzoneClusterImpl-80072cdf-ce72-42fa-91c0-6b866cc407f5/datanode-4/data/ratis/e132da99-46d8-4fce-8112-71e57824bc1e/sm/snapshot.1_0
2021-04-26 08:57:42,354 [Listener at 127.0.0.1/35725] INFO  impl.StateMachineUpdater (StateMachineUpdater.java:stopAndJoin(149)) - db0caa31-6386-4e08-a3d7-702b3b383f1b@group-71E57824BC1E-StateMachineUpdater: set stopIndex = 0
2021-04-26 08:57:42,358 [13dc8373-51b3-40e2-8cf0-22ac5417d2f8@group-DD283D211A4A-StateMachineUpdater] INFO  ratis.ContainerStateMachine (ContainerStateMachine.java:takeSnapshot(303)) - group-DD283D211A4A: Finished taking a snapshot at:(t:1, i:0) file:/github/workspace/mnt/ozone/hadoop-ozone/integration-test/target/test-dir/MiniOzoneClusterImpl-80072cdf-ce72-42fa-91c0-6b866cc407f5/datanode-2/data/ratis/e91205d7-da02-4e22-9650-dd283d211a4a/sm/snapshot.1_0 took: 5 ms
2021-04-26 08:57:42,358 [13dc8373-51b3-40e2-8cf0-22ac5417d2f8@group-DD283D211A4A-StateMachineUpdater] INFO  impl.StateMachineUpdater (StateMachineUpdater.java:takeSnapshot(281)) - 13dc8373-51b3-40e2-8cf0-22ac5417d2f8@group-DD283D211A4A-StateMachineUpdater: Took a snapshot at index 0
2021-04-26 08:57:42,358 [13dc8373-51b3-40e2-8cf0-22ac5417d2f8@group-DD283D211A4A-StateMachineUpdater] INFO  impl.StateMachineUpdater (StateMachineUpdater.java:lambda$new$0(89)) - 13dc8373-51b3-40e2-8cf0-22ac5417d2f8@group-DD283D211A4A-StateMachineUpdater: snapshotIndex: updateIncreasingly -1 -> 0
2021-04-26 08:57:42,359 [db0caa31-6386-4e08-a3d7-702b3b383f1b@group-71E57824BC1E-StateMachineUpdater] INFO  ratis.ContainerStateMachine (ContainerStateMachine.java:takeSnapshot(303)) - group-71E57824BC1E: Finished taking a snapshot at:(t:1, i:0) file:/github/workspace/mnt/ozone/hadoop-ozone/integration-test/target/test-dir/MiniOzoneClusterImpl-80072cdf-ce72-42fa-91c0-6b866cc407f5/datanode-4/data/ratis/e132da99-46d8-4fce-8112-71e57824bc1e/sm/snapshot.1_0 took: 5 ms
2021-04-26 08:57:42,359 [db0caa31-6386-4e08-a3d7-702b3b383f1b@group-71E57824BC1E-StateMachineUpdater] INFO  impl.StateMachineUpdater (StateMachineUpdater.java:takeSnapshot(281)) - db0caa31-6386-4e08-a3d7-702b3b383f1b@group-71E57824BC1E-StateMachineUpdater: Took a snapshot at index 0
2021-04-26 08:57:42,359 [db0caa31-6386-4e08-a3d7-702b3b383f1b@group-71E57824BC1E-StateMachineUpdater] INFO  impl.StateMachineUpdater (StateMachineUpdater.java:lambda$new$0(89)) - db0caa31-6386-4e08-a3d7-702b3b383f1b@group-71E57824BC1E-StateMachineUpdater: snapshotIndex: updateIncreasingly -1 -> 0
2021-04-26 08:57:42,359 [db0caa31-6386-4e08-a3d7-702b3b383f1b@group-71E57824BC1E-StateMachineUpdater] INFO  metrics.RatisMetrics (RatisMetrics.java:unregister(43)) - Unregistering Metrics Registry : ratis.state_machine.db0caa31-6386-4e08-a3d7-702b3b383f1b@group-71E57824BC1E
2021-04-26 08:57:42,359 [13dc8373-51b3-40e2-8cf0-22ac5417d2f8@group-DD283D211A4A-StateMachineUpdater] INFO  metrics.RatisMetrics (RatisMetrics.java:unregister(43)) - Unregistering Metrics Registry : ratis.state_machine.13dc8373-51b3-40e2-8cf0-22ac5417d2f8@group-DD283D211A4A
2021-04-26 08:57:42,359 [Listener at 127.0.0.1/35725] INFO  server.RaftServer$Division (ServerState.java:close(405)) - db0caa31-6386-4e08-a3d7-702b3b383f1b@group-71E57824BC1E: closes. applyIndex: 0
2021-04-26 08:57:42,359 [ForkJoinPool.commonPool-worker-1] INFO  server.RaftServer$Division (ServerState.java:close(405)) - 13dc8373-51b3-40e2-8cf0-22ac5417d2f8@group-DD283D211A4A: closes. applyIndex: 0
2021-04-26 08:57:42,360 [db0caa31-6386-4e08-a3d7-702b3b383f1b@group-71E57824BC1E-SegmentedRaftLogWorker] INFO  segmented.SegmentedRaftLogWorker (SegmentedRaftLogWorker.java:run(327)) - db0caa31-6386-4e08-a3d7-702b3b383f1b@group-71E57824BC1E-SegmentedRaftLogWorker was interrupted, exiting. There are 0 tasks remaining in the queue.
2021-04-26 08:57:42,364 [13dc8373-51b3-40e2-8cf0-22ac5417d2f8@group-DD283D211A4A-SegmentedRaftLogWorker] INFO  segmented.SegmentedRaftLogWorker (SegmentedRaftLogWorker.java:run(327)) - 13dc8373-51b3-40e2-8cf0-22ac5417d2f8@group-DD283D211A4A-SegmentedRaftLogWorker was interrupted, exiting. There are 0 tasks remaining in the queue.
2021-04-26 08:57:42,364 [Listener at 127.0.0.1/35725] INFO  segmented.SegmentedRaftLogWorker (SegmentedRaftLogWorker.java:close(237)) - db0caa31-6386-4e08-a3d7-702b3b383f1b@group-71E57824BC1E-SegmentedRaftLogWorker close()
2021-04-26 08:57:42,365 [ForkJoinPool.commonPool-worker-1] INFO  segmented.SegmentedRaftLogWorker (SegmentedRaftLogWorker.java:close(237)) - 13dc8373-51b3-40e2-8cf0-22ac5417d2f8@group-DD283D211A4A-SegmentedRaftLogWorker close()
2021-04-26 08:57:42,366 [Listener at 127.0.0.1/35725] INFO  metrics.RatisMetrics (RatisMetrics.java:unregister(43)) - Unregistering Metrics Registry : ratis.log_worker.db0caa31-6386-4e08-a3d7-702b3b383f1b@group-71E57824BC1E
2021-04-26 08:57:42,366 [Listener at 127.0.0.1/35725] INFO  metrics.RatisMetrics (RatisMetrics.java:unregister(43)) - Unregistering Metrics Registry : ratis.leader_election.db0caa31-6386-4e08-a3d7-702b3b383f1b@group-71E57824BC1E
2021-04-26 08:57:42,366 [Listener at 127.0.0.1/35725] INFO  metrics.RatisMetrics (RatisMetrics.java:unregister(43)) - Unregistering Metrics Registry : ratis.server.db0caa31-6386-4e08-a3d7-702b3b383f1b@group-71E57824BC1E
2021-04-26 08:57:42,366 [Listener at 127.0.0.1/35725] INFO  server.RaftServer$Division (RaftServerImpl.java:lambda$close$4(406)) - db0caa31-6386-4e08-a3d7-702b3b383f1b@group-433C05CE339E: shutdown
2021-04-26 08:57:42,366 [Listener at 127.0.0.1/35725] INFO  util.JmxRegister (JmxRegister.java:unregister(73)) - Successfully un-registered JMX Bean with object name Ratis:service=RaftServer,group=group-433C05CE339E,id=db0caa31-6386-4e08-a3d7-702b3b383f1b
2021-04-26 08:57:42,367 [Listener at 127.0.0.1/35725] INFO  impl.RoleInfo (RoleInfo.java:shutdownFollowerState(108)) - db0caa31-6386-4e08-a3d7-702b3b383f1b: shutdown db0caa31-6386-4e08-a3d7-702b3b383f1b@group-433C05CE339E-FollowerState
2021-04-26 08:57:42,367 [db0caa31-6386-4e08-a3d7-702b3b383f1b@group-433C05CE339E-StateMachineUpdater] INFO  ratis.ContainerStateMachine (ContainerStateMachine.java:takeSnapshot(292)) - group-433C05CE339E: Taking a snapshot at:(t:1, i:0) file /github/workspace/mnt/ozone/hadoop-ozone/integration-test/target/test-dir/MiniOzoneClusterImpl-80072cdf-ce72-42fa-91c0-6b866cc407f5/datanode-4/data/ratis/12f0eccc-1931-4064-b0f0-433c05ce339e/sm/snapshot.1_0
2021-04-26 08:57:42,367 [Listener at 127.0.0.1/35725] INFO  impl.StateMachineUpdater (StateMachineUpdater.java:stopAndJoin(149)) - db0caa31-6386-4e08-a3d7-702b3b383f1b@group-433C05CE339E-StateMachineUpdater: set stopIndex = 0
2021-04-26 08:57:42,367 [db0caa31-6386-4e08-a3d7-702b3b383f1b@group-433C05CE339E-FollowerState] INFO  impl.FollowerState (FollowerState.java:run(143)) - db0caa31-6386-4e08-a3d7-702b3b383f1b@group-433C05CE339E-FollowerState was interrupted: {}
java.lang.InterruptedException: sleep interrupted
	at java.lang.Thread.sleep(Native Method)
	at java.lang.Thread.sleep(Thread.java:340)
	at java.util.concurrent.TimeUnit.sleep(TimeUnit.java:386)
	at org.apache.ratis.util.TimeDuration.sleep(TimeDuration.java:324)
	at org.apache.ratis.util.TimeDuration.sleep(TimeDuration.java:309)
	at org.apache.ratis.server.impl.FollowerState.run(FollowerState.java:118)
2021-04-26 08:57:42,368 [ForkJoinPool.commonPool-worker-1] INFO  metrics.RatisMetrics (RatisMetrics.java:unregister(43)) - Unregistering Metrics Registry : ratis.log_worker.13dc8373-51b3-40e2-8cf0-22ac5417d2f8@group-DD283D211A4A
2021-04-26 08:57:42,368 [ForkJoinPool.commonPool-worker-1] INFO  metrics.RatisMetrics (RatisMetrics.java:unregister(43)) - Unregistering Metrics Registry : ratis.leader_election.13dc8373-51b3-40e2-8cf0-22ac5417d2f8@group-DD283D211A4A
2021-04-26 08:57:42,369 [ForkJoinPool.commonPool-worker-1] INFO  metrics.RatisMetrics (RatisMetrics.java:unregister(43)) - Unregistering Metrics Registry : ratis.server.13dc8373-51b3-40e2-8cf0-22ac5417d2f8@group-DD283D211A4A
2021-04-26 08:57:42,369 [db0caa31-6386-4e08-a3d7-702b3b383f1b@group-433C05CE339E-StateMachineUpdater] INFO  ratis.ContainerStateMachine (ContainerStateMachine.java:takeSnapshot(303)) - group-433C05CE339E: Finished taking a snapshot at:(t:1, i:0) file:/github/workspace/mnt/ozone/hadoop-ozone/integration-test/target/test-dir/MiniOzoneClusterImpl-80072cdf-ce72-42fa-91c0-6b866cc407f5/datanode-4/data/ratis/12f0eccc-1931-4064-b0f0-433c05ce339e/sm/snapshot.1_0 took: 2 ms
2021-04-26 08:57:42,369 [ForkJoinPool.commonPool-worker-1] INFO  server.GrpcService (GrpcService.java:closeImpl(262)) - 13dc8373-51b3-40e2-8cf0-22ac5417d2f8: shutdown server with port 40591 now
2021-04-26 08:57:42,369 [db0caa31-6386-4e08-a3d7-702b3b383f1b@group-433C05CE339E-StateMachineUpdater] INFO  impl.StateMachineUpdater (StateMachineUpdater.java:takeSnapshot(281)) - db0caa31-6386-4e08-a3d7-702b3b383f1b@group-433C05CE339E-StateMachineUpdater: Took a snapshot at index 0
2021-04-26 08:57:42,373 [db0caa31-6386-4e08-a3d7-702b3b383f1b@group-433C05CE339E-StateMachineUpdater] INFO  impl.StateMachineUpdater (StateMachineUpdater.java:lambda$new$0(89)) - db0caa31-6386-4e08-a3d7-702b3b383f1b@group-433C05CE339E-StateMachineUpdater: snapshotIndex: updateIncreasingly -1 -> 0
2021-04-26 08:57:42,373 [db0caa31-6386-4e08-a3d7-702b3b383f1b@group-433C05CE339E-StateMachineUpdater] INFO  metrics.RatisMetrics (RatisMetrics.java:unregister(43)) - Unregistering Metrics Registry : ratis.state_machine.db0caa31-6386-4e08-a3d7-702b3b383f1b@group-433C05CE339E
2021-04-26 08:57:42,371 [grpc-default-executor-2] WARN  client.GrpcClientProtocolService (LogUtils.java:warn(122)) - 1-OrderedRequestStreamObserver1: onError: org.apache.ratis.thirdparty.io.grpc.StatusRuntimeException: CANCELLED: client cancelled
2021-04-26 08:57:42,377 [Listener at 127.0.0.1/35725] INFO  server.RaftServer$Division (ServerState.java:close(405)) - db0caa31-6386-4e08-a3d7-702b3b383f1b@group-433C05CE339E: closes. applyIndex: 0
2021-04-26 08:57:42,381 [db0caa31-6386-4e08-a3d7-702b3b383f1b@group-433C05CE339E-SegmentedRaftLogWorker] INFO  segmented.SegmentedRaftLogWorker (SegmentedRaftLogWorker.java:run(327)) - db0caa31-6386-4e08-a3d7-702b3b383f1b@group-433C05CE339E-SegmentedRaftLogWorker was interrupted, exiting. There are 0 tasks remaining in the queue.
2021-04-26 08:57:42,381 [Listener at 127.0.0.1/35725] INFO  segmented.SegmentedRaftLogWorker (SegmentedRaftLogWorker.java:close(237)) - db0caa31-6386-4e08-a3d7-702b3b383f1b@group-433C05CE339E-SegmentedRaftLogWorker close()
2021-04-26 08:57:42,388 [Listener at 127.0.0.1/35725] INFO  metrics.RatisMetrics (RatisMetrics.java:unregister(43)) - Unregistering Metrics Registry : ratis.log_worker.db0caa31-6386-4e08-a3d7-702b3b383f1b@group-433C05CE339E
2021-04-26 08:57:42,388 [Listener at 127.0.0.1/35725] INFO  metrics.RatisMetrics (RatisMetrics.java:unregister(43)) - Unregistering Metrics Registry : ratis.leader_election.db0caa31-6386-4e08-a3d7-702b3b383f1b@group-433C05CE339E
2021-04-26 08:57:42,388 [Listener at 127.0.0.1/35725] INFO  metrics.RatisMetrics (RatisMetrics.java:unregister(43)) - Unregistering Metrics Registry : ratis.server.db0caa31-6386-4e08-a3d7-702b3b383f1b@group-433C05CE339E
2021-04-26 08:57:42,389 [Listener at 127.0.0.1/35725] INFO  server.GrpcService (GrpcService.java:closeImpl(262)) - db0caa31-6386-4e08-a3d7-702b3b383f1b: shutdown server with port 46785 now
2021-04-26 08:57:42,390 [ForkJoinPool.commonPool-worker-1] INFO  server.GrpcService (GrpcService.java:closeImpl(271)) - 13dc8373-51b3-40e2-8cf0-22ac5417d2f8: shutdown server with port 40591 successfully
2021-04-26 08:57:42,390 [org.apache.ratis.util.JvmPauseMonitor$$Lambda$504/221029289@1b7a39b9] INFO  util.JvmPauseMonitor (JvmPauseMonitor.java:run(109)) - JvmPauseMonitor-13dc8373-51b3-40e2-8cf0-22ac5417d2f8: Stopped
2021-04-26 08:57:42,391 [grpc-default-executor-2] WARN  server.GrpcServerProtocolService (LogUtils.java:warn(122)) - db0caa31-6386-4e08-a3d7-702b3b383f1b: installSnapshot onError, lastRequest: 5dc8370d-b6a9-4413-93cd-e6395a769e0f->db0caa31-6386-4e08-a3d7-702b3b383f1b#1-t1,previous=(t:0, i:0),leaderCommit=0,initializing? true,entries: size=1, first=(t:1, i:0), CONFIGURATIONENTRY: org.apache.ratis.thirdparty.io.grpc.StatusRuntimeException: CANCELLED: client cancelled
2021-04-26 08:57:42,397 [Listener at 127.0.0.1/35725] INFO  server.GrpcService (GrpcService.java:closeImpl(271)) - db0caa31-6386-4e08-a3d7-702b3b383f1b: shutdown server with port 46785 successfully
2021-04-26 08:57:42,397 [org.apache.ratis.util.JvmPauseMonitor$$Lambda$504/221029289@47f8dcbb] INFO  util.JvmPauseMonitor (JvmPauseMonitor.java:run(109)) - JvmPauseMonitor-db0caa31-6386-4e08-a3d7-702b3b383f1b: Stopped
2021-04-26 08:57:42,398 [grpc-default-executor-1] WARN  server.GrpcLogAppender (LogUtils.java:warn(122)) - 5dc8370d-b6a9-4413-93cd-e6395a769e0f@group-433C05CE339E->db0caa31-6386-4e08-a3d7-702b3b383f1b-AppendLogResponseHandler: Failed appendEntries: org.apache.ratis.thirdparty.io.grpc.StatusRuntimeException: CANCELLED: HTTP/2 error code: CANCEL
Received Rst Stream
2021-04-26 08:57:42,398 [grpc-default-executor-1] WARN  server.GrpcLogAppender (GrpcLogAppender.java:resetClient(111)) - 5dc8370d-b6a9-4413-93cd-e6395a769e0f@group-433C05CE339E->db0caa31-6386-4e08-a3d7-702b3b383f1b-GrpcLogAppender: Leader has not got in touch with Follower 5dc8370d-b6a9-4413-93cd-e6395a769e0f@group-433C05CE339E->db0caa31-6386-4e08-a3d7-702b3b383f1b(c0,m0,n1, attendVote=true, lastRpcSendTime=1295, lastRpcResponseTime=1294) yet, just keep nextIndex unchanged and retry.
2021-04-26 08:57:42,397 [ForkJoinPool.commonPool-worker-1] INFO  utils.BackgroundService (BackgroundService.java:shutdown(132)) - Shutting down service BlockDeletingService
2021-04-26 08:57:42,417 [Listener at 127.0.0.1/35725] INFO  utils.BackgroundService (BackgroundService.java:shutdown(132)) - Shutting down service BlockDeletingService
2021-04-26 08:57:42,425 [ForkJoinPool.commonPool-worker-1] INFO  statemachine.DatanodeStateMachine (DatanodeStateMachine.java:stopDaemon(469)) - Ozone container server stopped.
2021-04-26 08:57:42,427 [Listener at 127.0.0.1/35725] INFO  statemachine.DatanodeStateMachine (DatanodeStateMachine.java:stopDaemon(469)) - Ozone container server stopped.
2021-04-26 08:57:42,450 [Listener at 127.0.0.1/35725] INFO  handler.ContextHandler (ContextHandler.java:doStop(1154)) - Stopped o.e.j.w.WebAppContext@17de3ab5{hddsDatanode,/,null,STOPPED}{jar:file:/home/user/.m2/repository/org/apache/hadoop/hadoop-hdds-container-service/1.2.0-SNAPSHOT/hadoop-hdds-container-service-1.2.0-SNAPSHOT.jar!/webapps/hddsDatanode}
2021-04-26 08:57:42,457 [Listener at 127.0.0.1/35725] INFO  server.AbstractConnector (AbstractConnector.java:doStop(381)) - Stopped ServerConnector@272aa224{HTTP/1.1, (http/1.1)}{0.0.0.0:0}
2021-04-26 08:57:42,458 [Listener at 127.0.0.1/35725] INFO  server.session (HouseKeeper.java:stopScavenging(149)) - node0 Stopped scavenging
2021-04-26 08:57:42,458 [Listener at 127.0.0.1/35725] INFO  handler.ContextHandler (ContextHandler.java:doStop(1154)) - Stopped o.e.j.s.ServletContextHandler@15944e4e{static,/static,jar:file:/home/user/.m2/repository/org/apache/hadoop/hadoop-hdds-container-service/1.2.0-SNAPSHOT/hadoop-hdds-container-service-1.2.0-SNAPSHOT.jar!/webapps/static,STOPPED}
2021-04-26 08:57:42,481 [Listener at 127.0.0.1/35725] INFO  handler.ContextHandler (ContextHandler.java:doStop(1154)) - Stopped o.e.j.s.ServletContextHandler@545df2c5{logs,/logs,file:///github/workspace/mnt/ozone/hadoop-ozone/integration-test/target/log,STOPPED}
2021-04-26 08:57:42,485 [ForkJoinPool.commonPool-worker-1] INFO  handler.ContextHandler (ContextHandler.java:doStop(1154)) - Stopped o.e.j.w.WebAppContext@5a405b0f{hddsDatanode,/,null,STOPPED}{jar:file:/home/user/.m2/repository/org/apache/hadoop/hadoop-hdds-container-service/1.2.0-SNAPSHOT/hadoop-hdds-container-service-1.2.0-SNAPSHOT.jar!/webapps/hddsDatanode}
2021-04-26 08:57:42,486 [ForkJoinPool.commonPool-worker-1] INFO  server.AbstractConnector (AbstractConnector.java:doStop(381)) - Stopped ServerConnector@3809b1e6{HTTP/1.1, (http/1.1)}{0.0.0.0:0}
2021-04-26 08:57:42,487 [ForkJoinPool.commonPool-worker-1] INFO  server.session (HouseKeeper.java:stopScavenging(149)) - node0 Stopped scavenging
2021-04-26 08:57:42,487 [ForkJoinPool.commonPool-worker-1] INFO  handler.ContextHandler (ContextHandler.java:doStop(1154)) - Stopped o.e.j.s.ServletContextHandler@61b85463{static,/static,jar:file:/home/user/.m2/repository/org/apache/hadoop/hadoop-hdds-container-service/1.2.0-SNAPSHOT/hadoop-hdds-container-service-1.2.0-SNAPSHOT.jar!/webapps/static,STOPPED}
2021-04-26 08:57:42,488 [ForkJoinPool.commonPool-worker-1] INFO  handler.ContextHandler (ContextHandler.java:doStop(1154)) - Stopped o.e.j.s.ServletContextHandler@27df0864{logs,/logs,file:///github/workspace/mnt/ozone/hadoop-ozone/integration-test/target/log,STOPPED}
2021-04-26 08:57:43,040 [Datanode State Machine Thread - 0] INFO  statemachine.DatanodeStateMachine (DatanodeStateMachine.java:lambda$startDaemon$0(411)) - Ozone container server started.
2021-04-26 08:57:43,427 [Datanode State Machine Thread - 0] INFO  statemachine.DatanodeStateMachine (DatanodeStateMachine.java:lambda$startDaemon$0(411)) - Ozone container server started.
2021-04-26 08:57:43,605 [grpc-default-executor-1] WARN  server.GrpcLogAppender (LogUtils.java:warn(122)) - 5dc8370d-b6a9-4413-93cd-e6395a769e0f@group-433C05CE339E->db0caa31-6386-4e08-a3d7-702b3b383f1b-AppendLogResponseHandler: Failed appendEntries: org.apache.ratis.thirdparty.io.grpc.StatusRuntimeException: UNAVAILABLE: io exception
2021-04-26 08:57:43,606 [grpc-default-executor-1] WARN  server.GrpcLogAppender (GrpcLogAppender.java:resetClient(111)) - 5dc8370d-b6a9-4413-93cd-e6395a769e0f@group-433C05CE339E->db0caa31-6386-4e08-a3d7-702b3b383f1b-GrpcLogAppender: Leader has not got in touch with Follower 5dc8370d-b6a9-4413-93cd-e6395a769e0f@group-433C05CE339E->db0caa31-6386-4e08-a3d7-702b3b383f1b(c0,m0,n1, attendVote=true, lastRpcSendTime=1, lastRpcResponseTime=2502) yet, just keep nextIndex unchanged and retry.
2021-04-26 08:57:45,763 [5dce0fb0-fe11-4d63-8819-9c36ac88e0b4@group-4777C1971FFE-FollowerState] INFO  impl.FollowerState (FollowerState.java:run(134)) - 5dce0fb0-fe11-4d63-8819-9c36ac88e0b4@group-4777C1971FFE-FollowerState: change to CANDIDATE, lastRpcElapsedTime:5021625546ns, electionTimeout:5019ms
2021-04-26 08:57:45,763 [5dce0fb0-fe11-4d63-8819-9c36ac88e0b4@group-4777C1971FFE-FollowerState] INFO  impl.RoleInfo (RoleInfo.java:shutdownFollowerState(108)) - 5dce0fb0-fe11-4d63-8819-9c36ac88e0b4: shutdown 5dce0fb0-fe11-4d63-8819-9c36ac88e0b4@group-4777C1971FFE-FollowerState
2021-04-26 08:57:45,764 [5dce0fb0-fe11-4d63-8819-9c36ac88e0b4@group-4777C1971FFE-FollowerState] INFO  server.RaftServer$Division (RaftServerImpl.java:setRole(284)) - 5dce0fb0-fe11-4d63-8819-9c36ac88e0b4@group-4777C1971FFE: changes role from  FOLLOWER to CANDIDATE at term 5 for changeToCandidate
2021-04-26 08:57:45,764 [5dce0fb0-fe11-4d63-8819-9c36ac88e0b4@group-4777C1971FFE-FollowerState] INFO  server.RaftServerConfigKeys (ConfUtils.java:logGet(44)) - raft.server.leaderelection.pre-vote = false (custom)
2021-04-26 08:57:45,764 [5dce0fb0-fe11-4d63-8819-9c36ac88e0b4@group-4777C1971FFE-FollowerState] INFO  impl.RoleInfo (RoleInfo.java:updateAndGet(130)) - 5dce0fb0-fe11-4d63-8819-9c36ac88e0b4: start 5dce0fb0-fe11-4d63-8819-9c36ac88e0b4@group-4777C1971FFE-LeaderElection74
2021-04-26 08:57:45,770 [5dce0fb0-fe11-4d63-8819-9c36ac88e0b4@group-4777C1971FFE-LeaderElection74] INFO  impl.LeaderElection (LeaderElection.java:askForVotes(306)) - 5dce0fb0-fe11-4d63-8819-9c36ac88e0b4@group-4777C1971FFE-LeaderElection74 ELECTION round 0: submit vote requests at term 6 for -1: [3e3f1c58-71d4-4b4b-a4fa-fbb64653de38|rpc:172.17.0.2:39811|priority:0, 5dce0fb0-fe11-4d63-8819-9c36ac88e0b4|rpc:172.17.0.2:35669|priority:0, 13dc8373-51b3-40e2-8cf0-22ac5417d2f8|rpc:172.17.0.2:40591|priority:1], old=null
2021-04-26 08:57:45,777 [grpc-default-executor-1] INFO  server.RaftServer$Division (RaftServerImpl.java:requestVote(1042)) - 3e3f1c58-71d4-4b4b-a4fa-fbb64653de38@group-4777C1971FFE: receive requestVote(ELECTION, 5dce0fb0-fe11-4d63-8819-9c36ac88e0b4, group-4777C1971FFE, 6, (t:0, i:0))
2021-04-26 08:57:45,777 [grpc-default-executor-1] INFO  impl.VoteContext (VoteContext.java:log(48)) - 3e3f1c58-71d4-4b4b-a4fa-fbb64653de38@group-4777C1971FFE-FOLLOWER: accept ELECTION from 5dce0fb0-fe11-4d63-8819-9c36ac88e0b4: our priority 0 <= candidate's priority 0
2021-04-26 08:57:45,777 [grpc-default-executor-1] INFO  server.RaftServer$Division (RaftServerImpl.java:setRole(284)) - 3e3f1c58-71d4-4b4b-a4fa-fbb64653de38@group-4777C1971FFE: changes role from  FOLLOWER to FOLLOWER at term 6 for candidate:5dce0fb0-fe11-4d63-8819-9c36ac88e0b4
2021-04-26 08:57:45,777 [grpc-default-executor-1] INFO  impl.RoleInfo (RoleInfo.java:shutdownFollowerState(108)) - 3e3f1c58-71d4-4b4b-a4fa-fbb64653de38: shutdown 3e3f1c58-71d4-4b4b-a4fa-fbb64653de38@group-4777C1971FFE-FollowerState
2021-04-26 08:57:45,777 [grpc-default-executor-1] INFO  impl.RoleInfo (RoleInfo.java:updateAndGet(130)) - 3e3f1c58-71d4-4b4b-a4fa-fbb64653de38: start 3e3f1c58-71d4-4b4b-a4fa-fbb64653de38@group-4777C1971FFE-FollowerState
2021-04-26 08:57:45,777 [3e3f1c58-71d4-4b4b-a4fa-fbb64653de38@group-4777C1971FFE-FollowerState] INFO  impl.FollowerState (FollowerState.java:run(143)) - 3e3f1c58-71d4-4b4b-a4fa-fbb64653de38@group-4777C1971FFE-FollowerState was interrupted: {}
java.lang.InterruptedException: sleep interrupted
	at java.lang.Thread.sleep(Native Method)
	at java.lang.Thread.sleep(Thread.java:340)
	at java.util.concurrent.TimeUnit.sleep(TimeUnit.java:386)
	at org.apache.ratis.util.TimeDuration.sleep(TimeDuration.java:324)
	at org.apache.ratis.util.TimeDuration.sleep(TimeDuration.java:309)
	at org.apache.ratis.server.impl.FollowerState.run(FollowerState.java:118)
2021-04-26 08:57:45,779 [grpc-default-executor-1] INFO  server.RaftServer$Division (RaftServerImpl.java:requestVote(1074)) - 3e3f1c58-71d4-4b4b-a4fa-fbb64653de38@group-4777C1971FFE replies to ELECTION vote request: 5dce0fb0-fe11-4d63-8819-9c36ac88e0b4<-3e3f1c58-71d4-4b4b-a4fa-fbb64653de38#0:OK-t6. Peer's state: 3e3f1c58-71d4-4b4b-a4fa-fbb64653de38@group-4777C1971FFE:t6, leader=null, voted=5dce0fb0-fe11-4d63-8819-9c36ac88e0b4, raftlog=3e3f1c58-71d4-4b4b-a4fa-fbb64653de38@group-4777C1971FFE-SegmentedRaftLog:OPENED:c-1,f-1,i0, conf=-1: [3e3f1c58-71d4-4b4b-a4fa-fbb64653de38|rpc:172.17.0.2:39811|dataStream:|priority:0, 5dce0fb0-fe11-4d63-8819-9c36ac88e0b4|rpc:172.17.0.2:35669|dataStream:|priority:0, 13dc8373-51b3-40e2-8cf0-22ac5417d2f8|rpc:172.17.0.2:40591|dataStream:|priority:1], old=null
2021-04-26 08:57:45,784 [5dce0fb0-fe11-4d63-8819-9c36ac88e0b4@group-4777C1971FFE-LeaderElection74] INFO  impl.LeaderElection (LogUtils.java:infoOrTrace(137)) - 5dce0fb0-fe11-4d63-8819-9c36ac88e0b4@group-4777C1971FFE-LeaderElection74 got exception when requesting votes: java.util.concurrent.ExecutionException: org.apache.ratis.thirdparty.io.grpc.StatusRuntimeException: UNAVAILABLE: io exception
2021-04-26 08:57:45,784 [5dce0fb0-fe11-4d63-8819-9c36ac88e0b4@group-4777C1971FFE-LeaderElection74] INFO  impl.LeaderElection (LeaderElection.java:logAndReturn(89)) - 5dce0fb0-fe11-4d63-8819-9c36ac88e0b4@group-4777C1971FFE-LeaderElection74: ELECTION PASSED received 1 response(s) and 1 exception(s):
2021-04-26 08:57:45,784 [5dce0fb0-fe11-4d63-8819-9c36ac88e0b4@group-4777C1971FFE-LeaderElection74] INFO  impl.LeaderElection (LeaderElection.java:logAndReturn(93)) -   Response 0: 5dce0fb0-fe11-4d63-8819-9c36ac88e0b4<-3e3f1c58-71d4-4b4b-a4fa-fbb64653de38#0:OK-t6
2021-04-26 08:57:45,784 [5dce0fb0-fe11-4d63-8819-9c36ac88e0b4@group-4777C1971FFE-LeaderElection74] INFO  impl.LeaderElection (LogUtils.java:infoOrTrace(137)) -   Exception 1: java.util.concurrent.ExecutionException: org.apache.ratis.thirdparty.io.grpc.StatusRuntimeException: UNAVAILABLE: io exception
2021-04-26 08:57:45,784 [5dce0fb0-fe11-4d63-8819-9c36ac88e0b4@group-4777C1971FFE-LeaderElection74] INFO  impl.LeaderElection (LeaderElection.java:askForVotes(308)) - 5dce0fb0-fe11-4d63-8819-9c36ac88e0b4@group-4777C1971FFE-LeaderElection74 ELECTION round 0: result PASSED
2021-04-26 08:57:45,784 [5dce0fb0-fe11-4d63-8819-9c36ac88e0b4@group-4777C1971FFE-LeaderElection74] INFO  impl.RoleInfo (RoleInfo.java:shutdownLeaderElection(121)) - 5dce0fb0-fe11-4d63-8819-9c36ac88e0b4: shutdown 5dce0fb0-fe11-4d63-8819-9c36ac88e0b4@group-4777C1971FFE-LeaderElection74
2021-04-26 08:57:45,784 [5dce0fb0-fe11-4d63-8819-9c36ac88e0b4@group-4777C1971FFE-LeaderElection74] INFO  server.RaftServer$Division (RaftServerImpl.java:setRole(284)) - 5dce0fb0-fe11-4d63-8819-9c36ac88e0b4@group-4777C1971FFE: changes role from CANDIDATE to LEADER at term 6 for changeToLeader
2021-04-26 08:57:45,784 [5dce0fb0-fe11-4d63-8819-9c36ac88e0b4@group-4777C1971FFE-LeaderElection74] INFO  ratis.XceiverServerRatis (XceiverServerRatis.java:handleLeaderChangedNotification(906)) - Leader change notification received for group: group-4777C1971FFE with new leaderId: 5dce0fb0-fe11-4d63-8819-9c36ac88e0b4
2021-04-26 08:57:45,784 [5dce0fb0-fe11-4d63-8819-9c36ac88e0b4@group-4777C1971FFE-LeaderElection74] INFO  server.RaftServer$Division (ServerState.java:setLeader(271)) - 5dce0fb0-fe11-4d63-8819-9c36ac88e0b4@group-4777C1971FFE: change Leader from null to 5dce0fb0-fe11-4d63-8819-9c36ac88e0b4 at term 6 for becomeLeader, leader elected after 25654ms
2021-04-26 08:57:45,785 [5dce0fb0-fe11-4d63-8819-9c36ac88e0b4@group-4777C1971FFE-LeaderElection74] INFO  server.RaftServerConfigKeys (ConfUtils.java:logGet(44)) - raft.server.staging.catchup.gap = 1000 (default)
2021-04-26 08:57:45,785 [5dce0fb0-fe11-4d63-8819-9c36ac88e0b4@group-4777C1971FFE-LeaderElection74] INFO  metrics.RatisMetrics (RatisMetrics.java:lambda$create$0(36)) - Creating Metrics Registry : ratis.log_appender.5dce0fb0-fe11-4d63-8819-9c36ac88e0b4@group-4777C1971FFE
2021-04-26 08:57:45,785 [5dce0fb0-fe11-4d63-8819-9c36ac88e0b4@group-4777C1971FFE-LeaderElection74] INFO  server.RaftServerConfigKeys (ConfUtils.java:logGet(44)) - raft.server.write.element-limit = 1024 (custom)
2021-04-26 08:57:45,785 [5dce0fb0-fe11-4d63-8819-9c36ac88e0b4@group-4777C1971FFE-LeaderElection74] INFO  server.RaftServerConfigKeys (ConfUtils.java:logGet(44)) - raft.server.write.byte-limit = 1073741824 (custom)
2021-04-26 08:57:45,785 [5dce0fb0-fe11-4d63-8819-9c36ac88e0b4@group-4777C1971FFE-LeaderElection74] INFO  server.RaftServerConfigKeys (ConfUtils.java:logGet(44)) - raft.server.watch.timeout = 3000ms (custom)
2021-04-26 08:57:45,785 [5dce0fb0-fe11-4d63-8819-9c36ac88e0b4@group-4777C1971FFE-LeaderElection74] INFO  server.RaftServerConfigKeys (ConfUtils.java:logGet(44)) - raft.server.watch.timeout.denomination = 1s (default)
2021-04-26 08:57:45,785 [5dce0fb0-fe11-4d63-8819-9c36ac88e0b4@group-4777C1971FFE-LeaderElection74] INFO  server.RaftServerConfigKeys (ConfUtils.java:logGet(44)) - raft.server.watch.element-limit = 65536 (default)
2021-04-26 08:57:45,786 [5dce0fb0-fe11-4d63-8819-9c36ac88e0b4@group-4777C1971FFE-LeaderElection74] INFO  server.RaftServerConfigKeys (ConfUtils.java:logGet(44)) - raft.server.log.appender.snapshot.chunk.size.max = 16MB (=16777216) (default)
2021-04-26 08:57:45,786 [5dce0fb0-fe11-4d63-8819-9c36ac88e0b4@group-4777C1971FFE-LeaderElection74] INFO  server.RaftServerConfigKeys (ConfUtils.java:logGet(44)) - raft.server.log.appender.buffer.byte-limit = 33554432 (custom)
2021-04-26 08:57:45,786 [5dce0fb0-fe11-4d63-8819-9c36ac88e0b4@group-4777C1971FFE-LeaderElection74] INFO  server.RaftServerConfigKeys (ConfUtils.java:logGet(44)) - raft.server.log.appender.buffer.element-limit = 1 (custom)
2021-04-26 08:57:45,786 [5dce0fb0-fe11-4d63-8819-9c36ac88e0b4@group-4777C1971FFE-LeaderElection74] INFO  grpc.GrpcConfigKeys (ConfUtils.java:logGet(44)) - raft.grpc.server.leader.outstanding.appends.max = 128 (default)
2021-04-26 08:57:45,786 [5dce0fb0-fe11-4d63-8819-9c36ac88e0b4@group-4777C1971FFE-LeaderElection74] INFO  server.RaftServerConfigKeys (ConfUtils.java:logGet(44)) - raft.server.rpc.request.timeout = 3000ms (default)
2021-04-26 08:57:45,786 [5dce0fb0-fe11-4d63-8819-9c36ac88e0b4@group-4777C1971FFE-LeaderElection74] INFO  server.RaftServerConfigKeys (ConfUtils.java:logGet(44)) - raft.server.log.appender.install.snapshot.enabled = false (custom)
2021-04-26 08:57:45,786 [5dce0fb0-fe11-4d63-8819-9c36ac88e0b4@group-4777C1971FFE-LeaderElection74] INFO  metrics.RatisMetrics (RatisMetrics.java:lambda$create$0(36)) - Creating Metrics Registry : ratis_grpc.log_appender.5dce0fb0-fe11-4d63-8819-9c36ac88e0b4@group-4777C1971FFE
2021-04-26 08:57:45,787 [5dce0fb0-fe11-4d63-8819-9c36ac88e0b4@group-4777C1971FFE-LeaderElection74] INFO  server.RaftServerConfigKeys (ConfUtils.java:logGet(44)) - raft.server.log.appender.snapshot.chunk.size.max = 16MB (=16777216) (default)
2021-04-26 08:57:45,788 [5dce0fb0-fe11-4d63-8819-9c36ac88e0b4@group-4777C1971FFE-LeaderElection74] INFO  server.RaftServerConfigKeys (ConfUtils.java:logGet(44)) - raft.server.log.appender.buffer.byte-limit = 33554432 (custom)
2021-04-26 08:57:45,788 [5dce0fb0-fe11-4d63-8819-9c36ac88e0b4@group-4777C1971FFE-LeaderElection74] INFO  server.RaftServerConfigKeys (ConfUtils.java:logGet(44)) - raft.server.log.appender.buffer.element-limit = 1 (custom)
2021-04-26 08:57:45,788 [5dce0fb0-fe11-4d63-8819-9c36ac88e0b4@group-4777C1971FFE-LeaderElection74] INFO  grpc.GrpcConfigKeys (ConfUtils.java:logGet(44)) - raft.grpc.server.leader.outstanding.appends.max = 128 (default)
2021-04-26 08:57:45,788 [5dce0fb0-fe11-4d63-8819-9c36ac88e0b4@group-4777C1971FFE-LeaderElection74] INFO  server.RaftServerConfigKeys (ConfUtils.java:logGet(44)) - raft.server.rpc.request.timeout = 3000ms (default)
2021-04-26 08:57:45,788 [5dce0fb0-fe11-4d63-8819-9c36ac88e0b4@group-4777C1971FFE-LeaderElection74] INFO  server.RaftServerConfigKeys (ConfUtils.java:logGet(44)) - raft.server.log.appender.install.snapshot.enabled = false (custom)
2021-04-26 08:57:45,790 [5dce0fb0-fe11-4d63-8819-9c36ac88e0b4@group-4777C1971FFE-LeaderElection74] INFO  impl.RoleInfo (RoleInfo.java:updateAndGet(130)) - 5dce0fb0-fe11-4d63-8819-9c36ac88e0b4: start 5dce0fb0-fe11-4d63-8819-9c36ac88e0b4@group-4777C1971FFE-LeaderStateImpl
2021-04-26 08:57:45,790 [5dce0fb0-fe11-4d63-8819-9c36ac88e0b4@group-4777C1971FFE-LeaderElection74] INFO  segmented.SegmentedRaftLogWorker (SegmentedRaftLogWorker.java:startLogSegment(394)) - 5dce0fb0-fe11-4d63-8819-9c36ac88e0b4@group-4777C1971FFE-SegmentedRaftLogWorker: Starting segment from index:0
2021-04-26 08:57:45,793 [grpc-default-executor-1] INFO  ratis.XceiverServerRatis (XceiverServerRatis.java:handleLeaderChangedNotification(906)) - Leader change notification received for group: group-4777C1971FFE with new leaderId: 5dce0fb0-fe11-4d63-8819-9c36ac88e0b4
2021-04-26 08:57:45,793 [grpc-default-executor-1] INFO  server.RaftServer$Division (ServerState.java:setLeader(271)) - 3e3f1c58-71d4-4b4b-a4fa-fbb64653de38@group-4777C1971FFE: change Leader from null to 5dce0fb0-fe11-4d63-8819-9c36ac88e0b4 at term 6 for appendEntries, leader elected after 25622ms
2021-04-26 08:57:45,797 [5dce0fb0-fe11-4d63-8819-9c36ac88e0b4@group-4777C1971FFE-LeaderElection74] INFO  server.RaftServer$Division (ServerState.java:setRaftConf(373)) - 5dce0fb0-fe11-4d63-8819-9c36ac88e0b4@group-4777C1971FFE: set configuration 0: [3e3f1c58-71d4-4b4b-a4fa-fbb64653de38|rpc:172.17.0.2:39811|dataStream:|priority:0, 5dce0fb0-fe11-4d63-8819-9c36ac88e0b4|rpc:172.17.0.2:35669|dataStream:|priority:0, 13dc8373-51b3-40e2-8cf0-22ac5417d2f8|rpc:172.17.0.2:40591|dataStream:|priority:1], old=null
2021-04-26 08:57:45,798 [grpc-default-executor-2] WARN  server.GrpcLogAppender (LogUtils.java:warn(122)) - 5dce0fb0-fe11-4d63-8819-9c36ac88e0b4@group-4777C1971FFE->13dc8373-51b3-40e2-8cf0-22ac5417d2f8-AppendLogResponseHandler: Failed appendEntries: org.apache.ratis.thirdparty.io.grpc.StatusRuntimeException: UNAVAILABLE: io exception
2021-04-26 08:57:45,800 [5dce0fb0-fe11-4d63-8819-9c36ac88e0b4@group-4777C1971FFE-SegmentedRaftLogWorker] INFO  segmented.SegmentedRaftLogWorker (SegmentedRaftLogWorker.java:execute(601)) - 5dce0fb0-fe11-4d63-8819-9c36ac88e0b4@group-4777C1971FFE-SegmentedRaftLogWorker: created new log segment /github/workspace/mnt/ozone/hadoop-ozone/integration-test/target/test-dir/MiniOzoneClusterImpl-80072cdf-ce72-42fa-91c0-6b866cc407f5/datanode-0/data/ratis/aa22d13b-0188-4d85-8a6b-4777c1971ffe/current/log_inprogress_0
2021-04-26 08:57:45,800 [grpc-default-executor-1] INFO  server.RaftServer$Division (ServerState.java:setRaftConf(373)) - 3e3f1c58-71d4-4b4b-a4fa-fbb64653de38@group-4777C1971FFE: set configuration 0: [3e3f1c58-71d4-4b4b-a4fa-fbb64653de38|rpc:172.17.0.2:39811|dataStream:|priority:0, 5dce0fb0-fe11-4d63-8819-9c36ac88e0b4|rpc:172.17.0.2:35669|dataStream:|priority:0, 13dc8373-51b3-40e2-8cf0-22ac5417d2f8|rpc:172.17.0.2:40591|dataStream:|priority:1], old=null
2021-04-26 08:57:45,803 [grpc-default-executor-2] WARN  server.GrpcLogAppender (GrpcLogAppender.java:resetClient(111)) - 5dce0fb0-fe11-4d63-8819-9c36ac88e0b4@group-4777C1971FFE->13dc8373-51b3-40e2-8cf0-22ac5417d2f8-GrpcLogAppender: Leader has not got in touch with Follower 5dce0fb0-fe11-4d63-8819-9c36ac88e0b4@group-4777C1971FFE->13dc8373-51b3-40e2-8cf0-22ac5417d2f8(c-1,m0,n1, attendVote=true, lastRpcSendTime=4, lastRpcResponseTime=5216) yet, just keep nextIndex unchanged and retry.
2021-04-26 08:57:45,804 [grpc-default-executor-1] INFO  segmented.SegmentedRaftLogWorker (SegmentedRaftLogWorker.java:startLogSegment(394)) - 3e3f1c58-71d4-4b4b-a4fa-fbb64653de38@group-4777C1971FFE-SegmentedRaftLogWorker: Starting segment from index:0
2021-04-26 08:57:45,809 [3e3f1c58-71d4-4b4b-a4fa-fbb64653de38@group-4777C1971FFE-SegmentedRaftLogWorker] INFO  segmented.SegmentedRaftLogWorker (SegmentedRaftLogWorker.java:execute(601)) - 3e3f1c58-71d4-4b4b-a4fa-fbb64653de38@group-4777C1971FFE-SegmentedRaftLogWorker: created new log segment /github/workspace/mnt/ozone/hadoop-ozone/integration-test/target/test-dir/MiniOzoneClusterImpl-80072cdf-ce72-42fa-91c0-6b866cc407f5/datanode-1/data/ratis/aa22d13b-0188-4d85-8a6b-4777c1971ffe/current/log_inprogress_0
2021-04-26 08:57:46,105 [grpc-default-executor-1] WARN  server.GrpcLogAppender (LogUtils.java:warn(122)) - 5dc8370d-b6a9-4413-93cd-e6395a769e0f@group-433C05CE339E->db0caa31-6386-4e08-a3d7-702b3b383f1b-AppendLogResponseHandler: Failed appendEntries: org.apache.ratis.thirdparty.io.grpc.StatusRuntimeException: UNAVAILABLE: io exception
2021-04-26 08:57:46,106 [grpc-default-executor-1] WARN  server.GrpcLogAppender (GrpcLogAppender.java:resetClient(111)) - 5dc8370d-b6a9-4413-93cd-e6395a769e0f@group-433C05CE339E->db0caa31-6386-4e08-a3d7-702b3b383f1b-GrpcLogAppender: Leader has not got in touch with Follower 5dc8370d-b6a9-4413-93cd-e6395a769e0f@group-433C05CE339E->db0caa31-6386-4e08-a3d7-702b3b383f1b(c0,m0,n1, attendVote=true, lastRpcSendTime=2501, lastRpcResponseTime=5002) yet, just keep nextIndex unchanged and retry.
2021-04-26 08:57:47,485 [Listener at 127.0.0.1/35725] INFO  ozoneimpl.OzoneContainer (OzoneContainer.java:stop(313)) - Attempting to stop container services.
2021-04-26 08:57:47,489 [Listener at 127.0.0.1/35725] INFO  server.RaftServer (RaftServerProxy.java:lambda$close$6(391)) - 34a5109f-6b66-4541-bda1-cf9f603884f1: close
2021-04-26 08:57:47,489 [Listener at 127.0.0.1/35725] INFO  server.RaftServer$Division (RaftServerImpl.java:lambda$close$4(406)) - 34a5109f-6b66-4541-bda1-cf9f603884f1@group-433C05CE339E: shutdown
2021-04-26 08:57:47,489 [Listener at 127.0.0.1/35725] INFO  util.JmxRegister (JmxRegister.java:unregister(73)) - Successfully un-registered JMX Bean with object name Ratis:service=RaftServer,group=group-433C05CE339E,id=34a5109f-6b66-4541-bda1-cf9f603884f1
2021-04-26 08:57:47,490 [Listener at 127.0.0.1/35725] INFO  impl.RoleInfo (RoleInfo.java:shutdownFollowerState(108)) - 34a5109f-6b66-4541-bda1-cf9f603884f1: shutdown 34a5109f-6b66-4541-bda1-cf9f603884f1@group-433C05CE339E-FollowerState
2021-04-26 08:57:47,490 [Listener at 127.0.0.1/35725] INFO  impl.StateMachineUpdater (StateMachineUpdater.java:stopAndJoin(149)) - 34a5109f-6b66-4541-bda1-cf9f603884f1@group-433C05CE339E-StateMachineUpdater: set stopIndex = 0
2021-04-26 08:57:47,490 [34a5109f-6b66-4541-bda1-cf9f603884f1@group-433C05CE339E-FollowerState] INFO  impl.FollowerState (FollowerState.java:run(143)) - 34a5109f-6b66-4541-bda1-cf9f603884f1@group-433C05CE339E-FollowerState was interrupted: {}
java.lang.InterruptedException: sleep interrupted
	at java.lang.Thread.sleep(Native Method)
	at java.lang.Thread.sleep(Thread.java:340)
	at java.util.concurrent.TimeUnit.sleep(TimeUnit.java:386)
	at org.apache.ratis.util.TimeDuration.sleep(TimeDuration.java:324)
	at org.apache.ratis.util.TimeDuration.sleep(TimeDuration.java:309)
	at org.apache.ratis.server.impl.FollowerState.run(FollowerState.java:118)
2021-04-26 08:57:47,490 [34a5109f-6b66-4541-bda1-cf9f603884f1@group-433C05CE339E-StateMachineUpdater] INFO  ratis.ContainerStateMachine (ContainerStateMachine.java:takeSnapshot(292)) - group-433C05CE339E: Taking a snapshot at:(t:1, i:0) file /github/workspace/mnt/ozone/hadoop-ozone/integration-test/target/test-dir/MiniOzoneClusterImpl-80072cdf-ce72-42fa-91c0-6b866cc407f5/datanode-5/data/ratis/12f0eccc-1931-4064-b0f0-433c05ce339e/sm/snapshot.1_0
2021-04-26 08:57:47,498 [34a5109f-6b66-4541-bda1-cf9f603884f1@group-433C05CE339E-StateMachineUpdater] INFO  ratis.ContainerStateMachine (ContainerStateMachine.java:takeSnapshot(303)) - group-433C05CE339E: Finished taking a snapshot at:(t:1, i:0) file:/github/workspace/mnt/ozone/hadoop-ozone/integration-test/target/test-dir/MiniOzoneClusterImpl-80072cdf-ce72-42fa-91c0-6b866cc407f5/datanode-5/data/ratis/12f0eccc-1931-4064-b0f0-433c05ce339e/sm/snapshot.1_0 took: 7 ms
2021-04-26 08:57:47,498 [34a5109f-6b66-4541-bda1-cf9f603884f1@group-433C05CE339E-StateMachineUpdater] INFO  impl.StateMachineUpdater (StateMachineUpdater.java:takeSnapshot(281)) - 34a5109f-6b66-4541-bda1-cf9f603884f1@group-433C05CE339E-StateMachineUpdater: Took a snapshot at index 0
2021-04-26 08:57:47,499 [34a5109f-6b66-4541-bda1-cf9f603884f1@group-433C05CE339E-StateMachineUpdater] INFO  impl.StateMachineUpdater (StateMachineUpdater.java:lambda$new$0(89)) - 34a5109f-6b66-4541-bda1-cf9f603884f1@group-433C05CE339E-StateMachineUpdater: snapshotIndex: updateIncreasingly -1 -> 0
2021-04-26 08:57:47,499 [34a5109f-6b66-4541-bda1-cf9f603884f1@group-433C05CE339E-StateMachineUpdater] INFO  metrics.RatisMetrics (RatisMetrics.java:unregister(43)) - Unregistering Metrics Registry : ratis.state_machine.34a5109f-6b66-4541-bda1-cf9f603884f1@group-433C05CE339E
2021-04-26 08:57:47,500 [ForkJoinPool.commonPool-worker-1] INFO  ozoneimpl.OzoneContainer (OzoneContainer.java:stop(313)) - Attempting to stop container services.
2021-04-26 08:57:47,500 [Listener at 127.0.0.1/35725] INFO  server.RaftServer$Division (ServerState.java:close(405)) - 34a5109f-6b66-4541-bda1-cf9f603884f1@group-433C05CE339E: closes. applyIndex: 0
2021-04-26 08:57:47,500 [ForkJoinPool.commonPool-worker-1] INFO  server.RaftServer (RaftServerProxy.java:lambda$close$6(391)) - 5dc8370d-b6a9-4413-93cd-e6395a769e0f: close
2021-04-26 08:57:47,500 [34a5109f-6b66-4541-bda1-cf9f603884f1@group-433C05CE339E-SegmentedRaftLogWorker] INFO  segmented.SegmentedRaftLogWorker (SegmentedRaftLogWorker.java:run(327)) - 34a5109f-6b66-4541-bda1-cf9f603884f1@group-433C05CE339E-SegmentedRaftLogWorker was interrupted, exiting. There are 0 tasks remaining in the queue.
2021-04-26 08:57:47,500 [ForkJoinPool.commonPool-worker-1] INFO  server.RaftServer$Division (RaftServerImpl.java:lambda$close$4(406)) - 5dc8370d-b6a9-4413-93cd-e6395a769e0f@group-BD40FA57DBCA: shutdown
2021-04-26 08:57:47,501 [ForkJoinPool.commonPool-worker-1] INFO  util.JmxRegister (JmxRegister.java:unregister(73)) - Successfully un-registered JMX Bean with object name Ratis:service=RaftServer,group=group-BD40FA57DBCA,id=5dc8370d-b6a9-4413-93cd-e6395a769e0f
2021-04-26 08:57:47,501 [ForkJoinPool.commonPool-worker-1] INFO  impl.RoleInfo (RoleInfo.java:shutdownLeaderState(91)) - 5dc8370d-b6a9-4413-93cd-e6395a769e0f: shutdown 5dc8370d-b6a9-4413-93cd-e6395a769e0f@group-BD40FA57DBCA-LeaderStateImpl
2021-04-26 08:57:47,501 [ForkJoinPool.commonPool-worker-1] INFO  impl.PendingRequests (PendingRequests.java:sendNotLeaderResponses(249)) - 5dc8370d-b6a9-4413-93cd-e6395a769e0f@group-BD40FA57DBCA-PendingRequests: sendNotLeaderResponses
2021-04-26 08:57:47,501 [ForkJoinPool.commonPool-worker-1] INFO  metrics.RatisMetrics (RatisMetrics.java:unregister(43)) - Unregistering Metrics Registry : ratis.log_appender.5dc8370d-b6a9-4413-93cd-e6395a769e0f@group-BD40FA57DBCA
2021-04-26 08:57:47,502 [ForkJoinPool.commonPool-worker-1] INFO  metrics.RatisMetrics (RatisMetrics.java:unregister(43)) - Unregistering Metrics Registry : ratis.server.5dc8370d-b6a9-4413-93cd-e6395a769e0f@group-BD40FA57DBCA
2021-04-26 08:57:47,503 [ForkJoinPool.commonPool-worker-1] INFO  impl.StateMachineUpdater (StateMachineUpdater.java:stopAndJoin(149)) - 5dc8370d-b6a9-4413-93cd-e6395a769e0f@group-BD40FA57DBCA-StateMachineUpdater: set stopIndex = 0
2021-04-26 08:57:47,506 [Listener at 127.0.0.1/35725] INFO  segmented.SegmentedRaftLogWorker (SegmentedRaftLogWorker.java:close(237)) - 34a5109f-6b66-4541-bda1-cf9f603884f1@group-433C05CE339E-SegmentedRaftLogWorker close()
2021-04-26 08:57:47,506 [5dc8370d-b6a9-4413-93cd-e6395a769e0f@group-BD40FA57DBCA-StateMachineUpdater] INFO  ratis.ContainerStateMachine (ContainerStateMachine.java:takeSnapshot(292)) - group-BD40FA57DBCA: Taking a snapshot at:(t:1, i:0) file /github/workspace/mnt/ozone/hadoop-ozone/integration-test/target/test-dir/MiniOzoneClusterImpl-80072cdf-ce72-42fa-91c0-6b866cc407f5/datanode-3/data/ratis/f5973e21-d96d-435b-a92d-bd40fa57dbca/sm/snapshot.1_0
2021-04-26 08:57:47,509 [Listener at 127.0.0.1/35725] INFO  metrics.RatisMetrics (RatisMetrics.java:unregister(43)) - Unregistering Metrics Registry : ratis.log_worker.34a5109f-6b66-4541-bda1-cf9f603884f1@group-433C05CE339E
2021-04-26 08:57:47,509 [Listener at 127.0.0.1/35725] INFO  metrics.RatisMetrics (RatisMetrics.java:unregister(43)) - Unregistering Metrics Registry : ratis.leader_election.34a5109f-6b66-4541-bda1-cf9f603884f1@group-433C05CE339E
2021-04-26 08:57:47,509 [Listener at 127.0.0.1/35725] INFO  metrics.RatisMetrics (RatisMetrics.java:unregister(43)) - Unregistering Metrics Registry : ratis.server.34a5109f-6b66-4541-bda1-cf9f603884f1@group-433C05CE339E
2021-04-26 08:57:47,509 [Listener at 127.0.0.1/35725] INFO  server.RaftServer$Division (RaftServerImpl.java:lambda$close$4(406)) - 34a5109f-6b66-4541-bda1-cf9f603884f1@group-255C1F3169F8: shutdown
2021-04-26 08:57:47,510 [Listener at 127.0.0.1/35725] INFO  util.JmxRegister (JmxRegister.java:unregister(73)) - Successfully un-registered JMX Bean with object name Ratis:service=RaftServer,group=group-255C1F3169F8,id=34a5109f-6b66-4541-bda1-cf9f603884f1
2021-04-26 08:57:47,510 [Listener at 127.0.0.1/35725] INFO  impl.RoleInfo (RoleInfo.java:shutdownLeaderState(91)) - 34a5109f-6b66-4541-bda1-cf9f603884f1: shutdown 34a5109f-6b66-4541-bda1-cf9f603884f1@group-255C1F3169F8-LeaderStateImpl
2021-04-26 08:57:47,510 [Listener at 127.0.0.1/35725] INFO  impl.PendingRequests (PendingRequests.java:sendNotLeaderResponses(249)) - 34a5109f-6b66-4541-bda1-cf9f603884f1@group-255C1F3169F8-PendingRequests: sendNotLeaderResponses
2021-04-26 08:57:47,510 [Listener at 127.0.0.1/35725] INFO  metrics.RatisMetrics (RatisMetrics.java:unregister(43)) - Unregistering Metrics Registry : ratis.log_appender.34a5109f-6b66-4541-bda1-cf9f603884f1@group-255C1F3169F8
2021-04-26 08:57:47,510 [Listener at 127.0.0.1/35725] INFO  metrics.RatisMetrics (RatisMetrics.java:unregister(43)) - Unregistering Metrics Registry : ratis.server.34a5109f-6b66-4541-bda1-cf9f603884f1@group-255C1F3169F8
2021-04-26 08:57:47,511 [Listener at 127.0.0.1/35725] INFO  impl.StateMachineUpdater (StateMachineUpdater.java:stopAndJoin(149)) - 34a5109f-6b66-4541-bda1-cf9f603884f1@group-255C1F3169F8-StateMachineUpdater: set stopIndex = 0
2021-04-26 08:57:47,512 [34a5109f-6b66-4541-bda1-cf9f603884f1@group-255C1F3169F8-StateMachineUpdater] INFO  ratis.ContainerStateMachine (ContainerStateMachine.java:takeSnapshot(292)) - group-255C1F3169F8: Taking a snapshot at:(t:1, i:0) file /github/workspace/mnt/ozone/hadoop-ozone/integration-test/target/test-dir/MiniOzoneClusterImpl-80072cdf-ce72-42fa-91c0-6b866cc407f5/datanode-5/data/ratis/071e8e92-d1f3-4c74-bd30-255c1f3169f8/sm/snapshot.1_0
2021-04-26 08:57:47,512 [5dc8370d-b6a9-4413-93cd-e6395a769e0f@group-BD40FA57DBCA-StateMachineUpdater] INFO  ratis.ContainerStateMachine (ContainerStateMachine.java:takeSnapshot(303)) - group-BD40FA57DBCA: Finished taking a snapshot at:(t:1, i:0) file:/github/workspace/mnt/ozone/hadoop-ozone/integration-test/target/test-dir/MiniOzoneClusterImpl-80072cdf-ce72-42fa-91c0-6b866cc407f5/datanode-3/data/ratis/f5973e21-d96d-435b-a92d-bd40fa57dbca/sm/snapshot.1_0 took: 6 ms
2021-04-26 08:57:47,512 [5dc8370d-b6a9-4413-93cd-e6395a769e0f@group-BD40FA57DBCA-StateMachineUpdater] INFO  impl.StateMachineUpdater (StateMachineUpdater.java:takeSnapshot(281)) - 5dc8370d-b6a9-4413-93cd-e6395a769e0f@group-BD40FA57DBCA-StateMachineUpdater: Took a snapshot at index 0
2021-04-26 08:57:47,512 [5dc8370d-b6a9-4413-93cd-e6395a769e0f@group-BD40FA57DBCA-StateMachineUpdater] INFO  impl.StateMachineUpdater (StateMachineUpdater.java:lambda$new$0(89)) - 5dc8370d-b6a9-4413-93cd-e6395a769e0f@group-BD40FA57DBCA-StateMachineUpdater: snapshotIndex: updateIncreasingly -1 -> 0
2021-04-26 08:57:47,512 [5dc8370d-b6a9-4413-93cd-e6395a769e0f@group-BD40FA57DBCA-StateMachineUpdater] INFO  metrics.RatisMetrics (RatisMetrics.java:unregister(43)) - Unregistering Metrics Registry : ratis.state_machine.5dc8370d-b6a9-4413-93cd-e6395a769e0f@group-BD40FA57DBCA
2021-04-26 08:57:47,512 [ForkJoinPool.commonPool-worker-1] INFO  server.RaftServer$Division (ServerState.java:close(405)) - 5dc8370d-b6a9-4413-93cd-e6395a769e0f@group-BD40FA57DBCA: closes. applyIndex: 0
2021-04-26 08:57:47,512 [5dc8370d-b6a9-4413-93cd-e6395a769e0f@group-BD40FA57DBCA-SegmentedRaftLogWorker] INFO  segmented.SegmentedRaftLogWorker (SegmentedRaftLogWorker.java:run(327)) - 5dc8370d-b6a9-4413-93cd-e6395a769e0f@group-BD40FA57DBCA-SegmentedRaftLogWorker was interrupted, exiting. There are 0 tasks remaining in the queue.
2021-04-26 08:57:47,513 [34a5109f-6b66-4541-bda1-cf9f603884f1@group-255C1F3169F8-StateMachineUpdater] INFO  ratis.ContainerStateMachine (ContainerStateMachine.java:takeSnapshot(303)) - group-255C1F3169F8: Finished taking a snapshot at:(t:1, i:0) file:/github/workspace/mnt/ozone/hadoop-ozone/integration-test/target/test-dir/MiniOzoneClusterImpl-80072cdf-ce72-42fa-91c0-6b866cc407f5/datanode-5/data/ratis/071e8e92-d1f3-4c74-bd30-255c1f3169f8/sm/snapshot.1_0 took: 1 ms
2021-04-26 08:57:47,516 [34a5109f-6b66-4541-bda1-cf9f603884f1@group-255C1F3169F8-StateMachineUpdater] INFO  impl.StateMachineUpdater (StateMachineUpdater.java:takeSnapshot(281)) - 34a5109f-6b66-4541-bda1-cf9f603884f1@group-255C1F3169F8-StateMachineUpdater: Took a snapshot at index 0
2021-04-26 08:57:47,516 [34a5109f-6b66-4541-bda1-cf9f603884f1@group-255C1F3169F8-StateMachineUpdater] INFO  impl.StateMachineUpdater (StateMachineUpdater.java:lambda$new$0(89)) - 34a5109f-6b66-4541-bda1-cf9f603884f1@group-255C1F3169F8-StateMachineUpdater: snapshotIndex: updateIncreasingly -1 -> 0
2021-04-26 08:57:47,518 [34a5109f-6b66-4541-bda1-cf9f603884f1@group-255C1F3169F8-StateMachineUpdater] INFO  metrics.RatisMetrics (RatisMetrics.java:unregister(43)) - Unregistering Metrics Registry : ratis.state_machine.34a5109f-6b66-4541-bda1-cf9f603884f1@group-255C1F3169F8
2021-04-26 08:57:47,519 [Listener at 127.0.0.1/35725] INFO  server.RaftServer$Division (ServerState.java:close(405)) - 34a5109f-6b66-4541-bda1-cf9f603884f1@group-255C1F3169F8: closes. applyIndex: 0
2021-04-26 08:57:47,519 [34a5109f-6b66-4541-bda1-cf9f603884f1@group-255C1F3169F8-SegmentedRaftLogWorker] INFO  segmented.SegmentedRaftLogWorker (SegmentedRaftLogWorker.java:run(327)) - 34a5109f-6b66-4541-bda1-cf9f603884f1@group-255C1F3169F8-SegmentedRaftLogWorker was interrupted, exiting. There are 0 tasks remaining in the queue.
2021-04-26 08:57:47,519 [ForkJoinPool.commonPool-worker-1] INFO  segmented.SegmentedRaftLogWorker (SegmentedRaftLogWorker.java:close(237)) - 5dc8370d-b6a9-4413-93cd-e6395a769e0f@group-BD40FA57DBCA-SegmentedRaftLogWorker close()
2021-04-26 08:57:47,521 [Listener at 127.0.0.1/35725] INFO  segmented.SegmentedRaftLogWorker (SegmentedRaftLogWorker.java:close(237)) - 34a5109f-6b66-4541-bda1-cf9f603884f1@group-255C1F3169F8-SegmentedRaftLogWorker close()
2021-04-26 08:57:47,532 [ForkJoinPool.commonPool-worker-1] INFO  metrics.RatisMetrics (RatisMetrics.java:unregister(43)) - Unregistering Metrics Registry : ratis.log_worker.5dc8370d-b6a9-4413-93cd-e6395a769e0f@group-BD40FA57DBCA
2021-04-26 08:57:47,532 [ForkJoinPool.commonPool-worker-1] INFO  metrics.RatisMetrics (RatisMetrics.java:unregister(43)) - Unregistering Metrics Registry : ratis.leader_election.5dc8370d-b6a9-4413-93cd-e6395a769e0f@group-BD40FA57DBCA
2021-04-26 08:57:47,533 [ForkJoinPool.commonPool-worker-1] INFO  metrics.RatisMetrics (RatisMetrics.java:unregister(43)) - Unregistering Metrics Registry : ratis.server.5dc8370d-b6a9-4413-93cd-e6395a769e0f@group-BD40FA57DBCA
2021-04-26 08:57:47,533 [ForkJoinPool.commonPool-worker-1] INFO  server.RaftServer$Division (RaftServerImpl.java:lambda$close$4(406)) - 5dc8370d-b6a9-4413-93cd-e6395a769e0f@group-433C05CE339E: shutdown
2021-04-26 08:57:47,533 [ForkJoinPool.commonPool-worker-1] INFO  util.JmxRegister (JmxRegister.java:unregister(73)) - Successfully un-registered JMX Bean with object name Ratis:service=RaftServer,group=group-433C05CE339E,id=5dc8370d-b6a9-4413-93cd-e6395a769e0f
2021-04-26 08:57:47,533 [ForkJoinPool.commonPool-worker-1] INFO  impl.RoleInfo (RoleInfo.java:shutdownLeaderState(91)) - 5dc8370d-b6a9-4413-93cd-e6395a769e0f: shutdown 5dc8370d-b6a9-4413-93cd-e6395a769e0f@group-433C05CE339E-LeaderStateImpl
2021-04-26 08:57:47,533 [ForkJoinPool.commonPool-worker-1] INFO  metrics.RatisMetrics (RatisMetrics.java:unregister(43)) - Unregistering Metrics Registry : ratis_grpc.log_appender.5dc8370d-b6a9-4413-93cd-e6395a769e0f@group-433C05CE339E
2021-04-26 08:57:47,533 [ForkJoinPool.commonPool-worker-1] INFO  metrics.RatisMetrics (RatisMetrics.java:unregister(43)) - Unregistering Metrics Registry : ratis_grpc.log_appender.5dc8370d-b6a9-4413-93cd-e6395a769e0f@group-433C05CE339E
2021-04-26 08:57:47,533 [ForkJoinPool.commonPool-worker-1] INFO  impl.PendingRequests (PendingRequests.java:sendNotLeaderResponses(249)) - 5dc8370d-b6a9-4413-93cd-e6395a769e0f@group-433C05CE339E-PendingRequests: sendNotLeaderResponses
2021-04-26 08:57:47,533 [ForkJoinPool.commonPool-worker-1] INFO  metrics.RatisMetrics (RatisMetrics.java:unregister(43)) - Unregistering Metrics Registry : ratis.log_appender.5dc8370d-b6a9-4413-93cd-e6395a769e0f@group-433C05CE339E
2021-04-26 08:57:47,533 [ForkJoinPool.commonPool-worker-1] INFO  metrics.RatisMetrics (RatisMetrics.java:unregister(43)) - Unregistering Metrics Registry : ratis.server.5dc8370d-b6a9-4413-93cd-e6395a769e0f@group-433C05CE339E
2021-04-26 08:57:47,535 [ForkJoinPool.commonPool-worker-1] INFO  impl.StateMachineUpdater (StateMachineUpdater.java:stopAndJoin(149)) - 5dc8370d-b6a9-4413-93cd-e6395a769e0f@group-433C05CE339E-StateMachineUpdater: set stopIndex = 0
2021-04-26 08:57:47,536 [5dc8370d-b6a9-4413-93cd-e6395a769e0f@group-433C05CE339E-StateMachineUpdater] INFO  ratis.ContainerStateMachine (ContainerStateMachine.java:takeSnapshot(292)) - group-433C05CE339E: Taking a snapshot at:(t:1, i:0) file /github/workspace/mnt/ozone/hadoop-ozone/integration-test/target/test-dir/MiniOzoneClusterImpl-80072cdf-ce72-42fa-91c0-6b866cc407f5/datanode-3/data/ratis/12f0eccc-1931-4064-b0f0-433c05ce339e/sm/snapshot.1_0
2021-04-26 08:57:47,536 [5dc8370d-b6a9-4413-93cd-e6395a769e0f@group-433C05CE339E->34a5109f-6b66-4541-bda1-cf9f603884f1-GrpcLogAppender-LogAppenderDaemon] WARN  server.GrpcLogAppender (GrpcLogAppender.java:mayWait(175)) - 5dc8370d-b6a9-4413-93cd-e6395a769e0f@group-433C05CE339E->34a5109f-6b66-4541-bda1-cf9f603884f1-GrpcLogAppender: Wait interrupted by java.lang.InterruptedException
2021-04-26 08:57:47,537 [5dc8370d-b6a9-4413-93cd-e6395a769e0f@group-433C05CE339E-StateMachineUpdater] INFO  ratis.ContainerStateMachine (ContainerStateMachine.java:takeSnapshot(303)) - group-433C05CE339E: Finished taking a snapshot at:(t:1, i:0) file:/github/workspace/mnt/ozone/hadoop-ozone/integration-test/target/test-dir/MiniOzoneClusterImpl-80072cdf-ce72-42fa-91c0-6b866cc407f5/datanode-3/data/ratis/12f0eccc-1931-4064-b0f0-433c05ce339e/sm/snapshot.1_0 took: 2 ms
2021-04-26 08:57:47,538 [grpc-default-executor-2] INFO  server.GrpcServerProtocolService (GrpcServerProtocolService.java:onCompleted(140)) - 34a5109f-6b66-4541-bda1-cf9f603884f1: Completed APPEND_ENTRIES, lastRequest: 5dc8370d-b6a9-4413-93cd-e6395a769e0f->34a5109f-6b66-4541-bda1-cf9f603884f1#1-t1,previous=(t:0, i:0),leaderCommit=0,initializing? true,entries: size=1, first=(t:1, i:0), CONFIGURATIONENTRY
2021-04-26 08:57:47,538 [5dc8370d-b6a9-4413-93cd-e6395a769e0f@group-433C05CE339E-StateMachineUpdater] INFO  impl.StateMachineUpdater (StateMachineUpdater.java:takeSnapshot(281)) - 5dc8370d-b6a9-4413-93cd-e6395a769e0f@group-433C05CE339E-StateMachineUpdater: Took a snapshot at index 0
2021-04-26 08:57:47,538 [5dc8370d-b6a9-4413-93cd-e6395a769e0f@group-433C05CE339E-StateMachineUpdater] INFO  impl.StateMachineUpdater (StateMachineUpdater.java:lambda$new$0(89)) - 5dc8370d-b6a9-4413-93cd-e6395a769e0f@group-433C05CE339E-StateMachineUpdater: snapshotIndex: updateIncreasingly -1 -> 0
2021-04-26 08:57:47,538 [5dc8370d-b6a9-4413-93cd-e6395a769e0f@group-433C05CE339E-StateMachineUpdater] INFO  metrics.RatisMetrics (RatisMetrics.java:unregister(43)) - Unregistering Metrics Registry : ratis.state_machine.5dc8370d-b6a9-4413-93cd-e6395a769e0f@group-433C05CE339E
2021-04-26 08:57:47,538 [ForkJoinPool.commonPool-worker-1] INFO  server.RaftServer$Division (ServerState.java:close(405)) - 5dc8370d-b6a9-4413-93cd-e6395a769e0f@group-433C05CE339E: closes. applyIndex: 0
2021-04-26 08:57:47,539 [5dc8370d-b6a9-4413-93cd-e6395a769e0f@group-433C05CE339E-SegmentedRaftLogWorker] INFO  segmented.SegmentedRaftLogWorker (SegmentedRaftLogWorker.java:run(327)) - 5dc8370d-b6a9-4413-93cd-e6395a769e0f@group-433C05CE339E-SegmentedRaftLogWorker was interrupted, exiting. There are 0 tasks remaining in the queue.
2021-04-26 08:57:47,541 [grpc-default-executor-1] INFO  server.GrpcLogAppender (GrpcLogAppender.java:onCompleted(344)) - 5dc8370d-b6a9-4413-93cd-e6395a769e0f@group-433C05CE339E->34a5109f-6b66-4541-bda1-cf9f603884f1-AppendLogResponseHandler: follower responses appendEntries COMPLETED
2021-04-26 08:57:47,541 [grpc-default-executor-1] INFO  leader.FollowerInfo (FollowerInfoImpl.java:lambda$new$0(46)) - 5dc8370d-b6a9-4413-93cd-e6395a769e0f@group-433C05CE339E->34a5109f-6b66-4541-bda1-cf9f603884f1: nextIndex: updateUnconditionally 1 -> 0
2021-04-26 08:57:47,542 [Listener at 127.0.0.1/35725] INFO  metrics.RatisMetrics (RatisMetrics.java:unregister(43)) - Unregistering Metrics Registry : ratis.log_worker.34a5109f-6b66-4541-bda1-cf9f603884f1@group-255C1F3169F8
2021-04-26 08:57:47,542 [Listener at 127.0.0.1/35725] INFO  metrics.RatisMetrics (RatisMetrics.java:unregister(43)) - Unregistering Metrics Registry : ratis.leader_election.34a5109f-6b66-4541-bda1-cf9f603884f1@group-255C1F3169F8
2021-04-26 08:57:47,542 [Listener at 127.0.0.1/35725] INFO  metrics.RatisMetrics (RatisMetrics.java:unregister(43)) - Unregistering Metrics Registry : ratis.server.34a5109f-6b66-4541-bda1-cf9f603884f1@group-255C1F3169F8
2021-04-26 08:57:47,542 [Listener at 127.0.0.1/35725] INFO  server.GrpcService (GrpcService.java:closeImpl(262)) - 34a5109f-6b66-4541-bda1-cf9f603884f1: shutdown server with port 38029 now
2021-04-26 08:57:47,546 [ForkJoinPool.commonPool-worker-1] INFO  segmented.SegmentedRaftLogWorker (SegmentedRaftLogWorker.java:close(237)) - 5dc8370d-b6a9-4413-93cd-e6395a769e0f@group-433C05CE339E-SegmentedRaftLogWorker close()
2021-04-26 08:57:47,547 [Listener at 127.0.0.1/35725] INFO  server.GrpcService (GrpcService.java:closeImpl(271)) - 34a5109f-6b66-4541-bda1-cf9f603884f1: shutdown server with port 38029 successfully
2021-04-26 08:57:47,548 [org.apache.ratis.util.JvmPauseMonitor$$Lambda$504/221029289@3dbc9098] INFO  util.JvmPauseMonitor (JvmPauseMonitor.java:run(109)) - JvmPauseMonitor-34a5109f-6b66-4541-bda1-cf9f603884f1: Stopped
2021-04-26 08:57:47,549 [Listener at 127.0.0.1/35725] INFO  utils.BackgroundService (BackgroundService.java:shutdown(132)) - Shutting down service BlockDeletingService
2021-04-26 08:57:47,554 [ForkJoinPool.commonPool-worker-1] INFO  metrics.RatisMetrics (RatisMetrics.java:unregister(43)) - Unregistering Metrics Registry : ratis.log_worker.5dc8370d-b6a9-4413-93cd-e6395a769e0f@group-433C05CE339E
2021-04-26 08:57:47,554 [ForkJoinPool.commonPool-worker-1] INFO  metrics.RatisMetrics (RatisMetrics.java:unregister(43)) - Unregistering Metrics Registry : ratis.leader_election.5dc8370d-b6a9-4413-93cd-e6395a769e0f@group-433C05CE339E
2021-04-26 08:57:47,554 [ForkJoinPool.commonPool-worker-1] INFO  metrics.RatisMetrics (RatisMetrics.java:unregister(43)) - Unregistering Metrics Registry : ratis.server.5dc8370d-b6a9-4413-93cd-e6395a769e0f@group-433C05CE339E
2021-04-26 08:57:47,554 [ForkJoinPool.commonPool-worker-1] INFO  server.GrpcService (GrpcService.java:closeImpl(262)) - 5dc8370d-b6a9-4413-93cd-e6395a769e0f: shutdown server with port 46721 now
2021-04-26 08:57:47,554 [Listener at 127.0.0.1/35725] INFO  statemachine.DatanodeStateMachine (DatanodeStateMachine.java:stopDaemon(469)) - Ozone container server stopped.
2021-04-26 08:57:47,558 [ForkJoinPool.commonPool-worker-1] INFO  server.GrpcService (GrpcService.java:closeImpl(271)) - 5dc8370d-b6a9-4413-93cd-e6395a769e0f: shutdown server with port 46721 successfully
2021-04-26 08:57:47,558 [org.apache.ratis.util.JvmPauseMonitor$$Lambda$504/221029289@432a8c88] INFO  util.JvmPauseMonitor (JvmPauseMonitor.java:run(109)) - JvmPauseMonitor-5dc8370d-b6a9-4413-93cd-e6395a769e0f: Stopped
2021-04-26 08:57:47,560 [ForkJoinPool.commonPool-worker-1] INFO  utils.BackgroundService (BackgroundService.java:shutdown(132)) - Shutting down service BlockDeletingService
2021-04-26 08:57:47,567 [ForkJoinPool.commonPool-worker-1] INFO  statemachine.DatanodeStateMachine (DatanodeStateMachine.java:stopDaemon(469)) - Ozone container server stopped.
2021-04-26 08:57:47,581 [Listener at 127.0.0.1/35725] INFO  handler.ContextHandler (ContextHandler.java:doStop(1154)) - Stopped o.e.j.w.WebAppContext@67a842b1{hddsDatanode,/,null,STOPPED}{jar:file:/home/user/.m2/repository/org/apache/hadoop/hadoop-hdds-container-service/1.2.0-SNAPSHOT/hadoop-hdds-container-service-1.2.0-SNAPSHOT.jar!/webapps/hddsDatanode}
2021-04-26 08:57:47,581 [Listener at 127.0.0.1/35725] INFO  server.AbstractConnector (AbstractConnector.java:doStop(381)) - Stopped ServerConnector@4daaad61{HTTP/1.1, (http/1.1)}{0.0.0.0:0}
2021-04-26 08:57:47,581 [Listener at 127.0.0.1/35725] INFO  server.session (HouseKeeper.java:stopScavenging(149)) - node0 Stopped scavenging
2021-04-26 08:57:47,582 [Listener at 127.0.0.1/35725] INFO  handler.ContextHandler (ContextHandler.java:doStop(1154)) - Stopped o.e.j.s.ServletContextHandler@5ec3661f{static,/static,jar:file:/home/user/.m2/repository/org/apache/hadoop/hadoop-hdds-container-service/1.2.0-SNAPSHOT/hadoop-hdds-container-service-1.2.0-SNAPSHOT.jar!/webapps/static,STOPPED}
2021-04-26 08:57:47,582 [Listener at 127.0.0.1/35725] INFO  handler.ContextHandler (ContextHandler.java:doStop(1154)) - Stopped o.e.j.s.ServletContextHandler@79b0128d{logs,/logs,file:///github/workspace/mnt/ozone/hadoop-ozone/integration-test/target/log,STOPPED}
2021-04-26 08:57:47,585 [ForkJoinPool.commonPool-worker-1] INFO  handler.ContextHandler (ContextHandler.java:doStop(1154)) - Stopped o.e.j.w.WebAppContext@4b6d894d{hddsDatanode,/,null,STOPPED}{jar:file:/home/user/.m2/repository/org/apache/hadoop/hadoop-hdds-container-service/1.2.0-SNAPSHOT/hadoop-hdds-container-service-1.2.0-SNAPSHOT.jar!/webapps/hddsDatanode}
2021-04-26 08:57:47,586 [ForkJoinPool.commonPool-worker-1] INFO  server.AbstractConnector (AbstractConnector.java:doStop(381)) - Stopped ServerConnector@77187c70{HTTP/1.1, (http/1.1)}{0.0.0.0:0}
2021-04-26 08:57:47,586 [ForkJoinPool.commonPool-worker-1] INFO  server.session (HouseKeeper.java:stopScavenging(149)) - node0 Stopped scavenging
2021-04-26 08:57:47,587 [ForkJoinPool.commonPool-worker-1] INFO  handler.ContextHandler (ContextHandler.java:doStop(1154)) - Stopped o.e.j.s.ServletContextHandler@78f28dbb{static,/static,jar:file:/home/user/.m2/repository/org/apache/hadoop/hadoop-hdds-container-service/1.2.0-SNAPSHOT/hadoop-hdds-container-service-1.2.0-SNAPSHOT.jar!/webapps/static,STOPPED}
2021-04-26 08:57:47,587 [ForkJoinPool.commonPool-worker-1] INFO  handler.ContextHandler (ContextHandler.java:doStop(1154)) - Stopped o.e.j.s.ServletContextHandler@4926f6d6{logs,/logs,file:///github/workspace/mnt/ozone/hadoop-ozone/integration-test/target/log,STOPPED}
2021-04-26 08:57:47,649 [Datanode State Machine Thread - 0] INFO  statemachine.DatanodeStateMachine (DatanodeStateMachine.java:lambda$startDaemon$0(411)) - Ozone container server started.
2021-04-26 08:57:47,786 [Datanode State Machine Thread - 0] INFO  statemachine.DatanodeStateMachine (DatanodeStateMachine.java:lambda$startDaemon$0(411)) - Ozone container server started.
2021-04-26 08:57:48,299 [grpc-default-executor-1] WARN  server.GrpcLogAppender (LogUtils.java:warn(122)) - 5dce0fb0-fe11-4d63-8819-9c36ac88e0b4@group-4777C1971FFE->13dc8373-51b3-40e2-8cf0-22ac5417d2f8-AppendLogResponseHandler: Failed appendEntries: org.apache.ratis.thirdparty.io.grpc.StatusRuntimeException: UNAVAILABLE: io exception
2021-04-26 08:57:48,299 [grpc-default-executor-1] WARN  server.GrpcLogAppender (GrpcLogAppender.java:resetClient(111)) - 5dce0fb0-fe11-4d63-8819-9c36ac88e0b4@group-4777C1971FFE->13dc8373-51b3-40e2-8cf0-22ac5417d2f8-GrpcLogAppender: Leader has not got in touch with Follower 5dce0fb0-fe11-4d63-8819-9c36ac88e0b4@group-4777C1971FFE->13dc8373-51b3-40e2-8cf0-22ac5417d2f8(c-1,m0,n1, attendVote=true, lastRpcSendTime=2501, lastRpcResponseTime=7713) yet, just keep nextIndex unchanged and retry.
2021-04-26 08:57:50,800 [grpc-default-executor-1] WARN  server.GrpcLogAppender (LogUtils.java:warn(122)) - 5dce0fb0-fe11-4d63-8819-9c36ac88e0b4@group-4777C1971FFE->13dc8373-51b3-40e2-8cf0-22ac5417d2f8-AppendLogResponseHandler: Failed appendEntries: org.apache.ratis.thirdparty.io.grpc.StatusRuntimeException: UNAVAILABLE: io exception
2021-04-26 08:57:50,801 [grpc-default-executor-1] WARN  server.GrpcLogAppender (GrpcLogAppender.java:resetClient(111)) - 5dce0fb0-fe11-4d63-8819-9c36ac88e0b4@group-4777C1971FFE->13dc8373-51b3-40e2-8cf0-22ac5417d2f8-GrpcLogAppender: Leader has not got in touch with Follower 5dce0fb0-fe11-4d63-8819-9c36ac88e0b4@group-4777C1971FFE->13dc8373-51b3-40e2-8cf0-22ac5417d2f8(c-1,m0,n1, attendVote=true, lastRpcSendTime=0, lastRpcResponseTime=10215) yet, just keep nextIndex unchanged and retry.
2021-04-26 08:57:51,007 [5dce0fb0-fe11-4d63-8819-9c36ac88e0b4@group-4777C1971FFE-LeaderStateImpl] INFO  server.RaftServer$Division (LeaderStateImpl.java:yieldLeaderToHigherPriorityPeer(900)) - 5dce0fb0-fe11-4d63-8819-9c36ac88e0b4@group-4777C1971FFE-LeaderStateImpl send StartLeaderElectionRequest to follower:13dc8373-51b3-40e2-8cf0-22ac5417d2f8 on term:6 because follower's priority:1 is higher than leader's:0 and follower's lastEntry index:0 catch up with leader's:0
2021-04-26 08:57:52,583 [Listener at 127.0.0.1/35725] INFO  ozoneimpl.OzoneContainer (OzoneContainer.java:stop(313)) - Attempting to stop container services.
2021-04-26 08:57:52,584 [Listener at 127.0.0.1/35725] INFO  server.RaftServer (RaftServerProxy.java:lambda$close$6(391)) - bdd1f724-d5b6-4784-ba93-1388b38fcec3: close
2021-04-26 08:57:52,584 [Listener at 127.0.0.1/35725] INFO  server.RaftServer$Division (RaftServerImpl.java:lambda$close$4(406)) - bdd1f724-d5b6-4784-ba93-1388b38fcec3@group-E9E2C6A009D3: shutdown
2021-04-26 08:57:52,584 [Listener at 127.0.0.1/35725] INFO  util.JmxRegister (JmxRegister.java:unregister(73)) - Successfully un-registered JMX Bean with object name Ratis:service=RaftServer,group=group-E9E2C6A009D3,id=bdd1f724-d5b6-4784-ba93-1388b38fcec3
2021-04-26 08:57:52,585 [Listener at 127.0.0.1/35725] INFO  impl.RoleInfo (RoleInfo.java:shutdownLeaderState(91)) - bdd1f724-d5b6-4784-ba93-1388b38fcec3: shutdown bdd1f724-d5b6-4784-ba93-1388b38fcec3@group-E9E2C6A009D3-LeaderStateImpl
2021-04-26 08:57:52,585 [Listener at 127.0.0.1/35725] INFO  metrics.RatisMetrics (RatisMetrics.java:unregister(43)) - Unregistering Metrics Registry : ratis_grpc.log_appender.bdd1f724-d5b6-4784-ba93-1388b38fcec3@group-E9E2C6A009D3
2021-04-26 08:57:52,585 [Listener at 127.0.0.1/35725] INFO  metrics.RatisMetrics (RatisMetrics.java:unregister(43)) - Unregistering Metrics Registry : ratis_grpc.log_appender.bdd1f724-d5b6-4784-ba93-1388b38fcec3@group-E9E2C6A009D3
2021-04-26 08:57:52,585 [bdd1f724-d5b6-4784-ba93-1388b38fcec3@group-E9E2C6A009D3->54deb671-31b1-41db-855f-b4cb6a4dc3be-GrpcLogAppender-LogAppenderDaemon] WARN  server.GrpcLogAppender (GrpcLogAppender.java:mayWait(175)) - bdd1f724-d5b6-4784-ba93-1388b38fcec3@group-E9E2C6A009D3->54deb671-31b1-41db-855f-b4cb6a4dc3be-GrpcLogAppender: Wait interrupted by java.lang.InterruptedException
2021-04-26 08:57:52,585 [bdd1f724-d5b6-4784-ba93-1388b38fcec3@group-E9E2C6A009D3->4b08603e-a2c1-4ef0-b5a8-ac91ab9d3d00-GrpcLogAppender-LogAppenderDaemon] WARN  server.GrpcLogAppender (GrpcLogAppender.java:mayWait(175)) - bdd1f724-d5b6-4784-ba93-1388b38fcec3@group-E9E2C6A009D3->4b08603e-a2c1-4ef0-b5a8-ac91ab9d3d00-GrpcLogAppender: Wait interrupted by java.lang.InterruptedException
2021-04-26 08:57:52,586 [grpc-default-executor-1] INFO  server.GrpcServerProtocolService (GrpcServerProtocolService.java:onCompleted(140)) - 54deb671-31b1-41db-855f-b4cb6a4dc3be: Completed APPEND_ENTRIES, lastRequest: bdd1f724-d5b6-4784-ba93-1388b38fcec3->54deb671-31b1-41db-855f-b4cb6a4dc3be#1-t1,previous=(t:0, i:0),leaderCommit=0,initializing? true,entries: size=1, first=(t:1, i:0), CONFIGURATIONENTRY
2021-04-26 08:57:52,586 [grpc-default-executor-2] INFO  server.GrpcServerProtocolService (GrpcServerProtocolService.java:onCompleted(140)) - 4b08603e-a2c1-4ef0-b5a8-ac91ab9d3d00: Completed APPEND_ENTRIES, lastRequest: bdd1f724-d5b6-4784-ba93-1388b38fcec3->4b08603e-a2c1-4ef0-b5a8-ac91ab9d3d00#1-t1,previous=(t:0, i:0),leaderCommit=0,initializing? true,entries: size=1, first=(t:1, i:0), CONFIGURATIONENTRY
2021-04-26 08:57:52,587 [grpc-default-executor-4] INFO  server.GrpcLogAppender (GrpcLogAppender.java:onCompleted(344)) - bdd1f724-d5b6-4784-ba93-1388b38fcec3@group-E9E2C6A009D3->4b08603e-a2c1-4ef0-b5a8-ac91ab9d3d00-AppendLogResponseHandler: follower responses appendEntries COMPLETED
2021-04-26 08:57:52,587 [grpc-default-executor-4] INFO  leader.FollowerInfo (FollowerInfoImpl.java:lambda$new$0(46)) - bdd1f724-d5b6-4784-ba93-1388b38fcec3@group-E9E2C6A009D3->4b08603e-a2c1-4ef0-b5a8-ac91ab9d3d00: nextIndex: updateUnconditionally 1 -> 0
2021-04-26 08:57:52,587 [grpc-default-executor-4] INFO  server.GrpcLogAppender (GrpcLogAppender.java:onCompleted(344)) - bdd1f724-d5b6-4784-ba93-1388b38fcec3@group-E9E2C6A009D3->54deb671-31b1-41db-855f-b4cb6a4dc3be-AppendLogResponseHandler: follower responses appendEntries COMPLETED
2021-04-26 08:57:52,588 [grpc-default-executor-4] INFO  leader.FollowerInfo (FollowerInfoImpl.java:lambda$new$0(46)) - bdd1f724-d5b6-4784-ba93-1388b38fcec3@group-E9E2C6A009D3->54deb671-31b1-41db-855f-b4cb6a4dc3be: nextIndex: updateUnconditionally 1 -> 0
2021-04-26 08:57:52,589 [ForkJoinPool.commonPool-worker-1] INFO  ozoneimpl.OzoneContainer (OzoneContainer.java:stop(313)) - Attempting to stop container services.
2021-04-26 08:57:52,585 [Listener at 127.0.0.1/35725] INFO  impl.PendingRequests (PendingRequests.java:sendNotLeaderResponses(249)) - bdd1f724-d5b6-4784-ba93-1388b38fcec3@group-E9E2C6A009D3-PendingRequests: sendNotLeaderResponses
2021-04-26 08:57:52,589 [Listener at 127.0.0.1/35725] INFO  metrics.RatisMetrics (RatisMetrics.java:unregister(43)) - Unregistering Metrics Registry : ratis.log_appender.bdd1f724-d5b6-4784-ba93-1388b38fcec3@group-E9E2C6A009D3
2021-04-26 08:57:52,589 [Listener at 127.0.0.1/35725] INFO  metrics.RatisMetrics (RatisMetrics.java:unregister(43)) - Unregistering Metrics Registry : ratis.server.bdd1f724-d5b6-4784-ba93-1388b38fcec3@group-E9E2C6A009D3
2021-04-26 08:57:52,591 [ForkJoinPool.commonPool-worker-1] INFO  server.RaftServer (RaftServerProxy.java:lambda$close$6(391)) - 5dce0fb0-fe11-4d63-8819-9c36ac88e0b4: close
2021-04-26 08:57:52,591 [ForkJoinPool.commonPool-worker-1] INFO  server.RaftServer$Division (RaftServerImpl.java:lambda$close$4(406)) - 5dce0fb0-fe11-4d63-8819-9c36ac88e0b4@group-52ACEB09B551: shutdown
2021-04-26 08:57:52,592 [ForkJoinPool.commonPool-worker-1] INFO  util.JmxRegister (JmxRegister.java:unregister(73)) - Successfully un-registered JMX Bean with object name Ratis:service=RaftServer,group=group-52ACEB09B551,id=5dce0fb0-fe11-4d63-8819-9c36ac88e0b4
2021-04-26 08:57:52,592 [ForkJoinPool.commonPool-worker-1] INFO  impl.RoleInfo (RoleInfo.java:shutdownLeaderState(91)) - 5dce0fb0-fe11-4d63-8819-9c36ac88e0b4: shutdown 5dce0fb0-fe11-4d63-8819-9c36ac88e0b4@group-52ACEB09B551-LeaderStateImpl
2021-04-26 08:57:52,592 [bdd1f724-d5b6-4784-ba93-1388b38fcec3@group-E9E2C6A009D3-StateMachineUpdater] INFO  ratis.ContainerStateMachine (ContainerStateMachine.java:takeSnapshot(292)) - group-E9E2C6A009D3: Taking a snapshot at:(t:1, i:0) file /github/workspace/mnt/ozone/hadoop-ozone/integration-test/target/test-dir/MiniOzoneClusterImpl-80072cdf-ce72-42fa-91c0-6b866cc407f5/datanode-7/data/ratis/4b3b9e76-0a26-48c0-b439-e9e2c6a009d3/sm/snapshot.1_0
2021-04-26 08:57:52,592 [ForkJoinPool.commonPool-worker-1] INFO  impl.PendingRequests (PendingRequests.java:sendNotLeaderResponses(249)) - 5dce0fb0-fe11-4d63-8819-9c36ac88e0b4@group-52ACEB09B551-PendingRequests: sendNotLeaderResponses
2021-04-26 08:57:52,592 [ForkJoinPool.commonPool-worker-1] INFO  metrics.RatisMetrics (RatisMetrics.java:unregister(43)) - Unregistering Metrics Registry : ratis.log_appender.5dce0fb0-fe11-4d63-8819-9c36ac88e0b4@group-52ACEB09B551
2021-04-26 08:57:52,592 [ForkJoinPool.commonPool-worker-1] INFO  metrics.RatisMetrics (RatisMetrics.java:unregister(43)) - Unregistering Metrics Registry : ratis.server.5dce0fb0-fe11-4d63-8819-9c36ac88e0b4@group-52ACEB09B551
2021-04-26 08:57:52,593 [ForkJoinPool.commonPool-worker-1] INFO  impl.StateMachineUpdater (StateMachineUpdater.java:stopAndJoin(149)) - 5dce0fb0-fe11-4d63-8819-9c36ac88e0b4@group-52ACEB09B551-StateMachineUpdater: set stopIndex = 0
2021-04-26 08:57:52,593 [5dce0fb0-fe11-4d63-8819-9c36ac88e0b4@group-52ACEB09B551-StateMachineUpdater] INFO  ratis.ContainerStateMachine (ContainerStateMachine.java:takeSnapshot(292)) - group-52ACEB09B551: Taking a snapshot at:(t:1, i:0) file /github/workspace/mnt/ozone/hadoop-ozone/integration-test/target/test-dir/MiniOzoneClusterImpl-80072cdf-ce72-42fa-91c0-6b866cc407f5/datanode-0/data/ratis/21344cef-3128-4a67-8121-52aceb09b551/sm/snapshot.1_0
2021-04-26 08:57:52,594 [Listener at 127.0.0.1/35725] INFO  impl.StateMachineUpdater (StateMachineUpdater.java:stopAndJoin(149)) - bdd1f724-d5b6-4784-ba93-1388b38fcec3@group-E9E2C6A009D3-StateMachineUpdater: set stopIndex = 0
2021-04-26 08:57:52,595 [bdd1f724-d5b6-4784-ba93-1388b38fcec3@group-E9E2C6A009D3-StateMachineUpdater] INFO  ratis.ContainerStateMachine (ContainerStateMachine.java:takeSnapshot(303)) - group-E9E2C6A009D3: Finished taking a snapshot at:(t:1, i:0) file:/github/workspace/mnt/ozone/hadoop-ozone/integration-test/target/test-dir/MiniOzoneClusterImpl-80072cdf-ce72-42fa-91c0-6b866cc407f5/datanode-7/data/ratis/4b3b9e76-0a26-48c0-b439-e9e2c6a009d3/sm/snapshot.1_0 took: 3 ms
2021-04-26 08:57:52,595 [bdd1f724-d5b6-4784-ba93-1388b38fcec3@group-E9E2C6A009D3-StateMachineUpdater] INFO  impl.StateMachineUpdater (StateMachineUpdater.java:takeSnapshot(281)) - bdd1f724-d5b6-4784-ba93-1388b38fcec3@group-E9E2C6A009D3-StateMachineUpdater: Took a snapshot at index 0
2021-04-26 08:57:52,595 [bdd1f724-d5b6-4784-ba93-1388b38fcec3@group-E9E2C6A009D3-StateMachineUpdater] INFO  impl.StateMachineUpdater (StateMachineUpdater.java:lambda$new$0(89)) - bdd1f724-d5b6-4784-ba93-1388b38fcec3@group-E9E2C6A009D3-StateMachineUpdater: snapshotIndex: updateIncreasingly -1 -> 0
2021-04-26 08:57:52,595 [bdd1f724-d5b6-4784-ba93-1388b38fcec3@group-E9E2C6A009D3-StateMachineUpdater] INFO  metrics.RatisMetrics (RatisMetrics.java:unregister(43)) - Unregistering Metrics Registry : ratis.state_machine.bdd1f724-d5b6-4784-ba93-1388b38fcec3@group-E9E2C6A009D3
2021-04-26 08:57:52,595 [Listener at 127.0.0.1/35725] INFO  server.RaftServer$Division (ServerState.java:close(405)) - bdd1f724-d5b6-4784-ba93-1388b38fcec3@group-E9E2C6A009D3: closes. applyIndex: 0
2021-04-26 08:57:52,596 [bdd1f724-d5b6-4784-ba93-1388b38fcec3@group-E9E2C6A009D3-SegmentedRaftLogWorker] INFO  segmented.SegmentedRaftLogWorker (SegmentedRaftLogWorker.java:run(327)) - bdd1f724-d5b6-4784-ba93-1388b38fcec3@group-E9E2C6A009D3-SegmentedRaftLogWorker was interrupted, exiting. There are 0 tasks remaining in the queue.
2021-04-26 08:57:52,598 [5dce0fb0-fe11-4d63-8819-9c36ac88e0b4@group-52ACEB09B551-StateMachineUpdater] INFO  ratis.ContainerStateMachine (ContainerStateMachine.java:takeSnapshot(303)) - group-52ACEB09B551: Finished taking a snapshot at:(t:1, i:0) file:/github/workspace/mnt/ozone/hadoop-ozone/integration-test/target/test-dir/MiniOzoneClusterImpl-80072cdf-ce72-42fa-91c0-6b866cc407f5/datanode-0/data/ratis/21344cef-3128-4a67-8121-52aceb09b551/sm/snapshot.1_0 took: 5 ms
2021-04-26 08:57:52,598 [5dce0fb0-fe11-4d63-8819-9c36ac88e0b4@group-52ACEB09B551-StateMachineUpdater] INFO  impl.StateMachineUpdater (StateMachineUpdater.java:takeSnapshot(281)) - 5dce0fb0-fe11-4d63-8819-9c36ac88e0b4@group-52ACEB09B551-StateMachineUpdater: Took a snapshot at index 0
2021-04-26 08:57:52,598 [5dce0fb0-fe11-4d63-8819-9c36ac88e0b4@group-52ACEB09B551-StateMachineUpdater] INFO  impl.StateMachineUpdater (StateMachineUpdater.java:lambda$new$0(89)) - 5dce0fb0-fe11-4d63-8819-9c36ac88e0b4@group-52ACEB09B551-StateMachineUpdater: snapshotIndex: updateIncreasingly -1 -> 0
2021-04-26 08:57:52,598 [5dce0fb0-fe11-4d63-8819-9c36ac88e0b4@group-52ACEB09B551-StateMachineUpdater] INFO  metrics.RatisMetrics (RatisMetrics.java:unregister(43)) - Unregistering Metrics Registry : ratis.state_machine.5dce0fb0-fe11-4d63-8819-9c36ac88e0b4@group-52ACEB09B551
2021-04-26 08:57:52,598 [ForkJoinPool.commonPool-worker-1] INFO  server.RaftServer$Division (ServerState.java:close(405)) - 5dce0fb0-fe11-4d63-8819-9c36ac88e0b4@group-52ACEB09B551: closes. applyIndex: 0
2021-04-26 08:57:52,598 [5dce0fb0-fe11-4d63-8819-9c36ac88e0b4@group-52ACEB09B551-SegmentedRaftLogWorker] INFO  segmented.SegmentedRaftLogWorker (SegmentedRaftLogWorker.java:run(327)) - 5dce0fb0-fe11-4d63-8819-9c36ac88e0b4@group-52ACEB09B551-SegmentedRaftLogWorker was interrupted, exiting. There are 0 tasks remaining in the queue.
2021-04-26 08:57:52,599 [ForkJoinPool.commonPool-worker-1] INFO  segmented.SegmentedRaftLogWorker (SegmentedRaftLogWorker.java:close(237)) - 5dce0fb0-fe11-4d63-8819-9c36ac88e0b4@group-52ACEB09B551-SegmentedRaftLogWorker close()
2021-04-26 08:57:52,599 [Listener at 127.0.0.1/35725] INFO  segmented.SegmentedRaftLogWorker (SegmentedRaftLogWorker.java:close(237)) - bdd1f724-d5b6-4784-ba93-1388b38fcec3@group-E9E2C6A009D3-SegmentedRaftLogWorker close()
2021-04-26 08:57:52,600 [ForkJoinPool.commonPool-worker-1] INFO  metrics.RatisMetrics (RatisMetrics.java:unregister(43)) - Unregistering Metrics Registry : ratis.log_worker.5dce0fb0-fe11-4d63-8819-9c36ac88e0b4@group-52ACEB09B551
2021-04-26 08:57:52,600 [ForkJoinPool.commonPool-worker-1] INFO  metrics.RatisMetrics (RatisMetrics.java:unregister(43)) - Unregistering Metrics Registry : ratis.leader_election.5dce0fb0-fe11-4d63-8819-9c36ac88e0b4@group-52ACEB09B551
2021-04-26 08:57:52,600 [ForkJoinPool.commonPool-worker-1] INFO  metrics.RatisMetrics (RatisMetrics.java:unregister(43)) - Unregistering Metrics Registry : ratis.server.5dce0fb0-fe11-4d63-8819-9c36ac88e0b4@group-52ACEB09B551
2021-04-26 08:57:52,600 [ForkJoinPool.commonPool-worker-1] INFO  server.RaftServer$Division (RaftServerImpl.java:lambda$close$4(406)) - 5dce0fb0-fe11-4d63-8819-9c36ac88e0b4@group-4777C1971FFE: shutdown
2021-04-26 08:57:52,600 [ForkJoinPool.commonPool-worker-1] INFO  util.JmxRegister (JmxRegister.java:unregister(73)) - Successfully un-registered JMX Bean with object name Ratis:service=RaftServer,group=group-4777C1971FFE,id=5dce0fb0-fe11-4d63-8819-9c36ac88e0b4
2021-04-26 08:57:52,600 [ForkJoinPool.commonPool-worker-1] INFO  impl.RoleInfo (RoleInfo.java:shutdownLeaderState(91)) - 5dce0fb0-fe11-4d63-8819-9c36ac88e0b4: shutdown 5dce0fb0-fe11-4d63-8819-9c36ac88e0b4@group-4777C1971FFE-LeaderStateImpl
2021-04-26 08:57:52,601 [ForkJoinPool.commonPool-worker-1] INFO  metrics.RatisMetrics (RatisMetrics.java:unregister(43)) - Unregistering Metrics Registry : ratis_grpc.log_appender.5dce0fb0-fe11-4d63-8819-9c36ac88e0b4@group-4777C1971FFE
2021-04-26 08:57:52,601 [ForkJoinPool.commonPool-worker-1] INFO  metrics.RatisMetrics (RatisMetrics.java:unregister(43)) - Unregistering Metrics Registry : ratis_grpc.log_appender.5dce0fb0-fe11-4d63-8819-9c36ac88e0b4@group-4777C1971FFE
2021-04-26 08:57:52,601 [5dce0fb0-fe11-4d63-8819-9c36ac88e0b4@group-4777C1971FFE->3e3f1c58-71d4-4b4b-a4fa-fbb64653de38-GrpcLogAppender-LogAppenderDaemon] WARN  server.GrpcLogAppender (GrpcLogAppender.java:mayWait(175)) - 5dce0fb0-fe11-4d63-8819-9c36ac88e0b4@group-4777C1971FFE->3e3f1c58-71d4-4b4b-a4fa-fbb64653de38-GrpcLogAppender: Wait interrupted by java.lang.InterruptedException
2021-04-26 08:57:52,601 [ForkJoinPool.commonPool-worker-1] INFO  impl.PendingRequests (PendingRequests.java:sendNotLeaderResponses(249)) - 5dce0fb0-fe11-4d63-8819-9c36ac88e0b4@group-4777C1971FFE-PendingRequests: sendNotLeaderResponses
2021-04-26 08:57:52,601 [ForkJoinPool.commonPool-worker-1] INFO  metrics.RatisMetrics (RatisMetrics.java:unregister(43)) - Unregistering Metrics Registry : ratis.log_appender.5dce0fb0-fe11-4d63-8819-9c36ac88e0b4@group-4777C1971FFE
2021-04-26 08:57:52,601 [ForkJoinPool.commonPool-worker-1] INFO  metrics.RatisMetrics (RatisMetrics.java:unregister(43)) - Unregistering Metrics Registry : ratis.server.5dce0fb0-fe11-4d63-8819-9c36ac88e0b4@group-4777C1971FFE
2021-04-26 08:57:52,601 [grpc-default-executor-1] INFO  server.GrpcServerProtocolService (GrpcServerProtocolService.java:onCompleted(140)) - 3e3f1c58-71d4-4b4b-a4fa-fbb64653de38: Completed APPEND_ENTRIES, lastRequest: 5dce0fb0-fe11-4d63-8819-9c36ac88e0b4->3e3f1c58-71d4-4b4b-a4fa-fbb64653de38#1-t6,previous=(t:0, i:0),leaderCommit=-1,initializing? true,entries: size=1, first=(t:6, i:0), CONFIGURATIONENTRY
2021-04-26 08:57:52,602 [ForkJoinPool.commonPool-worker-1] INFO  impl.StateMachineUpdater (StateMachineUpdater.java:stopAndJoin(149)) - 5dce0fb0-fe11-4d63-8819-9c36ac88e0b4@group-4777C1971FFE-StateMachineUpdater: set stopIndex = 0
2021-04-26 08:57:52,602 [5dce0fb0-fe11-4d63-8819-9c36ac88e0b4@group-4777C1971FFE-StateMachineUpdater] INFO  ratis.ContainerStateMachine (ContainerStateMachine.java:takeSnapshot(292)) - group-4777C1971FFE: Taking a snapshot at:(t:6, i:0) file /github/workspace/mnt/ozone/hadoop-ozone/integration-test/target/test-dir/MiniOzoneClusterImpl-80072cdf-ce72-42fa-91c0-6b866cc407f5/datanode-0/data/ratis/aa22d13b-0188-4d85-8a6b-4777c1971ffe/sm/snapshot.6_0
2021-04-26 08:57:52,602 [grpc-default-executor-2] INFO  server.GrpcLogAppender (GrpcLogAppender.java:onCompleted(344)) - 5dce0fb0-fe11-4d63-8819-9c36ac88e0b4@group-4777C1971FFE->3e3f1c58-71d4-4b4b-a4fa-fbb64653de38-AppendLogResponseHandler: follower responses appendEntries COMPLETED
2021-04-26 08:57:52,603 [grpc-default-executor-2] INFO  leader.FollowerInfo (FollowerInfoImpl.java:lambda$new$0(46)) - 5dce0fb0-fe11-4d63-8819-9c36ac88e0b4@group-4777C1971FFE->3e3f1c58-71d4-4b4b-a4fa-fbb64653de38: nextIndex: updateUnconditionally 1 -> 0
2021-04-26 08:57:52,603 [5dce0fb0-fe11-4d63-8819-9c36ac88e0b4@group-4777C1971FFE-StateMachineUpdater] INFO  ratis.ContainerStateMachine (ContainerStateMachine.java:takeSnapshot(303)) - group-4777C1971FFE: Finished taking a snapshot at:(t:6, i:0) file:/github/workspace/mnt/ozone/hadoop-ozone/integration-test/target/test-dir/MiniOzoneClusterImpl-80072cdf-ce72-42fa-91c0-6b866cc407f5/datanode-0/data/ratis/aa22d13b-0188-4d85-8a6b-4777c1971ffe/sm/snapshot.6_0 took: 1 ms
2021-04-26 08:57:52,603 [5dce0fb0-fe11-4d63-8819-9c36ac88e0b4@group-4777C1971FFE-StateMachineUpdater] INFO  impl.StateMachineUpdater (StateMachineUpdater.java:takeSnapshot(281)) - 5dce0fb0-fe11-4d63-8819-9c36ac88e0b4@group-4777C1971FFE-StateMachineUpdater: Took a snapshot at index 0
2021-04-26 08:57:52,603 [5dce0fb0-fe11-4d63-8819-9c36ac88e0b4@group-4777C1971FFE-StateMachineUpdater] INFO  impl.StateMachineUpdater (StateMachineUpdater.java:lambda$new$0(89)) - 5dce0fb0-fe11-4d63-8819-9c36ac88e0b4@group-4777C1971FFE-StateMachineUpdater: snapshotIndex: updateIncreasingly -1 -> 0
2021-04-26 08:57:52,603 [5dce0fb0-fe11-4d63-8819-9c36ac88e0b4@group-4777C1971FFE-StateMachineUpdater] INFO  metrics.RatisMetrics (RatisMetrics.java:unregister(43)) - Unregistering Metrics Registry : ratis.state_machine.5dce0fb0-fe11-4d63-8819-9c36ac88e0b4@group-4777C1971FFE
2021-04-26 08:57:52,603 [ForkJoinPool.commonPool-worker-1] INFO  server.RaftServer$Division (ServerState.java:close(405)) - 5dce0fb0-fe11-4d63-8819-9c36ac88e0b4@group-4777C1971FFE: closes. applyIndex: 0
2021-04-26 08:57:52,604 [5dce0fb0-fe11-4d63-8819-9c36ac88e0b4@group-4777C1971FFE-SegmentedRaftLogWorker] INFO  segmented.SegmentedRaftLogWorker (SegmentedRaftLogWorker.java:run(327)) - 5dce0fb0-fe11-4d63-8819-9c36ac88e0b4@group-4777C1971FFE-SegmentedRaftLogWorker was interrupted, exiting. There are 0 tasks remaining in the queue.
2021-04-26 08:57:52,604 [ForkJoinPool.commonPool-worker-1] INFO  segmented.SegmentedRaftLogWorker (SegmentedRaftLogWorker.java:close(237)) - 5dce0fb0-fe11-4d63-8819-9c36ac88e0b4@group-4777C1971FFE-SegmentedRaftLogWorker close()
2021-04-26 08:57:52,604 [Listener at 127.0.0.1/35725] INFO  metrics.RatisMetrics (RatisMetrics.java:unregister(43)) - Unregistering Metrics Registry : ratis.log_worker.bdd1f724-d5b6-4784-ba93-1388b38fcec3@group-E9E2C6A009D3
2021-04-26 08:57:52,604 [Listener at 127.0.0.1/35725] INFO  metrics.RatisMetrics (RatisMetrics.java:unregister(43)) - Unregistering Metrics Registry : ratis.leader_election.bdd1f724-d5b6-4784-ba93-1388b38fcec3@group-E9E2C6A009D3
2021-04-26 08:57:52,604 [Listener at 127.0.0.1/35725] INFO  metrics.RatisMetrics (RatisMetrics.java:unregister(43)) - Unregistering Metrics Registry : ratis.server.bdd1f724-d5b6-4784-ba93-1388b38fcec3@group-E9E2C6A009D3
2021-04-26 08:57:52,605 [Listener at 127.0.0.1/35725] INFO  server.RaftServer$Division (RaftServerImpl.java:lambda$close$4(406)) - bdd1f724-d5b6-4784-ba93-1388b38fcec3@group-24676E4E1D24: shutdown
2021-04-26 08:57:52,605 [Listener at 127.0.0.1/35725] INFO  util.JmxRegister (JmxRegister.java:unregister(73)) - Successfully un-registered JMX Bean with object name Ratis:service=RaftServer,group=group-24676E4E1D24,id=bdd1f724-d5b6-4784-ba93-1388b38fcec3
2021-04-26 08:57:52,605 [Listener at 127.0.0.1/35725] INFO  impl.RoleInfo (RoleInfo.java:shutdownLeaderState(91)) - bdd1f724-d5b6-4784-ba93-1388b38fcec3: shutdown bdd1f724-d5b6-4784-ba93-1388b38fcec3@group-24676E4E1D24-LeaderStateImpl
2021-04-26 08:57:52,605 [Listener at 127.0.0.1/35725] INFO  impl.PendingRequests (PendingRequests.java:sendNotLeaderResponses(249)) - bdd1f724-d5b6-4784-ba93-1388b38fcec3@group-24676E4E1D24-PendingRequests: sendNotLeaderResponses
2021-04-26 08:57:52,605 [Listener at 127.0.0.1/35725] INFO  metrics.RatisMetrics (RatisMetrics.java:unregister(43)) - Unregistering Metrics Registry : ratis.log_appender.bdd1f724-d5b6-4784-ba93-1388b38fcec3@group-24676E4E1D24
2021-04-26 08:57:52,605 [Listener at 127.0.0.1/35725] INFO  metrics.RatisMetrics (RatisMetrics.java:unregister(43)) - Unregistering Metrics Registry : ratis.server.bdd1f724-d5b6-4784-ba93-1388b38fcec3@group-24676E4E1D24
2021-04-26 08:57:52,607 [Listener at 127.0.0.1/35725] INFO  impl.StateMachineUpdater (StateMachineUpdater.java:stopAndJoin(149)) - bdd1f724-d5b6-4784-ba93-1388b38fcec3@group-24676E4E1D24-StateMachineUpdater: set stopIndex = 0
2021-04-26 08:57:52,607 [bdd1f724-d5b6-4784-ba93-1388b38fcec3@group-24676E4E1D24-StateMachineUpdater] INFO  ratis.ContainerStateMachine (ContainerStateMachine.java:takeSnapshot(292)) - group-24676E4E1D24: Taking a snapshot at:(t:1, i:0) file /github/workspace/mnt/ozone/hadoop-ozone/integration-test/target/test-dir/MiniOzoneClusterImpl-80072cdf-ce72-42fa-91c0-6b866cc407f5/datanode-7/data/ratis/84f139e5-a370-42cc-855f-24676e4e1d24/sm/snapshot.1_0
2021-04-26 08:57:52,607 [ForkJoinPool.commonPool-worker-1] INFO  metrics.RatisMetrics (RatisMetrics.java:unregister(43)) - Unregistering Metrics Registry : ratis.log_worker.5dce0fb0-fe11-4d63-8819-9c36ac88e0b4@group-4777C1971FFE
2021-04-26 08:57:52,607 [ForkJoinPool.commonPool-worker-1] INFO  metrics.RatisMetrics (RatisMetrics.java:unregister(43)) - Unregistering Metrics Registry : ratis.leader_election.5dce0fb0-fe11-4d63-8819-9c36ac88e0b4@group-4777C1971FFE
2021-04-26 08:57:52,608 [ForkJoinPool.commonPool-worker-1] INFO  metrics.RatisMetrics (RatisMetrics.java:unregister(43)) - Unregistering Metrics Registry : ratis.server.5dce0fb0-fe11-4d63-8819-9c36ac88e0b4@group-4777C1971FFE
2021-04-26 08:57:52,608 [bdd1f724-d5b6-4784-ba93-1388b38fcec3@group-24676E4E1D24-StateMachineUpdater] INFO  ratis.ContainerStateMachine (ContainerStateMachine.java:takeSnapshot(303)) - group-24676E4E1D24: Finished taking a snapshot at:(t:1, i:0) file:/github/workspace/mnt/ozone/hadoop-ozone/integration-test/target/test-dir/MiniOzoneClusterImpl-80072cdf-ce72-42fa-91c0-6b866cc407f5/datanode-7/data/ratis/84f139e5-a370-42cc-855f-24676e4e1d24/sm/snapshot.1_0 took: 1 ms
2021-04-26 08:57:52,608 [bdd1f724-d5b6-4784-ba93-1388b38fcec3@group-24676E4E1D24-StateMachineUpdater] INFO  impl.StateMachineUpdater (StateMachineUpdater.java:takeSnapshot(281)) - bdd1f724-d5b6-4784-ba93-1388b38fcec3@group-24676E4E1D24-StateMachineUpdater: Took a snapshot at index 0
2021-04-26 08:57:52,608 [bdd1f724-d5b6-4784-ba93-1388b38fcec3@group-24676E4E1D24-StateMachineUpdater] INFO  impl.StateMachineUpdater (StateMachineUpdater.java:lambda$new$0(89)) - bdd1f724-d5b6-4784-ba93-1388b38fcec3@group-24676E4E1D24-StateMachineUpdater: snapshotIndex: updateIncreasingly -1 -> 0
2021-04-26 08:57:52,608 [bdd1f724-d5b6-4784-ba93-1388b38fcec3@group-24676E4E1D24-StateMachineUpdater] INFO  metrics.RatisMetrics (RatisMetrics.java:unregister(43)) - Unregistering Metrics Registry : ratis.state_machine.bdd1f724-d5b6-4784-ba93-1388b38fcec3@group-24676E4E1D24
2021-04-26 08:57:52,608 [Listener at 127.0.0.1/35725] INFO  server.RaftServer$Division (ServerState.java:close(405)) - bdd1f724-d5b6-4784-ba93-1388b38fcec3@group-24676E4E1D24: closes. applyIndex: 0
2021-04-26 08:57:52,608 [ForkJoinPool.commonPool-worker-1] INFO  server.GrpcService (GrpcService.java:closeImpl(262)) - 5dce0fb0-fe11-4d63-8819-9c36ac88e0b4: shutdown server with port 35669 now
2021-04-26 08:57:52,608 [bdd1f724-d5b6-4784-ba93-1388b38fcec3@group-24676E4E1D24-SegmentedRaftLogWorker] INFO  segmented.SegmentedRaftLogWorker (SegmentedRaftLogWorker.java:run(327)) - bdd1f724-d5b6-4784-ba93-1388b38fcec3@group-24676E4E1D24-SegmentedRaftLogWorker was interrupted, exiting. There are 0 tasks remaining in the queue.
2021-04-26 08:57:52,610 [ForkJoinPool.commonPool-worker-1] INFO  server.GrpcService (GrpcService.java:closeImpl(271)) - 5dce0fb0-fe11-4d63-8819-9c36ac88e0b4: shutdown server with port 35669 successfully
2021-04-26 08:57:52,611 [org.apache.ratis.util.JvmPauseMonitor$$Lambda$504/221029289@67022bac] INFO  util.JvmPauseMonitor (JvmPauseMonitor.java:run(109)) - JvmPauseMonitor-5dce0fb0-fe11-4d63-8819-9c36ac88e0b4: Stopped
2021-04-26 08:57:52,611 [Listener at 127.0.0.1/35725] INFO  segmented.SegmentedRaftLogWorker (SegmentedRaftLogWorker.java:close(237)) - bdd1f724-d5b6-4784-ba93-1388b38fcec3@group-24676E4E1D24-SegmentedRaftLogWorker close()
2021-04-26 08:57:52,612 [ForkJoinPool.commonPool-worker-1] INFO  utils.BackgroundService (BackgroundService.java:shutdown(132)) - Shutting down service BlockDeletingService
2021-04-26 08:57:52,613 [Listener at 127.0.0.1/35725] INFO  metrics.RatisMetrics (RatisMetrics.java:unregister(43)) - Unregistering Metrics Registry : ratis.log_worker.bdd1f724-d5b6-4784-ba93-1388b38fcec3@group-24676E4E1D24
2021-04-26 08:57:52,614 [ForkJoinPool.commonPool-worker-1] INFO  statemachine.DatanodeStateMachine (DatanodeStateMachine.java:stopDaemon(469)) - Ozone container server stopped.
2021-04-26 08:57:52,614 [Listener at 127.0.0.1/35725] INFO  metrics.RatisMetrics (RatisMetrics.java:unregister(43)) - Unregistering Metrics Registry : ratis.leader_election.bdd1f724-d5b6-4784-ba93-1388b38fcec3@group-24676E4E1D24
2021-04-26 08:57:52,614 [Listener at 127.0.0.1/35725] INFO  metrics.RatisMetrics (RatisMetrics.java:unregister(43)) - Unregistering Metrics Registry : ratis.server.bdd1f724-d5b6-4784-ba93-1388b38fcec3@group-24676E4E1D24
2021-04-26 08:57:52,615 [Listener at 127.0.0.1/35725] INFO  server.GrpcService (GrpcService.java:closeImpl(262)) - bdd1f724-d5b6-4784-ba93-1388b38fcec3: shutdown server with port 39283 now
2021-04-26 08:57:52,617 [Listener at 127.0.0.1/35725] INFO  server.GrpcService (GrpcService.java:closeImpl(271)) - bdd1f724-d5b6-4784-ba93-1388b38fcec3: shutdown server with port 39283 successfully
2021-04-26 08:57:52,618 [org.apache.ratis.util.JvmPauseMonitor$$Lambda$504/221029289@1e42552e] INFO  util.JvmPauseMonitor (JvmPauseMonitor.java:run(109)) - JvmPauseMonitor-bdd1f724-d5b6-4784-ba93-1388b38fcec3: Stopped
2021-04-26 08:57:52,621 [Listener at 127.0.0.1/35725] INFO  utils.BackgroundService (BackgroundService.java:shutdown(132)) - Shutting down service BlockDeletingService
2021-04-26 08:57:52,623 [Listener at 127.0.0.1/35725] INFO  statemachine.DatanodeStateMachine (DatanodeStateMachine.java:stopDaemon(469)) - Ozone container server stopped.
2021-04-26 08:57:52,633 [ForkJoinPool.commonPool-worker-1] INFO  handler.ContextHandler (ContextHandler.java:doStop(1154)) - Stopped o.e.j.w.WebAppContext@24fa2e1{hddsDatanode,/,null,STOPPED}{jar:file:/home/user/.m2/repository/org/apache/hadoop/hadoop-hdds-container-service/1.2.0-SNAPSHOT/hadoop-hdds-container-service-1.2.0-SNAPSHOT.jar!/webapps/hddsDatanode}
2021-04-26 08:57:52,642 [ForkJoinPool.commonPool-worker-1] INFO  server.AbstractConnector (AbstractConnector.java:doStop(381)) - Stopped ServerConnector@26599412{HTTP/1.1, (http/1.1)}{0.0.0.0:0}
2021-04-26 08:57:52,642 [ForkJoinPool.commonPool-worker-1] INFO  server.session (HouseKeeper.java:stopScavenging(149)) - node0 Stopped scavenging
2021-04-26 08:57:52,642 [ForkJoinPool.commonPool-worker-1] INFO  handler.ContextHandler (ContextHandler.java:doStop(1154)) - Stopped o.e.j.s.ServletContextHandler@9ec7b1{static,/static,jar:file:/home/user/.m2/repository/org/apache/hadoop/hadoop-hdds-container-service/1.2.0-SNAPSHOT/hadoop-hdds-container-service-1.2.0-SNAPSHOT.jar!/webapps/static,STOPPED}
2021-04-26 08:57:52,643 [ForkJoinPool.commonPool-worker-1] INFO  handler.ContextHandler (ContextHandler.java:doStop(1154)) - Stopped o.e.j.s.ServletContextHandler@3cf2ec22{logs,/logs,file:///github/workspace/mnt/ozone/hadoop-ozone/integration-test/target/log,STOPPED}
2021-04-26 08:57:52,644 [Listener at 127.0.0.1/35725] INFO  handler.ContextHandler (ContextHandler.java:doStop(1154)) - Stopped o.e.j.w.WebAppContext@2f73cc9d{hddsDatanode,/,null,STOPPED}{jar:file:/home/user/.m2/repository/org/apache/hadoop/hadoop-hdds-container-service/1.2.0-SNAPSHOT/hadoop-hdds-container-service-1.2.0-SNAPSHOT.jar!/webapps/hddsDatanode}
2021-04-26 08:57:52,647 [Listener at 127.0.0.1/35725] INFO  server.AbstractConnector (AbstractConnector.java:doStop(381)) - Stopped ServerConnector@4f67d2b2{HTTP/1.1, (http/1.1)}{0.0.0.0:0}
2021-04-26 08:57:52,647 [Listener at 127.0.0.1/35725] INFO  server.session (HouseKeeper.java:stopScavenging(149)) - node0 Stopped scavenging
2021-04-26 08:57:52,647 [Listener at 127.0.0.1/35725] INFO  handler.ContextHandler (ContextHandler.java:doStop(1154)) - Stopped o.e.j.s.ServletContextHandler@565995a1{static,/static,jar:file:/home/user/.m2/repository/org/apache/hadoop/hadoop-hdds-container-service/1.2.0-SNAPSHOT/hadoop-hdds-container-service-1.2.0-SNAPSHOT.jar!/webapps/static,STOPPED}
2021-04-26 08:57:52,647 [Listener at 127.0.0.1/35725] INFO  handler.ContextHandler (ContextHandler.java:doStop(1154)) - Stopped o.e.j.s.ServletContextHandler@604201a0{logs,/logs,file:///github/workspace/mnt/ozone/hadoop-ozone/integration-test/target/log,STOPPED}
2021-04-26 08:57:52,965 [Datanode State Machine Thread - 0] INFO  statemachine.DatanodeStateMachine (DatanodeStateMachine.java:lambda$startDaemon$0(411)) - Ozone container server started.
2021-04-26 08:57:53,505 [Datanode State Machine Thread - 0] INFO  statemachine.DatanodeStateMachine (DatanodeStateMachine.java:lambda$startDaemon$0(411)) - Ozone container server started.
2021-04-26 08:57:56,020 [3e3f1c58-71d4-4b4b-a4fa-fbb64653de38@group-4777C1971FFE-FollowerState] INFO  impl.FollowerState (FollowerState.java:run(134)) - 3e3f1c58-71d4-4b4b-a4fa-fbb64653de38@group-4777C1971FFE-FollowerState: change to CANDIDATE, lastRpcElapsedTime:5190314498ns, electionTimeout:5155ms
2021-04-26 08:57:56,020 [3e3f1c58-71d4-4b4b-a4fa-fbb64653de38@group-4777C1971FFE-FollowerState] INFO  impl.RoleInfo (RoleInfo.java:shutdownFollowerState(108)) - 3e3f1c58-71d4-4b4b-a4fa-fbb64653de38: shutdown 3e3f1c58-71d4-4b4b-a4fa-fbb64653de38@group-4777C1971FFE-FollowerState
2021-04-26 08:57:56,020 [3e3f1c58-71d4-4b4b-a4fa-fbb64653de38@group-4777C1971FFE-FollowerState] INFO  server.RaftServer$Division (RaftServerImpl.java:setRole(284)) - 3e3f1c58-71d4-4b4b-a4fa-fbb64653de38@group-4777C1971FFE: changes role from  FOLLOWER to CANDIDATE at term 6 for changeToCandidate
2021-04-26 08:57:56,020 [3e3f1c58-71d4-4b4b-a4fa-fbb64653de38@group-4777C1971FFE-FollowerState] INFO  server.RaftServerConfigKeys (ConfUtils.java:logGet(44)) - raft.server.leaderelection.pre-vote = false (custom)
2021-04-26 08:57:56,020 [3e3f1c58-71d4-4b4b-a4fa-fbb64653de38@group-4777C1971FFE-FollowerState] INFO  impl.RoleInfo (RoleInfo.java:updateAndGet(130)) - 3e3f1c58-71d4-4b4b-a4fa-fbb64653de38: start 3e3f1c58-71d4-4b4b-a4fa-fbb64653de38@group-4777C1971FFE-LeaderElection75
2021-04-26 08:57:56,022 [3e3f1c58-71d4-4b4b-a4fa-fbb64653de38@group-4777C1971FFE-LeaderElection75] INFO  server.RaftServer$Division (ServerState.java:setLeader(271)) - 3e3f1c58-71d4-4b4b-a4fa-fbb64653de38@group-4777C1971FFE: change Leader from 5dce0fb0-fe11-4d63-8819-9c36ac88e0b4 to null at term 6 for ELECTION
2021-04-26 08:57:56,023 [3e3f1c58-71d4-4b4b-a4fa-fbb64653de38@group-4777C1971FFE-LeaderElection75] INFO  impl.LeaderElection (LeaderElection.java:askForVotes(306)) - 3e3f1c58-71d4-4b4b-a4fa-fbb64653de38@group-4777C1971FFE-LeaderElection75 ELECTION round 0: submit vote requests at term 7 for 0: [3e3f1c58-71d4-4b4b-a4fa-fbb64653de38|rpc:172.17.0.2:39811|dataStream:|priority:0, 5dce0fb0-fe11-4d63-8819-9c36ac88e0b4|rpc:172.17.0.2:35669|dataStream:|priority:0, 13dc8373-51b3-40e2-8cf0-22ac5417d2f8|rpc:172.17.0.2:40591|dataStream:|priority:1], old=null
2021-04-26 08:57:56,026 [3e3f1c58-71d4-4b4b-a4fa-fbb64653de38@group-4777C1971FFE-LeaderElection75] INFO  impl.LeaderElection (LogUtils.java:infoOrTrace(137)) - 3e3f1c58-71d4-4b4b-a4fa-fbb64653de38@group-4777C1971FFE-LeaderElection75 got exception when requesting votes: java.util.concurrent.ExecutionException: org.apache.ratis.thirdparty.io.grpc.StatusRuntimeException: UNAVAILABLE: io exception
2021-04-26 08:57:56,027 [3e3f1c58-71d4-4b4b-a4fa-fbb64653de38@group-4777C1971FFE-LeaderElection75] INFO  impl.LeaderElection (LogUtils.java:infoOrTrace(137)) - 3e3f1c58-71d4-4b4b-a4fa-fbb64653de38@group-4777C1971FFE-LeaderElection75 got exception when requesting votes: java.util.concurrent.ExecutionException: org.apache.ratis.thirdparty.io.grpc.StatusRuntimeException: UNAVAILABLE: io exception
2021-04-26 08:57:56,027 [3e3f1c58-71d4-4b4b-a4fa-fbb64653de38@group-4777C1971FFE-LeaderElection75] INFO  impl.LeaderElection (LeaderElection.java:logAndReturn(89)) - 3e3f1c58-71d4-4b4b-a4fa-fbb64653de38@group-4777C1971FFE-LeaderElection75: ELECTION REJECTED received 0 response(s) and 2 exception(s):
2021-04-26 08:57:56,027 [3e3f1c58-71d4-4b4b-a4fa-fbb64653de38@group-4777C1971FFE-LeaderElection75] INFO  impl.LeaderElection (LogUtils.java:infoOrTrace(137)) -   Exception 0: java.util.concurrent.ExecutionException: org.apache.ratis.thirdparty.io.grpc.StatusRuntimeException: UNAVAILABLE: io exception
2021-04-26 08:57:56,027 [3e3f1c58-71d4-4b4b-a4fa-fbb64653de38@group-4777C1971FFE-LeaderElection75] INFO  impl.LeaderElection (LogUtils.java:infoOrTrace(137)) -   Exception 1: java.util.concurrent.ExecutionException: org.apache.ratis.thirdparty.io.grpc.StatusRuntimeException: UNAVAILABLE: io exception
2021-04-26 08:57:56,027 [3e3f1c58-71d4-4b4b-a4fa-fbb64653de38@group-4777C1971FFE-LeaderElection75] INFO  impl.LeaderElection (LeaderElection.java:askForVotes(308)) - 3e3f1c58-71d4-4b4b-a4fa-fbb64653de38@group-4777C1971FFE-LeaderElection75 ELECTION round 0: result REJECTED
2021-04-26 08:57:56,027 [3e3f1c58-71d4-4b4b-a4fa-fbb64653de38@group-4777C1971FFE-LeaderElection75] INFO  server.RaftServer$Division (RaftServerImpl.java:setRole(284)) - 3e3f1c58-71d4-4b4b-a4fa-fbb64653de38@group-4777C1971FFE: changes role from CANDIDATE to FOLLOWER at term 7 for REJECTED
2021-04-26 08:57:56,027 [3e3f1c58-71d4-4b4b-a4fa-fbb64653de38@group-4777C1971FFE-LeaderElection75] INFO  impl.RoleInfo (RoleInfo.java:shutdownLeaderElection(121)) - 3e3f1c58-71d4-4b4b-a4fa-fbb64653de38: shutdown 3e3f1c58-71d4-4b4b-a4fa-fbb64653de38@group-4777C1971FFE-LeaderElection75
2021-04-26 08:57:56,027 [3e3f1c58-71d4-4b4b-a4fa-fbb64653de38@group-4777C1971FFE-LeaderElection75] INFO  impl.RoleInfo (RoleInfo.java:updateAndGet(130)) - 3e3f1c58-71d4-4b4b-a4fa-fbb64653de38: start 3e3f1c58-71d4-4b4b-a4fa-fbb64653de38@group-4777C1971FFE-FollowerState
2021-04-26 08:57:56,975 [54deb671-31b1-41db-855f-b4cb6a4dc3be@group-E9E2C6A009D3-FollowerState] INFO  impl.FollowerState (FollowerState.java:run(134)) - 54deb671-31b1-41db-855f-b4cb6a4dc3be@group-E9E2C6A009D3-FollowerState: change to CANDIDATE, lastRpcElapsedTime:5353365797ns, electionTimeout:5014ms
2021-04-26 08:57:56,975 [54deb671-31b1-41db-855f-b4cb6a4dc3be@group-E9E2C6A009D3-FollowerState] INFO  impl.RoleInfo (RoleInfo.java:shutdownFollowerState(108)) - 54deb671-31b1-41db-855f-b4cb6a4dc3be: shutdown 54deb671-31b1-41db-855f-b4cb6a4dc3be@group-E9E2C6A009D3-FollowerState
2021-04-26 08:57:56,975 [54deb671-31b1-41db-855f-b4cb6a4dc3be@group-E9E2C6A009D3-FollowerState] INFO  server.RaftServer$Division (RaftServerImpl.java:setRole(284)) - 54deb671-31b1-41db-855f-b4cb6a4dc3be@group-E9E2C6A009D3: changes role from  FOLLOWER to CANDIDATE at term 1 for changeToCandidate
2021-04-26 08:57:56,975 [54deb671-31b1-41db-855f-b4cb6a4dc3be@group-E9E2C6A009D3-FollowerState] INFO  server.RaftServerConfigKeys (ConfUtils.java:logGet(44)) - raft.server.leaderelection.pre-vote = false (custom)
2021-04-26 08:57:56,975 [54deb671-31b1-41db-855f-b4cb6a4dc3be@group-E9E2C6A009D3-FollowerState] INFO  impl.RoleInfo (RoleInfo.java:updateAndGet(130)) - 54deb671-31b1-41db-855f-b4cb6a4dc3be: start 54deb671-31b1-41db-855f-b4cb6a4dc3be@group-E9E2C6A009D3-LeaderElection76
2021-04-26 08:57:56,977 [54deb671-31b1-41db-855f-b4cb6a4dc3be@group-E9E2C6A009D3-LeaderElection76] INFO  server.RaftServer$Division (ServerState.java:setLeader(271)) - 54deb671-31b1-41db-855f-b4cb6a4dc3be@group-E9E2C6A009D3: change Leader from bdd1f724-d5b6-4784-ba93-1388b38fcec3 to null at term 1 for ELECTION
2021-04-26 08:57:56,980 [54deb671-31b1-41db-855f-b4cb6a4dc3be@group-E9E2C6A009D3-LeaderElection76] INFO  impl.LeaderElection (LeaderElection.java:askForVotes(306)) - 54deb671-31b1-41db-855f-b4cb6a4dc3be@group-E9E2C6A009D3-LeaderElection76 ELECTION round 0: submit vote requests at term 2 for 0: [bdd1f724-d5b6-4784-ba93-1388b38fcec3|rpc:172.17.0.2:39283|dataStream:|priority:1, 54deb671-31b1-41db-855f-b4cb6a4dc3be|rpc:172.17.0.2:33455|dataStream:|priority:0, 4b08603e-a2c1-4ef0-b5a8-ac91ab9d3d00|rpc:172.17.0.2:35733|dataStream:|priority:0], old=null
2021-04-26 08:57:56,984 [54deb671-31b1-41db-855f-b4cb6a4dc3be@group-E9E2C6A009D3-LeaderElection76] INFO  impl.LeaderElection (LogUtils.java:infoOrTrace(137)) - 54deb671-31b1-41db-855f-b4cb6a4dc3be@group-E9E2C6A009D3-LeaderElection76 got exception when requesting votes: java.util.concurrent.ExecutionException: org.apache.ratis.thirdparty.io.grpc.StatusRuntimeException: UNAVAILABLE: io exception
2021-04-26 08:57:56,988 [grpc-default-executor-2] INFO  server.RaftServer$Division (RaftServerImpl.java:requestVote(1042)) - 4b08603e-a2c1-4ef0-b5a8-ac91ab9d3d00@group-E9E2C6A009D3: receive requestVote(ELECTION, 54deb671-31b1-41db-855f-b4cb6a4dc3be, group-E9E2C6A009D3, 2, (t:1, i:0))
2021-04-26 08:57:56,989 [grpc-default-executor-2] INFO  impl.VoteContext (VoteContext.java:log(48)) - 4b08603e-a2c1-4ef0-b5a8-ac91ab9d3d00@group-E9E2C6A009D3-FOLLOWER: accept ELECTION from 54deb671-31b1-41db-855f-b4cb6a4dc3be: our priority 0 <= candidate's priority 0
2021-04-26 08:57:56,989 [grpc-default-executor-2] INFO  server.RaftServer$Division (ServerState.java:setLeader(271)) - 4b08603e-a2c1-4ef0-b5a8-ac91ab9d3d00@group-E9E2C6A009D3: change Leader from bdd1f724-d5b6-4784-ba93-1388b38fcec3 to null at term 2 for updateCurrentTerm
2021-04-26 08:57:56,989 [grpc-default-executor-2] INFO  server.RaftServer$Division (RaftServerImpl.java:setRole(284)) - 4b08603e-a2c1-4ef0-b5a8-ac91ab9d3d00@group-E9E2C6A009D3: changes role from  FOLLOWER to FOLLOWER at term 2 for candidate:54deb671-31b1-41db-855f-b4cb6a4dc3be
2021-04-26 08:57:56,989 [grpc-default-executor-2] INFO  impl.RoleInfo (RoleInfo.java:shutdownFollowerState(108)) - 4b08603e-a2c1-4ef0-b5a8-ac91ab9d3d00: shutdown 4b08603e-a2c1-4ef0-b5a8-ac91ab9d3d00@group-E9E2C6A009D3-FollowerState
2021-04-26 08:57:56,989 [grpc-default-executor-2] INFO  impl.RoleInfo (RoleInfo.java:updateAndGet(130)) - 4b08603e-a2c1-4ef0-b5a8-ac91ab9d3d00: start 4b08603e-a2c1-4ef0-b5a8-ac91ab9d3d00@group-E9E2C6A009D3-FollowerState
2021-04-26 08:57:56,989 [4b08603e-a2c1-4ef0-b5a8-ac91ab9d3d00@group-E9E2C6A009D3-FollowerState] INFO  impl.FollowerState (FollowerState.java:run(143)) - 4b08603e-a2c1-4ef0-b5a8-ac91ab9d3d00@group-E9E2C6A009D3-FollowerState was interrupted: {}
java.lang.InterruptedException: sleep interrupted
	at java.lang.Thread.sleep(Native Method)
	at java.lang.Thread.sleep(Thread.java:340)
	at java.util.concurrent.TimeUnit.sleep(TimeUnit.java:386)
	at org.apache.ratis.util.TimeDuration.sleep(TimeDuration.java:324)
	at org.apache.ratis.util.TimeDuration.sleep(TimeDuration.java:309)
	at org.apache.ratis.server.impl.FollowerState.run(FollowerState.java:118)
2021-04-26 08:57:56,991 [grpc-default-executor-2] INFO  server.RaftServer$Division (RaftServerImpl.java:requestVote(1074)) - 4b08603e-a2c1-4ef0-b5a8-ac91ab9d3d00@group-E9E2C6A009D3 replies to ELECTION vote request: 54deb671-31b1-41db-855f-b4cb6a4dc3be<-4b08603e-a2c1-4ef0-b5a8-ac91ab9d3d00#0:OK-t2. Peer's state: 4b08603e-a2c1-4ef0-b5a8-ac91ab9d3d00@group-E9E2C6A009D3:t2, leader=null, voted=54deb671-31b1-41db-855f-b4cb6a4dc3be, raftlog=4b08603e-a2c1-4ef0-b5a8-ac91ab9d3d00@group-E9E2C6A009D3-SegmentedRaftLog:OPENED:c0,f0,i0, conf=0: [bdd1f724-d5b6-4784-ba93-1388b38fcec3|rpc:172.17.0.2:39283|dataStream:|priority:1, 54deb671-31b1-41db-855f-b4cb6a4dc3be|rpc:172.17.0.2:33455|dataStream:|priority:0, 4b08603e-a2c1-4ef0-b5a8-ac91ab9d3d00|rpc:172.17.0.2:35733|dataStream:|priority:0], old=null
2021-04-26 08:57:56,995 [54deb671-31b1-41db-855f-b4cb6a4dc3be@group-E9E2C6A009D3-LeaderElection76] INFO  impl.LeaderElection (LeaderElection.java:logAndReturn(89)) - 54deb671-31b1-41db-855f-b4cb6a4dc3be@group-E9E2C6A009D3-LeaderElection76: ELECTION PASSED received 1 response(s) and 1 exception(s):
2021-04-26 08:57:56,995 [54deb671-31b1-41db-855f-b4cb6a4dc3be@group-E9E2C6A009D3-LeaderElection76] INFO  impl.LeaderElection (LeaderElection.java:logAndReturn(93)) -   Response 0: 54deb671-31b1-41db-855f-b4cb6a4dc3be<-4b08603e-a2c1-4ef0-b5a8-ac91ab9d3d00#0:OK-t2
2021-04-26 08:57:56,995 [54deb671-31b1-41db-855f-b4cb6a4dc3be@group-E9E2C6A009D3-LeaderElection76] INFO  impl.LeaderElection (LogUtils.java:infoOrTrace(137)) -   Exception 1: java.util.concurrent.ExecutionException: org.apache.ratis.thirdparty.io.grpc.StatusRuntimeException: UNAVAILABLE: io exception
2021-04-26 08:57:56,995 [54deb671-31b1-41db-855f-b4cb6a4dc3be@group-E9E2C6A009D3-LeaderElection76] INFO  impl.LeaderElection (LeaderElection.java:askForVotes(308)) - 54deb671-31b1-41db-855f-b4cb6a4dc3be@group-E9E2C6A009D3-LeaderElection76 ELECTION round 0: result PASSED
2021-04-26 08:57:56,995 [54deb671-31b1-41db-855f-b4cb6a4dc3be@group-E9E2C6A009D3-LeaderElection76] INFO  impl.RoleInfo (RoleInfo.java:shutdownLeaderElection(121)) - 54deb671-31b1-41db-855f-b4cb6a4dc3be: shutdown 54deb671-31b1-41db-855f-b4cb6a4dc3be@group-E9E2C6A009D3-LeaderElection76
2021-04-26 08:57:56,995 [54deb671-31b1-41db-855f-b4cb6a4dc3be@group-E9E2C6A009D3-LeaderElection76] INFO  server.RaftServer$Division (RaftServerImpl.java:setRole(284)) - 54deb671-31b1-41db-855f-b4cb6a4dc3be@group-E9E2C6A009D3: changes role from CANDIDATE to LEADER at term 2 for changeToLeader
2021-04-26 08:57:56,995 [54deb671-31b1-41db-855f-b4cb6a4dc3be@group-E9E2C6A009D3-LeaderElection76] INFO  ratis.XceiverServerRatis (XceiverServerRatis.java:handleLeaderChangedNotification(906)) - Leader change notification received for group: group-E9E2C6A009D3 with new leaderId: 54deb671-31b1-41db-855f-b4cb6a4dc3be
2021-04-26 08:57:56,995 [54deb671-31b1-41db-855f-b4cb6a4dc3be@group-E9E2C6A009D3-LeaderElection76] INFO  server.RaftServer$Division (ServerState.java:setLeader(271)) - 54deb671-31b1-41db-855f-b4cb6a4dc3be@group-E9E2C6A009D3: change Leader from null to 54deb671-31b1-41db-855f-b4cb6a4dc3be at term 2 for becomeLeader, leader elected after 18ms
2021-04-26 08:57:56,996 [54deb671-31b1-41db-855f-b4cb6a4dc3be@group-E9E2C6A009D3-LeaderElection76] INFO  server.RaftServerConfigKeys (ConfUtils.java:logGet(44)) - raft.server.staging.catchup.gap = 1000 (default)
2021-04-26 08:57:56,996 [54deb671-31b1-41db-855f-b4cb6a4dc3be@group-E9E2C6A009D3-LeaderElection76] INFO  metrics.RatisMetrics (RatisMetrics.java:lambda$create$0(36)) - Creating Metrics Registry : ratis.log_appender.54deb671-31b1-41db-855f-b4cb6a4dc3be@group-E9E2C6A009D3
2021-04-26 08:57:56,996 [54deb671-31b1-41db-855f-b4cb6a4dc3be@group-E9E2C6A009D3-LeaderElection76] INFO  server.RaftServerConfigKeys (ConfUtils.java:logGet(44)) - raft.server.write.element-limit = 1024 (custom)
2021-04-26 08:57:56,996 [54deb671-31b1-41db-855f-b4cb6a4dc3be@group-E9E2C6A009D3-LeaderElection76] INFO  server.RaftServerConfigKeys (ConfUtils.java:logGet(44)) - raft.server.write.byte-limit = 1073741824 (custom)
2021-04-26 08:57:56,997 [54deb671-31b1-41db-855f-b4cb6a4dc3be@group-E9E2C6A009D3-LeaderElection76] INFO  server.RaftServerConfigKeys (ConfUtils.java:logGet(44)) - raft.server.watch.timeout = 3000ms (custom)
2021-04-26 08:57:56,997 [54deb671-31b1-41db-855f-b4cb6a4dc3be@group-E9E2C6A009D3-LeaderElection76] INFO  server.RaftServerConfigKeys (ConfUtils.java:logGet(44)) - raft.server.watch.timeout.denomination = 1s (default)
2021-04-26 08:57:56,997 [54deb671-31b1-41db-855f-b4cb6a4dc3be@group-E9E2C6A009D3-LeaderElection76] INFO  server.RaftServerConfigKeys (ConfUtils.java:logGet(44)) - raft.server.watch.element-limit = 65536 (default)
2021-04-26 08:57:56,997 [54deb671-31b1-41db-855f-b4cb6a4dc3be@group-E9E2C6A009D3-LeaderElection76] INFO  server.RaftServerConfigKeys (ConfUtils.java:logGet(44)) - raft.server.log.appender.snapshot.chunk.size.max = 16MB (=16777216) (default)
2021-04-26 08:57:56,997 [54deb671-31b1-41db-855f-b4cb6a4dc3be@group-E9E2C6A009D3-LeaderElection76] INFO  server.RaftServerConfigKeys (ConfUtils.java:logGet(44)) - raft.server.log.appender.buffer.byte-limit = 33554432 (custom)
2021-04-26 08:57:56,997 [54deb671-31b1-41db-855f-b4cb6a4dc3be@group-E9E2C6A009D3-LeaderElection76] INFO  server.RaftServerConfigKeys (ConfUtils.java:logGet(44)) - raft.server.log.appender.buffer.element-limit = 1 (custom)
2021-04-26 08:57:56,997 [54deb671-31b1-41db-855f-b4cb6a4dc3be@group-E9E2C6A009D3-LeaderElection76] INFO  grpc.GrpcConfigKeys (ConfUtils.java:logGet(44)) - raft.grpc.server.leader.outstanding.appends.max = 128 (default)
2021-04-26 08:57:56,998 [54deb671-31b1-41db-855f-b4cb6a4dc3be@group-E9E2C6A009D3-LeaderElection76] INFO  server.RaftServerConfigKeys (ConfUtils.java:logGet(44)) - raft.server.rpc.request.timeout = 3000ms (default)
2021-04-26 08:57:56,998 [54deb671-31b1-41db-855f-b4cb6a4dc3be@group-E9E2C6A009D3-LeaderElection76] INFO  server.RaftServerConfigKeys (ConfUtils.java:logGet(44)) - raft.server.log.appender.install.snapshot.enabled = false (custom)
2021-04-26 08:57:56,998 [54deb671-31b1-41db-855f-b4cb6a4dc3be@group-E9E2C6A009D3-LeaderElection76] INFO  metrics.RatisMetrics (RatisMetrics.java:lambda$create$0(36)) - Creating Metrics Registry : ratis_grpc.log_appender.54deb671-31b1-41db-855f-b4cb6a4dc3be@group-E9E2C6A009D3
2021-04-26 08:57:56,999 [54deb671-31b1-41db-855f-b4cb6a4dc3be@group-E9E2C6A009D3-LeaderElection76] INFO  server.RaftServerConfigKeys (ConfUtils.java:logGet(44)) - raft.server.log.appender.snapshot.chunk.size.max = 16MB (=16777216) (default)
2021-04-26 08:57:57,000 [54deb671-31b1-41db-855f-b4cb6a4dc3be@group-E9E2C6A009D3-LeaderElection76] INFO  server.RaftServerConfigKeys (ConfUtils.java:logGet(44)) - raft.server.log.appender.buffer.byte-limit = 33554432 (custom)
2021-04-26 08:57:57,000 [54deb671-31b1-41db-855f-b4cb6a4dc3be@group-E9E2C6A009D3-LeaderElection76] INFO  server.RaftServerConfigKeys (ConfUtils.java:logGet(44)) - raft.server.log.appender.buffer.element-limit = 1 (custom)
2021-04-26 08:57:57,000 [54deb671-31b1-41db-855f-b4cb6a4dc3be@group-E9E2C6A009D3-LeaderElection76] INFO  grpc.GrpcConfigKeys (ConfUtils.java:logGet(44)) - raft.grpc.server.leader.outstanding.appends.max = 128 (default)
2021-04-26 08:57:57,000 [54deb671-31b1-41db-855f-b4cb6a4dc3be@group-E9E2C6A009D3-LeaderElection76] INFO  server.RaftServerConfigKeys (ConfUtils.java:logGet(44)) - raft.server.rpc.request.timeout = 3000ms (default)
2021-04-26 08:57:57,000 [54deb671-31b1-41db-855f-b4cb6a4dc3be@group-E9E2C6A009D3-LeaderElection76] INFO  server.RaftServerConfigKeys (ConfUtils.java:logGet(44)) - raft.server.log.appender.install.snapshot.enabled = false (custom)
2021-04-26 08:57:57,002 [54deb671-31b1-41db-855f-b4cb6a4dc3be@group-E9E2C6A009D3-LeaderElection76] INFO  impl.RoleInfo (RoleInfo.java:updateAndGet(130)) - 54deb671-31b1-41db-855f-b4cb6a4dc3be: start 54deb671-31b1-41db-855f-b4cb6a4dc3be@group-E9E2C6A009D3-LeaderStateImpl
2021-04-26 08:57:57,002 [54deb671-31b1-41db-855f-b4cb6a4dc3be@group-E9E2C6A009D3-LeaderElection76] INFO  segmented.SegmentedRaftLogWorker (SegmentedRaftLogWorker.java:rollLogSegment(399)) - 54deb671-31b1-41db-855f-b4cb6a4dc3be@group-E9E2C6A009D3-SegmentedRaftLogWorker: Rolling segment log-0_0 to index:0
2021-04-26 08:57:57,003 [54deb671-31b1-41db-855f-b4cb6a4dc3be@group-E9E2C6A009D3-SegmentedRaftLogWorker] INFO  segmented.SegmentedRaftLogWorker (SegmentedRaftLogWorker.java:execute(558)) - 54deb671-31b1-41db-855f-b4cb6a4dc3be@group-E9E2C6A009D3-SegmentedRaftLogWorker: Rolled log segment from /github/workspace/mnt/ozone/hadoop-ozone/integration-test/target/test-dir/MiniOzoneClusterImpl-80072cdf-ce72-42fa-91c0-6b866cc407f5/datanode-6/data/ratis/4b3b9e76-0a26-48c0-b439-e9e2c6a009d3/current/log_inprogress_0 to /github/workspace/mnt/ozone/hadoop-ozone/integration-test/target/test-dir/MiniOzoneClusterImpl-80072cdf-ce72-42fa-91c0-6b866cc407f5/datanode-6/data/ratis/4b3b9e76-0a26-48c0-b439-e9e2c6a009d3/current/log_0-0
2021-04-26 08:57:57,004 [54deb671-31b1-41db-855f-b4cb6a4dc3be@group-E9E2C6A009D3-LeaderElection76] INFO  server.RaftServer$Division (ServerState.java:setRaftConf(373)) - 54deb671-31b1-41db-855f-b4cb6a4dc3be@group-E9E2C6A009D3: set configuration 1: [bdd1f724-d5b6-4784-ba93-1388b38fcec3|rpc:172.17.0.2:39283|dataStream:|priority:1, 54deb671-31b1-41db-855f-b4cb6a4dc3be|rpc:172.17.0.2:33455|dataStream:|priority:0, 4b08603e-a2c1-4ef0-b5a8-ac91ab9d3d00|rpc:172.17.0.2:35733|dataStream:|priority:0], old=null
2021-04-26 08:57:57,004 [54deb671-31b1-41db-855f-b4cb6a4dc3be@group-E9E2C6A009D3-SegmentedRaftLogWorker] INFO  segmented.SegmentedRaftLogWorker (SegmentedRaftLogWorker.java:execute(601)) - 54deb671-31b1-41db-855f-b4cb6a4dc3be@group-E9E2C6A009D3-SegmentedRaftLogWorker: created new log segment /github/workspace/mnt/ozone/hadoop-ozone/integration-test/target/test-dir/MiniOzoneClusterImpl-80072cdf-ce72-42fa-91c0-6b866cc407f5/datanode-6/data/ratis/4b3b9e76-0a26-48c0-b439-e9e2c6a009d3/current/log_inprogress_1
2021-04-26 08:57:57,006 [grpc-default-executor-2] WARN  server.GrpcLogAppender (LogUtils.java:warn(122)) - 54deb671-31b1-41db-855f-b4cb6a4dc3be@group-E9E2C6A009D3->bdd1f724-d5b6-4784-ba93-1388b38fcec3-AppendLogResponseHandler: Failed appendEntries: org.apache.ratis.thirdparty.io.grpc.StatusRuntimeException: UNAVAILABLE: io exception
2021-04-26 08:57:57,009 [grpc-default-executor-1] INFO  ratis.XceiverServerRatis (XceiverServerRatis.java:handleLeaderChangedNotification(906)) - Leader change notification received for group: group-E9E2C6A009D3 with new leaderId: 54deb671-31b1-41db-855f-b4cb6a4dc3be
2021-04-26 08:57:57,009 [grpc-default-executor-1] INFO  server.RaftServer$Division (ServerState.java:setLeader(271)) - 4b08603e-a2c1-4ef0-b5a8-ac91ab9d3d00@group-E9E2C6A009D3: change Leader from null to 54deb671-31b1-41db-855f-b4cb6a4dc3be at term 2 for appendEntries, leader elected after 20ms
2021-04-26 08:57:57,010 [grpc-default-executor-1] INFO  server.RaftServer$Division (ServerState.java:setRaftConf(373)) - 4b08603e-a2c1-4ef0-b5a8-ac91ab9d3d00@group-E9E2C6A009D3: set configuration 1: [bdd1f724-d5b6-4784-ba93-1388b38fcec3|rpc:172.17.0.2:39283|dataStream:|priority:1, 54deb671-31b1-41db-855f-b4cb6a4dc3be|rpc:172.17.0.2:33455|dataStream:|priority:0, 4b08603e-a2c1-4ef0-b5a8-ac91ab9d3d00|rpc:172.17.0.2:35733|dataStream:|priority:0], old=null
2021-04-26 08:57:57,010 [grpc-default-executor-1] INFO  segmented.SegmentedRaftLogWorker (SegmentedRaftLogWorker.java:rollLogSegment(399)) - 4b08603e-a2c1-4ef0-b5a8-ac91ab9d3d00@group-E9E2C6A009D3-SegmentedRaftLogWorker: Rolling segment log-0_0 to index:0
2021-04-26 08:57:57,011 [4b08603e-a2c1-4ef0-b5a8-ac91ab9d3d00@group-E9E2C6A009D3-SegmentedRaftLogWorker] INFO  segmented.SegmentedRaftLogWorker (SegmentedRaftLogWorker.java:execute(558)) - 4b08603e-a2c1-4ef0-b5a8-ac91ab9d3d00@group-E9E2C6A009D3-SegmentedRaftLogWorker: Rolled log segment from /github/workspace/mnt/ozone/hadoop-ozone/integration-test/target/test-dir/MiniOzoneClusterImpl-80072cdf-ce72-42fa-91c0-6b866cc407f5/datanode-8/data/ratis/4b3b9e76-0a26-48c0-b439-e9e2c6a009d3/current/log_inprogress_0 to /github/workspace/mnt/ozone/hadoop-ozone/integration-test/target/test-dir/MiniOzoneClusterImpl-80072cdf-ce72-42fa-91c0-6b866cc407f5/datanode-8/data/ratis/4b3b9e76-0a26-48c0-b439-e9e2c6a009d3/current/log_0-0
2021-04-26 08:57:57,014 [4b08603e-a2c1-4ef0-b5a8-ac91ab9d3d00@group-E9E2C6A009D3-SegmentedRaftLogWorker] INFO  segmented.SegmentedRaftLogWorker (SegmentedRaftLogWorker.java:execute(601)) - 4b08603e-a2c1-4ef0-b5a8-ac91ab9d3d00@group-E9E2C6A009D3-SegmentedRaftLogWorker: created new log segment /github/workspace/mnt/ozone/hadoop-ozone/integration-test/target/test-dir/MiniOzoneClusterImpl-80072cdf-ce72-42fa-91c0-6b866cc407f5/datanode-8/data/ratis/4b3b9e76-0a26-48c0-b439-e9e2c6a009d3/current/log_inprogress_1
2021-04-26 08:57:57,016 [grpc-default-executor-2] WARN  server.GrpcLogAppender (GrpcLogAppender.java:resetClient(111)) - 54deb671-31b1-41db-855f-b4cb6a4dc3be@group-E9E2C6A009D3->bdd1f724-d5b6-4784-ba93-1388b38fcec3-GrpcLogAppender: Leader has not got in touch with Follower 54deb671-31b1-41db-855f-b4cb6a4dc3be@group-E9E2C6A009D3->bdd1f724-d5b6-4784-ba93-1388b38fcec3(c-1,m0,n2, attendVote=true, lastRpcSendTime=0, lastRpcResponseTime=5219) yet, just keep nextIndex unchanged and retry.
2021-04-26 08:57:57,027 [grpc-default-executor-1] WARN  server.GrpcLogAppender (LogUtils.java:warn(122)) - 54deb671-31b1-41db-855f-b4cb6a4dc3be@group-E9E2C6A009D3->bdd1f724-d5b6-4784-ba93-1388b38fcec3-AppendLogResponseHandler: Failed appendEntries: org.apache.ratis.thirdparty.io.grpc.StatusRuntimeException: UNAVAILABLE: io exception
2021-04-26 08:57:57,028 [grpc-default-executor-1] WARN  server.GrpcLogAppender (GrpcLogAppender.java:resetClient(111)) - 54deb671-31b1-41db-855f-b4cb6a4dc3be@group-E9E2C6A009D3->bdd1f724-d5b6-4784-ba93-1388b38fcec3-GrpcLogAppender: Leader has not got in touch with Follower 54deb671-31b1-41db-855f-b4cb6a4dc3be@group-E9E2C6A009D3->bdd1f724-d5b6-4784-ba93-1388b38fcec3(c-1,m0,n3, attendVote=true, lastRpcSendTime=2, lastRpcResponseTime=5230) yet, just keep nextIndex unchanged and retry.
2021-04-26 08:57:57,644 [ForkJoinPool.commonPool-worker-1] INFO  ozoneimpl.OzoneContainer (OzoneContainer.java:stop(313)) - Attempting to stop container services.
2021-04-26 08:57:57,646 [ForkJoinPool.commonPool-worker-1] INFO  server.RaftServer (RaftServerProxy.java:lambda$close$6(391)) - 3e3f1c58-71d4-4b4b-a4fa-fbb64653de38: close
2021-04-26 08:57:57,646 [ForkJoinPool.commonPool-worker-1] INFO  server.RaftServer$Division (RaftServerImpl.java:lambda$close$4(406)) - 3e3f1c58-71d4-4b4b-a4fa-fbb64653de38@group-4777C1971FFE: shutdown
2021-04-26 08:57:57,646 [ForkJoinPool.commonPool-worker-1] INFO  util.JmxRegister (JmxRegister.java:unregister(73)) - Successfully un-registered JMX Bean with object name Ratis:service=RaftServer,group=group-4777C1971FFE,id=3e3f1c58-71d4-4b4b-a4fa-fbb64653de38
2021-04-26 08:57:57,646 [ForkJoinPool.commonPool-worker-1] INFO  impl.RoleInfo (RoleInfo.java:shutdownFollowerState(108)) - 3e3f1c58-71d4-4b4b-a4fa-fbb64653de38: shutdown 3e3f1c58-71d4-4b4b-a4fa-fbb64653de38@group-4777C1971FFE-FollowerState
2021-04-26 08:57:57,646 [ForkJoinPool.commonPool-worker-1] INFO  impl.StateMachineUpdater (StateMachineUpdater.java:stopAndJoin(149)) - 3e3f1c58-71d4-4b4b-a4fa-fbb64653de38@group-4777C1971FFE-StateMachineUpdater: set stopIndex = 0
2021-04-26 08:57:57,646 [3e3f1c58-71d4-4b4b-a4fa-fbb64653de38@group-4777C1971FFE-FollowerState] INFO  impl.FollowerState (FollowerState.java:run(143)) - 3e3f1c58-71d4-4b4b-a4fa-fbb64653de38@group-4777C1971FFE-FollowerState was interrupted: {}
java.lang.InterruptedException: sleep interrupted
	at java.lang.Thread.sleep(Native Method)
	at java.lang.Thread.sleep(Thread.java:340)
	at java.util.concurrent.TimeUnit.sleep(TimeUnit.java:386)
	at org.apache.ratis.util.TimeDuration.sleep(TimeDuration.java:324)
	at org.apache.ratis.util.TimeDuration.sleep(TimeDuration.java:309)
	at org.apache.ratis.server.impl.FollowerState.run(FollowerState.java:118)
2021-04-26 08:57:57,650 [3e3f1c58-71d4-4b4b-a4fa-fbb64653de38@group-4777C1971FFE-StateMachineUpdater] INFO  ratis.ContainerStateMachine (ContainerStateMachine.java:takeSnapshot(292)) - group-4777C1971FFE: Taking a snapshot at:(t:6, i:0) file /github/workspace/mnt/ozone/hadoop-ozone/integration-test/target/test-dir/MiniOzoneClusterImpl-80072cdf-ce72-42fa-91c0-6b866cc407f5/datanode-1/data/ratis/aa22d13b-0188-4d85-8a6b-4777c1971ffe/sm/snapshot.6_0
2021-04-26 08:57:57,650 [Listener at 127.0.0.1/35725] INFO  ozoneimpl.OzoneContainer (OzoneContainer.java:stop(313)) - Attempting to stop container services.
2021-04-26 08:57:57,651 [Listener at 127.0.0.1/35725] INFO  server.RaftServer (RaftServerProxy.java:lambda$close$6(391)) - 4b08603e-a2c1-4ef0-b5a8-ac91ab9d3d00: close
2021-04-26 08:57:57,651 [3e3f1c58-71d4-4b4b-a4fa-fbb64653de38@group-4777C1971FFE-StateMachineUpdater] INFO  ratis.ContainerStateMachine (ContainerStateMachine.java:takeSnapshot(303)) - group-4777C1971FFE: Finished taking a snapshot at:(t:6, i:0) file:/github/workspace/mnt/ozone/hadoop-ozone/integration-test/target/test-dir/MiniOzoneClusterImpl-80072cdf-ce72-42fa-91c0-6b866cc407f5/datanode-1/data/ratis/aa22d13b-0188-4d85-8a6b-4777c1971ffe/sm/snapshot.6_0 took: 1 ms
2021-04-26 08:57:57,651 [Listener at 127.0.0.1/35725] INFO  server.RaftServer$Division (RaftServerImpl.java:lambda$close$4(406)) - 4b08603e-a2c1-4ef0-b5a8-ac91ab9d3d00@group-E9E2C6A009D3: shutdown
2021-04-26 08:57:57,651 [Listener at 127.0.0.1/35725] INFO  util.JmxRegister (JmxRegister.java:unregister(73)) - Successfully un-registered JMX Bean with object name Ratis:service=RaftServer,group=group-E9E2C6A009D3,id=4b08603e-a2c1-4ef0-b5a8-ac91ab9d3d00
2021-04-26 08:57:57,652 [Listener at 127.0.0.1/35725] INFO  impl.RoleInfo (RoleInfo.java:shutdownFollowerState(108)) - 4b08603e-a2c1-4ef0-b5a8-ac91ab9d3d00: shutdown 4b08603e-a2c1-4ef0-b5a8-ac91ab9d3d00@group-E9E2C6A009D3-FollowerState
2021-04-26 08:57:57,652 [Listener at 127.0.0.1/35725] INFO  impl.StateMachineUpdater (StateMachineUpdater.java:stopAndJoin(149)) - 4b08603e-a2c1-4ef0-b5a8-ac91ab9d3d00@group-E9E2C6A009D3-StateMachineUpdater: set stopIndex = 1
2021-04-26 08:57:57,652 [4b08603e-a2c1-4ef0-b5a8-ac91ab9d3d00@group-E9E2C6A009D3-FollowerState] INFO  impl.FollowerState (FollowerState.java:run(143)) - 4b08603e-a2c1-4ef0-b5a8-ac91ab9d3d00@group-E9E2C6A009D3-FollowerState was interrupted: {}
java.lang.InterruptedException: sleep interrupted
	at java.lang.Thread.sleep(Native Method)
	at java.lang.Thread.sleep(Thread.java:340)
	at java.util.concurrent.TimeUnit.sleep(TimeUnit.java:386)
	at org.apache.ratis.util.TimeDuration.sleep(TimeDuration.java:324)
	at org.apache.ratis.util.TimeDuration.sleep(TimeDuration.java:309)
	at org.apache.ratis.server.impl.FollowerState.run(FollowerState.java:118)
2021-04-26 08:57:57,651 [3e3f1c58-71d4-4b4b-a4fa-fbb64653de38@group-4777C1971FFE-StateMachineUpdater] INFO  impl.StateMachineUpdater (StateMachineUpdater.java:takeSnapshot(281)) - 3e3f1c58-71d4-4b4b-a4fa-fbb64653de38@group-4777C1971FFE-StateMachineUpdater: Took a snapshot at index 0
2021-04-26 08:57:57,653 [3e3f1c58-71d4-4b4b-a4fa-fbb64653de38@group-4777C1971FFE-StateMachineUpdater] INFO  impl.StateMachineUpdater (StateMachineUpdater.java:lambda$new$0(89)) - 3e3f1c58-71d4-4b4b-a4fa-fbb64653de38@group-4777C1971FFE-StateMachineUpdater: snapshotIndex: updateIncreasingly -1 -> 0
2021-04-26 08:57:57,652 [4b08603e-a2c1-4ef0-b5a8-ac91ab9d3d00@group-E9E2C6A009D3-StateMachineUpdater] INFO  ratis.ContainerStateMachine (ContainerStateMachine.java:takeSnapshot(292)) - group-E9E2C6A009D3: Taking a snapshot at:(t:2, i:1) file /github/workspace/mnt/ozone/hadoop-ozone/integration-test/target/test-dir/MiniOzoneClusterImpl-80072cdf-ce72-42fa-91c0-6b866cc407f5/datanode-8/data/ratis/4b3b9e76-0a26-48c0-b439-e9e2c6a009d3/sm/snapshot.2_1
2021-04-26 08:57:57,654 [3e3f1c58-71d4-4b4b-a4fa-fbb64653de38@group-4777C1971FFE-StateMachineUpdater] INFO  metrics.RatisMetrics (RatisMetrics.java:unregister(43)) - Unregistering Metrics Registry : ratis.state_machine.3e3f1c58-71d4-4b4b-a4fa-fbb64653de38@group-4777C1971FFE
2021-04-26 08:57:57,654 [ForkJoinPool.commonPool-worker-1] INFO  server.RaftServer$Division (ServerState.java:close(405)) - 3e3f1c58-71d4-4b4b-a4fa-fbb64653de38@group-4777C1971FFE: closes. applyIndex: 0
2021-04-26 08:57:57,654 [3e3f1c58-71d4-4b4b-a4fa-fbb64653de38@group-4777C1971FFE-SegmentedRaftLogWorker] INFO  segmented.SegmentedRaftLogWorker (SegmentedRaftLogWorker.java:run(327)) - 3e3f1c58-71d4-4b4b-a4fa-fbb64653de38@group-4777C1971FFE-SegmentedRaftLogWorker was interrupted, exiting. There are 0 tasks remaining in the queue.
2021-04-26 08:57:57,654 [ForkJoinPool.commonPool-worker-1] INFO  segmented.SegmentedRaftLogWorker (SegmentedRaftLogWorker.java:close(237)) - 3e3f1c58-71d4-4b4b-a4fa-fbb64653de38@group-4777C1971FFE-SegmentedRaftLogWorker close()
2021-04-26 08:57:57,655 [4b08603e-a2c1-4ef0-b5a8-ac91ab9d3d00@group-E9E2C6A009D3-StateMachineUpdater] INFO  ratis.ContainerStateMachine (ContainerStateMachine.java:takeSnapshot(303)) - group-E9E2C6A009D3: Finished taking a snapshot at:(t:2, i:1) file:/github/workspace/mnt/ozone/hadoop-ozone/integration-test/target/test-dir/MiniOzoneClusterImpl-80072cdf-ce72-42fa-91c0-6b866cc407f5/datanode-8/data/ratis/4b3b9e76-0a26-48c0-b439-e9e2c6a009d3/sm/snapshot.2_1 took: 3 ms
2021-04-26 08:57:57,655 [ForkJoinPool.commonPool-worker-1] INFO  metrics.RatisMetrics (RatisMetrics.java:unregister(43)) - Unregistering Metrics Registry : ratis.log_worker.3e3f1c58-71d4-4b4b-a4fa-fbb64653de38@group-4777C1971FFE
2021-04-26 08:57:57,655 [4b08603e-a2c1-4ef0-b5a8-ac91ab9d3d00@group-E9E2C6A009D3-StateMachineUpdater] INFO  impl.StateMachineUpdater (StateMachineUpdater.java:takeSnapshot(281)) - 4b08603e-a2c1-4ef0-b5a8-ac91ab9d3d00@group-E9E2C6A009D3-StateMachineUpdater: Took a snapshot at index 1
2021-04-26 08:57:57,655 [4b08603e-a2c1-4ef0-b5a8-ac91ab9d3d00@group-E9E2C6A009D3-StateMachineUpdater] INFO  impl.StateMachineUpdater (StateMachineUpdater.java:lambda$new$0(89)) - 4b08603e-a2c1-4ef0-b5a8-ac91ab9d3d00@group-E9E2C6A009D3-StateMachineUpdater: snapshotIndex: updateIncreasingly -1 -> 1
2021-04-26 08:57:57,655 [ForkJoinPool.commonPool-worker-1] INFO  metrics.RatisMetrics (RatisMetrics.java:unregister(43)) - Unregistering Metrics Registry : ratis.leader_election.3e3f1c58-71d4-4b4b-a4fa-fbb64653de38@group-4777C1971FFE
2021-04-26 08:57:57,655 [4b08603e-a2c1-4ef0-b5a8-ac91ab9d3d00@group-E9E2C6A009D3-StateMachineUpdater] INFO  metrics.RatisMetrics (RatisMetrics.java:unregister(43)) - Unregistering Metrics Registry : ratis.state_machine.4b08603e-a2c1-4ef0-b5a8-ac91ab9d3d00@group-E9E2C6A009D3
2021-04-26 08:57:57,656 [ForkJoinPool.commonPool-worker-1] INFO  metrics.RatisMetrics (RatisMetrics.java:unregister(43)) - Unregistering Metrics Registry : ratis.server.3e3f1c58-71d4-4b4b-a4fa-fbb64653de38@group-4777C1971FFE
2021-04-26 08:57:57,656 [ForkJoinPool.commonPool-worker-1] INFO  server.RaftServer$Division (RaftServerImpl.java:lambda$close$4(406)) - 3e3f1c58-71d4-4b4b-a4fa-fbb64653de38@group-0C0D581C6C1B: shutdown
2021-04-26 08:57:57,656 [ForkJoinPool.commonPool-worker-1] INFO  util.JmxRegister (JmxRegister.java:unregister(73)) - Successfully un-registered JMX Bean with object name Ratis:service=RaftServer,group=group-0C0D581C6C1B,id=3e3f1c58-71d4-4b4b-a4fa-fbb64653de38
2021-04-26 08:57:57,656 [ForkJoinPool.commonPool-worker-1] INFO  impl.RoleInfo (RoleInfo.java:shutdownLeaderState(91)) - 3e3f1c58-71d4-4b4b-a4fa-fbb64653de38: shutdown 3e3f1c58-71d4-4b4b-a4fa-fbb64653de38@group-0C0D581C6C1B-LeaderStateImpl
2021-04-26 08:57:57,656 [ForkJoinPool.commonPool-worker-1] INFO  impl.PendingRequests (PendingRequests.java:sendNotLeaderResponses(249)) - 3e3f1c58-71d4-4b4b-a4fa-fbb64653de38@group-0C0D581C6C1B-PendingRequests: sendNotLeaderResponses
2021-04-26 08:57:57,656 [Listener at 127.0.0.1/35725] INFO  server.RaftServer$Division (ServerState.java:close(405)) - 4b08603e-a2c1-4ef0-b5a8-ac91ab9d3d00@group-E9E2C6A009D3: closes. applyIndex: 1
2021-04-26 08:57:57,656 [4b08603e-a2c1-4ef0-b5a8-ac91ab9d3d00@group-E9E2C6A009D3-SegmentedRaftLogWorker] INFO  segmented.SegmentedRaftLogWorker (SegmentedRaftLogWorker.java:run(327)) - 4b08603e-a2c1-4ef0-b5a8-ac91ab9d3d00@group-E9E2C6A009D3-SegmentedRaftLogWorker was interrupted, exiting. There are 0 tasks remaining in the queue.
2021-04-26 08:57:57,657 [ForkJoinPool.commonPool-worker-1] INFO  metrics.RatisMetrics (RatisMetrics.java:unregister(43)) - Unregistering Metrics Registry : ratis.log_appender.3e3f1c58-71d4-4b4b-a4fa-fbb64653de38@group-0C0D581C6C1B
2021-04-26 08:57:57,657 [ForkJoinPool.commonPool-worker-1] INFO  metrics.RatisMetrics (RatisMetrics.java:unregister(43)) - Unregistering Metrics Registry : ratis.server.3e3f1c58-71d4-4b4b-a4fa-fbb64653de38@group-0C0D581C6C1B
2021-04-26 08:57:57,658 [3e3f1c58-71d4-4b4b-a4fa-fbb64653de38@group-0C0D581C6C1B-StateMachineUpdater] INFO  ratis.ContainerStateMachine (ContainerStateMachine.java:takeSnapshot(292)) - group-0C0D581C6C1B: Taking a snapshot at:(t:1, i:0) file /github/workspace/mnt/ozone/hadoop-ozone/integration-test/target/test-dir/MiniOzoneClusterImpl-80072cdf-ce72-42fa-91c0-6b866cc407f5/datanode-1/data/ratis/57aae860-35d8-41d9-9614-0c0d581c6c1b/sm/snapshot.1_0
2021-04-26 08:57:57,658 [ForkJoinPool.commonPool-worker-1] INFO  impl.StateMachineUpdater (StateMachineUpdater.java:stopAndJoin(149)) - 3e3f1c58-71d4-4b4b-a4fa-fbb64653de38@group-0C0D581C6C1B-StateMachineUpdater: set stopIndex = 0
2021-04-26 08:57:57,659 [3e3f1c58-71d4-4b4b-a4fa-fbb64653de38@group-0C0D581C6C1B-StateMachineUpdater] INFO  ratis.ContainerStateMachine (ContainerStateMachine.java:takeSnapshot(303)) - group-0C0D581C6C1B: Finished taking a snapshot at:(t:1, i:0) file:/github/workspace/mnt/ozone/hadoop-ozone/integration-test/target/test-dir/MiniOzoneClusterImpl-80072cdf-ce72-42fa-91c0-6b866cc407f5/datanode-1/data/ratis/57aae860-35d8-41d9-9614-0c0d581c6c1b/sm/snapshot.1_0 took: 1 ms
2021-04-26 08:57:57,659 [Listener at 127.0.0.1/35725] INFO  segmented.SegmentedRaftLogWorker (SegmentedRaftLogWorker.java:close(237)) - 4b08603e-a2c1-4ef0-b5a8-ac91ab9d3d00@group-E9E2C6A009D3-SegmentedRaftLogWorker close()
2021-04-26 08:57:57,659 [3e3f1c58-71d4-4b4b-a4fa-fbb64653de38@group-0C0D581C6C1B-StateMachineUpdater] INFO  impl.StateMachineUpdater (StateMachineUpdater.java:takeSnapshot(281)) - 3e3f1c58-71d4-4b4b-a4fa-fbb64653de38@group-0C0D581C6C1B-StateMachineUpdater: Took a snapshot at index 0
2021-04-26 08:57:57,659 [3e3f1c58-71d4-4b4b-a4fa-fbb64653de38@group-0C0D581C6C1B-StateMachineUpdater] INFO  impl.StateMachineUpdater (StateMachineUpdater.java:lambda$new$0(89)) - 3e3f1c58-71d4-4b4b-a4fa-fbb64653de38@group-0C0D581C6C1B-StateMachineUpdater: snapshotIndex: updateIncreasingly -1 -> 0
2021-04-26 08:57:57,659 [Listener at 127.0.0.1/35725] INFO  metrics.RatisMetrics (RatisMetrics.java:unregister(43)) - Unregistering Metrics Registry : ratis.log_worker.4b08603e-a2c1-4ef0-b5a8-ac91ab9d3d00@group-E9E2C6A009D3
2021-04-26 08:57:57,660 [3e3f1c58-71d4-4b4b-a4fa-fbb64653de38@group-0C0D581C6C1B-StateMachineUpdater] INFO  metrics.RatisMetrics (RatisMetrics.java:unregister(43)) - Unregistering Metrics Registry : ratis.state_machine.3e3f1c58-71d4-4b4b-a4fa-fbb64653de38@group-0C0D581C6C1B
2021-04-26 08:57:57,660 [Listener at 127.0.0.1/35725] INFO  metrics.RatisMetrics (RatisMetrics.java:unregister(43)) - Unregistering Metrics Registry : ratis.leader_election.4b08603e-a2c1-4ef0-b5a8-ac91ab9d3d00@group-E9E2C6A009D3
2021-04-26 08:57:57,660 [Listener at 127.0.0.1/35725] INFO  metrics.RatisMetrics (RatisMetrics.java:unregister(43)) - Unregistering Metrics Registry : ratis.server.4b08603e-a2c1-4ef0-b5a8-ac91ab9d3d00@group-E9E2C6A009D3
2021-04-26 08:57:57,660 [Listener at 127.0.0.1/35725] INFO  server.RaftServer$Division (RaftServerImpl.java:lambda$close$4(406)) - 4b08603e-a2c1-4ef0-b5a8-ac91ab9d3d00@group-F3DC82548717: shutdown
2021-04-26 08:57:57,660 [Listener at 127.0.0.1/35725] INFO  util.JmxRegister (JmxRegister.java:unregister(73)) - Successfully un-registered JMX Bean with object name Ratis:service=RaftServer,group=group-F3DC82548717,id=4b08603e-a2c1-4ef0-b5a8-ac91ab9d3d00
2021-04-26 08:57:57,661 [Listener at 127.0.0.1/35725] INFO  impl.RoleInfo (RoleInfo.java:shutdownLeaderState(91)) - 4b08603e-a2c1-4ef0-b5a8-ac91ab9d3d00: shutdown 4b08603e-a2c1-4ef0-b5a8-ac91ab9d3d00@group-F3DC82548717-LeaderStateImpl
2021-04-26 08:57:57,662 [Listener at 127.0.0.1/35725] INFO  impl.PendingRequests (PendingRequests.java:sendNotLeaderResponses(249)) - 4b08603e-a2c1-4ef0-b5a8-ac91ab9d3d00@group-F3DC82548717-PendingRequests: sendNotLeaderResponses
2021-04-26 08:57:57,663 [Listener at 127.0.0.1/35725] INFO  metrics.RatisMetrics (RatisMetrics.java:unregister(43)) - Unregistering Metrics Registry : ratis.log_appender.4b08603e-a2c1-4ef0-b5a8-ac91ab9d3d00@group-F3DC82548717
2021-04-26 08:57:57,663 [Listener at 127.0.0.1/35725] INFO  metrics.RatisMetrics (RatisMetrics.java:unregister(43)) - Unregistering Metrics Registry : ratis.server.4b08603e-a2c1-4ef0-b5a8-ac91ab9d3d00@group-F3DC82548717
2021-04-26 08:57:57,662 [ForkJoinPool.commonPool-worker-1] INFO  server.RaftServer$Division (ServerState.java:close(405)) - 3e3f1c58-71d4-4b4b-a4fa-fbb64653de38@group-0C0D581C6C1B: closes. applyIndex: 0
2021-04-26 08:57:57,663 [3e3f1c58-71d4-4b4b-a4fa-fbb64653de38@group-0C0D581C6C1B-SegmentedRaftLogWorker] INFO  segmented.SegmentedRaftLogWorker (SegmentedRaftLogWorker.java:run(327)) - 3e3f1c58-71d4-4b4b-a4fa-fbb64653de38@group-0C0D581C6C1B-SegmentedRaftLogWorker was interrupted, exiting. There are 0 tasks remaining in the queue.
2021-04-26 08:57:57,663 [ForkJoinPool.commonPool-worker-1] INFO  segmented.SegmentedRaftLogWorker (SegmentedRaftLogWorker.java:close(237)) - 3e3f1c58-71d4-4b4b-a4fa-fbb64653de38@group-0C0D581C6C1B-SegmentedRaftLogWorker close()
2021-04-26 08:57:57,666 [ForkJoinPool.commonPool-worker-1] INFO  metrics.RatisMetrics (RatisMetrics.java:unregister(43)) - Unregistering Metrics Registry : ratis.log_worker.3e3f1c58-71d4-4b4b-a4fa-fbb64653de38@group-0C0D581C6C1B
2021-04-26 08:57:57,666 [ForkJoinPool.commonPool-worker-1] INFO  metrics.RatisMetrics (RatisMetrics.java:unregister(43)) - Unregistering Metrics Registry : ratis.leader_election.3e3f1c58-71d4-4b4b-a4fa-fbb64653de38@group-0C0D581C6C1B
2021-04-26 08:57:57,666 [ForkJoinPool.commonPool-worker-1] INFO  metrics.RatisMetrics (RatisMetrics.java:unregister(43)) - Unregistering Metrics Registry : ratis.server.3e3f1c58-71d4-4b4b-a4fa-fbb64653de38@group-0C0D581C6C1B
2021-04-26 08:57:57,666 [ForkJoinPool.commonPool-worker-1] INFO  server.GrpcService (GrpcService.java:closeImpl(262)) - 3e3f1c58-71d4-4b4b-a4fa-fbb64653de38: shutdown server with port 39811 now
2021-04-26 08:57:57,670 [Listener at 127.0.0.1/35725] INFO  impl.StateMachineUpdater (StateMachineUpdater.java:stopAndJoin(149)) - 4b08603e-a2c1-4ef0-b5a8-ac91ab9d3d00@group-F3DC82548717-StateMachineUpdater: set stopIndex = 0
2021-04-26 08:57:57,670 [4b08603e-a2c1-4ef0-b5a8-ac91ab9d3d00@group-F3DC82548717-StateMachineUpdater] INFO  ratis.ContainerStateMachine (ContainerStateMachine.java:takeSnapshot(292)) - group-F3DC82548717: Taking a snapshot at:(t:1, i:0) file /github/workspace/mnt/ozone/hadoop-ozone/integration-test/target/test-dir/MiniOzoneClusterImpl-80072cdf-ce72-42fa-91c0-6b866cc407f5/datanode-8/data/ratis/1d2af344-cdb4-4968-9dbb-f3dc82548717/sm/snapshot.1_0
2021-04-26 08:57:57,674 [ForkJoinPool.commonPool-worker-1] INFO  server.GrpcService (GrpcService.java:closeImpl(271)) - 3e3f1c58-71d4-4b4b-a4fa-fbb64653de38: shutdown server with port 39811 successfully
2021-04-26 08:57:57,674 [4b08603e-a2c1-4ef0-b5a8-ac91ab9d3d00@group-F3DC82548717-StateMachineUpdater] INFO  ratis.ContainerStateMachine (ContainerStateMachine.java:takeSnapshot(303)) - group-F3DC82548717: Finished taking a snapshot at:(t:1, i:0) file:/github/workspace/mnt/ozone/hadoop-ozone/integration-test/target/test-dir/MiniOzoneClusterImpl-80072cdf-ce72-42fa-91c0-6b866cc407f5/datanode-8/data/ratis/1d2af344-cdb4-4968-9dbb-f3dc82548717/sm/snapshot.1_0 took: 4 ms
2021-04-26 08:57:57,680 [org.apache.ratis.util.JvmPauseMonitor$$Lambda$504/221029289@44c9c1eb] INFO  util.JvmPauseMonitor (JvmPauseMonitor.java:run(109)) - JvmPauseMonitor-3e3f1c58-71d4-4b4b-a4fa-fbb64653de38: Stopped
2021-04-26 08:57:57,680 [4b08603e-a2c1-4ef0-b5a8-ac91ab9d3d00@group-F3DC82548717-StateMachineUpdater] INFO  impl.StateMachineUpdater (StateMachineUpdater.java:takeSnapshot(281)) - 4b08603e-a2c1-4ef0-b5a8-ac91ab9d3d00@group-F3DC82548717-StateMachineUpdater: Took a snapshot at index 0
2021-04-26 08:57:57,680 [4b08603e-a2c1-4ef0-b5a8-ac91ab9d3d00@group-F3DC82548717-StateMachineUpdater] INFO  impl.StateMachineUpdater (StateMachineUpdater.java:lambda$new$0(89)) - 4b08603e-a2c1-4ef0-b5a8-ac91ab9d3d00@group-F3DC82548717-StateMachineUpdater: snapshotIndex: updateIncreasingly -1 -> 0
2021-04-26 08:57:57,680 [4b08603e-a2c1-4ef0-b5a8-ac91ab9d3d00@group-F3DC82548717-StateMachineUpdater] INFO  metrics.RatisMetrics (RatisMetrics.java:unregister(43)) - Unregistering Metrics Registry : ratis.state_machine.4b08603e-a2c1-4ef0-b5a8-ac91ab9d3d00@group-F3DC82548717
2021-04-26 08:57:57,681 [Listener at 127.0.0.1/35725] INFO  server.RaftServer$Division (ServerState.java:close(405)) - 4b08603e-a2c1-4ef0-b5a8-ac91ab9d3d00@group-F3DC82548717: closes. applyIndex: 0
2021-04-26 08:57:57,682 [4b08603e-a2c1-4ef0-b5a8-ac91ab9d3d00@group-F3DC82548717-SegmentedRaftLogWorker] INFO  segmented.SegmentedRaftLogWorker (SegmentedRaftLogWorker.java:run(327)) - 4b08603e-a2c1-4ef0-b5a8-ac91ab9d3d00@group-F3DC82548717-SegmentedRaftLogWorker was interrupted, exiting. There are 0 tasks remaining in the queue.
2021-04-26 08:57:57,683 [Listener at 127.0.0.1/35725] INFO  segmented.SegmentedRaftLogWorker (SegmentedRaftLogWorker.java:close(237)) - 4b08603e-a2c1-4ef0-b5a8-ac91ab9d3d00@group-F3DC82548717-SegmentedRaftLogWorker close()
2021-04-26 08:57:57,684 [ForkJoinPool.commonPool-worker-1] INFO  utils.BackgroundService (BackgroundService.java:shutdown(132)) - Shutting down service BlockDeletingService
2021-04-26 08:57:57,684 [Listener at 127.0.0.1/35725] INFO  metrics.RatisMetrics (RatisMetrics.java:unregister(43)) - Unregistering Metrics Registry : ratis.log_worker.4b08603e-a2c1-4ef0-b5a8-ac91ab9d3d00@group-F3DC82548717
2021-04-26 08:57:57,684 [Listener at 127.0.0.1/35725] INFO  metrics.RatisMetrics (RatisMetrics.java:unregister(43)) - Unregistering Metrics Registry : ratis.leader_election.4b08603e-a2c1-4ef0-b5a8-ac91ab9d3d00@group-F3DC82548717
2021-04-26 08:57:57,685 [Listener at 127.0.0.1/35725] INFO  metrics.RatisMetrics (RatisMetrics.java:unregister(43)) - Unregistering Metrics Registry : ratis.server.4b08603e-a2c1-4ef0-b5a8-ac91ab9d3d00@group-F3DC82548717
2021-04-26 08:57:57,685 [Listener at 127.0.0.1/35725] INFO  server.GrpcService (GrpcService.java:closeImpl(262)) - 4b08603e-a2c1-4ef0-b5a8-ac91ab9d3d00: shutdown server with port 35733 now
2021-04-26 08:57:57,685 [ForkJoinPool.commonPool-worker-1] INFO  statemachine.DatanodeStateMachine (DatanodeStateMachine.java:stopDaemon(469)) - Ozone container server stopped.
2021-04-26 08:57:57,687 [grpc-default-executor-4] WARN  server.GrpcLogAppender (LogUtils.java:warn(122)) - 54deb671-31b1-41db-855f-b4cb6a4dc3be@group-E9E2C6A009D3->4b08603e-a2c1-4ef0-b5a8-ac91ab9d3d00-AppendLogResponseHandler: Failed appendEntries: org.apache.ratis.thirdparty.io.grpc.StatusRuntimeException: CANCELLED: HTTP/2 error code: CANCEL
Received Rst Stream
2021-04-26 08:57:57,687 [grpc-default-executor-4] INFO  leader.FollowerInfo (FollowerInfoImpl.java:lambda$new$0(46)) - 54deb671-31b1-41db-855f-b4cb6a4dc3be@group-E9E2C6A009D3->4b08603e-a2c1-4ef0-b5a8-ac91ab9d3d00: nextIndex: updateUnconditionally 3 -> 2
2021-04-26 08:57:57,687 [grpc-default-executor-2] WARN  server.GrpcServerProtocolService (LogUtils.java:warn(122)) - 4b08603e-a2c1-4ef0-b5a8-ac91ab9d3d00: installSnapshot onError, lastRequest: 54deb671-31b1-41db-855f-b4cb6a4dc3be->4b08603e-a2c1-4ef0-b5a8-ac91ab9d3d00#2-t2,previous=(t:2, i:1),leaderCommit=1,initializing? true,entries: size=1, first=(t:2, i:2), METADATAENTRY(c:1): org.apache.ratis.thirdparty.io.grpc.StatusRuntimeException: CANCELLED: client cancelled
2021-04-26 08:57:57,687 [Listener at 127.0.0.1/35725] INFO  server.GrpcService (GrpcService.java:closeImpl(271)) - 4b08603e-a2c1-4ef0-b5a8-ac91ab9d3d00: shutdown server with port 35733 successfully
2021-04-26 08:57:57,687 [org.apache.ratis.util.JvmPauseMonitor$$Lambda$504/221029289@55eeafd4] INFO  util.JvmPauseMonitor (JvmPauseMonitor.java:run(109)) - JvmPauseMonitor-4b08603e-a2c1-4ef0-b5a8-ac91ab9d3d00: Stopped
2021-04-26 08:57:57,688 [Listener at 127.0.0.1/35725] INFO  utils.BackgroundService (BackgroundService.java:shutdown(132)) - Shutting down service BlockDeletingService
2021-04-26 08:57:57,689 [Listener at 127.0.0.1/35725] INFO  statemachine.DatanodeStateMachine (DatanodeStateMachine.java:stopDaemon(469)) - Ozone container server stopped.
2021-04-26 08:57:57,694 [grpc-default-executor-1] WARN  server.GrpcLogAppender (LogUtils.java:warn(122)) - 54deb671-31b1-41db-855f-b4cb6a4dc3be@group-E9E2C6A009D3->4b08603e-a2c1-4ef0-b5a8-ac91ab9d3d00-AppendLogResponseHandler: Failed appendEntries: org.apache.ratis.thirdparty.io.grpc.StatusRuntimeException: UNAVAILABLE: io exception
2021-04-26 08:57:57,694 [grpc-default-executor-1] INFO  leader.FollowerInfo (FollowerInfoImpl.java:lambda$new$0(46)) - 54deb671-31b1-41db-855f-b4cb6a4dc3be@group-E9E2C6A009D3->4b08603e-a2c1-4ef0-b5a8-ac91ab9d3d00: nextIndex: updateUnconditionally 3 -> 2
2021-04-26 08:57:57,711 [Listener at 127.0.0.1/35725] INFO  handler.ContextHandler (ContextHandler.java:doStop(1154)) - Stopped o.e.j.w.WebAppContext@6f99d91f{hddsDatanode,/,null,STOPPED}{jar:file:/home/user/.m2/repository/org/apache/hadoop/hadoop-hdds-container-service/1.2.0-SNAPSHOT/hadoop-hdds-container-service-1.2.0-SNAPSHOT.jar!/webapps/hddsDatanode}
2021-04-26 08:57:57,714 [Listener at 127.0.0.1/35725] INFO  server.AbstractConnector (AbstractConnector.java:doStop(381)) - Stopped ServerConnector@493f14e7{HTTP/1.1, (http/1.1)}{0.0.0.0:0}
2021-04-26 08:57:57,714 [Listener at 127.0.0.1/35725] INFO  server.session (HouseKeeper.java:stopScavenging(149)) - node0 Stopped scavenging
2021-04-26 08:57:57,715 [Listener at 127.0.0.1/35725] INFO  handler.ContextHandler (ContextHandler.java:doStop(1154)) - Stopped o.e.j.s.ServletContextHandler@4267edd9{static,/static,jar:file:/home/user/.m2/repository/org/apache/hadoop/hadoop-hdds-container-service/1.2.0-SNAPSHOT/hadoop-hdds-container-service-1.2.0-SNAPSHOT.jar!/webapps/static,STOPPED}
2021-04-26 08:57:57,715 [Listener at 127.0.0.1/35725] INFO  handler.ContextHandler (ContextHandler.java:doStop(1154)) - Stopped o.e.j.s.ServletContextHandler@6bd02ccb{logs,/logs,file:///github/workspace/mnt/ozone/hadoop-ozone/integration-test/target/log,STOPPED}
2021-04-26 08:57:57,716 [ForkJoinPool.commonPool-worker-1] INFO  handler.ContextHandler (ContextHandler.java:doStop(1154)) - Stopped o.e.j.w.WebAppContext@3a23241e{hddsDatanode,/,null,STOPPED}{jar:file:/home/user/.m2/repository/org/apache/hadoop/hadoop-hdds-container-service/1.2.0-SNAPSHOT/hadoop-hdds-container-service-1.2.0-SNAPSHOT.jar!/webapps/hddsDatanode}
2021-04-26 08:57:57,718 [ForkJoinPool.commonPool-worker-1] INFO  server.AbstractConnector (AbstractConnector.java:doStop(381)) - Stopped ServerConnector@57594b{HTTP/1.1, (http/1.1)}{0.0.0.0:0}
2021-04-26 08:57:57,718 [ForkJoinPool.commonPool-worker-1] INFO  server.session (HouseKeeper.java:stopScavenging(149)) - node0 Stopped scavenging
2021-04-26 08:57:57,719 [ForkJoinPool.commonPool-worker-1] INFO  handler.ContextHandler (ContextHandler.java:doStop(1154)) - Stopped o.e.j.s.ServletContextHandler@699f5e36{static,/static,jar:file:/home/user/.m2/repository/org/apache/hadoop/hadoop-hdds-container-service/1.2.0-SNAPSHOT/hadoop-hdds-container-service-1.2.0-SNAPSHOT.jar!/webapps/static,STOPPED}
2021-04-26 08:57:57,719 [ForkJoinPool.commonPool-worker-1] INFO  handler.ContextHandler (ContextHandler.java:doStop(1154)) - Stopped o.e.j.s.ServletContextHandler@37cf8e35{logs,/logs,file:///github/workspace/mnt/ozone/hadoop-ozone/integration-test/target/log,STOPPED}
2021-04-26 08:57:57,996 [Datanode State Machine Thread - 0] INFO  statemachine.DatanodeStateMachine (DatanodeStateMachine.java:lambda$startDaemon$0(411)) - Ozone container server started.
2021-04-26 08:57:59,525 [grpc-default-executor-2] WARN  server.GrpcLogAppender (LogUtils.java:warn(122)) - 54deb671-31b1-41db-855f-b4cb6a4dc3be@group-E9E2C6A009D3->bdd1f724-d5b6-4784-ba93-1388b38fcec3-AppendLogResponseHandler: Failed appendEntries: org.apache.ratis.thirdparty.io.grpc.StatusRuntimeException: UNAVAILABLE: io exception
2021-04-26 08:57:59,526 [grpc-default-executor-2] WARN  server.GrpcLogAppender (GrpcLogAppender.java:resetClient(111)) - 54deb671-31b1-41db-855f-b4cb6a4dc3be@group-E9E2C6A009D3->bdd1f724-d5b6-4784-ba93-1388b38fcec3-GrpcLogAppender: Leader has not got in touch with Follower 54deb671-31b1-41db-855f-b4cb6a4dc3be@group-E9E2C6A009D3->bdd1f724-d5b6-4784-ba93-1388b38fcec3(c-1,m0,n3, attendVote=true, lastRpcSendTime=0, lastRpcResponseTime=7728) yet, just keep nextIndex unchanged and retry.
2021-04-26 08:58:00,194 [grpc-default-executor-2] WARN  server.GrpcLogAppender (LogUtils.java:warn(122)) - 54deb671-31b1-41db-855f-b4cb6a4dc3be@group-E9E2C6A009D3->4b08603e-a2c1-4ef0-b5a8-ac91ab9d3d00-AppendLogResponseHandler: Failed appendEntries: org.apache.ratis.thirdparty.io.grpc.StatusRuntimeException: UNAVAILABLE: io exception
2021-04-26 08:58:00,195 [grpc-default-executor-2] INFO  leader.FollowerInfo (FollowerInfoImpl.java:lambda$new$0(46)) - 54deb671-31b1-41db-855f-b4cb6a4dc3be@group-E9E2C6A009D3->4b08603e-a2c1-4ef0-b5a8-ac91ab9d3d00: nextIndex: updateUnconditionally 3 -> 2
2021-04-26 08:58:02,025 [grpc-default-executor-2] WARN  server.GrpcLogAppender (LogUtils.java:warn(122)) - 54deb671-31b1-41db-855f-b4cb6a4dc3be@group-E9E2C6A009D3->bdd1f724-d5b6-4784-ba93-1388b38fcec3-AppendLogResponseHandler: Failed appendEntries: org.apache.ratis.thirdparty.io.grpc.StatusRuntimeException: UNAVAILABLE: io exception
2021-04-26 08:58:02,026 [grpc-default-executor-2] WARN  server.GrpcLogAppender (GrpcLogAppender.java:resetClient(111)) - 54deb671-31b1-41db-855f-b4cb6a4dc3be@group-E9E2C6A009D3->bdd1f724-d5b6-4784-ba93-1388b38fcec3-GrpcLogAppender: Leader has not got in touch with Follower 54deb671-31b1-41db-855f-b4cb6a4dc3be@group-E9E2C6A009D3->bdd1f724-d5b6-4784-ba93-1388b38fcec3(c-1,m0,n3, attendVote=true, lastRpcSendTime=0, lastRpcResponseTime=10229) yet, just keep nextIndex unchanged and retry.
2021-04-26 08:58:02,241 [54deb671-31b1-41db-855f-b4cb6a4dc3be@group-E9E2C6A009D3-LeaderStateImpl] WARN  server.RaftServer$Division (LeaderStateImpl.java:checkLeadership(944)) - 54deb671-31b1-41db-855f-b4cb6a4dc3be@group-E9E2C6A009D3-LeaderStateImpl: Lost leadership on term: 2. Election timeout: 5200ms. In charge for: 5246ms. Conf: 1: [bdd1f724-d5b6-4784-ba93-1388b38fcec3|rpc:172.17.0.2:39283|dataStream:|priority:1, 54deb671-31b1-41db-855f-b4cb6a4dc3be|rpc:172.17.0.2:33455|dataStream:|priority:0, 4b08603e-a2c1-4ef0-b5a8-ac91ab9d3d00|rpc:172.17.0.2:35733|dataStream:|priority:0], old=null
2021-04-26 08:58:02,242 [54deb671-31b1-41db-855f-b4cb6a4dc3be@group-E9E2C6A009D3-LeaderStateImpl] WARN  server.RaftServer$Division (LeaderStateImpl.java:lambda$checkLeadership$15(948)) - Follower 54deb671-31b1-41db-855f-b4cb6a4dc3be@group-E9E2C6A009D3->bdd1f724-d5b6-4784-ba93-1388b38fcec3(c-1,m0,n3, attendVote=true, lastRpcSendTime=217, lastRpcResponseTime=10445)
2021-04-26 08:58:02,242 [54deb671-31b1-41db-855f-b4cb6a4dc3be@group-E9E2C6A009D3-LeaderStateImpl] WARN  server.RaftServer$Division (LeaderStateImpl.java:lambda$checkLeadership$15(948)) - Follower 54deb671-31b1-41db-855f-b4cb6a4dc3be@group-E9E2C6A009D3->4b08603e-a2c1-4ef0-b5a8-ac91ab9d3d00(c1,m2,n2, attendVote=true, lastRpcSendTime=2048, lastRpcResponseTime=5209)
2021-04-26 08:58:02,243 [54deb671-31b1-41db-855f-b4cb6a4dc3be@group-E9E2C6A009D3-LeaderStateImpl] INFO  server.RaftServer$Division (RaftServerImpl.java:setRole(284)) - 54deb671-31b1-41db-855f-b4cb6a4dc3be@group-E9E2C6A009D3: changes role from    LEADER to FOLLOWER at term 2 for StepDownReason:LOST_MAJORITY_HEARTBEATS
2021-04-26 08:58:02,243 [54deb671-31b1-41db-855f-b4cb6a4dc3be@group-E9E2C6A009D3-LeaderStateImpl] INFO  impl.RoleInfo (RoleInfo.java:shutdownLeaderState(91)) - 54deb671-31b1-41db-855f-b4cb6a4dc3be: shutdown 54deb671-31b1-41db-855f-b4cb6a4dc3be@group-E9E2C6A009D3-LeaderStateImpl
2021-04-26 08:58:02,243 [54deb671-31b1-41db-855f-b4cb6a4dc3be@group-E9E2C6A009D3-LeaderStateImpl] INFO  metrics.RatisMetrics (RatisMetrics.java:unregister(43)) - Unregistering Metrics Registry : ratis_grpc.log_appender.54deb671-31b1-41db-855f-b4cb6a4dc3be@group-E9E2C6A009D3
2021-04-26 08:58:02,243 [54deb671-31b1-41db-855f-b4cb6a4dc3be@group-E9E2C6A009D3-LeaderStateImpl] INFO  metrics.RatisMetrics (RatisMetrics.java:unregister(43)) - Unregistering Metrics Registry : ratis_grpc.log_appender.54deb671-31b1-41db-855f-b4cb6a4dc3be@group-E9E2C6A009D3
2021-04-26 08:58:02,243 [54deb671-31b1-41db-855f-b4cb6a4dc3be@group-E9E2C6A009D3-LeaderStateImpl] INFO  impl.PendingRequests (PendingRequests.java:sendNotLeaderResponses(249)) - 54deb671-31b1-41db-855f-b4cb6a4dc3be@group-E9E2C6A009D3-PendingRequests: sendNotLeaderResponses
2021-04-26 08:58:02,244 [54deb671-31b1-41db-855f-b4cb6a4dc3be@group-E9E2C6A009D3->4b08603e-a2c1-4ef0-b5a8-ac91ab9d3d00-GrpcLogAppender-LogAppenderDaemon] WARN  server.GrpcLogAppender (GrpcLogAppender.java:mayWait(175)) - 54deb671-31b1-41db-855f-b4cb6a4dc3be@group-E9E2C6A009D3->4b08603e-a2c1-4ef0-b5a8-ac91ab9d3d00-GrpcLogAppender: Wait interrupted by java.lang.InterruptedException
2021-04-26 08:58:02,245 [54deb671-31b1-41db-855f-b4cb6a4dc3be@group-E9E2C6A009D3-LeaderStateImpl] INFO  metrics.RatisMetrics (RatisMetrics.java:unregister(43)) - Unregistering Metrics Registry : ratis.log_appender.54deb671-31b1-41db-855f-b4cb6a4dc3be@group-E9E2C6A009D3
2021-04-26 08:58:02,245 [54deb671-31b1-41db-855f-b4cb6a4dc3be@group-E9E2C6A009D3-LeaderStateImpl] INFO  metrics.RatisMetrics (RatisMetrics.java:unregister(43)) - Unregistering Metrics Registry : ratis.server.54deb671-31b1-41db-855f-b4cb6a4dc3be@group-E9E2C6A009D3
2021-04-26 08:58:02,245 [54deb671-31b1-41db-855f-b4cb6a4dc3be@group-E9E2C6A009D3-LeaderStateImpl] INFO  impl.RoleInfo (RoleInfo.java:updateAndGet(130)) - 54deb671-31b1-41db-855f-b4cb6a4dc3be: start 54deb671-31b1-41db-855f-b4cb6a4dc3be@group-E9E2C6A009D3-FollowerState
2021-04-26 08:58:02,719 [Listener at 127.0.0.1/35725] INFO  ozoneimpl.OzoneContainer (OzoneContainer.java:stop(313)) - Attempting to stop container services.
2021-04-26 08:58:02,722 [Listener at 127.0.0.1/35725] INFO  server.RaftServer (RaftServerProxy.java:lambda$close$6(391)) - 54deb671-31b1-41db-855f-b4cb6a4dc3be: close
2021-04-26 08:58:02,722 [Listener at 127.0.0.1/35725] INFO  server.RaftServer$Division (RaftServerImpl.java:lambda$close$4(406)) - 54deb671-31b1-41db-855f-b4cb6a4dc3be@group-E9E2C6A009D3: shutdown
2021-04-26 08:58:02,722 [Listener at 127.0.0.1/35725] INFO  util.JmxRegister (JmxRegister.java:unregister(73)) - Successfully un-registered JMX Bean with object name Ratis:service=RaftServer,group=group-E9E2C6A009D3,id=54deb671-31b1-41db-855f-b4cb6a4dc3be
2021-04-26 08:58:02,722 [Listener at 127.0.0.1/35725] INFO  impl.RoleInfo (RoleInfo.java:shutdownFollowerState(108)) - 54deb671-31b1-41db-855f-b4cb6a4dc3be: shutdown 54deb671-31b1-41db-855f-b4cb6a4dc3be@group-E9E2C6A009D3-FollowerState
2021-04-26 08:58:02,723 [Listener at 127.0.0.1/35725] INFO  impl.StateMachineUpdater (StateMachineUpdater.java:stopAndJoin(149)) - 54deb671-31b1-41db-855f-b4cb6a4dc3be@group-E9E2C6A009D3-StateMachineUpdater: set stopIndex = 2
2021-04-26 08:58:02,723 [54deb671-31b1-41db-855f-b4cb6a4dc3be@group-E9E2C6A009D3-FollowerState] INFO  impl.FollowerState (FollowerState.java:run(143)) - 54deb671-31b1-41db-855f-b4cb6a4dc3be@group-E9E2C6A009D3-FollowerState was interrupted: {}
java.lang.InterruptedException: sleep interrupted
	at java.lang.Thread.sleep(Native Method)
	at java.lang.Thread.sleep(Thread.java:340)
	at java.util.concurrent.TimeUnit.sleep(TimeUnit.java:386)
	at org.apache.ratis.util.TimeDuration.sleep(TimeDuration.java:324)
	at org.apache.ratis.util.TimeDuration.sleep(TimeDuration.java:309)
	at org.apache.ratis.server.impl.FollowerState.run(FollowerState.java:118)
2021-04-26 08:58:02,723 [54deb671-31b1-41db-855f-b4cb6a4dc3be@group-E9E2C6A009D3-StateMachineUpdater] INFO  ratis.ContainerStateMachine (ContainerStateMachine.java:takeSnapshot(292)) - group-E9E2C6A009D3: Taking a snapshot at:(t:2, i:2) file /github/workspace/mnt/ozone/hadoop-ozone/integration-test/target/test-dir/MiniOzoneClusterImpl-80072cdf-ce72-42fa-91c0-6b866cc407f5/datanode-6/data/ratis/4b3b9e76-0a26-48c0-b439-e9e2c6a009d3/sm/snapshot.2_2
2021-04-26 08:58:02,724 [ForkJoinPool.commonPool-worker-0] INFO  server.RaftServer$Division (RaftServerImpl.java:lambda$close$4(406)) - 54deb671-31b1-41db-855f-b4cb6a4dc3be@group-AD809E9A8B6A: shutdown
2021-04-26 08:58:02,724 [ForkJoinPool.commonPool-worker-0] INFO  util.JmxRegister (JmxRegister.java:unregister(73)) - Successfully un-registered JMX Bean with object name Ratis:service=RaftServer,group=group-AD809E9A8B6A,id=54deb671-31b1-41db-855f-b4cb6a4dc3be
2021-04-26 08:58:02,724 [ForkJoinPool.commonPool-worker-0] INFO  impl.RoleInfo (RoleInfo.java:shutdownLeaderState(91)) - 54deb671-31b1-41db-855f-b4cb6a4dc3be: shutdown 54deb671-31b1-41db-855f-b4cb6a4dc3be@group-AD809E9A8B6A-LeaderStateImpl
2021-04-26 08:58:02,724 [ForkJoinPool.commonPool-worker-0] INFO  impl.PendingRequests (PendingRequests.java:sendNotLeaderResponses(249)) - 54deb671-31b1-41db-855f-b4cb6a4dc3be@group-AD809E9A8B6A-PendingRequests: sendNotLeaderResponses
2021-04-26 08:58:02,724 [ForkJoinPool.commonPool-worker-0] INFO  metrics.RatisMetrics (RatisMetrics.java:unregister(43)) - Unregistering Metrics Registry : ratis.log_appender.54deb671-31b1-41db-855f-b4cb6a4dc3be@group-AD809E9A8B6A
2021-04-26 08:58:02,724 [ForkJoinPool.commonPool-worker-0] INFO  metrics.RatisMetrics (RatisMetrics.java:unregister(43)) - Unregistering Metrics Registry : ratis.server.54deb671-31b1-41db-855f-b4cb6a4dc3be@group-AD809E9A8B6A
2021-04-26 08:58:02,725 [54deb671-31b1-41db-855f-b4cb6a4dc3be@group-E9E2C6A009D3-StateMachineUpdater] INFO  ratis.ContainerStateMachine (ContainerStateMachine.java:takeSnapshot(303)) - group-E9E2C6A009D3: Finished taking a snapshot at:(t:2, i:2) file:/github/workspace/mnt/ozone/hadoop-ozone/integration-test/target/test-dir/MiniOzoneClusterImpl-80072cdf-ce72-42fa-91c0-6b866cc407f5/datanode-6/data/ratis/4b3b9e76-0a26-48c0-b439-e9e2c6a009d3/sm/snapshot.2_2 took: 2 ms
2021-04-26 08:58:02,725 [54deb671-31b1-41db-855f-b4cb6a4dc3be@group-E9E2C6A009D3-StateMachineUpdater] INFO  impl.StateMachineUpdater (StateMachineUpdater.java:takeSnapshot(281)) - 54deb671-31b1-41db-855f-b4cb6a4dc3be@group-E9E2C6A009D3-StateMachineUpdater: Took a snapshot at index 2
2021-04-26 08:58:02,725 [54deb671-31b1-41db-855f-b4cb6a4dc3be@group-E9E2C6A009D3-StateMachineUpdater] INFO  impl.StateMachineUpdater (StateMachineUpdater.java:lambda$new$0(89)) - 54deb671-31b1-41db-855f-b4cb6a4dc3be@group-E9E2C6A009D3-StateMachineUpdater: snapshotIndex: updateIncreasingly -1 -> 2
2021-04-26 08:58:02,725 [54deb671-31b1-41db-855f-b4cb6a4dc3be@group-E9E2C6A009D3-StateMachineUpdater] INFO  metrics.RatisMetrics (RatisMetrics.java:unregister(43)) - Unregistering Metrics Registry : ratis.state_machine.54deb671-31b1-41db-855f-b4cb6a4dc3be@group-E9E2C6A009D3
2021-04-26 08:58:02,725 [Listener at 127.0.0.1/35725] INFO  server.RaftServer$Division (ServerState.java:close(405)) - 54deb671-31b1-41db-855f-b4cb6a4dc3be@group-E9E2C6A009D3: closes. applyIndex: 2
2021-04-26 08:58:02,725 [54deb671-31b1-41db-855f-b4cb6a4dc3be@group-E9E2C6A009D3-SegmentedRaftLogWorker] INFO  segmented.SegmentedRaftLogWorker (SegmentedRaftLogWorker.java:run(327)) - 54deb671-31b1-41db-855f-b4cb6a4dc3be@group-E9E2C6A009D3-SegmentedRaftLogWorker was interrupted, exiting. There are 0 tasks remaining in the queue.
2021-04-26 08:58:02,726 [Listener at 127.0.0.1/35725] INFO  segmented.SegmentedRaftLogWorker (SegmentedRaftLogWorker.java:close(237)) - 54deb671-31b1-41db-855f-b4cb6a4dc3be@group-E9E2C6A009D3-SegmentedRaftLogWorker close()
2021-04-26 08:58:02,726 [54deb671-31b1-41db-855f-b4cb6a4dc3be@group-AD809E9A8B6A-StateMachineUpdater] INFO  ratis.ContainerStateMachine (ContainerStateMachine.java:takeSnapshot(292)) - group-AD809E9A8B6A: Taking a snapshot at:(t:1, i:0) file /github/workspace/mnt/ozone/hadoop-ozone/integration-test/target/test-dir/MiniOzoneClusterImpl-80072cdf-ce72-42fa-91c0-6b866cc407f5/datanode-6/data/ratis/bfbecdd8-21d6-4bcf-89b5-ad809e9a8b6a/sm/snapshot.1_0
2021-04-26 08:58:02,726 [Listener at 127.0.0.1/35725] INFO  metrics.RatisMetrics (RatisMetrics.java:unregister(43)) - Unregistering Metrics Registry : ratis.log_worker.54deb671-31b1-41db-855f-b4cb6a4dc3be@group-E9E2C6A009D3
2021-04-26 08:58:02,727 [Listener at 127.0.0.1/35725] INFO  metrics.RatisMetrics (RatisMetrics.java:unregister(43)) - Unregistering Metrics Registry : ratis.leader_election.54deb671-31b1-41db-855f-b4cb6a4dc3be@group-E9E2C6A009D3
2021-04-26 08:58:02,727 [Listener at 127.0.0.1/35725] INFO  metrics.RatisMetrics (RatisMetrics.java:unregister(43)) - Unregistering Metrics Registry : ratis.server.54deb671-31b1-41db-855f-b4cb6a4dc3be@group-E9E2C6A009D3
2021-04-26 08:58:02,726 [ForkJoinPool.commonPool-worker-0] INFO  impl.StateMachineUpdater (StateMachineUpdater.java:stopAndJoin(149)) - 54deb671-31b1-41db-855f-b4cb6a4dc3be@group-AD809E9A8B6A-StateMachineUpdater: set stopIndex = 0
2021-04-26 08:58:02,728 [54deb671-31b1-41db-855f-b4cb6a4dc3be@group-AD809E9A8B6A-StateMachineUpdater] INFO  ratis.ContainerStateMachine (ContainerStateMachine.java:takeSnapshot(303)) - group-AD809E9A8B6A: Finished taking a snapshot at:(t:1, i:0) file:/github/workspace/mnt/ozone/hadoop-ozone/integration-test/target/test-dir/MiniOzoneClusterImpl-80072cdf-ce72-42fa-91c0-6b866cc407f5/datanode-6/data/ratis/bfbecdd8-21d6-4bcf-89b5-ad809e9a8b6a/sm/snapshot.1_0 took: 2 ms
2021-04-26 08:58:02,728 [54deb671-31b1-41db-855f-b4cb6a4dc3be@group-AD809E9A8B6A-StateMachineUpdater] INFO  impl.StateMachineUpdater (StateMachineUpdater.java:takeSnapshot(281)) - 54deb671-31b1-41db-855f-b4cb6a4dc3be@group-AD809E9A8B6A-StateMachineUpdater: Took a snapshot at index 0
2021-04-26 08:58:02,728 [54deb671-31b1-41db-855f-b4cb6a4dc3be@group-AD809E9A8B6A-StateMachineUpdater] INFO  impl.StateMachineUpdater (StateMachineUpdater.java:lambda$new$0(89)) - 54deb671-31b1-41db-855f-b4cb6a4dc3be@group-AD809E9A8B6A-StateMachineUpdater: snapshotIndex: updateIncreasingly -1 -> 0
2021-04-26 08:58:02,728 [54deb671-31b1-41db-855f-b4cb6a4dc3be@group-AD809E9A8B6A-StateMachineUpdater] INFO  metrics.RatisMetrics (RatisMetrics.java:unregister(43)) - Unregistering Metrics Registry : ratis.state_machine.54deb671-31b1-41db-855f-b4cb6a4dc3be@group-AD809E9A8B6A
2021-04-26 08:58:02,729 [ForkJoinPool.commonPool-worker-0] INFO  server.RaftServer$Division (ServerState.java:close(405)) - 54deb671-31b1-41db-855f-b4cb6a4dc3be@group-AD809E9A8B6A: closes. applyIndex: 0
2021-04-26 08:58:02,729 [54deb671-31b1-41db-855f-b4cb6a4dc3be@group-AD809E9A8B6A-SegmentedRaftLogWorker] INFO  segmented.SegmentedRaftLogWorker (SegmentedRaftLogWorker.java:run(327)) - 54deb671-31b1-41db-855f-b4cb6a4dc3be@group-AD809E9A8B6A-SegmentedRaftLogWorker was interrupted, exiting. There are 0 tasks remaining in the queue.
2021-04-26 08:58:02,729 [ForkJoinPool.commonPool-worker-0] INFO  segmented.SegmentedRaftLogWorker (SegmentedRaftLogWorker.java:close(237)) - 54deb671-31b1-41db-855f-b4cb6a4dc3be@group-AD809E9A8B6A-SegmentedRaftLogWorker close()
2021-04-26 08:58:02,729 [ForkJoinPool.commonPool-worker-0] INFO  metrics.RatisMetrics (RatisMetrics.java:unregister(43)) - Unregistering Metrics Registry : ratis.log_worker.54deb671-31b1-41db-855f-b4cb6a4dc3be@group-AD809E9A8B6A
2021-04-26 08:58:02,729 [ForkJoinPool.commonPool-worker-0] INFO  metrics.RatisMetrics (RatisMetrics.java:unregister(43)) - Unregistering Metrics Registry : ratis.leader_election.54deb671-31b1-41db-855f-b4cb6a4dc3be@group-AD809E9A8B6A
2021-04-26 08:58:02,730 [ForkJoinPool.commonPool-worker-0] INFO  metrics.RatisMetrics (RatisMetrics.java:unregister(43)) - Unregistering Metrics Registry : ratis.server.54deb671-31b1-41db-855f-b4cb6a4dc3be@group-AD809E9A8B6A
2021-04-26 08:58:02,730 [Listener at 127.0.0.1/35725] INFO  server.GrpcService (GrpcService.java:closeImpl(262)) - 54deb671-31b1-41db-855f-b4cb6a4dc3be: shutdown server with port 33455 now
2021-04-26 08:58:02,741 [Listener at 127.0.0.1/35725] INFO  server.GrpcService (GrpcService.java:closeImpl(271)) - 54deb671-31b1-41db-855f-b4cb6a4dc3be: shutdown server with port 33455 successfully
2021-04-26 08:58:02,741 [org.apache.ratis.util.JvmPauseMonitor$$Lambda$504/221029289@7c480607] INFO  util.JvmPauseMonitor (JvmPauseMonitor.java:run(109)) - JvmPauseMonitor-54deb671-31b1-41db-855f-b4cb6a4dc3be: Stopped
2021-04-26 08:58:02,742 [Listener at 127.0.0.1/35725] INFO  utils.BackgroundService (BackgroundService.java:shutdown(132)) - Shutting down service BlockDeletingService
2021-04-26 08:58:02,742 [Listener at 127.0.0.1/35725] INFO  statemachine.DatanodeStateMachine (DatanodeStateMachine.java:stopDaemon(469)) - Ozone container server stopped.
2021-04-26 08:58:02,751 [Listener at 127.0.0.1/35725] INFO  handler.ContextHandler (ContextHandler.java:doStop(1154)) - Stopped o.e.j.w.WebAppContext@6eba6554{hddsDatanode,/,null,STOPPED}{jar:file:/home/user/.m2/repository/org/apache/hadoop/hadoop-hdds-container-service/1.2.0-SNAPSHOT/hadoop-hdds-container-service-1.2.0-SNAPSHOT.jar!/webapps/hddsDatanode}
2021-04-26 08:58:02,752 [Listener at 127.0.0.1/35725] INFO  server.AbstractConnector (AbstractConnector.java:doStop(381)) - Stopped ServerConnector@4fc11202{HTTP/1.1, (http/1.1)}{0.0.0.0:0}
2021-04-26 08:58:02,752 [Listener at 127.0.0.1/35725] INFO  server.session (HouseKeeper.java:stopScavenging(149)) - node0 Stopped scavenging
2021-04-26 08:58:02,752 [Listener at 127.0.0.1/35725] INFO  handler.ContextHandler (ContextHandler.java:doStop(1154)) - Stopped o.e.j.s.ServletContextHandler@602d7631{static,/static,jar:file:/home/user/.m2/repository/org/apache/hadoop/hadoop-hdds-container-service/1.2.0-SNAPSHOT/hadoop-hdds-container-service-1.2.0-SNAPSHOT.jar!/webapps/static,STOPPED}
2021-04-26 08:58:02,752 [Listener at 127.0.0.1/35725] INFO  handler.ContextHandler (ContextHandler.java:doStop(1154)) - Stopped o.e.j.s.ServletContextHandler@8a99989{logs,/logs,file:///github/workspace/mnt/ozone/hadoop-ozone/integration-test/target/log,STOPPED}
2021-04-26 08:58:02,753 [Listener at 127.0.0.1/35725] INFO  ozone.MiniOzoneClusterImpl (MiniOzoneClusterImpl.java:stopSCM(531)) - Stopping the StorageContainerManager
2021-04-26 08:58:02,753 [Listener at 127.0.0.1/35725] INFO  server.StorageContainerManager (StorageContainerManager.java:stop(1219)) - Stopping Replication Manager Service.
2021-04-26 08:58:02,754 [Listener at 127.0.0.1/35725] INFO  container.ReplicationManager (ReplicationManager.java:stop(267)) - Stopping Replication Monitor Thread.
2021-04-26 08:58:02,754 [Listener at 127.0.0.1/35725] INFO  server.StorageContainerManager (StorageContainerManager.java:stop(1226)) - Stopping the Datanode Admin Monitor.
2021-04-26 08:58:02,754 [Listener at 127.0.0.1/35725] INFO  server.StorageContainerManager (StorageContainerManager.java:stop(1233)) - Stopping Lease Manager of the command watchers
2021-04-26 08:58:02,754 [Listener at 127.0.0.1/35725] INFO  server.StorageContainerManager (StorageContainerManager.java:stop(1240)) - Stopping datanode service RPC server
2021-04-26 08:58:02,754 [Listener at 127.0.0.1/35725] INFO  server.SCMDatanodeProtocolServer (SCMDatanodeProtocolServer.java:stop(374)) - Stopping the RPC server for DataNodes
2021-04-26 08:58:02,754 [Listener at 127.0.0.1/35725] INFO  ipc.Server (Server.java:stop(3403)) - Stopping server on 45849
2021-04-26 08:58:02,762 [IPC Server listener on 0] INFO  ipc.Server (Server.java:run(1366)) - Stopping IPC Server listener on 0
2021-04-26 08:58:02,762 [IPC Server Responder] INFO  ipc.Server (Server.java:run(1502)) - Stopping IPC Server Responder
2021-04-26 08:58:02,842 [SCM Heartbeat Processing Thread - 0] WARN  node.NodeStateManager (NodeStateManager.java:scheduleNextHealthCheck(688)) - Current Thread is interrupted, shutting down HB processing thread for Node Manager.
2021-04-26 08:58:02,843 [Listener at 127.0.0.1/35725] INFO  server.StorageContainerManager (StorageContainerManager.java:stop(1248)) - Stopping block service RPC server
2021-04-26 08:58:02,843 [Listener at 127.0.0.1/35725] INFO  server.SCMBlockProtocolServer (SCMBlockProtocolServer.java:stop(158)) - Stopping the RPC server for Block Protocol
2021-04-26 08:58:02,843 [Listener at 127.0.0.1/35725] INFO  ipc.Server (Server.java:stop(3403)) - Stopping server on 42243
2021-04-26 08:58:02,845 [IPC Server listener on 0] INFO  ipc.Server (Server.java:run(1366)) - Stopping IPC Server listener on 0
2021-04-26 08:58:02,845 [IPC Server Responder] INFO  ipc.Server (Server.java:run(1502)) - Stopping IPC Server Responder
2021-04-26 08:58:02,845 [Listener at 127.0.0.1/35725] INFO  server.StorageContainerManager (StorageContainerManager.java:stop(1255)) - Stopping the StorageContainerLocationProtocol RPC server
2021-04-26 08:58:02,846 [Listener at 127.0.0.1/35725] INFO  server.SCMClientProtocolServer (SCMClientProtocolServer.java:stop(166)) - Stopping the RPC server for Client Protocol
2021-04-26 08:58:02,846 [Listener at 127.0.0.1/35725] INFO  ipc.Server (Server.java:stop(3403)) - Stopping server on 40447
2021-04-26 08:58:02,847 [IPC Server listener on 0] INFO  ipc.Server (Server.java:run(1366)) - Stopping IPC Server listener on 0
2021-04-26 08:58:02,847 [IPC Server Responder] INFO  ipc.Server (Server.java:run(1502)) - Stopping IPC Server Responder
2021-04-26 08:58:02,847 [Listener at 127.0.0.1/35725] INFO  server.StorageContainerManager (StorageContainerManager.java:stop(1262)) - Stopping Storage Container Manager HTTP server.
2021-04-26 08:58:02,848 [Listener at 127.0.0.1/35725] INFO  handler.ContextHandler (ContextHandler.java:doStop(1154)) - Stopped o.e.j.w.WebAppContext@1803d8c2{scm,/,null,STOPPED}{file:/github/workspace/mnt/ozone/hadoop-ozone/integration-test/target/test-classes/webapps/scm}
2021-04-26 08:58:02,849 [Listener at 127.0.0.1/35725] INFO  server.AbstractConnector (AbstractConnector.java:doStop(381)) - Stopped ServerConnector@4a0afaa4{HTTP/1.1, (http/1.1)}{0.0.0.0:0}
2021-04-26 08:58:02,849 [Listener at 127.0.0.1/35725] INFO  server.session (HouseKeeper.java:stopScavenging(149)) - node0 Stopped scavenging
2021-04-26 08:58:02,849 [Listener at 127.0.0.1/35725] INFO  handler.ContextHandler (ContextHandler.java:doStop(1154)) - Stopped o.e.j.s.ServletContextHandler@647f789d{static,/static,file:///github/workspace/mnt/ozone/hadoop-ozone/integration-test/target/test-classes/webapps/static,STOPPED}
2021-04-26 08:58:02,850 [Listener at 127.0.0.1/35725] INFO  handler.ContextHandler (ContextHandler.java:doStop(1154)) - Stopped o.e.j.s.ServletContextHandler@4392d1ad{logs,/logs,file:///github/workspace/mnt/ozone/hadoop-ozone/integration-test/target/log,STOPPED}
2021-04-26 08:58:02,850 [Listener at 127.0.0.1/35725] INFO  server.StorageContainerManager (StorageContainerManager.java:stop(1273)) - Stopping Block Manager Service.
2021-04-26 08:58:02,851 [Listener at 127.0.0.1/35725] INFO  utils.BackgroundService (BackgroundService.java:shutdown(132)) - Shutting down service SCMBlockDeletingService
2021-04-26 08:58:02,854 [Listener at 127.0.0.1/35725] INFO  utils.BackgroundService (BackgroundService.java:shutdown(132)) - Shutting down service SCMBlockDeletingService
2021-04-26 08:58:02,854 [Listener at 127.0.0.1/35725] INFO  server.StorageContainerManager (StorageContainerManager.java:stop(1298)) - Stopping SCM Event Queue.
2021-04-26 08:58:02,855 [Listener at 127.0.0.1/35725] WARN  pipeline.BackgroundPipelineCreator (BackgroundPipelineCreatorV2.java:stop(154)) - RatisPipelineUtilsThread is not running, just ignore.
2021-04-26 08:58:02,856 [Listener at 127.0.0.1/35725] INFO  impl.MetricsSystemImpl (MetricsSystemImpl.java:stop(210)) - Stopping HddsDatanode metrics system...
2021-04-26 08:58:02,863 [prometheus] INFO  impl.MetricsSinkAdapter (MetricsSinkAdapter.java:publishMetricsFromQueue(141)) - prometheus thread interrupted.
2021-04-26 08:58:02,864 [Listener at 127.0.0.1/35725] INFO  impl.MetricsSystemImpl (MetricsSystemImpl.java:stop(216)) - HddsDatanode metrics system stopped.
]]></system-out>
    <system-err><![CDATA[Apr 26, 2021 8:57:25 AM org.apache.ratis.thirdparty.io.grpc.internal.ManagedChannelOrphanWrapper$ManagedChannelReference cleanQueue
SEVERE: *~*~*~ Channel ManagedChannelImpl{logId=521, target=172.17.0.2:35333} was not shutdown properly!!! ~*~*~*
    Make sure to call shutdown()/shutdownNow() and wait until awaitTermination() returns true.
java.lang.RuntimeException: ManagedChannel allocation site
	at org.apache.ratis.thirdparty.io.grpc.internal.ManagedChannelOrphanWrapper$ManagedChannelReference.<init>(ManagedChannelOrphanWrapper.java:93)
	at org.apache.ratis.thirdparty.io.grpc.internal.ManagedChannelOrphanWrapper.<init>(ManagedChannelOrphanWrapper.java:53)
	at org.apache.ratis.thirdparty.io.grpc.internal.ManagedChannelOrphanWrapper.<init>(ManagedChannelOrphanWrapper.java:44)
	at org.apache.ratis.thirdparty.io.grpc.internal.ManagedChannelImplBuilder.build(ManagedChannelImplBuilder.java:596)
	at org.apache.ratis.thirdparty.io.grpc.ForwardingChannelBuilder.build(ForwardingChannelBuilder.java:255)
	at org.apache.ratis.grpc.client.GrpcClientProtocolClient.buildChannel(GrpcClientProtocolClient.java:159)
	at org.apache.ratis.grpc.client.GrpcClientProtocolClient.<init>(GrpcClientProtocolClient.java:110)
	at org.apache.ratis.grpc.client.GrpcClientRpc.lambda$new$0(GrpcClientRpc.java:57)
	at org.apache.ratis.util.PeerProxyMap$PeerAndProxy.lambda$getProxy$0(PeerProxyMap.java:63)
	at org.apache.ratis.util.LifeCycle.startAndTransition(LifeCycle.java:270)
	at org.apache.ratis.util.PeerProxyMap$PeerAndProxy.getProxy(PeerProxyMap.java:62)
	at org.apache.ratis.util.PeerProxyMap.getProxy(PeerProxyMap.java:114)
	at org.apache.ratis.grpc.client.GrpcClientRpc.sendRequestAsyncUnordered(GrpcClientRpc.java:79)
	at org.apache.ratis.client.impl.UnorderedAsync.sendRequestWithRetry(UnorderedAsync.java:77)
	at org.apache.ratis.client.impl.UnorderedAsync.lambda$null$2(UnorderedAsync.java:125)
	at org.apache.ratis.util.TimeoutScheduler.lambda$onTimeout$0(TimeoutScheduler.java:141)
	at org.apache.ratis.util.TimeoutScheduler.lambda$onTimeout$1(TimeoutScheduler.java:155)
	at org.apache.ratis.util.LogUtils.runAndLog(LogUtils.java:38)
	at org.apache.ratis.util.LogUtils$1.run(LogUtils.java:79)
	at java.util.concurrent.Executors$RunnableAdapter.call(Executors.java:511)
	at java.util.concurrent.FutureTask.run(FutureTask.java:266)
	at java.util.concurrent.ScheduledThreadPoolExecutor$ScheduledFutureTask.access$201(ScheduledThreadPoolExecutor.java:180)
	at java.util.concurrent.ScheduledThreadPoolExecutor$ScheduledFutureTask.run(ScheduledThreadPoolExecutor.java:293)
	at java.util.concurrent.ThreadPoolExecutor.runWorker(ThreadPoolExecutor.java:1149)
	at java.util.concurrent.ThreadPoolExecutor$Worker.run(ThreadPoolExecutor.java:624)
	at java.lang.Thread.run(Thread.java:748)

]]></system-err>
  </testcase>
  <testcase name="test2WayCommitForTimeoutException" classname="org.apache.hadoop.ozone.client.rpc.TestWatchForCommit" time="42.322"/>
</testsuite>